{"GrantedAccess":"0x1000","@timestamp":"2020-11-02T04:39:11.160Z","TimeCreated":"2020-11-02T04:39:11.160Z","SourceThreadId":"8348","SourceImage":"C:\\windows\\system32\\svchost.exe","ProviderGuid":"{5770385f-c22a-43e0-bf4c-06f5698ffbd9}","CallTrace":"C:\\windows\\SYSTEM32\\ntdll.dll+9c584|C:\\windows\\System32\\KERNELBASE.dll+6af15|c:\\windows\\system32\\lsm.dll+111b6|C:\\windows\\System32\\RPCRT4.dll+76a63|C:\\windows\\System32\\RPCRT4.dll+da036|C:\\windows\\System32\\RPCRT4.dll+37b7c|C:\\windows\\System32\\RPCRT4.dll+549f8|C:\\windows\\System32\\RPCRT4.dll+2c9b1|C:\\windows\\System32\\RPCRT4.dll+2c26b|C:\\windows\\System32\\RPCRT4.dll+1a8cf|C:\\windows\\System32\\RPCRT4.dll+19d7a|C:\\windows\\System32\\RPCRT4.dll+19361|C:\\windows\\System32\\RPCRT4.dll+18dce|C:\\windows\\System32\\RPCRT4.dll+16a05|C:\\windows\\SYSTEM32\\ntdll.dll+333ed|C:\\windows\\SYSTEM32\\ntdll.dll+34142|C:\\windows\\System32\\KERNEL32.DLL+17c24|C:\\windows\\SYSTEM32\\ntdll.dll+6cea1","UtcTime":"2020-11-02 21:39:11.155","TargetProcessGUID":"{39e4a257-f138-5f8b-5300-000000000700}","SourceProcessId":"404","Level":"4","Channel":"Microsoft-Windows-Sysmon/Operational","Task":"10","RuleName":"-","SourceName":"Microsoft-Windows-Sysmon","Hostname":"WORKSTATION5","SourceProcessGUID":"{39e4a257-f132-5f8b-1200-000000000700}","TargetProcessId":"3352","EventID":10,"Keywords":"0x8000000000000000","TargetImage":"C:\\windows\\Sysmon.exe","Message":"Process accessed:\r\nRuleName: -\r\nUtcTime: 2020-11-02 21:39:11.155\r\nSourceProcessGUID: {39e4a257-f132-5f8b-1200-000000000700}\r\nSourceProcessId: 404\r\nSourceThreadId: 8348\r\nSourceImage: C:\\windows\\system32\\svchost.exe\r\nTargetProcessGUID: {39e4a257-f138-5f8b-5300-000000000700}\r\nTargetProcessId: 3352\r\nTargetImage: C:\\windows\\Sysmon.exe\r\nGrantedAccess: 0x1000\r\nCallTrace: C:\\windows\\SYSTEM32\\ntdll.dll+9c584|C:\\windows\\System32\\KERNELBASE.dll+6af15|c:\\windows\\system32\\lsm.dll+111b6|C:\\windows\\System32\\RPCRT4.dll+76a63|C:\\windows\\System32\\RPCRT4.dll+da036|C:\\windows\\System32\\RPCRT4.dll+37b7c|C:\\windows\\System32\\RPCRT4.dll+549f8|C:\\windows\\System32\\RPCRT4.dll+2c9b1|C:\\windows\\System32\\RPCRT4.dll+2c26b|C:\\windows\\System32\\RPCRT4.dll+1a8cf|C:\\windows\\System32\\RPCRT4.dll+19d7a|C:\\windows\\System32\\RPCRT4.dll+19361|C:\\windows\\System32\\RPCRT4.dll+18dce|C:\\windows\\System32\\RPCRT4.dll+16a05|C:\\windows\\SYSTEM32\\ntdll.dll+333ed|C:\\windows\\SYSTEM32\\ntdll.dll+34142|C:\\windows\\System32\\KERNEL32.DLL+17c24|C:\\windows\\SYSTEM32\\ntdll.dll+6cea1"}
{"@timestamp":"2020-11-02T04:39:11.161Z","TimeCreated":"2020-11-02T04:39:11.161Z","Archived":"true","Hashes":"SHA1=DA39A3EE5E6B4B0D3255BFEF95601890AFD80709,MD5=D41D8CD98F00B204E9800998ECF8427E,SHA256=E3B0C44298FC1C149AFBF4C8996FB92427AE41E4649B934CA495991B7852B855,IMPHASH=00000000000000000000000000000000","ProviderGuid":"{5770385f-c22a-43e0-bf4c-06f5698ffbd9}","Session":"2","UtcTime":"2020-11-02 21:39:11.155","ProcessGuid":"{39e4a257-7a5f-5fa0-b74c-000000000700}","Image":"C:\\Windows\\System32\\cmd.exe","Level":"4","Channel":"Microsoft-Windows-Sysmon/Operational","Task":"24","RuleName":"-","ClientInfo":"user: WORKSTATION5\\wardog hostname: robertos-mbp","SourceName":"Microsoft-Windows-Sysmon","Hostname":"WORKSTATION5","ProcessId":"12360","EventID":24,"Keywords":"0x8000000000000000","Message":"Clipboard changed:\r\nRuleName: -\r\nUtcTime: 2020-11-02 21:39:11.155\r\nProcessGuid: {39e4a257-7a5f-5fa0-b74c-000000000700}\r\nProcessId: 12360\r\nImage: C:\\Windows\\System32\\cmd.exe\r\nSession: 2\r\nClientInfo: user: WORKSTATION5\\wardog hostname: robertos-mbp\r\nHashes: SHA1=DA39A3EE5E6B4B0D3255BFEF95601890AFD80709,MD5=D41D8CD98F00B204E9800998ECF8427E,SHA256=E3B0C44298FC1C149AFBF4C8996FB92427AE41E4649B934CA495991B7852B855,IMPHASH=00000000000000000000000000000000\r\nArchived: true"}
{"GrantedAccess":"0x1000","@timestamp":"2020-11-02T04:39:11.369Z","TimeCreated":"2020-11-02T04:39:11.369Z","SourceThreadId":"14256","SourceImage":"C:\\windows\\system32\\svchost.exe","ProviderGuid":"{5770385f-c22a-43e0-bf4c-06f5698ffbd9}","CallTrace":"C:\\windows\\SYSTEM32\\ntdll.dll+9c584|C:\\windows\\System32\\KERNELBASE.dll+305fe|c:\\windows\\system32\\cbdhsvc.dll+b5270|c:\\windows\\system32\\cbdhsvc.dll+1f138|c:\\windows\\system32\\cbdhsvc.dll+1ea7e|c:\\windows\\system32\\cbdhsvc.dll+1f872|c:\\windows\\system32\\cbdhsvc.dll+4139a|c:\\windows\\system32\\cbdhsvc.dll+3f157|c:\\windows\\system32\\cbdhsvc.dll+3e6b6|C:\\windows\\System32\\shcore.dll+c540|C:\\windows\\System32\\shcore.dll+c1c8|C:\\windows\\System32\\shcore.dll+ac61|C:\\windows\\System32\\KERNEL32.DLL+17c24|C:\\windows\\SYSTEM32\\ntdll.dll+6cea1","UtcTime":"2020-11-02 21:39:11.363","TargetProcessGUID":"{39e4a257-7a5f-5fa0-b74c-000000000700}","SourceProcessId":"2604","Level":"4","Channel":"Microsoft-Windows-Sysmon/Operational","Task":"10","RuleName":"-","SourceName":"Microsoft-Windows-Sysmon","Hostname":"WORKSTATION5","SourceProcessGUID":"{39e4a257-f1b4-5f8b-a900-000000000700}","TargetProcessId":"12360","EventID":10,"Keywords":"0x8000000000000000","TargetImage":"C:\\windows\\system32\\cmd.exe","Message":"Process accessed:\r\nRuleName: -\r\nUtcTime: 2020-11-02 21:39:11.363\r\nSourceProcessGUID: {39e4a257-f1b4-5f8b-a900-000000000700}\r\nSourceProcessId: 2604\r\nSourceThreadId: 14256\r\nSourceImage: C:\\windows\\system32\\svchost.exe\r\nTargetProcessGUID: {39e4a257-7a5f-5fa0-b74c-000000000700}\r\nTargetProcessId: 12360\r\nTargetImage: C:\\windows\\system32\\cmd.exe\r\nGrantedAccess: 0x1000\r\nCallTrace: C:\\windows\\SYSTEM32\\ntdll.dll+9c584|C:\\windows\\System32\\KERNELBASE.dll+305fe|c:\\windows\\system32\\cbdhsvc.dll+b5270|c:\\windows\\system32\\cbdhsvc.dll+1f138|c:\\windows\\system32\\cbdhsvc.dll+1ea7e|c:\\windows\\system32\\cbdhsvc.dll+1f872|c:\\windows\\system32\\cbdhsvc.dll+4139a|c:\\windows\\system32\\cbdhsvc.dll+3f157|c:\\windows\\system32\\cbdhsvc.dll+3e6b6|C:\\windows\\System32\\shcore.dll+c540|C:\\windows\\System32\\shcore.dll+c1c8|C:\\windows\\System32\\shcore.dll+ac61|C:\\windows\\System32\\KERNEL32.DLL+17c24|C:\\windows\\SYSTEM32\\ntdll.dll+6cea1"}
{"GrantedAccess":"0x1000","@timestamp":"2020-11-02T04:39:11.369Z","TimeCreated":"2020-11-02T04:39:11.369Z","SourceThreadId":"11192","SourceImage":"C:\\windows\\system32\\svchost.exe","ProviderGuid":"{5770385f-c22a-43e0-bf4c-06f5698ffbd9}","CallTrace":"C:\\windows\\SYSTEM32\\ntdll.dll+9c584|C:\\windows\\System32\\KERNELBASE.dll+305fe|c:\\windows\\system32\\cbdhsvc.dll+2049d|C:\\windows\\System32\\shcore.dll+c540|C:\\windows\\System32\\shcore.dll+c1c8|C:\\windows\\System32\\shcore.dll+ac61|C:\\windows\\System32\\KERNEL32.DLL+17c24|C:\\windows\\SYSTEM32\\ntdll.dll+6cea1","UtcTime":"2020-11-02 21:39:11.363","TargetProcessGUID":"{39e4a257-7a5f-5fa0-b74c-000000000700}","SourceProcessId":"2604","Level":"4","Channel":"Microsoft-Windows-Sysmon/Operational","Task":"10","RuleName":"-","SourceName":"Microsoft-Windows-Sysmon","Hostname":"WORKSTATION5","SourceProcessGUID":"{39e4a257-f1b4-5f8b-a900-000000000700}","TargetProcessId":"12360","EventID":10,"Keywords":"0x8000000000000000","TargetImage":"C:\\windows\\system32\\cmd.exe","Message":"Process accessed:\r\nRuleName: -\r\nUtcTime: 2020-11-02 21:39:11.363\r\nSourceProcessGUID: {39e4a257-f1b4-5f8b-a900-000000000700}\r\nSourceProcessId: 2604\r\nSourceThreadId: 11192\r\nSourceImage: C:\\windows\\system32\\svchost.exe\r\nTargetProcessGUID: {39e4a257-7a5f-5fa0-b74c-000000000700}\r\nTargetProcessId: 12360\r\nTargetImage: C:\\windows\\system32\\cmd.exe\r\nGrantedAccess: 0x1000\r\nCallTrace: C:\\windows\\SYSTEM32\\ntdll.dll+9c584|C:\\windows\\System32\\KERNELBASE.dll+305fe|c:\\windows\\system32\\cbdhsvc.dll+2049d|C:\\windows\\System32\\shcore.dll+c540|C:\\windows\\System32\\shcore.dll+c1c8|C:\\windows\\System32\\shcore.dll+ac61|C:\\windows\\System32\\KERNEL32.DLL+17c24|C:\\windows\\SYSTEM32\\ntdll.dll+6cea1"}
{"GrantedAccess":"0x1000","@timestamp":"2020-11-02T04:39:11.370Z","TimeCreated":"2020-11-02T04:39:11.370Z","SourceThreadId":"11192","SourceImage":"C:\\windows\\system32\\svchost.exe","ProviderGuid":"{5770385f-c22a-43e0-bf4c-06f5698ffbd9}","CallTrace":"C:\\windows\\SYSTEM32\\ntdll.dll+9c584|C:\\windows\\System32\\KERNELBASE.dll+305fe|C:\\Windows\\System32\\appresolver.dll+221c5|C:\\Windows\\System32\\appresolver.dll+1edcc|c:\\windows\\system32\\cbdhsvc.dll+205a4|C:\\windows\\System32\\shcore.dll+c540|C:\\windows\\System32\\shcore.dll+c1c8|C:\\windows\\System32\\shcore.dll+ac61|C:\\windows\\System32\\KERNEL32.DLL+17c24|C:\\windows\\SYSTEM32\\ntdll.dll+6cea1","UtcTime":"2020-11-02 21:39:11.363","TargetProcessGUID":"{39e4a257-7a5f-5fa0-b74c-000000000700}","SourceProcessId":"2604","Level":"4","Channel":"Microsoft-Windows-Sysmon/Operational","Task":"10","RuleName":"-","SourceName":"Microsoft-Windows-Sysmon","Hostname":"WORKSTATION5","SourceProcessGUID":"{39e4a257-f1b4-5f8b-a900-000000000700}","TargetProcessId":"12360","EventID":10,"Keywords":"0x8000000000000000","TargetImage":"C:\\windows\\system32\\cmd.exe","Message":"Process accessed:\r\nRuleName: -\r\nUtcTime: 2020-11-02 21:39:11.363\r\nSourceProcessGUID: {39e4a257-f1b4-5f8b-a900-000000000700}\r\nSourceProcessId: 2604\r\nSourceThreadId: 11192\r\nSourceImage: C:\\windows\\system32\\svchost.exe\r\nTargetProcessGUID: {39e4a257-7a5f-5fa0-b74c-000000000700}\r\nTargetProcessId: 12360\r\nTargetImage: C:\\windows\\system32\\cmd.exe\r\nGrantedAccess: 0x1000\r\nCallTrace: C:\\windows\\SYSTEM32\\ntdll.dll+9c584|C:\\windows\\System32\\KERNELBASE.dll+305fe|C:\\Windows\\System32\\appresolver.dll+221c5|C:\\Windows\\System32\\appresolver.dll+1edcc|c:\\windows\\system32\\cbdhsvc.dll+205a4|C:\\windows\\System32\\shcore.dll+c540|C:\\windows\\System32\\shcore.dll+c1c8|C:\\windows\\System32\\shcore.dll+ac61|C:\\windows\\System32\\KERNEL32.DLL+17c24|C:\\windows\\SYSTEM32\\ntdll.dll+6cea1"}
{"GrantedAccess":"0x1400","@timestamp":"2020-11-02T04:39:11.370Z","TimeCreated":"2020-11-02T04:39:11.370Z","SourceThreadId":"11192","SourceImage":"C:\\windows\\system32\\svchost.exe","ProviderGuid":"{5770385f-c22a-43e0-bf4c-06f5698ffbd9}","CallTrace":"C:\\windows\\SYSTEM32\\ntdll.dll+9c584|C:\\windows\\System32\\KERNELBASE.dll+305fe|C:\\Windows\\System32\\appresolver.dll+1c4d6|C:\\Windows\\System32\\appresolver.dll+22383|C:\\Windows\\System32\\appresolver.dll+1edcc|c:\\windows\\system32\\cbdhsvc.dll+205a4|C:\\windows\\System32\\shcore.dll+c540|C:\\windows\\System32\\shcore.dll+c1c8|C:\\windows\\System32\\shcore.dll+ac61|C:\\windows\\System32\\KERNEL32.DLL+17c24|C:\\windows\\SYSTEM32\\ntdll.dll+6cea1","UtcTime":"2020-11-02 21:39:11.363","TargetProcessGUID":"{39e4a257-7a5f-5fa0-b74c-000000000700}","SourceProcessId":"2604","Level":"4","Channel":"Microsoft-Windows-Sysmon/Operational","Task":"10","RuleName":"-","SourceName":"Microsoft-Windows-Sysmon","Hostname":"WORKSTATION5","SourceProcessGUID":"{39e4a257-f1b4-5f8b-a900-000000000700}","TargetProcessId":"12360","EventID":10,"Keywords":"0x8000000000000000","TargetImage":"C:\\windows\\system32\\cmd.exe","Message":"Process accessed:\r\nRuleName: -\r\nUtcTime: 2020-11-02 21:39:11.363\r\nSourceProcessGUID: {39e4a257-f1b4-5f8b-a900-000000000700}\r\nSourceProcessId: 2604\r\nSourceThreadId: 11192\r\nSourceImage: C:\\windows\\system32\\svchost.exe\r\nTargetProcessGUID: {39e4a257-7a5f-5fa0-b74c-000000000700}\r\nTargetProcessId: 12360\r\nTargetImage: C:\\windows\\system32\\cmd.exe\r\nGrantedAccess: 0x1400\r\nCallTrace: C:\\windows\\SYSTEM32\\ntdll.dll+9c584|C:\\windows\\System32\\KERNELBASE.dll+305fe|C:\\Windows\\System32\\appresolver.dll+1c4d6|C:\\Windows\\System32\\appresolver.dll+22383|C:\\Windows\\System32\\appresolver.dll+1edcc|c:\\windows\\system32\\cbdhsvc.dll+205a4|C:\\windows\\System32\\shcore.dll+c540|C:\\windows\\System32\\shcore.dll+c1c8|C:\\windows\\System32\\shcore.dll+ac61|C:\\windows\\System32\\KERNEL32.DLL+17c24|C:\\windows\\SYSTEM32\\ntdll.dll+6cea1"}
{"GrantedAccess":"0x1000","@timestamp":"2020-11-02T04:39:11.373Z","TimeCreated":"2020-11-02T04:39:11.373Z","SourceThreadId":"4736","SourceImage":"C:\\windows\\system32\\svchost.exe","ProviderGuid":"{5770385f-c22a-43e0-bf4c-06f5698ffbd9}","CallTrace":"C:\\windows\\SYSTEM32\\ntdll.dll+9d154|C:\\windows\\System32\\RPCRT4.dll+2d354|C:\\windows\\System32\\combase.dll+b855b|c:\\windows\\system32\\windows.staterepository.dll+223f5|c:\\windows\\system32\\windows.staterepository.dll+29f20|C:\\windows\\System32\\RPCRT4.dll+76a63|C:\\windows\\System32\\RPCRT4.dll+da036|C:\\windows\\System32\\RPCRT4.dll+383b9|C:\\windows\\System32\\combase.dll+a5d13|C:\\windows\\System32\\RPCRT4.dll+59bab|C:\\windows\\System32\\combase.dll+8d0e3|C:\\windows\\System32\\combase.dll+8ced3|C:\\windows\\System32\\combase.dll+a9556|C:\\windows\\System32\\combase.dll+8a4fa|C:\\windows\\System32\\combase.dll+a47ed|C:\\windows\\System32\\combase.dll+401ac|C:\\windows\\System32\\combase.dll+40a11|C:\\windows\\System32\\combase.dll+421b8|C:\\windows\\System32\\RPCRT4.dll+549f8|C:\\windows\\System32\\RPCRT4.dll+2c9b1|C:\\windows\\System32\\RPCRT4.dll+2c500|C:\\windows\\System32\\RPCRT4.dll+1a71f|C:\\windows\\System32\\RPCRT4.dll+19d7a|C:\\windows\\System32\\RPCRT4.dll+19361","UtcTime":"2020-11-02 21:39:11.363","TargetProcessGUID":"{39e4a257-f1b4-5f8b-a900-000000000700}","SourceProcessId":"2072","Level":"4","Channel":"Microsoft-Windows-Sysmon/Operational","Task":"10","RuleName":"-","SourceName":"Microsoft-Windows-Sysmon","Hostname":"WORKSTATION5","SourceProcessGUID":"{39e4a257-f1ad-5f8b-9500-000000000700}","TargetProcessId":"2604","EventID":10,"Keywords":"0x8000000000000000","TargetImage":"C:\\windows\\system32\\svchost.exe","Message":"Process accessed:\r\nRuleName: -\r\nUtcTime: 2020-11-02 21:39:11.363\r\nSourceProcessGUID: {39e4a257-f1ad-5f8b-9500-000000000700}\r\nSourceProcessId: 2072\r\nSourceThreadId: 4736\r\nSourceImage: C:\\windows\\system32\\svchost.exe\r\nTargetProcessGUID: {39e4a257-f1b4-5f8b-a900-000000000700}\r\nTargetProcessId: 2604\r\nTargetImage: C:\\windows\\system32\\svchost.exe\r\nGrantedAccess: 0x1000\r\nCallTrace: C:\\windows\\SYSTEM32\\ntdll.dll+9d154|C:\\windows\\System32\\RPCRT4.dll+2d354|C:\\windows\\System32\\combase.dll+b855b|c:\\windows\\system32\\windows.staterepository.dll+223f5|c:\\windows\\system32\\windows.staterepository.dll+29f20|C:\\windows\\System32\\RPCRT4.dll+76a63|C:\\windows\\System32\\RPCRT4.dll+da036|C:\\windows\\System32\\RPCRT4.dll+383b9|C:\\windows\\System32\\combase.dll+a5d13|C:\\windows\\System32\\RPCRT4.dll+59bab|C:\\windows\\System32\\combase.dll+8d0e3|C:\\windows\\System32\\combase.dll+8ced3|C:\\windows\\System32\\combase.dll+a9556|C:\\windows\\System32\\combase.dll+8a4fa|C:\\windows\\System32\\combase.dll+a47ed|C:\\windows\\System32\\combase.dll+401ac|C:\\windows\\System32\\combase.dll+40a11|C:\\windows\\System32\\combase.dll+421b8|C:\\windows\\System32\\RPCRT4.dll+549f8|C:\\windows\\System32\\RPCRT4.dll+2c9b1|C:\\windows\\System32\\RPCRT4.dll+2c500|C:\\windows\\System32\\RPCRT4.dll+1a71f|C:\\windows\\System32\\RPCRT4.dll+19d7a|C:\\windows\\System32\\RPCRT4.dll+19361"}
{"GrantedAccess":"0x1000","@timestamp":"2020-11-02T04:39:11.374Z","TimeCreated":"2020-11-02T04:39:11.374Z","SourceThreadId":"14256","SourceImage":"C:\\windows\\system32\\svchost.exe","ProviderGuid":"{5770385f-c22a-43e0-bf4c-06f5698ffbd9}","CallTrace":"C:\\windows\\SYSTEM32\\ntdll.dll+9c584|C:\\windows\\System32\\KERNELBASE.dll+305fe|c:\\windows\\system32\\cbdhsvc.dll+1f662|c:\\windows\\system32\\cbdhsvc.dll+1f2c6|c:\\windows\\system32\\cbdhsvc.dll+1ef1e|c:\\windows\\system32\\cbdhsvc.dll+1eb89|c:\\windows\\system32\\cbdhsvc.dll+1f872|c:\\windows\\system32\\cbdhsvc.dll+4139a|c:\\windows\\system32\\cbdhsvc.dll+3f157|c:\\windows\\system32\\cbdhsvc.dll+3e6b6|C:\\windows\\System32\\shcore.dll+c540|C:\\windows\\System32\\shcore.dll+c1c8|C:\\windows\\System32\\shcore.dll+ac61|C:\\windows\\System32\\KERNEL32.DLL+17c24|C:\\windows\\SYSTEM32\\ntdll.dll+6cea1","UtcTime":"2020-11-02 21:39:11.363","TargetProcessGUID":"{39e4a257-7a5f-5fa0-b74c-000000000700}","SourceProcessId":"2604","Level":"4","Channel":"Microsoft-Windows-Sysmon/Operational","Task":"10","RuleName":"-","SourceName":"Microsoft-Windows-Sysmon","Hostname":"WORKSTATION5","SourceProcessGUID":"{39e4a257-f1b4-5f8b-a900-000000000700}","TargetProcessId":"12360","EventID":10,"Keywords":"0x8000000000000000","TargetImage":"C:\\windows\\system32\\cmd.exe","Message":"Process accessed:\r\nRuleName: -\r\nUtcTime: 2020-11-02 21:39:11.363\r\nSourceProcessGUID: {39e4a257-f1b4-5f8b-a900-000000000700}\r\nSourceProcessId: 2604\r\nSourceThreadId: 14256\r\nSourceImage: C:\\windows\\system32\\svchost.exe\r\nTargetProcessGUID: {39e4a257-7a5f-5fa0-b74c-000000000700}\r\nTargetProcessId: 12360\r\nTargetImage: C:\\windows\\system32\\cmd.exe\r\nGrantedAccess: 0x1000\r\nCallTrace: C:\\windows\\SYSTEM32\\ntdll.dll+9c584|C:\\windows\\System32\\KERNELBASE.dll+305fe|c:\\windows\\system32\\cbdhsvc.dll+1f662|c:\\windows\\system32\\cbdhsvc.dll+1f2c6|c:\\windows\\system32\\cbdhsvc.dll+1ef1e|c:\\windows\\system32\\cbdhsvc.dll+1eb89|c:\\windows\\system32\\cbdhsvc.dll+1f872|c:\\windows\\system32\\cbdhsvc.dll+4139a|c:\\windows\\system32\\cbdhsvc.dll+3f157|c:\\windows\\system32\\cbdhsvc.dll+3e6b6|C:\\windows\\System32\\shcore.dll+c540|C:\\windows\\System32\\shcore.dll+c1c8|C:\\windows\\System32\\shcore.dll+ac61|C:\\windows\\System32\\KERNEL32.DLL+17c24|C:\\windows\\SYSTEM32\\ntdll.dll+6cea1"}
{"@timestamp":"2020-11-02T04:39:11.384Z","TimeCreated":"2020-11-02T04:39:11.384Z","ProviderGuid":"{5770385f-c22a-43e0-bf4c-06f5698ffbd9}","UtcTime":"2020-11-02 21:39:11.379","ProcessGuid":"{39e4a257-f1b3-5f8b-a700-000000000700}","Image":"C:\\windows\\Explorer.EXE","Level":"4","Channel":"Microsoft-Windows-Sysmon/Operational","Task":"13","RuleName":"-","SourceName":"Microsoft-Windows-Sysmon","Hostname":"WORKSTATION5","Details":"Binary Data","ProcessId":"1072","EventType":"SetValue","EventID":13,"Keywords":"0x8000000000000000","TargetObject":"HKU\\S-1-5-21-3940915590-64593676-1414006259-500\\Software\\Microsoft\\Windows\\CurrentVersion\\ActivityDataModel\\ReaderRevisionInfo\\A972977C-95EC-9F21-DCC4-595CA3A0E033","Message":"Registry value set:\r\nRuleName: -\r\nEventType: SetValue\r\nUtcTime: 2020-11-02 21:39:11.379\r\nProcessGuid: {39e4a257-f1b3-5f8b-a700-000000000700}\r\nProcessId: 1072\r\nImage: C:\\windows\\Explorer.EXE\r\nTargetObject: HKU\\S-1-5-21-3940915590-64593676-1414006259-500\\Software\\Microsoft\\Windows\\CurrentVersion\\ActivityDataModel\\ReaderRevisionInfo\\A972977C-95EC-9F21-DCC4-595CA3A0E033\r\nDetails: Binary Data"}
{"@timestamp":"2020-11-02T04:39:11.670Z","TimeCreated":"2020-11-02T04:39:11.670Z","Hashes":"SHA1=A330EDE32DFA03AE6808EE7FB6916D8DEB8F5DDE,MD5=A094E2B38D3DD864B07580D243CB6E43,SHA256=C441E19D20961D4E990E117A300ED318BEDBF2F8BA0FF07BEE7832AC502CDDF2,IMPHASH=CE4BD072766253F6A267D0284CA82002","Signature":"Microsoft Windows","ProviderGuid":"{5770385f-c22a-43e0-bf4c-06f5698ffbd9}","Company":"Microsoft Corporation","UtcTime":"2020-11-02 21:39:11.660","ProcessGuid":"{39e4a257-7a5f-5fa0-b74c-000000000700}","Image":"C:\\Windows\\System32\\cmd.exe","ImageLoaded":"C:\\Windows\\System32\\sechost.dll","Level":"4","Channel":"Microsoft-Windows-Sysmon/Operational","Task":"7","RuleName":"-","FileVersion":"10.0.18362.959 (WinBuild.160101.0800)","SourceName":"Microsoft-Windows-Sysmon","Hostname":"WORKSTATION5","ProcessId":"12360","Description":"Host for SCM/SDDL/LSA Lookup APIs","SignatureStatus":"Valid","Product":"Microsoft Windows Operating System","EventID":7,"Keywords":"0x8000000000000000","Signed":"true","OriginalFileName":"sechost.dll","Message":"Image loaded:\r\nRuleName: -\r\nUtcTime: 2020-11-02 21:39:11.660\r\nProcessGuid: {39e4a257-7a5f-5fa0-b74c-000000000700}\r\nProcessId: 12360\r\nImage: C:\\Windows\\System32\\cmd.exe\r\nImageLoaded: C:\\Windows\\System32\\sechost.dll\r\nFileVersion: 10.0.18362.959 (WinBuild.160101.0800)\r\nDescription: Host for SCM/SDDL/LSA Lookup APIs\r\nProduct: Microsoft Windows Operating System\r\nCompany: Microsoft Corporation\r\nOriginalFileName: sechost.dll\r\nHashes: SHA1=A330EDE32DFA03AE6808EE7FB6916D8DEB8F5DDE,MD5=A094E2B38D3DD864B07580D243CB6E43,SHA256=C441E19D20961D4E990E117A300ED318BEDBF2F8BA0FF07BEE7832AC502CDDF2,IMPHASH=CE4BD072766253F6A267D0284CA82002\r\nSigned: true\r\nSignature: Microsoft Windows\r\nSignatureStatus: Valid"}
{"Keywords":"0x8000000000000000","Task":"1","Description":"Seatbelt","CommandLine":"Seatbelt.exe  -group=user","TimeCreated":"2020-11-02T04:39:11.681Z","Product":"Seatbelt","Company":"-","OriginalFileName":"Seatbelt.exe","User":"WORKSTATION5\\wardog","ParentProcessId":"12360","SourceName":"Microsoft-Windows-Sysmon","IntegrityLevel":"High","ProcessGuid":"{39e4a257-7c7f-5fa0-c34c-000000000700}","CurrentDirectory":"C:\\Users\\wardog\\Desktop\\","Hashes":"SHA1=A676B7C4561AED013E783C195D5E2707C83F8086,MD5=09BE4FBE48F2405C6C33D6697AFBEDDE,SHA256=0F8A8AFA346B03AA4AC926CC55368EE8A131E0958FD67D8E32B4A708A12CA78A,IMPHASH=F34D5F2D4577ED6D9CEEC516C1F5A744","UtcTime":"2020-11-02 21:39:11.671","ParentCommandLine":"\"C:\\windows\\system32\\cmd.exe\" ","TerminalSessionId":"2","ProcessId":"12036","ParentImage":"C:\\Windows\\System32\\cmd.exe","FileVersion":"1.0.0.0","ParentProcessGuid":"{39e4a257-7a5f-5fa0-b74c-000000000700}","@timestamp":"2020-11-02T04:39:11.681Z","LogonGuid":"{39e4a257-f1ac-5f8b-d961-0c0000000000}","Image":"C:\\Users\\wardog\\Desktop\\Seatbelt.exe","Hostname":"WORKSTATION5","LogonId":"0xc61d9","Level":"4","EventID":1,"ProviderGuid":"{5770385f-c22a-43e0-bf4c-06f5698ffbd9}","RuleName":"-","Message":"Process Create:\r\nRuleName: -\r\nUtcTime: 2020-11-02 21:39:11.671\r\nProcessGuid: {39e4a257-7c7f-5fa0-c34c-000000000700}\r\nProcessId: 12036\r\nImage: C:\\Users\\wardog\\Desktop\\Seatbelt.exe\r\nFileVersion: 1.0.0.0\r\nDescription: Seatbelt\r\nProduct: Seatbelt\r\nCompany: -\r\nOriginalFileName: Seatbelt.exe\r\nCommandLine: Seatbelt.exe  -group=user\r\nCurrentDirectory: C:\\Users\\wardog\\Desktop\\\r\nUser: WORKSTATION5\\wardog\r\nLogonGuid: {39e4a257-f1ac-5f8b-d961-0c0000000000}\r\nLogonId: 0xC61D9\r\nTerminalSessionId: 2\r\nIntegrityLevel: High\r\nHashes: SHA1=A676B7C4561AED013E783C195D5E2707C83F8086,MD5=09BE4FBE48F2405C6C33D6697AFBEDDE,SHA256=0F8A8AFA346B03AA4AC926CC55368EE8A131E0958FD67D8E32B4A708A12CA78A,IMPHASH=F34D5F2D4577ED6D9CEEC516C1F5A744\r\nParentProcessGuid: {39e4a257-7a5f-5fa0-b74c-000000000700}\r\nParentProcessId: 12360\r\nParentImage: C:\\Windows\\System32\\cmd.exe\r\nParentCommandLine: \"C:\\windows\\system32\\cmd.exe\" ","Channel":"Microsoft-Windows-Sysmon/Operational"}
{"GrantedAccess":"0x1fffff","@timestamp":"2020-11-02T04:39:11.681Z","TimeCreated":"2020-11-02T04:39:11.681Z","SourceThreadId":"4672","SourceImage":"C:\\windows\\system32\\cmd.exe","ProviderGuid":"{5770385f-c22a-43e0-bf4c-06f5698ffbd9}","CallTrace":"C:\\windows\\SYSTEM32\\ntdll.dll+9d934|C:\\windows\\System32\\KERNELBASE.dll+59e1a|C:\\windows\\System32\\KERNELBASE.dll+567b6|C:\\windows\\System32\\KERNEL32.DLL+1bee3|C:\\windows\\system32\\cmd.exe+134fb|C:\\windows\\system32\\cmd.exe+149f7|C:\\windows\\system32\\cmd.exe+c0c1|C:\\windows\\system32\\cmd.exe+b5e1|C:\\windows\\system32\\cmd.exe+1de1b|C:\\windows\\system32\\cmd.exe+1822d|C:\\windows\\System32\\KERNEL32.DLL+17c24|C:\\windows\\SYSTEM32\\ntdll.dll+6cea1","UtcTime":"2020-11-02 21:39:11.676","TargetProcessGUID":"{39e4a257-7c7f-5fa0-c34c-000000000700}","SourceProcessId":"12360","Level":"4","Channel":"Microsoft-Windows-Sysmon/Operational","Task":"10","RuleName":"-","SourceName":"Microsoft-Windows-Sysmon","Hostname":"WORKSTATION5","SourceProcessGUID":"{39e4a257-7a5f-5fa0-b74c-000000000700}","TargetProcessId":"12036","EventID":10,"Keywords":"0x8000000000000000","TargetImage":"C:\\Users\\wardog\\Desktop\\Seatbelt.exe","Message":"Process accessed:\r\nRuleName: -\r\nUtcTime: 2020-11-02 21:39:11.676\r\nSourceProcessGUID: {39e4a257-7a5f-5fa0-b74c-000000000700}\r\nSourceProcessId: 12360\r\nSourceThreadId: 4672\r\nSourceImage: C:\\windows\\system32\\cmd.exe\r\nTargetProcessGUID: {39e4a257-7c7f-5fa0-c34c-000000000700}\r\nTargetProcessId: 12036\r\nTargetImage: C:\\Users\\wardog\\Desktop\\Seatbelt.exe\r\nGrantedAccess: 0x1FFFFF\r\nCallTrace: C:\\windows\\SYSTEM32\\ntdll.dll+9d934|C:\\windows\\System32\\KERNELBASE.dll+59e1a|C:\\windows\\System32\\KERNELBASE.dll+567b6|C:\\windows\\System32\\KERNEL32.DLL+1bee3|C:\\windows\\system32\\cmd.exe+134fb|C:\\windows\\system32\\cmd.exe+149f7|C:\\windows\\system32\\cmd.exe+c0c1|C:\\windows\\system32\\cmd.exe+b5e1|C:\\windows\\system32\\cmd.exe+1de1b|C:\\windows\\system32\\cmd.exe+1822d|C:\\windows\\System32\\KERNEL32.DLL+17c24|C:\\windows\\SYSTEM32\\ntdll.dll+6cea1"}
{"GrantedAccess":"0x1fffff","@timestamp":"2020-11-02T04:39:11.681Z","TimeCreated":"2020-11-02T04:39:11.681Z","SourceThreadId":"5688","SourceImage":"C:\\windows\\system32\\csrss.exe","ProviderGuid":"{5770385f-c22a-43e0-bf4c-06f5698ffbd9}","CallTrace":"C:\\windows\\SYSTEM32\\ntdll.dll+9c584|C:\\windows\\system32\\basesrv.DLL+2fba|C:\\windows\\SYSTEM32\\CSRSRV.dll+5af4|C:\\windows\\SYSTEM32\\ntdll.dll+6ceaf","UtcTime":"2020-11-02 21:39:11.676","TargetProcessGUID":"{39e4a257-7c7f-5fa0-c34c-000000000700}","SourceProcessId":"5672","Level":"4","Channel":"Microsoft-Windows-Sysmon/Operational","Task":"10","RuleName":"-","SourceName":"Microsoft-Windows-Sysmon","Hostname":"WORKSTATION5","SourceProcessGUID":"{39e4a257-f1a8-5f8b-8d00-000000000700}","TargetProcessId":"12036","EventID":10,"Keywords":"0x8000000000000000","TargetImage":"C:\\Users\\wardog\\Desktop\\Seatbelt.exe","Message":"Process accessed:\r\nRuleName: -\r\nUtcTime: 2020-11-02 21:39:11.676\r\nSourceProcessGUID: {39e4a257-f1a8-5f8b-8d00-000000000700}\r\nSourceProcessId: 5672\r\nSourceThreadId: 5688\r\nSourceImage: C:\\windows\\system32\\csrss.exe\r\nTargetProcessGUID: {39e4a257-7c7f-5fa0-c34c-000000000700}\r\nTargetProcessId: 12036\r\nTargetImage: C:\\Users\\wardog\\Desktop\\Seatbelt.exe\r\nGrantedAccess: 0x1FFFFF\r\nCallTrace: C:\\windows\\SYSTEM32\\ntdll.dll+9c584|C:\\windows\\system32\\basesrv.DLL+2fba|C:\\windows\\SYSTEM32\\CSRSRV.dll+5af4|C:\\windows\\SYSTEM32\\ntdll.dll+6ceaf"}
{"@timestamp":"2020-11-02T04:39:11.683Z","TimeCreated":"2020-11-02T04:39:11.683Z","Hashes":"SHA1=2006BDF15EAED226CE4FDB5337F7C121C311A0AE,MD5=3051E3AB25FBF0401FCA1A4CF63B2507,SHA256=B9FE6B85C174DB6BCAF0DA9961B9247FC79F0757DB3401AA3184E80BE339CB75,IMPHASH=00000000000000000000000000000000","Signature":"Microsoft Windows","ProviderGuid":"{5770385f-c22a-43e0-bf4c-06f5698ffbd9}","Company":"Microsoft Corporation","UtcTime":"2020-11-02 21:39:11.676","ProcessGuid":"{39e4a257-7c7f-5fa0-c34c-000000000700}","Image":"C:\\Users\\wardog\\Desktop\\Seatbelt.exe","ImageLoaded":"C:\\Windows\\System32\\ntdll.dll","Level":"4","Channel":"Microsoft-Windows-Sysmon/Operational","Task":"7","RuleName":"-","FileVersion":"10.0.18362.1139 (WinBuild.160101.0800)","SourceName":"Microsoft-Windows-Sysmon","Hostname":"WORKSTATION5","ProcessId":"12036","Description":"NT Layer DLL","SignatureStatus":"Valid","Product":"Microsoft Windows Operating System","EventID":7,"Keywords":"0x8000000000000000","Signed":"true","OriginalFileName":"ntdll.dll","Message":"Image loaded:\r\nRuleName: -\r\nUtcTime: 2020-11-02 21:39:11.676\r\nProcessGuid: {39e4a257-7c7f-5fa0-c34c-000000000700}\r\nProcessId: 12036\r\nImage: C:\\Users\\wardog\\Desktop\\Seatbelt.exe\r\nImageLoaded: C:\\Windows\\System32\\ntdll.dll\r\nFileVersion: 10.0.18362.1139 (WinBuild.160101.0800)\r\nDescription: NT Layer DLL\r\nProduct: Microsoft Windows Operating System\r\nCompany: Microsoft Corporation\r\nOriginalFileName: ntdll.dll\r\nHashes: SHA1=2006BDF15EAED226CE4FDB5337F7C121C311A0AE,MD5=3051E3AB25FBF0401FCA1A4CF63B2507,SHA256=B9FE6B85C174DB6BCAF0DA9961B9247FC79F0757DB3401AA3184E80BE339CB75,IMPHASH=00000000000000000000000000000000\r\nSigned: true\r\nSignature: Microsoft Windows\r\nSignatureStatus: Valid"}
{"@timestamp":"2020-11-02T04:39:11.685Z","TimeCreated":"2020-11-02T04:39:11.685Z","ProviderGuid":"{5770385f-c22a-43e0-bf4c-06f5698ffbd9}","Device":"\\Device\\HarddiskVolume1","UtcTime":"2020-11-02 21:39:11.676","ProcessGuid":"{39e4a257-f121-5f8b-0100-000000000700}","Image":"System","Level":"4","Channel":"Microsoft-Windows-Sysmon/Operational","Task":"9","RuleName":"-","SourceName":"Microsoft-Windows-Sysmon","Hostname":"WORKSTATION5","ProcessId":"4","EventID":9,"Keywords":"0x8000000000000000","Message":"RawAccessRead detected:\r\nRuleName: -\r\nUtcTime: 2020-11-02 21:39:11.676\r\nProcessGuid: {39e4a257-f121-5f8b-0100-000000000700}\r\nProcessId: 4\r\nImage: System\r\nDevice: \\Device\\HarddiskVolume1"}
{"@timestamp":"2020-11-02T04:39:11.685Z","TimeCreated":"2020-11-02T04:39:11.685Z","ProviderGuid":"{5770385f-c22a-43e0-bf4c-06f5698ffbd9}","Device":"\\Device\\HarddiskVolume3","UtcTime":"2020-11-02 21:39:11.676","ProcessGuid":"{39e4a257-f121-5f8b-0100-000000000700}","Image":"System","Level":"4","Channel":"Microsoft-Windows-Sysmon/Operational","Task":"9","RuleName":"-","SourceName":"Microsoft-Windows-Sysmon","Hostname":"WORKSTATION5","ProcessId":"4","EventID":9,"Keywords":"0x8000000000000000","Message":"RawAccessRead detected:\r\nRuleName: -\r\nUtcTime: 2020-11-02 21:39:11.676\r\nProcessGuid: {39e4a257-f121-5f8b-0100-000000000700}\r\nProcessId: 4\r\nImage: System\r\nDevice: \\Device\\HarddiskVolume3"}
{"@timestamp":"2020-11-02T04:39:11.685Z","TimeCreated":"2020-11-02T04:39:11.685Z","ProviderGuid":"{5770385f-c22a-43e0-bf4c-06f5698ffbd9}","Device":"\\Device\\HarddiskVolume2","UtcTime":"2020-11-02 21:39:11.676","ProcessGuid":"{39e4a257-f121-5f8b-0100-000000000700}","Image":"System","Level":"4","Channel":"Microsoft-Windows-Sysmon/Operational","Task":"9","RuleName":"-","SourceName":"Microsoft-Windows-Sysmon","Hostname":"WORKSTATION5","ProcessId":"4","EventID":9,"Keywords":"0x8000000000000000","Message":"RawAccessRead detected:\r\nRuleName: -\r\nUtcTime: 2020-11-02 21:39:11.676\r\nProcessGuid: {39e4a257-f121-5f8b-0100-000000000700}\r\nProcessId: 4\r\nImage: System\r\nDevice: \\Device\\HarddiskVolume2"}
{"@timestamp":"2020-11-02T04:39:11.697Z","TimeCreated":"2020-11-02T04:39:11.697Z","Hashes":"SHA1=A676B7C4561AED013E783C195D5E2707C83F8086,MD5=09BE4FBE48F2405C6C33D6697AFBEDDE,SHA256=0F8A8AFA346B03AA4AC926CC55368EE8A131E0958FD67D8E32B4A708A12CA78A,IMPHASH=F34D5F2D4577ED6D9CEEC516C1F5A744","Signature":"-","ProviderGuid":"{5770385f-c22a-43e0-bf4c-06f5698ffbd9}","Company":"-","UtcTime":"2020-11-02 21:39:11.676","ProcessGuid":"{39e4a257-7c7f-5fa0-c34c-000000000700}","Image":"C:\\Users\\wardog\\Desktop\\Seatbelt.exe","ImageLoaded":"C:\\Users\\wardog\\Desktop\\Seatbelt.exe","Level":"4","Channel":"Microsoft-Windows-Sysmon/Operational","Task":"7","RuleName":"-","FileVersion":"1.0.0.0","SourceName":"Microsoft-Windows-Sysmon","Hostname":"WORKSTATION5","ProcessId":"12036","Description":"Seatbelt","SignatureStatus":"Unavailable","Product":"Seatbelt","EventID":7,"Keywords":"0x8000000000000000","Signed":"false","OriginalFileName":"Seatbelt.exe","Message":"Image loaded:\r\nRuleName: -\r\nUtcTime: 2020-11-02 21:39:11.676\r\nProcessGuid: {39e4a257-7c7f-5fa0-c34c-000000000700}\r\nProcessId: 12036\r\nImage: C:\\Users\\wardog\\Desktop\\Seatbelt.exe\r\nImageLoaded: C:\\Users\\wardog\\Desktop\\Seatbelt.exe\r\nFileVersion: 1.0.0.0\r\nDescription: Seatbelt\r\nProduct: Seatbelt\r\nCompany: -\r\nOriginalFileName: Seatbelt.exe\r\nHashes: SHA1=A676B7C4561AED013E783C195D5E2707C83F8086,MD5=09BE4FBE48F2405C6C33D6697AFBEDDE,SHA256=0F8A8AFA346B03AA4AC926CC55368EE8A131E0958FD67D8E32B4A708A12CA78A,IMPHASH=F34D5F2D4577ED6D9CEEC516C1F5A744\r\nSigned: false\r\nSignature: -\r\nSignatureStatus: Unavailable"}
{"@timestamp":"2020-11-02T04:39:11.697Z","TimeCreated":"2020-11-02T04:39:11.697Z","Hashes":"SHA1=5029F9119FE1D6679666C5DF2441EA656D39A6EE,MD5=8FFAA80338156FD443D34F4CE9BD8431,SHA256=696A78B8C7E32163E3752A8D73A13C70C12BBB05E20EB28295B786E5A88D7FDB,IMPHASH=65F23EFA1EB51A5DAAB399BFAA840074","Signature":"Microsoft Windows","ProviderGuid":"{5770385f-c22a-43e0-bf4c-06f5698ffbd9}","Company":"Microsoft Corporation","UtcTime":"2020-11-02 21:39:11.692","ProcessGuid":"{39e4a257-7c7f-5fa0-c34c-000000000700}","Image":"C:\\Users\\wardog\\Desktop\\Seatbelt.exe","ImageLoaded":"C:\\Windows\\System32\\mscoree.dll","Level":"4","Channel":"Microsoft-Windows-Sysmon/Operational","Task":"7","RuleName":"-","FileVersion":"10.0.18362.1 (WinBuild.160101.0800)","SourceName":"Microsoft-Windows-Sysmon","Hostname":"WORKSTATION5","ProcessId":"12036","Description":"Microsoft .NET Runtime Execution Engine","SignatureStatus":"Valid","Product":"Microsoft Windows Operating System","EventID":7,"Keywords":"0x8000000000000000","Signed":"true","OriginalFileName":"mscoree.dll","Message":"Image loaded:\r\nRuleName: -\r\nUtcTime: 2020-11-02 21:39:11.692\r\nProcessGuid: {39e4a257-7c7f-5fa0-c34c-000000000700}\r\nProcessId: 12036\r\nImage: C:\\Users\\wardog\\Desktop\\Seatbelt.exe\r\nImageLoaded: C:\\Windows\\System32\\mscoree.dll\r\nFileVersion: 10.0.18362.1 (WinBuild.160101.0800)\r\nDescription: Microsoft .NET Runtime Execution Engine\r\nProduct: Microsoft Windows Operating System\r\nCompany: Microsoft Corporation\r\nOriginalFileName: mscoree.dll\r\nHashes: SHA1=5029F9119FE1D6679666C5DF2441EA656D39A6EE,MD5=8FFAA80338156FD443D34F4CE9BD8431,SHA256=696A78B8C7E32163E3752A8D73A13C70C12BBB05E20EB28295B786E5A88D7FDB,IMPHASH=65F23EFA1EB51A5DAAB399BFAA840074\r\nSigned: true\r\nSignature: Microsoft Windows\r\nSignatureStatus: Valid"}
{"@timestamp":"2020-11-02T04:39:11.698Z","TimeCreated":"2020-11-02T04:39:11.698Z","Hashes":"SHA1=D207A86541CABC3190BBD5B1CC982F6D7C90051B,MD5=ED906DB51BCB4F5A68606D2683AF44A3,SHA256=DF5CE6E95294579D7D7D16C47CB3DC5C8FA1DB53CCE56091E3496309B0D87536,IMPHASH=D3645703895C4EBB8EA5B9B26816A081","Signature":"Microsoft Windows","ProviderGuid":"{5770385f-c22a-43e0-bf4c-06f5698ffbd9}","Company":"Microsoft Corporation","UtcTime":"2020-11-02 21:39:11.692","ProcessGuid":"{39e4a257-7c7f-5fa0-c34c-000000000700}","Image":"C:\\Users\\wardog\\Desktop\\Seatbelt.exe","ImageLoaded":"C:\\Windows\\System32\\kernel32.dll","Level":"4","Channel":"Microsoft-Windows-Sysmon/Operational","Task":"7","RuleName":"-","FileVersion":"10.0.18362.1110 (WinBuild.160101.0800)","SourceName":"Microsoft-Windows-Sysmon","Hostname":"WORKSTATION5","ProcessId":"12036","Description":"Windows NT BASE API Client DLL","SignatureStatus":"Valid","Product":"Microsoft Windows Operating System","EventID":7,"Keywords":"0x8000000000000000","Signed":"true","OriginalFileName":"kernel32","Message":"Image loaded:\r\nRuleName: -\r\nUtcTime: 2020-11-02 21:39:11.692\r\nProcessGuid: {39e4a257-7c7f-5fa0-c34c-000000000700}\r\nProcessId: 12036\r\nImage: C:\\Users\\wardog\\Desktop\\Seatbelt.exe\r\nImageLoaded: C:\\Windows\\System32\\kernel32.dll\r\nFileVersion: 10.0.18362.1110 (WinBuild.160101.0800)\r\nDescription: Windows NT BASE API Client DLL\r\nProduct: Microsoft Windows Operating System\r\nCompany: Microsoft Corporation\r\nOriginalFileName: kernel32\r\nHashes: SHA1=D207A86541CABC3190BBD5B1CC982F6D7C90051B,MD5=ED906DB51BCB4F5A68606D2683AF44A3,SHA256=DF5CE6E95294579D7D7D16C47CB3DC5C8FA1DB53CCE56091E3496309B0D87536,IMPHASH=D3645703895C4EBB8EA5B9B26816A081\r\nSigned: true\r\nSignature: Microsoft Windows\r\nSignatureStatus: Valid"}
{"@timestamp":"2020-11-02T04:39:11.698Z","TimeCreated":"2020-11-02T04:39:11.698Z","Hashes":"SHA1=48B3741C6497B40F71868EFAAA9EB7A224CB8060,MD5=AEE6D39564EEB18A90C3160215941B46,SHA256=6733FEEA211EA651B5DF46D391825D7861126546AE80A42A4C1E7B1ABD0E4DA5,IMPHASH=16003AF856720C35351BB8C14AD0B0A8","Signature":"Microsoft Windows","ProviderGuid":"{5770385f-c22a-43e0-bf4c-06f5698ffbd9}","Company":"Microsoft Corporation","UtcTime":"2020-11-02 21:39:11.692","ProcessGuid":"{39e4a257-7c7f-5fa0-c34c-000000000700}","Image":"C:\\Users\\wardog\\Desktop\\Seatbelt.exe","ImageLoaded":"C:\\Windows\\System32\\KernelBase.dll","Level":"4","Channel":"Microsoft-Windows-Sysmon/Operational","Task":"7","RuleName":"-","FileVersion":"10.0.18362.1139 (WinBuild.160101.0800)","SourceName":"Microsoft-Windows-Sysmon","Hostname":"WORKSTATION5","ProcessId":"12036","Description":"Windows NT BASE API Client DLL","SignatureStatus":"Valid","Product":"Microsoft Windows Operating System","EventID":7,"Keywords":"0x8000000000000000","Signed":"true","OriginalFileName":"Kernelbase.dll","Message":"Image loaded:\r\nRuleName: -\r\nUtcTime: 2020-11-02 21:39:11.692\r\nProcessGuid: {39e4a257-7c7f-5fa0-c34c-000000000700}\r\nProcessId: 12036\r\nImage: C:\\Users\\wardog\\Desktop\\Seatbelt.exe\r\nImageLoaded: C:\\Windows\\System32\\KernelBase.dll\r\nFileVersion: 10.0.18362.1139 (WinBuild.160101.0800)\r\nDescription: Windows NT BASE API Client DLL\r\nProduct: Microsoft Windows Operating System\r\nCompany: Microsoft Corporation\r\nOriginalFileName: Kernelbase.dll\r\nHashes: SHA1=48B3741C6497B40F71868EFAAA9EB7A224CB8060,MD5=AEE6D39564EEB18A90C3160215941B46,SHA256=6733FEEA211EA651B5DF46D391825D7861126546AE80A42A4C1E7B1ABD0E4DA5,IMPHASH=16003AF856720C35351BB8C14AD0B0A8\r\nSigned: true\r\nSignature: Microsoft Windows\r\nSignatureStatus: Valid"}
{"GrantedAccess":"0x1fffff","@timestamp":"2020-11-02T04:39:11.699Z","TimeCreated":"2020-11-02T04:39:11.699Z","SourceThreadId":"12488","SourceImage":"C:\\windows\\system32\\conhost.exe","ProviderGuid":"{5770385f-c22a-43e0-bf4c-06f5698ffbd9}","CallTrace":"C:\\windows\\SYSTEM32\\ntdll.dll+9c584|C:\\windows\\System32\\KERNELBASE.dll+305fe|C:\\windows\\system32\\conhost.exe+1260d|C:\\windows\\system32\\conhost.exe+12505|C:\\windows\\system32\\conhost.exe+895c|C:\\windows\\system32\\conhost.exe+f2e6|C:\\windows\\System32\\KERNEL32.DLL+17c24|C:\\windows\\SYSTEM32\\ntdll.dll+6cea1","UtcTime":"2020-11-02 21:39:11.692","TargetProcessGUID":"{39e4a257-7c7f-5fa0-c34c-000000000700}","SourceProcessId":"11560","Level":"4","Channel":"Microsoft-Windows-Sysmon/Operational","Task":"10","RuleName":"-","SourceName":"Microsoft-Windows-Sysmon","Hostname":"WORKSTATION5","SourceProcessGUID":"{39e4a257-7a5f-5fa0-b84c-000000000700}","TargetProcessId":"12036","EventID":10,"Keywords":"0x8000000000000000","TargetImage":"C:\\Users\\wardog\\Desktop\\Seatbelt.exe","Message":"Process accessed:\r\nRuleName: -\r\nUtcTime: 2020-11-02 21:39:11.692\r\nSourceProcessGUID: {39e4a257-7a5f-5fa0-b84c-000000000700}\r\nSourceProcessId: 11560\r\nSourceThreadId: 12488\r\nSourceImage: C:\\windows\\system32\\conhost.exe\r\nTargetProcessGUID: {39e4a257-7c7f-5fa0-c34c-000000000700}\r\nTargetProcessId: 12036\r\nTargetImage: C:\\Users\\wardog\\Desktop\\Seatbelt.exe\r\nGrantedAccess: 0x1FFFFF\r\nCallTrace: C:\\windows\\SYSTEM32\\ntdll.dll+9c584|C:\\windows\\System32\\KERNELBASE.dll+305fe|C:\\windows\\system32\\conhost.exe+1260d|C:\\windows\\system32\\conhost.exe+12505|C:\\windows\\system32\\conhost.exe+895c|C:\\windows\\system32\\conhost.exe+f2e6|C:\\windows\\System32\\KERNEL32.DLL+17c24|C:\\windows\\SYSTEM32\\ntdll.dll+6cea1"}
{"@timestamp":"2020-11-02T04:39:11.700Z","TimeCreated":"2020-11-02T04:39:11.700Z","Hashes":"SHA1=35C61DDE6F8F4ED05F9C4837E2B91C886CA79F82,MD5=EA4F6E7961B4A402F6F5EC33C655260A,SHA256=5E2D103E7E1FD7CA0492E541F082D274EF6259AF2158A3562986C796C5C869DD,IMPHASH=8EEA175C33205685FB8A14876D7564DB","Signature":"Microsoft Windows","ProviderGuid":"{5770385f-c22a-43e0-bf4c-06f5698ffbd9}","Company":"Microsoft Corporation","UtcTime":"2020-11-02 21:39:11.692","ProcessGuid":"{39e4a257-7c7f-5fa0-c34c-000000000700}","Image":"C:\\Users\\wardog\\Desktop\\Seatbelt.exe","ImageLoaded":"C:\\Windows\\System32\\advapi32.dll","Level":"4","Channel":"Microsoft-Windows-Sysmon/Operational","Task":"7","RuleName":"-","FileVersion":"10.0.18362.752 (WinBuild.160101.0800)","SourceName":"Microsoft-Windows-Sysmon","Hostname":"WORKSTATION5","ProcessId":"12036","Description":"Advanced Windows 32 Base API","SignatureStatus":"Valid","Product":"Microsoft Windows Operating System","EventID":7,"Keywords":"0x8000000000000000","Signed":"true","OriginalFileName":"advapi32.dll","Message":"Image loaded:\r\nRuleName: -\r\nUtcTime: 2020-11-02 21:39:11.692\r\nProcessGuid: {39e4a257-7c7f-5fa0-c34c-000000000700}\r\nProcessId: 12036\r\nImage: C:\\Users\\wardog\\Desktop\\Seatbelt.exe\r\nImageLoaded: C:\\Windows\\System32\\advapi32.dll\r\nFileVersion: 10.0.18362.752 (WinBuild.160101.0800)\r\nDescription: Advanced Windows 32 Base API\r\nProduct: Microsoft Windows Operating System\r\nCompany: Microsoft Corporation\r\nOriginalFileName: advapi32.dll\r\nHashes: SHA1=35C61DDE6F8F4ED05F9C4837E2B91C886CA79F82,MD5=EA4F6E7961B4A402F6F5EC33C655260A,SHA256=5E2D103E7E1FD7CA0492E541F082D274EF6259AF2158A3562986C796C5C869DD,IMPHASH=8EEA175C33205685FB8A14876D7564DB\r\nSigned: true\r\nSignature: Microsoft Windows\r\nSignatureStatus: Valid"}
{"@timestamp":"2020-11-02T04:39:11.701Z","TimeCreated":"2020-11-02T04:39:11.701Z","Hashes":"SHA1=0EA4B3CFB14E49CEC0D42FF0F1FA989E69647A8F,MD5=36354D9B5B0A58A4B9A19103852C00A2,SHA256=E5A863D3F4BFEFED7D73A7B1499F81B7235BC9AE3C108065041BCB8E5446B1BB,IMPHASH=1273683626EBBA703979F188A1E64237","Signature":"Microsoft Windows","ProviderGuid":"{5770385f-c22a-43e0-bf4c-06f5698ffbd9}","Company":"Microsoft Corporation","UtcTime":"2020-11-02 21:39:11.692","ProcessGuid":"{39e4a257-7c7f-5fa0-c34c-000000000700}","Image":"C:\\Users\\wardog\\Desktop\\Seatbelt.exe","ImageLoaded":"C:\\Windows\\System32\\msvcrt.dll","Level":"4","Channel":"Microsoft-Windows-Sysmon/Operational","Task":"7","RuleName":"-","FileVersion":"7.0.18362.1 (WinBuild.160101.0800)","SourceName":"Microsoft-Windows-Sysmon","Hostname":"WORKSTATION5","ProcessId":"12036","Description":"Windows NT CRT DLL","SignatureStatus":"Valid","Product":"Microsoft Windows Operating System","EventID":7,"Keywords":"0x8000000000000000","Signed":"true","OriginalFileName":"msvcrt.dll","Message":"Image loaded:\r\nRuleName: -\r\nUtcTime: 2020-11-02 21:39:11.692\r\nProcessGuid: {39e4a257-7c7f-5fa0-c34c-000000000700}\r\nProcessId: 12036\r\nImage: C:\\Users\\wardog\\Desktop\\Seatbelt.exe\r\nImageLoaded: C:\\Windows\\System32\\msvcrt.dll\r\nFileVersion: 7.0.18362.1 (WinBuild.160101.0800)\r\nDescription: Windows NT CRT DLL\r\nProduct: Microsoft Windows Operating System\r\nCompany: Microsoft Corporation\r\nOriginalFileName: msvcrt.dll\r\nHashes: SHA1=0EA4B3CFB14E49CEC0D42FF0F1FA989E69647A8F,MD5=36354D9B5B0A58A4B9A19103852C00A2,SHA256=E5A863D3F4BFEFED7D73A7B1499F81B7235BC9AE3C108065041BCB8E5446B1BB,IMPHASH=1273683626EBBA703979F188A1E64237\r\nSigned: true\r\nSignature: Microsoft Windows\r\nSignatureStatus: Valid"}
{"@timestamp":"2020-11-02T04:39:11.701Z","TimeCreated":"2020-11-02T04:39:11.701Z","Hashes":"SHA1=A330EDE32DFA03AE6808EE7FB6916D8DEB8F5DDE,MD5=A094E2B38D3DD864B07580D243CB6E43,SHA256=C441E19D20961D4E990E117A300ED318BEDBF2F8BA0FF07BEE7832AC502CDDF2,IMPHASH=CE4BD072766253F6A267D0284CA82002","Signature":"Microsoft Windows","ProviderGuid":"{5770385f-c22a-43e0-bf4c-06f5698ffbd9}","Company":"Microsoft Corporation","UtcTime":"2020-11-02 21:39:11.692","ProcessGuid":"{39e4a257-7c7f-5fa0-c34c-000000000700}","Image":"C:\\Users\\wardog\\Desktop\\Seatbelt.exe","ImageLoaded":"C:\\Windows\\System32\\sechost.dll","Level":"4","Channel":"Microsoft-Windows-Sysmon/Operational","Task":"7","RuleName":"-","FileVersion":"10.0.18362.959 (WinBuild.160101.0800)","SourceName":"Microsoft-Windows-Sysmon","Hostname":"WORKSTATION5","ProcessId":"12036","Description":"Host for SCM/SDDL/LSA Lookup APIs","SignatureStatus":"Valid","Product":"Microsoft Windows Operating System","EventID":7,"Keywords":"0x8000000000000000","Signed":"true","OriginalFileName":"sechost.dll","Message":"Image loaded:\r\nRuleName: -\r\nUtcTime: 2020-11-02 21:39:11.692\r\nProcessGuid: {39e4a257-7c7f-5fa0-c34c-000000000700}\r\nProcessId: 12036\r\nImage: C:\\Users\\wardog\\Desktop\\Seatbelt.exe\r\nImageLoaded: C:\\Windows\\System32\\sechost.dll\r\nFileVersion: 10.0.18362.959 (WinBuild.160101.0800)\r\nDescription: Host for SCM/SDDL/LSA Lookup APIs\r\nProduct: Microsoft Windows Operating System\r\nCompany: Microsoft Corporation\r\nOriginalFileName: sechost.dll\r\nHashes: SHA1=A330EDE32DFA03AE6808EE7FB6916D8DEB8F5DDE,MD5=A094E2B38D3DD864B07580D243CB6E43,SHA256=C441E19D20961D4E990E117A300ED318BEDBF2F8BA0FF07BEE7832AC502CDDF2,IMPHASH=CE4BD072766253F6A267D0284CA82002\r\nSigned: true\r\nSignature: Microsoft Windows\r\nSignatureStatus: Valid"}
{"@timestamp":"2020-11-02T04:39:11.702Z","TimeCreated":"2020-11-02T04:39:11.702Z","Hashes":"SHA1=04BCAE1D932B2FB22A3B7ADC6C1EC1776151FC68,MD5=DBC5A40335E9F25C5C9313AB95C88CE8,SHA256=C39C71244E43B5469FF3F9313893E1AB7AFF5806B1A179CBED06A59B3F6F81B5,IMPHASH=88E7E7C7FA90052EC162DD37F2B7C7BD","Signature":"Microsoft Windows","ProviderGuid":"{5770385f-c22a-43e0-bf4c-06f5698ffbd9}","Company":"Microsoft Corporation","UtcTime":"2020-11-02 21:39:11.692","ProcessGuid":"{39e4a257-7c7f-5fa0-c34c-000000000700}","Image":"C:\\Users\\wardog\\Desktop\\Seatbelt.exe","ImageLoaded":"C:\\Windows\\System32\\rpcrt4.dll","Level":"4","Channel":"Microsoft-Windows-Sysmon/Operational","Task":"7","RuleName":"-","FileVersion":"10.0.18362.1110 (WinBuild.160101.0800)","SourceName":"Microsoft-Windows-Sysmon","Hostname":"WORKSTATION5","ProcessId":"12036","Description":"Remote Procedure Call Runtime","SignatureStatus":"Valid","Product":"Microsoft Windows Operating System","EventID":7,"Keywords":"0x8000000000000000","Signed":"true","OriginalFileName":"rpcrt4.dll","Message":"Image loaded:\r\nRuleName: -\r\nUtcTime: 2020-11-02 21:39:11.692\r\nProcessGuid: {39e4a257-7c7f-5fa0-c34c-000000000700}\r\nProcessId: 12036\r\nImage: C:\\Users\\wardog\\Desktop\\Seatbelt.exe\r\nImageLoaded: C:\\Windows\\System32\\rpcrt4.dll\r\nFileVersion: 10.0.18362.1110 (WinBuild.160101.0800)\r\nDescription: Remote Procedure Call Runtime\r\nProduct: Microsoft Windows Operating System\r\nCompany: Microsoft Corporation\r\nOriginalFileName: rpcrt4.dll\r\nHashes: SHA1=04BCAE1D932B2FB22A3B7ADC6C1EC1776151FC68,MD5=DBC5A40335E9F25C5C9313AB95C88CE8,SHA256=C39C71244E43B5469FF3F9313893E1AB7AFF5806B1A179CBED06A59B3F6F81B5,IMPHASH=88E7E7C7FA90052EC162DD37F2B7C7BD\r\nSigned: true\r\nSignature: Microsoft Windows\r\nSignatureStatus: Valid"}
{"@timestamp":"2020-11-02T04:39:11.704Z","TimeCreated":"2020-11-02T04:39:11.704Z","Hashes":"SHA1=1283EF637FA53D571118F269F9B8C0A5CCA2BF01,MD5=899A8B655E52A061B33571D97C5C06ED,SHA256=DE05B03E37FB9BA5D74CF8FA36A6F0B15AB61705285B738BC90D14FDE580A45E,IMPHASH=005299FA213F652A596AC31760C5340B","Signature":"Microsoft Corporation","ProviderGuid":"{5770385f-c22a-43e0-bf4c-06f5698ffbd9}","Company":"Microsoft Corporation","UtcTime":"2020-11-02 21:39:11.692","ProcessGuid":"{39e4a257-7c7f-5fa0-c34c-000000000700}","Image":"C:\\Users\\wardog\\Desktop\\Seatbelt.exe","ImageLoaded":"C:\\Windows\\Microsoft.NET\\Framework64\\v4.0.30319\\mscoreei.dll","Level":"4","Channel":"Microsoft-Windows-Sysmon/Operational","Task":"7","RuleName":"-","FileVersion":"4.8.4180.0 built by: NET48REL1LAST_B","SourceName":"Microsoft-Windows-Sysmon","Hostname":"WORKSTATION5","ProcessId":"12036","Description":"Microsoft .NET Runtime Execution Engine","SignatureStatus":"Valid","Product":"Microsoft .NET Framework","EventID":7,"Keywords":"0x8000000000000000","Signed":"true","OriginalFileName":"mscoreei.dll","Message":"Image loaded:\r\nRuleName: -\r\nUtcTime: 2020-11-02 21:39:11.692\r\nProcessGuid: {39e4a257-7c7f-5fa0-c34c-000000000700}\r\nProcessId: 12036\r\nImage: C:\\Users\\wardog\\Desktop\\Seatbelt.exe\r\nImageLoaded: C:\\Windows\\Microsoft.NET\\Framework64\\v4.0.30319\\mscoreei.dll\r\nFileVersion: 4.8.4180.0 built by: NET48REL1LAST_B\r\nDescription: Microsoft .NET Runtime Execution Engine\r\nProduct: Microsoft .NET Framework\r\nCompany: Microsoft Corporation\r\nOriginalFileName: mscoreei.dll\r\nHashes: SHA1=1283EF637FA53D571118F269F9B8C0A5CCA2BF01,MD5=899A8B655E52A061B33571D97C5C06ED,SHA256=DE05B03E37FB9BA5D74CF8FA36A6F0B15AB61705285B738BC90D14FDE580A45E,IMPHASH=005299FA213F652A596AC31760C5340B\r\nSigned: true\r\nSignature: Microsoft Corporation\r\nSignatureStatus: Valid"}
{"@timestamp":"2020-11-02T04:39:11.705Z","TimeCreated":"2020-11-02T04:39:11.705Z","Hashes":"SHA1=9074DF3335B785BB00B43AE76ACC66B799118FAE,MD5=BFB85A9022324E41FCEC5011BCB5FD23,SHA256=3CDA144CFB6278DA47267FE1E1FE258716A074C3D3DD8413B259DA7DA1039871,IMPHASH=6659A49ABF33952444C5A7FA22FD9032","Signature":"Microsoft Windows","ProviderGuid":"{5770385f-c22a-43e0-bf4c-06f5698ffbd9}","Company":"Microsoft Corporation","UtcTime":"2020-11-02 21:39:11.692","ProcessGuid":"{39e4a257-7c7f-5fa0-c34c-000000000700}","Image":"C:\\Users\\wardog\\Desktop\\Seatbelt.exe","ImageLoaded":"C:\\Windows\\System32\\shlwapi.dll","Level":"4","Channel":"Microsoft-Windows-Sysmon/Operational","Task":"7","RuleName":"-","FileVersion":"10.0.18362.1 (WinBuild.160101.0800)","SourceName":"Microsoft-Windows-Sysmon","Hostname":"WORKSTATION5","ProcessId":"12036","Description":"Shell Light-weight Utility Library","SignatureStatus":"Valid","Product":"Microsoft Windows Operating System","EventID":7,"Keywords":"0x8000000000000000","Signed":"true","OriginalFileName":"SHLWAPI.DLL","Message":"Image loaded:\r\nRuleName: -\r\nUtcTime: 2020-11-02 21:39:11.692\r\nProcessGuid: {39e4a257-7c7f-5fa0-c34c-000000000700}\r\nProcessId: 12036\r\nImage: C:\\Users\\wardog\\Desktop\\Seatbelt.exe\r\nImageLoaded: C:\\Windows\\System32\\shlwapi.dll\r\nFileVersion: 10.0.18362.1 (WinBuild.160101.0800)\r\nDescription: Shell Light-weight Utility Library\r\nProduct: Microsoft Windows Operating System\r\nCompany: Microsoft Corporation\r\nOriginalFileName: SHLWAPI.DLL\r\nHashes: SHA1=9074DF3335B785BB00B43AE76ACC66B799118FAE,MD5=BFB85A9022324E41FCEC5011BCB5FD23,SHA256=3CDA144CFB6278DA47267FE1E1FE258716A074C3D3DD8413B259DA7DA1039871,IMPHASH=6659A49ABF33952444C5A7FA22FD9032\r\nSigned: true\r\nSignature: Microsoft Windows\r\nSignatureStatus: Valid"}
