{"GrantedAccess":"0x1478","@timestamp":"2020-10-29T08:23:21.519Z","TimeCreated":"2020-10-29T08:23:21.519Z","SourceThreadId":"6008","SourceImage":"C:\\windows\\system32\\lsass.exe","ProviderGuid":"{5770385f-c22a-43e0-bf4c-06f5698ffbd9}","CallTrace":"C:\\windows\\SYSTEM32\\ntdll.dll+9c584|C:\\windows\\system32\\lsasrv.dll+179a6|C:\\windows\\system32\\lsasrv.dll+1852f|C:\\windows\\system32\\lsasrv.dll+17814|C:\\windows\\SYSTEM32\\SspiSrv.dll+1a72|C:\\windows\\System32\\RPCRT4.dll+76a63|C:\\windows\\System32\\RPCRT4.dll+da036|C:\\windows\\System32\\RPCRT4.dll+37b7c|C:\\windows\\System32\\RPCRT4.dll+549f8|C:\\windows\\System32\\RPCRT4.dll+2c9b1|C:\\windows\\System32\\RPCRT4.dll+2c26b|C:\\windows\\System32\\RPCRT4.dll+1a8cf|C:\\windows\\System32\\RPCRT4.dll+19d7a|C:\\windows\\System32\\RPCRT4.dll+19361|C:\\windows\\System32\\RPCRT4.dll+18dce|C:\\windows\\System32\\RPCRT4.dll+16a05|C:\\windows\\SYSTEM32\\ntdll.dll+333ed|C:\\windows\\SYSTEM32\\ntdll.dll+34142|C:\\windows\\System32\\KERNEL32.DLL+17c24|C:\\windows\\SYSTEM32\\ntdll.dll+6cea1","UtcTime":"2020-10-30 00:23:21.511","TargetProcessGUID":"{14475cd4-5cf8-5f9b-7801-000000000500}","SourceProcessId":"752","Level":"4","Channel":"Microsoft-Windows-Sysmon/Operational","Task":"10","RuleName":"-","SourceName":"Microsoft-Windows-Sysmon","Hostname":"WORKSTATION5.theshire.local","SourceProcessGUID":"{14475cd4-509a-5f9b-0c00-000000000500}","TargetProcessId":"3752","EventID":10,"Keywords":"0x8000000000000000","TargetImage":"C:\\ProgramData\\SharpView.exe","Message":"Process accessed:\r\nRuleName: -\r\nUtcTime: 2020-10-30 00:23:21.511\r\nSourceProcessGUID: {14475cd4-509a-5f9b-0c00-000000000500}\r\nSourceProcessId: 752\r\nSourceThreadId: 6008\r\nSourceImage: C:\\windows\\system32\\lsass.exe\r\nTargetProcessGUID: {14475cd4-5cf8-5f9b-7801-000000000500}\r\nTargetProcessId: 3752\r\nTargetImage: C:\\ProgramData\\SharpView.exe\r\nGrantedAccess: 0x1478\r\nCallTrace: C:\\windows\\SYSTEM32\\ntdll.dll+9c584|C:\\windows\\system32\\lsasrv.dll+179a6|C:\\windows\\system32\\lsasrv.dll+1852f|C:\\windows\\system32\\lsasrv.dll+17814|C:\\windows\\SYSTEM32\\SspiSrv.dll+1a72|C:\\windows\\System32\\RPCRT4.dll+76a63|C:\\windows\\System32\\RPCRT4.dll+da036|C:\\windows\\System32\\RPCRT4.dll+37b7c|C:\\windows\\System32\\RPCRT4.dll+549f8|C:\\windows\\System32\\RPCRT4.dll+2c9b1|C:\\windows\\System32\\RPCRT4.dll+2c26b|C:\\windows\\System32\\RPCRT4.dll+1a8cf|C:\\windows\\System32\\RPCRT4.dll+19d7a|C:\\windows\\System32\\RPCRT4.dll+19361|C:\\windows\\System32\\RPCRT4.dll+18dce|C:\\windows\\System32\\RPCRT4.dll+16a05|C:\\windows\\SYSTEM32\\ntdll.dll+333ed|C:\\windows\\SYSTEM32\\ntdll.dll+34142|C:\\windows\\System32\\KERNEL32.DLL+17c24|C:\\windows\\SYSTEM32\\ntdll.dll+6cea1"}
{"@timestamp":"2020-10-29T08:23:21.519Z","TimeCreated":"2020-10-29T08:23:21.519Z","ProviderGuid":"{5770385f-c22a-43e0-bf4c-06f5698ffbd9}","UtcTime":"2020-10-30 00:23:21.511","ProcessGuid":"{14475cd4-5cf8-5f9b-7801-000000000500}","Image":"C:\\ProgramData\\SharpView.exe","Level":"4","Channel":"Microsoft-Windows-Sysmon/Operational","Task":"13","RuleName":"-","SourceName":"Microsoft-Windows-Sysmon","Hostname":"WORKSTATION5.theshire.local","Details":"DWORD (0x00000001)","ProcessId":"3752","EventType":"SetValue","EventID":13,"Keywords":"0x8000000000000000","TargetObject":"HKU\\S-1-5-21-3140987116-517580383-2541594433-1104\\Software\\Microsoft\\Windows\\CurrentVersion\\Internet Settings\\ZoneMap\\ProxyBypass","Message":"Registry value set:\r\nRuleName: -\r\nEventType: SetValue\r\nUtcTime: 2020-10-30 00:23:21.511\r\nProcessGuid: {14475cd4-5cf8-5f9b-7801-000000000500}\r\nProcessId: 3752\r\nImage: C:\\ProgramData\\SharpView.exe\r\nTargetObject: HKU\\S-1-5-21-3140987116-517580383-2541594433-1104\\Software\\Microsoft\\Windows\\CurrentVersion\\Internet Settings\\ZoneMap\\ProxyBypass\r\nDetails: DWORD (0x00000001)"}
{"@timestamp":"2020-10-29T08:23:21.519Z","TimeCreated":"2020-10-29T08:23:21.519Z","ProviderGuid":"{5770385f-c22a-43e0-bf4c-06f5698ffbd9}","UtcTime":"2020-10-30 00:23:21.511","ProcessGuid":"{14475cd4-5cf8-5f9b-7801-000000000500}","Image":"C:\\ProgramData\\SharpView.exe","Level":"4","Channel":"Microsoft-Windows-Sysmon/Operational","Task":"13","RuleName":"-","SourceName":"Microsoft-Windows-Sysmon","Hostname":"WORKSTATION5.theshire.local","Details":"DWORD (0x00000001)","ProcessId":"3752","EventType":"SetValue","EventID":13,"Keywords":"0x8000000000000000","TargetObject":"HKU\\S-1-5-21-3140987116-517580383-2541594433-1104\\Software\\Microsoft\\Windows\\CurrentVersion\\Internet Settings\\ZoneMap\\IntranetName","Message":"Registry value set:\r\nRuleName: -\r\nEventType: SetValue\r\nUtcTime: 2020-10-30 00:23:21.511\r\nProcessGuid: {14475cd4-5cf8-5f9b-7801-000000000500}\r\nProcessId: 3752\r\nImage: C:\\ProgramData\\SharpView.exe\r\nTargetObject: HKU\\S-1-5-21-3140987116-517580383-2541594433-1104\\Software\\Microsoft\\Windows\\CurrentVersion\\Internet Settings\\ZoneMap\\IntranetName\r\nDetails: DWORD (0x00000001)"}
{"@timestamp":"2020-10-29T08:23:21.519Z","TimeCreated":"2020-10-29T08:23:21.519Z","ProviderGuid":"{5770385f-c22a-43e0-bf4c-06f5698ffbd9}","UtcTime":"2020-10-30 00:23:21.511","ProcessGuid":"{14475cd4-5cf8-5f9b-7801-000000000500}","Image":"C:\\ProgramData\\SharpView.exe","Level":"4","Channel":"Microsoft-Windows-Sysmon/Operational","Task":"13","RuleName":"-","SourceName":"Microsoft-Windows-Sysmon","Hostname":"WORKSTATION5.theshire.local","Details":"DWORD (0x00000001)","ProcessId":"3752","EventType":"SetValue","EventID":13,"Keywords":"0x8000000000000000","TargetObject":"HKU\\S-1-5-21-3140987116-517580383-2541594433-1104\\Software\\Microsoft\\Windows\\CurrentVersion\\Internet Settings\\ZoneMap\\UNCAsIntranet","Message":"Registry value set:\r\nRuleName: -\r\nEventType: SetValue\r\nUtcTime: 2020-10-30 00:23:21.511\r\nProcessGuid: {14475cd4-5cf8-5f9b-7801-000000000500}\r\nProcessId: 3752\r\nImage: C:\\ProgramData\\SharpView.exe\r\nTargetObject: HKU\\S-1-5-21-3140987116-517580383-2541594433-1104\\Software\\Microsoft\\Windows\\CurrentVersion\\Internet Settings\\ZoneMap\\UNCAsIntranet\r\nDetails: DWORD (0x00000001)"}
{"@timestamp":"2020-10-29T08:23:21.519Z","TimeCreated":"2020-10-29T08:23:21.519Z","ProviderGuid":"{5770385f-c22a-43e0-bf4c-06f5698ffbd9}","UtcTime":"2020-10-30 00:23:21.511","ProcessGuid":"{14475cd4-5cf8-5f9b-7801-000000000500}","Image":"C:\\ProgramData\\SharpView.exe","Level":"4","Channel":"Microsoft-Windows-Sysmon/Operational","Task":"13","RuleName":"-","SourceName":"Microsoft-Windows-Sysmon","Hostname":"WORKSTATION5.theshire.local","Details":"DWORD (0x00000000)","ProcessId":"3752","EventType":"SetValue","EventID":13,"Keywords":"0x8000000000000000","TargetObject":"HKU\\S-1-5-21-3140987116-517580383-2541594433-1104\\Software\\Microsoft\\Windows\\CurrentVersion\\Internet Settings\\ZoneMap\\AutoDetect","Message":"Registry value set:\r\nRuleName: -\r\nEventType: SetValue\r\nUtcTime: 2020-10-30 00:23:21.511\r\nProcessGuid: {14475cd4-5cf8-5f9b-7801-000000000500}\r\nProcessId: 3752\r\nImage: C:\\ProgramData\\SharpView.exe\r\nTargetObject: HKU\\S-1-5-21-3140987116-517580383-2541594433-1104\\Software\\Microsoft\\Windows\\CurrentVersion\\Internet Settings\\ZoneMap\\AutoDetect\r\nDetails: DWORD (0x00000000)"}
{"@timestamp":"2020-10-29T08:23:21.519Z","TimeCreated":"2020-10-29T08:23:21.519Z","ProviderGuid":"{5770385f-c22a-43e0-bf4c-06f5698ffbd9}","UtcTime":"2020-10-30 00:23:21.511","ProcessGuid":"{14475cd4-5cf8-5f9b-7801-000000000500}","Image":"C:\\ProgramData\\SharpView.exe","Level":"4","Channel":"Microsoft-Windows-Sysmon/Operational","Task":"13","RuleName":"-","SourceName":"Microsoft-Windows-Sysmon","Hostname":"WORKSTATION5.theshire.local","Details":"DWORD (0x00000001)","ProcessId":"3752","EventType":"SetValue","EventID":13,"Keywords":"0x8000000000000000","TargetObject":"HKU\\S-1-5-21-3140987116-517580383-2541594433-1104\\Software\\Microsoft\\Windows\\CurrentVersion\\Internet Settings\\ZoneMap\\ProxyBypass","Message":"Registry value set:\r\nRuleName: -\r\nEventType: SetValue\r\nUtcTime: 2020-10-30 00:23:21.511\r\nProcessGuid: {14475cd4-5cf8-5f9b-7801-000000000500}\r\nProcessId: 3752\r\nImage: C:\\ProgramData\\SharpView.exe\r\nTargetObject: HKU\\S-1-5-21-3140987116-517580383-2541594433-1104\\Software\\Microsoft\\Windows\\CurrentVersion\\Internet Settings\\ZoneMap\\ProxyBypass\r\nDetails: DWORD (0x00000001)"}
{"@timestamp":"2020-10-29T08:23:21.520Z","TimeCreated":"2020-10-29T08:23:21.520Z","ProviderGuid":"{5770385f-c22a-43e0-bf4c-06f5698ffbd9}","UtcTime":"2020-10-30 00:23:21.511","ProcessGuid":"{14475cd4-5cf8-5f9b-7801-000000000500}","Image":"C:\\ProgramData\\SharpView.exe","Level":"4","Channel":"Microsoft-Windows-Sysmon/Operational","Task":"13","RuleName":"-","SourceName":"Microsoft-Windows-Sysmon","Hostname":"WORKSTATION5.theshire.local","Details":"DWORD (0x00000001)","ProcessId":"3752","EventType":"SetValue","EventID":13,"Keywords":"0x8000000000000000","TargetObject":"HKU\\S-1-5-21-3140987116-517580383-2541594433-1104\\Software\\Microsoft\\Windows\\CurrentVersion\\Internet Settings\\ZoneMap\\IntranetName","Message":"Registry value set:\r\nRuleName: -\r\nEventType: SetValue\r\nUtcTime: 2020-10-30 00:23:21.511\r\nProcessGuid: {14475cd4-5cf8-5f9b-7801-000000000500}\r\nProcessId: 3752\r\nImage: C:\\ProgramData\\SharpView.exe\r\nTargetObject: HKU\\S-1-5-21-3140987116-517580383-2541594433-1104\\Software\\Microsoft\\Windows\\CurrentVersion\\Internet Settings\\ZoneMap\\IntranetName\r\nDetails: DWORD (0x00000001)"}
{"@timestamp":"2020-10-29T08:23:21.520Z","TimeCreated":"2020-10-29T08:23:21.520Z","ProviderGuid":"{5770385f-c22a-43e0-bf4c-06f5698ffbd9}","UtcTime":"2020-10-30 00:23:21.511","ProcessGuid":"{14475cd4-5cf8-5f9b-7801-000000000500}","Image":"C:\\ProgramData\\SharpView.exe","Level":"4","Channel":"Microsoft-Windows-Sysmon/Operational","Task":"13","RuleName":"-","SourceName":"Microsoft-Windows-Sysmon","Hostname":"WORKSTATION5.theshire.local","Details":"DWORD (0x00000001)","ProcessId":"3752","EventType":"SetValue","EventID":13,"Keywords":"0x8000000000000000","TargetObject":"HKU\\S-1-5-21-3140987116-517580383-2541594433-1104\\Software\\Microsoft\\Windows\\CurrentVersion\\Internet Settings\\ZoneMap\\UNCAsIntranet","Message":"Registry value set:\r\nRuleName: -\r\nEventType: SetValue\r\nUtcTime: 2020-10-30 00:23:21.511\r\nProcessGuid: {14475cd4-5cf8-5f9b-7801-000000000500}\r\nProcessId: 3752\r\nImage: C:\\ProgramData\\SharpView.exe\r\nTargetObject: HKU\\S-1-5-21-3140987116-517580383-2541594433-1104\\Software\\Microsoft\\Windows\\CurrentVersion\\Internet Settings\\ZoneMap\\UNCAsIntranet\r\nDetails: DWORD (0x00000001)"}
{"@timestamp":"2020-10-29T08:23:21.520Z","TimeCreated":"2020-10-29T08:23:21.520Z","ProviderGuid":"{5770385f-c22a-43e0-bf4c-06f5698ffbd9}","UtcTime":"2020-10-30 00:23:21.511","ProcessGuid":"{14475cd4-5cf8-5f9b-7801-000000000500}","Image":"C:\\ProgramData\\SharpView.exe","Level":"4","Channel":"Microsoft-Windows-Sysmon/Operational","Task":"13","RuleName":"-","SourceName":"Microsoft-Windows-Sysmon","Hostname":"WORKSTATION5.theshire.local","Details":"DWORD (0x00000000)","ProcessId":"3752","EventType":"SetValue","EventID":13,"Keywords":"0x8000000000000000","TargetObject":"HKU\\S-1-5-21-3140987116-517580383-2541594433-1104\\Software\\Microsoft\\Windows\\CurrentVersion\\Internet Settings\\ZoneMap\\AutoDetect","Message":"Registry value set:\r\nRuleName: -\r\nEventType: SetValue\r\nUtcTime: 2020-10-30 00:23:21.511\r\nProcessGuid: {14475cd4-5cf8-5f9b-7801-000000000500}\r\nProcessId: 3752\r\nImage: C:\\ProgramData\\SharpView.exe\r\nTargetObject: HKU\\S-1-5-21-3140987116-517580383-2541594433-1104\\Software\\Microsoft\\Windows\\CurrentVersion\\Internet Settings\\ZoneMap\\AutoDetect\r\nDetails: DWORD (0x00000000)"}
{"@timestamp":"2020-10-29T08:23:21.521Z","TimeCreated":"2020-10-29T08:23:21.521Z","Hashes":"SHA1=9CC7754BDE825122FB0D3DF16579BD7CC2884B8B,MD5=B6D1AA0F21AC82024879E4EE96B50B56,SHA256=AF6B7199AAB64EBDADDA63B8662878A076A343955B1CF5E9F48C98114EF52BBE,IMPHASH=0D1929519D5C1A55D02774067E6F2181","Signature":"Microsoft Windows","ProviderGuid":"{5770385f-c22a-43e0-bf4c-06f5698ffbd9}","Company":"Microsoft Corporation","UtcTime":"2020-10-30 00:23:21.511","ProcessGuid":"{14475cd4-5cf8-5f9b-7801-000000000500}","Image":"C:\\ProgramData\\SharpView.exe","ImageLoaded":"C:\\Windows\\System32\\propsys.dll","Level":"4","Channel":"Microsoft-Windows-Sysmon/Operational","Task":"7","RuleName":"-","FileVersion":"7.0.18362.815 (WinBuild.160101.0800)","SourceName":"Microsoft-Windows-Sysmon","Hostname":"WORKSTATION5.theshire.local","ProcessId":"3752","Description":"Microsoft Property System","SignatureStatus":"Valid","Product":"Windows Search","EventID":7,"Keywords":"0x8000000000000000","Signed":"true","OriginalFileName":"propsys.dll","Message":"Image loaded:\r\nRuleName: -\r\nUtcTime: 2020-10-30 00:23:21.511\r\nProcessGuid: {14475cd4-5cf8-5f9b-7801-000000000500}\r\nProcessId: 3752\r\nImage: C:\\ProgramData\\SharpView.exe\r\nImageLoaded: C:\\Windows\\System32\\propsys.dll\r\nFileVersion: 7.0.18362.815 (WinBuild.160101.0800)\r\nDescription: Microsoft Property System\r\nProduct: Windows Search\r\nCompany: Microsoft Corporation\r\nOriginalFileName: propsys.dll\r\nHashes: SHA1=9CC7754BDE825122FB0D3DF16579BD7CC2884B8B,MD5=B6D1AA0F21AC82024879E4EE96B50B56,SHA256=AF6B7199AAB64EBDADDA63B8662878A076A343955B1CF5E9F48C98114EF52BBE,IMPHASH=0D1929519D5C1A55D02774067E6F2181\r\nSigned: true\r\nSignature: Microsoft Windows\r\nSignatureStatus: Valid"}
{"@timestamp":"2020-10-29T08:23:21.521Z","TimeCreated":"2020-10-29T08:23:21.521Z","Hashes":"SHA1=91F597B70E88FDA17FCCAF205F6593B968FF9871,MD5=EA1896A8FD7C63F0FD5C62EE35096721,SHA256=40506359DA821CB14193A63690EA83B4718DA6AC730371EA9F8C7F1CEF3856B9,IMPHASH=3B9EA4B55A8FFFEA166439306E14C283","Signature":"-","ProviderGuid":"{5770385f-c22a-43e0-bf4c-06f5698ffbd9}","Company":"-","UtcTime":"2020-10-30 00:23:21.511","ProcessGuid":"{14475cd4-5cf8-5f9b-7801-000000000500}","Image":"C:\\ProgramData\\SharpView.exe","ImageLoaded":"C:\\Users\\pgustavo\\AppData\\Local\\Temp\\ba9ea7344a4a5f591d6e5dc32a13494b\\6c9254b82dc34bf3bcc88fa65afa41d3.dll","Level":"4","Channel":"Microsoft-Windows-Sysmon/Operational","Task":"7","RuleName":"-","FileVersion":"-","SourceName":"Microsoft-Windows-Sysmon","Hostname":"WORKSTATION5.theshire.local","ProcessId":"3752","Description":"-","SignatureStatus":"Unavailable","Product":"-","EventID":7,"Keywords":"0x8000000000000000","Signed":"false","OriginalFileName":"-","Message":"Image loaded:\r\nRuleName: -\r\nUtcTime: 2020-10-30 00:23:21.511\r\nProcessGuid: {14475cd4-5cf8-5f9b-7801-000000000500}\r\nProcessId: 3752\r\nImage: C:\\ProgramData\\SharpView.exe\r\nImageLoaded: C:\\Users\\pgustavo\\AppData\\Local\\Temp\\ba9ea7344a4a5f591d6e5dc32a13494b\\6c9254b82dc34bf3bcc88fa65afa41d3.dll\r\nFileVersion: -\r\nDescription: -\r\nProduct: -\r\nCompany: -\r\nOriginalFileName: -\r\nHashes: SHA1=91F597B70E88FDA17FCCAF205F6593B968FF9871,MD5=EA1896A8FD7C63F0FD5C62EE35096721,SHA256=40506359DA821CB14193A63690EA83B4718DA6AC730371EA9F8C7F1CEF3856B9,IMPHASH=3B9EA4B55A8FFFEA166439306E14C283\r\nSigned: false\r\nSignature: -\r\nSignatureStatus: Unavailable"}
{"@timestamp":"2020-10-29T08:23:21.522Z","TimeCreated":"2020-10-29T08:23:21.522Z","Hashes":"SHA1=DC6679BAC5B36356F6D294F00EE44DDDB1CE9108,MD5=6A6FF61F089628002171EED4AC6900A4,SHA256=2AA86A67CE51FBA3FBF3D90635332FFF61D505E8B9150AD56C98232B3672AE86,IMPHASH=44C3854843F7A3FCCDF8DDBBEA66F302","Signature":"Microsoft Corporation","ProviderGuid":"{5770385f-c22a-43e0-bf4c-06f5698ffbd9}","Company":"Microsoft Corporation","UtcTime":"2020-10-30 00:23:21.511","ProcessGuid":"{14475cd4-5cf8-5f9b-7801-000000000500}","Image":"C:\\ProgramData\\SharpView.exe","ImageLoaded":"C:\\Windows\\System32\\vcruntime140.dll","Level":"4","Channel":"Microsoft-Windows-Sysmon/Operational","Task":"7","RuleName":"-","FileVersion":"14.27.29112.0 built by: vcwrkspc","SourceName":"Microsoft-Windows-Sysmon","Hostname":"WORKSTATION5.theshire.local","ProcessId":"3752","Description":"Microsoft C Runtime Library","SignatureStatus":"Valid","Product":"Microsoft Visual Studio","EventID":7,"Keywords":"0x8000000000000000","Signed":"true","OriginalFileName":"vcruntime140.dll","Message":"Image loaded:\r\nRuleName: -\r\nUtcTime: 2020-10-30 00:23:21.511\r\nProcessGuid: {14475cd4-5cf8-5f9b-7801-000000000500}\r\nProcessId: 3752\r\nImage: C:\\ProgramData\\SharpView.exe\r\nImageLoaded: C:\\Windows\\System32\\vcruntime140.dll\r\nFileVersion: 14.27.29112.0 built by: vcwrkspc\r\nDescription: Microsoft C Runtime Library\r\nProduct: Microsoft Visual Studio\r\nCompany: Microsoft Corporation\r\nOriginalFileName: vcruntime140.dll\r\nHashes: SHA1=DC6679BAC5B36356F6D294F00EE44DDDB1CE9108,MD5=6A6FF61F089628002171EED4AC6900A4,SHA256=2AA86A67CE51FBA3FBF3D90635332FFF61D505E8B9150AD56C98232B3672AE86,IMPHASH=44C3854843F7A3FCCDF8DDBBEA66F302\r\nSigned: true\r\nSignature: Microsoft Corporation\r\nSignatureStatus: Valid"}
{"@timestamp":"2020-10-29T08:23:21.541Z","TimeCreated":"2020-10-29T08:23:21.541Z","Hashes":"SHA1=EADAB7D0F7CEA9C6C292308C50672776AFBA216D,MD5=AA357A587802848BD310C66166948DAA,SHA256=3438CD45233295D70A86B5F412319752039336CF8E9B0B4F12235EE309F6AAE3,IMPHASH=0EE180C40BE7065C4D3C53E2BEC29F75","Signature":"Microsoft Windows","ProviderGuid":"{5770385f-c22a-43e0-bf4c-06f5698ffbd9}","Company":"Microsoft Corporation","UtcTime":"2020-10-30 00:23:21.526","ProcessGuid":"{14475cd4-5cf8-5f9b-7801-000000000500}","Image":"C:\\ProgramData\\SharpView.exe","ImageLoaded":"C:\\Windows\\System32\\activeds.dll","Level":"4","Channel":"Microsoft-Windows-Sysmon/Operational","Task":"7","RuleName":"-","FileVersion":"10.0.18362.1 (WinBuild.160101.0800)","SourceName":"Microsoft-Windows-Sysmon","Hostname":"WORKSTATION5.theshire.local","ProcessId":"3752","Description":"ADs Router Layer DLL","SignatureStatus":"Valid","Product":"Microsoft Windows Operating System","EventID":7,"Keywords":"0x8000000000000000","Signed":"true","OriginalFileName":"ADs","Message":"Image loaded:\r\nRuleName: -\r\nUtcTime: 2020-10-30 00:23:21.526\r\nProcessGuid: {14475cd4-5cf8-5f9b-7801-000000000500}\r\nProcessId: 3752\r\nImage: C:\\ProgramData\\SharpView.exe\r\nImageLoaded: C:\\Windows\\System32\\activeds.dll\r\nFileVersion: 10.0.18362.1 (WinBuild.160101.0800)\r\nDescription: ADs Router Layer DLL\r\nProduct: Microsoft Windows Operating System\r\nCompany: Microsoft Corporation\r\nOriginalFileName: ADs\r\nHashes: SHA1=EADAB7D0F7CEA9C6C292308C50672776AFBA216D,MD5=AA357A587802848BD310C66166948DAA,SHA256=3438CD45233295D70A86B5F412319752039336CF8E9B0B4F12235EE309F6AAE3,IMPHASH=0EE180C40BE7065C4D3C53E2BEC29F75\r\nSigned: true\r\nSignature: Microsoft Windows\r\nSignatureStatus: Valid"}
{"@timestamp":"2020-10-29T08:23:21.542Z","TimeCreated":"2020-10-29T08:23:21.542Z","Hashes":"SHA1=A7F37E0E0AC5369C7CA6528B6282AFCC1ACF1F45,MD5=3ECC23A415568AD67F9A0293B2D801CE,SHA256=AD0D54107118F6EBCF826F0A0E46D78D1115263F86E5C5A0452117C8A026E357,IMPHASH=7179BA3C109CDDEC2ECA5DF68BF7DC63","Signature":"Microsoft Windows","ProviderGuid":"{5770385f-c22a-43e0-bf4c-06f5698ffbd9}","Company":"Microsoft Corporation","UtcTime":"2020-10-30 00:23:21.526","ProcessGuid":"{14475cd4-5cf8-5f9b-7801-000000000500}","Image":"C:\\ProgramData\\SharpView.exe","ImageLoaded":"C:\\Windows\\System32\\adsldpc.dll","Level":"4","Channel":"Microsoft-Windows-Sysmon/Operational","Task":"7","RuleName":"-","FileVersion":"10.0.18362.1 (WinBuild.160101.0800)","SourceName":"Microsoft-Windows-Sysmon","Hostname":"WORKSTATION5.theshire.local","ProcessId":"3752","Description":"ADs LDAP Provider C DLL","SignatureStatus":"Valid","Product":"Microsoft Windows Operating System","EventID":7,"Keywords":"0x8000000000000000","Signed":"true","OriginalFileName":"adsldpc","Message":"Image loaded:\r\nRuleName: -\r\nUtcTime: 2020-10-30 00:23:21.526\r\nProcessGuid: {14475cd4-5cf8-5f9b-7801-000000000500}\r\nProcessId: 3752\r\nImage: C:\\ProgramData\\SharpView.exe\r\nImageLoaded: C:\\Windows\\System32\\adsldpc.dll\r\nFileVersion: 10.0.18362.1 (WinBuild.160101.0800)\r\nDescription: ADs LDAP Provider C DLL\r\nProduct: Microsoft Windows Operating System\r\nCompany: Microsoft Corporation\r\nOriginalFileName: adsldpc\r\nHashes: SHA1=A7F37E0E0AC5369C7CA6528B6282AFCC1ACF1F45,MD5=3ECC23A415568AD67F9A0293B2D801CE,SHA256=AD0D54107118F6EBCF826F0A0E46D78D1115263F86E5C5A0452117C8A026E357,IMPHASH=7179BA3C109CDDEC2ECA5DF68BF7DC63\r\nSigned: true\r\nSignature: Microsoft Windows\r\nSignatureStatus: Valid"}
{"@timestamp":"2020-10-29T08:23:21.542Z","TimeCreated":"2020-10-29T08:23:21.542Z","Hashes":"SHA1=FC578336307198EB7705E51CB41B7F8D1E7005F3,MD5=B5279E0D137AB95A787539323646954E,SHA256=E710817B205BE4D9F6857C62C2C8DB4995AD7D122B8C29552C6CD5DDC55FE78E,IMPHASH=F7AEA6F23FD3BA4DA0381D63C6FC222E","Signature":"Microsoft Windows","ProviderGuid":"{5770385f-c22a-43e0-bf4c-06f5698ffbd9}","Company":"Microsoft Corporation","UtcTime":"2020-10-30 00:23:21.526","ProcessGuid":"{14475cd4-5cf8-5f9b-7801-000000000500}","Image":"C:\\ProgramData\\SharpView.exe","ImageLoaded":"C:\\Windows\\System32\\Wldap32.dll","Level":"4","Channel":"Microsoft-Windows-Sysmon/Operational","Task":"7","RuleName":"-","FileVersion":"10.0.18362.449 (WinBuild.160101.0800)","SourceName":"Microsoft-Windows-Sysmon","Hostname":"WORKSTATION5.theshire.local","ProcessId":"3752","Description":"Win32 LDAP API DLL","SignatureStatus":"Valid","Product":"Microsoft Windows Operating System","EventID":7,"Keywords":"0x8000000000000000","Signed":"true","OriginalFileName":"WLDAP32.DLL","Message":"Image loaded:\r\nRuleName: -\r\nUtcTime: 2020-10-30 00:23:21.526\r\nProcessGuid: {14475cd4-5cf8-5f9b-7801-000000000500}\r\nProcessId: 3752\r\nImage: C:\\ProgramData\\SharpView.exe\r\nImageLoaded: C:\\Windows\\System32\\Wldap32.dll\r\nFileVersion: 10.0.18362.449 (WinBuild.160101.0800)\r\nDescription: Win32 LDAP API DLL\r\nProduct: Microsoft Windows Operating System\r\nCompany: Microsoft Corporation\r\nOriginalFileName: WLDAP32.DLL\r\nHashes: SHA1=FC578336307198EB7705E51CB41B7F8D1E7005F3,MD5=B5279E0D137AB95A787539323646954E,SHA256=E710817B205BE4D9F6857C62C2C8DB4995AD7D122B8C29552C6CD5DDC55FE78E,IMPHASH=F7AEA6F23FD3BA4DA0381D63C6FC222E\r\nSigned: true\r\nSignature: Microsoft Windows\r\nSignatureStatus: Valid"}
{"@timestamp":"2020-10-29T08:23:21.543Z","TimeCreated":"2020-10-29T08:23:21.543Z","Hashes":"SHA1=7DE7C7E87CFA639E8C4DF269E38FB69A391D6790,MD5=4B179D7C6AA9424831847BA6BACDB260,SHA256=F0541B07D7B00C8D09BC72DF7E2D974F83482E42CD88B4E8260B832B7A71682E,IMPHASH=70F94828FF194145825265FE7BA88C95","Signature":"Microsoft Windows","ProviderGuid":"{5770385f-c22a-43e0-bf4c-06f5698ffbd9}","Company":"Microsoft Corporation","UtcTime":"2020-10-30 00:23:21.542","ProcessGuid":"{14475cd4-5cf8-5f9b-7801-000000000500}","Image":"C:\\ProgramData\\SharpView.exe","ImageLoaded":"C:\\Windows\\System32\\clbcatq.dll","Level":"4","Channel":"Microsoft-Windows-Sysmon/Operational","Task":"7","RuleName":"-","FileVersion":"2001.12.10941.16384 (WinBuild.160101.0800)","SourceName":"Microsoft-Windows-Sysmon","Hostname":"WORKSTATION5.theshire.local","ProcessId":"3752","Description":"COM+ Configuration Catalog","SignatureStatus":"Valid","Product":"Microsoft Windows Operating System","EventID":7,"Keywords":"0x8000000000000000","Signed":"true","OriginalFileName":"CLBCATQ.DLL","Message":"Image loaded:\r\nRuleName: -\r\nUtcTime: 2020-10-30 00:23:21.542\r\nProcessGuid: {14475cd4-5cf8-5f9b-7801-000000000500}\r\nProcessId: 3752\r\nImage: C:\\ProgramData\\SharpView.exe\r\nImageLoaded: C:\\Windows\\System32\\clbcatq.dll\r\nFileVersion: 2001.12.10941.16384 (WinBuild.160101.0800)\r\nDescription: COM+ Configuration Catalog\r\nProduct: Microsoft Windows Operating System\r\nCompany: Microsoft Corporation\r\nOriginalFileName: CLBCATQ.DLL\r\nHashes: SHA1=7DE7C7E87CFA639E8C4DF269E38FB69A391D6790,MD5=4B179D7C6AA9424831847BA6BACDB260,SHA256=F0541B07D7B00C8D09BC72DF7E2D974F83482E42CD88B4E8260B832B7A71682E,IMPHASH=70F94828FF194145825265FE7BA88C95\r\nSigned: true\r\nSignature: Microsoft Windows\r\nSignatureStatus: Valid"}
{"@timestamp":"2020-10-29T08:23:21.550Z","TimeCreated":"2020-10-29T08:23:21.550Z","Hashes":"SHA1=F20130473BE07DCCB7E446B67BBBAE90F11FB511,MD5=021D87762B7D7A5714C30B586E8BA3AE,SHA256=8A933D9AFBC5F2E7DEA068DDB726C437312899FBD71AB8B185ABC577C5DC683E,IMPHASH=62B2B21EEA89C513AAD6FE32C1A85625","Signature":"Microsoft Windows","ProviderGuid":"{5770385f-c22a-43e0-bf4c-06f5698ffbd9}","Company":"Microsoft Corporation","UtcTime":"2020-10-30 00:23:21.542","ProcessGuid":"{14475cd4-5cf8-5f9b-7801-000000000500}","Image":"C:\\ProgramData\\SharpView.exe","ImageLoaded":"C:\\Windows\\System32\\adsldp.dll","Level":"4","Channel":"Microsoft-Windows-Sysmon/Operational","Task":"7","RuleName":"-","FileVersion":"10.0.18362.1 (WinBuild.160101.0800)","SourceName":"Microsoft-Windows-Sysmon","Hostname":"WORKSTATION5.theshire.local","ProcessId":"3752","Description":"ADs LDAP Provider DLL","SignatureStatus":"Valid","Product":"Microsoft Windows Operating System","EventID":7,"Keywords":"0x8000000000000000","Signed":"true","OriginalFileName":"oledsldp","Message":"Image loaded:\r\nRuleName: -\r\nUtcTime: 2020-10-30 00:23:21.542\r\nProcessGuid: {14475cd4-5cf8-5f9b-7801-000000000500}\r\nProcessId: 3752\r\nImage: C:\\ProgramData\\SharpView.exe\r\nImageLoaded: C:\\Windows\\System32\\adsldp.dll\r\nFileVersion: 10.0.18362.1 (WinBuild.160101.0800)\r\nDescription: ADs LDAP Provider DLL\r\nProduct: Microsoft Windows Operating System\r\nCompany: Microsoft Corporation\r\nOriginalFileName: oledsldp\r\nHashes: SHA1=F20130473BE07DCCB7E446B67BBBAE90F11FB511,MD5=021D87762B7D7A5714C30B586E8BA3AE,SHA256=8A933D9AFBC5F2E7DEA068DDB726C437312899FBD71AB8B185ABC577C5DC683E,IMPHASH=62B2B21EEA89C513AAD6FE32C1A85625\r\nSigned: true\r\nSignature: Microsoft Windows\r\nSignatureStatus: Valid"}
{"@timestamp":"2020-10-29T08:23:21.550Z","TimeCreated":"2020-10-29T08:23:21.550Z","Hashes":"SHA1=EEA36BA607E4A3CB78B8CE3EA94D2537F625D871,MD5=D047C1D9481B3A9B58C27AE6D6E6AF44,SHA256=2F2AF3505877F54A91BEAA5D13A435F1124228D8A935234090146B8E390EBAA0,IMPHASH=D862FCE5077DFE4E06485A219A56323D","Signature":"Microsoft Windows","ProviderGuid":"{5770385f-c22a-43e0-bf4c-06f5698ffbd9}","Company":"Microsoft Corporation","UtcTime":"2020-10-30 00:23:21.542","ProcessGuid":"{14475cd4-5cf8-5f9b-7801-000000000500}","Image":"C:\\ProgramData\\SharpView.exe","ImageLoaded":"C:\\Windows\\System32\\sxs.dll","Level":"4","Channel":"Microsoft-Windows-Sysmon/Operational","Task":"7","RuleName":"-","FileVersion":"10.0.18362.1139 (WinBuild.160101.0800)","SourceName":"Microsoft-Windows-Sysmon","Hostname":"WORKSTATION5.theshire.local","ProcessId":"3752","Description":"Fusion 2.5","SignatureStatus":"Valid","Product":"Microsoft Windows Operating System","EventID":7,"Keywords":"0x8000000000000000","Signed":"true","OriginalFileName":"SXS.DLL","Message":"Image loaded:\r\nRuleName: -\r\nUtcTime: 2020-10-30 00:23:21.542\r\nProcessGuid: {14475cd4-5cf8-5f9b-7801-000000000500}\r\nProcessId: 3752\r\nImage: C:\\ProgramData\\SharpView.exe\r\nImageLoaded: C:\\Windows\\System32\\sxs.dll\r\nFileVersion: 10.0.18362.1139 (WinBuild.160101.0800)\r\nDescription: Fusion 2.5\r\nProduct: Microsoft Windows Operating System\r\nCompany: Microsoft Corporation\r\nOriginalFileName: SXS.DLL\r\nHashes: SHA1=EEA36BA607E4A3CB78B8CE3EA94D2537F625D871,MD5=D047C1D9481B3A9B58C27AE6D6E6AF44,SHA256=2F2AF3505877F54A91BEAA5D13A435F1124228D8A935234090146B8E390EBAA0,IMPHASH=D862FCE5077DFE4E06485A219A56323D\r\nSigned: true\r\nSignature: Microsoft Windows\r\nSignatureStatus: Valid"}
{"@timestamp":"2020-10-29T08:23:21.553Z","TimeCreated":"2020-10-29T08:23:21.553Z","Hashes":"SHA1=0E931ED820C96CCAD23D4AFCB0ACD97C99155D11,MD5=C0F8DA7568D2F1534E0ABB0E69DC3280,SHA256=E419A4BBDF1D5E0601E90BAFC1558DBD7414CD44E098B581C1915EF2C6E38D0B,IMPHASH=70D7A835AF4CA9F98A94AAF1B60BF88F","Signature":"Microsoft Windows","ProviderGuid":"{5770385f-c22a-43e0-bf4c-06f5698ffbd9}","Company":"Microsoft Corporation","UtcTime":"2020-10-30 00:23:21.542","ProcessGuid":"{14475cd4-5cf8-5f9b-7801-000000000500}","Image":"C:\\ProgramData\\SharpView.exe","ImageLoaded":"C:\\Windows\\System32\\ws2_32.dll","Level":"4","Channel":"Microsoft-Windows-Sysmon/Operational","Task":"7","RuleName":"-","FileVersion":"10.0.18362.387 (WinBuild.160101.0800)","SourceName":"Microsoft-Windows-Sysmon","Hostname":"WORKSTATION5.theshire.local","ProcessId":"3752","Description":"Windows Socket 2.0 32-Bit DLL","SignatureStatus":"Valid","Product":"Microsoft Windows Operating System","EventID":7,"Keywords":"0x8000000000000000","Signed":"true","OriginalFileName":"ws2_32.dll","Message":"Image loaded:\r\nRuleName: -\r\nUtcTime: 2020-10-30 00:23:21.542\r\nProcessGuid: {14475cd4-5cf8-5f9b-7801-000000000500}\r\nProcessId: 3752\r\nImage: C:\\ProgramData\\SharpView.exe\r\nImageLoaded: C:\\Windows\\System32\\ws2_32.dll\r\nFileVersion: 10.0.18362.387 (WinBuild.160101.0800)\r\nDescription: Windows Socket 2.0 32-Bit DLL\r\nProduct: Microsoft Windows Operating System\r\nCompany: Microsoft Corporation\r\nOriginalFileName: ws2_32.dll\r\nHashes: SHA1=0E931ED820C96CCAD23D4AFCB0ACD97C99155D11,MD5=C0F8DA7568D2F1534E0ABB0E69DC3280,SHA256=E419A4BBDF1D5E0601E90BAFC1558DBD7414CD44E098B581C1915EF2C6E38D0B,IMPHASH=70D7A835AF4CA9F98A94AAF1B60BF88F\r\nSigned: true\r\nSignature: Microsoft Windows\r\nSignatureStatus: Valid"}
{"@timestamp":"2020-10-29T08:23:21.553Z","TimeCreated":"2020-10-29T08:23:21.553Z","Hashes":"SHA1=2E03CA141D735D13491049B4D6C2DC2B928B4C01,MD5=8578F1F72C6550CF62965D520FA7C6E9,SHA256=20008AAB6285FB2B24DE1E72D11654316FF601918FD05B7DF2F9894C64A16956,IMPHASH=E5E26C86BC73F56D7EDD17D98802AA21","Signature":"Microsoft Windows","ProviderGuid":"{5770385f-c22a-43e0-bf4c-06f5698ffbd9}","Company":"Microsoft Corporation","UtcTime":"2020-10-30 00:23:21.542","ProcessGuid":"{14475cd4-5cf8-5f9b-7801-000000000500}","Image":"C:\\ProgramData\\SharpView.exe","ImageLoaded":"C:\\Windows\\System32\\mswsock.dll","Level":"4","Channel":"Microsoft-Windows-Sysmon/Operational","Task":"7","RuleName":"-","FileVersion":"10.0.18362.815 (WinBuild.160101.0800)","SourceName":"Microsoft-Windows-Sysmon","Hostname":"WORKSTATION5.theshire.local","ProcessId":"3752","Description":"Microsoft Windows Sockets 2.0 Service Provider","SignatureStatus":"Valid","Product":"Microsoft Windows Operating System","EventID":7,"Keywords":"0x8000000000000000","Signed":"true","OriginalFileName":"mswsock.dll","Message":"Image loaded:\r\nRuleName: -\r\nUtcTime: 2020-10-30 00:23:21.542\r\nProcessGuid: {14475cd4-5cf8-5f9b-7801-000000000500}\r\nProcessId: 3752\r\nImage: C:\\ProgramData\\SharpView.exe\r\nImageLoaded: C:\\Windows\\System32\\mswsock.dll\r\nFileVersion: 10.0.18362.815 (WinBuild.160101.0800)\r\nDescription: Microsoft Windows Sockets 2.0 Service Provider\r\nProduct: Microsoft Windows Operating System\r\nCompany: Microsoft Corporation\r\nOriginalFileName: mswsock.dll\r\nHashes: SHA1=2E03CA141D735D13491049B4D6C2DC2B928B4C01,MD5=8578F1F72C6550CF62965D520FA7C6E9,SHA256=20008AAB6285FB2B24DE1E72D11654316FF601918FD05B7DF2F9894C64A16956,IMPHASH=E5E26C86BC73F56D7EDD17D98802AA21\r\nSigned: true\r\nSignature: Microsoft Windows\r\nSignatureStatus: Valid"}
{"@timestamp":"2020-10-29T08:23:21.554Z","TimeCreated":"2020-10-29T08:23:21.554Z","Hashes":"SHA1=2DC6D2E2127BB088D2AFF9A0CA80E694BBB469F0,MD5=43B1FFA120D776818900D4A0B5796CE8,SHA256=71D8558B1295C8EC089124A4D6F979728412699C5D9A65E7AC7E32CC090E321D,IMPHASH=6DF15A7E1FF1E236A8E6D3596422FF5E","Signature":"Microsoft Windows","ProviderGuid":"{5770385f-c22a-43e0-bf4c-06f5698ffbd9}","Company":"Microsoft Corporation","UtcTime":"2020-10-30 00:23:21.542","ProcessGuid":"{14475cd4-5cf8-5f9b-7801-000000000500}","Image":"C:\\ProgramData\\SharpView.exe","ImageLoaded":"C:\\Windows\\System32\\wshqos.dll","Level":"4","Channel":"Microsoft-Windows-Sysmon/Operational","Task":"7","RuleName":"-","FileVersion":"10.0.18362.1 (WinBuild.160101.0800)","SourceName":"Microsoft-Windows-Sysmon","Hostname":"WORKSTATION5.theshire.local","ProcessId":"3752","Description":"QoS Winsock2 Helper DLL","SignatureStatus":"Valid","Product":"Microsoft Windows Operating System","EventID":7,"Keywords":"0x8000000000000000","Signed":"true","OriginalFileName":"wshqos.dll","Message":"Image loaded:\r\nRuleName: -\r\nUtcTime: 2020-10-30 00:23:21.542\r\nProcessGuid: {14475cd4-5cf8-5f9b-7801-000000000500}\r\nProcessId: 3752\r\nImage: C:\\ProgramData\\SharpView.exe\r\nImageLoaded: C:\\Windows\\System32\\wshqos.dll\r\nFileVersion: 10.0.18362.1 (WinBuild.160101.0800)\r\nDescription: QoS Winsock2 Helper DLL\r\nProduct: Microsoft Windows Operating System\r\nCompany: Microsoft Corporation\r\nOriginalFileName: wshqos.dll\r\nHashes: SHA1=2DC6D2E2127BB088D2AFF9A0CA80E694BBB469F0,MD5=43B1FFA120D776818900D4A0B5796CE8,SHA256=71D8558B1295C8EC089124A4D6F979728412699C5D9A65E7AC7E32CC090E321D,IMPHASH=6DF15A7E1FF1E236A8E6D3596422FF5E\r\nSigned: true\r\nSignature: Microsoft Windows\r\nSignatureStatus: Valid"}
{"@timestamp":"2020-10-29T08:23:21.555Z","TimeCreated":"2020-10-29T08:23:21.555Z","Hashes":"SHA1=AC34C11990BA431268F36F6E6F52966241DE660B,MD5=4F44149C861C7CBB6F58EDF285E315A4,SHA256=A4F2A116986094805C270332B852F685E7811259CD2FE38CA009F0548B657B63,IMPHASH=81AF26DA75B32F0CDF22D424213BB9A6","Signature":"Microsoft Windows","ProviderGuid":"{5770385f-c22a-43e0-bf4c-06f5698ffbd9}","Company":"Microsoft Corporation","UtcTime":"2020-10-30 00:23:21.542","ProcessGuid":"{14475cd4-5cf8-5f9b-7801-000000000500}","Image":"C:\\ProgramData\\SharpView.exe","ImageLoaded":"C:\\Windows\\System32\\WSHTCPIP.DLL","Level":"4","Channel":"Microsoft-Windows-Sysmon/Operational","Task":"7","RuleName":"-","FileVersion":"10.0.18362.1 (WinBuild.160101.0800)","SourceName":"Microsoft-Windows-Sysmon","Hostname":"WORKSTATION5.theshire.local","ProcessId":"3752","Description":"Winsock2 Helper DLL (TL/IPv4)","SignatureStatus":"Valid","Product":"Microsoft Windows Operating System","EventID":7,"Keywords":"0x8000000000000000","Signed":"true","OriginalFileName":"wshtcpip.dll","Message":"Image loaded:\r\nRuleName: -\r\nUtcTime: 2020-10-30 00:23:21.542\r\nProcessGuid: {14475cd4-5cf8-5f9b-7801-000000000500}\r\nProcessId: 3752\r\nImage: C:\\ProgramData\\SharpView.exe\r\nImageLoaded: C:\\Windows\\System32\\WSHTCPIP.DLL\r\nFileVersion: 10.0.18362.1 (WinBuild.160101.0800)\r\nDescription: Winsock2 Helper DLL (TL/IPv4)\r\nProduct: Microsoft Windows Operating System\r\nCompany: Microsoft Corporation\r\nOriginalFileName: wshtcpip.dll\r\nHashes: SHA1=AC34C11990BA431268F36F6E6F52966241DE660B,MD5=4F44149C861C7CBB6F58EDF285E315A4,SHA256=A4F2A116986094805C270332B852F685E7811259CD2FE38CA009F0548B657B63,IMPHASH=81AF26DA75B32F0CDF22D424213BB9A6\r\nSigned: true\r\nSignature: Microsoft Windows\r\nSignatureStatus: Valid"}
{"@timestamp":"2020-10-29T08:23:21.556Z","TimeCreated":"2020-10-29T08:23:21.556Z","Hashes":"SHA1=AD9AFA80F34E2A2B885DCBBD801101079EC688CB,MD5=CAF5590389B55FEEECA71C40CEABAB07,SHA256=7ED927D22EF10038323CEC61C41760613587FA0250BF3F8D50C6D409BC5839B9,IMPHASH=7950D3E450C85468259854DF6349EEE2","Signature":"Microsoft Windows","ProviderGuid":"{5770385f-c22a-43e0-bf4c-06f5698ffbd9}","Company":"Microsoft Corporation","UtcTime":"2020-10-30 00:23:21.542","ProcessGuid":"{14475cd4-5cf8-5f9b-7801-000000000500}","Image":"C:\\ProgramData\\SharpView.exe","ImageLoaded":"C:\\Windows\\System32\\wship6.dll","Level":"4","Channel":"Microsoft-Windows-Sysmon/Operational","Task":"7","RuleName":"-","FileVersion":"10.0.18362.1 (WinBuild.160101.0800)","SourceName":"Microsoft-Windows-Sysmon","Hostname":"WORKSTATION5.theshire.local","ProcessId":"3752","Description":"Winsock2 Helper DLL (TL/IPv6)","SignatureStatus":"Valid","Product":"Microsoft Windows Operating System","EventID":7,"Keywords":"0x8000000000000000","Signed":"true","OriginalFileName":"wship6.dll","Message":"Image loaded:\r\nRuleName: -\r\nUtcTime: 2020-10-30 00:23:21.542\r\nProcessGuid: {14475cd4-5cf8-5f9b-7801-000000000500}\r\nProcessId: 3752\r\nImage: C:\\ProgramData\\SharpView.exe\r\nImageLoaded: C:\\Windows\\System32\\wship6.dll\r\nFileVersion: 10.0.18362.1 (WinBuild.160101.0800)\r\nDescription: Winsock2 Helper DLL (TL/IPv6)\r\nProduct: Microsoft Windows Operating System\r\nCompany: Microsoft Corporation\r\nOriginalFileName: wship6.dll\r\nHashes: SHA1=AD9AFA80F34E2A2B885DCBBD801101079EC688CB,MD5=CAF5590389B55FEEECA71C40CEABAB07,SHA256=7ED927D22EF10038323CEC61C41760613587FA0250BF3F8D50C6D409BC5839B9,IMPHASH=7950D3E450C85468259854DF6349EEE2\r\nSigned: true\r\nSignature: Microsoft Windows\r\nSignatureStatus: Valid"}
{"@timestamp":"2020-10-29T08:23:21.556Z","TimeCreated":"2020-10-29T08:23:21.556Z","Hashes":"SHA1=7ECC71CB7CE9147DD657AB1AE35886BA7DC756B4,MD5=F6C3A9388EAA0F34A4F96B21C0758FD2,SHA256=922455AD67DB41092375EEBF257F2FAF7C4533F7D387C3BE148EC46314FE765F,IMPHASH=B27E185C2CB3C781CFC023BF7643672A","Signature":"Microsoft Windows","ProviderGuid":"{5770385f-c22a-43e0-bf4c-06f5698ffbd9}","Company":"Microsoft Corporation","UtcTime":"2020-10-30 00:23:21.542","ProcessGuid":"{14475cd4-5cf8-5f9b-7801-000000000500}","Image":"C:\\ProgramData\\SharpView.exe","ImageLoaded":"C:\\Windows\\System32\\logoncli.dll","Level":"4","Channel":"Microsoft-Windows-Sysmon/Operational","Task":"7","RuleName":"-","FileVersion":"10.0.18362.959 (WinBuild.160101.0800)","SourceName":"Microsoft-Windows-Sysmon","Hostname":"WORKSTATION5.theshire.local","ProcessId":"3752","Description":"Net Logon Client DLL","SignatureStatus":"Valid","Product":"Microsoft Windows Operating System","EventID":7,"Keywords":"0x8000000000000000","Signed":"true","OriginalFileName":"LOGONCLI.DLL","Message":"Image loaded:\r\nRuleName: -\r\nUtcTime: 2020-10-30 00:23:21.542\r\nProcessGuid: {14475cd4-5cf8-5f9b-7801-000000000500}\r\nProcessId: 3752\r\nImage: C:\\ProgramData\\SharpView.exe\r\nImageLoaded: C:\\Windows\\System32\\logoncli.dll\r\nFileVersion: 10.0.18362.959 (WinBuild.160101.0800)\r\nDescription: Net Logon Client DLL\r\nProduct: Microsoft Windows Operating System\r\nCompany: Microsoft Corporation\r\nOriginalFileName: LOGONCLI.DLL\r\nHashes: SHA1=7ECC71CB7CE9147DD657AB1AE35886BA7DC756B4,MD5=F6C3A9388EAA0F34A4F96B21C0758FD2,SHA256=922455AD67DB41092375EEBF257F2FAF7C4533F7D387C3BE148EC46314FE765F,IMPHASH=B27E185C2CB3C781CFC023BF7643672A\r\nSigned: true\r\nSignature: Microsoft Windows\r\nSignatureStatus: Valid"}
{"@timestamp":"2020-10-29T08:23:21.556Z","TimeCreated":"2020-10-29T08:23:21.556Z","Hashes":"SHA1=F2859AF15CED4F162359CC8C1BA1B1FE85DC8867,MD5=56B24BF15E6E88A2D6EF9AFC26BF7FCF,SHA256=74DC0C738188BBF385E9C3295C9904A6CEF4A947AFB71F2A0825037BBB27C92A,IMPHASH=06BB7C9ADD27BBA7B9DE3ADCE76673AB","Signature":"Microsoft Windows","ProviderGuid":"{5770385f-c22a-43e0-bf4c-06f5698ffbd9}","Company":"Microsoft Corporation","UtcTime":"2020-10-30 00:23:21.542","ProcessGuid":"{14475cd4-5cf8-5f9b-7801-000000000500}","Image":"C:\\ProgramData\\SharpView.exe","ImageLoaded":"C:\\Windows\\System32\\netutils.dll","Level":"4","Channel":"Microsoft-Windows-Sysmon/Operational","Task":"7","RuleName":"-","FileVersion":"10.0.18362.1 (WinBuild.160101.0800)","SourceName":"Microsoft-Windows-Sysmon","Hostname":"WORKSTATION5.theshire.local","ProcessId":"3752","Description":"Net Win32 API Helpers DLL","SignatureStatus":"Valid","Product":"Microsoft Windows Operating System","EventID":7,"Keywords":"0x8000000000000000","Signed":"true","OriginalFileName":"NETUTILS.DLL","Message":"Image loaded:\r\nRuleName: -\r\nUtcTime: 2020-10-30 00:23:21.542\r\nProcessGuid: {14475cd4-5cf8-5f9b-7801-000000000500}\r\nProcessId: 3752\r\nImage: C:\\ProgramData\\SharpView.exe\r\nImageLoaded: C:\\Windows\\System32\\netutils.dll\r\nFileVersion: 10.0.18362.1 (WinBuild.160101.0800)\r\nDescription: Net Win32 API Helpers DLL\r\nProduct: Microsoft Windows Operating System\r\nCompany: Microsoft Corporation\r\nOriginalFileName: NETUTILS.DLL\r\nHashes: SHA1=F2859AF15CED4F162359CC8C1BA1B1FE85DC8867,MD5=56B24BF15E6E88A2D6EF9AFC26BF7FCF,SHA256=74DC0C738188BBF385E9C3295C9904A6CEF4A947AFB71F2A0825037BBB27C92A,IMPHASH=06BB7C9ADD27BBA7B9DE3ADCE76673AB\r\nSigned: true\r\nSignature: Microsoft Windows\r\nSignatureStatus: Valid"}
{"@timestamp":"2020-10-29T08:23:21.556Z","TimeCreated":"2020-10-29T08:23:21.556Z","ProviderGuid":"{5770385f-c22a-43e0-bf4c-06f5698ffbd9}","UtcTime":"2020-10-30 00:23:21.542","ProcessGuid":"{14475cd4-509a-5f9b-0c00-000000000500}","Image":"C:\\windows\\system32\\lsass.exe","Level":"4","Channel":"Microsoft-Windows-Sysmon/Operational","Task":"12","RuleName":"-","SourceName":"Microsoft-Windows-Sysmon","Hostname":"WORKSTATION5.theshire.local","ProcessId":"752","EventType":"CreateKey","EventID":12,"Keywords":"0x8000000000000000","TargetObject":"HKLM\\System\\CurrentControlSet\\Services\\Tcpip\\Parameters","Message":"Registry object added or deleted:\r\nRuleName: -\r\nEventType: CreateKey\r\nUtcTime: 2020-10-30 00:23:21.542\r\nProcessGuid: {14475cd4-509a-5f9b-0c00-000000000500}\r\nProcessId: 752\r\nImage: C:\\windows\\system32\\lsass.exe\r\nTargetObject: HKLM\\System\\CurrentControlSet\\Services\\Tcpip\\Parameters"}
{"@timestamp":"2020-10-29T08:23:21.562Z","TimeCreated":"2020-10-29T08:23:21.562Z","Hashes":"SHA1=F1909EDE6F17B5B31AFA580DFE3C28485CAA2037,MD5=F1286919D541FF93F1174B0B1F1CF7FD,SHA256=3453BD57B23A211FD45A1BBA0EF84FD3B61E174112D16974B9481A0818C372E5,IMPHASH=D8803D749EB329542778B6CC38924BBA","Signature":"Microsoft Windows","ProviderGuid":"{5770385f-c22a-43e0-bf4c-06f5698ffbd9}","Company":"Microsoft Corporation","UtcTime":"2020-10-30 00:23:21.557","ProcessGuid":"{14475cd4-5cf8-5f9b-7801-000000000500}","Image":"C:\\ProgramData\\SharpView.exe","ImageLoaded":"C:\\Windows\\System32\\dnsapi.dll","Level":"4","Channel":"Microsoft-Windows-Sysmon/Operational","Task":"7","RuleName":"-","FileVersion":"10.0.18362.1082 (WinBuild.160101.0800)","SourceName":"Microsoft-Windows-Sysmon","Hostname":"WORKSTATION5.theshire.local","ProcessId":"3752","Description":"DNS Client API DLL","SignatureStatus":"Valid","Product":"Microsoft Windows Operating System","EventID":7,"Keywords":"0x8000000000000000","Signed":"true","OriginalFileName":"dnsapi","Message":"Image loaded:\r\nRuleName: -\r\nUtcTime: 2020-10-30 00:23:21.557\r\nProcessGuid: {14475cd4-5cf8-5f9b-7801-000000000500}\r\nProcessId: 3752\r\nImage: C:\\ProgramData\\SharpView.exe\r\nImageLoaded: C:\\Windows\\System32\\dnsapi.dll\r\nFileVersion: 10.0.18362.1082 (WinBuild.160101.0800)\r\nDescription: DNS Client API DLL\r\nProduct: Microsoft Windows Operating System\r\nCompany: Microsoft Corporation\r\nOriginalFileName: dnsapi\r\nHashes: SHA1=F1909EDE6F17B5B31AFA580DFE3C28485CAA2037,MD5=F1286919D541FF93F1174B0B1F1CF7FD,SHA256=3453BD57B23A211FD45A1BBA0EF84FD3B61E174112D16974B9481A0818C372E5,IMPHASH=D8803D749EB329542778B6CC38924BBA\r\nSigned: true\r\nSignature: Microsoft Windows\r\nSignatureStatus: Valid"}
{"@timestamp":"2020-10-29T08:23:21.562Z","TimeCreated":"2020-10-29T08:23:21.562Z","Hashes":"SHA1=4118D7E1C3531A1A01FB8924E1A1D470066EEA3F,MD5=9EB93B389D055FA045FC91D2B763B3AC,SHA256=AB620EE31FB65F1A51B2FA28F30BC31329966CB27E3570812138DF99E4D7CC8D,IMPHASH=DEFB8C5BB37FCD63DC790B55724FDE42","Signature":"Microsoft Windows","ProviderGuid":"{5770385f-c22a-43e0-bf4c-06f5698ffbd9}","Company":"Microsoft Corporation","UtcTime":"2020-10-30 00:23:21.557","ProcessGuid":"{14475cd4-5cf8-5f9b-7801-000000000500}","Image":"C:\\ProgramData\\SharpView.exe","ImageLoaded":"C:\\Windows\\System32\\nsi.dll","Level":"4","Channel":"Microsoft-Windows-Sysmon/Operational","Task":"7","RuleName":"-","FileVersion":"10.0.18362.449 (WinBuild.160101.0800)","SourceName":"Microsoft-Windows-Sysmon","Hostname":"WORKSTATION5.theshire.local","ProcessId":"3752","Description":"NSI User-mode interface DLL","SignatureStatus":"Valid","Product":"Microsoft Windows Operating System","EventID":7,"Keywords":"0x8000000000000000","Signed":"true","OriginalFileName":"nsi.dll","Message":"Image loaded:\r\nRuleName: -\r\nUtcTime: 2020-10-30 00:23:21.557\r\nProcessGuid: {14475cd4-5cf8-5f9b-7801-000000000500}\r\nProcessId: 3752\r\nImage: C:\\ProgramData\\SharpView.exe\r\nImageLoaded: C:\\Windows\\System32\\nsi.dll\r\nFileVersion: 10.0.18362.449 (WinBuild.160101.0800)\r\nDescription: NSI User-mode interface DLL\r\nProduct: Microsoft Windows Operating System\r\nCompany: Microsoft Corporation\r\nOriginalFileName: nsi.dll\r\nHashes: SHA1=4118D7E1C3531A1A01FB8924E1A1D470066EEA3F,MD5=9EB93B389D055FA045FC91D2B763B3AC,SHA256=AB620EE31FB65F1A51B2FA28F30BC31329966CB27E3570812138DF99E4D7CC8D,IMPHASH=DEFB8C5BB37FCD63DC790B55724FDE42\r\nSigned: true\r\nSignature: Microsoft Windows\r\nSignatureStatus: Valid"}
{"@timestamp":"2020-10-29T08:23:21.563Z","TimeCreated":"2020-10-29T08:23:21.563Z","Hashes":"SHA1=9414EC114C3389E0A7BC2FD986E00946E1A2A299,MD5=3929147A2A34B0902152C7D0F241B02A,SHA256=AD1C5309AA873F6A284EABE382812868E20C3D3D64197F3E6EF9D015EA060CAA,IMPHASH=6EC28633CC4ECB9F457795DD7E00B34B","Signature":"Microsoft Windows","ProviderGuid":"{5770385f-c22a-43e0-bf4c-06f5698ffbd9}","Company":"Microsoft Corporation","UtcTime":"2020-10-30 00:23:21.557","ProcessGuid":"{14475cd4-5cf8-5f9b-7801-000000000500}","Image":"C:\\ProgramData\\SharpView.exe","ImageLoaded":"C:\\Windows\\System32\\IPHLPAPI.DLL","Level":"4","Channel":"Microsoft-Windows-Sysmon/Operational","Task":"7","RuleName":"-","FileVersion":"10.0.18362.1 (WinBuild.160101.0800)","SourceName":"Microsoft-Windows-Sysmon","Hostname":"WORKSTATION5.theshire.local","ProcessId":"3752","Description":"IP Helper API","SignatureStatus":"Valid","Product":"Microsoft Windows Operating System","EventID":7,"Keywords":"0x8000000000000000","Signed":"true","OriginalFileName":"iphlpapi.dll","Message":"Image loaded:\r\nRuleName: -\r\nUtcTime: 2020-10-30 00:23:21.557\r\nProcessGuid: {14475cd4-5cf8-5f9b-7801-000000000500}\r\nProcessId: 3752\r\nImage: C:\\ProgramData\\SharpView.exe\r\nImageLoaded: C:\\Windows\\System32\\IPHLPAPI.DLL\r\nFileVersion: 10.0.18362.1 (WinBuild.160101.0800)\r\nDescription: IP Helper API\r\nProduct: Microsoft Windows Operating System\r\nCompany: Microsoft Corporation\r\nOriginalFileName: iphlpapi.dll\r\nHashes: SHA1=9414EC114C3389E0A7BC2FD986E00946E1A2A299,MD5=3929147A2A34B0902152C7D0F241B02A,SHA256=AD1C5309AA873F6A284EABE382812868E20C3D3D64197F3E6EF9D015EA060CAA,IMPHASH=6EC28633CC4ECB9F457795DD7E00B34B\r\nSigned: true\r\nSignature: Microsoft Windows\r\nSignatureStatus: Valid"}
{"@timestamp":"2020-10-29T08:23:21.563Z","TimeCreated":"2020-10-29T08:23:21.563Z","ProviderGuid":"{5770385f-c22a-43e0-bf4c-06f5698ffbd9}","UtcTime":"2020-10-30 00:23:21.557","ProcessGuid":"{14475cd4-5cf8-5f9b-7801-000000000500}","Image":"C:\\ProgramData\\SharpView.exe","Level":"4","Channel":"Microsoft-Windows-Sysmon/Operational","Task":"12","RuleName":"-","SourceName":"Microsoft-Windows-Sysmon","Hostname":"WORKSTATION5.theshire.local","ProcessId":"3752","EventType":"CreateKey","EventID":12,"Keywords":"0x8000000000000000","TargetObject":"HKLM\\System\\CurrentControlSet\\Services\\Tcpip\\Parameters","Message":"Registry object added or deleted:\r\nRuleName: -\r\nEventType: CreateKey\r\nUtcTime: 2020-10-30 00:23:21.557\r\nProcessGuid: {14475cd4-5cf8-5f9b-7801-000000000500}\r\nProcessId: 3752\r\nImage: C:\\ProgramData\\SharpView.exe\r\nTargetObject: HKLM\\System\\CurrentControlSet\\Services\\Tcpip\\Parameters"}
{"@timestamp":"2020-10-29T08:23:21.564Z","TimeCreated":"2020-10-29T08:23:21.564Z","ProviderGuid":"{5770385f-c22a-43e0-bf4c-06f5698ffbd9}","UtcTime":"2020-10-30 00:23:21.557","ProcessGuid":"{14475cd4-5cf8-5f9b-7801-000000000500}","Image":"C:\\ProgramData\\SharpView.exe","Level":"4","Channel":"Microsoft-Windows-Sysmon/Operational","Task":"12","RuleName":"-","SourceName":"Microsoft-Windows-Sysmon","Hostname":"WORKSTATION5.theshire.local","ProcessId":"3752","EventType":"CreateKey","EventID":12,"Keywords":"0x8000000000000000","TargetObject":"HKLM\\System\\CurrentControlSet\\Services\\Tcpip\\Parameters","Message":"Registry object added or deleted:\r\nRuleName: -\r\nEventType: CreateKey\r\nUtcTime: 2020-10-30 00:23:21.557\r\nProcessGuid: {14475cd4-5cf8-5f9b-7801-000000000500}\r\nProcessId: 3752\r\nImage: C:\\ProgramData\\SharpView.exe\r\nTargetObject: HKLM\\System\\CurrentControlSet\\Services\\Tcpip\\Parameters"}
{"@timestamp":"2020-10-29T08:23:21.564Z","TimeCreated":"2020-10-29T08:23:21.564Z","ProviderGuid":"{5770385f-c22a-43e0-bf4c-06f5698ffbd9}","UtcTime":"2020-10-30 00:23:21.557","ProcessGuid":"{14475cd4-5cf8-5f9b-7801-000000000500}","Image":"C:\\ProgramData\\SharpView.exe","Level":"4","Channel":"Microsoft-Windows-Sysmon/Operational","Task":"12","RuleName":"-","SourceName":"Microsoft-Windows-Sysmon","Hostname":"WORKSTATION5.theshire.local","ProcessId":"3752","EventType":"CreateKey","EventID":12,"Keywords":"0x8000000000000000","TargetObject":"HKLM\\System\\CurrentControlSet\\Services\\Tcpip\\Parameters","Message":"Registry object added or deleted:\r\nRuleName: -\r\nEventType: CreateKey\r\nUtcTime: 2020-10-30 00:23:21.557\r\nProcessGuid: {14475cd4-5cf8-5f9b-7801-000000000500}\r\nProcessId: 3752\r\nImage: C:\\ProgramData\\SharpView.exe\r\nTargetObject: HKLM\\System\\CurrentControlSet\\Services\\Tcpip\\Parameters"}
{"@timestamp":"2020-10-29T08:23:21.564Z","TimeCreated":"2020-10-29T08:23:21.564Z","ProviderGuid":"{5770385f-c22a-43e0-bf4c-06f5698ffbd9}","UtcTime":"2020-10-30 00:23:21.557","ProcessGuid":"{14475cd4-5cf8-5f9b-7801-000000000500}","Image":"C:\\ProgramData\\SharpView.exe","Level":"4","Channel":"Microsoft-Windows-Sysmon/Operational","Task":"12","RuleName":"-","SourceName":"Microsoft-Windows-Sysmon","Hostname":"WORKSTATION5.theshire.local","ProcessId":"3752","EventType":"CreateKey","EventID":12,"Keywords":"0x8000000000000000","TargetObject":"HKLM\\System\\CurrentControlSet\\Services\\Tcpip\\Parameters","Message":"Registry object added or deleted:\r\nRuleName: -\r\nEventType: CreateKey\r\nUtcTime: 2020-10-30 00:23:21.557\r\nProcessGuid: {14475cd4-5cf8-5f9b-7801-000000000500}\r\nProcessId: 3752\r\nImage: C:\\ProgramData\\SharpView.exe\r\nTargetObject: HKLM\\System\\CurrentControlSet\\Services\\Tcpip\\Parameters"}
