{"TargetSid":"S-1-5-32-544","TimeCreated":"2020-10-19 12:28:31.558","SourceName":"Microsoft-Windows-Security-Auditing","SubjectDomainName":"WORKSTATION5","CallerProcessId":"0x1410","SubjectUserSid":"S-1-5-21-3940915590-64593676-1414006259-500","SubjectLogonId":"0xc61d9","EventID":4799,"Channel":"Security","Task":"13826","CallerProcessName":"C:\\Windows\\System32\\esentutl.exe","Message":"A security-enabled local group membership was enumerated.\r\n\r\nSubject:\r\n\tSecurity ID:\t\tS-1-5-21-3940915590-64593676-1414006259-500\r\n\tAccount Name:\t\twardog\r\n\tAccount Domain:\t\tWORKSTATION5\r\n\tLogon ID:\t\t0xC61D9\r\n\r\nGroup:\r\n\tSecurity ID:\t\tS-1-5-32-544\r\n\tGroup Name:\t\tAdministrators\r\n\tGroup Domain:\t\tBuiltin\r\n\r\nProcess Information:\r\n\tProcess ID:\t\t0x1410\r\n\tProcess Name:\t\tC:\\Windows\\System32\\esentutl.exe","Hostname":"WORKSTATION5","TargetUserName":"Administrators","TargetDomainName":"Builtin","SubjectUserName":"wardog"}
{"TargetSid":"S-1-5-32-544","TimeCreated":"2020-10-19 12:28:31.558","SourceName":"Microsoft-Windows-Security-Auditing","SubjectDomainName":"WORKSTATION5","CallerProcessId":"0x1410","SubjectUserSid":"S-1-5-21-3940915590-64593676-1414006259-500","SubjectLogonId":"0xc61d9","EventID":4799,"Channel":"Security","Task":"13826","CallerProcessName":"C:\\Windows\\System32\\esentutl.exe","Message":"A security-enabled local group membership was enumerated.\r\n\r\nSubject:\r\n\tSecurity ID:\t\tS-1-5-21-3940915590-64593676-1414006259-500\r\n\tAccount Name:\t\twardog\r\n\tAccount Domain:\t\tWORKSTATION5\r\n\tLogon ID:\t\t0xC61D9\r\n\r\nGroup:\r\n\tSecurity ID:\t\tS-1-5-32-544\r\n\tGroup Name:\t\tAdministrators\r\n\tGroup Domain:\t\tBuiltin\r\n\r\nProcess Information:\r\n\tProcess ID:\t\t0x1410\r\n\tProcess Name:\t\tC:\\Windows\\System32\\esentutl.exe","Hostname":"WORKSTATION5","TargetUserName":"Administrators","TargetDomainName":"Builtin","SubjectUserName":"wardog"}
{"TargetSid":"S-1-5-32-544","TimeCreated":"2020-10-19 12:28:31.557","SourceName":"Microsoft-Windows-Security-Auditing","SubjectDomainName":"WORKSTATION5","CallerProcessId":"0x1410","SubjectUserSid":"S-1-5-21-3940915590-64593676-1414006259-500","SubjectLogonId":"0xc61d9","EventID":4799,"Channel":"Security","Task":"13826","CallerProcessName":"C:\\Windows\\System32\\esentutl.exe","Message":"A security-enabled local group membership was enumerated.\r\n\r\nSubject:\r\n\tSecurity ID:\t\tS-1-5-21-3940915590-64593676-1414006259-500\r\n\tAccount Name:\t\twardog\r\n\tAccount Domain:\t\tWORKSTATION5\r\n\tLogon ID:\t\t0xC61D9\r\n\r\nGroup:\r\n\tSecurity ID:\t\tS-1-5-32-544\r\n\tGroup Name:\t\tAdministrators\r\n\tGroup Domain:\t\tBuiltin\r\n\r\nProcess Information:\r\n\tProcess ID:\t\t0x1410\r\n\tProcess Name:\t\tC:\\Windows\\System32\\esentutl.exe","Hostname":"WORKSTATION5","TargetUserName":"Administrators","TargetDomainName":"Builtin","SubjectUserName":"wardog"}
{"TargetSid":"S-1-5-32-551","TimeCreated":"2020-10-19 12:28:31.556","SourceName":"Microsoft-Windows-Security-Auditing","SubjectDomainName":"WORKSTATION5","CallerProcessId":"0x1410","SubjectUserSid":"S-1-5-21-3940915590-64593676-1414006259-500","SubjectLogonId":"0xc61d9","EventID":4799,"Channel":"Security","Task":"13826","CallerProcessName":"C:\\Windows\\System32\\esentutl.exe","Message":"A security-enabled local group membership was enumerated.\r\n\r\nSubject:\r\n\tSecurity ID:\t\tS-1-5-21-3940915590-64593676-1414006259-500\r\n\tAccount Name:\t\twardog\r\n\tAccount Domain:\t\tWORKSTATION5\r\n\tLogon ID:\t\t0xC61D9\r\n\r\nGroup:\r\n\tSecurity ID:\t\tS-1-5-32-551\r\n\tGroup Name:\t\tBackup Operators\r\n\tGroup Domain:\t\tBuiltin\r\n\r\nProcess Information:\r\n\tProcess ID:\t\t0x1410\r\n\tProcess Name:\t\tC:\\Windows\\System32\\esentutl.exe","Hostname":"WORKSTATION5","TargetUserName":"Backup Operators","TargetDomainName":"Builtin","SubjectUserName":"wardog"}
{"TargetSid":"S-1-5-32-551","TimeCreated":"2020-10-19 12:28:31.556","SourceName":"Microsoft-Windows-Security-Auditing","SubjectDomainName":"WORKSTATION5","CallerProcessId":"0x1410","SubjectUserSid":"S-1-5-21-3940915590-64593676-1414006259-500","SubjectLogonId":"0xc61d9","EventID":4799,"Channel":"Security","Task":"13826","CallerProcessName":"C:\\Windows\\System32\\esentutl.exe","Message":"A security-enabled local group membership was enumerated.\r\n\r\nSubject:\r\n\tSecurity ID:\t\tS-1-5-21-3940915590-64593676-1414006259-500\r\n\tAccount Name:\t\twardog\r\n\tAccount Domain:\t\tWORKSTATION5\r\n\tLogon ID:\t\t0xC61D9\r\n\r\nGroup:\r\n\tSecurity ID:\t\tS-1-5-32-551\r\n\tGroup Name:\t\tBackup Operators\r\n\tGroup Domain:\t\tBuiltin\r\n\r\nProcess Information:\r\n\tProcess ID:\t\t0x1410\r\n\tProcess Name:\t\tC:\\Windows\\System32\\esentutl.exe","Hostname":"WORKSTATION5","TargetUserName":"Backup Operators","TargetDomainName":"Builtin","SubjectUserName":"wardog"}
{"TargetSid":"S-1-5-32-544","TimeCreated":"2020-10-19 12:28:31.555","SourceName":"Microsoft-Windows-Security-Auditing","SubjectDomainName":"WORKSTATION5","CallerProcessId":"0x1410","SubjectUserSid":"S-1-5-21-3940915590-64593676-1414006259-500","SubjectLogonId":"0xc61d9","EventID":4799,"Channel":"Security","Task":"13826","CallerProcessName":"C:\\Windows\\System32\\esentutl.exe","Message":"A security-enabled local group membership was enumerated.\r\n\r\nSubject:\r\n\tSecurity ID:\t\tS-1-5-21-3940915590-64593676-1414006259-500\r\n\tAccount Name:\t\twardog\r\n\tAccount Domain:\t\tWORKSTATION5\r\n\tLogon ID:\t\t0xC61D9\r\n\r\nGroup:\r\n\tSecurity ID:\t\tS-1-5-32-544\r\n\tGroup Name:\t\tAdministrators\r\n\tGroup Domain:\t\tBuiltin\r\n\r\nProcess Information:\r\n\tProcess ID:\t\t0x1410\r\n\tProcess Name:\t\tC:\\Windows\\System32\\esentutl.exe","Hostname":"WORKSTATION5","TargetUserName":"Administrators","TargetDomainName":"Builtin","SubjectUserName":"wardog"}
{"TargetSid":"S-1-5-32-544","TimeCreated":"2020-10-19 12:28:31.555","SourceName":"Microsoft-Windows-Security-Auditing","SubjectDomainName":"WORKSTATION5","CallerProcessId":"0x1410","SubjectUserSid":"S-1-5-21-3940915590-64593676-1414006259-500","SubjectLogonId":"0xc61d9","EventID":4799,"Channel":"Security","Task":"13826","CallerProcessName":"C:\\Windows\\System32\\esentutl.exe","Message":"A security-enabled local group membership was enumerated.\r\n\r\nSubject:\r\n\tSecurity ID:\t\tS-1-5-21-3940915590-64593676-1414006259-500\r\n\tAccount Name:\t\twardog\r\n\tAccount Domain:\t\tWORKSTATION5\r\n\tLogon ID:\t\t0xC61D9\r\n\r\nGroup:\r\n\tSecurity ID:\t\tS-1-5-32-544\r\n\tGroup Name:\t\tAdministrators\r\n\tGroup Domain:\t\tBuiltin\r\n\r\nProcess Information:\r\n\tProcess ID:\t\t0x1410\r\n\tProcess Name:\t\tC:\\Windows\\System32\\esentutl.exe","Hostname":"WORKSTATION5","TargetUserName":"Administrators","TargetDomainName":"Builtin","SubjectUserName":"wardog"}
{"TargetSid":"S-1-5-32-551","TimeCreated":"2020-10-19 12:28:31.552","SourceName":"Microsoft-Windows-Security-Auditing","SubjectDomainName":"WORKSTATION5","CallerProcessId":"0x1410","SubjectUserSid":"S-1-5-21-3940915590-64593676-1414006259-500","SubjectLogonId":"0xc61d9","EventID":4799,"Channel":"Security","Task":"13826","CallerProcessName":"C:\\Windows\\System32\\esentutl.exe","Message":"A security-enabled local group membership was enumerated.\r\n\r\nSubject:\r\n\tSecurity ID:\t\tS-1-5-21-3940915590-64593676-1414006259-500\r\n\tAccount Name:\t\twardog\r\n\tAccount Domain:\t\tWORKSTATION5\r\n\tLogon ID:\t\t0xC61D9\r\n\r\nGroup:\r\n\tSecurity ID:\t\tS-1-5-32-551\r\n\tGroup Name:\t\tBackup Operators\r\n\tGroup Domain:\t\tBuiltin\r\n\r\nProcess Information:\r\n\tProcess ID:\t\t0x1410\r\n\tProcess Name:\t\tC:\\Windows\\System32\\esentutl.exe","Hostname":"WORKSTATION5","TargetUserName":"Backup Operators","TargetDomainName":"Builtin","SubjectUserName":"wardog"}
{"TargetSid":"S-1-5-32-544","TimeCreated":"2020-10-19 12:28:31.551","SourceName":"Microsoft-Windows-Security-Auditing","SubjectDomainName":"WORKSTATION5","CallerProcessId":"0x1410","SubjectUserSid":"S-1-5-21-3940915590-64593676-1414006259-500","SubjectLogonId":"0xc61d9","EventID":4799,"Channel":"Security","Task":"13826","CallerProcessName":"C:\\Windows\\System32\\esentutl.exe","Message":"A security-enabled local group membership was enumerated.\r\n\r\nSubject:\r\n\tSecurity ID:\t\tS-1-5-21-3940915590-64593676-1414006259-500\r\n\tAccount Name:\t\twardog\r\n\tAccount Domain:\t\tWORKSTATION5\r\n\tLogon ID:\t\t0xC61D9\r\n\r\nGroup:\r\n\tSecurity ID:\t\tS-1-5-32-544\r\n\tGroup Name:\t\tAdministrators\r\n\tGroup Domain:\t\tBuiltin\r\n\r\nProcess Information:\r\n\tProcess ID:\t\t0x1410\r\n\tProcess Name:\t\tC:\\Windows\\System32\\esentutl.exe","Hostname":"WORKSTATION5","TargetUserName":"Administrators","TargetDomainName":"Builtin","SubjectUserName":"wardog"}
{"TargetSid":"S-1-5-32-551","TimeCreated":"2020-10-19 12:28:31.550","SourceName":"Microsoft-Windows-Security-Auditing","SubjectDomainName":"WORKSTATION5","CallerProcessId":"0x1410","SubjectUserSid":"S-1-5-21-3940915590-64593676-1414006259-500","SubjectLogonId":"0xc61d9","EventID":4799,"Channel":"Security","Task":"13826","CallerProcessName":"C:\\Windows\\System32\\esentutl.exe","Message":"A security-enabled local group membership was enumerated.\r\n\r\nSubject:\r\n\tSecurity ID:\t\tS-1-5-21-3940915590-64593676-1414006259-500\r\n\tAccount Name:\t\twardog\r\n\tAccount Domain:\t\tWORKSTATION5\r\n\tLogon ID:\t\t0xC61D9\r\n\r\nGroup:\r\n\tSecurity ID:\t\tS-1-5-32-551\r\n\tGroup Name:\t\tBackup Operators\r\n\tGroup Domain:\t\tBuiltin\r\n\r\nProcess Information:\r\n\tProcess ID:\t\t0x1410\r\n\tProcess Name:\t\tC:\\Windows\\System32\\esentutl.exe","Hostname":"WORKSTATION5","TargetUserName":"Backup Operators","TargetDomainName":"Builtin","SubjectUserName":"wardog"}
{"TargetSid":"S-1-5-32-544","TimeCreated":"2020-10-19 12:28:31.550","SourceName":"Microsoft-Windows-Security-Auditing","SubjectDomainName":"WORKSTATION5","CallerProcessId":"0x1410","SubjectUserSid":"S-1-5-21-3940915590-64593676-1414006259-500","SubjectLogonId":"0xc61d9","EventID":4799,"Channel":"Security","Task":"13826","CallerProcessName":"C:\\Windows\\System32\\esentutl.exe","Message":"A security-enabled local group membership was enumerated.\r\n\r\nSubject:\r\n\tSecurity ID:\t\tS-1-5-21-3940915590-64593676-1414006259-500\r\n\tAccount Name:\t\twardog\r\n\tAccount Domain:\t\tWORKSTATION5\r\n\tLogon ID:\t\t0xC61D9\r\n\r\nGroup:\r\n\tSecurity ID:\t\tS-1-5-32-544\r\n\tGroup Name:\t\tAdministrators\r\n\tGroup Domain:\t\tBuiltin\r\n\r\nProcess Information:\r\n\tProcess ID:\t\t0x1410\r\n\tProcess Name:\t\tC:\\Windows\\System32\\esentutl.exe","Hostname":"WORKSTATION5","TargetUserName":"Administrators","TargetDomainName":"Builtin","SubjectUserName":"wardog"}
{"TargetSid":"S-1-5-32-551","TimeCreated":"2020-10-19 12:28:31.549","SourceName":"Microsoft-Windows-Security-Auditing","SubjectDomainName":"WORKSTATION5","CallerProcessId":"0x1410","SubjectUserSid":"S-1-5-21-3940915590-64593676-1414006259-500","SubjectLogonId":"0xc61d9","EventID":4799,"Channel":"Security","Task":"13826","CallerProcessName":"C:\\Windows\\System32\\esentutl.exe","Message":"A security-enabled local group membership was enumerated.\r\n\r\nSubject:\r\n\tSecurity ID:\t\tS-1-5-21-3940915590-64593676-1414006259-500\r\n\tAccount Name:\t\twardog\r\n\tAccount Domain:\t\tWORKSTATION5\r\n\tLogon ID:\t\t0xC61D9\r\n\r\nGroup:\r\n\tSecurity ID:\t\tS-1-5-32-551\r\n\tGroup Name:\t\tBackup Operators\r\n\tGroup Domain:\t\tBuiltin\r\n\r\nProcess Information:\r\n\tProcess ID:\t\t0x1410\r\n\tProcess Name:\t\tC:\\Windows\\System32\\esentutl.exe","Hostname":"WORKSTATION5","TargetUserName":"Backup Operators","TargetDomainName":"Builtin","SubjectUserName":"wardog"}
{"TargetSid":"S-1-5-32-544","TimeCreated":"2020-10-19 12:28:31.548","SourceName":"Microsoft-Windows-Security-Auditing","SubjectDomainName":"WORKSTATION5","CallerProcessId":"0x1410","SubjectUserSid":"S-1-5-21-3940915590-64593676-1414006259-500","SubjectLogonId":"0xc61d9","EventID":4799,"Channel":"Security","Task":"13826","CallerProcessName":"C:\\Windows\\System32\\esentutl.exe","Message":"A security-enabled local group membership was enumerated.\r\n\r\nSubject:\r\n\tSecurity ID:\t\tS-1-5-21-3940915590-64593676-1414006259-500\r\n\tAccount Name:\t\twardog\r\n\tAccount Domain:\t\tWORKSTATION5\r\n\tLogon ID:\t\t0xC61D9\r\n\r\nGroup:\r\n\tSecurity ID:\t\tS-1-5-32-544\r\n\tGroup Name:\t\tAdministrators\r\n\tGroup Domain:\t\tBuiltin\r\n\r\nProcess Information:\r\n\tProcess ID:\t\t0x1410\r\n\tProcess Name:\t\tC:\\Windows\\System32\\esentutl.exe","Hostname":"WORKSTATION5","TargetUserName":"Administrators","TargetDomainName":"Builtin","SubjectUserName":"wardog"}
{"TargetSid":"S-1-5-32-551","TimeCreated":"2020-10-19 12:28:31.493","SourceName":"Microsoft-Windows-Security-Auditing","SubjectDomainName":"WORKSTATION5","CallerProcessId":"0x1410","SubjectUserSid":"S-1-5-21-3940915590-64593676-1414006259-500","SubjectLogonId":"0xc61d9","EventID":4799,"Channel":"Security","Task":"13826","CallerProcessName":"C:\\Windows\\System32\\esentutl.exe","Message":"A security-enabled local group membership was enumerated.\r\n\r\nSubject:\r\n\tSecurity ID:\t\tS-1-5-21-3940915590-64593676-1414006259-500\r\n\tAccount Name:\t\twardog\r\n\tAccount Domain:\t\tWORKSTATION5\r\n\tLogon ID:\t\t0xC61D9\r\n\r\nGroup:\r\n\tSecurity ID:\t\tS-1-5-32-551\r\n\tGroup Name:\t\tBackup Operators\r\n\tGroup Domain:\t\tBuiltin\r\n\r\nProcess Information:\r\n\tProcess ID:\t\t0x1410\r\n\tProcess Name:\t\tC:\\Windows\\System32\\esentutl.exe","Hostname":"WORKSTATION5","TargetUserName":"Backup Operators","TargetDomainName":"Builtin","SubjectUserName":"wardog"}
{"TargetSid":"S-1-5-32-544","TimeCreated":"2020-10-19 12:28:31.492","SourceName":"Microsoft-Windows-Security-Auditing","SubjectDomainName":"WORKSTATION5","CallerProcessId":"0x1410","SubjectUserSid":"S-1-5-21-3940915590-64593676-1414006259-500","SubjectLogonId":"0xc61d9","EventID":4799,"Channel":"Security","Task":"13826","CallerProcessName":"C:\\Windows\\System32\\esentutl.exe","Message":"A security-enabled local group membership was enumerated.\r\n\r\nSubject:\r\n\tSecurity ID:\t\tS-1-5-21-3940915590-64593676-1414006259-500\r\n\tAccount Name:\t\twardog\r\n\tAccount Domain:\t\tWORKSTATION5\r\n\tLogon ID:\t\t0xC61D9\r\n\r\nGroup:\r\n\tSecurity ID:\t\tS-1-5-32-544\r\n\tGroup Name:\t\tAdministrators\r\n\tGroup Domain:\t\tBuiltin\r\n\r\nProcess Information:\r\n\tProcess ID:\t\t0x1410\r\n\tProcess Name:\t\tC:\\Windows\\System32\\esentutl.exe","Hostname":"WORKSTATION5","TargetUserName":"Administrators","TargetDomainName":"Builtin","SubjectUserName":"wardog"}
{"TargetSid":"S-1-5-32-551","TimeCreated":"2020-10-19 12:28:31.487","SourceName":"Microsoft-Windows-Security-Auditing","SubjectDomainName":"WORKSTATION5","CallerProcessId":"0x1410","SubjectUserSid":"S-1-5-21-3940915590-64593676-1414006259-500","SubjectLogonId":"0xc61d9","EventID":4799,"Channel":"Security","Task":"13826","CallerProcessName":"C:\\Windows\\System32\\esentutl.exe","Message":"A security-enabled local group membership was enumerated.\r\n\r\nSubject:\r\n\tSecurity ID:\t\tS-1-5-21-3940915590-64593676-1414006259-500\r\n\tAccount Name:\t\twardog\r\n\tAccount Domain:\t\tWORKSTATION5\r\n\tLogon ID:\t\t0xC61D9\r\n\r\nGroup:\r\n\tSecurity ID:\t\tS-1-5-32-551\r\n\tGroup Name:\t\tBackup Operators\r\n\tGroup Domain:\t\tBuiltin\r\n\r\nProcess Information:\r\n\tProcess ID:\t\t0x1410\r\n\tProcess Name:\t\tC:\\Windows\\System32\\esentutl.exe","Hostname":"WORKSTATION5","TargetUserName":"Backup Operators","TargetDomainName":"Builtin","SubjectUserName":"wardog"}
{"TargetSid":"S-1-5-32-544","TimeCreated":"2020-10-19 12:28:31.486","SourceName":"Microsoft-Windows-Security-Auditing","SubjectDomainName":"WORKSTATION5","CallerProcessId":"0x1410","SubjectUserSid":"S-1-5-21-3940915590-64593676-1414006259-500","SubjectLogonId":"0xc61d9","EventID":4799,"Channel":"Security","Task":"13826","CallerProcessName":"C:\\Windows\\System32\\esentutl.exe","Message":"A security-enabled local group membership was enumerated.\r\n\r\nSubject:\r\n\tSecurity ID:\t\tS-1-5-21-3940915590-64593676-1414006259-500\r\n\tAccount Name:\t\twardog\r\n\tAccount Domain:\t\tWORKSTATION5\r\n\tLogon ID:\t\t0xC61D9\r\n\r\nGroup:\r\n\tSecurity ID:\t\tS-1-5-32-544\r\n\tGroup Name:\t\tAdministrators\r\n\tGroup Domain:\t\tBuiltin\r\n\r\nProcess Information:\r\n\tProcess ID:\t\t0x1410\r\n\tProcess Name:\t\tC:\\Windows\\System32\\esentutl.exe","Hostname":"WORKSTATION5","TargetUserName":"Administrators","TargetDomainName":"Builtin","SubjectUserName":"wardog"}
{"TargetSid":"S-1-5-32-551","TimeCreated":"2020-10-19 12:28:31.485","SourceName":"Microsoft-Windows-Security-Auditing","SubjectDomainName":"WORKSTATION5","CallerProcessId":"0x1410","SubjectUserSid":"S-1-5-21-3940915590-64593676-1414006259-500","SubjectLogonId":"0xc61d9","EventID":4799,"Channel":"Security","Task":"13826","CallerProcessName":"C:\\Windows\\System32\\esentutl.exe","Message":"A security-enabled local group membership was enumerated.\r\n\r\nSubject:\r\n\tSecurity ID:\t\tS-1-5-21-3940915590-64593676-1414006259-500\r\n\tAccount Name:\t\twardog\r\n\tAccount Domain:\t\tWORKSTATION5\r\n\tLogon ID:\t\t0xC61D9\r\n\r\nGroup:\r\n\tSecurity ID:\t\tS-1-5-32-551\r\n\tGroup Name:\t\tBackup Operators\r\n\tGroup Domain:\t\tBuiltin\r\n\r\nProcess Information:\r\n\tProcess ID:\t\t0x1410\r\n\tProcess Name:\t\tC:\\Windows\\System32\\esentutl.exe","Hostname":"WORKSTATION5","TargetUserName":"Backup Operators","TargetDomainName":"Builtin","SubjectUserName":"wardog"}
{"TargetSid":"S-1-5-32-544","TimeCreated":"2020-10-19 12:28:31.484","SourceName":"Microsoft-Windows-Security-Auditing","SubjectDomainName":"WORKSTATION5","CallerProcessId":"0x1410","SubjectUserSid":"S-1-5-21-3940915590-64593676-1414006259-500","SubjectLogonId":"0xc61d9","EventID":4799,"Channel":"Security","Task":"13826","CallerProcessName":"C:\\Windows\\System32\\esentutl.exe","Message":"A security-enabled local group membership was enumerated.\r\n\r\nSubject:\r\n\tSecurity ID:\t\tS-1-5-21-3940915590-64593676-1414006259-500\r\n\tAccount Name:\t\twardog\r\n\tAccount Domain:\t\tWORKSTATION5\r\n\tLogon ID:\t\t0xC61D9\r\n\r\nGroup:\r\n\tSecurity ID:\t\tS-1-5-32-544\r\n\tGroup Name:\t\tAdministrators\r\n\tGroup Domain:\t\tBuiltin\r\n\r\nProcess Information:\r\n\tProcess ID:\t\t0x1410\r\n\tProcess Name:\t\tC:\\Windows\\System32\\esentutl.exe","Hostname":"WORKSTATION5","TargetUserName":"Administrators","TargetDomainName":"Builtin","SubjectUserName":"wardog"}
{"TargetSid":"S-1-5-32-551","TimeCreated":"2020-10-19 12:28:31.482","SourceName":"Microsoft-Windows-Security-Auditing","SubjectDomainName":"WORKSTATION5","CallerProcessId":"0x1410","SubjectUserSid":"S-1-5-21-3940915590-64593676-1414006259-500","SubjectLogonId":"0xc61d9","EventID":4799,"Channel":"Security","Task":"13826","CallerProcessName":"C:\\Windows\\System32\\esentutl.exe","Message":"A security-enabled local group membership was enumerated.\r\n\r\nSubject:\r\n\tSecurity ID:\t\tS-1-5-21-3940915590-64593676-1414006259-500\r\n\tAccount Name:\t\twardog\r\n\tAccount Domain:\t\tWORKSTATION5\r\n\tLogon ID:\t\t0xC61D9\r\n\r\nGroup:\r\n\tSecurity ID:\t\tS-1-5-32-551\r\n\tGroup Name:\t\tBackup Operators\r\n\tGroup Domain:\t\tBuiltin\r\n\r\nProcess Information:\r\n\tProcess ID:\t\t0x1410\r\n\tProcess Name:\t\tC:\\Windows\\System32\\esentutl.exe","Hostname":"WORKSTATION5","TargetUserName":"Backup Operators","TargetDomainName":"Builtin","SubjectUserName":"wardog"}
{"TargetSid":"S-1-5-32-544","TimeCreated":"2020-10-19 12:28:31.481","SourceName":"Microsoft-Windows-Security-Auditing","SubjectDomainName":"WORKSTATION5","CallerProcessId":"0x1410","SubjectUserSid":"S-1-5-21-3940915590-64593676-1414006259-500","SubjectLogonId":"0xc61d9","EventID":4799,"Channel":"Security","Task":"13826","CallerProcessName":"C:\\Windows\\System32\\esentutl.exe","Message":"A security-enabled local group membership was enumerated.\r\n\r\nSubject:\r\n\tSecurity ID:\t\tS-1-5-21-3940915590-64593676-1414006259-500\r\n\tAccount Name:\t\twardog\r\n\tAccount Domain:\t\tWORKSTATION5\r\n\tLogon ID:\t\t0xC61D9\r\n\r\nGroup:\r\n\tSecurity ID:\t\tS-1-5-32-544\r\n\tGroup Name:\t\tAdministrators\r\n\tGroup Domain:\t\tBuiltin\r\n\r\nProcess Information:\r\n\tProcess ID:\t\t0x1410\r\n\tProcess Name:\t\tC:\\Windows\\System32\\esentutl.exe","Hostname":"WORKSTATION5","TargetUserName":"Administrators","TargetDomainName":"Builtin","SubjectUserName":"wardog"}
{"TargetSid":"S-1-5-32-551","TimeCreated":"2020-10-19 12:28:31.480","SourceName":"Microsoft-Windows-Security-Auditing","SubjectDomainName":"WORKSTATION5","CallerProcessId":"0x1410","SubjectUserSid":"S-1-5-21-3940915590-64593676-1414006259-500","SubjectLogonId":"0xc61d9","EventID":4799,"Channel":"Security","Task":"13826","CallerProcessName":"C:\\Windows\\System32\\esentutl.exe","Message":"A security-enabled local group membership was enumerated.\r\n\r\nSubject:\r\n\tSecurity ID:\t\tS-1-5-21-3940915590-64593676-1414006259-500\r\n\tAccount Name:\t\twardog\r\n\tAccount Domain:\t\tWORKSTATION5\r\n\tLogon ID:\t\t0xC61D9\r\n\r\nGroup:\r\n\tSecurity ID:\t\tS-1-5-32-551\r\n\tGroup Name:\t\tBackup Operators\r\n\tGroup Domain:\t\tBuiltin\r\n\r\nProcess Information:\r\n\tProcess ID:\t\t0x1410\r\n\tProcess Name:\t\tC:\\Windows\\System32\\esentutl.exe","Hostname":"WORKSTATION5","TargetUserName":"Backup Operators","TargetDomainName":"Builtin","SubjectUserName":"wardog"}
{"TargetSid":"S-1-5-32-544","TimeCreated":"2020-10-19 12:28:31.479","SourceName":"Microsoft-Windows-Security-Auditing","SubjectDomainName":"WORKSTATION5","CallerProcessId":"0x1410","SubjectUserSid":"S-1-5-21-3940915590-64593676-1414006259-500","SubjectLogonId":"0xc61d9","EventID":4799,"Channel":"Security","Task":"13826","CallerProcessName":"C:\\Windows\\System32\\esentutl.exe","Message":"A security-enabled local group membership was enumerated.\r\n\r\nSubject:\r\n\tSecurity ID:\t\tS-1-5-21-3940915590-64593676-1414006259-500\r\n\tAccount Name:\t\twardog\r\n\tAccount Domain:\t\tWORKSTATION5\r\n\tLogon ID:\t\t0xC61D9\r\n\r\nGroup:\r\n\tSecurity ID:\t\tS-1-5-32-544\r\n\tGroup Name:\t\tAdministrators\r\n\tGroup Domain:\t\tBuiltin\r\n\r\nProcess Information:\r\n\tProcess ID:\t\t0x1410\r\n\tProcess Name:\t\tC:\\Windows\\System32\\esentutl.exe","Hostname":"WORKSTATION5","TargetUserName":"Administrators","TargetDomainName":"Builtin","SubjectUserName":"wardog"}
{"TargetSid":"S-1-5-32-551","TimeCreated":"2020-10-19 12:28:31.477","SourceName":"Microsoft-Windows-Security-Auditing","SubjectDomainName":"WORKSTATION5","CallerProcessId":"0x1410","SubjectUserSid":"S-1-5-21-3940915590-64593676-1414006259-500","SubjectLogonId":"0xc61d9","EventID":4799,"Channel":"Security","Task":"13826","CallerProcessName":"C:\\Windows\\System32\\esentutl.exe","Message":"A security-enabled local group membership was enumerated.\r\n\r\nSubject:\r\n\tSecurity ID:\t\tS-1-5-21-3940915590-64593676-1414006259-500\r\n\tAccount Name:\t\twardog\r\n\tAccount Domain:\t\tWORKSTATION5\r\n\tLogon ID:\t\t0xC61D9\r\n\r\nGroup:\r\n\tSecurity ID:\t\tS-1-5-32-551\r\n\tGroup Name:\t\tBackup Operators\r\n\tGroup Domain:\t\tBuiltin\r\n\r\nProcess Information:\r\n\tProcess ID:\t\t0x1410\r\n\tProcess Name:\t\tC:\\Windows\\System32\\esentutl.exe","Hostname":"WORKSTATION5","TargetUserName":"Backup Operators","TargetDomainName":"Builtin","SubjectUserName":"wardog"}
{"TargetSid":"S-1-5-32-544","TimeCreated":"2020-10-19 12:28:31.477","SourceName":"Microsoft-Windows-Security-Auditing","SubjectDomainName":"WORKSTATION5","CallerProcessId":"0x1410","SubjectUserSid":"S-1-5-21-3940915590-64593676-1414006259-500","SubjectLogonId":"0xc61d9","EventID":4799,"Channel":"Security","Task":"13826","CallerProcessName":"C:\\Windows\\System32\\esentutl.exe","Message":"A security-enabled local group membership was enumerated.\r\n\r\nSubject:\r\n\tSecurity ID:\t\tS-1-5-21-3940915590-64593676-1414006259-500\r\n\tAccount Name:\t\twardog\r\n\tAccount Domain:\t\tWORKSTATION5\r\n\tLogon ID:\t\t0xC61D9\r\n\r\nGroup:\r\n\tSecurity ID:\t\tS-1-5-32-544\r\n\tGroup Name:\t\tAdministrators\r\n\tGroup Domain:\t\tBuiltin\r\n\r\nProcess Information:\r\n\tProcess ID:\t\t0x1410\r\n\tProcess Name:\t\tC:\\Windows\\System32\\esentutl.exe","Hostname":"WORKSTATION5","TargetUserName":"Administrators","TargetDomainName":"Builtin","SubjectUserName":"wardog"}
{"TargetSid":"S-1-5-32-551","TimeCreated":"2020-10-19 12:28:31.465","SourceName":"Microsoft-Windows-Security-Auditing","SubjectDomainName":"WORKSTATION5","CallerProcessId":"0x1410","SubjectUserSid":"S-1-5-21-3940915590-64593676-1414006259-500","SubjectLogonId":"0xc61d9","EventID":4799,"Channel":"Security","Task":"13826","CallerProcessName":"C:\\Windows\\System32\\esentutl.exe","Message":"A security-enabled local group membership was enumerated.\r\n\r\nSubject:\r\n\tSecurity ID:\t\tS-1-5-21-3940915590-64593676-1414006259-500\r\n\tAccount Name:\t\twardog\r\n\tAccount Domain:\t\tWORKSTATION5\r\n\tLogon ID:\t\t0xC61D9\r\n\r\nGroup:\r\n\tSecurity ID:\t\tS-1-5-32-551\r\n\tGroup Name:\t\tBackup Operators\r\n\tGroup Domain:\t\tBuiltin\r\n\r\nProcess Information:\r\n\tProcess ID:\t\t0x1410\r\n\tProcess Name:\t\tC:\\Windows\\System32\\esentutl.exe","Hostname":"WORKSTATION5","TargetUserName":"Backup Operators","TargetDomainName":"Builtin","SubjectUserName":"wardog"}
{"TargetSid":"S-1-5-32-544","TimeCreated":"2020-10-19 12:28:31.464","SourceName":"Microsoft-Windows-Security-Auditing","SubjectDomainName":"WORKSTATION5","CallerProcessId":"0x1410","SubjectUserSid":"S-1-5-21-3940915590-64593676-1414006259-500","SubjectLogonId":"0xc61d9","EventID":4799,"Channel":"Security","Task":"13826","CallerProcessName":"C:\\Windows\\System32\\esentutl.exe","Message":"A security-enabled local group membership was enumerated.\r\n\r\nSubject:\r\n\tSecurity ID:\t\tS-1-5-21-3940915590-64593676-1414006259-500\r\n\tAccount Name:\t\twardog\r\n\tAccount Domain:\t\tWORKSTATION5\r\n\tLogon ID:\t\t0xC61D9\r\n\r\nGroup:\r\n\tSecurity ID:\t\tS-1-5-32-544\r\n\tGroup Name:\t\tAdministrators\r\n\tGroup Domain:\t\tBuiltin\r\n\r\nProcess Information:\r\n\tProcess ID:\t\t0x1410\r\n\tProcess Name:\t\tC:\\Windows\\System32\\esentutl.exe","Hostname":"WORKSTATION5","TargetUserName":"Administrators","TargetDomainName":"Builtin","SubjectUserName":"wardog"}
{"TargetSid":"S-1-5-32-551","TimeCreated":"2020-10-19 12:28:31.458","SourceName":"Microsoft-Windows-Security-Auditing","SubjectDomainName":"WORKSTATION5","CallerProcessId":"0x1410","SubjectUserSid":"S-1-5-21-3940915590-64593676-1414006259-500","SubjectLogonId":"0xc61d9","EventID":4799,"Channel":"Security","Task":"13826","CallerProcessName":"C:\\Windows\\System32\\esentutl.exe","Message":"A security-enabled local group membership was enumerated.\r\n\r\nSubject:\r\n\tSecurity ID:\t\tS-1-5-21-3940915590-64593676-1414006259-500\r\n\tAccount Name:\t\twardog\r\n\tAccount Domain:\t\tWORKSTATION5\r\n\tLogon ID:\t\t0xC61D9\r\n\r\nGroup:\r\n\tSecurity ID:\t\tS-1-5-32-551\r\n\tGroup Name:\t\tBackup Operators\r\n\tGroup Domain:\t\tBuiltin\r\n\r\nProcess Information:\r\n\tProcess ID:\t\t0x1410\r\n\tProcess Name:\t\tC:\\Windows\\System32\\esentutl.exe","Hostname":"WORKSTATION5","TargetUserName":"Backup Operators","TargetDomainName":"Builtin","SubjectUserName":"wardog"}
{"TargetSid":"S-1-5-32-544","TimeCreated":"2020-10-19 12:28:31.457","SourceName":"Microsoft-Windows-Security-Auditing","SubjectDomainName":"WORKSTATION5","CallerProcessId":"0x1410","SubjectUserSid":"S-1-5-21-3940915590-64593676-1414006259-500","SubjectLogonId":"0xc61d9","EventID":4799,"Channel":"Security","Task":"13826","CallerProcessName":"C:\\Windows\\System32\\esentutl.exe","Message":"A security-enabled local group membership was enumerated.\r\n\r\nSubject:\r\n\tSecurity ID:\t\tS-1-5-21-3940915590-64593676-1414006259-500\r\n\tAccount Name:\t\twardog\r\n\tAccount Domain:\t\tWORKSTATION5\r\n\tLogon ID:\t\t0xC61D9\r\n\r\nGroup:\r\n\tSecurity ID:\t\tS-1-5-32-544\r\n\tGroup Name:\t\tAdministrators\r\n\tGroup Domain:\t\tBuiltin\r\n\r\nProcess Information:\r\n\tProcess ID:\t\t0x1410\r\n\tProcess Name:\t\tC:\\Windows\\System32\\esentutl.exe","Hostname":"WORKSTATION5","TargetUserName":"Administrators","TargetDomainName":"Builtin","SubjectUserName":"wardog"}
{"TargetSid":"S-1-5-32-551","TimeCreated":"2020-10-19 12:28:31.456","SourceName":"Microsoft-Windows-Security-Auditing","SubjectDomainName":"WORKSTATION5","CallerProcessId":"0x1410","SubjectUserSid":"S-1-5-21-3940915590-64593676-1414006259-500","SubjectLogonId":"0xc61d9","EventID":4799,"Channel":"Security","Task":"13826","CallerProcessName":"C:\\Windows\\System32\\esentutl.exe","Message":"A security-enabled local group membership was enumerated.\r\n\r\nSubject:\r\n\tSecurity ID:\t\tS-1-5-21-3940915590-64593676-1414006259-500\r\n\tAccount Name:\t\twardog\r\n\tAccount Domain:\t\tWORKSTATION5\r\n\tLogon ID:\t\t0xC61D9\r\n\r\nGroup:\r\n\tSecurity ID:\t\tS-1-5-32-551\r\n\tGroup Name:\t\tBackup Operators\r\n\tGroup Domain:\t\tBuiltin\r\n\r\nProcess Information:\r\n\tProcess ID:\t\t0x1410\r\n\tProcess Name:\t\tC:\\Windows\\System32\\esentutl.exe","Hostname":"WORKSTATION5","TargetUserName":"Backup Operators","TargetDomainName":"Builtin","SubjectUserName":"wardog"}
{"TargetSid":"S-1-5-32-544","TimeCreated":"2020-10-19 12:28:31.455","SourceName":"Microsoft-Windows-Security-Auditing","SubjectDomainName":"WORKSTATION5","CallerProcessId":"0x1410","SubjectUserSid":"S-1-5-21-3940915590-64593676-1414006259-500","SubjectLogonId":"0xc61d9","EventID":4799,"Channel":"Security","Task":"13826","CallerProcessName":"C:\\Windows\\System32\\esentutl.exe","Message":"A security-enabled local group membership was enumerated.\r\n\r\nSubject:\r\n\tSecurity ID:\t\tS-1-5-21-3940915590-64593676-1414006259-500\r\n\tAccount Name:\t\twardog\r\n\tAccount Domain:\t\tWORKSTATION5\r\n\tLogon ID:\t\t0xC61D9\r\n\r\nGroup:\r\n\tSecurity ID:\t\tS-1-5-32-544\r\n\tGroup Name:\t\tAdministrators\r\n\tGroup Domain:\t\tBuiltin\r\n\r\nProcess Information:\r\n\tProcess ID:\t\t0x1410\r\n\tProcess Name:\t\tC:\\Windows\\System32\\esentutl.exe","Hostname":"WORKSTATION5","TargetUserName":"Administrators","TargetDomainName":"Builtin","SubjectUserName":"wardog"}
{"TargetSid":"S-1-5-32-551","TimeCreated":"2020-10-19 12:28:31.454","SourceName":"Microsoft-Windows-Security-Auditing","SubjectDomainName":"WORKSTATION5","CallerProcessId":"0x1410","SubjectUserSid":"S-1-5-21-3940915590-64593676-1414006259-500","SubjectLogonId":"0xc61d9","EventID":4799,"Channel":"Security","Task":"13826","CallerProcessName":"C:\\Windows\\System32\\esentutl.exe","Message":"A security-enabled local group membership was enumerated.\r\n\r\nSubject:\r\n\tSecurity ID:\t\tS-1-5-21-3940915590-64593676-1414006259-500\r\n\tAccount Name:\t\twardog\r\n\tAccount Domain:\t\tWORKSTATION5\r\n\tLogon ID:\t\t0xC61D9\r\n\r\nGroup:\r\n\tSecurity ID:\t\tS-1-5-32-551\r\n\tGroup Name:\t\tBackup Operators\r\n\tGroup Domain:\t\tBuiltin\r\n\r\nProcess Information:\r\n\tProcess ID:\t\t0x1410\r\n\tProcess Name:\t\tC:\\Windows\\System32\\esentutl.exe","Hostname":"WORKSTATION5","TargetUserName":"Backup Operators","TargetDomainName":"Builtin","SubjectUserName":"wardog"}
{"TargetSid":"S-1-5-32-544","TimeCreated":"2020-10-19 12:28:31.453","SourceName":"Microsoft-Windows-Security-Auditing","SubjectDomainName":"WORKSTATION5","CallerProcessId":"0x1410","SubjectUserSid":"S-1-5-21-3940915590-64593676-1414006259-500","SubjectLogonId":"0xc61d9","EventID":4799,"Channel":"Security","Task":"13826","CallerProcessName":"C:\\Windows\\System32\\esentutl.exe","Message":"A security-enabled local group membership was enumerated.\r\n\r\nSubject:\r\n\tSecurity ID:\t\tS-1-5-21-3940915590-64593676-1414006259-500\r\n\tAccount Name:\t\twardog\r\n\tAccount Domain:\t\tWORKSTATION5\r\n\tLogon ID:\t\t0xC61D9\r\n\r\nGroup:\r\n\tSecurity ID:\t\tS-1-5-32-544\r\n\tGroup Name:\t\tAdministrators\r\n\tGroup Domain:\t\tBuiltin\r\n\r\nProcess Information:\r\n\tProcess ID:\t\t0x1410\r\n\tProcess Name:\t\tC:\\Windows\\System32\\esentutl.exe","Hostname":"WORKSTATION5","TargetUserName":"Administrators","TargetDomainName":"Builtin","SubjectUserName":"wardog"}
{"TargetSid":"S-1-5-32-551","TimeCreated":"2020-10-19 12:28:31.411","SourceName":"Microsoft-Windows-Security-Auditing","SubjectDomainName":"WORKSTATION5","CallerProcessId":"0x1410","SubjectUserSid":"S-1-5-21-3940915590-64593676-1414006259-500","SubjectLogonId":"0xc61d9","EventID":4799,"Channel":"Security","Task":"13826","CallerProcessName":"C:\\Windows\\System32\\esentutl.exe","Message":"A security-enabled local group membership was enumerated.\r\n\r\nSubject:\r\n\tSecurity ID:\t\tS-1-5-21-3940915590-64593676-1414006259-500\r\n\tAccount Name:\t\twardog\r\n\tAccount Domain:\t\tWORKSTATION5\r\n\tLogon ID:\t\t0xC61D9\r\n\r\nGroup:\r\n\tSecurity ID:\t\tS-1-5-32-551\r\n\tGroup Name:\t\tBackup Operators\r\n\tGroup Domain:\t\tBuiltin\r\n\r\nProcess Information:\r\n\tProcess ID:\t\t0x1410\r\n\tProcess Name:\t\tC:\\Windows\\System32\\esentutl.exe","Hostname":"WORKSTATION5","TargetUserName":"Backup Operators","TargetDomainName":"Builtin","SubjectUserName":"wardog"}
{"TargetSid":"S-1-5-32-544","TimeCreated":"2020-10-19 12:28:31.410","SourceName":"Microsoft-Windows-Security-Auditing","SubjectDomainName":"WORKSTATION5","CallerProcessId":"0x1410","SubjectUserSid":"S-1-5-21-3940915590-64593676-1414006259-500","SubjectLogonId":"0xc61d9","EventID":4799,"Channel":"Security","Task":"13826","CallerProcessName":"C:\\Windows\\System32\\esentutl.exe","Message":"A security-enabled local group membership was enumerated.\r\n\r\nSubject:\r\n\tSecurity ID:\t\tS-1-5-21-3940915590-64593676-1414006259-500\r\n\tAccount Name:\t\twardog\r\n\tAccount Domain:\t\tWORKSTATION5\r\n\tLogon ID:\t\t0xC61D9\r\n\r\nGroup:\r\n\tSecurity ID:\t\tS-1-5-32-544\r\n\tGroup Name:\t\tAdministrators\r\n\tGroup Domain:\t\tBuiltin\r\n\r\nProcess Information:\r\n\tProcess ID:\t\t0x1410\r\n\tProcess Name:\t\tC:\\Windows\\System32\\esentutl.exe","Hostname":"WORKSTATION5","TargetUserName":"Administrators","TargetDomainName":"Builtin","SubjectUserName":"wardog"}
{"SubjectUserName":"wardog","TimeCreated":"2020-10-19 12:28:31.327","SubjectLogonId":"0xc61d9","SubjectDomainName":"WORKSTATION5","ObjectServer":"Security","SubjectUserSid":"S-1-5-21-3940915590-64593676-1414006259-500","EventID":4658,"Channel":"Security","Task":"12801","Message":"The handle to an object was closed.\r\n\r\nSubject :\r\n\tSecurity ID:\t\tS-1-5-21-3940915590-64593676-1414006259-500\r\n\tAccount Name:\t\twardog\r\n\tAccount Domain:\t\tWORKSTATION5\r\n\tLogon ID:\t\t0xC61D9\r\n\r\nObject:\r\n\tObject Server:\t\tSecurity\r\n\tHandle ID:\t\t0xb8\r\n\r\nProcess Information:\r\n\tProcess ID:\t\t0x1410\r\n\tProcess Name:\t\tC:\\Windows\\System32\\esentutl.exe","Hostname":"WORKSTATION5","ProcessName":"C:\\Windows\\System32\\esentutl.exe","ProcessId":"0x1410","SourceName":"Microsoft-Windows-Security-Auditing","HandleId":"0xb8"}
{"SubjectUserName":"wardog","TimeCreated":"2020-10-19 12:28:31.327","SubjectLogonId":"0xc61d9","ResourceAttributes":"-","SubjectDomainName":"WORKSTATION5","ObjectServer":"Security","ObjectType":"Key","SubjectUserSid":"S-1-5-21-3940915590-64593676-1414006259-500","EventID":4663,"Channel":"Security","Task":"12801","ObjectName":"\\REGISTRY\\MACHINE\\SYSTEM\\ControlSet001\\Control\\Lsa","AccessMask":"0x1","Message":"An attempt was made to access an object.\r\n\r\nSubject:\r\n\tSecurity ID:\t\tS-1-5-21-3940915590-64593676-1414006259-500\r\n\tAccount Name:\t\twardog\r\n\tAccount Domain:\t\tWORKSTATION5\r\n\tLogon ID:\t\t0xC61D9\r\n\r\nObject:\r\n\tObject Server:\t\tSecurity\r\n\tObject Type:\t\tKey\r\n\tObject Name:\t\t\\REGISTRY\\MACHINE\\SYSTEM\\ControlSet001\\Control\\Lsa\r\n\tHandle ID:\t\t0xb8\r\n\tResource Attributes:\t-\r\n\r\nProcess Information:\r\n\tProcess ID:\t\t0x1410\r\n\tProcess Name:\t\tC:\\Windows\\System32\\esentutl.exe\r\n\r\nAccess Request Information:\r\n\tAccesses:\t\tQuery key value\r\n\t\t\t\t\r\n\tAccess Mask:\t\t0x1","Hostname":"WORKSTATION5","ProcessName":"C:\\Windows\\System32\\esentutl.exe","ProcessId":"0x1410","AccessList":"%%4432\n\t\t\t\t","SourceName":"Microsoft-Windows-Security-Auditing","HandleId":"0xb8"}
{"SubjectUserName":"wardog","TimeCreated":"2020-10-19 12:28:31.327","SubjectLogonId":"0xc61d9","ResourceAttributes":"-","SubjectDomainName":"WORKSTATION5","PrivilegeList":"-","ObjectServer":"Security","ObjectType":"Key","SubjectUserSid":"S-1-5-21-3940915590-64593676-1414006259-500","EventID":4656,"Channel":"Security","Task":"12801","ObjectName":"\\REGISTRY\\MACHINE\\SYSTEM\\ControlSet001\\Control\\Lsa","AccessMask":"0x1","Message":"A handle to an object was requested.\r\n\r\nSubject:\r\n\tSecurity ID:\t\tS-1-5-21-3940915590-64593676-1414006259-500\r\n\tAccount Name:\t\twardog\r\n\tAccount Domain:\t\tWORKSTATION5\r\n\tLogon ID:\t\t0xC61D9\r\n\r\nObject:\r\n\tObject Server:\t\tSecurity\r\n\tObject Type:\t\tKey\r\n\tObject Name:\t\t\\REGISTRY\\MACHINE\\SYSTEM\\ControlSet001\\Control\\Lsa\r\n\tHandle ID:\t\t0xb8\r\n\tResource Attributes:\t-\r\n\r\nProcess Information:\r\n\tProcess ID:\t\t0x1410\r\n\tProcess Name:\t\tC:\\Windows\\System32\\esentutl.exe\r\n\r\nAccess Request Information:\r\n\tTransaction ID:\t\t{00000000-0000-0000-0000-000000000000}\r\n\tAccesses:\t\tQuery key value\r\n\t\t\t\t\r\n\tAccess Reasons:\t\t-\r\n\tAccess Mask:\t\t0x1\r\n\tPrivileges Used for Access Check:\t-\r\n\tRestricted SID Count:\t0","Hostname":"WORKSTATION5","ProcessName":"C:\\Windows\\System32\\esentutl.exe","ProcessId":"0x1410","AccessReason":"-","RestrictedSidCount":"0","AccessList":"%%4432\n\t\t\t\t","SourceName":"Microsoft-Windows-Security-Auditing","HandleId":"0xb8","TransactionId":"{00000000-0000-0000-0000-000000000000}"}
{"SubjectUserName":"wardog","TimeCreated":"2020-10-19 12:28:31.327","SubjectLogonId":"0xc61d9","SubjectDomainName":"WORKSTATION5","ObjectServer":"Security","SubjectUserSid":"S-1-5-21-3940915590-64593676-1414006259-500","EventID":4658,"Channel":"Security","Task":"12801","Message":"The handle to an object was closed.\r\n\r\nSubject :\r\n\tSecurity ID:\t\tS-1-5-21-3940915590-64593676-1414006259-500\r\n\tAccount Name:\t\twardog\r\n\tAccount Domain:\t\tWORKSTATION5\r\n\tLogon ID:\t\t0xC61D9\r\n\r\nObject:\r\n\tObject Server:\t\tSecurity\r\n\tHandle ID:\t\t0x2c50\r\n\r\nProcess Information:\r\n\tProcess ID:\t\t0x1410\r\n\tProcess Name:\t\tC:\\Windows\\System32\\esentutl.exe","Hostname":"WORKSTATION5","ProcessName":"C:\\Windows\\System32\\esentutl.exe","ProcessId":"0x1410","SourceName":"Microsoft-Windows-Security-Auditing","HandleId":"0x2c50"}
{"SubjectUserName":"wardog","TimeCreated":"2020-10-19 12:28:31.327","SubjectLogonId":"0xc61d9","SubjectDomainName":"WORKSTATION5","TargetProcessId":"0x4","SubjectUserSid":"S-1-5-21-3940915590-64593676-1414006259-500","SourceHandleId":"0xb8","EventID":4690,"Channel":"Security","Task":"12807","TargetHandleId":"0x2c50","Message":"An attempt was made to duplicate a handle to an object.\r\n\r\nSubject:\r\n\tSecurity ID:\t\tS-1-5-21-3940915590-64593676-1414006259-500\r\n\tAccount Name:\t\twardog\r\n\tAccount Domain:\t\tWORKSTATION5\r\n\tLogon ID:\t\t0xC61D9\r\n\r\nSource Handle Information:\r\n\tSource Handle ID:\t0xb8\r\n\tSource Process ID:\t0x1410\r\n\r\nNew Handle Information:\r\n\tTarget Handle ID:\t0x2c50\r\n\tTarget Process ID:\t0x4","Hostname":"WORKSTATION5","SourceProcessId":"0x1410","SourceName":"Microsoft-Windows-Security-Auditing"}
{"SubjectUserName":"wardog","TimeCreated":"2020-10-19 12:28:31.089","CommandLine":"esentutl.exe  /y /vss C:\\windows/system32/config/SAM /d C:\\ProgramData\\SAM","SubjectLogonId":"0xc61d9","NewProcessId":"0x1410","SubjectDomainName":"WORKSTATION5","TargetLogonId":"0x0","TokenElevationType":"%%1936","SubjectUserSid":"S-1-5-21-3940915590-64593676-1414006259-500","NewProcessName":"C:\\Windows\\System32\\esentutl.exe","EventID":4688,"Channel":"Security","Task":"13312","Message":"A new process has been created.\r\n\r\nCreator Subject:\r\n\tSecurity ID:\t\tS-1-5-21-3940915590-64593676-1414006259-500\r\n\tAccount Name:\t\twardog\r\n\tAccount Domain:\t\tWORKSTATION5\r\n\tLogon ID:\t\t0xC61D9\r\n\r\nTarget Subject:\r\n\tSecurity ID:\t\tS-1-0-0\r\n\tAccount Name:\t\t-\r\n\tAccount Domain:\t\t-\r\n\tLogon ID:\t\t0x0\r\n\r\nProcess Information:\r\n\tNew Process ID:\t\t0x1410\r\n\tNew Process Name:\tC:\\Windows\\System32\\esentutl.exe\r\n\tToken Elevation Type:\t%%1936\r\n\tMandatory Label:\t\tS-1-16-12288\r\n\tCreator Process ID:\t0x16fc\r\n\tCreator Process Name:\tC:\\Windows\\System32\\cmd.exe\r\n\tProcess Command Line:\tesentutl.exe  /y /vss C:\\windows/system32/config/SAM /d C:\\ProgramData\\SAM\r\n\r\nToken Elevation Type indicates the type of token that was assigned to the new process in accordance with User Account Control policy.\r\n\r\nType 1 is a full token with no privileges removed or groups disabled.  A full token is only used if User Account Control is disabled or if the user is the built-in Administrator account or a service account.\r\n\r\nType 2 is an elevated token with no privileges removed or groups disabled.  An elevated token is used when User Account Control is enabled and the user chooses to start the program using Run as administrator.  An elevated token is also used when an application is configured to always require administrative privilege or to always require maximum privilege, and the user is a member of the Administrators group.\r\n\r\nType 3 is a limited token with administrative privileges removed and administrative groups disabled.  The limited token is used when User Account Control is enabled, the application does not require administrative privilege, and the user does not choose to start the program using Run as administrator.","Hostname":"WORKSTATION5","ProcessId":"0x16fc","MandatoryLabel":"S-1-16-12288","ParentProcessName":"C:\\Windows\\System32\\cmd.exe","TargetUserSid":"S-1-0-0","TargetDomainName":"-","SourceName":"Microsoft-Windows-Security-Auditing","TargetUserName":"-"}
{"RemoteMachineID":"S-1-0-0","LayerRTID":"48","TimeCreated":"2020-10-19 12:28:29.304","Direction":"%%14593","SourceName":"Microsoft-Windows-Security-Auditing","DestAddress":"168.63.129.16","RemoteUserID":"S-1-0-0","SourcePort":"57232","LayerName":"%%14611","SourceAddress":"192.168.2.5","EventID":5156,"Channel":"Security","Task":"12810","Protocol":"6","Message":"The Windows Filtering Platform has permitted a connection.\r\n\r\nApplication Information:\r\n\tProcess ID:\t\t3428\r\n\tApplication Name:\t\\device\\harddiskvolume2\\windowsazure\\guestagent_2.7.41491.993_2020-10-08_063613\\guestagent\\windowsazureguestagent.exe\r\n\r\nNetwork Information:\r\n\tDirection:\t\tOutbound\r\n\tSource Address:\t\t192.168.2.5\r\n\tSource Port:\t\t57232\r\n\tDestination Address:\t168.63.129.16\r\n\tDestination Port:\t\t80\r\n\tProtocol:\t\t6\r\n\r\nFilter Information:\r\n\tFilter Run-Time ID:\t69895\r\n\tLayer Name:\t\tConnect\r\n\tLayer Run-Time ID:\t48","Hostname":"WORKSTATION5","ProcessID":"3428","DestPort":"80","FilterRTID":"69895","Application":"\\device\\harddiskvolume2\\windowsazure\\guestagent_2.7.41491.993_2020-10-08_063613\\guestagent\\windowsazureguestagent.exe"}
{"TimeCreated":"2020-10-19 12:28:29.304","SourceName":"Microsoft-Windows-Security-Auditing","FilterRTID":"0","SourcePort":"57232","SourceAddress":"0.0.0.0","EventID":5158,"Channel":"Security","Task":"12810","Protocol":"6","Message":"The Windows Filtering Platform has permitted a bind to a local port.\r\n\r\nApplication Information:\r\n\tProcess ID:\t\t3428\r\n\tApplication Name:\t\\device\\harddiskvolume2\\windowsazure\\guestagent_2.7.41491.993_2020-10-08_063613\\guestagent\\windowsazureguestagent.exe\r\n\r\nNetwork Information:\r\n\tSource Address:\t\t0.0.0.0\r\n\tSource Port:\t\t57232\r\n\tProtocol:\t\t6\r\n\r\nFilter Information:\r\n\tFilter Run-Time ID:\t0\r\n\tLayer Name:\t\tResource Assignment\r\n\tLayer Run-Time ID:\t36","Hostname":"WORKSTATION5","ProcessId":"3428","LayerRTID":"36","LayerName":"%%14608","Application":"\\device\\harddiskvolume2\\windowsazure\\guestagent_2.7.41491.993_2020-10-08_063613\\guestagent\\windowsazureguestagent.exe"}
{"SourceName":"Microsoft-Windows-Eventlog","TimeCreated":"2020-10-19 12:28:23.942","Hostname":"WORKSTATION5","Task":"104","Channel":"Security","Message":"The audit log was cleared.\r\nSubject:\r\n\tSecurity ID:\tS-1-5-21-3940915590-64593676-1414006259-500\r\n\tAccount Name:\twardog\r\n\tDomain Name:\tWORKSTATION5\r\n\tLogon ID:\t0xC61D9","EventID":1102}
{"TimeCreated":"2020-10-19 12:29:00.013","SourceName":"Microsoft-Windows-Sysmon","UtcTime":"2020-10-19 04:29:00.004","ProcessGuid":"{39e4a257-f137-5f8b-4c00-000000000700}","Image":"C:\\windows\\System32\\svchost.exe","EventID":13,"Channel":"Microsoft-Windows-Sysmon/Operational","Task":"13","RuleName":"-","Message":"Registry value set:\r\nRuleName: -\r\nEventType: SetValue\r\nUtcTime: 2020-10-19 04:29:00.004\r\nProcessGuid: {39e4a257-f137-5f8b-4c00-000000000700}\r\nProcessId: 3172\r\nImage: C:\\windows\\System32\\svchost.exe\r\nTargetObject: HKLM\\SOFTWARE\\Microsoft\\Windows\\CurrentVersion\\VFUProvider\\StartTime\r\nDetails: QWORD (0x01d6a5d0-0x5dd5455c)","Hostname":"WORKSTATION5","Details":"QWORD (0x01d6a5d0-0x5dd5455c)","ProcessId":"3172","EventType":"SetValue","TargetObject":"HKLM\\SOFTWARE\\Microsoft\\Windows\\CurrentVersion\\VFUProvider\\StartTime"}
{"TimeCreated":"2020-10-19 12:29:00.012","SourceName":"Microsoft-Windows-Sysmon","UtcTime":"2020-10-19 04:29:00.004","ProcessGuid":"{39e4a257-f137-5f8b-4c00-000000000700}","Image":"C:\\windows\\System32\\svchost.exe","EventID":12,"Channel":"Microsoft-Windows-Sysmon/Operational","Task":"12","RuleName":"-","Message":"Registry object added or deleted:\r\nRuleName: -\r\nEventType: CreateKey\r\nUtcTime: 2020-10-19 04:29:00.004\r\nProcessGuid: {39e4a257-f137-5f8b-4c00-000000000700}\r\nProcessId: 3172\r\nImage: C:\\windows\\System32\\svchost.exe\r\nTargetObject: HKLM\\SOFTWARE\\Microsoft\\Windows\\CurrentVersion\\VFUProvider","Hostname":"WORKSTATION5","ProcessId":"3172","EventType":"CreateKey","TargetObject":"HKLM\\SOFTWARE\\Microsoft\\Windows\\CurrentVersion\\VFUProvider"}
{"SourceImage":"C:\\windows\\system32\\svchost.exe","TimeCreated":"2020-10-19 12:29:00.010","GrantedAccess":"0x1000","SourceName":"Microsoft-Windows-Sysmon","SourceThreadId":"1708","CallTrace":"C:\\windows\\SYSTEM32\\ntdll.dll+9c584|C:\\windows\\System32\\KERNELBASE.dll+6af15|c:\\windows\\system32\\lsm.dll+111b6|C:\\windows\\System32\\RPCRT4.dll+76a63|C:\\windows\\System32\\RPCRT4.dll+da036|C:\\windows\\System32\\RPCRT4.dll+37b7c|C:\\windows\\System32\\RPCRT4.dll+549f8|C:\\windows\\System32\\RPCRT4.dll+2c9b1|C:\\windows\\System32\\RPCRT4.dll+2c26b|C:\\windows\\System32\\RPCRT4.dll+1a8cf|C:\\windows\\System32\\RPCRT4.dll+19d7a|C:\\windows\\System32\\RPCRT4.dll+19361|C:\\windows\\System32\\RPCRT4.dll+18dce|C:\\windows\\System32\\RPCRT4.dll+16a05|C:\\windows\\SYSTEM32\\ntdll.dll+333ed|C:\\windows\\SYSTEM32\\ntdll.dll+34142|C:\\windows\\System32\\KERNEL32.DLL+17c24|C:\\windows\\SYSTEM32\\ntdll.dll+6cea1","UtcTime":"2020-10-19 04:29:00.004","TargetProcessGUID":"{39e4a257-f137-5f8b-4c00-000000000700}","SourceProcessId":"404","EventID":10,"Channel":"Microsoft-Windows-Sysmon/Operational","Task":"10","RuleName":"-","Message":"Process accessed:\r\nRuleName: -\r\nUtcTime: 2020-10-19 04:29:00.004\r\nSourceProcessGUID: {39e4a257-f132-5f8b-1200-000000000700}\r\nSourceProcessId: 404\r\nSourceThreadId: 1708\r\nSourceImage: C:\\windows\\system32\\svchost.exe\r\nTargetProcessGUID: {39e4a257-f137-5f8b-4c00-000000000700}\r\nTargetProcessId: 3172\r\nTargetImage: C:\\windows\\System32\\svchost.exe\r\nGrantedAccess: 0x1000\r\nCallTrace: C:\\windows\\SYSTEM32\\ntdll.dll+9c584|C:\\windows\\System32\\KERNELBASE.dll+6af15|c:\\windows\\system32\\lsm.dll+111b6|C:\\windows\\System32\\RPCRT4.dll+76a63|C:\\windows\\System32\\RPCRT4.dll+da036|C:\\windows\\System32\\RPCRT4.dll+37b7c|C:\\windows\\System32\\RPCRT4.dll+549f8|C:\\windows\\System32\\RPCRT4.dll+2c9b1|C:\\windows\\System32\\RPCRT4.dll+2c26b|C:\\windows\\System32\\RPCRT4.dll+1a8cf|C:\\windows\\System32\\RPCRT4.dll+19d7a|C:\\windows\\System32\\RPCRT4.dll+19361|C:\\windows\\System32\\RPCRT4.dll+18dce|C:\\windows\\System32\\RPCRT4.dll+16a05|C:\\windows\\SYSTEM32\\ntdll.dll+333ed|C:\\windows\\SYSTEM32\\ntdll.dll+34142|C:\\windows\\System32\\KERNEL32.DLL+17c24|C:\\windows\\SYSTEM32\\ntdll.dll+6cea1","Hostname":"WORKSTATION5","TargetProcessId":"3172","TargetImage":"C:\\windows\\System32\\svchost.exe","SourceProcessGUID":"{39e4a257-f132-5f8b-1200-000000000700}"}
