{"SourceImage":"C:\\windows\\system32\\svchost.exe","TimeCreated":"2020-10-19 12:28:31.397","GrantedAccess":"0x100000","SourceName":"Microsoft-Windows-Sysmon","SourceThreadId":"6884","CallTrace":"C:\\windows\\SYSTEM32\\ntdll.dll+9d154|C:\\windows\\System32\\RPCRT4.dll+2d354|c:\\windows\\system32\\rpcss.dll+314c9|c:\\windows\\system32\\rpcss.dll+30b5b|C:\\windows\\System32\\RPCRT4.dll+76a63|C:\\windows\\System32\\RPCRT4.dll+13653|C:\\windows\\System32\\RPCRT4.dll+1457a|C:\\windows\\System32\\RPCRT4.dll+549f8|C:\\windows\\System32\\RPCRT4.dll+2c9b1|C:\\windows\\System32\\RPCRT4.dll+2c26b|C:\\windows\\System32\\RPCRT4.dll+1a8cf|C:\\windows\\System32\\RPCRT4.dll+19d7a|C:\\windows\\System32\\RPCRT4.dll+19361|C:\\windows\\System32\\RPCRT4.dll+18dce|C:\\windows\\System32\\RPCRT4.dll+16a05|C:\\windows\\SYSTEM32\\ntdll.dll+333ed|C:\\windows\\SYSTEM32\\ntdll.dll+34142|C:\\windows\\System32\\KERNEL32.DLL+17c24|C:\\windows\\SYSTEM32\\ntdll.dll+6cea1","UtcTime":"2020-10-19 04:28:31.395","TargetProcessGUID":"{39e4a257-15ef-5f8d-e704-000000000700}","SourceProcessId":"992","EventID":10,"Channel":"Microsoft-Windows-Sysmon/Operational","Task":"10","RuleName":"-","Message":"Process accessed:\r\nRuleName: -\r\nUtcTime: 2020-10-19 04:28:31.395\r\nSourceProcessGUID: {39e4a257-f132-5f8b-1100-000000000700}\r\nSourceProcessId: 992\r\nSourceThreadId: 6884\r\nSourceImage: C:\\windows\\system32\\svchost.exe\r\nTargetProcessGUID: {39e4a257-15ef-5f8d-e704-000000000700}\r\nTargetProcessId: 5136\r\nTargetImage: C:\\windows\\system32\\esentutl.exe\r\nGrantedAccess: 0x100000\r\nCallTrace: C:\\windows\\SYSTEM32\\ntdll.dll+9d154|C:\\windows\\System32\\RPCRT4.dll+2d354|c:\\windows\\system32\\rpcss.dll+314c9|c:\\windows\\system32\\rpcss.dll+30b5b|C:\\windows\\System32\\RPCRT4.dll+76a63|C:\\windows\\System32\\RPCRT4.dll+13653|C:\\windows\\System32\\RPCRT4.dll+1457a|C:\\windows\\System32\\RPCRT4.dll+549f8|C:\\windows\\System32\\RPCRT4.dll+2c9b1|C:\\windows\\System32\\RPCRT4.dll+2c26b|C:\\windows\\System32\\RPCRT4.dll+1a8cf|C:\\windows\\System32\\RPCRT4.dll+19d7a|C:\\windows\\System32\\RPCRT4.dll+19361|C:\\windows\\System32\\RPCRT4.dll+18dce|C:\\windows\\System32\\RPCRT4.dll+16a05|C:\\windows\\SYSTEM32\\ntdll.dll+333ed|C:\\windows\\SYSTEM32\\ntdll.dll+34142|C:\\windows\\System32\\KERNEL32.DLL+17c24|C:\\windows\\SYSTEM32\\ntdll.dll+6cea1","Hostname":"WORKSTATION5","TargetProcessId":"5136","TargetImage":"C:\\windows\\system32\\esentutl.exe","SourceProcessGUID":"{39e4a257-f132-5f8b-1100-000000000700}"}
{"SourceImage":"C:\\windows\\system32\\svchost.exe","TimeCreated":"2020-10-19 12:28:31.397","GrantedAccess":"0x1000","SourceName":"Microsoft-Windows-Sysmon","SourceThreadId":"8344","CallTrace":"C:\\windows\\SYSTEM32\\ntdll.dll+9c584|C:\\windows\\System32\\KERNELBASE.dll+305fe|c:\\windows\\system32\\rpcss.dll+47d62|c:\\windows\\system32\\rpcss.dll+47d23|C:\\windows\\System32\\RPCRT4.dll+76a63|C:\\windows\\System32\\RPCRT4.dll+13653|C:\\windows\\System32\\RPCRT4.dll+1457a|C:\\windows\\System32\\RPCRT4.dll+549f8|C:\\windows\\System32\\RPCRT4.dll+2c9b1|C:\\windows\\System32\\RPCRT4.dll+2c26b|C:\\windows\\System32\\RPCRT4.dll+1a8cf|C:\\windows\\System32\\RPCRT4.dll+19d7a|C:\\windows\\System32\\RPCRT4.dll+19361|C:\\windows\\System32\\RPCRT4.dll+18dce|C:\\windows\\System32\\RPCRT4.dll+16a05|C:\\windows\\SYSTEM32\\ntdll.dll+333ed|C:\\windows\\SYSTEM32\\ntdll.dll+34142|C:\\windows\\System32\\KERNEL32.DLL+17c24|C:\\windows\\SYSTEM32\\ntdll.dll+6cea1","UtcTime":"2020-10-19 04:28:31.395","TargetProcessGUID":"{39e4a257-15ef-5f8d-e704-000000000700}","SourceProcessId":"944","EventID":10,"Channel":"Microsoft-Windows-Sysmon/Operational","Task":"10","RuleName":"-","Message":"Process accessed:\r\nRuleName: -\r\nUtcTime: 2020-10-19 04:28:31.395\r\nSourceProcessGUID: {39e4a257-f132-5f8b-1000-000000000700}\r\nSourceProcessId: 944\r\nSourceThreadId: 8344\r\nSourceImage: C:\\windows\\system32\\svchost.exe\r\nTargetProcessGUID: {39e4a257-15ef-5f8d-e704-000000000700}\r\nTargetProcessId: 5136\r\nTargetImage: C:\\windows\\system32\\esentutl.exe\r\nGrantedAccess: 0x1000\r\nCallTrace: C:\\windows\\SYSTEM32\\ntdll.dll+9c584|C:\\windows\\System32\\KERNELBASE.dll+305fe|c:\\windows\\system32\\rpcss.dll+47d62|c:\\windows\\system32\\rpcss.dll+47d23|C:\\windows\\System32\\RPCRT4.dll+76a63|C:\\windows\\System32\\RPCRT4.dll+13653|C:\\windows\\System32\\RPCRT4.dll+1457a|C:\\windows\\System32\\RPCRT4.dll+549f8|C:\\windows\\System32\\RPCRT4.dll+2c9b1|C:\\windows\\System32\\RPCRT4.dll+2c26b|C:\\windows\\System32\\RPCRT4.dll+1a8cf|C:\\windows\\System32\\RPCRT4.dll+19d7a|C:\\windows\\System32\\RPCRT4.dll+19361|C:\\windows\\System32\\RPCRT4.dll+18dce|C:\\windows\\System32\\RPCRT4.dll+16a05|C:\\windows\\SYSTEM32\\ntdll.dll+333ed|C:\\windows\\SYSTEM32\\ntdll.dll+34142|C:\\windows\\System32\\KERNEL32.DLL+17c24|C:\\windows\\SYSTEM32\\ntdll.dll+6cea1","Hostname":"WORKSTATION5","TargetProcessId":"5136","TargetImage":"C:\\windows\\system32\\esentutl.exe","SourceProcessGUID":"{39e4a257-f132-5f8b-1000-000000000700}"}
{"TimeCreated":"2020-10-19 12:28:31.394","SourceName":"Microsoft-Windows-Sysmon","SignatureStatus":"Valid","Signature":"Microsoft Windows","Product":"Microsoft Windows Operating System","Hashes":"SHA1=421C35E0949143DE72C8F98776565D24815AD47E,MD5=F46778029BE7D755EBDCDF048EA62A4B,SHA256=907A4D1D405283AD24BBA1F9A763C5118A33574F3E0EC7FC543F65B24CC0A748,IMPHASH=E5649DCD6FA9472DB9A89CCD123913C0","UtcTime":"2020-10-19 04:28:31.379","ProcessGuid":"{39e4a257-15ef-5f8d-e704-000000000700}","Image":"C:\\Windows\\System32\\esentutl.exe","ImageLoaded":"C:\\Windows\\System32\\bcrypt.dll","EventID":7,"Channel":"Microsoft-Windows-Sysmon/Operational","Task":"7","RuleName":"-","FileVersion":"10.0.18362.267 (WinBuild.160101.0800)","Message":"Image loaded:\r\nRuleName: -\r\nUtcTime: 2020-10-19 04:28:31.379\r\nProcessGuid: {39e4a257-15ef-5f8d-e704-000000000700}\r\nProcessId: 5136\r\nImage: C:\\Windows\\System32\\esentutl.exe\r\nImageLoaded: C:\\Windows\\System32\\bcrypt.dll\r\nFileVersion: 10.0.18362.267 (WinBuild.160101.0800)\r\nDescription: Windows Cryptographic Primitives Library\r\nProduct: Microsoft Windows Operating System\r\nCompany: Microsoft Corporation\r\nOriginalFileName: bcrypt.dll\r\nHashes: SHA1=421C35E0949143DE72C8F98776565D24815AD47E,MD5=F46778029BE7D755EBDCDF048EA62A4B,SHA256=907A4D1D405283AD24BBA1F9A763C5118A33574F3E0EC7FC543F65B24CC0A748,IMPHASH=E5649DCD6FA9472DB9A89CCD123913C0\r\nSigned: true\r\nSignature: Microsoft Windows\r\nSignatureStatus: Valid","Hostname":"WORKSTATION5","ProcessId":"5136","Description":"Windows Cryptographic Primitives Library","Company":"Microsoft Corporation","Signed":"true","OriginalFileName":"bcrypt.dll"}
{"TimeCreated":"2020-10-19 12:28:31.394","SourceName":"Microsoft-Windows-Sysmon","SignatureStatus":"Valid","Signature":"Microsoft Windows","Product":"Microsoft Windows Operating System","Hashes":"SHA1=89C99ECF6EEEBE6158E4853115E17E71730780D8,MD5=609AC3B4E090CB1894F56D978E74C4F1,SHA256=108A9798E55A91928F7FE8EBC5087EEDBB6C023D958F18A6CEFD46BA5399BE61,IMPHASH=CA2E5F1683005B67E0843A76EE3BADA8","UtcTime":"2020-10-19 04:28:31.348","ProcessGuid":"{39e4a257-15ef-5f8d-e704-000000000700}","Image":"C:\\Windows\\System32\\esentutl.exe","ImageLoaded":"C:\\Windows\\System32\\dsrole.dll","EventID":7,"Channel":"Microsoft-Windows-Sysmon/Operational","Task":"7","RuleName":"-","FileVersion":"10.0.18362.1 (WinBuild.160101.0800)","Message":"Image loaded:\r\nRuleName: -\r\nUtcTime: 2020-10-19 04:28:31.348\r\nProcessGuid: {39e4a257-15ef-5f8d-e704-000000000700}\r\nProcessId: 5136\r\nImage: C:\\Windows\\System32\\esentutl.exe\r\nImageLoaded: C:\\Windows\\System32\\dsrole.dll\r\nFileVersion: 10.0.18362.1 (WinBuild.160101.0800)\r\nDescription: DS Setup Client DLL\r\nProduct: Microsoft Windows Operating System\r\nCompany: Microsoft Corporation\r\nOriginalFileName: DSROLE.DLL\r\nHashes: SHA1=89C99ECF6EEEBE6158E4853115E17E71730780D8,MD5=609AC3B4E090CB1894F56D978E74C4F1,SHA256=108A9798E55A91928F7FE8EBC5087EEDBB6C023D958F18A6CEFD46BA5399BE61,IMPHASH=CA2E5F1683005B67E0843A76EE3BADA8\r\nSigned: true\r\nSignature: Microsoft Windows\r\nSignatureStatus: Valid","Hostname":"WORKSTATION5","ProcessId":"5136","Description":"DS Setup Client DLL","Company":"Microsoft Corporation","Signed":"true","OriginalFileName":"DSROLE.DLL"}
{"TimeCreated":"2020-10-19 12:28:31.389","SourceName":"Microsoft-Windows-Sysmon","SignatureStatus":"Valid","Signature":"Microsoft Windows","Product":"Microsoft Windows Operating System","Hashes":"SHA1=0ACD65787A372A5F72BAD34D5BE38EAE0EB7DDB2,MD5=6ACE66A6008317D15807CD9A66A867C0,SHA256=809B2A71453BBB84252A06548C7F0BC16A045C7A27F30EB70E2A32C5759D9BD0,IMPHASH=0130390D84872DE284D7472944804E18","UtcTime":"2020-10-19 04:28:31.316","ProcessGuid":"{39e4a257-15ef-5f8d-e704-000000000700}","Image":"C:\\Windows\\System32\\esentutl.exe","ImageLoaded":"C:\\Windows\\System32\\vsstrace.dll","EventID":7,"Channel":"Microsoft-Windows-Sysmon/Operational","Task":"7","RuleName":"-","FileVersion":"10.0.18362.1 (WinBuild.160101.0800)","Message":"Image loaded:\r\nRuleName: -\r\nUtcTime: 2020-10-19 04:28:31.316\r\nProcessGuid: {39e4a257-15ef-5f8d-e704-000000000700}\r\nProcessId: 5136\r\nImage: C:\\Windows\\System32\\esentutl.exe\r\nImageLoaded: C:\\Windows\\System32\\vsstrace.dll\r\nFileVersion: 10.0.18362.1 (WinBuild.160101.0800)\r\nDescription: Microsoft Volume Shadow Copy Service Tracing Library\r\nProduct: Microsoft Windows Operating System\r\nCompany: Microsoft Corporation\r\nOriginalFileName: vsstrace.dll\r\nHashes: SHA1=0ACD65787A372A5F72BAD34D5BE38EAE0EB7DDB2,MD5=6ACE66A6008317D15807CD9A66A867C0,SHA256=809B2A71453BBB84252A06548C7F0BC16A045C7A27F30EB70E2A32C5759D9BD0,IMPHASH=0130390D84872DE284D7472944804E18\r\nSigned: true\r\nSignature: Microsoft Windows\r\nSignatureStatus: Valid","Hostname":"WORKSTATION5","ProcessId":"5136","Description":"Microsoft Volume Shadow Copy Service Tracing Library","Company":"Microsoft Corporation","Signed":"true","OriginalFileName":"vsstrace.dll"}
{"TimeCreated":"2020-10-19 12:28:31.381","SourceName":"Microsoft-Windows-Sysmon","SignatureStatus":"Valid","Signature":"Microsoft Windows","Product":"Microsoft Windows Operating System","Hashes":"SHA1=07461BA687A60CE9784782336BFCE15DE12CA2E6,MD5=50E9EC03BDB43840A2DD60E019077F12,SHA256=A3887E20DA67E7C6E7ED165BB6CCF507903D51AA09C1232C1A31CB2D3236DD93,IMPHASH=54AED0AFBFDD9A06168BDE379CFF799E","UtcTime":"2020-10-19 04:28:31.316","ProcessGuid":"{39e4a257-15ef-5f8d-e704-000000000700}","Image":"C:\\Windows\\System32\\esentutl.exe","ImageLoaded":"C:\\Windows\\System32\\vssapi.dll","EventID":7,"Channel":"Microsoft-Windows-Sysmon/Operational","Task":"7","RuleName":"-","FileVersion":"10.0.18362.1 (WinBuild.160101.0800)","Message":"Image loaded:\r\nRuleName: -\r\nUtcTime: 2020-10-19 04:28:31.316\r\nProcessGuid: {39e4a257-15ef-5f8d-e704-000000000700}\r\nProcessId: 5136\r\nImage: C:\\Windows\\System32\\esentutl.exe\r\nImageLoaded: C:\\Windows\\System32\\vssapi.dll\r\nFileVersion: 10.0.18362.1 (WinBuild.160101.0800)\r\nDescription: Microsoft Volume Shadow Copy Requestor/Writer Services API DLL\r\nProduct: Microsoft Windows Operating System\r\nCompany: Microsoft Corporation\r\nOriginalFileName: VSSAPI.DLL\r\nHashes: SHA1=07461BA687A60CE9784782336BFCE15DE12CA2E6,MD5=50E9EC03BDB43840A2DD60E019077F12,SHA256=A3887E20DA67E7C6E7ED165BB6CCF507903D51AA09C1232C1A31CB2D3236DD93,IMPHASH=54AED0AFBFDD9A06168BDE379CFF799E\r\nSigned: true\r\nSignature: Microsoft Windows\r\nSignatureStatus: Valid","Hostname":"WORKSTATION5","ProcessId":"5136","Description":"Microsoft Volume Shadow Copy Requestor/Writer Services API DLL","Company":"Microsoft Corporation","Signed":"true","OriginalFileName":"VSSAPI.DLL"}
{"TimeCreated":"2020-10-19 12:28:31.362","PipeName":"\\lsass","SourceName":"Microsoft-Windows-Sysmon","UtcTime":"2020-10-19 04:28:31.348","ProcessGuid":"{39e4a257-15ef-5f8d-e704-000000000700}","Image":"C:\\windows\\system32\\esentutl.exe","EventID":18,"Channel":"Microsoft-Windows-Sysmon/Operational","Task":"18","RuleName":"-","Message":"Pipe Connected:\r\nRuleName: -\r\nEventType: ConnectPipe\r\nUtcTime: 2020-10-19 04:28:31.348\r\nProcessGuid: {39e4a257-15ef-5f8d-e704-000000000700}\r\nProcessId: 5136\r\nPipeName: \\lsass\r\nImage: C:\\windows\\system32\\esentutl.exe","Hostname":"WORKSTATION5","ProcessId":"5136","EventType":"ConnectPipe"}
{"TimeCreated":"2020-10-19 12:28:31.358","SourceName":"Microsoft-Windows-Sysmon","SignatureStatus":"Valid","Signature":"Microsoft Windows","Product":"Microsoft Windows Operating System","Hashes":"SHA1=7DE7C7E87CFA639E8C4DF269E38FB69A391D6790,MD5=4B179D7C6AA9424831847BA6BACDB260,SHA256=F0541B07D7B00C8D09BC72DF7E2D974F83482E42CD88B4E8260B832B7A71682E,IMPHASH=70F94828FF194145825265FE7BA88C95","UtcTime":"2020-10-19 04:28:31.348","ProcessGuid":"{39e4a257-15ef-5f8d-e704-000000000700}","Image":"C:\\Windows\\System32\\esentutl.exe","ImageLoaded":"C:\\Windows\\System32\\clbcatq.dll","EventID":7,"Channel":"Microsoft-Windows-Sysmon/Operational","Task":"7","RuleName":"-","FileVersion":"2001.12.10941.16384 (WinBuild.160101.0800)","Message":"Image loaded:\r\nRuleName: -\r\nUtcTime: 2020-10-19 04:28:31.348\r\nProcessGuid: {39e4a257-15ef-5f8d-e704-000000000700}\r\nProcessId: 5136\r\nImage: C:\\Windows\\System32\\esentutl.exe\r\nImageLoaded: C:\\Windows\\System32\\clbcatq.dll\r\nFileVersion: 2001.12.10941.16384 (WinBuild.160101.0800)\r\nDescription: COM+ Configuration Catalog\r\nProduct: Microsoft Windows Operating System\r\nCompany: Microsoft Corporation\r\nOriginalFileName: CLBCATQ.DLL\r\nHashes: SHA1=7DE7C7E87CFA639E8C4DF269E38FB69A391D6790,MD5=4B179D7C6AA9424831847BA6BACDB260,SHA256=F0541B07D7B00C8D09BC72DF7E2D974F83482E42CD88B4E8260B832B7A71682E,IMPHASH=70F94828FF194145825265FE7BA88C95\r\nSigned: true\r\nSignature: Microsoft Windows\r\nSignatureStatus: Valid","Hostname":"WORKSTATION5","ProcessId":"5136","Description":"COM+ Configuration Catalog","Company":"Microsoft Corporation","Signed":"true","OriginalFileName":"CLBCATQ.DLL"}
{"TimeCreated":"2020-10-19 12:28:31.355","SourceName":"Microsoft-Windows-Sysmon","SignatureStatus":"Valid","Signature":"Microsoft Windows","Product":"Microsoft Windows Operating System","Hashes":"SHA1=08E232C1B54DD0DA147830BDA9FE4DE15A18D23E,MD5=8DDB8C93B32A851F15F8194F7A6C0223,SHA256=23F8C9BD8086F23A33CBCC600E688F0C5C69B8AD9B68386A911E4799CFAB8415,IMPHASH=8514B56B350970C23D3D492B72396449","UtcTime":"2020-10-19 04:28:31.285","ProcessGuid":"{39e4a257-15ef-5f8d-e704-000000000700}","Image":"C:\\Windows\\System32\\esentutl.exe","ImageLoaded":"C:\\Windows\\System32\\esevss.dll","EventID":7,"Channel":"Microsoft-Windows-Sysmon/Operational","Task":"7","RuleName":"-","FileVersion":"10.0.18362.1 (WinBuild.160101.0800)","Message":"Image loaded:\r\nRuleName: -\r\nUtcTime: 2020-10-19 04:28:31.285\r\nProcessGuid: {39e4a257-15ef-5f8d-e704-000000000700}\r\nProcessId: 5136\r\nImage: C:\\Windows\\System32\\esentutl.exe\r\nImageLoaded: C:\\Windows\\System32\\esevss.dll\r\nFileVersion: 10.0.18362.1 (WinBuild.160101.0800)\r\nDescription: Microsoft(R) ESENT shadow utilities\r\nProduct: Microsoft Windows Operating System\r\nCompany: Microsoft Corporation\r\nOriginalFileName: esevss\r\nHashes: SHA1=08E232C1B54DD0DA147830BDA9FE4DE15A18D23E,MD5=8DDB8C93B32A851F15F8194F7A6C0223,SHA256=23F8C9BD8086F23A33CBCC600E688F0C5C69B8AD9B68386A911E4799CFAB8415,IMPHASH=8514B56B350970C23D3D492B72396449\r\nSigned: true\r\nSignature: Microsoft Windows\r\nSignatureStatus: Valid","Hostname":"WORKSTATION5","ProcessId":"5136","Description":"Microsoft(R) ESENT shadow utilities","Company":"Microsoft Corporation","Signed":"true","OriginalFileName":"esevss"}
{"TimeCreated":"2020-10-19 12:28:31.354","SourceName":"Microsoft-Windows-Sysmon","SignatureStatus":"Valid","Signature":"Microsoft Windows","Product":"Microsoft Windows Operating System","Hashes":"SHA1=35C3365E5F385CB7025DC51D1359BC92CEACB8F4,MD5=81CC27927690AC3A552D92269CBA4899,SHA256=49C1A7FFB5DC382E35F19C1771A0B43120BBB4159EE5BFE23E0410A76A36D68A,IMPHASH=F010E2DB51A2E86CCF6052A1ACC0854F","UtcTime":"2020-10-19 04:28:31.348","ProcessGuid":"{39e4a257-15ef-5f8d-e704-000000000700}","Image":"C:\\Windows\\System32\\esentutl.exe","ImageLoaded":"C:\\Windows\\System32\\oleaut32.dll","EventID":7,"Channel":"Microsoft-Windows-Sysmon/Operational","Task":"7","RuleName":"-","FileVersion":"10.0.18362.1110 (WinBuild.160101.0800)","Message":"Image loaded:\r\nRuleName: -\r\nUtcTime: 2020-10-19 04:28:31.348\r\nProcessGuid: {39e4a257-15ef-5f8d-e704-000000000700}\r\nProcessId: 5136\r\nImage: C:\\Windows\\System32\\esentutl.exe\r\nImageLoaded: C:\\Windows\\System32\\oleaut32.dll\r\nFileVersion: 10.0.18362.1110 (WinBuild.160101.0800)\r\nDescription: OLEAUT32.DLL\r\nProduct: Microsoft Windows Operating System\r\nCompany: Microsoft Corporation\r\nOriginalFileName: OLEAUT32.DLL\r\nHashes: SHA1=35C3365E5F385CB7025DC51D1359BC92CEACB8F4,MD5=81CC27927690AC3A552D92269CBA4899,SHA256=49C1A7FFB5DC382E35F19C1771A0B43120BBB4159EE5BFE23E0410A76A36D68A,IMPHASH=F010E2DB51A2E86CCF6052A1ACC0854F\r\nSigned: true\r\nSignature: Microsoft Windows\r\nSignatureStatus: Valid","Hostname":"WORKSTATION5","ProcessId":"5136","Description":"OLEAUT32.DLL","Company":"Microsoft Corporation","Signed":"true","OriginalFileName":"OLEAUT32.DLL"}
{"SourceImage":"C:\\windows\\System32\\svchost.exe","TimeCreated":"2020-10-19 12:28:31.343","GrantedAccess":"0x1400","SourceName":"Microsoft-Windows-Sysmon","SourceThreadId":"5256","CallTrace":"C:\\windows\\SYSTEM32\\ntdll.dll+9c584|c:\\windows\\system32\\themeservice.dll+1d60|c:\\windows\\system32\\themeservice.dll+1595|c:\\windows\\system32\\themeservice.dll+1461|c:\\windows\\system32\\themeservice.dll+1886|C:\\windows\\SYSTEM32\\ntdll.dll+2f655|C:\\windows\\SYSTEM32\\ntdll.dll+345b4|C:\\windows\\System32\\KERNEL32.DLL+17c24|C:\\windows\\SYSTEM32\\ntdll.dll+6cea1","UtcTime":"2020-10-19 04:28:31.332","TargetProcessGUID":"{39e4a257-15ef-5f8d-e704-000000000700}","SourceProcessId":"2064","EventID":10,"Channel":"Microsoft-Windows-Sysmon/Operational","Task":"10","RuleName":"-","Message":"Process accessed:\r\nRuleName: -\r\nUtcTime: 2020-10-19 04:28:31.332\r\nSourceProcessGUID: {39e4a257-f133-5f8b-3400-000000000700}\r\nSourceProcessId: 2064\r\nSourceThreadId: 5256\r\nSourceImage: C:\\windows\\System32\\svchost.exe\r\nTargetProcessGUID: {39e4a257-15ef-5f8d-e704-000000000700}\r\nTargetProcessId: 5136\r\nTargetImage: C:\\windows\\system32\\esentutl.exe\r\nGrantedAccess: 0x1400\r\nCallTrace: C:\\windows\\SYSTEM32\\ntdll.dll+9c584|c:\\windows\\system32\\themeservice.dll+1d60|c:\\windows\\system32\\themeservice.dll+1595|c:\\windows\\system32\\themeservice.dll+1461|c:\\windows\\system32\\themeservice.dll+1886|C:\\windows\\SYSTEM32\\ntdll.dll+2f655|C:\\windows\\SYSTEM32\\ntdll.dll+345b4|C:\\windows\\System32\\KERNEL32.DLL+17c24|C:\\windows\\SYSTEM32\\ntdll.dll+6cea1","Hostname":"WORKSTATION5","TargetProcessId":"5136","TargetImage":"C:\\windows\\system32\\esentutl.exe","SourceProcessGUID":"{39e4a257-f133-5f8b-3400-000000000700}"}
{"TimeCreated":"2020-10-19 12:28:31.343","SourceName":"Microsoft-Windows-Sysmon","SignatureStatus":"Valid","Signature":"Microsoft Windows","Product":"Microsoft Windows Operating System","Hashes":"SHA1=6395F7F829F718CA8FF0309F22966DABE28721C9,MD5=6522483E207C1AB67BCD1A9088B5FB57,SHA256=0039E641A75F196699E8A7D7358444065E74EB2B444FB3BE7EB8E0767453316A,IMPHASH=F5E51AE05F131EE9F364B960466C9E2C","UtcTime":"2020-10-19 04:28:31.285","ProcessGuid":"{39e4a257-15ef-5f8d-e704-000000000700}","Image":"C:\\Windows\\System32\\esentutl.exe","ImageLoaded":"C:\\Windows\\System32\\esent.dll","EventID":7,"Channel":"Microsoft-Windows-Sysmon/Operational","Task":"7","RuleName":"-","FileVersion":"10.0.18362.693 (WinBuild.160101.0800)","Message":"Image loaded:\r\nRuleName: -\r\nUtcTime: 2020-10-19 04:28:31.285\r\nProcessGuid: {39e4a257-15ef-5f8d-e704-000000000700}\r\nProcessId: 5136\r\nImage: C:\\Windows\\System32\\esentutl.exe\r\nImageLoaded: C:\\Windows\\System32\\esent.dll\r\nFileVersion: 10.0.18362.693 (WinBuild.160101.0800)\r\nDescription: Extensible Storage Engine for Microsoft(R) Windows(R)\r\nProduct: Microsoft Windows Operating System\r\nCompany: Microsoft Corporation\r\nOriginalFileName: esent.dll\r\nHashes: SHA1=6395F7F829F718CA8FF0309F22966DABE28721C9,MD5=6522483E207C1AB67BCD1A9088B5FB57,SHA256=0039E641A75F196699E8A7D7358444065E74EB2B444FB3BE7EB8E0767453316A,IMPHASH=F5E51AE05F131EE9F364B960466C9E2C\r\nSigned: true\r\nSignature: Microsoft Windows\r\nSignatureStatus: Valid","Hostname":"WORKSTATION5","ProcessId":"5136","Description":"Extensible Storage Engine for Microsoft(R) Windows(R)","Company":"Microsoft Corporation","Signed":"true","OriginalFileName":"esent.dll"}
{"SourceImage":"C:\\windows\\System32\\svchost.exe","TimeCreated":"2020-10-19 12:28:31.342","GrantedAccess":"0x1478","SourceName":"Microsoft-Windows-Sysmon","SourceThreadId":"2236","CallTrace":"C:\\windows\\SYSTEM32\\ntdll.dll+9c584|c:\\windows\\system32\\themeservice.dll+1a9a|c:\\windows\\system32\\themeservice.dll+1736|c:\\windows\\system32\\themeservice.dll+6026|c:\\windows\\system32\\themeservice.dll+ad9a|c:\\windows\\system32\\themeservice.dll+9dcf|C:\\windows\\System32\\svchost.exe+314c|C:\\windows\\System32\\sechost.dll+2de2|C:\\windows\\System32\\KERNEL32.DLL+17c24|C:\\windows\\SYSTEM32\\ntdll.dll+6cea1","UtcTime":"2020-10-19 04:28:31.332","TargetProcessGUID":"{39e4a257-15ef-5f8d-e704-000000000700}","SourceProcessId":"2064","EventID":10,"Channel":"Microsoft-Windows-Sysmon/Operational","Task":"10","RuleName":"-","Message":"Process accessed:\r\nRuleName: -\r\nUtcTime: 2020-10-19 04:28:31.332\r\nSourceProcessGUID: {39e4a257-f133-5f8b-3400-000000000700}\r\nSourceProcessId: 2064\r\nSourceThreadId: 2236\r\nSourceImage: C:\\windows\\System32\\svchost.exe\r\nTargetProcessGUID: {39e4a257-15ef-5f8d-e704-000000000700}\r\nTargetProcessId: 5136\r\nTargetImage: C:\\windows\\system32\\esentutl.exe\r\nGrantedAccess: 0x1478\r\nCallTrace: C:\\windows\\SYSTEM32\\ntdll.dll+9c584|c:\\windows\\system32\\themeservice.dll+1a9a|c:\\windows\\system32\\themeservice.dll+1736|c:\\windows\\system32\\themeservice.dll+6026|c:\\windows\\system32\\themeservice.dll+ad9a|c:\\windows\\system32\\themeservice.dll+9dcf|C:\\windows\\System32\\svchost.exe+314c|C:\\windows\\System32\\sechost.dll+2de2|C:\\windows\\System32\\KERNEL32.DLL+17c24|C:\\windows\\SYSTEM32\\ntdll.dll+6cea1","Hostname":"WORKSTATION5","TargetProcessId":"5136","TargetImage":"C:\\windows\\system32\\esentutl.exe","SourceProcessGUID":"{39e4a257-f133-5f8b-3400-000000000700}"}
{"TimeCreated":"2020-10-19 12:28:31.342","SourceName":"Microsoft-Windows-Sysmon","SignatureStatus":"Valid","Signature":"Microsoft Windows","Product":"Microsoft Windows Operating System","Hashes":"SHA1=62956D6FAEB4EC8EA54315A8E3CC15F06165AD57,MD5=3C9D22CAE173AD19806B6A016CD4CC28,SHA256=D95E7D07EA46D7D2AEFA01CD0A64CF266BE26D40FA6BE42F7CF60F6DEB8FBAF3,IMPHASH=64BAD10B75B987F62BF08E1852DE4022","UtcTime":"2020-10-19 04:28:31.332","ProcessGuid":"{39e4a257-15ef-5f8d-e704-000000000700}","Image":"C:\\Windows\\System32\\esentutl.exe","ImageLoaded":"C:\\Windows\\System32\\uxtheme.dll","EventID":7,"Channel":"Microsoft-Windows-Sysmon/Operational","Task":"7","RuleName":"-","FileVersion":"10.0.18362.449 (WinBuild.160101.0800)","Message":"Image loaded:\r\nRuleName: -\r\nUtcTime: 2020-10-19 04:28:31.332\r\nProcessGuid: {39e4a257-15ef-5f8d-e704-000000000700}\r\nProcessId: 5136\r\nImage: C:\\Windows\\System32\\esentutl.exe\r\nImageLoaded: C:\\Windows\\System32\\uxtheme.dll\r\nFileVersion: 10.0.18362.449 (WinBuild.160101.0800)\r\nDescription: Microsoft UxTheme Library\r\nProduct: Microsoft Windows Operating System\r\nCompany: Microsoft Corporation\r\nOriginalFileName: UxTheme.dll\r\nHashes: SHA1=62956D6FAEB4EC8EA54315A8E3CC15F06165AD57,MD5=3C9D22CAE173AD19806B6A016CD4CC28,SHA256=D95E7D07EA46D7D2AEFA01CD0A64CF266BE26D40FA6BE42F7CF60F6DEB8FBAF3,IMPHASH=64BAD10B75B987F62BF08E1852DE4022\r\nSigned: true\r\nSignature: Microsoft Windows\r\nSignatureStatus: Valid","Hostname":"WORKSTATION5","ProcessId":"5136","Description":"Microsoft UxTheme Library","Company":"Microsoft Corporation","Signed":"true","OriginalFileName":"UxTheme.dll"}
{"TimeCreated":"2020-10-19 12:28:31.342","SourceName":"Microsoft-Windows-Sysmon","SignatureStatus":"Valid","Signature":"Microsoft Windows","Product":"Microsoft Windows Operating System","Hashes":"SHA1=76BB2AB8D3CB6DB6D23F4771334C9AA9C231B03A,MD5=025CC332EDC4B1A38290F3E36BCEF4FB,SHA256=0FE3C1C575EA1B0257B2EB12527EC35E3004CD88EA5BAEC7095386A9F9EB70AD,IMPHASH=24F54B6761C10BA12481CF6C780605BF","UtcTime":"2020-10-19 04:28:31.332","ProcessGuid":"{39e4a257-15ef-5f8d-e704-000000000700}","Image":"C:\\Windows\\System32\\esentutl.exe","ImageLoaded":"C:\\Windows\\System32\\imm32.dll","EventID":7,"Channel":"Microsoft-Windows-Sysmon/Operational","Task":"7","RuleName":"-","FileVersion":"10.0.18362.387 (WinBuild.160101.0800)","Message":"Image loaded:\r\nRuleName: -\r\nUtcTime: 2020-10-19 04:28:31.332\r\nProcessGuid: {39e4a257-15ef-5f8d-e704-000000000700}\r\nProcessId: 5136\r\nImage: C:\\Windows\\System32\\esentutl.exe\r\nImageLoaded: C:\\Windows\\System32\\imm32.dll\r\nFileVersion: 10.0.18362.387 (WinBuild.160101.0800)\r\nDescription: Multi-User Windows IMM32 API Client DLL\r\nProduct: Microsoft Windows Operating System\r\nCompany: Microsoft Corporation\r\nOriginalFileName: imm32\r\nHashes: SHA1=76BB2AB8D3CB6DB6D23F4771334C9AA9C231B03A,MD5=025CC332EDC4B1A38290F3E36BCEF4FB,SHA256=0FE3C1C575EA1B0257B2EB12527EC35E3004CD88EA5BAEC7095386A9F9EB70AD,IMPHASH=24F54B6761C10BA12481CF6C780605BF\r\nSigned: true\r\nSignature: Microsoft Windows\r\nSignatureStatus: Valid","Hostname":"WORKSTATION5","ProcessId":"5136","Description":"Multi-User Windows IMM32 API Client DLL","Company":"Microsoft Corporation","Signed":"true","OriginalFileName":"imm32"}
{"TimeCreated":"2020-10-19 12:28:31.341","SourceName":"Microsoft-Windows-Sysmon","SignatureStatus":"Valid","Signature":"Microsoft Windows","Product":"Microsoft Windows Operating System","Hashes":"SHA1=56A126B33C43CE80C5DA3319FA4FBE28F617599C,MD5=94027F5AE9D6FC3B0917C1B5BCD2D88E,SHA256=2FC246F193104FB36285360E9FB14CE10B04EDB50D9D5ECFD9FDA1F010BFCDB9,IMPHASH=7F555C87AEA488E97B6067A0419ED3B4","UtcTime":"2020-10-19 04:28:31.316","ProcessGuid":"{39e4a257-15ef-5f8d-e704-000000000700}","Image":"C:\\Windows\\System32\\esentutl.exe","ImageLoaded":"C:\\Windows\\System32\\msvcp_win.dll","EventID":7,"Channel":"Microsoft-Windows-Sysmon/Operational","Task":"7","RuleName":"-","FileVersion":"10.0.18362.1110 (WinBuild.160101.0800)","Message":"Image loaded:\r\nRuleName: -\r\nUtcTime: 2020-10-19 04:28:31.316\r\nProcessGuid: {39e4a257-15ef-5f8d-e704-000000000700}\r\nProcessId: 5136\r\nImage: C:\\Windows\\System32\\esentutl.exe\r\nImageLoaded: C:\\Windows\\System32\\msvcp_win.dll\r\nFileVersion: 10.0.18362.1110 (WinBuild.160101.0800)\r\nDescription: Microsoft C Runtime Library\r\nProduct: Microsoft Windows Operating System\r\nCompany: Microsoft Corporation\r\nOriginalFileName: msvcp_win.dll\r\nHashes: SHA1=56A126B33C43CE80C5DA3319FA4FBE28F617599C,MD5=94027F5AE9D6FC3B0917C1B5BCD2D88E,SHA256=2FC246F193104FB36285360E9FB14CE10B04EDB50D9D5ECFD9FDA1F010BFCDB9,IMPHASH=7F555C87AEA488E97B6067A0419ED3B4\r\nSigned: true\r\nSignature: Microsoft Windows\r\nSignatureStatus: Valid","Hostname":"WORKSTATION5","ProcessId":"5136","Description":"Microsoft C Runtime Library","Company":"Microsoft Corporation","Signed":"true","OriginalFileName":"msvcp_win.dll"}
{"TimeCreated":"2020-10-19 12:28:31.341","SourceName":"Microsoft-Windows-Sysmon","SignatureStatus":"Valid","Signature":"Microsoft Windows","Product":"Microsoft Windows Operating System","Hashes":"SHA1=F9E2F12438029B6CC54E25DC77E0CDAF4E2F60E6,MD5=EF7E6E4AA8B9EB0B9C2915F6C8F0C71A,SHA256=0428CCE46E90E781510B784E97DC514D4F0564B31591526CDABD40654D4A8F79,IMPHASH=4D32F6E2211CD04CA28C2CD4FAC607E8","UtcTime":"2020-10-19 04:28:31.316","ProcessGuid":"{39e4a257-15ef-5f8d-e704-000000000700}","Image":"C:\\Windows\\System32\\esentutl.exe","ImageLoaded":"C:\\Windows\\System32\\gdi32full.dll","EventID":7,"Channel":"Microsoft-Windows-Sysmon/Operational","Task":"7","RuleName":"-","FileVersion":"10.0.18362.1139 (WinBuild.160101.0800)","Message":"Image loaded:\r\nRuleName: -\r\nUtcTime: 2020-10-19 04:28:31.316\r\nProcessGuid: {39e4a257-15ef-5f8d-e704-000000000700}\r\nProcessId: 5136\r\nImage: C:\\Windows\\System32\\esentutl.exe\r\nImageLoaded: C:\\Windows\\System32\\gdi32full.dll\r\nFileVersion: 10.0.18362.1139 (WinBuild.160101.0800)\r\nDescription: GDI Client DLL\r\nProduct: Microsoft Windows Operating System\r\nCompany: Microsoft Corporation\r\nOriginalFileName: gdi32\r\nHashes: SHA1=F9E2F12438029B6CC54E25DC77E0CDAF4E2F60E6,MD5=EF7E6E4AA8B9EB0B9C2915F6C8F0C71A,SHA256=0428CCE46E90E781510B784E97DC514D4F0564B31591526CDABD40654D4A8F79,IMPHASH=4D32F6E2211CD04CA28C2CD4FAC607E8\r\nSigned: true\r\nSignature: Microsoft Windows\r\nSignatureStatus: Valid","Hostname":"WORKSTATION5","ProcessId":"5136","Description":"GDI Client DLL","Company":"Microsoft Corporation","Signed":"true","OriginalFileName":"gdi32"}
{"TimeCreated":"2020-10-19 12:28:31.341","SourceName":"Microsoft-Windows-Sysmon","SignatureStatus":"Valid","Signature":"Microsoft Windows","Product":"Microsoft Windows Operating System","Hashes":"SHA1=9E91D74D5B9BF64A3D4BE8C5EA3594F5DA2BC299,MD5=2839609118F48DEA292084E43FAA72D8,SHA256=4FC9460147D5A3AA1F9498863CF10BB7BE6099BEF1A3D55503164CA51E36E27E,IMPHASH=C5F30E6A06AB646153863B68366FE58A","UtcTime":"2020-10-19 04:28:31.316","ProcessGuid":"{39e4a257-15ef-5f8d-e704-000000000700}","Image":"C:\\Windows\\System32\\esentutl.exe","ImageLoaded":"C:\\Windows\\System32\\gdi32.dll","EventID":7,"Channel":"Microsoft-Windows-Sysmon/Operational","Task":"7","RuleName":"-","FileVersion":"10.0.18362.1 (WinBuild.160101.0800)","Message":"Image loaded:\r\nRuleName: -\r\nUtcTime: 2020-10-19 04:28:31.316\r\nProcessGuid: {39e4a257-15ef-5f8d-e704-000000000700}\r\nProcessId: 5136\r\nImage: C:\\Windows\\System32\\esentutl.exe\r\nImageLoaded: C:\\Windows\\System32\\gdi32.dll\r\nFileVersion: 10.0.18362.1 (WinBuild.160101.0800)\r\nDescription: GDI Client DLL\r\nProduct: Microsoft Windows Operating System\r\nCompany: Microsoft Corporation\r\nOriginalFileName: gdi32\r\nHashes: SHA1=9E91D74D5B9BF64A3D4BE8C5EA3594F5DA2BC299,MD5=2839609118F48DEA292084E43FAA72D8,SHA256=4FC9460147D5A3AA1F9498863CF10BB7BE6099BEF1A3D55503164CA51E36E27E,IMPHASH=C5F30E6A06AB646153863B68366FE58A\r\nSigned: true\r\nSignature: Microsoft Windows\r\nSignatureStatus: Valid","Hostname":"WORKSTATION5","ProcessId":"5136","Description":"GDI Client DLL","Company":"Microsoft Corporation","Signed":"true","OriginalFileName":"gdi32"}
{"TimeCreated":"2020-10-19 12:28:31.340","SourceName":"Microsoft-Windows-Sysmon","SignatureStatus":"Valid","Signature":"Microsoft Windows","Product":"Microsoft Windows Operating System","Hashes":"SHA1=09CAA4704CC828100AA4BDB1366B5156CD1A63E4,MD5=BE23D5C90313AACEC36448136408D336,SHA256=20EE5EE473456C0853CC7B64FA9BCDBFB3C00B0848B3CFE141535C10AC944478,IMPHASH=00000000000000000000000000000000","UtcTime":"2020-10-19 04:28:31.316","ProcessGuid":"{39e4a257-15ef-5f8d-e704-000000000700}","Image":"C:\\Windows\\System32\\esentutl.exe","ImageLoaded":"C:\\Windows\\System32\\win32u.dll","EventID":7,"Channel":"Microsoft-Windows-Sysmon/Operational","Task":"7","RuleName":"-","FileVersion":"10.0.18362.1139 (WinBuild.160101.0800)","Message":"Image loaded:\r\nRuleName: -\r\nUtcTime: 2020-10-19 04:28:31.316\r\nProcessGuid: {39e4a257-15ef-5f8d-e704-000000000700}\r\nProcessId: 5136\r\nImage: C:\\Windows\\System32\\esentutl.exe\r\nImageLoaded: C:\\Windows\\System32\\win32u.dll\r\nFileVersion: 10.0.18362.1139 (WinBuild.160101.0800)\r\nDescription: Win32u\r\nProduct: Microsoft Windows Operating System\r\nCompany: Microsoft Corporation\r\nOriginalFileName: Win32u.DLL\r\nHashes: SHA1=09CAA4704CC828100AA4BDB1366B5156CD1A63E4,MD5=BE23D5C90313AACEC36448136408D336,SHA256=20EE5EE473456C0853CC7B64FA9BCDBFB3C00B0848B3CFE141535C10AC944478,IMPHASH=00000000000000000000000000000000\r\nSigned: true\r\nSignature: Microsoft Windows\r\nSignatureStatus: Valid","Hostname":"WORKSTATION5","ProcessId":"5136","Description":"Win32u","Company":"Microsoft Corporation","Signed":"true","OriginalFileName":"Win32u.DLL"}
{"TimeCreated":"2020-10-19 12:28:31.340","SourceName":"Microsoft-Windows-Sysmon","SignatureStatus":"Valid","Signature":"Microsoft Windows","Product":"Microsoft Windows Operating System","Hashes":"SHA1=6B56618013746DA2480E9B14DBD03BD1C6DC009F,MD5=99391EBA3F88D56C3D27268D7947782F,SHA256=3AC2B856DD34D51A631C26791916A036C6C917667D8562676CCE8F2F35349221,IMPHASH=70F6F0466DB32D0AA9E18434AE996907","UtcTime":"2020-10-19 04:28:31.316","ProcessGuid":"{39e4a257-15ef-5f8d-e704-000000000700}","Image":"C:\\Windows\\System32\\esentutl.exe","ImageLoaded":"C:\\Windows\\System32\\user32.dll","EventID":7,"Channel":"Microsoft-Windows-Sysmon/Operational","Task":"7","RuleName":"-","FileVersion":"10.0.18362.1110 (WinBuild.160101.0800)","Message":"Image loaded:\r\nRuleName: -\r\nUtcTime: 2020-10-19 04:28:31.316\r\nProcessGuid: {39e4a257-15ef-5f8d-e704-000000000700}\r\nProcessId: 5136\r\nImage: C:\\Windows\\System32\\esentutl.exe\r\nImageLoaded: C:\\Windows\\System32\\user32.dll\r\nFileVersion: 10.0.18362.1110 (WinBuild.160101.0800)\r\nDescription: Multi-User Windows USER API Client DLL\r\nProduct: Microsoft Windows Operating System\r\nCompany: Microsoft Corporation\r\nOriginalFileName: user32\r\nHashes: SHA1=6B56618013746DA2480E9B14DBD03BD1C6DC009F,MD5=99391EBA3F88D56C3D27268D7947782F,SHA256=3AC2B856DD34D51A631C26791916A036C6C917667D8562676CCE8F2F35349221,IMPHASH=70F6F0466DB32D0AA9E18434AE996907\r\nSigned: true\r\nSignature: Microsoft Windows\r\nSignatureStatus: Valid","Hostname":"WORKSTATION5","ProcessId":"5136","Description":"Multi-User Windows USER API Client DLL","Company":"Microsoft Corporation","Signed":"true","OriginalFileName":"user32"}
{"TimeCreated":"2020-10-19 12:28:31.340","SourceName":"Microsoft-Windows-Sysmon","SignatureStatus":"Valid","Signature":"Microsoft Windows","Product":"Microsoft Windows Operating System","Hashes":"SHA1=F1D1D942ACBA432D60C139A8AE9644665044BCD6,MD5=5539643D8D55C97FB3A5F7E24C448A3F,SHA256=4FB47D56F0FC6C27FEC884E078A2999F7B2E10994359960CC78182544CA80C36,IMPHASH=639D16ACD736EAE912B88E985A0A7A0F","UtcTime":"2020-10-19 04:28:31.316","ProcessGuid":"{39e4a257-15ef-5f8d-e704-000000000700}","Image":"C:\\Windows\\System32\\esentutl.exe","ImageLoaded":"C:\\Windows\\System32\\kernel.appcore.dll","EventID":7,"Channel":"Microsoft-Windows-Sysmon/Operational","Task":"7","RuleName":"-","FileVersion":"10.0.18362.1110 (WinBuild.160101.0800)","Message":"Image loaded:\r\nRuleName: -\r\nUtcTime: 2020-10-19 04:28:31.316\r\nProcessGuid: {39e4a257-15ef-5f8d-e704-000000000700}\r\nProcessId: 5136\r\nImage: C:\\Windows\\System32\\esentutl.exe\r\nImageLoaded: C:\\Windows\\System32\\kernel.appcore.dll\r\nFileVersion: 10.0.18362.1110 (WinBuild.160101.0800)\r\nDescription: AppModel API Host\r\nProduct: Microsoft Windows Operating System\r\nCompany: Microsoft Corporation\r\nOriginalFileName: kernel.appcore.dll\r\nHashes: SHA1=F1D1D942ACBA432D60C139A8AE9644665044BCD6,MD5=5539643D8D55C97FB3A5F7E24C448A3F,SHA256=4FB47D56F0FC6C27FEC884E078A2999F7B2E10994359960CC78182544CA80C36,IMPHASH=639D16ACD736EAE912B88E985A0A7A0F\r\nSigned: true\r\nSignature: Microsoft Windows\r\nSignatureStatus: Valid","Hostname":"WORKSTATION5","ProcessId":"5136","Description":"AppModel API Host","Company":"Microsoft Corporation","Signed":"true","OriginalFileName":"kernel.appcore.dll"}
{"TimeCreated":"2020-10-19 12:28:31.340","SourceName":"Microsoft-Windows-Sysmon","SignatureStatus":"Valid","Signature":"Microsoft Windows","Product":"Microsoft Windows Operating System","Hashes":"SHA1=0E931ED820C96CCAD23D4AFCB0ACD97C99155D11,MD5=C0F8DA7568D2F1534E0ABB0E69DC3280,SHA256=E419A4BBDF1D5E0601E90BAFC1558DBD7414CD44E098B581C1915EF2C6E38D0B,IMPHASH=70D7A835AF4CA9F98A94AAF1B60BF88F","UtcTime":"2020-10-19 04:28:31.316","ProcessGuid":"{39e4a257-15ef-5f8d-e704-000000000700}","Image":"C:\\Windows\\System32\\esentutl.exe","ImageLoaded":"C:\\Windows\\System32\\ws2_32.dll","EventID":7,"Channel":"Microsoft-Windows-Sysmon/Operational","Task":"7","RuleName":"-","FileVersion":"10.0.18362.387 (WinBuild.160101.0800)","Message":"Image loaded:\r\nRuleName: -\r\nUtcTime: 2020-10-19 04:28:31.316\r\nProcessGuid: {39e4a257-15ef-5f8d-e704-000000000700}\r\nProcessId: 5136\r\nImage: C:\\Windows\\System32\\esentutl.exe\r\nImageLoaded: C:\\Windows\\System32\\ws2_32.dll\r\nFileVersion: 10.0.18362.387 (WinBuild.160101.0800)\r\nDescription: Windows Socket 2.0 32-Bit DLL\r\nProduct: Microsoft Windows Operating System\r\nCompany: Microsoft Corporation\r\nOriginalFileName: ws2_32.dll\r\nHashes: SHA1=0E931ED820C96CCAD23D4AFCB0ACD97C99155D11,MD5=C0F8DA7568D2F1534E0ABB0E69DC3280,SHA256=E419A4BBDF1D5E0601E90BAFC1558DBD7414CD44E098B581C1915EF2C6E38D0B,IMPHASH=70D7A835AF4CA9F98A94AAF1B60BF88F\r\nSigned: true\r\nSignature: Microsoft Windows\r\nSignatureStatus: Valid","Hostname":"WORKSTATION5","ProcessId":"5136","Description":"Windows Socket 2.0 32-Bit DLL","Company":"Microsoft Corporation","Signed":"true","OriginalFileName":"ws2_32.dll"}
{"TimeCreated":"2020-10-19 12:28:31.339","SourceName":"Microsoft-Windows-Sysmon","SignatureStatus":"Valid","Signature":"Microsoft Windows","Product":"Microsoft Windows Operating System","Hashes":"SHA1=A330EDE32DFA03AE6808EE7FB6916D8DEB8F5DDE,MD5=A094E2B38D3DD864B07580D243CB6E43,SHA256=C441E19D20961D4E990E117A300ED318BEDBF2F8BA0FF07BEE7832AC502CDDF2,IMPHASH=CE4BD072766253F6A267D0284CA82002","UtcTime":"2020-10-19 04:28:31.316","ProcessGuid":"{39e4a257-15ef-5f8d-e704-000000000700}","Image":"C:\\Windows\\System32\\esentutl.exe","ImageLoaded":"C:\\Windows\\System32\\sechost.dll","EventID":7,"Channel":"Microsoft-Windows-Sysmon/Operational","Task":"7","RuleName":"-","FileVersion":"10.0.18362.959 (WinBuild.160101.0800)","Message":"Image loaded:\r\nRuleName: -\r\nUtcTime: 2020-10-19 04:28:31.316\r\nProcessGuid: {39e4a257-15ef-5f8d-e704-000000000700}\r\nProcessId: 5136\r\nImage: C:\\Windows\\System32\\esentutl.exe\r\nImageLoaded: C:\\Windows\\System32\\sechost.dll\r\nFileVersion: 10.0.18362.959 (WinBuild.160101.0800)\r\nDescription: Host for SCM/SDDL/LSA Lookup APIs\r\nProduct: Microsoft Windows Operating System\r\nCompany: Microsoft Corporation\r\nOriginalFileName: sechost.dll\r\nHashes: SHA1=A330EDE32DFA03AE6808EE7FB6916D8DEB8F5DDE,MD5=A094E2B38D3DD864B07580D243CB6E43,SHA256=C441E19D20961D4E990E117A300ED318BEDBF2F8BA0FF07BEE7832AC502CDDF2,IMPHASH=CE4BD072766253F6A267D0284CA82002\r\nSigned: true\r\nSignature: Microsoft Windows\r\nSignatureStatus: Valid","Hostname":"WORKSTATION5","ProcessId":"5136","Description":"Host for SCM/SDDL/LSA Lookup APIs","Company":"Microsoft Corporation","Signed":"true","OriginalFileName":"sechost.dll"}
{"TimeCreated":"2020-10-19 12:28:31.339","SourceName":"Microsoft-Windows-Sysmon","SignatureStatus":"Valid","Signature":"Microsoft Windows","Product":"Microsoft Windows Operating System","Hashes":"SHA1=35C61DDE6F8F4ED05F9C4837E2B91C886CA79F82,MD5=EA4F6E7961B4A402F6F5EC33C655260A,SHA256=5E2D103E7E1FD7CA0492E541F082D274EF6259AF2158A3562986C796C5C869DD,IMPHASH=8EEA175C33205685FB8A14876D7564DB","UtcTime":"2020-10-19 04:28:31.316","ProcessGuid":"{39e4a257-15ef-5f8d-e704-000000000700}","Image":"C:\\Windows\\System32\\esentutl.exe","ImageLoaded":"C:\\Windows\\System32\\advapi32.dll","EventID":7,"Channel":"Microsoft-Windows-Sysmon/Operational","Task":"7","RuleName":"-","FileVersion":"10.0.18362.752 (WinBuild.160101.0800)","Message":"Image loaded:\r\nRuleName: -\r\nUtcTime: 2020-10-19 04:28:31.316\r\nProcessGuid: {39e4a257-15ef-5f8d-e704-000000000700}\r\nProcessId: 5136\r\nImage: C:\\Windows\\System32\\esentutl.exe\r\nImageLoaded: C:\\Windows\\System32\\advapi32.dll\r\nFileVersion: 10.0.18362.752 (WinBuild.160101.0800)\r\nDescription: Advanced Windows 32 Base API\r\nProduct: Microsoft Windows Operating System\r\nCompany: Microsoft Corporation\r\nOriginalFileName: advapi32.dll\r\nHashes: SHA1=35C61DDE6F8F4ED05F9C4837E2B91C886CA79F82,MD5=EA4F6E7961B4A402F6F5EC33C655260A,SHA256=5E2D103E7E1FD7CA0492E541F082D274EF6259AF2158A3562986C796C5C869DD,IMPHASH=8EEA175C33205685FB8A14876D7564DB\r\nSigned: true\r\nSignature: Microsoft Windows\r\nSignatureStatus: Valid","Hostname":"WORKSTATION5","ProcessId":"5136","Description":"Advanced Windows 32 Base API","Company":"Microsoft Corporation","Signed":"true","OriginalFileName":"advapi32.dll"}
{"TimeCreated":"2020-10-19 12:28:31.339","SourceName":"Microsoft-Windows-Sysmon","SignatureStatus":"Valid","Signature":"Microsoft Windows","Product":"Microsoft Windows Operating System","Hashes":"SHA1=B4222C8DC3274CFC3FE54F322D827B2F01FFF036,MD5=EF2BBEAFF07D32A2EC77FB4602FA9664,SHA256=6B47F3E88CDEDF8F31F91940E38A4544818C79D153323262F9F46B21F41D262C,IMPHASH=402DA460E2AC467F4489C588A9941032","UtcTime":"2020-10-19 04:28:31.301","ProcessGuid":"{39e4a257-15ef-5f8d-e704-000000000700}","Image":"C:\\Windows\\System32\\esentutl.exe","ImageLoaded":"C:\\Windows\\System32\\bcryptprimitives.dll","EventID":7,"Channel":"Microsoft-Windows-Sysmon/Operational","Task":"7","RuleName":"-","FileVersion":"10.0.18362.836 (WinBuild.160101.0800)","Message":"Image loaded:\r\nRuleName: -\r\nUtcTime: 2020-10-19 04:28:31.301\r\nProcessGuid: {39e4a257-15ef-5f8d-e704-000000000700}\r\nProcessId: 5136\r\nImage: C:\\Windows\\System32\\esentutl.exe\r\nImageLoaded: C:\\Windows\\System32\\bcryptprimitives.dll\r\nFileVersion: 10.0.18362.836 (WinBuild.160101.0800)\r\nDescription: Windows Cryptographic Primitives Library\r\nProduct: Microsoft Windows Operating System\r\nCompany: Microsoft Corporation\r\nOriginalFileName: bcryptprimitives.dll\r\nHashes: SHA1=B4222C8DC3274CFC3FE54F322D827B2F01FFF036,MD5=EF2BBEAFF07D32A2EC77FB4602FA9664,SHA256=6B47F3E88CDEDF8F31F91940E38A4544818C79D153323262F9F46B21F41D262C,IMPHASH=402DA460E2AC467F4489C588A9941032\r\nSigned: true\r\nSignature: Microsoft Windows\r\nSignatureStatus: Valid","Hostname":"WORKSTATION5","ProcessId":"5136","Description":"Windows Cryptographic Primitives Library","Company":"Microsoft Corporation","Signed":"true","OriginalFileName":"bcryptprimitives.dll"}
{"TimeCreated":"2020-10-19 12:28:31.339","SourceName":"Microsoft-Windows-Sysmon","SignatureStatus":"Valid","Signature":"Microsoft Windows","Product":"Microsoft Windows Operating System","Hashes":"SHA1=04BCAE1D932B2FB22A3B7ADC6C1EC1776151FC68,MD5=DBC5A40335E9F25C5C9313AB95C88CE8,SHA256=C39C71244E43B5469FF3F9313893E1AB7AFF5806B1A179CBED06A59B3F6F81B5,IMPHASH=88E7E7C7FA90052EC162DD37F2B7C7BD","UtcTime":"2020-10-19 04:28:31.301","ProcessGuid":"{39e4a257-15ef-5f8d-e704-000000000700}","Image":"C:\\Windows\\System32\\esentutl.exe","ImageLoaded":"C:\\Windows\\System32\\rpcrt4.dll","EventID":7,"Channel":"Microsoft-Windows-Sysmon/Operational","Task":"7","RuleName":"-","FileVersion":"10.0.18362.1110 (WinBuild.160101.0800)","Message":"Image loaded:\r\nRuleName: -\r\nUtcTime: 2020-10-19 04:28:31.301\r\nProcessGuid: {39e4a257-15ef-5f8d-e704-000000000700}\r\nProcessId: 5136\r\nImage: C:\\Windows\\System32\\esentutl.exe\r\nImageLoaded: C:\\Windows\\System32\\rpcrt4.dll\r\nFileVersion: 10.0.18362.1110 (WinBuild.160101.0800)\r\nDescription: Remote Procedure Call Runtime\r\nProduct: Microsoft Windows Operating System\r\nCompany: Microsoft Corporation\r\nOriginalFileName: rpcrt4.dll\r\nHashes: SHA1=04BCAE1D932B2FB22A3B7ADC6C1EC1776151FC68,MD5=DBC5A40335E9F25C5C9313AB95C88CE8,SHA256=C39C71244E43B5469FF3F9313893E1AB7AFF5806B1A179CBED06A59B3F6F81B5,IMPHASH=88E7E7C7FA90052EC162DD37F2B7C7BD\r\nSigned: true\r\nSignature: Microsoft Windows\r\nSignatureStatus: Valid","Hostname":"WORKSTATION5","ProcessId":"5136","Description":"Remote Procedure Call Runtime","Company":"Microsoft Corporation","Signed":"true","OriginalFileName":"rpcrt4.dll"}
{"TimeCreated":"2020-10-19 12:28:31.338","SourceName":"Microsoft-Windows-Sysmon","SignatureStatus":"Valid","Signature":"Microsoft Windows","Product":"Microsoft Windows Operating System","Hashes":"SHA1=D10BBE9B65C2C6F8FCA6850D0B79CBC6EF04D691,MD5=126821F73FD9FFCE6E091CF9480E1B60,SHA256=7B28F46F0A09CFD9129109A94B1C16C9C62EEF46C09113C4C585D9BF0E69B2DA,IMPHASH=5AE9A136FAFA10321F3D48251BF4F6A1","UtcTime":"2020-10-19 04:28:31.301","ProcessGuid":"{39e4a257-15ef-5f8d-e704-000000000700}","Image":"C:\\Windows\\System32\\esentutl.exe","ImageLoaded":"C:\\Windows\\System32\\ucrtbase.dll","EventID":7,"Channel":"Microsoft-Windows-Sysmon/Operational","Task":"7","RuleName":"-","FileVersion":"10.0.18362.1110 (WinBuild.160101.0800)","Message":"Image loaded:\r\nRuleName: -\r\nUtcTime: 2020-10-19 04:28:31.301\r\nProcessGuid: {39e4a257-15ef-5f8d-e704-000000000700}\r\nProcessId: 5136\r\nImage: C:\\Windows\\System32\\esentutl.exe\r\nImageLoaded: C:\\Windows\\System32\\ucrtbase.dll\r\nFileVersion: 10.0.18362.1110 (WinBuild.160101.0800)\r\nDescription: Microsoft C Runtime Library\r\nProduct: Microsoft Windows Operating System\r\nCompany: Microsoft Corporation\r\nOriginalFileName: ucrtbase.dll\r\nHashes: SHA1=D10BBE9B65C2C6F8FCA6850D0B79CBC6EF04D691,MD5=126821F73FD9FFCE6E091CF9480E1B60,SHA256=7B28F46F0A09CFD9129109A94B1C16C9C62EEF46C09113C4C585D9BF0E69B2DA,IMPHASH=5AE9A136FAFA10321F3D48251BF4F6A1\r\nSigned: true\r\nSignature: Microsoft Windows\r\nSignatureStatus: Valid","Hostname":"WORKSTATION5","ProcessId":"5136","Description":"Microsoft C Runtime Library","Company":"Microsoft Corporation","Signed":"true","OriginalFileName":"ucrtbase.dll"}
{"TimeCreated":"2020-10-19 12:28:31.335","SourceName":"Microsoft-Windows-Sysmon","SignatureStatus":"Valid","Signature":"Microsoft Windows","Product":"Microsoft Windows Operating System","Hashes":"SHA1=969AA7FF99DD7452EDA4558492D7A7435E414B37,MD5=66D9CBC07F05DC58E9B01E7E247DBA9C,SHA256=C0687B0277326C0DCB36B729F1257D03F23744B17E6BB4A92AFC52BE528EA6E1,IMPHASH=D1A511866766E387FD0DAF3ACBB54B12","UtcTime":"2020-10-19 04:28:31.285","ProcessGuid":"{39e4a257-15ef-5f8d-e704-000000000700}","Image":"C:\\Windows\\System32\\esentutl.exe","ImageLoaded":"C:\\Windows\\System32\\combase.dll","EventID":7,"Channel":"Microsoft-Windows-Sysmon/Operational","Task":"7","RuleName":"-","FileVersion":"10.0.18362.1139 (WinBuild.160101.0800)","Message":"Image loaded:\r\nRuleName: -\r\nUtcTime: 2020-10-19 04:28:31.285\r\nProcessGuid: {39e4a257-15ef-5f8d-e704-000000000700}\r\nProcessId: 5136\r\nImage: C:\\Windows\\System32\\esentutl.exe\r\nImageLoaded: C:\\Windows\\System32\\combase.dll\r\nFileVersion: 10.0.18362.1139 (WinBuild.160101.0800)\r\nDescription: Microsoft COM for Windows\r\nProduct: Microsoft Windows Operating System\r\nCompany: Microsoft Corporation\r\nOriginalFileName: COMBASE.DLL\r\nHashes: SHA1=969AA7FF99DD7452EDA4558492D7A7435E414B37,MD5=66D9CBC07F05DC58E9B01E7E247DBA9C,SHA256=C0687B0277326C0DCB36B729F1257D03F23744B17E6BB4A92AFC52BE528EA6E1,IMPHASH=D1A511866766E387FD0DAF3ACBB54B12\r\nSigned: true\r\nSignature: Microsoft Windows\r\nSignatureStatus: Valid","Hostname":"WORKSTATION5","ProcessId":"5136","Description":"Microsoft COM for Windows","Company":"Microsoft Corporation","Signed":"true","OriginalFileName":"COMBASE.DLL"}
{"TimeCreated":"2020-10-19 12:28:31.298","SourceName":"Microsoft-Windows-Sysmon","SignatureStatus":"Valid","Signature":"Microsoft Windows","Product":"Microsoft Windows Operating System","Hashes":"SHA1=04BCAE1D932B2FB22A3B7ADC6C1EC1776151FC68,MD5=DBC5A40335E9F25C5C9313AB95C88CE8,SHA256=C39C71244E43B5469FF3F9313893E1AB7AFF5806B1A179CBED06A59B3F6F81B5,IMPHASH=88E7E7C7FA90052EC162DD37F2B7C7BD","UtcTime":"2020-10-19 04:28:31.285","ProcessGuid":"{39e4a257-15ef-5f8d-e704-000000000700}","Image":"C:\\Windows\\System32\\esentutl.exe","ImageLoaded":"C:\\Windows\\System32\\rpcrt4.dll","EventID":7,"Channel":"Microsoft-Windows-Sysmon/Operational","Task":"7","RuleName":"-","FileVersion":"10.0.18362.1110 (WinBuild.160101.0800)","Message":"Image loaded:\r\nRuleName: -\r\nUtcTime: 2020-10-19 04:28:31.285\r\nProcessGuid: {39e4a257-15ef-5f8d-e704-000000000700}\r\nProcessId: 5136\r\nImage: C:\\Windows\\System32\\esentutl.exe\r\nImageLoaded: C:\\Windows\\System32\\rpcrt4.dll\r\nFileVersion: 10.0.18362.1110 (WinBuild.160101.0800)\r\nDescription: Remote Procedure Call Runtime\r\nProduct: Microsoft Windows Operating System\r\nCompany: Microsoft Corporation\r\nOriginalFileName: rpcrt4.dll\r\nHashes: SHA1=04BCAE1D932B2FB22A3B7ADC6C1EC1776151FC68,MD5=DBC5A40335E9F25C5C9313AB95C88CE8,SHA256=C39C71244E43B5469FF3F9313893E1AB7AFF5806B1A179CBED06A59B3F6F81B5,IMPHASH=88E7E7C7FA90052EC162DD37F2B7C7BD\r\nSigned: true\r\nSignature: Microsoft Windows\r\nSignatureStatus: Valid","Hostname":"WORKSTATION5","ProcessId":"5136","Description":"Remote Procedure Call Runtime","Company":"Microsoft Corporation","Signed":"true","OriginalFileName":"rpcrt4.dll"}
