{"@timestamp":"2020-10-29T08:23:21.436Z","TimeCreated":"2020-10-29T08:23:21.436Z","Hashes":"SHA1=FA3A718BEED81C7084675E250ADC305677A6B5E4,MD5=3A99A40872AF3B87406CC57DBDF53748,SHA256=96A1DB38C74A81FBA4C4AB29020551364FD1ADA3B6FED789D193C787E757979D,IMPHASH=4B4464C7677B6F07342800F4CF0BA273","Signature":"Microsoft Windows","ProviderGuid":"{5770385f-c22a-43e0-bf4c-06f5698ffbd9}","Company":"Microsoft Corporation","UtcTime":"2020-10-30 00:23:21.432","ProcessGuid":"{14475cd4-5cf8-5f9b-7801-000000000500}","Image":"C:\\ProgramData\\SharpView.exe","ImageLoaded":"C:\\Windows\\System32\\cfgmgr32.dll","Level":"4","Channel":"Microsoft-Windows-Sysmon/Operational","Task":"7","RuleName":"-","FileVersion":"10.0.18362.387 (WinBuild.160101.0800)","SourceName":"Microsoft-Windows-Sysmon","Hostname":"WORKSTATION5.theshire.local","ProcessId":"3752","Description":"Configuration Manager DLL","SignatureStatus":"Valid","Product":"Microsoft Windows Operating System","EventID":7,"Keywords":"0x8000000000000000","Signed":"true","OriginalFileName":"CFGMGR32.DLL","Message":"Image loaded:\r\nRuleName: -\r\nUtcTime: 2020-10-30 00:23:21.432\r\nProcessGuid: {14475cd4-5cf8-5f9b-7801-000000000500}\r\nProcessId: 3752\r\nImage: C:\\ProgramData\\SharpView.exe\r\nImageLoaded: C:\\Windows\\System32\\cfgmgr32.dll\r\nFileVersion: 10.0.18362.387 (WinBuild.160101.0800)\r\nDescription: Configuration Manager DLL\r\nProduct: Microsoft Windows Operating System\r\nCompany: Microsoft Corporation\r\nOriginalFileName: CFGMGR32.DLL\r\nHashes: SHA1=FA3A718BEED81C7084675E250ADC305677A6B5E4,MD5=3A99A40872AF3B87406CC57DBDF53748,SHA256=96A1DB38C74A81FBA4C4AB29020551364FD1ADA3B6FED789D193C787E757979D,IMPHASH=4B4464C7677B6F07342800F4CF0BA273\r\nSigned: true\r\nSignature: Microsoft Windows\r\nSignatureStatus: Valid"}
{"@timestamp":"2020-10-29T08:23:21.437Z","TimeCreated":"2020-10-29T08:23:21.437Z","Hashes":"SHA1=75C9F506592699E30D8ECA63F88C79E956324111,MD5=6ACBCCE095FDB475FC2B3D178E5D9208,SHA256=3F49AB1B04EE3D843E961A1B62CB695EE3FE940EE287819BBBABCC1C3A38F507,IMPHASH=0E48D88DA5B1AEFE29036ECDE5B34E8D","Signature":"Microsoft Windows","ProviderGuid":"{5770385f-c22a-43e0-bf4c-06f5698ffbd9}","Company":"Microsoft Corporation","UtcTime":"2020-10-30 00:23:21.432","ProcessGuid":"{14475cd4-5cf8-5f9b-7801-000000000500}","Image":"C:\\ProgramData\\SharpView.exe","ImageLoaded":"C:\\Windows\\System32\\SHCore.dll","Level":"4","Channel":"Microsoft-Windows-Sysmon/Operational","Task":"7","RuleName":"-","FileVersion":"10.0.18362.959 (WinBuild.160101.0800)","SourceName":"Microsoft-Windows-Sysmon","Hostname":"WORKSTATION5.theshire.local","ProcessId":"3752","Description":"SHCORE","SignatureStatus":"Valid","Product":"Microsoft Windows Operating System","EventID":7,"Keywords":"0x8000000000000000","Signed":"true","OriginalFileName":"SHCORE.dll","Message":"Image loaded:\r\nRuleName: -\r\nUtcTime: 2020-10-30 00:23:21.432\r\nProcessGuid: {14475cd4-5cf8-5f9b-7801-000000000500}\r\nProcessId: 3752\r\nImage: C:\\ProgramData\\SharpView.exe\r\nImageLoaded: C:\\Windows\\System32\\SHCore.dll\r\nFileVersion: 10.0.18362.959 (WinBuild.160101.0800)\r\nDescription: SHCORE\r\nProduct: Microsoft Windows Operating System\r\nCompany: Microsoft Corporation\r\nOriginalFileName: SHCORE.dll\r\nHashes: SHA1=75C9F506592699E30D8ECA63F88C79E956324111,MD5=6ACBCCE095FDB475FC2B3D178E5D9208,SHA256=3F49AB1B04EE3D843E961A1B62CB695EE3FE940EE287819BBBABCC1C3A38F507,IMPHASH=0E48D88DA5B1AEFE29036ECDE5B34E8D\r\nSigned: true\r\nSignature: Microsoft Windows\r\nSignatureStatus: Valid"}
{"@timestamp":"2020-10-29T08:23:21.437Z","TimeCreated":"2020-10-29T08:23:21.437Z","Hashes":"SHA1=DF7D0248848C0247FD5F65ABD9799FDA0380C77D,MD5=DDD102204FDCD3FC8DD0AA89CF6609A3,SHA256=49F37639155096444C1B780071B8D63320FD8F8DC1D7CEF7A9031830C4F90968,IMPHASH=BDB3E400A78EE2D42C647E85CD2D827B","Signature":"Microsoft Windows","ProviderGuid":"{5770385f-c22a-43e0-bf4c-06f5698ffbd9}","Company":"Microsoft Corporation","UtcTime":"2020-10-30 00:23:21.432","ProcessGuid":"{14475cd4-5cf8-5f9b-7801-000000000500}","Image":"C:\\ProgramData\\SharpView.exe","ImageLoaded":"C:\\Windows\\System32\\windows.storage.dll","Level":"4","Channel":"Microsoft-Windows-Sysmon/Operational","Task":"7","RuleName":"-","FileVersion":"10.0.18362.1082 (WinBuild.160101.0800)","SourceName":"Microsoft-Windows-Sysmon","Hostname":"WORKSTATION5.theshire.local","ProcessId":"3752","Description":"Microsoft WinRT Storage API","SignatureStatus":"Valid","Product":"Microsoft Windows Operating System","EventID":7,"Keywords":"0x8000000000000000","Signed":"true","OriginalFileName":"Windows.Storage.dll","Message":"Image loaded:\r\nRuleName: -\r\nUtcTime: 2020-10-30 00:23:21.432\r\nProcessGuid: {14475cd4-5cf8-5f9b-7801-000000000500}\r\nProcessId: 3752\r\nImage: C:\\ProgramData\\SharpView.exe\r\nImageLoaded: C:\\Windows\\System32\\windows.storage.dll\r\nFileVersion: 10.0.18362.1082 (WinBuild.160101.0800)\r\nDescription: Microsoft WinRT Storage API\r\nProduct: Microsoft Windows Operating System\r\nCompany: Microsoft Corporation\r\nOriginalFileName: Windows.Storage.dll\r\nHashes: SHA1=DF7D0248848C0247FD5F65ABD9799FDA0380C77D,MD5=DDD102204FDCD3FC8DD0AA89CF6609A3,SHA256=49F37639155096444C1B780071B8D63320FD8F8DC1D7CEF7A9031830C4F90968,IMPHASH=BDB3E400A78EE2D42C647E85CD2D827B\r\nSigned: true\r\nSignature: Microsoft Windows\r\nSignatureStatus: Valid"}
{"@timestamp":"2020-10-29T08:23:21.437Z","TimeCreated":"2020-10-29T08:23:21.437Z","Hashes":"SHA1=387FC7660AFDEC45CFFB84980EB77D0E787ED31B,MD5=F4862E1CC68687B9D4B245512BDF8383,SHA256=A2DF0AC95B9AA338EB6062BA5739F65BFBA86658546F4C5CAC6045C363F55E24,IMPHASH=192CF98320740B7D296297054A9C3EEA","Signature":"Microsoft Windows","ProviderGuid":"{5770385f-c22a-43e0-bf4c-06f5698ffbd9}","Company":"Microsoft Corporation","UtcTime":"2020-10-30 00:23:21.432","ProcessGuid":"{14475cd4-5cf8-5f9b-7801-000000000500}","Image":"C:\\ProgramData\\SharpView.exe","ImageLoaded":"C:\\Windows\\System32\\profapi.dll","Level":"4","Channel":"Microsoft-Windows-Sysmon/Operational","Task":"7","RuleName":"-","FileVersion":"10.0.18362.693 (WinBuild.160101.0800)","SourceName":"Microsoft-Windows-Sysmon","Hostname":"WORKSTATION5.theshire.local","ProcessId":"3752","Description":"User Profile Basic API","SignatureStatus":"Valid","Product":"Microsoft Windows Operating System","EventID":7,"Keywords":"0x8000000000000000","Signed":"true","OriginalFileName":"PROFAPI.DLL","Message":"Image loaded:\r\nRuleName: -\r\nUtcTime: 2020-10-30 00:23:21.432\r\nProcessGuid: {14475cd4-5cf8-5f9b-7801-000000000500}\r\nProcessId: 3752\r\nImage: C:\\ProgramData\\SharpView.exe\r\nImageLoaded: C:\\Windows\\System32\\profapi.dll\r\nFileVersion: 10.0.18362.693 (WinBuild.160101.0800)\r\nDescription: User Profile Basic API\r\nProduct: Microsoft Windows Operating System\r\nCompany: Microsoft Corporation\r\nOriginalFileName: PROFAPI.DLL\r\nHashes: SHA1=387FC7660AFDEC45CFFB84980EB77D0E787ED31B,MD5=F4862E1CC68687B9D4B245512BDF8383,SHA256=A2DF0AC95B9AA338EB6062BA5739F65BFBA86658546F4C5CAC6045C363F55E24,IMPHASH=192CF98320740B7D296297054A9C3EEA\r\nSigned: true\r\nSignature: Microsoft Windows\r\nSignatureStatus: Valid"}
{"@timestamp":"2020-10-29T08:23:21.438Z","TimeCreated":"2020-10-29T08:23:21.438Z","Hashes":"SHA1=30D5ADBC0664977C27B65622F514632581C9AF45,MD5=07B027B1E0B775FAE815E487F28137B9,SHA256=21358CE9A416C7F6DB063095102E91F014BDB85B08A4E783E17234792C9B483A,IMPHASH=817FF4748665EB442F0081A91349F764","Signature":"Microsoft Windows","ProviderGuid":"{5770385f-c22a-43e0-bf4c-06f5698ffbd9}","Company":"Microsoft Corporation","UtcTime":"2020-10-30 00:23:21.432","ProcessGuid":"{14475cd4-5cf8-5f9b-7801-000000000500}","Image":"C:\\ProgramData\\SharpView.exe","ImageLoaded":"C:\\Windows\\System32\\powrprof.dll","Level":"4","Channel":"Microsoft-Windows-Sysmon/Operational","Task":"7","RuleName":"-","FileVersion":"10.0.18362.1 (WinBuild.160101.0800)","SourceName":"Microsoft-Windows-Sysmon","Hostname":"WORKSTATION5.theshire.local","ProcessId":"3752","Description":"Power Profile Helper DLL","SignatureStatus":"Valid","Product":"Microsoft Windows Operating System","EventID":7,"Keywords":"0x8000000000000000","Signed":"true","OriginalFileName":"POWRPROF.DLL","Message":"Image loaded:\r\nRuleName: -\r\nUtcTime: 2020-10-30 00:23:21.432\r\nProcessGuid: {14475cd4-5cf8-5f9b-7801-000000000500}\r\nProcessId: 3752\r\nImage: C:\\ProgramData\\SharpView.exe\r\nImageLoaded: C:\\Windows\\System32\\powrprof.dll\r\nFileVersion: 10.0.18362.1 (WinBuild.160101.0800)\r\nDescription: Power Profile Helper DLL\r\nProduct: Microsoft Windows Operating System\r\nCompany: Microsoft Corporation\r\nOriginalFileName: POWRPROF.DLL\r\nHashes: SHA1=30D5ADBC0664977C27B65622F514632581C9AF45,MD5=07B027B1E0B775FAE815E487F28137B9,SHA256=21358CE9A416C7F6DB063095102E91F014BDB85B08A4E783E17234792C9B483A,IMPHASH=817FF4748665EB442F0081A91349F764\r\nSigned: true\r\nSignature: Microsoft Windows\r\nSignatureStatus: Valid"}
{"@timestamp":"2020-10-29T08:23:21.438Z","TimeCreated":"2020-10-29T08:23:21.438Z","Hashes":"SHA1=6ABB78FB1614C12E3E9FFF3DE98B0E13E79201D9,MD5=B9A75ED4500DD953DF172FE6F63578E8,SHA256=709B99BA1DFEF6D9B2483F37D242B12F29B1E1ADE13E338B4D7041C55B55204B,IMPHASH=5A0FF5293A05BFEBAE6F2C9C302FC5E7","Signature":"Microsoft Windows","ProviderGuid":"{5770385f-c22a-43e0-bf4c-06f5698ffbd9}","Company":"-","UtcTime":"2020-10-30 00:23:21.432","ProcessGuid":"{14475cd4-5cf8-5f9b-7801-000000000500}","Image":"C:\\ProgramData\\SharpView.exe","ImageLoaded":"C:\\Windows\\System32\\umpdc.dll","Level":"4","Channel":"Microsoft-Windows-Sysmon/Operational","Task":"7","RuleName":"-","FileVersion":"-","SourceName":"Microsoft-Windows-Sysmon","Hostname":"WORKSTATION5.theshire.local","ProcessId":"3752","Description":"-","SignatureStatus":"Valid","Product":"-","EventID":7,"Keywords":"0x8000000000000000","Signed":"true","OriginalFileName":"-","Message":"Image loaded:\r\nRuleName: -\r\nUtcTime: 2020-10-30 00:23:21.432\r\nProcessGuid: {14475cd4-5cf8-5f9b-7801-000000000500}\r\nProcessId: 3752\r\nImage: C:\\ProgramData\\SharpView.exe\r\nImageLoaded: C:\\Windows\\System32\\umpdc.dll\r\nFileVersion: -\r\nDescription: -\r\nProduct: -\r\nCompany: -\r\nOriginalFileName: -\r\nHashes: SHA1=6ABB78FB1614C12E3E9FFF3DE98B0E13E79201D9,MD5=B9A75ED4500DD953DF172FE6F63578E8,SHA256=709B99BA1DFEF6D9B2483F37D242B12F29B1E1ADE13E338B4D7041C55B55204B,IMPHASH=5A0FF5293A05BFEBAE6F2C9C302FC5E7\r\nSigned: true\r\nSignature: Microsoft Windows\r\nSignatureStatus: Valid"}
{"@timestamp":"2020-10-29T08:23:21.438Z","TimeCreated":"2020-10-29T08:23:21.438Z","Hashes":"SHA1=90F229FB5DB52DF3604195B10C48E946684929ED,MD5=ACE18C6797090A1AA259BB8713917F98,SHA256=F5E118F67745792909973717FAE1F9FE68B2619332A4451AD04E0C9072B8D605,IMPHASH=A9B9D04D0B53DC48ABB37BE77AD01B55","Signature":"Microsoft Windows","ProviderGuid":"{5770385f-c22a-43e0-bf4c-06f5698ffbd9}","Company":"Microsoft Corporation","UtcTime":"2020-10-30 00:23:21.432","ProcessGuid":"{14475cd4-5cf8-5f9b-7801-000000000500}","Image":"C:\\ProgramData\\SharpView.exe","ImageLoaded":"C:\\Windows\\System32\\cryptsp.dll","Level":"4","Channel":"Microsoft-Windows-Sysmon/Operational","Task":"7","RuleName":"-","FileVersion":"10.0.18362.1 (WinBuild.160101.0800)","SourceName":"Microsoft-Windows-Sysmon","Hostname":"WORKSTATION5.theshire.local","ProcessId":"3752","Description":"Cryptographic Service Provider API","SignatureStatus":"Valid","Product":"Microsoft Windows Operating System","EventID":7,"Keywords":"0x8000000000000000","Signed":"true","OriginalFileName":"cryptsp.dll","Message":"Image loaded:\r\nRuleName: -\r\nUtcTime: 2020-10-30 00:23:21.432\r\nProcessGuid: {14475cd4-5cf8-5f9b-7801-000000000500}\r\nProcessId: 3752\r\nImage: C:\\ProgramData\\SharpView.exe\r\nImageLoaded: C:\\Windows\\System32\\cryptsp.dll\r\nFileVersion: 10.0.18362.1 (WinBuild.160101.0800)\r\nDescription: Cryptographic Service Provider API\r\nProduct: Microsoft Windows Operating System\r\nCompany: Microsoft Corporation\r\nOriginalFileName: cryptsp.dll\r\nHashes: SHA1=90F229FB5DB52DF3604195B10C48E946684929ED,MD5=ACE18C6797090A1AA259BB8713917F98,SHA256=F5E118F67745792909973717FAE1F9FE68B2619332A4451AD04E0C9072B8D605,IMPHASH=A9B9D04D0B53DC48ABB37BE77AD01B55\r\nSigned: true\r\nSignature: Microsoft Windows\r\nSignatureStatus: Valid"}
{"@timestamp":"2020-10-29T08:23:21.442Z","TimeCreated":"2020-10-29T08:23:21.442Z","Hashes":"SHA1=421C35E0949143DE72C8F98776565D24815AD47E,MD5=F46778029BE7D755EBDCDF048EA62A4B,SHA256=907A4D1D405283AD24BBA1F9A763C5118A33574F3E0EC7FC543F65B24CC0A748,IMPHASH=E5649DCD6FA9472DB9A89CCD123913C0","Signature":"Microsoft Windows","ProviderGuid":"{5770385f-c22a-43e0-bf4c-06f5698ffbd9}","Company":"Microsoft Corporation","UtcTime":"2020-10-30 00:23:21.432","ProcessGuid":"{14475cd4-5cf8-5f9b-7801-000000000500}","Image":"C:\\ProgramData\\SharpView.exe","ImageLoaded":"C:\\Windows\\System32\\bcrypt.dll","Level":"4","Channel":"Microsoft-Windows-Sysmon/Operational","Task":"7","RuleName":"-","FileVersion":"10.0.18362.267 (WinBuild.160101.0800)","SourceName":"Microsoft-Windows-Sysmon","Hostname":"WORKSTATION5.theshire.local","ProcessId":"3752","Description":"Windows Cryptographic Primitives Library","SignatureStatus":"Valid","Product":"Microsoft Windows Operating System","EventID":7,"Keywords":"0x8000000000000000","Signed":"true","OriginalFileName":"bcrypt.dll","Message":"Image loaded:\r\nRuleName: -\r\nUtcTime: 2020-10-30 00:23:21.432\r\nProcessGuid: {14475cd4-5cf8-5f9b-7801-000000000500}\r\nProcessId: 3752\r\nImage: C:\\ProgramData\\SharpView.exe\r\nImageLoaded: C:\\Windows\\System32\\bcrypt.dll\r\nFileVersion: 10.0.18362.267 (WinBuild.160101.0800)\r\nDescription: Windows Cryptographic Primitives Library\r\nProduct: Microsoft Windows Operating System\r\nCompany: Microsoft Corporation\r\nOriginalFileName: bcrypt.dll\r\nHashes: SHA1=421C35E0949143DE72C8F98776565D24815AD47E,MD5=F46778029BE7D755EBDCDF048EA62A4B,SHA256=907A4D1D405283AD24BBA1F9A763C5118A33574F3E0EC7FC543F65B24CC0A748,IMPHASH=E5649DCD6FA9472DB9A89CCD123913C0\r\nSigned: true\r\nSignature: Microsoft Windows\r\nSignatureStatus: Valid"}
{"@timestamp":"2020-10-29T08:23:21.443Z","TimeCreated":"2020-10-29T08:23:21.443Z","Hashes":"SHA1=09310F93E62D8B8BCBBEA36CB3AAF78CB98798EF,MD5=D3102BD5CD3C24E02C68CF6770379402,SHA256=49BF93C5C4D0D4AEE050ED83193DCF3FCB08D50DB5F0B7740436B24B83D14023,IMPHASH=A4C20B1A7B632846186AD47A0810709E","Signature":"Microsoft Windows","ProviderGuid":"{5770385f-c22a-43e0-bf4c-06f5698ffbd9}","Company":"Microsoft Corporation","UtcTime":"2020-10-30 00:23:21.432","ProcessGuid":"{14475cd4-5cf8-5f9b-7801-000000000500}","Image":"C:\\ProgramData\\SharpView.exe","ImageLoaded":"C:\\Windows\\System32\\rsaenh.dll","Level":"4","Channel":"Microsoft-Windows-Sysmon/Operational","Task":"7","RuleName":"-","FileVersion":"10.0.18362.1 (WinBuild.160101.0800)","SourceName":"Microsoft-Windows-Sysmon","Hostname":"WORKSTATION5.theshire.local","ProcessId":"3752","Description":"Microsoft Enhanced Cryptographic Provider","SignatureStatus":"Valid","Product":"Microsoft Windows Operating System","EventID":7,"Keywords":"0x8000000000000000","Signed":"true","OriginalFileName":"rsaenh.dll","Message":"Image loaded:\r\nRuleName: -\r\nUtcTime: 2020-10-30 00:23:21.432\r\nProcessGuid: {14475cd4-5cf8-5f9b-7801-000000000500}\r\nProcessId: 3752\r\nImage: C:\\ProgramData\\SharpView.exe\r\nImageLoaded: C:\\Windows\\System32\\rsaenh.dll\r\nFileVersion: 10.0.18362.1 (WinBuild.160101.0800)\r\nDescription: Microsoft Enhanced Cryptographic Provider\r\nProduct: Microsoft Windows Operating System\r\nCompany: Microsoft Corporation\r\nOriginalFileName: rsaenh.dll\r\nHashes: SHA1=09310F93E62D8B8BCBBEA36CB3AAF78CB98798EF,MD5=D3102BD5CD3C24E02C68CF6770379402,SHA256=49BF93C5C4D0D4AEE050ED83193DCF3FCB08D50DB5F0B7740436B24B83D14023,IMPHASH=A4C20B1A7B632846186AD47A0810709E\r\nSigned: true\r\nSignature: Microsoft Windows\r\nSignatureStatus: Valid"}
{"@timestamp":"2020-10-29T08:23:21.444Z","TimeCreated":"2020-10-29T08:23:21.444Z","Hashes":"SHA1=B6093663113CF33A76156CB3F6D4322514F00E4B,MD5=26887DE7D7D1928F52A452E3A63E55E8,SHA256=EA86D9754164CA2C01B4A7F81188B2490CEE1F350E177861A4702C92DFD6D066,IMPHASH=3F27E242D68FC14338677A25FAE441F7","Signature":"Microsoft Windows","ProviderGuid":"{5770385f-c22a-43e0-bf4c-06f5698ffbd9}","Company":"Microsoft Corporation","UtcTime":"2020-10-30 00:23:21.432","ProcessGuid":"{14475cd4-5cf8-5f9b-7801-000000000500}","Image":"C:\\ProgramData\\SharpView.exe","ImageLoaded":"C:\\Windows\\System32\\cryptbase.dll","Level":"4","Channel":"Microsoft-Windows-Sysmon/Operational","Task":"7","RuleName":"-","FileVersion":"10.0.18362.1 (WinBuild.160101.0800)","SourceName":"Microsoft-Windows-Sysmon","Hostname":"WORKSTATION5.theshire.local","ProcessId":"3752","Description":"Base cryptographic API DLL","SignatureStatus":"Valid","Product":"Microsoft Windows Operating System","EventID":7,"Keywords":"0x8000000000000000","Signed":"true","OriginalFileName":"cryptbase.dll","Message":"Image loaded:\r\nRuleName: -\r\nUtcTime: 2020-10-30 00:23:21.432\r\nProcessGuid: {14475cd4-5cf8-5f9b-7801-000000000500}\r\nProcessId: 3752\r\nImage: C:\\ProgramData\\SharpView.exe\r\nImageLoaded: C:\\Windows\\System32\\cryptbase.dll\r\nFileVersion: 10.0.18362.1 (WinBuild.160101.0800)\r\nDescription: Base cryptographic API DLL\r\nProduct: Microsoft Windows Operating System\r\nCompany: Microsoft Corporation\r\nOriginalFileName: cryptbase.dll\r\nHashes: SHA1=B6093663113CF33A76156CB3F6D4322514F00E4B,MD5=26887DE7D7D1928F52A452E3A63E55E8,SHA256=EA86D9754164CA2C01B4A7F81188B2490CEE1F350E177861A4702C92DFD6D066,IMPHASH=3F27E242D68FC14338677A25FAE441F7\r\nSigned: true\r\nSignature: Microsoft Windows\r\nSignatureStatus: Valid"}
{"@timestamp":"2020-10-29T08:23:21.457Z","TimeCreated":"2020-10-29T08:23:21.457Z","Hashes":"SHA1=61EEE26CE7FB24474937385B23FF70CABB3FBECD,MD5=28D2A51C29BE3CF712562179EEA91355,SHA256=88A5C9D4C94B0BFCBF9AA74E208FF31BB375760E172F11E04B9989190C01C32A,IMPHASH=169EC277C8848700EB6754B7E1EDFFE6","Signature":"Microsoft Windows","ProviderGuid":"{5770385f-c22a-43e0-bf4c-06f5698ffbd9}","Company":"Microsoft Corporation","UtcTime":"2020-10-30 00:23:21.448","ProcessGuid":"{14475cd4-5cf8-5f9b-7801-000000000500}","Image":"C:\\ProgramData\\SharpView.exe","ImageLoaded":"C:\\Windows\\System32\\wldp.dll","Level":"4","Channel":"Microsoft-Windows-Sysmon/Operational","Task":"7","RuleName":"-","FileVersion":"10.0.18362.295 (WinBuild.160101.0800)","SourceName":"Microsoft-Windows-Sysmon","Hostname":"WORKSTATION5.theshire.local","ProcessId":"3752","Description":"Windows Lockdown Policy","SignatureStatus":"Valid","Product":"Microsoft Windows Operating System","EventID":7,"Keywords":"0x8000000000000000","Signed":"true","OriginalFileName":"wldp.dll","Message":"Image loaded:\r\nRuleName: -\r\nUtcTime: 2020-10-30 00:23:21.448\r\nProcessGuid: {14475cd4-5cf8-5f9b-7801-000000000500}\r\nProcessId: 3752\r\nImage: C:\\ProgramData\\SharpView.exe\r\nImageLoaded: C:\\Windows\\System32\\wldp.dll\r\nFileVersion: 10.0.18362.295 (WinBuild.160101.0800)\r\nDescription: Windows Lockdown Policy\r\nProduct: Microsoft Windows Operating System\r\nCompany: Microsoft Corporation\r\nOriginalFileName: wldp.dll\r\nHashes: SHA1=61EEE26CE7FB24474937385B23FF70CABB3FBECD,MD5=28D2A51C29BE3CF712562179EEA91355,SHA256=88A5C9D4C94B0BFCBF9AA74E208FF31BB375760E172F11E04B9989190C01C32A,IMPHASH=169EC277C8848700EB6754B7E1EDFFE6\r\nSigned: true\r\nSignature: Microsoft Windows\r\nSignatureStatus: Valid"}
{"@timestamp":"2020-10-29T08:23:21.457Z","TimeCreated":"2020-10-29T08:23:21.457Z","Hashes":"SHA1=7A9DD389B0E3C124D4BFE5C1FF15F9A93285514F,MD5=1676DE3980DF1D78E14B172989916570,SHA256=E832E3A58B542E15A169B1545CE82451ACE19BD361FD81764383048528F9B540,IMPHASH=F523F043ACCD8EF1D89F5FD34B5CBBA6","Signature":"Microsoft Windows","ProviderGuid":"{5770385f-c22a-43e0-bf4c-06f5698ffbd9}","Company":"Microsoft Corporation","UtcTime":"2020-10-30 00:23:21.448","ProcessGuid":"{14475cd4-5cf8-5f9b-7801-000000000500}","Image":"C:\\ProgramData\\SharpView.exe","ImageLoaded":"C:\\Windows\\System32\\crypt32.dll","Level":"4","Channel":"Microsoft-Windows-Sysmon/Operational","Task":"7","RuleName":"-","FileVersion":"10.0.18362.592 (WinBuild.160101.0800)","SourceName":"Microsoft-Windows-Sysmon","Hostname":"WORKSTATION5.theshire.local","ProcessId":"3752","Description":"Crypto API32","SignatureStatus":"Valid","Product":"Microsoft Windows Operating System","EventID":7,"Keywords":"0x8000000000000000","Signed":"true","OriginalFileName":"CRYPT32.DLL","Message":"Image loaded:\r\nRuleName: -\r\nUtcTime: 2020-10-30 00:23:21.448\r\nProcessGuid: {14475cd4-5cf8-5f9b-7801-000000000500}\r\nProcessId: 3752\r\nImage: C:\\ProgramData\\SharpView.exe\r\nImageLoaded: C:\\Windows\\System32\\crypt32.dll\r\nFileVersion: 10.0.18362.592 (WinBuild.160101.0800)\r\nDescription: Crypto API32\r\nProduct: Microsoft Windows Operating System\r\nCompany: Microsoft Corporation\r\nOriginalFileName: CRYPT32.DLL\r\nHashes: SHA1=7A9DD389B0E3C124D4BFE5C1FF15F9A93285514F,MD5=1676DE3980DF1D78E14B172989916570,SHA256=E832E3A58B542E15A169B1545CE82451ACE19BD361FD81764383048528F9B540,IMPHASH=F523F043ACCD8EF1D89F5FD34B5CBBA6\r\nSigned: true\r\nSignature: Microsoft Windows\r\nSignatureStatus: Valid"}
{"@timestamp":"2020-10-29T08:23:21.457Z","TimeCreated":"2020-10-29T08:23:21.457Z","Hashes":"SHA1=F1F2A398A07419B588494558430A141884AD66EF,MD5=23D95BFDCD23EC6AFFF7E4B0703CE464,SHA256=18DE438E2C068383700C5A87423B70B251302F0D5107F331BC7EDE5097504907,IMPHASH=F79599CA729D557E0381EC0A41471A27","Signature":"Microsoft Windows","ProviderGuid":"{5770385f-c22a-43e0-bf4c-06f5698ffbd9}","Company":"Microsoft Corporation","UtcTime":"2020-10-30 00:23:21.448","ProcessGuid":"{14475cd4-5cf8-5f9b-7801-000000000500}","Image":"C:\\ProgramData\\SharpView.exe","ImageLoaded":"C:\\Windows\\System32\\msasn1.dll","Level":"4","Channel":"Microsoft-Windows-Sysmon/Operational","Task":"7","RuleName":"-","FileVersion":"10.0.18362.1 (WinBuild.160101.0800)","SourceName":"Microsoft-Windows-Sysmon","Hostname":"WORKSTATION5.theshire.local","ProcessId":"3752","Description":"ASN.1 Runtime APIs","SignatureStatus":"Valid","Product":"Microsoft Windows Operating System","EventID":7,"Keywords":"0x8000000000000000","Signed":"true","OriginalFileName":"msasn1.dll","Message":"Image loaded:\r\nRuleName: -\r\nUtcTime: 2020-10-30 00:23:21.448\r\nProcessGuid: {14475cd4-5cf8-5f9b-7801-000000000500}\r\nProcessId: 3752\r\nImage: C:\\ProgramData\\SharpView.exe\r\nImageLoaded: C:\\Windows\\System32\\msasn1.dll\r\nFileVersion: 10.0.18362.1 (WinBuild.160101.0800)\r\nDescription: ASN.1 Runtime APIs\r\nProduct: Microsoft Windows Operating System\r\nCompany: Microsoft Corporation\r\nOriginalFileName: msasn1.dll\r\nHashes: SHA1=F1F2A398A07419B588494558430A141884AD66EF,MD5=23D95BFDCD23EC6AFFF7E4B0703CE464,SHA256=18DE438E2C068383700C5A87423B70B251302F0D5107F331BC7EDE5097504907,IMPHASH=F79599CA729D557E0381EC0A41471A27\r\nSigned: true\r\nSignature: Microsoft Windows\r\nSignatureStatus: Valid"}
{"@timestamp":"2020-10-29T08:23:21.458Z","TimeCreated":"2020-10-29T08:23:21.458Z","Hashes":"SHA1=1D4CAA4103D48114427B8D1E69707ED12C30E634,MD5=E8C1E4DEC2498695CC0EE5FAC806D501,SHA256=253B83765C2FE82B75357AAEA08053FDF281201EF36F6A69406CFDEA84ADB9E0,IMPHASH=E57A72C1C30E2E99A58FD1D7A27738D7","Signature":"Microsoft Windows","ProviderGuid":"{5770385f-c22a-43e0-bf4c-06f5698ffbd9}","Company":"Microsoft Corporation","UtcTime":"2020-10-30 00:23:21.448","ProcessGuid":"{14475cd4-5cf8-5f9b-7801-000000000500}","Image":"C:\\ProgramData\\SharpView.exe","ImageLoaded":"C:\\Windows\\System32\\wintrust.dll","Level":"4","Channel":"Microsoft-Windows-Sysmon/Operational","Task":"7","RuleName":"-","FileVersion":"10.0.18362.1139 (WinBuild.160101.0800)","SourceName":"Microsoft-Windows-Sysmon","Hostname":"WORKSTATION5.theshire.local","ProcessId":"3752","Description":"Microsoft Trust Verification APIs","SignatureStatus":"Valid","Product":"Microsoft Windows Operating System","EventID":7,"Keywords":"0x8000000000000000","Signed":"true","OriginalFileName":"WINTRUST.DLL","Message":"Image loaded:\r\nRuleName: -\r\nUtcTime: 2020-10-30 00:23:21.448\r\nProcessGuid: {14475cd4-5cf8-5f9b-7801-000000000500}\r\nProcessId: 3752\r\nImage: C:\\ProgramData\\SharpView.exe\r\nImageLoaded: C:\\Windows\\System32\\wintrust.dll\r\nFileVersion: 10.0.18362.1139 (WinBuild.160101.0800)\r\nDescription: Microsoft Trust Verification APIs\r\nProduct: Microsoft Windows Operating System\r\nCompany: Microsoft Corporation\r\nOriginalFileName: WINTRUST.DLL\r\nHashes: SHA1=1D4CAA4103D48114427B8D1E69707ED12C30E634,MD5=E8C1E4DEC2498695CC0EE5FAC806D501,SHA256=253B83765C2FE82B75357AAEA08053FDF281201EF36F6A69406CFDEA84ADB9E0,IMPHASH=E57A72C1C30E2E99A58FD1D7A27738D7\r\nSigned: true\r\nSignature: Microsoft Windows\r\nSignatureStatus: Valid"}
{"@timestamp":"2020-10-29T08:23:21.459Z","TimeCreated":"2020-10-29T08:23:21.459Z","Hashes":"SHA1=C6027664D44C8579A0EF7F515E12A4542FD782CD,MD5=1C188194C6C1880FB7D9E6F54383FF40,SHA256=0A6947B24CAED32006E86DD83A29C1570DFE4ED363AE22D1277D9211430F73AD,IMPHASH=371B4EC2A6801A18FA86FD488786917F","Signature":"Microsoft Windows","ProviderGuid":"{5770385f-c22a-43e0-bf4c-06f5698ffbd9}","Company":"Microsoft Corporation","UtcTime":"2020-10-30 00:23:21.448","ProcessGuid":"{14475cd4-5cf8-5f9b-7801-000000000500}","Image":"C:\\ProgramData\\SharpView.exe","ImageLoaded":"C:\\Windows\\System32\\amsi.dll","Level":"4","Channel":"Microsoft-Windows-Sysmon/Operational","Task":"7","RuleName":"-","FileVersion":"10.0.18362.1 (WinBuild.160101.0800)","SourceName":"Microsoft-Windows-Sysmon","Hostname":"WORKSTATION5.theshire.local","ProcessId":"3752","Description":"Anti-Malware Scan Interface","SignatureStatus":"Valid","Product":"Microsoft Windows Operating System","EventID":7,"Keywords":"0x8000000000000000","Signed":"true","OriginalFileName":"amsi.dll","Message":"Image loaded:\r\nRuleName: -\r\nUtcTime: 2020-10-30 00:23:21.448\r\nProcessGuid: {14475cd4-5cf8-5f9b-7801-000000000500}\r\nProcessId: 3752\r\nImage: C:\\ProgramData\\SharpView.exe\r\nImageLoaded: C:\\Windows\\System32\\amsi.dll\r\nFileVersion: 10.0.18362.1 (WinBuild.160101.0800)\r\nDescription: Anti-Malware Scan Interface\r\nProduct: Microsoft Windows Operating System\r\nCompany: Microsoft Corporation\r\nOriginalFileName: amsi.dll\r\nHashes: SHA1=C6027664D44C8579A0EF7F515E12A4542FD782CD,MD5=1C188194C6C1880FB7D9E6F54383FF40,SHA256=0A6947B24CAED32006E86DD83A29C1570DFE4ED363AE22D1277D9211430F73AD,IMPHASH=371B4EC2A6801A18FA86FD488786917F\r\nSigned: true\r\nSignature: Microsoft Windows\r\nSignatureStatus: Valid"}
{"@timestamp":"2020-10-29T08:23:21.459Z","TimeCreated":"2020-10-29T08:23:21.459Z","Hashes":"SHA1=6767284D50E4B23357C234D4CCF9FD05D821CD78,MD5=6DC9184E8E2827C756E74F7C685FFAD3,SHA256=8F0FB258D463DB0B1CEC91797816E427A125EE8EE46F9CF845678BEDB776D9AE,IMPHASH=B27EC605C3878D5AFB745034F25A7E03","Signature":"Microsoft Windows","ProviderGuid":"{5770385f-c22a-43e0-bf4c-06f5698ffbd9}","Company":"Microsoft Corporation","UtcTime":"2020-10-30 00:23:21.448","ProcessGuid":"{14475cd4-5cf8-5f9b-7801-000000000500}","Image":"C:\\ProgramData\\SharpView.exe","ImageLoaded":"C:\\Windows\\System32\\userenv.dll","Level":"4","Channel":"Microsoft-Windows-Sysmon/Operational","Task":"7","RuleName":"-","FileVersion":"10.0.18362.1139 (WinBuild.160101.0800)","SourceName":"Microsoft-Windows-Sysmon","Hostname":"WORKSTATION5.theshire.local","ProcessId":"3752","Description":"Userenv","SignatureStatus":"Valid","Product":"Microsoft Windows Operating System","EventID":7,"Keywords":"0x8000000000000000","Signed":"true","OriginalFileName":"userenv.dll","Message":"Image loaded:\r\nRuleName: -\r\nUtcTime: 2020-10-30 00:23:21.448\r\nProcessGuid: {14475cd4-5cf8-5f9b-7801-000000000500}\r\nProcessId: 3752\r\nImage: C:\\ProgramData\\SharpView.exe\r\nImageLoaded: C:\\Windows\\System32\\userenv.dll\r\nFileVersion: 10.0.18362.1139 (WinBuild.160101.0800)\r\nDescription: Userenv\r\nProduct: Microsoft Windows Operating System\r\nCompany: Microsoft Corporation\r\nOriginalFileName: userenv.dll\r\nHashes: SHA1=6767284D50E4B23357C234D4CCF9FD05D821CD78,MD5=6DC9184E8E2827C756E74F7C685FFAD3,SHA256=8F0FB258D463DB0B1CEC91797816E427A125EE8EE46F9CF845678BEDB776D9AE,IMPHASH=B27EC605C3878D5AFB745034F25A7E03\r\nSigned: true\r\nSignature: Microsoft Windows\r\nSignatureStatus: Valid"}
{"@timestamp":"2020-10-29T08:23:21.466Z","TimeCreated":"2020-10-29T08:23:21.466Z","Hashes":"SHA1=E7B5828DA78B58A048BAD01598142BC72797E25C,MD5=53CC24EE29A1EF31F35C5344026A7DF4,SHA256=7A987BAFDFEC9886F423232FE2D6B19A22D617B60A7CF5DDDB1638E8DE4B7BAE,IMPHASH=485E0C1A03822631D7AEDD81CF2AF588","Signature":"Microsoft Windows","ProviderGuid":"{5770385f-c22a-43e0-bf4c-06f5698ffbd9}","Company":"Microsoft Corporation","UtcTime":"2020-10-30 00:23:21.464","ProcessGuid":"{14475cd4-5cf8-5f9b-7801-000000000500}","Image":"C:\\ProgramData\\SharpView.exe","ImageLoaded":"C:\\ProgramData\\Microsoft\\Windows Defender\\Platform\\4.18.2009.7-0\\MpOAV.dll","Level":"4","Channel":"Microsoft-Windows-Sysmon/Operational","Task":"7","RuleName":"-","FileVersion":"4.18.2009.7 (WinBuild.160101.0800)","SourceName":"Microsoft-Windows-Sysmon","Hostname":"WORKSTATION5.theshire.local","ProcessId":"3752","Description":"IOfficeAntiVirus Module","SignatureStatus":"Valid","Product":"Microsoft Windows Operating System","EventID":7,"Keywords":"0x8000000000000000","Signed":"true","OriginalFileName":"MpOAV.dll","Message":"Image loaded:\r\nRuleName: -\r\nUtcTime: 2020-10-30 00:23:21.464\r\nProcessGuid: {14475cd4-5cf8-5f9b-7801-000000000500}\r\nProcessId: 3752\r\nImage: C:\\ProgramData\\SharpView.exe\r\nImageLoaded: C:\\ProgramData\\Microsoft\\Windows Defender\\Platform\\4.18.2009.7-0\\MpOAV.dll\r\nFileVersion: 4.18.2009.7 (WinBuild.160101.0800)\r\nDescription: IOfficeAntiVirus Module\r\nProduct: Microsoft Windows Operating System\r\nCompany: Microsoft Corporation\r\nOriginalFileName: MpOAV.dll\r\nHashes: SHA1=E7B5828DA78B58A048BAD01598142BC72797E25C,MD5=53CC24EE29A1EF31F35C5344026A7DF4,SHA256=7A987BAFDFEC9886F423232FE2D6B19A22D617B60A7CF5DDDB1638E8DE4B7BAE,IMPHASH=485E0C1A03822631D7AEDD81CF2AF588\r\nSigned: true\r\nSignature: Microsoft Windows\r\nSignatureStatus: Valid"}
{"@timestamp":"2020-10-29T08:23:21.466Z","TimeCreated":"2020-10-29T08:23:21.466Z","Hashes":"SHA1=35C3365E5F385CB7025DC51D1359BC92CEACB8F4,MD5=81CC27927690AC3A552D92269CBA4899,SHA256=49C1A7FFB5DC382E35F19C1771A0B43120BBB4159EE5BFE23E0410A76A36D68A,IMPHASH=F010E2DB51A2E86CCF6052A1ACC0854F","Signature":"Microsoft Windows","ProviderGuid":"{5770385f-c22a-43e0-bf4c-06f5698ffbd9}","Company":"Microsoft Corporation","UtcTime":"2020-10-30 00:23:21.464","ProcessGuid":"{14475cd4-5cf8-5f9b-7801-000000000500}","Image":"C:\\ProgramData\\SharpView.exe","ImageLoaded":"C:\\Windows\\System32\\oleaut32.dll","Level":"4","Channel":"Microsoft-Windows-Sysmon/Operational","Task":"7","RuleName":"-","FileVersion":"10.0.18362.1110 (WinBuild.160101.0800)","SourceName":"Microsoft-Windows-Sysmon","Hostname":"WORKSTATION5.theshire.local","ProcessId":"3752","Description":"OLEAUT32.DLL","SignatureStatus":"Valid","Product":"Microsoft Windows Operating System","EventID":7,"Keywords":"0x8000000000000000","Signed":"true","OriginalFileName":"OLEAUT32.DLL","Message":"Image loaded:\r\nRuleName: -\r\nUtcTime: 2020-10-30 00:23:21.464\r\nProcessGuid: {14475cd4-5cf8-5f9b-7801-000000000500}\r\nProcessId: 3752\r\nImage: C:\\ProgramData\\SharpView.exe\r\nImageLoaded: C:\\Windows\\System32\\oleaut32.dll\r\nFileVersion: 10.0.18362.1110 (WinBuild.160101.0800)\r\nDescription: OLEAUT32.DLL\r\nProduct: Microsoft Windows Operating System\r\nCompany: Microsoft Corporation\r\nOriginalFileName: OLEAUT32.DLL\r\nHashes: SHA1=35C3365E5F385CB7025DC51D1359BC92CEACB8F4,MD5=81CC27927690AC3A552D92269CBA4899,SHA256=49C1A7FFB5DC382E35F19C1771A0B43120BBB4159EE5BFE23E0410A76A36D68A,IMPHASH=F010E2DB51A2E86CCF6052A1ACC0854F\r\nSigned: true\r\nSignature: Microsoft Windows\r\nSignatureStatus: Valid"}
{"@timestamp":"2020-10-29T08:23:21.467Z","TimeCreated":"2020-10-29T08:23:21.467Z","Hashes":"SHA1=E91485EC65CB9187121AEEE566E3DCA08DE62A5E,MD5=DCA254663BBABCC7049C070757A83E83,SHA256=CD64E5B50DA4A58286B6FE5C277B663E06A75981704C5745B69B919F1C59172C,IMPHASH=4A330F41A0B0B786A58FDCA41FC417D4","Signature":"Microsoft Windows","ProviderGuid":"{5770385f-c22a-43e0-bf4c-06f5698ffbd9}","Company":"Microsoft Corporation","UtcTime":"2020-10-30 00:23:21.464","ProcessGuid":"{14475cd4-5cf8-5f9b-7801-000000000500}","Image":"C:\\ProgramData\\SharpView.exe","ImageLoaded":"C:\\ProgramData\\Microsoft\\Windows Defender\\Platform\\4.18.2009.7-0\\MpClient.dll","Level":"4","Channel":"Microsoft-Windows-Sysmon/Operational","Task":"7","RuleName":"-","FileVersion":"4.18.2009.7 (WinBuild.160101.0800)","SourceName":"Microsoft-Windows-Sysmon","Hostname":"WORKSTATION5.theshire.local","ProcessId":"3752","Description":"Client Interface","SignatureStatus":"Valid","Product":"Microsoft Windows Operating System","EventID":7,"Keywords":"0x8000000000000000","Signed":"true","OriginalFileName":"mpclient.dll","Message":"Image loaded:\r\nRuleName: -\r\nUtcTime: 2020-10-30 00:23:21.464\r\nProcessGuid: {14475cd4-5cf8-5f9b-7801-000000000500}\r\nProcessId: 3752\r\nImage: C:\\ProgramData\\SharpView.exe\r\nImageLoaded: C:\\ProgramData\\Microsoft\\Windows Defender\\Platform\\4.18.2009.7-0\\MpClient.dll\r\nFileVersion: 4.18.2009.7 (WinBuild.160101.0800)\r\nDescription: Client Interface\r\nProduct: Microsoft Windows Operating System\r\nCompany: Microsoft Corporation\r\nOriginalFileName: mpclient.dll\r\nHashes: SHA1=E91485EC65CB9187121AEEE566E3DCA08DE62A5E,MD5=DCA254663BBABCC7049C070757A83E83,SHA256=CD64E5B50DA4A58286B6FE5C277B663E06A75981704C5745B69B919F1C59172C,IMPHASH=4A330F41A0B0B786A58FDCA41FC417D4\r\nSigned: true\r\nSignature: Microsoft Windows\r\nSignatureStatus: Valid"}
{"@timestamp":"2020-10-29T08:23:21.469Z","TimeCreated":"2020-10-29T08:23:21.469Z","Hashes":"SHA1=6D3FD8F29261C05EDAFE0E4D312AAEA21C007FA1,MD5=68B36BC981063A71D181356F4D89C844,SHA256=FC5BAC87F4814262DEA7E79E2B4705E0B8731CC42C80B6CABE9C02955685737C,IMPHASH=D84DBD06FA80DAEC5BB5B0E80B599802","Signature":"Microsoft Windows","ProviderGuid":"{5770385f-c22a-43e0-bf4c-06f5698ffbd9}","Company":"Microsoft Corporation","UtcTime":"2020-10-30 00:23:21.464","ProcessGuid":"{14475cd4-5cf8-5f9b-7801-000000000500}","Image":"C:\\ProgramData\\SharpView.exe","ImageLoaded":"C:\\Windows\\System32\\gpapi.dll","Level":"4","Channel":"Microsoft-Windows-Sysmon/Operational","Task":"7","RuleName":"-","FileVersion":"10.0.18362.1139 (WinBuild.160101.0800)","SourceName":"Microsoft-Windows-Sysmon","Hostname":"WORKSTATION5.theshire.local","ProcessId":"3752","Description":"Group Policy Client API","SignatureStatus":"Valid","Product":"Microsoft Windows Operating System","EventID":7,"Keywords":"0x8000000000000000","Signed":"true","OriginalFileName":"gpapi.dll","Message":"Image loaded:\r\nRuleName: -\r\nUtcTime: 2020-10-30 00:23:21.464\r\nProcessGuid: {14475cd4-5cf8-5f9b-7801-000000000500}\r\nProcessId: 3752\r\nImage: C:\\ProgramData\\SharpView.exe\r\nImageLoaded: C:\\Windows\\System32\\gpapi.dll\r\nFileVersion: 10.0.18362.1139 (WinBuild.160101.0800)\r\nDescription: Group Policy Client API\r\nProduct: Microsoft Windows Operating System\r\nCompany: Microsoft Corporation\r\nOriginalFileName: gpapi.dll\r\nHashes: SHA1=6D3FD8F29261C05EDAFE0E4D312AAEA21C007FA1,MD5=68B36BC981063A71D181356F4D89C844,SHA256=FC5BAC87F4814262DEA7E79E2B4705E0B8731CC42C80B6CABE9C02955685737C,IMPHASH=D84DBD06FA80DAEC5BB5B0E80B599802\r\nSigned: true\r\nSignature: Microsoft Windows\r\nSignatureStatus: Valid"}
{"@timestamp":"2020-10-29T08:23:21.498Z","TimeCreated":"2020-10-29T08:23:21.498Z","ProviderGuid":"{5770385f-c22a-43e0-bf4c-06f5698ffbd9}","TargetFilename":"C:\\Users\\pgustavo\\AppData\\Local\\Temp\\ba9ea7344a4a5f591d6e5dc32a13494b","UtcTime":"2020-10-30 00:23:21.495","ProcessGuid":"{14475cd4-5cf8-5f9b-7801-000000000500}","Image":"C:\\ProgramData\\SharpView.exe","CreationUtcTime":"2020-10-30 00:23:21.495","Level":"4","Channel":"Microsoft-Windows-Sysmon/Operational","Task":"11","RuleName":"-","SourceName":"Microsoft-Windows-Sysmon","Hostname":"WORKSTATION5.theshire.local","ProcessId":"3752","EventID":11,"Keywords":"0x8000000000000000","Message":"File created:\r\nRuleName: -\r\nUtcTime: 2020-10-30 00:23:21.495\r\nProcessGuid: {14475cd4-5cf8-5f9b-7801-000000000500}\r\nProcessId: 3752\r\nImage: C:\\ProgramData\\SharpView.exe\r\nTargetFilename: C:\\Users\\pgustavo\\AppData\\Local\\Temp\\ba9ea7344a4a5f591d6e5dc32a13494b\r\nCreationUtcTime: 2020-10-30 00:23:21.495"}
{"@timestamp":"2020-10-29T08:23:21.498Z","TimeCreated":"2020-10-29T08:23:21.498Z","ProviderGuid":"{5770385f-c22a-43e0-bf4c-06f5698ffbd9}","TargetFilename":"C:\\Users\\pgustavo\\AppData\\Local\\Temp\\ba9ea7344a4a5f591d6e5dc32a13494b\\6c9254b82dc34bf3bcc88fa65afa41d3.dll","UtcTime":"2020-10-30 00:23:21.495","ProcessGuid":"{14475cd4-5cf8-5f9b-7801-000000000500}","Image":"C:\\ProgramData\\SharpView.exe","CreationUtcTime":"2020-10-30 00:23:21.495","Level":"4","Channel":"Microsoft-Windows-Sysmon/Operational","Task":"11","RuleName":"-","SourceName":"Microsoft-Windows-Sysmon","Hostname":"WORKSTATION5.theshire.local","ProcessId":"3752","EventID":11,"Keywords":"0x8000000000000000","Message":"File created:\r\nRuleName: -\r\nUtcTime: 2020-10-30 00:23:21.495\r\nProcessGuid: {14475cd4-5cf8-5f9b-7801-000000000500}\r\nProcessId: 3752\r\nImage: C:\\ProgramData\\SharpView.exe\r\nTargetFilename: C:\\Users\\pgustavo\\AppData\\Local\\Temp\\ba9ea7344a4a5f591d6e5dc32a13494b\\6c9254b82dc34bf3bcc88fa65afa41d3.dll\r\nCreationUtcTime: 2020-10-30 00:23:21.495"}
{"@timestamp":"2020-10-29T08:23:21.510Z","TimeCreated":"2020-10-29T08:23:21.510Z","Hashes":"SHA1=91F597B70E88FDA17FCCAF205F6593B968FF9871,MD5=EA1896A8FD7C63F0FD5C62EE35096721,SHA256=40506359DA821CB14193A63690EA83B4718DA6AC730371EA9F8C7F1CEF3856B9,IMPHASH=3B9EA4B55A8FFFEA166439306E14C283","Signature":"-","ProviderGuid":"{5770385f-c22a-43e0-bf4c-06f5698ffbd9}","Company":"-","UtcTime":"2020-10-30 00:23:21.495","ProcessGuid":"{14475cd4-5cf8-5f9b-7801-000000000500}","Image":"C:\\ProgramData\\SharpView.exe","ImageLoaded":"C:\\Users\\pgustavo\\AppData\\Local\\Temp\\ba9ea7344a4a5f591d6e5dc32a13494b\\6c9254b82dc34bf3bcc88fa65afa41d3.dll","Level":"4","Channel":"Microsoft-Windows-Sysmon/Operational","Task":"7","RuleName":"-","FileVersion":"-","SourceName":"Microsoft-Windows-Sysmon","Hostname":"WORKSTATION5.theshire.local","ProcessId":"3752","Description":"-","SignatureStatus":"Unavailable","Product":"-","EventID":7,"Keywords":"0x8000000000000000","Signed":"false","OriginalFileName":"-","Message":"Image loaded:\r\nRuleName: -\r\nUtcTime: 2020-10-30 00:23:21.495\r\nProcessGuid: {14475cd4-5cf8-5f9b-7801-000000000500}\r\nProcessId: 3752\r\nImage: C:\\ProgramData\\SharpView.exe\r\nImageLoaded: C:\\Users\\pgustavo\\AppData\\Local\\Temp\\ba9ea7344a4a5f591d6e5dc32a13494b\\6c9254b82dc34bf3bcc88fa65afa41d3.dll\r\nFileVersion: -\r\nDescription: -\r\nProduct: -\r\nCompany: -\r\nOriginalFileName: -\r\nHashes: SHA1=91F597B70E88FDA17FCCAF205F6593B968FF9871,MD5=EA1896A8FD7C63F0FD5C62EE35096721,SHA256=40506359DA821CB14193A63690EA83B4718DA6AC730371EA9F8C7F1CEF3856B9,IMPHASH=3B9EA4B55A8FFFEA166439306E14C283\r\nSigned: false\r\nSignature: -\r\nSignatureStatus: Unavailable"}
{"@timestamp":"2020-10-29T08:23:21.510Z","TimeCreated":"2020-10-29T08:23:21.510Z","Hashes":"SHA1=91F597B70E88FDA17FCCAF205F6593B968FF9871,MD5=EA1896A8FD7C63F0FD5C62EE35096721,SHA256=40506359DA821CB14193A63690EA83B4718DA6AC730371EA9F8C7F1CEF3856B9,IMPHASH=3B9EA4B55A8FFFEA166439306E14C283","Signature":"-","ProviderGuid":"{5770385f-c22a-43e0-bf4c-06f5698ffbd9}","Company":"-","UtcTime":"2020-10-30 00:23:21.495","ProcessGuid":"{14475cd4-5cf8-5f9b-7801-000000000500}","Image":"C:\\ProgramData\\SharpView.exe","ImageLoaded":"C:\\Users\\pgustavo\\AppData\\Local\\Temp\\ba9ea7344a4a5f591d6e5dc32a13494b\\6c9254b82dc34bf3bcc88fa65afa41d3.dll","Level":"4","Channel":"Microsoft-Windows-Sysmon/Operational","Task":"7","RuleName":"-","FileVersion":"-","SourceName":"Microsoft-Windows-Sysmon","Hostname":"WORKSTATION5.theshire.local","ProcessId":"3752","Description":"-","SignatureStatus":"Unavailable","Product":"-","EventID":7,"Keywords":"0x8000000000000000","Signed":"false","OriginalFileName":"-","Message":"Image loaded:\r\nRuleName: -\r\nUtcTime: 2020-10-30 00:23:21.495\r\nProcessGuid: {14475cd4-5cf8-5f9b-7801-000000000500}\r\nProcessId: 3752\r\nImage: C:\\ProgramData\\SharpView.exe\r\nImageLoaded: C:\\Users\\pgustavo\\AppData\\Local\\Temp\\ba9ea7344a4a5f591d6e5dc32a13494b\\6c9254b82dc34bf3bcc88fa65afa41d3.dll\r\nFileVersion: -\r\nDescription: -\r\nProduct: -\r\nCompany: -\r\nOriginalFileName: -\r\nHashes: SHA1=91F597B70E88FDA17FCCAF205F6593B968FF9871,MD5=EA1896A8FD7C63F0FD5C62EE35096721,SHA256=40506359DA821CB14193A63690EA83B4718DA6AC730371EA9F8C7F1CEF3856B9,IMPHASH=3B9EA4B55A8FFFEA166439306E14C283\r\nSigned: false\r\nSignature: -\r\nSignatureStatus: Unavailable"}
{"@timestamp":"2020-10-29T08:23:21.518Z","TimeCreated":"2020-10-29T08:23:21.518Z","Hashes":"SHA1=D17D9B227D596326AB3DDB62C112AF7FC2086A81,MD5=47BD27E286130A898A71D28354C6EA51,SHA256=720DB7C8EE00F11FE741317420FF07906ADE1F83EABDCB875B5CF37241D99E09,IMPHASH=75660DEE439E0444CAA3BB74E19C02F0","Signature":"Microsoft Windows","ProviderGuid":"{5770385f-c22a-43e0-bf4c-06f5698ffbd9}","Company":"Microsoft Corporation","UtcTime":"2020-10-30 00:23:21.495","ProcessGuid":"{14475cd4-5cf8-5f9b-7801-000000000500}","Image":"C:\\ProgramData\\SharpView.exe","ImageLoaded":"C:\\Windows\\System32\\urlmon.dll","Level":"4","Channel":"Microsoft-Windows-Sysmon/Operational","Task":"7","RuleName":"-","FileVersion":"11.00.18362.1110 (WinBuild.160101.0800)","SourceName":"Microsoft-Windows-Sysmon","Hostname":"WORKSTATION5.theshire.local","ProcessId":"3752","Description":"OLE32 Extensions for Win32","SignatureStatus":"Valid","Product":"Internet Explorer","EventID":7,"Keywords":"0x8000000000000000","Signed":"true","OriginalFileName":"UrlMon.dll","Message":"Image loaded:\r\nRuleName: -\r\nUtcTime: 2020-10-30 00:23:21.495\r\nProcessGuid: {14475cd4-5cf8-5f9b-7801-000000000500}\r\nProcessId: 3752\r\nImage: C:\\ProgramData\\SharpView.exe\r\nImageLoaded: C:\\Windows\\System32\\urlmon.dll\r\nFileVersion: 11.00.18362.1110 (WinBuild.160101.0800)\r\nDescription: OLE32 Extensions for Win32\r\nProduct: Internet Explorer\r\nCompany: Microsoft Corporation\r\nOriginalFileName: UrlMon.dll\r\nHashes: SHA1=D17D9B227D596326AB3DDB62C112AF7FC2086A81,MD5=47BD27E286130A898A71D28354C6EA51,SHA256=720DB7C8EE00F11FE741317420FF07906ADE1F83EABDCB875B5CF37241D99E09,IMPHASH=75660DEE439E0444CAA3BB74E19C02F0\r\nSigned: true\r\nSignature: Microsoft Windows\r\nSignatureStatus: Valid"}
{"@timestamp":"2020-10-29T08:23:21.518Z","TimeCreated":"2020-10-29T08:23:21.518Z","Hashes":"SHA1=0CB5F095246A71A1EA43BDA79913A7FEF1BFC0F3,MD5=4366B745BB95EA955EBFDAB02762A781,SHA256=1B15BADDFA5C45446413E9297E9D98134E5E61AFA454C4B82DE911B1518C69CA,IMPHASH=8A91E12AED8A0B282C3E51CA39DEC3F4","Signature":"Microsoft Windows","ProviderGuid":"{5770385f-c22a-43e0-bf4c-06f5698ffbd9}","Company":"Microsoft Corporation","UtcTime":"2020-10-30 00:23:21.511","ProcessGuid":"{14475cd4-5cf8-5f9b-7801-000000000500}","Image":"C:\\ProgramData\\SharpView.exe","ImageLoaded":"C:\\Windows\\System32\\iertutil.dll","Level":"4","Channel":"Microsoft-Windows-Sysmon/Operational","Task":"7","RuleName":"-","FileVersion":"11.00.18362.1110 (WinBuild.160101.0800)","SourceName":"Microsoft-Windows-Sysmon","Hostname":"WORKSTATION5.theshire.local","ProcessId":"3752","Description":"Run time utility for Internet Explorer","SignatureStatus":"Valid","Product":"Internet Explorer","EventID":7,"Keywords":"0x8000000000000000","Signed":"true","OriginalFileName":"IeRtUtil.dll","Message":"Image loaded:\r\nRuleName: -\r\nUtcTime: 2020-10-30 00:23:21.511\r\nProcessGuid: {14475cd4-5cf8-5f9b-7801-000000000500}\r\nProcessId: 3752\r\nImage: C:\\ProgramData\\SharpView.exe\r\nImageLoaded: C:\\Windows\\System32\\iertutil.dll\r\nFileVersion: 11.00.18362.1110 (WinBuild.160101.0800)\r\nDescription: Run time utility for Internet Explorer\r\nProduct: Internet Explorer\r\nCompany: Microsoft Corporation\r\nOriginalFileName: IeRtUtil.dll\r\nHashes: SHA1=0CB5F095246A71A1EA43BDA79913A7FEF1BFC0F3,MD5=4366B745BB95EA955EBFDAB02762A781,SHA256=1B15BADDFA5C45446413E9297E9D98134E5E61AFA454C4B82DE911B1518C69CA,IMPHASH=8A91E12AED8A0B282C3E51CA39DEC3F4\r\nSigned: true\r\nSignature: Microsoft Windows\r\nSignatureStatus: Valid"}
{"@timestamp":"2020-10-29T08:23:21.518Z","TimeCreated":"2020-10-29T08:23:21.518Z","ProviderGuid":"{5770385f-c22a-43e0-bf4c-06f5698ffbd9}","UtcTime":"2020-10-30 00:23:21.511","ProcessGuid":"{14475cd4-5cf8-5f9b-7801-000000000500}","Image":"C:\\ProgramData\\SharpView.exe","Level":"4","Channel":"Microsoft-Windows-Sysmon/Operational","Task":"12","RuleName":"-","SourceName":"Microsoft-Windows-Sysmon","Hostname":"WORKSTATION5.theshire.local","ProcessId":"3752","EventType":"CreateKey","EventID":12,"Keywords":"0x8000000000000000","TargetObject":"HKU\\S-1-5-21-3140987116-517580383-2541594433-1104\\Software\\Microsoft\\Windows\\CurrentVersion\\Internet Settings\\ZoneMap","Message":"Registry object added or deleted:\r\nRuleName: -\r\nEventType: CreateKey\r\nUtcTime: 2020-10-30 00:23:21.511\r\nProcessGuid: {14475cd4-5cf8-5f9b-7801-000000000500}\r\nProcessId: 3752\r\nImage: C:\\ProgramData\\SharpView.exe\r\nTargetObject: HKU\\S-1-5-21-3140987116-517580383-2541594433-1104\\Software\\Microsoft\\Windows\\CurrentVersion\\Internet Settings\\ZoneMap"}
{"@timestamp":"2020-10-29T08:23:21.519Z","TimeCreated":"2020-10-29T08:23:21.519Z","Hashes":"SHA1=A30A81AB6EB472CC79CF9E8C5B47ECA85998801A,MD5=DA9647C845792371DD2F95E1CCC9A63A,SHA256=FE741D2F986B0B9557A90BDF0560F49CD17381D1094C42A91634AABE49F46A1E,IMPHASH=D08C52FA17116C062A28110FE7465D80","Signature":"Microsoft Windows","ProviderGuid":"{5770385f-c22a-43e0-bf4c-06f5698ffbd9}","Company":"Microsoft Corporation","UtcTime":"2020-10-30 00:23:21.511","ProcessGuid":"{14475cd4-5cf8-5f9b-7801-000000000500}","Image":"C:\\ProgramData\\SharpView.exe","ImageLoaded":"C:\\Windows\\System32\\sspicli.dll","Level":"4","Channel":"Microsoft-Windows-Sysmon/Operational","Task":"7","RuleName":"-","FileVersion":"10.0.18362.1049 (WinBuild.160101.0800)","SourceName":"Microsoft-Windows-Sysmon","Hostname":"WORKSTATION5.theshire.local","ProcessId":"3752","Description":"Security Support Provider Interface","SignatureStatus":"Valid","Product":"Microsoft Windows Operating System","EventID":7,"Keywords":"0x8000000000000000","Signed":"true","OriginalFileName":"sspicli.dll","Message":"Image loaded:\r\nRuleName: -\r\nUtcTime: 2020-10-30 00:23:21.511\r\nProcessGuid: {14475cd4-5cf8-5f9b-7801-000000000500}\r\nProcessId: 3752\r\nImage: C:\\ProgramData\\SharpView.exe\r\nImageLoaded: C:\\Windows\\System32\\sspicli.dll\r\nFileVersion: 10.0.18362.1049 (WinBuild.160101.0800)\r\nDescription: Security Support Provider Interface\r\nProduct: Microsoft Windows Operating System\r\nCompany: Microsoft Corporation\r\nOriginalFileName: sspicli.dll\r\nHashes: SHA1=A30A81AB6EB472CC79CF9E8C5B47ECA85998801A,MD5=DA9647C845792371DD2F95E1CCC9A63A,SHA256=FE741D2F986B0B9557A90BDF0560F49CD17381D1094C42A91634AABE49F46A1E,IMPHASH=D08C52FA17116C062A28110FE7465D80\r\nSigned: true\r\nSignature: Microsoft Windows\r\nSignatureStatus: Valid"}
{"GrantedAccess":"0x1000","@timestamp":"2020-10-29T08:23:21.519Z","TimeCreated":"2020-10-29T08:23:21.519Z","SourceThreadId":"6008","SourceImage":"C:\\windows\\system32\\lsass.exe","ProviderGuid":"{5770385f-c22a-43e0-bf4c-06f5698ffbd9}","CallTrace":"C:\\windows\\SYSTEM32\\ntdll.dll+9d154|C:\\windows\\System32\\RPCRT4.dll+2d354|C:\\windows\\system32\\lsasrv.dll+176b9|C:\\windows\\SYSTEM32\\SspiSrv.dll+1a72|C:\\windows\\System32\\RPCRT4.dll+76a63|C:\\windows\\System32\\RPCRT4.dll+da036|C:\\windows\\System32\\RPCRT4.dll+37b7c|C:\\windows\\System32\\RPCRT4.dll+549f8|C:\\windows\\System32\\RPCRT4.dll+2c9b1|C:\\windows\\System32\\RPCRT4.dll+2c26b|C:\\windows\\System32\\RPCRT4.dll+1a8cf|C:\\windows\\System32\\RPCRT4.dll+19d7a|C:\\windows\\System32\\RPCRT4.dll+19361|C:\\windows\\System32\\RPCRT4.dll+18dce|C:\\windows\\System32\\RPCRT4.dll+16a05|C:\\windows\\SYSTEM32\\ntdll.dll+333ed|C:\\windows\\SYSTEM32\\ntdll.dll+34142|C:\\windows\\System32\\KERNEL32.DLL+17c24|C:\\windows\\SYSTEM32\\ntdll.dll+6cea1","UtcTime":"2020-10-30 00:23:21.511","TargetProcessGUID":"{14475cd4-5cf8-5f9b-7801-000000000500}","SourceProcessId":"752","Level":"4","Channel":"Microsoft-Windows-Sysmon/Operational","Task":"10","RuleName":"-","SourceName":"Microsoft-Windows-Sysmon","Hostname":"WORKSTATION5.theshire.local","SourceProcessGUID":"{14475cd4-509a-5f9b-0c00-000000000500}","TargetProcessId":"3752","EventID":10,"Keywords":"0x8000000000000000","TargetImage":"C:\\ProgramData\\SharpView.exe","Message":"Process accessed:\r\nRuleName: -\r\nUtcTime: 2020-10-30 00:23:21.511\r\nSourceProcessGUID: {14475cd4-509a-5f9b-0c00-000000000500}\r\nSourceProcessId: 752\r\nSourceThreadId: 6008\r\nSourceImage: C:\\windows\\system32\\lsass.exe\r\nTargetProcessGUID: {14475cd4-5cf8-5f9b-7801-000000000500}\r\nTargetProcessId: 3752\r\nTargetImage: C:\\ProgramData\\SharpView.exe\r\nGrantedAccess: 0x1000\r\nCallTrace: C:\\windows\\SYSTEM32\\ntdll.dll+9d154|C:\\windows\\System32\\RPCRT4.dll+2d354|C:\\windows\\system32\\lsasrv.dll+176b9|C:\\windows\\SYSTEM32\\SspiSrv.dll+1a72|C:\\windows\\System32\\RPCRT4.dll+76a63|C:\\windows\\System32\\RPCRT4.dll+da036|C:\\windows\\System32\\RPCRT4.dll+37b7c|C:\\windows\\System32\\RPCRT4.dll+549f8|C:\\windows\\System32\\RPCRT4.dll+2c9b1|C:\\windows\\System32\\RPCRT4.dll+2c26b|C:\\windows\\System32\\RPCRT4.dll+1a8cf|C:\\windows\\System32\\RPCRT4.dll+19d7a|C:\\windows\\System32\\RPCRT4.dll+19361|C:\\windows\\System32\\RPCRT4.dll+18dce|C:\\windows\\System32\\RPCRT4.dll+16a05|C:\\windows\\SYSTEM32\\ntdll.dll+333ed|C:\\windows\\SYSTEM32\\ntdll.dll+34142|C:\\windows\\System32\\KERNEL32.DLL+17c24|C:\\windows\\SYSTEM32\\ntdll.dll+6cea1"}
