{"@timestamp":"2020-10-23T02:36:44.137Z","TimeCreated":"2020-10-23T02:36:44.137Z","ProviderGuid":"{5770385f-c22a-43e0-bf4c-06f5698ffbd9}","UtcTime":"2020-10-23 06:36:44.124","ProcessGuid":"{39e4a257-f137-5f8b-4800-000000000700}","Image":"C:\\windows\\system32\\svchost.exe","Level":"4","Channel":"Microsoft-Windows-Sysmon/Operational","Task":"12","RuleName":"-","SourceName":"Microsoft-Windows-Sysmon","Hostname":"WORKSTATION5","ProcessId":"2552","EventType":"CreateKey","EventID":12,"Keywords":"0x8000000000000000","TargetObject":"HKCR","Message":"Registry object added or deleted:\r\nRuleName: -\r\nEventType: CreateKey\r\nUtcTime: 2020-10-23 06:36:44.124\r\nProcessGuid: {39e4a257-f137-5f8b-4800-000000000700}\r\nProcessId: 2552\r\nImage: C:\\windows\\system32\\svchost.exe\r\nTargetObject: HKCR"}
{"@timestamp":"2020-10-23T02:36:44.137Z","TimeCreated":"2020-10-23T02:36:44.137Z","ProviderGuid":"{5770385f-c22a-43e0-bf4c-06f5698ffbd9}","UtcTime":"2020-10-23 06:36:44.124","ProcessGuid":"{39e4a257-f137-5f8b-4800-000000000700}","Image":"C:\\windows\\system32\\svchost.exe","Level":"4","Channel":"Microsoft-Windows-Sysmon/Operational","Task":"12","RuleName":"-","SourceName":"Microsoft-Windows-Sysmon","Hostname":"WORKSTATION5","ProcessId":"2552","EventType":"CreateKey","EventID":12,"Keywords":"0x8000000000000000","TargetObject":"HKCR","Message":"Registry object added or deleted:\r\nRuleName: -\r\nEventType: CreateKey\r\nUtcTime: 2020-10-23 06:36:44.124\r\nProcessGuid: {39e4a257-f137-5f8b-4800-000000000700}\r\nProcessId: 2552\r\nImage: C:\\windows\\system32\\svchost.exe\r\nTargetObject: HKCR"}
{"@timestamp":"2020-10-23T02:36:44.139Z","TimeCreated":"2020-10-23T02:36:44.139Z","Hashes":"SHA1=4E319C84A3B272F4159B00A14E379F27A8CF6888,MD5=1310B0EDDFDD818F34DF7C43A41EE2EE,SHA256=8130E4A2D023862DD0162397DF9123C7D9299B6AA6C5B16F93D015EFA263C803,IMPHASH=1CF44754B099F8487ECC57BDB08B3B52","Signature":"Microsoft Windows","ProviderGuid":"{5770385f-c22a-43e0-bf4c-06f5698ffbd9}","Company":"Microsoft Corporation","UtcTime":"2020-10-23 06:36:44.093","ProcessGuid":"{39e4a257-79fb-5f92-7217-000000000700}","Image":"C:\\Windows\\System32\\svchost.exe","ImageLoaded":"C:\\Windows\\System32\\wbem\\wbemsvc.dll","Level":"4","Channel":"Microsoft-Windows-Sysmon/Operational","Task":"7","RuleName":"-","FileVersion":"10.0.18362.1 (WinBuild.160101.0800)","SourceName":"Microsoft-Windows-Sysmon","Hostname":"WORKSTATION5","ProcessId":"4696","Description":"WMI","SignatureStatus":"Valid","Product":"Microsoft Windows Operating System","EventID":7,"Keywords":"0x8000000000000000","Signed":"true","OriginalFileName":"wbemsvc.dll","Message":"Image loaded:\r\nRuleName: -\r\nUtcTime: 2020-10-23 06:36:44.093\r\nProcessGuid: {39e4a257-79fb-5f92-7217-000000000700}\r\nProcessId: 4696\r\nImage: C:\\Windows\\System32\\svchost.exe\r\nImageLoaded: C:\\Windows\\System32\\wbem\\wbemsvc.dll\r\nFileVersion: 10.0.18362.1 (WinBuild.160101.0800)\r\nDescription: WMI\r\nProduct: Microsoft Windows Operating System\r\nCompany: Microsoft Corporation\r\nOriginalFileName: wbemsvc.dll\r\nHashes: SHA1=4E319C84A3B272F4159B00A14E379F27A8CF6888,MD5=1310B0EDDFDD818F34DF7C43A41EE2EE,SHA256=8130E4A2D023862DD0162397DF9123C7D9299B6AA6C5B16F93D015EFA263C803,IMPHASH=1CF44754B099F8487ECC57BDB08B3B52\r\nSigned: true\r\nSignature: Microsoft Windows\r\nSignatureStatus: Valid"}
{"@timestamp":"2020-10-23T02:36:44.148Z","TimeCreated":"2020-10-23T02:36:44.148Z","ProviderGuid":"{5770385f-c22a-43e0-bf4c-06f5698ffbd9}","UtcTime":"2020-10-23 06:36:44.140","ProcessGuid":"{39e4a257-f137-5f8b-4800-000000000700}","Image":"C:\\windows\\system32\\svchost.exe","Level":"4","Channel":"Microsoft-Windows-Sysmon/Operational","Task":"12","RuleName":"-","SourceName":"Microsoft-Windows-Sysmon","Hostname":"WORKSTATION5","ProcessId":"2552","EventType":"CreateKey","EventID":12,"Keywords":"0x8000000000000000","TargetObject":"HKCR","Message":"Registry object added or deleted:\r\nRuleName: -\r\nEventType: CreateKey\r\nUtcTime: 2020-10-23 06:36:44.140\r\nProcessGuid: {39e4a257-f137-5f8b-4800-000000000700}\r\nProcessId: 2552\r\nImage: C:\\windows\\system32\\svchost.exe\r\nTargetObject: HKCR"}
{"@timestamp":"2020-10-23T02:36:44.148Z","TimeCreated":"2020-10-23T02:36:44.148Z","ProviderGuid":"{5770385f-c22a-43e0-bf4c-06f5698ffbd9}","UtcTime":"2020-10-23 06:36:44.140","ProcessGuid":"{39e4a257-f137-5f8b-4800-000000000700}","Image":"C:\\windows\\system32\\svchost.exe","Level":"4","Channel":"Microsoft-Windows-Sysmon/Operational","Task":"12","RuleName":"-","SourceName":"Microsoft-Windows-Sysmon","Hostname":"WORKSTATION5","ProcessId":"2552","EventType":"CreateKey","EventID":12,"Keywords":"0x8000000000000000","TargetObject":"HKCR","Message":"Registry object added or deleted:\r\nRuleName: -\r\nEventType: CreateKey\r\nUtcTime: 2020-10-23 06:36:44.140\r\nProcessGuid: {39e4a257-f137-5f8b-4800-000000000700}\r\nProcessId: 2552\r\nImage: C:\\windows\\system32\\svchost.exe\r\nTargetObject: HKCR"}
{"@timestamp":"2020-10-23T02:36:44.148Z","TimeCreated":"2020-10-23T02:36:44.148Z","ProviderGuid":"{5770385f-c22a-43e0-bf4c-06f5698ffbd9}","UtcTime":"2020-10-23 06:36:44.140","ProcessGuid":"{39e4a257-f137-5f8b-4800-000000000700}","Image":"C:\\windows\\system32\\svchost.exe","Level":"4","Channel":"Microsoft-Windows-Sysmon/Operational","Task":"12","RuleName":"-","SourceName":"Microsoft-Windows-Sysmon","Hostname":"WORKSTATION5","ProcessId":"2552","EventType":"CreateKey","EventID":12,"Keywords":"0x8000000000000000","TargetObject":"HKCR","Message":"Registry object added or deleted:\r\nRuleName: -\r\nEventType: CreateKey\r\nUtcTime: 2020-10-23 06:36:44.140\r\nProcessGuid: {39e4a257-f137-5f8b-4800-000000000700}\r\nProcessId: 2552\r\nImage: C:\\windows\\system32\\svchost.exe\r\nTargetObject: HKCR"}
{"@timestamp":"2020-10-23T02:36:44.148Z","TimeCreated":"2020-10-23T02:36:44.148Z","ProviderGuid":"{5770385f-c22a-43e0-bf4c-06f5698ffbd9}","UtcTime":"2020-10-23 06:36:44.140","ProcessGuid":"{39e4a257-f137-5f8b-4800-000000000700}","Image":"C:\\windows\\system32\\svchost.exe","Level":"4","Channel":"Microsoft-Windows-Sysmon/Operational","Task":"12","RuleName":"-","SourceName":"Microsoft-Windows-Sysmon","Hostname":"WORKSTATION5","ProcessId":"2552","EventType":"CreateKey","EventID":12,"Keywords":"0x8000000000000000","TargetObject":"HKCR","Message":"Registry object added or deleted:\r\nRuleName: -\r\nEventType: CreateKey\r\nUtcTime: 2020-10-23 06:36:44.140\r\nProcessGuid: {39e4a257-f137-5f8b-4800-000000000700}\r\nProcessId: 2552\r\nImage: C:\\windows\\system32\\svchost.exe\r\nTargetObject: HKCR"}
{"@timestamp":"2020-10-23T02:36:44.148Z","TimeCreated":"2020-10-23T02:36:44.148Z","ProviderGuid":"{5770385f-c22a-43e0-bf4c-06f5698ffbd9}","UtcTime":"2020-10-23 06:36:44.140","ProcessGuid":"{39e4a257-f137-5f8b-4800-000000000700}","Image":"C:\\windows\\system32\\svchost.exe","Level":"4","Channel":"Microsoft-Windows-Sysmon/Operational","Task":"12","RuleName":"-","SourceName":"Microsoft-Windows-Sysmon","Hostname":"WORKSTATION5","ProcessId":"2552","EventType":"CreateKey","EventID":12,"Keywords":"0x8000000000000000","TargetObject":"HKCR","Message":"Registry object added or deleted:\r\nRuleName: -\r\nEventType: CreateKey\r\nUtcTime: 2020-10-23 06:36:44.140\r\nProcessGuid: {39e4a257-f137-5f8b-4800-000000000700}\r\nProcessId: 2552\r\nImage: C:\\windows\\system32\\svchost.exe\r\nTargetObject: HKCR"}
{"@timestamp":"2020-10-23T02:36:44.151Z","TimeCreated":"2020-10-23T02:36:44.151Z","ProviderGuid":"{5770385f-c22a-43e0-bf4c-06f5698ffbd9}","UtcTime":"2020-10-23 06:36:44.140","ProcessGuid":"{39e4a257-f137-5f8b-4800-000000000700}","Image":"C:\\windows\\system32\\svchost.exe","Level":"4","Channel":"Microsoft-Windows-Sysmon/Operational","Task":"12","RuleName":"-","SourceName":"Microsoft-Windows-Sysmon","Hostname":"WORKSTATION5","ProcessId":"2552","EventType":"CreateKey","EventID":12,"Keywords":"0x8000000000000000","TargetObject":"HKCR","Message":"Registry object added or deleted:\r\nRuleName: -\r\nEventType: CreateKey\r\nUtcTime: 2020-10-23 06:36:44.140\r\nProcessGuid: {39e4a257-f137-5f8b-4800-000000000700}\r\nProcessId: 2552\r\nImage: C:\\windows\\system32\\svchost.exe\r\nTargetObject: HKCR"}
{"@timestamp":"2020-10-23T02:36:44.151Z","TimeCreated":"2020-10-23T02:36:44.151Z","ProviderGuid":"{5770385f-c22a-43e0-bf4c-06f5698ffbd9}","UtcTime":"2020-10-23 06:36:44.140","ProcessGuid":"{39e4a257-f137-5f8b-4800-000000000700}","Image":"C:\\windows\\system32\\svchost.exe","Level":"4","Channel":"Microsoft-Windows-Sysmon/Operational","Task":"12","RuleName":"-","SourceName":"Microsoft-Windows-Sysmon","Hostname":"WORKSTATION5","ProcessId":"2552","EventType":"CreateKey","EventID":12,"Keywords":"0x8000000000000000","TargetObject":"HKCR","Message":"Registry object added or deleted:\r\nRuleName: -\r\nEventType: CreateKey\r\nUtcTime: 2020-10-23 06:36:44.140\r\nProcessGuid: {39e4a257-f137-5f8b-4800-000000000700}\r\nProcessId: 2552\r\nImage: C:\\windows\\system32\\svchost.exe\r\nTargetObject: HKCR"}
{"@timestamp":"2020-10-23T02:36:44.151Z","TimeCreated":"2020-10-23T02:36:44.151Z","ProviderGuid":"{5770385f-c22a-43e0-bf4c-06f5698ffbd9}","UtcTime":"2020-10-23 06:36:44.140","ProcessGuid":"{39e4a257-f137-5f8b-4800-000000000700}","Image":"C:\\windows\\system32\\svchost.exe","Level":"4","Channel":"Microsoft-Windows-Sysmon/Operational","Task":"12","RuleName":"-","SourceName":"Microsoft-Windows-Sysmon","Hostname":"WORKSTATION5","ProcessId":"2552","EventType":"CreateKey","EventID":12,"Keywords":"0x8000000000000000","TargetObject":"HKCR","Message":"Registry object added or deleted:\r\nRuleName: -\r\nEventType: CreateKey\r\nUtcTime: 2020-10-23 06:36:44.140\r\nProcessGuid: {39e4a257-f137-5f8b-4800-000000000700}\r\nProcessId: 2552\r\nImage: C:\\windows\\system32\\svchost.exe\r\nTargetObject: HKCR"}
{"@timestamp":"2020-10-23T02:36:44.151Z","TimeCreated":"2020-10-23T02:36:44.151Z","ProviderGuid":"{5770385f-c22a-43e0-bf4c-06f5698ffbd9}","UtcTime":"2020-10-23 06:36:44.140","ProcessGuid":"{39e4a257-f137-5f8b-4800-000000000700}","Image":"C:\\windows\\system32\\svchost.exe","Level":"4","Channel":"Microsoft-Windows-Sysmon/Operational","Task":"12","RuleName":"-","SourceName":"Microsoft-Windows-Sysmon","Hostname":"WORKSTATION5","ProcessId":"2552","EventType":"CreateKey","EventID":12,"Keywords":"0x8000000000000000","TargetObject":"HKCR","Message":"Registry object added or deleted:\r\nRuleName: -\r\nEventType: CreateKey\r\nUtcTime: 2020-10-23 06:36:44.140\r\nProcessGuid: {39e4a257-f137-5f8b-4800-000000000700}\r\nProcessId: 2552\r\nImage: C:\\windows\\system32\\svchost.exe\r\nTargetObject: HKCR"}
{"@timestamp":"2020-10-23T02:36:44.151Z","TimeCreated":"2020-10-23T02:36:44.151Z","ProviderGuid":"{5770385f-c22a-43e0-bf4c-06f5698ffbd9}","UtcTime":"2020-10-23 06:36:44.140","ProcessGuid":"{39e4a257-f137-5f8b-4800-000000000700}","Image":"C:\\windows\\system32\\svchost.exe","Level":"4","Channel":"Microsoft-Windows-Sysmon/Operational","Task":"12","RuleName":"-","SourceName":"Microsoft-Windows-Sysmon","Hostname":"WORKSTATION5","ProcessId":"2552","EventType":"CreateKey","EventID":12,"Keywords":"0x8000000000000000","TargetObject":"HKCR","Message":"Registry object added or deleted:\r\nRuleName: -\r\nEventType: CreateKey\r\nUtcTime: 2020-10-23 06:36:44.140\r\nProcessGuid: {39e4a257-f137-5f8b-4800-000000000700}\r\nProcessId: 2552\r\nImage: C:\\windows\\system32\\svchost.exe\r\nTargetObject: HKCR"}
{"@timestamp":"2020-10-23T02:36:44.163Z","TimeCreated":"2020-10-23T02:36:44.163Z","Hashes":"SHA1=EC1D3D11835E845616264EC5DB8C1F64A5F5D9F9,MD5=18EB21F581376F1DE995FC8EEACD9C52,SHA256=C2B08EA50344FFA822EC7594C0EC7237416465B444F0FE90D6889A0126898FD8,IMPHASH=826E98CB0ED4EFA13382853984A1F38C","Signature":"Microsoft Windows","ProviderGuid":"{5770385f-c22a-43e0-bf4c-06f5698ffbd9}","Company":"Microsoft Corporation","UtcTime":"2020-10-23 06:36:44.108","ProcessGuid":"{39e4a257-79fb-5f92-7217-000000000700}","Image":"C:\\Windows\\System32\\svchost.exe","ImageLoaded":"C:\\Windows\\System32\\wbem\\fastprox.dll","Level":"4","Channel":"Microsoft-Windows-Sysmon/Operational","Task":"7","RuleName":"-","FileVersion":"10.0.18362.1 (WinBuild.160101.0800)","SourceName":"Microsoft-Windows-Sysmon","Hostname":"WORKSTATION5","ProcessId":"4696","Description":"WMI Custom Marshaller","SignatureStatus":"Valid","Product":"Microsoft Windows Operating System","EventID":7,"Keywords":"0x8000000000000000","Signed":"true","OriginalFileName":"fastprox.dll","Message":"Image loaded:\r\nRuleName: -\r\nUtcTime: 2020-10-23 06:36:44.108\r\nProcessGuid: {39e4a257-79fb-5f92-7217-000000000700}\r\nProcessId: 4696\r\nImage: C:\\Windows\\System32\\svchost.exe\r\nImageLoaded: C:\\Windows\\System32\\wbem\\fastprox.dll\r\nFileVersion: 10.0.18362.1 (WinBuild.160101.0800)\r\nDescription: WMI Custom Marshaller\r\nProduct: Microsoft Windows Operating System\r\nCompany: Microsoft Corporation\r\nOriginalFileName: fastprox.dll\r\nHashes: SHA1=EC1D3D11835E845616264EC5DB8C1F64A5F5D9F9,MD5=18EB21F581376F1DE995FC8EEACD9C52,SHA256=C2B08EA50344FFA822EC7594C0EC7237416465B444F0FE90D6889A0126898FD8,IMPHASH=826E98CB0ED4EFA13382853984A1F38C\r\nSigned: true\r\nSignature: Microsoft Windows\r\nSignatureStatus: Valid"}
{"@timestamp":"2020-10-23T02:36:44.171Z","TimeCreated":"2020-10-23T02:36:44.171Z","Hashes":"SHA1=DC4CC54F8FEC4EE65D5E3DE867AAE963C95E7106,MD5=E5A0B9D36D9EB9881B459099B9D465BA,SHA256=5325E69D982214A69317D7EC3EC6800D0BFEEA166B3965ADF8DB78EA838CAD30,IMPHASH=A738ABEE2095C9DEDAEF8E1754452FB7","Signature":"Microsoft Windows","ProviderGuid":"{5770385f-c22a-43e0-bf4c-06f5698ffbd9}","Company":"Microsoft Corporation","UtcTime":"2020-10-23 06:36:44.171","ProcessGuid":"{39e4a257-f137-5f8b-4800-000000000700}","Image":"C:\\Windows\\System32\\svchost.exe","ImageLoaded":"C:\\Windows\\System32\\tdh.dll","Level":"4","Channel":"Microsoft-Windows-Sysmon/Operational","Task":"7","RuleName":"-","FileVersion":"10.0.18362.1110 (WinBuild.160101.0800)","SourceName":"Microsoft-Windows-Sysmon","Hostname":"WORKSTATION5","ProcessId":"2552","Description":"Event Trace Helper Library","SignatureStatus":"Valid","Product":"Microsoft Windows Operating System","EventID":7,"Keywords":"0x8000000000000000","Signed":"true","OriginalFileName":"tdh.dll","Message":"Image loaded:\r\nRuleName: -\r\nUtcTime: 2020-10-23 06:36:44.171\r\nProcessGuid: {39e4a257-f137-5f8b-4800-000000000700}\r\nProcessId: 2552\r\nImage: C:\\Windows\\System32\\svchost.exe\r\nImageLoaded: C:\\Windows\\System32\\tdh.dll\r\nFileVersion: 10.0.18362.1110 (WinBuild.160101.0800)\r\nDescription: Event Trace Helper Library\r\nProduct: Microsoft Windows Operating System\r\nCompany: Microsoft Corporation\r\nOriginalFileName: tdh.dll\r\nHashes: SHA1=DC4CC54F8FEC4EE65D5E3DE867AAE963C95E7106,MD5=E5A0B9D36D9EB9881B459099B9D465BA,SHA256=5325E69D982214A69317D7EC3EC6800D0BFEEA166B3965ADF8DB78EA838CAD30,IMPHASH=A738ABEE2095C9DEDAEF8E1754452FB7\r\nSigned: true\r\nSignature: Microsoft Windows\r\nSignatureStatus: Valid"}
{"@timestamp":"2020-10-23T02:36:44.177Z","TimeCreated":"2020-10-23T02:36:44.177Z","Hashes":"SHA1=C6027664D44C8579A0EF7F515E12A4542FD782CD,MD5=1C188194C6C1880FB7D9E6F54383FF40,SHA256=0A6947B24CAED32006E86DD83A29C1570DFE4ED363AE22D1277D9211430F73AD,IMPHASH=371B4EC2A6801A18FA86FD488786917F","Signature":"Microsoft Windows","ProviderGuid":"{5770385f-c22a-43e0-bf4c-06f5698ffbd9}","Company":"Microsoft Corporation","UtcTime":"2020-10-23 06:36:44.124","ProcessGuid":"{39e4a257-79fb-5f92-7217-000000000700}","Image":"C:\\Windows\\System32\\svchost.exe","ImageLoaded":"C:\\Windows\\System32\\amsi.dll","Level":"4","Channel":"Microsoft-Windows-Sysmon/Operational","Task":"7","RuleName":"-","FileVersion":"10.0.18362.1 (WinBuild.160101.0800)","SourceName":"Microsoft-Windows-Sysmon","Hostname":"WORKSTATION5","ProcessId":"4696","Description":"Anti-Malware Scan Interface","SignatureStatus":"Valid","Product":"Microsoft Windows Operating System","EventID":7,"Keywords":"0x8000000000000000","Signed":"true","OriginalFileName":"amsi.dll","Message":"Image loaded:\r\nRuleName: -\r\nUtcTime: 2020-10-23 06:36:44.124\r\nProcessGuid: {39e4a257-79fb-5f92-7217-000000000700}\r\nProcessId: 4696\r\nImage: C:\\Windows\\System32\\svchost.exe\r\nImageLoaded: C:\\Windows\\System32\\amsi.dll\r\nFileVersion: 10.0.18362.1 (WinBuild.160101.0800)\r\nDescription: Anti-Malware Scan Interface\r\nProduct: Microsoft Windows Operating System\r\nCompany: Microsoft Corporation\r\nOriginalFileName: amsi.dll\r\nHashes: SHA1=C6027664D44C8579A0EF7F515E12A4542FD782CD,MD5=1C188194C6C1880FB7D9E6F54383FF40,SHA256=0A6947B24CAED32006E86DD83A29C1570DFE4ED363AE22D1277D9211430F73AD,IMPHASH=371B4EC2A6801A18FA86FD488786917F\r\nSigned: true\r\nSignature: Microsoft Windows\r\nSignatureStatus: Valid"}
{"@timestamp":"2020-10-23T02:36:44.178Z","TimeCreated":"2020-10-23T02:36:44.178Z","Hashes":"SHA1=756686FFA8B623C0D363F1104CD992C976D2646C,MD5=431151D8C73561916A3B94F999FA7588,SHA256=6AE30B39DA6C511DF8D87C34008F00E800AF598B9420159B4C6E821366675FEB,IMPHASH=084B9FD27C42398DF063BD1A6C45BF11","Signature":"Microsoft Windows","ProviderGuid":"{5770385f-c22a-43e0-bf4c-06f5698ffbd9}","Company":"Microsoft Corporation","UtcTime":"2020-10-23 06:36:44.171","ProcessGuid":"{39e4a257-f137-5f8b-4800-000000000700}","Image":"C:\\Windows\\System32\\svchost.exe","ImageLoaded":"C:\\Windows\\System32\\mintdh.dll","Level":"4","Channel":"Microsoft-Windows-Sysmon/Operational","Task":"7","RuleName":"-","FileVersion":"10.0.18362.1 (WinBuild.160101.0800)","SourceName":"Microsoft-Windows-Sysmon","Hostname":"WORKSTATION5","ProcessId":"2552","Description":"Event Trace Helper Library","SignatureStatus":"Valid","Product":"Microsoft Windows Operating System","EventID":7,"Keywords":"0x8000000000000000","Signed":"true","OriginalFileName":"mintdh.dll","Message":"Image loaded:\r\nRuleName: -\r\nUtcTime: 2020-10-23 06:36:44.171\r\nProcessGuid: {39e4a257-f137-5f8b-4800-000000000700}\r\nProcessId: 2552\r\nImage: C:\\Windows\\System32\\svchost.exe\r\nImageLoaded: C:\\Windows\\System32\\mintdh.dll\r\nFileVersion: 10.0.18362.1 (WinBuild.160101.0800)\r\nDescription: Event Trace Helper Library\r\nProduct: Microsoft Windows Operating System\r\nCompany: Microsoft Corporation\r\nOriginalFileName: mintdh.dll\r\nHashes: SHA1=756686FFA8B623C0D363F1104CD992C976D2646C,MD5=431151D8C73561916A3B94F999FA7588,SHA256=6AE30B39DA6C511DF8D87C34008F00E800AF598B9420159B4C6E821366675FEB,IMPHASH=084B9FD27C42398DF063BD1A6C45BF11\r\nSigned: true\r\nSignature: Microsoft Windows\r\nSignatureStatus: Valid"}
{"@timestamp":"2020-10-23T02:36:44.183Z","TimeCreated":"2020-10-23T02:36:44.183Z","ProviderGuid":"{5770385f-c22a-43e0-bf4c-06f5698ffbd9}","TargetFilename":"C:\\Windows\\System32\\LogFiles\\WMI\\RtBackup\\EtwRTAdmin_PS_Provider.etl","UtcTime":"2020-10-23 06:36:44.171","ProcessGuid":"{39e4a257-f121-5f8b-0100-000000000700}","Image":"System","CreationUtcTime":"2020-10-23 06:36:44.171","Level":"4","Channel":"Microsoft-Windows-Sysmon/Operational","Task":"11","RuleName":"-","SourceName":"Microsoft-Windows-Sysmon","Hostname":"WORKSTATION5","ProcessId":"4","EventID":11,"Keywords":"0x8000000000000000","Message":"File created:\r\nRuleName: -\r\nUtcTime: 2020-10-23 06:36:44.171\r\nProcessGuid: {39e4a257-f121-5f8b-0100-000000000700}\r\nProcessId: 4\r\nImage: System\r\nTargetFilename: C:\\Windows\\System32\\LogFiles\\WMI\\RtBackup\\EtwRTAdmin_PS_Provider.etl\r\nCreationUtcTime: 2020-10-23 06:36:44.171"}
{"GrantedAccess":"0x1000","@timestamp":"2020-10-23T02:36:44.184Z","TimeCreated":"2020-10-23T02:36:44.184Z","SourceThreadId":"1896","SourceImage":"C:\\windows\\system32\\svchost.exe","ProviderGuid":"{5770385f-c22a-43e0-bf4c-06f5698ffbd9}","CallTrace":"C:\\windows\\SYSTEM32\\ntdll.dll+9c584|C:\\windows\\SYSTEM32\\psmserviceexthost.dll+222a3|C:\\windows\\SYSTEM32\\psmserviceexthost.dll+1a172|C:\\windows\\SYSTEM32\\psmserviceexthost.dll+19e3b|C:\\windows\\SYSTEM32\\psmserviceexthost.dll+19318|C:\\windows\\SYSTEM32\\ntdll.dll+3081d|C:\\windows\\SYSTEM32\\ntdll.dll+345b4|C:\\windows\\System32\\KERNEL32.DLL+17c24|C:\\windows\\SYSTEM32\\ntdll.dll+6cea1","UtcTime":"2020-10-23 06:36:44.171","TargetProcessGUID":"{39e4a257-f137-5f8b-4800-000000000700}","SourceProcessId":"944","Level":"4","Channel":"Microsoft-Windows-Sysmon/Operational","Task":"10","RuleName":"-","SourceName":"Microsoft-Windows-Sysmon","Hostname":"WORKSTATION5","SourceProcessGUID":"{39e4a257-f132-5f8b-1000-000000000700}","TargetProcessId":"2552","EventID":10,"Keywords":"0x8000000000000000","TargetImage":"C:\\windows\\system32\\svchost.exe","Message":"Process accessed:\r\nRuleName: -\r\nUtcTime: 2020-10-23 06:36:44.171\r\nSourceProcessGUID: {39e4a257-f132-5f8b-1000-000000000700}\r\nSourceProcessId: 944\r\nSourceThreadId: 1896\r\nSourceImage: C:\\windows\\system32\\svchost.exe\r\nTargetProcessGUID: {39e4a257-f137-5f8b-4800-000000000700}\r\nTargetProcessId: 2552\r\nTargetImage: C:\\windows\\system32\\svchost.exe\r\nGrantedAccess: 0x1000\r\nCallTrace: C:\\windows\\SYSTEM32\\ntdll.dll+9c584|C:\\windows\\SYSTEM32\\psmserviceexthost.dll+222a3|C:\\windows\\SYSTEM32\\psmserviceexthost.dll+1a172|C:\\windows\\SYSTEM32\\psmserviceexthost.dll+19e3b|C:\\windows\\SYSTEM32\\psmserviceexthost.dll+19318|C:\\windows\\SYSTEM32\\ntdll.dll+3081d|C:\\windows\\SYSTEM32\\ntdll.dll+345b4|C:\\windows\\System32\\KERNEL32.DLL+17c24|C:\\windows\\SYSTEM32\\ntdll.dll+6cea1"}
{"GrantedAccess":"0x1000","@timestamp":"2020-10-23T02:36:44.184Z","TimeCreated":"2020-10-23T02:36:44.184Z","SourceThreadId":"1896","SourceImage":"C:\\windows\\system32\\svchost.exe","ProviderGuid":"{5770385f-c22a-43e0-bf4c-06f5698ffbd9}","CallTrace":"C:\\windows\\SYSTEM32\\ntdll.dll+9c584|C:\\windows\\SYSTEM32\\psmserviceexthost.dll+222a3|C:\\windows\\SYSTEM32\\psmserviceexthost.dll+1a172|C:\\windows\\SYSTEM32\\psmserviceexthost.dll+19e3b|C:\\windows\\SYSTEM32\\psmserviceexthost.dll+19318|C:\\windows\\SYSTEM32\\ntdll.dll+3081d|C:\\windows\\SYSTEM32\\ntdll.dll+345b4|C:\\windows\\System32\\KERNEL32.DLL+17c24|C:\\windows\\SYSTEM32\\ntdll.dll+6cea1","UtcTime":"2020-10-23 06:36:44.171","TargetProcessGUID":"{39e4a257-f137-5f8b-4800-000000000700}","SourceProcessId":"944","Level":"4","Channel":"Microsoft-Windows-Sysmon/Operational","Task":"10","RuleName":"-","SourceName":"Microsoft-Windows-Sysmon","Hostname":"WORKSTATION5","SourceProcessGUID":"{39e4a257-f132-5f8b-1000-000000000700}","TargetProcessId":"2552","EventID":10,"Keywords":"0x8000000000000000","TargetImage":"C:\\windows\\system32\\svchost.exe","Message":"Process accessed:\r\nRuleName: -\r\nUtcTime: 2020-10-23 06:36:44.171\r\nSourceProcessGUID: {39e4a257-f132-5f8b-1000-000000000700}\r\nSourceProcessId: 944\r\nSourceThreadId: 1896\r\nSourceImage: C:\\windows\\system32\\svchost.exe\r\nTargetProcessGUID: {39e4a257-f137-5f8b-4800-000000000700}\r\nTargetProcessId: 2552\r\nTargetImage: C:\\windows\\system32\\svchost.exe\r\nGrantedAccess: 0x1000\r\nCallTrace: C:\\windows\\SYSTEM32\\ntdll.dll+9c584|C:\\windows\\SYSTEM32\\psmserviceexthost.dll+222a3|C:\\windows\\SYSTEM32\\psmserviceexthost.dll+1a172|C:\\windows\\SYSTEM32\\psmserviceexthost.dll+19e3b|C:\\windows\\SYSTEM32\\psmserviceexthost.dll+19318|C:\\windows\\SYSTEM32\\ntdll.dll+3081d|C:\\windows\\SYSTEM32\\ntdll.dll+345b4|C:\\windows\\System32\\KERNEL32.DLL+17c24|C:\\windows\\SYSTEM32\\ntdll.dll+6cea1"}
{"@timestamp":"2020-10-23T02:36:44.188Z","TimeCreated":"2020-10-23T02:36:44.188Z","Hashes":"SHA1=E7B5828DA78B58A048BAD01598142BC72797E25C,MD5=53CC24EE29A1EF31F35C5344026A7DF4,SHA256=7A987BAFDFEC9886F423232FE2D6B19A22D617B60A7CF5DDDB1638E8DE4B7BAE,IMPHASH=485E0C1A03822631D7AEDD81CF2AF588","Signature":"Microsoft Windows","ProviderGuid":"{5770385f-c22a-43e0-bf4c-06f5698ffbd9}","Company":"Microsoft Corporation","UtcTime":"2020-10-23 06:36:44.124","ProcessGuid":"{39e4a257-79fb-5f92-7217-000000000700}","Image":"C:\\Windows\\System32\\svchost.exe","ImageLoaded":"C:\\ProgramData\\Microsoft\\Windows Defender\\Platform\\4.18.2009.7-0\\MpOAV.dll","Level":"4","Channel":"Microsoft-Windows-Sysmon/Operational","Task":"7","RuleName":"-","FileVersion":"4.18.2009.7 (WinBuild.160101.0800)","SourceName":"Microsoft-Windows-Sysmon","Hostname":"WORKSTATION5","ProcessId":"4696","Description":"IOfficeAntiVirus Module","SignatureStatus":"Valid","Product":"Microsoft Windows Operating System","EventID":7,"Keywords":"0x8000000000000000","Signed":"true","OriginalFileName":"MpOAV.dll","Message":"Image loaded:\r\nRuleName: -\r\nUtcTime: 2020-10-23 06:36:44.124\r\nProcessGuid: {39e4a257-79fb-5f92-7217-000000000700}\r\nProcessId: 4696\r\nImage: C:\\Windows\\System32\\svchost.exe\r\nImageLoaded: C:\\ProgramData\\Microsoft\\Windows Defender\\Platform\\4.18.2009.7-0\\MpOAV.dll\r\nFileVersion: 4.18.2009.7 (WinBuild.160101.0800)\r\nDescription: IOfficeAntiVirus Module\r\nProduct: Microsoft Windows Operating System\r\nCompany: Microsoft Corporation\r\nOriginalFileName: MpOAV.dll\r\nHashes: SHA1=E7B5828DA78B58A048BAD01598142BC72797E25C,MD5=53CC24EE29A1EF31F35C5344026A7DF4,SHA256=7A987BAFDFEC9886F423232FE2D6B19A22D617B60A7CF5DDDB1638E8DE4B7BAE,IMPHASH=485E0C1A03822631D7AEDD81CF2AF588\r\nSigned: true\r\nSignature: Microsoft Windows\r\nSignatureStatus: Valid"}
{"@timestamp":"2020-10-23T02:36:44.190Z","TimeCreated":"2020-10-23T02:36:44.190Z","Hashes":"SHA1=CB0FED80A33581425BBEA334D9185F63C5EE315F,MD5=9D1E318E09783AFBBF2F51D6E9950662,SHA256=48C0E264A522173740EBD7627900BE7E6FEDAEE2264F67A00E78D4A6D76865D8,IMPHASH=83BEA6248DF8A10A1D9DF229B452B69F","Signature":"Microsoft Windows","ProviderGuid":"{5770385f-c22a-43e0-bf4c-06f5698ffbd9}","Company":"Microsoft Corporation","UtcTime":"2020-10-23 06:36:44.186","ProcessGuid":"{39e4a257-79fb-5f92-7217-000000000700}","Image":"C:\\Windows\\System32\\svchost.exe","ImageLoaded":"C:\\Windows\\System32\\OnDemandConnRouteHelper.dll","Level":"4","Channel":"Microsoft-Windows-Sysmon/Operational","Task":"7","RuleName":"-","FileVersion":"10.0.18362.1 (WinBuild.160101.0800)","SourceName":"Microsoft-Windows-Sysmon","Hostname":"WORKSTATION5","ProcessId":"4696","Description":"On Demand Connctiond Route Helper","SignatureStatus":"Valid","Product":"Microsoft Windows Operating System","EventID":7,"Keywords":"0x8000000000000000","Signed":"true","OriginalFileName":"OnDemandConnRouteHelper.dll","Message":"Image loaded:\r\nRuleName: -\r\nUtcTime: 2020-10-23 06:36:44.186\r\nProcessGuid: {39e4a257-79fb-5f92-7217-000000000700}\r\nProcessId: 4696\r\nImage: C:\\Windows\\System32\\svchost.exe\r\nImageLoaded: C:\\Windows\\System32\\OnDemandConnRouteHelper.dll\r\nFileVersion: 10.0.18362.1 (WinBuild.160101.0800)\r\nDescription: On Demand Connctiond Route Helper\r\nProduct: Microsoft Windows Operating System\r\nCompany: Microsoft Corporation\r\nOriginalFileName: OnDemandConnRouteHelper.dll\r\nHashes: SHA1=CB0FED80A33581425BBEA334D9185F63C5EE315F,MD5=9D1E318E09783AFBBF2F51D6E9950662,SHA256=48C0E264A522173740EBD7627900BE7E6FEDAEE2264F67A00E78D4A6D76865D8,IMPHASH=83BEA6248DF8A10A1D9DF229B452B69F\r\nSigned: true\r\nSignature: Microsoft Windows\r\nSignatureStatus: Valid"}
{"@timestamp":"2020-10-23T02:36:44.190Z","TimeCreated":"2020-10-23T02:36:44.190Z","ProviderGuid":"{5770385f-c22a-43e0-bf4c-06f5698ffbd9}","UtcTime":"2020-10-23 06:36:44.186","ProcessGuid":"{39e4a257-79fb-5f92-7217-000000000700}","Image":"C:\\windows\\System32\\svchost.exe","Level":"4","Channel":"Microsoft-Windows-Sysmon/Operational","Task":"12","RuleName":"-","SourceName":"Microsoft-Windows-Sysmon","Hostname":"WORKSTATION5","ProcessId":"4696","EventType":"CreateKey","EventID":12,"Keywords":"0x8000000000000000","TargetObject":"HKLM\\SOFTWARE\\Microsoft\\Windows\\CurrentVersion\\Internet Settings\\Connections","Message":"Registry object added or deleted:\r\nRuleName: -\r\nEventType: CreateKey\r\nUtcTime: 2020-10-23 06:36:44.186\r\nProcessGuid: {39e4a257-79fb-5f92-7217-000000000700}\r\nProcessId: 4696\r\nImage: C:\\windows\\System32\\svchost.exe\r\nTargetObject: HKLM\\SOFTWARE\\Microsoft\\Windows\\CurrentVersion\\Internet Settings\\Connections"}
{"@timestamp":"2020-10-23T02:36:44.191Z","TimeCreated":"2020-10-23T02:36:44.191Z","ProviderGuid":"{5770385f-c22a-43e0-bf4c-06f5698ffbd9}","UtcTime":"2020-10-23 06:36:44.186","ProcessGuid":"{39e4a257-79fb-5f92-7217-000000000700}","Image":"C:\\windows\\System32\\svchost.exe","Level":"4","Channel":"Microsoft-Windows-Sysmon/Operational","Task":"12","RuleName":"-","SourceName":"Microsoft-Windows-Sysmon","Hostname":"WORKSTATION5","ProcessId":"4696","EventType":"CreateKey","EventID":12,"Keywords":"0x8000000000000000","TargetObject":"HKLM\\System\\CurrentControlSet\\Services\\Tcpip\\Parameters","Message":"Registry object added or deleted:\r\nRuleName: -\r\nEventType: CreateKey\r\nUtcTime: 2020-10-23 06:36:44.186\r\nProcessGuid: {39e4a257-79fb-5f92-7217-000000000700}\r\nProcessId: 4696\r\nImage: C:\\windows\\System32\\svchost.exe\r\nTargetObject: HKLM\\System\\CurrentControlSet\\Services\\Tcpip\\Parameters"}
{"@timestamp":"2020-10-23T02:36:44.192Z","TimeCreated":"2020-10-23T02:36:44.192Z","ProviderGuid":"{5770385f-c22a-43e0-bf4c-06f5698ffbd9}","UtcTime":"2020-10-23 06:36:44.186","ProcessGuid":"{39e4a257-79fb-5f92-7217-000000000700}","Image":"C:\\windows\\System32\\svchost.exe","Level":"4","Channel":"Microsoft-Windows-Sysmon/Operational","Task":"12","RuleName":"-","SourceName":"Microsoft-Windows-Sysmon","Hostname":"WORKSTATION5","ProcessId":"4696","EventType":"CreateKey","EventID":12,"Keywords":"0x8000000000000000","TargetObject":"HKLM\\System\\CurrentControlSet\\Services\\Tcpip\\Parameters","Message":"Registry object added or deleted:\r\nRuleName: -\r\nEventType: CreateKey\r\nUtcTime: 2020-10-23 06:36:44.186\r\nProcessGuid: {39e4a257-79fb-5f92-7217-000000000700}\r\nProcessId: 4696\r\nImage: C:\\windows\\System32\\svchost.exe\r\nTargetObject: HKLM\\System\\CurrentControlSet\\Services\\Tcpip\\Parameters"}
{"@timestamp":"2020-10-23T02:36:44.193Z","TimeCreated":"2020-10-23T02:36:44.193Z","Hashes":"SHA1=119724CC09BB52731D86A6B9F94003ED88E0E3FE,MD5=2C7C14627CFF3384C52E61D4DBD0ECC3,SHA256=41B4D85D84A86E41B948694B9B5F398A0D79F47629D6D969EB5B461D4F5D0347,IMPHASH=34340C2C4E9AA6EF6AD12BB695FC695B","Signature":"Microsoft Windows","ProviderGuid":"{5770385f-c22a-43e0-bf4c-06f5698ffbd9}","Company":"Microsoft Corporation","UtcTime":"2020-10-23 06:36:44.124","ProcessGuid":"{39e4a257-79fb-5f92-7217-000000000700}","Image":"C:\\Windows\\System32\\svchost.exe","ImageLoaded":"C:\\Windows\\System32\\version.dll","Level":"4","Channel":"Microsoft-Windows-Sysmon/Operational","Task":"7","RuleName":"-","FileVersion":"10.0.18362.1 (WinBuild.160101.0800)","SourceName":"Microsoft-Windows-Sysmon","Hostname":"WORKSTATION5","ProcessId":"4696","Description":"Version Checking and File Installation Libraries","SignatureStatus":"Valid","Product":"Microsoft Windows Operating System","EventID":7,"Keywords":"0x8000000000000000","Signed":"true","OriginalFileName":"VERSION.DLL","Message":"Image loaded:\r\nRuleName: -\r\nUtcTime: 2020-10-23 06:36:44.124\r\nProcessGuid: {39e4a257-79fb-5f92-7217-000000000700}\r\nProcessId: 4696\r\nImage: C:\\Windows\\System32\\svchost.exe\r\nImageLoaded: C:\\Windows\\System32\\version.dll\r\nFileVersion: 10.0.18362.1 (WinBuild.160101.0800)\r\nDescription: Version Checking and File Installation Libraries\r\nProduct: Microsoft Windows Operating System\r\nCompany: Microsoft Corporation\r\nOriginalFileName: VERSION.DLL\r\nHashes: SHA1=119724CC09BB52731D86A6B9F94003ED88E0E3FE,MD5=2C7C14627CFF3384C52E61D4DBD0ECC3,SHA256=41B4D85D84A86E41B948694B9B5F398A0D79F47629D6D969EB5B461D4F5D0347,IMPHASH=34340C2C4E9AA6EF6AD12BB695FC695B\r\nSigned: true\r\nSignature: Microsoft Windows\r\nSignatureStatus: Valid"}
{"@timestamp":"2020-10-23T02:36:44.204Z","TimeCreated":"2020-10-23T02:36:44.204Z","Hashes":"SHA1=5737F8576367EDD3DA0CB32DB6C4A0023C0B2AB3,MD5=2E64EDDECA60B56EA059004975893E52,SHA256=53F91E97D553CC2456D95BF8A8C900CD0557EC60BAB9B52531D10B8324263B7D,IMPHASH=C15A22E86ACE053EF64263A61E068324","Signature":"Microsoft Windows","ProviderGuid":"{5770385f-c22a-43e0-bf4c-06f5698ffbd9}","Company":"Microsoft Corporation","UtcTime":"2020-10-23 06:36:44.155","ProcessGuid":"{39e4a257-f137-5f8b-4800-000000000700}","Image":"C:\\Windows\\System32\\svchost.exe","ImageLoaded":"C:\\Windows\\System32\\wbem\\KrnlProv.dll","Level":"4","Channel":"Microsoft-Windows-Sysmon/Operational","Task":"7","RuleName":"-","FileVersion":"10.0.18362.449 (WinBuild.160101.0800)","SourceName":"Microsoft-Windows-Sysmon","Hostname":"WORKSTATION5","ProcessId":"2552","Description":"WMI","SignatureStatus":"Valid","Product":"Microsoft Windows Operating System","EventID":7,"Keywords":"0x8000000000000000","Signed":"true","OriginalFileName":"krnlprov.dll","Message":"Image loaded:\r\nRuleName: -\r\nUtcTime: 2020-10-23 06:36:44.155\r\nProcessGuid: {39e4a257-f137-5f8b-4800-000000000700}\r\nProcessId: 2552\r\nImage: C:\\Windows\\System32\\svchost.exe\r\nImageLoaded: C:\\Windows\\System32\\wbem\\KrnlProv.dll\r\nFileVersion: 10.0.18362.449 (WinBuild.160101.0800)\r\nDescription: WMI\r\nProduct: Microsoft Windows Operating System\r\nCompany: Microsoft Corporation\r\nOriginalFileName: krnlprov.dll\r\nHashes: SHA1=5737F8576367EDD3DA0CB32DB6C4A0023C0B2AB3,MD5=2E64EDDECA60B56EA059004975893E52,SHA256=53F91E97D553CC2456D95BF8A8C900CD0557EC60BAB9B52531D10B8324263B7D,IMPHASH=C15A22E86ACE053EF64263A61E068324\r\nSigned: true\r\nSignature: Microsoft Windows\r\nSignatureStatus: Valid"}
{"@timestamp":"2020-10-23T02:36:44.208Z","TimeCreated":"2020-10-23T02:36:44.208Z","Hashes":"SHA1=DF0339DF2B4C605427FE09FCCD21F0DD80DBAB52,MD5=53528A93E3DE99AB43990CA80DBD82B9,SHA256=B6B9DB0D43CA981A9228940545D5605A602FE0F4C48974E3B86C3A09948DB47A,IMPHASH=A40FABED68C5202AC815EA8499B5C4FB","Signature":"Microsoft Windows","ProviderGuid":"{5770385f-c22a-43e0-bf4c-06f5698ffbd9}","Company":"Microsoft Corporation","UtcTime":"2020-10-23 06:36:44.171","ProcessGuid":"{39e4a257-79fb-5f92-7217-000000000700}","Image":"C:\\Windows\\System32\\svchost.exe","ImageLoaded":"C:\\Windows\\System32\\ResourcePolicyClient.dll","Level":"4","Channel":"Microsoft-Windows-Sysmon/Operational","Task":"7","RuleName":"-","FileVersion":"10.0.18362.959 (WinBuild.160101.0800)","SourceName":"Microsoft-Windows-Sysmon","Hostname":"WORKSTATION5","ProcessId":"4696","Description":"Resource Policy Client","SignatureStatus":"Valid","Product":"Microsoft Windows Operating System","EventID":7,"Keywords":"0x8000000000000000","Signed":"true","OriginalFileName":"ResourcePolicyClient.dll","Message":"Image loaded:\r\nRuleName: -\r\nUtcTime: 2020-10-23 06:36:44.171\r\nProcessGuid: {39e4a257-79fb-5f92-7217-000000000700}\r\nProcessId: 4696\r\nImage: C:\\Windows\\System32\\svchost.exe\r\nImageLoaded: C:\\Windows\\System32\\ResourcePolicyClient.dll\r\nFileVersion: 10.0.18362.959 (WinBuild.160101.0800)\r\nDescription: Resource Policy Client\r\nProduct: Microsoft Windows Operating System\r\nCompany: Microsoft Corporation\r\nOriginalFileName: ResourcePolicyClient.dll\r\nHashes: SHA1=DF0339DF2B4C605427FE09FCCD21F0DD80DBAB52,MD5=53528A93E3DE99AB43990CA80DBD82B9,SHA256=B6B9DB0D43CA981A9228940545D5605A602FE0F4C48974E3B86C3A09948DB47A,IMPHASH=A40FABED68C5202AC815EA8499B5C4FB\r\nSigned: true\r\nSignature: Microsoft Windows\r\nSignatureStatus: Valid"}
{"@timestamp":"2020-10-23T02:36:44.253Z","TimeCreated":"2020-10-23T02:36:44.253Z","Hashes":"SHA1=07461BA687A60CE9784782336BFCE15DE12CA2E6,MD5=50E9EC03BDB43840A2DD60E019077F12,SHA256=A3887E20DA67E7C6E7ED165BB6CCF507903D51AA09C1232C1A31CB2D3236DD93,IMPHASH=54AED0AFBFDD9A06168BDE379CFF799E","Signature":"Microsoft Windows","ProviderGuid":"{5770385f-c22a-43e0-bf4c-06f5698ffbd9}","Company":"Microsoft Corporation","UtcTime":"2020-10-23 06:36:44.249","ProcessGuid":"{39e4a257-79fb-5f92-7217-000000000700}","Image":"C:\\Windows\\System32\\svchost.exe","ImageLoaded":"C:\\Windows\\System32\\vssapi.dll","Level":"4","Channel":"Microsoft-Windows-Sysmon/Operational","Task":"7","RuleName":"-","FileVersion":"10.0.18362.1 (WinBuild.160101.0800)","SourceName":"Microsoft-Windows-Sysmon","Hostname":"WORKSTATION5","ProcessId":"4696","Description":"Microsoft Volume Shadow Copy Requestor/Writer Services API DLL","SignatureStatus":"Valid","Product":"Microsoft Windows Operating System","EventID":7,"Keywords":"0x8000000000000000","Signed":"true","OriginalFileName":"VSSAPI.DLL","Message":"Image loaded:\r\nRuleName: -\r\nUtcTime: 2020-10-23 06:36:44.249\r\nProcessGuid: {39e4a257-79fb-5f92-7217-000000000700}\r\nProcessId: 4696\r\nImage: C:\\Windows\\System32\\svchost.exe\r\nImageLoaded: C:\\Windows\\System32\\vssapi.dll\r\nFileVersion: 10.0.18362.1 (WinBuild.160101.0800)\r\nDescription: Microsoft Volume Shadow Copy Requestor/Writer Services API DLL\r\nProduct: Microsoft Windows Operating System\r\nCompany: Microsoft Corporation\r\nOriginalFileName: VSSAPI.DLL\r\nHashes: SHA1=07461BA687A60CE9784782336BFCE15DE12CA2E6,MD5=50E9EC03BDB43840A2DD60E019077F12,SHA256=A3887E20DA67E7C6E7ED165BB6CCF507903D51AA09C1232C1A31CB2D3236DD93,IMPHASH=54AED0AFBFDD9A06168BDE379CFF799E\r\nSigned: true\r\nSignature: Microsoft Windows\r\nSignatureStatus: Valid"}
{"@timestamp":"2020-10-23T02:36:44.253Z","TimeCreated":"2020-10-23T02:36:44.253Z","Hashes":"SHA1=0ACD65787A372A5F72BAD34D5BE38EAE0EB7DDB2,MD5=6ACE66A6008317D15807CD9A66A867C0,SHA256=809B2A71453BBB84252A06548C7F0BC16A045C7A27F30EB70E2A32C5759D9BD0,IMPHASH=0130390D84872DE284D7472944804E18","Signature":"Microsoft Windows","ProviderGuid":"{5770385f-c22a-43e0-bf4c-06f5698ffbd9}","Company":"Microsoft Corporation","UtcTime":"2020-10-23 06:36:44.249","ProcessGuid":"{39e4a257-79fb-5f92-7217-000000000700}","Image":"C:\\Windows\\System32\\svchost.exe","ImageLoaded":"C:\\Windows\\System32\\vsstrace.dll","Level":"4","Channel":"Microsoft-Windows-Sysmon/Operational","Task":"7","RuleName":"-","FileVersion":"10.0.18362.1 (WinBuild.160101.0800)","SourceName":"Microsoft-Windows-Sysmon","Hostname":"WORKSTATION5","ProcessId":"4696","Description":"Microsoft Volume Shadow Copy Service Tracing Library","SignatureStatus":"Valid","Product":"Microsoft Windows Operating System","EventID":7,"Keywords":"0x8000000000000000","Signed":"true","OriginalFileName":"vsstrace.dll","Message":"Image loaded:\r\nRuleName: -\r\nUtcTime: 2020-10-23 06:36:44.249\r\nProcessGuid: {39e4a257-79fb-5f92-7217-000000000700}\r\nProcessId: 4696\r\nImage: C:\\Windows\\System32\\svchost.exe\r\nImageLoaded: C:\\Windows\\System32\\vsstrace.dll\r\nFileVersion: 10.0.18362.1 (WinBuild.160101.0800)\r\nDescription: Microsoft Volume Shadow Copy Service Tracing Library\r\nProduct: Microsoft Windows Operating System\r\nCompany: Microsoft Corporation\r\nOriginalFileName: vsstrace.dll\r\nHashes: SHA1=0ACD65787A372A5F72BAD34D5BE38EAE0EB7DDB2,MD5=6ACE66A6008317D15807CD9A66A867C0,SHA256=809B2A71453BBB84252A06548C7F0BC16A045C7A27F30EB70E2A32C5759D9BD0,IMPHASH=0130390D84872DE284D7472944804E18\r\nSigned: true\r\nSignature: Microsoft Windows\r\nSignatureStatus: Valid"}
{"@timestamp":"2020-10-23T02:36:44.255Z","TimeCreated":"2020-10-23T02:36:44.255Z","Hashes":"SHA1=18E6AFD6B9FEB79D872298A7F8800BFB28B14BA6,MD5=BA0B10749BAE470BD0AB33ED3E0ACA71,SHA256=B048B7037474926559CBF17BB19F3E7D571A2456823568E6068E50407E471120,IMPHASH=EE4C0C2CFFD7F999EC0FAF1376D518DD","Signature":"Microsoft Windows","ProviderGuid":"{5770385f-c22a-43e0-bf4c-06f5698ffbd9}","Company":"Microsoft Corporation","UtcTime":"2020-10-23 06:36:44.249","ProcessGuid":"{39e4a257-79fb-5f92-7217-000000000700}","Image":"C:\\Windows\\System32\\svchost.exe","ImageLoaded":"C:\\Windows\\System32\\samcli.dll","Level":"4","Channel":"Microsoft-Windows-Sysmon/Operational","Task":"7","RuleName":"-","FileVersion":"10.0.18362.1 (WinBuild.160101.0800)","SourceName":"Microsoft-Windows-Sysmon","Hostname":"WORKSTATION5","ProcessId":"4696","Description":"Security Accounts Manager Client DLL","SignatureStatus":"Valid","Product":"Microsoft Windows Operating System","EventID":7,"Keywords":"0x8000000000000000","Signed":"true","OriginalFileName":"SAMCLI.DLL","Message":"Image loaded:\r\nRuleName: -\r\nUtcTime: 2020-10-23 06:36:44.249\r\nProcessGuid: {39e4a257-79fb-5f92-7217-000000000700}\r\nProcessId: 4696\r\nImage: C:\\Windows\\System32\\svchost.exe\r\nImageLoaded: C:\\Windows\\System32\\samcli.dll\r\nFileVersion: 10.0.18362.1 (WinBuild.160101.0800)\r\nDescription: Security Accounts Manager Client DLL\r\nProduct: Microsoft Windows Operating System\r\nCompany: Microsoft Corporation\r\nOriginalFileName: SAMCLI.DLL\r\nHashes: SHA1=18E6AFD6B9FEB79D872298A7F8800BFB28B14BA6,MD5=BA0B10749BAE470BD0AB33ED3E0ACA71,SHA256=B048B7037474926559CBF17BB19F3E7D571A2456823568E6068E50407E471120,IMPHASH=EE4C0C2CFFD7F999EC0FAF1376D518DD\r\nSigned: true\r\nSignature: Microsoft Windows\r\nSignatureStatus: Valid"}
{"@timestamp":"2020-10-23T02:36:44.258Z","TimeCreated":"2020-10-23T02:36:44.258Z","Hashes":"SHA1=508CE06737747BC14DF3A4337F8A63B76472C629,MD5=0B4202913B86A44A0FAE7B80D425CDF8,SHA256=3501320367877A6EC814CAB179D329D41E32748F01973F5A053D5801DFC9594B,IMPHASH=3B8923EB77916A851639B50DFA19881B","Signature":"Microsoft Windows","ProviderGuid":"{5770385f-c22a-43e0-bf4c-06f5698ffbd9}","Company":"Microsoft Corporation","UtcTime":"2020-10-23 06:36:44.249","ProcessGuid":"{39e4a257-79fb-5f92-7217-000000000700}","Image":"C:\\Windows\\System32\\svchost.exe","ImageLoaded":"C:\\Windows\\System32\\samlib.dll","Level":"4","Channel":"Microsoft-Windows-Sysmon/Operational","Task":"7","RuleName":"-","FileVersion":"10.0.18362.1049 (WinBuild.160101.0800)","SourceName":"Microsoft-Windows-Sysmon","Hostname":"WORKSTATION5","ProcessId":"4696","Description":"SAM Library DLL","SignatureStatus":"Valid","Product":"Microsoft Windows Operating System","EventID":7,"Keywords":"0x8000000000000000","Signed":"true","OriginalFileName":"SAMLib.DLL","Message":"Image loaded:\r\nRuleName: -\r\nUtcTime: 2020-10-23 06:36:44.249\r\nProcessGuid: {39e4a257-79fb-5f92-7217-000000000700}\r\nProcessId: 4696\r\nImage: C:\\Windows\\System32\\svchost.exe\r\nImageLoaded: C:\\Windows\\System32\\samlib.dll\r\nFileVersion: 10.0.18362.1049 (WinBuild.160101.0800)\r\nDescription: SAM Library DLL\r\nProduct: Microsoft Windows Operating System\r\nCompany: Microsoft Corporation\r\nOriginalFileName: SAMLib.DLL\r\nHashes: SHA1=508CE06737747BC14DF3A4337F8A63B76472C629,MD5=0B4202913B86A44A0FAE7B80D425CDF8,SHA256=3501320367877A6EC814CAB179D329D41E32748F01973F5A053D5801DFC9594B,IMPHASH=3B8923EB77916A851639B50DFA19881B\r\nSigned: true\r\nSignature: Microsoft Windows\r\nSignatureStatus: Valid"}
{"GrantedAccess":"0x1000","@timestamp":"2020-10-23T02:36:44.258Z","TimeCreated":"2020-10-23T02:36:44.258Z","SourceThreadId":"4836","SourceImage":"C:\\windows\\system32\\lsass.exe","ProviderGuid":"{5770385f-c22a-43e0-bf4c-06f5698ffbd9}","CallTrace":"C:\\windows\\SYSTEM32\\ntdll.dll+9c584|C:\\windows\\system32\\lsasrv.dll+32063|C:\\windows\\system32\\lsasrv.dll+30a65|C:\\windows\\SYSTEM32\\samsrv.dll+322c|C:\\windows\\SYSTEM32\\samsrv.dll+305f|C:\\windows\\SYSTEM32\\samsrv.dll+32d7|C:\\windows\\System32\\RPCRT4.dll+76a63|C:\\windows\\System32\\RPCRT4.dll+da036|C:\\windows\\System32\\RPCRT4.dll+37b7c|C:\\windows\\System32\\RPCRT4.dll+549f8|C:\\windows\\System32\\RPCRT4.dll+2c9b1|C:\\windows\\System32\\RPCRT4.dll+2c26b|C:\\windows\\System32\\RPCRT4.dll+1a8cf|C:\\windows\\System32\\RPCRT4.dll+19d7a|C:\\windows\\System32\\RPCRT4.dll+19361|C:\\windows\\System32\\RPCRT4.dll+18dce|C:\\windows\\System32\\RPCRT4.dll+16a05|C:\\windows\\SYSTEM32\\ntdll.dll+333ed|C:\\windows\\SYSTEM32\\ntdll.dll+34142|C:\\windows\\System32\\KERNEL32.DLL+17c24|C:\\windows\\SYSTEM32\\ntdll.dll+6cea1","UtcTime":"2020-10-23 06:36:44.249","TargetProcessGUID":"{39e4a257-79fb-5f92-7217-000000000700}","SourceProcessId":"756","Level":"4","Channel":"Microsoft-Windows-Sysmon/Operational","Task":"10","RuleName":"-","SourceName":"Microsoft-Windows-Sysmon","Hostname":"WORKSTATION5","SourceProcessGUID":"{39e4a257-f131-5f8b-0c00-000000000700}","TargetProcessId":"4696","EventID":10,"Keywords":"0x8000000000000000","TargetImage":"C:\\windows\\System32\\svchost.exe","Message":"Process accessed:\r\nRuleName: -\r\nUtcTime: 2020-10-23 06:36:44.249\r\nSourceProcessGUID: {39e4a257-f131-5f8b-0c00-000000000700}\r\nSourceProcessId: 756\r\nSourceThreadId: 4836\r\nSourceImage: C:\\windows\\system32\\lsass.exe\r\nTargetProcessGUID: {39e4a257-79fb-5f92-7217-000000000700}\r\nTargetProcessId: 4696\r\nTargetImage: C:\\windows\\System32\\svchost.exe\r\nGrantedAccess: 0x1000\r\nCallTrace: C:\\windows\\SYSTEM32\\ntdll.dll+9c584|C:\\windows\\system32\\lsasrv.dll+32063|C:\\windows\\system32\\lsasrv.dll+30a65|C:\\windows\\SYSTEM32\\samsrv.dll+322c|C:\\windows\\SYSTEM32\\samsrv.dll+305f|C:\\windows\\SYSTEM32\\samsrv.dll+32d7|C:\\windows\\System32\\RPCRT4.dll+76a63|C:\\windows\\System32\\RPCRT4.dll+da036|C:\\windows\\System32\\RPCRT4.dll+37b7c|C:\\windows\\System32\\RPCRT4.dll+549f8|C:\\windows\\System32\\RPCRT4.dll+2c9b1|C:\\windows\\System32\\RPCRT4.dll+2c26b|C:\\windows\\System32\\RPCRT4.dll+1a8cf|C:\\windows\\System32\\RPCRT4.dll+19d7a|C:\\windows\\System32\\RPCRT4.dll+19361|C:\\windows\\System32\\RPCRT4.dll+18dce|C:\\windows\\System32\\RPCRT4.dll+16a05|C:\\windows\\SYSTEM32\\ntdll.dll+333ed|C:\\windows\\SYSTEM32\\ntdll.dll+34142|C:\\windows\\System32\\KERNEL32.DLL+17c24|C:\\windows\\SYSTEM32\\ntdll.dll+6cea1"}
{"GrantedAccess":"0x1000","@timestamp":"2020-10-23T02:36:44.259Z","TimeCreated":"2020-10-23T02:36:44.259Z","SourceThreadId":"4836","SourceImage":"C:\\windows\\system32\\lsass.exe","ProviderGuid":"{5770385f-c22a-43e0-bf4c-06f5698ffbd9}","CallTrace":"C:\\windows\\SYSTEM32\\ntdll.dll+9c584|C:\\windows\\system32\\lsasrv.dll+32063|C:\\windows\\system32\\lsasrv.dll+30a65|C:\\windows\\SYSTEM32\\samsrv.dll+322c|C:\\windows\\SYSTEM32\\samsrv.dll+305f|C:\\windows\\SYSTEM32\\samsrv.dll+32d7|C:\\windows\\System32\\RPCRT4.dll+76a63|C:\\windows\\System32\\RPCRT4.dll+da036|C:\\windows\\System32\\RPCRT4.dll+37b7c|C:\\windows\\System32\\RPCRT4.dll+549f8|C:\\windows\\System32\\RPCRT4.dll+2c9b1|C:\\windows\\System32\\RPCRT4.dll+2c26b|C:\\windows\\System32\\RPCRT4.dll+1a8cf|C:\\windows\\System32\\RPCRT4.dll+19d7a|C:\\windows\\System32\\RPCRT4.dll+19361|C:\\windows\\System32\\RPCRT4.dll+18dce|C:\\windows\\System32\\RPCRT4.dll+16a05|C:\\windows\\SYSTEM32\\ntdll.dll+333ed|C:\\windows\\SYSTEM32\\ntdll.dll+34142|C:\\windows\\System32\\KERNEL32.DLL+17c24|C:\\windows\\SYSTEM32\\ntdll.dll+6cea1","UtcTime":"2020-10-23 06:36:44.249","TargetProcessGUID":"{39e4a257-79fb-5f92-7217-000000000700}","SourceProcessId":"756","Level":"4","Channel":"Microsoft-Windows-Sysmon/Operational","Task":"10","RuleName":"-","SourceName":"Microsoft-Windows-Sysmon","Hostname":"WORKSTATION5","SourceProcessGUID":"{39e4a257-f131-5f8b-0c00-000000000700}","TargetProcessId":"4696","EventID":10,"Keywords":"0x8000000000000000","TargetImage":"C:\\windows\\System32\\svchost.exe","Message":"Process accessed:\r\nRuleName: -\r\nUtcTime: 2020-10-23 06:36:44.249\r\nSourceProcessGUID: {39e4a257-f131-5f8b-0c00-000000000700}\r\nSourceProcessId: 756\r\nSourceThreadId: 4836\r\nSourceImage: C:\\windows\\system32\\lsass.exe\r\nTargetProcessGUID: {39e4a257-79fb-5f92-7217-000000000700}\r\nTargetProcessId: 4696\r\nTargetImage: C:\\windows\\System32\\svchost.exe\r\nGrantedAccess: 0x1000\r\nCallTrace: C:\\windows\\SYSTEM32\\ntdll.dll+9c584|C:\\windows\\system32\\lsasrv.dll+32063|C:\\windows\\system32\\lsasrv.dll+30a65|C:\\windows\\SYSTEM32\\samsrv.dll+322c|C:\\windows\\SYSTEM32\\samsrv.dll+305f|C:\\windows\\SYSTEM32\\samsrv.dll+32d7|C:\\windows\\System32\\RPCRT4.dll+76a63|C:\\windows\\System32\\RPCRT4.dll+da036|C:\\windows\\System32\\RPCRT4.dll+37b7c|C:\\windows\\System32\\RPCRT4.dll+549f8|C:\\windows\\System32\\RPCRT4.dll+2c9b1|C:\\windows\\System32\\RPCRT4.dll+2c26b|C:\\windows\\System32\\RPCRT4.dll+1a8cf|C:\\windows\\System32\\RPCRT4.dll+19d7a|C:\\windows\\System32\\RPCRT4.dll+19361|C:\\windows\\System32\\RPCRT4.dll+18dce|C:\\windows\\System32\\RPCRT4.dll+16a05|C:\\windows\\SYSTEM32\\ntdll.dll+333ed|C:\\windows\\SYSTEM32\\ntdll.dll+34142|C:\\windows\\System32\\KERNEL32.DLL+17c24|C:\\windows\\SYSTEM32\\ntdll.dll+6cea1"}
