{"TimeCreated":"2020-10-19 12:28:46.204","SourceName":"Microsoft-Windows-Sysmon","UtcTime":"2020-10-19 04:28:46.192","ProcessGuid":"{39e4a257-fa71-5f8b-0901-000000000700}","Image":"C:\\windows\\system32\\svchost.exe","EventID":12,"Channel":"Microsoft-Windows-Sysmon/Operational","Task":"12","RuleName":"-","Message":"Registry object added or deleted:\r\nRuleName: -\r\nEventType: CreateKey\r\nUtcTime: 2020-10-19 04:28:46.192\r\nProcessGuid: {39e4a257-fa71-5f8b-0901-000000000700}\r\nProcessId: 5444\r\nImage: C:\\windows\\system32\\svchost.exe\r\nTargetObject: \\REGISTRY\\A\\{0ef83136-a15f-19d2-f40d-136b8d419f95}\\Root\\DriverPackageExtended\\PermissionsCheckTestKey","Hostname":"WORKSTATION5","ProcessId":"5444","EventType":"CreateKey","TargetObject":"\\REGISTRY\\A\\{0ef83136-a15f-19d2-f40d-136b8d419f95}\\Root\\DriverPackageExtended\\PermissionsCheckTestKey"}
{"TimeCreated":"2020-10-19 12:28:46.204","SourceName":"Microsoft-Windows-Sysmon","UtcTime":"2020-10-19 04:28:46.192","ProcessGuid":"{39e4a257-fa71-5f8b-0901-000000000700}","Image":"C:\\windows\\system32\\svchost.exe","EventID":13,"Channel":"Microsoft-Windows-Sysmon/Operational","Task":"13","RuleName":"-","Message":"Registry value set:\r\nRuleName: -\r\nEventType: SetValue\r\nUtcTime: 2020-10-19 04:28:46.192\r\nProcessGuid: {39e4a257-fa71-5f8b-0901-000000000700}\r\nProcessId: 5444\r\nImage: C:\\windows\\system32\\svchost.exe\r\nTargetObject: \\REGISTRY\\A\\{0ef83136-a15f-19d2-f40d-136b8d419f95}\\Root\\DriverPackageExtended\\WritePermissionsCheck\r\nDetails: DWORD (0x00000001)","Hostname":"WORKSTATION5","Details":"DWORD (0x00000001)","ProcessId":"5444","EventType":"SetValue","TargetObject":"\\REGISTRY\\A\\{0ef83136-a15f-19d2-f40d-136b8d419f95}\\Root\\DriverPackageExtended\\WritePermissionsCheck"}
{"TimeCreated":"2020-10-19 12:28:46.204","SourceName":"Microsoft-Windows-Sysmon","UtcTime":"2020-10-19 04:28:46.192","ProcessGuid":"{39e4a257-fa71-5f8b-0901-000000000700}","Image":"C:\\windows\\system32\\svchost.exe","EventID":12,"Channel":"Microsoft-Windows-Sysmon/Operational","Task":"12","RuleName":"-","Message":"Registry object added or deleted:\r\nRuleName: -\r\nEventType: CreateKey\r\nUtcTime: 2020-10-19 04:28:46.192\r\nProcessGuid: {39e4a257-fa71-5f8b-0901-000000000700}\r\nProcessId: 5444\r\nImage: C:\\windows\\system32\\svchost.exe\r\nTargetObject: \\REGISTRY\\A\\{0ef83136-a15f-19d2-f40d-136b8d419f95}\\Root\\DriverPackageExtended","Hostname":"WORKSTATION5","ProcessId":"5444","EventType":"CreateKey","TargetObject":"\\REGISTRY\\A\\{0ef83136-a15f-19d2-f40d-136b8d419f95}\\Root\\DriverPackageExtended"}
{"TimeCreated":"2020-10-19 12:28:46.204","SourceName":"Microsoft-Windows-Sysmon","UtcTime":"2020-10-19 04:28:46.192","ProcessGuid":"{39e4a257-fa71-5f8b-0901-000000000700}","Image":"C:\\windows\\system32\\svchost.exe","EventID":12,"Channel":"Microsoft-Windows-Sysmon/Operational","Task":"12","RuleName":"-","Message":"Registry object added or deleted:\r\nRuleName: -\r\nEventType: CreateKey\r\nUtcTime: 2020-10-19 04:28:46.192\r\nProcessGuid: {39e4a257-fa71-5f8b-0901-000000000700}\r\nProcessId: 5444\r\nImage: C:\\windows\\system32\\svchost.exe\r\nTargetObject: \\REGISTRY\\A\\{0ef83136-a15f-19d2-f40d-136b8d419f95}\\Root","Hostname":"WORKSTATION5","ProcessId":"5444","EventType":"CreateKey","TargetObject":"\\REGISTRY\\A\\{0ef83136-a15f-19d2-f40d-136b8d419f95}\\Root"}
{"TimeCreated":"2020-10-19 12:28:46.204","SourceName":"Microsoft-Windows-Sysmon","UtcTime":"2020-10-19 04:28:46.192","ProcessGuid":"{39e4a257-fa71-5f8b-0901-000000000700}","Image":"C:\\windows\\system32\\svchost.exe","EventID":12,"Channel":"Microsoft-Windows-Sysmon/Operational","Task":"12","RuleName":"-","Message":"Registry object added or deleted:\r\nRuleName: -\r\nEventType: DeleteKey\r\nUtcTime: 2020-10-19 04:28:46.192\r\nProcessGuid: {39e4a257-fa71-5f8b-0901-000000000700}\r\nProcessId: 5444\r\nImage: C:\\windows\\system32\\svchost.exe\r\nTargetObject: \\REGISTRY\\A\\{0ef83136-a15f-19d2-f40d-136b8d419f95}\\Root\\InventoryDeviceMediaClass\\PermissionsCheckTestKey","Hostname":"WORKSTATION5","ProcessId":"5444","EventType":"DeleteKey","TargetObject":"\\REGISTRY\\A\\{0ef83136-a15f-19d2-f40d-136b8d419f95}\\Root\\InventoryDeviceMediaClass\\PermissionsCheckTestKey"}
{"TimeCreated":"2020-10-19 12:28:46.204","SourceName":"Microsoft-Windows-Sysmon","UtcTime":"2020-10-19 04:28:46.192","ProcessGuid":"{39e4a257-fa71-5f8b-0901-000000000700}","Image":"C:\\windows\\system32\\svchost.exe","EventID":12,"Channel":"Microsoft-Windows-Sysmon/Operational","Task":"12","RuleName":"-","Message":"Registry object added or deleted:\r\nRuleName: -\r\nEventType: CreateKey\r\nUtcTime: 2020-10-19 04:28:46.192\r\nProcessGuid: {39e4a257-fa71-5f8b-0901-000000000700}\r\nProcessId: 5444\r\nImage: C:\\windows\\system32\\svchost.exe\r\nTargetObject: \\REGISTRY\\A\\{0ef83136-a15f-19d2-f40d-136b8d419f95}\\Root\\InventoryDeviceMediaClass\\PermissionsCheckTestKey","Hostname":"WORKSTATION5","ProcessId":"5444","EventType":"CreateKey","TargetObject":"\\REGISTRY\\A\\{0ef83136-a15f-19d2-f40d-136b8d419f95}\\Root\\InventoryDeviceMediaClass\\PermissionsCheckTestKey"}
{"TimeCreated":"2020-10-19 12:28:46.204","SourceName":"Microsoft-Windows-Sysmon","UtcTime":"2020-10-19 04:28:46.192","ProcessGuid":"{39e4a257-fa71-5f8b-0901-000000000700}","Image":"C:\\windows\\system32\\svchost.exe","EventID":13,"Channel":"Microsoft-Windows-Sysmon/Operational","Task":"13","RuleName":"-","Message":"Registry value set:\r\nRuleName: -\r\nEventType: SetValue\r\nUtcTime: 2020-10-19 04:28:46.192\r\nProcessGuid: {39e4a257-fa71-5f8b-0901-000000000700}\r\nProcessId: 5444\r\nImage: C:\\windows\\system32\\svchost.exe\r\nTargetObject: \\REGISTRY\\A\\{0ef83136-a15f-19d2-f40d-136b8d419f95}\\Root\\InventoryDeviceMediaClass\\WritePermissionsCheck\r\nDetails: DWORD (0x00000001)","Hostname":"WORKSTATION5","Details":"DWORD (0x00000001)","ProcessId":"5444","EventType":"SetValue","TargetObject":"\\REGISTRY\\A\\{0ef83136-a15f-19d2-f40d-136b8d419f95}\\Root\\InventoryDeviceMediaClass\\WritePermissionsCheck"}
{"TimeCreated":"2020-10-19 12:28:46.204","SourceName":"Microsoft-Windows-Sysmon","UtcTime":"2020-10-19 04:28:46.192","ProcessGuid":"{39e4a257-fa71-5f8b-0901-000000000700}","Image":"C:\\windows\\system32\\svchost.exe","EventID":12,"Channel":"Microsoft-Windows-Sysmon/Operational","Task":"12","RuleName":"-","Message":"Registry object added or deleted:\r\nRuleName: -\r\nEventType: CreateKey\r\nUtcTime: 2020-10-19 04:28:46.192\r\nProcessGuid: {39e4a257-fa71-5f8b-0901-000000000700}\r\nProcessId: 5444\r\nImage: C:\\windows\\system32\\svchost.exe\r\nTargetObject: \\REGISTRY\\A\\{0ef83136-a15f-19d2-f40d-136b8d419f95}\\Root\\InventoryDeviceMediaClass","Hostname":"WORKSTATION5","ProcessId":"5444","EventType":"CreateKey","TargetObject":"\\REGISTRY\\A\\{0ef83136-a15f-19d2-f40d-136b8d419f95}\\Root\\InventoryDeviceMediaClass"}
{"TimeCreated":"2020-10-19 12:28:46.204","SourceName":"Microsoft-Windows-Sysmon","UtcTime":"2020-10-19 04:28:46.192","ProcessGuid":"{39e4a257-fa71-5f8b-0901-000000000700}","Image":"C:\\windows\\system32\\svchost.exe","EventID":12,"Channel":"Microsoft-Windows-Sysmon/Operational","Task":"12","RuleName":"-","Message":"Registry object added or deleted:\r\nRuleName: -\r\nEventType: CreateKey\r\nUtcTime: 2020-10-19 04:28:46.192\r\nProcessGuid: {39e4a257-fa71-5f8b-0901-000000000700}\r\nProcessId: 5444\r\nImage: C:\\windows\\system32\\svchost.exe\r\nTargetObject: \\REGISTRY\\A\\{0ef83136-a15f-19d2-f40d-136b8d419f95}\\Root","Hostname":"WORKSTATION5","ProcessId":"5444","EventType":"CreateKey","TargetObject":"\\REGISTRY\\A\\{0ef83136-a15f-19d2-f40d-136b8d419f95}\\Root"}
{"TimeCreated":"2020-10-19 12:28:46.204","SourceName":"Microsoft-Windows-Sysmon","UtcTime":"2020-10-19 04:28:46.192","ProcessGuid":"{39e4a257-fa71-5f8b-0901-000000000700}","Image":"C:\\windows\\system32\\svchost.exe","EventID":12,"Channel":"Microsoft-Windows-Sysmon/Operational","Task":"12","RuleName":"-","Message":"Registry object added or deleted:\r\nRuleName: -\r\nEventType: DeleteKey\r\nUtcTime: 2020-10-19 04:28:46.192\r\nProcessGuid: {39e4a257-fa71-5f8b-0901-000000000700}\r\nProcessId: 5444\r\nImage: C:\\windows\\system32\\svchost.exe\r\nTargetObject: \\REGISTRY\\A\\{0ef83136-a15f-19d2-f40d-136b8d419f95}\\Root\\InventoryDriverBinary\\PermissionsCheckTestKey","Hostname":"WORKSTATION5","ProcessId":"5444","EventType":"DeleteKey","TargetObject":"\\REGISTRY\\A\\{0ef83136-a15f-19d2-f40d-136b8d419f95}\\Root\\InventoryDriverBinary\\PermissionsCheckTestKey"}
{"TimeCreated":"2020-10-19 12:28:46.204","SourceName":"Microsoft-Windows-Sysmon","UtcTime":"2020-10-19 04:28:46.192","ProcessGuid":"{39e4a257-fa71-5f8b-0901-000000000700}","Image":"C:\\windows\\system32\\svchost.exe","EventID":12,"Channel":"Microsoft-Windows-Sysmon/Operational","Task":"12","RuleName":"-","Message":"Registry object added or deleted:\r\nRuleName: -\r\nEventType: CreateKey\r\nUtcTime: 2020-10-19 04:28:46.192\r\nProcessGuid: {39e4a257-fa71-5f8b-0901-000000000700}\r\nProcessId: 5444\r\nImage: C:\\windows\\system32\\svchost.exe\r\nTargetObject: \\REGISTRY\\A\\{0ef83136-a15f-19d2-f40d-136b8d419f95}\\Root\\InventoryDriverBinary\\PermissionsCheckTestKey","Hostname":"WORKSTATION5","ProcessId":"5444","EventType":"CreateKey","TargetObject":"\\REGISTRY\\A\\{0ef83136-a15f-19d2-f40d-136b8d419f95}\\Root\\InventoryDriverBinary\\PermissionsCheckTestKey"}
{"TimeCreated":"2020-10-19 12:28:46.204","SourceName":"Microsoft-Windows-Sysmon","UtcTime":"2020-10-19 04:28:46.192","ProcessGuid":"{39e4a257-fa71-5f8b-0901-000000000700}","Image":"C:\\windows\\system32\\svchost.exe","EventID":13,"Channel":"Microsoft-Windows-Sysmon/Operational","Task":"13","RuleName":"-","Message":"Registry value set:\r\nRuleName: -\r\nEventType: SetValue\r\nUtcTime: 2020-10-19 04:28:46.192\r\nProcessGuid: {39e4a257-fa71-5f8b-0901-000000000700}\r\nProcessId: 5444\r\nImage: C:\\windows\\system32\\svchost.exe\r\nTargetObject: \\REGISTRY\\A\\{0ef83136-a15f-19d2-f40d-136b8d419f95}\\Root\\InventoryDriverBinary\\WritePermissionsCheck\r\nDetails: DWORD (0x00000001)","Hostname":"WORKSTATION5","Details":"DWORD (0x00000001)","ProcessId":"5444","EventType":"SetValue","TargetObject":"\\REGISTRY\\A\\{0ef83136-a15f-19d2-f40d-136b8d419f95}\\Root\\InventoryDriverBinary\\WritePermissionsCheck"}
{"TimeCreated":"2020-10-19 12:28:46.204","SourceName":"Microsoft-Windows-Sysmon","UtcTime":"2020-10-19 04:28:46.192","ProcessGuid":"{39e4a257-fa71-5f8b-0901-000000000700}","Image":"C:\\windows\\system32\\svchost.exe","EventID":12,"Channel":"Microsoft-Windows-Sysmon/Operational","Task":"12","RuleName":"-","Message":"Registry object added or deleted:\r\nRuleName: -\r\nEventType: CreateKey\r\nUtcTime: 2020-10-19 04:28:46.192\r\nProcessGuid: {39e4a257-fa71-5f8b-0901-000000000700}\r\nProcessId: 5444\r\nImage: C:\\windows\\system32\\svchost.exe\r\nTargetObject: \\REGISTRY\\A\\{0ef83136-a15f-19d2-f40d-136b8d419f95}\\Root\\InventoryDriverBinary","Hostname":"WORKSTATION5","ProcessId":"5444","EventType":"CreateKey","TargetObject":"\\REGISTRY\\A\\{0ef83136-a15f-19d2-f40d-136b8d419f95}\\Root\\InventoryDriverBinary"}
{"TimeCreated":"2020-10-19 12:28:46.203","SourceName":"Microsoft-Windows-Sysmon","UtcTime":"2020-10-19 04:28:46.192","ProcessGuid":"{39e4a257-fa71-5f8b-0901-000000000700}","Image":"C:\\windows\\system32\\svchost.exe","EventID":12,"Channel":"Microsoft-Windows-Sysmon/Operational","Task":"12","RuleName":"-","Message":"Registry object added or deleted:\r\nRuleName: -\r\nEventType: CreateKey\r\nUtcTime: 2020-10-19 04:28:46.192\r\nProcessGuid: {39e4a257-fa71-5f8b-0901-000000000700}\r\nProcessId: 5444\r\nImage: C:\\windows\\system32\\svchost.exe\r\nTargetObject: \\REGISTRY\\A\\{0ef83136-a15f-19d2-f40d-136b8d419f95}\\Root","Hostname":"WORKSTATION5","ProcessId":"5444","EventType":"CreateKey","TargetObject":"\\REGISTRY\\A\\{0ef83136-a15f-19d2-f40d-136b8d419f95}\\Root"}
{"TimeCreated":"2020-10-19 12:28:46.203","SourceName":"Microsoft-Windows-Sysmon","UtcTime":"2020-10-19 04:28:46.192","ProcessGuid":"{39e4a257-fa71-5f8b-0901-000000000700}","Image":"C:\\windows\\system32\\svchost.exe","EventID":12,"Channel":"Microsoft-Windows-Sysmon/Operational","Task":"12","RuleName":"-","Message":"Registry object added or deleted:\r\nRuleName: -\r\nEventType: DeleteKey\r\nUtcTime: 2020-10-19 04:28:46.192\r\nProcessGuid: {39e4a257-fa71-5f8b-0901-000000000700}\r\nProcessId: 5444\r\nImage: C:\\windows\\system32\\svchost.exe\r\nTargetObject: \\REGISTRY\\A\\{0ef83136-a15f-19d2-f40d-136b8d419f95}\\Root\\InventoryDeviceContainer\\PermissionsCheckTestKey","Hostname":"WORKSTATION5","ProcessId":"5444","EventType":"DeleteKey","TargetObject":"\\REGISTRY\\A\\{0ef83136-a15f-19d2-f40d-136b8d419f95}\\Root\\InventoryDeviceContainer\\PermissionsCheckTestKey"}
{"TimeCreated":"2020-10-19 12:28:46.203","SourceName":"Microsoft-Windows-Sysmon","UtcTime":"2020-10-19 04:28:46.192","ProcessGuid":"{39e4a257-fa71-5f8b-0901-000000000700}","Image":"C:\\windows\\system32\\svchost.exe","EventID":12,"Channel":"Microsoft-Windows-Sysmon/Operational","Task":"12","RuleName":"-","Message":"Registry object added or deleted:\r\nRuleName: -\r\nEventType: CreateKey\r\nUtcTime: 2020-10-19 04:28:46.192\r\nProcessGuid: {39e4a257-fa71-5f8b-0901-000000000700}\r\nProcessId: 5444\r\nImage: C:\\windows\\system32\\svchost.exe\r\nTargetObject: \\REGISTRY\\A\\{0ef83136-a15f-19d2-f40d-136b8d419f95}\\Root\\InventoryDeviceContainer\\PermissionsCheckTestKey","Hostname":"WORKSTATION5","ProcessId":"5444","EventType":"CreateKey","TargetObject":"\\REGISTRY\\A\\{0ef83136-a15f-19d2-f40d-136b8d419f95}\\Root\\InventoryDeviceContainer\\PermissionsCheckTestKey"}
{"TimeCreated":"2020-10-19 12:28:46.203","SourceName":"Microsoft-Windows-Sysmon","UtcTime":"2020-10-19 04:28:46.192","ProcessGuid":"{39e4a257-fa71-5f8b-0901-000000000700}","Image":"C:\\windows\\system32\\svchost.exe","EventID":13,"Channel":"Microsoft-Windows-Sysmon/Operational","Task":"13","RuleName":"-","Message":"Registry value set:\r\nRuleName: -\r\nEventType: SetValue\r\nUtcTime: 2020-10-19 04:28:46.192\r\nProcessGuid: {39e4a257-fa71-5f8b-0901-000000000700}\r\nProcessId: 5444\r\nImage: C:\\windows\\system32\\svchost.exe\r\nTargetObject: \\REGISTRY\\A\\{0ef83136-a15f-19d2-f40d-136b8d419f95}\\Root\\InventoryDeviceContainer\\WritePermissionsCheck\r\nDetails: DWORD (0x00000001)","Hostname":"WORKSTATION5","Details":"DWORD (0x00000001)","ProcessId":"5444","EventType":"SetValue","TargetObject":"\\REGISTRY\\A\\{0ef83136-a15f-19d2-f40d-136b8d419f95}\\Root\\InventoryDeviceContainer\\WritePermissionsCheck"}
{"TimeCreated":"2020-10-19 12:28:46.203","SourceName":"Microsoft-Windows-Sysmon","UtcTime":"2020-10-19 04:28:46.192","ProcessGuid":"{39e4a257-fa71-5f8b-0901-000000000700}","Image":"C:\\windows\\system32\\svchost.exe","EventID":12,"Channel":"Microsoft-Windows-Sysmon/Operational","Task":"12","RuleName":"-","Message":"Registry object added or deleted:\r\nRuleName: -\r\nEventType: CreateKey\r\nUtcTime: 2020-10-19 04:28:46.192\r\nProcessGuid: {39e4a257-fa71-5f8b-0901-000000000700}\r\nProcessId: 5444\r\nImage: C:\\windows\\system32\\svchost.exe\r\nTargetObject: \\REGISTRY\\A\\{0ef83136-a15f-19d2-f40d-136b8d419f95}\\Root\\InventoryDeviceContainer","Hostname":"WORKSTATION5","ProcessId":"5444","EventType":"CreateKey","TargetObject":"\\REGISTRY\\A\\{0ef83136-a15f-19d2-f40d-136b8d419f95}\\Root\\InventoryDeviceContainer"}
{"TimeCreated":"2020-10-19 12:28:46.203","SourceName":"Microsoft-Windows-Sysmon","UtcTime":"2020-10-19 04:28:46.192","ProcessGuid":"{39e4a257-fa71-5f8b-0901-000000000700}","Image":"C:\\windows\\system32\\svchost.exe","EventID":12,"Channel":"Microsoft-Windows-Sysmon/Operational","Task":"12","RuleName":"-","Message":"Registry object added or deleted:\r\nRuleName: -\r\nEventType: CreateKey\r\nUtcTime: 2020-10-19 04:28:46.192\r\nProcessGuid: {39e4a257-fa71-5f8b-0901-000000000700}\r\nProcessId: 5444\r\nImage: C:\\windows\\system32\\svchost.exe\r\nTargetObject: \\REGISTRY\\A\\{0ef83136-a15f-19d2-f40d-136b8d419f95}\\Root","Hostname":"WORKSTATION5","ProcessId":"5444","EventType":"CreateKey","TargetObject":"\\REGISTRY\\A\\{0ef83136-a15f-19d2-f40d-136b8d419f95}\\Root"}
{"TimeCreated":"2020-10-19 12:28:46.203","SourceName":"Microsoft-Windows-Sysmon","UtcTime":"2020-10-19 04:28:46.192","ProcessGuid":"{39e4a257-fa71-5f8b-0901-000000000700}","Image":"C:\\windows\\system32\\svchost.exe","EventID":12,"Channel":"Microsoft-Windows-Sysmon/Operational","Task":"12","RuleName":"-","Message":"Registry object added or deleted:\r\nRuleName: -\r\nEventType: DeleteKey\r\nUtcTime: 2020-10-19 04:28:46.192\r\nProcessGuid: {39e4a257-fa71-5f8b-0901-000000000700}\r\nProcessId: 5444\r\nImage: C:\\windows\\system32\\svchost.exe\r\nTargetObject: \\REGISTRY\\A\\{0ef83136-a15f-19d2-f40d-136b8d419f95}\\Root\\InventoryDevicePnp\\PermissionsCheckTestKey","Hostname":"WORKSTATION5","ProcessId":"5444","EventType":"DeleteKey","TargetObject":"\\REGISTRY\\A\\{0ef83136-a15f-19d2-f40d-136b8d419f95}\\Root\\InventoryDevicePnp\\PermissionsCheckTestKey"}
{"TimeCreated":"2020-10-19 12:28:46.202","SourceName":"Microsoft-Windows-Sysmon","UtcTime":"2020-10-19 04:28:46.192","ProcessGuid":"{39e4a257-fa71-5f8b-0901-000000000700}","Image":"C:\\windows\\system32\\svchost.exe","EventID":12,"Channel":"Microsoft-Windows-Sysmon/Operational","Task":"12","RuleName":"-","Message":"Registry object added or deleted:\r\nRuleName: -\r\nEventType: CreateKey\r\nUtcTime: 2020-10-19 04:28:46.192\r\nProcessGuid: {39e4a257-fa71-5f8b-0901-000000000700}\r\nProcessId: 5444\r\nImage: C:\\windows\\system32\\svchost.exe\r\nTargetObject: \\REGISTRY\\A\\{0ef83136-a15f-19d2-f40d-136b8d419f95}\\Root\\InventoryDevicePnp\\PermissionsCheckTestKey","Hostname":"WORKSTATION5","ProcessId":"5444","EventType":"CreateKey","TargetObject":"\\REGISTRY\\A\\{0ef83136-a15f-19d2-f40d-136b8d419f95}\\Root\\InventoryDevicePnp\\PermissionsCheckTestKey"}
{"TimeCreated":"2020-10-19 12:28:46.202","SourceName":"Microsoft-Windows-Sysmon","UtcTime":"2020-10-19 04:28:46.192","ProcessGuid":"{39e4a257-fa71-5f8b-0901-000000000700}","Image":"C:\\windows\\system32\\svchost.exe","EventID":13,"Channel":"Microsoft-Windows-Sysmon/Operational","Task":"13","RuleName":"-","Message":"Registry value set:\r\nRuleName: -\r\nEventType: SetValue\r\nUtcTime: 2020-10-19 04:28:46.192\r\nProcessGuid: {39e4a257-fa71-5f8b-0901-000000000700}\r\nProcessId: 5444\r\nImage: C:\\windows\\system32\\svchost.exe\r\nTargetObject: \\REGISTRY\\A\\{0ef83136-a15f-19d2-f40d-136b8d419f95}\\Root\\InventoryDevicePnp\\WritePermissionsCheck\r\nDetails: DWORD (0x00000001)","Hostname":"WORKSTATION5","Details":"DWORD (0x00000001)","ProcessId":"5444","EventType":"SetValue","TargetObject":"\\REGISTRY\\A\\{0ef83136-a15f-19d2-f40d-136b8d419f95}\\Root\\InventoryDevicePnp\\WritePermissionsCheck"}
{"TimeCreated":"2020-10-19 12:28:46.202","SourceName":"Microsoft-Windows-Sysmon","UtcTime":"2020-10-19 04:28:46.192","ProcessGuid":"{39e4a257-fa71-5f8b-0901-000000000700}","Image":"C:\\windows\\system32\\svchost.exe","EventID":12,"Channel":"Microsoft-Windows-Sysmon/Operational","Task":"12","RuleName":"-","Message":"Registry object added or deleted:\r\nRuleName: -\r\nEventType: CreateKey\r\nUtcTime: 2020-10-19 04:28:46.192\r\nProcessGuid: {39e4a257-fa71-5f8b-0901-000000000700}\r\nProcessId: 5444\r\nImage: C:\\windows\\system32\\svchost.exe\r\nTargetObject: \\REGISTRY\\A\\{0ef83136-a15f-19d2-f40d-136b8d419f95}\\Root\\InventoryDevicePnp","Hostname":"WORKSTATION5","ProcessId":"5444","EventType":"CreateKey","TargetObject":"\\REGISTRY\\A\\{0ef83136-a15f-19d2-f40d-136b8d419f95}\\Root\\InventoryDevicePnp"}
{"TimeCreated":"2020-10-19 12:28:46.202","SourceName":"Microsoft-Windows-Sysmon","UtcTime":"2020-10-19 04:28:46.192","ProcessGuid":"{39e4a257-fa71-5f8b-0901-000000000700}","Image":"C:\\windows\\system32\\svchost.exe","EventID":12,"Channel":"Microsoft-Windows-Sysmon/Operational","Task":"12","RuleName":"-","Message":"Registry object added or deleted:\r\nRuleName: -\r\nEventType: CreateKey\r\nUtcTime: 2020-10-19 04:28:46.192\r\nProcessGuid: {39e4a257-fa71-5f8b-0901-000000000700}\r\nProcessId: 5444\r\nImage: C:\\windows\\system32\\svchost.exe\r\nTargetObject: \\REGISTRY\\A\\{0ef83136-a15f-19d2-f40d-136b8d419f95}\\Root","Hostname":"WORKSTATION5","ProcessId":"5444","EventType":"CreateKey","TargetObject":"\\REGISTRY\\A\\{0ef83136-a15f-19d2-f40d-136b8d419f95}\\Root"}
{"TimeCreated":"2020-10-19 12:28:46.192","SourceName":"Microsoft-Windows-Sysmon","SignatureStatus":"Valid","Signature":"Microsoft Windows","Product":"Microsoft Windows Operating System","Hashes":"SHA1=05EE2A5807C15A68FC01F8226B7AB670E997DC17,MD5=4D9BE9FEC7FA4A16BB62BFDDC656C60D,SHA256=E2BD6557A60FCA4EF3A0350DB057E64767A3E07ECC229C0859DBD60BF16C66F7,IMPHASH=A3BCCB56DF3A7F1398A01550180F0559","UtcTime":"2020-10-19 04:28:46.176","ProcessGuid":"{39e4a257-fa71-5f8b-0901-000000000700}","Image":"C:\\Windows\\System32\\svchost.exe","ImageLoaded":"C:\\Windows\\System32\\dbghelp.dll","EventID":7,"Channel":"Microsoft-Windows-Sysmon/Operational","Task":"7","RuleName":"-","FileVersion":"10.0.18362.1049 (WinBuild.160101.0800)","Message":"Image loaded:\r\nRuleName: -\r\nUtcTime: 2020-10-19 04:28:46.176\r\nProcessGuid: {39e4a257-fa71-5f8b-0901-000000000700}\r\nProcessId: 5444\r\nImage: C:\\Windows\\System32\\svchost.exe\r\nImageLoaded: C:\\Windows\\System32\\dbghelp.dll\r\nFileVersion: 10.0.18362.1049 (WinBuild.160101.0800)\r\nDescription: Windows Image Helper\r\nProduct: Microsoft Windows Operating System\r\nCompany: Microsoft Corporation\r\nOriginalFileName: DBGHELP.DLL\r\nHashes: SHA1=05EE2A5807C15A68FC01F8226B7AB670E997DC17,MD5=4D9BE9FEC7FA4A16BB62BFDDC656C60D,SHA256=E2BD6557A60FCA4EF3A0350DB057E64767A3E07ECC229C0859DBD60BF16C66F7,IMPHASH=A3BCCB56DF3A7F1398A01550180F0559\r\nSigned: true\r\nSignature: Microsoft Windows\r\nSignatureStatus: Valid","Hostname":"WORKSTATION5","ProcessId":"5444","Description":"Windows Image Helper","Company":"Microsoft Corporation","Signed":"true","OriginalFileName":"DBGHELP.DLL"}
{"TimeCreated":"2020-10-19 12:28:46.192","SourceName":"Microsoft-Windows-Sysmon","SignatureStatus":"Valid","Signature":"Microsoft Windows","Product":"Microsoft Windows Operating System","Hashes":"SHA1=271C76A65E9B4EEB235A7160D5B1286CCE8C13FF,MD5=E202DD92848C5103C9ABF8ECD22BC539,SHA256=353F8D4E647A11F235F4262D913F7BAC4C4F266EAC4601EA416E861AFD611912,IMPHASH=1AC90E68C7E7F27FB14870BE142D19C0","UtcTime":"2020-10-19 04:28:46.161","ProcessGuid":"{39e4a257-fa71-5f8b-0901-000000000700}","Image":"C:\\Windows\\System32\\svchost.exe","ImageLoaded":"C:\\Windows\\System32\\fltLib.dll","EventID":7,"Channel":"Microsoft-Windows-Sysmon/Operational","Task":"7","RuleName":"-","FileVersion":"10.0.18362.1 (WinBuild.160101.0800)","Message":"Image loaded:\r\nRuleName: -\r\nUtcTime: 2020-10-19 04:28:46.161\r\nProcessGuid: {39e4a257-fa71-5f8b-0901-000000000700}\r\nProcessId: 5444\r\nImage: C:\\Windows\\System32\\svchost.exe\r\nImageLoaded: C:\\Windows\\System32\\fltLib.dll\r\nFileVersion: 10.0.18362.1 (WinBuild.160101.0800)\r\nDescription: Filter Library\r\nProduct: Microsoft Windows Operating System\r\nCompany: Microsoft Corporation\r\nOriginalFileName: filterLib.dll\r\nHashes: SHA1=271C76A65E9B4EEB235A7160D5B1286CCE8C13FF,MD5=E202DD92848C5103C9ABF8ECD22BC539,SHA256=353F8D4E647A11F235F4262D913F7BAC4C4F266EAC4601EA416E861AFD611912,IMPHASH=1AC90E68C7E7F27FB14870BE142D19C0\r\nSigned: true\r\nSignature: Microsoft Windows\r\nSignatureStatus: Valid","Hostname":"WORKSTATION5","ProcessId":"5444","Description":"Filter Library","Company":"Microsoft Corporation","Signed":"true","OriginalFileName":"filterLib.dll"}
{"TimeCreated":"2020-10-19 12:28:46.191","SourceName":"Microsoft-Windows-Sysmon","SignatureStatus":"Valid","Signature":"Microsoft Windows","Product":"Microsoft Windows Operating System","Hashes":"SHA1=A0DA12E5DBE104959EE476F12FE63BA806EEC7FF,MD5=B59AFF332AF38FD472FE4FCE92242643,SHA256=3C079BAE94E2CE9C252B7CDC2F09A1C7AB6800C76472E27E80F6B1A319031273,IMPHASH=447F0775F553C78E0D9E8F85CDE9E875","UtcTime":"2020-10-19 04:28:46.161","ProcessGuid":"{39e4a257-fa71-5f8b-0901-000000000700}","Image":"C:\\Windows\\System32\\svchost.exe","ImageLoaded":"C:\\Windows\\System32\\devobj.dll","EventID":7,"Channel":"Microsoft-Windows-Sysmon/Operational","Task":"7","RuleName":"-","FileVersion":"10.0.18362.387 (WinBuild.160101.0800)","Message":"Image loaded:\r\nRuleName: -\r\nUtcTime: 2020-10-19 04:28:46.161\r\nProcessGuid: {39e4a257-fa71-5f8b-0901-000000000700}\r\nProcessId: 5444\r\nImage: C:\\Windows\\System32\\svchost.exe\r\nImageLoaded: C:\\Windows\\System32\\devobj.dll\r\nFileVersion: 10.0.18362.387 (WinBuild.160101.0800)\r\nDescription: Device Information Set DLL\r\nProduct: Microsoft Windows Operating System\r\nCompany: Microsoft Corporation\r\nOriginalFileName: devinfoset.DLL\r\nHashes: SHA1=A0DA12E5DBE104959EE476F12FE63BA806EEC7FF,MD5=B59AFF332AF38FD472FE4FCE92242643,SHA256=3C079BAE94E2CE9C252B7CDC2F09A1C7AB6800C76472E27E80F6B1A319031273,IMPHASH=447F0775F553C78E0D9E8F85CDE9E875\r\nSigned: true\r\nSignature: Microsoft Windows\r\nSignatureStatus: Valid","Hostname":"WORKSTATION5","ProcessId":"5444","Description":"Device Information Set DLL","Company":"Microsoft Corporation","Signed":"true","OriginalFileName":"devinfoset.DLL"}
{"TimeCreated":"2020-10-19 12:28:46.170","SourceName":"Microsoft-Windows-Sysmon","SignatureStatus":"Valid","Signature":"Microsoft Windows","Product":"Microsoft Windows Operating System","Hashes":"SHA1=D880045B11776A094B23934E96B71230BE252F15,MD5=BB7E6F014609E81E04E308CB9485CE31,SHA256=788D2650E2AEC2CA3A8E1DE9C267D4A916E155BD1DE2FC0834F46474BCC24B27,IMPHASH=38BCA2D5EBC972604242D9B3B4906589","UtcTime":"2020-10-19 04:28:46.145","ProcessGuid":"{39e4a257-fa71-5f8b-0901-000000000700}","Image":"C:\\Windows\\System32\\svchost.exe","ImageLoaded":"C:\\Windows\\System32\\devinv.dll","EventID":7,"Channel":"Microsoft-Windows-Sysmon/Operational","Task":"7","RuleName":"-","FileVersion":"10.0.19645.1016 (WinBuild.160101.0800)","Message":"Image loaded:\r\nRuleName: -\r\nUtcTime: 2020-10-19 04:28:46.145\r\nProcessGuid: {39e4a257-fa71-5f8b-0901-000000000700}\r\nProcessId: 5444\r\nImage: C:\\Windows\\System32\\svchost.exe\r\nImageLoaded: C:\\Windows\\System32\\devinv.dll\r\nFileVersion: 10.0.19645.1016 (WinBuild.160101.0800)\r\nDescription: Device Inventory Library\r\nProduct: Microsoft Windows Operating System\r\nCompany: Microsoft Corporation\r\nOriginalFileName: devinv.dll\r\nHashes: SHA1=D880045B11776A094B23934E96B71230BE252F15,MD5=BB7E6F014609E81E04E308CB9485CE31,SHA256=788D2650E2AEC2CA3A8E1DE9C267D4A916E155BD1DE2FC0834F46474BCC24B27,IMPHASH=38BCA2D5EBC972604242D9B3B4906589\r\nSigned: true\r\nSignature: Microsoft Windows\r\nSignatureStatus: Valid","Hostname":"WORKSTATION5","ProcessId":"5444","Description":"Device Inventory Library","Company":"Microsoft Corporation","Signed":"true","OriginalFileName":"devinv.dll"}
{"TimeCreated":"2020-10-19 12:28:41.505","SourceName":"Microsoft-Windows-Sysmon","UtcTime":"2020-10-19 04:28:41.504","ProcessGuid":"{39e4a257-f1b3-5f8b-a700-000000000700}","Image":"C:\\windows\\Explorer.EXE","EventID":13,"Channel":"Microsoft-Windows-Sysmon/Operational","Task":"13","RuleName":"-","Message":"Registry value set:\r\nRuleName: -\r\nEventType: SetValue\r\nUtcTime: 2020-10-19 04:28:41.504\r\nProcessGuid: {39e4a257-f1b3-5f8b-a700-000000000700}\r\nProcessId: 1072\r\nImage: C:\\windows\\Explorer.EXE\r\nTargetObject: HKU\\S-1-5-21-3940915590-64593676-1414006259-500\\Software\\Microsoft\\Windows\\CurrentVersion\\Explorer\\UserAssist\\{CEBFF5CD-ACE2-4F4F-9178-9926F41749EA}\\Count\\HRZR_PGYFRFFVBA\r\nDetails: Binary Data","Hostname":"WORKSTATION5","Details":"Binary Data","ProcessId":"1072","EventType":"SetValue","TargetObject":"HKU\\S-1-5-21-3940915590-64593676-1414006259-500\\Software\\Microsoft\\Windows\\CurrentVersion\\Explorer\\UserAssist\\{CEBFF5CD-ACE2-4F4F-9178-9926F41749EA}\\Count\\HRZR_PGYFRFFVBA"}
{"TimeCreated":"2020-10-19 12:28:41.505","SourceName":"Microsoft-Windows-Sysmon","UtcTime":"2020-10-19 04:28:41.504","ProcessGuid":"{39e4a257-f1b3-5f8b-a700-000000000700}","Image":"C:\\windows\\Explorer.EXE","EventID":13,"Channel":"Microsoft-Windows-Sysmon/Operational","Task":"13","RuleName":"-","Message":"Registry value set:\r\nRuleName: -\r\nEventType: SetValue\r\nUtcTime: 2020-10-19 04:28:41.504\r\nProcessGuid: {39e4a257-f1b3-5f8b-a700-000000000700}\r\nProcessId: 1072\r\nImage: C:\\windows\\Explorer.EXE\r\nTargetObject: HKU\\S-1-5-21-3940915590-64593676-1414006259-500\\Software\\Microsoft\\Windows\\CurrentVersion\\Explorer\\UserAssist\\{CEBFF5CD-ACE2-4F4F-9178-9926F41749EA}\\Count\\{1NP14R77-02R7-4R5Q-O744-2RO1NR5198O7}\\JvaqbjfCbjreFuryy\\i1.0\\cbjrefuryy.rkr\r\nDetails: Binary Data","Hostname":"WORKSTATION5","Details":"Binary Data","ProcessId":"1072","EventType":"SetValue","TargetObject":"HKU\\S-1-5-21-3940915590-64593676-1414006259-500\\Software\\Microsoft\\Windows\\CurrentVersion\\Explorer\\UserAssist\\{CEBFF5CD-ACE2-4F4F-9178-9926F41749EA}\\Count\\{1NP14R77-02R7-4R5Q-O744-2RO1NR5198O7}\\JvaqbjfCbjreFuryy\\i1.0\\cbjrefuryy.rkr"}
{"TimeCreated":"2020-10-19 12:28:40.771","SourceName":"Microsoft-Windows-Sysmon","TargetFilename":"C:\\Windows\\ServiceState\\EventLog\\Data\\lastalive1.dat","UtcTime":"2020-10-19 04:28:40.770","ProcessGuid":"{39e4a257-f133-5f8b-1c00-000000000700}","Image":"C:\\windows\\System32\\svchost.exe","CreationUtcTime":"2020-10-18 07:40:33.283","EventID":11,"Channel":"Microsoft-Windows-Sysmon/Operational","Task":"11","RuleName":"-","Message":"File created:\r\nRuleName: -\r\nUtcTime: 2020-10-19 04:28:40.770\r\nProcessGuid: {39e4a257-f133-5f8b-1c00-000000000700}\r\nProcessId: 1260\r\nImage: C:\\windows\\System32\\svchost.exe\r\nTargetFilename: C:\\Windows\\ServiceState\\EventLog\\Data\\lastalive1.dat\r\nCreationUtcTime: 2020-10-18 07:40:33.283","Hostname":"WORKSTATION5","ProcessId":"1260"}
{"TimeCreated":"2020-10-19 12:28:40.543","SourceName":"Microsoft-Windows-Sysmon","UtcTime":"2020-10-19 04:28:40.536","ProcessGuid":"{39e4a257-f132-5f8b-1000-000000000700}","Image":"C:\\windows\\system32\\svchost.exe","EventID":13,"Channel":"Microsoft-Windows-Sysmon/Operational","Task":"13","RuleName":"-","Message":"Registry value set:\r\nRuleName: -\r\nEventType: SetValue\r\nUtcTime: 2020-10-19 04:28:40.536\r\nProcessGuid: {39e4a257-f132-5f8b-1000-000000000700}\r\nProcessId: 944\r\nImage: C:\\windows\\system32\\svchost.exe\r\nTargetObject: HKU\\S-1-5-21-3940915590-64593676-1414006259-500\\Software\\Microsoft\\Windows NT\\CurrentVersion\\HostActivityManager\\CommitHistory\\Microsoft.Windows.Cortana_cw5n1h2txyewy!CortanaUI\\Pure\r\nDetails: QWORD (0x00000000-0x01400000)","Hostname":"WORKSTATION5","Details":"QWORD (0x00000000-0x01400000)","ProcessId":"944","EventType":"SetValue","TargetObject":"HKU\\S-1-5-21-3940915590-64593676-1414006259-500\\Software\\Microsoft\\Windows NT\\CurrentVersion\\HostActivityManager\\CommitHistory\\Microsoft.Windows.Cortana_cw5n1h2txyewy!CortanaUI\\Pure"}
{"TimeCreated":"2020-10-19 12:28:40.543","SourceName":"Microsoft-Windows-Sysmon","UtcTime":"2020-10-19 04:28:40.536","ProcessGuid":"{39e4a257-f132-5f8b-1000-000000000700}","Image":"C:\\windows\\system32\\svchost.exe","EventID":12,"Channel":"Microsoft-Windows-Sysmon/Operational","Task":"12","RuleName":"-","Message":"Registry object added or deleted:\r\nRuleName: -\r\nEventType: CreateKey\r\nUtcTime: 2020-10-19 04:28:40.536\r\nProcessGuid: {39e4a257-f132-5f8b-1000-000000000700}\r\nProcessId: 944\r\nImage: C:\\windows\\system32\\svchost.exe\r\nTargetObject: HKU\\S-1-5-21-3940915590-64593676-1414006259-500\\Software\\Microsoft\\Windows NT\\CurrentVersion\\HostActivityManager\\CommitHistory\\Microsoft.Windows.Cortana_cw5n1h2txyewy!CortanaUI","Hostname":"WORKSTATION5","ProcessId":"944","EventType":"CreateKey","TargetObject":"HKU\\S-1-5-21-3940915590-64593676-1414006259-500\\Software\\Microsoft\\Windows NT\\CurrentVersion\\HostActivityManager\\CommitHistory\\Microsoft.Windows.Cortana_cw5n1h2txyewy!CortanaUI"}
{"TimeCreated":"2020-10-19 12:28:40.542","SourceName":"Microsoft-Windows-Sysmon","UtcTime":"2020-10-19 04:28:40.536","ProcessGuid":"{39e4a257-f132-5f8b-1000-000000000700}","Image":"C:\\windows\\system32\\svchost.exe","EventID":12,"Channel":"Microsoft-Windows-Sysmon/Operational","Task":"12","RuleName":"-","Message":"Registry object added or deleted:\r\nRuleName: -\r\nEventType: CreateKey\r\nUtcTime: 2020-10-19 04:28:40.536\r\nProcessGuid: {39e4a257-f132-5f8b-1000-000000000700}\r\nProcessId: 944\r\nImage: C:\\windows\\system32\\svchost.exe\r\nTargetObject: HKU\\S-1-5-21-3940915590-64593676-1414006259-500\\Software\\Microsoft\\Windows NT\\CurrentVersion\\HostActivityManager\\CommitHistory","Hostname":"WORKSTATION5","ProcessId":"944","EventType":"CreateKey","TargetObject":"HKU\\S-1-5-21-3940915590-64593676-1414006259-500\\Software\\Microsoft\\Windows NT\\CurrentVersion\\HostActivityManager\\CommitHistory"}
{"TimeCreated":"2020-10-19 12:28:40.542","SourceName":"Microsoft-Windows-Sysmon","UtcTime":"2020-10-19 04:28:40.536","ProcessGuid":"{39e4a257-f132-5f8b-1000-000000000700}","Image":"C:\\windows\\system32\\svchost.exe","EventID":12,"Channel":"Microsoft-Windows-Sysmon/Operational","Task":"12","RuleName":"-","Message":"Registry object added or deleted:\r\nRuleName: -\r\nEventType: CreateKey\r\nUtcTime: 2020-10-19 04:28:40.536\r\nProcessGuid: {39e4a257-f132-5f8b-1000-000000000700}\r\nProcessId: 944\r\nImage: C:\\windows\\system32\\svchost.exe\r\nTargetObject: HKU\\S-1-5-21-3940915590-64593676-1414006259-500\\Software\\Microsoft\\Windows NT\\CurrentVersion\\HostActivityManager","Hostname":"WORKSTATION5","ProcessId":"944","EventType":"CreateKey","TargetObject":"HKU\\S-1-5-21-3940915590-64593676-1414006259-500\\Software\\Microsoft\\Windows NT\\CurrentVersion\\HostActivityManager"}
{"TimeCreated":"2020-10-19 12:28:40.542","SourceName":"Microsoft-Windows-Sysmon","UtcTime":"2020-10-19 04:28:40.536","ProcessGuid":"{39e4a257-f132-5f8b-1000-000000000700}","Image":"C:\\windows\\system32\\svchost.exe","EventID":12,"Channel":"Microsoft-Windows-Sysmon/Operational","Task":"12","RuleName":"-","Message":"Registry object added or deleted:\r\nRuleName: -\r\nEventType: CreateKey\r\nUtcTime: 2020-10-19 04:28:40.536\r\nProcessGuid: {39e4a257-f132-5f8b-1000-000000000700}\r\nProcessId: 944\r\nImage: C:\\windows\\system32\\svchost.exe\r\nTargetObject: HKU\\S-1-5-21-3940915590-64593676-1414006259-500\\Software\\Microsoft\\Windows NT\\CurrentVersion\\HostActivityManager","Hostname":"WORKSTATION5","ProcessId":"944","EventType":"CreateKey","TargetObject":"HKU\\S-1-5-21-3940915590-64593676-1414006259-500\\Software\\Microsoft\\Windows NT\\CurrentVersion\\HostActivityManager"}
{"TimeCreated":"2020-10-19 12:28:40.538","SourceName":"Microsoft-Windows-Sysmon","UtcTime":"2020-10-19 04:28:40.536","ProcessGuid":"{39e4a257-15bc-5f8d-e404-000000000700}","Image":"C:\\windows\\system32\\backgroundTaskHost.exe","EventID":13,"Channel":"Microsoft-Windows-Sysmon/Operational","Task":"13","RuleName":"-","Message":"Registry value set:\r\nRuleName: -\r\nEventType: SetValue\r\nUtcTime: 2020-10-19 04:28:40.536\r\nProcessGuid: {39e4a257-15bc-5f8d-e404-000000000700}\r\nProcessId: 9092\r\nImage: C:\\windows\\system32\\backgroundTaskHost.exe\r\nTargetObject: HKLM\\System\\CurrentControlSet\\Services\\bam\\State\\UserSettings\\S-1-5-21-3940915590-64593676-1414006259-500\\Microsoft.Windows.Cortana_cw5n1h2txyewy\r\nDetails: Binary Data","Hostname":"WORKSTATION5","Details":"Binary Data","ProcessId":"9092","EventType":"SetValue","TargetObject":"HKLM\\System\\CurrentControlSet\\Services\\bam\\State\\UserSettings\\S-1-5-21-3940915590-64593676-1414006259-500\\Microsoft.Windows.Cortana_cw5n1h2txyewy"}
{"SourceName":"Microsoft-Windows-Sysmon","ProcessGuid":"{39e4a257-15bc-5f8d-e404-000000000700}","TimeCreated":"2020-10-19 12:28:40.538","Hostname":"WORKSTATION5","Task":"5","UtcTime":"2020-10-19 04:28:40.536","Image":"C:\\Windows\\System32\\backgroundTaskHost.exe","Channel":"Microsoft-Windows-Sysmon/Operational","RuleName":"-","Message":"Process terminated:\r\nRuleName: -\r\nUtcTime: 2020-10-19 04:28:40.536\r\nProcessGuid: {39e4a257-15bc-5f8d-e404-000000000700}\r\nProcessId: 9092\r\nImage: C:\\Windows\\System32\\backgroundTaskHost.exe","EventID":5,"ProcessId":"9092"}
{"TimeCreated":"2020-10-19 12:28:40.537","SourceName":"Microsoft-Windows-Sysmon","UtcTime":"2020-10-19 04:28:40.536","ProcessGuid":"{39e4a257-f132-5f8b-1000-000000000700}","Image":"C:\\windows\\system32\\svchost.exe","EventID":13,"Channel":"Microsoft-Windows-Sysmon/Operational","Task":"13","RuleName":"-","Message":"Registry value set:\r\nRuleName: -\r\nEventType: SetValue\r\nUtcTime: 2020-10-19 04:28:40.536\r\nProcessGuid: {39e4a257-f132-5f8b-1000-000000000700}\r\nProcessId: 944\r\nImage: C:\\windows\\system32\\svchost.exe\r\nTargetObject: HKLM\\SOFTWARE\\Microsoft\\Windows\\Windows Error Reporting\\TermReason\\9092\\CreationTime\r\nDetails: QWORD (0x01d6a5d0-0x523aa15d)","Hostname":"WORKSTATION5","Details":"QWORD (0x01d6a5d0-0x523aa15d)","ProcessId":"944","EventType":"SetValue","TargetObject":"HKLM\\SOFTWARE\\Microsoft\\Windows\\Windows Error Reporting\\TermReason\\9092\\CreationTime"}
{"TimeCreated":"2020-10-19 12:28:40.537","SourceName":"Microsoft-Windows-Sysmon","UtcTime":"2020-10-19 04:28:40.536","ProcessGuid":"{39e4a257-f132-5f8b-1000-000000000700}","Image":"C:\\windows\\system32\\svchost.exe","EventID":13,"Channel":"Microsoft-Windows-Sysmon/Operational","Task":"13","RuleName":"-","Message":"Registry value set:\r\nRuleName: -\r\nEventType: SetValue\r\nUtcTime: 2020-10-19 04:28:40.536\r\nProcessGuid: {39e4a257-f132-5f8b-1000-000000000700}\r\nProcessId: 944\r\nImage: C:\\windows\\system32\\svchost.exe\r\nTargetObject: HKLM\\SOFTWARE\\Microsoft\\Windows\\Windows Error Reporting\\TermReason\\9092\\Reason\r\nDetails: DWORD (0x00000004)","Hostname":"WORKSTATION5","Details":"DWORD (0x00000004)","ProcessId":"944","EventType":"SetValue","TargetObject":"HKLM\\SOFTWARE\\Microsoft\\Windows\\Windows Error Reporting\\TermReason\\9092\\Reason"}
{"TimeCreated":"2020-10-19 12:28:40.537","SourceName":"Microsoft-Windows-Sysmon","UtcTime":"2020-10-19 04:28:40.536","ProcessGuid":"{39e4a257-f132-5f8b-1000-000000000700}","Image":"C:\\windows\\system32\\svchost.exe","EventID":13,"Channel":"Microsoft-Windows-Sysmon/Operational","Task":"13","RuleName":"-","Message":"Registry value set:\r\nRuleName: -\r\nEventType: SetValue\r\nUtcTime: 2020-10-19 04:28:40.536\r\nProcessGuid: {39e4a257-f132-5f8b-1000-000000000700}\r\nProcessId: 944\r\nImage: C:\\windows\\system32\\svchost.exe\r\nTargetObject: HKLM\\SOFTWARE\\Microsoft\\Windows\\Windows Error Reporting\\TermReason\\9092\\Terminator\r\nDetails: HAM","Hostname":"WORKSTATION5","Details":"HAM","ProcessId":"944","EventType":"SetValue","TargetObject":"HKLM\\SOFTWARE\\Microsoft\\Windows\\Windows Error Reporting\\TermReason\\9092\\Terminator"}
{"TimeCreated":"2020-10-19 12:28:40.536","SourceName":"Microsoft-Windows-Sysmon","UtcTime":"2020-10-19 04:28:40.536","ProcessGuid":"{39e4a257-f132-5f8b-1000-000000000700}","Image":"C:\\windows\\system32\\svchost.exe","EventID":12,"Channel":"Microsoft-Windows-Sysmon/Operational","Task":"12","RuleName":"-","Message":"Registry object added or deleted:\r\nRuleName: -\r\nEventType: CreateKey\r\nUtcTime: 2020-10-19 04:28:40.536\r\nProcessGuid: {39e4a257-f132-5f8b-1000-000000000700}\r\nProcessId: 944\r\nImage: C:\\windows\\system32\\svchost.exe\r\nTargetObject: HKLM\\SOFTWARE\\Microsoft\\Windows\\Windows Error Reporting\\TermReason\\9092","Hostname":"WORKSTATION5","ProcessId":"944","EventType":"CreateKey","TargetObject":"HKLM\\SOFTWARE\\Microsoft\\Windows\\Windows Error Reporting\\TermReason\\9092"}
{"SourceImage":"C:\\windows\\system32\\svchost.exe","TimeCreated":"2020-10-19 12:28:40.536","GrantedAccess":"0x1000","SourceName":"Microsoft-Windows-Sysmon","SourceThreadId":"7156","CallTrace":"C:\\windows\\SYSTEM32\\ntdll.dll+9c584|C:\\windows\\SYSTEM32\\psmserviceexthost.dll+222a3|C:\\windows\\SYSTEM32\\psmserviceexthost.dll+dbeb|C:\\windows\\SYSTEM32\\ntdll.dll+3081d|C:\\windows\\SYSTEM32\\ntdll.dll+345b4|C:\\windows\\System32\\KERNEL32.DLL+17c24|C:\\windows\\SYSTEM32\\ntdll.dll+6cea1","UtcTime":"2020-10-19 04:28:40.536","TargetProcessGUID":"{39e4a257-15bc-5f8d-e404-000000000700}","SourceProcessId":"944","EventID":10,"Channel":"Microsoft-Windows-Sysmon/Operational","Task":"10","RuleName":"-","Message":"Process accessed:\r\nRuleName: -\r\nUtcTime: 2020-10-19 04:28:40.536\r\nSourceProcessGUID: {39e4a257-f132-5f8b-1000-000000000700}\r\nSourceProcessId: 944\r\nSourceThreadId: 7156\r\nSourceImage: C:\\windows\\system32\\svchost.exe\r\nTargetProcessGUID: {39e4a257-15bc-5f8d-e404-000000000700}\r\nTargetProcessId: 9092\r\nTargetImage: C:\\windows\\system32\\backgroundTaskHost.exe\r\nGrantedAccess: 0x1000\r\nCallTrace: C:\\windows\\SYSTEM32\\ntdll.dll+9c584|C:\\windows\\SYSTEM32\\psmserviceexthost.dll+222a3|C:\\windows\\SYSTEM32\\psmserviceexthost.dll+dbeb|C:\\windows\\SYSTEM32\\ntdll.dll+3081d|C:\\windows\\SYSTEM32\\ntdll.dll+345b4|C:\\windows\\System32\\KERNEL32.DLL+17c24|C:\\windows\\SYSTEM32\\ntdll.dll+6cea1","Hostname":"WORKSTATION5","TargetProcessId":"9092","TargetImage":"C:\\windows\\system32\\backgroundTaskHost.exe","SourceProcessGUID":"{39e4a257-f132-5f8b-1000-000000000700}"}
{"TimeCreated":"2020-10-19 12:28:38.511","SourceName":"Microsoft-Windows-Sysmon","UtcTime":"2020-10-19 04:28:38.506","ProcessGuid":"{39e4a257-f1b3-5f8b-a700-000000000700}","Image":"C:\\windows\\Explorer.EXE","EventID":13,"Channel":"Microsoft-Windows-Sysmon/Operational","Task":"13","RuleName":"-","Message":"Registry value set:\r\nRuleName: -\r\nEventType: SetValue\r\nUtcTime: 2020-10-19 04:28:38.506\r\nProcessGuid: {39e4a257-f1b3-5f8b-a700-000000000700}\r\nProcessId: 1072\r\nImage: C:\\windows\\Explorer.EXE\r\nTargetObject: HKU\\S-1-5-21-3940915590-64593676-1414006259-500\\Software\\Microsoft\\Windows\\CurrentVersion\\ActivityDataModel\\ReaderRevisionInfo\\A972977C-95EC-9F21-DCC4-595CA3A0E033\r\nDetails: Binary Data","Hostname":"WORKSTATION5","Details":"Binary Data","ProcessId":"1072","EventType":"SetValue","TargetObject":"HKU\\S-1-5-21-3940915590-64593676-1414006259-500\\Software\\Microsoft\\Windows\\CurrentVersion\\ActivityDataModel\\ReaderRevisionInfo\\A972977C-95EC-9F21-DCC4-595CA3A0E033"}
{"TimeCreated":"2020-10-19 12:28:38.506","SourceName":"Microsoft-Windows-Sysmon","UtcTime":"2020-10-19 04:28:38.489","ProcessGuid":"{39e4a257-f1b3-5f8b-a700-000000000700}","Image":"C:\\windows\\Explorer.EXE","EventID":13,"Channel":"Microsoft-Windows-Sysmon/Operational","Task":"13","RuleName":"-","Message":"Registry value set:\r\nRuleName: -\r\nEventType: SetValue\r\nUtcTime: 2020-10-19 04:28:38.489\r\nProcessGuid: {39e4a257-f1b3-5f8b-a700-000000000700}\r\nProcessId: 1072\r\nImage: C:\\windows\\Explorer.EXE\r\nTargetObject: HKU\\S-1-5-21-3940915590-64593676-1414006259-500\\Software\\Microsoft\\Windows\\CurrentVersion\\ActivityDataModel\\ReaderRevisionInfo\\A972977C-95EC-9F21-DCC4-595CA3A0E033\r\nDetails: Binary Data","Hostname":"WORKSTATION5","Details":"Binary Data","ProcessId":"1072","EventType":"SetValue","TargetObject":"HKU\\S-1-5-21-3940915590-64593676-1414006259-500\\Software\\Microsoft\\Windows\\CurrentVersion\\ActivityDataModel\\ReaderRevisionInfo\\A972977C-95EC-9F21-DCC4-595CA3A0E033"}
{"SourceImage":"C:\\windows\\Explorer.EXE","TimeCreated":"2020-10-19 12:28:38.501","GrantedAccess":"0x1000","SourceName":"Microsoft-Windows-Sysmon","SourceThreadId":"5076","CallTrace":"C:\\windows\\SYSTEM32\\ntdll.dll+9c584|C:\\windows\\System32\\KERNELBASE.dll+305fe|C:\\windows\\System32\\NPSMDesktopProvider.dll+1dbfa|C:\\windows\\System32\\NPSMDesktopProvider.dll+139e2|C:\\windows\\System32\\NPSMDesktopProvider.dll+1415b|C:\\windows\\System32\\shcore.dll+c540|C:\\windows\\System32\\shcore.dll+c1c8|C:\\windows\\System32\\shcore.dll+ac61|C:\\windows\\System32\\KERNEL32.DLL+17c24|C:\\windows\\SYSTEM32\\ntdll.dll+6cea1","UtcTime":"2020-10-19 04:28:38.489","TargetProcessGUID":"{39e4a257-f1cd-5f8b-c400-000000000700}","SourceProcessId":"1072","EventID":10,"Channel":"Microsoft-Windows-Sysmon/Operational","Task":"10","RuleName":"-","Message":"Process accessed:\r\nRuleName: -\r\nUtcTime: 2020-10-19 04:28:38.489\r\nSourceProcessGUID: {39e4a257-f1b3-5f8b-a700-000000000700}\r\nSourceProcessId: 1072\r\nSourceThreadId: 5076\r\nSourceImage: C:\\windows\\Explorer.EXE\r\nTargetProcessGUID: {39e4a257-f1cd-5f8b-c400-000000000700}\r\nTargetProcessId: 7652\r\nTargetImage: C:\\Windows\\System32\\WindowsPowerShell\\v1.0\\powershell.exe\r\nGrantedAccess: 0x1000\r\nCallTrace: C:\\windows\\SYSTEM32\\ntdll.dll+9c584|C:\\windows\\System32\\KERNELBASE.dll+305fe|C:\\windows\\System32\\NPSMDesktopProvider.dll+1dbfa|C:\\windows\\System32\\NPSMDesktopProvider.dll+139e2|C:\\windows\\System32\\NPSMDesktopProvider.dll+1415b|C:\\windows\\System32\\shcore.dll+c540|C:\\windows\\System32\\shcore.dll+c1c8|C:\\windows\\System32\\shcore.dll+ac61|C:\\windows\\System32\\KERNEL32.DLL+17c24|C:\\windows\\SYSTEM32\\ntdll.dll+6cea1","Hostname":"WORKSTATION5","TargetProcessId":"7652","TargetImage":"C:\\Windows\\System32\\WindowsPowerShell\\v1.0\\powershell.exe","SourceProcessGUID":"{39e4a257-f1b3-5f8b-a700-000000000700}"}
{"SourceImage":"C:\\windows\\Explorer.EXE","TimeCreated":"2020-10-19 12:28:38.501","GrantedAccess":"0x2000","SourceName":"Microsoft-Windows-Sysmon","SourceThreadId":"4688","CallTrace":"C:\\windows\\SYSTEM32\\ntdll.dll+9c584|C:\\windows\\System32\\KERNELBASE.dll+305fe|C:\\windows\\system32\\twinui.dll+72a89|C:\\windows\\system32\\twinui.dll+785b2|C:\\windows\\system32\\twinui.dll+1780b|C:\\windows\\system32\\twinui.dll+1734c|C:\\windows\\system32\\twinui.dll+68f7a|C:\\windows\\system32\\twinui.dll+16e09|C:\\windows\\system32\\twinui.dll+16f4b|C:\\windows\\system32\\twinui.dll+16ecd|C:\\windows\\System32\\USER32.dll+15c1d|C:\\windows\\System32\\USER32.dll+15612|C:\\Windows\\System32\\windows.immersiveshell.serviceprovider.dll+45f0|C:\\Windows\\System32\\windows.immersiveshell.serviceprovider.dll+41b9|C:\\Windows\\System32\\windows.immersiveshell.serviceprovider.dll+3e4f|C:\\windows\\System32\\KERNEL32.DLL+17c24|C:\\windows\\SYSTEM32\\ntdll.dll+6cea1","UtcTime":"2020-10-19 04:28:38.489","TargetProcessGUID":"{39e4a257-15ba-5f8d-e204-000000000700}","SourceProcessId":"1072","EventID":10,"Channel":"Microsoft-Windows-Sysmon/Operational","Task":"10","RuleName":"-","Message":"Process accessed:\r\nRuleName: -\r\nUtcTime: 2020-10-19 04:28:38.489\r\nSourceProcessGUID: {39e4a257-f1b3-5f8b-a700-000000000700}\r\nSourceProcessId: 1072\r\nSourceThreadId: 4688\r\nSourceImage: C:\\windows\\Explorer.EXE\r\nTargetProcessGUID: {39e4a257-15ba-5f8d-e204-000000000700}\r\nTargetProcessId: 5884\r\nTargetImage: C:\\windows\\system32\\cmd.exe\r\nGrantedAccess: 0x2000\r\nCallTrace: C:\\windows\\SYSTEM32\\ntdll.dll+9c584|C:\\windows\\System32\\KERNELBASE.dll+305fe|C:\\windows\\system32\\twinui.dll+72a89|C:\\windows\\system32\\twinui.dll+785b2|C:\\windows\\system32\\twinui.dll+1780b|C:\\windows\\system32\\twinui.dll+1734c|C:\\windows\\system32\\twinui.dll+68f7a|C:\\windows\\system32\\twinui.dll+16e09|C:\\windows\\system32\\twinui.dll+16f4b|C:\\windows\\system32\\twinui.dll+16ecd|C:\\windows\\System32\\USER32.dll+15c1d|C:\\windows\\System32\\USER32.dll+15612|C:\\Windows\\System32\\windows.immersiveshell.serviceprovider.dll+45f0|C:\\Windows\\System32\\windows.immersiveshell.serviceprovider.dll+41b9|C:\\Windows\\System32\\windows.immersiveshell.serviceprovider.dll+3e4f|C:\\windows\\System32\\KERNEL32.DLL+17c24|C:\\windows\\SYSTEM32\\ntdll.dll+6cea1","Hostname":"WORKSTATION5","TargetProcessId":"5884","TargetImage":"C:\\windows\\system32\\cmd.exe","SourceProcessGUID":"{39e4a257-f1b3-5f8b-a700-000000000700}"}
