{"Conditions":"\n\tCondition ID:\t{0c1ba1af-5765-453f-af22-a8f791ac775b}\n\tMatch value:\tEqual to\n\tCondition value:\t0x01c2\n","TimeCreated":"2020-10-21 12:19:09.138","SourceName":"Microsoft-Windows-Security-Auditing","FilterType":"%%16388","FilterId":"75143","UserName":"NT AUTHORITY\\LOCAL SERVICE","CalloutName":"-","ProviderKey":"{decc16ca-3f33-4346-be1e-8fb4ae0f3d62}","FilterKey":"{b50f244f-e656-44f6-8e24-0790228fd67d}","Action":"%%16390","EventID":5447,"Channel":"Security","Task":"13573","Message":"A Windows Filtering Platform filter has been changed.\r\n\t\r\nSubject:\r\n\tSecurity ID:\t\tS-1-5-19\r\n\tAccount Name:\t\tNT AUTHORITY\\LOCAL SERVICE\r\n\r\nProcess Information:\r\n\tProcess ID:\t2948\r\n\r\nProvider Information:\r\n\tID:\t\t{decc16ca-3f33-4346-be1e-8fb4ae0f3d62}\r\n\tName:\t\tMicrosoft Corporation\r\n\r\nChange Information:\r\n\tChange Type:\tDelete\r\n\r\nFilter Information:\r\n\tID:\t\t{b50f244f-e656-44f6-8e24-0790228fd67d}\r\n\tName:\t\tatomic testing\r\n\tType:\t\tNot persistent\r\n\tRun-Time ID:\t75143\r\n\r\nLayer Information:\r\n\tID:\t\t{88bb5dad-76d7-4227-9c71-df0a3ed7be7e}\r\n\tName:\t\tALE Listen v4 Layer\r\n\tRun-Time ID:\t40\r\n\r\nCallout Information:\r\n\tID:\t\t{00000000-0000-0000-0000-000000000000}\r\n\tName:\t\t-\r\n\r\nAdditional Information:\r\n\tWeight:\t10376293542535364352\t\r\n\tConditions:\t\n\tCondition ID:\t{0c1ba1af-5765-453f-af22-a8f791ac775b}\n\tMatch value:\tEqual to\n\tCondition value:\t0x01c2\n\r\n\tFilter Action:\tPermit","Hostname":"WORKSTATION5","CalloutKey":"{00000000-0000-0000-0000-000000000000}","ProcessId":"2948","LayerKey":"{88bb5dad-76d7-4227-9c71-df0a3ed7be7e}","ProviderName":"Microsoft Corporation","LayerName":"ALE Listen v4 Layer","FilterName":"atomic testing","LayerId":"40","UserSid":"S-1-5-19","Weight":"10376293542535364352","ChangeType":"%%16385"}
{"Conditions":"\n\tCondition ID:\t{0c1ba1af-5765-453f-af22-a8f791ac775b}\n\tMatch value:\tEqual to\n\tCondition value:\t0x01c2\n\n\tCondition ID:\t{3971ef2b-623e-4f9a-8cb1-6e79b806b9a7}\n\tMatch value:\tEqual to\n\tCondition value:\t0x06\n","TimeCreated":"2020-10-21 12:19:09.138","SourceName":"Microsoft-Windows-Security-Auditing","FilterType":"%%16388","FilterId":"75144","UserName":"NT AUTHORITY\\LOCAL SERVICE","CalloutName":"-","ProviderKey":"{decc16ca-3f33-4346-be1e-8fb4ae0f3d62}","FilterKey":"{c6278032-c080-4cd1-b481-eb86b548594c}","Action":"%%16390","EventID":5447,"Channel":"Security","Task":"13573","Message":"A Windows Filtering Platform filter has been changed.\r\n\t\r\nSubject:\r\n\tSecurity ID:\t\tS-1-5-19\r\n\tAccount Name:\t\tNT AUTHORITY\\LOCAL SERVICE\r\n\r\nProcess Information:\r\n\tProcess ID:\t2948\r\n\r\nProvider Information:\r\n\tID:\t\t{decc16ca-3f33-4346-be1e-8fb4ae0f3d62}\r\n\tName:\t\tMicrosoft Corporation\r\n\r\nChange Information:\r\n\tChange Type:\tDelete\r\n\r\nFilter Information:\r\n\tID:\t\t{c6278032-c080-4cd1-b481-eb86b548594c}\r\n\tName:\t\tatomic testing\r\n\tType:\t\tNot persistent\r\n\tRun-Time ID:\t75144\r\n\r\nLayer Information:\r\n\tID:\t\t{e1cd9fe7-f4b5-4273-96c0-592e487b8650}\r\n\tName:\t\tALE Receive/Accept v4 Layer\r\n\tRun-Time ID:\t44\r\n\r\nCallout Information:\r\n\tID:\t\t{00000000-0000-0000-0000-000000000000}\r\n\tName:\t\t-\r\n\r\nAdditional Information:\r\n\tWeight:\t10378263866298597376\t\r\n\tConditions:\t\n\tCondition ID:\t{0c1ba1af-5765-453f-af22-a8f791ac775b}\n\tMatch value:\tEqual to\n\tCondition value:\t0x01c2\n\n\tCondition ID:\t{3971ef2b-623e-4f9a-8cb1-6e79b806b9a7}\n\tMatch value:\tEqual to\n\tCondition value:\t0x06\n\r\n\tFilter Action:\tPermit","Hostname":"WORKSTATION5","CalloutKey":"{00000000-0000-0000-0000-000000000000}","ProcessId":"2948","LayerKey":"{e1cd9fe7-f4b5-4273-96c0-592e487b8650}","ProviderName":"Microsoft Corporation","LayerName":"ALE Receive/Accept v4 Layer","FilterName":"atomic testing","LayerId":"44","UserSid":"S-1-5-19","Weight":"10378263866298597376","ChangeType":"%%16385"}
{"Conditions":"\n\tCondition ID:\t{0c1ba1af-5765-453f-af22-a8f791ac775b}\n\tMatch value:\tEqual to\n\tCondition value:\t0x01c2\n","TimeCreated":"2020-10-21 12:19:09.138","SourceName":"Microsoft-Windows-Security-Auditing","FilterType":"%%16388","FilterId":"75145","UserName":"NT AUTHORITY\\LOCAL SERVICE","CalloutName":"-","ProviderKey":"{decc16ca-3f33-4346-be1e-8fb4ae0f3d62}","FilterKey":"{4f04ca8b-29e7-4dcb-bdc8-67b098e9df89}","Action":"%%16390","EventID":5447,"Channel":"Security","Task":"13573","Message":"A Windows Filtering Platform filter has been changed.\r\n\t\r\nSubject:\r\n\tSecurity ID:\t\tS-1-5-19\r\n\tAccount Name:\t\tNT AUTHORITY\\LOCAL SERVICE\r\n\r\nProcess Information:\r\n\tProcess ID:\t2948\r\n\r\nProvider Information:\r\n\tID:\t\t{decc16ca-3f33-4346-be1e-8fb4ae0f3d62}\r\n\tName:\t\tMicrosoft Corporation\r\n\r\nChange Information:\r\n\tChange Type:\tDelete\r\n\r\nFilter Information:\r\n\tID:\t\t{4f04ca8b-29e7-4dcb-bdc8-67b098e9df89}\r\n\tName:\t\tatomic testing\r\n\tType:\t\tNot persistent\r\n\tRun-Time ID:\t75145\r\n\r\nLayer Information:\r\n\tID:\t\t{7ac9de24-17dd-4814-b4bd-a9fbc95a321b}\r\n\tName:\t\tALE Listen v6 Layer\r\n\tRun-Time ID:\t42\r\n\r\nCallout Information:\r\n\tID:\t\t{00000000-0000-0000-0000-000000000000}\r\n\tName:\t\t-\r\n\r\nAdditional Information:\r\n\tWeight:\t10376293541528731392\t\r\n\tConditions:\t\n\tCondition ID:\t{0c1ba1af-5765-453f-af22-a8f791ac775b}\n\tMatch value:\tEqual to\n\tCondition value:\t0x01c2\n\r\n\tFilter Action:\tPermit","Hostname":"WORKSTATION5","CalloutKey":"{00000000-0000-0000-0000-000000000000}","ProcessId":"2948","LayerKey":"{7ac9de24-17dd-4814-b4bd-a9fbc95a321b}","ProviderName":"Microsoft Corporation","LayerName":"ALE Listen v6 Layer","FilterName":"atomic testing","LayerId":"42","UserSid":"S-1-5-19","Weight":"10376293541528731392","ChangeType":"%%16385"}
{"SourceName":"Microsoft-Windows-Security-Auditing","ProfileChanged":"All","TimeCreated":"2020-10-21 12:19:09.138","Hostname":"WORKSTATION5","Task":"13571","RuleId":"{F7259D6F-D580-4DF1-8371-60520B42164D}","Channel":"Security","RuleName":"atomic testing","Message":"A change was made to the Windows Firewall exception list. A rule was deleted.\r\n\t\r\nProfile Changed:\tAll\r\n\r\nDeleted Rule:\r\n\tRule ID:\t{F7259D6F-D580-4DF1-8371-60520B42164D}\r\n\tRule Name:\tatomic testing","EventID":4948}
{"Conditions":"\n\tCondition ID:\t{0c1ba1af-5765-453f-af22-a8f791ac775b}\n\tMatch value:\tEqual to\n\tCondition value:\t0x01c2\n\n\tCondition ID:\t{3971ef2b-623e-4f9a-8cb1-6e79b806b9a7}\n\tMatch value:\tEqual to\n\tCondition value:\t0x06\n","TimeCreated":"2020-10-21 12:19:09.138","SourceName":"Microsoft-Windows-Security-Auditing","FilterType":"%%16388","FilterId":"75146","UserName":"NT AUTHORITY\\LOCAL SERVICE","CalloutName":"-","ProviderKey":"{decc16ca-3f33-4346-be1e-8fb4ae0f3d62}","FilterKey":"{51051770-c4cd-4528-b924-06356c1b61ab}","Action":"%%16390","EventID":5447,"Channel":"Security","Task":"13573","Message":"A Windows Filtering Platform filter has been changed.\r\n\t\r\nSubject:\r\n\tSecurity ID:\t\tS-1-5-19\r\n\tAccount Name:\t\tNT AUTHORITY\\LOCAL SERVICE\r\n\r\nProcess Information:\r\n\tProcess ID:\t2948\r\n\r\nProvider Information:\r\n\tID:\t\t{decc16ca-3f33-4346-be1e-8fb4ae0f3d62}\r\n\tName:\t\tMicrosoft Corporation\r\n\r\nChange Information:\r\n\tChange Type:\tDelete\r\n\r\nFilter Information:\r\n\tID:\t\t{51051770-c4cd-4528-b924-06356c1b61ab}\r\n\tName:\t\tatomic testing\r\n\tType:\t\tNot persistent\r\n\tRun-Time ID:\t75146\r\n\r\nLayer Information:\r\n\tID:\t\t{a3b42c97-9f04-4672-b87e-cee9c483257f}\r\n\tName:\t\tALE Receive/Accept v6 Layer\r\n\tRun-Time ID:\t46\r\n\r\nCallout Information:\r\n\tID:\t\t{00000000-0000-0000-0000-000000000000}\r\n\tName:\t\t-\r\n\r\nAdditional Information:\r\n\tWeight:\t10376786122670866432\t\r\n\tConditions:\t\n\tCondition ID:\t{0c1ba1af-5765-453f-af22-a8f791ac775b}\n\tMatch value:\tEqual to\n\tCondition value:\t0x01c2\n\n\tCondition ID:\t{3971ef2b-623e-4f9a-8cb1-6e79b806b9a7}\n\tMatch value:\tEqual to\n\tCondition value:\t0x06\n\r\n\tFilter Action:\tPermit","Hostname":"WORKSTATION5","CalloutKey":"{00000000-0000-0000-0000-000000000000}","ProcessId":"2948","LayerKey":"{a3b42c97-9f04-4672-b87e-cee9c483257f}","ProviderName":"Microsoft Corporation","LayerName":"ALE Receive/Accept v6 Layer","FilterName":"atomic testing","LayerId":"46","UserSid":"S-1-5-19","Weight":"10376786122670866432","ChangeType":"%%16385"}
{"SubjectUserName":"LOCAL SERVICE","TimeCreated":"2020-10-21 12:19:09.139","SubjectLogonId":"0x3e5","SubjectDomainName":"NT AUTHORITY","TargetProcessId":"0x4","SubjectUserSid":"S-1-5-19","SourceHandleId":"0x490","EventID":4690,"Channel":"Security","Task":"12807","TargetHandleId":"0x16ac","Message":"An attempt was made to duplicate a handle to an object.\r\n\r\nSubject:\r\n\tSecurity ID:\t\tS-1-5-19\r\n\tAccount Name:\t\tLOCAL SERVICE\r\n\tAccount Domain:\t\tNT AUTHORITY\r\n\tLogon ID:\t\t0x3E5\r\n\r\nSource Handle Information:\r\n\tSource Handle ID:\t0x490\r\n\tSource Process ID:\t0xb84\r\n\r\nNew Handle Information:\r\n\tTarget Handle ID:\t0x16ac\r\n\tTarget Process ID:\t0x4","Hostname":"WORKSTATION5","SourceProcessId":"0xb84","SourceName":"Microsoft-Windows-Security-Auditing"}
{"SubjectUserName":"LOCAL SERVICE","TimeCreated":"2020-10-21 12:19:09.139","SubjectLogonId":"0x3e5","SubjectDomainName":"NT AUTHORITY","ObjectServer":"Security","SubjectUserSid":"S-1-5-19","EventID":4658,"Channel":"Security","Task":"12801","Message":"The handle to an object was closed.\r\n\r\nSubject :\r\n\tSecurity ID:\t\tS-1-5-19\r\n\tAccount Name:\t\tLOCAL SERVICE\r\n\tAccount Domain:\t\tNT AUTHORITY\r\n\tLogon ID:\t\t0x3E5\r\n\r\nObject:\r\n\tObject Server:\t\tSecurity\r\n\tHandle ID:\t\t0x16ac\r\n\r\nProcess Information:\r\n\tProcess ID:\t\t0xb84\r\n\tProcess Name:\t\tC:\\Windows\\System32\\svchost.exe","Hostname":"WORKSTATION5","ProcessName":"C:\\Windows\\System32\\svchost.exe","ProcessId":"0xb84","SourceName":"Microsoft-Windows-Security-Auditing","HandleId":"0x16ac"}
{"SubjectUserName":"LOCAL SERVICE","TimeCreated":"2020-10-21 12:19:09.139","SubjectLogonId":"0x3e5","ResourceAttributes":"-","SubjectDomainName":"NT AUTHORITY","PrivilegeList":"-","ObjectServer":"Security","ObjectType":"Key","SubjectUserSid":"S-1-5-19","EventID":4656,"Channel":"Security","Task":"12801","ObjectName":"\\REGISTRY\\MACHINE\\SYSTEM\\ControlSet001\\Control\\Lsa","AccessMask":"0x1","Message":"A handle to an object was requested.\r\n\r\nSubject:\r\n\tSecurity ID:\t\tS-1-5-19\r\n\tAccount Name:\t\tLOCAL SERVICE\r\n\tAccount Domain:\t\tNT AUTHORITY\r\n\tLogon ID:\t\t0x3E5\r\n\r\nObject:\r\n\tObject Server:\t\tSecurity\r\n\tObject Type:\t\tKey\r\n\tObject Name:\t\t\\REGISTRY\\MACHINE\\SYSTEM\\ControlSet001\\Control\\Lsa\r\n\tHandle ID:\t\t0x490\r\n\tResource Attributes:\t-\r\n\r\nProcess Information:\r\n\tProcess ID:\t\t0xb84\r\n\tProcess Name:\t\tC:\\Windows\\System32\\svchost.exe\r\n\r\nAccess Request Information:\r\n\tTransaction ID:\t\t{00000000-0000-0000-0000-000000000000}\r\n\tAccesses:\t\tQuery key value\r\n\t\t\t\t\r\n\tAccess Reasons:\t\t-\r\n\tAccess Mask:\t\t0x1\r\n\tPrivileges Used for Access Check:\t-\r\n\tRestricted SID Count:\t5","Hostname":"WORKSTATION5","ProcessName":"C:\\Windows\\System32\\svchost.exe","ProcessId":"0xb84","AccessReason":"-","RestrictedSidCount":"5","AccessList":"%%4432\n\t\t\t\t","SourceName":"Microsoft-Windows-Security-Auditing","HandleId":"0x490","TransactionId":"{00000000-0000-0000-0000-000000000000}"}
{"SubjectUserName":"LOCAL SERVICE","TimeCreated":"2020-10-21 12:19:09.139","SubjectLogonId":"0x3e5","ResourceAttributes":"-","SubjectDomainName":"NT AUTHORITY","ObjectServer":"Security","ObjectType":"Key","SubjectUserSid":"S-1-5-19","EventID":4663,"Channel":"Security","Task":"12801","ObjectName":"\\REGISTRY\\MACHINE\\SYSTEM\\ControlSet001\\Control\\Lsa","AccessMask":"0x1","Message":"An attempt was made to access an object.\r\n\r\nSubject:\r\n\tSecurity ID:\t\tS-1-5-19\r\n\tAccount Name:\t\tLOCAL SERVICE\r\n\tAccount Domain:\t\tNT AUTHORITY\r\n\tLogon ID:\t\t0x3E5\r\n\r\nObject:\r\n\tObject Server:\t\tSecurity\r\n\tObject Type:\t\tKey\r\n\tObject Name:\t\t\\REGISTRY\\MACHINE\\SYSTEM\\ControlSet001\\Control\\Lsa\r\n\tHandle ID:\t\t0x490\r\n\tResource Attributes:\t-\r\n\r\nProcess Information:\r\n\tProcess ID:\t\t0xb84\r\n\tProcess Name:\t\tC:\\Windows\\System32\\svchost.exe\r\n\r\nAccess Request Information:\r\n\tAccesses:\t\tQuery key value\r\n\t\t\t\t\r\n\tAccess Mask:\t\t0x1","Hostname":"WORKSTATION5","ProcessName":"C:\\Windows\\System32\\svchost.exe","ProcessId":"0xb84","AccessList":"%%4432\n\t\t\t\t","SourceName":"Microsoft-Windows-Security-Auditing","HandleId":"0x490"}
{"SubjectUserName":"LOCAL SERVICE","TimeCreated":"2020-10-21 12:19:09.139","SubjectLogonId":"0x3e5","SubjectDomainName":"NT AUTHORITY","ObjectServer":"Security","SubjectUserSid":"S-1-5-19","EventID":4658,"Channel":"Security","Task":"12801","Message":"The handle to an object was closed.\r\n\r\nSubject :\r\n\tSecurity ID:\t\tS-1-5-19\r\n\tAccount Name:\t\tLOCAL SERVICE\r\n\tAccount Domain:\t\tNT AUTHORITY\r\n\tLogon ID:\t\t0x3E5\r\n\r\nObject:\r\n\tObject Server:\t\tSecurity\r\n\tHandle ID:\t\t0x490\r\n\r\nProcess Information:\r\n\tProcess ID:\t\t0xb84\r\n\tProcess Name:\t\tC:\\Windows\\System32\\svchost.exe","Hostname":"WORKSTATION5","ProcessName":"C:\\Windows\\System32\\svchost.exe","ProcessId":"0xb84","SourceName":"Microsoft-Windows-Security-Auditing","HandleId":"0x490"}
{"SubjectUserName":"LOCAL SERVICE","TimeCreated":"2020-10-21 12:19:09.139","SubjectLogonId":"0x3e5","SubjectDomainName":"NT AUTHORITY","TargetProcessId":"0x4","SubjectUserSid":"S-1-5-19","SourceHandleId":"0x7b0","EventID":4690,"Channel":"Security","Task":"12807","TargetHandleId":"0x16ac","Message":"An attempt was made to duplicate a handle to an object.\r\n\r\nSubject:\r\n\tSecurity ID:\t\tS-1-5-19\r\n\tAccount Name:\t\tLOCAL SERVICE\r\n\tAccount Domain:\t\tNT AUTHORITY\r\n\tLogon ID:\t\t0x3E5\r\n\r\nSource Handle Information:\r\n\tSource Handle ID:\t0x7b0\r\n\tSource Process ID:\t0xb84\r\n\r\nNew Handle Information:\r\n\tTarget Handle ID:\t0x16ac\r\n\tTarget Process ID:\t0x4","Hostname":"WORKSTATION5","SourceProcessId":"0xb84","SourceName":"Microsoft-Windows-Security-Auditing"}
{"SubjectUserName":"LOCAL SERVICE","TimeCreated":"2020-10-21 12:19:09.139","SubjectLogonId":"0x3e5","SubjectDomainName":"NT AUTHORITY","ObjectServer":"Security","SubjectUserSid":"S-1-5-19","EventID":4658,"Channel":"Security","Task":"12801","Message":"The handle to an object was closed.\r\n\r\nSubject :\r\n\tSecurity ID:\t\tS-1-5-19\r\n\tAccount Name:\t\tLOCAL SERVICE\r\n\tAccount Domain:\t\tNT AUTHORITY\r\n\tLogon ID:\t\t0x3E5\r\n\r\nObject:\r\n\tObject Server:\t\tSecurity\r\n\tHandle ID:\t\t0x16ac\r\n\r\nProcess Information:\r\n\tProcess ID:\t\t0xb84\r\n\tProcess Name:\t\tC:\\Windows\\System32\\svchost.exe","Hostname":"WORKSTATION5","ProcessName":"C:\\Windows\\System32\\svchost.exe","ProcessId":"0xb84","SourceName":"Microsoft-Windows-Security-Auditing","HandleId":"0x16ac"}
{"SubjectUserName":"LOCAL SERVICE","TimeCreated":"2020-10-21 12:19:09.139","SubjectLogonId":"0x3e5","ResourceAttributes":"-","SubjectDomainName":"NT AUTHORITY","PrivilegeList":"-","ObjectServer":"Security","ObjectType":"Key","SubjectUserSid":"S-1-5-19","EventID":4656,"Channel":"Security","Task":"12801","ObjectName":"\\REGISTRY\\MACHINE\\SYSTEM\\ControlSet001\\Control\\Lsa","AccessMask":"0x1","Message":"A handle to an object was requested.\r\n\r\nSubject:\r\n\tSecurity ID:\t\tS-1-5-19\r\n\tAccount Name:\t\tLOCAL SERVICE\r\n\tAccount Domain:\t\tNT AUTHORITY\r\n\tLogon ID:\t\t0x3E5\r\n\r\nObject:\r\n\tObject Server:\t\tSecurity\r\n\tObject Type:\t\tKey\r\n\tObject Name:\t\t\\REGISTRY\\MACHINE\\SYSTEM\\ControlSet001\\Control\\Lsa\r\n\tHandle ID:\t\t0x7b0\r\n\tResource Attributes:\t-\r\n\r\nProcess Information:\r\n\tProcess ID:\t\t0xb84\r\n\tProcess Name:\t\tC:\\Windows\\System32\\svchost.exe\r\n\r\nAccess Request Information:\r\n\tTransaction ID:\t\t{00000000-0000-0000-0000-000000000000}\r\n\tAccesses:\t\tQuery key value\r\n\t\t\t\t\r\n\tAccess Reasons:\t\t-\r\n\tAccess Mask:\t\t0x1\r\n\tPrivileges Used for Access Check:\t-\r\n\tRestricted SID Count:\t5","Hostname":"WORKSTATION5","ProcessName":"C:\\Windows\\System32\\svchost.exe","ProcessId":"0xb84","AccessReason":"-","RestrictedSidCount":"5","AccessList":"%%4432\n\t\t\t\t","SourceName":"Microsoft-Windows-Security-Auditing","HandleId":"0x7b0","TransactionId":"{00000000-0000-0000-0000-000000000000}"}
{"SubjectUserName":"LOCAL SERVICE","TimeCreated":"2020-10-21 12:19:09.139","SubjectLogonId":"0x3e5","ResourceAttributes":"-","SubjectDomainName":"NT AUTHORITY","ObjectServer":"Security","ObjectType":"Key","SubjectUserSid":"S-1-5-19","EventID":4663,"Channel":"Security","Task":"12801","ObjectName":"\\REGISTRY\\MACHINE\\SYSTEM\\ControlSet001\\Control\\Lsa","AccessMask":"0x1","Message":"An attempt was made to access an object.\r\n\r\nSubject:\r\n\tSecurity ID:\t\tS-1-5-19\r\n\tAccount Name:\t\tLOCAL SERVICE\r\n\tAccount Domain:\t\tNT AUTHORITY\r\n\tLogon ID:\t\t0x3E5\r\n\r\nObject:\r\n\tObject Server:\t\tSecurity\r\n\tObject Type:\t\tKey\r\n\tObject Name:\t\t\\REGISTRY\\MACHINE\\SYSTEM\\ControlSet001\\Control\\Lsa\r\n\tHandle ID:\t\t0x7b0\r\n\tResource Attributes:\t-\r\n\r\nProcess Information:\r\n\tProcess ID:\t\t0xb84\r\n\tProcess Name:\t\tC:\\Windows\\System32\\svchost.exe\r\n\r\nAccess Request Information:\r\n\tAccesses:\t\tQuery key value\r\n\t\t\t\t\r\n\tAccess Mask:\t\t0x1","Hostname":"WORKSTATION5","ProcessName":"C:\\Windows\\System32\\svchost.exe","ProcessId":"0xb84","AccessList":"%%4432\n\t\t\t\t","SourceName":"Microsoft-Windows-Security-Auditing","HandleId":"0x7b0"}
{"SubjectUserName":"LOCAL SERVICE","TimeCreated":"2020-10-21 12:19:09.139","SubjectLogonId":"0x3e5","SubjectDomainName":"NT AUTHORITY","ObjectServer":"Security","SubjectUserSid":"S-1-5-19","EventID":4658,"Channel":"Security","Task":"12801","Message":"The handle to an object was closed.\r\n\r\nSubject :\r\n\tSecurity ID:\t\tS-1-5-19\r\n\tAccount Name:\t\tLOCAL SERVICE\r\n\tAccount Domain:\t\tNT AUTHORITY\r\n\tLogon ID:\t\t0x3E5\r\n\r\nObject:\r\n\tObject Server:\t\tSecurity\r\n\tHandle ID:\t\t0x7b0\r\n\r\nProcess Information:\r\n\tProcess ID:\t\t0xb84\r\n\tProcess Name:\t\tC:\\Windows\\System32\\svchost.exe","Hostname":"WORKSTATION5","ProcessName":"C:\\Windows\\System32\\svchost.exe","ProcessId":"0xb84","SourceName":"Microsoft-Windows-Security-Auditing","HandleId":"0x7b0"}
{"SubjectUserName":"LOCAL SERVICE","TimeCreated":"2020-10-21 12:19:09.139","SubjectLogonId":"0x3e5","SubjectDomainName":"NT AUTHORITY","TargetProcessId":"0x4","SubjectUserSid":"S-1-5-19","SourceHandleId":"0x4c0","EventID":4690,"Channel":"Security","Task":"12807","TargetHandleId":"0x3c9c","Message":"An attempt was made to duplicate a handle to an object.\r\n\r\nSubject:\r\n\tSecurity ID:\t\tS-1-5-19\r\n\tAccount Name:\t\tLOCAL SERVICE\r\n\tAccount Domain:\t\tNT AUTHORITY\r\n\tLogon ID:\t\t0x3E5\r\n\r\nSource Handle Information:\r\n\tSource Handle ID:\t0x4c0\r\n\tSource Process ID:\t0xb84\r\n\r\nNew Handle Information:\r\n\tTarget Handle ID:\t0x3c9c\r\n\tTarget Process ID:\t0x4","Hostname":"WORKSTATION5","SourceProcessId":"0xb84","SourceName":"Microsoft-Windows-Security-Auditing"}
{"SubjectUserName":"LOCAL SERVICE","TimeCreated":"2020-10-21 12:19:09.139","SubjectLogonId":"0x3e5","SubjectDomainName":"NT AUTHORITY","ObjectServer":"Security","SubjectUserSid":"S-1-5-19","EventID":4658,"Channel":"Security","Task":"12801","Message":"The handle to an object was closed.\r\n\r\nSubject :\r\n\tSecurity ID:\t\tS-1-5-19\r\n\tAccount Name:\t\tLOCAL SERVICE\r\n\tAccount Domain:\t\tNT AUTHORITY\r\n\tLogon ID:\t\t0x3E5\r\n\r\nObject:\r\n\tObject Server:\t\tSecurity\r\n\tHandle ID:\t\t0x3c9c\r\n\r\nProcess Information:\r\n\tProcess ID:\t\t0xb84\r\n\tProcess Name:\t\tC:\\Windows\\System32\\svchost.exe","Hostname":"WORKSTATION5","ProcessName":"C:\\Windows\\System32\\svchost.exe","ProcessId":"0xb84","SourceName":"Microsoft-Windows-Security-Auditing","HandleId":"0x3c9c"}
{"SubjectUserName":"LOCAL SERVICE","TimeCreated":"2020-10-21 12:19:09.139","SubjectLogonId":"0x3e5","ResourceAttributes":"-","SubjectDomainName":"NT AUTHORITY","PrivilegeList":"-","ObjectServer":"Security","ObjectType":"Key","SubjectUserSid":"S-1-5-19","EventID":4656,"Channel":"Security","Task":"12801","ObjectName":"\\REGISTRY\\MACHINE\\SYSTEM\\ControlSet001\\Control\\Lsa","AccessMask":"0x1","Message":"A handle to an object was requested.\r\n\r\nSubject:\r\n\tSecurity ID:\t\tS-1-5-19\r\n\tAccount Name:\t\tLOCAL SERVICE\r\n\tAccount Domain:\t\tNT AUTHORITY\r\n\tLogon ID:\t\t0x3E5\r\n\r\nObject:\r\n\tObject Server:\t\tSecurity\r\n\tObject Type:\t\tKey\r\n\tObject Name:\t\t\\REGISTRY\\MACHINE\\SYSTEM\\ControlSet001\\Control\\Lsa\r\n\tHandle ID:\t\t0x4c0\r\n\tResource Attributes:\t-\r\n\r\nProcess Information:\r\n\tProcess ID:\t\t0xb84\r\n\tProcess Name:\t\tC:\\Windows\\System32\\svchost.exe\r\n\r\nAccess Request Information:\r\n\tTransaction ID:\t\t{00000000-0000-0000-0000-000000000000}\r\n\tAccesses:\t\tQuery key value\r\n\t\t\t\t\r\n\tAccess Reasons:\t\t-\r\n\tAccess Mask:\t\t0x1\r\n\tPrivileges Used for Access Check:\t-\r\n\tRestricted SID Count:\t5","Hostname":"WORKSTATION5","ProcessName":"C:\\Windows\\System32\\svchost.exe","ProcessId":"0xb84","AccessReason":"-","RestrictedSidCount":"5","AccessList":"%%4432\n\t\t\t\t","SourceName":"Microsoft-Windows-Security-Auditing","HandleId":"0x4c0","TransactionId":"{00000000-0000-0000-0000-000000000000}"}
{"SubjectUserName":"LOCAL SERVICE","TimeCreated":"2020-10-21 12:19:09.139","SubjectLogonId":"0x3e5","ResourceAttributes":"-","SubjectDomainName":"NT AUTHORITY","ObjectServer":"Security","ObjectType":"Key","SubjectUserSid":"S-1-5-19","EventID":4663,"Channel":"Security","Task":"12801","ObjectName":"\\REGISTRY\\MACHINE\\SYSTEM\\ControlSet001\\Control\\Lsa","AccessMask":"0x1","Message":"An attempt was made to access an object.\r\n\r\nSubject:\r\n\tSecurity ID:\t\tS-1-5-19\r\n\tAccount Name:\t\tLOCAL SERVICE\r\n\tAccount Domain:\t\tNT AUTHORITY\r\n\tLogon ID:\t\t0x3E5\r\n\r\nObject:\r\n\tObject Server:\t\tSecurity\r\n\tObject Type:\t\tKey\r\n\tObject Name:\t\t\\REGISTRY\\MACHINE\\SYSTEM\\ControlSet001\\Control\\Lsa\r\n\tHandle ID:\t\t0x4c0\r\n\tResource Attributes:\t-\r\n\r\nProcess Information:\r\n\tProcess ID:\t\t0xb84\r\n\tProcess Name:\t\tC:\\Windows\\System32\\svchost.exe\r\n\r\nAccess Request Information:\r\n\tAccesses:\t\tQuery key value\r\n\t\t\t\t\r\n\tAccess Mask:\t\t0x1","Hostname":"WORKSTATION5","ProcessName":"C:\\Windows\\System32\\svchost.exe","ProcessId":"0xb84","AccessList":"%%4432\n\t\t\t\t","SourceName":"Microsoft-Windows-Security-Auditing","HandleId":"0x4c0"}
{"SubjectUserName":"LOCAL SERVICE","TimeCreated":"2020-10-21 12:19:09.139","SubjectLogonId":"0x3e5","SubjectDomainName":"NT AUTHORITY","ObjectServer":"Security","SubjectUserSid":"S-1-5-19","EventID":4658,"Channel":"Security","Task":"12801","Message":"The handle to an object was closed.\r\n\r\nSubject :\r\n\tSecurity ID:\t\tS-1-5-19\r\n\tAccount Name:\t\tLOCAL SERVICE\r\n\tAccount Domain:\t\tNT AUTHORITY\r\n\tLogon ID:\t\t0x3E5\r\n\r\nObject:\r\n\tObject Server:\t\tSecurity\r\n\tHandle ID:\t\t0x4c0\r\n\r\nProcess Information:\r\n\tProcess ID:\t\t0xb84\r\n\tProcess Name:\t\tC:\\Windows\\System32\\svchost.exe","Hostname":"WORKSTATION5","ProcessName":"C:\\Windows\\System32\\svchost.exe","ProcessId":"0xb84","SourceName":"Microsoft-Windows-Security-Auditing","HandleId":"0x4c0"}
{"SubjectUserName":"LOCAL SERVICE","TimeCreated":"2020-10-21 12:19:09.140","SubjectLogonId":"0x3e5","SubjectDomainName":"NT AUTHORITY","TargetProcessId":"0x4","SubjectUserSid":"S-1-5-19","SourceHandleId":"0x7c0","EventID":4690,"Channel":"Security","Task":"12807","TargetHandleId":"0x3c9c","Message":"An attempt was made to duplicate a handle to an object.\r\n\r\nSubject:\r\n\tSecurity ID:\t\tS-1-5-19\r\n\tAccount Name:\t\tLOCAL SERVICE\r\n\tAccount Domain:\t\tNT AUTHORITY\r\n\tLogon ID:\t\t0x3E5\r\n\r\nSource Handle Information:\r\n\tSource Handle ID:\t0x7c0\r\n\tSource Process ID:\t0xb84\r\n\r\nNew Handle Information:\r\n\tTarget Handle ID:\t0x3c9c\r\n\tTarget Process ID:\t0x4","Hostname":"WORKSTATION5","SourceProcessId":"0xb84","SourceName":"Microsoft-Windows-Security-Auditing"}
{"SubjectUserName":"LOCAL SERVICE","TimeCreated":"2020-10-21 12:19:09.140","SubjectLogonId":"0x3e5","SubjectDomainName":"NT AUTHORITY","ObjectServer":"Security","SubjectUserSid":"S-1-5-19","EventID":4658,"Channel":"Security","Task":"12801","Message":"The handle to an object was closed.\r\n\r\nSubject :\r\n\tSecurity ID:\t\tS-1-5-19\r\n\tAccount Name:\t\tLOCAL SERVICE\r\n\tAccount Domain:\t\tNT AUTHORITY\r\n\tLogon ID:\t\t0x3E5\r\n\r\nObject:\r\n\tObject Server:\t\tSecurity\r\n\tHandle ID:\t\t0x3c9c\r\n\r\nProcess Information:\r\n\tProcess ID:\t\t0xb84\r\n\tProcess Name:\t\tC:\\Windows\\System32\\svchost.exe","Hostname":"WORKSTATION5","ProcessName":"C:\\Windows\\System32\\svchost.exe","ProcessId":"0xb84","SourceName":"Microsoft-Windows-Security-Auditing","HandleId":"0x3c9c"}
{"SubjectUserName":"LOCAL SERVICE","TimeCreated":"2020-10-21 12:19:09.140","SubjectLogonId":"0x3e5","ResourceAttributes":"-","SubjectDomainName":"NT AUTHORITY","PrivilegeList":"-","ObjectServer":"Security","ObjectType":"Key","SubjectUserSid":"S-1-5-19","EventID":4656,"Channel":"Security","Task":"12801","ObjectName":"\\REGISTRY\\MACHINE\\SYSTEM\\ControlSet001\\Control\\Lsa","AccessMask":"0x1","Message":"A handle to an object was requested.\r\n\r\nSubject:\r\n\tSecurity ID:\t\tS-1-5-19\r\n\tAccount Name:\t\tLOCAL SERVICE\r\n\tAccount Domain:\t\tNT AUTHORITY\r\n\tLogon ID:\t\t0x3E5\r\n\r\nObject:\r\n\tObject Server:\t\tSecurity\r\n\tObject Type:\t\tKey\r\n\tObject Name:\t\t\\REGISTRY\\MACHINE\\SYSTEM\\ControlSet001\\Control\\Lsa\r\n\tHandle ID:\t\t0x7c0\r\n\tResource Attributes:\t-\r\n\r\nProcess Information:\r\n\tProcess ID:\t\t0xb84\r\n\tProcess Name:\t\tC:\\Windows\\System32\\svchost.exe\r\n\r\nAccess Request Information:\r\n\tTransaction ID:\t\t{00000000-0000-0000-0000-000000000000}\r\n\tAccesses:\t\tQuery key value\r\n\t\t\t\t\r\n\tAccess Reasons:\t\t-\r\n\tAccess Mask:\t\t0x1\r\n\tPrivileges Used for Access Check:\t-\r\n\tRestricted SID Count:\t5","Hostname":"WORKSTATION5","ProcessName":"C:\\Windows\\System32\\svchost.exe","ProcessId":"0xb84","AccessReason":"-","RestrictedSidCount":"5","AccessList":"%%4432\n\t\t\t\t","SourceName":"Microsoft-Windows-Security-Auditing","HandleId":"0x7c0","TransactionId":"{00000000-0000-0000-0000-000000000000}"}
{"SubjectUserName":"LOCAL SERVICE","TimeCreated":"2020-10-21 12:19:09.140","SubjectLogonId":"0x3e5","ResourceAttributes":"-","SubjectDomainName":"NT AUTHORITY","ObjectServer":"Security","ObjectType":"Key","SubjectUserSid":"S-1-5-19","EventID":4663,"Channel":"Security","Task":"12801","ObjectName":"\\REGISTRY\\MACHINE\\SYSTEM\\ControlSet001\\Control\\Lsa","AccessMask":"0x1","Message":"An attempt was made to access an object.\r\n\r\nSubject:\r\n\tSecurity ID:\t\tS-1-5-19\r\n\tAccount Name:\t\tLOCAL SERVICE\r\n\tAccount Domain:\t\tNT AUTHORITY\r\n\tLogon ID:\t\t0x3E5\r\n\r\nObject:\r\n\tObject Server:\t\tSecurity\r\n\tObject Type:\t\tKey\r\n\tObject Name:\t\t\\REGISTRY\\MACHINE\\SYSTEM\\ControlSet001\\Control\\Lsa\r\n\tHandle ID:\t\t0x7c0\r\n\tResource Attributes:\t-\r\n\r\nProcess Information:\r\n\tProcess ID:\t\t0xb84\r\n\tProcess Name:\t\tC:\\Windows\\System32\\svchost.exe\r\n\r\nAccess Request Information:\r\n\tAccesses:\t\tQuery key value\r\n\t\t\t\t\r\n\tAccess Mask:\t\t0x1","Hostname":"WORKSTATION5","ProcessName":"C:\\Windows\\System32\\svchost.exe","ProcessId":"0xb84","AccessList":"%%4432\n\t\t\t\t","SourceName":"Microsoft-Windows-Security-Auditing","HandleId":"0x7c0"}
{"SubjectUserName":"LOCAL SERVICE","TimeCreated":"2020-10-21 12:19:09.140","SubjectLogonId":"0x3e5","SubjectDomainName":"NT AUTHORITY","ObjectServer":"Security","SubjectUserSid":"S-1-5-19","EventID":4658,"Channel":"Security","Task":"12801","Message":"The handle to an object was closed.\r\n\r\nSubject :\r\n\tSecurity ID:\t\tS-1-5-19\r\n\tAccount Name:\t\tLOCAL SERVICE\r\n\tAccount Domain:\t\tNT AUTHORITY\r\n\tLogon ID:\t\t0x3E5\r\n\r\nObject:\r\n\tObject Server:\t\tSecurity\r\n\tHandle ID:\t\t0x7c0\r\n\r\nProcess Information:\r\n\tProcess ID:\t\t0xb84\r\n\tProcess Name:\t\tC:\\Windows\\System32\\svchost.exe","Hostname":"WORKSTATION5","ProcessName":"C:\\Windows\\System32\\svchost.exe","ProcessId":"0xb84","SourceName":"Microsoft-Windows-Security-Auditing","HandleId":"0x7c0"}
{"SubjectUserName":"LOCAL SERVICE","TimeCreated":"2020-10-21 12:19:09.140","SubjectLogonId":"0x3e5","SubjectDomainName":"NT AUTHORITY","TargetProcessId":"0x4","SubjectUserSid":"S-1-5-19","SourceHandleId":"0x4c0","EventID":4690,"Channel":"Security","Task":"12807","TargetHandleId":"0x3a60","Message":"An attempt was made to duplicate a handle to an object.\r\n\r\nSubject:\r\n\tSecurity ID:\t\tS-1-5-19\r\n\tAccount Name:\t\tLOCAL SERVICE\r\n\tAccount Domain:\t\tNT AUTHORITY\r\n\tLogon ID:\t\t0x3E5\r\n\r\nSource Handle Information:\r\n\tSource Handle ID:\t0x4c0\r\n\tSource Process ID:\t0xb84\r\n\r\nNew Handle Information:\r\n\tTarget Handle ID:\t0x3a60\r\n\tTarget Process ID:\t0x4","Hostname":"WORKSTATION5","SourceProcessId":"0xb84","SourceName":"Microsoft-Windows-Security-Auditing"}
{"SubjectUserName":"LOCAL SERVICE","TimeCreated":"2020-10-21 12:19:09.140","SubjectLogonId":"0x3e5","SubjectDomainName":"NT AUTHORITY","ObjectServer":"Security","SubjectUserSid":"S-1-5-19","EventID":4658,"Channel":"Security","Task":"12801","Message":"The handle to an object was closed.\r\n\r\nSubject :\r\n\tSecurity ID:\t\tS-1-5-19\r\n\tAccount Name:\t\tLOCAL SERVICE\r\n\tAccount Domain:\t\tNT AUTHORITY\r\n\tLogon ID:\t\t0x3E5\r\n\r\nObject:\r\n\tObject Server:\t\tSecurity\r\n\tHandle ID:\t\t0x3a60\r\n\r\nProcess Information:\r\n\tProcess ID:\t\t0xb84\r\n\tProcess Name:\t\tC:\\Windows\\System32\\svchost.exe","Hostname":"WORKSTATION5","ProcessName":"C:\\Windows\\System32\\svchost.exe","ProcessId":"0xb84","SourceName":"Microsoft-Windows-Security-Auditing","HandleId":"0x3a60"}
{"SubjectUserName":"LOCAL SERVICE","TimeCreated":"2020-10-21 12:19:09.140","SubjectLogonId":"0x3e5","ResourceAttributes":"-","SubjectDomainName":"NT AUTHORITY","PrivilegeList":"-","ObjectServer":"Security","ObjectType":"Key","SubjectUserSid":"S-1-5-19","EventID":4656,"Channel":"Security","Task":"12801","ObjectName":"\\REGISTRY\\MACHINE\\SYSTEM\\ControlSet001\\Control\\Lsa","AccessMask":"0x1","Message":"A handle to an object was requested.\r\n\r\nSubject:\r\n\tSecurity ID:\t\tS-1-5-19\r\n\tAccount Name:\t\tLOCAL SERVICE\r\n\tAccount Domain:\t\tNT AUTHORITY\r\n\tLogon ID:\t\t0x3E5\r\n\r\nObject:\r\n\tObject Server:\t\tSecurity\r\n\tObject Type:\t\tKey\r\n\tObject Name:\t\t\\REGISTRY\\MACHINE\\SYSTEM\\ControlSet001\\Control\\Lsa\r\n\tHandle ID:\t\t0x4c0\r\n\tResource Attributes:\t-\r\n\r\nProcess Information:\r\n\tProcess ID:\t\t0xb84\r\n\tProcess Name:\t\tC:\\Windows\\System32\\svchost.exe\r\n\r\nAccess Request Information:\r\n\tTransaction ID:\t\t{00000000-0000-0000-0000-000000000000}\r\n\tAccesses:\t\tQuery key value\r\n\t\t\t\t\r\n\tAccess Reasons:\t\t-\r\n\tAccess Mask:\t\t0x1\r\n\tPrivileges Used for Access Check:\t-\r\n\tRestricted SID Count:\t5","Hostname":"WORKSTATION5","ProcessName":"C:\\Windows\\System32\\svchost.exe","ProcessId":"0xb84","AccessReason":"-","RestrictedSidCount":"5","AccessList":"%%4432\n\t\t\t\t","SourceName":"Microsoft-Windows-Security-Auditing","HandleId":"0x4c0","TransactionId":"{00000000-0000-0000-0000-000000000000}"}
{"SubjectUserName":"LOCAL SERVICE","TimeCreated":"2020-10-21 12:19:09.140","SubjectLogonId":"0x3e5","ResourceAttributes":"-","SubjectDomainName":"NT AUTHORITY","ObjectServer":"Security","ObjectType":"Key","SubjectUserSid":"S-1-5-19","EventID":4663,"Channel":"Security","Task":"12801","ObjectName":"\\REGISTRY\\MACHINE\\SYSTEM\\ControlSet001\\Control\\Lsa","AccessMask":"0x1","Message":"An attempt was made to access an object.\r\n\r\nSubject:\r\n\tSecurity ID:\t\tS-1-5-19\r\n\tAccount Name:\t\tLOCAL SERVICE\r\n\tAccount Domain:\t\tNT AUTHORITY\r\n\tLogon ID:\t\t0x3E5\r\n\r\nObject:\r\n\tObject Server:\t\tSecurity\r\n\tObject Type:\t\tKey\r\n\tObject Name:\t\t\\REGISTRY\\MACHINE\\SYSTEM\\ControlSet001\\Control\\Lsa\r\n\tHandle ID:\t\t0x4c0\r\n\tResource Attributes:\t-\r\n\r\nProcess Information:\r\n\tProcess ID:\t\t0xb84\r\n\tProcess Name:\t\tC:\\Windows\\System32\\svchost.exe\r\n\r\nAccess Request Information:\r\n\tAccesses:\t\tQuery key value\r\n\t\t\t\t\r\n\tAccess Mask:\t\t0x1","Hostname":"WORKSTATION5","ProcessName":"C:\\Windows\\System32\\svchost.exe","ProcessId":"0xb84","AccessList":"%%4432\n\t\t\t\t","SourceName":"Microsoft-Windows-Security-Auditing","HandleId":"0x4c0"}
{"SubjectUserName":"LOCAL SERVICE","TimeCreated":"2020-10-21 12:19:09.140","SubjectLogonId":"0x3e5","SubjectDomainName":"NT AUTHORITY","ObjectServer":"Security","SubjectUserSid":"S-1-5-19","EventID":4658,"Channel":"Security","Task":"12801","Message":"The handle to an object was closed.\r\n\r\nSubject :\r\n\tSecurity ID:\t\tS-1-5-19\r\n\tAccount Name:\t\tLOCAL SERVICE\r\n\tAccount Domain:\t\tNT AUTHORITY\r\n\tLogon ID:\t\t0x3E5\r\n\r\nObject:\r\n\tObject Server:\t\tSecurity\r\n\tHandle ID:\t\t0x4c0\r\n\r\nProcess Information:\r\n\tProcess ID:\t\t0xb84\r\n\tProcess Name:\t\tC:\\Windows\\System32\\svchost.exe","Hostname":"WORKSTATION5","ProcessName":"C:\\Windows\\System32\\svchost.exe","ProcessId":"0xb84","SourceName":"Microsoft-Windows-Security-Auditing","HandleId":"0x4c0"}
{"SubjectUserName":"LOCAL SERVICE","TimeCreated":"2020-10-21 12:19:09.141","SubjectLogonId":"0x3e5","SubjectDomainName":"NT AUTHORITY","TargetProcessId":"0x4","SubjectUserSid":"S-1-5-19","SourceHandleId":"0x7b0","EventID":4690,"Channel":"Security","Task":"12807","TargetHandleId":"0x16ac","Message":"An attempt was made to duplicate a handle to an object.\r\n\r\nSubject:\r\n\tSecurity ID:\t\tS-1-5-19\r\n\tAccount Name:\t\tLOCAL SERVICE\r\n\tAccount Domain:\t\tNT AUTHORITY\r\n\tLogon ID:\t\t0x3E5\r\n\r\nSource Handle Information:\r\n\tSource Handle ID:\t0x7b0\r\n\tSource Process ID:\t0xb84\r\n\r\nNew Handle Information:\r\n\tTarget Handle ID:\t0x16ac\r\n\tTarget Process ID:\t0x4","Hostname":"WORKSTATION5","SourceProcessId":"0xb84","SourceName":"Microsoft-Windows-Security-Auditing"}
{"SubjectUserName":"LOCAL SERVICE","TimeCreated":"2020-10-21 12:19:09.141","SubjectLogonId":"0x3e5","SubjectDomainName":"NT AUTHORITY","ObjectServer":"Security","SubjectUserSid":"S-1-5-19","EventID":4658,"Channel":"Security","Task":"12801","Message":"The handle to an object was closed.\r\n\r\nSubject :\r\n\tSecurity ID:\t\tS-1-5-19\r\n\tAccount Name:\t\tLOCAL SERVICE\r\n\tAccount Domain:\t\tNT AUTHORITY\r\n\tLogon ID:\t\t0x3E5\r\n\r\nObject:\r\n\tObject Server:\t\tSecurity\r\n\tHandle ID:\t\t0x16ac\r\n\r\nProcess Information:\r\n\tProcess ID:\t\t0xb84\r\n\tProcess Name:\t\tC:\\Windows\\System32\\svchost.exe","Hostname":"WORKSTATION5","ProcessName":"C:\\Windows\\System32\\svchost.exe","ProcessId":"0xb84","SourceName":"Microsoft-Windows-Security-Auditing","HandleId":"0x16ac"}
{"SubjectUserName":"LOCAL SERVICE","TimeCreated":"2020-10-21 12:19:09.141","SubjectLogonId":"0x3e5","ResourceAttributes":"-","SubjectDomainName":"NT AUTHORITY","PrivilegeList":"-","ObjectServer":"Security","ObjectType":"Key","SubjectUserSid":"S-1-5-19","EventID":4656,"Channel":"Security","Task":"12801","ObjectName":"\\REGISTRY\\MACHINE\\SYSTEM\\ControlSet001\\Control\\Lsa","AccessMask":"0x1","Message":"A handle to an object was requested.\r\n\r\nSubject:\r\n\tSecurity ID:\t\tS-1-5-19\r\n\tAccount Name:\t\tLOCAL SERVICE\r\n\tAccount Domain:\t\tNT AUTHORITY\r\n\tLogon ID:\t\t0x3E5\r\n\r\nObject:\r\n\tObject Server:\t\tSecurity\r\n\tObject Type:\t\tKey\r\n\tObject Name:\t\t\\REGISTRY\\MACHINE\\SYSTEM\\ControlSet001\\Control\\Lsa\r\n\tHandle ID:\t\t0x7b0\r\n\tResource Attributes:\t-\r\n\r\nProcess Information:\r\n\tProcess ID:\t\t0xb84\r\n\tProcess Name:\t\tC:\\Windows\\System32\\svchost.exe\r\n\r\nAccess Request Information:\r\n\tTransaction ID:\t\t{00000000-0000-0000-0000-000000000000}\r\n\tAccesses:\t\tQuery key value\r\n\t\t\t\t\r\n\tAccess Reasons:\t\t-\r\n\tAccess Mask:\t\t0x1\r\n\tPrivileges Used for Access Check:\t-\r\n\tRestricted SID Count:\t5","Hostname":"WORKSTATION5","ProcessName":"C:\\Windows\\System32\\svchost.exe","ProcessId":"0xb84","AccessReason":"-","RestrictedSidCount":"5","AccessList":"%%4432\n\t\t\t\t","SourceName":"Microsoft-Windows-Security-Auditing","HandleId":"0x7b0","TransactionId":"{00000000-0000-0000-0000-000000000000}"}
{"SubjectUserName":"LOCAL SERVICE","TimeCreated":"2020-10-21 12:19:09.141","SubjectLogonId":"0x3e5","ResourceAttributes":"-","SubjectDomainName":"NT AUTHORITY","ObjectServer":"Security","ObjectType":"Key","SubjectUserSid":"S-1-5-19","EventID":4663,"Channel":"Security","Task":"12801","ObjectName":"\\REGISTRY\\MACHINE\\SYSTEM\\ControlSet001\\Control\\Lsa","AccessMask":"0x1","Message":"An attempt was made to access an object.\r\n\r\nSubject:\r\n\tSecurity ID:\t\tS-1-5-19\r\n\tAccount Name:\t\tLOCAL SERVICE\r\n\tAccount Domain:\t\tNT AUTHORITY\r\n\tLogon ID:\t\t0x3E5\r\n\r\nObject:\r\n\tObject Server:\t\tSecurity\r\n\tObject Type:\t\tKey\r\n\tObject Name:\t\t\\REGISTRY\\MACHINE\\SYSTEM\\ControlSet001\\Control\\Lsa\r\n\tHandle ID:\t\t0x7b0\r\n\tResource Attributes:\t-\r\n\r\nProcess Information:\r\n\tProcess ID:\t\t0xb84\r\n\tProcess Name:\t\tC:\\Windows\\System32\\svchost.exe\r\n\r\nAccess Request Information:\r\n\tAccesses:\t\tQuery key value\r\n\t\t\t\t\r\n\tAccess Mask:\t\t0x1","Hostname":"WORKSTATION5","ProcessName":"C:\\Windows\\System32\\svchost.exe","ProcessId":"0xb84","AccessList":"%%4432\n\t\t\t\t","SourceName":"Microsoft-Windows-Security-Auditing","HandleId":"0x7b0"}
{"SubjectUserName":"LOCAL SERVICE","TimeCreated":"2020-10-21 12:19:09.141","SubjectLogonId":"0x3e5","SubjectDomainName":"NT AUTHORITY","ObjectServer":"Security","SubjectUserSid":"S-1-5-19","EventID":4658,"Channel":"Security","Task":"12801","Message":"The handle to an object was closed.\r\n\r\nSubject :\r\n\tSecurity ID:\t\tS-1-5-19\r\n\tAccount Name:\t\tLOCAL SERVICE\r\n\tAccount Domain:\t\tNT AUTHORITY\r\n\tLogon ID:\t\t0x3E5\r\n\r\nObject:\r\n\tObject Server:\t\tSecurity\r\n\tHandle ID:\t\t0x7b0\r\n\r\nProcess Information:\r\n\tProcess ID:\t\t0xb84\r\n\tProcess Name:\t\tC:\\Windows\\System32\\svchost.exe","Hostname":"WORKSTATION5","ProcessName":"C:\\Windows\\System32\\svchost.exe","ProcessId":"0xb84","SourceName":"Microsoft-Windows-Security-Auditing","HandleId":"0x7b0"}
{"SubjectUserName":"LOCAL SERVICE","TimeCreated":"2020-10-21 12:19:09.141","SubjectLogonId":"0x3e5","SubjectDomainName":"NT AUTHORITY","TargetProcessId":"0x4","SubjectUserSid":"S-1-5-19","SourceHandleId":"0x7c0","EventID":4690,"Channel":"Security","Task":"12807","TargetHandleId":"0x3c9c","Message":"An attempt was made to duplicate a handle to an object.\r\n\r\nSubject:\r\n\tSecurity ID:\t\tS-1-5-19\r\n\tAccount Name:\t\tLOCAL SERVICE\r\n\tAccount Domain:\t\tNT AUTHORITY\r\n\tLogon ID:\t\t0x3E5\r\n\r\nSource Handle Information:\r\n\tSource Handle ID:\t0x7c0\r\n\tSource Process ID:\t0xb84\r\n\r\nNew Handle Information:\r\n\tTarget Handle ID:\t0x3c9c\r\n\tTarget Process ID:\t0x4","Hostname":"WORKSTATION5","SourceProcessId":"0xb84","SourceName":"Microsoft-Windows-Security-Auditing"}
{"SubjectUserName":"LOCAL SERVICE","TimeCreated":"2020-10-21 12:19:09.141","SubjectLogonId":"0x3e5","SubjectDomainName":"NT AUTHORITY","ObjectServer":"Security","SubjectUserSid":"S-1-5-19","EventID":4658,"Channel":"Security","Task":"12801","Message":"The handle to an object was closed.\r\n\r\nSubject :\r\n\tSecurity ID:\t\tS-1-5-19\r\n\tAccount Name:\t\tLOCAL SERVICE\r\n\tAccount Domain:\t\tNT AUTHORITY\r\n\tLogon ID:\t\t0x3E5\r\n\r\nObject:\r\n\tObject Server:\t\tSecurity\r\n\tHandle ID:\t\t0x3c9c\r\n\r\nProcess Information:\r\n\tProcess ID:\t\t0xb84\r\n\tProcess Name:\t\tC:\\Windows\\System32\\svchost.exe","Hostname":"WORKSTATION5","ProcessName":"C:\\Windows\\System32\\svchost.exe","ProcessId":"0xb84","SourceName":"Microsoft-Windows-Security-Auditing","HandleId":"0x3c9c"}
{"SubjectUserName":"LOCAL SERVICE","TimeCreated":"2020-10-21 12:19:09.141","SubjectLogonId":"0x3e5","ResourceAttributes":"-","SubjectDomainName":"NT AUTHORITY","PrivilegeList":"-","ObjectServer":"Security","ObjectType":"Key","SubjectUserSid":"S-1-5-19","EventID":4656,"Channel":"Security","Task":"12801","ObjectName":"\\REGISTRY\\MACHINE\\SYSTEM\\ControlSet001\\Control\\Lsa","AccessMask":"0x1","Message":"A handle to an object was requested.\r\n\r\nSubject:\r\n\tSecurity ID:\t\tS-1-5-19\r\n\tAccount Name:\t\tLOCAL SERVICE\r\n\tAccount Domain:\t\tNT AUTHORITY\r\n\tLogon ID:\t\t0x3E5\r\n\r\nObject:\r\n\tObject Server:\t\tSecurity\r\n\tObject Type:\t\tKey\r\n\tObject Name:\t\t\\REGISTRY\\MACHINE\\SYSTEM\\ControlSet001\\Control\\Lsa\r\n\tHandle ID:\t\t0x7c0\r\n\tResource Attributes:\t-\r\n\r\nProcess Information:\r\n\tProcess ID:\t\t0xb84\r\n\tProcess Name:\t\tC:\\Windows\\System32\\svchost.exe\r\n\r\nAccess Request Information:\r\n\tTransaction ID:\t\t{00000000-0000-0000-0000-000000000000}\r\n\tAccesses:\t\tQuery key value\r\n\t\t\t\t\r\n\tAccess Reasons:\t\t-\r\n\tAccess Mask:\t\t0x1\r\n\tPrivileges Used for Access Check:\t-\r\n\tRestricted SID Count:\t5","Hostname":"WORKSTATION5","ProcessName":"C:\\Windows\\System32\\svchost.exe","ProcessId":"0xb84","AccessReason":"-","RestrictedSidCount":"5","AccessList":"%%4432\n\t\t\t\t","SourceName":"Microsoft-Windows-Security-Auditing","HandleId":"0x7c0","TransactionId":"{00000000-0000-0000-0000-000000000000}"}
{"SubjectUserName":"LOCAL SERVICE","TimeCreated":"2020-10-21 12:19:09.141","SubjectLogonId":"0x3e5","ResourceAttributes":"-","SubjectDomainName":"NT AUTHORITY","ObjectServer":"Security","ObjectType":"Key","SubjectUserSid":"S-1-5-19","EventID":4663,"Channel":"Security","Task":"12801","ObjectName":"\\REGISTRY\\MACHINE\\SYSTEM\\ControlSet001\\Control\\Lsa","AccessMask":"0x1","Message":"An attempt was made to access an object.\r\n\r\nSubject:\r\n\tSecurity ID:\t\tS-1-5-19\r\n\tAccount Name:\t\tLOCAL SERVICE\r\n\tAccount Domain:\t\tNT AUTHORITY\r\n\tLogon ID:\t\t0x3E5\r\n\r\nObject:\r\n\tObject Server:\t\tSecurity\r\n\tObject Type:\t\tKey\r\n\tObject Name:\t\t\\REGISTRY\\MACHINE\\SYSTEM\\ControlSet001\\Control\\Lsa\r\n\tHandle ID:\t\t0x7c0\r\n\tResource Attributes:\t-\r\n\r\nProcess Information:\r\n\tProcess ID:\t\t0xb84\r\n\tProcess Name:\t\tC:\\Windows\\System32\\svchost.exe\r\n\r\nAccess Request Information:\r\n\tAccesses:\t\tQuery key value\r\n\t\t\t\t\r\n\tAccess Mask:\t\t0x1","Hostname":"WORKSTATION5","ProcessName":"C:\\Windows\\System32\\svchost.exe","ProcessId":"0xb84","AccessList":"%%4432\n\t\t\t\t","SourceName":"Microsoft-Windows-Security-Auditing","HandleId":"0x7c0"}
{"SubjectUserName":"LOCAL SERVICE","TimeCreated":"2020-10-21 12:19:09.141","SubjectLogonId":"0x3e5","SubjectDomainName":"NT AUTHORITY","ObjectServer":"Security","SubjectUserSid":"S-1-5-19","EventID":4658,"Channel":"Security","Task":"12801","Message":"The handle to an object was closed.\r\n\r\nSubject :\r\n\tSecurity ID:\t\tS-1-5-19\r\n\tAccount Name:\t\tLOCAL SERVICE\r\n\tAccount Domain:\t\tNT AUTHORITY\r\n\tLogon ID:\t\t0x3E5\r\n\r\nObject:\r\n\tObject Server:\t\tSecurity\r\n\tHandle ID:\t\t0x7c0\r\n\r\nProcess Information:\r\n\tProcess ID:\t\t0xb84\r\n\tProcess Name:\t\tC:\\Windows\\System32\\svchost.exe","Hostname":"WORKSTATION5","ProcessName":"C:\\Windows\\System32\\svchost.exe","ProcessId":"0xb84","SourceName":"Microsoft-Windows-Security-Auditing","HandleId":"0x7c0"}
{"SubjectUserName":"LOCAL SERVICE","TimeCreated":"2020-10-21 12:19:09.141","SubjectLogonId":"0x3e5","SubjectDomainName":"NT AUTHORITY","TargetProcessId":"0x4","SubjectUserSid":"S-1-5-19","SourceHandleId":"0x5e4","EventID":4690,"Channel":"Security","Task":"12807","TargetHandleId":"0x3620","Message":"An attempt was made to duplicate a handle to an object.\r\n\r\nSubject:\r\n\tSecurity ID:\t\tS-1-5-19\r\n\tAccount Name:\t\tLOCAL SERVICE\r\n\tAccount Domain:\t\tNT AUTHORITY\r\n\tLogon ID:\t\t0x3E5\r\n\r\nSource Handle Information:\r\n\tSource Handle ID:\t0x5e4\r\n\tSource Process ID:\t0xb84\r\n\r\nNew Handle Information:\r\n\tTarget Handle ID:\t0x3620\r\n\tTarget Process ID:\t0x4","Hostname":"WORKSTATION5","SourceProcessId":"0xb84","SourceName":"Microsoft-Windows-Security-Auditing"}
{"SubjectUserName":"LOCAL SERVICE","TimeCreated":"2020-10-21 12:19:09.141","SubjectLogonId":"0x3e5","SubjectDomainName":"NT AUTHORITY","ObjectServer":"Security","SubjectUserSid":"S-1-5-19","EventID":4658,"Channel":"Security","Task":"12801","Message":"The handle to an object was closed.\r\n\r\nSubject :\r\n\tSecurity ID:\t\tS-1-5-19\r\n\tAccount Name:\t\tLOCAL SERVICE\r\n\tAccount Domain:\t\tNT AUTHORITY\r\n\tLogon ID:\t\t0x3E5\r\n\r\nObject:\r\n\tObject Server:\t\tSecurity\r\n\tHandle ID:\t\t0x3620\r\n\r\nProcess Information:\r\n\tProcess ID:\t\t0xb84\r\n\tProcess Name:\t\tC:\\Windows\\System32\\svchost.exe","Hostname":"WORKSTATION5","ProcessName":"C:\\Windows\\System32\\svchost.exe","ProcessId":"0xb84","SourceName":"Microsoft-Windows-Security-Auditing","HandleId":"0x3620"}
{"SubjectUserName":"LOCAL SERVICE","TimeCreated":"2020-10-21 12:19:09.141","SubjectLogonId":"0x3e5","ResourceAttributes":"-","SubjectDomainName":"NT AUTHORITY","PrivilegeList":"-","ObjectServer":"Security","ObjectType":"Key","SubjectUserSid":"S-1-5-19","EventID":4656,"Channel":"Security","Task":"12801","ObjectName":"\\REGISTRY\\MACHINE\\SYSTEM\\ControlSet001\\Control\\Lsa","AccessMask":"0x1","Message":"A handle to an object was requested.\r\n\r\nSubject:\r\n\tSecurity ID:\t\tS-1-5-19\r\n\tAccount Name:\t\tLOCAL SERVICE\r\n\tAccount Domain:\t\tNT AUTHORITY\r\n\tLogon ID:\t\t0x3E5\r\n\r\nObject:\r\n\tObject Server:\t\tSecurity\r\n\tObject Type:\t\tKey\r\n\tObject Name:\t\t\\REGISTRY\\MACHINE\\SYSTEM\\ControlSet001\\Control\\Lsa\r\n\tHandle ID:\t\t0x5e4\r\n\tResource Attributes:\t-\r\n\r\nProcess Information:\r\n\tProcess ID:\t\t0xb84\r\n\tProcess Name:\t\tC:\\Windows\\System32\\svchost.exe\r\n\r\nAccess Request Information:\r\n\tTransaction ID:\t\t{00000000-0000-0000-0000-000000000000}\r\n\tAccesses:\t\tQuery key value\r\n\t\t\t\t\r\n\tAccess Reasons:\t\t-\r\n\tAccess Mask:\t\t0x1\r\n\tPrivileges Used for Access Check:\t-\r\n\tRestricted SID Count:\t5","Hostname":"WORKSTATION5","ProcessName":"C:\\Windows\\System32\\svchost.exe","ProcessId":"0xb84","AccessReason":"-","RestrictedSidCount":"5","AccessList":"%%4432\n\t\t\t\t","SourceName":"Microsoft-Windows-Security-Auditing","HandleId":"0x5e4","TransactionId":"{00000000-0000-0000-0000-000000000000}"}
{"SubjectUserName":"LOCAL SERVICE","TimeCreated":"2020-10-21 12:19:09.141","SubjectLogonId":"0x3e5","ResourceAttributes":"-","SubjectDomainName":"NT AUTHORITY","ObjectServer":"Security","ObjectType":"Key","SubjectUserSid":"S-1-5-19","EventID":4663,"Channel":"Security","Task":"12801","ObjectName":"\\REGISTRY\\MACHINE\\SYSTEM\\ControlSet001\\Control\\Lsa","AccessMask":"0x1","Message":"An attempt was made to access an object.\r\n\r\nSubject:\r\n\tSecurity ID:\t\tS-1-5-19\r\n\tAccount Name:\t\tLOCAL SERVICE\r\n\tAccount Domain:\t\tNT AUTHORITY\r\n\tLogon ID:\t\t0x3E5\r\n\r\nObject:\r\n\tObject Server:\t\tSecurity\r\n\tObject Type:\t\tKey\r\n\tObject Name:\t\t\\REGISTRY\\MACHINE\\SYSTEM\\ControlSet001\\Control\\Lsa\r\n\tHandle ID:\t\t0x5e4\r\n\tResource Attributes:\t-\r\n\r\nProcess Information:\r\n\tProcess ID:\t\t0xb84\r\n\tProcess Name:\t\tC:\\Windows\\System32\\svchost.exe\r\n\r\nAccess Request Information:\r\n\tAccesses:\t\tQuery key value\r\n\t\t\t\t\r\n\tAccess Mask:\t\t0x1","Hostname":"WORKSTATION5","ProcessName":"C:\\Windows\\System32\\svchost.exe","ProcessId":"0xb84","AccessList":"%%4432\n\t\t\t\t","SourceName":"Microsoft-Windows-Security-Auditing","HandleId":"0x5e4"}
{"SubjectUserName":"LOCAL SERVICE","TimeCreated":"2020-10-21 12:19:09.141","SubjectLogonId":"0x3e5","SubjectDomainName":"NT AUTHORITY","ObjectServer":"Security","SubjectUserSid":"S-1-5-19","EventID":4658,"Channel":"Security","Task":"12801","Message":"The handle to an object was closed.\r\n\r\nSubject :\r\n\tSecurity ID:\t\tS-1-5-19\r\n\tAccount Name:\t\tLOCAL SERVICE\r\n\tAccount Domain:\t\tNT AUTHORITY\r\n\tLogon ID:\t\t0x3E5\r\n\r\nObject:\r\n\tObject Server:\t\tSecurity\r\n\tHandle ID:\t\t0x5e4\r\n\r\nProcess Information:\r\n\tProcess ID:\t\t0xb84\r\n\tProcess Name:\t\tC:\\Windows\\System32\\svchost.exe","Hostname":"WORKSTATION5","ProcessName":"C:\\Windows\\System32\\svchost.exe","ProcessId":"0xb84","SourceName":"Microsoft-Windows-Security-Auditing","HandleId":"0x5e4"}
{"SubjectUserName":"LOCAL SERVICE","TimeCreated":"2020-10-21 12:19:09.142","SubjectLogonId":"0x3e5","SubjectDomainName":"NT AUTHORITY","TargetProcessId":"0x4","SubjectUserSid":"S-1-5-19","SourceHandleId":"0x4c0","EventID":4690,"Channel":"Security","Task":"12807","TargetHandleId":"0x3a60","Message":"An attempt was made to duplicate a handle to an object.\r\n\r\nSubject:\r\n\tSecurity ID:\t\tS-1-5-19\r\n\tAccount Name:\t\tLOCAL SERVICE\r\n\tAccount Domain:\t\tNT AUTHORITY\r\n\tLogon ID:\t\t0x3E5\r\n\r\nSource Handle Information:\r\n\tSource Handle ID:\t0x4c0\r\n\tSource Process ID:\t0xb84\r\n\r\nNew Handle Information:\r\n\tTarget Handle ID:\t0x3a60\r\n\tTarget Process ID:\t0x4","Hostname":"WORKSTATION5","SourceProcessId":"0xb84","SourceName":"Microsoft-Windows-Security-Auditing"}
