{"TimeCreated":"2020-10-21 12:19:04.445","SourceName":"Microsoft-Windows-Sysmon","SignatureStatus":"Valid","Signature":"Microsoft Windows","Product":"Microsoft Windows Operating System","Hashes":"SHA1=0B50337E75AFB93240FC7E49045CC3141DCFC01B,MD5=84587E382BC8AA17CEA1128AFAD459B7,SHA256=AA1EFC39F6C3469932F816E17EA3A87BB3DFF8265D571322234435C691EED314,IMPHASH=4FB0C8ACCF918806EAFFAE9F49027D05","UtcTime":"2020-10-21 04:19:04.432","ProcessGuid":"{39e4a257-b6b8-5f8f-710c-000000000700}","Image":"C:\\Windows\\System32\\netsh.exe","ImageLoaded":"C:\\Windows\\System32\\rasman.dll","EventID":7,"Channel":"Microsoft-Windows-Sysmon/Operational","Task":"7","RuleName":"-","FileVersion":"10.0.18362.1 (WinBuild.160101.0800)","Message":"Image loaded:\r\nRuleName: -\r\nUtcTime: 2020-10-21 04:19:04.432\r\nProcessGuid: {39e4a257-b6b8-5f8f-710c-000000000700}\r\nProcessId: 10188\r\nImage: C:\\Windows\\System32\\netsh.exe\r\nImageLoaded: C:\\Windows\\System32\\rasman.dll\r\nFileVersion: 10.0.18362.1 (WinBuild.160101.0800)\r\nDescription: Remote Access Connection Manager\r\nProduct: Microsoft Windows Operating System\r\nCompany: Microsoft Corporation\r\nOriginalFileName: Rasman.dll\r\nHashes: SHA1=0B50337E75AFB93240FC7E49045CC3141DCFC01B,MD5=84587E382BC8AA17CEA1128AFAD459B7,SHA256=AA1EFC39F6C3469932F816E17EA3A87BB3DFF8265D571322234435C691EED314,IMPHASH=4FB0C8ACCF918806EAFFAE9F49027D05\r\nSigned: true\r\nSignature: Microsoft Windows\r\nSignatureStatus: Valid","Hostname":"WORKSTATION5","ProcessId":"10188","Description":"Remote Access Connection Manager","Company":"Microsoft Corporation","Signed":"true","OriginalFileName":"Rasman.dll"}
{"TimeCreated":"2020-10-21 12:19:04.446","SourceName":"Microsoft-Windows-Sysmon","SignatureStatus":"Valid","Signature":"Microsoft Windows","Product":"Microsoft (R) Visual C++","Hashes":"SHA1=CF1B24387A7F84F4085DDEF67AAC735D624C5BBA,MD5=5550EB68E60A0EFCAFA296C8B2AC9303,SHA256=A9FD43B49DB5767C74C8A29A88BCDAFAA7FBBF1BCF82AA122701EAC0B8D3587A,IMPHASH=3A69364AA8583214204D606714D77177","UtcTime":"2020-10-21 04:19:04.432","ProcessGuid":"{39e4a257-b6b8-5f8f-710c-000000000700}","Image":"C:\\Windows\\System32\\netsh.exe","ImageLoaded":"C:\\Windows\\System32\\mfc42u.dll","EventID":7,"Channel":"Microsoft-Windows-Sysmon/Operational","Task":"7","RuleName":"-","FileVersion":"6.06.8063.0","Message":"Image loaded:\r\nRuleName: -\r\nUtcTime: 2020-10-21 04:19:04.432\r\nProcessGuid: {39e4a257-b6b8-5f8f-710c-000000000700}\r\nProcessId: 10188\r\nImage: C:\\Windows\\System32\\netsh.exe\r\nImageLoaded: C:\\Windows\\System32\\mfc42u.dll\r\nFileVersion: 6.06.8063.0\r\nDescription: MFCDLL Shared Library - Retail Version\r\nProduct: Microsoft (R) Visual C++\r\nCompany: Microsoft Corporation\r\nOriginalFileName: MFC42.DLL\r\nHashes: SHA1=CF1B24387A7F84F4085DDEF67AAC735D624C5BBA,MD5=5550EB68E60A0EFCAFA296C8B2AC9303,SHA256=A9FD43B49DB5767C74C8A29A88BCDAFAA7FBBF1BCF82AA122701EAC0B8D3587A,IMPHASH=3A69364AA8583214204D606714D77177\r\nSigned: true\r\nSignature: Microsoft Windows\r\nSignatureStatus: Valid","Hostname":"WORKSTATION5","ProcessId":"10188","Description":"MFCDLL Shared Library - Retail Version","Company":"Microsoft Corporation","Signed":"true","OriginalFileName":"MFC42.DLL"}
{"TimeCreated":"2020-10-21 12:19:04.447","SourceName":"Microsoft-Windows-Sysmon","SignatureStatus":"Valid","Signature":"Microsoft Windows","Product":"Microsoft Windows Operating System","Hashes":"SHA1=C7BA959197D19EC7C8F7707B0D8BBE77E80A9DBE,MD5=D3BAA65CBCA982E5835AE33C2C7513E9,SHA256=56D18A442AD599B04C29D98AB9E2A1983959FB74AB27D4392667A975310754E8,IMPHASH=C908A257ACFAF3BDE15426EE5244D1EB","UtcTime":"2020-10-21 04:19:04.432","ProcessGuid":"{39e4a257-b6b8-5f8f-710c-000000000700}","Image":"C:\\Windows\\System32\\netsh.exe","ImageLoaded":"C:\\Windows\\System32\\ole32.dll","EventID":7,"Channel":"Microsoft-Windows-Sysmon/Operational","Task":"7","RuleName":"-","FileVersion":"10.0.18362.1082 (WinBuild.160101.0800)","Message":"Image loaded:\r\nRuleName: -\r\nUtcTime: 2020-10-21 04:19:04.432\r\nProcessGuid: {39e4a257-b6b8-5f8f-710c-000000000700}\r\nProcessId: 10188\r\nImage: C:\\Windows\\System32\\netsh.exe\r\nImageLoaded: C:\\Windows\\System32\\ole32.dll\r\nFileVersion: 10.0.18362.1082 (WinBuild.160101.0800)\r\nDescription: Microsoft OLE for Windows\r\nProduct: Microsoft Windows Operating System\r\nCompany: Microsoft Corporation\r\nOriginalFileName: OLE32.DLL\r\nHashes: SHA1=C7BA959197D19EC7C8F7707B0D8BBE77E80A9DBE,MD5=D3BAA65CBCA982E5835AE33C2C7513E9,SHA256=56D18A442AD599B04C29D98AB9E2A1983959FB74AB27D4392667A975310754E8,IMPHASH=C908A257ACFAF3BDE15426EE5244D1EB\r\nSigned: true\r\nSignature: Microsoft Windows\r\nSignatureStatus: Valid","Hostname":"WORKSTATION5","ProcessId":"10188","Description":"Microsoft OLE for Windows","Company":"Microsoft Corporation","Signed":"true","OriginalFileName":"OLE32.DLL"}
{"TimeCreated":"2020-10-21 12:19:04.448","SourceName":"Microsoft-Windows-Sysmon","SignatureStatus":"Valid","Signature":"Microsoft Windows","Product":"Microsoft Windows Operating System","Hashes":"SHA1=76BB2AB8D3CB6DB6D23F4771334C9AA9C231B03A,MD5=025CC332EDC4B1A38290F3E36BCEF4FB,SHA256=0FE3C1C575EA1B0257B2EB12527EC35E3004CD88EA5BAEC7095386A9F9EB70AD,IMPHASH=24F54B6761C10BA12481CF6C780605BF","UtcTime":"2020-10-21 04:19:04.432","ProcessGuid":"{39e4a257-b6b8-5f8f-710c-000000000700}","Image":"C:\\Windows\\System32\\netsh.exe","ImageLoaded":"C:\\Windows\\System32\\imm32.dll","EventID":7,"Channel":"Microsoft-Windows-Sysmon/Operational","Task":"7","RuleName":"-","FileVersion":"10.0.18362.387 (WinBuild.160101.0800)","Message":"Image loaded:\r\nRuleName: -\r\nUtcTime: 2020-10-21 04:19:04.432\r\nProcessGuid: {39e4a257-b6b8-5f8f-710c-000000000700}\r\nProcessId: 10188\r\nImage: C:\\Windows\\System32\\netsh.exe\r\nImageLoaded: C:\\Windows\\System32\\imm32.dll\r\nFileVersion: 10.0.18362.387 (WinBuild.160101.0800)\r\nDescription: Multi-User Windows IMM32 API Client DLL\r\nProduct: Microsoft Windows Operating System\r\nCompany: Microsoft Corporation\r\nOriginalFileName: imm32\r\nHashes: SHA1=76BB2AB8D3CB6DB6D23F4771334C9AA9C231B03A,MD5=025CC332EDC4B1A38290F3E36BCEF4FB,SHA256=0FE3C1C575EA1B0257B2EB12527EC35E3004CD88EA5BAEC7095386A9F9EB70AD,IMPHASH=24F54B6761C10BA12481CF6C780605BF\r\nSigned: true\r\nSignature: Microsoft Windows\r\nSignatureStatus: Valid","Hostname":"WORKSTATION5","ProcessId":"10188","Description":"Multi-User Windows IMM32 API Client DLL","Company":"Microsoft Corporation","Signed":"true","OriginalFileName":"imm32"}
{"TimeCreated":"2020-10-21 12:19:04.449","SourceName":"Microsoft-Windows-Sysmon","SignatureStatus":"Valid","Signature":"Microsoft Windows","Product":"Microsoft Windows Operating System","Hashes":"SHA1=7C5E08DFD906154827F7BD682A0B6EDEAD90B068,MD5=861C3F43344F0E75980C01A5CC659374,SHA256=704B2C64D59068ADFEC88B8ADE64E7986F175CD5424B0C8BDCF900B8F6E53B81,IMPHASH=00F2C54CA4DFAA2EC403F13A3C7282BB","UtcTime":"2020-10-21 04:19:04.432","ProcessGuid":"{39e4a257-b6b8-5f8f-710c-000000000700}","Image":"C:\\Windows\\System32\\netsh.exe","ImageLoaded":"C:\\Windows\\System32\\authfwcfg.dll","EventID":7,"Channel":"Microsoft-Windows-Sysmon/Operational","Task":"7","RuleName":"-","FileVersion":"10.0.18362.1 (WinBuild.160101.0800)","Message":"Image loaded:\r\nRuleName: -\r\nUtcTime: 2020-10-21 04:19:04.432\r\nProcessGuid: {39e4a257-b6b8-5f8f-710c-000000000700}\r\nProcessId: 10188\r\nImage: C:\\Windows\\System32\\netsh.exe\r\nImageLoaded: C:\\Windows\\System32\\authfwcfg.dll\r\nFileVersion: 10.0.18362.1 (WinBuild.160101.0800)\r\nDescription: Windows Defender Firewall with Advanced Security Configuration Helper\r\nProduct: Microsoft Windows Operating System\r\nCompany: Microsoft Corporation\r\nOriginalFileName: authfwcfg.dll\r\nHashes: SHA1=7C5E08DFD906154827F7BD682A0B6EDEAD90B068,MD5=861C3F43344F0E75980C01A5CC659374,SHA256=704B2C64D59068ADFEC88B8ADE64E7986F175CD5424B0C8BDCF900B8F6E53B81,IMPHASH=00F2C54CA4DFAA2EC403F13A3C7282BB\r\nSigned: true\r\nSignature: Microsoft Windows\r\nSignatureStatus: Valid","Hostname":"WORKSTATION5","ProcessId":"10188","Description":"Windows Defender Firewall with Advanced Security Configuration Helper","Company":"Microsoft Corporation","Signed":"true","OriginalFileName":"authfwcfg.dll"}
{"TimeCreated":"2020-10-21 12:19:04.449","SourceName":"Microsoft-Windows-Sysmon","SignatureStatus":"Valid","Signature":"Microsoft Windows","Product":"Microsoft Windows Operating System","Hashes":"SHA1=E35585D6C4D1A685552D86A75F0D61B5C437A325,MD5=C302BEC7DF2411CF1C352C6275CF63FA,SHA256=ED87B3C320C428232CEBD3720232908C08FB6E916F7A4B51D78DFE43EF716158,IMPHASH=D4E16A8DDFEDB0C279616A447156C134","UtcTime":"2020-10-21 04:19:04.432","ProcessGuid":"{39e4a257-b6b8-5f8f-710c-000000000700}","Image":"C:\\Windows\\System32\\netsh.exe","ImageLoaded":"C:\\Windows\\System32\\fwpolicyiomgr.dll","EventID":7,"Channel":"Microsoft-Windows-Sysmon/Operational","Task":"7","RuleName":"-","FileVersion":"10.0.18362.449 (WinBuild.160101.0800)","Message":"Image loaded:\r\nRuleName: -\r\nUtcTime: 2020-10-21 04:19:04.432\r\nProcessGuid: {39e4a257-b6b8-5f8f-710c-000000000700}\r\nProcessId: 10188\r\nImage: C:\\Windows\\System32\\netsh.exe\r\nImageLoaded: C:\\Windows\\System32\\fwpolicyiomgr.dll\r\nFileVersion: 10.0.18362.449 (WinBuild.160101.0800)\r\nDescription: FwPolicyIoMgr DLL\r\nProduct: Microsoft Windows Operating System\r\nCompany: Microsoft Corporation\r\nOriginalFileName: FwPolicyIoMgr.dll\r\nHashes: SHA1=E35585D6C4D1A685552D86A75F0D61B5C437A325,MD5=C302BEC7DF2411CF1C352C6275CF63FA,SHA256=ED87B3C320C428232CEBD3720232908C08FB6E916F7A4B51D78DFE43EF716158,IMPHASH=D4E16A8DDFEDB0C279616A447156C134\r\nSigned: true\r\nSignature: Microsoft Windows\r\nSignatureStatus: Valid","Hostname":"WORKSTATION5","ProcessId":"10188","Description":"FwPolicyIoMgr DLL","Company":"Microsoft Corporation","Signed":"true","OriginalFileName":"FwPolicyIoMgr.dll"}
{"TimeCreated":"2020-10-21 12:19:04.450","SourceName":"Microsoft-Windows-Sysmon","SignatureStatus":"Valid","Signature":"Microsoft Windows","Product":"Microsoft Windows Operating System","Hashes":"SHA1=940A10C1A22C1A616E86B30CEB3C4A562FF19548,MD5=03DFF3218B9843EAE0AA10311F159122,SHA256=196729DF38DD674C191813371CC50AECCD85C1680F3604F15A4E1A6D3432237E,IMPHASH=F3548AA51508C0CDE208A3E49F4E3355","UtcTime":"2020-10-21 04:19:04.432","ProcessGuid":"{39e4a257-b6b8-5f8f-710c-000000000700}","Image":"C:\\Windows\\System32\\netsh.exe","ImageLoaded":"C:\\Windows\\System32\\FirewallAPI.dll","EventID":7,"Channel":"Microsoft-Windows-Sysmon/Operational","Task":"7","RuleName":"-","FileVersion":"10.0.18362.900 (WinBuild.160101.0800)","Message":"Image loaded:\r\nRuleName: -\r\nUtcTime: 2020-10-21 04:19:04.432\r\nProcessGuid: {39e4a257-b6b8-5f8f-710c-000000000700}\r\nProcessId: 10188\r\nImage: C:\\Windows\\System32\\netsh.exe\r\nImageLoaded: C:\\Windows\\System32\\FirewallAPI.dll\r\nFileVersion: 10.0.18362.900 (WinBuild.160101.0800)\r\nDescription: Windows Defender Firewall API\r\nProduct: Microsoft Windows Operating System\r\nCompany: Microsoft Corporation\r\nOriginalFileName: FirewallAPI.DLL\r\nHashes: SHA1=940A10C1A22C1A616E86B30CEB3C4A562FF19548,MD5=03DFF3218B9843EAE0AA10311F159122,SHA256=196729DF38DD674C191813371CC50AECCD85C1680F3604F15A4E1A6D3432237E,IMPHASH=F3548AA51508C0CDE208A3E49F4E3355\r\nSigned: true\r\nSignature: Microsoft Windows\r\nSignatureStatus: Valid","Hostname":"WORKSTATION5","ProcessId":"10188","Description":"Windows Defender Firewall API","Company":"Microsoft Corporation","Signed":"true","OriginalFileName":"FirewallAPI.DLL"}
{"TimeCreated":"2020-10-21 12:19:04.454","SourceName":"Microsoft-Windows-Sysmon","SignatureStatus":"Valid","Signature":"Microsoft Windows","Product":"Microsoft Windows Operating System","Hashes":"SHA1=F1909EDE6F17B5B31AFA580DFE3C28485CAA2037,MD5=F1286919D541FF93F1174B0B1F1CF7FD,SHA256=3453BD57B23A211FD45A1BBA0EF84FD3B61E174112D16974B9481A0818C372E5,IMPHASH=D8803D749EB329542778B6CC38924BBA","UtcTime":"2020-10-21 04:19:04.432","ProcessGuid":"{39e4a257-b6b8-5f8f-710c-000000000700}","Image":"C:\\Windows\\System32\\netsh.exe","ImageLoaded":"C:\\Windows\\System32\\dnsapi.dll","EventID":7,"Channel":"Microsoft-Windows-Sysmon/Operational","Task":"7","RuleName":"-","FileVersion":"10.0.18362.1082 (WinBuild.160101.0800)","Message":"Image loaded:\r\nRuleName: -\r\nUtcTime: 2020-10-21 04:19:04.432\r\nProcessGuid: {39e4a257-b6b8-5f8f-710c-000000000700}\r\nProcessId: 10188\r\nImage: C:\\Windows\\System32\\netsh.exe\r\nImageLoaded: C:\\Windows\\System32\\dnsapi.dll\r\nFileVersion: 10.0.18362.1082 (WinBuild.160101.0800)\r\nDescription: DNS Client API DLL\r\nProduct: Microsoft Windows Operating System\r\nCompany: Microsoft Corporation\r\nOriginalFileName: dnsapi\r\nHashes: SHA1=F1909EDE6F17B5B31AFA580DFE3C28485CAA2037,MD5=F1286919D541FF93F1174B0B1F1CF7FD,SHA256=3453BD57B23A211FD45A1BBA0EF84FD3B61E174112D16974B9481A0818C372E5,IMPHASH=D8803D749EB329542778B6CC38924BBA\r\nSigned: true\r\nSignature: Microsoft Windows\r\nSignatureStatus: Valid","Hostname":"WORKSTATION5","ProcessId":"10188","Description":"DNS Client API DLL","Company":"Microsoft Corporation","Signed":"true","OriginalFileName":"dnsapi"}
{"TimeCreated":"2020-10-21 12:19:04.454","SourceName":"Microsoft-Windows-Sysmon","SignatureStatus":"Valid","Signature":"Microsoft Windows","Product":"Microsoft Windows Operating System","Hashes":"SHA1=4118D7E1C3531A1A01FB8924E1A1D470066EEA3F,MD5=9EB93B389D055FA045FC91D2B763B3AC,SHA256=AB620EE31FB65F1A51B2FA28F30BC31329966CB27E3570812138DF99E4D7CC8D,IMPHASH=DEFB8C5BB37FCD63DC790B55724FDE42","UtcTime":"2020-10-21 04:19:04.432","ProcessGuid":"{39e4a257-b6b8-5f8f-710c-000000000700}","Image":"C:\\Windows\\System32\\netsh.exe","ImageLoaded":"C:\\Windows\\System32\\nsi.dll","EventID":7,"Channel":"Microsoft-Windows-Sysmon/Operational","Task":"7","RuleName":"-","FileVersion":"10.0.18362.449 (WinBuild.160101.0800)","Message":"Image loaded:\r\nRuleName: -\r\nUtcTime: 2020-10-21 04:19:04.432\r\nProcessGuid: {39e4a257-b6b8-5f8f-710c-000000000700}\r\nProcessId: 10188\r\nImage: C:\\Windows\\System32\\netsh.exe\r\nImageLoaded: C:\\Windows\\System32\\nsi.dll\r\nFileVersion: 10.0.18362.449 (WinBuild.160101.0800)\r\nDescription: NSI User-mode interface DLL\r\nProduct: Microsoft Windows Operating System\r\nCompany: Microsoft Corporation\r\nOriginalFileName: nsi.dll\r\nHashes: SHA1=4118D7E1C3531A1A01FB8924E1A1D470066EEA3F,MD5=9EB93B389D055FA045FC91D2B763B3AC,SHA256=AB620EE31FB65F1A51B2FA28F30BC31329966CB27E3570812138DF99E4D7CC8D,IMPHASH=DEFB8C5BB37FCD63DC790B55724FDE42\r\nSigned: true\r\nSignature: Microsoft Windows\r\nSignatureStatus: Valid","Hostname":"WORKSTATION5","ProcessId":"10188","Description":"NSI User-mode interface DLL","Company":"Microsoft Corporation","Signed":"true","OriginalFileName":"nsi.dll"}
{"TimeCreated":"2020-10-21 12:19:04.455","SourceName":"Microsoft-Windows-Sysmon","SignatureStatus":"Valid","Signature":"Microsoft Windows","Product":"Microsoft Windows Operating System","Hashes":"SHA1=817DFAC385923FD53A5680323193E9155E2C6381,MD5=8B4BF2DBBC8D5BA6966771C55378D51E,SHA256=AA0E76ACDB8FA185597842BD77E13260562A2A78483195B031C7D84120F5D657,IMPHASH=42D1B06A98233337DA36316767D9D091","UtcTime":"2020-10-21 04:19:04.432","ProcessGuid":"{39e4a257-b6b8-5f8f-710c-000000000700}","Image":"C:\\Windows\\System32\\netsh.exe","ImageLoaded":"C:\\Windows\\System32\\fwbase.dll","EventID":7,"Channel":"Microsoft-Windows-Sysmon/Operational","Task":"7","RuleName":"-","FileVersion":"10.0.18362.449 (WinBuild.160101.0800)","Message":"Image loaded:\r\nRuleName: -\r\nUtcTime: 2020-10-21 04:19:04.432\r\nProcessGuid: {39e4a257-b6b8-5f8f-710c-000000000700}\r\nProcessId: 10188\r\nImage: C:\\Windows\\System32\\netsh.exe\r\nImageLoaded: C:\\Windows\\System32\\fwbase.dll\r\nFileVersion: 10.0.18362.449 (WinBuild.160101.0800)\r\nDescription: Firewall Base DLL\r\nProduct: Microsoft Windows Operating System\r\nCompany: Microsoft Corporation\r\nOriginalFileName: fwbase.dll\r\nHashes: SHA1=817DFAC385923FD53A5680323193E9155E2C6381,MD5=8B4BF2DBBC8D5BA6966771C55378D51E,SHA256=AA0E76ACDB8FA185597842BD77E13260562A2A78483195B031C7D84120F5D657,IMPHASH=42D1B06A98233337DA36316767D9D091\r\nSigned: true\r\nSignature: Microsoft Windows\r\nSignatureStatus: Valid","Hostname":"WORKSTATION5","ProcessId":"10188","Description":"Firewall Base DLL","Company":"Microsoft Corporation","Signed":"true","OriginalFileName":"fwbase.dll"}
{"TimeCreated":"2020-10-21 12:19:04.455","SourceName":"Microsoft-Windows-Sysmon","SignatureStatus":"Valid","Signature":"Microsoft Windows","Product":"Microsoft Windows Operating System","Hashes":"SHA1=11EC5D1DBF0EF2621CF86FA5806208DDFDF73113,MD5=7883761B83B8BA38DFFC09AB506831E5,SHA256=9882FE6C843E852A7D6E194E9B83F4B0B71143971543FDFE31FBE20338C91131,IMPHASH=C1B3CC05B35E77A6FCAA86DF6317628C","UtcTime":"2020-10-21 04:19:04.448","ProcessGuid":"{39e4a257-b6b8-5f8f-710c-000000000700}","Image":"C:\\Windows\\System32\\netsh.exe","ImageLoaded":"C:\\Windows\\System32\\dhcpcmonitor.dll","EventID":7,"Channel":"Microsoft-Windows-Sysmon/Operational","Task":"7","RuleName":"-","FileVersion":"10.0.18362.1 (WinBuild.160101.0800)","Message":"Image loaded:\r\nRuleName: -\r\nUtcTime: 2020-10-21 04:19:04.448\r\nProcessGuid: {39e4a257-b6b8-5f8f-710c-000000000700}\r\nProcessId: 10188\r\nImage: C:\\Windows\\System32\\netsh.exe\r\nImageLoaded: C:\\Windows\\System32\\dhcpcmonitor.dll\r\nFileVersion: 10.0.18362.1 (WinBuild.160101.0800)\r\nDescription: DHCP Client Monitor Dll\r\nProduct: Microsoft Windows Operating System\r\nCompany: Microsoft Corporation\r\nOriginalFileName: dhcpcmonitor.dll\r\nHashes: SHA1=11EC5D1DBF0EF2621CF86FA5806208DDFDF73113,MD5=7883761B83B8BA38DFFC09AB506831E5,SHA256=9882FE6C843E852A7D6E194E9B83F4B0B71143971543FDFE31FBE20338C91131,IMPHASH=C1B3CC05B35E77A6FCAA86DF6317628C\r\nSigned: true\r\nSignature: Microsoft Windows\r\nSignatureStatus: Valid","Hostname":"WORKSTATION5","ProcessId":"10188","Description":"DHCP Client Monitor Dll","Company":"Microsoft Corporation","Signed":"true","OriginalFileName":"dhcpcmonitor.dll"}
{"TimeCreated":"2020-10-21 12:19:04.456","SourceName":"Microsoft-Windows-Sysmon","SignatureStatus":"Valid","Signature":"Microsoft Windows","Product":"Microsoft Windows Operating System","Hashes":"SHA1=7083B1F87BF4B63B38BBDDCA3406D1FB09AE97C8,MD5=405F6A1021BA73872C6CA348A82A17B2,SHA256=690C803A69A71D981BD48CDBB7471F33A66A5CE23BE361B151576CFA91E3496A,IMPHASH=EE29DA81355C13DA2F9BBA37D3F3B408","UtcTime":"2020-10-21 04:19:04.448","ProcessGuid":"{39e4a257-b6b8-5f8f-710c-000000000700}","Image":"C:\\Windows\\System32\\netsh.exe","ImageLoaded":"C:\\Windows\\System32\\dhcpcsvc.dll","EventID":7,"Channel":"Microsoft-Windows-Sysmon/Operational","Task":"7","RuleName":"-","FileVersion":"10.0.18362.1082 (WinBuild.160101.0800)","Message":"Image loaded:\r\nRuleName: -\r\nUtcTime: 2020-10-21 04:19:04.448\r\nProcessGuid: {39e4a257-b6b8-5f8f-710c-000000000700}\r\nProcessId: 10188\r\nImage: C:\\Windows\\System32\\netsh.exe\r\nImageLoaded: C:\\Windows\\System32\\dhcpcsvc.dll\r\nFileVersion: 10.0.18362.1082 (WinBuild.160101.0800)\r\nDescription: DHCP Client Service\r\nProduct: Microsoft Windows Operating System\r\nCompany: Microsoft Corporation\r\nOriginalFileName: dhcpcsvc.dll\r\nHashes: SHA1=7083B1F87BF4B63B38BBDDCA3406D1FB09AE97C8,MD5=405F6A1021BA73872C6CA348A82A17B2,SHA256=690C803A69A71D981BD48CDBB7471F33A66A5CE23BE361B151576CFA91E3496A,IMPHASH=EE29DA81355C13DA2F9BBA37D3F3B408\r\nSigned: true\r\nSignature: Microsoft Windows\r\nSignatureStatus: Valid","Hostname":"WORKSTATION5","ProcessId":"10188","Description":"DHCP Client Service","Company":"Microsoft Corporation","Signed":"true","OriginalFileName":"dhcpcsvc.dll"}
{"TimeCreated":"2020-10-21 12:19:04.456","SourceName":"Microsoft-Windows-Sysmon","SignatureStatus":"Valid","Signature":"Microsoft Windows","Product":"Microsoft Windows Operating System","Hashes":"SHA1=6AFD46673B00480EE744D486DC39231AB34E8744,MD5=481FC6D120A7576E23F0371C0395207C,SHA256=9879658389116B190C503B160CA1AA71B7B86BF2C3A75F08A9E39C5C888B9674,IMPHASH=A08BF41263E3776AD11E1600C12BCA60","UtcTime":"2020-10-21 04:19:04.448","ProcessGuid":"{39e4a257-b6b8-5f8f-710c-000000000700}","Image":"C:\\Windows\\System32\\netsh.exe","ImageLoaded":"C:\\Windows\\System32\\dhcpcsvc6.dll","EventID":7,"Channel":"Microsoft-Windows-Sysmon/Operational","Task":"7","RuleName":"-","FileVersion":"10.0.18362.1082 (WinBuild.160101.0800)","Message":"Image loaded:\r\nRuleName: -\r\nUtcTime: 2020-10-21 04:19:04.448\r\nProcessGuid: {39e4a257-b6b8-5f8f-710c-000000000700}\r\nProcessId: 10188\r\nImage: C:\\Windows\\System32\\netsh.exe\r\nImageLoaded: C:\\Windows\\System32\\dhcpcsvc6.dll\r\nFileVersion: 10.0.18362.1082 (WinBuild.160101.0800)\r\nDescription: DHCPv6 Client\r\nProduct: Microsoft Windows Operating System\r\nCompany: Microsoft Corporation\r\nOriginalFileName: dhcpcsvc6.dll\r\nHashes: SHA1=6AFD46673B00480EE744D486DC39231AB34E8744,MD5=481FC6D120A7576E23F0371C0395207C,SHA256=9879658389116B190C503B160CA1AA71B7B86BF2C3A75F08A9E39C5C888B9674,IMPHASH=A08BF41263E3776AD11E1600C12BCA60\r\nSigned: true\r\nSignature: Microsoft Windows\r\nSignatureStatus: Valid","Hostname":"WORKSTATION5","ProcessId":"10188","Description":"DHCPv6 Client","Company":"Microsoft Corporation","Signed":"true","OriginalFileName":"dhcpcsvc6.dll"}
{"TimeCreated":"2020-10-21 12:19:04.457","SourceName":"Microsoft-Windows-Sysmon","SignatureStatus":"Valid","Signature":"Microsoft Windows","Product":"Microsoft Windows Operating System","Hashes":"SHA1=85E520786B6C6D694681336B1EEB904A90898F52,MD5=CCD5AF09E6F3D5CEC97A37CDA6D039F1,SHA256=FA8BC202ECF72E76FD73E8B148D77C18B3E3DFA0188F942D7B5FCC794F7FA721,IMPHASH=EAE9A91E5EFCBE9645188FC8CB719B9F","UtcTime":"2020-10-21 04:19:04.448","ProcessGuid":"{39e4a257-b6b8-5f8f-710c-000000000700}","Image":"C:\\Windows\\System32\\netsh.exe","ImageLoaded":"C:\\Windows\\System32\\dot3cfg.dll","EventID":7,"Channel":"Microsoft-Windows-Sysmon/Operational","Task":"7","RuleName":"-","FileVersion":"10.0.18362.1 (WinBuild.160101.0800)","Message":"Image loaded:\r\nRuleName: -\r\nUtcTime: 2020-10-21 04:19:04.448\r\nProcessGuid: {39e4a257-b6b8-5f8f-710c-000000000700}\r\nProcessId: 10188\r\nImage: C:\\Windows\\System32\\netsh.exe\r\nImageLoaded: C:\\Windows\\System32\\dot3cfg.dll\r\nFileVersion: 10.0.18362.1 (WinBuild.160101.0800)\r\nDescription: 802.3 Netsh Helper\r\nProduct: Microsoft Windows Operating System\r\nCompany: Microsoft Corporation\r\nOriginalFileName: dot3cfg.dll\r\nHashes: SHA1=85E520786B6C6D694681336B1EEB904A90898F52,MD5=CCD5AF09E6F3D5CEC97A37CDA6D039F1,SHA256=FA8BC202ECF72E76FD73E8B148D77C18B3E3DFA0188F942D7B5FCC794F7FA721,IMPHASH=EAE9A91E5EFCBE9645188FC8CB719B9F\r\nSigned: true\r\nSignature: Microsoft Windows\r\nSignatureStatus: Valid","Hostname":"WORKSTATION5","ProcessId":"10188","Description":"802.3 Netsh Helper","Company":"Microsoft Corporation","Signed":"true","OriginalFileName":"dot3cfg.dll"}
{"TimeCreated":"2020-10-21 12:19:04.458","SourceName":"Microsoft-Windows-Sysmon","SignatureStatus":"Valid","Signature":"Microsoft Windows","Product":"Microsoft Windows Operating System","Hashes":"SHA1=85FCA05717A6B798879FEFFD575FA91CE41C95E1,MD5=B661D217AA20ACADEFE4B91EDB81991B,SHA256=F9E3A4EB95CF9760296E7AD5EF9FAB9B51E2BB0EE924E8672F48A22D343BCBEE,IMPHASH=772AEF8276E297582785AF7AF77E787A","UtcTime":"2020-10-21 04:19:04.448","ProcessGuid":"{39e4a257-b6b8-5f8f-710c-000000000700}","Image":"C:\\Windows\\System32\\netsh.exe","ImageLoaded":"C:\\Windows\\System32\\dot3api.dll","EventID":7,"Channel":"Microsoft-Windows-Sysmon/Operational","Task":"7","RuleName":"-","FileVersion":"10.0.18362.778 (WinBuild.160101.0800)","Message":"Image loaded:\r\nRuleName: -\r\nUtcTime: 2020-10-21 04:19:04.448\r\nProcessGuid: {39e4a257-b6b8-5f8f-710c-000000000700}\r\nProcessId: 10188\r\nImage: C:\\Windows\\System32\\netsh.exe\r\nImageLoaded: C:\\Windows\\System32\\dot3api.dll\r\nFileVersion: 10.0.18362.778 (WinBuild.160101.0800)\r\nDescription: 802.3 Autoconfiguration API\r\nProduct: Microsoft Windows Operating System\r\nCompany: Microsoft Corporation\r\nOriginalFileName: dot3api.dll\r\nHashes: SHA1=85FCA05717A6B798879FEFFD575FA91CE41C95E1,MD5=B661D217AA20ACADEFE4B91EDB81991B,SHA256=F9E3A4EB95CF9760296E7AD5EF9FAB9B51E2BB0EE924E8672F48A22D343BCBEE,IMPHASH=772AEF8276E297582785AF7AF77E787A\r\nSigned: true\r\nSignature: Microsoft Windows\r\nSignatureStatus: Valid","Hostname":"WORKSTATION5","ProcessId":"10188","Description":"802.3 Autoconfiguration API","Company":"Microsoft Corporation","Signed":"true","OriginalFileName":"dot3api.dll"}
{"TimeCreated":"2020-10-21 12:19:04.458","SourceName":"Microsoft-Windows-Sysmon","SignatureStatus":"Valid","Signature":"Microsoft Windows","Product":"Microsoft Windows Operating System","Hashes":"SHA1=7DEFCE05230E19B44A4A16E5DF515D694C98525F,MD5=DA5A58889982B7F965C514AD45AD5E55,SHA256=96175C68D788AB17481AE5C5625EC6DCFFD1D44AE87CC23560F875B58A6B4D58,IMPHASH=CFB1C964CCCC2E4E07CA91650DC263F9","UtcTime":"2020-10-21 04:19:04.448","ProcessGuid":"{39e4a257-b6b8-5f8f-710c-000000000700}","Image":"C:\\Windows\\System32\\netsh.exe","ImageLoaded":"C:\\Windows\\System32\\onex.dll","EventID":7,"Channel":"Microsoft-Windows-Sysmon/Operational","Task":"7","RuleName":"-","FileVersion":"10.0.18362.1 (WinBuild.160101.0800)","Message":"Image loaded:\r\nRuleName: -\r\nUtcTime: 2020-10-21 04:19:04.448\r\nProcessGuid: {39e4a257-b6b8-5f8f-710c-000000000700}\r\nProcessId: 10188\r\nImage: C:\\Windows\\System32\\netsh.exe\r\nImageLoaded: C:\\Windows\\System32\\onex.dll\r\nFileVersion: 10.0.18362.1 (WinBuild.160101.0800)\r\nDescription: IEEE 802.1X supplicant library\r\nProduct: Microsoft Windows Operating System\r\nCompany: Microsoft Corporation\r\nOriginalFileName: onex.dll\r\nHashes: SHA1=7DEFCE05230E19B44A4A16E5DF515D694C98525F,MD5=DA5A58889982B7F965C514AD45AD5E55,SHA256=96175C68D788AB17481AE5C5625EC6DCFFD1D44AE87CC23560F875B58A6B4D58,IMPHASH=CFB1C964CCCC2E4E07CA91650DC263F9\r\nSigned: true\r\nSignature: Microsoft Windows\r\nSignatureStatus: Valid","Hostname":"WORKSTATION5","ProcessId":"10188","Description":"IEEE 802.1X supplicant library","Company":"Microsoft Corporation","Signed":"true","OriginalFileName":"onex.dll"}
{"TimeCreated":"2020-10-21 12:19:04.459","SourceName":"Microsoft-Windows-Sysmon","SignatureStatus":"Valid","Signature":"Microsoft Windows","Product":"Microsoft Windows Operating System","Hashes":"SHA1=F49964A73238B4FA6BE5C25E1060ABA6C0EEE52B,MD5=FF1EF5A267E237E061D6CF7655C61502,SHA256=53E8C9D12372004D56D489231C29134FCE6C39AE14F00682559E29D41DD4D7BD,IMPHASH=4458CB6DE6246C2447EE885DE013644D","UtcTime":"2020-10-21 04:19:04.448","ProcessGuid":"{39e4a257-b6b8-5f8f-710c-000000000700}","Image":"C:\\Windows\\System32\\netsh.exe","ImageLoaded":"C:\\Windows\\System32\\ncrypt.dll","EventID":7,"Channel":"Microsoft-Windows-Sysmon/Operational","Task":"7","RuleName":"-","FileVersion":"10.0.18362.1 (WinBuild.160101.0800)","Message":"Image loaded:\r\nRuleName: -\r\nUtcTime: 2020-10-21 04:19:04.448\r\nProcessGuid: {39e4a257-b6b8-5f8f-710c-000000000700}\r\nProcessId: 10188\r\nImage: C:\\Windows\\System32\\netsh.exe\r\nImageLoaded: C:\\Windows\\System32\\ncrypt.dll\r\nFileVersion: 10.0.18362.1 (WinBuild.160101.0800)\r\nDescription: Windows NCrypt Router\r\nProduct: Microsoft Windows Operating System\r\nCompany: Microsoft Corporation\r\nOriginalFileName: ncrypt.dll\r\nHashes: SHA1=F49964A73238B4FA6BE5C25E1060ABA6C0EEE52B,MD5=FF1EF5A267E237E061D6CF7655C61502,SHA256=53E8C9D12372004D56D489231C29134FCE6C39AE14F00682559E29D41DD4D7BD,IMPHASH=4458CB6DE6246C2447EE885DE013644D\r\nSigned: true\r\nSignature: Microsoft Windows\r\nSignatureStatus: Valid","Hostname":"WORKSTATION5","ProcessId":"10188","Description":"Windows NCrypt Router","Company":"Microsoft Corporation","Signed":"true","OriginalFileName":"ncrypt.dll"}
{"TimeCreated":"2020-10-21 12:19:04.459","SourceName":"Microsoft-Windows-Sysmon","SignatureStatus":"Valid","Signature":"Microsoft Windows","Product":"Microsoft Windows Operating System","Hashes":"SHA1=08A8B8E8750932C69C4DEC58D6F1F4284B05471B,MD5=D81F5BEF648594E66C7B2978C7AAA75D,SHA256=9E333BB28A3807075DFD0F9958D160DB223DD92BE44AAF420CADCF7866E10A8B,IMPHASH=160B8EB8881ABCB0BF09BA20AB62D64D","UtcTime":"2020-10-21 04:19:04.448","ProcessGuid":"{39e4a257-b6b8-5f8f-710c-000000000700}","Image":"C:\\Windows\\System32\\netsh.exe","ImageLoaded":"C:\\Windows\\System32\\eappcfg.dll","EventID":7,"Channel":"Microsoft-Windows-Sysmon/Operational","Task":"7","RuleName":"-","FileVersion":"10.0.18362.1 (WinBuild.160101.0800)","Message":"Image loaded:\r\nRuleName: -\r\nUtcTime: 2020-10-21 04:19:04.448\r\nProcessGuid: {39e4a257-b6b8-5f8f-710c-000000000700}\r\nProcessId: 10188\r\nImage: C:\\Windows\\System32\\netsh.exe\r\nImageLoaded: C:\\Windows\\System32\\eappcfg.dll\r\nFileVersion: 10.0.18362.1 (WinBuild.160101.0800)\r\nDescription: Eap Peer Config\r\nProduct: Microsoft Windows Operating System\r\nCompany: Microsoft Corporation\r\nOriginalFileName: eappcfg.DLL\r\nHashes: SHA1=08A8B8E8750932C69C4DEC58D6F1F4284B05471B,MD5=D81F5BEF648594E66C7B2978C7AAA75D,SHA256=9E333BB28A3807075DFD0F9958D160DB223DD92BE44AAF420CADCF7866E10A8B,IMPHASH=160B8EB8881ABCB0BF09BA20AB62D64D\r\nSigned: true\r\nSignature: Microsoft Windows\r\nSignatureStatus: Valid","Hostname":"WORKSTATION5","ProcessId":"10188","Description":"Eap Peer Config","Company":"Microsoft Corporation","Signed":"true","OriginalFileName":"eappcfg.DLL"}
{"TimeCreated":"2020-10-21 12:19:04.460","SourceName":"Microsoft-Windows-Sysmon","SignatureStatus":"Valid","Signature":"Microsoft Windows","Product":"Microsoft Windows Operating System","Hashes":"SHA1=2097E00037894CDBFEFDFF14AA0682E65F1DB072,MD5=B7BE410B22042C4320DE48C59081F839,SHA256=1B8B56F5DF00E0ADBBF0B5C65152C1973D8FD104D20030B497938CDCD5D8FB95,IMPHASH=ED3A0647D2E4C61CB3BFAA8B85920D93","UtcTime":"2020-10-21 04:19:04.448","ProcessGuid":"{39e4a257-b6b8-5f8f-710c-000000000700}","Image":"C:\\Windows\\System32\\netsh.exe","ImageLoaded":"C:\\Windows\\System32\\eappprxy.dll","EventID":7,"Channel":"Microsoft-Windows-Sysmon/Operational","Task":"7","RuleName":"-","FileVersion":"10.0.18362.1 (WinBuild.160101.0800)","Message":"Image loaded:\r\nRuleName: -\r\nUtcTime: 2020-10-21 04:19:04.448\r\nProcessGuid: {39e4a257-b6b8-5f8f-710c-000000000700}\r\nProcessId: 10188\r\nImage: C:\\Windows\\System32\\netsh.exe\r\nImageLoaded: C:\\Windows\\System32\\eappprxy.dll\r\nFileVersion: 10.0.18362.1 (WinBuild.160101.0800)\r\nDescription: Microsoft EAPHost Peer Client DLL\r\nProduct: Microsoft Windows Operating System\r\nCompany: Microsoft Corporation\r\nOriginalFileName: eappprxy.dll\r\nHashes: SHA1=2097E00037894CDBFEFDFF14AA0682E65F1DB072,MD5=B7BE410B22042C4320DE48C59081F839,SHA256=1B8B56F5DF00E0ADBBF0B5C65152C1973D8FD104D20030B497938CDCD5D8FB95,IMPHASH=ED3A0647D2E4C61CB3BFAA8B85920D93\r\nSigned: true\r\nSignature: Microsoft Windows\r\nSignatureStatus: Valid","Hostname":"WORKSTATION5","ProcessId":"10188","Description":"Microsoft EAPHost Peer Client DLL","Company":"Microsoft Corporation","Signed":"true","OriginalFileName":"eappprxy.dll"}
{"TimeCreated":"2020-10-21 12:19:04.461","SourceName":"Microsoft-Windows-Sysmon","SignatureStatus":"Valid","Signature":"Microsoft Windows","Product":"Microsoft Windows Operating System","Hashes":"SHA1=A2D12FF45777950F1E84B4B97E387DD08CA21E9E,MD5=0365BBD35F91F2E3990A72DF66572586,SHA256=C1979FED6A92EB1864EC03F1ACEEDA4455D1FD498C460BD52E469054ACD7B953,IMPHASH=F7100EF886430CB1ABAF38BE7BB05DEF","UtcTime":"2020-10-21 04:19:04.448","ProcessGuid":"{39e4a257-b6b8-5f8f-710c-000000000700}","Image":"C:\\Windows\\System32\\netsh.exe","ImageLoaded":"C:\\Windows\\System32\\ntasn1.dll","EventID":7,"Channel":"Microsoft-Windows-Sysmon/Operational","Task":"7","RuleName":"-","FileVersion":"10.0.18362.1 (WinBuild.160101.0800)","Message":"Image loaded:\r\nRuleName: -\r\nUtcTime: 2020-10-21 04:19:04.448\r\nProcessGuid: {39e4a257-b6b8-5f8f-710c-000000000700}\r\nProcessId: 10188\r\nImage: C:\\Windows\\System32\\netsh.exe\r\nImageLoaded: C:\\Windows\\System32\\ntasn1.dll\r\nFileVersion: 10.0.18362.1 (WinBuild.160101.0800)\r\nDescription: Microsoft ASN.1 API\r\nProduct: Microsoft Windows Operating System\r\nCompany: Microsoft Corporation\r\nOriginalFileName: ntasn1.dll\r\nHashes: SHA1=A2D12FF45777950F1E84B4B97E387DD08CA21E9E,MD5=0365BBD35F91F2E3990A72DF66572586,SHA256=C1979FED6A92EB1864EC03F1ACEEDA4455D1FD498C460BD52E469054ACD7B953,IMPHASH=F7100EF886430CB1ABAF38BE7BB05DEF\r\nSigned: true\r\nSignature: Microsoft Windows\r\nSignatureStatus: Valid","Hostname":"WORKSTATION5","ProcessId":"10188","Description":"Microsoft ASN.1 API","Company":"Microsoft Corporation","Signed":"true","OriginalFileName":"ntasn1.dll"}
{"TimeCreated":"2020-10-21 12:19:04.461","SourceName":"Microsoft-Windows-Sysmon","SignatureStatus":"Valid","Signature":"Microsoft Windows","Product":"Microsoft Windows Operating System","Hashes":"SHA1=3AD0337073AD6AAF8D4A5081C925ECBF59C58842,MD5=CFA6599264D7400375931B0D3CA6A576,SHA256=817125FAA6EA9C702EA446FB8AED3A5C6CFE7907AACA9F89C64E3DDC78B736B4,IMPHASH=0EC871F8C44DB2CA18B8E9AAAE1E8240","UtcTime":"2020-10-21 04:19:04.448","ProcessGuid":"{39e4a257-b6b8-5f8f-710c-000000000700}","Image":"C:\\Windows\\System32\\netsh.exe","ImageLoaded":"C:\\Windows\\System32\\fwcfg.dll","EventID":7,"Channel":"Microsoft-Windows-Sysmon/Operational","Task":"7","RuleName":"-","FileVersion":"10.0.18362.1 (WinBuild.160101.0800)","Message":"Image loaded:\r\nRuleName: -\r\nUtcTime: 2020-10-21 04:19:04.448\r\nProcessGuid: {39e4a257-b6b8-5f8f-710c-000000000700}\r\nProcessId: 10188\r\nImage: C:\\Windows\\System32\\netsh.exe\r\nImageLoaded: C:\\Windows\\System32\\fwcfg.dll\r\nFileVersion: 10.0.18362.1 (WinBuild.160101.0800)\r\nDescription: Windows Defender Firewall Configuration Helper\r\nProduct: Microsoft Windows Operating System\r\nCompany: Microsoft Corporation\r\nOriginalFileName: fwcfg.dll\r\nHashes: SHA1=3AD0337073AD6AAF8D4A5081C925ECBF59C58842,MD5=CFA6599264D7400375931B0D3CA6A576,SHA256=817125FAA6EA9C702EA446FB8AED3A5C6CFE7907AACA9F89C64E3DDC78B736B4,IMPHASH=0EC871F8C44DB2CA18B8E9AAAE1E8240\r\nSigned: true\r\nSignature: Microsoft Windows\r\nSignatureStatus: Valid","Hostname":"WORKSTATION5","ProcessId":"10188","Description":"Windows Defender Firewall Configuration Helper","Company":"Microsoft Corporation","Signed":"true","OriginalFileName":"fwcfg.dll"}
{"TimeCreated":"2020-10-21 12:19:04.462","SourceName":"Microsoft-Windows-Sysmon","SignatureStatus":"Valid","Signature":"Microsoft Windows","Product":"Microsoft Windows Operating System","Hashes":"SHA1=BA81C9FB29650381B541D68AA75281DADB048B0F,MD5=E38DB69B19BC3052F13EA927A1F4244C,SHA256=92813E569F68E9DE62B3C86911FF7E7FAB1BDBBFAB283B4B630235D856913ABE,IMPHASH=0B9EA8568C545A22994C3072AE81182B","UtcTime":"2020-10-21 04:19:04.448","ProcessGuid":"{39e4a257-b6b8-5f8f-710c-000000000700}","Image":"C:\\Windows\\System32\\netsh.exe","ImageLoaded":"C:\\Windows\\System32\\hnetmon.dll","EventID":7,"Channel":"Microsoft-Windows-Sysmon/Operational","Task":"7","RuleName":"-","FileVersion":"10.0.18362.1 (WinBuild.160101.0800)","Message":"Image loaded:\r\nRuleName: -\r\nUtcTime: 2020-10-21 04:19:04.448\r\nProcessGuid: {39e4a257-b6b8-5f8f-710c-000000000700}\r\nProcessId: 10188\r\nImage: C:\\Windows\\System32\\netsh.exe\r\nImageLoaded: C:\\Windows\\System32\\hnetmon.dll\r\nFileVersion: 10.0.18362.1 (WinBuild.160101.0800)\r\nDescription: Home Networking Monitor DLL\r\nProduct: Microsoft Windows Operating System\r\nCompany: Microsoft Corporation\r\nOriginalFileName: hnetmon.dll\r\nHashes: SHA1=BA81C9FB29650381B541D68AA75281DADB048B0F,MD5=E38DB69B19BC3052F13EA927A1F4244C,SHA256=92813E569F68E9DE62B3C86911FF7E7FAB1BDBBFAB283B4B630235D856913ABE,IMPHASH=0B9EA8568C545A22994C3072AE81182B\r\nSigned: true\r\nSignature: Microsoft Windows\r\nSignatureStatus: Valid","Hostname":"WORKSTATION5","ProcessId":"10188","Description":"Home Networking Monitor DLL","Company":"Microsoft Corporation","Signed":"true","OriginalFileName":"hnetmon.dll"}
{"TimeCreated":"2020-10-21 12:19:04.462","SourceName":"Microsoft-Windows-Sysmon","SignatureStatus":"Valid","Signature":"Microsoft Windows","Product":"Microsoft Windows Operating System","Hashes":"SHA1=22E59824EE09A87FA5BC4D18238E59F378501CC7,MD5=2CF5392394F28FAB2CB0B3F652BAA9D1,SHA256=0037B7C22738BA56BC9DAED7306E25A214F72AF211856A5479C95CF3FC0F0CD8,IMPHASH=6C345CD029DD4DC575835B219DB2FD45","UtcTime":"2020-10-21 04:19:04.448","ProcessGuid":"{39e4a257-b6b8-5f8f-710c-000000000700}","Image":"C:\\Windows\\System32\\netsh.exe","ImageLoaded":"C:\\Windows\\System32\\netshell.dll","EventID":7,"Channel":"Microsoft-Windows-Sysmon/Operational","Task":"7","RuleName":"-","FileVersion":"10.0.18362.900 (WinBuild.160101.0800)","Message":"Image loaded:\r\nRuleName: -\r\nUtcTime: 2020-10-21 04:19:04.448\r\nProcessGuid: {39e4a257-b6b8-5f8f-710c-000000000700}\r\nProcessId: 10188\r\nImage: C:\\Windows\\System32\\netsh.exe\r\nImageLoaded: C:\\Windows\\System32\\netshell.dll\r\nFileVersion: 10.0.18362.900 (WinBuild.160101.0800)\r\nDescription: Network Connections Shell\r\nProduct: Microsoft Windows Operating System\r\nCompany: Microsoft Corporation\r\nOriginalFileName: netshell.dll\r\nHashes: SHA1=22E59824EE09A87FA5BC4D18238E59F378501CC7,MD5=2CF5392394F28FAB2CB0B3F652BAA9D1,SHA256=0037B7C22738BA56BC9DAED7306E25A214F72AF211856A5479C95CF3FC0F0CD8,IMPHASH=6C345CD029DD4DC575835B219DB2FD45\r\nSigned: true\r\nSignature: Microsoft Windows\r\nSignatureStatus: Valid","Hostname":"WORKSTATION5","ProcessId":"10188","Description":"Network Connections Shell","Company":"Microsoft Corporation","Signed":"true","OriginalFileName":"netshell.dll"}
{"TimeCreated":"2020-10-21 12:19:04.462","SourceName":"Microsoft-Windows-Sysmon","SignatureStatus":"Valid","Signature":"Microsoft Windows","Product":"Microsoft Windows Operating System","Hashes":"SHA1=9074DF3335B785BB00B43AE76ACC66B799118FAE,MD5=BFB85A9022324E41FCEC5011BCB5FD23,SHA256=3CDA144CFB6278DA47267FE1E1FE258716A074C3D3DD8413B259DA7DA1039871,IMPHASH=6659A49ABF33952444C5A7FA22FD9032","UtcTime":"2020-10-21 04:19:04.448","ProcessGuid":"{39e4a257-b6b8-5f8f-710c-000000000700}","Image":"C:\\Windows\\System32\\netsh.exe","ImageLoaded":"C:\\Windows\\System32\\shlwapi.dll","EventID":7,"Channel":"Microsoft-Windows-Sysmon/Operational","Task":"7","RuleName":"-","FileVersion":"10.0.18362.1 (WinBuild.160101.0800)","Message":"Image loaded:\r\nRuleName: -\r\nUtcTime: 2020-10-21 04:19:04.448\r\nProcessGuid: {39e4a257-b6b8-5f8f-710c-000000000700}\r\nProcessId: 10188\r\nImage: C:\\Windows\\System32\\netsh.exe\r\nImageLoaded: C:\\Windows\\System32\\shlwapi.dll\r\nFileVersion: 10.0.18362.1 (WinBuild.160101.0800)\r\nDescription: Shell Light-weight Utility Library\r\nProduct: Microsoft Windows Operating System\r\nCompany: Microsoft Corporation\r\nOriginalFileName: SHLWAPI.DLL\r\nHashes: SHA1=9074DF3335B785BB00B43AE76ACC66B799118FAE,MD5=BFB85A9022324E41FCEC5011BCB5FD23,SHA256=3CDA144CFB6278DA47267FE1E1FE258716A074C3D3DD8413B259DA7DA1039871,IMPHASH=6659A49ABF33952444C5A7FA22FD9032\r\nSigned: true\r\nSignature: Microsoft Windows\r\nSignatureStatus: Valid","Hostname":"WORKSTATION5","ProcessId":"10188","Description":"Shell Light-weight Utility Library","Company":"Microsoft Corporation","Signed":"true","OriginalFileName":"SHLWAPI.DLL"}
{"TimeCreated":"2020-10-21 12:19:04.463","SourceName":"Microsoft-Windows-Sysmon","SignatureStatus":"Valid","Signature":"Microsoft Windows","Product":"Microsoft Windows Operating System","Hashes":"SHA1=1BE5EC1130E4B812224AF98D1C4B81B91C8D8BCE,MD5=698E67C04A48B58FE0FE2B7DAB428BD2,SHA256=D4F8395347B3C952DA3309BD3ADFBF87F52582C744204692DEDB0B6E720AEE1A,IMPHASH=5DE31297232BD99BC22531D7CE95B80E","UtcTime":"2020-10-21 04:19:04.448","ProcessGuid":"{39e4a257-b6b8-5f8f-710c-000000000700}","Image":"C:\\Windows\\System32\\netsh.exe","ImageLoaded":"C:\\Windows\\System32\\shell32.dll","EventID":7,"Channel":"Microsoft-Windows-Sysmon/Operational","Task":"7","RuleName":"-","FileVersion":"10.0.18362.1110 (WinBuild.160101.0800)","Message":"Image loaded:\r\nRuleName: -\r\nUtcTime: 2020-10-21 04:19:04.448\r\nProcessGuid: {39e4a257-b6b8-5f8f-710c-000000000700}\r\nProcessId: 10188\r\nImage: C:\\Windows\\System32\\netsh.exe\r\nImageLoaded: C:\\Windows\\System32\\shell32.dll\r\nFileVersion: 10.0.18362.1110 (WinBuild.160101.0800)\r\nDescription: Windows Shell Common Dll\r\nProduct: Microsoft Windows Operating System\r\nCompany: Microsoft Corporation\r\nOriginalFileName: SHELL32.DLL\r\nHashes: SHA1=1BE5EC1130E4B812224AF98D1C4B81B91C8D8BCE,MD5=698E67C04A48B58FE0FE2B7DAB428BD2,SHA256=D4F8395347B3C952DA3309BD3ADFBF87F52582C744204692DEDB0B6E720AEE1A,IMPHASH=5DE31297232BD99BC22531D7CE95B80E\r\nSigned: true\r\nSignature: Microsoft Windows\r\nSignatureStatus: Valid","Hostname":"WORKSTATION5","ProcessId":"10188","Description":"Windows Shell Common Dll","Company":"Microsoft Corporation","Signed":"true","OriginalFileName":"SHELL32.DLL"}
{"TimeCreated":"2020-10-21 12:19:04.463","SourceName":"Microsoft-Windows-Sysmon","SignatureStatus":"Valid","Signature":"Microsoft Windows","Product":"Microsoft Windows Operating System","Hashes":"SHA1=75C9F506592699E30D8ECA63F88C79E956324111,MD5=6ACBCCE095FDB475FC2B3D178E5D9208,SHA256=3F49AB1B04EE3D843E961A1B62CB695EE3FE940EE287819BBBABCC1C3A38F507,IMPHASH=0E48D88DA5B1AEFE29036ECDE5B34E8D","UtcTime":"2020-10-21 04:19:04.448","ProcessGuid":"{39e4a257-b6b8-5f8f-710c-000000000700}","Image":"C:\\Windows\\System32\\netsh.exe","ImageLoaded":"C:\\Windows\\System32\\SHCore.dll","EventID":7,"Channel":"Microsoft-Windows-Sysmon/Operational","Task":"7","RuleName":"-","FileVersion":"10.0.18362.959 (WinBuild.160101.0800)","Message":"Image loaded:\r\nRuleName: -\r\nUtcTime: 2020-10-21 04:19:04.448\r\nProcessGuid: {39e4a257-b6b8-5f8f-710c-000000000700}\r\nProcessId: 10188\r\nImage: C:\\Windows\\System32\\netsh.exe\r\nImageLoaded: C:\\Windows\\System32\\SHCore.dll\r\nFileVersion: 10.0.18362.959 (WinBuild.160101.0800)\r\nDescription: SHCORE\r\nProduct: Microsoft Windows Operating System\r\nCompany: Microsoft Corporation\r\nOriginalFileName: SHCORE.dll\r\nHashes: SHA1=75C9F506592699E30D8ECA63F88C79E956324111,MD5=6ACBCCE095FDB475FC2B3D178E5D9208,SHA256=3F49AB1B04EE3D843E961A1B62CB695EE3FE940EE287819BBBABCC1C3A38F507,IMPHASH=0E48D88DA5B1AEFE29036ECDE5B34E8D\r\nSigned: true\r\nSignature: Microsoft Windows\r\nSignatureStatus: Valid","Hostname":"WORKSTATION5","ProcessId":"10188","Description":"SHCORE","Company":"Microsoft Corporation","Signed":"true","OriginalFileName":"SHCORE.dll"}
{"TimeCreated":"2020-10-21 12:19:04.463","SourceName":"Microsoft-Windows-Sysmon","SignatureStatus":"Valid","Signature":"Microsoft Windows","Product":"Microsoft Windows Operating System","Hashes":"SHA1=DF7D0248848C0247FD5F65ABD9799FDA0380C77D,MD5=DDD102204FDCD3FC8DD0AA89CF6609A3,SHA256=49F37639155096444C1B780071B8D63320FD8F8DC1D7CEF7A9031830C4F90968,IMPHASH=BDB3E400A78EE2D42C647E85CD2D827B","UtcTime":"2020-10-21 04:19:04.448","ProcessGuid":"{39e4a257-b6b8-5f8f-710c-000000000700}","Image":"C:\\Windows\\System32\\netsh.exe","ImageLoaded":"C:\\Windows\\System32\\windows.storage.dll","EventID":7,"Channel":"Microsoft-Windows-Sysmon/Operational","Task":"7","RuleName":"-","FileVersion":"10.0.18362.1082 (WinBuild.160101.0800)","Message":"Image loaded:\r\nRuleName: -\r\nUtcTime: 2020-10-21 04:19:04.448\r\nProcessGuid: {39e4a257-b6b8-5f8f-710c-000000000700}\r\nProcessId: 10188\r\nImage: C:\\Windows\\System32\\netsh.exe\r\nImageLoaded: C:\\Windows\\System32\\windows.storage.dll\r\nFileVersion: 10.0.18362.1082 (WinBuild.160101.0800)\r\nDescription: Microsoft WinRT Storage API\r\nProduct: Microsoft Windows Operating System\r\nCompany: Microsoft Corporation\r\nOriginalFileName: Windows.Storage.dll\r\nHashes: SHA1=DF7D0248848C0247FD5F65ABD9799FDA0380C77D,MD5=DDD102204FDCD3FC8DD0AA89CF6609A3,SHA256=49F37639155096444C1B780071B8D63320FD8F8DC1D7CEF7A9031830C4F90968,IMPHASH=BDB3E400A78EE2D42C647E85CD2D827B\r\nSigned: true\r\nSignature: Microsoft Windows\r\nSignatureStatus: Valid","Hostname":"WORKSTATION5","ProcessId":"10188","Description":"Microsoft WinRT Storage API","Company":"Microsoft Corporation","Signed":"true","OriginalFileName":"Windows.Storage.dll"}
{"TimeCreated":"2020-10-21 12:19:04.468","SourceName":"Microsoft-Windows-Sysmon","SignatureStatus":"Valid","Signature":"Microsoft Windows","Product":"Microsoft Windows Operating System","Hashes":"SHA1=387FC7660AFDEC45CFFB84980EB77D0E787ED31B,MD5=F4862E1CC68687B9D4B245512BDF8383,SHA256=A2DF0AC95B9AA338EB6062BA5739F65BFBA86658546F4C5CAC6045C363F55E24,IMPHASH=192CF98320740B7D296297054A9C3EEA","UtcTime":"2020-10-21 04:19:04.448","ProcessGuid":"{39e4a257-b6b8-5f8f-710c-000000000700}","Image":"C:\\Windows\\System32\\netsh.exe","ImageLoaded":"C:\\Windows\\System32\\profapi.dll","EventID":7,"Channel":"Microsoft-Windows-Sysmon/Operational","Task":"7","RuleName":"-","FileVersion":"10.0.18362.693 (WinBuild.160101.0800)","Message":"Image loaded:\r\nRuleName: -\r\nUtcTime: 2020-10-21 04:19:04.448\r\nProcessGuid: {39e4a257-b6b8-5f8f-710c-000000000700}\r\nProcessId: 10188\r\nImage: C:\\Windows\\System32\\netsh.exe\r\nImageLoaded: C:\\Windows\\System32\\profapi.dll\r\nFileVersion: 10.0.18362.693 (WinBuild.160101.0800)\r\nDescription: User Profile Basic API\r\nProduct: Microsoft Windows Operating System\r\nCompany: Microsoft Corporation\r\nOriginalFileName: PROFAPI.DLL\r\nHashes: SHA1=387FC7660AFDEC45CFFB84980EB77D0E787ED31B,MD5=F4862E1CC68687B9D4B245512BDF8383,SHA256=A2DF0AC95B9AA338EB6062BA5739F65BFBA86658546F4C5CAC6045C363F55E24,IMPHASH=192CF98320740B7D296297054A9C3EEA\r\nSigned: true\r\nSignature: Microsoft Windows\r\nSignatureStatus: Valid","Hostname":"WORKSTATION5","ProcessId":"10188","Description":"User Profile Basic API","Company":"Microsoft Corporation","Signed":"true","OriginalFileName":"PROFAPI.DLL"}
{"TimeCreated":"2020-10-21 12:19:04.469","SourceName":"Microsoft-Windows-Sysmon","SignatureStatus":"Valid","Signature":"Microsoft Windows","Product":"Microsoft Windows Operating System","Hashes":"SHA1=30D5ADBC0664977C27B65622F514632581C9AF45,MD5=07B027B1E0B775FAE815E487F28137B9,SHA256=21358CE9A416C7F6DB063095102E91F014BDB85B08A4E783E17234792C9B483A,IMPHASH=817FF4748665EB442F0081A91349F764","UtcTime":"2020-10-21 04:19:04.448","ProcessGuid":"{39e4a257-b6b8-5f8f-710c-000000000700}","Image":"C:\\Windows\\System32\\netsh.exe","ImageLoaded":"C:\\Windows\\System32\\powrprof.dll","EventID":7,"Channel":"Microsoft-Windows-Sysmon/Operational","Task":"7","RuleName":"-","FileVersion":"10.0.18362.1 (WinBuild.160101.0800)","Message":"Image loaded:\r\nRuleName: -\r\nUtcTime: 2020-10-21 04:19:04.448\r\nProcessGuid: {39e4a257-b6b8-5f8f-710c-000000000700}\r\nProcessId: 10188\r\nImage: C:\\Windows\\System32\\netsh.exe\r\nImageLoaded: C:\\Windows\\System32\\powrprof.dll\r\nFileVersion: 10.0.18362.1 (WinBuild.160101.0800)\r\nDescription: Power Profile Helper DLL\r\nProduct: Microsoft Windows Operating System\r\nCompany: Microsoft Corporation\r\nOriginalFileName: POWRPROF.DLL\r\nHashes: SHA1=30D5ADBC0664977C27B65622F514632581C9AF45,MD5=07B027B1E0B775FAE815E487F28137B9,SHA256=21358CE9A416C7F6DB063095102E91F014BDB85B08A4E783E17234792C9B483A,IMPHASH=817FF4748665EB442F0081A91349F764\r\nSigned: true\r\nSignature: Microsoft Windows\r\nSignatureStatus: Valid","Hostname":"WORKSTATION5","ProcessId":"10188","Description":"Power Profile Helper DLL","Company":"Microsoft Corporation","Signed":"true","OriginalFileName":"POWRPROF.DLL"}
{"TimeCreated":"2020-10-21 12:19:04.469","SourceName":"Microsoft-Windows-Sysmon","SignatureStatus":"Valid","Signature":"Microsoft Windows","Product":"-","Hashes":"SHA1=6ABB78FB1614C12E3E9FFF3DE98B0E13E79201D9,MD5=B9A75ED4500DD953DF172FE6F63578E8,SHA256=709B99BA1DFEF6D9B2483F37D242B12F29B1E1ADE13E338B4D7041C55B55204B,IMPHASH=5A0FF5293A05BFEBAE6F2C9C302FC5E7","UtcTime":"2020-10-21 04:19:04.448","ProcessGuid":"{39e4a257-b6b8-5f8f-710c-000000000700}","Image":"C:\\Windows\\System32\\netsh.exe","ImageLoaded":"C:\\Windows\\System32\\umpdc.dll","EventID":7,"Channel":"Microsoft-Windows-Sysmon/Operational","Task":"7","RuleName":"-","FileVersion":"-","Message":"Image loaded:\r\nRuleName: -\r\nUtcTime: 2020-10-21 04:19:04.448\r\nProcessGuid: {39e4a257-b6b8-5f8f-710c-000000000700}\r\nProcessId: 10188\r\nImage: C:\\Windows\\System32\\netsh.exe\r\nImageLoaded: C:\\Windows\\System32\\umpdc.dll\r\nFileVersion: -\r\nDescription: -\r\nProduct: -\r\nCompany: -\r\nOriginalFileName: -\r\nHashes: SHA1=6ABB78FB1614C12E3E9FFF3DE98B0E13E79201D9,MD5=B9A75ED4500DD953DF172FE6F63578E8,SHA256=709B99BA1DFEF6D9B2483F37D242B12F29B1E1ADE13E338B4D7041C55B55204B,IMPHASH=5A0FF5293A05BFEBAE6F2C9C302FC5E7\r\nSigned: true\r\nSignature: Microsoft Windows\r\nSignatureStatus: Valid","Hostname":"WORKSTATION5","ProcessId":"10188","Description":"-","Company":"-","Signed":"true","OriginalFileName":"-"}
