{"GrantedAccess":"0x100000","@timestamp":"2020-10-23T02:36:44.276Z","TimeCreated":"2020-10-23T02:36:44.276Z","SourceThreadId":"11004","SourceImage":"C:\\windows\\system32\\svchost.exe","ProviderGuid":"{5770385f-c22a-43e0-bf4c-06f5698ffbd9}","CallTrace":"C:\\windows\\SYSTEM32\\ntdll.dll+9d154|C:\\windows\\System32\\RPCRT4.dll+2d354|c:\\windows\\system32\\es.dll+14d10|c:\\windows\\system32\\es.dll+158c0|C:\\windows\\System32\\RPCRT4.dll+76a63|C:\\windows\\System32\\RPCRT4.dll+da036|C:\\windows\\System32\\RPCRT4.dll+383b9|C:\\windows\\System32\\combase.dll+a5cff|C:\\windows\\System32\\RPCRT4.dll+59bab|C:\\windows\\System32\\combase.dll+8d0e3|C:\\windows\\System32\\combase.dll+8ced3|C:\\windows\\System32\\combase.dll+a9556|C:\\windows\\System32\\combase.dll+8a4fa|C:\\windows\\System32\\combase.dll+a47ed|C:\\windows\\System32\\combase.dll+401ac|C:\\windows\\System32\\combase.dll+40a11|C:\\windows\\System32\\combase.dll+421b8|C:\\windows\\System32\\RPCRT4.dll+549f8|C:\\windows\\System32\\RPCRT4.dll+2c9b1|C:\\windows\\System32\\RPCRT4.dll+2c500|C:\\windows\\System32\\RPCRT4.dll+1a71f|C:\\windows\\System32\\RPCRT4.dll+19d7a|C:\\windows\\System32\\RPCRT4.dll+19361|C:\\windows\\System32\\RPCRT4.dll+18dce","UtcTime":"2020-10-23 06:36:44.265","TargetProcessGUID":"{39e4a257-79fb-5f92-7217-000000000700}","SourceProcessId":"1084","Level":"4","Channel":"Microsoft-Windows-Sysmon/Operational","Task":"10","RuleName":"-","SourceName":"Microsoft-Windows-Sysmon","Hostname":"WORKSTATION5","SourceProcessGUID":"{39e4a257-f133-5f8b-2f00-000000000700}","TargetProcessId":"4696","EventID":10,"Keywords":"0x8000000000000000","TargetImage":"C:\\windows\\System32\\svchost.exe","Message":"Process accessed:\r\nRuleName: -\r\nUtcTime: 2020-10-23 06:36:44.265\r\nSourceProcessGUID: {39e4a257-f133-5f8b-2f00-000000000700}\r\nSourceProcessId: 1084\r\nSourceThreadId: 11004\r\nSourceImage: C:\\windows\\system32\\svchost.exe\r\nTargetProcessGUID: {39e4a257-79fb-5f92-7217-000000000700}\r\nTargetProcessId: 4696\r\nTargetImage: C:\\windows\\System32\\svchost.exe\r\nGrantedAccess: 0x100000\r\nCallTrace: C:\\windows\\SYSTEM32\\ntdll.dll+9d154|C:\\windows\\System32\\RPCRT4.dll+2d354|c:\\windows\\system32\\es.dll+14d10|c:\\windows\\system32\\es.dll+158c0|C:\\windows\\System32\\RPCRT4.dll+76a63|C:\\windows\\System32\\RPCRT4.dll+da036|C:\\windows\\System32\\RPCRT4.dll+383b9|C:\\windows\\System32\\combase.dll+a5cff|C:\\windows\\System32\\RPCRT4.dll+59bab|C:\\windows\\System32\\combase.dll+8d0e3|C:\\windows\\System32\\combase.dll+8ced3|C:\\windows\\System32\\combase.dll+a9556|C:\\windows\\System32\\combase.dll+8a4fa|C:\\windows\\System32\\combase.dll+a47ed|C:\\windows\\System32\\combase.dll+401ac|C:\\windows\\System32\\combase.dll+40a11|C:\\windows\\System32\\combase.dll+421b8|C:\\windows\\System32\\RPCRT4.dll+549f8|C:\\windows\\System32\\RPCRT4.dll+2c9b1|C:\\windows\\System32\\RPCRT4.dll+2c500|C:\\windows\\System32\\RPCRT4.dll+1a71f|C:\\windows\\System32\\RPCRT4.dll+19d7a|C:\\windows\\System32\\RPCRT4.dll+19361|C:\\windows\\System32\\RPCRT4.dll+18dce"}
{"@timestamp":"2020-10-23T02:36:44.281Z","TimeCreated":"2020-10-23T02:36:44.281Z","Hashes":"SHA1=0116BD33E5C0C720556AA168DC3A12F25794BD25,MD5=FEF065D9CA53F22A90400CD120D1015D,SHA256=DB15AC37DE7D98F63E7196BCEF2BF139BB198A1BEA435BE3BE5E3E1A5F5FE64C,IMPHASH=99903C6BD823A352E1AD78B61E009D7A","Signature":"Microsoft Windows","ProviderGuid":"{5770385f-c22a-43e0-bf4c-06f5698ffbd9}","Company":"Microsoft Corporation","UtcTime":"2020-10-23 06:36:44.265","ProcessGuid":"{39e4a257-79fb-5f92-7217-000000000700}","Image":"C:\\Windows\\System32\\svchost.exe","ImageLoaded":"C:\\Windows\\System32\\es.dll","Level":"4","Channel":"Microsoft-Windows-Sysmon/Operational","Task":"7","RuleName":"-","FileVersion":"2001.12.10941.16384 (WinBuild.160101.0800)","SourceName":"Microsoft-Windows-Sysmon","Hostname":"WORKSTATION5","ProcessId":"4696","Description":"COM+","SignatureStatus":"Valid","Product":"Microsoft Windows Operating System","EventID":7,"Keywords":"0x8000000000000000","Signed":"true","OriginalFileName":"ES.DLL","Message":"Image loaded:\r\nRuleName: -\r\nUtcTime: 2020-10-23 06:36:44.265\r\nProcessGuid: {39e4a257-79fb-5f92-7217-000000000700}\r\nProcessId: 4696\r\nImage: C:\\Windows\\System32\\svchost.exe\r\nImageLoaded: C:\\Windows\\System32\\es.dll\r\nFileVersion: 2001.12.10941.16384 (WinBuild.160101.0800)\r\nDescription: COM+\r\nProduct: Microsoft Windows Operating System\r\nCompany: Microsoft Corporation\r\nOriginalFileName: ES.DLL\r\nHashes: SHA1=0116BD33E5C0C720556AA168DC3A12F25794BD25,MD5=FEF065D9CA53F22A90400CD120D1015D,SHA256=DB15AC37DE7D98F63E7196BCEF2BF139BB198A1BEA435BE3BE5E3E1A5F5FE64C,IMPHASH=99903C6BD823A352E1AD78B61E009D7A\r\nSigned: true\r\nSignature: Microsoft Windows\r\nSignatureStatus: Valid"}
{"GrantedAccess":"0x1000","@timestamp":"2020-10-23T02:36:44.289Z","TimeCreated":"2020-10-23T02:36:44.289Z","SourceThreadId":"2792","SourceImage":"C:\\windows\\System32\\svchost.exe","ProviderGuid":"{5770385f-c22a-43e0-bf4c-06f5698ffbd9}","CallTrace":"C:\\windows\\SYSTEM32\\ntdll.dll+9d154|C:\\windows\\System32\\RPCRT4.dll+2d354|C:\\windows\\System32\\combase.dll+b855b|c:\\windows\\system32\\qmgr.dll+602e|c:\\windows\\system32\\qmgr.dll+4f1d7|c:\\windows\\system32\\qmgr.dll+4f6c6|c:\\windows\\system32\\qmgr.dll+4f555|C:\\windows\\System32\\RPCRT4.dll+76a63|C:\\windows\\System32\\RPCRT4.dll+13653|C:\\windows\\System32\\combase.dll+a5d42|C:\\windows\\System32\\combase.dll+8d0e3|C:\\windows\\System32\\combase.dll+8ced3|C:\\windows\\System32\\combase.dll+a9556|C:\\windows\\System32\\combase.dll+8a4fa|C:\\windows\\System32\\combase.dll+a47ed|C:\\windows\\System32\\combase.dll+401ac|C:\\windows\\System32\\combase.dll+40a11|C:\\windows\\System32\\combase.dll+421b8|C:\\windows\\System32\\RPCRT4.dll+549f8|C:\\windows\\System32\\RPCRT4.dll+2c9b1|C:\\windows\\System32\\RPCRT4.dll+2c500|C:\\windows\\System32\\RPCRT4.dll+1a71f|C:\\windows\\System32\\RPCRT4.dll+19d7a|C:\\windows\\System32\\RPCRT4.dll+19361","UtcTime":"2020-10-23 06:36:44.280","TargetProcessGUID":"{39e4a257-79fb-5f92-7117-000000000700}","SourceProcessId":"4696","Level":"4","Channel":"Microsoft-Windows-Sysmon/Operational","Task":"10","RuleName":"-","SourceName":"Microsoft-Windows-Sysmon","Hostname":"WORKSTATION5","SourceProcessGUID":"{39e4a257-79fb-5f92-7217-000000000700}","TargetProcessId":"9260","EventID":10,"Keywords":"0x8000000000000000","TargetImage":"C:\\windows\\system32\\bitsadmin.exe","Message":"Process accessed:\r\nRuleName: -\r\nUtcTime: 2020-10-23 06:36:44.280\r\nSourceProcessGUID: {39e4a257-79fb-5f92-7217-000000000700}\r\nSourceProcessId: 4696\r\nSourceThreadId: 2792\r\nSourceImage: C:\\windows\\System32\\svchost.exe\r\nTargetProcessGUID: {39e4a257-79fb-5f92-7117-000000000700}\r\nTargetProcessId: 9260\r\nTargetImage: C:\\windows\\system32\\bitsadmin.exe\r\nGrantedAccess: 0x1000\r\nCallTrace: C:\\windows\\SYSTEM32\\ntdll.dll+9d154|C:\\windows\\System32\\RPCRT4.dll+2d354|C:\\windows\\System32\\combase.dll+b855b|c:\\windows\\system32\\qmgr.dll+602e|c:\\windows\\system32\\qmgr.dll+4f1d7|c:\\windows\\system32\\qmgr.dll+4f6c6|c:\\windows\\system32\\qmgr.dll+4f555|C:\\windows\\System32\\RPCRT4.dll+76a63|C:\\windows\\System32\\RPCRT4.dll+13653|C:\\windows\\System32\\combase.dll+a5d42|C:\\windows\\System32\\combase.dll+8d0e3|C:\\windows\\System32\\combase.dll+8ced3|C:\\windows\\System32\\combase.dll+a9556|C:\\windows\\System32\\combase.dll+8a4fa|C:\\windows\\System32\\combase.dll+a47ed|C:\\windows\\System32\\combase.dll+401ac|C:\\windows\\System32\\combase.dll+40a11|C:\\windows\\System32\\combase.dll+421b8|C:\\windows\\System32\\RPCRT4.dll+549f8|C:\\windows\\System32\\RPCRT4.dll+2c9b1|C:\\windows\\System32\\RPCRT4.dll+2c500|C:\\windows\\System32\\RPCRT4.dll+1a71f|C:\\windows\\System32\\RPCRT4.dll+19d7a|C:\\windows\\System32\\RPCRT4.dll+19361"}
{"@timestamp":"2020-10-23T02:36:44.292Z","TimeCreated":"2020-10-23T02:36:44.292Z","ProviderGuid":"{5770385f-c22a-43e0-bf4c-06f5698ffbd9}","TargetFilename":"C:\\Users\\wardog\\AppData\\Local\\Temp\\BIT9584.tmp","UtcTime":"2020-10-23 06:36:44.280","ProcessGuid":"{39e4a257-79fb-5f92-7217-000000000700}","Image":"C:\\windows\\System32\\svchost.exe","CreationUtcTime":"2020-10-23 06:36:44.280","Level":"4","Channel":"Microsoft-Windows-Sysmon/Operational","Task":"11","RuleName":"-","SourceName":"Microsoft-Windows-Sysmon","Hostname":"WORKSTATION5","ProcessId":"4696","EventID":11,"Keywords":"0x8000000000000000","Message":"File created:\r\nRuleName: -\r\nUtcTime: 2020-10-23 06:36:44.280\r\nProcessGuid: {39e4a257-79fb-5f92-7217-000000000700}\r\nProcessId: 4696\r\nImage: C:\\windows\\System32\\svchost.exe\r\nTargetFilename: C:\\Users\\wardog\\AppData\\Local\\Temp\\BIT9584.tmp\r\nCreationUtcTime: 2020-10-23 06:36:44.280"}
{"@timestamp":"2020-10-23T02:36:44.292Z","TimeCreated":"2020-10-23T02:36:44.292Z","IsExecutable":"false","Archived":"true","Hashes":"SHA1=DA39A3EE5E6B4B0D3255BFEF95601890AFD80709,MD5=D41D8CD98F00B204E9800998ECF8427E,SHA256=E3B0C44298FC1C149AFBF4C8996FB92427AE41E4649B934CA495991B7852B855,IMPHASH=00000000000000000000000000000000","ProviderGuid":"{5770385f-c22a-43e0-bf4c-06f5698ffbd9}","TargetFilename":"C:\\Users\\wardog\\AppData\\Local\\Temp\\BIT9584.tmp","Image":"C:\\windows\\System32\\svchost.exe","UtcTime":"2020-10-23 06:36:44.280","ProcessGuid":"{39e4a257-79fb-5f92-7217-000000000700}","User":"NT AUTHORITY\\SYSTEM","Level":"4","Channel":"Microsoft-Windows-Sysmon/Operational","Task":"23","RuleName":"-","SourceName":"Microsoft-Windows-Sysmon","Hostname":"WORKSTATION5","ProcessId":"4696","EventID":23,"Keywords":"0x8000000000000000","Message":"File Delete:\r\nRuleName: -\r\nUtcTime: 2020-10-23 06:36:44.280\r\nProcessGuid: {39e4a257-79fb-5f92-7217-000000000700}\r\nProcessId: 4696\r\nUser: NT AUTHORITY\\SYSTEM\r\nImage: C:\\windows\\System32\\svchost.exe\r\nTargetFilename: C:\\Users\\wardog\\AppData\\Local\\Temp\\BIT9584.tmp\r\nHashes: SHA1=DA39A3EE5E6B4B0D3255BFEF95601890AFD80709,MD5=D41D8CD98F00B204E9800998ECF8427E,SHA256=E3B0C44298FC1C149AFBF4C8996FB92427AE41E4649B934CA495991B7852B855,IMPHASH=00000000000000000000000000000000\r\nIsExecutable: false\r\nArchived: true"}
{"@timestamp":"2020-10-23T02:36:44.294Z","TimeCreated":"2020-10-23T02:36:44.294Z","Hashes":"SHA1=A36E75818B8EEC16B513CA7CCBC7636FA69B7A33,MD5=2514BA447E81C60108FB4AD48C592785,SHA256=E9A1CEFFB81B88BF4641BE8FF0C619A27988E757DB5ED118CF3F0D762CFBD9E4,IMPHASH=A82A08D8759E59AC999632332CB104CB","Signature":"Microsoft Windows","ProviderGuid":"{5770385f-c22a-43e0-bf4c-06f5698ffbd9}","Company":"Microsoft Corporation","UtcTime":"2020-10-23 06:36:44.280","ProcessGuid":"{39e4a257-79fb-5f92-7217-000000000700}","Image":"C:\\Windows\\System32\\svchost.exe","ImageLoaded":"C:\\Windows\\System32\\BitsProxy.dll","Level":"4","Channel":"Microsoft-Windows-Sysmon/Operational","Task":"7","RuleName":"-","FileVersion":"7.8.18362.1 (WinBuild.160101.0800)","SourceName":"Microsoft-Windows-Sysmon","Hostname":"WORKSTATION5","ProcessId":"4696","Description":"Background Intelligent Transfer Service Proxy","SignatureStatus":"Valid","Product":"Microsoft Windows Operating System","EventID":7,"Keywords":"0x8000000000000000","Signed":"true","OriginalFileName":"qmgrprxy.dll","Message":"Image loaded:\r\nRuleName: -\r\nUtcTime: 2020-10-23 06:36:44.280\r\nProcessGuid: {39e4a257-79fb-5f92-7217-000000000700}\r\nProcessId: 4696\r\nImage: C:\\Windows\\System32\\svchost.exe\r\nImageLoaded: C:\\Windows\\System32\\BitsProxy.dll\r\nFileVersion: 7.8.18362.1 (WinBuild.160101.0800)\r\nDescription: Background Intelligent Transfer Service Proxy\r\nProduct: Microsoft Windows Operating System\r\nCompany: Microsoft Corporation\r\nOriginalFileName: qmgrprxy.dll\r\nHashes: SHA1=A36E75818B8EEC16B513CA7CCBC7636FA69B7A33,MD5=2514BA447E81C60108FB4AD48C592785,SHA256=E9A1CEFFB81B88BF4641BE8FF0C619A27988E757DB5ED118CF3F0D762CFBD9E4,IMPHASH=A82A08D8759E59AC999632332CB104CB\r\nSigned: true\r\nSignature: Microsoft Windows\r\nSignatureStatus: Valid"}
{"@timestamp":"2020-10-23T02:36:44.295Z","TimeCreated":"2020-10-23T02:36:44.295Z","Hashes":"SHA1=A36E75818B8EEC16B513CA7CCBC7636FA69B7A33,MD5=2514BA447E81C60108FB4AD48C592785,SHA256=E9A1CEFFB81B88BF4641BE8FF0C619A27988E757DB5ED118CF3F0D762CFBD9E4,IMPHASH=A82A08D8759E59AC999632332CB104CB","Signature":"Microsoft Windows","ProviderGuid":"{5770385f-c22a-43e0-bf4c-06f5698ffbd9}","Company":"Microsoft Corporation","UtcTime":"2020-10-23 06:36:44.280","ProcessGuid":"{39e4a257-79fb-5f92-7117-000000000700}","Image":"C:\\Windows\\System32\\bitsadmin.exe","ImageLoaded":"C:\\Windows\\System32\\BitsProxy.dll","Level":"4","Channel":"Microsoft-Windows-Sysmon/Operational","Task":"7","RuleName":"-","FileVersion":"7.8.18362.1 (WinBuild.160101.0800)","SourceName":"Microsoft-Windows-Sysmon","Hostname":"WORKSTATION5","ProcessId":"9260","Description":"Background Intelligent Transfer Service Proxy","SignatureStatus":"Valid","Product":"Microsoft Windows Operating System","EventID":7,"Keywords":"0x8000000000000000","Signed":"true","OriginalFileName":"qmgrprxy.dll","Message":"Image loaded:\r\nRuleName: -\r\nUtcTime: 2020-10-23 06:36:44.280\r\nProcessGuid: {39e4a257-79fb-5f92-7117-000000000700}\r\nProcessId: 9260\r\nImage: C:\\Windows\\System32\\bitsadmin.exe\r\nImageLoaded: C:\\Windows\\System32\\BitsProxy.dll\r\nFileVersion: 7.8.18362.1 (WinBuild.160101.0800)\r\nDescription: Background Intelligent Transfer Service Proxy\r\nProduct: Microsoft Windows Operating System\r\nCompany: Microsoft Corporation\r\nOriginalFileName: qmgrprxy.dll\r\nHashes: SHA1=A36E75818B8EEC16B513CA7CCBC7636FA69B7A33,MD5=2514BA447E81C60108FB4AD48C592785,SHA256=E9A1CEFFB81B88BF4641BE8FF0C619A27988E757DB5ED118CF3F0D762CFBD9E4,IMPHASH=A82A08D8759E59AC999632332CB104CB\r\nSigned: true\r\nSignature: Microsoft Windows\r\nSignatureStatus: Valid"}
{"@timestamp":"2020-10-23T02:36:44.300Z","TimeCreated":"2020-10-23T02:36:44.300Z","ProviderGuid":"{5770385f-c22a-43e0-bf4c-06f5698ffbd9}","TargetFilename":"C:\\Users\\wardog\\AppData\\Local\\Temp\\BIT9584.tmp","UtcTime":"2020-10-23 06:36:44.296","ProcessGuid":"{39e4a257-79fb-5f92-7217-000000000700}","Image":"C:\\windows\\System32\\svchost.exe","CreationUtcTime":"2020-10-23 06:36:44.280","Level":"4","Channel":"Microsoft-Windows-Sysmon/Operational","Task":"11","RuleName":"-","SourceName":"Microsoft-Windows-Sysmon","Hostname":"WORKSTATION5","ProcessId":"4696","EventID":11,"Keywords":"0x8000000000000000","Message":"File created:\r\nRuleName: -\r\nUtcTime: 2020-10-23 06:36:44.296\r\nProcessGuid: {39e4a257-79fb-5f92-7217-000000000700}\r\nProcessId: 4696\r\nImage: C:\\windows\\System32\\svchost.exe\r\nTargetFilename: C:\\Users\\wardog\\AppData\\Local\\Temp\\BIT9584.tmp\r\nCreationUtcTime: 2020-10-23 06:36:44.280"}
{"@timestamp":"2020-10-23T02:36:44.318Z","TimeCreated":"2020-10-23T02:36:44.318Z","Hashes":"SHA1=CB0FED80A33581425BBEA334D9185F63C5EE315F,MD5=9D1E318E09783AFBBF2F51D6E9950662,SHA256=48C0E264A522173740EBD7627900BE7E6FEDAEE2264F67A00E78D4A6D76865D8,IMPHASH=83BEA6248DF8A10A1D9DF229B452B69F","Signature":"Microsoft Windows","ProviderGuid":"{5770385f-c22a-43e0-bf4c-06f5698ffbd9}","Company":"Microsoft Corporation","UtcTime":"2020-10-23 06:36:44.311","ProcessGuid":"{39e4a257-79fb-5f92-7217-000000000700}","Image":"C:\\Windows\\System32\\svchost.exe","ImageLoaded":"C:\\Windows\\System32\\OnDemandConnRouteHelper.dll","Level":"4","Channel":"Microsoft-Windows-Sysmon/Operational","Task":"7","RuleName":"-","FileVersion":"10.0.18362.1 (WinBuild.160101.0800)","SourceName":"Microsoft-Windows-Sysmon","Hostname":"WORKSTATION5","ProcessId":"4696","Description":"On Demand Connctiond Route Helper","SignatureStatus":"Valid","Product":"Microsoft Windows Operating System","EventID":7,"Keywords":"0x8000000000000000","Signed":"true","OriginalFileName":"OnDemandConnRouteHelper.dll","Message":"Image loaded:\r\nRuleName: -\r\nUtcTime: 2020-10-23 06:36:44.311\r\nProcessGuid: {39e4a257-79fb-5f92-7217-000000000700}\r\nProcessId: 4696\r\nImage: C:\\Windows\\System32\\svchost.exe\r\nImageLoaded: C:\\Windows\\System32\\OnDemandConnRouteHelper.dll\r\nFileVersion: 10.0.18362.1 (WinBuild.160101.0800)\r\nDescription: On Demand Connctiond Route Helper\r\nProduct: Microsoft Windows Operating System\r\nCompany: Microsoft Corporation\r\nOriginalFileName: OnDemandConnRouteHelper.dll\r\nHashes: SHA1=CB0FED80A33581425BBEA334D9185F63C5EE315F,MD5=9D1E318E09783AFBBF2F51D6E9950662,SHA256=48C0E264A522173740EBD7627900BE7E6FEDAEE2264F67A00E78D4A6D76865D8,IMPHASH=83BEA6248DF8A10A1D9DF229B452B69F\r\nSigned: true\r\nSignature: Microsoft Windows\r\nSignatureStatus: Valid"}
{"@timestamp":"2020-10-23T02:36:44.319Z","TimeCreated":"2020-10-23T02:36:44.319Z","ProviderGuid":"{5770385f-c22a-43e0-bf4c-06f5698ffbd9}","UtcTime":"2020-10-23 06:36:44.311","ProcessGuid":"{39e4a257-79fb-5f92-7217-000000000700}","Image":"C:\\windows\\System32\\svchost.exe","Level":"4","Channel":"Microsoft-Windows-Sysmon/Operational","Task":"12","RuleName":"-","SourceName":"Microsoft-Windows-Sysmon","Hostname":"WORKSTATION5","ProcessId":"4696","EventType":"CreateKey","EventID":12,"Keywords":"0x8000000000000000","TargetObject":"HKLM\\SOFTWARE\\Microsoft\\Windows\\CurrentVersion\\Internet Settings\\Connections","Message":"Registry object added or deleted:\r\nRuleName: -\r\nEventType: CreateKey\r\nUtcTime: 2020-10-23 06:36:44.311\r\nProcessGuid: {39e4a257-79fb-5f92-7217-000000000700}\r\nProcessId: 4696\r\nImage: C:\\windows\\System32\\svchost.exe\r\nTargetObject: HKLM\\SOFTWARE\\Microsoft\\Windows\\CurrentVersion\\Internet Settings\\Connections"}
{"@timestamp":"2020-10-23T02:36:44.321Z","TimeCreated":"2020-10-23T02:36:44.321Z","Hashes":"SHA1=6AFD46673B00480EE744D486DC39231AB34E8744,MD5=481FC6D120A7576E23F0371C0395207C,SHA256=9879658389116B190C503B160CA1AA71B7B86BF2C3A75F08A9E39C5C888B9674,IMPHASH=A08BF41263E3776AD11E1600C12BCA60","Signature":"Microsoft Windows","ProviderGuid":"{5770385f-c22a-43e0-bf4c-06f5698ffbd9}","Company":"Microsoft Corporation","UtcTime":"2020-10-23 06:36:44.311","ProcessGuid":"{39e4a257-79fb-5f92-7217-000000000700}","Image":"C:\\Windows\\System32\\svchost.exe","ImageLoaded":"C:\\Windows\\System32\\dhcpcsvc6.dll","Level":"4","Channel":"Microsoft-Windows-Sysmon/Operational","Task":"7","RuleName":"-","FileVersion":"10.0.18362.1082 (WinBuild.160101.0800)","SourceName":"Microsoft-Windows-Sysmon","Hostname":"WORKSTATION5","ProcessId":"4696","Description":"DHCPv6 Client","SignatureStatus":"Valid","Product":"Microsoft Windows Operating System","EventID":7,"Keywords":"0x8000000000000000","Signed":"true","OriginalFileName":"dhcpcsvc6.dll","Message":"Image loaded:\r\nRuleName: -\r\nUtcTime: 2020-10-23 06:36:44.311\r\nProcessGuid: {39e4a257-79fb-5f92-7217-000000000700}\r\nProcessId: 4696\r\nImage: C:\\Windows\\System32\\svchost.exe\r\nImageLoaded: C:\\Windows\\System32\\dhcpcsvc6.dll\r\nFileVersion: 10.0.18362.1082 (WinBuild.160101.0800)\r\nDescription: DHCPv6 Client\r\nProduct: Microsoft Windows Operating System\r\nCompany: Microsoft Corporation\r\nOriginalFileName: dhcpcsvc6.dll\r\nHashes: SHA1=6AFD46673B00480EE744D486DC39231AB34E8744,MD5=481FC6D120A7576E23F0371C0395207C,SHA256=9879658389116B190C503B160CA1AA71B7B86BF2C3A75F08A9E39C5C888B9674,IMPHASH=A08BF41263E3776AD11E1600C12BCA60\r\nSigned: true\r\nSignature: Microsoft Windows\r\nSignatureStatus: Valid"}
{"@timestamp":"2020-10-23T02:36:44.323Z","TimeCreated":"2020-10-23T02:36:44.323Z","Hashes":"SHA1=7083B1F87BF4B63B38BBDDCA3406D1FB09AE97C8,MD5=405F6A1021BA73872C6CA348A82A17B2,SHA256=690C803A69A71D981BD48CDBB7471F33A66A5CE23BE361B151576CFA91E3496A,IMPHASH=EE29DA81355C13DA2F9BBA37D3F3B408","Signature":"Microsoft Windows","ProviderGuid":"{5770385f-c22a-43e0-bf4c-06f5698ffbd9}","Company":"Microsoft Corporation","UtcTime":"2020-10-23 06:36:44.311","ProcessGuid":"{39e4a257-79fb-5f92-7217-000000000700}","Image":"C:\\Windows\\System32\\svchost.exe","ImageLoaded":"C:\\Windows\\System32\\dhcpcsvc.dll","Level":"4","Channel":"Microsoft-Windows-Sysmon/Operational","Task":"7","RuleName":"-","FileVersion":"10.0.18362.1082 (WinBuild.160101.0800)","SourceName":"Microsoft-Windows-Sysmon","Hostname":"WORKSTATION5","ProcessId":"4696","Description":"DHCP Client Service","SignatureStatus":"Valid","Product":"Microsoft Windows Operating System","EventID":7,"Keywords":"0x8000000000000000","Signed":"true","OriginalFileName":"dhcpcsvc.dll","Message":"Image loaded:\r\nRuleName: -\r\nUtcTime: 2020-10-23 06:36:44.311\r\nProcessGuid: {39e4a257-79fb-5f92-7217-000000000700}\r\nProcessId: 4696\r\nImage: C:\\Windows\\System32\\svchost.exe\r\nImageLoaded: C:\\Windows\\System32\\dhcpcsvc.dll\r\nFileVersion: 10.0.18362.1082 (WinBuild.160101.0800)\r\nDescription: DHCP Client Service\r\nProduct: Microsoft Windows Operating System\r\nCompany: Microsoft Corporation\r\nOriginalFileName: dhcpcsvc.dll\r\nHashes: SHA1=7083B1F87BF4B63B38BBDDCA3406D1FB09AE97C8,MD5=405F6A1021BA73872C6CA348A82A17B2,SHA256=690C803A69A71D981BD48CDBB7471F33A66A5CE23BE361B151576CFA91E3496A,IMPHASH=EE29DA81355C13DA2F9BBA37D3F3B408\r\nSigned: true\r\nSignature: Microsoft Windows\r\nSignatureStatus: Valid"}
{"@timestamp":"2020-10-23T02:36:44.324Z","TimeCreated":"2020-10-23T02:36:44.324Z","ProviderGuid":"{5770385f-c22a-43e0-bf4c-06f5698ffbd9}","UtcTime":"2020-10-23 06:36:44.311","ProcessGuid":"{39e4a257-79fb-5f92-7217-000000000700}","Image":"C:\\windows\\System32\\svchost.exe","Level":"4","Channel":"Microsoft-Windows-Sysmon/Operational","Task":"12","RuleName":"-","SourceName":"Microsoft-Windows-Sysmon","Hostname":"WORKSTATION5","ProcessId":"4696","EventType":"CreateKey","EventID":12,"Keywords":"0x8000000000000000","TargetObject":"HKU\\S-1-5-21-3940915590-64593676-1414006259-500\\Software\\Microsoft\\Windows\\CurrentVersion\\Internet Settings\\Connections","Message":"Registry object added or deleted:\r\nRuleName: -\r\nEventType: CreateKey\r\nUtcTime: 2020-10-23 06:36:44.311\r\nProcessGuid: {39e4a257-79fb-5f92-7217-000000000700}\r\nProcessId: 4696\r\nImage: C:\\windows\\System32\\svchost.exe\r\nTargetObject: HKU\\S-1-5-21-3940915590-64593676-1414006259-500\\Software\\Microsoft\\Windows\\CurrentVersion\\Internet Settings\\Connections"}
{"@timestamp":"2020-10-23T02:36:44.326Z","TimeCreated":"2020-10-23T02:36:44.326Z","ProviderGuid":"{5770385f-c22a-43e0-bf4c-06f5698ffbd9}","UtcTime":"2020-10-23 06:36:44.311","ProcessGuid":"{39e4a257-79fb-5f92-7217-000000000700}","Image":"C:\\windows\\System32\\svchost.exe","Level":"4","Channel":"Microsoft-Windows-Sysmon/Operational","Task":"12","RuleName":"-","SourceName":"Microsoft-Windows-Sysmon","Hostname":"WORKSTATION5","ProcessId":"4696","EventType":"CreateKey","EventID":12,"Keywords":"0x8000000000000000","TargetObject":"HKLM\\System\\CurrentControlSet\\Services\\Tcpip\\Parameters","Message":"Registry object added or deleted:\r\nRuleName: -\r\nEventType: CreateKey\r\nUtcTime: 2020-10-23 06:36:44.311\r\nProcessGuid: {39e4a257-79fb-5f92-7217-000000000700}\r\nProcessId: 4696\r\nImage: C:\\windows\\System32\\svchost.exe\r\nTargetObject: HKLM\\System\\CurrentControlSet\\Services\\Tcpip\\Parameters"}
{"@timestamp":"2020-10-23T02:36:44.326Z","TimeCreated":"2020-10-23T02:36:44.326Z","ProviderGuid":"{5770385f-c22a-43e0-bf4c-06f5698ffbd9}","UtcTime":"2020-10-23 06:36:44.311","ProcessGuid":"{39e4a257-79fb-5f92-7217-000000000700}","Image":"C:\\windows\\System32\\svchost.exe","Level":"4","Channel":"Microsoft-Windows-Sysmon/Operational","Task":"12","RuleName":"-","SourceName":"Microsoft-Windows-Sysmon","Hostname":"WORKSTATION5","ProcessId":"4696","EventType":"CreateKey","EventID":12,"Keywords":"0x8000000000000000","TargetObject":"HKLM\\System\\CurrentControlSet\\Services\\Tcpip\\Parameters","Message":"Registry object added or deleted:\r\nRuleName: -\r\nEventType: CreateKey\r\nUtcTime: 2020-10-23 06:36:44.311\r\nProcessGuid: {39e4a257-79fb-5f92-7217-000000000700}\r\nProcessId: 4696\r\nImage: C:\\windows\\System32\\svchost.exe\r\nTargetObject: HKLM\\System\\CurrentControlSet\\Services\\Tcpip\\Parameters"}
{"@timestamp":"2020-10-23T02:36:44.326Z","TimeCreated":"2020-10-23T02:36:44.326Z","ProviderGuid":"{5770385f-c22a-43e0-bf4c-06f5698ffbd9}","UtcTime":"2020-10-23 06:36:44.311","ProcessGuid":"{39e4a257-79fb-5f92-7217-000000000700}","Image":"C:\\windows\\System32\\svchost.exe","Level":"4","Channel":"Microsoft-Windows-Sysmon/Operational","Task":"12","RuleName":"-","SourceName":"Microsoft-Windows-Sysmon","Hostname":"WORKSTATION5","ProcessId":"4696","EventType":"CreateKey","EventID":12,"Keywords":"0x8000000000000000","TargetObject":"HKLM\\System\\CurrentControlSet\\Services\\Tcpip\\Parameters","Message":"Registry object added or deleted:\r\nRuleName: -\r\nEventType: CreateKey\r\nUtcTime: 2020-10-23 06:36:44.311\r\nProcessGuid: {39e4a257-79fb-5f92-7217-000000000700}\r\nProcessId: 4696\r\nImage: C:\\windows\\System32\\svchost.exe\r\nTargetObject: HKLM\\System\\CurrentControlSet\\Services\\Tcpip\\Parameters"}
{"@timestamp":"2020-10-23T02:36:44.327Z","TimeCreated":"2020-10-23T02:36:44.327Z","ProviderGuid":"{5770385f-c22a-43e0-bf4c-06f5698ffbd9}","UtcTime":"2020-10-23 06:36:44.311","ProcessGuid":"{39e4a257-79fb-5f92-7217-000000000700}","Image":"C:\\windows\\System32\\svchost.exe","Level":"4","Channel":"Microsoft-Windows-Sysmon/Operational","Task":"12","RuleName":"-","SourceName":"Microsoft-Windows-Sysmon","Hostname":"WORKSTATION5","ProcessId":"4696","EventType":"CreateKey","EventID":12,"Keywords":"0x8000000000000000","TargetObject":"HKLM\\System\\CurrentControlSet\\Services\\Tcpip\\Parameters","Message":"Registry object added or deleted:\r\nRuleName: -\r\nEventType: CreateKey\r\nUtcTime: 2020-10-23 06:36:44.311\r\nProcessGuid: {39e4a257-79fb-5f92-7217-000000000700}\r\nProcessId: 4696\r\nImage: C:\\windows\\System32\\svchost.exe\r\nTargetObject: HKLM\\System\\CurrentControlSet\\Services\\Tcpip\\Parameters"}
{"GrantedAccess":"0x1000","@timestamp":"2020-10-23T02:36:44.329Z","TimeCreated":"2020-10-23T02:36:44.329Z","SourceThreadId":"1060","SourceImage":"C:\\windows\\system32\\svchost.exe","ProviderGuid":"{5770385f-c22a-43e0-bf4c-06f5698ffbd9}","CallTrace":"C:\\windows\\SYSTEM32\\ntdll.dll+9c584|C:\\windows\\SYSTEM32\\psmserviceexthost.dll+222a3|C:\\windows\\SYSTEM32\\psmserviceexthost.dll+37ea0|C:\\windows\\SYSTEM32\\psmserviceexthost.dll+37929|C:\\windows\\SYSTEM32\\psmserviceexthost.dll+686f8|C:\\windows\\SYSTEM32\\psmserviceexthost.dll+6e84a|C:\\windows\\SYSTEM32\\psmserviceexthost.dll+6f700|C:\\windows\\SYSTEM32\\psmserviceexthost.dll+34be4|C:\\windows\\SYSTEM32\\psmserviceexthost.dll+6f63e|C:\\windows\\SYSTEM32\\psmserviceexthost.dll+713b5|C:\\windows\\SYSTEM32\\psmserviceexthost.dll+50bda|C:\\windows\\SYSTEM32\\psmserviceexthost.dll+4500a|C:\\windows\\System32\\KERNEL32.DLL+17c24|C:\\windows\\SYSTEM32\\ntdll.dll+6cea1","UtcTime":"2020-10-23 06:36:44.327","TargetProcessGUID":"{39e4a257-f247-5f8b-d300-000000000700}","SourceProcessId":"944","Level":"4","Channel":"Microsoft-Windows-Sysmon/Operational","Task":"10","RuleName":"-","SourceName":"Microsoft-Windows-Sysmon","Hostname":"WORKSTATION5","SourceProcessGUID":"{39e4a257-f132-5f8b-1000-000000000700}","TargetProcessId":"4368","EventID":10,"Keywords":"0x8000000000000000","TargetImage":"C:\\Windows\\SystemApps\\InputApp_cw5n1h2txyewy\\WindowsInternal.ComposableShell.Experiences.TextInput.InputApp.exe","Message":"Process accessed:\r\nRuleName: -\r\nUtcTime: 2020-10-23 06:36:44.327\r\nSourceProcessGUID: {39e4a257-f132-5f8b-1000-000000000700}\r\nSourceProcessId: 944\r\nSourceThreadId: 1060\r\nSourceImage: C:\\windows\\system32\\svchost.exe\r\nTargetProcessGUID: {39e4a257-f247-5f8b-d300-000000000700}\r\nTargetProcessId: 4368\r\nTargetImage: C:\\Windows\\SystemApps\\InputApp_cw5n1h2txyewy\\WindowsInternal.ComposableShell.Experiences.TextInput.InputApp.exe\r\nGrantedAccess: 0x1000\r\nCallTrace: C:\\windows\\SYSTEM32\\ntdll.dll+9c584|C:\\windows\\SYSTEM32\\psmserviceexthost.dll+222a3|C:\\windows\\SYSTEM32\\psmserviceexthost.dll+37ea0|C:\\windows\\SYSTEM32\\psmserviceexthost.dll+37929|C:\\windows\\SYSTEM32\\psmserviceexthost.dll+686f8|C:\\windows\\SYSTEM32\\psmserviceexthost.dll+6e84a|C:\\windows\\SYSTEM32\\psmserviceexthost.dll+6f700|C:\\windows\\SYSTEM32\\psmserviceexthost.dll+34be4|C:\\windows\\SYSTEM32\\psmserviceexthost.dll+6f63e|C:\\windows\\SYSTEM32\\psmserviceexthost.dll+713b5|C:\\windows\\SYSTEM32\\psmserviceexthost.dll+50bda|C:\\windows\\SYSTEM32\\psmserviceexthost.dll+4500a|C:\\windows\\System32\\KERNEL32.DLL+17c24|C:\\windows\\SYSTEM32\\ntdll.dll+6cea1"}
{"GrantedAccess":"0x1000","@timestamp":"2020-10-23T02:36:44.329Z","TimeCreated":"2020-10-23T02:36:44.329Z","SourceThreadId":"1060","SourceImage":"C:\\windows\\system32\\svchost.exe","ProviderGuid":"{5770385f-c22a-43e0-bf4c-06f5698ffbd9}","CallTrace":"C:\\windows\\SYSTEM32\\ntdll.dll+9c584|C:\\windows\\SYSTEM32\\psmserviceexthost.dll+222a3|C:\\windows\\SYSTEM32\\psmserviceexthost.dll+37ea0|C:\\windows\\SYSTEM32\\psmserviceexthost.dll+37929|C:\\windows\\SYSTEM32\\psmserviceexthost.dll+686f8|C:\\windows\\SYSTEM32\\psmserviceexthost.dll+6e84a|C:\\windows\\SYSTEM32\\psmserviceexthost.dll+6f700|C:\\windows\\SYSTEM32\\psmserviceexthost.dll+34be4|C:\\windows\\SYSTEM32\\psmserviceexthost.dll+6f63e|C:\\windows\\SYSTEM32\\psmserviceexthost.dll+713b5|C:\\windows\\SYSTEM32\\psmserviceexthost.dll+50bda|C:\\windows\\SYSTEM32\\psmserviceexthost.dll+4500a|C:\\windows\\System32\\KERNEL32.DLL+17c24|C:\\windows\\SYSTEM32\\ntdll.dll+6cea1","UtcTime":"2020-10-23 06:36:44.327","TargetProcessGUID":"{39e4a257-79ef-5f92-7017-000000000700}","SourceProcessId":"944","Level":"4","Channel":"Microsoft-Windows-Sysmon/Operational","Task":"10","RuleName":"-","SourceName":"Microsoft-Windows-Sysmon","Hostname":"WORKSTATION5","SourceProcessGUID":"{39e4a257-f132-5f8b-1000-000000000700}","TargetProcessId":"1408","EventID":10,"Keywords":"0x8000000000000000","TargetImage":"C:\\windows\\system32\\backgroundTaskHost.exe","Message":"Process accessed:\r\nRuleName: -\r\nUtcTime: 2020-10-23 06:36:44.327\r\nSourceProcessGUID: {39e4a257-f132-5f8b-1000-000000000700}\r\nSourceProcessId: 944\r\nSourceThreadId: 1060\r\nSourceImage: C:\\windows\\system32\\svchost.exe\r\nTargetProcessGUID: {39e4a257-79ef-5f92-7017-000000000700}\r\nTargetProcessId: 1408\r\nTargetImage: C:\\windows\\system32\\backgroundTaskHost.exe\r\nGrantedAccess: 0x1000\r\nCallTrace: C:\\windows\\SYSTEM32\\ntdll.dll+9c584|C:\\windows\\SYSTEM32\\psmserviceexthost.dll+222a3|C:\\windows\\SYSTEM32\\psmserviceexthost.dll+37ea0|C:\\windows\\SYSTEM32\\psmserviceexthost.dll+37929|C:\\windows\\SYSTEM32\\psmserviceexthost.dll+686f8|C:\\windows\\SYSTEM32\\psmserviceexthost.dll+6e84a|C:\\windows\\SYSTEM32\\psmserviceexthost.dll+6f700|C:\\windows\\SYSTEM32\\psmserviceexthost.dll+34be4|C:\\windows\\SYSTEM32\\psmserviceexthost.dll+6f63e|C:\\windows\\SYSTEM32\\psmserviceexthost.dll+713b5|C:\\windows\\SYSTEM32\\psmserviceexthost.dll+50bda|C:\\windows\\SYSTEM32\\psmserviceexthost.dll+4500a|C:\\windows\\System32\\KERNEL32.DLL+17c24|C:\\windows\\SYSTEM32\\ntdll.dll+6cea1"}
{"@timestamp":"2020-10-23T02:36:44.342Z","TimeCreated":"2020-10-23T02:36:44.342Z","Hashes":"SHA1=0FF1712CA3D53ADFC39141722213F851B08F8C0B,MD5=43C2DF6B74D8623771D913ABE258CB5E,SHA256=A00E0341E520B1BD71113DCE1D53081CD60B4A43FF795ECE7B68D30285005D8B,IMPHASH=BC8087F89E664A18F570A2FADD80A263","Signature":"Microsoft Windows","ProviderGuid":"{5770385f-c22a-43e0-bf4c-06f5698ffbd9}","Company":"Microsoft Corporation","UtcTime":"2020-10-23 06:36:44.327","ProcessGuid":"{39e4a257-79fb-5f92-7217-000000000700}","Image":"C:\\Windows\\System32\\svchost.exe","ImageLoaded":"C:\\Windows\\System32\\schannel.dll","Level":"4","Channel":"Microsoft-Windows-Sysmon/Operational","Task":"7","RuleName":"-","FileVersion":"10.0.18362.1082 (WinBuild.160101.0800)","SourceName":"Microsoft-Windows-Sysmon","Hostname":"WORKSTATION5","ProcessId":"4696","Description":"TLS / SSL Security Provider","SignatureStatus":"Valid","Product":"Microsoft Windows Operating System","EventID":7,"Keywords":"0x8000000000000000","Signed":"true","OriginalFileName":"schannel.dll","Message":"Image loaded:\r\nRuleName: -\r\nUtcTime: 2020-10-23 06:36:44.327\r\nProcessGuid: {39e4a257-79fb-5f92-7217-000000000700}\r\nProcessId: 4696\r\nImage: C:\\Windows\\System32\\svchost.exe\r\nImageLoaded: C:\\Windows\\System32\\schannel.dll\r\nFileVersion: 10.0.18362.1082 (WinBuild.160101.0800)\r\nDescription: TLS / SSL Security Provider\r\nProduct: Microsoft Windows Operating System\r\nCompany: Microsoft Corporation\r\nOriginalFileName: schannel.dll\r\nHashes: SHA1=0FF1712CA3D53ADFC39141722213F851B08F8C0B,MD5=43C2DF6B74D8623771D913ABE258CB5E,SHA256=A00E0341E520B1BD71113DCE1D53081CD60B4A43FF795ECE7B68D30285005D8B,IMPHASH=BC8087F89E664A18F570A2FADD80A263\r\nSigned: true\r\nSignature: Microsoft Windows\r\nSignatureStatus: Valid"}
{"@timestamp":"2020-10-23T02:36:44.342Z","TimeCreated":"2020-10-23T02:36:44.342Z","ProviderGuid":"{5770385f-c22a-43e0-bf4c-06f5698ffbd9}","UtcTime":"2020-10-23 06:36:44.327","ProcessGuid":"{39e4a257-79fb-5f92-7217-000000000700}","Image":"C:\\windows\\System32\\svchost.exe","Level":"4","Channel":"Microsoft-Windows-Sysmon/Operational","Task":"12","RuleName":"-","SourceName":"Microsoft-Windows-Sysmon","Hostname":"WORKSTATION5","ProcessId":"4696","EventType":"CreateKey","EventID":12,"Keywords":"0x8000000000000000","TargetObject":"HKLM\\System\\CurrentControlSet\\Control\\SecurityProviders\\SCHANNEL","Message":"Registry object added or deleted:\r\nRuleName: -\r\nEventType: CreateKey\r\nUtcTime: 2020-10-23 06:36:44.327\r\nProcessGuid: {39e4a257-79fb-5f92-7217-000000000700}\r\nProcessId: 4696\r\nImage: C:\\windows\\System32\\svchost.exe\r\nTargetObject: HKLM\\System\\CurrentControlSet\\Control\\SecurityProviders\\SCHANNEL"}
{"@timestamp":"2020-10-23T02:36:44.364Z","TimeCreated":"2020-10-23T02:36:44.364Z","Hashes":"SHA1=D8BC3DCBB652A8AFF45B9C1BD4F895CD13AC9B5C,MD5=D101E825371DBE0845B9E08F1C091FBF,SHA256=85C7857C7D9C90301739B886DE7395615D9D2421EF4AAAF2716EDAD893AD5196,IMPHASH=E4E8928EBF868331EC2393286954E548","Signature":"Microsoft Windows","ProviderGuid":"{5770385f-c22a-43e0-bf4c-06f5698ffbd9}","Company":"Microsoft Corporation","UtcTime":"2020-10-23 06:36:44.358","ProcessGuid":"{39e4a257-79fb-5f92-7217-000000000700}","Image":"C:\\Windows\\System32\\svchost.exe","ImageLoaded":"C:\\Windows\\System32\\mskeyprotect.dll","Level":"4","Channel":"Microsoft-Windows-Sysmon/Operational","Task":"7","RuleName":"-","FileVersion":"10.0.18362.1 (WinBuild.160101.0800)","SourceName":"Microsoft-Windows-Sysmon","Hostname":"WORKSTATION5","ProcessId":"4696","Description":"Microsoft Key Protection Provider","SignatureStatus":"Valid","Product":"Microsoft Windows Operating System","EventID":7,"Keywords":"0x8000000000000000","Signed":"true","OriginalFileName":"mskeyprotect.dll","Message":"Image loaded:\r\nRuleName: -\r\nUtcTime: 2020-10-23 06:36:44.358\r\nProcessGuid: {39e4a257-79fb-5f92-7217-000000000700}\r\nProcessId: 4696\r\nImage: C:\\Windows\\System32\\svchost.exe\r\nImageLoaded: C:\\Windows\\System32\\mskeyprotect.dll\r\nFileVersion: 10.0.18362.1 (WinBuild.160101.0800)\r\nDescription: Microsoft Key Protection Provider\r\nProduct: Microsoft Windows Operating System\r\nCompany: Microsoft Corporation\r\nOriginalFileName: mskeyprotect.dll\r\nHashes: SHA1=D8BC3DCBB652A8AFF45B9C1BD4F895CD13AC9B5C,MD5=D101E825371DBE0845B9E08F1C091FBF,SHA256=85C7857C7D9C90301739B886DE7395615D9D2421EF4AAAF2716EDAD893AD5196,IMPHASH=E4E8928EBF868331EC2393286954E548\r\nSigned: true\r\nSignature: Microsoft Windows\r\nSignatureStatus: Valid"}
{"@timestamp":"2020-10-23T02:36:44.364Z","TimeCreated":"2020-10-23T02:36:44.364Z","Hashes":"SHA1=F49964A73238B4FA6BE5C25E1060ABA6C0EEE52B,MD5=FF1EF5A267E237E061D6CF7655C61502,SHA256=53E8C9D12372004D56D489231C29134FCE6C39AE14F00682559E29D41DD4D7BD,IMPHASH=4458CB6DE6246C2447EE885DE013644D","Signature":"Microsoft Windows","ProviderGuid":"{5770385f-c22a-43e0-bf4c-06f5698ffbd9}","Company":"Microsoft Corporation","UtcTime":"2020-10-23 06:36:44.358","ProcessGuid":"{39e4a257-79fb-5f92-7217-000000000700}","Image":"C:\\Windows\\System32\\svchost.exe","ImageLoaded":"C:\\Windows\\System32\\ncrypt.dll","Level":"4","Channel":"Microsoft-Windows-Sysmon/Operational","Task":"7","RuleName":"-","FileVersion":"10.0.18362.1 (WinBuild.160101.0800)","SourceName":"Microsoft-Windows-Sysmon","Hostname":"WORKSTATION5","ProcessId":"4696","Description":"Windows NCrypt Router","SignatureStatus":"Valid","Product":"Microsoft Windows Operating System","EventID":7,"Keywords":"0x8000000000000000","Signed":"true","OriginalFileName":"ncrypt.dll","Message":"Image loaded:\r\nRuleName: -\r\nUtcTime: 2020-10-23 06:36:44.358\r\nProcessGuid: {39e4a257-79fb-5f92-7217-000000000700}\r\nProcessId: 4696\r\nImage: C:\\Windows\\System32\\svchost.exe\r\nImageLoaded: C:\\Windows\\System32\\ncrypt.dll\r\nFileVersion: 10.0.18362.1 (WinBuild.160101.0800)\r\nDescription: Windows NCrypt Router\r\nProduct: Microsoft Windows Operating System\r\nCompany: Microsoft Corporation\r\nOriginalFileName: ncrypt.dll\r\nHashes: SHA1=F49964A73238B4FA6BE5C25E1060ABA6C0EEE52B,MD5=FF1EF5A267E237E061D6CF7655C61502,SHA256=53E8C9D12372004D56D489231C29134FCE6C39AE14F00682559E29D41DD4D7BD,IMPHASH=4458CB6DE6246C2447EE885DE013644D\r\nSigned: true\r\nSignature: Microsoft Windows\r\nSignatureStatus: Valid"}
{"@timestamp":"2020-10-23T02:36:44.365Z","TimeCreated":"2020-10-23T02:36:44.365Z","Hashes":"SHA1=A2D12FF45777950F1E84B4B97E387DD08CA21E9E,MD5=0365BBD35F91F2E3990A72DF66572586,SHA256=C1979FED6A92EB1864EC03F1ACEEDA4455D1FD498C460BD52E469054ACD7B953,IMPHASH=F7100EF886430CB1ABAF38BE7BB05DEF","Signature":"Microsoft Windows","ProviderGuid":"{5770385f-c22a-43e0-bf4c-06f5698ffbd9}","Company":"Microsoft Corporation","UtcTime":"2020-10-23 06:36:44.358","ProcessGuid":"{39e4a257-79fb-5f92-7217-000000000700}","Image":"C:\\Windows\\System32\\svchost.exe","ImageLoaded":"C:\\Windows\\System32\\ntasn1.dll","Level":"4","Channel":"Microsoft-Windows-Sysmon/Operational","Task":"7","RuleName":"-","FileVersion":"10.0.18362.1 (WinBuild.160101.0800)","SourceName":"Microsoft-Windows-Sysmon","Hostname":"WORKSTATION5","ProcessId":"4696","Description":"Microsoft ASN.1 API","SignatureStatus":"Valid","Product":"Microsoft Windows Operating System","EventID":7,"Keywords":"0x8000000000000000","Signed":"true","OriginalFileName":"ntasn1.dll","Message":"Image loaded:\r\nRuleName: -\r\nUtcTime: 2020-10-23 06:36:44.358\r\nProcessGuid: {39e4a257-79fb-5f92-7217-000000000700}\r\nProcessId: 4696\r\nImage: C:\\Windows\\System32\\svchost.exe\r\nImageLoaded: C:\\Windows\\System32\\ntasn1.dll\r\nFileVersion: 10.0.18362.1 (WinBuild.160101.0800)\r\nDescription: Microsoft ASN.1 API\r\nProduct: Microsoft Windows Operating System\r\nCompany: Microsoft Corporation\r\nOriginalFileName: ntasn1.dll\r\nHashes: SHA1=A2D12FF45777950F1E84B4B97E387DD08CA21E9E,MD5=0365BBD35F91F2E3990A72DF66572586,SHA256=C1979FED6A92EB1864EC03F1ACEEDA4455D1FD498C460BD52E469054ACD7B953,IMPHASH=F7100EF886430CB1ABAF38BE7BB05DEF\r\nSigned: true\r\nSignature: Microsoft Windows\r\nSignatureStatus: Valid"}
{"@timestamp":"2020-10-23T02:36:44.365Z","TimeCreated":"2020-10-23T02:36:44.365Z","Hashes":"SHA1=85016C22B692FD4F3CA20732240C16EE31450B57,MD5=6206506DDECBF5E5DD220507D4AB5504,SHA256=D0CEE8D015B4D4329FEF39AF9079155517360BD170E266E75C79AF81720E2488,IMPHASH=AFA0DB2E14A797EA10D25C2C2EDC4AB9","Signature":"Microsoft Windows","ProviderGuid":"{5770385f-c22a-43e0-bf4c-06f5698ffbd9}","Company":"Microsoft Corporation","UtcTime":"2020-10-23 06:36:44.358","ProcessGuid":"{39e4a257-79fb-5f92-7217-000000000700}","Image":"C:\\Windows\\System32\\svchost.exe","ImageLoaded":"C:\\Windows\\System32\\ncryptsslp.dll","Level":"4","Channel":"Microsoft-Windows-Sysmon/Operational","Task":"7","RuleName":"-","FileVersion":"10.0.18362.1 (WinBuild.160101.0800)","SourceName":"Microsoft-Windows-Sysmon","Hostname":"WORKSTATION5","ProcessId":"4696","Description":"Microsoft SChannel Provider","SignatureStatus":"Valid","Product":"Microsoft Windows Operating System","EventID":7,"Keywords":"0x8000000000000000","Signed":"true","OriginalFileName":"ncryptsslp.dll","Message":"Image loaded:\r\nRuleName: -\r\nUtcTime: 2020-10-23 06:36:44.358\r\nProcessGuid: {39e4a257-79fb-5f92-7217-000000000700}\r\nProcessId: 4696\r\nImage: C:\\Windows\\System32\\svchost.exe\r\nImageLoaded: C:\\Windows\\System32\\ncryptsslp.dll\r\nFileVersion: 10.0.18362.1 (WinBuild.160101.0800)\r\nDescription: Microsoft SChannel Provider\r\nProduct: Microsoft Windows Operating System\r\nCompany: Microsoft Corporation\r\nOriginalFileName: ncryptsslp.dll\r\nHashes: SHA1=85016C22B692FD4F3CA20732240C16EE31450B57,MD5=6206506DDECBF5E5DD220507D4AB5504,SHA256=D0CEE8D015B4D4329FEF39AF9079155517360BD170E266E75C79AF81720E2488,IMPHASH=AFA0DB2E14A797EA10D25C2C2EDC4AB9\r\nSigned: true\r\nSignature: Microsoft Windows\r\nSignatureStatus: Valid"}
{"@timestamp":"2020-10-23T02:36:44.372Z","TimeCreated":"2020-10-23T02:36:44.372Z","ProviderGuid":"{5770385f-c22a-43e0-bf4c-06f5698ffbd9}","UtcTime":"2020-10-23 06:36:44.363","ProcessGuid":"{39e4a257-79fb-5f92-7217-000000000700}","Image":"C:\\windows\\System32\\svchost.exe","Level":"4","Channel":"Microsoft-Windows-Sysmon/Operational","Task":"12","RuleName":"-","SourceName":"Microsoft-Windows-Sysmon","Hostname":"WORKSTATION5","ProcessId":"4696","EventType":"CreateKey","EventID":12,"Keywords":"0x8000000000000000","TargetObject":"HKLM\\SOFTWARE\\Microsoft\\SystemCertificates\\ROOT","Message":"Registry object added or deleted:\r\nRuleName: -\r\nEventType: CreateKey\r\nUtcTime: 2020-10-23 06:36:44.363\r\nProcessGuid: {39e4a257-79fb-5f92-7217-000000000700}\r\nProcessId: 4696\r\nImage: C:\\windows\\System32\\svchost.exe\r\nTargetObject: HKLM\\SOFTWARE\\Microsoft\\SystemCertificates\\ROOT"}
{"@timestamp":"2020-10-23T02:36:44.372Z","TimeCreated":"2020-10-23T02:36:44.372Z","ProviderGuid":"{5770385f-c22a-43e0-bf4c-06f5698ffbd9}","UtcTime":"2020-10-23 06:36:44.363","ProcessGuid":"{39e4a257-79fb-5f92-7217-000000000700}","Image":"C:\\windows\\System32\\svchost.exe","Level":"4","Channel":"Microsoft-Windows-Sysmon/Operational","Task":"12","RuleName":"-","SourceName":"Microsoft-Windows-Sysmon","Hostname":"WORKSTATION5","ProcessId":"4696","EventType":"CreateKey","EventID":12,"Keywords":"0x8000000000000000","TargetObject":"HKLM\\SOFTWARE\\Microsoft\\SystemCertificates\\ROOT","Message":"Registry object added or deleted:\r\nRuleName: -\r\nEventType: CreateKey\r\nUtcTime: 2020-10-23 06:36:44.363\r\nProcessGuid: {39e4a257-79fb-5f92-7217-000000000700}\r\nProcessId: 4696\r\nImage: C:\\windows\\System32\\svchost.exe\r\nTargetObject: HKLM\\SOFTWARE\\Microsoft\\SystemCertificates\\ROOT"}
{"@timestamp":"2020-10-23T02:36:44.372Z","TimeCreated":"2020-10-23T02:36:44.372Z","ProviderGuid":"{5770385f-c22a-43e0-bf4c-06f5698ffbd9}","UtcTime":"2020-10-23 06:36:44.363","ProcessGuid":"{39e4a257-79fb-5f92-7217-000000000700}","Image":"C:\\windows\\System32\\svchost.exe","Level":"4","Channel":"Microsoft-Windows-Sysmon/Operational","Task":"12","RuleName":"-","SourceName":"Microsoft-Windows-Sysmon","Hostname":"WORKSTATION5","ProcessId":"4696","EventType":"CreateKey","EventID":12,"Keywords":"0x8000000000000000","TargetObject":"HKLM\\SOFTWARE\\Microsoft\\SystemCertificates\\AuthRoot","Message":"Registry object added or deleted:\r\nRuleName: -\r\nEventType: CreateKey\r\nUtcTime: 2020-10-23 06:36:44.363\r\nProcessGuid: {39e4a257-79fb-5f92-7217-000000000700}\r\nProcessId: 4696\r\nImage: C:\\windows\\System32\\svchost.exe\r\nTargetObject: HKLM\\SOFTWARE\\Microsoft\\SystemCertificates\\AuthRoot"}
{"@timestamp":"2020-10-23T02:36:44.372Z","TimeCreated":"2020-10-23T02:36:44.372Z","ProviderGuid":"{5770385f-c22a-43e0-bf4c-06f5698ffbd9}","UtcTime":"2020-10-23 06:36:44.363","ProcessGuid":"{39e4a257-79fb-5f92-7217-000000000700}","Image":"C:\\windows\\System32\\svchost.exe","Level":"4","Channel":"Microsoft-Windows-Sysmon/Operational","Task":"12","RuleName":"-","SourceName":"Microsoft-Windows-Sysmon","Hostname":"WORKSTATION5","ProcessId":"4696","EventType":"CreateKey","EventID":12,"Keywords":"0x8000000000000000","TargetObject":"HKLM\\SOFTWARE\\Microsoft\\EnterpriseCertificates\\Root","Message":"Registry object added or deleted:\r\nRuleName: -\r\nEventType: CreateKey\r\nUtcTime: 2020-10-23 06:36:44.363\r\nProcessGuid: {39e4a257-79fb-5f92-7217-000000000700}\r\nProcessId: 4696\r\nImage: C:\\windows\\System32\\svchost.exe\r\nTargetObject: HKLM\\SOFTWARE\\Microsoft\\EnterpriseCertificates\\Root"}
{"@timestamp":"2020-10-23T02:36:44.372Z","TimeCreated":"2020-10-23T02:36:44.372Z","ProviderGuid":"{5770385f-c22a-43e0-bf4c-06f5698ffbd9}","UtcTime":"2020-10-23 06:36:44.363","ProcessGuid":"{39e4a257-79fb-5f92-7217-000000000700}","Image":"C:\\windows\\System32\\svchost.exe","Level":"4","Channel":"Microsoft-Windows-Sysmon/Operational","Task":"12","RuleName":"-","SourceName":"Microsoft-Windows-Sysmon","Hostname":"WORKSTATION5","ProcessId":"4696","EventType":"CreateKey","EventID":12,"Keywords":"0x8000000000000000","TargetObject":"HKLM\\SOFTWARE\\Microsoft\\EnterpriseCertificates\\Root","Message":"Registry object added or deleted:\r\nRuleName: -\r\nEventType: CreateKey\r\nUtcTime: 2020-10-23 06:36:44.363\r\nProcessGuid: {39e4a257-79fb-5f92-7217-000000000700}\r\nProcessId: 4696\r\nImage: C:\\windows\\System32\\svchost.exe\r\nTargetObject: HKLM\\SOFTWARE\\Microsoft\\EnterpriseCertificates\\Root"}
{"@timestamp":"2020-10-23T02:36:44.372Z","TimeCreated":"2020-10-23T02:36:44.372Z","ProviderGuid":"{5770385f-c22a-43e0-bf4c-06f5698ffbd9}","UtcTime":"2020-10-23 06:36:44.363","ProcessGuid":"{39e4a257-79fb-5f92-7217-000000000700}","Image":"C:\\windows\\System32\\svchost.exe","Level":"4","Channel":"Microsoft-Windows-Sysmon/Operational","Task":"12","RuleName":"-","SourceName":"Microsoft-Windows-Sysmon","Hostname":"WORKSTATION5","ProcessId":"4696","EventType":"CreateKey","EventID":12,"Keywords":"0x8000000000000000","TargetObject":"HKLM\\SOFTWARE\\Microsoft\\SystemCertificates\\SmartCardRoot","Message":"Registry object added or deleted:\r\nRuleName: -\r\nEventType: CreateKey\r\nUtcTime: 2020-10-23 06:36:44.363\r\nProcessGuid: {39e4a257-79fb-5f92-7217-000000000700}\r\nProcessId: 4696\r\nImage: C:\\windows\\System32\\svchost.exe\r\nTargetObject: HKLM\\SOFTWARE\\Microsoft\\SystemCertificates\\SmartCardRoot"}
{"@timestamp":"2020-10-23T02:36:44.372Z","TimeCreated":"2020-10-23T02:36:44.372Z","ProviderGuid":"{5770385f-c22a-43e0-bf4c-06f5698ffbd9}","UtcTime":"2020-10-23 06:36:44.363","ProcessGuid":"{39e4a257-79fb-5f92-7217-000000000700}","Image":"C:\\windows\\System32\\svchost.exe","Level":"4","Channel":"Microsoft-Windows-Sysmon/Operational","Task":"12","RuleName":"-","SourceName":"Microsoft-Windows-Sysmon","Hostname":"WORKSTATION5","ProcessId":"4696","EventType":"CreateKey","EventID":12,"Keywords":"0x8000000000000000","TargetObject":"HKLM\\SOFTWARE\\Microsoft\\SystemCertificates\\CA","Message":"Registry object added or deleted:\r\nRuleName: -\r\nEventType: CreateKey\r\nUtcTime: 2020-10-23 06:36:44.363\r\nProcessGuid: {39e4a257-79fb-5f92-7217-000000000700}\r\nProcessId: 4696\r\nImage: C:\\windows\\System32\\svchost.exe\r\nTargetObject: HKLM\\SOFTWARE\\Microsoft\\SystemCertificates\\CA"}
{"@timestamp":"2020-10-23T02:36:44.372Z","TimeCreated":"2020-10-23T02:36:44.372Z","ProviderGuid":"{5770385f-c22a-43e0-bf4c-06f5698ffbd9}","UtcTime":"2020-10-23 06:36:44.363","ProcessGuid":"{39e4a257-79fb-5f92-7217-000000000700}","Image":"C:\\windows\\System32\\svchost.exe","Level":"4","Channel":"Microsoft-Windows-Sysmon/Operational","Task":"12","RuleName":"-","SourceName":"Microsoft-Windows-Sysmon","Hostname":"WORKSTATION5","ProcessId":"4696","EventType":"CreateKey","EventID":12,"Keywords":"0x8000000000000000","TargetObject":"HKLM\\SOFTWARE\\Microsoft\\SystemCertificates\\CA","Message":"Registry object added or deleted:\r\nRuleName: -\r\nEventType: CreateKey\r\nUtcTime: 2020-10-23 06:36:44.363\r\nProcessGuid: {39e4a257-79fb-5f92-7217-000000000700}\r\nProcessId: 4696\r\nImage: C:\\windows\\System32\\svchost.exe\r\nTargetObject: HKLM\\SOFTWARE\\Microsoft\\SystemCertificates\\CA"}
{"@timestamp":"2020-10-23T02:36:44.372Z","TimeCreated":"2020-10-23T02:36:44.372Z","ProviderGuid":"{5770385f-c22a-43e0-bf4c-06f5698ffbd9}","UtcTime":"2020-10-23 06:36:44.363","ProcessGuid":"{39e4a257-79fb-5f92-7217-000000000700}","Image":"C:\\windows\\System32\\svchost.exe","Level":"4","Channel":"Microsoft-Windows-Sysmon/Operational","Task":"12","RuleName":"-","SourceName":"Microsoft-Windows-Sysmon","Hostname":"WORKSTATION5","ProcessId":"4696","EventType":"CreateKey","EventID":12,"Keywords":"0x8000000000000000","TargetObject":"HKLM\\SOFTWARE\\Microsoft\\EnterpriseCertificates\\CA","Message":"Registry object added or deleted:\r\nRuleName: -\r\nEventType: CreateKey\r\nUtcTime: 2020-10-23 06:36:44.363\r\nProcessGuid: {39e4a257-79fb-5f92-7217-000000000700}\r\nProcessId: 4696\r\nImage: C:\\windows\\System32\\svchost.exe\r\nTargetObject: HKLM\\SOFTWARE\\Microsoft\\EnterpriseCertificates\\CA"}
{"@timestamp":"2020-10-23T02:36:44.372Z","TimeCreated":"2020-10-23T02:36:44.372Z","ProviderGuid":"{5770385f-c22a-43e0-bf4c-06f5698ffbd9}","UtcTime":"2020-10-23 06:36:44.363","ProcessGuid":"{39e4a257-79fb-5f92-7217-000000000700}","Image":"C:\\windows\\System32\\svchost.exe","Level":"4","Channel":"Microsoft-Windows-Sysmon/Operational","Task":"12","RuleName":"-","SourceName":"Microsoft-Windows-Sysmon","Hostname":"WORKSTATION5","ProcessId":"4696","EventType":"CreateKey","EventID":12,"Keywords":"0x8000000000000000","TargetObject":"HKLM\\SOFTWARE\\Microsoft\\EnterpriseCertificates\\CA","Message":"Registry object added or deleted:\r\nRuleName: -\r\nEventType: CreateKey\r\nUtcTime: 2020-10-23 06:36:44.363\r\nProcessGuid: {39e4a257-79fb-5f92-7217-000000000700}\r\nProcessId: 4696\r\nImage: C:\\windows\\System32\\svchost.exe\r\nTargetObject: HKLM\\SOFTWARE\\Microsoft\\EnterpriseCertificates\\CA"}
