{"Message":"The audit log was cleared.\r\nSubject:\r\n\tSecurity ID:\tS-1-5-21-3140987116-517580383-2541594433-1104\r\n\tAccount Name:\tpgustavo\r\n\tDomain Name:\tTHESHIRE\r\n\tLogon ID:\t0x10276B","EventID":1102,"SourceName":"Microsoft-Windows-Eventlog","TimeCreated":"2020-10-29T08:23:18.073Z","Hostname":"WORKSTATION5.theshire.local","Task":"104","Level":"4","Keywords":"0x4020000000000000","Channel":"security","ProviderGuid":"{fc65ddd8-d6ef-4962-83d5-6e5cfe9ce148}","@timestamp":"2020-10-29T08:23:18.073Z"}
{"@timestamp":"2020-10-29T08:23:20.533Z","TimeCreated":"2020-10-29T08:23:20.533Z","CommandLine":"SharpView.exe  Get-ObjectAcl -SamAccountName \"Domain Admins\"","SubjectLogonId":"0x10276b","NewProcessId":"0xea8","SubjectDomainName":"THESHIRE","ProviderGuid":"{54849625-5478-4994-a5ba-3e3b0328c30d}","TargetLogonId":"0x0","TokenElevationType":"%%1937","SubjectUserSid":"S-1-5-21-3140987116-517580383-2541594433-1104","NewProcessName":"C:\\ProgramData\\SharpView.exe","Level":"0","Channel":"security","Task":"13312","SourceName":"Microsoft-Windows-Security-Auditing","Hostname":"WORKSTATION5.theshire.local","TargetDomainName":"-","ProcessId":"0x1e7c","TargetUserName":"-","ParentProcessName":"C:\\Windows\\System32\\cmd.exe","TargetUserSid":"S-1-0-0","EventID":4688,"Keywords":"0x8020000000000000","SubjectUserName":"pgustavo","MandatoryLabel":"S-1-16-12288","Message":"A new process has been created.\r\n\r\nCreator Subject:\r\n\tSecurity ID:\t\tS-1-5-21-3140987116-517580383-2541594433-1104\r\n\tAccount Name:\t\tpgustavo\r\n\tAccount Domain:\t\tTHESHIRE\r\n\tLogon ID:\t\t0x10276B\r\n\r\nTarget Subject:\r\n\tSecurity ID:\t\tS-1-0-0\r\n\tAccount Name:\t\t-\r\n\tAccount Domain:\t\t-\r\n\tLogon ID:\t\t0x0\r\n\r\nProcess Information:\r\n\tNew Process ID:\t\t0xea8\r\n\tNew Process Name:\tC:\\ProgramData\\SharpView.exe\r\n\tToken Elevation Type:\t%%1937\r\n\tMandatory Label:\t\tS-1-16-12288\r\n\tCreator Process ID:\t0x1e7c\r\n\tCreator Process Name:\tC:\\Windows\\System32\\cmd.exe\r\n\tProcess Command Line:\tSharpView.exe  Get-ObjectAcl -SamAccountName \"Domain Admins\"\r\n\r\nToken Elevation Type indicates the type of token that was assigned to the new process in accordance with User Account Control policy.\r\n\r\nType 1 is a full token with no privileges removed or groups disabled.  A full token is only used if User Account Control is disabled or if the user is the built-in Administrator account or a service account.\r\n\r\nType 2 is an elevated token with no privileges removed or groups disabled.  An elevated token is used when User Account Control is enabled and the user chooses to start the program using Run as administrator.  An elevated token is also used when an application is configured to always require administrative privilege or to always require maximum privilege, and the user is a member of the Administrators group.\r\n\r\nType 3 is a limited token with administrative privileges removed and administrative groups disabled.  The limited token is used when User Account Control is enabled, the application does not require administrative privilege, and the user does not choose to start the program using Run as administrator."}
{"@timestamp":"2020-10-29T08:23:20.548Z","TimeCreated":"2020-10-29T08:23:20.548Z","SubjectLogonId":"0x10276b","SubjectDomainName":"THESHIRE","ProviderGuid":"{54849625-5478-4994-a5ba-3e3b0328c30d}","SubjectUserSid":"S-1-5-21-3140987116-517580383-2541594433-1104","SourceHandleId":"0xa4","Level":"0","Channel":"security","Task":"12807","TargetHandleId":"0x9fc","SourceName":"Microsoft-Windows-Security-Auditing","Hostname":"WORKSTATION5.theshire.local","SourceProcessId":"0xea8","EventID":4690,"Keywords":"0x8020000000000000","TargetProcessId":"0x4","SubjectUserName":"pgustavo","Message":"An attempt was made to duplicate a handle to an object.\r\n\r\nSubject:\r\n\tSecurity ID:\t\tS-1-5-21-3140987116-517580383-2541594433-1104\r\n\tAccount Name:\t\tpgustavo\r\n\tAccount Domain:\t\tTHESHIRE\r\n\tLogon ID:\t\t0x10276B\r\n\r\nSource Handle Information:\r\n\tSource Handle ID:\t0xa4\r\n\tSource Process ID:\t0xea8\r\n\r\nNew Handle Information:\r\n\tTarget Handle ID:\t0x9fc\r\n\tTarget Process ID:\t0x4"}
{"@timestamp":"2020-10-29T08:23:20.548Z","TimeCreated":"2020-10-29T08:23:20.548Z","SubjectLogonId":"0x10276b","SubjectDomainName":"THESHIRE","ProviderGuid":"{54849625-5478-4994-a5ba-3e3b0328c30d}","ObjectServer":"Security","HandleId":"0x9fc","SubjectUserSid":"S-1-5-21-3140987116-517580383-2541594433-1104","Level":"0","Channel":"security","Task":"12801","SourceName":"Microsoft-Windows-Security-Auditing","Hostname":"WORKSTATION5.theshire.local","ProcessName":"C:\\ProgramData\\SharpView.exe","ProcessId":"0xea8","EventID":4658,"Keywords":"0x8020000000000000","SubjectUserName":"pgustavo","Message":"The handle to an object was closed.\r\n\r\nSubject :\r\n\tSecurity ID:\t\tS-1-5-21-3140987116-517580383-2541594433-1104\r\n\tAccount Name:\t\tpgustavo\r\n\tAccount Domain:\t\tTHESHIRE\r\n\tLogon ID:\t\t0x10276B\r\n\r\nObject:\r\n\tObject Server:\t\tSecurity\r\n\tHandle ID:\t\t0x9fc\r\n\r\nProcess Information:\r\n\tProcess ID:\t\t0xea8\r\n\tProcess Name:\t\tC:\\ProgramData\\SharpView.exe"}
{"Keywords":"0x8020000000000000","Task":"12801","ObjectServer":"Security","TimeCreated":"2020-10-29T08:23:20.548Z","RestrictedSidCount":"0","SubjectUserSid":"S-1-5-21-3140987116-517580383-2541594433-1104","ObjectName":"\\REGISTRY\\MACHINE\\SOFTWARE\\Microsoft\\.NETFramework","SubjectLogonId":"0x10276b","ResourceAttributes":"-","PrivilegeList":"-","TransactionId":"{00000000-0000-0000-0000-000000000000}","AccessMask":"0x20019","SourceName":"Microsoft-Windows-Security-Auditing","SubjectDomainName":"THESHIRE","ObjectType":"Key","ProcessName":"C:\\ProgramData\\SharpView.exe","AccessReason":"-","ProcessId":"0xea8","SubjectUserName":"pgustavo","AccessList":"%%1538\n\t\t\t\t%%4432\n\t\t\t\t%%4435\n\t\t\t\t%%4436\n\t\t\t\t","@timestamp":"2020-10-29T08:23:20.548Z","HandleId":"0xa4","Hostname":"WORKSTATION5.theshire.local","Channel":"security","Level":"0","EventID":4656,"ProviderGuid":"{54849625-5478-4994-a5ba-3e3b0328c30d}","Message":"A handle to an object was requested.\r\n\r\nSubject:\r\n\tSecurity ID:\t\tS-1-5-21-3140987116-517580383-2541594433-1104\r\n\tAccount Name:\t\tpgustavo\r\n\tAccount Domain:\t\tTHESHIRE\r\n\tLogon ID:\t\t0x10276B\r\n\r\nObject:\r\n\tObject Server:\t\tSecurity\r\n\tObject Type:\t\tKey\r\n\tObject Name:\t\t\\REGISTRY\\MACHINE\\SOFTWARE\\Microsoft\\.NETFramework\r\n\tHandle ID:\t\t0xa4\r\n\tResource Attributes:\t-\r\n\r\nProcess Information:\r\n\tProcess ID:\t\t0xea8\r\n\tProcess Name:\t\tC:\\ProgramData\\SharpView.exe\r\n\r\nAccess Request Information:\r\n\tTransaction ID:\t\t{00000000-0000-0000-0000-000000000000}\r\n\tAccesses:\t\tREAD_CONTROL\r\n\t\t\t\tQuery key value\r\n\t\t\t\tEnumerate sub-keys\r\n\t\t\t\tNotify about changes to keys\r\n\t\t\t\t\r\n\tAccess Reasons:\t\t-\r\n\tAccess Mask:\t\t0x20019\r\n\tPrivileges Used for Access Check:\t-\r\n\tRestricted SID Count:\t0"}
{"@timestamp":"2020-10-29T08:23:20.548Z","TimeCreated":"2020-10-29T08:23:20.548Z","SubjectLogonId":"0x10276b","SubjectDomainName":"THESHIRE","ProviderGuid":"{54849625-5478-4994-a5ba-3e3b0328c30d}","ObjectServer":"Security","HandleId":"0xa4","SubjectUserSid":"S-1-5-21-3140987116-517580383-2541594433-1104","Level":"0","Channel":"security","Task":"12801","SourceName":"Microsoft-Windows-Security-Auditing","Hostname":"WORKSTATION5.theshire.local","ProcessName":"C:\\ProgramData\\SharpView.exe","ProcessId":"0xea8","EventID":4658,"Keywords":"0x8020000000000000","SubjectUserName":"pgustavo","Message":"The handle to an object was closed.\r\n\r\nSubject :\r\n\tSecurity ID:\t\tS-1-5-21-3140987116-517580383-2541594433-1104\r\n\tAccount Name:\t\tpgustavo\r\n\tAccount Domain:\t\tTHESHIRE\r\n\tLogon ID:\t\t0x10276B\r\n\r\nObject:\r\n\tObject Server:\t\tSecurity\r\n\tHandle ID:\t\t0xa4\r\n\r\nProcess Information:\r\n\tProcess ID:\t\t0xea8\r\n\tProcess Name:\t\tC:\\ProgramData\\SharpView.exe"}
{"@timestamp":"2020-10-29T08:23:20.548Z","TimeCreated":"2020-10-29T08:23:20.548Z","SubjectLogonId":"0x10276b","SubjectDomainName":"THESHIRE","ProviderGuid":"{54849625-5478-4994-a5ba-3e3b0328c30d}","SubjectUserSid":"S-1-5-21-3140987116-517580383-2541594433-1104","SourceHandleId":"0xa0","Level":"0","Channel":"security","Task":"12807","TargetHandleId":"0x9fc","SourceName":"Microsoft-Windows-Security-Auditing","Hostname":"WORKSTATION5.theshire.local","SourceProcessId":"0xea8","EventID":4690,"Keywords":"0x8020000000000000","TargetProcessId":"0x4","SubjectUserName":"pgustavo","Message":"An attempt was made to duplicate a handle to an object.\r\n\r\nSubject:\r\n\tSecurity ID:\t\tS-1-5-21-3140987116-517580383-2541594433-1104\r\n\tAccount Name:\t\tpgustavo\r\n\tAccount Domain:\t\tTHESHIRE\r\n\tLogon ID:\t\t0x10276B\r\n\r\nSource Handle Information:\r\n\tSource Handle ID:\t0xa0\r\n\tSource Process ID:\t0xea8\r\n\r\nNew Handle Information:\r\n\tTarget Handle ID:\t0x9fc\r\n\tTarget Process ID:\t0x4"}
{"@timestamp":"2020-10-29T08:23:20.548Z","TimeCreated":"2020-10-29T08:23:20.548Z","SubjectLogonId":"0x10276b","SubjectDomainName":"THESHIRE","ProviderGuid":"{54849625-5478-4994-a5ba-3e3b0328c30d}","ObjectServer":"Security","HandleId":"0x9fc","SubjectUserSid":"S-1-5-21-3140987116-517580383-2541594433-1104","Level":"0","Channel":"security","Task":"12801","SourceName":"Microsoft-Windows-Security-Auditing","Hostname":"WORKSTATION5.theshire.local","ProcessName":"C:\\ProgramData\\SharpView.exe","ProcessId":"0xea8","EventID":4658,"Keywords":"0x8020000000000000","SubjectUserName":"pgustavo","Message":"The handle to an object was closed.\r\n\r\nSubject :\r\n\tSecurity ID:\t\tS-1-5-21-3140987116-517580383-2541594433-1104\r\n\tAccount Name:\t\tpgustavo\r\n\tAccount Domain:\t\tTHESHIRE\r\n\tLogon ID:\t\t0x10276B\r\n\r\nObject:\r\n\tObject Server:\t\tSecurity\r\n\tHandle ID:\t\t0x9fc\r\n\r\nProcess Information:\r\n\tProcess ID:\t\t0xea8\r\n\tProcess Name:\t\tC:\\ProgramData\\SharpView.exe"}
{"Keywords":"0x8020000000000000","Task":"12801","ObjectServer":"Security","TimeCreated":"2020-10-29T08:23:20.548Z","RestrictedSidCount":"0","SubjectUserSid":"S-1-5-21-3140987116-517580383-2541594433-1104","ObjectName":"\\REGISTRY\\MACHINE\\SOFTWARE\\Microsoft\\.NETFramework","SubjectLogonId":"0x10276b","ResourceAttributes":"-","PrivilegeList":"-","TransactionId":"{00000000-0000-0000-0000-000000000000}","AccessMask":"0x20019","SourceName":"Microsoft-Windows-Security-Auditing","SubjectDomainName":"THESHIRE","ObjectType":"Key","ProcessName":"C:\\ProgramData\\SharpView.exe","AccessReason":"-","ProcessId":"0xea8","SubjectUserName":"pgustavo","AccessList":"%%1538\n\t\t\t\t%%4432\n\t\t\t\t%%4435\n\t\t\t\t%%4436\n\t\t\t\t","@timestamp":"2020-10-29T08:23:20.548Z","HandleId":"0xa0","Hostname":"WORKSTATION5.theshire.local","Channel":"security","Level":"0","EventID":4656,"ProviderGuid":"{54849625-5478-4994-a5ba-3e3b0328c30d}","Message":"A handle to an object was requested.\r\n\r\nSubject:\r\n\tSecurity ID:\t\tS-1-5-21-3140987116-517580383-2541594433-1104\r\n\tAccount Name:\t\tpgustavo\r\n\tAccount Domain:\t\tTHESHIRE\r\n\tLogon ID:\t\t0x10276B\r\n\r\nObject:\r\n\tObject Server:\t\tSecurity\r\n\tObject Type:\t\tKey\r\n\tObject Name:\t\t\\REGISTRY\\MACHINE\\SOFTWARE\\Microsoft\\.NETFramework\r\n\tHandle ID:\t\t0xa0\r\n\tResource Attributes:\t-\r\n\r\nProcess Information:\r\n\tProcess ID:\t\t0xea8\r\n\tProcess Name:\t\tC:\\ProgramData\\SharpView.exe\r\n\r\nAccess Request Information:\r\n\tTransaction ID:\t\t{00000000-0000-0000-0000-000000000000}\r\n\tAccesses:\t\tREAD_CONTROL\r\n\t\t\t\tQuery key value\r\n\t\t\t\tEnumerate sub-keys\r\n\t\t\t\tNotify about changes to keys\r\n\t\t\t\t\r\n\tAccess Reasons:\t\t-\r\n\tAccess Mask:\t\t0x20019\r\n\tPrivileges Used for Access Check:\t-\r\n\tRestricted SID Count:\t0"}
{"@timestamp":"2020-10-29T08:23:20.548Z","TimeCreated":"2020-10-29T08:23:20.548Z","SubjectLogonId":"0x10276b","SubjectDomainName":"THESHIRE","ProviderGuid":"{54849625-5478-4994-a5ba-3e3b0328c30d}","ObjectServer":"Security","HandleId":"0xa0","SubjectUserSid":"S-1-5-21-3140987116-517580383-2541594433-1104","Level":"0","Channel":"security","Task":"12801","SourceName":"Microsoft-Windows-Security-Auditing","Hostname":"WORKSTATION5.theshire.local","ProcessName":"C:\\ProgramData\\SharpView.exe","ProcessId":"0xea8","EventID":4658,"Keywords":"0x8020000000000000","SubjectUserName":"pgustavo","Message":"The handle to an object was closed.\r\n\r\nSubject :\r\n\tSecurity ID:\t\tS-1-5-21-3140987116-517580383-2541594433-1104\r\n\tAccount Name:\t\tpgustavo\r\n\tAccount Domain:\t\tTHESHIRE\r\n\tLogon ID:\t\t0x10276B\r\n\r\nObject:\r\n\tObject Server:\t\tSecurity\r\n\tHandle ID:\t\t0xa0\r\n\r\nProcess Information:\r\n\tProcess ID:\t\t0xea8\r\n\tProcess Name:\t\tC:\\ProgramData\\SharpView.exe"}
{"@timestamp":"2020-10-29T08:23:20.548Z","TimeCreated":"2020-10-29T08:23:20.548Z","SubjectLogonId":"0x10276b","SubjectDomainName":"THESHIRE","ProviderGuid":"{54849625-5478-4994-a5ba-3e3b0328c30d}","SubjectUserSid":"S-1-5-21-3140987116-517580383-2541594433-1104","SourceHandleId":"0xa0","Level":"0","Channel":"security","Task":"12807","TargetHandleId":"0x9fc","SourceName":"Microsoft-Windows-Security-Auditing","Hostname":"WORKSTATION5.theshire.local","SourceProcessId":"0xea8","EventID":4690,"Keywords":"0x8020000000000000","TargetProcessId":"0x4","SubjectUserName":"pgustavo","Message":"An attempt was made to duplicate a handle to an object.\r\n\r\nSubject:\r\n\tSecurity ID:\t\tS-1-5-21-3140987116-517580383-2541594433-1104\r\n\tAccount Name:\t\tpgustavo\r\n\tAccount Domain:\t\tTHESHIRE\r\n\tLogon ID:\t\t0x10276B\r\n\r\nSource Handle Information:\r\n\tSource Handle ID:\t0xa0\r\n\tSource Process ID:\t0xea8\r\n\r\nNew Handle Information:\r\n\tTarget Handle ID:\t0x9fc\r\n\tTarget Process ID:\t0x4"}
{"@timestamp":"2020-10-29T08:23:20.548Z","TimeCreated":"2020-10-29T08:23:20.548Z","SubjectLogonId":"0x10276b","SubjectDomainName":"THESHIRE","ProviderGuid":"{54849625-5478-4994-a5ba-3e3b0328c30d}","ObjectServer":"Security","HandleId":"0x9fc","SubjectUserSid":"S-1-5-21-3140987116-517580383-2541594433-1104","Level":"0","Channel":"security","Task":"12801","SourceName":"Microsoft-Windows-Security-Auditing","Hostname":"WORKSTATION5.theshire.local","ProcessName":"C:\\ProgramData\\SharpView.exe","ProcessId":"0xea8","EventID":4658,"Keywords":"0x8020000000000000","SubjectUserName":"pgustavo","Message":"The handle to an object was closed.\r\n\r\nSubject :\r\n\tSecurity ID:\t\tS-1-5-21-3140987116-517580383-2541594433-1104\r\n\tAccount Name:\t\tpgustavo\r\n\tAccount Domain:\t\tTHESHIRE\r\n\tLogon ID:\t\t0x10276B\r\n\r\nObject:\r\n\tObject Server:\t\tSecurity\r\n\tHandle ID:\t\t0x9fc\r\n\r\nProcess Information:\r\n\tProcess ID:\t\t0xea8\r\n\tProcess Name:\t\tC:\\ProgramData\\SharpView.exe"}
{"Keywords":"0x8020000000000000","Task":"12801","ObjectServer":"Security","TimeCreated":"2020-10-29T08:23:20.548Z","RestrictedSidCount":"0","SubjectUserSid":"S-1-5-21-3140987116-517580383-2541594433-1104","ObjectName":"\\REGISTRY\\MACHINE\\SOFTWARE\\Microsoft\\.NETFramework","SubjectLogonId":"0x10276b","ResourceAttributes":"-","PrivilegeList":"-","TransactionId":"{00000000-0000-0000-0000-000000000000}","AccessMask":"0x20019","SourceName":"Microsoft-Windows-Security-Auditing","SubjectDomainName":"THESHIRE","ObjectType":"Key","ProcessName":"C:\\ProgramData\\SharpView.exe","AccessReason":"-","ProcessId":"0xea8","SubjectUserName":"pgustavo","AccessList":"%%1538\n\t\t\t\t%%4432\n\t\t\t\t%%4435\n\t\t\t\t%%4436\n\t\t\t\t","@timestamp":"2020-10-29T08:23:20.548Z","HandleId":"0xa0","Hostname":"WORKSTATION5.theshire.local","Channel":"security","Level":"0","EventID":4656,"ProviderGuid":"{54849625-5478-4994-a5ba-3e3b0328c30d}","Message":"A handle to an object was requested.\r\n\r\nSubject:\r\n\tSecurity ID:\t\tS-1-5-21-3140987116-517580383-2541594433-1104\r\n\tAccount Name:\t\tpgustavo\r\n\tAccount Domain:\t\tTHESHIRE\r\n\tLogon ID:\t\t0x10276B\r\n\r\nObject:\r\n\tObject Server:\t\tSecurity\r\n\tObject Type:\t\tKey\r\n\tObject Name:\t\t\\REGISTRY\\MACHINE\\SOFTWARE\\Microsoft\\.NETFramework\r\n\tHandle ID:\t\t0xa0\r\n\tResource Attributes:\t-\r\n\r\nProcess Information:\r\n\tProcess ID:\t\t0xea8\r\n\tProcess Name:\t\tC:\\ProgramData\\SharpView.exe\r\n\r\nAccess Request Information:\r\n\tTransaction ID:\t\t{00000000-0000-0000-0000-000000000000}\r\n\tAccesses:\t\tREAD_CONTROL\r\n\t\t\t\tQuery key value\r\n\t\t\t\tEnumerate sub-keys\r\n\t\t\t\tNotify about changes to keys\r\n\t\t\t\t\r\n\tAccess Reasons:\t\t-\r\n\tAccess Mask:\t\t0x20019\r\n\tPrivileges Used for Access Check:\t-\r\n\tRestricted SID Count:\t0"}
{"@timestamp":"2020-10-29T08:23:20.548Z","TimeCreated":"2020-10-29T08:23:20.548Z","SubjectLogonId":"0x10276b","SubjectDomainName":"THESHIRE","ProviderGuid":"{54849625-5478-4994-a5ba-3e3b0328c30d}","ObjectServer":"Security","HandleId":"0xa0","SubjectUserSid":"S-1-5-21-3140987116-517580383-2541594433-1104","Level":"0","Channel":"security","Task":"12801","SourceName":"Microsoft-Windows-Security-Auditing","Hostname":"WORKSTATION5.theshire.local","ProcessName":"C:\\ProgramData\\SharpView.exe","ProcessId":"0xea8","EventID":4658,"Keywords":"0x8020000000000000","SubjectUserName":"pgustavo","Message":"The handle to an object was closed.\r\n\r\nSubject :\r\n\tSecurity ID:\t\tS-1-5-21-3140987116-517580383-2541594433-1104\r\n\tAccount Name:\t\tpgustavo\r\n\tAccount Domain:\t\tTHESHIRE\r\n\tLogon ID:\t\t0x10276B\r\n\r\nObject:\r\n\tObject Server:\t\tSecurity\r\n\tHandle ID:\t\t0xa0\r\n\r\nProcess Information:\r\n\tProcess ID:\t\t0xea8\r\n\tProcess Name:\t\tC:\\ProgramData\\SharpView.exe"}
{"@timestamp":"2020-10-29T08:23:20.557Z","TimeCreated":"2020-10-29T08:23:20.557Z","SubjectLogonId":"0x10276b","SubjectDomainName":"THESHIRE","ProviderGuid":"{54849625-5478-4994-a5ba-3e3b0328c30d}","SubjectUserSid":"S-1-5-21-3140987116-517580383-2541594433-1104","SourceHandleId":"0xa8","Level":"0","Channel":"security","Task":"12807","TargetHandleId":"0x9fc","SourceName":"Microsoft-Windows-Security-Auditing","Hostname":"WORKSTATION5.theshire.local","SourceProcessId":"0xea8","EventID":4690,"Keywords":"0x8020000000000000","TargetProcessId":"0x4","SubjectUserName":"pgustavo","Message":"An attempt was made to duplicate a handle to an object.\r\n\r\nSubject:\r\n\tSecurity ID:\t\tS-1-5-21-3140987116-517580383-2541594433-1104\r\n\tAccount Name:\t\tpgustavo\r\n\tAccount Domain:\t\tTHESHIRE\r\n\tLogon ID:\t\t0x10276B\r\n\r\nSource Handle Information:\r\n\tSource Handle ID:\t0xa8\r\n\tSource Process ID:\t0xea8\r\n\r\nNew Handle Information:\r\n\tTarget Handle ID:\t0x9fc\r\n\tTarget Process ID:\t0x4"}
{"@timestamp":"2020-10-29T08:23:20.557Z","TimeCreated":"2020-10-29T08:23:20.557Z","SubjectLogonId":"0x10276b","SubjectDomainName":"THESHIRE","ProviderGuid":"{54849625-5478-4994-a5ba-3e3b0328c30d}","ObjectServer":"Security","HandleId":"0x9fc","SubjectUserSid":"S-1-5-21-3140987116-517580383-2541594433-1104","Level":"0","Channel":"security","Task":"12801","SourceName":"Microsoft-Windows-Security-Auditing","Hostname":"WORKSTATION5.theshire.local","ProcessName":"C:\\ProgramData\\SharpView.exe","ProcessId":"0xea8","EventID":4658,"Keywords":"0x8020000000000000","SubjectUserName":"pgustavo","Message":"The handle to an object was closed.\r\n\r\nSubject :\r\n\tSecurity ID:\t\tS-1-5-21-3140987116-517580383-2541594433-1104\r\n\tAccount Name:\t\tpgustavo\r\n\tAccount Domain:\t\tTHESHIRE\r\n\tLogon ID:\t\t0x10276B\r\n\r\nObject:\r\n\tObject Server:\t\tSecurity\r\n\tHandle ID:\t\t0x9fc\r\n\r\nProcess Information:\r\n\tProcess ID:\t\t0xea8\r\n\tProcess Name:\t\tC:\\ProgramData\\SharpView.exe"}
{"Keywords":"0x8020000000000000","Task":"12801","ObjectServer":"Security","TimeCreated":"2020-10-29T08:23:20.557Z","RestrictedSidCount":"0","SubjectUserSid":"S-1-5-21-3140987116-517580383-2541594433-1104","ObjectName":"\\REGISTRY\\MACHINE\\SOFTWARE\\Microsoft\\.NETFramework","SubjectLogonId":"0x10276b","ResourceAttributes":"-","PrivilegeList":"-","TransactionId":"{00000000-0000-0000-0000-000000000000}","AccessMask":"0x20019","SourceName":"Microsoft-Windows-Security-Auditing","SubjectDomainName":"THESHIRE","ObjectType":"Key","ProcessName":"C:\\ProgramData\\SharpView.exe","AccessReason":"-","ProcessId":"0xea8","SubjectUserName":"pgustavo","AccessList":"%%1538\n\t\t\t\t%%4432\n\t\t\t\t%%4435\n\t\t\t\t%%4436\n\t\t\t\t","@timestamp":"2020-10-29T08:23:20.557Z","HandleId":"0xa8","Hostname":"WORKSTATION5.theshire.local","Channel":"security","Level":"0","EventID":4656,"ProviderGuid":"{54849625-5478-4994-a5ba-3e3b0328c30d}","Message":"A handle to an object was requested.\r\n\r\nSubject:\r\n\tSecurity ID:\t\tS-1-5-21-3140987116-517580383-2541594433-1104\r\n\tAccount Name:\t\tpgustavo\r\n\tAccount Domain:\t\tTHESHIRE\r\n\tLogon ID:\t\t0x10276B\r\n\r\nObject:\r\n\tObject Server:\t\tSecurity\r\n\tObject Type:\t\tKey\r\n\tObject Name:\t\t\\REGISTRY\\MACHINE\\SOFTWARE\\Microsoft\\.NETFramework\r\n\tHandle ID:\t\t0xa8\r\n\tResource Attributes:\t-\r\n\r\nProcess Information:\r\n\tProcess ID:\t\t0xea8\r\n\tProcess Name:\t\tC:\\ProgramData\\SharpView.exe\r\n\r\nAccess Request Information:\r\n\tTransaction ID:\t\t{00000000-0000-0000-0000-000000000000}\r\n\tAccesses:\t\tREAD_CONTROL\r\n\t\t\t\tQuery key value\r\n\t\t\t\tEnumerate sub-keys\r\n\t\t\t\tNotify about changes to keys\r\n\t\t\t\t\r\n\tAccess Reasons:\t\t-\r\n\tAccess Mask:\t\t0x20019\r\n\tPrivileges Used for Access Check:\t-\r\n\tRestricted SID Count:\t0"}
{"@timestamp":"2020-10-29T08:23:20.557Z","TimeCreated":"2020-10-29T08:23:20.557Z","SubjectLogonId":"0x10276b","SubjectDomainName":"THESHIRE","ProviderGuid":"{54849625-5478-4994-a5ba-3e3b0328c30d}","ObjectServer":"Security","HandleId":"0xa8","SubjectUserSid":"S-1-5-21-3140987116-517580383-2541594433-1104","Level":"0","Channel":"security","Task":"12801","SourceName":"Microsoft-Windows-Security-Auditing","Hostname":"WORKSTATION5.theshire.local","ProcessName":"C:\\ProgramData\\SharpView.exe","ProcessId":"0xea8","EventID":4658,"Keywords":"0x8020000000000000","SubjectUserName":"pgustavo","Message":"The handle to an object was closed.\r\n\r\nSubject :\r\n\tSecurity ID:\t\tS-1-5-21-3140987116-517580383-2541594433-1104\r\n\tAccount Name:\t\tpgustavo\r\n\tAccount Domain:\t\tTHESHIRE\r\n\tLogon ID:\t\t0x10276B\r\n\r\nObject:\r\n\tObject Server:\t\tSecurity\r\n\tHandle ID:\t\t0xa8\r\n\r\nProcess Information:\r\n\tProcess ID:\t\t0xea8\r\n\tProcess Name:\t\tC:\\ProgramData\\SharpView.exe"}
{"@timestamp":"2020-10-29T08:23:20.557Z","TimeCreated":"2020-10-29T08:23:20.557Z","SubjectLogonId":"0x10276b","SubjectDomainName":"THESHIRE","ProviderGuid":"{54849625-5478-4994-a5ba-3e3b0328c30d}","SubjectUserSid":"S-1-5-21-3140987116-517580383-2541594433-1104","SourceHandleId":"0xa8","Level":"0","Channel":"security","Task":"12807","TargetHandleId":"0x9fc","SourceName":"Microsoft-Windows-Security-Auditing","Hostname":"WORKSTATION5.theshire.local","SourceProcessId":"0xea8","EventID":4690,"Keywords":"0x8020000000000000","TargetProcessId":"0x4","SubjectUserName":"pgustavo","Message":"An attempt was made to duplicate a handle to an object.\r\n\r\nSubject:\r\n\tSecurity ID:\t\tS-1-5-21-3140987116-517580383-2541594433-1104\r\n\tAccount Name:\t\tpgustavo\r\n\tAccount Domain:\t\tTHESHIRE\r\n\tLogon ID:\t\t0x10276B\r\n\r\nSource Handle Information:\r\n\tSource Handle ID:\t0xa8\r\n\tSource Process ID:\t0xea8\r\n\r\nNew Handle Information:\r\n\tTarget Handle ID:\t0x9fc\r\n\tTarget Process ID:\t0x4"}
{"@timestamp":"2020-10-29T08:23:20.557Z","TimeCreated":"2020-10-29T08:23:20.557Z","SubjectLogonId":"0x10276b","SubjectDomainName":"THESHIRE","ProviderGuid":"{54849625-5478-4994-a5ba-3e3b0328c30d}","ObjectServer":"Security","HandleId":"0x9fc","SubjectUserSid":"S-1-5-21-3140987116-517580383-2541594433-1104","Level":"0","Channel":"security","Task":"12801","SourceName":"Microsoft-Windows-Security-Auditing","Hostname":"WORKSTATION5.theshire.local","ProcessName":"C:\\ProgramData\\SharpView.exe","ProcessId":"0xea8","EventID":4658,"Keywords":"0x8020000000000000","SubjectUserName":"pgustavo","Message":"The handle to an object was closed.\r\n\r\nSubject :\r\n\tSecurity ID:\t\tS-1-5-21-3140987116-517580383-2541594433-1104\r\n\tAccount Name:\t\tpgustavo\r\n\tAccount Domain:\t\tTHESHIRE\r\n\tLogon ID:\t\t0x10276B\r\n\r\nObject:\r\n\tObject Server:\t\tSecurity\r\n\tHandle ID:\t\t0x9fc\r\n\r\nProcess Information:\r\n\tProcess ID:\t\t0xea8\r\n\tProcess Name:\t\tC:\\ProgramData\\SharpView.exe"}
{"Keywords":"0x8020000000000000","Task":"12801","ObjectServer":"Security","TimeCreated":"2020-10-29T08:23:20.557Z","RestrictedSidCount":"0","SubjectUserSid":"S-1-5-21-3140987116-517580383-2541594433-1104","ObjectName":"\\REGISTRY\\MACHINE\\SOFTWARE\\Microsoft\\.NETFramework","SubjectLogonId":"0x10276b","ResourceAttributes":"-","PrivilegeList":"-","TransactionId":"{00000000-0000-0000-0000-000000000000}","AccessMask":"0x20019","SourceName":"Microsoft-Windows-Security-Auditing","SubjectDomainName":"THESHIRE","ObjectType":"Key","ProcessName":"C:\\ProgramData\\SharpView.exe","AccessReason":"-","ProcessId":"0xea8","SubjectUserName":"pgustavo","AccessList":"%%1538\n\t\t\t\t%%4432\n\t\t\t\t%%4435\n\t\t\t\t%%4436\n\t\t\t\t","@timestamp":"2020-10-29T08:23:20.557Z","HandleId":"0xa8","Hostname":"WORKSTATION5.theshire.local","Channel":"security","Level":"0","EventID":4656,"ProviderGuid":"{54849625-5478-4994-a5ba-3e3b0328c30d}","Message":"A handle to an object was requested.\r\n\r\nSubject:\r\n\tSecurity ID:\t\tS-1-5-21-3140987116-517580383-2541594433-1104\r\n\tAccount Name:\t\tpgustavo\r\n\tAccount Domain:\t\tTHESHIRE\r\n\tLogon ID:\t\t0x10276B\r\n\r\nObject:\r\n\tObject Server:\t\tSecurity\r\n\tObject Type:\t\tKey\r\n\tObject Name:\t\t\\REGISTRY\\MACHINE\\SOFTWARE\\Microsoft\\.NETFramework\r\n\tHandle ID:\t\t0xa8\r\n\tResource Attributes:\t-\r\n\r\nProcess Information:\r\n\tProcess ID:\t\t0xea8\r\n\tProcess Name:\t\tC:\\ProgramData\\SharpView.exe\r\n\r\nAccess Request Information:\r\n\tTransaction ID:\t\t{00000000-0000-0000-0000-000000000000}\r\n\tAccesses:\t\tREAD_CONTROL\r\n\t\t\t\tQuery key value\r\n\t\t\t\tEnumerate sub-keys\r\n\t\t\t\tNotify about changes to keys\r\n\t\t\t\t\r\n\tAccess Reasons:\t\t-\r\n\tAccess Mask:\t\t0x20019\r\n\tPrivileges Used for Access Check:\t-\r\n\tRestricted SID Count:\t0"}
{"@timestamp":"2020-10-29T08:23:20.557Z","TimeCreated":"2020-10-29T08:23:20.557Z","SubjectLogonId":"0x10276b","SubjectDomainName":"THESHIRE","ProviderGuid":"{54849625-5478-4994-a5ba-3e3b0328c30d}","ObjectServer":"Security","HandleId":"0xa8","SubjectUserSid":"S-1-5-21-3140987116-517580383-2541594433-1104","Level":"0","Channel":"security","Task":"12801","SourceName":"Microsoft-Windows-Security-Auditing","Hostname":"WORKSTATION5.theshire.local","ProcessName":"C:\\ProgramData\\SharpView.exe","ProcessId":"0xea8","EventID":4658,"Keywords":"0x8020000000000000","SubjectUserName":"pgustavo","Message":"The handle to an object was closed.\r\n\r\nSubject :\r\n\tSecurity ID:\t\tS-1-5-21-3140987116-517580383-2541594433-1104\r\n\tAccount Name:\t\tpgustavo\r\n\tAccount Domain:\t\tTHESHIRE\r\n\tLogon ID:\t\t0x10276B\r\n\r\nObject:\r\n\tObject Server:\t\tSecurity\r\n\tHandle ID:\t\t0xa8\r\n\r\nProcess Information:\r\n\tProcess ID:\t\t0xea8\r\n\tProcess Name:\t\tC:\\ProgramData\\SharpView.exe"}
{"@timestamp":"2020-10-29T08:23:20.558Z","TimeCreated":"2020-10-29T08:23:20.558Z","SubjectLogonId":"0x10276b","SubjectDomainName":"THESHIRE","ProviderGuid":"{54849625-5478-4994-a5ba-3e3b0328c30d}","SubjectUserSid":"S-1-5-21-3140987116-517580383-2541594433-1104","SourceHandleId":"0xac","Level":"0","Channel":"security","Task":"12807","TargetHandleId":"0x9fc","SourceName":"Microsoft-Windows-Security-Auditing","Hostname":"WORKSTATION5.theshire.local","SourceProcessId":"0xea8","EventID":4690,"Keywords":"0x8020000000000000","TargetProcessId":"0x4","SubjectUserName":"pgustavo","Message":"An attempt was made to duplicate a handle to an object.\r\n\r\nSubject:\r\n\tSecurity ID:\t\tS-1-5-21-3140987116-517580383-2541594433-1104\r\n\tAccount Name:\t\tpgustavo\r\n\tAccount Domain:\t\tTHESHIRE\r\n\tLogon ID:\t\t0x10276B\r\n\r\nSource Handle Information:\r\n\tSource Handle ID:\t0xac\r\n\tSource Process ID:\t0xea8\r\n\r\nNew Handle Information:\r\n\tTarget Handle ID:\t0x9fc\r\n\tTarget Process ID:\t0x4"}
{"@timestamp":"2020-10-29T08:23:20.558Z","TimeCreated":"2020-10-29T08:23:20.558Z","SubjectLogonId":"0x10276b","SubjectDomainName":"THESHIRE","ProviderGuid":"{54849625-5478-4994-a5ba-3e3b0328c30d}","ObjectServer":"Security","HandleId":"0x9fc","SubjectUserSid":"S-1-5-21-3140987116-517580383-2541594433-1104","Level":"0","Channel":"security","Task":"12801","SourceName":"Microsoft-Windows-Security-Auditing","Hostname":"WORKSTATION5.theshire.local","ProcessName":"C:\\ProgramData\\SharpView.exe","ProcessId":"0xea8","EventID":4658,"Keywords":"0x8020000000000000","SubjectUserName":"pgustavo","Message":"The handle to an object was closed.\r\n\r\nSubject :\r\n\tSecurity ID:\t\tS-1-5-21-3140987116-517580383-2541594433-1104\r\n\tAccount Name:\t\tpgustavo\r\n\tAccount Domain:\t\tTHESHIRE\r\n\tLogon ID:\t\t0x10276B\r\n\r\nObject:\r\n\tObject Server:\t\tSecurity\r\n\tHandle ID:\t\t0x9fc\r\n\r\nProcess Information:\r\n\tProcess ID:\t\t0xea8\r\n\tProcess Name:\t\tC:\\ProgramData\\SharpView.exe"}
{"Keywords":"0x8020000000000000","Task":"12801","ObjectServer":"Security","TimeCreated":"2020-10-29T08:23:20.558Z","RestrictedSidCount":"0","SubjectUserSid":"S-1-5-21-3140987116-517580383-2541594433-1104","ObjectName":"\\REGISTRY\\MACHINE\\SOFTWARE\\Microsoft\\.NETFramework","SubjectLogonId":"0x10276b","ResourceAttributes":"-","PrivilegeList":"-","TransactionId":"{00000000-0000-0000-0000-000000000000}","AccessMask":"0x20019","SourceName":"Microsoft-Windows-Security-Auditing","SubjectDomainName":"THESHIRE","ObjectType":"Key","ProcessName":"C:\\ProgramData\\SharpView.exe","AccessReason":"-","ProcessId":"0xea8","SubjectUserName":"pgustavo","AccessList":"%%1538\n\t\t\t\t%%4432\n\t\t\t\t%%4435\n\t\t\t\t%%4436\n\t\t\t\t","@timestamp":"2020-10-29T08:23:20.558Z","HandleId":"0xac","Hostname":"WORKSTATION5.theshire.local","Channel":"security","Level":"0","EventID":4656,"ProviderGuid":"{54849625-5478-4994-a5ba-3e3b0328c30d}","Message":"A handle to an object was requested.\r\n\r\nSubject:\r\n\tSecurity ID:\t\tS-1-5-21-3140987116-517580383-2541594433-1104\r\n\tAccount Name:\t\tpgustavo\r\n\tAccount Domain:\t\tTHESHIRE\r\n\tLogon ID:\t\t0x10276B\r\n\r\nObject:\r\n\tObject Server:\t\tSecurity\r\n\tObject Type:\t\tKey\r\n\tObject Name:\t\t\\REGISTRY\\MACHINE\\SOFTWARE\\Microsoft\\.NETFramework\r\n\tHandle ID:\t\t0xac\r\n\tResource Attributes:\t-\r\n\r\nProcess Information:\r\n\tProcess ID:\t\t0xea8\r\n\tProcess Name:\t\tC:\\ProgramData\\SharpView.exe\r\n\r\nAccess Request Information:\r\n\tTransaction ID:\t\t{00000000-0000-0000-0000-000000000000}\r\n\tAccesses:\t\tREAD_CONTROL\r\n\t\t\t\tQuery key value\r\n\t\t\t\tEnumerate sub-keys\r\n\t\t\t\tNotify about changes to keys\r\n\t\t\t\t\r\n\tAccess Reasons:\t\t-\r\n\tAccess Mask:\t\t0x20019\r\n\tPrivileges Used for Access Check:\t-\r\n\tRestricted SID Count:\t0"}
{"@timestamp":"2020-10-29T08:23:20.560Z","TimeCreated":"2020-10-29T08:23:20.560Z","SubjectLogonId":"0x10276b","SubjectDomainName":"THESHIRE","ProviderGuid":"{54849625-5478-4994-a5ba-3e3b0328c30d}","SubjectUserSid":"S-1-5-21-3140987116-517580383-2541594433-1104","SourceHandleId":"0xb8","Level":"0","Channel":"security","Task":"12807","TargetHandleId":"0x9fc","SourceName":"Microsoft-Windows-Security-Auditing","Hostname":"WORKSTATION5.theshire.local","SourceProcessId":"0xea8","EventID":4690,"Keywords":"0x8020000000000000","TargetProcessId":"0x4","SubjectUserName":"pgustavo","Message":"An attempt was made to duplicate a handle to an object.\r\n\r\nSubject:\r\n\tSecurity ID:\t\tS-1-5-21-3140987116-517580383-2541594433-1104\r\n\tAccount Name:\t\tpgustavo\r\n\tAccount Domain:\t\tTHESHIRE\r\n\tLogon ID:\t\t0x10276B\r\n\r\nSource Handle Information:\r\n\tSource Handle ID:\t0xb8\r\n\tSource Process ID:\t0xea8\r\n\r\nNew Handle Information:\r\n\tTarget Handle ID:\t0x9fc\r\n\tTarget Process ID:\t0x4"}
{"@timestamp":"2020-10-29T08:23:20.560Z","TimeCreated":"2020-10-29T08:23:20.560Z","SubjectLogonId":"0x10276b","SubjectDomainName":"THESHIRE","ProviderGuid":"{54849625-5478-4994-a5ba-3e3b0328c30d}","ObjectServer":"Security","HandleId":"0x9fc","SubjectUserSid":"S-1-5-21-3140987116-517580383-2541594433-1104","Level":"0","Channel":"security","Task":"12801","SourceName":"Microsoft-Windows-Security-Auditing","Hostname":"WORKSTATION5.theshire.local","ProcessName":"C:\\ProgramData\\SharpView.exe","ProcessId":"0xea8","EventID":4658,"Keywords":"0x8020000000000000","SubjectUserName":"pgustavo","Message":"The handle to an object was closed.\r\n\r\nSubject :\r\n\tSecurity ID:\t\tS-1-5-21-3140987116-517580383-2541594433-1104\r\n\tAccount Name:\t\tpgustavo\r\n\tAccount Domain:\t\tTHESHIRE\r\n\tLogon ID:\t\t0x10276B\r\n\r\nObject:\r\n\tObject Server:\t\tSecurity\r\n\tHandle ID:\t\t0x9fc\r\n\r\nProcess Information:\r\n\tProcess ID:\t\t0xea8\r\n\tProcess Name:\t\tC:\\ProgramData\\SharpView.exe"}
{"Keywords":"0x8020000000000000","Task":"12801","ObjectServer":"Security","TimeCreated":"2020-10-29T08:23:20.560Z","RestrictedSidCount":"0","SubjectUserSid":"S-1-5-21-3140987116-517580383-2541594433-1104","ObjectName":"\\REGISTRY\\MACHINE\\SYSTEM\\ControlSet001\\Control\\Lsa","SubjectLogonId":"0x10276b","ResourceAttributes":"-","PrivilegeList":"-","TransactionId":"{00000000-0000-0000-0000-000000000000}","AccessMask":"0x1","SourceName":"Microsoft-Windows-Security-Auditing","SubjectDomainName":"THESHIRE","ObjectType":"Key","ProcessName":"C:\\ProgramData\\SharpView.exe","AccessReason":"-","ProcessId":"0xea8","SubjectUserName":"pgustavo","AccessList":"%%4432\n\t\t\t\t","@timestamp":"2020-10-29T08:23:20.560Z","HandleId":"0xb8","Hostname":"WORKSTATION5.theshire.local","Channel":"security","Level":"0","EventID":4656,"ProviderGuid":"{54849625-5478-4994-a5ba-3e3b0328c30d}","Message":"A handle to an object was requested.\r\n\r\nSubject:\r\n\tSecurity ID:\t\tS-1-5-21-3140987116-517580383-2541594433-1104\r\n\tAccount Name:\t\tpgustavo\r\n\tAccount Domain:\t\tTHESHIRE\r\n\tLogon ID:\t\t0x10276B\r\n\r\nObject:\r\n\tObject Server:\t\tSecurity\r\n\tObject Type:\t\tKey\r\n\tObject Name:\t\t\\REGISTRY\\MACHINE\\SYSTEM\\ControlSet001\\Control\\Lsa\r\n\tHandle ID:\t\t0xb8\r\n\tResource Attributes:\t-\r\n\r\nProcess Information:\r\n\tProcess ID:\t\t0xea8\r\n\tProcess Name:\t\tC:\\ProgramData\\SharpView.exe\r\n\r\nAccess Request Information:\r\n\tTransaction ID:\t\t{00000000-0000-0000-0000-000000000000}\r\n\tAccesses:\t\tQuery key value\r\n\t\t\t\t\r\n\tAccess Reasons:\t\t-\r\n\tAccess Mask:\t\t0x1\r\n\tPrivileges Used for Access Check:\t-\r\n\tRestricted SID Count:\t0"}
{"@timestamp":"2020-10-29T08:23:20.561Z","TimeCreated":"2020-10-29T08:23:20.561Z","SubjectLogonId":"0x10276b","ResourceAttributes":"-","SubjectDomainName":"THESHIRE","ProviderGuid":"{54849625-5478-4994-a5ba-3e3b0328c30d}","AccessList":"%%4432\n\t\t\t\t","ObjectServer":"Security","HandleId":"0xb8","ObjectType":"Key","SubjectUserSid":"S-1-5-21-3140987116-517580383-2541594433-1104","Level":"0","Channel":"security","Task":"12801","ObjectName":"\\REGISTRY\\MACHINE\\SYSTEM\\ControlSet001\\Control\\Lsa","AccessMask":"0x1","SourceName":"Microsoft-Windows-Security-Auditing","Hostname":"WORKSTATION5.theshire.local","ProcessName":"C:\\ProgramData\\SharpView.exe","ProcessId":"0xea8","EventID":4663,"Keywords":"0x8020000000000000","SubjectUserName":"pgustavo","Message":"An attempt was made to access an object.\r\n\r\nSubject:\r\n\tSecurity ID:\t\tS-1-5-21-3140987116-517580383-2541594433-1104\r\n\tAccount Name:\t\tpgustavo\r\n\tAccount Domain:\t\tTHESHIRE\r\n\tLogon ID:\t\t0x10276B\r\n\r\nObject:\r\n\tObject Server:\t\tSecurity\r\n\tObject Type:\t\tKey\r\n\tObject Name:\t\t\\REGISTRY\\MACHINE\\SYSTEM\\ControlSet001\\Control\\Lsa\r\n\tHandle ID:\t\t0xb8\r\n\tResource Attributes:\t-\r\n\r\nProcess Information:\r\n\tProcess ID:\t\t0xea8\r\n\tProcess Name:\t\tC:\\ProgramData\\SharpView.exe\r\n\r\nAccess Request Information:\r\n\tAccesses:\t\tQuery key value\r\n\t\t\t\t\r\n\tAccess Mask:\t\t0x1"}
{"@timestamp":"2020-10-29T08:23:20.561Z","TimeCreated":"2020-10-29T08:23:20.561Z","SubjectLogonId":"0x10276b","SubjectDomainName":"THESHIRE","ProviderGuid":"{54849625-5478-4994-a5ba-3e3b0328c30d}","ObjectServer":"Security","HandleId":"0xb8","SubjectUserSid":"S-1-5-21-3140987116-517580383-2541594433-1104","Level":"0","Channel":"security","Task":"12801","SourceName":"Microsoft-Windows-Security-Auditing","Hostname":"WORKSTATION5.theshire.local","ProcessName":"C:\\ProgramData\\SharpView.exe","ProcessId":"0xea8","EventID":4658,"Keywords":"0x8020000000000000","SubjectUserName":"pgustavo","Message":"The handle to an object was closed.\r\n\r\nSubject :\r\n\tSecurity ID:\t\tS-1-5-21-3140987116-517580383-2541594433-1104\r\n\tAccount Name:\t\tpgustavo\r\n\tAccount Domain:\t\tTHESHIRE\r\n\tLogon ID:\t\t0x10276B\r\n\r\nObject:\r\n\tObject Server:\t\tSecurity\r\n\tHandle ID:\t\t0xb8\r\n\r\nProcess Information:\r\n\tProcess ID:\t\t0xea8\r\n\tProcess Name:\t\tC:\\ProgramData\\SharpView.exe"}
{"@timestamp":"2020-10-29T08:23:20.563Z","TimeCreated":"2020-10-29T08:23:20.563Z","SubjectLogonId":"0x10276b","SubjectDomainName":"THESHIRE","ProviderGuid":"{54849625-5478-4994-a5ba-3e3b0328c30d}","SubjectUserSid":"S-1-5-21-3140987116-517580383-2541594433-1104","SourceHandleId":"0x14c","Level":"0","Channel":"security","Task":"12807","TargetHandleId":"0x21dc","SourceName":"Microsoft-Windows-Security-Auditing","Hostname":"WORKSTATION5.theshire.local","SourceProcessId":"0xea8","EventID":4690,"Keywords":"0x8020000000000000","TargetProcessId":"0x4","SubjectUserName":"pgustavo","Message":"An attempt was made to duplicate a handle to an object.\r\n\r\nSubject:\r\n\tSecurity ID:\t\tS-1-5-21-3140987116-517580383-2541594433-1104\r\n\tAccount Name:\t\tpgustavo\r\n\tAccount Domain:\t\tTHESHIRE\r\n\tLogon ID:\t\t0x10276B\r\n\r\nSource Handle Information:\r\n\tSource Handle ID:\t0x14c\r\n\tSource Process ID:\t0xea8\r\n\r\nNew Handle Information:\r\n\tTarget Handle ID:\t0x21dc\r\n\tTarget Process ID:\t0x4"}
{"@timestamp":"2020-10-29T08:23:20.563Z","TimeCreated":"2020-10-29T08:23:20.563Z","SubjectLogonId":"0x10276b","SubjectDomainName":"THESHIRE","ProviderGuid":"{54849625-5478-4994-a5ba-3e3b0328c30d}","ObjectServer":"Security","HandleId":"0x21dc","SubjectUserSid":"S-1-5-21-3140987116-517580383-2541594433-1104","Level":"0","Channel":"security","Task":"12801","SourceName":"Microsoft-Windows-Security-Auditing","Hostname":"WORKSTATION5.theshire.local","ProcessName":"C:\\ProgramData\\SharpView.exe","ProcessId":"0xea8","EventID":4658,"Keywords":"0x8020000000000000","SubjectUserName":"pgustavo","Message":"The handle to an object was closed.\r\n\r\nSubject :\r\n\tSecurity ID:\t\tS-1-5-21-3140987116-517580383-2541594433-1104\r\n\tAccount Name:\t\tpgustavo\r\n\tAccount Domain:\t\tTHESHIRE\r\n\tLogon ID:\t\t0x10276B\r\n\r\nObject:\r\n\tObject Server:\t\tSecurity\r\n\tHandle ID:\t\t0x21dc\r\n\r\nProcess Information:\r\n\tProcess ID:\t\t0xea8\r\n\tProcess Name:\t\tC:\\ProgramData\\SharpView.exe"}
{"Keywords":"0x8020000000000000","Task":"12801","ObjectServer":"Security","TimeCreated":"2020-10-29T08:23:20.563Z","RestrictedSidCount":"0","SubjectUserSid":"S-1-5-21-3140987116-517580383-2541594433-1104","ObjectName":"\\REGISTRY\\MACHINE\\SOFTWARE\\Microsoft\\.NETFramework","SubjectLogonId":"0x10276b","ResourceAttributes":"-","PrivilegeList":"-","TransactionId":"{00000000-0000-0000-0000-000000000000}","AccessMask":"0x20019","SourceName":"Microsoft-Windows-Security-Auditing","SubjectDomainName":"THESHIRE","ObjectType":"Key","ProcessName":"C:\\ProgramData\\SharpView.exe","AccessReason":"-","ProcessId":"0xea8","SubjectUserName":"pgustavo","AccessList":"%%1538\n\t\t\t\t%%4432\n\t\t\t\t%%4435\n\t\t\t\t%%4436\n\t\t\t\t","@timestamp":"2020-10-29T08:23:20.563Z","HandleId":"0x14c","Hostname":"WORKSTATION5.theshire.local","Channel":"security","Level":"0","EventID":4656,"ProviderGuid":"{54849625-5478-4994-a5ba-3e3b0328c30d}","Message":"A handle to an object was requested.\r\n\r\nSubject:\r\n\tSecurity ID:\t\tS-1-5-21-3140987116-517580383-2541594433-1104\r\n\tAccount Name:\t\tpgustavo\r\n\tAccount Domain:\t\tTHESHIRE\r\n\tLogon ID:\t\t0x10276B\r\n\r\nObject:\r\n\tObject Server:\t\tSecurity\r\n\tObject Type:\t\tKey\r\n\tObject Name:\t\t\\REGISTRY\\MACHINE\\SOFTWARE\\Microsoft\\.NETFramework\r\n\tHandle ID:\t\t0x14c\r\n\tResource Attributes:\t-\r\n\r\nProcess Information:\r\n\tProcess ID:\t\t0xea8\r\n\tProcess Name:\t\tC:\\ProgramData\\SharpView.exe\r\n\r\nAccess Request Information:\r\n\tTransaction ID:\t\t{00000000-0000-0000-0000-000000000000}\r\n\tAccesses:\t\tREAD_CONTROL\r\n\t\t\t\tQuery key value\r\n\t\t\t\tEnumerate sub-keys\r\n\t\t\t\tNotify about changes to keys\r\n\t\t\t\t\r\n\tAccess Reasons:\t\t-\r\n\tAccess Mask:\t\t0x20019\r\n\tPrivileges Used for Access Check:\t-\r\n\tRestricted SID Count:\t0"}
{"@timestamp":"2020-10-29T08:23:20.563Z","TimeCreated":"2020-10-29T08:23:20.563Z","SubjectLogonId":"0x10276b","SubjectDomainName":"THESHIRE","ProviderGuid":"{54849625-5478-4994-a5ba-3e3b0328c30d}","ObjectServer":"Security","HandleId":"0x14c","SubjectUserSid":"S-1-5-21-3140987116-517580383-2541594433-1104","Level":"0","Channel":"security","Task":"12801","SourceName":"Microsoft-Windows-Security-Auditing","Hostname":"WORKSTATION5.theshire.local","ProcessName":"C:\\ProgramData\\SharpView.exe","ProcessId":"0xea8","EventID":4658,"Keywords":"0x8020000000000000","SubjectUserName":"pgustavo","Message":"The handle to an object was closed.\r\n\r\nSubject :\r\n\tSecurity ID:\t\tS-1-5-21-3140987116-517580383-2541594433-1104\r\n\tAccount Name:\t\tpgustavo\r\n\tAccount Domain:\t\tTHESHIRE\r\n\tLogon ID:\t\t0x10276B\r\n\r\nObject:\r\n\tObject Server:\t\tSecurity\r\n\tHandle ID:\t\t0x14c\r\n\r\nProcess Information:\r\n\tProcess ID:\t\t0xea8\r\n\tProcess Name:\t\tC:\\ProgramData\\SharpView.exe"}
{"@timestamp":"2020-10-29T08:23:20.563Z","TimeCreated":"2020-10-29T08:23:20.563Z","SubjectLogonId":"0x10276b","SubjectDomainName":"THESHIRE","ProviderGuid":"{54849625-5478-4994-a5ba-3e3b0328c30d}","SubjectUserSid":"S-1-5-21-3140987116-517580383-2541594433-1104","SourceHandleId":"0x14c","Level":"0","Channel":"security","Task":"12807","TargetHandleId":"0x21dc","SourceName":"Microsoft-Windows-Security-Auditing","Hostname":"WORKSTATION5.theshire.local","SourceProcessId":"0xea8","EventID":4690,"Keywords":"0x8020000000000000","TargetProcessId":"0x4","SubjectUserName":"pgustavo","Message":"An attempt was made to duplicate a handle to an object.\r\n\r\nSubject:\r\n\tSecurity ID:\t\tS-1-5-21-3140987116-517580383-2541594433-1104\r\n\tAccount Name:\t\tpgustavo\r\n\tAccount Domain:\t\tTHESHIRE\r\n\tLogon ID:\t\t0x10276B\r\n\r\nSource Handle Information:\r\n\tSource Handle ID:\t0x14c\r\n\tSource Process ID:\t0xea8\r\n\r\nNew Handle Information:\r\n\tTarget Handle ID:\t0x21dc\r\n\tTarget Process ID:\t0x4"}
{"@timestamp":"2020-10-29T08:23:20.563Z","TimeCreated":"2020-10-29T08:23:20.563Z","SubjectLogonId":"0x10276b","SubjectDomainName":"THESHIRE","ProviderGuid":"{54849625-5478-4994-a5ba-3e3b0328c30d}","ObjectServer":"Security","HandleId":"0x21dc","SubjectUserSid":"S-1-5-21-3140987116-517580383-2541594433-1104","Level":"0","Channel":"security","Task":"12801","SourceName":"Microsoft-Windows-Security-Auditing","Hostname":"WORKSTATION5.theshire.local","ProcessName":"C:\\ProgramData\\SharpView.exe","ProcessId":"0xea8","EventID":4658,"Keywords":"0x8020000000000000","SubjectUserName":"pgustavo","Message":"The handle to an object was closed.\r\n\r\nSubject :\r\n\tSecurity ID:\t\tS-1-5-21-3140987116-517580383-2541594433-1104\r\n\tAccount Name:\t\tpgustavo\r\n\tAccount Domain:\t\tTHESHIRE\r\n\tLogon ID:\t\t0x10276B\r\n\r\nObject:\r\n\tObject Server:\t\tSecurity\r\n\tHandle ID:\t\t0x21dc\r\n\r\nProcess Information:\r\n\tProcess ID:\t\t0xea8\r\n\tProcess Name:\t\tC:\\ProgramData\\SharpView.exe"}
{"Keywords":"0x8020000000000000","Task":"12801","ObjectServer":"Security","TimeCreated":"2020-10-29T08:23:20.563Z","RestrictedSidCount":"0","SubjectUserSid":"S-1-5-21-3140987116-517580383-2541594433-1104","ObjectName":"\\REGISTRY\\MACHINE\\SOFTWARE\\Microsoft\\.NETFramework","SubjectLogonId":"0x10276b","ResourceAttributes":"-","PrivilegeList":"-","TransactionId":"{00000000-0000-0000-0000-000000000000}","AccessMask":"0x20019","SourceName":"Microsoft-Windows-Security-Auditing","SubjectDomainName":"THESHIRE","ObjectType":"Key","ProcessName":"C:\\ProgramData\\SharpView.exe","AccessReason":"-","ProcessId":"0xea8","SubjectUserName":"pgustavo","AccessList":"%%1538\n\t\t\t\t%%4432\n\t\t\t\t%%4435\n\t\t\t\t%%4436\n\t\t\t\t","@timestamp":"2020-10-29T08:23:20.563Z","HandleId":"0x14c","Hostname":"WORKSTATION5.theshire.local","Channel":"security","Level":"0","EventID":4656,"ProviderGuid":"{54849625-5478-4994-a5ba-3e3b0328c30d}","Message":"A handle to an object was requested.\r\n\r\nSubject:\r\n\tSecurity ID:\t\tS-1-5-21-3140987116-517580383-2541594433-1104\r\n\tAccount Name:\t\tpgustavo\r\n\tAccount Domain:\t\tTHESHIRE\r\n\tLogon ID:\t\t0x10276B\r\n\r\nObject:\r\n\tObject Server:\t\tSecurity\r\n\tObject Type:\t\tKey\r\n\tObject Name:\t\t\\REGISTRY\\MACHINE\\SOFTWARE\\Microsoft\\.NETFramework\r\n\tHandle ID:\t\t0x14c\r\n\tResource Attributes:\t-\r\n\r\nProcess Information:\r\n\tProcess ID:\t\t0xea8\r\n\tProcess Name:\t\tC:\\ProgramData\\SharpView.exe\r\n\r\nAccess Request Information:\r\n\tTransaction ID:\t\t{00000000-0000-0000-0000-000000000000}\r\n\tAccesses:\t\tREAD_CONTROL\r\n\t\t\t\tQuery key value\r\n\t\t\t\tEnumerate sub-keys\r\n\t\t\t\tNotify about changes to keys\r\n\t\t\t\t\r\n\tAccess Reasons:\t\t-\r\n\tAccess Mask:\t\t0x20019\r\n\tPrivileges Used for Access Check:\t-\r\n\tRestricted SID Count:\t0"}
{"@timestamp":"2020-10-29T08:23:20.563Z","TimeCreated":"2020-10-29T08:23:20.563Z","SubjectLogonId":"0x10276b","SubjectDomainName":"THESHIRE","ProviderGuid":"{54849625-5478-4994-a5ba-3e3b0328c30d}","ObjectServer":"Security","HandleId":"0x14c","SubjectUserSid":"S-1-5-21-3140987116-517580383-2541594433-1104","Level":"0","Channel":"security","Task":"12801","SourceName":"Microsoft-Windows-Security-Auditing","Hostname":"WORKSTATION5.theshire.local","ProcessName":"C:\\ProgramData\\SharpView.exe","ProcessId":"0xea8","EventID":4658,"Keywords":"0x8020000000000000","SubjectUserName":"pgustavo","Message":"The handle to an object was closed.\r\n\r\nSubject :\r\n\tSecurity ID:\t\tS-1-5-21-3140987116-517580383-2541594433-1104\r\n\tAccount Name:\t\tpgustavo\r\n\tAccount Domain:\t\tTHESHIRE\r\n\tLogon ID:\t\t0x10276B\r\n\r\nObject:\r\n\tObject Server:\t\tSecurity\r\n\tHandle ID:\t\t0x14c\r\n\r\nProcess Information:\r\n\tProcess ID:\t\t0xea8\r\n\tProcess Name:\t\tC:\\ProgramData\\SharpView.exe"}
{"@timestamp":"2020-10-29T08:23:20.565Z","TimeCreated":"2020-10-29T08:23:20.565Z","SubjectLogonId":"0x10276b","SubjectDomainName":"THESHIRE","ProviderGuid":"{54849625-5478-4994-a5ba-3e3b0328c30d}","ObjectServer":"Security","HandleId":"0xac","SubjectUserSid":"S-1-5-21-3140987116-517580383-2541594433-1104","Level":"0","Channel":"security","Task":"12801","SourceName":"Microsoft-Windows-Security-Auditing","Hostname":"WORKSTATION5.theshire.local","ProcessName":"C:\\ProgramData\\SharpView.exe","ProcessId":"0xea8","EventID":4658,"Keywords":"0x8020000000000000","SubjectUserName":"pgustavo","Message":"The handle to an object was closed.\r\n\r\nSubject :\r\n\tSecurity ID:\t\tS-1-5-21-3140987116-517580383-2541594433-1104\r\n\tAccount Name:\t\tpgustavo\r\n\tAccount Domain:\t\tTHESHIRE\r\n\tLogon ID:\t\t0x10276B\r\n\r\nObject:\r\n\tObject Server:\t\tSecurity\r\n\tHandle ID:\t\t0xac\r\n\r\nProcess Information:\r\n\tProcess ID:\t\t0xea8\r\n\tProcess Name:\t\tC:\\ProgramData\\SharpView.exe"}
{"@timestamp":"2020-10-29T08:23:20.715Z","TimeCreated":"2020-10-29T08:23:20.715Z","SubjectLogonId":"0x10276b","SubjectDomainName":"THESHIRE","ProviderGuid":"{54849625-5478-4994-a5ba-3e3b0328c30d}","SubjectUserSid":"S-1-5-21-3140987116-517580383-2541594433-1104","SourceHandleId":"0x150","Level":"0","Channel":"security","Task":"12807","TargetHandleId":"0x21f8","SourceName":"Microsoft-Windows-Security-Auditing","Hostname":"WORKSTATION5.theshire.local","SourceProcessId":"0xea8","EventID":4690,"Keywords":"0x8020000000000000","TargetProcessId":"0x4","SubjectUserName":"pgustavo","Message":"An attempt was made to duplicate a handle to an object.\r\n\r\nSubject:\r\n\tSecurity ID:\t\tS-1-5-21-3140987116-517580383-2541594433-1104\r\n\tAccount Name:\t\tpgustavo\r\n\tAccount Domain:\t\tTHESHIRE\r\n\tLogon ID:\t\t0x10276B\r\n\r\nSource Handle Information:\r\n\tSource Handle ID:\t0x150\r\n\tSource Process ID:\t0xea8\r\n\r\nNew Handle Information:\r\n\tTarget Handle ID:\t0x21f8\r\n\tTarget Process ID:\t0x4"}
{"@timestamp":"2020-10-29T08:23:20.715Z","TimeCreated":"2020-10-29T08:23:20.715Z","SubjectLogonId":"0x10276b","SubjectDomainName":"THESHIRE","ProviderGuid":"{54849625-5478-4994-a5ba-3e3b0328c30d}","ObjectServer":"Security","HandleId":"0x21f8","SubjectUserSid":"S-1-5-21-3140987116-517580383-2541594433-1104","Level":"0","Channel":"security","Task":"12801","SourceName":"Microsoft-Windows-Security-Auditing","Hostname":"WORKSTATION5.theshire.local","ProcessName":"C:\\ProgramData\\SharpView.exe","ProcessId":"0xea8","EventID":4658,"Keywords":"0x8020000000000000","SubjectUserName":"pgustavo","Message":"The handle to an object was closed.\r\n\r\nSubject :\r\n\tSecurity ID:\t\tS-1-5-21-3140987116-517580383-2541594433-1104\r\n\tAccount Name:\t\tpgustavo\r\n\tAccount Domain:\t\tTHESHIRE\r\n\tLogon ID:\t\t0x10276B\r\n\r\nObject:\r\n\tObject Server:\t\tSecurity\r\n\tHandle ID:\t\t0x21f8\r\n\r\nProcess Information:\r\n\tProcess ID:\t\t0xea8\r\n\tProcess Name:\t\tC:\\ProgramData\\SharpView.exe"}
