{"@timestamp":"2020-10-29T08:23:21.567Z","TimeCreated":"2020-10-29T08:23:21.567Z","Hashes":"SHA1=1BC9FA692CFFE0F829EF0093FC1EC1A7CDE0FEDF,MD5=285EB69E85F9C587B55DDD5816B827A4,SHA256=B009AF1CFFE8441149B1903B7841DA14B15BEE931F6709C20655668F2019F9D8,IMPHASH=FEAF8EF2A61D5237FD324D1624A3894B","Signature":"Microsoft Windows","ProviderGuid":"{5770385f-c22a-43e0-bf4c-06f5698ffbd9}","Company":"Microsoft Corporation","UtcTime":"2020-10-30 00:23:21.557","ProcessGuid":"{14475cd4-5cf8-5f9b-7801-000000000500}","Image":"C:\\ProgramData\\SharpView.exe","ImageLoaded":"C:\\Windows\\System32\\rasadhlp.dll","Level":"4","Channel":"Microsoft-Windows-Sysmon/Operational","Task":"7","RuleName":"-","FileVersion":"10.0.18362.1 (WinBuild.160101.0800)","SourceName":"Microsoft-Windows-Sysmon","Hostname":"WORKSTATION5.theshire.local","ProcessId":"3752","Description":"Remote Access AutoDial Helper","SignatureStatus":"Valid","Product":"Microsoft Windows Operating System","EventID":7,"Keywords":"0x8000000000000000","Signed":"true","OriginalFileName":"rasadhlp.dll","Message":"Image loaded:\r\nRuleName: -\r\nUtcTime: 2020-10-30 00:23:21.557\r\nProcessGuid: {14475cd4-5cf8-5f9b-7801-000000000500}\r\nProcessId: 3752\r\nImage: C:\\ProgramData\\SharpView.exe\r\nImageLoaded: C:\\Windows\\System32\\rasadhlp.dll\r\nFileVersion: 10.0.18362.1 (WinBuild.160101.0800)\r\nDescription: Remote Access AutoDial Helper\r\nProduct: Microsoft Windows Operating System\r\nCompany: Microsoft Corporation\r\nOriginalFileName: rasadhlp.dll\r\nHashes: SHA1=1BC9FA692CFFE0F829EF0093FC1EC1A7CDE0FEDF,MD5=285EB69E85F9C587B55DDD5816B827A4,SHA256=B009AF1CFFE8441149B1903B7841DA14B15BEE931F6709C20655668F2019F9D8,IMPHASH=FEAF8EF2A61D5237FD324D1624A3894B\r\nSigned: true\r\nSignature: Microsoft Windows\r\nSignatureStatus: Valid"}
{"@timestamp":"2020-10-29T08:23:21.567Z","TimeCreated":"2020-10-29T08:23:21.567Z","ProviderGuid":"{5770385f-c22a-43e0-bf4c-06f5698ffbd9}","UtcTime":"2020-10-30 00:23:21.557","ProcessGuid":"{14475cd4-5cf8-5f9b-7801-000000000500}","Image":"C:\\ProgramData\\SharpView.exe","Level":"4","Channel":"Microsoft-Windows-Sysmon/Operational","Task":"12","RuleName":"-","SourceName":"Microsoft-Windows-Sysmon","Hostname":"WORKSTATION5.theshire.local","ProcessId":"3752","EventType":"CreateKey","EventID":12,"Keywords":"0x8000000000000000","TargetObject":"HKLM\\System\\CurrentControlSet\\Services\\Tcpip\\Parameters","Message":"Registry object added or deleted:\r\nRuleName: -\r\nEventType: CreateKey\r\nUtcTime: 2020-10-30 00:23:21.557\r\nProcessGuid: {14475cd4-5cf8-5f9b-7801-000000000500}\r\nProcessId: 3752\r\nImage: C:\\ProgramData\\SharpView.exe\r\nTargetObject: HKLM\\System\\CurrentControlSet\\Services\\Tcpip\\Parameters"}
{"@timestamp":"2020-10-29T08:23:21.567Z","TimeCreated":"2020-10-29T08:23:21.567Z","ProviderGuid":"{5770385f-c22a-43e0-bf4c-06f5698ffbd9}","UtcTime":"2020-10-30 00:23:21.557","ProcessGuid":"{14475cd4-5cf8-5f9b-7801-000000000500}","Image":"C:\\ProgramData\\SharpView.exe","Level":"4","Channel":"Microsoft-Windows-Sysmon/Operational","Task":"12","RuleName":"-","SourceName":"Microsoft-Windows-Sysmon","Hostname":"WORKSTATION5.theshire.local","ProcessId":"3752","EventType":"CreateKey","EventID":12,"Keywords":"0x8000000000000000","TargetObject":"HKLM\\System\\CurrentControlSet\\Services\\Tcpip\\Parameters","Message":"Registry object added or deleted:\r\nRuleName: -\r\nEventType: CreateKey\r\nUtcTime: 2020-10-30 00:23:21.557\r\nProcessGuid: {14475cd4-5cf8-5f9b-7801-000000000500}\r\nProcessId: 3752\r\nImage: C:\\ProgramData\\SharpView.exe\r\nTargetObject: HKLM\\System\\CurrentControlSet\\Services\\Tcpip\\Parameters"}
{"@timestamp":"2020-10-29T08:23:21.567Z","TimeCreated":"2020-10-29T08:23:21.567Z","ProviderGuid":"{5770385f-c22a-43e0-bf4c-06f5698ffbd9}","UtcTime":"2020-10-30 00:23:21.557","ProcessGuid":"{14475cd4-5cf8-5f9b-7801-000000000500}","Image":"C:\\ProgramData\\SharpView.exe","Level":"4","Channel":"Microsoft-Windows-Sysmon/Operational","Task":"12","RuleName":"-","SourceName":"Microsoft-Windows-Sysmon","Hostname":"WORKSTATION5.theshire.local","ProcessId":"3752","EventType":"CreateKey","EventID":12,"Keywords":"0x8000000000000000","TargetObject":"HKLM\\System\\CurrentControlSet\\Services\\Tcpip\\Parameters","Message":"Registry object added or deleted:\r\nRuleName: -\r\nEventType: CreateKey\r\nUtcTime: 2020-10-30 00:23:21.557\r\nProcessGuid: {14475cd4-5cf8-5f9b-7801-000000000500}\r\nProcessId: 3752\r\nImage: C:\\ProgramData\\SharpView.exe\r\nTargetObject: HKLM\\System\\CurrentControlSet\\Services\\Tcpip\\Parameters"}
{"@timestamp":"2020-10-29T08:23:21.567Z","TimeCreated":"2020-10-29T08:23:21.567Z","Hashes":"SHA1=A28C972B02687B3B4AC7B03A0B275580039D130B,MD5=B09AEAF6E34557F371609E8C5349CEED,SHA256=EF6A74EBB63FE5B8108BE3B296C86C0C3AE14E240110B78D27E7D3EA491B1F9D,IMPHASH=AFD4C9F86C7354898594DD6BBF32C51F","Signature":"Microsoft Windows","ProviderGuid":"{5770385f-c22a-43e0-bf4c-06f5698ffbd9}","Company":"Microsoft Corporation","UtcTime":"2020-10-30 00:23:21.557","ProcessGuid":"{14475cd4-5cf8-5f9b-7801-000000000500}","Image":"C:\\ProgramData\\SharpView.exe","ImageLoaded":"C:\\Windows\\System32\\FWPUCLNT.DLL","Level":"4","Channel":"Microsoft-Windows-Sysmon/Operational","Task":"7","RuleName":"-","FileVersion":"10.0.18362.1110 (WinBuild.160101.0800)","SourceName":"Microsoft-Windows-Sysmon","Hostname":"WORKSTATION5.theshire.local","ProcessId":"3752","Description":"FWP/IPsec User-Mode API","SignatureStatus":"Valid","Product":"Microsoft Windows Operating System","EventID":7,"Keywords":"0x8000000000000000","Signed":"true","OriginalFileName":"fwpuclnt.dll","Message":"Image loaded:\r\nRuleName: -\r\nUtcTime: 2020-10-30 00:23:21.557\r\nProcessGuid: {14475cd4-5cf8-5f9b-7801-000000000500}\r\nProcessId: 3752\r\nImage: C:\\ProgramData\\SharpView.exe\r\nImageLoaded: C:\\Windows\\System32\\FWPUCLNT.DLL\r\nFileVersion: 10.0.18362.1110 (WinBuild.160101.0800)\r\nDescription: FWP/IPsec User-Mode API\r\nProduct: Microsoft Windows Operating System\r\nCompany: Microsoft Corporation\r\nOriginalFileName: fwpuclnt.dll\r\nHashes: SHA1=A28C972B02687B3B4AC7B03A0B275580039D130B,MD5=B09AEAF6E34557F371609E8C5349CEED,SHA256=EF6A74EBB63FE5B8108BE3B296C86C0C3AE14E240110B78D27E7D3EA491B1F9D,IMPHASH=AFD4C9F86C7354898594DD6BBF32C51F\r\nSigned: true\r\nSignature: Microsoft Windows\r\nSignatureStatus: Valid"}
{"@timestamp":"2020-10-29T08:23:21.572Z","TimeCreated":"2020-10-29T08:23:21.572Z","Hashes":"SHA1=EACECA3A969B9EA1DE2ABB09BFA7F65003CFAE3E,MD5=F61D80FF10D7E75132BEA2B1054D96F3,SHA256=CDE134E7E9F35B4A3312877A297C2069768E51303A76F4C76BC10AD6071B661F,IMPHASH=9A9C4538A005317892C0CB85CB9685FE","Signature":"Microsoft Windows","ProviderGuid":"{5770385f-c22a-43e0-bf4c-06f5698ffbd9}","Company":"Microsoft Corporation","UtcTime":"2020-10-30 00:23:21.557","ProcessGuid":"{14475cd4-5cf8-5f9b-7801-000000000500}","Image":"C:\\ProgramData\\SharpView.exe","ImageLoaded":"C:\\Windows\\System32\\dsparse.dll","Level":"4","Channel":"Microsoft-Windows-Sysmon/Operational","Task":"7","RuleName":"-","FileVersion":"10.0.18362.1 (WinBuild.160101.0800)","SourceName":"Microsoft-Windows-Sysmon","Hostname":"WORKSTATION5.theshire.local","ProcessId":"3752","Description":"Active Directory Domain Services API","SignatureStatus":"Valid","Product":"Microsoft Windows Operating System","EventID":7,"Keywords":"0x8000000000000000","Signed":"true","OriginalFileName":"dsparse.dll","Message":"Image loaded:\r\nRuleName: -\r\nUtcTime: 2020-10-30 00:23:21.557\r\nProcessGuid: {14475cd4-5cf8-5f9b-7801-000000000500}\r\nProcessId: 3752\r\nImage: C:\\ProgramData\\SharpView.exe\r\nImageLoaded: C:\\Windows\\System32\\dsparse.dll\r\nFileVersion: 10.0.18362.1 (WinBuild.160101.0800)\r\nDescription: Active Directory Domain Services API\r\nProduct: Microsoft Windows Operating System\r\nCompany: Microsoft Corporation\r\nOriginalFileName: dsparse.dll\r\nHashes: SHA1=EACECA3A969B9EA1DE2ABB09BFA7F65003CFAE3E,MD5=F61D80FF10D7E75132BEA2B1054D96F3,SHA256=CDE134E7E9F35B4A3312877A297C2069768E51303A76F4C76BC10AD6071B661F,IMPHASH=9A9C4538A005317892C0CB85CB9685FE\r\nSigned: true\r\nSignature: Microsoft Windows\r\nSignatureStatus: Valid"}
{"@timestamp":"2020-10-29T08:23:21.575Z","TimeCreated":"2020-10-29T08:23:21.575Z","Hashes":"SHA1=4D613A6DEFEBFD4642DAC9B3D8048938B419F761,MD5=143B463170C197E64C75EC816F3EC519,SHA256=FFA725E326737EF350DA23C627226B01BB580884B03B724C7EC422B149074C32,IMPHASH=B50B0756F7F0C467D73295C6BD962D8C","Signature":"Microsoft Windows","ProviderGuid":"{5770385f-c22a-43e0-bf4c-06f5698ffbd9}","Company":"Microsoft Corporation","UtcTime":"2020-10-30 00:23:21.573","ProcessGuid":"{14475cd4-5cf8-5f9b-7801-000000000500}","Image":"C:\\ProgramData\\SharpView.exe","ImageLoaded":"C:\\Windows\\System32\\kerberos.dll","Level":"4","Channel":"Microsoft-Windows-Sysmon/Operational","Task":"7","RuleName":"-","FileVersion":"10.0.18362.1110 (WinBuild.160101.0800)","SourceName":"Microsoft-Windows-Sysmon","Hostname":"WORKSTATION5.theshire.local","ProcessId":"3752","Description":"Kerberos Security Package","SignatureStatus":"Valid","Product":"Microsoft Windows Operating System","EventID":7,"Keywords":"0x8000000000000000","Signed":"true","OriginalFileName":"kerberos.dll","Message":"Image loaded:\r\nRuleName: -\r\nUtcTime: 2020-10-30 00:23:21.573\r\nProcessGuid: {14475cd4-5cf8-5f9b-7801-000000000500}\r\nProcessId: 3752\r\nImage: C:\\ProgramData\\SharpView.exe\r\nImageLoaded: C:\\Windows\\System32\\kerberos.dll\r\nFileVersion: 10.0.18362.1110 (WinBuild.160101.0800)\r\nDescription: Kerberos Security Package\r\nProduct: Microsoft Windows Operating System\r\nCompany: Microsoft Corporation\r\nOriginalFileName: kerberos.dll\r\nHashes: SHA1=4D613A6DEFEBFD4642DAC9B3D8048938B419F761,MD5=143B463170C197E64C75EC816F3EC519,SHA256=FFA725E326737EF350DA23C627226B01BB580884B03B724C7EC422B149074C32,IMPHASH=B50B0756F7F0C467D73295C6BD962D8C\r\nSigned: true\r\nSignature: Microsoft Windows\r\nSignatureStatus: Valid"}
{"@timestamp":"2020-10-29T08:23:21.576Z","TimeCreated":"2020-10-29T08:23:21.576Z","Hashes":"SHA1=BE97D68743A482E079B2444C526B2807A1A4944B,MD5=D688CD24DFA347ED9C3EFD8F7756D404,SHA256=F4BA3B1A3CFE6C67562642F012D1567510DA4BEFFA27FD4B4257A500158FC011,IMPHASH=EEE9E3C69E3AA8A672BA845111314DF0","Signature":"Microsoft Windows","ProviderGuid":"{5770385f-c22a-43e0-bf4c-06f5698ffbd9}","Company":"Microsoft Corporation","UtcTime":"2020-10-30 00:23:21.573","ProcessGuid":"{14475cd4-5cf8-5f9b-7801-000000000500}","Image":"C:\\ProgramData\\SharpView.exe","ImageLoaded":"C:\\Windows\\System32\\cryptdll.dll","Level":"4","Channel":"Microsoft-Windows-Sysmon/Operational","Task":"7","RuleName":"-","FileVersion":"10.0.18362.113 (WinBuild.160101.0800)","SourceName":"Microsoft-Windows-Sysmon","Hostname":"WORKSTATION5.theshire.local","ProcessId":"3752","Description":"Cryptography Manager","SignatureStatus":"Valid","Product":"Microsoft Windows Operating System","EventID":7,"Keywords":"0x8000000000000000","Signed":"true","OriginalFileName":"cryptdll.dll","Message":"Image loaded:\r\nRuleName: -\r\nUtcTime: 2020-10-30 00:23:21.573\r\nProcessGuid: {14475cd4-5cf8-5f9b-7801-000000000500}\r\nProcessId: 3752\r\nImage: C:\\ProgramData\\SharpView.exe\r\nImageLoaded: C:\\Windows\\System32\\cryptdll.dll\r\nFileVersion: 10.0.18362.113 (WinBuild.160101.0800)\r\nDescription: Cryptography Manager\r\nProduct: Microsoft Windows Operating System\r\nCompany: Microsoft Corporation\r\nOriginalFileName: cryptdll.dll\r\nHashes: SHA1=BE97D68743A482E079B2444C526B2807A1A4944B,MD5=D688CD24DFA347ED9C3EFD8F7756D404,SHA256=F4BA3B1A3CFE6C67562642F012D1567510DA4BEFFA27FD4B4257A500158FC011,IMPHASH=EEE9E3C69E3AA8A672BA845111314DF0\r\nSigned: true\r\nSignature: Microsoft Windows\r\nSignatureStatus: Valid"}
{"GrantedAccess":"0x1000","@timestamp":"2020-10-29T08:23:21.578Z","TimeCreated":"2020-10-29T08:23:21.578Z","SourceThreadId":"5932","SourceImage":"C:\\windows\\system32\\svchost.exe","ProviderGuid":"{5770385f-c22a-43e0-bf4c-06f5698ffbd9}","CallTrace":"C:\\windows\\SYSTEM32\\ntdll.dll+9c584|C:\\windows\\System32\\KERNELBASE.dll+305fe|c:\\windows\\system32\\rpcss.dll+47d62|c:\\windows\\system32\\rpcss.dll+47d23|C:\\windows\\System32\\RPCRT4.dll+76a63|C:\\windows\\System32\\RPCRT4.dll+13653|C:\\windows\\System32\\RPCRT4.dll+1457a|C:\\windows\\System32\\RPCRT4.dll+549f8|C:\\windows\\System32\\RPCRT4.dll+2c9b1|C:\\windows\\System32\\RPCRT4.dll+2c26b|C:\\windows\\System32\\RPCRT4.dll+1a8cf|C:\\windows\\System32\\RPCRT4.dll+19d7a|C:\\windows\\System32\\RPCRT4.dll+19361|C:\\windows\\System32\\RPCRT4.dll+18dce|C:\\windows\\System32\\RPCRT4.dll+16a05|C:\\windows\\SYSTEM32\\ntdll.dll+333ed|C:\\windows\\SYSTEM32\\ntdll.dll+34142|C:\\windows\\System32\\KERNEL32.DLL+17c24|C:\\windows\\SYSTEM32\\ntdll.dll+6cea1","UtcTime":"2020-10-30 00:23:21.573","TargetProcessGUID":"{14475cd4-5cf8-5f9b-7801-000000000500}","SourceProcessId":"948","Level":"4","Channel":"Microsoft-Windows-Sysmon/Operational","Task":"10","RuleName":"-","SourceName":"Microsoft-Windows-Sysmon","Hostname":"WORKSTATION5.theshire.local","SourceProcessGUID":"{14475cd4-509a-5f9b-1000-000000000500}","TargetProcessId":"3752","EventID":10,"Keywords":"0x8000000000000000","TargetImage":"C:\\ProgramData\\SharpView.exe","Message":"Process accessed:\r\nRuleName: -\r\nUtcTime: 2020-10-30 00:23:21.573\r\nSourceProcessGUID: {14475cd4-509a-5f9b-1000-000000000500}\r\nSourceProcessId: 948\r\nSourceThreadId: 5932\r\nSourceImage: C:\\windows\\system32\\svchost.exe\r\nTargetProcessGUID: {14475cd4-5cf8-5f9b-7801-000000000500}\r\nTargetProcessId: 3752\r\nTargetImage: C:\\ProgramData\\SharpView.exe\r\nGrantedAccess: 0x1000\r\nCallTrace: C:\\windows\\SYSTEM32\\ntdll.dll+9c584|C:\\windows\\System32\\KERNELBASE.dll+305fe|c:\\windows\\system32\\rpcss.dll+47d62|c:\\windows\\system32\\rpcss.dll+47d23|C:\\windows\\System32\\RPCRT4.dll+76a63|C:\\windows\\System32\\RPCRT4.dll+13653|C:\\windows\\System32\\RPCRT4.dll+1457a|C:\\windows\\System32\\RPCRT4.dll+549f8|C:\\windows\\System32\\RPCRT4.dll+2c9b1|C:\\windows\\System32\\RPCRT4.dll+2c26b|C:\\windows\\System32\\RPCRT4.dll+1a8cf|C:\\windows\\System32\\RPCRT4.dll+19d7a|C:\\windows\\System32\\RPCRT4.dll+19361|C:\\windows\\System32\\RPCRT4.dll+18dce|C:\\windows\\System32\\RPCRT4.dll+16a05|C:\\windows\\SYSTEM32\\ntdll.dll+333ed|C:\\windows\\SYSTEM32\\ntdll.dll+34142|C:\\windows\\System32\\KERNEL32.DLL+17c24|C:\\windows\\SYSTEM32\\ntdll.dll+6cea1"}
{"GrantedAccess":"0x100000","@timestamp":"2020-10-29T08:23:21.578Z","TimeCreated":"2020-10-29T08:23:21.578Z","SourceThreadId":"4176","SourceImage":"C:\\windows\\system32\\svchost.exe","ProviderGuid":"{5770385f-c22a-43e0-bf4c-06f5698ffbd9}","CallTrace":"C:\\windows\\SYSTEM32\\ntdll.dll+9d154|C:\\windows\\System32\\RPCRT4.dll+2d354|c:\\windows\\system32\\rpcss.dll+314c9|c:\\windows\\system32\\rpcss.dll+30b5b|C:\\windows\\System32\\RPCRT4.dll+76a63|C:\\windows\\System32\\RPCRT4.dll+13653|C:\\windows\\System32\\RPCRT4.dll+1457a|C:\\windows\\System32\\RPCRT4.dll+549f8|C:\\windows\\System32\\RPCRT4.dll+2c9b1|C:\\windows\\System32\\RPCRT4.dll+2c26b|C:\\windows\\System32\\RPCRT4.dll+1a8cf|C:\\windows\\System32\\RPCRT4.dll+19d7a|C:\\windows\\System32\\RPCRT4.dll+19361|C:\\windows\\System32\\RPCRT4.dll+18dce|C:\\windows\\System32\\RPCRT4.dll+16a05|C:\\windows\\SYSTEM32\\ntdll.dll+333ed|C:\\windows\\SYSTEM32\\ntdll.dll+34142|C:\\windows\\System32\\KERNEL32.DLL+17c24|C:\\windows\\SYSTEM32\\ntdll.dll+6cea1","UtcTime":"2020-10-30 00:23:21.573","TargetProcessGUID":"{14475cd4-5cf8-5f9b-7801-000000000500}","SourceProcessId":"1000","Level":"4","Channel":"Microsoft-Windows-Sysmon/Operational","Task":"10","RuleName":"-","SourceName":"Microsoft-Windows-Sysmon","Hostname":"WORKSTATION5.theshire.local","SourceProcessGUID":"{14475cd4-509a-5f9b-1100-000000000500}","TargetProcessId":"3752","EventID":10,"Keywords":"0x8000000000000000","TargetImage":"C:\\ProgramData\\SharpView.exe","Message":"Process accessed:\r\nRuleName: -\r\nUtcTime: 2020-10-30 00:23:21.573\r\nSourceProcessGUID: {14475cd4-509a-5f9b-1100-000000000500}\r\nSourceProcessId: 1000\r\nSourceThreadId: 4176\r\nSourceImage: C:\\windows\\system32\\svchost.exe\r\nTargetProcessGUID: {14475cd4-5cf8-5f9b-7801-000000000500}\r\nTargetProcessId: 3752\r\nTargetImage: C:\\ProgramData\\SharpView.exe\r\nGrantedAccess: 0x100000\r\nCallTrace: C:\\windows\\SYSTEM32\\ntdll.dll+9d154|C:\\windows\\System32\\RPCRT4.dll+2d354|c:\\windows\\system32\\rpcss.dll+314c9|c:\\windows\\system32\\rpcss.dll+30b5b|C:\\windows\\System32\\RPCRT4.dll+76a63|C:\\windows\\System32\\RPCRT4.dll+13653|C:\\windows\\System32\\RPCRT4.dll+1457a|C:\\windows\\System32\\RPCRT4.dll+549f8|C:\\windows\\System32\\RPCRT4.dll+2c9b1|C:\\windows\\System32\\RPCRT4.dll+2c26b|C:\\windows\\System32\\RPCRT4.dll+1a8cf|C:\\windows\\System32\\RPCRT4.dll+19d7a|C:\\windows\\System32\\RPCRT4.dll+19361|C:\\windows\\System32\\RPCRT4.dll+18dce|C:\\windows\\System32\\RPCRT4.dll+16a05|C:\\windows\\SYSTEM32\\ntdll.dll+333ed|C:\\windows\\SYSTEM32\\ntdll.dll+34142|C:\\windows\\System32\\KERNEL32.DLL+17c24|C:\\windows\\SYSTEM32\\ntdll.dll+6cea1"}
{"@timestamp":"2020-10-29T08:23:21.614Z","TimeCreated":"2020-10-29T08:23:21.614Z","ProviderGuid":"{5770385f-c22a-43e0-bf4c-06f5698ffbd9}","UtcTime":"2020-10-30 00:23:21.604","ProcessGuid":"{14475cd4-5cf8-5f9b-7801-000000000500}","Image":"C:\\ProgramData\\SharpView.exe","Level":"4","Channel":"Microsoft-Windows-Sysmon/Operational","Task":"12","RuleName":"-","SourceName":"Microsoft-Windows-Sysmon","Hostname":"WORKSTATION5.theshire.local","ProcessId":"3752","EventType":"CreateKey","EventID":12,"Keywords":"0x8000000000000000","TargetObject":"HKU\\S-1-5-21-3140987116-517580383-2541594433-1104\\Software\\Microsoft\\ADs\\Providers\\LDAP\\CN=Aggregate,CN=Schema,CN=Configuration,DC=theshire,DC=local","Message":"Registry object added or deleted:\r\nRuleName: -\r\nEventType: CreateKey\r\nUtcTime: 2020-10-30 00:23:21.604\r\nProcessGuid: {14475cd4-5cf8-5f9b-7801-000000000500}\r\nProcessId: 3752\r\nImage: C:\\ProgramData\\SharpView.exe\r\nTargetObject: HKU\\S-1-5-21-3140987116-517580383-2541594433-1104\\Software\\Microsoft\\ADs\\Providers\\LDAP\\CN=Aggregate,CN=Schema,CN=Configuration,DC=theshire,DC=local"}
{"@timestamp":"2020-10-29T08:23:21.614Z","TimeCreated":"2020-10-29T08:23:21.614Z","ProviderGuid":"{5770385f-c22a-43e0-bf4c-06f5698ffbd9}","UtcTime":"2020-10-30 00:23:21.604","ProcessGuid":"{14475cd4-5cf8-5f9b-7801-000000000500}","Image":"C:\\ProgramData\\SharpView.exe","Level":"4","Channel":"Microsoft-Windows-Sysmon/Operational","Task":"12","RuleName":"-","SourceName":"Microsoft-Windows-Sysmon","Hostname":"WORKSTATION5.theshire.local","ProcessId":"3752","EventType":"DeleteValue","EventID":12,"Keywords":"0x8000000000000000","TargetObject":"HKU\\S-1-5-21-3140987116-517580383-2541594433-1104\\Software\\Microsoft\\ADs\\Providers\\LDAP\\CN=Aggregate,CN=Schema,CN=Configuration,DC=theshire,DC=local\\File","Message":"Registry object added or deleted:\r\nRuleName: -\r\nEventType: DeleteValue\r\nUtcTime: 2020-10-30 00:23:21.604\r\nProcessGuid: {14475cd4-5cf8-5f9b-7801-000000000500}\r\nProcessId: 3752\r\nImage: C:\\ProgramData\\SharpView.exe\r\nTargetObject: HKU\\S-1-5-21-3140987116-517580383-2541594433-1104\\Software\\Microsoft\\ADs\\Providers\\LDAP\\CN=Aggregate,CN=Schema,CN=Configuration,DC=theshire,DC=local\\File"}
{"@timestamp":"2020-10-29T08:23:21.622Z","TimeCreated":"2020-10-29T08:23:21.622Z","IsExecutable":"false","Archived":"true","Hashes":"SHA1=13624E392010BDB71F9B47FCAB8B8E82C4A7C74D,MD5=11009AFE0DB7D8D83BB4197BF61581BD,SHA256=16C8A95A2957EEF56629FAB34BF2EC6F0DBB5DE541325F5EF65F93751601304F,IMPHASH=00000000000000000000000000000000","ProviderGuid":"{5770385f-c22a-43e0-bf4c-06f5698ffbd9}","TargetFilename":"C:\\Users\\pgustavo\\AppData\\Local\\Microsoft\\Windows\\SchCache\\MORDORDC.THESHIRE.LOCAL.sch","Image":"C:\\ProgramData\\SharpView.exe","UtcTime":"2020-10-30 00:23:21.620","ProcessGuid":"{14475cd4-5cf8-5f9b-7801-000000000500}","User":"THESHIRE\\pgustavo","Level":"4","Channel":"Microsoft-Windows-Sysmon/Operational","Task":"23","RuleName":"-","SourceName":"Microsoft-Windows-Sysmon","Hostname":"WORKSTATION5.theshire.local","ProcessId":"3752","EventID":23,"Keywords":"0x8000000000000000","Message":"File Delete:\r\nRuleName: -\r\nUtcTime: 2020-10-30 00:23:21.620\r\nProcessGuid: {14475cd4-5cf8-5f9b-7801-000000000500}\r\nProcessId: 3752\r\nUser: THESHIRE\\pgustavo\r\nImage: C:\\ProgramData\\SharpView.exe\r\nTargetFilename: C:\\Users\\pgustavo\\AppData\\Local\\Microsoft\\Windows\\SchCache\\MORDORDC.THESHIRE.LOCAL.sch\r\nHashes: SHA1=13624E392010BDB71F9B47FCAB8B8E82C4A7C74D,MD5=11009AFE0DB7D8D83BB4197BF61581BD,SHA256=16C8A95A2957EEF56629FAB34BF2EC6F0DBB5DE541325F5EF65F93751601304F,IMPHASH=00000000000000000000000000000000\r\nIsExecutable: false\r\nArchived: true"}
{"@timestamp":"2020-10-29T08:23:21.622Z","TimeCreated":"2020-10-29T08:23:21.622Z","ProviderGuid":"{5770385f-c22a-43e0-bf4c-06f5698ffbd9}","TargetFilename":"C:\\Users\\pgustavo\\AppData\\Local\\Microsoft\\Windows\\SchCache\\MORDORDC.THESHIRE.LOCAL.sch","UtcTime":"2020-10-30 00:23:21.620","ProcessGuid":"{14475cd4-5cf8-5f9b-7801-000000000500}","Image":"C:\\ProgramData\\SharpView.exe","CreationUtcTime":"2020-10-30 00:23:21.620","Level":"4","Channel":"Microsoft-Windows-Sysmon/Operational","Task":"11","RuleName":"-","SourceName":"Microsoft-Windows-Sysmon","Hostname":"WORKSTATION5.theshire.local","ProcessId":"3752","EventID":11,"Keywords":"0x8000000000000000","Message":"File created:\r\nRuleName: -\r\nUtcTime: 2020-10-30 00:23:21.620\r\nProcessGuid: {14475cd4-5cf8-5f9b-7801-000000000500}\r\nProcessId: 3752\r\nImage: C:\\ProgramData\\SharpView.exe\r\nTargetFilename: C:\\Users\\pgustavo\\AppData\\Local\\Microsoft\\Windows\\SchCache\\MORDORDC.THESHIRE.LOCAL.sch\r\nCreationUtcTime: 2020-10-30 00:23:21.620"}
{"@timestamp":"2020-10-29T08:23:21.636Z","TimeCreated":"2020-10-29T08:23:21.636Z","ProviderGuid":"{5770385f-c22a-43e0-bf4c-06f5698ffbd9}","UtcTime":"2020-10-30 00:23:21.636","ProcessGuid":"{14475cd4-5cf8-5f9b-7801-000000000500}","Image":"C:\\ProgramData\\SharpView.exe","Level":"4","Channel":"Microsoft-Windows-Sysmon/Operational","Task":"13","RuleName":"-","SourceName":"Microsoft-Windows-Sysmon","Hostname":"WORKSTATION5.theshire.local","Details":"%%LOCALAPPDATA%%\\Microsoft\\Windows\\SchCache\\MORDORDC.THESHIRE.LOCAL.sch","ProcessId":"3752","EventType":"SetValue","EventID":13,"Keywords":"0x8000000000000000","TargetObject":"HKU\\S-1-5-21-3140987116-517580383-2541594433-1104\\Software\\Microsoft\\ADs\\Providers\\LDAP\\CN=Aggregate,CN=Schema,CN=Configuration,DC=theshire,DC=local\\File","Message":"Registry value set:\r\nRuleName: -\r\nEventType: SetValue\r\nUtcTime: 2020-10-30 00:23:21.636\r\nProcessGuid: {14475cd4-5cf8-5f9b-7801-000000000500}\r\nProcessId: 3752\r\nImage: C:\\ProgramData\\SharpView.exe\r\nTargetObject: HKU\\S-1-5-21-3140987116-517580383-2541594433-1104\\Software\\Microsoft\\ADs\\Providers\\LDAP\\CN=Aggregate,CN=Schema,CN=Configuration,DC=theshire,DC=local\\File\r\nDetails: %%LOCALAPPDATA%%\\Microsoft\\Windows\\SchCache\\MORDORDC.THESHIRE.LOCAL.sch"}
{"@timestamp":"2020-10-29T08:23:21.636Z","TimeCreated":"2020-10-29T08:23:21.636Z","ProviderGuid":"{5770385f-c22a-43e0-bf4c-06f5698ffbd9}","UtcTime":"2020-10-30 00:23:21.636","ProcessGuid":"{14475cd4-5cf8-5f9b-7801-000000000500}","Image":"C:\\ProgramData\\SharpView.exe","Level":"4","Channel":"Microsoft-Windows-Sysmon/Operational","Task":"13","RuleName":"-","SourceName":"Microsoft-Windows-Sysmon","Hostname":"WORKSTATION5.theshire.local","Details":"20201029210034.0Z","ProcessId":"3752","EventType":"SetValue","EventID":13,"Keywords":"0x8000000000000000","TargetObject":"HKU\\S-1-5-21-3140987116-517580383-2541594433-1104\\Software\\Microsoft\\ADs\\Providers\\LDAP\\CN=Aggregate,CN=Schema,CN=Configuration,DC=theshire,DC=local\\Time","Message":"Registry value set:\r\nRuleName: -\r\nEventType: SetValue\r\nUtcTime: 2020-10-30 00:23:21.636\r\nProcessGuid: {14475cd4-5cf8-5f9b-7801-000000000500}\r\nProcessId: 3752\r\nImage: C:\\ProgramData\\SharpView.exe\r\nTargetObject: HKU\\S-1-5-21-3140987116-517580383-2541594433-1104\\Software\\Microsoft\\ADs\\Providers\\LDAP\\CN=Aggregate,CN=Schema,CN=Configuration,DC=theshire,DC=local\\Time\r\nDetails: 20201029210034.0Z"}
{"GrantedAccess":"0x1000","@timestamp":"2020-10-29T08:23:21.758Z","TimeCreated":"2020-10-29T08:23:21.758Z","SourceThreadId":"5932","SourceImage":"C:\\windows\\system32\\svchost.exe","ProviderGuid":"{5770385f-c22a-43e0-bf4c-06f5698ffbd9}","CallTrace":"C:\\windows\\SYSTEM32\\ntdll.dll+9c584|C:\\windows\\SYSTEM32\\psmserviceexthost.dll+222a3|C:\\windows\\SYSTEM32\\psmserviceexthost.dll+1a172|C:\\windows\\SYSTEM32\\psmserviceexthost.dll+19e3b|C:\\windows\\SYSTEM32\\psmserviceexthost.dll+19318|C:\\windows\\SYSTEM32\\ntdll.dll+3081d|C:\\windows\\SYSTEM32\\ntdll.dll+345b4|C:\\windows\\System32\\KERNEL32.DLL+17c24|C:\\windows\\SYSTEM32\\ntdll.dll+6cea1","UtcTime":"2020-10-30 00:23:21.745","TargetProcessGUID":"{14475cd4-509f-5f9b-5c00-000000000500}","SourceProcessId":"948","Level":"4","Channel":"Microsoft-Windows-Sysmon/Operational","Task":"10","RuleName":"-","SourceName":"Microsoft-Windows-Sysmon","Hostname":"WORKSTATION5.theshire.local","SourceProcessGUID":"{14475cd4-509a-5f9b-1000-000000000500}","TargetProcessId":"3916","EventID":10,"Keywords":"0x8000000000000000","TargetImage":"C:\\windows\\System32\\svchost.exe","Message":"Process accessed:\r\nRuleName: -\r\nUtcTime: 2020-10-30 00:23:21.745\r\nSourceProcessGUID: {14475cd4-509a-5f9b-1000-000000000500}\r\nSourceProcessId: 948\r\nSourceThreadId: 5932\r\nSourceImage: C:\\windows\\system32\\svchost.exe\r\nTargetProcessGUID: {14475cd4-509f-5f9b-5c00-000000000500}\r\nTargetProcessId: 3916\r\nTargetImage: C:\\windows\\System32\\svchost.exe\r\nGrantedAccess: 0x1000\r\nCallTrace: C:\\windows\\SYSTEM32\\ntdll.dll+9c584|C:\\windows\\SYSTEM32\\psmserviceexthost.dll+222a3|C:\\windows\\SYSTEM32\\psmserviceexthost.dll+1a172|C:\\windows\\SYSTEM32\\psmserviceexthost.dll+19e3b|C:\\windows\\SYSTEM32\\psmserviceexthost.dll+19318|C:\\windows\\SYSTEM32\\ntdll.dll+3081d|C:\\windows\\SYSTEM32\\ntdll.dll+345b4|C:\\windows\\System32\\KERNEL32.DLL+17c24|C:\\windows\\SYSTEM32\\ntdll.dll+6cea1"}
{"GrantedAccess":"0x1000","@timestamp":"2020-10-29T08:23:21.758Z","TimeCreated":"2020-10-29T08:23:21.758Z","SourceThreadId":"5932","SourceImage":"C:\\windows\\system32\\svchost.exe","ProviderGuid":"{5770385f-c22a-43e0-bf4c-06f5698ffbd9}","CallTrace":"C:\\windows\\SYSTEM32\\ntdll.dll+9c584|C:\\windows\\SYSTEM32\\psmserviceexthost.dll+222a3|C:\\windows\\SYSTEM32\\psmserviceexthost.dll+1a172|C:\\windows\\SYSTEM32\\psmserviceexthost.dll+19e3b|C:\\windows\\SYSTEM32\\psmserviceexthost.dll+19318|C:\\windows\\SYSTEM32\\ntdll.dll+3081d|C:\\windows\\SYSTEM32\\ntdll.dll+345b4|C:\\windows\\System32\\KERNEL32.DLL+17c24|C:\\windows\\SYSTEM32\\ntdll.dll+6cea1","UtcTime":"2020-10-30 00:23:21.745","TargetProcessGUID":"{14475cd4-509f-5f9b-5c00-000000000500}","SourceProcessId":"948","Level":"4","Channel":"Microsoft-Windows-Sysmon/Operational","Task":"10","RuleName":"-","SourceName":"Microsoft-Windows-Sysmon","Hostname":"WORKSTATION5.theshire.local","SourceProcessGUID":"{14475cd4-509a-5f9b-1000-000000000500}","TargetProcessId":"3916","EventID":10,"Keywords":"0x8000000000000000","TargetImage":"C:\\windows\\System32\\svchost.exe","Message":"Process accessed:\r\nRuleName: -\r\nUtcTime: 2020-10-30 00:23:21.745\r\nSourceProcessGUID: {14475cd4-509a-5f9b-1000-000000000500}\r\nSourceProcessId: 948\r\nSourceThreadId: 5932\r\nSourceImage: C:\\windows\\system32\\svchost.exe\r\nTargetProcessGUID: {14475cd4-509f-5f9b-5c00-000000000500}\r\nTargetProcessId: 3916\r\nTargetImage: C:\\windows\\System32\\svchost.exe\r\nGrantedAccess: 0x1000\r\nCallTrace: C:\\windows\\SYSTEM32\\ntdll.dll+9c584|C:\\windows\\SYSTEM32\\psmserviceexthost.dll+222a3|C:\\windows\\SYSTEM32\\psmserviceexthost.dll+1a172|C:\\windows\\SYSTEM32\\psmserviceexthost.dll+19e3b|C:\\windows\\SYSTEM32\\psmserviceexthost.dll+19318|C:\\windows\\SYSTEM32\\ntdll.dll+3081d|C:\\windows\\SYSTEM32\\ntdll.dll+345b4|C:\\windows\\System32\\KERNEL32.DLL+17c24|C:\\windows\\SYSTEM32\\ntdll.dll+6cea1"}
{"@timestamp":"2020-10-29T08:23:21.931Z","TimeCreated":"2020-10-29T08:23:21.931Z","ProviderGuid":"{5770385f-c22a-43e0-bf4c-06f5698ffbd9}","UtcTime":"2020-10-30 00:23:21.917","ProcessGuid":"{14475cd4-5cf8-5f9b-7801-000000000500}","Image":"C:\\ProgramData\\SharpView.exe","Level":"4","Channel":"Microsoft-Windows-Sysmon/Operational","Task":"5","RuleName":"-","SourceName":"Microsoft-Windows-Sysmon","Hostname":"WORKSTATION5.theshire.local","ProcessId":"3752","EventID":5,"Keywords":"0x8000000000000000","Message":"Process terminated:\r\nRuleName: -\r\nUtcTime: 2020-10-30 00:23:21.917\r\nProcessGuid: {14475cd4-5cf8-5f9b-7801-000000000500}\r\nProcessId: 3752\r\nImage: C:\\ProgramData\\SharpView.exe"}
{"@timestamp":"2020-10-29T08:23:21.938Z","TimeCreated":"2020-10-29T08:23:21.938Z","ProviderGuid":"{5770385f-c22a-43e0-bf4c-06f5698ffbd9}","TargetFilename":"C:\\Windows\\Prefetch\\SHARPVIEW.EXE-12045AB2.pf","UtcTime":"2020-10-30 00:23:21.932","ProcessGuid":"{14475cd4-509c-5f9b-2e00-000000000500}","Image":"C:\\windows\\system32\\svchost.exe","CreationUtcTime":"2020-10-29 20:27:26.490","Level":"4","Channel":"Microsoft-Windows-Sysmon/Operational","Task":"11","RuleName":"-","SourceName":"Microsoft-Windows-Sysmon","Hostname":"WORKSTATION5.theshire.local","ProcessId":"2008","EventID":11,"Keywords":"0x8000000000000000","Message":"File created:\r\nRuleName: -\r\nUtcTime: 2020-10-30 00:23:21.932\r\nProcessGuid: {14475cd4-509c-5f9b-2e00-000000000500}\r\nProcessId: 2008\r\nImage: C:\\windows\\system32\\svchost.exe\r\nTargetFilename: C:\\Windows\\Prefetch\\SHARPVIEW.EXE-12045AB2.pf\r\nCreationUtcTime: 2020-10-29 20:27:26.490"}
{"GrantedAccess":"0x1000","@timestamp":"2020-10-29T08:23:22.087Z","TimeCreated":"2020-10-29T08:23:22.087Z","SourceThreadId":"8100","SourceImage":"C:\\windows\\system32\\svchost.exe","ProviderGuid":"{5770385f-c22a-43e0-bf4c-06f5698ffbd9}","CallTrace":"C:\\windows\\SYSTEM32\\ntdll.dll+9c584|C:\\windows\\SYSTEM32\\psmserviceexthost.dll+222a3|C:\\windows\\SYSTEM32\\psmserviceexthost.dll+1a172|C:\\windows\\SYSTEM32\\psmserviceexthost.dll+19e3b|C:\\windows\\SYSTEM32\\psmserviceexthost.dll+19318|C:\\windows\\SYSTEM32\\ntdll.dll+3081d|C:\\windows\\SYSTEM32\\ntdll.dll+345b4|C:\\windows\\System32\\KERNEL32.DLL+17c24|C:\\windows\\SYSTEM32\\ntdll.dll+6cea1","UtcTime":"2020-10-30 00:23:22.073","TargetProcessGUID":"{14475cd4-509f-5f9b-5c00-000000000500}","SourceProcessId":"948","Level":"4","Channel":"Microsoft-Windows-Sysmon/Operational","Task":"10","RuleName":"-","SourceName":"Microsoft-Windows-Sysmon","Hostname":"WORKSTATION5.theshire.local","SourceProcessGUID":"{14475cd4-509a-5f9b-1000-000000000500}","TargetProcessId":"3916","EventID":10,"Keywords":"0x8000000000000000","TargetImage":"C:\\windows\\System32\\svchost.exe","Message":"Process accessed:\r\nRuleName: -\r\nUtcTime: 2020-10-30 00:23:22.073\r\nSourceProcessGUID: {14475cd4-509a-5f9b-1000-000000000500}\r\nSourceProcessId: 948\r\nSourceThreadId: 8100\r\nSourceImage: C:\\windows\\system32\\svchost.exe\r\nTargetProcessGUID: {14475cd4-509f-5f9b-5c00-000000000500}\r\nTargetProcessId: 3916\r\nTargetImage: C:\\windows\\System32\\svchost.exe\r\nGrantedAccess: 0x1000\r\nCallTrace: C:\\windows\\SYSTEM32\\ntdll.dll+9c584|C:\\windows\\SYSTEM32\\psmserviceexthost.dll+222a3|C:\\windows\\SYSTEM32\\psmserviceexthost.dll+1a172|C:\\windows\\SYSTEM32\\psmserviceexthost.dll+19e3b|C:\\windows\\SYSTEM32\\psmserviceexthost.dll+19318|C:\\windows\\SYSTEM32\\ntdll.dll+3081d|C:\\windows\\SYSTEM32\\ntdll.dll+345b4|C:\\windows\\System32\\KERNEL32.DLL+17c24|C:\\windows\\SYSTEM32\\ntdll.dll+6cea1"}
{"GrantedAccess":"0x1000","@timestamp":"2020-10-29T08:23:22.087Z","TimeCreated":"2020-10-29T08:23:22.087Z","SourceThreadId":"8100","SourceImage":"C:\\windows\\system32\\svchost.exe","ProviderGuid":"{5770385f-c22a-43e0-bf4c-06f5698ffbd9}","CallTrace":"C:\\windows\\SYSTEM32\\ntdll.dll+9c584|C:\\windows\\SYSTEM32\\psmserviceexthost.dll+222a3|C:\\windows\\SYSTEM32\\psmserviceexthost.dll+1a172|C:\\windows\\SYSTEM32\\psmserviceexthost.dll+19e3b|C:\\windows\\SYSTEM32\\psmserviceexthost.dll+19318|C:\\windows\\SYSTEM32\\ntdll.dll+3081d|C:\\windows\\SYSTEM32\\ntdll.dll+345b4|C:\\windows\\System32\\KERNEL32.DLL+17c24|C:\\windows\\SYSTEM32\\ntdll.dll+6cea1","UtcTime":"2020-10-30 00:23:22.073","TargetProcessGUID":"{14475cd4-509f-5f9b-5c00-000000000500}","SourceProcessId":"948","Level":"4","Channel":"Microsoft-Windows-Sysmon/Operational","Task":"10","RuleName":"-","SourceName":"Microsoft-Windows-Sysmon","Hostname":"WORKSTATION5.theshire.local","SourceProcessGUID":"{14475cd4-509a-5f9b-1000-000000000500}","TargetProcessId":"3916","EventID":10,"Keywords":"0x8000000000000000","TargetImage":"C:\\windows\\System32\\svchost.exe","Message":"Process accessed:\r\nRuleName: -\r\nUtcTime: 2020-10-30 00:23:22.073\r\nSourceProcessGUID: {14475cd4-509a-5f9b-1000-000000000500}\r\nSourceProcessId: 948\r\nSourceThreadId: 8100\r\nSourceImage: C:\\windows\\system32\\svchost.exe\r\nTargetProcessGUID: {14475cd4-509f-5f9b-5c00-000000000500}\r\nTargetProcessId: 3916\r\nTargetImage: C:\\windows\\System32\\svchost.exe\r\nGrantedAccess: 0x1000\r\nCallTrace: C:\\windows\\SYSTEM32\\ntdll.dll+9c584|C:\\windows\\SYSTEM32\\psmserviceexthost.dll+222a3|C:\\windows\\SYSTEM32\\psmserviceexthost.dll+1a172|C:\\windows\\SYSTEM32\\psmserviceexthost.dll+19e3b|C:\\windows\\SYSTEM32\\psmserviceexthost.dll+19318|C:\\windows\\SYSTEM32\\ntdll.dll+3081d|C:\\windows\\SYSTEM32\\ntdll.dll+345b4|C:\\windows\\System32\\KERNEL32.DLL+17c24|C:\\windows\\SYSTEM32\\ntdll.dll+6cea1"}
{"GrantedAccess":"0x1000","@timestamp":"2020-10-29T08:23:22.120Z","TimeCreated":"2020-10-29T08:23:22.120Z","SourceThreadId":"5932","SourceImage":"C:\\windows\\system32\\svchost.exe","ProviderGuid":"{5770385f-c22a-43e0-bf4c-06f5698ffbd9}","CallTrace":"C:\\windows\\SYSTEM32\\ntdll.dll+9c584|C:\\windows\\SYSTEM32\\psmserviceexthost.dll+222a3|C:\\windows\\SYSTEM32\\psmserviceexthost.dll+1a172|C:\\windows\\SYSTEM32\\psmserviceexthost.dll+19e3b|C:\\windows\\SYSTEM32\\psmserviceexthost.dll+19318|C:\\windows\\SYSTEM32\\ntdll.dll+3081d|C:\\windows\\SYSTEM32\\ntdll.dll+345b4|C:\\windows\\System32\\KERNEL32.DLL+17c24|C:\\windows\\SYSTEM32\\ntdll.dll+6cea1","UtcTime":"2020-10-30 00:23:22.104","TargetProcessGUID":"{14475cd4-509f-5f9b-5c00-000000000500}","SourceProcessId":"948","Level":"4","Channel":"Microsoft-Windows-Sysmon/Operational","Task":"10","RuleName":"-","SourceName":"Microsoft-Windows-Sysmon","Hostname":"WORKSTATION5.theshire.local","SourceProcessGUID":"{14475cd4-509a-5f9b-1000-000000000500}","TargetProcessId":"3916","EventID":10,"Keywords":"0x8000000000000000","TargetImage":"C:\\windows\\System32\\svchost.exe","Message":"Process accessed:\r\nRuleName: -\r\nUtcTime: 2020-10-30 00:23:22.104\r\nSourceProcessGUID: {14475cd4-509a-5f9b-1000-000000000500}\r\nSourceProcessId: 948\r\nSourceThreadId: 5932\r\nSourceImage: C:\\windows\\system32\\svchost.exe\r\nTargetProcessGUID: {14475cd4-509f-5f9b-5c00-000000000500}\r\nTargetProcessId: 3916\r\nTargetImage: C:\\windows\\System32\\svchost.exe\r\nGrantedAccess: 0x1000\r\nCallTrace: C:\\windows\\SYSTEM32\\ntdll.dll+9c584|C:\\windows\\SYSTEM32\\psmserviceexthost.dll+222a3|C:\\windows\\SYSTEM32\\psmserviceexthost.dll+1a172|C:\\windows\\SYSTEM32\\psmserviceexthost.dll+19e3b|C:\\windows\\SYSTEM32\\psmserviceexthost.dll+19318|C:\\windows\\SYSTEM32\\ntdll.dll+3081d|C:\\windows\\SYSTEM32\\ntdll.dll+345b4|C:\\windows\\System32\\KERNEL32.DLL+17c24|C:\\windows\\SYSTEM32\\ntdll.dll+6cea1"}
{"GrantedAccess":"0x1000","@timestamp":"2020-10-29T08:23:22.120Z","TimeCreated":"2020-10-29T08:23:22.120Z","SourceThreadId":"5932","SourceImage":"C:\\windows\\system32\\svchost.exe","ProviderGuid":"{5770385f-c22a-43e0-bf4c-06f5698ffbd9}","CallTrace":"C:\\windows\\SYSTEM32\\ntdll.dll+9c584|C:\\windows\\SYSTEM32\\psmserviceexthost.dll+222a3|C:\\windows\\SYSTEM32\\psmserviceexthost.dll+1a172|C:\\windows\\SYSTEM32\\psmserviceexthost.dll+19e3b|C:\\windows\\SYSTEM32\\psmserviceexthost.dll+19318|C:\\windows\\SYSTEM32\\ntdll.dll+3081d|C:\\windows\\SYSTEM32\\ntdll.dll+345b4|C:\\windows\\System32\\KERNEL32.DLL+17c24|C:\\windows\\SYSTEM32\\ntdll.dll+6cea1","UtcTime":"2020-10-30 00:23:22.104","TargetProcessGUID":"{14475cd4-509f-5f9b-5c00-000000000500}","SourceProcessId":"948","Level":"4","Channel":"Microsoft-Windows-Sysmon/Operational","Task":"10","RuleName":"-","SourceName":"Microsoft-Windows-Sysmon","Hostname":"WORKSTATION5.theshire.local","SourceProcessGUID":"{14475cd4-509a-5f9b-1000-000000000500}","TargetProcessId":"3916","EventID":10,"Keywords":"0x8000000000000000","TargetImage":"C:\\windows\\System32\\svchost.exe","Message":"Process accessed:\r\nRuleName: -\r\nUtcTime: 2020-10-30 00:23:22.104\r\nSourceProcessGUID: {14475cd4-509a-5f9b-1000-000000000500}\r\nSourceProcessId: 948\r\nSourceThreadId: 5932\r\nSourceImage: C:\\windows\\system32\\svchost.exe\r\nTargetProcessGUID: {14475cd4-509f-5f9b-5c00-000000000500}\r\nTargetProcessId: 3916\r\nTargetImage: C:\\windows\\System32\\svchost.exe\r\nGrantedAccess: 0x1000\r\nCallTrace: C:\\windows\\SYSTEM32\\ntdll.dll+9c584|C:\\windows\\SYSTEM32\\psmserviceexthost.dll+222a3|C:\\windows\\SYSTEM32\\psmserviceexthost.dll+1a172|C:\\windows\\SYSTEM32\\psmserviceexthost.dll+19e3b|C:\\windows\\SYSTEM32\\psmserviceexthost.dll+19318|C:\\windows\\SYSTEM32\\ntdll.dll+3081d|C:\\windows\\SYSTEM32\\ntdll.dll+345b4|C:\\windows\\System32\\KERNEL32.DLL+17c24|C:\\windows\\SYSTEM32\\ntdll.dll+6cea1"}
{"GrantedAccess":"0x2000","@timestamp":"2020-10-29T08:23:22.258Z","TimeCreated":"2020-10-29T08:23:22.258Z","SourceThreadId":"5932","SourceImage":"C:\\windows\\system32\\svchost.exe","ProviderGuid":"{5770385f-c22a-43e0-bf4c-06f5698ffbd9}","CallTrace":"C:\\windows\\SYSTEM32\\ntdll.dll+9c584|C:\\windows\\SYSTEM32\\psmserviceexthost.dll+310c0|C:\\windows\\SYSTEM32\\psmserviceexthost.dll+30dbf|C:\\windows\\SYSTEM32\\ntdll.dll+6ba5|C:\\windows\\SYSTEM32\\ntdll.dll+67f1|C:\\windows\\SYSTEM32\\ntdll.dll+6650|C:\\windows\\SYSTEM32\\ntdll.dll+3052c|C:\\windows\\SYSTEM32\\ntdll.dll+34142|C:\\windows\\System32\\KERNEL32.DLL+17c24|C:\\windows\\SYSTEM32\\ntdll.dll+6cea1","UtcTime":"2020-10-30 00:23:22.245","TargetProcessGUID":"{14475cd4-5904-5f9b-5a01-000000000500}","SourceProcessId":"948","Level":"4","Channel":"Microsoft-Windows-Sysmon/Operational","Task":"10","RuleName":"-","SourceName":"Microsoft-Windows-Sysmon","Hostname":"WORKSTATION5.theshire.local","SourceProcessGUID":"{14475cd4-509a-5f9b-1000-000000000500}","TargetProcessId":"216","EventID":10,"Keywords":"0x8000000000000000","TargetImage":"C:\\windows\\system32\\conhost.exe","Message":"Process accessed:\r\nRuleName: -\r\nUtcTime: 2020-10-30 00:23:22.245\r\nSourceProcessGUID: {14475cd4-509a-5f9b-1000-000000000500}\r\nSourceProcessId: 948\r\nSourceThreadId: 5932\r\nSourceImage: C:\\windows\\system32\\svchost.exe\r\nTargetProcessGUID: {14475cd4-5904-5f9b-5a01-000000000500}\r\nTargetProcessId: 216\r\nTargetImage: C:\\windows\\system32\\conhost.exe\r\nGrantedAccess: 0x2000\r\nCallTrace: C:\\windows\\SYSTEM32\\ntdll.dll+9c584|C:\\windows\\SYSTEM32\\psmserviceexthost.dll+310c0|C:\\windows\\SYSTEM32\\psmserviceexthost.dll+30dbf|C:\\windows\\SYSTEM32\\ntdll.dll+6ba5|C:\\windows\\SYSTEM32\\ntdll.dll+67f1|C:\\windows\\SYSTEM32\\ntdll.dll+6650|C:\\windows\\SYSTEM32\\ntdll.dll+3052c|C:\\windows\\SYSTEM32\\ntdll.dll+34142|C:\\windows\\System32\\KERNEL32.DLL+17c24|C:\\windows\\SYSTEM32\\ntdll.dll+6cea1"}
{"GrantedAccess":"0x1000","@timestamp":"2020-10-29T08:23:22.258Z","TimeCreated":"2020-10-29T08:23:22.258Z","SourceThreadId":"6880","SourceImage":"C:\\windows\\Explorer.EXE","ProviderGuid":"{5770385f-c22a-43e0-bf4c-06f5698ffbd9}","CallTrace":"C:\\windows\\SYSTEM32\\ntdll.dll+9c584|C:\\windows\\System32\\KERNELBASE.dll+305fe|C:\\Windows\\System32\\appresolver.dll+221c5|C:\\Windows\\System32\\appresolver.dll+1edcc|C:\\Windows\\System32\\appresolver.dll+1ecb7|C:\\windows\\Explorer.EXE+5b1a7|C:\\windows\\Explorer.EXE+5b0a4|C:\\windows\\Explorer.EXE+29a50|C:\\windows\\System32\\windows.storage.dll+16e1c4|C:\\windows\\System32\\windows.storage.dll+16de05|C:\\windows\\System32\\windows.storage.dll+16dce5|C:\\windows\\System32\\shcore.dll+31636|C:\\windows\\SYSTEM32\\ntdll.dll+2f655|C:\\windows\\SYSTEM32\\ntdll.dll+345b4|C:\\windows\\System32\\KERNEL32.DLL+17c24|C:\\windows\\SYSTEM32\\ntdll.dll+6cea1","UtcTime":"2020-10-30 00:23:22.245","TargetProcessGUID":"{14475cd4-5904-5f9b-5901-000000000500}","SourceProcessId":"6640","Level":"4","Channel":"Microsoft-Windows-Sysmon/Operational","Task":"10","RuleName":"-","SourceName":"Microsoft-Windows-Sysmon","Hostname":"WORKSTATION5.theshire.local","SourceProcessGUID":"{14475cd4-50e1-5f9b-b700-000000000500}","TargetProcessId":"7480","EventID":10,"Keywords":"0x8000000000000000","TargetImage":"C:\\Windows\\System32\\WindowsPowerShell\\v1.0\\powershell.exe","Message":"Process accessed:\r\nRuleName: -\r\nUtcTime: 2020-10-30 00:23:22.245\r\nSourceProcessGUID: {14475cd4-50e1-5f9b-b700-000000000500}\r\nSourceProcessId: 6640\r\nSourceThreadId: 6880\r\nSourceImage: C:\\windows\\Explorer.EXE\r\nTargetProcessGUID: {14475cd4-5904-5f9b-5901-000000000500}\r\nTargetProcessId: 7480\r\nTargetImage: C:\\Windows\\System32\\WindowsPowerShell\\v1.0\\powershell.exe\r\nGrantedAccess: 0x1000\r\nCallTrace: C:\\windows\\SYSTEM32\\ntdll.dll+9c584|C:\\windows\\System32\\KERNELBASE.dll+305fe|C:\\Windows\\System32\\appresolver.dll+221c5|C:\\Windows\\System32\\appresolver.dll+1edcc|C:\\Windows\\System32\\appresolver.dll+1ecb7|C:\\windows\\Explorer.EXE+5b1a7|C:\\windows\\Explorer.EXE+5b0a4|C:\\windows\\Explorer.EXE+29a50|C:\\windows\\System32\\windows.storage.dll+16e1c4|C:\\windows\\System32\\windows.storage.dll+16de05|C:\\windows\\System32\\windows.storage.dll+16dce5|C:\\windows\\System32\\shcore.dll+31636|C:\\windows\\SYSTEM32\\ntdll.dll+2f655|C:\\windows\\SYSTEM32\\ntdll.dll+345b4|C:\\windows\\System32\\KERNEL32.DLL+17c24|C:\\windows\\SYSTEM32\\ntdll.dll+6cea1"}
{"@timestamp":"2020-10-29T08:23:22.258Z","TimeCreated":"2020-10-29T08:23:22.258Z","ProviderGuid":"{5770385f-c22a-43e0-bf4c-06f5698ffbd9}","UtcTime":"2020-10-30 00:23:22.245","ProcessGuid":"{14475cd4-50e1-5f9b-b700-000000000500}","Image":"C:\\windows\\Explorer.EXE","Level":"4","Channel":"Microsoft-Windows-Sysmon/Operational","Task":"13","RuleName":"-","SourceName":"Microsoft-Windows-Sysmon","Hostname":"WORKSTATION5.theshire.local","Details":"Binary Data","ProcessId":"6640","EventType":"SetValue","EventID":13,"Keywords":"0x8000000000000000","TargetObject":"HKU\\S-1-5-21-3140987116-517580383-2541594433-1104\\Software\\Microsoft\\Windows\\CurrentVersion\\Explorer\\UserAssist\\{CEBFF5CD-ACE2-4F4F-9178-9926F41749EA}\\Count\\{1NP14R77-02R7-4R5Q-O744-2RO1NR5198O7}\\pzq.rkr","Message":"Registry value set:\r\nRuleName: -\r\nEventType: SetValue\r\nUtcTime: 2020-10-30 00:23:22.245\r\nProcessGuid: {14475cd4-50e1-5f9b-b700-000000000500}\r\nProcessId: 6640\r\nImage: C:\\windows\\Explorer.EXE\r\nTargetObject: HKU\\S-1-5-21-3140987116-517580383-2541594433-1104\\Software\\Microsoft\\Windows\\CurrentVersion\\Explorer\\UserAssist\\{CEBFF5CD-ACE2-4F4F-9178-9926F41749EA}\\Count\\{1NP14R77-02R7-4R5Q-O744-2RO1NR5198O7}\\pzq.rkr\r\nDetails: Binary Data"}
{"@timestamp":"2020-10-29T08:23:22.258Z","TimeCreated":"2020-10-29T08:23:22.258Z","ProviderGuid":"{5770385f-c22a-43e0-bf4c-06f5698ffbd9}","UtcTime":"2020-10-30 00:23:22.245","ProcessGuid":"{14475cd4-50e1-5f9b-b700-000000000500}","Image":"C:\\windows\\Explorer.EXE","Level":"4","Channel":"Microsoft-Windows-Sysmon/Operational","Task":"13","RuleName":"-","SourceName":"Microsoft-Windows-Sysmon","Hostname":"WORKSTATION5.theshire.local","Details":"Binary Data","ProcessId":"6640","EventType":"SetValue","EventID":13,"Keywords":"0x8000000000000000","TargetObject":"HKU\\S-1-5-21-3140987116-517580383-2541594433-1104\\Software\\Microsoft\\Windows\\CurrentVersion\\Explorer\\UserAssist\\{CEBFF5CD-ACE2-4F4F-9178-9926F41749EA}\\Count\\HRZR_PGYFRFFVBA","Message":"Registry value set:\r\nRuleName: -\r\nEventType: SetValue\r\nUtcTime: 2020-10-30 00:23:22.245\r\nProcessGuid: {14475cd4-50e1-5f9b-b700-000000000500}\r\nProcessId: 6640\r\nImage: C:\\windows\\Explorer.EXE\r\nTargetObject: HKU\\S-1-5-21-3140987116-517580383-2541594433-1104\\Software\\Microsoft\\Windows\\CurrentVersion\\Explorer\\UserAssist\\{CEBFF5CD-ACE2-4F4F-9178-9926F41749EA}\\Count\\HRZR_PGYFRFFVBA\r\nDetails: Binary Data"}
{"GrantedAccess":"0x1000","@timestamp":"2020-10-29T08:23:22.258Z","TimeCreated":"2020-10-29T08:23:22.258Z","SourceThreadId":"6848","SourceImage":"C:\\windows\\Explorer.EXE","ProviderGuid":"{5770385f-c22a-43e0-bf4c-06f5698ffbd9}","CallTrace":"C:\\windows\\SYSTEM32\\ntdll.dll+9c584|C:\\windows\\System32\\KERNELBASE.dll+305fe|C:\\windows\\SYSTEM32\\TWINAPI.dll+6d4c|C:\\windows\\system32\\twinui.pcshell.dll+20880|C:\\windows\\system32\\twinui.pcshell.dll+20082|C:\\windows\\system32\\twinui.dll+1780b|C:\\windows\\system32\\twinui.dll+1734c|C:\\windows\\system32\\twinui.dll+68f7a|C:\\windows\\system32\\twinui.dll+16e09|C:\\windows\\system32\\twinui.dll+16f4b|C:\\windows\\system32\\twinui.dll+16ecd|C:\\windows\\System32\\USER32.dll+15c1d|C:\\windows\\System32\\USER32.dll+15612|C:\\Windows\\System32\\windows.immersiveshell.serviceprovider.dll+45f0|C:\\Windows\\System32\\windows.immersiveshell.serviceprovider.dll+41b9|C:\\Windows\\System32\\windows.immersiveshell.serviceprovider.dll+3e4f|C:\\windows\\System32\\KERNEL32.DLL+17c24|C:\\windows\\SYSTEM32\\ntdll.dll+6cea1","UtcTime":"2020-10-30 00:23:22.245","TargetProcessGUID":"{14475cd4-5904-5f9b-5901-000000000500}","SourceProcessId":"6640","Level":"4","Channel":"Microsoft-Windows-Sysmon/Operational","Task":"10","RuleName":"-","SourceName":"Microsoft-Windows-Sysmon","Hostname":"WORKSTATION5.theshire.local","SourceProcessGUID":"{14475cd4-50e1-5f9b-b700-000000000500}","TargetProcessId":"7480","EventID":10,"Keywords":"0x8000000000000000","TargetImage":"C:\\Windows\\System32\\WindowsPowerShell\\v1.0\\powershell.exe","Message":"Process accessed:\r\nRuleName: -\r\nUtcTime: 2020-10-30 00:23:22.245\r\nSourceProcessGUID: {14475cd4-50e1-5f9b-b700-000000000500}\r\nSourceProcessId: 6640\r\nSourceThreadId: 6848\r\nSourceImage: C:\\windows\\Explorer.EXE\r\nTargetProcessGUID: {14475cd4-5904-5f9b-5901-000000000500}\r\nTargetProcessId: 7480\r\nTargetImage: C:\\Windows\\System32\\WindowsPowerShell\\v1.0\\powershell.exe\r\nGrantedAccess: 0x1000\r\nCallTrace: C:\\windows\\SYSTEM32\\ntdll.dll+9c584|C:\\windows\\System32\\KERNELBASE.dll+305fe|C:\\windows\\SYSTEM32\\TWINAPI.dll+6d4c|C:\\windows\\system32\\twinui.pcshell.dll+20880|C:\\windows\\system32\\twinui.pcshell.dll+20082|C:\\windows\\system32\\twinui.dll+1780b|C:\\windows\\system32\\twinui.dll+1734c|C:\\windows\\system32\\twinui.dll+68f7a|C:\\windows\\system32\\twinui.dll+16e09|C:\\windows\\system32\\twinui.dll+16f4b|C:\\windows\\system32\\twinui.dll+16ecd|C:\\windows\\System32\\USER32.dll+15c1d|C:\\windows\\System32\\USER32.dll+15612|C:\\Windows\\System32\\windows.immersiveshell.serviceprovider.dll+45f0|C:\\Windows\\System32\\windows.immersiveshell.serviceprovider.dll+41b9|C:\\Windows\\System32\\windows.immersiveshell.serviceprovider.dll+3e4f|C:\\windows\\System32\\KERNEL32.DLL+17c24|C:\\windows\\SYSTEM32\\ntdll.dll+6cea1"}
