{"TimeCreated":"2020-10-19 12:28:31.801","SourceName":"Microsoft-Windows-Sysmon","Device":"\\Device\\HarddiskVolume2","UtcTime":"2020-10-19 04:28:31.785","ProcessGuid":"{39e4a257-0d41-5f8d-8704-000000000700}","Image":"C:\\Windows\\System32\\svchost.exe","EventID":9,"Channel":"Microsoft-Windows-Sysmon/Operational","Task":"9","RuleName":"-","Message":"RawAccessRead detected:\r\nRuleName: -\r\nUtcTime: 2020-10-19 04:28:31.785\r\nProcessGuid: {39e4a257-0d41-5f8d-8704-000000000700}\r\nProcessId: 5524\r\nImage: C:\\Windows\\System32\\svchost.exe\r\nDevice: \\Device\\HarddiskVolume2","Hostname":"WORKSTATION5","ProcessId":"5524"}
{"TimeCreated":"2020-10-19 12:28:31.801","SourceName":"Microsoft-Windows-Sysmon","Device":"\\Device\\HarddiskVolume2","UtcTime":"2020-10-19 04:28:31.785","ProcessGuid":"{39e4a257-0d41-5f8d-8704-000000000700}","Image":"C:\\Windows\\System32\\svchost.exe","EventID":9,"Channel":"Microsoft-Windows-Sysmon/Operational","Task":"9","RuleName":"-","Message":"RawAccessRead detected:\r\nRuleName: -\r\nUtcTime: 2020-10-19 04:28:31.785\r\nProcessGuid: {39e4a257-0d41-5f8d-8704-000000000700}\r\nProcessId: 5524\r\nImage: C:\\Windows\\System32\\svchost.exe\r\nDevice: \\Device\\HarddiskVolume2","Hostname":"WORKSTATION5","ProcessId":"5524"}
{"TimeCreated":"2020-10-19 12:28:31.801","SourceName":"Microsoft-Windows-Sysmon","Device":"\\Device\\HarddiskVolume3","UtcTime":"2020-10-19 04:28:31.785","ProcessGuid":"{39e4a257-0d41-5f8d-8704-000000000700}","Image":"C:\\Windows\\System32\\svchost.exe","EventID":9,"Channel":"Microsoft-Windows-Sysmon/Operational","Task":"9","RuleName":"-","Message":"RawAccessRead detected:\r\nRuleName: -\r\nUtcTime: 2020-10-19 04:28:31.785\r\nProcessGuid: {39e4a257-0d41-5f8d-8704-000000000700}\r\nProcessId: 5524\r\nImage: C:\\Windows\\System32\\svchost.exe\r\nDevice: \\Device\\HarddiskVolume3","Hostname":"WORKSTATION5","ProcessId":"5524"}
{"TimeCreated":"2020-10-19 12:28:31.801","SourceName":"Microsoft-Windows-Sysmon","Device":"\\Device\\HarddiskVolume2","UtcTime":"2020-10-19 04:28:31.785","ProcessGuid":"{39e4a257-0d41-5f8d-8704-000000000700}","Image":"C:\\Windows\\System32\\svchost.exe","EventID":9,"Channel":"Microsoft-Windows-Sysmon/Operational","Task":"9","RuleName":"-","Message":"RawAccessRead detected:\r\nRuleName: -\r\nUtcTime: 2020-10-19 04:28:31.785\r\nProcessGuid: {39e4a257-0d41-5f8d-8704-000000000700}\r\nProcessId: 5524\r\nImage: C:\\Windows\\System32\\svchost.exe\r\nDevice: \\Device\\HarddiskVolume2","Hostname":"WORKSTATION5","ProcessId":"5524"}
{"TimeCreated":"2020-10-19 12:28:31.800","SourceName":"Microsoft-Windows-Sysmon","Device":"\\Device\\HarddiskVolume1","UtcTime":"2020-10-19 04:28:31.785","ProcessGuid":"{39e4a257-0d41-5f8d-8704-000000000700}","Image":"C:\\Windows\\System32\\svchost.exe","EventID":9,"Channel":"Microsoft-Windows-Sysmon/Operational","Task":"9","RuleName":"-","Message":"RawAccessRead detected:\r\nRuleName: -\r\nUtcTime: 2020-10-19 04:28:31.785\r\nProcessGuid: {39e4a257-0d41-5f8d-8704-000000000700}\r\nProcessId: 5524\r\nImage: C:\\Windows\\System32\\svchost.exe\r\nDevice: \\Device\\HarddiskVolume1","Hostname":"WORKSTATION5","ProcessId":"5524"}
{"TimeCreated":"2020-10-19 12:28:31.800","SourceName":"Microsoft-Windows-Sysmon","Device":"\\Device\\HarddiskVolume1","UtcTime":"2020-10-19 04:28:31.785","ProcessGuid":"{39e4a257-0d41-5f8d-8704-000000000700}","Image":"C:\\Windows\\System32\\svchost.exe","EventID":9,"Channel":"Microsoft-Windows-Sysmon/Operational","Task":"9","RuleName":"-","Message":"RawAccessRead detected:\r\nRuleName: -\r\nUtcTime: 2020-10-19 04:28:31.785\r\nProcessGuid: {39e4a257-0d41-5f8d-8704-000000000700}\r\nProcessId: 5524\r\nImage: C:\\Windows\\System32\\svchost.exe\r\nDevice: \\Device\\HarddiskVolume1","Hostname":"WORKSTATION5","ProcessId":"5524"}
{"TimeCreated":"2020-10-19 12:28:31.800","SourceName":"Microsoft-Windows-Sysmon","Device":"\\Device\\HarddiskVolume2","UtcTime":"2020-10-19 04:28:31.785","ProcessGuid":"{39e4a257-0d41-5f8d-8704-000000000700}","Image":"C:\\Windows\\System32\\svchost.exe","EventID":9,"Channel":"Microsoft-Windows-Sysmon/Operational","Task":"9","RuleName":"-","Message":"RawAccessRead detected:\r\nRuleName: -\r\nUtcTime: 2020-10-19 04:28:31.785\r\nProcessGuid: {39e4a257-0d41-5f8d-8704-000000000700}\r\nProcessId: 5524\r\nImage: C:\\Windows\\System32\\svchost.exe\r\nDevice: \\Device\\HarddiskVolume2","Hostname":"WORKSTATION5","ProcessId":"5524"}
{"TimeCreated":"2020-10-19 12:28:31.800","SourceName":"Microsoft-Windows-Sysmon","Device":"\\Device\\HarddiskVolume2","UtcTime":"2020-10-19 04:28:31.785","ProcessGuid":"{39e4a257-0d41-5f8d-8704-000000000700}","Image":"C:\\Windows\\System32\\svchost.exe","EventID":9,"Channel":"Microsoft-Windows-Sysmon/Operational","Task":"9","RuleName":"-","Message":"RawAccessRead detected:\r\nRuleName: -\r\nUtcTime: 2020-10-19 04:28:31.785\r\nProcessGuid: {39e4a257-0d41-5f8d-8704-000000000700}\r\nProcessId: 5524\r\nImage: C:\\Windows\\System32\\svchost.exe\r\nDevice: \\Device\\HarddiskVolume2","Hostname":"WORKSTATION5","ProcessId":"5524"}
{"TimeCreated":"2020-10-19 12:28:31.800","SourceName":"Microsoft-Windows-Sysmon","Device":"\\Device\\HarddiskVolume2","UtcTime":"2020-10-19 04:28:31.785","ProcessGuid":"{39e4a257-0d41-5f8d-8704-000000000700}","Image":"C:\\Windows\\System32\\svchost.exe","EventID":9,"Channel":"Microsoft-Windows-Sysmon/Operational","Task":"9","RuleName":"-","Message":"RawAccessRead detected:\r\nRuleName: -\r\nUtcTime: 2020-10-19 04:28:31.785\r\nProcessGuid: {39e4a257-0d41-5f8d-8704-000000000700}\r\nProcessId: 5524\r\nImage: C:\\Windows\\System32\\svchost.exe\r\nDevice: \\Device\\HarddiskVolume2","Hostname":"WORKSTATION5","ProcessId":"5524"}
{"TimeCreated":"2020-10-19 12:28:31.796","SourceName":"Microsoft-Windows-Sysmon","Device":"\\Device\\HarddiskVolume2","UtcTime":"2020-10-19 04:28:31.785","ProcessGuid":"{39e4a257-0d41-5f8d-8704-000000000700}","Image":"C:\\Windows\\System32\\svchost.exe","EventID":9,"Channel":"Microsoft-Windows-Sysmon/Operational","Task":"9","RuleName":"-","Message":"RawAccessRead detected:\r\nRuleName: -\r\nUtcTime: 2020-10-19 04:28:31.785\r\nProcessGuid: {39e4a257-0d41-5f8d-8704-000000000700}\r\nProcessId: 5524\r\nImage: C:\\Windows\\System32\\svchost.exe\r\nDevice: \\Device\\HarddiskVolume2","Hostname":"WORKSTATION5","ProcessId":"5524"}
{"TimeCreated":"2020-10-19 12:28:31.796","SourceName":"Microsoft-Windows-Sysmon","Device":"\\Device\\HarddiskVolume2","UtcTime":"2020-10-19 04:28:31.785","ProcessGuid":"{39e4a257-0d41-5f8d-8704-000000000700}","Image":"C:\\Windows\\System32\\svchost.exe","EventID":9,"Channel":"Microsoft-Windows-Sysmon/Operational","Task":"9","RuleName":"-","Message":"RawAccessRead detected:\r\nRuleName: -\r\nUtcTime: 2020-10-19 04:28:31.785\r\nProcessGuid: {39e4a257-0d41-5f8d-8704-000000000700}\r\nProcessId: 5524\r\nImage: C:\\Windows\\System32\\svchost.exe\r\nDevice: \\Device\\HarddiskVolume2","Hostname":"WORKSTATION5","ProcessId":"5524"}
{"TimeCreated":"2020-10-19 12:28:31.796","SourceName":"Microsoft-Windows-Sysmon","Device":"\\Device\\HarddiskVolume2","UtcTime":"2020-10-19 04:28:31.785","ProcessGuid":"{39e4a257-0d41-5f8d-8704-000000000700}","Image":"C:\\Windows\\System32\\svchost.exe","EventID":9,"Channel":"Microsoft-Windows-Sysmon/Operational","Task":"9","RuleName":"-","Message":"RawAccessRead detected:\r\nRuleName: -\r\nUtcTime: 2020-10-19 04:28:31.785\r\nProcessGuid: {39e4a257-0d41-5f8d-8704-000000000700}\r\nProcessId: 5524\r\nImage: C:\\Windows\\System32\\svchost.exe\r\nDevice: \\Device\\HarddiskVolume2","Hostname":"WORKSTATION5","ProcessId":"5524"}
{"TimeCreated":"2020-10-19 12:28:31.796","SourceName":"Microsoft-Windows-Sysmon","Device":"\\Device\\HarddiskVolume2","UtcTime":"2020-10-19 04:28:31.785","ProcessGuid":"{39e4a257-0d41-5f8d-8704-000000000700}","Image":"C:\\Windows\\System32\\svchost.exe","EventID":9,"Channel":"Microsoft-Windows-Sysmon/Operational","Task":"9","RuleName":"-","Message":"RawAccessRead detected:\r\nRuleName: -\r\nUtcTime: 2020-10-19 04:28:31.785\r\nProcessGuid: {39e4a257-0d41-5f8d-8704-000000000700}\r\nProcessId: 5524\r\nImage: C:\\Windows\\System32\\svchost.exe\r\nDevice: \\Device\\HarddiskVolume2","Hostname":"WORKSTATION5","ProcessId":"5524"}
{"TimeCreated":"2020-10-19 12:28:31.796","SourceName":"Microsoft-Windows-Sysmon","Device":"\\Device\\HarddiskVolume2","UtcTime":"2020-10-19 04:28:31.785","ProcessGuid":"{39e4a257-0d41-5f8d-8704-000000000700}","Image":"C:\\Windows\\System32\\svchost.exe","EventID":9,"Channel":"Microsoft-Windows-Sysmon/Operational","Task":"9","RuleName":"-","Message":"RawAccessRead detected:\r\nRuleName: -\r\nUtcTime: 2020-10-19 04:28:31.785\r\nProcessGuid: {39e4a257-0d41-5f8d-8704-000000000700}\r\nProcessId: 5524\r\nImage: C:\\Windows\\System32\\svchost.exe\r\nDevice: \\Device\\HarddiskVolume2","Hostname":"WORKSTATION5","ProcessId":"5524"}
{"TimeCreated":"2020-10-19 12:28:31.796","SourceName":"Microsoft-Windows-Sysmon","Device":"\\Device\\HarddiskVolume2","UtcTime":"2020-10-19 04:28:31.785","ProcessGuid":"{39e4a257-0d41-5f8d-8704-000000000700}","Image":"C:\\Windows\\System32\\svchost.exe","EventID":9,"Channel":"Microsoft-Windows-Sysmon/Operational","Task":"9","RuleName":"-","Message":"RawAccessRead detected:\r\nRuleName: -\r\nUtcTime: 2020-10-19 04:28:31.785\r\nProcessGuid: {39e4a257-0d41-5f8d-8704-000000000700}\r\nProcessId: 5524\r\nImage: C:\\Windows\\System32\\svchost.exe\r\nDevice: \\Device\\HarddiskVolume2","Hostname":"WORKSTATION5","ProcessId":"5524"}
{"TimeCreated":"2020-10-19 12:28:31.796","SourceName":"Microsoft-Windows-Sysmon","Device":"\\Device\\HarddiskVolume3","UtcTime":"2020-10-19 04:28:31.785","ProcessGuid":"{39e4a257-0d41-5f8d-8704-000000000700}","Image":"C:\\Windows\\System32\\svchost.exe","EventID":9,"Channel":"Microsoft-Windows-Sysmon/Operational","Task":"9","RuleName":"-","Message":"RawAccessRead detected:\r\nRuleName: -\r\nUtcTime: 2020-10-19 04:28:31.785\r\nProcessGuid: {39e4a257-0d41-5f8d-8704-000000000700}\r\nProcessId: 5524\r\nImage: C:\\Windows\\System32\\svchost.exe\r\nDevice: \\Device\\HarddiskVolume3","Hostname":"WORKSTATION5","ProcessId":"5524"}
{"TimeCreated":"2020-10-19 12:28:31.796","SourceName":"Microsoft-Windows-Sysmon","Device":"\\Device\\HarddiskVolume3","UtcTime":"2020-10-19 04:28:31.785","ProcessGuid":"{39e4a257-0d41-5f8d-8704-000000000700}","Image":"C:\\Windows\\System32\\svchost.exe","EventID":9,"Channel":"Microsoft-Windows-Sysmon/Operational","Task":"9","RuleName":"-","Message":"RawAccessRead detected:\r\nRuleName: -\r\nUtcTime: 2020-10-19 04:28:31.785\r\nProcessGuid: {39e4a257-0d41-5f8d-8704-000000000700}\r\nProcessId: 5524\r\nImage: C:\\Windows\\System32\\svchost.exe\r\nDevice: \\Device\\HarddiskVolume3","Hostname":"WORKSTATION5","ProcessId":"5524"}
{"TimeCreated":"2020-10-19 12:28:31.796","SourceName":"Microsoft-Windows-Sysmon","Device":"\\Device\\HarddiskVolume1","UtcTime":"2020-10-19 04:28:31.785","ProcessGuid":"{39e4a257-0d41-5f8d-8704-000000000700}","Image":"C:\\Windows\\System32\\svchost.exe","EventID":9,"Channel":"Microsoft-Windows-Sysmon/Operational","Task":"9","RuleName":"-","Message":"RawAccessRead detected:\r\nRuleName: -\r\nUtcTime: 2020-10-19 04:28:31.785\r\nProcessGuid: {39e4a257-0d41-5f8d-8704-000000000700}\r\nProcessId: 5524\r\nImage: C:\\Windows\\System32\\svchost.exe\r\nDevice: \\Device\\HarddiskVolume1","Hostname":"WORKSTATION5","ProcessId":"5524"}
{"TimeCreated":"2020-10-19 12:28:31.796","SourceName":"Microsoft-Windows-Sysmon","Device":"\\Device\\HarddiskVolume1","UtcTime":"2020-10-19 04:28:31.785","ProcessGuid":"{39e4a257-0d41-5f8d-8704-000000000700}","Image":"C:\\Windows\\System32\\svchost.exe","EventID":9,"Channel":"Microsoft-Windows-Sysmon/Operational","Task":"9","RuleName":"-","Message":"RawAccessRead detected:\r\nRuleName: -\r\nUtcTime: 2020-10-19 04:28:31.785\r\nProcessGuid: {39e4a257-0d41-5f8d-8704-000000000700}\r\nProcessId: 5524\r\nImage: C:\\Windows\\System32\\svchost.exe\r\nDevice: \\Device\\HarddiskVolume1","Hostname":"WORKSTATION5","ProcessId":"5524"}
{"TimeCreated":"2020-10-19 12:28:31.796","SourceName":"Microsoft-Windows-Sysmon","Device":"\\Device\\HarddiskVolume2","UtcTime":"2020-10-19 04:28:31.785","ProcessGuid":"{39e4a257-0d41-5f8d-8704-000000000700}","Image":"C:\\Windows\\System32\\svchost.exe","EventID":9,"Channel":"Microsoft-Windows-Sysmon/Operational","Task":"9","RuleName":"-","Message":"RawAccessRead detected:\r\nRuleName: -\r\nUtcTime: 2020-10-19 04:28:31.785\r\nProcessGuid: {39e4a257-0d41-5f8d-8704-000000000700}\r\nProcessId: 5524\r\nImage: C:\\Windows\\System32\\svchost.exe\r\nDevice: \\Device\\HarddiskVolume2","Hostname":"WORKSTATION5","ProcessId":"5524"}
{"TimeCreated":"2020-10-19 12:28:31.796","SourceName":"Microsoft-Windows-Sysmon","Device":"\\Device\\HarddiskVolume2","UtcTime":"2020-10-19 04:28:31.785","ProcessGuid":"{39e4a257-0d41-5f8d-8704-000000000700}","Image":"C:\\Windows\\System32\\svchost.exe","EventID":9,"Channel":"Microsoft-Windows-Sysmon/Operational","Task":"9","RuleName":"-","Message":"RawAccessRead detected:\r\nRuleName: -\r\nUtcTime: 2020-10-19 04:28:31.785\r\nProcessGuid: {39e4a257-0d41-5f8d-8704-000000000700}\r\nProcessId: 5524\r\nImage: C:\\Windows\\System32\\svchost.exe\r\nDevice: \\Device\\HarddiskVolume2","Hostname":"WORKSTATION5","ProcessId":"5524"}
{"TimeCreated":"2020-10-19 12:28:31.796","SourceName":"Microsoft-Windows-Sysmon","Device":"\\Device\\HarddiskVolume2","UtcTime":"2020-10-19 04:28:31.785","ProcessGuid":"{39e4a257-0d41-5f8d-8704-000000000700}","Image":"C:\\Windows\\System32\\svchost.exe","EventID":9,"Channel":"Microsoft-Windows-Sysmon/Operational","Task":"9","RuleName":"-","Message":"RawAccessRead detected:\r\nRuleName: -\r\nUtcTime: 2020-10-19 04:28:31.785\r\nProcessGuid: {39e4a257-0d41-5f8d-8704-000000000700}\r\nProcessId: 5524\r\nImage: C:\\Windows\\System32\\svchost.exe\r\nDevice: \\Device\\HarddiskVolume2","Hostname":"WORKSTATION5","ProcessId":"5524"}
{"TimeCreated":"2020-10-19 12:28:31.793","SourceName":"Microsoft-Windows-Sysmon","Device":"\\Device\\HarddiskVolume2","UtcTime":"2020-10-19 04:28:31.785","ProcessGuid":"{39e4a257-0d41-5f8d-8704-000000000700}","Image":"C:\\Windows\\System32\\svchost.exe","EventID":9,"Channel":"Microsoft-Windows-Sysmon/Operational","Task":"9","RuleName":"-","Message":"RawAccessRead detected:\r\nRuleName: -\r\nUtcTime: 2020-10-19 04:28:31.785\r\nProcessGuid: {39e4a257-0d41-5f8d-8704-000000000700}\r\nProcessId: 5524\r\nImage: C:\\Windows\\System32\\svchost.exe\r\nDevice: \\Device\\HarddiskVolume2","Hostname":"WORKSTATION5","ProcessId":"5524"}
{"TimeCreated":"2020-10-19 12:28:31.793","SourceName":"Microsoft-Windows-Sysmon","Device":"\\Device\\HarddiskVolume2","UtcTime":"2020-10-19 04:28:31.785","ProcessGuid":"{39e4a257-0d41-5f8d-8704-000000000700}","Image":"C:\\Windows\\System32\\svchost.exe","EventID":9,"Channel":"Microsoft-Windows-Sysmon/Operational","Task":"9","RuleName":"-","Message":"RawAccessRead detected:\r\nRuleName: -\r\nUtcTime: 2020-10-19 04:28:31.785\r\nProcessGuid: {39e4a257-0d41-5f8d-8704-000000000700}\r\nProcessId: 5524\r\nImage: C:\\Windows\\System32\\svchost.exe\r\nDevice: \\Device\\HarddiskVolume2","Hostname":"WORKSTATION5","ProcessId":"5524"}
{"TimeCreated":"2020-10-19 12:28:31.793","SourceName":"Microsoft-Windows-Sysmon","Device":"\\Device\\HarddiskVolume3","UtcTime":"2020-10-19 04:28:31.785","ProcessGuid":"{39e4a257-0d41-5f8d-8704-000000000700}","Image":"C:\\Windows\\System32\\svchost.exe","EventID":9,"Channel":"Microsoft-Windows-Sysmon/Operational","Task":"9","RuleName":"-","Message":"RawAccessRead detected:\r\nRuleName: -\r\nUtcTime: 2020-10-19 04:28:31.785\r\nProcessGuid: {39e4a257-0d41-5f8d-8704-000000000700}\r\nProcessId: 5524\r\nImage: C:\\Windows\\System32\\svchost.exe\r\nDevice: \\Device\\HarddiskVolume3","Hostname":"WORKSTATION5","ProcessId":"5524"}
{"TimeCreated":"2020-10-19 12:28:31.793","SourceName":"Microsoft-Windows-Sysmon","Device":"\\Device\\HarddiskVolume3","UtcTime":"2020-10-19 04:28:31.785","ProcessGuid":"{39e4a257-0d41-5f8d-8704-000000000700}","Image":"C:\\Windows\\System32\\svchost.exe","EventID":9,"Channel":"Microsoft-Windows-Sysmon/Operational","Task":"9","RuleName":"-","Message":"RawAccessRead detected:\r\nRuleName: -\r\nUtcTime: 2020-10-19 04:28:31.785\r\nProcessGuid: {39e4a257-0d41-5f8d-8704-000000000700}\r\nProcessId: 5524\r\nImage: C:\\Windows\\System32\\svchost.exe\r\nDevice: \\Device\\HarddiskVolume3","Hostname":"WORKSTATION5","ProcessId":"5524"}
{"TimeCreated":"2020-10-19 12:28:31.793","SourceName":"Microsoft-Windows-Sysmon","Device":"\\Device\\HarddiskVolume3","UtcTime":"2020-10-19 04:28:31.785","ProcessGuid":"{39e4a257-0d41-5f8d-8704-000000000700}","Image":"C:\\Windows\\System32\\svchost.exe","EventID":9,"Channel":"Microsoft-Windows-Sysmon/Operational","Task":"9","RuleName":"-","Message":"RawAccessRead detected:\r\nRuleName: -\r\nUtcTime: 2020-10-19 04:28:31.785\r\nProcessGuid: {39e4a257-0d41-5f8d-8704-000000000700}\r\nProcessId: 5524\r\nImage: C:\\Windows\\System32\\svchost.exe\r\nDevice: \\Device\\HarddiskVolume3","Hostname":"WORKSTATION5","ProcessId":"5524"}
{"TimeCreated":"2020-10-19 12:28:31.791","SourceName":"Microsoft-Windows-Sysmon","Device":"\\Device\\HarddiskVolume3","UtcTime":"2020-10-19 04:28:31.785","ProcessGuid":"{39e4a257-0d41-5f8d-8704-000000000700}","Image":"C:\\Windows\\System32\\svchost.exe","EventID":9,"Channel":"Microsoft-Windows-Sysmon/Operational","Task":"9","RuleName":"-","Message":"RawAccessRead detected:\r\nRuleName: -\r\nUtcTime: 2020-10-19 04:28:31.785\r\nProcessGuid: {39e4a257-0d41-5f8d-8704-000000000700}\r\nProcessId: 5524\r\nImage: C:\\Windows\\System32\\svchost.exe\r\nDevice: \\Device\\HarddiskVolume3","Hostname":"WORKSTATION5","ProcessId":"5524"}
{"TimeCreated":"2020-10-19 12:28:31.791","SourceName":"Microsoft-Windows-Sysmon","Device":"\\Device\\HarddiskVolume3","UtcTime":"2020-10-19 04:28:31.785","ProcessGuid":"{39e4a257-0d41-5f8d-8704-000000000700}","Image":"C:\\Windows\\System32\\svchost.exe","EventID":9,"Channel":"Microsoft-Windows-Sysmon/Operational","Task":"9","RuleName":"-","Message":"RawAccessRead detected:\r\nRuleName: -\r\nUtcTime: 2020-10-19 04:28:31.785\r\nProcessGuid: {39e4a257-0d41-5f8d-8704-000000000700}\r\nProcessId: 5524\r\nImage: C:\\Windows\\System32\\svchost.exe\r\nDevice: \\Device\\HarddiskVolume3","Hostname":"WORKSTATION5","ProcessId":"5524"}
{"TimeCreated":"2020-10-19 12:28:31.791","SourceName":"Microsoft-Windows-Sysmon","Device":"\\Device\\HarddiskVolume1","UtcTime":"2020-10-19 04:28:31.785","ProcessGuid":"{39e4a257-0d41-5f8d-8704-000000000700}","Image":"C:\\Windows\\System32\\svchost.exe","EventID":9,"Channel":"Microsoft-Windows-Sysmon/Operational","Task":"9","RuleName":"-","Message":"RawAccessRead detected:\r\nRuleName: -\r\nUtcTime: 2020-10-19 04:28:31.785\r\nProcessGuid: {39e4a257-0d41-5f8d-8704-000000000700}\r\nProcessId: 5524\r\nImage: C:\\Windows\\System32\\svchost.exe\r\nDevice: \\Device\\HarddiskVolume1","Hostname":"WORKSTATION5","ProcessId":"5524"}
{"TimeCreated":"2020-10-19 12:28:31.791","SourceName":"Microsoft-Windows-Sysmon","Device":"\\Device\\HarddiskVolume1","UtcTime":"2020-10-19 04:28:31.785","ProcessGuid":"{39e4a257-0d41-5f8d-8704-000000000700}","Image":"C:\\Windows\\System32\\svchost.exe","EventID":9,"Channel":"Microsoft-Windows-Sysmon/Operational","Task":"9","RuleName":"-","Message":"RawAccessRead detected:\r\nRuleName: -\r\nUtcTime: 2020-10-19 04:28:31.785\r\nProcessGuid: {39e4a257-0d41-5f8d-8704-000000000700}\r\nProcessId: 5524\r\nImage: C:\\Windows\\System32\\svchost.exe\r\nDevice: \\Device\\HarddiskVolume1","Hostname":"WORKSTATION5","ProcessId":"5524"}
{"TimeCreated":"2020-10-19 12:28:31.791","SourceName":"Microsoft-Windows-Sysmon","Device":"\\Device\\HarddiskVolume1","UtcTime":"2020-10-19 04:28:31.785","ProcessGuid":"{39e4a257-0d41-5f8d-8704-000000000700}","Image":"C:\\Windows\\System32\\svchost.exe","EventID":9,"Channel":"Microsoft-Windows-Sysmon/Operational","Task":"9","RuleName":"-","Message":"RawAccessRead detected:\r\nRuleName: -\r\nUtcTime: 2020-10-19 04:28:31.785\r\nProcessGuid: {39e4a257-0d41-5f8d-8704-000000000700}\r\nProcessId: 5524\r\nImage: C:\\Windows\\System32\\svchost.exe\r\nDevice: \\Device\\HarddiskVolume1","Hostname":"WORKSTATION5","ProcessId":"5524"}
{"TimeCreated":"2020-10-19 12:28:31.773","SourceName":"Microsoft-Windows-Sysmon","Device":"\\Device\\HarddiskVolume1","UtcTime":"2020-10-19 04:28:31.770","ProcessGuid":"{39e4a257-0d41-5f8d-8704-000000000700}","Image":"C:\\Windows\\System32\\svchost.exe","EventID":9,"Channel":"Microsoft-Windows-Sysmon/Operational","Task":"9","RuleName":"-","Message":"RawAccessRead detected:\r\nRuleName: -\r\nUtcTime: 2020-10-19 04:28:31.770\r\nProcessGuid: {39e4a257-0d41-5f8d-8704-000000000700}\r\nProcessId: 5524\r\nImage: C:\\Windows\\System32\\svchost.exe\r\nDevice: \\Device\\HarddiskVolume1","Hostname":"WORKSTATION5","ProcessId":"5524"}
{"TimeCreated":"2020-10-19 12:28:31.772","SourceName":"Microsoft-Windows-Sysmon","Device":"\\Device\\HarddiskVolume1","UtcTime":"2020-10-19 04:28:31.770","ProcessGuid":"{39e4a257-0d41-5f8d-8704-000000000700}","Image":"C:\\Windows\\System32\\svchost.exe","EventID":9,"Channel":"Microsoft-Windows-Sysmon/Operational","Task":"9","RuleName":"-","Message":"RawAccessRead detected:\r\nRuleName: -\r\nUtcTime: 2020-10-19 04:28:31.770\r\nProcessGuid: {39e4a257-0d41-5f8d-8704-000000000700}\r\nProcessId: 5524\r\nImage: C:\\Windows\\System32\\svchost.exe\r\nDevice: \\Device\\HarddiskVolume1","Hostname":"WORKSTATION5","ProcessId":"5524"}
{"TimeCreated":"2020-10-19 12:28:31.772","SourceName":"Microsoft-Windows-Sysmon","Device":"\\Device\\HarddiskVolume2","UtcTime":"2020-10-19 04:28:31.770","ProcessGuid":"{39e4a257-0d41-5f8d-8704-000000000700}","Image":"C:\\Windows\\System32\\svchost.exe","EventID":9,"Channel":"Microsoft-Windows-Sysmon/Operational","Task":"9","RuleName":"-","Message":"RawAccessRead detected:\r\nRuleName: -\r\nUtcTime: 2020-10-19 04:28:31.770\r\nProcessGuid: {39e4a257-0d41-5f8d-8704-000000000700}\r\nProcessId: 5524\r\nImage: C:\\Windows\\System32\\svchost.exe\r\nDevice: \\Device\\HarddiskVolume2","Hostname":"WORKSTATION5","ProcessId":"5524"}
{"TimeCreated":"2020-10-19 12:28:31.772","SourceName":"Microsoft-Windows-Sysmon","Device":"\\Device\\HarddiskVolume2","UtcTime":"2020-10-19 04:28:31.770","ProcessGuid":"{39e4a257-0d41-5f8d-8704-000000000700}","Image":"C:\\Windows\\System32\\svchost.exe","EventID":9,"Channel":"Microsoft-Windows-Sysmon/Operational","Task":"9","RuleName":"-","Message":"RawAccessRead detected:\r\nRuleName: -\r\nUtcTime: 2020-10-19 04:28:31.770\r\nProcessGuid: {39e4a257-0d41-5f8d-8704-000000000700}\r\nProcessId: 5524\r\nImage: C:\\Windows\\System32\\svchost.exe\r\nDevice: \\Device\\HarddiskVolume2","Hostname":"WORKSTATION5","ProcessId":"5524"}
{"TimeCreated":"2020-10-19 12:28:31.772","SourceName":"Microsoft-Windows-Sysmon","Device":"\\Device\\HarddiskVolume2","UtcTime":"2020-10-19 04:28:31.770","ProcessGuid":"{39e4a257-0d41-5f8d-8704-000000000700}","Image":"C:\\Windows\\System32\\svchost.exe","EventID":9,"Channel":"Microsoft-Windows-Sysmon/Operational","Task":"9","RuleName":"-","Message":"RawAccessRead detected:\r\nRuleName: -\r\nUtcTime: 2020-10-19 04:28:31.770\r\nProcessGuid: {39e4a257-0d41-5f8d-8704-000000000700}\r\nProcessId: 5524\r\nImage: C:\\Windows\\System32\\svchost.exe\r\nDevice: \\Device\\HarddiskVolume2","Hostname":"WORKSTATION5","ProcessId":"5524"}
{"TimeCreated":"2020-10-19 12:28:31.772","SourceName":"Microsoft-Windows-Sysmon","Device":"\\Device\\HarddiskVolume2","UtcTime":"2020-10-19 04:28:31.770","ProcessGuid":"{39e4a257-0d41-5f8d-8704-000000000700}","Image":"C:\\Windows\\System32\\svchost.exe","EventID":9,"Channel":"Microsoft-Windows-Sysmon/Operational","Task":"9","RuleName":"-","Message":"RawAccessRead detected:\r\nRuleName: -\r\nUtcTime: 2020-10-19 04:28:31.770\r\nProcessGuid: {39e4a257-0d41-5f8d-8704-000000000700}\r\nProcessId: 5524\r\nImage: C:\\Windows\\System32\\svchost.exe\r\nDevice: \\Device\\HarddiskVolume2","Hostname":"WORKSTATION5","ProcessId":"5524"}
{"SourceImage":"C:\\windows\\system32\\svchost.exe","TimeCreated":"2020-10-19 12:28:31.772","GrantedAccess":"0x1000","SourceName":"Microsoft-Windows-Sysmon","SourceThreadId":"7156","CallTrace":"C:\\windows\\SYSTEM32\\ntdll.dll+9c584|C:\\windows\\SYSTEM32\\psmserviceexthost.dll+222a3|C:\\windows\\SYSTEM32\\psmserviceexthost.dll+1a172|C:\\windows\\SYSTEM32\\psmserviceexthost.dll+19e3b|C:\\windows\\SYSTEM32\\psmserviceexthost.dll+19318|C:\\windows\\SYSTEM32\\ntdll.dll+3081d|C:\\windows\\SYSTEM32\\ntdll.dll+345b4|C:\\windows\\System32\\KERNEL32.DLL+17c24|C:\\windows\\SYSTEM32\\ntdll.dll+6cea1","UtcTime":"2020-10-19 04:28:31.770","TargetProcessGUID":"{39e4a257-0d41-5f8d-8704-000000000700}","SourceProcessId":"944","EventID":10,"Channel":"Microsoft-Windows-Sysmon/Operational","Task":"10","RuleName":"-","Message":"Process accessed:\r\nRuleName: -\r\nUtcTime: 2020-10-19 04:28:31.770\r\nSourceProcessGUID: {39e4a257-f132-5f8b-1000-000000000700}\r\nSourceProcessId: 944\r\nSourceThreadId: 7156\r\nSourceImage: C:\\windows\\system32\\svchost.exe\r\nTargetProcessGUID: {39e4a257-0d41-5f8d-8704-000000000700}\r\nTargetProcessId: 5524\r\nTargetImage: C:\\windows\\System32\\svchost.exe\r\nGrantedAccess: 0x1000\r\nCallTrace: C:\\windows\\SYSTEM32\\ntdll.dll+9c584|C:\\windows\\SYSTEM32\\psmserviceexthost.dll+222a3|C:\\windows\\SYSTEM32\\psmserviceexthost.dll+1a172|C:\\windows\\SYSTEM32\\psmserviceexthost.dll+19e3b|C:\\windows\\SYSTEM32\\psmserviceexthost.dll+19318|C:\\windows\\SYSTEM32\\ntdll.dll+3081d|C:\\windows\\SYSTEM32\\ntdll.dll+345b4|C:\\windows\\System32\\KERNEL32.DLL+17c24|C:\\windows\\SYSTEM32\\ntdll.dll+6cea1","Hostname":"WORKSTATION5","TargetProcessId":"5524","TargetImage":"C:\\windows\\System32\\svchost.exe","SourceProcessGUID":"{39e4a257-f132-5f8b-1000-000000000700}"}
{"SourceImage":"C:\\windows\\system32\\svchost.exe","TimeCreated":"2020-10-19 12:28:31.772","GrantedAccess":"0x1000","SourceName":"Microsoft-Windows-Sysmon","SourceThreadId":"7156","CallTrace":"C:\\windows\\SYSTEM32\\ntdll.dll+9c584|C:\\windows\\SYSTEM32\\psmserviceexthost.dll+222a3|C:\\windows\\SYSTEM32\\psmserviceexthost.dll+1a172|C:\\windows\\SYSTEM32\\psmserviceexthost.dll+19e3b|C:\\windows\\SYSTEM32\\psmserviceexthost.dll+19318|C:\\windows\\SYSTEM32\\ntdll.dll+3081d|C:\\windows\\SYSTEM32\\ntdll.dll+345b4|C:\\windows\\System32\\KERNEL32.DLL+17c24|C:\\windows\\SYSTEM32\\ntdll.dll+6cea1","UtcTime":"2020-10-19 04:28:31.770","TargetProcessGUID":"{39e4a257-0d41-5f8d-8704-000000000700}","SourceProcessId":"944","EventID":10,"Channel":"Microsoft-Windows-Sysmon/Operational","Task":"10","RuleName":"-","Message":"Process accessed:\r\nRuleName: -\r\nUtcTime: 2020-10-19 04:28:31.770\r\nSourceProcessGUID: {39e4a257-f132-5f8b-1000-000000000700}\r\nSourceProcessId: 944\r\nSourceThreadId: 7156\r\nSourceImage: C:\\windows\\system32\\svchost.exe\r\nTargetProcessGUID: {39e4a257-0d41-5f8d-8704-000000000700}\r\nTargetProcessId: 5524\r\nTargetImage: C:\\windows\\System32\\svchost.exe\r\nGrantedAccess: 0x1000\r\nCallTrace: C:\\windows\\SYSTEM32\\ntdll.dll+9c584|C:\\windows\\SYSTEM32\\psmserviceexthost.dll+222a3|C:\\windows\\SYSTEM32\\psmserviceexthost.dll+1a172|C:\\windows\\SYSTEM32\\psmserviceexthost.dll+19e3b|C:\\windows\\SYSTEM32\\psmserviceexthost.dll+19318|C:\\windows\\SYSTEM32\\ntdll.dll+3081d|C:\\windows\\SYSTEM32\\ntdll.dll+345b4|C:\\windows\\System32\\KERNEL32.DLL+17c24|C:\\windows\\SYSTEM32\\ntdll.dll+6cea1","Hostname":"WORKSTATION5","TargetProcessId":"5524","TargetImage":"C:\\windows\\System32\\svchost.exe","SourceProcessGUID":"{39e4a257-f132-5f8b-1000-000000000700}"}
{"SourceImage":"C:\\windows\\system32\\svchost.exe","TimeCreated":"2020-10-19 12:28:31.576","GrantedAccess":"0x1000","SourceName":"Microsoft-Windows-Sysmon","SourceThreadId":"8344","CallTrace":"C:\\windows\\SYSTEM32\\ntdll.dll+9c584|C:\\windows\\SYSTEM32\\psmserviceexthost.dll+222a3|C:\\windows\\SYSTEM32\\psmserviceexthost.dll+1a172|C:\\windows\\SYSTEM32\\psmserviceexthost.dll+19e3b|C:\\windows\\SYSTEM32\\psmserviceexthost.dll+19318|C:\\windows\\SYSTEM32\\ntdll.dll+3081d|C:\\windows\\SYSTEM32\\ntdll.dll+345b4|C:\\windows\\System32\\KERNEL32.DLL+17c24|C:\\windows\\SYSTEM32\\ntdll.dll+6cea1","UtcTime":"2020-10-19 04:28:31.566","TargetProcessGUID":"{39e4a257-0d41-5f8d-8704-000000000700}","SourceProcessId":"944","EventID":10,"Channel":"Microsoft-Windows-Sysmon/Operational","Task":"10","RuleName":"-","Message":"Process accessed:\r\nRuleName: -\r\nUtcTime: 2020-10-19 04:28:31.566\r\nSourceProcessGUID: {39e4a257-f132-5f8b-1000-000000000700}\r\nSourceProcessId: 944\r\nSourceThreadId: 8344\r\nSourceImage: C:\\windows\\system32\\svchost.exe\r\nTargetProcessGUID: {39e4a257-0d41-5f8d-8704-000000000700}\r\nTargetProcessId: 5524\r\nTargetImage: C:\\windows\\System32\\svchost.exe\r\nGrantedAccess: 0x1000\r\nCallTrace: C:\\windows\\SYSTEM32\\ntdll.dll+9c584|C:\\windows\\SYSTEM32\\psmserviceexthost.dll+222a3|C:\\windows\\SYSTEM32\\psmserviceexthost.dll+1a172|C:\\windows\\SYSTEM32\\psmserviceexthost.dll+19e3b|C:\\windows\\SYSTEM32\\psmserviceexthost.dll+19318|C:\\windows\\SYSTEM32\\ntdll.dll+3081d|C:\\windows\\SYSTEM32\\ntdll.dll+345b4|C:\\windows\\System32\\KERNEL32.DLL+17c24|C:\\windows\\SYSTEM32\\ntdll.dll+6cea1","Hostname":"WORKSTATION5","TargetProcessId":"5524","TargetImage":"C:\\windows\\System32\\svchost.exe","SourceProcessGUID":"{39e4a257-f132-5f8b-1000-000000000700}"}
{"SourceImage":"C:\\windows\\system32\\svchost.exe","TimeCreated":"2020-10-19 12:28:31.576","GrantedAccess":"0x1000","SourceName":"Microsoft-Windows-Sysmon","SourceThreadId":"8344","CallTrace":"C:\\windows\\SYSTEM32\\ntdll.dll+9c584|C:\\windows\\SYSTEM32\\psmserviceexthost.dll+222a3|C:\\windows\\SYSTEM32\\psmserviceexthost.dll+1a172|C:\\windows\\SYSTEM32\\psmserviceexthost.dll+19e3b|C:\\windows\\SYSTEM32\\psmserviceexthost.dll+19318|C:\\windows\\SYSTEM32\\ntdll.dll+3081d|C:\\windows\\SYSTEM32\\ntdll.dll+345b4|C:\\windows\\System32\\KERNEL32.DLL+17c24|C:\\windows\\SYSTEM32\\ntdll.dll+6cea1","UtcTime":"2020-10-19 04:28:31.566","TargetProcessGUID":"{39e4a257-0d41-5f8d-8704-000000000700}","SourceProcessId":"944","EventID":10,"Channel":"Microsoft-Windows-Sysmon/Operational","Task":"10","RuleName":"-","Message":"Process accessed:\r\nRuleName: -\r\nUtcTime: 2020-10-19 04:28:31.566\r\nSourceProcessGUID: {39e4a257-f132-5f8b-1000-000000000700}\r\nSourceProcessId: 944\r\nSourceThreadId: 8344\r\nSourceImage: C:\\windows\\system32\\svchost.exe\r\nTargetProcessGUID: {39e4a257-0d41-5f8d-8704-000000000700}\r\nTargetProcessId: 5524\r\nTargetImage: C:\\windows\\System32\\svchost.exe\r\nGrantedAccess: 0x1000\r\nCallTrace: C:\\windows\\SYSTEM32\\ntdll.dll+9c584|C:\\windows\\SYSTEM32\\psmserviceexthost.dll+222a3|C:\\windows\\SYSTEM32\\psmserviceexthost.dll+1a172|C:\\windows\\SYSTEM32\\psmserviceexthost.dll+19e3b|C:\\windows\\SYSTEM32\\psmserviceexthost.dll+19318|C:\\windows\\SYSTEM32\\ntdll.dll+3081d|C:\\windows\\SYSTEM32\\ntdll.dll+345b4|C:\\windows\\System32\\KERNEL32.DLL+17c24|C:\\windows\\SYSTEM32\\ntdll.dll+6cea1","Hostname":"WORKSTATION5","TargetProcessId":"5524","TargetImage":"C:\\windows\\System32\\svchost.exe","SourceProcessGUID":"{39e4a257-f132-5f8b-1000-000000000700}"}
{"TimeCreated":"2020-10-19 12:28:31.575","SourceName":"Microsoft-Windows-Sysmon","Device":"\\Device\\HarddiskVolume2","UtcTime":"2020-10-19 04:28:31.566","ProcessGuid":"{39e4a257-0d41-5f8d-8704-000000000700}","Image":"C:\\Windows\\System32\\svchost.exe","EventID":9,"Channel":"Microsoft-Windows-Sysmon/Operational","Task":"9","RuleName":"-","Message":"RawAccessRead detected:\r\nRuleName: -\r\nUtcTime: 2020-10-19 04:28:31.566\r\nProcessGuid: {39e4a257-0d41-5f8d-8704-000000000700}\r\nProcessId: 5524\r\nImage: C:\\Windows\\System32\\svchost.exe\r\nDevice: \\Device\\HarddiskVolume2","Hostname":"WORKSTATION5","ProcessId":"5524"}
{"TimeCreated":"2020-10-19 12:28:31.575","SourceName":"Microsoft-Windows-Sysmon","Device":"\\Device\\HarddiskVolume2","UtcTime":"2020-10-19 04:28:31.566","ProcessGuid":"{39e4a257-0d41-5f8d-8704-000000000700}","Image":"C:\\Windows\\System32\\svchost.exe","EventID":9,"Channel":"Microsoft-Windows-Sysmon/Operational","Task":"9","RuleName":"-","Message":"RawAccessRead detected:\r\nRuleName: -\r\nUtcTime: 2020-10-19 04:28:31.566\r\nProcessGuid: {39e4a257-0d41-5f8d-8704-000000000700}\r\nProcessId: 5524\r\nImage: C:\\Windows\\System32\\svchost.exe\r\nDevice: \\Device\\HarddiskVolume2","Hostname":"WORKSTATION5","ProcessId":"5524"}
{"TimeCreated":"2020-10-19 12:28:31.574","SourceName":"Microsoft-Windows-Sysmon","Device":"\\Device\\HarddiskVolume2","UtcTime":"2020-10-19 04:28:31.566","ProcessGuid":"{39e4a257-0d41-5f8d-8704-000000000700}","Image":"C:\\Windows\\System32\\svchost.exe","EventID":9,"Channel":"Microsoft-Windows-Sysmon/Operational","Task":"9","RuleName":"-","Message":"RawAccessRead detected:\r\nRuleName: -\r\nUtcTime: 2020-10-19 04:28:31.566\r\nProcessGuid: {39e4a257-0d41-5f8d-8704-000000000700}\r\nProcessId: 5524\r\nImage: C:\\Windows\\System32\\svchost.exe\r\nDevice: \\Device\\HarddiskVolume2","Hostname":"WORKSTATION5","ProcessId":"5524"}
{"TimeCreated":"2020-10-19 12:28:31.574","SourceName":"Microsoft-Windows-Sysmon","UtcTime":"2020-10-19 04:28:31.566","ProcessGuid":"{39e4a257-f136-5f8b-3800-000000000700}","Image":"C:\\windows\\system32\\vssvc.exe","EventID":13,"Channel":"Microsoft-Windows-Sysmon/Operational","Task":"13","RuleName":"-","Message":"Registry value set:\r\nRuleName: -\r\nEventType: SetValue\r\nUtcTime: 2020-10-19 04:28:31.566\r\nProcessGuid: {39e4a257-f136-5f8b-3800-000000000700}\r\nProcessId: 2332\r\nImage: C:\\windows\\system32\\vssvc.exe\r\nTargetObject: HKLM\\System\\CurrentControlSet\\Services\\VSS\\Diag\\SwProvider_{b5946137-7b9f-4925-af80-51abd60b20d5}\\PROVIDER_ENDPREPARE (Enter)\r\nDetails: Binary Data","Hostname":"WORKSTATION5","Details":"Binary Data","ProcessId":"2332","EventType":"SetValue","TargetObject":"HKLM\\System\\CurrentControlSet\\Services\\VSS\\Diag\\SwProvider_{b5946137-7b9f-4925-af80-51abd60b20d5}\\PROVIDER_ENDPREPARE (Enter)"}
{"TimeCreated":"2020-10-19 12:28:31.573","SourceName":"Microsoft-Windows-Sysmon","UtcTime":"2020-10-19 04:28:31.566","ProcessGuid":"{39e4a257-15ef-5f8d-e704-000000000700}","Image":"C:\\windows\\system32\\esentutl.exe","EventID":13,"Channel":"Microsoft-Windows-Sysmon/Operational","Task":"13","RuleName":"-","Message":"Registry value set:\r\nRuleName: -\r\nEventType: SetValue\r\nUtcTime: 2020-10-19 04:28:31.566\r\nProcessGuid: {39e4a257-15ef-5f8d-e704-000000000700}\r\nProcessId: 5136\r\nImage: C:\\windows\\system32\\esentutl.exe\r\nTargetObject: HKLM\\System\\CurrentControlSet\\Services\\VSS\\Diag\\VssapiPublisher\\DOSNAPSHOT (Enter)\r\nDetails: Binary Data","Hostname":"WORKSTATION5","Details":"Binary Data","ProcessId":"5136","EventType":"SetValue","TargetObject":"HKLM\\System\\CurrentControlSet\\Services\\VSS\\Diag\\VssapiPublisher\\DOSNAPSHOT (Enter)"}
{"TimeCreated":"2020-10-19 12:28:31.572","SourceName":"Microsoft-Windows-Sysmon","UtcTime":"2020-10-19 04:28:31.566","ProcessGuid":"{39e4a257-15ef-5f8d-e704-000000000700}","Image":"C:\\windows\\system32\\esentutl.exe","EventID":13,"Channel":"Microsoft-Windows-Sysmon/Operational","Task":"13","RuleName":"-","Message":"Registry value set:\r\nRuleName: -\r\nEventType: SetValue\r\nUtcTime: 2020-10-19 04:28:31.566\r\nProcessGuid: {39e4a257-15ef-5f8d-e704-000000000700}\r\nProcessId: 5136\r\nImage: C:\\windows\\system32\\esentutl.exe\r\nTargetObject: HKLM\\System\\CurrentControlSet\\Services\\VSS\\Diag\\VssapiPublisher\\PREPAREBACKUP (Leave)\r\nDetails: Binary Data","Hostname":"WORKSTATION5","Details":"Binary Data","ProcessId":"5136","EventType":"SetValue","TargetObject":"HKLM\\System\\CurrentControlSet\\Services\\VSS\\Diag\\VssapiPublisher\\PREPAREBACKUP (Leave)"}
{"TimeCreated":"2020-10-19 12:28:31.571","SourceName":"Microsoft-Windows-Sysmon","UtcTime":"2020-10-19 04:28:31.566","ProcessGuid":"{39e4a257-f136-5f8b-3800-000000000700}","Image":"C:\\windows\\system32\\vssvc.exe","EventID":13,"Channel":"Microsoft-Windows-Sysmon/Operational","Task":"13","RuleName":"-","Message":"Registry value set:\r\nRuleName: -\r\nEventType: SetValue\r\nUtcTime: 2020-10-19 04:28:31.566\r\nProcessGuid: {39e4a257-f136-5f8b-3800-000000000700}\r\nProcessId: 2332\r\nImage: C:\\windows\\system32\\vssvc.exe\r\nTargetObject: HKLM\\System\\CurrentControlSet\\Services\\VSS\\Diag\\Shadow Copy Optimization Writer\\VSS_WS_STABLE (SetCurrentState)\r\nDetails: Binary Data","Hostname":"WORKSTATION5","Details":"Binary Data","ProcessId":"2332","EventType":"SetValue","TargetObject":"HKLM\\System\\CurrentControlSet\\Services\\VSS\\Diag\\Shadow Copy Optimization Writer\\VSS_WS_STABLE (SetCurrentState)"}
{"TimeCreated":"2020-10-19 12:28:31.571","SourceName":"Microsoft-Windows-Sysmon","UtcTime":"2020-10-19 04:28:31.566","ProcessGuid":"{39e4a257-f136-5f8b-3800-000000000700}","Image":"C:\\windows\\system32\\vssvc.exe","EventID":13,"Channel":"Microsoft-Windows-Sysmon/Operational","Task":"13","RuleName":"-","Message":"Registry value set:\r\nRuleName: -\r\nEventType: SetValue\r\nUtcTime: 2020-10-19 04:28:31.566\r\nProcessGuid: {39e4a257-f136-5f8b-3800-000000000700}\r\nProcessId: 2332\r\nImage: C:\\windows\\system32\\vssvc.exe\r\nTargetObject: HKLM\\System\\CurrentControlSet\\Services\\VSS\\Diag\\Shadow Copy Optimization Writer\\PREPAREBACKUP (Leave)\r\nDetails: Binary Data","Hostname":"WORKSTATION5","Details":"Binary Data","ProcessId":"2332","EventType":"SetValue","TargetObject":"HKLM\\System\\CurrentControlSet\\Services\\VSS\\Diag\\Shadow Copy Optimization Writer\\PREPAREBACKUP (Leave)"}
{"SourceImage":"C:\\windows\\system32\\lsass.exe","TimeCreated":"2020-10-19 12:28:31.570","GrantedAccess":"0x1000","SourceName":"Microsoft-Windows-Sysmon","SourceThreadId":"4724","CallTrace":"C:\\windows\\SYSTEM32\\ntdll.dll+9c584|C:\\windows\\system32\\lsasrv.dll+32063|C:\\windows\\system32\\lsasrv.dll+30a65|C:\\windows\\SYSTEM32\\samsrv.dll+322c|C:\\windows\\SYSTEM32\\samsrv.dll+305f|C:\\windows\\SYSTEM32\\samsrv.dll+32d7|C:\\windows\\System32\\RPCRT4.dll+76a63|C:\\windows\\System32\\RPCRT4.dll+da036|C:\\windows\\System32\\RPCRT4.dll+37b7c|C:\\windows\\System32\\RPCRT4.dll+549f8|C:\\windows\\System32\\RPCRT4.dll+2c9b1|C:\\windows\\System32\\RPCRT4.dll+2c26b|C:\\windows\\System32\\RPCRT4.dll+1a8cf|C:\\windows\\System32\\RPCRT4.dll+19d7a|C:\\windows\\System32\\RPCRT4.dll+19361|C:\\windows\\System32\\RPCRT4.dll+18dce|C:\\windows\\System32\\RPCRT4.dll+16a05|C:\\windows\\SYSTEM32\\ntdll.dll+333ed|C:\\windows\\SYSTEM32\\ntdll.dll+34142|C:\\windows\\System32\\KERNEL32.DLL+17c24|C:\\windows\\SYSTEM32\\ntdll.dll+6cea1","UtcTime":"2020-10-19 04:28:31.566","TargetProcessGUID":"{39e4a257-15ef-5f8d-e704-000000000700}","SourceProcessId":"756","EventID":10,"Channel":"Microsoft-Windows-Sysmon/Operational","Task":"10","RuleName":"-","Message":"Process accessed:\r\nRuleName: -\r\nUtcTime: 2020-10-19 04:28:31.566\r\nSourceProcessGUID: {39e4a257-f131-5f8b-0c00-000000000700}\r\nSourceProcessId: 756\r\nSourceThreadId: 4724\r\nSourceImage: C:\\windows\\system32\\lsass.exe\r\nTargetProcessGUID: {39e4a257-15ef-5f8d-e704-000000000700}\r\nTargetProcessId: 5136\r\nTargetImage: C:\\windows\\system32\\esentutl.exe\r\nGrantedAccess: 0x1000\r\nCallTrace: C:\\windows\\SYSTEM32\\ntdll.dll+9c584|C:\\windows\\system32\\lsasrv.dll+32063|C:\\windows\\system32\\lsasrv.dll+30a65|C:\\windows\\SYSTEM32\\samsrv.dll+322c|C:\\windows\\SYSTEM32\\samsrv.dll+305f|C:\\windows\\SYSTEM32\\samsrv.dll+32d7|C:\\windows\\System32\\RPCRT4.dll+76a63|C:\\windows\\System32\\RPCRT4.dll+da036|C:\\windows\\System32\\RPCRT4.dll+37b7c|C:\\windows\\System32\\RPCRT4.dll+549f8|C:\\windows\\System32\\RPCRT4.dll+2c9b1|C:\\windows\\System32\\RPCRT4.dll+2c26b|C:\\windows\\System32\\RPCRT4.dll+1a8cf|C:\\windows\\System32\\RPCRT4.dll+19d7a|C:\\windows\\System32\\RPCRT4.dll+19361|C:\\windows\\System32\\RPCRT4.dll+18dce|C:\\windows\\System32\\RPCRT4.dll+16a05|C:\\windows\\SYSTEM32\\ntdll.dll+333ed|C:\\windows\\SYSTEM32\\ntdll.dll+34142|C:\\windows\\System32\\KERNEL32.DLL+17c24|C:\\windows\\SYSTEM32\\ntdll.dll+6cea1","Hostname":"WORKSTATION5","TargetProcessId":"5136","TargetImage":"C:\\windows\\system32\\esentutl.exe","SourceProcessGUID":"{39e4a257-f131-5f8b-0c00-000000000700}"}
{"SourceImage":"C:\\windows\\system32\\lsass.exe","TimeCreated":"2020-10-19 12:28:31.569","GrantedAccess":"0x1000","SourceName":"Microsoft-Windows-Sysmon","SourceThreadId":"4724","CallTrace":"C:\\windows\\SYSTEM32\\ntdll.dll+9c584|C:\\windows\\system32\\lsasrv.dll+32063|C:\\windows\\system32\\lsasrv.dll+30a65|C:\\windows\\SYSTEM32\\samsrv.dll+322c|C:\\windows\\SYSTEM32\\samsrv.dll+305f|C:\\windows\\SYSTEM32\\samsrv.dll+32d7|C:\\windows\\System32\\RPCRT4.dll+76a63|C:\\windows\\System32\\RPCRT4.dll+da036|C:\\windows\\System32\\RPCRT4.dll+37b7c|C:\\windows\\System32\\RPCRT4.dll+549f8|C:\\windows\\System32\\RPCRT4.dll+2c9b1|C:\\windows\\System32\\RPCRT4.dll+2c26b|C:\\windows\\System32\\RPCRT4.dll+1a8cf|C:\\windows\\System32\\RPCRT4.dll+19d7a|C:\\windows\\System32\\RPCRT4.dll+19361|C:\\windows\\System32\\RPCRT4.dll+18dce|C:\\windows\\System32\\RPCRT4.dll+16a05|C:\\windows\\SYSTEM32\\ntdll.dll+333ed|C:\\windows\\SYSTEM32\\ntdll.dll+34142|C:\\windows\\System32\\KERNEL32.DLL+17c24|C:\\windows\\SYSTEM32\\ntdll.dll+6cea1","UtcTime":"2020-10-19 04:28:31.566","TargetProcessGUID":"{39e4a257-15ef-5f8d-e704-000000000700}","SourceProcessId":"756","EventID":10,"Channel":"Microsoft-Windows-Sysmon/Operational","Task":"10","RuleName":"-","Message":"Process accessed:\r\nRuleName: -\r\nUtcTime: 2020-10-19 04:28:31.566\r\nSourceProcessGUID: {39e4a257-f131-5f8b-0c00-000000000700}\r\nSourceProcessId: 756\r\nSourceThreadId: 4724\r\nSourceImage: C:\\windows\\system32\\lsass.exe\r\nTargetProcessGUID: {39e4a257-15ef-5f8d-e704-000000000700}\r\nTargetProcessId: 5136\r\nTargetImage: C:\\windows\\system32\\esentutl.exe\r\nGrantedAccess: 0x1000\r\nCallTrace: C:\\windows\\SYSTEM32\\ntdll.dll+9c584|C:\\windows\\system32\\lsasrv.dll+32063|C:\\windows\\system32\\lsasrv.dll+30a65|C:\\windows\\SYSTEM32\\samsrv.dll+322c|C:\\windows\\SYSTEM32\\samsrv.dll+305f|C:\\windows\\SYSTEM32\\samsrv.dll+32d7|C:\\windows\\System32\\RPCRT4.dll+76a63|C:\\windows\\System32\\RPCRT4.dll+da036|C:\\windows\\System32\\RPCRT4.dll+37b7c|C:\\windows\\System32\\RPCRT4.dll+549f8|C:\\windows\\System32\\RPCRT4.dll+2c9b1|C:\\windows\\System32\\RPCRT4.dll+2c26b|C:\\windows\\System32\\RPCRT4.dll+1a8cf|C:\\windows\\System32\\RPCRT4.dll+19d7a|C:\\windows\\System32\\RPCRT4.dll+19361|C:\\windows\\System32\\RPCRT4.dll+18dce|C:\\windows\\System32\\RPCRT4.dll+16a05|C:\\windows\\SYSTEM32\\ntdll.dll+333ed|C:\\windows\\SYSTEM32\\ntdll.dll+34142|C:\\windows\\System32\\KERNEL32.DLL+17c24|C:\\windows\\SYSTEM32\\ntdll.dll+6cea1","Hostname":"WORKSTATION5","TargetProcessId":"5136","TargetImage":"C:\\windows\\system32\\esentutl.exe","SourceProcessGUID":"{39e4a257-f131-5f8b-0c00-000000000700}"}
{"SourceImage":"C:\\windows\\system32\\lsass.exe","TimeCreated":"2020-10-19 12:28:31.568","GrantedAccess":"0x1000","SourceName":"Microsoft-Windows-Sysmon","SourceThreadId":"4724","CallTrace":"C:\\windows\\SYSTEM32\\ntdll.dll+9c584|C:\\windows\\system32\\lsasrv.dll+32063|C:\\windows\\system32\\lsasrv.dll+30a65|C:\\windows\\SYSTEM32\\samsrv.dll+322c|C:\\windows\\SYSTEM32\\samsrv.dll+305f|C:\\windows\\SYSTEM32\\samsrv.dll+32d7|C:\\windows\\System32\\RPCRT4.dll+76a63|C:\\windows\\System32\\RPCRT4.dll+da036|C:\\windows\\System32\\RPCRT4.dll+37b7c|C:\\windows\\System32\\RPCRT4.dll+549f8|C:\\windows\\System32\\RPCRT4.dll+2c9b1|C:\\windows\\System32\\RPCRT4.dll+2c26b|C:\\windows\\System32\\RPCRT4.dll+1a8cf|C:\\windows\\System32\\RPCRT4.dll+19d7a|C:\\windows\\System32\\RPCRT4.dll+19361|C:\\windows\\System32\\RPCRT4.dll+18dce|C:\\windows\\System32\\RPCRT4.dll+16a05|C:\\windows\\SYSTEM32\\ntdll.dll+333ed|C:\\windows\\SYSTEM32\\ntdll.dll+34142|C:\\windows\\System32\\KERNEL32.DLL+17c24|C:\\windows\\SYSTEM32\\ntdll.dll+6cea1","UtcTime":"2020-10-19 04:28:31.566","TargetProcessGUID":"{39e4a257-15ef-5f8d-e704-000000000700}","SourceProcessId":"756","EventID":10,"Channel":"Microsoft-Windows-Sysmon/Operational","Task":"10","RuleName":"-","Message":"Process accessed:\r\nRuleName: -\r\nUtcTime: 2020-10-19 04:28:31.566\r\nSourceProcessGUID: {39e4a257-f131-5f8b-0c00-000000000700}\r\nSourceProcessId: 756\r\nSourceThreadId: 4724\r\nSourceImage: C:\\windows\\system32\\lsass.exe\r\nTargetProcessGUID: {39e4a257-15ef-5f8d-e704-000000000700}\r\nTargetProcessId: 5136\r\nTargetImage: C:\\windows\\system32\\esentutl.exe\r\nGrantedAccess: 0x1000\r\nCallTrace: C:\\windows\\SYSTEM32\\ntdll.dll+9c584|C:\\windows\\system32\\lsasrv.dll+32063|C:\\windows\\system32\\lsasrv.dll+30a65|C:\\windows\\SYSTEM32\\samsrv.dll+322c|C:\\windows\\SYSTEM32\\samsrv.dll+305f|C:\\windows\\SYSTEM32\\samsrv.dll+32d7|C:\\windows\\System32\\RPCRT4.dll+76a63|C:\\windows\\System32\\RPCRT4.dll+da036|C:\\windows\\System32\\RPCRT4.dll+37b7c|C:\\windows\\System32\\RPCRT4.dll+549f8|C:\\windows\\System32\\RPCRT4.dll+2c9b1|C:\\windows\\System32\\RPCRT4.dll+2c26b|C:\\windows\\System32\\RPCRT4.dll+1a8cf|C:\\windows\\System32\\RPCRT4.dll+19d7a|C:\\windows\\System32\\RPCRT4.dll+19361|C:\\windows\\System32\\RPCRT4.dll+18dce|C:\\windows\\System32\\RPCRT4.dll+16a05|C:\\windows\\SYSTEM32\\ntdll.dll+333ed|C:\\windows\\SYSTEM32\\ntdll.dll+34142|C:\\windows\\System32\\KERNEL32.DLL+17c24|C:\\windows\\SYSTEM32\\ntdll.dll+6cea1","Hostname":"WORKSTATION5","TargetProcessId":"5136","TargetImage":"C:\\windows\\system32\\esentutl.exe","SourceProcessGUID":"{39e4a257-f131-5f8b-0c00-000000000700}"}
{"TimeCreated":"2020-10-19 12:28:31.568","SourceName":"Microsoft-Windows-Sysmon","UtcTime":"2020-10-19 04:28:31.566","ProcessGuid":"{39e4a257-f1b9-5f8b-b300-000000000700}","Image":"C:\\windows\\system32\\SearchIndexer.exe","EventID":13,"Channel":"Microsoft-Windows-Sysmon/Operational","Task":"13","RuleName":"-","Message":"Registry value set:\r\nRuleName: -\r\nEventType: SetValue\r\nUtcTime: 2020-10-19 04:28:31.566\r\nProcessGuid: {39e4a257-f1b9-5f8b-b300-000000000700}\r\nProcessId: 6624\r\nImage: C:\\windows\\system32\\SearchIndexer.exe\r\nTargetObject: HKLM\\System\\CurrentControlSet\\Services\\VSS\\Diag\\MSSearch Service Writer\\VSS_WS_STABLE (SetCurrentState)\r\nDetails: Binary Data","Hostname":"WORKSTATION5","Details":"Binary Data","ProcessId":"6624","EventType":"SetValue","TargetObject":"HKLM\\System\\CurrentControlSet\\Services\\VSS\\Diag\\MSSearch Service Writer\\VSS_WS_STABLE (SetCurrentState)"}
{"TimeCreated":"2020-10-19 12:28:31.568","SourceName":"Microsoft-Windows-Sysmon","UtcTime":"2020-10-19 04:28:31.566","ProcessGuid":"{39e4a257-f1b9-5f8b-b300-000000000700}","Image":"C:\\windows\\system32\\SearchIndexer.exe","EventID":13,"Channel":"Microsoft-Windows-Sysmon/Operational","Task":"13","RuleName":"-","Message":"Registry value set:\r\nRuleName: -\r\nEventType: SetValue\r\nUtcTime: 2020-10-19 04:28:31.566\r\nProcessGuid: {39e4a257-f1b9-5f8b-b300-000000000700}\r\nProcessId: 6624\r\nImage: C:\\windows\\system32\\SearchIndexer.exe\r\nTargetObject: HKLM\\System\\CurrentControlSet\\Services\\VSS\\Diag\\MSSearch Service Writer\\PREPAREBACKUP (Leave)\r\nDetails: Binary Data","Hostname":"WORKSTATION5","Details":"Binary Data","ProcessId":"6624","EventType":"SetValue","TargetObject":"HKLM\\System\\CurrentControlSet\\Services\\VSS\\Diag\\MSSearch Service Writer\\PREPAREBACKUP (Leave)"}
{"SourceImage":"C:\\windows\\system32\\lsass.exe","TimeCreated":"2020-10-19 12:28:31.568","GrantedAccess":"0x1000","SourceName":"Microsoft-Windows-Sysmon","SourceThreadId":"4724","CallTrace":"C:\\windows\\SYSTEM32\\ntdll.dll+9c584|C:\\windows\\system32\\lsasrv.dll+32063|C:\\windows\\system32\\lsasrv.dll+30a65|C:\\windows\\SYSTEM32\\samsrv.dll+322c|C:\\windows\\SYSTEM32\\samsrv.dll+305f|C:\\windows\\SYSTEM32\\samsrv.dll+32d7|C:\\windows\\System32\\RPCRT4.dll+76a63|C:\\windows\\System32\\RPCRT4.dll+da036|C:\\windows\\System32\\RPCRT4.dll+37b7c|C:\\windows\\System32\\RPCRT4.dll+549f8|C:\\windows\\System32\\RPCRT4.dll+2c9b1|C:\\windows\\System32\\RPCRT4.dll+2c26b|C:\\windows\\System32\\RPCRT4.dll+1a8cf|C:\\windows\\System32\\RPCRT4.dll+19d7a|C:\\windows\\System32\\RPCRT4.dll+19361|C:\\windows\\System32\\RPCRT4.dll+18dce|C:\\windows\\System32\\RPCRT4.dll+16a05|C:\\windows\\SYSTEM32\\ntdll.dll+333ed|C:\\windows\\SYSTEM32\\ntdll.dll+34142|C:\\windows\\System32\\KERNEL32.DLL+17c24|C:\\windows\\SYSTEM32\\ntdll.dll+6cea1","UtcTime":"2020-10-19 04:28:31.566","TargetProcessGUID":"{39e4a257-15ef-5f8d-e704-000000000700}","SourceProcessId":"756","EventID":10,"Channel":"Microsoft-Windows-Sysmon/Operational","Task":"10","RuleName":"-","Message":"Process accessed:\r\nRuleName: -\r\nUtcTime: 2020-10-19 04:28:31.566\r\nSourceProcessGUID: {39e4a257-f131-5f8b-0c00-000000000700}\r\nSourceProcessId: 756\r\nSourceThreadId: 4724\r\nSourceImage: C:\\windows\\system32\\lsass.exe\r\nTargetProcessGUID: {39e4a257-15ef-5f8d-e704-000000000700}\r\nTargetProcessId: 5136\r\nTargetImage: C:\\windows\\system32\\esentutl.exe\r\nGrantedAccess: 0x1000\r\nCallTrace: C:\\windows\\SYSTEM32\\ntdll.dll+9c584|C:\\windows\\system32\\lsasrv.dll+32063|C:\\windows\\system32\\lsasrv.dll+30a65|C:\\windows\\SYSTEM32\\samsrv.dll+322c|C:\\windows\\SYSTEM32\\samsrv.dll+305f|C:\\windows\\SYSTEM32\\samsrv.dll+32d7|C:\\windows\\System32\\RPCRT4.dll+76a63|C:\\windows\\System32\\RPCRT4.dll+da036|C:\\windows\\System32\\RPCRT4.dll+37b7c|C:\\windows\\System32\\RPCRT4.dll+549f8|C:\\windows\\System32\\RPCRT4.dll+2c9b1|C:\\windows\\System32\\RPCRT4.dll+2c26b|C:\\windows\\System32\\RPCRT4.dll+1a8cf|C:\\windows\\System32\\RPCRT4.dll+19d7a|C:\\windows\\System32\\RPCRT4.dll+19361|C:\\windows\\System32\\RPCRT4.dll+18dce|C:\\windows\\System32\\RPCRT4.dll+16a05|C:\\windows\\SYSTEM32\\ntdll.dll+333ed|C:\\windows\\SYSTEM32\\ntdll.dll+34142|C:\\windows\\System32\\KERNEL32.DLL+17c24|C:\\windows\\SYSTEM32\\ntdll.dll+6cea1","Hostname":"WORKSTATION5","TargetProcessId":"5136","TargetImage":"C:\\windows\\system32\\esentutl.exe","SourceProcessGUID":"{39e4a257-f131-5f8b-0c00-000000000700}"}
