{"GrantedAccess":"0x1000","@timestamp":"2020-10-22T02:21:38.283Z","TimeCreated":"2020-10-22T02:21:38.283Z","SourceThreadId":"1388","SourceImage":"C:\\windows\\Explorer.EXE","ProviderGuid":"{5770385f-c22a-43e0-bf4c-06f5698ffbd9}","CallTrace":"C:\\windows\\SYSTEM32\\ntdll.dll+9c584|C:\\windows\\System32\\KERNELBASE.dll+305fe|C:\\Windows\\System32\\appresolver.dll+221c5|C:\\Windows\\System32\\appresolver.dll+1edcc|C:\\windows\\system32\\twinui.pcshell.dll+1d434|C:\\windows\\system32\\twinui.pcshell.dll+fadd0|C:\\windows\\System32\\KERNEL32.DLL+17c24|C:\\windows\\SYSTEM32\\ntdll.dll+6cea1","UtcTime":"2020-10-22 06:21:38.280","TargetProcessGUID":"{39e4a257-24f1-5f91-0e13-000000000700}","SourceProcessId":"1072","Level":"4","Channel":"Microsoft-Windows-Sysmon/Operational","Task":"10","RuleName":"-","SourceName":"Microsoft-Windows-Sysmon","Hostname":"WORKSTATION5","SourceProcessGUID":"{39e4a257-f1b3-5f8b-a700-000000000700}","TargetProcessId":"10076","EventID":10,"Keywords":"0x8000000000000000","TargetImage":"C:\\windows\\system32\\mshta.exe","Message":"Process accessed:\r\nRuleName: -\r\nUtcTime: 2020-10-22 06:21:38.280\r\nSourceProcessGUID: {39e4a257-f1b3-5f8b-a700-000000000700}\r\nSourceProcessId: 1072\r\nSourceThreadId: 1388\r\nSourceImage: C:\\windows\\Explorer.EXE\r\nTargetProcessGUID: {39e4a257-24f1-5f91-0e13-000000000700}\r\nTargetProcessId: 10076\r\nTargetImage: C:\\windows\\system32\\mshta.exe\r\nGrantedAccess: 0x1000\r\nCallTrace: C:\\windows\\SYSTEM32\\ntdll.dll+9c584|C:\\windows\\System32\\KERNELBASE.dll+305fe|C:\\Windows\\System32\\appresolver.dll+221c5|C:\\Windows\\System32\\appresolver.dll+1edcc|C:\\windows\\system32\\twinui.pcshell.dll+1d434|C:\\windows\\system32\\twinui.pcshell.dll+fadd0|C:\\windows\\System32\\KERNEL32.DLL+17c24|C:\\windows\\SYSTEM32\\ntdll.dll+6cea1"}
{"GrantedAccess":"0x1000","@timestamp":"2020-10-22T02:21:38.283Z","TimeCreated":"2020-10-22T02:21:38.283Z","SourceThreadId":"1388","SourceImage":"C:\\windows\\Explorer.EXE","ProviderGuid":"{5770385f-c22a-43e0-bf4c-06f5698ffbd9}","CallTrace":"C:\\windows\\SYSTEM32\\ntdll.dll+9c584|C:\\windows\\System32\\KERNELBASE.dll+305fe|C:\\Windows\\System32\\appresolver.dll+1ee93|C:\\windows\\system32\\twinui.pcshell.dll+1d434|C:\\windows\\system32\\twinui.pcshell.dll+fadd0|C:\\windows\\System32\\KERNEL32.DLL+17c24|C:\\windows\\SYSTEM32\\ntdll.dll+6cea1","UtcTime":"2020-10-22 06:21:38.280","TargetProcessGUID":"{39e4a257-24f1-5f91-0e13-000000000700}","SourceProcessId":"1072","Level":"4","Channel":"Microsoft-Windows-Sysmon/Operational","Task":"10","RuleName":"-","SourceName":"Microsoft-Windows-Sysmon","Hostname":"WORKSTATION5","SourceProcessGUID":"{39e4a257-f1b3-5f8b-a700-000000000700}","TargetProcessId":"10076","EventID":10,"Keywords":"0x8000000000000000","TargetImage":"C:\\windows\\system32\\mshta.exe","Message":"Process accessed:\r\nRuleName: -\r\nUtcTime: 2020-10-22 06:21:38.280\r\nSourceProcessGUID: {39e4a257-f1b3-5f8b-a700-000000000700}\r\nSourceProcessId: 1072\r\nSourceThreadId: 1388\r\nSourceImage: C:\\windows\\Explorer.EXE\r\nTargetProcessGUID: {39e4a257-24f1-5f91-0e13-000000000700}\r\nTargetProcessId: 10076\r\nTargetImage: C:\\windows\\system32\\mshta.exe\r\nGrantedAccess: 0x1000\r\nCallTrace: C:\\windows\\SYSTEM32\\ntdll.dll+9c584|C:\\windows\\System32\\KERNELBASE.dll+305fe|C:\\Windows\\System32\\appresolver.dll+1ee93|C:\\windows\\system32\\twinui.pcshell.dll+1d434|C:\\windows\\system32\\twinui.pcshell.dll+fadd0|C:\\windows\\System32\\KERNEL32.DLL+17c24|C:\\windows\\SYSTEM32\\ntdll.dll+6cea1"}
{"GrantedAccess":"0x1410","@timestamp":"2020-10-22T02:21:38.283Z","TimeCreated":"2020-10-22T02:21:38.283Z","SourceThreadId":"1388","SourceImage":"C:\\windows\\Explorer.EXE","ProviderGuid":"{5770385f-c22a-43e0-bf4c-06f5698ffbd9}","CallTrace":"C:\\windows\\SYSTEM32\\ntdll.dll+9c584|C:\\windows\\System32\\KERNELBASE.dll+305fe|C:\\Windows\\System32\\appresolver.dll+21ee8|C:\\Windows\\System32\\appresolver.dll+1ef46|C:\\windows\\system32\\twinui.pcshell.dll+1d434|C:\\windows\\system32\\twinui.pcshell.dll+fadd0|C:\\windows\\System32\\KERNEL32.DLL+17c24|C:\\windows\\SYSTEM32\\ntdll.dll+6cea1","UtcTime":"2020-10-22 06:21:38.280","TargetProcessGUID":"{39e4a257-24f1-5f91-0e13-000000000700}","SourceProcessId":"1072","Level":"4","Channel":"Microsoft-Windows-Sysmon/Operational","Task":"10","RuleName":"-","SourceName":"Microsoft-Windows-Sysmon","Hostname":"WORKSTATION5","SourceProcessGUID":"{39e4a257-f1b3-5f8b-a700-000000000700}","TargetProcessId":"10076","EventID":10,"Keywords":"0x8000000000000000","TargetImage":"C:\\windows\\system32\\mshta.exe","Message":"Process accessed:\r\nRuleName: -\r\nUtcTime: 2020-10-22 06:21:38.280\r\nSourceProcessGUID: {39e4a257-f1b3-5f8b-a700-000000000700}\r\nSourceProcessId: 1072\r\nSourceThreadId: 1388\r\nSourceImage: C:\\windows\\Explorer.EXE\r\nTargetProcessGUID: {39e4a257-24f1-5f91-0e13-000000000700}\r\nTargetProcessId: 10076\r\nTargetImage: C:\\windows\\system32\\mshta.exe\r\nGrantedAccess: 0x1410\r\nCallTrace: C:\\windows\\SYSTEM32\\ntdll.dll+9c584|C:\\windows\\System32\\KERNELBASE.dll+305fe|C:\\Windows\\System32\\appresolver.dll+21ee8|C:\\Windows\\System32\\appresolver.dll+1ef46|C:\\windows\\system32\\twinui.pcshell.dll+1d434|C:\\windows\\system32\\twinui.pcshell.dll+fadd0|C:\\windows\\System32\\KERNEL32.DLL+17c24|C:\\windows\\SYSTEM32\\ntdll.dll+6cea1"}
{"GrantedAccess":"0x1000","@timestamp":"2020-10-22T02:21:38.286Z","TimeCreated":"2020-10-22T02:21:38.286Z","SourceThreadId":"5300","SourceImage":"C:\\windows\\system32\\ctfmon.exe","ProviderGuid":"{5770385f-c22a-43e0-bf4c-06f5698ffbd9}","CallTrace":"C:\\windows\\SYSTEM32\\ntdll.dll+9d154|C:\\windows\\System32\\MSCTF.dll+9440|C:\\windows\\System32\\MSCTF.dll+85ec|C:\\windows\\System32\\MSCTF.dll+827f|C:\\windows\\System32\\MSCTF.dll+80e2|C:\\windows\\System32\\KERNEL32.DLL+17c24|C:\\windows\\SYSTEM32\\ntdll.dll+6cea1","UtcTime":"2020-10-22 06:21:38.280","TargetProcessGUID":"{39e4a257-24f1-5f91-0e13-000000000700}","SourceProcessId":"5112","Level":"4","Channel":"Microsoft-Windows-Sysmon/Operational","Task":"10","RuleName":"-","SourceName":"Microsoft-Windows-Sysmon","Hostname":"WORKSTATION5","SourceProcessGUID":"{39e4a257-f1b1-5f8b-a500-000000000700}","TargetProcessId":"10076","EventID":10,"Keywords":"0x8000000000000000","TargetImage":"C:\\windows\\system32\\mshta.exe","Message":"Process accessed:\r\nRuleName: -\r\nUtcTime: 2020-10-22 06:21:38.280\r\nSourceProcessGUID: {39e4a257-f1b1-5f8b-a500-000000000700}\r\nSourceProcessId: 5112\r\nSourceThreadId: 5300\r\nSourceImage: C:\\windows\\system32\\ctfmon.exe\r\nTargetProcessGUID: {39e4a257-24f1-5f91-0e13-000000000700}\r\nTargetProcessId: 10076\r\nTargetImage: C:\\windows\\system32\\mshta.exe\r\nGrantedAccess: 0x1000\r\nCallTrace: C:\\windows\\SYSTEM32\\ntdll.dll+9d154|C:\\windows\\System32\\MSCTF.dll+9440|C:\\windows\\System32\\MSCTF.dll+85ec|C:\\windows\\System32\\MSCTF.dll+827f|C:\\windows\\System32\\MSCTF.dll+80e2|C:\\windows\\System32\\KERNEL32.DLL+17c24|C:\\windows\\SYSTEM32\\ntdll.dll+6cea1"}
{"@timestamp":"2020-10-22T02:21:38.294Z","TimeCreated":"2020-10-22T02:21:38.294Z","Hashes":"SHA1=D514677D0B3766F2A30A79B382CEAA6890A9144E,MD5=8C850456EBB5C4B5265BBB2CE8682703,SHA256=B6415255D252F04428832F5857706C1366B29C1ACF640082C341F8C1AF7816DF,IMPHASH=4EF0D2272492E6A4AEFB26F6674CA64F","Signature":"Microsoft Windows","ProviderGuid":"{5770385f-c22a-43e0-bf4c-06f5698ffbd9}","Company":"Microsoft Corporation","UtcTime":"2020-10-22 06:21:38.280","ProcessGuid":"{39e4a257-24f1-5f91-0e13-000000000700}","Image":"C:\\Windows\\System32\\mshta.exe","ImageLoaded":"C:\\Windows\\System32\\TextInputFramework.dll","Level":"4","Channel":"Microsoft-Windows-Sysmon/Operational","Task":"7","RuleName":"-","FileVersion":"10.0.18362.693 (WinBuild.160101.0800)","SourceName":"Microsoft-Windows-Sysmon","Hostname":"WORKSTATION5","ProcessId":"10076","Description":"\"TextInputFramework.DYNLINK\"","SignatureStatus":"Valid","Product":"Microsoft Windows Operating System","EventID":7,"Keywords":"0x8000000000000000","Signed":"true","OriginalFileName":"\"TextInputFramework.DYNLINK\"","Message":"Image loaded:\r\nRuleName: -\r\nUtcTime: 2020-10-22 06:21:38.280\r\nProcessGuid: {39e4a257-24f1-5f91-0e13-000000000700}\r\nProcessId: 10076\r\nImage: C:\\Windows\\System32\\mshta.exe\r\nImageLoaded: C:\\Windows\\System32\\TextInputFramework.dll\r\nFileVersion: 10.0.18362.693 (WinBuild.160101.0800)\r\nDescription: \"TextInputFramework.DYNLINK\"\r\nProduct: Microsoft Windows Operating System\r\nCompany: Microsoft Corporation\r\nOriginalFileName: \"TextInputFramework.DYNLINK\"\r\nHashes: SHA1=D514677D0B3766F2A30A79B382CEAA6890A9144E,MD5=8C850456EBB5C4B5265BBB2CE8682703,SHA256=B6415255D252F04428832F5857706C1366B29C1ACF640082C341F8C1AF7816DF,IMPHASH=4EF0D2272492E6A4AEFB26F6674CA64F\r\nSigned: true\r\nSignature: Microsoft Windows\r\nSignatureStatus: Valid"}
{"@timestamp":"2020-10-22T02:21:38.294Z","TimeCreated":"2020-10-22T02:21:38.294Z","Hashes":"SHA1=27AFEDBB2BCE7204B671362BB46909B0D2068F6D,MD5=2E1D612538780D8EF3EC5C0DB5B080E0,SHA256=D7217EBDD8E654E009B700597DCF9AD9A3FD3688160E134C05DD017FDFCCF844,IMPHASH=159F4C943EAB23286854F27C6AA82CE1","Signature":"Microsoft Windows","ProviderGuid":"{5770385f-c22a-43e0-bf4c-06f5698ffbd9}","Company":"Microsoft Corporation","UtcTime":"2020-10-22 06:21:38.280","ProcessGuid":"{39e4a257-24f1-5f91-0e13-000000000700}","Image":"C:\\Windows\\System32\\mshta.exe","ImageLoaded":"C:\\Windows\\System32\\CoreMessaging.dll","Level":"4","Channel":"Microsoft-Windows-Sysmon/Operational","Task":"7","RuleName":"-","FileVersion":"10.0.18362.1049","SourceName":"Microsoft-Windows-Sysmon","Hostname":"WORKSTATION5","ProcessId":"10076","Description":"Microsoft CoreMessaging Dll","SignatureStatus":"Valid","Product":"Microsoft Windows Operating System","EventID":7,"Keywords":"0x8000000000000000","Signed":"true","OriginalFileName":"CoreMessaging.dll","Message":"Image loaded:\r\nRuleName: -\r\nUtcTime: 2020-10-22 06:21:38.280\r\nProcessGuid: {39e4a257-24f1-5f91-0e13-000000000700}\r\nProcessId: 10076\r\nImage: C:\\Windows\\System32\\mshta.exe\r\nImageLoaded: C:\\Windows\\System32\\CoreMessaging.dll\r\nFileVersion: 10.0.18362.1049\r\nDescription: Microsoft CoreMessaging Dll\r\nProduct: Microsoft Windows Operating System\r\nCompany: Microsoft Corporation\r\nOriginalFileName: CoreMessaging.dll\r\nHashes: SHA1=27AFEDBB2BCE7204B671362BB46909B0D2068F6D,MD5=2E1D612538780D8EF3EC5C0DB5B080E0,SHA256=D7217EBDD8E654E009B700597DCF9AD9A3FD3688160E134C05DD017FDFCCF844,IMPHASH=159F4C943EAB23286854F27C6AA82CE1\r\nSigned: true\r\nSignature: Microsoft Windows\r\nSignatureStatus: Valid"}
{"@timestamp":"2020-10-22T02:21:38.295Z","TimeCreated":"2020-10-22T02:21:38.295Z","Hashes":"SHA1=921B1B35216BEE3C8DF5E9DE34E24E6CD11404B4,MD5=FD400D045B3B444EA63B43B57AED1BCA,SHA256=9050083E4A3586E497A6511E00721142D6729350E89D9E132085FA60CC82E58B,IMPHASH=D5A340DE6D3229461CCE23B7EDD45B8A","Signature":"Microsoft Windows","ProviderGuid":"{5770385f-c22a-43e0-bf4c-06f5698ffbd9}","Company":"Microsoft Corporation","UtcTime":"2020-10-22 06:21:38.280","ProcessGuid":"{39e4a257-24f1-5f91-0e13-000000000700}","Image":"C:\\Windows\\System32\\mshta.exe","ImageLoaded":"C:\\Windows\\System32\\CoreUIComponents.dll","Level":"4","Channel":"Microsoft-Windows-Sysmon/Operational","Task":"7","RuleName":"-","FileVersion":"10.0.18362.1110","SourceName":"Microsoft-Windows-Sysmon","Hostname":"WORKSTATION5","ProcessId":"10076","Description":"Microsoft Core UI Components Dll","SignatureStatus":"Valid","Product":"Microsoft Windows Operating System","EventID":7,"Keywords":"0x8000000000000000","Signed":"true","OriginalFileName":"CoreUIComponents.dll","Message":"Image loaded:\r\nRuleName: -\r\nUtcTime: 2020-10-22 06:21:38.280\r\nProcessGuid: {39e4a257-24f1-5f91-0e13-000000000700}\r\nProcessId: 10076\r\nImage: C:\\Windows\\System32\\mshta.exe\r\nImageLoaded: C:\\Windows\\System32\\CoreUIComponents.dll\r\nFileVersion: 10.0.18362.1110\r\nDescription: Microsoft Core UI Components Dll\r\nProduct: Microsoft Windows Operating System\r\nCompany: Microsoft Corporation\r\nOriginalFileName: CoreUIComponents.dll\r\nHashes: SHA1=921B1B35216BEE3C8DF5E9DE34E24E6CD11404B4,MD5=FD400D045B3B444EA63B43B57AED1BCA,SHA256=9050083E4A3586E497A6511E00721142D6729350E89D9E132085FA60CC82E58B,IMPHASH=D5A340DE6D3229461CCE23B7EDD45B8A\r\nSigned: true\r\nSignature: Microsoft Windows\r\nSignatureStatus: Valid"}
{"@timestamp":"2020-10-22T02:21:38.298Z","TimeCreated":"2020-10-22T02:21:38.298Z","Hashes":"SHA1=70E8DE6959778BA8568A6D2A91C3FEB8C7014A44,MD5=98A7DF1245A46A5816CDC58EE7AD15DF,SHA256=121E4D96C27D2F79B897BA0F4307527696F7D289A46371820CF593FDBBA952AA,IMPHASH=554A9752315AC45D1DA4038F3CB03786","Signature":"Microsoft Windows","ProviderGuid":"{5770385f-c22a-43e0-bf4c-06f5698ffbd9}","Company":"Microsoft Corporation","UtcTime":"2020-10-22 06:21:38.280","ProcessGuid":"{39e4a257-24f1-5f91-0e13-000000000700}","Image":"C:\\Windows\\System32\\mshta.exe","ImageLoaded":"C:\\Windows\\System32\\WinTypes.dll","Level":"4","Channel":"Microsoft-Windows-Sysmon/Operational","Task":"7","RuleName":"-","FileVersion":"10.0.18362.1139 (WinBuild.160101.0800)","SourceName":"Microsoft-Windows-Sysmon","Hostname":"WORKSTATION5","ProcessId":"10076","Description":"Windows Base Types DLL","SignatureStatus":"Valid","Product":"Microsoft Windows Operating System","EventID":7,"Keywords":"0x8000000000000000","Signed":"true","OriginalFileName":"WinTypes.dll","Message":"Image loaded:\r\nRuleName: -\r\nUtcTime: 2020-10-22 06:21:38.280\r\nProcessGuid: {39e4a257-24f1-5f91-0e13-000000000700}\r\nProcessId: 10076\r\nImage: C:\\Windows\\System32\\mshta.exe\r\nImageLoaded: C:\\Windows\\System32\\WinTypes.dll\r\nFileVersion: 10.0.18362.1139 (WinBuild.160101.0800)\r\nDescription: Windows Base Types DLL\r\nProduct: Microsoft Windows Operating System\r\nCompany: Microsoft Corporation\r\nOriginalFileName: WinTypes.dll\r\nHashes: SHA1=70E8DE6959778BA8568A6D2A91C3FEB8C7014A44,MD5=98A7DF1245A46A5816CDC58EE7AD15DF,SHA256=121E4D96C27D2F79B897BA0F4307527696F7D289A46371820CF593FDBBA952AA,IMPHASH=554A9752315AC45D1DA4038F3CB03786\r\nSigned: true\r\nSignature: Microsoft Windows\r\nSignatureStatus: Valid"}
{"@timestamp":"2020-10-22T02:21:38.299Z","TimeCreated":"2020-10-22T02:21:38.299Z","Hashes":"SHA1=70E8DE6959778BA8568A6D2A91C3FEB8C7014A44,MD5=98A7DF1245A46A5816CDC58EE7AD15DF,SHA256=121E4D96C27D2F79B897BA0F4307527696F7D289A46371820CF593FDBBA952AA,IMPHASH=554A9752315AC45D1DA4038F3CB03786","Signature":"Microsoft Windows","ProviderGuid":"{5770385f-c22a-43e0-bf4c-06f5698ffbd9}","Company":"Microsoft Corporation","UtcTime":"2020-10-22 06:21:38.280","ProcessGuid":"{39e4a257-24f1-5f91-0e13-000000000700}","Image":"C:\\Windows\\System32\\mshta.exe","ImageLoaded":"C:\\Windows\\System32\\WinTypes.dll","Level":"4","Channel":"Microsoft-Windows-Sysmon/Operational","Task":"7","RuleName":"-","FileVersion":"10.0.18362.1139 (WinBuild.160101.0800)","SourceName":"Microsoft-Windows-Sysmon","Hostname":"WORKSTATION5","ProcessId":"10076","Description":"Windows Base Types DLL","SignatureStatus":"Valid","Product":"Microsoft Windows Operating System","EventID":7,"Keywords":"0x8000000000000000","Signed":"true","OriginalFileName":"WinTypes.dll","Message":"Image loaded:\r\nRuleName: -\r\nUtcTime: 2020-10-22 06:21:38.280\r\nProcessGuid: {39e4a257-24f1-5f91-0e13-000000000700}\r\nProcessId: 10076\r\nImage: C:\\Windows\\System32\\mshta.exe\r\nImageLoaded: C:\\Windows\\System32\\WinTypes.dll\r\nFileVersion: 10.0.18362.1139 (WinBuild.160101.0800)\r\nDescription: Windows Base Types DLL\r\nProduct: Microsoft Windows Operating System\r\nCompany: Microsoft Corporation\r\nOriginalFileName: WinTypes.dll\r\nHashes: SHA1=70E8DE6959778BA8568A6D2A91C3FEB8C7014A44,MD5=98A7DF1245A46A5816CDC58EE7AD15DF,SHA256=121E4D96C27D2F79B897BA0F4307527696F7D289A46371820CF593FDBBA952AA,IMPHASH=554A9752315AC45D1DA4038F3CB03786\r\nSigned: true\r\nSignature: Microsoft Windows\r\nSignatureStatus: Valid"}
{"@timestamp":"2020-10-22T02:21:38.300Z","TimeCreated":"2020-10-22T02:21:38.300Z","Hashes":"SHA1=70E8DE6959778BA8568A6D2A91C3FEB8C7014A44,MD5=98A7DF1245A46A5816CDC58EE7AD15DF,SHA256=121E4D96C27D2F79B897BA0F4307527696F7D289A46371820CF593FDBBA952AA,IMPHASH=554A9752315AC45D1DA4038F3CB03786","Signature":"Microsoft Windows","ProviderGuid":"{5770385f-c22a-43e0-bf4c-06f5698ffbd9}","Company":"Microsoft Corporation","UtcTime":"2020-10-22 06:21:38.280","ProcessGuid":"{39e4a257-24f1-5f91-0e13-000000000700}","Image":"C:\\Windows\\System32\\mshta.exe","ImageLoaded":"C:\\Windows\\System32\\WinTypes.dll","Level":"4","Channel":"Microsoft-Windows-Sysmon/Operational","Task":"7","RuleName":"-","FileVersion":"10.0.18362.1139 (WinBuild.160101.0800)","SourceName":"Microsoft-Windows-Sysmon","Hostname":"WORKSTATION5","ProcessId":"10076","Description":"Windows Base Types DLL","SignatureStatus":"Valid","Product":"Microsoft Windows Operating System","EventID":7,"Keywords":"0x8000000000000000","Signed":"true","OriginalFileName":"WinTypes.dll","Message":"Image loaded:\r\nRuleName: -\r\nUtcTime: 2020-10-22 06:21:38.280\r\nProcessGuid: {39e4a257-24f1-5f91-0e13-000000000700}\r\nProcessId: 10076\r\nImage: C:\\Windows\\System32\\mshta.exe\r\nImageLoaded: C:\\Windows\\System32\\WinTypes.dll\r\nFileVersion: 10.0.18362.1139 (WinBuild.160101.0800)\r\nDescription: Windows Base Types DLL\r\nProduct: Microsoft Windows Operating System\r\nCompany: Microsoft Corporation\r\nOriginalFileName: WinTypes.dll\r\nHashes: SHA1=70E8DE6959778BA8568A6D2A91C3FEB8C7014A44,MD5=98A7DF1245A46A5816CDC58EE7AD15DF,SHA256=121E4D96C27D2F79B897BA0F4307527696F7D289A46371820CF593FDBBA952AA,IMPHASH=554A9752315AC45D1DA4038F3CB03786\r\nSigned: true\r\nSignature: Microsoft Windows\r\nSignatureStatus: Valid"}
{"GrantedAccess":"0x1000","@timestamp":"2020-10-22T02:21:38.300Z","TimeCreated":"2020-10-22T02:21:38.300Z","SourceThreadId":"4688","SourceImage":"C:\\windows\\Explorer.EXE","ProviderGuid":"{5770385f-c22a-43e0-bf4c-06f5698ffbd9}","CallTrace":"C:\\windows\\SYSTEM32\\ntdll.dll+9c584|C:\\windows\\System32\\KERNELBASE.dll+305fe|C:\\windows\\SYSTEM32\\TWINAPI.dll+6d4c|C:\\windows\\system32\\twinui.pcshell.dll+20880|C:\\windows\\system32\\twinui.pcshell.dll+20082|C:\\windows\\system32\\twinui.dll+1780b|C:\\windows\\system32\\twinui.dll+1734c|C:\\windows\\system32\\twinui.dll+68f7a|C:\\windows\\system32\\twinui.dll+16e09|C:\\windows\\system32\\twinui.dll+16f4b|C:\\windows\\system32\\twinui.dll+16ecd|C:\\windows\\System32\\USER32.dll+15c1d|C:\\windows\\System32\\USER32.dll+15612|C:\\Windows\\System32\\windows.immersiveshell.serviceprovider.dll+45f0|C:\\Windows\\System32\\windows.immersiveshell.serviceprovider.dll+41b9|C:\\Windows\\System32\\windows.immersiveshell.serviceprovider.dll+3e4f|C:\\windows\\System32\\KERNEL32.DLL+17c24|C:\\windows\\SYSTEM32\\ntdll.dll+6cea1","UtcTime":"2020-10-22 06:21:38.280","TargetProcessGUID":"{39e4a257-24f1-5f91-0e13-000000000700}","SourceProcessId":"1072","Level":"4","Channel":"Microsoft-Windows-Sysmon/Operational","Task":"10","RuleName":"-","SourceName":"Microsoft-Windows-Sysmon","Hostname":"WORKSTATION5","SourceProcessGUID":"{39e4a257-f1b3-5f8b-a700-000000000700}","TargetProcessId":"10076","EventID":10,"Keywords":"0x8000000000000000","TargetImage":"C:\\windows\\system32\\mshta.exe","Message":"Process accessed:\r\nRuleName: -\r\nUtcTime: 2020-10-22 06:21:38.280\r\nSourceProcessGUID: {39e4a257-f1b3-5f8b-a700-000000000700}\r\nSourceProcessId: 1072\r\nSourceThreadId: 4688\r\nSourceImage: C:\\windows\\Explorer.EXE\r\nTargetProcessGUID: {39e4a257-24f1-5f91-0e13-000000000700}\r\nTargetProcessId: 10076\r\nTargetImage: C:\\windows\\system32\\mshta.exe\r\nGrantedAccess: 0x1000\r\nCallTrace: C:\\windows\\SYSTEM32\\ntdll.dll+9c584|C:\\windows\\System32\\KERNELBASE.dll+305fe|C:\\windows\\SYSTEM32\\TWINAPI.dll+6d4c|C:\\windows\\system32\\twinui.pcshell.dll+20880|C:\\windows\\system32\\twinui.pcshell.dll+20082|C:\\windows\\system32\\twinui.dll+1780b|C:\\windows\\system32\\twinui.dll+1734c|C:\\windows\\system32\\twinui.dll+68f7a|C:\\windows\\system32\\twinui.dll+16e09|C:\\windows\\system32\\twinui.dll+16f4b|C:\\windows\\system32\\twinui.dll+16ecd|C:\\windows\\System32\\USER32.dll+15c1d|C:\\windows\\System32\\USER32.dll+15612|C:\\Windows\\System32\\windows.immersiveshell.serviceprovider.dll+45f0|C:\\Windows\\System32\\windows.immersiveshell.serviceprovider.dll+41b9|C:\\Windows\\System32\\windows.immersiveshell.serviceprovider.dll+3e4f|C:\\windows\\System32\\KERNEL32.DLL+17c24|C:\\windows\\SYSTEM32\\ntdll.dll+6cea1"}
{"GrantedAccess":"0x2000","@timestamp":"2020-10-22T02:21:38.300Z","TimeCreated":"2020-10-22T02:21:38.300Z","SourceThreadId":"10788","SourceImage":"C:\\windows\\system32\\svchost.exe","ProviderGuid":"{5770385f-c22a-43e0-bf4c-06f5698ffbd9}","CallTrace":"C:\\windows\\SYSTEM32\\ntdll.dll+9c584|C:\\windows\\SYSTEM32\\psmserviceexthost.dll+310c0|C:\\windows\\SYSTEM32\\psmserviceexthost.dll+30dbf|C:\\windows\\SYSTEM32\\ntdll.dll+6ba5|C:\\windows\\SYSTEM32\\ntdll.dll+67f1|C:\\windows\\SYSTEM32\\ntdll.dll+6650|C:\\windows\\SYSTEM32\\ntdll.dll+3052c|C:\\windows\\SYSTEM32\\ntdll.dll+34142|C:\\windows\\System32\\KERNEL32.DLL+17c24|C:\\windows\\SYSTEM32\\ntdll.dll+6cea1","UtcTime":"2020-10-22 06:21:38.280","TargetProcessGUID":"{39e4a257-24f1-5f91-0e13-000000000700}","SourceProcessId":"944","Level":"4","Channel":"Microsoft-Windows-Sysmon/Operational","Task":"10","RuleName":"-","SourceName":"Microsoft-Windows-Sysmon","Hostname":"WORKSTATION5","SourceProcessGUID":"{39e4a257-f132-5f8b-1000-000000000700}","TargetProcessId":"10076","EventID":10,"Keywords":"0x8000000000000000","TargetImage":"C:\\windows\\system32\\mshta.exe","Message":"Process accessed:\r\nRuleName: -\r\nUtcTime: 2020-10-22 06:21:38.280\r\nSourceProcessGUID: {39e4a257-f132-5f8b-1000-000000000700}\r\nSourceProcessId: 944\r\nSourceThreadId: 10788\r\nSourceImage: C:\\windows\\system32\\svchost.exe\r\nTargetProcessGUID: {39e4a257-24f1-5f91-0e13-000000000700}\r\nTargetProcessId: 10076\r\nTargetImage: C:\\windows\\system32\\mshta.exe\r\nGrantedAccess: 0x2000\r\nCallTrace: C:\\windows\\SYSTEM32\\ntdll.dll+9c584|C:\\windows\\SYSTEM32\\psmserviceexthost.dll+310c0|C:\\windows\\SYSTEM32\\psmserviceexthost.dll+30dbf|C:\\windows\\SYSTEM32\\ntdll.dll+6ba5|C:\\windows\\SYSTEM32\\ntdll.dll+67f1|C:\\windows\\SYSTEM32\\ntdll.dll+6650|C:\\windows\\SYSTEM32\\ntdll.dll+3052c|C:\\windows\\SYSTEM32\\ntdll.dll+34142|C:\\windows\\System32\\KERNEL32.DLL+17c24|C:\\windows\\SYSTEM32\\ntdll.dll+6cea1"}
{"GrantedAccess":"0x1000","@timestamp":"2020-10-22T02:21:38.300Z","TimeCreated":"2020-10-22T02:21:38.300Z","SourceThreadId":"1820","SourceImage":"C:\\windows\\system32\\svchost.exe","ProviderGuid":"{5770385f-c22a-43e0-bf4c-06f5698ffbd9}","CallTrace":"C:\\windows\\SYSTEM32\\ntdll.dll+9c584|C:\\windows\\System32\\KERNELBASE.dll+305fe|c:\\windows\\system32\\rpcss.dll+47d62|c:\\windows\\system32\\rpcss.dll+47d23|C:\\windows\\System32\\RPCRT4.dll+76a63|C:\\windows\\System32\\RPCRT4.dll+13653|C:\\windows\\System32\\RPCRT4.dll+1457a|C:\\windows\\System32\\RPCRT4.dll+549f8|C:\\windows\\System32\\RPCRT4.dll+2c9b1|C:\\windows\\System32\\RPCRT4.dll+2c26b|C:\\windows\\System32\\RPCRT4.dll+1a8cf|C:\\windows\\System32\\RPCRT4.dll+19d7a|C:\\windows\\System32\\RPCRT4.dll+19361|C:\\windows\\System32\\RPCRT4.dll+18dce|C:\\windows\\System32\\RPCRT4.dll+16a05|C:\\windows\\SYSTEM32\\ntdll.dll+333ed|C:\\windows\\SYSTEM32\\ntdll.dll+34142|C:\\windows\\System32\\KERNEL32.DLL+17c24|C:\\windows\\SYSTEM32\\ntdll.dll+6cea1","UtcTime":"2020-10-22 06:21:38.280","TargetProcessGUID":"{39e4a257-24f1-5f91-0e13-000000000700}","SourceProcessId":"944","Level":"4","Channel":"Microsoft-Windows-Sysmon/Operational","Task":"10","RuleName":"-","SourceName":"Microsoft-Windows-Sysmon","Hostname":"WORKSTATION5","SourceProcessGUID":"{39e4a257-f132-5f8b-1000-000000000700}","TargetProcessId":"10076","EventID":10,"Keywords":"0x8000000000000000","TargetImage":"C:\\windows\\system32\\mshta.exe","Message":"Process accessed:\r\nRuleName: -\r\nUtcTime: 2020-10-22 06:21:38.280\r\nSourceProcessGUID: {39e4a257-f132-5f8b-1000-000000000700}\r\nSourceProcessId: 944\r\nSourceThreadId: 1820\r\nSourceImage: C:\\windows\\system32\\svchost.exe\r\nTargetProcessGUID: {39e4a257-24f1-5f91-0e13-000000000700}\r\nTargetProcessId: 10076\r\nTargetImage: C:\\windows\\system32\\mshta.exe\r\nGrantedAccess: 0x1000\r\nCallTrace: C:\\windows\\SYSTEM32\\ntdll.dll+9c584|C:\\windows\\System32\\KERNELBASE.dll+305fe|c:\\windows\\system32\\rpcss.dll+47d62|c:\\windows\\system32\\rpcss.dll+47d23|C:\\windows\\System32\\RPCRT4.dll+76a63|C:\\windows\\System32\\RPCRT4.dll+13653|C:\\windows\\System32\\RPCRT4.dll+1457a|C:\\windows\\System32\\RPCRT4.dll+549f8|C:\\windows\\System32\\RPCRT4.dll+2c9b1|C:\\windows\\System32\\RPCRT4.dll+2c26b|C:\\windows\\System32\\RPCRT4.dll+1a8cf|C:\\windows\\System32\\RPCRT4.dll+19d7a|C:\\windows\\System32\\RPCRT4.dll+19361|C:\\windows\\System32\\RPCRT4.dll+18dce|C:\\windows\\System32\\RPCRT4.dll+16a05|C:\\windows\\SYSTEM32\\ntdll.dll+333ed|C:\\windows\\SYSTEM32\\ntdll.dll+34142|C:\\windows\\System32\\KERNEL32.DLL+17c24|C:\\windows\\SYSTEM32\\ntdll.dll+6cea1"}
{"GrantedAccess":"0x100000","@timestamp":"2020-10-22T02:21:38.300Z","TimeCreated":"2020-10-22T02:21:38.300Z","SourceThreadId":"8672","SourceImage":"C:\\windows\\system32\\svchost.exe","ProviderGuid":"{5770385f-c22a-43e0-bf4c-06f5698ffbd9}","CallTrace":"C:\\windows\\SYSTEM32\\ntdll.dll+9d154|C:\\windows\\System32\\RPCRT4.dll+2d354|c:\\windows\\system32\\rpcss.dll+314c9|c:\\windows\\system32\\rpcss.dll+30b5b|C:\\windows\\System32\\RPCRT4.dll+76a63|C:\\windows\\System32\\RPCRT4.dll+13653|C:\\windows\\System32\\RPCRT4.dll+1457a|C:\\windows\\System32\\RPCRT4.dll+549f8|C:\\windows\\System32\\RPCRT4.dll+2c9b1|C:\\windows\\System32\\RPCRT4.dll+2c26b|C:\\windows\\System32\\RPCRT4.dll+1a8cf|C:\\windows\\System32\\RPCRT4.dll+19d7a|C:\\windows\\System32\\RPCRT4.dll+19361|C:\\windows\\System32\\RPCRT4.dll+18dce|C:\\windows\\System32\\RPCRT4.dll+16a05|C:\\windows\\SYSTEM32\\ntdll.dll+333ed|C:\\windows\\SYSTEM32\\ntdll.dll+34142|C:\\windows\\System32\\KERNEL32.DLL+17c24|C:\\windows\\SYSTEM32\\ntdll.dll+6cea1","UtcTime":"2020-10-22 06:21:38.280","TargetProcessGUID":"{39e4a257-24f1-5f91-0e13-000000000700}","SourceProcessId":"992","Level":"4","Channel":"Microsoft-Windows-Sysmon/Operational","Task":"10","RuleName":"-","SourceName":"Microsoft-Windows-Sysmon","Hostname":"WORKSTATION5","SourceProcessGUID":"{39e4a257-f132-5f8b-1100-000000000700}","TargetProcessId":"10076","EventID":10,"Keywords":"0x8000000000000000","TargetImage":"C:\\windows\\system32\\mshta.exe","Message":"Process accessed:\r\nRuleName: -\r\nUtcTime: 2020-10-22 06:21:38.280\r\nSourceProcessGUID: {39e4a257-f132-5f8b-1100-000000000700}\r\nSourceProcessId: 992\r\nSourceThreadId: 8672\r\nSourceImage: C:\\windows\\system32\\svchost.exe\r\nTargetProcessGUID: {39e4a257-24f1-5f91-0e13-000000000700}\r\nTargetProcessId: 10076\r\nTargetImage: C:\\windows\\system32\\mshta.exe\r\nGrantedAccess: 0x100000\r\nCallTrace: C:\\windows\\SYSTEM32\\ntdll.dll+9d154|C:\\windows\\System32\\RPCRT4.dll+2d354|c:\\windows\\system32\\rpcss.dll+314c9|c:\\windows\\system32\\rpcss.dll+30b5b|C:\\windows\\System32\\RPCRT4.dll+76a63|C:\\windows\\System32\\RPCRT4.dll+13653|C:\\windows\\System32\\RPCRT4.dll+1457a|C:\\windows\\System32\\RPCRT4.dll+549f8|C:\\windows\\System32\\RPCRT4.dll+2c9b1|C:\\windows\\System32\\RPCRT4.dll+2c26b|C:\\windows\\System32\\RPCRT4.dll+1a8cf|C:\\windows\\System32\\RPCRT4.dll+19d7a|C:\\windows\\System32\\RPCRT4.dll+19361|C:\\windows\\System32\\RPCRT4.dll+18dce|C:\\windows\\System32\\RPCRT4.dll+16a05|C:\\windows\\SYSTEM32\\ntdll.dll+333ed|C:\\windows\\SYSTEM32\\ntdll.dll+34142|C:\\windows\\System32\\KERNEL32.DLL+17c24|C:\\windows\\SYSTEM32\\ntdll.dll+6cea1"}
{"@timestamp":"2020-10-22T02:21:38.301Z","TimeCreated":"2020-10-22T02:21:38.301Z","Hashes":"SHA1=303846D5F07AE346E79B1D3757DF2B2398BCEDBC,MD5=DD5128D5E571389C12A06537E3BAC40D,SHA256=5D19E51A05DB19EECCB258F3B57E202CCF3C7C9C4ACB34BE1512333153F04607,IMPHASH=7B4706167FE5F26CD7D99FE8A59ECB37","Signature":"Microsoft Windows","ProviderGuid":"{5770385f-c22a-43e0-bf4c-06f5698ffbd9}","Company":"Microsoft Corporation","UtcTime":"2020-10-22 06:21:38.280","ProcessGuid":"{39e4a257-24f1-5f91-0e13-000000000700}","Image":"C:\\Windows\\System32\\mshta.exe","ImageLoaded":"C:\\Windows\\System32\\DataExchange.dll","Level":"4","Channel":"Microsoft-Windows-Sysmon/Operational","Task":"7","RuleName":"-","FileVersion":"10.0.18362.836 (WinBuild.160101.0800)","SourceName":"Microsoft-Windows-Sysmon","Hostname":"WORKSTATION5","ProcessId":"10076","Description":"Data exchange","SignatureStatus":"Valid","Product":"Microsoft Windows Operating System","EventID":7,"Keywords":"0x8000000000000000","Signed":"true","OriginalFileName":"DataExchange.dll","Message":"Image loaded:\r\nRuleName: -\r\nUtcTime: 2020-10-22 06:21:38.280\r\nProcessGuid: {39e4a257-24f1-5f91-0e13-000000000700}\r\nProcessId: 10076\r\nImage: C:\\Windows\\System32\\mshta.exe\r\nImageLoaded: C:\\Windows\\System32\\DataExchange.dll\r\nFileVersion: 10.0.18362.836 (WinBuild.160101.0800)\r\nDescription: Data exchange\r\nProduct: Microsoft Windows Operating System\r\nCompany: Microsoft Corporation\r\nOriginalFileName: DataExchange.dll\r\nHashes: SHA1=303846D5F07AE346E79B1D3757DF2B2398BCEDBC,MD5=DD5128D5E571389C12A06537E3BAC40D,SHA256=5D19E51A05DB19EECCB258F3B57E202CCF3C7C9C4ACB34BE1512333153F04607,IMPHASH=7B4706167FE5F26CD7D99FE8A59ECB37\r\nSigned: true\r\nSignature: Microsoft Windows\r\nSignatureStatus: Valid"}
{"@timestamp":"2020-10-22T02:21:38.302Z","TimeCreated":"2020-10-22T02:21:38.302Z","Hashes":"SHA1=1EEEF6ECAE928F8C62FC21E81DA70C3CDB3E421B,MD5=62E4577363CB33CEF08994B1A7A3CC49,SHA256=6D7AD45695DE587A863DEBEE1D9D583D80D8D924B3350A701000192C3AB48FFC,IMPHASH=76E1F73F6A1B19A1DF525664A24232B2","Signature":"Microsoft Windows","ProviderGuid":"{5770385f-c22a-43e0-bf4c-06f5698ffbd9}","Company":"Microsoft Corporation","UtcTime":"2020-10-22 06:21:38.295","ProcessGuid":"{39e4a257-24f1-5f91-0e13-000000000700}","Image":"C:\\Windows\\System32\\mshta.exe","ImageLoaded":"C:\\Windows\\System32\\dcomp.dll","Level":"4","Channel":"Microsoft-Windows-Sysmon/Operational","Task":"7","RuleName":"-","FileVersion":"10.0.18362.1110 (WinBuild.160101.0800)","SourceName":"Microsoft-Windows-Sysmon","Hostname":"WORKSTATION5","ProcessId":"10076","Description":"Microsoft DirectComposition Library","SignatureStatus":"Valid","Product":"Microsoft Windows Operating System","EventID":7,"Keywords":"0x8000000000000000","Signed":"true","OriginalFileName":"dcomp.dll","Message":"Image loaded:\r\nRuleName: -\r\nUtcTime: 2020-10-22 06:21:38.295\r\nProcessGuid: {39e4a257-24f1-5f91-0e13-000000000700}\r\nProcessId: 10076\r\nImage: C:\\Windows\\System32\\mshta.exe\r\nImageLoaded: C:\\Windows\\System32\\dcomp.dll\r\nFileVersion: 10.0.18362.1110 (WinBuild.160101.0800)\r\nDescription: Microsoft DirectComposition Library\r\nProduct: Microsoft Windows Operating System\r\nCompany: Microsoft Corporation\r\nOriginalFileName: dcomp.dll\r\nHashes: SHA1=1EEEF6ECAE928F8C62FC21E81DA70C3CDB3E421B,MD5=62E4577363CB33CEF08994B1A7A3CC49,SHA256=6D7AD45695DE587A863DEBEE1D9D583D80D8D924B3350A701000192C3AB48FFC,IMPHASH=76E1F73F6A1B19A1DF525664A24232B2\r\nSigned: true\r\nSignature: Microsoft Windows\r\nSignatureStatus: Valid"}
{"@timestamp":"2020-10-22T02:21:38.302Z","TimeCreated":"2020-10-22T02:21:38.302Z","Hashes":"SHA1=F057603F15859599E2D844E9813D828BE6224691,MD5=1AFC3F3B546A6D0A0666BE68FCB19FA0,SHA256=A235198A531963C3EC225D5C16510ED9DD284D379C77CAB0A2AAE026F7663EC5,IMPHASH=C77E5918C314A81F3914AC79936DB624","Signature":"Microsoft Windows","ProviderGuid":"{5770385f-c22a-43e0-bf4c-06f5698ffbd9}","Company":"Microsoft Corporation","UtcTime":"2020-10-22 06:21:38.295","ProcessGuid":"{39e4a257-24f1-5f91-0e13-000000000700}","Image":"C:\\Windows\\System32\\mshta.exe","ImageLoaded":"C:\\Windows\\System32\\d3d11.dll","Level":"4","Channel":"Microsoft-Windows-Sysmon/Operational","Task":"7","RuleName":"-","FileVersion":"10.0.18362.387 (WinBuild.160101.0800)","SourceName":"Microsoft-Windows-Sysmon","Hostname":"WORKSTATION5","ProcessId":"10076","Description":"Direct3D 11 Runtime","SignatureStatus":"Valid","Product":"Microsoft Windows Operating System","EventID":7,"Keywords":"0x8000000000000000","Signed":"true","OriginalFileName":"D3D11.dll","Message":"Image loaded:\r\nRuleName: -\r\nUtcTime: 2020-10-22 06:21:38.295\r\nProcessGuid: {39e4a257-24f1-5f91-0e13-000000000700}\r\nProcessId: 10076\r\nImage: C:\\Windows\\System32\\mshta.exe\r\nImageLoaded: C:\\Windows\\System32\\d3d11.dll\r\nFileVersion: 10.0.18362.387 (WinBuild.160101.0800)\r\nDescription: Direct3D 11 Runtime\r\nProduct: Microsoft Windows Operating System\r\nCompany: Microsoft Corporation\r\nOriginalFileName: D3D11.dll\r\nHashes: SHA1=F057603F15859599E2D844E9813D828BE6224691,MD5=1AFC3F3B546A6D0A0666BE68FCB19FA0,SHA256=A235198A531963C3EC225D5C16510ED9DD284D379C77CAB0A2AAE026F7663EC5,IMPHASH=C77E5918C314A81F3914AC79936DB624\r\nSigned: true\r\nSignature: Microsoft Windows\r\nSignatureStatus: Valid"}
{"@timestamp":"2020-10-22T02:21:38.303Z","TimeCreated":"2020-10-22T02:21:38.303Z","Hashes":"SHA1=C65AFFD80C8E4BAAE09E48FE98B6DD55E86E5826,MD5=6C1A1404AB50140AFDD1A763FD782281,SHA256=78ABBE33B262D4AB11B763C06F419859CA84EA0E41192F2AD52D1BE9D87E6DF9,IMPHASH=3038C2AE235D3B078FE49E5234CAB7FE","Signature":"Microsoft Windows","ProviderGuid":"{5770385f-c22a-43e0-bf4c-06f5698ffbd9}","Company":"Microsoft Corporation","UtcTime":"2020-10-22 06:21:38.295","ProcessGuid":"{39e4a257-24f1-5f91-0e13-000000000700}","Image":"C:\\Windows\\System32\\mshta.exe","ImageLoaded":"C:\\Windows\\System32\\dxgi.dll","Level":"4","Channel":"Microsoft-Windows-Sysmon/Operational","Task":"7","RuleName":"-","FileVersion":"10.0.18362.1049 (WinBuild.160101.0800)","SourceName":"Microsoft-Windows-Sysmon","Hostname":"WORKSTATION5","ProcessId":"10076","Description":"DirectX Graphics Infrastructure","SignatureStatus":"Valid","Product":"Microsoft Windows Operating System","EventID":7,"Keywords":"0x8000000000000000","Signed":"true","OriginalFileName":"dxgi.dll","Message":"Image loaded:\r\nRuleName: -\r\nUtcTime: 2020-10-22 06:21:38.295\r\nProcessGuid: {39e4a257-24f1-5f91-0e13-000000000700}\r\nProcessId: 10076\r\nImage: C:\\Windows\\System32\\mshta.exe\r\nImageLoaded: C:\\Windows\\System32\\dxgi.dll\r\nFileVersion: 10.0.18362.1049 (WinBuild.160101.0800)\r\nDescription: DirectX Graphics Infrastructure\r\nProduct: Microsoft Windows Operating System\r\nCompany: Microsoft Corporation\r\nOriginalFileName: dxgi.dll\r\nHashes: SHA1=C65AFFD80C8E4BAAE09E48FE98B6DD55E86E5826,MD5=6C1A1404AB50140AFDD1A763FD782281,SHA256=78ABBE33B262D4AB11B763C06F419859CA84EA0E41192F2AD52D1BE9D87E6DF9,IMPHASH=3038C2AE235D3B078FE49E5234CAB7FE\r\nSigned: true\r\nSignature: Microsoft Windows\r\nSignatureStatus: Valid"}
{"@timestamp":"2020-10-22T02:21:38.311Z","TimeCreated":"2020-10-22T02:21:38.311Z","Hashes":"SHA1=D852E96F07E7638AF0BA684F9AD8F33A4A3F87EB,MD5=0431695AB8754780B61A166A30036313,SHA256=2E5A3168700BA8C2555B4DE729D19203DEFB2C51986990E849C69BB600DCEBFF,IMPHASH=8F4D4CA0DE30077C5351D2F3147B05E4","Signature":"Microsoft Windows","ProviderGuid":"{5770385f-c22a-43e0-bf4c-06f5698ffbd9}","Company":"Microsoft Corporation","UtcTime":"2020-10-22 06:21:38.295","ProcessGuid":"{39e4a257-24f1-5f91-0e13-000000000700}","Image":"C:\\Windows\\System32\\mshta.exe","ImageLoaded":"C:\\Windows\\System32\\DXCore.dll","Level":"4","Channel":"Microsoft-Windows-Sysmon/Operational","Task":"7","RuleName":"-","FileVersion":"10.0.18362.1 (WinBuild.160101.0800)","SourceName":"Microsoft-Windows-Sysmon","Hostname":"WORKSTATION5","ProcessId":"10076","Description":"DXCore","SignatureStatus":"Valid","Product":"Microsoft Windows Operating System","EventID":7,"Keywords":"0x8000000000000000","Signed":"true","OriginalFileName":"DXCore.DLL","Message":"Image loaded:\r\nRuleName: -\r\nUtcTime: 2020-10-22 06:21:38.295\r\nProcessGuid: {39e4a257-24f1-5f91-0e13-000000000700}\r\nProcessId: 10076\r\nImage: C:\\Windows\\System32\\mshta.exe\r\nImageLoaded: C:\\Windows\\System32\\DXCore.dll\r\nFileVersion: 10.0.18362.1 (WinBuild.160101.0800)\r\nDescription: DXCore\r\nProduct: Microsoft Windows Operating System\r\nCompany: Microsoft Corporation\r\nOriginalFileName: DXCore.DLL\r\nHashes: SHA1=D852E96F07E7638AF0BA684F9AD8F33A4A3F87EB,MD5=0431695AB8754780B61A166A30036313,SHA256=2E5A3168700BA8C2555B4DE729D19203DEFB2C51986990E849C69BB600DCEBFF,IMPHASH=8F4D4CA0DE30077C5351D2F3147B05E4\r\nSigned: true\r\nSignature: Microsoft Windows\r\nSignatureStatus: Valid"}
{"@timestamp":"2020-10-22T02:21:38.312Z","TimeCreated":"2020-10-22T02:21:38.312Z","Hashes":"SHA1=70A7FA6CF6DF75A64B793951EC9E7CE335C20070,MD5=31EC5A2D690BB6A4A11769F5C4C38139,SHA256=71F8A36433523816DCEFE282D631AA4F6D83798E8F2FF12D6FF8F30DA1557668,IMPHASH=E193054F4711688FB9B9C2527B1DEF7B","Signature":"Microsoft Windows","ProviderGuid":"{5770385f-c22a-43e0-bf4c-06f5698ffbd9}","Company":"Microsoft Corporation","UtcTime":"2020-10-22 06:21:38.295","ProcessGuid":"{39e4a257-24f1-5f91-0e13-000000000700}","Image":"C:\\Windows\\System32\\mshta.exe","ImageLoaded":"C:\\Windows\\System32\\twinapi.appcore.dll","Level":"4","Channel":"Microsoft-Windows-Sysmon/Operational","Task":"7","RuleName":"-","FileVersion":"10.0.18362.959 (WinBuild.160101.0800)","SourceName":"Microsoft-Windows-Sysmon","Hostname":"WORKSTATION5","ProcessId":"10076","Description":"twinapi.appcore","SignatureStatus":"Valid","Product":"Microsoft Windows Operating System","EventID":7,"Keywords":"0x8000000000000000","Signed":"true","OriginalFileName":"twinapi.appcore.dll","Message":"Image loaded:\r\nRuleName: -\r\nUtcTime: 2020-10-22 06:21:38.295\r\nProcessGuid: {39e4a257-24f1-5f91-0e13-000000000700}\r\nProcessId: 10076\r\nImage: C:\\Windows\\System32\\mshta.exe\r\nImageLoaded: C:\\Windows\\System32\\twinapi.appcore.dll\r\nFileVersion: 10.0.18362.959 (WinBuild.160101.0800)\r\nDescription: twinapi.appcore\r\nProduct: Microsoft Windows Operating System\r\nCompany: Microsoft Corporation\r\nOriginalFileName: twinapi.appcore.dll\r\nHashes: SHA1=70A7FA6CF6DF75A64B793951EC9E7CE335C20070,MD5=31EC5A2D690BB6A4A11769F5C4C38139,SHA256=71F8A36433523816DCEFE282D631AA4F6D83798E8F2FF12D6FF8F30DA1557668,IMPHASH=E193054F4711688FB9B9C2527B1DEF7B\r\nSigned: true\r\nSignature: Microsoft Windows\r\nSignatureStatus: Valid"}
{"@timestamp":"2020-10-22T02:21:38.312Z","TimeCreated":"2020-10-22T02:21:38.312Z","Hashes":"SHA1=E3150FD33A69E10D5846A67D00D05191F54C19C2,MD5=F4F984BAFB9ACAEBF4B6CC6801DF7E66,SHA256=3D529120555D170F690D4B2AB6511698E03366F2DDF433FF23D44FF51171C18E,IMPHASH=42CBF815FA5AC73640BAA61904133E72","Signature":"Microsoft Windows","ProviderGuid":"{5770385f-c22a-43e0-bf4c-06f5698ffbd9}","Company":"Microsoft Corporation","UtcTime":"2020-10-22 06:21:38.295","ProcessGuid":"{39e4a257-24f1-5f91-0e13-000000000700}","Image":"C:\\Windows\\System32\\mshta.exe","ImageLoaded":"C:\\Windows\\System32\\rmclient.dll","Level":"4","Channel":"Microsoft-Windows-Sysmon/Operational","Task":"7","RuleName":"-","FileVersion":"10.0.18362.267 (WinBuild.160101.0800)","SourceName":"Microsoft-Windows-Sysmon","Hostname":"WORKSTATION5","ProcessId":"10076","Description":"Resource Manager Client","SignatureStatus":"Valid","Product":"Microsoft Windows Operating System","EventID":7,"Keywords":"0x8000000000000000","Signed":"true","OriginalFileName":"rmclient.dll","Message":"Image loaded:\r\nRuleName: -\r\nUtcTime: 2020-10-22 06:21:38.295\r\nProcessGuid: {39e4a257-24f1-5f91-0e13-000000000700}\r\nProcessId: 10076\r\nImage: C:\\Windows\\System32\\mshta.exe\r\nImageLoaded: C:\\Windows\\System32\\rmclient.dll\r\nFileVersion: 10.0.18362.267 (WinBuild.160101.0800)\r\nDescription: Resource Manager Client\r\nProduct: Microsoft Windows Operating System\r\nCompany: Microsoft Corporation\r\nOriginalFileName: rmclient.dll\r\nHashes: SHA1=E3150FD33A69E10D5846A67D00D05191F54C19C2,MD5=F4F984BAFB9ACAEBF4B6CC6801DF7E66,SHA256=3D529120555D170F690D4B2AB6511698E03366F2DDF433FF23D44FF51171C18E,IMPHASH=42CBF815FA5AC73640BAA61904133E72\r\nSigned: true\r\nSignature: Microsoft Windows\r\nSignatureStatus: Valid"}
{"@timestamp":"2020-10-22T02:21:38.450Z","TimeCreated":"2020-10-22T02:21:38.450Z","Hashes":"SHA1=0E931ED820C96CCAD23D4AFCB0ACD97C99155D11,MD5=C0F8DA7568D2F1534E0ABB0E69DC3280,SHA256=E419A4BBDF1D5E0601E90BAFC1558DBD7414CD44E098B581C1915EF2C6E38D0B,IMPHASH=70D7A835AF4CA9F98A94AAF1B60BF88F","Signature":"Microsoft Windows","ProviderGuid":"{5770385f-c22a-43e0-bf4c-06f5698ffbd9}","Company":"Microsoft Corporation","UtcTime":"2020-10-22 06:21:38.436","ProcessGuid":"{39e4a257-24f1-5f91-0e13-000000000700}","Image":"C:\\Windows\\System32\\mshta.exe","ImageLoaded":"C:\\Windows\\System32\\ws2_32.dll","Level":"4","Channel":"Microsoft-Windows-Sysmon/Operational","Task":"7","RuleName":"-","FileVersion":"10.0.18362.387 (WinBuild.160101.0800)","SourceName":"Microsoft-Windows-Sysmon","Hostname":"WORKSTATION5","ProcessId":"10076","Description":"Windows Socket 2.0 32-Bit DLL","SignatureStatus":"Valid","Product":"Microsoft Windows Operating System","EventID":7,"Keywords":"0x8000000000000000","Signed":"true","OriginalFileName":"ws2_32.dll","Message":"Image loaded:\r\nRuleName: -\r\nUtcTime: 2020-10-22 06:21:38.436\r\nProcessGuid: {39e4a257-24f1-5f91-0e13-000000000700}\r\nProcessId: 10076\r\nImage: C:\\Windows\\System32\\mshta.exe\r\nImageLoaded: C:\\Windows\\System32\\ws2_32.dll\r\nFileVersion: 10.0.18362.387 (WinBuild.160101.0800)\r\nDescription: Windows Socket 2.0 32-Bit DLL\r\nProduct: Microsoft Windows Operating System\r\nCompany: Microsoft Corporation\r\nOriginalFileName: ws2_32.dll\r\nHashes: SHA1=0E931ED820C96CCAD23D4AFCB0ACD97C99155D11,MD5=C0F8DA7568D2F1534E0ABB0E69DC3280,SHA256=E419A4BBDF1D5E0601E90BAFC1558DBD7414CD44E098B581C1915EF2C6E38D0B,IMPHASH=70D7A835AF4CA9F98A94AAF1B60BF88F\r\nSigned: true\r\nSignature: Microsoft Windows\r\nSignatureStatus: Valid"}
{"@timestamp":"2020-10-22T02:21:38.452Z","TimeCreated":"2020-10-22T02:21:38.452Z","Hashes":"SHA1=CB0FED80A33581425BBEA334D9185F63C5EE315F,MD5=9D1E318E09783AFBBF2F51D6E9950662,SHA256=48C0E264A522173740EBD7627900BE7E6FEDAEE2264F67A00E78D4A6D76865D8,IMPHASH=83BEA6248DF8A10A1D9DF229B452B69F","Signature":"Microsoft Windows","ProviderGuid":"{5770385f-c22a-43e0-bf4c-06f5698ffbd9}","Company":"Microsoft Corporation","UtcTime":"2020-10-22 06:21:38.436","ProcessGuid":"{39e4a257-24f1-5f91-0e13-000000000700}","Image":"C:\\Windows\\System32\\mshta.exe","ImageLoaded":"C:\\Windows\\System32\\OnDemandConnRouteHelper.dll","Level":"4","Channel":"Microsoft-Windows-Sysmon/Operational","Task":"7","RuleName":"-","FileVersion":"10.0.18362.1 (WinBuild.160101.0800)","SourceName":"Microsoft-Windows-Sysmon","Hostname":"WORKSTATION5","ProcessId":"10076","Description":"On Demand Connctiond Route Helper","SignatureStatus":"Valid","Product":"Microsoft Windows Operating System","EventID":7,"Keywords":"0x8000000000000000","Signed":"true","OriginalFileName":"OnDemandConnRouteHelper.dll","Message":"Image loaded:\r\nRuleName: -\r\nUtcTime: 2020-10-22 06:21:38.436\r\nProcessGuid: {39e4a257-24f1-5f91-0e13-000000000700}\r\nProcessId: 10076\r\nImage: C:\\Windows\\System32\\mshta.exe\r\nImageLoaded: C:\\Windows\\System32\\OnDemandConnRouteHelper.dll\r\nFileVersion: 10.0.18362.1 (WinBuild.160101.0800)\r\nDescription: On Demand Connctiond Route Helper\r\nProduct: Microsoft Windows Operating System\r\nCompany: Microsoft Corporation\r\nOriginalFileName: OnDemandConnRouteHelper.dll\r\nHashes: SHA1=CB0FED80A33581425BBEA334D9185F63C5EE315F,MD5=9D1E318E09783AFBBF2F51D6E9950662,SHA256=48C0E264A522173740EBD7627900BE7E6FEDAEE2264F67A00E78D4A6D76865D8,IMPHASH=83BEA6248DF8A10A1D9DF229B452B69F\r\nSigned: true\r\nSignature: Microsoft Windows\r\nSignatureStatus: Valid"}
{"@timestamp":"2020-10-22T02:21:38.459Z","TimeCreated":"2020-10-22T02:21:38.459Z","Hashes":"SHA1=2E03CA141D735D13491049B4D6C2DC2B928B4C01,MD5=8578F1F72C6550CF62965D520FA7C6E9,SHA256=20008AAB6285FB2B24DE1E72D11654316FF601918FD05B7DF2F9894C64A16956,IMPHASH=E5E26C86BC73F56D7EDD17D98802AA21","Signature":"Microsoft Windows","ProviderGuid":"{5770385f-c22a-43e0-bf4c-06f5698ffbd9}","Company":"Microsoft Corporation","UtcTime":"2020-10-22 06:21:38.452","ProcessGuid":"{39e4a257-24f1-5f91-0e13-000000000700}","Image":"C:\\Windows\\System32\\mshta.exe","ImageLoaded":"C:\\Windows\\System32\\mswsock.dll","Level":"4","Channel":"Microsoft-Windows-Sysmon/Operational","Task":"7","RuleName":"-","FileVersion":"10.0.18362.815 (WinBuild.160101.0800)","SourceName":"Microsoft-Windows-Sysmon","Hostname":"WORKSTATION5","ProcessId":"10076","Description":"Microsoft Windows Sockets 2.0 Service Provider","SignatureStatus":"Valid","Product":"Microsoft Windows Operating System","EventID":7,"Keywords":"0x8000000000000000","Signed":"true","OriginalFileName":"mswsock.dll","Message":"Image loaded:\r\nRuleName: -\r\nUtcTime: 2020-10-22 06:21:38.452\r\nProcessGuid: {39e4a257-24f1-5f91-0e13-000000000700}\r\nProcessId: 10076\r\nImage: C:\\Windows\\System32\\mshta.exe\r\nImageLoaded: C:\\Windows\\System32\\mswsock.dll\r\nFileVersion: 10.0.18362.815 (WinBuild.160101.0800)\r\nDescription: Microsoft Windows Sockets 2.0 Service Provider\r\nProduct: Microsoft Windows Operating System\r\nCompany: Microsoft Corporation\r\nOriginalFileName: mswsock.dll\r\nHashes: SHA1=2E03CA141D735D13491049B4D6C2DC2B928B4C01,MD5=8578F1F72C6550CF62965D520FA7C6E9,SHA256=20008AAB6285FB2B24DE1E72D11654316FF601918FD05B7DF2F9894C64A16956,IMPHASH=E5E26C86BC73F56D7EDD17D98802AA21\r\nSigned: true\r\nSignature: Microsoft Windows\r\nSignatureStatus: Valid"}
{"@timestamp":"2020-10-22T02:21:38.459Z","TimeCreated":"2020-10-22T02:21:38.459Z","Hashes":"SHA1=9414EC114C3389E0A7BC2FD986E00946E1A2A299,MD5=3929147A2A34B0902152C7D0F241B02A,SHA256=AD1C5309AA873F6A284EABE382812868E20C3D3D64197F3E6EF9D015EA060CAA,IMPHASH=6EC28633CC4ECB9F457795DD7E00B34B","Signature":"Microsoft Windows","ProviderGuid":"{5770385f-c22a-43e0-bf4c-06f5698ffbd9}","Company":"Microsoft Corporation","UtcTime":"2020-10-22 06:21:38.452","ProcessGuid":"{39e4a257-24f1-5f91-0e13-000000000700}","Image":"C:\\Windows\\System32\\mshta.exe","ImageLoaded":"C:\\Windows\\System32\\IPHLPAPI.DLL","Level":"4","Channel":"Microsoft-Windows-Sysmon/Operational","Task":"7","RuleName":"-","FileVersion":"10.0.18362.1 (WinBuild.160101.0800)","SourceName":"Microsoft-Windows-Sysmon","Hostname":"WORKSTATION5","ProcessId":"10076","Description":"IP Helper API","SignatureStatus":"Valid","Product":"Microsoft Windows Operating System","EventID":7,"Keywords":"0x8000000000000000","Signed":"true","OriginalFileName":"iphlpapi.dll","Message":"Image loaded:\r\nRuleName: -\r\nUtcTime: 2020-10-22 06:21:38.452\r\nProcessGuid: {39e4a257-24f1-5f91-0e13-000000000700}\r\nProcessId: 10076\r\nImage: C:\\Windows\\System32\\mshta.exe\r\nImageLoaded: C:\\Windows\\System32\\IPHLPAPI.DLL\r\nFileVersion: 10.0.18362.1 (WinBuild.160101.0800)\r\nDescription: IP Helper API\r\nProduct: Microsoft Windows Operating System\r\nCompany: Microsoft Corporation\r\nOriginalFileName: iphlpapi.dll\r\nHashes: SHA1=9414EC114C3389E0A7BC2FD986E00946E1A2A299,MD5=3929147A2A34B0902152C7D0F241B02A,SHA256=AD1C5309AA873F6A284EABE382812868E20C3D3D64197F3E6EF9D015EA060CAA,IMPHASH=6EC28633CC4ECB9F457795DD7E00B34B\r\nSigned: true\r\nSignature: Microsoft Windows\r\nSignatureStatus: Valid"}
{"@timestamp":"2020-10-22T02:21:38.460Z","TimeCreated":"2020-10-22T02:21:38.460Z","Hashes":"SHA1=4118D7E1C3531A1A01FB8924E1A1D470066EEA3F,MD5=9EB93B389D055FA045FC91D2B763B3AC,SHA256=AB620EE31FB65F1A51B2FA28F30BC31329966CB27E3570812138DF99E4D7CC8D,IMPHASH=DEFB8C5BB37FCD63DC790B55724FDE42","Signature":"Microsoft Windows","ProviderGuid":"{5770385f-c22a-43e0-bf4c-06f5698ffbd9}","Company":"Microsoft Corporation","UtcTime":"2020-10-22 06:21:38.452","ProcessGuid":"{39e4a257-24f1-5f91-0e13-000000000700}","Image":"C:\\Windows\\System32\\mshta.exe","ImageLoaded":"C:\\Windows\\System32\\nsi.dll","Level":"4","Channel":"Microsoft-Windows-Sysmon/Operational","Task":"7","RuleName":"-","FileVersion":"10.0.18362.449 (WinBuild.160101.0800)","SourceName":"Microsoft-Windows-Sysmon","Hostname":"WORKSTATION5","ProcessId":"10076","Description":"NSI User-mode interface DLL","SignatureStatus":"Valid","Product":"Microsoft Windows Operating System","EventID":7,"Keywords":"0x8000000000000000","Signed":"true","OriginalFileName":"nsi.dll","Message":"Image loaded:\r\nRuleName: -\r\nUtcTime: 2020-10-22 06:21:38.452\r\nProcessGuid: {39e4a257-24f1-5f91-0e13-000000000700}\r\nProcessId: 10076\r\nImage: C:\\Windows\\System32\\mshta.exe\r\nImageLoaded: C:\\Windows\\System32\\nsi.dll\r\nFileVersion: 10.0.18362.449 (WinBuild.160101.0800)\r\nDescription: NSI User-mode interface DLL\r\nProduct: Microsoft Windows Operating System\r\nCompany: Microsoft Corporation\r\nOriginalFileName: nsi.dll\r\nHashes: SHA1=4118D7E1C3531A1A01FB8924E1A1D470066EEA3F,MD5=9EB93B389D055FA045FC91D2B763B3AC,SHA256=AB620EE31FB65F1A51B2FA28F30BC31329966CB27E3570812138DF99E4D7CC8D,IMPHASH=DEFB8C5BB37FCD63DC790B55724FDE42\r\nSigned: true\r\nSignature: Microsoft Windows\r\nSignatureStatus: Valid"}
