{"@timestamp":"2020-10-29T08:23:21.559Z","TimeCreated":"2020-10-29T08:23:21.559Z","ProviderGuid":"{54849625-5478-4994-a5ba-3e3b0328c30d}","SourcePort":"60311","LayerName":"%%14608","SourceAddress":"::","Level":"0","Channel":"security","Task":"12810","Protocol":"17","SourceName":"Microsoft-Windows-Security-Auditing","Hostname":"WORKSTATION5.theshire.local","ProcessId":"1652","LayerRTID":"38","FilterRTID":"0","EventID":5158,"Keywords":"0x8020000000000000","Application":"\\device\\harddiskvolume2\\windows\\system32\\svchost.exe","Message":"The Windows Filtering Platform has permitted a bind to a local port.\r\n\r\nApplication Information:\r\n\tProcess ID:\t\t1652\r\n\tApplication Name:\t\\device\\harddiskvolume2\\windows\\system32\\svchost.exe\r\n\r\nNetwork Information:\r\n\tSource Address:\t\t::\r\n\tSource Port:\t\t60311\r\n\tProtocol:\t\t17\r\n\r\nFilter Information:\r\n\tFilter Run-Time ID:\t0\r\n\tLayer Name:\t\tResource Assignment\r\n\tLayer Run-Time ID:\t38"}
{"RemoteMachineID":"S-1-0-0","@timestamp":"2020-10-29T08:23:21.559Z","TimeCreated":"2020-10-29T08:23:21.559Z","Direction":"%%14593","DestPort":"53","ProviderGuid":"{54849625-5478-4994-a5ba-3e3b0328c30d}","RemoteUserID":"S-1-0-0","SourcePort":"60311","LayerName":"%%14611","SourceAddress":"172.18.39.5","Level":"0","Channel":"security","Task":"12810","Protocol":"17","DestAddress":"172.18.38.5","SourceName":"Microsoft-Windows-Security-Auditing","Hostname":"WORKSTATION5.theshire.local","ProcessID":"1652","LayerRTID":"48","FilterRTID":"72582","EventID":5156,"Keywords":"0x8020000000000000","Application":"\\device\\harddiskvolume2\\windows\\system32\\svchost.exe","Message":"The Windows Filtering Platform has permitted a connection.\r\n\r\nApplication Information:\r\n\tProcess ID:\t\t1652\r\n\tApplication Name:\t\\device\\harddiskvolume2\\windows\\system32\\svchost.exe\r\n\r\nNetwork Information:\r\n\tDirection:\t\tOutbound\r\n\tSource Address:\t\t172.18.39.5\r\n\tSource Port:\t\t60311\r\n\tDestination Address:\t172.18.38.5\r\n\tDestination Port:\t\t53\r\n\tProtocol:\t\t17\r\n\r\nFilter Information:\r\n\tFilter Run-Time ID:\t72582\r\n\tLayer Name:\t\tConnect\r\n\tLayer Run-Time ID:\t48"}
{"@timestamp":"2020-10-29T08:23:21.568Z","TimeCreated":"2020-10-29T08:23:21.568Z","ProviderGuid":"{54849625-5478-4994-a5ba-3e3b0328c30d}","SourcePort":"50450","LayerName":"%%14608","SourceAddress":"0.0.0.0","Level":"0","Channel":"security","Task":"12810","Protocol":"6","SourceName":"Microsoft-Windows-Security-Auditing","Hostname":"WORKSTATION5.theshire.local","ProcessId":"3752","LayerRTID":"36","FilterRTID":"0","EventID":5158,"Keywords":"0x8020000000000000","Application":"\\device\\harddiskvolume2\\programdata\\sharpview.exe","Message":"The Windows Filtering Platform has permitted a bind to a local port.\r\n\r\nApplication Information:\r\n\tProcess ID:\t\t3752\r\n\tApplication Name:\t\\device\\harddiskvolume2\\programdata\\sharpview.exe\r\n\r\nNetwork Information:\r\n\tSource Address:\t\t0.0.0.0\r\n\tSource Port:\t\t50450\r\n\tProtocol:\t\t6\r\n\r\nFilter Information:\r\n\tFilter Run-Time ID:\t0\r\n\tLayer Name:\t\tResource Assignment\r\n\tLayer Run-Time ID:\t36"}
{"RemoteMachineID":"S-1-0-0","@timestamp":"2020-10-29T08:23:21.568Z","TimeCreated":"2020-10-29T08:23:21.568Z","Direction":"%%14593","DestPort":"389","ProviderGuid":"{54849625-5478-4994-a5ba-3e3b0328c30d}","RemoteUserID":"S-1-0-0","SourcePort":"50450","LayerName":"%%14611","SourceAddress":"172.18.39.5","Level":"0","Channel":"security","Task":"12810","Protocol":"6","DestAddress":"172.18.38.5","SourceName":"Microsoft-Windows-Security-Auditing","Hostname":"WORKSTATION5.theshire.local","ProcessID":"3752","LayerRTID":"48","FilterRTID":"72582","EventID":5156,"Keywords":"0x8020000000000000","Application":"\\device\\harddiskvolume2\\programdata\\sharpview.exe","Message":"The Windows Filtering Platform has permitted a connection.\r\n\r\nApplication Information:\r\n\tProcess ID:\t\t3752\r\n\tApplication Name:\t\\device\\harddiskvolume2\\programdata\\sharpview.exe\r\n\r\nNetwork Information:\r\n\tDirection:\t\tOutbound\r\n\tSource Address:\t\t172.18.39.5\r\n\tSource Port:\t\t50450\r\n\tDestination Address:\t172.18.38.5\r\n\tDestination Port:\t\t389\r\n\tProtocol:\t\t6\r\n\r\nFilter Information:\r\n\tFilter Run-Time ID:\t72582\r\n\tLayer Name:\t\tConnect\r\n\tLayer Run-Time ID:\t48"}
{"@timestamp":"2020-10-29T08:23:21.931Z","TimeCreated":"2020-10-29T08:23:21.931Z","SubjectLogonId":"0x10276b","SubjectDomainName":"THESHIRE","ProviderGuid":"{54849625-5478-4994-a5ba-3e3b0328c30d}","SubjectUserSid":"S-1-5-21-3140987116-517580383-2541594433-1104","Level":"0","Channel":"security","Task":"13313","SourceName":"Microsoft-Windows-Security-Auditing","Hostname":"WORKSTATION5.theshire.local","ProcessName":"C:\\ProgramData\\SharpView.exe","ProcessId":"0xea8","Status":"0x0","EventID":4689,"Keywords":"0x8020000000000000","SubjectUserName":"pgustavo","Message":"A process has exited.\r\n\r\nSubject:\r\n\tSecurity ID:\t\tS-1-5-21-3140987116-517580383-2541594433-1104\r\n\tAccount Name:\t\tpgustavo\r\n\tAccount Domain:\t\tTHESHIRE\r\n\tLogon ID:\t\t0x10276B\r\n\r\nProcess Information:\r\n\tProcess ID:\t0xea8\r\n\tProcess Name:\tC:\\ProgramData\\SharpView.exe\r\n\tExit Status:\t0x0"}
{"@timestamp":"2020-10-29T08:23:21.931Z","TimeCreated":"2020-10-29T08:23:21.931Z","SubjectLogonId":"0x10276b","SubjectDomainName":"THESHIRE","ProviderGuid":"{54849625-5478-4994-a5ba-3e3b0328c30d}","ObjectServer":"Security","HandleId":"0x150","SubjectUserSid":"S-1-5-21-3140987116-517580383-2541594433-1104","Level":"0","Channel":"security","Task":"12801","SourceName":"Microsoft-Windows-Security-Auditing","Hostname":"WORKSTATION5.theshire.local","ProcessName":"C:\\ProgramData\\SharpView.exe","ProcessId":"0xea8","EventID":4658,"Keywords":"0x8020000000000000","SubjectUserName":"pgustavo","Message":"The handle to an object was closed.\r\n\r\nSubject :\r\n\tSecurity ID:\t\tS-1-5-21-3140987116-517580383-2541594433-1104\r\n\tAccount Name:\t\tpgustavo\r\n\tAccount Domain:\t\tTHESHIRE\r\n\tLogon ID:\t\t0x10276B\r\n\r\nObject:\r\n\tObject Server:\t\tSecurity\r\n\tHandle ID:\t\t0x150\r\n\r\nProcess Information:\r\n\tProcess ID:\t\t0xea8\r\n\tProcess Name:\t\tC:\\ProgramData\\SharpView.exe"}
{"GrantedAccess":"0x1000","@timestamp":"2020-10-29T08:23:17.519Z","TimeCreated":"2020-10-29T08:23:17.519Z","SourceThreadId":"6848","SourceImage":"C:\\windows\\Explorer.EXE","ProviderGuid":"{5770385f-c22a-43e0-bf4c-06f5698ffbd9}","CallTrace":"C:\\windows\\SYSTEM32\\ntdll.dll+9c584|C:\\windows\\System32\\KERNELBASE.dll+305fe|C:\\windows\\SYSTEM32\\TWINAPI.dll+6d4c|C:\\windows\\system32\\twinui.pcshell.dll+20880|C:\\windows\\system32\\twinui.pcshell.dll+20082|C:\\windows\\system32\\twinui.dll+1780b|C:\\windows\\system32\\twinui.dll+1734c|C:\\windows\\system32\\twinui.dll+68f7a|C:\\windows\\system32\\twinui.dll+16e09|C:\\windows\\system32\\twinui.dll+16f4b|C:\\windows\\system32\\twinui.dll+16ecd|C:\\windows\\System32\\USER32.dll+15c1d|C:\\windows\\System32\\USER32.dll+15612|C:\\Windows\\System32\\windows.immersiveshell.serviceprovider.dll+45f0|C:\\Windows\\System32\\windows.immersiveshell.serviceprovider.dll+41b9|C:\\Windows\\System32\\windows.immersiveshell.serviceprovider.dll+3e4f|C:\\windows\\System32\\KERNEL32.DLL+17c24|C:\\windows\\SYSTEM32\\ntdll.dll+6cea1","UtcTime":"2020-10-30 00:23:17.511","TargetProcessGUID":"{14475cd4-5904-5f9b-5901-000000000500}","SourceProcessId":"6640","Level":"4","Channel":"Microsoft-Windows-Sysmon/Operational","Task":"10","RuleName":"-","SourceName":"Microsoft-Windows-Sysmon","Hostname":"WORKSTATION5.theshire.local","SourceProcessGUID":"{14475cd4-50e1-5f9b-b700-000000000500}","TargetProcessId":"7480","EventID":10,"Keywords":"0x8000000000000000","TargetImage":"C:\\Windows\\System32\\WindowsPowerShell\\v1.0\\powershell.exe","Message":"Process accessed:\r\nRuleName: -\r\nUtcTime: 2020-10-30 00:23:17.511\r\nSourceProcessGUID: {14475cd4-50e1-5f9b-b700-000000000500}\r\nSourceProcessId: 6640\r\nSourceThreadId: 6848\r\nSourceImage: C:\\windows\\Explorer.EXE\r\nTargetProcessGUID: {14475cd4-5904-5f9b-5901-000000000500}\r\nTargetProcessId: 7480\r\nTargetImage: C:\\Windows\\System32\\WindowsPowerShell\\v1.0\\powershell.exe\r\nGrantedAccess: 0x1000\r\nCallTrace: C:\\windows\\SYSTEM32\\ntdll.dll+9c584|C:\\windows\\System32\\KERNELBASE.dll+305fe|C:\\windows\\SYSTEM32\\TWINAPI.dll+6d4c|C:\\windows\\system32\\twinui.pcshell.dll+20880|C:\\windows\\system32\\twinui.pcshell.dll+20082|C:\\windows\\system32\\twinui.dll+1780b|C:\\windows\\system32\\twinui.dll+1734c|C:\\windows\\system32\\twinui.dll+68f7a|C:\\windows\\system32\\twinui.dll+16e09|C:\\windows\\system32\\twinui.dll+16f4b|C:\\windows\\system32\\twinui.dll+16ecd|C:\\windows\\System32\\USER32.dll+15c1d|C:\\windows\\System32\\USER32.dll+15612|C:\\Windows\\System32\\windows.immersiveshell.serviceprovider.dll+45f0|C:\\Windows\\System32\\windows.immersiveshell.serviceprovider.dll+41b9|C:\\Windows\\System32\\windows.immersiveshell.serviceprovider.dll+3e4f|C:\\windows\\System32\\KERNEL32.DLL+17c24|C:\\windows\\SYSTEM32\\ntdll.dll+6cea1"}
{"GrantedAccess":"0x2000","@timestamp":"2020-10-29T08:23:17.519Z","TimeCreated":"2020-10-29T08:23:17.519Z","SourceThreadId":"2352","SourceImage":"C:\\windows\\system32\\svchost.exe","ProviderGuid":"{5770385f-c22a-43e0-bf4c-06f5698ffbd9}","CallTrace":"C:\\windows\\SYSTEM32\\ntdll.dll+9c584|C:\\windows\\SYSTEM32\\psmserviceexthost.dll+310c0|C:\\windows\\SYSTEM32\\psmserviceexthost.dll+30dbf|C:\\windows\\SYSTEM32\\ntdll.dll+6ba5|C:\\windows\\SYSTEM32\\ntdll.dll+67f1|C:\\windows\\SYSTEM32\\ntdll.dll+6650|C:\\windows\\SYSTEM32\\ntdll.dll+3052c|C:\\windows\\SYSTEM32\\ntdll.dll+34142|C:\\windows\\System32\\KERNEL32.DLL+17c24|C:\\windows\\SYSTEM32\\ntdll.dll+6cea1","UtcTime":"2020-10-30 00:23:17.511","TargetProcessGUID":"{14475cd4-5904-5f9b-5a01-000000000500}","SourceProcessId":"948","Level":"4","Channel":"Microsoft-Windows-Sysmon/Operational","Task":"10","RuleName":"-","SourceName":"Microsoft-Windows-Sysmon","Hostname":"WORKSTATION5.theshire.local","SourceProcessGUID":"{14475cd4-509a-5f9b-1000-000000000500}","TargetProcessId":"216","EventID":10,"Keywords":"0x8000000000000000","TargetImage":"C:\\windows\\system32\\conhost.exe","Message":"Process accessed:\r\nRuleName: -\r\nUtcTime: 2020-10-30 00:23:17.511\r\nSourceProcessGUID: {14475cd4-509a-5f9b-1000-000000000500}\r\nSourceProcessId: 948\r\nSourceThreadId: 2352\r\nSourceImage: C:\\windows\\system32\\svchost.exe\r\nTargetProcessGUID: {14475cd4-5904-5f9b-5a01-000000000500}\r\nTargetProcessId: 216\r\nTargetImage: C:\\windows\\system32\\conhost.exe\r\nGrantedAccess: 0x2000\r\nCallTrace: C:\\windows\\SYSTEM32\\ntdll.dll+9c584|C:\\windows\\SYSTEM32\\psmserviceexthost.dll+310c0|C:\\windows\\SYSTEM32\\psmserviceexthost.dll+30dbf|C:\\windows\\SYSTEM32\\ntdll.dll+6ba5|C:\\windows\\SYSTEM32\\ntdll.dll+67f1|C:\\windows\\SYSTEM32\\ntdll.dll+6650|C:\\windows\\SYSTEM32\\ntdll.dll+3052c|C:\\windows\\SYSTEM32\\ntdll.dll+34142|C:\\windows\\System32\\KERNEL32.DLL+17c24|C:\\windows\\SYSTEM32\\ntdll.dll+6cea1"}
{"GrantedAccess":"0x2000","@timestamp":"2020-10-29T08:23:17.519Z","TimeCreated":"2020-10-29T08:23:17.519Z","SourceThreadId":"6848","SourceImage":"C:\\windows\\Explorer.EXE","ProviderGuid":"{5770385f-c22a-43e0-bf4c-06f5698ffbd9}","CallTrace":"C:\\windows\\SYSTEM32\\ntdll.dll+9c584|C:\\windows\\System32\\KERNELBASE.dll+305fe|C:\\windows\\system32\\twinui.dll+72a89|C:\\windows\\system32\\twinui.dll+785b2|C:\\windows\\system32\\twinui.dll+1780b|C:\\windows\\system32\\twinui.dll+1734c|C:\\windows\\system32\\twinui.dll+68f7a|C:\\windows\\system32\\twinui.dll+16e09|C:\\windows\\system32\\twinui.dll+16f4b|C:\\windows\\system32\\twinui.dll+16ecd|C:\\windows\\System32\\USER32.dll+15c1d|C:\\windows\\System32\\USER32.dll+15612|C:\\Windows\\System32\\windows.immersiveshell.serviceprovider.dll+45f0|C:\\Windows\\System32\\windows.immersiveshell.serviceprovider.dll+41b9|C:\\Windows\\System32\\windows.immersiveshell.serviceprovider.dll+3e4f|C:\\windows\\System32\\KERNEL32.DLL+17c24|C:\\windows\\SYSTEM32\\ntdll.dll+6cea1","UtcTime":"2020-10-30 00:23:17.511","TargetProcessGUID":"{14475cd4-50fa-5f9b-e000-000000000500}","SourceProcessId":"6640","Level":"4","Channel":"Microsoft-Windows-Sysmon/Operational","Task":"10","RuleName":"-","SourceName":"Microsoft-Windows-Sysmon","Hostname":"WORKSTATION5.theshire.local","SourceProcessGUID":"{14475cd4-50e1-5f9b-b700-000000000500}","TargetProcessId":"4884","EventID":10,"Keywords":"0x8000000000000000","TargetImage":"C:\\Windows\\SystemApps\\InputApp_cw5n1h2txyewy\\WindowsInternal.ComposableShell.Experiences.TextInput.InputApp.exe","Message":"Process accessed:\r\nRuleName: -\r\nUtcTime: 2020-10-30 00:23:17.511\r\nSourceProcessGUID: {14475cd4-50e1-5f9b-b700-000000000500}\r\nSourceProcessId: 6640\r\nSourceThreadId: 6848\r\nSourceImage: C:\\windows\\Explorer.EXE\r\nTargetProcessGUID: {14475cd4-50fa-5f9b-e000-000000000500}\r\nTargetProcessId: 4884\r\nTargetImage: C:\\Windows\\SystemApps\\InputApp_cw5n1h2txyewy\\WindowsInternal.ComposableShell.Experiences.TextInput.InputApp.exe\r\nGrantedAccess: 0x2000\r\nCallTrace: C:\\windows\\SYSTEM32\\ntdll.dll+9c584|C:\\windows\\System32\\KERNELBASE.dll+305fe|C:\\windows\\system32\\twinui.dll+72a89|C:\\windows\\system32\\twinui.dll+785b2|C:\\windows\\system32\\twinui.dll+1780b|C:\\windows\\system32\\twinui.dll+1734c|C:\\windows\\system32\\twinui.dll+68f7a|C:\\windows\\system32\\twinui.dll+16e09|C:\\windows\\system32\\twinui.dll+16f4b|C:\\windows\\system32\\twinui.dll+16ecd|C:\\windows\\System32\\USER32.dll+15c1d|C:\\windows\\System32\\USER32.dll+15612|C:\\Windows\\System32\\windows.immersiveshell.serviceprovider.dll+45f0|C:\\Windows\\System32\\windows.immersiveshell.serviceprovider.dll+41b9|C:\\Windows\\System32\\windows.immersiveshell.serviceprovider.dll+3e4f|C:\\windows\\System32\\KERNEL32.DLL+17c24|C:\\windows\\SYSTEM32\\ntdll.dll+6cea1"}
{"GrantedAccess":"0x1000","@timestamp":"2020-10-29T08:23:17.519Z","TimeCreated":"2020-10-29T08:23:17.519Z","SourceThreadId":"6880","SourceImage":"C:\\windows\\Explorer.EXE","ProviderGuid":"{5770385f-c22a-43e0-bf4c-06f5698ffbd9}","CallTrace":"C:\\windows\\SYSTEM32\\ntdll.dll+9c584|C:\\windows\\System32\\KERNELBASE.dll+305fe|C:\\Windows\\System32\\appresolver.dll+221c5|C:\\Windows\\System32\\appresolver.dll+1edcc|C:\\Windows\\System32\\appresolver.dll+1ecb7|C:\\windows\\Explorer.EXE+5b1a7|C:\\windows\\Explorer.EXE+5b0a4|C:\\windows\\Explorer.EXE+29a50|C:\\windows\\System32\\windows.storage.dll+16e1c4|C:\\windows\\System32\\windows.storage.dll+16de05|C:\\windows\\System32\\windows.storage.dll+16dce5|C:\\windows\\System32\\shcore.dll+31636|C:\\windows\\SYSTEM32\\ntdll.dll+2f655|C:\\windows\\SYSTEM32\\ntdll.dll+345b4|C:\\windows\\System32\\KERNEL32.DLL+17c24|C:\\windows\\SYSTEM32\\ntdll.dll+6cea1","UtcTime":"2020-10-30 00:23:17.511","TargetProcessGUID":"{14475cd4-5904-5f9b-5901-000000000500}","SourceProcessId":"6640","Level":"4","Channel":"Microsoft-Windows-Sysmon/Operational","Task":"10","RuleName":"-","SourceName":"Microsoft-Windows-Sysmon","Hostname":"WORKSTATION5.theshire.local","SourceProcessGUID":"{14475cd4-50e1-5f9b-b700-000000000500}","TargetProcessId":"7480","EventID":10,"Keywords":"0x8000000000000000","TargetImage":"C:\\Windows\\System32\\WindowsPowerShell\\v1.0\\powershell.exe","Message":"Process accessed:\r\nRuleName: -\r\nUtcTime: 2020-10-30 00:23:17.511\r\nSourceProcessGUID: {14475cd4-50e1-5f9b-b700-000000000500}\r\nSourceProcessId: 6640\r\nSourceThreadId: 6880\r\nSourceImage: C:\\windows\\Explorer.EXE\r\nTargetProcessGUID: {14475cd4-5904-5f9b-5901-000000000500}\r\nTargetProcessId: 7480\r\nTargetImage: C:\\Windows\\System32\\WindowsPowerShell\\v1.0\\powershell.exe\r\nGrantedAccess: 0x1000\r\nCallTrace: C:\\windows\\SYSTEM32\\ntdll.dll+9c584|C:\\windows\\System32\\KERNELBASE.dll+305fe|C:\\Windows\\System32\\appresolver.dll+221c5|C:\\Windows\\System32\\appresolver.dll+1edcc|C:\\Windows\\System32\\appresolver.dll+1ecb7|C:\\windows\\Explorer.EXE+5b1a7|C:\\windows\\Explorer.EXE+5b0a4|C:\\windows\\Explorer.EXE+29a50|C:\\windows\\System32\\windows.storage.dll+16e1c4|C:\\windows\\System32\\windows.storage.dll+16de05|C:\\windows\\System32\\windows.storage.dll+16dce5|C:\\windows\\System32\\shcore.dll+31636|C:\\windows\\SYSTEM32\\ntdll.dll+2f655|C:\\windows\\SYSTEM32\\ntdll.dll+345b4|C:\\windows\\System32\\KERNEL32.DLL+17c24|C:\\windows\\SYSTEM32\\ntdll.dll+6cea1"}
{"@timestamp":"2020-10-29T08:23:17.523Z","TimeCreated":"2020-10-29T08:23:17.523Z","ProviderGuid":"{5770385f-c22a-43e0-bf4c-06f5698ffbd9}","UtcTime":"2020-10-30 00:23:17.511","ProcessGuid":"{14475cd4-50e1-5f9b-b700-000000000500}","Image":"C:\\windows\\Explorer.EXE","Level":"4","Channel":"Microsoft-Windows-Sysmon/Operational","Task":"13","RuleName":"-","SourceName":"Microsoft-Windows-Sysmon","Hostname":"WORKSTATION5.theshire.local","Details":"Binary Data","ProcessId":"6640","EventType":"SetValue","EventID":13,"Keywords":"0x8000000000000000","TargetObject":"HKU\\S-1-5-21-3140987116-517580383-2541594433-1104\\Software\\Microsoft\\Windows\\CurrentVersion\\Explorer\\UserAssist\\{CEBFF5CD-ACE2-4F4F-9178-9926F41749EA}\\Count\\{1NP14R77-02R7-4R5Q-O744-2RO1NR5198O7}\\pzq.rkr","Message":"Registry value set:\r\nRuleName: -\r\nEventType: SetValue\r\nUtcTime: 2020-10-30 00:23:17.511\r\nProcessGuid: {14475cd4-50e1-5f9b-b700-000000000500}\r\nProcessId: 6640\r\nImage: C:\\windows\\Explorer.EXE\r\nTargetObject: HKU\\S-1-5-21-3140987116-517580383-2541594433-1104\\Software\\Microsoft\\Windows\\CurrentVersion\\Explorer\\UserAssist\\{CEBFF5CD-ACE2-4F4F-9178-9926F41749EA}\\Count\\{1NP14R77-02R7-4R5Q-O744-2RO1NR5198O7}\\pzq.rkr\r\nDetails: Binary Data"}
{"@timestamp":"2020-10-29T08:23:17.523Z","TimeCreated":"2020-10-29T08:23:17.523Z","ProviderGuid":"{5770385f-c22a-43e0-bf4c-06f5698ffbd9}","UtcTime":"2020-10-30 00:23:17.511","ProcessGuid":"{14475cd4-50e1-5f9b-b700-000000000500}","Image":"C:\\windows\\Explorer.EXE","Level":"4","Channel":"Microsoft-Windows-Sysmon/Operational","Task":"13","RuleName":"-","SourceName":"Microsoft-Windows-Sysmon","Hostname":"WORKSTATION5.theshire.local","Details":"Binary Data","ProcessId":"6640","EventType":"SetValue","EventID":13,"Keywords":"0x8000000000000000","TargetObject":"HKU\\S-1-5-21-3140987116-517580383-2541594433-1104\\Software\\Microsoft\\Windows\\CurrentVersion\\Explorer\\UserAssist\\{CEBFF5CD-ACE2-4F4F-9178-9926F41749EA}\\Count\\HRZR_PGYFRFFVBA","Message":"Registry value set:\r\nRuleName: -\r\nEventType: SetValue\r\nUtcTime: 2020-10-30 00:23:17.511\r\nProcessGuid: {14475cd4-50e1-5f9b-b700-000000000500}\r\nProcessId: 6640\r\nImage: C:\\windows\\Explorer.EXE\r\nTargetObject: HKU\\S-1-5-21-3140987116-517580383-2541594433-1104\\Software\\Microsoft\\Windows\\CurrentVersion\\Explorer\\UserAssist\\{CEBFF5CD-ACE2-4F4F-9178-9926F41749EA}\\Count\\HRZR_PGYFRFFVBA\r\nDetails: Binary Data"}
{"GrantedAccess":"0x1000","@timestamp":"2020-10-29T08:23:17.523Z","TimeCreated":"2020-10-29T08:23:17.523Z","SourceThreadId":"1348","SourceImage":"C:\\windows\\Explorer.EXE","ProviderGuid":"{5770385f-c22a-43e0-bf4c-06f5698ffbd9}","CallTrace":"C:\\windows\\SYSTEM32\\ntdll.dll+9c584|C:\\windows\\System32\\KERNELBASE.dll+305fe|C:\\windows\\System32\\NPSMDesktopProvider.dll+1dbfa|C:\\windows\\System32\\NPSMDesktopProvider.dll+139e2|C:\\windows\\System32\\NPSMDesktopProvider.dll+1415b|C:\\windows\\System32\\shcore.dll+c540|C:\\windows\\System32\\shcore.dll+c1c8|C:\\windows\\System32\\shcore.dll+ac61|C:\\windows\\System32\\KERNEL32.DLL+17c24|C:\\windows\\SYSTEM32\\ntdll.dll+6cea1","UtcTime":"2020-10-30 00:23:17.511","TargetProcessGUID":"{14475cd4-5904-5f9b-5901-000000000500}","SourceProcessId":"6640","Level":"4","Channel":"Microsoft-Windows-Sysmon/Operational","Task":"10","RuleName":"-","SourceName":"Microsoft-Windows-Sysmon","Hostname":"WORKSTATION5.theshire.local","SourceProcessGUID":"{14475cd4-50e1-5f9b-b700-000000000500}","TargetProcessId":"7480","EventID":10,"Keywords":"0x8000000000000000","TargetImage":"C:\\Windows\\System32\\WindowsPowerShell\\v1.0\\powershell.exe","Message":"Process accessed:\r\nRuleName: -\r\nUtcTime: 2020-10-30 00:23:17.511\r\nSourceProcessGUID: {14475cd4-50e1-5f9b-b700-000000000500}\r\nSourceProcessId: 6640\r\nSourceThreadId: 1348\r\nSourceImage: C:\\windows\\Explorer.EXE\r\nTargetProcessGUID: {14475cd4-5904-5f9b-5901-000000000500}\r\nTargetProcessId: 7480\r\nTargetImage: C:\\Windows\\System32\\WindowsPowerShell\\v1.0\\powershell.exe\r\nGrantedAccess: 0x1000\r\nCallTrace: C:\\windows\\SYSTEM32\\ntdll.dll+9c584|C:\\windows\\System32\\KERNELBASE.dll+305fe|C:\\windows\\System32\\NPSMDesktopProvider.dll+1dbfa|C:\\windows\\System32\\NPSMDesktopProvider.dll+139e2|C:\\windows\\System32\\NPSMDesktopProvider.dll+1415b|C:\\windows\\System32\\shcore.dll+c540|C:\\windows\\System32\\shcore.dll+c1c8|C:\\windows\\System32\\shcore.dll+ac61|C:\\windows\\System32\\KERNEL32.DLL+17c24|C:\\windows\\SYSTEM32\\ntdll.dll+6cea1"}
{"GrantedAccess":"0x1000","@timestamp":"2020-10-29T08:23:17.527Z","TimeCreated":"2020-10-29T08:23:17.527Z","SourceThreadId":"4560","SourceImage":"C:\\windows\\Explorer.EXE","ProviderGuid":"{5770385f-c22a-43e0-bf4c-06f5698ffbd9}","CallTrace":"C:\\windows\\SYSTEM32\\ntdll.dll+9c584|C:\\windows\\System32\\KERNELBASE.dll+305fe|C:\\Windows\\System32\\TaskFlowDataEngine.dll+cf160|C:\\Windows\\System32\\TaskFlowDataEngine.dll+9827b|C:\\Windows\\System32\\TaskFlowDataEngine.dll+978ff|C:\\Windows\\System32\\TaskFlowDataEngine.dll+973f9|C:\\Windows\\System32\\TaskFlowDataEngine.dll+96e25|C:\\Windows\\System32\\TaskFlowDataEngine.dll+94c85|C:\\Windows\\System32\\TaskFlowDataEngine.dll+93658|C:\\Windows\\System32\\TaskFlowDataEngine.dll+9dfb1|C:\\windows\\System32\\shcore.dll+c540|C:\\windows\\System32\\shcore.dll+c1c8|C:\\windows\\System32\\shcore.dll+ac61|C:\\windows\\System32\\KERNEL32.DLL+17c24|C:\\windows\\SYSTEM32\\ntdll.dll+6cea1","UtcTime":"2020-10-30 00:23:17.511","TargetProcessGUID":"{14475cd4-5904-5f9b-5901-000000000500}","SourceProcessId":"6640","Level":"4","Channel":"Microsoft-Windows-Sysmon/Operational","Task":"10","RuleName":"-","SourceName":"Microsoft-Windows-Sysmon","Hostname":"WORKSTATION5.theshire.local","SourceProcessGUID":"{14475cd4-50e1-5f9b-b700-000000000500}","TargetProcessId":"7480","EventID":10,"Keywords":"0x8000000000000000","TargetImage":"C:\\Windows\\System32\\WindowsPowerShell\\v1.0\\powershell.exe","Message":"Process accessed:\r\nRuleName: -\r\nUtcTime: 2020-10-30 00:23:17.511\r\nSourceProcessGUID: {14475cd4-50e1-5f9b-b700-000000000500}\r\nSourceProcessId: 6640\r\nSourceThreadId: 4560\r\nSourceImage: C:\\windows\\Explorer.EXE\r\nTargetProcessGUID: {14475cd4-5904-5f9b-5901-000000000500}\r\nTargetProcessId: 7480\r\nTargetImage: C:\\Windows\\System32\\WindowsPowerShell\\v1.0\\powershell.exe\r\nGrantedAccess: 0x1000\r\nCallTrace: C:\\windows\\SYSTEM32\\ntdll.dll+9c584|C:\\windows\\System32\\KERNELBASE.dll+305fe|C:\\Windows\\System32\\TaskFlowDataEngine.dll+cf160|C:\\Windows\\System32\\TaskFlowDataEngine.dll+9827b|C:\\Windows\\System32\\TaskFlowDataEngine.dll+978ff|C:\\Windows\\System32\\TaskFlowDataEngine.dll+973f9|C:\\Windows\\System32\\TaskFlowDataEngine.dll+96e25|C:\\Windows\\System32\\TaskFlowDataEngine.dll+94c85|C:\\Windows\\System32\\TaskFlowDataEngine.dll+93658|C:\\Windows\\System32\\TaskFlowDataEngine.dll+9dfb1|C:\\windows\\System32\\shcore.dll+c540|C:\\windows\\System32\\shcore.dll+c1c8|C:\\windows\\System32\\shcore.dll+ac61|C:\\windows\\System32\\KERNEL32.DLL+17c24|C:\\windows\\SYSTEM32\\ntdll.dll+6cea1"}
{"@timestamp":"2020-10-29T08:23:17.530Z","TimeCreated":"2020-10-29T08:23:17.530Z","ProviderGuid":"{5770385f-c22a-43e0-bf4c-06f5698ffbd9}","UtcTime":"2020-10-30 00:23:17.526","ProcessGuid":"{14475cd4-50e1-5f9b-b700-000000000500}","Image":"C:\\windows\\Explorer.EXE","Level":"4","Channel":"Microsoft-Windows-Sysmon/Operational","Task":"13","RuleName":"-","SourceName":"Microsoft-Windows-Sysmon","Hostname":"WORKSTATION5.theshire.local","Details":"Binary Data","ProcessId":"6640","EventType":"SetValue","EventID":13,"Keywords":"0x8000000000000000","TargetObject":"HKU\\S-1-5-21-3140987116-517580383-2541594433-1104\\Software\\Microsoft\\Windows\\CurrentVersion\\ActivityDataModel\\ReaderRevisionInfo\\8E9DA5C8-BB16-EB76-F64C-85A2B132E264","Message":"Registry value set:\r\nRuleName: -\r\nEventType: SetValue\r\nUtcTime: 2020-10-30 00:23:17.526\r\nProcessGuid: {14475cd4-50e1-5f9b-b700-000000000500}\r\nProcessId: 6640\r\nImage: C:\\windows\\Explorer.EXE\r\nTargetObject: HKU\\S-1-5-21-3140987116-517580383-2541594433-1104\\Software\\Microsoft\\Windows\\CurrentVersion\\ActivityDataModel\\ReaderRevisionInfo\\8E9DA5C8-BB16-EB76-F64C-85A2B132E264\r\nDetails: Binary Data"}
{"@timestamp":"2020-10-29T08:23:17.533Z","TimeCreated":"2020-10-29T08:23:17.533Z","ProviderGuid":"{5770385f-c22a-43e0-bf4c-06f5698ffbd9}","UtcTime":"2020-10-30 00:23:17.526","ProcessGuid":"{14475cd4-50e1-5f9b-b700-000000000500}","Image":"C:\\windows\\Explorer.EXE","Level":"4","Channel":"Microsoft-Windows-Sysmon/Operational","Task":"13","RuleName":"-","SourceName":"Microsoft-Windows-Sysmon","Hostname":"WORKSTATION5.theshire.local","Details":"Binary Data","ProcessId":"6640","EventType":"SetValue","EventID":13,"Keywords":"0x8000000000000000","TargetObject":"HKU\\S-1-5-21-3140987116-517580383-2541594433-1104\\Software\\Microsoft\\Windows\\CurrentVersion\\ActivityDataModel\\ReaderRevisionInfo\\8E9DA5C8-BB16-EB76-F64C-85A2B132E264","Message":"Registry value set:\r\nRuleName: -\r\nEventType: SetValue\r\nUtcTime: 2020-10-30 00:23:17.526\r\nProcessGuid: {14475cd4-50e1-5f9b-b700-000000000500}\r\nProcessId: 6640\r\nImage: C:\\windows\\Explorer.EXE\r\nTargetObject: HKU\\S-1-5-21-3140987116-517580383-2541594433-1104\\Software\\Microsoft\\Windows\\CurrentVersion\\ActivityDataModel\\ReaderRevisionInfo\\8E9DA5C8-BB16-EB76-F64C-85A2B132E264\r\nDetails: Binary Data"}
{"GrantedAccess":"0x1000","@timestamp":"2020-10-29T08:23:18.087Z","TimeCreated":"2020-10-29T08:23:18.087Z","SourceThreadId":"5932","SourceImage":"C:\\windows\\system32\\svchost.exe","ProviderGuid":"{5770385f-c22a-43e0-bf4c-06f5698ffbd9}","CallTrace":"C:\\windows\\SYSTEM32\\ntdll.dll+9c584|C:\\windows\\SYSTEM32\\psmserviceexthost.dll+222a3|C:\\windows\\SYSTEM32\\psmserviceexthost.dll+1a172|C:\\windows\\SYSTEM32\\psmserviceexthost.dll+19e3b|C:\\windows\\SYSTEM32\\psmserviceexthost.dll+19318|C:\\windows\\SYSTEM32\\ntdll.dll+3081d|C:\\windows\\SYSTEM32\\ntdll.dll+345b4|C:\\windows\\System32\\KERNEL32.DLL+17c24|C:\\windows\\SYSTEM32\\ntdll.dll+6cea1","UtcTime":"2020-10-30 00:23:18.073","TargetProcessGUID":"{14475cd4-509f-5f9b-5c00-000000000500}","SourceProcessId":"948","Level":"4","Channel":"Microsoft-Windows-Sysmon/Operational","Task":"10","RuleName":"-","SourceName":"Microsoft-Windows-Sysmon","Hostname":"WORKSTATION5.theshire.local","SourceProcessGUID":"{14475cd4-509a-5f9b-1000-000000000500}","TargetProcessId":"3916","EventID":10,"Keywords":"0x8000000000000000","TargetImage":"C:\\windows\\System32\\svchost.exe","Message":"Process accessed:\r\nRuleName: -\r\nUtcTime: 2020-10-30 00:23:18.073\r\nSourceProcessGUID: {14475cd4-509a-5f9b-1000-000000000500}\r\nSourceProcessId: 948\r\nSourceThreadId: 5932\r\nSourceImage: C:\\windows\\system32\\svchost.exe\r\nTargetProcessGUID: {14475cd4-509f-5f9b-5c00-000000000500}\r\nTargetProcessId: 3916\r\nTargetImage: C:\\windows\\System32\\svchost.exe\r\nGrantedAccess: 0x1000\r\nCallTrace: C:\\windows\\SYSTEM32\\ntdll.dll+9c584|C:\\windows\\SYSTEM32\\psmserviceexthost.dll+222a3|C:\\windows\\SYSTEM32\\psmserviceexthost.dll+1a172|C:\\windows\\SYSTEM32\\psmserviceexthost.dll+19e3b|C:\\windows\\SYSTEM32\\psmserviceexthost.dll+19318|C:\\windows\\SYSTEM32\\ntdll.dll+3081d|C:\\windows\\SYSTEM32\\ntdll.dll+345b4|C:\\windows\\System32\\KERNEL32.DLL+17c24|C:\\windows\\SYSTEM32\\ntdll.dll+6cea1"}
{"GrantedAccess":"0x1000","@timestamp":"2020-10-29T08:23:18.087Z","TimeCreated":"2020-10-29T08:23:18.087Z","SourceThreadId":"5932","SourceImage":"C:\\windows\\system32\\svchost.exe","ProviderGuid":"{5770385f-c22a-43e0-bf4c-06f5698ffbd9}","CallTrace":"C:\\windows\\SYSTEM32\\ntdll.dll+9c584|C:\\windows\\SYSTEM32\\psmserviceexthost.dll+222a3|C:\\windows\\SYSTEM32\\psmserviceexthost.dll+1a172|C:\\windows\\SYSTEM32\\psmserviceexthost.dll+19e3b|C:\\windows\\SYSTEM32\\psmserviceexthost.dll+19318|C:\\windows\\SYSTEM32\\ntdll.dll+3081d|C:\\windows\\SYSTEM32\\ntdll.dll+345b4|C:\\windows\\System32\\KERNEL32.DLL+17c24|C:\\windows\\SYSTEM32\\ntdll.dll+6cea1","UtcTime":"2020-10-30 00:23:18.073","TargetProcessGUID":"{14475cd4-509f-5f9b-5c00-000000000500}","SourceProcessId":"948","Level":"4","Channel":"Microsoft-Windows-Sysmon/Operational","Task":"10","RuleName":"-","SourceName":"Microsoft-Windows-Sysmon","Hostname":"WORKSTATION5.theshire.local","SourceProcessGUID":"{14475cd4-509a-5f9b-1000-000000000500}","TargetProcessId":"3916","EventID":10,"Keywords":"0x8000000000000000","TargetImage":"C:\\windows\\System32\\svchost.exe","Message":"Process accessed:\r\nRuleName: -\r\nUtcTime: 2020-10-30 00:23:18.073\r\nSourceProcessGUID: {14475cd4-509a-5f9b-1000-000000000500}\r\nSourceProcessId: 948\r\nSourceThreadId: 5932\r\nSourceImage: C:\\windows\\system32\\svchost.exe\r\nTargetProcessGUID: {14475cd4-509f-5f9b-5c00-000000000500}\r\nTargetProcessId: 3916\r\nTargetImage: C:\\windows\\System32\\svchost.exe\r\nGrantedAccess: 0x1000\r\nCallTrace: C:\\windows\\SYSTEM32\\ntdll.dll+9c584|C:\\windows\\SYSTEM32\\psmserviceexthost.dll+222a3|C:\\windows\\SYSTEM32\\psmserviceexthost.dll+1a172|C:\\windows\\SYSTEM32\\psmserviceexthost.dll+19e3b|C:\\windows\\SYSTEM32\\psmserviceexthost.dll+19318|C:\\windows\\SYSTEM32\\ntdll.dll+3081d|C:\\windows\\SYSTEM32\\ntdll.dll+345b4|C:\\windows\\System32\\KERNEL32.DLL+17c24|C:\\windows\\SYSTEM32\\ntdll.dll+6cea1"}
{"GrantedAccess":"0x1000","@timestamp":"2020-10-29T08:23:19.043Z","TimeCreated":"2020-10-29T08:23:19.043Z","SourceThreadId":"5932","SourceImage":"C:\\windows\\system32\\svchost.exe","ProviderGuid":"{5770385f-c22a-43e0-bf4c-06f5698ffbd9}","CallTrace":"C:\\windows\\SYSTEM32\\ntdll.dll+9c584|C:\\windows\\SYSTEM32\\psmserviceexthost.dll+222a3|C:\\windows\\SYSTEM32\\psmserviceexthost.dll+1a172|C:\\windows\\SYSTEM32\\psmserviceexthost.dll+19e3b|C:\\windows\\SYSTEM32\\psmserviceexthost.dll+19318|C:\\windows\\SYSTEM32\\ntdll.dll+3081d|C:\\windows\\SYSTEM32\\ntdll.dll+345b4|C:\\windows\\System32\\KERNEL32.DLL+17c24|C:\\windows\\SYSTEM32\\ntdll.dll+6cea1","UtcTime":"2020-10-30 00:23:19.042","TargetProcessGUID":"{14475cd4-509f-5f9b-5c00-000000000500}","SourceProcessId":"948","Level":"4","Channel":"Microsoft-Windows-Sysmon/Operational","Task":"10","RuleName":"-","SourceName":"Microsoft-Windows-Sysmon","Hostname":"WORKSTATION5.theshire.local","SourceProcessGUID":"{14475cd4-509a-5f9b-1000-000000000500}","TargetProcessId":"3916","EventID":10,"Keywords":"0x8000000000000000","TargetImage":"C:\\windows\\System32\\svchost.exe","Message":"Process accessed:\r\nRuleName: -\r\nUtcTime: 2020-10-30 00:23:19.042\r\nSourceProcessGUID: {14475cd4-509a-5f9b-1000-000000000500}\r\nSourceProcessId: 948\r\nSourceThreadId: 5932\r\nSourceImage: C:\\windows\\system32\\svchost.exe\r\nTargetProcessGUID: {14475cd4-509f-5f9b-5c00-000000000500}\r\nTargetProcessId: 3916\r\nTargetImage: C:\\windows\\System32\\svchost.exe\r\nGrantedAccess: 0x1000\r\nCallTrace: C:\\windows\\SYSTEM32\\ntdll.dll+9c584|C:\\windows\\SYSTEM32\\psmserviceexthost.dll+222a3|C:\\windows\\SYSTEM32\\psmserviceexthost.dll+1a172|C:\\windows\\SYSTEM32\\psmserviceexthost.dll+19e3b|C:\\windows\\SYSTEM32\\psmserviceexthost.dll+19318|C:\\windows\\SYSTEM32\\ntdll.dll+3081d|C:\\windows\\SYSTEM32\\ntdll.dll+345b4|C:\\windows\\System32\\KERNEL32.DLL+17c24|C:\\windows\\SYSTEM32\\ntdll.dll+6cea1"}
{"GrantedAccess":"0x1000","@timestamp":"2020-10-29T08:23:19.043Z","TimeCreated":"2020-10-29T08:23:19.043Z","SourceThreadId":"5932","SourceImage":"C:\\windows\\system32\\svchost.exe","ProviderGuid":"{5770385f-c22a-43e0-bf4c-06f5698ffbd9}","CallTrace":"C:\\windows\\SYSTEM32\\ntdll.dll+9c584|C:\\windows\\SYSTEM32\\psmserviceexthost.dll+222a3|C:\\windows\\SYSTEM32\\psmserviceexthost.dll+1a172|C:\\windows\\SYSTEM32\\psmserviceexthost.dll+19e3b|C:\\windows\\SYSTEM32\\psmserviceexthost.dll+19318|C:\\windows\\SYSTEM32\\ntdll.dll+3081d|C:\\windows\\SYSTEM32\\ntdll.dll+345b4|C:\\windows\\System32\\KERNEL32.DLL+17c24|C:\\windows\\SYSTEM32\\ntdll.dll+6cea1","UtcTime":"2020-10-30 00:23:19.042","TargetProcessGUID":"{14475cd4-509f-5f9b-5c00-000000000500}","SourceProcessId":"948","Level":"4","Channel":"Microsoft-Windows-Sysmon/Operational","Task":"10","RuleName":"-","SourceName":"Microsoft-Windows-Sysmon","Hostname":"WORKSTATION5.theshire.local","SourceProcessGUID":"{14475cd4-509a-5f9b-1000-000000000500}","TargetProcessId":"3916","EventID":10,"Keywords":"0x8000000000000000","TargetImage":"C:\\windows\\System32\\svchost.exe","Message":"Process accessed:\r\nRuleName: -\r\nUtcTime: 2020-10-30 00:23:19.042\r\nSourceProcessGUID: {14475cd4-509a-5f9b-1000-000000000500}\r\nSourceProcessId: 948\r\nSourceThreadId: 5932\r\nSourceImage: C:\\windows\\system32\\svchost.exe\r\nTargetProcessGUID: {14475cd4-509f-5f9b-5c00-000000000500}\r\nTargetProcessId: 3916\r\nTargetImage: C:\\windows\\System32\\svchost.exe\r\nGrantedAccess: 0x1000\r\nCallTrace: C:\\windows\\SYSTEM32\\ntdll.dll+9c584|C:\\windows\\SYSTEM32\\psmserviceexthost.dll+222a3|C:\\windows\\SYSTEM32\\psmserviceexthost.dll+1a172|C:\\windows\\SYSTEM32\\psmserviceexthost.dll+19e3b|C:\\windows\\SYSTEM32\\psmserviceexthost.dll+19318|C:\\windows\\SYSTEM32\\ntdll.dll+3081d|C:\\windows\\SYSTEM32\\ntdll.dll+345b4|C:\\windows\\System32\\KERNEL32.DLL+17c24|C:\\windows\\SYSTEM32\\ntdll.dll+6cea1"}
{"GrantedAccess":"0x1000","@timestamp":"2020-10-29T08:23:19.044Z","TimeCreated":"2020-10-29T08:23:19.044Z","SourceThreadId":"8100","SourceImage":"C:\\windows\\system32\\svchost.exe","ProviderGuid":"{5770385f-c22a-43e0-bf4c-06f5698ffbd9}","CallTrace":"C:\\windows\\SYSTEM32\\ntdll.dll+9c584|C:\\windows\\SYSTEM32\\psmserviceexthost.dll+222a3|C:\\windows\\SYSTEM32\\psmserviceexthost.dll+1a172|C:\\windows\\SYSTEM32\\psmserviceexthost.dll+19e3b|C:\\windows\\SYSTEM32\\psmserviceexthost.dll+19318|C:\\windows\\SYSTEM32\\ntdll.dll+3081d|C:\\windows\\SYSTEM32\\ntdll.dll+345b4|C:\\windows\\System32\\KERNEL32.DLL+17c24|C:\\windows\\SYSTEM32\\ntdll.dll+6cea1","UtcTime":"2020-10-30 00:23:19.042","TargetProcessGUID":"{14475cd4-509f-5f9b-5c00-000000000500}","SourceProcessId":"948","Level":"4","Channel":"Microsoft-Windows-Sysmon/Operational","Task":"10","RuleName":"-","SourceName":"Microsoft-Windows-Sysmon","Hostname":"WORKSTATION5.theshire.local","SourceProcessGUID":"{14475cd4-509a-5f9b-1000-000000000500}","TargetProcessId":"3916","EventID":10,"Keywords":"0x8000000000000000","TargetImage":"C:\\windows\\System32\\svchost.exe","Message":"Process accessed:\r\nRuleName: -\r\nUtcTime: 2020-10-30 00:23:19.042\r\nSourceProcessGUID: {14475cd4-509a-5f9b-1000-000000000500}\r\nSourceProcessId: 948\r\nSourceThreadId: 8100\r\nSourceImage: C:\\windows\\system32\\svchost.exe\r\nTargetProcessGUID: {14475cd4-509f-5f9b-5c00-000000000500}\r\nTargetProcessId: 3916\r\nTargetImage: C:\\windows\\System32\\svchost.exe\r\nGrantedAccess: 0x1000\r\nCallTrace: C:\\windows\\SYSTEM32\\ntdll.dll+9c584|C:\\windows\\SYSTEM32\\psmserviceexthost.dll+222a3|C:\\windows\\SYSTEM32\\psmserviceexthost.dll+1a172|C:\\windows\\SYSTEM32\\psmserviceexthost.dll+19e3b|C:\\windows\\SYSTEM32\\psmserviceexthost.dll+19318|C:\\windows\\SYSTEM32\\ntdll.dll+3081d|C:\\windows\\SYSTEM32\\ntdll.dll+345b4|C:\\windows\\System32\\KERNEL32.DLL+17c24|C:\\windows\\SYSTEM32\\ntdll.dll+6cea1"}
{"GrantedAccess":"0x1000","@timestamp":"2020-10-29T08:23:19.045Z","TimeCreated":"2020-10-29T08:23:19.045Z","SourceThreadId":"8100","SourceImage":"C:\\windows\\system32\\svchost.exe","ProviderGuid":"{5770385f-c22a-43e0-bf4c-06f5698ffbd9}","CallTrace":"C:\\windows\\SYSTEM32\\ntdll.dll+9c584|C:\\windows\\SYSTEM32\\psmserviceexthost.dll+222a3|C:\\windows\\SYSTEM32\\psmserviceexthost.dll+1a172|C:\\windows\\SYSTEM32\\psmserviceexthost.dll+19e3b|C:\\windows\\SYSTEM32\\psmserviceexthost.dll+19318|C:\\windows\\SYSTEM32\\ntdll.dll+3081d|C:\\windows\\SYSTEM32\\ntdll.dll+345b4|C:\\windows\\System32\\KERNEL32.DLL+17c24|C:\\windows\\SYSTEM32\\ntdll.dll+6cea1","UtcTime":"2020-10-30 00:23:19.042","TargetProcessGUID":"{14475cd4-509f-5f9b-5c00-000000000500}","SourceProcessId":"948","Level":"4","Channel":"Microsoft-Windows-Sysmon/Operational","Task":"10","RuleName":"-","SourceName":"Microsoft-Windows-Sysmon","Hostname":"WORKSTATION5.theshire.local","SourceProcessGUID":"{14475cd4-509a-5f9b-1000-000000000500}","TargetProcessId":"3916","EventID":10,"Keywords":"0x8000000000000000","TargetImage":"C:\\windows\\System32\\svchost.exe","Message":"Process accessed:\r\nRuleName: -\r\nUtcTime: 2020-10-30 00:23:19.042\r\nSourceProcessGUID: {14475cd4-509a-5f9b-1000-000000000500}\r\nSourceProcessId: 948\r\nSourceThreadId: 8100\r\nSourceImage: C:\\windows\\system32\\svchost.exe\r\nTargetProcessGUID: {14475cd4-509f-5f9b-5c00-000000000500}\r\nTargetProcessId: 3916\r\nTargetImage: C:\\windows\\System32\\svchost.exe\r\nGrantedAccess: 0x1000\r\nCallTrace: C:\\windows\\SYSTEM32\\ntdll.dll+9c584|C:\\windows\\SYSTEM32\\psmserviceexthost.dll+222a3|C:\\windows\\SYSTEM32\\psmserviceexthost.dll+1a172|C:\\windows\\SYSTEM32\\psmserviceexthost.dll+19e3b|C:\\windows\\SYSTEM32\\psmserviceexthost.dll+19318|C:\\windows\\SYSTEM32\\ntdll.dll+3081d|C:\\windows\\SYSTEM32\\ntdll.dll+345b4|C:\\windows\\System32\\KERNEL32.DLL+17c24|C:\\windows\\SYSTEM32\\ntdll.dll+6cea1"}
{"@timestamp":"2020-10-29T08:23:19.473Z","TimeCreated":"2020-10-29T08:23:19.473Z","ProviderGuid":"{5770385f-c22a-43e0-bf4c-06f5698ffbd9}","UtcTime":"2020-10-30 00:23:19.464","ProcessGuid":"{14475cd4-50e1-5f9b-b700-000000000500}","Image":"C:\\windows\\Explorer.EXE","Level":"4","Channel":"Microsoft-Windows-Sysmon/Operational","Task":"12","RuleName":"-","SourceName":"Microsoft-Windows-Sysmon","Hostname":"WORKSTATION5.theshire.local","ProcessId":"6640","EventType":"CreateKey","EventID":12,"Keywords":"0x8000000000000000","TargetObject":"HKU\\S-1-5-21-3140987116-517580383-2541594433-1104\\Software\\Microsoft\\Windows\\CurrentVersion\\Explorer\\FeatureUsage\\AppSwitched","Message":"Registry object added or deleted:\r\nRuleName: -\r\nEventType: CreateKey\r\nUtcTime: 2020-10-30 00:23:19.464\r\nProcessGuid: {14475cd4-50e1-5f9b-b700-000000000500}\r\nProcessId: 6640\r\nImage: C:\\windows\\Explorer.EXE\r\nTargetObject: HKU\\S-1-5-21-3140987116-517580383-2541594433-1104\\Software\\Microsoft\\Windows\\CurrentVersion\\Explorer\\FeatureUsage\\AppSwitched"}
{"@timestamp":"2020-10-29T08:23:19.474Z","TimeCreated":"2020-10-29T08:23:19.474Z","ProviderGuid":"{5770385f-c22a-43e0-bf4c-06f5698ffbd9}","UtcTime":"2020-10-30 00:23:19.464","ProcessGuid":"{14475cd4-50e1-5f9b-b700-000000000500}","Image":"C:\\windows\\Explorer.EXE","Level":"4","Channel":"Microsoft-Windows-Sysmon/Operational","Task":"13","RuleName":"-","SourceName":"Microsoft-Windows-Sysmon","Hostname":"WORKSTATION5.theshire.local","Details":"DWORD (0x0000001b)","ProcessId":"6640","EventType":"SetValue","EventID":13,"Keywords":"0x8000000000000000","TargetObject":"HKU\\S-1-5-21-3140987116-517580383-2541594433-1104\\Software\\Microsoft\\Windows\\CurrentVersion\\Explorer\\FeatureUsage\\AppSwitched\\{1AC14E77-02E7-4E5D-B744-2EB1AE5198B7}\\cmd.exe","Message":"Registry value set:\r\nRuleName: -\r\nEventType: SetValue\r\nUtcTime: 2020-10-30 00:23:19.464\r\nProcessGuid: {14475cd4-50e1-5f9b-b700-000000000500}\r\nProcessId: 6640\r\nImage: C:\\windows\\Explorer.EXE\r\nTargetObject: HKU\\S-1-5-21-3140987116-517580383-2541594433-1104\\Software\\Microsoft\\Windows\\CurrentVersion\\Explorer\\FeatureUsage\\AppSwitched\\{1AC14E77-02E7-4E5D-B744-2EB1AE5198B7}\\cmd.exe\r\nDetails: DWORD (0x0000001b)"}
{"GrantedAccess":"0x1000","@timestamp":"2020-10-29T08:23:19.481Z","TimeCreated":"2020-10-29T08:23:19.481Z","SourceThreadId":"6848","SourceImage":"C:\\windows\\Explorer.EXE","ProviderGuid":"{5770385f-c22a-43e0-bf4c-06f5698ffbd9}","CallTrace":"C:\\windows\\SYSTEM32\\ntdll.dll+9c584|C:\\windows\\System32\\KERNELBASE.dll+305fe|C:\\windows\\SYSTEM32\\TWINAPI.dll+6d4c|C:\\windows\\system32\\twinui.pcshell.dll+20880|C:\\windows\\system32\\twinui.pcshell.dll+20082|C:\\windows\\system32\\twinui.dll+1780b|C:\\windows\\system32\\twinui.dll+1734c|C:\\windows\\system32\\twinui.dll+68f7a|C:\\windows\\system32\\twinui.dll+16e09|C:\\windows\\system32\\twinui.dll+16f4b|C:\\windows\\system32\\twinui.dll+16ecd|C:\\windows\\System32\\USER32.dll+15c1d|C:\\windows\\System32\\USER32.dll+15612|C:\\Windows\\System32\\windows.immersiveshell.serviceprovider.dll+45f0|C:\\Windows\\System32\\windows.immersiveshell.serviceprovider.dll+41b9|C:\\Windows\\System32\\windows.immersiveshell.serviceprovider.dll+3e4f|C:\\windows\\System32\\KERNEL32.DLL+17c24|C:\\windows\\SYSTEM32\\ntdll.dll+6cea1","UtcTime":"2020-10-30 00:23:19.464","TargetProcessGUID":"{14475cd4-5cde-5f9b-7501-000000000500}","SourceProcessId":"6640","Level":"4","Channel":"Microsoft-Windows-Sysmon/Operational","Task":"10","RuleName":"-","SourceName":"Microsoft-Windows-Sysmon","Hostname":"WORKSTATION5.theshire.local","SourceProcessGUID":"{14475cd4-50e1-5f9b-b700-000000000500}","TargetProcessId":"7804","EventID":10,"Keywords":"0x8000000000000000","TargetImage":"C:\\windows\\system32\\cmd.exe","Message":"Process accessed:\r\nRuleName: -\r\nUtcTime: 2020-10-30 00:23:19.464\r\nSourceProcessGUID: {14475cd4-50e1-5f9b-b700-000000000500}\r\nSourceProcessId: 6640\r\nSourceThreadId: 6848\r\nSourceImage: C:\\windows\\Explorer.EXE\r\nTargetProcessGUID: {14475cd4-5cde-5f9b-7501-000000000500}\r\nTargetProcessId: 7804\r\nTargetImage: C:\\windows\\system32\\cmd.exe\r\nGrantedAccess: 0x1000\r\nCallTrace: C:\\windows\\SYSTEM32\\ntdll.dll+9c584|C:\\windows\\System32\\KERNELBASE.dll+305fe|C:\\windows\\SYSTEM32\\TWINAPI.dll+6d4c|C:\\windows\\system32\\twinui.pcshell.dll+20880|C:\\windows\\system32\\twinui.pcshell.dll+20082|C:\\windows\\system32\\twinui.dll+1780b|C:\\windows\\system32\\twinui.dll+1734c|C:\\windows\\system32\\twinui.dll+68f7a|C:\\windows\\system32\\twinui.dll+16e09|C:\\windows\\system32\\twinui.dll+16f4b|C:\\windows\\system32\\twinui.dll+16ecd|C:\\windows\\System32\\USER32.dll+15c1d|C:\\windows\\System32\\USER32.dll+15612|C:\\Windows\\System32\\windows.immersiveshell.serviceprovider.dll+45f0|C:\\Windows\\System32\\windows.immersiveshell.serviceprovider.dll+41b9|C:\\Windows\\System32\\windows.immersiveshell.serviceprovider.dll+3e4f|C:\\windows\\System32\\KERNEL32.DLL+17c24|C:\\windows\\SYSTEM32\\ntdll.dll+6cea1"}
{"GrantedAccess":"0x2000","@timestamp":"2020-10-29T08:23:19.481Z","TimeCreated":"2020-10-29T08:23:19.481Z","SourceThreadId":"6848","SourceImage":"C:\\windows\\Explorer.EXE","ProviderGuid":"{5770385f-c22a-43e0-bf4c-06f5698ffbd9}","CallTrace":"C:\\windows\\SYSTEM32\\ntdll.dll+9c584|C:\\windows\\System32\\KERNELBASE.dll+305fe|C:\\windows\\system32\\twinui.dll+72a89|C:\\windows\\system32\\twinui.dll+785b2|C:\\windows\\system32\\twinui.dll+1780b|C:\\windows\\system32\\twinui.dll+1734c|C:\\windows\\system32\\twinui.dll+68f7a|C:\\windows\\system32\\twinui.dll+16e09|C:\\windows\\system32\\twinui.dll+16f4b|C:\\windows\\system32\\twinui.dll+16ecd|C:\\windows\\System32\\USER32.dll+15c1d|C:\\windows\\System32\\USER32.dll+15612|C:\\Windows\\System32\\windows.immersiveshell.serviceprovider.dll+45f0|C:\\Windows\\System32\\windows.immersiveshell.serviceprovider.dll+41b9|C:\\Windows\\System32\\windows.immersiveshell.serviceprovider.dll+3e4f|C:\\windows\\System32\\KERNEL32.DLL+17c24|C:\\windows\\SYSTEM32\\ntdll.dll+6cea1","UtcTime":"2020-10-30 00:23:19.464","TargetProcessGUID":"{14475cd4-50fa-5f9b-e000-000000000500}","SourceProcessId":"6640","Level":"4","Channel":"Microsoft-Windows-Sysmon/Operational","Task":"10","RuleName":"-","SourceName":"Microsoft-Windows-Sysmon","Hostname":"WORKSTATION5.theshire.local","SourceProcessGUID":"{14475cd4-50e1-5f9b-b700-000000000500}","TargetProcessId":"4884","EventID":10,"Keywords":"0x8000000000000000","TargetImage":"C:\\Windows\\SystemApps\\InputApp_cw5n1h2txyewy\\WindowsInternal.ComposableShell.Experiences.TextInput.InputApp.exe","Message":"Process accessed:\r\nRuleName: -\r\nUtcTime: 2020-10-30 00:23:19.464\r\nSourceProcessGUID: {14475cd4-50e1-5f9b-b700-000000000500}\r\nSourceProcessId: 6640\r\nSourceThreadId: 6848\r\nSourceImage: C:\\windows\\Explorer.EXE\r\nTargetProcessGUID: {14475cd4-50fa-5f9b-e000-000000000500}\r\nTargetProcessId: 4884\r\nTargetImage: C:\\Windows\\SystemApps\\InputApp_cw5n1h2txyewy\\WindowsInternal.ComposableShell.Experiences.TextInput.InputApp.exe\r\nGrantedAccess: 0x2000\r\nCallTrace: C:\\windows\\SYSTEM32\\ntdll.dll+9c584|C:\\windows\\System32\\KERNELBASE.dll+305fe|C:\\windows\\system32\\twinui.dll+72a89|C:\\windows\\system32\\twinui.dll+785b2|C:\\windows\\system32\\twinui.dll+1780b|C:\\windows\\system32\\twinui.dll+1734c|C:\\windows\\system32\\twinui.dll+68f7a|C:\\windows\\system32\\twinui.dll+16e09|C:\\windows\\system32\\twinui.dll+16f4b|C:\\windows\\system32\\twinui.dll+16ecd|C:\\windows\\System32\\USER32.dll+15c1d|C:\\windows\\System32\\USER32.dll+15612|C:\\Windows\\System32\\windows.immersiveshell.serviceprovider.dll+45f0|C:\\Windows\\System32\\windows.immersiveshell.serviceprovider.dll+41b9|C:\\Windows\\System32\\windows.immersiveshell.serviceprovider.dll+3e4f|C:\\windows\\System32\\KERNEL32.DLL+17c24|C:\\windows\\SYSTEM32\\ntdll.dll+6cea1"}
{"GrantedAccess":"0x1000","@timestamp":"2020-10-29T08:23:19.481Z","TimeCreated":"2020-10-29T08:23:19.481Z","SourceThreadId":"6880","SourceImage":"C:\\windows\\Explorer.EXE","ProviderGuid":"{5770385f-c22a-43e0-bf4c-06f5698ffbd9}","CallTrace":"C:\\windows\\SYSTEM32\\ntdll.dll+9c584|C:\\windows\\System32\\KERNELBASE.dll+305fe|C:\\Windows\\System32\\appresolver.dll+221c5|C:\\Windows\\System32\\appresolver.dll+1edcc|C:\\Windows\\System32\\appresolver.dll+1ecb7|C:\\windows\\Explorer.EXE+5b1a7|C:\\windows\\Explorer.EXE+5b0a4|C:\\windows\\Explorer.EXE+29a50|C:\\windows\\System32\\windows.storage.dll+16e1c4|C:\\windows\\System32\\windows.storage.dll+16de05|C:\\windows\\System32\\windows.storage.dll+16dce5|C:\\windows\\System32\\shcore.dll+31636|C:\\windows\\SYSTEM32\\ntdll.dll+2f655|C:\\windows\\SYSTEM32\\ntdll.dll+345b4|C:\\windows\\System32\\KERNEL32.DLL+17c24|C:\\windows\\SYSTEM32\\ntdll.dll+6cea1","UtcTime":"2020-10-30 00:23:19.464","TargetProcessGUID":"{14475cd4-5cde-5f9b-7501-000000000500}","SourceProcessId":"6640","Level":"4","Channel":"Microsoft-Windows-Sysmon/Operational","Task":"10","RuleName":"-","SourceName":"Microsoft-Windows-Sysmon","Hostname":"WORKSTATION5.theshire.local","SourceProcessGUID":"{14475cd4-50e1-5f9b-b700-000000000500}","TargetProcessId":"7804","EventID":10,"Keywords":"0x8000000000000000","TargetImage":"C:\\windows\\system32\\cmd.exe","Message":"Process accessed:\r\nRuleName: -\r\nUtcTime: 2020-10-30 00:23:19.464\r\nSourceProcessGUID: {14475cd4-50e1-5f9b-b700-000000000500}\r\nSourceProcessId: 6640\r\nSourceThreadId: 6880\r\nSourceImage: C:\\windows\\Explorer.EXE\r\nTargetProcessGUID: {14475cd4-5cde-5f9b-7501-000000000500}\r\nTargetProcessId: 7804\r\nTargetImage: C:\\windows\\system32\\cmd.exe\r\nGrantedAccess: 0x1000\r\nCallTrace: C:\\windows\\SYSTEM32\\ntdll.dll+9c584|C:\\windows\\System32\\KERNELBASE.dll+305fe|C:\\Windows\\System32\\appresolver.dll+221c5|C:\\Windows\\System32\\appresolver.dll+1edcc|C:\\Windows\\System32\\appresolver.dll+1ecb7|C:\\windows\\Explorer.EXE+5b1a7|C:\\windows\\Explorer.EXE+5b0a4|C:\\windows\\Explorer.EXE+29a50|C:\\windows\\System32\\windows.storage.dll+16e1c4|C:\\windows\\System32\\windows.storage.dll+16de05|C:\\windows\\System32\\windows.storage.dll+16dce5|C:\\windows\\System32\\shcore.dll+31636|C:\\windows\\SYSTEM32\\ntdll.dll+2f655|C:\\windows\\SYSTEM32\\ntdll.dll+345b4|C:\\windows\\System32\\KERNEL32.DLL+17c24|C:\\windows\\SYSTEM32\\ntdll.dll+6cea1"}
{"@timestamp":"2020-10-29T08:23:19.482Z","TimeCreated":"2020-10-29T08:23:19.482Z","ProviderGuid":"{5770385f-c22a-43e0-bf4c-06f5698ffbd9}","UtcTime":"2020-10-30 00:23:19.479","ProcessGuid":"{14475cd4-50e1-5f9b-b700-000000000500}","Image":"C:\\windows\\Explorer.EXE","Level":"4","Channel":"Microsoft-Windows-Sysmon/Operational","Task":"13","RuleName":"-","SourceName":"Microsoft-Windows-Sysmon","Hostname":"WORKSTATION5.theshire.local","Details":"Binary Data","ProcessId":"6640","EventType":"SetValue","EventID":13,"Keywords":"0x8000000000000000","TargetObject":"HKU\\S-1-5-21-3140987116-517580383-2541594433-1104\\Software\\Microsoft\\Windows\\CurrentVersion\\Explorer\\UserAssist\\{CEBFF5CD-ACE2-4F4F-9178-9926F41749EA}\\Count\\{1NP14R77-02R7-4R5Q-O744-2RO1NR5198O7}\\JvaqbjfCbjreFuryy\\i1.0\\cbjrefuryy.rkr","Message":"Registry value set:\r\nRuleName: -\r\nEventType: SetValue\r\nUtcTime: 2020-10-30 00:23:19.479\r\nProcessGuid: {14475cd4-50e1-5f9b-b700-000000000500}\r\nProcessId: 6640\r\nImage: C:\\windows\\Explorer.EXE\r\nTargetObject: HKU\\S-1-5-21-3140987116-517580383-2541594433-1104\\Software\\Microsoft\\Windows\\CurrentVersion\\Explorer\\UserAssist\\{CEBFF5CD-ACE2-4F4F-9178-9926F41749EA}\\Count\\{1NP14R77-02R7-4R5Q-O744-2RO1NR5198O7}\\JvaqbjfCbjreFuryy\\i1.0\\cbjrefuryy.rkr\r\nDetails: Binary Data"}
