{"@timestamp":"2020-11-02T04:39:11.853Z","TimeCreated":"2020-11-02T04:39:11.853Z","Hashes":"SHA1=30D5ADBC0664977C27B65622F514632581C9AF45,MD5=07B027B1E0B775FAE815E487F28137B9,SHA256=21358CE9A416C7F6DB063095102E91F014BDB85B08A4E783E17234792C9B483A,IMPHASH=817FF4748665EB442F0081A91349F764","Signature":"Microsoft Windows","ProviderGuid":"{5770385f-c22a-43e0-bf4c-06f5698ffbd9}","Company":"Microsoft Corporation","UtcTime":"2020-11-02 21:39:11.848","ProcessGuid":"{39e4a257-7c7f-5fa0-c34c-000000000700}","Image":"C:\\Users\\wardog\\Desktop\\Seatbelt.exe","ImageLoaded":"C:\\Windows\\System32\\powrprof.dll","Level":"4","Channel":"Microsoft-Windows-Sysmon/Operational","Task":"7","RuleName":"-","FileVersion":"10.0.18362.1 (WinBuild.160101.0800)","SourceName":"Microsoft-Windows-Sysmon","Hostname":"WORKSTATION5","ProcessId":"12036","Description":"Power Profile Helper DLL","SignatureStatus":"Valid","Product":"Microsoft Windows Operating System","EventID":7,"Keywords":"0x8000000000000000","Signed":"true","OriginalFileName":"POWRPROF.DLL","Message":"Image loaded:\r\nRuleName: -\r\nUtcTime: 2020-11-02 21:39:11.848\r\nProcessGuid: {39e4a257-7c7f-5fa0-c34c-000000000700}\r\nProcessId: 12036\r\nImage: C:\\Users\\wardog\\Desktop\\Seatbelt.exe\r\nImageLoaded: C:\\Windows\\System32\\powrprof.dll\r\nFileVersion: 10.0.18362.1 (WinBuild.160101.0800)\r\nDescription: Power Profile Helper DLL\r\nProduct: Microsoft Windows Operating System\r\nCompany: Microsoft Corporation\r\nOriginalFileName: POWRPROF.DLL\r\nHashes: SHA1=30D5ADBC0664977C27B65622F514632581C9AF45,MD5=07B027B1E0B775FAE815E487F28137B9,SHA256=21358CE9A416C7F6DB063095102E91F014BDB85B08A4E783E17234792C9B483A,IMPHASH=817FF4748665EB442F0081A91349F764\r\nSigned: true\r\nSignature: Microsoft Windows\r\nSignatureStatus: Valid"}
{"@timestamp":"2020-11-02T04:39:11.854Z","TimeCreated":"2020-11-02T04:39:11.854Z","Hashes":"SHA1=6ABB78FB1614C12E3E9FFF3DE98B0E13E79201D9,MD5=B9A75ED4500DD953DF172FE6F63578E8,SHA256=709B99BA1DFEF6D9B2483F37D242B12F29B1E1ADE13E338B4D7041C55B55204B,IMPHASH=5A0FF5293A05BFEBAE6F2C9C302FC5E7","Signature":"Microsoft Windows","ProviderGuid":"{5770385f-c22a-43e0-bf4c-06f5698ffbd9}","Company":"-","UtcTime":"2020-11-02 21:39:11.848","ProcessGuid":"{39e4a257-7c7f-5fa0-c34c-000000000700}","Image":"C:\\Users\\wardog\\Desktop\\Seatbelt.exe","ImageLoaded":"C:\\Windows\\System32\\umpdc.dll","Level":"4","Channel":"Microsoft-Windows-Sysmon/Operational","Task":"7","RuleName":"-","FileVersion":"-","SourceName":"Microsoft-Windows-Sysmon","Hostname":"WORKSTATION5","ProcessId":"12036","Description":"-","SignatureStatus":"Valid","Product":"-","EventID":7,"Keywords":"0x8000000000000000","Signed":"true","OriginalFileName":"-","Message":"Image loaded:\r\nRuleName: -\r\nUtcTime: 2020-11-02 21:39:11.848\r\nProcessGuid: {39e4a257-7c7f-5fa0-c34c-000000000700}\r\nProcessId: 12036\r\nImage: C:\\Users\\wardog\\Desktop\\Seatbelt.exe\r\nImageLoaded: C:\\Windows\\System32\\umpdc.dll\r\nFileVersion: -\r\nDescription: -\r\nProduct: -\r\nCompany: -\r\nOriginalFileName: -\r\nHashes: SHA1=6ABB78FB1614C12E3E9FFF3DE98B0E13E79201D9,MD5=B9A75ED4500DD953DF172FE6F63578E8,SHA256=709B99BA1DFEF6D9B2483F37D242B12F29B1E1ADE13E338B4D7041C55B55204B,IMPHASH=5A0FF5293A05BFEBAE6F2C9C302FC5E7\r\nSigned: true\r\nSignature: Microsoft Windows\r\nSignatureStatus: Valid"}
{"@timestamp":"2020-11-02T04:39:11.854Z","TimeCreated":"2020-11-02T04:39:11.854Z","Hashes":"SHA1=90F229FB5DB52DF3604195B10C48E946684929ED,MD5=ACE18C6797090A1AA259BB8713917F98,SHA256=F5E118F67745792909973717FAE1F9FE68B2619332A4451AD04E0C9072B8D605,IMPHASH=A9B9D04D0B53DC48ABB37BE77AD01B55","Signature":"Microsoft Windows","ProviderGuid":"{5770385f-c22a-43e0-bf4c-06f5698ffbd9}","Company":"Microsoft Corporation","UtcTime":"2020-11-02 21:39:11.848","ProcessGuid":"{39e4a257-7c7f-5fa0-c34c-000000000700}","Image":"C:\\Users\\wardog\\Desktop\\Seatbelt.exe","ImageLoaded":"C:\\Windows\\System32\\cryptsp.dll","Level":"4","Channel":"Microsoft-Windows-Sysmon/Operational","Task":"7","RuleName":"-","FileVersion":"10.0.18362.1 (WinBuild.160101.0800)","SourceName":"Microsoft-Windows-Sysmon","Hostname":"WORKSTATION5","ProcessId":"12036","Description":"Cryptographic Service Provider API","SignatureStatus":"Valid","Product":"Microsoft Windows Operating System","EventID":7,"Keywords":"0x8000000000000000","Signed":"true","OriginalFileName":"cryptsp.dll","Message":"Image loaded:\r\nRuleName: -\r\nUtcTime: 2020-11-02 21:39:11.848\r\nProcessGuid: {39e4a257-7c7f-5fa0-c34c-000000000700}\r\nProcessId: 12036\r\nImage: C:\\Users\\wardog\\Desktop\\Seatbelt.exe\r\nImageLoaded: C:\\Windows\\System32\\cryptsp.dll\r\nFileVersion: 10.0.18362.1 (WinBuild.160101.0800)\r\nDescription: Cryptographic Service Provider API\r\nProduct: Microsoft Windows Operating System\r\nCompany: Microsoft Corporation\r\nOriginalFileName: cryptsp.dll\r\nHashes: SHA1=90F229FB5DB52DF3604195B10C48E946684929ED,MD5=ACE18C6797090A1AA259BB8713917F98,SHA256=F5E118F67745792909973717FAE1F9FE68B2619332A4451AD04E0C9072B8D605,IMPHASH=A9B9D04D0B53DC48ABB37BE77AD01B55\r\nSigned: true\r\nSignature: Microsoft Windows\r\nSignatureStatus: Valid"}
{"GrantedAccess":"0x1000","@timestamp":"2020-11-02T04:39:11.866Z","TimeCreated":"2020-11-02T04:39:11.866Z","SourceThreadId":"4836","SourceImage":"C:\\windows\\system32\\lsass.exe","ProviderGuid":"{5770385f-c22a-43e0-bf4c-06f5698ffbd9}","CallTrace":"C:\\windows\\SYSTEM32\\ntdll.dll+9c584|C:\\windows\\System32\\KERNELBASE.dll+305fe|C:\\windows\\system32\\lsasrv.dll+34eb2|C:\\windows\\system32\\lsasrv.dll+34cc7|C:\\windows\\system32\\lsasrv.dll+34c29|C:\\windows\\System32\\RPCRT4.dll+76a63|C:\\windows\\System32\\RPCRT4.dll+da036|C:\\windows\\System32\\RPCRT4.dll+37b7c|C:\\windows\\System32\\RPCRT4.dll+549f8|C:\\windows\\System32\\RPCRT4.dll+2c9b1|C:\\windows\\System32\\RPCRT4.dll+2c26b|C:\\windows\\System32\\RPCRT4.dll+1a8cf|C:\\windows\\System32\\RPCRT4.dll+19d7a|C:\\windows\\System32\\RPCRT4.dll+19361|C:\\windows\\System32\\RPCRT4.dll+18dce|C:\\windows\\System32\\RPCRT4.dll+16a05|C:\\windows\\SYSTEM32\\ntdll.dll+333ed|C:\\windows\\SYSTEM32\\ntdll.dll+34142|C:\\windows\\System32\\KERNEL32.DLL+17c24|C:\\windows\\SYSTEM32\\ntdll.dll+6cea1","UtcTime":"2020-11-02 21:39:11.863","TargetProcessGUID":"{39e4a257-7c7f-5fa0-c34c-000000000700}","SourceProcessId":"756","Level":"4","Channel":"Microsoft-Windows-Sysmon/Operational","Task":"10","RuleName":"-","SourceName":"Microsoft-Windows-Sysmon","Hostname":"WORKSTATION5","SourceProcessGUID":"{39e4a257-f131-5f8b-0c00-000000000700}","TargetProcessId":"12036","EventID":10,"Keywords":"0x8000000000000000","TargetImage":"C:\\Users\\wardog\\Desktop\\Seatbelt.exe","Message":"Process accessed:\r\nRuleName: -\r\nUtcTime: 2020-11-02 21:39:11.863\r\nSourceProcessGUID: {39e4a257-f131-5f8b-0c00-000000000700}\r\nSourceProcessId: 756\r\nSourceThreadId: 4836\r\nSourceImage: C:\\windows\\system32\\lsass.exe\r\nTargetProcessGUID: {39e4a257-7c7f-5fa0-c34c-000000000700}\r\nTargetProcessId: 12036\r\nTargetImage: C:\\Users\\wardog\\Desktop\\Seatbelt.exe\r\nGrantedAccess: 0x1000\r\nCallTrace: C:\\windows\\SYSTEM32\\ntdll.dll+9c584|C:\\windows\\System32\\KERNELBASE.dll+305fe|C:\\windows\\system32\\lsasrv.dll+34eb2|C:\\windows\\system32\\lsasrv.dll+34cc7|C:\\windows\\system32\\lsasrv.dll+34c29|C:\\windows\\System32\\RPCRT4.dll+76a63|C:\\windows\\System32\\RPCRT4.dll+da036|C:\\windows\\System32\\RPCRT4.dll+37b7c|C:\\windows\\System32\\RPCRT4.dll+549f8|C:\\windows\\System32\\RPCRT4.dll+2c9b1|C:\\windows\\System32\\RPCRT4.dll+2c26b|C:\\windows\\System32\\RPCRT4.dll+1a8cf|C:\\windows\\System32\\RPCRT4.dll+19d7a|C:\\windows\\System32\\RPCRT4.dll+19361|C:\\windows\\System32\\RPCRT4.dll+18dce|C:\\windows\\System32\\RPCRT4.dll+16a05|C:\\windows\\SYSTEM32\\ntdll.dll+333ed|C:\\windows\\SYSTEM32\\ntdll.dll+34142|C:\\windows\\System32\\KERNEL32.DLL+17c24|C:\\windows\\SYSTEM32\\ntdll.dll+6cea1"}
{"@timestamp":"2020-11-02T04:39:11.867Z","TimeCreated":"2020-11-02T04:39:11.867Z","Hashes":"SHA1=B6093663113CF33A76156CB3F6D4322514F00E4B,MD5=26887DE7D7D1928F52A452E3A63E55E8,SHA256=EA86D9754164CA2C01B4A7F81188B2490CEE1F350E177861A4702C92DFD6D066,IMPHASH=3F27E242D68FC14338677A25FAE441F7","Signature":"Microsoft Windows","ProviderGuid":"{5770385f-c22a-43e0-bf4c-06f5698ffbd9}","Company":"Microsoft Corporation","UtcTime":"2020-11-02 21:39:11.863","ProcessGuid":"{39e4a257-7c7f-5fa0-c34c-000000000700}","Image":"C:\\Users\\wardog\\Desktop\\Seatbelt.exe","ImageLoaded":"C:\\Windows\\System32\\cryptbase.dll","Level":"4","Channel":"Microsoft-Windows-Sysmon/Operational","Task":"7","RuleName":"-","FileVersion":"10.0.18362.1 (WinBuild.160101.0800)","SourceName":"Microsoft-Windows-Sysmon","Hostname":"WORKSTATION5","ProcessId":"12036","Description":"Base cryptographic API DLL","SignatureStatus":"Valid","Product":"Microsoft Windows Operating System","EventID":7,"Keywords":"0x8000000000000000","Signed":"true","OriginalFileName":"cryptbase.dll","Message":"Image loaded:\r\nRuleName: -\r\nUtcTime: 2020-11-02 21:39:11.863\r\nProcessGuid: {39e4a257-7c7f-5fa0-c34c-000000000700}\r\nProcessId: 12036\r\nImage: C:\\Users\\wardog\\Desktop\\Seatbelt.exe\r\nImageLoaded: C:\\Windows\\System32\\cryptbase.dll\r\nFileVersion: 10.0.18362.1 (WinBuild.160101.0800)\r\nDescription: Base cryptographic API DLL\r\nProduct: Microsoft Windows Operating System\r\nCompany: Microsoft Corporation\r\nOriginalFileName: cryptbase.dll\r\nHashes: SHA1=B6093663113CF33A76156CB3F6D4322514F00E4B,MD5=26887DE7D7D1928F52A452E3A63E55E8,SHA256=EA86D9754164CA2C01B4A7F81188B2490CEE1F350E177861A4702C92DFD6D066,IMPHASH=3F27E242D68FC14338677A25FAE441F7\r\nSigned: true\r\nSignature: Microsoft Windows\r\nSignatureStatus: Valid"}
{"GrantedAccess":"0x1000","@timestamp":"2020-11-02T04:39:12.033Z","TimeCreated":"2020-11-02T04:39:12.033Z","SourceThreadId":"10040","SourceImage":"C:\\windows\\system32\\svchost.exe","ProviderGuid":"{5770385f-c22a-43e0-bf4c-06f5698ffbd9}","CallTrace":"C:\\windows\\SYSTEM32\\ntdll.dll+9c584|C:\\windows\\System32\\KERNELBASE.dll+305fe|c:\\windows\\system32\\rpcss.dll+47d62|c:\\windows\\system32\\rpcss.dll+47d23|C:\\windows\\System32\\RPCRT4.dll+76a63|C:\\windows\\System32\\RPCRT4.dll+13653|C:\\windows\\System32\\RPCRT4.dll+1457a|C:\\windows\\System32\\RPCRT4.dll+549f8|C:\\windows\\System32\\RPCRT4.dll+2c9b1|C:\\windows\\System32\\RPCRT4.dll+2c26b|C:\\windows\\System32\\RPCRT4.dll+1a8cf|C:\\windows\\System32\\RPCRT4.dll+19d7a|C:\\windows\\System32\\RPCRT4.dll+19361|C:\\windows\\System32\\RPCRT4.dll+18dce|C:\\windows\\System32\\RPCRT4.dll+16a05|C:\\windows\\SYSTEM32\\ntdll.dll+333ed|C:\\windows\\SYSTEM32\\ntdll.dll+34142|C:\\windows\\System32\\KERNEL32.DLL+17c24|C:\\windows\\SYSTEM32\\ntdll.dll+6cea1","UtcTime":"2020-11-02 21:39:12.020","TargetProcessGUID":"{39e4a257-7c7f-5fa0-c34c-000000000700}","SourceProcessId":"944","Level":"4","Channel":"Microsoft-Windows-Sysmon/Operational","Task":"10","RuleName":"-","SourceName":"Microsoft-Windows-Sysmon","Hostname":"WORKSTATION5","SourceProcessGUID":"{39e4a257-f132-5f8b-1000-000000000700}","TargetProcessId":"12036","EventID":10,"Keywords":"0x8000000000000000","TargetImage":"C:\\Users\\wardog\\Desktop\\Seatbelt.exe","Message":"Process accessed:\r\nRuleName: -\r\nUtcTime: 2020-11-02 21:39:12.020\r\nSourceProcessGUID: {39e4a257-f132-5f8b-1000-000000000700}\r\nSourceProcessId: 944\r\nSourceThreadId: 10040\r\nSourceImage: C:\\windows\\system32\\svchost.exe\r\nTargetProcessGUID: {39e4a257-7c7f-5fa0-c34c-000000000700}\r\nTargetProcessId: 12036\r\nTargetImage: C:\\Users\\wardog\\Desktop\\Seatbelt.exe\r\nGrantedAccess: 0x1000\r\nCallTrace: C:\\windows\\SYSTEM32\\ntdll.dll+9c584|C:\\windows\\System32\\KERNELBASE.dll+305fe|c:\\windows\\system32\\rpcss.dll+47d62|c:\\windows\\system32\\rpcss.dll+47d23|C:\\windows\\System32\\RPCRT4.dll+76a63|C:\\windows\\System32\\RPCRT4.dll+13653|C:\\windows\\System32\\RPCRT4.dll+1457a|C:\\windows\\System32\\RPCRT4.dll+549f8|C:\\windows\\System32\\RPCRT4.dll+2c9b1|C:\\windows\\System32\\RPCRT4.dll+2c26b|C:\\windows\\System32\\RPCRT4.dll+1a8cf|C:\\windows\\System32\\RPCRT4.dll+19d7a|C:\\windows\\System32\\RPCRT4.dll+19361|C:\\windows\\System32\\RPCRT4.dll+18dce|C:\\windows\\System32\\RPCRT4.dll+16a05|C:\\windows\\SYSTEM32\\ntdll.dll+333ed|C:\\windows\\SYSTEM32\\ntdll.dll+34142|C:\\windows\\System32\\KERNEL32.DLL+17c24|C:\\windows\\SYSTEM32\\ntdll.dll+6cea1"}
{"GrantedAccess":"0x100000","@timestamp":"2020-11-02T04:39:12.033Z","TimeCreated":"2020-11-02T04:39:12.033Z","SourceThreadId":"12996","SourceImage":"C:\\windows\\system32\\svchost.exe","ProviderGuid":"{5770385f-c22a-43e0-bf4c-06f5698ffbd9}","CallTrace":"C:\\windows\\SYSTEM32\\ntdll.dll+9d154|C:\\windows\\System32\\RPCRT4.dll+2d354|c:\\windows\\system32\\rpcss.dll+314c9|c:\\windows\\system32\\rpcss.dll+30b5b|C:\\windows\\System32\\RPCRT4.dll+76a63|C:\\windows\\System32\\RPCRT4.dll+13653|C:\\windows\\System32\\RPCRT4.dll+1457a|C:\\windows\\System32\\RPCRT4.dll+549f8|C:\\windows\\System32\\RPCRT4.dll+2c9b1|C:\\windows\\System32\\RPCRT4.dll+2c26b|C:\\windows\\System32\\RPCRT4.dll+1a8cf|C:\\windows\\System32\\RPCRT4.dll+19d7a|C:\\windows\\System32\\RPCRT4.dll+19361|C:\\windows\\System32\\RPCRT4.dll+18dce|C:\\windows\\System32\\RPCRT4.dll+16a05|C:\\windows\\SYSTEM32\\ntdll.dll+333ed|C:\\windows\\SYSTEM32\\ntdll.dll+34142|C:\\windows\\System32\\KERNEL32.DLL+17c24|C:\\windows\\SYSTEM32\\ntdll.dll+6cea1","UtcTime":"2020-11-02 21:39:12.020","TargetProcessGUID":"{39e4a257-7c7f-5fa0-c34c-000000000700}","SourceProcessId":"992","Level":"4","Channel":"Microsoft-Windows-Sysmon/Operational","Task":"10","RuleName":"-","SourceName":"Microsoft-Windows-Sysmon","Hostname":"WORKSTATION5","SourceProcessGUID":"{39e4a257-f132-5f8b-1100-000000000700}","TargetProcessId":"12036","EventID":10,"Keywords":"0x8000000000000000","TargetImage":"C:\\Users\\wardog\\Desktop\\Seatbelt.exe","Message":"Process accessed:\r\nRuleName: -\r\nUtcTime: 2020-11-02 21:39:12.020\r\nSourceProcessGUID: {39e4a257-f132-5f8b-1100-000000000700}\r\nSourceProcessId: 992\r\nSourceThreadId: 12996\r\nSourceImage: C:\\windows\\system32\\svchost.exe\r\nTargetProcessGUID: {39e4a257-7c7f-5fa0-c34c-000000000700}\r\nTargetProcessId: 12036\r\nTargetImage: C:\\Users\\wardog\\Desktop\\Seatbelt.exe\r\nGrantedAccess: 0x100000\r\nCallTrace: C:\\windows\\SYSTEM32\\ntdll.dll+9d154|C:\\windows\\System32\\RPCRT4.dll+2d354|c:\\windows\\system32\\rpcss.dll+314c9|c:\\windows\\system32\\rpcss.dll+30b5b|C:\\windows\\System32\\RPCRT4.dll+76a63|C:\\windows\\System32\\RPCRT4.dll+13653|C:\\windows\\System32\\RPCRT4.dll+1457a|C:\\windows\\System32\\RPCRT4.dll+549f8|C:\\windows\\System32\\RPCRT4.dll+2c9b1|C:\\windows\\System32\\RPCRT4.dll+2c26b|C:\\windows\\System32\\RPCRT4.dll+1a8cf|C:\\windows\\System32\\RPCRT4.dll+19d7a|C:\\windows\\System32\\RPCRT4.dll+19361|C:\\windows\\System32\\RPCRT4.dll+18dce|C:\\windows\\System32\\RPCRT4.dll+16a05|C:\\windows\\SYSTEM32\\ntdll.dll+333ed|C:\\windows\\SYSTEM32\\ntdll.dll+34142|C:\\windows\\System32\\KERNEL32.DLL+17c24|C:\\windows\\SYSTEM32\\ntdll.dll+6cea1"}
{"@timestamp":"2020-11-02T04:39:12.038Z","TimeCreated":"2020-11-02T04:39:12.038Z","Hashes":"SHA1=EEA36BA607E4A3CB78B8CE3EA94D2537F625D871,MD5=D047C1D9481B3A9B58C27AE6D6E6AF44,SHA256=2F2AF3505877F54A91BEAA5D13A435F1124228D8A935234090146B8E390EBAA0,IMPHASH=D862FCE5077DFE4E06485A219A56323D","Signature":"Microsoft Windows","ProviderGuid":"{5770385f-c22a-43e0-bf4c-06f5698ffbd9}","Company":"Microsoft Corporation","UtcTime":"2020-11-02 21:39:12.020","ProcessGuid":"{39e4a257-7c7f-5fa0-c34c-000000000700}","Image":"C:\\Users\\wardog\\Desktop\\Seatbelt.exe","ImageLoaded":"C:\\Windows\\System32\\sxs.dll","Level":"4","Channel":"Microsoft-Windows-Sysmon/Operational","Task":"7","RuleName":"-","FileVersion":"10.0.18362.1139 (WinBuild.160101.0800)","SourceName":"Microsoft-Windows-Sysmon","Hostname":"WORKSTATION5","ProcessId":"12036","Description":"Fusion 2.5","SignatureStatus":"Valid","Product":"Microsoft Windows Operating System","EventID":7,"Keywords":"0x8000000000000000","Signed":"true","OriginalFileName":"SXS.DLL","Message":"Image loaded:\r\nRuleName: -\r\nUtcTime: 2020-11-02 21:39:12.020\r\nProcessGuid: {39e4a257-7c7f-5fa0-c34c-000000000700}\r\nProcessId: 12036\r\nImage: C:\\Users\\wardog\\Desktop\\Seatbelt.exe\r\nImageLoaded: C:\\Windows\\System32\\sxs.dll\r\nFileVersion: 10.0.18362.1139 (WinBuild.160101.0800)\r\nDescription: Fusion 2.5\r\nProduct: Microsoft Windows Operating System\r\nCompany: Microsoft Corporation\r\nOriginalFileName: SXS.DLL\r\nHashes: SHA1=EEA36BA607E4A3CB78B8CE3EA94D2537F625D871,MD5=D047C1D9481B3A9B58C27AE6D6E6AF44,SHA256=2F2AF3505877F54A91BEAA5D13A435F1124228D8A935234090146B8E390EBAA0,IMPHASH=D862FCE5077DFE4E06485A219A56323D\r\nSigned: true\r\nSignature: Microsoft Windows\r\nSignatureStatus: Valid"}
{"@timestamp":"2020-11-02T04:39:12.040Z","TimeCreated":"2020-11-02T04:39:12.040Z","Hashes":"SHA1=62956D6FAEB4EC8EA54315A8E3CC15F06165AD57,MD5=3C9D22CAE173AD19806B6A016CD4CC28,SHA256=D95E7D07EA46D7D2AEFA01CD0A64CF266BE26D40FA6BE42F7CF60F6DEB8FBAF3,IMPHASH=64BAD10B75B987F62BF08E1852DE4022","Signature":"Microsoft Windows","ProviderGuid":"{5770385f-c22a-43e0-bf4c-06f5698ffbd9}","Company":"Microsoft Corporation","UtcTime":"2020-11-02 21:39:12.036","ProcessGuid":"{39e4a257-7c7f-5fa0-c34c-000000000700}","Image":"C:\\Users\\wardog\\Desktop\\Seatbelt.exe","ImageLoaded":"C:\\Windows\\System32\\uxtheme.dll","Level":"4","Channel":"Microsoft-Windows-Sysmon/Operational","Task":"7","RuleName":"-","FileVersion":"10.0.18362.449 (WinBuild.160101.0800)","SourceName":"Microsoft-Windows-Sysmon","Hostname":"WORKSTATION5","ProcessId":"12036","Description":"Microsoft UxTheme Library","SignatureStatus":"Valid","Product":"Microsoft Windows Operating System","EventID":7,"Keywords":"0x8000000000000000","Signed":"true","OriginalFileName":"UxTheme.dll","Message":"Image loaded:\r\nRuleName: -\r\nUtcTime: 2020-11-02 21:39:12.036\r\nProcessGuid: {39e4a257-7c7f-5fa0-c34c-000000000700}\r\nProcessId: 12036\r\nImage: C:\\Users\\wardog\\Desktop\\Seatbelt.exe\r\nImageLoaded: C:\\Windows\\System32\\uxtheme.dll\r\nFileVersion: 10.0.18362.449 (WinBuild.160101.0800)\r\nDescription: Microsoft UxTheme Library\r\nProduct: Microsoft Windows Operating System\r\nCompany: Microsoft Corporation\r\nOriginalFileName: UxTheme.dll\r\nHashes: SHA1=62956D6FAEB4EC8EA54315A8E3CC15F06165AD57,MD5=3C9D22CAE173AD19806B6A016CD4CC28,SHA256=D95E7D07EA46D7D2AEFA01CD0A64CF266BE26D40FA6BE42F7CF60F6DEB8FBAF3,IMPHASH=64BAD10B75B987F62BF08E1852DE4022\r\nSigned: true\r\nSignature: Microsoft Windows\r\nSignatureStatus: Valid"}
{"GrantedAccess":"0x1478","@timestamp":"2020-11-02T04:39:12.040Z","TimeCreated":"2020-11-02T04:39:12.040Z","SourceThreadId":"2236","SourceImage":"C:\\windows\\System32\\svchost.exe","ProviderGuid":"{5770385f-c22a-43e0-bf4c-06f5698ffbd9}","CallTrace":"C:\\windows\\SYSTEM32\\ntdll.dll+9c584|c:\\windows\\system32\\themeservice.dll+1a9a|c:\\windows\\system32\\themeservice.dll+1736|c:\\windows\\system32\\themeservice.dll+6026|c:\\windows\\system32\\themeservice.dll+ad9a|c:\\windows\\system32\\themeservice.dll+9dcf|C:\\windows\\System32\\svchost.exe+314c|C:\\windows\\System32\\sechost.dll+2de2|C:\\windows\\System32\\KERNEL32.DLL+17c24|C:\\windows\\SYSTEM32\\ntdll.dll+6cea1","UtcTime":"2020-11-02 21:39:12.036","TargetProcessGUID":"{39e4a257-7c7f-5fa0-c34c-000000000700}","SourceProcessId":"2064","Level":"4","Channel":"Microsoft-Windows-Sysmon/Operational","Task":"10","RuleName":"-","SourceName":"Microsoft-Windows-Sysmon","Hostname":"WORKSTATION5","SourceProcessGUID":"{39e4a257-f133-5f8b-3400-000000000700}","TargetProcessId":"12036","EventID":10,"Keywords":"0x8000000000000000","TargetImage":"C:\\Users\\wardog\\Desktop\\Seatbelt.exe","Message":"Process accessed:\r\nRuleName: -\r\nUtcTime: 2020-11-02 21:39:12.036\r\nSourceProcessGUID: {39e4a257-f133-5f8b-3400-000000000700}\r\nSourceProcessId: 2064\r\nSourceThreadId: 2236\r\nSourceImage: C:\\windows\\System32\\svchost.exe\r\nTargetProcessGUID: {39e4a257-7c7f-5fa0-c34c-000000000700}\r\nTargetProcessId: 12036\r\nTargetImage: C:\\Users\\wardog\\Desktop\\Seatbelt.exe\r\nGrantedAccess: 0x1478\r\nCallTrace: C:\\windows\\SYSTEM32\\ntdll.dll+9c584|c:\\windows\\system32\\themeservice.dll+1a9a|c:\\windows\\system32\\themeservice.dll+1736|c:\\windows\\system32\\themeservice.dll+6026|c:\\windows\\system32\\themeservice.dll+ad9a|c:\\windows\\system32\\themeservice.dll+9dcf|C:\\windows\\System32\\svchost.exe+314c|C:\\windows\\System32\\sechost.dll+2de2|C:\\windows\\System32\\KERNEL32.DLL+17c24|C:\\windows\\SYSTEM32\\ntdll.dll+6cea1"}
{"@timestamp":"2020-11-02T04:39:12.048Z","TimeCreated":"2020-11-02T04:39:12.048Z","Hashes":"SHA1=7DE7C7E87CFA639E8C4DF269E38FB69A391D6790,MD5=4B179D7C6AA9424831847BA6BACDB260,SHA256=F0541B07D7B00C8D09BC72DF7E2D974F83482E42CD88B4E8260B832B7A71682E,IMPHASH=70F94828FF194145825265FE7BA88C95","Signature":"Microsoft Windows","ProviderGuid":"{5770385f-c22a-43e0-bf4c-06f5698ffbd9}","Company":"Microsoft Corporation","UtcTime":"2020-11-02 21:39:12.020","ProcessGuid":"{39e4a257-7c7f-5fa0-c34c-000000000700}","Image":"C:\\Users\\wardog\\Desktop\\Seatbelt.exe","ImageLoaded":"C:\\Windows\\System32\\clbcatq.dll","Level":"4","Channel":"Microsoft-Windows-Sysmon/Operational","Task":"7","RuleName":"-","FileVersion":"2001.12.10941.16384 (WinBuild.160101.0800)","SourceName":"Microsoft-Windows-Sysmon","Hostname":"WORKSTATION5","ProcessId":"12036","Description":"COM+ Configuration Catalog","SignatureStatus":"Valid","Product":"Microsoft Windows Operating System","EventID":7,"Keywords":"0x8000000000000000","Signed":"true","OriginalFileName":"CLBCATQ.DLL","Message":"Image loaded:\r\nRuleName: -\r\nUtcTime: 2020-11-02 21:39:12.020\r\nProcessGuid: {39e4a257-7c7f-5fa0-c34c-000000000700}\r\nProcessId: 12036\r\nImage: C:\\Users\\wardog\\Desktop\\Seatbelt.exe\r\nImageLoaded: C:\\Windows\\System32\\clbcatq.dll\r\nFileVersion: 2001.12.10941.16384 (WinBuild.160101.0800)\r\nDescription: COM+ Configuration Catalog\r\nProduct: Microsoft Windows Operating System\r\nCompany: Microsoft Corporation\r\nOriginalFileName: CLBCATQ.DLL\r\nHashes: SHA1=7DE7C7E87CFA639E8C4DF269E38FB69A391D6790,MD5=4B179D7C6AA9424831847BA6BACDB260,SHA256=F0541B07D7B00C8D09BC72DF7E2D974F83482E42CD88B4E8260B832B7A71682E,IMPHASH=70F94828FF194145825265FE7BA88C95\r\nSigned: true\r\nSignature: Microsoft Windows\r\nSignatureStatus: Valid"}
{"GrantedAccess":"0x1400","@timestamp":"2020-11-02T04:39:12.049Z","TimeCreated":"2020-11-02T04:39:12.049Z","SourceThreadId":"1604","SourceImage":"C:\\windows\\System32\\svchost.exe","ProviderGuid":"{5770385f-c22a-43e0-bf4c-06f5698ffbd9}","CallTrace":"C:\\windows\\SYSTEM32\\ntdll.dll+9c584|c:\\windows\\system32\\themeservice.dll+1d60|c:\\windows\\system32\\themeservice.dll+1595|c:\\windows\\system32\\themeservice.dll+1461|c:\\windows\\system32\\themeservice.dll+1886|C:\\windows\\SYSTEM32\\ntdll.dll+2f655|C:\\windows\\SYSTEM32\\ntdll.dll+345b4|C:\\windows\\System32\\KERNEL32.DLL+17c24|C:\\windows\\SYSTEM32\\ntdll.dll+6cea1","UtcTime":"2020-11-02 21:39:12.036","TargetProcessGUID":"{39e4a257-7c7f-5fa0-c34c-000000000700}","SourceProcessId":"2064","Level":"4","Channel":"Microsoft-Windows-Sysmon/Operational","Task":"10","RuleName":"-","SourceName":"Microsoft-Windows-Sysmon","Hostname":"WORKSTATION5","SourceProcessGUID":"{39e4a257-f133-5f8b-3400-000000000700}","TargetProcessId":"12036","EventID":10,"Keywords":"0x8000000000000000","TargetImage":"C:\\Users\\wardog\\Desktop\\Seatbelt.exe","Message":"Process accessed:\r\nRuleName: -\r\nUtcTime: 2020-11-02 21:39:12.036\r\nSourceProcessGUID: {39e4a257-f133-5f8b-3400-000000000700}\r\nSourceProcessId: 2064\r\nSourceThreadId: 1604\r\nSourceImage: C:\\windows\\System32\\svchost.exe\r\nTargetProcessGUID: {39e4a257-7c7f-5fa0-c34c-000000000700}\r\nTargetProcessId: 12036\r\nTargetImage: C:\\Users\\wardog\\Desktop\\Seatbelt.exe\r\nGrantedAccess: 0x1400\r\nCallTrace: C:\\windows\\SYSTEM32\\ntdll.dll+9c584|c:\\windows\\system32\\themeservice.dll+1d60|c:\\windows\\system32\\themeservice.dll+1595|c:\\windows\\system32\\themeservice.dll+1461|c:\\windows\\system32\\themeservice.dll+1886|C:\\windows\\SYSTEM32\\ntdll.dll+2f655|C:\\windows\\SYSTEM32\\ntdll.dll+345b4|C:\\windows\\System32\\KERNEL32.DLL+17c24|C:\\windows\\SYSTEM32\\ntdll.dll+6cea1"}
{"GrantedAccess":"0x2000","@timestamp":"2020-11-02T04:39:12.052Z","TimeCreated":"2020-11-02T04:39:12.052Z","SourceThreadId":"5388","SourceImage":"C:\\windows\\Explorer.EXE","ProviderGuid":"{5770385f-c22a-43e0-bf4c-06f5698ffbd9}","CallTrace":"C:\\windows\\SYSTEM32\\ntdll.dll+9c584|C:\\windows\\System32\\KERNELBASE.dll+305fe|C:\\windows\\system32\\twinui.dll+72a89|C:\\windows\\SYSTEM32\\ntdll.dll+30729|C:\\windows\\SYSTEM32\\ntdll.dll+345b4|C:\\windows\\System32\\KERNEL32.DLL+17c24|C:\\windows\\SYSTEM32\\ntdll.dll+6cea1","UtcTime":"2020-11-02 21:39:12.051","TargetProcessGUID":"{39e4a257-f247-5f8b-d300-000000000700}","SourceProcessId":"1072","Level":"4","Channel":"Microsoft-Windows-Sysmon/Operational","Task":"10","RuleName":"-","SourceName":"Microsoft-Windows-Sysmon","Hostname":"WORKSTATION5","SourceProcessGUID":"{39e4a257-f1b3-5f8b-a700-000000000700}","TargetProcessId":"4368","EventID":10,"Keywords":"0x8000000000000000","TargetImage":"C:\\Windows\\SystemApps\\InputApp_cw5n1h2txyewy\\WindowsInternal.ComposableShell.Experiences.TextInput.InputApp.exe","Message":"Process accessed:\r\nRuleName: -\r\nUtcTime: 2020-11-02 21:39:12.051\r\nSourceProcessGUID: {39e4a257-f1b3-5f8b-a700-000000000700}\r\nSourceProcessId: 1072\r\nSourceThreadId: 5388\r\nSourceImage: C:\\windows\\Explorer.EXE\r\nTargetProcessGUID: {39e4a257-f247-5f8b-d300-000000000700}\r\nTargetProcessId: 4368\r\nTargetImage: C:\\Windows\\SystemApps\\InputApp_cw5n1h2txyewy\\WindowsInternal.ComposableShell.Experiences.TextInput.InputApp.exe\r\nGrantedAccess: 0x2000\r\nCallTrace: C:\\windows\\SYSTEM32\\ntdll.dll+9c584|C:\\windows\\System32\\KERNELBASE.dll+305fe|C:\\windows\\system32\\twinui.dll+72a89|C:\\windows\\SYSTEM32\\ntdll.dll+30729|C:\\windows\\SYSTEM32\\ntdll.dll+345b4|C:\\windows\\System32\\KERNEL32.DLL+17c24|C:\\windows\\SYSTEM32\\ntdll.dll+6cea1"}
{"GrantedAccess":"0x2000","@timestamp":"2020-11-02T04:39:12.052Z","TimeCreated":"2020-11-02T04:39:12.052Z","SourceThreadId":"5388","SourceImage":"C:\\windows\\Explorer.EXE","ProviderGuid":"{5770385f-c22a-43e0-bf4c-06f5698ffbd9}","CallTrace":"C:\\windows\\SYSTEM32\\ntdll.dll+9c584|C:\\windows\\System32\\KERNELBASE.dll+305fe|C:\\windows\\system32\\twinui.dll+72a89|C:\\windows\\SYSTEM32\\ntdll.dll+30729|C:\\windows\\SYSTEM32\\ntdll.dll+345b4|C:\\windows\\System32\\KERNEL32.DLL+17c24|C:\\windows\\SYSTEM32\\ntdll.dll+6cea1","UtcTime":"2020-11-02 21:39:12.051","TargetProcessGUID":"{39e4a257-7a5f-5fa0-b74c-000000000700}","SourceProcessId":"1072","Level":"4","Channel":"Microsoft-Windows-Sysmon/Operational","Task":"10","RuleName":"-","SourceName":"Microsoft-Windows-Sysmon","Hostname":"WORKSTATION5","SourceProcessGUID":"{39e4a257-f1b3-5f8b-a700-000000000700}","TargetProcessId":"12360","EventID":10,"Keywords":"0x8000000000000000","TargetImage":"C:\\windows\\system32\\cmd.exe","Message":"Process accessed:\r\nRuleName: -\r\nUtcTime: 2020-11-02 21:39:12.051\r\nSourceProcessGUID: {39e4a257-f1b3-5f8b-a700-000000000700}\r\nSourceProcessId: 1072\r\nSourceThreadId: 5388\r\nSourceImage: C:\\windows\\Explorer.EXE\r\nTargetProcessGUID: {39e4a257-7a5f-5fa0-b74c-000000000700}\r\nTargetProcessId: 12360\r\nTargetImage: C:\\windows\\system32\\cmd.exe\r\nGrantedAccess: 0x2000\r\nCallTrace: C:\\windows\\SYSTEM32\\ntdll.dll+9c584|C:\\windows\\System32\\KERNELBASE.dll+305fe|C:\\windows\\system32\\twinui.dll+72a89|C:\\windows\\SYSTEM32\\ntdll.dll+30729|C:\\windows\\SYSTEM32\\ntdll.dll+345b4|C:\\windows\\System32\\KERNEL32.DLL+17c24|C:\\windows\\SYSTEM32\\ntdll.dll+6cea1"}
{"GrantedAccess":"0x2000","@timestamp":"2020-11-02T04:39:12.053Z","TimeCreated":"2020-11-02T04:39:12.053Z","SourceThreadId":"5388","SourceImage":"C:\\windows\\Explorer.EXE","ProviderGuid":"{5770385f-c22a-43e0-bf4c-06f5698ffbd9}","CallTrace":"C:\\windows\\SYSTEM32\\ntdll.dll+9c584|C:\\windows\\System32\\KERNELBASE.dll+305fe|C:\\windows\\system32\\twinui.dll+72a89|C:\\windows\\SYSTEM32\\ntdll.dll+30729|C:\\windows\\SYSTEM32\\ntdll.dll+345b4|C:\\windows\\System32\\KERNEL32.DLL+17c24|C:\\windows\\SYSTEM32\\ntdll.dll+6cea1","UtcTime":"2020-11-02 21:39:12.051","TargetProcessGUID":"{39e4a257-cdae-5f9f-ff49-000000000700}","SourceProcessId":"1072","Level":"4","Channel":"Microsoft-Windows-Sysmon/Operational","Task":"10","RuleName":"-","SourceName":"Microsoft-Windows-Sysmon","Hostname":"WORKSTATION5","SourceProcessGUID":"{39e4a257-f1b3-5f8b-a700-000000000700}","TargetProcessId":"1160","EventID":10,"Keywords":"0x8000000000000000","TargetImage":"C:\\Windows\\System32\\WindowsPowerShell\\v1.0\\powershell.exe","Message":"Process accessed:\r\nRuleName: -\r\nUtcTime: 2020-11-02 21:39:12.051\r\nSourceProcessGUID: {39e4a257-f1b3-5f8b-a700-000000000700}\r\nSourceProcessId: 1072\r\nSourceThreadId: 5388\r\nSourceImage: C:\\windows\\Explorer.EXE\r\nTargetProcessGUID: {39e4a257-cdae-5f9f-ff49-000000000700}\r\nTargetProcessId: 1160\r\nTargetImage: C:\\Windows\\System32\\WindowsPowerShell\\v1.0\\powershell.exe\r\nGrantedAccess: 0x2000\r\nCallTrace: C:\\windows\\SYSTEM32\\ntdll.dll+9c584|C:\\windows\\System32\\KERNELBASE.dll+305fe|C:\\windows\\system32\\twinui.dll+72a89|C:\\windows\\SYSTEM32\\ntdll.dll+30729|C:\\windows\\SYSTEM32\\ntdll.dll+345b4|C:\\windows\\System32\\KERNEL32.DLL+17c24|C:\\windows\\SYSTEM32\\ntdll.dll+6cea1"}
{"@timestamp":"2020-11-02T04:39:12.059Z","TimeCreated":"2020-11-02T04:39:12.059Z","Hashes":"SHA1=35C3365E5F385CB7025DC51D1359BC92CEACB8F4,MD5=81CC27927690AC3A552D92269CBA4899,SHA256=49C1A7FFB5DC382E35F19C1771A0B43120BBB4159EE5BFE23E0410A76A36D68A,IMPHASH=F010E2DB51A2E86CCF6052A1ACC0854F","Signature":"Microsoft Windows","ProviderGuid":"{5770385f-c22a-43e0-bf4c-06f5698ffbd9}","Company":"Microsoft Corporation","UtcTime":"2020-11-02 21:39:12.051","ProcessGuid":"{39e4a257-7c7f-5fa0-c34c-000000000700}","Image":"C:\\Users\\wardog\\Desktop\\Seatbelt.exe","ImageLoaded":"C:\\Windows\\System32\\oleaut32.dll","Level":"4","Channel":"Microsoft-Windows-Sysmon/Operational","Task":"7","RuleName":"-","FileVersion":"10.0.18362.1110 (WinBuild.160101.0800)","SourceName":"Microsoft-Windows-Sysmon","Hostname":"WORKSTATION5","ProcessId":"12036","Description":"OLEAUT32.DLL","SignatureStatus":"Valid","Product":"Microsoft Windows Operating System","EventID":7,"Keywords":"0x8000000000000000","Signed":"true","OriginalFileName":"OLEAUT32.DLL","Message":"Image loaded:\r\nRuleName: -\r\nUtcTime: 2020-11-02 21:39:12.051\r\nProcessGuid: {39e4a257-7c7f-5fa0-c34c-000000000700}\r\nProcessId: 12036\r\nImage: C:\\Users\\wardog\\Desktop\\Seatbelt.exe\r\nImageLoaded: C:\\Windows\\System32\\oleaut32.dll\r\nFileVersion: 10.0.18362.1110 (WinBuild.160101.0800)\r\nDescription: OLEAUT32.DLL\r\nProduct: Microsoft Windows Operating System\r\nCompany: Microsoft Corporation\r\nOriginalFileName: OLEAUT32.DLL\r\nHashes: SHA1=35C3365E5F385CB7025DC51D1359BC92CEACB8F4,MD5=81CC27927690AC3A552D92269CBA4899,SHA256=49C1A7FFB5DC382E35F19C1771A0B43120BBB4159EE5BFE23E0410A76A36D68A,IMPHASH=F010E2DB51A2E86CCF6052A1ACC0854F\r\nSigned: true\r\nSignature: Microsoft Windows\r\nSignatureStatus: Valid"}
{"@timestamp":"2020-11-02T04:39:12.061Z","TimeCreated":"2020-11-02T04:39:12.061Z","Hashes":"SHA1=48DA5041305C0597E39338E97F10B18C4DF84075,MD5=7CE9D034ED633FF213BABC432DEFFC9E,SHA256=14B0BE646D4B5137B39F921FF891E10046C517A930E60EFED717DC33F1857E50,IMPHASH=A49478069FECE515641415AA10A41618","Signature":"Microsoft Windows","ProviderGuid":"{5770385f-c22a-43e0-bf4c-06f5698ffbd9}","Company":"Microsoft Corporation","UtcTime":"2020-11-02 21:39:12.051","ProcessGuid":"{39e4a257-7c7f-5fa0-c34c-000000000700}","Image":"C:\\Users\\wardog\\Desktop\\Seatbelt.exe","ImageLoaded":"C:\\Windows\\System32\\mpr.dll","Level":"4","Channel":"Microsoft-Windows-Sysmon/Operational","Task":"7","RuleName":"-","FileVersion":"10.0.18362.1 (WinBuild.160101.0800)","SourceName":"Microsoft-Windows-Sysmon","Hostname":"WORKSTATION5","ProcessId":"12036","Description":"Multiple Provider Router DLL","SignatureStatus":"Valid","Product":"Microsoft Windows Operating System","EventID":7,"Keywords":"0x8000000000000000","Signed":"true","OriginalFileName":"mpr.dll","Message":"Image loaded:\r\nRuleName: -\r\nUtcTime: 2020-11-02 21:39:12.051\r\nProcessGuid: {39e4a257-7c7f-5fa0-c34c-000000000700}\r\nProcessId: 12036\r\nImage: C:\\Users\\wardog\\Desktop\\Seatbelt.exe\r\nImageLoaded: C:\\Windows\\System32\\mpr.dll\r\nFileVersion: 10.0.18362.1 (WinBuild.160101.0800)\r\nDescription: Multiple Provider Router DLL\r\nProduct: Microsoft Windows Operating System\r\nCompany: Microsoft Corporation\r\nOriginalFileName: mpr.dll\r\nHashes: SHA1=48DA5041305C0597E39338E97F10B18C4DF84075,MD5=7CE9D034ED633FF213BABC432DEFFC9E,SHA256=14B0BE646D4B5137B39F921FF891E10046C517A930E60EFED717DC33F1857E50,IMPHASH=A49478069FECE515641415AA10A41618\r\nSigned: true\r\nSignature: Microsoft Windows\r\nSignatureStatus: Valid"}
{"@timestamp":"2020-11-02T04:39:12.072Z","TimeCreated":"2020-11-02T04:39:12.072Z","Hashes":"SHA1=3A0BFDF18B297643056DC6F4DFE9719247379980,MD5=96AA9F7F891FE22D545EB2493ED67489,SHA256=CC075B18C81177DCD9E874771D2B4BA39955D0DDAD834C9D07AD8BA0FB13F287,IMPHASH=1D5D47DF36CCF79B8F4542218E669C0D","Signature":"Microsoft Windows","ProviderGuid":"{5770385f-c22a-43e0-bf4c-06f5698ffbd9}","Company":"Microsoft Corporation","UtcTime":"2020-11-02 21:39:12.051","ProcessGuid":"{39e4a257-7c7f-5fa0-c34c-000000000700}","Image":"C:\\Users\\wardog\\Desktop\\Seatbelt.exe","ImageLoaded":"C:\\Windows\\System32\\wshom.ocx","Level":"4","Channel":"Microsoft-Windows-Sysmon/Operational","Task":"7","RuleName":"-","FileVersion":"5.812.10240.16384","SourceName":"Microsoft-Windows-Sysmon","Hostname":"WORKSTATION5","ProcessId":"12036","Description":"Windows Script Host Runtime Library","SignatureStatus":"Valid","Product":"Microsoft  Windows Script Host Runtime Library","EventID":7,"Keywords":"0x8000000000000000","Signed":"true","OriginalFileName":"wshom.ocx","Message":"Image loaded:\r\nRuleName: -\r\nUtcTime: 2020-11-02 21:39:12.051\r\nProcessGuid: {39e4a257-7c7f-5fa0-c34c-000000000700}\r\nProcessId: 12036\r\nImage: C:\\Users\\wardog\\Desktop\\Seatbelt.exe\r\nImageLoaded: C:\\Windows\\System32\\wshom.ocx\r\nFileVersion: 5.812.10240.16384\r\nDescription: Windows Script Host Runtime Library\r\nProduct: Microsoft  Windows Script Host Runtime Library\r\nCompany: Microsoft Corporation\r\nOriginalFileName: wshom.ocx\r\nHashes: SHA1=3A0BFDF18B297643056DC6F4DFE9719247379980,MD5=96AA9F7F891FE22D545EB2493ED67489,SHA256=CC075B18C81177DCD9E874771D2B4BA39955D0DDAD834C9D07AD8BA0FB13F287,IMPHASH=1D5D47DF36CCF79B8F4542218E669C0D\r\nSigned: true\r\nSignature: Microsoft Windows\r\nSignatureStatus: Valid"}
{"@timestamp":"2020-11-02T04:39:12.073Z","TimeCreated":"2020-11-02T04:39:12.073Z","Hashes":"SHA1=5C986A06C21B5CDCFD799E3B5CA475CE2AFF6058,MD5=435009D1DDC0365BFA34B8C8D3F85286,SHA256=2F94628F056FE65EA81351E134E59ECE813FEC5E8400C12D6DFA49DEFD126D01,IMPHASH=B0E49176FB29AC2D0ABB840B4C490D21","Signature":"Microsoft Windows","ProviderGuid":"{5770385f-c22a-43e0-bf4c-06f5698ffbd9}","Company":"Microsoft Corporation","UtcTime":"2020-11-02 21:39:12.067","ProcessGuid":"{39e4a257-7c7f-5fa0-c34c-000000000700}","Image":"C:\\Users\\wardog\\Desktop\\Seatbelt.exe","ImageLoaded":"C:\\Windows\\System32\\ntmarta.dll","Level":"4","Channel":"Microsoft-Windows-Sysmon/Operational","Task":"7","RuleName":"-","FileVersion":"10.0.18362.1 (WinBuild.160101.0800)","SourceName":"Microsoft-Windows-Sysmon","Hostname":"WORKSTATION5","ProcessId":"12036","Description":"Windows NT MARTA provider","SignatureStatus":"Valid","Product":"Microsoft Windows Operating System","EventID":7,"Keywords":"0x8000000000000000","Signed":"true","OriginalFileName":"ntmarta.dll","Message":"Image loaded:\r\nRuleName: -\r\nUtcTime: 2020-11-02 21:39:12.067\r\nProcessGuid: {39e4a257-7c7f-5fa0-c34c-000000000700}\r\nProcessId: 12036\r\nImage: C:\\Users\\wardog\\Desktop\\Seatbelt.exe\r\nImageLoaded: C:\\Windows\\System32\\ntmarta.dll\r\nFileVersion: 10.0.18362.1 (WinBuild.160101.0800)\r\nDescription: Windows NT MARTA provider\r\nProduct: Microsoft Windows Operating System\r\nCompany: Microsoft Corporation\r\nOriginalFileName: ntmarta.dll\r\nHashes: SHA1=5C986A06C21B5CDCFD799E3B5CA475CE2AFF6058,MD5=435009D1DDC0365BFA34B8C8D3F85286,SHA256=2F94628F056FE65EA81351E134E59ECE813FEC5E8400C12D6DFA49DEFD126D01,IMPHASH=B0E49176FB29AC2D0ABB840B4C490D21\r\nSigned: true\r\nSignature: Microsoft Windows\r\nSignatureStatus: Valid"}
{"@timestamp":"2020-11-02T04:39:12.086Z","TimeCreated":"2020-11-02T04:39:12.086Z","Hashes":"SHA1=89B8653AC5DFCA3641B7F96E7920098D9F5580CE,MD5=7ADCFEE741DF22DA4740A23AAA12FC95,SHA256=C13F473DE12DB05364B565E3E4D5E4E1A97B942B6CC49C38C8974C2D49C9CAB1,IMPHASH=F90736BF92CC46B1B7699517D14BF2CD","Signature":"Microsoft Windows","ProviderGuid":"{5770385f-c22a-43e0-bf4c-06f5698ffbd9}","Company":"Microsoft Corporation","UtcTime":"2020-11-02 21:39:12.051","ProcessGuid":"{39e4a257-7c7f-5fa0-c34c-000000000700}","Image":"C:\\Users\\wardog\\Desktop\\Seatbelt.exe","ImageLoaded":"C:\\Windows\\System32\\scrrun.dll","Level":"4","Channel":"Microsoft-Windows-Sysmon/Operational","Task":"7","RuleName":"-","FileVersion":"5.812.10240.16384","SourceName":"Microsoft-Windows-Sysmon","Hostname":"WORKSTATION5","ProcessId":"12036","Description":"Microsoft  Script Runtime","SignatureStatus":"Valid","Product":"Microsoft  Script Runtime","EventID":7,"Keywords":"0x8000000000000000","Signed":"true","OriginalFileName":"scrrun.dll","Message":"Image loaded:\r\nRuleName: -\r\nUtcTime: 2020-11-02 21:39:12.051\r\nProcessGuid: {39e4a257-7c7f-5fa0-c34c-000000000700}\r\nProcessId: 12036\r\nImage: C:\\Users\\wardog\\Desktop\\Seatbelt.exe\r\nImageLoaded: C:\\Windows\\System32\\scrrun.dll\r\nFileVersion: 5.812.10240.16384\r\nDescription: Microsoft  Script Runtime\r\nProduct: Microsoft  Script Runtime\r\nCompany: Microsoft Corporation\r\nOriginalFileName: scrrun.dll\r\nHashes: SHA1=89B8653AC5DFCA3641B7F96E7920098D9F5580CE,MD5=7ADCFEE741DF22DA4740A23AAA12FC95,SHA256=C13F473DE12DB05364B565E3E4D5E4E1A97B942B6CC49C38C8974C2D49C9CAB1,IMPHASH=F90736BF92CC46B1B7699517D14BF2CD\r\nSigned: true\r\nSignature: Microsoft Windows\r\nSignatureStatus: Valid"}
{"GrantedAccess":"0x1000","@timestamp":"2020-11-02T04:39:12.089Z","TimeCreated":"2020-11-02T04:39:12.089Z","SourceThreadId":"8348","SourceImage":"C:\\windows\\system32\\svchost.exe","ProviderGuid":"{5770385f-c22a-43e0-bf4c-06f5698ffbd9}","CallTrace":"C:\\windows\\SYSTEM32\\ntdll.dll+9c584|C:\\windows\\System32\\KERNELBASE.dll+6af15|c:\\windows\\system32\\lsm.dll+1184f|c:\\windows\\system32\\lsm.dll+1172e|C:\\windows\\System32\\RPCRT4.dll+76a63|C:\\windows\\System32\\RPCRT4.dll+da036|C:\\windows\\System32\\RPCRT4.dll+37b7c|C:\\windows\\System32\\RPCRT4.dll+549f8|C:\\windows\\System32\\RPCRT4.dll+2c9b1|C:\\windows\\System32\\RPCRT4.dll+2c26b|C:\\windows\\System32\\RPCRT4.dll+1a8cf|C:\\windows\\System32\\RPCRT4.dll+19d7a|C:\\windows\\System32\\RPCRT4.dll+19361|C:\\windows\\System32\\RPCRT4.dll+18dce|C:\\windows\\System32\\RPCRT4.dll+16a05|C:\\windows\\SYSTEM32\\ntdll.dll+333ed|C:\\windows\\SYSTEM32\\ntdll.dll+34142|C:\\windows\\System32\\KERNEL32.DLL+17c24|C:\\windows\\SYSTEM32\\ntdll.dll+6cea1","UtcTime":"2020-11-02 21:39:12.082","TargetProcessGUID":"{39e4a257-f138-5f8b-5600-000000000700}","SourceProcessId":"404","Level":"4","Channel":"Microsoft-Windows-Sysmon/Operational","Task":"10","RuleName":"-","SourceName":"Microsoft-Windows-Sysmon","Hostname":"WORKSTATION5","SourceProcessGUID":"{39e4a257-f132-5f8b-1200-000000000700}","TargetProcessId":"3408","EventID":10,"Keywords":"0x8000000000000000","TargetImage":"C:\\ProgramData\\Microsoft\\Windows Defender\\platform\\4.18.2009.7-0\\MsMpEng.exe","Message":"Process accessed:\r\nRuleName: -\r\nUtcTime: 2020-11-02 21:39:12.082\r\nSourceProcessGUID: {39e4a257-f132-5f8b-1200-000000000700}\r\nSourceProcessId: 404\r\nSourceThreadId: 8348\r\nSourceImage: C:\\windows\\system32\\svchost.exe\r\nTargetProcessGUID: {39e4a257-f138-5f8b-5600-000000000700}\r\nTargetProcessId: 3408\r\nTargetImage: C:\\ProgramData\\Microsoft\\Windows Defender\\platform\\4.18.2009.7-0\\MsMpEng.exe\r\nGrantedAccess: 0x1000\r\nCallTrace: C:\\windows\\SYSTEM32\\ntdll.dll+9c584|C:\\windows\\System32\\KERNELBASE.dll+6af15|c:\\windows\\system32\\lsm.dll+1184f|c:\\windows\\system32\\lsm.dll+1172e|C:\\windows\\System32\\RPCRT4.dll+76a63|C:\\windows\\System32\\RPCRT4.dll+da036|C:\\windows\\System32\\RPCRT4.dll+37b7c|C:\\windows\\System32\\RPCRT4.dll+549f8|C:\\windows\\System32\\RPCRT4.dll+2c9b1|C:\\windows\\System32\\RPCRT4.dll+2c26b|C:\\windows\\System32\\RPCRT4.dll+1a8cf|C:\\windows\\System32\\RPCRT4.dll+19d7a|C:\\windows\\System32\\RPCRT4.dll+19361|C:\\windows\\System32\\RPCRT4.dll+18dce|C:\\windows\\System32\\RPCRT4.dll+16a05|C:\\windows\\SYSTEM32\\ntdll.dll+333ed|C:\\windows\\SYSTEM32\\ntdll.dll+34142|C:\\windows\\System32\\KERNEL32.DLL+17c24|C:\\windows\\SYSTEM32\\ntdll.dll+6cea1"}
{"@timestamp":"2020-11-02T04:39:12.102Z","TimeCreated":"2020-11-02T04:39:12.102Z","Hashes":"SHA1=9CC7754BDE825122FB0D3DF16579BD7CC2884B8B,MD5=B6D1AA0F21AC82024879E4EE96B50B56,SHA256=AF6B7199AAB64EBDADDA63B8662878A076A343955B1CF5E9F48C98114EF52BBE,IMPHASH=0D1929519D5C1A55D02774067E6F2181","Signature":"Microsoft Windows","ProviderGuid":"{5770385f-c22a-43e0-bf4c-06f5698ffbd9}","Company":"Microsoft Corporation","UtcTime":"2020-11-02 21:39:12.098","ProcessGuid":"{39e4a257-7c7f-5fa0-c34c-000000000700}","Image":"C:\\Users\\wardog\\Desktop\\Seatbelt.exe","ImageLoaded":"C:\\Windows\\System32\\propsys.dll","Level":"4","Channel":"Microsoft-Windows-Sysmon/Operational","Task":"7","RuleName":"-","FileVersion":"7.0.18362.815 (WinBuild.160101.0800)","SourceName":"Microsoft-Windows-Sysmon","Hostname":"WORKSTATION5","ProcessId":"12036","Description":"Microsoft Property System","SignatureStatus":"Valid","Product":"Windows Search","EventID":7,"Keywords":"0x8000000000000000","Signed":"true","OriginalFileName":"propsys.dll","Message":"Image loaded:\r\nRuleName: -\r\nUtcTime: 2020-11-02 21:39:12.098\r\nProcessGuid: {39e4a257-7c7f-5fa0-c34c-000000000700}\r\nProcessId: 12036\r\nImage: C:\\Users\\wardog\\Desktop\\Seatbelt.exe\r\nImageLoaded: C:\\Windows\\System32\\propsys.dll\r\nFileVersion: 7.0.18362.815 (WinBuild.160101.0800)\r\nDescription: Microsoft Property System\r\nProduct: Windows Search\r\nCompany: Microsoft Corporation\r\nOriginalFileName: propsys.dll\r\nHashes: SHA1=9CC7754BDE825122FB0D3DF16579BD7CC2884B8B,MD5=B6D1AA0F21AC82024879E4EE96B50B56,SHA256=AF6B7199AAB64EBDADDA63B8662878A076A343955B1CF5E9F48C98114EF52BBE,IMPHASH=0D1929519D5C1A55D02774067E6F2181\r\nSigned: true\r\nSignature: Microsoft Windows\r\nSignatureStatus: Valid"}
{"GrantedAccess":"0x1000","@timestamp":"2020-11-02T04:39:12.114Z","TimeCreated":"2020-11-02T04:39:12.114Z","SourceThreadId":"8752","SourceImage":"C:\\windows\\system32\\svchost.exe","ProviderGuid":"{5770385f-c22a-43e0-bf4c-06f5698ffbd9}","CallTrace":"C:\\windows\\SYSTEM32\\ntdll.dll+9c584|C:\\windows\\System32\\KERNELBASE.dll+6af15|c:\\windows\\system32\\lsm.dll+1184f|c:\\windows\\system32\\lsm.dll+1172e|C:\\windows\\System32\\RPCRT4.dll+76a63|C:\\windows\\System32\\RPCRT4.dll+da036|C:\\windows\\System32\\RPCRT4.dll+37b7c|C:\\windows\\System32\\RPCRT4.dll+549f8|C:\\windows\\System32\\RPCRT4.dll+2c9b1|C:\\windows\\System32\\RPCRT4.dll+2c26b|C:\\windows\\System32\\RPCRT4.dll+1a8cf|C:\\windows\\System32\\RPCRT4.dll+19d7a|C:\\windows\\System32\\RPCRT4.dll+19361|C:\\windows\\System32\\RPCRT4.dll+18dce|C:\\windows\\System32\\RPCRT4.dll+16a05|C:\\windows\\SYSTEM32\\ntdll.dll+333ed|C:\\windows\\SYSTEM32\\ntdll.dll+34142|C:\\windows\\System32\\KERNEL32.DLL+17c24|C:\\windows\\SYSTEM32\\ntdll.dll+6cea1","UtcTime":"2020-11-02 21:39:12.098","TargetProcessGUID":"{39e4a257-f138-5f8b-5600-000000000700}","SourceProcessId":"404","Level":"4","Channel":"Microsoft-Windows-Sysmon/Operational","Task":"10","RuleName":"-","SourceName":"Microsoft-Windows-Sysmon","Hostname":"WORKSTATION5","SourceProcessGUID":"{39e4a257-f132-5f8b-1200-000000000700}","TargetProcessId":"3408","EventID":10,"Keywords":"0x8000000000000000","TargetImage":"C:\\ProgramData\\Microsoft\\Windows Defender\\platform\\4.18.2009.7-0\\MsMpEng.exe","Message":"Process accessed:\r\nRuleName: -\r\nUtcTime: 2020-11-02 21:39:12.098\r\nSourceProcessGUID: {39e4a257-f132-5f8b-1200-000000000700}\r\nSourceProcessId: 404\r\nSourceThreadId: 8752\r\nSourceImage: C:\\windows\\system32\\svchost.exe\r\nTargetProcessGUID: {39e4a257-f138-5f8b-5600-000000000700}\r\nTargetProcessId: 3408\r\nTargetImage: C:\\ProgramData\\Microsoft\\Windows Defender\\platform\\4.18.2009.7-0\\MsMpEng.exe\r\nGrantedAccess: 0x1000\r\nCallTrace: C:\\windows\\SYSTEM32\\ntdll.dll+9c584|C:\\windows\\System32\\KERNELBASE.dll+6af15|c:\\windows\\system32\\lsm.dll+1184f|c:\\windows\\system32\\lsm.dll+1172e|C:\\windows\\System32\\RPCRT4.dll+76a63|C:\\windows\\System32\\RPCRT4.dll+da036|C:\\windows\\System32\\RPCRT4.dll+37b7c|C:\\windows\\System32\\RPCRT4.dll+549f8|C:\\windows\\System32\\RPCRT4.dll+2c9b1|C:\\windows\\System32\\RPCRT4.dll+2c26b|C:\\windows\\System32\\RPCRT4.dll+1a8cf|C:\\windows\\System32\\RPCRT4.dll+19d7a|C:\\windows\\System32\\RPCRT4.dll+19361|C:\\windows\\System32\\RPCRT4.dll+18dce|C:\\windows\\System32\\RPCRT4.dll+16a05|C:\\windows\\SYSTEM32\\ntdll.dll+333ed|C:\\windows\\SYSTEM32\\ntdll.dll+34142|C:\\windows\\System32\\KERNEL32.DLL+17c24|C:\\windows\\SYSTEM32\\ntdll.dll+6cea1"}
{"@timestamp":"2020-11-02T04:39:12.118Z","TimeCreated":"2020-11-02T04:39:12.118Z","Hashes":"SHA1=46EE65A4D1A0169AD5FC2E14B236D0405B7FA0EE,MD5=590EDE606E4AD541A529F7899795A430,SHA256=26904703C9B2F0E1BF0B535BF15CB91FF0A63340E12613D09876BF891A97B2F3,IMPHASH=61736CFA87B6C26F29E8649640CFF671","Signature":"Microsoft Windows","ProviderGuid":"{5770385f-c22a-43e0-bf4c-06f5698ffbd9}","Company":"Microsoft Corporation","UtcTime":"2020-11-02 21:39:12.098","ProcessGuid":"{39e4a257-7c7f-5fa0-c34c-000000000700}","Image":"C:\\Users\\wardog\\Desktop\\Seatbelt.exe","ImageLoaded":"C:\\Windows\\System32\\linkinfo.dll","Level":"4","Channel":"Microsoft-Windows-Sysmon/Operational","Task":"7","RuleName":"-","FileVersion":"10.0.18362.1 (WinBuild.160101.0800)","SourceName":"Microsoft-Windows-Sysmon","Hostname":"WORKSTATION5","ProcessId":"12036","Description":"Windows Volume Tracking","SignatureStatus":"Valid","Product":"Microsoft Windows Operating System","EventID":7,"Keywords":"0x8000000000000000","Signed":"true","OriginalFileName":"LINKINFO.DLL","Message":"Image loaded:\r\nRuleName: -\r\nUtcTime: 2020-11-02 21:39:12.098\r\nProcessGuid: {39e4a257-7c7f-5fa0-c34c-000000000700}\r\nProcessId: 12036\r\nImage: C:\\Users\\wardog\\Desktop\\Seatbelt.exe\r\nImageLoaded: C:\\Windows\\System32\\linkinfo.dll\r\nFileVersion: 10.0.18362.1 (WinBuild.160101.0800)\r\nDescription: Windows Volume Tracking\r\nProduct: Microsoft Windows Operating System\r\nCompany: Microsoft Corporation\r\nOriginalFileName: LINKINFO.DLL\r\nHashes: SHA1=46EE65A4D1A0169AD5FC2E14B236D0405B7FA0EE,MD5=590EDE606E4AD541A529F7899795A430,SHA256=26904703C9B2F0E1BF0B535BF15CB91FF0A63340E12613D09876BF891A97B2F3,IMPHASH=61736CFA87B6C26F29E8649640CFF671\r\nSigned: true\r\nSignature: Microsoft Windows\r\nSignatureStatus: Valid"}
{"GrantedAccess":"0x1000","@timestamp":"2020-11-02T04:39:12.128Z","TimeCreated":"2020-11-02T04:39:12.128Z","SourceThreadId":"8752","SourceImage":"C:\\windows\\system32\\svchost.exe","ProviderGuid":"{5770385f-c22a-43e0-bf4c-06f5698ffbd9}","CallTrace":"C:\\windows\\SYSTEM32\\ntdll.dll+9c584|C:\\windows\\System32\\KERNELBASE.dll+6af15|c:\\windows\\system32\\lsm.dll+1184f|c:\\windows\\system32\\lsm.dll+1172e|C:\\windows\\System32\\RPCRT4.dll+76a63|C:\\windows\\System32\\RPCRT4.dll+da036|C:\\windows\\System32\\RPCRT4.dll+37b7c|C:\\windows\\System32\\RPCRT4.dll+549f8|C:\\windows\\System32\\RPCRT4.dll+2c9b1|C:\\windows\\System32\\RPCRT4.dll+2c26b|C:\\windows\\System32\\RPCRT4.dll+1a8cf|C:\\windows\\System32\\RPCRT4.dll+19d7a|C:\\windows\\System32\\RPCRT4.dll+19361|C:\\windows\\System32\\RPCRT4.dll+18dce|C:\\windows\\System32\\RPCRT4.dll+16a05|C:\\windows\\SYSTEM32\\ntdll.dll+333ed|C:\\windows\\SYSTEM32\\ntdll.dll+34142|C:\\windows\\System32\\KERNEL32.DLL+17c24|C:\\windows\\SYSTEM32\\ntdll.dll+6cea1","UtcTime":"2020-11-02 21:39:12.113","TargetProcessGUID":"{39e4a257-f138-5f8b-5600-000000000700}","SourceProcessId":"404","Level":"4","Channel":"Microsoft-Windows-Sysmon/Operational","Task":"10","RuleName":"-","SourceName":"Microsoft-Windows-Sysmon","Hostname":"WORKSTATION5","SourceProcessGUID":"{39e4a257-f132-5f8b-1200-000000000700}","TargetProcessId":"3408","EventID":10,"Keywords":"0x8000000000000000","TargetImage":"C:\\ProgramData\\Microsoft\\Windows Defender\\platform\\4.18.2009.7-0\\MsMpEng.exe","Message":"Process accessed:\r\nRuleName: -\r\nUtcTime: 2020-11-02 21:39:12.113\r\nSourceProcessGUID: {39e4a257-f132-5f8b-1200-000000000700}\r\nSourceProcessId: 404\r\nSourceThreadId: 8752\r\nSourceImage: C:\\windows\\system32\\svchost.exe\r\nTargetProcessGUID: {39e4a257-f138-5f8b-5600-000000000700}\r\nTargetProcessId: 3408\r\nTargetImage: C:\\ProgramData\\Microsoft\\Windows Defender\\platform\\4.18.2009.7-0\\MsMpEng.exe\r\nGrantedAccess: 0x1000\r\nCallTrace: C:\\windows\\SYSTEM32\\ntdll.dll+9c584|C:\\windows\\System32\\KERNELBASE.dll+6af15|c:\\windows\\system32\\lsm.dll+1184f|c:\\windows\\system32\\lsm.dll+1172e|C:\\windows\\System32\\RPCRT4.dll+76a63|C:\\windows\\System32\\RPCRT4.dll+da036|C:\\windows\\System32\\RPCRT4.dll+37b7c|C:\\windows\\System32\\RPCRT4.dll+549f8|C:\\windows\\System32\\RPCRT4.dll+2c9b1|C:\\windows\\System32\\RPCRT4.dll+2c26b|C:\\windows\\System32\\RPCRT4.dll+1a8cf|C:\\windows\\System32\\RPCRT4.dll+19d7a|C:\\windows\\System32\\RPCRT4.dll+19361|C:\\windows\\System32\\RPCRT4.dll+18dce|C:\\windows\\System32\\RPCRT4.dll+16a05|C:\\windows\\SYSTEM32\\ntdll.dll+333ed|C:\\windows\\SYSTEM32\\ntdll.dll+34142|C:\\windows\\System32\\KERNEL32.DLL+17c24|C:\\windows\\SYSTEM32\\ntdll.dll+6cea1"}
