{"TimeCreated":"2020-10-21 12:19:04.470","SourceName":"Microsoft-Windows-Sysmon","SignatureStatus":"Valid","Signature":"Microsoft Windows","Product":"Microsoft Windows Operating System","Hashes":"SHA1=90F229FB5DB52DF3604195B10C48E946684929ED,MD5=ACE18C6797090A1AA259BB8713917F98,SHA256=F5E118F67745792909973717FAE1F9FE68B2619332A4451AD04E0C9072B8D605,IMPHASH=A9B9D04D0B53DC48ABB37BE77AD01B55","UtcTime":"2020-10-21 04:19:04.448","ProcessGuid":"{39e4a257-b6b8-5f8f-710c-000000000700}","Image":"C:\\Windows\\System32\\netsh.exe","ImageLoaded":"C:\\Windows\\System32\\cryptsp.dll","EventID":7,"Channel":"Microsoft-Windows-Sysmon/Operational","Task":"7","RuleName":"-","FileVersion":"10.0.18362.1 (WinBuild.160101.0800)","Message":"Image loaded:\r\nRuleName: -\r\nUtcTime: 2020-10-21 04:19:04.448\r\nProcessGuid: {39e4a257-b6b8-5f8f-710c-000000000700}\r\nProcessId: 10188\r\nImage: C:\\Windows\\System32\\netsh.exe\r\nImageLoaded: C:\\Windows\\System32\\cryptsp.dll\r\nFileVersion: 10.0.18362.1 (WinBuild.160101.0800)\r\nDescription: Cryptographic Service Provider API\r\nProduct: Microsoft Windows Operating System\r\nCompany: Microsoft Corporation\r\nOriginalFileName: cryptsp.dll\r\nHashes: SHA1=90F229FB5DB52DF3604195B10C48E946684929ED,MD5=ACE18C6797090A1AA259BB8713917F98,SHA256=F5E118F67745792909973717FAE1F9FE68B2619332A4451AD04E0C9072B8D605,IMPHASH=A9B9D04D0B53DC48ABB37BE77AD01B55\r\nSigned: true\r\nSignature: Microsoft Windows\r\nSignatureStatus: Valid","Hostname":"WORKSTATION5","ProcessId":"10188","Description":"Cryptographic Service Provider API","Company":"Microsoft Corporation","Signed":"true","OriginalFileName":"cryptsp.dll"}
{"TimeCreated":"2020-10-21 12:19:04.470","SourceName":"Microsoft-Windows-Sysmon","SignatureStatus":"Valid","Signature":"Microsoft Windows","Product":"Microsoft Windows Operating System","Hashes":"SHA1=D4CBF6AC94556045CAF7E77D67DC4338201F031A,MD5=8243955ACA7AF5283E4FD815613A676E,SHA256=17B6E959785C9B6A154253316C823F1E20672A11AABD27C2C22DFDAF423D0E64,IMPHASH=6D4C4EF38EFC59715BE4026CFB8A1236","UtcTime":"2020-10-21 04:19:04.448","ProcessGuid":"{39e4a257-b6b8-5f8f-710c-000000000700}","Image":"C:\\Windows\\System32\\netsh.exe","ImageLoaded":"C:\\Windows\\System32\\nlaapi.dll","EventID":7,"Channel":"Microsoft-Windows-Sysmon/Operational","Task":"7","RuleName":"-","FileVersion":"10.0.18362.959 (WinBuild.160101.0800)","Message":"Image loaded:\r\nRuleName: -\r\nUtcTime: 2020-10-21 04:19:04.448\r\nProcessGuid: {39e4a257-b6b8-5f8f-710c-000000000700}\r\nProcessId: 10188\r\nImage: C:\\Windows\\System32\\netsh.exe\r\nImageLoaded: C:\\Windows\\System32\\nlaapi.dll\r\nFileVersion: 10.0.18362.959 (WinBuild.160101.0800)\r\nDescription: Network Location Awareness 2\r\nProduct: Microsoft Windows Operating System\r\nCompany: Microsoft Corporation\r\nOriginalFileName: nlaapi.dll\r\nHashes: SHA1=D4CBF6AC94556045CAF7E77D67DC4338201F031A,MD5=8243955ACA7AF5283E4FD815613A676E,SHA256=17B6E959785C9B6A154253316C823F1E20672A11AABD27C2C22DFDAF423D0E64,IMPHASH=6D4C4EF38EFC59715BE4026CFB8A1236\r\nSigned: true\r\nSignature: Microsoft Windows\r\nSignatureStatus: Valid","Hostname":"WORKSTATION5","ProcessId":"10188","Description":"Network Location Awareness 2","Company":"Microsoft Corporation","Signed":"true","OriginalFileName":"nlaapi.dll"}
{"TimeCreated":"2020-10-21 12:19:04.471","SourceName":"Microsoft-Windows-Sysmon","SignatureStatus":"Valid","Signature":"Microsoft Windows","Product":"Microsoft Windows Operating System","Hashes":"SHA1=DDEAD3CC1C560661635E02E3AAF2224DC8F2E2D5,MD5=588F5CDAD43632437EA557A3CC3B9045,SHA256=9D935E67D1146ABE26CD658BE2186DB1DD17D47493B4D73011A23C8002ABA5ED,IMPHASH=35EC56DFA92BDC7609C8D29D7A9F82CF","UtcTime":"2020-10-21 04:19:04.463","ProcessGuid":"{39e4a257-b6b8-5f8f-710c-000000000700}","Image":"C:\\Windows\\System32\\netsh.exe","ImageLoaded":"C:\\Windows\\System32\\netiohlp.dll","EventID":7,"Channel":"Microsoft-Windows-Sysmon/Operational","Task":"7","RuleName":"-","FileVersion":"10.0.18362.1 (WinBuild.160101.0800)","Message":"Image loaded:\r\nRuleName: -\r\nUtcTime: 2020-10-21 04:19:04.463\r\nProcessGuid: {39e4a257-b6b8-5f8f-710c-000000000700}\r\nProcessId: 10188\r\nImage: C:\\Windows\\System32\\netsh.exe\r\nImageLoaded: C:\\Windows\\System32\\netiohlp.dll\r\nFileVersion: 10.0.18362.1 (WinBuild.160101.0800)\r\nDescription: Netio Helper DLL\r\nProduct: Microsoft Windows Operating System\r\nCompany: Microsoft Corporation\r\nOriginalFileName: netiohlp.dll\r\nHashes: SHA1=DDEAD3CC1C560661635E02E3AAF2224DC8F2E2D5,MD5=588F5CDAD43632437EA557A3CC3B9045,SHA256=9D935E67D1146ABE26CD658BE2186DB1DD17D47493B4D73011A23C8002ABA5ED,IMPHASH=35EC56DFA92BDC7609C8D29D7A9F82CF\r\nSigned: true\r\nSignature: Microsoft Windows\r\nSignatureStatus: Valid","Hostname":"WORKSTATION5","ProcessId":"10188","Description":"Netio Helper DLL","Company":"Microsoft Corporation","Signed":"true","OriginalFileName":"netiohlp.dll"}
{"TimeCreated":"2020-10-21 12:19:04.473","SourceName":"Microsoft-Windows-Sysmon","SignatureStatus":"Valid","Signature":"Microsoft Windows","Product":"Microsoft Windows Operating System","Hashes":"SHA1=1AB85DA55EB2EDA35E6DEBB2D3FBEA21DD2ADA7E,MD5=E85DECB45E7F108270DE6AA993DD5800,SHA256=900FEBC57C68ECB20B1E7B34757B95ACF8CE6541D1DC8D8E2910AE15C52D5581,IMPHASH=AD7C692FA9FCC8C643FD494188DECA65","UtcTime":"2020-10-21 04:19:04.463","ProcessGuid":"{39e4a257-b6b8-5f8f-710c-000000000700}","Image":"C:\\Windows\\System32\\netsh.exe","ImageLoaded":"C:\\Windows\\System32\\winnsi.dll","EventID":7,"Channel":"Microsoft-Windows-Sysmon/Operational","Task":"7","RuleName":"-","FileVersion":"10.0.18362.449 (WinBuild.160101.0800)","Message":"Image loaded:\r\nRuleName: -\r\nUtcTime: 2020-10-21 04:19:04.463\r\nProcessGuid: {39e4a257-b6b8-5f8f-710c-000000000700}\r\nProcessId: 10188\r\nImage: C:\\Windows\\System32\\netsh.exe\r\nImageLoaded: C:\\Windows\\System32\\winnsi.dll\r\nFileVersion: 10.0.18362.449 (WinBuild.160101.0800)\r\nDescription: Network Store Information RPC interface\r\nProduct: Microsoft Windows Operating System\r\nCompany: Microsoft Corporation\r\nOriginalFileName: winnsi.dll\r\nHashes: SHA1=1AB85DA55EB2EDA35E6DEBB2D3FBEA21DD2ADA7E,MD5=E85DECB45E7F108270DE6AA993DD5800,SHA256=900FEBC57C68ECB20B1E7B34757B95ACF8CE6541D1DC8D8E2910AE15C52D5581,IMPHASH=AD7C692FA9FCC8C643FD494188DECA65\r\nSigned: true\r\nSignature: Microsoft Windows\r\nSignatureStatus: Valid","Hostname":"WORKSTATION5","ProcessId":"10188","Description":"Network Store Information RPC interface","Company":"Microsoft Corporation","Signed":"true","OriginalFileName":"winnsi.dll"}
{"TimeCreated":"2020-10-21 12:19:04.474","SourceName":"Microsoft-Windows-Sysmon","SignatureStatus":"Valid","Signature":"Microsoft Windows","Product":"Microsoft Windows Operating System","Hashes":"SHA1=6DD0872551CAFEEA8216AACF8A152FCA68772AE4,MD5=281F995700433E55D438D380405ECDFC,SHA256=66E4D619C236517E947CCFE63516BBE9265EA847709ED80C6672142EBDD08087,IMPHASH=F37566545370C8920EC67A6C6BEC4547","UtcTime":"2020-10-21 04:19:04.463","ProcessGuid":"{39e4a257-b6b8-5f8f-710c-000000000700}","Image":"C:\\Windows\\System32\\netsh.exe","ImageLoaded":"C:\\Windows\\System32\\nettrace.dll","EventID":7,"Channel":"Microsoft-Windows-Sysmon/Operational","Task":"7","RuleName":"-","FileVersion":"10.0.18362.1110 (WinBuild.160101.0800)","Message":"Image loaded:\r\nRuleName: -\r\nUtcTime: 2020-10-21 04:19:04.463\r\nProcessGuid: {39e4a257-b6b8-5f8f-710c-000000000700}\r\nProcessId: 10188\r\nImage: C:\\Windows\\System32\\netsh.exe\r\nImageLoaded: C:\\Windows\\System32\\nettrace.dll\r\nFileVersion: 10.0.18362.1110 (WinBuild.160101.0800)\r\nDescription: Network Trace Helper\r\nProduct: Microsoft Windows Operating System\r\nCompany: Microsoft Corporation\r\nOriginalFileName: nettrace.dll\r\nHashes: SHA1=6DD0872551CAFEEA8216AACF8A152FCA68772AE4,MD5=281F995700433E55D438D380405ECDFC,SHA256=66E4D619C236517E947CCFE63516BBE9265EA847709ED80C6672142EBDD08087,IMPHASH=F37566545370C8920EC67A6C6BEC4547\r\nSigned: true\r\nSignature: Microsoft Windows\r\nSignatureStatus: Valid","Hostname":"WORKSTATION5","ProcessId":"10188","Description":"Network Trace Helper","Company":"Microsoft Corporation","Signed":"true","OriginalFileName":"nettrace.dll"}
{"TimeCreated":"2020-10-21 12:19:04.475","SourceName":"Microsoft-Windows-Sysmon","SignatureStatus":"Valid","Signature":"Microsoft Windows","Product":"Microsoft Windows Operating System","Hashes":"SHA1=B48C934572003C7ED2C6A1A80793565A11956651,MD5=51B8EE94F31F20C506DD9F7FAC5FCA98,SHA256=D23A2AF45713F64143F345933247C5FA353CC56E37801EB5512772C4E54F74C3,IMPHASH=FFF207206A623421A37F451511B7C0BB","UtcTime":"2020-10-21 04:19:04.463","ProcessGuid":"{39e4a257-b6b8-5f8f-710c-000000000700}","Image":"C:\\Windows\\System32\\netsh.exe","ImageLoaded":"C:\\Windows\\System32\\wevtapi.dll","EventID":7,"Channel":"Microsoft-Windows-Sysmon/Operational","Task":"7","RuleName":"-","FileVersion":"10.0.18362.1 (WinBuild.160101.0800)","Message":"Image loaded:\r\nRuleName: -\r\nUtcTime: 2020-10-21 04:19:04.463\r\nProcessGuid: {39e4a257-b6b8-5f8f-710c-000000000700}\r\nProcessId: 10188\r\nImage: C:\\Windows\\System32\\netsh.exe\r\nImageLoaded: C:\\Windows\\System32\\wevtapi.dll\r\nFileVersion: 10.0.18362.1 (WinBuild.160101.0800)\r\nDescription: Eventing Consumption and Configuration API\r\nProduct: Microsoft Windows Operating System\r\nCompany: Microsoft Corporation\r\nOriginalFileName: wevtapi.dll\r\nHashes: SHA1=B48C934572003C7ED2C6A1A80793565A11956651,MD5=51B8EE94F31F20C506DD9F7FAC5FCA98,SHA256=D23A2AF45713F64143F345933247C5FA353CC56E37801EB5512772C4E54F74C3,IMPHASH=FFF207206A623421A37F451511B7C0BB\r\nSigned: true\r\nSignature: Microsoft Windows\r\nSignatureStatus: Valid","Hostname":"WORKSTATION5","ProcessId":"10188","Description":"Eventing Consumption and Configuration API","Company":"Microsoft Corporation","Signed":"true","OriginalFileName":"wevtapi.dll"}
{"TimeCreated":"2020-10-21 12:19:04.477","SourceName":"Microsoft-Windows-Sysmon","SignatureStatus":"Valid","Signature":"Microsoft Windows","Product":"Microsoft Windows Operating System","Hashes":"SHA1=39B7229368975518F5FEBB6D26EABB9F5A707162,MD5=0527CD21EADF5A89C5C4BA911D0486C6,SHA256=4E6CAB127E13ADFFDD28C50318D8F3A14937298734D49D57E26167B1B63EB344,IMPHASH=5EFFC62DFB0DE5F3883CC1C73B62158B","UtcTime":"2020-10-21 04:19:04.463","ProcessGuid":"{39e4a257-b6b8-5f8f-710c-000000000700}","Image":"C:\\Windows\\System32\\netsh.exe","ImageLoaded":"C:\\Windows\\System32\\ndfapi.dll","EventID":7,"Channel":"Microsoft-Windows-Sysmon/Operational","Task":"7","RuleName":"-","FileVersion":"10.0.18362.1 (WinBuild.160101.0800)","Message":"Image loaded:\r\nRuleName: -\r\nUtcTime: 2020-10-21 04:19:04.463\r\nProcessGuid: {39e4a257-b6b8-5f8f-710c-000000000700}\r\nProcessId: 10188\r\nImage: C:\\Windows\\System32\\netsh.exe\r\nImageLoaded: C:\\Windows\\System32\\ndfapi.dll\r\nFileVersion: 10.0.18362.1 (WinBuild.160101.0800)\r\nDescription: Network Diagnostic Framework Client API\r\nProduct: Microsoft Windows Operating System\r\nCompany: Microsoft Corporation\r\nOriginalFileName: ndfapi.dll\r\nHashes: SHA1=39B7229368975518F5FEBB6D26EABB9F5A707162,MD5=0527CD21EADF5A89C5C4BA911D0486C6,SHA256=4E6CAB127E13ADFFDD28C50318D8F3A14937298734D49D57E26167B1B63EB344,IMPHASH=5EFFC62DFB0DE5F3883CC1C73B62158B\r\nSigned: true\r\nSignature: Microsoft Windows\r\nSignatureStatus: Valid","Hostname":"WORKSTATION5","ProcessId":"10188","Description":"Network Diagnostic Framework Client API","Company":"Microsoft Corporation","Signed":"true","OriginalFileName":"ndfapi.dll"}
{"TimeCreated":"2020-10-21 12:19:04.477","SourceName":"Microsoft-Windows-Sysmon","SignatureStatus":"Valid","Signature":"Microsoft Windows","Product":"Microsoft Windows Operating System","Hashes":"SHA1=DC4CC54F8FEC4EE65D5E3DE867AAE963C95E7106,MD5=E5A0B9D36D9EB9881B459099B9D465BA,SHA256=5325E69D982214A69317D7EC3EC6800D0BFEEA166B3965ADF8DB78EA838CAD30,IMPHASH=A738ABEE2095C9DEDAEF8E1754452FB7","UtcTime":"2020-10-21 04:19:04.463","ProcessGuid":"{39e4a257-b6b8-5f8f-710c-000000000700}","Image":"C:\\Windows\\System32\\netsh.exe","ImageLoaded":"C:\\Windows\\System32\\tdh.dll","EventID":7,"Channel":"Microsoft-Windows-Sysmon/Operational","Task":"7","RuleName":"-","FileVersion":"10.0.18362.1110 (WinBuild.160101.0800)","Message":"Image loaded:\r\nRuleName: -\r\nUtcTime: 2020-10-21 04:19:04.463\r\nProcessGuid: {39e4a257-b6b8-5f8f-710c-000000000700}\r\nProcessId: 10188\r\nImage: C:\\Windows\\System32\\netsh.exe\r\nImageLoaded: C:\\Windows\\System32\\tdh.dll\r\nFileVersion: 10.0.18362.1110 (WinBuild.160101.0800)\r\nDescription: Event Trace Helper Library\r\nProduct: Microsoft Windows Operating System\r\nCompany: Microsoft Corporation\r\nOriginalFileName: tdh.dll\r\nHashes: SHA1=DC4CC54F8FEC4EE65D5E3DE867AAE963C95E7106,MD5=E5A0B9D36D9EB9881B459099B9D465BA,SHA256=5325E69D982214A69317D7EC3EC6800D0BFEEA166B3965ADF8DB78EA838CAD30,IMPHASH=A738ABEE2095C9DEDAEF8E1754452FB7\r\nSigned: true\r\nSignature: Microsoft Windows\r\nSignatureStatus: Valid","Hostname":"WORKSTATION5","ProcessId":"10188","Description":"Event Trace Helper Library","Company":"Microsoft Corporation","Signed":"true","OriginalFileName":"tdh.dll"}
{"TimeCreated":"2020-10-21 12:19:04.477","SourceName":"Microsoft-Windows-Sysmon","SignatureStatus":"Valid","Signature":"Microsoft Windows","Product":"Microsoft Windows Operating System","Hashes":"SHA1=A30A81AB6EB472CC79CF9E8C5B47ECA85998801A,MD5=DA9647C845792371DD2F95E1CCC9A63A,SHA256=FE741D2F986B0B9557A90BDF0560F49CD17381D1094C42A91634AABE49F46A1E,IMPHASH=D08C52FA17116C062A28110FE7465D80","UtcTime":"2020-10-21 04:19:04.463","ProcessGuid":"{39e4a257-b6b8-5f8f-710c-000000000700}","Image":"C:\\Windows\\System32\\netsh.exe","ImageLoaded":"C:\\Windows\\System32\\sspicli.dll","EventID":7,"Channel":"Microsoft-Windows-Sysmon/Operational","Task":"7","RuleName":"-","FileVersion":"10.0.18362.1049 (WinBuild.160101.0800)","Message":"Image loaded:\r\nRuleName: -\r\nUtcTime: 2020-10-21 04:19:04.463\r\nProcessGuid: {39e4a257-b6b8-5f8f-710c-000000000700}\r\nProcessId: 10188\r\nImage: C:\\Windows\\System32\\netsh.exe\r\nImageLoaded: C:\\Windows\\System32\\sspicli.dll\r\nFileVersion: 10.0.18362.1049 (WinBuild.160101.0800)\r\nDescription: Security Support Provider Interface\r\nProduct: Microsoft Windows Operating System\r\nCompany: Microsoft Corporation\r\nOriginalFileName: sspicli.dll\r\nHashes: SHA1=A30A81AB6EB472CC79CF9E8C5B47ECA85998801A,MD5=DA9647C845792371DD2F95E1CCC9A63A,SHA256=FE741D2F986B0B9557A90BDF0560F49CD17381D1094C42A91634AABE49F46A1E,IMPHASH=D08C52FA17116C062A28110FE7465D80\r\nSigned: true\r\nSignature: Microsoft Windows\r\nSignatureStatus: Valid","Hostname":"WORKSTATION5","ProcessId":"10188","Description":"Security Support Provider Interface","Company":"Microsoft Corporation","Signed":"true","OriginalFileName":"sspicli.dll"}
{"TimeCreated":"2020-10-21 12:19:04.478","SourceName":"Microsoft-Windows-Sysmon","SignatureStatus":"Valid","Signature":"Microsoft Windows","Product":"Microsoft Windows Operating System","Hashes":"SHA1=B34906AE4536C7F53C24EC60B553FFD9A980694C,MD5=AA843CF3C016B79340C6FDACDA20D75D,SHA256=1BC8F5BBE7BCBB194406D74FD0EABE763F2F7BBBF6CBC81300355050AB44B675,IMPHASH=F5F0239F47BAC201511EE4D14D60CB60","UtcTime":"2020-10-21 04:19:04.463","ProcessGuid":"{39e4a257-b6b8-5f8f-710c-000000000700}","Image":"C:\\Windows\\System32\\netsh.exe","ImageLoaded":"C:\\Windows\\System32\\wdi.dll","EventID":7,"Channel":"Microsoft-Windows-Sysmon/Operational","Task":"7","RuleName":"-","FileVersion":"10.0.18362.1 (WinBuild.160101.0800)","Message":"Image loaded:\r\nRuleName: -\r\nUtcTime: 2020-10-21 04:19:04.463\r\nProcessGuid: {39e4a257-b6b8-5f8f-710c-000000000700}\r\nProcessId: 10188\r\nImage: C:\\Windows\\System32\\netsh.exe\r\nImageLoaded: C:\\Windows\\System32\\wdi.dll\r\nFileVersion: 10.0.18362.1 (WinBuild.160101.0800)\r\nDescription: Windows Diagnostic Infrastructure\r\nProduct: Microsoft Windows Operating System\r\nCompany: Microsoft Corporation\r\nOriginalFileName: wdi.dll\r\nHashes: SHA1=B34906AE4536C7F53C24EC60B553FFD9A980694C,MD5=AA843CF3C016B79340C6FDACDA20D75D,SHA256=1BC8F5BBE7BCBB194406D74FD0EABE763F2F7BBBF6CBC81300355050AB44B675,IMPHASH=F5F0239F47BAC201511EE4D14D60CB60\r\nSigned: true\r\nSignature: Microsoft Windows\r\nSignatureStatus: Valid","Hostname":"WORKSTATION5","ProcessId":"10188","Description":"Windows Diagnostic Infrastructure","Company":"Microsoft Corporation","Signed":"true","OriginalFileName":"wdi.dll"}
{"TimeCreated":"2020-10-21 12:19:04.478","SourceName":"Microsoft-Windows-Sysmon","SignatureStatus":"Valid","Signature":"Microsoft Windows","Product":"Microsoft Windows Operating System","Hashes":"SHA1=756686FFA8B623C0D363F1104CD992C976D2646C,MD5=431151D8C73561916A3B94F999FA7588,SHA256=6AE30B39DA6C511DF8D87C34008F00E800AF598B9420159B4C6E821366675FEB,IMPHASH=084B9FD27C42398DF063BD1A6C45BF11","UtcTime":"2020-10-21 04:19:04.463","ProcessGuid":"{39e4a257-b6b8-5f8f-710c-000000000700}","Image":"C:\\Windows\\System32\\netsh.exe","ImageLoaded":"C:\\Windows\\System32\\mintdh.dll","EventID":7,"Channel":"Microsoft-Windows-Sysmon/Operational","Task":"7","RuleName":"-","FileVersion":"10.0.18362.1 (WinBuild.160101.0800)","Message":"Image loaded:\r\nRuleName: -\r\nUtcTime: 2020-10-21 04:19:04.463\r\nProcessGuid: {39e4a257-b6b8-5f8f-710c-000000000700}\r\nProcessId: 10188\r\nImage: C:\\Windows\\System32\\netsh.exe\r\nImageLoaded: C:\\Windows\\System32\\mintdh.dll\r\nFileVersion: 10.0.18362.1 (WinBuild.160101.0800)\r\nDescription: Event Trace Helper Library\r\nProduct: Microsoft Windows Operating System\r\nCompany: Microsoft Corporation\r\nOriginalFileName: mintdh.dll\r\nHashes: SHA1=756686FFA8B623C0D363F1104CD992C976D2646C,MD5=431151D8C73561916A3B94F999FA7588,SHA256=6AE30B39DA6C511DF8D87C34008F00E800AF598B9420159B4C6E821366675FEB,IMPHASH=084B9FD27C42398DF063BD1A6C45BF11\r\nSigned: true\r\nSignature: Microsoft Windows\r\nSignatureStatus: Valid","Hostname":"WORKSTATION5","ProcessId":"10188","Description":"Event Trace Helper Library","Company":"Microsoft Corporation","Signed":"true","OriginalFileName":"mintdh.dll"}
{"TimeCreated":"2020-10-21 12:19:04.481","SourceName":"Microsoft-Windows-Sysmon","SignatureStatus":"Valid","Signature":"Microsoft Windows","Product":"Microsoft Windows Operating System","Hashes":"SHA1=FA1E6C28B012B8CC3D02C8F5FF73E09A980061AB,MD5=E8E2A932B03F16D2BD53647640ABCC10,SHA256=4770303A14EDD59E0BE1CAB44E02D467736222B2363B753BF5A5859725D91371,IMPHASH=362DA2C865C70CB8943DFB1EE1D242E3","UtcTime":"2020-10-21 04:19:04.463","ProcessGuid":"{39e4a257-b6b8-5f8f-710c-000000000700}","Image":"C:\\Windows\\System32\\netsh.exe","ImageLoaded":"C:\\Windows\\System32\\nshhttp.dll","EventID":7,"Channel":"Microsoft-Windows-Sysmon/Operational","Task":"7","RuleName":"-","FileVersion":"10.0.18362.1 (WinBuild.160101.0800)","Message":"Image loaded:\r\nRuleName: -\r\nUtcTime: 2020-10-21 04:19:04.463\r\nProcessGuid: {39e4a257-b6b8-5f8f-710c-000000000700}\r\nProcessId: 10188\r\nImage: C:\\Windows\\System32\\netsh.exe\r\nImageLoaded: C:\\Windows\\System32\\nshhttp.dll\r\nFileVersion: 10.0.18362.1 (WinBuild.160101.0800)\r\nDescription: HTTP netsh DLL\r\nProduct: Microsoft Windows Operating System\r\nCompany: Microsoft Corporation\r\nOriginalFileName: nshhttp.dll\r\nHashes: SHA1=FA1E6C28B012B8CC3D02C8F5FF73E09A980061AB,MD5=E8E2A932B03F16D2BD53647640ABCC10,SHA256=4770303A14EDD59E0BE1CAB44E02D467736222B2363B753BF5A5859725D91371,IMPHASH=362DA2C865C70CB8943DFB1EE1D242E3\r\nSigned: true\r\nSignature: Microsoft Windows\r\nSignatureStatus: Valid","Hostname":"WORKSTATION5","ProcessId":"10188","Description":"HTTP netsh DLL","Company":"Microsoft Corporation","Signed":"true","OriginalFileName":"nshhttp.dll"}
{"TimeCreated":"2020-10-21 12:19:04.484","SourceName":"Microsoft-Windows-Sysmon","SignatureStatus":"Valid","Signature":"Microsoft Windows","Product":"Microsoft Windows Operating System","Hashes":"SHA1=C608B077806D8B905C50FC023B8A4666CC35A1B3,MD5=38AFA52FD7161B95F3927CC6B95896B6,SHA256=5B47DBE7FFF515409EC916AEB152503798CE453871BE34823870BD50C38643F0,IMPHASH=CC2E69927A5241B7E666C7698B40F6AE","UtcTime":"2020-10-21 04:19:04.463","ProcessGuid":"{39e4a257-b6b8-5f8f-710c-000000000700}","Image":"C:\\Windows\\System32\\netsh.exe","ImageLoaded":"C:\\Windows\\System32\\httpapi.dll","EventID":7,"Channel":"Microsoft-Windows-Sysmon/Operational","Task":"7","RuleName":"-","FileVersion":"10.0.18362.1 (WinBuild.160101.0800)","Message":"Image loaded:\r\nRuleName: -\r\nUtcTime: 2020-10-21 04:19:04.463\r\nProcessGuid: {39e4a257-b6b8-5f8f-710c-000000000700}\r\nProcessId: 10188\r\nImage: C:\\Windows\\System32\\netsh.exe\r\nImageLoaded: C:\\Windows\\System32\\httpapi.dll\r\nFileVersion: 10.0.18362.1 (WinBuild.160101.0800)\r\nDescription: HTTP Protocol Stack API\r\nProduct: Microsoft Windows Operating System\r\nCompany: Microsoft Corporation\r\nOriginalFileName: httpapi.dll\r\nHashes: SHA1=C608B077806D8B905C50FC023B8A4666CC35A1B3,MD5=38AFA52FD7161B95F3927CC6B95896B6,SHA256=5B47DBE7FFF515409EC916AEB152503798CE453871BE34823870BD50C38643F0,IMPHASH=CC2E69927A5241B7E666C7698B40F6AE\r\nSigned: true\r\nSignature: Microsoft Windows\r\nSignatureStatus: Valid","Hostname":"WORKSTATION5","ProcessId":"10188","Description":"HTTP Protocol Stack API","Company":"Microsoft Corporation","Signed":"true","OriginalFileName":"httpapi.dll"}
{"TimeCreated":"2020-10-21 12:19:04.485","SourceName":"Microsoft-Windows-Sysmon","SignatureStatus":"Valid","Signature":"Microsoft Windows","Product":"Microsoft Windows Operating System","Hashes":"SHA1=EB6822ED6B1160BAD3BC0492774794287E7A274D,MD5=CD88C87C8664F94E3924A425DB26A939,SHA256=1A0904CF59F91184683CEACB8C931B058B827A7CB5E7D4DE43957CD53DCE4AA0,IMPHASH=3CEBF174830E1F5EDEFCF7BD5DA1AA0E","UtcTime":"2020-10-21 04:19:04.463","ProcessGuid":"{39e4a257-b6b8-5f8f-710c-000000000700}","Image":"C:\\Windows\\System32\\netsh.exe","ImageLoaded":"C:\\Windows\\System32\\nshipsec.dll","EventID":7,"Channel":"Microsoft-Windows-Sysmon/Operational","Task":"7","RuleName":"-","FileVersion":"10.0.18362.1 (WinBuild.160101.0800)","Message":"Image loaded:\r\nRuleName: -\r\nUtcTime: 2020-10-21 04:19:04.463\r\nProcessGuid: {39e4a257-b6b8-5f8f-710c-000000000700}\r\nProcessId: 10188\r\nImage: C:\\Windows\\System32\\netsh.exe\r\nImageLoaded: C:\\Windows\\System32\\nshipsec.dll\r\nFileVersion: 10.0.18362.1 (WinBuild.160101.0800)\r\nDescription: Net Shell IP Security helper DLL\r\nProduct: Microsoft Windows Operating System\r\nCompany: Microsoft Corporation\r\nOriginalFileName: nshipsec.dll\r\nHashes: SHA1=EB6822ED6B1160BAD3BC0492774794287E7A274D,MD5=CD88C87C8664F94E3924A425DB26A939,SHA256=1A0904CF59F91184683CEACB8C931B058B827A7CB5E7D4DE43957CD53DCE4AA0,IMPHASH=3CEBF174830E1F5EDEFCF7BD5DA1AA0E\r\nSigned: true\r\nSignature: Microsoft Windows\r\nSignatureStatus: Valid","Hostname":"WORKSTATION5","ProcessId":"10188","Description":"Net Shell IP Security helper DLL","Company":"Microsoft Corporation","Signed":"true","OriginalFileName":"nshipsec.dll"}
{"TimeCreated":"2020-10-21 12:19:04.485","SourceName":"Microsoft-Windows-Sysmon","SignatureStatus":"Valid","Signature":"Microsoft Windows","Product":"Microsoft Windows Operating System","Hashes":"SHA1=7A9DD389B0E3C124D4BFE5C1FF15F9A93285514F,MD5=1676DE3980DF1D78E14B172989916570,SHA256=E832E3A58B542E15A169B1545CE82451ACE19BD361FD81764383048528F9B540,IMPHASH=F523F043ACCD8EF1D89F5FD34B5CBBA6","UtcTime":"2020-10-21 04:19:04.463","ProcessGuid":"{39e4a257-b6b8-5f8f-710c-000000000700}","Image":"C:\\Windows\\System32\\netsh.exe","ImageLoaded":"C:\\Windows\\System32\\crypt32.dll","EventID":7,"Channel":"Microsoft-Windows-Sysmon/Operational","Task":"7","RuleName":"-","FileVersion":"10.0.18362.592 (WinBuild.160101.0800)","Message":"Image loaded:\r\nRuleName: -\r\nUtcTime: 2020-10-21 04:19:04.463\r\nProcessGuid: {39e4a257-b6b8-5f8f-710c-000000000700}\r\nProcessId: 10188\r\nImage: C:\\Windows\\System32\\netsh.exe\r\nImageLoaded: C:\\Windows\\System32\\crypt32.dll\r\nFileVersion: 10.0.18362.592 (WinBuild.160101.0800)\r\nDescription: Crypto API32\r\nProduct: Microsoft Windows Operating System\r\nCompany: Microsoft Corporation\r\nOriginalFileName: CRYPT32.DLL\r\nHashes: SHA1=7A9DD389B0E3C124D4BFE5C1FF15F9A93285514F,MD5=1676DE3980DF1D78E14B172989916570,SHA256=E832E3A58B542E15A169B1545CE82451ACE19BD361FD81764383048528F9B540,IMPHASH=F523F043ACCD8EF1D89F5FD34B5CBBA6\r\nSigned: true\r\nSignature: Microsoft Windows\r\nSignatureStatus: Valid","Hostname":"WORKSTATION5","ProcessId":"10188","Description":"Crypto API32","Company":"Microsoft Corporation","Signed":"true","OriginalFileName":"CRYPT32.DLL"}
{"TimeCreated":"2020-10-21 12:19:04.485","SourceName":"Microsoft-Windows-Sysmon","SignatureStatus":"Valid","Signature":"Microsoft Windows","Product":"Microsoft Windows Operating System","Hashes":"SHA1=F1F2A398A07419B588494558430A141884AD66EF,MD5=23D95BFDCD23EC6AFFF7E4B0703CE464,SHA256=18DE438E2C068383700C5A87423B70B251302F0D5107F331BC7EDE5097504907,IMPHASH=F79599CA729D557E0381EC0A41471A27","UtcTime":"2020-10-21 04:19:04.463","ProcessGuid":"{39e4a257-b6b8-5f8f-710c-000000000700}","Image":"C:\\Windows\\System32\\netsh.exe","ImageLoaded":"C:\\Windows\\System32\\msasn1.dll","EventID":7,"Channel":"Microsoft-Windows-Sysmon/Operational","Task":"7","RuleName":"-","FileVersion":"10.0.18362.1 (WinBuild.160101.0800)","Message":"Image loaded:\r\nRuleName: -\r\nUtcTime: 2020-10-21 04:19:04.463\r\nProcessGuid: {39e4a257-b6b8-5f8f-710c-000000000700}\r\nProcessId: 10188\r\nImage: C:\\Windows\\System32\\netsh.exe\r\nImageLoaded: C:\\Windows\\System32\\msasn1.dll\r\nFileVersion: 10.0.18362.1 (WinBuild.160101.0800)\r\nDescription: ASN.1 Runtime APIs\r\nProduct: Microsoft Windows Operating System\r\nCompany: Microsoft Corporation\r\nOriginalFileName: msasn1.dll\r\nHashes: SHA1=F1F2A398A07419B588494558430A141884AD66EF,MD5=23D95BFDCD23EC6AFFF7E4B0703CE464,SHA256=18DE438E2C068383700C5A87423B70B251302F0D5107F331BC7EDE5097504907,IMPHASH=F79599CA729D557E0381EC0A41471A27\r\nSigned: true\r\nSignature: Microsoft Windows\r\nSignatureStatus: Valid","Hostname":"WORKSTATION5","ProcessId":"10188","Description":"ASN.1 Runtime APIs","Company":"Microsoft Corporation","Signed":"true","OriginalFileName":"msasn1.dll"}
{"TimeCreated":"2020-10-21 12:19:04.486","SourceName":"Microsoft-Windows-Sysmon","SignatureStatus":"Valid","Signature":"Microsoft Windows","Product":"Microsoft Windows Operating System","Hashes":"SHA1=FC578336307198EB7705E51CB41B7F8D1E7005F3,MD5=B5279E0D137AB95A787539323646954E,SHA256=E710817B205BE4D9F6857C62C2C8DB4995AD7D122B8C29552C6CD5DDC55FE78E,IMPHASH=F7AEA6F23FD3BA4DA0381D63C6FC222E","UtcTime":"2020-10-21 04:19:04.463","ProcessGuid":"{39e4a257-b6b8-5f8f-710c-000000000700}","Image":"C:\\Windows\\System32\\netsh.exe","ImageLoaded":"C:\\Windows\\System32\\Wldap32.dll","EventID":7,"Channel":"Microsoft-Windows-Sysmon/Operational","Task":"7","RuleName":"-","FileVersion":"10.0.18362.449 (WinBuild.160101.0800)","Message":"Image loaded:\r\nRuleName: -\r\nUtcTime: 2020-10-21 04:19:04.463\r\nProcessGuid: {39e4a257-b6b8-5f8f-710c-000000000700}\r\nProcessId: 10188\r\nImage: C:\\Windows\\System32\\netsh.exe\r\nImageLoaded: C:\\Windows\\System32\\Wldap32.dll\r\nFileVersion: 10.0.18362.449 (WinBuild.160101.0800)\r\nDescription: Win32 LDAP API DLL\r\nProduct: Microsoft Windows Operating System\r\nCompany: Microsoft Corporation\r\nOriginalFileName: WLDAP32.DLL\r\nHashes: SHA1=FC578336307198EB7705E51CB41B7F8D1E7005F3,MD5=B5279E0D137AB95A787539323646954E,SHA256=E710817B205BE4D9F6857C62C2C8DB4995AD7D122B8C29552C6CD5DDC55FE78E,IMPHASH=F7AEA6F23FD3BA4DA0381D63C6FC222E\r\nSigned: true\r\nSignature: Microsoft Windows\r\nSignatureStatus: Valid","Hostname":"WORKSTATION5","ProcessId":"10188","Description":"Win32 LDAP API DLL","Company":"Microsoft Corporation","Signed":"true","OriginalFileName":"WLDAP32.DLL"}
{"TimeCreated":"2020-10-21 12:19:04.487","SourceName":"Microsoft-Windows-Sysmon","SignatureStatus":"Valid","Signature":"Microsoft Windows","Product":"Microsoft Windows Operating System","Hashes":"SHA1=6767284D50E4B23357C234D4CCF9FD05D821CD78,MD5=6DC9184E8E2827C756E74F7C685FFAD3,SHA256=8F0FB258D463DB0B1CEC91797816E427A125EE8EE46F9CF845678BEDB776D9AE,IMPHASH=B27EC605C3878D5AFB745034F25A7E03","UtcTime":"2020-10-21 04:19:04.463","ProcessGuid":"{39e4a257-b6b8-5f8f-710c-000000000700}","Image":"C:\\Windows\\System32\\netsh.exe","ImageLoaded":"C:\\Windows\\System32\\userenv.dll","EventID":7,"Channel":"Microsoft-Windows-Sysmon/Operational","Task":"7","RuleName":"-","FileVersion":"10.0.18362.1139 (WinBuild.160101.0800)","Message":"Image loaded:\r\nRuleName: -\r\nUtcTime: 2020-10-21 04:19:04.463\r\nProcessGuid: {39e4a257-b6b8-5f8f-710c-000000000700}\r\nProcessId: 10188\r\nImage: C:\\Windows\\System32\\netsh.exe\r\nImageLoaded: C:\\Windows\\System32\\userenv.dll\r\nFileVersion: 10.0.18362.1139 (WinBuild.160101.0800)\r\nDescription: Userenv\r\nProduct: Microsoft Windows Operating System\r\nCompany: Microsoft Corporation\r\nOriginalFileName: userenv.dll\r\nHashes: SHA1=6767284D50E4B23357C234D4CCF9FD05D821CD78,MD5=6DC9184E8E2827C756E74F7C685FFAD3,SHA256=8F0FB258D463DB0B1CEC91797816E427A125EE8EE46F9CF845678BEDB776D9AE,IMPHASH=B27EC605C3878D5AFB745034F25A7E03\r\nSigned: true\r\nSignature: Microsoft Windows\r\nSignatureStatus: Valid","Hostname":"WORKSTATION5","ProcessId":"10188","Description":"Userenv","Company":"Microsoft Corporation","Signed":"true","OriginalFileName":"userenv.dll"}
{"TimeCreated":"2020-10-21 12:19:04.487","SourceName":"Microsoft-Windows-Sysmon","SignatureStatus":"Valid","Signature":"Microsoft Windows","Product":"Microsoft Windows Operating System","Hashes":"SHA1=EADAB7D0F7CEA9C6C292308C50672776AFBA216D,MD5=AA357A587802848BD310C66166948DAA,SHA256=3438CD45233295D70A86B5F412319752039336CF8E9B0B4F12235EE309F6AAE3,IMPHASH=0EE180C40BE7065C4D3C53E2BEC29F75","UtcTime":"2020-10-21 04:19:04.463","ProcessGuid":"{39e4a257-b6b8-5f8f-710c-000000000700}","Image":"C:\\Windows\\System32\\netsh.exe","ImageLoaded":"C:\\Windows\\System32\\activeds.dll","EventID":7,"Channel":"Microsoft-Windows-Sysmon/Operational","Task":"7","RuleName":"-","FileVersion":"10.0.18362.1 (WinBuild.160101.0800)","Message":"Image loaded:\r\nRuleName: -\r\nUtcTime: 2020-10-21 04:19:04.463\r\nProcessGuid: {39e4a257-b6b8-5f8f-710c-000000000700}\r\nProcessId: 10188\r\nImage: C:\\Windows\\System32\\netsh.exe\r\nImageLoaded: C:\\Windows\\System32\\activeds.dll\r\nFileVersion: 10.0.18362.1 (WinBuild.160101.0800)\r\nDescription: ADs Router Layer DLL\r\nProduct: Microsoft Windows Operating System\r\nCompany: Microsoft Corporation\r\nOriginalFileName: ADs\r\nHashes: SHA1=EADAB7D0F7CEA9C6C292308C50672776AFBA216D,MD5=AA357A587802848BD310C66166948DAA,SHA256=3438CD45233295D70A86B5F412319752039336CF8E9B0B4F12235EE309F6AAE3,IMPHASH=0EE180C40BE7065C4D3C53E2BEC29F75\r\nSigned: true\r\nSignature: Microsoft Windows\r\nSignatureStatus: Valid","Hostname":"WORKSTATION5","ProcessId":"10188","Description":"ADs Router Layer DLL","Company":"Microsoft Corporation","Signed":"true","OriginalFileName":"ADs"}
{"TimeCreated":"2020-10-21 12:19:04.488","SourceName":"Microsoft-Windows-Sysmon","SignatureStatus":"Valid","Signature":"Microsoft Windows","Product":"Microsoft Windows Operating System","Hashes":"SHA1=5EB0719CA7D67CE49BCD1F6AC97FEC18A08448EA,MD5=F712BA381940DFB3D472856224BCD2E3,SHA256=38F3FBA736EC6F6F4BCDF2172D7755C119EE77C3FAC111D7F19EBD6A81E95E4B,IMPHASH=51AA3DE36A57BF8D3E275BA5D9229FB1","UtcTime":"2020-10-21 04:19:04.463","ProcessGuid":"{39e4a257-b6b8-5f8f-710c-000000000700}","Image":"C:\\Windows\\System32\\netsh.exe","ImageLoaded":"C:\\Windows\\System32\\polstore.dll","EventID":7,"Channel":"Microsoft-Windows-Sysmon/Operational","Task":"7","RuleName":"-","FileVersion":"10.0.18362.1 (WinBuild.160101.0800)","Message":"Image loaded:\r\nRuleName: -\r\nUtcTime: 2020-10-21 04:19:04.463\r\nProcessGuid: {39e4a257-b6b8-5f8f-710c-000000000700}\r\nProcessId: 10188\r\nImage: C:\\Windows\\System32\\netsh.exe\r\nImageLoaded: C:\\Windows\\System32\\polstore.dll\r\nFileVersion: 10.0.18362.1 (WinBuild.160101.0800)\r\nDescription: Policy Storage dll\r\nProduct: Microsoft Windows Operating System\r\nCompany: Microsoft Corporation\r\nOriginalFileName: polstore.dll\r\nHashes: SHA1=5EB0719CA7D67CE49BCD1F6AC97FEC18A08448EA,MD5=F712BA381940DFB3D472856224BCD2E3,SHA256=38F3FBA736EC6F6F4BCDF2172D7755C119EE77C3FAC111D7F19EBD6A81E95E4B,IMPHASH=51AA3DE36A57BF8D3E275BA5D9229FB1\r\nSigned: true\r\nSignature: Microsoft Windows\r\nSignatureStatus: Valid","Hostname":"WORKSTATION5","ProcessId":"10188","Description":"Policy Storage dll","Company":"Microsoft Corporation","Signed":"true","OriginalFileName":"polstore.dll"}
{"TimeCreated":"2020-10-21 12:19:04.488","SourceName":"Microsoft-Windows-Sysmon","SignatureStatus":"Valid","Signature":"Microsoft Windows","Product":"Microsoft Windows Operating System","Hashes":"SHA1=2515A24B3999938422A2F3DAF16D20C95FF07D69,MD5=71DD739A6BAF897894644CF732934C6F,SHA256=4697753A9F716D8ACD8F619454F3FC2246E5362AFAAFE357CD3B92155D6E860E,IMPHASH=F9D309523108B05644323D0F1CFBF2A1","UtcTime":"2020-10-21 04:19:04.463","ProcessGuid":"{39e4a257-b6b8-5f8f-710c-000000000700}","Image":"C:\\Windows\\System32\\netsh.exe","ImageLoaded":"C:\\Windows\\System32\\winipsec.dll","EventID":7,"Channel":"Microsoft-Windows-Sysmon/Operational","Task":"7","RuleName":"-","FileVersion":"10.0.18362.1 (WinBuild.160101.0800)","Message":"Image loaded:\r\nRuleName: -\r\nUtcTime: 2020-10-21 04:19:04.463\r\nProcessGuid: {39e4a257-b6b8-5f8f-710c-000000000700}\r\nProcessId: 10188\r\nImage: C:\\Windows\\System32\\netsh.exe\r\nImageLoaded: C:\\Windows\\System32\\winipsec.dll\r\nFileVersion: 10.0.18362.1 (WinBuild.160101.0800)\r\nDescription: Windows IPsec SPD Client DLL\r\nProduct: Microsoft Windows Operating System\r\nCompany: Microsoft Corporation\r\nOriginalFileName: winipsec.dll\r\nHashes: SHA1=2515A24B3999938422A2F3DAF16D20C95FF07D69,MD5=71DD739A6BAF897894644CF732934C6F,SHA256=4697753A9F716D8ACD8F619454F3FC2246E5362AFAAFE357CD3B92155D6E860E,IMPHASH=F9D309523108B05644323D0F1CFBF2A1\r\nSigned: true\r\nSignature: Microsoft Windows\r\nSignatureStatus: Valid","Hostname":"WORKSTATION5","ProcessId":"10188","Description":"Windows IPsec SPD Client DLL","Company":"Microsoft Corporation","Signed":"true","OriginalFileName":"winipsec.dll"}
{"TimeCreated":"2020-10-21 12:19:04.489","SourceName":"Microsoft-Windows-Sysmon","SignatureStatus":"Valid","Signature":"Microsoft Windows","Product":"Microsoft Windows Operating System","Hashes":"SHA1=A7F37E0E0AC5369C7CA6528B6282AFCC1ACF1F45,MD5=3ECC23A415568AD67F9A0293B2D801CE,SHA256=AD0D54107118F6EBCF826F0A0E46D78D1115263F86E5C5A0452117C8A026E357,IMPHASH=7179BA3C109CDDEC2ECA5DF68BF7DC63","UtcTime":"2020-10-21 04:19:04.463","ProcessGuid":"{39e4a257-b6b8-5f8f-710c-000000000700}","Image":"C:\\Windows\\System32\\netsh.exe","ImageLoaded":"C:\\Windows\\System32\\adsldpc.dll","EventID":7,"Channel":"Microsoft-Windows-Sysmon/Operational","Task":"7","RuleName":"-","FileVersion":"10.0.18362.1 (WinBuild.160101.0800)","Message":"Image loaded:\r\nRuleName: -\r\nUtcTime: 2020-10-21 04:19:04.463\r\nProcessGuid: {39e4a257-b6b8-5f8f-710c-000000000700}\r\nProcessId: 10188\r\nImage: C:\\Windows\\System32\\netsh.exe\r\nImageLoaded: C:\\Windows\\System32\\adsldpc.dll\r\nFileVersion: 10.0.18362.1 (WinBuild.160101.0800)\r\nDescription: ADs LDAP Provider C DLL\r\nProduct: Microsoft Windows Operating System\r\nCompany: Microsoft Corporation\r\nOriginalFileName: adsldpc\r\nHashes: SHA1=A7F37E0E0AC5369C7CA6528B6282AFCC1ACF1F45,MD5=3ECC23A415568AD67F9A0293B2D801CE,SHA256=AD0D54107118F6EBCF826F0A0E46D78D1115263F86E5C5A0452117C8A026E357,IMPHASH=7179BA3C109CDDEC2ECA5DF68BF7DC63\r\nSigned: true\r\nSignature: Microsoft Windows\r\nSignatureStatus: Valid","Hostname":"WORKSTATION5","ProcessId":"10188","Description":"ADs LDAP Provider C DLL","Company":"Microsoft Corporation","Signed":"true","OriginalFileName":"adsldpc"}
{"TimeCreated":"2020-10-21 12:19:04.490","SourceName":"Microsoft-Windows-Sysmon","SignatureStatus":"Valid","Signature":"Microsoft Windows","Product":"Microsoft Windows Operating System","Hashes":"SHA1=A7F37E0E0AC5369C7CA6528B6282AFCC1ACF1F45,MD5=3ECC23A415568AD67F9A0293B2D801CE,SHA256=AD0D54107118F6EBCF826F0A0E46D78D1115263F86E5C5A0452117C8A026E357,IMPHASH=7179BA3C109CDDEC2ECA5DF68BF7DC63","UtcTime":"2020-10-21 04:19:04.463","ProcessGuid":"{39e4a257-b6b8-5f8f-710c-000000000700}","Image":"C:\\Windows\\System32\\netsh.exe","ImageLoaded":"C:\\Windows\\System32\\adsldpc.dll","EventID":7,"Channel":"Microsoft-Windows-Sysmon/Operational","Task":"7","RuleName":"-","FileVersion":"10.0.18362.1 (WinBuild.160101.0800)","Message":"Image loaded:\r\nRuleName: -\r\nUtcTime: 2020-10-21 04:19:04.463\r\nProcessGuid: {39e4a257-b6b8-5f8f-710c-000000000700}\r\nProcessId: 10188\r\nImage: C:\\Windows\\System32\\netsh.exe\r\nImageLoaded: C:\\Windows\\System32\\adsldpc.dll\r\nFileVersion: 10.0.18362.1 (WinBuild.160101.0800)\r\nDescription: ADs LDAP Provider C DLL\r\nProduct: Microsoft Windows Operating System\r\nCompany: Microsoft Corporation\r\nOriginalFileName: adsldpc\r\nHashes: SHA1=A7F37E0E0AC5369C7CA6528B6282AFCC1ACF1F45,MD5=3ECC23A415568AD67F9A0293B2D801CE,SHA256=AD0D54107118F6EBCF826F0A0E46D78D1115263F86E5C5A0452117C8A026E357,IMPHASH=7179BA3C109CDDEC2ECA5DF68BF7DC63\r\nSigned: true\r\nSignature: Microsoft Windows\r\nSignatureStatus: Valid","Hostname":"WORKSTATION5","ProcessId":"10188","Description":"ADs LDAP Provider C DLL","Company":"Microsoft Corporation","Signed":"true","OriginalFileName":"adsldpc"}
{"TimeCreated":"2020-10-21 12:19:04.491","SourceName":"Microsoft-Windows-Sysmon","SignatureStatus":"Valid","Signature":"Microsoft Windows","Product":"Microsoft Windows Operating System","Hashes":"SHA1=CE3ACF802765D9D621CDF901B946BAA03E4D55CC,MD5=BB64D71517608692E3365B4A655B50D7,SHA256=433EC580F5446227208303E07C7C2F874BBEACD3CB86C7D6EFD6DEB8FD52C27A,IMPHASH=E5849FCF5DF3B62D73098C82D6E48B43","UtcTime":"2020-10-21 04:19:04.479","ProcessGuid":"{39e4a257-b6b8-5f8f-710c-000000000700}","Image":"C:\\Windows\\System32\\netsh.exe","ImageLoaded":"C:\\Windows\\System32\\nshwfp.dll","EventID":7,"Channel":"Microsoft-Windows-Sysmon/Operational","Task":"7","RuleName":"-","FileVersion":"10.0.18362.1110 (WinBuild.160101.0800)","Message":"Image loaded:\r\nRuleName: -\r\nUtcTime: 2020-10-21 04:19:04.479\r\nProcessGuid: {39e4a257-b6b8-5f8f-710c-000000000700}\r\nProcessId: 10188\r\nImage: C:\\Windows\\System32\\netsh.exe\r\nImageLoaded: C:\\Windows\\System32\\nshwfp.dll\r\nFileVersion: 10.0.18362.1110 (WinBuild.160101.0800)\r\nDescription: Windows Filtering Platform Netsh Helper\r\nProduct: Microsoft Windows Operating System\r\nCompany: Microsoft Corporation\r\nOriginalFileName: nshwfp.dll\r\nHashes: SHA1=CE3ACF802765D9D621CDF901B946BAA03E4D55CC,MD5=BB64D71517608692E3365B4A655B50D7,SHA256=433EC580F5446227208303E07C7C2F874BBEACD3CB86C7D6EFD6DEB8FD52C27A,IMPHASH=E5849FCF5DF3B62D73098C82D6E48B43\r\nSigned: true\r\nSignature: Microsoft Windows\r\nSignatureStatus: Valid","Hostname":"WORKSTATION5","ProcessId":"10188","Description":"Windows Filtering Platform Netsh Helper","Company":"Microsoft Corporation","Signed":"true","OriginalFileName":"nshwfp.dll"}
{"TimeCreated":"2020-10-21 12:19:04.492","SourceName":"Microsoft-Windows-Sysmon","SignatureStatus":"Valid","Signature":"Microsoft Windows","Product":"Microsoft Windows Operating System","Hashes":"SHA1=9E71C7231C6DAB9864AF90E8A10FA419577E835F,MD5=D52CE4DBB7605E76EE088CC7EB19D147,SHA256=86609D073F7F769DAF0C3B3E8EC32503D727932896C9C62925FD7979ECC42366,IMPHASH=70C2163A31BA0B9482E5CE33E0D2BEBF","UtcTime":"2020-10-21 04:19:04.479","ProcessGuid":"{39e4a257-b6b8-5f8f-710c-000000000700}","Image":"C:\\Windows\\System32\\netsh.exe","ImageLoaded":"C:\\Windows\\System32\\cabinet.dll","EventID":7,"Channel":"Microsoft-Windows-Sysmon/Operational","Task":"7","RuleName":"-","FileVersion":"5.00 (WinBuild.160101.0800)","Message":"Image loaded:\r\nRuleName: -\r\nUtcTime: 2020-10-21 04:19:04.479\r\nProcessGuid: {39e4a257-b6b8-5f8f-710c-000000000700}\r\nProcessId: 10188\r\nImage: C:\\Windows\\System32\\netsh.exe\r\nImageLoaded: C:\\Windows\\System32\\cabinet.dll\r\nFileVersion: 5.00 (WinBuild.160101.0800)\r\nDescription: Microsoft Cabinet File API\r\nProduct: Microsoft Windows Operating System\r\nCompany: Microsoft Corporation\r\nOriginalFileName: cabinet.dll\r\nHashes: SHA1=9E71C7231C6DAB9864AF90E8A10FA419577E835F,MD5=D52CE4DBB7605E76EE088CC7EB19D147,SHA256=86609D073F7F769DAF0C3B3E8EC32503D727932896C9C62925FD7979ECC42366,IMPHASH=70C2163A31BA0B9482E5CE33E0D2BEBF\r\nSigned: true\r\nSignature: Microsoft Windows\r\nSignatureStatus: Valid","Hostname":"WORKSTATION5","ProcessId":"10188","Description":"Microsoft Cabinet File API","Company":"Microsoft Corporation","Signed":"true","OriginalFileName":"cabinet.dll"}
{"TimeCreated":"2020-10-21 12:19:04.493","SourceName":"Microsoft-Windows-Sysmon","SignatureStatus":"Valid","Signature":"Microsoft Windows","Product":"Microsoft Windows Operating System","Hashes":"SHA1=710F593109F01EEFB13569CDB833B0FF72110F2E,MD5=8065A426D5134484EC62EF05C2CB86C9,SHA256=BD8E498504CA2D7435F99FD00D1121F21F600C57F5E7F465FF938C9F7DA24FA7,IMPHASH=6F692877DD3110FC8B2AC4336E42AFF5","UtcTime":"2020-10-21 04:19:04.479","ProcessGuid":"{39e4a257-b6b8-5f8f-710c-000000000700}","Image":"C:\\Windows\\System32\\netsh.exe","ImageLoaded":"C:\\Windows\\System32\\p2pnetsh.dll","EventID":7,"Channel":"Microsoft-Windows-Sysmon/Operational","Task":"7","RuleName":"-","FileVersion":"10.0.18362.295 (WinBuild.160101.0800)","Message":"Image loaded:\r\nRuleName: -\r\nUtcTime: 2020-10-21 04:19:04.479\r\nProcessGuid: {39e4a257-b6b8-5f8f-710c-000000000700}\r\nProcessId: 10188\r\nImage: C:\\Windows\\System32\\netsh.exe\r\nImageLoaded: C:\\Windows\\System32\\p2pnetsh.dll\r\nFileVersion: 10.0.18362.295 (WinBuild.160101.0800)\r\nDescription: Peer-to-Peer NetSh Helper\r\nProduct: Microsoft Windows Operating System\r\nCompany: Microsoft Corporation\r\nOriginalFileName: p2pnetsh.dll\r\nHashes: SHA1=710F593109F01EEFB13569CDB833B0FF72110F2E,MD5=8065A426D5134484EC62EF05C2CB86C9,SHA256=BD8E498504CA2D7435F99FD00D1121F21F600C57F5E7F465FF938C9F7DA24FA7,IMPHASH=6F692877DD3110FC8B2AC4336E42AFF5\r\nSigned: true\r\nSignature: Microsoft Windows\r\nSignatureStatus: Valid","Hostname":"WORKSTATION5","ProcessId":"10188","Description":"Peer-to-Peer NetSh Helper","Company":"Microsoft Corporation","Signed":"true","OriginalFileName":"p2pnetsh.dll"}
{"TimeCreated":"2020-10-21 12:19:04.494","SourceName":"Microsoft-Windows-Sysmon","SignatureStatus":"Valid","Signature":"Microsoft Windows","Product":"Microsoft Windows Operating System","Hashes":"SHA1=524B485EE6A87754AAC71F822AE58E8286821D6A,MD5=77D772E1C65F9E1F631CB329E0632A26,SHA256=9722136A9498C86ACEC0554FEB7F6AE6DFD2E974E30C70513FE98139201F32A1,IMPHASH=2B2EB0E07656EED7E06650B616F923EB","UtcTime":"2020-10-21 04:19:04.479","ProcessGuid":"{39e4a257-b6b8-5f8f-710c-000000000700}","Image":"C:\\Windows\\System32\\netsh.exe","ImageLoaded":"C:\\Windows\\System32\\P2P.dll","EventID":7,"Channel":"Microsoft-Windows-Sysmon/Operational","Task":"7","RuleName":"-","FileVersion":"10.0.18362.1082 (WinBuild.160101.0800)","Message":"Image loaded:\r\nRuleName: -\r\nUtcTime: 2020-10-21 04:19:04.479\r\nProcessGuid: {39e4a257-b6b8-5f8f-710c-000000000700}\r\nProcessId: 10188\r\nImage: C:\\Windows\\System32\\netsh.exe\r\nImageLoaded: C:\\Windows\\System32\\P2P.dll\r\nFileVersion: 10.0.18362.1082 (WinBuild.160101.0800)\r\nDescription: Peer-to-Peer Grouping\r\nProduct: Microsoft Windows Operating System\r\nCompany: Microsoft Corporation\r\nOriginalFileName: p2p.dll\r\nHashes: SHA1=524B485EE6A87754AAC71F822AE58E8286821D6A,MD5=77D772E1C65F9E1F631CB329E0632A26,SHA256=9722136A9498C86ACEC0554FEB7F6AE6DFD2E974E30C70513FE98139201F32A1,IMPHASH=2B2EB0E07656EED7E06650B616F923EB\r\nSigned: true\r\nSignature: Microsoft Windows\r\nSignatureStatus: Valid","Hostname":"WORKSTATION5","ProcessId":"10188","Description":"Peer-to-Peer Grouping","Company":"Microsoft Corporation","Signed":"true","OriginalFileName":"p2p.dll"}
{"TimeCreated":"2020-10-21 12:19:04.494","SourceName":"Microsoft-Windows-Sysmon","SignatureStatus":"Valid","Signature":"Microsoft Windows","Product":"Microsoft Windows Operating System","Hashes":"SHA1=B6093663113CF33A76156CB3F6D4322514F00E4B,MD5=26887DE7D7D1928F52A452E3A63E55E8,SHA256=EA86D9754164CA2C01B4A7F81188B2490CEE1F350E177861A4702C92DFD6D066,IMPHASH=3F27E242D68FC14338677A25FAE441F7","UtcTime":"2020-10-21 04:19:04.479","ProcessGuid":"{39e4a257-b6b8-5f8f-710c-000000000700}","Image":"C:\\Windows\\System32\\netsh.exe","ImageLoaded":"C:\\Windows\\System32\\cryptbase.dll","EventID":7,"Channel":"Microsoft-Windows-Sysmon/Operational","Task":"7","RuleName":"-","FileVersion":"10.0.18362.1 (WinBuild.160101.0800)","Message":"Image loaded:\r\nRuleName: -\r\nUtcTime: 2020-10-21 04:19:04.479\r\nProcessGuid: {39e4a257-b6b8-5f8f-710c-000000000700}\r\nProcessId: 10188\r\nImage: C:\\Windows\\System32\\netsh.exe\r\nImageLoaded: C:\\Windows\\System32\\cryptbase.dll\r\nFileVersion: 10.0.18362.1 (WinBuild.160101.0800)\r\nDescription: Base cryptographic API DLL\r\nProduct: Microsoft Windows Operating System\r\nCompany: Microsoft Corporation\r\nOriginalFileName: cryptbase.dll\r\nHashes: SHA1=B6093663113CF33A76156CB3F6D4322514F00E4B,MD5=26887DE7D7D1928F52A452E3A63E55E8,SHA256=EA86D9754164CA2C01B4A7F81188B2490CEE1F350E177861A4702C92DFD6D066,IMPHASH=3F27E242D68FC14338677A25FAE441F7\r\nSigned: true\r\nSignature: Microsoft Windows\r\nSignatureStatus: Valid","Hostname":"WORKSTATION5","ProcessId":"10188","Description":"Base cryptographic API DLL","Company":"Microsoft Corporation","Signed":"true","OriginalFileName":"cryptbase.dll"}
{"TimeCreated":"2020-10-21 12:19:04.495","SourceName":"Microsoft-Windows-Sysmon","SignatureStatus":"Valid","Signature":"Microsoft Windows","Product":"Microsoft Windows Operating System","Hashes":"SHA1=82AF14CD023BF58C67C6F4E4A3194BAA2C1E1A0C,MD5=8E432209DAF54E619A68D450E861C9E9,SHA256=B8D946C93946864510D6D7E4CC810DBEAF008DA25C6DF9CF5871C979CD6D2263,IMPHASH=00CE5D3D7014818CC40866BDFD22BE77","UtcTime":"2020-10-21 04:19:04.479","ProcessGuid":"{39e4a257-b6b8-5f8f-710c-000000000700}","Image":"C:\\Windows\\System32\\netsh.exe","ImageLoaded":"C:\\Windows\\System32\\rpcnsh.dll","EventID":7,"Channel":"Microsoft-Windows-Sysmon/Operational","Task":"7","RuleName":"-","FileVersion":"10.0.18362.1 (WinBuild.160101.0800)","Message":"Image loaded:\r\nRuleName: -\r\nUtcTime: 2020-10-21 04:19:04.479\r\nProcessGuid: {39e4a257-b6b8-5f8f-710c-000000000700}\r\nProcessId: 10188\r\nImage: C:\\Windows\\System32\\netsh.exe\r\nImageLoaded: C:\\Windows\\System32\\rpcnsh.dll\r\nFileVersion: 10.0.18362.1 (WinBuild.160101.0800)\r\nDescription: RPC Netshell Helper\r\nProduct: Microsoft Windows Operating System\r\nCompany: Microsoft Corporation\r\nOriginalFileName: rpcnsh.dll\r\nHashes: SHA1=82AF14CD023BF58C67C6F4E4A3194BAA2C1E1A0C,MD5=8E432209DAF54E619A68D450E861C9E9,SHA256=B8D946C93946864510D6D7E4CC810DBEAF008DA25C6DF9CF5871C979CD6D2263,IMPHASH=00CE5D3D7014818CC40866BDFD22BE77\r\nSigned: true\r\nSignature: Microsoft Windows\r\nSignatureStatus: Valid","Hostname":"WORKSTATION5","ProcessId":"10188","Description":"RPC Netshell Helper","Company":"Microsoft Corporation","Signed":"true","OriginalFileName":"rpcnsh.dll"}
{"TimeCreated":"2020-10-21 12:19:04.497","SourceName":"Microsoft-Windows-Sysmon","SignatureStatus":"Valid","Signature":"Microsoft Windows","Product":"Microsoft Windows Operating System","Hashes":"SHA1=12FB79BC19DC594C28C36571E43E136B2CCEEA44,MD5=88CEBBA39B62848B0F62C0941B655BF5,SHA256=FFDF0E6CD24C1C5B29681356AB1D7424740F34ABB96AF166CD011F45F1BC590B,IMPHASH=FFE596A1D2DB904E09C3D4E7799B02A9","UtcTime":"2020-10-21 04:19:04.479","ProcessGuid":"{39e4a257-b6b8-5f8f-710c-000000000700}","Image":"C:\\Windows\\System32\\netsh.exe","ImageLoaded":"C:\\Windows\\System32\\WcnNetsh.dll","EventID":7,"Channel":"Microsoft-Windows-Sysmon/Operational","Task":"7","RuleName":"-","FileVersion":"10.0.18362.1 (WinBuild.160101.0800)","Message":"Image loaded:\r\nRuleName: -\r\nUtcTime: 2020-10-21 04:19:04.479\r\nProcessGuid: {39e4a257-b6b8-5f8f-710c-000000000700}\r\nProcessId: 10188\r\nImage: C:\\Windows\\System32\\netsh.exe\r\nImageLoaded: C:\\Windows\\System32\\WcnNetsh.dll\r\nFileVersion: 10.0.18362.1 (WinBuild.160101.0800)\r\nDescription: WCN Netsh Helper DLL\r\nProduct: Microsoft Windows Operating System\r\nCompany: Microsoft Corporation\r\nOriginalFileName: WcnNetsh.dll\r\nHashes: SHA1=12FB79BC19DC594C28C36571E43E136B2CCEEA44,MD5=88CEBBA39B62848B0F62C0941B655BF5,SHA256=FFDF0E6CD24C1C5B29681356AB1D7424740F34ABB96AF166CD011F45F1BC590B,IMPHASH=FFE596A1D2DB904E09C3D4E7799B02A9\r\nSigned: true\r\nSignature: Microsoft Windows\r\nSignatureStatus: Valid","Hostname":"WORKSTATION5","ProcessId":"10188","Description":"WCN Netsh Helper DLL","Company":"Microsoft Corporation","Signed":"true","OriginalFileName":"WcnNetsh.dll"}
