{"@timestamp":"2020-10-23T02:36:43.559Z","TimeCreated":"2020-10-23T02:36:43.559Z","Hashes":"SHA1=B4222C8DC3274CFC3FE54F322D827B2F01FFF036,MD5=EF2BBEAFF07D32A2EC77FB4602FA9664,SHA256=6B47F3E88CDEDF8F31F91940E38A4544818C79D153323262F9F46B21F41D262C,IMPHASH=402DA460E2AC467F4489C588A9941032","Signature":"Microsoft Windows","ProviderGuid":"{5770385f-c22a-43e0-bf4c-06f5698ffbd9}","Company":"Microsoft Corporation","UtcTime":"2020-10-23 06:36:43.549","ProcessGuid":"{39e4a257-79fb-5f92-7117-000000000700}","Image":"C:\\Windows\\System32\\bitsadmin.exe","ImageLoaded":"C:\\Windows\\System32\\bcryptprimitives.dll","Level":"4","Channel":"Microsoft-Windows-Sysmon/Operational","Task":"7","RuleName":"-","FileVersion":"10.0.18362.836 (WinBuild.160101.0800)","SourceName":"Microsoft-Windows-Sysmon","Hostname":"WORKSTATION5","ProcessId":"9260","Description":"Windows Cryptographic Primitives Library","SignatureStatus":"Valid","Product":"Microsoft Windows Operating System","EventID":7,"Keywords":"0x8000000000000000","Signed":"true","OriginalFileName":"bcryptprimitives.dll","Message":"Image loaded:\r\nRuleName: -\r\nUtcTime: 2020-10-23 06:36:43.549\r\nProcessGuid: {39e4a257-79fb-5f92-7117-000000000700}\r\nProcessId: 9260\r\nImage: C:\\Windows\\System32\\bitsadmin.exe\r\nImageLoaded: C:\\Windows\\System32\\bcryptprimitives.dll\r\nFileVersion: 10.0.18362.836 (WinBuild.160101.0800)\r\nDescription: Windows Cryptographic Primitives Library\r\nProduct: Microsoft Windows Operating System\r\nCompany: Microsoft Corporation\r\nOriginalFileName: bcryptprimitives.dll\r\nHashes: SHA1=B4222C8DC3274CFC3FE54F322D827B2F01FFF036,MD5=EF2BBEAFF07D32A2EC77FB4602FA9664,SHA256=6B47F3E88CDEDF8F31F91940E38A4544818C79D153323262F9F46B21F41D262C,IMPHASH=402DA460E2AC467F4489C588A9941032\r\nSigned: true\r\nSignature: Microsoft Windows\r\nSignatureStatus: Valid"}
{"@timestamp":"2020-10-23T02:36:43.560Z","TimeCreated":"2020-10-23T02:36:43.560Z","Hashes":"SHA1=A330EDE32DFA03AE6808EE7FB6916D8DEB8F5DDE,MD5=A094E2B38D3DD864B07580D243CB6E43,SHA256=C441E19D20961D4E990E117A300ED318BEDBF2F8BA0FF07BEE7832AC502CDDF2,IMPHASH=CE4BD072766253F6A267D0284CA82002","Signature":"Microsoft Windows","ProviderGuid":"{5770385f-c22a-43e0-bf4c-06f5698ffbd9}","Company":"Microsoft Corporation","UtcTime":"2020-10-23 06:36:43.549","ProcessGuid":"{39e4a257-79fb-5f92-7117-000000000700}","Image":"C:\\Windows\\System32\\bitsadmin.exe","ImageLoaded":"C:\\Windows\\System32\\sechost.dll","Level":"4","Channel":"Microsoft-Windows-Sysmon/Operational","Task":"7","RuleName":"-","FileVersion":"10.0.18362.959 (WinBuild.160101.0800)","SourceName":"Microsoft-Windows-Sysmon","Hostname":"WORKSTATION5","ProcessId":"9260","Description":"Host for SCM/SDDL/LSA Lookup APIs","SignatureStatus":"Valid","Product":"Microsoft Windows Operating System","EventID":7,"Keywords":"0x8000000000000000","Signed":"true","OriginalFileName":"sechost.dll","Message":"Image loaded:\r\nRuleName: -\r\nUtcTime: 2020-10-23 06:36:43.549\r\nProcessGuid: {39e4a257-79fb-5f92-7117-000000000700}\r\nProcessId: 9260\r\nImage: C:\\Windows\\System32\\bitsadmin.exe\r\nImageLoaded: C:\\Windows\\System32\\sechost.dll\r\nFileVersion: 10.0.18362.959 (WinBuild.160101.0800)\r\nDescription: Host for SCM/SDDL/LSA Lookup APIs\r\nProduct: Microsoft Windows Operating System\r\nCompany: Microsoft Corporation\r\nOriginalFileName: sechost.dll\r\nHashes: SHA1=A330EDE32DFA03AE6808EE7FB6916D8DEB8F5DDE,MD5=A094E2B38D3DD864B07580D243CB6E43,SHA256=C441E19D20961D4E990E117A300ED318BEDBF2F8BA0FF07BEE7832AC502CDDF2,IMPHASH=CE4BD072766253F6A267D0284CA82002\r\nSigned: true\r\nSignature: Microsoft Windows\r\nSignatureStatus: Valid"}
{"@timestamp":"2020-10-23T02:36:43.563Z","TimeCreated":"2020-10-23T02:36:43.563Z","Hashes":"SHA1=A30A81AB6EB472CC79CF9E8C5B47ECA85998801A,MD5=DA9647C845792371DD2F95E1CCC9A63A,SHA256=FE741D2F986B0B9557A90BDF0560F49CD17381D1094C42A91634AABE49F46A1E,IMPHASH=D08C52FA17116C062A28110FE7465D80","Signature":"Microsoft Windows","ProviderGuid":"{5770385f-c22a-43e0-bf4c-06f5698ffbd9}","Company":"Microsoft Corporation","UtcTime":"2020-10-23 06:36:43.561","ProcessGuid":"{39e4a257-79fb-5f92-7117-000000000700}","Image":"C:\\Windows\\System32\\bitsadmin.exe","ImageLoaded":"C:\\Windows\\System32\\sspicli.dll","Level":"4","Channel":"Microsoft-Windows-Sysmon/Operational","Task":"7","RuleName":"-","FileVersion":"10.0.18362.1049 (WinBuild.160101.0800)","SourceName":"Microsoft-Windows-Sysmon","Hostname":"WORKSTATION5","ProcessId":"9260","Description":"Security Support Provider Interface","SignatureStatus":"Valid","Product":"Microsoft Windows Operating System","EventID":7,"Keywords":"0x8000000000000000","Signed":"true","OriginalFileName":"sspicli.dll","Message":"Image loaded:\r\nRuleName: -\r\nUtcTime: 2020-10-23 06:36:43.561\r\nProcessGuid: {39e4a257-79fb-5f92-7117-000000000700}\r\nProcessId: 9260\r\nImage: C:\\Windows\\System32\\bitsadmin.exe\r\nImageLoaded: C:\\Windows\\System32\\sspicli.dll\r\nFileVersion: 10.0.18362.1049 (WinBuild.160101.0800)\r\nDescription: Security Support Provider Interface\r\nProduct: Microsoft Windows Operating System\r\nCompany: Microsoft Corporation\r\nOriginalFileName: sspicli.dll\r\nHashes: SHA1=A30A81AB6EB472CC79CF9E8C5B47ECA85998801A,MD5=DA9647C845792371DD2F95E1CCC9A63A,SHA256=FE741D2F986B0B9557A90BDF0560F49CD17381D1094C42A91634AABE49F46A1E,IMPHASH=D08C52FA17116C062A28110FE7465D80\r\nSigned: true\r\nSignature: Microsoft Windows\r\nSignatureStatus: Valid"}
{"@timestamp":"2020-10-23T02:36:43.564Z","TimeCreated":"2020-10-23T02:36:43.564Z","Hashes":"SHA1=282DA9EE622F01CC63352E53FDC3D4A75CEEB6FD,MD5=A23A7A6B6F8E1A5D913EA119F5F2ED1A,SHA256=EAAE8536D554D0E86D8540A8B34DB2649BD884843F389495D0B6E91636C6CF54,IMPHASH=B0A3CFF8CFDE112945189719F82F9EA9","Signature":"Microsoft Windows","ProviderGuid":"{5770385f-c22a-43e0-bf4c-06f5698ffbd9}","Company":"Microsoft Corporation","UtcTime":"2020-10-23 06:36:43.533","ProcessGuid":"{39e4a257-79fb-5f92-7117-000000000700}","Image":"C:\\Windows\\System32\\bitsadmin.exe","ImageLoaded":"C:\\Windows\\System32\\bitsadmin.exe","Level":"4","Channel":"Microsoft-Windows-Sysmon/Operational","Task":"7","RuleName":"-","FileVersion":"7.8.18362.1 (WinBuild.160101.0800)","SourceName":"Microsoft-Windows-Sysmon","Hostname":"WORKSTATION5","ProcessId":"9260","Description":"BITS administration utility","SignatureStatus":"Valid","Product":"Microsoft Windows Operating System","EventID":7,"Keywords":"0x8000000000000000","Signed":"true","OriginalFileName":"bitsadmin.exe","Message":"Image loaded:\r\nRuleName: -\r\nUtcTime: 2020-10-23 06:36:43.533\r\nProcessGuid: {39e4a257-79fb-5f92-7117-000000000700}\r\nProcessId: 9260\r\nImage: C:\\Windows\\System32\\bitsadmin.exe\r\nImageLoaded: C:\\Windows\\System32\\bitsadmin.exe\r\nFileVersion: 7.8.18362.1 (WinBuild.160101.0800)\r\nDescription: BITS administration utility\r\nProduct: Microsoft Windows Operating System\r\nCompany: Microsoft Corporation\r\nOriginalFileName: bitsadmin.exe\r\nHashes: SHA1=282DA9EE622F01CC63352E53FDC3D4A75CEEB6FD,MD5=A23A7A6B6F8E1A5D913EA119F5F2ED1A,SHA256=EAAE8536D554D0E86D8540A8B34DB2649BD884843F389495D0B6E91636C6CF54,IMPHASH=B0A3CFF8CFDE112945189719F82F9EA9\r\nSigned: true\r\nSignature: Microsoft Windows\r\nSignatureStatus: Valid"}
{"@timestamp":"2020-10-23T02:36:43.567Z","TimeCreated":"2020-10-23T02:36:43.567Z","Hashes":"SHA1=F1D1D942ACBA432D60C139A8AE9644665044BCD6,MD5=5539643D8D55C97FB3A5F7E24C448A3F,SHA256=4FB47D56F0FC6C27FEC884E078A2999F7B2E10994359960CC78182544CA80C36,IMPHASH=639D16ACD736EAE912B88E985A0A7A0F","Signature":"Microsoft Windows","ProviderGuid":"{5770385f-c22a-43e0-bf4c-06f5698ffbd9}","Company":"Microsoft Corporation","UtcTime":"2020-10-23 06:36:43.561","ProcessGuid":"{39e4a257-79fb-5f92-7117-000000000700}","Image":"C:\\Windows\\System32\\bitsadmin.exe","ImageLoaded":"C:\\Windows\\System32\\kernel.appcore.dll","Level":"4","Channel":"Microsoft-Windows-Sysmon/Operational","Task":"7","RuleName":"-","FileVersion":"10.0.18362.1110 (WinBuild.160101.0800)","SourceName":"Microsoft-Windows-Sysmon","Hostname":"WORKSTATION5","ProcessId":"9260","Description":"AppModel API Host","SignatureStatus":"Valid","Product":"Microsoft Windows Operating System","EventID":7,"Keywords":"0x8000000000000000","Signed":"true","OriginalFileName":"kernel.appcore.dll","Message":"Image loaded:\r\nRuleName: -\r\nUtcTime: 2020-10-23 06:36:43.561\r\nProcessGuid: {39e4a257-79fb-5f92-7117-000000000700}\r\nProcessId: 9260\r\nImage: C:\\Windows\\System32\\bitsadmin.exe\r\nImageLoaded: C:\\Windows\\System32\\kernel.appcore.dll\r\nFileVersion: 10.0.18362.1110 (WinBuild.160101.0800)\r\nDescription: AppModel API Host\r\nProduct: Microsoft Windows Operating System\r\nCompany: Microsoft Corporation\r\nOriginalFileName: kernel.appcore.dll\r\nHashes: SHA1=F1D1D942ACBA432D60C139A8AE9644665044BCD6,MD5=5539643D8D55C97FB3A5F7E24C448A3F,SHA256=4FB47D56F0FC6C27FEC884E078A2999F7B2E10994359960CC78182544CA80C36,IMPHASH=639D16ACD736EAE912B88E985A0A7A0F\r\nSigned: true\r\nSignature: Microsoft Windows\r\nSignatureStatus: Valid"}
{"@timestamp":"2020-10-23T02:36:43.567Z","TimeCreated":"2020-10-23T02:36:43.567Z","Hashes":"SHA1=0EA4B3CFB14E49CEC0D42FF0F1FA989E69647A8F,MD5=36354D9B5B0A58A4B9A19103852C00A2,SHA256=E5A863D3F4BFEFED7D73A7B1499F81B7235BC9AE3C108065041BCB8E5446B1BB,IMPHASH=1273683626EBBA703979F188A1E64237","Signature":"Microsoft Windows","ProviderGuid":"{5770385f-c22a-43e0-bf4c-06f5698ffbd9}","Company":"Microsoft Corporation","UtcTime":"2020-10-23 06:36:43.561","ProcessGuid":"{39e4a257-79fb-5f92-7117-000000000700}","Image":"C:\\Windows\\System32\\bitsadmin.exe","ImageLoaded":"C:\\Windows\\System32\\msvcrt.dll","Level":"4","Channel":"Microsoft-Windows-Sysmon/Operational","Task":"7","RuleName":"-","FileVersion":"7.0.18362.1 (WinBuild.160101.0800)","SourceName":"Microsoft-Windows-Sysmon","Hostname":"WORKSTATION5","ProcessId":"9260","Description":"Windows NT CRT DLL","SignatureStatus":"Valid","Product":"Microsoft Windows Operating System","EventID":7,"Keywords":"0x8000000000000000","Signed":"true","OriginalFileName":"msvcrt.dll","Message":"Image loaded:\r\nRuleName: -\r\nUtcTime: 2020-10-23 06:36:43.561\r\nProcessGuid: {39e4a257-79fb-5f92-7117-000000000700}\r\nProcessId: 9260\r\nImage: C:\\Windows\\System32\\bitsadmin.exe\r\nImageLoaded: C:\\Windows\\System32\\msvcrt.dll\r\nFileVersion: 7.0.18362.1 (WinBuild.160101.0800)\r\nDescription: Windows NT CRT DLL\r\nProduct: Microsoft Windows Operating System\r\nCompany: Microsoft Corporation\r\nOriginalFileName: msvcrt.dll\r\nHashes: SHA1=0EA4B3CFB14E49CEC0D42FF0F1FA989E69647A8F,MD5=36354D9B5B0A58A4B9A19103852C00A2,SHA256=E5A863D3F4BFEFED7D73A7B1499F81B7235BC9AE3C108065041BCB8E5446B1BB,IMPHASH=1273683626EBBA703979F188A1E64237\r\nSigned: true\r\nSignature: Microsoft Windows\r\nSignatureStatus: Valid"}
{"@timestamp":"2020-10-23T02:36:43.568Z","TimeCreated":"2020-10-23T02:36:43.568Z","Hashes":"SHA1=6B56618013746DA2480E9B14DBD03BD1C6DC009F,MD5=99391EBA3F88D56C3D27268D7947782F,SHA256=3AC2B856DD34D51A631C26791916A036C6C917667D8562676CCE8F2F35349221,IMPHASH=70F6F0466DB32D0AA9E18434AE996907","Signature":"Microsoft Windows","ProviderGuid":"{5770385f-c22a-43e0-bf4c-06f5698ffbd9}","Company":"Microsoft Corporation","UtcTime":"2020-10-23 06:36:43.561","ProcessGuid":"{39e4a257-79fb-5f92-7117-000000000700}","Image":"C:\\Windows\\System32\\bitsadmin.exe","ImageLoaded":"C:\\Windows\\System32\\user32.dll","Level":"4","Channel":"Microsoft-Windows-Sysmon/Operational","Task":"7","RuleName":"-","FileVersion":"10.0.18362.1110 (WinBuild.160101.0800)","SourceName":"Microsoft-Windows-Sysmon","Hostname":"WORKSTATION5","ProcessId":"9260","Description":"Multi-User Windows USER API Client DLL","SignatureStatus":"Valid","Product":"Microsoft Windows Operating System","EventID":7,"Keywords":"0x8000000000000000","Signed":"true","OriginalFileName":"user32","Message":"Image loaded:\r\nRuleName: -\r\nUtcTime: 2020-10-23 06:36:43.561\r\nProcessGuid: {39e4a257-79fb-5f92-7117-000000000700}\r\nProcessId: 9260\r\nImage: C:\\Windows\\System32\\bitsadmin.exe\r\nImageLoaded: C:\\Windows\\System32\\user32.dll\r\nFileVersion: 10.0.18362.1110 (WinBuild.160101.0800)\r\nDescription: Multi-User Windows USER API Client DLL\r\nProduct: Microsoft Windows Operating System\r\nCompany: Microsoft Corporation\r\nOriginalFileName: user32\r\nHashes: SHA1=6B56618013746DA2480E9B14DBD03BD1C6DC009F,MD5=99391EBA3F88D56C3D27268D7947782F,SHA256=3AC2B856DD34D51A631C26791916A036C6C917667D8562676CCE8F2F35349221,IMPHASH=70F6F0466DB32D0AA9E18434AE996907\r\nSigned: true\r\nSignature: Microsoft Windows\r\nSignatureStatus: Valid"}
{"@timestamp":"2020-10-23T02:36:43.568Z","TimeCreated":"2020-10-23T02:36:43.568Z","Hashes":"SHA1=09CAA4704CC828100AA4BDB1366B5156CD1A63E4,MD5=BE23D5C90313AACEC36448136408D336,SHA256=20EE5EE473456C0853CC7B64FA9BCDBFB3C00B0848B3CFE141535C10AC944478,IMPHASH=00000000000000000000000000000000","Signature":"Microsoft Windows","ProviderGuid":"{5770385f-c22a-43e0-bf4c-06f5698ffbd9}","Company":"Microsoft Corporation","UtcTime":"2020-10-23 06:36:43.561","ProcessGuid":"{39e4a257-79fb-5f92-7117-000000000700}","Image":"C:\\Windows\\System32\\bitsadmin.exe","ImageLoaded":"C:\\Windows\\System32\\win32u.dll","Level":"4","Channel":"Microsoft-Windows-Sysmon/Operational","Task":"7","RuleName":"-","FileVersion":"10.0.18362.1139 (WinBuild.160101.0800)","SourceName":"Microsoft-Windows-Sysmon","Hostname":"WORKSTATION5","ProcessId":"9260","Description":"Win32u","SignatureStatus":"Valid","Product":"Microsoft Windows Operating System","EventID":7,"Keywords":"0x8000000000000000","Signed":"true","OriginalFileName":"Win32u.DLL","Message":"Image loaded:\r\nRuleName: -\r\nUtcTime: 2020-10-23 06:36:43.561\r\nProcessGuid: {39e4a257-79fb-5f92-7117-000000000700}\r\nProcessId: 9260\r\nImage: C:\\Windows\\System32\\bitsadmin.exe\r\nImageLoaded: C:\\Windows\\System32\\win32u.dll\r\nFileVersion: 10.0.18362.1139 (WinBuild.160101.0800)\r\nDescription: Win32u\r\nProduct: Microsoft Windows Operating System\r\nCompany: Microsoft Corporation\r\nOriginalFileName: Win32u.DLL\r\nHashes: SHA1=09CAA4704CC828100AA4BDB1366B5156CD1A63E4,MD5=BE23D5C90313AACEC36448136408D336,SHA256=20EE5EE473456C0853CC7B64FA9BCDBFB3C00B0848B3CFE141535C10AC944478,IMPHASH=00000000000000000000000000000000\r\nSigned: true\r\nSignature: Microsoft Windows\r\nSignatureStatus: Valid"}
{"@timestamp":"2020-10-23T02:36:43.569Z","TimeCreated":"2020-10-23T02:36:43.569Z","Hashes":"SHA1=9E91D74D5B9BF64A3D4BE8C5EA3594F5DA2BC299,MD5=2839609118F48DEA292084E43FAA72D8,SHA256=4FC9460147D5A3AA1F9498863CF10BB7BE6099BEF1A3D55503164CA51E36E27E,IMPHASH=C5F30E6A06AB646153863B68366FE58A","Signature":"Microsoft Windows","ProviderGuid":"{5770385f-c22a-43e0-bf4c-06f5698ffbd9}","Company":"Microsoft Corporation","UtcTime":"2020-10-23 06:36:43.561","ProcessGuid":"{39e4a257-79fb-5f92-7117-000000000700}","Image":"C:\\Windows\\System32\\bitsadmin.exe","ImageLoaded":"C:\\Windows\\System32\\gdi32.dll","Level":"4","Channel":"Microsoft-Windows-Sysmon/Operational","Task":"7","RuleName":"-","FileVersion":"10.0.18362.1 (WinBuild.160101.0800)","SourceName":"Microsoft-Windows-Sysmon","Hostname":"WORKSTATION5","ProcessId":"9260","Description":"GDI Client DLL","SignatureStatus":"Valid","Product":"Microsoft Windows Operating System","EventID":7,"Keywords":"0x8000000000000000","Signed":"true","OriginalFileName":"gdi32","Message":"Image loaded:\r\nRuleName: -\r\nUtcTime: 2020-10-23 06:36:43.561\r\nProcessGuid: {39e4a257-79fb-5f92-7117-000000000700}\r\nProcessId: 9260\r\nImage: C:\\Windows\\System32\\bitsadmin.exe\r\nImageLoaded: C:\\Windows\\System32\\gdi32.dll\r\nFileVersion: 10.0.18362.1 (WinBuild.160101.0800)\r\nDescription: GDI Client DLL\r\nProduct: Microsoft Windows Operating System\r\nCompany: Microsoft Corporation\r\nOriginalFileName: gdi32\r\nHashes: SHA1=9E91D74D5B9BF64A3D4BE8C5EA3594F5DA2BC299,MD5=2839609118F48DEA292084E43FAA72D8,SHA256=4FC9460147D5A3AA1F9498863CF10BB7BE6099BEF1A3D55503164CA51E36E27E,IMPHASH=C5F30E6A06AB646153863B68366FE58A\r\nSigned: true\r\nSignature: Microsoft Windows\r\nSignatureStatus: Valid"}
{"@timestamp":"2020-10-23T02:36:43.569Z","TimeCreated":"2020-10-23T02:36:43.569Z","Hashes":"SHA1=F9E2F12438029B6CC54E25DC77E0CDAF4E2F60E6,MD5=EF7E6E4AA8B9EB0B9C2915F6C8F0C71A,SHA256=0428CCE46E90E781510B784E97DC514D4F0564B31591526CDABD40654D4A8F79,IMPHASH=4D32F6E2211CD04CA28C2CD4FAC607E8","Signature":"Microsoft Windows","ProviderGuid":"{5770385f-c22a-43e0-bf4c-06f5698ffbd9}","Company":"Microsoft Corporation","UtcTime":"2020-10-23 06:36:43.561","ProcessGuid":"{39e4a257-79fb-5f92-7117-000000000700}","Image":"C:\\Windows\\System32\\bitsadmin.exe","ImageLoaded":"C:\\Windows\\System32\\gdi32full.dll","Level":"4","Channel":"Microsoft-Windows-Sysmon/Operational","Task":"7","RuleName":"-","FileVersion":"10.0.18362.1139 (WinBuild.160101.0800)","SourceName":"Microsoft-Windows-Sysmon","Hostname":"WORKSTATION5","ProcessId":"9260","Description":"GDI Client DLL","SignatureStatus":"Valid","Product":"Microsoft Windows Operating System","EventID":7,"Keywords":"0x8000000000000000","Signed":"true","OriginalFileName":"gdi32","Message":"Image loaded:\r\nRuleName: -\r\nUtcTime: 2020-10-23 06:36:43.561\r\nProcessGuid: {39e4a257-79fb-5f92-7117-000000000700}\r\nProcessId: 9260\r\nImage: C:\\Windows\\System32\\bitsadmin.exe\r\nImageLoaded: C:\\Windows\\System32\\gdi32full.dll\r\nFileVersion: 10.0.18362.1139 (WinBuild.160101.0800)\r\nDescription: GDI Client DLL\r\nProduct: Microsoft Windows Operating System\r\nCompany: Microsoft Corporation\r\nOriginalFileName: gdi32\r\nHashes: SHA1=F9E2F12438029B6CC54E25DC77E0CDAF4E2F60E6,MD5=EF7E6E4AA8B9EB0B9C2915F6C8F0C71A,SHA256=0428CCE46E90E781510B784E97DC514D4F0564B31591526CDABD40654D4A8F79,IMPHASH=4D32F6E2211CD04CA28C2CD4FAC607E8\r\nSigned: true\r\nSignature: Microsoft Windows\r\nSignatureStatus: Valid"}
{"@timestamp":"2020-10-23T02:36:43.569Z","TimeCreated":"2020-10-23T02:36:43.569Z","Hashes":"SHA1=56A126B33C43CE80C5DA3319FA4FBE28F617599C,MD5=94027F5AE9D6FC3B0917C1B5BCD2D88E,SHA256=2FC246F193104FB36285360E9FB14CE10B04EDB50D9D5ECFD9FDA1F010BFCDB9,IMPHASH=7F555C87AEA488E97B6067A0419ED3B4","Signature":"Microsoft Windows","ProviderGuid":"{5770385f-c22a-43e0-bf4c-06f5698ffbd9}","Company":"Microsoft Corporation","UtcTime":"2020-10-23 06:36:43.561","ProcessGuid":"{39e4a257-79fb-5f92-7117-000000000700}","Image":"C:\\Windows\\System32\\bitsadmin.exe","ImageLoaded":"C:\\Windows\\System32\\msvcp_win.dll","Level":"4","Channel":"Microsoft-Windows-Sysmon/Operational","Task":"7","RuleName":"-","FileVersion":"10.0.18362.1110 (WinBuild.160101.0800)","SourceName":"Microsoft-Windows-Sysmon","Hostname":"WORKSTATION5","ProcessId":"9260","Description":"Microsoft C Runtime Library","SignatureStatus":"Valid","Product":"Microsoft Windows Operating System","EventID":7,"Keywords":"0x8000000000000000","Signed":"true","OriginalFileName":"msvcp_win.dll","Message":"Image loaded:\r\nRuleName: -\r\nUtcTime: 2020-10-23 06:36:43.561\r\nProcessGuid: {39e4a257-79fb-5f92-7117-000000000700}\r\nProcessId: 9260\r\nImage: C:\\Windows\\System32\\bitsadmin.exe\r\nImageLoaded: C:\\Windows\\System32\\msvcp_win.dll\r\nFileVersion: 10.0.18362.1110 (WinBuild.160101.0800)\r\nDescription: Microsoft C Runtime Library\r\nProduct: Microsoft Windows Operating System\r\nCompany: Microsoft Corporation\r\nOriginalFileName: msvcp_win.dll\r\nHashes: SHA1=56A126B33C43CE80C5DA3319FA4FBE28F617599C,MD5=94027F5AE9D6FC3B0917C1B5BCD2D88E,SHA256=2FC246F193104FB36285360E9FB14CE10B04EDB50D9D5ECFD9FDA1F010BFCDB9,IMPHASH=7F555C87AEA488E97B6067A0419ED3B4\r\nSigned: true\r\nSignature: Microsoft Windows\r\nSignatureStatus: Valid"}
{"@timestamp":"2020-10-23T02:36:43.571Z","TimeCreated":"2020-10-23T02:36:43.571Z","Hashes":"SHA1=76BB2AB8D3CB6DB6D23F4771334C9AA9C231B03A,MD5=025CC332EDC4B1A38290F3E36BCEF4FB,SHA256=0FE3C1C575EA1B0257B2EB12527EC35E3004CD88EA5BAEC7095386A9F9EB70AD,IMPHASH=24F54B6761C10BA12481CF6C780605BF","Signature":"Microsoft Windows","ProviderGuid":"{5770385f-c22a-43e0-bf4c-06f5698ffbd9}","Company":"Microsoft Corporation","UtcTime":"2020-10-23 06:36:43.561","ProcessGuid":"{39e4a257-79fb-5f92-7117-000000000700}","Image":"C:\\Windows\\System32\\bitsadmin.exe","ImageLoaded":"C:\\Windows\\System32\\imm32.dll","Level":"4","Channel":"Microsoft-Windows-Sysmon/Operational","Task":"7","RuleName":"-","FileVersion":"10.0.18362.387 (WinBuild.160101.0800)","SourceName":"Microsoft-Windows-Sysmon","Hostname":"WORKSTATION5","ProcessId":"9260","Description":"Multi-User Windows IMM32 API Client DLL","SignatureStatus":"Valid","Product":"Microsoft Windows Operating System","EventID":7,"Keywords":"0x8000000000000000","Signed":"true","OriginalFileName":"imm32","Message":"Image loaded:\r\nRuleName: -\r\nUtcTime: 2020-10-23 06:36:43.561\r\nProcessGuid: {39e4a257-79fb-5f92-7117-000000000700}\r\nProcessId: 9260\r\nImage: C:\\Windows\\System32\\bitsadmin.exe\r\nImageLoaded: C:\\Windows\\System32\\imm32.dll\r\nFileVersion: 10.0.18362.387 (WinBuild.160101.0800)\r\nDescription: Multi-User Windows IMM32 API Client DLL\r\nProduct: Microsoft Windows Operating System\r\nCompany: Microsoft Corporation\r\nOriginalFileName: imm32\r\nHashes: SHA1=76BB2AB8D3CB6DB6D23F4771334C9AA9C231B03A,MD5=025CC332EDC4B1A38290F3E36BCEF4FB,SHA256=0FE3C1C575EA1B0257B2EB12527EC35E3004CD88EA5BAEC7095386A9F9EB70AD,IMPHASH=24F54B6761C10BA12481CF6C780605BF\r\nSigned: true\r\nSignature: Microsoft Windows\r\nSignatureStatus: Valid"}
{"GrantedAccess":"0x1478","@timestamp":"2020-10-23T02:36:43.573Z","TimeCreated":"2020-10-23T02:36:43.573Z","SourceThreadId":"2236","SourceImage":"C:\\windows\\System32\\svchost.exe","ProviderGuid":"{5770385f-c22a-43e0-bf4c-06f5698ffbd9}","CallTrace":"C:\\windows\\SYSTEM32\\ntdll.dll+9c584|c:\\windows\\system32\\themeservice.dll+1a9a|c:\\windows\\system32\\themeservice.dll+1736|c:\\windows\\system32\\themeservice.dll+6026|c:\\windows\\system32\\themeservice.dll+ad9a|c:\\windows\\system32\\themeservice.dll+9dcf|C:\\windows\\System32\\svchost.exe+314c|C:\\windows\\System32\\sechost.dll+2de2|C:\\windows\\System32\\KERNEL32.DLL+17c24|C:\\windows\\SYSTEM32\\ntdll.dll+6cea1","UtcTime":"2020-10-23 06:36:43.561","TargetProcessGUID":"{39e4a257-79fb-5f92-7117-000000000700}","SourceProcessId":"2064","Level":"4","Channel":"Microsoft-Windows-Sysmon/Operational","Task":"10","RuleName":"-","SourceName":"Microsoft-Windows-Sysmon","Hostname":"WORKSTATION5","SourceProcessGUID":"{39e4a257-f133-5f8b-3400-000000000700}","TargetProcessId":"9260","EventID":10,"Keywords":"0x8000000000000000","TargetImage":"C:\\windows\\system32\\bitsadmin.exe","Message":"Process accessed:\r\nRuleName: -\r\nUtcTime: 2020-10-23 06:36:43.561\r\nSourceProcessGUID: {39e4a257-f133-5f8b-3400-000000000700}\r\nSourceProcessId: 2064\r\nSourceThreadId: 2236\r\nSourceImage: C:\\windows\\System32\\svchost.exe\r\nTargetProcessGUID: {39e4a257-79fb-5f92-7117-000000000700}\r\nTargetProcessId: 9260\r\nTargetImage: C:\\windows\\system32\\bitsadmin.exe\r\nGrantedAccess: 0x1478\r\nCallTrace: C:\\windows\\SYSTEM32\\ntdll.dll+9c584|c:\\windows\\system32\\themeservice.dll+1a9a|c:\\windows\\system32\\themeservice.dll+1736|c:\\windows\\system32\\themeservice.dll+6026|c:\\windows\\system32\\themeservice.dll+ad9a|c:\\windows\\system32\\themeservice.dll+9dcf|C:\\windows\\System32\\svchost.exe+314c|C:\\windows\\System32\\sechost.dll+2de2|C:\\windows\\System32\\KERNEL32.DLL+17c24|C:\\windows\\SYSTEM32\\ntdll.dll+6cea1"}
{"GrantedAccess":"0x1400","@timestamp":"2020-10-23T02:36:43.574Z","TimeCreated":"2020-10-23T02:36:43.574Z","SourceThreadId":"9784","SourceImage":"C:\\windows\\System32\\svchost.exe","ProviderGuid":"{5770385f-c22a-43e0-bf4c-06f5698ffbd9}","CallTrace":"C:\\windows\\SYSTEM32\\ntdll.dll+9c584|c:\\windows\\system32\\themeservice.dll+1d60|c:\\windows\\system32\\themeservice.dll+1595|c:\\windows\\system32\\themeservice.dll+1461|c:\\windows\\system32\\themeservice.dll+1886|C:\\windows\\SYSTEM32\\ntdll.dll+2f655|C:\\windows\\SYSTEM32\\ntdll.dll+345b4|C:\\windows\\System32\\KERNEL32.DLL+17c24|C:\\windows\\SYSTEM32\\ntdll.dll+6cea1","UtcTime":"2020-10-23 06:36:43.561","TargetProcessGUID":"{39e4a257-79fb-5f92-7117-000000000700}","SourceProcessId":"2064","Level":"4","Channel":"Microsoft-Windows-Sysmon/Operational","Task":"10","RuleName":"-","SourceName":"Microsoft-Windows-Sysmon","Hostname":"WORKSTATION5","SourceProcessGUID":"{39e4a257-f133-5f8b-3400-000000000700}","TargetProcessId":"9260","EventID":10,"Keywords":"0x8000000000000000","TargetImage":"C:\\windows\\system32\\bitsadmin.exe","Message":"Process accessed:\r\nRuleName: -\r\nUtcTime: 2020-10-23 06:36:43.561\r\nSourceProcessGUID: {39e4a257-f133-5f8b-3400-000000000700}\r\nSourceProcessId: 2064\r\nSourceThreadId: 9784\r\nSourceImage: C:\\windows\\System32\\svchost.exe\r\nTargetProcessGUID: {39e4a257-79fb-5f92-7117-000000000700}\r\nTargetProcessId: 9260\r\nTargetImage: C:\\windows\\system32\\bitsadmin.exe\r\nGrantedAccess: 0x1400\r\nCallTrace: C:\\windows\\SYSTEM32\\ntdll.dll+9c584|c:\\windows\\system32\\themeservice.dll+1d60|c:\\windows\\system32\\themeservice.dll+1595|c:\\windows\\system32\\themeservice.dll+1461|c:\\windows\\system32\\themeservice.dll+1886|C:\\windows\\SYSTEM32\\ntdll.dll+2f655|C:\\windows\\SYSTEM32\\ntdll.dll+345b4|C:\\windows\\System32\\KERNEL32.DLL+17c24|C:\\windows\\SYSTEM32\\ntdll.dll+6cea1"}
{"@timestamp":"2020-10-23T02:36:43.575Z","TimeCreated":"2020-10-23T02:36:43.575Z","Hashes":"SHA1=7DE7C7E87CFA639E8C4DF269E38FB69A391D6790,MD5=4B179D7C6AA9424831847BA6BACDB260,SHA256=F0541B07D7B00C8D09BC72DF7E2D974F83482E42CD88B4E8260B832B7A71682E,IMPHASH=70F94828FF194145825265FE7BA88C95","Signature":"Microsoft Windows","ProviderGuid":"{5770385f-c22a-43e0-bf4c-06f5698ffbd9}","Company":"Microsoft Corporation","UtcTime":"2020-10-23 06:36:43.561","ProcessGuid":"{39e4a257-79fb-5f92-7117-000000000700}","Image":"C:\\Windows\\System32\\bitsadmin.exe","ImageLoaded":"C:\\Windows\\System32\\clbcatq.dll","Level":"4","Channel":"Microsoft-Windows-Sysmon/Operational","Task":"7","RuleName":"-","FileVersion":"2001.12.10941.16384 (WinBuild.160101.0800)","SourceName":"Microsoft-Windows-Sysmon","Hostname":"WORKSTATION5","ProcessId":"9260","Description":"COM+ Configuration Catalog","SignatureStatus":"Valid","Product":"Microsoft Windows Operating System","EventID":7,"Keywords":"0x8000000000000000","Signed":"true","OriginalFileName":"CLBCATQ.DLL","Message":"Image loaded:\r\nRuleName: -\r\nUtcTime: 2020-10-23 06:36:43.561\r\nProcessGuid: {39e4a257-79fb-5f92-7117-000000000700}\r\nProcessId: 9260\r\nImage: C:\\Windows\\System32\\bitsadmin.exe\r\nImageLoaded: C:\\Windows\\System32\\clbcatq.dll\r\nFileVersion: 2001.12.10941.16384 (WinBuild.160101.0800)\r\nDescription: COM+ Configuration Catalog\r\nProduct: Microsoft Windows Operating System\r\nCompany: Microsoft Corporation\r\nOriginalFileName: CLBCATQ.DLL\r\nHashes: SHA1=7DE7C7E87CFA639E8C4DF269E38FB69A391D6790,MD5=4B179D7C6AA9424831847BA6BACDB260,SHA256=F0541B07D7B00C8D09BC72DF7E2D974F83482E42CD88B4E8260B832B7A71682E,IMPHASH=70F94828FF194145825265FE7BA88C95\r\nSigned: true\r\nSignature: Microsoft Windows\r\nSignatureStatus: Valid"}
{"GrantedAccess":"0x1000","@timestamp":"2020-10-23T02:36:43.577Z","TimeCreated":"2020-10-23T02:36:43.577Z","SourceThreadId":"9504","SourceImage":"C:\\windows\\system32\\svchost.exe","ProviderGuid":"{5770385f-c22a-43e0-bf4c-06f5698ffbd9}","CallTrace":"C:\\windows\\SYSTEM32\\ntdll.dll+9c584|C:\\windows\\System32\\KERNELBASE.dll+305fe|c:\\windows\\system32\\rpcss.dll+47d62|c:\\windows\\system32\\rpcss.dll+47d23|C:\\windows\\System32\\RPCRT4.dll+76a63|C:\\windows\\System32\\RPCRT4.dll+13653|C:\\windows\\System32\\RPCRT4.dll+1457a|C:\\windows\\System32\\RPCRT4.dll+549f8|C:\\windows\\System32\\RPCRT4.dll+2c9b1|C:\\windows\\System32\\RPCRT4.dll+2c26b|C:\\windows\\System32\\RPCRT4.dll+1a8cf|C:\\windows\\System32\\RPCRT4.dll+19d7a|C:\\windows\\System32\\RPCRT4.dll+19361|C:\\windows\\System32\\RPCRT4.dll+18dce|C:\\windows\\System32\\RPCRT4.dll+16a05|C:\\windows\\SYSTEM32\\ntdll.dll+333ed|C:\\windows\\SYSTEM32\\ntdll.dll+34142|C:\\windows\\System32\\KERNEL32.DLL+17c24|C:\\windows\\SYSTEM32\\ntdll.dll+6cea1","UtcTime":"2020-10-23 06:36:43.561","TargetProcessGUID":"{39e4a257-79fb-5f92-7117-000000000700}","SourceProcessId":"944","Level":"4","Channel":"Microsoft-Windows-Sysmon/Operational","Task":"10","RuleName":"-","SourceName":"Microsoft-Windows-Sysmon","Hostname":"WORKSTATION5","SourceProcessGUID":"{39e4a257-f132-5f8b-1000-000000000700}","TargetProcessId":"9260","EventID":10,"Keywords":"0x8000000000000000","TargetImage":"C:\\windows\\system32\\bitsadmin.exe","Message":"Process accessed:\r\nRuleName: -\r\nUtcTime: 2020-10-23 06:36:43.561\r\nSourceProcessGUID: {39e4a257-f132-5f8b-1000-000000000700}\r\nSourceProcessId: 944\r\nSourceThreadId: 9504\r\nSourceImage: C:\\windows\\system32\\svchost.exe\r\nTargetProcessGUID: {39e4a257-79fb-5f92-7117-000000000700}\r\nTargetProcessId: 9260\r\nTargetImage: C:\\windows\\system32\\bitsadmin.exe\r\nGrantedAccess: 0x1000\r\nCallTrace: C:\\windows\\SYSTEM32\\ntdll.dll+9c584|C:\\windows\\System32\\KERNELBASE.dll+305fe|c:\\windows\\system32\\rpcss.dll+47d62|c:\\windows\\system32\\rpcss.dll+47d23|C:\\windows\\System32\\RPCRT4.dll+76a63|C:\\windows\\System32\\RPCRT4.dll+13653|C:\\windows\\System32\\RPCRT4.dll+1457a|C:\\windows\\System32\\RPCRT4.dll+549f8|C:\\windows\\System32\\RPCRT4.dll+2c9b1|C:\\windows\\System32\\RPCRT4.dll+2c26b|C:\\windows\\System32\\RPCRT4.dll+1a8cf|C:\\windows\\System32\\RPCRT4.dll+19d7a|C:\\windows\\System32\\RPCRT4.dll+19361|C:\\windows\\System32\\RPCRT4.dll+18dce|C:\\windows\\System32\\RPCRT4.dll+16a05|C:\\windows\\SYSTEM32\\ntdll.dll+333ed|C:\\windows\\SYSTEM32\\ntdll.dll+34142|C:\\windows\\System32\\KERNEL32.DLL+17c24|C:\\windows\\SYSTEM32\\ntdll.dll+6cea1"}
{"GrantedAccess":"0x100000","@timestamp":"2020-10-23T02:36:43.577Z","TimeCreated":"2020-10-23T02:36:43.577Z","SourceThreadId":"5032","SourceImage":"C:\\windows\\system32\\svchost.exe","ProviderGuid":"{5770385f-c22a-43e0-bf4c-06f5698ffbd9}","CallTrace":"C:\\windows\\SYSTEM32\\ntdll.dll+9d154|C:\\windows\\System32\\RPCRT4.dll+2d354|c:\\windows\\system32\\rpcss.dll+314c9|c:\\windows\\system32\\rpcss.dll+30b5b|C:\\windows\\System32\\RPCRT4.dll+76a63|C:\\windows\\System32\\RPCRT4.dll+13653|C:\\windows\\System32\\RPCRT4.dll+1457a|C:\\windows\\System32\\RPCRT4.dll+549f8|C:\\windows\\System32\\RPCRT4.dll+2c9b1|C:\\windows\\System32\\RPCRT4.dll+2c26b|C:\\windows\\System32\\RPCRT4.dll+1a8cf|C:\\windows\\System32\\RPCRT4.dll+19d7a|C:\\windows\\System32\\RPCRT4.dll+19361|C:\\windows\\System32\\RPCRT4.dll+18dce|C:\\windows\\System32\\RPCRT4.dll+16a05|C:\\windows\\SYSTEM32\\ntdll.dll+333ed|C:\\windows\\SYSTEM32\\ntdll.dll+34142|C:\\windows\\System32\\KERNEL32.DLL+17c24|C:\\windows\\SYSTEM32\\ntdll.dll+6cea1","UtcTime":"2020-10-23 06:36:43.561","TargetProcessGUID":"{39e4a257-79fb-5f92-7117-000000000700}","SourceProcessId":"992","Level":"4","Channel":"Microsoft-Windows-Sysmon/Operational","Task":"10","RuleName":"-","SourceName":"Microsoft-Windows-Sysmon","Hostname":"WORKSTATION5","SourceProcessGUID":"{39e4a257-f132-5f8b-1100-000000000700}","TargetProcessId":"9260","EventID":10,"Keywords":"0x8000000000000000","TargetImage":"C:\\windows\\system32\\bitsadmin.exe","Message":"Process accessed:\r\nRuleName: -\r\nUtcTime: 2020-10-23 06:36:43.561\r\nSourceProcessGUID: {39e4a257-f132-5f8b-1100-000000000700}\r\nSourceProcessId: 992\r\nSourceThreadId: 5032\r\nSourceImage: C:\\windows\\system32\\svchost.exe\r\nTargetProcessGUID: {39e4a257-79fb-5f92-7117-000000000700}\r\nTargetProcessId: 9260\r\nTargetImage: C:\\windows\\system32\\bitsadmin.exe\r\nGrantedAccess: 0x100000\r\nCallTrace: C:\\windows\\SYSTEM32\\ntdll.dll+9d154|C:\\windows\\System32\\RPCRT4.dll+2d354|c:\\windows\\system32\\rpcss.dll+314c9|c:\\windows\\system32\\rpcss.dll+30b5b|C:\\windows\\System32\\RPCRT4.dll+76a63|C:\\windows\\System32\\RPCRT4.dll+13653|C:\\windows\\System32\\RPCRT4.dll+1457a|C:\\windows\\System32\\RPCRT4.dll+549f8|C:\\windows\\System32\\RPCRT4.dll+2c9b1|C:\\windows\\System32\\RPCRT4.dll+2c26b|C:\\windows\\System32\\RPCRT4.dll+1a8cf|C:\\windows\\System32\\RPCRT4.dll+19d7a|C:\\windows\\System32\\RPCRT4.dll+19361|C:\\windows\\System32\\RPCRT4.dll+18dce|C:\\windows\\System32\\RPCRT4.dll+16a05|C:\\windows\\SYSTEM32\\ntdll.dll+333ed|C:\\windows\\SYSTEM32\\ntdll.dll+34142|C:\\windows\\System32\\KERNEL32.DLL+17c24|C:\\windows\\SYSTEM32\\ntdll.dll+6cea1"}
{"GrantedAccess":"0x1000","@timestamp":"2020-10-23T02:36:43.584Z","TimeCreated":"2020-10-23T02:36:43.584Z","SourceThreadId":"6352","SourceImage":"C:\\windows\\system32\\lsass.exe","ProviderGuid":"{5770385f-c22a-43e0-bf4c-06f5698ffbd9}","CallTrace":"C:\\windows\\SYSTEM32\\ntdll.dll+9c584|C:\\windows\\system32\\lsasrv.dll+29e00|C:\\windows\\system32\\lsasrv.dll+1497b|C:\\windows\\SYSTEM32\\SspiSrv.dll+177c|C:\\windows\\System32\\RPCRT4.dll+76a63|C:\\windows\\System32\\RPCRT4.dll+da036|C:\\windows\\System32\\RPCRT4.dll+37b7c|C:\\windows\\System32\\RPCRT4.dll+549f8|C:\\windows\\System32\\RPCRT4.dll+2c9b1|C:\\windows\\System32\\RPCRT4.dll+2c26b|C:\\windows\\System32\\RPCRT4.dll+1a8cf|C:\\windows\\System32\\RPCRT4.dll+19d7a|C:\\windows\\System32\\RPCRT4.dll+19361|C:\\windows\\System32\\RPCRT4.dll+18dce|C:\\windows\\System32\\RPCRT4.dll+16a05|C:\\windows\\SYSTEM32\\ntdll.dll+333ed|C:\\windows\\SYSTEM32\\ntdll.dll+34142|C:\\windows\\System32\\KERNEL32.DLL+17c24|C:\\windows\\SYSTEM32\\ntdll.dll+6cea1","UtcTime":"2020-10-23 06:36:43.577","TargetProcessGUID":"{39e4a257-f131-5f8b-0b00-000000000700}","SourceProcessId":"756","Level":"4","Channel":"Microsoft-Windows-Sysmon/Operational","Task":"10","RuleName":"-","SourceName":"Microsoft-Windows-Sysmon","Hostname":"WORKSTATION5","SourceProcessGUID":"{39e4a257-f131-5f8b-0c00-000000000700}","TargetProcessId":"716","EventID":10,"Keywords":"0x8000000000000000","TargetImage":"C:\\windows\\system32\\services.exe","Message":"Process accessed:\r\nRuleName: -\r\nUtcTime: 2020-10-23 06:36:43.577\r\nSourceProcessGUID: {39e4a257-f131-5f8b-0c00-000000000700}\r\nSourceProcessId: 756\r\nSourceThreadId: 6352\r\nSourceImage: C:\\windows\\system32\\lsass.exe\r\nTargetProcessGUID: {39e4a257-f131-5f8b-0b00-000000000700}\r\nTargetProcessId: 716\r\nTargetImage: C:\\windows\\system32\\services.exe\r\nGrantedAccess: 0x1000\r\nCallTrace: C:\\windows\\SYSTEM32\\ntdll.dll+9c584|C:\\windows\\system32\\lsasrv.dll+29e00|C:\\windows\\system32\\lsasrv.dll+1497b|C:\\windows\\SYSTEM32\\SspiSrv.dll+177c|C:\\windows\\System32\\RPCRT4.dll+76a63|C:\\windows\\System32\\RPCRT4.dll+da036|C:\\windows\\System32\\RPCRT4.dll+37b7c|C:\\windows\\System32\\RPCRT4.dll+549f8|C:\\windows\\System32\\RPCRT4.dll+2c9b1|C:\\windows\\System32\\RPCRT4.dll+2c26b|C:\\windows\\System32\\RPCRT4.dll+1a8cf|C:\\windows\\System32\\RPCRT4.dll+19d7a|C:\\windows\\System32\\RPCRT4.dll+19361|C:\\windows\\System32\\RPCRT4.dll+18dce|C:\\windows\\System32\\RPCRT4.dll+16a05|C:\\windows\\SYSTEM32\\ntdll.dll+333ed|C:\\windows\\SYSTEM32\\ntdll.dll+34142|C:\\windows\\System32\\KERNEL32.DLL+17c24|C:\\windows\\SYSTEM32\\ntdll.dll+6cea1"}
{"GrantedAccess":"0x1000","@timestamp":"2020-10-23T02:36:43.584Z","TimeCreated":"2020-10-23T02:36:43.584Z","SourceThreadId":"6996","SourceImage":"C:\\windows\\system32\\svchost.exe","ProviderGuid":"{5770385f-c22a-43e0-bf4c-06f5698ffbd9}","CallTrace":"C:\\windows\\SYSTEM32\\ntdll.dll+9c584|C:\\windows\\System32\\KERNELBASE.dll+6af15|c:\\windows\\system32\\lsm.dll+ff97|C:\\windows\\System32\\RPCRT4.dll+76a63|C:\\windows\\System32\\RPCRT4.dll+da036|C:\\windows\\System32\\RPCRT4.dll+37b7c|C:\\windows\\System32\\RPCRT4.dll+549f8|C:\\windows\\System32\\RPCRT4.dll+2c9b1|C:\\windows\\System32\\RPCRT4.dll+2c26b|C:\\windows\\System32\\RPCRT4.dll+1a8cf|C:\\windows\\System32\\RPCRT4.dll+19d7a|C:\\windows\\System32\\RPCRT4.dll+19361|C:\\windows\\System32\\RPCRT4.dll+18dce|C:\\windows\\System32\\RPCRT4.dll+16a05|C:\\windows\\SYSTEM32\\ntdll.dll+333ed|C:\\windows\\SYSTEM32\\ntdll.dll+34142|C:\\windows\\System32\\KERNEL32.DLL+17c24|C:\\windows\\SYSTEM32\\ntdll.dll+6cea1","UtcTime":"2020-10-23 06:36:43.577","TargetProcessGUID":"{39e4a257-f131-5f8b-0c00-000000000700}","SourceProcessId":"404","Level":"4","Channel":"Microsoft-Windows-Sysmon/Operational","Task":"10","RuleName":"-","SourceName":"Microsoft-Windows-Sysmon","Hostname":"WORKSTATION5","SourceProcessGUID":"{39e4a257-f132-5f8b-1200-000000000700}","TargetProcessId":"756","EventID":10,"Keywords":"0x8000000000000000","TargetImage":"C:\\windows\\system32\\lsass.exe","Message":"Process accessed:\r\nRuleName: -\r\nUtcTime: 2020-10-23 06:36:43.577\r\nSourceProcessGUID: {39e4a257-f132-5f8b-1200-000000000700}\r\nSourceProcessId: 404\r\nSourceThreadId: 6996\r\nSourceImage: C:\\windows\\system32\\svchost.exe\r\nTargetProcessGUID: {39e4a257-f131-5f8b-0c00-000000000700}\r\nTargetProcessId: 756\r\nTargetImage: C:\\windows\\system32\\lsass.exe\r\nGrantedAccess: 0x1000\r\nCallTrace: C:\\windows\\SYSTEM32\\ntdll.dll+9c584|C:\\windows\\System32\\KERNELBASE.dll+6af15|c:\\windows\\system32\\lsm.dll+ff97|C:\\windows\\System32\\RPCRT4.dll+76a63|C:\\windows\\System32\\RPCRT4.dll+da036|C:\\windows\\System32\\RPCRT4.dll+37b7c|C:\\windows\\System32\\RPCRT4.dll+549f8|C:\\windows\\System32\\RPCRT4.dll+2c9b1|C:\\windows\\System32\\RPCRT4.dll+2c26b|C:\\windows\\System32\\RPCRT4.dll+1a8cf|C:\\windows\\System32\\RPCRT4.dll+19d7a|C:\\windows\\System32\\RPCRT4.dll+19361|C:\\windows\\System32\\RPCRT4.dll+18dce|C:\\windows\\System32\\RPCRT4.dll+16a05|C:\\windows\\SYSTEM32\\ntdll.dll+333ed|C:\\windows\\SYSTEM32\\ntdll.dll+34142|C:\\windows\\System32\\KERNEL32.DLL+17c24|C:\\windows\\SYSTEM32\\ntdll.dll+6cea1"}
{"GrantedAccess":"0x1000","@timestamp":"2020-10-23T02:36:43.584Z","TimeCreated":"2020-10-23T02:36:43.584Z","SourceThreadId":"6996","SourceImage":"C:\\windows\\system32\\svchost.exe","ProviderGuid":"{5770385f-c22a-43e0-bf4c-06f5698ffbd9}","CallTrace":"C:\\windows\\SYSTEM32\\ntdll.dll+9c584|C:\\windows\\System32\\KERNELBASE.dll+6af15|c:\\windows\\system32\\lsm.dll+10daa|c:\\windows\\system32\\lsm.dll+1008d|C:\\windows\\System32\\RPCRT4.dll+76a63|C:\\windows\\System32\\RPCRT4.dll+da036|C:\\windows\\System32\\RPCRT4.dll+37b7c|C:\\windows\\System32\\RPCRT4.dll+549f8|C:\\windows\\System32\\RPCRT4.dll+2c9b1|C:\\windows\\System32\\RPCRT4.dll+2c26b|C:\\windows\\System32\\RPCRT4.dll+1a8cf|C:\\windows\\System32\\RPCRT4.dll+19d7a|C:\\windows\\System32\\RPCRT4.dll+19361|C:\\windows\\System32\\RPCRT4.dll+18dce|C:\\windows\\System32\\RPCRT4.dll+16a05|C:\\windows\\SYSTEM32\\ntdll.dll+333ed|C:\\windows\\SYSTEM32\\ntdll.dll+34142|C:\\windows\\System32\\KERNEL32.DLL+17c24|C:\\windows\\SYSTEM32\\ntdll.dll+6cea1","UtcTime":"2020-10-23 06:36:43.577","TargetProcessGUID":"{39e4a257-f131-5f8b-0c00-000000000700}","SourceProcessId":"404","Level":"4","Channel":"Microsoft-Windows-Sysmon/Operational","Task":"10","RuleName":"-","SourceName":"Microsoft-Windows-Sysmon","Hostname":"WORKSTATION5","SourceProcessGUID":"{39e4a257-f132-5f8b-1200-000000000700}","TargetProcessId":"756","EventID":10,"Keywords":"0x8000000000000000","TargetImage":"C:\\windows\\system32\\lsass.exe","Message":"Process accessed:\r\nRuleName: -\r\nUtcTime: 2020-10-23 06:36:43.577\r\nSourceProcessGUID: {39e4a257-f132-5f8b-1200-000000000700}\r\nSourceProcessId: 404\r\nSourceThreadId: 6996\r\nSourceImage: C:\\windows\\system32\\svchost.exe\r\nTargetProcessGUID: {39e4a257-f131-5f8b-0c00-000000000700}\r\nTargetProcessId: 756\r\nTargetImage: C:\\windows\\system32\\lsass.exe\r\nGrantedAccess: 0x1000\r\nCallTrace: C:\\windows\\SYSTEM32\\ntdll.dll+9c584|C:\\windows\\System32\\KERNELBASE.dll+6af15|c:\\windows\\system32\\lsm.dll+10daa|c:\\windows\\system32\\lsm.dll+1008d|C:\\windows\\System32\\RPCRT4.dll+76a63|C:\\windows\\System32\\RPCRT4.dll+da036|C:\\windows\\System32\\RPCRT4.dll+37b7c|C:\\windows\\System32\\RPCRT4.dll+549f8|C:\\windows\\System32\\RPCRT4.dll+2c9b1|C:\\windows\\System32\\RPCRT4.dll+2c26b|C:\\windows\\System32\\RPCRT4.dll+1a8cf|C:\\windows\\System32\\RPCRT4.dll+19d7a|C:\\windows\\System32\\RPCRT4.dll+19361|C:\\windows\\System32\\RPCRT4.dll+18dce|C:\\windows\\System32\\RPCRT4.dll+16a05|C:\\windows\\SYSTEM32\\ntdll.dll+333ed|C:\\windows\\SYSTEM32\\ntdll.dll+34142|C:\\windows\\System32\\KERNEL32.DLL+17c24|C:\\windows\\SYSTEM32\\ntdll.dll+6cea1"}
{"GrantedAccess":"0x1000","@timestamp":"2020-10-23T02:36:43.585Z","TimeCreated":"2020-10-23T02:36:43.585Z","SourceThreadId":"6352","SourceImage":"C:\\windows\\system32\\lsass.exe","ProviderGuid":"{5770385f-c22a-43e0-bf4c-06f5698ffbd9}","CallTrace":"C:\\windows\\SYSTEM32\\ntdll.dll+9c584|C:\\windows\\system32\\lsasrv.dll+32063|C:\\windows\\system32\\lsasrv.dll+2fbf9|C:\\windows\\system32\\lsasrv.dll+2e63f|C:\\windows\\system32\\lsasrv.dll+2ab19|C:\\windows\\system32\\lsasrv.dll+2a488|C:\\windows\\system32\\lsasrv.dll+1497b|C:\\windows\\SYSTEM32\\SspiSrv.dll+177c|C:\\windows\\System32\\RPCRT4.dll+76a63|C:\\windows\\System32\\RPCRT4.dll+da036|C:\\windows\\System32\\RPCRT4.dll+37b7c|C:\\windows\\System32\\RPCRT4.dll+549f8|C:\\windows\\System32\\RPCRT4.dll+2c9b1|C:\\windows\\System32\\RPCRT4.dll+2c26b|C:\\windows\\System32\\RPCRT4.dll+1a8cf|C:\\windows\\System32\\RPCRT4.dll+19d7a|C:\\windows\\System32\\RPCRT4.dll+19361|C:\\windows\\System32\\RPCRT4.dll+18dce|C:\\windows\\System32\\RPCRT4.dll+16a05|C:\\windows\\SYSTEM32\\ntdll.dll+333ed|C:\\windows\\SYSTEM32\\ntdll.dll+34142|C:\\windows\\System32\\KERNEL32.DLL+17c24|C:\\windows\\SYSTEM32\\ntdll.dll+6cea1","UtcTime":"2020-10-23 06:36:43.577","TargetProcessGUID":"{39e4a257-f131-5f8b-0b00-000000000700}","SourceProcessId":"756","Level":"4","Channel":"Microsoft-Windows-Sysmon/Operational","Task":"10","RuleName":"-","SourceName":"Microsoft-Windows-Sysmon","Hostname":"WORKSTATION5","SourceProcessGUID":"{39e4a257-f131-5f8b-0c00-000000000700}","TargetProcessId":"716","EventID":10,"Keywords":"0x8000000000000000","TargetImage":"C:\\windows\\system32\\services.exe","Message":"Process accessed:\r\nRuleName: -\r\nUtcTime: 2020-10-23 06:36:43.577\r\nSourceProcessGUID: {39e4a257-f131-5f8b-0c00-000000000700}\r\nSourceProcessId: 756\r\nSourceThreadId: 6352\r\nSourceImage: C:\\windows\\system32\\lsass.exe\r\nTargetProcessGUID: {39e4a257-f131-5f8b-0b00-000000000700}\r\nTargetProcessId: 716\r\nTargetImage: C:\\windows\\system32\\services.exe\r\nGrantedAccess: 0x1000\r\nCallTrace: C:\\windows\\SYSTEM32\\ntdll.dll+9c584|C:\\windows\\system32\\lsasrv.dll+32063|C:\\windows\\system32\\lsasrv.dll+2fbf9|C:\\windows\\system32\\lsasrv.dll+2e63f|C:\\windows\\system32\\lsasrv.dll+2ab19|C:\\windows\\system32\\lsasrv.dll+2a488|C:\\windows\\system32\\lsasrv.dll+1497b|C:\\windows\\SYSTEM32\\SspiSrv.dll+177c|C:\\windows\\System32\\RPCRT4.dll+76a63|C:\\windows\\System32\\RPCRT4.dll+da036|C:\\windows\\System32\\RPCRT4.dll+37b7c|C:\\windows\\System32\\RPCRT4.dll+549f8|C:\\windows\\System32\\RPCRT4.dll+2c9b1|C:\\windows\\System32\\RPCRT4.dll+2c26b|C:\\windows\\System32\\RPCRT4.dll+1a8cf|C:\\windows\\System32\\RPCRT4.dll+19d7a|C:\\windows\\System32\\RPCRT4.dll+19361|C:\\windows\\System32\\RPCRT4.dll+18dce|C:\\windows\\System32\\RPCRT4.dll+16a05|C:\\windows\\SYSTEM32\\ntdll.dll+333ed|C:\\windows\\SYSTEM32\\ntdll.dll+34142|C:\\windows\\System32\\KERNEL32.DLL+17c24|C:\\windows\\SYSTEM32\\ntdll.dll+6cea1"}
{"Keywords":"0x8000000000000000","Task":"1","Description":"Host Process for Windows Services","CommandLine":"C:\\windows\\System32\\svchost.exe -k netsvcs -p -s BITS","TimeCreated":"2020-10-23T02:36:43.590Z","Product":"Microsoft Windows Operating System","Company":"Microsoft Corporation","OriginalFileName":"svchost.exe","User":"NT AUTHORITY\\SYSTEM","ParentProcessId":"716","SourceName":"Microsoft-Windows-Sysmon","IntegrityLevel":"System","ProcessGuid":"{39e4a257-79fb-5f92-7217-000000000700}","CurrentDirectory":"C:\\windows\\system32\\","Hashes":"SHA1=75C5A97F521F760E32A4A9639A653EED862E9C61,MD5=9520A99E77D6196D0D09833146424113,SHA256=DD191A5B23DF92E12A8852291F9FB5ED594B76A28A5A464418442584AFD1E048,IMPHASH=247B9220E5D9B720A82B2C8B5069AD69","UtcTime":"2020-10-23 06:36:43.587","ParentCommandLine":"C:\\windows\\system32\\services.exe","TerminalSessionId":"0","ProcessId":"4696","ParentImage":"C:\\Windows\\System32\\services.exe","FileVersion":"10.0.18362.1 (WinBuild.160101.0800)","ParentProcessGuid":"{39e4a257-f131-5f8b-0b00-000000000700}","@timestamp":"2020-10-23T02:36:43.590Z","LogonGuid":"{39e4a257-f131-5f8b-e703-000000000000}","Image":"C:\\Windows\\System32\\svchost.exe","Hostname":"WORKSTATION5","LogonId":"0x3e7","Level":"4","EventID":1,"ProviderGuid":"{5770385f-c22a-43e0-bf4c-06f5698ffbd9}","RuleName":"-","Message":"Process Create:\r\nRuleName: -\r\nUtcTime: 2020-10-23 06:36:43.587\r\nProcessGuid: {39e4a257-79fb-5f92-7217-000000000700}\r\nProcessId: 4696\r\nImage: C:\\Windows\\System32\\svchost.exe\r\nFileVersion: 10.0.18362.1 (WinBuild.160101.0800)\r\nDescription: Host Process for Windows Services\r\nProduct: Microsoft Windows Operating System\r\nCompany: Microsoft Corporation\r\nOriginalFileName: svchost.exe\r\nCommandLine: C:\\windows\\System32\\svchost.exe -k netsvcs -p -s BITS\r\nCurrentDirectory: C:\\windows\\system32\\\r\nUser: NT AUTHORITY\\SYSTEM\r\nLogonGuid: {39e4a257-f131-5f8b-e703-000000000000}\r\nLogonId: 0x3E7\r\nTerminalSessionId: 0\r\nIntegrityLevel: System\r\nHashes: SHA1=75C5A97F521F760E32A4A9639A653EED862E9C61,MD5=9520A99E77D6196D0D09833146424113,SHA256=DD191A5B23DF92E12A8852291F9FB5ED594B76A28A5A464418442584AFD1E048,IMPHASH=247B9220E5D9B720A82B2C8B5069AD69\r\nParentProcessGuid: {39e4a257-f131-5f8b-0b00-000000000700}\r\nParentProcessId: 716\r\nParentImage: C:\\Windows\\System32\\services.exe\r\nParentCommandLine: C:\\windows\\system32\\services.exe","Channel":"Microsoft-Windows-Sysmon/Operational"}
{"GrantedAccess":"0x1fffff","@timestamp":"2020-10-23T02:36:43.591Z","TimeCreated":"2020-10-23T02:36:43.591Z","SourceThreadId":"8988","SourceImage":"C:\\windows\\system32\\services.exe","ProviderGuid":"{5770385f-c22a-43e0-bf4c-06f5698ffbd9}","CallTrace":"C:\\windows\\SYSTEM32\\ntdll.dll+9d934|C:\\windows\\System32\\KERNELBASE.dll+59e1a|C:\\windows\\System32\\KERNELBASE.dll+55ec3|C:\\windows\\System32\\KERNEL32.DLL+1c9ff|C:\\windows\\system32\\services.exe+b5f6|C:\\windows\\system32\\services.exe+e40b|C:\\windows\\system32\\services.exe+c665|C:\\windows\\system32\\services.exe+c2d4|C:\\windows\\system32\\services.exe+f1c0|C:\\windows\\system32\\services.exe+e092|C:\\windows\\system32\\services.exe+dbab|C:\\windows\\System32\\RPCRT4.dll+76a63|C:\\windows\\System32\\RPCRT4.dll+13653|C:\\windows\\System32\\RPCRT4.dll+1457a|C:\\windows\\System32\\RPCRT4.dll+549f8|C:\\windows\\System32\\RPCRT4.dll+2c9b1|C:\\windows\\System32\\RPCRT4.dll+2c26b|C:\\windows\\System32\\RPCRT4.dll+1a8cf|C:\\windows\\System32\\RPCRT4.dll+19d7a|C:\\windows\\System32\\RPCRT4.dll+19361|C:\\windows\\System32\\RPCRT4.dll+18dce|C:\\windows\\System32\\RPCRT4.dll+16a05|C:\\windows\\SYSTEM32\\ntdll.dll+333ed|C:\\windows\\SYSTEM32\\ntdll.dll+34142","UtcTime":"2020-10-23 06:36:43.577","TargetProcessGUID":"{39e4a257-79fb-5f92-7217-000000000700}","SourceProcessId":"716","Level":"4","Channel":"Microsoft-Windows-Sysmon/Operational","Task":"10","RuleName":"-","SourceName":"Microsoft-Windows-Sysmon","Hostname":"WORKSTATION5","SourceProcessGUID":"{39e4a257-f131-5f8b-0b00-000000000700}","TargetProcessId":"4696","EventID":10,"Keywords":"0x8000000000000000","TargetImage":"C:\\windows\\System32\\svchost.exe","Message":"Process accessed:\r\nRuleName: -\r\nUtcTime: 2020-10-23 06:36:43.577\r\nSourceProcessGUID: {39e4a257-f131-5f8b-0b00-000000000700}\r\nSourceProcessId: 716\r\nSourceThreadId: 8988\r\nSourceImage: C:\\windows\\system32\\services.exe\r\nTargetProcessGUID: {39e4a257-79fb-5f92-7217-000000000700}\r\nTargetProcessId: 4696\r\nTargetImage: C:\\windows\\System32\\svchost.exe\r\nGrantedAccess: 0x1FFFFF\r\nCallTrace: C:\\windows\\SYSTEM32\\ntdll.dll+9d934|C:\\windows\\System32\\KERNELBASE.dll+59e1a|C:\\windows\\System32\\KERNELBASE.dll+55ec3|C:\\windows\\System32\\KERNEL32.DLL+1c9ff|C:\\windows\\system32\\services.exe+b5f6|C:\\windows\\system32\\services.exe+e40b|C:\\windows\\system32\\services.exe+c665|C:\\windows\\system32\\services.exe+c2d4|C:\\windows\\system32\\services.exe+f1c0|C:\\windows\\system32\\services.exe+e092|C:\\windows\\system32\\services.exe+dbab|C:\\windows\\System32\\RPCRT4.dll+76a63|C:\\windows\\System32\\RPCRT4.dll+13653|C:\\windows\\System32\\RPCRT4.dll+1457a|C:\\windows\\System32\\RPCRT4.dll+549f8|C:\\windows\\System32\\RPCRT4.dll+2c9b1|C:\\windows\\System32\\RPCRT4.dll+2c26b|C:\\windows\\System32\\RPCRT4.dll+1a8cf|C:\\windows\\System32\\RPCRT4.dll+19d7a|C:\\windows\\System32\\RPCRT4.dll+19361|C:\\windows\\System32\\RPCRT4.dll+18dce|C:\\windows\\System32\\RPCRT4.dll+16a05|C:\\windows\\SYSTEM32\\ntdll.dll+333ed|C:\\windows\\SYSTEM32\\ntdll.dll+34142"}
