{"GrantedAccess":"0x1400","@timestamp":"2020-10-22T02:21:38.194Z","TimeCreated":"2020-10-22T02:21:38.194Z","SourceThreadId":"9548","SourceImage":"C:\\windows\\System32\\svchost.exe","ProviderGuid":"{5770385f-c22a-43e0-bf4c-06f5698ffbd9}","CallTrace":"C:\\windows\\SYSTEM32\\ntdll.dll+9c584|c:\\windows\\system32\\themeservice.dll+1d60|c:\\windows\\system32\\themeservice.dll+1595|c:\\windows\\system32\\themeservice.dll+1461|c:\\windows\\system32\\themeservice.dll+1886|C:\\windows\\SYSTEM32\\ntdll.dll+2f655|C:\\windows\\SYSTEM32\\ntdll.dll+345b4|C:\\windows\\System32\\KERNEL32.DLL+17c24|C:\\windows\\SYSTEM32\\ntdll.dll+6cea1","UtcTime":"2020-10-22 06:21:38.186","TargetProcessGUID":"{39e4a257-24f1-5f91-0e13-000000000700}","SourceProcessId":"2064","Level":"4","Channel":"Microsoft-Windows-Sysmon/Operational","Task":"10","RuleName":"-","SourceName":"Microsoft-Windows-Sysmon","Hostname":"WORKSTATION5","SourceProcessGUID":"{39e4a257-f133-5f8b-3400-000000000700}","TargetProcessId":"10076","EventID":10,"Keywords":"0x8000000000000000","TargetImage":"C:\\windows\\system32\\mshta.exe","Message":"Process accessed:\r\nRuleName: -\r\nUtcTime: 2020-10-22 06:21:38.186\r\nSourceProcessGUID: {39e4a257-f133-5f8b-3400-000000000700}\r\nSourceProcessId: 2064\r\nSourceThreadId: 9548\r\nSourceImage: C:\\windows\\System32\\svchost.exe\r\nTargetProcessGUID: {39e4a257-24f1-5f91-0e13-000000000700}\r\nTargetProcessId: 10076\r\nTargetImage: C:\\windows\\system32\\mshta.exe\r\nGrantedAccess: 0x1400\r\nCallTrace: C:\\windows\\SYSTEM32\\ntdll.dll+9c584|c:\\windows\\system32\\themeservice.dll+1d60|c:\\windows\\system32\\themeservice.dll+1595|c:\\windows\\system32\\themeservice.dll+1461|c:\\windows\\system32\\themeservice.dll+1886|C:\\windows\\SYSTEM32\\ntdll.dll+2f655|C:\\windows\\SYSTEM32\\ntdll.dll+345b4|C:\\windows\\System32\\KERNEL32.DLL+17c24|C:\\windows\\SYSTEM32\\ntdll.dll+6cea1"}
{"@timestamp":"2020-10-22T02:21:38.215Z","TimeCreated":"2020-10-22T02:21:38.215Z","Hashes":"SHA1=5F7008EE8ADAABADD68C6DD5BE92D63E65FA246F,MD5=52FEBDEBB997A30DE66EBFF6C84458FE,SHA256=D5036280A629574D7421D12EDE96C8E05ED595A5DEDF1ED9678FF5667035514B,IMPHASH=E36139468C6DD82FE56B6A135839960B","Signature":"Microsoft Windows","ProviderGuid":"{5770385f-c22a-43e0-bf4c-06f5698ffbd9}","Company":"Microsoft Corporation","UtcTime":"2020-10-22 06:21:38.203","ProcessGuid":"{39e4a257-24f1-5f91-0e13-000000000700}","Image":"C:\\Windows\\System32\\mshta.exe","ImageLoaded":"C:\\Windows\\System32\\msctf.dll","Level":"4","Channel":"Microsoft-Windows-Sysmon/Operational","Task":"7","RuleName":"-","FileVersion":"10.0.18362.1139 (WinBuild.160101.0800)","SourceName":"Microsoft-Windows-Sysmon","Hostname":"WORKSTATION5","ProcessId":"10076","Description":"MSCTF Server DLL","SignatureStatus":"Valid","Product":"Microsoft Windows Operating System","EventID":7,"Keywords":"0x8000000000000000","Signed":"true","OriginalFileName":"MSCTF.DLL","Message":"Image loaded:\r\nRuleName: -\r\nUtcTime: 2020-10-22 06:21:38.203\r\nProcessGuid: {39e4a257-24f1-5f91-0e13-000000000700}\r\nProcessId: 10076\r\nImage: C:\\Windows\\System32\\mshta.exe\r\nImageLoaded: C:\\Windows\\System32\\msctf.dll\r\nFileVersion: 10.0.18362.1139 (WinBuild.160101.0800)\r\nDescription: MSCTF Server DLL\r\nProduct: Microsoft Windows Operating System\r\nCompany: Microsoft Corporation\r\nOriginalFileName: MSCTF.DLL\r\nHashes: SHA1=5F7008EE8ADAABADD68C6DD5BE92D63E65FA246F,MD5=52FEBDEBB997A30DE66EBFF6C84458FE,SHA256=D5036280A629574D7421D12EDE96C8E05ED595A5DEDF1ED9678FF5667035514B,IMPHASH=E36139468C6DD82FE56B6A135839960B\r\nSigned: true\r\nSignature: Microsoft Windows\r\nSignatureStatus: Valid"}
{"@timestamp":"2020-10-22T02:21:38.216Z","TimeCreated":"2020-10-22T02:21:38.216Z","Hashes":"SHA1=35C3365E5F385CB7025DC51D1359BC92CEACB8F4,MD5=81CC27927690AC3A552D92269CBA4899,SHA256=49C1A7FFB5DC382E35F19C1771A0B43120BBB4159EE5BFE23E0410A76A36D68A,IMPHASH=F010E2DB51A2E86CCF6052A1ACC0854F","Signature":"Microsoft Windows","ProviderGuid":"{5770385f-c22a-43e0-bf4c-06f5698ffbd9}","Company":"Microsoft Corporation","UtcTime":"2020-10-22 06:21:38.203","ProcessGuid":"{39e4a257-24f1-5f91-0e13-000000000700}","Image":"C:\\Windows\\System32\\mshta.exe","ImageLoaded":"C:\\Windows\\System32\\oleaut32.dll","Level":"4","Channel":"Microsoft-Windows-Sysmon/Operational","Task":"7","RuleName":"-","FileVersion":"10.0.18362.1110 (WinBuild.160101.0800)","SourceName":"Microsoft-Windows-Sysmon","Hostname":"WORKSTATION5","ProcessId":"10076","Description":"OLEAUT32.DLL","SignatureStatus":"Valid","Product":"Microsoft Windows Operating System","EventID":7,"Keywords":"0x8000000000000000","Signed":"true","OriginalFileName":"OLEAUT32.DLL","Message":"Image loaded:\r\nRuleName: -\r\nUtcTime: 2020-10-22 06:21:38.203\r\nProcessGuid: {39e4a257-24f1-5f91-0e13-000000000700}\r\nProcessId: 10076\r\nImage: C:\\Windows\\System32\\mshta.exe\r\nImageLoaded: C:\\Windows\\System32\\oleaut32.dll\r\nFileVersion: 10.0.18362.1110 (WinBuild.160101.0800)\r\nDescription: OLEAUT32.DLL\r\nProduct: Microsoft Windows Operating System\r\nCompany: Microsoft Corporation\r\nOriginalFileName: OLEAUT32.DLL\r\nHashes: SHA1=35C3365E5F385CB7025DC51D1359BC92CEACB8F4,MD5=81CC27927690AC3A552D92269CBA4899,SHA256=49C1A7FFB5DC382E35F19C1771A0B43120BBB4159EE5BFE23E0410A76A36D68A,IMPHASH=F010E2DB51A2E86CCF6052A1ACC0854F\r\nSigned: true\r\nSignature: Microsoft Windows\r\nSignatureStatus: Valid"}
{"GrantedAccess":"0x1000","@timestamp":"2020-10-22T02:21:38.216Z","TimeCreated":"2020-10-22T02:21:38.216Z","SourceThreadId":"4688","SourceImage":"C:\\windows\\Explorer.EXE","ProviderGuid":"{5770385f-c22a-43e0-bf4c-06f5698ffbd9}","CallTrace":"C:\\windows\\SYSTEM32\\ntdll.dll+9c584|C:\\windows\\System32\\KERNELBASE.dll+305fe|C:\\windows\\SYSTEM32\\TWINAPI.dll+6d4c|C:\\windows\\system32\\twinui.pcshell.dll+20880|C:\\windows\\system32\\twinui.pcshell.dll+20082|C:\\windows\\system32\\twinui.dll+1780b|C:\\windows\\system32\\twinui.dll+1734c|C:\\windows\\system32\\twinui.dll+68f7a|C:\\windows\\system32\\twinui.dll+16e09|C:\\windows\\system32\\twinui.dll+16f4b|C:\\windows\\system32\\twinui.dll+16ecd|C:\\windows\\System32\\USER32.dll+15c1d|C:\\windows\\System32\\USER32.dll+15612|C:\\Windows\\System32\\windows.immersiveshell.serviceprovider.dll+45f0|C:\\Windows\\System32\\windows.immersiveshell.serviceprovider.dll+41b9|C:\\Windows\\System32\\windows.immersiveshell.serviceprovider.dll+3e4f|C:\\windows\\System32\\KERNEL32.DLL+17c24|C:\\windows\\SYSTEM32\\ntdll.dll+6cea1","UtcTime":"2020-10-22 06:21:38.203","TargetProcessGUID":"{39e4a257-24f1-5f91-0e13-000000000700}","SourceProcessId":"1072","Level":"4","Channel":"Microsoft-Windows-Sysmon/Operational","Task":"10","RuleName":"-","SourceName":"Microsoft-Windows-Sysmon","Hostname":"WORKSTATION5","SourceProcessGUID":"{39e4a257-f1b3-5f8b-a700-000000000700}","TargetProcessId":"10076","EventID":10,"Keywords":"0x8000000000000000","TargetImage":"C:\\windows\\system32\\mshta.exe","Message":"Process accessed:\r\nRuleName: -\r\nUtcTime: 2020-10-22 06:21:38.203\r\nSourceProcessGUID: {39e4a257-f1b3-5f8b-a700-000000000700}\r\nSourceProcessId: 1072\r\nSourceThreadId: 4688\r\nSourceImage: C:\\windows\\Explorer.EXE\r\nTargetProcessGUID: {39e4a257-24f1-5f91-0e13-000000000700}\r\nTargetProcessId: 10076\r\nTargetImage: C:\\windows\\system32\\mshta.exe\r\nGrantedAccess: 0x1000\r\nCallTrace: C:\\windows\\SYSTEM32\\ntdll.dll+9c584|C:\\windows\\System32\\KERNELBASE.dll+305fe|C:\\windows\\SYSTEM32\\TWINAPI.dll+6d4c|C:\\windows\\system32\\twinui.pcshell.dll+20880|C:\\windows\\system32\\twinui.pcshell.dll+20082|C:\\windows\\system32\\twinui.dll+1780b|C:\\windows\\system32\\twinui.dll+1734c|C:\\windows\\system32\\twinui.dll+68f7a|C:\\windows\\system32\\twinui.dll+16e09|C:\\windows\\system32\\twinui.dll+16f4b|C:\\windows\\system32\\twinui.dll+16ecd|C:\\windows\\System32\\USER32.dll+15c1d|C:\\windows\\System32\\USER32.dll+15612|C:\\Windows\\System32\\windows.immersiveshell.serviceprovider.dll+45f0|C:\\Windows\\System32\\windows.immersiveshell.serviceprovider.dll+41b9|C:\\Windows\\System32\\windows.immersiveshell.serviceprovider.dll+3e4f|C:\\windows\\System32\\KERNEL32.DLL+17c24|C:\\windows\\SYSTEM32\\ntdll.dll+6cea1"}
{"GrantedAccess":"0x1000","@timestamp":"2020-10-22T02:21:38.216Z","TimeCreated":"2020-10-22T02:21:38.216Z","SourceThreadId":"4688","SourceImage":"C:\\windows\\Explorer.EXE","ProviderGuid":"{5770385f-c22a-43e0-bf4c-06f5698ffbd9}","CallTrace":"C:\\windows\\SYSTEM32\\ntdll.dll+9c584|C:\\windows\\System32\\KERNELBASE.dll+305fe|C:\\windows\\SYSTEM32\\TWINAPI.dll+6d4c|C:\\windows\\system32\\twinui.pcshell.dll+20880|C:\\windows\\system32\\twinui.pcshell.dll+20082|C:\\windows\\system32\\twinui.dll+1780b|C:\\windows\\system32\\twinui.dll+1734c|C:\\windows\\system32\\twinui.dll+68f7a|C:\\windows\\system32\\twinui.dll+16e09|C:\\windows\\system32\\twinui.dll+16f4b|C:\\windows\\system32\\twinui.dll+16ecd|C:\\windows\\System32\\USER32.dll+15c1d|C:\\windows\\System32\\USER32.dll+15612|C:\\Windows\\System32\\windows.immersiveshell.serviceprovider.dll+45f0|C:\\Windows\\System32\\windows.immersiveshell.serviceprovider.dll+41b9|C:\\Windows\\System32\\windows.immersiveshell.serviceprovider.dll+3e4f|C:\\windows\\System32\\KERNEL32.DLL+17c24|C:\\windows\\SYSTEM32\\ntdll.dll+6cea1","UtcTime":"2020-10-22 06:21:38.203","TargetProcessGUID":"{39e4a257-24f1-5f91-0e13-000000000700}","SourceProcessId":"1072","Level":"4","Channel":"Microsoft-Windows-Sysmon/Operational","Task":"10","RuleName":"-","SourceName":"Microsoft-Windows-Sysmon","Hostname":"WORKSTATION5","SourceProcessGUID":"{39e4a257-f1b3-5f8b-a700-000000000700}","TargetProcessId":"10076","EventID":10,"Keywords":"0x8000000000000000","TargetImage":"C:\\windows\\system32\\mshta.exe","Message":"Process accessed:\r\nRuleName: -\r\nUtcTime: 2020-10-22 06:21:38.203\r\nSourceProcessGUID: {39e4a257-f1b3-5f8b-a700-000000000700}\r\nSourceProcessId: 1072\r\nSourceThreadId: 4688\r\nSourceImage: C:\\windows\\Explorer.EXE\r\nTargetProcessGUID: {39e4a257-24f1-5f91-0e13-000000000700}\r\nTargetProcessId: 10076\r\nTargetImage: C:\\windows\\system32\\mshta.exe\r\nGrantedAccess: 0x1000\r\nCallTrace: C:\\windows\\SYSTEM32\\ntdll.dll+9c584|C:\\windows\\System32\\KERNELBASE.dll+305fe|C:\\windows\\SYSTEM32\\TWINAPI.dll+6d4c|C:\\windows\\system32\\twinui.pcshell.dll+20880|C:\\windows\\system32\\twinui.pcshell.dll+20082|C:\\windows\\system32\\twinui.dll+1780b|C:\\windows\\system32\\twinui.dll+1734c|C:\\windows\\system32\\twinui.dll+68f7a|C:\\windows\\system32\\twinui.dll+16e09|C:\\windows\\system32\\twinui.dll+16f4b|C:\\windows\\system32\\twinui.dll+16ecd|C:\\windows\\System32\\USER32.dll+15c1d|C:\\windows\\System32\\USER32.dll+15612|C:\\Windows\\System32\\windows.immersiveshell.serviceprovider.dll+45f0|C:\\Windows\\System32\\windows.immersiveshell.serviceprovider.dll+41b9|C:\\Windows\\System32\\windows.immersiveshell.serviceprovider.dll+3e4f|C:\\windows\\System32\\KERNEL32.DLL+17c24|C:\\windows\\SYSTEM32\\ntdll.dll+6cea1"}
{"GrantedAccess":"0x1000","@timestamp":"2020-10-22T02:21:38.216Z","TimeCreated":"2020-10-22T02:21:38.216Z","SourceThreadId":"4688","SourceImage":"C:\\windows\\Explorer.EXE","ProviderGuid":"{5770385f-c22a-43e0-bf4c-06f5698ffbd9}","CallTrace":"C:\\windows\\SYSTEM32\\ntdll.dll+9c584|C:\\windows\\System32\\KERNELBASE.dll+305fe|C:\\windows\\SYSTEM32\\TWINAPI.dll+6d4c|C:\\windows\\system32\\twinui.pcshell.dll+20880|C:\\windows\\system32\\twinui.pcshell.dll+20082|C:\\windows\\system32\\twinui.dll+1780b|C:\\windows\\system32\\twinui.dll+1734c|C:\\windows\\system32\\twinui.dll+68f7a|C:\\windows\\system32\\twinui.dll+16e09|C:\\windows\\system32\\twinui.dll+16f4b|C:\\windows\\system32\\twinui.dll+16ecd|C:\\windows\\System32\\USER32.dll+15c1d|C:\\windows\\System32\\USER32.dll+15612|C:\\Windows\\System32\\windows.immersiveshell.serviceprovider.dll+45f0|C:\\Windows\\System32\\windows.immersiveshell.serviceprovider.dll+41b9|C:\\Windows\\System32\\windows.immersiveshell.serviceprovider.dll+3e4f|C:\\windows\\System32\\KERNEL32.DLL+17c24|C:\\windows\\SYSTEM32\\ntdll.dll+6cea1","UtcTime":"2020-10-22 06:21:38.203","TargetProcessGUID":"{39e4a257-24f1-5f91-0e13-000000000700}","SourceProcessId":"1072","Level":"4","Channel":"Microsoft-Windows-Sysmon/Operational","Task":"10","RuleName":"-","SourceName":"Microsoft-Windows-Sysmon","Hostname":"WORKSTATION5","SourceProcessGUID":"{39e4a257-f1b3-5f8b-a700-000000000700}","TargetProcessId":"10076","EventID":10,"Keywords":"0x8000000000000000","TargetImage":"C:\\windows\\system32\\mshta.exe","Message":"Process accessed:\r\nRuleName: -\r\nUtcTime: 2020-10-22 06:21:38.203\r\nSourceProcessGUID: {39e4a257-f1b3-5f8b-a700-000000000700}\r\nSourceProcessId: 1072\r\nSourceThreadId: 4688\r\nSourceImage: C:\\windows\\Explorer.EXE\r\nTargetProcessGUID: {39e4a257-24f1-5f91-0e13-000000000700}\r\nTargetProcessId: 10076\r\nTargetImage: C:\\windows\\system32\\mshta.exe\r\nGrantedAccess: 0x1000\r\nCallTrace: C:\\windows\\SYSTEM32\\ntdll.dll+9c584|C:\\windows\\System32\\KERNELBASE.dll+305fe|C:\\windows\\SYSTEM32\\TWINAPI.dll+6d4c|C:\\windows\\system32\\twinui.pcshell.dll+20880|C:\\windows\\system32\\twinui.pcshell.dll+20082|C:\\windows\\system32\\twinui.dll+1780b|C:\\windows\\system32\\twinui.dll+1734c|C:\\windows\\system32\\twinui.dll+68f7a|C:\\windows\\system32\\twinui.dll+16e09|C:\\windows\\system32\\twinui.dll+16f4b|C:\\windows\\system32\\twinui.dll+16ecd|C:\\windows\\System32\\USER32.dll+15c1d|C:\\windows\\System32\\USER32.dll+15612|C:\\Windows\\System32\\windows.immersiveshell.serviceprovider.dll+45f0|C:\\Windows\\System32\\windows.immersiveshell.serviceprovider.dll+41b9|C:\\Windows\\System32\\windows.immersiveshell.serviceprovider.dll+3e4f|C:\\windows\\System32\\KERNEL32.DLL+17c24|C:\\windows\\SYSTEM32\\ntdll.dll+6cea1"}
{"GrantedAccess":"0x1000","@timestamp":"2020-10-22T02:21:38.253Z","TimeCreated":"2020-10-22T02:21:38.253Z","SourceThreadId":"1060","SourceImage":"C:\\windows\\system32\\svchost.exe","ProviderGuid":"{5770385f-c22a-43e0-bf4c-06f5698ffbd9}","CallTrace":"C:\\windows\\SYSTEM32\\ntdll.dll+9c584|C:\\windows\\SYSTEM32\\psmserviceexthost.dll+222a3|C:\\windows\\SYSTEM32\\psmserviceexthost.dll+37ea0|C:\\windows\\SYSTEM32\\psmserviceexthost.dll+37929|C:\\windows\\SYSTEM32\\psmserviceexthost.dll+686f8|C:\\windows\\SYSTEM32\\psmserviceexthost.dll+6e84a|C:\\windows\\SYSTEM32\\psmserviceexthost.dll+6f700|C:\\windows\\SYSTEM32\\psmserviceexthost.dll+34be4|C:\\windows\\SYSTEM32\\psmserviceexthost.dll+6f63e|C:\\windows\\SYSTEM32\\psmserviceexthost.dll+713b5|C:\\windows\\SYSTEM32\\psmserviceexthost.dll+50bda|C:\\windows\\SYSTEM32\\psmserviceexthost.dll+4500a|C:\\windows\\System32\\KERNEL32.DLL+17c24|C:\\windows\\SYSTEM32\\ntdll.dll+6cea1","UtcTime":"2020-10-22 06:21:38.249","TargetProcessGUID":"{39e4a257-f247-5f8b-d300-000000000700}","SourceProcessId":"944","Level":"4","Channel":"Microsoft-Windows-Sysmon/Operational","Task":"10","RuleName":"-","SourceName":"Microsoft-Windows-Sysmon","Hostname":"WORKSTATION5","SourceProcessGUID":"{39e4a257-f132-5f8b-1000-000000000700}","TargetProcessId":"4368","EventID":10,"Keywords":"0x8000000000000000","TargetImage":"C:\\Windows\\SystemApps\\InputApp_cw5n1h2txyewy\\WindowsInternal.ComposableShell.Experiences.TextInput.InputApp.exe","Message":"Process accessed:\r\nRuleName: -\r\nUtcTime: 2020-10-22 06:21:38.249\r\nSourceProcessGUID: {39e4a257-f132-5f8b-1000-000000000700}\r\nSourceProcessId: 944\r\nSourceThreadId: 1060\r\nSourceImage: C:\\windows\\system32\\svchost.exe\r\nTargetProcessGUID: {39e4a257-f247-5f8b-d300-000000000700}\r\nTargetProcessId: 4368\r\nTargetImage: C:\\Windows\\SystemApps\\InputApp_cw5n1h2txyewy\\WindowsInternal.ComposableShell.Experiences.TextInput.InputApp.exe\r\nGrantedAccess: 0x1000\r\nCallTrace: C:\\windows\\SYSTEM32\\ntdll.dll+9c584|C:\\windows\\SYSTEM32\\psmserviceexthost.dll+222a3|C:\\windows\\SYSTEM32\\psmserviceexthost.dll+37ea0|C:\\windows\\SYSTEM32\\psmserviceexthost.dll+37929|C:\\windows\\SYSTEM32\\psmserviceexthost.dll+686f8|C:\\windows\\SYSTEM32\\psmserviceexthost.dll+6e84a|C:\\windows\\SYSTEM32\\psmserviceexthost.dll+6f700|C:\\windows\\SYSTEM32\\psmserviceexthost.dll+34be4|C:\\windows\\SYSTEM32\\psmserviceexthost.dll+6f63e|C:\\windows\\SYSTEM32\\psmserviceexthost.dll+713b5|C:\\windows\\SYSTEM32\\psmserviceexthost.dll+50bda|C:\\windows\\SYSTEM32\\psmserviceexthost.dll+4500a|C:\\windows\\System32\\KERNEL32.DLL+17c24|C:\\windows\\SYSTEM32\\ntdll.dll+6cea1"}
{"GrantedAccess":"0x1000","@timestamp":"2020-10-22T02:21:38.253Z","TimeCreated":"2020-10-22T02:21:38.253Z","SourceThreadId":"1060","SourceImage":"C:\\windows\\system32\\svchost.exe","ProviderGuid":"{5770385f-c22a-43e0-bf4c-06f5698ffbd9}","CallTrace":"C:\\windows\\SYSTEM32\\ntdll.dll+9c584|C:\\windows\\SYSTEM32\\psmserviceexthost.dll+222a3|C:\\windows\\SYSTEM32\\psmserviceexthost.dll+37ea0|C:\\windows\\SYSTEM32\\psmserviceexthost.dll+37929|C:\\windows\\SYSTEM32\\psmserviceexthost.dll+686f8|C:\\windows\\SYSTEM32\\psmserviceexthost.dll+6e84a|C:\\windows\\SYSTEM32\\psmserviceexthost.dll+6f700|C:\\windows\\SYSTEM32\\psmserviceexthost.dll+34be4|C:\\windows\\SYSTEM32\\psmserviceexthost.dll+6f63e|C:\\windows\\SYSTEM32\\psmserviceexthost.dll+713b5|C:\\windows\\SYSTEM32\\psmserviceexthost.dll+50bda|C:\\windows\\SYSTEM32\\psmserviceexthost.dll+4500a|C:\\windows\\System32\\KERNEL32.DLL+17c24|C:\\windows\\SYSTEM32\\ntdll.dll+6cea1","UtcTime":"2020-10-22 06:21:38.249","TargetProcessGUID":"{39e4a257-24d6-5f91-0d13-000000000700}","SourceProcessId":"944","Level":"4","Channel":"Microsoft-Windows-Sysmon/Operational","Task":"10","RuleName":"-","SourceName":"Microsoft-Windows-Sysmon","Hostname":"WORKSTATION5","SourceProcessGUID":"{39e4a257-f132-5f8b-1000-000000000700}","TargetProcessId":"10184","EventID":10,"Keywords":"0x8000000000000000","TargetImage":"C:\\windows\\system32\\backgroundTaskHost.exe","Message":"Process accessed:\r\nRuleName: -\r\nUtcTime: 2020-10-22 06:21:38.249\r\nSourceProcessGUID: {39e4a257-f132-5f8b-1000-000000000700}\r\nSourceProcessId: 944\r\nSourceThreadId: 1060\r\nSourceImage: C:\\windows\\system32\\svchost.exe\r\nTargetProcessGUID: {39e4a257-24d6-5f91-0d13-000000000700}\r\nTargetProcessId: 10184\r\nTargetImage: C:\\windows\\system32\\backgroundTaskHost.exe\r\nGrantedAccess: 0x1000\r\nCallTrace: C:\\windows\\SYSTEM32\\ntdll.dll+9c584|C:\\windows\\SYSTEM32\\psmserviceexthost.dll+222a3|C:\\windows\\SYSTEM32\\psmserviceexthost.dll+37ea0|C:\\windows\\SYSTEM32\\psmserviceexthost.dll+37929|C:\\windows\\SYSTEM32\\psmserviceexthost.dll+686f8|C:\\windows\\SYSTEM32\\psmserviceexthost.dll+6e84a|C:\\windows\\SYSTEM32\\psmserviceexthost.dll+6f700|C:\\windows\\SYSTEM32\\psmserviceexthost.dll+34be4|C:\\windows\\SYSTEM32\\psmserviceexthost.dll+6f63e|C:\\windows\\SYSTEM32\\psmserviceexthost.dll+713b5|C:\\windows\\SYSTEM32\\psmserviceexthost.dll+50bda|C:\\windows\\SYSTEM32\\psmserviceexthost.dll+4500a|C:\\windows\\System32\\KERNEL32.DLL+17c24|C:\\windows\\SYSTEM32\\ntdll.dll+6cea1"}
{"@timestamp":"2020-10-22T02:21:38.255Z","TimeCreated":"2020-10-22T02:21:38.255Z","ProviderGuid":"{5770385f-c22a-43e0-bf4c-06f5698ffbd9}","UtcTime":"2020-10-22 06:21:38.249","ProcessGuid":"{39e4a257-24f1-5f91-0e13-000000000700}","Image":"C:\\windows\\system32\\mshta.exe","Level":"4","Channel":"Microsoft-Windows-Sysmon/Operational","Task":"12","RuleName":"-","SourceName":"Microsoft-Windows-Sysmon","Hostname":"WORKSTATION5","ProcessId":"10076","EventType":"CreateKey","EventID":12,"Keywords":"0x8000000000000000","TargetObject":"HKU\\S-1-5-21-3940915590-64593676-1414006259-500\\Software\\Microsoft\\Windows\\CurrentVersion\\Internet Settings\\ZoneMap","Message":"Registry object added or deleted:\r\nRuleName: -\r\nEventType: CreateKey\r\nUtcTime: 2020-10-22 06:21:38.249\r\nProcessGuid: {39e4a257-24f1-5f91-0e13-000000000700}\r\nProcessId: 10076\r\nImage: C:\\windows\\system32\\mshta.exe\r\nTargetObject: HKU\\S-1-5-21-3940915590-64593676-1414006259-500\\Software\\Microsoft\\Windows\\CurrentVersion\\Internet Settings\\ZoneMap"}
{"@timestamp":"2020-10-22T02:21:38.259Z","TimeCreated":"2020-10-22T02:21:38.259Z","Hashes":"SHA1=7A9DD389B0E3C124D4BFE5C1FF15F9A93285514F,MD5=1676DE3980DF1D78E14B172989916570,SHA256=E832E3A58B542E15A169B1545CE82451ACE19BD361FD81764383048528F9B540,IMPHASH=F523F043ACCD8EF1D89F5FD34B5CBBA6","Signature":"Microsoft Windows","ProviderGuid":"{5770385f-c22a-43e0-bf4c-06f5698ffbd9}","Company":"Microsoft Corporation","UtcTime":"2020-10-22 06:21:38.249","ProcessGuid":"{39e4a257-24f1-5f91-0e13-000000000700}","Image":"C:\\Windows\\System32\\mshta.exe","ImageLoaded":"C:\\Windows\\System32\\crypt32.dll","Level":"4","Channel":"Microsoft-Windows-Sysmon/Operational","Task":"7","RuleName":"-","FileVersion":"10.0.18362.592 (WinBuild.160101.0800)","SourceName":"Microsoft-Windows-Sysmon","Hostname":"WORKSTATION5","ProcessId":"10076","Description":"Crypto API32","SignatureStatus":"Valid","Product":"Microsoft Windows Operating System","EventID":7,"Keywords":"0x8000000000000000","Signed":"true","OriginalFileName":"CRYPT32.DLL","Message":"Image loaded:\r\nRuleName: -\r\nUtcTime: 2020-10-22 06:21:38.249\r\nProcessGuid: {39e4a257-24f1-5f91-0e13-000000000700}\r\nProcessId: 10076\r\nImage: C:\\Windows\\System32\\mshta.exe\r\nImageLoaded: C:\\Windows\\System32\\crypt32.dll\r\nFileVersion: 10.0.18362.592 (WinBuild.160101.0800)\r\nDescription: Crypto API32\r\nProduct: Microsoft Windows Operating System\r\nCompany: Microsoft Corporation\r\nOriginalFileName: CRYPT32.DLL\r\nHashes: SHA1=7A9DD389B0E3C124D4BFE5C1FF15F9A93285514F,MD5=1676DE3980DF1D78E14B172989916570,SHA256=E832E3A58B542E15A169B1545CE82451ACE19BD361FD81764383048528F9B540,IMPHASH=F523F043ACCD8EF1D89F5FD34B5CBBA6\r\nSigned: true\r\nSignature: Microsoft Windows\r\nSignatureStatus: Valid"}
{"@timestamp":"2020-10-22T02:21:38.259Z","TimeCreated":"2020-10-22T02:21:38.259Z","Hashes":"SHA1=F1F2A398A07419B588494558430A141884AD66EF,MD5=23D95BFDCD23EC6AFFF7E4B0703CE464,SHA256=18DE438E2C068383700C5A87423B70B251302F0D5107F331BC7EDE5097504907,IMPHASH=F79599CA729D557E0381EC0A41471A27","Signature":"Microsoft Windows","ProviderGuid":"{5770385f-c22a-43e0-bf4c-06f5698ffbd9}","Company":"Microsoft Corporation","UtcTime":"2020-10-22 06:21:38.249","ProcessGuid":"{39e4a257-24f1-5f91-0e13-000000000700}","Image":"C:\\Windows\\System32\\mshta.exe","ImageLoaded":"C:\\Windows\\System32\\msasn1.dll","Level":"4","Channel":"Microsoft-Windows-Sysmon/Operational","Task":"7","RuleName":"-","FileVersion":"10.0.18362.1 (WinBuild.160101.0800)","SourceName":"Microsoft-Windows-Sysmon","Hostname":"WORKSTATION5","ProcessId":"10076","Description":"ASN.1 Runtime APIs","SignatureStatus":"Valid","Product":"Microsoft Windows Operating System","EventID":7,"Keywords":"0x8000000000000000","Signed":"true","OriginalFileName":"msasn1.dll","Message":"Image loaded:\r\nRuleName: -\r\nUtcTime: 2020-10-22 06:21:38.249\r\nProcessGuid: {39e4a257-24f1-5f91-0e13-000000000700}\r\nProcessId: 10076\r\nImage: C:\\Windows\\System32\\mshta.exe\r\nImageLoaded: C:\\Windows\\System32\\msasn1.dll\r\nFileVersion: 10.0.18362.1 (WinBuild.160101.0800)\r\nDescription: ASN.1 Runtime APIs\r\nProduct: Microsoft Windows Operating System\r\nCompany: Microsoft Corporation\r\nOriginalFileName: msasn1.dll\r\nHashes: SHA1=F1F2A398A07419B588494558430A141884AD66EF,MD5=23D95BFDCD23EC6AFFF7E4B0703CE464,SHA256=18DE438E2C068383700C5A87423B70B251302F0D5107F331BC7EDE5097504907,IMPHASH=F79599CA729D557E0381EC0A41471A27\r\nSigned: true\r\nSignature: Microsoft Windows\r\nSignatureStatus: Valid"}
{"GrantedAccess":"0x1000","@timestamp":"2020-10-22T02:21:38.272Z","TimeCreated":"2020-10-22T02:21:38.272Z","SourceThreadId":"4836","SourceImage":"C:\\windows\\system32\\lsass.exe","ProviderGuid":"{5770385f-c22a-43e0-bf4c-06f5698ffbd9}","CallTrace":"C:\\windows\\SYSTEM32\\ntdll.dll+9d154|C:\\windows\\System32\\RPCRT4.dll+2d354|C:\\windows\\system32\\lsasrv.dll+176b9|C:\\windows\\SYSTEM32\\SspiSrv.dll+1a72|C:\\windows\\System32\\RPCRT4.dll+76a63|C:\\windows\\System32\\RPCRT4.dll+da036|C:\\windows\\System32\\RPCRT4.dll+37b7c|C:\\windows\\System32\\RPCRT4.dll+549f8|C:\\windows\\System32\\RPCRT4.dll+2c9b1|C:\\windows\\System32\\RPCRT4.dll+2c26b|C:\\windows\\System32\\RPCRT4.dll+1a8cf|C:\\windows\\System32\\RPCRT4.dll+19d7a|C:\\windows\\System32\\RPCRT4.dll+19361|C:\\windows\\System32\\RPCRT4.dll+18dce|C:\\windows\\System32\\RPCRT4.dll+16a05|C:\\windows\\SYSTEM32\\ntdll.dll+333ed|C:\\windows\\SYSTEM32\\ntdll.dll+34142|C:\\windows\\System32\\KERNEL32.DLL+17c24|C:\\windows\\SYSTEM32\\ntdll.dll+6cea1","UtcTime":"2020-10-22 06:21:38.264","TargetProcessGUID":"{39e4a257-24f1-5f91-0e13-000000000700}","SourceProcessId":"756","Level":"4","Channel":"Microsoft-Windows-Sysmon/Operational","Task":"10","RuleName":"-","SourceName":"Microsoft-Windows-Sysmon","Hostname":"WORKSTATION5","SourceProcessGUID":"{39e4a257-f131-5f8b-0c00-000000000700}","TargetProcessId":"10076","EventID":10,"Keywords":"0x8000000000000000","TargetImage":"C:\\windows\\system32\\mshta.exe","Message":"Process accessed:\r\nRuleName: -\r\nUtcTime: 2020-10-22 06:21:38.264\r\nSourceProcessGUID: {39e4a257-f131-5f8b-0c00-000000000700}\r\nSourceProcessId: 756\r\nSourceThreadId: 4836\r\nSourceImage: C:\\windows\\system32\\lsass.exe\r\nTargetProcessGUID: {39e4a257-24f1-5f91-0e13-000000000700}\r\nTargetProcessId: 10076\r\nTargetImage: C:\\windows\\system32\\mshta.exe\r\nGrantedAccess: 0x1000\r\nCallTrace: C:\\windows\\SYSTEM32\\ntdll.dll+9d154|C:\\windows\\System32\\RPCRT4.dll+2d354|C:\\windows\\system32\\lsasrv.dll+176b9|C:\\windows\\SYSTEM32\\SspiSrv.dll+1a72|C:\\windows\\System32\\RPCRT4.dll+76a63|C:\\windows\\System32\\RPCRT4.dll+da036|C:\\windows\\System32\\RPCRT4.dll+37b7c|C:\\windows\\System32\\RPCRT4.dll+549f8|C:\\windows\\System32\\RPCRT4.dll+2c9b1|C:\\windows\\System32\\RPCRT4.dll+2c26b|C:\\windows\\System32\\RPCRT4.dll+1a8cf|C:\\windows\\System32\\RPCRT4.dll+19d7a|C:\\windows\\System32\\RPCRT4.dll+19361|C:\\windows\\System32\\RPCRT4.dll+18dce|C:\\windows\\System32\\RPCRT4.dll+16a05|C:\\windows\\SYSTEM32\\ntdll.dll+333ed|C:\\windows\\SYSTEM32\\ntdll.dll+34142|C:\\windows\\System32\\KERNEL32.DLL+17c24|C:\\windows\\SYSTEM32\\ntdll.dll+6cea1"}
{"GrantedAccess":"0x1478","@timestamp":"2020-10-22T02:21:38.272Z","TimeCreated":"2020-10-22T02:21:38.272Z","SourceThreadId":"4836","SourceImage":"C:\\windows\\system32\\lsass.exe","ProviderGuid":"{5770385f-c22a-43e0-bf4c-06f5698ffbd9}","CallTrace":"C:\\windows\\SYSTEM32\\ntdll.dll+9c584|C:\\windows\\system32\\lsasrv.dll+179a6|C:\\windows\\system32\\lsasrv.dll+1852f|C:\\windows\\system32\\lsasrv.dll+17814|C:\\windows\\SYSTEM32\\SspiSrv.dll+1a72|C:\\windows\\System32\\RPCRT4.dll+76a63|C:\\windows\\System32\\RPCRT4.dll+da036|C:\\windows\\System32\\RPCRT4.dll+37b7c|C:\\windows\\System32\\RPCRT4.dll+549f8|C:\\windows\\System32\\RPCRT4.dll+2c9b1|C:\\windows\\System32\\RPCRT4.dll+2c26b|C:\\windows\\System32\\RPCRT4.dll+1a8cf|C:\\windows\\System32\\RPCRT4.dll+19d7a|C:\\windows\\System32\\RPCRT4.dll+19361|C:\\windows\\System32\\RPCRT4.dll+18dce|C:\\windows\\System32\\RPCRT4.dll+16a05|C:\\windows\\SYSTEM32\\ntdll.dll+333ed|C:\\windows\\SYSTEM32\\ntdll.dll+34142|C:\\windows\\System32\\KERNEL32.DLL+17c24|C:\\windows\\SYSTEM32\\ntdll.dll+6cea1","UtcTime":"2020-10-22 06:21:38.264","TargetProcessGUID":"{39e4a257-24f1-5f91-0e13-000000000700}","SourceProcessId":"756","Level":"4","Channel":"Microsoft-Windows-Sysmon/Operational","Task":"10","RuleName":"-","SourceName":"Microsoft-Windows-Sysmon","Hostname":"WORKSTATION5","SourceProcessGUID":"{39e4a257-f131-5f8b-0c00-000000000700}","TargetProcessId":"10076","EventID":10,"Keywords":"0x8000000000000000","TargetImage":"C:\\windows\\system32\\mshta.exe","Message":"Process accessed:\r\nRuleName: -\r\nUtcTime: 2020-10-22 06:21:38.264\r\nSourceProcessGUID: {39e4a257-f131-5f8b-0c00-000000000700}\r\nSourceProcessId: 756\r\nSourceThreadId: 4836\r\nSourceImage: C:\\windows\\system32\\lsass.exe\r\nTargetProcessGUID: {39e4a257-24f1-5f91-0e13-000000000700}\r\nTargetProcessId: 10076\r\nTargetImage: C:\\windows\\system32\\mshta.exe\r\nGrantedAccess: 0x1478\r\nCallTrace: C:\\windows\\SYSTEM32\\ntdll.dll+9c584|C:\\windows\\system32\\lsasrv.dll+179a6|C:\\windows\\system32\\lsasrv.dll+1852f|C:\\windows\\system32\\lsasrv.dll+17814|C:\\windows\\SYSTEM32\\SspiSrv.dll+1a72|C:\\windows\\System32\\RPCRT4.dll+76a63|C:\\windows\\System32\\RPCRT4.dll+da036|C:\\windows\\System32\\RPCRT4.dll+37b7c|C:\\windows\\System32\\RPCRT4.dll+549f8|C:\\windows\\System32\\RPCRT4.dll+2c9b1|C:\\windows\\System32\\RPCRT4.dll+2c26b|C:\\windows\\System32\\RPCRT4.dll+1a8cf|C:\\windows\\System32\\RPCRT4.dll+19d7a|C:\\windows\\System32\\RPCRT4.dll+19361|C:\\windows\\System32\\RPCRT4.dll+18dce|C:\\windows\\System32\\RPCRT4.dll+16a05|C:\\windows\\SYSTEM32\\ntdll.dll+333ed|C:\\windows\\SYSTEM32\\ntdll.dll+34142|C:\\windows\\System32\\KERNEL32.DLL+17c24|C:\\windows\\SYSTEM32\\ntdll.dll+6cea1"}
{"@timestamp":"2020-10-22T02:21:38.272Z","TimeCreated":"2020-10-22T02:21:38.272Z","ProviderGuid":"{5770385f-c22a-43e0-bf4c-06f5698ffbd9}","UtcTime":"2020-10-22 06:21:38.264","ProcessGuid":"{39e4a257-24f1-5f91-0e13-000000000700}","Image":"C:\\windows\\system32\\mshta.exe","Level":"4","Channel":"Microsoft-Windows-Sysmon/Operational","Task":"13","RuleName":"-","SourceName":"Microsoft-Windows-Sysmon","Hostname":"WORKSTATION5","Details":"DWORD (0x00000001)","ProcessId":"10076","EventType":"SetValue","EventID":13,"Keywords":"0x8000000000000000","TargetObject":"HKU\\S-1-5-21-3940915590-64593676-1414006259-500\\Software\\Microsoft\\Windows\\CurrentVersion\\Internet Settings\\ZoneMap\\ProxyBypass","Message":"Registry value set:\r\nRuleName: -\r\nEventType: SetValue\r\nUtcTime: 2020-10-22 06:21:38.264\r\nProcessGuid: {39e4a257-24f1-5f91-0e13-000000000700}\r\nProcessId: 10076\r\nImage: C:\\windows\\system32\\mshta.exe\r\nTargetObject: HKU\\S-1-5-21-3940915590-64593676-1414006259-500\\Software\\Microsoft\\Windows\\CurrentVersion\\Internet Settings\\ZoneMap\\ProxyBypass\r\nDetails: DWORD (0x00000001)"}
{"@timestamp":"2020-10-22T02:21:38.276Z","TimeCreated":"2020-10-22T02:21:38.276Z","ProviderGuid":"{5770385f-c22a-43e0-bf4c-06f5698ffbd9}","UtcTime":"2020-10-22 06:21:38.264","ProcessGuid":"{39e4a257-24f1-5f91-0e13-000000000700}","Image":"C:\\windows\\system32\\mshta.exe","Level":"4","Channel":"Microsoft-Windows-Sysmon/Operational","Task":"13","RuleName":"-","SourceName":"Microsoft-Windows-Sysmon","Hostname":"WORKSTATION5","Details":"DWORD (0x00000001)","ProcessId":"10076","EventType":"SetValue","EventID":13,"Keywords":"0x8000000000000000","TargetObject":"HKU\\S-1-5-21-3940915590-64593676-1414006259-500\\Software\\Microsoft\\Windows\\CurrentVersion\\Internet Settings\\ZoneMap\\IntranetName","Message":"Registry value set:\r\nRuleName: -\r\nEventType: SetValue\r\nUtcTime: 2020-10-22 06:21:38.264\r\nProcessGuid: {39e4a257-24f1-5f91-0e13-000000000700}\r\nProcessId: 10076\r\nImage: C:\\windows\\system32\\mshta.exe\r\nTargetObject: HKU\\S-1-5-21-3940915590-64593676-1414006259-500\\Software\\Microsoft\\Windows\\CurrentVersion\\Internet Settings\\ZoneMap\\IntranetName\r\nDetails: DWORD (0x00000001)"}
{"@timestamp":"2020-10-22T02:21:38.276Z","TimeCreated":"2020-10-22T02:21:38.276Z","ProviderGuid":"{5770385f-c22a-43e0-bf4c-06f5698ffbd9}","UtcTime":"2020-10-22 06:21:38.264","ProcessGuid":"{39e4a257-24f1-5f91-0e13-000000000700}","Image":"C:\\windows\\system32\\mshta.exe","Level":"4","Channel":"Microsoft-Windows-Sysmon/Operational","Task":"13","RuleName":"-","SourceName":"Microsoft-Windows-Sysmon","Hostname":"WORKSTATION5","Details":"DWORD (0x00000001)","ProcessId":"10076","EventType":"SetValue","EventID":13,"Keywords":"0x8000000000000000","TargetObject":"HKU\\S-1-5-21-3940915590-64593676-1414006259-500\\Software\\Microsoft\\Windows\\CurrentVersion\\Internet Settings\\ZoneMap\\UNCAsIntranet","Message":"Registry value set:\r\nRuleName: -\r\nEventType: SetValue\r\nUtcTime: 2020-10-22 06:21:38.264\r\nProcessGuid: {39e4a257-24f1-5f91-0e13-000000000700}\r\nProcessId: 10076\r\nImage: C:\\windows\\system32\\mshta.exe\r\nTargetObject: HKU\\S-1-5-21-3940915590-64593676-1414006259-500\\Software\\Microsoft\\Windows\\CurrentVersion\\Internet Settings\\ZoneMap\\UNCAsIntranet\r\nDetails: DWORD (0x00000001)"}
{"@timestamp":"2020-10-22T02:21:38.276Z","TimeCreated":"2020-10-22T02:21:38.276Z","ProviderGuid":"{5770385f-c22a-43e0-bf4c-06f5698ffbd9}","UtcTime":"2020-10-22 06:21:38.264","ProcessGuid":"{39e4a257-24f1-5f91-0e13-000000000700}","Image":"C:\\windows\\system32\\mshta.exe","Level":"4","Channel":"Microsoft-Windows-Sysmon/Operational","Task":"13","RuleName":"-","SourceName":"Microsoft-Windows-Sysmon","Hostname":"WORKSTATION5","Details":"DWORD (0x00000000)","ProcessId":"10076","EventType":"SetValue","EventID":13,"Keywords":"0x8000000000000000","TargetObject":"HKU\\S-1-5-21-3940915590-64593676-1414006259-500\\Software\\Microsoft\\Windows\\CurrentVersion\\Internet Settings\\ZoneMap\\AutoDetect","Message":"Registry value set:\r\nRuleName: -\r\nEventType: SetValue\r\nUtcTime: 2020-10-22 06:21:38.264\r\nProcessGuid: {39e4a257-24f1-5f91-0e13-000000000700}\r\nProcessId: 10076\r\nImage: C:\\windows\\system32\\mshta.exe\r\nTargetObject: HKU\\S-1-5-21-3940915590-64593676-1414006259-500\\Software\\Microsoft\\Windows\\CurrentVersion\\Internet Settings\\ZoneMap\\AutoDetect\r\nDetails: DWORD (0x00000000)"}
{"@timestamp":"2020-10-22T02:21:38.276Z","TimeCreated":"2020-10-22T02:21:38.276Z","ProviderGuid":"{5770385f-c22a-43e0-bf4c-06f5698ffbd9}","UtcTime":"2020-10-22 06:21:38.264","ProcessGuid":"{39e4a257-24f1-5f91-0e13-000000000700}","Image":"C:\\windows\\system32\\mshta.exe","Level":"4","Channel":"Microsoft-Windows-Sysmon/Operational","Task":"13","RuleName":"-","SourceName":"Microsoft-Windows-Sysmon","Hostname":"WORKSTATION5","Details":"DWORD (0x00000001)","ProcessId":"10076","EventType":"SetValue","EventID":13,"Keywords":"0x8000000000000000","TargetObject":"HKU\\S-1-5-21-3940915590-64593676-1414006259-500\\Software\\Microsoft\\Windows\\CurrentVersion\\Internet Settings\\ZoneMap\\ProxyBypass","Message":"Registry value set:\r\nRuleName: -\r\nEventType: SetValue\r\nUtcTime: 2020-10-22 06:21:38.264\r\nProcessGuid: {39e4a257-24f1-5f91-0e13-000000000700}\r\nProcessId: 10076\r\nImage: C:\\windows\\system32\\mshta.exe\r\nTargetObject: HKU\\S-1-5-21-3940915590-64593676-1414006259-500\\Software\\Microsoft\\Windows\\CurrentVersion\\Internet Settings\\ZoneMap\\ProxyBypass\r\nDetails: DWORD (0x00000001)"}
{"@timestamp":"2020-10-22T02:21:38.276Z","TimeCreated":"2020-10-22T02:21:38.276Z","ProviderGuid":"{5770385f-c22a-43e0-bf4c-06f5698ffbd9}","UtcTime":"2020-10-22 06:21:38.264","ProcessGuid":"{39e4a257-24f1-5f91-0e13-000000000700}","Image":"C:\\windows\\system32\\mshta.exe","Level":"4","Channel":"Microsoft-Windows-Sysmon/Operational","Task":"13","RuleName":"-","SourceName":"Microsoft-Windows-Sysmon","Hostname":"WORKSTATION5","Details":"DWORD (0x00000001)","ProcessId":"10076","EventType":"SetValue","EventID":13,"Keywords":"0x8000000000000000","TargetObject":"HKU\\S-1-5-21-3940915590-64593676-1414006259-500\\Software\\Microsoft\\Windows\\CurrentVersion\\Internet Settings\\ZoneMap\\IntranetName","Message":"Registry value set:\r\nRuleName: -\r\nEventType: SetValue\r\nUtcTime: 2020-10-22 06:21:38.264\r\nProcessGuid: {39e4a257-24f1-5f91-0e13-000000000700}\r\nProcessId: 10076\r\nImage: C:\\windows\\system32\\mshta.exe\r\nTargetObject: HKU\\S-1-5-21-3940915590-64593676-1414006259-500\\Software\\Microsoft\\Windows\\CurrentVersion\\Internet Settings\\ZoneMap\\IntranetName\r\nDetails: DWORD (0x00000001)"}
{"@timestamp":"2020-10-22T02:21:38.276Z","TimeCreated":"2020-10-22T02:21:38.276Z","ProviderGuid":"{5770385f-c22a-43e0-bf4c-06f5698ffbd9}","UtcTime":"2020-10-22 06:21:38.264","ProcessGuid":"{39e4a257-24f1-5f91-0e13-000000000700}","Image":"C:\\windows\\system32\\mshta.exe","Level":"4","Channel":"Microsoft-Windows-Sysmon/Operational","Task":"13","RuleName":"-","SourceName":"Microsoft-Windows-Sysmon","Hostname":"WORKSTATION5","Details":"DWORD (0x00000001)","ProcessId":"10076","EventType":"SetValue","EventID":13,"Keywords":"0x8000000000000000","TargetObject":"HKU\\S-1-5-21-3940915590-64593676-1414006259-500\\Software\\Microsoft\\Windows\\CurrentVersion\\Internet Settings\\ZoneMap\\UNCAsIntranet","Message":"Registry value set:\r\nRuleName: -\r\nEventType: SetValue\r\nUtcTime: 2020-10-22 06:21:38.264\r\nProcessGuid: {39e4a257-24f1-5f91-0e13-000000000700}\r\nProcessId: 10076\r\nImage: C:\\windows\\system32\\mshta.exe\r\nTargetObject: HKU\\S-1-5-21-3940915590-64593676-1414006259-500\\Software\\Microsoft\\Windows\\CurrentVersion\\Internet Settings\\ZoneMap\\UNCAsIntranet\r\nDetails: DWORD (0x00000001)"}
{"@timestamp":"2020-10-22T02:21:38.276Z","TimeCreated":"2020-10-22T02:21:38.276Z","ProviderGuid":"{5770385f-c22a-43e0-bf4c-06f5698ffbd9}","UtcTime":"2020-10-22 06:21:38.264","ProcessGuid":"{39e4a257-24f1-5f91-0e13-000000000700}","Image":"C:\\windows\\system32\\mshta.exe","Level":"4","Channel":"Microsoft-Windows-Sysmon/Operational","Task":"13","RuleName":"-","SourceName":"Microsoft-Windows-Sysmon","Hostname":"WORKSTATION5","Details":"DWORD (0x00000000)","ProcessId":"10076","EventType":"SetValue","EventID":13,"Keywords":"0x8000000000000000","TargetObject":"HKU\\S-1-5-21-3940915590-64593676-1414006259-500\\Software\\Microsoft\\Windows\\CurrentVersion\\Internet Settings\\ZoneMap\\AutoDetect","Message":"Registry value set:\r\nRuleName: -\r\nEventType: SetValue\r\nUtcTime: 2020-10-22 06:21:38.264\r\nProcessGuid: {39e4a257-24f1-5f91-0e13-000000000700}\r\nProcessId: 10076\r\nImage: C:\\windows\\system32\\mshta.exe\r\nTargetObject: HKU\\S-1-5-21-3940915590-64593676-1414006259-500\\Software\\Microsoft\\Windows\\CurrentVersion\\Internet Settings\\ZoneMap\\AutoDetect\r\nDetails: DWORD (0x00000000)"}
{"@timestamp":"2020-10-22T02:21:38.276Z","TimeCreated":"2020-10-22T02:21:38.276Z","Hashes":"SHA1=1BE5EC1130E4B812224AF98D1C4B81B91C8D8BCE,MD5=698E67C04A48B58FE0FE2B7DAB428BD2,SHA256=D4F8395347B3C952DA3309BD3ADFBF87F52582C744204692DEDB0B6E720AEE1A,IMPHASH=5DE31297232BD99BC22531D7CE95B80E","Signature":"Microsoft Windows","ProviderGuid":"{5770385f-c22a-43e0-bf4c-06f5698ffbd9}","Company":"Microsoft Corporation","UtcTime":"2020-10-22 06:21:38.264","ProcessGuid":"{39e4a257-24f1-5f91-0e13-000000000700}","Image":"C:\\Windows\\System32\\mshta.exe","ImageLoaded":"C:\\Windows\\System32\\shell32.dll","Level":"4","Channel":"Microsoft-Windows-Sysmon/Operational","Task":"7","RuleName":"-","FileVersion":"10.0.18362.1110 (WinBuild.160101.0800)","SourceName":"Microsoft-Windows-Sysmon","Hostname":"WORKSTATION5","ProcessId":"10076","Description":"Windows Shell Common Dll","SignatureStatus":"Valid","Product":"Microsoft Windows Operating System","EventID":7,"Keywords":"0x8000000000000000","Signed":"true","OriginalFileName":"SHELL32.DLL","Message":"Image loaded:\r\nRuleName: -\r\nUtcTime: 2020-10-22 06:21:38.264\r\nProcessGuid: {39e4a257-24f1-5f91-0e13-000000000700}\r\nProcessId: 10076\r\nImage: C:\\Windows\\System32\\mshta.exe\r\nImageLoaded: C:\\Windows\\System32\\shell32.dll\r\nFileVersion: 10.0.18362.1110 (WinBuild.160101.0800)\r\nDescription: Windows Shell Common Dll\r\nProduct: Microsoft Windows Operating System\r\nCompany: Microsoft Corporation\r\nOriginalFileName: SHELL32.DLL\r\nHashes: SHA1=1BE5EC1130E4B812224AF98D1C4B81B91C8D8BCE,MD5=698E67C04A48B58FE0FE2B7DAB428BD2,SHA256=D4F8395347B3C952DA3309BD3ADFBF87F52582C744204692DEDB0B6E720AEE1A,IMPHASH=5DE31297232BD99BC22531D7CE95B80E\r\nSigned: true\r\nSignature: Microsoft Windows\r\nSignatureStatus: Valid"}
{"@timestamp":"2020-10-22T02:21:38.277Z","TimeCreated":"2020-10-22T02:21:38.277Z","Hashes":"SHA1=FA3A718BEED81C7084675E250ADC305677A6B5E4,MD5=3A99A40872AF3B87406CC57DBDF53748,SHA256=96A1DB38C74A81FBA4C4AB29020551364FD1ADA3B6FED789D193C787E757979D,IMPHASH=4B4464C7677B6F07342800F4CF0BA273","Signature":"Microsoft Windows","ProviderGuid":"{5770385f-c22a-43e0-bf4c-06f5698ffbd9}","Company":"Microsoft Corporation","UtcTime":"2020-10-22 06:21:38.264","ProcessGuid":"{39e4a257-24f1-5f91-0e13-000000000700}","Image":"C:\\Windows\\System32\\mshta.exe","ImageLoaded":"C:\\Windows\\System32\\cfgmgr32.dll","Level":"4","Channel":"Microsoft-Windows-Sysmon/Operational","Task":"7","RuleName":"-","FileVersion":"10.0.18362.387 (WinBuild.160101.0800)","SourceName":"Microsoft-Windows-Sysmon","Hostname":"WORKSTATION5","ProcessId":"10076","Description":"Configuration Manager DLL","SignatureStatus":"Valid","Product":"Microsoft Windows Operating System","EventID":7,"Keywords":"0x8000000000000000","Signed":"true","OriginalFileName":"CFGMGR32.DLL","Message":"Image loaded:\r\nRuleName: -\r\nUtcTime: 2020-10-22 06:21:38.264\r\nProcessGuid: {39e4a257-24f1-5f91-0e13-000000000700}\r\nProcessId: 10076\r\nImage: C:\\Windows\\System32\\mshta.exe\r\nImageLoaded: C:\\Windows\\System32\\cfgmgr32.dll\r\nFileVersion: 10.0.18362.387 (WinBuild.160101.0800)\r\nDescription: Configuration Manager DLL\r\nProduct: Microsoft Windows Operating System\r\nCompany: Microsoft Corporation\r\nOriginalFileName: CFGMGR32.DLL\r\nHashes: SHA1=FA3A718BEED81C7084675E250ADC305677A6B5E4,MD5=3A99A40872AF3B87406CC57DBDF53748,SHA256=96A1DB38C74A81FBA4C4AB29020551364FD1ADA3B6FED789D193C787E757979D,IMPHASH=4B4464C7677B6F07342800F4CF0BA273\r\nSigned: true\r\nSignature: Microsoft Windows\r\nSignatureStatus: Valid"}
{"@timestamp":"2020-10-22T02:21:38.277Z","TimeCreated":"2020-10-22T02:21:38.277Z","Hashes":"SHA1=90F229FB5DB52DF3604195B10C48E946684929ED,MD5=ACE18C6797090A1AA259BB8713917F98,SHA256=F5E118F67745792909973717FAE1F9FE68B2619332A4451AD04E0C9072B8D605,IMPHASH=A9B9D04D0B53DC48ABB37BE77AD01B55","Signature":"Microsoft Windows","ProviderGuid":"{5770385f-c22a-43e0-bf4c-06f5698ffbd9}","Company":"Microsoft Corporation","UtcTime":"2020-10-22 06:21:38.264","ProcessGuid":"{39e4a257-24f1-5f91-0e13-000000000700}","Image":"C:\\Windows\\System32\\mshta.exe","ImageLoaded":"C:\\Windows\\System32\\cryptsp.dll","Level":"4","Channel":"Microsoft-Windows-Sysmon/Operational","Task":"7","RuleName":"-","FileVersion":"10.0.18362.1 (WinBuild.160101.0800)","SourceName":"Microsoft-Windows-Sysmon","Hostname":"WORKSTATION5","ProcessId":"10076","Description":"Cryptographic Service Provider API","SignatureStatus":"Valid","Product":"Microsoft Windows Operating System","EventID":7,"Keywords":"0x8000000000000000","Signed":"true","OriginalFileName":"cryptsp.dll","Message":"Image loaded:\r\nRuleName: -\r\nUtcTime: 2020-10-22 06:21:38.264\r\nProcessGuid: {39e4a257-24f1-5f91-0e13-000000000700}\r\nProcessId: 10076\r\nImage: C:\\Windows\\System32\\mshta.exe\r\nImageLoaded: C:\\Windows\\System32\\cryptsp.dll\r\nFileVersion: 10.0.18362.1 (WinBuild.160101.0800)\r\nDescription: Cryptographic Service Provider API\r\nProduct: Microsoft Windows Operating System\r\nCompany: Microsoft Corporation\r\nOriginalFileName: cryptsp.dll\r\nHashes: SHA1=90F229FB5DB52DF3604195B10C48E946684929ED,MD5=ACE18C6797090A1AA259BB8713917F98,SHA256=F5E118F67745792909973717FAE1F9FE68B2619332A4451AD04E0C9072B8D605,IMPHASH=A9B9D04D0B53DC48ABB37BE77AD01B55\r\nSigned: true\r\nSignature: Microsoft Windows\r\nSignatureStatus: Valid"}
{"@timestamp":"2020-10-22T02:21:38.277Z","TimeCreated":"2020-10-22T02:21:38.277Z","Hashes":"SHA1=61EEE26CE7FB24474937385B23FF70CABB3FBECD,MD5=28D2A51C29BE3CF712562179EEA91355,SHA256=88A5C9D4C94B0BFCBF9AA74E208FF31BB375760E172F11E04B9989190C01C32A,IMPHASH=169EC277C8848700EB6754B7E1EDFFE6","Signature":"Microsoft Windows","ProviderGuid":"{5770385f-c22a-43e0-bf4c-06f5698ffbd9}","Company":"Microsoft Corporation","UtcTime":"2020-10-22 06:21:38.264","ProcessGuid":"{39e4a257-24f1-5f91-0e13-000000000700}","Image":"C:\\Windows\\System32\\mshta.exe","ImageLoaded":"C:\\Windows\\System32\\wldp.dll","Level":"4","Channel":"Microsoft-Windows-Sysmon/Operational","Task":"7","RuleName":"-","FileVersion":"10.0.18362.295 (WinBuild.160101.0800)","SourceName":"Microsoft-Windows-Sysmon","Hostname":"WORKSTATION5","ProcessId":"10076","Description":"Windows Lockdown Policy","SignatureStatus":"Valid","Product":"Microsoft Windows Operating System","EventID":7,"Keywords":"0x8000000000000000","Signed":"true","OriginalFileName":"wldp.dll","Message":"Image loaded:\r\nRuleName: -\r\nUtcTime: 2020-10-22 06:21:38.264\r\nProcessGuid: {39e4a257-24f1-5f91-0e13-000000000700}\r\nProcessId: 10076\r\nImage: C:\\Windows\\System32\\mshta.exe\r\nImageLoaded: C:\\Windows\\System32\\wldp.dll\r\nFileVersion: 10.0.18362.295 (WinBuild.160101.0800)\r\nDescription: Windows Lockdown Policy\r\nProduct: Microsoft Windows Operating System\r\nCompany: Microsoft Corporation\r\nOriginalFileName: wldp.dll\r\nHashes: SHA1=61EEE26CE7FB24474937385B23FF70CABB3FBECD,MD5=28D2A51C29BE3CF712562179EEA91355,SHA256=88A5C9D4C94B0BFCBF9AA74E208FF31BB375760E172F11E04B9989190C01C32A,IMPHASH=169EC277C8848700EB6754B7E1EDFFE6\r\nSigned: true\r\nSignature: Microsoft Windows\r\nSignatureStatus: Valid"}
{"@timestamp":"2020-10-22T02:21:38.278Z","TimeCreated":"2020-10-22T02:21:38.278Z","Hashes":"SHA1=1D4CAA4103D48114427B8D1E69707ED12C30E634,MD5=E8C1E4DEC2498695CC0EE5FAC806D501,SHA256=253B83765C2FE82B75357AAEA08053FDF281201EF36F6A69406CFDEA84ADB9E0,IMPHASH=E57A72C1C30E2E99A58FD1D7A27738D7","Signature":"Microsoft Windows","ProviderGuid":"{5770385f-c22a-43e0-bf4c-06f5698ffbd9}","Company":"Microsoft Corporation","UtcTime":"2020-10-22 06:21:38.264","ProcessGuid":"{39e4a257-24f1-5f91-0e13-000000000700}","Image":"C:\\Windows\\System32\\mshta.exe","ImageLoaded":"C:\\Windows\\System32\\wintrust.dll","Level":"4","Channel":"Microsoft-Windows-Sysmon/Operational","Task":"7","RuleName":"-","FileVersion":"10.0.18362.1139 (WinBuild.160101.0800)","SourceName":"Microsoft-Windows-Sysmon","Hostname":"WORKSTATION5","ProcessId":"10076","Description":"Microsoft Trust Verification APIs","SignatureStatus":"Valid","Product":"Microsoft Windows Operating System","EventID":7,"Keywords":"0x8000000000000000","Signed":"true","OriginalFileName":"WINTRUST.DLL","Message":"Image loaded:\r\nRuleName: -\r\nUtcTime: 2020-10-22 06:21:38.264\r\nProcessGuid: {39e4a257-24f1-5f91-0e13-000000000700}\r\nProcessId: 10076\r\nImage: C:\\Windows\\System32\\mshta.exe\r\nImageLoaded: C:\\Windows\\System32\\wintrust.dll\r\nFileVersion: 10.0.18362.1139 (WinBuild.160101.0800)\r\nDescription: Microsoft Trust Verification APIs\r\nProduct: Microsoft Windows Operating System\r\nCompany: Microsoft Corporation\r\nOriginalFileName: WINTRUST.DLL\r\nHashes: SHA1=1D4CAA4103D48114427B8D1E69707ED12C30E634,MD5=E8C1E4DEC2498695CC0EE5FAC806D501,SHA256=253B83765C2FE82B75357AAEA08053FDF281201EF36F6A69406CFDEA84ADB9E0,IMPHASH=E57A72C1C30E2E99A58FD1D7A27738D7\r\nSigned: true\r\nSignature: Microsoft Windows\r\nSignatureStatus: Valid"}
{"GrantedAccess":"0x1000","@timestamp":"2020-10-22T02:21:38.283Z","TimeCreated":"2020-10-22T02:21:38.283Z","SourceThreadId":"5300","SourceImage":"C:\\windows\\system32\\ctfmon.exe","ProviderGuid":"{5770385f-c22a-43e0-bf4c-06f5698ffbd9}","CallTrace":"C:\\windows\\SYSTEM32\\ntdll.dll+9d154|C:\\windows\\System32\\MSCTF.dll+9440|C:\\windows\\System32\\MSCTF.dll+85ec|C:\\windows\\System32\\MSCTF.dll+827f|C:\\windows\\System32\\MSCTF.dll+80e2|C:\\windows\\System32\\KERNEL32.DLL+17c24|C:\\windows\\SYSTEM32\\ntdll.dll+6cea1","UtcTime":"2020-10-22 06:21:38.280","TargetProcessGUID":"{39e4a257-24f1-5f91-0e13-000000000700}","SourceProcessId":"5112","Level":"4","Channel":"Microsoft-Windows-Sysmon/Operational","Task":"10","RuleName":"-","SourceName":"Microsoft-Windows-Sysmon","Hostname":"WORKSTATION5","SourceProcessGUID":"{39e4a257-f1b1-5f8b-a500-000000000700}","TargetProcessId":"10076","EventID":10,"Keywords":"0x8000000000000000","TargetImage":"C:\\windows\\system32\\mshta.exe","Message":"Process accessed:\r\nRuleName: -\r\nUtcTime: 2020-10-22 06:21:38.280\r\nSourceProcessGUID: {39e4a257-f1b1-5f8b-a500-000000000700}\r\nSourceProcessId: 5112\r\nSourceThreadId: 5300\r\nSourceImage: C:\\windows\\system32\\ctfmon.exe\r\nTargetProcessGUID: {39e4a257-24f1-5f91-0e13-000000000700}\r\nTargetProcessId: 10076\r\nTargetImage: C:\\windows\\system32\\mshta.exe\r\nGrantedAccess: 0x1000\r\nCallTrace: C:\\windows\\SYSTEM32\\ntdll.dll+9d154|C:\\windows\\System32\\MSCTF.dll+9440|C:\\windows\\System32\\MSCTF.dll+85ec|C:\\windows\\System32\\MSCTF.dll+827f|C:\\windows\\System32\\MSCTF.dll+80e2|C:\\windows\\System32\\KERNEL32.DLL+17c24|C:\\windows\\SYSTEM32\\ntdll.dll+6cea1"}
{"GrantedAccess":"0x1410","@timestamp":"2020-10-22T02:21:38.283Z","TimeCreated":"2020-10-22T02:21:38.283Z","SourceThreadId":"1388","SourceImage":"C:\\windows\\Explorer.EXE","ProviderGuid":"{5770385f-c22a-43e0-bf4c-06f5698ffbd9}","CallTrace":"C:\\windows\\SYSTEM32\\ntdll.dll+9c584|C:\\windows\\System32\\KERNELBASE.dll+305fe|C:\\windows\\system32\\twinui.pcshell.dll+1d207|C:\\windows\\system32\\twinui.pcshell.dll+fadd0|C:\\windows\\System32\\KERNEL32.DLL+17c24|C:\\windows\\SYSTEM32\\ntdll.dll+6cea1","UtcTime":"2020-10-22 06:21:38.280","TargetProcessGUID":"{39e4a257-24f1-5f91-0e13-000000000700}","SourceProcessId":"1072","Level":"4","Channel":"Microsoft-Windows-Sysmon/Operational","Task":"10","RuleName":"-","SourceName":"Microsoft-Windows-Sysmon","Hostname":"WORKSTATION5","SourceProcessGUID":"{39e4a257-f1b3-5f8b-a700-000000000700}","TargetProcessId":"10076","EventID":10,"Keywords":"0x8000000000000000","TargetImage":"C:\\windows\\system32\\mshta.exe","Message":"Process accessed:\r\nRuleName: -\r\nUtcTime: 2020-10-22 06:21:38.280\r\nSourceProcessGUID: {39e4a257-f1b3-5f8b-a700-000000000700}\r\nSourceProcessId: 1072\r\nSourceThreadId: 1388\r\nSourceImage: C:\\windows\\Explorer.EXE\r\nTargetProcessGUID: {39e4a257-24f1-5f91-0e13-000000000700}\r\nTargetProcessId: 10076\r\nTargetImage: C:\\windows\\system32\\mshta.exe\r\nGrantedAccess: 0x1410\r\nCallTrace: C:\\windows\\SYSTEM32\\ntdll.dll+9c584|C:\\windows\\System32\\KERNELBASE.dll+305fe|C:\\windows\\system32\\twinui.pcshell.dll+1d207|C:\\windows\\system32\\twinui.pcshell.dll+fadd0|C:\\windows\\System32\\KERNEL32.DLL+17c24|C:\\windows\\SYSTEM32\\ntdll.dll+6cea1"}
