{"TimeCreated":"2020-10-19 12:28:31.489","SourceName":"Microsoft-Windows-Sysmon","UtcTime":"2020-10-19 04:28:31.488","ProcessGuid":"{39e4a257-f136-5f8b-3800-000000000700}","Image":"C:\\windows\\system32\\vssvc.exe","EventID":13,"Channel":"Microsoft-Windows-Sysmon/Operational","Task":"13","RuleName":"-","Message":"Registry value set:\r\nRuleName: -\r\nEventType: SetValue\r\nUtcTime: 2020-10-19 04:28:31.488\r\nProcessGuid: {39e4a257-f136-5f8b-3800-000000000700}\r\nProcessId: 2332\r\nImage: C:\\windows\\system32\\vssvc.exe\r\nTargetObject: HKLM\\System\\CurrentControlSet\\Enum\\IDE\\DiskVirtual_HD______________________________1.1.0___\\5\u002635dc7040\u00260\u00260.1.0\\Device Parameters\\Partmgr\\PartitionTableCache\r\nDetails: Binary Data","Hostname":"WORKSTATION5","Details":"Binary Data","ProcessId":"2332","EventType":"SetValue","TargetObject":"HKLM\\System\\CurrentControlSet\\Enum\\IDE\\DiskVirtual_HD______________________________1.1.0___\\5\u002635dc7040\u00260\u00260.1.0\\Device Parameters\\Partmgr\\PartitionTableCache"}
{"TimeCreated":"2020-10-19 12:28:31.489","SourceName":"Microsoft-Windows-Sysmon","UtcTime":"2020-10-19 04:28:31.473","ProcessGuid":"{39e4a257-f136-5f8b-3800-000000000700}","Image":"C:\\windows\\system32\\vssvc.exe","EventID":12,"Channel":"Microsoft-Windows-Sysmon/Operational","Task":"12","RuleName":"-","Message":"Registry object added or deleted:\r\nRuleName: -\r\nEventType: CreateKey\r\nUtcTime: 2020-10-19 04:28:31.473\r\nProcessGuid: {39e4a257-f136-5f8b-3800-000000000700}\r\nProcessId: 2332\r\nImage: C:\\windows\\system32\\vssvc.exe\r\nTargetObject: HKLM\\System\\CurrentControlSet\\Enum\\IDE\\DiskVirtual_HD______________________________1.1.0___\\5\u002635dc7040\u00260\u00260.1.0\\Device Parameters\\Partmgr","Hostname":"WORKSTATION5","ProcessId":"2332","EventType":"CreateKey","TargetObject":"HKLM\\System\\CurrentControlSet\\Enum\\IDE\\DiskVirtual_HD______________________________1.1.0___\\5\u002635dc7040\u00260\u00260.1.0\\Device Parameters\\Partmgr"}
{"SourceImage":"C:\\windows\\system32\\lsass.exe","TimeCreated":"2020-10-19 12:28:31.488","GrantedAccess":"0x1000","SourceName":"Microsoft-Windows-Sysmon","SourceThreadId":"6700","CallTrace":"C:\\windows\\SYSTEM32\\ntdll.dll+9c584|C:\\windows\\system32\\lsasrv.dll+32063|C:\\windows\\system32\\lsasrv.dll+30a65|C:\\windows\\SYSTEM32\\samsrv.dll+322c|C:\\windows\\SYSTEM32\\samsrv.dll+305f|C:\\windows\\SYSTEM32\\samsrv.dll+32d7|C:\\windows\\System32\\RPCRT4.dll+76a63|C:\\windows\\System32\\RPCRT4.dll+da036|C:\\windows\\System32\\RPCRT4.dll+37b7c|C:\\windows\\System32\\RPCRT4.dll+549f8|C:\\windows\\System32\\RPCRT4.dll+2c9b1|C:\\windows\\System32\\RPCRT4.dll+2c26b|C:\\windows\\System32\\RPCRT4.dll+1a8cf|C:\\windows\\System32\\RPCRT4.dll+19d7a|C:\\windows\\System32\\RPCRT4.dll+19361|C:\\windows\\System32\\RPCRT4.dll+18dce|C:\\windows\\System32\\RPCRT4.dll+16a05|C:\\windows\\SYSTEM32\\ntdll.dll+333ed|C:\\windows\\SYSTEM32\\ntdll.dll+34142|C:\\windows\\System32\\KERNEL32.DLL+17c24|C:\\windows\\SYSTEM32\\ntdll.dll+6cea1","UtcTime":"2020-10-19 04:28:31.473","TargetProcessGUID":"{39e4a257-15ef-5f8d-e704-000000000700}","SourceProcessId":"756","EventID":10,"Channel":"Microsoft-Windows-Sysmon/Operational","Task":"10","RuleName":"-","Message":"Process accessed:\r\nRuleName: -\r\nUtcTime: 2020-10-19 04:28:31.473\r\nSourceProcessGUID: {39e4a257-f131-5f8b-0c00-000000000700}\r\nSourceProcessId: 756\r\nSourceThreadId: 6700\r\nSourceImage: C:\\windows\\system32\\lsass.exe\r\nTargetProcessGUID: {39e4a257-15ef-5f8d-e704-000000000700}\r\nTargetProcessId: 5136\r\nTargetImage: C:\\windows\\system32\\esentutl.exe\r\nGrantedAccess: 0x1000\r\nCallTrace: C:\\windows\\SYSTEM32\\ntdll.dll+9c584|C:\\windows\\system32\\lsasrv.dll+32063|C:\\windows\\system32\\lsasrv.dll+30a65|C:\\windows\\SYSTEM32\\samsrv.dll+322c|C:\\windows\\SYSTEM32\\samsrv.dll+305f|C:\\windows\\SYSTEM32\\samsrv.dll+32d7|C:\\windows\\System32\\RPCRT4.dll+76a63|C:\\windows\\System32\\RPCRT4.dll+da036|C:\\windows\\System32\\RPCRT4.dll+37b7c|C:\\windows\\System32\\RPCRT4.dll+549f8|C:\\windows\\System32\\RPCRT4.dll+2c9b1|C:\\windows\\System32\\RPCRT4.dll+2c26b|C:\\windows\\System32\\RPCRT4.dll+1a8cf|C:\\windows\\System32\\RPCRT4.dll+19d7a|C:\\windows\\System32\\RPCRT4.dll+19361|C:\\windows\\System32\\RPCRT4.dll+18dce|C:\\windows\\System32\\RPCRT4.dll+16a05|C:\\windows\\SYSTEM32\\ntdll.dll+333ed|C:\\windows\\SYSTEM32\\ntdll.dll+34142|C:\\windows\\System32\\KERNEL32.DLL+17c24|C:\\windows\\SYSTEM32\\ntdll.dll+6cea1","Hostname":"WORKSTATION5","TargetProcessId":"5136","TargetImage":"C:\\windows\\system32\\esentutl.exe","SourceProcessGUID":"{39e4a257-f131-5f8b-0c00-000000000700}"}
{"TimeCreated":"2020-10-19 12:28:31.488","SourceName":"Microsoft-Windows-Sysmon","Device":"\\Device\\HarddiskVolume2","UtcTime":"2020-10-19 04:28:31.473","ProcessGuid":"{39e4a257-f136-5f8b-3800-000000000700}","Image":"C:\\Windows\\System32\\VSSVC.exe","EventID":9,"Channel":"Microsoft-Windows-Sysmon/Operational","Task":"9","RuleName":"-","Message":"RawAccessRead detected:\r\nRuleName: -\r\nUtcTime: 2020-10-19 04:28:31.473\r\nProcessGuid: {39e4a257-f136-5f8b-3800-000000000700}\r\nProcessId: 2332\r\nImage: C:\\Windows\\System32\\VSSVC.exe\r\nDevice: \\Device\\HarddiskVolume2","Hostname":"WORKSTATION5","ProcessId":"2332"}
{"TimeCreated":"2020-10-19 12:28:31.488","SourceName":"Microsoft-Windows-Sysmon","Device":"\\Device\\HarddiskVolume1","UtcTime":"2020-10-19 04:28:31.473","ProcessGuid":"{39e4a257-f136-5f8b-3800-000000000700}","Image":"C:\\Windows\\System32\\VSSVC.exe","EventID":9,"Channel":"Microsoft-Windows-Sysmon/Operational","Task":"9","RuleName":"-","Message":"RawAccessRead detected:\r\nRuleName: -\r\nUtcTime: 2020-10-19 04:28:31.473\r\nProcessGuid: {39e4a257-f136-5f8b-3800-000000000700}\r\nProcessId: 2332\r\nImage: C:\\Windows\\System32\\VSSVC.exe\r\nDevice: \\Device\\HarddiskVolume1","Hostname":"WORKSTATION5","ProcessId":"2332"}
{"TimeCreated":"2020-10-19 12:28:31.488","SourceName":"Microsoft-Windows-Sysmon","Device":"\\Device\\HarddiskVolume1","UtcTime":"2020-10-19 04:28:31.473","ProcessGuid":"{39e4a257-f136-5f8b-3800-000000000700}","Image":"C:\\Windows\\System32\\VSSVC.exe","EventID":9,"Channel":"Microsoft-Windows-Sysmon/Operational","Task":"9","RuleName":"-","Message":"RawAccessRead detected:\r\nRuleName: -\r\nUtcTime: 2020-10-19 04:28:31.473\r\nProcessGuid: {39e4a257-f136-5f8b-3800-000000000700}\r\nProcessId: 2332\r\nImage: C:\\Windows\\System32\\VSSVC.exe\r\nDevice: \\Device\\HarddiskVolume1","Hostname":"WORKSTATION5","ProcessId":"2332"}
{"TimeCreated":"2020-10-19 12:28:31.488","SourceName":"Microsoft-Windows-Sysmon","Device":"\\Device\\HarddiskVolume1","UtcTime":"2020-10-19 04:28:31.473","ProcessGuid":"{39e4a257-f136-5f8b-3800-000000000700}","Image":"C:\\Windows\\System32\\VSSVC.exe","EventID":9,"Channel":"Microsoft-Windows-Sysmon/Operational","Task":"9","RuleName":"-","Message":"RawAccessRead detected:\r\nRuleName: -\r\nUtcTime: 2020-10-19 04:28:31.473\r\nProcessGuid: {39e4a257-f136-5f8b-3800-000000000700}\r\nProcessId: 2332\r\nImage: C:\\Windows\\System32\\VSSVC.exe\r\nDevice: \\Device\\HarddiskVolume1","Hostname":"WORKSTATION5","ProcessId":"2332"}
{"SourceImage":"C:\\windows\\system32\\lsass.exe","TimeCreated":"2020-10-19 12:28:31.488","GrantedAccess":"0x1000","SourceName":"Microsoft-Windows-Sysmon","SourceThreadId":"6700","CallTrace":"C:\\windows\\SYSTEM32\\ntdll.dll+9c584|C:\\windows\\system32\\lsasrv.dll+32063|C:\\windows\\system32\\lsasrv.dll+30a65|C:\\windows\\SYSTEM32\\samsrv.dll+322c|C:\\windows\\SYSTEM32\\samsrv.dll+305f|C:\\windows\\SYSTEM32\\samsrv.dll+32d7|C:\\windows\\System32\\RPCRT4.dll+76a63|C:\\windows\\System32\\RPCRT4.dll+da036|C:\\windows\\System32\\RPCRT4.dll+37b7c|C:\\windows\\System32\\RPCRT4.dll+549f8|C:\\windows\\System32\\RPCRT4.dll+2c9b1|C:\\windows\\System32\\RPCRT4.dll+2c26b|C:\\windows\\System32\\RPCRT4.dll+1a8cf|C:\\windows\\System32\\RPCRT4.dll+19d7a|C:\\windows\\System32\\RPCRT4.dll+19361|C:\\windows\\System32\\RPCRT4.dll+18dce|C:\\windows\\System32\\RPCRT4.dll+16a05|C:\\windows\\SYSTEM32\\ntdll.dll+333ed|C:\\windows\\SYSTEM32\\ntdll.dll+34142|C:\\windows\\System32\\KERNEL32.DLL+17c24|C:\\windows\\SYSTEM32\\ntdll.dll+6cea1","UtcTime":"2020-10-19 04:28:31.473","TargetProcessGUID":"{39e4a257-15ef-5f8d-e704-000000000700}","SourceProcessId":"756","EventID":10,"Channel":"Microsoft-Windows-Sysmon/Operational","Task":"10","RuleName":"-","Message":"Process accessed:\r\nRuleName: -\r\nUtcTime: 2020-10-19 04:28:31.473\r\nSourceProcessGUID: {39e4a257-f131-5f8b-0c00-000000000700}\r\nSourceProcessId: 756\r\nSourceThreadId: 6700\r\nSourceImage: C:\\windows\\system32\\lsass.exe\r\nTargetProcessGUID: {39e4a257-15ef-5f8d-e704-000000000700}\r\nTargetProcessId: 5136\r\nTargetImage: C:\\windows\\system32\\esentutl.exe\r\nGrantedAccess: 0x1000\r\nCallTrace: C:\\windows\\SYSTEM32\\ntdll.dll+9c584|C:\\windows\\system32\\lsasrv.dll+32063|C:\\windows\\system32\\lsasrv.dll+30a65|C:\\windows\\SYSTEM32\\samsrv.dll+322c|C:\\windows\\SYSTEM32\\samsrv.dll+305f|C:\\windows\\SYSTEM32\\samsrv.dll+32d7|C:\\windows\\System32\\RPCRT4.dll+76a63|C:\\windows\\System32\\RPCRT4.dll+da036|C:\\windows\\System32\\RPCRT4.dll+37b7c|C:\\windows\\System32\\RPCRT4.dll+549f8|C:\\windows\\System32\\RPCRT4.dll+2c9b1|C:\\windows\\System32\\RPCRT4.dll+2c26b|C:\\windows\\System32\\RPCRT4.dll+1a8cf|C:\\windows\\System32\\RPCRT4.dll+19d7a|C:\\windows\\System32\\RPCRT4.dll+19361|C:\\windows\\System32\\RPCRT4.dll+18dce|C:\\windows\\System32\\RPCRT4.dll+16a05|C:\\windows\\SYSTEM32\\ntdll.dll+333ed|C:\\windows\\SYSTEM32\\ntdll.dll+34142|C:\\windows\\System32\\KERNEL32.DLL+17c24|C:\\windows\\SYSTEM32\\ntdll.dll+6cea1","Hostname":"WORKSTATION5","TargetProcessId":"5136","TargetImage":"C:\\windows\\system32\\esentutl.exe","SourceProcessGUID":"{39e4a257-f131-5f8b-0c00-000000000700}"}
{"TimeCreated":"2020-10-19 12:28:31.488","SourceName":"Microsoft-Windows-Sysmon","UtcTime":"2020-10-19 04:28:31.473","ProcessGuid":"{39e4a257-f136-5f8b-3800-000000000700}","Image":"C:\\windows\\system32\\vssvc.exe","EventID":13,"Channel":"Microsoft-Windows-Sysmon/Operational","Task":"13","RuleName":"-","Message":"Registry value set:\r\nRuleName: -\r\nEventType: SetValue\r\nUtcTime: 2020-10-19 04:28:31.473\r\nProcessGuid: {39e4a257-f136-5f8b-3800-000000000700}\r\nProcessId: 2332\r\nImage: C:\\windows\\system32\\vssvc.exe\r\nTargetObject: HKLM\\System\\CurrentControlSet\\Enum\\IDE\\DiskVirtual_HD______________________________1.1.0___\\5\u002635dc7040\u00260\u00260.0.0\\Device Parameters\\Partmgr\\SnapshotDataCache\r\nDetails: Binary Data","Hostname":"WORKSTATION5","Details":"Binary Data","ProcessId":"2332","EventType":"SetValue","TargetObject":"HKLM\\System\\CurrentControlSet\\Enum\\IDE\\DiskVirtual_HD______________________________1.1.0___\\5\u002635dc7040\u00260\u00260.0.0\\Device Parameters\\Partmgr\\SnapshotDataCache"}
{"TimeCreated":"2020-10-19 12:28:31.488","SourceName":"Microsoft-Windows-Sysmon","UtcTime":"2020-10-19 04:28:31.473","ProcessGuid":"{39e4a257-f136-5f8b-3800-000000000700}","Image":"C:\\windows\\system32\\vssvc.exe","EventID":12,"Channel":"Microsoft-Windows-Sysmon/Operational","Task":"12","RuleName":"-","Message":"Registry object added or deleted:\r\nRuleName: -\r\nEventType: CreateKey\r\nUtcTime: 2020-10-19 04:28:31.473\r\nProcessGuid: {39e4a257-f136-5f8b-3800-000000000700}\r\nProcessId: 2332\r\nImage: C:\\windows\\system32\\vssvc.exe\r\nTargetObject: HKLM\\System\\CurrentControlSet\\Enum\\IDE\\DiskVirtual_HD______________________________1.1.0___\\5\u002635dc7040\u00260\u00260.0.0\\Device Parameters\\Partmgr","Hostname":"WORKSTATION5","ProcessId":"2332","EventType":"CreateKey","TargetObject":"HKLM\\System\\CurrentControlSet\\Enum\\IDE\\DiskVirtual_HD______________________________1.1.0___\\5\u002635dc7040\u00260\u00260.0.0\\Device Parameters\\Partmgr"}
{"SourceImage":"C:\\windows\\system32\\lsass.exe","TimeCreated":"2020-10-19 12:28:31.488","GrantedAccess":"0x1000","SourceName":"Microsoft-Windows-Sysmon","SourceThreadId":"6700","CallTrace":"C:\\windows\\SYSTEM32\\ntdll.dll+9c584|C:\\windows\\system32\\lsasrv.dll+32063|C:\\windows\\system32\\lsasrv.dll+30a65|C:\\windows\\SYSTEM32\\samsrv.dll+322c|C:\\windows\\SYSTEM32\\samsrv.dll+305f|C:\\windows\\SYSTEM32\\samsrv.dll+32d7|C:\\windows\\System32\\RPCRT4.dll+76a63|C:\\windows\\System32\\RPCRT4.dll+da036|C:\\windows\\System32\\RPCRT4.dll+37b7c|C:\\windows\\System32\\RPCRT4.dll+549f8|C:\\windows\\System32\\RPCRT4.dll+2c9b1|C:\\windows\\System32\\RPCRT4.dll+2c26b|C:\\windows\\System32\\RPCRT4.dll+1a8cf|C:\\windows\\System32\\RPCRT4.dll+19d7a|C:\\windows\\System32\\RPCRT4.dll+19361|C:\\windows\\System32\\RPCRT4.dll+18dce|C:\\windows\\System32\\RPCRT4.dll+16a05|C:\\windows\\SYSTEM32\\ntdll.dll+333ed|C:\\windows\\SYSTEM32\\ntdll.dll+34142|C:\\windows\\System32\\KERNEL32.DLL+17c24|C:\\windows\\SYSTEM32\\ntdll.dll+6cea1","UtcTime":"2020-10-19 04:28:31.473","TargetProcessGUID":"{39e4a257-15ef-5f8d-e704-000000000700}","SourceProcessId":"756","EventID":10,"Channel":"Microsoft-Windows-Sysmon/Operational","Task":"10","RuleName":"-","Message":"Process accessed:\r\nRuleName: -\r\nUtcTime: 2020-10-19 04:28:31.473\r\nSourceProcessGUID: {39e4a257-f131-5f8b-0c00-000000000700}\r\nSourceProcessId: 756\r\nSourceThreadId: 6700\r\nSourceImage: C:\\windows\\system32\\lsass.exe\r\nTargetProcessGUID: {39e4a257-15ef-5f8d-e704-000000000700}\r\nTargetProcessId: 5136\r\nTargetImage: C:\\windows\\system32\\esentutl.exe\r\nGrantedAccess: 0x1000\r\nCallTrace: C:\\windows\\SYSTEM32\\ntdll.dll+9c584|C:\\windows\\system32\\lsasrv.dll+32063|C:\\windows\\system32\\lsasrv.dll+30a65|C:\\windows\\SYSTEM32\\samsrv.dll+322c|C:\\windows\\SYSTEM32\\samsrv.dll+305f|C:\\windows\\SYSTEM32\\samsrv.dll+32d7|C:\\windows\\System32\\RPCRT4.dll+76a63|C:\\windows\\System32\\RPCRT4.dll+da036|C:\\windows\\System32\\RPCRT4.dll+37b7c|C:\\windows\\System32\\RPCRT4.dll+549f8|C:\\windows\\System32\\RPCRT4.dll+2c9b1|C:\\windows\\System32\\RPCRT4.dll+2c26b|C:\\windows\\System32\\RPCRT4.dll+1a8cf|C:\\windows\\System32\\RPCRT4.dll+19d7a|C:\\windows\\System32\\RPCRT4.dll+19361|C:\\windows\\System32\\RPCRT4.dll+18dce|C:\\windows\\System32\\RPCRT4.dll+16a05|C:\\windows\\SYSTEM32\\ntdll.dll+333ed|C:\\windows\\SYSTEM32\\ntdll.dll+34142|C:\\windows\\System32\\KERNEL32.DLL+17c24|C:\\windows\\SYSTEM32\\ntdll.dll+6cea1","Hostname":"WORKSTATION5","TargetProcessId":"5136","TargetImage":"C:\\windows\\system32\\esentutl.exe","SourceProcessGUID":"{39e4a257-f131-5f8b-0c00-000000000700}"}
{"TimeCreated":"2020-10-19 12:28:31.487","SourceName":"Microsoft-Windows-Sysmon","UtcTime":"2020-10-19 04:28:31.473","ProcessGuid":"{39e4a257-f136-5f8b-3800-000000000700}","Image":"C:\\windows\\system32\\vssvc.exe","EventID":13,"Channel":"Microsoft-Windows-Sysmon/Operational","Task":"13","RuleName":"-","Message":"Registry value set:\r\nRuleName: -\r\nEventType: SetValue\r\nUtcTime: 2020-10-19 04:28:31.473\r\nProcessGuid: {39e4a257-f136-5f8b-3800-000000000700}\r\nProcessId: 2332\r\nImage: C:\\windows\\system32\\vssvc.exe\r\nTargetObject: HKLM\\System\\CurrentControlSet\\Enum\\IDE\\DiskVirtual_HD______________________________1.1.0___\\5\u002635dc7040\u00260\u00260.0.0\\Device Parameters\\Partmgr\\PartitionTableCache\r\nDetails: Binary Data","Hostname":"WORKSTATION5","Details":"Binary Data","ProcessId":"2332","EventType":"SetValue","TargetObject":"HKLM\\System\\CurrentControlSet\\Enum\\IDE\\DiskVirtual_HD______________________________1.1.0___\\5\u002635dc7040\u00260\u00260.0.0\\Device Parameters\\Partmgr\\PartitionTableCache"}
{"TimeCreated":"2020-10-19 12:28:31.486","SourceName":"Microsoft-Windows-Sysmon","UtcTime":"2020-10-19 04:28:31.473","ProcessGuid":"{39e4a257-f136-5f8b-3800-000000000700}","Image":"C:\\windows\\system32\\vssvc.exe","EventID":12,"Channel":"Microsoft-Windows-Sysmon/Operational","Task":"12","RuleName":"-","Message":"Registry object added or deleted:\r\nRuleName: -\r\nEventType: CreateKey\r\nUtcTime: 2020-10-19 04:28:31.473\r\nProcessGuid: {39e4a257-f136-5f8b-3800-000000000700}\r\nProcessId: 2332\r\nImage: C:\\windows\\system32\\vssvc.exe\r\nTargetObject: HKLM\\System\\CurrentControlSet\\Enum\\IDE\\DiskVirtual_HD______________________________1.1.0___\\5\u002635dc7040\u00260\u00260.0.0\\Device Parameters\\Partmgr","Hostname":"WORKSTATION5","ProcessId":"2332","EventType":"CreateKey","TargetObject":"HKLM\\System\\CurrentControlSet\\Enum\\IDE\\DiskVirtual_HD______________________________1.1.0___\\5\u002635dc7040\u00260\u00260.0.0\\Device Parameters\\Partmgr"}
{"TimeCreated":"2020-10-19 12:28:31.484","SourceName":"Microsoft-Windows-Sysmon","UtcTime":"2020-10-19 04:28:31.473","ProcessGuid":"{39e4a257-f136-5f8b-3800-000000000700}","Image":"C:\\windows\\system32\\vssvc.exe","EventID":13,"Channel":"Microsoft-Windows-Sysmon/Operational","Task":"13","RuleName":"-","Message":"Registry value set:\r\nRuleName: -\r\nEventType: SetValue\r\nUtcTime: 2020-10-19 04:28:31.473\r\nProcessGuid: {39e4a257-f136-5f8b-3800-000000000700}\r\nProcessId: 2332\r\nImage: C:\\windows\\system32\\vssvc.exe\r\nTargetObject: HKLM\\System\\CurrentControlSet\\Services\\VSS\\Diag\\COM+ REGDB Writer\\IDENTIFY (Leave)\r\nDetails: Binary Data","Hostname":"WORKSTATION5","Details":"Binary Data","ProcessId":"2332","EventType":"SetValue","TargetObject":"HKLM\\System\\CurrentControlSet\\Services\\VSS\\Diag\\COM+ REGDB Writer\\IDENTIFY (Leave)"}
{"SourceImage":"C:\\windows\\system32\\lsass.exe","TimeCreated":"2020-10-19 12:28:31.484","GrantedAccess":"0x1000","SourceName":"Microsoft-Windows-Sysmon","SourceThreadId":"6700","CallTrace":"C:\\windows\\SYSTEM32\\ntdll.dll+9c584|C:\\windows\\system32\\lsasrv.dll+32063|C:\\windows\\system32\\lsasrv.dll+30a65|C:\\windows\\SYSTEM32\\samsrv.dll+322c|C:\\windows\\SYSTEM32\\samsrv.dll+305f|C:\\windows\\SYSTEM32\\samsrv.dll+32d7|C:\\windows\\System32\\RPCRT4.dll+76a63|C:\\windows\\System32\\RPCRT4.dll+da036|C:\\windows\\System32\\RPCRT4.dll+37b7c|C:\\windows\\System32\\RPCRT4.dll+549f8|C:\\windows\\System32\\RPCRT4.dll+2c9b1|C:\\windows\\System32\\RPCRT4.dll+2c26b|C:\\windows\\System32\\RPCRT4.dll+1a8cf|C:\\windows\\System32\\RPCRT4.dll+19d7a|C:\\windows\\System32\\RPCRT4.dll+19361|C:\\windows\\System32\\RPCRT4.dll+18dce|C:\\windows\\System32\\RPCRT4.dll+16a05|C:\\windows\\SYSTEM32\\ntdll.dll+333ed|C:\\windows\\SYSTEM32\\ntdll.dll+34142|C:\\windows\\System32\\KERNEL32.DLL+17c24|C:\\windows\\SYSTEM32\\ntdll.dll+6cea1","UtcTime":"2020-10-19 04:28:31.473","TargetProcessGUID":"{39e4a257-15ef-5f8d-e704-000000000700}","SourceProcessId":"756","EventID":10,"Channel":"Microsoft-Windows-Sysmon/Operational","Task":"10","RuleName":"-","Message":"Process accessed:\r\nRuleName: -\r\nUtcTime: 2020-10-19 04:28:31.473\r\nSourceProcessGUID: {39e4a257-f131-5f8b-0c00-000000000700}\r\nSourceProcessId: 756\r\nSourceThreadId: 6700\r\nSourceImage: C:\\windows\\system32\\lsass.exe\r\nTargetProcessGUID: {39e4a257-15ef-5f8d-e704-000000000700}\r\nTargetProcessId: 5136\r\nTargetImage: C:\\windows\\system32\\esentutl.exe\r\nGrantedAccess: 0x1000\r\nCallTrace: C:\\windows\\SYSTEM32\\ntdll.dll+9c584|C:\\windows\\system32\\lsasrv.dll+32063|C:\\windows\\system32\\lsasrv.dll+30a65|C:\\windows\\SYSTEM32\\samsrv.dll+322c|C:\\windows\\SYSTEM32\\samsrv.dll+305f|C:\\windows\\SYSTEM32\\samsrv.dll+32d7|C:\\windows\\System32\\RPCRT4.dll+76a63|C:\\windows\\System32\\RPCRT4.dll+da036|C:\\windows\\System32\\RPCRT4.dll+37b7c|C:\\windows\\System32\\RPCRT4.dll+549f8|C:\\windows\\System32\\RPCRT4.dll+2c9b1|C:\\windows\\System32\\RPCRT4.dll+2c26b|C:\\windows\\System32\\RPCRT4.dll+1a8cf|C:\\windows\\System32\\RPCRT4.dll+19d7a|C:\\windows\\System32\\RPCRT4.dll+19361|C:\\windows\\System32\\RPCRT4.dll+18dce|C:\\windows\\System32\\RPCRT4.dll+16a05|C:\\windows\\SYSTEM32\\ntdll.dll+333ed|C:\\windows\\SYSTEM32\\ntdll.dll+34142|C:\\windows\\System32\\KERNEL32.DLL+17c24|C:\\windows\\SYSTEM32\\ntdll.dll+6cea1","Hostname":"WORKSTATION5","TargetProcessId":"5136","TargetImage":"C:\\windows\\system32\\esentutl.exe","SourceProcessGUID":"{39e4a257-f131-5f8b-0c00-000000000700}"}
{"SourceImage":"C:\\windows\\system32\\lsass.exe","TimeCreated":"2020-10-19 12:28:31.483","GrantedAccess":"0x1000","SourceName":"Microsoft-Windows-Sysmon","SourceThreadId":"6700","CallTrace":"C:\\windows\\SYSTEM32\\ntdll.dll+9c584|C:\\windows\\system32\\lsasrv.dll+32063|C:\\windows\\system32\\lsasrv.dll+30a65|C:\\windows\\SYSTEM32\\samsrv.dll+322c|C:\\windows\\SYSTEM32\\samsrv.dll+305f|C:\\windows\\SYSTEM32\\samsrv.dll+32d7|C:\\windows\\System32\\RPCRT4.dll+76a63|C:\\windows\\System32\\RPCRT4.dll+da036|C:\\windows\\System32\\RPCRT4.dll+37b7c|C:\\windows\\System32\\RPCRT4.dll+549f8|C:\\windows\\System32\\RPCRT4.dll+2c9b1|C:\\windows\\System32\\RPCRT4.dll+2c26b|C:\\windows\\System32\\RPCRT4.dll+1a8cf|C:\\windows\\System32\\RPCRT4.dll+19d7a|C:\\windows\\System32\\RPCRT4.dll+19361|C:\\windows\\System32\\RPCRT4.dll+18dce|C:\\windows\\System32\\RPCRT4.dll+16a05|C:\\windows\\SYSTEM32\\ntdll.dll+333ed|C:\\windows\\SYSTEM32\\ntdll.dll+34142|C:\\windows\\System32\\KERNEL32.DLL+17c24|C:\\windows\\SYSTEM32\\ntdll.dll+6cea1","UtcTime":"2020-10-19 04:28:31.473","TargetProcessGUID":"{39e4a257-15ef-5f8d-e704-000000000700}","SourceProcessId":"756","EventID":10,"Channel":"Microsoft-Windows-Sysmon/Operational","Task":"10","RuleName":"-","Message":"Process accessed:\r\nRuleName: -\r\nUtcTime: 2020-10-19 04:28:31.473\r\nSourceProcessGUID: {39e4a257-f131-5f8b-0c00-000000000700}\r\nSourceProcessId: 756\r\nSourceThreadId: 6700\r\nSourceImage: C:\\windows\\system32\\lsass.exe\r\nTargetProcessGUID: {39e4a257-15ef-5f8d-e704-000000000700}\r\nTargetProcessId: 5136\r\nTargetImage: C:\\windows\\system32\\esentutl.exe\r\nGrantedAccess: 0x1000\r\nCallTrace: C:\\windows\\SYSTEM32\\ntdll.dll+9c584|C:\\windows\\system32\\lsasrv.dll+32063|C:\\windows\\system32\\lsasrv.dll+30a65|C:\\windows\\SYSTEM32\\samsrv.dll+322c|C:\\windows\\SYSTEM32\\samsrv.dll+305f|C:\\windows\\SYSTEM32\\samsrv.dll+32d7|C:\\windows\\System32\\RPCRT4.dll+76a63|C:\\windows\\System32\\RPCRT4.dll+da036|C:\\windows\\System32\\RPCRT4.dll+37b7c|C:\\windows\\System32\\RPCRT4.dll+549f8|C:\\windows\\System32\\RPCRT4.dll+2c9b1|C:\\windows\\System32\\RPCRT4.dll+2c26b|C:\\windows\\System32\\RPCRT4.dll+1a8cf|C:\\windows\\System32\\RPCRT4.dll+19d7a|C:\\windows\\System32\\RPCRT4.dll+19361|C:\\windows\\System32\\RPCRT4.dll+18dce|C:\\windows\\System32\\RPCRT4.dll+16a05|C:\\windows\\SYSTEM32\\ntdll.dll+333ed|C:\\windows\\SYSTEM32\\ntdll.dll+34142|C:\\windows\\System32\\KERNEL32.DLL+17c24|C:\\windows\\SYSTEM32\\ntdll.dll+6cea1","Hostname":"WORKSTATION5","TargetProcessId":"5136","TargetImage":"C:\\windows\\system32\\esentutl.exe","SourceProcessGUID":"{39e4a257-f131-5f8b-0c00-000000000700}"}
{"TimeCreated":"2020-10-19 12:28:31.483","SourceName":"Microsoft-Windows-Sysmon","UtcTime":"2020-10-19 04:28:31.473","ProcessGuid":"{39e4a257-f136-5f8b-3800-000000000700}","Image":"C:\\windows\\system32\\vssvc.exe","EventID":13,"Channel":"Microsoft-Windows-Sysmon/Operational","Task":"13","RuleName":"-","Message":"Registry value set:\r\nRuleName: -\r\nEventType: SetValue\r\nUtcTime: 2020-10-19 04:28:31.473\r\nProcessGuid: {39e4a257-f136-5f8b-3800-000000000700}\r\nProcessId: 2332\r\nImage: C:\\windows\\system32\\vssvc.exe\r\nTargetObject: HKLM\\System\\CurrentControlSet\\Services\\VSS\\Diag\\Shadow Copy Optimization Writer\\IDENTIFY (Leave)\r\nDetails: Binary Data","Hostname":"WORKSTATION5","Details":"Binary Data","ProcessId":"2332","EventType":"SetValue","TargetObject":"HKLM\\System\\CurrentControlSet\\Services\\VSS\\Diag\\Shadow Copy Optimization Writer\\IDENTIFY (Leave)"}
{"SourceImage":"C:\\windows\\system32\\lsass.exe","TimeCreated":"2020-10-19 12:28:31.482","GrantedAccess":"0x1000","SourceName":"Microsoft-Windows-Sysmon","SourceThreadId":"6700","CallTrace":"C:\\windows\\SYSTEM32\\ntdll.dll+9c584|C:\\windows\\system32\\lsasrv.dll+32063|C:\\windows\\system32\\lsasrv.dll+30a65|C:\\windows\\SYSTEM32\\samsrv.dll+322c|C:\\windows\\SYSTEM32\\samsrv.dll+305f|C:\\windows\\SYSTEM32\\samsrv.dll+32d7|C:\\windows\\System32\\RPCRT4.dll+76a63|C:\\windows\\System32\\RPCRT4.dll+da036|C:\\windows\\System32\\RPCRT4.dll+37b7c|C:\\windows\\System32\\RPCRT4.dll+549f8|C:\\windows\\System32\\RPCRT4.dll+2c9b1|C:\\windows\\System32\\RPCRT4.dll+2c26b|C:\\windows\\System32\\RPCRT4.dll+1a8cf|C:\\windows\\System32\\RPCRT4.dll+19d7a|C:\\windows\\System32\\RPCRT4.dll+19361|C:\\windows\\System32\\RPCRT4.dll+18dce|C:\\windows\\System32\\RPCRT4.dll+16a05|C:\\windows\\SYSTEM32\\ntdll.dll+333ed|C:\\windows\\SYSTEM32\\ntdll.dll+34142|C:\\windows\\System32\\KERNEL32.DLL+17c24|C:\\windows\\SYSTEM32\\ntdll.dll+6cea1","UtcTime":"2020-10-19 04:28:31.473","TargetProcessGUID":"{39e4a257-15ef-5f8d-e704-000000000700}","SourceProcessId":"756","EventID":10,"Channel":"Microsoft-Windows-Sysmon/Operational","Task":"10","RuleName":"-","Message":"Process accessed:\r\nRuleName: -\r\nUtcTime: 2020-10-19 04:28:31.473\r\nSourceProcessGUID: {39e4a257-f131-5f8b-0c00-000000000700}\r\nSourceProcessId: 756\r\nSourceThreadId: 6700\r\nSourceImage: C:\\windows\\system32\\lsass.exe\r\nTargetProcessGUID: {39e4a257-15ef-5f8d-e704-000000000700}\r\nTargetProcessId: 5136\r\nTargetImage: C:\\windows\\system32\\esentutl.exe\r\nGrantedAccess: 0x1000\r\nCallTrace: C:\\windows\\SYSTEM32\\ntdll.dll+9c584|C:\\windows\\system32\\lsasrv.dll+32063|C:\\windows\\system32\\lsasrv.dll+30a65|C:\\windows\\SYSTEM32\\samsrv.dll+322c|C:\\windows\\SYSTEM32\\samsrv.dll+305f|C:\\windows\\SYSTEM32\\samsrv.dll+32d7|C:\\windows\\System32\\RPCRT4.dll+76a63|C:\\windows\\System32\\RPCRT4.dll+da036|C:\\windows\\System32\\RPCRT4.dll+37b7c|C:\\windows\\System32\\RPCRT4.dll+549f8|C:\\windows\\System32\\RPCRT4.dll+2c9b1|C:\\windows\\System32\\RPCRT4.dll+2c26b|C:\\windows\\System32\\RPCRT4.dll+1a8cf|C:\\windows\\System32\\RPCRT4.dll+19d7a|C:\\windows\\System32\\RPCRT4.dll+19361|C:\\windows\\System32\\RPCRT4.dll+18dce|C:\\windows\\System32\\RPCRT4.dll+16a05|C:\\windows\\SYSTEM32\\ntdll.dll+333ed|C:\\windows\\SYSTEM32\\ntdll.dll+34142|C:\\windows\\System32\\KERNEL32.DLL+17c24|C:\\windows\\SYSTEM32\\ntdll.dll+6cea1","Hostname":"WORKSTATION5","TargetProcessId":"5136","TargetImage":"C:\\windows\\system32\\esentutl.exe","SourceProcessGUID":"{39e4a257-f131-5f8b-0c00-000000000700}"}
{"SourceImage":"C:\\windows\\system32\\lsass.exe","TimeCreated":"2020-10-19 12:28:31.482","GrantedAccess":"0x1000","SourceName":"Microsoft-Windows-Sysmon","SourceThreadId":"6700","CallTrace":"C:\\windows\\SYSTEM32\\ntdll.dll+9c584|C:\\windows\\system32\\lsasrv.dll+32063|C:\\windows\\system32\\lsasrv.dll+30a65|C:\\windows\\SYSTEM32\\samsrv.dll+322c|C:\\windows\\SYSTEM32\\samsrv.dll+305f|C:\\windows\\SYSTEM32\\samsrv.dll+32d7|C:\\windows\\System32\\RPCRT4.dll+76a63|C:\\windows\\System32\\RPCRT4.dll+da036|C:\\windows\\System32\\RPCRT4.dll+37b7c|C:\\windows\\System32\\RPCRT4.dll+549f8|C:\\windows\\System32\\RPCRT4.dll+2c9b1|C:\\windows\\System32\\RPCRT4.dll+2c26b|C:\\windows\\System32\\RPCRT4.dll+1a8cf|C:\\windows\\System32\\RPCRT4.dll+19d7a|C:\\windows\\System32\\RPCRT4.dll+19361|C:\\windows\\System32\\RPCRT4.dll+18dce|C:\\windows\\System32\\RPCRT4.dll+16a05|C:\\windows\\SYSTEM32\\ntdll.dll+333ed|C:\\windows\\SYSTEM32\\ntdll.dll+34142|C:\\windows\\System32\\KERNEL32.DLL+17c24|C:\\windows\\SYSTEM32\\ntdll.dll+6cea1","UtcTime":"2020-10-19 04:28:31.473","TargetProcessGUID":"{39e4a257-15ef-5f8d-e704-000000000700}","SourceProcessId":"756","EventID":10,"Channel":"Microsoft-Windows-Sysmon/Operational","Task":"10","RuleName":"-","Message":"Process accessed:\r\nRuleName: -\r\nUtcTime: 2020-10-19 04:28:31.473\r\nSourceProcessGUID: {39e4a257-f131-5f8b-0c00-000000000700}\r\nSourceProcessId: 756\r\nSourceThreadId: 6700\r\nSourceImage: C:\\windows\\system32\\lsass.exe\r\nTargetProcessGUID: {39e4a257-15ef-5f8d-e704-000000000700}\r\nTargetProcessId: 5136\r\nTargetImage: C:\\windows\\system32\\esentutl.exe\r\nGrantedAccess: 0x1000\r\nCallTrace: C:\\windows\\SYSTEM32\\ntdll.dll+9c584|C:\\windows\\system32\\lsasrv.dll+32063|C:\\windows\\system32\\lsasrv.dll+30a65|C:\\windows\\SYSTEM32\\samsrv.dll+322c|C:\\windows\\SYSTEM32\\samsrv.dll+305f|C:\\windows\\SYSTEM32\\samsrv.dll+32d7|C:\\windows\\System32\\RPCRT4.dll+76a63|C:\\windows\\System32\\RPCRT4.dll+da036|C:\\windows\\System32\\RPCRT4.dll+37b7c|C:\\windows\\System32\\RPCRT4.dll+549f8|C:\\windows\\System32\\RPCRT4.dll+2c9b1|C:\\windows\\System32\\RPCRT4.dll+2c26b|C:\\windows\\System32\\RPCRT4.dll+1a8cf|C:\\windows\\System32\\RPCRT4.dll+19d7a|C:\\windows\\System32\\RPCRT4.dll+19361|C:\\windows\\System32\\RPCRT4.dll+18dce|C:\\windows\\System32\\RPCRT4.dll+16a05|C:\\windows\\SYSTEM32\\ntdll.dll+333ed|C:\\windows\\SYSTEM32\\ntdll.dll+34142|C:\\windows\\System32\\KERNEL32.DLL+17c24|C:\\windows\\SYSTEM32\\ntdll.dll+6cea1","Hostname":"WORKSTATION5","TargetProcessId":"5136","TargetImage":"C:\\windows\\system32\\esentutl.exe","SourceProcessGUID":"{39e4a257-f131-5f8b-0c00-000000000700}"}
{"SourceImage":"C:\\windows\\system32\\lsass.exe","TimeCreated":"2020-10-19 12:28:31.479","GrantedAccess":"0x1000","SourceName":"Microsoft-Windows-Sysmon","SourceThreadId":"6700","CallTrace":"C:\\windows\\SYSTEM32\\ntdll.dll+9c584|C:\\windows\\system32\\lsasrv.dll+32063|C:\\windows\\system32\\lsasrv.dll+30a65|C:\\windows\\SYSTEM32\\samsrv.dll+322c|C:\\windows\\SYSTEM32\\samsrv.dll+305f|C:\\windows\\SYSTEM32\\samsrv.dll+32d7|C:\\windows\\System32\\RPCRT4.dll+76a63|C:\\windows\\System32\\RPCRT4.dll+da036|C:\\windows\\System32\\RPCRT4.dll+37b7c|C:\\windows\\System32\\RPCRT4.dll+549f8|C:\\windows\\System32\\RPCRT4.dll+2c9b1|C:\\windows\\System32\\RPCRT4.dll+2c26b|C:\\windows\\System32\\RPCRT4.dll+1a8cf|C:\\windows\\System32\\RPCRT4.dll+19d7a|C:\\windows\\System32\\RPCRT4.dll+19361|C:\\windows\\System32\\RPCRT4.dll+18dce|C:\\windows\\System32\\RPCRT4.dll+16a05|C:\\windows\\SYSTEM32\\ntdll.dll+333ed|C:\\windows\\SYSTEM32\\ntdll.dll+34142|C:\\windows\\System32\\KERNEL32.DLL+17c24|C:\\windows\\SYSTEM32\\ntdll.dll+6cea1","UtcTime":"2020-10-19 04:28:31.473","TargetProcessGUID":"{39e4a257-15ef-5f8d-e704-000000000700}","SourceProcessId":"756","EventID":10,"Channel":"Microsoft-Windows-Sysmon/Operational","Task":"10","RuleName":"-","Message":"Process accessed:\r\nRuleName: -\r\nUtcTime: 2020-10-19 04:28:31.473\r\nSourceProcessGUID: {39e4a257-f131-5f8b-0c00-000000000700}\r\nSourceProcessId: 756\r\nSourceThreadId: 6700\r\nSourceImage: C:\\windows\\system32\\lsass.exe\r\nTargetProcessGUID: {39e4a257-15ef-5f8d-e704-000000000700}\r\nTargetProcessId: 5136\r\nTargetImage: C:\\windows\\system32\\esentutl.exe\r\nGrantedAccess: 0x1000\r\nCallTrace: C:\\windows\\SYSTEM32\\ntdll.dll+9c584|C:\\windows\\system32\\lsasrv.dll+32063|C:\\windows\\system32\\lsasrv.dll+30a65|C:\\windows\\SYSTEM32\\samsrv.dll+322c|C:\\windows\\SYSTEM32\\samsrv.dll+305f|C:\\windows\\SYSTEM32\\samsrv.dll+32d7|C:\\windows\\System32\\RPCRT4.dll+76a63|C:\\windows\\System32\\RPCRT4.dll+da036|C:\\windows\\System32\\RPCRT4.dll+37b7c|C:\\windows\\System32\\RPCRT4.dll+549f8|C:\\windows\\System32\\RPCRT4.dll+2c9b1|C:\\windows\\System32\\RPCRT4.dll+2c26b|C:\\windows\\System32\\RPCRT4.dll+1a8cf|C:\\windows\\System32\\RPCRT4.dll+19d7a|C:\\windows\\System32\\RPCRT4.dll+19361|C:\\windows\\System32\\RPCRT4.dll+18dce|C:\\windows\\System32\\RPCRT4.dll+16a05|C:\\windows\\SYSTEM32\\ntdll.dll+333ed|C:\\windows\\SYSTEM32\\ntdll.dll+34142|C:\\windows\\System32\\KERNEL32.DLL+17c24|C:\\windows\\SYSTEM32\\ntdll.dll+6cea1","Hostname":"WORKSTATION5","TargetProcessId":"5136","TargetImage":"C:\\windows\\system32\\esentutl.exe","SourceProcessGUID":"{39e4a257-f131-5f8b-0c00-000000000700}"}
{"TimeCreated":"2020-10-19 12:28:31.479","SourceName":"Microsoft-Windows-Sysmon","UtcTime":"2020-10-19 04:28:31.473","ProcessGuid":"{39e4a257-f1b9-5f8b-b300-000000000700}","Image":"C:\\windows\\system32\\SearchIndexer.exe","EventID":13,"Channel":"Microsoft-Windows-Sysmon/Operational","Task":"13","RuleName":"-","Message":"Registry value set:\r\nRuleName: -\r\nEventType: SetValue\r\nUtcTime: 2020-10-19 04:28:31.473\r\nProcessGuid: {39e4a257-f1b9-5f8b-b300-000000000700}\r\nProcessId: 6624\r\nImage: C:\\windows\\system32\\SearchIndexer.exe\r\nTargetObject: HKLM\\System\\CurrentControlSet\\Services\\VSS\\Diag\\MSSearch Service Writer\\IDENTIFY (Leave)\r\nDetails: Binary Data","Hostname":"WORKSTATION5","Details":"Binary Data","ProcessId":"6624","EventType":"SetValue","TargetObject":"HKLM\\System\\CurrentControlSet\\Services\\VSS\\Diag\\MSSearch Service Writer\\IDENTIFY (Leave)"}
{"TimeCreated":"2020-10-19 12:28:31.479","SourceName":"Microsoft-Windows-Sysmon","UtcTime":"2020-10-19 04:28:31.473","ProcessGuid":"{39e4a257-f136-5f8b-3800-000000000700}","Image":"C:\\windows\\system32\\vssvc.exe","EventID":13,"Channel":"Microsoft-Windows-Sysmon/Operational","Task":"13","RuleName":"-","Message":"Registry value set:\r\nRuleName: -\r\nEventType: SetValue\r\nUtcTime: 2020-10-19 04:28:31.473\r\nProcessGuid: {39e4a257-f136-5f8b-3800-000000000700}\r\nProcessId: 2332\r\nImage: C:\\windows\\system32\\vssvc.exe\r\nTargetObject: HKLM\\System\\CurrentControlSet\\Services\\VSS\\Diag\\COM+ REGDB Writer\\IDENTIFY (Enter)\r\nDetails: Binary Data","Hostname":"WORKSTATION5","Details":"Binary Data","ProcessId":"2332","EventType":"SetValue","TargetObject":"HKLM\\System\\CurrentControlSet\\Services\\VSS\\Diag\\COM+ REGDB Writer\\IDENTIFY (Enter)"}
{"SourceImage":"C:\\windows\\system32\\lsass.exe","TimeCreated":"2020-10-19 12:28:31.479","GrantedAccess":"0x1000","SourceName":"Microsoft-Windows-Sysmon","SourceThreadId":"6700","CallTrace":"C:\\windows\\SYSTEM32\\ntdll.dll+9c584|C:\\windows\\system32\\lsasrv.dll+32063|C:\\windows\\system32\\lsasrv.dll+30a65|C:\\windows\\SYSTEM32\\samsrv.dll+322c|C:\\windows\\SYSTEM32\\samsrv.dll+305f|C:\\windows\\SYSTEM32\\samsrv.dll+32d7|C:\\windows\\System32\\RPCRT4.dll+76a63|C:\\windows\\System32\\RPCRT4.dll+da036|C:\\windows\\System32\\RPCRT4.dll+37b7c|C:\\windows\\System32\\RPCRT4.dll+549f8|C:\\windows\\System32\\RPCRT4.dll+2c9b1|C:\\windows\\System32\\RPCRT4.dll+2c26b|C:\\windows\\System32\\RPCRT4.dll+1a8cf|C:\\windows\\System32\\RPCRT4.dll+19d7a|C:\\windows\\System32\\RPCRT4.dll+19361|C:\\windows\\System32\\RPCRT4.dll+18dce|C:\\windows\\System32\\RPCRT4.dll+16a05|C:\\windows\\SYSTEM32\\ntdll.dll+333ed|C:\\windows\\SYSTEM32\\ntdll.dll+34142|C:\\windows\\System32\\KERNEL32.DLL+17c24|C:\\windows\\SYSTEM32\\ntdll.dll+6cea1","UtcTime":"2020-10-19 04:28:31.473","TargetProcessGUID":"{39e4a257-15ef-5f8d-e704-000000000700}","SourceProcessId":"756","EventID":10,"Channel":"Microsoft-Windows-Sysmon/Operational","Task":"10","RuleName":"-","Message":"Process accessed:\r\nRuleName: -\r\nUtcTime: 2020-10-19 04:28:31.473\r\nSourceProcessGUID: {39e4a257-f131-5f8b-0c00-000000000700}\r\nSourceProcessId: 756\r\nSourceThreadId: 6700\r\nSourceImage: C:\\windows\\system32\\lsass.exe\r\nTargetProcessGUID: {39e4a257-15ef-5f8d-e704-000000000700}\r\nTargetProcessId: 5136\r\nTargetImage: C:\\windows\\system32\\esentutl.exe\r\nGrantedAccess: 0x1000\r\nCallTrace: C:\\windows\\SYSTEM32\\ntdll.dll+9c584|C:\\windows\\system32\\lsasrv.dll+32063|C:\\windows\\system32\\lsasrv.dll+30a65|C:\\windows\\SYSTEM32\\samsrv.dll+322c|C:\\windows\\SYSTEM32\\samsrv.dll+305f|C:\\windows\\SYSTEM32\\samsrv.dll+32d7|C:\\windows\\System32\\RPCRT4.dll+76a63|C:\\windows\\System32\\RPCRT4.dll+da036|C:\\windows\\System32\\RPCRT4.dll+37b7c|C:\\windows\\System32\\RPCRT4.dll+549f8|C:\\windows\\System32\\RPCRT4.dll+2c9b1|C:\\windows\\System32\\RPCRT4.dll+2c26b|C:\\windows\\System32\\RPCRT4.dll+1a8cf|C:\\windows\\System32\\RPCRT4.dll+19d7a|C:\\windows\\System32\\RPCRT4.dll+19361|C:\\windows\\System32\\RPCRT4.dll+18dce|C:\\windows\\System32\\RPCRT4.dll+16a05|C:\\windows\\SYSTEM32\\ntdll.dll+333ed|C:\\windows\\SYSTEM32\\ntdll.dll+34142|C:\\windows\\System32\\KERNEL32.DLL+17c24|C:\\windows\\SYSTEM32\\ntdll.dll+6cea1","Hostname":"WORKSTATION5","TargetProcessId":"5136","TargetImage":"C:\\windows\\system32\\esentutl.exe","SourceProcessGUID":"{39e4a257-f131-5f8b-0c00-000000000700}"}
{"SourceImage":"C:\\windows\\system32\\lsass.exe","TimeCreated":"2020-10-19 12:28:31.477","GrantedAccess":"0x1000","SourceName":"Microsoft-Windows-Sysmon","SourceThreadId":"6700","CallTrace":"C:\\windows\\SYSTEM32\\ntdll.dll+9c584|C:\\windows\\system32\\lsasrv.dll+32063|C:\\windows\\system32\\lsasrv.dll+30a65|C:\\windows\\SYSTEM32\\samsrv.dll+322c|C:\\windows\\SYSTEM32\\samsrv.dll+305f|C:\\windows\\SYSTEM32\\samsrv.dll+32d7|C:\\windows\\System32\\RPCRT4.dll+76a63|C:\\windows\\System32\\RPCRT4.dll+da036|C:\\windows\\System32\\RPCRT4.dll+37b7c|C:\\windows\\System32\\RPCRT4.dll+549f8|C:\\windows\\System32\\RPCRT4.dll+2c9b1|C:\\windows\\System32\\RPCRT4.dll+2c26b|C:\\windows\\System32\\RPCRT4.dll+1a8cf|C:\\windows\\System32\\RPCRT4.dll+19d7a|C:\\windows\\System32\\RPCRT4.dll+19361|C:\\windows\\System32\\RPCRT4.dll+18dce|C:\\windows\\System32\\RPCRT4.dll+16a05|C:\\windows\\SYSTEM32\\ntdll.dll+333ed|C:\\windows\\SYSTEM32\\ntdll.dll+34142|C:\\windows\\System32\\KERNEL32.DLL+17c24|C:\\windows\\SYSTEM32\\ntdll.dll+6cea1","UtcTime":"2020-10-19 04:28:31.473","TargetProcessGUID":"{39e4a257-15ef-5f8d-e704-000000000700}","SourceProcessId":"756","EventID":10,"Channel":"Microsoft-Windows-Sysmon/Operational","Task":"10","RuleName":"-","Message":"Process accessed:\r\nRuleName: -\r\nUtcTime: 2020-10-19 04:28:31.473\r\nSourceProcessGUID: {39e4a257-f131-5f8b-0c00-000000000700}\r\nSourceProcessId: 756\r\nSourceThreadId: 6700\r\nSourceImage: C:\\windows\\system32\\lsass.exe\r\nTargetProcessGUID: {39e4a257-15ef-5f8d-e704-000000000700}\r\nTargetProcessId: 5136\r\nTargetImage: C:\\windows\\system32\\esentutl.exe\r\nGrantedAccess: 0x1000\r\nCallTrace: C:\\windows\\SYSTEM32\\ntdll.dll+9c584|C:\\windows\\system32\\lsasrv.dll+32063|C:\\windows\\system32\\lsasrv.dll+30a65|C:\\windows\\SYSTEM32\\samsrv.dll+322c|C:\\windows\\SYSTEM32\\samsrv.dll+305f|C:\\windows\\SYSTEM32\\samsrv.dll+32d7|C:\\windows\\System32\\RPCRT4.dll+76a63|C:\\windows\\System32\\RPCRT4.dll+da036|C:\\windows\\System32\\RPCRT4.dll+37b7c|C:\\windows\\System32\\RPCRT4.dll+549f8|C:\\windows\\System32\\RPCRT4.dll+2c9b1|C:\\windows\\System32\\RPCRT4.dll+2c26b|C:\\windows\\System32\\RPCRT4.dll+1a8cf|C:\\windows\\System32\\RPCRT4.dll+19d7a|C:\\windows\\System32\\RPCRT4.dll+19361|C:\\windows\\System32\\RPCRT4.dll+18dce|C:\\windows\\System32\\RPCRT4.dll+16a05|C:\\windows\\SYSTEM32\\ntdll.dll+333ed|C:\\windows\\SYSTEM32\\ntdll.dll+34142|C:\\windows\\System32\\KERNEL32.DLL+17c24|C:\\windows\\SYSTEM32\\ntdll.dll+6cea1","Hostname":"WORKSTATION5","TargetProcessId":"5136","TargetImage":"C:\\windows\\system32\\esentutl.exe","SourceProcessGUID":"{39e4a257-f131-5f8b-0c00-000000000700}"}
{"TimeCreated":"2020-10-19 12:28:31.477","SourceName":"Microsoft-Windows-Sysmon","SignatureStatus":"Valid","Signature":"Microsoft Windows","Product":"Microsoft XML Core Services","Hashes":"SHA1=5D78F4E31BC6D56709CCF8EABCFB9CD883B2D138,MD5=69F556DBE75873AC42EF0BD42B7BD5DF,SHA256=2511234BD8A8ADF69B9F06FD32ABAA567B51E5FDA75A47A562726DBE90AD6825,IMPHASH=2E1D1E35C17BE5497D2DE33F06DC41B4","UtcTime":"2020-10-19 04:28:31.473","ProcessGuid":"{39e4a257-f137-5f8b-4800-000000000700}","Image":"C:\\Windows\\System32\\svchost.exe","ImageLoaded":"C:\\Windows\\System32\\msxml3.dll","EventID":7,"Channel":"Microsoft-Windows-Sysmon/Operational","Task":"7","RuleName":"-","FileVersion":"8.110.18362.1110","Message":"Image loaded:\r\nRuleName: -\r\nUtcTime: 2020-10-19 04:28:31.473\r\nProcessGuid: {39e4a257-f137-5f8b-4800-000000000700}\r\nProcessId: 2552\r\nImage: C:\\Windows\\System32\\svchost.exe\r\nImageLoaded: C:\\Windows\\System32\\msxml3.dll\r\nFileVersion: 8.110.18362.1110\r\nDescription: MSXML 3.0\r\nProduct: Microsoft XML Core Services\r\nCompany: Microsoft Corporation\r\nOriginalFileName: MSXML3.dll\r\nHashes: SHA1=5D78F4E31BC6D56709CCF8EABCFB9CD883B2D138,MD5=69F556DBE75873AC42EF0BD42B7BD5DF,SHA256=2511234BD8A8ADF69B9F06FD32ABAA567B51E5FDA75A47A562726DBE90AD6825,IMPHASH=2E1D1E35C17BE5497D2DE33F06DC41B4\r\nSigned: true\r\nSignature: Microsoft Windows\r\nSignatureStatus: Valid","Hostname":"WORKSTATION5","ProcessId":"2552","Description":"MSXML 3.0","Company":"Microsoft Corporation","Signed":"true","OriginalFileName":"MSXML3.dll"}
{"TimeCreated":"2020-10-19 12:28:31.477","SourceName":"Microsoft-Windows-Sysmon","SignatureStatus":"Valid","Signature":"Microsoft Windows","Product":"Microsoft Windows Operating System","Hashes":"SHA1=65F79D06C52299CB91A938F4C9108EB514EA480F,MD5=0018F9DA4D269A2B2D83D81612026446,SHA256=9C3D4F05C100FD766894F6D9854EBDF7E61D465182E820CF49A0B5872C7A9966,IMPHASH=C5B469536773ACBE4A39A962769B5BF4","UtcTime":"2020-10-19 04:28:31.473","ProcessGuid":"{39e4a257-f137-5f8b-4800-000000000700}","Image":"C:\\Windows\\System32\\svchost.exe","ImageLoaded":"C:\\Windows\\System32\\vss_ps.dll","EventID":7,"Channel":"Microsoft-Windows-Sysmon/Operational","Task":"7","RuleName":"-","FileVersion":"10.0.18362.476 (WinBuild.160101.0800)","Message":"Image loaded:\r\nRuleName: -\r\nUtcTime: 2020-10-19 04:28:31.473\r\nProcessGuid: {39e4a257-f137-5f8b-4800-000000000700}\r\nProcessId: 2552\r\nImage: C:\\Windows\\System32\\svchost.exe\r\nImageLoaded: C:\\Windows\\System32\\vss_ps.dll\r\nFileVersion: 10.0.18362.476 (WinBuild.160101.0800)\r\nDescription: Microsoft Volume Shadow Copy Service proxy/stub\r\nProduct: Microsoft Windows Operating System\r\nCompany: Microsoft Corporation\r\nOriginalFileName: VSS_PS.DLL\r\nHashes: SHA1=65F79D06C52299CB91A938F4C9108EB514EA480F,MD5=0018F9DA4D269A2B2D83D81612026446,SHA256=9C3D4F05C100FD766894F6D9854EBDF7E61D465182E820CF49A0B5872C7A9966,IMPHASH=C5B469536773ACBE4A39A962769B5BF4\r\nSigned: true\r\nSignature: Microsoft Windows\r\nSignatureStatus: Valid","Hostname":"WORKSTATION5","ProcessId":"2552","Description":"Microsoft Volume Shadow Copy Service proxy/stub","Company":"Microsoft Corporation","Signed":"true","OriginalFileName":"VSS_PS.DLL"}
{"TimeCreated":"2020-10-19 12:28:31.476","PipeName":"\\wkssvc","SourceName":"Microsoft-Windows-Sysmon","UtcTime":"2020-10-19 04:28:31.457","ProcessGuid":"{39e4a257-f136-5f8b-3800-000000000700}","Image":"C:\\windows\\system32\\vssvc.exe","EventID":18,"Channel":"Microsoft-Windows-Sysmon/Operational","Task":"18","RuleName":"-","Message":"Pipe Connected:\r\nRuleName: -\r\nEventType: ConnectPipe\r\nUtcTime: 2020-10-19 04:28:31.457\r\nProcessGuid: {39e4a257-f136-5f8b-3800-000000000700}\r\nProcessId: 2332\r\nPipeName: \\wkssvc\r\nImage: C:\\windows\\system32\\vssvc.exe","Hostname":"WORKSTATION5","ProcessId":"2332","EventType":"ConnectPipe"}
{"TimeCreated":"2020-10-19 12:28:31.476","SourceName":"Microsoft-Windows-Sysmon","Device":"\\Device\\HarddiskVolume3","UtcTime":"2020-10-19 04:28:31.457","ProcessGuid":"{39e4a257-f136-5f8b-3800-000000000700}","Image":"C:\\Windows\\System32\\VSSVC.exe","EventID":9,"Channel":"Microsoft-Windows-Sysmon/Operational","Task":"9","RuleName":"-","Message":"RawAccessRead detected:\r\nRuleName: -\r\nUtcTime: 2020-10-19 04:28:31.457\r\nProcessGuid: {39e4a257-f136-5f8b-3800-000000000700}\r\nProcessId: 2332\r\nImage: C:\\Windows\\System32\\VSSVC.exe\r\nDevice: \\Device\\HarddiskVolume3","Hostname":"WORKSTATION5","ProcessId":"2332"}
{"TimeCreated":"2020-10-19 12:28:31.476","SourceName":"Microsoft-Windows-Sysmon","Device":"\\Device\\HarddiskVolume2","UtcTime":"2020-10-19 04:28:31.457","ProcessGuid":"{39e4a257-f136-5f8b-3800-000000000700}","Image":"C:\\Windows\\System32\\VSSVC.exe","EventID":9,"Channel":"Microsoft-Windows-Sysmon/Operational","Task":"9","RuleName":"-","Message":"RawAccessRead detected:\r\nRuleName: -\r\nUtcTime: 2020-10-19 04:28:31.457\r\nProcessGuid: {39e4a257-f136-5f8b-3800-000000000700}\r\nProcessId: 2332\r\nImage: C:\\Windows\\System32\\VSSVC.exe\r\nDevice: \\Device\\HarddiskVolume2","Hostname":"WORKSTATION5","ProcessId":"2332"}
{"TimeCreated":"2020-10-19 12:28:31.476","SourceName":"Microsoft-Windows-Sysmon","Device":"\\Device\\HarddiskVolume1","UtcTime":"2020-10-19 04:28:31.457","ProcessGuid":"{39e4a257-f136-5f8b-3800-000000000700}","Image":"C:\\Windows\\System32\\VSSVC.exe","EventID":9,"Channel":"Microsoft-Windows-Sysmon/Operational","Task":"9","RuleName":"-","Message":"RawAccessRead detected:\r\nRuleName: -\r\nUtcTime: 2020-10-19 04:28:31.457\r\nProcessGuid: {39e4a257-f136-5f8b-3800-000000000700}\r\nProcessId: 2332\r\nImage: C:\\Windows\\System32\\VSSVC.exe\r\nDevice: \\Device\\HarddiskVolume1","Hostname":"WORKSTATION5","ProcessId":"2332"}
{"TimeCreated":"2020-10-19 12:28:31.476","SourceName":"Microsoft-Windows-Sysmon","UtcTime":"2020-10-19 04:28:31.457","ProcessGuid":"{39e4a257-f136-5f8b-3800-000000000700}","Image":"C:\\windows\\system32\\vssvc.exe","EventID":13,"Channel":"Microsoft-Windows-Sysmon/Operational","Task":"13","RuleName":"-","Message":"Registry value set:\r\nRuleName: -\r\nEventType: SetValue\r\nUtcTime: 2020-10-19 04:28:31.457\r\nProcessGuid: {39e4a257-f136-5f8b-3800-000000000700}\r\nProcessId: 2332\r\nImage: C:\\windows\\system32\\vssvc.exe\r\nTargetObject: HKLM\\System\\CurrentControlSet\\Services\\VSS\\Diag\\Shadow Copy Optimization Writer\\IDENTIFY (Enter)\r\nDetails: Binary Data","Hostname":"WORKSTATION5","Details":"Binary Data","ProcessId":"2332","EventType":"SetValue","TargetObject":"HKLM\\System\\CurrentControlSet\\Services\\VSS\\Diag\\Shadow Copy Optimization Writer\\IDENTIFY (Enter)"}
{"TimeCreated":"2020-10-19 12:28:31.470","SourceName":"Microsoft-Windows-Sysmon","UtcTime":"2020-10-19 04:28:31.457","ProcessGuid":"{39e4a257-f137-5f8b-4800-000000000700}","Image":"C:\\windows\\system32\\svchost.exe","EventID":13,"Channel":"Microsoft-Windows-Sysmon/Operational","Task":"13","RuleName":"-","Message":"Registry value set:\r\nRuleName: -\r\nEventType: SetValue\r\nUtcTime: 2020-10-19 04:28:31.457\r\nProcessGuid: {39e4a257-f137-5f8b-4800-000000000700}\r\nProcessId: 2552\r\nImage: C:\\windows\\system32\\svchost.exe\r\nTargetObject: HKLM\\System\\CurrentControlSet\\Services\\VSS\\Diag\\WMI Writer\\IDENTIFY (Enter)\r\nDetails: Binary Data","Hostname":"WORKSTATION5","Details":"Binary Data","ProcessId":"2552","EventType":"SetValue","TargetObject":"HKLM\\System\\CurrentControlSet\\Services\\VSS\\Diag\\WMI Writer\\IDENTIFY (Enter)"}
{"TimeCreated":"2020-10-19 12:28:31.470","SourceName":"Microsoft-Windows-Sysmon","UtcTime":"2020-10-19 04:28:31.457","ProcessGuid":"{39e4a257-f1b9-5f8b-b300-000000000700}","Image":"C:\\windows\\system32\\SearchIndexer.exe","EventID":13,"Channel":"Microsoft-Windows-Sysmon/Operational","Task":"13","RuleName":"-","Message":"Registry value set:\r\nRuleName: -\r\nEventType: SetValue\r\nUtcTime: 2020-10-19 04:28:31.457\r\nProcessGuid: {39e4a257-f1b9-5f8b-b300-000000000700}\r\nProcessId: 6624\r\nImage: C:\\windows\\system32\\SearchIndexer.exe\r\nTargetObject: HKLM\\System\\CurrentControlSet\\Services\\VSS\\Diag\\MSSearch Service Writer\\IDENTIFY (Enter)\r\nDetails: Binary Data","Hostname":"WORKSTATION5","Details":"Binary Data","ProcessId":"6624","EventType":"SetValue","TargetObject":"HKLM\\System\\CurrentControlSet\\Services\\VSS\\Diag\\MSSearch Service Writer\\IDENTIFY (Enter)"}
{"TimeCreated":"2020-10-19 12:28:31.469","SourceName":"Microsoft-Windows-Sysmon","UtcTime":"2020-10-19 04:28:31.457","ProcessGuid":"{39e4a257-15ef-5f8d-e704-000000000700}","Image":"C:\\windows\\system32\\esentutl.exe","EventID":13,"Channel":"Microsoft-Windows-Sysmon/Operational","Task":"13","RuleName":"-","Message":"Registry value set:\r\nRuleName: -\r\nEventType: SetValue\r\nUtcTime: 2020-10-19 04:28:31.457\r\nProcessGuid: {39e4a257-15ef-5f8d-e704-000000000700}\r\nProcessId: 5136\r\nImage: C:\\windows\\system32\\esentutl.exe\r\nTargetObject: HKLM\\System\\CurrentControlSet\\Services\\VSS\\Diag\\EseRecoveryWriter\\IDENTIFY (Leave)\r\nDetails: Binary Data","Hostname":"WORKSTATION5","Details":"Binary Data","ProcessId":"5136","EventType":"SetValue","TargetObject":"HKLM\\System\\CurrentControlSet\\Services\\VSS\\Diag\\EseRecoveryWriter\\IDENTIFY (Leave)"}
{"TimeCreated":"2020-10-19 12:28:31.469","SourceName":"Microsoft-Windows-Sysmon","Device":"\\Device\\HarddiskVolume1","UtcTime":"2020-10-19 04:28:31.457","ProcessGuid":"{39e4a257-f136-5f8b-3800-000000000700}","Image":"C:\\Windows\\System32\\VSSVC.exe","EventID":9,"Channel":"Microsoft-Windows-Sysmon/Operational","Task":"9","RuleName":"-","Message":"RawAccessRead detected:\r\nRuleName: -\r\nUtcTime: 2020-10-19 04:28:31.457\r\nProcessGuid: {39e4a257-f136-5f8b-3800-000000000700}\r\nProcessId: 2332\r\nImage: C:\\Windows\\System32\\VSSVC.exe\r\nDevice: \\Device\\HarddiskVolume1","Hostname":"WORKSTATION5","ProcessId":"2332"}
{"TimeCreated":"2020-10-19 12:28:31.469","SourceName":"Microsoft-Windows-Sysmon","Device":"\\Device\\HarddiskVolume1","UtcTime":"2020-10-19 04:28:31.457","ProcessGuid":"{39e4a257-f136-5f8b-3800-000000000700}","Image":"C:\\Windows\\System32\\VSSVC.exe","EventID":9,"Channel":"Microsoft-Windows-Sysmon/Operational","Task":"9","RuleName":"-","Message":"RawAccessRead detected:\r\nRuleName: -\r\nUtcTime: 2020-10-19 04:28:31.457\r\nProcessGuid: {39e4a257-f136-5f8b-3800-000000000700}\r\nProcessId: 2332\r\nImage: C:\\Windows\\System32\\VSSVC.exe\r\nDevice: \\Device\\HarddiskVolume1","Hostname":"WORKSTATION5","ProcessId":"2332"}
{"TimeCreated":"2020-10-19 12:28:31.466","SourceName":"Microsoft-Windows-Sysmon","UtcTime":"2020-10-19 04:28:31.457","ProcessGuid":"{39e4a257-f136-5f8b-3800-000000000700}","Image":"C:\\windows\\system32\\vssvc.exe","EventID":13,"Channel":"Microsoft-Windows-Sysmon/Operational","Task":"13","RuleName":"-","Message":"Registry value set:\r\nRuleName: -\r\nEventType: SetValue\r\nUtcTime: 2020-10-19 04:28:31.457\r\nProcessGuid: {39e4a257-f136-5f8b-3800-000000000700}\r\nProcessId: 2332\r\nImage: C:\\windows\\system32\\vssvc.exe\r\nTargetObject: HKLM\\System\\CurrentControlSet\\Services\\VSS\\Diag\\Registry Writer\\IDENTIFY (Enter)\r\nDetails: Binary Data","Hostname":"WORKSTATION5","Details":"Binary Data","ProcessId":"2332","EventType":"SetValue","TargetObject":"HKLM\\System\\CurrentControlSet\\Services\\VSS\\Diag\\Registry Writer\\IDENTIFY (Enter)"}
