{"SourceImage":"C:\\windows\\system32\\lsass.exe","TimeCreated":"2020-10-19 12:28:31.896","GrantedAccess":"0x1000","SourceName":"Microsoft-Windows-Sysmon","SourceThreadId":"4724","CallTrace":"C:\\windows\\SYSTEM32\\ntdll.dll+9c584|C:\\windows\\system32\\lsasrv.dll+32063|C:\\windows\\system32\\lsasrv.dll+30a65|C:\\windows\\SYSTEM32\\samsrv.dll+322c|C:\\windows\\SYSTEM32\\samsrv.dll+305f|C:\\windows\\SYSTEM32\\samsrv.dll+32d7|C:\\windows\\System32\\RPCRT4.dll+76a63|C:\\windows\\System32\\RPCRT4.dll+da036|C:\\windows\\System32\\RPCRT4.dll+37b7c|C:\\windows\\System32\\RPCRT4.dll+549f8|C:\\windows\\System32\\RPCRT4.dll+2c9b1|C:\\windows\\System32\\RPCRT4.dll+2c26b|C:\\windows\\System32\\RPCRT4.dll+1a8cf|C:\\windows\\System32\\RPCRT4.dll+19d7a|C:\\windows\\System32\\RPCRT4.dll+19361|C:\\windows\\System32\\RPCRT4.dll+18dce|C:\\windows\\System32\\RPCRT4.dll+16a05|C:\\windows\\SYSTEM32\\ntdll.dll+333ed|C:\\windows\\SYSTEM32\\ntdll.dll+34142|C:\\windows\\System32\\KERNEL32.DLL+17c24|C:\\windows\\SYSTEM32\\ntdll.dll+6cea1","UtcTime":"2020-10-19 04:28:31.895","TargetProcessGUID":"{39e4a257-f136-5f8b-3800-000000000700}","SourceProcessId":"756","EventID":10,"Channel":"Microsoft-Windows-Sysmon/Operational","Task":"10","RuleName":"-","Message":"Process accessed:\r\nRuleName: -\r\nUtcTime: 2020-10-19 04:28:31.895\r\nSourceProcessGUID: {39e4a257-f131-5f8b-0c00-000000000700}\r\nSourceProcessId: 756\r\nSourceThreadId: 4724\r\nSourceImage: C:\\windows\\system32\\lsass.exe\r\nTargetProcessGUID: {39e4a257-f136-5f8b-3800-000000000700}\r\nTargetProcessId: 2332\r\nTargetImage: C:\\windows\\system32\\vssvc.exe\r\nGrantedAccess: 0x1000\r\nCallTrace: C:\\windows\\SYSTEM32\\ntdll.dll+9c584|C:\\windows\\system32\\lsasrv.dll+32063|C:\\windows\\system32\\lsasrv.dll+30a65|C:\\windows\\SYSTEM32\\samsrv.dll+322c|C:\\windows\\SYSTEM32\\samsrv.dll+305f|C:\\windows\\SYSTEM32\\samsrv.dll+32d7|C:\\windows\\System32\\RPCRT4.dll+76a63|C:\\windows\\System32\\RPCRT4.dll+da036|C:\\windows\\System32\\RPCRT4.dll+37b7c|C:\\windows\\System32\\RPCRT4.dll+549f8|C:\\windows\\System32\\RPCRT4.dll+2c9b1|C:\\windows\\System32\\RPCRT4.dll+2c26b|C:\\windows\\System32\\RPCRT4.dll+1a8cf|C:\\windows\\System32\\RPCRT4.dll+19d7a|C:\\windows\\System32\\RPCRT4.dll+19361|C:\\windows\\System32\\RPCRT4.dll+18dce|C:\\windows\\System32\\RPCRT4.dll+16a05|C:\\windows\\SYSTEM32\\ntdll.dll+333ed|C:\\windows\\SYSTEM32\\ntdll.dll+34142|C:\\windows\\System32\\KERNEL32.DLL+17c24|C:\\windows\\SYSTEM32\\ntdll.dll+6cea1","Hostname":"WORKSTATION5","TargetProcessId":"2332","TargetImage":"C:\\windows\\system32\\vssvc.exe","SourceProcessGUID":"{39e4a257-f131-5f8b-0c00-000000000700}"}
{"TimeCreated":"2020-10-19 12:28:31.896","SourceName":"Microsoft-Windows-Sysmon","UtcTime":"2020-10-19 04:28:31.895","ProcessGuid":"{39e4a257-f136-5f8b-3800-000000000700}","Image":"C:\\windows\\system32\\vssvc.exe","EventID":13,"Channel":"Microsoft-Windows-Sysmon/Operational","Task":"13","RuleName":"-","Message":"Registry value set:\r\nRuleName: -\r\nEventType: SetValue\r\nUtcTime: 2020-10-19 04:28:31.895\r\nProcessGuid: {39e4a257-f136-5f8b-3800-000000000700}\r\nProcessId: 2332\r\nImage: C:\\windows\\system32\\vssvc.exe\r\nTargetObject: HKLM\\System\\CurrentControlSet\\Services\\VSS\\Diag\\Shadow Copy Optimization Writer\\PREPARESNAPSHOT (Enter)\r\nDetails: Binary Data","Hostname":"WORKSTATION5","Details":"Binary Data","ProcessId":"2332","EventType":"SetValue","TargetObject":"HKLM\\System\\CurrentControlSet\\Services\\VSS\\Diag\\Shadow Copy Optimization Writer\\PREPARESNAPSHOT (Enter)"}
{"SourceImage":"C:\\windows\\system32\\lsass.exe","TimeCreated":"2020-10-19 12:28:31.895","GrantedAccess":"0x1000","SourceName":"Microsoft-Windows-Sysmon","SourceThreadId":"4724","CallTrace":"C:\\windows\\SYSTEM32\\ntdll.dll+9c584|C:\\windows\\system32\\lsasrv.dll+32063|C:\\windows\\system32\\lsasrv.dll+30a65|C:\\windows\\SYSTEM32\\samsrv.dll+322c|C:\\windows\\SYSTEM32\\samsrv.dll+305f|C:\\windows\\SYSTEM32\\samsrv.dll+32d7|C:\\windows\\System32\\RPCRT4.dll+76a63|C:\\windows\\System32\\RPCRT4.dll+da036|C:\\windows\\System32\\RPCRT4.dll+37b7c|C:\\windows\\System32\\RPCRT4.dll+549f8|C:\\windows\\System32\\RPCRT4.dll+2c9b1|C:\\windows\\System32\\RPCRT4.dll+2c26b|C:\\windows\\System32\\RPCRT4.dll+1a8cf|C:\\windows\\System32\\RPCRT4.dll+19d7a|C:\\windows\\System32\\RPCRT4.dll+19361|C:\\windows\\System32\\RPCRT4.dll+18dce|C:\\windows\\System32\\RPCRT4.dll+16a05|C:\\windows\\SYSTEM32\\ntdll.dll+333ed|C:\\windows\\SYSTEM32\\ntdll.dll+34142|C:\\windows\\System32\\KERNEL32.DLL+17c24|C:\\windows\\SYSTEM32\\ntdll.dll+6cea1","UtcTime":"2020-10-19 04:28:31.895","TargetProcessGUID":"{39e4a257-f136-5f8b-3800-000000000700}","SourceProcessId":"756","EventID":10,"Channel":"Microsoft-Windows-Sysmon/Operational","Task":"10","RuleName":"-","Message":"Process accessed:\r\nRuleName: -\r\nUtcTime: 2020-10-19 04:28:31.895\r\nSourceProcessGUID: {39e4a257-f131-5f8b-0c00-000000000700}\r\nSourceProcessId: 756\r\nSourceThreadId: 4724\r\nSourceImage: C:\\windows\\system32\\lsass.exe\r\nTargetProcessGUID: {39e4a257-f136-5f8b-3800-000000000700}\r\nTargetProcessId: 2332\r\nTargetImage: C:\\windows\\system32\\vssvc.exe\r\nGrantedAccess: 0x1000\r\nCallTrace: C:\\windows\\SYSTEM32\\ntdll.dll+9c584|C:\\windows\\system32\\lsasrv.dll+32063|C:\\windows\\system32\\lsasrv.dll+30a65|C:\\windows\\SYSTEM32\\samsrv.dll+322c|C:\\windows\\SYSTEM32\\samsrv.dll+305f|C:\\windows\\SYSTEM32\\samsrv.dll+32d7|C:\\windows\\System32\\RPCRT4.dll+76a63|C:\\windows\\System32\\RPCRT4.dll+da036|C:\\windows\\System32\\RPCRT4.dll+37b7c|C:\\windows\\System32\\RPCRT4.dll+549f8|C:\\windows\\System32\\RPCRT4.dll+2c9b1|C:\\windows\\System32\\RPCRT4.dll+2c26b|C:\\windows\\System32\\RPCRT4.dll+1a8cf|C:\\windows\\System32\\RPCRT4.dll+19d7a|C:\\windows\\System32\\RPCRT4.dll+19361|C:\\windows\\System32\\RPCRT4.dll+18dce|C:\\windows\\System32\\RPCRT4.dll+16a05|C:\\windows\\SYSTEM32\\ntdll.dll+333ed|C:\\windows\\SYSTEM32\\ntdll.dll+34142|C:\\windows\\System32\\KERNEL32.DLL+17c24|C:\\windows\\SYSTEM32\\ntdll.dll+6cea1","Hostname":"WORKSTATION5","TargetProcessId":"2332","TargetImage":"C:\\windows\\system32\\vssvc.exe","SourceProcessGUID":"{39e4a257-f131-5f8b-0c00-000000000700}"}
{"SourceImage":"C:\\windows\\system32\\lsass.exe","TimeCreated":"2020-10-19 12:28:31.894","GrantedAccess":"0x1000","SourceName":"Microsoft-Windows-Sysmon","SourceThreadId":"4724","CallTrace":"C:\\windows\\SYSTEM32\\ntdll.dll+9c584|C:\\windows\\system32\\lsasrv.dll+32063|C:\\windows\\system32\\lsasrv.dll+30a65|C:\\windows\\SYSTEM32\\samsrv.dll+322c|C:\\windows\\SYSTEM32\\samsrv.dll+305f|C:\\windows\\SYSTEM32\\samsrv.dll+32d7|C:\\windows\\System32\\RPCRT4.dll+76a63|C:\\windows\\System32\\RPCRT4.dll+da036|C:\\windows\\System32\\RPCRT4.dll+37b7c|C:\\windows\\System32\\RPCRT4.dll+549f8|C:\\windows\\System32\\RPCRT4.dll+2c9b1|C:\\windows\\System32\\RPCRT4.dll+2c26b|C:\\windows\\System32\\RPCRT4.dll+1a8cf|C:\\windows\\System32\\RPCRT4.dll+19d7a|C:\\windows\\System32\\RPCRT4.dll+19361|C:\\windows\\System32\\RPCRT4.dll+18dce|C:\\windows\\System32\\RPCRT4.dll+16a05|C:\\windows\\SYSTEM32\\ntdll.dll+333ed|C:\\windows\\SYSTEM32\\ntdll.dll+34142|C:\\windows\\System32\\KERNEL32.DLL+17c24|C:\\windows\\SYSTEM32\\ntdll.dll+6cea1","UtcTime":"2020-10-19 04:28:31.879","TargetProcessGUID":"{39e4a257-f136-5f8b-3800-000000000700}","SourceProcessId":"756","EventID":10,"Channel":"Microsoft-Windows-Sysmon/Operational","Task":"10","RuleName":"-","Message":"Process accessed:\r\nRuleName: -\r\nUtcTime: 2020-10-19 04:28:31.879\r\nSourceProcessGUID: {39e4a257-f131-5f8b-0c00-000000000700}\r\nSourceProcessId: 756\r\nSourceThreadId: 4724\r\nSourceImage: C:\\windows\\system32\\lsass.exe\r\nTargetProcessGUID: {39e4a257-f136-5f8b-3800-000000000700}\r\nTargetProcessId: 2332\r\nTargetImage: C:\\windows\\system32\\vssvc.exe\r\nGrantedAccess: 0x1000\r\nCallTrace: C:\\windows\\SYSTEM32\\ntdll.dll+9c584|C:\\windows\\system32\\lsasrv.dll+32063|C:\\windows\\system32\\lsasrv.dll+30a65|C:\\windows\\SYSTEM32\\samsrv.dll+322c|C:\\windows\\SYSTEM32\\samsrv.dll+305f|C:\\windows\\SYSTEM32\\samsrv.dll+32d7|C:\\windows\\System32\\RPCRT4.dll+76a63|C:\\windows\\System32\\RPCRT4.dll+da036|C:\\windows\\System32\\RPCRT4.dll+37b7c|C:\\windows\\System32\\RPCRT4.dll+549f8|C:\\windows\\System32\\RPCRT4.dll+2c9b1|C:\\windows\\System32\\RPCRT4.dll+2c26b|C:\\windows\\System32\\RPCRT4.dll+1a8cf|C:\\windows\\System32\\RPCRT4.dll+19d7a|C:\\windows\\System32\\RPCRT4.dll+19361|C:\\windows\\System32\\RPCRT4.dll+18dce|C:\\windows\\System32\\RPCRT4.dll+16a05|C:\\windows\\SYSTEM32\\ntdll.dll+333ed|C:\\windows\\SYSTEM32\\ntdll.dll+34142|C:\\windows\\System32\\KERNEL32.DLL+17c24|C:\\windows\\SYSTEM32\\ntdll.dll+6cea1","Hostname":"WORKSTATION5","TargetProcessId":"2332","TargetImage":"C:\\windows\\system32\\vssvc.exe","SourceProcessGUID":"{39e4a257-f131-5f8b-0c00-000000000700}"}
{"SourceImage":"C:\\windows\\system32\\lsass.exe","TimeCreated":"2020-10-19 12:28:31.893","GrantedAccess":"0x1000","SourceName":"Microsoft-Windows-Sysmon","SourceThreadId":"4724","CallTrace":"C:\\windows\\SYSTEM32\\ntdll.dll+9c584|C:\\windows\\system32\\lsasrv.dll+32063|C:\\windows\\system32\\lsasrv.dll+30a65|C:\\windows\\SYSTEM32\\samsrv.dll+322c|C:\\windows\\SYSTEM32\\samsrv.dll+305f|C:\\windows\\SYSTEM32\\samsrv.dll+32d7|C:\\windows\\System32\\RPCRT4.dll+76a63|C:\\windows\\System32\\RPCRT4.dll+da036|C:\\windows\\System32\\RPCRT4.dll+37b7c|C:\\windows\\System32\\RPCRT4.dll+549f8|C:\\windows\\System32\\RPCRT4.dll+2c9b1|C:\\windows\\System32\\RPCRT4.dll+2c26b|C:\\windows\\System32\\RPCRT4.dll+1a8cf|C:\\windows\\System32\\RPCRT4.dll+19d7a|C:\\windows\\System32\\RPCRT4.dll+19361|C:\\windows\\System32\\RPCRT4.dll+18dce|C:\\windows\\System32\\RPCRT4.dll+16a05|C:\\windows\\SYSTEM32\\ntdll.dll+333ed|C:\\windows\\SYSTEM32\\ntdll.dll+34142|C:\\windows\\System32\\KERNEL32.DLL+17c24|C:\\windows\\SYSTEM32\\ntdll.dll+6cea1","UtcTime":"2020-10-19 04:28:31.879","TargetProcessGUID":"{39e4a257-f136-5f8b-3800-000000000700}","SourceProcessId":"756","EventID":10,"Channel":"Microsoft-Windows-Sysmon/Operational","Task":"10","RuleName":"-","Message":"Process accessed:\r\nRuleName: -\r\nUtcTime: 2020-10-19 04:28:31.879\r\nSourceProcessGUID: {39e4a257-f131-5f8b-0c00-000000000700}\r\nSourceProcessId: 756\r\nSourceThreadId: 4724\r\nSourceImage: C:\\windows\\system32\\lsass.exe\r\nTargetProcessGUID: {39e4a257-f136-5f8b-3800-000000000700}\r\nTargetProcessId: 2332\r\nTargetImage: C:\\windows\\system32\\vssvc.exe\r\nGrantedAccess: 0x1000\r\nCallTrace: C:\\windows\\SYSTEM32\\ntdll.dll+9c584|C:\\windows\\system32\\lsasrv.dll+32063|C:\\windows\\system32\\lsasrv.dll+30a65|C:\\windows\\SYSTEM32\\samsrv.dll+322c|C:\\windows\\SYSTEM32\\samsrv.dll+305f|C:\\windows\\SYSTEM32\\samsrv.dll+32d7|C:\\windows\\System32\\RPCRT4.dll+76a63|C:\\windows\\System32\\RPCRT4.dll+da036|C:\\windows\\System32\\RPCRT4.dll+37b7c|C:\\windows\\System32\\RPCRT4.dll+549f8|C:\\windows\\System32\\RPCRT4.dll+2c9b1|C:\\windows\\System32\\RPCRT4.dll+2c26b|C:\\windows\\System32\\RPCRT4.dll+1a8cf|C:\\windows\\System32\\RPCRT4.dll+19d7a|C:\\windows\\System32\\RPCRT4.dll+19361|C:\\windows\\System32\\RPCRT4.dll+18dce|C:\\windows\\System32\\RPCRT4.dll+16a05|C:\\windows\\SYSTEM32\\ntdll.dll+333ed|C:\\windows\\SYSTEM32\\ntdll.dll+34142|C:\\windows\\System32\\KERNEL32.DLL+17c24|C:\\windows\\SYSTEM32\\ntdll.dll+6cea1","Hostname":"WORKSTATION5","TargetProcessId":"2332","TargetImage":"C:\\windows\\system32\\vssvc.exe","SourceProcessGUID":"{39e4a257-f131-5f8b-0c00-000000000700}"}
{"SourceImage":"C:\\windows\\system32\\lsass.exe","TimeCreated":"2020-10-19 12:28:31.892","GrantedAccess":"0x1000","SourceName":"Microsoft-Windows-Sysmon","SourceThreadId":"4724","CallTrace":"C:\\windows\\SYSTEM32\\ntdll.dll+9c584|C:\\windows\\system32\\lsasrv.dll+32063|C:\\windows\\system32\\lsasrv.dll+30a65|C:\\windows\\SYSTEM32\\samsrv.dll+322c|C:\\windows\\SYSTEM32\\samsrv.dll+305f|C:\\windows\\SYSTEM32\\samsrv.dll+32d7|C:\\windows\\System32\\RPCRT4.dll+76a63|C:\\windows\\System32\\RPCRT4.dll+da036|C:\\windows\\System32\\RPCRT4.dll+37b7c|C:\\windows\\System32\\RPCRT4.dll+549f8|C:\\windows\\System32\\RPCRT4.dll+2c9b1|C:\\windows\\System32\\RPCRT4.dll+2c26b|C:\\windows\\System32\\RPCRT4.dll+1a8cf|C:\\windows\\System32\\RPCRT4.dll+19d7a|C:\\windows\\System32\\RPCRT4.dll+19361|C:\\windows\\System32\\RPCRT4.dll+18dce|C:\\windows\\System32\\RPCRT4.dll+16a05|C:\\windows\\SYSTEM32\\ntdll.dll+333ed|C:\\windows\\SYSTEM32\\ntdll.dll+34142|C:\\windows\\System32\\KERNEL32.DLL+17c24|C:\\windows\\SYSTEM32\\ntdll.dll+6cea1","UtcTime":"2020-10-19 04:28:31.879","TargetProcessGUID":"{39e4a257-f136-5f8b-3800-000000000700}","SourceProcessId":"756","EventID":10,"Channel":"Microsoft-Windows-Sysmon/Operational","Task":"10","RuleName":"-","Message":"Process accessed:\r\nRuleName: -\r\nUtcTime: 2020-10-19 04:28:31.879\r\nSourceProcessGUID: {39e4a257-f131-5f8b-0c00-000000000700}\r\nSourceProcessId: 756\r\nSourceThreadId: 4724\r\nSourceImage: C:\\windows\\system32\\lsass.exe\r\nTargetProcessGUID: {39e4a257-f136-5f8b-3800-000000000700}\r\nTargetProcessId: 2332\r\nTargetImage: C:\\windows\\system32\\vssvc.exe\r\nGrantedAccess: 0x1000\r\nCallTrace: C:\\windows\\SYSTEM32\\ntdll.dll+9c584|C:\\windows\\system32\\lsasrv.dll+32063|C:\\windows\\system32\\lsasrv.dll+30a65|C:\\windows\\SYSTEM32\\samsrv.dll+322c|C:\\windows\\SYSTEM32\\samsrv.dll+305f|C:\\windows\\SYSTEM32\\samsrv.dll+32d7|C:\\windows\\System32\\RPCRT4.dll+76a63|C:\\windows\\System32\\RPCRT4.dll+da036|C:\\windows\\System32\\RPCRT4.dll+37b7c|C:\\windows\\System32\\RPCRT4.dll+549f8|C:\\windows\\System32\\RPCRT4.dll+2c9b1|C:\\windows\\System32\\RPCRT4.dll+2c26b|C:\\windows\\System32\\RPCRT4.dll+1a8cf|C:\\windows\\System32\\RPCRT4.dll+19d7a|C:\\windows\\System32\\RPCRT4.dll+19361|C:\\windows\\System32\\RPCRT4.dll+18dce|C:\\windows\\System32\\RPCRT4.dll+16a05|C:\\windows\\SYSTEM32\\ntdll.dll+333ed|C:\\windows\\SYSTEM32\\ntdll.dll+34142|C:\\windows\\System32\\KERNEL32.DLL+17c24|C:\\windows\\SYSTEM32\\ntdll.dll+6cea1","Hostname":"WORKSTATION5","TargetProcessId":"2332","TargetImage":"C:\\windows\\system32\\vssvc.exe","SourceProcessGUID":"{39e4a257-f131-5f8b-0c00-000000000700}"}
{"SourceImage":"C:\\windows\\system32\\lsass.exe","TimeCreated":"2020-10-19 12:28:31.891","GrantedAccess":"0x1000","SourceName":"Microsoft-Windows-Sysmon","SourceThreadId":"4724","CallTrace":"C:\\windows\\SYSTEM32\\ntdll.dll+9c584|C:\\windows\\system32\\lsasrv.dll+32063|C:\\windows\\system32\\lsasrv.dll+30a65|C:\\windows\\SYSTEM32\\samsrv.dll+322c|C:\\windows\\SYSTEM32\\samsrv.dll+305f|C:\\windows\\SYSTEM32\\samsrv.dll+32d7|C:\\windows\\System32\\RPCRT4.dll+76a63|C:\\windows\\System32\\RPCRT4.dll+da036|C:\\windows\\System32\\RPCRT4.dll+37b7c|C:\\windows\\System32\\RPCRT4.dll+549f8|C:\\windows\\System32\\RPCRT4.dll+2c9b1|C:\\windows\\System32\\RPCRT4.dll+2c26b|C:\\windows\\System32\\RPCRT4.dll+1a8cf|C:\\windows\\System32\\RPCRT4.dll+19d7a|C:\\windows\\System32\\RPCRT4.dll+19361|C:\\windows\\System32\\RPCRT4.dll+18dce|C:\\windows\\System32\\RPCRT4.dll+16a05|C:\\windows\\SYSTEM32\\ntdll.dll+333ed|C:\\windows\\SYSTEM32\\ntdll.dll+34142|C:\\windows\\System32\\KERNEL32.DLL+17c24|C:\\windows\\SYSTEM32\\ntdll.dll+6cea1","UtcTime":"2020-10-19 04:28:31.879","TargetProcessGUID":"{39e4a257-f136-5f8b-3800-000000000700}","SourceProcessId":"756","EventID":10,"Channel":"Microsoft-Windows-Sysmon/Operational","Task":"10","RuleName":"-","Message":"Process accessed:\r\nRuleName: -\r\nUtcTime: 2020-10-19 04:28:31.879\r\nSourceProcessGUID: {39e4a257-f131-5f8b-0c00-000000000700}\r\nSourceProcessId: 756\r\nSourceThreadId: 4724\r\nSourceImage: C:\\windows\\system32\\lsass.exe\r\nTargetProcessGUID: {39e4a257-f136-5f8b-3800-000000000700}\r\nTargetProcessId: 2332\r\nTargetImage: C:\\windows\\system32\\vssvc.exe\r\nGrantedAccess: 0x1000\r\nCallTrace: C:\\windows\\SYSTEM32\\ntdll.dll+9c584|C:\\windows\\system32\\lsasrv.dll+32063|C:\\windows\\system32\\lsasrv.dll+30a65|C:\\windows\\SYSTEM32\\samsrv.dll+322c|C:\\windows\\SYSTEM32\\samsrv.dll+305f|C:\\windows\\SYSTEM32\\samsrv.dll+32d7|C:\\windows\\System32\\RPCRT4.dll+76a63|C:\\windows\\System32\\RPCRT4.dll+da036|C:\\windows\\System32\\RPCRT4.dll+37b7c|C:\\windows\\System32\\RPCRT4.dll+549f8|C:\\windows\\System32\\RPCRT4.dll+2c9b1|C:\\windows\\System32\\RPCRT4.dll+2c26b|C:\\windows\\System32\\RPCRT4.dll+1a8cf|C:\\windows\\System32\\RPCRT4.dll+19d7a|C:\\windows\\System32\\RPCRT4.dll+19361|C:\\windows\\System32\\RPCRT4.dll+18dce|C:\\windows\\System32\\RPCRT4.dll+16a05|C:\\windows\\SYSTEM32\\ntdll.dll+333ed|C:\\windows\\SYSTEM32\\ntdll.dll+34142|C:\\windows\\System32\\KERNEL32.DLL+17c24|C:\\windows\\SYSTEM32\\ntdll.dll+6cea1","Hostname":"WORKSTATION5","TargetProcessId":"2332","TargetImage":"C:\\windows\\system32\\vssvc.exe","SourceProcessGUID":"{39e4a257-f131-5f8b-0c00-000000000700}"}
{"SourceImage":"C:\\windows\\system32\\lsass.exe","TimeCreated":"2020-10-19 12:28:31.891","GrantedAccess":"0x1000","SourceName":"Microsoft-Windows-Sysmon","SourceThreadId":"4724","CallTrace":"C:\\windows\\SYSTEM32\\ntdll.dll+9c584|C:\\windows\\system32\\lsasrv.dll+32063|C:\\windows\\system32\\lsasrv.dll+30a65|C:\\windows\\SYSTEM32\\samsrv.dll+322c|C:\\windows\\SYSTEM32\\samsrv.dll+305f|C:\\windows\\SYSTEM32\\samsrv.dll+32d7|C:\\windows\\System32\\RPCRT4.dll+76a63|C:\\windows\\System32\\RPCRT4.dll+da036|C:\\windows\\System32\\RPCRT4.dll+37b7c|C:\\windows\\System32\\RPCRT4.dll+549f8|C:\\windows\\System32\\RPCRT4.dll+2c9b1|C:\\windows\\System32\\RPCRT4.dll+2c26b|C:\\windows\\System32\\RPCRT4.dll+1a8cf|C:\\windows\\System32\\RPCRT4.dll+19d7a|C:\\windows\\System32\\RPCRT4.dll+19361|C:\\windows\\System32\\RPCRT4.dll+18dce|C:\\windows\\System32\\RPCRT4.dll+16a05|C:\\windows\\SYSTEM32\\ntdll.dll+333ed|C:\\windows\\SYSTEM32\\ntdll.dll+34142|C:\\windows\\System32\\KERNEL32.DLL+17c24|C:\\windows\\SYSTEM32\\ntdll.dll+6cea1","UtcTime":"2020-10-19 04:28:31.879","TargetProcessGUID":"{39e4a257-f136-5f8b-3800-000000000700}","SourceProcessId":"756","EventID":10,"Channel":"Microsoft-Windows-Sysmon/Operational","Task":"10","RuleName":"-","Message":"Process accessed:\r\nRuleName: -\r\nUtcTime: 2020-10-19 04:28:31.879\r\nSourceProcessGUID: {39e4a257-f131-5f8b-0c00-000000000700}\r\nSourceProcessId: 756\r\nSourceThreadId: 4724\r\nSourceImage: C:\\windows\\system32\\lsass.exe\r\nTargetProcessGUID: {39e4a257-f136-5f8b-3800-000000000700}\r\nTargetProcessId: 2332\r\nTargetImage: C:\\windows\\system32\\vssvc.exe\r\nGrantedAccess: 0x1000\r\nCallTrace: C:\\windows\\SYSTEM32\\ntdll.dll+9c584|C:\\windows\\system32\\lsasrv.dll+32063|C:\\windows\\system32\\lsasrv.dll+30a65|C:\\windows\\SYSTEM32\\samsrv.dll+322c|C:\\windows\\SYSTEM32\\samsrv.dll+305f|C:\\windows\\SYSTEM32\\samsrv.dll+32d7|C:\\windows\\System32\\RPCRT4.dll+76a63|C:\\windows\\System32\\RPCRT4.dll+da036|C:\\windows\\System32\\RPCRT4.dll+37b7c|C:\\windows\\System32\\RPCRT4.dll+549f8|C:\\windows\\System32\\RPCRT4.dll+2c9b1|C:\\windows\\System32\\RPCRT4.dll+2c26b|C:\\windows\\System32\\RPCRT4.dll+1a8cf|C:\\windows\\System32\\RPCRT4.dll+19d7a|C:\\windows\\System32\\RPCRT4.dll+19361|C:\\windows\\System32\\RPCRT4.dll+18dce|C:\\windows\\System32\\RPCRT4.dll+16a05|C:\\windows\\SYSTEM32\\ntdll.dll+333ed|C:\\windows\\SYSTEM32\\ntdll.dll+34142|C:\\windows\\System32\\KERNEL32.DLL+17c24|C:\\windows\\SYSTEM32\\ntdll.dll+6cea1","Hostname":"WORKSTATION5","TargetProcessId":"2332","TargetImage":"C:\\windows\\system32\\vssvc.exe","SourceProcessGUID":"{39e4a257-f131-5f8b-0c00-000000000700}"}
{"TimeCreated":"2020-10-19 12:28:31.882","SourceName":"Microsoft-Windows-Sysmon","UtcTime":"2020-10-19 04:28:31.879","ProcessGuid":"{39e4a257-f136-5f8b-3800-000000000700}","Image":"C:\\windows\\system32\\vssvc.exe","EventID":13,"Channel":"Microsoft-Windows-Sysmon/Operational","Task":"13","RuleName":"-","Message":"Registry value set:\r\nRuleName: -\r\nEventType: SetValue\r\nUtcTime: 2020-10-19 04:28:31.879\r\nProcessGuid: {39e4a257-f136-5f8b-3800-000000000700}\r\nProcessId: 2332\r\nImage: C:\\windows\\system32\\vssvc.exe\r\nTargetObject: HKLM\\System\\CurrentControlSet\\Services\\VSS\\Diag\\VssvcPublisher\\PREPARESNAPSHOT (Enter)\r\nDetails: Binary Data","Hostname":"WORKSTATION5","Details":"Binary Data","ProcessId":"2332","EventType":"SetValue","TargetObject":"HKLM\\System\\CurrentControlSet\\Services\\VSS\\Diag\\VssvcPublisher\\PREPARESNAPSHOT (Enter)"}
{"TimeCreated":"2020-10-19 12:28:31.876","SourceName":"Microsoft-Windows-Sysmon","UtcTime":"2020-10-19 04:28:31.863","ProcessGuid":"{39e4a257-f136-5f8b-3800-000000000700}","Image":"C:\\windows\\system32\\vssvc.exe","EventID":13,"Channel":"Microsoft-Windows-Sysmon/Operational","Task":"13","RuleName":"-","Message":"Registry value set:\r\nRuleName: -\r\nEventType: SetValue\r\nUtcTime: 2020-10-19 04:28:31.863\r\nProcessGuid: {39e4a257-f136-5f8b-3800-000000000700}\r\nProcessId: 2332\r\nImage: C:\\windows\\system32\\vssvc.exe\r\nTargetObject: HKLM\\System\\CurrentControlSet\\Services\\VSS\\Diag\\SwProvider_{b5946137-7b9f-4925-af80-51abd60b20d5}\\PROVIDER_ENDPREPARE (Leave)\r\nDetails: Binary Data","Hostname":"WORKSTATION5","Details":"Binary Data","ProcessId":"2332","EventType":"SetValue","TargetObject":"HKLM\\System\\CurrentControlSet\\Services\\VSS\\Diag\\SwProvider_{b5946137-7b9f-4925-af80-51abd60b20d5}\\PROVIDER_ENDPREPARE (Leave)"}
{"TimeCreated":"2020-10-19 12:28:31.875","SourceName":"Microsoft-Windows-Sysmon","UtcTime":"2020-10-19 04:28:31.863","ProcessGuid":"{39e4a257-f121-5f8b-0100-000000000700}","Image":"System","EventID":13,"Channel":"Microsoft-Windows-Sysmon/Operational","Task":"13","RuleName":"-","Message":"Registry value set:\r\nRuleName: -\r\nEventType: SetValue\r\nUtcTime: 2020-10-19 04:28:31.863\r\nProcessGuid: {39e4a257-f121-5f8b-0100-000000000700}\r\nProcessId: 4\r\nImage: System\r\nTargetObject: HKLM\\System\\CurrentControlSet\\Services\\VSS\\Diag\\VolSnap\\Volume{cae63231-0000-0000-0000-501f00000000}PrepareForSnapshot (Leave)\r\nDetails: Binary Data","Hostname":"WORKSTATION5","Details":"Binary Data","ProcessId":"4","EventType":"SetValue","TargetObject":"HKLM\\System\\CurrentControlSet\\Services\\VSS\\Diag\\VolSnap\\Volume{cae63231-0000-0000-0000-501f00000000}PrepareForSnapshot (Leave)"}
{"TimeCreated":"2020-10-19 12:28:31.875","SourceName":"Microsoft-Windows-Sysmon","UtcTime":"2020-10-19 04:28:31.863","ProcessGuid":"{39e4a257-f121-5f8b-0100-000000000700}","Image":"System","EventID":12,"Channel":"Microsoft-Windows-Sysmon/Operational","Task":"12","RuleName":"-","Message":"Registry object added or deleted:\r\nRuleName: -\r\nEventType: CreateKey\r\nUtcTime: 2020-10-19 04:28:31.863\r\nProcessGuid: {39e4a257-f121-5f8b-0100-000000000700}\r\nProcessId: 4\r\nImage: System\r\nTargetObject: HKLM\\System\\CurrentControlSet\\Services\\VSS\\Diag\\VolSnap","Hostname":"WORKSTATION5","ProcessId":"4","EventType":"CreateKey","TargetObject":"HKLM\\System\\CurrentControlSet\\Services\\VSS\\Diag\\VolSnap"}
{"TimeCreated":"2020-10-19 12:28:31.875","SourceName":"Microsoft-Windows-Sysmon","UtcTime":"2020-10-19 04:28:31.863","ProcessGuid":"{39e4a257-f121-5f8b-0100-000000000700}","Image":"System","EventID":13,"Channel":"Microsoft-Windows-Sysmon/Operational","Task":"13","RuleName":"-","Message":"Registry value set:\r\nRuleName: -\r\nEventType: SetValue\r\nUtcTime: 2020-10-19 04:28:31.863\r\nProcessGuid: {39e4a257-f121-5f8b-0100-000000000700}\r\nProcessId: 4\r\nImage: System\r\nTargetObject: HKLM\\System\\CurrentControlSet\\Services\\VSS\\Diag\\VolSnap\\Volume{cae63231-0000-0000-0000-501f00000000}PreExposure (Leave)\r\nDetails: Binary Data","Hostname":"WORKSTATION5","Details":"Binary Data","ProcessId":"4","EventType":"SetValue","TargetObject":"HKLM\\System\\CurrentControlSet\\Services\\VSS\\Diag\\VolSnap\\Volume{cae63231-0000-0000-0000-501f00000000}PreExposure (Leave)"}
{"TimeCreated":"2020-10-19 12:28:31.875","SourceName":"Microsoft-Windows-Sysmon","UtcTime":"2020-10-19 04:28:31.863","ProcessGuid":"{39e4a257-f121-5f8b-0100-000000000700}","Image":"System","EventID":12,"Channel":"Microsoft-Windows-Sysmon/Operational","Task":"12","RuleName":"-","Message":"Registry object added or deleted:\r\nRuleName: -\r\nEventType: CreateKey\r\nUtcTime: 2020-10-19 04:28:31.863\r\nProcessGuid: {39e4a257-f121-5f8b-0100-000000000700}\r\nProcessId: 4\r\nImage: System\r\nTargetObject: HKLM\\System\\CurrentControlSet\\Services\\VSS\\Diag\\VolSnap","Hostname":"WORKSTATION5","ProcessId":"4","EventType":"CreateKey","TargetObject":"HKLM\\System\\CurrentControlSet\\Services\\VSS\\Diag\\VolSnap"}
{"TimeCreated":"2020-10-19 12:28:31.872","SourceName":"Microsoft-Windows-Sysmon","UtcTime":"2020-10-19 04:28:31.863","ProcessGuid":"{39e4a257-f121-5f8b-0100-000000000700}","Image":"System","EventID":12,"Channel":"Microsoft-Windows-Sysmon/Operational","Task":"12","RuleName":"-","Message":"Registry object added or deleted:\r\nRuleName: -\r\nEventType: CreateKey\r\nUtcTime: 2020-10-19 04:28:31.863\r\nProcessGuid: {39e4a257-f121-5f8b-0100-000000000700}\r\nProcessId: 4\r\nImage: System\r\nTargetObject: HKLM\\System\\CurrentControlSet\\Control\\DeviceContainers\\{00000000-0000-0000-FFFF-FFFFFFFFFFFF}\\BaseContainers\\{00000000-0000-0000-FFFF-FFFFFFFFFFFF}","Hostname":"WORKSTATION5","ProcessId":"4","EventType":"CreateKey","TargetObject":"HKLM\\System\\CurrentControlSet\\Control\\DeviceContainers\\{00000000-0000-0000-FFFF-FFFFFFFFFFFF}\\BaseContainers\\{00000000-0000-0000-FFFF-FFFFFFFFFFFF}"}
{"TimeCreated":"2020-10-19 12:28:31.872","SourceName":"Microsoft-Windows-Sysmon","UtcTime":"2020-10-19 04:28:31.863","ProcessGuid":"{39e4a257-f121-5f8b-0100-000000000700}","Image":"System","EventID":12,"Channel":"Microsoft-Windows-Sysmon/Operational","Task":"12","RuleName":"-","Message":"Registry object added or deleted:\r\nRuleName: -\r\nEventType: CreateKey\r\nUtcTime: 2020-10-19 04:28:31.863\r\nProcessGuid: {39e4a257-f121-5f8b-0100-000000000700}\r\nProcessId: 4\r\nImage: System\r\nTargetObject: HKLM\\System\\CurrentControlSet\\Control\\DeviceContainers\\{00000000-0000-0000-FFFF-FFFFFFFFFFFF}\\BaseContainers","Hostname":"WORKSTATION5","ProcessId":"4","EventType":"CreateKey","TargetObject":"HKLM\\System\\CurrentControlSet\\Control\\DeviceContainers\\{00000000-0000-0000-FFFF-FFFFFFFFFFFF}\\BaseContainers"}
{"TimeCreated":"2020-10-19 12:28:31.871","SourceName":"Microsoft-Windows-Sysmon","UtcTime":"2020-10-19 04:28:31.863","ProcessGuid":"{39e4a257-f121-5f8b-0100-000000000700}","Image":"System","EventID":12,"Channel":"Microsoft-Windows-Sysmon/Operational","Task":"12","RuleName":"-","Message":"Registry object added or deleted:\r\nRuleName: -\r\nEventType: CreateKey\r\nUtcTime: 2020-10-19 04:28:31.863\r\nProcessGuid: {39e4a257-f121-5f8b-0100-000000000700}\r\nProcessId: 4\r\nImage: System\r\nTargetObject: HKLM\\System\\CurrentControlSet\\Control\\DeviceContainers\\{00000000-0000-0000-FFFF-FFFFFFFFFFFF}","Hostname":"WORKSTATION5","ProcessId":"4","EventType":"CreateKey","TargetObject":"HKLM\\System\\CurrentControlSet\\Control\\DeviceContainers\\{00000000-0000-0000-FFFF-FFFFFFFFFFFF}"}
{"TimeCreated":"2020-10-19 12:28:31.871","SourceName":"Microsoft-Windows-Sysmon","UtcTime":"2020-10-19 04:28:31.863","ProcessGuid":"{39e4a257-f121-5f8b-0100-000000000700}","Image":"System","EventID":12,"Channel":"Microsoft-Windows-Sysmon/Operational","Task":"12","RuleName":"-","Message":"Registry object added or deleted:\r\nRuleName: -\r\nEventType: DeleteValue\r\nUtcTime: 2020-10-19 04:28:31.863\r\nProcessGuid: {39e4a257-f121-5f8b-0100-000000000700}\r\nProcessId: 4\r\nImage: System\r\nTargetObject: HKLM\\System\\CurrentControlSet\\Enum\\STORAGE\\VolumeSnapshot\\HarddiskVolumeSnapshot1\\Properties\\{83da6326-97a6-4088-9453-a1923f573b29}\\0067","Hostname":"WORKSTATION5","ProcessId":"4","EventType":"DeleteValue","TargetObject":"HKLM\\System\\CurrentControlSet\\Enum\\STORAGE\\VolumeSnapshot\\HarddiskVolumeSnapshot1\\Properties\\{83da6326-97a6-4088-9453-a1923f573b29}\\0067"}
{"TimeCreated":"2020-10-19 12:28:31.871","SourceName":"Microsoft-Windows-Sysmon","UtcTime":"2020-10-19 04:28:31.863","ProcessGuid":"{39e4a257-f121-5f8b-0100-000000000700}","Image":"System","EventID":13,"Channel":"Microsoft-Windows-Sysmon/Operational","Task":"13","RuleName":"-","Message":"Registry value set:\r\nRuleName: -\r\nEventType: SetValue\r\nUtcTime: 2020-10-19 04:28:31.863\r\nProcessGuid: {39e4a257-f121-5f8b-0100-000000000700}\r\nProcessId: 4\r\nImage: System\r\nTargetObject: HKLM\\System\\CurrentControlSet\\Enum\\STORAGE\\VolumeSnapshot\\HarddiskVolumeSnapshot1\\Properties\\{83da6326-97a6-4088-9453-a1923f573b29}\\0066\\(Default)\r\nDetails: Binary Data","Hostname":"WORKSTATION5","Details":"Binary Data","ProcessId":"4","EventType":"SetValue","TargetObject":"HKLM\\System\\CurrentControlSet\\Enum\\STORAGE\\VolumeSnapshot\\HarddiskVolumeSnapshot1\\Properties\\{83da6326-97a6-4088-9453-a1923f573b29}\\0066\\(Default)"}
{"TimeCreated":"2020-10-19 12:28:31.871","SourceName":"Microsoft-Windows-Sysmon","UtcTime":"2020-10-19 04:28:31.863","ProcessGuid":"{39e4a257-f121-5f8b-0100-000000000700}","Image":"System","EventID":12,"Channel":"Microsoft-Windows-Sysmon/Operational","Task":"12","RuleName":"-","Message":"Registry object added or deleted:\r\nRuleName: -\r\nEventType: CreateKey\r\nUtcTime: 2020-10-19 04:28:31.863\r\nProcessGuid: {39e4a257-f121-5f8b-0100-000000000700}\r\nProcessId: 4\r\nImage: System\r\nTargetObject: HKLM\\System\\CurrentControlSet\\Enum\\STORAGE\\VolumeSnapshot\\HarddiskVolumeSnapshot1\\Properties\\{83da6326-97a6-4088-9453-a1923f573b29}\\0066","Hostname":"WORKSTATION5","ProcessId":"4","EventType":"CreateKey","TargetObject":"HKLM\\System\\CurrentControlSet\\Enum\\STORAGE\\VolumeSnapshot\\HarddiskVolumeSnapshot1\\Properties\\{83da6326-97a6-4088-9453-a1923f573b29}\\0066"}
{"TimeCreated":"2020-10-19 12:28:31.871","SourceName":"Microsoft-Windows-Sysmon","UtcTime":"2020-10-19 04:28:31.863","ProcessGuid":"{39e4a257-f121-5f8b-0100-000000000700}","Image":"System","EventID":12,"Channel":"Microsoft-Windows-Sysmon/Operational","Task":"12","RuleName":"-","Message":"Registry object added or deleted:\r\nRuleName: -\r\nEventType: CreateKey\r\nUtcTime: 2020-10-19 04:28:31.863\r\nProcessGuid: {39e4a257-f121-5f8b-0100-000000000700}\r\nProcessId: 4\r\nImage: System\r\nTargetObject: HKLM\\System\\CurrentControlSet\\Enum\\STORAGE\\VolumeSnapshot\\HarddiskVolumeSnapshot1\\Properties\\{83da6326-97a6-4088-9453-a1923f573b29}","Hostname":"WORKSTATION5","ProcessId":"4","EventType":"CreateKey","TargetObject":"HKLM\\System\\CurrentControlSet\\Enum\\STORAGE\\VolumeSnapshot\\HarddiskVolumeSnapshot1\\Properties\\{83da6326-97a6-4088-9453-a1923f573b29}"}
{"TimeCreated":"2020-10-19 12:28:31.871","SourceName":"Microsoft-Windows-Sysmon","UtcTime":"2020-10-19 04:28:31.863","ProcessGuid":"{39e4a257-f121-5f8b-0100-000000000700}","Image":"System","EventID":13,"Channel":"Microsoft-Windows-Sysmon/Operational","Task":"13","RuleName":"-","Message":"Registry value set:\r\nRuleName: -\r\nEventType: SetValue\r\nUtcTime: 2020-10-19 04:28:31.863\r\nProcessGuid: {39e4a257-f121-5f8b-0100-000000000700}\r\nProcessId: 4\r\nImage: System\r\nTargetObject: HKLM\\System\\CurrentControlSet\\Services\\VSS\\Diag\\VolSnap\\Volume{cae63231-0000-0000-0000-501f00000000}PreExposure (Enter)\r\nDetails: Binary Data","Hostname":"WORKSTATION5","Details":"Binary Data","ProcessId":"4","EventType":"SetValue","TargetObject":"HKLM\\System\\CurrentControlSet\\Services\\VSS\\Diag\\VolSnap\\Volume{cae63231-0000-0000-0000-501f00000000}PreExposure (Enter)"}
{"TimeCreated":"2020-10-19 12:28:31.871","SourceName":"Microsoft-Windows-Sysmon","UtcTime":"2020-10-19 04:28:31.863","ProcessGuid":"{39e4a257-f121-5f8b-0100-000000000700}","Image":"System","EventID":12,"Channel":"Microsoft-Windows-Sysmon/Operational","Task":"12","RuleName":"-","Message":"Registry object added or deleted:\r\nRuleName: -\r\nEventType: CreateKey\r\nUtcTime: 2020-10-19 04:28:31.863\r\nProcessGuid: {39e4a257-f121-5f8b-0100-000000000700}\r\nProcessId: 4\r\nImage: System\r\nTargetObject: HKLM\\System\\CurrentControlSet\\Services\\VSS\\Diag\\VolSnap","Hostname":"WORKSTATION5","ProcessId":"4","EventType":"CreateKey","TargetObject":"HKLM\\System\\CurrentControlSet\\Services\\VSS\\Diag\\VolSnap"}
{"TimeCreated":"2020-10-19 12:28:31.822","SourceName":"Microsoft-Windows-Sysmon","Device":"\\Device\\HarddiskVolume2","UtcTime":"2020-10-19 04:28:31.816","ProcessGuid":"{39e4a257-f121-5f8b-0100-000000000700}","Image":"System","EventID":9,"Channel":"Microsoft-Windows-Sysmon/Operational","Task":"9","RuleName":"-","Message":"RawAccessRead detected:\r\nRuleName: -\r\nUtcTime: 2020-10-19 04:28:31.816\r\nProcessGuid: {39e4a257-f121-5f8b-0100-000000000700}\r\nProcessId: 4\r\nImage: System\r\nDevice: \\Device\\HarddiskVolume2","Hostname":"WORKSTATION5","ProcessId":"4"}
{"TimeCreated":"2020-10-19 12:28:31.822","SourceName":"Microsoft-Windows-Sysmon","Device":"\\Device\\HarddiskVolume2","UtcTime":"2020-10-19 04:28:31.816","ProcessGuid":"{39e4a257-f121-5f8b-0100-000000000700}","Image":"System","EventID":9,"Channel":"Microsoft-Windows-Sysmon/Operational","Task":"9","RuleName":"-","Message":"RawAccessRead detected:\r\nRuleName: -\r\nUtcTime: 2020-10-19 04:28:31.816\r\nProcessGuid: {39e4a257-f121-5f8b-0100-000000000700}\r\nProcessId: 4\r\nImage: System\r\nDevice: \\Device\\HarddiskVolume2","Hostname":"WORKSTATION5","ProcessId":"4"}
{"TimeCreated":"2020-10-19 12:28:31.813","SourceName":"Microsoft-Windows-Sysmon","SignatureStatus":"Valid","Signature":"Microsoft Windows","Product":"Microsoft Windows Operating System","Hashes":"SHA1=353E5425587BEA68B8A1420CD9B916F878A43413,MD5=AE2E57628D688DC7826B92E8DE3AE8EE,SHA256=338C8B2DFAB2410A578C5C5D494BE97979EA9B7130D9D32B577A18D3B73C3941,IMPHASH=CCD74C8FF83DC6EF10FAFEAB77920F82","UtcTime":"2020-10-19 04:28:31.785","ProcessGuid":"{39e4a257-0d41-5f8d-8704-000000000700}","Image":"C:\\Windows\\System32\\svchost.exe","ImageLoaded":"C:\\Windows\\System32\\fveapi.dll","EventID":7,"Channel":"Microsoft-Windows-Sysmon/Operational","Task":"7","RuleName":"-","FileVersion":"10.0.18362.1110 (WinBuild.160101.0800)","Message":"Image loaded:\r\nRuleName: -\r\nUtcTime: 2020-10-19 04:28:31.785\r\nProcessGuid: {39e4a257-0d41-5f8d-8704-000000000700}\r\nProcessId: 5524\r\nImage: C:\\Windows\\System32\\svchost.exe\r\nImageLoaded: C:\\Windows\\System32\\fveapi.dll\r\nFileVersion: 10.0.18362.1110 (WinBuild.160101.0800)\r\nDescription: Windows BitLocker Drive Encryption API\r\nProduct: Microsoft Windows Operating System\r\nCompany: Microsoft Corporation\r\nOriginalFileName: FVEAPI.DLL\r\nHashes: SHA1=353E5425587BEA68B8A1420CD9B916F878A43413,MD5=AE2E57628D688DC7826B92E8DE3AE8EE,SHA256=338C8B2DFAB2410A578C5C5D494BE97979EA9B7130D9D32B577A18D3B73C3941,IMPHASH=CCD74C8FF83DC6EF10FAFEAB77920F82\r\nSigned: true\r\nSignature: Microsoft Windows\r\nSignatureStatus: Valid","Hostname":"WORKSTATION5","ProcessId":"5524","Description":"Windows BitLocker Drive Encryption API","Company":"Microsoft Corporation","Signed":"true","OriginalFileName":"FVEAPI.DLL"}
{"TimeCreated":"2020-10-19 12:28:31.812","SourceName":"Microsoft-Windows-Sysmon","SignatureStatus":"Valid","Signature":"Microsoft Windows","Product":"Microsoft Windows Operating System","Hashes":"SHA1=353E5425587BEA68B8A1420CD9B916F878A43413,MD5=AE2E57628D688DC7826B92E8DE3AE8EE,SHA256=338C8B2DFAB2410A578C5C5D494BE97979EA9B7130D9D32B577A18D3B73C3941,IMPHASH=CCD74C8FF83DC6EF10FAFEAB77920F82","UtcTime":"2020-10-19 04:28:31.785","ProcessGuid":"{39e4a257-0d41-5f8d-8704-000000000700}","Image":"C:\\Windows\\System32\\svchost.exe","ImageLoaded":"C:\\Windows\\System32\\fveapi.dll","EventID":7,"Channel":"Microsoft-Windows-Sysmon/Operational","Task":"7","RuleName":"-","FileVersion":"10.0.18362.1110 (WinBuild.160101.0800)","Message":"Image loaded:\r\nRuleName: -\r\nUtcTime: 2020-10-19 04:28:31.785\r\nProcessGuid: {39e4a257-0d41-5f8d-8704-000000000700}\r\nProcessId: 5524\r\nImage: C:\\Windows\\System32\\svchost.exe\r\nImageLoaded: C:\\Windows\\System32\\fveapi.dll\r\nFileVersion: 10.0.18362.1110 (WinBuild.160101.0800)\r\nDescription: Windows BitLocker Drive Encryption API\r\nProduct: Microsoft Windows Operating System\r\nCompany: Microsoft Corporation\r\nOriginalFileName: FVEAPI.DLL\r\nHashes: SHA1=353E5425587BEA68B8A1420CD9B916F878A43413,MD5=AE2E57628D688DC7826B92E8DE3AE8EE,SHA256=338C8B2DFAB2410A578C5C5D494BE97979EA9B7130D9D32B577A18D3B73C3941,IMPHASH=CCD74C8FF83DC6EF10FAFEAB77920F82\r\nSigned: true\r\nSignature: Microsoft Windows\r\nSignatureStatus: Valid","Hostname":"WORKSTATION5","ProcessId":"5524","Description":"Windows BitLocker Drive Encryption API","Company":"Microsoft Corporation","Signed":"true","OriginalFileName":"FVEAPI.DLL"}
{"TimeCreated":"2020-10-19 12:28:31.812","SourceName":"Microsoft-Windows-Sysmon","SignatureStatus":"Valid","Signature":"Microsoft Windows","Product":"Microsoft Windows Operating System","Hashes":"SHA1=353E5425587BEA68B8A1420CD9B916F878A43413,MD5=AE2E57628D688DC7826B92E8DE3AE8EE,SHA256=338C8B2DFAB2410A578C5C5D494BE97979EA9B7130D9D32B577A18D3B73C3941,IMPHASH=CCD74C8FF83DC6EF10FAFEAB77920F82","UtcTime":"2020-10-19 04:28:31.785","ProcessGuid":"{39e4a257-0d41-5f8d-8704-000000000700}","Image":"C:\\Windows\\System32\\svchost.exe","ImageLoaded":"C:\\Windows\\System32\\fveapi.dll","EventID":7,"Channel":"Microsoft-Windows-Sysmon/Operational","Task":"7","RuleName":"-","FileVersion":"10.0.18362.1110 (WinBuild.160101.0800)","Message":"Image loaded:\r\nRuleName: -\r\nUtcTime: 2020-10-19 04:28:31.785\r\nProcessGuid: {39e4a257-0d41-5f8d-8704-000000000700}\r\nProcessId: 5524\r\nImage: C:\\Windows\\System32\\svchost.exe\r\nImageLoaded: C:\\Windows\\System32\\fveapi.dll\r\nFileVersion: 10.0.18362.1110 (WinBuild.160101.0800)\r\nDescription: Windows BitLocker Drive Encryption API\r\nProduct: Microsoft Windows Operating System\r\nCompany: Microsoft Corporation\r\nOriginalFileName: FVEAPI.DLL\r\nHashes: SHA1=353E5425587BEA68B8A1420CD9B916F878A43413,MD5=AE2E57628D688DC7826B92E8DE3AE8EE,SHA256=338C8B2DFAB2410A578C5C5D494BE97979EA9B7130D9D32B577A18D3B73C3941,IMPHASH=CCD74C8FF83DC6EF10FAFEAB77920F82\r\nSigned: true\r\nSignature: Microsoft Windows\r\nSignatureStatus: Valid","Hostname":"WORKSTATION5","ProcessId":"5524","Description":"Windows BitLocker Drive Encryption API","Company":"Microsoft Corporation","Signed":"true","OriginalFileName":"FVEAPI.DLL"}
{"TimeCreated":"2020-10-19 12:28:31.811","SourceName":"Microsoft-Windows-Sysmon","SignatureStatus":"Valid","Signature":"Microsoft Windows","Product":"Microsoft Windows Operating System","Hashes":"SHA1=353E5425587BEA68B8A1420CD9B916F878A43413,MD5=AE2E57628D688DC7826B92E8DE3AE8EE,SHA256=338C8B2DFAB2410A578C5C5D494BE97979EA9B7130D9D32B577A18D3B73C3941,IMPHASH=CCD74C8FF83DC6EF10FAFEAB77920F82","UtcTime":"2020-10-19 04:28:31.785","ProcessGuid":"{39e4a257-0d41-5f8d-8704-000000000700}","Image":"C:\\Windows\\System32\\svchost.exe","ImageLoaded":"C:\\Windows\\System32\\fveapi.dll","EventID":7,"Channel":"Microsoft-Windows-Sysmon/Operational","Task":"7","RuleName":"-","FileVersion":"10.0.18362.1110 (WinBuild.160101.0800)","Message":"Image loaded:\r\nRuleName: -\r\nUtcTime: 2020-10-19 04:28:31.785\r\nProcessGuid: {39e4a257-0d41-5f8d-8704-000000000700}\r\nProcessId: 5524\r\nImage: C:\\Windows\\System32\\svchost.exe\r\nImageLoaded: C:\\Windows\\System32\\fveapi.dll\r\nFileVersion: 10.0.18362.1110 (WinBuild.160101.0800)\r\nDescription: Windows BitLocker Drive Encryption API\r\nProduct: Microsoft Windows Operating System\r\nCompany: Microsoft Corporation\r\nOriginalFileName: FVEAPI.DLL\r\nHashes: SHA1=353E5425587BEA68B8A1420CD9B916F878A43413,MD5=AE2E57628D688DC7826B92E8DE3AE8EE,SHA256=338C8B2DFAB2410A578C5C5D494BE97979EA9B7130D9D32B577A18D3B73C3941,IMPHASH=CCD74C8FF83DC6EF10FAFEAB77920F82\r\nSigned: true\r\nSignature: Microsoft Windows\r\nSignatureStatus: Valid","Hostname":"WORKSTATION5","ProcessId":"5524","Description":"Windows BitLocker Drive Encryption API","Company":"Microsoft Corporation","Signed":"true","OriginalFileName":"FVEAPI.DLL"}
{"TimeCreated":"2020-10-19 12:28:31.808","SourceName":"Microsoft-Windows-Sysmon","TargetFilename":"C:\\System Volume Information\\2{3808876b-c176-4e48-b7ae-04046e6cc752}","UtcTime":"2020-10-19 04:28:31.801","ProcessGuid":"{39e4a257-f121-5f8b-0100-000000000700}","Image":"System","CreationUtcTime":"2020-10-19 04:28:31.801","EventID":11,"Channel":"Microsoft-Windows-Sysmon/Operational","Task":"11","RuleName":"-","Message":"File created:\r\nRuleName: -\r\nUtcTime: 2020-10-19 04:28:31.801\r\nProcessGuid: {39e4a257-f121-5f8b-0100-000000000700}\r\nProcessId: 4\r\nImage: System\r\nTargetFilename: C:\\System Volume Information\\2{3808876b-c176-4e48-b7ae-04046e6cc752}\r\nCreationUtcTime: 2020-10-19 04:28:31.801","Hostname":"WORKSTATION5","ProcessId":"4"}
{"TimeCreated":"2020-10-19 12:28:31.804","SourceName":"Microsoft-Windows-Sysmon","UtcTime":"2020-10-19 04:28:31.801","ProcessGuid":"{39e4a257-f121-5f8b-0100-000000000700}","Image":"System","EventID":13,"Channel":"Microsoft-Windows-Sysmon/Operational","Task":"13","RuleName":"-","Message":"Registry value set:\r\nRuleName: -\r\nEventType: SetValue\r\nUtcTime: 2020-10-19 04:28:31.801\r\nProcessGuid: {39e4a257-f121-5f8b-0100-000000000700}\r\nProcessId: 4\r\nImage: System\r\nTargetObject: HKLM\\System\\CurrentControlSet\\Services\\VSS\\Diag\\VolSnap\\Volume{cae63231-0000-0000-0000-501f00000000}PrepareForSnapshot (Enter)\r\nDetails: Binary Data","Hostname":"WORKSTATION5","Details":"Binary Data","ProcessId":"4","EventType":"SetValue","TargetObject":"HKLM\\System\\CurrentControlSet\\Services\\VSS\\Diag\\VolSnap\\Volume{cae63231-0000-0000-0000-501f00000000}PrepareForSnapshot (Enter)"}
{"TimeCreated":"2020-10-19 12:28:31.804","SourceName":"Microsoft-Windows-Sysmon","UtcTime":"2020-10-19 04:28:31.801","ProcessGuid":"{39e4a257-f121-5f8b-0100-000000000700}","Image":"System","EventID":12,"Channel":"Microsoft-Windows-Sysmon/Operational","Task":"12","RuleName":"-","Message":"Registry object added or deleted:\r\nRuleName: -\r\nEventType: CreateKey\r\nUtcTime: 2020-10-19 04:28:31.801\r\nProcessGuid: {39e4a257-f121-5f8b-0100-000000000700}\r\nProcessId: 4\r\nImage: System\r\nTargetObject: HKLM\\System\\CurrentControlSet\\Services\\VSS\\Diag\\VolSnap","Hostname":"WORKSTATION5","ProcessId":"4","EventType":"CreateKey","TargetObject":"HKLM\\System\\CurrentControlSet\\Services\\VSS\\Diag\\VolSnap"}
{"TimeCreated":"2020-10-19 12:28:31.804","SourceName":"Microsoft-Windows-Sysmon","Device":"\\Device\\HarddiskVolume2","UtcTime":"2020-10-19 04:28:31.801","ProcessGuid":"{39e4a257-0d41-5f8d-8704-000000000700}","Image":"C:\\Windows\\System32\\svchost.exe","EventID":9,"Channel":"Microsoft-Windows-Sysmon/Operational","Task":"9","RuleName":"-","Message":"RawAccessRead detected:\r\nRuleName: -\r\nUtcTime: 2020-10-19 04:28:31.801\r\nProcessGuid: {39e4a257-0d41-5f8d-8704-000000000700}\r\nProcessId: 5524\r\nImage: C:\\Windows\\System32\\svchost.exe\r\nDevice: \\Device\\HarddiskVolume2","Hostname":"WORKSTATION5","ProcessId":"5524"}
{"TimeCreated":"2020-10-19 12:28:31.804","SourceName":"Microsoft-Windows-Sysmon","Device":"\\Device\\HarddiskVolume2","UtcTime":"2020-10-19 04:28:31.801","ProcessGuid":"{39e4a257-0d41-5f8d-8704-000000000700}","Image":"C:\\Windows\\System32\\svchost.exe","EventID":9,"Channel":"Microsoft-Windows-Sysmon/Operational","Task":"9","RuleName":"-","Message":"RawAccessRead detected:\r\nRuleName: -\r\nUtcTime: 2020-10-19 04:28:31.801\r\nProcessGuid: {39e4a257-0d41-5f8d-8704-000000000700}\r\nProcessId: 5524\r\nImage: C:\\Windows\\System32\\svchost.exe\r\nDevice: \\Device\\HarddiskVolume2","Hostname":"WORKSTATION5","ProcessId":"5524"}
{"TimeCreated":"2020-10-19 12:28:31.804","SourceName":"Microsoft-Windows-Sysmon","UtcTime":"2020-10-19 04:28:31.801","ProcessGuid":"{39e4a257-f121-5f8b-0100-000000000700}","Image":"System","EventID":13,"Channel":"Microsoft-Windows-Sysmon/Operational","Task":"13","RuleName":"-","Message":"Registry value set:\r\nRuleName: -\r\nEventType: SetValue\r\nUtcTime: 2020-10-19 04:28:31.801\r\nProcessGuid: {39e4a257-f121-5f8b-0100-000000000700}\r\nProcessId: 4\r\nImage: System\r\nTargetObject: HKLM\\System\\CurrentControlSet\\Services\\VSS\\Diag\\VolSnap\\Volume{cae63231-0000-0000-0000-501f00000000}DeleteProcess (Leave)\r\nDetails: Binary Data","Hostname":"WORKSTATION5","Details":"Binary Data","ProcessId":"4","EventType":"SetValue","TargetObject":"HKLM\\System\\CurrentControlSet\\Services\\VSS\\Diag\\VolSnap\\Volume{cae63231-0000-0000-0000-501f00000000}DeleteProcess (Leave)"}
{"TimeCreated":"2020-10-19 12:28:31.804","SourceName":"Microsoft-Windows-Sysmon","UtcTime":"2020-10-19 04:28:31.801","ProcessGuid":"{39e4a257-f121-5f8b-0100-000000000700}","Image":"System","EventID":12,"Channel":"Microsoft-Windows-Sysmon/Operational","Task":"12","RuleName":"-","Message":"Registry object added or deleted:\r\nRuleName: -\r\nEventType: CreateKey\r\nUtcTime: 2020-10-19 04:28:31.801\r\nProcessGuid: {39e4a257-f121-5f8b-0100-000000000700}\r\nProcessId: 4\r\nImage: System\r\nTargetObject: HKLM\\System\\CurrentControlSet\\Services\\VSS\\Diag\\VolSnap","Hostname":"WORKSTATION5","ProcessId":"4","EventType":"CreateKey","TargetObject":"HKLM\\System\\CurrentControlSet\\Services\\VSS\\Diag\\VolSnap"}
{"TimeCreated":"2020-10-19 12:28:31.803","SourceName":"Microsoft-Windows-Sysmon","UtcTime":"2020-10-19 04:28:31.801","ProcessGuid":"{39e4a257-f121-5f8b-0100-000000000700}","Image":"System","EventID":13,"Channel":"Microsoft-Windows-Sysmon/Operational","Task":"13","RuleName":"-","Message":"Registry value set:\r\nRuleName: -\r\nEventType: SetValue\r\nUtcTime: 2020-10-19 04:28:31.801\r\nProcessGuid: {39e4a257-f121-5f8b-0100-000000000700}\r\nProcessId: 4\r\nImage: System\r\nTargetObject: HKLM\\System\\CurrentControlSet\\Services\\VSS\\Diag\\VolSnap\\Volume{cae63231-0000-0000-0000-501f00000000}DeleteProcess (Enter)\r\nDetails: Binary Data","Hostname":"WORKSTATION5","Details":"Binary Data","ProcessId":"4","EventType":"SetValue","TargetObject":"HKLM\\System\\CurrentControlSet\\Services\\VSS\\Diag\\VolSnap\\Volume{cae63231-0000-0000-0000-501f00000000}DeleteProcess (Enter)"}
{"TimeCreated":"2020-10-19 12:28:31.803","SourceName":"Microsoft-Windows-Sysmon","Device":"\\Device\\HarddiskVolume2","UtcTime":"2020-10-19 04:28:31.801","ProcessGuid":"{39e4a257-0d41-5f8d-8704-000000000700}","Image":"C:\\Windows\\System32\\svchost.exe","EventID":9,"Channel":"Microsoft-Windows-Sysmon/Operational","Task":"9","RuleName":"-","Message":"RawAccessRead detected:\r\nRuleName: -\r\nUtcTime: 2020-10-19 04:28:31.801\r\nProcessGuid: {39e4a257-0d41-5f8d-8704-000000000700}\r\nProcessId: 5524\r\nImage: C:\\Windows\\System32\\svchost.exe\r\nDevice: \\Device\\HarddiskVolume2","Hostname":"WORKSTATION5","ProcessId":"5524"}
{"TimeCreated":"2020-10-19 12:28:31.803","SourceName":"Microsoft-Windows-Sysmon","UtcTime":"2020-10-19 04:28:31.801","ProcessGuid":"{39e4a257-f121-5f8b-0100-000000000700}","Image":"System","EventID":12,"Channel":"Microsoft-Windows-Sysmon/Operational","Task":"12","RuleName":"-","Message":"Registry object added or deleted:\r\nRuleName: -\r\nEventType: CreateKey\r\nUtcTime: 2020-10-19 04:28:31.801\r\nProcessGuid: {39e4a257-f121-5f8b-0100-000000000700}\r\nProcessId: 4\r\nImage: System\r\nTargetObject: HKLM\\System\\CurrentControlSet\\Services\\VSS\\Diag\\VolSnap","Hostname":"WORKSTATION5","ProcessId":"4","EventType":"CreateKey","TargetObject":"HKLM\\System\\CurrentControlSet\\Services\\VSS\\Diag\\VolSnap"}
{"TimeCreated":"2020-10-19 12:28:31.801","SourceName":"Microsoft-Windows-Sysmon","Device":"\\Device\\HarddiskVolume2","UtcTime":"2020-10-19 04:28:31.785","ProcessGuid":"{39e4a257-0d41-5f8d-8704-000000000700}","Image":"C:\\Windows\\System32\\svchost.exe","EventID":9,"Channel":"Microsoft-Windows-Sysmon/Operational","Task":"9","RuleName":"-","Message":"RawAccessRead detected:\r\nRuleName: -\r\nUtcTime: 2020-10-19 04:28:31.785\r\nProcessGuid: {39e4a257-0d41-5f8d-8704-000000000700}\r\nProcessId: 5524\r\nImage: C:\\Windows\\System32\\svchost.exe\r\nDevice: \\Device\\HarddiskVolume2","Hostname":"WORKSTATION5","ProcessId":"5524"}
{"TimeCreated":"2020-10-19 12:28:31.801","SourceName":"Microsoft-Windows-Sysmon","Device":"\\Device\\HarddiskVolume2","UtcTime":"2020-10-19 04:28:31.785","ProcessGuid":"{39e4a257-0d41-5f8d-8704-000000000700}","Image":"C:\\Windows\\System32\\svchost.exe","EventID":9,"Channel":"Microsoft-Windows-Sysmon/Operational","Task":"9","RuleName":"-","Message":"RawAccessRead detected:\r\nRuleName: -\r\nUtcTime: 2020-10-19 04:28:31.785\r\nProcessGuid: {39e4a257-0d41-5f8d-8704-000000000700}\r\nProcessId: 5524\r\nImage: C:\\Windows\\System32\\svchost.exe\r\nDevice: \\Device\\HarddiskVolume2","Hostname":"WORKSTATION5","ProcessId":"5524"}
{"TimeCreated":"2020-10-19 12:28:31.801","SourceName":"Microsoft-Windows-Sysmon","Device":"\\Device\\HarddiskVolume2","UtcTime":"2020-10-19 04:28:31.785","ProcessGuid":"{39e4a257-0d41-5f8d-8704-000000000700}","Image":"C:\\Windows\\System32\\svchost.exe","EventID":9,"Channel":"Microsoft-Windows-Sysmon/Operational","Task":"9","RuleName":"-","Message":"RawAccessRead detected:\r\nRuleName: -\r\nUtcTime: 2020-10-19 04:28:31.785\r\nProcessGuid: {39e4a257-0d41-5f8d-8704-000000000700}\r\nProcessId: 5524\r\nImage: C:\\Windows\\System32\\svchost.exe\r\nDevice: \\Device\\HarddiskVolume2","Hostname":"WORKSTATION5","ProcessId":"5524"}
{"TimeCreated":"2020-10-19 12:28:31.801","SourceName":"Microsoft-Windows-Sysmon","Device":"\\Device\\HarddiskVolume2","UtcTime":"2020-10-19 04:28:31.785","ProcessGuid":"{39e4a257-0d41-5f8d-8704-000000000700}","Image":"C:\\Windows\\System32\\svchost.exe","EventID":9,"Channel":"Microsoft-Windows-Sysmon/Operational","Task":"9","RuleName":"-","Message":"RawAccessRead detected:\r\nRuleName: -\r\nUtcTime: 2020-10-19 04:28:31.785\r\nProcessGuid: {39e4a257-0d41-5f8d-8704-000000000700}\r\nProcessId: 5524\r\nImage: C:\\Windows\\System32\\svchost.exe\r\nDevice: \\Device\\HarddiskVolume2","Hostname":"WORKSTATION5","ProcessId":"5524"}
