{"GrantedAccess":"0x1000","@timestamp":"2020-10-23T02:36:51.391Z","TimeCreated":"2020-10-23T02:36:51.391Z","SourceThreadId":"1060","SourceImage":"C:\\windows\\system32\\svchost.exe","ProviderGuid":"{5770385f-c22a-43e0-bf4c-06f5698ffbd9}","CallTrace":"C:\\windows\\SYSTEM32\\ntdll.dll+9c584|C:\\windows\\SYSTEM32\\psmserviceexthost.dll+222a3|C:\\windows\\SYSTEM32\\psmserviceexthost.dll+37ea0|C:\\windows\\SYSTEM32\\psmserviceexthost.dll+37929|C:\\windows\\SYSTEM32\\psmserviceexthost.dll+686f8|C:\\windows\\SYSTEM32\\psmserviceexthost.dll+6e84a|C:\\windows\\SYSTEM32\\psmserviceexthost.dll+6f700|C:\\windows\\SYSTEM32\\psmserviceexthost.dll+34be4|C:\\windows\\SYSTEM32\\psmserviceexthost.dll+6f63e|C:\\windows\\SYSTEM32\\psmserviceexthost.dll+713b5|C:\\windows\\SYSTEM32\\psmserviceexthost.dll+50bda|C:\\windows\\SYSTEM32\\psmserviceexthost.dll+4500a|C:\\windows\\System32\\KERNEL32.DLL+17c24|C:\\windows\\SYSTEM32\\ntdll.dll+6cea1","UtcTime":"2020-10-23 06:36:51.389","TargetProcessGUID":"{39e4a257-f247-5f8b-d300-000000000700}","SourceProcessId":"944","Level":"4","Channel":"Microsoft-Windows-Sysmon/Operational","Task":"10","RuleName":"-","SourceName":"Microsoft-Windows-Sysmon","Hostname":"WORKSTATION5","SourceProcessGUID":"{39e4a257-f132-5f8b-1000-000000000700}","TargetProcessId":"4368","EventID":10,"Keywords":"0x8000000000000000","TargetImage":"C:\\Windows\\SystemApps\\InputApp_cw5n1h2txyewy\\WindowsInternal.ComposableShell.Experiences.TextInput.InputApp.exe","Message":"Process accessed:\r\nRuleName: -\r\nUtcTime: 2020-10-23 06:36:51.389\r\nSourceProcessGUID: {39e4a257-f132-5f8b-1000-000000000700}\r\nSourceProcessId: 944\r\nSourceThreadId: 1060\r\nSourceImage: C:\\windows\\system32\\svchost.exe\r\nTargetProcessGUID: {39e4a257-f247-5f8b-d300-000000000700}\r\nTargetProcessId: 4368\r\nTargetImage: C:\\Windows\\SystemApps\\InputApp_cw5n1h2txyewy\\WindowsInternal.ComposableShell.Experiences.TextInput.InputApp.exe\r\nGrantedAccess: 0x1000\r\nCallTrace: C:\\windows\\SYSTEM32\\ntdll.dll+9c584|C:\\windows\\SYSTEM32\\psmserviceexthost.dll+222a3|C:\\windows\\SYSTEM32\\psmserviceexthost.dll+37ea0|C:\\windows\\SYSTEM32\\psmserviceexthost.dll+37929|C:\\windows\\SYSTEM32\\psmserviceexthost.dll+686f8|C:\\windows\\SYSTEM32\\psmserviceexthost.dll+6e84a|C:\\windows\\SYSTEM32\\psmserviceexthost.dll+6f700|C:\\windows\\SYSTEM32\\psmserviceexthost.dll+34be4|C:\\windows\\SYSTEM32\\psmserviceexthost.dll+6f63e|C:\\windows\\SYSTEM32\\psmserviceexthost.dll+713b5|C:\\windows\\SYSTEM32\\psmserviceexthost.dll+50bda|C:\\windows\\SYSTEM32\\psmserviceexthost.dll+4500a|C:\\windows\\System32\\KERNEL32.DLL+17c24|C:\\windows\\SYSTEM32\\ntdll.dll+6cea1"}
{"GrantedAccess":"0x1000","@timestamp":"2020-10-23T02:36:51.391Z","TimeCreated":"2020-10-23T02:36:51.391Z","SourceThreadId":"1060","SourceImage":"C:\\windows\\system32\\svchost.exe","ProviderGuid":"{5770385f-c22a-43e0-bf4c-06f5698ffbd9}","CallTrace":"C:\\windows\\SYSTEM32\\ntdll.dll+9c584|C:\\windows\\SYSTEM32\\psmserviceexthost.dll+222a3|C:\\windows\\SYSTEM32\\psmserviceexthost.dll+37ea0|C:\\windows\\SYSTEM32\\psmserviceexthost.dll+37929|C:\\windows\\SYSTEM32\\psmserviceexthost.dll+686f8|C:\\windows\\SYSTEM32\\psmserviceexthost.dll+6e84a|C:\\windows\\SYSTEM32\\psmserviceexthost.dll+6f700|C:\\windows\\SYSTEM32\\psmserviceexthost.dll+34be4|C:\\windows\\SYSTEM32\\psmserviceexthost.dll+6f63e|C:\\windows\\SYSTEM32\\psmserviceexthost.dll+713b5|C:\\windows\\SYSTEM32\\psmserviceexthost.dll+50bda|C:\\windows\\SYSTEM32\\psmserviceexthost.dll+4500a|C:\\windows\\System32\\KERNEL32.DLL+17c24|C:\\windows\\SYSTEM32\\ntdll.dll+6cea1","UtcTime":"2020-10-23 06:36:51.389","TargetProcessGUID":"{39e4a257-79ef-5f92-7017-000000000700}","SourceProcessId":"944","Level":"4","Channel":"Microsoft-Windows-Sysmon/Operational","Task":"10","RuleName":"-","SourceName":"Microsoft-Windows-Sysmon","Hostname":"WORKSTATION5","SourceProcessGUID":"{39e4a257-f132-5f8b-1000-000000000700}","TargetProcessId":"1408","EventID":10,"Keywords":"0x8000000000000000","TargetImage":"C:\\windows\\system32\\backgroundTaskHost.exe","Message":"Process accessed:\r\nRuleName: -\r\nUtcTime: 2020-10-23 06:36:51.389\r\nSourceProcessGUID: {39e4a257-f132-5f8b-1000-000000000700}\r\nSourceProcessId: 944\r\nSourceThreadId: 1060\r\nSourceImage: C:\\windows\\system32\\svchost.exe\r\nTargetProcessGUID: {39e4a257-79ef-5f92-7017-000000000700}\r\nTargetProcessId: 1408\r\nTargetImage: C:\\windows\\system32\\backgroundTaskHost.exe\r\nGrantedAccess: 0x1000\r\nCallTrace: C:\\windows\\SYSTEM32\\ntdll.dll+9c584|C:\\windows\\SYSTEM32\\psmserviceexthost.dll+222a3|C:\\windows\\SYSTEM32\\psmserviceexthost.dll+37ea0|C:\\windows\\SYSTEM32\\psmserviceexthost.dll+37929|C:\\windows\\SYSTEM32\\psmserviceexthost.dll+686f8|C:\\windows\\SYSTEM32\\psmserviceexthost.dll+6e84a|C:\\windows\\SYSTEM32\\psmserviceexthost.dll+6f700|C:\\windows\\SYSTEM32\\psmserviceexthost.dll+34be4|C:\\windows\\SYSTEM32\\psmserviceexthost.dll+6f63e|C:\\windows\\SYSTEM32\\psmserviceexthost.dll+713b5|C:\\windows\\SYSTEM32\\psmserviceexthost.dll+50bda|C:\\windows\\SYSTEM32\\psmserviceexthost.dll+4500a|C:\\windows\\System32\\KERNEL32.DLL+17c24|C:\\windows\\SYSTEM32\\ntdll.dll+6cea1"}
{"@timestamp":"2020-10-23T02:36:51.765Z","TimeCreated":"2020-10-23T02:36:51.765Z","ProviderGuid":"{5770385f-c22a-43e0-bf4c-06f5698ffbd9}","UtcTime":"2020-10-23 06:36:51.765","ProcessGuid":"{39e4a257-f1b3-5f8b-a700-000000000700}","Image":"C:\\windows\\Explorer.EXE","Level":"4","Channel":"Microsoft-Windows-Sysmon/Operational","Task":"13","RuleName":"-","SourceName":"Microsoft-Windows-Sysmon","Hostname":"WORKSTATION5","Details":"Binary Data","ProcessId":"1072","EventType":"SetValue","EventID":13,"Keywords":"0x8000000000000000","TargetObject":"HKU\\S-1-5-21-3940915590-64593676-1414006259-500\\Software\\Microsoft\\Windows\\CurrentVersion\\Explorer\\UserAssist\\{CEBFF5CD-ACE2-4F4F-9178-9926F41749EA}\\Count\\{1NP14R77-02R7-4R5Q-O744-2RO1NR5198O7}\\JvaqbjfCbjreFuryy\\i1.0\\cbjrefuryy.rkr","Message":"Registry value set:\r\nRuleName: -\r\nEventType: SetValue\r\nUtcTime: 2020-10-23 06:36:51.765\r\nProcessGuid: {39e4a257-f1b3-5f8b-a700-000000000700}\r\nProcessId: 1072\r\nImage: C:\\windows\\Explorer.EXE\r\nTargetObject: HKU\\S-1-5-21-3940915590-64593676-1414006259-500\\Software\\Microsoft\\Windows\\CurrentVersion\\Explorer\\UserAssist\\{CEBFF5CD-ACE2-4F4F-9178-9926F41749EA}\\Count\\{1NP14R77-02R7-4R5Q-O744-2RO1NR5198O7}\\JvaqbjfCbjreFuryy\\i1.0\\cbjrefuryy.rkr\r\nDetails: Binary Data"}
{"@timestamp":"2020-10-23T02:36:51.765Z","TimeCreated":"2020-10-23T02:36:51.765Z","ProviderGuid":"{5770385f-c22a-43e0-bf4c-06f5698ffbd9}","UtcTime":"2020-10-23 06:36:51.765","ProcessGuid":"{39e4a257-f1b3-5f8b-a700-000000000700}","Image":"C:\\windows\\Explorer.EXE","Level":"4","Channel":"Microsoft-Windows-Sysmon/Operational","Task":"13","RuleName":"-","SourceName":"Microsoft-Windows-Sysmon","Hostname":"WORKSTATION5","Details":"Binary Data","ProcessId":"1072","EventType":"SetValue","EventID":13,"Keywords":"0x8000000000000000","TargetObject":"HKU\\S-1-5-21-3940915590-64593676-1414006259-500\\Software\\Microsoft\\Windows\\CurrentVersion\\Explorer\\UserAssist\\{CEBFF5CD-ACE2-4F4F-9178-9926F41749EA}\\Count\\HRZR_PGYFRFFVBA","Message":"Registry value set:\r\nRuleName: -\r\nEventType: SetValue\r\nUtcTime: 2020-10-23 06:36:51.765\r\nProcessGuid: {39e4a257-f1b3-5f8b-a700-000000000700}\r\nProcessId: 1072\r\nImage: C:\\windows\\Explorer.EXE\r\nTargetObject: HKU\\S-1-5-21-3940915590-64593676-1414006259-500\\Software\\Microsoft\\Windows\\CurrentVersion\\Explorer\\UserAssist\\{CEBFF5CD-ACE2-4F4F-9178-9926F41749EA}\\Count\\HRZR_PGYFRFFVBA\r\nDetails: Binary Data"}
{"Message":"The System log file was cleared.","EventID":104,"SourceName":"Microsoft-Windows-Eventlog","TimeCreated":"2020-10-23T02:36:40.718Z","Hostname":"WORKSTATION5","Task":"104","Level":"4","Keywords":"0x8000000000000000","Channel":"System","ProviderGuid":"{fc65ddd8-d6ef-4962-83d5-6e5cfe9ce148}","@timestamp":"2020-10-23T02:36:40.718Z"}
{"Message":"The Application log file was cleared.","EventID":104,"SourceName":"Microsoft-Windows-Eventlog","TimeCreated":"2020-10-23T02:36:40.733Z","Hostname":"WORKSTATION5","Task":"104","Level":"4","Keywords":"0x8000000000000000","Channel":"System","ProviderGuid":"{fc65ddd8-d6ef-4962-83d5-6e5cfe9ce148}","@timestamp":"2020-10-23T02:36:40.733Z"}
{"@timestamp":"2020-10-23T02:36:43.749Z","TimeCreated":"2020-10-23T02:36:43.749Z","param2":"demand start","param4":"BITS","ProviderGuid":"{555908d1-a6d7-4695-8e1e-26931d2012f4}","param1":"Background Intelligent Transfer Service","param3":"auto start","Level":"4","Channel":"System","Task":"0","SourceName":"Service Control Manager","Hostname":"WORKSTATION5","EventID":7040,"Keywords":"0x8080000000000000","Message":"The start type of the Background Intelligent Transfer Service service was changed from demand start to auto start."}
