{"SourceImage":"C:\\windows\\system32\\vssvc.exe","TimeCreated":"2020-10-19 12:28:35.974","GrantedAccess":"0x1000","SourceName":"Microsoft-Windows-Sysmon","SourceThreadId":"3364","CallTrace":"C:\\windows\\SYSTEM32\\ntdll.dll+9c584|C:\\windows\\System32\\KERNELBASE.dll+305fe|C:\\windows\\system32\\vssvc.exe+c3856|C:\\windows\\system32\\vssvc.exe+5a4d0|C:\\windows\\system32\\vssvc.exe+577e0|C:\\windows\\system32\\vssvc.exe+4566d|C:\\windows\\system32\\vssvc.exe+4655c|C:\\windows\\system32\\vssvc.exe+44ebd|C:\\windows\\System32\\combase.dll+88d22|C:\\windows\\System32\\combase.dll+88b34|C:\\windows\\System32\\combase.dll+4f0be|C:\\windows\\System32\\combase.dll+4eb42|C:\\windows\\System32\\combase.dll+1560f|C:\\windows\\System32\\combase.dll+d13a0|C:\\windows\\system32\\vssvc.exe+46177|C:\\windows\\system32\\vssvc.exe+474d5|C:\\windows\\system32\\vssvc.exe+479e9|C:\\windows\\System32\\msvcrt.dll+3b04a|C:\\windows\\System32\\msvcrt.dll+3b11c|C:\\windows\\System32\\KERNEL32.DLL+17c24|C:\\windows\\SYSTEM32\\ntdll.dll+6cea1","UtcTime":"2020-10-19 04:28:35.959","TargetProcessGUID":"{39e4a257-15ef-5f8d-e704-000000000700}","SourceProcessId":"2332","EventID":10,"Channel":"Microsoft-Windows-Sysmon/Operational","Task":"10","RuleName":"-","Message":"Process accessed:\r\nRuleName: -\r\nUtcTime: 2020-10-19 04:28:35.959\r\nSourceProcessGUID: {39e4a257-f136-5f8b-3800-000000000700}\r\nSourceProcessId: 2332\r\nSourceThreadId: 3364\r\nSourceImage: C:\\windows\\system32\\vssvc.exe\r\nTargetProcessGUID: {39e4a257-15ef-5f8d-e704-000000000700}\r\nTargetProcessId: 5136\r\nTargetImage: C:\\windows\\system32\\esentutl.exe\r\nGrantedAccess: 0x1000\r\nCallTrace: C:\\windows\\SYSTEM32\\ntdll.dll+9c584|C:\\windows\\System32\\KERNELBASE.dll+305fe|C:\\windows\\system32\\vssvc.exe+c3856|C:\\windows\\system32\\vssvc.exe+5a4d0|C:\\windows\\system32\\vssvc.exe+577e0|C:\\windows\\system32\\vssvc.exe+4566d|C:\\windows\\system32\\vssvc.exe+4655c|C:\\windows\\system32\\vssvc.exe+44ebd|C:\\windows\\System32\\combase.dll+88d22|C:\\windows\\System32\\combase.dll+88b34|C:\\windows\\System32\\combase.dll+4f0be|C:\\windows\\System32\\combase.dll+4eb42|C:\\windows\\System32\\combase.dll+1560f|C:\\windows\\System32\\combase.dll+d13a0|C:\\windows\\system32\\vssvc.exe+46177|C:\\windows\\system32\\vssvc.exe+474d5|C:\\windows\\system32\\vssvc.exe+479e9|C:\\windows\\System32\\msvcrt.dll+3b04a|C:\\windows\\System32\\msvcrt.dll+3b11c|C:\\windows\\System32\\KERNEL32.DLL+17c24|C:\\windows\\SYSTEM32\\ntdll.dll+6cea1","Hostname":"WORKSTATION5","TargetProcessId":"5136","TargetImage":"C:\\windows\\system32\\esentutl.exe","SourceProcessGUID":"{39e4a257-f136-5f8b-3800-000000000700}"}
{"TimeCreated":"2020-10-19 12:28:35.974","SourceName":"Microsoft-Windows-Sysmon","Device":"\\Device\\HarddiskVolume2","UtcTime":"2020-10-19 04:28:35.959","ProcessGuid":"{39e4a257-0d41-5f8d-8704-000000000700}","Image":"C:\\Windows\\System32\\svchost.exe","EventID":9,"Channel":"Microsoft-Windows-Sysmon/Operational","Task":"9","RuleName":"-","Message":"RawAccessRead detected:\r\nRuleName: -\r\nUtcTime: 2020-10-19 04:28:35.959\r\nProcessGuid: {39e4a257-0d41-5f8d-8704-000000000700}\r\nProcessId: 5524\r\nImage: C:\\Windows\\System32\\svchost.exe\r\nDevice: \\Device\\HarddiskVolume2","Hostname":"WORKSTATION5","ProcessId":"5524"}
{"TimeCreated":"2020-10-19 12:28:35.974","SourceName":"Microsoft-Windows-Sysmon","Device":"\\Device\\HarddiskVolume3","UtcTime":"2020-10-19 04:28:35.959","ProcessGuid":"{39e4a257-0d41-5f8d-8704-000000000700}","Image":"C:\\Windows\\System32\\svchost.exe","EventID":9,"Channel":"Microsoft-Windows-Sysmon/Operational","Task":"9","RuleName":"-","Message":"RawAccessRead detected:\r\nRuleName: -\r\nUtcTime: 2020-10-19 04:28:35.959\r\nProcessGuid: {39e4a257-0d41-5f8d-8704-000000000700}\r\nProcessId: 5524\r\nImage: C:\\Windows\\System32\\svchost.exe\r\nDevice: \\Device\\HarddiskVolume3","Hostname":"WORKSTATION5","ProcessId":"5524"}
{"TimeCreated":"2020-10-19 12:28:35.974","SourceName":"Microsoft-Windows-Sysmon","Device":"\\Device\\HarddiskVolume1","UtcTime":"2020-10-19 04:28:35.959","ProcessGuid":"{39e4a257-0d41-5f8d-8704-000000000700}","Image":"C:\\Windows\\System32\\svchost.exe","EventID":9,"Channel":"Microsoft-Windows-Sysmon/Operational","Task":"9","RuleName":"-","Message":"RawAccessRead detected:\r\nRuleName: -\r\nUtcTime: 2020-10-19 04:28:35.959\r\nProcessGuid: {39e4a257-0d41-5f8d-8704-000000000700}\r\nProcessId: 5524\r\nImage: C:\\Windows\\System32\\svchost.exe\r\nDevice: \\Device\\HarddiskVolume1","Hostname":"WORKSTATION5","ProcessId":"5524"}
{"TimeCreated":"2020-10-19 12:28:35.972","SourceName":"Microsoft-Windows-Sysmon","UtcTime":"2020-10-19 04:28:35.959","ProcessGuid":"{39e4a257-f136-5f8b-3800-000000000700}","Image":"C:\\windows\\system32\\vssvc.exe","EventID":13,"Channel":"Microsoft-Windows-Sysmon/Operational","Task":"13","RuleName":"-","Message":"Registry value set:\r\nRuleName: -\r\nEventType: SetValue\r\nUtcTime: 2020-10-19 04:28:35.959\r\nProcessGuid: {39e4a257-f136-5f8b-3800-000000000700}\r\nProcessId: 2332\r\nImage: C:\\windows\\system32\\vssvc.exe\r\nTargetObject: HKLM\\System\\CurrentControlSet\\Services\\VSS\\Diag\\SwProvider_{b5946137-7b9f-4925-af80-51abd60b20d5}\\PROVIDER_POSTFINALCOMMIT (Leave)\r\nDetails: Binary Data","Hostname":"WORKSTATION5","Details":"Binary Data","ProcessId":"2332","EventType":"SetValue","TargetObject":"HKLM\\System\\CurrentControlSet\\Services\\VSS\\Diag\\SwProvider_{b5946137-7b9f-4925-af80-51abd60b20d5}\\PROVIDER_POSTFINALCOMMIT (Leave)"}
{"TimeCreated":"2020-10-19 12:28:35.972","SourceName":"Microsoft-Windows-Sysmon","UtcTime":"2020-10-19 04:28:35.959","ProcessGuid":"{39e4a257-f121-5f8b-0100-000000000700}","Image":"System","EventID":13,"Channel":"Microsoft-Windows-Sysmon/Operational","Task":"13","RuleName":"-","Message":"Registry value set:\r\nRuleName: -\r\nEventType: SetValue\r\nUtcTime: 2020-10-19 04:28:35.959\r\nProcessGuid: {39e4a257-f121-5f8b-0100-000000000700}\r\nProcessId: 4\r\nImage: System\r\nTargetObject: HKLM\\System\\CurrentControlSet\\Services\\VSS\\Diag\\VolSnap\\Volume{cae63231-0000-0000-0000-501f00000000}AdjustBitmap (Enter)\r\nDetails: Binary Data","Hostname":"WORKSTATION5","Details":"Binary Data","ProcessId":"4","EventType":"SetValue","TargetObject":"HKLM\\System\\CurrentControlSet\\Services\\VSS\\Diag\\VolSnap\\Volume{cae63231-0000-0000-0000-501f00000000}AdjustBitmap (Enter)"}
{"TimeCreated":"2020-10-19 12:28:35.972","SourceName":"Microsoft-Windows-Sysmon","UtcTime":"2020-10-19 04:28:35.959","ProcessGuid":"{39e4a257-f121-5f8b-0100-000000000700}","Image":"System","EventID":12,"Channel":"Microsoft-Windows-Sysmon/Operational","Task":"12","RuleName":"-","Message":"Registry object added or deleted:\r\nRuleName: -\r\nEventType: CreateKey\r\nUtcTime: 2020-10-19 04:28:35.959\r\nProcessGuid: {39e4a257-f121-5f8b-0100-000000000700}\r\nProcessId: 4\r\nImage: System\r\nTargetObject: HKLM\\System\\CurrentControlSet\\Services\\VSS\\Diag\\VolSnap","Hostname":"WORKSTATION5","ProcessId":"4","EventType":"CreateKey","TargetObject":"HKLM\\System\\CurrentControlSet\\Services\\VSS\\Diag\\VolSnap"}
{"TimeCreated":"2020-10-19 12:28:35.727","SourceName":"Microsoft-Windows-Sysmon","UtcTime":"2020-10-19 04:28:35.724","ProcessGuid":"{39e4a257-f136-5f8b-3800-000000000700}","Image":"C:\\windows\\system32\\vssvc.exe","EventID":13,"Channel":"Microsoft-Windows-Sysmon/Operational","Task":"13","RuleName":"-","Message":"Registry value set:\r\nRuleName: -\r\nEventType: SetValue\r\nUtcTime: 2020-10-19 04:28:35.724\r\nProcessGuid: {39e4a257-f136-5f8b-3800-000000000700}\r\nProcessId: 2332\r\nImage: C:\\windows\\system32\\vssvc.exe\r\nTargetObject: HKLM\\System\\CurrentControlSet\\Services\\VSS\\Diag\\SwProvider_{b5946137-7b9f-4925-af80-51abd60b20d5}\\PROVIDER_POSTFINALCOMMIT (Enter)\r\nDetails: Binary Data","Hostname":"WORKSTATION5","Details":"Binary Data","ProcessId":"2332","EventType":"SetValue","TargetObject":"HKLM\\System\\CurrentControlSet\\Services\\VSS\\Diag\\SwProvider_{b5946137-7b9f-4925-af80-51abd60b20d5}\\PROVIDER_POSTFINALCOMMIT (Enter)"}
{"TimeCreated":"2020-10-19 12:28:35.727","SourceName":"Microsoft-Windows-Sysmon","Device":"\\Device\\HarddiskVolume2","UtcTime":"2020-10-19 04:28:35.724","ProcessGuid":"{39e4a257-0d41-5f8d-8704-000000000700}","Image":"C:\\Windows\\System32\\svchost.exe","EventID":9,"Channel":"Microsoft-Windows-Sysmon/Operational","Task":"9","RuleName":"-","Message":"RawAccessRead detected:\r\nRuleName: -\r\nUtcTime: 2020-10-19 04:28:35.724\r\nProcessGuid: {39e4a257-0d41-5f8d-8704-000000000700}\r\nProcessId: 5524\r\nImage: C:\\Windows\\System32\\svchost.exe\r\nDevice: \\Device\\HarddiskVolume2","Hostname":"WORKSTATION5","ProcessId":"5524"}
{"TimeCreated":"2020-10-19 12:28:35.727","SourceName":"Microsoft-Windows-Sysmon","Device":"\\Device\\HarddiskVolume3","UtcTime":"2020-10-19 04:28:35.724","ProcessGuid":"{39e4a257-0d41-5f8d-8704-000000000700}","Image":"C:\\Windows\\System32\\svchost.exe","EventID":9,"Channel":"Microsoft-Windows-Sysmon/Operational","Task":"9","RuleName":"-","Message":"RawAccessRead detected:\r\nRuleName: -\r\nUtcTime: 2020-10-19 04:28:35.724\r\nProcessGuid: {39e4a257-0d41-5f8d-8704-000000000700}\r\nProcessId: 5524\r\nImage: C:\\Windows\\System32\\svchost.exe\r\nDevice: \\Device\\HarddiskVolume3","Hostname":"WORKSTATION5","ProcessId":"5524"}
{"TimeCreated":"2020-10-19 12:28:35.727","SourceName":"Microsoft-Windows-Sysmon","Device":"\\Device\\HarddiskVolume1","UtcTime":"2020-10-19 04:28:35.724","ProcessGuid":"{39e4a257-0d41-5f8d-8704-000000000700}","Image":"C:\\Windows\\System32\\svchost.exe","EventID":9,"Channel":"Microsoft-Windows-Sysmon/Operational","Task":"9","RuleName":"-","Message":"RawAccessRead detected:\r\nRuleName: -\r\nUtcTime: 2020-10-19 04:28:35.724\r\nProcessGuid: {39e4a257-0d41-5f8d-8704-000000000700}\r\nProcessId: 5524\r\nImage: C:\\Windows\\System32\\svchost.exe\r\nDevice: \\Device\\HarddiskVolume1","Hostname":"WORKSTATION5","ProcessId":"5524"}
{"TimeCreated":"2020-10-19 12:28:35.726","SourceName":"Microsoft-Windows-Sysmon","UtcTime":"2020-10-19 04:28:35.724","ProcessGuid":"{39e4a257-f136-5f8b-3800-000000000700}","Image":"C:\\windows\\system32\\vssvc.exe","EventID":13,"Channel":"Microsoft-Windows-Sysmon/Operational","Task":"13","RuleName":"-","Message":"Registry value set:\r\nRuleName: -\r\nEventType: SetValue\r\nUtcTime: 2020-10-19 04:28:35.724\r\nProcessGuid: {39e4a257-f136-5f8b-3800-000000000700}\r\nProcessId: 2332\r\nImage: C:\\windows\\system32\\vssvc.exe\r\nTargetObject: HKLM\\System\\CurrentControlSet\\Services\\VSS\\Diag\\VssvcPublisher\\POSTSNAPSHOT (Leave)\r\nDetails: Binary Data","Hostname":"WORKSTATION5","Details":"Binary Data","ProcessId":"2332","EventType":"SetValue","TargetObject":"HKLM\\System\\CurrentControlSet\\Services\\VSS\\Diag\\VssvcPublisher\\POSTSNAPSHOT (Leave)"}
{"TimeCreated":"2020-10-19 12:28:35.726","SourceName":"Microsoft-Windows-Sysmon","UtcTime":"2020-10-19 04:28:35.724","ProcessGuid":"{39e4a257-f1b9-5f8b-b300-000000000700}","Image":"C:\\windows\\system32\\SearchIndexer.exe","EventID":13,"Channel":"Microsoft-Windows-Sysmon/Operational","Task":"13","RuleName":"-","Message":"Registry value set:\r\nRuleName: -\r\nEventType: SetValue\r\nUtcTime: 2020-10-19 04:28:35.724\r\nProcessGuid: {39e4a257-f1b9-5f8b-b300-000000000700}\r\nProcessId: 6624\r\nImage: C:\\windows\\system32\\SearchIndexer.exe\r\nTargetObject: HKLM\\System\\CurrentControlSet\\Services\\VSS\\Diag\\MSSearch Service Writer\\VSS_WS_WAITING_FOR_BACKUP_COMPLETE (SetCurrentState)\r\nDetails: Binary Data","Hostname":"WORKSTATION5","Details":"Binary Data","ProcessId":"6624","EventType":"SetValue","TargetObject":"HKLM\\System\\CurrentControlSet\\Services\\VSS\\Diag\\MSSearch Service Writer\\VSS_WS_WAITING_FOR_BACKUP_COMPLETE (SetCurrentState)"}
{"TimeCreated":"2020-10-19 12:28:35.726","SourceName":"Microsoft-Windows-Sysmon","UtcTime":"2020-10-19 04:28:35.724","ProcessGuid":"{39e4a257-f1b9-5f8b-b300-000000000700}","Image":"C:\\windows\\system32\\SearchIndexer.exe","EventID":13,"Channel":"Microsoft-Windows-Sysmon/Operational","Task":"13","RuleName":"-","Message":"Registry value set:\r\nRuleName: -\r\nEventType: SetValue\r\nUtcTime: 2020-10-19 04:28:35.724\r\nProcessGuid: {39e4a257-f1b9-5f8b-b300-000000000700}\r\nProcessId: 6624\r\nImage: C:\\windows\\system32\\SearchIndexer.exe\r\nTargetObject: HKLM\\System\\CurrentControlSet\\Services\\VSS\\Diag\\MSSearch Service Writer\\POSTSNAPSHOT (Leave)\r\nDetails: Binary Data","Hostname":"WORKSTATION5","Details":"Binary Data","ProcessId":"6624","EventType":"SetValue","TargetObject":"HKLM\\System\\CurrentControlSet\\Services\\VSS\\Diag\\MSSearch Service Writer\\POSTSNAPSHOT (Leave)"}
{"TimeCreated":"2020-10-19 12:28:35.723","SourceName":"Microsoft-Windows-Sysmon","UtcTime":"2020-10-19 04:28:35.709","ProcessGuid":"{39e4a257-f136-5f8b-3800-000000000700}","Image":"C:\\windows\\system32\\vssvc.exe","EventID":13,"Channel":"Microsoft-Windows-Sysmon/Operational","Task":"13","RuleName":"-","Message":"Registry value set:\r\nRuleName: -\r\nEventType: SetValue\r\nUtcTime: 2020-10-19 04:28:35.709\r\nProcessGuid: {39e4a257-f136-5f8b-3800-000000000700}\r\nProcessId: 2332\r\nImage: C:\\windows\\system32\\vssvc.exe\r\nTargetObject: HKLM\\System\\CurrentControlSet\\Services\\VSS\\Diag\\Shadow Copy Optimization Writer\\VSS_WS_WAITING_FOR_BACKUP_COMPLETE (SetCurrentState)\r\nDetails: Binary Data","Hostname":"WORKSTATION5","Details":"Binary Data","ProcessId":"2332","EventType":"SetValue","TargetObject":"HKLM\\System\\CurrentControlSet\\Services\\VSS\\Diag\\Shadow Copy Optimization Writer\\VSS_WS_WAITING_FOR_BACKUP_COMPLETE (SetCurrentState)"}
{"TimeCreated":"2020-10-19 12:28:35.723","SourceName":"Microsoft-Windows-Sysmon","UtcTime":"2020-10-19 04:28:35.709","ProcessGuid":"{39e4a257-f136-5f8b-3800-000000000700}","Image":"C:\\windows\\system32\\vssvc.exe","EventID":13,"Channel":"Microsoft-Windows-Sysmon/Operational","Task":"13","RuleName":"-","Message":"Registry value set:\r\nRuleName: -\r\nEventType: SetValue\r\nUtcTime: 2020-10-19 04:28:35.709\r\nProcessGuid: {39e4a257-f136-5f8b-3800-000000000700}\r\nProcessId: 2332\r\nImage: C:\\windows\\system32\\vssvc.exe\r\nTargetObject: HKLM\\System\\CurrentControlSet\\Services\\VSS\\Diag\\Shadow Copy Optimization Writer\\POSTSNAPSHOT (Leave)\r\nDetails: Binary Data","Hostname":"WORKSTATION5","Details":"Binary Data","ProcessId":"2332","EventType":"SetValue","TargetObject":"HKLM\\System\\CurrentControlSet\\Services\\VSS\\Diag\\Shadow Copy Optimization Writer\\POSTSNAPSHOT (Leave)"}
{"TimeCreated":"2020-10-19 12:28:35.656","SourceName":"Microsoft-Windows-Sysmon","UtcTime":"2020-10-19 04:28:35.646","ProcessGuid":"{39e4a257-15ef-5f8d-e704-000000000700}","Image":"C:\\windows\\system32\\esentutl.exe","EventID":13,"Channel":"Microsoft-Windows-Sysmon/Operational","Task":"13","RuleName":"-","Message":"Registry value set:\r\nRuleName: -\r\nEventType: SetValue\r\nUtcTime: 2020-10-19 04:28:35.646\r\nProcessGuid: {39e4a257-15ef-5f8d-e704-000000000700}\r\nProcessId: 5136\r\nImage: C:\\windows\\system32\\esentutl.exe\r\nTargetObject: HKLM\\System\\CurrentControlSet\\Services\\VSS\\Diag\\EseRecoveryWriter\\VSS_WS_WAITING_FOR_BACKUP_COMPLETE (SetCurrentState)\r\nDetails: Binary Data","Hostname":"WORKSTATION5","Details":"Binary Data","ProcessId":"5136","EventType":"SetValue","TargetObject":"HKLM\\System\\CurrentControlSet\\Services\\VSS\\Diag\\EseRecoveryWriter\\VSS_WS_WAITING_FOR_BACKUP_COMPLETE (SetCurrentState)"}
{"TimeCreated":"2020-10-19 12:28:35.656","SourceName":"Microsoft-Windows-Sysmon","UtcTime":"2020-10-19 04:28:35.646","ProcessGuid":"{39e4a257-15ef-5f8d-e704-000000000700}","Image":"C:\\windows\\system32\\esentutl.exe","EventID":13,"Channel":"Microsoft-Windows-Sysmon/Operational","Task":"13","RuleName":"-","Message":"Registry value set:\r\nRuleName: -\r\nEventType: SetValue\r\nUtcTime: 2020-10-19 04:28:35.646\r\nProcessGuid: {39e4a257-15ef-5f8d-e704-000000000700}\r\nProcessId: 5136\r\nImage: C:\\windows\\system32\\esentutl.exe\r\nTargetObject: HKLM\\System\\CurrentControlSet\\Services\\VSS\\Diag\\EseRecoveryWriter\\POSTSNAPSHOT (Leave)\r\nDetails: Binary Data","Hostname":"WORKSTATION5","Details":"Binary Data","ProcessId":"5136","EventType":"SetValue","TargetObject":"HKLM\\System\\CurrentControlSet\\Services\\VSS\\Diag\\EseRecoveryWriter\\POSTSNAPSHOT (Leave)"}
{"SourceImage":"C:\\windows\\system32\\lsass.exe","TimeCreated":"2020-10-19 12:28:35.651","GrantedAccess":"0x1000","SourceName":"Microsoft-Windows-Sysmon","SourceThreadId":"4724","CallTrace":"C:\\windows\\SYSTEM32\\ntdll.dll+9c584|C:\\windows\\system32\\lsasrv.dll+32063|C:\\windows\\system32\\lsasrv.dll+30a65|C:\\windows\\SYSTEM32\\samsrv.dll+322c|C:\\windows\\SYSTEM32\\samsrv.dll+305f|C:\\windows\\SYSTEM32\\samsrv.dll+32d7|C:\\windows\\System32\\RPCRT4.dll+76a63|C:\\windows\\System32\\RPCRT4.dll+da036|C:\\windows\\System32\\RPCRT4.dll+37b7c|C:\\windows\\System32\\RPCRT4.dll+549f8|C:\\windows\\System32\\RPCRT4.dll+2c9b1|C:\\windows\\System32\\RPCRT4.dll+2c26b|C:\\windows\\System32\\RPCRT4.dll+1a8cf|C:\\windows\\System32\\RPCRT4.dll+19d7a|C:\\windows\\System32\\RPCRT4.dll+19361|C:\\windows\\System32\\RPCRT4.dll+18dce|C:\\windows\\System32\\RPCRT4.dll+16a05|C:\\windows\\SYSTEM32\\ntdll.dll+333ed|C:\\windows\\SYSTEM32\\ntdll.dll+34142|C:\\windows\\System32\\KERNEL32.DLL+17c24|C:\\windows\\SYSTEM32\\ntdll.dll+6cea1","UtcTime":"2020-10-19 04:28:35.646","TargetProcessGUID":"{39e4a257-f136-5f8b-3800-000000000700}","SourceProcessId":"756","EventID":10,"Channel":"Microsoft-Windows-Sysmon/Operational","Task":"10","RuleName":"-","Message":"Process accessed:\r\nRuleName: -\r\nUtcTime: 2020-10-19 04:28:35.646\r\nSourceProcessGUID: {39e4a257-f131-5f8b-0c00-000000000700}\r\nSourceProcessId: 756\r\nSourceThreadId: 4724\r\nSourceImage: C:\\windows\\system32\\lsass.exe\r\nTargetProcessGUID: {39e4a257-f136-5f8b-3800-000000000700}\r\nTargetProcessId: 2332\r\nTargetImage: C:\\windows\\system32\\vssvc.exe\r\nGrantedAccess: 0x1000\r\nCallTrace: C:\\windows\\SYSTEM32\\ntdll.dll+9c584|C:\\windows\\system32\\lsasrv.dll+32063|C:\\windows\\system32\\lsasrv.dll+30a65|C:\\windows\\SYSTEM32\\samsrv.dll+322c|C:\\windows\\SYSTEM32\\samsrv.dll+305f|C:\\windows\\SYSTEM32\\samsrv.dll+32d7|C:\\windows\\System32\\RPCRT4.dll+76a63|C:\\windows\\System32\\RPCRT4.dll+da036|C:\\windows\\System32\\RPCRT4.dll+37b7c|C:\\windows\\System32\\RPCRT4.dll+549f8|C:\\windows\\System32\\RPCRT4.dll+2c9b1|C:\\windows\\System32\\RPCRT4.dll+2c26b|C:\\windows\\System32\\RPCRT4.dll+1a8cf|C:\\windows\\System32\\RPCRT4.dll+19d7a|C:\\windows\\System32\\RPCRT4.dll+19361|C:\\windows\\System32\\RPCRT4.dll+18dce|C:\\windows\\System32\\RPCRT4.dll+16a05|C:\\windows\\SYSTEM32\\ntdll.dll+333ed|C:\\windows\\SYSTEM32\\ntdll.dll+34142|C:\\windows\\System32\\KERNEL32.DLL+17c24|C:\\windows\\SYSTEM32\\ntdll.dll+6cea1","Hostname":"WORKSTATION5","TargetProcessId":"2332","TargetImage":"C:\\windows\\system32\\vssvc.exe","SourceProcessGUID":"{39e4a257-f131-5f8b-0c00-000000000700}"}
{"SourceImage":"C:\\windows\\system32\\lsass.exe","TimeCreated":"2020-10-19 12:28:35.651","GrantedAccess":"0x1000","SourceName":"Microsoft-Windows-Sysmon","SourceThreadId":"4724","CallTrace":"C:\\windows\\SYSTEM32\\ntdll.dll+9c584|C:\\windows\\system32\\lsasrv.dll+32063|C:\\windows\\system32\\lsasrv.dll+30a65|C:\\windows\\SYSTEM32\\samsrv.dll+322c|C:\\windows\\SYSTEM32\\samsrv.dll+305f|C:\\windows\\SYSTEM32\\samsrv.dll+32d7|C:\\windows\\System32\\RPCRT4.dll+76a63|C:\\windows\\System32\\RPCRT4.dll+da036|C:\\windows\\System32\\RPCRT4.dll+37b7c|C:\\windows\\System32\\RPCRT4.dll+549f8|C:\\windows\\System32\\RPCRT4.dll+2c9b1|C:\\windows\\System32\\RPCRT4.dll+2c26b|C:\\windows\\System32\\RPCRT4.dll+1a8cf|C:\\windows\\System32\\RPCRT4.dll+19d7a|C:\\windows\\System32\\RPCRT4.dll+19361|C:\\windows\\System32\\RPCRT4.dll+18dce|C:\\windows\\System32\\RPCRT4.dll+16a05|C:\\windows\\SYSTEM32\\ntdll.dll+333ed|C:\\windows\\SYSTEM32\\ntdll.dll+34142|C:\\windows\\System32\\KERNEL32.DLL+17c24|C:\\windows\\SYSTEM32\\ntdll.dll+6cea1","UtcTime":"2020-10-19 04:28:35.646","TargetProcessGUID":"{39e4a257-f136-5f8b-3800-000000000700}","SourceProcessId":"756","EventID":10,"Channel":"Microsoft-Windows-Sysmon/Operational","Task":"10","RuleName":"-","Message":"Process accessed:\r\nRuleName: -\r\nUtcTime: 2020-10-19 04:28:35.646\r\nSourceProcessGUID: {39e4a257-f131-5f8b-0c00-000000000700}\r\nSourceProcessId: 756\r\nSourceThreadId: 4724\r\nSourceImage: C:\\windows\\system32\\lsass.exe\r\nTargetProcessGUID: {39e4a257-f136-5f8b-3800-000000000700}\r\nTargetProcessId: 2332\r\nTargetImage: C:\\windows\\system32\\vssvc.exe\r\nGrantedAccess: 0x1000\r\nCallTrace: C:\\windows\\SYSTEM32\\ntdll.dll+9c584|C:\\windows\\system32\\lsasrv.dll+32063|C:\\windows\\system32\\lsasrv.dll+30a65|C:\\windows\\SYSTEM32\\samsrv.dll+322c|C:\\windows\\SYSTEM32\\samsrv.dll+305f|C:\\windows\\SYSTEM32\\samsrv.dll+32d7|C:\\windows\\System32\\RPCRT4.dll+76a63|C:\\windows\\System32\\RPCRT4.dll+da036|C:\\windows\\System32\\RPCRT4.dll+37b7c|C:\\windows\\System32\\RPCRT4.dll+549f8|C:\\windows\\System32\\RPCRT4.dll+2c9b1|C:\\windows\\System32\\RPCRT4.dll+2c26b|C:\\windows\\System32\\RPCRT4.dll+1a8cf|C:\\windows\\System32\\RPCRT4.dll+19d7a|C:\\windows\\System32\\RPCRT4.dll+19361|C:\\windows\\System32\\RPCRT4.dll+18dce|C:\\windows\\System32\\RPCRT4.dll+16a05|C:\\windows\\SYSTEM32\\ntdll.dll+333ed|C:\\windows\\SYSTEM32\\ntdll.dll+34142|C:\\windows\\System32\\KERNEL32.DLL+17c24|C:\\windows\\SYSTEM32\\ntdll.dll+6cea1","Hostname":"WORKSTATION5","TargetProcessId":"2332","TargetImage":"C:\\windows\\system32\\vssvc.exe","SourceProcessGUID":"{39e4a257-f131-5f8b-0c00-000000000700}"}
{"SourceImage":"C:\\windows\\system32\\lsass.exe","TimeCreated":"2020-10-19 12:28:35.651","GrantedAccess":"0x1000","SourceName":"Microsoft-Windows-Sysmon","SourceThreadId":"5596","CallTrace":"C:\\windows\\SYSTEM32\\ntdll.dll+9c584|C:\\windows\\system32\\lsasrv.dll+32063|C:\\windows\\system32\\lsasrv.dll+30a65|C:\\windows\\SYSTEM32\\samsrv.dll+322c|C:\\windows\\SYSTEM32\\samsrv.dll+305f|C:\\windows\\SYSTEM32\\samsrv.dll+32d7|C:\\windows\\System32\\RPCRT4.dll+76a63|C:\\windows\\System32\\RPCRT4.dll+da036|C:\\windows\\System32\\RPCRT4.dll+37b7c|C:\\windows\\System32\\RPCRT4.dll+549f8|C:\\windows\\System32\\RPCRT4.dll+2c9b1|C:\\windows\\System32\\RPCRT4.dll+2c26b|C:\\windows\\System32\\RPCRT4.dll+1a8cf|C:\\windows\\System32\\RPCRT4.dll+19d7a|C:\\windows\\System32\\RPCRT4.dll+19361|C:\\windows\\System32\\RPCRT4.dll+18dce|C:\\windows\\System32\\RPCRT4.dll+16a05|C:\\windows\\SYSTEM32\\ntdll.dll+333ed|C:\\windows\\SYSTEM32\\ntdll.dll+34142|C:\\windows\\System32\\KERNEL32.DLL+17c24|C:\\windows\\SYSTEM32\\ntdll.dll+6cea1","UtcTime":"2020-10-19 04:28:35.646","TargetProcessGUID":"{39e4a257-f136-5f8b-3800-000000000700}","SourceProcessId":"756","EventID":10,"Channel":"Microsoft-Windows-Sysmon/Operational","Task":"10","RuleName":"-","Message":"Process accessed:\r\nRuleName: -\r\nUtcTime: 2020-10-19 04:28:35.646\r\nSourceProcessGUID: {39e4a257-f131-5f8b-0c00-000000000700}\r\nSourceProcessId: 756\r\nSourceThreadId: 5596\r\nSourceImage: C:\\windows\\system32\\lsass.exe\r\nTargetProcessGUID: {39e4a257-f136-5f8b-3800-000000000700}\r\nTargetProcessId: 2332\r\nTargetImage: C:\\windows\\system32\\vssvc.exe\r\nGrantedAccess: 0x1000\r\nCallTrace: C:\\windows\\SYSTEM32\\ntdll.dll+9c584|C:\\windows\\system32\\lsasrv.dll+32063|C:\\windows\\system32\\lsasrv.dll+30a65|C:\\windows\\SYSTEM32\\samsrv.dll+322c|C:\\windows\\SYSTEM32\\samsrv.dll+305f|C:\\windows\\SYSTEM32\\samsrv.dll+32d7|C:\\windows\\System32\\RPCRT4.dll+76a63|C:\\windows\\System32\\RPCRT4.dll+da036|C:\\windows\\System32\\RPCRT4.dll+37b7c|C:\\windows\\System32\\RPCRT4.dll+549f8|C:\\windows\\System32\\RPCRT4.dll+2c9b1|C:\\windows\\System32\\RPCRT4.dll+2c26b|C:\\windows\\System32\\RPCRT4.dll+1a8cf|C:\\windows\\System32\\RPCRT4.dll+19d7a|C:\\windows\\System32\\RPCRT4.dll+19361|C:\\windows\\System32\\RPCRT4.dll+18dce|C:\\windows\\System32\\RPCRT4.dll+16a05|C:\\windows\\SYSTEM32\\ntdll.dll+333ed|C:\\windows\\SYSTEM32\\ntdll.dll+34142|C:\\windows\\System32\\KERNEL32.DLL+17c24|C:\\windows\\SYSTEM32\\ntdll.dll+6cea1","Hostname":"WORKSTATION5","TargetProcessId":"2332","TargetImage":"C:\\windows\\system32\\vssvc.exe","SourceProcessGUID":"{39e4a257-f131-5f8b-0c00-000000000700}"}
{"SourceImage":"C:\\windows\\system32\\lsass.exe","TimeCreated":"2020-10-19 12:28:35.649","GrantedAccess":"0x1000","SourceName":"Microsoft-Windows-Sysmon","SourceThreadId":"4724","CallTrace":"C:\\windows\\SYSTEM32\\ntdll.dll+9c584|C:\\windows\\system32\\lsasrv.dll+32063|C:\\windows\\system32\\lsasrv.dll+30a65|C:\\windows\\SYSTEM32\\samsrv.dll+322c|C:\\windows\\SYSTEM32\\samsrv.dll+305f|C:\\windows\\SYSTEM32\\samsrv.dll+32d7|C:\\windows\\System32\\RPCRT4.dll+76a63|C:\\windows\\System32\\RPCRT4.dll+da036|C:\\windows\\System32\\RPCRT4.dll+37b7c|C:\\windows\\System32\\RPCRT4.dll+549f8|C:\\windows\\System32\\RPCRT4.dll+2c9b1|C:\\windows\\System32\\RPCRT4.dll+2c26b|C:\\windows\\System32\\RPCRT4.dll+1a8cf|C:\\windows\\System32\\RPCRT4.dll+19d7a|C:\\windows\\System32\\RPCRT4.dll+19361|C:\\windows\\System32\\RPCRT4.dll+18dce|C:\\windows\\System32\\RPCRT4.dll+16a05|C:\\windows\\SYSTEM32\\ntdll.dll+333ed|C:\\windows\\SYSTEM32\\ntdll.dll+34142|C:\\windows\\System32\\KERNEL32.DLL+17c24|C:\\windows\\SYSTEM32\\ntdll.dll+6cea1","UtcTime":"2020-10-19 04:28:35.646","TargetProcessGUID":"{39e4a257-f136-5f8b-3800-000000000700}","SourceProcessId":"756","EventID":10,"Channel":"Microsoft-Windows-Sysmon/Operational","Task":"10","RuleName":"-","Message":"Process accessed:\r\nRuleName: -\r\nUtcTime: 2020-10-19 04:28:35.646\r\nSourceProcessGUID: {39e4a257-f131-5f8b-0c00-000000000700}\r\nSourceProcessId: 756\r\nSourceThreadId: 4724\r\nSourceImage: C:\\windows\\system32\\lsass.exe\r\nTargetProcessGUID: {39e4a257-f136-5f8b-3800-000000000700}\r\nTargetProcessId: 2332\r\nTargetImage: C:\\windows\\system32\\vssvc.exe\r\nGrantedAccess: 0x1000\r\nCallTrace: C:\\windows\\SYSTEM32\\ntdll.dll+9c584|C:\\windows\\system32\\lsasrv.dll+32063|C:\\windows\\system32\\lsasrv.dll+30a65|C:\\windows\\SYSTEM32\\samsrv.dll+322c|C:\\windows\\SYSTEM32\\samsrv.dll+305f|C:\\windows\\SYSTEM32\\samsrv.dll+32d7|C:\\windows\\System32\\RPCRT4.dll+76a63|C:\\windows\\System32\\RPCRT4.dll+da036|C:\\windows\\System32\\RPCRT4.dll+37b7c|C:\\windows\\System32\\RPCRT4.dll+549f8|C:\\windows\\System32\\RPCRT4.dll+2c9b1|C:\\windows\\System32\\RPCRT4.dll+2c26b|C:\\windows\\System32\\RPCRT4.dll+1a8cf|C:\\windows\\System32\\RPCRT4.dll+19d7a|C:\\windows\\System32\\RPCRT4.dll+19361|C:\\windows\\System32\\RPCRT4.dll+18dce|C:\\windows\\System32\\RPCRT4.dll+16a05|C:\\windows\\SYSTEM32\\ntdll.dll+333ed|C:\\windows\\SYSTEM32\\ntdll.dll+34142|C:\\windows\\System32\\KERNEL32.DLL+17c24|C:\\windows\\SYSTEM32\\ntdll.dll+6cea1","Hostname":"WORKSTATION5","TargetProcessId":"2332","TargetImage":"C:\\windows\\system32\\vssvc.exe","SourceProcessGUID":"{39e4a257-f131-5f8b-0c00-000000000700}"}
{"SourceImage":"C:\\windows\\system32\\lsass.exe","TimeCreated":"2020-10-19 12:28:35.649","GrantedAccess":"0x1000","SourceName":"Microsoft-Windows-Sysmon","SourceThreadId":"4724","CallTrace":"C:\\windows\\SYSTEM32\\ntdll.dll+9c584|C:\\windows\\system32\\lsasrv.dll+32063|C:\\windows\\system32\\lsasrv.dll+30a65|C:\\windows\\SYSTEM32\\samsrv.dll+322c|C:\\windows\\SYSTEM32\\samsrv.dll+305f|C:\\windows\\SYSTEM32\\samsrv.dll+32d7|C:\\windows\\System32\\RPCRT4.dll+76a63|C:\\windows\\System32\\RPCRT4.dll+da036|C:\\windows\\System32\\RPCRT4.dll+37b7c|C:\\windows\\System32\\RPCRT4.dll+549f8|C:\\windows\\System32\\RPCRT4.dll+2c9b1|C:\\windows\\System32\\RPCRT4.dll+2c26b|C:\\windows\\System32\\RPCRT4.dll+1a8cf|C:\\windows\\System32\\RPCRT4.dll+19d7a|C:\\windows\\System32\\RPCRT4.dll+19361|C:\\windows\\System32\\RPCRT4.dll+18dce|C:\\windows\\System32\\RPCRT4.dll+16a05|C:\\windows\\SYSTEM32\\ntdll.dll+333ed|C:\\windows\\SYSTEM32\\ntdll.dll+34142|C:\\windows\\System32\\KERNEL32.DLL+17c24|C:\\windows\\SYSTEM32\\ntdll.dll+6cea1","UtcTime":"2020-10-19 04:28:35.646","TargetProcessGUID":"{39e4a257-f136-5f8b-3800-000000000700}","SourceProcessId":"756","EventID":10,"Channel":"Microsoft-Windows-Sysmon/Operational","Task":"10","RuleName":"-","Message":"Process accessed:\r\nRuleName: -\r\nUtcTime: 2020-10-19 04:28:35.646\r\nSourceProcessGUID: {39e4a257-f131-5f8b-0c00-000000000700}\r\nSourceProcessId: 756\r\nSourceThreadId: 4724\r\nSourceImage: C:\\windows\\system32\\lsass.exe\r\nTargetProcessGUID: {39e4a257-f136-5f8b-3800-000000000700}\r\nTargetProcessId: 2332\r\nTargetImage: C:\\windows\\system32\\vssvc.exe\r\nGrantedAccess: 0x1000\r\nCallTrace: C:\\windows\\SYSTEM32\\ntdll.dll+9c584|C:\\windows\\system32\\lsasrv.dll+32063|C:\\windows\\system32\\lsasrv.dll+30a65|C:\\windows\\SYSTEM32\\samsrv.dll+322c|C:\\windows\\SYSTEM32\\samsrv.dll+305f|C:\\windows\\SYSTEM32\\samsrv.dll+32d7|C:\\windows\\System32\\RPCRT4.dll+76a63|C:\\windows\\System32\\RPCRT4.dll+da036|C:\\windows\\System32\\RPCRT4.dll+37b7c|C:\\windows\\System32\\RPCRT4.dll+549f8|C:\\windows\\System32\\RPCRT4.dll+2c9b1|C:\\windows\\System32\\RPCRT4.dll+2c26b|C:\\windows\\System32\\RPCRT4.dll+1a8cf|C:\\windows\\System32\\RPCRT4.dll+19d7a|C:\\windows\\System32\\RPCRT4.dll+19361|C:\\windows\\System32\\RPCRT4.dll+18dce|C:\\windows\\System32\\RPCRT4.dll+16a05|C:\\windows\\SYSTEM32\\ntdll.dll+333ed|C:\\windows\\SYSTEM32\\ntdll.dll+34142|C:\\windows\\System32\\KERNEL32.DLL+17c24|C:\\windows\\SYSTEM32\\ntdll.dll+6cea1","Hostname":"WORKSTATION5","TargetProcessId":"2332","TargetImage":"C:\\windows\\system32\\vssvc.exe","SourceProcessGUID":"{39e4a257-f131-5f8b-0c00-000000000700}"}
{"SourceImage":"C:\\windows\\system32\\lsass.exe","TimeCreated":"2020-10-19 12:28:35.649","GrantedAccess":"0x1000","SourceName":"Microsoft-Windows-Sysmon","SourceThreadId":"4724","CallTrace":"C:\\windows\\SYSTEM32\\ntdll.dll+9c584|C:\\windows\\system32\\lsasrv.dll+32063|C:\\windows\\system32\\lsasrv.dll+30a65|C:\\windows\\SYSTEM32\\samsrv.dll+322c|C:\\windows\\SYSTEM32\\samsrv.dll+305f|C:\\windows\\SYSTEM32\\samsrv.dll+32d7|C:\\windows\\System32\\RPCRT4.dll+76a63|C:\\windows\\System32\\RPCRT4.dll+da036|C:\\windows\\System32\\RPCRT4.dll+37b7c|C:\\windows\\System32\\RPCRT4.dll+549f8|C:\\windows\\System32\\RPCRT4.dll+2c9b1|C:\\windows\\System32\\RPCRT4.dll+2c26b|C:\\windows\\System32\\RPCRT4.dll+1a8cf|C:\\windows\\System32\\RPCRT4.dll+19d7a|C:\\windows\\System32\\RPCRT4.dll+19361|C:\\windows\\System32\\RPCRT4.dll+18dce|C:\\windows\\System32\\RPCRT4.dll+16a05|C:\\windows\\SYSTEM32\\ntdll.dll+333ed|C:\\windows\\SYSTEM32\\ntdll.dll+34142|C:\\windows\\System32\\KERNEL32.DLL+17c24|C:\\windows\\SYSTEM32\\ntdll.dll+6cea1","UtcTime":"2020-10-19 04:28:35.646","TargetProcessGUID":"{39e4a257-f136-5f8b-3800-000000000700}","SourceProcessId":"756","EventID":10,"Channel":"Microsoft-Windows-Sysmon/Operational","Task":"10","RuleName":"-","Message":"Process accessed:\r\nRuleName: -\r\nUtcTime: 2020-10-19 04:28:35.646\r\nSourceProcessGUID: {39e4a257-f131-5f8b-0c00-000000000700}\r\nSourceProcessId: 756\r\nSourceThreadId: 4724\r\nSourceImage: C:\\windows\\system32\\lsass.exe\r\nTargetProcessGUID: {39e4a257-f136-5f8b-3800-000000000700}\r\nTargetProcessId: 2332\r\nTargetImage: C:\\windows\\system32\\vssvc.exe\r\nGrantedAccess: 0x1000\r\nCallTrace: C:\\windows\\SYSTEM32\\ntdll.dll+9c584|C:\\windows\\system32\\lsasrv.dll+32063|C:\\windows\\system32\\lsasrv.dll+30a65|C:\\windows\\SYSTEM32\\samsrv.dll+322c|C:\\windows\\SYSTEM32\\samsrv.dll+305f|C:\\windows\\SYSTEM32\\samsrv.dll+32d7|C:\\windows\\System32\\RPCRT4.dll+76a63|C:\\windows\\System32\\RPCRT4.dll+da036|C:\\windows\\System32\\RPCRT4.dll+37b7c|C:\\windows\\System32\\RPCRT4.dll+549f8|C:\\windows\\System32\\RPCRT4.dll+2c9b1|C:\\windows\\System32\\RPCRT4.dll+2c26b|C:\\windows\\System32\\RPCRT4.dll+1a8cf|C:\\windows\\System32\\RPCRT4.dll+19d7a|C:\\windows\\System32\\RPCRT4.dll+19361|C:\\windows\\System32\\RPCRT4.dll+18dce|C:\\windows\\System32\\RPCRT4.dll+16a05|C:\\windows\\SYSTEM32\\ntdll.dll+333ed|C:\\windows\\SYSTEM32\\ntdll.dll+34142|C:\\windows\\System32\\KERNEL32.DLL+17c24|C:\\windows\\SYSTEM32\\ntdll.dll+6cea1","Hostname":"WORKSTATION5","TargetProcessId":"2332","TargetImage":"C:\\windows\\system32\\vssvc.exe","SourceProcessGUID":"{39e4a257-f131-5f8b-0c00-000000000700}"}
{"SourceImage":"C:\\windows\\system32\\lsass.exe","TimeCreated":"2020-10-19 12:28:35.649","GrantedAccess":"0x1000","SourceName":"Microsoft-Windows-Sysmon","SourceThreadId":"4724","CallTrace":"C:\\windows\\SYSTEM32\\ntdll.dll+9c584|C:\\windows\\system32\\lsasrv.dll+32063|C:\\windows\\system32\\lsasrv.dll+30a65|C:\\windows\\SYSTEM32\\samsrv.dll+322c|C:\\windows\\SYSTEM32\\samsrv.dll+305f|C:\\windows\\SYSTEM32\\samsrv.dll+32d7|C:\\windows\\System32\\RPCRT4.dll+76a63|C:\\windows\\System32\\RPCRT4.dll+da036|C:\\windows\\System32\\RPCRT4.dll+37b7c|C:\\windows\\System32\\RPCRT4.dll+549f8|C:\\windows\\System32\\RPCRT4.dll+2c9b1|C:\\windows\\System32\\RPCRT4.dll+2c26b|C:\\windows\\System32\\RPCRT4.dll+1a8cf|C:\\windows\\System32\\RPCRT4.dll+19d7a|C:\\windows\\System32\\RPCRT4.dll+19361|C:\\windows\\System32\\RPCRT4.dll+18dce|C:\\windows\\System32\\RPCRT4.dll+16a05|C:\\windows\\SYSTEM32\\ntdll.dll+333ed|C:\\windows\\SYSTEM32\\ntdll.dll+34142|C:\\windows\\System32\\KERNEL32.DLL+17c24|C:\\windows\\SYSTEM32\\ntdll.dll+6cea1","UtcTime":"2020-10-19 04:28:35.631","TargetProcessGUID":"{39e4a257-f136-5f8b-3800-000000000700}","SourceProcessId":"756","EventID":10,"Channel":"Microsoft-Windows-Sysmon/Operational","Task":"10","RuleName":"-","Message":"Process accessed:\r\nRuleName: -\r\nUtcTime: 2020-10-19 04:28:35.631\r\nSourceProcessGUID: {39e4a257-f131-5f8b-0c00-000000000700}\r\nSourceProcessId: 756\r\nSourceThreadId: 4724\r\nSourceImage: C:\\windows\\system32\\lsass.exe\r\nTargetProcessGUID: {39e4a257-f136-5f8b-3800-000000000700}\r\nTargetProcessId: 2332\r\nTargetImage: C:\\windows\\system32\\vssvc.exe\r\nGrantedAccess: 0x1000\r\nCallTrace: C:\\windows\\SYSTEM32\\ntdll.dll+9c584|C:\\windows\\system32\\lsasrv.dll+32063|C:\\windows\\system32\\lsasrv.dll+30a65|C:\\windows\\SYSTEM32\\samsrv.dll+322c|C:\\windows\\SYSTEM32\\samsrv.dll+305f|C:\\windows\\SYSTEM32\\samsrv.dll+32d7|C:\\windows\\System32\\RPCRT4.dll+76a63|C:\\windows\\System32\\RPCRT4.dll+da036|C:\\windows\\System32\\RPCRT4.dll+37b7c|C:\\windows\\System32\\RPCRT4.dll+549f8|C:\\windows\\System32\\RPCRT4.dll+2c9b1|C:\\windows\\System32\\RPCRT4.dll+2c26b|C:\\windows\\System32\\RPCRT4.dll+1a8cf|C:\\windows\\System32\\RPCRT4.dll+19d7a|C:\\windows\\System32\\RPCRT4.dll+19361|C:\\windows\\System32\\RPCRT4.dll+18dce|C:\\windows\\System32\\RPCRT4.dll+16a05|C:\\windows\\SYSTEM32\\ntdll.dll+333ed|C:\\windows\\SYSTEM32\\ntdll.dll+34142|C:\\windows\\System32\\KERNEL32.DLL+17c24|C:\\windows\\SYSTEM32\\ntdll.dll+6cea1","Hostname":"WORKSTATION5","TargetProcessId":"2332","TargetImage":"C:\\windows\\system32\\vssvc.exe","SourceProcessGUID":"{39e4a257-f131-5f8b-0c00-000000000700}"}
{"SourceImage":"C:\\windows\\system32\\lsass.exe","TimeCreated":"2020-10-19 12:28:35.648","GrantedAccess":"0x1000","SourceName":"Microsoft-Windows-Sysmon","SourceThreadId":"4724","CallTrace":"C:\\windows\\SYSTEM32\\ntdll.dll+9c584|C:\\windows\\system32\\lsasrv.dll+32063|C:\\windows\\system32\\lsasrv.dll+30a65|C:\\windows\\SYSTEM32\\samsrv.dll+322c|C:\\windows\\SYSTEM32\\samsrv.dll+305f|C:\\windows\\SYSTEM32\\samsrv.dll+32d7|C:\\windows\\System32\\RPCRT4.dll+76a63|C:\\windows\\System32\\RPCRT4.dll+da036|C:\\windows\\System32\\RPCRT4.dll+37b7c|C:\\windows\\System32\\RPCRT4.dll+549f8|C:\\windows\\System32\\RPCRT4.dll+2c9b1|C:\\windows\\System32\\RPCRT4.dll+2c26b|C:\\windows\\System32\\RPCRT4.dll+1a8cf|C:\\windows\\System32\\RPCRT4.dll+19d7a|C:\\windows\\System32\\RPCRT4.dll+19361|C:\\windows\\System32\\RPCRT4.dll+18dce|C:\\windows\\System32\\RPCRT4.dll+16a05|C:\\windows\\SYSTEM32\\ntdll.dll+333ed|C:\\windows\\SYSTEM32\\ntdll.dll+34142|C:\\windows\\System32\\KERNEL32.DLL+17c24|C:\\windows\\SYSTEM32\\ntdll.dll+6cea1","UtcTime":"2020-10-19 04:28:35.631","TargetProcessGUID":"{39e4a257-f136-5f8b-3800-000000000700}","SourceProcessId":"756","EventID":10,"Channel":"Microsoft-Windows-Sysmon/Operational","Task":"10","RuleName":"-","Message":"Process accessed:\r\nRuleName: -\r\nUtcTime: 2020-10-19 04:28:35.631\r\nSourceProcessGUID: {39e4a257-f131-5f8b-0c00-000000000700}\r\nSourceProcessId: 756\r\nSourceThreadId: 4724\r\nSourceImage: C:\\windows\\system32\\lsass.exe\r\nTargetProcessGUID: {39e4a257-f136-5f8b-3800-000000000700}\r\nTargetProcessId: 2332\r\nTargetImage: C:\\windows\\system32\\vssvc.exe\r\nGrantedAccess: 0x1000\r\nCallTrace: C:\\windows\\SYSTEM32\\ntdll.dll+9c584|C:\\windows\\system32\\lsasrv.dll+32063|C:\\windows\\system32\\lsasrv.dll+30a65|C:\\windows\\SYSTEM32\\samsrv.dll+322c|C:\\windows\\SYSTEM32\\samsrv.dll+305f|C:\\windows\\SYSTEM32\\samsrv.dll+32d7|C:\\windows\\System32\\RPCRT4.dll+76a63|C:\\windows\\System32\\RPCRT4.dll+da036|C:\\windows\\System32\\RPCRT4.dll+37b7c|C:\\windows\\System32\\RPCRT4.dll+549f8|C:\\windows\\System32\\RPCRT4.dll+2c9b1|C:\\windows\\System32\\RPCRT4.dll+2c26b|C:\\windows\\System32\\RPCRT4.dll+1a8cf|C:\\windows\\System32\\RPCRT4.dll+19d7a|C:\\windows\\System32\\RPCRT4.dll+19361|C:\\windows\\System32\\RPCRT4.dll+18dce|C:\\windows\\System32\\RPCRT4.dll+16a05|C:\\windows\\SYSTEM32\\ntdll.dll+333ed|C:\\windows\\SYSTEM32\\ntdll.dll+34142|C:\\windows\\System32\\KERNEL32.DLL+17c24|C:\\windows\\SYSTEM32\\ntdll.dll+6cea1","Hostname":"WORKSTATION5","TargetProcessId":"2332","TargetImage":"C:\\windows\\system32\\vssvc.exe","SourceProcessGUID":"{39e4a257-f131-5f8b-0c00-000000000700}"}
{"SourceImage":"C:\\windows\\system32\\lsass.exe","TimeCreated":"2020-10-19 12:28:35.644","GrantedAccess":"0x1000","SourceName":"Microsoft-Windows-Sysmon","SourceThreadId":"5596","CallTrace":"C:\\windows\\SYSTEM32\\ntdll.dll+9c584|C:\\windows\\system32\\lsasrv.dll+32063|C:\\windows\\system32\\lsasrv.dll+30a65|C:\\windows\\SYSTEM32\\samsrv.dll+322c|C:\\windows\\SYSTEM32\\samsrv.dll+305f|C:\\windows\\SYSTEM32\\samsrv.dll+32d7|C:\\windows\\System32\\RPCRT4.dll+76a63|C:\\windows\\System32\\RPCRT4.dll+da036|C:\\windows\\System32\\RPCRT4.dll+37b7c|C:\\windows\\System32\\RPCRT4.dll+549f8|C:\\windows\\System32\\RPCRT4.dll+2c9b1|C:\\windows\\System32\\RPCRT4.dll+2c26b|C:\\windows\\System32\\RPCRT4.dll+1a8cf|C:\\windows\\System32\\RPCRT4.dll+19d7a|C:\\windows\\System32\\RPCRT4.dll+19361|C:\\windows\\System32\\RPCRT4.dll+18dce|C:\\windows\\System32\\RPCRT4.dll+16a05|C:\\windows\\SYSTEM32\\ntdll.dll+333ed|C:\\windows\\SYSTEM32\\ntdll.dll+34142|C:\\windows\\System32\\KERNEL32.DLL+17c24|C:\\windows\\SYSTEM32\\ntdll.dll+6cea1","UtcTime":"2020-10-19 04:28:35.631","TargetProcessGUID":"{39e4a257-15ef-5f8d-e704-000000000700}","SourceProcessId":"756","EventID":10,"Channel":"Microsoft-Windows-Sysmon/Operational","Task":"10","RuleName":"-","Message":"Process accessed:\r\nRuleName: -\r\nUtcTime: 2020-10-19 04:28:35.631\r\nSourceProcessGUID: {39e4a257-f131-5f8b-0c00-000000000700}\r\nSourceProcessId: 756\r\nSourceThreadId: 5596\r\nSourceImage: C:\\windows\\system32\\lsass.exe\r\nTargetProcessGUID: {39e4a257-15ef-5f8d-e704-000000000700}\r\nTargetProcessId: 5136\r\nTargetImage: C:\\windows\\system32\\esentutl.exe\r\nGrantedAccess: 0x1000\r\nCallTrace: C:\\windows\\SYSTEM32\\ntdll.dll+9c584|C:\\windows\\system32\\lsasrv.dll+32063|C:\\windows\\system32\\lsasrv.dll+30a65|C:\\windows\\SYSTEM32\\samsrv.dll+322c|C:\\windows\\SYSTEM32\\samsrv.dll+305f|C:\\windows\\SYSTEM32\\samsrv.dll+32d7|C:\\windows\\System32\\RPCRT4.dll+76a63|C:\\windows\\System32\\RPCRT4.dll+da036|C:\\windows\\System32\\RPCRT4.dll+37b7c|C:\\windows\\System32\\RPCRT4.dll+549f8|C:\\windows\\System32\\RPCRT4.dll+2c9b1|C:\\windows\\System32\\RPCRT4.dll+2c26b|C:\\windows\\System32\\RPCRT4.dll+1a8cf|C:\\windows\\System32\\RPCRT4.dll+19d7a|C:\\windows\\System32\\RPCRT4.dll+19361|C:\\windows\\System32\\RPCRT4.dll+18dce|C:\\windows\\System32\\RPCRT4.dll+16a05|C:\\windows\\SYSTEM32\\ntdll.dll+333ed|C:\\windows\\SYSTEM32\\ntdll.dll+34142|C:\\windows\\System32\\KERNEL32.DLL+17c24|C:\\windows\\SYSTEM32\\ntdll.dll+6cea1","Hostname":"WORKSTATION5","TargetProcessId":"5136","TargetImage":"C:\\windows\\system32\\esentutl.exe","SourceProcessGUID":"{39e4a257-f131-5f8b-0c00-000000000700}"}
{"SourceImage":"C:\\windows\\system32\\lsass.exe","TimeCreated":"2020-10-19 12:28:35.644","GrantedAccess":"0x1000","SourceName":"Microsoft-Windows-Sysmon","SourceThreadId":"5596","CallTrace":"C:\\windows\\SYSTEM32\\ntdll.dll+9c584|C:\\windows\\system32\\lsasrv.dll+32063|C:\\windows\\system32\\lsasrv.dll+30a65|C:\\windows\\SYSTEM32\\samsrv.dll+322c|C:\\windows\\SYSTEM32\\samsrv.dll+305f|C:\\windows\\SYSTEM32\\samsrv.dll+32d7|C:\\windows\\System32\\RPCRT4.dll+76a63|C:\\windows\\System32\\RPCRT4.dll+da036|C:\\windows\\System32\\RPCRT4.dll+37b7c|C:\\windows\\System32\\RPCRT4.dll+549f8|C:\\windows\\System32\\RPCRT4.dll+2c9b1|C:\\windows\\System32\\RPCRT4.dll+2c26b|C:\\windows\\System32\\RPCRT4.dll+1a8cf|C:\\windows\\System32\\RPCRT4.dll+19d7a|C:\\windows\\System32\\RPCRT4.dll+19361|C:\\windows\\System32\\RPCRT4.dll+18dce|C:\\windows\\System32\\RPCRT4.dll+16a05|C:\\windows\\SYSTEM32\\ntdll.dll+333ed|C:\\windows\\SYSTEM32\\ntdll.dll+34142|C:\\windows\\System32\\KERNEL32.DLL+17c24|C:\\windows\\SYSTEM32\\ntdll.dll+6cea1","UtcTime":"2020-10-19 04:28:35.631","TargetProcessGUID":"{39e4a257-f136-5f8b-3800-000000000700}","SourceProcessId":"756","EventID":10,"Channel":"Microsoft-Windows-Sysmon/Operational","Task":"10","RuleName":"-","Message":"Process accessed:\r\nRuleName: -\r\nUtcTime: 2020-10-19 04:28:35.631\r\nSourceProcessGUID: {39e4a257-f131-5f8b-0c00-000000000700}\r\nSourceProcessId: 756\r\nSourceThreadId: 5596\r\nSourceImage: C:\\windows\\system32\\lsass.exe\r\nTargetProcessGUID: {39e4a257-f136-5f8b-3800-000000000700}\r\nTargetProcessId: 2332\r\nTargetImage: C:\\windows\\system32\\vssvc.exe\r\nGrantedAccess: 0x1000\r\nCallTrace: C:\\windows\\SYSTEM32\\ntdll.dll+9c584|C:\\windows\\system32\\lsasrv.dll+32063|C:\\windows\\system32\\lsasrv.dll+30a65|C:\\windows\\SYSTEM32\\samsrv.dll+322c|C:\\windows\\SYSTEM32\\samsrv.dll+305f|C:\\windows\\SYSTEM32\\samsrv.dll+32d7|C:\\windows\\System32\\RPCRT4.dll+76a63|C:\\windows\\System32\\RPCRT4.dll+da036|C:\\windows\\System32\\RPCRT4.dll+37b7c|C:\\windows\\System32\\RPCRT4.dll+549f8|C:\\windows\\System32\\RPCRT4.dll+2c9b1|C:\\windows\\System32\\RPCRT4.dll+2c26b|C:\\windows\\System32\\RPCRT4.dll+1a8cf|C:\\windows\\System32\\RPCRT4.dll+19d7a|C:\\windows\\System32\\RPCRT4.dll+19361|C:\\windows\\System32\\RPCRT4.dll+18dce|C:\\windows\\System32\\RPCRT4.dll+16a05|C:\\windows\\SYSTEM32\\ntdll.dll+333ed|C:\\windows\\SYSTEM32\\ntdll.dll+34142|C:\\windows\\System32\\KERNEL32.DLL+17c24|C:\\windows\\SYSTEM32\\ntdll.dll+6cea1","Hostname":"WORKSTATION5","TargetProcessId":"2332","TargetImage":"C:\\windows\\system32\\vssvc.exe","SourceProcessGUID":"{39e4a257-f131-5f8b-0c00-000000000700}"}
{"SourceImage":"C:\\windows\\system32\\lsass.exe","TimeCreated":"2020-10-19 12:28:35.644","GrantedAccess":"0x1000","SourceName":"Microsoft-Windows-Sysmon","SourceThreadId":"4724","CallTrace":"C:\\windows\\SYSTEM32\\ntdll.dll+9c584|C:\\windows\\system32\\lsasrv.dll+32063|C:\\windows\\system32\\lsasrv.dll+30a65|C:\\windows\\SYSTEM32\\samsrv.dll+322c|C:\\windows\\SYSTEM32\\samsrv.dll+305f|C:\\windows\\SYSTEM32\\samsrv.dll+32d7|C:\\windows\\System32\\RPCRT4.dll+76a63|C:\\windows\\System32\\RPCRT4.dll+da036|C:\\windows\\System32\\RPCRT4.dll+37b7c|C:\\windows\\System32\\RPCRT4.dll+549f8|C:\\windows\\System32\\RPCRT4.dll+2c9b1|C:\\windows\\System32\\RPCRT4.dll+2c26b|C:\\windows\\System32\\RPCRT4.dll+1a8cf|C:\\windows\\System32\\RPCRT4.dll+19d7a|C:\\windows\\System32\\RPCRT4.dll+19361|C:\\windows\\System32\\RPCRT4.dll+18dce|C:\\windows\\System32\\RPCRT4.dll+16a05|C:\\windows\\SYSTEM32\\ntdll.dll+333ed|C:\\windows\\SYSTEM32\\ntdll.dll+34142|C:\\windows\\System32\\KERNEL32.DLL+17c24|C:\\windows\\SYSTEM32\\ntdll.dll+6cea1","UtcTime":"2020-10-19 04:28:35.631","TargetProcessGUID":"{39e4a257-15ef-5f8d-e704-000000000700}","SourceProcessId":"756","EventID":10,"Channel":"Microsoft-Windows-Sysmon/Operational","Task":"10","RuleName":"-","Message":"Process accessed:\r\nRuleName: -\r\nUtcTime: 2020-10-19 04:28:35.631\r\nSourceProcessGUID: {39e4a257-f131-5f8b-0c00-000000000700}\r\nSourceProcessId: 756\r\nSourceThreadId: 4724\r\nSourceImage: C:\\windows\\system32\\lsass.exe\r\nTargetProcessGUID: {39e4a257-15ef-5f8d-e704-000000000700}\r\nTargetProcessId: 5136\r\nTargetImage: C:\\windows\\system32\\esentutl.exe\r\nGrantedAccess: 0x1000\r\nCallTrace: C:\\windows\\SYSTEM32\\ntdll.dll+9c584|C:\\windows\\system32\\lsasrv.dll+32063|C:\\windows\\system32\\lsasrv.dll+30a65|C:\\windows\\SYSTEM32\\samsrv.dll+322c|C:\\windows\\SYSTEM32\\samsrv.dll+305f|C:\\windows\\SYSTEM32\\samsrv.dll+32d7|C:\\windows\\System32\\RPCRT4.dll+76a63|C:\\windows\\System32\\RPCRT4.dll+da036|C:\\windows\\System32\\RPCRT4.dll+37b7c|C:\\windows\\System32\\RPCRT4.dll+549f8|C:\\windows\\System32\\RPCRT4.dll+2c9b1|C:\\windows\\System32\\RPCRT4.dll+2c26b|C:\\windows\\System32\\RPCRT4.dll+1a8cf|C:\\windows\\System32\\RPCRT4.dll+19d7a|C:\\windows\\System32\\RPCRT4.dll+19361|C:\\windows\\System32\\RPCRT4.dll+18dce|C:\\windows\\System32\\RPCRT4.dll+16a05|C:\\windows\\SYSTEM32\\ntdll.dll+333ed|C:\\windows\\SYSTEM32\\ntdll.dll+34142|C:\\windows\\System32\\KERNEL32.DLL+17c24|C:\\windows\\SYSTEM32\\ntdll.dll+6cea1","Hostname":"WORKSTATION5","TargetProcessId":"5136","TargetImage":"C:\\windows\\system32\\esentutl.exe","SourceProcessGUID":"{39e4a257-f131-5f8b-0c00-000000000700}"}
{"SourceImage":"C:\\windows\\system32\\lsass.exe","TimeCreated":"2020-10-19 12:28:35.644","GrantedAccess":"0x1000","SourceName":"Microsoft-Windows-Sysmon","SourceThreadId":"4724","CallTrace":"C:\\windows\\SYSTEM32\\ntdll.dll+9c584|C:\\windows\\system32\\lsasrv.dll+32063|C:\\windows\\system32\\lsasrv.dll+30a65|C:\\windows\\SYSTEM32\\samsrv.dll+322c|C:\\windows\\SYSTEM32\\samsrv.dll+305f|C:\\windows\\SYSTEM32\\samsrv.dll+32d7|C:\\windows\\System32\\RPCRT4.dll+76a63|C:\\windows\\System32\\RPCRT4.dll+da036|C:\\windows\\System32\\RPCRT4.dll+37b7c|C:\\windows\\System32\\RPCRT4.dll+549f8|C:\\windows\\System32\\RPCRT4.dll+2c9b1|C:\\windows\\System32\\RPCRT4.dll+2c26b|C:\\windows\\System32\\RPCRT4.dll+1a8cf|C:\\windows\\System32\\RPCRT4.dll+19d7a|C:\\windows\\System32\\RPCRT4.dll+19361|C:\\windows\\System32\\RPCRT4.dll+18dce|C:\\windows\\System32\\RPCRT4.dll+16a05|C:\\windows\\SYSTEM32\\ntdll.dll+333ed|C:\\windows\\SYSTEM32\\ntdll.dll+34142|C:\\windows\\System32\\KERNEL32.DLL+17c24|C:\\windows\\SYSTEM32\\ntdll.dll+6cea1","UtcTime":"2020-10-19 04:28:35.631","TargetProcessGUID":"{39e4a257-f136-5f8b-3800-000000000700}","SourceProcessId":"756","EventID":10,"Channel":"Microsoft-Windows-Sysmon/Operational","Task":"10","RuleName":"-","Message":"Process accessed:\r\nRuleName: -\r\nUtcTime: 2020-10-19 04:28:35.631\r\nSourceProcessGUID: {39e4a257-f131-5f8b-0c00-000000000700}\r\nSourceProcessId: 756\r\nSourceThreadId: 4724\r\nSourceImage: C:\\windows\\system32\\lsass.exe\r\nTargetProcessGUID: {39e4a257-f136-5f8b-3800-000000000700}\r\nTargetProcessId: 2332\r\nTargetImage: C:\\windows\\system32\\vssvc.exe\r\nGrantedAccess: 0x1000\r\nCallTrace: C:\\windows\\SYSTEM32\\ntdll.dll+9c584|C:\\windows\\system32\\lsasrv.dll+32063|C:\\windows\\system32\\lsasrv.dll+30a65|C:\\windows\\SYSTEM32\\samsrv.dll+322c|C:\\windows\\SYSTEM32\\samsrv.dll+305f|C:\\windows\\SYSTEM32\\samsrv.dll+32d7|C:\\windows\\System32\\RPCRT4.dll+76a63|C:\\windows\\System32\\RPCRT4.dll+da036|C:\\windows\\System32\\RPCRT4.dll+37b7c|C:\\windows\\System32\\RPCRT4.dll+549f8|C:\\windows\\System32\\RPCRT4.dll+2c9b1|C:\\windows\\System32\\RPCRT4.dll+2c26b|C:\\windows\\System32\\RPCRT4.dll+1a8cf|C:\\windows\\System32\\RPCRT4.dll+19d7a|C:\\windows\\System32\\RPCRT4.dll+19361|C:\\windows\\System32\\RPCRT4.dll+18dce|C:\\windows\\System32\\RPCRT4.dll+16a05|C:\\windows\\SYSTEM32\\ntdll.dll+333ed|C:\\windows\\SYSTEM32\\ntdll.dll+34142|C:\\windows\\System32\\KERNEL32.DLL+17c24|C:\\windows\\SYSTEM32\\ntdll.dll+6cea1","Hostname":"WORKSTATION5","TargetProcessId":"2332","TargetImage":"C:\\windows\\system32\\vssvc.exe","SourceProcessGUID":"{39e4a257-f131-5f8b-0c00-000000000700}"}
