{"@timestamp":"2020-11-02T04:39:13.217Z","TimeCreated":"2020-11-02T04:39:13.217Z","CommandLine":"C:\\windows\\system32\\wbem\\wmiprvse.exe -secured -Embedding","SubjectLogonId":"0x3e7","NewProcessId":"0xa68","SubjectDomainName":"WORKGROUP","ProviderGuid":"{54849625-5478-4994-a5ba-3e3b0328c30d}","TargetLogonId":"0x3e4","TokenElevationType":"%%1936","SubjectUserSid":"S-1-5-18","NewProcessName":"C:\\Windows\\System32\\wbem\\WmiPrvSE.exe","Level":"0","Channel":"Security","Task":"13312","SourceName":"Microsoft-Windows-Security-Auditing","Hostname":"WORKSTATION5","TargetDomainName":"WORKGROUP","ProcessId":"0x3b0","TargetUserName":"WORKSTATION5$","ParentProcessName":"C:\\Windows\\System32\\svchost.exe","TargetUserSid":"S-1-0-0","EventID":4688,"Keywords":"0x8020000000000000","SubjectUserName":"WORKSTATION5$","MandatoryLabel":"S-1-16-16384","Message":"A new process has been created.\r\n\r\nCreator Subject:\r\n\tSecurity ID:\t\tS-1-5-18\r\n\tAccount Name:\t\tWORKSTATION5$\r\n\tAccount Domain:\t\tWORKGROUP\r\n\tLogon ID:\t\t0x3E7\r\n\r\nTarget Subject:\r\n\tSecurity ID:\t\tS-1-0-0\r\n\tAccount Name:\t\tWORKSTATION5$\r\n\tAccount Domain:\t\tWORKGROUP\r\n\tLogon ID:\t\t0x3E4\r\n\r\nProcess Information:\r\n\tNew Process ID:\t\t0xa68\r\n\tNew Process Name:\tC:\\Windows\\System32\\wbem\\WmiPrvSE.exe\r\n\tToken Elevation Type:\t%%1936\r\n\tMandatory Label:\t\tS-1-16-16384\r\n\tCreator Process ID:\t0x3b0\r\n\tCreator Process Name:\tC:\\Windows\\System32\\svchost.exe\r\n\tProcess Command Line:\tC:\\windows\\system32\\wbem\\wmiprvse.exe -secured -Embedding\r\n\r\nToken Elevation Type indicates the type of token that was assigned to the new process in accordance with User Account Control policy.\r\n\r\nType 1 is a full token with no privileges removed or groups disabled.  A full token is only used if User Account Control is disabled or if the user is the built-in Administrator account or a service account.\r\n\r\nType 2 is an elevated token with no privileges removed or groups disabled.  An elevated token is used when User Account Control is enabled and the user chooses to start the program using Run as administrator.  An elevated token is also used when an application is configured to always require administrative privilege or to always require maximum privilege, and the user is a member of the Administrators group.\r\n\r\nType 3 is a limited token with administrative privileges removed and administrative groups disabled.  The limited token is used when User Account Control is enabled, the application does not require administrative privilege, and the user does not choose to start the program using Run as administrator."}
{"@timestamp":"2020-11-02T04:39:13.247Z","TimeCreated":"2020-11-02T04:39:13.247Z","SubjectLogonId":"0x3e4","SubjectDomainName":"WORKGROUP","ProviderGuid":"{54849625-5478-4994-a5ba-3e3b0328c30d}","ProcessName":"C:\\Windows\\System32\\wbem\\WmiPrvSE.exe","ObjectServer":"Security","SubjectUserSid":"S-1-5-20","Level":"0","Channel":"Security","Task":"13056","Service":"-","SourceName":"Microsoft-Windows-Security-Auditing","Hostname":"WORKSTATION5","PrivilegeList":"SeProfileSingleProcessPrivilege","ProcessId":"0xa68","EventID":4673,"Keywords":"0x8010000000000000","SubjectUserName":"WORKSTATION5$","Message":"A privileged service was called.\r\n\r\nSubject:\r\n\tSecurity ID:\t\tS-1-5-20\r\n\tAccount Name:\t\tWORKSTATION5$\r\n\tAccount Domain:\t\tWORKGROUP\r\n\tLogon ID:\t\t0x3E4\r\n\r\nService:\r\n\tServer:\tSecurity\r\n\tService Name:\t-\r\n\r\nProcess:\r\n\tProcess ID:\t0xa68\r\n\tProcess Name:\tC:\\Windows\\System32\\wbem\\WmiPrvSE.exe\r\n\r\nService Request Information:\r\n\tPrivileges:\t\tSeProfileSingleProcessPrivilege"}
{"@timestamp":"2020-11-02T04:39:13.258Z","TimeCreated":"2020-11-02T04:39:13.258Z","SubjectLogonId":"0x3e4","SubjectDomainName":"WORKGROUP","ProviderGuid":"{54849625-5478-4994-a5ba-3e3b0328c30d}","SubjectUserSid":"S-1-5-20","SourceHandleId":"0x90","Level":"0","Channel":"Security","Task":"12807","TargetHandleId":"0x4038","SourceName":"Microsoft-Windows-Security-Auditing","Hostname":"WORKSTATION5","SourceProcessId":"0xa68","EventID":4690,"Keywords":"0x8020000000000000","TargetProcessId":"0x4","SubjectUserName":"WORKSTATION5$","Message":"An attempt was made to duplicate a handle to an object.\r\n\r\nSubject:\r\n\tSecurity ID:\t\tS-1-5-20\r\n\tAccount Name:\t\tWORKSTATION5$\r\n\tAccount Domain:\t\tWORKGROUP\r\n\tLogon ID:\t\t0x3E4\r\n\r\nSource Handle Information:\r\n\tSource Handle ID:\t0x90\r\n\tSource Process ID:\t0xa68\r\n\r\nNew Handle Information:\r\n\tTarget Handle ID:\t0x4038\r\n\tTarget Process ID:\t0x4"}
{"@timestamp":"2020-11-02T04:39:13.258Z","TimeCreated":"2020-11-02T04:39:13.258Z","SubjectLogonId":"0x3e4","SubjectDomainName":"WORKGROUP","ProviderGuid":"{54849625-5478-4994-a5ba-3e3b0328c30d}","ObjectServer":"Security","HandleId":"0x4038","SubjectUserSid":"S-1-5-20","Level":"0","Channel":"Security","Task":"12801","SourceName":"Microsoft-Windows-Security-Auditing","Hostname":"WORKSTATION5","ProcessName":"C:\\Windows\\System32\\wbem\\WmiPrvSE.exe","ProcessId":"0xa68","EventID":4658,"Keywords":"0x8020000000000000","SubjectUserName":"WORKSTATION5$","Message":"The handle to an object was closed.\r\n\r\nSubject :\r\n\tSecurity ID:\t\tS-1-5-20\r\n\tAccount Name:\t\tWORKSTATION5$\r\n\tAccount Domain:\t\tWORKGROUP\r\n\tLogon ID:\t\t0x3E4\r\n\r\nObject:\r\n\tObject Server:\t\tSecurity\r\n\tHandle ID:\t\t0x4038\r\n\r\nProcess Information:\r\n\tProcess ID:\t\t0xa68\r\n\tProcess Name:\t\tC:\\Windows\\System32\\wbem\\WmiPrvSE.exe"}
{"Keywords":"0x8020000000000000","Task":"12801","ObjectServer":"Security","TimeCreated":"2020-11-02T04:39:13.258Z","RestrictedSidCount":"0","SubjectUserSid":"S-1-5-20","ObjectName":"\\REGISTRY\\MACHINE\\SYSTEM\\ControlSet001\\Control\\Lsa","SubjectLogonId":"0x3e4","ResourceAttributes":"-","PrivilegeList":"-","TransactionId":"{00000000-0000-0000-0000-000000000000}","AccessMask":"0x1","SourceName":"Microsoft-Windows-Security-Auditing","SubjectDomainName":"WORKGROUP","ObjectType":"Key","ProcessName":"C:\\Windows\\System32\\wbem\\WmiPrvSE.exe","AccessReason":"-","ProcessId":"0xa68","SubjectUserName":"WORKSTATION5$","AccessList":"%%4432\n\t\t\t\t","@timestamp":"2020-11-02T04:39:13.258Z","HandleId":"0x90","Hostname":"WORKSTATION5","Channel":"Security","Level":"0","EventID":4656,"ProviderGuid":"{54849625-5478-4994-a5ba-3e3b0328c30d}","Message":"A handle to an object was requested.\r\n\r\nSubject:\r\n\tSecurity ID:\t\tS-1-5-20\r\n\tAccount Name:\t\tWORKSTATION5$\r\n\tAccount Domain:\t\tWORKGROUP\r\n\tLogon ID:\t\t0x3E4\r\n\r\nObject:\r\n\tObject Server:\t\tSecurity\r\n\tObject Type:\t\tKey\r\n\tObject Name:\t\t\\REGISTRY\\MACHINE\\SYSTEM\\ControlSet001\\Control\\Lsa\r\n\tHandle ID:\t\t0x90\r\n\tResource Attributes:\t-\r\n\r\nProcess Information:\r\n\tProcess ID:\t\t0xa68\r\n\tProcess Name:\t\tC:\\Windows\\System32\\wbem\\WmiPrvSE.exe\r\n\r\nAccess Request Information:\r\n\tTransaction ID:\t\t{00000000-0000-0000-0000-000000000000}\r\n\tAccesses:\t\tQuery key value\r\n\t\t\t\t\r\n\tAccess Reasons:\t\t-\r\n\tAccess Mask:\t\t0x1\r\n\tPrivileges Used for Access Check:\t-\r\n\tRestricted SID Count:\t0"}
{"@timestamp":"2020-11-02T04:39:13.258Z","TimeCreated":"2020-11-02T04:39:13.258Z","SubjectLogonId":"0x3e4","ResourceAttributes":"-","SubjectDomainName":"WORKGROUP","ProviderGuid":"{54849625-5478-4994-a5ba-3e3b0328c30d}","AccessList":"%%4432\n\t\t\t\t","ObjectServer":"Security","HandleId":"0x90","ObjectType":"Key","SubjectUserSid":"S-1-5-20","Level":"0","Channel":"Security","Task":"12801","ObjectName":"\\REGISTRY\\MACHINE\\SYSTEM\\ControlSet001\\Control\\Lsa","AccessMask":"0x1","SourceName":"Microsoft-Windows-Security-Auditing","Hostname":"WORKSTATION5","ProcessName":"C:\\Windows\\System32\\wbem\\WmiPrvSE.exe","ProcessId":"0xa68","EventID":4663,"Keywords":"0x8020000000000000","SubjectUserName":"WORKSTATION5$","Message":"An attempt was made to access an object.\r\n\r\nSubject:\r\n\tSecurity ID:\t\tS-1-5-20\r\n\tAccount Name:\t\tWORKSTATION5$\r\n\tAccount Domain:\t\tWORKGROUP\r\n\tLogon ID:\t\t0x3E4\r\n\r\nObject:\r\n\tObject Server:\t\tSecurity\r\n\tObject Type:\t\tKey\r\n\tObject Name:\t\t\\REGISTRY\\MACHINE\\SYSTEM\\ControlSet001\\Control\\Lsa\r\n\tHandle ID:\t\t0x90\r\n\tResource Attributes:\t-\r\n\r\nProcess Information:\r\n\tProcess ID:\t\t0xa68\r\n\tProcess Name:\t\tC:\\Windows\\System32\\wbem\\WmiPrvSE.exe\r\n\r\nAccess Request Information:\r\n\tAccesses:\t\tQuery key value\r\n\t\t\t\t\r\n\tAccess Mask:\t\t0x1"}
{"@timestamp":"2020-11-02T04:39:13.258Z","TimeCreated":"2020-11-02T04:39:13.258Z","SubjectLogonId":"0x3e4","SubjectDomainName":"WORKGROUP","ProviderGuid":"{54849625-5478-4994-a5ba-3e3b0328c30d}","ObjectServer":"Security","HandleId":"0x90","SubjectUserSid":"S-1-5-20","Level":"0","Channel":"Security","Task":"12801","SourceName":"Microsoft-Windows-Security-Auditing","Hostname":"WORKSTATION5","ProcessName":"C:\\Windows\\System32\\wbem\\WmiPrvSE.exe","ProcessId":"0xa68","EventID":4658,"Keywords":"0x8020000000000000","SubjectUserName":"WORKSTATION5$","Message":"The handle to an object was closed.\r\n\r\nSubject :\r\n\tSecurity ID:\t\tS-1-5-20\r\n\tAccount Name:\t\tWORKSTATION5$\r\n\tAccount Domain:\t\tWORKGROUP\r\n\tLogon ID:\t\t0x3E4\r\n\r\nObject:\r\n\tObject Server:\t\tSecurity\r\n\tHandle ID:\t\t0x90\r\n\r\nProcess Information:\r\n\tProcess ID:\t\t0xa68\r\n\tProcess Name:\t\tC:\\Windows\\System32\\wbem\\WmiPrvSE.exe"}
{"@timestamp":"2020-11-02T04:39:13.310Z","TimeCreated":"2020-11-02T04:39:13.310Z","SubjectLogonId":"0x3e7","SubjectDomainName":"WORKGROUP","ProviderGuid":"{54849625-5478-4994-a5ba-3e3b0328c30d}","TargetLogonId":"0x3e7","SubjectUserSid":"S-1-5-18","Level":"0","Channel":"Security","Task":"13317","SourceName":"Microsoft-Windows-Security-Auditing","Hostname":"WORKSTATION5","ProcessName":"C:\\Windows\\System32\\svchost.exe","TargetDomainName":"WORKGROUP","DisabledPrivilegeList":"-","TargetUserName":"WORKSTATION5$","TargetUserSid":"S-1-5-18","EventID":4703,"Keywords":"0x8020000000000000","ProcessId":"0x9f8","SubjectUserName":"WORKSTATION5$","EnabledPrivilegeList":"SeAssignPrimaryTokenPrivilege\n\t\t\tSeIncreaseQuotaPrivilege\n\t\t\tSeSecurityPrivilege\n\t\t\tSeTakeOwnershipPrivilege\n\t\t\tSeLoadDriverPrivilege\n\t\t\tSeSystemtimePrivilege\n\t\t\tSeBackupPrivilege\n\t\t\tSeRestorePrivilege\n\t\t\tSeShutdownPrivilege\n\t\t\tSeSystemEnvironmentPrivilege\n\t\t\tSeUndockPrivilege\n\t\t\tSeManageVolumePrivilege","Message":"A token right was adjusted.\r\n\r\nSubject:\r\n\tSecurity ID:\t\tS-1-5-18\r\n\tAccount Name:\t\tWORKSTATION5$\r\n\tAccount Domain:\t\tWORKGROUP\r\n\tLogon ID:\t\t0x3E7\r\n\r\nTarget Account:\r\n\tSecurity ID:\t\tS-1-5-18\r\n\tAccount Name:\t\tWORKSTATION5$\r\n\tAccount Domain:\t\tWORKGROUP\r\n\tLogon ID:\t\t0x3E7\r\n\r\nProcess Information:\r\n\tProcess ID:\t\t0x9f8\r\n\tProcess Name:\t\tC:\\Windows\\System32\\svchost.exe\r\n\r\nEnabled Privileges:\r\n\t\t\tSeAssignPrimaryTokenPrivilege\r\n\t\t\tSeIncreaseQuotaPrivilege\r\n\t\t\tSeSecurityPrivilege\r\n\t\t\tSeTakeOwnershipPrivilege\r\n\t\t\tSeLoadDriverPrivilege\r\n\t\t\tSeSystemtimePrivilege\r\n\t\t\tSeBackupPrivilege\r\n\t\t\tSeRestorePrivilege\r\n\t\t\tSeShutdownPrivilege\r\n\t\t\tSeSystemEnvironmentPrivilege\r\n\t\t\tSeUndockPrivilege\r\n\t\t\tSeManageVolumePrivilege\r\n\r\nDisabled Privileges:\r\n\t\t\t-"}
{"@timestamp":"2020-11-02T04:39:13.313Z","TimeCreated":"2020-11-02T04:39:13.313Z","SubjectLogonId":"0x3e7","SubjectDomainName":"WORKGROUP","ProviderGuid":"{54849625-5478-4994-a5ba-3e3b0328c30d}","TargetLogonId":"0x3e7","SubjectUserSid":"S-1-5-18","Level":"0","Channel":"Security","Task":"13317","SourceName":"Microsoft-Windows-Security-Auditing","Hostname":"WORKSTATION5","ProcessName":"C:\\Windows\\System32\\svchost.exe","TargetDomainName":"WORKGROUP","DisabledPrivilegeList":"-","TargetUserName":"WORKSTATION5$","TargetUserSid":"S-1-5-18","EventID":4703,"Keywords":"0x8020000000000000","ProcessId":"0x9f8","SubjectUserName":"WORKSTATION5$","EnabledPrivilegeList":"SeAssignPrimaryTokenPrivilege\n\t\t\tSeIncreaseQuotaPrivilege\n\t\t\tSeSecurityPrivilege\n\t\t\tSeTakeOwnershipPrivilege\n\t\t\tSeLoadDriverPrivilege\n\t\t\tSeSystemtimePrivilege\n\t\t\tSeBackupPrivilege\n\t\t\tSeRestorePrivilege\n\t\t\tSeShutdownPrivilege\n\t\t\tSeSystemEnvironmentPrivilege\n\t\t\tSeUndockPrivilege\n\t\t\tSeManageVolumePrivilege","Message":"A token right was adjusted.\r\n\r\nSubject:\r\n\tSecurity ID:\t\tS-1-5-18\r\n\tAccount Name:\t\tWORKSTATION5$\r\n\tAccount Domain:\t\tWORKGROUP\r\n\tLogon ID:\t\t0x3E7\r\n\r\nTarget Account:\r\n\tSecurity ID:\t\tS-1-5-18\r\n\tAccount Name:\t\tWORKSTATION5$\r\n\tAccount Domain:\t\tWORKGROUP\r\n\tLogon ID:\t\t0x3E7\r\n\r\nProcess Information:\r\n\tProcess ID:\t\t0x9f8\r\n\tProcess Name:\t\tC:\\Windows\\System32\\svchost.exe\r\n\r\nEnabled Privileges:\r\n\t\t\tSeAssignPrimaryTokenPrivilege\r\n\t\t\tSeIncreaseQuotaPrivilege\r\n\t\t\tSeSecurityPrivilege\r\n\t\t\tSeTakeOwnershipPrivilege\r\n\t\t\tSeLoadDriverPrivilege\r\n\t\t\tSeSystemtimePrivilege\r\n\t\t\tSeBackupPrivilege\r\n\t\t\tSeRestorePrivilege\r\n\t\t\tSeShutdownPrivilege\r\n\t\t\tSeSystemEnvironmentPrivilege\r\n\t\t\tSeUndockPrivilege\r\n\t\t\tSeManageVolumePrivilege\r\n\r\nDisabled Privileges:\r\n\t\t\t-"}
{"@timestamp":"2020-11-02T04:39:13.354Z","TimeCreated":"2020-11-02T04:39:13.354Z","SubjectLogonId":"0x3e7","SubjectDomainName":"WORKGROUP","ProviderGuid":"{54849625-5478-4994-a5ba-3e3b0328c30d}","TargetLogonId":"0x3e7","SubjectUserSid":"S-1-5-18","Level":"0","Channel":"Security","Task":"13317","SourceName":"Microsoft-Windows-Security-Auditing","Hostname":"WORKSTATION5","ProcessName":"C:\\Windows\\System32\\svchost.exe","TargetDomainName":"WORKGROUP","DisabledPrivilegeList":"-","TargetUserName":"WORKSTATION5$","TargetUserSid":"S-1-5-18","EventID":4703,"Keywords":"0x8020000000000000","ProcessId":"0x9f8","SubjectUserName":"WORKSTATION5$","EnabledPrivilegeList":"SeAssignPrimaryTokenPrivilege\n\t\t\tSeIncreaseQuotaPrivilege\n\t\t\tSeSecurityPrivilege\n\t\t\tSeTakeOwnershipPrivilege\n\t\t\tSeLoadDriverPrivilege\n\t\t\tSeSystemtimePrivilege\n\t\t\tSeBackupPrivilege\n\t\t\tSeRestorePrivilege\n\t\t\tSeShutdownPrivilege\n\t\t\tSeSystemEnvironmentPrivilege\n\t\t\tSeUndockPrivilege\n\t\t\tSeManageVolumePrivilege","Message":"A token right was adjusted.\r\n\r\nSubject:\r\n\tSecurity ID:\t\tS-1-5-18\r\n\tAccount Name:\t\tWORKSTATION5$\r\n\tAccount Domain:\t\tWORKGROUP\r\n\tLogon ID:\t\t0x3E7\r\n\r\nTarget Account:\r\n\tSecurity ID:\t\tS-1-5-18\r\n\tAccount Name:\t\tWORKSTATION5$\r\n\tAccount Domain:\t\tWORKGROUP\r\n\tLogon ID:\t\t0x3E7\r\n\r\nProcess Information:\r\n\tProcess ID:\t\t0x9f8\r\n\tProcess Name:\t\tC:\\Windows\\System32\\svchost.exe\r\n\r\nEnabled Privileges:\r\n\t\t\tSeAssignPrimaryTokenPrivilege\r\n\t\t\tSeIncreaseQuotaPrivilege\r\n\t\t\tSeSecurityPrivilege\r\n\t\t\tSeTakeOwnershipPrivilege\r\n\t\t\tSeLoadDriverPrivilege\r\n\t\t\tSeSystemtimePrivilege\r\n\t\t\tSeBackupPrivilege\r\n\t\t\tSeRestorePrivilege\r\n\t\t\tSeShutdownPrivilege\r\n\t\t\tSeSystemEnvironmentPrivilege\r\n\t\t\tSeUndockPrivilege\r\n\t\t\tSeManageVolumePrivilege\r\n\r\nDisabled Privileges:\r\n\t\t\t-"}
{"@timestamp":"2020-11-02T04:39:13.357Z","TimeCreated":"2020-11-02T04:39:13.357Z","SubjectLogonId":"0x3e7","SubjectDomainName":"WORKGROUP","ProviderGuid":"{54849625-5478-4994-a5ba-3e3b0328c30d}","TargetLogonId":"0x3e7","SubjectUserSid":"S-1-5-18","Level":"0","Channel":"Security","Task":"13317","SourceName":"Microsoft-Windows-Security-Auditing","Hostname":"WORKSTATION5","ProcessName":"C:\\Windows\\System32\\svchost.exe","TargetDomainName":"WORKGROUP","DisabledPrivilegeList":"-","TargetUserName":"WORKSTATION5$","TargetUserSid":"S-1-5-18","EventID":4703,"Keywords":"0x8020000000000000","ProcessId":"0x9f8","SubjectUserName":"WORKSTATION5$","EnabledPrivilegeList":"SeAssignPrimaryTokenPrivilege\n\t\t\tSeIncreaseQuotaPrivilege\n\t\t\tSeSecurityPrivilege\n\t\t\tSeTakeOwnershipPrivilege\n\t\t\tSeLoadDriverPrivilege\n\t\t\tSeSystemtimePrivilege\n\t\t\tSeBackupPrivilege\n\t\t\tSeRestorePrivilege\n\t\t\tSeShutdownPrivilege\n\t\t\tSeSystemEnvironmentPrivilege\n\t\t\tSeUndockPrivilege\n\t\t\tSeManageVolumePrivilege","Message":"A token right was adjusted.\r\n\r\nSubject:\r\n\tSecurity ID:\t\tS-1-5-18\r\n\tAccount Name:\t\tWORKSTATION5$\r\n\tAccount Domain:\t\tWORKGROUP\r\n\tLogon ID:\t\t0x3E7\r\n\r\nTarget Account:\r\n\tSecurity ID:\t\tS-1-5-18\r\n\tAccount Name:\t\tWORKSTATION5$\r\n\tAccount Domain:\t\tWORKGROUP\r\n\tLogon ID:\t\t0x3E7\r\n\r\nProcess Information:\r\n\tProcess ID:\t\t0x9f8\r\n\tProcess Name:\t\tC:\\Windows\\System32\\svchost.exe\r\n\r\nEnabled Privileges:\r\n\t\t\tSeAssignPrimaryTokenPrivilege\r\n\t\t\tSeIncreaseQuotaPrivilege\r\n\t\t\tSeSecurityPrivilege\r\n\t\t\tSeTakeOwnershipPrivilege\r\n\t\t\tSeLoadDriverPrivilege\r\n\t\t\tSeSystemtimePrivilege\r\n\t\t\tSeBackupPrivilege\r\n\t\t\tSeRestorePrivilege\r\n\t\t\tSeShutdownPrivilege\r\n\t\t\tSeSystemEnvironmentPrivilege\r\n\t\t\tSeUndockPrivilege\r\n\t\t\tSeManageVolumePrivilege\r\n\r\nDisabled Privileges:\r\n\t\t\t-"}
{"@timestamp":"2020-11-02T04:39:13.623Z","TimeCreated":"2020-11-02T04:39:13.623Z","SubjectLogonId":"0xc61d9","SubjectDomainName":"WORKSTATION5","Flags":"512","ProviderGuid":"{54849625-5478-4994-a5ba-3e3b0328c30d}","SubjectUserSid":"S-1-5-21-3940915590-64593676-1414006259-500","Level":"0","Channel":"Security","Task":"13824","ClientProcessId":"12036","SourceName":"Microsoft-Windows-Security-Auditing","Hostname":"WORKSTATION5","ProcessCreationTime":"2020-11-02T21:39:11.671518300Z","CountOfCredentialsReturned":"1","EventID":5381,"Keywords":"0x8020000000000000","SubjectUserName":"wardog","Message":"Vault credentials were read.\r\n\r\nSubject:\r\n\tSecurity ID:\t\tS-1-5-21-3940915590-64593676-1414006259-500\r\n\tAccount Name:\t\twardog\r\n\tAccount Domain:\t\tWORKSTATION5\r\n\tLogon ID:\t\t0xC61D9\r\n\r\nThis event occurs when a user enumerates stored vault credentials."}
{"@timestamp":"2020-11-02T04:39:13.627Z","TimeCreated":"2020-11-02T04:39:13.627Z","SubjectLogonId":"0xc61d9","ClientProcessId":"12036","SubjectDomainName":"WORKSTATION5","Flags":"0","ProviderGuid":"{54849625-5478-4994-a5ba-3e3b0328c30d}","ReturnCode":"0","PackageSid":null,"SubjectUserSid":"S-1-5-21-3940915590-64593676-1414006259-500","Level":"0","Channel":"Security","Task":"13824","Schema":"{3ccd5499-87a8-4b10-a215-608888dd3b55}","SchemaFriendlyName":"Windows Web Password Credential","SourceName":"Microsoft-Windows-Security-Auditing","Hostname":"WORKSTATION5","ProcessCreationTime":"2020-11-02T21:39:11.671518300Z","Resource":"http://ossemproject.com","Identity":"pgustavo","EventID":5382,"Keywords":"0x8020000000000000","SubjectUserName":"wardog","Message":"Vault credentials were read.\r\n\r\nSubject:\r\n\tSecurity ID:\t\tS-1-5-21-3940915590-64593676-1414006259-500\r\n\tAccount Name:\t\twardog\r\n\tAccount Domain:\t\tWORKSTATION5\r\n\tLogon ID:\t\t0xC61D9\r\n\r\nThis event occurs when a user reads a stored vault credential."}
{"@timestamp":"2020-11-02T04:39:13.636Z","TimeCreated":"2020-11-02T04:39:13.636Z","Type":"0","SubjectLogonId":"0xc61d9","SubjectDomainName":"WORKSTATION5","ProviderGuid":"{54849625-5478-4994-a5ba-3e3b0328c30d}","ReadOperation":"%%8100","SubjectUserSid":"S-1-5-21-3940915590-64593676-1414006259-500","Level":"0","Channel":"Security","Task":"13824","ClientProcessId":"756","SourceName":"Microsoft-Windows-Security-Auditing","Hostname":"WORKSTATION5","ProcessCreationTime":"2020-10-18T07:39:29.753768700Z","ReturnCode":"0","CountOfCredentialsReturned":"4","EventID":5379,"Keywords":"0x8020000000000000","TargetName":null,"SubjectUserName":"wardog","Message":"Credential Manager credentials were read.\r\n\r\nSubject:\r\n\tSecurity ID:\t\tS-1-5-21-3940915590-64593676-1414006259-500\r\n\tAccount Name:\t\twardog\r\n\tAccount Domain:\t\tWORKSTATION5\r\n\tLogon ID:\t\t0xC61D9\r\n\tRead Operation:\t\tEnumerate Credentials\r\n\r\nThis event occurs when a user performs a read operation on stored credentials in Credential Manager."}
{"@timestamp":"2020-11-02T04:39:13.636Z","TimeCreated":"2020-11-02T04:39:13.636Z","SubjectLogonId":"0xc61d9","SubjectDomainName":"WORKSTATION5","Flags":"512","ProviderGuid":"{54849625-5478-4994-a5ba-3e3b0328c30d}","SubjectUserSid":"S-1-5-21-3940915590-64593676-1414006259-500","Level":"0","Channel":"Security","Task":"13824","ClientProcessId":"12036","SourceName":"Microsoft-Windows-Security-Auditing","Hostname":"WORKSTATION5","ProcessCreationTime":"2020-11-02T21:39:11.671518300Z","CountOfCredentialsReturned":"1","EventID":5381,"Keywords":"0x8020000000000000","SubjectUserName":"wardog","Message":"Vault credentials were read.\r\n\r\nSubject:\r\n\tSecurity ID:\t\tS-1-5-21-3940915590-64593676-1414006259-500\r\n\tAccount Name:\t\twardog\r\n\tAccount Domain:\t\tWORKSTATION5\r\n\tLogon ID:\t\t0xC61D9\r\n\r\nThis event occurs when a user enumerates stored vault credentials."}
{"@timestamp":"2020-11-02T04:39:13.637Z","TimeCreated":"2020-11-02T04:39:13.637Z","Type":"2","SubjectLogonId":"0xc61d9","SubjectDomainName":"WORKSTATION5","ProviderGuid":"{54849625-5478-4994-a5ba-3e3b0328c30d}","ReadOperation":"%%8099","SubjectUserSid":"S-1-5-21-3940915590-64593676-1414006259-500","Level":"0","Channel":"Security","Task":"13824","ClientProcessId":"756","SourceName":"Microsoft-Windows-Security-Auditing","Hostname":"WORKSTATION5","ProcessCreationTime":"2020-10-18T07:39:29.753768700Z","ReturnCode":"0","CountOfCredentialsReturned":"1","EventID":5379,"Keywords":"0x8020000000000000","TargetName":"Domain:target=threathunterplaybook.com","SubjectUserName":"wardog","Message":"Credential Manager credentials were read.\r\n\r\nSubject:\r\n\tSecurity ID:\t\tS-1-5-21-3940915590-64593676-1414006259-500\r\n\tAccount Name:\t\twardog\r\n\tAccount Domain:\t\tWORKSTATION5\r\n\tLogon ID:\t\t0xC61D9\r\n\tRead Operation:\t\tRead Credential\r\n\r\nThis event occurs when a user performs a read operation on stored credentials in Credential Manager."}
{"@timestamp":"2020-11-02T04:39:13.637Z","TimeCreated":"2020-11-02T04:39:13.637Z","Type":"3","SubjectLogonId":"0xc61d9","SubjectDomainName":"WORKSTATION5","ProviderGuid":"{54849625-5478-4994-a5ba-3e3b0328c30d}","ReadOperation":"%%8099","SubjectUserSid":"S-1-5-21-3940915590-64593676-1414006259-500","Level":"0","Channel":"Security","Task":"13824","ClientProcessId":"756","SourceName":"Microsoft-Windows-Security-Auditing","Hostname":"WORKSTATION5","ProcessCreationTime":"2020-10-18T07:39:29.753768700Z","ReturnCode":"3221226021","CountOfCredentialsReturned":"1","EventID":5379,"Keywords":"0x8020000000000000","TargetName":"Domain:target=threathunterplaybook.com","SubjectUserName":"wardog","Message":"Credential Manager credentials were read.\r\n\r\nSubject:\r\n\tSecurity ID:\t\tS-1-5-21-3940915590-64593676-1414006259-500\r\n\tAccount Name:\t\twardog\r\n\tAccount Domain:\t\tWORKSTATION5\r\n\tLogon ID:\t\t0xC61D9\r\n\tRead Operation:\t\tRead Credential\r\n\r\nThis event occurs when a user performs a read operation on stored credentials in Credential Manager."}
{"@timestamp":"2020-11-02T04:39:13.637Z","TimeCreated":"2020-11-02T04:39:13.637Z","Type":"6","SubjectLogonId":"0xc61d9","SubjectDomainName":"WORKSTATION5","ProviderGuid":"{54849625-5478-4994-a5ba-3e3b0328c30d}","ReadOperation":"%%8099","SubjectUserSid":"S-1-5-21-3940915590-64593676-1414006259-500","Level":"0","Channel":"Security","Task":"13824","ClientProcessId":"756","SourceName":"Microsoft-Windows-Security-Auditing","Hostname":"WORKSTATION5","ProcessCreationTime":"2020-10-18T07:39:29.753768700Z","ReturnCode":"3221225485","CountOfCredentialsReturned":"1","EventID":5379,"Keywords":"0x8020000000000000","TargetName":"Domain:target=threathunterplaybook.com","SubjectUserName":"wardog","Message":"Credential Manager credentials were read.\r\n\r\nSubject:\r\n\tSecurity ID:\t\tS-1-5-21-3940915590-64593676-1414006259-500\r\n\tAccount Name:\t\twardog\r\n\tAccount Domain:\t\tWORKSTATION5\r\n\tLogon ID:\t\t0xC61D9\r\n\tRead Operation:\t\tRead Credential\r\n\r\nThis event occurs when a user performs a read operation on stored credentials in Credential Manager."}
{"@timestamp":"2020-11-02T04:39:13.637Z","TimeCreated":"2020-11-02T04:39:13.637Z","SubjectLogonId":"0xc61d9","ClientProcessId":"12036","SubjectDomainName":"WORKSTATION5","Flags":"0","ProviderGuid":"{54849625-5478-4994-a5ba-3e3b0328c30d}","ReturnCode":"0","PackageSid":null,"SubjectUserSid":"S-1-5-21-3940915590-64593676-1414006259-500","Level":"0","Channel":"Security","Task":"13824","Schema":"{3e0e35be-1b77-43e7-b873-aed901b6275b}","SchemaFriendlyName":"Windows Domain Password Credential","SourceName":"Microsoft-Windows-Security-Auditing","Hostname":"WORKSTATION5","ProcessCreationTime":"2020-11-02T21:39:11.671518300Z","Resource":"Domain:target=threathunterplaybook.com","Identity":"wardog","EventID":5382,"Keywords":"0x8020000000000000","SubjectUserName":"wardog","Message":"Vault credentials were read.\r\n\r\nSubject:\r\n\tSecurity ID:\t\tS-1-5-21-3940915590-64593676-1414006259-500\r\n\tAccount Name:\t\twardog\r\n\tAccount Domain:\t\tWORKSTATION5\r\n\tLogon ID:\t\t0xC61D9\r\n\r\nThis event occurs when a user reads a stored vault credential."}
{"@timestamp":"2020-11-02T04:39:13.645Z","TimeCreated":"2020-11-02T04:39:13.645Z","SubjectLogonId":"0xc61d9","SubjectDomainName":"WORKSTATION5","ProviderGuid":"{54849625-5478-4994-a5ba-3e3b0328c30d}","ObjectServer":"Security","HandleId":"0x2b4","SubjectUserSid":"S-1-5-21-3940915590-64593676-1414006259-500","Level":"0","Channel":"Security","Task":"12801","SourceName":"Microsoft-Windows-Security-Auditing","Hostname":"WORKSTATION5","ProcessName":"C:\\Users\\wardog\\Desktop\\Seatbelt.exe","ProcessId":"0x2f04","EventID":4658,"Keywords":"0x8020000000000000","SubjectUserName":"wardog","Message":"The handle to an object was closed.\r\n\r\nSubject :\r\n\tSecurity ID:\t\tS-1-5-21-3940915590-64593676-1414006259-500\r\n\tAccount Name:\t\twardog\r\n\tAccount Domain:\t\tWORKSTATION5\r\n\tLogon ID:\t\t0xC61D9\r\n\r\nObject:\r\n\tObject Server:\t\tSecurity\r\n\tHandle ID:\t\t0x2b4\r\n\r\nProcess Information:\r\n\tProcess ID:\t\t0x2f04\r\n\tProcess Name:\t\tC:\\Users\\wardog\\Desktop\\Seatbelt.exe"}
{"@timestamp":"2020-11-02T04:39:13.656Z","TimeCreated":"2020-11-02T04:39:13.656Z","SubjectLogonId":"0xc61d9","SubjectDomainName":"WORKSTATION5","ProviderGuid":"{54849625-5478-4994-a5ba-3e3b0328c30d}","SubjectUserSid":"S-1-5-21-3940915590-64593676-1414006259-500","Level":"0","Channel":"Security","Task":"13313","SourceName":"Microsoft-Windows-Security-Auditing","Hostname":"WORKSTATION5","ProcessName":"C:\\Users\\wardog\\Desktop\\Seatbelt.exe","ProcessId":"0x2f04","Status":"0x0","EventID":4689,"Keywords":"0x8020000000000000","SubjectUserName":"wardog","Message":"A process has exited.\r\n\r\nSubject:\r\n\tSecurity ID:\t\tS-1-5-21-3940915590-64593676-1414006259-500\r\n\tAccount Name:\t\twardog\r\n\tAccount Domain:\t\tWORKSTATION5\r\n\tLogon ID:\t\t0xC61D9\r\n\r\nProcess Information:\r\n\tProcess ID:\t0x2f04\r\n\tProcess Name:\tC:\\Users\\wardog\\Desktop\\Seatbelt.exe\r\n\tExit Status:\t0x0"}
{"@timestamp":"2020-11-02T04:39:13.656Z","TimeCreated":"2020-11-02T04:39:13.656Z","SubjectLogonId":"0xc61d9","SubjectDomainName":"WORKSTATION5","ProviderGuid":"{54849625-5478-4994-a5ba-3e3b0328c30d}","ObjectServer":"Security","HandleId":"0x164","SubjectUserSid":"S-1-5-21-3940915590-64593676-1414006259-500","Level":"0","Channel":"Security","Task":"12801","SourceName":"Microsoft-Windows-Security-Auditing","Hostname":"WORKSTATION5","ProcessName":"C:\\Users\\wardog\\Desktop\\Seatbelt.exe","ProcessId":"0x2f04","EventID":4658,"Keywords":"0x8020000000000000","SubjectUserName":"wardog","Message":"The handle to an object was closed.\r\n\r\nSubject :\r\n\tSecurity ID:\t\tS-1-5-21-3940915590-64593676-1414006259-500\r\n\tAccount Name:\t\twardog\r\n\tAccount Domain:\t\tWORKSTATION5\r\n\tLogon ID:\t\t0xC61D9\r\n\r\nObject:\r\n\tObject Server:\t\tSecurity\r\n\tHandle ID:\t\t0x164\r\n\r\nProcess Information:\r\n\tProcess ID:\t\t0x2f04\r\n\tProcess Name:\t\tC:\\Users\\wardog\\Desktop\\Seatbelt.exe"}
{"@timestamp":"2020-11-02T04:39:14.054Z","TimeCreated":"2020-11-02T04:39:14.054Z","SubjectLogonId":"0x3e7","SubjectDomainName":"WORKGROUP","ProviderGuid":"{54849625-5478-4994-a5ba-3e3b0328c30d}","SubjectUserSid":"S-1-5-18","SourceHandleId":"0x940","Level":"0","Channel":"Security","Task":"12807","TargetHandleId":"0x4234","SourceName":"Microsoft-Windows-Security-Auditing","Hostname":"WORKSTATION5","SourceProcessId":"0xd50","EventID":4690,"Keywords":"0x8020000000000000","TargetProcessId":"0x4","SubjectUserName":"WORKSTATION5$","Message":"An attempt was made to duplicate a handle to an object.\r\n\r\nSubject:\r\n\tSecurity ID:\t\tS-1-5-18\r\n\tAccount Name:\t\tWORKSTATION5$\r\n\tAccount Domain:\t\tWORKGROUP\r\n\tLogon ID:\t\t0x3E7\r\n\r\nSource Handle Information:\r\n\tSource Handle ID:\t0x940\r\n\tSource Process ID:\t0xd50\r\n\r\nNew Handle Information:\r\n\tTarget Handle ID:\t0x4234\r\n\tTarget Process ID:\t0x4"}
{"@timestamp":"2020-11-02T04:39:14.054Z","TimeCreated":"2020-11-02T04:39:14.054Z","SubjectLogonId":"0x3e7","SubjectDomainName":"WORKGROUP","ProviderGuid":"{54849625-5478-4994-a5ba-3e3b0328c30d}","ObjectServer":"Security","HandleId":"0x4234","SubjectUserSid":"S-1-5-18","Level":"0","Channel":"Security","Task":"12802","SourceName":"Microsoft-Windows-Security-Auditing","Hostname":"WORKSTATION5","ProcessName":"C:\\ProgramData\\Microsoft\\Windows Defender\\Platform\\4.18.2009.7-0\\MsMpEng.exe","ProcessId":"0xd50","EventID":4658,"Keywords":"0x8020000000000000","SubjectUserName":"WORKSTATION5$","Message":"The handle to an object was closed.\r\n\r\nSubject :\r\n\tSecurity ID:\t\tS-1-5-18\r\n\tAccount Name:\t\tWORKSTATION5$\r\n\tAccount Domain:\t\tWORKGROUP\r\n\tLogon ID:\t\t0x3E7\r\n\r\nObject:\r\n\tObject Server:\t\tSecurity\r\n\tHandle ID:\t\t0x4234\r\n\r\nProcess Information:\r\n\tProcess ID:\t\t0xd50\r\n\tProcess Name:\t\tC:\\ProgramData\\Microsoft\\Windows Defender\\Platform\\4.18.2009.7-0\\MsMpEng.exe"}
{"Keywords":"0x8020000000000000","Task":"12802","ObjectServer":"Security","TimeCreated":"2020-11-02T04:39:14.054Z","RestrictedSidCount":"0","SubjectUserSid":"S-1-5-18","ObjectName":"\\Device\\HarddiskVolume2\\Windows\\System32\\lsass.exe","SubjectLogonId":"0x3e7","ResourceAttributes":"-","PrivilegeList":"-","TransactionId":"{00000000-0000-0000-0000-000000000000}","AccessMask":"0x1010","SourceName":"Microsoft-Windows-Security-Auditing","SubjectDomainName":"WORKGROUP","ObjectType":"Process","ProcessName":"C:\\ProgramData\\Microsoft\\Windows Defender\\Platform\\4.18.2009.7-0\\MsMpEng.exe","AccessReason":"-","ProcessId":"0xd50","SubjectUserName":"WORKSTATION5$","AccessList":"%%4484\n\t\t\t\t%%4492\n\t\t\t\t","@timestamp":"2020-11-02T04:39:14.054Z","HandleId":"0x940","Hostname":"WORKSTATION5","Channel":"Security","Level":"0","EventID":4656,"ProviderGuid":"{54849625-5478-4994-a5ba-3e3b0328c30d}","Message":"A handle to an object was requested.\r\n\r\nSubject:\r\n\tSecurity ID:\t\tS-1-5-18\r\n\tAccount Name:\t\tWORKSTATION5$\r\n\tAccount Domain:\t\tWORKGROUP\r\n\tLogon ID:\t\t0x3E7\r\n\r\nObject:\r\n\tObject Server:\t\tSecurity\r\n\tObject Type:\t\tProcess\r\n\tObject Name:\t\t\\Device\\HarddiskVolume2\\Windows\\System32\\lsass.exe\r\n\tHandle ID:\t\t0x940\r\n\tResource Attributes:\t-\r\n\r\nProcess Information:\r\n\tProcess ID:\t\t0xd50\r\n\tProcess Name:\t\tC:\\ProgramData\\Microsoft\\Windows Defender\\Platform\\4.18.2009.7-0\\MsMpEng.exe\r\n\r\nAccess Request Information:\r\n\tTransaction ID:\t\t{00000000-0000-0000-0000-000000000000}\r\n\tAccesses:\t\tRead from process memory\r\n\t\t\t\tUndefined Access (no effect) Bit 12\r\n\t\t\t\t\r\n\tAccess Reasons:\t\t-\r\n\tAccess Mask:\t\t0x1010\r\n\tPrivileges Used for Access Check:\t-\r\n\tRestricted SID Count:\t0"}
{"@timestamp":"2020-11-02T04:39:14.054Z","TimeCreated":"2020-11-02T04:39:14.054Z","SubjectLogonId":"0x3e7","ResourceAttributes":"-","SubjectDomainName":"WORKGROUP","ProviderGuid":"{54849625-5478-4994-a5ba-3e3b0328c30d}","AccessList":"%%4484\n\t\t\t\t","ObjectServer":"Security","HandleId":"0x940","ObjectType":"Process","SubjectUserSid":"S-1-5-18","Level":"0","Channel":"Security","Task":"12802","ObjectName":"\\Device\\HarddiskVolume2\\Windows\\System32\\lsass.exe","AccessMask":"0x10","SourceName":"Microsoft-Windows-Security-Auditing","Hostname":"WORKSTATION5","ProcessName":"C:\\ProgramData\\Microsoft\\Windows Defender\\Platform\\4.18.2009.7-0\\MsMpEng.exe","ProcessId":"0xd50","EventID":4663,"Keywords":"0x8020000000000000","SubjectUserName":"WORKSTATION5$","Message":"An attempt was made to access an object.\r\n\r\nSubject:\r\n\tSecurity ID:\t\tS-1-5-18\r\n\tAccount Name:\t\tWORKSTATION5$\r\n\tAccount Domain:\t\tWORKGROUP\r\n\tLogon ID:\t\t0x3E7\r\n\r\nObject:\r\n\tObject Server:\t\tSecurity\r\n\tObject Type:\t\tProcess\r\n\tObject Name:\t\t\\Device\\HarddiskVolume2\\Windows\\System32\\lsass.exe\r\n\tHandle ID:\t\t0x940\r\n\tResource Attributes:\t-\r\n\r\nProcess Information:\r\n\tProcess ID:\t\t0xd50\r\n\tProcess Name:\t\tC:\\ProgramData\\Microsoft\\Windows Defender\\Platform\\4.18.2009.7-0\\MsMpEng.exe\r\n\r\nAccess Request Information:\r\n\tAccesses:\t\tRead from process memory\r\n\t\t\t\t\r\n\tAccess Mask:\t\t0x10"}
{"@timestamp":"2020-11-02T04:39:14.054Z","TimeCreated":"2020-11-02T04:39:14.054Z","SubjectLogonId":"0x3e7","SubjectDomainName":"WORKGROUP","ProviderGuid":"{54849625-5478-4994-a5ba-3e3b0328c30d}","ObjectServer":"Security","HandleId":"0x940","SubjectUserSid":"S-1-5-18","Level":"0","Channel":"Security","Task":"12802","SourceName":"Microsoft-Windows-Security-Auditing","Hostname":"WORKSTATION5","ProcessName":"C:\\ProgramData\\Microsoft\\Windows Defender\\Platform\\4.18.2009.7-0\\MsMpEng.exe","ProcessId":"0xd50","EventID":4658,"Keywords":"0x8020000000000000","SubjectUserName":"WORKSTATION5$","Message":"The handle to an object was closed.\r\n\r\nSubject :\r\n\tSecurity ID:\t\tS-1-5-18\r\n\tAccount Name:\t\tWORKSTATION5$\r\n\tAccount Domain:\t\tWORKGROUP\r\n\tLogon ID:\t\t0x3E7\r\n\r\nObject:\r\n\tObject Server:\t\tSecurity\r\n\tHandle ID:\t\t0x940\r\n\r\nProcess Information:\r\n\tProcess ID:\t\t0xd50\r\n\tProcess Name:\t\tC:\\ProgramData\\Microsoft\\Windows Defender\\Platform\\4.18.2009.7-0\\MsMpEng.exe"}
{"@timestamp":"2020-11-02T04:39:14.054Z","TimeCreated":"2020-11-02T04:39:14.054Z","SubjectLogonId":"0x3e7","SubjectDomainName":"WORKGROUP","ProviderGuid":"{54849625-5478-4994-a5ba-3e3b0328c30d}","SubjectUserSid":"S-1-5-18","SourceHandleId":"0x16d0","Level":"0","Channel":"Security","Task":"12807","TargetHandleId":"0x4914","SourceName":"Microsoft-Windows-Security-Auditing","Hostname":"WORKSTATION5","SourceProcessId":"0xd50","EventID":4690,"Keywords":"0x8020000000000000","TargetProcessId":"0x4","SubjectUserName":"WORKSTATION5$","Message":"An attempt was made to duplicate a handle to an object.\r\n\r\nSubject:\r\n\tSecurity ID:\t\tS-1-5-18\r\n\tAccount Name:\t\tWORKSTATION5$\r\n\tAccount Domain:\t\tWORKGROUP\r\n\tLogon ID:\t\t0x3E7\r\n\r\nSource Handle Information:\r\n\tSource Handle ID:\t0x16d0\r\n\tSource Process ID:\t0xd50\r\n\r\nNew Handle Information:\r\n\tTarget Handle ID:\t0x4914\r\n\tTarget Process ID:\t0x4"}
{"@timestamp":"2020-11-02T04:39:14.054Z","TimeCreated":"2020-11-02T04:39:14.054Z","SubjectLogonId":"0x3e7","SubjectDomainName":"WORKGROUP","ProviderGuid":"{54849625-5478-4994-a5ba-3e3b0328c30d}","ObjectServer":"Security","HandleId":"0x4914","SubjectUserSid":"S-1-5-18","Level":"0","Channel":"Security","Task":"12802","SourceName":"Microsoft-Windows-Security-Auditing","Hostname":"WORKSTATION5","ProcessName":"C:\\ProgramData\\Microsoft\\Windows Defender\\Platform\\4.18.2009.7-0\\MsMpEng.exe","ProcessId":"0xd50","EventID":4658,"Keywords":"0x8020000000000000","SubjectUserName":"WORKSTATION5$","Message":"The handle to an object was closed.\r\n\r\nSubject :\r\n\tSecurity ID:\t\tS-1-5-18\r\n\tAccount Name:\t\tWORKSTATION5$\r\n\tAccount Domain:\t\tWORKGROUP\r\n\tLogon ID:\t\t0x3E7\r\n\r\nObject:\r\n\tObject Server:\t\tSecurity\r\n\tHandle ID:\t\t0x4914\r\n\r\nProcess Information:\r\n\tProcess ID:\t\t0xd50\r\n\tProcess Name:\t\tC:\\ProgramData\\Microsoft\\Windows Defender\\Platform\\4.18.2009.7-0\\MsMpEng.exe"}
{"Keywords":"0x8020000000000000","Task":"12802","ObjectServer":"Security","TimeCreated":"2020-11-02T04:39:14.054Z","RestrictedSidCount":"0","SubjectUserSid":"S-1-5-18","ObjectName":"\\Device\\HarddiskVolume2\\Windows\\System32\\lsass.exe","SubjectLogonId":"0x3e7","ResourceAttributes":"-","PrivilegeList":"-","TransactionId":"{00000000-0000-0000-0000-000000000000}","AccessMask":"0x1010","SourceName":"Microsoft-Windows-Security-Auditing","SubjectDomainName":"WORKGROUP","ObjectType":"Process","ProcessName":"C:\\ProgramData\\Microsoft\\Windows Defender\\Platform\\4.18.2009.7-0\\MsMpEng.exe","AccessReason":"-","ProcessId":"0xd50","SubjectUserName":"WORKSTATION5$","AccessList":"%%4484\n\t\t\t\t%%4492\n\t\t\t\t","@timestamp":"2020-11-02T04:39:14.054Z","HandleId":"0x16d0","Hostname":"WORKSTATION5","Channel":"Security","Level":"0","EventID":4656,"ProviderGuid":"{54849625-5478-4994-a5ba-3e3b0328c30d}","Message":"A handle to an object was requested.\r\n\r\nSubject:\r\n\tSecurity ID:\t\tS-1-5-18\r\n\tAccount Name:\t\tWORKSTATION5$\r\n\tAccount Domain:\t\tWORKGROUP\r\n\tLogon ID:\t\t0x3E7\r\n\r\nObject:\r\n\tObject Server:\t\tSecurity\r\n\tObject Type:\t\tProcess\r\n\tObject Name:\t\t\\Device\\HarddiskVolume2\\Windows\\System32\\lsass.exe\r\n\tHandle ID:\t\t0x16d0\r\n\tResource Attributes:\t-\r\n\r\nProcess Information:\r\n\tProcess ID:\t\t0xd50\r\n\tProcess Name:\t\tC:\\ProgramData\\Microsoft\\Windows Defender\\Platform\\4.18.2009.7-0\\MsMpEng.exe\r\n\r\nAccess Request Information:\r\n\tTransaction ID:\t\t{00000000-0000-0000-0000-000000000000}\r\n\tAccesses:\t\tRead from process memory\r\n\t\t\t\tUndefined Access (no effect) Bit 12\r\n\t\t\t\t\r\n\tAccess Reasons:\t\t-\r\n\tAccess Mask:\t\t0x1010\r\n\tPrivileges Used for Access Check:\t-\r\n\tRestricted SID Count:\t0"}
{"@timestamp":"2020-11-02T04:39:14.054Z","TimeCreated":"2020-11-02T04:39:14.054Z","SubjectLogonId":"0x3e7","ResourceAttributes":"-","SubjectDomainName":"WORKGROUP","ProviderGuid":"{54849625-5478-4994-a5ba-3e3b0328c30d}","AccessList":"%%4484\n\t\t\t\t","ObjectServer":"Security","HandleId":"0x16d0","ObjectType":"Process","SubjectUserSid":"S-1-5-18","Level":"0","Channel":"Security","Task":"12802","ObjectName":"\\Device\\HarddiskVolume2\\Windows\\System32\\lsass.exe","AccessMask":"0x10","SourceName":"Microsoft-Windows-Security-Auditing","Hostname":"WORKSTATION5","ProcessName":"C:\\ProgramData\\Microsoft\\Windows Defender\\Platform\\4.18.2009.7-0\\MsMpEng.exe","ProcessId":"0xd50","EventID":4663,"Keywords":"0x8020000000000000","SubjectUserName":"WORKSTATION5$","Message":"An attempt was made to access an object.\r\n\r\nSubject:\r\n\tSecurity ID:\t\tS-1-5-18\r\n\tAccount Name:\t\tWORKSTATION5$\r\n\tAccount Domain:\t\tWORKGROUP\r\n\tLogon ID:\t\t0x3E7\r\n\r\nObject:\r\n\tObject Server:\t\tSecurity\r\n\tObject Type:\t\tProcess\r\n\tObject Name:\t\t\\Device\\HarddiskVolume2\\Windows\\System32\\lsass.exe\r\n\tHandle ID:\t\t0x16d0\r\n\tResource Attributes:\t-\r\n\r\nProcess Information:\r\n\tProcess ID:\t\t0xd50\r\n\tProcess Name:\t\tC:\\ProgramData\\Microsoft\\Windows Defender\\Platform\\4.18.2009.7-0\\MsMpEng.exe\r\n\r\nAccess Request Information:\r\n\tAccesses:\t\tRead from process memory\r\n\t\t\t\t\r\n\tAccess Mask:\t\t0x10"}
{"@timestamp":"2020-11-02T04:39:14.054Z","TimeCreated":"2020-11-02T04:39:14.054Z","SubjectLogonId":"0x3e7","SubjectDomainName":"WORKGROUP","ProviderGuid":"{54849625-5478-4994-a5ba-3e3b0328c30d}","ObjectServer":"Security","HandleId":"0x16d0","SubjectUserSid":"S-1-5-18","Level":"0","Channel":"Security","Task":"12802","SourceName":"Microsoft-Windows-Security-Auditing","Hostname":"WORKSTATION5","ProcessName":"C:\\ProgramData\\Microsoft\\Windows Defender\\Platform\\4.18.2009.7-0\\MsMpEng.exe","ProcessId":"0xd50","EventID":4658,"Keywords":"0x8020000000000000","SubjectUserName":"WORKSTATION5$","Message":"The handle to an object was closed.\r\n\r\nSubject :\r\n\tSecurity ID:\t\tS-1-5-18\r\n\tAccount Name:\t\tWORKSTATION5$\r\n\tAccount Domain:\t\tWORKGROUP\r\n\tLogon ID:\t\t0x3E7\r\n\r\nObject:\r\n\tObject Server:\t\tSecurity\r\n\tHandle ID:\t\t0x16d0\r\n\r\nProcess Information:\r\n\tProcess ID:\t\t0xd50\r\n\tProcess Name:\t\tC:\\ProgramData\\Microsoft\\Windows Defender\\Platform\\4.18.2009.7-0\\MsMpEng.exe"}
{"@timestamp":"2020-11-02T04:39:16.871Z","TimeCreated":"2020-11-02T04:39:16.871Z","ProviderGuid":"{54849625-5478-4994-a5ba-3e3b0328c30d}","SourcePort":"57412","LayerName":"%%14608","SourceAddress":"0.0.0.0","Level":"0","Channel":"Security","Task":"12810","Protocol":"6","SourceName":"Microsoft-Windows-Security-Auditing","Hostname":"WORKSTATION5","ProcessId":"3428","LayerRTID":"36","FilterRTID":"0","EventID":5158,"Keywords":"0x8020000000000000","Application":"\\device\\harddiskvolume2\\windowsazure\\guestagent_2.7.41491.993_2020-10-08_063613\\guestagent\\windowsazureguestagent.exe","Message":"The Windows Filtering Platform has permitted a bind to a local port.\r\n\r\nApplication Information:\r\n\tProcess ID:\t\t3428\r\n\tApplication Name:\t\\device\\harddiskvolume2\\windowsazure\\guestagent_2.7.41491.993_2020-10-08_063613\\guestagent\\windowsazureguestagent.exe\r\n\r\nNetwork Information:\r\n\tSource Address:\t\t0.0.0.0\r\n\tSource Port:\t\t57412\r\n\tProtocol:\t\t6\r\n\r\nFilter Information:\r\n\tFilter Run-Time ID:\t0\r\n\tLayer Name:\t\tResource Assignment\r\n\tLayer Run-Time ID:\t36"}
{"RemoteMachineID":"S-1-0-0","@timestamp":"2020-11-02T04:39:16.871Z","TimeCreated":"2020-11-02T04:39:16.871Z","Direction":"%%14593","DestPort":"80","ProviderGuid":"{54849625-5478-4994-a5ba-3e3b0328c30d}","RemoteUserID":"S-1-0-0","SourcePort":"57412","LayerName":"%%14611","SourceAddress":"192.168.2.5","Level":"0","Channel":"Security","Task":"12810","Protocol":"6","DestAddress":"168.63.129.16","SourceName":"Microsoft-Windows-Security-Auditing","Hostname":"WORKSTATION5","ProcessID":"3428","LayerRTID":"48","FilterRTID":"69895","EventID":5156,"Keywords":"0x8020000000000000","Application":"\\device\\harddiskvolume2\\windowsazure\\guestagent_2.7.41491.993_2020-10-08_063613\\guestagent\\windowsazureguestagent.exe","Message":"The Windows Filtering Platform has permitted a connection.\r\n\r\nApplication Information:\r\n\tProcess ID:\t\t3428\r\n\tApplication Name:\t\\device\\harddiskvolume2\\windowsazure\\guestagent_2.7.41491.993_2020-10-08_063613\\guestagent\\windowsazureguestagent.exe\r\n\r\nNetwork Information:\r\n\tDirection:\t\tOutbound\r\n\tSource Address:\t\t192.168.2.5\r\n\tSource Port:\t\t57412\r\n\tDestination Address:\t168.63.129.16\r\n\tDestination Port:\t\t80\r\n\tProtocol:\t\t6\r\n\r\nFilter Information:\r\n\tFilter Run-Time ID:\t69895\r\n\tLayer Name:\t\tConnect\r\n\tLayer Run-Time ID:\t48"}
{"GrantedAccess":"0x1000","@timestamp":"2020-11-02T04:39:07.755Z","TimeCreated":"2020-11-02T04:39:07.755Z","SourceThreadId":"1060","SourceImage":"C:\\windows\\system32\\svchost.exe","ProviderGuid":"{5770385f-c22a-43e0-bf4c-06f5698ffbd9}","CallTrace":"C:\\windows\\SYSTEM32\\ntdll.dll+9c584|C:\\windows\\SYSTEM32\\psmserviceexthost.dll+222a3|C:\\windows\\SYSTEM32\\psmserviceexthost.dll+37ea0|C:\\windows\\SYSTEM32\\psmserviceexthost.dll+37929|C:\\windows\\SYSTEM32\\psmserviceexthost.dll+686f8|C:\\windows\\SYSTEM32\\psmserviceexthost.dll+6e84a|C:\\windows\\SYSTEM32\\psmserviceexthost.dll+6f700|C:\\windows\\SYSTEM32\\psmserviceexthost.dll+34be4|C:\\windows\\SYSTEM32\\psmserviceexthost.dll+6f63e|C:\\windows\\SYSTEM32\\psmserviceexthost.dll+713b5|C:\\windows\\SYSTEM32\\psmserviceexthost.dll+50bda|C:\\windows\\SYSTEM32\\psmserviceexthost.dll+4500a|C:\\windows\\System32\\KERNEL32.DLL+17c24|C:\\windows\\SYSTEM32\\ntdll.dll+6cea1","UtcTime":"2020-11-02 21:39:07.754","TargetProcessGUID":"{39e4a257-f247-5f8b-d300-000000000700}","SourceProcessId":"944","Level":"4","Channel":"Microsoft-Windows-Sysmon/Operational","Task":"10","RuleName":"-","SourceName":"Microsoft-Windows-Sysmon","Hostname":"WORKSTATION5","SourceProcessGUID":"{39e4a257-f132-5f8b-1000-000000000700}","TargetProcessId":"4368","EventID":10,"Keywords":"0x8000000000000000","TargetImage":"C:\\Windows\\SystemApps\\InputApp_cw5n1h2txyewy\\WindowsInternal.ComposableShell.Experiences.TextInput.InputApp.exe","Message":"Process accessed:\r\nRuleName: -\r\nUtcTime: 2020-11-02 21:39:07.754\r\nSourceProcessGUID: {39e4a257-f132-5f8b-1000-000000000700}\r\nSourceProcessId: 944\r\nSourceThreadId: 1060\r\nSourceImage: C:\\windows\\system32\\svchost.exe\r\nTargetProcessGUID: {39e4a257-f247-5f8b-d300-000000000700}\r\nTargetProcessId: 4368\r\nTargetImage: C:\\Windows\\SystemApps\\InputApp_cw5n1h2txyewy\\WindowsInternal.ComposableShell.Experiences.TextInput.InputApp.exe\r\nGrantedAccess: 0x1000\r\nCallTrace: C:\\windows\\SYSTEM32\\ntdll.dll+9c584|C:\\windows\\SYSTEM32\\psmserviceexthost.dll+222a3|C:\\windows\\SYSTEM32\\psmserviceexthost.dll+37ea0|C:\\windows\\SYSTEM32\\psmserviceexthost.dll+37929|C:\\windows\\SYSTEM32\\psmserviceexthost.dll+686f8|C:\\windows\\SYSTEM32\\psmserviceexthost.dll+6e84a|C:\\windows\\SYSTEM32\\psmserviceexthost.dll+6f700|C:\\windows\\SYSTEM32\\psmserviceexthost.dll+34be4|C:\\windows\\SYSTEM32\\psmserviceexthost.dll+6f63e|C:\\windows\\SYSTEM32\\psmserviceexthost.dll+713b5|C:\\windows\\SYSTEM32\\psmserviceexthost.dll+50bda|C:\\windows\\SYSTEM32\\psmserviceexthost.dll+4500a|C:\\windows\\System32\\KERNEL32.DLL+17c24|C:\\windows\\SYSTEM32\\ntdll.dll+6cea1"}
{"@timestamp":"2020-11-02T04:39:07.942Z","TimeCreated":"2020-11-02T04:39:07.942Z","ProviderGuid":"{5770385f-c22a-43e0-bf4c-06f5698ffbd9}","UtcTime":"2020-11-02 21:39:07.941","ProcessGuid":"{39e4a257-f1b3-5f8b-a700-000000000700}","Image":"C:\\windows\\Explorer.EXE","Level":"4","Channel":"Microsoft-Windows-Sysmon/Operational","Task":"12","RuleName":"-","SourceName":"Microsoft-Windows-Sysmon","Hostname":"WORKSTATION5","ProcessId":"1072","EventType":"CreateKey","EventID":12,"Keywords":"0x8000000000000000","TargetObject":"HKU\\S-1-5-21-3940915590-64593676-1414006259-500\\Software\\Microsoft\\Windows\\CurrentVersion\\Explorer\\SessionInfo\\2\\ApplicationViewManagement\\W32:000000000075064A","Message":"Registry object added or deleted:\r\nRuleName: -\r\nEventType: CreateKey\r\nUtcTime: 2020-11-02 21:39:07.941\r\nProcessGuid: {39e4a257-f1b3-5f8b-a700-000000000700}\r\nProcessId: 1072\r\nImage: C:\\windows\\Explorer.EXE\r\nTargetObject: HKU\\S-1-5-21-3940915590-64593676-1414006259-500\\Software\\Microsoft\\Windows\\CurrentVersion\\Explorer\\SessionInfo\\2\\ApplicationViewManagement\\W32:000000000075064A"}
{"@timestamp":"2020-11-02T04:39:07.942Z","TimeCreated":"2020-11-02T04:39:07.942Z","ProviderGuid":"{5770385f-c22a-43e0-bf4c-06f5698ffbd9}","UtcTime":"2020-11-02 21:39:07.941","ProcessGuid":"{39e4a257-f1b3-5f8b-a700-000000000700}","Image":"C:\\windows\\Explorer.EXE","Level":"4","Channel":"Microsoft-Windows-Sysmon/Operational","Task":"13","RuleName":"-","SourceName":"Microsoft-Windows-Sysmon","Hostname":"WORKSTATION5","Details":"Binary Data","ProcessId":"1072","EventType":"SetValue","EventID":13,"Keywords":"0x8000000000000000","TargetObject":"HKU\\S-1-5-21-3940915590-64593676-1414006259-500\\Software\\Microsoft\\Windows\\CurrentVersion\\Explorer\\SessionInfo\\2\\ApplicationViewManagement\\W32:000000000075064A\\VirtualDesktop","Message":"Registry value set:\r\nRuleName: -\r\nEventType: SetValue\r\nUtcTime: 2020-11-02 21:39:07.941\r\nProcessGuid: {39e4a257-f1b3-5f8b-a700-000000000700}\r\nProcessId: 1072\r\nImage: C:\\windows\\Explorer.EXE\r\nTargetObject: HKU\\S-1-5-21-3940915590-64593676-1414006259-500\\Software\\Microsoft\\Windows\\CurrentVersion\\Explorer\\SessionInfo\\2\\ApplicationViewManagement\\W32:000000000075064A\\VirtualDesktop\r\nDetails: Binary Data"}
