{"Keywords":"0x8020000000000000","Task":"12801","ObjectServer":"Security","TimeCreated":"2020-10-29T08:23:20.715Z","RestrictedSidCount":"0","SubjectUserSid":"S-1-5-21-3140987116-517580383-2541594433-1104","ObjectName":"\\REGISTRY\\MACHINE\\SOFTWARE\\Microsoft\\.NETFramework","SubjectLogonId":"0x10276b","ResourceAttributes":"-","PrivilegeList":"-","TransactionId":"{00000000-0000-0000-0000-000000000000}","AccessMask":"0x20019","SourceName":"Microsoft-Windows-Security-Auditing","SubjectDomainName":"THESHIRE","ObjectType":"Key","ProcessName":"C:\\ProgramData\\SharpView.exe","AccessReason":"-","ProcessId":"0xea8","SubjectUserName":"pgustavo","AccessList":"%%1538\n\t\t\t\t%%4432\n\t\t\t\t%%4435\n\t\t\t\t%%4436\n\t\t\t\t","@timestamp":"2020-10-29T08:23:20.715Z","HandleId":"0x150","Hostname":"WORKSTATION5.theshire.local","Channel":"security","Level":"0","EventID":4656,"ProviderGuid":"{54849625-5478-4994-a5ba-3e3b0328c30d}","Message":"A handle to an object was requested.\r\n\r\nSubject:\r\n\tSecurity ID:\t\tS-1-5-21-3140987116-517580383-2541594433-1104\r\n\tAccount Name:\t\tpgustavo\r\n\tAccount Domain:\t\tTHESHIRE\r\n\tLogon ID:\t\t0x10276B\r\n\r\nObject:\r\n\tObject Server:\t\tSecurity\r\n\tObject Type:\t\tKey\r\n\tObject Name:\t\t\\REGISTRY\\MACHINE\\SOFTWARE\\Microsoft\\.NETFramework\r\n\tHandle ID:\t\t0x150\r\n\tResource Attributes:\t-\r\n\r\nProcess Information:\r\n\tProcess ID:\t\t0xea8\r\n\tProcess Name:\t\tC:\\ProgramData\\SharpView.exe\r\n\r\nAccess Request Information:\r\n\tTransaction ID:\t\t{00000000-0000-0000-0000-000000000000}\r\n\tAccesses:\t\tREAD_CONTROL\r\n\t\t\t\tQuery key value\r\n\t\t\t\tEnumerate sub-keys\r\n\t\t\t\tNotify about changes to keys\r\n\t\t\t\t\r\n\tAccess Reasons:\t\t-\r\n\tAccess Mask:\t\t0x20019\r\n\tPrivileges Used for Access Check:\t-\r\n\tRestricted SID Count:\t0"}
{"@timestamp":"2020-10-29T08:23:20.715Z","TimeCreated":"2020-10-29T08:23:20.715Z","SubjectLogonId":"0x10276b","SubjectDomainName":"THESHIRE","ProviderGuid":"{54849625-5478-4994-a5ba-3e3b0328c30d}","ObjectServer":"Security","HandleId":"0x150","SubjectUserSid":"S-1-5-21-3140987116-517580383-2541594433-1104","Level":"0","Channel":"security","Task":"12801","SourceName":"Microsoft-Windows-Security-Auditing","Hostname":"WORKSTATION5.theshire.local","ProcessName":"C:\\ProgramData\\SharpView.exe","ProcessId":"0xea8","EventID":4658,"Keywords":"0x8020000000000000","SubjectUserName":"pgustavo","Message":"The handle to an object was closed.\r\n\r\nSubject :\r\n\tSecurity ID:\t\tS-1-5-21-3140987116-517580383-2541594433-1104\r\n\tAccount Name:\t\tpgustavo\r\n\tAccount Domain:\t\tTHESHIRE\r\n\tLogon ID:\t\t0x10276B\r\n\r\nObject:\r\n\tObject Server:\t\tSecurity\r\n\tHandle ID:\t\t0x150\r\n\r\nProcess Information:\r\n\tProcess ID:\t\t0xea8\r\n\tProcess Name:\t\tC:\\ProgramData\\SharpView.exe"}
{"@timestamp":"2020-10-29T08:23:20.715Z","TimeCreated":"2020-10-29T08:23:20.715Z","SubjectLogonId":"0x10276b","SubjectDomainName":"THESHIRE","ProviderGuid":"{54849625-5478-4994-a5ba-3e3b0328c30d}","SubjectUserSid":"S-1-5-21-3140987116-517580383-2541594433-1104","SourceHandleId":"0x150","Level":"0","Channel":"security","Task":"12807","TargetHandleId":"0x21f8","SourceName":"Microsoft-Windows-Security-Auditing","Hostname":"WORKSTATION5.theshire.local","SourceProcessId":"0xea8","EventID":4690,"Keywords":"0x8020000000000000","TargetProcessId":"0x4","SubjectUserName":"pgustavo","Message":"An attempt was made to duplicate a handle to an object.\r\n\r\nSubject:\r\n\tSecurity ID:\t\tS-1-5-21-3140987116-517580383-2541594433-1104\r\n\tAccount Name:\t\tpgustavo\r\n\tAccount Domain:\t\tTHESHIRE\r\n\tLogon ID:\t\t0x10276B\r\n\r\nSource Handle Information:\r\n\tSource Handle ID:\t0x150\r\n\tSource Process ID:\t0xea8\r\n\r\nNew Handle Information:\r\n\tTarget Handle ID:\t0x21f8\r\n\tTarget Process ID:\t0x4"}
{"@timestamp":"2020-10-29T08:23:20.715Z","TimeCreated":"2020-10-29T08:23:20.715Z","SubjectLogonId":"0x10276b","SubjectDomainName":"THESHIRE","ProviderGuid":"{54849625-5478-4994-a5ba-3e3b0328c30d}","ObjectServer":"Security","HandleId":"0x21f8","SubjectUserSid":"S-1-5-21-3140987116-517580383-2541594433-1104","Level":"0","Channel":"security","Task":"12801","SourceName":"Microsoft-Windows-Security-Auditing","Hostname":"WORKSTATION5.theshire.local","ProcessName":"C:\\ProgramData\\SharpView.exe","ProcessId":"0xea8","EventID":4658,"Keywords":"0x8020000000000000","SubjectUserName":"pgustavo","Message":"The handle to an object was closed.\r\n\r\nSubject :\r\n\tSecurity ID:\t\tS-1-5-21-3140987116-517580383-2541594433-1104\r\n\tAccount Name:\t\tpgustavo\r\n\tAccount Domain:\t\tTHESHIRE\r\n\tLogon ID:\t\t0x10276B\r\n\r\nObject:\r\n\tObject Server:\t\tSecurity\r\n\tHandle ID:\t\t0x21f8\r\n\r\nProcess Information:\r\n\tProcess ID:\t\t0xea8\r\n\tProcess Name:\t\tC:\\ProgramData\\SharpView.exe"}
{"Keywords":"0x8020000000000000","Task":"12801","ObjectServer":"Security","TimeCreated":"2020-10-29T08:23:20.715Z","RestrictedSidCount":"0","SubjectUserSid":"S-1-5-21-3140987116-517580383-2541594433-1104","ObjectName":"\\REGISTRY\\MACHINE\\SOFTWARE\\Microsoft\\.NETFramework","SubjectLogonId":"0x10276b","ResourceAttributes":"-","PrivilegeList":"-","TransactionId":"{00000000-0000-0000-0000-000000000000}","AccessMask":"0x20019","SourceName":"Microsoft-Windows-Security-Auditing","SubjectDomainName":"THESHIRE","ObjectType":"Key","ProcessName":"C:\\ProgramData\\SharpView.exe","AccessReason":"-","ProcessId":"0xea8","SubjectUserName":"pgustavo","AccessList":"%%1538\n\t\t\t\t%%4432\n\t\t\t\t%%4435\n\t\t\t\t%%4436\n\t\t\t\t","@timestamp":"2020-10-29T08:23:20.715Z","HandleId":"0x150","Hostname":"WORKSTATION5.theshire.local","Channel":"security","Level":"0","EventID":4656,"ProviderGuid":"{54849625-5478-4994-a5ba-3e3b0328c30d}","Message":"A handle to an object was requested.\r\n\r\nSubject:\r\n\tSecurity ID:\t\tS-1-5-21-3140987116-517580383-2541594433-1104\r\n\tAccount Name:\t\tpgustavo\r\n\tAccount Domain:\t\tTHESHIRE\r\n\tLogon ID:\t\t0x10276B\r\n\r\nObject:\r\n\tObject Server:\t\tSecurity\r\n\tObject Type:\t\tKey\r\n\tObject Name:\t\t\\REGISTRY\\MACHINE\\SOFTWARE\\Microsoft\\.NETFramework\r\n\tHandle ID:\t\t0x150\r\n\tResource Attributes:\t-\r\n\r\nProcess Information:\r\n\tProcess ID:\t\t0xea8\r\n\tProcess Name:\t\tC:\\ProgramData\\SharpView.exe\r\n\r\nAccess Request Information:\r\n\tTransaction ID:\t\t{00000000-0000-0000-0000-000000000000}\r\n\tAccesses:\t\tREAD_CONTROL\r\n\t\t\t\tQuery key value\r\n\t\t\t\tEnumerate sub-keys\r\n\t\t\t\tNotify about changes to keys\r\n\t\t\t\t\r\n\tAccess Reasons:\t\t-\r\n\tAccess Mask:\t\t0x20019\r\n\tPrivileges Used for Access Check:\t-\r\n\tRestricted SID Count:\t0"}
{"@timestamp":"2020-10-29T08:23:20.715Z","TimeCreated":"2020-10-29T08:23:20.715Z","SubjectLogonId":"0x10276b","SubjectDomainName":"THESHIRE","ProviderGuid":"{54849625-5478-4994-a5ba-3e3b0328c30d}","ProcessName":"C:\\ProgramData\\SharpView.exe","ObjectServer":"Security","SubjectUserSid":"S-1-5-21-3140987116-517580383-2541594433-1104","Level":"0","Channel":"security","Task":"13056","Service":"-","SourceName":"Microsoft-Windows-Security-Auditing","Hostname":"WORKSTATION5.theshire.local","PrivilegeList":"SeCreateGlobalPrivilege","ProcessId":"0xea8","EventID":4673,"Keywords":"0x8020000000000000","SubjectUserName":"pgustavo","Message":"A privileged service was called.\r\n\r\nSubject:\r\n\tSecurity ID:\t\tS-1-5-21-3140987116-517580383-2541594433-1104\r\n\tAccount Name:\t\tpgustavo\r\n\tAccount Domain:\t\tTHESHIRE\r\n\tLogon ID:\t\t0x10276B\r\n\r\nService:\r\n\tServer:\tSecurity\r\n\tService Name:\t-\r\n\r\nProcess:\r\n\tProcess ID:\t0xea8\r\n\tProcess Name:\tC:\\ProgramData\\SharpView.exe\r\n\r\nService Request Information:\r\n\tPrivileges:\t\tSeCreateGlobalPrivilege"}
{"@timestamp":"2020-10-29T08:23:21.442Z","TimeCreated":"2020-10-29T08:23:21.442Z","SubjectLogonId":"0x10276b","SubjectDomainName":"THESHIRE","ProviderGuid":"{54849625-5478-4994-a5ba-3e3b0328c30d}","SubjectUserSid":"S-1-5-21-3140987116-517580383-2541594433-1104","SourceHandleId":"0x34c","Level":"0","Channel":"security","Task":"12807","TargetHandleId":"0x21dc","SourceName":"Microsoft-Windows-Security-Auditing","Hostname":"WORKSTATION5.theshire.local","SourceProcessId":"0xea8","EventID":4690,"Keywords":"0x8020000000000000","TargetProcessId":"0x4","SubjectUserName":"pgustavo","Message":"An attempt was made to duplicate a handle to an object.\r\n\r\nSubject:\r\n\tSecurity ID:\t\tS-1-5-21-3140987116-517580383-2541594433-1104\r\n\tAccount Name:\t\tpgustavo\r\n\tAccount Domain:\t\tTHESHIRE\r\n\tLogon ID:\t\t0x10276B\r\n\r\nSource Handle Information:\r\n\tSource Handle ID:\t0x34c\r\n\tSource Process ID:\t0xea8\r\n\r\nNew Handle Information:\r\n\tTarget Handle ID:\t0x21dc\r\n\tTarget Process ID:\t0x4"}
{"@timestamp":"2020-10-29T08:23:21.442Z","TimeCreated":"2020-10-29T08:23:21.442Z","SubjectLogonId":"0x10276b","SubjectDomainName":"THESHIRE","ProviderGuid":"{54849625-5478-4994-a5ba-3e3b0328c30d}","ObjectServer":"Security","HandleId":"0x21dc","SubjectUserSid":"S-1-5-21-3140987116-517580383-2541594433-1104","Level":"0","Channel":"security","Task":"12801","SourceName":"Microsoft-Windows-Security-Auditing","Hostname":"WORKSTATION5.theshire.local","ProcessName":"C:\\ProgramData\\SharpView.exe","ProcessId":"0xea8","EventID":4658,"Keywords":"0x8020000000000000","SubjectUserName":"pgustavo","Message":"The handle to an object was closed.\r\n\r\nSubject :\r\n\tSecurity ID:\t\tS-1-5-21-3140987116-517580383-2541594433-1104\r\n\tAccount Name:\t\tpgustavo\r\n\tAccount Domain:\t\tTHESHIRE\r\n\tLogon ID:\t\t0x10276B\r\n\r\nObject:\r\n\tObject Server:\t\tSecurity\r\n\tHandle ID:\t\t0x21dc\r\n\r\nProcess Information:\r\n\tProcess ID:\t\t0xea8\r\n\tProcess Name:\t\tC:\\ProgramData\\SharpView.exe"}
{"Keywords":"0x8020000000000000","Task":"12801","ObjectServer":"Security","TimeCreated":"2020-10-29T08:23:21.442Z","RestrictedSidCount":"0","SubjectUserSid":"S-1-5-21-3140987116-517580383-2541594433-1104","ObjectName":"\\REGISTRY\\MACHINE\\SYSTEM\\ControlSet001\\Control\\Lsa","SubjectLogonId":"0x10276b","ResourceAttributes":"-","PrivilegeList":"-","TransactionId":"{00000000-0000-0000-0000-000000000000}","AccessMask":"0x1","SourceName":"Microsoft-Windows-Security-Auditing","SubjectDomainName":"THESHIRE","ObjectType":"Key","ProcessName":"C:\\ProgramData\\SharpView.exe","AccessReason":"-","ProcessId":"0xea8","SubjectUserName":"pgustavo","AccessList":"%%4432\n\t\t\t\t","@timestamp":"2020-10-29T08:23:21.442Z","HandleId":"0x34c","Hostname":"WORKSTATION5.theshire.local","Channel":"security","Level":"0","EventID":4656,"ProviderGuid":"{54849625-5478-4994-a5ba-3e3b0328c30d}","Message":"A handle to an object was requested.\r\n\r\nSubject:\r\n\tSecurity ID:\t\tS-1-5-21-3140987116-517580383-2541594433-1104\r\n\tAccount Name:\t\tpgustavo\r\n\tAccount Domain:\t\tTHESHIRE\r\n\tLogon ID:\t\t0x10276B\r\n\r\nObject:\r\n\tObject Server:\t\tSecurity\r\n\tObject Type:\t\tKey\r\n\tObject Name:\t\t\\REGISTRY\\MACHINE\\SYSTEM\\ControlSet001\\Control\\Lsa\r\n\tHandle ID:\t\t0x34c\r\n\tResource Attributes:\t-\r\n\r\nProcess Information:\r\n\tProcess ID:\t\t0xea8\r\n\tProcess Name:\t\tC:\\ProgramData\\SharpView.exe\r\n\r\nAccess Request Information:\r\n\tTransaction ID:\t\t{00000000-0000-0000-0000-000000000000}\r\n\tAccesses:\t\tQuery key value\r\n\t\t\t\t\r\n\tAccess Reasons:\t\t-\r\n\tAccess Mask:\t\t0x1\r\n\tPrivileges Used for Access Check:\t-\r\n\tRestricted SID Count:\t0"}
{"@timestamp":"2020-10-29T08:23:21.442Z","TimeCreated":"2020-10-29T08:23:21.442Z","SubjectLogonId":"0x10276b","ResourceAttributes":"-","SubjectDomainName":"THESHIRE","ProviderGuid":"{54849625-5478-4994-a5ba-3e3b0328c30d}","AccessList":"%%4432\n\t\t\t\t","ObjectServer":"Security","HandleId":"0x34c","ObjectType":"Key","SubjectUserSid":"S-1-5-21-3140987116-517580383-2541594433-1104","Level":"0","Channel":"security","Task":"12801","ObjectName":"\\REGISTRY\\MACHINE\\SYSTEM\\ControlSet001\\Control\\Lsa","AccessMask":"0x1","SourceName":"Microsoft-Windows-Security-Auditing","Hostname":"WORKSTATION5.theshire.local","ProcessName":"C:\\ProgramData\\SharpView.exe","ProcessId":"0xea8","EventID":4663,"Keywords":"0x8020000000000000","SubjectUserName":"pgustavo","Message":"An attempt was made to access an object.\r\n\r\nSubject:\r\n\tSecurity ID:\t\tS-1-5-21-3140987116-517580383-2541594433-1104\r\n\tAccount Name:\t\tpgustavo\r\n\tAccount Domain:\t\tTHESHIRE\r\n\tLogon ID:\t\t0x10276B\r\n\r\nObject:\r\n\tObject Server:\t\tSecurity\r\n\tObject Type:\t\tKey\r\n\tObject Name:\t\t\\REGISTRY\\MACHINE\\SYSTEM\\ControlSet001\\Control\\Lsa\r\n\tHandle ID:\t\t0x34c\r\n\tResource Attributes:\t-\r\n\r\nProcess Information:\r\n\tProcess ID:\t\t0xea8\r\n\tProcess Name:\t\tC:\\ProgramData\\SharpView.exe\r\n\r\nAccess Request Information:\r\n\tAccesses:\t\tQuery key value\r\n\t\t\t\t\r\n\tAccess Mask:\t\t0x1"}
{"@timestamp":"2020-10-29T08:23:21.442Z","TimeCreated":"2020-10-29T08:23:21.442Z","SubjectLogonId":"0x10276b","SubjectDomainName":"THESHIRE","ProviderGuid":"{54849625-5478-4994-a5ba-3e3b0328c30d}","ObjectServer":"Security","HandleId":"0x34c","SubjectUserSid":"S-1-5-21-3140987116-517580383-2541594433-1104","Level":"0","Channel":"security","Task":"12801","SourceName":"Microsoft-Windows-Security-Auditing","Hostname":"WORKSTATION5.theshire.local","ProcessName":"C:\\ProgramData\\SharpView.exe","ProcessId":"0xea8","EventID":4658,"Keywords":"0x8020000000000000","SubjectUserName":"pgustavo","Message":"The handle to an object was closed.\r\n\r\nSubject :\r\n\tSecurity ID:\t\tS-1-5-21-3140987116-517580383-2541594433-1104\r\n\tAccount Name:\t\tpgustavo\r\n\tAccount Domain:\t\tTHESHIRE\r\n\tLogon ID:\t\t0x10276B\r\n\r\nObject:\r\n\tObject Server:\t\tSecurity\r\n\tHandle ID:\t\t0x34c\r\n\r\nProcess Information:\r\n\tProcess ID:\t\t0xea8\r\n\tProcess Name:\t\tC:\\ProgramData\\SharpView.exe"}
{"@timestamp":"2020-10-29T08:23:21.459Z","TimeCreated":"2020-10-29T08:23:21.459Z","SubjectLogonId":"0x10276b","SubjectDomainName":"THESHIRE","ProviderGuid":"{54849625-5478-4994-a5ba-3e3b0328c30d}","SubjectUserSid":"S-1-5-21-3140987116-517580383-2541594433-1104","SourceHandleId":"0x390","Level":"0","Channel":"security","Task":"12807","TargetHandleId":"0x2ddc","SourceName":"Microsoft-Windows-Security-Auditing","Hostname":"WORKSTATION5.theshire.local","SourceProcessId":"0xea8","EventID":4690,"Keywords":"0x8020000000000000","TargetProcessId":"0x4","SubjectUserName":"pgustavo","Message":"An attempt was made to duplicate a handle to an object.\r\n\r\nSubject:\r\n\tSecurity ID:\t\tS-1-5-21-3140987116-517580383-2541594433-1104\r\n\tAccount Name:\t\tpgustavo\r\n\tAccount Domain:\t\tTHESHIRE\r\n\tLogon ID:\t\t0x10276B\r\n\r\nSource Handle Information:\r\n\tSource Handle ID:\t0x390\r\n\tSource Process ID:\t0xea8\r\n\r\nNew Handle Information:\r\n\tTarget Handle ID:\t0x2ddc\r\n\tTarget Process ID:\t0x4"}
{"@timestamp":"2020-10-29T08:23:21.459Z","TimeCreated":"2020-10-29T08:23:21.459Z","SubjectLogonId":"0x10276b","SubjectDomainName":"THESHIRE","ProviderGuid":"{54849625-5478-4994-a5ba-3e3b0328c30d}","ObjectServer":"Security","HandleId":"0x2ddc","SubjectUserSid":"S-1-5-21-3140987116-517580383-2541594433-1104","Level":"0","Channel":"security","Task":"12801","SourceName":"Microsoft-Windows-Security-Auditing","Hostname":"WORKSTATION5.theshire.local","ProcessName":"C:\\ProgramData\\SharpView.exe","ProcessId":"0xea8","EventID":4658,"Keywords":"0x8020000000000000","SubjectUserName":"pgustavo","Message":"The handle to an object was closed.\r\n\r\nSubject :\r\n\tSecurity ID:\t\tS-1-5-21-3140987116-517580383-2541594433-1104\r\n\tAccount Name:\t\tpgustavo\r\n\tAccount Domain:\t\tTHESHIRE\r\n\tLogon ID:\t\t0x10276B\r\n\r\nObject:\r\n\tObject Server:\t\tSecurity\r\n\tHandle ID:\t\t0x2ddc\r\n\r\nProcess Information:\r\n\tProcess ID:\t\t0xea8\r\n\tProcess Name:\t\tC:\\ProgramData\\SharpView.exe"}
{"Keywords":"0x8020000000000000","Task":"12801","ObjectServer":"Security","TimeCreated":"2020-10-29T08:23:21.459Z","RestrictedSidCount":"0","SubjectUserSid":"S-1-5-21-3140987116-517580383-2541594433-1104","ObjectName":"\\REGISTRY\\MACHINE\\SYSTEM\\ControlSet001\\Control\\Session Manager\\Environment","SubjectLogonId":"0x10276b","ResourceAttributes":"-","PrivilegeList":"-","TransactionId":"{00000000-0000-0000-0000-000000000000}","AccessMask":"0x20019","SourceName":"Microsoft-Windows-Security-Auditing","SubjectDomainName":"THESHIRE","ObjectType":"Key","ProcessName":"C:\\ProgramData\\SharpView.exe","AccessReason":"-","ProcessId":"0xea8","SubjectUserName":"pgustavo","AccessList":"%%1538\n\t\t\t\t%%4432\n\t\t\t\t%%4435\n\t\t\t\t%%4436\n\t\t\t\t","@timestamp":"2020-10-29T08:23:21.459Z","HandleId":"0x390","Hostname":"WORKSTATION5.theshire.local","Channel":"security","Level":"0","EventID":4656,"ProviderGuid":"{54849625-5478-4994-a5ba-3e3b0328c30d}","Message":"A handle to an object was requested.\r\n\r\nSubject:\r\n\tSecurity ID:\t\tS-1-5-21-3140987116-517580383-2541594433-1104\r\n\tAccount Name:\t\tpgustavo\r\n\tAccount Domain:\t\tTHESHIRE\r\n\tLogon ID:\t\t0x10276B\r\n\r\nObject:\r\n\tObject Server:\t\tSecurity\r\n\tObject Type:\t\tKey\r\n\tObject Name:\t\t\\REGISTRY\\MACHINE\\SYSTEM\\ControlSet001\\Control\\Session Manager\\Environment\r\n\tHandle ID:\t\t0x390\r\n\tResource Attributes:\t-\r\n\r\nProcess Information:\r\n\tProcess ID:\t\t0xea8\r\n\tProcess Name:\t\tC:\\ProgramData\\SharpView.exe\r\n\r\nAccess Request Information:\r\n\tTransaction ID:\t\t{00000000-0000-0000-0000-000000000000}\r\n\tAccesses:\t\tREAD_CONTROL\r\n\t\t\t\tQuery key value\r\n\t\t\t\tEnumerate sub-keys\r\n\t\t\t\tNotify about changes to keys\r\n\t\t\t\t\r\n\tAccess Reasons:\t\t-\r\n\tAccess Mask:\t\t0x20019\r\n\tPrivileges Used for Access Check:\t-\r\n\tRestricted SID Count:\t0"}
{"@timestamp":"2020-10-29T08:23:21.459Z","TimeCreated":"2020-10-29T08:23:21.459Z","SubjectLogonId":"0x10276b","ResourceAttributes":"-","SubjectDomainName":"THESHIRE","ProviderGuid":"{54849625-5478-4994-a5ba-3e3b0328c30d}","AccessList":"%%4432\n\t\t\t\t","ObjectServer":"Security","HandleId":"0x390","ObjectType":"Key","SubjectUserSid":"S-1-5-21-3140987116-517580383-2541594433-1104","Level":"0","Channel":"security","Task":"12801","ObjectName":"\\REGISTRY\\MACHINE\\SYSTEM\\ControlSet001\\Control\\Session Manager\\Environment","AccessMask":"0x1","SourceName":"Microsoft-Windows-Security-Auditing","Hostname":"WORKSTATION5.theshire.local","ProcessName":"C:\\ProgramData\\SharpView.exe","ProcessId":"0xea8","EventID":4663,"Keywords":"0x8020000000000000","SubjectUserName":"pgustavo","Message":"An attempt was made to access an object.\r\n\r\nSubject:\r\n\tSecurity ID:\t\tS-1-5-21-3140987116-517580383-2541594433-1104\r\n\tAccount Name:\t\tpgustavo\r\n\tAccount Domain:\t\tTHESHIRE\r\n\tLogon ID:\t\t0x10276B\r\n\r\nObject:\r\n\tObject Server:\t\tSecurity\r\n\tObject Type:\t\tKey\r\n\tObject Name:\t\t\\REGISTRY\\MACHINE\\SYSTEM\\ControlSet001\\Control\\Session Manager\\Environment\r\n\tHandle ID:\t\t0x390\r\n\tResource Attributes:\t-\r\n\r\nProcess Information:\r\n\tProcess ID:\t\t0xea8\r\n\tProcess Name:\t\tC:\\ProgramData\\SharpView.exe\r\n\r\nAccess Request Information:\r\n\tAccesses:\t\tQuery key value\r\n\t\t\t\t\r\n\tAccess Mask:\t\t0x1"}
{"@timestamp":"2020-10-29T08:23:21.460Z","TimeCreated":"2020-10-29T08:23:21.460Z","SubjectLogonId":"0x10276b","SubjectDomainName":"THESHIRE","ProviderGuid":"{54849625-5478-4994-a5ba-3e3b0328c30d}","ObjectServer":"Security","HandleId":"0x390","SubjectUserSid":"S-1-5-21-3140987116-517580383-2541594433-1104","Level":"0","Channel":"security","Task":"12801","SourceName":"Microsoft-Windows-Security-Auditing","Hostname":"WORKSTATION5.theshire.local","ProcessName":"C:\\ProgramData\\SharpView.exe","ProcessId":"0xea8","EventID":4658,"Keywords":"0x8020000000000000","SubjectUserName":"pgustavo","Message":"The handle to an object was closed.\r\n\r\nSubject :\r\n\tSecurity ID:\t\tS-1-5-21-3140987116-517580383-2541594433-1104\r\n\tAccount Name:\t\tpgustavo\r\n\tAccount Domain:\t\tTHESHIRE\r\n\tLogon ID:\t\t0x10276B\r\n\r\nObject:\r\n\tObject Server:\t\tSecurity\r\n\tHandle ID:\t\t0x390\r\n\r\nProcess Information:\r\n\tProcess ID:\t\t0xea8\r\n\tProcess Name:\t\tC:\\ProgramData\\SharpView.exe"}
{"@timestamp":"2020-10-29T08:23:21.469Z","TimeCreated":"2020-10-29T08:23:21.469Z","SubjectLogonId":"0x10276b","SubjectDomainName":"THESHIRE","ProviderGuid":"{54849625-5478-4994-a5ba-3e3b0328c30d}","SubjectUserSid":"S-1-5-21-3140987116-517580383-2541594433-1104","SourceHandleId":"0x3ac","Level":"0","Channel":"security","Task":"12807","TargetHandleId":"0x2ddc","SourceName":"Microsoft-Windows-Security-Auditing","Hostname":"WORKSTATION5.theshire.local","SourceProcessId":"0xea8","EventID":4690,"Keywords":"0x8020000000000000","TargetProcessId":"0x4","SubjectUserName":"pgustavo","Message":"An attempt was made to duplicate a handle to an object.\r\n\r\nSubject:\r\n\tSecurity ID:\t\tS-1-5-21-3140987116-517580383-2541594433-1104\r\n\tAccount Name:\t\tpgustavo\r\n\tAccount Domain:\t\tTHESHIRE\r\n\tLogon ID:\t\t0x10276B\r\n\r\nSource Handle Information:\r\n\tSource Handle ID:\t0x3ac\r\n\tSource Process ID:\t0xea8\r\n\r\nNew Handle Information:\r\n\tTarget Handle ID:\t0x2ddc\r\n\tTarget Process ID:\t0x4"}
{"@timestamp":"2020-10-29T08:23:21.469Z","TimeCreated":"2020-10-29T08:23:21.469Z","SubjectLogonId":"0x10276b","SubjectDomainName":"THESHIRE","ProviderGuid":"{54849625-5478-4994-a5ba-3e3b0328c30d}","ObjectServer":"Security","HandleId":"0x2ddc","SubjectUserSid":"S-1-5-21-3140987116-517580383-2541594433-1104","Level":"0","Channel":"security","Task":"12801","SourceName":"Microsoft-Windows-Security-Auditing","Hostname":"WORKSTATION5.theshire.local","ProcessName":"C:\\ProgramData\\SharpView.exe","ProcessId":"0xea8","EventID":4658,"Keywords":"0x8020000000000000","SubjectUserName":"pgustavo","Message":"The handle to an object was closed.\r\n\r\nSubject :\r\n\tSecurity ID:\t\tS-1-5-21-3140987116-517580383-2541594433-1104\r\n\tAccount Name:\t\tpgustavo\r\n\tAccount Domain:\t\tTHESHIRE\r\n\tLogon ID:\t\t0x10276B\r\n\r\nObject:\r\n\tObject Server:\t\tSecurity\r\n\tHandle ID:\t\t0x2ddc\r\n\r\nProcess Information:\r\n\tProcess ID:\t\t0xea8\r\n\tProcess Name:\t\tC:\\ProgramData\\SharpView.exe"}
{"Keywords":"0x8020000000000000","Task":"12801","ObjectServer":"Security","TimeCreated":"2020-10-29T08:23:21.469Z","RestrictedSidCount":"0","SubjectUserSid":"S-1-5-21-3140987116-517580383-2541594433-1104","ObjectName":"\\REGISTRY\\MACHINE\\SOFTWARE\\Microsoft\\Windows NT\\CurrentVersion\\Winlogon","SubjectLogonId":"0x10276b","ResourceAttributes":"-","PrivilegeList":"-","TransactionId":"{00000000-0000-0000-0000-000000000000}","AccessMask":"0x20019","SourceName":"Microsoft-Windows-Security-Auditing","SubjectDomainName":"THESHIRE","ObjectType":"Key","ProcessName":"C:\\ProgramData\\SharpView.exe","AccessReason":"-","ProcessId":"0xea8","SubjectUserName":"pgustavo","AccessList":"%%1538\n\t\t\t\t%%4432\n\t\t\t\t%%4435\n\t\t\t\t%%4436\n\t\t\t\t","@timestamp":"2020-10-29T08:23:21.469Z","HandleId":"0x3ac","Hostname":"WORKSTATION5.theshire.local","Channel":"security","Level":"0","EventID":4656,"ProviderGuid":"{54849625-5478-4994-a5ba-3e3b0328c30d}","Message":"A handle to an object was requested.\r\n\r\nSubject:\r\n\tSecurity ID:\t\tS-1-5-21-3140987116-517580383-2541594433-1104\r\n\tAccount Name:\t\tpgustavo\r\n\tAccount Domain:\t\tTHESHIRE\r\n\tLogon ID:\t\t0x10276B\r\n\r\nObject:\r\n\tObject Server:\t\tSecurity\r\n\tObject Type:\t\tKey\r\n\tObject Name:\t\t\\REGISTRY\\MACHINE\\SOFTWARE\\Microsoft\\Windows NT\\CurrentVersion\\Winlogon\r\n\tHandle ID:\t\t0x3ac\r\n\tResource Attributes:\t-\r\n\r\nProcess Information:\r\n\tProcess ID:\t\t0xea8\r\n\tProcess Name:\t\tC:\\ProgramData\\SharpView.exe\r\n\r\nAccess Request Information:\r\n\tTransaction ID:\t\t{00000000-0000-0000-0000-000000000000}\r\n\tAccesses:\t\tREAD_CONTROL\r\n\t\t\t\tQuery key value\r\n\t\t\t\tEnumerate sub-keys\r\n\t\t\t\tNotify about changes to keys\r\n\t\t\t\t\r\n\tAccess Reasons:\t\t-\r\n\tAccess Mask:\t\t0x20019\r\n\tPrivileges Used for Access Check:\t-\r\n\tRestricted SID Count:\t0"}
{"@timestamp":"2020-10-29T08:23:21.469Z","TimeCreated":"2020-10-29T08:23:21.469Z","SubjectLogonId":"0x10276b","ResourceAttributes":"-","SubjectDomainName":"THESHIRE","ProviderGuid":"{54849625-5478-4994-a5ba-3e3b0328c30d}","AccessList":"%%4432\n\t\t\t\t","ObjectServer":"Security","HandleId":"0x3ac","ObjectType":"Key","SubjectUserSid":"S-1-5-21-3140987116-517580383-2541594433-1104","Level":"0","Channel":"security","Task":"12801","ObjectName":"\\REGISTRY\\MACHINE\\SOFTWARE\\Microsoft\\Windows NT\\CurrentVersion\\Winlogon","AccessMask":"0x1","SourceName":"Microsoft-Windows-Security-Auditing","Hostname":"WORKSTATION5.theshire.local","ProcessName":"C:\\ProgramData\\SharpView.exe","ProcessId":"0xea8","EventID":4663,"Keywords":"0x8020000000000000","SubjectUserName":"pgustavo","Message":"An attempt was made to access an object.\r\n\r\nSubject:\r\n\tSecurity ID:\t\tS-1-5-21-3140987116-517580383-2541594433-1104\r\n\tAccount Name:\t\tpgustavo\r\n\tAccount Domain:\t\tTHESHIRE\r\n\tLogon ID:\t\t0x10276B\r\n\r\nObject:\r\n\tObject Server:\t\tSecurity\r\n\tObject Type:\t\tKey\r\n\tObject Name:\t\t\\REGISTRY\\MACHINE\\SOFTWARE\\Microsoft\\Windows NT\\CurrentVersion\\Winlogon\r\n\tHandle ID:\t\t0x3ac\r\n\tResource Attributes:\t-\r\n\r\nProcess Information:\r\n\tProcess ID:\t\t0xea8\r\n\tProcess Name:\t\tC:\\ProgramData\\SharpView.exe\r\n\r\nAccess Request Information:\r\n\tAccesses:\t\tQuery key value\r\n\t\t\t\t\r\n\tAccess Mask:\t\t0x1"}
{"@timestamp":"2020-10-29T08:23:21.469Z","TimeCreated":"2020-10-29T08:23:21.469Z","SubjectLogonId":"0x10276b","SubjectDomainName":"THESHIRE","ProviderGuid":"{54849625-5478-4994-a5ba-3e3b0328c30d}","ObjectServer":"Security","HandleId":"0x3ac","SubjectUserSid":"S-1-5-21-3140987116-517580383-2541594433-1104","Level":"0","Channel":"security","Task":"12801","SourceName":"Microsoft-Windows-Security-Auditing","Hostname":"WORKSTATION5.theshire.local","ProcessName":"C:\\ProgramData\\SharpView.exe","ProcessId":"0xea8","EventID":4658,"Keywords":"0x8020000000000000","SubjectUserName":"pgustavo","Message":"The handle to an object was closed.\r\n\r\nSubject :\r\n\tSecurity ID:\t\tS-1-5-21-3140987116-517580383-2541594433-1104\r\n\tAccount Name:\t\tpgustavo\r\n\tAccount Domain:\t\tTHESHIRE\r\n\tLogon ID:\t\t0x10276B\r\n\r\nObject:\r\n\tObject Server:\t\tSecurity\r\n\tHandle ID:\t\t0x3ac\r\n\r\nProcess Information:\r\n\tProcess ID:\t\t0xea8\r\n\tProcess Name:\t\tC:\\ProgramData\\SharpView.exe"}
{"@timestamp":"2020-10-29T08:23:21.472Z","TimeCreated":"2020-10-29T08:23:21.472Z","SubjectLogonId":"0x10276b","SubjectDomainName":"THESHIRE","ProviderGuid":"{54849625-5478-4994-a5ba-3e3b0328c30d}","SubjectUserSid":"S-1-5-21-3140987116-517580383-2541594433-1104","SourceHandleId":"0x3e0","Level":"0","Channel":"security","Task":"12807","TargetHandleId":"0x2598","SourceName":"Microsoft-Windows-Security-Auditing","Hostname":"WORKSTATION5.theshire.local","SourceProcessId":"0xea8","EventID":4690,"Keywords":"0x8020000000000000","TargetProcessId":"0x4","SubjectUserName":"pgustavo","Message":"An attempt was made to duplicate a handle to an object.\r\n\r\nSubject:\r\n\tSecurity ID:\t\tS-1-5-21-3140987116-517580383-2541594433-1104\r\n\tAccount Name:\t\tpgustavo\r\n\tAccount Domain:\t\tTHESHIRE\r\n\tLogon ID:\t\t0x10276B\r\n\r\nSource Handle Information:\r\n\tSource Handle ID:\t0x3e0\r\n\tSource Process ID:\t0xea8\r\n\r\nNew Handle Information:\r\n\tTarget Handle ID:\t0x2598\r\n\tTarget Process ID:\t0x4"}
{"@timestamp":"2020-10-29T08:23:21.472Z","TimeCreated":"2020-10-29T08:23:21.472Z","SubjectLogonId":"0x10276b","SubjectDomainName":"THESHIRE","ProviderGuid":"{54849625-5478-4994-a5ba-3e3b0328c30d}","ObjectServer":"Security","HandleId":"0x2598","SubjectUserSid":"S-1-5-21-3140987116-517580383-2541594433-1104","Level":"0","Channel":"security","Task":"12801","SourceName":"Microsoft-Windows-Security-Auditing","Hostname":"WORKSTATION5.theshire.local","ProcessName":"C:\\ProgramData\\SharpView.exe","ProcessId":"0xea8","EventID":4658,"Keywords":"0x8020000000000000","SubjectUserName":"pgustavo","Message":"The handle to an object was closed.\r\n\r\nSubject :\r\n\tSecurity ID:\t\tS-1-5-21-3140987116-517580383-2541594433-1104\r\n\tAccount Name:\t\tpgustavo\r\n\tAccount Domain:\t\tTHESHIRE\r\n\tLogon ID:\t\t0x10276B\r\n\r\nObject:\r\n\tObject Server:\t\tSecurity\r\n\tHandle ID:\t\t0x2598\r\n\r\nProcess Information:\r\n\tProcess ID:\t\t0xea8\r\n\tProcess Name:\t\tC:\\ProgramData\\SharpView.exe"}
{"Keywords":"0x8020000000000000","Task":"12801","ObjectServer":"Security","TimeCreated":"2020-10-29T08:23:21.472Z","RestrictedSidCount":"0","SubjectUserSid":"S-1-5-21-3140987116-517580383-2541594433-1104","ObjectName":"\\REGISTRY\\MACHINE\\SOFTWARE\\Microsoft\\Windows NT\\CurrentVersion\\Winlogon","SubjectLogonId":"0x10276b","ResourceAttributes":"-","PrivilegeList":"-","TransactionId":"{00000000-0000-0000-0000-000000000000}","AccessMask":"0x20019","SourceName":"Microsoft-Windows-Security-Auditing","SubjectDomainName":"THESHIRE","ObjectType":"Key","ProcessName":"C:\\ProgramData\\SharpView.exe","AccessReason":"-","ProcessId":"0xea8","SubjectUserName":"pgustavo","AccessList":"%%1538\n\t\t\t\t%%4432\n\t\t\t\t%%4435\n\t\t\t\t%%4436\n\t\t\t\t","@timestamp":"2020-10-29T08:23:21.472Z","HandleId":"0x3e0","Hostname":"WORKSTATION5.theshire.local","Channel":"security","Level":"0","EventID":4656,"ProviderGuid":"{54849625-5478-4994-a5ba-3e3b0328c30d}","Message":"A handle to an object was requested.\r\n\r\nSubject:\r\n\tSecurity ID:\t\tS-1-5-21-3140987116-517580383-2541594433-1104\r\n\tAccount Name:\t\tpgustavo\r\n\tAccount Domain:\t\tTHESHIRE\r\n\tLogon ID:\t\t0x10276B\r\n\r\nObject:\r\n\tObject Server:\t\tSecurity\r\n\tObject Type:\t\tKey\r\n\tObject Name:\t\t\\REGISTRY\\MACHINE\\SOFTWARE\\Microsoft\\Windows NT\\CurrentVersion\\Winlogon\r\n\tHandle ID:\t\t0x3e0\r\n\tResource Attributes:\t-\r\n\r\nProcess Information:\r\n\tProcess ID:\t\t0xea8\r\n\tProcess Name:\t\tC:\\ProgramData\\SharpView.exe\r\n\r\nAccess Request Information:\r\n\tTransaction ID:\t\t{00000000-0000-0000-0000-000000000000}\r\n\tAccesses:\t\tREAD_CONTROL\r\n\t\t\t\tQuery key value\r\n\t\t\t\tEnumerate sub-keys\r\n\t\t\t\tNotify about changes to keys\r\n\t\t\t\t\r\n\tAccess Reasons:\t\t-\r\n\tAccess Mask:\t\t0x20019\r\n\tPrivileges Used for Access Check:\t-\r\n\tRestricted SID Count:\t0"}
{"@timestamp":"2020-10-29T08:23:21.472Z","TimeCreated":"2020-10-29T08:23:21.472Z","SubjectLogonId":"0x10276b","ResourceAttributes":"-","SubjectDomainName":"THESHIRE","ProviderGuid":"{54849625-5478-4994-a5ba-3e3b0328c30d}","AccessList":"%%4432\n\t\t\t\t","ObjectServer":"Security","HandleId":"0x3e0","ObjectType":"Key","SubjectUserSid":"S-1-5-21-3140987116-517580383-2541594433-1104","Level":"0","Channel":"security","Task":"12801","ObjectName":"\\REGISTRY\\MACHINE\\SOFTWARE\\Microsoft\\Windows NT\\CurrentVersion\\Winlogon","AccessMask":"0x1","SourceName":"Microsoft-Windows-Security-Auditing","Hostname":"WORKSTATION5.theshire.local","ProcessName":"C:\\ProgramData\\SharpView.exe","ProcessId":"0xea8","EventID":4663,"Keywords":"0x8020000000000000","SubjectUserName":"pgustavo","Message":"An attempt was made to access an object.\r\n\r\nSubject:\r\n\tSecurity ID:\t\tS-1-5-21-3140987116-517580383-2541594433-1104\r\n\tAccount Name:\t\tpgustavo\r\n\tAccount Domain:\t\tTHESHIRE\r\n\tLogon ID:\t\t0x10276B\r\n\r\nObject:\r\n\tObject Server:\t\tSecurity\r\n\tObject Type:\t\tKey\r\n\tObject Name:\t\t\\REGISTRY\\MACHINE\\SOFTWARE\\Microsoft\\Windows NT\\CurrentVersion\\Winlogon\r\n\tHandle ID:\t\t0x3e0\r\n\tResource Attributes:\t-\r\n\r\nProcess Information:\r\n\tProcess ID:\t\t0xea8\r\n\tProcess Name:\t\tC:\\ProgramData\\SharpView.exe\r\n\r\nAccess Request Information:\r\n\tAccesses:\t\tQuery key value\r\n\t\t\t\t\r\n\tAccess Mask:\t\t0x1"}
{"@timestamp":"2020-10-29T08:23:21.472Z","TimeCreated":"2020-10-29T08:23:21.472Z","SubjectLogonId":"0x10276b","SubjectDomainName":"THESHIRE","ProviderGuid":"{54849625-5478-4994-a5ba-3e3b0328c30d}","ObjectServer":"Security","HandleId":"0x3e0","SubjectUserSid":"S-1-5-21-3140987116-517580383-2541594433-1104","Level":"0","Channel":"security","Task":"12801","SourceName":"Microsoft-Windows-Security-Auditing","Hostname":"WORKSTATION5.theshire.local","ProcessName":"C:\\ProgramData\\SharpView.exe","ProcessId":"0xea8","EventID":4658,"Keywords":"0x8020000000000000","SubjectUserName":"pgustavo","Message":"The handle to an object was closed.\r\n\r\nSubject :\r\n\tSecurity ID:\t\tS-1-5-21-3140987116-517580383-2541594433-1104\r\n\tAccount Name:\t\tpgustavo\r\n\tAccount Domain:\t\tTHESHIRE\r\n\tLogon ID:\t\t0x10276B\r\n\r\nObject:\r\n\tObject Server:\t\tSecurity\r\n\tHandle ID:\t\t0x3e0\r\n\r\nProcess Information:\r\n\tProcess ID:\t\t0xea8\r\n\tProcess Name:\t\tC:\\ProgramData\\SharpView.exe"}
{"@timestamp":"2020-10-29T08:23:21.473Z","TimeCreated":"2020-10-29T08:23:21.473Z","SubjectLogonId":"0x10276b","SubjectDomainName":"THESHIRE","ProviderGuid":"{54849625-5478-4994-a5ba-3e3b0328c30d}","SubjectUserSid":"S-1-5-21-3140987116-517580383-2541594433-1104","SourceHandleId":"0x3d8","Level":"0","Channel":"security","Task":"12807","TargetHandleId":"0x2598","SourceName":"Microsoft-Windows-Security-Auditing","Hostname":"WORKSTATION5.theshire.local","SourceProcessId":"0xea8","EventID":4690,"Keywords":"0x8020000000000000","TargetProcessId":"0x4","SubjectUserName":"pgustavo","Message":"An attempt was made to duplicate a handle to an object.\r\n\r\nSubject:\r\n\tSecurity ID:\t\tS-1-5-21-3140987116-517580383-2541594433-1104\r\n\tAccount Name:\t\tpgustavo\r\n\tAccount Domain:\t\tTHESHIRE\r\n\tLogon ID:\t\t0x10276B\r\n\r\nSource Handle Information:\r\n\tSource Handle ID:\t0x3d8\r\n\tSource Process ID:\t0xea8\r\n\r\nNew Handle Information:\r\n\tTarget Handle ID:\t0x2598\r\n\tTarget Process ID:\t0x4"}
{"@timestamp":"2020-10-29T08:23:21.473Z","TimeCreated":"2020-10-29T08:23:21.473Z","SubjectLogonId":"0x10276b","SubjectDomainName":"THESHIRE","ProviderGuid":"{54849625-5478-4994-a5ba-3e3b0328c30d}","ObjectServer":"Security","HandleId":"0x2598","SubjectUserSid":"S-1-5-21-3140987116-517580383-2541594433-1104","Level":"0","Channel":"security","Task":"12801","SourceName":"Microsoft-Windows-Security-Auditing","Hostname":"WORKSTATION5.theshire.local","ProcessName":"C:\\ProgramData\\SharpView.exe","ProcessId":"0xea8","EventID":4658,"Keywords":"0x8020000000000000","SubjectUserName":"pgustavo","Message":"The handle to an object was closed.\r\n\r\nSubject :\r\n\tSecurity ID:\t\tS-1-5-21-3140987116-517580383-2541594433-1104\r\n\tAccount Name:\t\tpgustavo\r\n\tAccount Domain:\t\tTHESHIRE\r\n\tLogon ID:\t\t0x10276B\r\n\r\nObject:\r\n\tObject Server:\t\tSecurity\r\n\tHandle ID:\t\t0x2598\r\n\r\nProcess Information:\r\n\tProcess ID:\t\t0xea8\r\n\tProcess Name:\t\tC:\\ProgramData\\SharpView.exe"}
{"Keywords":"0x8020000000000000","Task":"12801","ObjectServer":"Security","TimeCreated":"2020-10-29T08:23:21.473Z","RestrictedSidCount":"0","SubjectUserSid":"S-1-5-21-3140987116-517580383-2541594433-1104","ObjectName":"\\REGISTRY\\MACHINE\\SOFTWARE\\Microsoft\\Windows NT\\CurrentVersion\\Winlogon","SubjectLogonId":"0x10276b","ResourceAttributes":"-","PrivilegeList":"-","TransactionId":"{00000000-0000-0000-0000-000000000000}","AccessMask":"0x20019","SourceName":"Microsoft-Windows-Security-Auditing","SubjectDomainName":"THESHIRE","ObjectType":"Key","ProcessName":"C:\\ProgramData\\SharpView.exe","AccessReason":"-","ProcessId":"0xea8","SubjectUserName":"pgustavo","AccessList":"%%1538\n\t\t\t\t%%4432\n\t\t\t\t%%4435\n\t\t\t\t%%4436\n\t\t\t\t","@timestamp":"2020-10-29T08:23:21.473Z","HandleId":"0x3d8","Hostname":"WORKSTATION5.theshire.local","Channel":"security","Level":"0","EventID":4656,"ProviderGuid":"{54849625-5478-4994-a5ba-3e3b0328c30d}","Message":"A handle to an object was requested.\r\n\r\nSubject:\r\n\tSecurity ID:\t\tS-1-5-21-3140987116-517580383-2541594433-1104\r\n\tAccount Name:\t\tpgustavo\r\n\tAccount Domain:\t\tTHESHIRE\r\n\tLogon ID:\t\t0x10276B\r\n\r\nObject:\r\n\tObject Server:\t\tSecurity\r\n\tObject Type:\t\tKey\r\n\tObject Name:\t\t\\REGISTRY\\MACHINE\\SOFTWARE\\Microsoft\\Windows NT\\CurrentVersion\\Winlogon\r\n\tHandle ID:\t\t0x3d8\r\n\tResource Attributes:\t-\r\n\r\nProcess Information:\r\n\tProcess ID:\t\t0xea8\r\n\tProcess Name:\t\tC:\\ProgramData\\SharpView.exe\r\n\r\nAccess Request Information:\r\n\tTransaction ID:\t\t{00000000-0000-0000-0000-000000000000}\r\n\tAccesses:\t\tREAD_CONTROL\r\n\t\t\t\tQuery key value\r\n\t\t\t\tEnumerate sub-keys\r\n\t\t\t\tNotify about changes to keys\r\n\t\t\t\t\r\n\tAccess Reasons:\t\t-\r\n\tAccess Mask:\t\t0x20019\r\n\tPrivileges Used for Access Check:\t-\r\n\tRestricted SID Count:\t0"}
{"@timestamp":"2020-10-29T08:23:21.473Z","TimeCreated":"2020-10-29T08:23:21.473Z","SubjectLogonId":"0x10276b","ResourceAttributes":"-","SubjectDomainName":"THESHIRE","ProviderGuid":"{54849625-5478-4994-a5ba-3e3b0328c30d}","AccessList":"%%4432\n\t\t\t\t","ObjectServer":"Security","HandleId":"0x3d8","ObjectType":"Key","SubjectUserSid":"S-1-5-21-3140987116-517580383-2541594433-1104","Level":"0","Channel":"security","Task":"12801","ObjectName":"\\REGISTRY\\MACHINE\\SOFTWARE\\Microsoft\\Windows NT\\CurrentVersion\\Winlogon","AccessMask":"0x1","SourceName":"Microsoft-Windows-Security-Auditing","Hostname":"WORKSTATION5.theshire.local","ProcessName":"C:\\ProgramData\\SharpView.exe","ProcessId":"0xea8","EventID":4663,"Keywords":"0x8020000000000000","SubjectUserName":"pgustavo","Message":"An attempt was made to access an object.\r\n\r\nSubject:\r\n\tSecurity ID:\t\tS-1-5-21-3140987116-517580383-2541594433-1104\r\n\tAccount Name:\t\tpgustavo\r\n\tAccount Domain:\t\tTHESHIRE\r\n\tLogon ID:\t\t0x10276B\r\n\r\nObject:\r\n\tObject Server:\t\tSecurity\r\n\tObject Type:\t\tKey\r\n\tObject Name:\t\t\\REGISTRY\\MACHINE\\SOFTWARE\\Microsoft\\Windows NT\\CurrentVersion\\Winlogon\r\n\tHandle ID:\t\t0x3d8\r\n\tResource Attributes:\t-\r\n\r\nProcess Information:\r\n\tProcess ID:\t\t0xea8\r\n\tProcess Name:\t\tC:\\ProgramData\\SharpView.exe\r\n\r\nAccess Request Information:\r\n\tAccesses:\t\tQuery key value\r\n\t\t\t\t\r\n\tAccess Mask:\t\t0x1"}
{"@timestamp":"2020-10-29T08:23:21.473Z","TimeCreated":"2020-10-29T08:23:21.473Z","SubjectLogonId":"0x10276b","SubjectDomainName":"THESHIRE","ProviderGuid":"{54849625-5478-4994-a5ba-3e3b0328c30d}","ObjectServer":"Security","HandleId":"0x3d8","SubjectUserSid":"S-1-5-21-3140987116-517580383-2541594433-1104","Level":"0","Channel":"security","Task":"12801","SourceName":"Microsoft-Windows-Security-Auditing","Hostname":"WORKSTATION5.theshire.local","ProcessName":"C:\\ProgramData\\SharpView.exe","ProcessId":"0xea8","EventID":4658,"Keywords":"0x8020000000000000","SubjectUserName":"pgustavo","Message":"The handle to an object was closed.\r\n\r\nSubject :\r\n\tSecurity ID:\t\tS-1-5-21-3140987116-517580383-2541594433-1104\r\n\tAccount Name:\t\tpgustavo\r\n\tAccount Domain:\t\tTHESHIRE\r\n\tLogon ID:\t\t0x10276B\r\n\r\nObject:\r\n\tObject Server:\t\tSecurity\r\n\tHandle ID:\t\t0x3d8\r\n\r\nProcess Information:\r\n\tProcess ID:\t\t0xea8\r\n\tProcess Name:\t\tC:\\ProgramData\\SharpView.exe"}
{"@timestamp":"2020-10-29T08:23:21.521Z","TimeCreated":"2020-10-29T08:23:21.521Z","SubjectLogonId":"0x10276b","SubjectDomainName":"THESHIRE","ProviderGuid":"{54849625-5478-4994-a5ba-3e3b0328c30d}","SubjectUserSid":"S-1-5-21-3140987116-517580383-2541594433-1104","SourceHandleId":"0x488","Level":"0","Channel":"security","Task":"12807","TargetHandleId":"0x9fc","SourceName":"Microsoft-Windows-Security-Auditing","Hostname":"WORKSTATION5.theshire.local","SourceProcessId":"0xea8","EventID":4690,"Keywords":"0x8020000000000000","TargetProcessId":"0x4","SubjectUserName":"pgustavo","Message":"An attempt was made to duplicate a handle to an object.\r\n\r\nSubject:\r\n\tSecurity ID:\t\tS-1-5-21-3140987116-517580383-2541594433-1104\r\n\tAccount Name:\t\tpgustavo\r\n\tAccount Domain:\t\tTHESHIRE\r\n\tLogon ID:\t\t0x10276B\r\n\r\nSource Handle Information:\r\n\tSource Handle ID:\t0x488\r\n\tSource Process ID:\t0xea8\r\n\r\nNew Handle Information:\r\n\tTarget Handle ID:\t0x9fc\r\n\tTarget Process ID:\t0x4"}
{"@timestamp":"2020-10-29T08:23:21.521Z","TimeCreated":"2020-10-29T08:23:21.521Z","SubjectLogonId":"0x10276b","SubjectDomainName":"THESHIRE","ProviderGuid":"{54849625-5478-4994-a5ba-3e3b0328c30d}","ObjectServer":"Security","HandleId":"0x9fc","SubjectUserSid":"S-1-5-21-3140987116-517580383-2541594433-1104","Level":"0","Channel":"security","Task":"12801","SourceName":"Microsoft-Windows-Security-Auditing","Hostname":"WORKSTATION5.theshire.local","ProcessName":"C:\\ProgramData\\SharpView.exe","ProcessId":"0xea8","EventID":4658,"Keywords":"0x8020000000000000","SubjectUserName":"pgustavo","Message":"The handle to an object was closed.\r\n\r\nSubject :\r\n\tSecurity ID:\t\tS-1-5-21-3140987116-517580383-2541594433-1104\r\n\tAccount Name:\t\tpgustavo\r\n\tAccount Domain:\t\tTHESHIRE\r\n\tLogon ID:\t\t0x10276B\r\n\r\nObject:\r\n\tObject Server:\t\tSecurity\r\n\tHandle ID:\t\t0x9fc\r\n\r\nProcess Information:\r\n\tProcess ID:\t\t0xea8\r\n\tProcess Name:\t\tC:\\ProgramData\\SharpView.exe"}
{"Keywords":"0x8020000000000000","Task":"12801","ObjectServer":"Security","TimeCreated":"2020-10-29T08:23:21.521Z","RestrictedSidCount":"0","SubjectUserSid":"S-1-5-21-3140987116-517580383-2541594433-1104","ObjectName":"\\REGISTRY\\MACHINE\\SOFTWARE\\Microsoft\\.NETFramework","SubjectLogonId":"0x10276b","ResourceAttributes":"-","PrivilegeList":"-","TransactionId":"{00000000-0000-0000-0000-000000000000}","AccessMask":"0x20019","SourceName":"Microsoft-Windows-Security-Auditing","SubjectDomainName":"THESHIRE","ObjectType":"Key","ProcessName":"C:\\ProgramData\\SharpView.exe","AccessReason":"-","ProcessId":"0xea8","SubjectUserName":"pgustavo","AccessList":"%%1538\n\t\t\t\t%%4432\n\t\t\t\t%%4435\n\t\t\t\t%%4436\n\t\t\t\t","@timestamp":"2020-10-29T08:23:21.521Z","HandleId":"0x488","Hostname":"WORKSTATION5.theshire.local","Channel":"security","Level":"0","EventID":4656,"ProviderGuid":"{54849625-5478-4994-a5ba-3e3b0328c30d}","Message":"A handle to an object was requested.\r\n\r\nSubject:\r\n\tSecurity ID:\t\tS-1-5-21-3140987116-517580383-2541594433-1104\r\n\tAccount Name:\t\tpgustavo\r\n\tAccount Domain:\t\tTHESHIRE\r\n\tLogon ID:\t\t0x10276B\r\n\r\nObject:\r\n\tObject Server:\t\tSecurity\r\n\tObject Type:\t\tKey\r\n\tObject Name:\t\t\\REGISTRY\\MACHINE\\SOFTWARE\\Microsoft\\.NETFramework\r\n\tHandle ID:\t\t0x488\r\n\tResource Attributes:\t-\r\n\r\nProcess Information:\r\n\tProcess ID:\t\t0xea8\r\n\tProcess Name:\t\tC:\\ProgramData\\SharpView.exe\r\n\r\nAccess Request Information:\r\n\tTransaction ID:\t\t{00000000-0000-0000-0000-000000000000}\r\n\tAccesses:\t\tREAD_CONTROL\r\n\t\t\t\tQuery key value\r\n\t\t\t\tEnumerate sub-keys\r\n\t\t\t\tNotify about changes to keys\r\n\t\t\t\t\r\n\tAccess Reasons:\t\t-\r\n\tAccess Mask:\t\t0x20019\r\n\tPrivileges Used for Access Check:\t-\r\n\tRestricted SID Count:\t0"}
{"@timestamp":"2020-10-29T08:23:21.521Z","TimeCreated":"2020-10-29T08:23:21.521Z","SubjectLogonId":"0x10276b","SubjectDomainName":"THESHIRE","ProviderGuid":"{54849625-5478-4994-a5ba-3e3b0328c30d}","ObjectServer":"Security","HandleId":"0x488","SubjectUserSid":"S-1-5-21-3140987116-517580383-2541594433-1104","Level":"0","Channel":"security","Task":"12801","SourceName":"Microsoft-Windows-Security-Auditing","Hostname":"WORKSTATION5.theshire.local","ProcessName":"C:\\ProgramData\\SharpView.exe","ProcessId":"0xea8","EventID":4658,"Keywords":"0x8020000000000000","SubjectUserName":"pgustavo","Message":"The handle to an object was closed.\r\n\r\nSubject :\r\n\tSecurity ID:\t\tS-1-5-21-3140987116-517580383-2541594433-1104\r\n\tAccount Name:\t\tpgustavo\r\n\tAccount Domain:\t\tTHESHIRE\r\n\tLogon ID:\t\t0x10276B\r\n\r\nObject:\r\n\tObject Server:\t\tSecurity\r\n\tHandle ID:\t\t0x488\r\n\r\nProcess Information:\r\n\tProcess ID:\t\t0xea8\r\n\tProcess Name:\t\tC:\\ProgramData\\SharpView.exe"}
{"@timestamp":"2020-10-29T08:23:21.553Z","TimeCreated":"2020-10-29T08:23:21.553Z","ProviderGuid":"{54849625-5478-4994-a5ba-3e3b0328c30d}","SourcePort":"54899","LayerName":"%%14608","SourceAddress":"127.0.0.1","Level":"0","Channel":"security","Task":"12810","Protocol":"17","SourceName":"Microsoft-Windows-Security-Auditing","Hostname":"WORKSTATION5.theshire.local","ProcessId":"3752","LayerRTID":"36","FilterRTID":"0","EventID":5158,"Keywords":"0x8020000000000000","Application":"\\device\\harddiskvolume2\\programdata\\sharpview.exe","Message":"The Windows Filtering Platform has permitted a bind to a local port.\r\n\r\nApplication Information:\r\n\tProcess ID:\t\t3752\r\n\tApplication Name:\t\\device\\harddiskvolume2\\programdata\\sharpview.exe\r\n\r\nNetwork Information:\r\n\tSource Address:\t\t127.0.0.1\r\n\tSource Port:\t\t54899\r\n\tProtocol:\t\t17\r\n\r\nFilter Information:\r\n\tFilter Run-Time ID:\t0\r\n\tLayer Name:\t\tResource Assignment\r\n\tLayer Run-Time ID:\t36"}
{"@timestamp":"2020-10-29T08:23:21.557Z","TimeCreated":"2020-10-29T08:23:21.557Z","ProviderGuid":"{54849625-5478-4994-a5ba-3e3b0328c30d}","SourcePort":"53141","LayerName":"%%14608","SourceAddress":"::","Level":"0","Channel":"security","Task":"12810","Protocol":"17","SourceName":"Microsoft-Windows-Security-Auditing","Hostname":"WORKSTATION5.theshire.local","ProcessId":"1652","LayerRTID":"36","FilterRTID":"0","EventID":5158,"Keywords":"0x8020000000000000","Application":"\\device\\harddiskvolume2\\windows\\system32\\svchost.exe","Message":"The Windows Filtering Platform has permitted a bind to a local port.\r\n\r\nApplication Information:\r\n\tProcess ID:\t\t1652\r\n\tApplication Name:\t\\device\\harddiskvolume2\\windows\\system32\\svchost.exe\r\n\r\nNetwork Information:\r\n\tSource Address:\t\t::\r\n\tSource Port:\t\t53141\r\n\tProtocol:\t\t17\r\n\r\nFilter Information:\r\n\tFilter Run-Time ID:\t0\r\n\tLayer Name:\t\tResource Assignment\r\n\tLayer Run-Time ID:\t36"}
{"@timestamp":"2020-10-29T08:23:21.557Z","TimeCreated":"2020-10-29T08:23:21.557Z","ProviderGuid":"{54849625-5478-4994-a5ba-3e3b0328c30d}","SourcePort":"53141","LayerName":"%%14608","SourceAddress":"::","Level":"0","Channel":"security","Task":"12810","Protocol":"17","SourceName":"Microsoft-Windows-Security-Auditing","Hostname":"WORKSTATION5.theshire.local","ProcessId":"1652","LayerRTID":"38","FilterRTID":"0","EventID":5158,"Keywords":"0x8020000000000000","Application":"\\device\\harddiskvolume2\\windows\\system32\\svchost.exe","Message":"The Windows Filtering Platform has permitted a bind to a local port.\r\n\r\nApplication Information:\r\n\tProcess ID:\t\t1652\r\n\tApplication Name:\t\\device\\harddiskvolume2\\windows\\system32\\svchost.exe\r\n\r\nNetwork Information:\r\n\tSource Address:\t\t::\r\n\tSource Port:\t\t53141\r\n\tProtocol:\t\t17\r\n\r\nFilter Information:\r\n\tFilter Run-Time ID:\t0\r\n\tLayer Name:\t\tResource Assignment\r\n\tLayer Run-Time ID:\t38"}
{"RemoteMachineID":"S-1-0-0","@timestamp":"2020-10-29T08:23:21.557Z","TimeCreated":"2020-10-29T08:23:21.557Z","Direction":"%%14593","DestPort":"53","ProviderGuid":"{54849625-5478-4994-a5ba-3e3b0328c30d}","RemoteUserID":"S-1-0-0","SourcePort":"53141","LayerName":"%%14611","SourceAddress":"172.18.39.5","Level":"0","Channel":"security","Task":"12810","Protocol":"17","DestAddress":"172.18.38.5","SourceName":"Microsoft-Windows-Security-Auditing","Hostname":"WORKSTATION5.theshire.local","ProcessID":"1652","LayerRTID":"48","FilterRTID":"72582","EventID":5156,"Keywords":"0x8020000000000000","Application":"\\device\\harddiskvolume2\\windows\\system32\\svchost.exe","Message":"The Windows Filtering Platform has permitted a connection.\r\n\r\nApplication Information:\r\n\tProcess ID:\t\t1652\r\n\tApplication Name:\t\\device\\harddiskvolume2\\windows\\system32\\svchost.exe\r\n\r\nNetwork Information:\r\n\tDirection:\t\tOutbound\r\n\tSource Address:\t\t172.18.39.5\r\n\tSource Port:\t\t53141\r\n\tDestination Address:\t172.18.38.5\r\n\tDestination Port:\t\t53\r\n\tProtocol:\t\t17\r\n\r\nFilter Information:\r\n\tFilter Run-Time ID:\t72582\r\n\tLayer Name:\t\tConnect\r\n\tLayer Run-Time ID:\t48"}
{"@timestamp":"2020-10-29T08:23:21.559Z","TimeCreated":"2020-10-29T08:23:21.559Z","ProviderGuid":"{54849625-5478-4994-a5ba-3e3b0328c30d}","SourcePort":"60311","LayerName":"%%14608","SourceAddress":"::","Level":"0","Channel":"security","Task":"12810","Protocol":"17","SourceName":"Microsoft-Windows-Security-Auditing","Hostname":"WORKSTATION5.theshire.local","ProcessId":"1652","LayerRTID":"36","FilterRTID":"0","EventID":5158,"Keywords":"0x8020000000000000","Application":"\\device\\harddiskvolume2\\windows\\system32\\svchost.exe","Message":"The Windows Filtering Platform has permitted a bind to a local port.\r\n\r\nApplication Information:\r\n\tProcess ID:\t\t1652\r\n\tApplication Name:\t\\device\\harddiskvolume2\\windows\\system32\\svchost.exe\r\n\r\nNetwork Information:\r\n\tSource Address:\t\t::\r\n\tSource Port:\t\t60311\r\n\tProtocol:\t\t17\r\n\r\nFilter Information:\r\n\tFilter Run-Time ID:\t0\r\n\tLayer Name:\t\tResource Assignment\r\n\tLayer Run-Time ID:\t36"}
