{"TimeCreated":"2020-10-19 12:28:35.281","SourceName":"Microsoft-Windows-Sysmon","UtcTime":"2020-10-19 04:28:35.271","ProcessGuid":"{39e4a257-f136-5f8b-3800-000000000700}","Image":"C:\\windows\\system32\\vssvc.exe","EventID":13,"Channel":"Microsoft-Windows-Sysmon/Operational","Task":"13","RuleName":"-","Message":"Registry value set:\r\nRuleName: -\r\nEventType: SetValue\r\nUtcTime: 2020-10-19 04:28:35.271\r\nProcessGuid: {39e4a257-f136-5f8b-3800-000000000700}\r\nProcessId: 2332\r\nImage: C:\\windows\\system32\\vssvc.exe\r\nTargetObject: HKLM\\System\\CurrentControlSet\\Services\\VSS\\Diag\\VssvcPublisher\\THAW_KTM (Leave)\r\nDetails: Binary Data","Hostname":"WORKSTATION5","Details":"Binary Data","ProcessId":"2332","EventType":"SetValue","TargetObject":"HKLM\\System\\CurrentControlSet\\Services\\VSS\\Diag\\VssvcPublisher\\THAW_KTM (Leave)"}
{"TimeCreated":"2020-10-19 12:28:35.281","SourceName":"Microsoft-Windows-Sysmon","UtcTime":"2020-10-19 04:28:35.271","ProcessGuid":"{39e4a257-f136-5f8b-3800-000000000700}","Image":"C:\\windows\\system32\\vssvc.exe","EventID":13,"Channel":"Microsoft-Windows-Sysmon/Operational","Task":"13","RuleName":"-","Message":"Registry value set:\r\nRuleName: -\r\nEventType: SetValue\r\nUtcTime: 2020-10-19 04:28:35.271\r\nProcessGuid: {39e4a257-f136-5f8b-3800-000000000700}\r\nProcessId: 2332\r\nImage: C:\\windows\\system32\\vssvc.exe\r\nTargetObject: HKLM\\System\\CurrentControlSet\\Services\\VSS\\Diag\\VssvcPublisher\\THAW_KTM (Enter)\r\nDetails: Binary Data","Hostname":"WORKSTATION5","Details":"Binary Data","ProcessId":"2332","EventType":"SetValue","TargetObject":"HKLM\\System\\CurrentControlSet\\Services\\VSS\\Diag\\VssvcPublisher\\THAW_KTM (Enter)"}
{"TimeCreated":"2020-10-19 12:28:35.281","SourceName":"Microsoft-Windows-Sysmon","UtcTime":"2020-10-19 04:28:35.271","ProcessGuid":"{39e4a257-f136-5f8b-3800-000000000700}","Image":"C:\\windows\\system32\\vssvc.exe","EventID":13,"Channel":"Microsoft-Windows-Sysmon/Operational","Task":"13","RuleName":"-","Message":"Registry value set:\r\nRuleName: -\r\nEventType: SetValue\r\nUtcTime: 2020-10-19 04:28:35.271\r\nProcessGuid: {39e4a257-f136-5f8b-3800-000000000700}\r\nProcessId: 2332\r\nImage: C:\\windows\\system32\\vssvc.exe\r\nTargetObject: HKLM\\System\\CurrentControlSet\\Services\\VSS\\Diag\\SwProvider_{b5946137-7b9f-4925-af80-51abd60b20d5}\\PROVIDER_POSTCOMMIT (Leave)\r\nDetails: Binary Data","Hostname":"WORKSTATION5","Details":"Binary Data","ProcessId":"2332","EventType":"SetValue","TargetObject":"HKLM\\System\\CurrentControlSet\\Services\\VSS\\Diag\\SwProvider_{b5946137-7b9f-4925-af80-51abd60b20d5}\\PROVIDER_POSTCOMMIT (Leave)"}
{"TimeCreated":"2020-10-19 12:28:35.280","SourceName":"Microsoft-Windows-Sysmon","UtcTime":"2020-10-19 04:28:35.271","ProcessGuid":"{39e4a257-0d41-5f8d-8704-000000000700}","Image":"C:\\windows\\System32\\svchost.exe","EventID":13,"Channel":"Microsoft-Windows-Sysmon/Operational","Task":"13","RuleName":"-","Message":"Registry value set:\r\nRuleName: -\r\nEventType: SetValue\r\nUtcTime: 2020-10-19 04:28:35.271\r\nProcessGuid: {39e4a257-0d41-5f8d-8704-000000000700}\r\nProcessId: 5524\r\nImage: C:\\windows\\System32\\svchost.exe\r\nTargetObject: HKLM\\System\\CurrentControlSet\\Services\\VSS\\Diag\\VolSnap\\Volume{cae63231-0000-0000-0000-501f00000000}EndCommit (Leave)\r\nDetails: Binary Data","Hostname":"WORKSTATION5","Details":"Binary Data","ProcessId":"5524","EventType":"SetValue","TargetObject":"HKLM\\System\\CurrentControlSet\\Services\\VSS\\Diag\\VolSnap\\Volume{cae63231-0000-0000-0000-501f00000000}EndCommit (Leave)"}
{"TimeCreated":"2020-10-19 12:28:35.280","SourceName":"Microsoft-Windows-Sysmon","UtcTime":"2020-10-19 04:28:35.271","ProcessGuid":"{39e4a257-f121-5f8b-0100-000000000700}","Image":"System","EventID":13,"Channel":"Microsoft-Windows-Sysmon/Operational","Task":"13","RuleName":"-","Message":"Registry value set:\r\nRuleName: -\r\nEventType: SetValue\r\nUtcTime: 2020-10-19 04:28:35.271\r\nProcessGuid: {39e4a257-f121-5f8b-0100-000000000700}\r\nProcessId: 4\r\nImage: System\r\nTargetObject: HKLM\\System\\CurrentControlSet\\Services\\VSS\\Diag\\VolSnap\\Volume{cae63231-0000-0000-0000-501f00000000}SetIgnorable (Enter)\r\nDetails: Binary Data","Hostname":"WORKSTATION5","Details":"Binary Data","ProcessId":"4","EventType":"SetValue","TargetObject":"HKLM\\System\\CurrentControlSet\\Services\\VSS\\Diag\\VolSnap\\Volume{cae63231-0000-0000-0000-501f00000000}SetIgnorable (Enter)"}
{"TimeCreated":"2020-10-19 12:28:35.280","SourceName":"Microsoft-Windows-Sysmon","UtcTime":"2020-10-19 04:28:35.271","ProcessGuid":"{39e4a257-0d41-5f8d-8704-000000000700}","Image":"C:\\windows\\System32\\svchost.exe","EventID":12,"Channel":"Microsoft-Windows-Sysmon/Operational","Task":"12","RuleName":"-","Message":"Registry object added or deleted:\r\nRuleName: -\r\nEventType: CreateKey\r\nUtcTime: 2020-10-19 04:28:35.271\r\nProcessGuid: {39e4a257-0d41-5f8d-8704-000000000700}\r\nProcessId: 5524\r\nImage: C:\\windows\\System32\\svchost.exe\r\nTargetObject: HKLM\\System\\CurrentControlSet\\Services\\VSS\\Diag\\VolSnap","Hostname":"WORKSTATION5","ProcessId":"5524","EventType":"CreateKey","TargetObject":"HKLM\\System\\CurrentControlSet\\Services\\VSS\\Diag\\VolSnap"}
{"TimeCreated":"2020-10-19 12:28:35.280","SourceName":"Microsoft-Windows-Sysmon","UtcTime":"2020-10-19 04:28:35.271","ProcessGuid":"{39e4a257-f121-5f8b-0100-000000000700}","Image":"System","EventID":12,"Channel":"Microsoft-Windows-Sysmon/Operational","Task":"12","RuleName":"-","Message":"Registry object added or deleted:\r\nRuleName: -\r\nEventType: CreateKey\r\nUtcTime: 2020-10-19 04:28:35.271\r\nProcessGuid: {39e4a257-f121-5f8b-0100-000000000700}\r\nProcessId: 4\r\nImage: System\r\nTargetObject: HKLM\\System\\CurrentControlSet\\Services\\VSS\\Diag\\VolSnap","Hostname":"WORKSTATION5","ProcessId":"4","EventType":"CreateKey","TargetObject":"HKLM\\System\\CurrentControlSet\\Services\\VSS\\Diag\\VolSnap"}
{"TimeCreated":"2020-10-19 12:28:35.280","SourceName":"Microsoft-Windows-Sysmon","UtcTime":"2020-10-19 04:28:35.271","ProcessGuid":"{39e4a257-0d41-5f8d-8704-000000000700}","Image":"C:\\windows\\System32\\svchost.exe","EventID":13,"Channel":"Microsoft-Windows-Sysmon/Operational","Task":"13","RuleName":"-","Message":"Registry value set:\r\nRuleName: -\r\nEventType: SetValue\r\nUtcTime: 2020-10-19 04:28:35.271\r\nProcessGuid: {39e4a257-0d41-5f8d-8704-000000000700}\r\nProcessId: 5524\r\nImage: C:\\windows\\System32\\svchost.exe\r\nTargetObject: HKLM\\System\\CurrentControlSet\\Services\\VSS\\Diag\\VolSnap\\Volume{cae63231-0000-0000-0000-501f00000000}EndCommit (Enter)\r\nDetails: Binary Data","Hostname":"WORKSTATION5","Details":"Binary Data","ProcessId":"5524","EventType":"SetValue","TargetObject":"HKLM\\System\\CurrentControlSet\\Services\\VSS\\Diag\\VolSnap\\Volume{cae63231-0000-0000-0000-501f00000000}EndCommit (Enter)"}
{"TimeCreated":"2020-10-19 12:28:35.280","SourceName":"Microsoft-Windows-Sysmon","UtcTime":"2020-10-19 04:28:35.271","ProcessGuid":"{39e4a257-0d41-5f8d-8704-000000000700}","Image":"C:\\windows\\System32\\svchost.exe","EventID":12,"Channel":"Microsoft-Windows-Sysmon/Operational","Task":"12","RuleName":"-","Message":"Registry object added or deleted:\r\nRuleName: -\r\nEventType: CreateKey\r\nUtcTime: 2020-10-19 04:28:35.271\r\nProcessGuid: {39e4a257-0d41-5f8d-8704-000000000700}\r\nProcessId: 5524\r\nImage: C:\\windows\\System32\\svchost.exe\r\nTargetObject: HKLM\\System\\CurrentControlSet\\Services\\VSS\\Diag\\VolSnap","Hostname":"WORKSTATION5","ProcessId":"5524","EventType":"CreateKey","TargetObject":"HKLM\\System\\CurrentControlSet\\Services\\VSS\\Diag\\VolSnap"}
{"TimeCreated":"2020-10-19 12:28:35.280","SourceName":"Microsoft-Windows-Sysmon","UtcTime":"2020-10-19 04:28:35.271","ProcessGuid":"{39e4a257-f136-5f8b-3800-000000000700}","Image":"C:\\windows\\system32\\vssvc.exe","EventID":13,"Channel":"Microsoft-Windows-Sysmon/Operational","Task":"13","RuleName":"-","Message":"Registry value set:\r\nRuleName: -\r\nEventType: SetValue\r\nUtcTime: 2020-10-19 04:28:35.271\r\nProcessGuid: {39e4a257-f136-5f8b-3800-000000000700}\r\nProcessId: 2332\r\nImage: C:\\windows\\system32\\vssvc.exe\r\nTargetObject: HKLM\\System\\CurrentControlSet\\Services\\VSS\\Diag\\SwProvider_{b5946137-7b9f-4925-af80-51abd60b20d5}\\PROVIDER_POSTCOMMIT (Enter)\r\nDetails: Binary Data","Hostname":"WORKSTATION5","Details":"Binary Data","ProcessId":"2332","EventType":"SetValue","TargetObject":"HKLM\\System\\CurrentControlSet\\Services\\VSS\\Diag\\SwProvider_{b5946137-7b9f-4925-af80-51abd60b20d5}\\PROVIDER_POSTCOMMIT (Enter)"}
{"TimeCreated":"2020-10-19 12:28:35.280","SourceName":"Microsoft-Windows-Sysmon","UtcTime":"2020-10-19 04:28:35.271","ProcessGuid":"{39e4a257-f136-5f8b-3800-000000000700}","Image":"C:\\windows\\system32\\vssvc.exe","EventID":13,"Channel":"Microsoft-Windows-Sysmon/Operational","Task":"13","RuleName":"-","Message":"Registry value set:\r\nRuleName: -\r\nEventType: SetValue\r\nUtcTime: 2020-10-19 04:28:35.271\r\nProcessGuid: {39e4a257-f136-5f8b-3800-000000000700}\r\nProcessId: 2332\r\nImage: C:\\windows\\system32\\vssvc.exe\r\nTargetObject: HKLM\\System\\CurrentControlSet\\Services\\VSS\\Diag\\SwProvider_{b5946137-7b9f-4925-af80-51abd60b20d5}\\PROVIDER_COMMIT (Leave)\r\nDetails: Binary Data","Hostname":"WORKSTATION5","Details":"Binary Data","ProcessId":"2332","EventType":"SetValue","TargetObject":"HKLM\\System\\CurrentControlSet\\Services\\VSS\\Diag\\SwProvider_{b5946137-7b9f-4925-af80-51abd60b20d5}\\PROVIDER_COMMIT (Leave)"}
{"TimeCreated":"2020-10-19 12:28:35.279","SourceName":"Microsoft-Windows-Sysmon","UtcTime":"2020-10-19 04:28:35.271","ProcessGuid":"{39e4a257-f136-5f8b-3800-000000000700}","Image":"C:\\windows\\system32\\vssvc.exe","EventID":13,"Channel":"Microsoft-Windows-Sysmon/Operational","Task":"13","RuleName":"-","Message":"Registry value set:\r\nRuleName: -\r\nEventType: SetValue\r\nUtcTime: 2020-10-19 04:28:35.271\r\nProcessGuid: {39e4a257-f136-5f8b-3800-000000000700}\r\nProcessId: 2332\r\nImage: C:\\windows\\system32\\vssvc.exe\r\nTargetObject: HKLM\\System\\CurrentControlSet\\Services\\VSS\\Diag\\SwProvider_{b5946137-7b9f-4925-af80-51abd60b20d5}\\PROVIDER_COMMIT (Enter)\r\nDetails: Binary Data","Hostname":"WORKSTATION5","Details":"Binary Data","ProcessId":"2332","EventType":"SetValue","TargetObject":"HKLM\\System\\CurrentControlSet\\Services\\VSS\\Diag\\SwProvider_{b5946137-7b9f-4925-af80-51abd60b20d5}\\PROVIDER_COMMIT (Enter)"}
{"TimeCreated":"2020-10-19 12:28:35.279","SourceName":"Microsoft-Windows-Sysmon","UtcTime":"2020-10-19 04:28:35.271","ProcessGuid":"{39e4a257-f136-5f8b-3800-000000000700}","Image":"C:\\windows\\system32\\vssvc.exe","EventID":13,"Channel":"Microsoft-Windows-Sysmon/Operational","Task":"13","RuleName":"-","Message":"Registry value set:\r\nRuleName: -\r\nEventType: SetValue\r\nUtcTime: 2020-10-19 04:28:35.271\r\nProcessGuid: {39e4a257-f136-5f8b-3800-000000000700}\r\nProcessId: 2332\r\nImage: C:\\windows\\system32\\vssvc.exe\r\nTargetObject: HKLM\\System\\CurrentControlSet\\Services\\VSS\\Diag\\Lovelace\\IOCTL_RELEASE (Leave)\r\nDetails: Binary Data","Hostname":"WORKSTATION5","Details":"Binary Data","ProcessId":"2332","EventType":"SetValue","TargetObject":"HKLM\\System\\CurrentControlSet\\Services\\VSS\\Diag\\Lovelace\\IOCTL_RELEASE (Leave)"}
{"TimeCreated":"2020-10-19 12:28:35.279","SourceName":"Microsoft-Windows-Sysmon","UtcTime":"2020-10-19 04:28:35.271","ProcessGuid":"{39e4a257-f136-5f8b-3800-000000000700}","Image":"C:\\windows\\system32\\vssvc.exe","EventID":13,"Channel":"Microsoft-Windows-Sysmon/Operational","Task":"13","RuleName":"-","Message":"Registry value set:\r\nRuleName: -\r\nEventType: SetValue\r\nUtcTime: 2020-10-19 04:28:35.271\r\nProcessGuid: {39e4a257-f136-5f8b-3800-000000000700}\r\nProcessId: 2332\r\nImage: C:\\windows\\system32\\vssvc.exe\r\nTargetObject: HKLM\\System\\CurrentControlSet\\Services\\VSS\\Diag\\Lovelace\\IOCTL_RELEASE (Enter)\r\nDetails: Binary Data","Hostname":"WORKSTATION5","Details":"Binary Data","ProcessId":"2332","EventType":"SetValue","TargetObject":"HKLM\\System\\CurrentControlSet\\Services\\VSS\\Diag\\Lovelace\\IOCTL_RELEASE (Enter)"}
{"TimeCreated":"2020-10-19 12:28:35.279","SourceName":"Microsoft-Windows-Sysmon","UtcTime":"2020-10-19 04:28:35.271","ProcessGuid":"{39e4a257-f136-5f8b-3800-000000000700}","Image":"C:\\windows\\system32\\vssvc.exe","EventID":13,"Channel":"Microsoft-Windows-Sysmon/Operational","Task":"13","RuleName":"-","Message":"Registry value set:\r\nRuleName: -\r\nEventType: SetValue\r\nUtcTime: 2020-10-19 04:28:35.271\r\nProcessGuid: {39e4a257-f136-5f8b-3800-000000000700}\r\nProcessId: 2332\r\nImage: C:\\windows\\system32\\vssvc.exe\r\nTargetObject: HKLM\\System\\CurrentControlSet\\Services\\VSS\\Diag\\Lovelace\\IOCTL_FLUSH_AND_HOLD (Leave)\r\nDetails: Binary Data","Hostname":"WORKSTATION5","Details":"Binary Data","ProcessId":"2332","EventType":"SetValue","TargetObject":"HKLM\\System\\CurrentControlSet\\Services\\VSS\\Diag\\Lovelace\\IOCTL_FLUSH_AND_HOLD (Leave)"}
{"TimeCreated":"2020-10-19 12:28:35.279","SourceName":"Microsoft-Windows-Sysmon","UtcTime":"2020-10-19 04:28:35.271","ProcessGuid":"{39e4a257-f136-5f8b-3800-000000000700}","Image":"C:\\windows\\system32\\vssvc.exe","EventID":13,"Channel":"Microsoft-Windows-Sysmon/Operational","Task":"13","RuleName":"-","Message":"Registry value set:\r\nRuleName: -\r\nEventType: SetValue\r\nUtcTime: 2020-10-19 04:28:35.271\r\nProcessGuid: {39e4a257-f136-5f8b-3800-000000000700}\r\nProcessId: 2332\r\nImage: C:\\windows\\system32\\vssvc.exe\r\nTargetObject: HKLM\\System\\CurrentControlSet\\Services\\VSS\\Diag\\Lovelace\\IOCTL_FLUSH_AND_HOLD (Enter)\r\nDetails: Binary Data","Hostname":"WORKSTATION5","Details":"Binary Data","ProcessId":"2332","EventType":"SetValue","TargetObject":"HKLM\\System\\CurrentControlSet\\Services\\VSS\\Diag\\Lovelace\\IOCTL_FLUSH_AND_HOLD (Enter)"}
{"TimeCreated":"2020-10-19 12:28:35.279","SourceName":"Microsoft-Windows-Sysmon","UtcTime":"2020-10-19 04:28:35.271","ProcessGuid":"{39e4a257-f136-5f8b-3800-000000000700}","Image":"C:\\windows\\system32\\vssvc.exe","EventID":13,"Channel":"Microsoft-Windows-Sysmon/Operational","Task":"13","RuleName":"-","Message":"Registry value set:\r\nRuleName: -\r\nEventType: SetValue\r\nUtcTime: 2020-10-19 04:28:35.271\r\nProcessGuid: {39e4a257-f136-5f8b-3800-000000000700}\r\nProcessId: 2332\r\nImage: C:\\windows\\system32\\vssvc.exe\r\nTargetObject: HKLM\\System\\CurrentControlSet\\Services\\VSS\\Diag\\Lovelace(C:_)\\IOCTL_RELEASE (Leave)\r\nDetails: Binary Data","Hostname":"WORKSTATION5","Details":"Binary Data","ProcessId":"2332","EventType":"SetValue","TargetObject":"HKLM\\System\\CurrentControlSet\\Services\\VSS\\Diag\\Lovelace(C:_)\\IOCTL_RELEASE (Leave)"}
{"TimeCreated":"2020-10-19 12:28:35.279","SourceName":"Microsoft-Windows-Sysmon","UtcTime":"2020-10-19 04:28:35.271","ProcessGuid":"{39e4a257-f136-5f8b-3800-000000000700}","Image":"C:\\windows\\system32\\vssvc.exe","EventID":13,"Channel":"Microsoft-Windows-Sysmon/Operational","Task":"13","RuleName":"-","Message":"Registry value set:\r\nRuleName: -\r\nEventType: SetValue\r\nUtcTime: 2020-10-19 04:28:35.271\r\nProcessGuid: {39e4a257-f136-5f8b-3800-000000000700}\r\nProcessId: 2332\r\nImage: C:\\windows\\system32\\vssvc.exe\r\nTargetObject: HKLM\\System\\CurrentControlSet\\Services\\VSS\\Diag\\Lovelace(C:_)\\IOCTL_RELEASE (Enter)\r\nDetails: Binary Data","Hostname":"WORKSTATION5","Details":"Binary Data","ProcessId":"2332","EventType":"SetValue","TargetObject":"HKLM\\System\\CurrentControlSet\\Services\\VSS\\Diag\\Lovelace(C:_)\\IOCTL_RELEASE (Enter)"}
{"TimeCreated":"2020-10-19 12:28:35.279","SourceName":"Microsoft-Windows-Sysmon","UtcTime":"2020-10-19 04:28:35.271","ProcessGuid":"{39e4a257-f136-5f8b-3800-000000000700}","Image":"C:\\windows\\system32\\vssvc.exe","EventID":13,"Channel":"Microsoft-Windows-Sysmon/Operational","Task":"13","RuleName":"-","Message":"Registry value set:\r\nRuleName: -\r\nEventType: SetValue\r\nUtcTime: 2020-10-19 04:28:35.271\r\nProcessGuid: {39e4a257-f136-5f8b-3800-000000000700}\r\nProcessId: 2332\r\nImage: C:\\windows\\system32\\vssvc.exe\r\nTargetObject: HKLM\\System\\CurrentControlSet\\Services\\VSS\\Diag\\Lovelace(C:_)\\IOCTL_FLUSH_AND_HOLD (Leave)\r\nDetails: Binary Data","Hostname":"WORKSTATION5","Details":"Binary Data","ProcessId":"2332","EventType":"SetValue","TargetObject":"HKLM\\System\\CurrentControlSet\\Services\\VSS\\Diag\\Lovelace(C:_)\\IOCTL_FLUSH_AND_HOLD (Leave)"}
{"TimeCreated":"2020-10-19 12:28:35.279","SourceName":"Microsoft-Windows-Sysmon","UtcTime":"2020-10-19 04:28:35.271","ProcessGuid":"{39e4a257-f136-5f8b-3800-000000000700}","Image":"C:\\windows\\system32\\vssvc.exe","EventID":13,"Channel":"Microsoft-Windows-Sysmon/Operational","Task":"13","RuleName":"-","Message":"Registry value set:\r\nRuleName: -\r\nEventType: SetValue\r\nUtcTime: 2020-10-19 04:28:35.271\r\nProcessGuid: {39e4a257-f136-5f8b-3800-000000000700}\r\nProcessId: 2332\r\nImage: C:\\windows\\system32\\vssvc.exe\r\nTargetObject: HKLM\\System\\CurrentControlSet\\Services\\VSS\\Diag\\Lovelace(C:_)\\IOCTL_FLUSH_AND_HOLD (Enter)\r\nDetails: Binary Data","Hostname":"WORKSTATION5","Details":"Binary Data","ProcessId":"2332","EventType":"SetValue","TargetObject":"HKLM\\System\\CurrentControlSet\\Services\\VSS\\Diag\\Lovelace(C:_)\\IOCTL_FLUSH_AND_HOLD (Enter)"}
{"TimeCreated":"2020-10-19 12:28:35.033","SourceName":"Microsoft-Windows-Sysmon","UtcTime":"2020-10-19 04:28:35.021","ProcessGuid":"{39e4a257-f136-5f8b-3800-000000000700}","Image":"C:\\windows\\system32\\vssvc.exe","EventID":13,"Channel":"Microsoft-Windows-Sysmon/Operational","Task":"13","RuleName":"-","Message":"Registry value set:\r\nRuleName: -\r\nEventType: SetValue\r\nUtcTime: 2020-10-19 04:28:35.021\r\nProcessGuid: {39e4a257-f136-5f8b-3800-000000000700}\r\nProcessId: 2332\r\nImage: C:\\windows\\system32\\vssvc.exe\r\nTargetObject: HKLM\\System\\CurrentControlSet\\Services\\VSS\\Diag\\Lovelace\\OPEN_VOLUME_HANDLE (Leave)\r\nDetails: Binary Data","Hostname":"WORKSTATION5","Details":"Binary Data","ProcessId":"2332","EventType":"SetValue","TargetObject":"HKLM\\System\\CurrentControlSet\\Services\\VSS\\Diag\\Lovelace\\OPEN_VOLUME_HANDLE (Leave)"}
{"TimeCreated":"2020-10-19 12:28:35.033","SourceName":"Microsoft-Windows-Sysmon","UtcTime":"2020-10-19 04:28:35.021","ProcessGuid":"{39e4a257-f136-5f8b-3800-000000000700}","Image":"C:\\windows\\system32\\vssvc.exe","EventID":13,"Channel":"Microsoft-Windows-Sysmon/Operational","Task":"13","RuleName":"-","Message":"Registry value set:\r\nRuleName: -\r\nEventType: SetValue\r\nUtcTime: 2020-10-19 04:28:35.021\r\nProcessGuid: {39e4a257-f136-5f8b-3800-000000000700}\r\nProcessId: 2332\r\nImage: C:\\windows\\system32\\vssvc.exe\r\nTargetObject: HKLM\\System\\CurrentControlSet\\Services\\VSS\\Diag\\Lovelace(C:_)\\OPEN_VOLUME_HANDLE (Leave)\r\nDetails: Binary Data","Hostname":"WORKSTATION5","Details":"Binary Data","ProcessId":"2332","EventType":"SetValue","TargetObject":"HKLM\\System\\CurrentControlSet\\Services\\VSS\\Diag\\Lovelace(C:_)\\OPEN_VOLUME_HANDLE (Leave)"}
{"TimeCreated":"2020-10-19 12:28:33.362","SourceName":"Microsoft-Windows-Sysmon","SignatureStatus":"Valid","Signature":"Microsoft Windows","Product":"Microsoft Windows Operating System","Hashes":"SHA1=E8CA0E035DCA0610BD8B34992687EA178C9025CE,MD5=34B6706F1E043CCD534A9DB9CBBE2DAA,SHA256=16B415C7559050732E2BC78C6742967189D3A7BE9421C33CA27F0B6B19C2BE66,IMPHASH=55CB6D5D02614DC7F222D00CBF1CA707","UtcTime":"2020-10-19 04:28:33.349","ProcessGuid":"{39e4a257-f137-5f8b-4c00-000000000700}","Image":"C:\\Windows\\System32\\svchost.exe","ImageLoaded":"C:\\Windows\\System32\\pnpts.dll","EventID":7,"Channel":"Microsoft-Windows-Sysmon/Operational","Task":"7","RuleName":"-","FileVersion":"10.0.18362.1 (WinBuild.160101.0800)","Message":"Image loaded:\r\nRuleName: -\r\nUtcTime: 2020-10-19 04:28:33.349\r\nProcessGuid: {39e4a257-f137-5f8b-4c00-000000000700}\r\nProcessId: 3172\r\nImage: C:\\Windows\\System32\\svchost.exe\r\nImageLoaded: C:\\Windows\\System32\\pnpts.dll\r\nFileVersion: 10.0.18362.1 (WinBuild.160101.0800)\r\nDescription: PlugPlay Troubleshooter\r\nProduct: Microsoft Windows Operating System\r\nCompany: Microsoft Corporation\r\nOriginalFileName: pnpts.dll\r\nHashes: SHA1=E8CA0E035DCA0610BD8B34992687EA178C9025CE,MD5=34B6706F1E043CCD534A9DB9CBBE2DAA,SHA256=16B415C7559050732E2BC78C6742967189D3A7BE9421C33CA27F0B6B19C2BE66,IMPHASH=55CB6D5D02614DC7F222D00CBF1CA707\r\nSigned: true\r\nSignature: Microsoft Windows\r\nSignatureStatus: Valid","Hostname":"WORKSTATION5","ProcessId":"3172","Description":"PlugPlay Troubleshooter","Company":"Microsoft Corporation","Signed":"true","OriginalFileName":"pnpts.dll"}
{"TimeCreated":"2020-10-19 12:28:31.946","SourceName":"Microsoft-Windows-Sysmon","Device":"\\Device\\HarddiskVolume2","UtcTime":"2020-10-19 04:28:31.941","ProcessGuid":"{39e4a257-f136-5f8b-3800-000000000700}","Image":"C:\\Windows\\System32\\VSSVC.exe","EventID":9,"Channel":"Microsoft-Windows-Sysmon/Operational","Task":"9","RuleName":"-","Message":"RawAccessRead detected:\r\nRuleName: -\r\nUtcTime: 2020-10-19 04:28:31.941\r\nProcessGuid: {39e4a257-f136-5f8b-3800-000000000700}\r\nProcessId: 2332\r\nImage: C:\\Windows\\System32\\VSSVC.exe\r\nDevice: \\Device\\HarddiskVolume2","Hostname":"WORKSTATION5","ProcessId":"2332"}
{"TimeCreated":"2020-10-19 12:28:31.946","SourceName":"Microsoft-Windows-Sysmon","UtcTime":"2020-10-19 04:28:31.941","ProcessGuid":"{39e4a257-f136-5f8b-3800-000000000700}","Image":"C:\\windows\\system32\\vssvc.exe","EventID":13,"Channel":"Microsoft-Windows-Sysmon/Operational","Task":"13","RuleName":"-","Message":"Registry value set:\r\nRuleName: -\r\nEventType: SetValue\r\nUtcTime: 2020-10-19 04:28:31.941\r\nProcessGuid: {39e4a257-f136-5f8b-3800-000000000700}\r\nProcessId: 2332\r\nImage: C:\\windows\\system32\\vssvc.exe\r\nTargetObject: HKLM\\System\\CurrentControlSet\\Services\\VSS\\Diag\\Lovelace(C:_)\\OPEN_VOLUME_HANDLE (Enter)\r\nDetails: Binary Data","Hostname":"WORKSTATION5","Details":"Binary Data","ProcessId":"2332","EventType":"SetValue","TargetObject":"HKLM\\System\\CurrentControlSet\\Services\\VSS\\Diag\\Lovelace(C:_)\\OPEN_VOLUME_HANDLE (Enter)"}
{"TimeCreated":"2020-10-19 12:28:31.945","SourceName":"Microsoft-Windows-Sysmon","UtcTime":"2020-10-19 04:28:31.941","ProcessGuid":"{39e4a257-f136-5f8b-3800-000000000700}","Image":"C:\\windows\\system32\\vssvc.exe","EventID":13,"Channel":"Microsoft-Windows-Sysmon/Operational","Task":"13","RuleName":"-","Message":"Registry value set:\r\nRuleName: -\r\nEventType: SetValue\r\nUtcTime: 2020-10-19 04:28:31.941\r\nProcessGuid: {39e4a257-f136-5f8b-3800-000000000700}\r\nProcessId: 2332\r\nImage: C:\\windows\\system32\\vssvc.exe\r\nTargetObject: HKLM\\System\\CurrentControlSet\\Services\\VSS\\Diag\\Lovelace\\OPEN_VOLUME_HANDLE (Enter)\r\nDetails: Binary Data","Hostname":"WORKSTATION5","Details":"Binary Data","ProcessId":"2332","EventType":"SetValue","TargetObject":"HKLM\\System\\CurrentControlSet\\Services\\VSS\\Diag\\Lovelace\\OPEN_VOLUME_HANDLE (Enter)"}
{"TimeCreated":"2020-10-19 12:28:31.945","SourceName":"Microsoft-Windows-Sysmon","UtcTime":"2020-10-19 04:28:31.941","ProcessGuid":"{39e4a257-f136-5f8b-3800-000000000700}","Image":"C:\\windows\\system32\\vssvc.exe","EventID":13,"Channel":"Microsoft-Windows-Sysmon/Operational","Task":"13","RuleName":"-","Message":"Registry value set:\r\nRuleName: -\r\nEventType: SetValue\r\nUtcTime: 2020-10-19 04:28:31.941\r\nProcessGuid: {39e4a257-f136-5f8b-3800-000000000700}\r\nProcessId: 2332\r\nImage: C:\\windows\\system32\\vssvc.exe\r\nTargetObject: HKLM\\System\\CurrentControlSet\\Services\\VSS\\Diag\\SwProvider_{b5946137-7b9f-4925-af80-51abd60b20d5}\\PROVIDER_PRECOMMIT (Leave)\r\nDetails: Binary Data","Hostname":"WORKSTATION5","Details":"Binary Data","ProcessId":"2332","EventType":"SetValue","TargetObject":"HKLM\\System\\CurrentControlSet\\Services\\VSS\\Diag\\SwProvider_{b5946137-7b9f-4925-af80-51abd60b20d5}\\PROVIDER_PRECOMMIT (Leave)"}
{"TimeCreated":"2020-10-19 12:28:31.945","SourceName":"Microsoft-Windows-Sysmon","UtcTime":"2020-10-19 04:28:31.941","ProcessGuid":"{39e4a257-f136-5f8b-3800-000000000700}","Image":"C:\\windows\\system32\\vssvc.exe","EventID":13,"Channel":"Microsoft-Windows-Sysmon/Operational","Task":"13","RuleName":"-","Message":"Registry value set:\r\nRuleName: -\r\nEventType: SetValue\r\nUtcTime: 2020-10-19 04:28:31.941\r\nProcessGuid: {39e4a257-f136-5f8b-3800-000000000700}\r\nProcessId: 2332\r\nImage: C:\\windows\\system32\\vssvc.exe\r\nTargetObject: HKLM\\System\\CurrentControlSet\\Services\\VSS\\Diag\\SwProvider_{b5946137-7b9f-4925-af80-51abd60b20d5}\\PROVIDER_PRECOMMIT (Enter)\r\nDetails: Binary Data","Hostname":"WORKSTATION5","Details":"Binary Data","ProcessId":"2332","EventType":"SetValue","TargetObject":"HKLM\\System\\CurrentControlSet\\Services\\VSS\\Diag\\SwProvider_{b5946137-7b9f-4925-af80-51abd60b20d5}\\PROVIDER_PRECOMMIT (Enter)"}
{"TimeCreated":"2020-10-19 12:28:31.945","SourceName":"Microsoft-Windows-Sysmon","UtcTime":"2020-10-19 04:28:31.941","ProcessGuid":"{39e4a257-f136-5f8b-3800-000000000700}","Image":"C:\\windows\\system32\\vssvc.exe","EventID":13,"Channel":"Microsoft-Windows-Sysmon/Operational","Task":"13","RuleName":"-","Message":"Registry value set:\r\nRuleName: -\r\nEventType: SetValue\r\nUtcTime: 2020-10-19 04:28:31.941\r\nProcessGuid: {39e4a257-f136-5f8b-3800-000000000700}\r\nProcessId: 2332\r\nImage: C:\\windows\\system32\\vssvc.exe\r\nTargetObject: HKLM\\System\\CurrentControlSet\\Services\\VSS\\Diag\\VssvcPublisher\\FREEZE (Leave)\r\nDetails: Binary Data","Hostname":"WORKSTATION5","Details":"Binary Data","ProcessId":"2332","EventType":"SetValue","TargetObject":"HKLM\\System\\CurrentControlSet\\Services\\VSS\\Diag\\VssvcPublisher\\FREEZE (Leave)"}
{"TimeCreated":"2020-10-19 12:28:31.945","SourceName":"Microsoft-Windows-Sysmon","UtcTime":"2020-10-19 04:28:31.941","ProcessGuid":"{39e4a257-f136-5f8b-3800-000000000700}","Image":"C:\\windows\\system32\\vssvc.exe","EventID":13,"Channel":"Microsoft-Windows-Sysmon/Operational","Task":"13","RuleName":"-","Message":"Registry value set:\r\nRuleName: -\r\nEventType: SetValue\r\nUtcTime: 2020-10-19 04:28:31.941\r\nProcessGuid: {39e4a257-f136-5f8b-3800-000000000700}\r\nProcessId: 2332\r\nImage: C:\\windows\\system32\\vssvc.exe\r\nTargetObject: HKLM\\System\\CurrentControlSet\\Services\\VSS\\Diag\\VssvcPublisher\\FREEZE_RM (Leave)\r\nDetails: Binary Data","Hostname":"WORKSTATION5","Details":"Binary Data","ProcessId":"2332","EventType":"SetValue","TargetObject":"HKLM\\System\\CurrentControlSet\\Services\\VSS\\Diag\\VssvcPublisher\\FREEZE_RM (Leave)"}
{"TimeCreated":"2020-10-19 12:28:31.939","SourceName":"Microsoft-Windows-Sysmon","UtcTime":"2020-10-19 04:28:31.926","ProcessGuid":"{39e4a257-f136-5f8b-3800-000000000700}","Image":"C:\\windows\\system32\\vssvc.exe","EventID":13,"Channel":"Microsoft-Windows-Sysmon/Operational","Task":"13","RuleName":"-","Message":"Registry value set:\r\nRuleName: -\r\nEventType: SetValue\r\nUtcTime: 2020-10-19 04:28:31.926\r\nProcessGuid: {39e4a257-f136-5f8b-3800-000000000700}\r\nProcessId: 2332\r\nImage: C:\\windows\\system32\\vssvc.exe\r\nTargetObject: HKLM\\System\\CurrentControlSet\\Services\\VSS\\Diag\\VssvcPublisher\\FREEZE_RM (Enter)\r\nDetails: Binary Data","Hostname":"WORKSTATION5","Details":"Binary Data","ProcessId":"2332","EventType":"SetValue","TargetObject":"HKLM\\System\\CurrentControlSet\\Services\\VSS\\Diag\\VssvcPublisher\\FREEZE_RM (Enter)"}
{"TimeCreated":"2020-10-19 12:28:31.939","SourceName":"Microsoft-Windows-Sysmon","UtcTime":"2020-10-19 04:28:31.926","ProcessGuid":"{39e4a257-f136-5f8b-3800-000000000700}","Image":"C:\\windows\\system32\\vssvc.exe","EventID":13,"Channel":"Microsoft-Windows-Sysmon/Operational","Task":"13","RuleName":"-","Message":"Registry value set:\r\nRuleName: -\r\nEventType: SetValue\r\nUtcTime: 2020-10-19 04:28:31.926\r\nProcessGuid: {39e4a257-f136-5f8b-3800-000000000700}\r\nProcessId: 2332\r\nImage: C:\\windows\\system32\\vssvc.exe\r\nTargetObject: HKLM\\System\\CurrentControlSet\\Services\\VSS\\Diag\\VssvcPublisher\\FREEZE_KTM (Leave)\r\nDetails: Binary Data","Hostname":"WORKSTATION5","Details":"Binary Data","ProcessId":"2332","EventType":"SetValue","TargetObject":"HKLM\\System\\CurrentControlSet\\Services\\VSS\\Diag\\VssvcPublisher\\FREEZE_KTM (Leave)"}
{"TimeCreated":"2020-10-19 12:28:31.939","SourceName":"Microsoft-Windows-Sysmon","UtcTime":"2020-10-19 04:28:31.926","ProcessGuid":"{39e4a257-f136-5f8b-3800-000000000700}","Image":"C:\\windows\\system32\\vssvc.exe","EventID":13,"Channel":"Microsoft-Windows-Sysmon/Operational","Task":"13","RuleName":"-","Message":"Registry value set:\r\nRuleName: -\r\nEventType: SetValue\r\nUtcTime: 2020-10-19 04:28:31.926\r\nProcessGuid: {39e4a257-f136-5f8b-3800-000000000700}\r\nProcessId: 2332\r\nImage: C:\\windows\\system32\\vssvc.exe\r\nTargetObject: HKLM\\System\\CurrentControlSet\\Services\\VSS\\Diag\\VssvcPublisher\\FREEZE_KTM (Enter)\r\nDetails: Binary Data","Hostname":"WORKSTATION5","Details":"Binary Data","ProcessId":"2332","EventType":"SetValue","TargetObject":"HKLM\\System\\CurrentControlSet\\Services\\VSS\\Diag\\VssvcPublisher\\FREEZE_KTM (Enter)"}
{"TimeCreated":"2020-10-19 12:28:31.939","SourceName":"Microsoft-Windows-Sysmon","UtcTime":"2020-10-19 04:28:31.926","ProcessGuid":"{39e4a257-f136-5f8b-3800-000000000700}","Image":"C:\\windows\\system32\\vssvc.exe","EventID":13,"Channel":"Microsoft-Windows-Sysmon/Operational","Task":"13","RuleName":"-","Message":"Registry value set:\r\nRuleName: -\r\nEventType: SetValue\r\nUtcTime: 2020-10-19 04:28:31.926\r\nProcessGuid: {39e4a257-f136-5f8b-3800-000000000700}\r\nProcessId: 2332\r\nImage: C:\\windows\\system32\\vssvc.exe\r\nTargetObject: HKLM\\System\\CurrentControlSet\\Services\\VSS\\Diag\\VssvcPublisher\\FREEZE_SYSTEM (Leave)\r\nDetails: Binary Data","Hostname":"WORKSTATION5","Details":"Binary Data","ProcessId":"2332","EventType":"SetValue","TargetObject":"HKLM\\System\\CurrentControlSet\\Services\\VSS\\Diag\\VssvcPublisher\\FREEZE_SYSTEM (Leave)"}
{"TimeCreated":"2020-10-19 12:28:31.939","SourceName":"Microsoft-Windows-Sysmon","UtcTime":"2020-10-19 04:28:31.926","ProcessGuid":"{39e4a257-f1b9-5f8b-b300-000000000700}","Image":"C:\\windows\\system32\\SearchIndexer.exe","EventID":13,"Channel":"Microsoft-Windows-Sysmon/Operational","Task":"13","RuleName":"-","Message":"Registry value set:\r\nRuleName: -\r\nEventType: SetValue\r\nUtcTime: 2020-10-19 04:28:31.926\r\nProcessGuid: {39e4a257-f1b9-5f8b-b300-000000000700}\r\nProcessId: 6624\r\nImage: C:\\windows\\system32\\SearchIndexer.exe\r\nTargetObject: HKLM\\System\\CurrentControlSet\\Services\\VSS\\Diag\\MSSearch Service Writer\\BKGND_FREEZE_THREAD (Enter)\r\nDetails: Binary Data","Hostname":"WORKSTATION5","Details":"Binary Data","ProcessId":"6624","EventType":"SetValue","TargetObject":"HKLM\\System\\CurrentControlSet\\Services\\VSS\\Diag\\MSSearch Service Writer\\BKGND_FREEZE_THREAD (Enter)"}
{"TimeCreated":"2020-10-19 12:28:31.939","SourceName":"Microsoft-Windows-Sysmon","UtcTime":"2020-10-19 04:28:31.926","ProcessGuid":"{39e4a257-f1b9-5f8b-b300-000000000700}","Image":"C:\\windows\\system32\\SearchIndexer.exe","EventID":13,"Channel":"Microsoft-Windows-Sysmon/Operational","Task":"13","RuleName":"-","Message":"Registry value set:\r\nRuleName: -\r\nEventType: SetValue\r\nUtcTime: 2020-10-19 04:28:31.926\r\nProcessGuid: {39e4a257-f1b9-5f8b-b300-000000000700}\r\nProcessId: 6624\r\nImage: C:\\windows\\system32\\SearchIndexer.exe\r\nTargetObject: HKLM\\System\\CurrentControlSet\\Services\\VSS\\Diag\\MSSearch Service Writer\\VSS_WS_WAITING_FOR_THAW (SetCurrentState)\r\nDetails: Binary Data","Hostname":"WORKSTATION5","Details":"Binary Data","ProcessId":"6624","EventType":"SetValue","TargetObject":"HKLM\\System\\CurrentControlSet\\Services\\VSS\\Diag\\MSSearch Service Writer\\VSS_WS_WAITING_FOR_THAW (SetCurrentState)"}
{"TimeCreated":"2020-10-19 12:28:31.939","SourceName":"Microsoft-Windows-Sysmon","UtcTime":"2020-10-19 04:28:31.926","ProcessGuid":"{39e4a257-f1b9-5f8b-b300-000000000700}","Image":"C:\\windows\\system32\\SearchIndexer.exe","EventID":13,"Channel":"Microsoft-Windows-Sysmon/Operational","Task":"13","RuleName":"-","Message":"Registry value set:\r\nRuleName: -\r\nEventType: SetValue\r\nUtcTime: 2020-10-19 04:28:31.926\r\nProcessGuid: {39e4a257-f1b9-5f8b-b300-000000000700}\r\nProcessId: 6624\r\nImage: C:\\windows\\system32\\SearchIndexer.exe\r\nTargetObject: HKLM\\System\\CurrentControlSet\\Services\\VSS\\Diag\\MSSearch Service Writer\\FREEZE (Leave)\r\nDetails: Binary Data","Hostname":"WORKSTATION5","Details":"Binary Data","ProcessId":"6624","EventType":"SetValue","TargetObject":"HKLM\\System\\CurrentControlSet\\Services\\VSS\\Diag\\MSSearch Service Writer\\FREEZE (Leave)"}
{"TimeCreated":"2020-10-19 12:28:31.939","SourceName":"Microsoft-Windows-Sysmon","UtcTime":"2020-10-19 04:28:31.926","ProcessGuid":"{39e4a257-f1b9-5f8b-b300-000000000700}","Image":"C:\\windows\\system32\\SearchIndexer.exe","EventID":13,"Channel":"Microsoft-Windows-Sysmon/Operational","Task":"13","RuleName":"-","Message":"Registry value set:\r\nRuleName: -\r\nEventType: SetValue\r\nUtcTime: 2020-10-19 04:28:31.926\r\nProcessGuid: {39e4a257-f1b9-5f8b-b300-000000000700}\r\nProcessId: 6624\r\nImage: C:\\windows\\system32\\SearchIndexer.exe\r\nTargetObject: HKLM\\System\\CurrentControlSet\\Services\\VSS\\Diag\\MSSearch Service Writer\\FREEZE (Enter)\r\nDetails: Binary Data","Hostname":"WORKSTATION5","Details":"Binary Data","ProcessId":"6624","EventType":"SetValue","TargetObject":"HKLM\\System\\CurrentControlSet\\Services\\VSS\\Diag\\MSSearch Service Writer\\FREEZE (Enter)"}
{"TimeCreated":"2020-10-19 12:28:31.933","SourceName":"Microsoft-Windows-Sysmon","UtcTime":"2020-10-19 04:28:31.926","ProcessGuid":"{39e4a257-f136-5f8b-3800-000000000700}","Image":"C:\\windows\\system32\\vssvc.exe","EventID":13,"Channel":"Microsoft-Windows-Sysmon/Operational","Task":"13","RuleName":"-","Message":"Registry value set:\r\nRuleName: -\r\nEventType: SetValue\r\nUtcTime: 2020-10-19 04:28:31.926\r\nProcessGuid: {39e4a257-f136-5f8b-3800-000000000700}\r\nProcessId: 2332\r\nImage: C:\\windows\\system32\\vssvc.exe\r\nTargetObject: HKLM\\System\\CurrentControlSet\\Services\\VSS\\Diag\\VssvcPublisher\\FREEZE_SYSTEM (Enter)\r\nDetails: Binary Data","Hostname":"WORKSTATION5","Details":"Binary Data","ProcessId":"2332","EventType":"SetValue","TargetObject":"HKLM\\System\\CurrentControlSet\\Services\\VSS\\Diag\\VssvcPublisher\\FREEZE_SYSTEM (Enter)"}
{"TimeCreated":"2020-10-19 12:28:31.933","SourceName":"Microsoft-Windows-Sysmon","UtcTime":"2020-10-19 04:28:31.926","ProcessGuid":"{39e4a257-f136-5f8b-3800-000000000700}","Image":"C:\\windows\\system32\\vssvc.exe","EventID":13,"Channel":"Microsoft-Windows-Sysmon/Operational","Task":"13","RuleName":"-","Message":"Registry value set:\r\nRuleName: -\r\nEventType: SetValue\r\nUtcTime: 2020-10-19 04:28:31.926\r\nProcessGuid: {39e4a257-f136-5f8b-3800-000000000700}\r\nProcessId: 2332\r\nImage: C:\\windows\\system32\\vssvc.exe\r\nTargetObject: HKLM\\System\\CurrentControlSet\\Services\\VSS\\Diag\\VssvcPublisher\\FREEZE_BACK (Leave)\r\nDetails: Binary Data","Hostname":"WORKSTATION5","Details":"Binary Data","ProcessId":"2332","EventType":"SetValue","TargetObject":"HKLM\\System\\CurrentControlSet\\Services\\VSS\\Diag\\VssvcPublisher\\FREEZE_BACK (Leave)"}
{"TimeCreated":"2020-10-19 12:28:31.928","SourceName":"Microsoft-Windows-Sysmon","UtcTime":"2020-10-19 04:28:31.926","ProcessGuid":"{39e4a257-f136-5f8b-3800-000000000700}","Image":"C:\\windows\\system32\\vssvc.exe","EventID":13,"Channel":"Microsoft-Windows-Sysmon/Operational","Task":"13","RuleName":"-","Message":"Registry value set:\r\nRuleName: -\r\nEventType: SetValue\r\nUtcTime: 2020-10-19 04:28:31.926\r\nProcessGuid: {39e4a257-f136-5f8b-3800-000000000700}\r\nProcessId: 2332\r\nImage: C:\\windows\\system32\\vssvc.exe\r\nTargetObject: HKLM\\System\\CurrentControlSet\\Services\\VSS\\Diag\\VssvcPublisher\\FREEZE_BACK (Enter)\r\nDetails: Binary Data","Hostname":"WORKSTATION5","Details":"Binary Data","ProcessId":"2332","EventType":"SetValue","TargetObject":"HKLM\\System\\CurrentControlSet\\Services\\VSS\\Diag\\VssvcPublisher\\FREEZE_BACK (Enter)"}
{"TimeCreated":"2020-10-19 12:28:31.927","SourceName":"Microsoft-Windows-Sysmon","UtcTime":"2020-10-19 04:28:31.926","ProcessGuid":"{39e4a257-f136-5f8b-3800-000000000700}","Image":"C:\\windows\\system32\\vssvc.exe","EventID":13,"Channel":"Microsoft-Windows-Sysmon/Operational","Task":"13","RuleName":"-","Message":"Registry value set:\r\nRuleName: -\r\nEventType: SetValue\r\nUtcTime: 2020-10-19 04:28:31.926\r\nProcessGuid: {39e4a257-f136-5f8b-3800-000000000700}\r\nProcessId: 2332\r\nImage: C:\\windows\\system32\\vssvc.exe\r\nTargetObject: HKLM\\System\\CurrentControlSet\\Services\\VSS\\Diag\\VssvcPublisher\\FREEZE_FRONT (Leave)\r\nDetails: Binary Data","Hostname":"WORKSTATION5","Details":"Binary Data","ProcessId":"2332","EventType":"SetValue","TargetObject":"HKLM\\System\\CurrentControlSet\\Services\\VSS\\Diag\\VssvcPublisher\\FREEZE_FRONT (Leave)"}
{"TimeCreated":"2020-10-19 12:28:31.927","SourceName":"Microsoft-Windows-Sysmon","UtcTime":"2020-10-19 04:28:31.926","ProcessGuid":"{39e4a257-15ef-5f8d-e704-000000000700}","Image":"C:\\windows\\system32\\esentutl.exe","EventID":13,"Channel":"Microsoft-Windows-Sysmon/Operational","Task":"13","RuleName":"-","Message":"Registry value set:\r\nRuleName: -\r\nEventType: SetValue\r\nUtcTime: 2020-10-19 04:28:31.926\r\nProcessGuid: {39e4a257-15ef-5f8d-e704-000000000700}\r\nProcessId: 5136\r\nImage: C:\\windows\\system32\\esentutl.exe\r\nTargetObject: HKLM\\System\\CurrentControlSet\\Services\\VSS\\Diag\\EseRecoveryWriter\\BKGND_FREEZE_THREAD (Enter)\r\nDetails: Binary Data","Hostname":"WORKSTATION5","Details":"Binary Data","ProcessId":"5136","EventType":"SetValue","TargetObject":"HKLM\\System\\CurrentControlSet\\Services\\VSS\\Diag\\EseRecoveryWriter\\BKGND_FREEZE_THREAD (Enter)"}
{"TimeCreated":"2020-10-19 12:28:31.927","SourceName":"Microsoft-Windows-Sysmon","UtcTime":"2020-10-19 04:28:31.926","ProcessGuid":"{39e4a257-15ef-5f8d-e704-000000000700}","Image":"C:\\windows\\system32\\esentutl.exe","EventID":13,"Channel":"Microsoft-Windows-Sysmon/Operational","Task":"13","RuleName":"-","Message":"Registry value set:\r\nRuleName: -\r\nEventType: SetValue\r\nUtcTime: 2020-10-19 04:28:31.926\r\nProcessGuid: {39e4a257-15ef-5f8d-e704-000000000700}\r\nProcessId: 5136\r\nImage: C:\\windows\\system32\\esentutl.exe\r\nTargetObject: HKLM\\System\\CurrentControlSet\\Services\\VSS\\Diag\\EseRecoveryWriter\\VSS_WS_WAITING_FOR_THAW (SetCurrentState)\r\nDetails: Binary Data","Hostname":"WORKSTATION5","Details":"Binary Data","ProcessId":"5136","EventType":"SetValue","TargetObject":"HKLM\\System\\CurrentControlSet\\Services\\VSS\\Diag\\EseRecoveryWriter\\VSS_WS_WAITING_FOR_THAW (SetCurrentState)"}
{"TimeCreated":"2020-10-19 12:28:31.927","SourceName":"Microsoft-Windows-Sysmon","UtcTime":"2020-10-19 04:28:31.926","ProcessGuid":"{39e4a257-15ef-5f8d-e704-000000000700}","Image":"C:\\windows\\system32\\esentutl.exe","EventID":13,"Channel":"Microsoft-Windows-Sysmon/Operational","Task":"13","RuleName":"-","Message":"Registry value set:\r\nRuleName: -\r\nEventType: SetValue\r\nUtcTime: 2020-10-19 04:28:31.926\r\nProcessGuid: {39e4a257-15ef-5f8d-e704-000000000700}\r\nProcessId: 5136\r\nImage: C:\\windows\\system32\\esentutl.exe\r\nTargetObject: HKLM\\System\\CurrentControlSet\\Services\\VSS\\Diag\\EseRecoveryWriter\\FREEZE (Leave)\r\nDetails: Binary Data","Hostname":"WORKSTATION5","Details":"Binary Data","ProcessId":"5136","EventType":"SetValue","TargetObject":"HKLM\\System\\CurrentControlSet\\Services\\VSS\\Diag\\EseRecoveryWriter\\FREEZE (Leave)"}
{"TimeCreated":"2020-10-19 12:28:31.927","SourceName":"Microsoft-Windows-Sysmon","UtcTime":"2020-10-19 04:28:31.926","ProcessGuid":"{39e4a257-15ef-5f8d-e704-000000000700}","Image":"C:\\windows\\system32\\esentutl.exe","EventID":13,"Channel":"Microsoft-Windows-Sysmon/Operational","Task":"13","RuleName":"-","Message":"Registry value set:\r\nRuleName: -\r\nEventType: SetValue\r\nUtcTime: 2020-10-19 04:28:31.926\r\nProcessGuid: {39e4a257-15ef-5f8d-e704-000000000700}\r\nProcessId: 5136\r\nImage: C:\\windows\\system32\\esentutl.exe\r\nTargetObject: HKLM\\System\\CurrentControlSet\\Services\\VSS\\Diag\\EseRecoveryWriter\\FREEZE (Enter)\r\nDetails: Binary Data","Hostname":"WORKSTATION5","Details":"Binary Data","ProcessId":"5136","EventType":"SetValue","TargetObject":"HKLM\\System\\CurrentControlSet\\Services\\VSS\\Diag\\EseRecoveryWriter\\FREEZE (Enter)"}
{"TimeCreated":"2020-10-19 12:28:31.927","SourceName":"Microsoft-Windows-Sysmon","UtcTime":"2020-10-19 04:28:31.926","ProcessGuid":"{39e4a257-f136-5f8b-3800-000000000700}","Image":"C:\\windows\\system32\\vssvc.exe","EventID":13,"Channel":"Microsoft-Windows-Sysmon/Operational","Task":"13","RuleName":"-","Message":"Registry value set:\r\nRuleName: -\r\nEventType: SetValue\r\nUtcTime: 2020-10-19 04:28:31.926\r\nProcessGuid: {39e4a257-f136-5f8b-3800-000000000700}\r\nProcessId: 2332\r\nImage: C:\\windows\\system32\\vssvc.exe\r\nTargetObject: HKLM\\System\\CurrentControlSet\\Services\\VSS\\Diag\\Shadow Copy Optimization Writer\\BKGND_FREEZE_THREAD (Enter)\r\nDetails: Binary Data","Hostname":"WORKSTATION5","Details":"Binary Data","ProcessId":"2332","EventType":"SetValue","TargetObject":"HKLM\\System\\CurrentControlSet\\Services\\VSS\\Diag\\Shadow Copy Optimization Writer\\BKGND_FREEZE_THREAD (Enter)"}
{"TimeCreated":"2020-10-19 12:28:31.927","SourceName":"Microsoft-Windows-Sysmon","UtcTime":"2020-10-19 04:28:31.926","ProcessGuid":"{39e4a257-f136-5f8b-3800-000000000700}","Image":"C:\\windows\\system32\\vssvc.exe","EventID":13,"Channel":"Microsoft-Windows-Sysmon/Operational","Task":"13","RuleName":"-","Message":"Registry value set:\r\nRuleName: -\r\nEventType: SetValue\r\nUtcTime: 2020-10-19 04:28:31.926\r\nProcessGuid: {39e4a257-f136-5f8b-3800-000000000700}\r\nProcessId: 2332\r\nImage: C:\\windows\\system32\\vssvc.exe\r\nTargetObject: HKLM\\System\\CurrentControlSet\\Services\\VSS\\Diag\\Shadow Copy Optimization Writer\\VSS_WS_WAITING_FOR_THAW (SetCurrentState)\r\nDetails: Binary Data","Hostname":"WORKSTATION5","Details":"Binary Data","ProcessId":"2332","EventType":"SetValue","TargetObject":"HKLM\\System\\CurrentControlSet\\Services\\VSS\\Diag\\Shadow Copy Optimization Writer\\VSS_WS_WAITING_FOR_THAW (SetCurrentState)"}
{"TimeCreated":"2020-10-19 12:28:31.926","SourceName":"Microsoft-Windows-Sysmon","UtcTime":"2020-10-19 04:28:31.926","ProcessGuid":"{39e4a257-f136-5f8b-3800-000000000700}","Image":"C:\\windows\\system32\\vssvc.exe","EventID":13,"Channel":"Microsoft-Windows-Sysmon/Operational","Task":"13","RuleName":"-","Message":"Registry value set:\r\nRuleName: -\r\nEventType: SetValue\r\nUtcTime: 2020-10-19 04:28:31.926\r\nProcessGuid: {39e4a257-f136-5f8b-3800-000000000700}\r\nProcessId: 2332\r\nImage: C:\\windows\\system32\\vssvc.exe\r\nTargetObject: HKLM\\System\\CurrentControlSet\\Services\\VSS\\Diag\\Shadow Copy Optimization Writer\\FREEZE (Leave)\r\nDetails: Binary Data","Hostname":"WORKSTATION5","Details":"Binary Data","ProcessId":"2332","EventType":"SetValue","TargetObject":"HKLM\\System\\CurrentControlSet\\Services\\VSS\\Diag\\Shadow Copy Optimization Writer\\FREEZE (Leave)"}
{"TimeCreated":"2020-10-19 12:28:31.926","SourceName":"Microsoft-Windows-Sysmon","UtcTime":"2020-10-19 04:28:31.926","ProcessGuid":"{39e4a257-f136-5f8b-3800-000000000700}","Image":"C:\\windows\\system32\\vssvc.exe","EventID":13,"Channel":"Microsoft-Windows-Sysmon/Operational","Task":"13","RuleName":"-","Message":"Registry value set:\r\nRuleName: -\r\nEventType: SetValue\r\nUtcTime: 2020-10-19 04:28:31.926\r\nProcessGuid: {39e4a257-f136-5f8b-3800-000000000700}\r\nProcessId: 2332\r\nImage: C:\\windows\\system32\\vssvc.exe\r\nTargetObject: HKLM\\System\\CurrentControlSet\\Services\\VSS\\Diag\\Shadow Copy Optimization Writer\\FREEZE (Enter)\r\nDetails: Binary Data","Hostname":"WORKSTATION5","Details":"Binary Data","ProcessId":"2332","EventType":"SetValue","TargetObject":"HKLM\\System\\CurrentControlSet\\Services\\VSS\\Diag\\Shadow Copy Optimization Writer\\FREEZE (Enter)"}
{"TimeCreated":"2020-10-19 12:28:31.921","SourceName":"Microsoft-Windows-Sysmon","UtcTime":"2020-10-19 04:28:31.910","ProcessGuid":"{39e4a257-f136-5f8b-3800-000000000700}","Image":"C:\\windows\\system32\\vssvc.exe","EventID":13,"Channel":"Microsoft-Windows-Sysmon/Operational","Task":"13","RuleName":"-","Message":"Registry value set:\r\nRuleName: -\r\nEventType: SetValue\r\nUtcTime: 2020-10-19 04:28:31.910\r\nProcessGuid: {39e4a257-f136-5f8b-3800-000000000700}\r\nProcessId: 2332\r\nImage: C:\\windows\\system32\\vssvc.exe\r\nTargetObject: HKLM\\System\\CurrentControlSet\\Services\\VSS\\Diag\\VssvcPublisher\\FREEZE_FRONT (Enter)\r\nDetails: Binary Data","Hostname":"WORKSTATION5","Details":"Binary Data","ProcessId":"2332","EventType":"SetValue","TargetObject":"HKLM\\System\\CurrentControlSet\\Services\\VSS\\Diag\\VssvcPublisher\\FREEZE_FRONT (Enter)"}
{"TimeCreated":"2020-10-19 12:28:31.921","SourceName":"Microsoft-Windows-Sysmon","UtcTime":"2020-10-19 04:28:31.910","ProcessGuid":"{39e4a257-f136-5f8b-3800-000000000700}","Image":"C:\\windows\\system32\\vssvc.exe","EventID":13,"Channel":"Microsoft-Windows-Sysmon/Operational","Task":"13","RuleName":"-","Message":"Registry value set:\r\nRuleName: -\r\nEventType: SetValue\r\nUtcTime: 2020-10-19 04:28:31.910\r\nProcessGuid: {39e4a257-f136-5f8b-3800-000000000700}\r\nProcessId: 2332\r\nImage: C:\\windows\\system32\\vssvc.exe\r\nTargetObject: HKLM\\System\\CurrentControlSet\\Services\\VSS\\Diag\\VssvcPublisher\\FREEZE (Enter)\r\nDetails: Binary Data","Hostname":"WORKSTATION5","Details":"Binary Data","ProcessId":"2332","EventType":"SetValue","TargetObject":"HKLM\\System\\CurrentControlSet\\Services\\VSS\\Diag\\VssvcPublisher\\FREEZE (Enter)"}
{"TimeCreated":"2020-10-19 12:28:31.921","SourceName":"Microsoft-Windows-Sysmon","UtcTime":"2020-10-19 04:28:31.910","ProcessGuid":"{39e4a257-f136-5f8b-3800-000000000700}","Image":"C:\\windows\\system32\\vssvc.exe","EventID":13,"Channel":"Microsoft-Windows-Sysmon/Operational","Task":"13","RuleName":"-","Message":"Registry value set:\r\nRuleName: -\r\nEventType: SetValue\r\nUtcTime: 2020-10-19 04:28:31.910\r\nProcessGuid: {39e4a257-f136-5f8b-3800-000000000700}\r\nProcessId: 2332\r\nImage: C:\\windows\\system32\\vssvc.exe\r\nTargetObject: HKLM\\System\\CurrentControlSet\\Services\\VSS\\Diag\\VssvcPublisher\\PREPARESNAPSHOT (Leave)\r\nDetails: Binary Data","Hostname":"WORKSTATION5","Details":"Binary Data","ProcessId":"2332","EventType":"SetValue","TargetObject":"HKLM\\System\\CurrentControlSet\\Services\\VSS\\Diag\\VssvcPublisher\\PREPARESNAPSHOT (Leave)"}
{"TimeCreated":"2020-10-19 12:28:31.921","SourceName":"Microsoft-Windows-Sysmon","UtcTime":"2020-10-19 04:28:31.910","ProcessGuid":"{39e4a257-15ef-5f8d-e704-000000000700}","Image":"C:\\windows\\system32\\esentutl.exe","EventID":13,"Channel":"Microsoft-Windows-Sysmon/Operational","Task":"13","RuleName":"-","Message":"Registry value set:\r\nRuleName: -\r\nEventType: SetValue\r\nUtcTime: 2020-10-19 04:28:31.910\r\nProcessGuid: {39e4a257-15ef-5f8d-e704-000000000700}\r\nProcessId: 5136\r\nImage: C:\\windows\\system32\\esentutl.exe\r\nTargetObject: HKLM\\System\\CurrentControlSet\\Services\\VSS\\Diag\\EseRecoveryWriter\\VSS_WS_WAITING_FOR_FREEZE (SetCurrentState)\r\nDetails: Binary Data","Hostname":"WORKSTATION5","Details":"Binary Data","ProcessId":"5136","EventType":"SetValue","TargetObject":"HKLM\\System\\CurrentControlSet\\Services\\VSS\\Diag\\EseRecoveryWriter\\VSS_WS_WAITING_FOR_FREEZE (SetCurrentState)"}
{"TimeCreated":"2020-10-19 12:28:31.921","SourceName":"Microsoft-Windows-Sysmon","UtcTime":"2020-10-19 04:28:31.910","ProcessGuid":"{39e4a257-15ef-5f8d-e704-000000000700}","Image":"C:\\windows\\system32\\esentutl.exe","EventID":13,"Channel":"Microsoft-Windows-Sysmon/Operational","Task":"13","RuleName":"-","Message":"Registry value set:\r\nRuleName: -\r\nEventType: SetValue\r\nUtcTime: 2020-10-19 04:28:31.910\r\nProcessGuid: {39e4a257-15ef-5f8d-e704-000000000700}\r\nProcessId: 5136\r\nImage: C:\\windows\\system32\\esentutl.exe\r\nTargetObject: HKLM\\System\\CurrentControlSet\\Services\\VSS\\Diag\\EseRecoveryWriter\\PREPARESNAPSHOT (Leave)\r\nDetails: Binary Data","Hostname":"WORKSTATION5","Details":"Binary Data","ProcessId":"5136","EventType":"SetValue","TargetObject":"HKLM\\System\\CurrentControlSet\\Services\\VSS\\Diag\\EseRecoveryWriter\\PREPARESNAPSHOT (Leave)"}
{"TimeCreated":"2020-10-19 12:28:31.921","SourceName":"Microsoft-Windows-Sysmon","UtcTime":"2020-10-19 04:28:31.910","ProcessGuid":"{39e4a257-f1b9-5f8b-b300-000000000700}","Image":"C:\\windows\\system32\\SearchIndexer.exe","EventID":13,"Channel":"Microsoft-Windows-Sysmon/Operational","Task":"13","RuleName":"-","Message":"Registry value set:\r\nRuleName: -\r\nEventType: SetValue\r\nUtcTime: 2020-10-19 04:28:31.910\r\nProcessGuid: {39e4a257-f1b9-5f8b-b300-000000000700}\r\nProcessId: 6624\r\nImage: C:\\windows\\system32\\SearchIndexer.exe\r\nTargetObject: HKLM\\System\\CurrentControlSet\\Services\\VSS\\Diag\\MSSearch Service Writer\\VSS_WS_WAITING_FOR_FREEZE (SetCurrentState)\r\nDetails: Binary Data","Hostname":"WORKSTATION5","Details":"Binary Data","ProcessId":"6624","EventType":"SetValue","TargetObject":"HKLM\\System\\CurrentControlSet\\Services\\VSS\\Diag\\MSSearch Service Writer\\VSS_WS_WAITING_FOR_FREEZE (SetCurrentState)"}
