{"SourceName":"Microsoft-Windows-Eventlog","TimeCreated":"2020-10-21 12:19:01.088","Hostname":"WORKSTATION5","Task":"104","Channel":"Security","Message":"The audit log was cleared.\r\nSubject:\r\n\tSecurity ID:\tS-1-5-21-3940915590-64593676-1414006259-500\r\n\tAccount Name:\twardog\r\n\tDomain Name:\tWORKSTATION5\r\n\tLogon ID:\t0xC61D9","EventID":1102}
{"SubjectUserName":"wardog","TimeCreated":"2020-10-21 12:19:04.411","CommandLine":"netsh  advfirewall firewall add rule name=\"atomic testing\" action=allow dir=in protocol=TCP localport=450","SubjectLogonId":"0xc61d9","NewProcessId":"0x27cc","SubjectDomainName":"WORKSTATION5","TargetLogonId":"0x0","TokenElevationType":"%%1936","SubjectUserSid":"S-1-5-21-3940915590-64593676-1414006259-500","NewProcessName":"C:\\Windows\\System32\\netsh.exe","EventID":4688,"Channel":"Security","Task":"13312","Message":"A new process has been created.\r\n\r\nCreator Subject:\r\n\tSecurity ID:\t\tS-1-5-21-3940915590-64593676-1414006259-500\r\n\tAccount Name:\t\twardog\r\n\tAccount Domain:\t\tWORKSTATION5\r\n\tLogon ID:\t\t0xC61D9\r\n\r\nTarget Subject:\r\n\tSecurity ID:\t\tS-1-0-0\r\n\tAccount Name:\t\t-\r\n\tAccount Domain:\t\t-\r\n\tLogon ID:\t\t0x0\r\n\r\nProcess Information:\r\n\tNew Process ID:\t\t0x27cc\r\n\tNew Process Name:\tC:\\Windows\\System32\\netsh.exe\r\n\tToken Elevation Type:\t%%1936\r\n\tMandatory Label:\t\tS-1-16-12288\r\n\tCreator Process ID:\t0x1040\r\n\tCreator Process Name:\tC:\\Windows\\System32\\cmd.exe\r\n\tProcess Command Line:\tnetsh  advfirewall firewall add rule name=\"atomic testing\" action=allow dir=in protocol=TCP localport=450\r\n\r\nToken Elevation Type indicates the type of token that was assigned to the new process in accordance with User Account Control policy.\r\n\r\nType 1 is a full token with no privileges removed or groups disabled.  A full token is only used if User Account Control is disabled or if the user is the built-in Administrator account or a service account.\r\n\r\nType 2 is an elevated token with no privileges removed or groups disabled.  An elevated token is used when User Account Control is enabled and the user chooses to start the program using Run as administrator.  An elevated token is also used when an application is configured to always require administrative privilege or to always require maximum privilege, and the user is a member of the Administrators group.\r\n\r\nType 3 is a limited token with administrative privileges removed and administrative groups disabled.  The limited token is used when User Account Control is enabled, the application does not require administrative privilege, and the user does not choose to start the program using Run as administrator.","Hostname":"WORKSTATION5","ProcessId":"0x1040","MandatoryLabel":"S-1-16-12288","ParentProcessName":"C:\\Windows\\System32\\cmd.exe","TargetUserSid":"S-1-0-0","TargetDomainName":"-","SourceName":"Microsoft-Windows-Security-Auditing","TargetUserName":"-"}
{"SubjectUserName":"wardog","TimeCreated":"2020-10-21 12:19:04.427","SubjectLogonId":"0xc61d9","SubjectDomainName":"WORKSTATION5","TargetProcessId":"0x4","SubjectUserSid":"S-1-5-21-3940915590-64593676-1414006259-500","SourceHandleId":"0x90","EventID":4690,"Channel":"Security","Task":"12807","TargetHandleId":"0x360c","Message":"An attempt was made to duplicate a handle to an object.\r\n\r\nSubject:\r\n\tSecurity ID:\t\tS-1-5-21-3940915590-64593676-1414006259-500\r\n\tAccount Name:\t\twardog\r\n\tAccount Domain:\t\tWORKSTATION5\r\n\tLogon ID:\t\t0xC61D9\r\n\r\nSource Handle Information:\r\n\tSource Handle ID:\t0x90\r\n\tSource Process ID:\t0x27cc\r\n\r\nNew Handle Information:\r\n\tTarget Handle ID:\t0x360c\r\n\tTarget Process ID:\t0x4","Hostname":"WORKSTATION5","SourceProcessId":"0x27cc","SourceName":"Microsoft-Windows-Security-Auditing"}
{"SubjectUserName":"wardog","TimeCreated":"2020-10-21 12:19:04.427","SubjectLogonId":"0xc61d9","SubjectDomainName":"WORKSTATION5","ObjectServer":"Security","SubjectUserSid":"S-1-5-21-3940915590-64593676-1414006259-500","EventID":4658,"Channel":"Security","Task":"12801","Message":"The handle to an object was closed.\r\n\r\nSubject :\r\n\tSecurity ID:\t\tS-1-5-21-3940915590-64593676-1414006259-500\r\n\tAccount Name:\t\twardog\r\n\tAccount Domain:\t\tWORKSTATION5\r\n\tLogon ID:\t\t0xC61D9\r\n\r\nObject:\r\n\tObject Server:\t\tSecurity\r\n\tHandle ID:\t\t0x360c\r\n\r\nProcess Information:\r\n\tProcess ID:\t\t0x27cc\r\n\tProcess Name:\t\tC:\\Windows\\System32\\netsh.exe","Hostname":"WORKSTATION5","ProcessName":"C:\\Windows\\System32\\netsh.exe","ProcessId":"0x27cc","SourceName":"Microsoft-Windows-Security-Auditing","HandleId":"0x360c"}
{"SubjectUserName":"wardog","TimeCreated":"2020-10-21 12:19:04.427","SubjectLogonId":"0xc61d9","ResourceAttributes":"-","SubjectDomainName":"WORKSTATION5","PrivilegeList":"-","ObjectServer":"Security","ObjectType":"Key","SubjectUserSid":"S-1-5-21-3940915590-64593676-1414006259-500","EventID":4656,"Channel":"Security","Task":"12801","ObjectName":"\\REGISTRY\\MACHINE\\SYSTEM\\ControlSet001\\Control\\Lsa","AccessMask":"0x1","Message":"A handle to an object was requested.\r\n\r\nSubject:\r\n\tSecurity ID:\t\tS-1-5-21-3940915590-64593676-1414006259-500\r\n\tAccount Name:\t\twardog\r\n\tAccount Domain:\t\tWORKSTATION5\r\n\tLogon ID:\t\t0xC61D9\r\n\r\nObject:\r\n\tObject Server:\t\tSecurity\r\n\tObject Type:\t\tKey\r\n\tObject Name:\t\t\\REGISTRY\\MACHINE\\SYSTEM\\ControlSet001\\Control\\Lsa\r\n\tHandle ID:\t\t0x90\r\n\tResource Attributes:\t-\r\n\r\nProcess Information:\r\n\tProcess ID:\t\t0x27cc\r\n\tProcess Name:\t\tC:\\Windows\\System32\\netsh.exe\r\n\r\nAccess Request Information:\r\n\tTransaction ID:\t\t{00000000-0000-0000-0000-000000000000}\r\n\tAccesses:\t\tQuery key value\r\n\t\t\t\t\r\n\tAccess Reasons:\t\t-\r\n\tAccess Mask:\t\t0x1\r\n\tPrivileges Used for Access Check:\t-\r\n\tRestricted SID Count:\t0","Hostname":"WORKSTATION5","ProcessName":"C:\\Windows\\System32\\netsh.exe","ProcessId":"0x27cc","AccessReason":"-","RestrictedSidCount":"0","AccessList":"%%4432\n\t\t\t\t","SourceName":"Microsoft-Windows-Security-Auditing","HandleId":"0x90","TransactionId":"{00000000-0000-0000-0000-000000000000}"}
{"SubjectUserName":"wardog","TimeCreated":"2020-10-21 12:19:04.427","SubjectLogonId":"0xc61d9","ResourceAttributes":"-","SubjectDomainName":"WORKSTATION5","ObjectServer":"Security","ObjectType":"Key","SubjectUserSid":"S-1-5-21-3940915590-64593676-1414006259-500","EventID":4663,"Channel":"Security","Task":"12801","ObjectName":"\\REGISTRY\\MACHINE\\SYSTEM\\ControlSet001\\Control\\Lsa","AccessMask":"0x1","Message":"An attempt was made to access an object.\r\n\r\nSubject:\r\n\tSecurity ID:\t\tS-1-5-21-3940915590-64593676-1414006259-500\r\n\tAccount Name:\t\twardog\r\n\tAccount Domain:\t\tWORKSTATION5\r\n\tLogon ID:\t\t0xC61D9\r\n\r\nObject:\r\n\tObject Server:\t\tSecurity\r\n\tObject Type:\t\tKey\r\n\tObject Name:\t\t\\REGISTRY\\MACHINE\\SYSTEM\\ControlSet001\\Control\\Lsa\r\n\tHandle ID:\t\t0x90\r\n\tResource Attributes:\t-\r\n\r\nProcess Information:\r\n\tProcess ID:\t\t0x27cc\r\n\tProcess Name:\t\tC:\\Windows\\System32\\netsh.exe\r\n\r\nAccess Request Information:\r\n\tAccesses:\t\tQuery key value\r\n\t\t\t\t\r\n\tAccess Mask:\t\t0x1","Hostname":"WORKSTATION5","ProcessName":"C:\\Windows\\System32\\netsh.exe","ProcessId":"0x27cc","AccessList":"%%4432\n\t\t\t\t","SourceName":"Microsoft-Windows-Security-Auditing","HandleId":"0x90"}
{"SubjectUserName":"wardog","TimeCreated":"2020-10-21 12:19:04.427","SubjectLogonId":"0xc61d9","SubjectDomainName":"WORKSTATION5","ObjectServer":"Security","SubjectUserSid":"S-1-5-21-3940915590-64593676-1414006259-500","EventID":4658,"Channel":"Security","Task":"12801","Message":"The handle to an object was closed.\r\n\r\nSubject :\r\n\tSecurity ID:\t\tS-1-5-21-3940915590-64593676-1414006259-500\r\n\tAccount Name:\t\twardog\r\n\tAccount Domain:\t\tWORKSTATION5\r\n\tLogon ID:\t\t0xC61D9\r\n\r\nObject:\r\n\tObject Server:\t\tSecurity\r\n\tHandle ID:\t\t0x90\r\n\r\nProcess Information:\r\n\tProcess ID:\t\t0x27cc\r\n\tProcess Name:\t\tC:\\Windows\\System32\\netsh.exe","Hostname":"WORKSTATION5","ProcessName":"C:\\Windows\\System32\\netsh.exe","ProcessId":"0x27cc","SourceName":"Microsoft-Windows-Security-Auditing","HandleId":"0x90"}
{"SubjectUserName":"wardog","TimeCreated":"2020-10-21 12:19:04.506","SubjectLogonId":"0xc61d9","SubjectDomainName":"WORKSTATION5","TargetProcessId":"0x4","SubjectUserSid":"S-1-5-21-3940915590-64593676-1414006259-500","SourceHandleId":"0x47c","EventID":4690,"Channel":"Security","Task":"12807","TargetHandleId":"0x1b5c","Message":"An attempt was made to duplicate a handle to an object.\r\n\r\nSubject:\r\n\tSecurity ID:\t\tS-1-5-21-3940915590-64593676-1414006259-500\r\n\tAccount Name:\t\twardog\r\n\tAccount Domain:\t\tWORKSTATION5\r\n\tLogon ID:\t\t0xC61D9\r\n\r\nSource Handle Information:\r\n\tSource Handle ID:\t0x47c\r\n\tSource Process ID:\t0x27cc\r\n\r\nNew Handle Information:\r\n\tTarget Handle ID:\t0x1b5c\r\n\tTarget Process ID:\t0x4","Hostname":"WORKSTATION5","SourceProcessId":"0x27cc","SourceName":"Microsoft-Windows-Security-Auditing"}
{"SubjectUserName":"wardog","TimeCreated":"2020-10-21 12:19:04.506","SubjectLogonId":"0xc61d9","SubjectDomainName":"WORKSTATION5","ObjectServer":"Security","SubjectUserSid":"S-1-5-21-3940915590-64593676-1414006259-500","EventID":4658,"Channel":"Security","Task":"12801","Message":"The handle to an object was closed.\r\n\r\nSubject :\r\n\tSecurity ID:\t\tS-1-5-21-3940915590-64593676-1414006259-500\r\n\tAccount Name:\t\twardog\r\n\tAccount Domain:\t\tWORKSTATION5\r\n\tLogon ID:\t\t0xC61D9\r\n\r\nObject:\r\n\tObject Server:\t\tSecurity\r\n\tHandle ID:\t\t0x1b5c\r\n\r\nProcess Information:\r\n\tProcess ID:\t\t0x27cc\r\n\tProcess Name:\t\tC:\\Windows\\System32\\netsh.exe","Hostname":"WORKSTATION5","ProcessName":"C:\\Windows\\System32\\netsh.exe","ProcessId":"0x27cc","SourceName":"Microsoft-Windows-Security-Auditing","HandleId":"0x1b5c"}
{"SubjectUserName":"wardog","TimeCreated":"2020-10-21 12:19:04.506","SubjectLogonId":"0xc61d9","ResourceAttributes":"-","SubjectDomainName":"WORKSTATION5","PrivilegeList":"-","ObjectServer":"Security","ObjectType":"Key","SubjectUserSid":"S-1-5-21-3940915590-64593676-1414006259-500","EventID":4656,"Channel":"Security","Task":"12801","ObjectName":"\\REGISTRY\\MACHINE\\SOFTWARE\\Microsoft\\Windows NT\\CurrentVersion\\Winlogon","AccessMask":"0x20019","Message":"A handle to an object was requested.\r\n\r\nSubject:\r\n\tSecurity ID:\t\tS-1-5-21-3940915590-64593676-1414006259-500\r\n\tAccount Name:\t\twardog\r\n\tAccount Domain:\t\tWORKSTATION5\r\n\tLogon ID:\t\t0xC61D9\r\n\r\nObject:\r\n\tObject Server:\t\tSecurity\r\n\tObject Type:\t\tKey\r\n\tObject Name:\t\t\\REGISTRY\\MACHINE\\SOFTWARE\\Microsoft\\Windows NT\\CurrentVersion\\Winlogon\r\n\tHandle ID:\t\t0x47c\r\n\tResource Attributes:\t-\r\n\r\nProcess Information:\r\n\tProcess ID:\t\t0x27cc\r\n\tProcess Name:\t\tC:\\Windows\\System32\\netsh.exe\r\n\r\nAccess Request Information:\r\n\tTransaction ID:\t\t{00000000-0000-0000-0000-000000000000}\r\n\tAccesses:\t\tREAD_CONTROL\r\n\t\t\t\tQuery key value\r\n\t\t\t\tEnumerate sub-keys\r\n\t\t\t\tNotify about changes to keys\r\n\t\t\t\t\r\n\tAccess Reasons:\t\t-\r\n\tAccess Mask:\t\t0x20019\r\n\tPrivileges Used for Access Check:\t-\r\n\tRestricted SID Count:\t0","Hostname":"WORKSTATION5","ProcessName":"C:\\Windows\\System32\\netsh.exe","ProcessId":"0x27cc","AccessReason":"-","RestrictedSidCount":"0","AccessList":"%%1538\n\t\t\t\t%%4432\n\t\t\t\t%%4435\n\t\t\t\t%%4436\n\t\t\t\t","SourceName":"Microsoft-Windows-Security-Auditing","HandleId":"0x47c","TransactionId":"{00000000-0000-0000-0000-000000000000}"}
{"SubjectUserName":"wardog","TimeCreated":"2020-10-21 12:19:04.506","SubjectLogonId":"0xc61d9","ResourceAttributes":"-","SubjectDomainName":"WORKSTATION5","ObjectServer":"Security","ObjectType":"Key","SubjectUserSid":"S-1-5-21-3940915590-64593676-1414006259-500","EventID":4663,"Channel":"Security","Task":"12801","ObjectName":"\\REGISTRY\\MACHINE\\SOFTWARE\\Microsoft\\Windows NT\\CurrentVersion\\Winlogon","AccessMask":"0x1","Message":"An attempt was made to access an object.\r\n\r\nSubject:\r\n\tSecurity ID:\t\tS-1-5-21-3940915590-64593676-1414006259-500\r\n\tAccount Name:\t\twardog\r\n\tAccount Domain:\t\tWORKSTATION5\r\n\tLogon ID:\t\t0xC61D9\r\n\r\nObject:\r\n\tObject Server:\t\tSecurity\r\n\tObject Type:\t\tKey\r\n\tObject Name:\t\t\\REGISTRY\\MACHINE\\SOFTWARE\\Microsoft\\Windows NT\\CurrentVersion\\Winlogon\r\n\tHandle ID:\t\t0x47c\r\n\tResource Attributes:\t-\r\n\r\nProcess Information:\r\n\tProcess ID:\t\t0x27cc\r\n\tProcess Name:\t\tC:\\Windows\\System32\\netsh.exe\r\n\r\nAccess Request Information:\r\n\tAccesses:\t\tQuery key value\r\n\t\t\t\t\r\n\tAccess Mask:\t\t0x1","Hostname":"WORKSTATION5","ProcessName":"C:\\Windows\\System32\\netsh.exe","ProcessId":"0x27cc","AccessList":"%%4432\n\t\t\t\t","SourceName":"Microsoft-Windows-Security-Auditing","HandleId":"0x47c"}
{"SubjectUserName":"wardog","TimeCreated":"2020-10-21 12:19:04.506","SubjectLogonId":"0xc61d9","SubjectDomainName":"WORKSTATION5","ObjectServer":"Security","SubjectUserSid":"S-1-5-21-3940915590-64593676-1414006259-500","EventID":4658,"Channel":"Security","Task":"12801","Message":"The handle to an object was closed.\r\n\r\nSubject :\r\n\tSecurity ID:\t\tS-1-5-21-3940915590-64593676-1414006259-500\r\n\tAccount Name:\t\twardog\r\n\tAccount Domain:\t\tWORKSTATION5\r\n\tLogon ID:\t\t0xC61D9\r\n\r\nObject:\r\n\tObject Server:\t\tSecurity\r\n\tHandle ID:\t\t0x47c\r\n\r\nProcess Information:\r\n\tProcess ID:\t\t0x27cc\r\n\tProcess Name:\t\tC:\\Windows\\System32\\netsh.exe","Hostname":"WORKSTATION5","ProcessName":"C:\\Windows\\System32\\netsh.exe","ProcessId":"0x27cc","SourceName":"Microsoft-Windows-Security-Auditing","HandleId":"0x47c"}
{"SubjectUserName":"LOCAL SERVICE","TimeCreated":"2020-10-21 12:19:04.513","SubjectLogonId":"0x3e5","SubjectDomainName":"NT AUTHORITY","TargetProcessId":"0x4","SubjectUserSid":"S-1-5-19","SourceHandleId":"0x66c","EventID":4690,"Channel":"Security","Task":"12807","TargetHandleId":"0x37e0","Message":"An attempt was made to duplicate a handle to an object.\r\n\r\nSubject:\r\n\tSecurity ID:\t\tS-1-5-19\r\n\tAccount Name:\t\tLOCAL SERVICE\r\n\tAccount Domain:\t\tNT AUTHORITY\r\n\tLogon ID:\t\t0x3E5\r\n\r\nSource Handle Information:\r\n\tSource Handle ID:\t0x66c\r\n\tSource Process ID:\t0xb84\r\n\r\nNew Handle Information:\r\n\tTarget Handle ID:\t0x37e0\r\n\tTarget Process ID:\t0x4","Hostname":"WORKSTATION5","SourceProcessId":"0xb84","SourceName":"Microsoft-Windows-Security-Auditing"}
{"SubjectUserName":"LOCAL SERVICE","TimeCreated":"2020-10-21 12:19:04.513","SubjectLogonId":"0x3e5","SubjectDomainName":"NT AUTHORITY","ObjectServer":"Security","SubjectUserSid":"S-1-5-19","EventID":4658,"Channel":"Security","Task":"12801","Message":"The handle to an object was closed.\r\n\r\nSubject :\r\n\tSecurity ID:\t\tS-1-5-19\r\n\tAccount Name:\t\tLOCAL SERVICE\r\n\tAccount Domain:\t\tNT AUTHORITY\r\n\tLogon ID:\t\t0x3E5\r\n\r\nObject:\r\n\tObject Server:\t\tSecurity\r\n\tHandle ID:\t\t0x37e0\r\n\r\nProcess Information:\r\n\tProcess ID:\t\t0xb84\r\n\tProcess Name:\t\tC:\\Windows\\System32\\svchost.exe","Hostname":"WORKSTATION5","ProcessName":"C:\\Windows\\System32\\svchost.exe","ProcessId":"0xb84","SourceName":"Microsoft-Windows-Security-Auditing","HandleId":"0x37e0"}
{"SubjectUserName":"LOCAL SERVICE","TimeCreated":"2020-10-21 12:19:04.513","SubjectLogonId":"0x3e5","ResourceAttributes":"-","SubjectDomainName":"NT AUTHORITY","PrivilegeList":"-","ObjectServer":"Security","ObjectType":"Key","SubjectUserSid":"S-1-5-19","EventID":4656,"Channel":"Security","Task":"12801","ObjectName":"\\REGISTRY\\MACHINE\\SYSTEM\\ControlSet001\\Control\\Lsa","AccessMask":"0x1","Message":"A handle to an object was requested.\r\n\r\nSubject:\r\n\tSecurity ID:\t\tS-1-5-19\r\n\tAccount Name:\t\tLOCAL SERVICE\r\n\tAccount Domain:\t\tNT AUTHORITY\r\n\tLogon ID:\t\t0x3E5\r\n\r\nObject:\r\n\tObject Server:\t\tSecurity\r\n\tObject Type:\t\tKey\r\n\tObject Name:\t\t\\REGISTRY\\MACHINE\\SYSTEM\\ControlSet001\\Control\\Lsa\r\n\tHandle ID:\t\t0x66c\r\n\tResource Attributes:\t-\r\n\r\nProcess Information:\r\n\tProcess ID:\t\t0xb84\r\n\tProcess Name:\t\tC:\\Windows\\System32\\svchost.exe\r\n\r\nAccess Request Information:\r\n\tTransaction ID:\t\t{00000000-0000-0000-0000-000000000000}\r\n\tAccesses:\t\tQuery key value\r\n\t\t\t\t\r\n\tAccess Reasons:\t\t-\r\n\tAccess Mask:\t\t0x1\r\n\tPrivileges Used for Access Check:\t-\r\n\tRestricted SID Count:\t5","Hostname":"WORKSTATION5","ProcessName":"C:\\Windows\\System32\\svchost.exe","ProcessId":"0xb84","AccessReason":"-","RestrictedSidCount":"5","AccessList":"%%4432\n\t\t\t\t","SourceName":"Microsoft-Windows-Security-Auditing","HandleId":"0x66c","TransactionId":"{00000000-0000-0000-0000-000000000000}"}
{"SubjectUserName":"LOCAL SERVICE","TimeCreated":"2020-10-21 12:19:04.513","SubjectLogonId":"0x3e5","ResourceAttributes":"-","SubjectDomainName":"NT AUTHORITY","ObjectServer":"Security","ObjectType":"Key","SubjectUserSid":"S-1-5-19","EventID":4663,"Channel":"Security","Task":"12801","ObjectName":"\\REGISTRY\\MACHINE\\SYSTEM\\ControlSet001\\Control\\Lsa","AccessMask":"0x1","Message":"An attempt was made to access an object.\r\n\r\nSubject:\r\n\tSecurity ID:\t\tS-1-5-19\r\n\tAccount Name:\t\tLOCAL SERVICE\r\n\tAccount Domain:\t\tNT AUTHORITY\r\n\tLogon ID:\t\t0x3E5\r\n\r\nObject:\r\n\tObject Server:\t\tSecurity\r\n\tObject Type:\t\tKey\r\n\tObject Name:\t\t\\REGISTRY\\MACHINE\\SYSTEM\\ControlSet001\\Control\\Lsa\r\n\tHandle ID:\t\t0x66c\r\n\tResource Attributes:\t-\r\n\r\nProcess Information:\r\n\tProcess ID:\t\t0xb84\r\n\tProcess Name:\t\tC:\\Windows\\System32\\svchost.exe\r\n\r\nAccess Request Information:\r\n\tAccesses:\t\tQuery key value\r\n\t\t\t\t\r\n\tAccess Mask:\t\t0x1","Hostname":"WORKSTATION5","ProcessName":"C:\\Windows\\System32\\svchost.exe","ProcessId":"0xb84","AccessList":"%%4432\n\t\t\t\t","SourceName":"Microsoft-Windows-Security-Auditing","HandleId":"0x66c"}
{"SubjectUserName":"LOCAL SERVICE","TimeCreated":"2020-10-21 12:19:04.513","SubjectLogonId":"0x3e5","SubjectDomainName":"NT AUTHORITY","ObjectServer":"Security","SubjectUserSid":"S-1-5-19","EventID":4658,"Channel":"Security","Task":"12801","Message":"The handle to an object was closed.\r\n\r\nSubject :\r\n\tSecurity ID:\t\tS-1-5-19\r\n\tAccount Name:\t\tLOCAL SERVICE\r\n\tAccount Domain:\t\tNT AUTHORITY\r\n\tLogon ID:\t\t0x3E5\r\n\r\nObject:\r\n\tObject Server:\t\tSecurity\r\n\tHandle ID:\t\t0x66c\r\n\r\nProcess Information:\r\n\tProcess ID:\t\t0xb84\r\n\tProcess Name:\t\tC:\\Windows\\System32\\svchost.exe","Hostname":"WORKSTATION5","ProcessName":"C:\\Windows\\System32\\svchost.exe","ProcessId":"0xb84","SourceName":"Microsoft-Windows-Security-Auditing","HandleId":"0x66c"}
{"SubjectUserName":"LOCAL SERVICE","TimeCreated":"2020-10-21 12:19:04.513","SubjectLogonId":"0x3e5","SubjectDomainName":"NT AUTHORITY","TargetProcessId":"0x4","SubjectUserSid":"S-1-5-19","SourceHandleId":"0x7fc","EventID":4690,"Channel":"Security","Task":"12807","TargetHandleId":"0x3a60","Message":"An attempt was made to duplicate a handle to an object.\r\n\r\nSubject:\r\n\tSecurity ID:\t\tS-1-5-19\r\n\tAccount Name:\t\tLOCAL SERVICE\r\n\tAccount Domain:\t\tNT AUTHORITY\r\n\tLogon ID:\t\t0x3E5\r\n\r\nSource Handle Information:\r\n\tSource Handle ID:\t0x7fc\r\n\tSource Process ID:\t0xb84\r\n\r\nNew Handle Information:\r\n\tTarget Handle ID:\t0x3a60\r\n\tTarget Process ID:\t0x4","Hostname":"WORKSTATION5","SourceProcessId":"0xb84","SourceName":"Microsoft-Windows-Security-Auditing"}
{"SubjectUserName":"LOCAL SERVICE","TimeCreated":"2020-10-21 12:19:04.513","SubjectLogonId":"0x3e5","SubjectDomainName":"NT AUTHORITY","ObjectServer":"Security","SubjectUserSid":"S-1-5-19","EventID":4658,"Channel":"Security","Task":"12801","Message":"The handle to an object was closed.\r\n\r\nSubject :\r\n\tSecurity ID:\t\tS-1-5-19\r\n\tAccount Name:\t\tLOCAL SERVICE\r\n\tAccount Domain:\t\tNT AUTHORITY\r\n\tLogon ID:\t\t0x3E5\r\n\r\nObject:\r\n\tObject Server:\t\tSecurity\r\n\tHandle ID:\t\t0x3a60\r\n\r\nProcess Information:\r\n\tProcess ID:\t\t0xb84\r\n\tProcess Name:\t\tC:\\Windows\\System32\\svchost.exe","Hostname":"WORKSTATION5","ProcessName":"C:\\Windows\\System32\\svchost.exe","ProcessId":"0xb84","SourceName":"Microsoft-Windows-Security-Auditing","HandleId":"0x3a60"}
{"SubjectUserName":"LOCAL SERVICE","TimeCreated":"2020-10-21 12:19:04.513","SubjectLogonId":"0x3e5","ResourceAttributes":"-","SubjectDomainName":"NT AUTHORITY","PrivilegeList":"-","ObjectServer":"Security","ObjectType":"Key","SubjectUserSid":"S-1-5-19","EventID":4656,"Channel":"Security","Task":"12801","ObjectName":"\\REGISTRY\\MACHINE\\SYSTEM\\ControlSet001\\Control\\Lsa","AccessMask":"0x1","Message":"A handle to an object was requested.\r\n\r\nSubject:\r\n\tSecurity ID:\t\tS-1-5-19\r\n\tAccount Name:\t\tLOCAL SERVICE\r\n\tAccount Domain:\t\tNT AUTHORITY\r\n\tLogon ID:\t\t0x3E5\r\n\r\nObject:\r\n\tObject Server:\t\tSecurity\r\n\tObject Type:\t\tKey\r\n\tObject Name:\t\t\\REGISTRY\\MACHINE\\SYSTEM\\ControlSet001\\Control\\Lsa\r\n\tHandle ID:\t\t0x7fc\r\n\tResource Attributes:\t-\r\n\r\nProcess Information:\r\n\tProcess ID:\t\t0xb84\r\n\tProcess Name:\t\tC:\\Windows\\System32\\svchost.exe\r\n\r\nAccess Request Information:\r\n\tTransaction ID:\t\t{00000000-0000-0000-0000-000000000000}\r\n\tAccesses:\t\tQuery key value\r\n\t\t\t\t\r\n\tAccess Reasons:\t\t-\r\n\tAccess Mask:\t\t0x1\r\n\tPrivileges Used for Access Check:\t-\r\n\tRestricted SID Count:\t5","Hostname":"WORKSTATION5","ProcessName":"C:\\Windows\\System32\\svchost.exe","ProcessId":"0xb84","AccessReason":"-","RestrictedSidCount":"5","AccessList":"%%4432\n\t\t\t\t","SourceName":"Microsoft-Windows-Security-Auditing","HandleId":"0x7fc","TransactionId":"{00000000-0000-0000-0000-000000000000}"}
{"SubjectUserName":"LOCAL SERVICE","TimeCreated":"2020-10-21 12:19:04.513","SubjectLogonId":"0x3e5","ResourceAttributes":"-","SubjectDomainName":"NT AUTHORITY","ObjectServer":"Security","ObjectType":"Key","SubjectUserSid":"S-1-5-19","EventID":4663,"Channel":"Security","Task":"12801","ObjectName":"\\REGISTRY\\MACHINE\\SYSTEM\\ControlSet001\\Control\\Lsa","AccessMask":"0x1","Message":"An attempt was made to access an object.\r\n\r\nSubject:\r\n\tSecurity ID:\t\tS-1-5-19\r\n\tAccount Name:\t\tLOCAL SERVICE\r\n\tAccount Domain:\t\tNT AUTHORITY\r\n\tLogon ID:\t\t0x3E5\r\n\r\nObject:\r\n\tObject Server:\t\tSecurity\r\n\tObject Type:\t\tKey\r\n\tObject Name:\t\t\\REGISTRY\\MACHINE\\SYSTEM\\ControlSet001\\Control\\Lsa\r\n\tHandle ID:\t\t0x7fc\r\n\tResource Attributes:\t-\r\n\r\nProcess Information:\r\n\tProcess ID:\t\t0xb84\r\n\tProcess Name:\t\tC:\\Windows\\System32\\svchost.exe\r\n\r\nAccess Request Information:\r\n\tAccesses:\t\tQuery key value\r\n\t\t\t\t\r\n\tAccess Mask:\t\t0x1","Hostname":"WORKSTATION5","ProcessName":"C:\\Windows\\System32\\svchost.exe","ProcessId":"0xb84","AccessList":"%%4432\n\t\t\t\t","SourceName":"Microsoft-Windows-Security-Auditing","HandleId":"0x7fc"}
{"SubjectUserName":"LOCAL SERVICE","TimeCreated":"2020-10-21 12:19:04.513","SubjectLogonId":"0x3e5","SubjectDomainName":"NT AUTHORITY","ObjectServer":"Security","SubjectUserSid":"S-1-5-19","EventID":4658,"Channel":"Security","Task":"12801","Message":"The handle to an object was closed.\r\n\r\nSubject :\r\n\tSecurity ID:\t\tS-1-5-19\r\n\tAccount Name:\t\tLOCAL SERVICE\r\n\tAccount Domain:\t\tNT AUTHORITY\r\n\tLogon ID:\t\t0x3E5\r\n\r\nObject:\r\n\tObject Server:\t\tSecurity\r\n\tHandle ID:\t\t0x7fc\r\n\r\nProcess Information:\r\n\tProcess ID:\t\t0xb84\r\n\tProcess Name:\t\tC:\\Windows\\System32\\svchost.exe","Hostname":"WORKSTATION5","ProcessName":"C:\\Windows\\System32\\svchost.exe","ProcessId":"0xb84","SourceName":"Microsoft-Windows-Security-Auditing","HandleId":"0x7fc"}
{"SubjectUserName":"LOCAL SERVICE","TimeCreated":"2020-10-21 12:19:04.513","SubjectLogonId":"0x3e5","SubjectDomainName":"NT AUTHORITY","TargetProcessId":"0x4","SubjectUserSid":"S-1-5-19","SourceHandleId":"0x298","EventID":4690,"Channel":"Security","Task":"12807","TargetHandleId":"0x3a60","Message":"An attempt was made to duplicate a handle to an object.\r\n\r\nSubject:\r\n\tSecurity ID:\t\tS-1-5-19\r\n\tAccount Name:\t\tLOCAL SERVICE\r\n\tAccount Domain:\t\tNT AUTHORITY\r\n\tLogon ID:\t\t0x3E5\r\n\r\nSource Handle Information:\r\n\tSource Handle ID:\t0x298\r\n\tSource Process ID:\t0xb84\r\n\r\nNew Handle Information:\r\n\tTarget Handle ID:\t0x3a60\r\n\tTarget Process ID:\t0x4","Hostname":"WORKSTATION5","SourceProcessId":"0xb84","SourceName":"Microsoft-Windows-Security-Auditing"}
{"SubjectUserName":"LOCAL SERVICE","TimeCreated":"2020-10-21 12:19:04.513","SubjectLogonId":"0x3e5","SubjectDomainName":"NT AUTHORITY","ObjectServer":"Security","SubjectUserSid":"S-1-5-19","EventID":4658,"Channel":"Security","Task":"12801","Message":"The handle to an object was closed.\r\n\r\nSubject :\r\n\tSecurity ID:\t\tS-1-5-19\r\n\tAccount Name:\t\tLOCAL SERVICE\r\n\tAccount Domain:\t\tNT AUTHORITY\r\n\tLogon ID:\t\t0x3E5\r\n\r\nObject:\r\n\tObject Server:\t\tSecurity\r\n\tHandle ID:\t\t0x3a60\r\n\r\nProcess Information:\r\n\tProcess ID:\t\t0xb84\r\n\tProcess Name:\t\tC:\\Windows\\System32\\svchost.exe","Hostname":"WORKSTATION5","ProcessName":"C:\\Windows\\System32\\svchost.exe","ProcessId":"0xb84","SourceName":"Microsoft-Windows-Security-Auditing","HandleId":"0x3a60"}
{"SubjectUserName":"LOCAL SERVICE","TimeCreated":"2020-10-21 12:19:04.513","SubjectLogonId":"0x3e5","ResourceAttributes":"-","SubjectDomainName":"NT AUTHORITY","PrivilegeList":"-","ObjectServer":"Security","ObjectType":"Key","SubjectUserSid":"S-1-5-19","EventID":4656,"Channel":"Security","Task":"12801","ObjectName":"\\REGISTRY\\MACHINE\\SYSTEM\\ControlSet001\\Control\\Lsa","AccessMask":"0x1","Message":"A handle to an object was requested.\r\n\r\nSubject:\r\n\tSecurity ID:\t\tS-1-5-19\r\n\tAccount Name:\t\tLOCAL SERVICE\r\n\tAccount Domain:\t\tNT AUTHORITY\r\n\tLogon ID:\t\t0x3E5\r\n\r\nObject:\r\n\tObject Server:\t\tSecurity\r\n\tObject Type:\t\tKey\r\n\tObject Name:\t\t\\REGISTRY\\MACHINE\\SYSTEM\\ControlSet001\\Control\\Lsa\r\n\tHandle ID:\t\t0x298\r\n\tResource Attributes:\t-\r\n\r\nProcess Information:\r\n\tProcess ID:\t\t0xb84\r\n\tProcess Name:\t\tC:\\Windows\\System32\\svchost.exe\r\n\r\nAccess Request Information:\r\n\tTransaction ID:\t\t{00000000-0000-0000-0000-000000000000}\r\n\tAccesses:\t\tQuery key value\r\n\t\t\t\t\r\n\tAccess Reasons:\t\t-\r\n\tAccess Mask:\t\t0x1\r\n\tPrivileges Used for Access Check:\t-\r\n\tRestricted SID Count:\t5","Hostname":"WORKSTATION5","ProcessName":"C:\\Windows\\System32\\svchost.exe","ProcessId":"0xb84","AccessReason":"-","RestrictedSidCount":"5","AccessList":"%%4432\n\t\t\t\t","SourceName":"Microsoft-Windows-Security-Auditing","HandleId":"0x298","TransactionId":"{00000000-0000-0000-0000-000000000000}"}
{"SubjectUserName":"LOCAL SERVICE","TimeCreated":"2020-10-21 12:19:04.513","SubjectLogonId":"0x3e5","ResourceAttributes":"-","SubjectDomainName":"NT AUTHORITY","ObjectServer":"Security","ObjectType":"Key","SubjectUserSid":"S-1-5-19","EventID":4663,"Channel":"Security","Task":"12801","ObjectName":"\\REGISTRY\\MACHINE\\SYSTEM\\ControlSet001\\Control\\Lsa","AccessMask":"0x1","Message":"An attempt was made to access an object.\r\n\r\nSubject:\r\n\tSecurity ID:\t\tS-1-5-19\r\n\tAccount Name:\t\tLOCAL SERVICE\r\n\tAccount Domain:\t\tNT AUTHORITY\r\n\tLogon ID:\t\t0x3E5\r\n\r\nObject:\r\n\tObject Server:\t\tSecurity\r\n\tObject Type:\t\tKey\r\n\tObject Name:\t\t\\REGISTRY\\MACHINE\\SYSTEM\\ControlSet001\\Control\\Lsa\r\n\tHandle ID:\t\t0x298\r\n\tResource Attributes:\t-\r\n\r\nProcess Information:\r\n\tProcess ID:\t\t0xb84\r\n\tProcess Name:\t\tC:\\Windows\\System32\\svchost.exe\r\n\r\nAccess Request Information:\r\n\tAccesses:\t\tQuery key value\r\n\t\t\t\t\r\n\tAccess Mask:\t\t0x1","Hostname":"WORKSTATION5","ProcessName":"C:\\Windows\\System32\\svchost.exe","ProcessId":"0xb84","AccessList":"%%4432\n\t\t\t\t","SourceName":"Microsoft-Windows-Security-Auditing","HandleId":"0x298"}
{"SubjectUserName":"LOCAL SERVICE","TimeCreated":"2020-10-21 12:19:04.513","SubjectLogonId":"0x3e5","SubjectDomainName":"NT AUTHORITY","ObjectServer":"Security","SubjectUserSid":"S-1-5-19","EventID":4658,"Channel":"Security","Task":"12801","Message":"The handle to an object was closed.\r\n\r\nSubject :\r\n\tSecurity ID:\t\tS-1-5-19\r\n\tAccount Name:\t\tLOCAL SERVICE\r\n\tAccount Domain:\t\tNT AUTHORITY\r\n\tLogon ID:\t\t0x3E5\r\n\r\nObject:\r\n\tObject Server:\t\tSecurity\r\n\tHandle ID:\t\t0x298\r\n\r\nProcess Information:\r\n\tProcess ID:\t\t0xb84\r\n\tProcess Name:\t\tC:\\Windows\\System32\\svchost.exe","Hostname":"WORKSTATION5","ProcessName":"C:\\Windows\\System32\\svchost.exe","ProcessId":"0xb84","SourceName":"Microsoft-Windows-Security-Auditing","HandleId":"0x298"}
{"SubjectUserName":"LOCAL SERVICE","TimeCreated":"2020-10-21 12:19:04.514","SubjectLogonId":"0x3e5","SubjectDomainName":"NT AUTHORITY","TargetProcessId":"0x4","SubjectUserSid":"S-1-5-19","SourceHandleId":"0x298","EventID":4690,"Channel":"Security","Task":"12807","TargetHandleId":"0x38ec","Message":"An attempt was made to duplicate a handle to an object.\r\n\r\nSubject:\r\n\tSecurity ID:\t\tS-1-5-19\r\n\tAccount Name:\t\tLOCAL SERVICE\r\n\tAccount Domain:\t\tNT AUTHORITY\r\n\tLogon ID:\t\t0x3E5\r\n\r\nSource Handle Information:\r\n\tSource Handle ID:\t0x298\r\n\tSource Process ID:\t0xb84\r\n\r\nNew Handle Information:\r\n\tTarget Handle ID:\t0x38ec\r\n\tTarget Process ID:\t0x4","Hostname":"WORKSTATION5","SourceProcessId":"0xb84","SourceName":"Microsoft-Windows-Security-Auditing"}
{"SubjectUserName":"LOCAL SERVICE","TimeCreated":"2020-10-21 12:19:04.514","SubjectLogonId":"0x3e5","SubjectDomainName":"NT AUTHORITY","ObjectServer":"Security","SubjectUserSid":"S-1-5-19","EventID":4658,"Channel":"Security","Task":"12801","Message":"The handle to an object was closed.\r\n\r\nSubject :\r\n\tSecurity ID:\t\tS-1-5-19\r\n\tAccount Name:\t\tLOCAL SERVICE\r\n\tAccount Domain:\t\tNT AUTHORITY\r\n\tLogon ID:\t\t0x3E5\r\n\r\nObject:\r\n\tObject Server:\t\tSecurity\r\n\tHandle ID:\t\t0x38ec\r\n\r\nProcess Information:\r\n\tProcess ID:\t\t0xb84\r\n\tProcess Name:\t\tC:\\Windows\\System32\\svchost.exe","Hostname":"WORKSTATION5","ProcessName":"C:\\Windows\\System32\\svchost.exe","ProcessId":"0xb84","SourceName":"Microsoft-Windows-Security-Auditing","HandleId":"0x38ec"}
{"SubjectUserName":"LOCAL SERVICE","TimeCreated":"2020-10-21 12:19:04.514","SubjectLogonId":"0x3e5","ResourceAttributes":"-","SubjectDomainName":"NT AUTHORITY","PrivilegeList":"-","ObjectServer":"Security","ObjectType":"Key","SubjectUserSid":"S-1-5-19","EventID":4656,"Channel":"Security","Task":"12801","ObjectName":"\\REGISTRY\\MACHINE\\SYSTEM\\ControlSet001\\Control\\Lsa","AccessMask":"0x1","Message":"A handle to an object was requested.\r\n\r\nSubject:\r\n\tSecurity ID:\t\tS-1-5-19\r\n\tAccount Name:\t\tLOCAL SERVICE\r\n\tAccount Domain:\t\tNT AUTHORITY\r\n\tLogon ID:\t\t0x3E5\r\n\r\nObject:\r\n\tObject Server:\t\tSecurity\r\n\tObject Type:\t\tKey\r\n\tObject Name:\t\t\\REGISTRY\\MACHINE\\SYSTEM\\ControlSet001\\Control\\Lsa\r\n\tHandle ID:\t\t0x298\r\n\tResource Attributes:\t-\r\n\r\nProcess Information:\r\n\tProcess ID:\t\t0xb84\r\n\tProcess Name:\t\tC:\\Windows\\System32\\svchost.exe\r\n\r\nAccess Request Information:\r\n\tTransaction ID:\t\t{00000000-0000-0000-0000-000000000000}\r\n\tAccesses:\t\tQuery key value\r\n\t\t\t\t\r\n\tAccess Reasons:\t\t-\r\n\tAccess Mask:\t\t0x1\r\n\tPrivileges Used for Access Check:\t-\r\n\tRestricted SID Count:\t5","Hostname":"WORKSTATION5","ProcessName":"C:\\Windows\\System32\\svchost.exe","ProcessId":"0xb84","AccessReason":"-","RestrictedSidCount":"5","AccessList":"%%4432\n\t\t\t\t","SourceName":"Microsoft-Windows-Security-Auditing","HandleId":"0x298","TransactionId":"{00000000-0000-0000-0000-000000000000}"}
{"SubjectUserName":"LOCAL SERVICE","TimeCreated":"2020-10-21 12:19:04.514","SubjectLogonId":"0x3e5","ResourceAttributes":"-","SubjectDomainName":"NT AUTHORITY","ObjectServer":"Security","ObjectType":"Key","SubjectUserSid":"S-1-5-19","EventID":4663,"Channel":"Security","Task":"12801","ObjectName":"\\REGISTRY\\MACHINE\\SYSTEM\\ControlSet001\\Control\\Lsa","AccessMask":"0x1","Message":"An attempt was made to access an object.\r\n\r\nSubject:\r\n\tSecurity ID:\t\tS-1-5-19\r\n\tAccount Name:\t\tLOCAL SERVICE\r\n\tAccount Domain:\t\tNT AUTHORITY\r\n\tLogon ID:\t\t0x3E5\r\n\r\nObject:\r\n\tObject Server:\t\tSecurity\r\n\tObject Type:\t\tKey\r\n\tObject Name:\t\t\\REGISTRY\\MACHINE\\SYSTEM\\ControlSet001\\Control\\Lsa\r\n\tHandle ID:\t\t0x298\r\n\tResource Attributes:\t-\r\n\r\nProcess Information:\r\n\tProcess ID:\t\t0xb84\r\n\tProcess Name:\t\tC:\\Windows\\System32\\svchost.exe\r\n\r\nAccess Request Information:\r\n\tAccesses:\t\tQuery key value\r\n\t\t\t\t\r\n\tAccess Mask:\t\t0x1","Hostname":"WORKSTATION5","ProcessName":"C:\\Windows\\System32\\svchost.exe","ProcessId":"0xb84","AccessList":"%%4432\n\t\t\t\t","SourceName":"Microsoft-Windows-Security-Auditing","HandleId":"0x298"}
{"SubjectUserName":"LOCAL SERVICE","TimeCreated":"2020-10-21 12:19:04.514","SubjectLogonId":"0x3e5","SubjectDomainName":"NT AUTHORITY","ObjectServer":"Security","SubjectUserSid":"S-1-5-19","EventID":4658,"Channel":"Security","Task":"12801","Message":"The handle to an object was closed.\r\n\r\nSubject :\r\n\tSecurity ID:\t\tS-1-5-19\r\n\tAccount Name:\t\tLOCAL SERVICE\r\n\tAccount Domain:\t\tNT AUTHORITY\r\n\tLogon ID:\t\t0x3E5\r\n\r\nObject:\r\n\tObject Server:\t\tSecurity\r\n\tHandle ID:\t\t0x298\r\n\r\nProcess Information:\r\n\tProcess ID:\t\t0xb84\r\n\tProcess Name:\t\tC:\\Windows\\System32\\svchost.exe","Hostname":"WORKSTATION5","ProcessName":"C:\\Windows\\System32\\svchost.exe","ProcessId":"0xb84","SourceName":"Microsoft-Windows-Security-Auditing","HandleId":"0x298"}
{"Conditions":"\n\tCondition ID:\t{0c1ba1af-5765-453f-af22-a8f791ac775b}\n\tMatch value:\tEqual to\n\tCondition value:\t0x01c2\n","TimeCreated":"2020-10-21 12:19:04.518","SourceName":"Microsoft-Windows-Security-Auditing","FilterType":"%%16388","FilterId":"75143","UserName":"NT AUTHORITY\\LOCAL SERVICE","CalloutName":"-","ProviderKey":"{decc16ca-3f33-4346-be1e-8fb4ae0f3d62}","FilterKey":"{b50f244f-e656-44f6-8e24-0790228fd67d}","Action":"%%16390","EventID":5447,"Channel":"Security","Task":"13573","Message":"A Windows Filtering Platform filter has been changed.\r\n\t\r\nSubject:\r\n\tSecurity ID:\t\tS-1-5-19\r\n\tAccount Name:\t\tNT AUTHORITY\\LOCAL SERVICE\r\n\r\nProcess Information:\r\n\tProcess ID:\t2948\r\n\r\nProvider Information:\r\n\tID:\t\t{decc16ca-3f33-4346-be1e-8fb4ae0f3d62}\r\n\tName:\t\tMicrosoft Corporation\r\n\r\nChange Information:\r\n\tChange Type:\tAdd\r\n\r\nFilter Information:\r\n\tID:\t\t{b50f244f-e656-44f6-8e24-0790228fd67d}\r\n\tName:\t\tatomic testing\r\n\tType:\t\tNot persistent\r\n\tRun-Time ID:\t75143\r\n\r\nLayer Information:\r\n\tID:\t\t{88bb5dad-76d7-4227-9c71-df0a3ed7be7e}\r\n\tName:\t\tALE Listen v4 Layer\r\n\tRun-Time ID:\t40\r\n\r\nCallout Information:\r\n\tID:\t\t{00000000-0000-0000-0000-000000000000}\r\n\tName:\t\t-\r\n\r\nAdditional Information:\r\n\tWeight:\t10376293542535364352\t\r\n\tConditions:\t\n\tCondition ID:\t{0c1ba1af-5765-453f-af22-a8f791ac775b}\n\tMatch value:\tEqual to\n\tCondition value:\t0x01c2\n\r\n\tFilter Action:\tPermit","Hostname":"WORKSTATION5","CalloutKey":"{00000000-0000-0000-0000-000000000000}","ProcessId":"2948","LayerKey":"{88bb5dad-76d7-4227-9c71-df0a3ed7be7e}","ProviderName":"Microsoft Corporation","LayerName":"ALE Listen v4 Layer","FilterName":"atomic testing","LayerId":"40","UserSid":"S-1-5-19","Weight":"10376293542535364352","ChangeType":"%%16384"}
{"SourceName":"Microsoft-Windows-Security-Auditing","ProfileChanged":"All","TimeCreated":"2020-10-21 12:19:04.518","Hostname":"WORKSTATION5","Task":"13571","RuleId":"{F7259D6F-D580-4DF1-8371-60520B42164D}","Channel":"Security","RuleName":"atomic testing","Message":"A change was made to the Windows Firewall exception list. A rule was added.\r\n\t\r\nProfile Changed:\tAll\r\n\r\nAdded Rule:\r\n\tRule ID:\t{F7259D6F-D580-4DF1-8371-60520B42164D}\r\n\tRule Name:\tatomic testing","EventID":4946}
{"Conditions":"\n\tCondition ID:\t{0c1ba1af-5765-453f-af22-a8f791ac775b}\n\tMatch value:\tEqual to\n\tCondition value:\t0x01c2\n\n\tCondition ID:\t{3971ef2b-623e-4f9a-8cb1-6e79b806b9a7}\n\tMatch value:\tEqual to\n\tCondition value:\t0x06\n","TimeCreated":"2020-10-21 12:19:04.518","SourceName":"Microsoft-Windows-Security-Auditing","FilterType":"%%16388","FilterId":"75144","UserName":"NT AUTHORITY\\LOCAL SERVICE","CalloutName":"-","ProviderKey":"{decc16ca-3f33-4346-be1e-8fb4ae0f3d62}","FilterKey":"{c6278032-c080-4cd1-b481-eb86b548594c}","Action":"%%16390","EventID":5447,"Channel":"Security","Task":"13573","Message":"A Windows Filtering Platform filter has been changed.\r\n\t\r\nSubject:\r\n\tSecurity ID:\t\tS-1-5-19\r\n\tAccount Name:\t\tNT AUTHORITY\\LOCAL SERVICE\r\n\r\nProcess Information:\r\n\tProcess ID:\t2948\r\n\r\nProvider Information:\r\n\tID:\t\t{decc16ca-3f33-4346-be1e-8fb4ae0f3d62}\r\n\tName:\t\tMicrosoft Corporation\r\n\r\nChange Information:\r\n\tChange Type:\tAdd\r\n\r\nFilter Information:\r\n\tID:\t\t{c6278032-c080-4cd1-b481-eb86b548594c}\r\n\tName:\t\tatomic testing\r\n\tType:\t\tNot persistent\r\n\tRun-Time ID:\t75144\r\n\r\nLayer Information:\r\n\tID:\t\t{e1cd9fe7-f4b5-4273-96c0-592e487b8650}\r\n\tName:\t\tALE Receive/Accept v4 Layer\r\n\tRun-Time ID:\t44\r\n\r\nCallout Information:\r\n\tID:\t\t{00000000-0000-0000-0000-000000000000}\r\n\tName:\t\t-\r\n\r\nAdditional Information:\r\n\tWeight:\t10378263866298597376\t\r\n\tConditions:\t\n\tCondition ID:\t{0c1ba1af-5765-453f-af22-a8f791ac775b}\n\tMatch value:\tEqual to\n\tCondition value:\t0x01c2\n\n\tCondition ID:\t{3971ef2b-623e-4f9a-8cb1-6e79b806b9a7}\n\tMatch value:\tEqual to\n\tCondition value:\t0x06\n\r\n\tFilter Action:\tPermit","Hostname":"WORKSTATION5","CalloutKey":"{00000000-0000-0000-0000-000000000000}","ProcessId":"2948","LayerKey":"{e1cd9fe7-f4b5-4273-96c0-592e487b8650}","ProviderName":"Microsoft Corporation","LayerName":"ALE Receive/Accept v4 Layer","FilterName":"atomic testing","LayerId":"44","UserSid":"S-1-5-19","Weight":"10378263866298597376","ChangeType":"%%16384"}
{"Conditions":"\n\tCondition ID:\t{0c1ba1af-5765-453f-af22-a8f791ac775b}\n\tMatch value:\tEqual to\n\tCondition value:\t0x01c2\n","TimeCreated":"2020-10-21 12:19:04.518","SourceName":"Microsoft-Windows-Security-Auditing","FilterType":"%%16388","FilterId":"75145","UserName":"NT AUTHORITY\\LOCAL SERVICE","CalloutName":"-","ProviderKey":"{decc16ca-3f33-4346-be1e-8fb4ae0f3d62}","FilterKey":"{4f04ca8b-29e7-4dcb-bdc8-67b098e9df89}","Action":"%%16390","EventID":5447,"Channel":"Security","Task":"13573","Message":"A Windows Filtering Platform filter has been changed.\r\n\t\r\nSubject:\r\n\tSecurity ID:\t\tS-1-5-19\r\n\tAccount Name:\t\tNT AUTHORITY\\LOCAL SERVICE\r\n\r\nProcess Information:\r\n\tProcess ID:\t2948\r\n\r\nProvider Information:\r\n\tID:\t\t{decc16ca-3f33-4346-be1e-8fb4ae0f3d62}\r\n\tName:\t\tMicrosoft Corporation\r\n\r\nChange Information:\r\n\tChange Type:\tAdd\r\n\r\nFilter Information:\r\n\tID:\t\t{4f04ca8b-29e7-4dcb-bdc8-67b098e9df89}\r\n\tName:\t\tatomic testing\r\n\tType:\t\tNot persistent\r\n\tRun-Time ID:\t75145\r\n\r\nLayer Information:\r\n\tID:\t\t{7ac9de24-17dd-4814-b4bd-a9fbc95a321b}\r\n\tName:\t\tALE Listen v6 Layer\r\n\tRun-Time ID:\t42\r\n\r\nCallout Information:\r\n\tID:\t\t{00000000-0000-0000-0000-000000000000}\r\n\tName:\t\t-\r\n\r\nAdditional Information:\r\n\tWeight:\t10376293541528731392\t\r\n\tConditions:\t\n\tCondition ID:\t{0c1ba1af-5765-453f-af22-a8f791ac775b}\n\tMatch value:\tEqual to\n\tCondition value:\t0x01c2\n\r\n\tFilter Action:\tPermit","Hostname":"WORKSTATION5","CalloutKey":"{00000000-0000-0000-0000-000000000000}","ProcessId":"2948","LayerKey":"{7ac9de24-17dd-4814-b4bd-a9fbc95a321b}","ProviderName":"Microsoft Corporation","LayerName":"ALE Listen v6 Layer","FilterName":"atomic testing","LayerId":"42","UserSid":"S-1-5-19","Weight":"10376293541528731392","ChangeType":"%%16384"}
{"Conditions":"\n\tCondition ID:\t{0c1ba1af-5765-453f-af22-a8f791ac775b}\n\tMatch value:\tEqual to\n\tCondition value:\t0x01c2\n\n\tCondition ID:\t{3971ef2b-623e-4f9a-8cb1-6e79b806b9a7}\n\tMatch value:\tEqual to\n\tCondition value:\t0x06\n","TimeCreated":"2020-10-21 12:19:04.518","SourceName":"Microsoft-Windows-Security-Auditing","FilterType":"%%16388","FilterId":"75146","UserName":"NT AUTHORITY\\LOCAL SERVICE","CalloutName":"-","ProviderKey":"{decc16ca-3f33-4346-be1e-8fb4ae0f3d62}","FilterKey":"{51051770-c4cd-4528-b924-06356c1b61ab}","Action":"%%16390","EventID":5447,"Channel":"Security","Task":"13573","Message":"A Windows Filtering Platform filter has been changed.\r\n\t\r\nSubject:\r\n\tSecurity ID:\t\tS-1-5-19\r\n\tAccount Name:\t\tNT AUTHORITY\\LOCAL SERVICE\r\n\r\nProcess Information:\r\n\tProcess ID:\t2948\r\n\r\nProvider Information:\r\n\tID:\t\t{decc16ca-3f33-4346-be1e-8fb4ae0f3d62}\r\n\tName:\t\tMicrosoft Corporation\r\n\r\nChange Information:\r\n\tChange Type:\tAdd\r\n\r\nFilter Information:\r\n\tID:\t\t{51051770-c4cd-4528-b924-06356c1b61ab}\r\n\tName:\t\tatomic testing\r\n\tType:\t\tNot persistent\r\n\tRun-Time ID:\t75146\r\n\r\nLayer Information:\r\n\tID:\t\t{a3b42c97-9f04-4672-b87e-cee9c483257f}\r\n\tName:\t\tALE Receive/Accept v6 Layer\r\n\tRun-Time ID:\t46\r\n\r\nCallout Information:\r\n\tID:\t\t{00000000-0000-0000-0000-000000000000}\r\n\tName:\t\t-\r\n\r\nAdditional Information:\r\n\tWeight:\t10376786122670866432\t\r\n\tConditions:\t\n\tCondition ID:\t{0c1ba1af-5765-453f-af22-a8f791ac775b}\n\tMatch value:\tEqual to\n\tCondition value:\t0x01c2\n\n\tCondition ID:\t{3971ef2b-623e-4f9a-8cb1-6e79b806b9a7}\n\tMatch value:\tEqual to\n\tCondition value:\t0x06\n\r\n\tFilter Action:\tPermit","Hostname":"WORKSTATION5","CalloutKey":"{00000000-0000-0000-0000-000000000000}","ProcessId":"2948","LayerKey":"{a3b42c97-9f04-4672-b87e-cee9c483257f}","ProviderName":"Microsoft Corporation","LayerName":"ALE Receive/Accept v6 Layer","FilterName":"atomic testing","LayerId":"46","UserSid":"S-1-5-19","Weight":"10376786122670866432","ChangeType":"%%16384"}
{"SubjectUserName":"LOCAL SERVICE","TimeCreated":"2020-10-21 12:19:04.519","SubjectLogonId":"0x3e5","SubjectDomainName":"NT AUTHORITY","TargetProcessId":"0x4","SubjectUserSid":"S-1-5-19","SourceHandleId":"0x7b8","EventID":4690,"Channel":"Security","Task":"12807","TargetHandleId":"0x38ec","Message":"An attempt was made to duplicate a handle to an object.\r\n\r\nSubject:\r\n\tSecurity ID:\t\tS-1-5-19\r\n\tAccount Name:\t\tLOCAL SERVICE\r\n\tAccount Domain:\t\tNT AUTHORITY\r\n\tLogon ID:\t\t0x3E5\r\n\r\nSource Handle Information:\r\n\tSource Handle ID:\t0x7b8\r\n\tSource Process ID:\t0xb84\r\n\r\nNew Handle Information:\r\n\tTarget Handle ID:\t0x38ec\r\n\tTarget Process ID:\t0x4","Hostname":"WORKSTATION5","SourceProcessId":"0xb84","SourceName":"Microsoft-Windows-Security-Auditing"}
{"SubjectUserName":"LOCAL SERVICE","TimeCreated":"2020-10-21 12:19:04.519","SubjectLogonId":"0x3e5","SubjectDomainName":"NT AUTHORITY","ObjectServer":"Security","SubjectUserSid":"S-1-5-19","EventID":4658,"Channel":"Security","Task":"12801","Message":"The handle to an object was closed.\r\n\r\nSubject :\r\n\tSecurity ID:\t\tS-1-5-19\r\n\tAccount Name:\t\tLOCAL SERVICE\r\n\tAccount Domain:\t\tNT AUTHORITY\r\n\tLogon ID:\t\t0x3E5\r\n\r\nObject:\r\n\tObject Server:\t\tSecurity\r\n\tHandle ID:\t\t0x38ec\r\n\r\nProcess Information:\r\n\tProcess ID:\t\t0xb84\r\n\tProcess Name:\t\tC:\\Windows\\System32\\svchost.exe","Hostname":"WORKSTATION5","ProcessName":"C:\\Windows\\System32\\svchost.exe","ProcessId":"0xb84","SourceName":"Microsoft-Windows-Security-Auditing","HandleId":"0x38ec"}
{"SubjectUserName":"LOCAL SERVICE","TimeCreated":"2020-10-21 12:19:04.520","SubjectLogonId":"0x3e5","ResourceAttributes":"-","SubjectDomainName":"NT AUTHORITY","PrivilegeList":"-","ObjectServer":"Security","ObjectType":"Key","SubjectUserSid":"S-1-5-19","EventID":4656,"Channel":"Security","Task":"12801","ObjectName":"\\REGISTRY\\MACHINE\\SYSTEM\\ControlSet001\\Control\\Lsa","AccessMask":"0x1","Message":"A handle to an object was requested.\r\n\r\nSubject:\r\n\tSecurity ID:\t\tS-1-5-19\r\n\tAccount Name:\t\tLOCAL SERVICE\r\n\tAccount Domain:\t\tNT AUTHORITY\r\n\tLogon ID:\t\t0x3E5\r\n\r\nObject:\r\n\tObject Server:\t\tSecurity\r\n\tObject Type:\t\tKey\r\n\tObject Name:\t\t\\REGISTRY\\MACHINE\\SYSTEM\\ControlSet001\\Control\\Lsa\r\n\tHandle ID:\t\t0x7b8\r\n\tResource Attributes:\t-\r\n\r\nProcess Information:\r\n\tProcess ID:\t\t0xb84\r\n\tProcess Name:\t\tC:\\Windows\\System32\\svchost.exe\r\n\r\nAccess Request Information:\r\n\tTransaction ID:\t\t{00000000-0000-0000-0000-000000000000}\r\n\tAccesses:\t\tQuery key value\r\n\t\t\t\t\r\n\tAccess Reasons:\t\t-\r\n\tAccess Mask:\t\t0x1\r\n\tPrivileges Used for Access Check:\t-\r\n\tRestricted SID Count:\t5","Hostname":"WORKSTATION5","ProcessName":"C:\\Windows\\System32\\svchost.exe","ProcessId":"0xb84","AccessReason":"-","RestrictedSidCount":"5","AccessList":"%%4432\n\t\t\t\t","SourceName":"Microsoft-Windows-Security-Auditing","HandleId":"0x7b8","TransactionId":"{00000000-0000-0000-0000-000000000000}"}
{"SubjectUserName":"LOCAL SERVICE","TimeCreated":"2020-10-21 12:19:04.520","SubjectLogonId":"0x3e5","ResourceAttributes":"-","SubjectDomainName":"NT AUTHORITY","ObjectServer":"Security","ObjectType":"Key","SubjectUserSid":"S-1-5-19","EventID":4663,"Channel":"Security","Task":"12801","ObjectName":"\\REGISTRY\\MACHINE\\SYSTEM\\ControlSet001\\Control\\Lsa","AccessMask":"0x1","Message":"An attempt was made to access an object.\r\n\r\nSubject:\r\n\tSecurity ID:\t\tS-1-5-19\r\n\tAccount Name:\t\tLOCAL SERVICE\r\n\tAccount Domain:\t\tNT AUTHORITY\r\n\tLogon ID:\t\t0x3E5\r\n\r\nObject:\r\n\tObject Server:\t\tSecurity\r\n\tObject Type:\t\tKey\r\n\tObject Name:\t\t\\REGISTRY\\MACHINE\\SYSTEM\\ControlSet001\\Control\\Lsa\r\n\tHandle ID:\t\t0x7b8\r\n\tResource Attributes:\t-\r\n\r\nProcess Information:\r\n\tProcess ID:\t\t0xb84\r\n\tProcess Name:\t\tC:\\Windows\\System32\\svchost.exe\r\n\r\nAccess Request Information:\r\n\tAccesses:\t\tQuery key value\r\n\t\t\t\t\r\n\tAccess Mask:\t\t0x1","Hostname":"WORKSTATION5","ProcessName":"C:\\Windows\\System32\\svchost.exe","ProcessId":"0xb84","AccessList":"%%4432\n\t\t\t\t","SourceName":"Microsoft-Windows-Security-Auditing","HandleId":"0x7b8"}
{"SubjectUserName":"LOCAL SERVICE","TimeCreated":"2020-10-21 12:19:04.520","SubjectLogonId":"0x3e5","SubjectDomainName":"NT AUTHORITY","ObjectServer":"Security","SubjectUserSid":"S-1-5-19","EventID":4658,"Channel":"Security","Task":"12801","Message":"The handle to an object was closed.\r\n\r\nSubject :\r\n\tSecurity ID:\t\tS-1-5-19\r\n\tAccount Name:\t\tLOCAL SERVICE\r\n\tAccount Domain:\t\tNT AUTHORITY\r\n\tLogon ID:\t\t0x3E5\r\n\r\nObject:\r\n\tObject Server:\t\tSecurity\r\n\tHandle ID:\t\t0x7b8\r\n\r\nProcess Information:\r\n\tProcess ID:\t\t0xb84\r\n\tProcess Name:\t\tC:\\Windows\\System32\\svchost.exe","Hostname":"WORKSTATION5","ProcessName":"C:\\Windows\\System32\\svchost.exe","ProcessId":"0xb84","SourceName":"Microsoft-Windows-Security-Auditing","HandleId":"0x7b8"}
{"SubjectUserName":"LOCAL SERVICE","TimeCreated":"2020-10-21 12:19:04.520","SubjectLogonId":"0x3e5","SubjectDomainName":"NT AUTHORITY","TargetProcessId":"0x4","SubjectUserSid":"S-1-5-19","SourceHandleId":"0x66c","EventID":4690,"Channel":"Security","Task":"12807","TargetHandleId":"0x3568","Message":"An attempt was made to duplicate a handle to an object.\r\n\r\nSubject:\r\n\tSecurity ID:\t\tS-1-5-19\r\n\tAccount Name:\t\tLOCAL SERVICE\r\n\tAccount Domain:\t\tNT AUTHORITY\r\n\tLogon ID:\t\t0x3E5\r\n\r\nSource Handle Information:\r\n\tSource Handle ID:\t0x66c\r\n\tSource Process ID:\t0xb84\r\n\r\nNew Handle Information:\r\n\tTarget Handle ID:\t0x3568\r\n\tTarget Process ID:\t0x4","Hostname":"WORKSTATION5","SourceProcessId":"0xb84","SourceName":"Microsoft-Windows-Security-Auditing"}
{"SubjectUserName":"LOCAL SERVICE","TimeCreated":"2020-10-21 12:19:04.520","SubjectLogonId":"0x3e5","SubjectDomainName":"NT AUTHORITY","ObjectServer":"Security","SubjectUserSid":"S-1-5-19","EventID":4658,"Channel":"Security","Task":"12801","Message":"The handle to an object was closed.\r\n\r\nSubject :\r\n\tSecurity ID:\t\tS-1-5-19\r\n\tAccount Name:\t\tLOCAL SERVICE\r\n\tAccount Domain:\t\tNT AUTHORITY\r\n\tLogon ID:\t\t0x3E5\r\n\r\nObject:\r\n\tObject Server:\t\tSecurity\r\n\tHandle ID:\t\t0x3568\r\n\r\nProcess Information:\r\n\tProcess ID:\t\t0xb84\r\n\tProcess Name:\t\tC:\\Windows\\System32\\svchost.exe","Hostname":"WORKSTATION5","ProcessName":"C:\\Windows\\System32\\svchost.exe","ProcessId":"0xb84","SourceName":"Microsoft-Windows-Security-Auditing","HandleId":"0x3568"}
