{"@timestamp":"2020-10-23T02:36:43.861Z","TimeCreated":"2020-10-23T02:36:43.861Z","Hashes":"SHA1=F441F65BCA44665B17ED2E8885D67CAF03AB25CF,MD5=FA83F6215D5AAD7B601AA5A50DE35750,SHA256=C2DC55884E167B603336C4494A5D783BB091A0186ACB2CF26AC8BDD27EBC49B1,IMPHASH=82388C8C95B6A41C7CE3802CBA3F3228","Signature":"Microsoft Windows","ProviderGuid":"{5770385f-c22a-43e0-bf4c-06f5698ffbd9}","Company":"Microsoft Corporation","UtcTime":"2020-10-23 06:36:43.827","ProcessGuid":"{39e4a257-79fb-5f92-7217-000000000700}","Image":"C:\\Windows\\System32\\svchost.exe","ImageLoaded":"C:\\Windows\\System32\\miutils.dll","Level":"4","Channel":"Microsoft-Windows-Sysmon/Operational","Task":"7","RuleName":"-","FileVersion":"10.0.18362.1 (WinBuild.160101.0800)","SourceName":"Microsoft-Windows-Sysmon","Hostname":"WORKSTATION5","ProcessId":"4696","Description":"Management Infrastructure","SignatureStatus":"Valid","Product":"Microsoft Windows Operating System","EventID":7,"Keywords":"0x8000000000000000","Signed":"true","OriginalFileName":"miutils.dll","Message":"Image loaded:\r\nRuleName: -\r\nUtcTime: 2020-10-23 06:36:43.827\r\nProcessGuid: {39e4a257-79fb-5f92-7217-000000000700}\r\nProcessId: 4696\r\nImage: C:\\Windows\\System32\\svchost.exe\r\nImageLoaded: C:\\Windows\\System32\\miutils.dll\r\nFileVersion: 10.0.18362.1 (WinBuild.160101.0800)\r\nDescription: Management Infrastructure\r\nProduct: Microsoft Windows Operating System\r\nCompany: Microsoft Corporation\r\nOriginalFileName: miutils.dll\r\nHashes: SHA1=F441F65BCA44665B17ED2E8885D67CAF03AB25CF,MD5=FA83F6215D5AAD7B601AA5A50DE35750,SHA256=C2DC55884E167B603336C4494A5D783BB091A0186ACB2CF26AC8BDD27EBC49B1,IMPHASH=82388C8C95B6A41C7CE3802CBA3F3228\r\nSigned: true\r\nSignature: Microsoft Windows\r\nSignatureStatus: Valid"}
{"@timestamp":"2020-10-23T02:36:43.913Z","TimeCreated":"2020-10-23T02:36:43.913Z","Hashes":"SHA1=89C99ECF6EEEBE6158E4853115E17E71730780D8,MD5=609AC3B4E090CB1894F56D978E74C4F1,SHA256=108A9798E55A91928F7FE8EBC5087EEDBB6C023D958F18A6CEFD46BA5399BE61,IMPHASH=CA2E5F1683005B67E0843A76EE3BADA8","Signature":"Microsoft Windows","ProviderGuid":"{5770385f-c22a-43e0-bf4c-06f5698ffbd9}","Company":"Microsoft Corporation","UtcTime":"2020-10-23 06:36:43.905","ProcessGuid":"{39e4a257-79fb-5f92-7217-000000000700}","Image":"C:\\Windows\\System32\\svchost.exe","ImageLoaded":"C:\\Windows\\System32\\dsrole.dll","Level":"4","Channel":"Microsoft-Windows-Sysmon/Operational","Task":"7","RuleName":"-","FileVersion":"10.0.18362.1 (WinBuild.160101.0800)","SourceName":"Microsoft-Windows-Sysmon","Hostname":"WORKSTATION5","ProcessId":"4696","Description":"DS Setup Client DLL","SignatureStatus":"Valid","Product":"Microsoft Windows Operating System","EventID":7,"Keywords":"0x8000000000000000","Signed":"true","OriginalFileName":"DSROLE.DLL","Message":"Image loaded:\r\nRuleName: -\r\nUtcTime: 2020-10-23 06:36:43.905\r\nProcessGuid: {39e4a257-79fb-5f92-7217-000000000700}\r\nProcessId: 4696\r\nImage: C:\\Windows\\System32\\svchost.exe\r\nImageLoaded: C:\\Windows\\System32\\dsrole.dll\r\nFileVersion: 10.0.18362.1 (WinBuild.160101.0800)\r\nDescription: DS Setup Client DLL\r\nProduct: Microsoft Windows Operating System\r\nCompany: Microsoft Corporation\r\nOriginalFileName: DSROLE.DLL\r\nHashes: SHA1=89C99ECF6EEEBE6158E4853115E17E71730780D8,MD5=609AC3B4E090CB1894F56D978E74C4F1,SHA256=108A9798E55A91928F7FE8EBC5087EEDBB6C023D958F18A6CEFD46BA5399BE61,IMPHASH=CA2E5F1683005B67E0843A76EE3BADA8\r\nSigned: true\r\nSignature: Microsoft Windows\r\nSignatureStatus: Valid"}
{"@timestamp":"2020-10-23T02:36:43.932Z","TimeCreated":"2020-10-23T02:36:43.932Z","PipeName":"\\lsass","ProviderGuid":"{5770385f-c22a-43e0-bf4c-06f5698ffbd9}","UtcTime":"2020-10-23 06:36:43.921","ProcessGuid":"{39e4a257-79fb-5f92-7217-000000000700}","Image":"C:\\windows\\System32\\svchost.exe","Level":"4","Channel":"Microsoft-Windows-Sysmon/Operational","Task":"18","RuleName":"-","SourceName":"Microsoft-Windows-Sysmon","Hostname":"WORKSTATION5","ProcessId":"4696","EventType":"ConnectPipe","EventID":18,"Keywords":"0x8000000000000000","Message":"Pipe Connected:\r\nRuleName: -\r\nEventType: ConnectPipe\r\nUtcTime: 2020-10-23 06:36:43.921\r\nProcessGuid: {39e4a257-79fb-5f92-7217-000000000700}\r\nProcessId: 4696\r\nPipeName: \\lsass\r\nImage: C:\\windows\\System32\\svchost.exe"}
{"@timestamp":"2020-10-23T02:36:43.942Z","TimeCreated":"2020-10-23T02:36:43.942Z","Hashes":"SHA1=6767284D50E4B23357C234D4CCF9FD05D821CD78,MD5=6DC9184E8E2827C756E74F7C685FFAD3,SHA256=8F0FB258D463DB0B1CEC91797816E427A125EE8EE46F9CF845678BEDB776D9AE,IMPHASH=B27EC605C3878D5AFB745034F25A7E03","Signature":"Microsoft Windows","ProviderGuid":"{5770385f-c22a-43e0-bf4c-06f5698ffbd9}","Company":"Microsoft Corporation","UtcTime":"2020-10-23 06:36:43.921","ProcessGuid":"{39e4a257-79fb-5f92-7217-000000000700}","Image":"C:\\Windows\\System32\\svchost.exe","ImageLoaded":"C:\\Windows\\System32\\userenv.dll","Level":"4","Channel":"Microsoft-Windows-Sysmon/Operational","Task":"7","RuleName":"-","FileVersion":"10.0.18362.1139 (WinBuild.160101.0800)","SourceName":"Microsoft-Windows-Sysmon","Hostname":"WORKSTATION5","ProcessId":"4696","Description":"Userenv","SignatureStatus":"Valid","Product":"Microsoft Windows Operating System","EventID":7,"Keywords":"0x8000000000000000","Signed":"true","OriginalFileName":"userenv.dll","Message":"Image loaded:\r\nRuleName: -\r\nUtcTime: 2020-10-23 06:36:43.921\r\nProcessGuid: {39e4a257-79fb-5f92-7217-000000000700}\r\nProcessId: 4696\r\nImage: C:\\Windows\\System32\\svchost.exe\r\nImageLoaded: C:\\Windows\\System32\\userenv.dll\r\nFileVersion: 10.0.18362.1139 (WinBuild.160101.0800)\r\nDescription: Userenv\r\nProduct: Microsoft Windows Operating System\r\nCompany: Microsoft Corporation\r\nOriginalFileName: userenv.dll\r\nHashes: SHA1=6767284D50E4B23357C234D4CCF9FD05D821CD78,MD5=6DC9184E8E2827C756E74F7C685FFAD3,SHA256=8F0FB258D463DB0B1CEC91797816E427A125EE8EE46F9CF845678BEDB776D9AE,IMPHASH=B27EC605C3878D5AFB745034F25A7E03\r\nSigned: true\r\nSignature: Microsoft Windows\r\nSignatureStatus: Valid"}
{"@timestamp":"2020-10-23T02:36:43.943Z","TimeCreated":"2020-10-23T02:36:43.943Z","Hashes":"SHA1=6D3FD8F29261C05EDAFE0E4D312AAEA21C007FA1,MD5=68B36BC981063A71D181356F4D89C844,SHA256=FC5BAC87F4814262DEA7E79E2B4705E0B8731CC42C80B6CABE9C02955685737C,IMPHASH=D84DBD06FA80DAEC5BB5B0E80B599802","Signature":"Microsoft Windows","ProviderGuid":"{5770385f-c22a-43e0-bf4c-06f5698ffbd9}","Company":"Microsoft Corporation","UtcTime":"2020-10-23 06:36:43.936","ProcessGuid":"{39e4a257-79fb-5f92-7217-000000000700}","Image":"C:\\Windows\\System32\\svchost.exe","ImageLoaded":"C:\\Windows\\System32\\gpapi.dll","Level":"4","Channel":"Microsoft-Windows-Sysmon/Operational","Task":"7","RuleName":"-","FileVersion":"10.0.18362.1139 (WinBuild.160101.0800)","SourceName":"Microsoft-Windows-Sysmon","Hostname":"WORKSTATION5","ProcessId":"4696","Description":"Group Policy Client API","SignatureStatus":"Valid","Product":"Microsoft Windows Operating System","EventID":7,"Keywords":"0x8000000000000000","Signed":"true","OriginalFileName":"gpapi.dll","Message":"Image loaded:\r\nRuleName: -\r\nUtcTime: 2020-10-23 06:36:43.936\r\nProcessGuid: {39e4a257-79fb-5f92-7217-000000000700}\r\nProcessId: 4696\r\nImage: C:\\Windows\\System32\\svchost.exe\r\nImageLoaded: C:\\Windows\\System32\\gpapi.dll\r\nFileVersion: 10.0.18362.1139 (WinBuild.160101.0800)\r\nDescription: Group Policy Client API\r\nProduct: Microsoft Windows Operating System\r\nCompany: Microsoft Corporation\r\nOriginalFileName: gpapi.dll\r\nHashes: SHA1=6D3FD8F29261C05EDAFE0E4D312AAEA21C007FA1,MD5=68B36BC981063A71D181356F4D89C844,SHA256=FC5BAC87F4814262DEA7E79E2B4705E0B8731CC42C80B6CABE9C02955685737C,IMPHASH=D84DBD06FA80DAEC5BB5B0E80B599802\r\nSigned: true\r\nSignature: Microsoft Windows\r\nSignatureStatus: Valid"}
{"@timestamp":"2020-10-23T02:36:43.943Z","TimeCreated":"2020-10-23T02:36:43.943Z","Hashes":"SHA1=A857A75B030C2E2031EBFD26E23B2A8E69E4999A,MD5=9C24FF0EDBEB9DCDF269C0E8C2BA7EBB,SHA256=4E901CEA73190D8FA0F2A8AF40855215F8E4416CB5D9813BFF3E4432A4FC3F5C,IMPHASH=6C8F580B502F3E16CF5699B98EAEA4C9","Signature":"Microsoft Windows","ProviderGuid":"{5770385f-c22a-43e0-bf4c-06f5698ffbd9}","Company":"Microsoft Corporation","UtcTime":"2020-10-23 06:36:43.936","ProcessGuid":"{39e4a257-79fb-5f92-7217-000000000700}","Image":"C:\\Windows\\System32\\svchost.exe","ImageLoaded":"C:\\Windows\\System32\\wkscli.dll","Level":"4","Channel":"Microsoft-Windows-Sysmon/Operational","Task":"7","RuleName":"-","FileVersion":"10.0.18362.1 (WinBuild.160101.0800)","SourceName":"Microsoft-Windows-Sysmon","Hostname":"WORKSTATION5","ProcessId":"4696","Description":"Workstation Service Client DLL","SignatureStatus":"Valid","Product":"Microsoft Windows Operating System","EventID":7,"Keywords":"0x8000000000000000","Signed":"true","OriginalFileName":"WKSCLI.DLL","Message":"Image loaded:\r\nRuleName: -\r\nUtcTime: 2020-10-23 06:36:43.936\r\nProcessGuid: {39e4a257-79fb-5f92-7217-000000000700}\r\nProcessId: 4696\r\nImage: C:\\Windows\\System32\\svchost.exe\r\nImageLoaded: C:\\Windows\\System32\\wkscli.dll\r\nFileVersion: 10.0.18362.1 (WinBuild.160101.0800)\r\nDescription: Workstation Service Client DLL\r\nProduct: Microsoft Windows Operating System\r\nCompany: Microsoft Corporation\r\nOriginalFileName: WKSCLI.DLL\r\nHashes: SHA1=A857A75B030C2E2031EBFD26E23B2A8E69E4999A,MD5=9C24FF0EDBEB9DCDF269C0E8C2BA7EBB,SHA256=4E901CEA73190D8FA0F2A8AF40855215F8E4416CB5D9813BFF3E4432A4FC3F5C,IMPHASH=6C8F580B502F3E16CF5699B98EAEA4C9\r\nSigned: true\r\nSignature: Microsoft Windows\r\nSignatureStatus: Valid"}
{"@timestamp":"2020-10-23T02:36:43.944Z","TimeCreated":"2020-10-23T02:36:43.944Z","PipeName":"\\wkssvc","ProviderGuid":"{5770385f-c22a-43e0-bf4c-06f5698ffbd9}","UtcTime":"2020-10-23 06:36:43.936","ProcessGuid":"{39e4a257-79fb-5f92-7217-000000000700}","Image":"C:\\windows\\System32\\svchost.exe","Level":"4","Channel":"Microsoft-Windows-Sysmon/Operational","Task":"18","RuleName":"-","SourceName":"Microsoft-Windows-Sysmon","Hostname":"WORKSTATION5","ProcessId":"4696","EventType":"ConnectPipe","EventID":18,"Keywords":"0x8000000000000000","Message":"Pipe Connected:\r\nRuleName: -\r\nEventType: ConnectPipe\r\nUtcTime: 2020-10-23 06:36:43.936\r\nProcessGuid: {39e4a257-79fb-5f92-7217-000000000700}\r\nProcessId: 4696\r\nPipeName: \\wkssvc\r\nImage: C:\\windows\\System32\\svchost.exe"}
{"@timestamp":"2020-10-23T02:36:43.946Z","TimeCreated":"2020-10-23T02:36:43.946Z","Hashes":"SHA1=F2859AF15CED4F162359CC8C1BA1B1FE85DC8867,MD5=56B24BF15E6E88A2D6EF9AFC26BF7FCF,SHA256=74DC0C738188BBF385E9C3295C9904A6CEF4A947AFB71F2A0825037BBB27C92A,IMPHASH=06BB7C9ADD27BBA7B9DE3ADCE76673AB","Signature":"Microsoft Windows","ProviderGuid":"{5770385f-c22a-43e0-bf4c-06f5698ffbd9}","Company":"Microsoft Corporation","UtcTime":"2020-10-23 06:36:43.936","ProcessGuid":"{39e4a257-79fb-5f92-7217-000000000700}","Image":"C:\\Windows\\System32\\svchost.exe","ImageLoaded":"C:\\Windows\\System32\\netutils.dll","Level":"4","Channel":"Microsoft-Windows-Sysmon/Operational","Task":"7","RuleName":"-","FileVersion":"10.0.18362.1 (WinBuild.160101.0800)","SourceName":"Microsoft-Windows-Sysmon","Hostname":"WORKSTATION5","ProcessId":"4696","Description":"Net Win32 API Helpers DLL","SignatureStatus":"Valid","Product":"Microsoft Windows Operating System","EventID":7,"Keywords":"0x8000000000000000","Signed":"true","OriginalFileName":"NETUTILS.DLL","Message":"Image loaded:\r\nRuleName: -\r\nUtcTime: 2020-10-23 06:36:43.936\r\nProcessGuid: {39e4a257-79fb-5f92-7217-000000000700}\r\nProcessId: 4696\r\nImage: C:\\Windows\\System32\\svchost.exe\r\nImageLoaded: C:\\Windows\\System32\\netutils.dll\r\nFileVersion: 10.0.18362.1 (WinBuild.160101.0800)\r\nDescription: Net Win32 API Helpers DLL\r\nProduct: Microsoft Windows Operating System\r\nCompany: Microsoft Corporation\r\nOriginalFileName: NETUTILS.DLL\r\nHashes: SHA1=F2859AF15CED4F162359CC8C1BA1B1FE85DC8867,MD5=56B24BF15E6E88A2D6EF9AFC26BF7FCF,SHA256=74DC0C738188BBF385E9C3295C9904A6CEF4A947AFB71F2A0825037BBB27C92A,IMPHASH=06BB7C9ADD27BBA7B9DE3ADCE76673AB\r\nSigned: true\r\nSignature: Microsoft Windows\r\nSignatureStatus: Valid"}
{"@timestamp":"2020-10-23T02:36:43.951Z","TimeCreated":"2020-10-23T02:36:43.951Z","Hashes":"SHA1=A30A81AB6EB472CC79CF9E8C5B47ECA85998801A,MD5=DA9647C845792371DD2F95E1CCC9A63A,SHA256=FE741D2F986B0B9557A90BDF0560F49CD17381D1094C42A91634AABE49F46A1E,IMPHASH=D08C52FA17116C062A28110FE7465D80","Signature":"Microsoft Windows","ProviderGuid":"{5770385f-c22a-43e0-bf4c-06f5698ffbd9}","Company":"Microsoft Corporation","UtcTime":"2020-10-23 06:36:43.936","ProcessGuid":"{39e4a257-79fb-5f92-7217-000000000700}","Image":"C:\\Windows\\System32\\svchost.exe","ImageLoaded":"C:\\Windows\\System32\\sspicli.dll","Level":"4","Channel":"Microsoft-Windows-Sysmon/Operational","Task":"7","RuleName":"-","FileVersion":"10.0.18362.1049 (WinBuild.160101.0800)","SourceName":"Microsoft-Windows-Sysmon","Hostname":"WORKSTATION5","ProcessId":"4696","Description":"Security Support Provider Interface","SignatureStatus":"Valid","Product":"Microsoft Windows Operating System","EventID":7,"Keywords":"0x8000000000000000","Signed":"true","OriginalFileName":"sspicli.dll","Message":"Image loaded:\r\nRuleName: -\r\nUtcTime: 2020-10-23 06:36:43.936\r\nProcessGuid: {39e4a257-79fb-5f92-7217-000000000700}\r\nProcessId: 4696\r\nImage: C:\\Windows\\System32\\svchost.exe\r\nImageLoaded: C:\\Windows\\System32\\sspicli.dll\r\nFileVersion: 10.0.18362.1049 (WinBuild.160101.0800)\r\nDescription: Security Support Provider Interface\r\nProduct: Microsoft Windows Operating System\r\nCompany: Microsoft Corporation\r\nOriginalFileName: sspicli.dll\r\nHashes: SHA1=A30A81AB6EB472CC79CF9E8C5B47ECA85998801A,MD5=DA9647C845792371DD2F95E1CCC9A63A,SHA256=FE741D2F986B0B9557A90BDF0560F49CD17381D1094C42A91634AABE49F46A1E,IMPHASH=D08C52FA17116C062A28110FE7465D80\r\nSigned: true\r\nSignature: Microsoft Windows\r\nSignatureStatus: Valid"}
{"GrantedAccess":"0x1000","@timestamp":"2020-10-23T02:36:43.952Z","TimeCreated":"2020-10-23T02:36:43.952Z","SourceThreadId":"4836","SourceImage":"C:\\windows\\system32\\lsass.exe","ProviderGuid":"{5770385f-c22a-43e0-bf4c-06f5698ffbd9}","CallTrace":"C:\\windows\\SYSTEM32\\ntdll.dll+9d154|C:\\windows\\System32\\RPCRT4.dll+2d354|C:\\windows\\system32\\lsasrv.dll+176b9|C:\\windows\\SYSTEM32\\SspiSrv.dll+1a72|C:\\windows\\System32\\RPCRT4.dll+76a63|C:\\windows\\System32\\RPCRT4.dll+da036|C:\\windows\\System32\\RPCRT4.dll+37b7c|C:\\windows\\System32\\RPCRT4.dll+549f8|C:\\windows\\System32\\RPCRT4.dll+2c9b1|C:\\windows\\System32\\RPCRT4.dll+2c26b|C:\\windows\\System32\\RPCRT4.dll+1a8cf|C:\\windows\\System32\\RPCRT4.dll+19d7a|C:\\windows\\System32\\RPCRT4.dll+19361|C:\\windows\\System32\\RPCRT4.dll+18dce|C:\\windows\\System32\\RPCRT4.dll+16a05|C:\\windows\\SYSTEM32\\ntdll.dll+333ed|C:\\windows\\SYSTEM32\\ntdll.dll+34142|C:\\windows\\System32\\KERNEL32.DLL+17c24|C:\\windows\\SYSTEM32\\ntdll.dll+6cea1","UtcTime":"2020-10-23 06:36:43.936","TargetProcessGUID":"{39e4a257-79fb-5f92-7217-000000000700}","SourceProcessId":"756","Level":"4","Channel":"Microsoft-Windows-Sysmon/Operational","Task":"10","RuleName":"-","SourceName":"Microsoft-Windows-Sysmon","Hostname":"WORKSTATION5","SourceProcessGUID":"{39e4a257-f131-5f8b-0c00-000000000700}","TargetProcessId":"4696","EventID":10,"Keywords":"0x8000000000000000","TargetImage":"C:\\windows\\System32\\svchost.exe","Message":"Process accessed:\r\nRuleName: -\r\nUtcTime: 2020-10-23 06:36:43.936\r\nSourceProcessGUID: {39e4a257-f131-5f8b-0c00-000000000700}\r\nSourceProcessId: 756\r\nSourceThreadId: 4836\r\nSourceImage: C:\\windows\\system32\\lsass.exe\r\nTargetProcessGUID: {39e4a257-79fb-5f92-7217-000000000700}\r\nTargetProcessId: 4696\r\nTargetImage: C:\\windows\\System32\\svchost.exe\r\nGrantedAccess: 0x1000\r\nCallTrace: C:\\windows\\SYSTEM32\\ntdll.dll+9d154|C:\\windows\\System32\\RPCRT4.dll+2d354|C:\\windows\\system32\\lsasrv.dll+176b9|C:\\windows\\SYSTEM32\\SspiSrv.dll+1a72|C:\\windows\\System32\\RPCRT4.dll+76a63|C:\\windows\\System32\\RPCRT4.dll+da036|C:\\windows\\System32\\RPCRT4.dll+37b7c|C:\\windows\\System32\\RPCRT4.dll+549f8|C:\\windows\\System32\\RPCRT4.dll+2c9b1|C:\\windows\\System32\\RPCRT4.dll+2c26b|C:\\windows\\System32\\RPCRT4.dll+1a8cf|C:\\windows\\System32\\RPCRT4.dll+19d7a|C:\\windows\\System32\\RPCRT4.dll+19361|C:\\windows\\System32\\RPCRT4.dll+18dce|C:\\windows\\System32\\RPCRT4.dll+16a05|C:\\windows\\SYSTEM32\\ntdll.dll+333ed|C:\\windows\\SYSTEM32\\ntdll.dll+34142|C:\\windows\\System32\\KERNEL32.DLL+17c24|C:\\windows\\SYSTEM32\\ntdll.dll+6cea1"}
{"GrantedAccess":"0x1478","@timestamp":"2020-10-23T02:36:43.953Z","TimeCreated":"2020-10-23T02:36:43.953Z","SourceThreadId":"4836","SourceImage":"C:\\windows\\system32\\lsass.exe","ProviderGuid":"{5770385f-c22a-43e0-bf4c-06f5698ffbd9}","CallTrace":"C:\\windows\\SYSTEM32\\ntdll.dll+9c584|C:\\windows\\system32\\lsasrv.dll+179a6|C:\\windows\\system32\\lsasrv.dll+1852f|C:\\windows\\system32\\lsasrv.dll+17814|C:\\windows\\SYSTEM32\\SspiSrv.dll+1a72|C:\\windows\\System32\\RPCRT4.dll+76a63|C:\\windows\\System32\\RPCRT4.dll+da036|C:\\windows\\System32\\RPCRT4.dll+37b7c|C:\\windows\\System32\\RPCRT4.dll+549f8|C:\\windows\\System32\\RPCRT4.dll+2c9b1|C:\\windows\\System32\\RPCRT4.dll+2c26b|C:\\windows\\System32\\RPCRT4.dll+1a8cf|C:\\windows\\System32\\RPCRT4.dll+19d7a|C:\\windows\\System32\\RPCRT4.dll+19361|C:\\windows\\System32\\RPCRT4.dll+18dce|C:\\windows\\System32\\RPCRT4.dll+16a05|C:\\windows\\SYSTEM32\\ntdll.dll+333ed|C:\\windows\\SYSTEM32\\ntdll.dll+34142|C:\\windows\\System32\\KERNEL32.DLL+17c24|C:\\windows\\SYSTEM32\\ntdll.dll+6cea1","UtcTime":"2020-10-23 06:36:43.936","TargetProcessGUID":"{39e4a257-79fb-5f92-7217-000000000700}","SourceProcessId":"756","Level":"4","Channel":"Microsoft-Windows-Sysmon/Operational","Task":"10","RuleName":"-","SourceName":"Microsoft-Windows-Sysmon","Hostname":"WORKSTATION5","SourceProcessGUID":"{39e4a257-f131-5f8b-0c00-000000000700}","TargetProcessId":"4696","EventID":10,"Keywords":"0x8000000000000000","TargetImage":"C:\\windows\\System32\\svchost.exe","Message":"Process accessed:\r\nRuleName: -\r\nUtcTime: 2020-10-23 06:36:43.936\r\nSourceProcessGUID: {39e4a257-f131-5f8b-0c00-000000000700}\r\nSourceProcessId: 756\r\nSourceThreadId: 4836\r\nSourceImage: C:\\windows\\system32\\lsass.exe\r\nTargetProcessGUID: {39e4a257-79fb-5f92-7217-000000000700}\r\nTargetProcessId: 4696\r\nTargetImage: C:\\windows\\System32\\svchost.exe\r\nGrantedAccess: 0x1478\r\nCallTrace: C:\\windows\\SYSTEM32\\ntdll.dll+9c584|C:\\windows\\system32\\lsasrv.dll+179a6|C:\\windows\\system32\\lsasrv.dll+1852f|C:\\windows\\system32\\lsasrv.dll+17814|C:\\windows\\SYSTEM32\\SspiSrv.dll+1a72|C:\\windows\\System32\\RPCRT4.dll+76a63|C:\\windows\\System32\\RPCRT4.dll+da036|C:\\windows\\System32\\RPCRT4.dll+37b7c|C:\\windows\\System32\\RPCRT4.dll+549f8|C:\\windows\\System32\\RPCRT4.dll+2c9b1|C:\\windows\\System32\\RPCRT4.dll+2c26b|C:\\windows\\System32\\RPCRT4.dll+1a8cf|C:\\windows\\System32\\RPCRT4.dll+19d7a|C:\\windows\\System32\\RPCRT4.dll+19361|C:\\windows\\System32\\RPCRT4.dll+18dce|C:\\windows\\System32\\RPCRT4.dll+16a05|C:\\windows\\SYSTEM32\\ntdll.dll+333ed|C:\\windows\\SYSTEM32\\ntdll.dll+34142|C:\\windows\\System32\\KERNEL32.DLL+17c24|C:\\windows\\SYSTEM32\\ntdll.dll+6cea1"}
{"@timestamp":"2020-10-23T02:36:43.954Z","TimeCreated":"2020-10-23T02:36:43.954Z","Hashes":"SHA1=CB0FED80A33581425BBEA334D9185F63C5EE315F,MD5=9D1E318E09783AFBBF2F51D6E9950662,SHA256=48C0E264A522173740EBD7627900BE7E6FEDAEE2264F67A00E78D4A6D76865D8,IMPHASH=83BEA6248DF8A10A1D9DF229B452B69F","Signature":"Microsoft Windows","ProviderGuid":"{5770385f-c22a-43e0-bf4c-06f5698ffbd9}","Company":"Microsoft Corporation","UtcTime":"2020-10-23 06:36:43.936","ProcessGuid":"{39e4a257-79fb-5f92-7217-000000000700}","Image":"C:\\Windows\\System32\\svchost.exe","ImageLoaded":"C:\\Windows\\System32\\OnDemandConnRouteHelper.dll","Level":"4","Channel":"Microsoft-Windows-Sysmon/Operational","Task":"7","RuleName":"-","FileVersion":"10.0.18362.1 (WinBuild.160101.0800)","SourceName":"Microsoft-Windows-Sysmon","Hostname":"WORKSTATION5","ProcessId":"4696","Description":"On Demand Connctiond Route Helper","SignatureStatus":"Valid","Product":"Microsoft Windows Operating System","EventID":7,"Keywords":"0x8000000000000000","Signed":"true","OriginalFileName":"OnDemandConnRouteHelper.dll","Message":"Image loaded:\r\nRuleName: -\r\nUtcTime: 2020-10-23 06:36:43.936\r\nProcessGuid: {39e4a257-79fb-5f92-7217-000000000700}\r\nProcessId: 4696\r\nImage: C:\\Windows\\System32\\svchost.exe\r\nImageLoaded: C:\\Windows\\System32\\OnDemandConnRouteHelper.dll\r\nFileVersion: 10.0.18362.1 (WinBuild.160101.0800)\r\nDescription: On Demand Connctiond Route Helper\r\nProduct: Microsoft Windows Operating System\r\nCompany: Microsoft Corporation\r\nOriginalFileName: OnDemandConnRouteHelper.dll\r\nHashes: SHA1=CB0FED80A33581425BBEA334D9185F63C5EE315F,MD5=9D1E318E09783AFBBF2F51D6E9950662,SHA256=48C0E264A522173740EBD7627900BE7E6FEDAEE2264F67A00E78D4A6D76865D8,IMPHASH=83BEA6248DF8A10A1D9DF229B452B69F\r\nSigned: true\r\nSignature: Microsoft Windows\r\nSignatureStatus: Valid"}
{"@timestamp":"2020-10-23T02:36:43.954Z","TimeCreated":"2020-10-23T02:36:43.954Z","ProviderGuid":"{5770385f-c22a-43e0-bf4c-06f5698ffbd9}","UtcTime":"2020-10-23 06:36:43.936","ProcessGuid":"{39e4a257-79fb-5f92-7217-000000000700}","Image":"C:\\windows\\System32\\svchost.exe","Level":"4","Channel":"Microsoft-Windows-Sysmon/Operational","Task":"12","RuleName":"-","SourceName":"Microsoft-Windows-Sysmon","Hostname":"WORKSTATION5","ProcessId":"4696","EventType":"CreateKey","EventID":12,"Keywords":"0x8000000000000000","TargetObject":"HKLM\\SOFTWARE\\Microsoft\\Windows\\CurrentVersion\\Internet Settings\\Connections","Message":"Registry object added or deleted:\r\nRuleName: -\r\nEventType: CreateKey\r\nUtcTime: 2020-10-23 06:36:43.936\r\nProcessGuid: {39e4a257-79fb-5f92-7217-000000000700}\r\nProcessId: 4696\r\nImage: C:\\windows\\System32\\svchost.exe\r\nTargetObject: HKLM\\SOFTWARE\\Microsoft\\Windows\\CurrentVersion\\Internet Settings\\Connections"}
{"@timestamp":"2020-10-23T02:36:43.954Z","TimeCreated":"2020-10-23T02:36:43.954Z","Hashes":"SHA1=360EB9F11E0D859B3FC01D35D4DF7109B2999F93,MD5=4882A9ACEA455529C60A26A4E28DB46B,SHA256=EB852A1B4F45982DC9733FAD484BB82C9447B153A48DC784A649C6D8EC79F259,IMPHASH=6C22A92AC2ADB4C9523B32FA288F66C9","Signature":"Microsoft Windows","ProviderGuid":"{5770385f-c22a-43e0-bf4c-06f5698ffbd9}","Company":"Microsoft Corporation","UtcTime":"2020-10-23 06:36:43.936","ProcessGuid":"{39e4a257-79fb-5f92-7217-000000000700}","Image":"C:\\Windows\\System32\\svchost.exe","ImageLoaded":"C:\\Windows\\System32\\webio.dll","Level":"4","Channel":"Microsoft-Windows-Sysmon/Operational","Task":"7","RuleName":"-","FileVersion":"10.0.18362.628 (WinBuild.160101.0800)","SourceName":"Microsoft-Windows-Sysmon","Hostname":"WORKSTATION5","ProcessId":"4696","Description":"Web Transfer Protocols API","SignatureStatus":"Valid","Product":"Microsoft Windows Operating System","EventID":7,"Keywords":"0x8000000000000000","Signed":"true","OriginalFileName":"webio.dll","Message":"Image loaded:\r\nRuleName: -\r\nUtcTime: 2020-10-23 06:36:43.936\r\nProcessGuid: {39e4a257-79fb-5f92-7217-000000000700}\r\nProcessId: 4696\r\nImage: C:\\Windows\\System32\\svchost.exe\r\nImageLoaded: C:\\Windows\\System32\\webio.dll\r\nFileVersion: 10.0.18362.628 (WinBuild.160101.0800)\r\nDescription: Web Transfer Protocols API\r\nProduct: Microsoft Windows Operating System\r\nCompany: Microsoft Corporation\r\nOriginalFileName: webio.dll\r\nHashes: SHA1=360EB9F11E0D859B3FC01D35D4DF7109B2999F93,MD5=4882A9ACEA455529C60A26A4E28DB46B,SHA256=EB852A1B4F45982DC9733FAD484BB82C9447B153A48DC784A649C6D8EC79F259,IMPHASH=6C22A92AC2ADB4C9523B32FA288F66C9\r\nSigned: true\r\nSignature: Microsoft Windows\r\nSignatureStatus: Valid"}
{"@timestamp":"2020-10-23T02:36:43.955Z","TimeCreated":"2020-10-23T02:36:43.955Z","Hashes":"SHA1=2E03CA141D735D13491049B4D6C2DC2B928B4C01,MD5=8578F1F72C6550CF62965D520FA7C6E9,SHA256=20008AAB6285FB2B24DE1E72D11654316FF601918FD05B7DF2F9894C64A16956,IMPHASH=E5E26C86BC73F56D7EDD17D98802AA21","Signature":"Microsoft Windows","ProviderGuid":"{5770385f-c22a-43e0-bf4c-06f5698ffbd9}","Company":"Microsoft Corporation","UtcTime":"2020-10-23 06:36:43.936","ProcessGuid":"{39e4a257-79fb-5f92-7217-000000000700}","Image":"C:\\Windows\\System32\\svchost.exe","ImageLoaded":"C:\\Windows\\System32\\mswsock.dll","Level":"4","Channel":"Microsoft-Windows-Sysmon/Operational","Task":"7","RuleName":"-","FileVersion":"10.0.18362.815 (WinBuild.160101.0800)","SourceName":"Microsoft-Windows-Sysmon","Hostname":"WORKSTATION5","ProcessId":"4696","Description":"Microsoft Windows Sockets 2.0 Service Provider","SignatureStatus":"Valid","Product":"Microsoft Windows Operating System","EventID":7,"Keywords":"0x8000000000000000","Signed":"true","OriginalFileName":"mswsock.dll","Message":"Image loaded:\r\nRuleName: -\r\nUtcTime: 2020-10-23 06:36:43.936\r\nProcessGuid: {39e4a257-79fb-5f92-7217-000000000700}\r\nProcessId: 4696\r\nImage: C:\\Windows\\System32\\svchost.exe\r\nImageLoaded: C:\\Windows\\System32\\mswsock.dll\r\nFileVersion: 10.0.18362.815 (WinBuild.160101.0800)\r\nDescription: Microsoft Windows Sockets 2.0 Service Provider\r\nProduct: Microsoft Windows Operating System\r\nCompany: Microsoft Corporation\r\nOriginalFileName: mswsock.dll\r\nHashes: SHA1=2E03CA141D735D13491049B4D6C2DC2B928B4C01,MD5=8578F1F72C6550CF62965D520FA7C6E9,SHA256=20008AAB6285FB2B24DE1E72D11654316FF601918FD05B7DF2F9894C64A16956,IMPHASH=E5E26C86BC73F56D7EDD17D98802AA21\r\nSigned: true\r\nSignature: Microsoft Windows\r\nSignatureStatus: Valid"}
{"@timestamp":"2020-10-23T02:36:43.955Z","TimeCreated":"2020-10-23T02:36:43.955Z","Hashes":"SHA1=792A39CBA068B5BA4393728392DA5507CA63E92B,MD5=CF0FDBC12BE18ADEA709F335C390C263,SHA256=890AA055DE3291A5DE31636F00C70473A8A1A184B77ECF27AAEFDCACA1647B90,IMPHASH=80B8F4D6B69BDFF7CF0EE11866716275","Signature":"Microsoft Windows","ProviderGuid":"{5770385f-c22a-43e0-bf4c-06f5698ffbd9}","Company":"Microsoft Corporation","UtcTime":"2020-10-23 06:36:43.905","ProcessGuid":"{39e4a257-79fb-5f92-7217-000000000700}","Image":"C:\\Windows\\System32\\svchost.exe","ImageLoaded":"C:\\Windows\\System32\\WsmSvc.dll","Level":"4","Channel":"Microsoft-Windows-Sysmon/Operational","Task":"7","RuleName":"-","FileVersion":"10.0.18362.997 (WinBuild.160101.0800)","SourceName":"Microsoft-Windows-Sysmon","Hostname":"WORKSTATION5","ProcessId":"4696","Description":"WSMan Service","SignatureStatus":"Valid","Product":"Microsoft Windows Operating System","EventID":7,"Keywords":"0x8000000000000000","Signed":"true","OriginalFileName":"WsmSvc.dll","Message":"Image loaded:\r\nRuleName: -\r\nUtcTime: 2020-10-23 06:36:43.905\r\nProcessGuid: {39e4a257-79fb-5f92-7217-000000000700}\r\nProcessId: 4696\r\nImage: C:\\Windows\\System32\\svchost.exe\r\nImageLoaded: C:\\Windows\\System32\\WsmSvc.dll\r\nFileVersion: 10.0.18362.997 (WinBuild.160101.0800)\r\nDescription: WSMan Service\r\nProduct: Microsoft Windows Operating System\r\nCompany: Microsoft Corporation\r\nOriginalFileName: WsmSvc.dll\r\nHashes: SHA1=792A39CBA068B5BA4393728392DA5507CA63E92B,MD5=CF0FDBC12BE18ADEA709F335C390C263,SHA256=890AA055DE3291A5DE31636F00C70473A8A1A184B77ECF27AAEFDCACA1647B90,IMPHASH=80B8F4D6B69BDFF7CF0EE11866716275\r\nSigned: true\r\nSignature: Microsoft Windows\r\nSignatureStatus: Valid"}
{"@timestamp":"2020-10-23T02:36:43.955Z","TimeCreated":"2020-10-23T02:36:43.955Z","Hashes":"SHA1=1AB85DA55EB2EDA35E6DEBB2D3FBEA21DD2ADA7E,MD5=E85DECB45E7F108270DE6AA993DD5800,SHA256=900FEBC57C68ECB20B1E7B34757B95ACF8CE6541D1DC8D8E2910AE15C52D5581,IMPHASH=AD7C692FA9FCC8C643FD494188DECA65","Signature":"Microsoft Windows","ProviderGuid":"{5770385f-c22a-43e0-bf4c-06f5698ffbd9}","Company":"Microsoft Corporation","UtcTime":"2020-10-23 06:36:43.952","ProcessGuid":"{39e4a257-79fb-5f92-7217-000000000700}","Image":"C:\\Windows\\System32\\svchost.exe","ImageLoaded":"C:\\Windows\\System32\\winnsi.dll","Level":"4","Channel":"Microsoft-Windows-Sysmon/Operational","Task":"7","RuleName":"-","FileVersion":"10.0.18362.449 (WinBuild.160101.0800)","SourceName":"Microsoft-Windows-Sysmon","Hostname":"WORKSTATION5","ProcessId":"4696","Description":"Network Store Information RPC interface","SignatureStatus":"Valid","Product":"Microsoft Windows Operating System","EventID":7,"Keywords":"0x8000000000000000","Signed":"true","OriginalFileName":"winnsi.dll","Message":"Image loaded:\r\nRuleName: -\r\nUtcTime: 2020-10-23 06:36:43.952\r\nProcessGuid: {39e4a257-79fb-5f92-7217-000000000700}\r\nProcessId: 4696\r\nImage: C:\\Windows\\System32\\svchost.exe\r\nImageLoaded: C:\\Windows\\System32\\winnsi.dll\r\nFileVersion: 10.0.18362.449 (WinBuild.160101.0800)\r\nDescription: Network Store Information RPC interface\r\nProduct: Microsoft Windows Operating System\r\nCompany: Microsoft Corporation\r\nOriginalFileName: winnsi.dll\r\nHashes: SHA1=1AB85DA55EB2EDA35E6DEBB2D3FBEA21DD2ADA7E,MD5=E85DECB45E7F108270DE6AA993DD5800,SHA256=900FEBC57C68ECB20B1E7B34757B95ACF8CE6541D1DC8D8E2910AE15C52D5581,IMPHASH=AD7C692FA9FCC8C643FD494188DECA65\r\nSigned: true\r\nSignature: Microsoft Windows\r\nSignatureStatus: Valid"}
{"@timestamp":"2020-10-23T02:36:43.961Z","TimeCreated":"2020-10-23T02:36:43.961Z","ProviderGuid":"{5770385f-c22a-43e0-bf4c-06f5698ffbd9}","UtcTime":"2020-10-23 06:36:43.952","ProcessGuid":"{39e4a257-79fb-5f92-7217-000000000700}","Image":"C:\\windows\\System32\\svchost.exe","Level":"4","Channel":"Microsoft-Windows-Sysmon/Operational","Task":"12","RuleName":"-","SourceName":"Microsoft-Windows-Sysmon","Hostname":"WORKSTATION5","ProcessId":"4696","EventType":"CreateKey","EventID":12,"Keywords":"0x8000000000000000","TargetObject":"HKLM\\System\\CurrentControlSet\\Services\\Tcpip\\Parameters","Message":"Registry object added or deleted:\r\nRuleName: -\r\nEventType: CreateKey\r\nUtcTime: 2020-10-23 06:36:43.952\r\nProcessGuid: {39e4a257-79fb-5f92-7217-000000000700}\r\nProcessId: 4696\r\nImage: C:\\windows\\System32\\svchost.exe\r\nTargetObject: HKLM\\System\\CurrentControlSet\\Services\\Tcpip\\Parameters"}
{"@timestamp":"2020-10-23T02:36:43.961Z","TimeCreated":"2020-10-23T02:36:43.961Z","ProviderGuid":"{5770385f-c22a-43e0-bf4c-06f5698ffbd9}","UtcTime":"2020-10-23 06:36:43.952","ProcessGuid":"{39e4a257-79fb-5f92-7217-000000000700}","Image":"C:\\windows\\System32\\svchost.exe","Level":"4","Channel":"Microsoft-Windows-Sysmon/Operational","Task":"12","RuleName":"-","SourceName":"Microsoft-Windows-Sysmon","Hostname":"WORKSTATION5","ProcessId":"4696","EventType":"CreateKey","EventID":12,"Keywords":"0x8000000000000000","TargetObject":"HKLM\\System\\CurrentControlSet\\Services\\Tcpip\\Parameters","Message":"Registry object added or deleted:\r\nRuleName: -\r\nEventType: CreateKey\r\nUtcTime: 2020-10-23 06:36:43.952\r\nProcessGuid: {39e4a257-79fb-5f92-7217-000000000700}\r\nProcessId: 4696\r\nImage: C:\\windows\\System32\\svchost.exe\r\nTargetObject: HKLM\\System\\CurrentControlSet\\Services\\Tcpip\\Parameters"}
{"@timestamp":"2020-10-23T02:36:43.961Z","TimeCreated":"2020-10-23T02:36:43.961Z","ProviderGuid":"{5770385f-c22a-43e0-bf4c-06f5698ffbd9}","UtcTime":"2020-10-23 06:36:43.952","ProcessGuid":"{39e4a257-79fb-5f92-7217-000000000700}","Image":"C:\\windows\\System32\\svchost.exe","Level":"4","Channel":"Microsoft-Windows-Sysmon/Operational","Task":"12","RuleName":"-","SourceName":"Microsoft-Windows-Sysmon","Hostname":"WORKSTATION5","ProcessId":"4696","EventType":"CreateKey","EventID":12,"Keywords":"0x8000000000000000","TargetObject":"HKLM\\System\\CurrentControlSet\\Services\\Tcpip\\Parameters","Message":"Registry object added or deleted:\r\nRuleName: -\r\nEventType: CreateKey\r\nUtcTime: 2020-10-23 06:36:43.952\r\nProcessGuid: {39e4a257-79fb-5f92-7217-000000000700}\r\nProcessId: 4696\r\nImage: C:\\windows\\System32\\svchost.exe\r\nTargetObject: HKLM\\System\\CurrentControlSet\\Services\\Tcpip\\Parameters"}
{"@timestamp":"2020-10-23T02:36:43.962Z","TimeCreated":"2020-10-23T02:36:43.962Z","ProviderGuid":"{5770385f-c22a-43e0-bf4c-06f5698ffbd9}","UtcTime":"2020-10-23 06:36:43.952","ProcessGuid":"{39e4a257-79fb-5f92-7217-000000000700}","Image":"C:\\windows\\System32\\svchost.exe","Level":"4","Channel":"Microsoft-Windows-Sysmon/Operational","Task":"12","RuleName":"-","SourceName":"Microsoft-Windows-Sysmon","Hostname":"WORKSTATION5","ProcessId":"4696","EventType":"CreateKey","EventID":12,"Keywords":"0x8000000000000000","TargetObject":"HKLM\\System\\CurrentControlSet\\Services\\Tcpip\\Parameters","Message":"Registry object added or deleted:\r\nRuleName: -\r\nEventType: CreateKey\r\nUtcTime: 2020-10-23 06:36:43.952\r\nProcessGuid: {39e4a257-79fb-5f92-7217-000000000700}\r\nProcessId: 4696\r\nImage: C:\\windows\\System32\\svchost.exe\r\nTargetObject: HKLM\\System\\CurrentControlSet\\Services\\Tcpip\\Parameters"}
{"@timestamp":"2020-10-23T02:36:43.962Z","TimeCreated":"2020-10-23T02:36:43.962Z","ProviderGuid":"{5770385f-c22a-43e0-bf4c-06f5698ffbd9}","UtcTime":"2020-10-23 06:36:43.952","ProcessGuid":"{39e4a257-79fb-5f92-7217-000000000700}","Image":"C:\\windows\\System32\\svchost.exe","Level":"4","Channel":"Microsoft-Windows-Sysmon/Operational","Task":"12","RuleName":"-","SourceName":"Microsoft-Windows-Sysmon","Hostname":"WORKSTATION5","ProcessId":"4696","EventType":"CreateKey","EventID":12,"Keywords":"0x8000000000000000","TargetObject":"HKLM\\System\\CurrentControlSet\\Services\\Tcpip\\Parameters","Message":"Registry object added or deleted:\r\nRuleName: -\r\nEventType: CreateKey\r\nUtcTime: 2020-10-23 06:36:43.952\r\nProcessGuid: {39e4a257-79fb-5f92-7217-000000000700}\r\nProcessId: 4696\r\nImage: C:\\windows\\System32\\svchost.exe\r\nTargetObject: HKLM\\System\\CurrentControlSet\\Services\\Tcpip\\Parameters"}
{"@timestamp":"2020-10-23T02:36:43.962Z","TimeCreated":"2020-10-23T02:36:43.962Z","Hashes":"SHA1=A28C972B02687B3B4AC7B03A0B275580039D130B,MD5=B09AEAF6E34557F371609E8C5349CEED,SHA256=EF6A74EBB63FE5B8108BE3B296C86C0C3AE14E240110B78D27E7D3EA491B1F9D,IMPHASH=AFD4C9F86C7354898594DD6BBF32C51F","Signature":"Microsoft Windows","ProviderGuid":"{5770385f-c22a-43e0-bf4c-06f5698ffbd9}","Company":"Microsoft Corporation","UtcTime":"2020-10-23 06:36:43.952","ProcessGuid":"{39e4a257-79fb-5f92-7217-000000000700}","Image":"C:\\Windows\\System32\\svchost.exe","ImageLoaded":"C:\\Windows\\System32\\FWPUCLNT.DLL","Level":"4","Channel":"Microsoft-Windows-Sysmon/Operational","Task":"7","RuleName":"-","FileVersion":"10.0.18362.1110 (WinBuild.160101.0800)","SourceName":"Microsoft-Windows-Sysmon","Hostname":"WORKSTATION5","ProcessId":"4696","Description":"FWP/IPsec User-Mode API","SignatureStatus":"Valid","Product":"Microsoft Windows Operating System","EventID":7,"Keywords":"0x8000000000000000","Signed":"true","OriginalFileName":"fwpuclnt.dll","Message":"Image loaded:\r\nRuleName: -\r\nUtcTime: 2020-10-23 06:36:43.952\r\nProcessGuid: {39e4a257-79fb-5f92-7217-000000000700}\r\nProcessId: 4696\r\nImage: C:\\Windows\\System32\\svchost.exe\r\nImageLoaded: C:\\Windows\\System32\\FWPUCLNT.DLL\r\nFileVersion: 10.0.18362.1110 (WinBuild.160101.0800)\r\nDescription: FWP/IPsec User-Mode API\r\nProduct: Microsoft Windows Operating System\r\nCompany: Microsoft Corporation\r\nOriginalFileName: fwpuclnt.dll\r\nHashes: SHA1=A28C972B02687B3B4AC7B03A0B275580039D130B,MD5=B09AEAF6E34557F371609E8C5349CEED,SHA256=EF6A74EBB63FE5B8108BE3B296C86C0C3AE14E240110B78D27E7D3EA491B1F9D,IMPHASH=AFD4C9F86C7354898594DD6BBF32C51F\r\nSigned: true\r\nSignature: Microsoft Windows\r\nSignatureStatus: Valid"}
{"@timestamp":"2020-10-23T02:36:43.963Z","TimeCreated":"2020-10-23T02:36:43.963Z","Hashes":"SHA1=1BC9FA692CFFE0F829EF0093FC1EC1A7CDE0FEDF,MD5=285EB69E85F9C587B55DDD5816B827A4,SHA256=B009AF1CFFE8441149B1903B7841DA14B15BEE931F6709C20655668F2019F9D8,IMPHASH=FEAF8EF2A61D5237FD324D1624A3894B","Signature":"Microsoft Windows","ProviderGuid":"{5770385f-c22a-43e0-bf4c-06f5698ffbd9}","Company":"Microsoft Corporation","UtcTime":"2020-10-23 06:36:43.952","ProcessGuid":"{39e4a257-79fb-5f92-7217-000000000700}","Image":"C:\\Windows\\System32\\svchost.exe","ImageLoaded":"C:\\Windows\\System32\\rasadhlp.dll","Level":"4","Channel":"Microsoft-Windows-Sysmon/Operational","Task":"7","RuleName":"-","FileVersion":"10.0.18362.1 (WinBuild.160101.0800)","SourceName":"Microsoft-Windows-Sysmon","Hostname":"WORKSTATION5","ProcessId":"4696","Description":"Remote Access AutoDial Helper","SignatureStatus":"Valid","Product":"Microsoft Windows Operating System","EventID":7,"Keywords":"0x8000000000000000","Signed":"true","OriginalFileName":"rasadhlp.dll","Message":"Image loaded:\r\nRuleName: -\r\nUtcTime: 2020-10-23 06:36:43.952\r\nProcessGuid: {39e4a257-79fb-5f92-7217-000000000700}\r\nProcessId: 4696\r\nImage: C:\\Windows\\System32\\svchost.exe\r\nImageLoaded: C:\\Windows\\System32\\rasadhlp.dll\r\nFileVersion: 10.0.18362.1 (WinBuild.160101.0800)\r\nDescription: Remote Access AutoDial Helper\r\nProduct: Microsoft Windows Operating System\r\nCompany: Microsoft Corporation\r\nOriginalFileName: rasadhlp.dll\r\nHashes: SHA1=1BC9FA692CFFE0F829EF0093FC1EC1A7CDE0FEDF,MD5=285EB69E85F9C587B55DDD5816B827A4,SHA256=B009AF1CFFE8441149B1903B7841DA14B15BEE931F6709C20655668F2019F9D8,IMPHASH=FEAF8EF2A61D5237FD324D1624A3894B\r\nSigned: true\r\nSignature: Microsoft Windows\r\nSignatureStatus: Valid"}
{"@timestamp":"2020-10-23T02:36:43.968Z","TimeCreated":"2020-10-23T02:36:43.968Z","Hashes":"SHA1=29E2C890241C481D2554B1F307975AD73C521DE2,MD5=C662B3B48B1460AD6DDCB6BA2CA69A10,SHA256=A1667D0D212BDE2DF1F28526A35D2D29D49FF5696F64CAF72D4BFA9DEFABCDA2,IMPHASH=89D27046CB786351E771526CAF261B26","Signature":"Microsoft Windows","ProviderGuid":"{5770385f-c22a-43e0-bf4c-06f5698ffbd9}","Company":"Microsoft Corporation","UtcTime":"2020-10-23 06:36:43.905","ProcessGuid":"{39e4a257-79fb-5f92-7217-000000000700}","Image":"C:\\Windows\\System32\\svchost.exe","ImageLoaded":"C:\\Windows\\System32\\mi.dll","Level":"4","Channel":"Microsoft-Windows-Sysmon/Operational","Task":"7","RuleName":"-","FileVersion":"10.0.18362.1 (WinBuild.160101.0800)","SourceName":"Microsoft-Windows-Sysmon","Hostname":"WORKSTATION5","ProcessId":"4696","Description":"Management Infrastructure","SignatureStatus":"Valid","Product":"Microsoft Windows Operating System","EventID":7,"Keywords":"0x8000000000000000","Signed":"true","OriginalFileName":"mi.dll","Message":"Image loaded:\r\nRuleName: -\r\nUtcTime: 2020-10-23 06:36:43.905\r\nProcessGuid: {39e4a257-79fb-5f92-7217-000000000700}\r\nProcessId: 4696\r\nImage: C:\\Windows\\System32\\svchost.exe\r\nImageLoaded: C:\\Windows\\System32\\mi.dll\r\nFileVersion: 10.0.18362.1 (WinBuild.160101.0800)\r\nDescription: Management Infrastructure\r\nProduct: Microsoft Windows Operating System\r\nCompany: Microsoft Corporation\r\nOriginalFileName: mi.dll\r\nHashes: SHA1=29E2C890241C481D2554B1F307975AD73C521DE2,MD5=C662B3B48B1460AD6DDCB6BA2CA69A10,SHA256=A1667D0D212BDE2DF1F28526A35D2D29D49FF5696F64CAF72D4BFA9DEFABCDA2,IMPHASH=89D27046CB786351E771526CAF261B26\r\nSigned: true\r\nSignature: Microsoft Windows\r\nSignatureStatus: Valid"}
{"@timestamp":"2020-10-23T02:36:43.972Z","TimeCreated":"2020-10-23T02:36:43.972Z","Hashes":"SHA1=D0EE150A378534396DB943F7962BFEA117C68AAC,MD5=C9D3F6E6D372B4F5468039C1DFF6A88B,SHA256=C55AD879AF6CE5AE0A000D9A1F333939694D72ED68CBDF95F6993EAECDE8B039,IMPHASH=C3F6D260C369DB2F3138E1AE4A2C1172","Signature":"Microsoft Windows","ProviderGuid":"{5770385f-c22a-43e0-bf4c-06f5698ffbd9}","Company":"Microsoft Corporation","UtcTime":"2020-10-23 06:36:43.921","ProcessGuid":"{39e4a257-79fb-5f92-7217-000000000700}","Image":"C:\\Windows\\System32\\svchost.exe","ImageLoaded":"C:\\Windows\\System32\\pcwum.dll","Level":"4","Channel":"Microsoft-Windows-Sysmon/Operational","Task":"7","RuleName":"-","FileVersion":"10.0.18362.1 (WinBuild.160101.0800)","SourceName":"Microsoft-Windows-Sysmon","Hostname":"WORKSTATION5","ProcessId":"4696","Description":"Performance Counters for Windows Native DLL","SignatureStatus":"Valid","Product":"Microsoft Windows Operating System","EventID":7,"Keywords":"0x8000000000000000","Signed":"true","OriginalFileName":"pcwum.dll","Message":"Image loaded:\r\nRuleName: -\r\nUtcTime: 2020-10-23 06:36:43.921\r\nProcessGuid: {39e4a257-79fb-5f92-7217-000000000700}\r\nProcessId: 4696\r\nImage: C:\\Windows\\System32\\svchost.exe\r\nImageLoaded: C:\\Windows\\System32\\pcwum.dll\r\nFileVersion: 10.0.18362.1 (WinBuild.160101.0800)\r\nDescription: Performance Counters for Windows Native DLL\r\nProduct: Microsoft Windows Operating System\r\nCompany: Microsoft Corporation\r\nOriginalFileName: pcwum.dll\r\nHashes: SHA1=D0EE150A378534396DB943F7962BFEA117C68AAC,MD5=C9D3F6E6D372B4F5468039C1DFF6A88B,SHA256=C55AD879AF6CE5AE0A000D9A1F333939694D72ED68CBDF95F6993EAECDE8B039,IMPHASH=C3F6D260C369DB2F3138E1AE4A2C1172\r\nSigned: true\r\nSignature: Microsoft Windows\r\nSignatureStatus: Valid"}
{"@timestamp":"2020-10-23T02:36:43.978Z","TimeCreated":"2020-10-23T02:36:43.978Z","Hashes":"SHA1=421C35E0949143DE72C8F98776565D24815AD47E,MD5=F46778029BE7D755EBDCDF048EA62A4B,SHA256=907A4D1D405283AD24BBA1F9A763C5118A33574F3E0EC7FC543F65B24CC0A748,IMPHASH=E5649DCD6FA9472DB9A89CCD123913C0","Signature":"Microsoft Windows","ProviderGuid":"{5770385f-c22a-43e0-bf4c-06f5698ffbd9}","Company":"Microsoft Corporation","UtcTime":"2020-10-23 06:36:43.936","ProcessGuid":"{39e4a257-79fb-5f92-7217-000000000700}","Image":"C:\\Windows\\System32\\svchost.exe","ImageLoaded":"C:\\Windows\\System32\\bcrypt.dll","Level":"4","Channel":"Microsoft-Windows-Sysmon/Operational","Task":"7","RuleName":"-","FileVersion":"10.0.18362.267 (WinBuild.160101.0800)","SourceName":"Microsoft-Windows-Sysmon","Hostname":"WORKSTATION5","ProcessId":"4696","Description":"Windows Cryptographic Primitives Library","SignatureStatus":"Valid","Product":"Microsoft Windows Operating System","EventID":7,"Keywords":"0x8000000000000000","Signed":"true","OriginalFileName":"bcrypt.dll","Message":"Image loaded:\r\nRuleName: -\r\nUtcTime: 2020-10-23 06:36:43.936\r\nProcessGuid: {39e4a257-79fb-5f92-7217-000000000700}\r\nProcessId: 4696\r\nImage: C:\\Windows\\System32\\svchost.exe\r\nImageLoaded: C:\\Windows\\System32\\bcrypt.dll\r\nFileVersion: 10.0.18362.267 (WinBuild.160101.0800)\r\nDescription: Windows Cryptographic Primitives Library\r\nProduct: Microsoft Windows Operating System\r\nCompany: Microsoft Corporation\r\nOriginalFileName: bcrypt.dll\r\nHashes: SHA1=421C35E0949143DE72C8F98776565D24815AD47E,MD5=F46778029BE7D755EBDCDF048EA62A4B,SHA256=907A4D1D405283AD24BBA1F9A763C5118A33574F3E0EC7FC543F65B24CC0A748,IMPHASH=E5649DCD6FA9472DB9A89CCD123913C0\r\nSigned: true\r\nSignature: Microsoft Windows\r\nSignatureStatus: Valid"}
{"@timestamp":"2020-10-23T02:36:43.989Z","TimeCreated":"2020-10-23T02:36:43.989Z","Hashes":"SHA1=86CD6C144DED70BEF74F3B0ED4F82FA72AC51CCD,MD5=EB16687560A7694AB7ECE4A8CF41C9C9,SHA256=2D8766AEB89980F3A4373017A54AC2B014CD391C84BC98B63C0468A1B2AAA624,IMPHASH=C6FA602D99421E24B016EF54A957D291","Signature":"Microsoft Windows","ProviderGuid":"{5770385f-c22a-43e0-bf4c-06f5698ffbd9}","Company":"Microsoft Corporation","UtcTime":"2020-10-23 06:36:43.968","ProcessGuid":"{39e4a257-79fb-5f92-7217-000000000700}","Image":"C:\\Windows\\System32\\svchost.exe","ImageLoaded":"C:\\Windows\\System32\\msv1_0.dll","Level":"4","Channel":"Microsoft-Windows-Sysmon/Operational","Task":"7","RuleName":"-","FileVersion":"10.0.18362.1016 (WinBuild.160101.0800)","SourceName":"Microsoft-Windows-Sysmon","Hostname":"WORKSTATION5","ProcessId":"4696","Description":"Microsoft Authentication Package v1.0","SignatureStatus":"Valid","Product":"Microsoft Windows Operating System","EventID":7,"Keywords":"0x8000000000000000","Signed":"true","OriginalFileName":"MSV1_0.DLL","Message":"Image loaded:\r\nRuleName: -\r\nUtcTime: 2020-10-23 06:36:43.968\r\nProcessGuid: {39e4a257-79fb-5f92-7217-000000000700}\r\nProcessId: 4696\r\nImage: C:\\Windows\\System32\\svchost.exe\r\nImageLoaded: C:\\Windows\\System32\\msv1_0.dll\r\nFileVersion: 10.0.18362.1016 (WinBuild.160101.0800)\r\nDescription: Microsoft Authentication Package v1.0\r\nProduct: Microsoft Windows Operating System\r\nCompany: Microsoft Corporation\r\nOriginalFileName: MSV1_0.DLL\r\nHashes: SHA1=86CD6C144DED70BEF74F3B0ED4F82FA72AC51CCD,MD5=EB16687560A7694AB7ECE4A8CF41C9C9,SHA256=2D8766AEB89980F3A4373017A54AC2B014CD391C84BC98B63C0468A1B2AAA624,IMPHASH=C6FA602D99421E24B016EF54A957D291\r\nSigned: true\r\nSignature: Microsoft Windows\r\nSignatureStatus: Valid"}
{"@timestamp":"2020-10-23T02:36:43.994Z","TimeCreated":"2020-10-23T02:36:43.994Z","Hashes":"SHA1=C204F0E8E32321E53741BF33DCF5390262669E47,MD5=2B426B43D6BE9F4DE8564019CF994002,SHA256=C00B84D27CBDBCA757FEBDBF61E8EFB390CC856F7BE419010A7AB255B49A589E,IMPHASH=7F014B54251843250D554648D9C1ADDC","Signature":"Microsoft Windows","ProviderGuid":"{5770385f-c22a-43e0-bf4c-06f5698ffbd9}","Company":"Microsoft Corporation","UtcTime":"2020-10-23 06:36:43.968","ProcessGuid":"{39e4a257-79fb-5f92-7217-000000000700}","Image":"C:\\Windows\\System32\\svchost.exe","ImageLoaded":"C:\\Windows\\System32\\NtlmShared.dll","Level":"4","Channel":"Microsoft-Windows-Sysmon/Operational","Task":"7","RuleName":"-","FileVersion":"10.0.18362.418 (WinBuild.160101.0800)","SourceName":"Microsoft-Windows-Sysmon","Hostname":"WORKSTATION5","ProcessId":"4696","Description":"NTLM Shared Functionality","SignatureStatus":"Valid","Product":"Microsoft Windows Operating System","EventID":7,"Keywords":"0x8000000000000000","Signed":"true","OriginalFileName":"NtlmShared.dll","Message":"Image loaded:\r\nRuleName: -\r\nUtcTime: 2020-10-23 06:36:43.968\r\nProcessGuid: {39e4a257-79fb-5f92-7217-000000000700}\r\nProcessId: 4696\r\nImage: C:\\Windows\\System32\\svchost.exe\r\nImageLoaded: C:\\Windows\\System32\\NtlmShared.dll\r\nFileVersion: 10.0.18362.418 (WinBuild.160101.0800)\r\nDescription: NTLM Shared Functionality\r\nProduct: Microsoft Windows Operating System\r\nCompany: Microsoft Corporation\r\nOriginalFileName: NtlmShared.dll\r\nHashes: SHA1=C204F0E8E32321E53741BF33DCF5390262669E47,MD5=2B426B43D6BE9F4DE8564019CF994002,SHA256=C00B84D27CBDBCA757FEBDBF61E8EFB390CC856F7BE419010A7AB255B49A589E,IMPHASH=7F014B54251843250D554648D9C1ADDC\r\nSigned: true\r\nSignature: Microsoft Windows\r\nSignatureStatus: Valid"}
{"@timestamp":"2020-10-23T02:36:43.998Z","TimeCreated":"2020-10-23T02:36:43.998Z","Hashes":"SHA1=BE97D68743A482E079B2444C526B2807A1A4944B,MD5=D688CD24DFA347ED9C3EFD8F7756D404,SHA256=F4BA3B1A3CFE6C67562642F012D1567510DA4BEFFA27FD4B4257A500158FC011,IMPHASH=EEE9E3C69E3AA8A672BA845111314DF0","Signature":"Microsoft Windows","ProviderGuid":"{5770385f-c22a-43e0-bf4c-06f5698ffbd9}","Company":"Microsoft Corporation","UtcTime":"2020-10-23 06:36:43.968","ProcessGuid":"{39e4a257-79fb-5f92-7217-000000000700}","Image":"C:\\Windows\\System32\\svchost.exe","ImageLoaded":"C:\\Windows\\System32\\cryptdll.dll","Level":"4","Channel":"Microsoft-Windows-Sysmon/Operational","Task":"7","RuleName":"-","FileVersion":"10.0.18362.113 (WinBuild.160101.0800)","SourceName":"Microsoft-Windows-Sysmon","Hostname":"WORKSTATION5","ProcessId":"4696","Description":"Cryptography Manager","SignatureStatus":"Valid","Product":"Microsoft Windows Operating System","EventID":7,"Keywords":"0x8000000000000000","Signed":"true","OriginalFileName":"cryptdll.dll","Message":"Image loaded:\r\nRuleName: -\r\nUtcTime: 2020-10-23 06:36:43.968\r\nProcessGuid: {39e4a257-79fb-5f92-7217-000000000700}\r\nProcessId: 4696\r\nImage: C:\\Windows\\System32\\svchost.exe\r\nImageLoaded: C:\\Windows\\System32\\cryptdll.dll\r\nFileVersion: 10.0.18362.113 (WinBuild.160101.0800)\r\nDescription: Cryptography Manager\r\nProduct: Microsoft Windows Operating System\r\nCompany: Microsoft Corporation\r\nOriginalFileName: cryptdll.dll\r\nHashes: SHA1=BE97D68743A482E079B2444C526B2807A1A4944B,MD5=D688CD24DFA347ED9C3EFD8F7756D404,SHA256=F4BA3B1A3CFE6C67562642F012D1567510DA4BEFFA27FD4B4257A500158FC011,IMPHASH=EEE9E3C69E3AA8A672BA845111314DF0\r\nSigned: true\r\nSignature: Microsoft Windows\r\nSignatureStatus: Valid"}
{"@timestamp":"2020-10-23T02:36:44.063Z","TimeCreated":"2020-10-23T02:36:44.063Z","Hashes":"SHA1=E3150FD33A69E10D5846A67D00D05191F54C19C2,MD5=F4F984BAFB9ACAEBF4B6CC6801DF7E66,SHA256=3D529120555D170F690D4B2AB6511698E03366F2DDF433FF23D44FF51171C18E,IMPHASH=42CBF815FA5AC73640BAA61904133E72","Signature":"Microsoft Windows","ProviderGuid":"{5770385f-c22a-43e0-bf4c-06f5698ffbd9}","Company":"Microsoft Corporation","UtcTime":"2020-10-23 06:36:44.062","ProcessGuid":"{39e4a257-79fb-5f92-7217-000000000700}","Image":"C:\\Windows\\System32\\svchost.exe","ImageLoaded":"C:\\Windows\\System32\\rmclient.dll","Level":"4","Channel":"Microsoft-Windows-Sysmon/Operational","Task":"7","RuleName":"-","FileVersion":"10.0.18362.267 (WinBuild.160101.0800)","SourceName":"Microsoft-Windows-Sysmon","Hostname":"WORKSTATION5","ProcessId":"4696","Description":"Resource Manager Client","SignatureStatus":"Valid","Product":"Microsoft Windows Operating System","EventID":7,"Keywords":"0x8000000000000000","Signed":"true","OriginalFileName":"rmclient.dll","Message":"Image loaded:\r\nRuleName: -\r\nUtcTime: 2020-10-23 06:36:44.062\r\nProcessGuid: {39e4a257-79fb-5f92-7217-000000000700}\r\nProcessId: 4696\r\nImage: C:\\Windows\\System32\\svchost.exe\r\nImageLoaded: C:\\Windows\\System32\\rmclient.dll\r\nFileVersion: 10.0.18362.267 (WinBuild.160101.0800)\r\nDescription: Resource Manager Client\r\nProduct: Microsoft Windows Operating System\r\nCompany: Microsoft Corporation\r\nOriginalFileName: rmclient.dll\r\nHashes: SHA1=E3150FD33A69E10D5846A67D00D05191F54C19C2,MD5=F4F984BAFB9ACAEBF4B6CC6801DF7E66,SHA256=3D529120555D170F690D4B2AB6511698E03366F2DDF433FF23D44FF51171C18E,IMPHASH=42CBF815FA5AC73640BAA61904133E72\r\nSigned: true\r\nSignature: Microsoft Windows\r\nSignatureStatus: Valid"}
