{"TimeCreated":"2020-10-21 12:19:04.498","SourceName":"Microsoft-Windows-Sysmon","SignatureStatus":"Valid","Signature":"Microsoft Windows","Product":"Microsoft Windows Operating System","Hashes":"SHA1=ADF68C9663EFC8301D33237E7B14295B5450B27B,MD5=66E84E0CF25D2A8A2E9BE9644F2DD51F,SHA256=B26BE7D9E610BE0E1A5407FFDFA55297E77D13244CF2664490BBF33BCEE0A2E7,IMPHASH=B8BB9B28220C94E599A1437D09985723","UtcTime":"2020-10-21 04:19:04.479","ProcessGuid":"{39e4a257-b6b8-5f8f-710c-000000000700}","Image":"C:\\Windows\\System32\\netsh.exe","ImageLoaded":"C:\\Windows\\System32\\wlanapi.dll","EventID":7,"Channel":"Microsoft-Windows-Sysmon/Operational","Task":"7","RuleName":"-","FileVersion":"10.0.18362.900 (WinBuild.160101.0800)","Message":"Image loaded:\r\nRuleName: -\r\nUtcTime: 2020-10-21 04:19:04.479\r\nProcessGuid: {39e4a257-b6b8-5f8f-710c-000000000700}\r\nProcessId: 10188\r\nImage: C:\\Windows\\System32\\netsh.exe\r\nImageLoaded: C:\\Windows\\System32\\wlanapi.dll\r\nFileVersion: 10.0.18362.900 (WinBuild.160101.0800)\r\nDescription: Windows WLAN AutoConfig Client Side API DLL\r\nProduct: Microsoft Windows Operating System\r\nCompany: Microsoft Corporation\r\nOriginalFileName: wlanapi.dll\r\nHashes: SHA1=ADF68C9663EFC8301D33237E7B14295B5450B27B,MD5=66E84E0CF25D2A8A2E9BE9644F2DD51F,SHA256=B26BE7D9E610BE0E1A5407FFDFA55297E77D13244CF2664490BBF33BCEE0A2E7,IMPHASH=B8BB9B28220C94E599A1437D09985723\r\nSigned: true\r\nSignature: Microsoft Windows\r\nSignatureStatus: Valid","Hostname":"WORKSTATION5","ProcessId":"10188","Description":"Windows WLAN AutoConfig Client Side API DLL","Company":"Microsoft Corporation","Signed":"true","OriginalFileName":"wlanapi.dll"}
{"TimeCreated":"2020-10-21 12:19:04.499","SourceName":"Microsoft-Windows-Sysmon","SignatureStatus":"Valid","Signature":"Microsoft Windows","Product":"Microsoft Windows Operating System","Hashes":"SHA1=2B9ECB306F653CB974702503D360CB3E16AC3AF8,MD5=4AEF109CC198BEF1759728430F2AE8FA,SHA256=C620C1425FD3FF4735424D06F1EDBA09CFC6662B8E9208455D4B53231A6F1EF4,IMPHASH=CFE9A925793B5F84273E816B7E4EB012","UtcTime":"2020-10-21 04:19:04.479","ProcessGuid":"{39e4a257-b6b8-5f8f-710c-000000000700}","Image":"C:\\Windows\\System32\\netsh.exe","ImageLoaded":"C:\\Windows\\System32\\whhelper.dll","EventID":7,"Channel":"Microsoft-Windows-Sysmon/Operational","Task":"7","RuleName":"-","FileVersion":"10.0.18362.1 (WinBuild.160101.0800)","Message":"Image loaded:\r\nRuleName: -\r\nUtcTime: 2020-10-21 04:19:04.479\r\nProcessGuid: {39e4a257-b6b8-5f8f-710c-000000000700}\r\nProcessId: 10188\r\nImage: C:\\Windows\\System32\\netsh.exe\r\nImageLoaded: C:\\Windows\\System32\\whhelper.dll\r\nFileVersion: 10.0.18362.1 (WinBuild.160101.0800)\r\nDescription: Net shell helper DLL for winHttp\r\nProduct: Microsoft Windows Operating System\r\nCompany: Microsoft Corporation\r\nOriginalFileName: whhelper.dll\r\nHashes: SHA1=2B9ECB306F653CB974702503D360CB3E16AC3AF8,MD5=4AEF109CC198BEF1759728430F2AE8FA,SHA256=C620C1425FD3FF4735424D06F1EDBA09CFC6662B8E9208455D4B53231A6F1EF4,IMPHASH=CFE9A925793B5F84273E816B7E4EB012\r\nSigned: true\r\nSignature: Microsoft Windows\r\nSignatureStatus: Valid","Hostname":"WORKSTATION5","ProcessId":"10188","Description":"Net shell helper DLL for winHttp","Company":"Microsoft Corporation","Signed":"true","OriginalFileName":"whhelper.dll"}
{"TimeCreated":"2020-10-21 12:19:04.500","SourceName":"Microsoft-Windows-Sysmon","SignatureStatus":"Valid","Signature":"Microsoft Windows","Product":"Microsoft Windows Operating System","Hashes":"SHA1=92A9A26403E51F2040B10308864F314A0E64126C,MD5=47F6BDF5EA61507053EE2698116E74CA,SHA256=BFF0846B3797A38D44B0FFAFDBFC4F822D56E519A0DA0090C443587F0FFF1971,IMPHASH=744529C7923557B9DDE8E6A14A60CC82","UtcTime":"2020-10-21 04:19:04.479","ProcessGuid":"{39e4a257-b6b8-5f8f-710c-000000000700}","Image":"C:\\Windows\\System32\\netsh.exe","ImageLoaded":"C:\\Windows\\System32\\winhttp.dll","EventID":7,"Channel":"Microsoft-Windows-Sysmon/Operational","Task":"7","RuleName":"-","FileVersion":"10.0.18362.778 (WinBuild.160101.0800)","Message":"Image loaded:\r\nRuleName: -\r\nUtcTime: 2020-10-21 04:19:04.479\r\nProcessGuid: {39e4a257-b6b8-5f8f-710c-000000000700}\r\nProcessId: 10188\r\nImage: C:\\Windows\\System32\\netsh.exe\r\nImageLoaded: C:\\Windows\\System32\\winhttp.dll\r\nFileVersion: 10.0.18362.778 (WinBuild.160101.0800)\r\nDescription: Windows HTTP Services\r\nProduct: Microsoft Windows Operating System\r\nCompany: Microsoft Corporation\r\nOriginalFileName: winhttp.dll\r\nHashes: SHA1=92A9A26403E51F2040B10308864F314A0E64126C,MD5=47F6BDF5EA61507053EE2698116E74CA,SHA256=BFF0846B3797A38D44B0FFAFDBFC4F822D56E519A0DA0090C443587F0FFF1971,IMPHASH=744529C7923557B9DDE8E6A14A60CC82\r\nSigned: true\r\nSignature: Microsoft Windows\r\nSignatureStatus: Valid","Hostname":"WORKSTATION5","ProcessId":"10188","Description":"Windows HTTP Services","Company":"Microsoft Corporation","Signed":"true","OriginalFileName":"winhttp.dll"}
{"TimeCreated":"2020-10-21 12:19:04.500","SourceName":"Microsoft-Windows-Sysmon","SignatureStatus":"Valid","Signature":"Microsoft Windows","Product":"Microsoft Windows Operating System","Hashes":"SHA1=54041FCB8E7086FEC30B3E1E5103A7291BE0DE95,MD5=2EA8D60F7417A4EDFF0BBD96D6E9B4EB,SHA256=7C1229EEC737F58F0A311CFF021A8C5C2B595D43B6B01668DC4614BCF6180DB7,IMPHASH=3DF4A67702AA901C5828BD2C2BAF8FEC","UtcTime":"2020-10-21 04:19:04.479","ProcessGuid":"{39e4a257-b6b8-5f8f-710c-000000000700}","Image":"C:\\Windows\\System32\\netsh.exe","ImageLoaded":"C:\\Windows\\System32\\wlancfg.dll","EventID":7,"Channel":"Microsoft-Windows-Sysmon/Operational","Task":"7","RuleName":"-","FileVersion":"10.0.18362.1 (WinBuild.160101.0800)","Message":"Image loaded:\r\nRuleName: -\r\nUtcTime: 2020-10-21 04:19:04.479\r\nProcessGuid: {39e4a257-b6b8-5f8f-710c-000000000700}\r\nProcessId: 10188\r\nImage: C:\\Windows\\System32\\netsh.exe\r\nImageLoaded: C:\\Windows\\System32\\wlancfg.dll\r\nFileVersion: 10.0.18362.1 (WinBuild.160101.0800)\r\nDescription: Wlan Netsh Helper DLL\r\nProduct: Microsoft Windows Operating System\r\nCompany: Microsoft Corporation\r\nOriginalFileName: wlancfg.dll\r\nHashes: SHA1=54041FCB8E7086FEC30B3E1E5103A7291BE0DE95,MD5=2EA8D60F7417A4EDFF0BBD96D6E9B4EB,SHA256=7C1229EEC737F58F0A311CFF021A8C5C2B595D43B6B01668DC4614BCF6180DB7,IMPHASH=3DF4A67702AA901C5828BD2C2BAF8FEC\r\nSigned: true\r\nSignature: Microsoft Windows\r\nSignatureStatus: Valid","Hostname":"WORKSTATION5","ProcessId":"10188","Description":"Wlan Netsh Helper DLL","Company":"Microsoft Corporation","Signed":"true","OriginalFileName":"wlancfg.dll"}
{"TimeCreated":"2020-10-21 12:19:04.501","SourceName":"Microsoft-Windows-Sysmon","SignatureStatus":"Valid","Signature":"Microsoft Windows","Product":"Microsoft Windows Operating System","Hashes":"SHA1=DA432208366C5D71280C8978F226345440B48D67,MD5=7D7204BAB063112BF7AD3B46D50204CB,SHA256=49789629FB3D529F9636D79CCD2BE34949979ABA73AD3EA7C6F3748D8002072A,IMPHASH=4AD269847D4BF63EE25269E5521B2812","UtcTime":"2020-10-21 04:19:04.479","ProcessGuid":"{39e4a257-b6b8-5f8f-710c-000000000700}","Image":"C:\\Windows\\System32\\netsh.exe","ImageLoaded":"C:\\Windows\\System32\\wshelper.dll","EventID":7,"Channel":"Microsoft-Windows-Sysmon/Operational","Task":"7","RuleName":"-","FileVersion":"10.0.18362.1 (WinBuild.160101.0800)","Message":"Image loaded:\r\nRuleName: -\r\nUtcTime: 2020-10-21 04:19:04.479\r\nProcessGuid: {39e4a257-b6b8-5f8f-710c-000000000700}\r\nProcessId: 10188\r\nImage: C:\\Windows\\System32\\netsh.exe\r\nImageLoaded: C:\\Windows\\System32\\wshelper.dll\r\nFileVersion: 10.0.18362.1 (WinBuild.160101.0800)\r\nDescription: Winsock Net shell helper DLL for winsock\r\nProduct: Microsoft Windows Operating System\r\nCompany: Microsoft Corporation\r\nOriginalFileName: wshelper.dll\r\nHashes: SHA1=DA432208366C5D71280C8978F226345440B48D67,MD5=7D7204BAB063112BF7AD3B46D50204CB,SHA256=49789629FB3D529F9636D79CCD2BE34949979ABA73AD3EA7C6F3748D8002072A,IMPHASH=4AD269847D4BF63EE25269E5521B2812\r\nSigned: true\r\nSignature: Microsoft Windows\r\nSignatureStatus: Valid","Hostname":"WORKSTATION5","ProcessId":"10188","Description":"Winsock Net shell helper DLL for winsock","Company":"Microsoft Corporation","Signed":"true","OriginalFileName":"wshelper.dll"}
{"TimeCreated":"2020-10-21 12:19:04.502","SourceName":"Microsoft-Windows-Sysmon","SignatureStatus":"Valid","Signature":"Microsoft Windows","Product":"Microsoft Windows Operating System","Hashes":"SHA1=2E03CA141D735D13491049B4D6C2DC2B928B4C01,MD5=8578F1F72C6550CF62965D520FA7C6E9,SHA256=20008AAB6285FB2B24DE1E72D11654316FF601918FD05B7DF2F9894C64A16956,IMPHASH=E5E26C86BC73F56D7EDD17D98802AA21","UtcTime":"2020-10-21 04:19:04.479","ProcessGuid":"{39e4a257-b6b8-5f8f-710c-000000000700}","Image":"C:\\Windows\\System32\\netsh.exe","ImageLoaded":"C:\\Windows\\System32\\mswsock.dll","EventID":7,"Channel":"Microsoft-Windows-Sysmon/Operational","Task":"7","RuleName":"-","FileVersion":"10.0.18362.815 (WinBuild.160101.0800)","Message":"Image loaded:\r\nRuleName: -\r\nUtcTime: 2020-10-21 04:19:04.479\r\nProcessGuid: {39e4a257-b6b8-5f8f-710c-000000000700}\r\nProcessId: 10188\r\nImage: C:\\Windows\\System32\\netsh.exe\r\nImageLoaded: C:\\Windows\\System32\\mswsock.dll\r\nFileVersion: 10.0.18362.815 (WinBuild.160101.0800)\r\nDescription: Microsoft Windows Sockets 2.0 Service Provider\r\nProduct: Microsoft Windows Operating System\r\nCompany: Microsoft Corporation\r\nOriginalFileName: mswsock.dll\r\nHashes: SHA1=2E03CA141D735D13491049B4D6C2DC2B928B4C01,MD5=8578F1F72C6550CF62965D520FA7C6E9,SHA256=20008AAB6285FB2B24DE1E72D11654316FF601918FD05B7DF2F9894C64A16956,IMPHASH=E5E26C86BC73F56D7EDD17D98802AA21\r\nSigned: true\r\nSignature: Microsoft Windows\r\nSignatureStatus: Valid","Hostname":"WORKSTATION5","ProcessId":"10188","Description":"Microsoft Windows Sockets 2.0 Service Provider","Company":"Microsoft Corporation","Signed":"true","OriginalFileName":"mswsock.dll"}
{"TimeCreated":"2020-10-21 12:19:04.502","SourceName":"Microsoft-Windows-Sysmon","SignatureStatus":"Valid","Signature":"Microsoft Windows","Product":"Microsoft Windows Operating System","Hashes":"SHA1=871E3B4E630AC4FFF1A907CF67139A81F3E1A204,MD5=8C9C961DE0BEDDD028E838E52EFBB3B3,SHA256=0BC999680CF89349FE4244C4555CC4CA1866C36C212F299569B3222EF22534A4,IMPHASH=881B9B6037FAADD751D80174FE066942","UtcTime":"2020-10-21 04:19:04.495","ProcessGuid":"{39e4a257-b6b8-5f8f-710c-000000000700}","Image":"C:\\Windows\\System32\\netsh.exe","ImageLoaded":"C:\\Windows\\System32\\wwancfg.dll","EventID":7,"Channel":"Microsoft-Windows-Sysmon/Operational","Task":"7","RuleName":"-","FileVersion":"10.0.18362.1 (WinBuild.160101.0800)","Message":"Image loaded:\r\nRuleName: -\r\nUtcTime: 2020-10-21 04:19:04.495\r\nProcessGuid: {39e4a257-b6b8-5f8f-710c-000000000700}\r\nProcessId: 10188\r\nImage: C:\\Windows\\System32\\netsh.exe\r\nImageLoaded: C:\\Windows\\System32\\wwancfg.dll\r\nFileVersion: 10.0.18362.1 (WinBuild.160101.0800)\r\nDescription: MBN Netsh Helper DLL\r\nProduct: Microsoft Windows Operating System\r\nCompany: Microsoft Corporation\r\nOriginalFileName: wwancfg.dll\r\nHashes: SHA1=871E3B4E630AC4FFF1A907CF67139A81F3E1A204,MD5=8C9C961DE0BEDDD028E838E52EFBB3B3,SHA256=0BC999680CF89349FE4244C4555CC4CA1866C36C212F299569B3222EF22534A4,IMPHASH=881B9B6037FAADD751D80174FE066942\r\nSigned: true\r\nSignature: Microsoft Windows\r\nSignatureStatus: Valid","Hostname":"WORKSTATION5","ProcessId":"10188","Description":"MBN Netsh Helper DLL","Company":"Microsoft Corporation","Signed":"true","OriginalFileName":"wwancfg.dll"}
{"TimeCreated":"2020-10-21 12:19:04.503","SourceName":"Microsoft-Windows-Sysmon","SignatureStatus":"Valid","Signature":"Microsoft Windows","Product":"Microsoft Windows Operating System","Hashes":"SHA1=E26E39E887870FA8045D71C24F140925F04B5B3E,MD5=397B27BD1CB6CB49CE0A88B0C133094E,SHA256=773A69CD17C720BC8008052DEA017A967500C47DFD8B0E8AB0E79B3A05493B1A,IMPHASH=39AAB269F8884DA222F7A397A1BF8645","UtcTime":"2020-10-21 04:19:04.495","ProcessGuid":"{39e4a257-b6b8-5f8f-710c-000000000700}","Image":"C:\\Windows\\System32\\netsh.exe","ImageLoaded":"C:\\Windows\\System32\\wwapi.dll","EventID":7,"Channel":"Microsoft-Windows-Sysmon/Operational","Task":"7","RuleName":"-","FileVersion":"10.0.18362.1 (WinBuild.160101.0800)","Message":"Image loaded:\r\nRuleName: -\r\nUtcTime: 2020-10-21 04:19:04.495\r\nProcessGuid: {39e4a257-b6b8-5f8f-710c-000000000700}\r\nProcessId: 10188\r\nImage: C:\\Windows\\System32\\netsh.exe\r\nImageLoaded: C:\\Windows\\System32\\wwapi.dll\r\nFileVersion: 10.0.18362.1 (WinBuild.160101.0800)\r\nDescription: WWAN API\r\nProduct: Microsoft Windows Operating System\r\nCompany: Microsoft Corporation\r\nOriginalFileName: Wwapi.dll\r\nHashes: SHA1=E26E39E887870FA8045D71C24F140925F04B5B3E,MD5=397B27BD1CB6CB49CE0A88B0C133094E,SHA256=773A69CD17C720BC8008052DEA017A967500C47DFD8B0E8AB0E79B3A05493B1A,IMPHASH=39AAB269F8884DA222F7A397A1BF8645\r\nSigned: true\r\nSignature: Microsoft Windows\r\nSignatureStatus: Valid","Hostname":"WORKSTATION5","ProcessId":"10188","Description":"WWAN API","Company":"Microsoft Corporation","Signed":"true","OriginalFileName":"Wwapi.dll"}
{"TimeCreated":"2020-10-21 12:19:04.503","SourceName":"Microsoft-Windows-Sysmon","SignatureStatus":"Valid","Signature":"Microsoft Windows","Product":"Microsoft Windows Operating System","Hashes":"SHA1=9C6CA1A50246CFC19A08C2381C9ADC6D4BE61135,MD5=F8831DC7F16C37453E8AD827FE2F15D9,SHA256=623ADF9223AC46A6DD79B26B47FC2B51D4E58CF165E90BAA3288EC5D806C2215,IMPHASH=693C2D1068DE945DF54BFF6B8134D6E5","UtcTime":"2020-10-21 04:19:04.495","ProcessGuid":"{39e4a257-b6b8-5f8f-710c-000000000700}","Image":"C:\\Windows\\System32\\netsh.exe","ImageLoaded":"C:\\Windows\\System32\\wcmapi.dll","EventID":7,"Channel":"Microsoft-Windows-Sysmon/Operational","Task":"7","RuleName":"-","FileVersion":"10.0.18362.1 (WinBuild.160101.0800)","Message":"Image loaded:\r\nRuleName: -\r\nUtcTime: 2020-10-21 04:19:04.495\r\nProcessGuid: {39e4a257-b6b8-5f8f-710c-000000000700}\r\nProcessId: 10188\r\nImage: C:\\Windows\\System32\\netsh.exe\r\nImageLoaded: C:\\Windows\\System32\\wcmapi.dll\r\nFileVersion: 10.0.18362.1 (WinBuild.160101.0800)\r\nDescription: Windows Connection Manager Client API\r\nProduct: Microsoft Windows Operating System\r\nCompany: Microsoft Corporation\r\nOriginalFileName: wcmapi.dll\r\nHashes: SHA1=9C6CA1A50246CFC19A08C2381C9ADC6D4BE61135,MD5=F8831DC7F16C37453E8AD827FE2F15D9,SHA256=623ADF9223AC46A6DD79B26B47FC2B51D4E58CF165E90BAA3288EC5D806C2215,IMPHASH=693C2D1068DE945DF54BFF6B8134D6E5\r\nSigned: true\r\nSignature: Microsoft Windows\r\nSignatureStatus: Valid","Hostname":"WORKSTATION5","ProcessId":"10188","Description":"Windows Connection Manager Client API","Company":"Microsoft Corporation","Signed":"true","OriginalFileName":"wcmapi.dll"}
{"TimeCreated":"2020-10-21 12:19:04.504","SourceName":"Microsoft-Windows-Sysmon","SignatureStatus":"Valid","Signature":"Microsoft Windows","Product":"Microsoft Windows Operating System","Hashes":"SHA1=E3150FD33A69E10D5846A67D00D05191F54C19C2,MD5=F4F984BAFB9ACAEBF4B6CC6801DF7E66,SHA256=3D529120555D170F690D4B2AB6511698E03366F2DDF433FF23D44FF51171C18E,IMPHASH=42CBF815FA5AC73640BAA61904133E72","UtcTime":"2020-10-21 04:19:04.495","ProcessGuid":"{39e4a257-b6b8-5f8f-710c-000000000700}","Image":"C:\\Windows\\System32\\netsh.exe","ImageLoaded":"C:\\Windows\\System32\\rmclient.dll","EventID":7,"Channel":"Microsoft-Windows-Sysmon/Operational","Task":"7","RuleName":"-","FileVersion":"10.0.18362.267 (WinBuild.160101.0800)","Message":"Image loaded:\r\nRuleName: -\r\nUtcTime: 2020-10-21 04:19:04.495\r\nProcessGuid: {39e4a257-b6b8-5f8f-710c-000000000700}\r\nProcessId: 10188\r\nImage: C:\\Windows\\System32\\netsh.exe\r\nImageLoaded: C:\\Windows\\System32\\rmclient.dll\r\nFileVersion: 10.0.18362.267 (WinBuild.160101.0800)\r\nDescription: Resource Manager Client\r\nProduct: Microsoft Windows Operating System\r\nCompany: Microsoft Corporation\r\nOriginalFileName: rmclient.dll\r\nHashes: SHA1=E3150FD33A69E10D5846A67D00D05191F54C19C2,MD5=F4F984BAFB9ACAEBF4B6CC6801DF7E66,SHA256=3D529120555D170F690D4B2AB6511698E03366F2DDF433FF23D44FF51171C18E,IMPHASH=42CBF815FA5AC73640BAA61904133E72\r\nSigned: true\r\nSignature: Microsoft Windows\r\nSignatureStatus: Valid","Hostname":"WORKSTATION5","ProcessId":"10188","Description":"Resource Manager Client","Company":"Microsoft Corporation","Signed":"true","OriginalFileName":"rmclient.dll"}
{"TimeCreated":"2020-10-21 12:19:04.505","SourceName":"Microsoft-Windows-Sysmon","SignatureStatus":"Valid","Signature":"Microsoft Windows","Product":"Microsoft Windows Operating System","Hashes":"SHA1=D3573C0092A72E81DFD229F185F75A86A5F09E18,MD5=83755F1329EE4FA1DFF2FB1D94B1446C,SHA256=D752CECF87938347562102C557052A209FC08BF03D47B15E1C518CD4B526E68B,IMPHASH=6F9F8A0B376B6D2AC9DC574B7C1F1EAC","UtcTime":"2020-10-21 04:19:04.495","ProcessGuid":"{39e4a257-b6b8-5f8f-710c-000000000700}","Image":"C:\\Windows\\System32\\netsh.exe","ImageLoaded":"C:\\Windows\\System32\\mobilenetworking.dll","EventID":7,"Channel":"Microsoft-Windows-Sysmon/Operational","Task":"7","RuleName":"-","FileVersion":"10.0.18362.1 (WinBuild.160101.0800)","Message":"Image loaded:\r\nRuleName: -\r\nUtcTime: 2020-10-21 04:19:04.495\r\nProcessGuid: {39e4a257-b6b8-5f8f-710c-000000000700}\r\nProcessId: 10188\r\nImage: C:\\Windows\\System32\\netsh.exe\r\nImageLoaded: C:\\Windows\\System32\\mobilenetworking.dll\r\nFileVersion: 10.0.18362.1 (WinBuild.160101.0800)\r\nDescription: \"MobileNetworking.DYNLINK\"\r\nProduct: Microsoft Windows Operating System\r\nCompany: Microsoft Corporation\r\nOriginalFileName: \"MobileNetworking.DYNLINK\"\r\nHashes: SHA1=D3573C0092A72E81DFD229F185F75A86A5F09E18,MD5=83755F1329EE4FA1DFF2FB1D94B1446C,SHA256=D752CECF87938347562102C557052A209FC08BF03D47B15E1C518CD4B526E68B,IMPHASH=6F9F8A0B376B6D2AC9DC574B7C1F1EAC\r\nSigned: true\r\nSignature: Microsoft Windows\r\nSignatureStatus: Valid","Hostname":"WORKSTATION5","ProcessId":"10188","Description":"\"MobileNetworking.DYNLINK\"","Company":"Microsoft Corporation","Signed":"true","OriginalFileName":"\"MobileNetworking.DYNLINK\""}
{"TimeCreated":"2020-10-21 12:19:04.505","SourceName":"Microsoft-Windows-Sysmon","SignatureStatus":"Valid","Signature":"Microsoft Windows","Product":"Microsoft Windows Operating System","Hashes":"SHA1=6F173CC27F1C24F72B70D59010CB023690E0AFA1,MD5=E41147C2F5F4AFFE65364A57FBEEA682,SHA256=F89E915127E3A11505B3E73C8D8C16FF5856C656DC1690B573CAA11AF51D1F25,IMPHASH=85089929320DD2893956453CD4E6493A","UtcTime":"2020-10-21 04:19:04.495","ProcessGuid":"{39e4a257-b6b8-5f8f-710c-000000000700}","Image":"C:\\Windows\\System32\\netsh.exe","ImageLoaded":"C:\\Windows\\System32\\PeerDistSh.dll","EventID":7,"Channel":"Microsoft-Windows-Sysmon/Operational","Task":"7","RuleName":"-","FileVersion":"10.0.18362.1 (WinBuild.160101.0800)","Message":"Image loaded:\r\nRuleName: -\r\nUtcTime: 2020-10-21 04:19:04.495\r\nProcessGuid: {39e4a257-b6b8-5f8f-710c-000000000700}\r\nProcessId: 10188\r\nImage: C:\\Windows\\System32\\netsh.exe\r\nImageLoaded: C:\\Windows\\System32\\PeerDistSh.dll\r\nFileVersion: 10.0.18362.1 (WinBuild.160101.0800)\r\nDescription: BranchCache Netshell Helper\r\nProduct: Microsoft Windows Operating System\r\nCompany: Microsoft Corporation\r\nOriginalFileName: peerdistsh.dll\r\nHashes: SHA1=6F173CC27F1C24F72B70D59010CB023690E0AFA1,MD5=E41147C2F5F4AFFE65364A57FBEEA682,SHA256=F89E915127E3A11505B3E73C8D8C16FF5856C656DC1690B573CAA11AF51D1F25,IMPHASH=85089929320DD2893956453CD4E6493A\r\nSigned: true\r\nSignature: Microsoft Windows\r\nSignatureStatus: Valid","Hostname":"WORKSTATION5","ProcessId":"10188","Description":"BranchCache Netshell Helper","Company":"Microsoft Corporation","Signed":"true","OriginalFileName":"peerdistsh.dll"}
{"TimeCreated":"2020-10-21 12:19:04.507","SourceName":"Microsoft-Windows-Sysmon","SignatureStatus":"Valid","Signature":"Microsoft Windows","Product":"Microsoft Windows Operating System","Hashes":"SHA1=62956D6FAEB4EC8EA54315A8E3CC15F06165AD57,MD5=3C9D22CAE173AD19806B6A016CD4CC28,SHA256=D95E7D07EA46D7D2AEFA01CD0A64CF266BE26D40FA6BE42F7CF60F6DEB8FBAF3,IMPHASH=64BAD10B75B987F62BF08E1852DE4022","UtcTime":"2020-10-21 04:19:04.495","ProcessGuid":"{39e4a257-b6b8-5f8f-710c-000000000700}","Image":"C:\\Windows\\System32\\netsh.exe","ImageLoaded":"C:\\Windows\\System32\\uxtheme.dll","EventID":7,"Channel":"Microsoft-Windows-Sysmon/Operational","Task":"7","RuleName":"-","FileVersion":"10.0.18362.449 (WinBuild.160101.0800)","Message":"Image loaded:\r\nRuleName: -\r\nUtcTime: 2020-10-21 04:19:04.495\r\nProcessGuid: {39e4a257-b6b8-5f8f-710c-000000000700}\r\nProcessId: 10188\r\nImage: C:\\Windows\\System32\\netsh.exe\r\nImageLoaded: C:\\Windows\\System32\\uxtheme.dll\r\nFileVersion: 10.0.18362.449 (WinBuild.160101.0800)\r\nDescription: Microsoft UxTheme Library\r\nProduct: Microsoft Windows Operating System\r\nCompany: Microsoft Corporation\r\nOriginalFileName: UxTheme.dll\r\nHashes: SHA1=62956D6FAEB4EC8EA54315A8E3CC15F06165AD57,MD5=3C9D22CAE173AD19806B6A016CD4CC28,SHA256=D95E7D07EA46D7D2AEFA01CD0A64CF266BE26D40FA6BE42F7CF60F6DEB8FBAF3,IMPHASH=64BAD10B75B987F62BF08E1852DE4022\r\nSigned: true\r\nSignature: Microsoft Windows\r\nSignatureStatus: Valid","Hostname":"WORKSTATION5","ProcessId":"10188","Description":"Microsoft UxTheme Library","Company":"Microsoft Corporation","Signed":"true","OriginalFileName":"UxTheme.dll"}
{"SourceImage":"C:\\windows\\System32\\svchost.exe","TimeCreated":"2020-10-21 12:19:04.507","GrantedAccess":"0x1478","SourceName":"Microsoft-Windows-Sysmon","SourceThreadId":"2236","CallTrace":"C:\\windows\\SYSTEM32\\ntdll.dll+9c584|c:\\windows\\system32\\themeservice.dll+1a9a|c:\\windows\\system32\\themeservice.dll+1736|c:\\windows\\system32\\themeservice.dll+6026|c:\\windows\\system32\\themeservice.dll+ad9a|c:\\windows\\system32\\themeservice.dll+9dcf|C:\\windows\\System32\\svchost.exe+314c|C:\\windows\\System32\\sechost.dll+2de2|C:\\windows\\System32\\KERNEL32.DLL+17c24|C:\\windows\\SYSTEM32\\ntdll.dll+6cea1","UtcTime":"2020-10-21 04:19:04.495","TargetProcessGUID":"{39e4a257-b6b8-5f8f-710c-000000000700}","SourceProcessId":"2064","EventID":10,"Channel":"Microsoft-Windows-Sysmon/Operational","Task":"10","RuleName":"-","Message":"Process accessed:\r\nRuleName: -\r\nUtcTime: 2020-10-21 04:19:04.495\r\nSourceProcessGUID: {39e4a257-f133-5f8b-3400-000000000700}\r\nSourceProcessId: 2064\r\nSourceThreadId: 2236\r\nSourceImage: C:\\windows\\System32\\svchost.exe\r\nTargetProcessGUID: {39e4a257-b6b8-5f8f-710c-000000000700}\r\nTargetProcessId: 10188\r\nTargetImage: C:\\windows\\system32\\netsh.exe\r\nGrantedAccess: 0x1478\r\nCallTrace: C:\\windows\\SYSTEM32\\ntdll.dll+9c584|c:\\windows\\system32\\themeservice.dll+1a9a|c:\\windows\\system32\\themeservice.dll+1736|c:\\windows\\system32\\themeservice.dll+6026|c:\\windows\\system32\\themeservice.dll+ad9a|c:\\windows\\system32\\themeservice.dll+9dcf|C:\\windows\\System32\\svchost.exe+314c|C:\\windows\\System32\\sechost.dll+2de2|C:\\windows\\System32\\KERNEL32.DLL+17c24|C:\\windows\\SYSTEM32\\ntdll.dll+6cea1","Hostname":"WORKSTATION5","TargetProcessId":"10188","TargetImage":"C:\\windows\\system32\\netsh.exe","SourceProcessGUID":"{39e4a257-f133-5f8b-3400-000000000700}"}
{"SourceImage":"C:\\windows\\System32\\svchost.exe","TimeCreated":"2020-10-21 12:19:04.507","GrantedAccess":"0x1400","SourceName":"Microsoft-Windows-Sysmon","SourceThreadId":"10092","CallTrace":"C:\\windows\\SYSTEM32\\ntdll.dll+9c584|c:\\windows\\system32\\themeservice.dll+1d60|c:\\windows\\system32\\themeservice.dll+1595|c:\\windows\\system32\\themeservice.dll+1461|c:\\windows\\system32\\themeservice.dll+1886|C:\\windows\\SYSTEM32\\ntdll.dll+2f655|C:\\windows\\SYSTEM32\\ntdll.dll+345b4|C:\\windows\\System32\\KERNEL32.DLL+17c24|C:\\windows\\SYSTEM32\\ntdll.dll+6cea1","UtcTime":"2020-10-21 04:19:04.495","TargetProcessGUID":"{39e4a257-b6b8-5f8f-710c-000000000700}","SourceProcessId":"2064","EventID":10,"Channel":"Microsoft-Windows-Sysmon/Operational","Task":"10","RuleName":"-","Message":"Process accessed:\r\nRuleName: -\r\nUtcTime: 2020-10-21 04:19:04.495\r\nSourceProcessGUID: {39e4a257-f133-5f8b-3400-000000000700}\r\nSourceProcessId: 2064\r\nSourceThreadId: 10092\r\nSourceImage: C:\\windows\\System32\\svchost.exe\r\nTargetProcessGUID: {39e4a257-b6b8-5f8f-710c-000000000700}\r\nTargetProcessId: 10188\r\nTargetImage: C:\\windows\\system32\\netsh.exe\r\nGrantedAccess: 0x1400\r\nCallTrace: C:\\windows\\SYSTEM32\\ntdll.dll+9c584|c:\\windows\\system32\\themeservice.dll+1d60|c:\\windows\\system32\\themeservice.dll+1595|c:\\windows\\system32\\themeservice.dll+1461|c:\\windows\\system32\\themeservice.dll+1886|C:\\windows\\SYSTEM32\\ntdll.dll+2f655|C:\\windows\\SYSTEM32\\ntdll.dll+345b4|C:\\windows\\System32\\KERNEL32.DLL+17c24|C:\\windows\\SYSTEM32\\ntdll.dll+6cea1","Hostname":"WORKSTATION5","TargetProcessId":"10188","TargetImage":"C:\\windows\\system32\\netsh.exe","SourceProcessGUID":"{39e4a257-f133-5f8b-3400-000000000700}"}
{"TimeCreated":"2020-10-21 12:19:04.507","SourceName":"Microsoft-Windows-Sysmon","UtcTime":"2020-10-21 04:19:04.495","ProcessGuid":"{39e4a257-b6b8-5f8f-710c-000000000700}","Image":"C:\\windows\\system32\\netsh.exe","EventID":12,"Channel":"Microsoft-Windows-Sysmon/Operational","Task":"12","RuleName":"-","Message":"Registry object added or deleted:\r\nRuleName: -\r\nEventType: CreateKey\r\nUtcTime: 2020-10-21 04:19:04.495\r\nProcessGuid: {39e4a257-b6b8-5f8f-710c-000000000700}\r\nProcessId: 10188\r\nImage: C:\\windows\\system32\\netsh.exe\r\nTargetObject: HKU\\S-1-5-21-3940915590-64593676-1414006259-500\\System\\CurrentControlSet\\Control\\NetTrace","Hostname":"WORKSTATION5","ProcessId":"10188","EventType":"CreateKey","TargetObject":"HKU\\S-1-5-21-3940915590-64593676-1414006259-500\\System\\CurrentControlSet\\Control\\NetTrace"}
{"TimeCreated":"2020-10-21 12:19:04.507","SourceName":"Microsoft-Windows-Sysmon","UtcTime":"2020-10-21 04:19:04.495","ProcessGuid":"{39e4a257-b6b8-5f8f-710c-000000000700}","Image":"C:\\windows\\system32\\netsh.exe","EventID":12,"Channel":"Microsoft-Windows-Sysmon/Operational","Task":"12","RuleName":"-","Message":"Registry object added or deleted:\r\nRuleName: -\r\nEventType: CreateKey\r\nUtcTime: 2020-10-21 04:19:04.495\r\nProcessGuid: {39e4a257-b6b8-5f8f-710c-000000000700}\r\nProcessId: 10188\r\nImage: C:\\windows\\system32\\netsh.exe\r\nTargetObject: HKU\\S-1-5-21-3940915590-64593676-1414006259-500\\System\\CurrentControlSet\\Control\\NetTrace\\Session","Hostname":"WORKSTATION5","ProcessId":"10188","EventType":"CreateKey","TargetObject":"HKU\\S-1-5-21-3940915590-64593676-1414006259-500\\System\\CurrentControlSet\\Control\\NetTrace\\Session"}
{"TimeCreated":"2020-10-21 12:19:04.508","SourceName":"Microsoft-Windows-Sysmon","SignatureStatus":"Valid","Signature":"Microsoft Windows","Product":"Microsoft Windows Operating System","Hashes":"SHA1=41DE5F5C5B1A510C242B547DECA255C8E45D8F23,MD5=42390474E879A10E0845C31B423B6429,SHA256=A599E64CEDFDC1FC83A26C16CD5489845CE1F5193A1D47C16EDA31A877DE05F1,IMPHASH=40361D3C7E0F5584BFB571747DB802D4","UtcTime":"2020-10-21 04:19:04.495","ProcessGuid":"{39e4a257-b6b8-5f8f-710c-000000000700}","Image":"C:\\Windows\\System32\\netsh.exe","ImageLoaded":"C:\\Windows\\System32\\slc.dll","EventID":7,"Channel":"Microsoft-Windows-Sysmon/Operational","Task":"7","RuleName":"-","FileVersion":"10.0.18362.815 (WinBuild.160101.0800)","Message":"Image loaded:\r\nRuleName: -\r\nUtcTime: 2020-10-21 04:19:04.495\r\nProcessGuid: {39e4a257-b6b8-5f8f-710c-000000000700}\r\nProcessId: 10188\r\nImage: C:\\Windows\\System32\\netsh.exe\r\nImageLoaded: C:\\Windows\\System32\\slc.dll\r\nFileVersion: 10.0.18362.815 (WinBuild.160101.0800)\r\nDescription: Software Licensing Client Dll\r\nProduct: Microsoft Windows Operating System\r\nCompany: Microsoft Corporation\r\nOriginalFileName: slc.dll\r\nHashes: SHA1=41DE5F5C5B1A510C242B547DECA255C8E45D8F23,MD5=42390474E879A10E0845C31B423B6429,SHA256=A599E64CEDFDC1FC83A26C16CD5489845CE1F5193A1D47C16EDA31A877DE05F1,IMPHASH=40361D3C7E0F5584BFB571747DB802D4\r\nSigned: true\r\nSignature: Microsoft Windows\r\nSignatureStatus: Valid","Hostname":"WORKSTATION5","ProcessId":"10188","Description":"Software Licensing Client Dll","Company":"Microsoft Corporation","Signed":"true","OriginalFileName":"slc.dll"}
{"TimeCreated":"2020-10-21 12:19:04.509","SourceName":"Microsoft-Windows-Sysmon","SignatureStatus":"Valid","Signature":"Microsoft Windows","Product":"Microsoft Windows Operating System","Hashes":"SHA1=92F05DAD4B534A6702DD86D00782972D98C8C16C,MD5=05E839DB5511AB6D83DF753BE40C4F02,SHA256=6C5372D5D20C7A76E1A975A15118ADCE36E48683C762AC015A41CAE5A2AF79A0,IMPHASH=2560F722BC4411B590E8E87B2589E955","UtcTime":"2020-10-21 04:19:04.495","ProcessGuid":"{39e4a257-b6b8-5f8f-710c-000000000700}","Image":"C:\\Windows\\System32\\netsh.exe","ImageLoaded":"C:\\Windows\\System32\\sppc.dll","EventID":7,"Channel":"Microsoft-Windows-Sysmon/Operational","Task":"7","RuleName":"-","FileVersion":"10.0.18362.815 (WinBuild.160101.0800)","Message":"Image loaded:\r\nRuleName: -\r\nUtcTime: 2020-10-21 04:19:04.495\r\nProcessGuid: {39e4a257-b6b8-5f8f-710c-000000000700}\r\nProcessId: 10188\r\nImage: C:\\Windows\\System32\\netsh.exe\r\nImageLoaded: C:\\Windows\\System32\\sppc.dll\r\nFileVersion: 10.0.18362.815 (WinBuild.160101.0800)\r\nDescription: Software Licensing Client Dll\r\nProduct: Microsoft Windows Operating System\r\nCompany: Microsoft Corporation\r\nOriginalFileName: sppc.dll\r\nHashes: SHA1=92F05DAD4B534A6702DD86D00782972D98C8C16C,MD5=05E839DB5511AB6D83DF753BE40C4F02,SHA256=6C5372D5D20C7A76E1A975A15118ADCE36E48683C762AC015A41CAE5A2AF79A0,IMPHASH=2560F722BC4411B590E8E87B2589E955\r\nSigned: true\r\nSignature: Microsoft Windows\r\nSignatureStatus: Valid","Hostname":"WORKSTATION5","ProcessId":"10188","Description":"Software Licensing Client Dll","Company":"Microsoft Corporation","Signed":"true","OriginalFileName":"sppc.dll"}
{"TimeCreated":"2020-10-21 12:19:04.510","SourceName":"Microsoft-Windows-Sysmon","SignatureStatus":"Valid","Signature":"Microsoft Windows","Product":"Microsoft Windows Operating System","Hashes":"SHA1=6D3FD8F29261C05EDAFE0E4D312AAEA21C007FA1,MD5=68B36BC981063A71D181356F4D89C844,SHA256=FC5BAC87F4814262DEA7E79E2B4705E0B8731CC42C80B6CABE9C02955685737C,IMPHASH=D84DBD06FA80DAEC5BB5B0E80B599802","UtcTime":"2020-10-21 04:19:04.495","ProcessGuid":"{39e4a257-b6b8-5f8f-710c-000000000700}","Image":"C:\\Windows\\System32\\netsh.exe","ImageLoaded":"C:\\Windows\\System32\\gpapi.dll","EventID":7,"Channel":"Microsoft-Windows-Sysmon/Operational","Task":"7","RuleName":"-","FileVersion":"10.0.18362.1139 (WinBuild.160101.0800)","Message":"Image loaded:\r\nRuleName: -\r\nUtcTime: 2020-10-21 04:19:04.495\r\nProcessGuid: {39e4a257-b6b8-5f8f-710c-000000000700}\r\nProcessId: 10188\r\nImage: C:\\Windows\\System32\\netsh.exe\r\nImageLoaded: C:\\Windows\\System32\\gpapi.dll\r\nFileVersion: 10.0.18362.1139 (WinBuild.160101.0800)\r\nDescription: Group Policy Client API\r\nProduct: Microsoft Windows Operating System\r\nCompany: Microsoft Corporation\r\nOriginalFileName: gpapi.dll\r\nHashes: SHA1=6D3FD8F29261C05EDAFE0E4D312AAEA21C007FA1,MD5=68B36BC981063A71D181356F4D89C844,SHA256=FC5BAC87F4814262DEA7E79E2B4705E0B8731CC42C80B6CABE9C02955685737C,IMPHASH=D84DBD06FA80DAEC5BB5B0E80B599802\r\nSigned: true\r\nSignature: Microsoft Windows\r\nSignatureStatus: Valid","Hostname":"WORKSTATION5","ProcessId":"10188","Description":"Group Policy Client API","Company":"Microsoft Corporation","Signed":"true","OriginalFileName":"gpapi.dll"}
{"TimeCreated":"2020-10-21 12:19:04.511","SourceName":"Microsoft-Windows-Sysmon","SignatureStatus":"Valid","Signature":"Microsoft Windows","Product":"Microsoft Windows Operating System","Hashes":"SHA1=2EC67138771DD1289D924A57DE615678F3033AA1,MD5=EE74C259D01B2FB43650A91F3393783E,SHA256=9C523CA31D5E9C674C3A4B5865CA44C10325A4763E2C13558C5A5ACF77202C90,IMPHASH=387008A82F48064617654BFD0C938DE6","UtcTime":"2020-10-21 04:19:04.495","ProcessGuid":"{39e4a257-b6b8-5f8f-710c-000000000700}","Image":"C:\\Windows\\System32\\netsh.exe","ImageLoaded":"C:\\Windows\\System32\\ktmw32.dll","EventID":7,"Channel":"Microsoft-Windows-Sysmon/Operational","Task":"7","RuleName":"-","FileVersion":"10.0.18362.1 (WinBuild.160101.0800)","Message":"Image loaded:\r\nRuleName: -\r\nUtcTime: 2020-10-21 04:19:04.495\r\nProcessGuid: {39e4a257-b6b8-5f8f-710c-000000000700}\r\nProcessId: 10188\r\nImage: C:\\Windows\\System32\\netsh.exe\r\nImageLoaded: C:\\Windows\\System32\\ktmw32.dll\r\nFileVersion: 10.0.18362.1 (WinBuild.160101.0800)\r\nDescription: Windows KTM Win32 Client DLL\r\nProduct: Microsoft Windows Operating System\r\nCompany: Microsoft Corporation\r\nOriginalFileName: ktmw32\r\nHashes: SHA1=2EC67138771DD1289D924A57DE615678F3033AA1,MD5=EE74C259D01B2FB43650A91F3393783E,SHA256=9C523CA31D5E9C674C3A4B5865CA44C10325A4763E2C13558C5A5ACF77202C90,IMPHASH=387008A82F48064617654BFD0C938DE6\r\nSigned: true\r\nSignature: Microsoft Windows\r\nSignatureStatus: Valid","Hostname":"WORKSTATION5","ProcessId":"10188","Description":"Windows KTM Win32 Client DLL","Company":"Microsoft Corporation","Signed":"true","OriginalFileName":"ktmw32"}
{"TimeCreated":"2020-10-21 12:19:04.512","SourceName":"Microsoft-Windows-Sysmon","UtcTime":"2020-10-21 04:19:04.495","ProcessGuid":"{39e4a257-b6b8-5f8f-710c-000000000700}","Image":"C:\\windows\\system32\\netsh.exe","EventID":12,"Channel":"Microsoft-Windows-Sysmon/Operational","Task":"12","RuleName":"-","Message":"Registry object added or deleted:\r\nRuleName: -\r\nEventType: CreateKey\r\nUtcTime: 2020-10-21 04:19:04.495\r\nProcessGuid: {39e4a257-b6b8-5f8f-710c-000000000700}\r\nProcessId: 10188\r\nImage: C:\\windows\\system32\\netsh.exe\r\nTargetObject: HKLM\\SOFTWARE\\Policies\\Microsoft\\PeerDist","Hostname":"WORKSTATION5","ProcessId":"10188","EventType":"CreateKey","TargetObject":"HKLM\\SOFTWARE\\Policies\\Microsoft\\PeerDist"}
{"TimeCreated":"2020-10-21 12:19:04.512","SourceName":"Microsoft-Windows-Sysmon","UtcTime":"2020-10-21 04:19:04.495","ProcessGuid":"{39e4a257-b6b8-5f8f-710c-000000000700}","Image":"C:\\windows\\system32\\netsh.exe","EventID":12,"Channel":"Microsoft-Windows-Sysmon/Operational","Task":"12","RuleName":"-","Message":"Registry object added or deleted:\r\nRuleName: -\r\nEventType: CreateKey\r\nUtcTime: 2020-10-21 04:19:04.495\r\nProcessGuid: {39e4a257-b6b8-5f8f-710c-000000000700}\r\nProcessId: 10188\r\nImage: C:\\windows\\system32\\netsh.exe\r\nTargetObject: HKLM\\SOFTWARE\\Microsoft\\Windows NT\\CurrentVersion\\PeerDist","Hostname":"WORKSTATION5","ProcessId":"10188","EventType":"CreateKey","TargetObject":"HKLM\\SOFTWARE\\Microsoft\\Windows NT\\CurrentVersion\\PeerDist"}
{"TimeCreated":"2020-10-21 12:19:04.513","SourceName":"Microsoft-Windows-Sysmon","SignatureStatus":"Valid","Signature":"Microsoft Windows","Product":"Microsoft Windows Operating System","Hashes":"SHA1=7CD51203198DBC45778FD312E6EF4A1EBE49A71A,MD5=90B8BDB381ED8AC6AD79330133363E40,SHA256=6A7B44CFFCC8B6C0FC0ACCE32FE97184FEDF9F53F8397AB29631EEBFC8BC3B39,IMPHASH=992153DAD003A6A582F70E7A2BE94628","UtcTime":"2020-10-21 04:19:04.510","ProcessGuid":"{39e4a257-b6b8-5f8f-710c-000000000700}","Image":"C:\\Windows\\System32\\netsh.exe","ImageLoaded":"C:\\Windows\\System32\\mprmsg.dll","EventID":7,"Channel":"Microsoft-Windows-Sysmon/Operational","Task":"7","RuleName":"-","FileVersion":"10.0.18362.1 (WinBuild.160101.0800)","Message":"Image loaded:\r\nRuleName: -\r\nUtcTime: 2020-10-21 04:19:04.510\r\nProcessGuid: {39e4a257-b6b8-5f8f-710c-000000000700}\r\nProcessId: 10188\r\nImage: C:\\Windows\\System32\\netsh.exe\r\nImageLoaded: C:\\Windows\\System32\\mprmsg.dll\r\nFileVersion: 10.0.18362.1 (WinBuild.160101.0800)\r\nDescription: Multi-Protocol Router Service Messages DLL\r\nProduct: Microsoft Windows Operating System\r\nCompany: Microsoft Corporation\r\nOriginalFileName: routemsg.DLL\r\nHashes: SHA1=7CD51203198DBC45778FD312E6EF4A1EBE49A71A,MD5=90B8BDB381ED8AC6AD79330133363E40,SHA256=6A7B44CFFCC8B6C0FC0ACCE32FE97184FEDF9F53F8397AB29631EEBFC8BC3B39,IMPHASH=992153DAD003A6A582F70E7A2BE94628\r\nSigned: true\r\nSignature: Microsoft Windows\r\nSignatureStatus: Valid","Hostname":"WORKSTATION5","ProcessId":"10188","Description":"Multi-Protocol Router Service Messages DLL","Company":"Microsoft Corporation","Signed":"true","OriginalFileName":"routemsg.DLL"}
{"SourceImage":"C:\\windows\\system32\\svchost.exe","TimeCreated":"2020-10-21 12:19:04.514","GrantedAccess":"0x1000","SourceName":"Microsoft-Windows-Sysmon","SourceThreadId":"8768","CallTrace":"C:\\windows\\SYSTEM32\\ntdll.dll+9c584|C:\\windows\\System32\\KERNELBASE.dll+305fe|c:\\windows\\system32\\fwbase.dll+3b35|c:\\windows\\system32\\fwbase.dll+3a89|c:\\windows\\system32\\mpssvc.dll+b907|c:\\windows\\system32\\mpssvc.dll+b3f9|c:\\windows\\system32\\mpssvc.dll+e084|C:\\windows\\System32\\RPCRT4.dll+76a63|C:\\windows\\System32\\RPCRT4.dll+da036|C:\\windows\\System32\\RPCRT4.dll+37b7c|C:\\windows\\System32\\RPCRT4.dll+549f8|C:\\windows\\System32\\RPCRT4.dll+2c9b1|C:\\windows\\System32\\RPCRT4.dll+2c26b|C:\\windows\\System32\\RPCRT4.dll+1a8cf|C:\\windows\\System32\\RPCRT4.dll+19d7a|C:\\windows\\System32\\RPCRT4.dll+19361|C:\\windows\\System32\\RPCRT4.dll+18dce|C:\\windows\\System32\\RPCRT4.dll+16a05|C:\\windows\\SYSTEM32\\ntdll.dll+333ed|C:\\windows\\SYSTEM32\\ntdll.dll+34142|C:\\windows\\System32\\KERNEL32.DLL+17c24|C:\\windows\\SYSTEM32\\ntdll.dll+6cea1","UtcTime":"2020-10-21 04:19:04.510","TargetProcessGUID":"{39e4a257-b6b8-5f8f-710c-000000000700}","SourceProcessId":"2948","EventID":10,"Channel":"Microsoft-Windows-Sysmon/Operational","Task":"10","RuleName":"-","Message":"Process accessed:\r\nRuleName: -\r\nUtcTime: 2020-10-21 04:19:04.510\r\nSourceProcessGUID: {39e4a257-f137-5f8b-4500-000000000700}\r\nSourceProcessId: 2948\r\nSourceThreadId: 8768\r\nSourceImage: C:\\windows\\system32\\svchost.exe\r\nTargetProcessGUID: {39e4a257-b6b8-5f8f-710c-000000000700}\r\nTargetProcessId: 10188\r\nTargetImage: C:\\windows\\system32\\netsh.exe\r\nGrantedAccess: 0x1000\r\nCallTrace: C:\\windows\\SYSTEM32\\ntdll.dll+9c584|C:\\windows\\System32\\KERNELBASE.dll+305fe|c:\\windows\\system32\\fwbase.dll+3b35|c:\\windows\\system32\\fwbase.dll+3a89|c:\\windows\\system32\\mpssvc.dll+b907|c:\\windows\\system32\\mpssvc.dll+b3f9|c:\\windows\\system32\\mpssvc.dll+e084|C:\\windows\\System32\\RPCRT4.dll+76a63|C:\\windows\\System32\\RPCRT4.dll+da036|C:\\windows\\System32\\RPCRT4.dll+37b7c|C:\\windows\\System32\\RPCRT4.dll+549f8|C:\\windows\\System32\\RPCRT4.dll+2c9b1|C:\\windows\\System32\\RPCRT4.dll+2c26b|C:\\windows\\System32\\RPCRT4.dll+1a8cf|C:\\windows\\System32\\RPCRT4.dll+19d7a|C:\\windows\\System32\\RPCRT4.dll+19361|C:\\windows\\System32\\RPCRT4.dll+18dce|C:\\windows\\System32\\RPCRT4.dll+16a05|C:\\windows\\SYSTEM32\\ntdll.dll+333ed|C:\\windows\\SYSTEM32\\ntdll.dll+34142|C:\\windows\\System32\\KERNEL32.DLL+17c24|C:\\windows\\SYSTEM32\\ntdll.dll+6cea1","Hostname":"WORKSTATION5","TargetProcessId":"10188","TargetImage":"C:\\windows\\system32\\netsh.exe","SourceProcessGUID":"{39e4a257-f137-5f8b-4500-000000000700}"}
{"SourceImage":"C:\\windows\\system32\\svchost.exe","TimeCreated":"2020-10-21 12:19:04.514","GrantedAccess":"0x1000","SourceName":"Microsoft-Windows-Sysmon","SourceThreadId":"8768","CallTrace":"C:\\windows\\SYSTEM32\\ntdll.dll+9c584|C:\\windows\\System32\\KERNELBASE.dll+305fe|c:\\windows\\system32\\fwbase.dll+3b35|c:\\windows\\system32\\fwbase.dll+3a89|c:\\windows\\system32\\mpssvc.dll+b907|c:\\windows\\system32\\mpssvc.dll+ac05|c:\\windows\\system32\\mpssvc.dll+a934|C:\\windows\\System32\\RPCRT4.dll+76a63|C:\\windows\\System32\\RPCRT4.dll+da036|C:\\windows\\System32\\RPCRT4.dll+37b7c|C:\\windows\\System32\\RPCRT4.dll+549f8|C:\\windows\\System32\\RPCRT4.dll+2c9b1|C:\\windows\\System32\\RPCRT4.dll+2c26b|C:\\windows\\System32\\RPCRT4.dll+1a8cf|C:\\windows\\System32\\RPCRT4.dll+19d7a|C:\\windows\\System32\\RPCRT4.dll+19361|C:\\windows\\System32\\RPCRT4.dll+18dce|C:\\windows\\System32\\RPCRT4.dll+16a05|C:\\windows\\SYSTEM32\\ntdll.dll+333ed|C:\\windows\\SYSTEM32\\ntdll.dll+34142|C:\\windows\\System32\\KERNEL32.DLL+17c24|C:\\windows\\SYSTEM32\\ntdll.dll+6cea1","UtcTime":"2020-10-21 04:19:04.510","TargetProcessGUID":"{39e4a257-b6b8-5f8f-710c-000000000700}","SourceProcessId":"2948","EventID":10,"Channel":"Microsoft-Windows-Sysmon/Operational","Task":"10","RuleName":"-","Message":"Process accessed:\r\nRuleName: -\r\nUtcTime: 2020-10-21 04:19:04.510\r\nSourceProcessGUID: {39e4a257-f137-5f8b-4500-000000000700}\r\nSourceProcessId: 2948\r\nSourceThreadId: 8768\r\nSourceImage: C:\\windows\\system32\\svchost.exe\r\nTargetProcessGUID: {39e4a257-b6b8-5f8f-710c-000000000700}\r\nTargetProcessId: 10188\r\nTargetImage: C:\\windows\\system32\\netsh.exe\r\nGrantedAccess: 0x1000\r\nCallTrace: C:\\windows\\SYSTEM32\\ntdll.dll+9c584|C:\\windows\\System32\\KERNELBASE.dll+305fe|c:\\windows\\system32\\fwbase.dll+3b35|c:\\windows\\system32\\fwbase.dll+3a89|c:\\windows\\system32\\mpssvc.dll+b907|c:\\windows\\system32\\mpssvc.dll+ac05|c:\\windows\\system32\\mpssvc.dll+a934|C:\\windows\\System32\\RPCRT4.dll+76a63|C:\\windows\\System32\\RPCRT4.dll+da036|C:\\windows\\System32\\RPCRT4.dll+37b7c|C:\\windows\\System32\\RPCRT4.dll+549f8|C:\\windows\\System32\\RPCRT4.dll+2c9b1|C:\\windows\\System32\\RPCRT4.dll+2c26b|C:\\windows\\System32\\RPCRT4.dll+1a8cf|C:\\windows\\System32\\RPCRT4.dll+19d7a|C:\\windows\\System32\\RPCRT4.dll+19361|C:\\windows\\System32\\RPCRT4.dll+18dce|C:\\windows\\System32\\RPCRT4.dll+16a05|C:\\windows\\SYSTEM32\\ntdll.dll+333ed|C:\\windows\\SYSTEM32\\ntdll.dll+34142|C:\\windows\\System32\\KERNEL32.DLL+17c24|C:\\windows\\SYSTEM32\\ntdll.dll+6cea1","Hostname":"WORKSTATION5","TargetProcessId":"10188","TargetImage":"C:\\windows\\system32\\netsh.exe","SourceProcessGUID":"{39e4a257-f137-5f8b-4500-000000000700}"}
{"SourceImage":"C:\\windows\\system32\\svchost.exe","TimeCreated":"2020-10-21 12:19:04.514","GrantedAccess":"0x1000","SourceName":"Microsoft-Windows-Sysmon","SourceThreadId":"8768","CallTrace":"C:\\windows\\SYSTEM32\\ntdll.dll+9c584|C:\\windows\\System32\\KERNELBASE.dll+305fe|c:\\windows\\system32\\fwbase.dll+3b35|c:\\windows\\system32\\fwbase.dll+3a89|c:\\windows\\system32\\fwbase.dll+14ecd|c:\\windows\\system32\\mpssvc.dll+4f0b5|c:\\windows\\system32\\mpssvc.dll+a77a1|C:\\windows\\System32\\RPCRT4.dll+76a63|C:\\windows\\System32\\RPCRT4.dll+da036|C:\\windows\\System32\\RPCRT4.dll+37b7c|C:\\windows\\System32\\RPCRT4.dll+549f8|C:\\windows\\System32\\RPCRT4.dll+2c9b1|C:\\windows\\System32\\RPCRT4.dll+2c26b|C:\\windows\\System32\\RPCRT4.dll+1a8cf|C:\\windows\\System32\\RPCRT4.dll+19d7a|C:\\windows\\System32\\RPCRT4.dll+19361|C:\\windows\\System32\\RPCRT4.dll+18dce|C:\\windows\\System32\\RPCRT4.dll+16a05|C:\\windows\\SYSTEM32\\ntdll.dll+333ed|C:\\windows\\SYSTEM32\\ntdll.dll+34142|C:\\windows\\System32\\KERNEL32.DLL+17c24|C:\\windows\\SYSTEM32\\ntdll.dll+6cea1","UtcTime":"2020-10-21 04:19:04.510","TargetProcessGUID":"{39e4a257-b6b8-5f8f-710c-000000000700}","SourceProcessId":"2948","EventID":10,"Channel":"Microsoft-Windows-Sysmon/Operational","Task":"10","RuleName":"-","Message":"Process accessed:\r\nRuleName: -\r\nUtcTime: 2020-10-21 04:19:04.510\r\nSourceProcessGUID: {39e4a257-f137-5f8b-4500-000000000700}\r\nSourceProcessId: 2948\r\nSourceThreadId: 8768\r\nSourceImage: C:\\windows\\system32\\svchost.exe\r\nTargetProcessGUID: {39e4a257-b6b8-5f8f-710c-000000000700}\r\nTargetProcessId: 10188\r\nTargetImage: C:\\windows\\system32\\netsh.exe\r\nGrantedAccess: 0x1000\r\nCallTrace: C:\\windows\\SYSTEM32\\ntdll.dll+9c584|C:\\windows\\System32\\KERNELBASE.dll+305fe|c:\\windows\\system32\\fwbase.dll+3b35|c:\\windows\\system32\\fwbase.dll+3a89|c:\\windows\\system32\\fwbase.dll+14ecd|c:\\windows\\system32\\mpssvc.dll+4f0b5|c:\\windows\\system32\\mpssvc.dll+a77a1|C:\\windows\\System32\\RPCRT4.dll+76a63|C:\\windows\\System32\\RPCRT4.dll+da036|C:\\windows\\System32\\RPCRT4.dll+37b7c|C:\\windows\\System32\\RPCRT4.dll+549f8|C:\\windows\\System32\\RPCRT4.dll+2c9b1|C:\\windows\\System32\\RPCRT4.dll+2c26b|C:\\windows\\System32\\RPCRT4.dll+1a8cf|C:\\windows\\System32\\RPCRT4.dll+19d7a|C:\\windows\\System32\\RPCRT4.dll+19361|C:\\windows\\System32\\RPCRT4.dll+18dce|C:\\windows\\System32\\RPCRT4.dll+16a05|C:\\windows\\SYSTEM32\\ntdll.dll+333ed|C:\\windows\\SYSTEM32\\ntdll.dll+34142|C:\\windows\\System32\\KERNEL32.DLL+17c24|C:\\windows\\SYSTEM32\\ntdll.dll+6cea1","Hostname":"WORKSTATION5","TargetProcessId":"10188","TargetImage":"C:\\windows\\system32\\netsh.exe","SourceProcessGUID":"{39e4a257-f137-5f8b-4500-000000000700}"}
{"TimeCreated":"2020-10-21 12:19:04.515","SourceName":"Microsoft-Windows-Sysmon","UtcTime":"2020-10-21 04:19:04.510","ProcessGuid":"{39e4a257-f137-5f8b-4500-000000000700}","Image":"C:\\windows\\system32\\svchost.exe","EventID":12,"Channel":"Microsoft-Windows-Sysmon/Operational","Task":"12","RuleName":"-","Message":"Registry object added or deleted:\r\nRuleName: -\r\nEventType: CreateKey\r\nUtcTime: 2020-10-21 04:19:04.510\r\nProcessGuid: {39e4a257-f137-5f8b-4500-000000000700}\r\nProcessId: 2948\r\nImage: C:\\windows\\system32\\svchost.exe\r\nTargetObject: HKLM\\System\\CurrentControlSet\\Services\\SharedAccess\\Parameters\\FirewallPolicy\\FirewallRules","Hostname":"WORKSTATION5","ProcessId":"2948","EventType":"CreateKey","TargetObject":"HKLM\\System\\CurrentControlSet\\Services\\SharedAccess\\Parameters\\FirewallPolicy\\FirewallRules"}
{"TimeCreated":"2020-10-21 12:19:04.515","SourceName":"Microsoft-Windows-Sysmon","UtcTime":"2020-10-21 04:19:04.510","ProcessGuid":"{39e4a257-f137-5f8b-4500-000000000700}","Image":"C:\\windows\\system32\\svchost.exe","EventID":13,"Channel":"Microsoft-Windows-Sysmon/Operational","Task":"13","RuleName":"-","Message":"Registry value set:\r\nRuleName: -\r\nEventType: SetValue\r\nUtcTime: 2020-10-21 04:19:04.510\r\nProcessGuid: {39e4a257-f137-5f8b-4500-000000000700}\r\nProcessId: 2948\r\nImage: C:\\windows\\system32\\svchost.exe\r\nTargetObject: HKLM\\System\\CurrentControlSet\\Services\\SharedAccess\\Parameters\\FirewallPolicy\\FirewallRules\\{F7259D6F-D580-4DF1-8371-60520B42164D}\r\nDetails: v2.30|Action=Allow|Active=TRUE|Dir=In|Protocol=6|LPort=450|Name=atomic testing|","Hostname":"WORKSTATION5","Details":"v2.30|Action=Allow|Active=TRUE|Dir=In|Protocol=6|LPort=450|Name=atomic testing|","ProcessId":"2948","EventType":"SetValue","TargetObject":"HKLM\\System\\CurrentControlSet\\Services\\SharedAccess\\Parameters\\FirewallPolicy\\FirewallRules\\{F7259D6F-D580-4DF1-8371-60520B42164D}"}
{"SourceImage":"C:\\windows\\system32\\svchost.exe","TimeCreated":"2020-10-21 12:19:04.518","GrantedAccess":"0x1000","SourceName":"Microsoft-Windows-Sysmon","SourceThreadId":"8768","CallTrace":"C:\\windows\\SYSTEM32\\ntdll.dll+9c584|C:\\windows\\System32\\KERNELBASE.dll+305fe|c:\\windows\\system32\\fwbase.dll+3b35|c:\\windows\\system32\\fwbase.dll+3a89|c:\\windows\\system32\\mpssvc.dll+b907|c:\\windows\\system32\\mpssvc.dll+a519|c:\\windows\\system32\\mpssvc.dll+11d5e|c:\\windows\\system32\\mpssvc.dll+a77a1|C:\\windows\\System32\\RPCRT4.dll+76a63|C:\\windows\\System32\\RPCRT4.dll+da036|C:\\windows\\System32\\RPCRT4.dll+37b7c|C:\\windows\\System32\\RPCRT4.dll+549f8|C:\\windows\\System32\\RPCRT4.dll+2c9b1|C:\\windows\\System32\\RPCRT4.dll+2c26b|C:\\windows\\System32\\RPCRT4.dll+1a8cf|C:\\windows\\System32\\RPCRT4.dll+19d7a|C:\\windows\\System32\\RPCRT4.dll+19361|C:\\windows\\System32\\RPCRT4.dll+18dce|C:\\windows\\System32\\RPCRT4.dll+16a05|C:\\windows\\SYSTEM32\\ntdll.dll+333ed|C:\\windows\\SYSTEM32\\ntdll.dll+34142|C:\\windows\\System32\\KERNEL32.DLL+17c24|C:\\windows\\SYSTEM32\\ntdll.dll+6cea1","UtcTime":"2020-10-21 04:19:04.510","TargetProcessGUID":"{39e4a257-b6b8-5f8f-710c-000000000700}","SourceProcessId":"2948","EventID":10,"Channel":"Microsoft-Windows-Sysmon/Operational","Task":"10","RuleName":"-","Message":"Process accessed:\r\nRuleName: -\r\nUtcTime: 2020-10-21 04:19:04.510\r\nSourceProcessGUID: {39e4a257-f137-5f8b-4500-000000000700}\r\nSourceProcessId: 2948\r\nSourceThreadId: 8768\r\nSourceImage: C:\\windows\\system32\\svchost.exe\r\nTargetProcessGUID: {39e4a257-b6b8-5f8f-710c-000000000700}\r\nTargetProcessId: 10188\r\nTargetImage: C:\\windows\\system32\\netsh.exe\r\nGrantedAccess: 0x1000\r\nCallTrace: C:\\windows\\SYSTEM32\\ntdll.dll+9c584|C:\\windows\\System32\\KERNELBASE.dll+305fe|c:\\windows\\system32\\fwbase.dll+3b35|c:\\windows\\system32\\fwbase.dll+3a89|c:\\windows\\system32\\mpssvc.dll+b907|c:\\windows\\system32\\mpssvc.dll+a519|c:\\windows\\system32\\mpssvc.dll+11d5e|c:\\windows\\system32\\mpssvc.dll+a77a1|C:\\windows\\System32\\RPCRT4.dll+76a63|C:\\windows\\System32\\RPCRT4.dll+da036|C:\\windows\\System32\\RPCRT4.dll+37b7c|C:\\windows\\System32\\RPCRT4.dll+549f8|C:\\windows\\System32\\RPCRT4.dll+2c9b1|C:\\windows\\System32\\RPCRT4.dll+2c26b|C:\\windows\\System32\\RPCRT4.dll+1a8cf|C:\\windows\\System32\\RPCRT4.dll+19d7a|C:\\windows\\System32\\RPCRT4.dll+19361|C:\\windows\\System32\\RPCRT4.dll+18dce|C:\\windows\\System32\\RPCRT4.dll+16a05|C:\\windows\\SYSTEM32\\ntdll.dll+333ed|C:\\windows\\SYSTEM32\\ntdll.dll+34142|C:\\windows\\System32\\KERNEL32.DLL+17c24|C:\\windows\\SYSTEM32\\ntdll.dll+6cea1","Hostname":"WORKSTATION5","TargetProcessId":"10188","TargetImage":"C:\\windows\\system32\\netsh.exe","SourceProcessGUID":"{39e4a257-f137-5f8b-4500-000000000700}"}
