{"SubjectUserName":"WORKSTATION5$","TimeCreated":"2020-10-21 12:19:07.587","SubjectLogonId":"0x3e7","SubjectDomainName":"WORKGROUP","ObjectServer":"Security","SubjectUserSid":"S-1-5-18","EventID":4658,"Channel":"Security","Task":"12801","Message":"The handle to an object was closed.\r\n\r\nSubject :\r\n\tSecurity ID:\t\tS-1-5-18\r\n\tAccount Name:\t\tWORKSTATION5$\r\n\tAccount Domain:\t\tWORKGROUP\r\n\tLogon ID:\t\t0x3E7\r\n\r\nObject:\r\n\tObject Server:\t\tSecurity\r\n\tHandle ID:\t\t0x298\r\n\r\nProcess Information:\r\n\tProcess ID:\t\t0x75c\r\n\tProcess Name:\t\tC:\\Windows\\System32\\svchost.exe","Hostname":"WORKSTATION5","ProcessName":"C:\\Windows\\System32\\svchost.exe","ProcessId":"0x75c","SourceName":"Microsoft-Windows-Security-Auditing","HandleId":"0x298"}
{"SubjectUserName":"WORKSTATION5$","TimeCreated":"2020-10-21 12:19:07.587","SubjectLogonId":"0x3e7","SubjectDomainName":"WORKGROUP","TargetProcessId":"0x4","SubjectUserSid":"S-1-5-18","SourceHandleId":"0x294","EventID":4690,"Channel":"Security","Task":"12807","TargetHandleId":"0x2324","Message":"An attempt was made to duplicate a handle to an object.\r\n\r\nSubject:\r\n\tSecurity ID:\t\tS-1-5-18\r\n\tAccount Name:\t\tWORKSTATION5$\r\n\tAccount Domain:\t\tWORKGROUP\r\n\tLogon ID:\t\t0x3E7\r\n\r\nSource Handle Information:\r\n\tSource Handle ID:\t0x294\r\n\tSource Process ID:\t0x75c\r\n\r\nNew Handle Information:\r\n\tTarget Handle ID:\t0x2324\r\n\tTarget Process ID:\t0x4","Hostname":"WORKSTATION5","SourceProcessId":"0x75c","SourceName":"Microsoft-Windows-Security-Auditing"}
{"SubjectUserName":"WORKSTATION5$","TimeCreated":"2020-10-21 12:19:07.587","SubjectLogonId":"0x3e7","SubjectDomainName":"WORKGROUP","ObjectServer":"Security","SubjectUserSid":"S-1-5-18","EventID":4658,"Channel":"Security","Task":"12801","Message":"The handle to an object was closed.\r\n\r\nSubject :\r\n\tSecurity ID:\t\tS-1-5-18\r\n\tAccount Name:\t\tWORKSTATION5$\r\n\tAccount Domain:\t\tWORKGROUP\r\n\tLogon ID:\t\t0x3E7\r\n\r\nObject:\r\n\tObject Server:\t\tSecurity\r\n\tHandle ID:\t\t0x2324\r\n\r\nProcess Information:\r\n\tProcess ID:\t\t0x75c\r\n\tProcess Name:\t\tC:\\Windows\\System32\\svchost.exe","Hostname":"WORKSTATION5","ProcessName":"C:\\Windows\\System32\\svchost.exe","ProcessId":"0x75c","SourceName":"Microsoft-Windows-Security-Auditing","HandleId":"0x2324"}
{"SubjectUserName":"WORKSTATION5$","TimeCreated":"2020-10-21 12:19:07.587","SubjectLogonId":"0x3e7","ResourceAttributes":"-","SubjectDomainName":"WORKGROUP","PrivilegeList":"-","ObjectServer":"Security","ObjectType":"Key","SubjectUserSid":"S-1-5-18","EventID":4656,"Channel":"Security","Task":"12801","ObjectName":"\\REGISTRY\\MACHINE\\SOFTWARE\\Microsoft\\Windows NT\\CurrentVersion\\Winlogon","AccessMask":"0x20019","Message":"A handle to an object was requested.\r\n\r\nSubject:\r\n\tSecurity ID:\t\tS-1-5-18\r\n\tAccount Name:\t\tWORKSTATION5$\r\n\tAccount Domain:\t\tWORKGROUP\r\n\tLogon ID:\t\t0x3E7\r\n\r\nObject:\r\n\tObject Server:\t\tSecurity\r\n\tObject Type:\t\tKey\r\n\tObject Name:\t\t\\REGISTRY\\MACHINE\\SOFTWARE\\Microsoft\\Windows NT\\CurrentVersion\\Winlogon\r\n\tHandle ID:\t\t0x294\r\n\tResource Attributes:\t-\r\n\r\nProcess Information:\r\n\tProcess ID:\t\t0x75c\r\n\tProcess Name:\t\tC:\\Windows\\System32\\svchost.exe\r\n\r\nAccess Request Information:\r\n\tTransaction ID:\t\t{00000000-0000-0000-0000-000000000000}\r\n\tAccesses:\t\tREAD_CONTROL\r\n\t\t\t\tQuery key value\r\n\t\t\t\tEnumerate sub-keys\r\n\t\t\t\tNotify about changes to keys\r\n\t\t\t\t\r\n\tAccess Reasons:\t\t-\r\n\tAccess Mask:\t\t0x20019\r\n\tPrivileges Used for Access Check:\t-\r\n\tRestricted SID Count:\t0","Hostname":"WORKSTATION5","ProcessName":"C:\\Windows\\System32\\svchost.exe","ProcessId":"0x75c","AccessReason":"-","RestrictedSidCount":"0","AccessList":"%%1538\n\t\t\t\t%%4432\n\t\t\t\t%%4435\n\t\t\t\t%%4436\n\t\t\t\t","SourceName":"Microsoft-Windows-Security-Auditing","HandleId":"0x294","TransactionId":"{00000000-0000-0000-0000-000000000000}"}
{"SubjectUserName":"WORKSTATION5$","TimeCreated":"2020-10-21 12:19:07.587","SubjectLogonId":"0x3e7","ResourceAttributes":"-","SubjectDomainName":"WORKGROUP","ObjectServer":"Security","ObjectType":"Key","SubjectUserSid":"S-1-5-18","EventID":4663,"Channel":"Security","Task":"12801","ObjectName":"\\REGISTRY\\MACHINE\\SOFTWARE\\Microsoft\\Windows NT\\CurrentVersion\\Winlogon","AccessMask":"0x1","Message":"An attempt was made to access an object.\r\n\r\nSubject:\r\n\tSecurity ID:\t\tS-1-5-18\r\n\tAccount Name:\t\tWORKSTATION5$\r\n\tAccount Domain:\t\tWORKGROUP\r\n\tLogon ID:\t\t0x3E7\r\n\r\nObject:\r\n\tObject Server:\t\tSecurity\r\n\tObject Type:\t\tKey\r\n\tObject Name:\t\t\\REGISTRY\\MACHINE\\SOFTWARE\\Microsoft\\Windows NT\\CurrentVersion\\Winlogon\r\n\tHandle ID:\t\t0x294\r\n\tResource Attributes:\t-\r\n\r\nProcess Information:\r\n\tProcess ID:\t\t0x75c\r\n\tProcess Name:\t\tC:\\Windows\\System32\\svchost.exe\r\n\r\nAccess Request Information:\r\n\tAccesses:\t\tQuery key value\r\n\t\t\t\t\r\n\tAccess Mask:\t\t0x1","Hostname":"WORKSTATION5","ProcessName":"C:\\Windows\\System32\\svchost.exe","ProcessId":"0x75c","AccessList":"%%4432\n\t\t\t\t","SourceName":"Microsoft-Windows-Security-Auditing","HandleId":"0x294"}
{"SubjectUserName":"WORKSTATION5$","TimeCreated":"2020-10-21 12:19:07.587","SubjectLogonId":"0x3e7","SubjectDomainName":"WORKGROUP","ObjectServer":"Security","SubjectUserSid":"S-1-5-18","EventID":4658,"Channel":"Security","Task":"12801","Message":"The handle to an object was closed.\r\n\r\nSubject :\r\n\tSecurity ID:\t\tS-1-5-18\r\n\tAccount Name:\t\tWORKSTATION5$\r\n\tAccount Domain:\t\tWORKGROUP\r\n\tLogon ID:\t\t0x3E7\r\n\r\nObject:\r\n\tObject Server:\t\tSecurity\r\n\tHandle ID:\t\t0x294\r\n\r\nProcess Information:\r\n\tProcess ID:\t\t0x75c\r\n\tProcess Name:\t\tC:\\Windows\\System32\\svchost.exe","Hostname":"WORKSTATION5","ProcessName":"C:\\Windows\\System32\\svchost.exe","ProcessId":"0x75c","SourceName":"Microsoft-Windows-Security-Auditing","HandleId":"0x294"}
{"SubjectUserName":"WORKSTATION5$","TimeCreated":"2020-10-21 12:19:07.589","SubjectLogonId":"0x3e7","SubjectDomainName":"WORKGROUP","TargetProcessId":"0x4","SubjectUserSid":"S-1-5-18","SourceHandleId":"0x2b0","EventID":4690,"Channel":"Security","Task":"12807","TargetHandleId":"0x2324","Message":"An attempt was made to duplicate a handle to an object.\r\n\r\nSubject:\r\n\tSecurity ID:\t\tS-1-5-18\r\n\tAccount Name:\t\tWORKSTATION5$\r\n\tAccount Domain:\t\tWORKGROUP\r\n\tLogon ID:\t\t0x3E7\r\n\r\nSource Handle Information:\r\n\tSource Handle ID:\t0x2b0\r\n\tSource Process ID:\t0x75c\r\n\r\nNew Handle Information:\r\n\tTarget Handle ID:\t0x2324\r\n\tTarget Process ID:\t0x4","Hostname":"WORKSTATION5","SourceProcessId":"0x75c","SourceName":"Microsoft-Windows-Security-Auditing"}
{"SubjectUserName":"WORKSTATION5$","TimeCreated":"2020-10-21 12:19:07.589","SubjectLogonId":"0x3e7","SubjectDomainName":"WORKGROUP","ObjectServer":"Security","SubjectUserSid":"S-1-5-18","EventID":4658,"Channel":"Security","Task":"12801","Message":"The handle to an object was closed.\r\n\r\nSubject :\r\n\tSecurity ID:\t\tS-1-5-18\r\n\tAccount Name:\t\tWORKSTATION5$\r\n\tAccount Domain:\t\tWORKGROUP\r\n\tLogon ID:\t\t0x3E7\r\n\r\nObject:\r\n\tObject Server:\t\tSecurity\r\n\tHandle ID:\t\t0x2324\r\n\r\nProcess Information:\r\n\tProcess ID:\t\t0x75c\r\n\tProcess Name:\t\tC:\\Windows\\System32\\svchost.exe","Hostname":"WORKSTATION5","ProcessName":"C:\\Windows\\System32\\svchost.exe","ProcessId":"0x75c","SourceName":"Microsoft-Windows-Security-Auditing","HandleId":"0x2324"}
{"SubjectUserName":"WORKSTATION5$","TimeCreated":"2020-10-21 12:19:07.589","SubjectLogonId":"0x3e7","ResourceAttributes":"-","SubjectDomainName":"WORKGROUP","PrivilegeList":"-","ObjectServer":"Security","ObjectType":"Key","SubjectUserSid":"S-1-5-18","EventID":4656,"Channel":"Security","Task":"12801","ObjectName":"\\REGISTRY\\MACHINE\\SOFTWARE\\Microsoft\\Windows NT\\CurrentVersion\\Winlogon","AccessMask":"0x20019","Message":"A handle to an object was requested.\r\n\r\nSubject:\r\n\tSecurity ID:\t\tS-1-5-18\r\n\tAccount Name:\t\tWORKSTATION5$\r\n\tAccount Domain:\t\tWORKGROUP\r\n\tLogon ID:\t\t0x3E7\r\n\r\nObject:\r\n\tObject Server:\t\tSecurity\r\n\tObject Type:\t\tKey\r\n\tObject Name:\t\t\\REGISTRY\\MACHINE\\SOFTWARE\\Microsoft\\Windows NT\\CurrentVersion\\Winlogon\r\n\tHandle ID:\t\t0x2b0\r\n\tResource Attributes:\t-\r\n\r\nProcess Information:\r\n\tProcess ID:\t\t0x75c\r\n\tProcess Name:\t\tC:\\Windows\\System32\\svchost.exe\r\n\r\nAccess Request Information:\r\n\tTransaction ID:\t\t{00000000-0000-0000-0000-000000000000}\r\n\tAccesses:\t\tREAD_CONTROL\r\n\t\t\t\tQuery key value\r\n\t\t\t\tEnumerate sub-keys\r\n\t\t\t\tNotify about changes to keys\r\n\t\t\t\t\r\n\tAccess Reasons:\t\t-\r\n\tAccess Mask:\t\t0x20019\r\n\tPrivileges Used for Access Check:\t-\r\n\tRestricted SID Count:\t0","Hostname":"WORKSTATION5","ProcessName":"C:\\Windows\\System32\\svchost.exe","ProcessId":"0x75c","AccessReason":"-","RestrictedSidCount":"0","AccessList":"%%1538\n\t\t\t\t%%4432\n\t\t\t\t%%4435\n\t\t\t\t%%4436\n\t\t\t\t","SourceName":"Microsoft-Windows-Security-Auditing","HandleId":"0x2b0","TransactionId":"{00000000-0000-0000-0000-000000000000}"}
{"SubjectUserName":"WORKSTATION5$","TimeCreated":"2020-10-21 12:19:07.589","SubjectLogonId":"0x3e7","ResourceAttributes":"-","SubjectDomainName":"WORKGROUP","ObjectServer":"Security","ObjectType":"Key","SubjectUserSid":"S-1-5-18","EventID":4663,"Channel":"Security","Task":"12801","ObjectName":"\\REGISTRY\\MACHINE\\SOFTWARE\\Microsoft\\Windows NT\\CurrentVersion\\Winlogon","AccessMask":"0x1","Message":"An attempt was made to access an object.\r\n\r\nSubject:\r\n\tSecurity ID:\t\tS-1-5-18\r\n\tAccount Name:\t\tWORKSTATION5$\r\n\tAccount Domain:\t\tWORKGROUP\r\n\tLogon ID:\t\t0x3E7\r\n\r\nObject:\r\n\tObject Server:\t\tSecurity\r\n\tObject Type:\t\tKey\r\n\tObject Name:\t\t\\REGISTRY\\MACHINE\\SOFTWARE\\Microsoft\\Windows NT\\CurrentVersion\\Winlogon\r\n\tHandle ID:\t\t0x2b0\r\n\tResource Attributes:\t-\r\n\r\nProcess Information:\r\n\tProcess ID:\t\t0x75c\r\n\tProcess Name:\t\tC:\\Windows\\System32\\svchost.exe\r\n\r\nAccess Request Information:\r\n\tAccesses:\t\tQuery key value\r\n\t\t\t\t\r\n\tAccess Mask:\t\t0x1","Hostname":"WORKSTATION5","ProcessName":"C:\\Windows\\System32\\svchost.exe","ProcessId":"0x75c","AccessList":"%%4432\n\t\t\t\t","SourceName":"Microsoft-Windows-Security-Auditing","HandleId":"0x2b0"}
{"SubjectUserName":"WORKSTATION5$","TimeCreated":"2020-10-21 12:19:07.589","SubjectLogonId":"0x3e7","SubjectDomainName":"WORKGROUP","ObjectServer":"Security","SubjectUserSid":"S-1-5-18","EventID":4658,"Channel":"Security","Task":"12801","Message":"The handle to an object was closed.\r\n\r\nSubject :\r\n\tSecurity ID:\t\tS-1-5-18\r\n\tAccount Name:\t\tWORKSTATION5$\r\n\tAccount Domain:\t\tWORKGROUP\r\n\tLogon ID:\t\t0x3E7\r\n\r\nObject:\r\n\tObject Server:\t\tSecurity\r\n\tHandle ID:\t\t0x2b0\r\n\r\nProcess Information:\r\n\tProcess ID:\t\t0x75c\r\n\tProcess Name:\t\tC:\\Windows\\System32\\svchost.exe","Hostname":"WORKSTATION5","ProcessName":"C:\\Windows\\System32\\svchost.exe","ProcessId":"0x75c","SourceName":"Microsoft-Windows-Security-Auditing","HandleId":"0x2b0"}
{"SubjectUserName":"LOCAL SERVICE","TimeCreated":"2020-10-21 12:19:07.589","SubjectLogonId":"0x3e5","SubjectDomainName":"NT AUTHORITY","TargetProcessId":"0x4","SubjectUserSid":"S-1-5-19","SourceHandleId":"0x49c","EventID":4690,"Channel":"Security","Task":"12807","TargetHandleId":"0x2324","Message":"An attempt was made to duplicate a handle to an object.\r\n\r\nSubject:\r\n\tSecurity ID:\t\tS-1-5-19\r\n\tAccount Name:\t\tLOCAL SERVICE\r\n\tAccount Domain:\t\tNT AUTHORITY\r\n\tLogon ID:\t\t0x3E5\r\n\r\nSource Handle Information:\r\n\tSource Handle ID:\t0x49c\r\n\tSource Process ID:\t0xb84\r\n\r\nNew Handle Information:\r\n\tTarget Handle ID:\t0x2324\r\n\tTarget Process ID:\t0x4","Hostname":"WORKSTATION5","SourceProcessId":"0xb84","SourceName":"Microsoft-Windows-Security-Auditing"}
{"SubjectUserName":"LOCAL SERVICE","TimeCreated":"2020-10-21 12:19:07.589","SubjectLogonId":"0x3e5","SubjectDomainName":"NT AUTHORITY","ObjectServer":"Security","SubjectUserSid":"S-1-5-19","EventID":4658,"Channel":"Security","Task":"12801","Message":"The handle to an object was closed.\r\n\r\nSubject :\r\n\tSecurity ID:\t\tS-1-5-19\r\n\tAccount Name:\t\tLOCAL SERVICE\r\n\tAccount Domain:\t\tNT AUTHORITY\r\n\tLogon ID:\t\t0x3E5\r\n\r\nObject:\r\n\tObject Server:\t\tSecurity\r\n\tHandle ID:\t\t0x2324\r\n\r\nProcess Information:\r\n\tProcess ID:\t\t0xb84\r\n\tProcess Name:\t\tC:\\Windows\\System32\\svchost.exe","Hostname":"WORKSTATION5","ProcessName":"C:\\Windows\\System32\\svchost.exe","ProcessId":"0xb84","SourceName":"Microsoft-Windows-Security-Auditing","HandleId":"0x2324"}
{"SubjectUserName":"LOCAL SERVICE","TimeCreated":"2020-10-21 12:19:07.589","SubjectLogonId":"0x3e5","ResourceAttributes":"-","SubjectDomainName":"NT AUTHORITY","PrivilegeList":"-","ObjectServer":"Security","ObjectType":"Key","SubjectUserSid":"S-1-5-19","EventID":4656,"Channel":"Security","Task":"12801","ObjectName":"\\REGISTRY\\MACHINE\\SOFTWARE\\Microsoft\\Windows NT\\CurrentVersion\\Winlogon","AccessMask":"0x20019","Message":"A handle to an object was requested.\r\n\r\nSubject:\r\n\tSecurity ID:\t\tS-1-5-19\r\n\tAccount Name:\t\tLOCAL SERVICE\r\n\tAccount Domain:\t\tNT AUTHORITY\r\n\tLogon ID:\t\t0x3E5\r\n\r\nObject:\r\n\tObject Server:\t\tSecurity\r\n\tObject Type:\t\tKey\r\n\tObject Name:\t\t\\REGISTRY\\MACHINE\\SOFTWARE\\Microsoft\\Windows NT\\CurrentVersion\\Winlogon\r\n\tHandle ID:\t\t0x49c\r\n\tResource Attributes:\t-\r\n\r\nProcess Information:\r\n\tProcess ID:\t\t0xb84\r\n\tProcess Name:\t\tC:\\Windows\\System32\\svchost.exe\r\n\r\nAccess Request Information:\r\n\tTransaction ID:\t\t{00000000-0000-0000-0000-000000000000}\r\n\tAccesses:\t\tREAD_CONTROL\r\n\t\t\t\tQuery key value\r\n\t\t\t\tEnumerate sub-keys\r\n\t\t\t\tNotify about changes to keys\r\n\t\t\t\t\r\n\tAccess Reasons:\t\t-\r\n\tAccess Mask:\t\t0x20019\r\n\tPrivileges Used for Access Check:\t-\r\n\tRestricted SID Count:\t5","Hostname":"WORKSTATION5","ProcessName":"C:\\Windows\\System32\\svchost.exe","ProcessId":"0xb84","AccessReason":"-","RestrictedSidCount":"5","AccessList":"%%1538\n\t\t\t\t%%4432\n\t\t\t\t%%4435\n\t\t\t\t%%4436\n\t\t\t\t","SourceName":"Microsoft-Windows-Security-Auditing","HandleId":"0x49c","TransactionId":"{00000000-0000-0000-0000-000000000000}"}
{"SubjectUserName":"LOCAL SERVICE","TimeCreated":"2020-10-21 12:19:07.589","SubjectLogonId":"0x3e5","ResourceAttributes":"-","SubjectDomainName":"NT AUTHORITY","ObjectServer":"Security","ObjectType":"Key","SubjectUserSid":"S-1-5-19","EventID":4663,"Channel":"Security","Task":"12801","ObjectName":"\\REGISTRY\\MACHINE\\SOFTWARE\\Microsoft\\Windows NT\\CurrentVersion\\Winlogon","AccessMask":"0x1","Message":"An attempt was made to access an object.\r\n\r\nSubject:\r\n\tSecurity ID:\t\tS-1-5-19\r\n\tAccount Name:\t\tLOCAL SERVICE\r\n\tAccount Domain:\t\tNT AUTHORITY\r\n\tLogon ID:\t\t0x3E5\r\n\r\nObject:\r\n\tObject Server:\t\tSecurity\r\n\tObject Type:\t\tKey\r\n\tObject Name:\t\t\\REGISTRY\\MACHINE\\SOFTWARE\\Microsoft\\Windows NT\\CurrentVersion\\Winlogon\r\n\tHandle ID:\t\t0x49c\r\n\tResource Attributes:\t-\r\n\r\nProcess Information:\r\n\tProcess ID:\t\t0xb84\r\n\tProcess Name:\t\tC:\\Windows\\System32\\svchost.exe\r\n\r\nAccess Request Information:\r\n\tAccesses:\t\tQuery key value\r\n\t\t\t\t\r\n\tAccess Mask:\t\t0x1","Hostname":"WORKSTATION5","ProcessName":"C:\\Windows\\System32\\svchost.exe","ProcessId":"0xb84","AccessList":"%%4432\n\t\t\t\t","SourceName":"Microsoft-Windows-Security-Auditing","HandleId":"0x49c"}
{"SubjectUserName":"LOCAL SERVICE","TimeCreated":"2020-10-21 12:19:07.589","SubjectLogonId":"0x3e5","SubjectDomainName":"NT AUTHORITY","ObjectServer":"Security","SubjectUserSid":"S-1-5-19","EventID":4658,"Channel":"Security","Task":"12801","Message":"The handle to an object was closed.\r\n\r\nSubject :\r\n\tSecurity ID:\t\tS-1-5-19\r\n\tAccount Name:\t\tLOCAL SERVICE\r\n\tAccount Domain:\t\tNT AUTHORITY\r\n\tLogon ID:\t\t0x3E5\r\n\r\nObject:\r\n\tObject Server:\t\tSecurity\r\n\tHandle ID:\t\t0x49c\r\n\r\nProcess Information:\r\n\tProcess ID:\t\t0xb84\r\n\tProcess Name:\t\tC:\\Windows\\System32\\svchost.exe","Hostname":"WORKSTATION5","ProcessName":"C:\\Windows\\System32\\svchost.exe","ProcessId":"0xb84","SourceName":"Microsoft-Windows-Security-Auditing","HandleId":"0x49c"}
{"SubjectUserName":"LOCAL SERVICE","TimeCreated":"2020-10-21 12:19:07.592","SubjectLogonId":"0x3e5","SubjectDomainName":"NT AUTHORITY","TargetProcessId":"0x4","SubjectUserSid":"S-1-5-19","SourceHandleId":"0x7b0","EventID":4690,"Channel":"Security","Task":"12807","TargetHandleId":"0x16ac","Message":"An attempt was made to duplicate a handle to an object.\r\n\r\nSubject:\r\n\tSecurity ID:\t\tS-1-5-19\r\n\tAccount Name:\t\tLOCAL SERVICE\r\n\tAccount Domain:\t\tNT AUTHORITY\r\n\tLogon ID:\t\t0x3E5\r\n\r\nSource Handle Information:\r\n\tSource Handle ID:\t0x7b0\r\n\tSource Process ID:\t0xb84\r\n\r\nNew Handle Information:\r\n\tTarget Handle ID:\t0x16ac\r\n\tTarget Process ID:\t0x4","Hostname":"WORKSTATION5","SourceProcessId":"0xb84","SourceName":"Microsoft-Windows-Security-Auditing"}
{"SubjectUserName":"LOCAL SERVICE","TimeCreated":"2020-10-21 12:19:07.592","SubjectLogonId":"0x3e5","SubjectDomainName":"NT AUTHORITY","ObjectServer":"Security","SubjectUserSid":"S-1-5-19","EventID":4658,"Channel":"Security","Task":"12801","Message":"The handle to an object was closed.\r\n\r\nSubject :\r\n\tSecurity ID:\t\tS-1-5-19\r\n\tAccount Name:\t\tLOCAL SERVICE\r\n\tAccount Domain:\t\tNT AUTHORITY\r\n\tLogon ID:\t\t0x3E5\r\n\r\nObject:\r\n\tObject Server:\t\tSecurity\r\n\tHandle ID:\t\t0x16ac\r\n\r\nProcess Information:\r\n\tProcess ID:\t\t0xb84\r\n\tProcess Name:\t\tC:\\Windows\\System32\\svchost.exe","Hostname":"WORKSTATION5","ProcessName":"C:\\Windows\\System32\\svchost.exe","ProcessId":"0xb84","SourceName":"Microsoft-Windows-Security-Auditing","HandleId":"0x16ac"}
{"SubjectUserName":"LOCAL SERVICE","TimeCreated":"2020-10-21 12:19:07.592","SubjectLogonId":"0x3e5","ResourceAttributes":"-","SubjectDomainName":"NT AUTHORITY","PrivilegeList":"-","ObjectServer":"Security","ObjectType":"Key","SubjectUserSid":"S-1-5-19","EventID":4656,"Channel":"Security","Task":"12801","ObjectName":"\\REGISTRY\\MACHINE\\SYSTEM\\ControlSet001\\Control\\Lsa","AccessMask":"0x1","Message":"A handle to an object was requested.\r\n\r\nSubject:\r\n\tSecurity ID:\t\tS-1-5-19\r\n\tAccount Name:\t\tLOCAL SERVICE\r\n\tAccount Domain:\t\tNT AUTHORITY\r\n\tLogon ID:\t\t0x3E5\r\n\r\nObject:\r\n\tObject Server:\t\tSecurity\r\n\tObject Type:\t\tKey\r\n\tObject Name:\t\t\\REGISTRY\\MACHINE\\SYSTEM\\ControlSet001\\Control\\Lsa\r\n\tHandle ID:\t\t0x7b0\r\n\tResource Attributes:\t-\r\n\r\nProcess Information:\r\n\tProcess ID:\t\t0xb84\r\n\tProcess Name:\t\tC:\\Windows\\System32\\svchost.exe\r\n\r\nAccess Request Information:\r\n\tTransaction ID:\t\t{00000000-0000-0000-0000-000000000000}\r\n\tAccesses:\t\tQuery key value\r\n\t\t\t\t\r\n\tAccess Reasons:\t\t-\r\n\tAccess Mask:\t\t0x1\r\n\tPrivileges Used for Access Check:\t-\r\n\tRestricted SID Count:\t5","Hostname":"WORKSTATION5","ProcessName":"C:\\Windows\\System32\\svchost.exe","ProcessId":"0xb84","AccessReason":"-","RestrictedSidCount":"5","AccessList":"%%4432\n\t\t\t\t","SourceName":"Microsoft-Windows-Security-Auditing","HandleId":"0x7b0","TransactionId":"{00000000-0000-0000-0000-000000000000}"}
{"SubjectUserName":"LOCAL SERVICE","TimeCreated":"2020-10-21 12:19:07.592","SubjectLogonId":"0x3e5","ResourceAttributes":"-","SubjectDomainName":"NT AUTHORITY","ObjectServer":"Security","ObjectType":"Key","SubjectUserSid":"S-1-5-19","EventID":4663,"Channel":"Security","Task":"12801","ObjectName":"\\REGISTRY\\MACHINE\\SYSTEM\\ControlSet001\\Control\\Lsa","AccessMask":"0x1","Message":"An attempt was made to access an object.\r\n\r\nSubject:\r\n\tSecurity ID:\t\tS-1-5-19\r\n\tAccount Name:\t\tLOCAL SERVICE\r\n\tAccount Domain:\t\tNT AUTHORITY\r\n\tLogon ID:\t\t0x3E5\r\n\r\nObject:\r\n\tObject Server:\t\tSecurity\r\n\tObject Type:\t\tKey\r\n\tObject Name:\t\t\\REGISTRY\\MACHINE\\SYSTEM\\ControlSet001\\Control\\Lsa\r\n\tHandle ID:\t\t0x7b0\r\n\tResource Attributes:\t-\r\n\r\nProcess Information:\r\n\tProcess ID:\t\t0xb84\r\n\tProcess Name:\t\tC:\\Windows\\System32\\svchost.exe\r\n\r\nAccess Request Information:\r\n\tAccesses:\t\tQuery key value\r\n\t\t\t\t\r\n\tAccess Mask:\t\t0x1","Hostname":"WORKSTATION5","ProcessName":"C:\\Windows\\System32\\svchost.exe","ProcessId":"0xb84","AccessList":"%%4432\n\t\t\t\t","SourceName":"Microsoft-Windows-Security-Auditing","HandleId":"0x7b0"}
{"SubjectUserName":"LOCAL SERVICE","TimeCreated":"2020-10-21 12:19:07.592","SubjectLogonId":"0x3e5","SubjectDomainName":"NT AUTHORITY","ObjectServer":"Security","SubjectUserSid":"S-1-5-19","EventID":4658,"Channel":"Security","Task":"12801","Message":"The handle to an object was closed.\r\n\r\nSubject :\r\n\tSecurity ID:\t\tS-1-5-19\r\n\tAccount Name:\t\tLOCAL SERVICE\r\n\tAccount Domain:\t\tNT AUTHORITY\r\n\tLogon ID:\t\t0x3E5\r\n\r\nObject:\r\n\tObject Server:\t\tSecurity\r\n\tHandle ID:\t\t0x7b0\r\n\r\nProcess Information:\r\n\tProcess ID:\t\t0xb84\r\n\tProcess Name:\t\tC:\\Windows\\System32\\svchost.exe","Hostname":"WORKSTATION5","ProcessName":"C:\\Windows\\System32\\svchost.exe","ProcessId":"0xb84","SourceName":"Microsoft-Windows-Security-Auditing","HandleId":"0x7b0"}
{"SubjectUserName":"WORKSTATION5$","TimeCreated":"2020-10-21 12:19:07.593","SubjectLogonId":"0x3e7","SubjectDomainName":"WORKGROUP","TargetProcessId":"0x4","SubjectUserSid":"S-1-5-18","SourceHandleId":"0x2cc","EventID":4690,"Channel":"Security","Task":"12807","TargetHandleId":"0x38ec","Message":"An attempt was made to duplicate a handle to an object.\r\n\r\nSubject:\r\n\tSecurity ID:\t\tS-1-5-18\r\n\tAccount Name:\t\tWORKSTATION5$\r\n\tAccount Domain:\t\tWORKGROUP\r\n\tLogon ID:\t\t0x3E7\r\n\r\nSource Handle Information:\r\n\tSource Handle ID:\t0x2cc\r\n\tSource Process ID:\t0x75c\r\n\r\nNew Handle Information:\r\n\tTarget Handle ID:\t0x38ec\r\n\tTarget Process ID:\t0x4","Hostname":"WORKSTATION5","SourceProcessId":"0x75c","SourceName":"Microsoft-Windows-Security-Auditing"}
{"SubjectUserName":"WORKSTATION5$","TimeCreated":"2020-10-21 12:19:07.593","SubjectLogonId":"0x3e7","SubjectDomainName":"WORKGROUP","ObjectServer":"Security","SubjectUserSid":"S-1-5-18","EventID":4658,"Channel":"Security","Task":"12801","Message":"The handle to an object was closed.\r\n\r\nSubject :\r\n\tSecurity ID:\t\tS-1-5-18\r\n\tAccount Name:\t\tWORKSTATION5$\r\n\tAccount Domain:\t\tWORKGROUP\r\n\tLogon ID:\t\t0x3E7\r\n\r\nObject:\r\n\tObject Server:\t\tSecurity\r\n\tHandle ID:\t\t0x38ec\r\n\r\nProcess Information:\r\n\tProcess ID:\t\t0x75c\r\n\tProcess Name:\t\tC:\\Windows\\System32\\svchost.exe","Hostname":"WORKSTATION5","ProcessName":"C:\\Windows\\System32\\svchost.exe","ProcessId":"0x75c","SourceName":"Microsoft-Windows-Security-Auditing","HandleId":"0x38ec"}
{"SubjectUserName":"WORKSTATION5$","TimeCreated":"2020-10-21 12:19:07.593","SubjectLogonId":"0x3e7","ResourceAttributes":"-","SubjectDomainName":"WORKGROUP","PrivilegeList":"-","ObjectServer":"Security","ObjectType":"Key","SubjectUserSid":"S-1-5-18","EventID":4656,"Channel":"Security","Task":"12801","ObjectName":"\\REGISTRY\\MACHINE\\SOFTWARE\\Microsoft\\Windows NT\\CurrentVersion\\Winlogon","AccessMask":"0x20019","Message":"A handle to an object was requested.\r\n\r\nSubject:\r\n\tSecurity ID:\t\tS-1-5-18\r\n\tAccount Name:\t\tWORKSTATION5$\r\n\tAccount Domain:\t\tWORKGROUP\r\n\tLogon ID:\t\t0x3E7\r\n\r\nObject:\r\n\tObject Server:\t\tSecurity\r\n\tObject Type:\t\tKey\r\n\tObject Name:\t\t\\REGISTRY\\MACHINE\\SOFTWARE\\Microsoft\\Windows NT\\CurrentVersion\\Winlogon\r\n\tHandle ID:\t\t0x2cc\r\n\tResource Attributes:\t-\r\n\r\nProcess Information:\r\n\tProcess ID:\t\t0x75c\r\n\tProcess Name:\t\tC:\\Windows\\System32\\svchost.exe\r\n\r\nAccess Request Information:\r\n\tTransaction ID:\t\t{00000000-0000-0000-0000-000000000000}\r\n\tAccesses:\t\tREAD_CONTROL\r\n\t\t\t\tQuery key value\r\n\t\t\t\tEnumerate sub-keys\r\n\t\t\t\tNotify about changes to keys\r\n\t\t\t\t\r\n\tAccess Reasons:\t\t-\r\n\tAccess Mask:\t\t0x20019\r\n\tPrivileges Used for Access Check:\t-\r\n\tRestricted SID Count:\t0","Hostname":"WORKSTATION5","ProcessName":"C:\\Windows\\System32\\svchost.exe","ProcessId":"0x75c","AccessReason":"-","RestrictedSidCount":"0","AccessList":"%%1538\n\t\t\t\t%%4432\n\t\t\t\t%%4435\n\t\t\t\t%%4436\n\t\t\t\t","SourceName":"Microsoft-Windows-Security-Auditing","HandleId":"0x2cc","TransactionId":"{00000000-0000-0000-0000-000000000000}"}
{"SubjectUserName":"WORKSTATION5$","TimeCreated":"2020-10-21 12:19:07.593","SubjectLogonId":"0x3e7","ResourceAttributes":"-","SubjectDomainName":"WORKGROUP","ObjectServer":"Security","ObjectType":"Key","SubjectUserSid":"S-1-5-18","EventID":4663,"Channel":"Security","Task":"12801","ObjectName":"\\REGISTRY\\MACHINE\\SOFTWARE\\Microsoft\\Windows NT\\CurrentVersion\\Winlogon","AccessMask":"0x1","Message":"An attempt was made to access an object.\r\n\r\nSubject:\r\n\tSecurity ID:\t\tS-1-5-18\r\n\tAccount Name:\t\tWORKSTATION5$\r\n\tAccount Domain:\t\tWORKGROUP\r\n\tLogon ID:\t\t0x3E7\r\n\r\nObject:\r\n\tObject Server:\t\tSecurity\r\n\tObject Type:\t\tKey\r\n\tObject Name:\t\t\\REGISTRY\\MACHINE\\SOFTWARE\\Microsoft\\Windows NT\\CurrentVersion\\Winlogon\r\n\tHandle ID:\t\t0x2cc\r\n\tResource Attributes:\t-\r\n\r\nProcess Information:\r\n\tProcess ID:\t\t0x75c\r\n\tProcess Name:\t\tC:\\Windows\\System32\\svchost.exe\r\n\r\nAccess Request Information:\r\n\tAccesses:\t\tQuery key value\r\n\t\t\t\t\r\n\tAccess Mask:\t\t0x1","Hostname":"WORKSTATION5","ProcessName":"C:\\Windows\\System32\\svchost.exe","ProcessId":"0x75c","AccessList":"%%4432\n\t\t\t\t","SourceName":"Microsoft-Windows-Security-Auditing","HandleId":"0x2cc"}
{"SubjectUserName":"WORKSTATION5$","TimeCreated":"2020-10-21 12:19:07.593","SubjectLogonId":"0x3e7","SubjectDomainName":"WORKGROUP","ObjectServer":"Security","SubjectUserSid":"S-1-5-18","EventID":4658,"Channel":"Security","Task":"12801","Message":"The handle to an object was closed.\r\n\r\nSubject :\r\n\tSecurity ID:\t\tS-1-5-18\r\n\tAccount Name:\t\tWORKSTATION5$\r\n\tAccount Domain:\t\tWORKGROUP\r\n\tLogon ID:\t\t0x3E7\r\n\r\nObject:\r\n\tObject Server:\t\tSecurity\r\n\tHandle ID:\t\t0x2cc\r\n\r\nProcess Information:\r\n\tProcess ID:\t\t0x75c\r\n\tProcess Name:\t\tC:\\Windows\\System32\\svchost.exe","Hostname":"WORKSTATION5","ProcessName":"C:\\Windows\\System32\\svchost.exe","ProcessId":"0x75c","SourceName":"Microsoft-Windows-Security-Auditing","HandleId":"0x2cc"}
{"SubjectUserName":"WORKSTATION5$","TimeCreated":"2020-10-21 12:19:07.593","SubjectLogonId":"0x3e7","SubjectDomainName":"WORKGROUP","TargetProcessId":"0x4","SubjectUserSid":"S-1-5-18","SourceHandleId":"0x2d8","EventID":4690,"Channel":"Security","Task":"12807","TargetHandleId":"0x38ec","Message":"An attempt was made to duplicate a handle to an object.\r\n\r\nSubject:\r\n\tSecurity ID:\t\tS-1-5-18\r\n\tAccount Name:\t\tWORKSTATION5$\r\n\tAccount Domain:\t\tWORKGROUP\r\n\tLogon ID:\t\t0x3E7\r\n\r\nSource Handle Information:\r\n\tSource Handle ID:\t0x2d8\r\n\tSource Process ID:\t0x75c\r\n\r\nNew Handle Information:\r\n\tTarget Handle ID:\t0x38ec\r\n\tTarget Process ID:\t0x4","Hostname":"WORKSTATION5","SourceProcessId":"0x75c","SourceName":"Microsoft-Windows-Security-Auditing"}
{"SubjectUserName":"WORKSTATION5$","TimeCreated":"2020-10-21 12:19:07.593","SubjectLogonId":"0x3e7","SubjectDomainName":"WORKGROUP","ObjectServer":"Security","SubjectUserSid":"S-1-5-18","EventID":4658,"Channel":"Security","Task":"12801","Message":"The handle to an object was closed.\r\n\r\nSubject :\r\n\tSecurity ID:\t\tS-1-5-18\r\n\tAccount Name:\t\tWORKSTATION5$\r\n\tAccount Domain:\t\tWORKGROUP\r\n\tLogon ID:\t\t0x3E7\r\n\r\nObject:\r\n\tObject Server:\t\tSecurity\r\n\tHandle ID:\t\t0x38ec\r\n\r\nProcess Information:\r\n\tProcess ID:\t\t0x75c\r\n\tProcess Name:\t\tC:\\Windows\\System32\\svchost.exe","Hostname":"WORKSTATION5","ProcessName":"C:\\Windows\\System32\\svchost.exe","ProcessId":"0x75c","SourceName":"Microsoft-Windows-Security-Auditing","HandleId":"0x38ec"}
{"SubjectUserName":"WORKSTATION5$","TimeCreated":"2020-10-21 12:19:07.593","SubjectLogonId":"0x3e7","ResourceAttributes":"-","SubjectDomainName":"WORKGROUP","PrivilegeList":"-","ObjectServer":"Security","ObjectType":"Key","SubjectUserSid":"S-1-5-18","EventID":4656,"Channel":"Security","Task":"12801","ObjectName":"\\REGISTRY\\MACHINE\\SOFTWARE\\Microsoft\\Windows NT\\CurrentVersion\\Winlogon","AccessMask":"0x20019","Message":"A handle to an object was requested.\r\n\r\nSubject:\r\n\tSecurity ID:\t\tS-1-5-18\r\n\tAccount Name:\t\tWORKSTATION5$\r\n\tAccount Domain:\t\tWORKGROUP\r\n\tLogon ID:\t\t0x3E7\r\n\r\nObject:\r\n\tObject Server:\t\tSecurity\r\n\tObject Type:\t\tKey\r\n\tObject Name:\t\t\\REGISTRY\\MACHINE\\SOFTWARE\\Microsoft\\Windows NT\\CurrentVersion\\Winlogon\r\n\tHandle ID:\t\t0x2d8\r\n\tResource Attributes:\t-\r\n\r\nProcess Information:\r\n\tProcess ID:\t\t0x75c\r\n\tProcess Name:\t\tC:\\Windows\\System32\\svchost.exe\r\n\r\nAccess Request Information:\r\n\tTransaction ID:\t\t{00000000-0000-0000-0000-000000000000}\r\n\tAccesses:\t\tREAD_CONTROL\r\n\t\t\t\tQuery key value\r\n\t\t\t\tEnumerate sub-keys\r\n\t\t\t\tNotify about changes to keys\r\n\t\t\t\t\r\n\tAccess Reasons:\t\t-\r\n\tAccess Mask:\t\t0x20019\r\n\tPrivileges Used for Access Check:\t-\r\n\tRestricted SID Count:\t0","Hostname":"WORKSTATION5","ProcessName":"C:\\Windows\\System32\\svchost.exe","ProcessId":"0x75c","AccessReason":"-","RestrictedSidCount":"0","AccessList":"%%1538\n\t\t\t\t%%4432\n\t\t\t\t%%4435\n\t\t\t\t%%4436\n\t\t\t\t","SourceName":"Microsoft-Windows-Security-Auditing","HandleId":"0x2d8","TransactionId":"{00000000-0000-0000-0000-000000000000}"}
{"SubjectUserName":"WORKSTATION5$","TimeCreated":"2020-10-21 12:19:07.593","SubjectLogonId":"0x3e7","ResourceAttributes":"-","SubjectDomainName":"WORKGROUP","ObjectServer":"Security","ObjectType":"Key","SubjectUserSid":"S-1-5-18","EventID":4663,"Channel":"Security","Task":"12801","ObjectName":"\\REGISTRY\\MACHINE\\SOFTWARE\\Microsoft\\Windows NT\\CurrentVersion\\Winlogon","AccessMask":"0x1","Message":"An attempt was made to access an object.\r\n\r\nSubject:\r\n\tSecurity ID:\t\tS-1-5-18\r\n\tAccount Name:\t\tWORKSTATION5$\r\n\tAccount Domain:\t\tWORKGROUP\r\n\tLogon ID:\t\t0x3E7\r\n\r\nObject:\r\n\tObject Server:\t\tSecurity\r\n\tObject Type:\t\tKey\r\n\tObject Name:\t\t\\REGISTRY\\MACHINE\\SOFTWARE\\Microsoft\\Windows NT\\CurrentVersion\\Winlogon\r\n\tHandle ID:\t\t0x2d8\r\n\tResource Attributes:\t-\r\n\r\nProcess Information:\r\n\tProcess ID:\t\t0x75c\r\n\tProcess Name:\t\tC:\\Windows\\System32\\svchost.exe\r\n\r\nAccess Request Information:\r\n\tAccesses:\t\tQuery key value\r\n\t\t\t\t\r\n\tAccess Mask:\t\t0x1","Hostname":"WORKSTATION5","ProcessName":"C:\\Windows\\System32\\svchost.exe","ProcessId":"0x75c","AccessList":"%%4432\n\t\t\t\t","SourceName":"Microsoft-Windows-Security-Auditing","HandleId":"0x2d8"}
{"SubjectUserName":"WORKSTATION5$","TimeCreated":"2020-10-21 12:19:07.593","SubjectLogonId":"0x3e7","SubjectDomainName":"WORKGROUP","ObjectServer":"Security","SubjectUserSid":"S-1-5-18","EventID":4658,"Channel":"Security","Task":"12801","Message":"The handle to an object was closed.\r\n\r\nSubject :\r\n\tSecurity ID:\t\tS-1-5-18\r\n\tAccount Name:\t\tWORKSTATION5$\r\n\tAccount Domain:\t\tWORKGROUP\r\n\tLogon ID:\t\t0x3E7\r\n\r\nObject:\r\n\tObject Server:\t\tSecurity\r\n\tHandle ID:\t\t0x2d8\r\n\r\nProcess Information:\r\n\tProcess ID:\t\t0x75c\r\n\tProcess Name:\t\tC:\\Windows\\System32\\svchost.exe","Hostname":"WORKSTATION5","ProcessName":"C:\\Windows\\System32\\svchost.exe","ProcessId":"0x75c","SourceName":"Microsoft-Windows-Security-Auditing","HandleId":"0x2d8"}
{"SubjectUserName":"LOCAL SERVICE","TimeCreated":"2020-10-21 12:19:07.593","SubjectLogonId":"0x3e5","SubjectDomainName":"NT AUTHORITY","TargetProcessId":"0x4","SubjectUserSid":"S-1-5-19","SourceHandleId":"0x490","EventID":4690,"Channel":"Security","Task":"12807","TargetHandleId":"0x360c","Message":"An attempt was made to duplicate a handle to an object.\r\n\r\nSubject:\r\n\tSecurity ID:\t\tS-1-5-19\r\n\tAccount Name:\t\tLOCAL SERVICE\r\n\tAccount Domain:\t\tNT AUTHORITY\r\n\tLogon ID:\t\t0x3E5\r\n\r\nSource Handle Information:\r\n\tSource Handle ID:\t0x490\r\n\tSource Process ID:\t0xb84\r\n\r\nNew Handle Information:\r\n\tTarget Handle ID:\t0x360c\r\n\tTarget Process ID:\t0x4","Hostname":"WORKSTATION5","SourceProcessId":"0xb84","SourceName":"Microsoft-Windows-Security-Auditing"}
{"SubjectUserName":"LOCAL SERVICE","TimeCreated":"2020-10-21 12:19:07.593","SubjectLogonId":"0x3e5","SubjectDomainName":"NT AUTHORITY","ObjectServer":"Security","SubjectUserSid":"S-1-5-19","EventID":4658,"Channel":"Security","Task":"12801","Message":"The handle to an object was closed.\r\n\r\nSubject :\r\n\tSecurity ID:\t\tS-1-5-19\r\n\tAccount Name:\t\tLOCAL SERVICE\r\n\tAccount Domain:\t\tNT AUTHORITY\r\n\tLogon ID:\t\t0x3E5\r\n\r\nObject:\r\n\tObject Server:\t\tSecurity\r\n\tHandle ID:\t\t0x360c\r\n\r\nProcess Information:\r\n\tProcess ID:\t\t0xb84\r\n\tProcess Name:\t\tC:\\Windows\\System32\\svchost.exe","Hostname":"WORKSTATION5","ProcessName":"C:\\Windows\\System32\\svchost.exe","ProcessId":"0xb84","SourceName":"Microsoft-Windows-Security-Auditing","HandleId":"0x360c"}
{"SubjectUserName":"LOCAL SERVICE","TimeCreated":"2020-10-21 12:19:07.593","SubjectLogonId":"0x3e5","ResourceAttributes":"-","SubjectDomainName":"NT AUTHORITY","PrivilegeList":"-","ObjectServer":"Security","ObjectType":"Key","SubjectUserSid":"S-1-5-19","EventID":4656,"Channel":"Security","Task":"12801","ObjectName":"\\REGISTRY\\MACHINE\\SYSTEM\\ControlSet001\\Control\\Lsa","AccessMask":"0x1","Message":"A handle to an object was requested.\r\n\r\nSubject:\r\n\tSecurity ID:\t\tS-1-5-19\r\n\tAccount Name:\t\tLOCAL SERVICE\r\n\tAccount Domain:\t\tNT AUTHORITY\r\n\tLogon ID:\t\t0x3E5\r\n\r\nObject:\r\n\tObject Server:\t\tSecurity\r\n\tObject Type:\t\tKey\r\n\tObject Name:\t\t\\REGISTRY\\MACHINE\\SYSTEM\\ControlSet001\\Control\\Lsa\r\n\tHandle ID:\t\t0x490\r\n\tResource Attributes:\t-\r\n\r\nProcess Information:\r\n\tProcess ID:\t\t0xb84\r\n\tProcess Name:\t\tC:\\Windows\\System32\\svchost.exe\r\n\r\nAccess Request Information:\r\n\tTransaction ID:\t\t{00000000-0000-0000-0000-000000000000}\r\n\tAccesses:\t\tQuery key value\r\n\t\t\t\t\r\n\tAccess Reasons:\t\t-\r\n\tAccess Mask:\t\t0x1\r\n\tPrivileges Used for Access Check:\t-\r\n\tRestricted SID Count:\t5","Hostname":"WORKSTATION5","ProcessName":"C:\\Windows\\System32\\svchost.exe","ProcessId":"0xb84","AccessReason":"-","RestrictedSidCount":"5","AccessList":"%%4432\n\t\t\t\t","SourceName":"Microsoft-Windows-Security-Auditing","HandleId":"0x490","TransactionId":"{00000000-0000-0000-0000-000000000000}"}
{"SubjectUserName":"LOCAL SERVICE","TimeCreated":"2020-10-21 12:19:07.593","SubjectLogonId":"0x3e5","ResourceAttributes":"-","SubjectDomainName":"NT AUTHORITY","ObjectServer":"Security","ObjectType":"Key","SubjectUserSid":"S-1-5-19","EventID":4663,"Channel":"Security","Task":"12801","ObjectName":"\\REGISTRY\\MACHINE\\SYSTEM\\ControlSet001\\Control\\Lsa","AccessMask":"0x1","Message":"An attempt was made to access an object.\r\n\r\nSubject:\r\n\tSecurity ID:\t\tS-1-5-19\r\n\tAccount Name:\t\tLOCAL SERVICE\r\n\tAccount Domain:\t\tNT AUTHORITY\r\n\tLogon ID:\t\t0x3E5\r\n\r\nObject:\r\n\tObject Server:\t\tSecurity\r\n\tObject Type:\t\tKey\r\n\tObject Name:\t\t\\REGISTRY\\MACHINE\\SYSTEM\\ControlSet001\\Control\\Lsa\r\n\tHandle ID:\t\t0x490\r\n\tResource Attributes:\t-\r\n\r\nProcess Information:\r\n\tProcess ID:\t\t0xb84\r\n\tProcess Name:\t\tC:\\Windows\\System32\\svchost.exe\r\n\r\nAccess Request Information:\r\n\tAccesses:\t\tQuery key value\r\n\t\t\t\t\r\n\tAccess Mask:\t\t0x1","Hostname":"WORKSTATION5","ProcessName":"C:\\Windows\\System32\\svchost.exe","ProcessId":"0xb84","AccessList":"%%4432\n\t\t\t\t","SourceName":"Microsoft-Windows-Security-Auditing","HandleId":"0x490"}
{"SubjectUserName":"LOCAL SERVICE","TimeCreated":"2020-10-21 12:19:07.593","SubjectLogonId":"0x3e5","SubjectDomainName":"NT AUTHORITY","ObjectServer":"Security","SubjectUserSid":"S-1-5-19","EventID":4658,"Channel":"Security","Task":"12801","Message":"The handle to an object was closed.\r\n\r\nSubject :\r\n\tSecurity ID:\t\tS-1-5-19\r\n\tAccount Name:\t\tLOCAL SERVICE\r\n\tAccount Domain:\t\tNT AUTHORITY\r\n\tLogon ID:\t\t0x3E5\r\n\r\nObject:\r\n\tObject Server:\t\tSecurity\r\n\tHandle ID:\t\t0x490\r\n\r\nProcess Information:\r\n\tProcess ID:\t\t0xb84\r\n\tProcess Name:\t\tC:\\Windows\\System32\\svchost.exe","Hostname":"WORKSTATION5","ProcessName":"C:\\Windows\\System32\\svchost.exe","ProcessId":"0xb84","SourceName":"Microsoft-Windows-Security-Auditing","HandleId":"0x490"}
{"SubjectUserName":"LOCAL SERVICE","TimeCreated":"2020-10-21 12:19:07.593","SubjectLogonId":"0x3e5","SubjectDomainName":"NT AUTHORITY","TargetProcessId":"0x4","SubjectUserSid":"S-1-5-19","SourceHandleId":"0x7b0","EventID":4690,"Channel":"Security","Task":"12807","TargetHandleId":"0x360c","Message":"An attempt was made to duplicate a handle to an object.\r\n\r\nSubject:\r\n\tSecurity ID:\t\tS-1-5-19\r\n\tAccount Name:\t\tLOCAL SERVICE\r\n\tAccount Domain:\t\tNT AUTHORITY\r\n\tLogon ID:\t\t0x3E5\r\n\r\nSource Handle Information:\r\n\tSource Handle ID:\t0x7b0\r\n\tSource Process ID:\t0xb84\r\n\r\nNew Handle Information:\r\n\tTarget Handle ID:\t0x360c\r\n\tTarget Process ID:\t0x4","Hostname":"WORKSTATION5","SourceProcessId":"0xb84","SourceName":"Microsoft-Windows-Security-Auditing"}
{"SubjectUserName":"LOCAL SERVICE","TimeCreated":"2020-10-21 12:19:07.593","SubjectLogonId":"0x3e5","SubjectDomainName":"NT AUTHORITY","ObjectServer":"Security","SubjectUserSid":"S-1-5-19","EventID":4658,"Channel":"Security","Task":"12801","Message":"The handle to an object was closed.\r\n\r\nSubject :\r\n\tSecurity ID:\t\tS-1-5-19\r\n\tAccount Name:\t\tLOCAL SERVICE\r\n\tAccount Domain:\t\tNT AUTHORITY\r\n\tLogon ID:\t\t0x3E5\r\n\r\nObject:\r\n\tObject Server:\t\tSecurity\r\n\tHandle ID:\t\t0x360c\r\n\r\nProcess Information:\r\n\tProcess ID:\t\t0xb84\r\n\tProcess Name:\t\tC:\\Windows\\System32\\svchost.exe","Hostname":"WORKSTATION5","ProcessName":"C:\\Windows\\System32\\svchost.exe","ProcessId":"0xb84","SourceName":"Microsoft-Windows-Security-Auditing","HandleId":"0x360c"}
{"SubjectUserName":"LOCAL SERVICE","TimeCreated":"2020-10-21 12:19:07.593","SubjectLogonId":"0x3e5","ResourceAttributes":"-","SubjectDomainName":"NT AUTHORITY","PrivilegeList":"-","ObjectServer":"Security","ObjectType":"Key","SubjectUserSid":"S-1-5-19","EventID":4656,"Channel":"Security","Task":"12801","ObjectName":"\\REGISTRY\\MACHINE\\SYSTEM\\ControlSet001\\Control\\Lsa","AccessMask":"0x1","Message":"A handle to an object was requested.\r\n\r\nSubject:\r\n\tSecurity ID:\t\tS-1-5-19\r\n\tAccount Name:\t\tLOCAL SERVICE\r\n\tAccount Domain:\t\tNT AUTHORITY\r\n\tLogon ID:\t\t0x3E5\r\n\r\nObject:\r\n\tObject Server:\t\tSecurity\r\n\tObject Type:\t\tKey\r\n\tObject Name:\t\t\\REGISTRY\\MACHINE\\SYSTEM\\ControlSet001\\Control\\Lsa\r\n\tHandle ID:\t\t0x7b0\r\n\tResource Attributes:\t-\r\n\r\nProcess Information:\r\n\tProcess ID:\t\t0xb84\r\n\tProcess Name:\t\tC:\\Windows\\System32\\svchost.exe\r\n\r\nAccess Request Information:\r\n\tTransaction ID:\t\t{00000000-0000-0000-0000-000000000000}\r\n\tAccesses:\t\tQuery key value\r\n\t\t\t\t\r\n\tAccess Reasons:\t\t-\r\n\tAccess Mask:\t\t0x1\r\n\tPrivileges Used for Access Check:\t-\r\n\tRestricted SID Count:\t5","Hostname":"WORKSTATION5","ProcessName":"C:\\Windows\\System32\\svchost.exe","ProcessId":"0xb84","AccessReason":"-","RestrictedSidCount":"5","AccessList":"%%4432\n\t\t\t\t","SourceName":"Microsoft-Windows-Security-Auditing","HandleId":"0x7b0","TransactionId":"{00000000-0000-0000-0000-000000000000}"}
{"SubjectUserName":"LOCAL SERVICE","TimeCreated":"2020-10-21 12:19:07.593","SubjectLogonId":"0x3e5","ResourceAttributes":"-","SubjectDomainName":"NT AUTHORITY","ObjectServer":"Security","ObjectType":"Key","SubjectUserSid":"S-1-5-19","EventID":4663,"Channel":"Security","Task":"12801","ObjectName":"\\REGISTRY\\MACHINE\\SYSTEM\\ControlSet001\\Control\\Lsa","AccessMask":"0x1","Message":"An attempt was made to access an object.\r\n\r\nSubject:\r\n\tSecurity ID:\t\tS-1-5-19\r\n\tAccount Name:\t\tLOCAL SERVICE\r\n\tAccount Domain:\t\tNT AUTHORITY\r\n\tLogon ID:\t\t0x3E5\r\n\r\nObject:\r\n\tObject Server:\t\tSecurity\r\n\tObject Type:\t\tKey\r\n\tObject Name:\t\t\\REGISTRY\\MACHINE\\SYSTEM\\ControlSet001\\Control\\Lsa\r\n\tHandle ID:\t\t0x7b0\r\n\tResource Attributes:\t-\r\n\r\nProcess Information:\r\n\tProcess ID:\t\t0xb84\r\n\tProcess Name:\t\tC:\\Windows\\System32\\svchost.exe\r\n\r\nAccess Request Information:\r\n\tAccesses:\t\tQuery key value\r\n\t\t\t\t\r\n\tAccess Mask:\t\t0x1","Hostname":"WORKSTATION5","ProcessName":"C:\\Windows\\System32\\svchost.exe","ProcessId":"0xb84","AccessList":"%%4432\n\t\t\t\t","SourceName":"Microsoft-Windows-Security-Auditing","HandleId":"0x7b0"}
{"SubjectUserName":"LOCAL SERVICE","TimeCreated":"2020-10-21 12:19:07.593","SubjectLogonId":"0x3e5","SubjectDomainName":"NT AUTHORITY","ObjectServer":"Security","SubjectUserSid":"S-1-5-19","EventID":4658,"Channel":"Security","Task":"12801","Message":"The handle to an object was closed.\r\n\r\nSubject :\r\n\tSecurity ID:\t\tS-1-5-19\r\n\tAccount Name:\t\tLOCAL SERVICE\r\n\tAccount Domain:\t\tNT AUTHORITY\r\n\tLogon ID:\t\t0x3E5\r\n\r\nObject:\r\n\tObject Server:\t\tSecurity\r\n\tHandle ID:\t\t0x7b0\r\n\r\nProcess Information:\r\n\tProcess ID:\t\t0xb84\r\n\tProcess Name:\t\tC:\\Windows\\System32\\svchost.exe","Hostname":"WORKSTATION5","ProcessName":"C:\\Windows\\System32\\svchost.exe","ProcessId":"0xb84","SourceName":"Microsoft-Windows-Security-Auditing","HandleId":"0x7b0"}
{"SubjectUserName":"LOCAL SERVICE","TimeCreated":"2020-10-21 12:19:07.593","SubjectLogonId":"0x3e5","SubjectDomainName":"NT AUTHORITY","TargetProcessId":"0x4","SubjectUserSid":"S-1-5-19","SourceHandleId":"0x7b0","EventID":4690,"Channel":"Security","Task":"12807","TargetHandleId":"0x16ac","Message":"An attempt was made to duplicate a handle to an object.\r\n\r\nSubject:\r\n\tSecurity ID:\t\tS-1-5-19\r\n\tAccount Name:\t\tLOCAL SERVICE\r\n\tAccount Domain:\t\tNT AUTHORITY\r\n\tLogon ID:\t\t0x3E5\r\n\r\nSource Handle Information:\r\n\tSource Handle ID:\t0x7b0\r\n\tSource Process ID:\t0xb84\r\n\r\nNew Handle Information:\r\n\tTarget Handle ID:\t0x16ac\r\n\tTarget Process ID:\t0x4","Hostname":"WORKSTATION5","SourceProcessId":"0xb84","SourceName":"Microsoft-Windows-Security-Auditing"}
{"SubjectUserName":"LOCAL SERVICE","TimeCreated":"2020-10-21 12:19:07.593","SubjectLogonId":"0x3e5","SubjectDomainName":"NT AUTHORITY","ObjectServer":"Security","SubjectUserSid":"S-1-5-19","EventID":4658,"Channel":"Security","Task":"12801","Message":"The handle to an object was closed.\r\n\r\nSubject :\r\n\tSecurity ID:\t\tS-1-5-19\r\n\tAccount Name:\t\tLOCAL SERVICE\r\n\tAccount Domain:\t\tNT AUTHORITY\r\n\tLogon ID:\t\t0x3E5\r\n\r\nObject:\r\n\tObject Server:\t\tSecurity\r\n\tHandle ID:\t\t0x16ac\r\n\r\nProcess Information:\r\n\tProcess ID:\t\t0xb84\r\n\tProcess Name:\t\tC:\\Windows\\System32\\svchost.exe","Hostname":"WORKSTATION5","ProcessName":"C:\\Windows\\System32\\svchost.exe","ProcessId":"0xb84","SourceName":"Microsoft-Windows-Security-Auditing","HandleId":"0x16ac"}
{"SubjectUserName":"LOCAL SERVICE","TimeCreated":"2020-10-21 12:19:07.593","SubjectLogonId":"0x3e5","ResourceAttributes":"-","SubjectDomainName":"NT AUTHORITY","PrivilegeList":"-","ObjectServer":"Security","ObjectType":"Key","SubjectUserSid":"S-1-5-19","EventID":4656,"Channel":"Security","Task":"12801","ObjectName":"\\REGISTRY\\MACHINE\\SYSTEM\\ControlSet001\\Control\\Lsa","AccessMask":"0x1","Message":"A handle to an object was requested.\r\n\r\nSubject:\r\n\tSecurity ID:\t\tS-1-5-19\r\n\tAccount Name:\t\tLOCAL SERVICE\r\n\tAccount Domain:\t\tNT AUTHORITY\r\n\tLogon ID:\t\t0x3E5\r\n\r\nObject:\r\n\tObject Server:\t\tSecurity\r\n\tObject Type:\t\tKey\r\n\tObject Name:\t\t\\REGISTRY\\MACHINE\\SYSTEM\\ControlSet001\\Control\\Lsa\r\n\tHandle ID:\t\t0x7b0\r\n\tResource Attributes:\t-\r\n\r\nProcess Information:\r\n\tProcess ID:\t\t0xb84\r\n\tProcess Name:\t\tC:\\Windows\\System32\\svchost.exe\r\n\r\nAccess Request Information:\r\n\tTransaction ID:\t\t{00000000-0000-0000-0000-000000000000}\r\n\tAccesses:\t\tQuery key value\r\n\t\t\t\t\r\n\tAccess Reasons:\t\t-\r\n\tAccess Mask:\t\t0x1\r\n\tPrivileges Used for Access Check:\t-\r\n\tRestricted SID Count:\t5","Hostname":"WORKSTATION5","ProcessName":"C:\\Windows\\System32\\svchost.exe","ProcessId":"0xb84","AccessReason":"-","RestrictedSidCount":"5","AccessList":"%%4432\n\t\t\t\t","SourceName":"Microsoft-Windows-Security-Auditing","HandleId":"0x7b0","TransactionId":"{00000000-0000-0000-0000-000000000000}"}
{"SubjectUserName":"LOCAL SERVICE","TimeCreated":"2020-10-21 12:19:07.593","SubjectLogonId":"0x3e5","ResourceAttributes":"-","SubjectDomainName":"NT AUTHORITY","ObjectServer":"Security","ObjectType":"Key","SubjectUserSid":"S-1-5-19","EventID":4663,"Channel":"Security","Task":"12801","ObjectName":"\\REGISTRY\\MACHINE\\SYSTEM\\ControlSet001\\Control\\Lsa","AccessMask":"0x1","Message":"An attempt was made to access an object.\r\n\r\nSubject:\r\n\tSecurity ID:\t\tS-1-5-19\r\n\tAccount Name:\t\tLOCAL SERVICE\r\n\tAccount Domain:\t\tNT AUTHORITY\r\n\tLogon ID:\t\t0x3E5\r\n\r\nObject:\r\n\tObject Server:\t\tSecurity\r\n\tObject Type:\t\tKey\r\n\tObject Name:\t\t\\REGISTRY\\MACHINE\\SYSTEM\\ControlSet001\\Control\\Lsa\r\n\tHandle ID:\t\t0x7b0\r\n\tResource Attributes:\t-\r\n\r\nProcess Information:\r\n\tProcess ID:\t\t0xb84\r\n\tProcess Name:\t\tC:\\Windows\\System32\\svchost.exe\r\n\r\nAccess Request Information:\r\n\tAccesses:\t\tQuery key value\r\n\t\t\t\t\r\n\tAccess Mask:\t\t0x1","Hostname":"WORKSTATION5","ProcessName":"C:\\Windows\\System32\\svchost.exe","ProcessId":"0xb84","AccessList":"%%4432\n\t\t\t\t","SourceName":"Microsoft-Windows-Security-Auditing","HandleId":"0x7b0"}
{"SubjectUserName":"LOCAL SERVICE","TimeCreated":"2020-10-21 12:19:07.593","SubjectLogonId":"0x3e5","SubjectDomainName":"NT AUTHORITY","ObjectServer":"Security","SubjectUserSid":"S-1-5-19","EventID":4658,"Channel":"Security","Task":"12801","Message":"The handle to an object was closed.\r\n\r\nSubject :\r\n\tSecurity ID:\t\tS-1-5-19\r\n\tAccount Name:\t\tLOCAL SERVICE\r\n\tAccount Domain:\t\tNT AUTHORITY\r\n\tLogon ID:\t\t0x3E5\r\n\r\nObject:\r\n\tObject Server:\t\tSecurity\r\n\tHandle ID:\t\t0x7b0\r\n\r\nProcess Information:\r\n\tProcess ID:\t\t0xb84\r\n\tProcess Name:\t\tC:\\Windows\\System32\\svchost.exe","Hostname":"WORKSTATION5","ProcessName":"C:\\Windows\\System32\\svchost.exe","ProcessId":"0xb84","SourceName":"Microsoft-Windows-Security-Auditing","HandleId":"0x7b0"}
{"SubjectUserName":"LOCAL SERVICE","TimeCreated":"2020-10-21 12:19:07.594","SubjectLogonId":"0x3e5","SubjectDomainName":"NT AUTHORITY","TargetProcessId":"0x4","SubjectUserSid":"S-1-5-19","SourceHandleId":"0x49c","EventID":4690,"Channel":"Security","Task":"12807","TargetHandleId":"0x360c","Message":"An attempt was made to duplicate a handle to an object.\r\n\r\nSubject:\r\n\tSecurity ID:\t\tS-1-5-19\r\n\tAccount Name:\t\tLOCAL SERVICE\r\n\tAccount Domain:\t\tNT AUTHORITY\r\n\tLogon ID:\t\t0x3E5\r\n\r\nSource Handle Information:\r\n\tSource Handle ID:\t0x49c\r\n\tSource Process ID:\t0xb84\r\n\r\nNew Handle Information:\r\n\tTarget Handle ID:\t0x360c\r\n\tTarget Process ID:\t0x4","Hostname":"WORKSTATION5","SourceProcessId":"0xb84","SourceName":"Microsoft-Windows-Security-Auditing"}
{"SubjectUserName":"LOCAL SERVICE","TimeCreated":"2020-10-21 12:19:07.594","SubjectLogonId":"0x3e5","SubjectDomainName":"NT AUTHORITY","ObjectServer":"Security","SubjectUserSid":"S-1-5-19","EventID":4658,"Channel":"Security","Task":"12801","Message":"The handle to an object was closed.\r\n\r\nSubject :\r\n\tSecurity ID:\t\tS-1-5-19\r\n\tAccount Name:\t\tLOCAL SERVICE\r\n\tAccount Domain:\t\tNT AUTHORITY\r\n\tLogon ID:\t\t0x3E5\r\n\r\nObject:\r\n\tObject Server:\t\tSecurity\r\n\tHandle ID:\t\t0x360c\r\n\r\nProcess Information:\r\n\tProcess ID:\t\t0xb84\r\n\tProcess Name:\t\tC:\\Windows\\System32\\svchost.exe","Hostname":"WORKSTATION5","ProcessName":"C:\\Windows\\System32\\svchost.exe","ProcessId":"0xb84","SourceName":"Microsoft-Windows-Security-Auditing","HandleId":"0x360c"}
