{"@timestamp":"2020-10-29T08:23:19.482Z","TimeCreated":"2020-10-29T08:23:19.482Z","ProviderGuid":"{5770385f-c22a-43e0-bf4c-06f5698ffbd9}","UtcTime":"2020-10-30 00:23:19.479","ProcessGuid":"{14475cd4-50e1-5f9b-b700-000000000500}","Image":"C:\\windows\\Explorer.EXE","Level":"4","Channel":"Microsoft-Windows-Sysmon/Operational","Task":"13","RuleName":"-","SourceName":"Microsoft-Windows-Sysmon","Hostname":"WORKSTATION5.theshire.local","Details":"Binary Data","ProcessId":"6640","EventType":"SetValue","EventID":13,"Keywords":"0x8000000000000000","TargetObject":"HKU\\S-1-5-21-3140987116-517580383-2541594433-1104\\Software\\Microsoft\\Windows\\CurrentVersion\\Explorer\\UserAssist\\{CEBFF5CD-ACE2-4F4F-9178-9926F41749EA}\\Count\\HRZR_PGYFRFFVBA","Message":"Registry value set:\r\nRuleName: -\r\nEventType: SetValue\r\nUtcTime: 2020-10-30 00:23:19.479\r\nProcessGuid: {14475cd4-50e1-5f9b-b700-000000000500}\r\nProcessId: 6640\r\nImage: C:\\windows\\Explorer.EXE\r\nTargetObject: HKU\\S-1-5-21-3140987116-517580383-2541594433-1104\\Software\\Microsoft\\Windows\\CurrentVersion\\Explorer\\UserAssist\\{CEBFF5CD-ACE2-4F4F-9178-9926F41749EA}\\Count\\HRZR_PGYFRFFVBA\r\nDetails: Binary Data"}
{"GrantedAccess":"0x2000","@timestamp":"2020-10-29T08:23:19.482Z","TimeCreated":"2020-10-29T08:23:19.482Z","SourceThreadId":"5932","SourceImage":"C:\\windows\\system32\\svchost.exe","ProviderGuid":"{5770385f-c22a-43e0-bf4c-06f5698ffbd9}","CallTrace":"C:\\windows\\SYSTEM32\\ntdll.dll+9c584|C:\\windows\\SYSTEM32\\psmserviceexthost.dll+310c0|C:\\windows\\SYSTEM32\\psmserviceexthost.dll+30dbf|C:\\windows\\SYSTEM32\\ntdll.dll+6ba5|C:\\windows\\SYSTEM32\\ntdll.dll+67f1|C:\\windows\\SYSTEM32\\ntdll.dll+6650|C:\\windows\\SYSTEM32\\ntdll.dll+3052c|C:\\windows\\SYSTEM32\\ntdll.dll+34142|C:\\windows\\System32\\KERNEL32.DLL+17c24|C:\\windows\\SYSTEM32\\ntdll.dll+6cea1","UtcTime":"2020-10-30 00:23:19.479","TargetProcessGUID":"{14475cd4-5cde-5f9b-7601-000000000500}","SourceProcessId":"948","Level":"4","Channel":"Microsoft-Windows-Sysmon/Operational","Task":"10","RuleName":"-","SourceName":"Microsoft-Windows-Sysmon","Hostname":"WORKSTATION5.theshire.local","SourceProcessGUID":"{14475cd4-509a-5f9b-1000-000000000500}","TargetProcessId":"4000","EventID":10,"Keywords":"0x8000000000000000","TargetImage":"C:\\windows\\system32\\conhost.exe","Message":"Process accessed:\r\nRuleName: -\r\nUtcTime: 2020-10-30 00:23:19.479\r\nSourceProcessGUID: {14475cd4-509a-5f9b-1000-000000000500}\r\nSourceProcessId: 948\r\nSourceThreadId: 5932\r\nSourceImage: C:\\windows\\system32\\svchost.exe\r\nTargetProcessGUID: {14475cd4-5cde-5f9b-7601-000000000500}\r\nTargetProcessId: 4000\r\nTargetImage: C:\\windows\\system32\\conhost.exe\r\nGrantedAccess: 0x2000\r\nCallTrace: C:\\windows\\SYSTEM32\\ntdll.dll+9c584|C:\\windows\\SYSTEM32\\psmserviceexthost.dll+310c0|C:\\windows\\SYSTEM32\\psmserviceexthost.dll+30dbf|C:\\windows\\SYSTEM32\\ntdll.dll+6ba5|C:\\windows\\SYSTEM32\\ntdll.dll+67f1|C:\\windows\\SYSTEM32\\ntdll.dll+6650|C:\\windows\\SYSTEM32\\ntdll.dll+3052c|C:\\windows\\SYSTEM32\\ntdll.dll+34142|C:\\windows\\System32\\KERNEL32.DLL+17c24|C:\\windows\\SYSTEM32\\ntdll.dll+6cea1"}
{"GrantedAccess":"0x1000","@timestamp":"2020-10-29T08:23:19.484Z","TimeCreated":"2020-10-29T08:23:19.484Z","SourceThreadId":"1348","SourceImage":"C:\\windows\\Explorer.EXE","ProviderGuid":"{5770385f-c22a-43e0-bf4c-06f5698ffbd9}","CallTrace":"C:\\windows\\SYSTEM32\\ntdll.dll+9c584|C:\\windows\\System32\\KERNELBASE.dll+305fe|C:\\windows\\System32\\NPSMDesktopProvider.dll+1dbfa|C:\\windows\\System32\\NPSMDesktopProvider.dll+139e2|C:\\windows\\System32\\NPSMDesktopProvider.dll+1415b|C:\\windows\\System32\\shcore.dll+c540|C:\\windows\\System32\\shcore.dll+c1c8|C:\\windows\\System32\\shcore.dll+ac61|C:\\windows\\System32\\KERNEL32.DLL+17c24|C:\\windows\\SYSTEM32\\ntdll.dll+6cea1","UtcTime":"2020-10-30 00:23:19.479","TargetProcessGUID":"{14475cd4-5cde-5f9b-7501-000000000500}","SourceProcessId":"6640","Level":"4","Channel":"Microsoft-Windows-Sysmon/Operational","Task":"10","RuleName":"-","SourceName":"Microsoft-Windows-Sysmon","Hostname":"WORKSTATION5.theshire.local","SourceProcessGUID":"{14475cd4-50e1-5f9b-b700-000000000500}","TargetProcessId":"7804","EventID":10,"Keywords":"0x8000000000000000","TargetImage":"C:\\windows\\system32\\cmd.exe","Message":"Process accessed:\r\nRuleName: -\r\nUtcTime: 2020-10-30 00:23:19.479\r\nSourceProcessGUID: {14475cd4-50e1-5f9b-b700-000000000500}\r\nSourceProcessId: 6640\r\nSourceThreadId: 1348\r\nSourceImage: C:\\windows\\Explorer.EXE\r\nTargetProcessGUID: {14475cd4-5cde-5f9b-7501-000000000500}\r\nTargetProcessId: 7804\r\nTargetImage: C:\\windows\\system32\\cmd.exe\r\nGrantedAccess: 0x1000\r\nCallTrace: C:\\windows\\SYSTEM32\\ntdll.dll+9c584|C:\\windows\\System32\\KERNELBASE.dll+305fe|C:\\windows\\System32\\NPSMDesktopProvider.dll+1dbfa|C:\\windows\\System32\\NPSMDesktopProvider.dll+139e2|C:\\windows\\System32\\NPSMDesktopProvider.dll+1415b|C:\\windows\\System32\\shcore.dll+c540|C:\\windows\\System32\\shcore.dll+c1c8|C:\\windows\\System32\\shcore.dll+ac61|C:\\windows\\System32\\KERNEL32.DLL+17c24|C:\\windows\\SYSTEM32\\ntdll.dll+6cea1"}
{"GrantedAccess":"0x1000","@timestamp":"2020-10-29T08:23:19.487Z","TimeCreated":"2020-10-29T08:23:19.487Z","SourceThreadId":"4560","SourceImage":"C:\\windows\\Explorer.EXE","ProviderGuid":"{5770385f-c22a-43e0-bf4c-06f5698ffbd9}","CallTrace":"C:\\windows\\SYSTEM32\\ntdll.dll+9c584|C:\\windows\\System32\\KERNELBASE.dll+305fe|C:\\Windows\\System32\\TaskFlowDataEngine.dll+cf160|C:\\Windows\\System32\\TaskFlowDataEngine.dll+9827b|C:\\Windows\\System32\\TaskFlowDataEngine.dll+978ff|C:\\Windows\\System32\\TaskFlowDataEngine.dll+973f9|C:\\Windows\\System32\\TaskFlowDataEngine.dll+96e25|C:\\Windows\\System32\\TaskFlowDataEngine.dll+94c85|C:\\Windows\\System32\\TaskFlowDataEngine.dll+93658|C:\\Windows\\System32\\TaskFlowDataEngine.dll+9dfb1|C:\\windows\\System32\\shcore.dll+c540|C:\\windows\\System32\\shcore.dll+c1c8|C:\\windows\\System32\\shcore.dll+ac61|C:\\windows\\System32\\KERNEL32.DLL+17c24|C:\\windows\\SYSTEM32\\ntdll.dll+6cea1","UtcTime":"2020-10-30 00:23:19.479","TargetProcessGUID":"{14475cd4-5cde-5f9b-7501-000000000500}","SourceProcessId":"6640","Level":"4","Channel":"Microsoft-Windows-Sysmon/Operational","Task":"10","RuleName":"-","SourceName":"Microsoft-Windows-Sysmon","Hostname":"WORKSTATION5.theshire.local","SourceProcessGUID":"{14475cd4-50e1-5f9b-b700-000000000500}","TargetProcessId":"7804","EventID":10,"Keywords":"0x8000000000000000","TargetImage":"C:\\windows\\system32\\cmd.exe","Message":"Process accessed:\r\nRuleName: -\r\nUtcTime: 2020-10-30 00:23:19.479\r\nSourceProcessGUID: {14475cd4-50e1-5f9b-b700-000000000500}\r\nSourceProcessId: 6640\r\nSourceThreadId: 4560\r\nSourceImage: C:\\windows\\Explorer.EXE\r\nTargetProcessGUID: {14475cd4-5cde-5f9b-7501-000000000500}\r\nTargetProcessId: 7804\r\nTargetImage: C:\\windows\\system32\\cmd.exe\r\nGrantedAccess: 0x1000\r\nCallTrace: C:\\windows\\SYSTEM32\\ntdll.dll+9c584|C:\\windows\\System32\\KERNELBASE.dll+305fe|C:\\Windows\\System32\\TaskFlowDataEngine.dll+cf160|C:\\Windows\\System32\\TaskFlowDataEngine.dll+9827b|C:\\Windows\\System32\\TaskFlowDataEngine.dll+978ff|C:\\Windows\\System32\\TaskFlowDataEngine.dll+973f9|C:\\Windows\\System32\\TaskFlowDataEngine.dll+96e25|C:\\Windows\\System32\\TaskFlowDataEngine.dll+94c85|C:\\Windows\\System32\\TaskFlowDataEngine.dll+93658|C:\\Windows\\System32\\TaskFlowDataEngine.dll+9dfb1|C:\\windows\\System32\\shcore.dll+c540|C:\\windows\\System32\\shcore.dll+c1c8|C:\\windows\\System32\\shcore.dll+ac61|C:\\windows\\System32\\KERNEL32.DLL+17c24|C:\\windows\\SYSTEM32\\ntdll.dll+6cea1"}
{"@timestamp":"2020-10-29T08:23:19.489Z","TimeCreated":"2020-10-29T08:23:19.489Z","ProviderGuid":"{5770385f-c22a-43e0-bf4c-06f5698ffbd9}","UtcTime":"2020-10-30 00:23:19.479","ProcessGuid":"{14475cd4-50e1-5f9b-b700-000000000500}","Image":"C:\\windows\\Explorer.EXE","Level":"4","Channel":"Microsoft-Windows-Sysmon/Operational","Task":"13","RuleName":"-","SourceName":"Microsoft-Windows-Sysmon","Hostname":"WORKSTATION5.theshire.local","Details":"Binary Data","ProcessId":"6640","EventType":"SetValue","EventID":13,"Keywords":"0x8000000000000000","TargetObject":"HKU\\S-1-5-21-3140987116-517580383-2541594433-1104\\Software\\Microsoft\\Windows\\CurrentVersion\\ActivityDataModel\\ReaderRevisionInfo\\8E9DA5C8-BB16-EB76-F64C-85A2B132E264","Message":"Registry value set:\r\nRuleName: -\r\nEventType: SetValue\r\nUtcTime: 2020-10-30 00:23:19.479\r\nProcessGuid: {14475cd4-50e1-5f9b-b700-000000000500}\r\nProcessId: 6640\r\nImage: C:\\windows\\Explorer.EXE\r\nTargetObject: HKU\\S-1-5-21-3140987116-517580383-2541594433-1104\\Software\\Microsoft\\Windows\\CurrentVersion\\ActivityDataModel\\ReaderRevisionInfo\\8E9DA5C8-BB16-EB76-F64C-85A2B132E264\r\nDetails: Binary Data"}
{"@timestamp":"2020-10-29T08:23:19.490Z","TimeCreated":"2020-10-29T08:23:19.490Z","ProviderGuid":"{5770385f-c22a-43e0-bf4c-06f5698ffbd9}","UtcTime":"2020-10-30 00:23:19.479","ProcessGuid":"{14475cd4-50e1-5f9b-b700-000000000500}","Image":"C:\\windows\\Explorer.EXE","Level":"4","Channel":"Microsoft-Windows-Sysmon/Operational","Task":"13","RuleName":"-","SourceName":"Microsoft-Windows-Sysmon","Hostname":"WORKSTATION5.theshire.local","Details":"Binary Data","ProcessId":"6640","EventType":"SetValue","EventID":13,"Keywords":"0x8000000000000000","TargetObject":"HKU\\S-1-5-21-3140987116-517580383-2541594433-1104\\Software\\Microsoft\\Windows\\CurrentVersion\\ActivityDataModel\\ReaderRevisionInfo\\8E9DA5C8-BB16-EB76-F64C-85A2B132E264","Message":"Registry value set:\r\nRuleName: -\r\nEventType: SetValue\r\nUtcTime: 2020-10-30 00:23:19.479\r\nProcessGuid: {14475cd4-50e1-5f9b-b700-000000000500}\r\nProcessId: 6640\r\nImage: C:\\windows\\Explorer.EXE\r\nTargetObject: HKU\\S-1-5-21-3140987116-517580383-2541594433-1104\\Software\\Microsoft\\Windows\\CurrentVersion\\ActivityDataModel\\ReaderRevisionInfo\\8E9DA5C8-BB16-EB76-F64C-85A2B132E264\r\nDetails: Binary Data"}
{"GrantedAccess":"0x1000","@timestamp":"2020-10-29T08:23:20.059Z","TimeCreated":"2020-10-29T08:23:20.059Z","SourceThreadId":"5932","SourceImage":"C:\\windows\\system32\\svchost.exe","ProviderGuid":"{5770385f-c22a-43e0-bf4c-06f5698ffbd9}","CallTrace":"C:\\windows\\SYSTEM32\\ntdll.dll+9c584|C:\\windows\\SYSTEM32\\psmserviceexthost.dll+222a3|C:\\windows\\SYSTEM32\\psmserviceexthost.dll+1a172|C:\\windows\\SYSTEM32\\psmserviceexthost.dll+19e3b|C:\\windows\\SYSTEM32\\psmserviceexthost.dll+19318|C:\\windows\\SYSTEM32\\ntdll.dll+3081d|C:\\windows\\SYSTEM32\\ntdll.dll+345b4|C:\\windows\\System32\\KERNEL32.DLL+17c24|C:\\windows\\SYSTEM32\\ntdll.dll+6cea1","UtcTime":"2020-10-30 00:23:20.057","TargetProcessGUID":"{14475cd4-509f-5f9b-5c00-000000000500}","SourceProcessId":"948","Level":"4","Channel":"Microsoft-Windows-Sysmon/Operational","Task":"10","RuleName":"-","SourceName":"Microsoft-Windows-Sysmon","Hostname":"WORKSTATION5.theshire.local","SourceProcessGUID":"{14475cd4-509a-5f9b-1000-000000000500}","TargetProcessId":"3916","EventID":10,"Keywords":"0x8000000000000000","TargetImage":"C:\\windows\\System32\\svchost.exe","Message":"Process accessed:\r\nRuleName: -\r\nUtcTime: 2020-10-30 00:23:20.057\r\nSourceProcessGUID: {14475cd4-509a-5f9b-1000-000000000500}\r\nSourceProcessId: 948\r\nSourceThreadId: 5932\r\nSourceImage: C:\\windows\\system32\\svchost.exe\r\nTargetProcessGUID: {14475cd4-509f-5f9b-5c00-000000000500}\r\nTargetProcessId: 3916\r\nTargetImage: C:\\windows\\System32\\svchost.exe\r\nGrantedAccess: 0x1000\r\nCallTrace: C:\\windows\\SYSTEM32\\ntdll.dll+9c584|C:\\windows\\SYSTEM32\\psmserviceexthost.dll+222a3|C:\\windows\\SYSTEM32\\psmserviceexthost.dll+1a172|C:\\windows\\SYSTEM32\\psmserviceexthost.dll+19e3b|C:\\windows\\SYSTEM32\\psmserviceexthost.dll+19318|C:\\windows\\SYSTEM32\\ntdll.dll+3081d|C:\\windows\\SYSTEM32\\ntdll.dll+345b4|C:\\windows\\System32\\KERNEL32.DLL+17c24|C:\\windows\\SYSTEM32\\ntdll.dll+6cea1"}
{"GrantedAccess":"0x1000","@timestamp":"2020-10-29T08:23:20.059Z","TimeCreated":"2020-10-29T08:23:20.059Z","SourceThreadId":"5932","SourceImage":"C:\\windows\\system32\\svchost.exe","ProviderGuid":"{5770385f-c22a-43e0-bf4c-06f5698ffbd9}","CallTrace":"C:\\windows\\SYSTEM32\\ntdll.dll+9c584|C:\\windows\\SYSTEM32\\psmserviceexthost.dll+222a3|C:\\windows\\SYSTEM32\\psmserviceexthost.dll+1a172|C:\\windows\\SYSTEM32\\psmserviceexthost.dll+19e3b|C:\\windows\\SYSTEM32\\psmserviceexthost.dll+19318|C:\\windows\\SYSTEM32\\ntdll.dll+3081d|C:\\windows\\SYSTEM32\\ntdll.dll+345b4|C:\\windows\\System32\\KERNEL32.DLL+17c24|C:\\windows\\SYSTEM32\\ntdll.dll+6cea1","UtcTime":"2020-10-30 00:23:20.057","TargetProcessGUID":"{14475cd4-509f-5f9b-5c00-000000000500}","SourceProcessId":"948","Level":"4","Channel":"Microsoft-Windows-Sysmon/Operational","Task":"10","RuleName":"-","SourceName":"Microsoft-Windows-Sysmon","Hostname":"WORKSTATION5.theshire.local","SourceProcessGUID":"{14475cd4-509a-5f9b-1000-000000000500}","TargetProcessId":"3916","EventID":10,"Keywords":"0x8000000000000000","TargetImage":"C:\\windows\\System32\\svchost.exe","Message":"Process accessed:\r\nRuleName: -\r\nUtcTime: 2020-10-30 00:23:20.057\r\nSourceProcessGUID: {14475cd4-509a-5f9b-1000-000000000500}\r\nSourceProcessId: 948\r\nSourceThreadId: 5932\r\nSourceImage: C:\\windows\\system32\\svchost.exe\r\nTargetProcessGUID: {14475cd4-509f-5f9b-5c00-000000000500}\r\nTargetProcessId: 3916\r\nTargetImage: C:\\windows\\System32\\svchost.exe\r\nGrantedAccess: 0x1000\r\nCallTrace: C:\\windows\\SYSTEM32\\ntdll.dll+9c584|C:\\windows\\SYSTEM32\\psmserviceexthost.dll+222a3|C:\\windows\\SYSTEM32\\psmserviceexthost.dll+1a172|C:\\windows\\SYSTEM32\\psmserviceexthost.dll+19e3b|C:\\windows\\SYSTEM32\\psmserviceexthost.dll+19318|C:\\windows\\SYSTEM32\\ntdll.dll+3081d|C:\\windows\\SYSTEM32\\ntdll.dll+345b4|C:\\windows\\System32\\KERNEL32.DLL+17c24|C:\\windows\\SYSTEM32\\ntdll.dll+6cea1"}
{"GrantedAccess":"0x1000","@timestamp":"2020-10-29T08:23:20.062Z","TimeCreated":"2020-10-29T08:23:20.062Z","SourceThreadId":"8100","SourceImage":"C:\\windows\\system32\\svchost.exe","ProviderGuid":"{5770385f-c22a-43e0-bf4c-06f5698ffbd9}","CallTrace":"C:\\windows\\SYSTEM32\\ntdll.dll+9c584|C:\\windows\\SYSTEM32\\psmserviceexthost.dll+222a3|C:\\windows\\SYSTEM32\\psmserviceexthost.dll+1a172|C:\\windows\\SYSTEM32\\psmserviceexthost.dll+19e3b|C:\\windows\\SYSTEM32\\psmserviceexthost.dll+19318|C:\\windows\\SYSTEM32\\ntdll.dll+3081d|C:\\windows\\SYSTEM32\\ntdll.dll+345b4|C:\\windows\\System32\\KERNEL32.DLL+17c24|C:\\windows\\SYSTEM32\\ntdll.dll+6cea1","UtcTime":"2020-10-30 00:23:20.057","TargetProcessGUID":"{14475cd4-509f-5f9b-5c00-000000000500}","SourceProcessId":"948","Level":"4","Channel":"Microsoft-Windows-Sysmon/Operational","Task":"10","RuleName":"-","SourceName":"Microsoft-Windows-Sysmon","Hostname":"WORKSTATION5.theshire.local","SourceProcessGUID":"{14475cd4-509a-5f9b-1000-000000000500}","TargetProcessId":"3916","EventID":10,"Keywords":"0x8000000000000000","TargetImage":"C:\\windows\\System32\\svchost.exe","Message":"Process accessed:\r\nRuleName: -\r\nUtcTime: 2020-10-30 00:23:20.057\r\nSourceProcessGUID: {14475cd4-509a-5f9b-1000-000000000500}\r\nSourceProcessId: 948\r\nSourceThreadId: 8100\r\nSourceImage: C:\\windows\\system32\\svchost.exe\r\nTargetProcessGUID: {14475cd4-509f-5f9b-5c00-000000000500}\r\nTargetProcessId: 3916\r\nTargetImage: C:\\windows\\System32\\svchost.exe\r\nGrantedAccess: 0x1000\r\nCallTrace: C:\\windows\\SYSTEM32\\ntdll.dll+9c584|C:\\windows\\SYSTEM32\\psmserviceexthost.dll+222a3|C:\\windows\\SYSTEM32\\psmserviceexthost.dll+1a172|C:\\windows\\SYSTEM32\\psmserviceexthost.dll+19e3b|C:\\windows\\SYSTEM32\\psmserviceexthost.dll+19318|C:\\windows\\SYSTEM32\\ntdll.dll+3081d|C:\\windows\\SYSTEM32\\ntdll.dll+345b4|C:\\windows\\System32\\KERNEL32.DLL+17c24|C:\\windows\\SYSTEM32\\ntdll.dll+6cea1"}
{"GrantedAccess":"0x1000","@timestamp":"2020-10-29T08:23:20.062Z","TimeCreated":"2020-10-29T08:23:20.062Z","SourceThreadId":"8100","SourceImage":"C:\\windows\\system32\\svchost.exe","ProviderGuid":"{5770385f-c22a-43e0-bf4c-06f5698ffbd9}","CallTrace":"C:\\windows\\SYSTEM32\\ntdll.dll+9c584|C:\\windows\\SYSTEM32\\psmserviceexthost.dll+222a3|C:\\windows\\SYSTEM32\\psmserviceexthost.dll+1a172|C:\\windows\\SYSTEM32\\psmserviceexthost.dll+19e3b|C:\\windows\\SYSTEM32\\psmserviceexthost.dll+19318|C:\\windows\\SYSTEM32\\ntdll.dll+3081d|C:\\windows\\SYSTEM32\\ntdll.dll+345b4|C:\\windows\\System32\\KERNEL32.DLL+17c24|C:\\windows\\SYSTEM32\\ntdll.dll+6cea1","UtcTime":"2020-10-30 00:23:20.057","TargetProcessGUID":"{14475cd4-509f-5f9b-5c00-000000000500}","SourceProcessId":"948","Level":"4","Channel":"Microsoft-Windows-Sysmon/Operational","Task":"10","RuleName":"-","SourceName":"Microsoft-Windows-Sysmon","Hostname":"WORKSTATION5.theshire.local","SourceProcessGUID":"{14475cd4-509a-5f9b-1000-000000000500}","TargetProcessId":"3916","EventID":10,"Keywords":"0x8000000000000000","TargetImage":"C:\\windows\\System32\\svchost.exe","Message":"Process accessed:\r\nRuleName: -\r\nUtcTime: 2020-10-30 00:23:20.057\r\nSourceProcessGUID: {14475cd4-509a-5f9b-1000-000000000500}\r\nSourceProcessId: 948\r\nSourceThreadId: 8100\r\nSourceImage: C:\\windows\\system32\\svchost.exe\r\nTargetProcessGUID: {14475cd4-509f-5f9b-5c00-000000000500}\r\nTargetProcessId: 3916\r\nTargetImage: C:\\windows\\System32\\svchost.exe\r\nGrantedAccess: 0x1000\r\nCallTrace: C:\\windows\\SYSTEM32\\ntdll.dll+9c584|C:\\windows\\SYSTEM32\\psmserviceexthost.dll+222a3|C:\\windows\\SYSTEM32\\psmserviceexthost.dll+1a172|C:\\windows\\SYSTEM32\\psmserviceexthost.dll+19e3b|C:\\windows\\SYSTEM32\\psmserviceexthost.dll+19318|C:\\windows\\SYSTEM32\\ntdll.dll+3081d|C:\\windows\\SYSTEM32\\ntdll.dll+345b4|C:\\windows\\System32\\KERNEL32.DLL+17c24|C:\\windows\\SYSTEM32\\ntdll.dll+6cea1"}
{"@timestamp":"2020-10-29T08:23:20.532Z","TimeCreated":"2020-10-29T08:23:20.532Z","Hashes":"SHA1=A330EDE32DFA03AE6808EE7FB6916D8DEB8F5DDE,MD5=A094E2B38D3DD864B07580D243CB6E43,SHA256=C441E19D20961D4E990E117A300ED318BEDBF2F8BA0FF07BEE7832AC502CDDF2,IMPHASH=CE4BD072766253F6A267D0284CA82002","Signature":"Microsoft Windows","ProviderGuid":"{5770385f-c22a-43e0-bf4c-06f5698ffbd9}","Company":"Microsoft Corporation","UtcTime":"2020-10-30 00:23:20.529","ProcessGuid":"{14475cd4-5cde-5f9b-7501-000000000500}","Image":"C:\\Windows\\System32\\cmd.exe","ImageLoaded":"C:\\Windows\\System32\\sechost.dll","Level":"4","Channel":"Microsoft-Windows-Sysmon/Operational","Task":"7","RuleName":"-","FileVersion":"10.0.18362.959 (WinBuild.160101.0800)","SourceName":"Microsoft-Windows-Sysmon","Hostname":"WORKSTATION5.theshire.local","ProcessId":"7804","Description":"Host for SCM/SDDL/LSA Lookup APIs","SignatureStatus":"Valid","Product":"Microsoft Windows Operating System","EventID":7,"Keywords":"0x8000000000000000","Signed":"true","OriginalFileName":"sechost.dll","Message":"Image loaded:\r\nRuleName: -\r\nUtcTime: 2020-10-30 00:23:20.529\r\nProcessGuid: {14475cd4-5cde-5f9b-7501-000000000500}\r\nProcessId: 7804\r\nImage: C:\\Windows\\System32\\cmd.exe\r\nImageLoaded: C:\\Windows\\System32\\sechost.dll\r\nFileVersion: 10.0.18362.959 (WinBuild.160101.0800)\r\nDescription: Host for SCM/SDDL/LSA Lookup APIs\r\nProduct: Microsoft Windows Operating System\r\nCompany: Microsoft Corporation\r\nOriginalFileName: sechost.dll\r\nHashes: SHA1=A330EDE32DFA03AE6808EE7FB6916D8DEB8F5DDE,MD5=A094E2B38D3DD864B07580D243CB6E43,SHA256=C441E19D20961D4E990E117A300ED318BEDBF2F8BA0FF07BEE7832AC502CDDF2,IMPHASH=CE4BD072766253F6A267D0284CA82002\r\nSigned: true\r\nSignature: Microsoft Windows\r\nSignatureStatus: Valid"}
{"Keywords":"0x8000000000000000","Task":"1","Description":"SharpView","CommandLine":"SharpView.exe  Get-ObjectAcl -SamAccountName \"Domain Admins\"","TimeCreated":"2020-10-29T08:23:20.534Z","Product":"SharpView","Company":"-","OriginalFileName":"SharpView.exe","User":"THESHIRE\\pgustavo","ParentProcessId":"7804","SourceName":"Microsoft-Windows-Sysmon","IntegrityLevel":"High","ProcessGuid":"{14475cd4-5cf8-5f9b-7801-000000000500}","CurrentDirectory":"C:\\ProgramData\\","Hashes":"SHA1=7372893A8D936DFBADD279C95F43B29EF0E408F0,MD5=9E603A578175982BFB507A733BD0B0E0,SHA256=2ABB3589B3D2C0814F31FD2D22F5AE4386E73A3AB4C349B0E585FFA6CCDA4593,IMPHASH=F34D5F2D4577ED6D9CEEC516C1F5A744","UtcTime":"2020-10-30 00:23:20.533","ParentCommandLine":"\"C:\\windows\\system32\\cmd.exe\" ","TerminalSessionId":"2","ProcessId":"3752","ParentImage":"C:\\Windows\\System32\\cmd.exe","FileVersion":"1.0.0.0","ParentProcessGuid":"{14475cd4-5cde-5f9b-7501-000000000500}","@timestamp":"2020-10-29T08:23:20.534Z","LogonGuid":"{14475cd4-50d8-5f9b-6b27-100000000000}","Image":"C:\\ProgramData\\SharpView.exe","Hostname":"WORKSTATION5.theshire.local","LogonId":"0x10276b","Level":"4","EventID":1,"ProviderGuid":"{5770385f-c22a-43e0-bf4c-06f5698ffbd9}","RuleName":"-","Message":"Process Create:\r\nRuleName: -\r\nUtcTime: 2020-10-30 00:23:20.533\r\nProcessGuid: {14475cd4-5cf8-5f9b-7801-000000000500}\r\nProcessId: 3752\r\nImage: C:\\ProgramData\\SharpView.exe\r\nFileVersion: 1.0.0.0\r\nDescription: SharpView\r\nProduct: SharpView\r\nCompany: -\r\nOriginalFileName: SharpView.exe\r\nCommandLine: SharpView.exe  Get-ObjectAcl -SamAccountName \"Domain Admins\"\r\nCurrentDirectory: C:\\ProgramData\\\r\nUser: THESHIRE\\pgustavo\r\nLogonGuid: {14475cd4-50d8-5f9b-6b27-100000000000}\r\nLogonId: 0x10276B\r\nTerminalSessionId: 2\r\nIntegrityLevel: High\r\nHashes: SHA1=7372893A8D936DFBADD279C95F43B29EF0E408F0,MD5=9E603A578175982BFB507A733BD0B0E0,SHA256=2ABB3589B3D2C0814F31FD2D22F5AE4386E73A3AB4C349B0E585FFA6CCDA4593,IMPHASH=F34D5F2D4577ED6D9CEEC516C1F5A744\r\nParentProcessGuid: {14475cd4-5cde-5f9b-7501-000000000500}\r\nParentProcessId: 7804\r\nParentImage: C:\\Windows\\System32\\cmd.exe\r\nParentCommandLine: \"C:\\windows\\system32\\cmd.exe\" ","Channel":"Microsoft-Windows-Sysmon/Operational"}
{"GrantedAccess":"0x1fffff","@timestamp":"2020-10-29T08:23:20.534Z","TimeCreated":"2020-10-29T08:23:20.534Z","SourceThreadId":"2288","SourceImage":"C:\\windows\\system32\\cmd.exe","ProviderGuid":"{5770385f-c22a-43e0-bf4c-06f5698ffbd9}","CallTrace":"C:\\windows\\SYSTEM32\\ntdll.dll+9d934|C:\\windows\\System32\\KERNELBASE.dll+59e1a|C:\\windows\\System32\\KERNELBASE.dll+567b6|C:\\windows\\System32\\KERNEL32.DLL+1bee3|C:\\windows\\system32\\cmd.exe+134fb|C:\\windows\\system32\\cmd.exe+149f7|C:\\windows\\system32\\cmd.exe+c0c1|C:\\windows\\system32\\cmd.exe+b5e1|C:\\windows\\system32\\cmd.exe+1de1b|C:\\windows\\system32\\cmd.exe+1822d|C:\\windows\\System32\\KERNEL32.DLL+17c24|C:\\windows\\SYSTEM32\\ntdll.dll+6cea1","UtcTime":"2020-10-30 00:23:20.529","TargetProcessGUID":"{14475cd4-5cf8-5f9b-7801-000000000500}","SourceProcessId":"7804","Level":"4","Channel":"Microsoft-Windows-Sysmon/Operational","Task":"10","RuleName":"-","SourceName":"Microsoft-Windows-Sysmon","Hostname":"WORKSTATION5.theshire.local","SourceProcessGUID":"{14475cd4-5cde-5f9b-7501-000000000500}","TargetProcessId":"3752","EventID":10,"Keywords":"0x8000000000000000","TargetImage":"C:\\ProgramData\\SharpView.exe","Message":"Process accessed:\r\nRuleName: -\r\nUtcTime: 2020-10-30 00:23:20.529\r\nSourceProcessGUID: {14475cd4-5cde-5f9b-7501-000000000500}\r\nSourceProcessId: 7804\r\nSourceThreadId: 2288\r\nSourceImage: C:\\windows\\system32\\cmd.exe\r\nTargetProcessGUID: {14475cd4-5cf8-5f9b-7801-000000000500}\r\nTargetProcessId: 3752\r\nTargetImage: C:\\ProgramData\\SharpView.exe\r\nGrantedAccess: 0x1FFFFF\r\nCallTrace: C:\\windows\\SYSTEM32\\ntdll.dll+9d934|C:\\windows\\System32\\KERNELBASE.dll+59e1a|C:\\windows\\System32\\KERNELBASE.dll+567b6|C:\\windows\\System32\\KERNEL32.DLL+1bee3|C:\\windows\\system32\\cmd.exe+134fb|C:\\windows\\system32\\cmd.exe+149f7|C:\\windows\\system32\\cmd.exe+c0c1|C:\\windows\\system32\\cmd.exe+b5e1|C:\\windows\\system32\\cmd.exe+1de1b|C:\\windows\\system32\\cmd.exe+1822d|C:\\windows\\System32\\KERNEL32.DLL+17c24|C:\\windows\\SYSTEM32\\ntdll.dll+6cea1"}
{"GrantedAccess":"0x1fffff","@timestamp":"2020-10-29T08:23:20.535Z","TimeCreated":"2020-10-29T08:23:20.535Z","SourceThreadId":"6036","SourceImage":"C:\\windows\\system32\\csrss.exe","ProviderGuid":"{5770385f-c22a-43e0-bf4c-06f5698ffbd9}","CallTrace":"C:\\windows\\SYSTEM32\\ntdll.dll+9c584|C:\\windows\\system32\\basesrv.DLL+2fba|C:\\windows\\SYSTEM32\\CSRSRV.dll+5af4|C:\\windows\\SYSTEM32\\ntdll.dll+6ceaf","UtcTime":"2020-10-30 00:23:20.529","TargetProcessGUID":"{14475cd4-5cf8-5f9b-7801-000000000500}","SourceProcessId":"6020","Level":"4","Channel":"Microsoft-Windows-Sysmon/Operational","Task":"10","RuleName":"-","SourceName":"Microsoft-Windows-Sysmon","Hostname":"WORKSTATION5.theshire.local","SourceProcessGUID":"{14475cd4-50d1-5f9b-9700-000000000500}","TargetProcessId":"3752","EventID":10,"Keywords":"0x8000000000000000","TargetImage":"C:\\ProgramData\\SharpView.exe","Message":"Process accessed:\r\nRuleName: -\r\nUtcTime: 2020-10-30 00:23:20.529\r\nSourceProcessGUID: {14475cd4-50d1-5f9b-9700-000000000500}\r\nSourceProcessId: 6020\r\nSourceThreadId: 6036\r\nSourceImage: C:\\windows\\system32\\csrss.exe\r\nTargetProcessGUID: {14475cd4-5cf8-5f9b-7801-000000000500}\r\nTargetProcessId: 3752\r\nTargetImage: C:\\ProgramData\\SharpView.exe\r\nGrantedAccess: 0x1FFFFF\r\nCallTrace: C:\\windows\\SYSTEM32\\ntdll.dll+9c584|C:\\windows\\system32\\basesrv.DLL+2fba|C:\\windows\\SYSTEM32\\CSRSRV.dll+5af4|C:\\windows\\SYSTEM32\\ntdll.dll+6ceaf"}
{"@timestamp":"2020-10-29T08:23:20.535Z","TimeCreated":"2020-10-29T08:23:20.535Z","Hashes":"SHA1=7372893A8D936DFBADD279C95F43B29EF0E408F0,MD5=9E603A578175982BFB507A733BD0B0E0,SHA256=2ABB3589B3D2C0814F31FD2D22F5AE4386E73A3AB4C349B0E585FFA6CCDA4593,IMPHASH=F34D5F2D4577ED6D9CEEC516C1F5A744","Signature":"-","ProviderGuid":"{5770385f-c22a-43e0-bf4c-06f5698ffbd9}","Company":"-","UtcTime":"2020-10-30 00:23:20.529","ProcessGuid":"{14475cd4-5cf8-5f9b-7801-000000000500}","Image":"C:\\ProgramData\\SharpView.exe","ImageLoaded":"C:\\ProgramData\\SharpView.exe","Level":"4","Channel":"Microsoft-Windows-Sysmon/Operational","Task":"7","RuleName":"-","FileVersion":"1.0.0.0","SourceName":"Microsoft-Windows-Sysmon","Hostname":"WORKSTATION5.theshire.local","ProcessId":"3752","Description":"SharpView","SignatureStatus":"Unavailable","Product":"SharpView","EventID":7,"Keywords":"0x8000000000000000","Signed":"false","OriginalFileName":"SharpView.exe","Message":"Image loaded:\r\nRuleName: -\r\nUtcTime: 2020-10-30 00:23:20.529\r\nProcessGuid: {14475cd4-5cf8-5f9b-7801-000000000500}\r\nProcessId: 3752\r\nImage: C:\\ProgramData\\SharpView.exe\r\nImageLoaded: C:\\ProgramData\\SharpView.exe\r\nFileVersion: 1.0.0.0\r\nDescription: SharpView\r\nProduct: SharpView\r\nCompany: -\r\nOriginalFileName: SharpView.exe\r\nHashes: SHA1=7372893A8D936DFBADD279C95F43B29EF0E408F0,MD5=9E603A578175982BFB507A733BD0B0E0,SHA256=2ABB3589B3D2C0814F31FD2D22F5AE4386E73A3AB4C349B0E585FFA6CCDA4593,IMPHASH=F34D5F2D4577ED6D9CEEC516C1F5A744\r\nSigned: false\r\nSignature: -\r\nSignatureStatus: Unavailable"}
{"@timestamp":"2020-10-29T08:23:20.536Z","TimeCreated":"2020-10-29T08:23:20.536Z","Hashes":"SHA1=2006BDF15EAED226CE4FDB5337F7C121C311A0AE,MD5=3051E3AB25FBF0401FCA1A4CF63B2507,SHA256=B9FE6B85C174DB6BCAF0DA9961B9247FC79F0757DB3401AA3184E80BE339CB75,IMPHASH=00000000000000000000000000000000","Signature":"Microsoft Windows","ProviderGuid":"{5770385f-c22a-43e0-bf4c-06f5698ffbd9}","Company":"Microsoft Corporation","UtcTime":"2020-10-30 00:23:20.529","ProcessGuid":"{14475cd4-5cf8-5f9b-7801-000000000500}","Image":"C:\\ProgramData\\SharpView.exe","ImageLoaded":"C:\\Windows\\System32\\ntdll.dll","Level":"4","Channel":"Microsoft-Windows-Sysmon/Operational","Task":"7","RuleName":"-","FileVersion":"10.0.18362.1139 (WinBuild.160101.0800)","SourceName":"Microsoft-Windows-Sysmon","Hostname":"WORKSTATION5.theshire.local","ProcessId":"3752","Description":"NT Layer DLL","SignatureStatus":"Valid","Product":"Microsoft Windows Operating System","EventID":7,"Keywords":"0x8000000000000000","Signed":"true","OriginalFileName":"ntdll.dll","Message":"Image loaded:\r\nRuleName: -\r\nUtcTime: 2020-10-30 00:23:20.529\r\nProcessGuid: {14475cd4-5cf8-5f9b-7801-000000000500}\r\nProcessId: 3752\r\nImage: C:\\ProgramData\\SharpView.exe\r\nImageLoaded: C:\\Windows\\System32\\ntdll.dll\r\nFileVersion: 10.0.18362.1139 (WinBuild.160101.0800)\r\nDescription: NT Layer DLL\r\nProduct: Microsoft Windows Operating System\r\nCompany: Microsoft Corporation\r\nOriginalFileName: ntdll.dll\r\nHashes: SHA1=2006BDF15EAED226CE4FDB5337F7C121C311A0AE,MD5=3051E3AB25FBF0401FCA1A4CF63B2507,SHA256=B9FE6B85C174DB6BCAF0DA9961B9247FC79F0757DB3401AA3184E80BE339CB75,IMPHASH=00000000000000000000000000000000\r\nSigned: true\r\nSignature: Microsoft Windows\r\nSignatureStatus: Valid"}
{"@timestamp":"2020-10-29T08:23:20.541Z","TimeCreated":"2020-10-29T08:23:20.541Z","Hashes":"SHA1=5029F9119FE1D6679666C5DF2441EA656D39A6EE,MD5=8FFAA80338156FD443D34F4CE9BD8431,SHA256=696A78B8C7E32163E3752A8D73A13C70C12BBB05E20EB28295B786E5A88D7FDB,IMPHASH=65F23EFA1EB51A5DAAB399BFAA840074","Signature":"Microsoft Windows","ProviderGuid":"{5770385f-c22a-43e0-bf4c-06f5698ffbd9}","Company":"Microsoft Corporation","UtcTime":"2020-10-30 00:23:20.529","ProcessGuid":"{14475cd4-5cf8-5f9b-7801-000000000500}","Image":"C:\\ProgramData\\SharpView.exe","ImageLoaded":"C:\\Windows\\System32\\mscoree.dll","Level":"4","Channel":"Microsoft-Windows-Sysmon/Operational","Task":"7","RuleName":"-","FileVersion":"10.0.18362.1 (WinBuild.160101.0800)","SourceName":"Microsoft-Windows-Sysmon","Hostname":"WORKSTATION5.theshire.local","ProcessId":"3752","Description":"Microsoft .NET Runtime Execution Engine","SignatureStatus":"Valid","Product":"Microsoft Windows Operating System","EventID":7,"Keywords":"0x8000000000000000","Signed":"true","OriginalFileName":"mscoree.dll","Message":"Image loaded:\r\nRuleName: -\r\nUtcTime: 2020-10-30 00:23:20.529\r\nProcessGuid: {14475cd4-5cf8-5f9b-7801-000000000500}\r\nProcessId: 3752\r\nImage: C:\\ProgramData\\SharpView.exe\r\nImageLoaded: C:\\Windows\\System32\\mscoree.dll\r\nFileVersion: 10.0.18362.1 (WinBuild.160101.0800)\r\nDescription: Microsoft .NET Runtime Execution Engine\r\nProduct: Microsoft Windows Operating System\r\nCompany: Microsoft Corporation\r\nOriginalFileName: mscoree.dll\r\nHashes: SHA1=5029F9119FE1D6679666C5DF2441EA656D39A6EE,MD5=8FFAA80338156FD443D34F4CE9BD8431,SHA256=696A78B8C7E32163E3752A8D73A13C70C12BBB05E20EB28295B786E5A88D7FDB,IMPHASH=65F23EFA1EB51A5DAAB399BFAA840074\r\nSigned: true\r\nSignature: Microsoft Windows\r\nSignatureStatus: Valid"}
{"@timestamp":"2020-10-29T08:23:20.542Z","TimeCreated":"2020-10-29T08:23:20.542Z","Hashes":"SHA1=D207A86541CABC3190BBD5B1CC982F6D7C90051B,MD5=ED906DB51BCB4F5A68606D2683AF44A3,SHA256=DF5CE6E95294579D7D7D16C47CB3DC5C8FA1DB53CCE56091E3496309B0D87536,IMPHASH=D3645703895C4EBB8EA5B9B26816A081","Signature":"Microsoft Windows","ProviderGuid":"{5770385f-c22a-43e0-bf4c-06f5698ffbd9}","Company":"Microsoft Corporation","UtcTime":"2020-10-30 00:23:20.529","ProcessGuid":"{14475cd4-5cf8-5f9b-7801-000000000500}","Image":"C:\\ProgramData\\SharpView.exe","ImageLoaded":"C:\\Windows\\System32\\kernel32.dll","Level":"4","Channel":"Microsoft-Windows-Sysmon/Operational","Task":"7","RuleName":"-","FileVersion":"10.0.18362.1110 (WinBuild.160101.0800)","SourceName":"Microsoft-Windows-Sysmon","Hostname":"WORKSTATION5.theshire.local","ProcessId":"3752","Description":"Windows NT BASE API Client DLL","SignatureStatus":"Valid","Product":"Microsoft Windows Operating System","EventID":7,"Keywords":"0x8000000000000000","Signed":"true","OriginalFileName":"kernel32","Message":"Image loaded:\r\nRuleName: -\r\nUtcTime: 2020-10-30 00:23:20.529\r\nProcessGuid: {14475cd4-5cf8-5f9b-7801-000000000500}\r\nProcessId: 3752\r\nImage: C:\\ProgramData\\SharpView.exe\r\nImageLoaded: C:\\Windows\\System32\\kernel32.dll\r\nFileVersion: 10.0.18362.1110 (WinBuild.160101.0800)\r\nDescription: Windows NT BASE API Client DLL\r\nProduct: Microsoft Windows Operating System\r\nCompany: Microsoft Corporation\r\nOriginalFileName: kernel32\r\nHashes: SHA1=D207A86541CABC3190BBD5B1CC982F6D7C90051B,MD5=ED906DB51BCB4F5A68606D2683AF44A3,SHA256=DF5CE6E95294579D7D7D16C47CB3DC5C8FA1DB53CCE56091E3496309B0D87536,IMPHASH=D3645703895C4EBB8EA5B9B26816A081\r\nSigned: true\r\nSignature: Microsoft Windows\r\nSignatureStatus: Valid"}
{"@timestamp":"2020-10-29T08:23:20.542Z","TimeCreated":"2020-10-29T08:23:20.542Z","Hashes":"SHA1=48B3741C6497B40F71868EFAAA9EB7A224CB8060,MD5=AEE6D39564EEB18A90C3160215941B46,SHA256=6733FEEA211EA651B5DF46D391825D7861126546AE80A42A4C1E7B1ABD0E4DA5,IMPHASH=16003AF856720C35351BB8C14AD0B0A8","Signature":"Microsoft Windows","ProviderGuid":"{5770385f-c22a-43e0-bf4c-06f5698ffbd9}","Company":"Microsoft Corporation","UtcTime":"2020-10-30 00:23:20.529","ProcessGuid":"{14475cd4-5cf8-5f9b-7801-000000000500}","Image":"C:\\ProgramData\\SharpView.exe","ImageLoaded":"C:\\Windows\\System32\\KernelBase.dll","Level":"4","Channel":"Microsoft-Windows-Sysmon/Operational","Task":"7","RuleName":"-","FileVersion":"10.0.18362.1139 (WinBuild.160101.0800)","SourceName":"Microsoft-Windows-Sysmon","Hostname":"WORKSTATION5.theshire.local","ProcessId":"3752","Description":"Windows NT BASE API Client DLL","SignatureStatus":"Valid","Product":"Microsoft Windows Operating System","EventID":7,"Keywords":"0x8000000000000000","Signed":"true","OriginalFileName":"Kernelbase.dll","Message":"Image loaded:\r\nRuleName: -\r\nUtcTime: 2020-10-30 00:23:20.529\r\nProcessGuid: {14475cd4-5cf8-5f9b-7801-000000000500}\r\nProcessId: 3752\r\nImage: C:\\ProgramData\\SharpView.exe\r\nImageLoaded: C:\\Windows\\System32\\KernelBase.dll\r\nFileVersion: 10.0.18362.1139 (WinBuild.160101.0800)\r\nDescription: Windows NT BASE API Client DLL\r\nProduct: Microsoft Windows Operating System\r\nCompany: Microsoft Corporation\r\nOriginalFileName: Kernelbase.dll\r\nHashes: SHA1=48B3741C6497B40F71868EFAAA9EB7A224CB8060,MD5=AEE6D39564EEB18A90C3160215941B46,SHA256=6733FEEA211EA651B5DF46D391825D7861126546AE80A42A4C1E7B1ABD0E4DA5,IMPHASH=16003AF856720C35351BB8C14AD0B0A8\r\nSigned: true\r\nSignature: Microsoft Windows\r\nSignatureStatus: Valid"}
{"GrantedAccess":"0x1fffff","@timestamp":"2020-10-29T08:23:20.545Z","TimeCreated":"2020-10-29T08:23:20.545Z","SourceThreadId":"5140","SourceImage":"C:\\windows\\system32\\conhost.exe","ProviderGuid":"{5770385f-c22a-43e0-bf4c-06f5698ffbd9}","CallTrace":"C:\\windows\\SYSTEM32\\ntdll.dll+9c584|C:\\windows\\System32\\KERNELBASE.dll+305fe|C:\\windows\\system32\\conhost.exe+1260d|C:\\windows\\system32\\conhost.exe+12505|C:\\windows\\system32\\conhost.exe+895c|C:\\windows\\system32\\conhost.exe+f2e6|C:\\windows\\System32\\KERNEL32.DLL+17c24|C:\\windows\\SYSTEM32\\ntdll.dll+6cea1","UtcTime":"2020-10-30 00:23:20.542","TargetProcessGUID":"{14475cd4-5cf8-5f9b-7801-000000000500}","SourceProcessId":"4000","Level":"4","Channel":"Microsoft-Windows-Sysmon/Operational","Task":"10","RuleName":"-","SourceName":"Microsoft-Windows-Sysmon","Hostname":"WORKSTATION5.theshire.local","SourceProcessGUID":"{14475cd4-5cde-5f9b-7601-000000000500}","TargetProcessId":"3752","EventID":10,"Keywords":"0x8000000000000000","TargetImage":"C:\\ProgramData\\SharpView.exe","Message":"Process accessed:\r\nRuleName: -\r\nUtcTime: 2020-10-30 00:23:20.542\r\nSourceProcessGUID: {14475cd4-5cde-5f9b-7601-000000000500}\r\nSourceProcessId: 4000\r\nSourceThreadId: 5140\r\nSourceImage: C:\\windows\\system32\\conhost.exe\r\nTargetProcessGUID: {14475cd4-5cf8-5f9b-7801-000000000500}\r\nTargetProcessId: 3752\r\nTargetImage: C:\\ProgramData\\SharpView.exe\r\nGrantedAccess: 0x1FFFFF\r\nCallTrace: C:\\windows\\SYSTEM32\\ntdll.dll+9c584|C:\\windows\\System32\\KERNELBASE.dll+305fe|C:\\windows\\system32\\conhost.exe+1260d|C:\\windows\\system32\\conhost.exe+12505|C:\\windows\\system32\\conhost.exe+895c|C:\\windows\\system32\\conhost.exe+f2e6|C:\\windows\\System32\\KERNEL32.DLL+17c24|C:\\windows\\SYSTEM32\\ntdll.dll+6cea1"}
{"@timestamp":"2020-10-29T08:23:20.547Z","TimeCreated":"2020-10-29T08:23:20.547Z","Hashes":"SHA1=35C61DDE6F8F4ED05F9C4837E2B91C886CA79F82,MD5=EA4F6E7961B4A402F6F5EC33C655260A,SHA256=5E2D103E7E1FD7CA0492E541F082D274EF6259AF2158A3562986C796C5C869DD,IMPHASH=8EEA175C33205685FB8A14876D7564DB","Signature":"Microsoft Windows","ProviderGuid":"{5770385f-c22a-43e0-bf4c-06f5698ffbd9}","Company":"Microsoft Corporation","UtcTime":"2020-10-30 00:23:20.542","ProcessGuid":"{14475cd4-5cf8-5f9b-7801-000000000500}","Image":"C:\\ProgramData\\SharpView.exe","ImageLoaded":"C:\\Windows\\System32\\advapi32.dll","Level":"4","Channel":"Microsoft-Windows-Sysmon/Operational","Task":"7","RuleName":"-","FileVersion":"10.0.18362.752 (WinBuild.160101.0800)","SourceName":"Microsoft-Windows-Sysmon","Hostname":"WORKSTATION5.theshire.local","ProcessId":"3752","Description":"Advanced Windows 32 Base API","SignatureStatus":"Valid","Product":"Microsoft Windows Operating System","EventID":7,"Keywords":"0x8000000000000000","Signed":"true","OriginalFileName":"advapi32.dll","Message":"Image loaded:\r\nRuleName: -\r\nUtcTime: 2020-10-30 00:23:20.542\r\nProcessGuid: {14475cd4-5cf8-5f9b-7801-000000000500}\r\nProcessId: 3752\r\nImage: C:\\ProgramData\\SharpView.exe\r\nImageLoaded: C:\\Windows\\System32\\advapi32.dll\r\nFileVersion: 10.0.18362.752 (WinBuild.160101.0800)\r\nDescription: Advanced Windows 32 Base API\r\nProduct: Microsoft Windows Operating System\r\nCompany: Microsoft Corporation\r\nOriginalFileName: advapi32.dll\r\nHashes: SHA1=35C61DDE6F8F4ED05F9C4837E2B91C886CA79F82,MD5=EA4F6E7961B4A402F6F5EC33C655260A,SHA256=5E2D103E7E1FD7CA0492E541F082D274EF6259AF2158A3562986C796C5C869DD,IMPHASH=8EEA175C33205685FB8A14876D7564DB\r\nSigned: true\r\nSignature: Microsoft Windows\r\nSignatureStatus: Valid"}
{"@timestamp":"2020-10-29T08:23:20.547Z","TimeCreated":"2020-10-29T08:23:20.547Z","Hashes":"SHA1=0EA4B3CFB14E49CEC0D42FF0F1FA989E69647A8F,MD5=36354D9B5B0A58A4B9A19103852C00A2,SHA256=E5A863D3F4BFEFED7D73A7B1499F81B7235BC9AE3C108065041BCB8E5446B1BB,IMPHASH=1273683626EBBA703979F188A1E64237","Signature":"Microsoft Windows","ProviderGuid":"{5770385f-c22a-43e0-bf4c-06f5698ffbd9}","Company":"Microsoft Corporation","UtcTime":"2020-10-30 00:23:20.542","ProcessGuid":"{14475cd4-5cf8-5f9b-7801-000000000500}","Image":"C:\\ProgramData\\SharpView.exe","ImageLoaded":"C:\\Windows\\System32\\msvcrt.dll","Level":"4","Channel":"Microsoft-Windows-Sysmon/Operational","Task":"7","RuleName":"-","FileVersion":"7.0.18362.1 (WinBuild.160101.0800)","SourceName":"Microsoft-Windows-Sysmon","Hostname":"WORKSTATION5.theshire.local","ProcessId":"3752","Description":"Windows NT CRT DLL","SignatureStatus":"Valid","Product":"Microsoft Windows Operating System","EventID":7,"Keywords":"0x8000000000000000","Signed":"true","OriginalFileName":"msvcrt.dll","Message":"Image loaded:\r\nRuleName: -\r\nUtcTime: 2020-10-30 00:23:20.542\r\nProcessGuid: {14475cd4-5cf8-5f9b-7801-000000000500}\r\nProcessId: 3752\r\nImage: C:\\ProgramData\\SharpView.exe\r\nImageLoaded: C:\\Windows\\System32\\msvcrt.dll\r\nFileVersion: 7.0.18362.1 (WinBuild.160101.0800)\r\nDescription: Windows NT CRT DLL\r\nProduct: Microsoft Windows Operating System\r\nCompany: Microsoft Corporation\r\nOriginalFileName: msvcrt.dll\r\nHashes: SHA1=0EA4B3CFB14E49CEC0D42FF0F1FA989E69647A8F,MD5=36354D9B5B0A58A4B9A19103852C00A2,SHA256=E5A863D3F4BFEFED7D73A7B1499F81B7235BC9AE3C108065041BCB8E5446B1BB,IMPHASH=1273683626EBBA703979F188A1E64237\r\nSigned: true\r\nSignature: Microsoft Windows\r\nSignatureStatus: Valid"}
{"@timestamp":"2020-10-29T08:23:20.547Z","TimeCreated":"2020-10-29T08:23:20.547Z","Hashes":"SHA1=A330EDE32DFA03AE6808EE7FB6916D8DEB8F5DDE,MD5=A094E2B38D3DD864B07580D243CB6E43,SHA256=C441E19D20961D4E990E117A300ED318BEDBF2F8BA0FF07BEE7832AC502CDDF2,IMPHASH=CE4BD072766253F6A267D0284CA82002","Signature":"Microsoft Windows","ProviderGuid":"{5770385f-c22a-43e0-bf4c-06f5698ffbd9}","Company":"Microsoft Corporation","UtcTime":"2020-10-30 00:23:20.542","ProcessGuid":"{14475cd4-5cf8-5f9b-7801-000000000500}","Image":"C:\\ProgramData\\SharpView.exe","ImageLoaded":"C:\\Windows\\System32\\sechost.dll","Level":"4","Channel":"Microsoft-Windows-Sysmon/Operational","Task":"7","RuleName":"-","FileVersion":"10.0.18362.959 (WinBuild.160101.0800)","SourceName":"Microsoft-Windows-Sysmon","Hostname":"WORKSTATION5.theshire.local","ProcessId":"3752","Description":"Host for SCM/SDDL/LSA Lookup APIs","SignatureStatus":"Valid","Product":"Microsoft Windows Operating System","EventID":7,"Keywords":"0x8000000000000000","Signed":"true","OriginalFileName":"sechost.dll","Message":"Image loaded:\r\nRuleName: -\r\nUtcTime: 2020-10-30 00:23:20.542\r\nProcessGuid: {14475cd4-5cf8-5f9b-7801-000000000500}\r\nProcessId: 3752\r\nImage: C:\\ProgramData\\SharpView.exe\r\nImageLoaded: C:\\Windows\\System32\\sechost.dll\r\nFileVersion: 10.0.18362.959 (WinBuild.160101.0800)\r\nDescription: Host for SCM/SDDL/LSA Lookup APIs\r\nProduct: Microsoft Windows Operating System\r\nCompany: Microsoft Corporation\r\nOriginalFileName: sechost.dll\r\nHashes: SHA1=A330EDE32DFA03AE6808EE7FB6916D8DEB8F5DDE,MD5=A094E2B38D3DD864B07580D243CB6E43,SHA256=C441E19D20961D4E990E117A300ED318BEDBF2F8BA0FF07BEE7832AC502CDDF2,IMPHASH=CE4BD072766253F6A267D0284CA82002\r\nSigned: true\r\nSignature: Microsoft Windows\r\nSignatureStatus: Valid"}
{"@timestamp":"2020-10-29T08:23:20.547Z","TimeCreated":"2020-10-29T08:23:20.547Z","Hashes":"SHA1=04BCAE1D932B2FB22A3B7ADC6C1EC1776151FC68,MD5=DBC5A40335E9F25C5C9313AB95C88CE8,SHA256=C39C71244E43B5469FF3F9313893E1AB7AFF5806B1A179CBED06A59B3F6F81B5,IMPHASH=88E7E7C7FA90052EC162DD37F2B7C7BD","Signature":"Microsoft Windows","ProviderGuid":"{5770385f-c22a-43e0-bf4c-06f5698ffbd9}","Company":"Microsoft Corporation","UtcTime":"2020-10-30 00:23:20.542","ProcessGuid":"{14475cd4-5cf8-5f9b-7801-000000000500}","Image":"C:\\ProgramData\\SharpView.exe","ImageLoaded":"C:\\Windows\\System32\\rpcrt4.dll","Level":"4","Channel":"Microsoft-Windows-Sysmon/Operational","Task":"7","RuleName":"-","FileVersion":"10.0.18362.1110 (WinBuild.160101.0800)","SourceName":"Microsoft-Windows-Sysmon","Hostname":"WORKSTATION5.theshire.local","ProcessId":"3752","Description":"Remote Procedure Call Runtime","SignatureStatus":"Valid","Product":"Microsoft Windows Operating System","EventID":7,"Keywords":"0x8000000000000000","Signed":"true","OriginalFileName":"rpcrt4.dll","Message":"Image loaded:\r\nRuleName: -\r\nUtcTime: 2020-10-30 00:23:20.542\r\nProcessGuid: {14475cd4-5cf8-5f9b-7801-000000000500}\r\nProcessId: 3752\r\nImage: C:\\ProgramData\\SharpView.exe\r\nImageLoaded: C:\\Windows\\System32\\rpcrt4.dll\r\nFileVersion: 10.0.18362.1110 (WinBuild.160101.0800)\r\nDescription: Remote Procedure Call Runtime\r\nProduct: Microsoft Windows Operating System\r\nCompany: Microsoft Corporation\r\nOriginalFileName: rpcrt4.dll\r\nHashes: SHA1=04BCAE1D932B2FB22A3B7ADC6C1EC1776151FC68,MD5=DBC5A40335E9F25C5C9313AB95C88CE8,SHA256=C39C71244E43B5469FF3F9313893E1AB7AFF5806B1A179CBED06A59B3F6F81B5,IMPHASH=88E7E7C7FA90052EC162DD37F2B7C7BD\r\nSigned: true\r\nSignature: Microsoft Windows\r\nSignatureStatus: Valid"}
{"@timestamp":"2020-10-29T08:23:20.557Z","TimeCreated":"2020-10-29T08:23:20.557Z","Hashes":"SHA1=1283EF637FA53D571118F269F9B8C0A5CCA2BF01,MD5=899A8B655E52A061B33571D97C5C06ED,SHA256=DE05B03E37FB9BA5D74CF8FA36A6F0B15AB61705285B738BC90D14FDE580A45E,IMPHASH=005299FA213F652A596AC31760C5340B","Signature":"Microsoft Corporation","ProviderGuid":"{5770385f-c22a-43e0-bf4c-06f5698ffbd9}","Company":"Microsoft Corporation","UtcTime":"2020-10-30 00:23:20.542","ProcessGuid":"{14475cd4-5cf8-5f9b-7801-000000000500}","Image":"C:\\ProgramData\\SharpView.exe","ImageLoaded":"C:\\Windows\\Microsoft.NET\\Framework64\\v4.0.30319\\mscoreei.dll","Level":"4","Channel":"Microsoft-Windows-Sysmon/Operational","Task":"7","RuleName":"-","FileVersion":"4.8.4180.0 built by: NET48REL1LAST_B","SourceName":"Microsoft-Windows-Sysmon","Hostname":"WORKSTATION5.theshire.local","ProcessId":"3752","Description":"Microsoft .NET Runtime Execution Engine","SignatureStatus":"Valid","Product":"Microsoft .NET Framework","EventID":7,"Keywords":"0x8000000000000000","Signed":"true","OriginalFileName":"mscoreei.dll","Message":"Image loaded:\r\nRuleName: -\r\nUtcTime: 2020-10-30 00:23:20.542\r\nProcessGuid: {14475cd4-5cf8-5f9b-7801-000000000500}\r\nProcessId: 3752\r\nImage: C:\\ProgramData\\SharpView.exe\r\nImageLoaded: C:\\Windows\\Microsoft.NET\\Framework64\\v4.0.30319\\mscoreei.dll\r\nFileVersion: 4.8.4180.0 built by: NET48REL1LAST_B\r\nDescription: Microsoft .NET Runtime Execution Engine\r\nProduct: Microsoft .NET Framework\r\nCompany: Microsoft Corporation\r\nOriginalFileName: mscoreei.dll\r\nHashes: SHA1=1283EF637FA53D571118F269F9B8C0A5CCA2BF01,MD5=899A8B655E52A061B33571D97C5C06ED,SHA256=DE05B03E37FB9BA5D74CF8FA36A6F0B15AB61705285B738BC90D14FDE580A45E,IMPHASH=005299FA213F652A596AC31760C5340B\r\nSigned: true\r\nSignature: Microsoft Corporation\r\nSignatureStatus: Valid"}
{"@timestamp":"2020-10-29T08:23:20.558Z","TimeCreated":"2020-10-29T08:23:20.558Z","Hashes":"SHA1=9074DF3335B785BB00B43AE76ACC66B799118FAE,MD5=BFB85A9022324E41FCEC5011BCB5FD23,SHA256=3CDA144CFB6278DA47267FE1E1FE258716A074C3D3DD8413B259DA7DA1039871,IMPHASH=6659A49ABF33952444C5A7FA22FD9032","Signature":"Microsoft Windows","ProviderGuid":"{5770385f-c22a-43e0-bf4c-06f5698ffbd9}","Company":"Microsoft Corporation","UtcTime":"2020-10-30 00:23:20.558","ProcessGuid":"{14475cd4-5cf8-5f9b-7801-000000000500}","Image":"C:\\ProgramData\\SharpView.exe","ImageLoaded":"C:\\Windows\\System32\\shlwapi.dll","Level":"4","Channel":"Microsoft-Windows-Sysmon/Operational","Task":"7","RuleName":"-","FileVersion":"10.0.18362.1 (WinBuild.160101.0800)","SourceName":"Microsoft-Windows-Sysmon","Hostname":"WORKSTATION5.theshire.local","ProcessId":"3752","Description":"Shell Light-weight Utility Library","SignatureStatus":"Valid","Product":"Microsoft Windows Operating System","EventID":7,"Keywords":"0x8000000000000000","Signed":"true","OriginalFileName":"SHLWAPI.DLL","Message":"Image loaded:\r\nRuleName: -\r\nUtcTime: 2020-10-30 00:23:20.558\r\nProcessGuid: {14475cd4-5cf8-5f9b-7801-000000000500}\r\nProcessId: 3752\r\nImage: C:\\ProgramData\\SharpView.exe\r\nImageLoaded: C:\\Windows\\System32\\shlwapi.dll\r\nFileVersion: 10.0.18362.1 (WinBuild.160101.0800)\r\nDescription: Shell Light-weight Utility Library\r\nProduct: Microsoft Windows Operating System\r\nCompany: Microsoft Corporation\r\nOriginalFileName: SHLWAPI.DLL\r\nHashes: SHA1=9074DF3335B785BB00B43AE76ACC66B799118FAE,MD5=BFB85A9022324E41FCEC5011BCB5FD23,SHA256=3CDA144CFB6278DA47267FE1E1FE258716A074C3D3DD8413B259DA7DA1039871,IMPHASH=6659A49ABF33952444C5A7FA22FD9032\r\nSigned: true\r\nSignature: Microsoft Windows\r\nSignatureStatus: Valid"}
{"@timestamp":"2020-10-29T08:23:20.558Z","TimeCreated":"2020-10-29T08:23:20.558Z","Hashes":"SHA1=969AA7FF99DD7452EDA4558492D7A7435E414B37,MD5=66D9CBC07F05DC58E9B01E7E247DBA9C,SHA256=C0687B0277326C0DCB36B729F1257D03F23744B17E6BB4A92AFC52BE528EA6E1,IMPHASH=D1A511866766E387FD0DAF3ACBB54B12","Signature":"Microsoft Windows","ProviderGuid":"{5770385f-c22a-43e0-bf4c-06f5698ffbd9}","Company":"Microsoft Corporation","UtcTime":"2020-10-30 00:23:20.558","ProcessGuid":"{14475cd4-5cf8-5f9b-7801-000000000500}","Image":"C:\\ProgramData\\SharpView.exe","ImageLoaded":"C:\\Windows\\System32\\combase.dll","Level":"4","Channel":"Microsoft-Windows-Sysmon/Operational","Task":"7","RuleName":"-","FileVersion":"10.0.18362.1139 (WinBuild.160101.0800)","SourceName":"Microsoft-Windows-Sysmon","Hostname":"WORKSTATION5.theshire.local","ProcessId":"3752","Description":"Microsoft COM for Windows","SignatureStatus":"Valid","Product":"Microsoft Windows Operating System","EventID":7,"Keywords":"0x8000000000000000","Signed":"true","OriginalFileName":"COMBASE.DLL","Message":"Image loaded:\r\nRuleName: -\r\nUtcTime: 2020-10-30 00:23:20.558\r\nProcessGuid: {14475cd4-5cf8-5f9b-7801-000000000500}\r\nProcessId: 3752\r\nImage: C:\\ProgramData\\SharpView.exe\r\nImageLoaded: C:\\Windows\\System32\\combase.dll\r\nFileVersion: 10.0.18362.1139 (WinBuild.160101.0800)\r\nDescription: Microsoft COM for Windows\r\nProduct: Microsoft Windows Operating System\r\nCompany: Microsoft Corporation\r\nOriginalFileName: COMBASE.DLL\r\nHashes: SHA1=969AA7FF99DD7452EDA4558492D7A7435E414B37,MD5=66D9CBC07F05DC58E9B01E7E247DBA9C,SHA256=C0687B0277326C0DCB36B729F1257D03F23744B17E6BB4A92AFC52BE528EA6E1,IMPHASH=D1A511866766E387FD0DAF3ACBB54B12\r\nSigned: true\r\nSignature: Microsoft Windows\r\nSignatureStatus: Valid"}
