{"@timestamp":"2020-10-26T11:58:30.401Z","TimeCreated":"2020-10-26T11:58:30.401Z","Hashes":"SHA1=421C35E0949143DE72C8F98776565D24815AD47E,MD5=F46778029BE7D755EBDCDF048EA62A4B,SHA256=907A4D1D405283AD24BBA1F9A763C5118A33574F3E0EC7FC543F65B24CC0A748,IMPHASH=E5649DCD6FA9472DB9A89CCD123913C0","Signature":"Microsoft Windows","ProviderGuid":"{5770385f-c22a-43e0-bf4c-06f5698ffbd9}","Company":"Microsoft Corporation","UtcTime":"2020-10-27 03:58:30.388","ProcessGuid":"{39e4a257-9ae6-5f97-d027-000000000700}","Image":"C:\\Users\\wardog\\Desktop\\ProcessHerpaderping.exe","ImageLoaded":"C:\\Windows\\System32\\bcrypt.dll","Level":"4","Channel":"Microsoft-Windows-Sysmon/Operational","Task":"7","RuleName":"-","FileVersion":"10.0.18362.267 (WinBuild.160101.0800)","SourceName":"Microsoft-Windows-Sysmon","Hostname":"WORKSTATION5","ProcessId":"13032","Description":"Windows Cryptographic Primitives Library","SignatureStatus":"Valid","Product":"Microsoft Windows Operating System","EventID":7,"Keywords":"0x8000000000000000","Signed":"true","OriginalFileName":"bcrypt.dll","Message":"Image loaded:\r\nRuleName: -\r\nUtcTime: 2020-10-27 03:58:30.388\r\nProcessGuid: {39e4a257-9ae6-5f97-d027-000000000700}\r\nProcessId: 13032\r\nImage: C:\\Users\\wardog\\Desktop\\ProcessHerpaderping.exe\r\nImageLoaded: C:\\Windows\\System32\\bcrypt.dll\r\nFileVersion: 10.0.18362.267 (WinBuild.160101.0800)\r\nDescription: Windows Cryptographic Primitives Library\r\nProduct: Microsoft Windows Operating System\r\nCompany: Microsoft Corporation\r\nOriginalFileName: bcrypt.dll\r\nHashes: SHA1=421C35E0949143DE72C8F98776565D24815AD47E,MD5=F46778029BE7D755EBDCDF048EA62A4B,SHA256=907A4D1D405283AD24BBA1F9A763C5118A33574F3E0EC7FC543F65B24CC0A748,IMPHASH=E5649DCD6FA9472DB9A89CCD123913C0\r\nSigned: true\r\nSignature: Microsoft Windows\r\nSignatureStatus: Valid"}
{"@timestamp":"2020-10-26T11:58:30.411Z","TimeCreated":"2020-10-26T11:58:30.411Z","ProviderGuid":"{5770385f-c22a-43e0-bf4c-06f5698ffbd9}","TargetFilename":"C:\\Users\\wardog\\Desktop\\wardog.exe","UtcTime":"2020-10-27 03:58:30.403","ProcessGuid":"{39e4a257-9ae6-5f97-d027-000000000700}","Image":"C:\\Users\\wardog\\Desktop\\ProcessHerpaderping.exe","CreationUtcTime":"2020-10-27 03:58:30.403","Level":"4","Channel":"Microsoft-Windows-Sysmon/Operational","Task":"11","RuleName":"-","SourceName":"Microsoft-Windows-Sysmon","Hostname":"WORKSTATION5","ProcessId":"13032","EventID":11,"Keywords":"0x8000000000000000","Message":"File created:\r\nRuleName: -\r\nUtcTime: 2020-10-27 03:58:30.403\r\nProcessGuid: {39e4a257-9ae6-5f97-d027-000000000700}\r\nProcessId: 13032\r\nImage: C:\\Users\\wardog\\Desktop\\ProcessHerpaderping.exe\r\nTargetFilename: C:\\Users\\wardog\\Desktop\\wardog.exe\r\nCreationUtcTime: 2020-10-27 03:58:30.403"}
{"GrantedAccess":"0x1fffff","@timestamp":"2020-10-26T11:58:30.470Z","TimeCreated":"2020-10-26T11:58:30.470Z","SourceThreadId":"12676","SourceImage":"C:\\Users\\wardog\\Desktop\\ProcessHerpaderping.exe","ProviderGuid":"{5770385f-c22a-43e0-bf4c-06f5698ffbd9}","CallTrace":"C:\\windows\\SYSTEM32\\ntdll.dll+9ca64|C:\\Users\\wardog\\Desktop\\ProcessHerpaderping.exe+d5b2c|C:\\Users\\wardog\\Desktop\\ProcessHerpaderping.exe+ed9bc|C:\\Users\\wardog\\Desktop\\ProcessHerpaderping.exe+1593d9|C:\\Users\\wardog\\Desktop\\ProcessHerpaderping.exe+15927e|C:\\Users\\wardog\\Desktop\\ProcessHerpaderping.exe+15913e|C:\\Users\\wardog\\Desktop\\ProcessHerpaderping.exe+159469|C:\\windows\\System32\\KERNEL32.DLL+17c24|C:\\windows\\SYSTEM32\\ntdll.dll+6cea1","UtcTime":"2020-10-27 03:58:30.466","TargetProcessGUID":"{39e4a257-9ae6-5f97-d127-000000000700}","SourceProcessId":"13032","Level":"4","Channel":"Microsoft-Windows-Sysmon/Operational","Task":"10","RuleName":"-","SourceName":"Microsoft-Windows-Sysmon","Hostname":"WORKSTATION5","SourceProcessGUID":"{39e4a257-9ae6-5f97-d027-000000000700}","TargetProcessId":"5512","EventID":10,"Keywords":"0x8000000000000000","TargetImage":"wardog.exe","Message":"Process accessed:\r\nRuleName: -\r\nUtcTime: 2020-10-27 03:58:30.466\r\nSourceProcessGUID: {39e4a257-9ae6-5f97-d027-000000000700}\r\nSourceProcessId: 13032\r\nSourceThreadId: 12676\r\nSourceImage: C:\\Users\\wardog\\Desktop\\ProcessHerpaderping.exe\r\nTargetProcessGUID: {39e4a257-9ae6-5f97-d127-000000000700}\r\nTargetProcessId: 5512\r\nTargetImage: wardog.exe\r\nGrantedAccess: 0x1FFFFF\r\nCallTrace: C:\\windows\\SYSTEM32\\ntdll.dll+9ca64|C:\\Users\\wardog\\Desktop\\ProcessHerpaderping.exe+d5b2c|C:\\Users\\wardog\\Desktop\\ProcessHerpaderping.exe+ed9bc|C:\\Users\\wardog\\Desktop\\ProcessHerpaderping.exe+1593d9|C:\\Users\\wardog\\Desktop\\ProcessHerpaderping.exe+15927e|C:\\Users\\wardog\\Desktop\\ProcessHerpaderping.exe+15913e|C:\\Users\\wardog\\Desktop\\ProcessHerpaderping.exe+159469|C:\\windows\\System32\\KERNEL32.DLL+17c24|C:\\windows\\SYSTEM32\\ntdll.dll+6cea1"}
{"@timestamp":"2020-10-26T11:58:30.580Z","TimeCreated":"2020-10-26T11:58:30.580Z","ProviderGuid":"{5770385f-c22a-43e0-bf4c-06f5698ffbd9}","UtcTime":"2020-10-27 03:58:30.575","ProcessGuid":"{39e4a257-9ae6-5f97-d027-000000000700}","Image":"C:\\Users\\wardog\\Desktop\\ProcessHerpaderping.exe","Level":"4","Channel":"Microsoft-Windows-Sysmon/Operational","Task":"13","RuleName":"-","SourceName":"Microsoft-Windows-Sysmon","Hostname":"WORKSTATION5","Details":"Binary Data","ProcessId":"13032","EventType":"SetValue","EventID":13,"Keywords":"0x8000000000000000","TargetObject":"HKLM\\System\\CurrentControlSet\\Services\\bam\\State\\UserSettings\\S-1-5-21-3940915590-64593676-1414006259-500\\\\Device\\HarddiskVolume2\\Users\\wardog\\Desktop\\wardog.exe","Message":"Registry value set:\r\nRuleName: -\r\nEventType: SetValue\r\nUtcTime: 2020-10-27 03:58:30.575\r\nProcessGuid: {39e4a257-9ae6-5f97-d027-000000000700}\r\nProcessId: 13032\r\nImage: C:\\Users\\wardog\\Desktop\\ProcessHerpaderping.exe\r\nTargetObject: HKLM\\System\\CurrentControlSet\\Services\\bam\\State\\UserSettings\\S-1-5-21-3940915590-64593676-1414006259-500\\\\Device\\HarddiskVolume2\\Users\\wardog\\Desktop\\wardog.exe\r\nDetails: Binary Data"}
{"Keywords":"0x8000000000000000","Task":"1","Description":"-","CommandLine":"\"wardog.exe\"","TimeCreated":"2020-10-26T11:58:30.597Z","Product":"-","Company":"-","OriginalFileName":"-","User":"WORKSTATION5\\wardog","ParentProcessId":"13032","SourceName":"Microsoft-Windows-Sysmon","IntegrityLevel":"High","ProcessGuid":"{39e4a257-9ae6-5f97-d127-000000000700}","CurrentDirectory":"C:\\Users\\wardog\\Desktop\\","Hashes":"SHA1=02B31A4CEF934D0F488C60746B29C110D5789062,MD5=0CCC0625F6BA92A848903945ADA24A7F,SHA256=17E7F74D32B1163D9AEB98D3820D026E8BF80DE9F6A83756611FE3AA9CFE64B1,IMPHASH=2C2E1D73CA9132FDC123B09EF74BD684","UtcTime":"2020-10-27 03:58:30.469","ParentCommandLine":"ProcessHerpaderping.exe  mimikatz.exe wardog.exe \"C:\\Program Files (x86)\\Internet Explorer\\iexplore.exe\"","TerminalSessionId":"2","ProcessId":"5512","ParentImage":"C:\\Users\\wardog\\Desktop\\ProcessHerpaderping.exe","FileVersion":"-","ParentProcessGuid":"{39e4a257-9ae6-5f97-d027-000000000700}","@timestamp":"2020-10-26T11:58:30.597Z","LogonGuid":"{39e4a257-f1ac-5f8b-d961-0c0000000000}","Image":"C:\\Users\\wardog\\Desktop\\wardog.exe","Hostname":"WORKSTATION5","LogonId":"0xc61d9","Level":"4","EventID":1,"ProviderGuid":"{5770385f-c22a-43e0-bf4c-06f5698ffbd9}","RuleName":"-","Message":"Process Create:\r\nRuleName: -\r\nUtcTime: 2020-10-27 03:58:30.469\r\nProcessGuid: {39e4a257-9ae6-5f97-d127-000000000700}\r\nProcessId: 5512\r\nImage: C:\\Users\\wardog\\Desktop\\wardog.exe\r\nFileVersion: -\r\nDescription: -\r\nProduct: -\r\nCompany: -\r\nOriginalFileName: -\r\nCommandLine: \"wardog.exe\"\r\nCurrentDirectory: C:\\Users\\wardog\\Desktop\\\r\nUser: WORKSTATION5\\wardog\r\nLogonGuid: {39e4a257-f1ac-5f8b-d961-0c0000000000}\r\nLogonId: 0xC61D9\r\nTerminalSessionId: 2\r\nIntegrityLevel: High\r\nHashes: SHA1=02B31A4CEF934D0F488C60746B29C110D5789062,MD5=0CCC0625F6BA92A848903945ADA24A7F,SHA256=17E7F74D32B1163D9AEB98D3820D026E8BF80DE9F6A83756611FE3AA9CFE64B1,IMPHASH=2C2E1D73CA9132FDC123B09EF74BD684\r\nParentProcessGuid: {39e4a257-9ae6-5f97-d027-000000000700}\r\nParentProcessId: 13032\r\nParentImage: C:\\Users\\wardog\\Desktop\\ProcessHerpaderping.exe\r\nParentCommandLine: ProcessHerpaderping.exe  mimikatz.exe wardog.exe \"C:\\Program Files (x86)\\Internet Explorer\\iexplore.exe\"","Channel":"Microsoft-Windows-Sysmon/Operational"}
{"@timestamp":"2020-10-26T11:58:30.631Z","TimeCreated":"2020-10-26T11:58:30.631Z","Hashes":"SHA1=02B31A4CEF934D0F488C60746B29C110D5789062,MD5=0CCC0625F6BA92A848903945ADA24A7F,SHA256=17E7F74D32B1163D9AEB98D3820D026E8BF80DE9F6A83756611FE3AA9CFE64B1,IMPHASH=2C2E1D73CA9132FDC123B09EF74BD684","Signature":"Microsoft Corporation","ProviderGuid":"{5770385f-c22a-43e0-bf4c-06f5698ffbd9}","Company":"-","UtcTime":"2020-10-27 03:58:30.575","ProcessGuid":"{39e4a257-9ae6-5f97-d127-000000000700}","Image":"C:\\Users\\wardog\\Desktop\\wardog.exe","ImageLoaded":"C:\\Users\\wardog\\Desktop\\wardog.exe","Level":"4","Channel":"Microsoft-Windows-Sysmon/Operational","Task":"7","RuleName":"-","FileVersion":"-","SourceName":"Microsoft-Windows-Sysmon","Hostname":"WORKSTATION5","ProcessId":"5512","Description":"-","SignatureStatus":"Valid","Product":"-","EventID":7,"Keywords":"0x8000000000000000","Signed":"true","OriginalFileName":"-","Message":"Image loaded:\r\nRuleName: -\r\nUtcTime: 2020-10-27 03:58:30.575\r\nProcessGuid: {39e4a257-9ae6-5f97-d127-000000000700}\r\nProcessId: 5512\r\nImage: C:\\Users\\wardog\\Desktop\\wardog.exe\r\nImageLoaded: C:\\Users\\wardog\\Desktop\\wardog.exe\r\nFileVersion: -\r\nDescription: -\r\nProduct: -\r\nCompany: -\r\nOriginalFileName: -\r\nHashes: SHA1=02B31A4CEF934D0F488C60746B29C110D5789062,MD5=0CCC0625F6BA92A848903945ADA24A7F,SHA256=17E7F74D32B1163D9AEB98D3820D026E8BF80DE9F6A83756611FE3AA9CFE64B1,IMPHASH=2C2E1D73CA9132FDC123B09EF74BD684\r\nSigned: true\r\nSignature: Microsoft Corporation\r\nSignatureStatus: Valid"}
{"@timestamp":"2020-10-26T11:58:30.632Z","TimeCreated":"2020-10-26T11:58:30.632Z","Hashes":"SHA1=2006BDF15EAED226CE4FDB5337F7C121C311A0AE,MD5=3051E3AB25FBF0401FCA1A4CF63B2507,SHA256=B9FE6B85C174DB6BCAF0DA9961B9247FC79F0757DB3401AA3184E80BE339CB75,IMPHASH=00000000000000000000000000000000","Signature":"Microsoft Windows","ProviderGuid":"{5770385f-c22a-43e0-bf4c-06f5698ffbd9}","Company":"Microsoft Corporation","UtcTime":"2020-10-27 03:58:30.575","ProcessGuid":"{39e4a257-9ae6-5f97-d127-000000000700}","Image":"C:\\Users\\wardog\\Desktop\\wardog.exe","ImageLoaded":"C:\\Windows\\System32\\ntdll.dll","Level":"4","Channel":"Microsoft-Windows-Sysmon/Operational","Task":"7","RuleName":"-","FileVersion":"10.0.18362.1139 (WinBuild.160101.0800)","SourceName":"Microsoft-Windows-Sysmon","Hostname":"WORKSTATION5","ProcessId":"5512","Description":"NT Layer DLL","SignatureStatus":"Valid","Product":"Microsoft Windows Operating System","EventID":7,"Keywords":"0x8000000000000000","Signed":"true","OriginalFileName":"ntdll.dll","Message":"Image loaded:\r\nRuleName: -\r\nUtcTime: 2020-10-27 03:58:30.575\r\nProcessGuid: {39e4a257-9ae6-5f97-d127-000000000700}\r\nProcessId: 5512\r\nImage: C:\\Users\\wardog\\Desktop\\wardog.exe\r\nImageLoaded: C:\\Windows\\System32\\ntdll.dll\r\nFileVersion: 10.0.18362.1139 (WinBuild.160101.0800)\r\nDescription: NT Layer DLL\r\nProduct: Microsoft Windows Operating System\r\nCompany: Microsoft Corporation\r\nOriginalFileName: ntdll.dll\r\nHashes: SHA1=2006BDF15EAED226CE4FDB5337F7C121C311A0AE,MD5=3051E3AB25FBF0401FCA1A4CF63B2507,SHA256=B9FE6B85C174DB6BCAF0DA9961B9247FC79F0757DB3401AA3184E80BE339CB75,IMPHASH=00000000000000000000000000000000\r\nSigned: true\r\nSignature: Microsoft Windows\r\nSignatureStatus: Valid"}
{"@timestamp":"2020-10-26T11:58:30.632Z","TimeCreated":"2020-10-26T11:58:30.632Z","Hashes":"SHA1=D207A86541CABC3190BBD5B1CC982F6D7C90051B,MD5=ED906DB51BCB4F5A68606D2683AF44A3,SHA256=DF5CE6E95294579D7D7D16C47CB3DC5C8FA1DB53CCE56091E3496309B0D87536,IMPHASH=D3645703895C4EBB8EA5B9B26816A081","Signature":"Microsoft Windows","ProviderGuid":"{5770385f-c22a-43e0-bf4c-06f5698ffbd9}","Company":"Microsoft Corporation","UtcTime":"2020-10-27 03:58:30.575","ProcessGuid":"{39e4a257-9ae6-5f97-d127-000000000700}","Image":"C:\\Users\\wardog\\Desktop\\wardog.exe","ImageLoaded":"C:\\Windows\\System32\\kernel32.dll","Level":"4","Channel":"Microsoft-Windows-Sysmon/Operational","Task":"7","RuleName":"-","FileVersion":"10.0.18362.1110 (WinBuild.160101.0800)","SourceName":"Microsoft-Windows-Sysmon","Hostname":"WORKSTATION5","ProcessId":"5512","Description":"Windows NT BASE API Client DLL","SignatureStatus":"Valid","Product":"Microsoft Windows Operating System","EventID":7,"Keywords":"0x8000000000000000","Signed":"true","OriginalFileName":"kernel32","Message":"Image loaded:\r\nRuleName: -\r\nUtcTime: 2020-10-27 03:58:30.575\r\nProcessGuid: {39e4a257-9ae6-5f97-d127-000000000700}\r\nProcessId: 5512\r\nImage: C:\\Users\\wardog\\Desktop\\wardog.exe\r\nImageLoaded: C:\\Windows\\System32\\kernel32.dll\r\nFileVersion: 10.0.18362.1110 (WinBuild.160101.0800)\r\nDescription: Windows NT BASE API Client DLL\r\nProduct: Microsoft Windows Operating System\r\nCompany: Microsoft Corporation\r\nOriginalFileName: kernel32\r\nHashes: SHA1=D207A86541CABC3190BBD5B1CC982F6D7C90051B,MD5=ED906DB51BCB4F5A68606D2683AF44A3,SHA256=DF5CE6E95294579D7D7D16C47CB3DC5C8FA1DB53CCE56091E3496309B0D87536,IMPHASH=D3645703895C4EBB8EA5B9B26816A081\r\nSigned: true\r\nSignature: Microsoft Windows\r\nSignatureStatus: Valid"}
{"@timestamp":"2020-10-26T11:58:30.633Z","TimeCreated":"2020-10-26T11:58:30.633Z","Hashes":"SHA1=48B3741C6497B40F71868EFAAA9EB7A224CB8060,MD5=AEE6D39564EEB18A90C3160215941B46,SHA256=6733FEEA211EA651B5DF46D391825D7861126546AE80A42A4C1E7B1ABD0E4DA5,IMPHASH=16003AF856720C35351BB8C14AD0B0A8","Signature":"Microsoft Windows","ProviderGuid":"{5770385f-c22a-43e0-bf4c-06f5698ffbd9}","Company":"Microsoft Corporation","UtcTime":"2020-10-27 03:58:30.575","ProcessGuid":"{39e4a257-9ae6-5f97-d127-000000000700}","Image":"C:\\Users\\wardog\\Desktop\\wardog.exe","ImageLoaded":"C:\\Windows\\System32\\KernelBase.dll","Level":"4","Channel":"Microsoft-Windows-Sysmon/Operational","Task":"7","RuleName":"-","FileVersion":"10.0.18362.1139 (WinBuild.160101.0800)","SourceName":"Microsoft-Windows-Sysmon","Hostname":"WORKSTATION5","ProcessId":"5512","Description":"Windows NT BASE API Client DLL","SignatureStatus":"Valid","Product":"Microsoft Windows Operating System","EventID":7,"Keywords":"0x8000000000000000","Signed":"true","OriginalFileName":"Kernelbase.dll","Message":"Image loaded:\r\nRuleName: -\r\nUtcTime: 2020-10-27 03:58:30.575\r\nProcessGuid: {39e4a257-9ae6-5f97-d127-000000000700}\r\nProcessId: 5512\r\nImage: C:\\Users\\wardog\\Desktop\\wardog.exe\r\nImageLoaded: C:\\Windows\\System32\\KernelBase.dll\r\nFileVersion: 10.0.18362.1139 (WinBuild.160101.0800)\r\nDescription: Windows NT BASE API Client DLL\r\nProduct: Microsoft Windows Operating System\r\nCompany: Microsoft Corporation\r\nOriginalFileName: Kernelbase.dll\r\nHashes: SHA1=48B3741C6497B40F71868EFAAA9EB7A224CB8060,MD5=AEE6D39564EEB18A90C3160215941B46,SHA256=6733FEEA211EA651B5DF46D391825D7861126546AE80A42A4C1E7B1ABD0E4DA5,IMPHASH=16003AF856720C35351BB8C14AD0B0A8\r\nSigned: true\r\nSignature: Microsoft Windows\r\nSignatureStatus: Valid"}
{"GrantedAccess":"0x1fffff","@timestamp":"2020-10-26T11:58:30.633Z","TimeCreated":"2020-10-26T11:58:30.633Z","SourceThreadId":"5756","SourceImage":"C:\\windows\\system32\\csrss.exe","ProviderGuid":"{5770385f-c22a-43e0-bf4c-06f5698ffbd9}","CallTrace":"C:\\windows\\SYSTEM32\\ntdll.dll+9d154|C:\\windows\\SYSTEM32\\CSRSRV.dll+1430|C:\\windows\\SYSTEM32\\CSRSRV.dll+5fd9|C:\\windows\\SYSTEM32\\ntdll.dll+6ceaf","UtcTime":"2020-10-27 03:58:30.575","TargetProcessGUID":"{39e4a257-9ae6-5f97-d127-000000000700}","SourceProcessId":"5672","Level":"4","Channel":"Microsoft-Windows-Sysmon/Operational","Task":"10","RuleName":"-","SourceName":"Microsoft-Windows-Sysmon","Hostname":"WORKSTATION5","SourceProcessGUID":"{39e4a257-f1a8-5f8b-8d00-000000000700}","TargetProcessId":"5512","EventID":10,"Keywords":"0x8000000000000000","TargetImage":"wardog.exe","Message":"Process accessed:\r\nRuleName: -\r\nUtcTime: 2020-10-27 03:58:30.575\r\nSourceProcessGUID: {39e4a257-f1a8-5f8b-8d00-000000000700}\r\nSourceProcessId: 5672\r\nSourceThreadId: 5756\r\nSourceImage: C:\\windows\\system32\\csrss.exe\r\nTargetProcessGUID: {39e4a257-9ae6-5f97-d127-000000000700}\r\nTargetProcessId: 5512\r\nTargetImage: wardog.exe\r\nGrantedAccess: 0x1FFFFF\r\nCallTrace: C:\\windows\\SYSTEM32\\ntdll.dll+9d154|C:\\windows\\SYSTEM32\\CSRSRV.dll+1430|C:\\windows\\SYSTEM32\\CSRSRV.dll+5fd9|C:\\windows\\SYSTEM32\\ntdll.dll+6ceaf"}
{"@timestamp":"2020-10-26T11:58:30.633Z","TimeCreated":"2020-10-26T11:58:30.633Z","ProviderGuid":"{5770385f-c22a-43e0-bf4c-06f5698ffbd9}","UtcTime":"2020-10-27 03:58:30.575","ProcessGuid":"{39e4a257-9ae6-5f97-d127-000000000700}","Image":"wardog.exe","Level":"4","Channel":"Microsoft-Windows-Sysmon/Operational","Task":"13","RuleName":"-","SourceName":"Microsoft-Windows-Sysmon","Hostname":"WORKSTATION5","Details":"Binary Data","ProcessId":"5512","EventType":"SetValue","EventID":13,"Keywords":"0x8000000000000000","TargetObject":"HKLM\\System\\CurrentControlSet\\Services\\bam\\State\\UserSettings\\S-1-5-21-3940915590-64593676-1414006259-500\\\\Device\\HarddiskVolume2\\Windows\\System32\\conhost.exe","Message":"Registry value set:\r\nRuleName: -\r\nEventType: SetValue\r\nUtcTime: 2020-10-27 03:58:30.575\r\nProcessGuid: {39e4a257-9ae6-5f97-d127-000000000700}\r\nProcessId: 5512\r\nImage: wardog.exe\r\nTargetObject: HKLM\\System\\CurrentControlSet\\Services\\bam\\State\\UserSettings\\S-1-5-21-3940915590-64593676-1414006259-500\\\\Device\\HarddiskVolume2\\Windows\\System32\\conhost.exe\r\nDetails: Binary Data"}
{"Keywords":"0x8000000000000000","Task":"1","Description":"Console Window Host","CommandLine":"\\??\\C:\\windows\\system32\\conhost.exe 0xffffffff -ForceV1","TimeCreated":"2020-10-26T11:58:30.634Z","Product":"Microsoft Windows Operating System","Company":"Microsoft Corporation","OriginalFileName":"CONHOST.EXE","User":"WORKSTATION5\\wardog","ParentProcessId":"5512","SourceName":"Microsoft-Windows-Sysmon","IntegrityLevel":"High","ProcessGuid":"{39e4a257-9ae6-5f97-d227-000000000700}","CurrentDirectory":"C:\\windows","Hashes":"SHA1=11996F32DD85863A8C3BFF6D520F788A9211C8F7,MD5=C5E9B1D1103EDCEA2E408E9497A5A88F,SHA256=BAF97B2A629723947539CFF84E896CD29565AB4BB68B0CEC515EB5C5D6637B69,IMPHASH=F8DD0EF565DE87D97ABF9C62EA63EC21","UtcTime":"2020-10-27 03:58:30.584","ParentCommandLine":"\"wardog.exe\"","TerminalSessionId":"2","ProcessId":"8288","ParentImage":"C:\\Users\\wardog\\Desktop\\wardog.exe","FileVersion":"10.0.18362.1 (WinBuild.160101.0800)","ParentProcessGuid":"{39e4a257-9ae6-5f97-d127-000000000700}","@timestamp":"2020-10-26T11:58:30.634Z","LogonGuid":"{39e4a257-f1ac-5f8b-d961-0c0000000000}","Image":"C:\\Windows\\System32\\conhost.exe","Hostname":"WORKSTATION5","LogonId":"0xc61d9","Level":"4","EventID":1,"ProviderGuid":"{5770385f-c22a-43e0-bf4c-06f5698ffbd9}","RuleName":"-","Message":"Process Create:\r\nRuleName: -\r\nUtcTime: 2020-10-27 03:58:30.584\r\nProcessGuid: {39e4a257-9ae6-5f97-d227-000000000700}\r\nProcessId: 8288\r\nImage: C:\\Windows\\System32\\conhost.exe\r\nFileVersion: 10.0.18362.1 (WinBuild.160101.0800)\r\nDescription: Console Window Host\r\nProduct: Microsoft Windows Operating System\r\nCompany: Microsoft Corporation\r\nOriginalFileName: CONHOST.EXE\r\nCommandLine: \\??\\C:\\windows\\system32\\conhost.exe 0xffffffff -ForceV1\r\nCurrentDirectory: C:\\windows\r\nUser: WORKSTATION5\\wardog\r\nLogonGuid: {39e4a257-f1ac-5f8b-d961-0c0000000000}\r\nLogonId: 0xC61D9\r\nTerminalSessionId: 2\r\nIntegrityLevel: High\r\nHashes: SHA1=11996F32DD85863A8C3BFF6D520F788A9211C8F7,MD5=C5E9B1D1103EDCEA2E408E9497A5A88F,SHA256=BAF97B2A629723947539CFF84E896CD29565AB4BB68B0CEC515EB5C5D6637B69,IMPHASH=F8DD0EF565DE87D97ABF9C62EA63EC21\r\nParentProcessGuid: {39e4a257-9ae6-5f97-d127-000000000700}\r\nParentProcessId: 5512\r\nParentImage: C:\\Users\\wardog\\Desktop\\wardog.exe\r\nParentCommandLine: \"wardog.exe\"","Channel":"Microsoft-Windows-Sysmon/Operational"}
{"@timestamp":"2020-10-26T11:58:30.635Z","TimeCreated":"2020-10-26T11:58:30.635Z","Hashes":"SHA1=11996F32DD85863A8C3BFF6D520F788A9211C8F7,MD5=C5E9B1D1103EDCEA2E408E9497A5A88F,SHA256=BAF97B2A629723947539CFF84E896CD29565AB4BB68B0CEC515EB5C5D6637B69,IMPHASH=F8DD0EF565DE87D97ABF9C62EA63EC21","Signature":"Microsoft Windows","ProviderGuid":"{5770385f-c22a-43e0-bf4c-06f5698ffbd9}","Company":"Microsoft Corporation","UtcTime":"2020-10-27 03:58:30.575","ProcessGuid":"{39e4a257-9ae6-5f97-d227-000000000700}","Image":"C:\\Windows\\System32\\conhost.exe","ImageLoaded":"C:\\Windows\\System32\\conhost.exe","Level":"4","Channel":"Microsoft-Windows-Sysmon/Operational","Task":"7","RuleName":"-","FileVersion":"10.0.18362.1 (WinBuild.160101.0800)","SourceName":"Microsoft-Windows-Sysmon","Hostname":"WORKSTATION5","ProcessId":"8288","Description":"Console Window Host","SignatureStatus":"Valid","Product":"Microsoft Windows Operating System","EventID":7,"Keywords":"0x8000000000000000","Signed":"true","OriginalFileName":"CONHOST.EXE","Message":"Image loaded:\r\nRuleName: -\r\nUtcTime: 2020-10-27 03:58:30.575\r\nProcessGuid: {39e4a257-9ae6-5f97-d227-000000000700}\r\nProcessId: 8288\r\nImage: C:\\Windows\\System32\\conhost.exe\r\nImageLoaded: C:\\Windows\\System32\\conhost.exe\r\nFileVersion: 10.0.18362.1 (WinBuild.160101.0800)\r\nDescription: Console Window Host\r\nProduct: Microsoft Windows Operating System\r\nCompany: Microsoft Corporation\r\nOriginalFileName: CONHOST.EXE\r\nHashes: SHA1=11996F32DD85863A8C3BFF6D520F788A9211C8F7,MD5=C5E9B1D1103EDCEA2E408E9497A5A88F,SHA256=BAF97B2A629723947539CFF84E896CD29565AB4BB68B0CEC515EB5C5D6637B69,IMPHASH=F8DD0EF565DE87D97ABF9C62EA63EC21\r\nSigned: true\r\nSignature: Microsoft Windows\r\nSignatureStatus: Valid"}
{"@timestamp":"2020-10-26T11:58:30.638Z","TimeCreated":"2020-10-26T11:58:30.638Z","Hashes":"SHA1=2006BDF15EAED226CE4FDB5337F7C121C311A0AE,MD5=3051E3AB25FBF0401FCA1A4CF63B2507,SHA256=B9FE6B85C174DB6BCAF0DA9961B9247FC79F0757DB3401AA3184E80BE339CB75,IMPHASH=00000000000000000000000000000000","Signature":"Microsoft Windows","ProviderGuid":"{5770385f-c22a-43e0-bf4c-06f5698ffbd9}","Company":"Microsoft Corporation","UtcTime":"2020-10-27 03:58:30.575","ProcessGuid":"{39e4a257-9ae6-5f97-d227-000000000700}","Image":"C:\\Windows\\System32\\conhost.exe","ImageLoaded":"C:\\Windows\\System32\\ntdll.dll","Level":"4","Channel":"Microsoft-Windows-Sysmon/Operational","Task":"7","RuleName":"-","FileVersion":"10.0.18362.1139 (WinBuild.160101.0800)","SourceName":"Microsoft-Windows-Sysmon","Hostname":"WORKSTATION5","ProcessId":"8288","Description":"NT Layer DLL","SignatureStatus":"Valid","Product":"Microsoft Windows Operating System","EventID":7,"Keywords":"0x8000000000000000","Signed":"true","OriginalFileName":"ntdll.dll","Message":"Image loaded:\r\nRuleName: -\r\nUtcTime: 2020-10-27 03:58:30.575\r\nProcessGuid: {39e4a257-9ae6-5f97-d227-000000000700}\r\nProcessId: 8288\r\nImage: C:\\Windows\\System32\\conhost.exe\r\nImageLoaded: C:\\Windows\\System32\\ntdll.dll\r\nFileVersion: 10.0.18362.1139 (WinBuild.160101.0800)\r\nDescription: NT Layer DLL\r\nProduct: Microsoft Windows Operating System\r\nCompany: Microsoft Corporation\r\nOriginalFileName: ntdll.dll\r\nHashes: SHA1=2006BDF15EAED226CE4FDB5337F7C121C311A0AE,MD5=3051E3AB25FBF0401FCA1A4CF63B2507,SHA256=B9FE6B85C174DB6BCAF0DA9961B9247FC79F0757DB3401AA3184E80BE339CB75,IMPHASH=00000000000000000000000000000000\r\nSigned: true\r\nSignature: Microsoft Windows\r\nSignatureStatus: Valid"}
{"@timestamp":"2020-10-26T11:58:30.639Z","TimeCreated":"2020-10-26T11:58:30.639Z","Hashes":"SHA1=D207A86541CABC3190BBD5B1CC982F6D7C90051B,MD5=ED906DB51BCB4F5A68606D2683AF44A3,SHA256=DF5CE6E95294579D7D7D16C47CB3DC5C8FA1DB53CCE56091E3496309B0D87536,IMPHASH=D3645703895C4EBB8EA5B9B26816A081","Signature":"Microsoft Windows","ProviderGuid":"{5770385f-c22a-43e0-bf4c-06f5698ffbd9}","Company":"Microsoft Corporation","UtcTime":"2020-10-27 03:58:30.575","ProcessGuid":"{39e4a257-9ae6-5f97-d227-000000000700}","Image":"C:\\Windows\\System32\\conhost.exe","ImageLoaded":"C:\\Windows\\System32\\kernel32.dll","Level":"4","Channel":"Microsoft-Windows-Sysmon/Operational","Task":"7","RuleName":"-","FileVersion":"10.0.18362.1110 (WinBuild.160101.0800)","SourceName":"Microsoft-Windows-Sysmon","Hostname":"WORKSTATION5","ProcessId":"8288","Description":"Windows NT BASE API Client DLL","SignatureStatus":"Valid","Product":"Microsoft Windows Operating System","EventID":7,"Keywords":"0x8000000000000000","Signed":"true","OriginalFileName":"kernel32","Message":"Image loaded:\r\nRuleName: -\r\nUtcTime: 2020-10-27 03:58:30.575\r\nProcessGuid: {39e4a257-9ae6-5f97-d227-000000000700}\r\nProcessId: 8288\r\nImage: C:\\Windows\\System32\\conhost.exe\r\nImageLoaded: C:\\Windows\\System32\\kernel32.dll\r\nFileVersion: 10.0.18362.1110 (WinBuild.160101.0800)\r\nDescription: Windows NT BASE API Client DLL\r\nProduct: Microsoft Windows Operating System\r\nCompany: Microsoft Corporation\r\nOriginalFileName: kernel32\r\nHashes: SHA1=D207A86541CABC3190BBD5B1CC982F6D7C90051B,MD5=ED906DB51BCB4F5A68606D2683AF44A3,SHA256=DF5CE6E95294579D7D7D16C47CB3DC5C8FA1DB53CCE56091E3496309B0D87536,IMPHASH=D3645703895C4EBB8EA5B9B26816A081\r\nSigned: true\r\nSignature: Microsoft Windows\r\nSignatureStatus: Valid"}
{"@timestamp":"2020-10-26T11:58:30.639Z","TimeCreated":"2020-10-26T11:58:30.639Z","Hashes":"SHA1=48B3741C6497B40F71868EFAAA9EB7A224CB8060,MD5=AEE6D39564EEB18A90C3160215941B46,SHA256=6733FEEA211EA651B5DF46D391825D7861126546AE80A42A4C1E7B1ABD0E4DA5,IMPHASH=16003AF856720C35351BB8C14AD0B0A8","Signature":"Microsoft Windows","ProviderGuid":"{5770385f-c22a-43e0-bf4c-06f5698ffbd9}","Company":"Microsoft Corporation","UtcTime":"2020-10-27 03:58:30.575","ProcessGuid":"{39e4a257-9ae6-5f97-d227-000000000700}","Image":"C:\\Windows\\System32\\conhost.exe","ImageLoaded":"C:\\Windows\\System32\\KernelBase.dll","Level":"4","Channel":"Microsoft-Windows-Sysmon/Operational","Task":"7","RuleName":"-","FileVersion":"10.0.18362.1139 (WinBuild.160101.0800)","SourceName":"Microsoft-Windows-Sysmon","Hostname":"WORKSTATION5","ProcessId":"8288","Description":"Windows NT BASE API Client DLL","SignatureStatus":"Valid","Product":"Microsoft Windows Operating System","EventID":7,"Keywords":"0x8000000000000000","Signed":"true","OriginalFileName":"Kernelbase.dll","Message":"Image loaded:\r\nRuleName: -\r\nUtcTime: 2020-10-27 03:58:30.575\r\nProcessGuid: {39e4a257-9ae6-5f97-d227-000000000700}\r\nProcessId: 8288\r\nImage: C:\\Windows\\System32\\conhost.exe\r\nImageLoaded: C:\\Windows\\System32\\KernelBase.dll\r\nFileVersion: 10.0.18362.1139 (WinBuild.160101.0800)\r\nDescription: Windows NT BASE API Client DLL\r\nProduct: Microsoft Windows Operating System\r\nCompany: Microsoft Corporation\r\nOriginalFileName: Kernelbase.dll\r\nHashes: SHA1=48B3741C6497B40F71868EFAAA9EB7A224CB8060,MD5=AEE6D39564EEB18A90C3160215941B46,SHA256=6733FEEA211EA651B5DF46D391825D7861126546AE80A42A4C1E7B1ABD0E4DA5,IMPHASH=16003AF856720C35351BB8C14AD0B0A8\r\nSigned: true\r\nSignature: Microsoft Windows\r\nSignatureStatus: Valid"}
{"GrantedAccess":"0x1fffff","@timestamp":"2020-10-26T11:58:30.640Z","TimeCreated":"2020-10-26T11:58:30.640Z","SourceThreadId":"5688","SourceImage":"C:\\windows\\system32\\csrss.exe","ProviderGuid":"{5770385f-c22a-43e0-bf4c-06f5698ffbd9}","CallTrace":"C:\\windows\\SYSTEM32\\ntdll.dll+9d154|C:\\windows\\SYSTEM32\\CSRSRV.dll+1430|C:\\windows\\SYSTEM32\\CSRSRV.dll+5fd9|C:\\windows\\SYSTEM32\\ntdll.dll+6ceaf","UtcTime":"2020-10-27 03:58:30.575","TargetProcessGUID":"{39e4a257-9ae6-5f97-d227-000000000700}","SourceProcessId":"5672","Level":"4","Channel":"Microsoft-Windows-Sysmon/Operational","Task":"10","RuleName":"-","SourceName":"Microsoft-Windows-Sysmon","Hostname":"WORKSTATION5","SourceProcessGUID":"{39e4a257-f1a8-5f8b-8d00-000000000700}","TargetProcessId":"8288","EventID":10,"Keywords":"0x8000000000000000","TargetImage":"C:\\windows\\system32\\conhost.exe","Message":"Process accessed:\r\nRuleName: -\r\nUtcTime: 2020-10-27 03:58:30.575\r\nSourceProcessGUID: {39e4a257-f1a8-5f8b-8d00-000000000700}\r\nSourceProcessId: 5672\r\nSourceThreadId: 5688\r\nSourceImage: C:\\windows\\system32\\csrss.exe\r\nTargetProcessGUID: {39e4a257-9ae6-5f97-d227-000000000700}\r\nTargetProcessId: 8288\r\nTargetImage: C:\\windows\\system32\\conhost.exe\r\nGrantedAccess: 0x1FFFFF\r\nCallTrace: C:\\windows\\SYSTEM32\\ntdll.dll+9d154|C:\\windows\\SYSTEM32\\CSRSRV.dll+1430|C:\\windows\\SYSTEM32\\CSRSRV.dll+5fd9|C:\\windows\\SYSTEM32\\ntdll.dll+6ceaf"}
{"@timestamp":"2020-10-26T11:58:30.640Z","TimeCreated":"2020-10-26T11:58:30.640Z","Hashes":"SHA1=56A126B33C43CE80C5DA3319FA4FBE28F617599C,MD5=94027F5AE9D6FC3B0917C1B5BCD2D88E,SHA256=2FC246F193104FB36285360E9FB14CE10B04EDB50D9D5ECFD9FDA1F010BFCDB9,IMPHASH=7F555C87AEA488E97B6067A0419ED3B4","Signature":"Microsoft Windows","ProviderGuid":"{5770385f-c22a-43e0-bf4c-06f5698ffbd9}","Company":"Microsoft Corporation","UtcTime":"2020-10-27 03:58:30.575","ProcessGuid":"{39e4a257-9ae6-5f97-d227-000000000700}","Image":"C:\\Windows\\System32\\conhost.exe","ImageLoaded":"C:\\Windows\\System32\\msvcp_win.dll","Level":"4","Channel":"Microsoft-Windows-Sysmon/Operational","Task":"7","RuleName":"-","FileVersion":"10.0.18362.1110 (WinBuild.160101.0800)","SourceName":"Microsoft-Windows-Sysmon","Hostname":"WORKSTATION5","ProcessId":"8288","Description":"Microsoft C Runtime Library","SignatureStatus":"Valid","Product":"Microsoft Windows Operating System","EventID":7,"Keywords":"0x8000000000000000","Signed":"true","OriginalFileName":"msvcp_win.dll","Message":"Image loaded:\r\nRuleName: -\r\nUtcTime: 2020-10-27 03:58:30.575\r\nProcessGuid: {39e4a257-9ae6-5f97-d227-000000000700}\r\nProcessId: 8288\r\nImage: C:\\Windows\\System32\\conhost.exe\r\nImageLoaded: C:\\Windows\\System32\\msvcp_win.dll\r\nFileVersion: 10.0.18362.1110 (WinBuild.160101.0800)\r\nDescription: Microsoft C Runtime Library\r\nProduct: Microsoft Windows Operating System\r\nCompany: Microsoft Corporation\r\nOriginalFileName: msvcp_win.dll\r\nHashes: SHA1=56A126B33C43CE80C5DA3319FA4FBE28F617599C,MD5=94027F5AE9D6FC3B0917C1B5BCD2D88E,SHA256=2FC246F193104FB36285360E9FB14CE10B04EDB50D9D5ECFD9FDA1F010BFCDB9,IMPHASH=7F555C87AEA488E97B6067A0419ED3B4\r\nSigned: true\r\nSignature: Microsoft Windows\r\nSignatureStatus: Valid"}
{"@timestamp":"2020-10-26T11:58:30.641Z","TimeCreated":"2020-10-26T11:58:30.641Z","Hashes":"SHA1=D10BBE9B65C2C6F8FCA6850D0B79CBC6EF04D691,MD5=126821F73FD9FFCE6E091CF9480E1B60,SHA256=7B28F46F0A09CFD9129109A94B1C16C9C62EEF46C09113C4C585D9BF0E69B2DA,IMPHASH=5AE9A136FAFA10321F3D48251BF4F6A1","Signature":"Microsoft Windows","ProviderGuid":"{5770385f-c22a-43e0-bf4c-06f5698ffbd9}","Company":"Microsoft Corporation","UtcTime":"2020-10-27 03:58:30.575","ProcessGuid":"{39e4a257-9ae6-5f97-d227-000000000700}","Image":"C:\\Windows\\System32\\conhost.exe","ImageLoaded":"C:\\Windows\\System32\\ucrtbase.dll","Level":"4","Channel":"Microsoft-Windows-Sysmon/Operational","Task":"7","RuleName":"-","FileVersion":"10.0.18362.1110 (WinBuild.160101.0800)","SourceName":"Microsoft-Windows-Sysmon","Hostname":"WORKSTATION5","ProcessId":"8288","Description":"Microsoft C Runtime Library","SignatureStatus":"Valid","Product":"Microsoft Windows Operating System","EventID":7,"Keywords":"0x8000000000000000","Signed":"true","OriginalFileName":"ucrtbase.dll","Message":"Image loaded:\r\nRuleName: -\r\nUtcTime: 2020-10-27 03:58:30.575\r\nProcessGuid: {39e4a257-9ae6-5f97-d227-000000000700}\r\nProcessId: 8288\r\nImage: C:\\Windows\\System32\\conhost.exe\r\nImageLoaded: C:\\Windows\\System32\\ucrtbase.dll\r\nFileVersion: 10.0.18362.1110 (WinBuild.160101.0800)\r\nDescription: Microsoft C Runtime Library\r\nProduct: Microsoft Windows Operating System\r\nCompany: Microsoft Corporation\r\nOriginalFileName: ucrtbase.dll\r\nHashes: SHA1=D10BBE9B65C2C6F8FCA6850D0B79CBC6EF04D691,MD5=126821F73FD9FFCE6E091CF9480E1B60,SHA256=7B28F46F0A09CFD9129109A94B1C16C9C62EEF46C09113C4C585D9BF0E69B2DA,IMPHASH=5AE9A136FAFA10321F3D48251BF4F6A1\r\nSigned: true\r\nSignature: Microsoft Windows\r\nSignatureStatus: Valid"}
{"@timestamp":"2020-10-26T11:58:30.641Z","TimeCreated":"2020-10-26T11:58:30.641Z","Hashes":"SHA1=75C9F506592699E30D8ECA63F88C79E956324111,MD5=6ACBCCE095FDB475FC2B3D178E5D9208,SHA256=3F49AB1B04EE3D843E961A1B62CB695EE3FE940EE287819BBBABCC1C3A38F507,IMPHASH=0E48D88DA5B1AEFE29036ECDE5B34E8D","Signature":"Microsoft Windows","ProviderGuid":"{5770385f-c22a-43e0-bf4c-06f5698ffbd9}","Company":"Microsoft Corporation","UtcTime":"2020-10-27 03:58:30.575","ProcessGuid":"{39e4a257-9ae6-5f97-d227-000000000700}","Image":"C:\\Windows\\System32\\conhost.exe","ImageLoaded":"C:\\Windows\\System32\\SHCore.dll","Level":"4","Channel":"Microsoft-Windows-Sysmon/Operational","Task":"7","RuleName":"-","FileVersion":"10.0.18362.959 (WinBuild.160101.0800)","SourceName":"Microsoft-Windows-Sysmon","Hostname":"WORKSTATION5","ProcessId":"8288","Description":"SHCORE","SignatureStatus":"Valid","Product":"Microsoft Windows Operating System","EventID":7,"Keywords":"0x8000000000000000","Signed":"true","OriginalFileName":"SHCORE.dll","Message":"Image loaded:\r\nRuleName: -\r\nUtcTime: 2020-10-27 03:58:30.575\r\nProcessGuid: {39e4a257-9ae6-5f97-d227-000000000700}\r\nProcessId: 8288\r\nImage: C:\\Windows\\System32\\conhost.exe\r\nImageLoaded: C:\\Windows\\System32\\SHCore.dll\r\nFileVersion: 10.0.18362.959 (WinBuild.160101.0800)\r\nDescription: SHCORE\r\nProduct: Microsoft Windows Operating System\r\nCompany: Microsoft Corporation\r\nOriginalFileName: SHCORE.dll\r\nHashes: SHA1=75C9F506592699E30D8ECA63F88C79E956324111,MD5=6ACBCCE095FDB475FC2B3D178E5D9208,SHA256=3F49AB1B04EE3D843E961A1B62CB695EE3FE940EE287819BBBABCC1C3A38F507,IMPHASH=0E48D88DA5B1AEFE29036ECDE5B34E8D\r\nSigned: true\r\nSignature: Microsoft Windows\r\nSignatureStatus: Valid"}
{"@timestamp":"2020-10-26T11:58:30.642Z","TimeCreated":"2020-10-26T11:58:30.642Z","Hashes":"SHA1=0EA4B3CFB14E49CEC0D42FF0F1FA989E69647A8F,MD5=36354D9B5B0A58A4B9A19103852C00A2,SHA256=E5A863D3F4BFEFED7D73A7B1499F81B7235BC9AE3C108065041BCB8E5446B1BB,IMPHASH=1273683626EBBA703979F188A1E64237","Signature":"Microsoft Windows","ProviderGuid":"{5770385f-c22a-43e0-bf4c-06f5698ffbd9}","Company":"Microsoft Corporation","UtcTime":"2020-10-27 03:58:30.575","ProcessGuid":"{39e4a257-9ae6-5f97-d227-000000000700}","Image":"C:\\Windows\\System32\\conhost.exe","ImageLoaded":"C:\\Windows\\System32\\msvcrt.dll","Level":"4","Channel":"Microsoft-Windows-Sysmon/Operational","Task":"7","RuleName":"-","FileVersion":"7.0.18362.1 (WinBuild.160101.0800)","SourceName":"Microsoft-Windows-Sysmon","Hostname":"WORKSTATION5","ProcessId":"8288","Description":"Windows NT CRT DLL","SignatureStatus":"Valid","Product":"Microsoft Windows Operating System","EventID":7,"Keywords":"0x8000000000000000","Signed":"true","OriginalFileName":"msvcrt.dll","Message":"Image loaded:\r\nRuleName: -\r\nUtcTime: 2020-10-27 03:58:30.575\r\nProcessGuid: {39e4a257-9ae6-5f97-d227-000000000700}\r\nProcessId: 8288\r\nImage: C:\\Windows\\System32\\conhost.exe\r\nImageLoaded: C:\\Windows\\System32\\msvcrt.dll\r\nFileVersion: 7.0.18362.1 (WinBuild.160101.0800)\r\nDescription: Windows NT CRT DLL\r\nProduct: Microsoft Windows Operating System\r\nCompany: Microsoft Corporation\r\nOriginalFileName: msvcrt.dll\r\nHashes: SHA1=0EA4B3CFB14E49CEC0D42FF0F1FA989E69647A8F,MD5=36354D9B5B0A58A4B9A19103852C00A2,SHA256=E5A863D3F4BFEFED7D73A7B1499F81B7235BC9AE3C108065041BCB8E5446B1BB,IMPHASH=1273683626EBBA703979F188A1E64237\r\nSigned: true\r\nSignature: Microsoft Windows\r\nSignatureStatus: Valid"}
{"@timestamp":"2020-10-26T11:58:30.643Z","TimeCreated":"2020-10-26T11:58:30.643Z","Hashes":"SHA1=04BCAE1D932B2FB22A3B7ADC6C1EC1776151FC68,MD5=DBC5A40335E9F25C5C9313AB95C88CE8,SHA256=C39C71244E43B5469FF3F9313893E1AB7AFF5806B1A179CBED06A59B3F6F81B5,IMPHASH=88E7E7C7FA90052EC162DD37F2B7C7BD","Signature":"Microsoft Windows","ProviderGuid":"{5770385f-c22a-43e0-bf4c-06f5698ffbd9}","Company":"Microsoft Corporation","UtcTime":"2020-10-27 03:58:30.575","ProcessGuid":"{39e4a257-9ae6-5f97-d227-000000000700}","Image":"C:\\Windows\\System32\\conhost.exe","ImageLoaded":"C:\\Windows\\System32\\rpcrt4.dll","Level":"4","Channel":"Microsoft-Windows-Sysmon/Operational","Task":"7","RuleName":"-","FileVersion":"10.0.18362.1110 (WinBuild.160101.0800)","SourceName":"Microsoft-Windows-Sysmon","Hostname":"WORKSTATION5","ProcessId":"8288","Description":"Remote Procedure Call Runtime","SignatureStatus":"Valid","Product":"Microsoft Windows Operating System","EventID":7,"Keywords":"0x8000000000000000","Signed":"true","OriginalFileName":"rpcrt4.dll","Message":"Image loaded:\r\nRuleName: -\r\nUtcTime: 2020-10-27 03:58:30.575\r\nProcessGuid: {39e4a257-9ae6-5f97-d227-000000000700}\r\nProcessId: 8288\r\nImage: C:\\Windows\\System32\\conhost.exe\r\nImageLoaded: C:\\Windows\\System32\\rpcrt4.dll\r\nFileVersion: 10.0.18362.1110 (WinBuild.160101.0800)\r\nDescription: Remote Procedure Call Runtime\r\nProduct: Microsoft Windows Operating System\r\nCompany: Microsoft Corporation\r\nOriginalFileName: rpcrt4.dll\r\nHashes: SHA1=04BCAE1D932B2FB22A3B7ADC6C1EC1776151FC68,MD5=DBC5A40335E9F25C5C9313AB95C88CE8,SHA256=C39C71244E43B5469FF3F9313893E1AB7AFF5806B1A179CBED06A59B3F6F81B5,IMPHASH=88E7E7C7FA90052EC162DD37F2B7C7BD\r\nSigned: true\r\nSignature: Microsoft Windows\r\nSignatureStatus: Valid"}
{"@timestamp":"2020-10-26T11:58:30.644Z","TimeCreated":"2020-10-26T11:58:30.644Z","Hashes":"SHA1=969AA7FF99DD7452EDA4558492D7A7435E414B37,MD5=66D9CBC07F05DC58E9B01E7E247DBA9C,SHA256=C0687B0277326C0DCB36B729F1257D03F23744B17E6BB4A92AFC52BE528EA6E1,IMPHASH=D1A511866766E387FD0DAF3ACBB54B12","Signature":"Microsoft Windows","ProviderGuid":"{5770385f-c22a-43e0-bf4c-06f5698ffbd9}","Company":"Microsoft Corporation","UtcTime":"2020-10-27 03:58:30.575","ProcessGuid":"{39e4a257-9ae6-5f97-d227-000000000700}","Image":"C:\\Windows\\System32\\conhost.exe","ImageLoaded":"C:\\Windows\\System32\\combase.dll","Level":"4","Channel":"Microsoft-Windows-Sysmon/Operational","Task":"7","RuleName":"-","FileVersion":"10.0.18362.1139 (WinBuild.160101.0800)","SourceName":"Microsoft-Windows-Sysmon","Hostname":"WORKSTATION5","ProcessId":"8288","Description":"Microsoft COM for Windows","SignatureStatus":"Valid","Product":"Microsoft Windows Operating System","EventID":7,"Keywords":"0x8000000000000000","Signed":"true","OriginalFileName":"COMBASE.DLL","Message":"Image loaded:\r\nRuleName: -\r\nUtcTime: 2020-10-27 03:58:30.575\r\nProcessGuid: {39e4a257-9ae6-5f97-d227-000000000700}\r\nProcessId: 8288\r\nImage: C:\\Windows\\System32\\conhost.exe\r\nImageLoaded: C:\\Windows\\System32\\combase.dll\r\nFileVersion: 10.0.18362.1139 (WinBuild.160101.0800)\r\nDescription: Microsoft COM for Windows\r\nProduct: Microsoft Windows Operating System\r\nCompany: Microsoft Corporation\r\nOriginalFileName: COMBASE.DLL\r\nHashes: SHA1=969AA7FF99DD7452EDA4558492D7A7435E414B37,MD5=66D9CBC07F05DC58E9B01E7E247DBA9C,SHA256=C0687B0277326C0DCB36B729F1257D03F23744B17E6BB4A92AFC52BE528EA6E1,IMPHASH=D1A511866766E387FD0DAF3ACBB54B12\r\nSigned: true\r\nSignature: Microsoft Windows\r\nSignatureStatus: Valid"}
{"@timestamp":"2020-10-26T11:58:30.644Z","TimeCreated":"2020-10-26T11:58:30.644Z","Hashes":"SHA1=B4222C8DC3274CFC3FE54F322D827B2F01FFF036,MD5=EF2BBEAFF07D32A2EC77FB4602FA9664,SHA256=6B47F3E88CDEDF8F31F91940E38A4544818C79D153323262F9F46B21F41D262C,IMPHASH=402DA460E2AC467F4489C588A9941032","Signature":"Microsoft Windows","ProviderGuid":"{5770385f-c22a-43e0-bf4c-06f5698ffbd9}","Company":"Microsoft Corporation","UtcTime":"2020-10-27 03:58:30.591","ProcessGuid":"{39e4a257-9ae6-5f97-d227-000000000700}","Image":"C:\\Windows\\System32\\conhost.exe","ImageLoaded":"C:\\Windows\\System32\\bcryptprimitives.dll","Level":"4","Channel":"Microsoft-Windows-Sysmon/Operational","Task":"7","RuleName":"-","FileVersion":"10.0.18362.836 (WinBuild.160101.0800)","SourceName":"Microsoft-Windows-Sysmon","Hostname":"WORKSTATION5","ProcessId":"8288","Description":"Windows Cryptographic Primitives Library","SignatureStatus":"Valid","Product":"Microsoft Windows Operating System","EventID":7,"Keywords":"0x8000000000000000","Signed":"true","OriginalFileName":"bcryptprimitives.dll","Message":"Image loaded:\r\nRuleName: -\r\nUtcTime: 2020-10-27 03:58:30.591\r\nProcessGuid: {39e4a257-9ae6-5f97-d227-000000000700}\r\nProcessId: 8288\r\nImage: C:\\Windows\\System32\\conhost.exe\r\nImageLoaded: C:\\Windows\\System32\\bcryptprimitives.dll\r\nFileVersion: 10.0.18362.836 (WinBuild.160101.0800)\r\nDescription: Windows Cryptographic Primitives Library\r\nProduct: Microsoft Windows Operating System\r\nCompany: Microsoft Corporation\r\nOriginalFileName: bcryptprimitives.dll\r\nHashes: SHA1=B4222C8DC3274CFC3FE54F322D827B2F01FFF036,MD5=EF2BBEAFF07D32A2EC77FB4602FA9664,SHA256=6B47F3E88CDEDF8F31F91940E38A4544818C79D153323262F9F46B21F41D262C,IMPHASH=402DA460E2AC467F4489C588A9941032\r\nSigned: true\r\nSignature: Microsoft Windows\r\nSignatureStatus: Valid"}
{"@timestamp":"2020-10-26T11:58:30.645Z","TimeCreated":"2020-10-26T11:58:30.645Z","Hashes":"SHA1=35C61DDE6F8F4ED05F9C4837E2B91C886CA79F82,MD5=EA4F6E7961B4A402F6F5EC33C655260A,SHA256=5E2D103E7E1FD7CA0492E541F082D274EF6259AF2158A3562986C796C5C869DD,IMPHASH=8EEA175C33205685FB8A14876D7564DB","Signature":"Microsoft Windows","ProviderGuid":"{5770385f-c22a-43e0-bf4c-06f5698ffbd9}","Company":"Microsoft Corporation","UtcTime":"2020-10-27 03:58:30.591","ProcessGuid":"{39e4a257-9ae6-5f97-d227-000000000700}","Image":"C:\\Windows\\System32\\conhost.exe","ImageLoaded":"C:\\Windows\\System32\\advapi32.dll","Level":"4","Channel":"Microsoft-Windows-Sysmon/Operational","Task":"7","RuleName":"-","FileVersion":"10.0.18362.752 (WinBuild.160101.0800)","SourceName":"Microsoft-Windows-Sysmon","Hostname":"WORKSTATION5","ProcessId":"8288","Description":"Advanced Windows 32 Base API","SignatureStatus":"Valid","Product":"Microsoft Windows Operating System","EventID":7,"Keywords":"0x8000000000000000","Signed":"true","OriginalFileName":"advapi32.dll","Message":"Image loaded:\r\nRuleName: -\r\nUtcTime: 2020-10-27 03:58:30.591\r\nProcessGuid: {39e4a257-9ae6-5f97-d227-000000000700}\r\nProcessId: 8288\r\nImage: C:\\Windows\\System32\\conhost.exe\r\nImageLoaded: C:\\Windows\\System32\\advapi32.dll\r\nFileVersion: 10.0.18362.752 (WinBuild.160101.0800)\r\nDescription: Advanced Windows 32 Base API\r\nProduct: Microsoft Windows Operating System\r\nCompany: Microsoft Corporation\r\nOriginalFileName: advapi32.dll\r\nHashes: SHA1=35C61DDE6F8F4ED05F9C4837E2B91C886CA79F82,MD5=EA4F6E7961B4A402F6F5EC33C655260A,SHA256=5E2D103E7E1FD7CA0492E541F082D274EF6259AF2158A3562986C796C5C869DD,IMPHASH=8EEA175C33205685FB8A14876D7564DB\r\nSigned: true\r\nSignature: Microsoft Windows\r\nSignatureStatus: Valid"}
{"@timestamp":"2020-10-26T11:58:30.645Z","TimeCreated":"2020-10-26T11:58:30.645Z","Hashes":"SHA1=A330EDE32DFA03AE6808EE7FB6916D8DEB8F5DDE,MD5=A094E2B38D3DD864B07580D243CB6E43,SHA256=C441E19D20961D4E990E117A300ED318BEDBF2F8BA0FF07BEE7832AC502CDDF2,IMPHASH=CE4BD072766253F6A267D0284CA82002","Signature":"Microsoft Windows","ProviderGuid":"{5770385f-c22a-43e0-bf4c-06f5698ffbd9}","Company":"Microsoft Corporation","UtcTime":"2020-10-27 03:58:30.591","ProcessGuid":"{39e4a257-9ae6-5f97-d227-000000000700}","Image":"C:\\Windows\\System32\\conhost.exe","ImageLoaded":"C:\\Windows\\System32\\sechost.dll","Level":"4","Channel":"Microsoft-Windows-Sysmon/Operational","Task":"7","RuleName":"-","FileVersion":"10.0.18362.959 (WinBuild.160101.0800)","SourceName":"Microsoft-Windows-Sysmon","Hostname":"WORKSTATION5","ProcessId":"8288","Description":"Host for SCM/SDDL/LSA Lookup APIs","SignatureStatus":"Valid","Product":"Microsoft Windows Operating System","EventID":7,"Keywords":"0x8000000000000000","Signed":"true","OriginalFileName":"sechost.dll","Message":"Image loaded:\r\nRuleName: -\r\nUtcTime: 2020-10-27 03:58:30.591\r\nProcessGuid: {39e4a257-9ae6-5f97-d227-000000000700}\r\nProcessId: 8288\r\nImage: C:\\Windows\\System32\\conhost.exe\r\nImageLoaded: C:\\Windows\\System32\\sechost.dll\r\nFileVersion: 10.0.18362.959 (WinBuild.160101.0800)\r\nDescription: Host for SCM/SDDL/LSA Lookup APIs\r\nProduct: Microsoft Windows Operating System\r\nCompany: Microsoft Corporation\r\nOriginalFileName: sechost.dll\r\nHashes: SHA1=A330EDE32DFA03AE6808EE7FB6916D8DEB8F5DDE,MD5=A094E2B38D3DD864B07580D243CB6E43,SHA256=C441E19D20961D4E990E117A300ED318BEDBF2F8BA0FF07BEE7832AC502CDDF2,IMPHASH=CE4BD072766253F6A267D0284CA82002\r\nSigned: true\r\nSignature: Microsoft Windows\r\nSignatureStatus: Valid"}
{"GrantedAccess":"0x1fffff","@timestamp":"2020-10-26T11:58:30.645Z","TimeCreated":"2020-10-26T11:58:30.645Z","SourceThreadId":"2216","SourceImage":"C:\\windows\\system32\\conhost.exe","ProviderGuid":"{5770385f-c22a-43e0-bf4c-06f5698ffbd9}","CallTrace":"C:\\windows\\SYSTEM32\\ntdll.dll+9c584|C:\\windows\\System32\\KERNELBASE.dll+305fe|C:\\windows\\system32\\conhost.exe+1260d|C:\\windows\\system32\\conhost.exe+12505|C:\\windows\\system32\\conhost.exe+895c|C:\\windows\\system32\\conhost.exe+f2e6|C:\\windows\\System32\\KERNEL32.DLL+17c24|C:\\windows\\SYSTEM32\\ntdll.dll+6cea1","UtcTime":"2020-10-27 03:58:30.591","TargetProcessGUID":"{39e4a257-9ae6-5f97-d127-000000000700}","SourceProcessId":"8288","Level":"4","Channel":"Microsoft-Windows-Sysmon/Operational","Task":"10","RuleName":"-","SourceName":"Microsoft-Windows-Sysmon","Hostname":"WORKSTATION5","SourceProcessGUID":"{39e4a257-9ae6-5f97-d227-000000000700}","TargetProcessId":"5512","EventID":10,"Keywords":"0x8000000000000000","TargetImage":"wardog.exe","Message":"Process accessed:\r\nRuleName: -\r\nUtcTime: 2020-10-27 03:58:30.591\r\nSourceProcessGUID: {39e4a257-9ae6-5f97-d227-000000000700}\r\nSourceProcessId: 8288\r\nSourceThreadId: 2216\r\nSourceImage: C:\\windows\\system32\\conhost.exe\r\nTargetProcessGUID: {39e4a257-9ae6-5f97-d127-000000000700}\r\nTargetProcessId: 5512\r\nTargetImage: wardog.exe\r\nGrantedAccess: 0x1FFFFF\r\nCallTrace: C:\\windows\\SYSTEM32\\ntdll.dll+9c584|C:\\windows\\System32\\KERNELBASE.dll+305fe|C:\\windows\\system32\\conhost.exe+1260d|C:\\windows\\system32\\conhost.exe+12505|C:\\windows\\system32\\conhost.exe+895c|C:\\windows\\system32\\conhost.exe+f2e6|C:\\windows\\System32\\KERNEL32.DLL+17c24|C:\\windows\\SYSTEM32\\ntdll.dll+6cea1"}
{"@timestamp":"2020-10-26T11:58:30.645Z","TimeCreated":"2020-10-26T11:58:30.645Z","Hashes":"SHA1=6B56618013746DA2480E9B14DBD03BD1C6DC009F,MD5=99391EBA3F88D56C3D27268D7947782F,SHA256=3AC2B856DD34D51A631C26791916A036C6C917667D8562676CCE8F2F35349221,IMPHASH=70F6F0466DB32D0AA9E18434AE996907","Signature":"Microsoft Windows","ProviderGuid":"{5770385f-c22a-43e0-bf4c-06f5698ffbd9}","Company":"Microsoft Corporation","UtcTime":"2020-10-27 03:58:30.591","ProcessGuid":"{39e4a257-9ae6-5f97-d227-000000000700}","Image":"C:\\Windows\\System32\\conhost.exe","ImageLoaded":"C:\\Windows\\System32\\user32.dll","Level":"4","Channel":"Microsoft-Windows-Sysmon/Operational","Task":"7","RuleName":"-","FileVersion":"10.0.18362.1110 (WinBuild.160101.0800)","SourceName":"Microsoft-Windows-Sysmon","Hostname":"WORKSTATION5","ProcessId":"8288","Description":"Multi-User Windows USER API Client DLL","SignatureStatus":"Valid","Product":"Microsoft Windows Operating System","EventID":7,"Keywords":"0x8000000000000000","Signed":"true","OriginalFileName":"user32","Message":"Image loaded:\r\nRuleName: -\r\nUtcTime: 2020-10-27 03:58:30.591\r\nProcessGuid: {39e4a257-9ae6-5f97-d227-000000000700}\r\nProcessId: 8288\r\nImage: C:\\Windows\\System32\\conhost.exe\r\nImageLoaded: C:\\Windows\\System32\\user32.dll\r\nFileVersion: 10.0.18362.1110 (WinBuild.160101.0800)\r\nDescription: Multi-User Windows USER API Client DLL\r\nProduct: Microsoft Windows Operating System\r\nCompany: Microsoft Corporation\r\nOriginalFileName: user32\r\nHashes: SHA1=6B56618013746DA2480E9B14DBD03BD1C6DC009F,MD5=99391EBA3F88D56C3D27268D7947782F,SHA256=3AC2B856DD34D51A631C26791916A036C6C917667D8562676CCE8F2F35349221,IMPHASH=70F6F0466DB32D0AA9E18434AE996907\r\nSigned: true\r\nSignature: Microsoft Windows\r\nSignatureStatus: Valid"}
{"@timestamp":"2020-10-26T11:58:30.646Z","TimeCreated":"2020-10-26T11:58:30.646Z","Hashes":"SHA1=09CAA4704CC828100AA4BDB1366B5156CD1A63E4,MD5=BE23D5C90313AACEC36448136408D336,SHA256=20EE5EE473456C0853CC7B64FA9BCDBFB3C00B0848B3CFE141535C10AC944478,IMPHASH=00000000000000000000000000000000","Signature":"Microsoft Windows","ProviderGuid":"{5770385f-c22a-43e0-bf4c-06f5698ffbd9}","Company":"Microsoft Corporation","UtcTime":"2020-10-27 03:58:30.591","ProcessGuid":"{39e4a257-9ae6-5f97-d227-000000000700}","Image":"C:\\Windows\\System32\\conhost.exe","ImageLoaded":"C:\\Windows\\System32\\win32u.dll","Level":"4","Channel":"Microsoft-Windows-Sysmon/Operational","Task":"7","RuleName":"-","FileVersion":"10.0.18362.1139 (WinBuild.160101.0800)","SourceName":"Microsoft-Windows-Sysmon","Hostname":"WORKSTATION5","ProcessId":"8288","Description":"Win32u","SignatureStatus":"Valid","Product":"Microsoft Windows Operating System","EventID":7,"Keywords":"0x8000000000000000","Signed":"true","OriginalFileName":"Win32u.DLL","Message":"Image loaded:\r\nRuleName: -\r\nUtcTime: 2020-10-27 03:58:30.591\r\nProcessGuid: {39e4a257-9ae6-5f97-d227-000000000700}\r\nProcessId: 8288\r\nImage: C:\\Windows\\System32\\conhost.exe\r\nImageLoaded: C:\\Windows\\System32\\win32u.dll\r\nFileVersion: 10.0.18362.1139 (WinBuild.160101.0800)\r\nDescription: Win32u\r\nProduct: Microsoft Windows Operating System\r\nCompany: Microsoft Corporation\r\nOriginalFileName: Win32u.DLL\r\nHashes: SHA1=09CAA4704CC828100AA4BDB1366B5156CD1A63E4,MD5=BE23D5C90313AACEC36448136408D336,SHA256=20EE5EE473456C0853CC7B64FA9BCDBFB3C00B0848B3CFE141535C10AC944478,IMPHASH=00000000000000000000000000000000\r\nSigned: true\r\nSignature: Microsoft Windows\r\nSignatureStatus: Valid"}
