{"SubjectUserName":"wardog","TimeCreated":"2020-10-21 12:19:09.156","SubjectLogonId":"0xc61d9","SubjectDomainName":"WORKSTATION5","ObjectServer":"Security","SubjectUserSid":"S-1-5-21-3940915590-64593676-1414006259-500","EventID":4658,"Channel":"Security","Task":"12801","Message":"The handle to an object was closed.\r\n\r\nSubject :\r\n\tSecurity ID:\t\tS-1-5-21-3940915590-64593676-1414006259-500\r\n\tAccount Name:\t\twardog\r\n\tAccount Domain:\t\tWORKSTATION5\r\n\tLogon ID:\t\t0xC61D9\r\n\r\nObject:\r\n\tObject Server:\t\tSecurity\r\n\tHandle ID:\t\t0x3c9c\r\n\r\nProcess Information:\r\n\tProcess ID:\t\t0x2654\r\n\tProcess Name:\t\tC:\\Windows\\System32\\netsh.exe","Hostname":"WORKSTATION5","ProcessName":"C:\\Windows\\System32\\netsh.exe","ProcessId":"0x2654","SourceName":"Microsoft-Windows-Security-Auditing","HandleId":"0x3c9c"}
{"SubjectUserName":"wardog","TimeCreated":"2020-10-21 12:19:09.156","SubjectLogonId":"0xc61d9","ResourceAttributes":"-","SubjectDomainName":"WORKSTATION5","PrivilegeList":"-","ObjectServer":"Security","ObjectType":"Key","SubjectUserSid":"S-1-5-21-3940915590-64593676-1414006259-500","EventID":4656,"Channel":"Security","Task":"12801","ObjectName":"\\REGISTRY\\MACHINE\\SOFTWARE\\Microsoft\\Windows NT\\CurrentVersion\\Winlogon","AccessMask":"0x20019","Message":"A handle to an object was requested.\r\n\r\nSubject:\r\n\tSecurity ID:\t\tS-1-5-21-3940915590-64593676-1414006259-500\r\n\tAccount Name:\t\twardog\r\n\tAccount Domain:\t\tWORKSTATION5\r\n\tLogon ID:\t\t0xC61D9\r\n\r\nObject:\r\n\tObject Server:\t\tSecurity\r\n\tObject Type:\t\tKey\r\n\tObject Name:\t\t\\REGISTRY\\MACHINE\\SOFTWARE\\Microsoft\\Windows NT\\CurrentVersion\\Winlogon\r\n\tHandle ID:\t\t0x3fc\r\n\tResource Attributes:\t-\r\n\r\nProcess Information:\r\n\tProcess ID:\t\t0x2654\r\n\tProcess Name:\t\tC:\\Windows\\System32\\netsh.exe\r\n\r\nAccess Request Information:\r\n\tTransaction ID:\t\t{00000000-0000-0000-0000-000000000000}\r\n\tAccesses:\t\tREAD_CONTROL\r\n\t\t\t\tQuery key value\r\n\t\t\t\tEnumerate sub-keys\r\n\t\t\t\tNotify about changes to keys\r\n\t\t\t\t\r\n\tAccess Reasons:\t\t-\r\n\tAccess Mask:\t\t0x20019\r\n\tPrivileges Used for Access Check:\t-\r\n\tRestricted SID Count:\t0","Hostname":"WORKSTATION5","ProcessName":"C:\\Windows\\System32\\netsh.exe","ProcessId":"0x2654","AccessReason":"-","RestrictedSidCount":"0","AccessList":"%%1538\n\t\t\t\t%%4432\n\t\t\t\t%%4435\n\t\t\t\t%%4436\n\t\t\t\t","SourceName":"Microsoft-Windows-Security-Auditing","HandleId":"0x3fc","TransactionId":"{00000000-0000-0000-0000-000000000000}"}
{"SubjectUserName":"wardog","TimeCreated":"2020-10-21 12:19:09.156","SubjectLogonId":"0xc61d9","ResourceAttributes":"-","SubjectDomainName":"WORKSTATION5","ObjectServer":"Security","ObjectType":"Key","SubjectUserSid":"S-1-5-21-3940915590-64593676-1414006259-500","EventID":4663,"Channel":"Security","Task":"12801","ObjectName":"\\REGISTRY\\MACHINE\\SOFTWARE\\Microsoft\\Windows NT\\CurrentVersion\\Winlogon","AccessMask":"0x1","Message":"An attempt was made to access an object.\r\n\r\nSubject:\r\n\tSecurity ID:\t\tS-1-5-21-3940915590-64593676-1414006259-500\r\n\tAccount Name:\t\twardog\r\n\tAccount Domain:\t\tWORKSTATION5\r\n\tLogon ID:\t\t0xC61D9\r\n\r\nObject:\r\n\tObject Server:\t\tSecurity\r\n\tObject Type:\t\tKey\r\n\tObject Name:\t\t\\REGISTRY\\MACHINE\\SOFTWARE\\Microsoft\\Windows NT\\CurrentVersion\\Winlogon\r\n\tHandle ID:\t\t0x3fc\r\n\tResource Attributes:\t-\r\n\r\nProcess Information:\r\n\tProcess ID:\t\t0x2654\r\n\tProcess Name:\t\tC:\\Windows\\System32\\netsh.exe\r\n\r\nAccess Request Information:\r\n\tAccesses:\t\tQuery key value\r\n\t\t\t\t\r\n\tAccess Mask:\t\t0x1","Hostname":"WORKSTATION5","ProcessName":"C:\\Windows\\System32\\netsh.exe","ProcessId":"0x2654","AccessList":"%%4432\n\t\t\t\t","SourceName":"Microsoft-Windows-Security-Auditing","HandleId":"0x3fc"}
{"SubjectUserName":"wardog","TimeCreated":"2020-10-21 12:19:09.156","SubjectLogonId":"0xc61d9","SubjectDomainName":"WORKSTATION5","ObjectServer":"Security","SubjectUserSid":"S-1-5-21-3940915590-64593676-1414006259-500","EventID":4658,"Channel":"Security","Task":"12801","Message":"The handle to an object was closed.\r\n\r\nSubject :\r\n\tSecurity ID:\t\tS-1-5-21-3940915590-64593676-1414006259-500\r\n\tAccount Name:\t\twardog\r\n\tAccount Domain:\t\tWORKSTATION5\r\n\tLogon ID:\t\t0xC61D9\r\n\r\nObject:\r\n\tObject Server:\t\tSecurity\r\n\tHandle ID:\t\t0x3fc\r\n\r\nProcess Information:\r\n\tProcess ID:\t\t0x2654\r\n\tProcess Name:\t\tC:\\Windows\\System32\\netsh.exe","Hostname":"WORKSTATION5","ProcessName":"C:\\Windows\\System32\\netsh.exe","ProcessId":"0x2654","SourceName":"Microsoft-Windows-Security-Auditing","HandleId":"0x3fc"}
{"SubjectUserName":"LOCAL SERVICE","TimeCreated":"2020-10-21 12:19:09.156","SubjectLogonId":"0x3e5","SubjectDomainName":"NT AUTHORITY","ObjectServer":"Security","SubjectUserSid":"S-1-5-19","EventID":4658,"Channel":"Security","Task":"12801","Message":"The handle to an object was closed.\r\n\r\nSubject :\r\n\tSecurity ID:\t\tS-1-5-19\r\n\tAccount Name:\t\tLOCAL SERVICE\r\n\tAccount Domain:\t\tNT AUTHORITY\r\n\tLogon ID:\t\t0x3E5\r\n\r\nObject:\r\n\tObject Server:\t\tSecurity\r\n\tHandle ID:\t\t0x7c0\r\n\r\nProcess Information:\r\n\tProcess ID:\t\t0xb84\r\n\tProcess Name:\t\tC:\\Windows\\System32\\svchost.exe","Hostname":"WORKSTATION5","ProcessName":"C:\\Windows\\System32\\svchost.exe","ProcessId":"0xb84","SourceName":"Microsoft-Windows-Security-Auditing","HandleId":"0x7c0"}
{"SubjectUserName":"LOCAL SERVICE","TimeCreated":"2020-10-21 12:19:09.156","SubjectLogonId":"0x3e5","SubjectDomainName":"NT AUTHORITY","TargetProcessId":"0x4","SubjectUserSid":"S-1-5-19","SourceHandleId":"0x49c","EventID":4690,"Channel":"Security","Task":"12807","TargetHandleId":"0x16ac","Message":"An attempt was made to duplicate a handle to an object.\r\n\r\nSubject:\r\n\tSecurity ID:\t\tS-1-5-19\r\n\tAccount Name:\t\tLOCAL SERVICE\r\n\tAccount Domain:\t\tNT AUTHORITY\r\n\tLogon ID:\t\t0x3E5\r\n\r\nSource Handle Information:\r\n\tSource Handle ID:\t0x49c\r\n\tSource Process ID:\t0xb84\r\n\r\nNew Handle Information:\r\n\tTarget Handle ID:\t0x16ac\r\n\tTarget Process ID:\t0x4","Hostname":"WORKSTATION5","SourceProcessId":"0xb84","SourceName":"Microsoft-Windows-Security-Auditing"}
{"SubjectUserName":"LOCAL SERVICE","TimeCreated":"2020-10-21 12:19:09.156","SubjectLogonId":"0x3e5","SubjectDomainName":"NT AUTHORITY","ObjectServer":"Security","SubjectUserSid":"S-1-5-19","EventID":4658,"Channel":"Security","Task":"12801","Message":"The handle to an object was closed.\r\n\r\nSubject :\r\n\tSecurity ID:\t\tS-1-5-19\r\n\tAccount Name:\t\tLOCAL SERVICE\r\n\tAccount Domain:\t\tNT AUTHORITY\r\n\tLogon ID:\t\t0x3E5\r\n\r\nObject:\r\n\tObject Server:\t\tSecurity\r\n\tHandle ID:\t\t0x16ac\r\n\r\nProcess Information:\r\n\tProcess ID:\t\t0xb84\r\n\tProcess Name:\t\tC:\\Windows\\System32\\svchost.exe","Hostname":"WORKSTATION5","ProcessName":"C:\\Windows\\System32\\svchost.exe","ProcessId":"0xb84","SourceName":"Microsoft-Windows-Security-Auditing","HandleId":"0x16ac"}
{"SubjectUserName":"LOCAL SERVICE","TimeCreated":"2020-10-21 12:19:09.156","SubjectLogonId":"0x3e5","ResourceAttributes":"-","SubjectDomainName":"NT AUTHORITY","PrivilegeList":"-","ObjectServer":"Security","ObjectType":"Key","SubjectUserSid":"S-1-5-19","EventID":4656,"Channel":"Security","Task":"12801","ObjectName":"\\REGISTRY\\MACHINE\\SYSTEM\\ControlSet001\\Control\\Lsa","AccessMask":"0x1","Message":"A handle to an object was requested.\r\n\r\nSubject:\r\n\tSecurity ID:\t\tS-1-5-19\r\n\tAccount Name:\t\tLOCAL SERVICE\r\n\tAccount Domain:\t\tNT AUTHORITY\r\n\tLogon ID:\t\t0x3E5\r\n\r\nObject:\r\n\tObject Server:\t\tSecurity\r\n\tObject Type:\t\tKey\r\n\tObject Name:\t\t\\REGISTRY\\MACHINE\\SYSTEM\\ControlSet001\\Control\\Lsa\r\n\tHandle ID:\t\t0x49c\r\n\tResource Attributes:\t-\r\n\r\nProcess Information:\r\n\tProcess ID:\t\t0xb84\r\n\tProcess Name:\t\tC:\\Windows\\System32\\svchost.exe\r\n\r\nAccess Request Information:\r\n\tTransaction ID:\t\t{00000000-0000-0000-0000-000000000000}\r\n\tAccesses:\t\tQuery key value\r\n\t\t\t\t\r\n\tAccess Reasons:\t\t-\r\n\tAccess Mask:\t\t0x1\r\n\tPrivileges Used for Access Check:\t-\r\n\tRestricted SID Count:\t5","Hostname":"WORKSTATION5","ProcessName":"C:\\Windows\\System32\\svchost.exe","ProcessId":"0xb84","AccessReason":"-","RestrictedSidCount":"5","AccessList":"%%4432\n\t\t\t\t","SourceName":"Microsoft-Windows-Security-Auditing","HandleId":"0x49c","TransactionId":"{00000000-0000-0000-0000-000000000000}"}
{"SubjectUserName":"LOCAL SERVICE","TimeCreated":"2020-10-21 12:19:09.156","SubjectLogonId":"0x3e5","ResourceAttributes":"-","SubjectDomainName":"NT AUTHORITY","ObjectServer":"Security","ObjectType":"Key","SubjectUserSid":"S-1-5-19","EventID":4663,"Channel":"Security","Task":"12801","ObjectName":"\\REGISTRY\\MACHINE\\SYSTEM\\ControlSet001\\Control\\Lsa","AccessMask":"0x1","Message":"An attempt was made to access an object.\r\n\r\nSubject:\r\n\tSecurity ID:\t\tS-1-5-19\r\n\tAccount Name:\t\tLOCAL SERVICE\r\n\tAccount Domain:\t\tNT AUTHORITY\r\n\tLogon ID:\t\t0x3E5\r\n\r\nObject:\r\n\tObject Server:\t\tSecurity\r\n\tObject Type:\t\tKey\r\n\tObject Name:\t\t\\REGISTRY\\MACHINE\\SYSTEM\\ControlSet001\\Control\\Lsa\r\n\tHandle ID:\t\t0x49c\r\n\tResource Attributes:\t-\r\n\r\nProcess Information:\r\n\tProcess ID:\t\t0xb84\r\n\tProcess Name:\t\tC:\\Windows\\System32\\svchost.exe\r\n\r\nAccess Request Information:\r\n\tAccesses:\t\tQuery key value\r\n\t\t\t\t\r\n\tAccess Mask:\t\t0x1","Hostname":"WORKSTATION5","ProcessName":"C:\\Windows\\System32\\svchost.exe","ProcessId":"0xb84","AccessList":"%%4432\n\t\t\t\t","SourceName":"Microsoft-Windows-Security-Auditing","HandleId":"0x49c"}
{"SubjectUserName":"LOCAL SERVICE","TimeCreated":"2020-10-21 12:19:09.156","SubjectLogonId":"0x3e5","SubjectDomainName":"NT AUTHORITY","ObjectServer":"Security","SubjectUserSid":"S-1-5-19","EventID":4658,"Channel":"Security","Task":"12801","Message":"The handle to an object was closed.\r\n\r\nSubject :\r\n\tSecurity ID:\t\tS-1-5-19\r\n\tAccount Name:\t\tLOCAL SERVICE\r\n\tAccount Domain:\t\tNT AUTHORITY\r\n\tLogon ID:\t\t0x3E5\r\n\r\nObject:\r\n\tObject Server:\t\tSecurity\r\n\tHandle ID:\t\t0x49c\r\n\r\nProcess Information:\r\n\tProcess ID:\t\t0xb84\r\n\tProcess Name:\t\tC:\\Windows\\System32\\svchost.exe","Hostname":"WORKSTATION5","ProcessName":"C:\\Windows\\System32\\svchost.exe","ProcessId":"0xb84","SourceName":"Microsoft-Windows-Security-Auditing","HandleId":"0x49c"}
{"SubjectUserName":"LOCAL SERVICE","TimeCreated":"2020-10-21 12:19:09.157","SubjectLogonId":"0x3e5","SubjectDomainName":"NT AUTHORITY","TargetProcessId":"0x4","SubjectUserSid":"S-1-5-19","SourceHandleId":"0x7c0","EventID":4690,"Channel":"Security","Task":"12807","TargetHandleId":"0x16ac","Message":"An attempt was made to duplicate a handle to an object.\r\n\r\nSubject:\r\n\tSecurity ID:\t\tS-1-5-19\r\n\tAccount Name:\t\tLOCAL SERVICE\r\n\tAccount Domain:\t\tNT AUTHORITY\r\n\tLogon ID:\t\t0x3E5\r\n\r\nSource Handle Information:\r\n\tSource Handle ID:\t0x7c0\r\n\tSource Process ID:\t0xb84\r\n\r\nNew Handle Information:\r\n\tTarget Handle ID:\t0x16ac\r\n\tTarget Process ID:\t0x4","Hostname":"WORKSTATION5","SourceProcessId":"0xb84","SourceName":"Microsoft-Windows-Security-Auditing"}
{"SubjectUserName":"LOCAL SERVICE","TimeCreated":"2020-10-21 12:19:09.157","SubjectLogonId":"0x3e5","SubjectDomainName":"NT AUTHORITY","ObjectServer":"Security","SubjectUserSid":"S-1-5-19","EventID":4658,"Channel":"Security","Task":"12801","Message":"The handle to an object was closed.\r\n\r\nSubject :\r\n\tSecurity ID:\t\tS-1-5-19\r\n\tAccount Name:\t\tLOCAL SERVICE\r\n\tAccount Domain:\t\tNT AUTHORITY\r\n\tLogon ID:\t\t0x3E5\r\n\r\nObject:\r\n\tObject Server:\t\tSecurity\r\n\tHandle ID:\t\t0x16ac\r\n\r\nProcess Information:\r\n\tProcess ID:\t\t0xb84\r\n\tProcess Name:\t\tC:\\Windows\\System32\\svchost.exe","Hostname":"WORKSTATION5","ProcessName":"C:\\Windows\\System32\\svchost.exe","ProcessId":"0xb84","SourceName":"Microsoft-Windows-Security-Auditing","HandleId":"0x16ac"}
{"SubjectUserName":"LOCAL SERVICE","TimeCreated":"2020-10-21 12:19:09.157","SubjectLogonId":"0x3e5","ResourceAttributes":"-","SubjectDomainName":"NT AUTHORITY","PrivilegeList":"-","ObjectServer":"Security","ObjectType":"Key","SubjectUserSid":"S-1-5-19","EventID":4656,"Channel":"Security","Task":"12801","ObjectName":"\\REGISTRY\\MACHINE\\SYSTEM\\ControlSet001\\Control\\Lsa","AccessMask":"0x1","Message":"A handle to an object was requested.\r\n\r\nSubject:\r\n\tSecurity ID:\t\tS-1-5-19\r\n\tAccount Name:\t\tLOCAL SERVICE\r\n\tAccount Domain:\t\tNT AUTHORITY\r\n\tLogon ID:\t\t0x3E5\r\n\r\nObject:\r\n\tObject Server:\t\tSecurity\r\n\tObject Type:\t\tKey\r\n\tObject Name:\t\t\\REGISTRY\\MACHINE\\SYSTEM\\ControlSet001\\Control\\Lsa\r\n\tHandle ID:\t\t0x7c0\r\n\tResource Attributes:\t-\r\n\r\nProcess Information:\r\n\tProcess ID:\t\t0xb84\r\n\tProcess Name:\t\tC:\\Windows\\System32\\svchost.exe\r\n\r\nAccess Request Information:\r\n\tTransaction ID:\t\t{00000000-0000-0000-0000-000000000000}\r\n\tAccesses:\t\tQuery key value\r\n\t\t\t\t\r\n\tAccess Reasons:\t\t-\r\n\tAccess Mask:\t\t0x1\r\n\tPrivileges Used for Access Check:\t-\r\n\tRestricted SID Count:\t5","Hostname":"WORKSTATION5","ProcessName":"C:\\Windows\\System32\\svchost.exe","ProcessId":"0xb84","AccessReason":"-","RestrictedSidCount":"5","AccessList":"%%4432\n\t\t\t\t","SourceName":"Microsoft-Windows-Security-Auditing","HandleId":"0x7c0","TransactionId":"{00000000-0000-0000-0000-000000000000}"}
{"SubjectUserName":"LOCAL SERVICE","TimeCreated":"2020-10-21 12:19:09.157","SubjectLogonId":"0x3e5","ResourceAttributes":"-","SubjectDomainName":"NT AUTHORITY","ObjectServer":"Security","ObjectType":"Key","SubjectUserSid":"S-1-5-19","EventID":4663,"Channel":"Security","Task":"12801","ObjectName":"\\REGISTRY\\MACHINE\\SYSTEM\\ControlSet001\\Control\\Lsa","AccessMask":"0x1","Message":"An attempt was made to access an object.\r\n\r\nSubject:\r\n\tSecurity ID:\t\tS-1-5-19\r\n\tAccount Name:\t\tLOCAL SERVICE\r\n\tAccount Domain:\t\tNT AUTHORITY\r\n\tLogon ID:\t\t0x3E5\r\n\r\nObject:\r\n\tObject Server:\t\tSecurity\r\n\tObject Type:\t\tKey\r\n\tObject Name:\t\t\\REGISTRY\\MACHINE\\SYSTEM\\ControlSet001\\Control\\Lsa\r\n\tHandle ID:\t\t0x7c0\r\n\tResource Attributes:\t-\r\n\r\nProcess Information:\r\n\tProcess ID:\t\t0xb84\r\n\tProcess Name:\t\tC:\\Windows\\System32\\svchost.exe\r\n\r\nAccess Request Information:\r\n\tAccesses:\t\tQuery key value\r\n\t\t\t\t\r\n\tAccess Mask:\t\t0x1","Hostname":"WORKSTATION5","ProcessName":"C:\\Windows\\System32\\svchost.exe","ProcessId":"0xb84","AccessList":"%%4432\n\t\t\t\t","SourceName":"Microsoft-Windows-Security-Auditing","HandleId":"0x7c0"}
{"SubjectUserName":"LOCAL SERVICE","TimeCreated":"2020-10-21 12:19:09.157","SubjectLogonId":"0x3e5","SubjectDomainName":"NT AUTHORITY","ObjectServer":"Security","SubjectUserSid":"S-1-5-19","EventID":4658,"Channel":"Security","Task":"12801","Message":"The handle to an object was closed.\r\n\r\nSubject :\r\n\tSecurity ID:\t\tS-1-5-19\r\n\tAccount Name:\t\tLOCAL SERVICE\r\n\tAccount Domain:\t\tNT AUTHORITY\r\n\tLogon ID:\t\t0x3E5\r\n\r\nObject:\r\n\tObject Server:\t\tSecurity\r\n\tHandle ID:\t\t0x7c0\r\n\r\nProcess Information:\r\n\tProcess ID:\t\t0xb84\r\n\tProcess Name:\t\tC:\\Windows\\System32\\svchost.exe","Hostname":"WORKSTATION5","ProcessName":"C:\\Windows\\System32\\svchost.exe","ProcessId":"0xb84","SourceName":"Microsoft-Windows-Security-Auditing","HandleId":"0x7c0"}
{"SubjectUserName":"LOCAL SERVICE","TimeCreated":"2020-10-21 12:19:09.157","SubjectLogonId":"0x3e5","SubjectDomainName":"NT AUTHORITY","TargetProcessId":"0x4","SubjectUserSid":"S-1-5-19","SourceHandleId":"0x49c","EventID":4690,"Channel":"Security","Task":"12807","TargetHandleId":"0x3620","Message":"An attempt was made to duplicate a handle to an object.\r\n\r\nSubject:\r\n\tSecurity ID:\t\tS-1-5-19\r\n\tAccount Name:\t\tLOCAL SERVICE\r\n\tAccount Domain:\t\tNT AUTHORITY\r\n\tLogon ID:\t\t0x3E5\r\n\r\nSource Handle Information:\r\n\tSource Handle ID:\t0x49c\r\n\tSource Process ID:\t0xb84\r\n\r\nNew Handle Information:\r\n\tTarget Handle ID:\t0x3620\r\n\tTarget Process ID:\t0x4","Hostname":"WORKSTATION5","SourceProcessId":"0xb84","SourceName":"Microsoft-Windows-Security-Auditing"}
{"SubjectUserName":"LOCAL SERVICE","TimeCreated":"2020-10-21 12:19:09.157","SubjectLogonId":"0x3e5","SubjectDomainName":"NT AUTHORITY","ObjectServer":"Security","SubjectUserSid":"S-1-5-19","EventID":4658,"Channel":"Security","Task":"12801","Message":"The handle to an object was closed.\r\n\r\nSubject :\r\n\tSecurity ID:\t\tS-1-5-19\r\n\tAccount Name:\t\tLOCAL SERVICE\r\n\tAccount Domain:\t\tNT AUTHORITY\r\n\tLogon ID:\t\t0x3E5\r\n\r\nObject:\r\n\tObject Server:\t\tSecurity\r\n\tHandle ID:\t\t0x3620\r\n\r\nProcess Information:\r\n\tProcess ID:\t\t0xb84\r\n\tProcess Name:\t\tC:\\Windows\\System32\\svchost.exe","Hostname":"WORKSTATION5","ProcessName":"C:\\Windows\\System32\\svchost.exe","ProcessId":"0xb84","SourceName":"Microsoft-Windows-Security-Auditing","HandleId":"0x3620"}
{"SubjectUserName":"LOCAL SERVICE","TimeCreated":"2020-10-21 12:19:09.157","SubjectLogonId":"0x3e5","ResourceAttributes":"-","SubjectDomainName":"NT AUTHORITY","PrivilegeList":"-","ObjectServer":"Security","ObjectType":"Key","SubjectUserSid":"S-1-5-19","EventID":4656,"Channel":"Security","Task":"12801","ObjectName":"\\REGISTRY\\MACHINE\\SYSTEM\\ControlSet001\\Control\\Lsa","AccessMask":"0x1","Message":"A handle to an object was requested.\r\n\r\nSubject:\r\n\tSecurity ID:\t\tS-1-5-19\r\n\tAccount Name:\t\tLOCAL SERVICE\r\n\tAccount Domain:\t\tNT AUTHORITY\r\n\tLogon ID:\t\t0x3E5\r\n\r\nObject:\r\n\tObject Server:\t\tSecurity\r\n\tObject Type:\t\tKey\r\n\tObject Name:\t\t\\REGISTRY\\MACHINE\\SYSTEM\\ControlSet001\\Control\\Lsa\r\n\tHandle ID:\t\t0x49c\r\n\tResource Attributes:\t-\r\n\r\nProcess Information:\r\n\tProcess ID:\t\t0xb84\r\n\tProcess Name:\t\tC:\\Windows\\System32\\svchost.exe\r\n\r\nAccess Request Information:\r\n\tTransaction ID:\t\t{00000000-0000-0000-0000-000000000000}\r\n\tAccesses:\t\tQuery key value\r\n\t\t\t\t\r\n\tAccess Reasons:\t\t-\r\n\tAccess Mask:\t\t0x1\r\n\tPrivileges Used for Access Check:\t-\r\n\tRestricted SID Count:\t5","Hostname":"WORKSTATION5","ProcessName":"C:\\Windows\\System32\\svchost.exe","ProcessId":"0xb84","AccessReason":"-","RestrictedSidCount":"5","AccessList":"%%4432\n\t\t\t\t","SourceName":"Microsoft-Windows-Security-Auditing","HandleId":"0x49c","TransactionId":"{00000000-0000-0000-0000-000000000000}"}
{"SubjectUserName":"LOCAL SERVICE","TimeCreated":"2020-10-21 12:19:09.157","SubjectLogonId":"0x3e5","ResourceAttributes":"-","SubjectDomainName":"NT AUTHORITY","ObjectServer":"Security","ObjectType":"Key","SubjectUserSid":"S-1-5-19","EventID":4663,"Channel":"Security","Task":"12801","ObjectName":"\\REGISTRY\\MACHINE\\SYSTEM\\ControlSet001\\Control\\Lsa","AccessMask":"0x1","Message":"An attempt was made to access an object.\r\n\r\nSubject:\r\n\tSecurity ID:\t\tS-1-5-19\r\n\tAccount Name:\t\tLOCAL SERVICE\r\n\tAccount Domain:\t\tNT AUTHORITY\r\n\tLogon ID:\t\t0x3E5\r\n\r\nObject:\r\n\tObject Server:\t\tSecurity\r\n\tObject Type:\t\tKey\r\n\tObject Name:\t\t\\REGISTRY\\MACHINE\\SYSTEM\\ControlSet001\\Control\\Lsa\r\n\tHandle ID:\t\t0x49c\r\n\tResource Attributes:\t-\r\n\r\nProcess Information:\r\n\tProcess ID:\t\t0xb84\r\n\tProcess Name:\t\tC:\\Windows\\System32\\svchost.exe\r\n\r\nAccess Request Information:\r\n\tAccesses:\t\tQuery key value\r\n\t\t\t\t\r\n\tAccess Mask:\t\t0x1","Hostname":"WORKSTATION5","ProcessName":"C:\\Windows\\System32\\svchost.exe","ProcessId":"0xb84","AccessList":"%%4432\n\t\t\t\t","SourceName":"Microsoft-Windows-Security-Auditing","HandleId":"0x49c"}
{"SubjectUserName":"LOCAL SERVICE","TimeCreated":"2020-10-21 12:19:09.157","SubjectLogonId":"0x3e5","SubjectDomainName":"NT AUTHORITY","ObjectServer":"Security","SubjectUserSid":"S-1-5-19","EventID":4658,"Channel":"Security","Task":"12801","Message":"The handle to an object was closed.\r\n\r\nSubject :\r\n\tSecurity ID:\t\tS-1-5-19\r\n\tAccount Name:\t\tLOCAL SERVICE\r\n\tAccount Domain:\t\tNT AUTHORITY\r\n\tLogon ID:\t\t0x3E5\r\n\r\nObject:\r\n\tObject Server:\t\tSecurity\r\n\tHandle ID:\t\t0x49c\r\n\r\nProcess Information:\r\n\tProcess ID:\t\t0xb84\r\n\tProcess Name:\t\tC:\\Windows\\System32\\svchost.exe","Hostname":"WORKSTATION5","ProcessName":"C:\\Windows\\System32\\svchost.exe","ProcessId":"0xb84","SourceName":"Microsoft-Windows-Security-Auditing","HandleId":"0x49c"}
{"SubjectUserName":"LOCAL SERVICE","TimeCreated":"2020-10-21 12:19:09.158","SubjectLogonId":"0x3e5","SubjectDomainName":"NT AUTHORITY","TargetProcessId":"0x4","SubjectUserSid":"S-1-5-19","SourceHandleId":"0x7c0","EventID":4690,"Channel":"Security","Task":"12807","TargetHandleId":"0x16ac","Message":"An attempt was made to duplicate a handle to an object.\r\n\r\nSubject:\r\n\tSecurity ID:\t\tS-1-5-19\r\n\tAccount Name:\t\tLOCAL SERVICE\r\n\tAccount Domain:\t\tNT AUTHORITY\r\n\tLogon ID:\t\t0x3E5\r\n\r\nSource Handle Information:\r\n\tSource Handle ID:\t0x7c0\r\n\tSource Process ID:\t0xb84\r\n\r\nNew Handle Information:\r\n\tTarget Handle ID:\t0x16ac\r\n\tTarget Process ID:\t0x4","Hostname":"WORKSTATION5","SourceProcessId":"0xb84","SourceName":"Microsoft-Windows-Security-Auditing"}
{"SubjectUserName":"LOCAL SERVICE","TimeCreated":"2020-10-21 12:19:09.158","SubjectLogonId":"0x3e5","SubjectDomainName":"NT AUTHORITY","ObjectServer":"Security","SubjectUserSid":"S-1-5-19","EventID":4658,"Channel":"Security","Task":"12801","Message":"The handle to an object was closed.\r\n\r\nSubject :\r\n\tSecurity ID:\t\tS-1-5-19\r\n\tAccount Name:\t\tLOCAL SERVICE\r\n\tAccount Domain:\t\tNT AUTHORITY\r\n\tLogon ID:\t\t0x3E5\r\n\r\nObject:\r\n\tObject Server:\t\tSecurity\r\n\tHandle ID:\t\t0x16ac\r\n\r\nProcess Information:\r\n\tProcess ID:\t\t0xb84\r\n\tProcess Name:\t\tC:\\Windows\\System32\\svchost.exe","Hostname":"WORKSTATION5","ProcessName":"C:\\Windows\\System32\\svchost.exe","ProcessId":"0xb84","SourceName":"Microsoft-Windows-Security-Auditing","HandleId":"0x16ac"}
{"SubjectUserName":"LOCAL SERVICE","TimeCreated":"2020-10-21 12:19:09.158","SubjectLogonId":"0x3e5","ResourceAttributes":"-","SubjectDomainName":"NT AUTHORITY","PrivilegeList":"-","ObjectServer":"Security","ObjectType":"Key","SubjectUserSid":"S-1-5-19","EventID":4656,"Channel":"Security","Task":"12801","ObjectName":"\\REGISTRY\\MACHINE\\SYSTEM\\ControlSet001\\Control\\Lsa","AccessMask":"0x1","Message":"A handle to an object was requested.\r\n\r\nSubject:\r\n\tSecurity ID:\t\tS-1-5-19\r\n\tAccount Name:\t\tLOCAL SERVICE\r\n\tAccount Domain:\t\tNT AUTHORITY\r\n\tLogon ID:\t\t0x3E5\r\n\r\nObject:\r\n\tObject Server:\t\tSecurity\r\n\tObject Type:\t\tKey\r\n\tObject Name:\t\t\\REGISTRY\\MACHINE\\SYSTEM\\ControlSet001\\Control\\Lsa\r\n\tHandle ID:\t\t0x7c0\r\n\tResource Attributes:\t-\r\n\r\nProcess Information:\r\n\tProcess ID:\t\t0xb84\r\n\tProcess Name:\t\tC:\\Windows\\System32\\svchost.exe\r\n\r\nAccess Request Information:\r\n\tTransaction ID:\t\t{00000000-0000-0000-0000-000000000000}\r\n\tAccesses:\t\tQuery key value\r\n\t\t\t\t\r\n\tAccess Reasons:\t\t-\r\n\tAccess Mask:\t\t0x1\r\n\tPrivileges Used for Access Check:\t-\r\n\tRestricted SID Count:\t5","Hostname":"WORKSTATION5","ProcessName":"C:\\Windows\\System32\\svchost.exe","ProcessId":"0xb84","AccessReason":"-","RestrictedSidCount":"5","AccessList":"%%4432\n\t\t\t\t","SourceName":"Microsoft-Windows-Security-Auditing","HandleId":"0x7c0","TransactionId":"{00000000-0000-0000-0000-000000000000}"}
{"SubjectUserName":"LOCAL SERVICE","TimeCreated":"2020-10-21 12:19:09.158","SubjectLogonId":"0x3e5","ResourceAttributes":"-","SubjectDomainName":"NT AUTHORITY","ObjectServer":"Security","ObjectType":"Key","SubjectUserSid":"S-1-5-19","EventID":4663,"Channel":"Security","Task":"12801","ObjectName":"\\REGISTRY\\MACHINE\\SYSTEM\\ControlSet001\\Control\\Lsa","AccessMask":"0x1","Message":"An attempt was made to access an object.\r\n\r\nSubject:\r\n\tSecurity ID:\t\tS-1-5-19\r\n\tAccount Name:\t\tLOCAL SERVICE\r\n\tAccount Domain:\t\tNT AUTHORITY\r\n\tLogon ID:\t\t0x3E5\r\n\r\nObject:\r\n\tObject Server:\t\tSecurity\r\n\tObject Type:\t\tKey\r\n\tObject Name:\t\t\\REGISTRY\\MACHINE\\SYSTEM\\ControlSet001\\Control\\Lsa\r\n\tHandle ID:\t\t0x7c0\r\n\tResource Attributes:\t-\r\n\r\nProcess Information:\r\n\tProcess ID:\t\t0xb84\r\n\tProcess Name:\t\tC:\\Windows\\System32\\svchost.exe\r\n\r\nAccess Request Information:\r\n\tAccesses:\t\tQuery key value\r\n\t\t\t\t\r\n\tAccess Mask:\t\t0x1","Hostname":"WORKSTATION5","ProcessName":"C:\\Windows\\System32\\svchost.exe","ProcessId":"0xb84","AccessList":"%%4432\n\t\t\t\t","SourceName":"Microsoft-Windows-Security-Auditing","HandleId":"0x7c0"}
{"SubjectUserName":"LOCAL SERVICE","TimeCreated":"2020-10-21 12:19:09.158","SubjectLogonId":"0x3e5","SubjectDomainName":"NT AUTHORITY","ObjectServer":"Security","SubjectUserSid":"S-1-5-19","EventID":4658,"Channel":"Security","Task":"12801","Message":"The handle to an object was closed.\r\n\r\nSubject :\r\n\tSecurity ID:\t\tS-1-5-19\r\n\tAccount Name:\t\tLOCAL SERVICE\r\n\tAccount Domain:\t\tNT AUTHORITY\r\n\tLogon ID:\t\t0x3E5\r\n\r\nObject:\r\n\tObject Server:\t\tSecurity\r\n\tHandle ID:\t\t0x7c0\r\n\r\nProcess Information:\r\n\tProcess ID:\t\t0xb84\r\n\tProcess Name:\t\tC:\\Windows\\System32\\svchost.exe","Hostname":"WORKSTATION5","ProcessName":"C:\\Windows\\System32\\svchost.exe","ProcessId":"0xb84","SourceName":"Microsoft-Windows-Security-Auditing","HandleId":"0x7c0"}
{"SubjectUserName":"LOCAL SERVICE","TimeCreated":"2020-10-21 12:19:09.158","SubjectLogonId":"0x3e5","SubjectDomainName":"NT AUTHORITY","TargetProcessId":"0x4","SubjectUserSid":"S-1-5-19","SourceHandleId":"0x49c","EventID":4690,"Channel":"Security","Task":"12807","TargetHandleId":"0x3620","Message":"An attempt was made to duplicate a handle to an object.\r\n\r\nSubject:\r\n\tSecurity ID:\t\tS-1-5-19\r\n\tAccount Name:\t\tLOCAL SERVICE\r\n\tAccount Domain:\t\tNT AUTHORITY\r\n\tLogon ID:\t\t0x3E5\r\n\r\nSource Handle Information:\r\n\tSource Handle ID:\t0x49c\r\n\tSource Process ID:\t0xb84\r\n\r\nNew Handle Information:\r\n\tTarget Handle ID:\t0x3620\r\n\tTarget Process ID:\t0x4","Hostname":"WORKSTATION5","SourceProcessId":"0xb84","SourceName":"Microsoft-Windows-Security-Auditing"}
{"SubjectUserName":"LOCAL SERVICE","TimeCreated":"2020-10-21 12:19:09.158","SubjectLogonId":"0x3e5","SubjectDomainName":"NT AUTHORITY","ObjectServer":"Security","SubjectUserSid":"S-1-5-19","EventID":4658,"Channel":"Security","Task":"12801","Message":"The handle to an object was closed.\r\n\r\nSubject :\r\n\tSecurity ID:\t\tS-1-5-19\r\n\tAccount Name:\t\tLOCAL SERVICE\r\n\tAccount Domain:\t\tNT AUTHORITY\r\n\tLogon ID:\t\t0x3E5\r\n\r\nObject:\r\n\tObject Server:\t\tSecurity\r\n\tHandle ID:\t\t0x3620\r\n\r\nProcess Information:\r\n\tProcess ID:\t\t0xb84\r\n\tProcess Name:\t\tC:\\Windows\\System32\\svchost.exe","Hostname":"WORKSTATION5","ProcessName":"C:\\Windows\\System32\\svchost.exe","ProcessId":"0xb84","SourceName":"Microsoft-Windows-Security-Auditing","HandleId":"0x3620"}
{"SubjectUserName":"LOCAL SERVICE","TimeCreated":"2020-10-21 12:19:09.158","SubjectLogonId":"0x3e5","ResourceAttributes":"-","SubjectDomainName":"NT AUTHORITY","PrivilegeList":"-","ObjectServer":"Security","ObjectType":"Key","SubjectUserSid":"S-1-5-19","EventID":4656,"Channel":"Security","Task":"12801","ObjectName":"\\REGISTRY\\MACHINE\\SYSTEM\\ControlSet001\\Control\\Lsa","AccessMask":"0x1","Message":"A handle to an object was requested.\r\n\r\nSubject:\r\n\tSecurity ID:\t\tS-1-5-19\r\n\tAccount Name:\t\tLOCAL SERVICE\r\n\tAccount Domain:\t\tNT AUTHORITY\r\n\tLogon ID:\t\t0x3E5\r\n\r\nObject:\r\n\tObject Server:\t\tSecurity\r\n\tObject Type:\t\tKey\r\n\tObject Name:\t\t\\REGISTRY\\MACHINE\\SYSTEM\\ControlSet001\\Control\\Lsa\r\n\tHandle ID:\t\t0x49c\r\n\tResource Attributes:\t-\r\n\r\nProcess Information:\r\n\tProcess ID:\t\t0xb84\r\n\tProcess Name:\t\tC:\\Windows\\System32\\svchost.exe\r\n\r\nAccess Request Information:\r\n\tTransaction ID:\t\t{00000000-0000-0000-0000-000000000000}\r\n\tAccesses:\t\tQuery key value\r\n\t\t\t\t\r\n\tAccess Reasons:\t\t-\r\n\tAccess Mask:\t\t0x1\r\n\tPrivileges Used for Access Check:\t-\r\n\tRestricted SID Count:\t5","Hostname":"WORKSTATION5","ProcessName":"C:\\Windows\\System32\\svchost.exe","ProcessId":"0xb84","AccessReason":"-","RestrictedSidCount":"5","AccessList":"%%4432\n\t\t\t\t","SourceName":"Microsoft-Windows-Security-Auditing","HandleId":"0x49c","TransactionId":"{00000000-0000-0000-0000-000000000000}"}
{"SubjectUserName":"LOCAL SERVICE","TimeCreated":"2020-10-21 12:19:09.158","SubjectLogonId":"0x3e5","ResourceAttributes":"-","SubjectDomainName":"NT AUTHORITY","ObjectServer":"Security","ObjectType":"Key","SubjectUserSid":"S-1-5-19","EventID":4663,"Channel":"Security","Task":"12801","ObjectName":"\\REGISTRY\\MACHINE\\SYSTEM\\ControlSet001\\Control\\Lsa","AccessMask":"0x1","Message":"An attempt was made to access an object.\r\n\r\nSubject:\r\n\tSecurity ID:\t\tS-1-5-19\r\n\tAccount Name:\t\tLOCAL SERVICE\r\n\tAccount Domain:\t\tNT AUTHORITY\r\n\tLogon ID:\t\t0x3E5\r\n\r\nObject:\r\n\tObject Server:\t\tSecurity\r\n\tObject Type:\t\tKey\r\n\tObject Name:\t\t\\REGISTRY\\MACHINE\\SYSTEM\\ControlSet001\\Control\\Lsa\r\n\tHandle ID:\t\t0x49c\r\n\tResource Attributes:\t-\r\n\r\nProcess Information:\r\n\tProcess ID:\t\t0xb84\r\n\tProcess Name:\t\tC:\\Windows\\System32\\svchost.exe\r\n\r\nAccess Request Information:\r\n\tAccesses:\t\tQuery key value\r\n\t\t\t\t\r\n\tAccess Mask:\t\t0x1","Hostname":"WORKSTATION5","ProcessName":"C:\\Windows\\System32\\svchost.exe","ProcessId":"0xb84","AccessList":"%%4432\n\t\t\t\t","SourceName":"Microsoft-Windows-Security-Auditing","HandleId":"0x49c"}
{"SubjectUserName":"LOCAL SERVICE","TimeCreated":"2020-10-21 12:19:09.158","SubjectLogonId":"0x3e5","SubjectDomainName":"NT AUTHORITY","ObjectServer":"Security","SubjectUserSid":"S-1-5-19","EventID":4658,"Channel":"Security","Task":"12801","Message":"The handle to an object was closed.\r\n\r\nSubject :\r\n\tSecurity ID:\t\tS-1-5-19\r\n\tAccount Name:\t\tLOCAL SERVICE\r\n\tAccount Domain:\t\tNT AUTHORITY\r\n\tLogon ID:\t\t0x3E5\r\n\r\nObject:\r\n\tObject Server:\t\tSecurity\r\n\tHandle ID:\t\t0x49c\r\n\r\nProcess Information:\r\n\tProcess ID:\t\t0xb84\r\n\tProcess Name:\t\tC:\\Windows\\System32\\svchost.exe","Hostname":"WORKSTATION5","ProcessName":"C:\\Windows\\System32\\svchost.exe","ProcessId":"0xb84","SourceName":"Microsoft-Windows-Security-Auditing","HandleId":"0x49c"}
{"SubjectUserName":"LOCAL SERVICE","TimeCreated":"2020-10-21 12:19:09.158","SubjectLogonId":"0x3e5","SubjectDomainName":"NT AUTHORITY","TargetProcessId":"0x4","SubjectUserSid":"S-1-5-19","SourceHandleId":"0x7c0","EventID":4690,"Channel":"Security","Task":"12807","TargetHandleId":"0x16ac","Message":"An attempt was made to duplicate a handle to an object.\r\n\r\nSubject:\r\n\tSecurity ID:\t\tS-1-5-19\r\n\tAccount Name:\t\tLOCAL SERVICE\r\n\tAccount Domain:\t\tNT AUTHORITY\r\n\tLogon ID:\t\t0x3E5\r\n\r\nSource Handle Information:\r\n\tSource Handle ID:\t0x7c0\r\n\tSource Process ID:\t0xb84\r\n\r\nNew Handle Information:\r\n\tTarget Handle ID:\t0x16ac\r\n\tTarget Process ID:\t0x4","Hostname":"WORKSTATION5","SourceProcessId":"0xb84","SourceName":"Microsoft-Windows-Security-Auditing"}
{"SubjectUserName":"LOCAL SERVICE","TimeCreated":"2020-10-21 12:19:09.158","SubjectLogonId":"0x3e5","SubjectDomainName":"NT AUTHORITY","ObjectServer":"Security","SubjectUserSid":"S-1-5-19","EventID":4658,"Channel":"Security","Task":"12801","Message":"The handle to an object was closed.\r\n\r\nSubject :\r\n\tSecurity ID:\t\tS-1-5-19\r\n\tAccount Name:\t\tLOCAL SERVICE\r\n\tAccount Domain:\t\tNT AUTHORITY\r\n\tLogon ID:\t\t0x3E5\r\n\r\nObject:\r\n\tObject Server:\t\tSecurity\r\n\tHandle ID:\t\t0x16ac\r\n\r\nProcess Information:\r\n\tProcess ID:\t\t0xb84\r\n\tProcess Name:\t\tC:\\Windows\\System32\\svchost.exe","Hostname":"WORKSTATION5","ProcessName":"C:\\Windows\\System32\\svchost.exe","ProcessId":"0xb84","SourceName":"Microsoft-Windows-Security-Auditing","HandleId":"0x16ac"}
{"SubjectUserName":"LOCAL SERVICE","TimeCreated":"2020-10-21 12:19:09.158","SubjectLogonId":"0x3e5","ResourceAttributes":"-","SubjectDomainName":"NT AUTHORITY","PrivilegeList":"-","ObjectServer":"Security","ObjectType":"Key","SubjectUserSid":"S-1-5-19","EventID":4656,"Channel":"Security","Task":"12801","ObjectName":"\\REGISTRY\\MACHINE\\SYSTEM\\ControlSet001\\Control\\Lsa","AccessMask":"0x1","Message":"A handle to an object was requested.\r\n\r\nSubject:\r\n\tSecurity ID:\t\tS-1-5-19\r\n\tAccount Name:\t\tLOCAL SERVICE\r\n\tAccount Domain:\t\tNT AUTHORITY\r\n\tLogon ID:\t\t0x3E5\r\n\r\nObject:\r\n\tObject Server:\t\tSecurity\r\n\tObject Type:\t\tKey\r\n\tObject Name:\t\t\\REGISTRY\\MACHINE\\SYSTEM\\ControlSet001\\Control\\Lsa\r\n\tHandle ID:\t\t0x7c0\r\n\tResource Attributes:\t-\r\n\r\nProcess Information:\r\n\tProcess ID:\t\t0xb84\r\n\tProcess Name:\t\tC:\\Windows\\System32\\svchost.exe\r\n\r\nAccess Request Information:\r\n\tTransaction ID:\t\t{00000000-0000-0000-0000-000000000000}\r\n\tAccesses:\t\tQuery key value\r\n\t\t\t\t\r\n\tAccess Reasons:\t\t-\r\n\tAccess Mask:\t\t0x1\r\n\tPrivileges Used for Access Check:\t-\r\n\tRestricted SID Count:\t5","Hostname":"WORKSTATION5","ProcessName":"C:\\Windows\\System32\\svchost.exe","ProcessId":"0xb84","AccessReason":"-","RestrictedSidCount":"5","AccessList":"%%4432\n\t\t\t\t","SourceName":"Microsoft-Windows-Security-Auditing","HandleId":"0x7c0","TransactionId":"{00000000-0000-0000-0000-000000000000}"}
{"SubjectUserName":"LOCAL SERVICE","TimeCreated":"2020-10-21 12:19:09.158","SubjectLogonId":"0x3e5","ResourceAttributes":"-","SubjectDomainName":"NT AUTHORITY","ObjectServer":"Security","ObjectType":"Key","SubjectUserSid":"S-1-5-19","EventID":4663,"Channel":"Security","Task":"12801","ObjectName":"\\REGISTRY\\MACHINE\\SYSTEM\\ControlSet001\\Control\\Lsa","AccessMask":"0x1","Message":"An attempt was made to access an object.\r\n\r\nSubject:\r\n\tSecurity ID:\t\tS-1-5-19\r\n\tAccount Name:\t\tLOCAL SERVICE\r\n\tAccount Domain:\t\tNT AUTHORITY\r\n\tLogon ID:\t\t0x3E5\r\n\r\nObject:\r\n\tObject Server:\t\tSecurity\r\n\tObject Type:\t\tKey\r\n\tObject Name:\t\t\\REGISTRY\\MACHINE\\SYSTEM\\ControlSet001\\Control\\Lsa\r\n\tHandle ID:\t\t0x7c0\r\n\tResource Attributes:\t-\r\n\r\nProcess Information:\r\n\tProcess ID:\t\t0xb84\r\n\tProcess Name:\t\tC:\\Windows\\System32\\svchost.exe\r\n\r\nAccess Request Information:\r\n\tAccesses:\t\tQuery key value\r\n\t\t\t\t\r\n\tAccess Mask:\t\t0x1","Hostname":"WORKSTATION5","ProcessName":"C:\\Windows\\System32\\svchost.exe","ProcessId":"0xb84","AccessList":"%%4432\n\t\t\t\t","SourceName":"Microsoft-Windows-Security-Auditing","HandleId":"0x7c0"}
{"SubjectUserName":"LOCAL SERVICE","TimeCreated":"2020-10-21 12:19:09.158","SubjectLogonId":"0x3e5","SubjectDomainName":"NT AUTHORITY","ObjectServer":"Security","SubjectUserSid":"S-1-5-19","EventID":4658,"Channel":"Security","Task":"12801","Message":"The handle to an object was closed.\r\n\r\nSubject :\r\n\tSecurity ID:\t\tS-1-5-19\r\n\tAccount Name:\t\tLOCAL SERVICE\r\n\tAccount Domain:\t\tNT AUTHORITY\r\n\tLogon ID:\t\t0x3E5\r\n\r\nObject:\r\n\tObject Server:\t\tSecurity\r\n\tHandle ID:\t\t0x7c0\r\n\r\nProcess Information:\r\n\tProcess ID:\t\t0xb84\r\n\tProcess Name:\t\tC:\\Windows\\System32\\svchost.exe","Hostname":"WORKSTATION5","ProcessName":"C:\\Windows\\System32\\svchost.exe","ProcessId":"0xb84","SourceName":"Microsoft-Windows-Security-Auditing","HandleId":"0x7c0"}
{"SubjectUserName":"LOCAL SERVICE","TimeCreated":"2020-10-21 12:19:09.158","SubjectLogonId":"0x3e5","SubjectDomainName":"NT AUTHORITY","TargetProcessId":"0x4","SubjectUserSid":"S-1-5-19","SourceHandleId":"0x49c","EventID":4690,"Channel":"Security","Task":"12807","TargetHandleId":"0x3620","Message":"An attempt was made to duplicate a handle to an object.\r\n\r\nSubject:\r\n\tSecurity ID:\t\tS-1-5-19\r\n\tAccount Name:\t\tLOCAL SERVICE\r\n\tAccount Domain:\t\tNT AUTHORITY\r\n\tLogon ID:\t\t0x3E5\r\n\r\nSource Handle Information:\r\n\tSource Handle ID:\t0x49c\r\n\tSource Process ID:\t0xb84\r\n\r\nNew Handle Information:\r\n\tTarget Handle ID:\t0x3620\r\n\tTarget Process ID:\t0x4","Hostname":"WORKSTATION5","SourceProcessId":"0xb84","SourceName":"Microsoft-Windows-Security-Auditing"}
{"SubjectUserName":"LOCAL SERVICE","TimeCreated":"2020-10-21 12:19:09.158","SubjectLogonId":"0x3e5","SubjectDomainName":"NT AUTHORITY","ObjectServer":"Security","SubjectUserSid":"S-1-5-19","EventID":4658,"Channel":"Security","Task":"12801","Message":"The handle to an object was closed.\r\n\r\nSubject :\r\n\tSecurity ID:\t\tS-1-5-19\r\n\tAccount Name:\t\tLOCAL SERVICE\r\n\tAccount Domain:\t\tNT AUTHORITY\r\n\tLogon ID:\t\t0x3E5\r\n\r\nObject:\r\n\tObject Server:\t\tSecurity\r\n\tHandle ID:\t\t0x3620\r\n\r\nProcess Information:\r\n\tProcess ID:\t\t0xb84\r\n\tProcess Name:\t\tC:\\Windows\\System32\\svchost.exe","Hostname":"WORKSTATION5","ProcessName":"C:\\Windows\\System32\\svchost.exe","ProcessId":"0xb84","SourceName":"Microsoft-Windows-Security-Auditing","HandleId":"0x3620"}
{"SubjectUserName":"LOCAL SERVICE","TimeCreated":"2020-10-21 12:19:09.158","SubjectLogonId":"0x3e5","ResourceAttributes":"-","SubjectDomainName":"NT AUTHORITY","PrivilegeList":"-","ObjectServer":"Security","ObjectType":"Key","SubjectUserSid":"S-1-5-19","EventID":4656,"Channel":"Security","Task":"12801","ObjectName":"\\REGISTRY\\MACHINE\\SYSTEM\\ControlSet001\\Control\\Lsa","AccessMask":"0x1","Message":"A handle to an object was requested.\r\n\r\nSubject:\r\n\tSecurity ID:\t\tS-1-5-19\r\n\tAccount Name:\t\tLOCAL SERVICE\r\n\tAccount Domain:\t\tNT AUTHORITY\r\n\tLogon ID:\t\t0x3E5\r\n\r\nObject:\r\n\tObject Server:\t\tSecurity\r\n\tObject Type:\t\tKey\r\n\tObject Name:\t\t\\REGISTRY\\MACHINE\\SYSTEM\\ControlSet001\\Control\\Lsa\r\n\tHandle ID:\t\t0x49c\r\n\tResource Attributes:\t-\r\n\r\nProcess Information:\r\n\tProcess ID:\t\t0xb84\r\n\tProcess Name:\t\tC:\\Windows\\System32\\svchost.exe\r\n\r\nAccess Request Information:\r\n\tTransaction ID:\t\t{00000000-0000-0000-0000-000000000000}\r\n\tAccesses:\t\tQuery key value\r\n\t\t\t\t\r\n\tAccess Reasons:\t\t-\r\n\tAccess Mask:\t\t0x1\r\n\tPrivileges Used for Access Check:\t-\r\n\tRestricted SID Count:\t5","Hostname":"WORKSTATION5","ProcessName":"C:\\Windows\\System32\\svchost.exe","ProcessId":"0xb84","AccessReason":"-","RestrictedSidCount":"5","AccessList":"%%4432\n\t\t\t\t","SourceName":"Microsoft-Windows-Security-Auditing","HandleId":"0x49c","TransactionId":"{00000000-0000-0000-0000-000000000000}"}
{"SubjectUserName":"LOCAL SERVICE","TimeCreated":"2020-10-21 12:19:09.158","SubjectLogonId":"0x3e5","ResourceAttributes":"-","SubjectDomainName":"NT AUTHORITY","ObjectServer":"Security","ObjectType":"Key","SubjectUserSid":"S-1-5-19","EventID":4663,"Channel":"Security","Task":"12801","ObjectName":"\\REGISTRY\\MACHINE\\SYSTEM\\ControlSet001\\Control\\Lsa","AccessMask":"0x1","Message":"An attempt was made to access an object.\r\n\r\nSubject:\r\n\tSecurity ID:\t\tS-1-5-19\r\n\tAccount Name:\t\tLOCAL SERVICE\r\n\tAccount Domain:\t\tNT AUTHORITY\r\n\tLogon ID:\t\t0x3E5\r\n\r\nObject:\r\n\tObject Server:\t\tSecurity\r\n\tObject Type:\t\tKey\r\n\tObject Name:\t\t\\REGISTRY\\MACHINE\\SYSTEM\\ControlSet001\\Control\\Lsa\r\n\tHandle ID:\t\t0x49c\r\n\tResource Attributes:\t-\r\n\r\nProcess Information:\r\n\tProcess ID:\t\t0xb84\r\n\tProcess Name:\t\tC:\\Windows\\System32\\svchost.exe\r\n\r\nAccess Request Information:\r\n\tAccesses:\t\tQuery key value\r\n\t\t\t\t\r\n\tAccess Mask:\t\t0x1","Hostname":"WORKSTATION5","ProcessName":"C:\\Windows\\System32\\svchost.exe","ProcessId":"0xb84","AccessList":"%%4432\n\t\t\t\t","SourceName":"Microsoft-Windows-Security-Auditing","HandleId":"0x49c"}
{"SubjectUserName":"LOCAL SERVICE","TimeCreated":"2020-10-21 12:19:09.158","SubjectLogonId":"0x3e5","SubjectDomainName":"NT AUTHORITY","ObjectServer":"Security","SubjectUserSid":"S-1-5-19","EventID":4658,"Channel":"Security","Task":"12801","Message":"The handle to an object was closed.\r\n\r\nSubject :\r\n\tSecurity ID:\t\tS-1-5-19\r\n\tAccount Name:\t\tLOCAL SERVICE\r\n\tAccount Domain:\t\tNT AUTHORITY\r\n\tLogon ID:\t\t0x3E5\r\n\r\nObject:\r\n\tObject Server:\t\tSecurity\r\n\tHandle ID:\t\t0x49c\r\n\r\nProcess Information:\r\n\tProcess ID:\t\t0xb84\r\n\tProcess Name:\t\tC:\\Windows\\System32\\svchost.exe","Hostname":"WORKSTATION5","ProcessName":"C:\\Windows\\System32\\svchost.exe","ProcessId":"0xb84","SourceName":"Microsoft-Windows-Security-Auditing","HandleId":"0x49c"}
{"SubjectUserName":"LOCAL SERVICE","TimeCreated":"2020-10-21 12:19:09.158","SubjectLogonId":"0x3e5","SubjectDomainName":"NT AUTHORITY","TargetProcessId":"0x4","SubjectUserSid":"S-1-5-19","SourceHandleId":"0x7c0","EventID":4690,"Channel":"Security","Task":"12807","TargetHandleId":"0x16ac","Message":"An attempt was made to duplicate a handle to an object.\r\n\r\nSubject:\r\n\tSecurity ID:\t\tS-1-5-19\r\n\tAccount Name:\t\tLOCAL SERVICE\r\n\tAccount Domain:\t\tNT AUTHORITY\r\n\tLogon ID:\t\t0x3E5\r\n\r\nSource Handle Information:\r\n\tSource Handle ID:\t0x7c0\r\n\tSource Process ID:\t0xb84\r\n\r\nNew Handle Information:\r\n\tTarget Handle ID:\t0x16ac\r\n\tTarget Process ID:\t0x4","Hostname":"WORKSTATION5","SourceProcessId":"0xb84","SourceName":"Microsoft-Windows-Security-Auditing"}
{"SubjectUserName":"LOCAL SERVICE","TimeCreated":"2020-10-21 12:19:09.158","SubjectLogonId":"0x3e5","SubjectDomainName":"NT AUTHORITY","ObjectServer":"Security","SubjectUserSid":"S-1-5-19","EventID":4658,"Channel":"Security","Task":"12801","Message":"The handle to an object was closed.\r\n\r\nSubject :\r\n\tSecurity ID:\t\tS-1-5-19\r\n\tAccount Name:\t\tLOCAL SERVICE\r\n\tAccount Domain:\t\tNT AUTHORITY\r\n\tLogon ID:\t\t0x3E5\r\n\r\nObject:\r\n\tObject Server:\t\tSecurity\r\n\tHandle ID:\t\t0x16ac\r\n\r\nProcess Information:\r\n\tProcess ID:\t\t0xb84\r\n\tProcess Name:\t\tC:\\Windows\\System32\\svchost.exe","Hostname":"WORKSTATION5","ProcessName":"C:\\Windows\\System32\\svchost.exe","ProcessId":"0xb84","SourceName":"Microsoft-Windows-Security-Auditing","HandleId":"0x16ac"}
{"SubjectUserName":"LOCAL SERVICE","TimeCreated":"2020-10-21 12:19:09.158","SubjectLogonId":"0x3e5","ResourceAttributes":"-","SubjectDomainName":"NT AUTHORITY","PrivilegeList":"-","ObjectServer":"Security","ObjectType":"Key","SubjectUserSid":"S-1-5-19","EventID":4656,"Channel":"Security","Task":"12801","ObjectName":"\\REGISTRY\\MACHINE\\SYSTEM\\ControlSet001\\Control\\Lsa","AccessMask":"0x1","Message":"A handle to an object was requested.\r\n\r\nSubject:\r\n\tSecurity ID:\t\tS-1-5-19\r\n\tAccount Name:\t\tLOCAL SERVICE\r\n\tAccount Domain:\t\tNT AUTHORITY\r\n\tLogon ID:\t\t0x3E5\r\n\r\nObject:\r\n\tObject Server:\t\tSecurity\r\n\tObject Type:\t\tKey\r\n\tObject Name:\t\t\\REGISTRY\\MACHINE\\SYSTEM\\ControlSet001\\Control\\Lsa\r\n\tHandle ID:\t\t0x7c0\r\n\tResource Attributes:\t-\r\n\r\nProcess Information:\r\n\tProcess ID:\t\t0xb84\r\n\tProcess Name:\t\tC:\\Windows\\System32\\svchost.exe\r\n\r\nAccess Request Information:\r\n\tTransaction ID:\t\t{00000000-0000-0000-0000-000000000000}\r\n\tAccesses:\t\tQuery key value\r\n\t\t\t\t\r\n\tAccess Reasons:\t\t-\r\n\tAccess Mask:\t\t0x1\r\n\tPrivileges Used for Access Check:\t-\r\n\tRestricted SID Count:\t5","Hostname":"WORKSTATION5","ProcessName":"C:\\Windows\\System32\\svchost.exe","ProcessId":"0xb84","AccessReason":"-","RestrictedSidCount":"5","AccessList":"%%4432\n\t\t\t\t","SourceName":"Microsoft-Windows-Security-Auditing","HandleId":"0x7c0","TransactionId":"{00000000-0000-0000-0000-000000000000}"}
{"SubjectUserName":"LOCAL SERVICE","TimeCreated":"2020-10-21 12:19:09.158","SubjectLogonId":"0x3e5","ResourceAttributes":"-","SubjectDomainName":"NT AUTHORITY","ObjectServer":"Security","ObjectType":"Key","SubjectUserSid":"S-1-5-19","EventID":4663,"Channel":"Security","Task":"12801","ObjectName":"\\REGISTRY\\MACHINE\\SYSTEM\\ControlSet001\\Control\\Lsa","AccessMask":"0x1","Message":"An attempt was made to access an object.\r\n\r\nSubject:\r\n\tSecurity ID:\t\tS-1-5-19\r\n\tAccount Name:\t\tLOCAL SERVICE\r\n\tAccount Domain:\t\tNT AUTHORITY\r\n\tLogon ID:\t\t0x3E5\r\n\r\nObject:\r\n\tObject Server:\t\tSecurity\r\n\tObject Type:\t\tKey\r\n\tObject Name:\t\t\\REGISTRY\\MACHINE\\SYSTEM\\ControlSet001\\Control\\Lsa\r\n\tHandle ID:\t\t0x7c0\r\n\tResource Attributes:\t-\r\n\r\nProcess Information:\r\n\tProcess ID:\t\t0xb84\r\n\tProcess Name:\t\tC:\\Windows\\System32\\svchost.exe\r\n\r\nAccess Request Information:\r\n\tAccesses:\t\tQuery key value\r\n\t\t\t\t\r\n\tAccess Mask:\t\t0x1","Hostname":"WORKSTATION5","ProcessName":"C:\\Windows\\System32\\svchost.exe","ProcessId":"0xb84","AccessList":"%%4432\n\t\t\t\t","SourceName":"Microsoft-Windows-Security-Auditing","HandleId":"0x7c0"}
{"SubjectUserName":"LOCAL SERVICE","TimeCreated":"2020-10-21 12:19:09.158","SubjectLogonId":"0x3e5","SubjectDomainName":"NT AUTHORITY","ObjectServer":"Security","SubjectUserSid":"S-1-5-19","EventID":4658,"Channel":"Security","Task":"12801","Message":"The handle to an object was closed.\r\n\r\nSubject :\r\n\tSecurity ID:\t\tS-1-5-19\r\n\tAccount Name:\t\tLOCAL SERVICE\r\n\tAccount Domain:\t\tNT AUTHORITY\r\n\tLogon ID:\t\t0x3E5\r\n\r\nObject:\r\n\tObject Server:\t\tSecurity\r\n\tHandle ID:\t\t0x7c0\r\n\r\nProcess Information:\r\n\tProcess ID:\t\t0xb84\r\n\tProcess Name:\t\tC:\\Windows\\System32\\svchost.exe","Hostname":"WORKSTATION5","ProcessName":"C:\\Windows\\System32\\svchost.exe","ProcessId":"0xb84","SourceName":"Microsoft-Windows-Security-Auditing","HandleId":"0x7c0"}
{"SubjectUserName":"LOCAL SERVICE","TimeCreated":"2020-10-21 12:19:09.159","SubjectLogonId":"0x3e5","SubjectDomainName":"NT AUTHORITY","TargetProcessId":"0x4","SubjectUserSid":"S-1-5-19","SourceHandleId":"0x49c","EventID":4690,"Channel":"Security","Task":"12807","TargetHandleId":"0x3620","Message":"An attempt was made to duplicate a handle to an object.\r\n\r\nSubject:\r\n\tSecurity ID:\t\tS-1-5-19\r\n\tAccount Name:\t\tLOCAL SERVICE\r\n\tAccount Domain:\t\tNT AUTHORITY\r\n\tLogon ID:\t\t0x3E5\r\n\r\nSource Handle Information:\r\n\tSource Handle ID:\t0x49c\r\n\tSource Process ID:\t0xb84\r\n\r\nNew Handle Information:\r\n\tTarget Handle ID:\t0x3620\r\n\tTarget Process ID:\t0x4","Hostname":"WORKSTATION5","SourceProcessId":"0xb84","SourceName":"Microsoft-Windows-Security-Auditing"}
{"SubjectUserName":"LOCAL SERVICE","TimeCreated":"2020-10-21 12:19:09.159","SubjectLogonId":"0x3e5","SubjectDomainName":"NT AUTHORITY","ObjectServer":"Security","SubjectUserSid":"S-1-5-19","EventID":4658,"Channel":"Security","Task":"12801","Message":"The handle to an object was closed.\r\n\r\nSubject :\r\n\tSecurity ID:\t\tS-1-5-19\r\n\tAccount Name:\t\tLOCAL SERVICE\r\n\tAccount Domain:\t\tNT AUTHORITY\r\n\tLogon ID:\t\t0x3E5\r\n\r\nObject:\r\n\tObject Server:\t\tSecurity\r\n\tHandle ID:\t\t0x3620\r\n\r\nProcess Information:\r\n\tProcess ID:\t\t0xb84\r\n\tProcess Name:\t\tC:\\Windows\\System32\\svchost.exe","Hostname":"WORKSTATION5","ProcessName":"C:\\Windows\\System32\\svchost.exe","ProcessId":"0xb84","SourceName":"Microsoft-Windows-Security-Auditing","HandleId":"0x3620"}
{"SubjectUserName":"LOCAL SERVICE","TimeCreated":"2020-10-21 12:19:09.159","SubjectLogonId":"0x3e5","ResourceAttributes":"-","SubjectDomainName":"NT AUTHORITY","PrivilegeList":"-","ObjectServer":"Security","ObjectType":"Key","SubjectUserSid":"S-1-5-19","EventID":4656,"Channel":"Security","Task":"12801","ObjectName":"\\REGISTRY\\MACHINE\\SYSTEM\\ControlSet001\\Control\\Lsa","AccessMask":"0x1","Message":"A handle to an object was requested.\r\n\r\nSubject:\r\n\tSecurity ID:\t\tS-1-5-19\r\n\tAccount Name:\t\tLOCAL SERVICE\r\n\tAccount Domain:\t\tNT AUTHORITY\r\n\tLogon ID:\t\t0x3E5\r\n\r\nObject:\r\n\tObject Server:\t\tSecurity\r\n\tObject Type:\t\tKey\r\n\tObject Name:\t\t\\REGISTRY\\MACHINE\\SYSTEM\\ControlSet001\\Control\\Lsa\r\n\tHandle ID:\t\t0x49c\r\n\tResource Attributes:\t-\r\n\r\nProcess Information:\r\n\tProcess ID:\t\t0xb84\r\n\tProcess Name:\t\tC:\\Windows\\System32\\svchost.exe\r\n\r\nAccess Request Information:\r\n\tTransaction ID:\t\t{00000000-0000-0000-0000-000000000000}\r\n\tAccesses:\t\tQuery key value\r\n\t\t\t\t\r\n\tAccess Reasons:\t\t-\r\n\tAccess Mask:\t\t0x1\r\n\tPrivileges Used for Access Check:\t-\r\n\tRestricted SID Count:\t5","Hostname":"WORKSTATION5","ProcessName":"C:\\Windows\\System32\\svchost.exe","ProcessId":"0xb84","AccessReason":"-","RestrictedSidCount":"5","AccessList":"%%4432\n\t\t\t\t","SourceName":"Microsoft-Windows-Security-Auditing","HandleId":"0x49c","TransactionId":"{00000000-0000-0000-0000-000000000000}"}
{"SubjectUserName":"LOCAL SERVICE","TimeCreated":"2020-10-21 12:19:09.159","SubjectLogonId":"0x3e5","ResourceAttributes":"-","SubjectDomainName":"NT AUTHORITY","ObjectServer":"Security","ObjectType":"Key","SubjectUserSid":"S-1-5-19","EventID":4663,"Channel":"Security","Task":"12801","ObjectName":"\\REGISTRY\\MACHINE\\SYSTEM\\ControlSet001\\Control\\Lsa","AccessMask":"0x1","Message":"An attempt was made to access an object.\r\n\r\nSubject:\r\n\tSecurity ID:\t\tS-1-5-19\r\n\tAccount Name:\t\tLOCAL SERVICE\r\n\tAccount Domain:\t\tNT AUTHORITY\r\n\tLogon ID:\t\t0x3E5\r\n\r\nObject:\r\n\tObject Server:\t\tSecurity\r\n\tObject Type:\t\tKey\r\n\tObject Name:\t\t\\REGISTRY\\MACHINE\\SYSTEM\\ControlSet001\\Control\\Lsa\r\n\tHandle ID:\t\t0x49c\r\n\tResource Attributes:\t-\r\n\r\nProcess Information:\r\n\tProcess ID:\t\t0xb84\r\n\tProcess Name:\t\tC:\\Windows\\System32\\svchost.exe\r\n\r\nAccess Request Information:\r\n\tAccesses:\t\tQuery key value\r\n\t\t\t\t\r\n\tAccess Mask:\t\t0x1","Hostname":"WORKSTATION5","ProcessName":"C:\\Windows\\System32\\svchost.exe","ProcessId":"0xb84","AccessList":"%%4432\n\t\t\t\t","SourceName":"Microsoft-Windows-Security-Auditing","HandleId":"0x49c"}
