{"@timestamp":"2020-10-23T02:36:44.372Z","TimeCreated":"2020-10-23T02:36:44.372Z","ProviderGuid":"{5770385f-c22a-43e0-bf4c-06f5698ffbd9}","UtcTime":"2020-10-23 06:36:44.363","ProcessGuid":"{39e4a257-79fb-5f92-7217-000000000700}","Image":"C:\\windows\\System32\\svchost.exe","Level":"4","Channel":"Microsoft-Windows-Sysmon/Operational","Task":"12","RuleName":"-","SourceName":"Microsoft-Windows-Sysmon","Hostname":"WORKSTATION5","ProcessId":"4696","EventType":"CreateKey","EventID":12,"Keywords":"0x8000000000000000","TargetObject":"HKLM\\SOFTWARE\\Policies\\Microsoft\\SystemCertificates\\Root","Message":"Registry object added or deleted:\r\nRuleName: -\r\nEventType: CreateKey\r\nUtcTime: 2020-10-23 06:36:44.363\r\nProcessGuid: {39e4a257-79fb-5f92-7217-000000000700}\r\nProcessId: 4696\r\nImage: C:\\windows\\System32\\svchost.exe\r\nTargetObject: HKLM\\SOFTWARE\\Policies\\Microsoft\\SystemCertificates\\Root"}
{"@timestamp":"2020-10-23T02:36:44.372Z","TimeCreated":"2020-10-23T02:36:44.372Z","ProviderGuid":"{5770385f-c22a-43e0-bf4c-06f5698ffbd9}","UtcTime":"2020-10-23 06:36:44.363","ProcessGuid":"{39e4a257-79fb-5f92-7217-000000000700}","Image":"C:\\windows\\System32\\svchost.exe","Level":"4","Channel":"Microsoft-Windows-Sysmon/Operational","Task":"12","RuleName":"-","SourceName":"Microsoft-Windows-Sysmon","Hostname":"WORKSTATION5","ProcessId":"4696","EventType":"CreateKey","EventID":12,"Keywords":"0x8000000000000000","TargetObject":"HKLM\\SOFTWARE\\Policies\\Microsoft\\SystemCertificates\\CA","Message":"Registry object added or deleted:\r\nRuleName: -\r\nEventType: CreateKey\r\nUtcTime: 2020-10-23 06:36:44.363\r\nProcessGuid: {39e4a257-79fb-5f92-7217-000000000700}\r\nProcessId: 4696\r\nImage: C:\\windows\\System32\\svchost.exe\r\nTargetObject: HKLM\\SOFTWARE\\Policies\\Microsoft\\SystemCertificates\\CA"}
{"@timestamp":"2020-10-23T02:36:44.475Z","TimeCreated":"2020-10-23T02:36:44.475Z","Hashes":"SHA1=410A571F24B88B60F8FD0832D96C4C5744E8F45F,MD5=105772C052983D98D630C09C9029D558,SHA256=319D73EBEB20113E7B0A988CE10E7C3E1EA0885B30045821223D8B7739D4CDA5,IMPHASH=C591E3A4DDFE145A26EEC16DB70623B7","Signature":"Microsoft Windows","ProviderGuid":"{5770385f-c22a-43e0-bf4c-06f5698ffbd9}","Company":"Microsoft Corporation","UtcTime":"2020-10-23 06:36:44.468","ProcessGuid":"{39e4a257-79fb-5f92-7217-000000000700}","Image":"C:\\Windows\\System32\\svchost.exe","ImageLoaded":"C:\\Windows\\System32\\dpapi.dll","Level":"4","Channel":"Microsoft-Windows-Sysmon/Operational","Task":"7","RuleName":"-","FileVersion":"10.0.18362.1 (WinBuild.160101.0800)","SourceName":"Microsoft-Windows-Sysmon","Hostname":"WORKSTATION5","ProcessId":"4696","Description":"Data Protection API","SignatureStatus":"Valid","Product":"Microsoft Windows Operating System","EventID":7,"Keywords":"0x8000000000000000","Signed":"true","OriginalFileName":"dpapi.dll","Message":"Image loaded:\r\nRuleName: -\r\nUtcTime: 2020-10-23 06:36:44.468\r\nProcessGuid: {39e4a257-79fb-5f92-7217-000000000700}\r\nProcessId: 4696\r\nImage: C:\\Windows\\System32\\svchost.exe\r\nImageLoaded: C:\\Windows\\System32\\dpapi.dll\r\nFileVersion: 10.0.18362.1 (WinBuild.160101.0800)\r\nDescription: Data Protection API\r\nProduct: Microsoft Windows Operating System\r\nCompany: Microsoft Corporation\r\nOriginalFileName: dpapi.dll\r\nHashes: SHA1=410A571F24B88B60F8FD0832D96C4C5744E8F45F,MD5=105772C052983D98D630C09C9029D558,SHA256=319D73EBEB20113E7B0A988CE10E7C3E1EA0885B30045821223D8B7739D4CDA5,IMPHASH=C591E3A4DDFE145A26EEC16DB70623B7\r\nSigned: true\r\nSignature: Microsoft Windows\r\nSignatureStatus: Valid"}
{"@timestamp":"2020-10-23T02:36:44.478Z","TimeCreated":"2020-10-23T02:36:44.478Z","ProviderGuid":"{5770385f-c22a-43e0-bf4c-06f5698ffbd9}","Device":"\\Device\\HarddiskVolume2","UtcTime":"2020-10-23 06:36:44.468","ProcessGuid":"{39e4a257-79fb-5f92-7217-000000000700}","Image":"C:\\Windows\\System32\\svchost.exe","Level":"4","Channel":"Microsoft-Windows-Sysmon/Operational","Task":"9","RuleName":"-","SourceName":"Microsoft-Windows-Sysmon","Hostname":"WORKSTATION5","ProcessId":"4696","EventID":9,"Keywords":"0x8000000000000000","Message":"RawAccessRead detected:\r\nRuleName: -\r\nUtcTime: 2020-10-23 06:36:44.468\r\nProcessGuid: {39e4a257-79fb-5f92-7217-000000000700}\r\nProcessId: 4696\r\nImage: C:\\Windows\\System32\\svchost.exe\r\nDevice: \\Device\\HarddiskVolume2"}
{"@timestamp":"2020-10-23T02:36:44.479Z","TimeCreated":"2020-10-23T02:36:44.479Z","Hashes":"SHA1=48DA5041305C0597E39338E97F10B18C4DF84075,MD5=7CE9D034ED633FF213BABC432DEFFC9E,SHA256=14B0BE646D4B5137B39F921FF891E10046C517A930E60EFED717DC33F1857E50,IMPHASH=A49478069FECE515641415AA10A41618","Signature":"Microsoft Windows","ProviderGuid":"{5770385f-c22a-43e0-bf4c-06f5698ffbd9}","Company":"Microsoft Corporation","UtcTime":"2020-10-23 06:36:44.468","ProcessGuid":"{39e4a257-79fb-5f92-7217-000000000700}","Image":"C:\\Windows\\System32\\svchost.exe","ImageLoaded":"C:\\Windows\\System32\\mpr.dll","Level":"4","Channel":"Microsoft-Windows-Sysmon/Operational","Task":"7","RuleName":"-","FileVersion":"10.0.18362.1 (WinBuild.160101.0800)","SourceName":"Microsoft-Windows-Sysmon","Hostname":"WORKSTATION5","ProcessId":"4696","Description":"Multiple Provider Router DLL","SignatureStatus":"Valid","Product":"Microsoft Windows Operating System","EventID":7,"Keywords":"0x8000000000000000","Signed":"true","OriginalFileName":"mpr.dll","Message":"Image loaded:\r\nRuleName: -\r\nUtcTime: 2020-10-23 06:36:44.468\r\nProcessGuid: {39e4a257-79fb-5f92-7217-000000000700}\r\nProcessId: 4696\r\nImage: C:\\Windows\\System32\\svchost.exe\r\nImageLoaded: C:\\Windows\\System32\\mpr.dll\r\nFileVersion: 10.0.18362.1 (WinBuild.160101.0800)\r\nDescription: Multiple Provider Router DLL\r\nProduct: Microsoft Windows Operating System\r\nCompany: Microsoft Corporation\r\nOriginalFileName: mpr.dll\r\nHashes: SHA1=48DA5041305C0597E39338E97F10B18C4DF84075,MD5=7CE9D034ED633FF213BABC432DEFFC9E,SHA256=14B0BE646D4B5137B39F921FF891E10046C517A930E60EFED717DC33F1857E50,IMPHASH=A49478069FECE515641415AA10A41618\r\nSigned: true\r\nSignature: Microsoft Windows\r\nSignatureStatus: Valid"}
{"@timestamp":"2020-10-23T02:36:44.500Z","TimeCreated":"2020-10-23T02:36:44.500Z","ProviderGuid":"{5770385f-c22a-43e0-bf4c-06f5698ffbd9}","UtcTime":"2020-10-23 06:36:44.499","ProcessGuid":"{39e4a257-79fb-5f92-7217-000000000700}","Image":"C:\\windows\\System32\\svchost.exe","Level":"4","Channel":"Microsoft-Windows-Sysmon/Operational","Task":"12","RuleName":"-","SourceName":"Microsoft-Windows-Sysmon","Hostname":"WORKSTATION5","ProcessId":"4696","EventType":"CreateKey","EventID":12,"Keywords":"0x8000000000000000","TargetObject":"HKLM\\SOFTWARE\\Microsoft\\Windows\\CurrentVersion\\Internet Settings\\Connections","Message":"Registry object added or deleted:\r\nRuleName: -\r\nEventType: CreateKey\r\nUtcTime: 2020-10-23 06:36:44.499\r\nProcessGuid: {39e4a257-79fb-5f92-7217-000000000700}\r\nProcessId: 4696\r\nImage: C:\\windows\\System32\\svchost.exe\r\nTargetObject: HKLM\\SOFTWARE\\Microsoft\\Windows\\CurrentVersion\\Internet Settings\\Connections"}
{"@timestamp":"2020-10-23T02:36:44.500Z","TimeCreated":"2020-10-23T02:36:44.500Z","IsExecutable":"false","Archived":"true","Hashes":"SHA1=DA39A3EE5E6B4B0D3255BFEF95601890AFD80709,MD5=D41D8CD98F00B204E9800998ECF8427E,SHA256=E3B0C44298FC1C149AFBF4C8996FB92427AE41E4649B934CA495991B7852B855,IMPHASH=00000000000000000000000000000000","ProviderGuid":"{5770385f-c22a-43e0-bf4c-06f5698ffbd9}","TargetFilename":"C:\\Users\\wardog\\AppData\\Local\\Temp\\BIT9584.tmp","Image":"C:\\windows\\System32\\svchost.exe","UtcTime":"2020-10-23 06:36:44.499","ProcessGuid":"{39e4a257-79fb-5f92-7217-000000000700}","User":"NT AUTHORITY\\SYSTEM","Level":"4","Channel":"Microsoft-Windows-Sysmon/Operational","Task":"23","RuleName":"-","SourceName":"Microsoft-Windows-Sysmon","Hostname":"WORKSTATION5","ProcessId":"4696","EventID":23,"Keywords":"0x8000000000000000","Message":"File Delete:\r\nRuleName: -\r\nUtcTime: 2020-10-23 06:36:44.499\r\nProcessGuid: {39e4a257-79fb-5f92-7217-000000000700}\r\nProcessId: 4696\r\nUser: NT AUTHORITY\\SYSTEM\r\nImage: C:\\windows\\System32\\svchost.exe\r\nTargetFilename: C:\\Users\\wardog\\AppData\\Local\\Temp\\BIT9584.tmp\r\nHashes: SHA1=DA39A3EE5E6B4B0D3255BFEF95601890AFD80709,MD5=D41D8CD98F00B204E9800998ECF8427E,SHA256=E3B0C44298FC1C149AFBF4C8996FB92427AE41E4649B934CA495991B7852B855,IMPHASH=00000000000000000000000000000000\r\nIsExecutable: false\r\nArchived: true"}
{"@timestamp":"2020-10-23T02:36:44.501Z","TimeCreated":"2020-10-23T02:36:44.501Z","ProviderGuid":"{5770385f-c22a-43e0-bf4c-06f5698ffbd9}","TargetFilename":"C:\\Users\\wardog\\AppData\\Local\\Temp\\BIT9584.tmp","UtcTime":"2020-10-23 06:36:44.499","ProcessGuid":"{39e4a257-79fb-5f92-7217-000000000700}","Image":"C:\\windows\\System32\\svchost.exe","CreationUtcTime":"2020-10-23 06:36:44.499","Level":"4","Channel":"Microsoft-Windows-Sysmon/Operational","Task":"11","RuleName":"-","SourceName":"Microsoft-Windows-Sysmon","Hostname":"WORKSTATION5","ProcessId":"4696","EventID":11,"Keywords":"0x8000000000000000","Message":"File created:\r\nRuleName: -\r\nUtcTime: 2020-10-23 06:36:44.499\r\nProcessGuid: {39e4a257-79fb-5f92-7217-000000000700}\r\nProcessId: 4696\r\nImage: C:\\windows\\System32\\svchost.exe\r\nTargetFilename: C:\\Users\\wardog\\AppData\\Local\\Temp\\BIT9584.tmp\r\nCreationUtcTime: 2020-10-23 06:36:44.499"}
{"@timestamp":"2020-10-23T02:36:44.621Z","TimeCreated":"2020-10-23T02:36:44.621Z","Hashes":"SHA1=C7BA959197D19EC7C8F7707B0D8BBE77E80A9DBE,MD5=D3BAA65CBCA982E5835AE33C2C7513E9,SHA256=56D18A442AD599B04C29D98AB9E2A1983959FB74AB27D4392667A975310754E8,IMPHASH=C908A257ACFAF3BDE15426EE5244D1EB","Signature":"Microsoft Windows","ProviderGuid":"{5770385f-c22a-43e0-bf4c-06f5698ffbd9}","Company":"Microsoft Corporation","UtcTime":"2020-10-23 06:36:44.608","ProcessGuid":"{39e4a257-79fb-5f92-7117-000000000700}","Image":"C:\\Windows\\System32\\bitsadmin.exe","ImageLoaded":"C:\\Windows\\System32\\ole32.dll","Level":"4","Channel":"Microsoft-Windows-Sysmon/Operational","Task":"7","RuleName":"-","FileVersion":"10.0.18362.1082 (WinBuild.160101.0800)","SourceName":"Microsoft-Windows-Sysmon","Hostname":"WORKSTATION5","ProcessId":"9260","Description":"Microsoft OLE for Windows","SignatureStatus":"Valid","Product":"Microsoft Windows Operating System","EventID":7,"Keywords":"0x8000000000000000","Signed":"true","OriginalFileName":"OLE32.DLL","Message":"Image loaded:\r\nRuleName: -\r\nUtcTime: 2020-10-23 06:36:44.608\r\nProcessGuid: {39e4a257-79fb-5f92-7117-000000000700}\r\nProcessId: 9260\r\nImage: C:\\Windows\\System32\\bitsadmin.exe\r\nImageLoaded: C:\\Windows\\System32\\ole32.dll\r\nFileVersion: 10.0.18362.1082 (WinBuild.160101.0800)\r\nDescription: Microsoft OLE for Windows\r\nProduct: Microsoft Windows Operating System\r\nCompany: Microsoft Corporation\r\nOriginalFileName: OLE32.DLL\r\nHashes: SHA1=C7BA959197D19EC7C8F7707B0D8BBE77E80A9DBE,MD5=D3BAA65CBCA982E5835AE33C2C7513E9,SHA256=56D18A442AD599B04C29D98AB9E2A1983959FB74AB27D4392667A975310754E8,IMPHASH=C908A257ACFAF3BDE15426EE5244D1EB\r\nSigned: true\r\nSignature: Microsoft Windows\r\nSignatureStatus: Valid"}
{"@timestamp":"2020-10-23T02:36:44.622Z","TimeCreated":"2020-10-23T02:36:44.622Z","Hashes":"SHA1=35C61DDE6F8F4ED05F9C4837E2B91C886CA79F82,MD5=EA4F6E7961B4A402F6F5EC33C655260A,SHA256=5E2D103E7E1FD7CA0492E541F082D274EF6259AF2158A3562986C796C5C869DD,IMPHASH=8EEA175C33205685FB8A14876D7564DB","Signature":"Microsoft Windows","ProviderGuid":"{5770385f-c22a-43e0-bf4c-06f5698ffbd9}","Company":"Microsoft Corporation","UtcTime":"2020-10-23 06:36:44.608","ProcessGuid":"{39e4a257-79fb-5f92-7117-000000000700}","Image":"C:\\Windows\\System32\\bitsadmin.exe","ImageLoaded":"C:\\Windows\\System32\\advapi32.dll","Level":"4","Channel":"Microsoft-Windows-Sysmon/Operational","Task":"7","RuleName":"-","FileVersion":"10.0.18362.752 (WinBuild.160101.0800)","SourceName":"Microsoft-Windows-Sysmon","Hostname":"WORKSTATION5","ProcessId":"9260","Description":"Advanced Windows 32 Base API","SignatureStatus":"Valid","Product":"Microsoft Windows Operating System","EventID":7,"Keywords":"0x8000000000000000","Signed":"true","OriginalFileName":"advapi32.dll","Message":"Image loaded:\r\nRuleName: -\r\nUtcTime: 2020-10-23 06:36:44.608\r\nProcessGuid: {39e4a257-79fb-5f92-7117-000000000700}\r\nProcessId: 9260\r\nImage: C:\\Windows\\System32\\bitsadmin.exe\r\nImageLoaded: C:\\Windows\\System32\\advapi32.dll\r\nFileVersion: 10.0.18362.752 (WinBuild.160101.0800)\r\nDescription: Advanced Windows 32 Base API\r\nProduct: Microsoft Windows Operating System\r\nCompany: Microsoft Corporation\r\nOriginalFileName: advapi32.dll\r\nHashes: SHA1=35C61DDE6F8F4ED05F9C4837E2B91C886CA79F82,MD5=EA4F6E7961B4A402F6F5EC33C655260A,SHA256=5E2D103E7E1FD7CA0492E541F082D274EF6259AF2158A3562986C796C5C869DD,IMPHASH=8EEA175C33205685FB8A14876D7564DB\r\nSigned: true\r\nSignature: Microsoft Windows\r\nSignatureStatus: Valid"}
{"@timestamp":"2020-10-23T02:36:44.624Z","TimeCreated":"2020-10-23T02:36:44.624Z","ProviderGuid":"{5770385f-c22a-43e0-bf4c-06f5698ffbd9}","UtcTime":"2020-10-23 06:36:44.608","ProcessGuid":"{39e4a257-79fb-5f92-7117-000000000700}","Image":"C:\\Windows\\System32\\bitsadmin.exe","Level":"4","Channel":"Microsoft-Windows-Sysmon/Operational","Task":"5","RuleName":"-","SourceName":"Microsoft-Windows-Sysmon","Hostname":"WORKSTATION5","ProcessId":"9260","EventID":5,"Keywords":"0x8000000000000000","Message":"Process terminated:\r\nRuleName: -\r\nUtcTime: 2020-10-23 06:36:44.608\r\nProcessGuid: {39e4a257-79fb-5f92-7117-000000000700}\r\nProcessId: 9260\r\nImage: C:\\Windows\\System32\\bitsadmin.exe"}
{"@timestamp":"2020-10-23T02:36:44.626Z","TimeCreated":"2020-10-23T02:36:44.626Z","ProviderGuid":"{5770385f-c22a-43e0-bf4c-06f5698ffbd9}","TargetFilename":"C:\\Windows\\Prefetch\\BITSADMIN.EXE-71339457.pf","UtcTime":"2020-10-23 06:36:44.624","ProcessGuid":"{39e4a257-f133-5f8b-3100-000000000700}","Image":"C:\\windows\\system32\\svchost.exe","CreationUtcTime":"2020-10-23 06:36:44.624","Level":"4","Channel":"Microsoft-Windows-Sysmon/Operational","Task":"11","RuleName":"-","SourceName":"Microsoft-Windows-Sysmon","Hostname":"WORKSTATION5","ProcessId":"1556","EventID":11,"Keywords":"0x8000000000000000","Message":"File created:\r\nRuleName: -\r\nUtcTime: 2020-10-23 06:36:44.624\r\nProcessGuid: {39e4a257-f133-5f8b-3100-000000000700}\r\nProcessId: 1556\r\nImage: C:\\windows\\system32\\svchost.exe\r\nTargetFilename: C:\\Windows\\Prefetch\\BITSADMIN.EXE-71339457.pf\r\nCreationUtcTime: 2020-10-23 06:36:44.624"}
{"Keywords":"0x8000000000000000","Task":"3","RuleName":"-","SourceIsIpv6":"false","Protocol":"udp","DestinationIp":"239.255.255.250","SourceHostname":"-","Initiated":"true","SourcePort":"61628","User":"NT AUTHORITY\\LOCAL SERVICE","SourceName":"Microsoft-Windows-Sysmon","ProcessGuid":"{39e4a257-f13e-5f8b-6700-000000000700}","UtcTime":"2020-10-23 06:36:42.306","SourcePortName":"-","SourceIp":"192.168.2.5","DestinationPort":"1900","ProcessId":"4584","TimeCreated":"2020-10-23T02:36:44.780Z","@timestamp":"2020-10-23T02:36:44.780Z","DestinationHostname":"-","Level":"4","Image":"C:\\Windows\\System32\\svchost.exe","Hostname":"WORKSTATION5","DestinationPortName":"-","Channel":"Microsoft-Windows-Sysmon/Operational","DestinationIsIpv6":"false","EventID":3,"ProviderGuid":"{5770385f-c22a-43e0-bf4c-06f5698ffbd9}","Message":"Network connection detected:\r\nRuleName: -\r\nUtcTime: 2020-10-23 06:36:42.306\r\nProcessGuid: {39e4a257-f13e-5f8b-6700-000000000700}\r\nProcessId: 4584\r\nImage: C:\\Windows\\System32\\svchost.exe\r\nUser: NT AUTHORITY\\LOCAL SERVICE\r\nProtocol: udp\r\nInitiated: true\r\nSourceIsIpv6: false\r\nSourceIp: 192.168.2.5\r\nSourceHostname: -\r\nSourcePort: 61628\r\nSourcePortName: -\r\nDestinationIsIpv6: false\r\nDestinationIp: 239.255.255.250\r\nDestinationHostname: -\r\nDestinationPort: 1900\r\nDestinationPortName: -"}
{"Keywords":"0x8000000000000000","Task":"3","RuleName":"-","SourceIsIpv6":"false","Protocol":"udp","DestinationIp":"239.255.255.250","SourceHostname":"-","Initiated":"true","SourcePort":"61629","User":"NT AUTHORITY\\LOCAL SERVICE","SourceName":"Microsoft-Windows-Sysmon","ProcessGuid":"{39e4a257-f13e-5f8b-6700-000000000700}","UtcTime":"2020-10-23 06:36:42.306","SourcePortName":"-","SourceIp":"127.0.0.1","DestinationPort":"1900","ProcessId":"4584","TimeCreated":"2020-10-23T02:36:44.780Z","@timestamp":"2020-10-23T02:36:44.780Z","DestinationHostname":"-","Level":"4","Image":"C:\\Windows\\System32\\svchost.exe","Hostname":"WORKSTATION5","DestinationPortName":"-","Channel":"Microsoft-Windows-Sysmon/Operational","DestinationIsIpv6":"false","EventID":3,"ProviderGuid":"{5770385f-c22a-43e0-bf4c-06f5698ffbd9}","Message":"Network connection detected:\r\nRuleName: -\r\nUtcTime: 2020-10-23 06:36:42.306\r\nProcessGuid: {39e4a257-f13e-5f8b-6700-000000000700}\r\nProcessId: 4584\r\nImage: C:\\Windows\\System32\\svchost.exe\r\nUser: NT AUTHORITY\\LOCAL SERVICE\r\nProtocol: udp\r\nInitiated: true\r\nSourceIsIpv6: false\r\nSourceIp: 127.0.0.1\r\nSourceHostname: -\r\nSourcePort: 61629\r\nSourcePortName: -\r\nDestinationIsIpv6: false\r\nDestinationIp: 239.255.255.250\r\nDestinationHostname: -\r\nDestinationPort: 1900\r\nDestinationPortName: -"}
{"Keywords":"0x8000000000000000","Task":"3","RuleName":"-","SourceIsIpv6":"false","Protocol":"udp","DestinationIp":"127.0.0.1","SourceHostname":"-","Initiated":"false","SourcePort":"1900","User":"NT AUTHORITY\\LOCAL SERVICE","SourceName":"Microsoft-Windows-Sysmon","ProcessGuid":"{39e4a257-f13e-5f8b-6700-000000000700}","UtcTime":"2020-10-23 06:36:42.306","SourcePortName":"-","SourceIp":"239.255.255.250","DestinationPort":"61629","ProcessId":"4584","TimeCreated":"2020-10-23T02:36:44.780Z","@timestamp":"2020-10-23T02:36:44.780Z","DestinationHostname":"-","Level":"4","Image":"C:\\Windows\\System32\\svchost.exe","Hostname":"WORKSTATION5","DestinationPortName":"-","Channel":"Microsoft-Windows-Sysmon/Operational","DestinationIsIpv6":"false","EventID":3,"ProviderGuid":"{5770385f-c22a-43e0-bf4c-06f5698ffbd9}","Message":"Network connection detected:\r\nRuleName: -\r\nUtcTime: 2020-10-23 06:36:42.306\r\nProcessGuid: {39e4a257-f13e-5f8b-6700-000000000700}\r\nProcessId: 4584\r\nImage: C:\\Windows\\System32\\svchost.exe\r\nUser: NT AUTHORITY\\LOCAL SERVICE\r\nProtocol: udp\r\nInitiated: false\r\nSourceIsIpv6: false\r\nSourceIp: 239.255.255.250\r\nSourceHostname: -\r\nSourcePort: 1900\r\nSourcePortName: -\r\nDestinationIsIpv6: false\r\nDestinationIp: 127.0.0.1\r\nDestinationHostname: -\r\nDestinationPort: 61629\r\nDestinationPortName: -"}
{"@timestamp":"2020-10-23T02:36:44.970Z","TimeCreated":"2020-10-23T02:36:44.970Z","QueryName":"localhost","ProviderGuid":"{5770385f-c22a-43e0-bf4c-06f5698ffbd9}","UtcTime":"2020-10-23 06:36:42.509","ProcessGuid":"{39e4a257-79fb-5f92-7217-000000000700}","Image":"C:\\windows\\System32\\svchost.exe","Level":"4","Channel":"Microsoft-Windows-Sysmon/Operational","Task":"22","RuleName":"-","QueryStatus":"0","SourceName":"Microsoft-Windows-Sysmon","Hostname":"WORKSTATION5","QueryResults":"::1;::ffff:127.0.0.1;","ProcessId":"4696","EventID":22,"Keywords":"0x8000000000000000","Message":"Dns query:\r\nRuleName: -\r\nUtcTime: 2020-10-23 06:36:42.509\r\nProcessGuid: {39e4a257-79fb-5f92-7217-000000000700}\r\nProcessId: 4696\r\nQueryName: localhost\r\nQueryStatus: 0\r\nQueryResults: ::1;::ffff:127.0.0.1;\r\nImage: C:\\windows\\System32\\svchost.exe"}
{"@timestamp":"2020-10-23T02:36:44.971Z","TimeCreated":"2020-10-23T02:36:44.971Z","QueryName":"localhost","ProviderGuid":"{5770385f-c22a-43e0-bf4c-06f5698ffbd9}","UtcTime":"2020-10-23 06:36:42.740","ProcessGuid":"{39e4a257-79fb-5f92-7217-000000000700}","Image":"C:\\windows\\System32\\svchost.exe","Level":"4","Channel":"Microsoft-Windows-Sysmon/Operational","Task":"22","RuleName":"-","QueryStatus":"0","SourceName":"Microsoft-Windows-Sysmon","Hostname":"WORKSTATION5","QueryResults":"::1;::ffff:127.0.0.1;","ProcessId":"4696","EventID":22,"Keywords":"0x8000000000000000","Message":"Dns query:\r\nRuleName: -\r\nUtcTime: 2020-10-23 06:36:42.740\r\nProcessGuid: {39e4a257-79fb-5f92-7217-000000000700}\r\nProcessId: 4696\r\nQueryName: localhost\r\nQueryStatus: 0\r\nQueryResults: ::1;::ffff:127.0.0.1;\r\nImage: C:\\windows\\System32\\svchost.exe"}
{"Keywords":"0x8000000000000000","Task":"3","RuleName":"-","SourceIsIpv6":"true","Protocol":"tcp","DestinationIp":"0:0:0:0:0:0:0:1","SourceHostname":"-","Initiated":"true","SourcePort":"61089","User":"NT AUTHORITY\\SYSTEM","SourceName":"Microsoft-Windows-Sysmon","ProcessGuid":"{39e4a257-79fb-5f92-7217-000000000700}","UtcTime":"2020-10-23 06:36:42.509","SourcePortName":"-","SourceIp":"0:0:0:0:0:0:0:1","DestinationPort":"5985","ProcessId":"4696","TimeCreated":"2020-10-23T02:36:45.048Z","@timestamp":"2020-10-23T02:36:45.048Z","DestinationHostname":"-","Level":"4","Image":"C:\\windows\\System32\\svchost.exe","Hostname":"WORKSTATION5","DestinationPortName":"-","Channel":"Microsoft-Windows-Sysmon/Operational","DestinationIsIpv6":"true","EventID":3,"ProviderGuid":"{5770385f-c22a-43e0-bf4c-06f5698ffbd9}","Message":"Network connection detected:\r\nRuleName: -\r\nUtcTime: 2020-10-23 06:36:42.509\r\nProcessGuid: {39e4a257-79fb-5f92-7217-000000000700}\r\nProcessId: 4696\r\nImage: C:\\windows\\System32\\svchost.exe\r\nUser: NT AUTHORITY\\SYSTEM\r\nProtocol: tcp\r\nInitiated: true\r\nSourceIsIpv6: true\r\nSourceIp: 0:0:0:0:0:0:0:1\r\nSourceHostname: -\r\nSourcePort: 61089\r\nSourcePortName: -\r\nDestinationIsIpv6: true\r\nDestinationIp: 0:0:0:0:0:0:0:1\r\nDestinationHostname: -\r\nDestinationPort: 5985\r\nDestinationPortName: -"}
{"Keywords":"0x8000000000000000","Task":"3","RuleName":"-","SourceIsIpv6":"true","Protocol":"tcp","DestinationIp":"0:0:0:0:0:0:0:1","SourceHostname":"-","Initiated":"false","SourcePort":"61089","User":"NT AUTHORITY\\SYSTEM","SourceName":"Microsoft-Windows-Sysmon","ProcessGuid":"{39e4a257-f121-5f8b-0100-000000000700}","UtcTime":"2020-10-23 06:36:42.509","SourcePortName":"-","SourceIp":"0:0:0:0:0:0:0:1","DestinationPort":"5985","ProcessId":"4","TimeCreated":"2020-10-23T02:36:45.048Z","@timestamp":"2020-10-23T02:36:45.048Z","DestinationHostname":"-","Level":"4","Image":"System","Hostname":"WORKSTATION5","DestinationPortName":"-","Channel":"Microsoft-Windows-Sysmon/Operational","DestinationIsIpv6":"true","EventID":3,"ProviderGuid":"{5770385f-c22a-43e0-bf4c-06f5698ffbd9}","Message":"Network connection detected:\r\nRuleName: -\r\nUtcTime: 2020-10-23 06:36:42.509\r\nProcessGuid: {39e4a257-f121-5f8b-0100-000000000700}\r\nProcessId: 4\r\nImage: System\r\nUser: NT AUTHORITY\\SYSTEM\r\nProtocol: tcp\r\nInitiated: false\r\nSourceIsIpv6: true\r\nSourceIp: 0:0:0:0:0:0:0:1\r\nSourceHostname: -\r\nSourcePort: 61089\r\nSourcePortName: -\r\nDestinationIsIpv6: true\r\nDestinationIp: 0:0:0:0:0:0:0:1\r\nDestinationHostname: -\r\nDestinationPort: 5985\r\nDestinationPortName: -"}
{"Keywords":"0x8000000000000000","Task":"3","RuleName":"-","SourceIsIpv6":"true","Protocol":"tcp","DestinationIp":"0:0:0:0:0:0:0:1","SourceHostname":"-","Initiated":"true","SourcePort":"61090","User":"NT AUTHORITY\\SYSTEM","SourceName":"Microsoft-Windows-Sysmon","ProcessGuid":"{39e4a257-79fb-5f92-7217-000000000700}","UtcTime":"2020-10-23 06:36:42.735","SourcePortName":"-","SourceIp":"0:0:0:0:0:0:0:1","DestinationPort":"5985","ProcessId":"4696","TimeCreated":"2020-10-23T02:36:45.298Z","@timestamp":"2020-10-23T02:36:45.298Z","DestinationHostname":"-","Level":"4","Image":"C:\\windows\\System32\\svchost.exe","Hostname":"WORKSTATION5","DestinationPortName":"-","Channel":"Microsoft-Windows-Sysmon/Operational","DestinationIsIpv6":"true","EventID":3,"ProviderGuid":"{5770385f-c22a-43e0-bf4c-06f5698ffbd9}","Message":"Network connection detected:\r\nRuleName: -\r\nUtcTime: 2020-10-23 06:36:42.735\r\nProcessGuid: {39e4a257-79fb-5f92-7217-000000000700}\r\nProcessId: 4696\r\nImage: C:\\windows\\System32\\svchost.exe\r\nUser: NT AUTHORITY\\SYSTEM\r\nProtocol: tcp\r\nInitiated: true\r\nSourceIsIpv6: true\r\nSourceIp: 0:0:0:0:0:0:0:1\r\nSourceHostname: -\r\nSourcePort: 61090\r\nSourcePortName: -\r\nDestinationIsIpv6: true\r\nDestinationIp: 0:0:0:0:0:0:0:1\r\nDestinationHostname: -\r\nDestinationPort: 5985\r\nDestinationPortName: -"}
{"Keywords":"0x8000000000000000","Task":"3","RuleName":"-","SourceIsIpv6":"true","Protocol":"tcp","DestinationIp":"0:0:0:0:0:0:0:1","SourceHostname":"-","Initiated":"false","SourcePort":"61090","User":"NT AUTHORITY\\SYSTEM","SourceName":"Microsoft-Windows-Sysmon","ProcessGuid":"{39e4a257-f121-5f8b-0100-000000000700}","UtcTime":"2020-10-23 06:36:42.735","SourcePortName":"-","SourceIp":"0:0:0:0:0:0:0:1","DestinationPort":"5985","ProcessId":"4","TimeCreated":"2020-10-23T02:36:45.298Z","@timestamp":"2020-10-23T02:36:45.298Z","DestinationHostname":"-","Level":"4","Image":"System","Hostname":"WORKSTATION5","DestinationPortName":"-","Channel":"Microsoft-Windows-Sysmon/Operational","DestinationIsIpv6":"true","EventID":3,"ProviderGuid":"{5770385f-c22a-43e0-bf4c-06f5698ffbd9}","Message":"Network connection detected:\r\nRuleName: -\r\nUtcTime: 2020-10-23 06:36:42.735\r\nProcessGuid: {39e4a257-f121-5f8b-0100-000000000700}\r\nProcessId: 4\r\nImage: System\r\nUser: NT AUTHORITY\\SYSTEM\r\nProtocol: tcp\r\nInitiated: false\r\nSourceIsIpv6: true\r\nSourceIp: 0:0:0:0:0:0:0:1\r\nSourceHostname: -\r\nSourcePort: 61090\r\nSourcePortName: -\r\nDestinationIsIpv6: true\r\nDestinationIp: 0:0:0:0:0:0:0:1\r\nDestinationHostname: -\r\nDestinationPort: 5985\r\nDestinationPortName: -"}
{"GrantedAccess":"0x1000","@timestamp":"2020-10-23T02:36:45.328Z","TimeCreated":"2020-10-23T02:36:45.328Z","SourceThreadId":"1060","SourceImage":"C:\\windows\\system32\\svchost.exe","ProviderGuid":"{5770385f-c22a-43e0-bf4c-06f5698ffbd9}","CallTrace":"C:\\windows\\SYSTEM32\\ntdll.dll+9c584|C:\\windows\\SYSTEM32\\psmserviceexthost.dll+222a3|C:\\windows\\SYSTEM32\\psmserviceexthost.dll+37ea0|C:\\windows\\SYSTEM32\\psmserviceexthost.dll+37929|C:\\windows\\SYSTEM32\\psmserviceexthost.dll+686f8|C:\\windows\\SYSTEM32\\psmserviceexthost.dll+6e84a|C:\\windows\\SYSTEM32\\psmserviceexthost.dll+6f700|C:\\windows\\SYSTEM32\\psmserviceexthost.dll+34be4|C:\\windows\\SYSTEM32\\psmserviceexthost.dll+6f63e|C:\\windows\\SYSTEM32\\psmserviceexthost.dll+713b5|C:\\windows\\SYSTEM32\\psmserviceexthost.dll+50bda|C:\\windows\\SYSTEM32\\psmserviceexthost.dll+4500a|C:\\windows\\System32\\KERNEL32.DLL+17c24|C:\\windows\\SYSTEM32\\ntdll.dll+6cea1","UtcTime":"2020-10-23 06:36:45.327","TargetProcessGUID":"{39e4a257-f247-5f8b-d300-000000000700}","SourceProcessId":"944","Level":"4","Channel":"Microsoft-Windows-Sysmon/Operational","Task":"10","RuleName":"-","SourceName":"Microsoft-Windows-Sysmon","Hostname":"WORKSTATION5","SourceProcessGUID":"{39e4a257-f132-5f8b-1000-000000000700}","TargetProcessId":"4368","EventID":10,"Keywords":"0x8000000000000000","TargetImage":"C:\\Windows\\SystemApps\\InputApp_cw5n1h2txyewy\\WindowsInternal.ComposableShell.Experiences.TextInput.InputApp.exe","Message":"Process accessed:\r\nRuleName: -\r\nUtcTime: 2020-10-23 06:36:45.327\r\nSourceProcessGUID: {39e4a257-f132-5f8b-1000-000000000700}\r\nSourceProcessId: 944\r\nSourceThreadId: 1060\r\nSourceImage: C:\\windows\\system32\\svchost.exe\r\nTargetProcessGUID: {39e4a257-f247-5f8b-d300-000000000700}\r\nTargetProcessId: 4368\r\nTargetImage: C:\\Windows\\SystemApps\\InputApp_cw5n1h2txyewy\\WindowsInternal.ComposableShell.Experiences.TextInput.InputApp.exe\r\nGrantedAccess: 0x1000\r\nCallTrace: C:\\windows\\SYSTEM32\\ntdll.dll+9c584|C:\\windows\\SYSTEM32\\psmserviceexthost.dll+222a3|C:\\windows\\SYSTEM32\\psmserviceexthost.dll+37ea0|C:\\windows\\SYSTEM32\\psmserviceexthost.dll+37929|C:\\windows\\SYSTEM32\\psmserviceexthost.dll+686f8|C:\\windows\\SYSTEM32\\psmserviceexthost.dll+6e84a|C:\\windows\\SYSTEM32\\psmserviceexthost.dll+6f700|C:\\windows\\SYSTEM32\\psmserviceexthost.dll+34be4|C:\\windows\\SYSTEM32\\psmserviceexthost.dll+6f63e|C:\\windows\\SYSTEM32\\psmserviceexthost.dll+713b5|C:\\windows\\SYSTEM32\\psmserviceexthost.dll+50bda|C:\\windows\\SYSTEM32\\psmserviceexthost.dll+4500a|C:\\windows\\System32\\KERNEL32.DLL+17c24|C:\\windows\\SYSTEM32\\ntdll.dll+6cea1"}
{"GrantedAccess":"0x1000","@timestamp":"2020-10-23T02:36:45.328Z","TimeCreated":"2020-10-23T02:36:45.328Z","SourceThreadId":"1060","SourceImage":"C:\\windows\\system32\\svchost.exe","ProviderGuid":"{5770385f-c22a-43e0-bf4c-06f5698ffbd9}","CallTrace":"C:\\windows\\SYSTEM32\\ntdll.dll+9c584|C:\\windows\\SYSTEM32\\psmserviceexthost.dll+222a3|C:\\windows\\SYSTEM32\\psmserviceexthost.dll+37ea0|C:\\windows\\SYSTEM32\\psmserviceexthost.dll+37929|C:\\windows\\SYSTEM32\\psmserviceexthost.dll+686f8|C:\\windows\\SYSTEM32\\psmserviceexthost.dll+6e84a|C:\\windows\\SYSTEM32\\psmserviceexthost.dll+6f700|C:\\windows\\SYSTEM32\\psmserviceexthost.dll+34be4|C:\\windows\\SYSTEM32\\psmserviceexthost.dll+6f63e|C:\\windows\\SYSTEM32\\psmserviceexthost.dll+713b5|C:\\windows\\SYSTEM32\\psmserviceexthost.dll+50bda|C:\\windows\\SYSTEM32\\psmserviceexthost.dll+4500a|C:\\windows\\System32\\KERNEL32.DLL+17c24|C:\\windows\\SYSTEM32\\ntdll.dll+6cea1","UtcTime":"2020-10-23 06:36:45.327","TargetProcessGUID":"{39e4a257-79ef-5f92-7017-000000000700}","SourceProcessId":"944","Level":"4","Channel":"Microsoft-Windows-Sysmon/Operational","Task":"10","RuleName":"-","SourceName":"Microsoft-Windows-Sysmon","Hostname":"WORKSTATION5","SourceProcessGUID":"{39e4a257-f132-5f8b-1000-000000000700}","TargetProcessId":"1408","EventID":10,"Keywords":"0x8000000000000000","TargetImage":"C:\\windows\\system32\\backgroundTaskHost.exe","Message":"Process accessed:\r\nRuleName: -\r\nUtcTime: 2020-10-23 06:36:45.327\r\nSourceProcessGUID: {39e4a257-f132-5f8b-1000-000000000700}\r\nSourceProcessId: 944\r\nSourceThreadId: 1060\r\nSourceImage: C:\\windows\\system32\\svchost.exe\r\nTargetProcessGUID: {39e4a257-79ef-5f92-7017-000000000700}\r\nTargetProcessId: 1408\r\nTargetImage: C:\\windows\\system32\\backgroundTaskHost.exe\r\nGrantedAccess: 0x1000\r\nCallTrace: C:\\windows\\SYSTEM32\\ntdll.dll+9c584|C:\\windows\\SYSTEM32\\psmserviceexthost.dll+222a3|C:\\windows\\SYSTEM32\\psmserviceexthost.dll+37ea0|C:\\windows\\SYSTEM32\\psmserviceexthost.dll+37929|C:\\windows\\SYSTEM32\\psmserviceexthost.dll+686f8|C:\\windows\\SYSTEM32\\psmserviceexthost.dll+6e84a|C:\\windows\\SYSTEM32\\psmserviceexthost.dll+6f700|C:\\windows\\SYSTEM32\\psmserviceexthost.dll+34be4|C:\\windows\\SYSTEM32\\psmserviceexthost.dll+6f63e|C:\\windows\\SYSTEM32\\psmserviceexthost.dll+713b5|C:\\windows\\SYSTEM32\\psmserviceexthost.dll+50bda|C:\\windows\\SYSTEM32\\psmserviceexthost.dll+4500a|C:\\windows\\System32\\KERNEL32.DLL+17c24|C:\\windows\\SYSTEM32\\ntdll.dll+6cea1"}
{"@timestamp":"2020-10-23T02:36:45.390Z","TimeCreated":"2020-10-23T02:36:45.390Z","ProviderGuid":"{5770385f-c22a-43e0-bf4c-06f5698ffbd9}","UtcTime":"2020-10-23 06:36:45.390","ProcessGuid":"{39e4a257-f1b3-5f8b-a700-000000000700}","Image":"C:\\windows\\Explorer.EXE","Level":"4","Channel":"Microsoft-Windows-Sysmon/Operational","Task":"13","RuleName":"-","SourceName":"Microsoft-Windows-Sysmon","Hostname":"WORKSTATION5","Details":"Binary Data","ProcessId":"1072","EventType":"SetValue","EventID":13,"Keywords":"0x8000000000000000","TargetObject":"HKU\\S-1-5-21-3940915590-64593676-1414006259-500\\Software\\Microsoft\\Windows\\CurrentVersion\\Explorer\\UserAssist\\{CEBFF5CD-ACE2-4F4F-9178-9926F41749EA}\\Count\\{1NP14R77-02R7-4R5Q-O744-2RO1NR5198O7}\\pzq.rkr","Message":"Registry value set:\r\nRuleName: -\r\nEventType: SetValue\r\nUtcTime: 2020-10-23 06:36:45.390\r\nProcessGuid: {39e4a257-f1b3-5f8b-a700-000000000700}\r\nProcessId: 1072\r\nImage: C:\\windows\\Explorer.EXE\r\nTargetObject: HKU\\S-1-5-21-3940915590-64593676-1414006259-500\\Software\\Microsoft\\Windows\\CurrentVersion\\Explorer\\UserAssist\\{CEBFF5CD-ACE2-4F4F-9178-9926F41749EA}\\Count\\{1NP14R77-02R7-4R5Q-O744-2RO1NR5198O7}\\pzq.rkr\r\nDetails: Binary Data"}
{"@timestamp":"2020-10-23T02:36:45.390Z","TimeCreated":"2020-10-23T02:36:45.390Z","ProviderGuid":"{5770385f-c22a-43e0-bf4c-06f5698ffbd9}","UtcTime":"2020-10-23 06:36:45.390","ProcessGuid":"{39e4a257-f1b3-5f8b-a700-000000000700}","Image":"C:\\windows\\Explorer.EXE","Level":"4","Channel":"Microsoft-Windows-Sysmon/Operational","Task":"13","RuleName":"-","SourceName":"Microsoft-Windows-Sysmon","Hostname":"WORKSTATION5","Details":"Binary Data","ProcessId":"1072","EventType":"SetValue","EventID":13,"Keywords":"0x8000000000000000","TargetObject":"HKU\\S-1-5-21-3940915590-64593676-1414006259-500\\Software\\Microsoft\\Windows\\CurrentVersion\\Explorer\\UserAssist\\{CEBFF5CD-ACE2-4F4F-9178-9926F41749EA}\\Count\\HRZR_PGYFRFFVBA","Message":"Registry value set:\r\nRuleName: -\r\nEventType: SetValue\r\nUtcTime: 2020-10-23 06:36:45.390\r\nProcessGuid: {39e4a257-f1b3-5f8b-a700-000000000700}\r\nProcessId: 1072\r\nImage: C:\\windows\\Explorer.EXE\r\nTargetObject: HKU\\S-1-5-21-3940915590-64593676-1414006259-500\\Software\\Microsoft\\Windows\\CurrentVersion\\Explorer\\UserAssist\\{CEBFF5CD-ACE2-4F4F-9178-9926F41749EA}\\Count\\HRZR_PGYFRFFVBA\r\nDetails: Binary Data"}
{"@timestamp":"2020-10-23T02:36:45.970Z","TimeCreated":"2020-10-23T02:36:45.970Z","QueryName":"raw.githubusercontent.com","ProviderGuid":"{5770385f-c22a-43e0-bf4c-06f5698ffbd9}","UtcTime":"2020-10-23 06:36:42.882","ProcessGuid":"{39e4a257-79fb-5f92-7217-000000000700}","Image":"C:\\windows\\System32\\svchost.exe","Level":"4","Channel":"Microsoft-Windows-Sysmon/Operational","Task":"22","RuleName":"-","QueryStatus":"0","SourceName":"Microsoft-Windows-Sysmon","Hostname":"WORKSTATION5","QueryResults":"type:  5 github.map.fastly.net;::ffff:151.101.208.133;","ProcessId":"4696","EventID":22,"Keywords":"0x8000000000000000","Message":"Dns query:\r\nRuleName: -\r\nUtcTime: 2020-10-23 06:36:42.882\r\nProcessGuid: {39e4a257-79fb-5f92-7217-000000000700}\r\nProcessId: 4696\r\nQueryName: raw.githubusercontent.com\r\nQueryStatus: 0\r\nQueryResults: type:  5 github.map.fastly.net;::ffff:151.101.208.133;\r\nImage: C:\\windows\\System32\\svchost.exe"}
{"GrantedAccess":"0x1000","@timestamp":"2020-10-23T02:36:46.342Z","TimeCreated":"2020-10-23T02:36:46.342Z","SourceThreadId":"1060","SourceImage":"C:\\windows\\system32\\svchost.exe","ProviderGuid":"{5770385f-c22a-43e0-bf4c-06f5698ffbd9}","CallTrace":"C:\\windows\\SYSTEM32\\ntdll.dll+9c584|C:\\windows\\SYSTEM32\\psmserviceexthost.dll+222a3|C:\\windows\\SYSTEM32\\psmserviceexthost.dll+37ea0|C:\\windows\\SYSTEM32\\psmserviceexthost.dll+37929|C:\\windows\\SYSTEM32\\psmserviceexthost.dll+686f8|C:\\windows\\SYSTEM32\\psmserviceexthost.dll+6e84a|C:\\windows\\SYSTEM32\\psmserviceexthost.dll+6f700|C:\\windows\\SYSTEM32\\psmserviceexthost.dll+34be4|C:\\windows\\SYSTEM32\\psmserviceexthost.dll+6f63e|C:\\windows\\SYSTEM32\\psmserviceexthost.dll+713b5|C:\\windows\\SYSTEM32\\psmserviceexthost.dll+50bda|C:\\windows\\SYSTEM32\\psmserviceexthost.dll+4500a|C:\\windows\\System32\\KERNEL32.DLL+17c24|C:\\windows\\SYSTEM32\\ntdll.dll+6cea1","UtcTime":"2020-10-23 06:36:46.342","TargetProcessGUID":"{39e4a257-f247-5f8b-d300-000000000700}","SourceProcessId":"944","Level":"4","Channel":"Microsoft-Windows-Sysmon/Operational","Task":"10","RuleName":"-","SourceName":"Microsoft-Windows-Sysmon","Hostname":"WORKSTATION5","SourceProcessGUID":"{39e4a257-f132-5f8b-1000-000000000700}","TargetProcessId":"4368","EventID":10,"Keywords":"0x8000000000000000","TargetImage":"C:\\Windows\\SystemApps\\InputApp_cw5n1h2txyewy\\WindowsInternal.ComposableShell.Experiences.TextInput.InputApp.exe","Message":"Process accessed:\r\nRuleName: -\r\nUtcTime: 2020-10-23 06:36:46.342\r\nSourceProcessGUID: {39e4a257-f132-5f8b-1000-000000000700}\r\nSourceProcessId: 944\r\nSourceThreadId: 1060\r\nSourceImage: C:\\windows\\system32\\svchost.exe\r\nTargetProcessGUID: {39e4a257-f247-5f8b-d300-000000000700}\r\nTargetProcessId: 4368\r\nTargetImage: C:\\Windows\\SystemApps\\InputApp_cw5n1h2txyewy\\WindowsInternal.ComposableShell.Experiences.TextInput.InputApp.exe\r\nGrantedAccess: 0x1000\r\nCallTrace: C:\\windows\\SYSTEM32\\ntdll.dll+9c584|C:\\windows\\SYSTEM32\\psmserviceexthost.dll+222a3|C:\\windows\\SYSTEM32\\psmserviceexthost.dll+37ea0|C:\\windows\\SYSTEM32\\psmserviceexthost.dll+37929|C:\\windows\\SYSTEM32\\psmserviceexthost.dll+686f8|C:\\windows\\SYSTEM32\\psmserviceexthost.dll+6e84a|C:\\windows\\SYSTEM32\\psmserviceexthost.dll+6f700|C:\\windows\\SYSTEM32\\psmserviceexthost.dll+34be4|C:\\windows\\SYSTEM32\\psmserviceexthost.dll+6f63e|C:\\windows\\SYSTEM32\\psmserviceexthost.dll+713b5|C:\\windows\\SYSTEM32\\psmserviceexthost.dll+50bda|C:\\windows\\SYSTEM32\\psmserviceexthost.dll+4500a|C:\\windows\\System32\\KERNEL32.DLL+17c24|C:\\windows\\SYSTEM32\\ntdll.dll+6cea1"}
{"GrantedAccess":"0x1000","@timestamp":"2020-10-23T02:36:46.343Z","TimeCreated":"2020-10-23T02:36:46.343Z","SourceThreadId":"1060","SourceImage":"C:\\windows\\system32\\svchost.exe","ProviderGuid":"{5770385f-c22a-43e0-bf4c-06f5698ffbd9}","CallTrace":"C:\\windows\\SYSTEM32\\ntdll.dll+9c584|C:\\windows\\SYSTEM32\\psmserviceexthost.dll+222a3|C:\\windows\\SYSTEM32\\psmserviceexthost.dll+37ea0|C:\\windows\\SYSTEM32\\psmserviceexthost.dll+37929|C:\\windows\\SYSTEM32\\psmserviceexthost.dll+686f8|C:\\windows\\SYSTEM32\\psmserviceexthost.dll+6e84a|C:\\windows\\SYSTEM32\\psmserviceexthost.dll+6f700|C:\\windows\\SYSTEM32\\psmserviceexthost.dll+34be4|C:\\windows\\SYSTEM32\\psmserviceexthost.dll+6f63e|C:\\windows\\SYSTEM32\\psmserviceexthost.dll+713b5|C:\\windows\\SYSTEM32\\psmserviceexthost.dll+50bda|C:\\windows\\SYSTEM32\\psmserviceexthost.dll+4500a|C:\\windows\\System32\\KERNEL32.DLL+17c24|C:\\windows\\SYSTEM32\\ntdll.dll+6cea1","UtcTime":"2020-10-23 06:36:46.342","TargetProcessGUID":"{39e4a257-79ef-5f92-7017-000000000700}","SourceProcessId":"944","Level":"4","Channel":"Microsoft-Windows-Sysmon/Operational","Task":"10","RuleName":"-","SourceName":"Microsoft-Windows-Sysmon","Hostname":"WORKSTATION5","SourceProcessGUID":"{39e4a257-f132-5f8b-1000-000000000700}","TargetProcessId":"1408","EventID":10,"Keywords":"0x8000000000000000","TargetImage":"C:\\windows\\system32\\backgroundTaskHost.exe","Message":"Process accessed:\r\nRuleName: -\r\nUtcTime: 2020-10-23 06:36:46.342\r\nSourceProcessGUID: {39e4a257-f132-5f8b-1000-000000000700}\r\nSourceProcessId: 944\r\nSourceThreadId: 1060\r\nSourceImage: C:\\windows\\system32\\svchost.exe\r\nTargetProcessGUID: {39e4a257-79ef-5f92-7017-000000000700}\r\nTargetProcessId: 1408\r\nTargetImage: C:\\windows\\system32\\backgroundTaskHost.exe\r\nGrantedAccess: 0x1000\r\nCallTrace: C:\\windows\\SYSTEM32\\ntdll.dll+9c584|C:\\windows\\SYSTEM32\\psmserviceexthost.dll+222a3|C:\\windows\\SYSTEM32\\psmserviceexthost.dll+37ea0|C:\\windows\\SYSTEM32\\psmserviceexthost.dll+37929|C:\\windows\\SYSTEM32\\psmserviceexthost.dll+686f8|C:\\windows\\SYSTEM32\\psmserviceexthost.dll+6e84a|C:\\windows\\SYSTEM32\\psmserviceexthost.dll+6f700|C:\\windows\\SYSTEM32\\psmserviceexthost.dll+34be4|C:\\windows\\SYSTEM32\\psmserviceexthost.dll+6f63e|C:\\windows\\SYSTEM32\\psmserviceexthost.dll+713b5|C:\\windows\\SYSTEM32\\psmserviceexthost.dll+50bda|C:\\windows\\SYSTEM32\\psmserviceexthost.dll+4500a|C:\\windows\\System32\\KERNEL32.DLL+17c24|C:\\windows\\SYSTEM32\\ntdll.dll+6cea1"}
{"Keywords":"0x8000000000000000","Task":"3","RuleName":"-","SourceIsIpv6":"false","Protocol":"tcp","DestinationIp":"151.101.208.133","SourceHostname":"-","Initiated":"true","SourcePort":"61091","User":"NT AUTHORITY\\SYSTEM","SourceName":"Microsoft-Windows-Sysmon","ProcessGuid":"{39e4a257-79fb-5f92-7217-000000000700}","UtcTime":"2020-10-23 06:36:42.882","SourcePortName":"-","SourceIp":"192.168.2.5","DestinationPort":"443","ProcessId":"4696","TimeCreated":"2020-10-23T02:36:46.838Z","@timestamp":"2020-10-23T02:36:46.838Z","DestinationHostname":"-","Level":"4","Image":"C:\\windows\\System32\\svchost.exe","Hostname":"WORKSTATION5","DestinationPortName":"-","Channel":"Microsoft-Windows-Sysmon/Operational","DestinationIsIpv6":"false","EventID":3,"ProviderGuid":"{5770385f-c22a-43e0-bf4c-06f5698ffbd9}","Message":"Network connection detected:\r\nRuleName: -\r\nUtcTime: 2020-10-23 06:36:42.882\r\nProcessGuid: {39e4a257-79fb-5f92-7217-000000000700}\r\nProcessId: 4696\r\nImage: C:\\windows\\System32\\svchost.exe\r\nUser: NT AUTHORITY\\SYSTEM\r\nProtocol: tcp\r\nInitiated: true\r\nSourceIsIpv6: false\r\nSourceIp: 192.168.2.5\r\nSourceHostname: -\r\nSourcePort: 61091\r\nSourcePortName: -\r\nDestinationIsIpv6: false\r\nDestinationIp: 151.101.208.133\r\nDestinationHostname: -\r\nDestinationPort: 443\r\nDestinationPortName: -"}
{"GrantedAccess":"0x1000","@timestamp":"2020-10-23T02:36:47.356Z","TimeCreated":"2020-10-23T02:36:47.356Z","SourceThreadId":"1060","SourceImage":"C:\\windows\\system32\\svchost.exe","ProviderGuid":"{5770385f-c22a-43e0-bf4c-06f5698ffbd9}","CallTrace":"C:\\windows\\SYSTEM32\\ntdll.dll+9c584|C:\\windows\\SYSTEM32\\psmserviceexthost.dll+222a3|C:\\windows\\SYSTEM32\\psmserviceexthost.dll+37ea0|C:\\windows\\SYSTEM32\\psmserviceexthost.dll+37929|C:\\windows\\SYSTEM32\\psmserviceexthost.dll+686f8|C:\\windows\\SYSTEM32\\psmserviceexthost.dll+6e84a|C:\\windows\\SYSTEM32\\psmserviceexthost.dll+6f700|C:\\windows\\SYSTEM32\\psmserviceexthost.dll+34be4|C:\\windows\\SYSTEM32\\psmserviceexthost.dll+6f63e|C:\\windows\\SYSTEM32\\psmserviceexthost.dll+713b5|C:\\windows\\SYSTEM32\\psmserviceexthost.dll+50bda|C:\\windows\\SYSTEM32\\psmserviceexthost.dll+4500a|C:\\windows\\System32\\KERNEL32.DLL+17c24|C:\\windows\\SYSTEM32\\ntdll.dll+6cea1","UtcTime":"2020-10-23 06:36:47.355","TargetProcessGUID":"{39e4a257-f247-5f8b-d300-000000000700}","SourceProcessId":"944","Level":"4","Channel":"Microsoft-Windows-Sysmon/Operational","Task":"10","RuleName":"-","SourceName":"Microsoft-Windows-Sysmon","Hostname":"WORKSTATION5","SourceProcessGUID":"{39e4a257-f132-5f8b-1000-000000000700}","TargetProcessId":"4368","EventID":10,"Keywords":"0x8000000000000000","TargetImage":"C:\\Windows\\SystemApps\\InputApp_cw5n1h2txyewy\\WindowsInternal.ComposableShell.Experiences.TextInput.InputApp.exe","Message":"Process accessed:\r\nRuleName: -\r\nUtcTime: 2020-10-23 06:36:47.355\r\nSourceProcessGUID: {39e4a257-f132-5f8b-1000-000000000700}\r\nSourceProcessId: 944\r\nSourceThreadId: 1060\r\nSourceImage: C:\\windows\\system32\\svchost.exe\r\nTargetProcessGUID: {39e4a257-f247-5f8b-d300-000000000700}\r\nTargetProcessId: 4368\r\nTargetImage: C:\\Windows\\SystemApps\\InputApp_cw5n1h2txyewy\\WindowsInternal.ComposableShell.Experiences.TextInput.InputApp.exe\r\nGrantedAccess: 0x1000\r\nCallTrace: C:\\windows\\SYSTEM32\\ntdll.dll+9c584|C:\\windows\\SYSTEM32\\psmserviceexthost.dll+222a3|C:\\windows\\SYSTEM32\\psmserviceexthost.dll+37ea0|C:\\windows\\SYSTEM32\\psmserviceexthost.dll+37929|C:\\windows\\SYSTEM32\\psmserviceexthost.dll+686f8|C:\\windows\\SYSTEM32\\psmserviceexthost.dll+6e84a|C:\\windows\\SYSTEM32\\psmserviceexthost.dll+6f700|C:\\windows\\SYSTEM32\\psmserviceexthost.dll+34be4|C:\\windows\\SYSTEM32\\psmserviceexthost.dll+6f63e|C:\\windows\\SYSTEM32\\psmserviceexthost.dll+713b5|C:\\windows\\SYSTEM32\\psmserviceexthost.dll+50bda|C:\\windows\\SYSTEM32\\psmserviceexthost.dll+4500a|C:\\windows\\System32\\KERNEL32.DLL+17c24|C:\\windows\\SYSTEM32\\ntdll.dll+6cea1"}
{"GrantedAccess":"0x1000","@timestamp":"2020-10-23T02:36:47.356Z","TimeCreated":"2020-10-23T02:36:47.356Z","SourceThreadId":"1060","SourceImage":"C:\\windows\\system32\\svchost.exe","ProviderGuid":"{5770385f-c22a-43e0-bf4c-06f5698ffbd9}","CallTrace":"C:\\windows\\SYSTEM32\\ntdll.dll+9c584|C:\\windows\\SYSTEM32\\psmserviceexthost.dll+222a3|C:\\windows\\SYSTEM32\\psmserviceexthost.dll+37ea0|C:\\windows\\SYSTEM32\\psmserviceexthost.dll+37929|C:\\windows\\SYSTEM32\\psmserviceexthost.dll+686f8|C:\\windows\\SYSTEM32\\psmserviceexthost.dll+6e84a|C:\\windows\\SYSTEM32\\psmserviceexthost.dll+6f700|C:\\windows\\SYSTEM32\\psmserviceexthost.dll+34be4|C:\\windows\\SYSTEM32\\psmserviceexthost.dll+6f63e|C:\\windows\\SYSTEM32\\psmserviceexthost.dll+713b5|C:\\windows\\SYSTEM32\\psmserviceexthost.dll+50bda|C:\\windows\\SYSTEM32\\psmserviceexthost.dll+4500a|C:\\windows\\System32\\KERNEL32.DLL+17c24|C:\\windows\\SYSTEM32\\ntdll.dll+6cea1","UtcTime":"2020-10-23 06:36:47.355","TargetProcessGUID":"{39e4a257-79ef-5f92-7017-000000000700}","SourceProcessId":"944","Level":"4","Channel":"Microsoft-Windows-Sysmon/Operational","Task":"10","RuleName":"-","SourceName":"Microsoft-Windows-Sysmon","Hostname":"WORKSTATION5","SourceProcessGUID":"{39e4a257-f132-5f8b-1000-000000000700}","TargetProcessId":"1408","EventID":10,"Keywords":"0x8000000000000000","TargetImage":"C:\\windows\\system32\\backgroundTaskHost.exe","Message":"Process accessed:\r\nRuleName: -\r\nUtcTime: 2020-10-23 06:36:47.355\r\nSourceProcessGUID: {39e4a257-f132-5f8b-1000-000000000700}\r\nSourceProcessId: 944\r\nSourceThreadId: 1060\r\nSourceImage: C:\\windows\\system32\\svchost.exe\r\nTargetProcessGUID: {39e4a257-79ef-5f92-7017-000000000700}\r\nTargetProcessId: 1408\r\nTargetImage: C:\\windows\\system32\\backgroundTaskHost.exe\r\nGrantedAccess: 0x1000\r\nCallTrace: C:\\windows\\SYSTEM32\\ntdll.dll+9c584|C:\\windows\\SYSTEM32\\psmserviceexthost.dll+222a3|C:\\windows\\SYSTEM32\\psmserviceexthost.dll+37ea0|C:\\windows\\SYSTEM32\\psmserviceexthost.dll+37929|C:\\windows\\SYSTEM32\\psmserviceexthost.dll+686f8|C:\\windows\\SYSTEM32\\psmserviceexthost.dll+6e84a|C:\\windows\\SYSTEM32\\psmserviceexthost.dll+6f700|C:\\windows\\SYSTEM32\\psmserviceexthost.dll+34be4|C:\\windows\\SYSTEM32\\psmserviceexthost.dll+6f63e|C:\\windows\\SYSTEM32\\psmserviceexthost.dll+713b5|C:\\windows\\SYSTEM32\\psmserviceexthost.dll+50bda|C:\\windows\\SYSTEM32\\psmserviceexthost.dll+4500a|C:\\windows\\System32\\KERNEL32.DLL+17c24|C:\\windows\\SYSTEM32\\ntdll.dll+6cea1"}
{"GrantedAccess":"0x1000","@timestamp":"2020-10-23T02:36:48.367Z","TimeCreated":"2020-10-23T02:36:48.367Z","SourceThreadId":"1060","SourceImage":"C:\\windows\\system32\\svchost.exe","ProviderGuid":"{5770385f-c22a-43e0-bf4c-06f5698ffbd9}","CallTrace":"C:\\windows\\SYSTEM32\\ntdll.dll+9c584|C:\\windows\\SYSTEM32\\psmserviceexthost.dll+222a3|C:\\windows\\SYSTEM32\\psmserviceexthost.dll+37ea0|C:\\windows\\SYSTEM32\\psmserviceexthost.dll+37929|C:\\windows\\SYSTEM32\\psmserviceexthost.dll+686f8|C:\\windows\\SYSTEM32\\psmserviceexthost.dll+6e84a|C:\\windows\\SYSTEM32\\psmserviceexthost.dll+6f700|C:\\windows\\SYSTEM32\\psmserviceexthost.dll+34be4|C:\\windows\\SYSTEM32\\psmserviceexthost.dll+6f63e|C:\\windows\\SYSTEM32\\psmserviceexthost.dll+713b5|C:\\windows\\SYSTEM32\\psmserviceexthost.dll+50bda|C:\\windows\\SYSTEM32\\psmserviceexthost.dll+4500a|C:\\windows\\System32\\KERNEL32.DLL+17c24|C:\\windows\\SYSTEM32\\ntdll.dll+6cea1","UtcTime":"2020-10-23 06:36:48.366","TargetProcessGUID":"{39e4a257-f247-5f8b-d300-000000000700}","SourceProcessId":"944","Level":"4","Channel":"Microsoft-Windows-Sysmon/Operational","Task":"10","RuleName":"-","SourceName":"Microsoft-Windows-Sysmon","Hostname":"WORKSTATION5","SourceProcessGUID":"{39e4a257-f132-5f8b-1000-000000000700}","TargetProcessId":"4368","EventID":10,"Keywords":"0x8000000000000000","TargetImage":"C:\\Windows\\SystemApps\\InputApp_cw5n1h2txyewy\\WindowsInternal.ComposableShell.Experiences.TextInput.InputApp.exe","Message":"Process accessed:\r\nRuleName: -\r\nUtcTime: 2020-10-23 06:36:48.366\r\nSourceProcessGUID: {39e4a257-f132-5f8b-1000-000000000700}\r\nSourceProcessId: 944\r\nSourceThreadId: 1060\r\nSourceImage: C:\\windows\\system32\\svchost.exe\r\nTargetProcessGUID: {39e4a257-f247-5f8b-d300-000000000700}\r\nTargetProcessId: 4368\r\nTargetImage: C:\\Windows\\SystemApps\\InputApp_cw5n1h2txyewy\\WindowsInternal.ComposableShell.Experiences.TextInput.InputApp.exe\r\nGrantedAccess: 0x1000\r\nCallTrace: C:\\windows\\SYSTEM32\\ntdll.dll+9c584|C:\\windows\\SYSTEM32\\psmserviceexthost.dll+222a3|C:\\windows\\SYSTEM32\\psmserviceexthost.dll+37ea0|C:\\windows\\SYSTEM32\\psmserviceexthost.dll+37929|C:\\windows\\SYSTEM32\\psmserviceexthost.dll+686f8|C:\\windows\\SYSTEM32\\psmserviceexthost.dll+6e84a|C:\\windows\\SYSTEM32\\psmserviceexthost.dll+6f700|C:\\windows\\SYSTEM32\\psmserviceexthost.dll+34be4|C:\\windows\\SYSTEM32\\psmserviceexthost.dll+6f63e|C:\\windows\\SYSTEM32\\psmserviceexthost.dll+713b5|C:\\windows\\SYSTEM32\\psmserviceexthost.dll+50bda|C:\\windows\\SYSTEM32\\psmserviceexthost.dll+4500a|C:\\windows\\System32\\KERNEL32.DLL+17c24|C:\\windows\\SYSTEM32\\ntdll.dll+6cea1"}
