{"SubjectUserName":"LOCAL SERVICE","TimeCreated":"2020-10-21 12:19:07.524","SubjectLogonId":"0x3e5","SubjectDomainName":"NT AUTHORITY","ObjectServer":"Security","SubjectUserSid":"S-1-5-19","EventID":4658,"Channel":"Security","Task":"12801","Message":"The handle to an object was closed.\r\n\r\nSubject :\r\n\tSecurity ID:\t\tS-1-5-19\r\n\tAccount Name:\t\tLOCAL SERVICE\r\n\tAccount Domain:\t\tNT AUTHORITY\r\n\tLogon ID:\t\t0x3E5\r\n\r\nObject:\r\n\tObject Server:\t\tSecurity\r\n\tHandle ID:\t\t0x7b0\r\n\r\nProcess Information:\r\n\tProcess ID:\t\t0xb84\r\n\tProcess Name:\t\tC:\\Windows\\System32\\svchost.exe","Hostname":"WORKSTATION5","ProcessName":"C:\\Windows\\System32\\svchost.exe","ProcessId":"0xb84","SourceName":"Microsoft-Windows-Security-Auditing","HandleId":"0x7b0"}
{"SubjectUserName":"LOCAL SERVICE","TimeCreated":"2020-10-21 12:19:07.524","SubjectLogonId":"0x3e5","SubjectDomainName":"NT AUTHORITY","TargetProcessId":"0x4","SubjectUserSid":"S-1-5-19","SourceHandleId":"0x49c","EventID":4690,"Channel":"Security","Task":"12807","TargetHandleId":"0x2324","Message":"An attempt was made to duplicate a handle to an object.\r\n\r\nSubject:\r\n\tSecurity ID:\t\tS-1-5-19\r\n\tAccount Name:\t\tLOCAL SERVICE\r\n\tAccount Domain:\t\tNT AUTHORITY\r\n\tLogon ID:\t\t0x3E5\r\n\r\nSource Handle Information:\r\n\tSource Handle ID:\t0x49c\r\n\tSource Process ID:\t0xb84\r\n\r\nNew Handle Information:\r\n\tTarget Handle ID:\t0x2324\r\n\tTarget Process ID:\t0x4","Hostname":"WORKSTATION5","SourceProcessId":"0xb84","SourceName":"Microsoft-Windows-Security-Auditing"}
{"SubjectUserName":"LOCAL SERVICE","TimeCreated":"2020-10-21 12:19:07.524","SubjectLogonId":"0x3e5","SubjectDomainName":"NT AUTHORITY","ObjectServer":"Security","SubjectUserSid":"S-1-5-19","EventID":4658,"Channel":"Security","Task":"12801","Message":"The handle to an object was closed.\r\n\r\nSubject :\r\n\tSecurity ID:\t\tS-1-5-19\r\n\tAccount Name:\t\tLOCAL SERVICE\r\n\tAccount Domain:\t\tNT AUTHORITY\r\n\tLogon ID:\t\t0x3E5\r\n\r\nObject:\r\n\tObject Server:\t\tSecurity\r\n\tHandle ID:\t\t0x2324\r\n\r\nProcess Information:\r\n\tProcess ID:\t\t0xb84\r\n\tProcess Name:\t\tC:\\Windows\\System32\\svchost.exe","Hostname":"WORKSTATION5","ProcessName":"C:\\Windows\\System32\\svchost.exe","ProcessId":"0xb84","SourceName":"Microsoft-Windows-Security-Auditing","HandleId":"0x2324"}
{"SubjectUserName":"LOCAL SERVICE","TimeCreated":"2020-10-21 12:19:07.524","SubjectLogonId":"0x3e5","ResourceAttributes":"-","SubjectDomainName":"NT AUTHORITY","PrivilegeList":"-","ObjectServer":"Security","ObjectType":"Key","SubjectUserSid":"S-1-5-19","EventID":4656,"Channel":"Security","Task":"12801","ObjectName":"\\REGISTRY\\MACHINE\\SOFTWARE\\Microsoft\\Windows NT\\CurrentVersion\\Winlogon","AccessMask":"0x20019","Message":"A handle to an object was requested.\r\n\r\nSubject:\r\n\tSecurity ID:\t\tS-1-5-19\r\n\tAccount Name:\t\tLOCAL SERVICE\r\n\tAccount Domain:\t\tNT AUTHORITY\r\n\tLogon ID:\t\t0x3E5\r\n\r\nObject:\r\n\tObject Server:\t\tSecurity\r\n\tObject Type:\t\tKey\r\n\tObject Name:\t\t\\REGISTRY\\MACHINE\\SOFTWARE\\Microsoft\\Windows NT\\CurrentVersion\\Winlogon\r\n\tHandle ID:\t\t0x49c\r\n\tResource Attributes:\t-\r\n\r\nProcess Information:\r\n\tProcess ID:\t\t0xb84\r\n\tProcess Name:\t\tC:\\Windows\\System32\\svchost.exe\r\n\r\nAccess Request Information:\r\n\tTransaction ID:\t\t{00000000-0000-0000-0000-000000000000}\r\n\tAccesses:\t\tREAD_CONTROL\r\n\t\t\t\tQuery key value\r\n\t\t\t\tEnumerate sub-keys\r\n\t\t\t\tNotify about changes to keys\r\n\t\t\t\t\r\n\tAccess Reasons:\t\t-\r\n\tAccess Mask:\t\t0x20019\r\n\tPrivileges Used for Access Check:\t-\r\n\tRestricted SID Count:\t5","Hostname":"WORKSTATION5","ProcessName":"C:\\Windows\\System32\\svchost.exe","ProcessId":"0xb84","AccessReason":"-","RestrictedSidCount":"5","AccessList":"%%1538\n\t\t\t\t%%4432\n\t\t\t\t%%4435\n\t\t\t\t%%4436\n\t\t\t\t","SourceName":"Microsoft-Windows-Security-Auditing","HandleId":"0x49c","TransactionId":"{00000000-0000-0000-0000-000000000000}"}
{"SubjectUserName":"LOCAL SERVICE","TimeCreated":"2020-10-21 12:19:07.525","SubjectLogonId":"0x3e5","ResourceAttributes":"-","SubjectDomainName":"NT AUTHORITY","ObjectServer":"Security","ObjectType":"Key","SubjectUserSid":"S-1-5-19","EventID":4663,"Channel":"Security","Task":"12801","ObjectName":"\\REGISTRY\\MACHINE\\SOFTWARE\\Microsoft\\Windows NT\\CurrentVersion\\Winlogon","AccessMask":"0x1","Message":"An attempt was made to access an object.\r\n\r\nSubject:\r\n\tSecurity ID:\t\tS-1-5-19\r\n\tAccount Name:\t\tLOCAL SERVICE\r\n\tAccount Domain:\t\tNT AUTHORITY\r\n\tLogon ID:\t\t0x3E5\r\n\r\nObject:\r\n\tObject Server:\t\tSecurity\r\n\tObject Type:\t\tKey\r\n\tObject Name:\t\t\\REGISTRY\\MACHINE\\SOFTWARE\\Microsoft\\Windows NT\\CurrentVersion\\Winlogon\r\n\tHandle ID:\t\t0x49c\r\n\tResource Attributes:\t-\r\n\r\nProcess Information:\r\n\tProcess ID:\t\t0xb84\r\n\tProcess Name:\t\tC:\\Windows\\System32\\svchost.exe\r\n\r\nAccess Request Information:\r\n\tAccesses:\t\tQuery key value\r\n\t\t\t\t\r\n\tAccess Mask:\t\t0x1","Hostname":"WORKSTATION5","ProcessName":"C:\\Windows\\System32\\svchost.exe","ProcessId":"0xb84","AccessList":"%%4432\n\t\t\t\t","SourceName":"Microsoft-Windows-Security-Auditing","HandleId":"0x49c"}
{"SubjectUserName":"LOCAL SERVICE","TimeCreated":"2020-10-21 12:19:07.525","SubjectLogonId":"0x3e5","SubjectDomainName":"NT AUTHORITY","ObjectServer":"Security","SubjectUserSid":"S-1-5-19","EventID":4658,"Channel":"Security","Task":"12801","Message":"The handle to an object was closed.\r\n\r\nSubject :\r\n\tSecurity ID:\t\tS-1-5-19\r\n\tAccount Name:\t\tLOCAL SERVICE\r\n\tAccount Domain:\t\tNT AUTHORITY\r\n\tLogon ID:\t\t0x3E5\r\n\r\nObject:\r\n\tObject Server:\t\tSecurity\r\n\tHandle ID:\t\t0x49c\r\n\r\nProcess Information:\r\n\tProcess ID:\t\t0xb84\r\n\tProcess Name:\t\tC:\\Windows\\System32\\svchost.exe","Hostname":"WORKSTATION5","ProcessName":"C:\\Windows\\System32\\svchost.exe","ProcessId":"0xb84","SourceName":"Microsoft-Windows-Security-Auditing","HandleId":"0x49c"}
{"SubjectUserName":"WORKSTATION5$","TimeCreated":"2020-10-21 12:19:07.543","SubjectLogonId":"0x3e7","SubjectDomainName":"WORKGROUP","TargetProcessId":"0x4","SubjectUserSid":"S-1-5-18","SourceHandleId":"0x938","EventID":4690,"Channel":"Security","Task":"12807","TargetHandleId":"0x2324","Message":"An attempt was made to duplicate a handle to an object.\r\n\r\nSubject:\r\n\tSecurity ID:\t\tS-1-5-18\r\n\tAccount Name:\t\tWORKSTATION5$\r\n\tAccount Domain:\t\tWORKGROUP\r\n\tLogon ID:\t\t0x3E7\r\n\r\nSource Handle Information:\r\n\tSource Handle ID:\t0x938\r\n\tSource Process ID:\t0x2cc\r\n\r\nNew Handle Information:\r\n\tTarget Handle ID:\t0x2324\r\n\tTarget Process ID:\t0x4","Hostname":"WORKSTATION5","SourceProcessId":"0x2cc","SourceName":"Microsoft-Windows-Security-Auditing"}
{"SubjectUserName":"WORKSTATION5$","TimeCreated":"2020-10-21 12:19:07.543","SubjectLogonId":"0x3e7","SubjectDomainName":"WORKGROUP","ObjectServer":"Security","SubjectUserSid":"S-1-5-18","EventID":4658,"Channel":"Security","Task":"12801","Message":"The handle to an object was closed.\r\n\r\nSubject :\r\n\tSecurity ID:\t\tS-1-5-18\r\n\tAccount Name:\t\tWORKSTATION5$\r\n\tAccount Domain:\t\tWORKGROUP\r\n\tLogon ID:\t\t0x3E7\r\n\r\nObject:\r\n\tObject Server:\t\tSecurity\r\n\tHandle ID:\t\t0x2324\r\n\r\nProcess Information:\r\n\tProcess ID:\t\t0x2cc\r\n\tProcess Name:\t\tC:\\Windows\\System32\\services.exe","Hostname":"WORKSTATION5","ProcessName":"C:\\Windows\\System32\\services.exe","ProcessId":"0x2cc","SourceName":"Microsoft-Windows-Security-Auditing","HandleId":"0x2324"}
{"SubjectUserName":"WORKSTATION5$","TimeCreated":"2020-10-21 12:19:07.543","SubjectLogonId":"0x3e7","ResourceAttributes":"-","SubjectDomainName":"WORKGROUP","PrivilegeList":"-","ObjectServer":"Security","ObjectType":"Key","SubjectUserSid":"S-1-5-18","EventID":4656,"Channel":"Security","Task":"12801","ObjectName":"\\REGISTRY\\MACHINE\\SYSTEM\\ControlSet001\\Control\\Session Manager\\Environment","AccessMask":"0x20019","Message":"A handle to an object was requested.\r\n\r\nSubject:\r\n\tSecurity ID:\t\tS-1-5-18\r\n\tAccount Name:\t\tWORKSTATION5$\r\n\tAccount Domain:\t\tWORKGROUP\r\n\tLogon ID:\t\t0x3E7\r\n\r\nObject:\r\n\tObject Server:\t\tSecurity\r\n\tObject Type:\t\tKey\r\n\tObject Name:\t\t\\REGISTRY\\MACHINE\\SYSTEM\\ControlSet001\\Control\\Session Manager\\Environment\r\n\tHandle ID:\t\t0x938\r\n\tResource Attributes:\t-\r\n\r\nProcess Information:\r\n\tProcess ID:\t\t0x2cc\r\n\tProcess Name:\t\tC:\\Windows\\System32\\services.exe\r\n\r\nAccess Request Information:\r\n\tTransaction ID:\t\t{00000000-0000-0000-0000-000000000000}\r\n\tAccesses:\t\tREAD_CONTROL\r\n\t\t\t\tQuery key value\r\n\t\t\t\tEnumerate sub-keys\r\n\t\t\t\tNotify about changes to keys\r\n\t\t\t\t\r\n\tAccess Reasons:\t\t-\r\n\tAccess Mask:\t\t0x20019\r\n\tPrivileges Used for Access Check:\t-\r\n\tRestricted SID Count:\t0","Hostname":"WORKSTATION5","ProcessName":"C:\\Windows\\System32\\services.exe","ProcessId":"0x2cc","AccessReason":"-","RestrictedSidCount":"0","AccessList":"%%1538\n\t\t\t\t%%4432\n\t\t\t\t%%4435\n\t\t\t\t%%4436\n\t\t\t\t","SourceName":"Microsoft-Windows-Security-Auditing","HandleId":"0x938","TransactionId":"{00000000-0000-0000-0000-000000000000}"}
{"SubjectUserName":"WORKSTATION5$","TimeCreated":"2020-10-21 12:19:07.543","SubjectLogonId":"0x3e7","ResourceAttributes":"-","SubjectDomainName":"WORKGROUP","ObjectServer":"Security","ObjectType":"Key","SubjectUserSid":"S-1-5-18","EventID":4663,"Channel":"Security","Task":"12801","ObjectName":"\\REGISTRY\\MACHINE\\SYSTEM\\ControlSet001\\Control\\Session Manager\\Environment","AccessMask":"0x1","Message":"An attempt was made to access an object.\r\n\r\nSubject:\r\n\tSecurity ID:\t\tS-1-5-18\r\n\tAccount Name:\t\tWORKSTATION5$\r\n\tAccount Domain:\t\tWORKGROUP\r\n\tLogon ID:\t\t0x3E7\r\n\r\nObject:\r\n\tObject Server:\t\tSecurity\r\n\tObject Type:\t\tKey\r\n\tObject Name:\t\t\\REGISTRY\\MACHINE\\SYSTEM\\ControlSet001\\Control\\Session Manager\\Environment\r\n\tHandle ID:\t\t0x938\r\n\tResource Attributes:\t-\r\n\r\nProcess Information:\r\n\tProcess ID:\t\t0x2cc\r\n\tProcess Name:\t\tC:\\Windows\\System32\\services.exe\r\n\r\nAccess Request Information:\r\n\tAccesses:\t\tQuery key value\r\n\t\t\t\t\r\n\tAccess Mask:\t\t0x1","Hostname":"WORKSTATION5","ProcessName":"C:\\Windows\\System32\\services.exe","ProcessId":"0x2cc","AccessList":"%%4432\n\t\t\t\t","SourceName":"Microsoft-Windows-Security-Auditing","HandleId":"0x938"}
{"SubjectUserName":"WORKSTATION5$","TimeCreated":"2020-10-21 12:19:07.544","SubjectLogonId":"0x3e7","SubjectDomainName":"WORKGROUP","ObjectServer":"Security","SubjectUserSid":"S-1-5-18","EventID":4658,"Channel":"Security","Task":"12801","Message":"The handle to an object was closed.\r\n\r\nSubject :\r\n\tSecurity ID:\t\tS-1-5-18\r\n\tAccount Name:\t\tWORKSTATION5$\r\n\tAccount Domain:\t\tWORKGROUP\r\n\tLogon ID:\t\t0x3E7\r\n\r\nObject:\r\n\tObject Server:\t\tSecurity\r\n\tHandle ID:\t\t0x938\r\n\r\nProcess Information:\r\n\tProcess ID:\t\t0x2cc\r\n\tProcess Name:\t\tC:\\Windows\\System32\\services.exe","Hostname":"WORKSTATION5","ProcessName":"C:\\Windows\\System32\\services.exe","ProcessId":"0x2cc","SourceName":"Microsoft-Windows-Security-Auditing","HandleId":"0x938"}
{"SubjectUserName":"WORKSTATION5$","TimeCreated":"2020-10-21 12:19:07.545","CommandLine":"C:\\windows\\system32\\svchost.exe -k netsvcs -p -s gpsvc","SubjectLogonId":"0x3e7","NewProcessId":"0x75c","SubjectDomainName":"WORKGROUP","TargetLogonId":"0x0","TokenElevationType":"%%1936","SubjectUserSid":"S-1-5-18","NewProcessName":"C:\\Windows\\System32\\svchost.exe","EventID":4688,"Channel":"Security","Task":"13312","Message":"A new process has been created.\r\n\r\nCreator Subject:\r\n\tSecurity ID:\t\tS-1-5-18\r\n\tAccount Name:\t\tWORKSTATION5$\r\n\tAccount Domain:\t\tWORKGROUP\r\n\tLogon ID:\t\t0x3E7\r\n\r\nTarget Subject:\r\n\tSecurity ID:\t\tS-1-0-0\r\n\tAccount Name:\t\t-\r\n\tAccount Domain:\t\t-\r\n\tLogon ID:\t\t0x0\r\n\r\nProcess Information:\r\n\tNew Process ID:\t\t0x75c\r\n\tNew Process Name:\tC:\\Windows\\System32\\svchost.exe\r\n\tToken Elevation Type:\t%%1936\r\n\tMandatory Label:\t\tS-1-16-16384\r\n\tCreator Process ID:\t0x2cc\r\n\tCreator Process Name:\tC:\\Windows\\System32\\services.exe\r\n\tProcess Command Line:\tC:\\windows\\system32\\svchost.exe -k netsvcs -p -s gpsvc\r\n\r\nToken Elevation Type indicates the type of token that was assigned to the new process in accordance with User Account Control policy.\r\n\r\nType 1 is a full token with no privileges removed or groups disabled.  A full token is only used if User Account Control is disabled or if the user is the built-in Administrator account or a service account.\r\n\r\nType 2 is an elevated token with no privileges removed or groups disabled.  An elevated token is used when User Account Control is enabled and the user chooses to start the program using Run as administrator.  An elevated token is also used when an application is configured to always require administrative privilege or to always require maximum privilege, and the user is a member of the Administrators group.\r\n\r\nType 3 is a limited token with administrative privileges removed and administrative groups disabled.  The limited token is used when User Account Control is enabled, the application does not require administrative privilege, and the user does not choose to start the program using Run as administrator.","Hostname":"WORKSTATION5","ProcessId":"0x2cc","MandatoryLabel":"S-1-16-16384","ParentProcessName":"C:\\Windows\\System32\\services.exe","TargetUserSid":"S-1-0-0","TargetDomainName":"-","SourceName":"Microsoft-Windows-Security-Auditing","TargetUserName":"-"}
{"SubjectUserName":"WORKSTATION5$","TimeCreated":"2020-10-21 12:19:07.558","SubjectLogonId":"0x3e7","SubjectDomainName":"WORKGROUP","TargetProcessId":"0x4","SubjectUserSid":"S-1-5-18","SourceHandleId":"0x90","EventID":4690,"Channel":"Security","Task":"12807","TargetHandleId":"0x16ac","Message":"An attempt was made to duplicate a handle to an object.\r\n\r\nSubject:\r\n\tSecurity ID:\t\tS-1-5-18\r\n\tAccount Name:\t\tWORKSTATION5$\r\n\tAccount Domain:\t\tWORKGROUP\r\n\tLogon ID:\t\t0x3E7\r\n\r\nSource Handle Information:\r\n\tSource Handle ID:\t0x90\r\n\tSource Process ID:\t0x75c\r\n\r\nNew Handle Information:\r\n\tTarget Handle ID:\t0x16ac\r\n\tTarget Process ID:\t0x4","Hostname":"WORKSTATION5","SourceProcessId":"0x75c","SourceName":"Microsoft-Windows-Security-Auditing"}
{"SubjectUserName":"WORKSTATION5$","TimeCreated":"2020-10-21 12:19:07.558","SubjectLogonId":"0x3e7","SubjectDomainName":"WORKGROUP","ObjectServer":"Security","SubjectUserSid":"S-1-5-18","EventID":4658,"Channel":"Security","Task":"12801","Message":"The handle to an object was closed.\r\n\r\nSubject :\r\n\tSecurity ID:\t\tS-1-5-18\r\n\tAccount Name:\t\tWORKSTATION5$\r\n\tAccount Domain:\t\tWORKGROUP\r\n\tLogon ID:\t\t0x3E7\r\n\r\nObject:\r\n\tObject Server:\t\tSecurity\r\n\tHandle ID:\t\t0x16ac\r\n\r\nProcess Information:\r\n\tProcess ID:\t\t0x75c\r\n\tProcess Name:\t\tC:\\Windows\\System32\\svchost.exe","Hostname":"WORKSTATION5","ProcessName":"C:\\Windows\\System32\\svchost.exe","ProcessId":"0x75c","SourceName":"Microsoft-Windows-Security-Auditing","HandleId":"0x16ac"}
{"SubjectUserName":"WORKSTATION5$","TimeCreated":"2020-10-21 12:19:07.558","SubjectLogonId":"0x3e7","ResourceAttributes":"-","SubjectDomainName":"WORKGROUP","PrivilegeList":"-","ObjectServer":"Security","ObjectType":"Key","SubjectUserSid":"S-1-5-18","EventID":4656,"Channel":"Security","Task":"12801","ObjectName":"\\REGISTRY\\MACHINE\\SYSTEM\\ControlSet001\\Control\\Lsa","AccessMask":"0x1","Message":"A handle to an object was requested.\r\n\r\nSubject:\r\n\tSecurity ID:\t\tS-1-5-18\r\n\tAccount Name:\t\tWORKSTATION5$\r\n\tAccount Domain:\t\tWORKGROUP\r\n\tLogon ID:\t\t0x3E7\r\n\r\nObject:\r\n\tObject Server:\t\tSecurity\r\n\tObject Type:\t\tKey\r\n\tObject Name:\t\t\\REGISTRY\\MACHINE\\SYSTEM\\ControlSet001\\Control\\Lsa\r\n\tHandle ID:\t\t0x90\r\n\tResource Attributes:\t-\r\n\r\nProcess Information:\r\n\tProcess ID:\t\t0x75c\r\n\tProcess Name:\t\tC:\\Windows\\System32\\svchost.exe\r\n\r\nAccess Request Information:\r\n\tTransaction ID:\t\t{00000000-0000-0000-0000-000000000000}\r\n\tAccesses:\t\tQuery key value\r\n\t\t\t\t\r\n\tAccess Reasons:\t\t-\r\n\tAccess Mask:\t\t0x1\r\n\tPrivileges Used for Access Check:\t-\r\n\tRestricted SID Count:\t0","Hostname":"WORKSTATION5","ProcessName":"C:\\Windows\\System32\\svchost.exe","ProcessId":"0x75c","AccessReason":"-","RestrictedSidCount":"0","AccessList":"%%4432\n\t\t\t\t","SourceName":"Microsoft-Windows-Security-Auditing","HandleId":"0x90","TransactionId":"{00000000-0000-0000-0000-000000000000}"}
{"SubjectUserName":"WORKSTATION5$","TimeCreated":"2020-10-21 12:19:07.558","SubjectLogonId":"0x3e7","ResourceAttributes":"-","SubjectDomainName":"WORKGROUP","ObjectServer":"Security","ObjectType":"Key","SubjectUserSid":"S-1-5-18","EventID":4663,"Channel":"Security","Task":"12801","ObjectName":"\\REGISTRY\\MACHINE\\SYSTEM\\ControlSet001\\Control\\Lsa","AccessMask":"0x1","Message":"An attempt was made to access an object.\r\n\r\nSubject:\r\n\tSecurity ID:\t\tS-1-5-18\r\n\tAccount Name:\t\tWORKSTATION5$\r\n\tAccount Domain:\t\tWORKGROUP\r\n\tLogon ID:\t\t0x3E7\r\n\r\nObject:\r\n\tObject Server:\t\tSecurity\r\n\tObject Type:\t\tKey\r\n\tObject Name:\t\t\\REGISTRY\\MACHINE\\SYSTEM\\ControlSet001\\Control\\Lsa\r\n\tHandle ID:\t\t0x90\r\n\tResource Attributes:\t-\r\n\r\nProcess Information:\r\n\tProcess ID:\t\t0x75c\r\n\tProcess Name:\t\tC:\\Windows\\System32\\svchost.exe\r\n\r\nAccess Request Information:\r\n\tAccesses:\t\tQuery key value\r\n\t\t\t\t\r\n\tAccess Mask:\t\t0x1","Hostname":"WORKSTATION5","ProcessName":"C:\\Windows\\System32\\svchost.exe","ProcessId":"0x75c","AccessList":"%%4432\n\t\t\t\t","SourceName":"Microsoft-Windows-Security-Auditing","HandleId":"0x90"}
{"SubjectUserName":"WORKSTATION5$","TimeCreated":"2020-10-21 12:19:07.558","SubjectLogonId":"0x3e7","SubjectDomainName":"WORKGROUP","ObjectServer":"Security","SubjectUserSid":"S-1-5-18","EventID":4658,"Channel":"Security","Task":"12801","Message":"The handle to an object was closed.\r\n\r\nSubject :\r\n\tSecurity ID:\t\tS-1-5-18\r\n\tAccount Name:\t\tWORKSTATION5$\r\n\tAccount Domain:\t\tWORKGROUP\r\n\tLogon ID:\t\t0x3E7\r\n\r\nObject:\r\n\tObject Server:\t\tSecurity\r\n\tHandle ID:\t\t0x90\r\n\r\nProcess Information:\r\n\tProcess ID:\t\t0x75c\r\n\tProcess Name:\t\tC:\\Windows\\System32\\svchost.exe","Hostname":"WORKSTATION5","ProcessName":"C:\\Windows\\System32\\svchost.exe","ProcessId":"0x75c","SourceName":"Microsoft-Windows-Security-Auditing","HandleId":"0x90"}
{"SubjectUserName":"WORKSTATION5$","TimeCreated":"2020-10-21 12:19:07.573","SubjectLogonId":"0x3e7","SubjectDomainName":"WORKGROUP","TargetProcessId":"0x4","SubjectUserSid":"S-1-5-18","SourceHandleId":"0x19c","EventID":4690,"Channel":"Security","Task":"12807","TargetHandleId":"0x16ac","Message":"An attempt was made to duplicate a handle to an object.\r\n\r\nSubject:\r\n\tSecurity ID:\t\tS-1-5-18\r\n\tAccount Name:\t\tWORKSTATION5$\r\n\tAccount Domain:\t\tWORKGROUP\r\n\tLogon ID:\t\t0x3E7\r\n\r\nSource Handle Information:\r\n\tSource Handle ID:\t0x19c\r\n\tSource Process ID:\t0x75c\r\n\r\nNew Handle Information:\r\n\tTarget Handle ID:\t0x16ac\r\n\tTarget Process ID:\t0x4","Hostname":"WORKSTATION5","SourceProcessId":"0x75c","SourceName":"Microsoft-Windows-Security-Auditing"}
{"SubjectUserName":"WORKSTATION5$","TimeCreated":"2020-10-21 12:19:07.573","SubjectLogonId":"0x3e7","SubjectDomainName":"WORKGROUP","ObjectServer":"Security","SubjectUserSid":"S-1-5-18","EventID":4658,"Channel":"Security","Task":"12801","Message":"The handle to an object was closed.\r\n\r\nSubject :\r\n\tSecurity ID:\t\tS-1-5-18\r\n\tAccount Name:\t\tWORKSTATION5$\r\n\tAccount Domain:\t\tWORKGROUP\r\n\tLogon ID:\t\t0x3E7\r\n\r\nObject:\r\n\tObject Server:\t\tSecurity\r\n\tHandle ID:\t\t0x16ac\r\n\r\nProcess Information:\r\n\tProcess ID:\t\t0x75c\r\n\tProcess Name:\t\tC:\\Windows\\System32\\svchost.exe","Hostname":"WORKSTATION5","ProcessName":"C:\\Windows\\System32\\svchost.exe","ProcessId":"0x75c","SourceName":"Microsoft-Windows-Security-Auditing","HandleId":"0x16ac"}
{"SubjectUserName":"WORKSTATION5$","TimeCreated":"2020-10-21 12:19:07.573","SubjectLogonId":"0x3e7","ResourceAttributes":"-","SubjectDomainName":"WORKGROUP","PrivilegeList":"-","ObjectServer":"Security","ObjectType":"Key","SubjectUserSid":"S-1-5-18","EventID":4656,"Channel":"Security","Task":"12801","ObjectName":"\\REGISTRY\\MACHINE\\SOFTWARE\\Microsoft\\Windows NT\\CurrentVersion\\Winlogon","AccessMask":"0x20019","Message":"A handle to an object was requested.\r\n\r\nSubject:\r\n\tSecurity ID:\t\tS-1-5-18\r\n\tAccount Name:\t\tWORKSTATION5$\r\n\tAccount Domain:\t\tWORKGROUP\r\n\tLogon ID:\t\t0x3E7\r\n\r\nObject:\r\n\tObject Server:\t\tSecurity\r\n\tObject Type:\t\tKey\r\n\tObject Name:\t\t\\REGISTRY\\MACHINE\\SOFTWARE\\Microsoft\\Windows NT\\CurrentVersion\\Winlogon\r\n\tHandle ID:\t\t0x19c\r\n\tResource Attributes:\t-\r\n\r\nProcess Information:\r\n\tProcess ID:\t\t0x75c\r\n\tProcess Name:\t\tC:\\Windows\\System32\\svchost.exe\r\n\r\nAccess Request Information:\r\n\tTransaction ID:\t\t{00000000-0000-0000-0000-000000000000}\r\n\tAccesses:\t\tREAD_CONTROL\r\n\t\t\t\tQuery key value\r\n\t\t\t\tEnumerate sub-keys\r\n\t\t\t\tNotify about changes to keys\r\n\t\t\t\t\r\n\tAccess Reasons:\t\t-\r\n\tAccess Mask:\t\t0x20019\r\n\tPrivileges Used for Access Check:\t-\r\n\tRestricted SID Count:\t0","Hostname":"WORKSTATION5","ProcessName":"C:\\Windows\\System32\\svchost.exe","ProcessId":"0x75c","AccessReason":"-","RestrictedSidCount":"0","AccessList":"%%1538\n\t\t\t\t%%4432\n\t\t\t\t%%4435\n\t\t\t\t%%4436\n\t\t\t\t","SourceName":"Microsoft-Windows-Security-Auditing","HandleId":"0x19c","TransactionId":"{00000000-0000-0000-0000-000000000000}"}
{"SubjectUserName":"WORKSTATION5$","TimeCreated":"2020-10-21 12:19:07.573","SubjectLogonId":"0x3e7","ResourceAttributes":"-","SubjectDomainName":"WORKGROUP","ObjectServer":"Security","ObjectType":"Key","SubjectUserSid":"S-1-5-18","EventID":4663,"Channel":"Security","Task":"12801","ObjectName":"\\REGISTRY\\MACHINE\\SOFTWARE\\Microsoft\\Windows NT\\CurrentVersion\\Winlogon","AccessMask":"0x1","Message":"An attempt was made to access an object.\r\n\r\nSubject:\r\n\tSecurity ID:\t\tS-1-5-18\r\n\tAccount Name:\t\tWORKSTATION5$\r\n\tAccount Domain:\t\tWORKGROUP\r\n\tLogon ID:\t\t0x3E7\r\n\r\nObject:\r\n\tObject Server:\t\tSecurity\r\n\tObject Type:\t\tKey\r\n\tObject Name:\t\t\\REGISTRY\\MACHINE\\SOFTWARE\\Microsoft\\Windows NT\\CurrentVersion\\Winlogon\r\n\tHandle ID:\t\t0x19c\r\n\tResource Attributes:\t-\r\n\r\nProcess Information:\r\n\tProcess ID:\t\t0x75c\r\n\tProcess Name:\t\tC:\\Windows\\System32\\svchost.exe\r\n\r\nAccess Request Information:\r\n\tAccesses:\t\tQuery key value\r\n\t\t\t\t\r\n\tAccess Mask:\t\t0x1","Hostname":"WORKSTATION5","ProcessName":"C:\\Windows\\System32\\svchost.exe","ProcessId":"0x75c","AccessList":"%%4432\n\t\t\t\t","SourceName":"Microsoft-Windows-Security-Auditing","HandleId":"0x19c"}
{"SubjectUserName":"WORKSTATION5$","TimeCreated":"2020-10-21 12:19:07.573","SubjectLogonId":"0x3e7","SubjectDomainName":"WORKGROUP","ObjectServer":"Security","SubjectUserSid":"S-1-5-18","EventID":4658,"Channel":"Security","Task":"12801","Message":"The handle to an object was closed.\r\n\r\nSubject :\r\n\tSecurity ID:\t\tS-1-5-18\r\n\tAccount Name:\t\tWORKSTATION5$\r\n\tAccount Domain:\t\tWORKGROUP\r\n\tLogon ID:\t\t0x3E7\r\n\r\nObject:\r\n\tObject Server:\t\tSecurity\r\n\tHandle ID:\t\t0x19c\r\n\r\nProcess Information:\r\n\tProcess ID:\t\t0x75c\r\n\tProcess Name:\t\tC:\\Windows\\System32\\svchost.exe","Hostname":"WORKSTATION5","ProcessName":"C:\\Windows\\System32\\svchost.exe","ProcessId":"0x75c","SourceName":"Microsoft-Windows-Security-Auditing","HandleId":"0x19c"}
{"SubjectUserName":"WORKSTATION5$","TimeCreated":"2020-10-21 12:19:07.577","SubjectLogonId":"0x3e7","SubjectDomainName":"WORKGROUP","TargetProcessId":"0x4","SubjectUserSid":"S-1-5-18","SourceHandleId":"0x204","EventID":4690,"Channel":"Security","Task":"12807","TargetHandleId":"0x35e4","Message":"An attempt was made to duplicate a handle to an object.\r\n\r\nSubject:\r\n\tSecurity ID:\t\tS-1-5-18\r\n\tAccount Name:\t\tWORKSTATION5$\r\n\tAccount Domain:\t\tWORKGROUP\r\n\tLogon ID:\t\t0x3E7\r\n\r\nSource Handle Information:\r\n\tSource Handle ID:\t0x204\r\n\tSource Process ID:\t0x75c\r\n\r\nNew Handle Information:\r\n\tTarget Handle ID:\t0x35e4\r\n\tTarget Process ID:\t0x4","Hostname":"WORKSTATION5","SourceProcessId":"0x75c","SourceName":"Microsoft-Windows-Security-Auditing"}
{"SubjectUserName":"WORKSTATION5$","TimeCreated":"2020-10-21 12:19:07.577","SubjectLogonId":"0x3e7","SubjectDomainName":"WORKGROUP","ObjectServer":"Security","SubjectUserSid":"S-1-5-18","EventID":4658,"Channel":"Security","Task":"12801","Message":"The handle to an object was closed.\r\n\r\nSubject :\r\n\tSecurity ID:\t\tS-1-5-18\r\n\tAccount Name:\t\tWORKSTATION5$\r\n\tAccount Domain:\t\tWORKGROUP\r\n\tLogon ID:\t\t0x3E7\r\n\r\nObject:\r\n\tObject Server:\t\tSecurity\r\n\tHandle ID:\t\t0x35e4\r\n\r\nProcess Information:\r\n\tProcess ID:\t\t0x75c\r\n\tProcess Name:\t\tC:\\Windows\\System32\\svchost.exe","Hostname":"WORKSTATION5","ProcessName":"C:\\Windows\\System32\\svchost.exe","ProcessId":"0x75c","SourceName":"Microsoft-Windows-Security-Auditing","HandleId":"0x35e4"}
{"SubjectUserName":"WORKSTATION5$","TimeCreated":"2020-10-21 12:19:07.577","SubjectLogonId":"0x3e7","ResourceAttributes":"-","SubjectDomainName":"WORKGROUP","PrivilegeList":"-","ObjectServer":"Security","ObjectType":"Key","SubjectUserSid":"S-1-5-18","EventID":4656,"Channel":"Security","Task":"12801","ObjectName":"\\REGISTRY\\MACHINE\\SOFTWARE\\Microsoft\\Windows NT\\CurrentVersion\\Winlogon","AccessMask":"0x20019","Message":"A handle to an object was requested.\r\n\r\nSubject:\r\n\tSecurity ID:\t\tS-1-5-18\r\n\tAccount Name:\t\tWORKSTATION5$\r\n\tAccount Domain:\t\tWORKGROUP\r\n\tLogon ID:\t\t0x3E7\r\n\r\nObject:\r\n\tObject Server:\t\tSecurity\r\n\tObject Type:\t\tKey\r\n\tObject Name:\t\t\\REGISTRY\\MACHINE\\SOFTWARE\\Microsoft\\Windows NT\\CurrentVersion\\Winlogon\r\n\tHandle ID:\t\t0x204\r\n\tResource Attributes:\t-\r\n\r\nProcess Information:\r\n\tProcess ID:\t\t0x75c\r\n\tProcess Name:\t\tC:\\Windows\\System32\\svchost.exe\r\n\r\nAccess Request Information:\r\n\tTransaction ID:\t\t{00000000-0000-0000-0000-000000000000}\r\n\tAccesses:\t\tREAD_CONTROL\r\n\t\t\t\tQuery key value\r\n\t\t\t\tEnumerate sub-keys\r\n\t\t\t\tNotify about changes to keys\r\n\t\t\t\t\r\n\tAccess Reasons:\t\t-\r\n\tAccess Mask:\t\t0x20019\r\n\tPrivileges Used for Access Check:\t-\r\n\tRestricted SID Count:\t0","Hostname":"WORKSTATION5","ProcessName":"C:\\Windows\\System32\\svchost.exe","ProcessId":"0x75c","AccessReason":"-","RestrictedSidCount":"0","AccessList":"%%1538\n\t\t\t\t%%4432\n\t\t\t\t%%4435\n\t\t\t\t%%4436\n\t\t\t\t","SourceName":"Microsoft-Windows-Security-Auditing","HandleId":"0x204","TransactionId":"{00000000-0000-0000-0000-000000000000}"}
{"SubjectUserName":"WORKSTATION5$","TimeCreated":"2020-10-21 12:19:07.577","SubjectLogonId":"0x3e7","ResourceAttributes":"-","SubjectDomainName":"WORKGROUP","ObjectServer":"Security","ObjectType":"Key","SubjectUserSid":"S-1-5-18","EventID":4663,"Channel":"Security","Task":"12801","ObjectName":"\\REGISTRY\\MACHINE\\SOFTWARE\\Microsoft\\Windows NT\\CurrentVersion\\Winlogon","AccessMask":"0x1","Message":"An attempt was made to access an object.\r\n\r\nSubject:\r\n\tSecurity ID:\t\tS-1-5-18\r\n\tAccount Name:\t\tWORKSTATION5$\r\n\tAccount Domain:\t\tWORKGROUP\r\n\tLogon ID:\t\t0x3E7\r\n\r\nObject:\r\n\tObject Server:\t\tSecurity\r\n\tObject Type:\t\tKey\r\n\tObject Name:\t\t\\REGISTRY\\MACHINE\\SOFTWARE\\Microsoft\\Windows NT\\CurrentVersion\\Winlogon\r\n\tHandle ID:\t\t0x204\r\n\tResource Attributes:\t-\r\n\r\nProcess Information:\r\n\tProcess ID:\t\t0x75c\r\n\tProcess Name:\t\tC:\\Windows\\System32\\svchost.exe\r\n\r\nAccess Request Information:\r\n\tAccesses:\t\tQuery key value\r\n\t\t\t\t\r\n\tAccess Mask:\t\t0x1","Hostname":"WORKSTATION5","ProcessName":"C:\\Windows\\System32\\svchost.exe","ProcessId":"0x75c","AccessList":"%%4432\n\t\t\t\t","SourceName":"Microsoft-Windows-Security-Auditing","HandleId":"0x204"}
{"SubjectUserName":"WORKSTATION5$","TimeCreated":"2020-10-21 12:19:07.577","SubjectLogonId":"0x3e7","SubjectDomainName":"WORKGROUP","ObjectServer":"Security","SubjectUserSid":"S-1-5-18","EventID":4658,"Channel":"Security","Task":"12801","Message":"The handle to an object was closed.\r\n\r\nSubject :\r\n\tSecurity ID:\t\tS-1-5-18\r\n\tAccount Name:\t\tWORKSTATION5$\r\n\tAccount Domain:\t\tWORKGROUP\r\n\tLogon ID:\t\t0x3E7\r\n\r\nObject:\r\n\tObject Server:\t\tSecurity\r\n\tHandle ID:\t\t0x204\r\n\r\nProcess Information:\r\n\tProcess ID:\t\t0x75c\r\n\tProcess Name:\t\tC:\\Windows\\System32\\svchost.exe","Hostname":"WORKSTATION5","ProcessName":"C:\\Windows\\System32\\svchost.exe","ProcessId":"0x75c","SourceName":"Microsoft-Windows-Security-Auditing","HandleId":"0x204"}
{"SubjectUserName":"WORKSTATION5$","TimeCreated":"2020-10-21 12:19:07.579","SubjectLogonId":"0x3e7","SubjectDomainName":"WORKGROUP","TargetProcessId":"0x4","SubjectUserSid":"S-1-5-18","SourceHandleId":"0x22c","EventID":4690,"Channel":"Security","Task":"12807","TargetHandleId":"0x35e4","Message":"An attempt was made to duplicate a handle to an object.\r\n\r\nSubject:\r\n\tSecurity ID:\t\tS-1-5-18\r\n\tAccount Name:\t\tWORKSTATION5$\r\n\tAccount Domain:\t\tWORKGROUP\r\n\tLogon ID:\t\t0x3E7\r\n\r\nSource Handle Information:\r\n\tSource Handle ID:\t0x22c\r\n\tSource Process ID:\t0x75c\r\n\r\nNew Handle Information:\r\n\tTarget Handle ID:\t0x35e4\r\n\tTarget Process ID:\t0x4","Hostname":"WORKSTATION5","SourceProcessId":"0x75c","SourceName":"Microsoft-Windows-Security-Auditing"}
{"SubjectUserName":"WORKSTATION5$","TimeCreated":"2020-10-21 12:19:07.579","SubjectLogonId":"0x3e7","SubjectDomainName":"WORKGROUP","ObjectServer":"Security","SubjectUserSid":"S-1-5-18","EventID":4658,"Channel":"Security","Task":"12801","Message":"The handle to an object was closed.\r\n\r\nSubject :\r\n\tSecurity ID:\t\tS-1-5-18\r\n\tAccount Name:\t\tWORKSTATION5$\r\n\tAccount Domain:\t\tWORKGROUP\r\n\tLogon ID:\t\t0x3E7\r\n\r\nObject:\r\n\tObject Server:\t\tSecurity\r\n\tHandle ID:\t\t0x35e4\r\n\r\nProcess Information:\r\n\tProcess ID:\t\t0x75c\r\n\tProcess Name:\t\tC:\\Windows\\System32\\svchost.exe","Hostname":"WORKSTATION5","ProcessName":"C:\\Windows\\System32\\svchost.exe","ProcessId":"0x75c","SourceName":"Microsoft-Windows-Security-Auditing","HandleId":"0x35e4"}
{"SubjectUserName":"WORKSTATION5$","TimeCreated":"2020-10-21 12:19:07.579","SubjectLogonId":"0x3e7","ResourceAttributes":"-","SubjectDomainName":"WORKGROUP","PrivilegeList":"-","ObjectServer":"Security","ObjectType":"Key","SubjectUserSid":"S-1-5-18","EventID":4656,"Channel":"Security","Task":"12801","ObjectName":"\\REGISTRY\\MACHINE\\SOFTWARE\\Microsoft\\Windows NT\\CurrentVersion\\Winlogon","AccessMask":"0x20019","Message":"A handle to an object was requested.\r\n\r\nSubject:\r\n\tSecurity ID:\t\tS-1-5-18\r\n\tAccount Name:\t\tWORKSTATION5$\r\n\tAccount Domain:\t\tWORKGROUP\r\n\tLogon ID:\t\t0x3E7\r\n\r\nObject:\r\n\tObject Server:\t\tSecurity\r\n\tObject Type:\t\tKey\r\n\tObject Name:\t\t\\REGISTRY\\MACHINE\\SOFTWARE\\Microsoft\\Windows NT\\CurrentVersion\\Winlogon\r\n\tHandle ID:\t\t0x22c\r\n\tResource Attributes:\t-\r\n\r\nProcess Information:\r\n\tProcess ID:\t\t0x75c\r\n\tProcess Name:\t\tC:\\Windows\\System32\\svchost.exe\r\n\r\nAccess Request Information:\r\n\tTransaction ID:\t\t{00000000-0000-0000-0000-000000000000}\r\n\tAccesses:\t\tREAD_CONTROL\r\n\t\t\t\tQuery key value\r\n\t\t\t\tEnumerate sub-keys\r\n\t\t\t\tNotify about changes to keys\r\n\t\t\t\t\r\n\tAccess Reasons:\t\t-\r\n\tAccess Mask:\t\t0x20019\r\n\tPrivileges Used for Access Check:\t-\r\n\tRestricted SID Count:\t0","Hostname":"WORKSTATION5","ProcessName":"C:\\Windows\\System32\\svchost.exe","ProcessId":"0x75c","AccessReason":"-","RestrictedSidCount":"0","AccessList":"%%1538\n\t\t\t\t%%4432\n\t\t\t\t%%4435\n\t\t\t\t%%4436\n\t\t\t\t","SourceName":"Microsoft-Windows-Security-Auditing","HandleId":"0x22c","TransactionId":"{00000000-0000-0000-0000-000000000000}"}
{"SubjectUserName":"WORKSTATION5$","TimeCreated":"2020-10-21 12:19:07.579","SubjectLogonId":"0x3e7","ResourceAttributes":"-","SubjectDomainName":"WORKGROUP","ObjectServer":"Security","ObjectType":"Key","SubjectUserSid":"S-1-5-18","EventID":4663,"Channel":"Security","Task":"12801","ObjectName":"\\REGISTRY\\MACHINE\\SOFTWARE\\Microsoft\\Windows NT\\CurrentVersion\\Winlogon","AccessMask":"0x1","Message":"An attempt was made to access an object.\r\n\r\nSubject:\r\n\tSecurity ID:\t\tS-1-5-18\r\n\tAccount Name:\t\tWORKSTATION5$\r\n\tAccount Domain:\t\tWORKGROUP\r\n\tLogon ID:\t\t0x3E7\r\n\r\nObject:\r\n\tObject Server:\t\tSecurity\r\n\tObject Type:\t\tKey\r\n\tObject Name:\t\t\\REGISTRY\\MACHINE\\SOFTWARE\\Microsoft\\Windows NT\\CurrentVersion\\Winlogon\r\n\tHandle ID:\t\t0x22c\r\n\tResource Attributes:\t-\r\n\r\nProcess Information:\r\n\tProcess ID:\t\t0x75c\r\n\tProcess Name:\t\tC:\\Windows\\System32\\svchost.exe\r\n\r\nAccess Request Information:\r\n\tAccesses:\t\tQuery key value\r\n\t\t\t\t\r\n\tAccess Mask:\t\t0x1","Hostname":"WORKSTATION5","ProcessName":"C:\\Windows\\System32\\svchost.exe","ProcessId":"0x75c","AccessList":"%%4432\n\t\t\t\t","SourceName":"Microsoft-Windows-Security-Auditing","HandleId":"0x22c"}
{"SubjectUserName":"WORKSTATION5$","TimeCreated":"2020-10-21 12:19:07.579","SubjectLogonId":"0x3e7","SubjectDomainName":"WORKGROUP","ObjectServer":"Security","SubjectUserSid":"S-1-5-18","EventID":4658,"Channel":"Security","Task":"12801","Message":"The handle to an object was closed.\r\n\r\nSubject :\r\n\tSecurity ID:\t\tS-1-5-18\r\n\tAccount Name:\t\tWORKSTATION5$\r\n\tAccount Domain:\t\tWORKGROUP\r\n\tLogon ID:\t\t0x3E7\r\n\r\nObject:\r\n\tObject Server:\t\tSecurity\r\n\tHandle ID:\t\t0x22c\r\n\r\nProcess Information:\r\n\tProcess ID:\t\t0x75c\r\n\tProcess Name:\t\tC:\\Windows\\System32\\svchost.exe","Hostname":"WORKSTATION5","ProcessName":"C:\\Windows\\System32\\svchost.exe","ProcessId":"0x75c","SourceName":"Microsoft-Windows-Security-Auditing","HandleId":"0x22c"}
{"SubjectUserName":"WORKSTATION5$","TimeCreated":"2020-10-21 12:19:07.579","SubjectLogonId":"0x3e7","SubjectDomainName":"WORKGROUP","TargetProcessId":"0x4","SubjectUserSid":"S-1-5-18","SourceHandleId":"0x228","EventID":4690,"Channel":"Security","Task":"12807","TargetHandleId":"0x35e4","Message":"An attempt was made to duplicate a handle to an object.\r\n\r\nSubject:\r\n\tSecurity ID:\t\tS-1-5-18\r\n\tAccount Name:\t\tWORKSTATION5$\r\n\tAccount Domain:\t\tWORKGROUP\r\n\tLogon ID:\t\t0x3E7\r\n\r\nSource Handle Information:\r\n\tSource Handle ID:\t0x228\r\n\tSource Process ID:\t0x75c\r\n\r\nNew Handle Information:\r\n\tTarget Handle ID:\t0x35e4\r\n\tTarget Process ID:\t0x4","Hostname":"WORKSTATION5","SourceProcessId":"0x75c","SourceName":"Microsoft-Windows-Security-Auditing"}
{"SubjectUserName":"WORKSTATION5$","TimeCreated":"2020-10-21 12:19:07.579","SubjectLogonId":"0x3e7","SubjectDomainName":"WORKGROUP","ObjectServer":"Security","SubjectUserSid":"S-1-5-18","EventID":4658,"Channel":"Security","Task":"12801","Message":"The handle to an object was closed.\r\n\r\nSubject :\r\n\tSecurity ID:\t\tS-1-5-18\r\n\tAccount Name:\t\tWORKSTATION5$\r\n\tAccount Domain:\t\tWORKGROUP\r\n\tLogon ID:\t\t0x3E7\r\n\r\nObject:\r\n\tObject Server:\t\tSecurity\r\n\tHandle ID:\t\t0x35e4\r\n\r\nProcess Information:\r\n\tProcess ID:\t\t0x75c\r\n\tProcess Name:\t\tC:\\Windows\\System32\\svchost.exe","Hostname":"WORKSTATION5","ProcessName":"C:\\Windows\\System32\\svchost.exe","ProcessId":"0x75c","SourceName":"Microsoft-Windows-Security-Auditing","HandleId":"0x35e4"}
{"SubjectUserName":"WORKSTATION5$","TimeCreated":"2020-10-21 12:19:07.579","SubjectLogonId":"0x3e7","ResourceAttributes":"-","SubjectDomainName":"WORKGROUP","PrivilegeList":"-","ObjectServer":"Security","ObjectType":"Key","SubjectUserSid":"S-1-5-18","EventID":4656,"Channel":"Security","Task":"12801","ObjectName":"\\REGISTRY\\MACHINE\\SOFTWARE\\Microsoft\\Windows NT\\CurrentVersion\\Winlogon","AccessMask":"0x20019","Message":"A handle to an object was requested.\r\n\r\nSubject:\r\n\tSecurity ID:\t\tS-1-5-18\r\n\tAccount Name:\t\tWORKSTATION5$\r\n\tAccount Domain:\t\tWORKGROUP\r\n\tLogon ID:\t\t0x3E7\r\n\r\nObject:\r\n\tObject Server:\t\tSecurity\r\n\tObject Type:\t\tKey\r\n\tObject Name:\t\t\\REGISTRY\\MACHINE\\SOFTWARE\\Microsoft\\Windows NT\\CurrentVersion\\Winlogon\r\n\tHandle ID:\t\t0x228\r\n\tResource Attributes:\t-\r\n\r\nProcess Information:\r\n\tProcess ID:\t\t0x75c\r\n\tProcess Name:\t\tC:\\Windows\\System32\\svchost.exe\r\n\r\nAccess Request Information:\r\n\tTransaction ID:\t\t{00000000-0000-0000-0000-000000000000}\r\n\tAccesses:\t\tREAD_CONTROL\r\n\t\t\t\tQuery key value\r\n\t\t\t\tEnumerate sub-keys\r\n\t\t\t\tNotify about changes to keys\r\n\t\t\t\t\r\n\tAccess Reasons:\t\t-\r\n\tAccess Mask:\t\t0x20019\r\n\tPrivileges Used for Access Check:\t-\r\n\tRestricted SID Count:\t0","Hostname":"WORKSTATION5","ProcessName":"C:\\Windows\\System32\\svchost.exe","ProcessId":"0x75c","AccessReason":"-","RestrictedSidCount":"0","AccessList":"%%1538\n\t\t\t\t%%4432\n\t\t\t\t%%4435\n\t\t\t\t%%4436\n\t\t\t\t","SourceName":"Microsoft-Windows-Security-Auditing","HandleId":"0x228","TransactionId":"{00000000-0000-0000-0000-000000000000}"}
{"SubjectUserName":"WORKSTATION5$","TimeCreated":"2020-10-21 12:19:07.579","SubjectLogonId":"0x3e7","ResourceAttributes":"-","SubjectDomainName":"WORKGROUP","ObjectServer":"Security","ObjectType":"Key","SubjectUserSid":"S-1-5-18","EventID":4663,"Channel":"Security","Task":"12801","ObjectName":"\\REGISTRY\\MACHINE\\SOFTWARE\\Microsoft\\Windows NT\\CurrentVersion\\Winlogon","AccessMask":"0x1","Message":"An attempt was made to access an object.\r\n\r\nSubject:\r\n\tSecurity ID:\t\tS-1-5-18\r\n\tAccount Name:\t\tWORKSTATION5$\r\n\tAccount Domain:\t\tWORKGROUP\r\n\tLogon ID:\t\t0x3E7\r\n\r\nObject:\r\n\tObject Server:\t\tSecurity\r\n\tObject Type:\t\tKey\r\n\tObject Name:\t\t\\REGISTRY\\MACHINE\\SOFTWARE\\Microsoft\\Windows NT\\CurrentVersion\\Winlogon\r\n\tHandle ID:\t\t0x228\r\n\tResource Attributes:\t-\r\n\r\nProcess Information:\r\n\tProcess ID:\t\t0x75c\r\n\tProcess Name:\t\tC:\\Windows\\System32\\svchost.exe\r\n\r\nAccess Request Information:\r\n\tAccesses:\t\tQuery key value\r\n\t\t\t\t\r\n\tAccess Mask:\t\t0x1","Hostname":"WORKSTATION5","ProcessName":"C:\\Windows\\System32\\svchost.exe","ProcessId":"0x75c","AccessList":"%%4432\n\t\t\t\t","SourceName":"Microsoft-Windows-Security-Auditing","HandleId":"0x228"}
{"SubjectUserName":"WORKSTATION5$","TimeCreated":"2020-10-21 12:19:07.579","SubjectLogonId":"0x3e7","SubjectDomainName":"WORKGROUP","ObjectServer":"Security","SubjectUserSid":"S-1-5-18","EventID":4658,"Channel":"Security","Task":"12801","Message":"The handle to an object was closed.\r\n\r\nSubject :\r\n\tSecurity ID:\t\tS-1-5-18\r\n\tAccount Name:\t\tWORKSTATION5$\r\n\tAccount Domain:\t\tWORKGROUP\r\n\tLogon ID:\t\t0x3E7\r\n\r\nObject:\r\n\tObject Server:\t\tSecurity\r\n\tHandle ID:\t\t0x228\r\n\r\nProcess Information:\r\n\tProcess ID:\t\t0x75c\r\n\tProcess Name:\t\tC:\\Windows\\System32\\svchost.exe","Hostname":"WORKSTATION5","ProcessName":"C:\\Windows\\System32\\svchost.exe","ProcessId":"0x75c","SourceName":"Microsoft-Windows-Security-Auditing","HandleId":"0x228"}
{"SubjectUserName":"WORKSTATION5$","TimeCreated":"2020-10-21 12:19:07.586","SubjectLogonId":"0x3e7","SubjectDomainName":"WORKGROUP","TargetProcessId":"0x4","SubjectUserSid":"S-1-5-18","SourceHandleId":"0x248","EventID":4690,"Channel":"Security","Task":"12807","TargetHandleId":"0x35e4","Message":"An attempt was made to duplicate a handle to an object.\r\n\r\nSubject:\r\n\tSecurity ID:\t\tS-1-5-18\r\n\tAccount Name:\t\tWORKSTATION5$\r\n\tAccount Domain:\t\tWORKGROUP\r\n\tLogon ID:\t\t0x3E7\r\n\r\nSource Handle Information:\r\n\tSource Handle ID:\t0x248\r\n\tSource Process ID:\t0x75c\r\n\r\nNew Handle Information:\r\n\tTarget Handle ID:\t0x35e4\r\n\tTarget Process ID:\t0x4","Hostname":"WORKSTATION5","SourceProcessId":"0x75c","SourceName":"Microsoft-Windows-Security-Auditing"}
{"SubjectUserName":"WORKSTATION5$","TimeCreated":"2020-10-21 12:19:07.586","SubjectLogonId":"0x3e7","SubjectDomainName":"WORKGROUP","ObjectServer":"Security","SubjectUserSid":"S-1-5-18","EventID":4658,"Channel":"Security","Task":"12801","Message":"The handle to an object was closed.\r\n\r\nSubject :\r\n\tSecurity ID:\t\tS-1-5-18\r\n\tAccount Name:\t\tWORKSTATION5$\r\n\tAccount Domain:\t\tWORKGROUP\r\n\tLogon ID:\t\t0x3E7\r\n\r\nObject:\r\n\tObject Server:\t\tSecurity\r\n\tHandle ID:\t\t0x35e4\r\n\r\nProcess Information:\r\n\tProcess ID:\t\t0x75c\r\n\tProcess Name:\t\tC:\\Windows\\System32\\svchost.exe","Hostname":"WORKSTATION5","ProcessName":"C:\\Windows\\System32\\svchost.exe","ProcessId":"0x75c","SourceName":"Microsoft-Windows-Security-Auditing","HandleId":"0x35e4"}
{"SubjectUserName":"WORKSTATION5$","TimeCreated":"2020-10-21 12:19:07.586","SubjectLogonId":"0x3e7","ResourceAttributes":"-","SubjectDomainName":"WORKGROUP","PrivilegeList":"-","ObjectServer":"Security","ObjectType":"Key","SubjectUserSid":"S-1-5-18","EventID":4656,"Channel":"Security","Task":"12801","ObjectName":"\\REGISTRY\\MACHINE\\SOFTWARE\\Microsoft\\Windows NT\\CurrentVersion\\Winlogon","AccessMask":"0x20019","Message":"A handle to an object was requested.\r\n\r\nSubject:\r\n\tSecurity ID:\t\tS-1-5-18\r\n\tAccount Name:\t\tWORKSTATION5$\r\n\tAccount Domain:\t\tWORKGROUP\r\n\tLogon ID:\t\t0x3E7\r\n\r\nObject:\r\n\tObject Server:\t\tSecurity\r\n\tObject Type:\t\tKey\r\n\tObject Name:\t\t\\REGISTRY\\MACHINE\\SOFTWARE\\Microsoft\\Windows NT\\CurrentVersion\\Winlogon\r\n\tHandle ID:\t\t0x248\r\n\tResource Attributes:\t-\r\n\r\nProcess Information:\r\n\tProcess ID:\t\t0x75c\r\n\tProcess Name:\t\tC:\\Windows\\System32\\svchost.exe\r\n\r\nAccess Request Information:\r\n\tTransaction ID:\t\t{00000000-0000-0000-0000-000000000000}\r\n\tAccesses:\t\tREAD_CONTROL\r\n\t\t\t\tQuery key value\r\n\t\t\t\tEnumerate sub-keys\r\n\t\t\t\tNotify about changes to keys\r\n\t\t\t\t\r\n\tAccess Reasons:\t\t-\r\n\tAccess Mask:\t\t0x20019\r\n\tPrivileges Used for Access Check:\t-\r\n\tRestricted SID Count:\t0","Hostname":"WORKSTATION5","ProcessName":"C:\\Windows\\System32\\svchost.exe","ProcessId":"0x75c","AccessReason":"-","RestrictedSidCount":"0","AccessList":"%%1538\n\t\t\t\t%%4432\n\t\t\t\t%%4435\n\t\t\t\t%%4436\n\t\t\t\t","SourceName":"Microsoft-Windows-Security-Auditing","HandleId":"0x248","TransactionId":"{00000000-0000-0000-0000-000000000000}"}
{"SubjectUserName":"WORKSTATION5$","TimeCreated":"2020-10-21 12:19:07.586","SubjectLogonId":"0x3e7","ResourceAttributes":"-","SubjectDomainName":"WORKGROUP","ObjectServer":"Security","ObjectType":"Key","SubjectUserSid":"S-1-5-18","EventID":4663,"Channel":"Security","Task":"12801","ObjectName":"\\REGISTRY\\MACHINE\\SOFTWARE\\Microsoft\\Windows NT\\CurrentVersion\\Winlogon","AccessMask":"0x1","Message":"An attempt was made to access an object.\r\n\r\nSubject:\r\n\tSecurity ID:\t\tS-1-5-18\r\n\tAccount Name:\t\tWORKSTATION5$\r\n\tAccount Domain:\t\tWORKGROUP\r\n\tLogon ID:\t\t0x3E7\r\n\r\nObject:\r\n\tObject Server:\t\tSecurity\r\n\tObject Type:\t\tKey\r\n\tObject Name:\t\t\\REGISTRY\\MACHINE\\SOFTWARE\\Microsoft\\Windows NT\\CurrentVersion\\Winlogon\r\n\tHandle ID:\t\t0x248\r\n\tResource Attributes:\t-\r\n\r\nProcess Information:\r\n\tProcess ID:\t\t0x75c\r\n\tProcess Name:\t\tC:\\Windows\\System32\\svchost.exe\r\n\r\nAccess Request Information:\r\n\tAccesses:\t\tQuery key value\r\n\t\t\t\t\r\n\tAccess Mask:\t\t0x1","Hostname":"WORKSTATION5","ProcessName":"C:\\Windows\\System32\\svchost.exe","ProcessId":"0x75c","AccessList":"%%4432\n\t\t\t\t","SourceName":"Microsoft-Windows-Security-Auditing","HandleId":"0x248"}
{"SubjectUserName":"WORKSTATION5$","TimeCreated":"2020-10-21 12:19:07.586","SubjectLogonId":"0x3e7","SubjectDomainName":"WORKGROUP","ObjectServer":"Security","SubjectUserSid":"S-1-5-18","EventID":4658,"Channel":"Security","Task":"12801","Message":"The handle to an object was closed.\r\n\r\nSubject :\r\n\tSecurity ID:\t\tS-1-5-18\r\n\tAccount Name:\t\tWORKSTATION5$\r\n\tAccount Domain:\t\tWORKGROUP\r\n\tLogon ID:\t\t0x3E7\r\n\r\nObject:\r\n\tObject Server:\t\tSecurity\r\n\tHandle ID:\t\t0x248\r\n\r\nProcess Information:\r\n\tProcess ID:\t\t0x75c\r\n\tProcess Name:\t\tC:\\Windows\\System32\\svchost.exe","Hostname":"WORKSTATION5","ProcessName":"C:\\Windows\\System32\\svchost.exe","ProcessId":"0x75c","SourceName":"Microsoft-Windows-Security-Auditing","HandleId":"0x248"}
{"SubjectUserName":"WORKSTATION5$","TimeCreated":"2020-10-21 12:19:07.587","SubjectLogonId":"0x3e7","SubjectDomainName":"WORKGROUP","TargetProcessId":"0x4","SubjectUserSid":"S-1-5-18","SourceHandleId":"0x298","EventID":4690,"Channel":"Security","Task":"12807","TargetHandleId":"0x2324","Message":"An attempt was made to duplicate a handle to an object.\r\n\r\nSubject:\r\n\tSecurity ID:\t\tS-1-5-18\r\n\tAccount Name:\t\tWORKSTATION5$\r\n\tAccount Domain:\t\tWORKGROUP\r\n\tLogon ID:\t\t0x3E7\r\n\r\nSource Handle Information:\r\n\tSource Handle ID:\t0x298\r\n\tSource Process ID:\t0x75c\r\n\r\nNew Handle Information:\r\n\tTarget Handle ID:\t0x2324\r\n\tTarget Process ID:\t0x4","Hostname":"WORKSTATION5","SourceProcessId":"0x75c","SourceName":"Microsoft-Windows-Security-Auditing"}
{"SubjectUserName":"WORKSTATION5$","TimeCreated":"2020-10-21 12:19:07.587","SubjectLogonId":"0x3e7","SubjectDomainName":"WORKGROUP","ObjectServer":"Security","SubjectUserSid":"S-1-5-18","EventID":4658,"Channel":"Security","Task":"12801","Message":"The handle to an object was closed.\r\n\r\nSubject :\r\n\tSecurity ID:\t\tS-1-5-18\r\n\tAccount Name:\t\tWORKSTATION5$\r\n\tAccount Domain:\t\tWORKGROUP\r\n\tLogon ID:\t\t0x3E7\r\n\r\nObject:\r\n\tObject Server:\t\tSecurity\r\n\tHandle ID:\t\t0x2324\r\n\r\nProcess Information:\r\n\tProcess ID:\t\t0x75c\r\n\tProcess Name:\t\tC:\\Windows\\System32\\svchost.exe","Hostname":"WORKSTATION5","ProcessName":"C:\\Windows\\System32\\svchost.exe","ProcessId":"0x75c","SourceName":"Microsoft-Windows-Security-Auditing","HandleId":"0x2324"}
{"SubjectUserName":"WORKSTATION5$","TimeCreated":"2020-10-21 12:19:07.587","SubjectLogonId":"0x3e7","ResourceAttributes":"-","SubjectDomainName":"WORKGROUP","PrivilegeList":"-","ObjectServer":"Security","ObjectType":"Key","SubjectUserSid":"S-1-5-18","EventID":4656,"Channel":"Security","Task":"12801","ObjectName":"\\REGISTRY\\MACHINE\\SOFTWARE\\Microsoft\\Windows NT\\CurrentVersion\\Winlogon","AccessMask":"0x20019","Message":"A handle to an object was requested.\r\n\r\nSubject:\r\n\tSecurity ID:\t\tS-1-5-18\r\n\tAccount Name:\t\tWORKSTATION5$\r\n\tAccount Domain:\t\tWORKGROUP\r\n\tLogon ID:\t\t0x3E7\r\n\r\nObject:\r\n\tObject Server:\t\tSecurity\r\n\tObject Type:\t\tKey\r\n\tObject Name:\t\t\\REGISTRY\\MACHINE\\SOFTWARE\\Microsoft\\Windows NT\\CurrentVersion\\Winlogon\r\n\tHandle ID:\t\t0x298\r\n\tResource Attributes:\t-\r\n\r\nProcess Information:\r\n\tProcess ID:\t\t0x75c\r\n\tProcess Name:\t\tC:\\Windows\\System32\\svchost.exe\r\n\r\nAccess Request Information:\r\n\tTransaction ID:\t\t{00000000-0000-0000-0000-000000000000}\r\n\tAccesses:\t\tREAD_CONTROL\r\n\t\t\t\tQuery key value\r\n\t\t\t\tEnumerate sub-keys\r\n\t\t\t\tNotify about changes to keys\r\n\t\t\t\t\r\n\tAccess Reasons:\t\t-\r\n\tAccess Mask:\t\t0x20019\r\n\tPrivileges Used for Access Check:\t-\r\n\tRestricted SID Count:\t0","Hostname":"WORKSTATION5","ProcessName":"C:\\Windows\\System32\\svchost.exe","ProcessId":"0x75c","AccessReason":"-","RestrictedSidCount":"0","AccessList":"%%1538\n\t\t\t\t%%4432\n\t\t\t\t%%4435\n\t\t\t\t%%4436\n\t\t\t\t","SourceName":"Microsoft-Windows-Security-Auditing","HandleId":"0x298","TransactionId":"{00000000-0000-0000-0000-000000000000}"}
{"SubjectUserName":"WORKSTATION5$","TimeCreated":"2020-10-21 12:19:07.587","SubjectLogonId":"0x3e7","ResourceAttributes":"-","SubjectDomainName":"WORKGROUP","ObjectServer":"Security","ObjectType":"Key","SubjectUserSid":"S-1-5-18","EventID":4663,"Channel":"Security","Task":"12801","ObjectName":"\\REGISTRY\\MACHINE\\SOFTWARE\\Microsoft\\Windows NT\\CurrentVersion\\Winlogon","AccessMask":"0x1","Message":"An attempt was made to access an object.\r\n\r\nSubject:\r\n\tSecurity ID:\t\tS-1-5-18\r\n\tAccount Name:\t\tWORKSTATION5$\r\n\tAccount Domain:\t\tWORKGROUP\r\n\tLogon ID:\t\t0x3E7\r\n\r\nObject:\r\n\tObject Server:\t\tSecurity\r\n\tObject Type:\t\tKey\r\n\tObject Name:\t\t\\REGISTRY\\MACHINE\\SOFTWARE\\Microsoft\\Windows NT\\CurrentVersion\\Winlogon\r\n\tHandle ID:\t\t0x298\r\n\tResource Attributes:\t-\r\n\r\nProcess Information:\r\n\tProcess ID:\t\t0x75c\r\n\tProcess Name:\t\tC:\\Windows\\System32\\svchost.exe\r\n\r\nAccess Request Information:\r\n\tAccesses:\t\tQuery key value\r\n\t\t\t\t\r\n\tAccess Mask:\t\t0x1","Hostname":"WORKSTATION5","ProcessName":"C:\\Windows\\System32\\svchost.exe","ProcessId":"0x75c","AccessList":"%%4432\n\t\t\t\t","SourceName":"Microsoft-Windows-Security-Auditing","HandleId":"0x298"}
