{"SourceImage":"C:\\windows\\Explorer.EXE","TimeCreated":"2020-10-18 10:56:17.953","GrantedAccess":"0x1000","SourceName":"Microsoft-Windows-Sysmon","SourceThreadId":"4688","CallTrace":"C:\\windows\\SYSTEM32\\ntdll.dll+9c584|C:\\windows\\System32\\KERNELBASE.dll+305fe|C:\\windows\\SYSTEM32\\TWINAPI.dll+6d4c|C:\\windows\\system32\\twinui.pcshell.dll+20880|C:\\windows\\system32\\twinui.pcshell.dll+20082|C:\\windows\\system32\\twinui.dll+1780b|C:\\windows\\system32\\twinui.dll+1734c|C:\\windows\\system32\\twinui.dll+68f7a|C:\\windows\\system32\\twinui.dll+16e09|C:\\windows\\system32\\twinui.dll+16f4b|C:\\windows\\system32\\twinui.dll+16ecd|C:\\windows\\System32\\USER32.dll+15c1d|C:\\windows\\System32\\USER32.dll+15612|C:\\Windows\\System32\\windows.immersiveshell.serviceprovider.dll+45f0|C:\\Windows\\System32\\windows.immersiveshell.serviceprovider.dll+41b9|C:\\Windows\\System32\\windows.immersiveshell.serviceprovider.dll+3e4f|C:\\windows\\System32\\KERNEL32.DLL+17c24|C:\\windows\\SYSTEM32\\ntdll.dll+6cea1","UtcTime":"2020-10-19 02:56:17.939","TargetProcessGUID":"{39e4a257-f1cd-5f8b-c400-000000000700}","SourceProcessId":"1072","EventID":10,"Channel":"Microsoft-Windows-Sysmon/Operational","Task":"10","RuleName":"-","Message":"Process accessed:\r\nRuleName: -\r\nUtcTime: 2020-10-19 02:56:17.939\r\nSourceProcessGUID: {39e4a257-f1b3-5f8b-a700-000000000700}\r\nSourceProcessId: 1072\r\nSourceThreadId: 4688\r\nSourceImage: C:\\windows\\Explorer.EXE\r\nTargetProcessGUID: {39e4a257-f1cd-5f8b-c400-000000000700}\r\nTargetProcessId: 7652\r\nTargetImage: C:\\Windows\\System32\\WindowsPowerShell\\v1.0\\powershell.exe\r\nGrantedAccess: 0x1000\r\nCallTrace: C:\\windows\\SYSTEM32\\ntdll.dll+9c584|C:\\windows\\System32\\KERNELBASE.dll+305fe|C:\\windows\\SYSTEM32\\TWINAPI.dll+6d4c|C:\\windows\\system32\\twinui.pcshell.dll+20880|C:\\windows\\system32\\twinui.pcshell.dll+20082|C:\\windows\\system32\\twinui.dll+1780b|C:\\windows\\system32\\twinui.dll+1734c|C:\\windows\\system32\\twinui.dll+68f7a|C:\\windows\\system32\\twinui.dll+16e09|C:\\windows\\system32\\twinui.dll+16f4b|C:\\windows\\system32\\twinui.dll+16ecd|C:\\windows\\System32\\USER32.dll+15c1d|C:\\windows\\System32\\USER32.dll+15612|C:\\Windows\\System32\\windows.immersiveshell.serviceprovider.dll+45f0|C:\\Windows\\System32\\windows.immersiveshell.serviceprovider.dll+41b9|C:\\Windows\\System32\\windows.immersiveshell.serviceprovider.dll+3e4f|C:\\windows\\System32\\KERNEL32.DLL+17c24|C:\\windows\\SYSTEM32\\ntdll.dll+6cea1","Hostname":"WORKSTATION5","TargetProcessId":"7652","TargetImage":"C:\\Windows\\System32\\WindowsPowerShell\\v1.0\\powershell.exe","SourceProcessGUID":"{39e4a257-f1b3-5f8b-a700-000000000700}"}
{"TimeCreated":"2020-10-18 10:56:17.953","SourceName":"Microsoft-Windows-Sysmon","UtcTime":"2020-10-19 02:56:17.939","ProcessGuid":"{39e4a257-f1b3-5f8b-a700-000000000700}","Image":"C:\\windows\\Explorer.EXE","EventID":13,"Channel":"Microsoft-Windows-Sysmon/Operational","Task":"13","RuleName":"-","Message":"Registry value set:\r\nRuleName: -\r\nEventType: SetValue\r\nUtcTime: 2020-10-19 02:56:17.939\r\nProcessGuid: {39e4a257-f1b3-5f8b-a700-000000000700}\r\nProcessId: 1072\r\nImage: C:\\windows\\Explorer.EXE\r\nTargetObject: HKU\\S-1-5-21-3940915590-64593676-1414006259-500\\Software\\Microsoft\\Windows\\CurrentVersion\\Explorer\\UserAssist\\{CEBFF5CD-ACE2-4F4F-9178-9926F41749EA}\\Count\\HRZR_PGYFRFFVBA\r\nDetails: Binary Data","Hostname":"WORKSTATION5","Details":"Binary Data","ProcessId":"1072","EventType":"SetValue","TargetObject":"HKU\\S-1-5-21-3940915590-64593676-1414006259-500\\Software\\Microsoft\\Windows\\CurrentVersion\\Explorer\\UserAssist\\{CEBFF5CD-ACE2-4F4F-9178-9926F41749EA}\\Count\\HRZR_PGYFRFFVBA"}
{"TimeCreated":"2020-10-18 10:56:17.953","SourceName":"Microsoft-Windows-Sysmon","UtcTime":"2020-10-19 02:56:17.939","ProcessGuid":"{39e4a257-f1b3-5f8b-a700-000000000700}","Image":"C:\\windows\\Explorer.EXE","EventID":13,"Channel":"Microsoft-Windows-Sysmon/Operational","Task":"13","RuleName":"-","Message":"Registry value set:\r\nRuleName: -\r\nEventType: SetValue\r\nUtcTime: 2020-10-19 02:56:17.939\r\nProcessGuid: {39e4a257-f1b3-5f8b-a700-000000000700}\r\nProcessId: 1072\r\nImage: C:\\windows\\Explorer.EXE\r\nTargetObject: HKU\\S-1-5-21-3940915590-64593676-1414006259-500\\Software\\Microsoft\\Windows\\CurrentVersion\\Explorer\\UserAssist\\{CEBFF5CD-ACE2-4F4F-9178-9926F41749EA}\\Count\\{1NP14R77-02R7-4R5Q-O744-2RO1NR5198O7}\\pzq.rkr\r\nDetails: Binary Data","Hostname":"WORKSTATION5","Details":"Binary Data","ProcessId":"1072","EventType":"SetValue","TargetObject":"HKU\\S-1-5-21-3940915590-64593676-1414006259-500\\Software\\Microsoft\\Windows\\CurrentVersion\\Explorer\\UserAssist\\{CEBFF5CD-ACE2-4F4F-9178-9926F41749EA}\\Count\\{1NP14R77-02R7-4R5Q-O744-2RO1NR5198O7}\\pzq.rkr"}
{"SourceImage":"C:\\windows\\Explorer.EXE","TimeCreated":"2020-10-18 10:56:17.953","GrantedAccess":"0x1410","SourceName":"Microsoft-Windows-Sysmon","SourceThreadId":"5060","CallTrace":"C:\\windows\\SYSTEM32\\ntdll.dll+9c584|C:\\windows\\System32\\KERNELBASE.dll+305fe|C:\\Windows\\System32\\appresolver.dll+21ee8|C:\\Windows\\System32\\appresolver.dll+1ef46|C:\\Windows\\System32\\appresolver.dll+1ecb7|C:\\windows\\Explorer.EXE+5b1a7|C:\\windows\\Explorer.EXE+5b0a4|C:\\windows\\Explorer.EXE+29a50|C:\\windows\\System32\\windows.storage.dll+16e1c4|C:\\windows\\System32\\windows.storage.dll+16de05|C:\\windows\\System32\\windows.storage.dll+16dce5|C:\\windows\\System32\\shcore.dll+31636|C:\\windows\\SYSTEM32\\ntdll.dll+2f655|C:\\windows\\SYSTEM32\\ntdll.dll+345b4|C:\\windows\\System32\\KERNEL32.DLL+17c24|C:\\windows\\SYSTEM32\\ntdll.dll+6cea1","UtcTime":"2020-10-19 02:56:17.939","TargetProcessGUID":"{39e4a257-f1cd-5f8b-c400-000000000700}","SourceProcessId":"1072","EventID":10,"Channel":"Microsoft-Windows-Sysmon/Operational","Task":"10","RuleName":"-","Message":"Process accessed:\r\nRuleName: -\r\nUtcTime: 2020-10-19 02:56:17.939\r\nSourceProcessGUID: {39e4a257-f1b3-5f8b-a700-000000000700}\r\nSourceProcessId: 1072\r\nSourceThreadId: 5060\r\nSourceImage: C:\\windows\\Explorer.EXE\r\nTargetProcessGUID: {39e4a257-f1cd-5f8b-c400-000000000700}\r\nTargetProcessId: 7652\r\nTargetImage: C:\\Windows\\System32\\WindowsPowerShell\\v1.0\\powershell.exe\r\nGrantedAccess: 0x1410\r\nCallTrace: C:\\windows\\SYSTEM32\\ntdll.dll+9c584|C:\\windows\\System32\\KERNELBASE.dll+305fe|C:\\Windows\\System32\\appresolver.dll+21ee8|C:\\Windows\\System32\\appresolver.dll+1ef46|C:\\Windows\\System32\\appresolver.dll+1ecb7|C:\\windows\\Explorer.EXE+5b1a7|C:\\windows\\Explorer.EXE+5b0a4|C:\\windows\\Explorer.EXE+29a50|C:\\windows\\System32\\windows.storage.dll+16e1c4|C:\\windows\\System32\\windows.storage.dll+16de05|C:\\windows\\System32\\windows.storage.dll+16dce5|C:\\windows\\System32\\shcore.dll+31636|C:\\windows\\SYSTEM32\\ntdll.dll+2f655|C:\\windows\\SYSTEM32\\ntdll.dll+345b4|C:\\windows\\System32\\KERNEL32.DLL+17c24|C:\\windows\\SYSTEM32\\ntdll.dll+6cea1","Hostname":"WORKSTATION5","TargetProcessId":"7652","TargetImage":"C:\\Windows\\System32\\WindowsPowerShell\\v1.0\\powershell.exe","SourceProcessGUID":"{39e4a257-f1b3-5f8b-a700-000000000700}"}
{"SourceImage":"C:\\windows\\Explorer.EXE","TimeCreated":"2020-10-18 10:56:17.953","GrantedAccess":"0x1000","SourceName":"Microsoft-Windows-Sysmon","SourceThreadId":"5060","CallTrace":"C:\\windows\\SYSTEM32\\ntdll.dll+9c584|C:\\windows\\System32\\KERNELBASE.dll+305fe|C:\\Windows\\System32\\appresolver.dll+1ee93|C:\\Windows\\System32\\appresolver.dll+1ecb7|C:\\windows\\Explorer.EXE+5b1a7|C:\\windows\\Explorer.EXE+5b0a4|C:\\windows\\Explorer.EXE+29a50|C:\\windows\\System32\\windows.storage.dll+16e1c4|C:\\windows\\System32\\windows.storage.dll+16de05|C:\\windows\\System32\\windows.storage.dll+16dce5|C:\\windows\\System32\\shcore.dll+31636|C:\\windows\\SYSTEM32\\ntdll.dll+2f655|C:\\windows\\SYSTEM32\\ntdll.dll+345b4|C:\\windows\\System32\\KERNEL32.DLL+17c24|C:\\windows\\SYSTEM32\\ntdll.dll+6cea1","UtcTime":"2020-10-19 02:56:17.939","TargetProcessGUID":"{39e4a257-f1cd-5f8b-c400-000000000700}","SourceProcessId":"1072","EventID":10,"Channel":"Microsoft-Windows-Sysmon/Operational","Task":"10","RuleName":"-","Message":"Process accessed:\r\nRuleName: -\r\nUtcTime: 2020-10-19 02:56:17.939\r\nSourceProcessGUID: {39e4a257-f1b3-5f8b-a700-000000000700}\r\nSourceProcessId: 1072\r\nSourceThreadId: 5060\r\nSourceImage: C:\\windows\\Explorer.EXE\r\nTargetProcessGUID: {39e4a257-f1cd-5f8b-c400-000000000700}\r\nTargetProcessId: 7652\r\nTargetImage: C:\\Windows\\System32\\WindowsPowerShell\\v1.0\\powershell.exe\r\nGrantedAccess: 0x1000\r\nCallTrace: C:\\windows\\SYSTEM32\\ntdll.dll+9c584|C:\\windows\\System32\\KERNELBASE.dll+305fe|C:\\Windows\\System32\\appresolver.dll+1ee93|C:\\Windows\\System32\\appresolver.dll+1ecb7|C:\\windows\\Explorer.EXE+5b1a7|C:\\windows\\Explorer.EXE+5b0a4|C:\\windows\\Explorer.EXE+29a50|C:\\windows\\System32\\windows.storage.dll+16e1c4|C:\\windows\\System32\\windows.storage.dll+16de05|C:\\windows\\System32\\windows.storage.dll+16dce5|C:\\windows\\System32\\shcore.dll+31636|C:\\windows\\SYSTEM32\\ntdll.dll+2f655|C:\\windows\\SYSTEM32\\ntdll.dll+345b4|C:\\windows\\System32\\KERNEL32.DLL+17c24|C:\\windows\\SYSTEM32\\ntdll.dll+6cea1","Hostname":"WORKSTATION5","TargetProcessId":"7652","TargetImage":"C:\\Windows\\System32\\WindowsPowerShell\\v1.0\\powershell.exe","SourceProcessGUID":"{39e4a257-f1b3-5f8b-a700-000000000700}"}
{"SourceImage":"C:\\windows\\Explorer.EXE","TimeCreated":"2020-10-18 10:56:17.952","GrantedAccess":"0x1000","SourceName":"Microsoft-Windows-Sysmon","SourceThreadId":"5060","CallTrace":"C:\\windows\\SYSTEM32\\ntdll.dll+9c584|C:\\windows\\System32\\KERNELBASE.dll+305fe|C:\\Windows\\System32\\appresolver.dll+221c5|C:\\Windows\\System32\\appresolver.dll+1edcc|C:\\Windows\\System32\\appresolver.dll+1ecb7|C:\\windows\\Explorer.EXE+5b1a7|C:\\windows\\Explorer.EXE+5b0a4|C:\\windows\\Explorer.EXE+29a50|C:\\windows\\System32\\windows.storage.dll+16e1c4|C:\\windows\\System32\\windows.storage.dll+16de05|C:\\windows\\System32\\windows.storage.dll+16dce5|C:\\windows\\System32\\shcore.dll+31636|C:\\windows\\SYSTEM32\\ntdll.dll+2f655|C:\\windows\\SYSTEM32\\ntdll.dll+345b4|C:\\windows\\System32\\KERNEL32.DLL+17c24|C:\\windows\\SYSTEM32\\ntdll.dll+6cea1","UtcTime":"2020-10-19 02:56:17.939","TargetProcessGUID":"{39e4a257-f1cd-5f8b-c400-000000000700}","SourceProcessId":"1072","EventID":10,"Channel":"Microsoft-Windows-Sysmon/Operational","Task":"10","RuleName":"-","Message":"Process accessed:\r\nRuleName: -\r\nUtcTime: 2020-10-19 02:56:17.939\r\nSourceProcessGUID: {39e4a257-f1b3-5f8b-a700-000000000700}\r\nSourceProcessId: 1072\r\nSourceThreadId: 5060\r\nSourceImage: C:\\windows\\Explorer.EXE\r\nTargetProcessGUID: {39e4a257-f1cd-5f8b-c400-000000000700}\r\nTargetProcessId: 7652\r\nTargetImage: C:\\Windows\\System32\\WindowsPowerShell\\v1.0\\powershell.exe\r\nGrantedAccess: 0x1000\r\nCallTrace: C:\\windows\\SYSTEM32\\ntdll.dll+9c584|C:\\windows\\System32\\KERNELBASE.dll+305fe|C:\\Windows\\System32\\appresolver.dll+221c5|C:\\Windows\\System32\\appresolver.dll+1edcc|C:\\Windows\\System32\\appresolver.dll+1ecb7|C:\\windows\\Explorer.EXE+5b1a7|C:\\windows\\Explorer.EXE+5b0a4|C:\\windows\\Explorer.EXE+29a50|C:\\windows\\System32\\windows.storage.dll+16e1c4|C:\\windows\\System32\\windows.storage.dll+16de05|C:\\windows\\System32\\windows.storage.dll+16dce5|C:\\windows\\System32\\shcore.dll+31636|C:\\windows\\SYSTEM32\\ntdll.dll+2f655|C:\\windows\\SYSTEM32\\ntdll.dll+345b4|C:\\windows\\System32\\KERNEL32.DLL+17c24|C:\\windows\\SYSTEM32\\ntdll.dll+6cea1","Hostname":"WORKSTATION5","TargetProcessId":"7652","TargetImage":"C:\\Windows\\System32\\WindowsPowerShell\\v1.0\\powershell.exe","SourceProcessGUID":"{39e4a257-f1b3-5f8b-a700-000000000700}"}
{"SourceImage":"C:\\windows\\Explorer.EXE","TimeCreated":"2020-10-18 10:56:17.952","GrantedAccess":"0x1410","SourceName":"Microsoft-Windows-Sysmon","SourceThreadId":"1388","CallTrace":"C:\\windows\\SYSTEM32\\ntdll.dll+9c584|C:\\windows\\System32\\KERNELBASE.dll+305fe|C:\\Windows\\System32\\appresolver.dll+21ee8|C:\\Windows\\System32\\appresolver.dll+1ef46|C:\\windows\\system32\\twinui.pcshell.dll+1d434|C:\\windows\\system32\\twinui.pcshell.dll+fadd0|C:\\windows\\System32\\KERNEL32.DLL+17c24|C:\\windows\\SYSTEM32\\ntdll.dll+6cea1","UtcTime":"2020-10-19 02:56:17.939","TargetProcessGUID":"{39e4a257-f1cc-5f8b-c300-000000000700}","SourceProcessId":"1072","EventID":10,"Channel":"Microsoft-Windows-Sysmon/Operational","Task":"10","RuleName":"-","Message":"Process accessed:\r\nRuleName: -\r\nUtcTime: 2020-10-19 02:56:17.939\r\nSourceProcessGUID: {39e4a257-f1b3-5f8b-a700-000000000700}\r\nSourceProcessId: 1072\r\nSourceThreadId: 1388\r\nSourceImage: C:\\windows\\Explorer.EXE\r\nTargetProcessGUID: {39e4a257-f1cc-5f8b-c300-000000000700}\r\nTargetProcessId: 7592\r\nTargetImage: C:\\windows\\system32\\conhost.exe\r\nGrantedAccess: 0x1410\r\nCallTrace: C:\\windows\\SYSTEM32\\ntdll.dll+9c584|C:\\windows\\System32\\KERNELBASE.dll+305fe|C:\\Windows\\System32\\appresolver.dll+21ee8|C:\\Windows\\System32\\appresolver.dll+1ef46|C:\\windows\\system32\\twinui.pcshell.dll+1d434|C:\\windows\\system32\\twinui.pcshell.dll+fadd0|C:\\windows\\System32\\KERNEL32.DLL+17c24|C:\\windows\\SYSTEM32\\ntdll.dll+6cea1","Hostname":"WORKSTATION5","TargetProcessId":"7592","TargetImage":"C:\\windows\\system32\\conhost.exe","SourceProcessGUID":"{39e4a257-f1b3-5f8b-a700-000000000700}"}
{"SourceImage":"C:\\windows\\Explorer.EXE","TimeCreated":"2020-10-18 10:56:17.952","GrantedAccess":"0x1000","SourceName":"Microsoft-Windows-Sysmon","SourceThreadId":"1388","CallTrace":"C:\\windows\\SYSTEM32\\ntdll.dll+9c584|C:\\windows\\System32\\KERNELBASE.dll+305fe|C:\\Windows\\System32\\appresolver.dll+1ee93|C:\\windows\\system32\\twinui.pcshell.dll+1d434|C:\\windows\\system32\\twinui.pcshell.dll+fadd0|C:\\windows\\System32\\KERNEL32.DLL+17c24|C:\\windows\\SYSTEM32\\ntdll.dll+6cea1","UtcTime":"2020-10-19 02:56:17.939","TargetProcessGUID":"{39e4a257-f1cc-5f8b-c300-000000000700}","SourceProcessId":"1072","EventID":10,"Channel":"Microsoft-Windows-Sysmon/Operational","Task":"10","RuleName":"-","Message":"Process accessed:\r\nRuleName: -\r\nUtcTime: 2020-10-19 02:56:17.939\r\nSourceProcessGUID: {39e4a257-f1b3-5f8b-a700-000000000700}\r\nSourceProcessId: 1072\r\nSourceThreadId: 1388\r\nSourceImage: C:\\windows\\Explorer.EXE\r\nTargetProcessGUID: {39e4a257-f1cc-5f8b-c300-000000000700}\r\nTargetProcessId: 7592\r\nTargetImage: C:\\windows\\system32\\conhost.exe\r\nGrantedAccess: 0x1000\r\nCallTrace: C:\\windows\\SYSTEM32\\ntdll.dll+9c584|C:\\windows\\System32\\KERNELBASE.dll+305fe|C:\\Windows\\System32\\appresolver.dll+1ee93|C:\\windows\\system32\\twinui.pcshell.dll+1d434|C:\\windows\\system32\\twinui.pcshell.dll+fadd0|C:\\windows\\System32\\KERNEL32.DLL+17c24|C:\\windows\\SYSTEM32\\ntdll.dll+6cea1","Hostname":"WORKSTATION5","TargetProcessId":"7592","TargetImage":"C:\\windows\\system32\\conhost.exe","SourceProcessGUID":"{39e4a257-f1b3-5f8b-a700-000000000700}"}
{"SourceImage":"C:\\windows\\Explorer.EXE","TimeCreated":"2020-10-18 10:56:17.952","GrantedAccess":"0x1000","SourceName":"Microsoft-Windows-Sysmon","SourceThreadId":"1388","CallTrace":"C:\\windows\\SYSTEM32\\ntdll.dll+9c584|C:\\windows\\System32\\KERNELBASE.dll+305fe|C:\\Windows\\System32\\appresolver.dll+221c5|C:\\Windows\\System32\\appresolver.dll+1edcc|C:\\windows\\system32\\twinui.pcshell.dll+1d434|C:\\windows\\system32\\twinui.pcshell.dll+fadd0|C:\\windows\\System32\\KERNEL32.DLL+17c24|C:\\windows\\SYSTEM32\\ntdll.dll+6cea1","UtcTime":"2020-10-19 02:56:17.939","TargetProcessGUID":"{39e4a257-f1cc-5f8b-c300-000000000700}","SourceProcessId":"1072","EventID":10,"Channel":"Microsoft-Windows-Sysmon/Operational","Task":"10","RuleName":"-","Message":"Process accessed:\r\nRuleName: -\r\nUtcTime: 2020-10-19 02:56:17.939\r\nSourceProcessGUID: {39e4a257-f1b3-5f8b-a700-000000000700}\r\nSourceProcessId: 1072\r\nSourceThreadId: 1388\r\nSourceImage: C:\\windows\\Explorer.EXE\r\nTargetProcessGUID: {39e4a257-f1cc-5f8b-c300-000000000700}\r\nTargetProcessId: 7592\r\nTargetImage: C:\\windows\\system32\\conhost.exe\r\nGrantedAccess: 0x1000\r\nCallTrace: C:\\windows\\SYSTEM32\\ntdll.dll+9c584|C:\\windows\\System32\\KERNELBASE.dll+305fe|C:\\Windows\\System32\\appresolver.dll+221c5|C:\\Windows\\System32\\appresolver.dll+1edcc|C:\\windows\\system32\\twinui.pcshell.dll+1d434|C:\\windows\\system32\\twinui.pcshell.dll+fadd0|C:\\windows\\System32\\KERNEL32.DLL+17c24|C:\\windows\\SYSTEM32\\ntdll.dll+6cea1","Hostname":"WORKSTATION5","TargetProcessId":"7592","TargetImage":"C:\\windows\\system32\\conhost.exe","SourceProcessGUID":"{39e4a257-f1b3-5f8b-a700-000000000700}"}
{"SourceImage":"C:\\windows\\Explorer.EXE","TimeCreated":"2020-10-18 10:56:17.952","GrantedAccess":"0x1410","SourceName":"Microsoft-Windows-Sysmon","SourceThreadId":"1388","CallTrace":"C:\\windows\\SYSTEM32\\ntdll.dll+9c584|C:\\windows\\System32\\KERNELBASE.dll+305fe|C:\\windows\\system32\\twinui.pcshell.dll+1d207|C:\\windows\\system32\\twinui.pcshell.dll+fadd0|C:\\windows\\System32\\KERNEL32.DLL+17c24|C:\\windows\\SYSTEM32\\ntdll.dll+6cea1","UtcTime":"2020-10-19 02:56:17.939","TargetProcessGUID":"{39e4a257-f1cc-5f8b-c300-000000000700}","SourceProcessId":"1072","EventID":10,"Channel":"Microsoft-Windows-Sysmon/Operational","Task":"10","RuleName":"-","Message":"Process accessed:\r\nRuleName: -\r\nUtcTime: 2020-10-19 02:56:17.939\r\nSourceProcessGUID: {39e4a257-f1b3-5f8b-a700-000000000700}\r\nSourceProcessId: 1072\r\nSourceThreadId: 1388\r\nSourceImage: C:\\windows\\Explorer.EXE\r\nTargetProcessGUID: {39e4a257-f1cc-5f8b-c300-000000000700}\r\nTargetProcessId: 7592\r\nTargetImage: C:\\windows\\system32\\conhost.exe\r\nGrantedAccess: 0x1410\r\nCallTrace: C:\\windows\\SYSTEM32\\ntdll.dll+9c584|C:\\windows\\System32\\KERNELBASE.dll+305fe|C:\\windows\\system32\\twinui.pcshell.dll+1d207|C:\\windows\\system32\\twinui.pcshell.dll+fadd0|C:\\windows\\System32\\KERNEL32.DLL+17c24|C:\\windows\\SYSTEM32\\ntdll.dll+6cea1","Hostname":"WORKSTATION5","TargetProcessId":"7592","TargetImage":"C:\\windows\\system32\\conhost.exe","SourceProcessGUID":"{39e4a257-f1b3-5f8b-a700-000000000700}"}
{"SourceImage":"C:\\windows\\system32\\svchost.exe","TimeCreated":"2020-10-18 10:56:17.952","GrantedAccess":"0x2000","SourceName":"Microsoft-Windows-Sysmon","SourceThreadId":"1476","CallTrace":"C:\\windows\\SYSTEM32\\ntdll.dll+9c584|C:\\windows\\SYSTEM32\\psmserviceexthost.dll+310c0|C:\\windows\\SYSTEM32\\psmserviceexthost.dll+30dbf|C:\\windows\\SYSTEM32\\ntdll.dll+6ba5|C:\\windows\\SYSTEM32\\ntdll.dll+67f1|C:\\windows\\SYSTEM32\\ntdll.dll+6650|C:\\windows\\SYSTEM32\\ntdll.dll+3052c|C:\\windows\\SYSTEM32\\ntdll.dll+34142|C:\\windows\\System32\\KERNEL32.DLL+17c24|C:\\windows\\SYSTEM32\\ntdll.dll+6cea1","UtcTime":"2020-10-19 02:56:17.939","TargetProcessGUID":"{39e4a257-f1cc-5f8b-c300-000000000700}","SourceProcessId":"944","EventID":10,"Channel":"Microsoft-Windows-Sysmon/Operational","Task":"10","RuleName":"-","Message":"Process accessed:\r\nRuleName: -\r\nUtcTime: 2020-10-19 02:56:17.939\r\nSourceProcessGUID: {39e4a257-f132-5f8b-1000-000000000700}\r\nSourceProcessId: 944\r\nSourceThreadId: 1476\r\nSourceImage: C:\\windows\\system32\\svchost.exe\r\nTargetProcessGUID: {39e4a257-f1cc-5f8b-c300-000000000700}\r\nTargetProcessId: 7592\r\nTargetImage: C:\\windows\\system32\\conhost.exe\r\nGrantedAccess: 0x2000\r\nCallTrace: C:\\windows\\SYSTEM32\\ntdll.dll+9c584|C:\\windows\\SYSTEM32\\psmserviceexthost.dll+310c0|C:\\windows\\SYSTEM32\\psmserviceexthost.dll+30dbf|C:\\windows\\SYSTEM32\\ntdll.dll+6ba5|C:\\windows\\SYSTEM32\\ntdll.dll+67f1|C:\\windows\\SYSTEM32\\ntdll.dll+6650|C:\\windows\\SYSTEM32\\ntdll.dll+3052c|C:\\windows\\SYSTEM32\\ntdll.dll+34142|C:\\windows\\System32\\KERNEL32.DLL+17c24|C:\\windows\\SYSTEM32\\ntdll.dll+6cea1","Hostname":"WORKSTATION5","TargetProcessId":"7592","TargetImage":"C:\\windows\\system32\\conhost.exe","SourceProcessGUID":"{39e4a257-f132-5f8b-1000-000000000700}"}
{"TimeCreated":"2020-10-18 10:56:14.657","SourceName":"Microsoft-Windows-Sysmon","TargetFilename":"C:\\Windows\\Prefetch\\OUTFLANK-DUMPERT.EXE-440DD2BD.pf","UtcTime":"2020-10-19 02:56:14.642","ProcessGuid":"{39e4a257-f133-5f8b-3100-000000000700}","Image":"C:\\windows\\system32\\svchost.exe","CreationUtcTime":"2020-10-19 02:56:14.642","EventID":11,"Channel":"Microsoft-Windows-Sysmon/Operational","Task":"11","RuleName":"-","Message":"File created:\r\nRuleName: -\r\nUtcTime: 2020-10-19 02:56:14.642\r\nProcessGuid: {39e4a257-f133-5f8b-3100-000000000700}\r\nProcessId: 1556\r\nImage: C:\\windows\\system32\\svchost.exe\r\nTargetFilename: C:\\Windows\\Prefetch\\OUTFLANK-DUMPERT.EXE-440DD2BD.pf\r\nCreationUtcTime: 2020-10-19 02:56:14.642","Hostname":"WORKSTATION5","ProcessId":"1556"}
{"SourceName":"Microsoft-Windows-Sysmon","ProcessGuid":"{39e4a257-004e-5f8d-4304-000000000700}","TimeCreated":"2020-10-18 10:56:14.648","Hostname":"WORKSTATION5","Task":"5","UtcTime":"2020-10-19 02:56:14.642","Image":"C:\\Users\\wardog\\Desktop\\Outflank-Dumpert.exe","Channel":"Microsoft-Windows-Sysmon/Operational","RuleName":"-","Message":"Process terminated:\r\nRuleName: -\r\nUtcTime: 2020-10-19 02:56:14.642\r\nProcessGuid: {39e4a257-004e-5f8d-4304-000000000700}\r\nProcessId: 6772\r\nImage: C:\\Users\\wardog\\Desktop\\Outflank-Dumpert.exe","EventID":5,"ProcessId":"6772"}
{"TimeCreated":"2020-10-18 10:56:14.647","SourceName":"Microsoft-Windows-Sysmon","SignatureStatus":"Valid","Signature":"Microsoft Windows","Product":"Microsoft Windows Operating System","Hashes":"SHA1=F1D1D942ACBA432D60C139A8AE9644665044BCD6,MD5=5539643D8D55C97FB3A5F7E24C448A3F,SHA256=4FB47D56F0FC6C27FEC884E078A2999F7B2E10994359960CC78182544CA80C36,IMPHASH=639D16ACD736EAE912B88E985A0A7A0F","UtcTime":"2020-10-19 02:56:14.642","ProcessGuid":"{39e4a257-004e-5f8d-4304-000000000700}","Image":"C:\\Users\\wardog\\Desktop\\Outflank-Dumpert.exe","ImageLoaded":"C:\\Windows\\System32\\kernel.appcore.dll","EventID":7,"Channel":"Microsoft-Windows-Sysmon/Operational","Task":"7","RuleName":"-","FileVersion":"10.0.18362.1110 (WinBuild.160101.0800)","Message":"Image loaded:\r\nRuleName: -\r\nUtcTime: 2020-10-19 02:56:14.642\r\nProcessGuid: {39e4a257-004e-5f8d-4304-000000000700}\r\nProcessId: 6772\r\nImage: C:\\Users\\wardog\\Desktop\\Outflank-Dumpert.exe\r\nImageLoaded: C:\\Windows\\System32\\kernel.appcore.dll\r\nFileVersion: 10.0.18362.1110 (WinBuild.160101.0800)\r\nDescription: AppModel API Host\r\nProduct: Microsoft Windows Operating System\r\nCompany: Microsoft Corporation\r\nOriginalFileName: kernel.appcore.dll\r\nHashes: SHA1=F1D1D942ACBA432D60C139A8AE9644665044BCD6,MD5=5539643D8D55C97FB3A5F7E24C448A3F,SHA256=4FB47D56F0FC6C27FEC884E078A2999F7B2E10994359960CC78182544CA80C36,IMPHASH=639D16ACD736EAE912B88E985A0A7A0F\r\nSigned: true\r\nSignature: Microsoft Windows\r\nSignatureStatus: Valid","Hostname":"WORKSTATION5","ProcessId":"6772","Description":"AppModel API Host","Company":"Microsoft Corporation","Signed":"true","OriginalFileName":"kernel.appcore.dll"}
{"TimeCreated":"2020-10-18 10:56:14.392","SourceName":"Microsoft-Windows-Sysmon","SignatureStatus":"Valid","Signature":"Microsoft Windows","Product":"Microsoft Windows Operating System","Hashes":"SHA1=354FBAC912764BBF6595F97A59D5E32041926194,MD5=89D92079F45D2F2539BCD1EEF73A701E,SHA256=6DAE0B5BAC5B2C34FD313B51AC793B6F0C270DA01474E4D1016B119FC1F9CE8F,IMPHASH=A19426362F5443C7159B76FBEAFD171F","UtcTime":"2020-10-19 02:56:14.376","ProcessGuid":"{39e4a257-004e-5f8d-4304-000000000700}","Image":"C:\\Users\\wardog\\Desktop\\Outflank-Dumpert.exe","ImageLoaded":"C:\\Windows\\System32\\psapi.dll","EventID":7,"Channel":"Microsoft-Windows-Sysmon/Operational","Task":"7","RuleName":"-","FileVersion":"10.0.18362.1 (WinBuild.160101.0800)","Message":"Image loaded:\r\nRuleName: -\r\nUtcTime: 2020-10-19 02:56:14.376\r\nProcessGuid: {39e4a257-004e-5f8d-4304-000000000700}\r\nProcessId: 6772\r\nImage: C:\\Users\\wardog\\Desktop\\Outflank-Dumpert.exe\r\nImageLoaded: C:\\Windows\\System32\\psapi.dll\r\nFileVersion: 10.0.18362.1 (WinBuild.160101.0800)\r\nDescription: Process Status Helper\r\nProduct: Microsoft Windows Operating System\r\nCompany: Microsoft Corporation\r\nOriginalFileName: PSAPI\r\nHashes: SHA1=354FBAC912764BBF6595F97A59D5E32041926194,MD5=89D92079F45D2F2539BCD1EEF73A701E,SHA256=6DAE0B5BAC5B2C34FD313B51AC793B6F0C270DA01474E4D1016B119FC1F9CE8F,IMPHASH=A19426362F5443C7159B76FBEAFD171F\r\nSigned: true\r\nSignature: Microsoft Windows\r\nSignatureStatus: Valid","Hostname":"WORKSTATION5","ProcessId":"6772","Description":"Process Status Helper","Company":"Microsoft Corporation","Signed":"true","OriginalFileName":"PSAPI"}
{"TimeCreated":"2020-10-18 10:56:14.391","SourceName":"Microsoft-Windows-Sysmon","SignatureStatus":"Valid","Signature":"Microsoft Windows","Product":"Microsoft Windows Operating System","Hashes":"SHA1=119724CC09BB52731D86A6B9F94003ED88E0E3FE,MD5=2C7C14627CFF3384C52E61D4DBD0ECC3,SHA256=41B4D85D84A86E41B948694B9B5F398A0D79F47629D6D969EB5B461D4F5D0347,IMPHASH=34340C2C4E9AA6EF6AD12BB695FC695B","UtcTime":"2020-10-19 02:56:14.376","ProcessGuid":"{39e4a257-004e-5f8d-4304-000000000700}","Image":"C:\\Users\\wardog\\Desktop\\Outflank-Dumpert.exe","ImageLoaded":"C:\\Windows\\System32\\version.dll","EventID":7,"Channel":"Microsoft-Windows-Sysmon/Operational","Task":"7","RuleName":"-","FileVersion":"10.0.18362.1 (WinBuild.160101.0800)","Message":"Image loaded:\r\nRuleName: -\r\nUtcTime: 2020-10-19 02:56:14.376\r\nProcessGuid: {39e4a257-004e-5f8d-4304-000000000700}\r\nProcessId: 6772\r\nImage: C:\\Users\\wardog\\Desktop\\Outflank-Dumpert.exe\r\nImageLoaded: C:\\Windows\\System32\\version.dll\r\nFileVersion: 10.0.18362.1 (WinBuild.160101.0800)\r\nDescription: Version Checking and File Installation Libraries\r\nProduct: Microsoft Windows Operating System\r\nCompany: Microsoft Corporation\r\nOriginalFileName: VERSION.DLL\r\nHashes: SHA1=119724CC09BB52731D86A6B9F94003ED88E0E3FE,MD5=2C7C14627CFF3384C52E61D4DBD0ECC3,SHA256=41B4D85D84A86E41B948694B9B5F398A0D79F47629D6D969EB5B461D4F5D0347,IMPHASH=34340C2C4E9AA6EF6AD12BB695FC695B\r\nSigned: true\r\nSignature: Microsoft Windows\r\nSignatureStatus: Valid","Hostname":"WORKSTATION5","ProcessId":"6772","Description":"Version Checking and File Installation Libraries","Company":"Microsoft Corporation","Signed":"true","OriginalFileName":"VERSION.DLL"}
{"SourceImage":"C:\\Users\\wardog\\Desktop\\Outflank-Dumpert.exe","TimeCreated":"2020-10-18 10:56:14.371","GrantedAccess":"0x1fffff","SourceName":"Microsoft-Windows-Sysmon","SourceThreadId":"9212","CallTrace":"C:\\windows\\SYSTEM32\\ntdll.dll+9c584|C:\\windows\\SYSTEM32\\ntdll.dll+74bf7|C:\\windows\\System32\\KERNEL32.DLL+1c258|C:\\windows\\System32\\KERNEL32.DLL+23278|C:\\windows\\SYSTEM32\\dbgcore.DLL+9447|C:\\windows\\SYSTEM32\\dbgcore.DLL+16185|C:\\windows\\SYSTEM32\\dbgcore.DLL+100a6|C:\\windows\\SYSTEM32\\dbgcore.DLL+613f|C:\\windows\\SYSTEM32\\dbgcore.DLL+6bbc|C:\\Users\\wardog\\Desktop\\Outflank-Dumpert.exe+130b5|C:\\Users\\wardog\\Desktop\\Outflank-Dumpert.exe+13f19|C:\\Users\\wardog\\Desktop\\Outflank-Dumpert.exe+13dbe|C:\\Users\\wardog\\Desktop\\Outflank-Dumpert.exe+13c7e|C:\\Users\\wardog\\Desktop\\Outflank-Dumpert.exe+13fa9|C:\\windows\\System32\\KERNEL32.DLL+17c24|C:\\windows\\SYSTEM32\\ntdll.dll+6cea1","UtcTime":"2020-10-19 02:56:14.360","TargetProcessGUID":"{39e4a257-f131-5f8b-0c00-000000000700}","SourceProcessId":"6772","EventID":10,"Channel":"Microsoft-Windows-Sysmon/Operational","Task":"10","RuleName":"-","Message":"Process accessed:\r\nRuleName: -\r\nUtcTime: 2020-10-19 02:56:14.360\r\nSourceProcessGUID: {39e4a257-004e-5f8d-4304-000000000700}\r\nSourceProcessId: 6772\r\nSourceThreadId: 9212\r\nSourceImage: C:\\Users\\wardog\\Desktop\\Outflank-Dumpert.exe\r\nTargetProcessGUID: {39e4a257-f131-5f8b-0c00-000000000700}\r\nTargetProcessId: 756\r\nTargetImage: C:\\windows\\system32\\lsass.exe\r\nGrantedAccess: 0x1FFFFF\r\nCallTrace: C:\\windows\\SYSTEM32\\ntdll.dll+9c584|C:\\windows\\SYSTEM32\\ntdll.dll+74bf7|C:\\windows\\System32\\KERNEL32.DLL+1c258|C:\\windows\\System32\\KERNEL32.DLL+23278|C:\\windows\\SYSTEM32\\dbgcore.DLL+9447|C:\\windows\\SYSTEM32\\dbgcore.DLL+16185|C:\\windows\\SYSTEM32\\dbgcore.DLL+100a6|C:\\windows\\SYSTEM32\\dbgcore.DLL+613f|C:\\windows\\SYSTEM32\\dbgcore.DLL+6bbc|C:\\Users\\wardog\\Desktop\\Outflank-Dumpert.exe+130b5|C:\\Users\\wardog\\Desktop\\Outflank-Dumpert.exe+13f19|C:\\Users\\wardog\\Desktop\\Outflank-Dumpert.exe+13dbe|C:\\Users\\wardog\\Desktop\\Outflank-Dumpert.exe+13c7e|C:\\Users\\wardog\\Desktop\\Outflank-Dumpert.exe+13fa9|C:\\windows\\System32\\KERNEL32.DLL+17c24|C:\\windows\\SYSTEM32\\ntdll.dll+6cea1","Hostname":"WORKSTATION5","TargetProcessId":"756","TargetImage":"C:\\windows\\system32\\lsass.exe","SourceProcessGUID":"{39e4a257-004e-5f8d-4304-000000000700}"}
{"TimeCreated":"2020-10-18 10:56:14.369","SourceName":"Microsoft-Windows-Sysmon","TargetFilename":"C:\\Windows\\Temp\\dumpert.dmp","UtcTime":"2020-10-19 02:56:14.360","ProcessGuid":"{39e4a257-004e-5f8d-4304-000000000700}","Image":"C:\\Users\\wardog\\Desktop\\Outflank-Dumpert.exe","CreationUtcTime":"2020-10-19 02:56:14.360","EventID":11,"Channel":"Microsoft-Windows-Sysmon/Operational","Task":"11","RuleName":"-","Message":"File created:\r\nRuleName: -\r\nUtcTime: 2020-10-19 02:56:14.360\r\nProcessGuid: {39e4a257-004e-5f8d-4304-000000000700}\r\nProcessId: 6772\r\nImage: C:\\Users\\wardog\\Desktop\\Outflank-Dumpert.exe\r\nTargetFilename: C:\\Windows\\Temp\\dumpert.dmp\r\nCreationUtcTime: 2020-10-19 02:56:14.360","Hostname":"WORKSTATION5","ProcessId":"6772"}
{"SourceImage":"C:\\Users\\wardog\\Desktop\\Outflank-Dumpert.exe","TimeCreated":"2020-10-18 10:56:14.368","GrantedAccess":"0x1fffff","SourceName":"Microsoft-Windows-Sysmon","SourceThreadId":"9212","CallTrace":"C:\\Users\\wardog\\Desktop\\Outflank-Dumpert.exe+13542|C:\\Users\\wardog\\Desktop\\Outflank-Dumpert.exe+12e7d|C:\\Users\\wardog\\Desktop\\Outflank-Dumpert.exe+13f19|C:\\Users\\wardog\\Desktop\\Outflank-Dumpert.exe+13dbe|C:\\Users\\wardog\\Desktop\\Outflank-Dumpert.exe+13c7e|C:\\Users\\wardog\\Desktop\\Outflank-Dumpert.exe+13fa9|C:\\windows\\System32\\KERNEL32.DLL+17c24|C:\\windows\\SYSTEM32\\ntdll.dll+6cea1","UtcTime":"2020-10-19 02:56:14.360","TargetProcessGUID":"{39e4a257-f131-5f8b-0c00-000000000700}","SourceProcessId":"6772","EventID":10,"Channel":"Microsoft-Windows-Sysmon/Operational","Task":"10","RuleName":"-","Message":"Process accessed:\r\nRuleName: -\r\nUtcTime: 2020-10-19 02:56:14.360\r\nSourceProcessGUID: {39e4a257-004e-5f8d-4304-000000000700}\r\nSourceProcessId: 6772\r\nSourceThreadId: 9212\r\nSourceImage: C:\\Users\\wardog\\Desktop\\Outflank-Dumpert.exe\r\nTargetProcessGUID: {39e4a257-f131-5f8b-0c00-000000000700}\r\nTargetProcessId: 756\r\nTargetImage: C:\\windows\\system32\\lsass.exe\r\nGrantedAccess: 0x1FFFFF\r\nCallTrace: C:\\Users\\wardog\\Desktop\\Outflank-Dumpert.exe+13542|C:\\Users\\wardog\\Desktop\\Outflank-Dumpert.exe+12e7d|C:\\Users\\wardog\\Desktop\\Outflank-Dumpert.exe+13f19|C:\\Users\\wardog\\Desktop\\Outflank-Dumpert.exe+13dbe|C:\\Users\\wardog\\Desktop\\Outflank-Dumpert.exe+13c7e|C:\\Users\\wardog\\Desktop\\Outflank-Dumpert.exe+13fa9|C:\\windows\\System32\\KERNEL32.DLL+17c24|C:\\windows\\SYSTEM32\\ntdll.dll+6cea1","Hostname":"WORKSTATION5","TargetProcessId":"756","TargetImage":"C:\\windows\\system32\\lsass.exe","SourceProcessGUID":"{39e4a257-004e-5f8d-4304-000000000700}"}
{"TimeCreated":"2020-10-18 10:56:14.362","SourceName":"Microsoft-Windows-Sysmon","SignatureStatus":"Valid","Signature":"Microsoft Windows","Product":"Microsoft Windows Operating System","Hashes":"SHA1=B4222C8DC3274CFC3FE54F322D827B2F01FFF036,MD5=EF2BBEAFF07D32A2EC77FB4602FA9664,SHA256=6B47F3E88CDEDF8F31F91940E38A4544818C79D153323262F9F46B21F41D262C,IMPHASH=402DA460E2AC467F4489C588A9941032","UtcTime":"2020-10-19 02:56:14.360","ProcessGuid":"{39e4a257-004e-5f8d-4304-000000000700}","Image":"C:\\Users\\wardog\\Desktop\\Outflank-Dumpert.exe","ImageLoaded":"C:\\Windows\\System32\\bcryptprimitives.dll","EventID":7,"Channel":"Microsoft-Windows-Sysmon/Operational","Task":"7","RuleName":"-","FileVersion":"10.0.18362.836 (WinBuild.160101.0800)","Message":"Image loaded:\r\nRuleName: -\r\nUtcTime: 2020-10-19 02:56:14.360\r\nProcessGuid: {39e4a257-004e-5f8d-4304-000000000700}\r\nProcessId: 6772\r\nImage: C:\\Users\\wardog\\Desktop\\Outflank-Dumpert.exe\r\nImageLoaded: C:\\Windows\\System32\\bcryptprimitives.dll\r\nFileVersion: 10.0.18362.836 (WinBuild.160101.0800)\r\nDescription: Windows Cryptographic Primitives Library\r\nProduct: Microsoft Windows Operating System\r\nCompany: Microsoft Corporation\r\nOriginalFileName: bcryptprimitives.dll\r\nHashes: SHA1=B4222C8DC3274CFC3FE54F322D827B2F01FFF036,MD5=EF2BBEAFF07D32A2EC77FB4602FA9664,SHA256=6B47F3E88CDEDF8F31F91940E38A4544818C79D153323262F9F46B21F41D262C,IMPHASH=402DA460E2AC467F4489C588A9941032\r\nSigned: true\r\nSignature: Microsoft Windows\r\nSignatureStatus: Valid","Hostname":"WORKSTATION5","ProcessId":"6772","Description":"Windows Cryptographic Primitives Library","Company":"Microsoft Corporation","Signed":"true","OriginalFileName":"bcryptprimitives.dll"}
{"TimeCreated":"2020-10-18 10:56:14.361","SourceName":"Microsoft-Windows-Sysmon","SignatureStatus":"Valid","Signature":"Microsoft Corporation","Product":"Microsoft Windows Operating System","Hashes":"SHA1=96B8895D9C797D93B4125B89FECD6AA8314F5F10,MD5=3814D0DDF7AA5FFA99A8D6DFDCE84806,SHA256=7E5B9EE525541FA5C89CD2473748FCC72923A0D930DADBD32A8EA770B9E400B3,IMPHASH=2BA8486101F2F8AC913A5F44D425917E","UtcTime":"2020-10-19 02:56:14.345","ProcessGuid":"{39e4a257-004e-5f8d-4304-000000000700}","Image":"C:\\Users\\wardog\\Desktop\\Outflank-Dumpert.exe","ImageLoaded":"C:\\Windows\\System32\\ucrtbased.dll","EventID":7,"Channel":"Microsoft-Windows-Sysmon/Operational","Task":"7","RuleName":"-","FileVersion":"10.0.18362.1 (WinBuild.160101.0800)","Message":"Image loaded:\r\nRuleName: -\r\nUtcTime: 2020-10-19 02:56:14.345\r\nProcessGuid: {39e4a257-004e-5f8d-4304-000000000700}\r\nProcessId: 6772\r\nImage: C:\\Users\\wardog\\Desktop\\Outflank-Dumpert.exe\r\nImageLoaded: C:\\Windows\\System32\\ucrtbased.dll\r\nFileVersion: 10.0.18362.1 (WinBuild.160101.0800)\r\nDescription: Microsoft C Runtime Library\r\nProduct: Microsoft Windows Operating System\r\nCompany: Microsoft Corporation\r\nOriginalFileName: ucrtbase.dll\r\nHashes: SHA1=96B8895D9C797D93B4125B89FECD6AA8314F5F10,MD5=3814D0DDF7AA5FFA99A8D6DFDCE84806,SHA256=7E5B9EE525541FA5C89CD2473748FCC72923A0D930DADBD32A8EA770B9E400B3,IMPHASH=2BA8486101F2F8AC913A5F44D425917E\r\nSigned: true\r\nSignature: Microsoft Corporation\r\nSignatureStatus: Valid","Hostname":"WORKSTATION5","ProcessId":"6772","Description":"Microsoft C Runtime Library","Company":"Microsoft Corporation","Signed":"true","OriginalFileName":"ucrtbase.dll"}
{"TimeCreated":"2020-10-18 10:56:14.361","SourceName":"Microsoft-Windows-Sysmon","SignatureStatus":"Valid","Signature":"Microsoft Corporation","Product":"Microsoft Windows Operating System","Hashes":"SHA1=96B8895D9C797D93B4125B89FECD6AA8314F5F10,MD5=3814D0DDF7AA5FFA99A8D6DFDCE84806,SHA256=7E5B9EE525541FA5C89CD2473748FCC72923A0D930DADBD32A8EA770B9E400B3,IMPHASH=2BA8486101F2F8AC913A5F44D425917E","UtcTime":"2020-10-19 02:56:14.329","ProcessGuid":"{39e4a257-004e-5f8d-4304-000000000700}","Image":"C:\\Users\\wardog\\Desktop\\Outflank-Dumpert.exe","ImageLoaded":"C:\\Windows\\System32\\ucrtbased.dll","EventID":7,"Channel":"Microsoft-Windows-Sysmon/Operational","Task":"7","RuleName":"-","FileVersion":"10.0.18362.1 (WinBuild.160101.0800)","Message":"Image loaded:\r\nRuleName: -\r\nUtcTime: 2020-10-19 02:56:14.329\r\nProcessGuid: {39e4a257-004e-5f8d-4304-000000000700}\r\nProcessId: 6772\r\nImage: C:\\Users\\wardog\\Desktop\\Outflank-Dumpert.exe\r\nImageLoaded: C:\\Windows\\System32\\ucrtbased.dll\r\nFileVersion: 10.0.18362.1 (WinBuild.160101.0800)\r\nDescription: Microsoft C Runtime Library\r\nProduct: Microsoft Windows Operating System\r\nCompany: Microsoft Corporation\r\nOriginalFileName: ucrtbase.dll\r\nHashes: SHA1=96B8895D9C797D93B4125B89FECD6AA8314F5F10,MD5=3814D0DDF7AA5FFA99A8D6DFDCE84806,SHA256=7E5B9EE525541FA5C89CD2473748FCC72923A0D930DADBD32A8EA770B9E400B3,IMPHASH=2BA8486101F2F8AC913A5F44D425917E\r\nSigned: true\r\nSignature: Microsoft Corporation\r\nSignatureStatus: Valid","Hostname":"WORKSTATION5","ProcessId":"6772","Description":"Microsoft C Runtime Library","Company":"Microsoft Corporation","Signed":"true","OriginalFileName":"ucrtbase.dll"}
{"TimeCreated":"2020-10-18 10:56:14.359","SourceName":"Microsoft-Windows-Sysmon","SignatureStatus":"Valid","Signature":"Microsoft Windows","Product":"Microsoft Windows Operating System","Hashes":"SHA1=108943FBF8312BBB0C9CAC3931C227CD3C60E87C,MD5=AD92544DB12E3B50ECBD9B0F8FF1331F,SHA256=CC7DCCBAE53DD4EF0521A9AD260B5094D91F2C5A631072687279C03281C1579C,IMPHASH=5203F507E4A303D63F015849CE72F6B2","UtcTime":"2020-10-19 02:56:14.329","ProcessGuid":"{39e4a257-004e-5f8d-4304-000000000700}","Image":"C:\\Users\\wardog\\Desktop\\Outflank-Dumpert.exe","ImageLoaded":"C:\\Windows\\System32\\dbgcore.dll","EventID":7,"Channel":"Microsoft-Windows-Sysmon/Operational","Task":"7","RuleName":"-","FileVersion":"10.0.18362.1 (WinBuild.160101.0800)","Message":"Image loaded:\r\nRuleName: -\r\nUtcTime: 2020-10-19 02:56:14.329\r\nProcessGuid: {39e4a257-004e-5f8d-4304-000000000700}\r\nProcessId: 6772\r\nImage: C:\\Users\\wardog\\Desktop\\Outflank-Dumpert.exe\r\nImageLoaded: C:\\Windows\\System32\\dbgcore.dll\r\nFileVersion: 10.0.18362.1 (WinBuild.160101.0800)\r\nDescription: Windows Core Debugging Helpers\r\nProduct: Microsoft Windows Operating System\r\nCompany: Microsoft Corporation\r\nOriginalFileName: DBGCORE.DLL\r\nHashes: SHA1=108943FBF8312BBB0C9CAC3931C227CD3C60E87C,MD5=AD92544DB12E3B50ECBD9B0F8FF1331F,SHA256=CC7DCCBAE53DD4EF0521A9AD260B5094D91F2C5A631072687279C03281C1579C,IMPHASH=5203F507E4A303D63F015849CE72F6B2\r\nSigned: true\r\nSignature: Microsoft Windows\r\nSignatureStatus: Valid","Hostname":"WORKSTATION5","ProcessId":"6772","Description":"Windows Core Debugging Helpers","Company":"Microsoft Corporation","Signed":"true","OriginalFileName":"DBGCORE.DLL"}
{"TimeCreated":"2020-10-18 10:56:14.327","SourceName":"Microsoft-Windows-Sysmon","SignatureStatus":"Valid","Signature":"Microsoft Corporation","Product":"Microsoft Visual Studio","Hashes":"SHA1=20DE32500402ADB0433CD3DB86DA579FE6AE244E,MD5=46765B58F3DFBA9F394F8F64E6C74812,SHA256=824501EAF05DA272AAF36FDEB9D1742D4037865E66CC00355DBE43C71F551A5E,IMPHASH=950C6619B8562EF86A353170ABCFEC00","UtcTime":"2020-10-19 02:56:14.314","ProcessGuid":"{39e4a257-004e-5f8d-4304-000000000700}","Image":"C:\\Users\\wardog\\Desktop\\Outflank-Dumpert.exe","ImageLoaded":"C:\\Windows\\System32\\vcruntime140d.dll","EventID":7,"Channel":"Microsoft-Windows-Sysmon/Operational","Task":"7","RuleName":"-","FileVersion":"14.27.29112.0 built by: vcwrkspc","Message":"Image loaded:\r\nRuleName: -\r\nUtcTime: 2020-10-19 02:56:14.314\r\nProcessGuid: {39e4a257-004e-5f8d-4304-000000000700}\r\nProcessId: 6772\r\nImage: C:\\Users\\wardog\\Desktop\\Outflank-Dumpert.exe\r\nImageLoaded: C:\\Windows\\System32\\vcruntime140d.dll\r\nFileVersion: 14.27.29112.0 built by: vcwrkspc\r\nDescription: Microsoft C Runtime Library\r\nProduct: Microsoft Visual Studio\r\nCompany: Microsoft Corporation\r\nOriginalFileName: vcruntime140d.dll\r\nHashes: SHA1=20DE32500402ADB0433CD3DB86DA579FE6AE244E,MD5=46765B58F3DFBA9F394F8F64E6C74812,SHA256=824501EAF05DA272AAF36FDEB9D1742D4037865E66CC00355DBE43C71F551A5E,IMPHASH=950C6619B8562EF86A353170ABCFEC00\r\nSigned: true\r\nSignature: Microsoft Corporation\r\nSignatureStatus: Valid","Hostname":"WORKSTATION5","ProcessId":"6772","Description":"Microsoft C Runtime Library","Company":"Microsoft Corporation","Signed":"true","OriginalFileName":"vcruntime140d.dll"}
{"TimeCreated":"2020-10-18 10:56:14.318","SourceName":"Microsoft-Windows-Sysmon","SignatureStatus":"Valid","Signature":"Microsoft Windows","Product":"Microsoft Windows Operating System","Hashes":"SHA1=A4A7343F1879C37FB6F22BCA23F633A36BFEDFAB,MD5=1A0BB6B1BDAE905B7282930A94B4FEB2,SHA256=0B3BEAA1E49CEE79A9C9F518979A5481139390D297FA5ACD5427A4CDB60D6D00,IMPHASH=21667D44701C8F5F61867EF5B495ACBD","UtcTime":"2020-10-19 02:56:14.298","ProcessGuid":"{39e4a257-004e-5f8d-4304-000000000700}","Image":"C:\\Users\\wardog\\Desktop\\Outflank-Dumpert.exe","ImageLoaded":"C:\\Windows\\System32\\apphelp.dll","EventID":7,"Channel":"Microsoft-Windows-Sysmon/Operational","Task":"7","RuleName":"-","FileVersion":"10.0.18362.1139 (WinBuild.160101.0800)","Message":"Image loaded:\r\nRuleName: -\r\nUtcTime: 2020-10-19 02:56:14.298\r\nProcessGuid: {39e4a257-004e-5f8d-4304-000000000700}\r\nProcessId: 6772\r\nImage: C:\\Users\\wardog\\Desktop\\Outflank-Dumpert.exe\r\nImageLoaded: C:\\Windows\\System32\\apphelp.dll\r\nFileVersion: 10.0.18362.1139 (WinBuild.160101.0800)\r\nDescription: Application Compatibility Client Library\r\nProduct: Microsoft Windows Operating System\r\nCompany: Microsoft Corporation\r\nOriginalFileName: Apphelp\r\nHashes: SHA1=A4A7343F1879C37FB6F22BCA23F633A36BFEDFAB,MD5=1A0BB6B1BDAE905B7282930A94B4FEB2,SHA256=0B3BEAA1E49CEE79A9C9F518979A5481139390D297FA5ACD5427A4CDB60D6D00,IMPHASH=21667D44701C8F5F61867EF5B495ACBD\r\nSigned: true\r\nSignature: Microsoft Windows\r\nSignatureStatus: Valid","Hostname":"WORKSTATION5","ProcessId":"6772","Description":"Application Compatibility Client Library","Company":"Microsoft Corporation","Signed":"true","OriginalFileName":"Apphelp"}
{"TimeCreated":"2020-10-18 10:56:14.317","SourceName":"Microsoft-Windows-Sysmon","SignatureStatus":"Unavailable","Signature":"-","Product":"-","Hashes":"SHA1=98B13ABB701577AC88E360D702BB89160B50E378,MD5=C78D58386504CAF3437EED37FBFF77B5,SHA256=D286348DE31501385A3A8F57A08AF602722913C36AAA4AA9FCB9EE129A7680C0,IMPHASH=E57401FBDADCD4571FF385AB82BD5D6D","UtcTime":"2020-10-19 02:56:14.282","ProcessGuid":"{39e4a257-004e-5f8d-4304-000000000700}","Image":"C:\\Users\\wardog\\Desktop\\Outflank-Dumpert.exe","ImageLoaded":"C:\\Users\\wardog\\Desktop\\Outflank-Dumpert.exe","EventID":7,"Channel":"Microsoft-Windows-Sysmon/Operational","Task":"7","RuleName":"-","FileVersion":"-","Message":"Image loaded:\r\nRuleName: -\r\nUtcTime: 2020-10-19 02:56:14.282\r\nProcessGuid: {39e4a257-004e-5f8d-4304-000000000700}\r\nProcessId: 6772\r\nImage: C:\\Users\\wardog\\Desktop\\Outflank-Dumpert.exe\r\nImageLoaded: C:\\Users\\wardog\\Desktop\\Outflank-Dumpert.exe\r\nFileVersion: -\r\nDescription: -\r\nProduct: -\r\nCompany: -\r\nOriginalFileName: -\r\nHashes: SHA1=98B13ABB701577AC88E360D702BB89160B50E378,MD5=C78D58386504CAF3437EED37FBFF77B5,SHA256=D286348DE31501385A3A8F57A08AF602722913C36AAA4AA9FCB9EE129A7680C0,IMPHASH=E57401FBDADCD4571FF385AB82BD5D6D\r\nSigned: false\r\nSignature: -\r\nSignatureStatus: Unavailable","Hostname":"WORKSTATION5","ProcessId":"6772","Description":"-","Company":"-","Signed":"false","OriginalFileName":"-"}
{"TimeCreated":"2020-10-18 10:56:14.310","SourceName":"Microsoft-Windows-Sysmon","SignatureStatus":"Valid","Signature":"Microsoft Windows","Product":"Microsoft Windows Operating System","Hashes":"SHA1=A4A7343F1879C37FB6F22BCA23F633A36BFEDFAB,MD5=1A0BB6B1BDAE905B7282930A94B4FEB2,SHA256=0B3BEAA1E49CEE79A9C9F518979A5481139390D297FA5ACD5427A4CDB60D6D00,IMPHASH=21667D44701C8F5F61867EF5B495ACBD","UtcTime":"2020-10-19 02:56:14.282","ProcessGuid":"{39e4a257-ff60-5f8c-2f04-000000000700}","Image":"C:\\Windows\\System32\\cmd.exe","ImageLoaded":"C:\\Windows\\System32\\apphelp.dll","EventID":7,"Channel":"Microsoft-Windows-Sysmon/Operational","Task":"7","RuleName":"-","FileVersion":"10.0.18362.1139 (WinBuild.160101.0800)","Message":"Image loaded:\r\nRuleName: -\r\nUtcTime: 2020-10-19 02:56:14.282\r\nProcessGuid: {39e4a257-ff60-5f8c-2f04-000000000700}\r\nProcessId: 3080\r\nImage: C:\\Windows\\System32\\cmd.exe\r\nImageLoaded: C:\\Windows\\System32\\apphelp.dll\r\nFileVersion: 10.0.18362.1139 (WinBuild.160101.0800)\r\nDescription: Application Compatibility Client Library\r\nProduct: Microsoft Windows Operating System\r\nCompany: Microsoft Corporation\r\nOriginalFileName: Apphelp\r\nHashes: SHA1=A4A7343F1879C37FB6F22BCA23F633A36BFEDFAB,MD5=1A0BB6B1BDAE905B7282930A94B4FEB2,SHA256=0B3BEAA1E49CEE79A9C9F518979A5481139390D297FA5ACD5427A4CDB60D6D00,IMPHASH=21667D44701C8F5F61867EF5B495ACBD\r\nSigned: true\r\nSignature: Microsoft Windows\r\nSignatureStatus: Valid","Hostname":"WORKSTATION5","ProcessId":"3080","Description":"Application Compatibility Client Library","Company":"Microsoft Corporation","Signed":"true","OriginalFileName":"Apphelp"}
{"TimeCreated":"2020-10-18 10:56:14.310","SourceName":"Microsoft-Windows-Sysmon","SignatureStatus":"Valid","Signature":"Microsoft Windows","Product":"Microsoft Windows Operating System","Hashes":"SHA1=D10BBE9B65C2C6F8FCA6850D0B79CBC6EF04D691,MD5=126821F73FD9FFCE6E091CF9480E1B60,SHA256=7B28F46F0A09CFD9129109A94B1C16C9C62EEF46C09113C4C585D9BF0E69B2DA,IMPHASH=5AE9A136FAFA10321F3D48251BF4F6A1","UtcTime":"2020-10-19 02:56:14.298","ProcessGuid":"{39e4a257-004e-5f8d-4304-000000000700}","Image":"C:\\Users\\wardog\\Desktop\\Outflank-Dumpert.exe","ImageLoaded":"C:\\Windows\\System32\\ucrtbase.dll","EventID":7,"Channel":"Microsoft-Windows-Sysmon/Operational","Task":"7","RuleName":"-","FileVersion":"10.0.18362.1110 (WinBuild.160101.0800)","Message":"Image loaded:\r\nRuleName: -\r\nUtcTime: 2020-10-19 02:56:14.298\r\nProcessGuid: {39e4a257-004e-5f8d-4304-000000000700}\r\nProcessId: 6772\r\nImage: C:\\Users\\wardog\\Desktop\\Outflank-Dumpert.exe\r\nImageLoaded: C:\\Windows\\System32\\ucrtbase.dll\r\nFileVersion: 10.0.18362.1110 (WinBuild.160101.0800)\r\nDescription: Microsoft C Runtime Library\r\nProduct: Microsoft Windows Operating System\r\nCompany: Microsoft Corporation\r\nOriginalFileName: ucrtbase.dll\r\nHashes: SHA1=D10BBE9B65C2C6F8FCA6850D0B79CBC6EF04D691,MD5=126821F73FD9FFCE6E091CF9480E1B60,SHA256=7B28F46F0A09CFD9129109A94B1C16C9C62EEF46C09113C4C585D9BF0E69B2DA,IMPHASH=5AE9A136FAFA10321F3D48251BF4F6A1\r\nSigned: true\r\nSignature: Microsoft Windows\r\nSignatureStatus: Valid","Hostname":"WORKSTATION5","ProcessId":"6772","Description":"Microsoft C Runtime Library","Company":"Microsoft Corporation","Signed":"true","OriginalFileName":"ucrtbase.dll"}
{"TimeCreated":"2020-10-18 10:56:14.309","SourceName":"Microsoft-Windows-Sysmon","SignatureStatus":"Valid","Signature":"Microsoft Windows","Product":"Microsoft Windows Operating System","Hashes":"SHA1=05EE2A5807C15A68FC01F8226B7AB670E997DC17,MD5=4D9BE9FEC7FA4A16BB62BFDDC656C60D,SHA256=E2BD6557A60FCA4EF3A0350DB057E64767A3E07ECC229C0859DBD60BF16C66F7,IMPHASH=A3BCCB56DF3A7F1398A01550180F0559","UtcTime":"2020-10-19 02:56:14.298","ProcessGuid":"{39e4a257-004e-5f8d-4304-000000000700}","Image":"C:\\Users\\wardog\\Desktop\\Outflank-Dumpert.exe","ImageLoaded":"C:\\Windows\\System32\\dbghelp.dll","EventID":7,"Channel":"Microsoft-Windows-Sysmon/Operational","Task":"7","RuleName":"-","FileVersion":"10.0.18362.1049 (WinBuild.160101.0800)","Message":"Image loaded:\r\nRuleName: -\r\nUtcTime: 2020-10-19 02:56:14.298\r\nProcessGuid: {39e4a257-004e-5f8d-4304-000000000700}\r\nProcessId: 6772\r\nImage: C:\\Users\\wardog\\Desktop\\Outflank-Dumpert.exe\r\nImageLoaded: C:\\Windows\\System32\\dbghelp.dll\r\nFileVersion: 10.0.18362.1049 (WinBuild.160101.0800)\r\nDescription: Windows Image Helper\r\nProduct: Microsoft Windows Operating System\r\nCompany: Microsoft Corporation\r\nOriginalFileName: DBGHELP.DLL\r\nHashes: SHA1=05EE2A5807C15A68FC01F8226B7AB670E997DC17,MD5=4D9BE9FEC7FA4A16BB62BFDDC656C60D,SHA256=E2BD6557A60FCA4EF3A0350DB057E64767A3E07ECC229C0859DBD60BF16C66F7,IMPHASH=A3BCCB56DF3A7F1398A01550180F0559\r\nSigned: true\r\nSignature: Microsoft Windows\r\nSignatureStatus: Valid","Hostname":"WORKSTATION5","ProcessId":"6772","Description":"Windows Image Helper","Company":"Microsoft Corporation","Signed":"true","OriginalFileName":"DBGHELP.DLL"}
{"TimeCreated":"2020-10-18 10:56:14.307","SourceName":"Microsoft-Windows-Sysmon","SignatureStatus":"Valid","Signature":"Microsoft Windows","Product":"Microsoft Windows Operating System","Hashes":"SHA1=04BCAE1D932B2FB22A3B7ADC6C1EC1776151FC68,MD5=DBC5A40335E9F25C5C9313AB95C88CE8,SHA256=C39C71244E43B5469FF3F9313893E1AB7AFF5806B1A179CBED06A59B3F6F81B5,IMPHASH=88E7E7C7FA90052EC162DD37F2B7C7BD","UtcTime":"2020-10-19 02:56:14.298","ProcessGuid":"{39e4a257-004e-5f8d-4304-000000000700}","Image":"C:\\Users\\wardog\\Desktop\\Outflank-Dumpert.exe","ImageLoaded":"C:\\Windows\\System32\\rpcrt4.dll","EventID":7,"Channel":"Microsoft-Windows-Sysmon/Operational","Task":"7","RuleName":"-","FileVersion":"10.0.18362.1110 (WinBuild.160101.0800)","Message":"Image loaded:\r\nRuleName: -\r\nUtcTime: 2020-10-19 02:56:14.298\r\nProcessGuid: {39e4a257-004e-5f8d-4304-000000000700}\r\nProcessId: 6772\r\nImage: C:\\Users\\wardog\\Desktop\\Outflank-Dumpert.exe\r\nImageLoaded: C:\\Windows\\System32\\rpcrt4.dll\r\nFileVersion: 10.0.18362.1110 (WinBuild.160101.0800)\r\nDescription: Remote Procedure Call Runtime\r\nProduct: Microsoft Windows Operating System\r\nCompany: Microsoft Corporation\r\nOriginalFileName: rpcrt4.dll\r\nHashes: SHA1=04BCAE1D932B2FB22A3B7ADC6C1EC1776151FC68,MD5=DBC5A40335E9F25C5C9313AB95C88CE8,SHA256=C39C71244E43B5469FF3F9313893E1AB7AFF5806B1A179CBED06A59B3F6F81B5,IMPHASH=88E7E7C7FA90052EC162DD37F2B7C7BD\r\nSigned: true\r\nSignature: Microsoft Windows\r\nSignatureStatus: Valid","Hostname":"WORKSTATION5","ProcessId":"6772","Description":"Remote Procedure Call Runtime","Company":"Microsoft Corporation","Signed":"true","OriginalFileName":"rpcrt4.dll"}
