{"@timestamp":"2020-11-02T04:39:13.255Z","TimeCreated":"2020-11-02T04:39:13.255Z","Hashes":"SHA1=55E3CFD45165D85D68E41DCFA8CDEE7A49748535,MD5=AF1FF79545FD839C3DD08BE291DCDFA0,SHA256=5E3CA3FB6DF4300CE08FAA4DDE075E0289546FA22091C11B2041A2F326B4CF6B,IMPHASH=1DA3FF19E9F7A598F95DC9DD3B4992F3","Signature":"Microsoft Windows","ProviderGuid":"{5770385f-c22a-43e0-bf4c-06f5698ffbd9}","Company":"Microsoft Corporation","UtcTime":"2020-11-02 21:39:13.238","ProcessGuid":"{39e4a257-7c81-5fa0-c44c-000000000700}","Image":"C:\\Windows\\System32\\wbem\\WmiPrvSE.exe","ImageLoaded":"C:\\Windows\\System32\\wbemcomn.dll","Level":"4","Channel":"Microsoft-Windows-Sysmon/Operational","Task":"7","RuleName":"-","FileVersion":"10.0.18362.1 (WinBuild.160101.0800)","SourceName":"Microsoft-Windows-Sysmon","Hostname":"WORKSTATION5","ProcessId":"2664","Description":"WMI","SignatureStatus":"Valid","Product":"Microsoft Windows Operating System","EventID":7,"Keywords":"0x8000000000000000","Signed":"true","OriginalFileName":"wbemcomn.dll","Message":"Image loaded:\r\nRuleName: -\r\nUtcTime: 2020-11-02 21:39:13.238\r\nProcessGuid: {39e4a257-7c81-5fa0-c44c-000000000700}\r\nProcessId: 2664\r\nImage: C:\\Windows\\System32\\wbem\\WmiPrvSE.exe\r\nImageLoaded: C:\\Windows\\System32\\wbemcomn.dll\r\nFileVersion: 10.0.18362.1 (WinBuild.160101.0800)\r\nDescription: WMI\r\nProduct: Microsoft Windows Operating System\r\nCompany: Microsoft Corporation\r\nOriginalFileName: wbemcomn.dll\r\nHashes: SHA1=55E3CFD45165D85D68E41DCFA8CDEE7A49748535,MD5=AF1FF79545FD839C3DD08BE291DCDFA0,SHA256=5E3CA3FB6DF4300CE08FAA4DDE075E0289546FA22091C11B2041A2F326B4CF6B,IMPHASH=1DA3FF19E9F7A598F95DC9DD3B4992F3\r\nSigned: true\r\nSignature: Microsoft Windows\r\nSignatureStatus: Valid"}
{"@timestamp":"2020-11-02T04:39:13.256Z","TimeCreated":"2020-11-02T04:39:13.256Z","Hashes":"SHA1=421C35E0949143DE72C8F98776565D24815AD47E,MD5=F46778029BE7D755EBDCDF048EA62A4B,SHA256=907A4D1D405283AD24BBA1F9A763C5118A33574F3E0EC7FC543F65B24CC0A748,IMPHASH=E5649DCD6FA9472DB9A89CCD123913C0","Signature":"Microsoft Windows","ProviderGuid":"{5770385f-c22a-43e0-bf4c-06f5698ffbd9}","Company":"Microsoft Corporation","UtcTime":"2020-11-02 21:39:13.254","ProcessGuid":"{39e4a257-7c81-5fa0-c44c-000000000700}","Image":"C:\\Windows\\System32\\wbem\\WmiPrvSE.exe","ImageLoaded":"C:\\Windows\\System32\\bcrypt.dll","Level":"4","Channel":"Microsoft-Windows-Sysmon/Operational","Task":"7","RuleName":"-","FileVersion":"10.0.18362.267 (WinBuild.160101.0800)","SourceName":"Microsoft-Windows-Sysmon","Hostname":"WORKSTATION5","ProcessId":"2664","Description":"Windows Cryptographic Primitives Library","SignatureStatus":"Valid","Product":"Microsoft Windows Operating System","EventID":7,"Keywords":"0x8000000000000000","Signed":"true","OriginalFileName":"bcrypt.dll","Message":"Image loaded:\r\nRuleName: -\r\nUtcTime: 2020-11-02 21:39:13.254\r\nProcessGuid: {39e4a257-7c81-5fa0-c44c-000000000700}\r\nProcessId: 2664\r\nImage: C:\\Windows\\System32\\wbem\\WmiPrvSE.exe\r\nImageLoaded: C:\\Windows\\System32\\bcrypt.dll\r\nFileVersion: 10.0.18362.267 (WinBuild.160101.0800)\r\nDescription: Windows Cryptographic Primitives Library\r\nProduct: Microsoft Windows Operating System\r\nCompany: Microsoft Corporation\r\nOriginalFileName: bcrypt.dll\r\nHashes: SHA1=421C35E0949143DE72C8F98776565D24815AD47E,MD5=F46778029BE7D755EBDCDF048EA62A4B,SHA256=907A4D1D405283AD24BBA1F9A763C5118A33574F3E0EC7FC543F65B24CC0A748,IMPHASH=E5649DCD6FA9472DB9A89CCD123913C0\r\nSigned: true\r\nSignature: Microsoft Windows\r\nSignatureStatus: Valid"}
{"@timestamp":"2020-11-02T04:39:13.257Z","TimeCreated":"2020-11-02T04:39:13.257Z","Hashes":"SHA1=0E931ED820C96CCAD23D4AFCB0ACD97C99155D11,MD5=C0F8DA7568D2F1534E0ABB0E69DC3280,SHA256=E419A4BBDF1D5E0601E90BAFC1558DBD7414CD44E098B581C1915EF2C6E38D0B,IMPHASH=70D7A835AF4CA9F98A94AAF1B60BF88F","Signature":"Microsoft Windows","ProviderGuid":"{5770385f-c22a-43e0-bf4c-06f5698ffbd9}","Company":"Microsoft Corporation","UtcTime":"2020-11-02 21:39:13.254","ProcessGuid":"{39e4a257-7c81-5fa0-c44c-000000000700}","Image":"C:\\Windows\\System32\\wbem\\WmiPrvSE.exe","ImageLoaded":"C:\\Windows\\System32\\ws2_32.dll","Level":"4","Channel":"Microsoft-Windows-Sysmon/Operational","Task":"7","RuleName":"-","FileVersion":"10.0.18362.387 (WinBuild.160101.0800)","SourceName":"Microsoft-Windows-Sysmon","Hostname":"WORKSTATION5","ProcessId":"2664","Description":"Windows Socket 2.0 32-Bit DLL","SignatureStatus":"Valid","Product":"Microsoft Windows Operating System","EventID":7,"Keywords":"0x8000000000000000","Signed":"true","OriginalFileName":"ws2_32.dll","Message":"Image loaded:\r\nRuleName: -\r\nUtcTime: 2020-11-02 21:39:13.254\r\nProcessGuid: {39e4a257-7c81-5fa0-c44c-000000000700}\r\nProcessId: 2664\r\nImage: C:\\Windows\\System32\\wbem\\WmiPrvSE.exe\r\nImageLoaded: C:\\Windows\\System32\\ws2_32.dll\r\nFileVersion: 10.0.18362.387 (WinBuild.160101.0800)\r\nDescription: Windows Socket 2.0 32-Bit DLL\r\nProduct: Microsoft Windows Operating System\r\nCompany: Microsoft Corporation\r\nOriginalFileName: ws2_32.dll\r\nHashes: SHA1=0E931ED820C96CCAD23D4AFCB0ACD97C99155D11,MD5=C0F8DA7568D2F1534E0ABB0E69DC3280,SHA256=E419A4BBDF1D5E0601E90BAFC1558DBD7414CD44E098B581C1915EF2C6E38D0B,IMPHASH=70D7A835AF4CA9F98A94AAF1B60BF88F\r\nSigned: true\r\nSignature: Microsoft Windows\r\nSignatureStatus: Valid"}
{"@timestamp":"2020-11-02T04:39:13.257Z","TimeCreated":"2020-11-02T04:39:13.257Z","Hashes":"SHA1=B4222C8DC3274CFC3FE54F322D827B2F01FFF036,MD5=EF2BBEAFF07D32A2EC77FB4602FA9664,SHA256=6B47F3E88CDEDF8F31F91940E38A4544818C79D153323262F9F46B21F41D262C,IMPHASH=402DA460E2AC467F4489C588A9941032","Signature":"Microsoft Windows","ProviderGuid":"{5770385f-c22a-43e0-bf4c-06f5698ffbd9}","Company":"Microsoft Corporation","UtcTime":"2020-11-02 21:39:13.254","ProcessGuid":"{39e4a257-7c81-5fa0-c44c-000000000700}","Image":"C:\\Windows\\System32\\wbem\\WmiPrvSE.exe","ImageLoaded":"C:\\Windows\\System32\\bcryptprimitives.dll","Level":"4","Channel":"Microsoft-Windows-Sysmon/Operational","Task":"7","RuleName":"-","FileVersion":"10.0.18362.836 (WinBuild.160101.0800)","SourceName":"Microsoft-Windows-Sysmon","Hostname":"WORKSTATION5","ProcessId":"2664","Description":"Windows Cryptographic Primitives Library","SignatureStatus":"Valid","Product":"Microsoft Windows Operating System","EventID":7,"Keywords":"0x8000000000000000","Signed":"true","OriginalFileName":"bcryptprimitives.dll","Message":"Image loaded:\r\nRuleName: -\r\nUtcTime: 2020-11-02 21:39:13.254\r\nProcessGuid: {39e4a257-7c81-5fa0-c44c-000000000700}\r\nProcessId: 2664\r\nImage: C:\\Windows\\System32\\wbem\\WmiPrvSE.exe\r\nImageLoaded: C:\\Windows\\System32\\bcryptprimitives.dll\r\nFileVersion: 10.0.18362.836 (WinBuild.160101.0800)\r\nDescription: Windows Cryptographic Primitives Library\r\nProduct: Microsoft Windows Operating System\r\nCompany: Microsoft Corporation\r\nOriginalFileName: bcryptprimitives.dll\r\nHashes: SHA1=B4222C8DC3274CFC3FE54F322D827B2F01FFF036,MD5=EF2BBEAFF07D32A2EC77FB4602FA9664,SHA256=6B47F3E88CDEDF8F31F91940E38A4544818C79D153323262F9F46B21F41D262C,IMPHASH=402DA460E2AC467F4489C588A9941032\r\nSigned: true\r\nSignature: Microsoft Windows\r\nSignatureStatus: Valid"}
{"@timestamp":"2020-11-02T04:39:13.257Z","TimeCreated":"2020-11-02T04:39:13.257Z","Hashes":"SHA1=A330EDE32DFA03AE6808EE7FB6916D8DEB8F5DDE,MD5=A094E2B38D3DD864B07580D243CB6E43,SHA256=C441E19D20961D4E990E117A300ED318BEDBF2F8BA0FF07BEE7832AC502CDDF2,IMPHASH=CE4BD072766253F6A267D0284CA82002","Signature":"Microsoft Windows","ProviderGuid":"{5770385f-c22a-43e0-bf4c-06f5698ffbd9}","Company":"Microsoft Corporation","UtcTime":"2020-11-02 21:39:13.254","ProcessGuid":"{39e4a257-7c81-5fa0-c44c-000000000700}","Image":"C:\\Windows\\System32\\wbem\\WmiPrvSE.exe","ImageLoaded":"C:\\Windows\\System32\\sechost.dll","Level":"4","Channel":"Microsoft-Windows-Sysmon/Operational","Task":"7","RuleName":"-","FileVersion":"10.0.18362.959 (WinBuild.160101.0800)","SourceName":"Microsoft-Windows-Sysmon","Hostname":"WORKSTATION5","ProcessId":"2664","Description":"Host for SCM/SDDL/LSA Lookup APIs","SignatureStatus":"Valid","Product":"Microsoft Windows Operating System","EventID":7,"Keywords":"0x8000000000000000","Signed":"true","OriginalFileName":"sechost.dll","Message":"Image loaded:\r\nRuleName: -\r\nUtcTime: 2020-11-02 21:39:13.254\r\nProcessGuid: {39e4a257-7c81-5fa0-c44c-000000000700}\r\nProcessId: 2664\r\nImage: C:\\Windows\\System32\\wbem\\WmiPrvSE.exe\r\nImageLoaded: C:\\Windows\\System32\\sechost.dll\r\nFileVersion: 10.0.18362.959 (WinBuild.160101.0800)\r\nDescription: Host for SCM/SDDL/LSA Lookup APIs\r\nProduct: Microsoft Windows Operating System\r\nCompany: Microsoft Corporation\r\nOriginalFileName: sechost.dll\r\nHashes: SHA1=A330EDE32DFA03AE6808EE7FB6916D8DEB8F5DDE,MD5=A094E2B38D3DD864B07580D243CB6E43,SHA256=C441E19D20961D4E990E117A300ED318BEDBF2F8BA0FF07BEE7832AC502CDDF2,IMPHASH=CE4BD072766253F6A267D0284CA82002\r\nSigned: true\r\nSignature: Microsoft Windows\r\nSignatureStatus: Valid"}
{"@timestamp":"2020-11-02T04:39:13.262Z","TimeCreated":"2020-11-02T04:39:13.262Z","ProviderGuid":"{5770385f-c22a-43e0-bf4c-06f5698ffbd9}","UtcTime":"2020-11-02 21:39:13.254","ProcessGuid":"{39e4a257-7c81-5fa0-c44c-000000000700}","Image":"C:\\windows\\system32\\wbem\\wmiprvse.exe","Level":"4","Channel":"Microsoft-Windows-Sysmon/Operational","Task":"12","RuleName":"-","SourceName":"Microsoft-Windows-Sysmon","Hostname":"WORKSTATION5","ProcessId":"2664","EventType":"CreateKey","EventID":12,"Keywords":"0x8000000000000000","TargetObject":"HKLM\\SOFTWARE","Message":"Registry object added or deleted:\r\nRuleName: -\r\nEventType: CreateKey\r\nUtcTime: 2020-11-02 21:39:13.254\r\nProcessGuid: {39e4a257-7c81-5fa0-c44c-000000000700}\r\nProcessId: 2664\r\nImage: C:\\windows\\system32\\wbem\\wmiprvse.exe\r\nTargetObject: HKLM\\SOFTWARE"}
{"@timestamp":"2020-11-02T04:39:13.263Z","TimeCreated":"2020-11-02T04:39:13.263Z","ProviderGuid":"{5770385f-c22a-43e0-bf4c-06f5698ffbd9}","UtcTime":"2020-11-02 21:39:13.254","ProcessGuid":"{39e4a257-7c81-5fa0-c44c-000000000700}","Image":"C:\\windows\\system32\\wbem\\wmiprvse.exe","Level":"4","Channel":"Microsoft-Windows-Sysmon/Operational","Task":"12","RuleName":"-","SourceName":"Microsoft-Windows-Sysmon","Hostname":"WORKSTATION5","ProcessId":"2664","EventType":"CreateKey","EventID":12,"Keywords":"0x8000000000000000","TargetObject":"HKLM\\SOFTWARE\\Microsoft","Message":"Registry object added or deleted:\r\nRuleName: -\r\nEventType: CreateKey\r\nUtcTime: 2020-11-02 21:39:13.254\r\nProcessGuid: {39e4a257-7c81-5fa0-c44c-000000000700}\r\nProcessId: 2664\r\nImage: C:\\windows\\system32\\wbem\\wmiprvse.exe\r\nTargetObject: HKLM\\SOFTWARE\\Microsoft"}
{"@timestamp":"2020-11-02T04:39:13.263Z","TimeCreated":"2020-11-02T04:39:13.263Z","ProviderGuid":"{5770385f-c22a-43e0-bf4c-06f5698ffbd9}","UtcTime":"2020-11-02 21:39:13.254","ProcessGuid":"{39e4a257-7c81-5fa0-c44c-000000000700}","Image":"C:\\windows\\system32\\wbem\\wmiprvse.exe","Level":"4","Channel":"Microsoft-Windows-Sysmon/Operational","Task":"12","RuleName":"-","SourceName":"Microsoft-Windows-Sysmon","Hostname":"WORKSTATION5","ProcessId":"2664","EventType":"CreateKey","EventID":12,"Keywords":"0x8000000000000000","TargetObject":"HKLM\\SOFTWARE\\Microsoft\\Wbem","Message":"Registry object added or deleted:\r\nRuleName: -\r\nEventType: CreateKey\r\nUtcTime: 2020-11-02 21:39:13.254\r\nProcessGuid: {39e4a257-7c81-5fa0-c44c-000000000700}\r\nProcessId: 2664\r\nImage: C:\\windows\\system32\\wbem\\wmiprvse.exe\r\nTargetObject: HKLM\\SOFTWARE\\Microsoft\\Wbem"}
{"@timestamp":"2020-11-02T04:39:13.263Z","TimeCreated":"2020-11-02T04:39:13.263Z","ProviderGuid":"{5770385f-c22a-43e0-bf4c-06f5698ffbd9}","UtcTime":"2020-11-02 21:39:13.254","ProcessGuid":"{39e4a257-7c81-5fa0-c44c-000000000700}","Image":"C:\\windows\\system32\\wbem\\wmiprvse.exe","Level":"4","Channel":"Microsoft-Windows-Sysmon/Operational","Task":"12","RuleName":"-","SourceName":"Microsoft-Windows-Sysmon","Hostname":"WORKSTATION5","ProcessId":"2664","EventType":"CreateKey","EventID":12,"Keywords":"0x8000000000000000","TargetObject":"HKLM\\SOFTWARE","Message":"Registry object added or deleted:\r\nRuleName: -\r\nEventType: CreateKey\r\nUtcTime: 2020-11-02 21:39:13.254\r\nProcessGuid: {39e4a257-7c81-5fa0-c44c-000000000700}\r\nProcessId: 2664\r\nImage: C:\\windows\\system32\\wbem\\wmiprvse.exe\r\nTargetObject: HKLM\\SOFTWARE"}
{"@timestamp":"2020-11-02T04:39:13.263Z","TimeCreated":"2020-11-02T04:39:13.263Z","ProviderGuid":"{5770385f-c22a-43e0-bf4c-06f5698ffbd9}","UtcTime":"2020-11-02 21:39:13.254","ProcessGuid":"{39e4a257-7c81-5fa0-c44c-000000000700}","Image":"C:\\windows\\system32\\wbem\\wmiprvse.exe","Level":"4","Channel":"Microsoft-Windows-Sysmon/Operational","Task":"12","RuleName":"-","SourceName":"Microsoft-Windows-Sysmon","Hostname":"WORKSTATION5","ProcessId":"2664","EventType":"CreateKey","EventID":12,"Keywords":"0x8000000000000000","TargetObject":"HKLM\\SOFTWARE\\Microsoft","Message":"Registry object added or deleted:\r\nRuleName: -\r\nEventType: CreateKey\r\nUtcTime: 2020-11-02 21:39:13.254\r\nProcessGuid: {39e4a257-7c81-5fa0-c44c-000000000700}\r\nProcessId: 2664\r\nImage: C:\\windows\\system32\\wbem\\wmiprvse.exe\r\nTargetObject: HKLM\\SOFTWARE\\Microsoft"}
{"@timestamp":"2020-11-02T04:39:13.263Z","TimeCreated":"2020-11-02T04:39:13.263Z","ProviderGuid":"{5770385f-c22a-43e0-bf4c-06f5698ffbd9}","UtcTime":"2020-11-02 21:39:13.254","ProcessGuid":"{39e4a257-7c81-5fa0-c44c-000000000700}","Image":"C:\\windows\\system32\\wbem\\wmiprvse.exe","Level":"4","Channel":"Microsoft-Windows-Sysmon/Operational","Task":"12","RuleName":"-","SourceName":"Microsoft-Windows-Sysmon","Hostname":"WORKSTATION5","ProcessId":"2664","EventType":"CreateKey","EventID":12,"Keywords":"0x8000000000000000","TargetObject":"HKLM\\SOFTWARE\\Microsoft\\Wbem","Message":"Registry object added or deleted:\r\nRuleName: -\r\nEventType: CreateKey\r\nUtcTime: 2020-11-02 21:39:13.254\r\nProcessGuid: {39e4a257-7c81-5fa0-c44c-000000000700}\r\nProcessId: 2664\r\nImage: C:\\windows\\system32\\wbem\\wmiprvse.exe\r\nTargetObject: HKLM\\SOFTWARE\\Microsoft\\Wbem"}
{"@timestamp":"2020-11-02T04:39:13.270Z","TimeCreated":"2020-11-02T04:39:13.270Z","Hashes":"SHA1=35C61DDE6F8F4ED05F9C4837E2B91C886CA79F82,MD5=EA4F6E7961B4A402F6F5EC33C655260A,SHA256=5E2D103E7E1FD7CA0492E541F082D274EF6259AF2158A3562986C796C5C869DD,IMPHASH=8EEA175C33205685FB8A14876D7564DB","Signature":"Microsoft Windows","ProviderGuid":"{5770385f-c22a-43e0-bf4c-06f5698ffbd9}","Company":"Microsoft Corporation","UtcTime":"2020-11-02 21:39:13.270","ProcessGuid":"{39e4a257-7c81-5fa0-c44c-000000000700}","Image":"C:\\Windows\\System32\\wbem\\WmiPrvSE.exe","ImageLoaded":"C:\\Windows\\System32\\advapi32.dll","Level":"4","Channel":"Microsoft-Windows-Sysmon/Operational","Task":"7","RuleName":"-","FileVersion":"10.0.18362.752 (WinBuild.160101.0800)","SourceName":"Microsoft-Windows-Sysmon","Hostname":"WORKSTATION5","ProcessId":"2664","Description":"Advanced Windows 32 Base API","SignatureStatus":"Valid","Product":"Microsoft Windows Operating System","EventID":7,"Keywords":"0x8000000000000000","Signed":"true","OriginalFileName":"advapi32.dll","Message":"Image loaded:\r\nRuleName: -\r\nUtcTime: 2020-11-02 21:39:13.270\r\nProcessGuid: {39e4a257-7c81-5fa0-c44c-000000000700}\r\nProcessId: 2664\r\nImage: C:\\Windows\\System32\\wbem\\WmiPrvSE.exe\r\nImageLoaded: C:\\Windows\\System32\\advapi32.dll\r\nFileVersion: 10.0.18362.752 (WinBuild.160101.0800)\r\nDescription: Advanced Windows 32 Base API\r\nProduct: Microsoft Windows Operating System\r\nCompany: Microsoft Corporation\r\nOriginalFileName: advapi32.dll\r\nHashes: SHA1=35C61DDE6F8F4ED05F9C4837E2B91C886CA79F82,MD5=EA4F6E7961B4A402F6F5EC33C655260A,SHA256=5E2D103E7E1FD7CA0492E541F082D274EF6259AF2158A3562986C796C5C869DD,IMPHASH=8EEA175C33205685FB8A14876D7564DB\r\nSigned: true\r\nSignature: Microsoft Windows\r\nSignatureStatus: Valid"}
{"@timestamp":"2020-11-02T04:39:13.271Z","TimeCreated":"2020-11-02T04:39:13.271Z","Hashes":"SHA1=6B56618013746DA2480E9B14DBD03BD1C6DC009F,MD5=99391EBA3F88D56C3D27268D7947782F,SHA256=3AC2B856DD34D51A631C26791916A036C6C917667D8562676CCE8F2F35349221,IMPHASH=70F6F0466DB32D0AA9E18434AE996907","Signature":"Microsoft Windows","ProviderGuid":"{5770385f-c22a-43e0-bf4c-06f5698ffbd9}","Company":"Microsoft Corporation","UtcTime":"2020-11-02 21:39:13.270","ProcessGuid":"{39e4a257-7c81-5fa0-c44c-000000000700}","Image":"C:\\Windows\\System32\\wbem\\WmiPrvSE.exe","ImageLoaded":"C:\\Windows\\System32\\user32.dll","Level":"4","Channel":"Microsoft-Windows-Sysmon/Operational","Task":"7","RuleName":"-","FileVersion":"10.0.18362.1110 (WinBuild.160101.0800)","SourceName":"Microsoft-Windows-Sysmon","Hostname":"WORKSTATION5","ProcessId":"2664","Description":"Multi-User Windows USER API Client DLL","SignatureStatus":"Valid","Product":"Microsoft Windows Operating System","EventID":7,"Keywords":"0x8000000000000000","Signed":"true","OriginalFileName":"user32","Message":"Image loaded:\r\nRuleName: -\r\nUtcTime: 2020-11-02 21:39:13.270\r\nProcessGuid: {39e4a257-7c81-5fa0-c44c-000000000700}\r\nProcessId: 2664\r\nImage: C:\\Windows\\System32\\wbem\\WmiPrvSE.exe\r\nImageLoaded: C:\\Windows\\System32\\user32.dll\r\nFileVersion: 10.0.18362.1110 (WinBuild.160101.0800)\r\nDescription: Multi-User Windows USER API Client DLL\r\nProduct: Microsoft Windows Operating System\r\nCompany: Microsoft Corporation\r\nOriginalFileName: user32\r\nHashes: SHA1=6B56618013746DA2480E9B14DBD03BD1C6DC009F,MD5=99391EBA3F88D56C3D27268D7947782F,SHA256=3AC2B856DD34D51A631C26791916A036C6C917667D8562676CCE8F2F35349221,IMPHASH=70F6F0466DB32D0AA9E18434AE996907\r\nSigned: true\r\nSignature: Microsoft Windows\r\nSignatureStatus: Valid"}
{"@timestamp":"2020-11-02T04:39:13.272Z","TimeCreated":"2020-11-02T04:39:13.272Z","Hashes":"SHA1=09CAA4704CC828100AA4BDB1366B5156CD1A63E4,MD5=BE23D5C90313AACEC36448136408D336,SHA256=20EE5EE473456C0853CC7B64FA9BCDBFB3C00B0848B3CFE141535C10AC944478,IMPHASH=00000000000000000000000000000000","Signature":"Microsoft Windows","ProviderGuid":"{5770385f-c22a-43e0-bf4c-06f5698ffbd9}","Company":"Microsoft Corporation","UtcTime":"2020-11-02 21:39:13.270","ProcessGuid":"{39e4a257-7c81-5fa0-c44c-000000000700}","Image":"C:\\Windows\\System32\\wbem\\WmiPrvSE.exe","ImageLoaded":"C:\\Windows\\System32\\win32u.dll","Level":"4","Channel":"Microsoft-Windows-Sysmon/Operational","Task":"7","RuleName":"-","FileVersion":"10.0.18362.1139 (WinBuild.160101.0800)","SourceName":"Microsoft-Windows-Sysmon","Hostname":"WORKSTATION5","ProcessId":"2664","Description":"Win32u","SignatureStatus":"Valid","Product":"Microsoft Windows Operating System","EventID":7,"Keywords":"0x8000000000000000","Signed":"true","OriginalFileName":"Win32u.DLL","Message":"Image loaded:\r\nRuleName: -\r\nUtcTime: 2020-11-02 21:39:13.270\r\nProcessGuid: {39e4a257-7c81-5fa0-c44c-000000000700}\r\nProcessId: 2664\r\nImage: C:\\Windows\\System32\\wbem\\WmiPrvSE.exe\r\nImageLoaded: C:\\Windows\\System32\\win32u.dll\r\nFileVersion: 10.0.18362.1139 (WinBuild.160101.0800)\r\nDescription: Win32u\r\nProduct: Microsoft Windows Operating System\r\nCompany: Microsoft Corporation\r\nOriginalFileName: Win32u.DLL\r\nHashes: SHA1=09CAA4704CC828100AA4BDB1366B5156CD1A63E4,MD5=BE23D5C90313AACEC36448136408D336,SHA256=20EE5EE473456C0853CC7B64FA9BCDBFB3C00B0848B3CFE141535C10AC944478,IMPHASH=00000000000000000000000000000000\r\nSigned: true\r\nSignature: Microsoft Windows\r\nSignatureStatus: Valid"}
{"@timestamp":"2020-11-02T04:39:13.273Z","TimeCreated":"2020-11-02T04:39:13.273Z","Hashes":"SHA1=9E91D74D5B9BF64A3D4BE8C5EA3594F5DA2BC299,MD5=2839609118F48DEA292084E43FAA72D8,SHA256=4FC9460147D5A3AA1F9498863CF10BB7BE6099BEF1A3D55503164CA51E36E27E,IMPHASH=C5F30E6A06AB646153863B68366FE58A","Signature":"Microsoft Windows","ProviderGuid":"{5770385f-c22a-43e0-bf4c-06f5698ffbd9}","Company":"Microsoft Corporation","UtcTime":"2020-11-02 21:39:13.270","ProcessGuid":"{39e4a257-7c81-5fa0-c44c-000000000700}","Image":"C:\\Windows\\System32\\wbem\\WmiPrvSE.exe","ImageLoaded":"C:\\Windows\\System32\\gdi32.dll","Level":"4","Channel":"Microsoft-Windows-Sysmon/Operational","Task":"7","RuleName":"-","FileVersion":"10.0.18362.1 (WinBuild.160101.0800)","SourceName":"Microsoft-Windows-Sysmon","Hostname":"WORKSTATION5","ProcessId":"2664","Description":"GDI Client DLL","SignatureStatus":"Valid","Product":"Microsoft Windows Operating System","EventID":7,"Keywords":"0x8000000000000000","Signed":"true","OriginalFileName":"gdi32","Message":"Image loaded:\r\nRuleName: -\r\nUtcTime: 2020-11-02 21:39:13.270\r\nProcessGuid: {39e4a257-7c81-5fa0-c44c-000000000700}\r\nProcessId: 2664\r\nImage: C:\\Windows\\System32\\wbem\\WmiPrvSE.exe\r\nImageLoaded: C:\\Windows\\System32\\gdi32.dll\r\nFileVersion: 10.0.18362.1 (WinBuild.160101.0800)\r\nDescription: GDI Client DLL\r\nProduct: Microsoft Windows Operating System\r\nCompany: Microsoft Corporation\r\nOriginalFileName: gdi32\r\nHashes: SHA1=9E91D74D5B9BF64A3D4BE8C5EA3594F5DA2BC299,MD5=2839609118F48DEA292084E43FAA72D8,SHA256=4FC9460147D5A3AA1F9498863CF10BB7BE6099BEF1A3D55503164CA51E36E27E,IMPHASH=C5F30E6A06AB646153863B68366FE58A\r\nSigned: true\r\nSignature: Microsoft Windows\r\nSignatureStatus: Valid"}
{"@timestamp":"2020-11-02T04:39:13.273Z","TimeCreated":"2020-11-02T04:39:13.273Z","Hashes":"SHA1=F9E2F12438029B6CC54E25DC77E0CDAF4E2F60E6,MD5=EF7E6E4AA8B9EB0B9C2915F6C8F0C71A,SHA256=0428CCE46E90E781510B784E97DC514D4F0564B31591526CDABD40654D4A8F79,IMPHASH=4D32F6E2211CD04CA28C2CD4FAC607E8","Signature":"Microsoft Windows","ProviderGuid":"{5770385f-c22a-43e0-bf4c-06f5698ffbd9}","Company":"Microsoft Corporation","UtcTime":"2020-11-02 21:39:13.270","ProcessGuid":"{39e4a257-7c81-5fa0-c44c-000000000700}","Image":"C:\\Windows\\System32\\wbem\\WmiPrvSE.exe","ImageLoaded":"C:\\Windows\\System32\\gdi32full.dll","Level":"4","Channel":"Microsoft-Windows-Sysmon/Operational","Task":"7","RuleName":"-","FileVersion":"10.0.18362.1139 (WinBuild.160101.0800)","SourceName":"Microsoft-Windows-Sysmon","Hostname":"WORKSTATION5","ProcessId":"2664","Description":"GDI Client DLL","SignatureStatus":"Valid","Product":"Microsoft Windows Operating System","EventID":7,"Keywords":"0x8000000000000000","Signed":"true","OriginalFileName":"gdi32","Message":"Image loaded:\r\nRuleName: -\r\nUtcTime: 2020-11-02 21:39:13.270\r\nProcessGuid: {39e4a257-7c81-5fa0-c44c-000000000700}\r\nProcessId: 2664\r\nImage: C:\\Windows\\System32\\wbem\\WmiPrvSE.exe\r\nImageLoaded: C:\\Windows\\System32\\gdi32full.dll\r\nFileVersion: 10.0.18362.1139 (WinBuild.160101.0800)\r\nDescription: GDI Client DLL\r\nProduct: Microsoft Windows Operating System\r\nCompany: Microsoft Corporation\r\nOriginalFileName: gdi32\r\nHashes: SHA1=F9E2F12438029B6CC54E25DC77E0CDAF4E2F60E6,MD5=EF7E6E4AA8B9EB0B9C2915F6C8F0C71A,SHA256=0428CCE46E90E781510B784E97DC514D4F0564B31591526CDABD40654D4A8F79,IMPHASH=4D32F6E2211CD04CA28C2CD4FAC607E8\r\nSigned: true\r\nSignature: Microsoft Windows\r\nSignatureStatus: Valid"}
{"@timestamp":"2020-11-02T04:39:13.273Z","TimeCreated":"2020-11-02T04:39:13.273Z","Hashes":"SHA1=56A126B33C43CE80C5DA3319FA4FBE28F617599C,MD5=94027F5AE9D6FC3B0917C1B5BCD2D88E,SHA256=2FC246F193104FB36285360E9FB14CE10B04EDB50D9D5ECFD9FDA1F010BFCDB9,IMPHASH=7F555C87AEA488E97B6067A0419ED3B4","Signature":"Microsoft Windows","ProviderGuid":"{5770385f-c22a-43e0-bf4c-06f5698ffbd9}","Company":"Microsoft Corporation","UtcTime":"2020-11-02 21:39:13.270","ProcessGuid":"{39e4a257-7c81-5fa0-c44c-000000000700}","Image":"C:\\Windows\\System32\\wbem\\WmiPrvSE.exe","ImageLoaded":"C:\\Windows\\System32\\msvcp_win.dll","Level":"4","Channel":"Microsoft-Windows-Sysmon/Operational","Task":"7","RuleName":"-","FileVersion":"10.0.18362.1110 (WinBuild.160101.0800)","SourceName":"Microsoft-Windows-Sysmon","Hostname":"WORKSTATION5","ProcessId":"2664","Description":"Microsoft C Runtime Library","SignatureStatus":"Valid","Product":"Microsoft Windows Operating System","EventID":7,"Keywords":"0x8000000000000000","Signed":"true","OriginalFileName":"msvcp_win.dll","Message":"Image loaded:\r\nRuleName: -\r\nUtcTime: 2020-11-02 21:39:13.270\r\nProcessGuid: {39e4a257-7c81-5fa0-c44c-000000000700}\r\nProcessId: 2664\r\nImage: C:\\Windows\\System32\\wbem\\WmiPrvSE.exe\r\nImageLoaded: C:\\Windows\\System32\\msvcp_win.dll\r\nFileVersion: 10.0.18362.1110 (WinBuild.160101.0800)\r\nDescription: Microsoft C Runtime Library\r\nProduct: Microsoft Windows Operating System\r\nCompany: Microsoft Corporation\r\nOriginalFileName: msvcp_win.dll\r\nHashes: SHA1=56A126B33C43CE80C5DA3319FA4FBE28F617599C,MD5=94027F5AE9D6FC3B0917C1B5BCD2D88E,SHA256=2FC246F193104FB36285360E9FB14CE10B04EDB50D9D5ECFD9FDA1F010BFCDB9,IMPHASH=7F555C87AEA488E97B6067A0419ED3B4\r\nSigned: true\r\nSignature: Microsoft Windows\r\nSignatureStatus: Valid"}
{"@timestamp":"2020-11-02T04:39:13.278Z","TimeCreated":"2020-11-02T04:39:13.278Z","Hashes":"SHA1=F1D1D942ACBA432D60C139A8AE9644665044BCD6,MD5=5539643D8D55C97FB3A5F7E24C448A3F,SHA256=4FB47D56F0FC6C27FEC884E078A2999F7B2E10994359960CC78182544CA80C36,IMPHASH=639D16ACD736EAE912B88E985A0A7A0F","Signature":"Microsoft Windows","ProviderGuid":"{5770385f-c22a-43e0-bf4c-06f5698ffbd9}","Company":"Microsoft Corporation","UtcTime":"2020-11-02 21:39:13.270","ProcessGuid":"{39e4a257-7c81-5fa0-c44c-000000000700}","Image":"C:\\Windows\\System32\\wbem\\WmiPrvSE.exe","ImageLoaded":"C:\\Windows\\System32\\kernel.appcore.dll","Level":"4","Channel":"Microsoft-Windows-Sysmon/Operational","Task":"7","RuleName":"-","FileVersion":"10.0.18362.1110 (WinBuild.160101.0800)","SourceName":"Microsoft-Windows-Sysmon","Hostname":"WORKSTATION5","ProcessId":"2664","Description":"AppModel API Host","SignatureStatus":"Valid","Product":"Microsoft Windows Operating System","EventID":7,"Keywords":"0x8000000000000000","Signed":"true","OriginalFileName":"kernel.appcore.dll","Message":"Image loaded:\r\nRuleName: -\r\nUtcTime: 2020-11-02 21:39:13.270\r\nProcessGuid: {39e4a257-7c81-5fa0-c44c-000000000700}\r\nProcessId: 2664\r\nImage: C:\\Windows\\System32\\wbem\\WmiPrvSE.exe\r\nImageLoaded: C:\\Windows\\System32\\kernel.appcore.dll\r\nFileVersion: 10.0.18362.1110 (WinBuild.160101.0800)\r\nDescription: AppModel API Host\r\nProduct: Microsoft Windows Operating System\r\nCompany: Microsoft Corporation\r\nOriginalFileName: kernel.appcore.dll\r\nHashes: SHA1=F1D1D942ACBA432D60C139A8AE9644665044BCD6,MD5=5539643D8D55C97FB3A5F7E24C448A3F,SHA256=4FB47D56F0FC6C27FEC884E078A2999F7B2E10994359960CC78182544CA80C36,IMPHASH=639D16ACD736EAE912B88E985A0A7A0F\r\nSigned: true\r\nSignature: Microsoft Windows\r\nSignatureStatus: Valid"}
{"GrantedAccess":"0x1000","@timestamp":"2020-11-02T04:39:13.279Z","TimeCreated":"2020-11-02T04:39:13.279Z","SourceThreadId":"10040","SourceImage":"C:\\windows\\system32\\svchost.exe","ProviderGuid":"{5770385f-c22a-43e0-bf4c-06f5698ffbd9}","CallTrace":"C:\\windows\\SYSTEM32\\ntdll.dll+9c584|C:\\windows\\System32\\KERNELBASE.dll+305fe|c:\\windows\\system32\\rpcss.dll+47d62|c:\\windows\\system32\\rpcss.dll+47d23|C:\\windows\\System32\\RPCRT4.dll+76a63|C:\\windows\\System32\\RPCRT4.dll+13653|C:\\windows\\System32\\RPCRT4.dll+1457a|C:\\windows\\System32\\RPCRT4.dll+549f8|C:\\windows\\System32\\RPCRT4.dll+2c9b1|C:\\windows\\System32\\RPCRT4.dll+2c26b|C:\\windows\\System32\\RPCRT4.dll+1a8cf|C:\\windows\\System32\\RPCRT4.dll+19d7a|C:\\windows\\System32\\RPCRT4.dll+19361|C:\\windows\\System32\\RPCRT4.dll+18dce|C:\\windows\\System32\\RPCRT4.dll+16a05|C:\\windows\\SYSTEM32\\ntdll.dll+333ed|C:\\windows\\SYSTEM32\\ntdll.dll+34142|C:\\windows\\System32\\KERNEL32.DLL+17c24|C:\\windows\\SYSTEM32\\ntdll.dll+6cea1","UtcTime":"2020-11-02 21:39:13.270","TargetProcessGUID":"{39e4a257-7c81-5fa0-c44c-000000000700}","SourceProcessId":"944","Level":"4","Channel":"Microsoft-Windows-Sysmon/Operational","Task":"10","RuleName":"-","SourceName":"Microsoft-Windows-Sysmon","Hostname":"WORKSTATION5","SourceProcessGUID":"{39e4a257-f132-5f8b-1000-000000000700}","TargetProcessId":"2664","EventID":10,"Keywords":"0x8000000000000000","TargetImage":"C:\\windows\\system32\\wbem\\wmiprvse.exe","Message":"Process accessed:\r\nRuleName: -\r\nUtcTime: 2020-11-02 21:39:13.270\r\nSourceProcessGUID: {39e4a257-f132-5f8b-1000-000000000700}\r\nSourceProcessId: 944\r\nSourceThreadId: 10040\r\nSourceImage: C:\\windows\\system32\\svchost.exe\r\nTargetProcessGUID: {39e4a257-7c81-5fa0-c44c-000000000700}\r\nTargetProcessId: 2664\r\nTargetImage: C:\\windows\\system32\\wbem\\wmiprvse.exe\r\nGrantedAccess: 0x1000\r\nCallTrace: C:\\windows\\SYSTEM32\\ntdll.dll+9c584|C:\\windows\\System32\\KERNELBASE.dll+305fe|c:\\windows\\system32\\rpcss.dll+47d62|c:\\windows\\system32\\rpcss.dll+47d23|C:\\windows\\System32\\RPCRT4.dll+76a63|C:\\windows\\System32\\RPCRT4.dll+13653|C:\\windows\\System32\\RPCRT4.dll+1457a|C:\\windows\\System32\\RPCRT4.dll+549f8|C:\\windows\\System32\\RPCRT4.dll+2c9b1|C:\\windows\\System32\\RPCRT4.dll+2c26b|C:\\windows\\System32\\RPCRT4.dll+1a8cf|C:\\windows\\System32\\RPCRT4.dll+19d7a|C:\\windows\\System32\\RPCRT4.dll+19361|C:\\windows\\System32\\RPCRT4.dll+18dce|C:\\windows\\System32\\RPCRT4.dll+16a05|C:\\windows\\SYSTEM32\\ntdll.dll+333ed|C:\\windows\\SYSTEM32\\ntdll.dll+34142|C:\\windows\\System32\\KERNEL32.DLL+17c24|C:\\windows\\SYSTEM32\\ntdll.dll+6cea1"}
{"GrantedAccess":"0x100000","@timestamp":"2020-11-02T04:39:13.279Z","TimeCreated":"2020-11-02T04:39:13.279Z","SourceThreadId":"13348","SourceImage":"C:\\windows\\system32\\svchost.exe","ProviderGuid":"{5770385f-c22a-43e0-bf4c-06f5698ffbd9}","CallTrace":"C:\\windows\\SYSTEM32\\ntdll.dll+9d154|C:\\windows\\System32\\RPCRT4.dll+2d354|c:\\windows\\system32\\rpcss.dll+314c9|c:\\windows\\system32\\rpcss.dll+30b5b|C:\\windows\\System32\\RPCRT4.dll+76a63|C:\\windows\\System32\\RPCRT4.dll+13653|C:\\windows\\System32\\RPCRT4.dll+1457a|C:\\windows\\System32\\RPCRT4.dll+549f8|C:\\windows\\System32\\RPCRT4.dll+2c9b1|C:\\windows\\System32\\RPCRT4.dll+2c26b|C:\\windows\\System32\\RPCRT4.dll+1a8cf|C:\\windows\\System32\\RPCRT4.dll+19d7a|C:\\windows\\System32\\RPCRT4.dll+19361|C:\\windows\\System32\\RPCRT4.dll+18dce|C:\\windows\\System32\\RPCRT4.dll+16a05|C:\\windows\\SYSTEM32\\ntdll.dll+333ed|C:\\windows\\SYSTEM32\\ntdll.dll+34142|C:\\windows\\System32\\KERNEL32.DLL+17c24|C:\\windows\\SYSTEM32\\ntdll.dll+6cea1","UtcTime":"2020-11-02 21:39:13.270","TargetProcessGUID":"{39e4a257-7c81-5fa0-c44c-000000000700}","SourceProcessId":"992","Level":"4","Channel":"Microsoft-Windows-Sysmon/Operational","Task":"10","RuleName":"-","SourceName":"Microsoft-Windows-Sysmon","Hostname":"WORKSTATION5","SourceProcessGUID":"{39e4a257-f132-5f8b-1100-000000000700}","TargetProcessId":"2664","EventID":10,"Keywords":"0x8000000000000000","TargetImage":"C:\\windows\\system32\\wbem\\wmiprvse.exe","Message":"Process accessed:\r\nRuleName: -\r\nUtcTime: 2020-11-02 21:39:13.270\r\nSourceProcessGUID: {39e4a257-f132-5f8b-1100-000000000700}\r\nSourceProcessId: 992\r\nSourceThreadId: 13348\r\nSourceImage: C:\\windows\\system32\\svchost.exe\r\nTargetProcessGUID: {39e4a257-7c81-5fa0-c44c-000000000700}\r\nTargetProcessId: 2664\r\nTargetImage: C:\\windows\\system32\\wbem\\wmiprvse.exe\r\nGrantedAccess: 0x100000\r\nCallTrace: C:\\windows\\SYSTEM32\\ntdll.dll+9d154|C:\\windows\\System32\\RPCRT4.dll+2d354|c:\\windows\\system32\\rpcss.dll+314c9|c:\\windows\\system32\\rpcss.dll+30b5b|C:\\windows\\System32\\RPCRT4.dll+76a63|C:\\windows\\System32\\RPCRT4.dll+13653|C:\\windows\\System32\\RPCRT4.dll+1457a|C:\\windows\\System32\\RPCRT4.dll+549f8|C:\\windows\\System32\\RPCRT4.dll+2c9b1|C:\\windows\\System32\\RPCRT4.dll+2c26b|C:\\windows\\System32\\RPCRT4.dll+1a8cf|C:\\windows\\System32\\RPCRT4.dll+19d7a|C:\\windows\\System32\\RPCRT4.dll+19361|C:\\windows\\System32\\RPCRT4.dll+18dce|C:\\windows\\System32\\RPCRT4.dll+16a05|C:\\windows\\SYSTEM32\\ntdll.dll+333ed|C:\\windows\\SYSTEM32\\ntdll.dll+34142|C:\\windows\\System32\\KERNEL32.DLL+17c24|C:\\windows\\SYSTEM32\\ntdll.dll+6cea1"}
{"@timestamp":"2020-11-02T04:39:13.282Z","TimeCreated":"2020-11-02T04:39:13.282Z","Hashes":"SHA1=7DE7C7E87CFA639E8C4DF269E38FB69A391D6790,MD5=4B179D7C6AA9424831847BA6BACDB260,SHA256=F0541B07D7B00C8D09BC72DF7E2D974F83482E42CD88B4E8260B832B7A71682E,IMPHASH=70F94828FF194145825265FE7BA88C95","Signature":"Microsoft Windows","ProviderGuid":"{5770385f-c22a-43e0-bf4c-06f5698ffbd9}","Company":"Microsoft Corporation","UtcTime":"2020-11-02 21:39:13.270","ProcessGuid":"{39e4a257-7c81-5fa0-c44c-000000000700}","Image":"C:\\Windows\\System32\\wbem\\WmiPrvSE.exe","ImageLoaded":"C:\\Windows\\System32\\clbcatq.dll","Level":"4","Channel":"Microsoft-Windows-Sysmon/Operational","Task":"7","RuleName":"-","FileVersion":"2001.12.10941.16384 (WinBuild.160101.0800)","SourceName":"Microsoft-Windows-Sysmon","Hostname":"WORKSTATION5","ProcessId":"2664","Description":"COM+ Configuration Catalog","SignatureStatus":"Valid","Product":"Microsoft Windows Operating System","EventID":7,"Keywords":"0x8000000000000000","Signed":"true","OriginalFileName":"CLBCATQ.DLL","Message":"Image loaded:\r\nRuleName: -\r\nUtcTime: 2020-11-02 21:39:13.270\r\nProcessGuid: {39e4a257-7c81-5fa0-c44c-000000000700}\r\nProcessId: 2664\r\nImage: C:\\Windows\\System32\\wbem\\WmiPrvSE.exe\r\nImageLoaded: C:\\Windows\\System32\\clbcatq.dll\r\nFileVersion: 2001.12.10941.16384 (WinBuild.160101.0800)\r\nDescription: COM+ Configuration Catalog\r\nProduct: Microsoft Windows Operating System\r\nCompany: Microsoft Corporation\r\nOriginalFileName: CLBCATQ.DLL\r\nHashes: SHA1=7DE7C7E87CFA639E8C4DF269E38FB69A391D6790,MD5=4B179D7C6AA9424831847BA6BACDB260,SHA256=F0541B07D7B00C8D09BC72DF7E2D974F83482E42CD88B4E8260B832B7A71682E,IMPHASH=70F94828FF194145825265FE7BA88C95\r\nSigned: true\r\nSignature: Microsoft Windows\r\nSignatureStatus: Valid"}
{"@timestamp":"2020-11-02T04:39:13.283Z","TimeCreated":"2020-11-02T04:39:13.283Z","Hashes":"SHA1=CD68DD1A25B246BF189D5718F3A7029D882A87B9,MD5=1DF9F7750C1F0FD8D2DB4A24BC89AF87,SHA256=3FA4641ECA80FE270E5B2A1DB22CDB0EC700C858BDE9C6F3AD53FBD275D76B68,IMPHASH=2071F5DD5C967908540F0C880AAFC6EC","Signature":"Microsoft Windows","ProviderGuid":"{5770385f-c22a-43e0-bf4c-06f5698ffbd9}","Company":"Microsoft Corporation","UtcTime":"2020-11-02 21:39:13.270","ProcessGuid":"{39e4a257-7c81-5fa0-c44c-000000000700}","Image":"C:\\Windows\\System32\\wbem\\WmiPrvSE.exe","ImageLoaded":"C:\\Windows\\System32\\wbem\\wbemprox.dll","Level":"4","Channel":"Microsoft-Windows-Sysmon/Operational","Task":"7","RuleName":"-","FileVersion":"10.0.18362.1 (WinBuild.160101.0800)","SourceName":"Microsoft-Windows-Sysmon","Hostname":"WORKSTATION5","ProcessId":"2664","Description":"WMI","SignatureStatus":"Valid","Product":"Microsoft Windows Operating System","EventID":7,"Keywords":"0x8000000000000000","Signed":"true","OriginalFileName":"wbemprox.dll","Message":"Image loaded:\r\nRuleName: -\r\nUtcTime: 2020-11-02 21:39:13.270\r\nProcessGuid: {39e4a257-7c81-5fa0-c44c-000000000700}\r\nProcessId: 2664\r\nImage: C:\\Windows\\System32\\wbem\\WmiPrvSE.exe\r\nImageLoaded: C:\\Windows\\System32\\wbem\\wbemprox.dll\r\nFileVersion: 10.0.18362.1 (WinBuild.160101.0800)\r\nDescription: WMI\r\nProduct: Microsoft Windows Operating System\r\nCompany: Microsoft Corporation\r\nOriginalFileName: wbemprox.dll\r\nHashes: SHA1=CD68DD1A25B246BF189D5718F3A7029D882A87B9,MD5=1DF9F7750C1F0FD8D2DB4A24BC89AF87,SHA256=3FA4641ECA80FE270E5B2A1DB22CDB0EC700C858BDE9C6F3AD53FBD275D76B68,IMPHASH=2071F5DD5C967908540F0C880AAFC6EC\r\nSigned: true\r\nSignature: Microsoft Windows\r\nSignatureStatus: Valid"}
{"@timestamp":"2020-11-02T04:39:13.293Z","TimeCreated":"2020-11-02T04:39:13.293Z","Hashes":"SHA1=35C3365E5F385CB7025DC51D1359BC92CEACB8F4,MD5=81CC27927690AC3A552D92269CBA4899,SHA256=49C1A7FFB5DC382E35F19C1771A0B43120BBB4159EE5BFE23E0410A76A36D68A,IMPHASH=F010E2DB51A2E86CCF6052A1ACC0854F","Signature":"Microsoft Windows","ProviderGuid":"{5770385f-c22a-43e0-bf4c-06f5698ffbd9}","Company":"Microsoft Corporation","UtcTime":"2020-11-02 21:39:13.285","ProcessGuid":"{39e4a257-7c81-5fa0-c44c-000000000700}","Image":"C:\\Windows\\System32\\wbem\\WmiPrvSE.exe","ImageLoaded":"C:\\Windows\\System32\\oleaut32.dll","Level":"4","Channel":"Microsoft-Windows-Sysmon/Operational","Task":"7","RuleName":"-","FileVersion":"10.0.18362.1110 (WinBuild.160101.0800)","SourceName":"Microsoft-Windows-Sysmon","Hostname":"WORKSTATION5","ProcessId":"2664","Description":"OLEAUT32.DLL","SignatureStatus":"Valid","Product":"Microsoft Windows Operating System","EventID":7,"Keywords":"0x8000000000000000","Signed":"true","OriginalFileName":"OLEAUT32.DLL","Message":"Image loaded:\r\nRuleName: -\r\nUtcTime: 2020-11-02 21:39:13.285\r\nProcessGuid: {39e4a257-7c81-5fa0-c44c-000000000700}\r\nProcessId: 2664\r\nImage: C:\\Windows\\System32\\wbem\\WmiPrvSE.exe\r\nImageLoaded: C:\\Windows\\System32\\oleaut32.dll\r\nFileVersion: 10.0.18362.1110 (WinBuild.160101.0800)\r\nDescription: OLEAUT32.DLL\r\nProduct: Microsoft Windows Operating System\r\nCompany: Microsoft Corporation\r\nOriginalFileName: OLEAUT32.DLL\r\nHashes: SHA1=35C3365E5F385CB7025DC51D1359BC92CEACB8F4,MD5=81CC27927690AC3A552D92269CBA4899,SHA256=49C1A7FFB5DC382E35F19C1771A0B43120BBB4159EE5BFE23E0410A76A36D68A,IMPHASH=F010E2DB51A2E86CCF6052A1ACC0854F\r\nSigned: true\r\nSignature: Microsoft Windows\r\nSignatureStatus: Valid"}
{"@timestamp":"2020-11-02T04:39:13.299Z","TimeCreated":"2020-11-02T04:39:13.299Z","Hashes":"SHA1=4E319C84A3B272F4159B00A14E379F27A8CF6888,MD5=1310B0EDDFDD818F34DF7C43A41EE2EE,SHA256=8130E4A2D023862DD0162397DF9123C7D9299B6AA6C5B16F93D015EFA263C803,IMPHASH=1CF44754B099F8487ECC57BDB08B3B52","Signature":"Microsoft Windows","ProviderGuid":"{5770385f-c22a-43e0-bf4c-06f5698ffbd9}","Company":"Microsoft Corporation","UtcTime":"2020-11-02 21:39:13.285","ProcessGuid":"{39e4a257-7c81-5fa0-c44c-000000000700}","Image":"C:\\Windows\\System32\\wbem\\WmiPrvSE.exe","ImageLoaded":"C:\\Windows\\System32\\wbem\\wbemsvc.dll","Level":"4","Channel":"Microsoft-Windows-Sysmon/Operational","Task":"7","RuleName":"-","FileVersion":"10.0.18362.1 (WinBuild.160101.0800)","SourceName":"Microsoft-Windows-Sysmon","Hostname":"WORKSTATION5","ProcessId":"2664","Description":"WMI","SignatureStatus":"Valid","Product":"Microsoft Windows Operating System","EventID":7,"Keywords":"0x8000000000000000","Signed":"true","OriginalFileName":"wbemsvc.dll","Message":"Image loaded:\r\nRuleName: -\r\nUtcTime: 2020-11-02 21:39:13.285\r\nProcessGuid: {39e4a257-7c81-5fa0-c44c-000000000700}\r\nProcessId: 2664\r\nImage: C:\\Windows\\System32\\wbem\\WmiPrvSE.exe\r\nImageLoaded: C:\\Windows\\System32\\wbem\\wbemsvc.dll\r\nFileVersion: 10.0.18362.1 (WinBuild.160101.0800)\r\nDescription: WMI\r\nProduct: Microsoft Windows Operating System\r\nCompany: Microsoft Corporation\r\nOriginalFileName: wbemsvc.dll\r\nHashes: SHA1=4E319C84A3B272F4159B00A14E379F27A8CF6888,MD5=1310B0EDDFDD818F34DF7C43A41EE2EE,SHA256=8130E4A2D023862DD0162397DF9123C7D9299B6AA6C5B16F93D015EFA263C803,IMPHASH=1CF44754B099F8487ECC57BDB08B3B52\r\nSigned: true\r\nSignature: Microsoft Windows\r\nSignatureStatus: Valid"}
{"GrantedAccess":"0x101541","@timestamp":"2020-11-02T04:39:13.313Z","TimeCreated":"2020-11-02T04:39:13.313Z","SourceThreadId":"7372","SourceImage":"C:\\windows\\system32\\svchost.exe","ProviderGuid":"{5770385f-c22a-43e0-bf4c-06f5698ffbd9}","CallTrace":"C:\\windows\\SYSTEM32\\ntdll.dll+9c584|C:\\windows\\System32\\KERNELBASE.dll+305fe|C:\\windows\\system32\\wbem\\wmiprvsd.dll+a5df|C:\\windows\\system32\\wbem\\wmiprvsd.dll+763a|C:\\windows\\system32\\wbem\\wmiprvsd.dll+8bd0|C:\\windows\\system32\\wbem\\wmiprvsd.dll+bacb|C:\\windows\\system32\\wbem\\wmiprvsd.dll+c433|C:\\windows\\system32\\wbem\\wmiprvsd.dll+ff07|C:\\windows\\system32\\wbem\\wbemcore.dll+8e78|C:\\windows\\system32\\wbem\\wbemcore.dll+b906|C:\\windows\\system32\\wbem\\wbemcore.dll+128d8|C:\\windows\\system32\\wbem\\wbemcore.dll+160e8|C:\\windows\\system32\\wbem\\wbemcore.dll+2933b|C:\\windows\\system32\\wbem\\wbemcore.dll+258d3|C:\\windows\\system32\\wbem\\wbemcore.dll+25859|C:\\windows\\system32\\wbem\\wbemcore.dll+2575a|C:\\windows\\system32\\wbem\\wbemcore.dll+23a33|C:\\windows\\system32\\wbem\\wbemcore.dll+29f99|C:\\windows\\System32\\KERNEL32.DLL+17c24|C:\\windows\\SYSTEM32\\ntdll.dll+6cea1","UtcTime":"2020-11-02 21:39:13.301","TargetProcessGUID":"{39e4a257-7c81-5fa0-c44c-000000000700}","SourceProcessId":"2552","Level":"4","Channel":"Microsoft-Windows-Sysmon/Operational","Task":"10","RuleName":"-","SourceName":"Microsoft-Windows-Sysmon","Hostname":"WORKSTATION5","SourceProcessGUID":"{39e4a257-f137-5f8b-4800-000000000700}","TargetProcessId":"2664","EventID":10,"Keywords":"0x8000000000000000","TargetImage":"C:\\windows\\system32\\wbem\\wmiprvse.exe","Message":"Process accessed:\r\nRuleName: -\r\nUtcTime: 2020-11-02 21:39:13.301\r\nSourceProcessGUID: {39e4a257-f137-5f8b-4800-000000000700}\r\nSourceProcessId: 2552\r\nSourceThreadId: 7372\r\nSourceImage: C:\\windows\\system32\\svchost.exe\r\nTargetProcessGUID: {39e4a257-7c81-5fa0-c44c-000000000700}\r\nTargetProcessId: 2664\r\nTargetImage: C:\\windows\\system32\\wbem\\wmiprvse.exe\r\nGrantedAccess: 0x101541\r\nCallTrace: C:\\windows\\SYSTEM32\\ntdll.dll+9c584|C:\\windows\\System32\\KERNELBASE.dll+305fe|C:\\windows\\system32\\wbem\\wmiprvsd.dll+a5df|C:\\windows\\system32\\wbem\\wmiprvsd.dll+763a|C:\\windows\\system32\\wbem\\wmiprvsd.dll+8bd0|C:\\windows\\system32\\wbem\\wmiprvsd.dll+bacb|C:\\windows\\system32\\wbem\\wmiprvsd.dll+c433|C:\\windows\\system32\\wbem\\wmiprvsd.dll+ff07|C:\\windows\\system32\\wbem\\wbemcore.dll+8e78|C:\\windows\\system32\\wbem\\wbemcore.dll+b906|C:\\windows\\system32\\wbem\\wbemcore.dll+128d8|C:\\windows\\system32\\wbem\\wbemcore.dll+160e8|C:\\windows\\system32\\wbem\\wbemcore.dll+2933b|C:\\windows\\system32\\wbem\\wbemcore.dll+258d3|C:\\windows\\system32\\wbem\\wbemcore.dll+25859|C:\\windows\\system32\\wbem\\wbemcore.dll+2575a|C:\\windows\\system32\\wbem\\wbemcore.dll+23a33|C:\\windows\\system32\\wbem\\wbemcore.dll+29f99|C:\\windows\\System32\\KERNEL32.DLL+17c24|C:\\windows\\SYSTEM32\\ntdll.dll+6cea1"}
{"@timestamp":"2020-11-02T04:39:13.314Z","TimeCreated":"2020-11-02T04:39:13.314Z","Hashes":"SHA1=BC609D0AE8E4D79DC586A784DA6E660C25411BAE,MD5=9639A13D44802D3060BAB0072EB7945A,SHA256=45446583DDBD1DA38B545603AF62E305F13DD480B09F4A689BE4ADC98BC4A4AF,IMPHASH=0D31E6D27B954AD879CB4DF742982F1A","Signature":"Microsoft Windows","ProviderGuid":"{5770385f-c22a-43e0-bf4c-06f5698ffbd9}","Company":"Microsoft Corporation","UtcTime":"2020-11-02 21:39:13.301","ProcessGuid":"{39e4a257-7c81-5fa0-c44c-000000000700}","Image":"C:\\Windows\\System32\\wbem\\WmiPrvSE.exe","ImageLoaded":"C:\\Windows\\System32\\wbem\\wmiutils.dll","Level":"4","Channel":"Microsoft-Windows-Sysmon/Operational","Task":"7","RuleName":"-","FileVersion":"10.0.18362.1 (WinBuild.160101.0800)","SourceName":"Microsoft-Windows-Sysmon","Hostname":"WORKSTATION5","ProcessId":"2664","Description":"WMI","SignatureStatus":"Valid","Product":"Microsoft Windows Operating System","EventID":7,"Keywords":"0x8000000000000000","Signed":"true","OriginalFileName":"wmiutils.dll","Message":"Image loaded:\r\nRuleName: -\r\nUtcTime: 2020-11-02 21:39:13.301\r\nProcessGuid: {39e4a257-7c81-5fa0-c44c-000000000700}\r\nProcessId: 2664\r\nImage: C:\\Windows\\System32\\wbem\\WmiPrvSE.exe\r\nImageLoaded: C:\\Windows\\System32\\wbem\\wmiutils.dll\r\nFileVersion: 10.0.18362.1 (WinBuild.160101.0800)\r\nDescription: WMI\r\nProduct: Microsoft Windows Operating System\r\nCompany: Microsoft Corporation\r\nOriginalFileName: wmiutils.dll\r\nHashes: SHA1=BC609D0AE8E4D79DC586A784DA6E660C25411BAE,MD5=9639A13D44802D3060BAB0072EB7945A,SHA256=45446583DDBD1DA38B545603AF62E305F13DD480B09F4A689BE4ADC98BC4A4AF,IMPHASH=0D31E6D27B954AD879CB4DF742982F1A\r\nSigned: true\r\nSignature: Microsoft Windows\r\nSignatureStatus: Valid"}
{"@timestamp":"2020-11-02T04:39:13.315Z","TimeCreated":"2020-11-02T04:39:13.315Z","ProviderGuid":"{5770385f-c22a-43e0-bf4c-06f5698ffbd9}","UtcTime":"2020-11-02 21:39:13.301","ProcessGuid":"{39e4a257-7c81-5fa0-c44c-000000000700}","Image":"C:\\windows\\system32\\wbem\\wmiprvse.exe","Level":"4","Channel":"Microsoft-Windows-Sysmon/Operational","Task":"12","RuleName":"-","SourceName":"Microsoft-Windows-Sysmon","Hostname":"WORKSTATION5","ProcessId":"2664","EventType":"CreateKey","EventID":12,"Keywords":"0x8000000000000000","TargetObject":"HKCR","Message":"Registry object added or deleted:\r\nRuleName: -\r\nEventType: CreateKey\r\nUtcTime: 2020-11-02 21:39:13.301\r\nProcessGuid: {39e4a257-7c81-5fa0-c44c-000000000700}\r\nProcessId: 2664\r\nImage: C:\\windows\\system32\\wbem\\wmiprvse.exe\r\nTargetObject: HKCR"}
{"@timestamp":"2020-11-02T04:39:13.346Z","TimeCreated":"2020-11-02T04:39:13.346Z","Hashes":"SHA1=D64D96F27121D160B46BBB09210F4F2C2CC5AC02,MD5=C2FC6CDB0998570CE0CE9D4B1179E852,SHA256=AB039BBF0154F7EA119A56FC78D6B76A27C4240B170A2951C3C89B0014FA2A94,IMPHASH=314F6461E4EB984038B3907CE2D0AB5C","Signature":"Microsoft Windows","ProviderGuid":"{5770385f-c22a-43e0-bf4c-06f5698ffbd9}","Company":"Microsoft Corporation","UtcTime":"2020-11-02 21:39:13.332","ProcessGuid":"{39e4a257-7c81-5fa0-c44c-000000000700}","Image":"C:\\Windows\\System32\\wbem\\WmiPrvSE.exe","ImageLoaded":"C:\\Windows\\System32\\wbem\\cimwin32.dll","Level":"4","Channel":"Microsoft-Windows-Sysmon/Operational","Task":"7","RuleName":"-","FileVersion":"10.0.18362.1110 (WinBuild.160101.0800)","SourceName":"Microsoft-Windows-Sysmon","Hostname":"WORKSTATION5","ProcessId":"2664","Description":"WMI Win32 Provider","SignatureStatus":"Valid","Product":"Microsoft Windows Operating System","EventID":7,"Keywords":"0x8000000000000000","Signed":"true","OriginalFileName":"cimwin32.dll","Message":"Image loaded:\r\nRuleName: -\r\nUtcTime: 2020-11-02 21:39:13.332\r\nProcessGuid: {39e4a257-7c81-5fa0-c44c-000000000700}\r\nProcessId: 2664\r\nImage: C:\\Windows\\System32\\wbem\\WmiPrvSE.exe\r\nImageLoaded: C:\\Windows\\System32\\wbem\\cimwin32.dll\r\nFileVersion: 10.0.18362.1110 (WinBuild.160101.0800)\r\nDescription: WMI Win32 Provider\r\nProduct: Microsoft Windows Operating System\r\nCompany: Microsoft Corporation\r\nOriginalFileName: cimwin32.dll\r\nHashes: SHA1=D64D96F27121D160B46BBB09210F4F2C2CC5AC02,MD5=C2FC6CDB0998570CE0CE9D4B1179E852,SHA256=AB039BBF0154F7EA119A56FC78D6B76A27C4240B170A2951C3C89B0014FA2A94,IMPHASH=314F6461E4EB984038B3907CE2D0AB5C\r\nSigned: true\r\nSignature: Microsoft Windows\r\nSignatureStatus: Valid"}
{"@timestamp":"2020-11-02T04:39:13.347Z","TimeCreated":"2020-11-02T04:39:13.347Z","Hashes":"SHA1=30D5ADBC0664977C27B65622F514632581C9AF45,MD5=07B027B1E0B775FAE815E487F28137B9,SHA256=21358CE9A416C7F6DB063095102E91F014BDB85B08A4E783E17234792C9B483A,IMPHASH=817FF4748665EB442F0081A91349F764","Signature":"Microsoft Windows","ProviderGuid":"{5770385f-c22a-43e0-bf4c-06f5698ffbd9}","Company":"Microsoft Corporation","UtcTime":"2020-11-02 21:39:13.332","ProcessGuid":"{39e4a257-7c81-5fa0-c44c-000000000700}","Image":"C:\\Windows\\System32\\wbem\\WmiPrvSE.exe","ImageLoaded":"C:\\Windows\\System32\\powrprof.dll","Level":"4","Channel":"Microsoft-Windows-Sysmon/Operational","Task":"7","RuleName":"-","FileVersion":"10.0.18362.1 (WinBuild.160101.0800)","SourceName":"Microsoft-Windows-Sysmon","Hostname":"WORKSTATION5","ProcessId":"2664","Description":"Power Profile Helper DLL","SignatureStatus":"Valid","Product":"Microsoft Windows Operating System","EventID":7,"Keywords":"0x8000000000000000","Signed":"true","OriginalFileName":"POWRPROF.DLL","Message":"Image loaded:\r\nRuleName: -\r\nUtcTime: 2020-11-02 21:39:13.332\r\nProcessGuid: {39e4a257-7c81-5fa0-c44c-000000000700}\r\nProcessId: 2664\r\nImage: C:\\Windows\\System32\\wbem\\WmiPrvSE.exe\r\nImageLoaded: C:\\Windows\\System32\\powrprof.dll\r\nFileVersion: 10.0.18362.1 (WinBuild.160101.0800)\r\nDescription: Power Profile Helper DLL\r\nProduct: Microsoft Windows Operating System\r\nCompany: Microsoft Corporation\r\nOriginalFileName: POWRPROF.DLL\r\nHashes: SHA1=30D5ADBC0664977C27B65622F514632581C9AF45,MD5=07B027B1E0B775FAE815E487F28137B9,SHA256=21358CE9A416C7F6DB063095102E91F014BDB85B08A4E783E17234792C9B483A,IMPHASH=817FF4748665EB442F0081A91349F764\r\nSigned: true\r\nSignature: Microsoft Windows\r\nSignatureStatus: Valid"}
{"@timestamp":"2020-11-02T04:39:13.347Z","TimeCreated":"2020-11-02T04:39:13.347Z","Hashes":"SHA1=6ABB78FB1614C12E3E9FFF3DE98B0E13E79201D9,MD5=B9A75ED4500DD953DF172FE6F63578E8,SHA256=709B99BA1DFEF6D9B2483F37D242B12F29B1E1ADE13E338B4D7041C55B55204B,IMPHASH=5A0FF5293A05BFEBAE6F2C9C302FC5E7","Signature":"Microsoft Windows","ProviderGuid":"{5770385f-c22a-43e0-bf4c-06f5698ffbd9}","Company":"-","UtcTime":"2020-11-02 21:39:13.332","ProcessGuid":"{39e4a257-7c81-5fa0-c44c-000000000700}","Image":"C:\\Windows\\System32\\wbem\\WmiPrvSE.exe","ImageLoaded":"C:\\Windows\\System32\\umpdc.dll","Level":"4","Channel":"Microsoft-Windows-Sysmon/Operational","Task":"7","RuleName":"-","FileVersion":"-","SourceName":"Microsoft-Windows-Sysmon","Hostname":"WORKSTATION5","ProcessId":"2664","Description":"-","SignatureStatus":"Valid","Product":"-","EventID":7,"Keywords":"0x8000000000000000","Signed":"true","OriginalFileName":"-","Message":"Image loaded:\r\nRuleName: -\r\nUtcTime: 2020-11-02 21:39:13.332\r\nProcessGuid: {39e4a257-7c81-5fa0-c44c-000000000700}\r\nProcessId: 2664\r\nImage: C:\\Windows\\System32\\wbem\\WmiPrvSE.exe\r\nImageLoaded: C:\\Windows\\System32\\umpdc.dll\r\nFileVersion: -\r\nDescription: -\r\nProduct: -\r\nCompany: -\r\nOriginalFileName: -\r\nHashes: SHA1=6ABB78FB1614C12E3E9FFF3DE98B0E13E79201D9,MD5=B9A75ED4500DD953DF172FE6F63578E8,SHA256=709B99BA1DFEF6D9B2483F37D242B12F29B1E1ADE13E338B4D7041C55B55204B,IMPHASH=5A0FF5293A05BFEBAE6F2C9C302FC5E7\r\nSigned: true\r\nSignature: Microsoft Windows\r\nSignatureStatus: Valid"}
