{"UtcTime":"2020-08-05 06:10:08.445","@version":"1","Keywords":-9223372036854775808,"EventTypeOrignal":"INFO","ThreadID":4456,"UserID":"S-1-5-18","Version":2,"Details":"DWORD (0x0000003c)","host":"wec.internal.cloudapp.net","Message":"Registry value set:\r\nRuleName: -\r\nEventType: SetValue\r\nUtcTime: 2020-08-05 06:10:08.445\r\nProcessGuid: {7d3be4b5-0df0-5f2a-4500-000000000400}\r\nProcessId: 2752\r\nImage: C:\\windows\\System32\\svchost.exe\r\nTargetObject: HKLM\\SOFTWARE\\Microsoft\\Windows\\CurrentVersion\\Diagnostics\\DiagTrack\\SettingsRequests\\utc.tracing\\RefreshInterval\r\nDetails: DWORD (0x0000003c)","SourceModuleName":"eventlog","ProcessGuid":"{7d3be4b5-0df0-5f2a-4500-000000000400}","SourceName":"Microsoft-Windows-Sysmon","SeverityValue":2,"tags":["mordorDataset"],"Channel":"Microsoft-Windows-Sysmon/Operational","ProviderGuid":"{5770385F-C22A-43E0-BF4C-06F5698FFBD9}","RuleName":"-","EventID":13,"RecordNumber":304305,"TargetObject":"HKLM\\SOFTWARE\\Microsoft\\Windows\\CurrentVersion\\Diagnostics\\DiagTrack\\SettingsRequests\\utc.tracing\\RefreshInterval","Hostname":"WORKSTATION6.theshire.local","ProcessId":"2752","SourceModuleType":"im_msvistalog","Domain":"NT AUTHORITY","port":53997,"EventTime":"2020-08-05 02:10:08","Severity":"INFO","ExecutionProcessID":3240,"AccountName":"SYSTEM","OpcodeValue":0,"@timestamp":"2020-08-05T06:10:09.881Z","Task":13,"EventType":"SetValue","EventReceivedTime":"2020-08-05 02:10:09","Image":"C:\\windows\\System32\\svchost.exe","AccountType":"User"}
{"UtcTime":"2020-08-05 06:10:08.445","@version":"1","Keywords":-9223372036854775808,"EventTypeOrignal":"INFO","ThreadID":4456,"UserID":"S-1-5-18","Version":2,"host":"wec.internal.cloudapp.net","Message":"Registry object added or deleted:\r\nRuleName: -\r\nEventType: CreateKey\r\nUtcTime: 2020-08-05 06:10:08.445\r\nProcessGuid: {7d3be4b5-0df0-5f2a-4500-000000000400}\r\nProcessId: 2752\r\nImage: C:\\windows\\System32\\svchost.exe\r\nTargetObject: HKLM\\SOFTWARE\\Microsoft\\Windows\\CurrentVersion\\Diagnostics\\DiagTrack\\SettingsRequests\\utc.tracing","SourceModuleName":"eventlog","ProcessGuid":"{7d3be4b5-0df0-5f2a-4500-000000000400}","SourceName":"Microsoft-Windows-Sysmon","SeverityValue":2,"tags":["mordorDataset"],"Channel":"Microsoft-Windows-Sysmon/Operational","ProviderGuid":"{5770385F-C22A-43E0-BF4C-06F5698FFBD9}","RuleName":"-","EventID":12,"RecordNumber":304306,"TargetObject":"HKLM\\SOFTWARE\\Microsoft\\Windows\\CurrentVersion\\Diagnostics\\DiagTrack\\SettingsRequests\\utc.tracing","Hostname":"WORKSTATION6.theshire.local","ProcessId":"2752","SourceModuleType":"im_msvistalog","Domain":"NT AUTHORITY","port":53997,"EventTime":"2020-08-05 02:10:08","Severity":"INFO","ExecutionProcessID":3240,"AccountName":"SYSTEM","OpcodeValue":0,"@timestamp":"2020-08-05T06:10:09.882Z","Task":12,"EventType":"CreateKey","EventReceivedTime":"2020-08-05 02:10:09","Image":"C:\\windows\\System32\\svchost.exe","AccountType":"User"}
{"UtcTime":"2020-08-05 06:10:08.445","@version":"1","Keywords":-9223372036854775808,"EventTypeOrignal":"INFO","ThreadID":4456,"UserID":"S-1-5-18","Version":2,"Details":"QWORD (0x01d66aef-0x11e0abf9)","host":"wec.internal.cloudapp.net","Message":"Registry value set:\r\nRuleName: -\r\nEventType: SetValue\r\nUtcTime: 2020-08-05 06:10:08.445\r\nProcessGuid: {7d3be4b5-0df0-5f2a-4500-000000000400}\r\nProcessId: 2752\r\nImage: C:\\windows\\System32\\svchost.exe\r\nTargetObject: HKLM\\SOFTWARE\\Microsoft\\Windows\\CurrentVersion\\Diagnostics\\DiagTrack\\SettingsRequests\\utc.tracing\\LastDownloadTime\r\nDetails: QWORD (0x01d66aef-0x11e0abf9)","SourceModuleName":"eventlog","ProcessGuid":"{7d3be4b5-0df0-5f2a-4500-000000000400}","SourceName":"Microsoft-Windows-Sysmon","SeverityValue":2,"tags":["mordorDataset"],"Channel":"Microsoft-Windows-Sysmon/Operational","ProviderGuid":"{5770385F-C22A-43E0-BF4C-06F5698FFBD9}","RuleName":"-","EventID":13,"RecordNumber":304307,"TargetObject":"HKLM\\SOFTWARE\\Microsoft\\Windows\\CurrentVersion\\Diagnostics\\DiagTrack\\SettingsRequests\\utc.tracing\\LastDownloadTime","Hostname":"WORKSTATION6.theshire.local","ProcessId":"2752","SourceModuleType":"im_msvistalog","Domain":"NT AUTHORITY","port":53997,"EventTime":"2020-08-05 02:10:08","Severity":"INFO","ExecutionProcessID":3240,"AccountName":"SYSTEM","OpcodeValue":0,"@timestamp":"2020-08-05T06:10:09.882Z","Task":13,"EventType":"SetValue","EventReceivedTime":"2020-08-05 02:10:09","Image":"C:\\windows\\System32\\svchost.exe","AccountType":"User"}
{"UtcTime":"2020-08-05 06:10:08.445","@version":"1","Keywords":-9223372036854775808,"EventTypeOrignal":"INFO","ThreadID":4456,"UserID":"S-1-5-18","Version":2,"host":"wec.internal.cloudapp.net","Message":"Registry object added or deleted:\r\nRuleName: -\r\nEventType: CreateKey\r\nUtcTime: 2020-08-05 06:10:08.445\r\nProcessGuid: {7d3be4b5-0df0-5f2a-4500-000000000400}\r\nProcessId: 2752\r\nImage: C:\\windows\\System32\\svchost.exe\r\nTargetObject: HKLM\\SOFTWARE\\Microsoft\\Windows\\CurrentVersion\\Diagnostics\\DiagTrack\\SettingsRequests\\utc.tracing","SourceModuleName":"eventlog","ProcessGuid":"{7d3be4b5-0df0-5f2a-4500-000000000400}","SourceName":"Microsoft-Windows-Sysmon","SeverityValue":2,"tags":["mordorDataset"],"Channel":"Microsoft-Windows-Sysmon/Operational","ProviderGuid":"{5770385F-C22A-43E0-BF4C-06F5698FFBD9}","RuleName":"-","EventID":12,"RecordNumber":304308,"TargetObject":"HKLM\\SOFTWARE\\Microsoft\\Windows\\CurrentVersion\\Diagnostics\\DiagTrack\\SettingsRequests\\utc.tracing","Hostname":"WORKSTATION6.theshire.local","ProcessId":"2752","SourceModuleType":"im_msvistalog","Domain":"NT AUTHORITY","port":53997,"EventTime":"2020-08-05 02:10:08","Severity":"INFO","ExecutionProcessID":3240,"AccountName":"SYSTEM","OpcodeValue":0,"@timestamp":"2020-08-05T06:10:09.882Z","Task":12,"EventType":"CreateKey","EventReceivedTime":"2020-08-05 02:10:09","Image":"C:\\windows\\System32\\svchost.exe","AccountType":"User"}
{"UtcTime":"2020-08-05 06:10:08.445","@version":"1","Keywords":-9223372036854775808,"EventTypeOrignal":"INFO","ThreadID":4456,"UserID":"S-1-5-18","Version":2,"Details":"DWORD (0x00000000)","host":"wec.internal.cloudapp.net","Message":"Registry value set:\r\nRuleName: -\r\nEventType: SetValue\r\nUtcTime: 2020-08-05 06:10:08.445\r\nProcessGuid: {7d3be4b5-0df0-5f2a-4500-000000000400}\r\nProcessId: 2752\r\nImage: C:\\windows\\System32\\svchost.exe\r\nTargetObject: HKLM\\SOFTWARE\\Microsoft\\Windows\\CurrentVersion\\Diagnostics\\DiagTrack\\SettingsRequests\\utc.tracing\\DownloadScheduled\r\nDetails: DWORD (0x00000000)","SourceModuleName":"eventlog","ProcessGuid":"{7d3be4b5-0df0-5f2a-4500-000000000400}","SourceName":"Microsoft-Windows-Sysmon","SeverityValue":2,"tags":["mordorDataset"],"Channel":"Microsoft-Windows-Sysmon/Operational","ProviderGuid":"{5770385F-C22A-43E0-BF4C-06F5698FFBD9}","RuleName":"-","EventID":13,"RecordNumber":304309,"TargetObject":"HKLM\\SOFTWARE\\Microsoft\\Windows\\CurrentVersion\\Diagnostics\\DiagTrack\\SettingsRequests\\utc.tracing\\DownloadScheduled","Hostname":"WORKSTATION6.theshire.local","ProcessId":"2752","SourceModuleType":"im_msvistalog","Domain":"NT AUTHORITY","port":53997,"EventTime":"2020-08-05 02:10:08","Severity":"INFO","ExecutionProcessID":3240,"AccountName":"SYSTEM","OpcodeValue":0,"@timestamp":"2020-08-05T06:10:09.882Z","Task":13,"EventType":"SetValue","EventReceivedTime":"2020-08-05 02:10:09","Image":"C:\\windows\\System32\\svchost.exe","AccountType":"User"}
{"UtcTime":"2020-08-05 06:10:08.445","@version":"1","Keywords":-9223372036854775808,"EventTypeOrignal":"INFO","ThreadID":4456,"UserID":"S-1-5-18","Version":2,"host":"wec.internal.cloudapp.net","Message":"Registry object added or deleted:\r\nRuleName: -\r\nEventType: CreateKey\r\nUtcTime: 2020-08-05 06:10:08.445\r\nProcessGuid: {7d3be4b5-0df0-5f2a-4500-000000000400}\r\nProcessId: 2752\r\nImage: C:\\windows\\System32\\svchost.exe\r\nTargetObject: HKLM\\SOFTWARE\\Microsoft\\Windows\\CurrentVersion\\Diagnostics\\DiagTrack\\SettingsRequests\\utc.tracing","SourceModuleName":"eventlog","ProcessGuid":"{7d3be4b5-0df0-5f2a-4500-000000000400}","SourceName":"Microsoft-Windows-Sysmon","SeverityValue":2,"tags":["mordorDataset"],"Channel":"Microsoft-Windows-Sysmon/Operational","ProviderGuid":"{5770385F-C22A-43E0-BF4C-06F5698FFBD9}","RuleName":"-","EventID":12,"RecordNumber":304310,"TargetObject":"HKLM\\SOFTWARE\\Microsoft\\Windows\\CurrentVersion\\Diagnostics\\DiagTrack\\SettingsRequests\\utc.tracing","Hostname":"WORKSTATION6.theshire.local","ProcessId":"2752","SourceModuleType":"im_msvistalog","Domain":"NT AUTHORITY","port":53997,"EventTime":"2020-08-05 02:10:08","Severity":"INFO","ExecutionProcessID":3240,"AccountName":"SYSTEM","OpcodeValue":0,"@timestamp":"2020-08-05T06:10:09.882Z","Task":12,"EventType":"CreateKey","EventReceivedTime":"2020-08-05 02:10:09","Image":"C:\\windows\\System32\\svchost.exe","AccountType":"User"}
{"UtcTime":"2020-08-05 06:10:08.445","@version":"1","Keywords":-9223372036854775808,"EventTypeOrignal":"INFO","ThreadID":4456,"UserID":"S-1-5-18","Version":2,"Details":"DWORD (0x00000000)","host":"wec.internal.cloudapp.net","Message":"Registry value set:\r\nRuleName: -\r\nEventType: SetValue\r\nUtcTime: 2020-08-05 06:10:08.445\r\nProcessGuid: {7d3be4b5-0df0-5f2a-4500-000000000400}\r\nProcessId: 2752\r\nImage: C:\\windows\\System32\\svchost.exe\r\nTargetObject: HKLM\\SOFTWARE\\Microsoft\\Windows\\CurrentVersion\\Diagnostics\\DiagTrack\\SettingsRequests\\utc.tracing\\OverrideDownloadPolicies\r\nDetails: DWORD (0x00000000)","SourceModuleName":"eventlog","ProcessGuid":"{7d3be4b5-0df0-5f2a-4500-000000000400}","SourceName":"Microsoft-Windows-Sysmon","SeverityValue":2,"tags":["mordorDataset"],"Channel":"Microsoft-Windows-Sysmon/Operational","ProviderGuid":"{5770385F-C22A-43E0-BF4C-06F5698FFBD9}","RuleName":"-","EventID":13,"RecordNumber":304311,"TargetObject":"HKLM\\SOFTWARE\\Microsoft\\Windows\\CurrentVersion\\Diagnostics\\DiagTrack\\SettingsRequests\\utc.tracing\\OverrideDownloadPolicies","Hostname":"WORKSTATION6.theshire.local","ProcessId":"2752","SourceModuleType":"im_msvistalog","Domain":"NT AUTHORITY","port":53997,"EventTime":"2020-08-05 02:10:08","Severity":"INFO","ExecutionProcessID":3240,"AccountName":"SYSTEM","OpcodeValue":0,"@timestamp":"2020-08-05T06:10:09.883Z","Task":13,"EventType":"SetValue","EventReceivedTime":"2020-08-05 02:10:09","Image":"C:\\windows\\System32\\svchost.exe","AccountType":"User"}
{"UtcTime":"2020-08-05 06:10:08.445","@version":"1","Keywords":-9223372036854775808,"EventTypeOrignal":"INFO","ThreadID":4456,"UserID":"S-1-5-18","Version":2,"host":"wec.internal.cloudapp.net","Message":"Registry object added or deleted:\r\nRuleName: -\r\nEventType: CreateKey\r\nUtcTime: 2020-08-05 06:10:08.445\r\nProcessGuid: {7d3be4b5-0df0-5f2a-4500-000000000400}\r\nProcessId: 2752\r\nImage: C:\\windows\\System32\\svchost.exe\r\nTargetObject: HKLM\\SOFTWARE\\Microsoft\\Windows\\CurrentVersion\\Diagnostics\\DiagTrack\\SettingsRequests\\utc.tracing","SourceModuleName":"eventlog","ProcessGuid":"{7d3be4b5-0df0-5f2a-4500-000000000400}","SourceName":"Microsoft-Windows-Sysmon","SeverityValue":2,"tags":["mordorDataset"],"Channel":"Microsoft-Windows-Sysmon/Operational","ProviderGuid":"{5770385F-C22A-43E0-BF4C-06F5698FFBD9}","RuleName":"-","EventID":12,"RecordNumber":304312,"TargetObject":"HKLM\\SOFTWARE\\Microsoft\\Windows\\CurrentVersion\\Diagnostics\\DiagTrack\\SettingsRequests\\utc.tracing","Hostname":"WORKSTATION6.theshire.local","ProcessId":"2752","SourceModuleType":"im_msvistalog","Domain":"NT AUTHORITY","port":53997,"EventTime":"2020-08-05 02:10:08","Severity":"INFO","ExecutionProcessID":3240,"AccountName":"SYSTEM","OpcodeValue":0,"@timestamp":"2020-08-05T06:10:09.883Z","Task":12,"EventType":"CreateKey","EventReceivedTime":"2020-08-05 02:10:09","Image":"C:\\windows\\System32\\svchost.exe","AccountType":"User"}
{"UtcTime":"2020-08-05 06:10:08.445","@version":"1","Keywords":-9223372036854775808,"EventTypeOrignal":"INFO","ThreadID":4456,"UserID":"S-1-5-18","Version":2,"Details":"C:\\ProgramData\\Microsoft\\Diagnosis\\DownloadedSettings\\utc.tracing.json","host":"wec.internal.cloudapp.net","Message":"Registry value set:\r\nRuleName: -\r\nEventType: SetValue\r\nUtcTime: 2020-08-05 06:10:08.445\r\nProcessGuid: {7d3be4b5-0df0-5f2a-4500-000000000400}\r\nProcessId: 2752\r\nImage: C:\\windows\\System32\\svchost.exe\r\nTargetObject: HKLM\\SOFTWARE\\Microsoft\\Windows\\CurrentVersion\\Diagnostics\\DiagTrack\\SettingsRequests\\utc.tracing\\LastFileWrittenPath\r\nDetails: C:\\ProgramData\\Microsoft\\Diagnosis\\DownloadedSettings\\utc.tracing.json","SourceModuleName":"eventlog","ProcessGuid":"{7d3be4b5-0df0-5f2a-4500-000000000400}","SourceName":"Microsoft-Windows-Sysmon","SeverityValue":2,"tags":["mordorDataset"],"Channel":"Microsoft-Windows-Sysmon/Operational","ProviderGuid":"{5770385F-C22A-43E0-BF4C-06F5698FFBD9}","RuleName":"-","EventID":13,"RecordNumber":304313,"TargetObject":"HKLM\\SOFTWARE\\Microsoft\\Windows\\CurrentVersion\\Diagnostics\\DiagTrack\\SettingsRequests\\utc.tracing\\LastFileWrittenPath","Hostname":"WORKSTATION6.theshire.local","ProcessId":"2752","SourceModuleType":"im_msvistalog","Domain":"NT AUTHORITY","port":53997,"EventTime":"2020-08-05 02:10:08","Severity":"INFO","ExecutionProcessID":3240,"AccountName":"SYSTEM","OpcodeValue":0,"@timestamp":"2020-08-05T06:10:09.883Z","Task":13,"EventType":"SetValue","EventReceivedTime":"2020-08-05 02:10:09","Image":"C:\\windows\\System32\\svchost.exe","AccountType":"User"}
{"UtcTime":"2020-08-05 06:10:08.445","@version":"1","Keywords":-9223372036854775808,"EventTypeOrignal":"INFO","ThreadID":4456,"UserID":"S-1-5-18","Version":2,"host":"wec.internal.cloudapp.net","Message":"Registry object added or deleted:\r\nRuleName: -\r\nEventType: CreateKey\r\nUtcTime: 2020-08-05 06:10:08.445\r\nProcessGuid: {7d3be4b5-0df0-5f2a-4500-000000000400}\r\nProcessId: 2752\r\nImage: C:\\windows\\System32\\svchost.exe\r\nTargetObject: HKLM\\SOFTWARE\\Microsoft\\Windows\\CurrentVersion\\Diagnostics\\DiagTrack\\SettingsRequests\\utc.tracing","SourceModuleName":"eventlog","ProcessGuid":"{7d3be4b5-0df0-5f2a-4500-000000000400}","SourceName":"Microsoft-Windows-Sysmon","SeverityValue":2,"tags":["mordorDataset"],"Channel":"Microsoft-Windows-Sysmon/Operational","ProviderGuid":"{5770385F-C22A-43E0-BF4C-06F5698FFBD9}","RuleName":"-","EventID":12,"RecordNumber":304314,"TargetObject":"HKLM\\SOFTWARE\\Microsoft\\Windows\\CurrentVersion\\Diagnostics\\DiagTrack\\SettingsRequests\\utc.tracing","Hostname":"WORKSTATION6.theshire.local","ProcessId":"2752","SourceModuleType":"im_msvistalog","Domain":"NT AUTHORITY","port":53997,"EventTime":"2020-08-05 02:10:08","Severity":"INFO","ExecutionProcessID":3240,"AccountName":"SYSTEM","OpcodeValue":0,"@timestamp":"2020-08-05T06:10:09.884Z","Task":12,"EventType":"CreateKey","EventReceivedTime":"2020-08-05 02:10:09","Image":"C:\\windows\\System32\\svchost.exe","AccountType":"User"}
{"UtcTime":"2020-08-05 06:10:08.445","@version":"1","Keywords":-9223372036854775808,"EventTypeOrignal":"INFO","ThreadID":4456,"UserID":"S-1-5-18","Version":2,"Details":"QWORD (0x01d66acd-0x89d47bc2)","host":"wec.internal.cloudapp.net","Message":"Registry value set:\r\nRuleName: -\r\nEventType: SetValue\r\nUtcTime: 2020-08-05 06:10:08.445\r\nProcessGuid: {7d3be4b5-0df0-5f2a-4500-000000000400}\r\nProcessId: 2752\r\nImage: C:\\windows\\System32\\svchost.exe\r\nTargetObject: HKLM\\SOFTWARE\\Microsoft\\Windows\\CurrentVersion\\Diagnostics\\DiagTrack\\SettingsRequests\\utc.tracing\\LastFileWrittenTime\r\nDetails: QWORD (0x01d66acd-0x89d47bc2)","SourceModuleName":"eventlog","ProcessGuid":"{7d3be4b5-0df0-5f2a-4500-000000000400}","SourceName":"Microsoft-Windows-Sysmon","SeverityValue":2,"tags":["mordorDataset"],"Channel":"Microsoft-Windows-Sysmon/Operational","ProviderGuid":"{5770385F-C22A-43E0-BF4C-06F5698FFBD9}","RuleName":"-","EventID":13,"RecordNumber":304315,"TargetObject":"HKLM\\SOFTWARE\\Microsoft\\Windows\\CurrentVersion\\Diagnostics\\DiagTrack\\SettingsRequests\\utc.tracing\\LastFileWrittenTime","Hostname":"WORKSTATION6.theshire.local","ProcessId":"2752","SourceModuleType":"im_msvistalog","Domain":"NT AUTHORITY","port":53997,"EventTime":"2020-08-05 02:10:08","Severity":"INFO","ExecutionProcessID":3240,"AccountName":"SYSTEM","OpcodeValue":0,"@timestamp":"2020-08-05T06:10:09.884Z","Task":13,"EventType":"SetValue","EventReceivedTime":"2020-08-05 02:10:09","Image":"C:\\windows\\System32\\svchost.exe","AccountType":"User"}
{"SourceProcessGUID":"{7d3be4b5-0dea-5f2a-1200-000000000400}","UtcTime":"2020-08-05 06:10:08.445","GrantedAccess":"0x1000","@version":"1","Keywords":-9223372036854775808,"ThreadID":4456,"TargetProcessId":"2752","UserID":"S-1-5-18","Version":3,"TargetProcessGUID":"{7d3be4b5-0df0-5f2a-4500-000000000400}","TargetImage":"C:\\windows\\System32\\svchost.exe","CallTrace":"C:\\windows\\SYSTEM32\\ntdll.dll+9c534|C:\\windows\\System32\\KERNELBASE.dll+6a7f5|c:\\windows\\system32\\lsm.dll+1184f|c:\\windows\\system32\\lsm.dll+1172e|C:\\windows\\System32\\RPCRT4.dll+76953|C:\\windows\\System32\\RPCRT4.dll+da036|C:\\windows\\System32\\RPCRT4.dll+37a4c|C:\\windows\\System32\\RPCRT4.dll+548c8|C:\\windows\\System32\\RPCRT4.dll+2c921|C:\\windows\\System32\\RPCRT4.dll+2c1db|C:\\windows\\System32\\RPCRT4.dll+1a86f|C:\\windows\\System32\\RPCRT4.dll+19d1a|C:\\windows\\System32\\RPCRT4.dll+19301|C:\\windows\\System32\\RPCRT4.dll+18d6e|C:\\windows\\System32\\RPCRT4.dll+169a5|C:\\windows\\SYSTEM32\\ntdll.dll+333ed|C:\\windows\\SYSTEM32\\ntdll.dll+34142|C:\\windows\\System32\\KERNEL32.DLL+17bd4|C:\\windows\\SYSTEM32\\ntdll.dll+6ce51","host":"wec.internal.cloudapp.net","Message":"Process accessed:\r\nRuleName: -\r\nUtcTime: 2020-08-05 06:10:08.445\r\nSourceProcessGUID: {7d3be4b5-0dea-5f2a-1200-000000000400}\r\nSourceProcessId: 440\r\nSourceThreadId: 9744\r\nSourceImage: C:\\windows\\system32\\svchost.exe\r\nTargetProcessGUID: {7d3be4b5-0df0-5f2a-4500-000000000400}\r\nTargetProcessId: 2752\r\nTargetImage: C:\\windows\\System32\\svchost.exe\r\nGrantedAccess: 0x1000\r\nCallTrace: C:\\windows\\SYSTEM32\\ntdll.dll+9c534|C:\\windows\\System32\\KERNELBASE.dll+6a7f5|c:\\windows\\system32\\lsm.dll+1184f|c:\\windows\\system32\\lsm.dll+1172e|C:\\windows\\System32\\RPCRT4.dll+76953|C:\\windows\\System32\\RPCRT4.dll+da036|C:\\windows\\System32\\RPCRT4.dll+37a4c|C:\\windows\\System32\\RPCRT4.dll+548c8|C:\\windows\\System32\\RPCRT4.dll+2c921|C:\\windows\\System32\\RPCRT4.dll+2c1db|C:\\windows\\System32\\RPCRT4.dll+1a86f|C:\\windows\\System32\\RPCRT4.dll+19d1a|C:\\windows\\System32\\RPCRT4.dll+19301|C:\\windows\\System32\\RPCRT4.dll+18d6e|C:\\windows\\System32\\RPCRT4.dll+169a5|C:\\windows\\SYSTEM32\\ntdll.dll+333ed|C:\\windows\\SYSTEM32\\ntdll.dll+34142|C:\\windows\\System32\\KERNEL32.DLL+17bd4|C:\\windows\\SYSTEM32\\ntdll.dll+6ce51","SourceModuleName":"eventlog","SourceThreadId":"9744","SourceName":"Microsoft-Windows-Sysmon","SourceProcessId":"440","SeverityValue":2,"tags":["mordorDataset"],"Channel":"Microsoft-Windows-Sysmon/Operational","ProviderGuid":"{5770385F-C22A-43E0-BF4C-06F5698FFBD9}","RuleName":"-","EventID":10,"RecordNumber":304316,"Hostname":"WORKSTATION6.theshire.local","SourceImage":"C:\\windows\\system32\\svchost.exe","ProcessId":"440","SourceModuleType":"im_msvistalog","Domain":"NT AUTHORITY","port":53997,"EventTime":"2020-08-05 02:10:08","Severity":"INFO","ExecutionProcessID":3240,"AccountName":"SYSTEM","OpcodeValue":0,"@timestamp":"2020-08-05T06:10:09.884Z","Task":10,"EventType":"INFO","EventReceivedTime":"2020-08-05 02:10:09","AccountType":"User"}
{"@version":"1","ThreadID":4268,"SourceIsIpv6":"false","UserID":"S-1-5-18","Version":5,"SourcePortName":"-","DestinationPortName":"-","Message":"Network connection detected:\r\nRuleName: -\r\nUtcTime: 2020-08-05 06:10:05.845\r\nProcessGuid: {2b437147-0bbd-5f2a-4e00-000000000400}\r\nProcessId: 3588\r\nImage: C:\\Windows\\System32\\dns.exe\r\nUser: NT AUTHORITY\\SYSTEM\r\nProtocol: udp\r\nInitiated: false\r\nSourceIsIpv6: false\r\nSourceIp: 172.18.38.5\r\nSourceHostname: -\r\nSourcePort: 53\r\nSourcePortName: -\r\nDestinationIsIpv6: false\r\nDestinationIp: 172.18.39.6\r\nDestinationHostname: -\r\nDestinationPort: 65034\r\nDestinationPortName: -","ProcessGuid":"{2b437147-0bbd-5f2a-4e00-000000000400}","User":"NT AUTHORITY\\SYSTEM","SourceName":"Microsoft-Windows-Sysmon","DestinationHostname":"-","tags":["mordorDataset"],"RuleName":"-","ProviderGuid":"{5770385F-C22A-43E0-BF4C-06F5698FFBD9}","EventID":3,"RecordNumber":284965,"Hostname":"MORDORDC.theshire.local","Protocol":"udp","SourceModuleType":"im_msvistalog","SourceHostname":"-","ExecutionProcessID":3868,"AccountName":"SYSTEM","OpcodeValue":0,"SourceIp":"172.18.38.5","EventType":"INFO","Image":"C:\\Windows\\System32\\dns.exe","AccountType":"User","UtcTime":"2020-08-05 06:10:05.845","Keywords":-9223372036854775808,"host":"wec.internal.cloudapp.net","SourceModuleName":"eventlog","SeverityValue":2,"DestinationPort":"65034","Channel":"Microsoft-Windows-Sysmon/Operational","ProcessId":"3588","Domain":"NT AUTHORITY","port":53997,"EventTime":"2020-08-05 02:10:08","SourcePort":"53","Severity":"INFO","@timestamp":"2020-08-05T06:10:09.884Z","Task":3,"DestinationIsIpv6":"false","DestinationIp":"172.18.39.6","Initiated":"false","EventReceivedTime":"2020-08-05 02:10:09"}
{"UtcTime":"2020-08-05 06:10:08.688","@version":"1","Keywords":-9223372036854775808,"ThreadID":4256,"UserID":"S-1-5-18","Version":2,"host":"wec.internal.cloudapp.net","Message":"RawAccessRead detected:\r\nRuleName: -\r\nUtcTime: 2020-08-05 06:10:08.688\r\nProcessGuid: {2b437147-0bab-5f2a-0c00-000000000400}\r\nProcessId: 704\r\nImage: C:\\Windows\\System32\\lsass.exe\r\nDevice: \\Device\\HarddiskVolume1","SourceModuleName":"eventlog","ProcessGuid":"{2b437147-0bab-5f2a-0c00-000000000400}","SourceName":"Microsoft-Windows-Sysmon","SeverityValue":2,"tags":["mordorDataset"],"Channel":"Microsoft-Windows-Sysmon/Operational","ProviderGuid":"{5770385F-C22A-43E0-BF4C-06F5698FFBD9}","RuleName":"-","EventID":9,"RecordNumber":284966,"Device":"\\Device\\HarddiskVolume1","Hostname":"MORDORDC.theshire.local","ProcessId":"704","SourceModuleType":"im_msvistalog","Domain":"NT AUTHORITY","port":53997,"EventTime":"2020-08-05 02:10:08","Severity":"INFO","ExecutionProcessID":3868,"AccountName":"SYSTEM","OpcodeValue":0,"@timestamp":"2020-08-05T06:10:09.885Z","Task":9,"EventType":"INFO","EventReceivedTime":"2020-08-05 02:10:09","Image":"C:\\Windows\\System32\\lsass.exe","AccountType":"User"}
{"UtcTime":"2020-08-05 06:10:08.688","@version":"1","Keywords":-9223372036854775808,"ThreadID":4256,"UserID":"S-1-5-18","Version":2,"host":"wec.internal.cloudapp.net","Message":"RawAccessRead detected:\r\nRuleName: -\r\nUtcTime: 2020-08-05 06:10:08.688\r\nProcessGuid: {2b437147-0bab-5f2a-0c00-000000000400}\r\nProcessId: 704\r\nImage: C:\\Windows\\System32\\lsass.exe\r\nDevice: \\Device\\HarddiskVolume1","SourceModuleName":"eventlog","ProcessGuid":"{2b437147-0bab-5f2a-0c00-000000000400}","SourceName":"Microsoft-Windows-Sysmon","SeverityValue":2,"tags":["mordorDataset"],"Channel":"Microsoft-Windows-Sysmon/Operational","ProviderGuid":"{5770385F-C22A-43E0-BF4C-06F5698FFBD9}","RuleName":"-","EventID":9,"RecordNumber":284967,"Device":"\\Device\\HarddiskVolume1","Hostname":"MORDORDC.theshire.local","ProcessId":"704","SourceModuleType":"im_msvistalog","Domain":"NT AUTHORITY","port":53997,"EventTime":"2020-08-05 02:10:08","Severity":"INFO","ExecutionProcessID":3868,"AccountName":"SYSTEM","OpcodeValue":0,"@timestamp":"2020-08-05T06:10:09.885Z","Task":9,"EventType":"INFO","EventReceivedTime":"2020-08-05 02:10:09","Image":"C:\\Windows\\System32\\lsass.exe","AccountType":"User"}
{"@version":"1","ThreadID":4256,"UserID":"S-1-5-18","Version":3,"Message":"Image loaded:\r\nRuleName: -\r\nUtcTime: 2020-08-05 06:10:09.197\r\nProcessGuid: {2b437147-0e56-5f2a-3701-000000000400}\r\nProcessId: 3736\r\nImage: C:\\Windows\\System32\\svchost.exe\r\nImageLoaded: C:\\Windows\\System32\\wmidcom.dll\r\nFileVersion: 10.0.17763.1 (WinBuild.160101.0800)\r\nDescription: WMI\r\nProduct: Microsoft® Windows® Operating System\r\nCompany: Microsoft Corporation\r\nOriginalFileName: wmidcom.dll\r\nHashes: SHA1=4C7308C2A323D850C3E5DCB88A32A1C7DF9CBE4F,MD5=A9BC5F3E3C6406C3C5ABE804FBF7BC76,SHA256=A0177FD4B7690A680E5EAC9BDC78E21117B523622607BCA47305EB74984CF901,IMPHASH=8461651332BA942E21A64DBF3E9E80F8\r\nSigned: true\r\nSignature: Microsoft Windows\r\nSignatureStatus: Valid","ProcessGuid":"{2b437147-0e56-5f2a-3701-000000000400}","SourceName":"Microsoft-Windows-Sysmon","Hashes":"SHA1=4C7308C2A323D850C3E5DCB88A32A1C7DF9CBE4F,MD5=A9BC5F3E3C6406C3C5ABE804FBF7BC76,SHA256=A0177FD4B7690A680E5EAC9BDC78E21117B523622607BCA47305EB74984CF901,IMPHASH=8461651332BA942E21A64DBF3E9E80F8","Signature":"Microsoft Windows","tags":["mordorDataset"],"RuleName":"-","ProviderGuid":"{5770385F-C22A-43E0-BF4C-06F5698FFBD9}","EventID":7,"RecordNumber":284968,"Hostname":"MORDORDC.theshire.local","SourceModuleType":"im_msvistalog","Signed":"true","ExecutionProcessID":3868,"AccountName":"SYSTEM","OpcodeValue":0,"EventType":"INFO","FileVersion":"10.0.17763.1 (WinBuild.160101.0800)","Image":"C:\\Windows\\System32\\svchost.exe","AccountType":"User","UtcTime":"2020-08-05 06:10:09.197","Keywords":-9223372036854775808,"OriginalFileName":"wmidcom.dll","host":"wec.internal.cloudapp.net","SourceModuleName":"eventlog","SeverityValue":2,"SignatureStatus":"Valid","Channel":"Microsoft-Windows-Sysmon/Operational","Description":"WMI","ProcessId":"3736","Domain":"NT AUTHORITY","port":53997,"Company":"Microsoft Corporation","EventTime":"2020-08-05 02:10:09","Severity":"INFO","Product":"Microsoft® Windows® Operating System","@timestamp":"2020-08-05T06:10:09.885Z","Task":7,"ImageLoaded":"C:\\Windows\\System32\\wmidcom.dll","EventReceivedTime":"2020-08-05 02:10:09"}
{"@version":"1","ThreadID":4256,"UserID":"S-1-5-18","Version":3,"Message":"Image loaded:\r\nRuleName: -\r\nUtcTime: 2020-08-05 06:10:09.197\r\nProcessGuid: {2b437147-0e56-5f2a-3701-000000000400}\r\nProcessId: 3736\r\nImage: C:\\Windows\\System32\\svchost.exe\r\nImageLoaded: C:\\Windows\\System32\\dpapi.dll\r\nFileVersion: 10.0.17763.1 (WinBuild.160101.0800)\r\nDescription: Data Protection API\r\nProduct: Microsoft® Windows® Operating System\r\nCompany: Microsoft Corporation\r\nOriginalFileName: dpapi.dll\r\nHashes: SHA1=C50FDD4A17CA9451C66413BA04ED2CC79883AD16,MD5=CF864B08CEA15894A4E6E676A7FE89A3,SHA256=0D1488B2FF471C1EF2F8F2742D685A8778B2C1512A044BDF2606C3ED92E0B512,IMPHASH=C591E3A4DDFE145A26EEC16DB70623B7\r\nSigned: true\r\nSignature: Microsoft Windows\r\nSignatureStatus: Valid","ProcessGuid":"{2b437147-0e56-5f2a-3701-000000000400}","SourceName":"Microsoft-Windows-Sysmon","Hashes":"SHA1=C50FDD4A17CA9451C66413BA04ED2CC79883AD16,MD5=CF864B08CEA15894A4E6E676A7FE89A3,SHA256=0D1488B2FF471C1EF2F8F2742D685A8778B2C1512A044BDF2606C3ED92E0B512,IMPHASH=C591E3A4DDFE145A26EEC16DB70623B7","Signature":"Microsoft Windows","tags":["mordorDataset"],"RuleName":"-","ProviderGuid":"{5770385F-C22A-43E0-BF4C-06F5698FFBD9}","EventID":7,"RecordNumber":284969,"Hostname":"MORDORDC.theshire.local","SourceModuleType":"im_msvistalog","Signed":"true","ExecutionProcessID":3868,"AccountName":"SYSTEM","OpcodeValue":0,"EventType":"INFO","FileVersion":"10.0.17763.1 (WinBuild.160101.0800)","Image":"C:\\Windows\\System32\\svchost.exe","AccountType":"User","UtcTime":"2020-08-05 06:10:09.197","Keywords":-9223372036854775808,"OriginalFileName":"dpapi.dll","host":"wec.internal.cloudapp.net","SourceModuleName":"eventlog","SeverityValue":2,"SignatureStatus":"Valid","Channel":"Microsoft-Windows-Sysmon/Operational","Description":"Data Protection API","ProcessId":"3736","Domain":"NT AUTHORITY","port":53997,"Company":"Microsoft Corporation","EventTime":"2020-08-05 02:10:09","Severity":"INFO","Product":"Microsoft® Windows® Operating System","@timestamp":"2020-08-05T06:10:09.886Z","Task":7,"ImageLoaded":"C:\\Windows\\System32\\dpapi.dll","EventReceivedTime":"2020-08-05 02:10:09"}
{"@version":"1","Keywords":-9214364837600034816,"ThreadID":9412,"Version":0,"host":"wec.internal.cloudapp.net","LayerRTID":"36","Message":"The Windows Filtering Platform has permitted a bind to a local port.\r\n\r\nApplication Information:\r\n\tProcess ID:\t\t1416\r\n\tApplication Name:\t\\device\\harddiskvolume2\\windows\\system32\\svchost.exe\r\n\r\nNetwork Information:\r\n\tSource Address:\t\t::\r\n\tSource Port:\t\t49661\r\n\tProtocol:\t\t17\r\n\r\nFilter Information:\r\n\tFilter Run-Time ID:\t0\r\n\tLayer Name:\t\tResource Assignment\r\n\tLayer Run-Time ID:\t36","SourceModuleName":"eventlog","SourceName":"Microsoft-Windows-Security-Auditing","SeverityValue":2,"LayerName":"%%14608","tags":["mordorDataset"],"Channel":"Security","ProviderGuid":"{54849625-5478-4994-A5BA-3E3B0328C30D}","EventID":5158,"RecordNumber":84656,"Hostname":"WORKSTATION6.theshire.local","Category":"Filtering Platform Connection","Opcode":"Info","Protocol":"17","ProcessId":"1416","SourceModuleType":"im_msvistalog","port":53997,"Application":"\\device\\harddiskvolume2\\windows\\system32\\svchost.exe","EventTime":"2020-08-05 02:10:08","SourcePort":"49661","Severity":"INFO","ExecutionProcessID":4,"SourceAddress":"::","OpcodeValue":0,"@timestamp":"2020-08-05T06:10:09.886Z","Task":12810,"EventType":"AUDIT_SUCCESS","EventReceivedTime":"2020-08-05 02:10:09","FilterRTID":"0"}
{"@version":"1","Keywords":-9214364837600034816,"ThreadID":9412,"Version":0,"host":"wec.internal.cloudapp.net","LayerRTID":"38","Message":"The Windows Filtering Platform has permitted a bind to a local port.\r\n\r\nApplication Information:\r\n\tProcess ID:\t\t1416\r\n\tApplication Name:\t\\device\\harddiskvolume2\\windows\\system32\\svchost.exe\r\n\r\nNetwork Information:\r\n\tSource Address:\t\t::\r\n\tSource Port:\t\t49661\r\n\tProtocol:\t\t17\r\n\r\nFilter Information:\r\n\tFilter Run-Time ID:\t0\r\n\tLayer Name:\t\tResource Assignment\r\n\tLayer Run-Time ID:\t38","SourceModuleName":"eventlog","SourceName":"Microsoft-Windows-Security-Auditing","SeverityValue":2,"LayerName":"%%14608","tags":["mordorDataset"],"Channel":"Security","ProviderGuid":"{54849625-5478-4994-A5BA-3E3B0328C30D}","EventID":5158,"RecordNumber":84657,"Hostname":"WORKSTATION6.theshire.local","Category":"Filtering Platform Connection","Opcode":"Info","Protocol":"17","ProcessId":"1416","SourceModuleType":"im_msvistalog","port":53997,"Application":"\\device\\harddiskvolume2\\windows\\system32\\svchost.exe","EventTime":"2020-08-05 02:10:08","SourcePort":"49661","Severity":"INFO","ExecutionProcessID":4,"SourceAddress":"::","OpcodeValue":0,"@timestamp":"2020-08-05T06:10:09.886Z","Task":12810,"EventType":"AUDIT_SUCCESS","EventReceivedTime":"2020-08-05 02:10:09","FilterRTID":"0"}
{"@version":"1","Keywords":-9214364837600034816,"ThreadID":9412,"Version":1,"DestAddress":"172.18.38.5","host":"wec.internal.cloudapp.net","LayerRTID":"48","Message":"The Windows Filtering Platform has permitted a connection.\r\n\r\nApplication Information:\r\n\tProcess ID:\t\t1416\r\n\tApplication Name:\t\\device\\harddiskvolume2\\windows\\system32\\svchost.exe\r\n\r\nNetwork Information:\r\n\tDirection:\t\tOutbound\r\n\tSource Address:\t\t172.18.39.6\r\n\tSource Port:\t\t49661\r\n\tDestination Address:\t172.18.38.5\r\n\tDestination Port:\t\t53\r\n\tProtocol:\t\t17\r\n\r\nFilter Information:\r\n\tFilter Run-Time ID:\t68659\r\n\tLayer Name:\t\tConnect\r\n\tLayer Run-Time ID:\t48","SourceModuleName":"eventlog","SourceName":"Microsoft-Windows-Security-Auditing","SeverityValue":2,"LayerName":"%%14611","tags":["mordorDataset"],"Channel":"Security","ProviderGuid":"{54849625-5478-4994-A5BA-3E3B0328C30D}","EventID":5156,"RecordNumber":84658,"Hostname":"WORKSTATION6.theshire.local","Category":"Filtering Platform Connection","Opcode":"Info","Protocol":"17","ProcessId":"1416","SourceModuleType":"im_msvistalog","port":53997,"Application":"\\device\\harddiskvolume2\\windows\\system32\\svchost.exe","EventTime":"2020-08-05 02:10:08","RemoteUserID":"S-1-0-0","SourcePort":"49661","Severity":"INFO","ExecutionProcessID":4,"SourceAddress":"172.18.39.6","OpcodeValue":0,"@timestamp":"2020-08-05T06:10:09.886Z","Task":12810,"DestPort":"53","EventType":"AUDIT_SUCCESS","EventReceivedTime":"2020-08-05 02:10:09","Direction":"%%14593","RemoteMachineID":"S-1-0-0","FilterRTID":"68659"}
{"@version":"1","Keywords":-9214364837600034816,"ThreadID":9412,"Version":0,"host":"wec.internal.cloudapp.net","LayerRTID":"36","Message":"The Windows Filtering Platform has permitted a bind to a local port.\r\n\r\nApplication Information:\r\n\tProcess ID:\t\t2752\r\n\tApplication Name:\t\\device\\harddiskvolume2\\windows\\system32\\svchost.exe\r\n\r\nNetwork Information:\r\n\tSource Address:\t\t0.0.0.0\r\n\tSource Port:\t\t49839\r\n\tProtocol:\t\t6\r\n\r\nFilter Information:\r\n\tFilter Run-Time ID:\t0\r\n\tLayer Name:\t\tResource Assignment\r\n\tLayer Run-Time ID:\t36","SourceModuleName":"eventlog","SourceName":"Microsoft-Windows-Security-Auditing","SeverityValue":2,"LayerName":"%%14608","tags":["mordorDataset"],"Channel":"Security","ProviderGuid":"{54849625-5478-4994-A5BA-3E3B0328C30D}","EventID":5158,"RecordNumber":84659,"Hostname":"WORKSTATION6.theshire.local","Category":"Filtering Platform Connection","Opcode":"Info","Protocol":"6","ProcessId":"2752","SourceModuleType":"im_msvistalog","port":53997,"Application":"\\device\\harddiskvolume2\\windows\\system32\\svchost.exe","EventTime":"2020-08-05 02:10:08","SourcePort":"49839","Severity":"INFO","ExecutionProcessID":4,"SourceAddress":"0.0.0.0","OpcodeValue":0,"@timestamp":"2020-08-05T06:10:09.886Z","Task":12810,"EventType":"AUDIT_SUCCESS","EventReceivedTime":"2020-08-05 02:10:09","FilterRTID":"0"}
{"@version":"1","Keywords":-9214364837600034816,"ThreadID":9412,"Version":1,"DestAddress":"52.167.249.196","host":"wec.internal.cloudapp.net","LayerRTID":"48","Message":"The Windows Filtering Platform has permitted a connection.\r\n\r\nApplication Information:\r\n\tProcess ID:\t\t2752\r\n\tApplication Name:\t\\device\\harddiskvolume2\\windows\\system32\\svchost.exe\r\n\r\nNetwork Information:\r\n\tDirection:\t\tOutbound\r\n\tSource Address:\t\t172.18.39.6\r\n\tSource Port:\t\t49839\r\n\tDestination Address:\t52.167.249.196\r\n\tDestination Port:\t\t443\r\n\tProtocol:\t\t6\r\n\r\nFilter Information:\r\n\tFilter Run-Time ID:\t68659\r\n\tLayer Name:\t\tConnect\r\n\tLayer Run-Time ID:\t48","SourceModuleName":"eventlog","SourceName":"Microsoft-Windows-Security-Auditing","SeverityValue":2,"LayerName":"%%14611","tags":["mordorDataset"],"Channel":"Security","ProviderGuid":"{54849625-5478-4994-A5BA-3E3B0328C30D}","EventID":5156,"RecordNumber":84660,"Hostname":"WORKSTATION6.theshire.local","Category":"Filtering Platform Connection","Opcode":"Info","Protocol":"6","ProcessId":"2752","SourceModuleType":"im_msvistalog","port":53997,"Application":"\\device\\harddiskvolume2\\windows\\system32\\svchost.exe","EventTime":"2020-08-05 02:10:08","RemoteUserID":"S-1-0-0","SourcePort":"49839","Severity":"INFO","ExecutionProcessID":4,"SourceAddress":"172.18.39.6","OpcodeValue":0,"@timestamp":"2020-08-05T06:10:09.886Z","Task":12810,"DestPort":"443","EventType":"AUDIT_SUCCESS","EventReceivedTime":"2020-08-05 02:10:09","Direction":"%%14593","RemoteMachineID":"S-1-0-0","FilterRTID":"68659"}
{"SubjectUserSid":"S-1-5-21-3669966080-2286457517-972388166-1106","@version":"1","Keywords":-9214364837600034816,"ThreadID":9412,"TargetHandleId":"0x33dc","TargetProcessId":"0x4","Version":0,"host":"wec.internal.cloudapp.net","Message":"An attempt was made to duplicate a handle to an object.\r\n\r\nSubject:\r\n\tSecurity ID:\t\tS-1-5-21-3669966080-2286457517-972388166-1106\r\n\tAccount Name:\t\tsbeavers\r\n\tAccount Domain:\t\tTHESHIRE\r\n\tLogon ID:\t\t0x20983A\r\n\r\nSource Handle Information:\r\n\tSource Handle ID:\t0xa58\r\n\tSource Process ID:\t0xac0\r\n\r\nNew Handle Information:\r\n\tTarget Handle ID:\t0x33dc\r\n\tTarget Process ID:\t0x4","SourceModuleName":"eventlog","SourceName":"Microsoft-Windows-Security-Auditing","SubjectLogonId":"0x20983a","SeverityValue":2,"SourceProcessId":"0xac0","tags":["mordorDataset"],"Channel":"Security","ProviderGuid":"{54849625-5478-4994-A5BA-3E3B0328C30D}","EventID":4690,"RecordNumber":84661,"Hostname":"WORKSTATION6.theshire.local","Category":"Handle Manipulation","Opcode":"Info","SubjectDomainName":"THESHIRE","ProcessId":"0xac0","SourceModuleType":"im_msvistalog","port":53997,"EventTime":"2020-08-05 02:10:08","Severity":"INFO","ExecutionProcessID":4,"SourceHandleId":"0xa58","OpcodeValue":0,"@timestamp":"2020-08-05T06:10:09.886Z","Task":12807,"EventType":"AUDIT_SUCCESS","SubjectUserName":"sbeavers","EventReceivedTime":"2020-08-05 02:10:09"}
{"SubjectUserSid":"S-1-5-21-3669966080-2286457517-972388166-1106","@version":"1","Keywords":-9214364837600034816,"ThreadID":9412,"Version":0,"host":"wec.internal.cloudapp.net","Message":"The handle to an object was closed.\r\n\r\nSubject :\r\n\tSecurity ID:\t\tS-1-5-21-3669966080-2286457517-972388166-1106\r\n\tAccount Name:\t\tsbeavers\r\n\tAccount Domain:\t\tTHESHIRE\r\n\tLogon ID:\t\t0x20983A\r\n\r\nObject:\r\n\tObject Server:\t\tSecurity\r\n\tHandle ID:\t\t0x33dc\r\n\r\nProcess Information:\r\n\tProcess ID:\t\t0xac0\r\n\tProcess Name:\t\tC:\\Windows\\System32\\svchost.exe","SourceModuleName":"eventlog","SourceName":"Microsoft-Windows-Security-Auditing","SubjectLogonId":"0x20983a","SeverityValue":2,"tags":["mordorDataset"],"Channel":"Security","ProviderGuid":"{54849625-5478-4994-A5BA-3E3B0328C30D}","ObjectServer":"Security","EventID":4658,"RecordNumber":84662,"Hostname":"WORKSTATION6.theshire.local","Category":"Registry","Opcode":"Info","SubjectDomainName":"THESHIRE","ProcessId":"0xac0","SourceModuleType":"im_msvistalog","port":53997,"HandleId":"0x33dc","EventTime":"2020-08-05 02:10:08","Severity":"INFO","ExecutionProcessID":4,"OpcodeValue":0,"@timestamp":"2020-08-05T06:10:09.886Z","Task":12801,"EventType":"AUDIT_SUCCESS","SubjectUserName":"sbeavers","ProcessName":"C:\\Windows\\System32\\svchost.exe","EventReceivedTime":"2020-08-05 02:10:09"}
{"@version":"1","ThreadID":9412,"AccessList":"%%1538\r\n\t\t\t\t%%4432\r\n\t\t\t\t%%4435\r\n\t\t\t\t%%4436\r\n\t\t\t\t","ObjectName":"\\REGISTRY\\MACHINE\\SYSTEM\\ControlSet001\\Control\\Session Manager\\Environment","AccessReason":"-","Version":1,"Message":"A handle to an object was requested.\r\n\r\nSubject:\r\n\tSecurity ID:\t\tS-1-5-21-3669966080-2286457517-972388166-1106\r\n\tAccount Name:\t\tsbeavers\r\n\tAccount Domain:\t\tTHESHIRE\r\n\tLogon ID:\t\t0x20983A\r\n\r\nObject:\r\n\tObject Server:\t\tSecurity\r\n\tObject Type:\t\tKey\r\n\tObject Name:\t\t\\REGISTRY\\MACHINE\\SYSTEM\\ControlSet001\\Control\\Session Manager\\Environment\r\n\tHandle ID:\t\t0xa58\r\n\tResource Attributes:\t-\r\n\r\nProcess Information:\r\n\tProcess ID:\t\t0xac0\r\n\tProcess Name:\t\tC:\\Windows\\System32\\svchost.exe\r\n\r\nAccess Request Information:\r\n\tTransaction ID:\t\t{00000000-0000-0000-0000-000000000000}\r\n\tAccesses:\t\tREAD_CONTROL\r\n\t\t\t\tQuery key value\r\n\t\t\t\tEnumerate sub-keys\r\n\t\t\t\tNotify about changes to keys\r\n\t\t\t\t\r\n\tAccess Reasons:\t\t-\r\n\tAccess Mask:\t\t0x20019\r\n\tPrivileges Used for Access Check:\t-\r\n\tRestricted SID Count:\t0","SourceName":"Microsoft-Windows-Security-Auditing","SubjectLogonId":"0x20983a","tags":["mordorDataset"],"ProviderGuid":"{54849625-5478-4994-A5BA-3E3B0328C30D}","EventID":4656,"RecordNumber":84663,"Hostname":"WORKSTATION6.theshire.local","Opcode":"Info","SourceModuleType":"im_msvistalog","PrivilegeList":"-","ExecutionProcessID":4,"OpcodeValue":0,"EventType":"AUDIT_SUCCESS","SubjectUserName":"sbeavers","ProcessName":"C:\\Windows\\System32\\svchost.exe","SubjectUserSid":"S-1-5-21-3669966080-2286457517-972388166-1106","Keywords":-9214364837600034816,"ObjectType":"Key","host":"wec.internal.cloudapp.net","SourceModuleName":"eventlog","RestrictedSidCount":"0","SeverityValue":2,"Channel":"Security","ObjectServer":"Security","Category":"Registry","AccessMask":"0x20019","ResourceAttributes":"-","SubjectDomainName":"THESHIRE","TransactionId":"{00000000-0000-0000-0000-000000000000}","ProcessId":"0xac0","port":53997,"HandleId":"0xa58","EventTime":"2020-08-05 02:10:08","Severity":"INFO","@timestamp":"2020-08-05T06:10:09.886Z","Task":12801,"EventReceivedTime":"2020-08-05 02:10:09"}
{"SubjectUserSid":"S-1-5-21-3669966080-2286457517-972388166-1106","@version":"1","Keywords":-9214364837600034816,"ThreadID":9412,"ObjectType":"Key","ObjectName":"\\REGISTRY\\MACHINE\\SYSTEM\\ControlSet001\\Control\\Session Manager\\Environment","Version":1,"AccessList":"%%4432\r\n\t\t\t\t","host":"wec.internal.cloudapp.net","Message":"An attempt was made to access an object.\r\n\r\nSubject:\r\n\tSecurity ID:\t\tS-1-5-21-3669966080-2286457517-972388166-1106\r\n\tAccount Name:\t\tsbeavers\r\n\tAccount Domain:\t\tTHESHIRE\r\n\tLogon ID:\t\t0x20983A\r\n\r\nObject:\r\n\tObject Server:\t\tSecurity\r\n\tObject Type:\t\tKey\r\n\tObject Name:\t\t\\REGISTRY\\MACHINE\\SYSTEM\\ControlSet001\\Control\\Session Manager\\Environment\r\n\tHandle ID:\t\t0xa58\r\n\tResource Attributes:\t-\r\n\r\nProcess Information:\r\n\tProcess ID:\t\t0xac0\r\n\tProcess Name:\t\tC:\\Windows\\System32\\svchost.exe\r\n\r\nAccess Request Information:\r\n\tAccesses:\t\tQuery key value\r\n\t\t\t\t\r\n\tAccess Mask:\t\t0x1","SourceModuleName":"eventlog","SourceName":"Microsoft-Windows-Security-Auditing","SubjectLogonId":"0x20983a","SeverityValue":2,"tags":["mordorDataset"],"Channel":"Security","ProviderGuid":"{54849625-5478-4994-A5BA-3E3B0328C30D}","ObjectServer":"Security","EventID":4663,"RecordNumber":84664,"Hostname":"WORKSTATION6.theshire.local","Category":"Registry","Opcode":"Info","SubjectDomainName":"THESHIRE","AccessMask":"0x1","ResourceAttributes":"-","SourceModuleType":"im_msvistalog","port":53997,"HandleId":"0xa58","EventTime":"2020-08-05 02:10:08","ProcessId":"0xac0","Severity":"INFO","ExecutionProcessID":4,"OpcodeValue":0,"@timestamp":"2020-08-05T06:10:09.887Z","Task":12801,"EventType":"AUDIT_SUCCESS","SubjectUserName":"sbeavers","ProcessName":"C:\\Windows\\System32\\svchost.exe","EventReceivedTime":"2020-08-05 02:10:09"}
{"SubjectUserSid":"S-1-5-21-3669966080-2286457517-972388166-1106","@version":"1","Keywords":-9214364837600034816,"ThreadID":9412,"Version":0,"host":"wec.internal.cloudapp.net","Message":"The handle to an object was closed.\r\n\r\nSubject :\r\n\tSecurity ID:\t\tS-1-5-21-3669966080-2286457517-972388166-1106\r\n\tAccount Name:\t\tsbeavers\r\n\tAccount Domain:\t\tTHESHIRE\r\n\tLogon ID:\t\t0x20983A\r\n\r\nObject:\r\n\tObject Server:\t\tSecurity\r\n\tHandle ID:\t\t0xa58\r\n\r\nProcess Information:\r\n\tProcess ID:\t\t0xac0\r\n\tProcess Name:\t\tC:\\Windows\\System32\\svchost.exe","SourceModuleName":"eventlog","SourceName":"Microsoft-Windows-Security-Auditing","SubjectLogonId":"0x20983a","SeverityValue":2,"tags":["mordorDataset"],"Channel":"Security","ProviderGuid":"{54849625-5478-4994-A5BA-3E3B0328C30D}","ObjectServer":"Security","EventID":4658,"RecordNumber":84665,"Hostname":"WORKSTATION6.theshire.local","Category":"Registry","Opcode":"Info","SubjectDomainName":"THESHIRE","ProcessId":"0xac0","SourceModuleType":"im_msvistalog","port":53997,"HandleId":"0xa58","EventTime":"2020-08-05 02:10:08","Severity":"INFO","ExecutionProcessID":4,"OpcodeValue":0,"@timestamp":"2020-08-05T06:10:09.888Z","Task":12801,"EventType":"AUDIT_SUCCESS","SubjectUserName":"sbeavers","ProcessName":"C:\\Windows\\System32\\svchost.exe","EventReceivedTime":"2020-08-05 02:10:09"}
{"SubjectUserSid":"S-1-5-21-3669966080-2286457517-972388166-1106","@version":"1","Keywords":-9214364837600034816,"ThreadID":9412,"TargetHandleId":"0x33dc","TargetProcessId":"0x4","Version":0,"host":"wec.internal.cloudapp.net","Message":"An attempt was made to duplicate a handle to an object.\r\n\r\nSubject:\r\n\tSecurity ID:\t\tS-1-5-21-3669966080-2286457517-972388166-1106\r\n\tAccount Name:\t\tsbeavers\r\n\tAccount Domain:\t\tTHESHIRE\r\n\tLogon ID:\t\t0x20983A\r\n\r\nSource Handle Information:\r\n\tSource Handle ID:\t0xa5c\r\n\tSource Process ID:\t0xac0\r\n\r\nNew Handle Information:\r\n\tTarget Handle ID:\t0x33dc\r\n\tTarget Process ID:\t0x4","SourceModuleName":"eventlog","SourceName":"Microsoft-Windows-Security-Auditing","SubjectLogonId":"0x20983a","SeverityValue":2,"SourceProcessId":"0xac0","tags":["mordorDataset"],"Channel":"Security","ProviderGuid":"{54849625-5478-4994-A5BA-3E3B0328C30D}","EventID":4690,"RecordNumber":84666,"Hostname":"WORKSTATION6.theshire.local","Category":"Handle Manipulation","Opcode":"Info","SubjectDomainName":"THESHIRE","ProcessId":"0xac0","SourceModuleType":"im_msvistalog","port":53997,"EventTime":"2020-08-05 02:10:08","Severity":"INFO","ExecutionProcessID":4,"SourceHandleId":"0xa5c","OpcodeValue":0,"@timestamp":"2020-08-05T06:10:09.888Z","Task":12807,"EventType":"AUDIT_SUCCESS","SubjectUserName":"sbeavers","EventReceivedTime":"2020-08-05 02:10:09"}
{"SubjectUserSid":"S-1-5-21-3669966080-2286457517-972388166-1106","@version":"1","Keywords":-9214364837600034816,"ThreadID":9412,"Version":0,"host":"wec.internal.cloudapp.net","Message":"The handle to an object was closed.\r\n\r\nSubject :\r\n\tSecurity ID:\t\tS-1-5-21-3669966080-2286457517-972388166-1106\r\n\tAccount Name:\t\tsbeavers\r\n\tAccount Domain:\t\tTHESHIRE\r\n\tLogon ID:\t\t0x20983A\r\n\r\nObject:\r\n\tObject Server:\t\tSecurity\r\n\tHandle ID:\t\t0x33dc\r\n\r\nProcess Information:\r\n\tProcess ID:\t\t0xac0\r\n\tProcess Name:\t\tC:\\Windows\\System32\\svchost.exe","SourceModuleName":"eventlog","SourceName":"Microsoft-Windows-Security-Auditing","SubjectLogonId":"0x20983a","SeverityValue":2,"tags":["mordorDataset"],"Channel":"Security","ProviderGuid":"{54849625-5478-4994-A5BA-3E3B0328C30D}","ObjectServer":"Security","EventID":4658,"RecordNumber":84667,"Hostname":"WORKSTATION6.theshire.local","Category":"Registry","Opcode":"Info","SubjectDomainName":"THESHIRE","ProcessId":"0xac0","SourceModuleType":"im_msvistalog","port":53997,"HandleId":"0x33dc","EventTime":"2020-08-05 02:10:08","Severity":"INFO","ExecutionProcessID":4,"OpcodeValue":0,"@timestamp":"2020-08-05T06:10:09.888Z","Task":12801,"EventType":"AUDIT_SUCCESS","SubjectUserName":"sbeavers","ProcessName":"C:\\Windows\\System32\\svchost.exe","EventReceivedTime":"2020-08-05 02:10:09"}
{"@version":"1","ThreadID":9412,"AccessList":"%%1538\r\n\t\t\t\t%%4432\r\n\t\t\t\t%%4435\r\n\t\t\t\t%%4436\r\n\t\t\t\t","ObjectName":"\\REGISTRY\\MACHINE\\SYSTEM\\ControlSet001\\Control\\Session Manager\\Environment","AccessReason":"-","Version":1,"Message":"A handle to an object was requested.\r\n\r\nSubject:\r\n\tSecurity ID:\t\tS-1-5-21-3669966080-2286457517-972388166-1106\r\n\tAccount Name:\t\tsbeavers\r\n\tAccount Domain:\t\tTHESHIRE\r\n\tLogon ID:\t\t0x20983A\r\n\r\nObject:\r\n\tObject Server:\t\tSecurity\r\n\tObject Type:\t\tKey\r\n\tObject Name:\t\t\\REGISTRY\\MACHINE\\SYSTEM\\ControlSet001\\Control\\Session Manager\\Environment\r\n\tHandle ID:\t\t0xa5c\r\n\tResource Attributes:\t-\r\n\r\nProcess Information:\r\n\tProcess ID:\t\t0xac0\r\n\tProcess Name:\t\tC:\\Windows\\System32\\svchost.exe\r\n\r\nAccess Request Information:\r\n\tTransaction ID:\t\t{00000000-0000-0000-0000-000000000000}\r\n\tAccesses:\t\tREAD_CONTROL\r\n\t\t\t\tQuery key value\r\n\t\t\t\tEnumerate sub-keys\r\n\t\t\t\tNotify about changes to keys\r\n\t\t\t\t\r\n\tAccess Reasons:\t\t-\r\n\tAccess Mask:\t\t0x20019\r\n\tPrivileges Used for Access Check:\t-\r\n\tRestricted SID Count:\t0","SourceName":"Microsoft-Windows-Security-Auditing","SubjectLogonId":"0x20983a","tags":["mordorDataset"],"ProviderGuid":"{54849625-5478-4994-A5BA-3E3B0328C30D}","EventID":4656,"RecordNumber":84668,"Hostname":"WORKSTATION6.theshire.local","Opcode":"Info","SourceModuleType":"im_msvistalog","PrivilegeList":"-","ExecutionProcessID":4,"OpcodeValue":0,"EventType":"AUDIT_SUCCESS","SubjectUserName":"sbeavers","ProcessName":"C:\\Windows\\System32\\svchost.exe","SubjectUserSid":"S-1-5-21-3669966080-2286457517-972388166-1106","Keywords":-9214364837600034816,"ObjectType":"Key","host":"wec.internal.cloudapp.net","SourceModuleName":"eventlog","RestrictedSidCount":"0","SeverityValue":2,"Channel":"Security","ObjectServer":"Security","Category":"Registry","AccessMask":"0x20019","ResourceAttributes":"-","SubjectDomainName":"THESHIRE","TransactionId":"{00000000-0000-0000-0000-000000000000}","ProcessId":"0xac0","port":53997,"HandleId":"0xa5c","EventTime":"2020-08-05 02:10:08","Severity":"INFO","@timestamp":"2020-08-05T06:10:09.888Z","Task":12801,"EventReceivedTime":"2020-08-05 02:10:09"}
