{"UtcTime":"2020-08-05 06:10:09.539","@version":"1","Keywords":-9223372036854775808,"EventTypeOrignal":"INFO","ThreadID":4456,"UserID":"S-1-5-18","Version":2,"Details":"QWORD (0x01d66aef-0x1209a55a)","host":"wec.internal.cloudapp.net","Message":"Registry value set:\r\nRuleName: -\r\nEventType: SetValue\r\nUtcTime: 2020-08-05 06:10:09.539\r\nProcessGuid: {7d3be4b5-0de9-5f2a-0c00-000000000400}\r\nProcessId: 748\r\nImage: C:\\windows\\system32\\lsass.exe\r\nTargetObject: HKLM\\System\\CurrentControlSet\\Services\\W32Time\\SecureTimeLimits\\SecureTimeEstimated\r\nDetails: QWORD (0x01d66aef-0x1209a55a)","SourceModuleName":"eventlog","ProcessGuid":"{7d3be4b5-0de9-5f2a-0c00-000000000400}","SourceName":"Microsoft-Windows-Sysmon","SeverityValue":2,"tags":["mordorDataset"],"Channel":"Microsoft-Windows-Sysmon/Operational","ProviderGuid":"{5770385F-C22A-43E0-BF4C-06F5698FFBD9}","RuleName":"-","EventID":13,"RecordNumber":304320,"TargetObject":"HKLM\\System\\CurrentControlSet\\Services\\W32Time\\SecureTimeLimits\\SecureTimeEstimated","Hostname":"WORKSTATION6.theshire.local","ProcessId":"748","SourceModuleType":"im_msvistalog","Domain":"NT AUTHORITY","port":53997,"EventTime":"2020-08-05 02:10:09","Severity":"INFO","ExecutionProcessID":3240,"AccountName":"SYSTEM","OpcodeValue":0,"@timestamp":"2020-08-05T06:10:09.903Z","Task":13,"EventType":"SetValue","EventReceivedTime":"2020-08-05 02:10:09","Image":"C:\\windows\\system32\\lsass.exe","AccountType":"User"}
{"UtcTime":"2020-08-05 06:10:09.196","@version":"1","Keywords":-9223372036854775808,"EventTypeOrignal":"INFO","ThreadID":4452,"UserID":"S-1-5-18","Version":2,"host":"wec.internal.cloudapp.net","Message":"Registry object added or deleted:\r\nRuleName: -\r\nEventType: CreateKey\r\nUtcTime: 2020-08-05 06:10:09.196\r\nProcessGuid: {8715b604-0df2-5f2a-4900-000000000400}\r\nProcessId: 3356\r\nImage: C:\\windows\\System32\\svchost.exe\r\nTargetObject: HKLM\\SOFTWARE","SourceModuleName":"eventlog","ProcessGuid":"{8715b604-0df2-5f2a-4900-000000000400}","SourceName":"Microsoft-Windows-Sysmon","SeverityValue":2,"tags":["mordorDataset"],"Channel":"Microsoft-Windows-Sysmon/Operational","ProviderGuid":"{5770385F-C22A-43E0-BF4C-06F5698FFBD9}","RuleName":"-","EventID":12,"RecordNumber":480041,"TargetObject":"HKLM\\SOFTWARE","Hostname":"WORKSTATION5.theshire.local","ProcessId":"3356","SourceModuleType":"im_msvistalog","Domain":"NT AUTHORITY","port":53997,"EventTime":"2020-08-05 02:10:09","Severity":"INFO","ExecutionProcessID":3484,"AccountName":"SYSTEM","OpcodeValue":0,"@timestamp":"2020-08-05T06:10:09.903Z","Task":12,"EventType":"CreateKey","EventReceivedTime":"2020-08-05 02:10:09","Image":"C:\\windows\\System32\\svchost.exe","AccountType":"User"}
{"UtcTime":"2020-08-05 06:10:09.539","@version":"1","Keywords":-9223372036854775808,"EventTypeOrignal":"INFO","ThreadID":4456,"UserID":"S-1-5-18","Version":2,"Details":"QWORD (0x01d66ae6-0xb0453d5a)","host":"wec.internal.cloudapp.net","Message":"Registry value set:\r\nRuleName: -\r\nEventType: SetValue\r\nUtcTime: 2020-08-05 06:10:09.539\r\nProcessGuid: {7d3be4b5-0de9-5f2a-0c00-000000000400}\r\nProcessId: 748\r\nImage: C:\\windows\\system32\\lsass.exe\r\nTargetObject: HKLM\\System\\CurrentControlSet\\Services\\W32Time\\SecureTimeLimits\\SecureTimeLow\r\nDetails: QWORD (0x01d66ae6-0xb0453d5a)","SourceModuleName":"eventlog","ProcessGuid":"{7d3be4b5-0de9-5f2a-0c00-000000000400}","SourceName":"Microsoft-Windows-Sysmon","SeverityValue":2,"tags":["mordorDataset"],"Channel":"Microsoft-Windows-Sysmon/Operational","ProviderGuid":"{5770385F-C22A-43E0-BF4C-06F5698FFBD9}","RuleName":"-","EventID":13,"RecordNumber":304321,"TargetObject":"HKLM\\System\\CurrentControlSet\\Services\\W32Time\\SecureTimeLimits\\SecureTimeLow","Hostname":"WORKSTATION6.theshire.local","ProcessId":"748","SourceModuleType":"im_msvistalog","Domain":"NT AUTHORITY","port":53997,"EventTime":"2020-08-05 02:10:09","Severity":"INFO","ExecutionProcessID":3240,"AccountName":"SYSTEM","OpcodeValue":0,"@timestamp":"2020-08-05T06:10:09.903Z","Task":13,"EventType":"SetValue","EventReceivedTime":"2020-08-05 02:10:09","Image":"C:\\windows\\system32\\lsass.exe","AccountType":"User"}
{"UtcTime":"2020-08-05 06:10:09.196","@version":"1","Keywords":-9223372036854775808,"EventTypeOrignal":"INFO","ThreadID":4452,"UserID":"S-1-5-18","Version":2,"host":"wec.internal.cloudapp.net","Message":"Registry object added or deleted:\r\nRuleName: -\r\nEventType: CreateKey\r\nUtcTime: 2020-08-05 06:10:09.196\r\nProcessGuid: {8715b604-0df2-5f2a-4900-000000000400}\r\nProcessId: 3356\r\nImage: C:\\windows\\System32\\svchost.exe\r\nTargetObject: HKLM\\SOFTWARE\\Microsoft","SourceModuleName":"eventlog","ProcessGuid":"{8715b604-0df2-5f2a-4900-000000000400}","SourceName":"Microsoft-Windows-Sysmon","SeverityValue":2,"tags":["mordorDataset"],"Channel":"Microsoft-Windows-Sysmon/Operational","ProviderGuid":"{5770385F-C22A-43E0-BF4C-06F5698FFBD9}","RuleName":"-","EventID":12,"RecordNumber":480042,"TargetObject":"HKLM\\SOFTWARE\\Microsoft","Hostname":"WORKSTATION5.theshire.local","ProcessId":"3356","SourceModuleType":"im_msvistalog","Domain":"NT AUTHORITY","port":53997,"EventTime":"2020-08-05 02:10:09","Severity":"INFO","ExecutionProcessID":3484,"AccountName":"SYSTEM","OpcodeValue":0,"@timestamp":"2020-08-05T06:10:09.904Z","Task":12,"EventType":"CreateKey","EventReceivedTime":"2020-08-05 02:10:09","Image":"C:\\windows\\System32\\svchost.exe","AccountType":"User"}
{"UtcTime":"2020-08-05 06:10:09.539","@version":"1","Keywords":-9223372036854775808,"EventTypeOrignal":"INFO","ThreadID":4456,"UserID":"S-1-5-18","Version":2,"host":"wec.internal.cloudapp.net","Message":"Registry object added or deleted:\r\nRuleName: -\r\nEventType: CreateKey\r\nUtcTime: 2020-08-05 06:10:09.539\r\nProcessGuid: {7d3be4b5-0de9-5f2a-0c00-000000000400}\r\nProcessId: 748\r\nImage: C:\\windows\\system32\\lsass.exe\r\nTargetObject: HKLM\\System\\CurrentControlSet\\Services\\W32Time\\SecureTimeLimits\\RunTime","SourceModuleName":"eventlog","ProcessGuid":"{7d3be4b5-0de9-5f2a-0c00-000000000400}","SourceName":"Microsoft-Windows-Sysmon","SeverityValue":2,"tags":["mordorDataset"],"Channel":"Microsoft-Windows-Sysmon/Operational","ProviderGuid":"{5770385F-C22A-43E0-BF4C-06F5698FFBD9}","RuleName":"-","EventID":12,"RecordNumber":304322,"TargetObject":"HKLM\\System\\CurrentControlSet\\Services\\W32Time\\SecureTimeLimits\\RunTime","Hostname":"WORKSTATION6.theshire.local","ProcessId":"748","SourceModuleType":"im_msvistalog","Domain":"NT AUTHORITY","port":53997,"EventTime":"2020-08-05 02:10:09","Severity":"INFO","ExecutionProcessID":3240,"AccountName":"SYSTEM","OpcodeValue":0,"@timestamp":"2020-08-05T06:10:09.904Z","Task":12,"EventType":"CreateKey","EventReceivedTime":"2020-08-05 02:10:09","Image":"C:\\windows\\system32\\lsass.exe","AccountType":"User"}
{"UtcTime":"2020-08-05 06:10:09.196","@version":"1","Keywords":-9223372036854775808,"EventTypeOrignal":"INFO","ThreadID":4452,"UserID":"S-1-5-18","Version":2,"host":"wec.internal.cloudapp.net","Message":"Registry object added or deleted:\r\nRuleName: -\r\nEventType: CreateKey\r\nUtcTime: 2020-08-05 06:10:09.196\r\nProcessGuid: {8715b604-0df2-5f2a-4900-000000000400}\r\nProcessId: 3356\r\nImage: C:\\windows\\System32\\svchost.exe\r\nTargetObject: HKLM\\SOFTWARE\\Microsoft\\Windows","SourceModuleName":"eventlog","ProcessGuid":"{8715b604-0df2-5f2a-4900-000000000400}","SourceName":"Microsoft-Windows-Sysmon","SeverityValue":2,"tags":["mordorDataset"],"Channel":"Microsoft-Windows-Sysmon/Operational","ProviderGuid":"{5770385F-C22A-43E0-BF4C-06F5698FFBD9}","RuleName":"-","EventID":12,"RecordNumber":480043,"TargetObject":"HKLM\\SOFTWARE\\Microsoft\\Windows","Hostname":"WORKSTATION5.theshire.local","ProcessId":"3356","SourceModuleType":"im_msvistalog","Domain":"NT AUTHORITY","port":53997,"EventTime":"2020-08-05 02:10:09","Severity":"INFO","ExecutionProcessID":3484,"AccountName":"SYSTEM","OpcodeValue":0,"@timestamp":"2020-08-05T06:10:09.904Z","Task":12,"EventType":"CreateKey","EventReceivedTime":"2020-08-05 02:10:09","Image":"C:\\windows\\System32\\svchost.exe","AccountType":"User"}
{"UtcTime":"2020-08-05 06:10:09.539","@version":"1","Keywords":-9223372036854775808,"EventTypeOrignal":"INFO","ThreadID":4456,"UserID":"S-1-5-18","Version":2,"Details":"QWORD (0x00000000-0x00f79345)","host":"wec.internal.cloudapp.net","Message":"Registry value set:\r\nRuleName: -\r\nEventType: SetValue\r\nUtcTime: 2020-08-05 06:10:09.539\r\nProcessGuid: {7d3be4b5-0de9-5f2a-0c00-000000000400}\r\nProcessId: 748\r\nImage: C:\\windows\\system32\\lsass.exe\r\nTargetObject: HKLM\\System\\CurrentControlSet\\Services\\W32Time\\SecureTimeLimits\\RunTime\\SecureTimeTickCount\r\nDetails: QWORD (0x00000000-0x00f79345)","SourceModuleName":"eventlog","ProcessGuid":"{7d3be4b5-0de9-5f2a-0c00-000000000400}","SourceName":"Microsoft-Windows-Sysmon","SeverityValue":2,"tags":["mordorDataset"],"Channel":"Microsoft-Windows-Sysmon/Operational","ProviderGuid":"{5770385F-C22A-43E0-BF4C-06F5698FFBD9}","RuleName":"-","EventID":13,"RecordNumber":304323,"TargetObject":"HKLM\\System\\CurrentControlSet\\Services\\W32Time\\SecureTimeLimits\\RunTime\\SecureTimeTickCount","Hostname":"WORKSTATION6.theshire.local","ProcessId":"748","SourceModuleType":"im_msvistalog","Domain":"NT AUTHORITY","port":53997,"EventTime":"2020-08-05 02:10:09","Severity":"INFO","ExecutionProcessID":3240,"AccountName":"SYSTEM","OpcodeValue":0,"@timestamp":"2020-08-05T06:10:09.905Z","Task":13,"EventType":"SetValue","EventReceivedTime":"2020-08-05 02:10:09","Image":"C:\\windows\\system32\\lsass.exe","AccountType":"User"}
{"UtcTime":"2020-08-05 06:10:09.196","@version":"1","Keywords":-9223372036854775808,"EventTypeOrignal":"INFO","ThreadID":4452,"UserID":"S-1-5-18","Version":2,"host":"wec.internal.cloudapp.net","Message":"Registry object added or deleted:\r\nRuleName: -\r\nEventType: CreateKey\r\nUtcTime: 2020-08-05 06:10:09.196\r\nProcessGuid: {8715b604-0df2-5f2a-4900-000000000400}\r\nProcessId: 3356\r\nImage: C:\\windows\\System32\\svchost.exe\r\nTargetObject: HKLM\\SOFTWARE\\Microsoft\\Windows\\CurrentVersion","SourceModuleName":"eventlog","ProcessGuid":"{8715b604-0df2-5f2a-4900-000000000400}","SourceName":"Microsoft-Windows-Sysmon","SeverityValue":2,"tags":["mordorDataset"],"Channel":"Microsoft-Windows-Sysmon/Operational","ProviderGuid":"{5770385F-C22A-43E0-BF4C-06F5698FFBD9}","RuleName":"-","EventID":12,"RecordNumber":480044,"TargetObject":"HKLM\\SOFTWARE\\Microsoft\\Windows\\CurrentVersion","Hostname":"WORKSTATION5.theshire.local","ProcessId":"3356","SourceModuleType":"im_msvistalog","Domain":"NT AUTHORITY","port":53997,"EventTime":"2020-08-05 02:10:09","Severity":"INFO","ExecutionProcessID":3484,"AccountName":"SYSTEM","OpcodeValue":0,"@timestamp":"2020-08-05T06:10:09.905Z","Task":12,"EventType":"CreateKey","EventReceivedTime":"2020-08-05 02:10:09","Image":"C:\\windows\\System32\\svchost.exe","AccountType":"User"}
{"UtcTime":"2020-08-05 06:10:09.539","@version":"1","Keywords":-9223372036854775808,"EventTypeOrignal":"INFO","ThreadID":4456,"UserID":"S-1-5-18","Version":2,"Details":"DWORD (0x00000006)","host":"wec.internal.cloudapp.net","Message":"Registry value set:\r\nRuleName: -\r\nEventType: SetValue\r\nUtcTime: 2020-08-05 06:10:09.539\r\nProcessGuid: {7d3be4b5-0de9-5f2a-0c00-000000000400}\r\nProcessId: 748\r\nImage: C:\\windows\\system32\\lsass.exe\r\nTargetObject: HKLM\\System\\CurrentControlSet\\Services\\W32Time\\SecureTimeLimits\\RunTime\\SecureTimeConfidence\r\nDetails: DWORD (0x00000006)","SourceModuleName":"eventlog","ProcessGuid":"{7d3be4b5-0de9-5f2a-0c00-000000000400}","SourceName":"Microsoft-Windows-Sysmon","SeverityValue":2,"tags":["mordorDataset"],"Channel":"Microsoft-Windows-Sysmon/Operational","ProviderGuid":"{5770385F-C22A-43E0-BF4C-06F5698FFBD9}","RuleName":"-","EventID":13,"RecordNumber":304324,"TargetObject":"HKLM\\System\\CurrentControlSet\\Services\\W32Time\\SecureTimeLimits\\RunTime\\SecureTimeConfidence","Hostname":"WORKSTATION6.theshire.local","ProcessId":"748","SourceModuleType":"im_msvistalog","Domain":"NT AUTHORITY","port":53997,"EventTime":"2020-08-05 02:10:09","Severity":"INFO","ExecutionProcessID":3240,"AccountName":"SYSTEM","OpcodeValue":0,"@timestamp":"2020-08-05T06:10:09.905Z","Task":13,"EventType":"SetValue","EventReceivedTime":"2020-08-05 02:10:09","Image":"C:\\windows\\system32\\lsass.exe","AccountType":"User"}
{"UtcTime":"2020-08-05 06:10:09.196","@version":"1","Keywords":-9223372036854775808,"EventTypeOrignal":"INFO","ThreadID":4452,"UserID":"S-1-5-18","Version":2,"host":"wec.internal.cloudapp.net","Message":"Registry object added or deleted:\r\nRuleName: -\r\nEventType: CreateKey\r\nUtcTime: 2020-08-05 06:10:09.196\r\nProcessGuid: {8715b604-0df2-5f2a-4900-000000000400}\r\nProcessId: 3356\r\nImage: C:\\windows\\System32\\svchost.exe\r\nTargetObject: HKLM\\SOFTWARE\\Microsoft\\Windows\\CurrentVersion\\Diagnostics","SourceModuleName":"eventlog","ProcessGuid":"{8715b604-0df2-5f2a-4900-000000000400}","SourceName":"Microsoft-Windows-Sysmon","SeverityValue":2,"tags":["mordorDataset"],"Channel":"Microsoft-Windows-Sysmon/Operational","ProviderGuid":"{5770385F-C22A-43E0-BF4C-06F5698FFBD9}","RuleName":"-","EventID":12,"RecordNumber":480045,"TargetObject":"HKLM\\SOFTWARE\\Microsoft\\Windows\\CurrentVersion\\Diagnostics","Hostname":"WORKSTATION5.theshire.local","ProcessId":"3356","SourceModuleType":"im_msvistalog","Domain":"NT AUTHORITY","port":53997,"EventTime":"2020-08-05 02:10:09","Severity":"INFO","ExecutionProcessID":3484,"AccountName":"SYSTEM","OpcodeValue":0,"@timestamp":"2020-08-05T06:10:09.905Z","Task":12,"EventType":"CreateKey","EventReceivedTime":"2020-08-05 02:10:09","Image":"C:\\windows\\System32\\svchost.exe","AccountType":"User"}
{"UtcTime":"2020-08-05 06:10:09.539","@version":"1","Keywords":-9223372036854775808,"EventTypeOrignal":"INFO","ThreadID":4456,"UserID":"S-1-5-18","Version":2,"Details":"QWORD (0x01d66af7-0x73ce0d5a)","host":"wec.internal.cloudapp.net","Message":"Registry value set:\r\nRuleName: -\r\nEventType: SetValue\r\nUtcTime: 2020-08-05 06:10:09.539\r\nProcessGuid: {7d3be4b5-0de9-5f2a-0c00-000000000400}\r\nProcessId: 748\r\nImage: C:\\windows\\system32\\lsass.exe\r\nTargetObject: HKLM\\System\\CurrentControlSet\\Services\\W32Time\\SecureTimeLimits\\SecureTimeHigh\r\nDetails: QWORD (0x01d66af7-0x73ce0d5a)","SourceModuleName":"eventlog","ProcessGuid":"{7d3be4b5-0de9-5f2a-0c00-000000000400}","SourceName":"Microsoft-Windows-Sysmon","SeverityValue":2,"tags":["mordorDataset"],"Channel":"Microsoft-Windows-Sysmon/Operational","ProviderGuid":"{5770385F-C22A-43E0-BF4C-06F5698FFBD9}","RuleName":"-","EventID":13,"RecordNumber":304325,"TargetObject":"HKLM\\System\\CurrentControlSet\\Services\\W32Time\\SecureTimeLimits\\SecureTimeHigh","Hostname":"WORKSTATION6.theshire.local","ProcessId":"748","SourceModuleType":"im_msvistalog","Domain":"NT AUTHORITY","port":53997,"EventTime":"2020-08-05 02:10:09","Severity":"INFO","ExecutionProcessID":3240,"AccountName":"SYSTEM","OpcodeValue":0,"@timestamp":"2020-08-05T06:10:09.905Z","Task":13,"EventType":"SetValue","EventReceivedTime":"2020-08-05 02:10:09","Image":"C:\\windows\\system32\\lsass.exe","AccountType":"User"}
{"UtcTime":"2020-08-05 06:10:09.196","@version":"1","Keywords":-9223372036854775808,"EventTypeOrignal":"INFO","ThreadID":4452,"UserID":"S-1-5-18","Version":2,"host":"wec.internal.cloudapp.net","Message":"Registry object added or deleted:\r\nRuleName: -\r\nEventType: CreateKey\r\nUtcTime: 2020-08-05 06:10:09.196\r\nProcessGuid: {8715b604-0df2-5f2a-4900-000000000400}\r\nProcessId: 3356\r\nImage: C:\\windows\\System32\\svchost.exe\r\nTargetObject: HKLM\\SOFTWARE\\Microsoft\\Windows\\CurrentVersion\\Diagnostics\\DiagTrack","SourceModuleName":"eventlog","ProcessGuid":"{8715b604-0df2-5f2a-4900-000000000400}","SourceName":"Microsoft-Windows-Sysmon","SeverityValue":2,"tags":["mordorDataset"],"Channel":"Microsoft-Windows-Sysmon/Operational","ProviderGuid":"{5770385F-C22A-43E0-BF4C-06F5698FFBD9}","RuleName":"-","EventID":12,"RecordNumber":480046,"TargetObject":"HKLM\\SOFTWARE\\Microsoft\\Windows\\CurrentVersion\\Diagnostics\\DiagTrack","Hostname":"WORKSTATION5.theshire.local","ProcessId":"3356","SourceModuleType":"im_msvistalog","Domain":"NT AUTHORITY","port":53997,"EventTime":"2020-08-05 02:10:09","Severity":"INFO","ExecutionProcessID":3484,"AccountName":"SYSTEM","OpcodeValue":0,"@timestamp":"2020-08-05T06:10:09.906Z","Task":12,"EventType":"CreateKey","EventReceivedTime":"2020-08-05 02:10:09","Image":"C:\\windows\\System32\\svchost.exe","AccountType":"User"}
{"UtcTime":"2020-08-05 06:10:09.539","@version":"1","Keywords":-9223372036854775808,"EventTypeOrignal":"INFO","ThreadID":4456,"UserID":"S-1-5-18","Version":2,"Details":"QWORD (0x01d66aef-0x1209a55a)","host":"wec.internal.cloudapp.net","Message":"Registry value set:\r\nRuleName: -\r\nEventType: SetValue\r\nUtcTime: 2020-08-05 06:10:09.539\r\nProcessGuid: {7d3be4b5-0de9-5f2a-0c00-000000000400}\r\nProcessId: 748\r\nImage: C:\\windows\\system32\\lsass.exe\r\nTargetObject: HKLM\\System\\CurrentControlSet\\Services\\W32Time\\SecureTimeLimits\\SecureTimeEstimated\r\nDetails: QWORD (0x01d66aef-0x1209a55a)","SourceModuleName":"eventlog","ProcessGuid":"{7d3be4b5-0de9-5f2a-0c00-000000000400}","SourceName":"Microsoft-Windows-Sysmon","SeverityValue":2,"tags":["mordorDataset"],"Channel":"Microsoft-Windows-Sysmon/Operational","ProviderGuid":"{5770385F-C22A-43E0-BF4C-06F5698FFBD9}","RuleName":"-","EventID":13,"RecordNumber":304326,"TargetObject":"HKLM\\System\\CurrentControlSet\\Services\\W32Time\\SecureTimeLimits\\SecureTimeEstimated","Hostname":"WORKSTATION6.theshire.local","ProcessId":"748","SourceModuleType":"im_msvistalog","Domain":"NT AUTHORITY","port":53997,"EventTime":"2020-08-05 02:10:09","Severity":"INFO","ExecutionProcessID":3240,"AccountName":"SYSTEM","OpcodeValue":0,"@timestamp":"2020-08-05T06:10:09.906Z","Task":13,"EventType":"SetValue","EventReceivedTime":"2020-08-05 02:10:09","Image":"C:\\windows\\system32\\lsass.exe","AccountType":"User"}
{"UtcTime":"2020-08-05 06:10:09.196","@version":"1","Keywords":-9223372036854775808,"EventTypeOrignal":"INFO","ThreadID":4452,"UserID":"S-1-5-18","Version":2,"host":"wec.internal.cloudapp.net","Message":"Registry object added or deleted:\r\nRuleName: -\r\nEventType: CreateKey\r\nUtcTime: 2020-08-05 06:10:09.196\r\nProcessGuid: {8715b604-0df2-5f2a-4900-000000000400}\r\nProcessId: 3356\r\nImage: C:\\windows\\System32\\svchost.exe\r\nTargetObject: HKLM\\SOFTWARE\\Microsoft\\Windows\\CurrentVersion\\Diagnostics\\DiagTrack\\HeartBeats","SourceModuleName":"eventlog","ProcessGuid":"{8715b604-0df2-5f2a-4900-000000000400}","SourceName":"Microsoft-Windows-Sysmon","SeverityValue":2,"tags":["mordorDataset"],"Channel":"Microsoft-Windows-Sysmon/Operational","ProviderGuid":"{5770385F-C22A-43E0-BF4C-06F5698FFBD9}","RuleName":"-","EventID":12,"RecordNumber":480047,"TargetObject":"HKLM\\SOFTWARE\\Microsoft\\Windows\\CurrentVersion\\Diagnostics\\DiagTrack\\HeartBeats","Hostname":"WORKSTATION5.theshire.local","ProcessId":"3356","SourceModuleType":"im_msvistalog","Domain":"NT AUTHORITY","port":53997,"EventTime":"2020-08-05 02:10:09","Severity":"INFO","ExecutionProcessID":3484,"AccountName":"SYSTEM","OpcodeValue":0,"@timestamp":"2020-08-05T06:10:09.906Z","Task":12,"EventType":"CreateKey","EventReceivedTime":"2020-08-05 02:10:09","Image":"C:\\windows\\System32\\svchost.exe","AccountType":"User"}
{"UtcTime":"2020-08-05 06:10:09.539","@version":"1","Keywords":-9223372036854775808,"EventTypeOrignal":"INFO","ThreadID":4456,"UserID":"S-1-5-18","Version":2,"Details":"QWORD (0x01d66ae6-0xb0453d5a)","host":"wec.internal.cloudapp.net","Message":"Registry value set:\r\nRuleName: -\r\nEventType: SetValue\r\nUtcTime: 2020-08-05 06:10:09.539\r\nProcessGuid: {7d3be4b5-0de9-5f2a-0c00-000000000400}\r\nProcessId: 748\r\nImage: C:\\windows\\system32\\lsass.exe\r\nTargetObject: HKLM\\System\\CurrentControlSet\\Services\\W32Time\\SecureTimeLimits\\SecureTimeLow\r\nDetails: QWORD (0x01d66ae6-0xb0453d5a)","SourceModuleName":"eventlog","ProcessGuid":"{7d3be4b5-0de9-5f2a-0c00-000000000400}","SourceName":"Microsoft-Windows-Sysmon","SeverityValue":2,"tags":["mordorDataset"],"Channel":"Microsoft-Windows-Sysmon/Operational","ProviderGuid":"{5770385F-C22A-43E0-BF4C-06F5698FFBD9}","RuleName":"-","EventID":13,"RecordNumber":304327,"TargetObject":"HKLM\\System\\CurrentControlSet\\Services\\W32Time\\SecureTimeLimits\\SecureTimeLow","Hostname":"WORKSTATION6.theshire.local","ProcessId":"748","SourceModuleType":"im_msvistalog","Domain":"NT AUTHORITY","port":53997,"EventTime":"2020-08-05 02:10:09","Severity":"INFO","ExecutionProcessID":3240,"AccountName":"SYSTEM","OpcodeValue":0,"@timestamp":"2020-08-05T06:10:09.906Z","Task":13,"EventType":"SetValue","EventReceivedTime":"2020-08-05 02:10:09","Image":"C:\\windows\\system32\\lsass.exe","AccountType":"User"}
{"UtcTime":"2020-08-05 06:10:09.196","@version":"1","Keywords":-9223372036854775808,"EventTypeOrignal":"INFO","ThreadID":4452,"UserID":"S-1-5-18","Version":2,"host":"wec.internal.cloudapp.net","Message":"Registry object added or deleted:\r\nRuleName: -\r\nEventType: CreateKey\r\nUtcTime: 2020-08-05 06:10:09.196\r\nProcessGuid: {8715b604-0df2-5f2a-4900-000000000400}\r\nProcessId: 3356\r\nImage: C:\\windows\\System32\\svchost.exe\r\nTargetObject: HKLM\\SOFTWARE\\Microsoft\\Windows\\CurrentVersion\\Diagnostics\\DiagTrack\\HeartBeats\\EndpointErrors","SourceModuleName":"eventlog","ProcessGuid":"{8715b604-0df2-5f2a-4900-000000000400}","SourceName":"Microsoft-Windows-Sysmon","SeverityValue":2,"tags":["mordorDataset"],"Channel":"Microsoft-Windows-Sysmon/Operational","ProviderGuid":"{5770385F-C22A-43E0-BF4C-06F5698FFBD9}","RuleName":"-","EventID":12,"RecordNumber":480048,"TargetObject":"HKLM\\SOFTWARE\\Microsoft\\Windows\\CurrentVersion\\Diagnostics\\DiagTrack\\HeartBeats\\EndpointErrors","Hostname":"WORKSTATION5.theshire.local","ProcessId":"3356","SourceModuleType":"im_msvistalog","Domain":"NT AUTHORITY","port":53997,"EventTime":"2020-08-05 02:10:09","Severity":"INFO","ExecutionProcessID":3484,"AccountName":"SYSTEM","OpcodeValue":0,"@timestamp":"2020-08-05T06:10:09.906Z","Task":12,"EventType":"CreateKey","EventReceivedTime":"2020-08-05 02:10:09","Image":"C:\\windows\\System32\\svchost.exe","AccountType":"User"}
{"UtcTime":"2020-08-05 06:10:09.539","@version":"1","Keywords":-9223372036854775808,"EventTypeOrignal":"INFO","ThreadID":4456,"UserID":"S-1-5-18","Version":2,"host":"wec.internal.cloudapp.net","Message":"Registry object added or deleted:\r\nRuleName: -\r\nEventType: CreateKey\r\nUtcTime: 2020-08-05 06:10:09.539\r\nProcessGuid: {7d3be4b5-0de9-5f2a-0c00-000000000400}\r\nProcessId: 748\r\nImage: C:\\windows\\system32\\lsass.exe\r\nTargetObject: HKLM\\System\\CurrentControlSet\\Services\\W32Time\\SecureTimeLimits\\RunTime","SourceModuleName":"eventlog","ProcessGuid":"{7d3be4b5-0de9-5f2a-0c00-000000000400}","SourceName":"Microsoft-Windows-Sysmon","SeverityValue":2,"tags":["mordorDataset"],"Channel":"Microsoft-Windows-Sysmon/Operational","ProviderGuid":"{5770385F-C22A-43E0-BF4C-06F5698FFBD9}","RuleName":"-","EventID":12,"RecordNumber":304328,"TargetObject":"HKLM\\System\\CurrentControlSet\\Services\\W32Time\\SecureTimeLimits\\RunTime","Hostname":"WORKSTATION6.theshire.local","ProcessId":"748","SourceModuleType":"im_msvistalog","Domain":"NT AUTHORITY","port":53997,"EventTime":"2020-08-05 02:10:09","Severity":"INFO","ExecutionProcessID":3240,"AccountName":"SYSTEM","OpcodeValue":0,"@timestamp":"2020-08-05T06:10:09.907Z","Task":12,"EventType":"CreateKey","EventReceivedTime":"2020-08-05 02:10:09","Image":"C:\\windows\\system32\\lsass.exe","AccountType":"User"}
{"UtcTime":"2020-08-05 06:10:09.539","@version":"1","Keywords":-9223372036854775808,"EventTypeOrignal":"INFO","ThreadID":4456,"UserID":"S-1-5-18","Version":2,"Details":"QWORD (0x00000000-0x00f79345)","host":"wec.internal.cloudapp.net","Message":"Registry value set:\r\nRuleName: -\r\nEventType: SetValue\r\nUtcTime: 2020-08-05 06:10:09.539\r\nProcessGuid: {7d3be4b5-0de9-5f2a-0c00-000000000400}\r\nProcessId: 748\r\nImage: C:\\windows\\system32\\lsass.exe\r\nTargetObject: HKLM\\System\\CurrentControlSet\\Services\\W32Time\\SecureTimeLimits\\RunTime\\SecureTimeTickCount\r\nDetails: QWORD (0x00000000-0x00f79345)","SourceModuleName":"eventlog","ProcessGuid":"{7d3be4b5-0de9-5f2a-0c00-000000000400}","SourceName":"Microsoft-Windows-Sysmon","SeverityValue":2,"tags":["mordorDataset"],"Channel":"Microsoft-Windows-Sysmon/Operational","ProviderGuid":"{5770385F-C22A-43E0-BF4C-06F5698FFBD9}","RuleName":"-","EventID":13,"RecordNumber":304329,"TargetObject":"HKLM\\System\\CurrentControlSet\\Services\\W32Time\\SecureTimeLimits\\RunTime\\SecureTimeTickCount","Hostname":"WORKSTATION6.theshire.local","ProcessId":"748","SourceModuleType":"im_msvistalog","Domain":"NT AUTHORITY","port":53997,"EventTime":"2020-08-05 02:10:09","Severity":"INFO","ExecutionProcessID":3240,"AccountName":"SYSTEM","OpcodeValue":0,"@timestamp":"2020-08-05T06:10:09.907Z","Task":13,"EventType":"SetValue","EventReceivedTime":"2020-08-05 02:10:09","Image":"C:\\windows\\system32\\lsass.exe","AccountType":"User"}
{"UtcTime":"2020-08-05 06:10:09.196","@version":"1","Keywords":-9223372036854775808,"EventTypeOrignal":"INFO","ThreadID":4452,"UserID":"S-1-5-18","Version":2,"host":"wec.internal.cloudapp.net","Message":"Registry object added or deleted:\r\nRuleName: -\r\nEventType: CreateKey\r\nUtcTime: 2020-08-05 06:10:09.196\r\nProcessGuid: {8715b604-0df2-5f2a-4900-000000000400}\r\nProcessId: 3356\r\nImage: C:\\windows\\System32\\svchost.exe\r\nTargetObject: HKLM\\SOFTWARE\\Microsoft\\Windows\\CurrentVersion\\Diagnostics\\DiagTrack\\HeartBeats\\EndpointErrors\\0","SourceModuleName":"eventlog","ProcessGuid":"{8715b604-0df2-5f2a-4900-000000000400}","SourceName":"Microsoft-Windows-Sysmon","SeverityValue":2,"tags":["mordorDataset"],"Channel":"Microsoft-Windows-Sysmon/Operational","ProviderGuid":"{5770385F-C22A-43E0-BF4C-06F5698FFBD9}","RuleName":"-","EventID":12,"RecordNumber":480049,"TargetObject":"HKLM\\SOFTWARE\\Microsoft\\Windows\\CurrentVersion\\Diagnostics\\DiagTrack\\HeartBeats\\EndpointErrors\\0","Hostname":"WORKSTATION5.theshire.local","ProcessId":"3356","SourceModuleType":"im_msvistalog","Domain":"NT AUTHORITY","port":53997,"EventTime":"2020-08-05 02:10:09","Severity":"INFO","ExecutionProcessID":3484,"AccountName":"SYSTEM","OpcodeValue":0,"@timestamp":"2020-08-05T06:10:09.908Z","Task":12,"EventType":"CreateKey","EventReceivedTime":"2020-08-05 02:10:09","Image":"C:\\windows\\System32\\svchost.exe","AccountType":"User"}
{"UtcTime":"2020-08-05 06:10:09.539","@version":"1","Keywords":-9223372036854775808,"EventTypeOrignal":"INFO","ThreadID":4456,"UserID":"S-1-5-18","Version":2,"Details":"DWORD (0x00000006)","host":"wec.internal.cloudapp.net","Message":"Registry value set:\r\nRuleName: -\r\nEventType: SetValue\r\nUtcTime: 2020-08-05 06:10:09.539\r\nProcessGuid: {7d3be4b5-0de9-5f2a-0c00-000000000400}\r\nProcessId: 748\r\nImage: C:\\windows\\system32\\lsass.exe\r\nTargetObject: HKLM\\System\\CurrentControlSet\\Services\\W32Time\\SecureTimeLimits\\RunTime\\SecureTimeConfidence\r\nDetails: DWORD (0x00000006)","SourceModuleName":"eventlog","ProcessGuid":"{7d3be4b5-0de9-5f2a-0c00-000000000400}","SourceName":"Microsoft-Windows-Sysmon","SeverityValue":2,"tags":["mordorDataset"],"Channel":"Microsoft-Windows-Sysmon/Operational","ProviderGuid":"{5770385F-C22A-43E0-BF4C-06F5698FFBD9}","RuleName":"-","EventID":13,"RecordNumber":304330,"TargetObject":"HKLM\\System\\CurrentControlSet\\Services\\W32Time\\SecureTimeLimits\\RunTime\\SecureTimeConfidence","Hostname":"WORKSTATION6.theshire.local","ProcessId":"748","SourceModuleType":"im_msvistalog","Domain":"NT AUTHORITY","port":53997,"EventTime":"2020-08-05 02:10:09","Severity":"INFO","ExecutionProcessID":3240,"AccountName":"SYSTEM","OpcodeValue":0,"@timestamp":"2020-08-05T06:10:09.908Z","Task":13,"EventType":"SetValue","EventReceivedTime":"2020-08-05 02:10:09","Image":"C:\\windows\\system32\\lsass.exe","AccountType":"User"}
{"UtcTime":"2020-08-05 06:10:09.197","@version":"1","Keywords":-9223372036854775808,"EventTypeOrignal":"INFO","ThreadID":4452,"UserID":"S-1-5-18","Version":2,"Details":"(Empty)","host":"wec.internal.cloudapp.net","Message":"Registry value set:\r\nRuleName: -\r\nEventType: SetValue\r\nUtcTime: 2020-08-05 06:10:09.197\r\nProcessGuid: {8715b604-0df2-5f2a-4900-000000000400}\r\nProcessId: 3356\r\nImage: C:\\windows\\System32\\svchost.exe\r\nTargetObject: HKLM\\SOFTWARE\\Microsoft\\Windows\\CurrentVersion\\Diagnostics\\DiagTrack\\HeartBeats\\EndpointErrors\\0\\Name\r\nDetails: (Empty)","SourceModuleName":"eventlog","ProcessGuid":"{8715b604-0df2-5f2a-4900-000000000400}","SourceName":"Microsoft-Windows-Sysmon","SeverityValue":2,"tags":["mordorDataset"],"Channel":"Microsoft-Windows-Sysmon/Operational","ProviderGuid":"{5770385F-C22A-43E0-BF4C-06F5698FFBD9}","RuleName":"-","EventID":13,"RecordNumber":480050,"TargetObject":"HKLM\\SOFTWARE\\Microsoft\\Windows\\CurrentVersion\\Diagnostics\\DiagTrack\\HeartBeats\\EndpointErrors\\0\\Name","Hostname":"WORKSTATION5.theshire.local","ProcessId":"3356","SourceModuleType":"im_msvistalog","Domain":"NT AUTHORITY","port":53997,"EventTime":"2020-08-05 02:10:09","Severity":"INFO","ExecutionProcessID":3484,"AccountName":"SYSTEM","OpcodeValue":0,"@timestamp":"2020-08-05T06:10:09.908Z","Task":13,"EventType":"SetValue","EventReceivedTime":"2020-08-05 02:10:09","Image":"C:\\windows\\System32\\svchost.exe","AccountType":"User"}
{"UtcTime":"2020-08-05 06:10:09.197","@version":"1","Keywords":-9223372036854775808,"EventTypeOrignal":"INFO","ThreadID":4452,"UserID":"S-1-5-18","Version":2,"host":"wec.internal.cloudapp.net","Message":"Registry object added or deleted:\r\nRuleName: -\r\nEventType: CreateKey\r\nUtcTime: 2020-08-05 06:10:09.197\r\nProcessGuid: {8715b604-0df2-5f2a-4900-000000000400}\r\nProcessId: 3356\r\nImage: C:\\windows\\System32\\svchost.exe\r\nTargetObject: HKLM\\SOFTWARE\\Microsoft\\Windows\\CurrentVersion\\Diagnostics\\DiagTrack\\HeartBeats\\EndpointErrors\\0","SourceModuleName":"eventlog","ProcessGuid":"{8715b604-0df2-5f2a-4900-000000000400}","SourceName":"Microsoft-Windows-Sysmon","SeverityValue":2,"tags":["mordorDataset"],"Channel":"Microsoft-Windows-Sysmon/Operational","ProviderGuid":"{5770385F-C22A-43E0-BF4C-06F5698FFBD9}","RuleName":"-","EventID":12,"RecordNumber":480051,"TargetObject":"HKLM\\SOFTWARE\\Microsoft\\Windows\\CurrentVersion\\Diagnostics\\DiagTrack\\HeartBeats\\EndpointErrors\\0","Hostname":"WORKSTATION5.theshire.local","ProcessId":"3356","SourceModuleType":"im_msvistalog","Domain":"NT AUTHORITY","port":53997,"EventTime":"2020-08-05 02:10:09","Severity":"INFO","ExecutionProcessID":3484,"AccountName":"SYSTEM","OpcodeValue":0,"@timestamp":"2020-08-05T06:10:09.908Z","Task":12,"EventType":"CreateKey","EventReceivedTime":"2020-08-05 02:10:09","Image":"C:\\windows\\System32\\svchost.exe","AccountType":"User"}
{"UtcTime":"2020-08-05 06:10:09.197","@version":"1","Keywords":-9223372036854775808,"EventTypeOrignal":"INFO","ThreadID":4452,"UserID":"S-1-5-18","Version":2,"Details":"DWORD (0x00000000)","host":"wec.internal.cloudapp.net","Message":"Registry value set:\r\nRuleName: -\r\nEventType: SetValue\r\nUtcTime: 2020-08-05 06:10:09.197\r\nProcessGuid: {8715b604-0df2-5f2a-4900-000000000400}\r\nProcessId: 3356\r\nImage: C:\\windows\\System32\\svchost.exe\r\nTargetObject: HKLM\\SOFTWARE\\Microsoft\\Windows\\CurrentVersion\\Diagnostics\\DiagTrack\\HeartBeats\\EndpointErrors\\0\\Value\r\nDetails: DWORD (0x00000000)","SourceModuleName":"eventlog","ProcessGuid":"{8715b604-0df2-5f2a-4900-000000000400}","SourceName":"Microsoft-Windows-Sysmon","SeverityValue":2,"tags":["mordorDataset"],"Channel":"Microsoft-Windows-Sysmon/Operational","ProviderGuid":"{5770385F-C22A-43E0-BF4C-06F5698FFBD9}","RuleName":"-","EventID":13,"RecordNumber":480052,"TargetObject":"HKLM\\SOFTWARE\\Microsoft\\Windows\\CurrentVersion\\Diagnostics\\DiagTrack\\HeartBeats\\EndpointErrors\\0\\Value","Hostname":"WORKSTATION5.theshire.local","ProcessId":"3356","SourceModuleType":"im_msvistalog","Domain":"NT AUTHORITY","port":53997,"EventTime":"2020-08-05 02:10:09","Severity":"INFO","ExecutionProcessID":3484,"AccountName":"SYSTEM","OpcodeValue":0,"@timestamp":"2020-08-05T06:10:09.908Z","Task":13,"EventType":"SetValue","EventReceivedTime":"2020-08-05 02:10:09","Image":"C:\\windows\\System32\\svchost.exe","AccountType":"User"}
{"UtcTime":"2020-08-05 06:10:09.197","@version":"1","Keywords":-9223372036854775808,"EventTypeOrignal":"INFO","ThreadID":4452,"UserID":"S-1-5-18","Version":2,"host":"wec.internal.cloudapp.net","Message":"Registry object added or deleted:\r\nRuleName: -\r\nEventType: CreateKey\r\nUtcTime: 2020-08-05 06:10:09.197\r\nProcessGuid: {8715b604-0df2-5f2a-4900-000000000400}\r\nProcessId: 3356\r\nImage: C:\\windows\\System32\\svchost.exe\r\nTargetObject: HKLM\\SOFTWARE\\Microsoft\\Windows\\CurrentVersion\\Diagnostics\\DiagTrack\\HeartBeats\\EndpointErrors\\1","SourceModuleName":"eventlog","ProcessGuid":"{8715b604-0df2-5f2a-4900-000000000400}","SourceName":"Microsoft-Windows-Sysmon","SeverityValue":2,"tags":["mordorDataset"],"Channel":"Microsoft-Windows-Sysmon/Operational","ProviderGuid":"{5770385F-C22A-43E0-BF4C-06F5698FFBD9}","RuleName":"-","EventID":12,"RecordNumber":480053,"TargetObject":"HKLM\\SOFTWARE\\Microsoft\\Windows\\CurrentVersion\\Diagnostics\\DiagTrack\\HeartBeats\\EndpointErrors\\1","Hostname":"WORKSTATION5.theshire.local","ProcessId":"3356","SourceModuleType":"im_msvistalog","Domain":"NT AUTHORITY","port":53997,"EventTime":"2020-08-05 02:10:09","Severity":"INFO","ExecutionProcessID":3484,"AccountName":"SYSTEM","OpcodeValue":0,"@timestamp":"2020-08-05T06:10:09.908Z","Task":12,"EventType":"CreateKey","EventReceivedTime":"2020-08-05 02:10:09","Image":"C:\\windows\\System32\\svchost.exe","AccountType":"User"}
{"UtcTime":"2020-08-05 06:10:09.197","@version":"1","Keywords":-9223372036854775808,"EventTypeOrignal":"INFO","ThreadID":4452,"UserID":"S-1-5-18","Version":2,"Details":"(Empty)","host":"wec.internal.cloudapp.net","Message":"Registry value set:\r\nRuleName: -\r\nEventType: SetValue\r\nUtcTime: 2020-08-05 06:10:09.197\r\nProcessGuid: {8715b604-0df2-5f2a-4900-000000000400}\r\nProcessId: 3356\r\nImage: C:\\windows\\System32\\svchost.exe\r\nTargetObject: HKLM\\SOFTWARE\\Microsoft\\Windows\\CurrentVersion\\Diagnostics\\DiagTrack\\HeartBeats\\EndpointErrors\\1\\Name\r\nDetails: (Empty)","SourceModuleName":"eventlog","ProcessGuid":"{8715b604-0df2-5f2a-4900-000000000400}","SourceName":"Microsoft-Windows-Sysmon","SeverityValue":2,"tags":["mordorDataset"],"Channel":"Microsoft-Windows-Sysmon/Operational","ProviderGuid":"{5770385F-C22A-43E0-BF4C-06F5698FFBD9}","RuleName":"-","EventID":13,"RecordNumber":480054,"TargetObject":"HKLM\\SOFTWARE\\Microsoft\\Windows\\CurrentVersion\\Diagnostics\\DiagTrack\\HeartBeats\\EndpointErrors\\1\\Name","Hostname":"WORKSTATION5.theshire.local","ProcessId":"3356","SourceModuleType":"im_msvistalog","Domain":"NT AUTHORITY","port":53997,"EventTime":"2020-08-05 02:10:09","Severity":"INFO","ExecutionProcessID":3484,"AccountName":"SYSTEM","OpcodeValue":0,"@timestamp":"2020-08-05T06:10:09.909Z","Task":13,"EventType":"SetValue","EventReceivedTime":"2020-08-05 02:10:09","Image":"C:\\windows\\System32\\svchost.exe","AccountType":"User"}
{"UtcTime":"2020-08-05 06:10:09.197","@version":"1","Keywords":-9223372036854775808,"EventTypeOrignal":"INFO","ThreadID":4452,"UserID":"S-1-5-18","Version":2,"host":"wec.internal.cloudapp.net","Message":"Registry object added or deleted:\r\nRuleName: -\r\nEventType: CreateKey\r\nUtcTime: 2020-08-05 06:10:09.197\r\nProcessGuid: {8715b604-0df2-5f2a-4900-000000000400}\r\nProcessId: 3356\r\nImage: C:\\windows\\System32\\svchost.exe\r\nTargetObject: HKLM\\SOFTWARE\\Microsoft\\Windows\\CurrentVersion\\Diagnostics\\DiagTrack\\HeartBeats\\EndpointErrors\\1","SourceModuleName":"eventlog","ProcessGuid":"{8715b604-0df2-5f2a-4900-000000000400}","SourceName":"Microsoft-Windows-Sysmon","SeverityValue":2,"tags":["mordorDataset"],"Channel":"Microsoft-Windows-Sysmon/Operational","ProviderGuid":"{5770385F-C22A-43E0-BF4C-06F5698FFBD9}","RuleName":"-","EventID":12,"RecordNumber":480055,"TargetObject":"HKLM\\SOFTWARE\\Microsoft\\Windows\\CurrentVersion\\Diagnostics\\DiagTrack\\HeartBeats\\EndpointErrors\\1","Hostname":"WORKSTATION5.theshire.local","ProcessId":"3356","SourceModuleType":"im_msvistalog","Domain":"NT AUTHORITY","port":53997,"EventTime":"2020-08-05 02:10:09","Severity":"INFO","ExecutionProcessID":3484,"AccountName":"SYSTEM","OpcodeValue":0,"@timestamp":"2020-08-05T06:10:09.909Z","Task":12,"EventType":"CreateKey","EventReceivedTime":"2020-08-05 02:10:09","Image":"C:\\windows\\System32\\svchost.exe","AccountType":"User"}
{"UtcTime":"2020-08-05 06:10:09.197","@version":"1","Keywords":-9223372036854775808,"EventTypeOrignal":"INFO","ThreadID":4452,"UserID":"S-1-5-18","Version":2,"Details":"DWORD (0x00000000)","host":"wec.internal.cloudapp.net","Message":"Registry value set:\r\nRuleName: -\r\nEventType: SetValue\r\nUtcTime: 2020-08-05 06:10:09.197\r\nProcessGuid: {8715b604-0df2-5f2a-4900-000000000400}\r\nProcessId: 3356\r\nImage: C:\\windows\\System32\\svchost.exe\r\nTargetObject: HKLM\\SOFTWARE\\Microsoft\\Windows\\CurrentVersion\\Diagnostics\\DiagTrack\\HeartBeats\\EndpointErrors\\1\\Value\r\nDetails: DWORD (0x00000000)","SourceModuleName":"eventlog","ProcessGuid":"{8715b604-0df2-5f2a-4900-000000000400}","SourceName":"Microsoft-Windows-Sysmon","SeverityValue":2,"tags":["mordorDataset"],"Channel":"Microsoft-Windows-Sysmon/Operational","ProviderGuid":"{5770385F-C22A-43E0-BF4C-06F5698FFBD9}","RuleName":"-","EventID":13,"RecordNumber":480056,"TargetObject":"HKLM\\SOFTWARE\\Microsoft\\Windows\\CurrentVersion\\Diagnostics\\DiagTrack\\HeartBeats\\EndpointErrors\\1\\Value","Hostname":"WORKSTATION5.theshire.local","ProcessId":"3356","SourceModuleType":"im_msvistalog","Domain":"NT AUTHORITY","port":53997,"EventTime":"2020-08-05 02:10:09","Severity":"INFO","ExecutionProcessID":3484,"AccountName":"SYSTEM","OpcodeValue":0,"@timestamp":"2020-08-05T06:10:09.909Z","Task":13,"EventType":"SetValue","EventReceivedTime":"2020-08-05 02:10:09","Image":"C:\\windows\\System32\\svchost.exe","AccountType":"User"}
{"UtcTime":"2020-08-05 06:10:09.197","@version":"1","Keywords":-9223372036854775808,"EventTypeOrignal":"INFO","ThreadID":4452,"UserID":"S-1-5-18","Version":2,"host":"wec.internal.cloudapp.net","Message":"Registry object added or deleted:\r\nRuleName: -\r\nEventType: CreateKey\r\nUtcTime: 2020-08-05 06:10:09.197\r\nProcessGuid: {8715b604-0df2-5f2a-4900-000000000400}\r\nProcessId: 3356\r\nImage: C:\\windows\\System32\\svchost.exe\r\nTargetObject: HKLM\\SOFTWARE\\Microsoft\\Windows\\CurrentVersion\\Diagnostics\\DiagTrack\\HeartBeats\\EndpointErrors\\2","SourceModuleName":"eventlog","ProcessGuid":"{8715b604-0df2-5f2a-4900-000000000400}","SourceName":"Microsoft-Windows-Sysmon","SeverityValue":2,"tags":["mordorDataset"],"Channel":"Microsoft-Windows-Sysmon/Operational","ProviderGuid":"{5770385F-C22A-43E0-BF4C-06F5698FFBD9}","RuleName":"-","EventID":12,"RecordNumber":480057,"TargetObject":"HKLM\\SOFTWARE\\Microsoft\\Windows\\CurrentVersion\\Diagnostics\\DiagTrack\\HeartBeats\\EndpointErrors\\2","Hostname":"WORKSTATION5.theshire.local","ProcessId":"3356","SourceModuleType":"im_msvistalog","Domain":"NT AUTHORITY","port":53997,"EventTime":"2020-08-05 02:10:09","Severity":"INFO","ExecutionProcessID":3484,"AccountName":"SYSTEM","OpcodeValue":0,"@timestamp":"2020-08-05T06:10:09.909Z","Task":12,"EventType":"CreateKey","EventReceivedTime":"2020-08-05 02:10:09","Image":"C:\\windows\\System32\\svchost.exe","AccountType":"User"}
{"UtcTime":"2020-08-05 06:10:09.197","@version":"1","Keywords":-9223372036854775808,"EventTypeOrignal":"INFO","ThreadID":4452,"UserID":"S-1-5-18","Version":2,"Details":"(Empty)","host":"wec.internal.cloudapp.net","Message":"Registry value set:\r\nRuleName: -\r\nEventType: SetValue\r\nUtcTime: 2020-08-05 06:10:09.197\r\nProcessGuid: {8715b604-0df2-5f2a-4900-000000000400}\r\nProcessId: 3356\r\nImage: C:\\windows\\System32\\svchost.exe\r\nTargetObject: HKLM\\SOFTWARE\\Microsoft\\Windows\\CurrentVersion\\Diagnostics\\DiagTrack\\HeartBeats\\EndpointErrors\\2\\Name\r\nDetails: (Empty)","SourceModuleName":"eventlog","ProcessGuid":"{8715b604-0df2-5f2a-4900-000000000400}","SourceName":"Microsoft-Windows-Sysmon","SeverityValue":2,"tags":["mordorDataset"],"Channel":"Microsoft-Windows-Sysmon/Operational","ProviderGuid":"{5770385F-C22A-43E0-BF4C-06F5698FFBD9}","RuleName":"-","EventID":13,"RecordNumber":480058,"TargetObject":"HKLM\\SOFTWARE\\Microsoft\\Windows\\CurrentVersion\\Diagnostics\\DiagTrack\\HeartBeats\\EndpointErrors\\2\\Name","Hostname":"WORKSTATION5.theshire.local","ProcessId":"3356","SourceModuleType":"im_msvistalog","Domain":"NT AUTHORITY","port":53997,"EventTime":"2020-08-05 02:10:09","Severity":"INFO","ExecutionProcessID":3484,"AccountName":"SYSTEM","OpcodeValue":0,"@timestamp":"2020-08-05T06:10:09.909Z","Task":13,"EventType":"SetValue","EventReceivedTime":"2020-08-05 02:10:09","Image":"C:\\windows\\System32\\svchost.exe","AccountType":"User"}
{"UtcTime":"2020-08-05 06:10:09.197","@version":"1","Keywords":-9223372036854775808,"EventTypeOrignal":"INFO","ThreadID":4452,"UserID":"S-1-5-18","Version":2,"host":"wec.internal.cloudapp.net","Message":"Registry object added or deleted:\r\nRuleName: -\r\nEventType: CreateKey\r\nUtcTime: 2020-08-05 06:10:09.197\r\nProcessGuid: {8715b604-0df2-5f2a-4900-000000000400}\r\nProcessId: 3356\r\nImage: C:\\windows\\System32\\svchost.exe\r\nTargetObject: HKLM\\SOFTWARE\\Microsoft\\Windows\\CurrentVersion\\Diagnostics\\DiagTrack\\HeartBeats\\EndpointErrors\\2","SourceModuleName":"eventlog","ProcessGuid":"{8715b604-0df2-5f2a-4900-000000000400}","SourceName":"Microsoft-Windows-Sysmon","SeverityValue":2,"tags":["mordorDataset"],"Channel":"Microsoft-Windows-Sysmon/Operational","ProviderGuid":"{5770385F-C22A-43E0-BF4C-06F5698FFBD9}","RuleName":"-","EventID":12,"RecordNumber":480059,"TargetObject":"HKLM\\SOFTWARE\\Microsoft\\Windows\\CurrentVersion\\Diagnostics\\DiagTrack\\HeartBeats\\EndpointErrors\\2","Hostname":"WORKSTATION5.theshire.local","ProcessId":"3356","SourceModuleType":"im_msvistalog","Domain":"NT AUTHORITY","port":53997,"EventTime":"2020-08-05 02:10:09","Severity":"INFO","ExecutionProcessID":3484,"AccountName":"SYSTEM","OpcodeValue":0,"@timestamp":"2020-08-05T06:10:09.910Z","Task":12,"EventType":"CreateKey","EventReceivedTime":"2020-08-05 02:10:09","Image":"C:\\windows\\System32\\svchost.exe","AccountType":"User"}
{"UtcTime":"2020-08-05 06:10:09.197","@version":"1","Keywords":-9223372036854775808,"EventTypeOrignal":"INFO","ThreadID":4452,"UserID":"S-1-5-18","Version":2,"Details":"DWORD (0x00000000)","host":"wec.internal.cloudapp.net","Message":"Registry value set:\r\nRuleName: -\r\nEventType: SetValue\r\nUtcTime: 2020-08-05 06:10:09.197\r\nProcessGuid: {8715b604-0df2-5f2a-4900-000000000400}\r\nProcessId: 3356\r\nImage: C:\\windows\\System32\\svchost.exe\r\nTargetObject: HKLM\\SOFTWARE\\Microsoft\\Windows\\CurrentVersion\\Diagnostics\\DiagTrack\\HeartBeats\\EndpointErrors\\2\\Value\r\nDetails: DWORD (0x00000000)","SourceModuleName":"eventlog","ProcessGuid":"{8715b604-0df2-5f2a-4900-000000000400}","SourceName":"Microsoft-Windows-Sysmon","SeverityValue":2,"tags":["mordorDataset"],"Channel":"Microsoft-Windows-Sysmon/Operational","ProviderGuid":"{5770385F-C22A-43E0-BF4C-06F5698FFBD9}","RuleName":"-","EventID":13,"RecordNumber":480060,"TargetObject":"HKLM\\SOFTWARE\\Microsoft\\Windows\\CurrentVersion\\Diagnostics\\DiagTrack\\HeartBeats\\EndpointErrors\\2\\Value","Hostname":"WORKSTATION5.theshire.local","ProcessId":"3356","SourceModuleType":"im_msvistalog","Domain":"NT AUTHORITY","port":53997,"EventTime":"2020-08-05 02:10:09","Severity":"INFO","ExecutionProcessID":3484,"AccountName":"SYSTEM","OpcodeValue":0,"@timestamp":"2020-08-05T06:10:09.910Z","Task":13,"EventType":"SetValue","EventReceivedTime":"2020-08-05 02:10:09","Image":"C:\\windows\\System32\\svchost.exe","AccountType":"User"}
{"UtcTime":"2020-08-05 06:10:09.197","@version":"1","Keywords":-9223372036854775808,"EventTypeOrignal":"INFO","ThreadID":4452,"UserID":"S-1-5-18","Version":2,"host":"wec.internal.cloudapp.net","Message":"Registry object added or deleted:\r\nRuleName: -\r\nEventType: CreateKey\r\nUtcTime: 2020-08-05 06:10:09.197\r\nProcessGuid: {8715b604-0df2-5f2a-4900-000000000400}\r\nProcessId: 3356\r\nImage: C:\\windows\\System32\\svchost.exe\r\nTargetObject: HKLM\\SOFTWARE\\Microsoft\\Windows\\CurrentVersion\\Diagnostics\\DiagTrack\\HeartBeats\\EndpointErrors\\3","SourceModuleName":"eventlog","ProcessGuid":"{8715b604-0df2-5f2a-4900-000000000400}","SourceName":"Microsoft-Windows-Sysmon","SeverityValue":2,"tags":["mordorDataset"],"Channel":"Microsoft-Windows-Sysmon/Operational","ProviderGuid":"{5770385F-C22A-43E0-BF4C-06F5698FFBD9}","RuleName":"-","EventID":12,"RecordNumber":480061,"TargetObject":"HKLM\\SOFTWARE\\Microsoft\\Windows\\CurrentVersion\\Diagnostics\\DiagTrack\\HeartBeats\\EndpointErrors\\3","Hostname":"WORKSTATION5.theshire.local","ProcessId":"3356","SourceModuleType":"im_msvistalog","Domain":"NT AUTHORITY","port":53997,"EventTime":"2020-08-05 02:10:09","Severity":"INFO","ExecutionProcessID":3484,"AccountName":"SYSTEM","OpcodeValue":0,"@timestamp":"2020-08-05T06:10:09.911Z","Task":12,"EventType":"CreateKey","EventReceivedTime":"2020-08-05 02:10:09","Image":"C:\\windows\\System32\\svchost.exe","AccountType":"User"}
{"UtcTime":"2020-08-05 06:10:09.197","@version":"1","Keywords":-9223372036854775808,"EventTypeOrignal":"INFO","ThreadID":4452,"UserID":"S-1-5-18","Version":2,"Details":"(Empty)","host":"wec.internal.cloudapp.net","Message":"Registry value set:\r\nRuleName: -\r\nEventType: SetValue\r\nUtcTime: 2020-08-05 06:10:09.197\r\nProcessGuid: {8715b604-0df2-5f2a-4900-000000000400}\r\nProcessId: 3356\r\nImage: C:\\windows\\System32\\svchost.exe\r\nTargetObject: HKLM\\SOFTWARE\\Microsoft\\Windows\\CurrentVersion\\Diagnostics\\DiagTrack\\HeartBeats\\EndpointErrors\\3\\Name\r\nDetails: (Empty)","SourceModuleName":"eventlog","ProcessGuid":"{8715b604-0df2-5f2a-4900-000000000400}","SourceName":"Microsoft-Windows-Sysmon","SeverityValue":2,"tags":["mordorDataset"],"Channel":"Microsoft-Windows-Sysmon/Operational","ProviderGuid":"{5770385F-C22A-43E0-BF4C-06F5698FFBD9}","RuleName":"-","EventID":13,"RecordNumber":480062,"TargetObject":"HKLM\\SOFTWARE\\Microsoft\\Windows\\CurrentVersion\\Diagnostics\\DiagTrack\\HeartBeats\\EndpointErrors\\3\\Name","Hostname":"WORKSTATION5.theshire.local","ProcessId":"3356","SourceModuleType":"im_msvistalog","Domain":"NT AUTHORITY","port":53997,"EventTime":"2020-08-05 02:10:09","Severity":"INFO","ExecutionProcessID":3484,"AccountName":"SYSTEM","OpcodeValue":0,"@timestamp":"2020-08-05T06:10:09.911Z","Task":13,"EventType":"SetValue","EventReceivedTime":"2020-08-05 02:10:09","Image":"C:\\windows\\System32\\svchost.exe","AccountType":"User"}
{"UtcTime":"2020-08-05 06:10:09.197","@version":"1","Keywords":-9223372036854775808,"EventTypeOrignal":"INFO","ThreadID":4452,"UserID":"S-1-5-18","Version":2,"host":"wec.internal.cloudapp.net","Message":"Registry object added or deleted:\r\nRuleName: -\r\nEventType: CreateKey\r\nUtcTime: 2020-08-05 06:10:09.197\r\nProcessGuid: {8715b604-0df2-5f2a-4900-000000000400}\r\nProcessId: 3356\r\nImage: C:\\windows\\System32\\svchost.exe\r\nTargetObject: HKLM\\SOFTWARE\\Microsoft\\Windows\\CurrentVersion\\Diagnostics\\DiagTrack\\HeartBeats\\EndpointErrors\\3","SourceModuleName":"eventlog","ProcessGuid":"{8715b604-0df2-5f2a-4900-000000000400}","SourceName":"Microsoft-Windows-Sysmon","SeverityValue":2,"tags":["mordorDataset"],"Channel":"Microsoft-Windows-Sysmon/Operational","ProviderGuid":"{5770385F-C22A-43E0-BF4C-06F5698FFBD9}","RuleName":"-","EventID":12,"RecordNumber":480063,"TargetObject":"HKLM\\SOFTWARE\\Microsoft\\Windows\\CurrentVersion\\Diagnostics\\DiagTrack\\HeartBeats\\EndpointErrors\\3","Hostname":"WORKSTATION5.theshire.local","ProcessId":"3356","SourceModuleType":"im_msvistalog","Domain":"NT AUTHORITY","port":53997,"EventTime":"2020-08-05 02:10:09","Severity":"INFO","ExecutionProcessID":3484,"AccountName":"SYSTEM","OpcodeValue":0,"@timestamp":"2020-08-05T06:10:09.911Z","Task":12,"EventType":"CreateKey","EventReceivedTime":"2020-08-05 02:10:09","Image":"C:\\windows\\System32\\svchost.exe","AccountType":"User"}
{"UtcTime":"2020-08-05 06:10:09.197","@version":"1","Keywords":-9223372036854775808,"EventTypeOrignal":"INFO","ThreadID":4452,"UserID":"S-1-5-18","Version":2,"Details":"DWORD (0x00000000)","host":"wec.internal.cloudapp.net","Message":"Registry value set:\r\nRuleName: -\r\nEventType: SetValue\r\nUtcTime: 2020-08-05 06:10:09.197\r\nProcessGuid: {8715b604-0df2-5f2a-4900-000000000400}\r\nProcessId: 3356\r\nImage: C:\\windows\\System32\\svchost.exe\r\nTargetObject: HKLM\\SOFTWARE\\Microsoft\\Windows\\CurrentVersion\\Diagnostics\\DiagTrack\\HeartBeats\\EndpointErrors\\3\\Value\r\nDetails: DWORD (0x00000000)","SourceModuleName":"eventlog","ProcessGuid":"{8715b604-0df2-5f2a-4900-000000000400}","SourceName":"Microsoft-Windows-Sysmon","SeverityValue":2,"tags":["mordorDataset"],"Channel":"Microsoft-Windows-Sysmon/Operational","ProviderGuid":"{5770385F-C22A-43E0-BF4C-06F5698FFBD9}","RuleName":"-","EventID":13,"RecordNumber":480064,"TargetObject":"HKLM\\SOFTWARE\\Microsoft\\Windows\\CurrentVersion\\Diagnostics\\DiagTrack\\HeartBeats\\EndpointErrors\\3\\Value","Hostname":"WORKSTATION5.theshire.local","ProcessId":"3356","SourceModuleType":"im_msvistalog","Domain":"NT AUTHORITY","port":53997,"EventTime":"2020-08-05 02:10:09","Severity":"INFO","ExecutionProcessID":3484,"AccountName":"SYSTEM","OpcodeValue":0,"@timestamp":"2020-08-05T06:10:09.912Z","Task":13,"EventType":"SetValue","EventReceivedTime":"2020-08-05 02:10:09","Image":"C:\\windows\\System32\\svchost.exe","AccountType":"User"}
