{"@version":"1","ThreadID":4452,"UserID":"S-1-5-18","Version":3,"Message":"Image loaded:\r\nRuleName: -\r\nUtcTime: 2020-08-05 07:48:29.140\r\nProcessGuid: {8715b604-644d-5f2a-9e05-000000000400}\r\nProcessId: 6960\r\nImage: C:\\Windows\\System32\\cmd.exe\r\nImageLoaded: C:\\Windows\\System32\\cmd.exe\r\nFileVersion: 10.0.18362.449 (WinBuild.160101.0800)\r\nDescription: Windows Command Processor\r\nProduct: Microsoft Windows Operating System\r\nCompany: Microsoft Corporation\r\nOriginalFileName: Cmd.Exe\r\nHashes: SHA1=8DCA9749CD48D286950E7A9FA1088C937CBCCAD4,MD5=D7AB69FAD18D4A643D84A271DFC0DBDF,SHA256=FF79D3C4A0B7EB191783C323AB8363EBD1FD10BE58D8BCC96B07067743CA81D5,IMPHASH=272245E2988E1E430500B852C4FB5E18\r\nSigned: true\r\nSignature: Microsoft Windows\r\nSignatureStatus: Valid","ProcessGuid":"{8715b604-644d-5f2a-9e05-000000000400}","SourceName":"Microsoft-Windows-Sysmon","Hashes":"SHA1=8DCA9749CD48D286950E7A9FA1088C937CBCCAD4,MD5=D7AB69FAD18D4A643D84A271DFC0DBDF,SHA256=FF79D3C4A0B7EB191783C323AB8363EBD1FD10BE58D8BCC96B07067743CA81D5,IMPHASH=272245E2988E1E430500B852C4FB5E18","Signature":"Microsoft Windows","tags":["mordorDataset"],"RuleName":"-","ProviderGuid":"{5770385F-C22A-43E0-BF4C-06F5698FFBD9}","EventID":7,"RecordNumber":539810,"Hostname":"WORKSTATION5.theshire.local","SourceModuleType":"im_msvistalog","Signed":"true","ExecutionProcessID":3484,"AccountName":"SYSTEM","OpcodeValue":0,"EventType":"INFO","FileVersion":"10.0.18362.449 (WinBuild.160101.0800)","Image":"C:\\Windows\\System32\\cmd.exe","AccountType":"User","UtcTime":"2020-08-05 07:48:29.140","Keywords":-9223372036854775808,"OriginalFileName":"Cmd.Exe","host":"wec.internal.cloudapp.net","SourceModuleName":"eventlog","SeverityValue":2,"SignatureStatus":"Valid","Channel":"Microsoft-Windows-Sysmon/Operational","Description":"Windows Command Processor","ProcessId":"6960","Domain":"NT AUTHORITY","port":53997,"Company":"Microsoft Corporation","EventTime":"2020-08-05 03:48:29","Severity":"INFO","Product":"Microsoft Windows Operating System","@timestamp":"2020-08-05T07:48:29.664Z","Task":7,"ImageLoaded":"C:\\Windows\\System32\\cmd.exe","EventReceivedTime":"2020-08-05 03:48:29"}
{"@version":"1","ThreadID":4452,"UserID":"S-1-5-18","Version":3,"Message":"Image loaded:\r\nRuleName: -\r\nUtcTime: 2020-08-05 07:48:29.140\r\nProcessGuid: {8715b604-458d-5f2a-3905-000000000400}\r\nProcessId: 2064\r\nImage: C:\\Users\\pgustavo\\Desktop\\GruntHTTP.exe\r\nImageLoaded: C:\\Windows\\System32\\clbcatq.dll\r\nFileVersion: 2001.12.10941.16384 (WinBuild.160101.0800)\r\nDescription: COM+ Configuration Catalog\r\nProduct: Microsoft Windows Operating System\r\nCompany: Microsoft Corporation\r\nOriginalFileName: CLBCATQ.DLL\r\nHashes: SHA1=7DE7C7E87CFA639E8C4DF269E38FB69A391D6790,MD5=4B179D7C6AA9424831847BA6BACDB260,SHA256=F0541B07D7B00C8D09BC72DF7E2D974F83482E42CD88B4E8260B832B7A71682E,IMPHASH=70F94828FF194145825265FE7BA88C95\r\nSigned: true\r\nSignature: Microsoft Windows\r\nSignatureStatus: Valid","ProcessGuid":"{8715b604-458d-5f2a-3905-000000000400}","SourceName":"Microsoft-Windows-Sysmon","Hashes":"SHA1=7DE7C7E87CFA639E8C4DF269E38FB69A391D6790,MD5=4B179D7C6AA9424831847BA6BACDB260,SHA256=F0541B07D7B00C8D09BC72DF7E2D974F83482E42CD88B4E8260B832B7A71682E,IMPHASH=70F94828FF194145825265FE7BA88C95","Signature":"Microsoft Windows","tags":["mordorDataset"],"RuleName":"-","ProviderGuid":"{5770385F-C22A-43E0-BF4C-06F5698FFBD9}","EventID":7,"RecordNumber":539811,"Hostname":"WORKSTATION5.theshire.local","SourceModuleType":"im_msvistalog","Signed":"true","ExecutionProcessID":3484,"AccountName":"SYSTEM","OpcodeValue":0,"EventType":"INFO","FileVersion":"2001.12.10941.16384 (WinBuild.160101.0800)","Image":"C:\\Users\\pgustavo\\Desktop\\GruntHTTP.exe","AccountType":"User","UtcTime":"2020-08-05 07:48:29.140","Keywords":-9223372036854775808,"OriginalFileName":"CLBCATQ.DLL","host":"wec.internal.cloudapp.net","SourceModuleName":"eventlog","SeverityValue":2,"SignatureStatus":"Valid","Channel":"Microsoft-Windows-Sysmon/Operational","Description":"COM+ Configuration Catalog","ProcessId":"2064","Domain":"NT AUTHORITY","port":53997,"Company":"Microsoft Corporation","EventTime":"2020-08-05 03:48:29","Severity":"INFO","Product":"Microsoft Windows Operating System","@timestamp":"2020-08-05T07:48:29.664Z","Task":7,"ImageLoaded":"C:\\Windows\\System32\\clbcatq.dll","EventReceivedTime":"2020-08-05 03:48:29"}
{"@version":"1","ThreadID":4452,"UserID":"S-1-5-18","Version":3,"Message":"Image loaded:\r\nRuleName: -\r\nUtcTime: 2020-08-05 07:48:29.140\r\nProcessGuid: {8715b604-644d-5f2a-9e05-000000000400}\r\nProcessId: 6960\r\nImage: C:\\Windows\\System32\\cmd.exe\r\nImageLoaded: C:\\Windows\\System32\\ntdll.dll\r\nFileVersion: 10.0.18362.815 (WinBuild.160101.0800)\r\nDescription: NT Layer DLL\r\nProduct: Microsoft Windows Operating System\r\nCompany: Microsoft Corporation\r\nOriginalFileName: ntdll.dll\r\nHashes: SHA1=DA6F07ACD354EBADE6A2BF11BD07636743E5D533,MD5=EFEB7F6C44B3EF7F5ADAAD87D52BBBF4,SHA256=BD6F1360F1C3BBD80117CF17E5FB0B5FE48141E1DEEA217D406CB4DB31B45EEB,IMPHASH=00000000000000000000000000000000\r\nSigned: true\r\nSignature: Microsoft Windows\r\nSignatureStatus: Valid","ProcessGuid":"{8715b604-644d-5f2a-9e05-000000000400}","SourceName":"Microsoft-Windows-Sysmon","Hashes":"SHA1=DA6F07ACD354EBADE6A2BF11BD07636743E5D533,MD5=EFEB7F6C44B3EF7F5ADAAD87D52BBBF4,SHA256=BD6F1360F1C3BBD80117CF17E5FB0B5FE48141E1DEEA217D406CB4DB31B45EEB,IMPHASH=00000000000000000000000000000000","Signature":"Microsoft Windows","tags":["mordorDataset"],"RuleName":"-","ProviderGuid":"{5770385F-C22A-43E0-BF4C-06F5698FFBD9}","EventID":7,"RecordNumber":539812,"Hostname":"WORKSTATION5.theshire.local","SourceModuleType":"im_msvistalog","Signed":"true","ExecutionProcessID":3484,"AccountName":"SYSTEM","OpcodeValue":0,"EventType":"INFO","FileVersion":"10.0.18362.815 (WinBuild.160101.0800)","Image":"C:\\Windows\\System32\\cmd.exe","AccountType":"User","UtcTime":"2020-08-05 07:48:29.140","Keywords":-9223372036854775808,"OriginalFileName":"ntdll.dll","host":"wec.internal.cloudapp.net","SourceModuleName":"eventlog","SeverityValue":2,"SignatureStatus":"Valid","Channel":"Microsoft-Windows-Sysmon/Operational","Description":"NT Layer DLL","ProcessId":"6960","Domain":"NT AUTHORITY","port":53997,"Company":"Microsoft Corporation","EventTime":"2020-08-05 03:48:29","Severity":"INFO","Product":"Microsoft Windows Operating System","@timestamp":"2020-08-05T07:48:29.665Z","Task":7,"ImageLoaded":"C:\\Windows\\System32\\ntdll.dll","EventReceivedTime":"2020-08-05 03:48:29"}
{"@version":"1","ThreadID":4452,"UserID":"S-1-5-18","Version":3,"Message":"Image loaded:\r\nRuleName: -\r\nUtcTime: 2020-08-05 07:48:29.140\r\nProcessGuid: {8715b604-644d-5f2a-9e05-000000000400}\r\nProcessId: 6960\r\nImage: C:\\Windows\\System32\\cmd.exe\r\nImageLoaded: C:\\Windows\\System32\\kernel32.dll\r\nFileVersion: 10.0.18362.959 (WinBuild.160101.0800)\r\nDescription: Windows NT BASE API Client DLL\r\nProduct: Microsoft Windows Operating System\r\nCompany: Microsoft Corporation\r\nOriginalFileName: kernel32\r\nHashes: SHA1=861B3BED1C7A310693C4DBE6B83D2241799B8ADF,MD5=30FB387E4FE35F85A609C916A828632C,SHA256=A3A98D05125F1BABF3D9F2D2C50A4D2EF5FE240BE97BD8E0B285F3BDCAE6E79F,IMPHASH=F9F97E60CFCD78BE051D9570C88FFB6F\r\nSigned: true\r\nSignature: Microsoft Windows\r\nSignatureStatus: Valid","ProcessGuid":"{8715b604-644d-5f2a-9e05-000000000400}","SourceName":"Microsoft-Windows-Sysmon","Hashes":"SHA1=861B3BED1C7A310693C4DBE6B83D2241799B8ADF,MD5=30FB387E4FE35F85A609C916A828632C,SHA256=A3A98D05125F1BABF3D9F2D2C50A4D2EF5FE240BE97BD8E0B285F3BDCAE6E79F,IMPHASH=F9F97E60CFCD78BE051D9570C88FFB6F","Signature":"Microsoft Windows","tags":["mordorDataset"],"RuleName":"-","ProviderGuid":"{5770385F-C22A-43E0-BF4C-06F5698FFBD9}","EventID":7,"RecordNumber":539813,"Hostname":"WORKSTATION5.theshire.local","SourceModuleType":"im_msvistalog","Signed":"true","ExecutionProcessID":3484,"AccountName":"SYSTEM","OpcodeValue":0,"EventType":"INFO","FileVersion":"10.0.18362.959 (WinBuild.160101.0800)","Image":"C:\\Windows\\System32\\cmd.exe","AccountType":"User","UtcTime":"2020-08-05 07:48:29.140","Keywords":-9223372036854775808,"OriginalFileName":"kernel32","host":"wec.internal.cloudapp.net","SourceModuleName":"eventlog","SeverityValue":2,"SignatureStatus":"Valid","Channel":"Microsoft-Windows-Sysmon/Operational","Description":"Windows NT BASE API Client DLL","ProcessId":"6960","Domain":"NT AUTHORITY","port":53997,"Company":"Microsoft Corporation","EventTime":"2020-08-05 03:48:29","Severity":"INFO","Product":"Microsoft Windows Operating System","@timestamp":"2020-08-05T07:48:29.665Z","Task":7,"ImageLoaded":"C:\\Windows\\System32\\kernel32.dll","EventReceivedTime":"2020-08-05 03:48:29"}
{"@version":"1","ThreadID":4452,"UserID":"S-1-5-18","Version":3,"Message":"Image loaded:\r\nRuleName: -\r\nUtcTime: 2020-08-05 07:48:29.140\r\nProcessGuid: {8715b604-644d-5f2a-9e05-000000000400}\r\nProcessId: 6960\r\nImage: C:\\Windows\\System32\\cmd.exe\r\nImageLoaded: C:\\Windows\\System32\\KernelBase.dll\r\nFileVersion: 10.0.18362.959 (WinBuild.160101.0800)\r\nDescription: Windows NT BASE API Client DLL\r\nProduct: Microsoft Windows Operating System\r\nCompany: Microsoft Corporation\r\nOriginalFileName: Kernelbase.dll\r\nHashes: SHA1=7EB3D299175654830C4EA067287E1DB6AE2910FE,MD5=DCF8378DFF8EE1AE20149C9FD3E8F272,SHA256=9C495442B2F0BE678EB4F28A04290B2CEB11197B46B7332F957BCC8D6FD7AEF1,IMPHASH=EE04B80B0375B4716981CFBD3F0E9003\r\nSigned: true\r\nSignature: Microsoft Windows\r\nSignatureStatus: Valid","ProcessGuid":"{8715b604-644d-5f2a-9e05-000000000400}","SourceName":"Microsoft-Windows-Sysmon","Hashes":"SHA1=7EB3D299175654830C4EA067287E1DB6AE2910FE,MD5=DCF8378DFF8EE1AE20149C9FD3E8F272,SHA256=9C495442B2F0BE678EB4F28A04290B2CEB11197B46B7332F957BCC8D6FD7AEF1,IMPHASH=EE04B80B0375B4716981CFBD3F0E9003","Signature":"Microsoft Windows","tags":["mordorDataset"],"RuleName":"-","ProviderGuid":"{5770385F-C22A-43E0-BF4C-06F5698FFBD9}","EventID":7,"RecordNumber":539814,"Hostname":"WORKSTATION5.theshire.local","SourceModuleType":"im_msvistalog","Signed":"true","ExecutionProcessID":3484,"AccountName":"SYSTEM","OpcodeValue":0,"EventType":"INFO","FileVersion":"10.0.18362.959 (WinBuild.160101.0800)","Image":"C:\\Windows\\System32\\cmd.exe","AccountType":"User","UtcTime":"2020-08-05 07:48:29.140","Keywords":-9223372036854775808,"OriginalFileName":"Kernelbase.dll","host":"wec.internal.cloudapp.net","SourceModuleName":"eventlog","SeverityValue":2,"SignatureStatus":"Valid","Channel":"Microsoft-Windows-Sysmon/Operational","Description":"Windows NT BASE API Client DLL","ProcessId":"6960","Domain":"NT AUTHORITY","port":53997,"Company":"Microsoft Corporation","EventTime":"2020-08-05 03:48:29","Severity":"INFO","Product":"Microsoft Windows Operating System","@timestamp":"2020-08-05T07:48:29.665Z","Task":7,"ImageLoaded":"C:\\Windows\\System32\\KernelBase.dll","EventReceivedTime":"2020-08-05 03:48:29"}
{"SourceProcessGUID":"{8715b604-0fd2-5f2a-8d02-000000000400}","UtcTime":"2020-08-05 07:48:29.140","GrantedAccess":"0x1fffff","@version":"1","Keywords":-9223372036854775808,"ThreadID":4452,"TargetProcessId":"5000","UserID":"S-1-5-18","Version":3,"TargetProcessGUID":"{8715b604-644d-5f2a-9f05-000000000400}","TargetImage":"C:\\windows\\system32\\conhost.exe","CallTrace":"C:\\windows\\SYSTEM32\\ntdll.dll+9c534|C:\\windows\\System32\\KERNELBASE.dll+2726e|c:\\windows\\system32\\pcasvc.dll+13827|c:\\windows\\system32\\pcasvc.dll+f736|c:\\windows\\system32\\pcasvc.dll+16844|C:\\windows\\System32\\KERNEL32.DLL+17bd4|C:\\windows\\SYSTEM32\\ntdll.dll+6ce51","host":"wec.internal.cloudapp.net","Message":"Process accessed:\r\nRuleName: -\r\nUtcTime: 2020-08-05 07:48:29.140\r\nSourceProcessGUID: {8715b604-0fd2-5f2a-8d02-000000000400}\r\nSourceProcessId: 2696\r\nSourceThreadId: 8940\r\nSourceImage: C:\\windows\\system32\\svchost.exe\r\nTargetProcessGUID: {8715b604-644d-5f2a-9f05-000000000400}\r\nTargetProcessId: 5000\r\nTargetImage: C:\\windows\\system32\\conhost.exe\r\nGrantedAccess: 0x1FFFFF\r\nCallTrace: C:\\windows\\SYSTEM32\\ntdll.dll+9c534|C:\\windows\\System32\\KERNELBASE.dll+2726e|c:\\windows\\system32\\pcasvc.dll+13827|c:\\windows\\system32\\pcasvc.dll+f736|c:\\windows\\system32\\pcasvc.dll+16844|C:\\windows\\System32\\KERNEL32.DLL+17bd4|C:\\windows\\SYSTEM32\\ntdll.dll+6ce51","SourceModuleName":"eventlog","SourceThreadId":"8940","SourceName":"Microsoft-Windows-Sysmon","SourceProcessId":"2696","SeverityValue":2,"tags":["mordorDataset"],"Channel":"Microsoft-Windows-Sysmon/Operational","ProviderGuid":"{5770385F-C22A-43E0-BF4C-06F5698FFBD9}","RuleName":"-","EventID":10,"RecordNumber":539815,"Hostname":"WORKSTATION5.theshire.local","SourceImage":"C:\\windows\\system32\\svchost.exe","ProcessId":"2696","SourceModuleType":"im_msvistalog","Domain":"NT AUTHORITY","port":53997,"EventTime":"2020-08-05 03:48:29","Severity":"INFO","ExecutionProcessID":3484,"AccountName":"SYSTEM","OpcodeValue":0,"@timestamp":"2020-08-05T07:48:29.666Z","Task":10,"EventType":"INFO","EventReceivedTime":"2020-08-05 03:48:29","AccountType":"User"}
{"@version":"1","ThreadID":4452,"UserID":"S-1-5-18","Version":5,"Message":"Process Create:\r\nRuleName: -\r\nUtcTime: 2020-08-05 07:48:29.145\r\nProcessGuid: {8715b604-644d-5f2a-9f05-000000000400}\r\nProcessId: 5000\r\nImage: C:\\Windows\\System32\\conhost.exe\r\nFileVersion: 10.0.18362.1 (WinBuild.160101.0800)\r\nDescription: Console Window Host\r\nProduct: Microsoft Windows Operating System\r\nCompany: Microsoft Corporation\r\nOriginalFileName: CONHOST.EXE\r\nCommandLine: \\??\\C:\\windows\\system32\\conhost.exe 0xffffffff -ForceV1\r\nCurrentDirectory: C:\\windows\r\nUser: THESHIRE\\pgustavo\r\nLogonGuid: {8715b604-0fc7-5f2a-fcd3-1f0000000000}\r\nLogonId: 0x1FD3FC\r\nTerminalSessionId: 2\r\nIntegrityLevel: Medium\r\nHashes: SHA1=11996F32DD85863A8C3BFF6D520F788A9211C8F7,MD5=C5E9B1D1103EDCEA2E408E9497A5A88F,SHA256=BAF97B2A629723947539CFF84E896CD29565AB4BB68B0CEC515EB5C5D6637B69,IMPHASH=F8DD0EF565DE87D97ABF9C62EA63EC21\r\nParentProcessGuid: {8715b604-644d-5f2a-9e05-000000000400}\r\nParentProcessId: 6960\r\nParentImage: C:\\Windows\\System32\\cmd.exe\r\nParentCommandLine: \"cmd.exe\" /c sc.exe \\\\MORDORDC.theshire.local query IKEEXT","ParentImage":"C:\\Windows\\System32\\cmd.exe","ParentCommandLine":"\"cmd.exe\" /c sc.exe \\\\MORDORDC.theshire.local query IKEEXT","ProcessGuid":"{8715b604-644d-5f2a-9f05-000000000400}","User":"THESHIRE\\pgustavo","SourceName":"Microsoft-Windows-Sysmon","Hashes":"SHA1=11996F32DD85863A8C3BFF6D520F788A9211C8F7,MD5=C5E9B1D1103EDCEA2E408E9497A5A88F,SHA256=BAF97B2A629723947539CFF84E896CD29565AB4BB68B0CEC515EB5C5D6637B69,IMPHASH=F8DD0EF565DE87D97ABF9C62EA63EC21","tags":["mordorDataset"],"RuleName":"-","ProviderGuid":"{5770385F-C22A-43E0-BF4C-06F5698FFBD9}","EventID":1,"RecordNumber":539816,"ParentProcessId":"6960","Hostname":"WORKSTATION5.theshire.local","SourceModuleType":"im_msvistalog","ExecutionProcessID":3484,"AccountName":"SYSTEM","OpcodeValue":0,"EventType":"INFO","LogonGuid":"{8715b604-0fc7-5f2a-fcd3-1f0000000000}","FileVersion":"10.0.18362.1 (WinBuild.160101.0800)","Image":"C:\\Windows\\System32\\conhost.exe","AccountType":"User","UtcTime":"2020-08-05 07:48:29.145","Keywords":-9223372036854775808,"IntegrityLevel":"Medium","OriginalFileName":"CONHOST.EXE","host":"wec.internal.cloudapp.net","TerminalSessionId":"2","ParentProcessGuid":"{8715b604-644d-5f2a-9e05-000000000400}","SourceModuleName":"eventlog","CurrentDirectory":"C:\\windows","SeverityValue":2,"Channel":"Microsoft-Windows-Sysmon/Operational","Description":"Console Window Host","ProcessId":"5000","Domain":"NT AUTHORITY","port":53997,"Company":"Microsoft Corporation","EventTime":"2020-08-05 03:48:29","Severity":"INFO","Product":"Microsoft Windows Operating System","CommandLine":"\\??\\C:\\windows\\system32\\conhost.exe 0xffffffff -ForceV1","LogonId":"0x1fd3fc","@timestamp":"2020-08-05T07:48:29.666Z","Task":1,"EventReceivedTime":"2020-08-05 03:48:29"}
{"@version":"1","ThreadID":4452,"UserID":"S-1-5-18","Version":3,"Message":"Image loaded:\r\nRuleName: -\r\nUtcTime: 2020-08-05 07:48:29.156\r\nProcessGuid: {8715b604-644d-5f2a-9f05-000000000400}\r\nProcessId: 5000\r\nImage: C:\\Windows\\System32\\conhost.exe\r\nImageLoaded: C:\\Windows\\System32\\conhost.exe\r\nFileVersion: 10.0.18362.1 (WinBuild.160101.0800)\r\nDescription: Console Window Host\r\nProduct: Microsoft Windows Operating System\r\nCompany: Microsoft Corporation\r\nOriginalFileName: CONHOST.EXE\r\nHashes: SHA1=11996F32DD85863A8C3BFF6D520F788A9211C8F7,MD5=C5E9B1D1103EDCEA2E408E9497A5A88F,SHA256=BAF97B2A629723947539CFF84E896CD29565AB4BB68B0CEC515EB5C5D6637B69,IMPHASH=F8DD0EF565DE87D97ABF9C62EA63EC21\r\nSigned: true\r\nSignature: Microsoft Windows\r\nSignatureStatus: Valid","ProcessGuid":"{8715b604-644d-5f2a-9f05-000000000400}","SourceName":"Microsoft-Windows-Sysmon","Hashes":"SHA1=11996F32DD85863A8C3BFF6D520F788A9211C8F7,MD5=C5E9B1D1103EDCEA2E408E9497A5A88F,SHA256=BAF97B2A629723947539CFF84E896CD29565AB4BB68B0CEC515EB5C5D6637B69,IMPHASH=F8DD0EF565DE87D97ABF9C62EA63EC21","Signature":"Microsoft Windows","tags":["mordorDataset"],"RuleName":"-","ProviderGuid":"{5770385F-C22A-43E0-BF4C-06F5698FFBD9}","EventID":7,"RecordNumber":539817,"Hostname":"WORKSTATION5.theshire.local","SourceModuleType":"im_msvistalog","Signed":"true","ExecutionProcessID":3484,"AccountName":"SYSTEM","OpcodeValue":0,"EventType":"INFO","FileVersion":"10.0.18362.1 (WinBuild.160101.0800)","Image":"C:\\Windows\\System32\\conhost.exe","AccountType":"User","UtcTime":"2020-08-05 07:48:29.156","Keywords":-9223372036854775808,"OriginalFileName":"CONHOST.EXE","host":"wec.internal.cloudapp.net","SourceModuleName":"eventlog","SeverityValue":2,"SignatureStatus":"Valid","Channel":"Microsoft-Windows-Sysmon/Operational","Description":"Console Window Host","ProcessId":"5000","Domain":"NT AUTHORITY","port":53997,"Company":"Microsoft Corporation","EventTime":"2020-08-05 03:48:29","Severity":"INFO","Product":"Microsoft Windows Operating System","@timestamp":"2020-08-05T07:48:29.666Z","Task":7,"ImageLoaded":"C:\\Windows\\System32\\conhost.exe","EventReceivedTime":"2020-08-05 03:48:29"}
{"@version":"1","ThreadID":4452,"UserID":"S-1-5-18","Version":3,"Message":"Image loaded:\r\nRuleName: -\r\nUtcTime: 2020-08-05 07:48:29.156\r\nProcessGuid: {8715b604-644d-5f2a-9f05-000000000400}\r\nProcessId: 5000\r\nImage: C:\\Windows\\System32\\conhost.exe\r\nImageLoaded: C:\\Windows\\System32\\ntdll.dll\r\nFileVersion: 10.0.18362.815 (WinBuild.160101.0800)\r\nDescription: NT Layer DLL\r\nProduct: Microsoft Windows Operating System\r\nCompany: Microsoft Corporation\r\nOriginalFileName: ntdll.dll\r\nHashes: SHA1=DA6F07ACD354EBADE6A2BF11BD07636743E5D533,MD5=EFEB7F6C44B3EF7F5ADAAD87D52BBBF4,SHA256=BD6F1360F1C3BBD80117CF17E5FB0B5FE48141E1DEEA217D406CB4DB31B45EEB,IMPHASH=00000000000000000000000000000000\r\nSigned: true\r\nSignature: Microsoft Windows\r\nSignatureStatus: Valid","ProcessGuid":"{8715b604-644d-5f2a-9f05-000000000400}","SourceName":"Microsoft-Windows-Sysmon","Hashes":"SHA1=DA6F07ACD354EBADE6A2BF11BD07636743E5D533,MD5=EFEB7F6C44B3EF7F5ADAAD87D52BBBF4,SHA256=BD6F1360F1C3BBD80117CF17E5FB0B5FE48141E1DEEA217D406CB4DB31B45EEB,IMPHASH=00000000000000000000000000000000","Signature":"Microsoft Windows","tags":["mordorDataset"],"RuleName":"-","ProviderGuid":"{5770385F-C22A-43E0-BF4C-06F5698FFBD9}","EventID":7,"RecordNumber":539818,"Hostname":"WORKSTATION5.theshire.local","SourceModuleType":"im_msvistalog","Signed":"true","ExecutionProcessID":3484,"AccountName":"SYSTEM","OpcodeValue":0,"EventType":"INFO","FileVersion":"10.0.18362.815 (WinBuild.160101.0800)","Image":"C:\\Windows\\System32\\conhost.exe","AccountType":"User","UtcTime":"2020-08-05 07:48:29.156","Keywords":-9223372036854775808,"OriginalFileName":"ntdll.dll","host":"wec.internal.cloudapp.net","SourceModuleName":"eventlog","SeverityValue":2,"SignatureStatus":"Valid","Channel":"Microsoft-Windows-Sysmon/Operational","Description":"NT Layer DLL","ProcessId":"5000","Domain":"NT AUTHORITY","port":53997,"Company":"Microsoft Corporation","EventTime":"2020-08-05 03:48:29","Severity":"INFO","Product":"Microsoft Windows Operating System","@timestamp":"2020-08-05T07:48:29.666Z","Task":7,"ImageLoaded":"C:\\Windows\\System32\\ntdll.dll","EventReceivedTime":"2020-08-05 03:48:29"}
{"@version":"1","ThreadID":4452,"UserID":"S-1-5-18","Version":3,"Message":"Image loaded:\r\nRuleName: -\r\nUtcTime: 2020-08-05 07:48:29.156\r\nProcessGuid: {8715b604-644d-5f2a-9f05-000000000400}\r\nProcessId: 5000\r\nImage: C:\\Windows\\System32\\conhost.exe\r\nImageLoaded: C:\\Windows\\System32\\kernel32.dll\r\nFileVersion: 10.0.18362.959 (WinBuild.160101.0800)\r\nDescription: Windows NT BASE API Client DLL\r\nProduct: Microsoft Windows Operating System\r\nCompany: Microsoft Corporation\r\nOriginalFileName: kernel32\r\nHashes: SHA1=861B3BED1C7A310693C4DBE6B83D2241799B8ADF,MD5=30FB387E4FE35F85A609C916A828632C,SHA256=A3A98D05125F1BABF3D9F2D2C50A4D2EF5FE240BE97BD8E0B285F3BDCAE6E79F,IMPHASH=F9F97E60CFCD78BE051D9570C88FFB6F\r\nSigned: true\r\nSignature: Microsoft Windows\r\nSignatureStatus: Valid","ProcessGuid":"{8715b604-644d-5f2a-9f05-000000000400}","SourceName":"Microsoft-Windows-Sysmon","Hashes":"SHA1=861B3BED1C7A310693C4DBE6B83D2241799B8ADF,MD5=30FB387E4FE35F85A609C916A828632C,SHA256=A3A98D05125F1BABF3D9F2D2C50A4D2EF5FE240BE97BD8E0B285F3BDCAE6E79F,IMPHASH=F9F97E60CFCD78BE051D9570C88FFB6F","Signature":"Microsoft Windows","tags":["mordorDataset"],"RuleName":"-","ProviderGuid":"{5770385F-C22A-43E0-BF4C-06F5698FFBD9}","EventID":7,"RecordNumber":539819,"Hostname":"WORKSTATION5.theshire.local","SourceModuleType":"im_msvistalog","Signed":"true","ExecutionProcessID":3484,"AccountName":"SYSTEM","OpcodeValue":0,"EventType":"INFO","FileVersion":"10.0.18362.959 (WinBuild.160101.0800)","Image":"C:\\Windows\\System32\\conhost.exe","AccountType":"User","UtcTime":"2020-08-05 07:48:29.156","Keywords":-9223372036854775808,"OriginalFileName":"kernel32","host":"wec.internal.cloudapp.net","SourceModuleName":"eventlog","SeverityValue":2,"SignatureStatus":"Valid","Channel":"Microsoft-Windows-Sysmon/Operational","Description":"Windows NT BASE API Client DLL","ProcessId":"5000","Domain":"NT AUTHORITY","port":53997,"Company":"Microsoft Corporation","EventTime":"2020-08-05 03:48:29","Severity":"INFO","Product":"Microsoft Windows Operating System","@timestamp":"2020-08-05T07:48:29.666Z","Task":7,"ImageLoaded":"C:\\Windows\\System32\\kernel32.dll","EventReceivedTime":"2020-08-05 03:48:29"}
{"@version":"1","ThreadID":4452,"UserID":"S-1-5-18","Version":3,"Message":"Image loaded:\r\nRuleName: -\r\nUtcTime: 2020-08-05 07:48:29.156\r\nProcessGuid: {8715b604-644d-5f2a-9f05-000000000400}\r\nProcessId: 5000\r\nImage: C:\\Windows\\System32\\conhost.exe\r\nImageLoaded: C:\\Windows\\System32\\KernelBase.dll\r\nFileVersion: 10.0.18362.959 (WinBuild.160101.0800)\r\nDescription: Windows NT BASE API Client DLL\r\nProduct: Microsoft Windows Operating System\r\nCompany: Microsoft Corporation\r\nOriginalFileName: Kernelbase.dll\r\nHashes: SHA1=7EB3D299175654830C4EA067287E1DB6AE2910FE,MD5=DCF8378DFF8EE1AE20149C9FD3E8F272,SHA256=9C495442B2F0BE678EB4F28A04290B2CEB11197B46B7332F957BCC8D6FD7AEF1,IMPHASH=EE04B80B0375B4716981CFBD3F0E9003\r\nSigned: true\r\nSignature: Microsoft Windows\r\nSignatureStatus: Valid","ProcessGuid":"{8715b604-644d-5f2a-9f05-000000000400}","SourceName":"Microsoft-Windows-Sysmon","Hashes":"SHA1=7EB3D299175654830C4EA067287E1DB6AE2910FE,MD5=DCF8378DFF8EE1AE20149C9FD3E8F272,SHA256=9C495442B2F0BE678EB4F28A04290B2CEB11197B46B7332F957BCC8D6FD7AEF1,IMPHASH=EE04B80B0375B4716981CFBD3F0E9003","Signature":"Microsoft Windows","tags":["mordorDataset"],"RuleName":"-","ProviderGuid":"{5770385F-C22A-43E0-BF4C-06F5698FFBD9}","EventID":7,"RecordNumber":539820,"Hostname":"WORKSTATION5.theshire.local","SourceModuleType":"im_msvistalog","Signed":"true","ExecutionProcessID":3484,"AccountName":"SYSTEM","OpcodeValue":0,"EventType":"INFO","FileVersion":"10.0.18362.959 (WinBuild.160101.0800)","Image":"C:\\Windows\\System32\\conhost.exe","AccountType":"User","UtcTime":"2020-08-05 07:48:29.156","Keywords":-9223372036854775808,"OriginalFileName":"Kernelbase.dll","host":"wec.internal.cloudapp.net","SourceModuleName":"eventlog","SeverityValue":2,"SignatureStatus":"Valid","Channel":"Microsoft-Windows-Sysmon/Operational","Description":"Windows NT BASE API Client DLL","ProcessId":"5000","Domain":"NT AUTHORITY","port":53997,"Company":"Microsoft Corporation","EventTime":"2020-08-05 03:48:29","Severity":"INFO","Product":"Microsoft Windows Operating System","@timestamp":"2020-08-05T07:48:29.668Z","Task":7,"ImageLoaded":"C:\\Windows\\System32\\KernelBase.dll","EventReceivedTime":"2020-08-05 03:48:29"}
{"SourceProcessGUID":"{8715b604-0fc4-5f2a-6702-000000000400}","UtcTime":"2020-08-05 07:48:29.156","GrantedAccess":"0x1fffff","@version":"1","Keywords":-9223372036854775808,"ThreadID":4452,"TargetProcessId":"5000","UserID":"S-1-5-18","Version":3,"TargetProcessGUID":"{8715b604-644d-5f2a-9f05-000000000400}","TargetImage":"C:\\windows\\system32\\conhost.exe","CallTrace":"C:\\windows\\SYSTEM32\\ntdll.dll+9d104|C:\\windows\\SYSTEM32\\CSRSRV.dll+1430|C:\\windows\\SYSTEM32\\CSRSRV.dll+5fd9|C:\\windows\\SYSTEM32\\ntdll.dll+6ce5f","host":"wec.internal.cloudapp.net","Message":"Process accessed:\r\nRuleName: -\r\nUtcTime: 2020-08-05 07:48:29.156\r\nSourceProcessGUID: {8715b604-0fc4-5f2a-6702-000000000400}\r\nSourceProcessId: 5704\r\nSourceThreadId: 6556\r\nSourceImage: C:\\windows\\system32\\csrss.exe\r\nTargetProcessGUID: {8715b604-644d-5f2a-9f05-000000000400}\r\nTargetProcessId: 5000\r\nTargetImage: C:\\windows\\system32\\conhost.exe\r\nGrantedAccess: 0x1FFFFF\r\nCallTrace: C:\\windows\\SYSTEM32\\ntdll.dll+9d104|C:\\windows\\SYSTEM32\\CSRSRV.dll+1430|C:\\windows\\SYSTEM32\\CSRSRV.dll+5fd9|C:\\windows\\SYSTEM32\\ntdll.dll+6ce5f","SourceModuleName":"eventlog","SourceThreadId":"6556","SourceName":"Microsoft-Windows-Sysmon","SourceProcessId":"5704","SeverityValue":2,"tags":["mordorDataset"],"Channel":"Microsoft-Windows-Sysmon/Operational","ProviderGuid":"{5770385F-C22A-43E0-BF4C-06F5698FFBD9}","RuleName":"-","EventID":10,"RecordNumber":539821,"Hostname":"WORKSTATION5.theshire.local","SourceImage":"C:\\windows\\system32\\csrss.exe","ProcessId":"5704","SourceModuleType":"im_msvistalog","Domain":"NT AUTHORITY","port":53997,"EventTime":"2020-08-05 03:48:29","Severity":"INFO","ExecutionProcessID":3484,"AccountName":"SYSTEM","OpcodeValue":0,"@timestamp":"2020-08-05T07:48:29.668Z","Task":10,"EventType":"INFO","EventReceivedTime":"2020-08-05 03:48:29","AccountType":"User"}
{"@version":"1","ThreadID":4452,"UserID":"S-1-5-18","Version":3,"Message":"Image loaded:\r\nRuleName: -\r\nUtcTime: 2020-08-05 07:48:29.156\r\nProcessGuid: {8715b604-644d-5f2a-9f05-000000000400}\r\nProcessId: 5000\r\nImage: C:\\Windows\\System32\\conhost.exe\r\nImageLoaded: C:\\Windows\\System32\\msvcp_win.dll\r\nFileVersion: 10.0.18362.815 (WinBuild.160101.0800)\r\nDescription: Microsoft C Runtime Library\r\nProduct: Microsoft Windows Operating System\r\nCompany: Microsoft Corporation\r\nOriginalFileName: msvcp_win.dll\r\nHashes: SHA1=3C9938AFD7E9E2427750B0BBF21D3905502C2416,MD5=D327A488FF346D2A2ACC7D018F80A615,SHA256=F60BA64AF20B44D13275955ECA2949C471F2C812CD3908AF63B145DEAEB4E4F3,IMPHASH=7F555C87AEA488E97B6067A0419ED3B4\r\nSigned: true\r\nSignature: Microsoft Windows\r\nSignatureStatus: Valid","ProcessGuid":"{8715b604-644d-5f2a-9f05-000000000400}","SourceName":"Microsoft-Windows-Sysmon","Hashes":"SHA1=3C9938AFD7E9E2427750B0BBF21D3905502C2416,MD5=D327A488FF346D2A2ACC7D018F80A615,SHA256=F60BA64AF20B44D13275955ECA2949C471F2C812CD3908AF63B145DEAEB4E4F3,IMPHASH=7F555C87AEA488E97B6067A0419ED3B4","Signature":"Microsoft Windows","tags":["mordorDataset"],"RuleName":"-","ProviderGuid":"{5770385F-C22A-43E0-BF4C-06F5698FFBD9}","EventID":7,"RecordNumber":539822,"Hostname":"WORKSTATION5.theshire.local","SourceModuleType":"im_msvistalog","Signed":"true","ExecutionProcessID":3484,"AccountName":"SYSTEM","OpcodeValue":0,"EventType":"INFO","FileVersion":"10.0.18362.815 (WinBuild.160101.0800)","Image":"C:\\Windows\\System32\\conhost.exe","AccountType":"User","UtcTime":"2020-08-05 07:48:29.156","Keywords":-9223372036854775808,"OriginalFileName":"msvcp_win.dll","host":"wec.internal.cloudapp.net","SourceModuleName":"eventlog","SeverityValue":2,"SignatureStatus":"Valid","Channel":"Microsoft-Windows-Sysmon/Operational","Description":"Microsoft C Runtime Library","ProcessId":"5000","Domain":"NT AUTHORITY","port":53997,"Company":"Microsoft Corporation","EventTime":"2020-08-05 03:48:29","Severity":"INFO","Product":"Microsoft Windows Operating System","@timestamp":"2020-08-05T07:48:29.668Z","Task":7,"ImageLoaded":"C:\\Windows\\System32\\msvcp_win.dll","EventReceivedTime":"2020-08-05 03:48:29"}
{"@version":"1","ThreadID":4452,"UserID":"S-1-5-18","Version":3,"Message":"Image loaded:\r\nRuleName: -\r\nUtcTime: 2020-08-05 07:48:29.156\r\nProcessGuid: {8715b604-644d-5f2a-9f05-000000000400}\r\nProcessId: 5000\r\nImage: C:\\Windows\\System32\\conhost.exe\r\nImageLoaded: C:\\Windows\\System32\\ucrtbase.dll\r\nFileVersion: 10.0.18362.815 (WinBuild.160101.0800)\r\nDescription: Microsoft C Runtime Library\r\nProduct: Microsoft Windows Operating System\r\nCompany: Microsoft Corporation\r\nOriginalFileName: ucrtbase.dll\r\nHashes: SHA1=53F8B431D10FDB2C001D58120280A417B01073BE,MD5=F0DA14E390F0CCB58EAAD34D9B309E4B,SHA256=7EE229626B22799FAA28CD7C22D4FF2AD0603C17E5F5EE9086FA7CF6483331FB,IMPHASH=5AE9A136FAFA10321F3D48251BF4F6A1\r\nSigned: true\r\nSignature: Microsoft Windows\r\nSignatureStatus: Valid","ProcessGuid":"{8715b604-644d-5f2a-9f05-000000000400}","SourceName":"Microsoft-Windows-Sysmon","Hashes":"SHA1=53F8B431D10FDB2C001D58120280A417B01073BE,MD5=F0DA14E390F0CCB58EAAD34D9B309E4B,SHA256=7EE229626B22799FAA28CD7C22D4FF2AD0603C17E5F5EE9086FA7CF6483331FB,IMPHASH=5AE9A136FAFA10321F3D48251BF4F6A1","Signature":"Microsoft Windows","tags":["mordorDataset"],"RuleName":"-","ProviderGuid":"{5770385F-C22A-43E0-BF4C-06F5698FFBD9}","EventID":7,"RecordNumber":539823,"Hostname":"WORKSTATION5.theshire.local","SourceModuleType":"im_msvistalog","Signed":"true","ExecutionProcessID":3484,"AccountName":"SYSTEM","OpcodeValue":0,"EventType":"INFO","FileVersion":"10.0.18362.815 (WinBuild.160101.0800)","Image":"C:\\Windows\\System32\\conhost.exe","AccountType":"User","UtcTime":"2020-08-05 07:48:29.156","Keywords":-9223372036854775808,"OriginalFileName":"ucrtbase.dll","host":"wec.internal.cloudapp.net","SourceModuleName":"eventlog","SeverityValue":2,"SignatureStatus":"Valid","Channel":"Microsoft-Windows-Sysmon/Operational","Description":"Microsoft C Runtime Library","ProcessId":"5000","Domain":"NT AUTHORITY","port":53997,"Company":"Microsoft Corporation","EventTime":"2020-08-05 03:48:29","Severity":"INFO","Product":"Microsoft Windows Operating System","@timestamp":"2020-08-05T07:48:29.669Z","Task":7,"ImageLoaded":"C:\\Windows\\System32\\ucrtbase.dll","EventReceivedTime":"2020-08-05 03:48:29"}
{"@version":"1","ThreadID":4452,"UserID":"S-1-5-18","Version":3,"Message":"Image loaded:\r\nRuleName: -\r\nUtcTime: 2020-08-05 07:48:29.156\r\nProcessGuid: {8715b604-644d-5f2a-9f05-000000000400}\r\nProcessId: 5000\r\nImage: C:\\Windows\\System32\\conhost.exe\r\nImageLoaded: C:\\Windows\\System32\\SHCore.dll\r\nFileVersion: 10.0.18362.959 (WinBuild.160101.0800)\r\nDescription: SHCORE\r\nProduct: Microsoft Windows Operating System\r\nCompany: Microsoft Corporation\r\nOriginalFileName: SHCORE.dll\r\nHashes: SHA1=75C9F506592699E30D8ECA63F88C79E956324111,MD5=6ACBCCE095FDB475FC2B3D178E5D9208,SHA256=3F49AB1B04EE3D843E961A1B62CB695EE3FE940EE287819BBBABCC1C3A38F507,IMPHASH=0E48D88DA5B1AEFE29036ECDE5B34E8D\r\nSigned: true\r\nSignature: Microsoft Windows\r\nSignatureStatus: Valid","ProcessGuid":"{8715b604-644d-5f2a-9f05-000000000400}","SourceName":"Microsoft-Windows-Sysmon","Hashes":"SHA1=75C9F506592699E30D8ECA63F88C79E956324111,MD5=6ACBCCE095FDB475FC2B3D178E5D9208,SHA256=3F49AB1B04EE3D843E961A1B62CB695EE3FE940EE287819BBBABCC1C3A38F507,IMPHASH=0E48D88DA5B1AEFE29036ECDE5B34E8D","Signature":"Microsoft Windows","tags":["mordorDataset"],"RuleName":"-","ProviderGuid":"{5770385F-C22A-43E0-BF4C-06F5698FFBD9}","EventID":7,"RecordNumber":539824,"Hostname":"WORKSTATION5.theshire.local","SourceModuleType":"im_msvistalog","Signed":"true","ExecutionProcessID":3484,"AccountName":"SYSTEM","OpcodeValue":0,"EventType":"INFO","FileVersion":"10.0.18362.959 (WinBuild.160101.0800)","Image":"C:\\Windows\\System32\\conhost.exe","AccountType":"User","UtcTime":"2020-08-05 07:48:29.156","Keywords":-9223372036854775808,"OriginalFileName":"SHCORE.dll","host":"wec.internal.cloudapp.net","SourceModuleName":"eventlog","SeverityValue":2,"SignatureStatus":"Valid","Channel":"Microsoft-Windows-Sysmon/Operational","Description":"SHCORE","ProcessId":"5000","Domain":"NT AUTHORITY","port":53997,"Company":"Microsoft Corporation","EventTime":"2020-08-05 03:48:29","Severity":"INFO","Product":"Microsoft Windows Operating System","@timestamp":"2020-08-05T07:48:29.669Z","Task":7,"ImageLoaded":"C:\\Windows\\System32\\SHCore.dll","EventReceivedTime":"2020-08-05 03:48:29"}
{"@version":"1","ThreadID":4452,"UserID":"S-1-5-18","Version":3,"Message":"Image loaded:\r\nRuleName: -\r\nUtcTime: 2020-08-05 07:48:29.156\r\nProcessGuid: {8715b604-644d-5f2a-9f05-000000000400}\r\nProcessId: 5000\r\nImage: C:\\Windows\\System32\\conhost.exe\r\nImageLoaded: C:\\Windows\\System32\\msvcrt.dll\r\nFileVersion: 7.0.18362.1 (WinBuild.160101.0800)\r\nDescription: Windows NT CRT DLL\r\nProduct: Microsoft Windows Operating System\r\nCompany: Microsoft Corporation\r\nOriginalFileName: msvcrt.dll\r\nHashes: SHA1=0EA4B3CFB14E49CEC0D42FF0F1FA989E69647A8F,MD5=36354D9B5B0A58A4B9A19103852C00A2,SHA256=E5A863D3F4BFEFED7D73A7B1499F81B7235BC9AE3C108065041BCB8E5446B1BB,IMPHASH=1273683626EBBA703979F188A1E64237\r\nSigned: true\r\nSignature: Microsoft Windows\r\nSignatureStatus: Valid","ProcessGuid":"{8715b604-644d-5f2a-9f05-000000000400}","SourceName":"Microsoft-Windows-Sysmon","Hashes":"SHA1=0EA4B3CFB14E49CEC0D42FF0F1FA989E69647A8F,MD5=36354D9B5B0A58A4B9A19103852C00A2,SHA256=E5A863D3F4BFEFED7D73A7B1499F81B7235BC9AE3C108065041BCB8E5446B1BB,IMPHASH=1273683626EBBA703979F188A1E64237","Signature":"Microsoft Windows","tags":["mordorDataset"],"RuleName":"-","ProviderGuid":"{5770385F-C22A-43E0-BF4C-06F5698FFBD9}","EventID":7,"RecordNumber":539825,"Hostname":"WORKSTATION5.theshire.local","SourceModuleType":"im_msvistalog","Signed":"true","ExecutionProcessID":3484,"AccountName":"SYSTEM","OpcodeValue":0,"EventType":"INFO","FileVersion":"7.0.18362.1 (WinBuild.160101.0800)","Image":"C:\\Windows\\System32\\conhost.exe","AccountType":"User","UtcTime":"2020-08-05 07:48:29.156","Keywords":-9223372036854775808,"OriginalFileName":"msvcrt.dll","host":"wec.internal.cloudapp.net","SourceModuleName":"eventlog","SeverityValue":2,"SignatureStatus":"Valid","Channel":"Microsoft-Windows-Sysmon/Operational","Description":"Windows NT CRT DLL","ProcessId":"5000","Domain":"NT AUTHORITY","port":53997,"Company":"Microsoft Corporation","EventTime":"2020-08-05 03:48:29","Severity":"INFO","Product":"Microsoft Windows Operating System","@timestamp":"2020-08-05T07:48:29.669Z","Task":7,"ImageLoaded":"C:\\Windows\\System32\\msvcrt.dll","EventReceivedTime":"2020-08-05 03:48:29"}
{"@version":"1","ThreadID":4452,"UserID":"S-1-5-18","Version":3,"Message":"Image loaded:\r\nRuleName: -\r\nUtcTime: 2020-08-05 07:48:29.156\r\nProcessGuid: {8715b604-644d-5f2a-9f05-000000000400}\r\nProcessId: 5000\r\nImage: C:\\Windows\\System32\\conhost.exe\r\nImageLoaded: C:\\Windows\\System32\\rpcrt4.dll\r\nFileVersion: 10.0.18362.628 (WinBuild.160101.0800)\r\nDescription: Remote Procedure Call Runtime\r\nProduct: Microsoft Windows Operating System\r\nCompany: Microsoft Corporation\r\nOriginalFileName: rpcrt4.dll\r\nHashes: SHA1=D2AD4D4A061147CA2102FD1198A1AB5E81089687,MD5=8282B62C9241DAD339EDCFEDB59A0B83,SHA256=775FAEA773B0A023C724A93A3692CE5A237DC8B4B7C5A93C95412A4493CAFAA0,IMPHASH=88E7E7C7FA90052EC162DD37F2B7C7BD\r\nSigned: true\r\nSignature: Microsoft Windows\r\nSignatureStatus: Valid","ProcessGuid":"{8715b604-644d-5f2a-9f05-000000000400}","SourceName":"Microsoft-Windows-Sysmon","Hashes":"SHA1=D2AD4D4A061147CA2102FD1198A1AB5E81089687,MD5=8282B62C9241DAD339EDCFEDB59A0B83,SHA256=775FAEA773B0A023C724A93A3692CE5A237DC8B4B7C5A93C95412A4493CAFAA0,IMPHASH=88E7E7C7FA90052EC162DD37F2B7C7BD","Signature":"Microsoft Windows","tags":["mordorDataset"],"RuleName":"-","ProviderGuid":"{5770385F-C22A-43E0-BF4C-06F5698FFBD9}","EventID":7,"RecordNumber":539826,"Hostname":"WORKSTATION5.theshire.local","SourceModuleType":"im_msvistalog","Signed":"true","ExecutionProcessID":3484,"AccountName":"SYSTEM","OpcodeValue":0,"EventType":"INFO","FileVersion":"10.0.18362.628 (WinBuild.160101.0800)","Image":"C:\\Windows\\System32\\conhost.exe","AccountType":"User","UtcTime":"2020-08-05 07:48:29.156","Keywords":-9223372036854775808,"OriginalFileName":"rpcrt4.dll","host":"wec.internal.cloudapp.net","SourceModuleName":"eventlog","SeverityValue":2,"SignatureStatus":"Valid","Channel":"Microsoft-Windows-Sysmon/Operational","Description":"Remote Procedure Call Runtime","ProcessId":"5000","Domain":"NT AUTHORITY","port":53997,"Company":"Microsoft Corporation","EventTime":"2020-08-05 03:48:29","Severity":"INFO","Product":"Microsoft Windows Operating System","@timestamp":"2020-08-05T07:48:29.670Z","Task":7,"ImageLoaded":"C:\\Windows\\System32\\rpcrt4.dll","EventReceivedTime":"2020-08-05 03:48:29"}
{"@version":"1","ThreadID":4452,"UserID":"S-1-5-18","Version":3,"Message":"Image loaded:\r\nRuleName: -\r\nUtcTime: 2020-08-05 07:48:29.156\r\nProcessGuid: {8715b604-644d-5f2a-9f05-000000000400}\r\nProcessId: 5000\r\nImage: C:\\Windows\\System32\\conhost.exe\r\nImageLoaded: C:\\Windows\\System32\\combase.dll\r\nFileVersion: 10.0.18362.900 (WinBuild.160101.0800)\r\nDescription: Microsoft COM for Windows\r\nProduct: Microsoft Windows Operating System\r\nCompany: Microsoft Corporation\r\nOriginalFileName: COMBASE.DLL\r\nHashes: SHA1=ED26F4A1062B1312B43C1FF45AE98F37EBD50CEC,MD5=B884EC8D2915A40264689EDEB7F970AA,SHA256=C39024553D50B6F901481CF4C7D4609A616A2F6A3E60450F36FE231EFA1C7B32,IMPHASH=D1A511866766E387FD0DAF3ACBB54B12\r\nSigned: true\r\nSignature: Microsoft Windows\r\nSignatureStatus: Valid","ProcessGuid":"{8715b604-644d-5f2a-9f05-000000000400}","SourceName":"Microsoft-Windows-Sysmon","Hashes":"SHA1=ED26F4A1062B1312B43C1FF45AE98F37EBD50CEC,MD5=B884EC8D2915A40264689EDEB7F970AA,SHA256=C39024553D50B6F901481CF4C7D4609A616A2F6A3E60450F36FE231EFA1C7B32,IMPHASH=D1A511866766E387FD0DAF3ACBB54B12","Signature":"Microsoft Windows","tags":["mordorDataset"],"RuleName":"-","ProviderGuid":"{5770385F-C22A-43E0-BF4C-06F5698FFBD9}","EventID":7,"RecordNumber":539827,"Hostname":"WORKSTATION5.theshire.local","SourceModuleType":"im_msvistalog","Signed":"true","ExecutionProcessID":3484,"AccountName":"SYSTEM","OpcodeValue":0,"EventType":"INFO","FileVersion":"10.0.18362.900 (WinBuild.160101.0800)","Image":"C:\\Windows\\System32\\conhost.exe","AccountType":"User","UtcTime":"2020-08-05 07:48:29.156","Keywords":-9223372036854775808,"OriginalFileName":"COMBASE.DLL","host":"wec.internal.cloudapp.net","SourceModuleName":"eventlog","SeverityValue":2,"SignatureStatus":"Valid","Channel":"Microsoft-Windows-Sysmon/Operational","Description":"Microsoft COM for Windows","ProcessId":"5000","Domain":"NT AUTHORITY","port":53997,"Company":"Microsoft Corporation","EventTime":"2020-08-05 03:48:29","Severity":"INFO","Product":"Microsoft Windows Operating System","@timestamp":"2020-08-05T07:48:29.670Z","Task":7,"ImageLoaded":"C:\\Windows\\System32\\combase.dll","EventReceivedTime":"2020-08-05 03:48:29"}
{"@version":"1","ThreadID":4452,"UserID":"S-1-5-18","Version":3,"Message":"Image loaded:\r\nRuleName: -\r\nUtcTime: 2020-08-05 07:48:29.156\r\nProcessGuid: {8715b604-644d-5f2a-9f05-000000000400}\r\nProcessId: 5000\r\nImage: C:\\Windows\\System32\\conhost.exe\r\nImageLoaded: C:\\Windows\\System32\\bcryptprimitives.dll\r\nFileVersion: 10.0.18362.836 (WinBuild.160101.0800)\r\nDescription: Windows Cryptographic Primitives Library\r\nProduct: Microsoft Windows Operating System\r\nCompany: Microsoft Corporation\r\nOriginalFileName: bcryptprimitives.dll\r\nHashes: SHA1=B4222C8DC3274CFC3FE54F322D827B2F01FFF036,MD5=EF2BBEAFF07D32A2EC77FB4602FA9664,SHA256=6B47F3E88CDEDF8F31F91940E38A4544818C79D153323262F9F46B21F41D262C,IMPHASH=402DA460E2AC467F4489C588A9941032\r\nSigned: true\r\nSignature: Microsoft Windows\r\nSignatureStatus: Valid","ProcessGuid":"{8715b604-644d-5f2a-9f05-000000000400}","SourceName":"Microsoft-Windows-Sysmon","Hashes":"SHA1=B4222C8DC3274CFC3FE54F322D827B2F01FFF036,MD5=EF2BBEAFF07D32A2EC77FB4602FA9664,SHA256=6B47F3E88CDEDF8F31F91940E38A4544818C79D153323262F9F46B21F41D262C,IMPHASH=402DA460E2AC467F4489C588A9941032","Signature":"Microsoft Windows","tags":["mordorDataset"],"RuleName":"-","ProviderGuid":"{5770385F-C22A-43E0-BF4C-06F5698FFBD9}","EventID":7,"RecordNumber":539828,"Hostname":"WORKSTATION5.theshire.local","SourceModuleType":"im_msvistalog","Signed":"true","ExecutionProcessID":3484,"AccountName":"SYSTEM","OpcodeValue":0,"EventType":"INFO","FileVersion":"10.0.18362.836 (WinBuild.160101.0800)","Image":"C:\\Windows\\System32\\conhost.exe","AccountType":"User","UtcTime":"2020-08-05 07:48:29.156","Keywords":-9223372036854775808,"OriginalFileName":"bcryptprimitives.dll","host":"wec.internal.cloudapp.net","SourceModuleName":"eventlog","SeverityValue":2,"SignatureStatus":"Valid","Channel":"Microsoft-Windows-Sysmon/Operational","Description":"Windows Cryptographic Primitives Library","ProcessId":"5000","Domain":"NT AUTHORITY","port":53997,"Company":"Microsoft Corporation","EventTime":"2020-08-05 03:48:29","Severity":"INFO","Product":"Microsoft Windows Operating System","@timestamp":"2020-08-05T07:48:29.670Z","Task":7,"ImageLoaded":"C:\\Windows\\System32\\bcryptprimitives.dll","EventReceivedTime":"2020-08-05 03:48:29"}
{"@version":"1","ThreadID":4452,"UserID":"S-1-5-18","Version":3,"Message":"Image loaded:\r\nRuleName: -\r\nUtcTime: 2020-08-05 07:48:29.156\r\nProcessGuid: {8715b604-644d-5f2a-9f05-000000000400}\r\nProcessId: 5000\r\nImage: C:\\Windows\\System32\\conhost.exe\r\nImageLoaded: C:\\Windows\\System32\\advapi32.dll\r\nFileVersion: 10.0.18362.752 (WinBuild.160101.0800)\r\nDescription: Advanced Windows 32 Base API\r\nProduct: Microsoft Windows Operating System\r\nCompany: Microsoft Corporation\r\nOriginalFileName: advapi32.dll\r\nHashes: SHA1=35C61DDE6F8F4ED05F9C4837E2B91C886CA79F82,MD5=EA4F6E7961B4A402F6F5EC33C655260A,SHA256=5E2D103E7E1FD7CA0492E541F082D274EF6259AF2158A3562986C796C5C869DD,IMPHASH=8EEA175C33205685FB8A14876D7564DB\r\nSigned: true\r\nSignature: Microsoft Windows\r\nSignatureStatus: Valid","ProcessGuid":"{8715b604-644d-5f2a-9f05-000000000400}","SourceName":"Microsoft-Windows-Sysmon","Hashes":"SHA1=35C61DDE6F8F4ED05F9C4837E2B91C886CA79F82,MD5=EA4F6E7961B4A402F6F5EC33C655260A,SHA256=5E2D103E7E1FD7CA0492E541F082D274EF6259AF2158A3562986C796C5C869DD,IMPHASH=8EEA175C33205685FB8A14876D7564DB","Signature":"Microsoft Windows","tags":["mordorDataset"],"RuleName":"-","ProviderGuid":"{5770385F-C22A-43E0-BF4C-06F5698FFBD9}","EventID":7,"RecordNumber":539829,"Hostname":"WORKSTATION5.theshire.local","SourceModuleType":"im_msvistalog","Signed":"true","ExecutionProcessID":3484,"AccountName":"SYSTEM","OpcodeValue":0,"EventType":"INFO","FileVersion":"10.0.18362.752 (WinBuild.160101.0800)","Image":"C:\\Windows\\System32\\conhost.exe","AccountType":"User","UtcTime":"2020-08-05 07:48:29.156","Keywords":-9223372036854775808,"OriginalFileName":"advapi32.dll","host":"wec.internal.cloudapp.net","SourceModuleName":"eventlog","SeverityValue":2,"SignatureStatus":"Valid","Channel":"Microsoft-Windows-Sysmon/Operational","Description":"Advanced Windows 32 Base API","ProcessId":"5000","Domain":"NT AUTHORITY","port":53997,"Company":"Microsoft Corporation","EventTime":"2020-08-05 03:48:29","Severity":"INFO","Product":"Microsoft Windows Operating System","@timestamp":"2020-08-05T07:48:29.670Z","Task":7,"ImageLoaded":"C:\\Windows\\System32\\advapi32.dll","EventReceivedTime":"2020-08-05 03:48:29"}
{"@version":"1","ThreadID":4452,"UserID":"S-1-5-18","Version":3,"Message":"Image loaded:\r\nRuleName: -\r\nUtcTime: 2020-08-05 07:48:29.156\r\nProcessGuid: {8715b604-644d-5f2a-9f05-000000000400}\r\nProcessId: 5000\r\nImage: C:\\Windows\\System32\\conhost.exe\r\nImageLoaded: C:\\Windows\\System32\\sechost.dll\r\nFileVersion: 10.0.18362.959 (WinBuild.160101.0800)\r\nDescription: Host for SCM/SDDL/LSA Lookup APIs\r\nProduct: Microsoft Windows Operating System\r\nCompany: Microsoft Corporation\r\nOriginalFileName: sechost.dll\r\nHashes: SHA1=A330EDE32DFA03AE6808EE7FB6916D8DEB8F5DDE,MD5=A094E2B38D3DD864B07580D243CB6E43,SHA256=C441E19D20961D4E990E117A300ED318BEDBF2F8BA0FF07BEE7832AC502CDDF2,IMPHASH=CE4BD072766253F6A267D0284CA82002\r\nSigned: true\r\nSignature: Microsoft Windows\r\nSignatureStatus: Valid","ProcessGuid":"{8715b604-644d-5f2a-9f05-000000000400}","SourceName":"Microsoft-Windows-Sysmon","Hashes":"SHA1=A330EDE32DFA03AE6808EE7FB6916D8DEB8F5DDE,MD5=A094E2B38D3DD864B07580D243CB6E43,SHA256=C441E19D20961D4E990E117A300ED318BEDBF2F8BA0FF07BEE7832AC502CDDF2,IMPHASH=CE4BD072766253F6A267D0284CA82002","Signature":"Microsoft Windows","tags":["mordorDataset"],"RuleName":"-","ProviderGuid":"{5770385F-C22A-43E0-BF4C-06F5698FFBD9}","EventID":7,"RecordNumber":539830,"Hostname":"WORKSTATION5.theshire.local","SourceModuleType":"im_msvistalog","Signed":"true","ExecutionProcessID":3484,"AccountName":"SYSTEM","OpcodeValue":0,"EventType":"INFO","FileVersion":"10.0.18362.959 (WinBuild.160101.0800)","Image":"C:\\Windows\\System32\\conhost.exe","AccountType":"User","UtcTime":"2020-08-05 07:48:29.156","Keywords":-9223372036854775808,"OriginalFileName":"sechost.dll","host":"wec.internal.cloudapp.net","SourceModuleName":"eventlog","SeverityValue":2,"SignatureStatus":"Valid","Channel":"Microsoft-Windows-Sysmon/Operational","Description":"Host for SCM/SDDL/LSA Lookup APIs","ProcessId":"5000","Domain":"NT AUTHORITY","port":53997,"Company":"Microsoft Corporation","EventTime":"2020-08-05 03:48:29","Severity":"INFO","Product":"Microsoft Windows Operating System","@timestamp":"2020-08-05T07:48:29.670Z","Task":7,"ImageLoaded":"C:\\Windows\\System32\\sechost.dll","EventReceivedTime":"2020-08-05 03:48:29"}
{"SourceProcessGUID":"{8715b604-644d-5f2a-9f05-000000000400}","UtcTime":"2020-08-05 07:48:29.156","GrantedAccess":"0x1fffff","@version":"1","Keywords":-9223372036854775808,"ThreadID":4452,"TargetProcessId":"6960","UserID":"S-1-5-18","Version":3,"TargetProcessGUID":"{8715b604-644d-5f2a-9e05-000000000400}","TargetImage":"C:\\windows\\SYSTEM32\\cmd.exe","CallTrace":"C:\\windows\\SYSTEM32\\ntdll.dll+9c534|C:\\windows\\System32\\KERNELBASE.dll+2726e|C:\\windows\\system32\\conhost.exe+1260d|C:\\windows\\system32\\conhost.exe+12505|C:\\windows\\system32\\conhost.exe+895c|C:\\windows\\system32\\conhost.exe+f2e6|C:\\windows\\System32\\KERNEL32.DLL+17bd4|C:\\windows\\SYSTEM32\\ntdll.dll+6ce51","host":"wec.internal.cloudapp.net","Message":"Process accessed:\r\nRuleName: -\r\nUtcTime: 2020-08-05 07:48:29.156\r\nSourceProcessGUID: {8715b604-644d-5f2a-9f05-000000000400}\r\nSourceProcessId: 5000\r\nSourceThreadId: 3452\r\nSourceImage: C:\\windows\\system32\\conhost.exe\r\nTargetProcessGUID: {8715b604-644d-5f2a-9e05-000000000400}\r\nTargetProcessId: 6960\r\nTargetImage: C:\\windows\\SYSTEM32\\cmd.exe\r\nGrantedAccess: 0x1FFFFF\r\nCallTrace: C:\\windows\\SYSTEM32\\ntdll.dll+9c534|C:\\windows\\System32\\KERNELBASE.dll+2726e|C:\\windows\\system32\\conhost.exe+1260d|C:\\windows\\system32\\conhost.exe+12505|C:\\windows\\system32\\conhost.exe+895c|C:\\windows\\system32\\conhost.exe+f2e6|C:\\windows\\System32\\KERNEL32.DLL+17bd4|C:\\windows\\SYSTEM32\\ntdll.dll+6ce51","SourceModuleName":"eventlog","SourceThreadId":"3452","SourceName":"Microsoft-Windows-Sysmon","SourceProcessId":"5000","SeverityValue":2,"tags":["mordorDataset"],"Channel":"Microsoft-Windows-Sysmon/Operational","ProviderGuid":"{5770385F-C22A-43E0-BF4C-06F5698FFBD9}","RuleName":"-","EventID":10,"RecordNumber":539831,"Hostname":"WORKSTATION5.theshire.local","SourceImage":"C:\\windows\\system32\\conhost.exe","ProcessId":"5000","SourceModuleType":"im_msvistalog","Domain":"NT AUTHORITY","port":53997,"EventTime":"2020-08-05 03:48:29","Severity":"INFO","ExecutionProcessID":3484,"AccountName":"SYSTEM","OpcodeValue":0,"@timestamp":"2020-08-05T07:48:29.671Z","Task":10,"EventType":"INFO","EventReceivedTime":"2020-08-05 03:48:29","AccountType":"User"}
