{"SeverityValue":2,"SubjectDomainName":"THESHIRE","EventReceivedTime":"2020-09-19 21:18:14","EventID":4656,"ProviderGuid":"{54849625-5478-4994-A5BA-3E3B0328C30D}","ExecutionProcessID":4,"Channel":"Security","host":"wec.internal.cloudapp.net","ProcessId":"0x1088","Opcode":"Info","EventTime":"2020-09-19 21:18:13","TransactionId":"{00000000-0000-0000-0000-000000000000}","ObjectServer":"Security","AccessMask":"0x1","SourceModuleType":"im_msvistalog","ProcessName":"C:\\Windows\\Microsoft.NET\\Framework64\\v4.0.30319\\InstallUtil.exe","@version":"1","OpcodeValue":0,"Severity":"INFO","HandleId":"0x8c","ObjectName":"\\REGISTRY\\MACHINE\\SYSTEM\\ControlSet001\\Control\\Lsa","SourceName":"Microsoft-Windows-Security-Auditing","Category":"Registry","Keywords":-9214364837600034816,"ObjectType":"Key","SubjectUserSid":"S-1-5-21-4228717743-1032521047-1810997296-1104","ThreadID":6668,"EventType":"AUDIT_SUCCESS","Message":"A handle to an object was requested.\r\n\r\nSubject:\r\n\tSecurity ID:\t\tS-1-5-21-4228717743-1032521047-1810997296-1104\r\n\tAccount Name:\t\tpgustavo\r\n\tAccount Domain:\t\tTHESHIRE\r\n\tLogon ID:\t\t0x2B78CD\r\n\r\nObject:\r\n\tObject Server:\t\tSecurity\r\n\tObject Type:\t\tKey\r\n\tObject Name:\t\t\\REGISTRY\\MACHINE\\SYSTEM\\ControlSet001\\Control\\Lsa\r\n\tHandle ID:\t\t0x8c\r\n\tResource Attributes:\t-\r\n\r\nProcess Information:\r\n\tProcess ID:\t\t0x1088\r\n\tProcess Name:\t\tC:\\Windows\\Microsoft.NET\\Framework64\\v4.0.30319\\InstallUtil.exe\r\n\r\nAccess Request Information:\r\n\tTransaction ID:\t\t{00000000-0000-0000-0000-000000000000}\r\n\tAccesses:\t\tQuery key value\r\n\t\t\t\t\r\n\tAccess Reasons:\t\t-\r\n\tAccess Mask:\t\t0x1\r\n\tPrivileges Used for Access Check:\t-\r\n\tRestricted SID Count:\t0","AccessReason":"-","PrivilegeList":"-","@timestamp":"2020-09-20T01:18:14.962Z","SubjectLogonId":"0x2b78cd","port":64545,"RecordNumber":466946,"SubjectUserName":"pgustavo","Task":12801,"SourceModuleName":"eventlog","Version":1,"AccessList":"%%4432\r\n\t\t\t\t","RestrictedSidCount":"0","ResourceAttributes":"-","Hostname":"WORKSTATION5.theshire.local","tags":["mordorDataset"]}
{"Keywords":-9214364837600034816,"SeverityValue":2,"SubjectDomainName":"THESHIRE","EventID":4663,"ProviderGuid":"{54849625-5478-4994-A5BA-3E3B0328C30D}","ExecutionProcessID":4,"Channel":"Security","host":"wec.internal.cloudapp.net","SubjectUserSid":"S-1-5-21-4228717743-1032521047-1810997296-1104","ObjectType":"Key","EventReceivedTime":"2020-09-19 21:18:14","ThreadID":6668,"ProcessId":"0x1088","EventType":"AUDIT_SUCCESS","Opcode":"Info","EventTime":"2020-09-19 21:18:13","Message":"An attempt was made to access an object.\r\n\r\nSubject:\r\n\tSecurity ID:\t\tS-1-5-21-4228717743-1032521047-1810997296-1104\r\n\tAccount Name:\t\tpgustavo\r\n\tAccount Domain:\t\tTHESHIRE\r\n\tLogon ID:\t\t0x2B78CD\r\n\r\nObject:\r\n\tObject Server:\t\tSecurity\r\n\tObject Type:\t\tKey\r\n\tObject Name:\t\t\\REGISTRY\\MACHINE\\SYSTEM\\ControlSet001\\Control\\Lsa\r\n\tHandle ID:\t\t0x8c\r\n\tResource Attributes:\t-\r\n\r\nProcess Information:\r\n\tProcess ID:\t\t0x1088\r\n\tProcess Name:\t\tC:\\Windows\\Microsoft.NET\\Framework64\\v4.0.30319\\InstallUtil.exe\r\n\r\nAccess Request Information:\r\n\tAccesses:\t\tQuery key value\r\n\t\t\t\t\r\n\tAccess Mask:\t\t0x1","@timestamp":"2020-09-20T01:18:14.963Z","ObjectServer":"Security","SubjectLogonId":"0x2b78cd","AccessMask":"0x1","port":64545,"ProcessName":"C:\\Windows\\Microsoft.NET\\Framework64\\v4.0.30319\\InstallUtil.exe","RecordNumber":466947,"SubjectUserName":"pgustavo","SourceModuleType":"im_msvistalog","Task":12801,"@version":"1","OpcodeValue":0,"SourceModuleName":"eventlog","Severity":"INFO","HandleId":"0x8c","ObjectName":"\\REGISTRY\\MACHINE\\SYSTEM\\ControlSet001\\Control\\Lsa","SourceName":"Microsoft-Windows-Security-Auditing","Version":1,"AccessList":"%%4432\r\n\t\t\t\t","Category":"Registry","ResourceAttributes":"-","Hostname":"WORKSTATION5.theshire.local","tags":["mordorDataset"]}
{"Keywords":-9223372036854775808,"SeverityValue":2,"TargetObject":"HKU\\S-1-5-21-4228717743-1032521047-1810997296-1104\\Software\\Microsoft\\Windows\\CurrentVersion\\Internet Settings\\ZoneMap\\ProxyBypass","EventTypeOrignal":"INFO","EventID":13,"ProviderGuid":"{5770385F-C22A-43E0-BF4C-06F5698FFBD9}","ExecutionProcessID":9848,"host":"wec.internal.cloudapp.net","Channel":"Microsoft-Windows-Sysmon/Operational","UserID":"S-1-5-18","AccountType":"User","ThreadID":7976,"ProcessGuid":"{b34bc01c-add5-5f66-2210-000000000400}","Details":"DWORD (0x00000001)","EventReceivedTime":"2020-09-19 21:18:14","Opcode":"Info","EventTime":"2020-09-19 21:18:14","@timestamp":"2020-09-20T01:18:14.964Z","SourceModuleType":"im_msvistalog","port":64545,"AccountName":"SYSTEM","RecordNumber":1819056,"Task":13,"Domain":"NT AUTHORITY","@version":"1","OpcodeValue":0,"SourceModuleName":"eventlog","Severity":"INFO","SourceName":"Microsoft-Windows-Sysmon","Version":2,"Image":"C:\\Windows\\Microsoft.NET\\Framework64\\v4.0.30319\\InstallUtil.exe","Category":"Registry value set (rule: RegistryEvent)","UtcTime":"2020-09-20 01:18:14.084","Hostname":"WORKSTATION5.theshire.local","RuleName":"-","tags":["mordorDataset"]}
{"Keywords":-9214364837600034816,"SeverityValue":2,"SubjectDomainName":"THESHIRE","EventID":4658,"ProviderGuid":"{54849625-5478-4994-A5BA-3E3B0328C30D}","ExecutionProcessID":4,"Channel":"Security","host":"wec.internal.cloudapp.net","SubjectUserSid":"S-1-5-21-4228717743-1032521047-1810997296-1104","EventReceivedTime":"2020-09-19 21:18:14","ProcessId":"0x1088","ThreadID":6668,"EventType":"AUDIT_SUCCESS","Opcode":"Info","EventTime":"2020-09-19 21:18:13","Message":"The handle to an object was closed.\r\n\r\nSubject :\r\n\tSecurity ID:\t\tS-1-5-21-4228717743-1032521047-1810997296-1104\r\n\tAccount Name:\t\tpgustavo\r\n\tAccount Domain:\t\tTHESHIRE\r\n\tLogon ID:\t\t0x2B78CD\r\n\r\nObject:\r\n\tObject Server:\t\tSecurity\r\n\tHandle ID:\t\t0x8c\r\n\r\nProcess Information:\r\n\tProcess ID:\t\t0x1088\r\n\tProcess Name:\t\tC:\\Windows\\Microsoft.NET\\Framework64\\v4.0.30319\\InstallUtil.exe","@timestamp":"2020-09-20T01:18:14.964Z","ObjectServer":"Security","SubjectLogonId":"0x2b78cd","SourceModuleType":"im_msvistalog","port":64545,"ProcessName":"C:\\Windows\\Microsoft.NET\\Framework64\\v4.0.30319\\InstallUtil.exe","RecordNumber":466948,"SubjectUserName":"pgustavo","Task":12801,"@version":"1","OpcodeValue":0,"SourceModuleName":"eventlog","Severity":"INFO","HandleId":"0x8c","SourceName":"Microsoft-Windows-Security-Auditing","Version":0,"Category":"Registry","tags":["mordorDataset"],"Hostname":"WORKSTATION5.theshire.local"}
{"Keywords":-9223372036854775808,"SeverityValue":2,"TargetObject":"HKU\\S-1-5-21-4228717743-1032521047-1810997296-1104\\Software\\Microsoft\\Windows\\CurrentVersion\\Internet Settings\\ZoneMap\\IntranetName","EventTypeOrignal":"INFO","EventID":13,"ProviderGuid":"{5770385F-C22A-43E0-BF4C-06F5698FFBD9}","ExecutionProcessID":9848,"host":"wec.internal.cloudapp.net","Channel":"Microsoft-Windows-Sysmon/Operational","UserID":"S-1-5-18","AccountType":"User","ThreadID":7976,"ProcessGuid":"{b34bc01c-add5-5f66-2210-000000000400}","Details":"DWORD (0x00000001)","EventReceivedTime":"2020-09-19 21:18:14","Opcode":"Info","EventTime":"2020-09-19 21:18:14","@timestamp":"2020-09-20T01:18:14.964Z","SourceModuleType":"im_msvistalog","port":64545,"AccountName":"SYSTEM","RecordNumber":1819057,"Task":13,"Domain":"NT AUTHORITY","@version":"1","OpcodeValue":0,"SourceModuleName":"eventlog","Severity":"INFO","SourceName":"Microsoft-Windows-Sysmon","Version":2,"Image":"C:\\Windows\\Microsoft.NET\\Framework64\\v4.0.30319\\InstallUtil.exe","Category":"Registry value set (rule: RegistryEvent)","UtcTime":"2020-09-20 01:18:14.084","Hostname":"WORKSTATION5.theshire.local","RuleName":"-","tags":["mordorDataset"]}
{"Keywords":-9214364837600034816,"SeverityValue":2,"SubjectDomainName":"THESHIRE","EventID":4690,"ProviderGuid":"{54849625-5478-4994-A5BA-3E3B0328C30D}","ExecutionProcessID":4,"Channel":"Security","host":"wec.internal.cloudapp.net","SubjectUserSid":"S-1-5-21-4228717743-1032521047-1810997296-1104","EventReceivedTime":"2020-09-19 21:18:14","ProcessId":"0x1088","ThreadID":6668,"EventType":"AUDIT_SUCCESS","Opcode":"Info","EventTime":"2020-09-19 21:18:13","Message":"An attempt was made to duplicate a handle to an object.\r\n\r\nSubject:\r\n\tSecurity ID:\t\tS-1-5-21-4228717743-1032521047-1810997296-1104\r\n\tAccount Name:\t\tpgustavo\r\n\tAccount Domain:\t\tTHESHIRE\r\n\tLogon ID:\t\t0x2B78CD\r\n\r\nSource Handle Information:\r\n\tSource Handle ID:\t0x158\r\n\tSource Process ID:\t0x1088\r\n\r\nNew Handle Information:\r\n\tTarget Handle ID:\t0x2758\r\n\tTarget Process ID:\t0x4","SourceHandleId":"0x158","TargetHandleId":"0x2758","@timestamp":"2020-09-20T01:18:14.964Z","SubjectLogonId":"0x2b78cd","SourceModuleType":"im_msvistalog","port":64545,"RecordNumber":466949,"SubjectUserName":"pgustavo","SourceProcessId":"0x1088","Task":12807,"@version":"1","OpcodeValue":0,"SourceModuleName":"eventlog","Severity":"INFO","SourceName":"Microsoft-Windows-Security-Auditing","Version":0,"TargetProcessId":"0x4","Category":"Handle Manipulation","tags":["mordorDataset"],"Hostname":"WORKSTATION5.theshire.local"}
{"Keywords":-9223372036854775808,"SeverityValue":2,"TargetObject":"HKU\\S-1-5-21-4228717743-1032521047-1810997296-1104\\Software\\Microsoft\\Windows\\CurrentVersion\\Internet Settings\\ZoneMap\\UNCAsIntranet","EventTypeOrignal":"INFO","EventID":13,"ProviderGuid":"{5770385F-C22A-43E0-BF4C-06F5698FFBD9}","ExecutionProcessID":9848,"host":"wec.internal.cloudapp.net","Channel":"Microsoft-Windows-Sysmon/Operational","UserID":"S-1-5-18","AccountType":"User","ThreadID":7976,"ProcessGuid":"{b34bc01c-add5-5f66-2210-000000000400}","Details":"DWORD (0x00000001)","EventReceivedTime":"2020-09-19 21:18:14","Opcode":"Info","EventTime":"2020-09-19 21:18:14","@timestamp":"2020-09-20T01:18:14.965Z","SourceModuleType":"im_msvistalog","port":64545,"AccountName":"SYSTEM","RecordNumber":1819058,"Task":13,"Domain":"NT AUTHORITY","@version":"1","OpcodeValue":0,"SourceModuleName":"eventlog","Severity":"INFO","SourceName":"Microsoft-Windows-Sysmon","Version":2,"Image":"C:\\Windows\\Microsoft.NET\\Framework64\\v4.0.30319\\InstallUtil.exe","Category":"Registry value set (rule: RegistryEvent)","UtcTime":"2020-09-20 01:18:14.084","Hostname":"WORKSTATION5.theshire.local","RuleName":"-","tags":["mordorDataset"]}
{"Keywords":-9214364837600034816,"SeverityValue":2,"SubjectDomainName":"THESHIRE","EventID":4658,"ProviderGuid":"{54849625-5478-4994-A5BA-3E3B0328C30D}","ExecutionProcessID":4,"Channel":"Security","host":"wec.internal.cloudapp.net","SubjectUserSid":"S-1-5-21-4228717743-1032521047-1810997296-1104","EventReceivedTime":"2020-09-19 21:18:14","ProcessId":"0x1088","ThreadID":6668,"EventType":"AUDIT_SUCCESS","Opcode":"Info","EventTime":"2020-09-19 21:18:13","Message":"The handle to an object was closed.\r\n\r\nSubject :\r\n\tSecurity ID:\t\tS-1-5-21-4228717743-1032521047-1810997296-1104\r\n\tAccount Name:\t\tpgustavo\r\n\tAccount Domain:\t\tTHESHIRE\r\n\tLogon ID:\t\t0x2B78CD\r\n\r\nObject:\r\n\tObject Server:\t\tSecurity\r\n\tHandle ID:\t\t0x2758\r\n\r\nProcess Information:\r\n\tProcess ID:\t\t0x1088\r\n\tProcess Name:\t\tC:\\Windows\\Microsoft.NET\\Framework64\\v4.0.30319\\InstallUtil.exe","@timestamp":"2020-09-20T01:18:14.965Z","ObjectServer":"Security","SubjectLogonId":"0x2b78cd","SourceModuleType":"im_msvistalog","port":64545,"ProcessName":"C:\\Windows\\Microsoft.NET\\Framework64\\v4.0.30319\\InstallUtil.exe","RecordNumber":466950,"SubjectUserName":"pgustavo","Task":12801,"@version":"1","OpcodeValue":0,"SourceModuleName":"eventlog","Severity":"INFO","HandleId":"0x2758","SourceName":"Microsoft-Windows-Security-Auditing","Version":0,"Category":"Registry","tags":["mordorDataset"],"Hostname":"WORKSTATION5.theshire.local"}
{"Keywords":-9223372036854775808,"SeverityValue":2,"TargetObject":"HKU\\S-1-5-21-4228717743-1032521047-1810997296-1104\\Software\\Microsoft\\Windows\\CurrentVersion\\Internet Settings\\ZoneMap\\AutoDetect","EventTypeOrignal":"INFO","EventID":13,"ProviderGuid":"{5770385F-C22A-43E0-BF4C-06F5698FFBD9}","ExecutionProcessID":9848,"host":"wec.internal.cloudapp.net","Channel":"Microsoft-Windows-Sysmon/Operational","UserID":"S-1-5-18","AccountType":"User","ThreadID":7976,"ProcessGuid":"{b34bc01c-add5-5f66-2210-000000000400}","Details":"DWORD (0x00000000)","EventReceivedTime":"2020-09-19 21:18:14","Opcode":"Info","EventTime":"2020-09-19 21:18:14","@timestamp":"2020-09-20T01:18:14.966Z","SourceModuleType":"im_msvistalog","port":64545,"AccountName":"SYSTEM","RecordNumber":1819059,"Task":13,"Domain":"NT AUTHORITY","@version":"1","OpcodeValue":0,"SourceModuleName":"eventlog","Severity":"INFO","SourceName":"Microsoft-Windows-Sysmon","Version":2,"Image":"C:\\Windows\\Microsoft.NET\\Framework64\\v4.0.30319\\InstallUtil.exe","Category":"Registry value set (rule: RegistryEvent)","UtcTime":"2020-09-20 01:18:14.084","Hostname":"WORKSTATION5.theshire.local","RuleName":"-","tags":["mordorDataset"]}
{"ImageLoaded":"C:\\Windows\\System32\\oleaut32.dll","SeverityValue":2,"EventReceivedTime":"2020-09-19 21:18:14","EventID":7,"ProviderGuid":"{5770385F-C22A-43E0-BF4C-06F5698FFBD9}","ExecutionProcessID":9848,"Channel":"Microsoft-Windows-Sysmon/Operational","host":"wec.internal.cloudapp.net","AccountType":"User","ProcessGuid":"{b34bc01c-add5-5f66-2210-000000000400}","Opcode":"Info","EventTime":"2020-09-19 21:18:14","Signed":"true","SourceModuleType":"im_msvistalog","AccountName":"SYSTEM","Domain":"NT AUTHORITY","@version":"1","OpcodeValue":0,"SignatureStatus":"Valid","Severity":"INFO","Hashes":"SHA1=EF5BE564B84A7DE92B12ACBCD69D5F580FABCD89,MD5=9EE967CF9B388C7FAAEC9F04700EB47B,SHA256=CF34BADD43D9E69CA9F01352C4D89C9FD9F4AB53832B1589215A8544462F346D,IMPHASH=F010E2DB51A2E86CCF6052A1ACC0854F","SourceName":"Microsoft-Windows-Sysmon","Description":"OLEAUT32.DLL","Category":"Image loaded (rule: ImageLoad)","Company":"Microsoft Corporation","Keywords":-9223372036854775808,"FileVersion":"10.0.18362.959 (WinBuild.160101.0800)","UserID":"S-1-5-18","ThreadID":7976,"EventType":"INFO","@timestamp":"2020-09-20T01:18:14.966Z","port":64545,"RecordNumber":1819060,"Task":7,"Signature":"Microsoft Windows","SourceModuleName":"eventlog","Version":3,"Product":"Microsoft Windows Operating System","Image":"C:\\Windows\\Microsoft.NET\\Framework64\\v4.0.30319\\InstallUtil.exe","OriginalFileName":"OLEAUT32.DLL","UtcTime":"2020-09-20 01:18:14.100","Hostname":"WORKSTATION5.theshire.local","RuleName":"-","tags":["mordorDataset"]}
{"SeverityValue":2,"SubjectDomainName":"THESHIRE","EventReceivedTime":"2020-09-19 21:18:14","EventID":4656,"ProviderGuid":"{54849625-5478-4994-A5BA-3E3B0328C30D}","ExecutionProcessID":4,"Channel":"Security","host":"wec.internal.cloudapp.net","ProcessId":"0x1088","Opcode":"Info","EventTime":"2020-09-19 21:18:13","TransactionId":"{00000000-0000-0000-0000-000000000000}","ObjectServer":"Security","AccessMask":"0x20019","SourceModuleType":"im_msvistalog","ProcessName":"C:\\Windows\\Microsoft.NET\\Framework64\\v4.0.30319\\InstallUtil.exe","@version":"1","OpcodeValue":0,"Severity":"INFO","HandleId":"0x158","ObjectName":"\\REGISTRY\\MACHINE\\SOFTWARE\\Microsoft\\.NETFramework","SourceName":"Microsoft-Windows-Security-Auditing","Category":"Registry","Keywords":-9214364837600034816,"ObjectType":"Key","SubjectUserSid":"S-1-5-21-4228717743-1032521047-1810997296-1104","ThreadID":6668,"EventType":"AUDIT_SUCCESS","Message":"A handle to an object was requested.\r\n\r\nSubject:\r\n\tSecurity ID:\t\tS-1-5-21-4228717743-1032521047-1810997296-1104\r\n\tAccount Name:\t\tpgustavo\r\n\tAccount Domain:\t\tTHESHIRE\r\n\tLogon ID:\t\t0x2B78CD\r\n\r\nObject:\r\n\tObject Server:\t\tSecurity\r\n\tObject Type:\t\tKey\r\n\tObject Name:\t\t\\REGISTRY\\MACHINE\\SOFTWARE\\Microsoft\\.NETFramework\r\n\tHandle ID:\t\t0x158\r\n\tResource Attributes:\t-\r\n\r\nProcess Information:\r\n\tProcess ID:\t\t0x1088\r\n\tProcess Name:\t\tC:\\Windows\\Microsoft.NET\\Framework64\\v4.0.30319\\InstallUtil.exe\r\n\r\nAccess Request Information:\r\n\tTransaction ID:\t\t{00000000-0000-0000-0000-000000000000}\r\n\tAccesses:\t\tREAD_CONTROL\r\n\t\t\t\tQuery key value\r\n\t\t\t\tEnumerate sub-keys\r\n\t\t\t\tNotify about changes to keys\r\n\t\t\t\t\r\n\tAccess Reasons:\t\t-\r\n\tAccess Mask:\t\t0x20019\r\n\tPrivileges Used for Access Check:\t-\r\n\tRestricted SID Count:\t0","AccessReason":"-","PrivilegeList":"-","@timestamp":"2020-09-20T01:18:14.966Z","SubjectLogonId":"0x2b78cd","port":64545,"RecordNumber":466951,"SubjectUserName":"pgustavo","Task":12801,"SourceModuleName":"eventlog","Version":1,"AccessList":"%%1538\r\n\t\t\t\t%%4432\r\n\t\t\t\t%%4435\r\n\t\t\t\t%%4436\r\n\t\t\t\t","RestrictedSidCount":"0","ResourceAttributes":"-","Hostname":"WORKSTATION5.theshire.local","tags":["mordorDataset"]}
{"ImageLoaded":"C:\\Windows\\System32\\propsys.dll","SeverityValue":2,"EventReceivedTime":"2020-09-19 21:18:14","EventID":7,"ProviderGuid":"{5770385F-C22A-43E0-BF4C-06F5698FFBD9}","ExecutionProcessID":9848,"Channel":"Microsoft-Windows-Sysmon/Operational","host":"wec.internal.cloudapp.net","AccountType":"User","ProcessGuid":"{b34bc01c-add5-5f66-2210-000000000400}","Opcode":"Info","EventTime":"2020-09-19 21:18:14","Signed":"true","SourceModuleType":"im_msvistalog","AccountName":"SYSTEM","Domain":"NT AUTHORITY","@version":"1","OpcodeValue":0,"SignatureStatus":"Valid","Severity":"INFO","Hashes":"SHA1=9CC7754BDE825122FB0D3DF16579BD7CC2884B8B,MD5=B6D1AA0F21AC82024879E4EE96B50B56,SHA256=AF6B7199AAB64EBDADDA63B8662878A076A343955B1CF5E9F48C98114EF52BBE,IMPHASH=0D1929519D5C1A55D02774067E6F2181","SourceName":"Microsoft-Windows-Sysmon","Description":"Microsoft Property System","Category":"Image loaded (rule: ImageLoad)","Company":"Microsoft Corporation","Keywords":-9223372036854775808,"FileVersion":"7.0.18362.815 (WinBuild.160101.0800)","UserID":"S-1-5-18","ThreadID":4380,"EventType":"INFO","@timestamp":"2020-09-20T01:18:14.967Z","port":64545,"RecordNumber":1819061,"Task":7,"Signature":"Microsoft Windows","SourceModuleName":"eventlog","Version":3,"Product":"Windows Search","Image":"C:\\Windows\\Microsoft.NET\\Framework64\\v4.0.30319\\InstallUtil.exe","OriginalFileName":"propsys.dll","UtcTime":"2020-09-20 01:18:14.100","Hostname":"WORKSTATION5.theshire.local","RuleName":"-","tags":["mordorDataset"]}
{"Keywords":-9214364837600034816,"SeverityValue":2,"SubjectDomainName":"THESHIRE","EventID":4658,"ProviderGuid":"{54849625-5478-4994-A5BA-3E3B0328C30D}","ExecutionProcessID":4,"Channel":"Security","host":"wec.internal.cloudapp.net","SubjectUserSid":"S-1-5-21-4228717743-1032521047-1810997296-1104","EventReceivedTime":"2020-09-19 21:18:14","ProcessId":"0x1088","ThreadID":6668,"EventType":"AUDIT_SUCCESS","Opcode":"Info","EventTime":"2020-09-19 21:18:13","Message":"The handle to an object was closed.\r\n\r\nSubject :\r\n\tSecurity ID:\t\tS-1-5-21-4228717743-1032521047-1810997296-1104\r\n\tAccount Name:\t\tpgustavo\r\n\tAccount Domain:\t\tTHESHIRE\r\n\tLogon ID:\t\t0x2B78CD\r\n\r\nObject:\r\n\tObject Server:\t\tSecurity\r\n\tHandle ID:\t\t0x158\r\n\r\nProcess Information:\r\n\tProcess ID:\t\t0x1088\r\n\tProcess Name:\t\tC:\\Windows\\Microsoft.NET\\Framework64\\v4.0.30319\\InstallUtil.exe","@timestamp":"2020-09-20T01:18:14.967Z","ObjectServer":"Security","SubjectLogonId":"0x2b78cd","SourceModuleType":"im_msvistalog","port":64545,"ProcessName":"C:\\Windows\\Microsoft.NET\\Framework64\\v4.0.30319\\InstallUtil.exe","RecordNumber":466952,"SubjectUserName":"pgustavo","Task":12801,"@version":"1","OpcodeValue":0,"SourceModuleName":"eventlog","Severity":"INFO","HandleId":"0x158","SourceName":"Microsoft-Windows-Security-Auditing","Version":0,"Category":"Registry","tags":["mordorDataset"],"Hostname":"WORKSTATION5.theshire.local"}
{"ImageLoaded":"C:\\Windows\\assembly\\NativeImages_v4.0.30319_64\\System.Core\\9fa4d9c28359a124319f7913c56490e7\\System.Core.ni.dll","SeverityValue":2,"EventReceivedTime":"2020-09-19 21:18:14","EventID":7,"ProviderGuid":"{5770385F-C22A-43E0-BF4C-06F5698FFBD9}","ExecutionProcessID":9848,"Channel":"Microsoft-Windows-Sysmon/Operational","host":"wec.internal.cloudapp.net","AccountType":"User","ProcessGuid":"{b34bc01c-add5-5f66-2210-000000000400}","Opcode":"Info","EventTime":"2020-09-19 21:18:14","Signed":"false","SourceModuleType":"im_msvistalog","AccountName":"SYSTEM","Domain":"NT AUTHORITY","@version":"1","OpcodeValue":0,"SignatureStatus":"Unavailable","Severity":"INFO","Hashes":"SHA1=2EB79CE412A3AB8C37949D8C7D65A79D19202B52,MD5=8EA37454C022864692BF8E6F74FF5463,SHA256=CEE678038260BA39CF5E5F31CAB294742868280FD09723E9AD7150E1987ED377,IMPHASH=00000000000000000000000000000000","SourceName":"Microsoft-Windows-Sysmon","Description":".NET Framework","Category":"Image loaded (rule: ImageLoad)","Company":"Microsoft Corporation","Keywords":-9223372036854775808,"FileVersion":"4.8.4220.0 built by: NET48REL1LAST_C","UserID":"S-1-5-18","ThreadID":7976,"EventType":"INFO","@timestamp":"2020-09-20T01:18:14.968Z","port":64545,"RecordNumber":1819062,"Task":7,"Signature":"-","SourceModuleName":"eventlog","Version":3,"Product":"Microsoft .NET Framework","Image":"C:\\Windows\\Microsoft.NET\\Framework64\\v4.0.30319\\InstallUtil.exe","OriginalFileName":"System.Core.dll","UtcTime":"2020-09-20 01:18:14.209","Hostname":"WORKSTATION5.theshire.local","RuleName":"-","tags":["mordorDataset"]}
{"Keywords":-9214364837600034816,"SeverityValue":2,"SubjectDomainName":"THESHIRE","EventID":4658,"ProviderGuid":"{54849625-5478-4994-A5BA-3E3B0328C30D}","ExecutionProcessID":4,"Channel":"Security","host":"wec.internal.cloudapp.net","SubjectUserSid":"S-1-5-21-4228717743-1032521047-1810997296-1104","EventReceivedTime":"2020-09-19 21:18:14","ProcessId":"0x1088","ThreadID":6668,"EventType":"AUDIT_SUCCESS","Opcode":"Info","EventTime":"2020-09-19 21:18:13","Message":"The handle to an object was closed.\r\n\r\nSubject :\r\n\tSecurity ID:\t\tS-1-5-21-4228717743-1032521047-1810997296-1104\r\n\tAccount Name:\t\tpgustavo\r\n\tAccount Domain:\t\tTHESHIRE\r\n\tLogon ID:\t\t0x2B78CD\r\n\r\nObject:\r\n\tObject Server:\t\tSecurity\r\n\tHandle ID:\t\t0xb4\r\n\r\nProcess Information:\r\n\tProcess ID:\t\t0x1088\r\n\tProcess Name:\t\tC:\\Windows\\Microsoft.NET\\Framework64\\v4.0.30319\\InstallUtil.exe","@timestamp":"2020-09-20T01:18:14.968Z","ObjectServer":"Security","SubjectLogonId":"0x2b78cd","SourceModuleType":"im_msvistalog","port":64545,"ProcessName":"C:\\Windows\\Microsoft.NET\\Framework64\\v4.0.30319\\InstallUtil.exe","RecordNumber":466953,"SubjectUserName":"pgustavo","Task":12801,"@version":"1","OpcodeValue":0,"SourceModuleName":"eventlog","Severity":"INFO","HandleId":"0xb4","SourceName":"Microsoft-Windows-Security-Auditing","Version":0,"Category":"Registry","tags":["mordorDataset"],"Hostname":"WORKSTATION5.theshire.local"}
{"Keywords":-9214364837600034816,"SeverityValue":2,"SubjectDomainName":"THESHIRE","EventID":4690,"ProviderGuid":"{54849625-5478-4994-A5BA-3E3B0328C30D}","ExecutionProcessID":4,"Channel":"Security","host":"wec.internal.cloudapp.net","SubjectUserSid":"S-1-5-21-4228717743-1032521047-1810997296-1104","EventReceivedTime":"2020-09-19 21:18:14","ProcessId":"0x1088","ThreadID":6668,"EventType":"AUDIT_SUCCESS","Opcode":"Info","EventTime":"2020-09-19 21:18:13","Message":"An attempt was made to duplicate a handle to an object.\r\n\r\nSubject:\r\n\tSecurity ID:\t\tS-1-5-21-4228717743-1032521047-1810997296-1104\r\n\tAccount Name:\t\tpgustavo\r\n\tAccount Domain:\t\tTHESHIRE\r\n\tLogon ID:\t\t0x2B78CD\r\n\r\nSource Handle Information:\r\n\tSource Handle ID:\t0x168\r\n\tSource Process ID:\t0x1088\r\n\r\nNew Handle Information:\r\n\tTarget Handle ID:\t0x2758\r\n\tTarget Process ID:\t0x4","SourceHandleId":"0x168","TargetHandleId":"0x2758","@timestamp":"2020-09-20T01:18:14.968Z","SubjectLogonId":"0x2b78cd","SourceModuleType":"im_msvistalog","port":64545,"RecordNumber":466954,"SubjectUserName":"pgustavo","SourceProcessId":"0x1088","Task":12807,"@version":"1","OpcodeValue":0,"SourceModuleName":"eventlog","Severity":"INFO","SourceName":"Microsoft-Windows-Security-Auditing","Version":0,"TargetProcessId":"0x4","Category":"Handle Manipulation","tags":["mordorDataset"],"Hostname":"WORKSTATION5.theshire.local"}
{"ImageLoaded":"C:\\Windows\\assembly\\NativeImages_v4.0.30319_64\\System.Configuration\\f79f951be1712b7ee10f1db8393b8214\\System.Configuration.ni.dll","SeverityValue":2,"EventReceivedTime":"2020-09-19 21:18:14","EventID":7,"ProviderGuid":"{5770385F-C22A-43E0-BF4C-06F5698FFBD9}","ExecutionProcessID":9848,"Channel":"Microsoft-Windows-Sysmon/Operational","host":"wec.internal.cloudapp.net","AccountType":"User","ProcessGuid":"{b34bc01c-add5-5f66-2210-000000000400}","Opcode":"Info","EventTime":"2020-09-19 21:18:14","Signed":"false","SourceModuleType":"im_msvistalog","AccountName":"SYSTEM","Domain":"NT AUTHORITY","@version":"1","OpcodeValue":0,"SignatureStatus":"Unavailable","Severity":"INFO","Hashes":"SHA1=42B40CA7F93C742FFA3DFDDB389545700FDA85A2,MD5=1CFCD05CCEA1913237E9F7FE40FEAA08,SHA256=441F5D50A3FAE4644351B71ED0D3F55E42FC978469BD7ED13ADDB1C7BD218E8D,IMPHASH=00000000000000000000000000000000","SourceName":"Microsoft-Windows-Sysmon","Description":"System.Configuration.dll","Category":"Image loaded (rule: ImageLoad)","Company":"Microsoft Corporation","Keywords":-9223372036854775808,"FileVersion":"4.8.4190.0 built by: NET48REL1LAST_B","UserID":"S-1-5-18","ThreadID":7976,"EventType":"INFO","@timestamp":"2020-09-20T01:18:14.968Z","port":64545,"RecordNumber":1819063,"Task":7,"Signature":"-","SourceModuleName":"eventlog","Version":3,"Product":"Microsoft .NET Framework","Image":"C:\\Windows\\Microsoft.NET\\Framework64\\v4.0.30319\\InstallUtil.exe","OriginalFileName":"System.Configuration.dll","UtcTime":"2020-09-20 01:18:14.225","Hostname":"WORKSTATION5.theshire.local","RuleName":"-","tags":["mordorDataset"]}
{"Keywords":-9214364837600034816,"SeverityValue":2,"SubjectDomainName":"THESHIRE","EventID":4658,"ProviderGuid":"{54849625-5478-4994-A5BA-3E3B0328C30D}","ExecutionProcessID":4,"Channel":"Security","host":"wec.internal.cloudapp.net","SubjectUserSid":"S-1-5-21-4228717743-1032521047-1810997296-1104","EventReceivedTime":"2020-09-19 21:18:14","ProcessId":"0x1088","ThreadID":6668,"EventType":"AUDIT_SUCCESS","Opcode":"Info","EventTime":"2020-09-19 21:18:13","Message":"The handle to an object was closed.\r\n\r\nSubject :\r\n\tSecurity ID:\t\tS-1-5-21-4228717743-1032521047-1810997296-1104\r\n\tAccount Name:\t\tpgustavo\r\n\tAccount Domain:\t\tTHESHIRE\r\n\tLogon ID:\t\t0x2B78CD\r\n\r\nObject:\r\n\tObject Server:\t\tSecurity\r\n\tHandle ID:\t\t0x2758\r\n\r\nProcess Information:\r\n\tProcess ID:\t\t0x1088\r\n\tProcess Name:\t\tC:\\Windows\\Microsoft.NET\\Framework64\\v4.0.30319\\InstallUtil.exe","@timestamp":"2020-09-20T01:18:14.969Z","ObjectServer":"Security","SubjectLogonId":"0x2b78cd","SourceModuleType":"im_msvistalog","port":64545,"ProcessName":"C:\\Windows\\Microsoft.NET\\Framework64\\v4.0.30319\\InstallUtil.exe","RecordNumber":466955,"SubjectUserName":"pgustavo","Task":12801,"@version":"1","OpcodeValue":0,"SourceModuleName":"eventlog","Severity":"INFO","HandleId":"0x2758","SourceName":"Microsoft-Windows-Security-Auditing","Version":0,"Category":"Registry","tags":["mordorDataset"],"Hostname":"WORKSTATION5.theshire.local"}
{"SeverityValue":2,"SubjectDomainName":"THESHIRE","EventReceivedTime":"2020-09-19 21:18:14","EventID":4656,"ProviderGuid":"{54849625-5478-4994-A5BA-3E3B0328C30D}","ExecutionProcessID":4,"Channel":"Security","host":"wec.internal.cloudapp.net","ProcessId":"0x1088","Opcode":"Info","EventTime":"2020-09-19 21:18:13","TransactionId":"{00000000-0000-0000-0000-000000000000}","ObjectServer":"Security","AccessMask":"0x20019","SourceModuleType":"im_msvistalog","ProcessName":"C:\\Windows\\Microsoft.NET\\Framework64\\v4.0.30319\\InstallUtil.exe","@version":"1","OpcodeValue":0,"Severity":"INFO","HandleId":"0x168","ObjectName":"\\REGISTRY\\MACHINE\\SOFTWARE\\Microsoft\\.NETFramework","SourceName":"Microsoft-Windows-Security-Auditing","Category":"Registry","Keywords":-9214364837600034816,"ObjectType":"Key","SubjectUserSid":"S-1-5-21-4228717743-1032521047-1810997296-1104","ThreadID":6668,"EventType":"AUDIT_SUCCESS","Message":"A handle to an object was requested.\r\n\r\nSubject:\r\n\tSecurity ID:\t\tS-1-5-21-4228717743-1032521047-1810997296-1104\r\n\tAccount Name:\t\tpgustavo\r\n\tAccount Domain:\t\tTHESHIRE\r\n\tLogon ID:\t\t0x2B78CD\r\n\r\nObject:\r\n\tObject Server:\t\tSecurity\r\n\tObject Type:\t\tKey\r\n\tObject Name:\t\t\\REGISTRY\\MACHINE\\SOFTWARE\\Microsoft\\.NETFramework\r\n\tHandle ID:\t\t0x168\r\n\tResource Attributes:\t-\r\n\r\nProcess Information:\r\n\tProcess ID:\t\t0x1088\r\n\tProcess Name:\t\tC:\\Windows\\Microsoft.NET\\Framework64\\v4.0.30319\\InstallUtil.exe\r\n\r\nAccess Request Information:\r\n\tTransaction ID:\t\t{00000000-0000-0000-0000-000000000000}\r\n\tAccesses:\t\tREAD_CONTROL\r\n\t\t\t\tQuery key value\r\n\t\t\t\tEnumerate sub-keys\r\n\t\t\t\tNotify about changes to keys\r\n\t\t\t\t\r\n\tAccess Reasons:\t\t-\r\n\tAccess Mask:\t\t0x20019\r\n\tPrivileges Used for Access Check:\t-\r\n\tRestricted SID Count:\t0","AccessReason":"-","PrivilegeList":"-","@timestamp":"2020-09-20T01:18:14.969Z","SubjectLogonId":"0x2b78cd","port":64545,"RecordNumber":466956,"SubjectUserName":"pgustavo","Task":12801,"SourceModuleName":"eventlog","Version":1,"AccessList":"%%1538\r\n\t\t\t\t%%4432\r\n\t\t\t\t%%4435\r\n\t\t\t\t%%4436\r\n\t\t\t\t","RestrictedSidCount":"0","ResourceAttributes":"-","Hostname":"WORKSTATION5.theshire.local","tags":["mordorDataset"]}
{"Keywords":-9214364837600034816,"SeverityValue":2,"SubjectDomainName":"THESHIRE","EventID":4658,"ProviderGuid":"{54849625-5478-4994-A5BA-3E3B0328C30D}","ExecutionProcessID":4,"Channel":"Security","host":"wec.internal.cloudapp.net","SubjectUserSid":"S-1-5-21-4228717743-1032521047-1810997296-1104","EventReceivedTime":"2020-09-19 21:18:14","ProcessId":"0x1088","ThreadID":6668,"EventType":"AUDIT_SUCCESS","Opcode":"Info","EventTime":"2020-09-19 21:18:13","Message":"The handle to an object was closed.\r\n\r\nSubject :\r\n\tSecurity ID:\t\tS-1-5-21-4228717743-1032521047-1810997296-1104\r\n\tAccount Name:\t\tpgustavo\r\n\tAccount Domain:\t\tTHESHIRE\r\n\tLogon ID:\t\t0x2B78CD\r\n\r\nObject:\r\n\tObject Server:\t\tSecurity\r\n\tHandle ID:\t\t0x168\r\n\r\nProcess Information:\r\n\tProcess ID:\t\t0x1088\r\n\tProcess Name:\t\tC:\\Windows\\Microsoft.NET\\Framework64\\v4.0.30319\\InstallUtil.exe","@timestamp":"2020-09-20T01:18:14.970Z","ObjectServer":"Security","SubjectLogonId":"0x2b78cd","SourceModuleType":"im_msvistalog","port":64545,"ProcessName":"C:\\Windows\\Microsoft.NET\\Framework64\\v4.0.30319\\InstallUtil.exe","RecordNumber":466957,"SubjectUserName":"pgustavo","Task":12801,"@version":"1","OpcodeValue":0,"SourceModuleName":"eventlog","Severity":"INFO","HandleId":"0x168","SourceName":"Microsoft-Windows-Security-Auditing","Version":0,"Category":"Registry","tags":["mordorDataset"],"Hostname":"WORKSTATION5.theshire.local"}
{"Keywords":-9214364837600034816,"SeverityValue":2,"SubjectDomainName":"THESHIRE","EventID":4690,"ProviderGuid":"{54849625-5478-4994-A5BA-3E3B0328C30D}","ExecutionProcessID":4,"Channel":"Security","host":"wec.internal.cloudapp.net","SubjectUserSid":"S-1-5-21-4228717743-1032521047-1810997296-1104","EventReceivedTime":"2020-09-19 21:18:14","ProcessId":"0x1088","ThreadID":6668,"EventType":"AUDIT_SUCCESS","Opcode":"Info","EventTime":"2020-09-19 21:18:13","Message":"An attempt was made to duplicate a handle to an object.\r\n\r\nSubject:\r\n\tSecurity ID:\t\tS-1-5-21-4228717743-1032521047-1810997296-1104\r\n\tAccount Name:\t\tpgustavo\r\n\tAccount Domain:\t\tTHESHIRE\r\n\tLogon ID:\t\t0x2B78CD\r\n\r\nSource Handle Information:\r\n\tSource Handle ID:\t0x168\r\n\tSource Process ID:\t0x1088\r\n\r\nNew Handle Information:\r\n\tTarget Handle ID:\t0x2758\r\n\tTarget Process ID:\t0x4","SourceHandleId":"0x168","TargetHandleId":"0x2758","@timestamp":"2020-09-20T01:18:14.970Z","SubjectLogonId":"0x2b78cd","SourceModuleType":"im_msvistalog","port":64545,"RecordNumber":466958,"SubjectUserName":"pgustavo","SourceProcessId":"0x1088","Task":12807,"@version":"1","OpcodeValue":0,"SourceModuleName":"eventlog","Severity":"INFO","SourceName":"Microsoft-Windows-Security-Auditing","Version":0,"TargetProcessId":"0x4","Category":"Handle Manipulation","tags":["mordorDataset"],"Hostname":"WORKSTATION5.theshire.local"}
{"Keywords":-9214364837600034816,"SeverityValue":2,"SubjectDomainName":"THESHIRE","EventID":4658,"ProviderGuid":"{54849625-5478-4994-A5BA-3E3B0328C30D}","ExecutionProcessID":4,"Channel":"Security","host":"wec.internal.cloudapp.net","SubjectUserSid":"S-1-5-21-4228717743-1032521047-1810997296-1104","EventReceivedTime":"2020-09-19 21:18:14","ProcessId":"0x1088","ThreadID":6668,"EventType":"AUDIT_SUCCESS","Opcode":"Info","EventTime":"2020-09-19 21:18:13","Message":"The handle to an object was closed.\r\n\r\nSubject :\r\n\tSecurity ID:\t\tS-1-5-21-4228717743-1032521047-1810997296-1104\r\n\tAccount Name:\t\tpgustavo\r\n\tAccount Domain:\t\tTHESHIRE\r\n\tLogon ID:\t\t0x2B78CD\r\n\r\nObject:\r\n\tObject Server:\t\tSecurity\r\n\tHandle ID:\t\t0x2758\r\n\r\nProcess Information:\r\n\tProcess ID:\t\t0x1088\r\n\tProcess Name:\t\tC:\\Windows\\Microsoft.NET\\Framework64\\v4.0.30319\\InstallUtil.exe","@timestamp":"2020-09-20T01:18:14.970Z","ObjectServer":"Security","SubjectLogonId":"0x2b78cd","SourceModuleType":"im_msvistalog","port":64545,"ProcessName":"C:\\Windows\\Microsoft.NET\\Framework64\\v4.0.30319\\InstallUtil.exe","RecordNumber":466959,"SubjectUserName":"pgustavo","Task":12801,"@version":"1","OpcodeValue":0,"SourceModuleName":"eventlog","Severity":"INFO","HandleId":"0x2758","SourceName":"Microsoft-Windows-Security-Auditing","Version":0,"Category":"Registry","tags":["mordorDataset"],"Hostname":"WORKSTATION5.theshire.local"}
{"SeverityValue":2,"SubjectDomainName":"THESHIRE","EventReceivedTime":"2020-09-19 21:18:14","EventID":4656,"ProviderGuid":"{54849625-5478-4994-A5BA-3E3B0328C30D}","ExecutionProcessID":4,"Channel":"Security","host":"wec.internal.cloudapp.net","ProcessId":"0x1088","Opcode":"Info","EventTime":"2020-09-19 21:18:13","TransactionId":"{00000000-0000-0000-0000-000000000000}","ObjectServer":"Security","AccessMask":"0x20019","SourceModuleType":"im_msvistalog","ProcessName":"C:\\Windows\\Microsoft.NET\\Framework64\\v4.0.30319\\InstallUtil.exe","@version":"1","OpcodeValue":0,"Severity":"INFO","HandleId":"0x168","ObjectName":"\\REGISTRY\\MACHINE\\SOFTWARE\\Microsoft\\.NETFramework","SourceName":"Microsoft-Windows-Security-Auditing","Category":"Registry","Keywords":-9214364837600034816,"ObjectType":"Key","SubjectUserSid":"S-1-5-21-4228717743-1032521047-1810997296-1104","ThreadID":6668,"EventType":"AUDIT_SUCCESS","Message":"A handle to an object was requested.\r\n\r\nSubject:\r\n\tSecurity ID:\t\tS-1-5-21-4228717743-1032521047-1810997296-1104\r\n\tAccount Name:\t\tpgustavo\r\n\tAccount Domain:\t\tTHESHIRE\r\n\tLogon ID:\t\t0x2B78CD\r\n\r\nObject:\r\n\tObject Server:\t\tSecurity\r\n\tObject Type:\t\tKey\r\n\tObject Name:\t\t\\REGISTRY\\MACHINE\\SOFTWARE\\Microsoft\\.NETFramework\r\n\tHandle ID:\t\t0x168\r\n\tResource Attributes:\t-\r\n\r\nProcess Information:\r\n\tProcess ID:\t\t0x1088\r\n\tProcess Name:\t\tC:\\Windows\\Microsoft.NET\\Framework64\\v4.0.30319\\InstallUtil.exe\r\n\r\nAccess Request Information:\r\n\tTransaction ID:\t\t{00000000-0000-0000-0000-000000000000}\r\n\tAccesses:\t\tREAD_CONTROL\r\n\t\t\t\tQuery key value\r\n\t\t\t\tEnumerate sub-keys\r\n\t\t\t\tNotify about changes to keys\r\n\t\t\t\t\r\n\tAccess Reasons:\t\t-\r\n\tAccess Mask:\t\t0x20019\r\n\tPrivileges Used for Access Check:\t-\r\n\tRestricted SID Count:\t0","AccessReason":"-","PrivilegeList":"-","@timestamp":"2020-09-20T01:18:14.970Z","SubjectLogonId":"0x2b78cd","port":64545,"RecordNumber":466960,"SubjectUserName":"pgustavo","Task":12801,"SourceModuleName":"eventlog","Version":1,"AccessList":"%%1538\r\n\t\t\t\t%%4432\r\n\t\t\t\t%%4435\r\n\t\t\t\t%%4436\r\n\t\t\t\t","RestrictedSidCount":"0","ResourceAttributes":"-","Hostname":"WORKSTATION5.theshire.local","tags":["mordorDataset"]}
{"Keywords":-9218868437227405312,"SeverityValue":4,"SubjectDomainName":"THESHIRE","EventID":4673,"ProviderGuid":"{54849625-5478-4994-A5BA-3E3B0328C30D}","ExecutionProcessID":4,"Channel":"Security","host":"wec.internal.cloudapp.net","SubjectUserSid":"S-1-5-21-4228717743-1032521047-1810997296-1104","EventReceivedTime":"2020-09-19 21:18:15","ProcessId":"0x1088","ThreadID":6668,"EventType":"AUDIT_FAILURE","Opcode":"Info","EventTime":"2020-09-19 21:18:13","Message":"A privileged service was called.\r\n\r\nSubject:\r\n\tSecurity ID:\t\tS-1-5-21-4228717743-1032521047-1810997296-1104\r\n\tAccount Name:\t\tpgustavo\r\n\tAccount Domain:\t\tTHESHIRE\r\n\tLogon ID:\t\t0x2B78CD\r\n\r\nService:\r\n\tServer:\tSecurity\r\n\tService Name:\t-\r\n\r\nProcess:\r\n\tProcess ID:\t0x1088\r\n\tProcess Name:\tC:\\Windows\\Microsoft.NET\\Framework64\\v4.0.30319\\InstallUtil.exe\r\n\r\nService Request Information:\r\n\tPrivileges:\t\tSeCreateGlobalPrivilege","PrivilegeList":"SeCreateGlobalPrivilege","@timestamp":"2020-09-20T01:18:15.973Z","ObjectServer":"Security","SubjectLogonId":"0x2b78cd","SourceModuleType":"im_msvistalog","port":64545,"ProcessName":"C:\\Windows\\Microsoft.NET\\Framework64\\v4.0.30319\\InstallUtil.exe","RecordNumber":466961,"SubjectUserName":"pgustavo","Task":13056,"@version":"1","OpcodeValue":0,"Service":"-","SourceModuleName":"eventlog","Severity":"ERROR","SourceName":"Microsoft-Windows-Security-Auditing","Version":0,"Category":"Sensitive Privilege Use","tags":["mordorDataset"],"Hostname":"WORKSTATION5.theshire.local"}
{"Keywords":-9223372036854775808,"SeverityValue":2,"SourceImage":"C:\\windows\\system32\\svchost.exe","EventID":10,"ProviderGuid":"{5770385F-C22A-43E0-BF4C-06F5698FFBD9}","ExecutionProcessID":3392,"Channel":"Microsoft-Windows-Sysmon/Operational","host":"wec.internal.cloudapp.net","AccountType":"User","UserID":"S-1-5-18","SourceProcessGUID":"{d273d0f0-e867-5f64-1300-000000000800}","ThreadID":5552,"TargetImage":"C:\\windows\\System32\\svchost.exe","GrantedAccess":"0x1000","EventType":"INFO","Opcode":"Info","EventTime":"2020-09-19 21:18:13","EventReceivedTime":"2020-09-19 21:18:15","@timestamp":"2020-09-20T01:18:15.973Z","SourceModuleType":"im_msvistalog","port":64545,"AccountName":"SYSTEM","RecordNumber":2582047,"SourceProcessId":"428","SourceThreadId":"5864","Task":10,"Domain":"NT AUTHORITY","@version":"1","OpcodeValue":0,"SourceModuleName":"eventlog","TargetProcessGUID":"{d273d0f0-e899-5f64-9e00-000000000800}","Severity":"INFO","SourceName":"Microsoft-Windows-Sysmon","Version":3,"TargetProcessId":"6604","Category":"Process accessed (rule: ProcessAccess)","CallTrace":"C:\\windows\\SYSTEM32\\ntdll.dll+9c534|C:\\windows\\System32\\KERNELBASE.dll+6aec5|c:\\windows\\system32\\lsm.dll+1184f|c:\\windows\\system32\\lsm.dll+1172e|C:\\windows\\System32\\RPCRT4.dll+76a53|C:\\windows\\System32\\RPCRT4.dll+da036|C:\\windows\\System32\\RPCRT4.dll+37b1c|C:\\windows\\System32\\RPCRT4.dll+54998|C:\\windows\\System32\\RPCRT4.dll+2c951|C:\\windows\\System32\\RPCRT4.dll+2c20b|C:\\windows\\System32\\RPCRT4.dll+1a86f|C:\\windows\\System32\\RPCRT4.dll+19d1a|C:\\windows\\System32\\RPCRT4.dll+19301|C:\\windows\\System32\\RPCRT4.dll+18d6e|C:\\windows\\System32\\RPCRT4.dll+169a5|C:\\windows\\SYSTEM32\\ntdll.dll+333ed|C:\\windows\\SYSTEM32\\ntdll.dll+34142|C:\\windows\\System32\\KERNEL32.DLL+17bd4|C:\\windows\\SYSTEM32\\ntdll.dll+6ce51","UtcTime":"2020-09-20 01:18:13.538","Hostname":"WORKSTATION6.theshire.local","RuleName":"-","tags":["mordorDataset"]}
{"Keywords":-9223372036854775808,"SeverityValue":2,"SourceImage":"C:\\windows\\system32\\svchost.exe","EventID":10,"ProviderGuid":"{5770385F-C22A-43E0-BF4C-06F5698FFBD9}","ExecutionProcessID":9848,"Channel":"Microsoft-Windows-Sysmon/Operational","host":"wec.internal.cloudapp.net","AccountType":"User","UserID":"S-1-5-18","SourceProcessGUID":"{b34bc01c-7fae-5f63-1000-000000000400}","ThreadID":7976,"TargetImage":"C:\\windows\\System32\\svchost.exe","GrantedAccess":"0x1000","EventType":"INFO","Opcode":"Info","EventTime":"2020-09-19 21:18:14","EventReceivedTime":"2020-09-19 21:18:15","@timestamp":"2020-09-20T01:18:15.974Z","SourceModuleType":"im_msvistalog","port":64545,"AccountName":"SYSTEM","RecordNumber":1819064,"SourceProcessId":"880","SourceThreadId":"9684","Task":10,"Domain":"NT AUTHORITY","@version":"1","OpcodeValue":0,"SourceModuleName":"eventlog","TargetProcessGUID":"{b34bc01c-803f-5f63-5402-000000000400}","Severity":"INFO","SourceName":"Microsoft-Windows-Sysmon","Version":3,"TargetProcessId":"704","Category":"Process accessed (rule: ProcessAccess)","CallTrace":"C:\\windows\\SYSTEM32\\ntdll.dll+9c534|C:\\windows\\SYSTEM32\\psmserviceexthost.dll+222a3|C:\\windows\\SYSTEM32\\psmserviceexthost.dll+1a172|C:\\windows\\SYSTEM32\\psmserviceexthost.dll+19e3b|C:\\windows\\SYSTEM32\\psmserviceexthost.dll+19318|C:\\windows\\SYSTEM32\\ntdll.dll+3081d|C:\\windows\\SYSTEM32\\ntdll.dll+345b4|C:\\windows\\System32\\KERNEL32.DLL+17bd4|C:\\windows\\SYSTEM32\\ntdll.dll+6ce51","UtcTime":"2020-09-20 01:18:14.287","Hostname":"WORKSTATION5.theshire.local","RuleName":"-","tags":["mordorDataset"]}
{"Keywords":-9223372036854775808,"SeverityValue":2,"SourceImage":"C:\\windows\\system32\\svchost.exe","EventID":10,"ProviderGuid":"{5770385F-C22A-43E0-BF4C-06F5698FFBD9}","ExecutionProcessID":9848,"Channel":"Microsoft-Windows-Sysmon/Operational","host":"wec.internal.cloudapp.net","AccountType":"User","UserID":"S-1-5-18","SourceProcessGUID":"{b34bc01c-7fae-5f63-1000-000000000400}","ThreadID":7976,"TargetImage":"C:\\windows\\System32\\svchost.exe","GrantedAccess":"0x1000","EventType":"INFO","Opcode":"Info","EventTime":"2020-09-19 21:18:14","EventReceivedTime":"2020-09-19 21:18:15","@timestamp":"2020-09-20T01:18:15.975Z","SourceModuleType":"im_msvistalog","port":64545,"AccountName":"SYSTEM","RecordNumber":1819065,"SourceProcessId":"880","SourceThreadId":"9684","Task":10,"Domain":"NT AUTHORITY","@version":"1","OpcodeValue":0,"SourceModuleName":"eventlog","TargetProcessGUID":"{b34bc01c-803f-5f63-5402-000000000400}","Severity":"INFO","SourceName":"Microsoft-Windows-Sysmon","Version":3,"TargetProcessId":"704","Category":"Process accessed (rule: ProcessAccess)","CallTrace":"C:\\windows\\SYSTEM32\\ntdll.dll+9c534|C:\\windows\\SYSTEM32\\psmserviceexthost.dll+222a3|C:\\windows\\SYSTEM32\\psmserviceexthost.dll+1a172|C:\\windows\\SYSTEM32\\psmserviceexthost.dll+19e3b|C:\\windows\\SYSTEM32\\psmserviceexthost.dll+19318|C:\\windows\\SYSTEM32\\ntdll.dll+3081d|C:\\windows\\SYSTEM32\\ntdll.dll+345b4|C:\\windows\\System32\\KERNEL32.DLL+17bd4|C:\\windows\\SYSTEM32\\ntdll.dll+6ce51","UtcTime":"2020-09-20 01:18:14.287","Hostname":"WORKSTATION5.theshire.local","RuleName":"-","tags":["mordorDataset"]}
{"ImageLoaded":"C:\\Windows\\assembly\\NativeImages_v4.0.30319_64\\System.Xml\\8711ec25bf256423b1d3266da9f90012\\System.Xml.ni.dll","SeverityValue":2,"EventReceivedTime":"2020-09-19 21:18:15","EventID":7,"ProviderGuid":"{5770385F-C22A-43E0-BF4C-06F5698FFBD9}","ExecutionProcessID":9848,"Channel":"Microsoft-Windows-Sysmon/Operational","host":"wec.internal.cloudapp.net","AccountType":"User","ProcessGuid":"{b34bc01c-add5-5f66-2210-000000000400}","Opcode":"Info","EventTime":"2020-09-19 21:18:14","Signed":"false","SourceModuleType":"im_msvistalog","AccountName":"SYSTEM","Domain":"NT AUTHORITY","@version":"1","OpcodeValue":0,"SignatureStatus":"Unavailable","Severity":"INFO","Hashes":"SHA1=29D847ACAAEBFA5212D38F348C159300C848226D,MD5=BA6BAC9BB8F5059EA2D06B0D00B8CA42,SHA256=D18F8F30B23FBECD3BD277BC10325886B54B40F89667E0FADB246FE021E9FCE1,IMPHASH=00000000000000000000000000000000","SourceName":"Microsoft-Windows-Sysmon","Description":".NET Framework","Category":"Image loaded (rule: ImageLoad)","Company":"Microsoft Corporation","Keywords":-9223372036854775808,"FileVersion":"4.8.3752.0 built by: NET48REL1","UserID":"S-1-5-18","ThreadID":7976,"EventType":"INFO","@timestamp":"2020-09-20T01:18:15.975Z","port":64545,"RecordNumber":1819066,"Task":7,"Signature":"-","SourceModuleName":"eventlog","Version":3,"Product":"Microsoft .NET Framework","Image":"C:\\Windows\\Microsoft.NET\\Framework64\\v4.0.30319\\InstallUtil.exe","OriginalFileName":"System.Xml.dll","UtcTime":"2020-09-20 01:18:14.334","Hostname":"WORKSTATION5.theshire.local","RuleName":"-","tags":["mordorDataset"]}
{"ImageLoaded":"C:\\Windows\\System32\\shell32.dll","SeverityValue":2,"EventReceivedTime":"2020-09-19 21:18:15","EventID":7,"ProviderGuid":"{5770385F-C22A-43E0-BF4C-06F5698FFBD9}","ExecutionProcessID":9848,"Channel":"Microsoft-Windows-Sysmon/Operational","host":"wec.internal.cloudapp.net","AccountType":"User","ProcessGuid":"{b34bc01c-add5-5f66-2210-000000000400}","Opcode":"Info","EventTime":"2020-09-19 21:18:14","Signed":"true","SourceModuleType":"im_msvistalog","AccountName":"SYSTEM","Domain":"NT AUTHORITY","@version":"1","OpcodeValue":0,"SignatureStatus":"Valid","Severity":"INFO","Hashes":"SHA1=EB21D4919DBF6310400D04D81C2752209E53BCC2,MD5=14500F0CBAA1E523A1B695E3BD582000,SHA256=2DB38191D0619097F21C046C4D826558494CA44F7CCA0E45CA1560AAE0E6B46D,IMPHASH=5DE31297232BD99BC22531D7CE95B80E","SourceName":"Microsoft-Windows-Sysmon","Description":"Windows Shell Common Dll","Category":"Image loaded (rule: ImageLoad)","Company":"Microsoft Corporation","Keywords":-9223372036854775808,"FileVersion":"10.0.18362.1049 (WinBuild.160101.0800)","UserID":"S-1-5-18","ThreadID":7976,"EventType":"INFO","@timestamp":"2020-09-20T01:18:15.976Z","port":64545,"RecordNumber":1819067,"Task":7,"Signature":"Microsoft Windows","SourceModuleName":"eventlog","Version":3,"Product":"Microsoft Windows Operating System","Image":"C:\\Windows\\Microsoft.NET\\Framework64\\v4.0.30319\\InstallUtil.exe","OriginalFileName":"SHELL32.DLL","UtcTime":"2020-09-20 01:18:14.334","Hostname":"WORKSTATION5.theshire.local","RuleName":"-","tags":["mordorDataset"]}
{"ImageLoaded":"C:\\Windows\\System32\\cfgmgr32.dll","SeverityValue":2,"EventReceivedTime":"2020-09-19 21:18:15","EventID":7,"ProviderGuid":"{5770385F-C22A-43E0-BF4C-06F5698FFBD9}","ExecutionProcessID":9848,"Channel":"Microsoft-Windows-Sysmon/Operational","host":"wec.internal.cloudapp.net","AccountType":"User","ProcessGuid":"{b34bc01c-add5-5f66-2210-000000000400}","Opcode":"Info","EventTime":"2020-09-19 21:18:14","Signed":"true","SourceModuleType":"im_msvistalog","AccountName":"SYSTEM","Domain":"NT AUTHORITY","@version":"1","OpcodeValue":0,"SignatureStatus":"Valid","Severity":"INFO","Hashes":"SHA1=FA3A718BEED81C7084675E250ADC305677A6B5E4,MD5=3A99A40872AF3B87406CC57DBDF53748,SHA256=96A1DB38C74A81FBA4C4AB29020551364FD1ADA3B6FED789D193C787E757979D,IMPHASH=4B4464C7677B6F07342800F4CF0BA273","SourceName":"Microsoft-Windows-Sysmon","Description":"Configuration Manager DLL","Category":"Image loaded (rule: ImageLoad)","Company":"Microsoft Corporation","Keywords":-9223372036854775808,"FileVersion":"10.0.18362.387 (WinBuild.160101.0800)","UserID":"S-1-5-18","ThreadID":7976,"EventType":"INFO","@timestamp":"2020-09-20T01:18:15.977Z","port":64545,"RecordNumber":1819068,"Task":7,"Signature":"Microsoft Windows","SourceModuleName":"eventlog","Version":3,"Product":"Microsoft Windows Operating System","Image":"C:\\Windows\\Microsoft.NET\\Framework64\\v4.0.30319\\InstallUtil.exe","OriginalFileName":"CFGMGR32.DLL","UtcTime":"2020-09-20 01:18:14.334","Hostname":"WORKSTATION5.theshire.local","RuleName":"-","tags":["mordorDataset"]}
{"ImageLoaded":"C:\\Windows\\System32\\cryptsp.dll","SeverityValue":2,"EventReceivedTime":"2020-09-19 21:18:15","EventID":7,"ProviderGuid":"{5770385F-C22A-43E0-BF4C-06F5698FFBD9}","ExecutionProcessID":9848,"Channel":"Microsoft-Windows-Sysmon/Operational","host":"wec.internal.cloudapp.net","AccountType":"User","ProcessGuid":"{b34bc01c-add5-5f66-2210-000000000400}","Opcode":"Info","EventTime":"2020-09-19 21:18:14","Signed":"true","SourceModuleType":"im_msvistalog","AccountName":"SYSTEM","Domain":"NT AUTHORITY","@version":"1","OpcodeValue":0,"SignatureStatus":"Valid","Severity":"INFO","Hashes":"SHA1=90F229FB5DB52DF3604195B10C48E946684929ED,MD5=ACE18C6797090A1AA259BB8713917F98,SHA256=F5E118F67745792909973717FAE1F9FE68B2619332A4451AD04E0C9072B8D605,IMPHASH=A9B9D04D0B53DC48ABB37BE77AD01B55","SourceName":"Microsoft-Windows-Sysmon","Description":"Cryptographic Service Provider API","Category":"Image loaded (rule: ImageLoad)","Company":"Microsoft Corporation","Keywords":-9223372036854775808,"FileVersion":"10.0.18362.1 (WinBuild.160101.0800)","UserID":"S-1-5-18","ThreadID":7976,"EventType":"INFO","@timestamp":"2020-09-20T01:18:15.977Z","port":64545,"RecordNumber":1819069,"Task":7,"Signature":"Microsoft Windows","SourceModuleName":"eventlog","Version":3,"Product":"Microsoft Windows Operating System","Image":"C:\\Windows\\Microsoft.NET\\Framework64\\v4.0.30319\\InstallUtil.exe","OriginalFileName":"cryptsp.dll","UtcTime":"2020-09-20 01:18:14.334","Hostname":"WORKSTATION5.theshire.local","RuleName":"-","tags":["mordorDataset"]}
