{"RuleName":"-","@timestamp":"2020-10-13T04:26:29.026Z","SignatureStatus":"Valid","Channel":"Microsoft-Windows-Sysmon/Operational","UserID":"S-1-5-18","RecordNumber":205363,"ThreadID":4780,"Image":"C:\\Windows\\System32\\svchost.exe","ProcessId":"2928","Company":"Microsoft Corporation","Version":3,"Hostname":"WORKSTATION6.theshire.local","ImageLoaded":"C:\\Windows\\System32\\wbemcomn.dll","Description":"WMI","EventReceivedTime":"2020-10-13 00:26:28","ProviderGuid":"{5770385F-C22A-43E0-BF4C-06F5698FFBD9}","Signed":"true","UtcTime":"2020-10-13 04:26:28.627","port":61041,"Severity":"INFO","tags":["mordorDataset"],"Task":7,"SourceModuleType":"im_msvistalog","OpcodeValue":0,"EventType":"INFO","ExecutionProcessID":3592,"Opcode":"Info","SourceName":"Microsoft-Windows-Sysmon","Product":"Microsoft® Windows® Operating System","Keywords":-9223372036854775808,"FileVersion":"10.0.18362.1 (WinBuild.160101.0800)","EventID":7,"Domain":"NT AUTHORITY","Category":"Image loaded (rule: ImageLoad)","OriginalFileName":"wbemcomn.dll","@version":"1","AccountName":"SYSTEM","ProcessGuid":"{37c5a1b2-c15f-5f84-5902-000000000400}","host":"wec.internal.cloudapp.net","Hashes":"SHA1=55E3CFD45165D85D68E41DCFA8CDEE7A49748535,MD5=AF1FF79545FD839C3DD08BE291DCDFA0,SHA256=5E3CA3FB6DF4300CE08FAA4DDE075E0289546FA22091C11B2041A2F326B4CF6B,IMPHASH=1DA3FF19E9F7A598F95DC9DD3B4992F3","SeverityValue":2,"EventTime":"2020-10-13 00:26:28","Message":"Image loaded:\r\nRuleName: -\r\nUtcTime: 2020-10-13 04:26:28.627\r\nProcessGuid: {37c5a1b2-c15f-5f84-5902-000000000400}\r\nProcessId: 2928\r\nImage: C:\\Windows\\System32\\svchost.exe\r\nImageLoaded: C:\\Windows\\System32\\wbemcomn.dll\r\nFileVersion: 10.0.18362.1 (WinBuild.160101.0800)\r\nDescription: WMI\r\nProduct: Microsoft® Windows® Operating System\r\nCompany: Microsoft Corporation\r\nOriginalFileName: wbemcomn.dll\r\nHashes: SHA1=55E3CFD45165D85D68E41DCFA8CDEE7A49748535,MD5=AF1FF79545FD839C3DD08BE291DCDFA0,SHA256=5E3CA3FB6DF4300CE08FAA4DDE075E0289546FA22091C11B2041A2F326B4CF6B,IMPHASH=1DA3FF19E9F7A598F95DC9DD3B4992F3\r\nSigned: true\r\nSignature: Microsoft Windows\r\nSignatureStatus: Valid","SourceModuleName":"eventlog","AccountType":"User","Signature":"Microsoft Windows"}
{"EventTypeOrignal":"INFO","RuleName":"-","@timestamp":"2020-10-13T04:26:29.027Z","port":61041,"Severity":"INFO","Task":12,"Channel":"Microsoft-Windows-Sysmon/Operational","UtcTime":"2020-10-13 04:26:28.627","UserID":"S-1-5-18","SourceModuleType":"im_msvistalog","OpcodeValue":0,"tags":["mordorDataset"],"TargetObject":"HKLM\\SOFTWARE\\Microsoft\\Wbem\\CIMOM","ExecutionProcessID":3592,"Opcode":"Info","RecordNumber":205364,"ThreadID":4780,"EventType":"CreateKey","SourceName":"Microsoft-Windows-Sysmon","Keywords":-9223372036854775808,"Image":"C:\\windows\\System32\\svchost.exe","EventID":12,"Domain":"NT AUTHORITY","Category":"Registry object added or deleted (rule: RegistryEvent)","Version":2,"ProcessId":"2928","@version":"1","AccountName":"SYSTEM","ProcessGuid":"{37c5a1b2-c15f-5f84-5902-000000000400}","host":"wec.internal.cloudapp.net","Hostname":"WORKSTATION6.theshire.local","EventReceivedTime":"2020-10-13 00:26:28","SeverityValue":2,"EventTime":"2020-10-13 00:26:28","ProviderGuid":"{5770385F-C22A-43E0-BF4C-06F5698FFBD9}","Message":"Registry object added or deleted:\r\nRuleName: -\r\nEventType: CreateKey\r\nUtcTime: 2020-10-13 04:26:28.627\r\nProcessGuid: {37c5a1b2-c15f-5f84-5902-000000000400}\r\nProcessId: 2928\r\nImage: C:\\windows\\System32\\svchost.exe\r\nTargetObject: HKLM\\SOFTWARE\\Microsoft\\Wbem\\CIMOM","SourceModuleName":"eventlog","AccountType":"User"}
{"UtcTime":"2020-10-13 04:26:27.800","RuleName":"-","@timestamp":"2020-10-13T04:26:29.027Z","port":61041,"Severity":"INFO","Task":11,"Channel":"Microsoft-Windows-Sysmon/Operational","tags":["mordorDataset"],"UserID":"S-1-5-18","SourceModuleType":"im_msvistalog","OpcodeValue":0,"EventType":"INFO","ExecutionProcessID":3312,"Opcode":"Info","RecordNumber":386324,"ThreadID":3444,"SourceName":"Microsoft-Windows-Sysmon","TargetFilename":"C:\\Users\\pgustavo\\AppData\\Local\\Temp\\__PSScriptPolicyTest_zdsoz2gd.d4s.ps1","Keywords":-9223372036854775808,"Image":"C:\\Users\\pgustavo\\Desktop\\GruntHTTP.exe","EventID":11,"Domain":"NT AUTHORITY","Category":"File created (rule: FileCreate)","Version":2,"ProcessId":"3356","@version":"1","AccountName":"SYSTEM","CreationUtcTime":"2020-10-13 04:26:27.800","ProcessGuid":"{71b87c12-d7e5-5f84-0d01-000000000500}","host":"wec.internal.cloudapp.net","Hostname":"WORKSTATION5.theshire.local","EventReceivedTime":"2020-10-13 00:26:28","SeverityValue":2,"EventTime":"2020-10-13 00:26:27","ProviderGuid":"{5770385F-C22A-43E0-BF4C-06F5698FFBD9}","Message":"File created:\r\nRuleName: -\r\nUtcTime: 2020-10-13 04:26:27.800\r\nProcessGuid: {71b87c12-d7e5-5f84-0d01-000000000500}\r\nProcessId: 3356\r\nImage: C:\\Users\\pgustavo\\Desktop\\GruntHTTP.exe\r\nTargetFilename: C:\\Users\\pgustavo\\AppData\\Local\\Temp\\__PSScriptPolicyTest_zdsoz2gd.d4s.ps1\r\nCreationUtcTime: 2020-10-13 04:26:27.800","SourceModuleName":"eventlog","AccountType":"User"}
{"@timestamp":"2020-10-13T04:26:29.028Z","port":61041,"Severity":"INFO","Task":12801,"Channel":"security","tags":["mordorDataset"],"SourceModuleType":"im_msvistalog","OpcodeValue":0,"EventType":"AUDIT_SUCCESS","ExecutionProcessID":4,"Opcode":"Info","RecordNumber":118906,"ThreadID":4396,"SubjectDomainName":"THESHIRE","SubjectLogonId":"0x163d26","SourceName":"Microsoft-Windows-Security-Auditing","Keywords":-9214364837600034816,"HandleId":"0x2fdc","EventID":4658,"Category":"Registry","ProcessId":"0xd1c","Version":0,"@version":"1","host":"wec.internal.cloudapp.net","Hostname":"WORKSTATION5.theshire.local","ProcessName":"C:\\Users\\pgustavo\\Desktop\\GruntHTTP.exe","ObjectServer":"Security","EventReceivedTime":"2020-10-13 00:26:28","SeverityValue":2,"EventTime":"2020-10-13 00:26:27","ProviderGuid":"{54849625-5478-4994-A5BA-3E3B0328C30D}","Message":"The handle to an object was closed.\r\n\r\nSubject :\r\n\tSecurity ID:\t\tS-1-5-21-4107722679-1012484280-3777968168-1104\r\n\tAccount Name:\t\tpgustavo\r\n\tAccount Domain:\t\tTHESHIRE\r\n\tLogon ID:\t\t0x163D26\r\n\r\nObject:\r\n\tObject Server:\t\tSecurity\r\n\tHandle ID:\t\t0x2fdc\r\n\r\nProcess Information:\r\n\tProcess ID:\t\t0xd1c\r\n\tProcess Name:\t\tC:\\Users\\pgustavo\\Desktop\\GruntHTTP.exe","SubjectUserName":"pgustavo","SourceModuleName":"eventlog","SubjectUserSid":"S-1-5-21-4107722679-1012484280-3777968168-1104"}
{"@timestamp":"2020-10-13T04:26:29.028Z","port":61041,"Severity":"INFO","Task":8,"Channel":"Windows PowerShell","tags":["mordorDataset"],"SourceModuleType":"im_msvistalog","EventType":"INFO","ExecutionProcessID":0,"Opcode":"Info","RecordNumber":1288,"ThreadID":0,"SourceName":"PowerShell","Keywords":36028797018963968,"EventID":800,"Category":"Pipeline Execution Details","@version":"1","host":"wec.internal.cloudapp.net","Hostname":"WORKSTATION5.theshire.local","EventReceivedTime":"2020-10-13 00:26:28","SeverityValue":2,"EventTime":"2020-10-13 00:26:28","Message":"Pipeline execution details for command line:     write-host $response\r\n. \r\n\r\nContext Information: \r\n\tDetailSequence=1\r\n\tDetailTotal=1\r\n\r\n\tSequenceNumber=21\r\n\r\n\tUserId=THESHIRE\\pgustavo\r\n\tHostName=Default Host\r\n\tHostVersion=5.1.18362.752\r\n\tHostId=6a9cd99a-65a9-4d55-bad0-83675bbe8a36\r\n\tHostApplication=C:\\Users\\pgustavo\\Desktop\\GruntHTTP.exe\r\n\tEngineVersion=5.1.18362.752\r\n\tRunspaceId=6c03bf89-2445-48f4-b26e-b57a63e9c5d9\r\n\tPipelineId=1\r\n\tScriptName=\r\n\tCommandLine=    write-host $response\r\n \r\n\r\nDetails: \r\nCommandInvocation(Write-Host): \"Write-Host\"\r\nParameterBinding(Write-Host): name=\"Object\"; value=\"<p:Create_OUTPUT xmlns:xsi=\"http://www.w3.org/2001/XMLSchema-instance\" xmlns:p=\"http://schemas.microsoft.com/wbem/wsman/1/wmi/root/cimv2/Win32_Process\" xmlns:cim=\"http://schemas.dmtf.org/wbem/wscim/1/common\" xml:lang=\"en-US\"><p:ProcessId>6440</p:ProcessId><p:ReturnValue>0</p:ReturnValue></p:Create_OUTPUT>, ...\"\r\n","SourceModuleName":"eventlog"}
{"UtcTime":"2020-10-13 04:26:27.800","RuleName":"-","@timestamp":"2020-10-13T04:26:29.028Z","port":61041,"Severity":"INFO","Task":11,"Channel":"Microsoft-Windows-Sysmon/Operational","tags":["mordorDataset"],"UserID":"S-1-5-18","SourceModuleType":"im_msvistalog","OpcodeValue":0,"EventType":"INFO","ExecutionProcessID":3312,"Opcode":"Info","RecordNumber":386325,"ThreadID":3444,"SourceName":"Microsoft-Windows-Sysmon","TargetFilename":"C:\\Users\\pgustavo\\AppData\\Local\\Temp\\__PSScriptPolicyTest_5dmzxjbl.e5j.psm1","Keywords":-9223372036854775808,"Image":"C:\\Users\\pgustavo\\Desktop\\GruntHTTP.exe","EventID":11,"Domain":"NT AUTHORITY","Category":"File created (rule: FileCreate)","Version":2,"ProcessId":"3356","@version":"1","AccountName":"SYSTEM","CreationUtcTime":"2020-10-13 04:26:27.800","ProcessGuid":"{71b87c12-d7e5-5f84-0d01-000000000500}","host":"wec.internal.cloudapp.net","Hostname":"WORKSTATION5.theshire.local","EventReceivedTime":"2020-10-13 00:26:28","SeverityValue":2,"EventTime":"2020-10-13 00:26:27","ProviderGuid":"{5770385F-C22A-43E0-BF4C-06F5698FFBD9}","Message":"File created:\r\nRuleName: -\r\nUtcTime: 2020-10-13 04:26:27.800\r\nProcessGuid: {71b87c12-d7e5-5f84-0d01-000000000500}\r\nProcessId: 3356\r\nImage: C:\\Users\\pgustavo\\Desktop\\GruntHTTP.exe\r\nTargetFilename: C:\\Users\\pgustavo\\AppData\\Local\\Temp\\__PSScriptPolicyTest_5dmzxjbl.e5j.psm1\r\nCreationUtcTime: 2020-10-13 04:26:27.800","SourceModuleName":"eventlog","AccountType":"User"}
{"@timestamp":"2020-10-13T04:26:29.029Z","AccessReason":"-","Channel":"security","SubjectDomainName":"THESHIRE","RecordNumber":118907,"ThreadID":4396,"SubjectLogonId":"0x163d26","TransactionId":"{00000000-0000-0000-0000-000000000000}","ObjectName":"\\REGISTRY\\MACHINE\\SYSTEM\\ControlSet001\\Control\\Session Manager\\Environment","ProcessId":"0xd1c","Version":1,"Hostname":"WORKSTATION5.theshire.local","EventReceivedTime":"2020-10-13 00:26:28","ProviderGuid":"{54849625-5478-4994-A5BA-3E3B0328C30D}","SubjectUserName":"pgustavo","RestrictedSidCount":"0","port":61041,"Severity":"INFO","ResourceAttributes":"-","Task":12801,"tags":["mordorDataset"],"SourceModuleType":"im_msvistalog","OpcodeValue":0,"EventType":"AUDIT_SUCCESS","ExecutionProcessID":4,"Opcode":"Info","ObjectType":"Key","SourceName":"Microsoft-Windows-Security-Auditing","Keywords":-9214364837600034816,"AccessList":"%%1538\r\n\t\t\t\t%%4432\r\n\t\t\t\t%%4435\r\n\t\t\t\t%%4436\r\n\t\t\t\t","HandleId":"0x7d8","EventID":4656,"Category":"Registry","@version":"1","host":"wec.internal.cloudapp.net","AccessMask":"0x20019","ObjectServer":"Security","ProcessName":"C:\\Users\\pgustavo\\Desktop\\GruntHTTP.exe","SeverityValue":2,"EventTime":"2020-10-13 00:26:27","Message":"A handle to an object was requested.\r\n\r\nSubject:\r\n\tSecurity ID:\t\tS-1-5-21-4107722679-1012484280-3777968168-1104\r\n\tAccount Name:\t\tpgustavo\r\n\tAccount Domain:\t\tTHESHIRE\r\n\tLogon ID:\t\t0x163D26\r\n\r\nObject:\r\n\tObject Server:\t\tSecurity\r\n\tObject Type:\t\tKey\r\n\tObject Name:\t\t\\REGISTRY\\MACHINE\\SYSTEM\\ControlSet001\\Control\\Session Manager\\Environment\r\n\tHandle ID:\t\t0x7d8\r\n\tResource Attributes:\t-\r\n\r\nProcess Information:\r\n\tProcess ID:\t\t0xd1c\r\n\tProcess Name:\t\tC:\\Users\\pgustavo\\Desktop\\GruntHTTP.exe\r\n\r\nAccess Request Information:\r\n\tTransaction ID:\t\t{00000000-0000-0000-0000-000000000000}\r\n\tAccesses:\t\tREAD_CONTROL\r\n\t\t\t\tQuery key value\r\n\t\t\t\tEnumerate sub-keys\r\n\t\t\t\tNotify about changes to keys\r\n\t\t\t\t\r\n\tAccess Reasons:\t\t-\r\n\tAccess Mask:\t\t0x20019\r\n\tPrivileges Used for Access Check:\t-\r\n\tRestricted SID Count:\t0","PrivilegeList":"-","SourceModuleName":"eventlog","SubjectUserSid":"S-1-5-21-4107722679-1012484280-3777968168-1104"}
{"EventTypeOrignal":"INFO","RuleName":"-","@timestamp":"2020-10-13T04:26:29.030Z","port":61041,"Severity":"INFO","Task":12,"Channel":"Microsoft-Windows-Sysmon/Operational","UtcTime":"2020-10-13 04:26:28.627","UserID":"S-1-5-18","SourceModuleType":"im_msvistalog","OpcodeValue":0,"tags":["mordorDataset"],"TargetObject":"HKLM\\SOFTWARE\\Microsoft\\Wbem\\CIMOM","ExecutionProcessID":3592,"Opcode":"Info","RecordNumber":205365,"ThreadID":4780,"EventType":"CreateKey","SourceName":"Microsoft-Windows-Sysmon","Keywords":-9223372036854775808,"Image":"C:\\windows\\System32\\svchost.exe","EventID":12,"Domain":"NT AUTHORITY","Category":"Registry object added or deleted (rule: RegistryEvent)","Version":2,"ProcessId":"2928","@version":"1","AccountName":"SYSTEM","ProcessGuid":"{37c5a1b2-c15f-5f84-5902-000000000400}","host":"wec.internal.cloudapp.net","Hostname":"WORKSTATION6.theshire.local","EventReceivedTime":"2020-10-13 00:26:28","SeverityValue":2,"EventTime":"2020-10-13 00:26:28","ProviderGuid":"{5770385F-C22A-43E0-BF4C-06F5698FFBD9}","Message":"Registry object added or deleted:\r\nRuleName: -\r\nEventType: CreateKey\r\nUtcTime: 2020-10-13 04:26:28.627\r\nProcessGuid: {37c5a1b2-c15f-5f84-5902-000000000400}\r\nProcessId: 2928\r\nImage: C:\\windows\\System32\\svchost.exe\r\nTargetObject: HKLM\\SOFTWARE\\Microsoft\\Wbem\\CIMOM","SourceModuleName":"eventlog","AccountType":"User"}
{"@timestamp":"2020-10-13T04:26:29.030Z","port":61041,"Severity":"INFO","Task":8,"Channel":"Windows PowerShell","tags":["mordorDataset"],"SourceModuleType":"im_msvistalog","EventType":"INFO","ExecutionProcessID":0,"Opcode":"Info","RecordNumber":1289,"ThreadID":0,"SourceName":"PowerShell","ERROR_EVT_UNRESOLVED":true,"Keywords":36028797018963968,"EventID":800,"Category":"Pipeline Execution Details","@version":"1","host":"wec.internal.cloudapp.net","Hostname":"WORKSTATION5.theshire.local","EventReceivedTime":"2020-10-13 00:26:28","SeverityValue":2,"EventTime":"2020-10-13 00:26:28","SourceModuleName":"eventlog"}
{"@timestamp":"2020-10-13T04:26:29.030Z","port":61041,"Severity":"INFO","Task":12801,"Channel":"security","ResourceAttributes":"-","SourceModuleType":"im_msvistalog","tags":["mordorDataset"],"OpcodeValue":0,"EventType":"AUDIT_SUCCESS","ExecutionProcessID":4,"Opcode":"Info","RecordNumber":118908,"ThreadID":4396,"SubjectDomainName":"THESHIRE","SubjectLogonId":"0x163d26","SourceName":"Microsoft-Windows-Security-Auditing","ObjectType":"Key","Keywords":-9214364837600034816,"AccessList":"%%4432\r\n\t\t\t\t","HandleId":"0x7d8","EventID":4663,"Category":"Registry","ObjectName":"\\REGISTRY\\MACHINE\\SYSTEM\\ControlSet001\\Control\\Session Manager\\Environment","Version":1,"ProcessId":"0xd1c","@version":"1","host":"wec.internal.cloudapp.net","Hostname":"WORKSTATION5.theshire.local","AccessMask":"0x1","ObjectServer":"Security","ProcessName":"C:\\Users\\pgustavo\\Desktop\\GruntHTTP.exe","EventReceivedTime":"2020-10-13 00:26:28","SeverityValue":2,"EventTime":"2020-10-13 00:26:27","ProviderGuid":"{54849625-5478-4994-A5BA-3E3B0328C30D}","Message":"An attempt was made to access an object.\r\n\r\nSubject:\r\n\tSecurity ID:\t\tS-1-5-21-4107722679-1012484280-3777968168-1104\r\n\tAccount Name:\t\tpgustavo\r\n\tAccount Domain:\t\tTHESHIRE\r\n\tLogon ID:\t\t0x163D26\r\n\r\nObject:\r\n\tObject Server:\t\tSecurity\r\n\tObject Type:\t\tKey\r\n\tObject Name:\t\t\\REGISTRY\\MACHINE\\SYSTEM\\ControlSet001\\Control\\Session Manager\\Environment\r\n\tHandle ID:\t\t0x7d8\r\n\tResource Attributes:\t-\r\n\r\nProcess Information:\r\n\tProcess ID:\t\t0xd1c\r\n\tProcess Name:\t\tC:\\Users\\pgustavo\\Desktop\\GruntHTTP.exe\r\n\r\nAccess Request Information:\r\n\tAccesses:\t\tQuery key value\r\n\t\t\t\t\r\n\tAccess Mask:\t\t0x1","SubjectUserName":"pgustavo","SourceModuleName":"eventlog","SubjectUserSid":"S-1-5-21-4107722679-1012484280-3777968168-1104"}
{"EventTypeOrignal":"INFO","RuleName":"-","@timestamp":"2020-10-13T04:26:29.031Z","port":61041,"Severity":"INFO","Task":12,"Channel":"Microsoft-Windows-Sysmon/Operational","UtcTime":"2020-10-13 04:26:27.800","UserID":"S-1-5-18","SourceModuleType":"im_msvistalog","OpcodeValue":0,"tags":["mordorDataset"],"TargetObject":"HKU\\S-1-5-21-4107722679-1012484280-3777968168-1104\\Software\\Microsoft\\Windows\\CurrentVersion\\WinTrust\\Trust Providers\\Software Publishing","ExecutionProcessID":3312,"Opcode":"Info","RecordNumber":386326,"ThreadID":3444,"EventType":"CreateKey","SourceName":"Microsoft-Windows-Sysmon","Keywords":-9223372036854775808,"Image":"C:\\Users\\pgustavo\\Desktop\\GruntHTTP.exe","EventID":12,"Domain":"NT AUTHORITY","Category":"Registry object added or deleted (rule: RegistryEvent)","Version":2,"ProcessId":"3356","@version":"1","AccountName":"SYSTEM","ProcessGuid":"{71b87c12-d7e5-5f84-0d01-000000000500}","host":"wec.internal.cloudapp.net","Hostname":"WORKSTATION5.theshire.local","EventReceivedTime":"2020-10-13 00:26:28","SeverityValue":2,"EventTime":"2020-10-13 00:26:27","ProviderGuid":"{5770385F-C22A-43E0-BF4C-06F5698FFBD9}","Message":"Registry object added or deleted:\r\nRuleName: -\r\nEventType: CreateKey\r\nUtcTime: 2020-10-13 04:26:27.800\r\nProcessGuid: {71b87c12-d7e5-5f84-0d01-000000000500}\r\nProcessId: 3356\r\nImage: C:\\Users\\pgustavo\\Desktop\\GruntHTTP.exe\r\nTargetObject: HKU\\S-1-5-21-4107722679-1012484280-3777968168-1104\\Software\\Microsoft\\Windows\\CurrentVersion\\WinTrust\\Trust Providers\\Software Publishing","SourceModuleName":"eventlog","AccountType":"User"}
{"@timestamp":"2020-10-13T04:26:29.031Z","port":61041,"Severity":"INFO","Task":4,"Channel":"Windows PowerShell","tags":["mordorDataset"],"SourceModuleType":"im_msvistalog","EventType":"INFO","ExecutionProcessID":0,"Opcode":"Info","RecordNumber":1290,"ThreadID":0,"SourceName":"PowerShell","Keywords":36028797018963968,"EventID":403,"Category":"Engine Lifecycle","@version":"1","host":"wec.internal.cloudapp.net","Hostname":"WORKSTATION5.theshire.local","EventReceivedTime":"2020-10-13 00:26:28","SeverityValue":2,"EventTime":"2020-10-13 00:26:28","Message":"Engine state is changed from Available to Stopped. \r\n\r\nDetails: \r\n\tNewEngineState=Stopped\r\n\tPreviousEngineState=Available\r\n\r\n\tSequenceNumber=25\r\n\r\n\tHostName=Default Host\r\n\tHostVersion=5.1.18362.752\r\n\tHostId=6a9cd99a-65a9-4d55-bad0-83675bbe8a36\r\n\tHostApplication=C:\\Users\\pgustavo\\Desktop\\GruntHTTP.exe\r\n\tEngineVersion=5.1.18362.752\r\n\tRunspaceId=6c03bf89-2445-48f4-b26e-b57a63e9c5d9\r\n\tPipelineId=\r\n\tCommandName=\r\n\tCommandType=\r\n\tScriptName=\r\n\tCommandPath=\r\n\tCommandLine=","SourceModuleName":"eventlog"}
{"@timestamp":"2020-10-13T04:26:29.032Z","port":61041,"Severity":"INFO","Task":12801,"Channel":"security","tags":["mordorDataset"],"SourceModuleType":"im_msvistalog","OpcodeValue":0,"EventType":"AUDIT_SUCCESS","ExecutionProcessID":4,"Opcode":"Info","RecordNumber":118909,"ThreadID":4396,"SubjectDomainName":"THESHIRE","SubjectLogonId":"0x163d26","SourceName":"Microsoft-Windows-Security-Auditing","Keywords":-9214364837600034816,"HandleId":"0x7d8","EventID":4658,"Category":"Registry","ProcessId":"0xd1c","Version":0,"@version":"1","host":"wec.internal.cloudapp.net","Hostname":"WORKSTATION5.theshire.local","ProcessName":"C:\\Users\\pgustavo\\Desktop\\GruntHTTP.exe","ObjectServer":"Security","EventReceivedTime":"2020-10-13 00:26:28","SeverityValue":2,"EventTime":"2020-10-13 00:26:27","ProviderGuid":"{54849625-5478-4994-A5BA-3E3B0328C30D}","Message":"The handle to an object was closed.\r\n\r\nSubject :\r\n\tSecurity ID:\t\tS-1-5-21-4107722679-1012484280-3777968168-1104\r\n\tAccount Name:\t\tpgustavo\r\n\tAccount Domain:\t\tTHESHIRE\r\n\tLogon ID:\t\t0x163D26\r\n\r\nObject:\r\n\tObject Server:\t\tSecurity\r\n\tHandle ID:\t\t0x7d8\r\n\r\nProcess Information:\r\n\tProcess ID:\t\t0xd1c\r\n\tProcess Name:\t\tC:\\Users\\pgustavo\\Desktop\\GruntHTTP.exe","SubjectUserName":"pgustavo","SourceModuleName":"eventlog","SubjectUserSid":"S-1-5-21-4107722679-1012484280-3777968168-1104"}
{"RuleName":"-","@timestamp":"2020-10-13T04:26:29.032Z","SignatureStatus":"Valid","Channel":"Microsoft-Windows-Sysmon/Operational","UserID":"S-1-5-18","RecordNumber":386327,"ThreadID":3444,"Image":"C:\\Users\\pgustavo\\Desktop\\GruntHTTP.exe","ProcessId":"3356","Company":"Microsoft Corporation","Version":3,"Hostname":"WORKSTATION5.theshire.local","ImageLoaded":"C:\\Windows\\System32\\xmllite.dll","Description":"Microsoft XmlLite Library","EventReceivedTime":"2020-10-13 00:26:28","ProviderGuid":"{5770385F-C22A-43E0-BF4C-06F5698FFBD9}","Signed":"true","UtcTime":"2020-10-13 04:26:27.816","port":61041,"Severity":"INFO","tags":["mordorDataset"],"Task":7,"SourceModuleType":"im_msvistalog","OpcodeValue":0,"EventType":"INFO","ExecutionProcessID":3312,"Opcode":"Info","SourceName":"Microsoft-Windows-Sysmon","Product":"Microsoft® Windows® Operating System","Keywords":-9223372036854775808,"FileVersion":"10.0.18362.295 (WinBuild.160101.0800)","EventID":7,"Domain":"NT AUTHORITY","Category":"Image loaded (rule: ImageLoad)","OriginalFileName":"XmlLite.dll","@version":"1","AccountName":"SYSTEM","ProcessGuid":"{71b87c12-d7e5-5f84-0d01-000000000500}","host":"wec.internal.cloudapp.net","Hashes":"SHA1=FB6ADE3D35C1626D7F5850FF769CFAFCA054B361,MD5=57AFA1814E9E233D10E292CEE05B8E75,SHA256=7A60AF81739055B478E6246D13587C3E09C53338CCD143A7C3C9A5A8F4723DCC,IMPHASH=D2E0F3F026362C9BF4BA56FA26B36D50","SeverityValue":2,"EventTime":"2020-10-13 00:26:27","Message":"Image loaded:\r\nRuleName: -\r\nUtcTime: 2020-10-13 04:26:27.816\r\nProcessGuid: {71b87c12-d7e5-5f84-0d01-000000000500}\r\nProcessId: 3356\r\nImage: C:\\Users\\pgustavo\\Desktop\\GruntHTTP.exe\r\nImageLoaded: C:\\Windows\\System32\\xmllite.dll\r\nFileVersion: 10.0.18362.295 (WinBuild.160101.0800)\r\nDescription: Microsoft XmlLite Library\r\nProduct: Microsoft® Windows® Operating System\r\nCompany: Microsoft Corporation\r\nOriginalFileName: XmlLite.dll\r\nHashes: SHA1=FB6ADE3D35C1626D7F5850FF769CFAFCA054B361,MD5=57AFA1814E9E233D10E292CEE05B8E75,SHA256=7A60AF81739055B478E6246D13587C3E09C53338CCD143A7C3C9A5A8F4723DCC,IMPHASH=D2E0F3F026362C9BF4BA56FA26B36D50\r\nSigned: true\r\nSignature: Microsoft Windows\r\nSignatureStatus: Valid","SourceModuleName":"eventlog","AccountType":"User","Signature":"Microsoft Windows"}
{"RuleName":"-","@timestamp":"2020-10-13T04:26:29.033Z","SignatureStatus":"Valid","Channel":"Microsoft-Windows-Sysmon/Operational","UserID":"S-1-5-18","RecordNumber":386328,"ThreadID":3444,"Image":"C:\\Users\\pgustavo\\Desktop\\GruntHTTP.exe","ProcessId":"3356","Company":"Microsoft Corporation","Version":3,"Hostname":"WORKSTATION5.theshire.local","ImageLoaded":"C:\\Windows\\System32\\urlmon.dll","Description":"OLE32 Extensions for Win32","EventReceivedTime":"2020-10-13 00:26:28","ProviderGuid":"{5770385F-C22A-43E0-BF4C-06F5698FFBD9}","Signed":"true","UtcTime":"2020-10-13 04:26:27.831","port":61041,"Severity":"INFO","tags":["mordorDataset"],"Task":7,"SourceModuleType":"im_msvistalog","OpcodeValue":0,"EventType":"INFO","ExecutionProcessID":3312,"Opcode":"Info","SourceName":"Microsoft-Windows-Sysmon","Product":"Internet Explorer","Keywords":-9223372036854775808,"FileVersion":"11.00.18362.815 (WinBuild.160101.0800)","EventID":7,"Domain":"NT AUTHORITY","Category":"Image loaded (rule: ImageLoad)","OriginalFileName":"UrlMon.dll","@version":"1","AccountName":"SYSTEM","ProcessGuid":"{71b87c12-d7e5-5f84-0d01-000000000500}","host":"wec.internal.cloudapp.net","Hashes":"SHA1=2EA4577B34C0955C4E16D6D67DF5F078DF142E7B,MD5=485794D66DD54BEC3E2540D886DF1F38,SHA256=FD3852EFFA554A3ACFDBEA5745E22D338DA3326F45943AD0F97290D6E02B6AB0,IMPHASH=75660DEE439E0444CAA3BB74E19C02F0","SeverityValue":2,"EventTime":"2020-10-13 00:26:27","Message":"Image loaded:\r\nRuleName: -\r\nUtcTime: 2020-10-13 04:26:27.831\r\nProcessGuid: {71b87c12-d7e5-5f84-0d01-000000000500}\r\nProcessId: 3356\r\nImage: C:\\Users\\pgustavo\\Desktop\\GruntHTTP.exe\r\nImageLoaded: C:\\Windows\\System32\\urlmon.dll\r\nFileVersion: 11.00.18362.815 (WinBuild.160101.0800)\r\nDescription: OLE32 Extensions for Win32\r\nProduct: Internet Explorer\r\nCompany: Microsoft Corporation\r\nOriginalFileName: UrlMon.dll\r\nHashes: SHA1=2EA4577B34C0955C4E16D6D67DF5F078DF142E7B,MD5=485794D66DD54BEC3E2540D886DF1F38,SHA256=FD3852EFFA554A3ACFDBEA5745E22D338DA3326F45943AD0F97290D6E02B6AB0,IMPHASH=75660DEE439E0444CAA3BB74E19C02F0\r\nSigned: true\r\nSignature: Microsoft Windows\r\nSignatureStatus: Valid","SourceModuleName":"eventlog","AccountType":"User","Signature":"Microsoft Windows"}
{"SourceProcessId":"0xd1c","@timestamp":"2020-10-13T04:26:29.033Z","port":61041,"Severity":"INFO","Task":12807,"Channel":"security","tags":["mordorDataset"],"SourceModuleType":"im_msvistalog","OpcodeValue":0,"TargetProcessId":"0x4","EventType":"AUDIT_SUCCESS","ExecutionProcessID":4,"Opcode":"Info","RecordNumber":118910,"ThreadID":4396,"SubjectDomainName":"THESHIRE","SubjectLogonId":"0x163d26","SourceName":"Microsoft-Windows-Security-Auditing","TargetHandleId":"0x1778","Keywords":-9214364837600034816,"EventID":4690,"Category":"Handle Manipulation","SourceHandleId":"0x6a4","Version":0,"ProcessId":"0xd1c","@version":"1","host":"wec.internal.cloudapp.net","Hostname":"WORKSTATION5.theshire.local","EventReceivedTime":"2020-10-13 00:26:28","SeverityValue":2,"EventTime":"2020-10-13 00:26:28","ProviderGuid":"{54849625-5478-4994-A5BA-3E3B0328C30D}","Message":"An attempt was made to duplicate a handle to an object.\r\n\r\nSubject:\r\n\tSecurity ID:\t\tS-1-5-21-4107722679-1012484280-3777968168-1104\r\n\tAccount Name:\t\tpgustavo\r\n\tAccount Domain:\t\tTHESHIRE\r\n\tLogon ID:\t\t0x163D26\r\n\r\nSource Handle Information:\r\n\tSource Handle ID:\t0x6a4\r\n\tSource Process ID:\t0xd1c\r\n\r\nNew Handle Information:\r\n\tTarget Handle ID:\t0x1778\r\n\tTarget Process ID:\t0x4","SubjectUserName":"pgustavo","SourceModuleName":"eventlog","SubjectUserSid":"S-1-5-21-4107722679-1012484280-3777968168-1104"}
{"RuleName":"-","@timestamp":"2020-10-13T04:26:29.034Z","SignatureStatus":"Valid","Channel":"Microsoft-Windows-Sysmon/Operational","UserID":"S-1-5-18","RecordNumber":386329,"ThreadID":3444,"Image":"C:\\Users\\pgustavo\\Desktop\\GruntHTTP.exe","ProcessId":"3356","Company":"Microsoft Corporation","Version":3,"Hostname":"WORKSTATION5.theshire.local","ImageLoaded":"C:\\Windows\\System32\\iertutil.dll","Description":"Run time utility for Internet Explorer","EventReceivedTime":"2020-10-13 00:26:29","ProviderGuid":"{5770385F-C22A-43E0-BF4C-06F5698FFBD9}","Signed":"true","UtcTime":"2020-10-13 04:26:27.863","port":61041,"Severity":"INFO","tags":["mordorDataset"],"Task":7,"SourceModuleType":"im_msvistalog","OpcodeValue":0,"EventType":"INFO","ExecutionProcessID":3312,"Opcode":"Info","SourceName":"Microsoft-Windows-Sysmon","Product":"Internet Explorer","Keywords":-9223372036854775808,"FileVersion":"11.00.18362.1049 (WinBuild.160101.0800)","EventID":7,"Domain":"NT AUTHORITY","Category":"Image loaded (rule: ImageLoad)","OriginalFileName":"IeRtUtil.dll","@version":"1","AccountName":"SYSTEM","ProcessGuid":"{71b87c12-d7e5-5f84-0d01-000000000500}","host":"wec.internal.cloudapp.net","Hashes":"SHA1=D9FF5E5E9BF065944E09C18D479BAFDF53B638FA,MD5=C94E136EEF04637A980FEF6EACB75EDF,SHA256=2B6577B2539A3789D642B09C9CE7A597AA8AE095E08918750FA9EA2CF132A592,IMPHASH=8A91E12AED8A0B282C3E51CA39DEC3F4","SeverityValue":2,"EventTime":"2020-10-13 00:26:27","Message":"Image loaded:\r\nRuleName: -\r\nUtcTime: 2020-10-13 04:26:27.863\r\nProcessGuid: {71b87c12-d7e5-5f84-0d01-000000000500}\r\nProcessId: 3356\r\nImage: C:\\Users\\pgustavo\\Desktop\\GruntHTTP.exe\r\nImageLoaded: C:\\Windows\\System32\\iertutil.dll\r\nFileVersion: 11.00.18362.1049 (WinBuild.160101.0800)\r\nDescription: Run time utility for Internet Explorer\r\nProduct: Internet Explorer\r\nCompany: Microsoft Corporation\r\nOriginalFileName: IeRtUtil.dll\r\nHashes: SHA1=D9FF5E5E9BF065944E09C18D479BAFDF53B638FA,MD5=C94E136EEF04637A980FEF6EACB75EDF,SHA256=2B6577B2539A3789D642B09C9CE7A597AA8AE095E08918750FA9EA2CF132A592,IMPHASH=8A91E12AED8A0B282C3E51CA39DEC3F4\r\nSigned: true\r\nSignature: Microsoft Windows\r\nSignatureStatus: Valid","SourceModuleName":"eventlog","AccountType":"User","Signature":"Microsoft Windows"}
{"@timestamp":"2020-10-13T04:26:29.034Z","port":61041,"Severity":"INFO","Task":12801,"Channel":"security","tags":["mordorDataset"],"SourceModuleType":"im_msvistalog","OpcodeValue":0,"EventType":"AUDIT_SUCCESS","ExecutionProcessID":4,"Opcode":"Info","RecordNumber":118911,"ThreadID":4396,"SubjectDomainName":"THESHIRE","SubjectLogonId":"0x163d26","SourceName":"Microsoft-Windows-Security-Auditing","Keywords":-9214364837600034816,"HandleId":"0x1778","EventID":4658,"Category":"Registry","ProcessId":"0xd1c","Version":0,"@version":"1","host":"wec.internal.cloudapp.net","Hostname":"WORKSTATION5.theshire.local","ProcessName":"C:\\Users\\pgustavo\\Desktop\\GruntHTTP.exe","ObjectServer":"Security","EventReceivedTime":"2020-10-13 00:26:29","SeverityValue":2,"EventTime":"2020-10-13 00:26:28","ProviderGuid":"{54849625-5478-4994-A5BA-3E3B0328C30D}","Message":"The handle to an object was closed.\r\n\r\nSubject :\r\n\tSecurity ID:\t\tS-1-5-21-4107722679-1012484280-3777968168-1104\r\n\tAccount Name:\t\tpgustavo\r\n\tAccount Domain:\t\tTHESHIRE\r\n\tLogon ID:\t\t0x163D26\r\n\r\nObject:\r\n\tObject Server:\t\tSecurity\r\n\tHandle ID:\t\t0x1778\r\n\r\nProcess Information:\r\n\tProcess ID:\t\t0xd1c\r\n\tProcess Name:\t\tC:\\Users\\pgustavo\\Desktop\\GruntHTTP.exe","SubjectUserName":"pgustavo","SourceModuleName":"eventlog","SubjectUserSid":"S-1-5-21-4107722679-1012484280-3777968168-1104"}
{"@timestamp":"2020-10-13T04:26:29.034Z","AccessReason":"-","Channel":"security","SubjectDomainName":"THESHIRE","RecordNumber":118912,"ThreadID":4396,"SubjectLogonId":"0x163d26","TransactionId":"{00000000-0000-0000-0000-000000000000}","ObjectName":"\\REGISTRY\\MACHINE\\SOFTWARE\\Microsoft\\.NETFramework","ProcessId":"0xd1c","Version":1,"Hostname":"WORKSTATION5.theshire.local","EventReceivedTime":"2020-10-13 00:26:29","ProviderGuid":"{54849625-5478-4994-A5BA-3E3B0328C30D}","SubjectUserName":"pgustavo","RestrictedSidCount":"0","port":61041,"Severity":"INFO","ResourceAttributes":"-","Task":12801,"tags":["mordorDataset"],"SourceModuleType":"im_msvistalog","OpcodeValue":0,"EventType":"AUDIT_SUCCESS","ExecutionProcessID":4,"Opcode":"Info","ObjectType":"Key","SourceName":"Microsoft-Windows-Security-Auditing","Keywords":-9214364837600034816,"AccessList":"%%1538\r\n\t\t\t\t%%4432\r\n\t\t\t\t%%4435\r\n\t\t\t\t%%4436\r\n\t\t\t\t","HandleId":"0x6a4","EventID":4656,"Category":"Registry","@version":"1","host":"wec.internal.cloudapp.net","AccessMask":"0x20019","ObjectServer":"Security","ProcessName":"C:\\Users\\pgustavo\\Desktop\\GruntHTTP.exe","SeverityValue":2,"EventTime":"2020-10-13 00:26:28","Message":"A handle to an object was requested.\r\n\r\nSubject:\r\n\tSecurity ID:\t\tS-1-5-21-4107722679-1012484280-3777968168-1104\r\n\tAccount Name:\t\tpgustavo\r\n\tAccount Domain:\t\tTHESHIRE\r\n\tLogon ID:\t\t0x163D26\r\n\r\nObject:\r\n\tObject Server:\t\tSecurity\r\n\tObject Type:\t\tKey\r\n\tObject Name:\t\t\\REGISTRY\\MACHINE\\SOFTWARE\\Microsoft\\.NETFramework\r\n\tHandle ID:\t\t0x6a4\r\n\tResource Attributes:\t-\r\n\r\nProcess Information:\r\n\tProcess ID:\t\t0xd1c\r\n\tProcess Name:\t\tC:\\Users\\pgustavo\\Desktop\\GruntHTTP.exe\r\n\r\nAccess Request Information:\r\n\tTransaction ID:\t\t{00000000-0000-0000-0000-000000000000}\r\n\tAccesses:\t\tREAD_CONTROL\r\n\t\t\t\tQuery key value\r\n\t\t\t\tEnumerate sub-keys\r\n\t\t\t\tNotify about changes to keys\r\n\t\t\t\t\r\n\tAccess Reasons:\t\t-\r\n\tAccess Mask:\t\t0x20019\r\n\tPrivileges Used for Access Check:\t-\r\n\tRestricted SID Count:\t0","PrivilegeList":"-","SourceModuleName":"eventlog","SubjectUserSid":"S-1-5-21-4107722679-1012484280-3777968168-1104"}
{"UtcTime":"2020-10-13 04:26:27.878","RuleName":"-","@timestamp":"2020-10-13T04:26:29.035Z","port":61041,"Severity":"INFO","Task":23,"Channel":"Microsoft-Windows-Sysmon/Operational","tags":["mordorDataset"],"UserID":"S-1-5-18","SourceModuleType":"im_msvistalog","OpcodeValue":0,"EventType":"INFO","ExecutionProcessID":3312,"Opcode":"Info","RecordNumber":386330,"ThreadID":3444,"Archived":"true","SourceName":"Microsoft-Windows-Sysmon","TargetFilename":"C:\\Users\\pgustavo\\AppData\\Local\\Temp\\__PSScriptPolicyTest_zdsoz2gd.d4s.ps1","User":"THESHIRE\\pgustavo","Keywords":-9223372036854775808,"Image":"C:\\Users\\pgustavo\\Desktop\\GruntHTTP.exe","EventID":23,"Domain":"NT AUTHORITY","Category":"File Delete (rule: FileDelete)","Version":5,"ProcessId":"3356","@version":"1","AccountName":"SYSTEM","ProcessGuid":"{71b87c12-d7e5-5f84-0d01-000000000500}","host":"wec.internal.cloudapp.net","Hashes":"SHA1=6AB83620379FC69F80C0242105DDFFD7D98D5D9D,MD5=D17FE0A3F47BE24A6453E9EF58C94641,SHA256=96AD1146EB96877EAB5942AE0736B82D8B5E2039A80D3D6932665C1A4C87DCF7,IMPHASH=00000000000000000000000000000000","Hostname":"WORKSTATION5.theshire.local","EventReceivedTime":"2020-10-13 00:26:29","SeverityValue":2,"EventTime":"2020-10-13 00:26:27","ProviderGuid":"{5770385F-C22A-43E0-BF4C-06F5698FFBD9}","Message":"File Delete:\r\nRuleName: -\r\nUtcTime: 2020-10-13 04:26:27.878\r\nProcessGuid: {71b87c12-d7e5-5f84-0d01-000000000500}\r\nProcessId: 3356\r\nUser: THESHIRE\\pgustavo\r\nImage: C:\\Users\\pgustavo\\Desktop\\GruntHTTP.exe\r\nTargetFilename: C:\\Users\\pgustavo\\AppData\\Local\\Temp\\__PSScriptPolicyTest_zdsoz2gd.d4s.ps1\r\nHashes: SHA1=6AB83620379FC69F80C0242105DDFFD7D98D5D9D,MD5=D17FE0A3F47BE24A6453E9EF58C94641,SHA256=96AD1146EB96877EAB5942AE0736B82D8B5E2039A80D3D6932665C1A4C87DCF7,IMPHASH=00000000000000000000000000000000\r\nIsExecutable: false\r\nArchived: true","IsExecutable":"false","SourceModuleName":"eventlog","AccountType":"User"}
{"RuleName":"-","@timestamp":"2020-10-13T04:26:29.035Z","SignatureStatus":"Valid","Channel":"Microsoft-Windows-Sysmon/Operational","UserID":"S-1-5-18","RecordNumber":205366,"ThreadID":4780,"Image":"C:\\Windows\\System32\\svchost.exe","ProcessId":"2928","Company":"Microsoft Corporation","Version":3,"Hostname":"WORKSTATION6.theshire.local","ImageLoaded":"C:\\Windows\\System32\\wbem\\wbemsvc.dll","Description":"WMI","EventReceivedTime":"2020-10-13 00:26:29","ProviderGuid":"{5770385F-C22A-43E0-BF4C-06F5698FFBD9}","Signed":"true","UtcTime":"2020-10-13 04:26:28.627","port":61041,"Severity":"INFO","tags":["mordorDataset"],"Task":7,"SourceModuleType":"im_msvistalog","OpcodeValue":0,"EventType":"INFO","ExecutionProcessID":3592,"Opcode":"Info","SourceName":"Microsoft-Windows-Sysmon","Product":"Microsoft® Windows® Operating System","Keywords":-9223372036854775808,"FileVersion":"10.0.18362.1 (WinBuild.160101.0800)","EventID":7,"Domain":"NT AUTHORITY","Category":"Image loaded (rule: ImageLoad)","OriginalFileName":"wbemsvc.dll","@version":"1","AccountName":"SYSTEM","ProcessGuid":"{37c5a1b2-c15f-5f84-5902-000000000400}","host":"wec.internal.cloudapp.net","Hashes":"SHA1=4E319C84A3B272F4159B00A14E379F27A8CF6888,MD5=1310B0EDDFDD818F34DF7C43A41EE2EE,SHA256=8130E4A2D023862DD0162397DF9123C7D9299B6AA6C5B16F93D015EFA263C803,IMPHASH=1CF44754B099F8487ECC57BDB08B3B52","SeverityValue":2,"EventTime":"2020-10-13 00:26:28","Message":"Image loaded:\r\nRuleName: -\r\nUtcTime: 2020-10-13 04:26:28.627\r\nProcessGuid: {37c5a1b2-c15f-5f84-5902-000000000400}\r\nProcessId: 2928\r\nImage: C:\\Windows\\System32\\svchost.exe\r\nImageLoaded: C:\\Windows\\System32\\wbem\\wbemsvc.dll\r\nFileVersion: 10.0.18362.1 (WinBuild.160101.0800)\r\nDescription: WMI\r\nProduct: Microsoft® Windows® Operating System\r\nCompany: Microsoft Corporation\r\nOriginalFileName: wbemsvc.dll\r\nHashes: SHA1=4E319C84A3B272F4159B00A14E379F27A8CF6888,MD5=1310B0EDDFDD818F34DF7C43A41EE2EE,SHA256=8130E4A2D023862DD0162397DF9123C7D9299B6AA6C5B16F93D015EFA263C803,IMPHASH=1CF44754B099F8487ECC57BDB08B3B52\r\nSigned: true\r\nSignature: Microsoft Windows\r\nSignatureStatus: Valid","SourceModuleName":"eventlog","AccountType":"User","Signature":"Microsoft Windows"}
{"@timestamp":"2020-10-13T04:26:29.035Z","port":61041,"Severity":"INFO","Task":12801,"Channel":"security","tags":["mordorDataset"],"SourceModuleType":"im_msvistalog","OpcodeValue":0,"EventType":"AUDIT_SUCCESS","ExecutionProcessID":4,"Opcode":"Info","RecordNumber":118913,"ThreadID":4396,"SubjectDomainName":"THESHIRE","SubjectLogonId":"0x163d26","SourceName":"Microsoft-Windows-Security-Auditing","Keywords":-9214364837600034816,"HandleId":"0x6a4","EventID":4658,"Category":"Registry","ProcessId":"0xd1c","Version":0,"@version":"1","host":"wec.internal.cloudapp.net","Hostname":"WORKSTATION5.theshire.local","ProcessName":"C:\\Users\\pgustavo\\Desktop\\GruntHTTP.exe","ObjectServer":"Security","EventReceivedTime":"2020-10-13 00:26:29","SeverityValue":2,"EventTime":"2020-10-13 00:26:28","ProviderGuid":"{54849625-5478-4994-A5BA-3E3B0328C30D}","Message":"The handle to an object was closed.\r\n\r\nSubject :\r\n\tSecurity ID:\t\tS-1-5-21-4107722679-1012484280-3777968168-1104\r\n\tAccount Name:\t\tpgustavo\r\n\tAccount Domain:\t\tTHESHIRE\r\n\tLogon ID:\t\t0x163D26\r\n\r\nObject:\r\n\tObject Server:\t\tSecurity\r\n\tHandle ID:\t\t0x6a4\r\n\r\nProcess Information:\r\n\tProcess ID:\t\t0xd1c\r\n\tProcess Name:\t\tC:\\Users\\pgustavo\\Desktop\\GruntHTTP.exe","SubjectUserName":"pgustavo","SourceModuleName":"eventlog","SubjectUserSid":"S-1-5-21-4107722679-1012484280-3777968168-1104"}
{"UtcTime":"2020-10-13 04:26:27.878","RuleName":"-","@timestamp":"2020-10-13T04:26:29.036Z","port":61041,"Severity":"INFO","Task":23,"Channel":"Microsoft-Windows-Sysmon/Operational","tags":["mordorDataset"],"UserID":"S-1-5-18","SourceModuleType":"im_msvistalog","OpcodeValue":0,"EventType":"INFO","ExecutionProcessID":3312,"Opcode":"Info","RecordNumber":386331,"ThreadID":3444,"Archived":"true","SourceName":"Microsoft-Windows-Sysmon","TargetFilename":"C:\\Users\\pgustavo\\AppData\\Local\\Temp\\__PSScriptPolicyTest_5dmzxjbl.e5j.psm1","User":"THESHIRE\\pgustavo","Keywords":-9223372036854775808,"Image":"C:\\Users\\pgustavo\\Desktop\\GruntHTTP.exe","EventID":23,"Domain":"NT AUTHORITY","Category":"File Delete (rule: FileDelete)","Version":5,"ProcessId":"3356","@version":"1","AccountName":"SYSTEM","ProcessGuid":"{71b87c12-d7e5-5f84-0d01-000000000500}","host":"wec.internal.cloudapp.net","Hashes":"SHA1=6AB83620379FC69F80C0242105DDFFD7D98D5D9D,MD5=D17FE0A3F47BE24A6453E9EF58C94641,SHA256=96AD1146EB96877EAB5942AE0736B82D8B5E2039A80D3D6932665C1A4C87DCF7,IMPHASH=00000000000000000000000000000000","Hostname":"WORKSTATION5.theshire.local","EventReceivedTime":"2020-10-13 00:26:29","SeverityValue":2,"EventTime":"2020-10-13 00:26:27","ProviderGuid":"{5770385F-C22A-43E0-BF4C-06F5698FFBD9}","Message":"File Delete:\r\nRuleName: -\r\nUtcTime: 2020-10-13 04:26:27.878\r\nProcessGuid: {71b87c12-d7e5-5f84-0d01-000000000500}\r\nProcessId: 3356\r\nUser: THESHIRE\\pgustavo\r\nImage: C:\\Users\\pgustavo\\Desktop\\GruntHTTP.exe\r\nTargetFilename: C:\\Users\\pgustavo\\AppData\\Local\\Temp\\__PSScriptPolicyTest_5dmzxjbl.e5j.psm1\r\nHashes: SHA1=6AB83620379FC69F80C0242105DDFFD7D98D5D9D,MD5=D17FE0A3F47BE24A6453E9EF58C94641,SHA256=96AD1146EB96877EAB5942AE0736B82D8B5E2039A80D3D6932665C1A4C87DCF7,IMPHASH=00000000000000000000000000000000\r\nIsExecutable: false\r\nArchived: true","IsExecutable":"false","SourceModuleName":"eventlog","AccountType":"User"}
{"RuleName":"-","@timestamp":"2020-10-13T04:26:29.036Z","SignatureStatus":"Valid","Channel":"Microsoft-Windows-Sysmon/Operational","UserID":"S-1-5-18","RecordNumber":205367,"ThreadID":4792,"Image":"C:\\Windows\\System32\\svchost.exe","ProcessId":"2928","Company":"Microsoft Corporation","Version":3,"Hostname":"WORKSTATION6.theshire.local","ImageLoaded":"C:\\Windows\\System32\\WsmWmiPl.dll","Description":"WSMAN WMI Provider","EventReceivedTime":"2020-10-13 00:26:29","ProviderGuid":"{5770385F-C22A-43E0-BF4C-06F5698FFBD9}","Signed":"true","UtcTime":"2020-10-13 04:26:28.627","port":61041,"Severity":"INFO","tags":["mordorDataset"],"Task":7,"SourceModuleType":"im_msvistalog","OpcodeValue":0,"EventType":"INFO","ExecutionProcessID":3592,"Opcode":"Info","SourceName":"Microsoft-Windows-Sysmon","Product":"Microsoft® Windows® Operating System","Keywords":-9223372036854775808,"FileVersion":"10.0.18362.997 (WinBuild.160101.0800)","EventID":7,"Domain":"NT AUTHORITY","Category":"Image loaded (rule: ImageLoad)","OriginalFileName":"WsmWmiPl.dll","@version":"1","AccountName":"SYSTEM","ProcessGuid":"{37c5a1b2-c15f-5f84-5902-000000000400}","host":"wec.internal.cloudapp.net","Hashes":"SHA1=C1A3EAADFA9E41431B0D8368E8B3A81B1AC1884B,MD5=FD4BD02CD5742E4108DE432A5363258E,SHA256=465A15EFD68E8DC18034137DF4199E94C09FF4CA630D5F5783D2F660AA37CA8D,IMPHASH=FAAD03C27E80A490A32D8C00DE15FF50","SeverityValue":2,"EventTime":"2020-10-13 00:26:28","Message":"Image loaded:\r\nRuleName: -\r\nUtcTime: 2020-10-13 04:26:28.627\r\nProcessGuid: {37c5a1b2-c15f-5f84-5902-000000000400}\r\nProcessId: 2928\r\nImage: C:\\Windows\\System32\\svchost.exe\r\nImageLoaded: C:\\Windows\\System32\\WsmWmiPl.dll\r\nFileVersion: 10.0.18362.997 (WinBuild.160101.0800)\r\nDescription: WSMAN WMI Provider\r\nProduct: Microsoft® Windows® Operating System\r\nCompany: Microsoft Corporation\r\nOriginalFileName: WsmWmiPl.dll\r\nHashes: SHA1=C1A3EAADFA9E41431B0D8368E8B3A81B1AC1884B,MD5=FD4BD02CD5742E4108DE432A5363258E,SHA256=465A15EFD68E8DC18034137DF4199E94C09FF4CA630D5F5783D2F660AA37CA8D,IMPHASH=FAAD03C27E80A490A32D8C00DE15FF50\r\nSigned: true\r\nSignature: Microsoft Windows\r\nSignatureStatus: Valid","SourceModuleName":"eventlog","AccountType":"User","Signature":"Microsoft Windows"}
{"SourceProcessId":"0xd1c","@timestamp":"2020-10-13T04:26:29.037Z","port":61041,"Severity":"INFO","Task":12807,"Channel":"security","tags":["mordorDataset"],"SourceModuleType":"im_msvistalog","OpcodeValue":0,"TargetProcessId":"0x4","EventType":"AUDIT_SUCCESS","ExecutionProcessID":4,"Opcode":"Info","RecordNumber":118914,"ThreadID":4396,"SubjectDomainName":"THESHIRE","SubjectLogonId":"0x163d26","SourceName":"Microsoft-Windows-Security-Auditing","TargetHandleId":"0x287c","Keywords":-9214364837600034816,"EventID":4690,"Category":"Handle Manipulation","SourceHandleId":"0x700","Version":0,"ProcessId":"0xd1c","@version":"1","host":"wec.internal.cloudapp.net","Hostname":"WORKSTATION5.theshire.local","EventReceivedTime":"2020-10-13 00:26:29","SeverityValue":2,"EventTime":"2020-10-13 00:26:28","ProviderGuid":"{54849625-5478-4994-A5BA-3E3B0328C30D}","Message":"An attempt was made to duplicate a handle to an object.\r\n\r\nSubject:\r\n\tSecurity ID:\t\tS-1-5-21-4107722679-1012484280-3777968168-1104\r\n\tAccount Name:\t\tpgustavo\r\n\tAccount Domain:\t\tTHESHIRE\r\n\tLogon ID:\t\t0x163D26\r\n\r\nSource Handle Information:\r\n\tSource Handle ID:\t0x700\r\n\tSource Process ID:\t0xd1c\r\n\r\nNew Handle Information:\r\n\tTarget Handle ID:\t0x287c\r\n\tTarget Process ID:\t0x4","SubjectUserName":"pgustavo","SourceModuleName":"eventlog","SubjectUserSid":"S-1-5-21-4107722679-1012484280-3777968168-1104"}
{"EventTypeOrignal":"INFO","RuleName":"-","@timestamp":"2020-10-13T04:26:29.037Z","port":61041,"Severity":"INFO","Task":17,"Channel":"Microsoft-Windows-Sysmon/Operational","UtcTime":"2020-10-13 04:26:28.113","UserID":"S-1-5-18","PipeName":"\\PSHost.132470151417238325.3356.DefaultAppDomain.GruntHTTP","OpcodeValue":0,"SourceModuleType":"im_msvistalog","EventType":"CreatePipe","ExecutionProcessID":3312,"Opcode":"Info","RecordNumber":386332,"ThreadID":3444,"tags":["mordorDataset"],"SourceName":"Microsoft-Windows-Sysmon","Keywords":-9223372036854775808,"Image":"C:\\Users\\pgustavo\\Desktop\\GruntHTTP.exe","EventID":17,"Domain":"NT AUTHORITY","Category":"Pipe Created (rule: PipeEvent)","Version":1,"ProcessId":"3356","@version":"1","AccountName":"SYSTEM","ProcessGuid":"{71b87c12-d7e5-5f84-0d01-000000000500}","host":"wec.internal.cloudapp.net","Hostname":"WORKSTATION5.theshire.local","EventReceivedTime":"2020-10-13 00:26:29","SeverityValue":2,"EventTime":"2020-10-13 00:26:28","ProviderGuid":"{5770385F-C22A-43E0-BF4C-06F5698FFBD9}","Message":"Pipe Created:\r\nRuleName: -\r\nEventType: CreatePipe\r\nUtcTime: 2020-10-13 04:26:28.113\r\nProcessGuid: {71b87c12-d7e5-5f84-0d01-000000000500}\r\nProcessId: 3356\r\nPipeName: \\PSHost.132470151417238325.3356.DefaultAppDomain.GruntHTTP\r\nImage: C:\\Users\\pgustavo\\Desktop\\GruntHTTP.exe","SourceModuleName":"eventlog","AccountType":"User"}
{"RuleName":"-","@timestamp":"2020-10-13T04:26:29.037Z","SignatureStatus":"Valid","Channel":"Microsoft-Windows-Sysmon/Operational","UserID":"S-1-5-18","RecordNumber":205368,"ThreadID":4780,"Image":"C:\\Windows\\System32\\svchost.exe","ProcessId":"2928","Company":"Microsoft Corporation","Version":3,"Hostname":"WORKSTATION6.theshire.local","ImageLoaded":"C:\\Windows\\System32\\wbem\\fastprox.dll","Description":"WMI Custom Marshaller","EventReceivedTime":"2020-10-13 00:26:29","ProviderGuid":"{5770385F-C22A-43E0-BF4C-06F5698FFBD9}","Signed":"true","UtcTime":"2020-10-13 04:26:28.643","port":61041,"Severity":"INFO","tags":["mordorDataset"],"Task":7,"SourceModuleType":"im_msvistalog","OpcodeValue":0,"EventType":"INFO","ExecutionProcessID":3592,"Opcode":"Info","SourceName":"Microsoft-Windows-Sysmon","Product":"Microsoft® Windows® Operating System","Keywords":-9223372036854775808,"FileVersion":"10.0.18362.1 (WinBuild.160101.0800)","EventID":7,"Domain":"NT AUTHORITY","Category":"Image loaded (rule: ImageLoad)","OriginalFileName":"fastprox.dll","@version":"1","AccountName":"SYSTEM","ProcessGuid":"{37c5a1b2-c15f-5f84-5902-000000000400}","host":"wec.internal.cloudapp.net","Hashes":"SHA1=EC1D3D11835E845616264EC5DB8C1F64A5F5D9F9,MD5=18EB21F581376F1DE995FC8EEACD9C52,SHA256=C2B08EA50344FFA822EC7594C0EC7237416465B444F0FE90D6889A0126898FD8,IMPHASH=826E98CB0ED4EFA13382853984A1F38C","SeverityValue":2,"EventTime":"2020-10-13 00:26:28","Message":"Image loaded:\r\nRuleName: -\r\nUtcTime: 2020-10-13 04:26:28.643\r\nProcessGuid: {37c5a1b2-c15f-5f84-5902-000000000400}\r\nProcessId: 2928\r\nImage: C:\\Windows\\System32\\svchost.exe\r\nImageLoaded: C:\\Windows\\System32\\wbem\\fastprox.dll\r\nFileVersion: 10.0.18362.1 (WinBuild.160101.0800)\r\nDescription: WMI Custom Marshaller\r\nProduct: Microsoft® Windows® Operating System\r\nCompany: Microsoft Corporation\r\nOriginalFileName: fastprox.dll\r\nHashes: SHA1=EC1D3D11835E845616264EC5DB8C1F64A5F5D9F9,MD5=18EB21F581376F1DE995FC8EEACD9C52,SHA256=C2B08EA50344FFA822EC7594C0EC7237416465B444F0FE90D6889A0126898FD8,IMPHASH=826E98CB0ED4EFA13382853984A1F38C\r\nSigned: true\r\nSignature: Microsoft Windows\r\nSignatureStatus: Valid","SourceModuleName":"eventlog","AccountType":"User","Signature":"Microsoft Windows"}
{"RuleName":"-","@timestamp":"2020-10-13T04:26:29.038Z","SignatureStatus":"Unavailable","Channel":"Microsoft-Windows-Sysmon/Operational","UserID":"S-1-5-18","RecordNumber":386333,"ThreadID":3216,"Image":"C:\\Users\\pgustavo\\Desktop\\GruntHTTP.exe","ProcessId":"3356","Company":"Microsoft Corporation","Version":3,"Hostname":"WORKSTATION5.theshire.local","ImageLoaded":"C:\\Windows\\assembly\\NativeImages_v4.0.30319_64\\System.Manaa57fc8cc#\\2b598237fb2b2bc2490022f909d58f86\\System.Management.Automation.ni.dll","Description":"System.Management.Automation","EventReceivedTime":"2020-10-13 00:26:29","ProviderGuid":"{5770385F-C22A-43E0-BF4C-06F5698FFBD9}","Signed":"false","UtcTime":"2020-10-13 04:26:27.769","port":61041,"Severity":"INFO","tags":["mordorDataset"],"Task":7,"SourceModuleType":"im_msvistalog","OpcodeValue":0,"EventType":"INFO","ExecutionProcessID":3312,"Opcode":"Info","SourceName":"Microsoft-Windows-Sysmon","Product":"Microsoft (R) Windows (R) Operating System","Keywords":-9223372036854775808,"FileVersion":"10.0.18362.752","EventID":7,"Domain":"NT AUTHORITY","Category":"Image loaded (rule: ImageLoad)","OriginalFileName":"System.Management.Automation.dll","@version":"1","AccountName":"SYSTEM","ProcessGuid":"{71b87c12-d7e5-5f84-0d01-000000000500}","host":"wec.internal.cloudapp.net","Hashes":"SHA1=7B6499A8CB5CAD9398617B79D4B01FE4BB16CB07,MD5=8C0C984DA2E3D234A0EB38DC3EC69721,SHA256=CC79CDF4A37A8076615EF8E11678CC667F434CD553F0A85E41F66998A8FDDC02,IMPHASH=00000000000000000000000000000000","SeverityValue":2,"EventTime":"2020-10-13 00:26:28","Message":"Image loaded:\r\nRuleName: -\r\nUtcTime: 2020-10-13 04:26:27.769\r\nProcessGuid: {71b87c12-d7e5-5f84-0d01-000000000500}\r\nProcessId: 3356\r\nImage: C:\\Users\\pgustavo\\Desktop\\GruntHTTP.exe\r\nImageLoaded: C:\\Windows\\assembly\\NativeImages_v4.0.30319_64\\System.Manaa57fc8cc#\\2b598237fb2b2bc2490022f909d58f86\\System.Management.Automation.ni.dll\r\nFileVersion: 10.0.18362.752\r\nDescription: System.Management.Automation\r\nProduct: Microsoft (R) Windows (R) Operating System\r\nCompany: Microsoft Corporation\r\nOriginalFileName: System.Management.Automation.dll\r\nHashes: SHA1=7B6499A8CB5CAD9398617B79D4B01FE4BB16CB07,MD5=8C0C984DA2E3D234A0EB38DC3EC69721,SHA256=CC79CDF4A37A8076615EF8E11678CC667F434CD553F0A85E41F66998A8FDDC02,IMPHASH=00000000000000000000000000000000\r\nSigned: false\r\nSignature: -\r\nSignatureStatus: Unavailable","SourceModuleName":"eventlog","AccountType":"User","Signature":"-"}
