{"@version":"1","Keywords":-9214364837600034816,"ThreadID":4888,"Version":0,"host":"wec.internal.cloudapp.net","LayerRTID":"36","Message":"The Windows Filtering Platform has permitted a bind to a local port.\r\n\r\nApplication Information:\r\n\tProcess ID:\t\t3356\r\n\tApplication Name:\t\\device\\harddiskvolume2\\windows\\system32\\svchost.exe\r\n\r\nNetwork Information:\r\n\tSource Address:\t\t0.0.0.0\r\n\tSource Port:\t\t59699\r\n\tProtocol:\t\t6\r\n\r\nFilter Information:\r\n\tFilter Run-Time ID:\t0\r\n\tLayer Name:\t\tResource Assignment\r\n\tLayer Run-Time ID:\t36","SourceModuleName":"eventlog","SourceName":"Microsoft-Windows-Security-Auditing","SeverityValue":2,"LayerName":"%%14608","tags":["mordorDataset"],"Channel":"Security","ProviderGuid":"{54849625-5478-4994-A5BA-3E3B0328C30D}","EventID":5158,"RecordNumber":110777,"Hostname":"WORKSTATION5.theshire.local","Category":"Filtering Platform Connection","Opcode":"Info","Protocol":"6","ProcessId":"3356","SourceModuleType":"im_msvistalog","port":53997,"Application":"\\device\\harddiskvolume2\\windows\\system32\\svchost.exe","EventTime":"2020-08-05 02:10:09","SourcePort":"59699","Severity":"INFO","ExecutionProcessID":4,"SourceAddress":"0.0.0.0","OpcodeValue":0,"@timestamp":"2020-08-05T06:10:09.920Z","Task":12810,"EventType":"AUDIT_SUCCESS","EventReceivedTime":"2020-08-05 02:10:09","FilterRTID":"0"}
{"UtcTime":"2020-08-05 06:10:09.199","@version":"1","Keywords":-9223372036854775808,"EventTypeOrignal":"INFO","ThreadID":4452,"UserID":"S-1-5-18","Version":2,"host":"wec.internal.cloudapp.net","Message":"Registry object added or deleted:\r\nRuleName: -\r\nEventType: CreateKey\r\nUtcTime: 2020-08-05 06:10:09.199\r\nProcessGuid: {8715b604-0df2-5f2a-4900-000000000400}\r\nProcessId: 3356\r\nImage: C:\\windows\\System32\\svchost.exe\r\nTargetObject: HKLM\\SOFTWARE\\Microsoft\\Windows\\CurrentVersion\\Diagnostics\\DiagTrack\\HeartBeats\\EndpointErrors","SourceModuleName":"eventlog","ProcessGuid":"{8715b604-0df2-5f2a-4900-000000000400}","SourceName":"Microsoft-Windows-Sysmon","SeverityValue":2,"tags":["mordorDataset"],"Channel":"Microsoft-Windows-Sysmon/Operational","ProviderGuid":"{5770385F-C22A-43E0-BF4C-06F5698FFBD9}","RuleName":"-","EventID":12,"RecordNumber":480091,"TargetObject":"HKLM\\SOFTWARE\\Microsoft\\Windows\\CurrentVersion\\Diagnostics\\DiagTrack\\HeartBeats\\EndpointErrors","Hostname":"WORKSTATION5.theshire.local","ProcessId":"3356","SourceModuleType":"im_msvistalog","Domain":"NT AUTHORITY","port":53997,"EventTime":"2020-08-05 02:10:09","Severity":"INFO","ExecutionProcessID":3484,"AccountName":"SYSTEM","OpcodeValue":0,"@timestamp":"2020-08-05T06:10:09.920Z","Task":12,"EventType":"CreateKey","EventReceivedTime":"2020-08-05 02:10:09","Image":"C:\\windows\\System32\\svchost.exe","AccountType":"User"}
{"@version":"1","Keywords":-9214364837600034816,"ThreadID":4888,"Version":1,"DestAddress":"52.114.76.37","host":"wec.internal.cloudapp.net","LayerRTID":"48","Message":"The Windows Filtering Platform has permitted a connection.\r\n\r\nApplication Information:\r\n\tProcess ID:\t\t3356\r\n\tApplication Name:\t\\device\\harddiskvolume2\\windows\\system32\\svchost.exe\r\n\r\nNetwork Information:\r\n\tDirection:\t\tOutbound\r\n\tSource Address:\t\t172.18.39.5\r\n\tSource Port:\t\t59699\r\n\tDestination Address:\t52.114.76.37\r\n\tDestination Port:\t\t443\r\n\tProtocol:\t\t6\r\n\r\nFilter Information:\r\n\tFilter Run-Time ID:\t68775\r\n\tLayer Name:\t\tConnect\r\n\tLayer Run-Time ID:\t48","SourceModuleName":"eventlog","SourceName":"Microsoft-Windows-Security-Auditing","SeverityValue":2,"LayerName":"%%14611","tags":["mordorDataset"],"Channel":"Security","ProviderGuid":"{54849625-5478-4994-A5BA-3E3B0328C30D}","EventID":5156,"RecordNumber":110778,"Hostname":"WORKSTATION5.theshire.local","Category":"Filtering Platform Connection","Opcode":"Info","Protocol":"6","ProcessId":"3356","SourceModuleType":"im_msvistalog","port":53997,"Application":"\\device\\harddiskvolume2\\windows\\system32\\svchost.exe","EventTime":"2020-08-05 02:10:09","RemoteUserID":"S-1-0-0","SourcePort":"59699","Severity":"INFO","ExecutionProcessID":4,"SourceAddress":"172.18.39.5","OpcodeValue":0,"@timestamp":"2020-08-05T06:10:09.920Z","Task":12810,"DestPort":"443","EventType":"AUDIT_SUCCESS","EventReceivedTime":"2020-08-05 02:10:09","Direction":"%%14593","RemoteMachineID":"S-1-0-0","FilterRTID":"68775"}
{"SubjectUserSid":"S-1-5-21-3669966080-2286457517-972388166-1104","@version":"1","Keywords":-9214364837600034816,"ThreadID":4888,"TargetHandleId":"0x43b0","TargetProcessId":"0x4","Version":0,"host":"wec.internal.cloudapp.net","Message":"An attempt was made to duplicate a handle to an object.\r\n\r\nSubject:\r\n\tSecurity ID:\t\tS-1-5-21-3669966080-2286457517-972388166-1104\r\n\tAccount Name:\t\tpgustavo\r\n\tAccount Domain:\t\tTHESHIRE\r\n\tLogon ID:\t\t0x1FD3FC\r\n\r\nSource Handle Information:\r\n\tSource Handle ID:\t0xb20\r\n\tSource Process ID:\t0xd1c\r\n\r\nNew Handle Information:\r\n\tTarget Handle ID:\t0x43b0\r\n\tTarget Process ID:\t0x4","SourceModuleName":"eventlog","SourceName":"Microsoft-Windows-Security-Auditing","SubjectLogonId":"0x1fd3fc","SeverityValue":2,"SourceProcessId":"0xd1c","tags":["mordorDataset"],"Channel":"Security","ProviderGuid":"{54849625-5478-4994-A5BA-3E3B0328C30D}","EventID":4690,"RecordNumber":110779,"Hostname":"WORKSTATION5.theshire.local","Category":"Handle Manipulation","Opcode":"Info","SubjectDomainName":"THESHIRE","ProcessId":"0xd1c","SourceModuleType":"im_msvistalog","port":53997,"EventTime":"2020-08-05 02:10:09","Severity":"INFO","ExecutionProcessID":4,"SourceHandleId":"0xb20","OpcodeValue":0,"@timestamp":"2020-08-05T06:10:09.920Z","Task":12807,"EventType":"AUDIT_SUCCESS","SubjectUserName":"pgustavo","EventReceivedTime":"2020-08-05 02:10:09"}
{"UtcTime":"2020-08-05 06:10:09.199","@version":"1","Keywords":-9223372036854775808,"EventTypeOrignal":"INFO","ThreadID":4452,"UserID":"S-1-5-18","Version":2,"Details":"DWORD (0x0000000a)","host":"wec.internal.cloudapp.net","Message":"Registry value set:\r\nRuleName: -\r\nEventType: SetValue\r\nUtcTime: 2020-08-05 06:10:09.199\r\nProcessGuid: {8715b604-0df2-5f2a-4900-000000000400}\r\nProcessId: 3356\r\nImage: C:\\windows\\System32\\svchost.exe\r\nTargetObject: HKLM\\SOFTWARE\\Microsoft\\Windows\\CurrentVersion\\Diagnostics\\DiagTrack\\HeartBeats\\EndpointErrors\\SlotCount\r\nDetails: DWORD (0x0000000a)","SourceModuleName":"eventlog","ProcessGuid":"{8715b604-0df2-5f2a-4900-000000000400}","SourceName":"Microsoft-Windows-Sysmon","SeverityValue":2,"tags":["mordorDataset"],"Channel":"Microsoft-Windows-Sysmon/Operational","ProviderGuid":"{5770385F-C22A-43E0-BF4C-06F5698FFBD9}","RuleName":"-","EventID":13,"RecordNumber":480092,"TargetObject":"HKLM\\SOFTWARE\\Microsoft\\Windows\\CurrentVersion\\Diagnostics\\DiagTrack\\HeartBeats\\EndpointErrors\\SlotCount","Hostname":"WORKSTATION5.theshire.local","ProcessId":"3356","SourceModuleType":"im_msvistalog","Domain":"NT AUTHORITY","port":53997,"EventTime":"2020-08-05 02:10:09","Severity":"INFO","ExecutionProcessID":3484,"AccountName":"SYSTEM","OpcodeValue":0,"@timestamp":"2020-08-05T06:10:09.920Z","Task":13,"EventType":"SetValue","EventReceivedTime":"2020-08-05 02:10:09","Image":"C:\\windows\\System32\\svchost.exe","AccountType":"User"}
{"UtcTime":"2020-08-05 06:10:09.199","@version":"1","Keywords":-9223372036854775808,"EventTypeOrignal":"INFO","ThreadID":4452,"UserID":"S-1-5-18","Version":2,"Details":"DWORD (0x00000000)","host":"wec.internal.cloudapp.net","Message":"Registry value set:\r\nRuleName: -\r\nEventType: SetValue\r\nUtcTime: 2020-08-05 06:10:09.199\r\nProcessGuid: {8715b604-0df2-5f2a-4900-000000000400}\r\nProcessId: 3356\r\nImage: C:\\windows\\System32\\svchost.exe\r\nTargetObject: HKLM\\SOFTWARE\\Microsoft\\Windows\\CurrentVersion\\Diagnostics\\DiagTrack\\HeartBeats\\Default\\MaxInUseScenarios\r\nDetails: DWORD (0x00000000)","SourceModuleName":"eventlog","ProcessGuid":"{8715b604-0df2-5f2a-4900-000000000400}","SourceName":"Microsoft-Windows-Sysmon","SeverityValue":2,"tags":["mordorDataset"],"Channel":"Microsoft-Windows-Sysmon/Operational","ProviderGuid":"{5770385F-C22A-43E0-BF4C-06F5698FFBD9}","RuleName":"-","EventID":13,"RecordNumber":480093,"TargetObject":"HKLM\\SOFTWARE\\Microsoft\\Windows\\CurrentVersion\\Diagnostics\\DiagTrack\\HeartBeats\\Default\\MaxInUseScenarios","Hostname":"WORKSTATION5.theshire.local","ProcessId":"3356","SourceModuleType":"im_msvistalog","Domain":"NT AUTHORITY","port":53997,"EventTime":"2020-08-05 02:10:09","Severity":"INFO","ExecutionProcessID":3484,"AccountName":"SYSTEM","OpcodeValue":0,"@timestamp":"2020-08-05T06:10:09.921Z","Task":13,"EventType":"SetValue","EventReceivedTime":"2020-08-05 02:10:09","Image":"C:\\windows\\System32\\svchost.exe","AccountType":"User"}
{"SubjectUserSid":"S-1-5-21-3669966080-2286457517-972388166-1104","@version":"1","Keywords":-9214364837600034816,"ThreadID":4888,"Version":0,"host":"wec.internal.cloudapp.net","Message":"The handle to an object was closed.\r\n\r\nSubject :\r\n\tSecurity ID:\t\tS-1-5-21-3669966080-2286457517-972388166-1104\r\n\tAccount Name:\t\tpgustavo\r\n\tAccount Domain:\t\tTHESHIRE\r\n\tLogon ID:\t\t0x1FD3FC\r\n\r\nObject:\r\n\tObject Server:\t\tSecurity\r\n\tHandle ID:\t\t0x43b0\r\n\r\nProcess Information:\r\n\tProcess ID:\t\t0xd1c\r\n\tProcess Name:\t\tC:\\Windows\\System32\\svchost.exe","SourceModuleName":"eventlog","SourceName":"Microsoft-Windows-Security-Auditing","SubjectLogonId":"0x1fd3fc","SeverityValue":2,"tags":["mordorDataset"],"Channel":"Security","ProviderGuid":"{54849625-5478-4994-A5BA-3E3B0328C30D}","ObjectServer":"Security","EventID":4658,"RecordNumber":110780,"Hostname":"WORKSTATION5.theshire.local","Category":"Registry","Opcode":"Info","SubjectDomainName":"THESHIRE","ProcessId":"0xd1c","SourceModuleType":"im_msvistalog","port":53997,"HandleId":"0x43b0","EventTime":"2020-08-05 02:10:09","Severity":"INFO","ExecutionProcessID":4,"OpcodeValue":0,"@timestamp":"2020-08-05T06:10:09.921Z","Task":12801,"EventType":"AUDIT_SUCCESS","SubjectUserName":"pgustavo","ProcessName":"C:\\Windows\\System32\\svchost.exe","EventReceivedTime":"2020-08-05 02:10:09"}
{"@version":"1","ThreadID":4888,"AccessList":"%%1538\r\n\t\t\t\t%%4432\r\n\t\t\t\t%%4435\r\n\t\t\t\t%%4436\r\n\t\t\t\t","ObjectName":"\\REGISTRY\\MACHINE\\SYSTEM\\ControlSet001\\Control\\Session Manager\\Environment","AccessReason":"-","Version":1,"Message":"A handle to an object was requested.\r\n\r\nSubject:\r\n\tSecurity ID:\t\tS-1-5-21-3669966080-2286457517-972388166-1104\r\n\tAccount Name:\t\tpgustavo\r\n\tAccount Domain:\t\tTHESHIRE\r\n\tLogon ID:\t\t0x1FD3FC\r\n\r\nObject:\r\n\tObject Server:\t\tSecurity\r\n\tObject Type:\t\tKey\r\n\tObject Name:\t\t\\REGISTRY\\MACHINE\\SYSTEM\\ControlSet001\\Control\\Session Manager\\Environment\r\n\tHandle ID:\t\t0xb20\r\n\tResource Attributes:\t-\r\n\r\nProcess Information:\r\n\tProcess ID:\t\t0xd1c\r\n\tProcess Name:\t\tC:\\Windows\\System32\\svchost.exe\r\n\r\nAccess Request Information:\r\n\tTransaction ID:\t\t{00000000-0000-0000-0000-000000000000}\r\n\tAccesses:\t\tREAD_CONTROL\r\n\t\t\t\tQuery key value\r\n\t\t\t\tEnumerate sub-keys\r\n\t\t\t\tNotify about changes to keys\r\n\t\t\t\t\r\n\tAccess Reasons:\t\t-\r\n\tAccess Mask:\t\t0x20019\r\n\tPrivileges Used for Access Check:\t-\r\n\tRestricted SID Count:\t0","SourceName":"Microsoft-Windows-Security-Auditing","SubjectLogonId":"0x1fd3fc","tags":["mordorDataset"],"ProviderGuid":"{54849625-5478-4994-A5BA-3E3B0328C30D}","EventID":4656,"RecordNumber":110781,"Hostname":"WORKSTATION5.theshire.local","Opcode":"Info","SourceModuleType":"im_msvistalog","PrivilegeList":"-","ExecutionProcessID":4,"OpcodeValue":0,"EventType":"AUDIT_SUCCESS","SubjectUserName":"pgustavo","ProcessName":"C:\\Windows\\System32\\svchost.exe","SubjectUserSid":"S-1-5-21-3669966080-2286457517-972388166-1104","Keywords":-9214364837600034816,"ObjectType":"Key","host":"wec.internal.cloudapp.net","SourceModuleName":"eventlog","RestrictedSidCount":"0","SeverityValue":2,"Channel":"Security","ObjectServer":"Security","Category":"Registry","AccessMask":"0x20019","ResourceAttributes":"-","SubjectDomainName":"THESHIRE","TransactionId":"{00000000-0000-0000-0000-000000000000}","ProcessId":"0xd1c","port":53997,"HandleId":"0xb20","EventTime":"2020-08-05 02:10:09","Severity":"INFO","@timestamp":"2020-08-05T06:10:09.921Z","Task":12801,"EventReceivedTime":"2020-08-05 02:10:09"}
{"UtcTime":"2020-08-05 06:10:09.199","@version":"1","Keywords":-9223372036854775808,"EventTypeOrignal":"INFO","ThreadID":4452,"UserID":"S-1-5-18","Version":2,"Details":"DWORD (0x00000000)","host":"wec.internal.cloudapp.net","Message":"Registry value set:\r\nRuleName: -\r\nEventType: SetValue\r\nUtcTime: 2020-08-05 06:10:09.199\r\nProcessGuid: {8715b604-0df2-5f2a-4900-000000000400}\r\nProcessId: 3356\r\nImage: C:\\windows\\System32\\svchost.exe\r\nTargetObject: HKLM\\SOFTWARE\\Microsoft\\Windows\\CurrentVersion\\Diagnostics\\DiagTrack\\HeartBeats\\Default\\EventDroppedDb\r\nDetails: DWORD (0x00000000)","SourceModuleName":"eventlog","ProcessGuid":"{8715b604-0df2-5f2a-4900-000000000400}","SourceName":"Microsoft-Windows-Sysmon","SeverityValue":2,"tags":["mordorDataset"],"Channel":"Microsoft-Windows-Sysmon/Operational","ProviderGuid":"{5770385F-C22A-43E0-BF4C-06F5698FFBD9}","RuleName":"-","EventID":13,"RecordNumber":480094,"TargetObject":"HKLM\\SOFTWARE\\Microsoft\\Windows\\CurrentVersion\\Diagnostics\\DiagTrack\\HeartBeats\\Default\\EventDroppedDb","Hostname":"WORKSTATION5.theshire.local","ProcessId":"3356","SourceModuleType":"im_msvistalog","Domain":"NT AUTHORITY","port":53997,"EventTime":"2020-08-05 02:10:09","Severity":"INFO","ExecutionProcessID":3484,"AccountName":"SYSTEM","OpcodeValue":0,"@timestamp":"2020-08-05T06:10:09.921Z","Task":13,"EventType":"SetValue","EventReceivedTime":"2020-08-05 02:10:09","Image":"C:\\windows\\System32\\svchost.exe","AccountType":"User"}
{"UtcTime":"2020-08-05 06:10:09.199","@version":"1","Keywords":-9223372036854775808,"EventTypeOrignal":"INFO","ThreadID":4452,"UserID":"S-1-5-18","Version":2,"Details":"DWORD (0x00000000)","host":"wec.internal.cloudapp.net","Message":"Registry value set:\r\nRuleName: -\r\nEventType: SetValue\r\nUtcTime: 2020-08-05 06:10:09.199\r\nProcessGuid: {8715b604-0df2-5f2a-4900-000000000400}\r\nProcessId: 3356\r\nImage: C:\\windows\\System32\\svchost.exe\r\nTargetObject: HKLM\\SOFTWARE\\Microsoft\\Windows\\CurrentVersion\\Diagnostics\\DiagTrack\\HeartBeats\\Default\\CriticalEventDroppedDb\r\nDetails: DWORD (0x00000000)","SourceModuleName":"eventlog","ProcessGuid":"{8715b604-0df2-5f2a-4900-000000000400}","SourceName":"Microsoft-Windows-Sysmon","SeverityValue":2,"tags":["mordorDataset"],"Channel":"Microsoft-Windows-Sysmon/Operational","ProviderGuid":"{5770385F-C22A-43E0-BF4C-06F5698FFBD9}","RuleName":"-","EventID":13,"RecordNumber":480095,"TargetObject":"HKLM\\SOFTWARE\\Microsoft\\Windows\\CurrentVersion\\Diagnostics\\DiagTrack\\HeartBeats\\Default\\CriticalEventDroppedDb","Hostname":"WORKSTATION5.theshire.local","ProcessId":"3356","SourceModuleType":"im_msvistalog","Domain":"NT AUTHORITY","port":53997,"EventTime":"2020-08-05 02:10:09","Severity":"INFO","ExecutionProcessID":3484,"AccountName":"SYSTEM","OpcodeValue":0,"@timestamp":"2020-08-05T06:10:09.921Z","Task":13,"EventType":"SetValue","EventReceivedTime":"2020-08-05 02:10:09","Image":"C:\\windows\\System32\\svchost.exe","AccountType":"User"}
{"SubjectUserSid":"S-1-5-21-3669966080-2286457517-972388166-1104","@version":"1","Keywords":-9214364837600034816,"ThreadID":4888,"ObjectType":"Key","ObjectName":"\\REGISTRY\\MACHINE\\SYSTEM\\ControlSet001\\Control\\Session Manager\\Environment","Version":1,"AccessList":"%%4432\r\n\t\t\t\t","host":"wec.internal.cloudapp.net","Message":"An attempt was made to access an object.\r\n\r\nSubject:\r\n\tSecurity ID:\t\tS-1-5-21-3669966080-2286457517-972388166-1104\r\n\tAccount Name:\t\tpgustavo\r\n\tAccount Domain:\t\tTHESHIRE\r\n\tLogon ID:\t\t0x1FD3FC\r\n\r\nObject:\r\n\tObject Server:\t\tSecurity\r\n\tObject Type:\t\tKey\r\n\tObject Name:\t\t\\REGISTRY\\MACHINE\\SYSTEM\\ControlSet001\\Control\\Session Manager\\Environment\r\n\tHandle ID:\t\t0xb20\r\n\tResource Attributes:\t-\r\n\r\nProcess Information:\r\n\tProcess ID:\t\t0xd1c\r\n\tProcess Name:\t\tC:\\Windows\\System32\\svchost.exe\r\n\r\nAccess Request Information:\r\n\tAccesses:\t\tQuery key value\r\n\t\t\t\t\r\n\tAccess Mask:\t\t0x1","SourceModuleName":"eventlog","SourceName":"Microsoft-Windows-Security-Auditing","SubjectLogonId":"0x1fd3fc","SeverityValue":2,"tags":["mordorDataset"],"Channel":"Security","ProviderGuid":"{54849625-5478-4994-A5BA-3E3B0328C30D}","ObjectServer":"Security","EventID":4663,"RecordNumber":110782,"Hostname":"WORKSTATION5.theshire.local","Category":"Registry","Opcode":"Info","SubjectDomainName":"THESHIRE","AccessMask":"0x1","ResourceAttributes":"-","SourceModuleType":"im_msvistalog","port":53997,"HandleId":"0xb20","EventTime":"2020-08-05 02:10:09","ProcessId":"0xd1c","Severity":"INFO","ExecutionProcessID":4,"OpcodeValue":0,"@timestamp":"2020-08-05T06:10:09.922Z","Task":12801,"EventType":"AUDIT_SUCCESS","SubjectUserName":"pgustavo","ProcessName":"C:\\Windows\\System32\\svchost.exe","EventReceivedTime":"2020-08-05 02:10:09"}
{"UtcTime":"2020-08-05 06:10:09.199","@version":"1","Keywords":-9223372036854775808,"EventTypeOrignal":"INFO","ThreadID":4452,"UserID":"S-1-5-18","Version":2,"Details":"DWORD (0x00000000)","host":"wec.internal.cloudapp.net","Message":"Registry value set:\r\nRuleName: -\r\nEventType: SetValue\r\nUtcTime: 2020-08-05 06:10:09.199\r\nProcessGuid: {8715b604-0df2-5f2a-4900-000000000400}\r\nProcessId: 3356\r\nImage: C:\\windows\\System32\\svchost.exe\r\nTargetObject: HKLM\\SOFTWARE\\Microsoft\\Windows\\CurrentVersion\\Diagnostics\\DiagTrack\\HeartBeats\\Default\\EventDroppedFullDb\r\nDetails: DWORD (0x00000000)","SourceModuleName":"eventlog","ProcessGuid":"{8715b604-0df2-5f2a-4900-000000000400}","SourceName":"Microsoft-Windows-Sysmon","SeverityValue":2,"tags":["mordorDataset"],"Channel":"Microsoft-Windows-Sysmon/Operational","ProviderGuid":"{5770385F-C22A-43E0-BF4C-06F5698FFBD9}","RuleName":"-","EventID":13,"RecordNumber":480096,"TargetObject":"HKLM\\SOFTWARE\\Microsoft\\Windows\\CurrentVersion\\Diagnostics\\DiagTrack\\HeartBeats\\Default\\EventDroppedFullDb","Hostname":"WORKSTATION5.theshire.local","ProcessId":"3356","SourceModuleType":"im_msvistalog","Domain":"NT AUTHORITY","port":53997,"EventTime":"2020-08-05 02:10:09","Severity":"INFO","ExecutionProcessID":3484,"AccountName":"SYSTEM","OpcodeValue":0,"@timestamp":"2020-08-05T06:10:09.922Z","Task":13,"EventType":"SetValue","EventReceivedTime":"2020-08-05 02:10:09","Image":"C:\\windows\\System32\\svchost.exe","AccountType":"User"}
{"SubjectUserSid":"S-1-5-21-3669966080-2286457517-972388166-1104","@version":"1","Keywords":-9214364837600034816,"ThreadID":4888,"Version":0,"host":"wec.internal.cloudapp.net","Message":"The handle to an object was closed.\r\n\r\nSubject :\r\n\tSecurity ID:\t\tS-1-5-21-3669966080-2286457517-972388166-1104\r\n\tAccount Name:\t\tpgustavo\r\n\tAccount Domain:\t\tTHESHIRE\r\n\tLogon ID:\t\t0x1FD3FC\r\n\r\nObject:\r\n\tObject Server:\t\tSecurity\r\n\tHandle ID:\t\t0xb20\r\n\r\nProcess Information:\r\n\tProcess ID:\t\t0xd1c\r\n\tProcess Name:\t\tC:\\Windows\\System32\\svchost.exe","SourceModuleName":"eventlog","SourceName":"Microsoft-Windows-Security-Auditing","SubjectLogonId":"0x1fd3fc","SeverityValue":2,"tags":["mordorDataset"],"Channel":"Security","ProviderGuid":"{54849625-5478-4994-A5BA-3E3B0328C30D}","ObjectServer":"Security","EventID":4658,"RecordNumber":110783,"Hostname":"WORKSTATION5.theshire.local","Category":"Registry","Opcode":"Info","SubjectDomainName":"THESHIRE","ProcessId":"0xd1c","SourceModuleType":"im_msvistalog","port":53997,"HandleId":"0xb20","EventTime":"2020-08-05 02:10:09","Severity":"INFO","ExecutionProcessID":4,"OpcodeValue":0,"@timestamp":"2020-08-05T06:10:09.922Z","Task":12801,"EventType":"AUDIT_SUCCESS","SubjectUserName":"pgustavo","ProcessName":"C:\\Windows\\System32\\svchost.exe","EventReceivedTime":"2020-08-05 02:10:09"}
{"UtcTime":"2020-08-05 06:10:09.199","@version":"1","Keywords":-9223372036854775808,"EventTypeOrignal":"INFO","ThreadID":4452,"UserID":"S-1-5-18","Version":2,"Details":"DWORD (0x00000000)","host":"wec.internal.cloudapp.net","Message":"Registry value set:\r\nRuleName: -\r\nEventType: SetValue\r\nUtcTime: 2020-08-05 06:10:09.199\r\nProcessGuid: {8715b604-0df2-5f2a-4900-000000000400}\r\nProcessId: 3356\r\nImage: C:\\windows\\System32\\svchost.exe\r\nTargetObject: HKLM\\SOFTWARE\\Microsoft\\Windows\\CurrentVersion\\Diagnostics\\DiagTrack\\HeartBeats\\Default\\EventDroppedFailureDb\r\nDetails: DWORD (0x00000000)","SourceModuleName":"eventlog","ProcessGuid":"{8715b604-0df2-5f2a-4900-000000000400}","SourceName":"Microsoft-Windows-Sysmon","SeverityValue":2,"tags":["mordorDataset"],"Channel":"Microsoft-Windows-Sysmon/Operational","ProviderGuid":"{5770385F-C22A-43E0-BF4C-06F5698FFBD9}","RuleName":"-","EventID":13,"RecordNumber":480097,"TargetObject":"HKLM\\SOFTWARE\\Microsoft\\Windows\\CurrentVersion\\Diagnostics\\DiagTrack\\HeartBeats\\Default\\EventDroppedFailureDb","Hostname":"WORKSTATION5.theshire.local","ProcessId":"3356","SourceModuleType":"im_msvistalog","Domain":"NT AUTHORITY","port":53997,"EventTime":"2020-08-05 02:10:09","Severity":"INFO","ExecutionProcessID":3484,"AccountName":"SYSTEM","OpcodeValue":0,"@timestamp":"2020-08-05T06:10:09.922Z","Task":13,"EventType":"SetValue","EventReceivedTime":"2020-08-05 02:10:09","Image":"C:\\windows\\System32\\svchost.exe","AccountType":"User"}
{"SubjectUserSid":"S-1-5-21-3669966080-2286457517-972388166-1104","@version":"1","Keywords":-9214364837600034816,"ThreadID":4888,"TargetHandleId":"0x43b0","TargetProcessId":"0x4","Version":0,"host":"wec.internal.cloudapp.net","Message":"An attempt was made to duplicate a handle to an object.\r\n\r\nSubject:\r\n\tSecurity ID:\t\tS-1-5-21-3669966080-2286457517-972388166-1104\r\n\tAccount Name:\t\tpgustavo\r\n\tAccount Domain:\t\tTHESHIRE\r\n\tLogon ID:\t\t0x1FD3FC\r\n\r\nSource Handle Information:\r\n\tSource Handle ID:\t0xbf4\r\n\tSource Process ID:\t0xd1c\r\n\r\nNew Handle Information:\r\n\tTarget Handle ID:\t0x43b0\r\n\tTarget Process ID:\t0x4","SourceModuleName":"eventlog","SourceName":"Microsoft-Windows-Security-Auditing","SubjectLogonId":"0x1fd3fc","SeverityValue":2,"SourceProcessId":"0xd1c","tags":["mordorDataset"],"Channel":"Security","ProviderGuid":"{54849625-5478-4994-A5BA-3E3B0328C30D}","EventID":4690,"RecordNumber":110784,"Hostname":"WORKSTATION5.theshire.local","Category":"Handle Manipulation","Opcode":"Info","SubjectDomainName":"THESHIRE","ProcessId":"0xd1c","SourceModuleType":"im_msvistalog","port":53997,"EventTime":"2020-08-05 02:10:09","Severity":"INFO","ExecutionProcessID":4,"SourceHandleId":"0xbf4","OpcodeValue":0,"@timestamp":"2020-08-05T06:10:09.923Z","Task":12807,"EventType":"AUDIT_SUCCESS","SubjectUserName":"pgustavo","EventReceivedTime":"2020-08-05 02:10:09"}
{"UtcTime":"2020-08-05 06:10:09.199","@version":"1","Keywords":-9223372036854775808,"EventTypeOrignal":"INFO","ThreadID":4452,"UserID":"S-1-5-18","Version":2,"Details":"DWORD (0x00000000)","host":"wec.internal.cloudapp.net","Message":"Registry value set:\r\nRuleName: -\r\nEventType: SetValue\r\nUtcTime: 2020-08-05 06:10:09.199\r\nProcessGuid: {8715b604-0df2-5f2a-4900-000000000400}\r\nProcessId: 3356\r\nImage: C:\\windows\\System32\\svchost.exe\r\nTargetObject: HKLM\\SOFTWARE\\Microsoft\\Windows\\CurrentVersion\\Diagnostics\\DiagTrack\\HeartBeats\\Default\\EventStoreLifetimeReset\r\nDetails: DWORD (0x00000000)","SourceModuleName":"eventlog","ProcessGuid":"{8715b604-0df2-5f2a-4900-000000000400}","SourceName":"Microsoft-Windows-Sysmon","SeverityValue":2,"tags":["mordorDataset"],"Channel":"Microsoft-Windows-Sysmon/Operational","ProviderGuid":"{5770385F-C22A-43E0-BF4C-06F5698FFBD9}","RuleName":"-","EventID":13,"RecordNumber":480098,"TargetObject":"HKLM\\SOFTWARE\\Microsoft\\Windows\\CurrentVersion\\Diagnostics\\DiagTrack\\HeartBeats\\Default\\EventStoreLifetimeReset","Hostname":"WORKSTATION5.theshire.local","ProcessId":"3356","SourceModuleType":"im_msvistalog","Domain":"NT AUTHORITY","port":53997,"EventTime":"2020-08-05 02:10:09","Severity":"INFO","ExecutionProcessID":3484,"AccountName":"SYSTEM","OpcodeValue":0,"@timestamp":"2020-08-05T06:10:09.923Z","Task":13,"EventType":"SetValue","EventReceivedTime":"2020-08-05 02:10:09","Image":"C:\\windows\\System32\\svchost.exe","AccountType":"User"}
{"SubjectUserSid":"S-1-5-21-3669966080-2286457517-972388166-1104","@version":"1","Keywords":-9214364837600034816,"ThreadID":4888,"Version":0,"host":"wec.internal.cloudapp.net","Message":"The handle to an object was closed.\r\n\r\nSubject :\r\n\tSecurity ID:\t\tS-1-5-21-3669966080-2286457517-972388166-1104\r\n\tAccount Name:\t\tpgustavo\r\n\tAccount Domain:\t\tTHESHIRE\r\n\tLogon ID:\t\t0x1FD3FC\r\n\r\nObject:\r\n\tObject Server:\t\tSecurity\r\n\tHandle ID:\t\t0x43b0\r\n\r\nProcess Information:\r\n\tProcess ID:\t\t0xd1c\r\n\tProcess Name:\t\tC:\\Windows\\System32\\svchost.exe","SourceModuleName":"eventlog","SourceName":"Microsoft-Windows-Security-Auditing","SubjectLogonId":"0x1fd3fc","SeverityValue":2,"tags":["mordorDataset"],"Channel":"Security","ProviderGuid":"{54849625-5478-4994-A5BA-3E3B0328C30D}","ObjectServer":"Security","EventID":4658,"RecordNumber":110785,"Hostname":"WORKSTATION5.theshire.local","Category":"Registry","Opcode":"Info","SubjectDomainName":"THESHIRE","ProcessId":"0xd1c","SourceModuleType":"im_msvistalog","port":53997,"HandleId":"0x43b0","EventTime":"2020-08-05 02:10:09","Severity":"INFO","ExecutionProcessID":4,"OpcodeValue":0,"@timestamp":"2020-08-05T06:10:09.923Z","Task":12801,"EventType":"AUDIT_SUCCESS","SubjectUserName":"pgustavo","ProcessName":"C:\\Windows\\System32\\svchost.exe","EventReceivedTime":"2020-08-05 02:10:09"}
{"UtcTime":"2020-08-05 06:10:09.199","@version":"1","Keywords":-9223372036854775808,"EventTypeOrignal":"INFO","ThreadID":4452,"UserID":"S-1-5-18","Version":2,"Details":"DWORD (0x00000000)","host":"wec.internal.cloudapp.net","Message":"Registry value set:\r\nRuleName: -\r\nEventType: SetValue\r\nUtcTime: 2020-08-05 06:10:09.199\r\nProcessGuid: {8715b604-0df2-5f2a-4900-000000000400}\r\nProcessId: 3356\r\nImage: C:\\windows\\System32\\svchost.exe\r\nTargetObject: HKLM\\SOFTWARE\\Microsoft\\Windows\\CurrentVersion\\Diagnostics\\DiagTrack\\HeartBeats\\Default\\EventStoreReset\r\nDetails: DWORD (0x00000000)","SourceModuleName":"eventlog","ProcessGuid":"{8715b604-0df2-5f2a-4900-000000000400}","SourceName":"Microsoft-Windows-Sysmon","SeverityValue":2,"tags":["mordorDataset"],"Channel":"Microsoft-Windows-Sysmon/Operational","ProviderGuid":"{5770385F-C22A-43E0-BF4C-06F5698FFBD9}","RuleName":"-","EventID":13,"RecordNumber":480099,"TargetObject":"HKLM\\SOFTWARE\\Microsoft\\Windows\\CurrentVersion\\Diagnostics\\DiagTrack\\HeartBeats\\Default\\EventStoreReset","Hostname":"WORKSTATION5.theshire.local","ProcessId":"3356","SourceModuleType":"im_msvistalog","Domain":"NT AUTHORITY","port":53997,"EventTime":"2020-08-05 02:10:09","Severity":"INFO","ExecutionProcessID":3484,"AccountName":"SYSTEM","OpcodeValue":0,"@timestamp":"2020-08-05T06:10:09.923Z","Task":13,"EventType":"SetValue","EventReceivedTime":"2020-08-05 02:10:09","Image":"C:\\windows\\System32\\svchost.exe","AccountType":"User"}
{"@version":"1","ThreadID":4888,"AccessList":"%%1538\r\n\t\t\t\t%%4432\r\n\t\t\t\t%%4435\r\n\t\t\t\t%%4436\r\n\t\t\t\t","ObjectName":"\\REGISTRY\\MACHINE\\SYSTEM\\ControlSet001\\Control\\Session Manager\\Environment","AccessReason":"-","Version":1,"Message":"A handle to an object was requested.\r\n\r\nSubject:\r\n\tSecurity ID:\t\tS-1-5-21-3669966080-2286457517-972388166-1104\r\n\tAccount Name:\t\tpgustavo\r\n\tAccount Domain:\t\tTHESHIRE\r\n\tLogon ID:\t\t0x1FD3FC\r\n\r\nObject:\r\n\tObject Server:\t\tSecurity\r\n\tObject Type:\t\tKey\r\n\tObject Name:\t\t\\REGISTRY\\MACHINE\\SYSTEM\\ControlSet001\\Control\\Session Manager\\Environment\r\n\tHandle ID:\t\t0xbf4\r\n\tResource Attributes:\t-\r\n\r\nProcess Information:\r\n\tProcess ID:\t\t0xd1c\r\n\tProcess Name:\t\tC:\\Windows\\System32\\svchost.exe\r\n\r\nAccess Request Information:\r\n\tTransaction ID:\t\t{00000000-0000-0000-0000-000000000000}\r\n\tAccesses:\t\tREAD_CONTROL\r\n\t\t\t\tQuery key value\r\n\t\t\t\tEnumerate sub-keys\r\n\t\t\t\tNotify about changes to keys\r\n\t\t\t\t\r\n\tAccess Reasons:\t\t-\r\n\tAccess Mask:\t\t0x20019\r\n\tPrivileges Used for Access Check:\t-\r\n\tRestricted SID Count:\t0","SourceName":"Microsoft-Windows-Security-Auditing","SubjectLogonId":"0x1fd3fc","tags":["mordorDataset"],"ProviderGuid":"{54849625-5478-4994-A5BA-3E3B0328C30D}","EventID":4656,"RecordNumber":110786,"Hostname":"WORKSTATION5.theshire.local","Opcode":"Info","SourceModuleType":"im_msvistalog","PrivilegeList":"-","ExecutionProcessID":4,"OpcodeValue":0,"EventType":"AUDIT_SUCCESS","SubjectUserName":"pgustavo","ProcessName":"C:\\Windows\\System32\\svchost.exe","SubjectUserSid":"S-1-5-21-3669966080-2286457517-972388166-1104","Keywords":-9214364837600034816,"ObjectType":"Key","host":"wec.internal.cloudapp.net","SourceModuleName":"eventlog","RestrictedSidCount":"0","SeverityValue":2,"Channel":"Security","ObjectServer":"Security","Category":"Registry","AccessMask":"0x20019","ResourceAttributes":"-","SubjectDomainName":"THESHIRE","TransactionId":"{00000000-0000-0000-0000-000000000000}","ProcessId":"0xd1c","port":53997,"HandleId":"0xbf4","EventTime":"2020-08-05 02:10:09","Severity":"INFO","@timestamp":"2020-08-05T06:10:09.923Z","Task":12801,"EventReceivedTime":"2020-08-05 02:10:09"}
{"UtcTime":"2020-08-05 06:10:09.199","@version":"1","Keywords":-9223372036854775808,"EventTypeOrignal":"INFO","ThreadID":4452,"UserID":"S-1-5-18","Version":2,"Details":"QWORD (0x00000000-0x00000000)","host":"wec.internal.cloudapp.net","Message":"Registry value set:\r\nRuleName: -\r\nEventType: SetValue\r\nUtcTime: 2020-08-05 06:10:09.199\r\nProcessGuid: {8715b604-0df2-5f2a-4900-000000000400}\r\nProcessId: 3356\r\nImage: C:\\windows\\System32\\svchost.exe\r\nTargetObject: HKLM\\SOFTWARE\\Microsoft\\Windows\\CurrentVersion\\Diagnostics\\DiagTrack\\HeartBeats\\Default\\EventStoreResetSizeSum\r\nDetails: QWORD (0x00000000-0x00000000)","SourceModuleName":"eventlog","ProcessGuid":"{8715b604-0df2-5f2a-4900-000000000400}","SourceName":"Microsoft-Windows-Sysmon","SeverityValue":2,"tags":["mordorDataset"],"Channel":"Microsoft-Windows-Sysmon/Operational","ProviderGuid":"{5770385F-C22A-43E0-BF4C-06F5698FFBD9}","RuleName":"-","EventID":13,"RecordNumber":480100,"TargetObject":"HKLM\\SOFTWARE\\Microsoft\\Windows\\CurrentVersion\\Diagnostics\\DiagTrack\\HeartBeats\\Default\\EventStoreResetSizeSum","Hostname":"WORKSTATION5.theshire.local","ProcessId":"3356","SourceModuleType":"im_msvistalog","Domain":"NT AUTHORITY","port":53997,"EventTime":"2020-08-05 02:10:09","Severity":"INFO","ExecutionProcessID":3484,"AccountName":"SYSTEM","OpcodeValue":0,"@timestamp":"2020-08-05T06:10:09.923Z","Task":13,"EventType":"SetValue","EventReceivedTime":"2020-08-05 02:10:09","Image":"C:\\windows\\System32\\svchost.exe","AccountType":"User"}
{"SubjectUserSid":"S-1-5-21-3669966080-2286457517-972388166-1104","@version":"1","Keywords":-9214364837600034816,"ThreadID":4888,"ObjectType":"Key","ObjectName":"\\REGISTRY\\MACHINE\\SYSTEM\\ControlSet001\\Control\\Session Manager\\Environment","Version":1,"AccessList":"%%4432\r\n\t\t\t\t","host":"wec.internal.cloudapp.net","Message":"An attempt was made to access an object.\r\n\r\nSubject:\r\n\tSecurity ID:\t\tS-1-5-21-3669966080-2286457517-972388166-1104\r\n\tAccount Name:\t\tpgustavo\r\n\tAccount Domain:\t\tTHESHIRE\r\n\tLogon ID:\t\t0x1FD3FC\r\n\r\nObject:\r\n\tObject Server:\t\tSecurity\r\n\tObject Type:\t\tKey\r\n\tObject Name:\t\t\\REGISTRY\\MACHINE\\SYSTEM\\ControlSet001\\Control\\Session Manager\\Environment\r\n\tHandle ID:\t\t0xbf4\r\n\tResource Attributes:\t-\r\n\r\nProcess Information:\r\n\tProcess ID:\t\t0xd1c\r\n\tProcess Name:\t\tC:\\Windows\\System32\\svchost.exe\r\n\r\nAccess Request Information:\r\n\tAccesses:\t\tQuery key value\r\n\t\t\t\t\r\n\tAccess Mask:\t\t0x1","SourceModuleName":"eventlog","SourceName":"Microsoft-Windows-Security-Auditing","SubjectLogonId":"0x1fd3fc","SeverityValue":2,"tags":["mordorDataset"],"Channel":"Security","ProviderGuid":"{54849625-5478-4994-A5BA-3E3B0328C30D}","ObjectServer":"Security","EventID":4663,"RecordNumber":110787,"Hostname":"WORKSTATION5.theshire.local","Category":"Registry","Opcode":"Info","SubjectDomainName":"THESHIRE","AccessMask":"0x1","ResourceAttributes":"-","SourceModuleType":"im_msvistalog","port":53997,"HandleId":"0xbf4","EventTime":"2020-08-05 02:10:09","ProcessId":"0xd1c","Severity":"INFO","ExecutionProcessID":4,"OpcodeValue":0,"@timestamp":"2020-08-05T06:10:09.923Z","Task":12801,"EventType":"AUDIT_SUCCESS","SubjectUserName":"pgustavo","ProcessName":"C:\\Windows\\System32\\svchost.exe","EventReceivedTime":"2020-08-05 02:10:09"}
{"SubjectUserSid":"S-1-5-21-3669966080-2286457517-972388166-1104","@version":"1","Keywords":-9214364837600034816,"ThreadID":4888,"Version":0,"host":"wec.internal.cloudapp.net","Message":"The handle to an object was closed.\r\n\r\nSubject :\r\n\tSecurity ID:\t\tS-1-5-21-3669966080-2286457517-972388166-1104\r\n\tAccount Name:\t\tpgustavo\r\n\tAccount Domain:\t\tTHESHIRE\r\n\tLogon ID:\t\t0x1FD3FC\r\n\r\nObject:\r\n\tObject Server:\t\tSecurity\r\n\tHandle ID:\t\t0xbf4\r\n\r\nProcess Information:\r\n\tProcess ID:\t\t0xd1c\r\n\tProcess Name:\t\tC:\\Windows\\System32\\svchost.exe","SourceModuleName":"eventlog","SourceName":"Microsoft-Windows-Security-Auditing","SubjectLogonId":"0x1fd3fc","SeverityValue":2,"tags":["mordorDataset"],"Channel":"Security","ProviderGuid":"{54849625-5478-4994-A5BA-3E3B0328C30D}","ObjectServer":"Security","EventID":4658,"RecordNumber":110788,"Hostname":"WORKSTATION5.theshire.local","Category":"Registry","Opcode":"Info","SubjectDomainName":"THESHIRE","ProcessId":"0xd1c","SourceModuleType":"im_msvistalog","port":53997,"HandleId":"0xbf4","EventTime":"2020-08-05 02:10:09","Severity":"INFO","ExecutionProcessID":4,"OpcodeValue":0,"@timestamp":"2020-08-05T06:10:09.924Z","Task":12801,"EventType":"AUDIT_SUCCESS","SubjectUserName":"pgustavo","ProcessName":"C:\\Windows\\System32\\svchost.exe","EventReceivedTime":"2020-08-05 02:10:09"}
{"UtcTime":"2020-08-05 06:10:09.199","@version":"1","Keywords":-9223372036854775808,"EventTypeOrignal":"INFO","ThreadID":4452,"UserID":"S-1-5-18","Version":2,"Details":"DWORD (0x00000000)","host":"wec.internal.cloudapp.net","Message":"Registry value set:\r\nRuleName: -\r\nEventType: SetValue\r\nUtcTime: 2020-08-05 06:10:09.199\r\nProcessGuid: {8715b604-0df2-5f2a-4900-000000000400}\r\nProcessId: 3356\r\nImage: C:\\windows\\System32\\svchost.exe\r\nTargetObject: HKLM\\SOFTWARE\\Microsoft\\Windows\\CurrentVersion\\Diagnostics\\DiagTrack\\HeartBeats\\Default\\CriticalOverflowEntersCounter\r\nDetails: DWORD (0x00000000)","SourceModuleName":"eventlog","ProcessGuid":"{8715b604-0df2-5f2a-4900-000000000400}","SourceName":"Microsoft-Windows-Sysmon","SeverityValue":2,"tags":["mordorDataset"],"Channel":"Microsoft-Windows-Sysmon/Operational","ProviderGuid":"{5770385F-C22A-43E0-BF4C-06F5698FFBD9}","RuleName":"-","EventID":13,"RecordNumber":480101,"TargetObject":"HKLM\\SOFTWARE\\Microsoft\\Windows\\CurrentVersion\\Diagnostics\\DiagTrack\\HeartBeats\\Default\\CriticalOverflowEntersCounter","Hostname":"WORKSTATION5.theshire.local","ProcessId":"3356","SourceModuleType":"im_msvistalog","Domain":"NT AUTHORITY","port":53997,"EventTime":"2020-08-05 02:10:09","Severity":"INFO","ExecutionProcessID":3484,"AccountName":"SYSTEM","OpcodeValue":0,"@timestamp":"2020-08-05T06:10:09.924Z","Task":13,"EventType":"SetValue","EventReceivedTime":"2020-08-05 02:10:09","Image":"C:\\windows\\System32\\svchost.exe","AccountType":"User"}
{"UtcTime":"2020-08-05 06:10:09.199","@version":"1","Keywords":-9223372036854775808,"EventTypeOrignal":"INFO","ThreadID":4452,"UserID":"S-1-5-18","Version":2,"Details":"DWORD (0x00000000)","host":"wec.internal.cloudapp.net","Message":"Registry value set:\r\nRuleName: -\r\nEventType: SetValue\r\nUtcTime: 2020-08-05 06:10:09.199\r\nProcessGuid: {8715b604-0df2-5f2a-4900-000000000400}\r\nProcessId: 3356\r\nImage: C:\\windows\\System32\\svchost.exe\r\nTargetObject: HKLM\\SOFTWARE\\Microsoft\\Windows\\CurrentVersion\\Diagnostics\\DiagTrack\\HeartBeats\\Default\\EnteringCriticalOverflowDroppedCounter\r\nDetails: DWORD (0x00000000)","SourceModuleName":"eventlog","ProcessGuid":"{8715b604-0df2-5f2a-4900-000000000400}","SourceName":"Microsoft-Windows-Sysmon","SeverityValue":2,"tags":["mordorDataset"],"Channel":"Microsoft-Windows-Sysmon/Operational","ProviderGuid":"{5770385F-C22A-43E0-BF4C-06F5698FFBD9}","RuleName":"-","EventID":13,"RecordNumber":480102,"TargetObject":"HKLM\\SOFTWARE\\Microsoft\\Windows\\CurrentVersion\\Diagnostics\\DiagTrack\\HeartBeats\\Default\\EnteringCriticalOverflowDroppedCounter","Hostname":"WORKSTATION5.theshire.local","ProcessId":"3356","SourceModuleType":"im_msvistalog","Domain":"NT AUTHORITY","port":53997,"EventTime":"2020-08-05 02:10:09","Severity":"INFO","ExecutionProcessID":3484,"AccountName":"SYSTEM","OpcodeValue":0,"@timestamp":"2020-08-05T06:10:09.924Z","Task":13,"EventType":"SetValue","EventReceivedTime":"2020-08-05 02:10:09","Image":"C:\\windows\\System32\\svchost.exe","AccountType":"User"}
{"UtcTime":"2020-08-05 06:10:09.199","@version":"1","Keywords":-9223372036854775808,"EventTypeOrignal":"INFO","ThreadID":4452,"UserID":"S-1-5-18","Version":2,"Details":"DWORD (0x00000000)","host":"wec.internal.cloudapp.net","Message":"Registry value set:\r\nRuleName: -\r\nEventType: SetValue\r\nUtcTime: 2020-08-05 06:10:09.199\r\nProcessGuid: {8715b604-0df2-5f2a-4900-000000000400}\r\nProcessId: 3356\r\nImage: C:\\windows\\System32\\svchost.exe\r\nTargetObject: HKLM\\SOFTWARE\\Microsoft\\Windows\\CurrentVersion\\Diagnostics\\DiagTrack\\HeartBeats\\Default\\CriticalDataEventDroppedDb\r\nDetails: DWORD (0x00000000)","SourceModuleName":"eventlog","ProcessGuid":"{8715b604-0df2-5f2a-4900-000000000400}","SourceName":"Microsoft-Windows-Sysmon","SeverityValue":2,"tags":["mordorDataset"],"Channel":"Microsoft-Windows-Sysmon/Operational","ProviderGuid":"{5770385F-C22A-43E0-BF4C-06F5698FFBD9}","RuleName":"-","EventID":13,"RecordNumber":480103,"TargetObject":"HKLM\\SOFTWARE\\Microsoft\\Windows\\CurrentVersion\\Diagnostics\\DiagTrack\\HeartBeats\\Default\\CriticalDataEventDroppedDb","Hostname":"WORKSTATION5.theshire.local","ProcessId":"3356","SourceModuleType":"im_msvistalog","Domain":"NT AUTHORITY","port":53997,"EventTime":"2020-08-05 02:10:09","Severity":"INFO","ExecutionProcessID":3484,"AccountName":"SYSTEM","OpcodeValue":0,"@timestamp":"2020-08-05T06:10:09.925Z","Task":13,"EventType":"SetValue","EventReceivedTime":"2020-08-05 02:10:09","Image":"C:\\windows\\System32\\svchost.exe","AccountType":"User"}
{"UtcTime":"2020-08-05 06:10:09.199","@version":"1","Keywords":-9223372036854775808,"EventTypeOrignal":"INFO","ThreadID":4452,"UserID":"S-1-5-18","Version":2,"Details":"DWORD (0x00000000)","host":"wec.internal.cloudapp.net","Message":"Registry value set:\r\nRuleName: -\r\nEventType: SetValue\r\nUtcTime: 2020-08-05 06:10:09.199\r\nProcessGuid: {8715b604-0df2-5f2a-4900-000000000400}\r\nProcessId: 3356\r\nImage: C:\\windows\\System32\\svchost.exe\r\nTargetObject: HKLM\\SOFTWARE\\Microsoft\\Windows\\CurrentVersion\\Diagnostics\\DiagTrack\\HeartBeats\\Default\\PrivacyBlockedCounter\r\nDetails: DWORD (0x00000000)","SourceModuleName":"eventlog","ProcessGuid":"{8715b604-0df2-5f2a-4900-000000000400}","SourceName":"Microsoft-Windows-Sysmon","SeverityValue":2,"tags":["mordorDataset"],"Channel":"Microsoft-Windows-Sysmon/Operational","ProviderGuid":"{5770385F-C22A-43E0-BF4C-06F5698FFBD9}","RuleName":"-","EventID":13,"RecordNumber":480104,"TargetObject":"HKLM\\SOFTWARE\\Microsoft\\Windows\\CurrentVersion\\Diagnostics\\DiagTrack\\HeartBeats\\Default\\PrivacyBlockedCounter","Hostname":"WORKSTATION5.theshire.local","ProcessId":"3356","SourceModuleType":"im_msvistalog","Domain":"NT AUTHORITY","port":53997,"EventTime":"2020-08-05 02:10:09","Severity":"INFO","ExecutionProcessID":3484,"AccountName":"SYSTEM","OpcodeValue":0,"@timestamp":"2020-08-05T06:10:09.925Z","Task":13,"EventType":"SetValue","EventReceivedTime":"2020-08-05 02:10:09","Image":"C:\\windows\\System32\\svchost.exe","AccountType":"User"}
{"UtcTime":"2020-08-05 06:10:09.199","@version":"1","Keywords":-9223372036854775808,"EventTypeOrignal":"INFO","ThreadID":4452,"UserID":"S-1-5-18","Version":2,"Details":"DWORD (0x00000000)","host":"wec.internal.cloudapp.net","Message":"Registry value set:\r\nRuleName: -\r\nEventType: SetValue\r\nUtcTime: 2020-08-05 06:10:09.199\r\nProcessGuid: {8715b604-0df2-5f2a-4900-000000000400}\r\nProcessId: 3356\r\nImage: C:\\windows\\System32\\svchost.exe\r\nTargetObject: HKLM\\SOFTWARE\\Microsoft\\Windows\\CurrentVersion\\Diagnostics\\DiagTrack\\HeartBeats\\Default\\MaxActiveAgentConnections\r\nDetails: DWORD (0x00000000)","SourceModuleName":"eventlog","ProcessGuid":"{8715b604-0df2-5f2a-4900-000000000400}","SourceName":"Microsoft-Windows-Sysmon","SeverityValue":2,"tags":["mordorDataset"],"Channel":"Microsoft-Windows-Sysmon/Operational","ProviderGuid":"{5770385F-C22A-43E0-BF4C-06F5698FFBD9}","RuleName":"-","EventID":13,"RecordNumber":480105,"TargetObject":"HKLM\\SOFTWARE\\Microsoft\\Windows\\CurrentVersion\\Diagnostics\\DiagTrack\\HeartBeats\\Default\\MaxActiveAgentConnections","Hostname":"WORKSTATION5.theshire.local","ProcessId":"3356","SourceModuleType":"im_msvistalog","Domain":"NT AUTHORITY","port":53997,"EventTime":"2020-08-05 02:10:09","Severity":"INFO","ExecutionProcessID":3484,"AccountName":"SYSTEM","OpcodeValue":0,"@timestamp":"2020-08-05T06:10:09.925Z","Task":13,"EventType":"SetValue","EventReceivedTime":"2020-08-05 02:10:09","Image":"C:\\windows\\System32\\svchost.exe","AccountType":"User"}
{"UtcTime":"2020-08-05 06:10:09.199","@version":"1","Keywords":-9223372036854775808,"EventTypeOrignal":"INFO","ThreadID":4452,"UserID":"S-1-5-18","Version":2,"Details":"DWORD (0x00000000)","host":"wec.internal.cloudapp.net","Message":"Registry value set:\r\nRuleName: -\r\nEventType: SetValue\r\nUtcTime: 2020-08-05 06:10:09.199\r\nProcessGuid: {8715b604-0df2-5f2a-4900-000000000400}\r\nProcessId: 3356\r\nImage: C:\\windows\\System32\\svchost.exe\r\nTargetObject: HKLM\\SOFTWARE\\Microsoft\\Windows\\CurrentVersion\\Diagnostics\\DiagTrack\\HeartBeats\\Default\\HostConnectionErrors\r\nDetails: DWORD (0x00000000)","SourceModuleName":"eventlog","ProcessGuid":"{8715b604-0df2-5f2a-4900-000000000400}","SourceName":"Microsoft-Windows-Sysmon","SeverityValue":2,"tags":["mordorDataset"],"Channel":"Microsoft-Windows-Sysmon/Operational","ProviderGuid":"{5770385F-C22A-43E0-BF4C-06F5698FFBD9}","RuleName":"-","EventID":13,"RecordNumber":480106,"TargetObject":"HKLM\\SOFTWARE\\Microsoft\\Windows\\CurrentVersion\\Diagnostics\\DiagTrack\\HeartBeats\\Default\\HostConnectionErrors","Hostname":"WORKSTATION5.theshire.local","ProcessId":"3356","SourceModuleType":"im_msvistalog","Domain":"NT AUTHORITY","port":53997,"EventTime":"2020-08-05 02:10:09","Severity":"INFO","ExecutionProcessID":3484,"AccountName":"SYSTEM","OpcodeValue":0,"@timestamp":"2020-08-05T06:10:09.927Z","Task":13,"EventType":"SetValue","EventReceivedTime":"2020-08-05 02:10:09","Image":"C:\\windows\\System32\\svchost.exe","AccountType":"User"}
{"UtcTime":"2020-08-05 06:10:09.199","@version":"1","Keywords":-9223372036854775808,"EventTypeOrignal":"INFO","ThreadID":4452,"UserID":"S-1-5-18","Version":2,"Details":"DWORD (0x00000000)","host":"wec.internal.cloudapp.net","Message":"Registry value set:\r\nRuleName: -\r\nEventType: SetValue\r\nUtcTime: 2020-08-05 06:10:09.199\r\nProcessGuid: {8715b604-0df2-5f2a-4900-000000000400}\r\nProcessId: 3356\r\nImage: C:\\windows\\System32\\svchost.exe\r\nTargetObject: HKLM\\SOFTWARE\\Microsoft\\Windows\\CurrentVersion\\Diagnostics\\DiagTrack\\HeartBeats\\Default\\LastHostConnectionError\r\nDetails: DWORD (0x00000000)","SourceModuleName":"eventlog","ProcessGuid":"{8715b604-0df2-5f2a-4900-000000000400}","SourceName":"Microsoft-Windows-Sysmon","SeverityValue":2,"tags":["mordorDataset"],"Channel":"Microsoft-Windows-Sysmon/Operational","ProviderGuid":"{5770385F-C22A-43E0-BF4C-06F5698FFBD9}","RuleName":"-","EventID":13,"RecordNumber":480107,"TargetObject":"HKLM\\SOFTWARE\\Microsoft\\Windows\\CurrentVersion\\Diagnostics\\DiagTrack\\HeartBeats\\Default\\LastHostConnectionError","Hostname":"WORKSTATION5.theshire.local","ProcessId":"3356","SourceModuleType":"im_msvistalog","Domain":"NT AUTHORITY","port":53997,"EventTime":"2020-08-05 02:10:09","Severity":"INFO","ExecutionProcessID":3484,"AccountName":"SYSTEM","OpcodeValue":0,"@timestamp":"2020-08-05T06:10:10.927Z","Task":13,"EventType":"SetValue","EventReceivedTime":"2020-08-05 02:10:10","Image":"C:\\windows\\System32\\svchost.exe","AccountType":"User"}
{"UtcTime":"2020-08-05 06:10:09.199","@version":"1","Keywords":-9223372036854775808,"EventTypeOrignal":"INFO","ThreadID":4452,"UserID":"S-1-5-18","Version":2,"host":"wec.internal.cloudapp.net","Message":"Registry object added or deleted:\r\nRuleName: -\r\nEventType: CreateKey\r\nUtcTime: 2020-08-05 06:10:09.199\r\nProcessGuid: {8715b604-0df2-5f2a-4900-000000000400}\r\nProcessId: 3356\r\nImage: C:\\windows\\System32\\svchost.exe\r\nTargetObject: HKLM\\SOFTWARE\\Microsoft\\Windows\\CurrentVersion\\Diagnostics\\DiagTrack","SourceModuleName":"eventlog","ProcessGuid":"{8715b604-0df2-5f2a-4900-000000000400}","SourceName":"Microsoft-Windows-Sysmon","SeverityValue":2,"tags":["mordorDataset"],"Channel":"Microsoft-Windows-Sysmon/Operational","ProviderGuid":"{5770385F-C22A-43E0-BF4C-06F5698FFBD9}","RuleName":"-","EventID":12,"RecordNumber":480108,"TargetObject":"HKLM\\SOFTWARE\\Microsoft\\Windows\\CurrentVersion\\Diagnostics\\DiagTrack","Hostname":"WORKSTATION5.theshire.local","ProcessId":"3356","SourceModuleType":"im_msvistalog","Domain":"NT AUTHORITY","port":53997,"EventTime":"2020-08-05 02:10:09","Severity":"INFO","ExecutionProcessID":3484,"AccountName":"SYSTEM","OpcodeValue":0,"@timestamp":"2020-08-05T06:10:10.927Z","Task":12,"EventType":"CreateKey","EventReceivedTime":"2020-08-05 02:10:10","Image":"C:\\windows\\System32\\svchost.exe","AccountType":"User"}
{"UtcTime":"2020-08-05 06:10:09.199","@version":"1","Keywords":-9223372036854775808,"EventTypeOrignal":"INFO","ThreadID":4452,"UserID":"S-1-5-18","Version":2,"Details":"QWORD (0x01d66ac8-0x006f27dc)","host":"wec.internal.cloudapp.net","Message":"Registry value set:\r\nRuleName: -\r\nEventType: SetValue\r\nUtcTime: 2020-08-05 06:10:09.199\r\nProcessGuid: {8715b604-0df2-5f2a-4900-000000000400}\r\nProcessId: 3356\r\nImage: C:\\windows\\System32\\svchost.exe\r\nTargetObject: HKLM\\SOFTWARE\\Microsoft\\Windows\\CurrentVersion\\Diagnostics\\DiagTrack\\LastFreeNetworkLossTime\r\nDetails: QWORD (0x01d66ac8-0x006f27dc)","SourceModuleName":"eventlog","ProcessGuid":"{8715b604-0df2-5f2a-4900-000000000400}","SourceName":"Microsoft-Windows-Sysmon","SeverityValue":2,"tags":["mordorDataset"],"Channel":"Microsoft-Windows-Sysmon/Operational","ProviderGuid":"{5770385F-C22A-43E0-BF4C-06F5698FFBD9}","RuleName":"-","EventID":13,"RecordNumber":480109,"TargetObject":"HKLM\\SOFTWARE\\Microsoft\\Windows\\CurrentVersion\\Diagnostics\\DiagTrack\\LastFreeNetworkLossTime","Hostname":"WORKSTATION5.theshire.local","ProcessId":"3356","SourceModuleType":"im_msvistalog","Domain":"NT AUTHORITY","port":53997,"EventTime":"2020-08-05 02:10:09","Severity":"INFO","ExecutionProcessID":3484,"AccountName":"SYSTEM","OpcodeValue":0,"@timestamp":"2020-08-05T06:10:10.927Z","Task":13,"EventType":"SetValue","EventReceivedTime":"2020-08-05 02:10:10","Image":"C:\\windows\\System32\\svchost.exe","AccountType":"User"}
{"UtcTime":"2020-08-05 06:10:09.199","@version":"1","Keywords":-9223372036854775808,"EventTypeOrignal":"INFO","ThreadID":4452,"UserID":"S-1-5-18","Version":2,"Details":"QWORD (0x01d66ac7-0xf913c6b4)","host":"wec.internal.cloudapp.net","Message":"Registry value set:\r\nRuleName: -\r\nEventType: SetValue\r\nUtcTime: 2020-08-05 06:10:09.199\r\nProcessGuid: {8715b604-0df2-5f2a-4900-000000000400}\r\nProcessId: 3356\r\nImage: C:\\windows\\System32\\svchost.exe\r\nTargetObject: HKLM\\SOFTWARE\\Microsoft\\Windows\\CurrentVersion\\Diagnostics\\DiagTrack\\LastConnectivityHeartBeatTime\r\nDetails: QWORD (0x01d66ac7-0xf913c6b4)","SourceModuleName":"eventlog","ProcessGuid":"{8715b604-0df2-5f2a-4900-000000000400}","SourceName":"Microsoft-Windows-Sysmon","SeverityValue":2,"tags":["mordorDataset"],"Channel":"Microsoft-Windows-Sysmon/Operational","ProviderGuid":"{5770385F-C22A-43E0-BF4C-06F5698FFBD9}","RuleName":"-","EventID":13,"RecordNumber":480110,"TargetObject":"HKLM\\SOFTWARE\\Microsoft\\Windows\\CurrentVersion\\Diagnostics\\DiagTrack\\LastConnectivityHeartBeatTime","Hostname":"WORKSTATION5.theshire.local","ProcessId":"3356","SourceModuleType":"im_msvistalog","Domain":"NT AUTHORITY","port":53997,"EventTime":"2020-08-05 02:10:09","Severity":"INFO","ExecutionProcessID":3484,"AccountName":"SYSTEM","OpcodeValue":0,"@timestamp":"2020-08-05T06:10:10.928Z","Task":13,"EventType":"SetValue","EventReceivedTime":"2020-08-05 02:10:10","Image":"C:\\windows\\System32\\svchost.exe","AccountType":"User"}
