{"Keywords":-9214364837600034816,"SeverityValue":2,"SubjectDomainName":"THESHIRE","EventID":4663,"ProviderGuid":"{54849625-5478-4994-A5BA-3E3B0328C30D}","ExecutionProcessID":4,"Channel":"security","host":"wec.internal.cloudapp.net","SubjectUserSid":"S-1-5-20","ObjectType":"Key","EventReceivedTime":"2020-09-19 21:18:01","ThreadID":8748,"ProcessId":"0x15d0","EventType":"AUDIT_SUCCESS","Opcode":"Info","EventTime":"2020-09-19 21:18:00","Message":"An attempt was made to access an object.\r\n\r\nSubject:\r\n\tSecurity ID:\t\tS-1-5-20\r\n\tAccount Name:\t\tWORKSTATION6$\r\n\tAccount Domain:\t\tTHESHIRE\r\n\tLogon ID:\t\t0x3E4\r\n\r\nObject:\r\n\tObject Server:\t\tSecurity\r\n\tObject Type:\t\tKey\r\n\tObject Name:\t\t\\REGISTRY\\MACHINE\\SYSTEM\\ControlSet001\\Control\\Session Manager\\Environment\r\n\tHandle ID:\t\t0x3b0\r\n\tResource Attributes:\t-\r\n\r\nProcess Information:\r\n\tProcess ID:\t\t0x15d0\r\n\tProcess Name:\t\tC:\\Windows\\System32\\svchost.exe\r\n\r\nAccess Request Information:\r\n\tAccesses:\t\tQuery key value\r\n\t\t\t\t\r\n\tAccess Mask:\t\t0x1","@timestamp":"2020-09-20T01:18:01.837Z","ObjectServer":"Security","SubjectLogonId":"0x3e4","AccessMask":"0x1","port":64545,"ProcessName":"C:\\Windows\\System32\\svchost.exe","RecordNumber":616232,"SubjectUserName":"WORKSTATION6$","SourceModuleType":"im_msvistalog","Task":12801,"@version":"1","OpcodeValue":0,"SourceModuleName":"eventlog","Severity":"INFO","HandleId":"0x3b0","ObjectName":"\\REGISTRY\\MACHINE\\SYSTEM\\ControlSet001\\Control\\Session Manager\\Environment","SourceName":"Microsoft-Windows-Security-Auditing","Version":1,"AccessList":"%%4432\r\n\t\t\t\t","Category":"Registry","ResourceAttributes":"-","Hostname":"WORKSTATION6.theshire.local","tags":["mordorDataset"]}
{"Keywords":-9214364837600034816,"SeverityValue":2,"SubjectDomainName":"THESHIRE","EventID":4658,"ProviderGuid":"{54849625-5478-4994-A5BA-3E3B0328C30D}","ExecutionProcessID":4,"Channel":"security","host":"wec.internal.cloudapp.net","SubjectUserSid":"S-1-5-20","EventReceivedTime":"2020-09-19 21:18:01","ProcessId":"0x15d0","ThreadID":8748,"EventType":"AUDIT_SUCCESS","Opcode":"Info","EventTime":"2020-09-19 21:18:00","Message":"The handle to an object was closed.\r\n\r\nSubject :\r\n\tSecurity ID:\t\tS-1-5-20\r\n\tAccount Name:\t\tWORKSTATION6$\r\n\tAccount Domain:\t\tTHESHIRE\r\n\tLogon ID:\t\t0x3E4\r\n\r\nObject:\r\n\tObject Server:\t\tSecurity\r\n\tHandle ID:\t\t0x3b0\r\n\r\nProcess Information:\r\n\tProcess ID:\t\t0x15d0\r\n\tProcess Name:\t\tC:\\Windows\\System32\\svchost.exe","@timestamp":"2020-09-20T01:18:01.837Z","ObjectServer":"Security","SubjectLogonId":"0x3e4","SourceModuleType":"im_msvistalog","port":64545,"ProcessName":"C:\\Windows\\System32\\svchost.exe","RecordNumber":616233,"SubjectUserName":"WORKSTATION6$","Task":12801,"@version":"1","OpcodeValue":0,"SourceModuleName":"eventlog","Severity":"INFO","HandleId":"0x3b0","SourceName":"Microsoft-Windows-Security-Auditing","Version":0,"Category":"Registry","tags":["mordorDataset"],"Hostname":"WORKSTATION6.theshire.local"}
{"Keywords":-9214364837600034816,"SeverityValue":2,"SubjectDomainName":"THESHIRE","EventID":4690,"ProviderGuid":"{54849625-5478-4994-A5BA-3E3B0328C30D}","ExecutionProcessID":4,"Channel":"security","host":"wec.internal.cloudapp.net","SubjectUserSid":"S-1-5-20","EventReceivedTime":"2020-09-19 21:18:01","ProcessId":"0x15d0","ThreadID":8748,"EventType":"AUDIT_SUCCESS","Opcode":"Info","EventTime":"2020-09-19 21:18:00","Message":"An attempt was made to duplicate a handle to an object.\r\n\r\nSubject:\r\n\tSecurity ID:\t\tS-1-5-20\r\n\tAccount Name:\t\tWORKSTATION6$\r\n\tAccount Domain:\t\tTHESHIRE\r\n\tLogon ID:\t\t0x3E4\r\n\r\nSource Handle Information:\r\n\tSource Handle ID:\t0x3c8\r\n\tSource Process ID:\t0x15d0\r\n\r\nNew Handle Information:\r\n\tTarget Handle ID:\t0x2e58\r\n\tTarget Process ID:\t0x4","SourceHandleId":"0x3c8","TargetHandleId":"0x2e58","@timestamp":"2020-09-20T01:18:01.837Z","SubjectLogonId":"0x3e4","SourceModuleType":"im_msvistalog","port":64545,"RecordNumber":616234,"SubjectUserName":"WORKSTATION6$","SourceProcessId":"0x15d0","Task":12807,"@version":"1","OpcodeValue":0,"SourceModuleName":"eventlog","Severity":"INFO","SourceName":"Microsoft-Windows-Security-Auditing","Version":0,"TargetProcessId":"0x4","Category":"Handle Manipulation","tags":["mordorDataset"],"Hostname":"WORKSTATION6.theshire.local"}
{"Keywords":-9214364837600034816,"SeverityValue":2,"SubjectDomainName":"THESHIRE","EventID":4658,"ProviderGuid":"{54849625-5478-4994-A5BA-3E3B0328C30D}","ExecutionProcessID":4,"Channel":"security","host":"wec.internal.cloudapp.net","SubjectUserSid":"S-1-5-20","EventReceivedTime":"2020-09-19 21:18:01","ProcessId":"0x15d0","ThreadID":8748,"EventType":"AUDIT_SUCCESS","Opcode":"Info","EventTime":"2020-09-19 21:18:00","Message":"The handle to an object was closed.\r\n\r\nSubject :\r\n\tSecurity ID:\t\tS-1-5-20\r\n\tAccount Name:\t\tWORKSTATION6$\r\n\tAccount Domain:\t\tTHESHIRE\r\n\tLogon ID:\t\t0x3E4\r\n\r\nObject:\r\n\tObject Server:\t\tSecurity\r\n\tHandle ID:\t\t0x2e58\r\n\r\nProcess Information:\r\n\tProcess ID:\t\t0x15d0\r\n\tProcess Name:\t\tC:\\Windows\\System32\\svchost.exe","@timestamp":"2020-09-20T01:18:01.837Z","ObjectServer":"Security","SubjectLogonId":"0x3e4","SourceModuleType":"im_msvistalog","port":64545,"ProcessName":"C:\\Windows\\System32\\svchost.exe","RecordNumber":616235,"SubjectUserName":"WORKSTATION6$","Task":12801,"@version":"1","OpcodeValue":0,"SourceModuleName":"eventlog","Severity":"INFO","HandleId":"0x2e58","SourceName":"Microsoft-Windows-Security-Auditing","Version":0,"Category":"Registry","tags":["mordorDataset"],"Hostname":"WORKSTATION6.theshire.local"}
{"SeverityValue":2,"SubjectDomainName":"THESHIRE","EventReceivedTime":"2020-09-19 21:18:01","EventID":4656,"ProviderGuid":"{54849625-5478-4994-A5BA-3E3B0328C30D}","ExecutionProcessID":4,"Channel":"security","host":"wec.internal.cloudapp.net","ProcessId":"0x15d0","Opcode":"Info","EventTime":"2020-09-19 21:18:00","TransactionId":"{00000000-0000-0000-0000-000000000000}","ObjectServer":"Security","AccessMask":"0x20019","SourceModuleType":"im_msvistalog","ProcessName":"C:\\Windows\\System32\\svchost.exe","@version":"1","OpcodeValue":0,"Severity":"INFO","HandleId":"0x3c8","ObjectName":"\\REGISTRY\\MACHINE\\SYSTEM\\ControlSet001\\Control\\Session Manager\\Environment","SourceName":"Microsoft-Windows-Security-Auditing","Category":"Registry","Keywords":-9214364837600034816,"ObjectType":"Key","SubjectUserSid":"S-1-5-20","ThreadID":8748,"EventType":"AUDIT_SUCCESS","Message":"A handle to an object was requested.\r\n\r\nSubject:\r\n\tSecurity ID:\t\tS-1-5-20\r\n\tAccount Name:\t\tWORKSTATION6$\r\n\tAccount Domain:\t\tTHESHIRE\r\n\tLogon ID:\t\t0x3E4\r\n\r\nObject:\r\n\tObject Server:\t\tSecurity\r\n\tObject Type:\t\tKey\r\n\tObject Name:\t\t\\REGISTRY\\MACHINE\\SYSTEM\\ControlSet001\\Control\\Session Manager\\Environment\r\n\tHandle ID:\t\t0x3c8\r\n\tResource Attributes:\t-\r\n\r\nProcess Information:\r\n\tProcess ID:\t\t0x15d0\r\n\tProcess Name:\t\tC:\\Windows\\System32\\svchost.exe\r\n\r\nAccess Request Information:\r\n\tTransaction ID:\t\t{00000000-0000-0000-0000-000000000000}\r\n\tAccesses:\t\tREAD_CONTROL\r\n\t\t\t\tQuery key value\r\n\t\t\t\tEnumerate sub-keys\r\n\t\t\t\tNotify about changes to keys\r\n\t\t\t\t\r\n\tAccess Reasons:\t\t-\r\n\tAccess Mask:\t\t0x20019\r\n\tPrivileges Used for Access Check:\t-\r\n\tRestricted SID Count:\t0","AccessReason":"-","PrivilegeList":"-","@timestamp":"2020-09-20T01:18:01.838Z","SubjectLogonId":"0x3e4","port":64545,"RecordNumber":616236,"SubjectUserName":"WORKSTATION6$","Task":12801,"SourceModuleName":"eventlog","Version":1,"AccessList":"%%1538\r\n\t\t\t\t%%4432\r\n\t\t\t\t%%4435\r\n\t\t\t\t%%4436\r\n\t\t\t\t","RestrictedSidCount":"0","ResourceAttributes":"-","Hostname":"WORKSTATION6.theshire.local","tags":["mordorDataset"]}
{"Keywords":-9214364837600034816,"SeverityValue":2,"SubjectDomainName":"THESHIRE","EventID":4663,"ProviderGuid":"{54849625-5478-4994-A5BA-3E3B0328C30D}","ExecutionProcessID":4,"Channel":"security","host":"wec.internal.cloudapp.net","SubjectUserSid":"S-1-5-20","ObjectType":"Key","EventReceivedTime":"2020-09-19 21:18:01","ThreadID":8748,"ProcessId":"0x15d0","EventType":"AUDIT_SUCCESS","Opcode":"Info","EventTime":"2020-09-19 21:18:00","Message":"An attempt was made to access an object.\r\n\r\nSubject:\r\n\tSecurity ID:\t\tS-1-5-20\r\n\tAccount Name:\t\tWORKSTATION6$\r\n\tAccount Domain:\t\tTHESHIRE\r\n\tLogon ID:\t\t0x3E4\r\n\r\nObject:\r\n\tObject Server:\t\tSecurity\r\n\tObject Type:\t\tKey\r\n\tObject Name:\t\t\\REGISTRY\\MACHINE\\SYSTEM\\ControlSet001\\Control\\Session Manager\\Environment\r\n\tHandle ID:\t\t0x3c8\r\n\tResource Attributes:\t-\r\n\r\nProcess Information:\r\n\tProcess ID:\t\t0x15d0\r\n\tProcess Name:\t\tC:\\Windows\\System32\\svchost.exe\r\n\r\nAccess Request Information:\r\n\tAccesses:\t\tQuery key value\r\n\t\t\t\t\r\n\tAccess Mask:\t\t0x1","@timestamp":"2020-09-20T01:18:01.838Z","ObjectServer":"Security","SubjectLogonId":"0x3e4","AccessMask":"0x1","port":64545,"ProcessName":"C:\\Windows\\System32\\svchost.exe","RecordNumber":616237,"SubjectUserName":"WORKSTATION6$","SourceModuleType":"im_msvistalog","Task":12801,"@version":"1","OpcodeValue":0,"SourceModuleName":"eventlog","Severity":"INFO","HandleId":"0x3c8","ObjectName":"\\REGISTRY\\MACHINE\\SYSTEM\\ControlSet001\\Control\\Session Manager\\Environment","SourceName":"Microsoft-Windows-Security-Auditing","Version":1,"AccessList":"%%4432\r\n\t\t\t\t","Category":"Registry","ResourceAttributes":"-","Hostname":"WORKSTATION6.theshire.local","tags":["mordorDataset"]}
{"Keywords":-9214364837600034816,"SeverityValue":2,"SubjectDomainName":"THESHIRE","EventID":4658,"ProviderGuid":"{54849625-5478-4994-A5BA-3E3B0328C30D}","ExecutionProcessID":4,"Channel":"security","host":"wec.internal.cloudapp.net","SubjectUserSid":"S-1-5-20","EventReceivedTime":"2020-09-19 21:18:01","ProcessId":"0x15d0","ThreadID":8748,"EventType":"AUDIT_SUCCESS","Opcode":"Info","EventTime":"2020-09-19 21:18:00","Message":"The handle to an object was closed.\r\n\r\nSubject :\r\n\tSecurity ID:\t\tS-1-5-20\r\n\tAccount Name:\t\tWORKSTATION6$\r\n\tAccount Domain:\t\tTHESHIRE\r\n\tLogon ID:\t\t0x3E4\r\n\r\nObject:\r\n\tObject Server:\t\tSecurity\r\n\tHandle ID:\t\t0x3c8\r\n\r\nProcess Information:\r\n\tProcess ID:\t\t0x15d0\r\n\tProcess Name:\t\tC:\\Windows\\System32\\svchost.exe","@timestamp":"2020-09-20T01:18:01.839Z","ObjectServer":"Security","SubjectLogonId":"0x3e4","SourceModuleType":"im_msvistalog","port":64545,"ProcessName":"C:\\Windows\\System32\\svchost.exe","RecordNumber":616238,"SubjectUserName":"WORKSTATION6$","Task":12801,"@version":"1","OpcodeValue":0,"SourceModuleName":"eventlog","Severity":"INFO","HandleId":"0x3c8","SourceName":"Microsoft-Windows-Security-Auditing","Version":0,"Category":"Registry","tags":["mordorDataset"],"Hostname":"WORKSTATION6.theshire.local"}
{"Keywords":-9214364837600034816,"SeverityValue":2,"SubjectDomainName":"THESHIRE","EventID":4690,"ProviderGuid":"{54849625-5478-4994-A5BA-3E3B0328C30D}","ExecutionProcessID":4,"Channel":"security","host":"wec.internal.cloudapp.net","SubjectUserSid":"S-1-5-20","EventReceivedTime":"2020-09-19 21:18:01","ProcessId":"0x15d0","ThreadID":8748,"EventType":"AUDIT_SUCCESS","Opcode":"Info","EventTime":"2020-09-19 21:18:00","Message":"An attempt was made to duplicate a handle to an object.\r\n\r\nSubject:\r\n\tSecurity ID:\t\tS-1-5-20\r\n\tAccount Name:\t\tWORKSTATION6$\r\n\tAccount Domain:\t\tTHESHIRE\r\n\tLogon ID:\t\t0x3E4\r\n\r\nSource Handle Information:\r\n\tSource Handle ID:\t0x324\r\n\tSource Process ID:\t0x15d0\r\n\r\nNew Handle Information:\r\n\tTarget Handle ID:\t0x2e58\r\n\tTarget Process ID:\t0x4","SourceHandleId":"0x324","TargetHandleId":"0x2e58","@timestamp":"2020-09-20T01:18:01.839Z","SubjectLogonId":"0x3e4","SourceModuleType":"im_msvistalog","port":64545,"RecordNumber":616239,"SubjectUserName":"WORKSTATION6$","SourceProcessId":"0x15d0","Task":12807,"@version":"1","OpcodeValue":0,"SourceModuleName":"eventlog","Severity":"INFO","SourceName":"Microsoft-Windows-Security-Auditing","Version":0,"TargetProcessId":"0x4","Category":"Handle Manipulation","tags":["mordorDataset"],"Hostname":"WORKSTATION6.theshire.local"}
{"Keywords":-9214364837600034816,"SeverityValue":2,"SubjectDomainName":"THESHIRE","EventID":4658,"ProviderGuid":"{54849625-5478-4994-A5BA-3E3B0328C30D}","ExecutionProcessID":4,"Channel":"security","host":"wec.internal.cloudapp.net","SubjectUserSid":"S-1-5-20","EventReceivedTime":"2020-09-19 21:18:01","ProcessId":"0x15d0","ThreadID":8748,"EventType":"AUDIT_SUCCESS","Opcode":"Info","EventTime":"2020-09-19 21:18:00","Message":"The handle to an object was closed.\r\n\r\nSubject :\r\n\tSecurity ID:\t\tS-1-5-20\r\n\tAccount Name:\t\tWORKSTATION6$\r\n\tAccount Domain:\t\tTHESHIRE\r\n\tLogon ID:\t\t0x3E4\r\n\r\nObject:\r\n\tObject Server:\t\tSecurity\r\n\tHandle ID:\t\t0x2e58\r\n\r\nProcess Information:\r\n\tProcess ID:\t\t0x15d0\r\n\tProcess Name:\t\tC:\\Windows\\System32\\svchost.exe","@timestamp":"2020-09-20T01:18:01.839Z","ObjectServer":"Security","SubjectLogonId":"0x3e4","SourceModuleType":"im_msvistalog","port":64545,"ProcessName":"C:\\Windows\\System32\\svchost.exe","RecordNumber":616240,"SubjectUserName":"WORKSTATION6$","Task":12801,"@version":"1","OpcodeValue":0,"SourceModuleName":"eventlog","Severity":"INFO","HandleId":"0x2e58","SourceName":"Microsoft-Windows-Security-Auditing","Version":0,"Category":"Registry","tags":["mordorDataset"],"Hostname":"WORKSTATION6.theshire.local"}
{"SeverityValue":2,"SubjectDomainName":"THESHIRE","EventReceivedTime":"2020-09-19 21:18:01","EventID":4656,"ProviderGuid":"{54849625-5478-4994-A5BA-3E3B0328C30D}","ExecutionProcessID":4,"Channel":"security","host":"wec.internal.cloudapp.net","ProcessId":"0x15d0","Opcode":"Info","EventTime":"2020-09-19 21:18:00","TransactionId":"{00000000-0000-0000-0000-000000000000}","ObjectServer":"Security","AccessMask":"0x20019","SourceModuleType":"im_msvistalog","ProcessName":"C:\\Windows\\System32\\svchost.exe","@version":"1","OpcodeValue":0,"Severity":"INFO","HandleId":"0x324","ObjectName":"\\REGISTRY\\MACHINE\\SYSTEM\\ControlSet001\\Control\\Session Manager\\Environment","SourceName":"Microsoft-Windows-Security-Auditing","Category":"Registry","Keywords":-9214364837600034816,"ObjectType":"Key","SubjectUserSid":"S-1-5-20","ThreadID":8748,"EventType":"AUDIT_SUCCESS","Message":"A handle to an object was requested.\r\n\r\nSubject:\r\n\tSecurity ID:\t\tS-1-5-20\r\n\tAccount Name:\t\tWORKSTATION6$\r\n\tAccount Domain:\t\tTHESHIRE\r\n\tLogon ID:\t\t0x3E4\r\n\r\nObject:\r\n\tObject Server:\t\tSecurity\r\n\tObject Type:\t\tKey\r\n\tObject Name:\t\t\\REGISTRY\\MACHINE\\SYSTEM\\ControlSet001\\Control\\Session Manager\\Environment\r\n\tHandle ID:\t\t0x324\r\n\tResource Attributes:\t-\r\n\r\nProcess Information:\r\n\tProcess ID:\t\t0x15d0\r\n\tProcess Name:\t\tC:\\Windows\\System32\\svchost.exe\r\n\r\nAccess Request Information:\r\n\tTransaction ID:\t\t{00000000-0000-0000-0000-000000000000}\r\n\tAccesses:\t\tREAD_CONTROL\r\n\t\t\t\tQuery key value\r\n\t\t\t\tEnumerate sub-keys\r\n\t\t\t\tNotify about changes to keys\r\n\t\t\t\t\r\n\tAccess Reasons:\t\t-\r\n\tAccess Mask:\t\t0x20019\r\n\tPrivileges Used for Access Check:\t-\r\n\tRestricted SID Count:\t0","AccessReason":"-","PrivilegeList":"-","@timestamp":"2020-09-20T01:18:01.839Z","SubjectLogonId":"0x3e4","port":64545,"RecordNumber":616241,"SubjectUserName":"WORKSTATION6$","Task":12801,"SourceModuleName":"eventlog","Version":1,"AccessList":"%%1538\r\n\t\t\t\t%%4432\r\n\t\t\t\t%%4435\r\n\t\t\t\t%%4436\r\n\t\t\t\t","RestrictedSidCount":"0","ResourceAttributes":"-","Hostname":"WORKSTATION6.theshire.local","tags":["mordorDataset"]}
{"Keywords":-9214364837600034816,"SeverityValue":2,"SubjectDomainName":"THESHIRE","EventID":4663,"ProviderGuid":"{54849625-5478-4994-A5BA-3E3B0328C30D}","ExecutionProcessID":4,"Channel":"security","host":"wec.internal.cloudapp.net","SubjectUserSid":"S-1-5-20","ObjectType":"Key","EventReceivedTime":"2020-09-19 21:18:01","ThreadID":8748,"ProcessId":"0x15d0","EventType":"AUDIT_SUCCESS","Opcode":"Info","EventTime":"2020-09-19 21:18:00","Message":"An attempt was made to access an object.\r\n\r\nSubject:\r\n\tSecurity ID:\t\tS-1-5-20\r\n\tAccount Name:\t\tWORKSTATION6$\r\n\tAccount Domain:\t\tTHESHIRE\r\n\tLogon ID:\t\t0x3E4\r\n\r\nObject:\r\n\tObject Server:\t\tSecurity\r\n\tObject Type:\t\tKey\r\n\tObject Name:\t\t\\REGISTRY\\MACHINE\\SYSTEM\\ControlSet001\\Control\\Session Manager\\Environment\r\n\tHandle ID:\t\t0x324\r\n\tResource Attributes:\t-\r\n\r\nProcess Information:\r\n\tProcess ID:\t\t0x15d0\r\n\tProcess Name:\t\tC:\\Windows\\System32\\svchost.exe\r\n\r\nAccess Request Information:\r\n\tAccesses:\t\tQuery key value\r\n\t\t\t\t\r\n\tAccess Mask:\t\t0x1","@timestamp":"2020-09-20T01:18:01.839Z","ObjectServer":"Security","SubjectLogonId":"0x3e4","AccessMask":"0x1","port":64545,"ProcessName":"C:\\Windows\\System32\\svchost.exe","RecordNumber":616242,"SubjectUserName":"WORKSTATION6$","SourceModuleType":"im_msvistalog","Task":12801,"@version":"1","OpcodeValue":0,"SourceModuleName":"eventlog","Severity":"INFO","HandleId":"0x324","ObjectName":"\\REGISTRY\\MACHINE\\SYSTEM\\ControlSet001\\Control\\Session Manager\\Environment","SourceName":"Microsoft-Windows-Security-Auditing","Version":1,"AccessList":"%%4432\r\n\t\t\t\t","Category":"Registry","ResourceAttributes":"-","Hostname":"WORKSTATION6.theshire.local","tags":["mordorDataset"]}
{"Keywords":-9214364837600034816,"SeverityValue":2,"SubjectDomainName":"THESHIRE","EventID":4658,"ProviderGuid":"{54849625-5478-4994-A5BA-3E3B0328C30D}","ExecutionProcessID":4,"Channel":"security","host":"wec.internal.cloudapp.net","SubjectUserSid":"S-1-5-20","EventReceivedTime":"2020-09-19 21:18:01","ProcessId":"0x15d0","ThreadID":8748,"EventType":"AUDIT_SUCCESS","Opcode":"Info","EventTime":"2020-09-19 21:18:00","Message":"The handle to an object was closed.\r\n\r\nSubject :\r\n\tSecurity ID:\t\tS-1-5-20\r\n\tAccount Name:\t\tWORKSTATION6$\r\n\tAccount Domain:\t\tTHESHIRE\r\n\tLogon ID:\t\t0x3E4\r\n\r\nObject:\r\n\tObject Server:\t\tSecurity\r\n\tHandle ID:\t\t0x324\r\n\r\nProcess Information:\r\n\tProcess ID:\t\t0x15d0\r\n\tProcess Name:\t\tC:\\Windows\\System32\\svchost.exe","@timestamp":"2020-09-20T01:18:01.841Z","ObjectServer":"Security","SubjectLogonId":"0x3e4","SourceModuleType":"im_msvistalog","port":64545,"ProcessName":"C:\\Windows\\System32\\svchost.exe","RecordNumber":616243,"SubjectUserName":"WORKSTATION6$","Task":12801,"@version":"1","OpcodeValue":0,"SourceModuleName":"eventlog","Severity":"INFO","HandleId":"0x324","SourceName":"Microsoft-Windows-Security-Auditing","Version":0,"Category":"Registry","tags":["mordorDataset"],"Hostname":"WORKSTATION6.theshire.local"}
{"Keywords":-9223372036854775808,"SeverityValue":2,"SourceImage":"C:\\windows\\system32\\svchost.exe","EventID":10,"ProviderGuid":"{5770385F-C22A-43E0-BF4C-06F5698FFBD9}","ExecutionProcessID":9848,"Channel":"Microsoft-Windows-Sysmon/Operational","host":"wec.internal.cloudapp.net","AccountType":"User","UserID":"S-1-5-18","SourceProcessGUID":"{b34bc01c-7fae-5f63-1000-000000000400}","ThreadID":7976,"TargetImage":"C:\\windows\\System32\\svchost.exe","GrantedAccess":"0x1000","EventType":"INFO","Opcode":"Info","EventTime":"2020-09-19 21:18:00","EventReceivedTime":"2020-09-19 21:18:03","@timestamp":"2020-09-20T01:18:03.849Z","SourceModuleType":"im_msvistalog","port":64545,"AccountName":"SYSTEM","RecordNumber":1818939,"SourceProcessId":"880","SourceThreadId":"9684","Task":10,"Domain":"NT AUTHORITY","@version":"1","OpcodeValue":0,"SourceModuleName":"eventlog","TargetProcessGUID":"{b34bc01c-803f-5f63-5402-000000000400}","Severity":"INFO","SourceName":"Microsoft-Windows-Sysmon","Version":3,"TargetProcessId":"704","Category":"Process accessed (rule: ProcessAccess)","CallTrace":"C:\\windows\\SYSTEM32\\ntdll.dll+9c534|C:\\windows\\SYSTEM32\\psmserviceexthost.dll+222a3|C:\\windows\\SYSTEM32\\psmserviceexthost.dll+1a172|C:\\windows\\SYSTEM32\\psmserviceexthost.dll+19e3b|C:\\windows\\SYSTEM32\\psmserviceexthost.dll+19318|C:\\windows\\SYSTEM32\\ntdll.dll+3081d|C:\\windows\\SYSTEM32\\ntdll.dll+345b4|C:\\windows\\System32\\KERNEL32.DLL+17bd4|C:\\windows\\SYSTEM32\\ntdll.dll+6ce51","UtcTime":"2020-09-20 01:18:00.989","Hostname":"WORKSTATION5.theshire.local","RuleName":"-","tags":["mordorDataset"]}
{"Keywords":-9223372036854775808,"SeverityValue":2,"SourceImage":"C:\\windows\\system32\\svchost.exe","EventID":10,"ProviderGuid":"{5770385F-C22A-43E0-BF4C-06F5698FFBD9}","ExecutionProcessID":9848,"Channel":"Microsoft-Windows-Sysmon/Operational","host":"wec.internal.cloudapp.net","AccountType":"User","UserID":"S-1-5-18","SourceProcessGUID":"{b34bc01c-7fae-5f63-1000-000000000400}","ThreadID":7976,"TargetImage":"C:\\windows\\System32\\svchost.exe","GrantedAccess":"0x1000","EventType":"INFO","Opcode":"Info","EventTime":"2020-09-19 21:18:00","EventReceivedTime":"2020-09-19 21:18:03","@timestamp":"2020-09-20T01:18:03.849Z","SourceModuleType":"im_msvistalog","port":64545,"AccountName":"SYSTEM","RecordNumber":1818940,"SourceProcessId":"880","SourceThreadId":"9684","Task":10,"Domain":"NT AUTHORITY","@version":"1","OpcodeValue":0,"SourceModuleName":"eventlog","TargetProcessGUID":"{b34bc01c-803f-5f63-5402-000000000400}","Severity":"INFO","SourceName":"Microsoft-Windows-Sysmon","Version":3,"TargetProcessId":"704","Category":"Process accessed (rule: ProcessAccess)","CallTrace":"C:\\windows\\SYSTEM32\\ntdll.dll+9c534|C:\\windows\\SYSTEM32\\psmserviceexthost.dll+222a3|C:\\windows\\SYSTEM32\\psmserviceexthost.dll+1a172|C:\\windows\\SYSTEM32\\psmserviceexthost.dll+19e3b|C:\\windows\\SYSTEM32\\psmserviceexthost.dll+19318|C:\\windows\\SYSTEM32\\ntdll.dll+3081d|C:\\windows\\SYSTEM32\\ntdll.dll+345b4|C:\\windows\\System32\\KERNEL32.DLL+17bd4|C:\\windows\\SYSTEM32\\ntdll.dll+6ce51","UtcTime":"2020-09-20 01:18:00.989","Hostname":"WORKSTATION5.theshire.local","RuleName":"-","tags":["mordorDataset"]}
{"Keywords":-9223372036854775808,"SeverityValue":2,"SourceImage":"C:\\windows\\system32\\svchost.exe","EventID":10,"ProviderGuid":"{5770385F-C22A-43E0-BF4C-06F5698FFBD9}","ExecutionProcessID":9848,"Channel":"Microsoft-Windows-Sysmon/Operational","host":"wec.internal.cloudapp.net","AccountType":"User","UserID":"S-1-5-18","SourceProcessGUID":"{b34bc01c-7fae-5f63-1000-000000000400}","ThreadID":7976,"TargetImage":"C:\\windows\\System32\\svchost.exe","GrantedAccess":"0x1000","EventType":"INFO","Opcode":"Info","EventTime":"2020-09-19 21:18:00","EventReceivedTime":"2020-09-19 21:18:03","@timestamp":"2020-09-20T01:18:03.850Z","SourceModuleType":"im_msvistalog","port":64545,"AccountName":"SYSTEM","RecordNumber":1818941,"SourceProcessId":"880","SourceThreadId":"9532","Task":10,"Domain":"NT AUTHORITY","@version":"1","OpcodeValue":0,"SourceModuleName":"eventlog","TargetProcessGUID":"{b34bc01c-803f-5f63-5402-000000000400}","Severity":"INFO","SourceName":"Microsoft-Windows-Sysmon","Version":3,"TargetProcessId":"704","Category":"Process accessed (rule: ProcessAccess)","CallTrace":"C:\\windows\\SYSTEM32\\ntdll.dll+9c534|C:\\windows\\SYSTEM32\\psmserviceexthost.dll+222a3|C:\\windows\\SYSTEM32\\psmserviceexthost.dll+1a172|C:\\windows\\SYSTEM32\\psmserviceexthost.dll+19e3b|C:\\windows\\SYSTEM32\\psmserviceexthost.dll+19318|C:\\windows\\SYSTEM32\\ntdll.dll+3081d|C:\\windows\\SYSTEM32\\ntdll.dll+345b4|C:\\windows\\System32\\KERNEL32.DLL+17bd4|C:\\windows\\SYSTEM32\\ntdll.dll+6ce51","UtcTime":"2020-09-20 01:18:00.989","Hostname":"WORKSTATION5.theshire.local","RuleName":"-","tags":["mordorDataset"]}
{"Keywords":-9223372036854775808,"SeverityValue":2,"SourceImage":"C:\\windows\\system32\\svchost.exe","EventID":10,"ProviderGuid":"{5770385F-C22A-43E0-BF4C-06F5698FFBD9}","ExecutionProcessID":9848,"Channel":"Microsoft-Windows-Sysmon/Operational","host":"wec.internal.cloudapp.net","AccountType":"User","UserID":"S-1-5-18","SourceProcessGUID":"{b34bc01c-7fae-5f63-1000-000000000400}","ThreadID":7976,"TargetImage":"C:\\windows\\System32\\svchost.exe","GrantedAccess":"0x1000","EventType":"INFO","Opcode":"Info","EventTime":"2020-09-19 21:18:00","EventReceivedTime":"2020-09-19 21:18:03","@timestamp":"2020-09-20T01:18:03.850Z","SourceModuleType":"im_msvistalog","port":64545,"AccountName":"SYSTEM","RecordNumber":1818942,"SourceProcessId":"880","SourceThreadId":"9532","Task":10,"Domain":"NT AUTHORITY","@version":"1","OpcodeValue":0,"SourceModuleName":"eventlog","TargetProcessGUID":"{b34bc01c-803f-5f63-5402-000000000400}","Severity":"INFO","SourceName":"Microsoft-Windows-Sysmon","Version":3,"TargetProcessId":"704","Category":"Process accessed (rule: ProcessAccess)","CallTrace":"C:\\windows\\SYSTEM32\\ntdll.dll+9c534|C:\\windows\\SYSTEM32\\psmserviceexthost.dll+222a3|C:\\windows\\SYSTEM32\\psmserviceexthost.dll+1a172|C:\\windows\\SYSTEM32\\psmserviceexthost.dll+19e3b|C:\\windows\\SYSTEM32\\psmserviceexthost.dll+19318|C:\\windows\\SYSTEM32\\ntdll.dll+3081d|C:\\windows\\SYSTEM32\\ntdll.dll+345b4|C:\\windows\\System32\\KERNEL32.DLL+17bd4|C:\\windows\\SYSTEM32\\ntdll.dll+6ce51","UtcTime":"2020-09-20 01:18:00.989","Hostname":"WORKSTATION5.theshire.local","RuleName":"-","tags":["mordorDataset"]}
{"Keywords":-9223372036854775808,"SeverityValue":2,"SourceImage":"C:\\windows\\system32\\svchost.exe","EventID":10,"ProviderGuid":"{5770385F-C22A-43E0-BF4C-06F5698FFBD9}","ExecutionProcessID":9848,"Channel":"Microsoft-Windows-Sysmon/Operational","host":"wec.internal.cloudapp.net","AccountType":"User","UserID":"S-1-5-18","SourceProcessGUID":"{b34bc01c-7fae-5f63-1000-000000000400}","ThreadID":7976,"TargetImage":"C:\\windows\\System32\\svchost.exe","GrantedAccess":"0x1000","EventType":"INFO","Opcode":"Info","EventTime":"2020-09-19 21:18:02","EventReceivedTime":"2020-09-19 21:18:04","@timestamp":"2020-09-20T01:18:04.851Z","SourceModuleType":"im_msvistalog","port":64545,"AccountName":"SYSTEM","RecordNumber":1818943,"SourceProcessId":"880","SourceThreadId":"9684","Task":10,"Domain":"NT AUTHORITY","@version":"1","OpcodeValue":0,"SourceModuleName":"eventlog","TargetProcessGUID":"{b34bc01c-803f-5f63-5402-000000000400}","Severity":"INFO","SourceName":"Microsoft-Windows-Sysmon","Version":3,"TargetProcessId":"704","Category":"Process accessed (rule: ProcessAccess)","CallTrace":"C:\\windows\\SYSTEM32\\ntdll.dll+9c534|C:\\windows\\SYSTEM32\\psmserviceexthost.dll+222a3|C:\\windows\\SYSTEM32\\psmserviceexthost.dll+1a172|C:\\windows\\SYSTEM32\\psmserviceexthost.dll+19e3b|C:\\windows\\SYSTEM32\\psmserviceexthost.dll+19318|C:\\windows\\SYSTEM32\\ntdll.dll+3081d|C:\\windows\\SYSTEM32\\ntdll.dll+345b4|C:\\windows\\System32\\KERNEL32.DLL+17bd4|C:\\windows\\SYSTEM32\\ntdll.dll+6ce51","UtcTime":"2020-09-20 01:18:02.004","Hostname":"WORKSTATION5.theshire.local","RuleName":"-","tags":["mordorDataset"]}
{"Keywords":-9223372036854775808,"SeverityValue":2,"SourceImage":"C:\\windows\\system32\\svchost.exe","EventID":10,"ProviderGuid":"{5770385F-C22A-43E0-BF4C-06F5698FFBD9}","ExecutionProcessID":9848,"Channel":"Microsoft-Windows-Sysmon/Operational","host":"wec.internal.cloudapp.net","AccountType":"User","UserID":"S-1-5-18","SourceProcessGUID":"{b34bc01c-7fae-5f63-1000-000000000400}","ThreadID":7976,"TargetImage":"C:\\windows\\System32\\svchost.exe","GrantedAccess":"0x1000","EventType":"INFO","Opcode":"Info","EventTime":"2020-09-19 21:18:02","EventReceivedTime":"2020-09-19 21:18:04","@timestamp":"2020-09-20T01:18:04.851Z","SourceModuleType":"im_msvistalog","port":64545,"AccountName":"SYSTEM","RecordNumber":1818944,"SourceProcessId":"880","SourceThreadId":"9684","Task":10,"Domain":"NT AUTHORITY","@version":"1","OpcodeValue":0,"SourceModuleName":"eventlog","TargetProcessGUID":"{b34bc01c-803f-5f63-5402-000000000400}","Severity":"INFO","SourceName":"Microsoft-Windows-Sysmon","Version":3,"TargetProcessId":"704","Category":"Process accessed (rule: ProcessAccess)","CallTrace":"C:\\windows\\SYSTEM32\\ntdll.dll+9c534|C:\\windows\\SYSTEM32\\psmserviceexthost.dll+222a3|C:\\windows\\SYSTEM32\\psmserviceexthost.dll+1a172|C:\\windows\\SYSTEM32\\psmserviceexthost.dll+19e3b|C:\\windows\\SYSTEM32\\psmserviceexthost.dll+19318|C:\\windows\\SYSTEM32\\ntdll.dll+3081d|C:\\windows\\SYSTEM32\\ntdll.dll+345b4|C:\\windows\\System32\\KERNEL32.DLL+17bd4|C:\\windows\\SYSTEM32\\ntdll.dll+6ce51","UtcTime":"2020-09-20 01:18:02.004","Hostname":"WORKSTATION5.theshire.local","RuleName":"-","tags":["mordorDataset"]}
{"Keywords":-9223372036854775808,"SeverityValue":2,"SourceImage":"C:\\windows\\system32\\svchost.exe","EventID":10,"ProviderGuid":"{5770385F-C22A-43E0-BF4C-06F5698FFBD9}","ExecutionProcessID":3392,"Channel":"Microsoft-Windows-Sysmon/Operational","host":"wec.internal.cloudapp.net","AccountType":"User","UserID":"S-1-5-18","SourceProcessGUID":"{d273d0f0-e867-5f64-1300-000000000800}","ThreadID":5552,"TargetImage":"C:\\windows\\System32\\svchost.exe","GrantedAccess":"0x1000","EventType":"INFO","Opcode":"Info","EventTime":"2020-09-19 21:18:03","EventReceivedTime":"2020-09-19 21:18:05","@timestamp":"2020-09-20T01:18:05.865Z","SourceModuleType":"im_msvistalog","port":64545,"AccountName":"SYSTEM","RecordNumber":2582033,"SourceProcessId":"428","SourceThreadId":"5864","Task":10,"Domain":"NT AUTHORITY","@version":"1","OpcodeValue":0,"SourceModuleName":"eventlog","TargetProcessGUID":"{d273d0f0-e899-5f64-9e00-000000000800}","Severity":"INFO","SourceName":"Microsoft-Windows-Sysmon","Version":3,"TargetProcessId":"6604","Category":"Process accessed (rule: ProcessAccess)","CallTrace":"C:\\windows\\SYSTEM32\\ntdll.dll+9c534|C:\\windows\\System32\\KERNELBASE.dll+6aec5|c:\\windows\\system32\\lsm.dll+1184f|c:\\windows\\system32\\lsm.dll+1172e|C:\\windows\\System32\\RPCRT4.dll+76a53|C:\\windows\\System32\\RPCRT4.dll+da036|C:\\windows\\System32\\RPCRT4.dll+37b1c|C:\\windows\\System32\\RPCRT4.dll+54998|C:\\windows\\System32\\RPCRT4.dll+2c951|C:\\windows\\System32\\RPCRT4.dll+2c20b|C:\\windows\\System32\\RPCRT4.dll+1a86f|C:\\windows\\System32\\RPCRT4.dll+19d1a|C:\\windows\\System32\\RPCRT4.dll+19301|C:\\windows\\System32\\RPCRT4.dll+18d6e|C:\\windows\\System32\\RPCRT4.dll+169a5|C:\\windows\\SYSTEM32\\ntdll.dll+333ed|C:\\windows\\SYSTEM32\\ntdll.dll+34142|C:\\windows\\System32\\KERNEL32.DLL+17bd4|C:\\windows\\SYSTEM32\\ntdll.dll+6ce51","UtcTime":"2020-09-20 01:18:03.534","Hostname":"WORKSTATION6.theshire.local","RuleName":"-","tags":["mordorDataset"]}
{"Keywords":-9214364837600034816,"SeverityValue":2,"Application":"\\device\\harddiskvolume2\\windowsazure\\guestagent_2.7.41491.993_2020-09-17_150607\\guestagent\\windowsazureguestagent.exe","EventID":5158,"ProviderGuid":"{54849625-5478-4994-A5BA-3E3B0328C30D}","ExecutionProcessID":4,"Channel":"Security","host":"wec.internal.cloudapp.net","EventReceivedTime":"2020-09-19 21:18:06","ProcessId":"3596","ThreadID":96,"EventType":"AUDIT_SUCCESS","Opcode":"Info","EventTime":"2020-09-19 21:18:04","Message":"The Windows Filtering Platform has permitted a bind to a local port.\r\n\r\nApplication Information:\r\n\tProcess ID:\t\t3596\r\n\tApplication Name:\t\\device\\harddiskvolume2\\windowsazure\\guestagent_2.7.41491.993_2020-09-17_150607\\guestagent\\windowsazureguestagent.exe\r\n\r\nNetwork Information:\r\n\tSource Address:\t\t0.0.0.0\r\n\tSource Port:\t\t58251\r\n\tProtocol:\t\t6\r\n\r\nFilter Information:\r\n\tFilter Run-Time ID:\t0\r\n\tLayer Name:\t\tResource Assignment\r\n\tLayer Run-Time ID:\t36","FilterRTID":"0","@timestamp":"2020-09-20T01:18:06.870Z","LayerRTID":"36","SourceModuleType":"im_msvistalog","port":64545,"RecordNumber":1103007,"Task":12810,"Protocol":"6","@version":"1","OpcodeValue":0,"SourcePort":"58251","SourceModuleName":"eventlog","Severity":"INFO","SourceName":"Microsoft-Windows-Security-Auditing","Version":0,"LayerName":"%%14608","Category":"Filtering Platform Connection","SourceAddress":"0.0.0.0","tags":["mordorDataset"],"Hostname":"MORDORDC.theshire.local"}
{"Keywords":-9214364837600034816,"SeverityValue":2,"Application":"\\device\\harddiskvolume2\\windowsazure\\guestagent_2.7.41491.993_2020-09-17_150607\\guestagent\\windowsazureguestagent.exe","EventID":5156,"ProviderGuid":"{54849625-5478-4994-A5BA-3E3B0328C30D}","ExecutionProcessID":4,"Channel":"Security","host":"wec.internal.cloudapp.net","EventReceivedTime":"2020-09-19 21:18:06","ProcessId":"3596","ThreadID":96,"EventType":"AUDIT_SUCCESS","Opcode":"Info","EventTime":"2020-09-19 21:18:04","Message":"The Windows Filtering Platform has permitted a connection.\r\n\r\nApplication Information:\r\n\tProcess ID:\t\t3596\r\n\tApplication Name:\t\\device\\harddiskvolume2\\windowsazure\\guestagent_2.7.41491.993_2020-09-17_150607\\guestagent\\windowsazureguestagent.exe\r\n\r\nNetwork Information:\r\n\tDirection:\t\tOutbound\r\n\tSource Address:\t\t172.18.38.5\r\n\tSource Port:\t\t58251\r\n\tDestination Address:\t168.63.129.16\r\n\tDestination Port:\t\t80\r\n\tProtocol:\t\t6\r\n\r\nFilter Information:\r\n\tFilter Run-Time ID:\t71130\r\n\tLayer Name:\t\tConnect\r\n\tLayer Run-Time ID:\t48","FilterRTID":"71130","RemoteUserID":"S-1-0-0","@timestamp":"2020-09-20T01:18:06.870Z","LayerRTID":"48","SourceModuleType":"im_msvistalog","port":64545,"RecordNumber":1103008,"Task":12810,"Direction":"%%14593","@version":"1","OpcodeValue":0,"SourcePort":"58251","DestPort":"80","Protocol":"6","SourceModuleName":"eventlog","Severity":"INFO","DestAddress":"168.63.129.16","SourceName":"Microsoft-Windows-Security-Auditing","Version":1,"LayerName":"%%14611","RemoteMachineID":"S-1-0-0","Category":"Filtering Platform Connection","SourceAddress":"172.18.38.5","tags":["mordorDataset"],"Hostname":"MORDORDC.theshire.local"}
{"Keywords":-9214364837600034816,"SeverityValue":2,"Application":"\\device\\harddiskvolume2\\windows\\system32\\svchost.exe","EventID":5158,"ProviderGuid":"{54849625-5478-4994-A5BA-3E3B0328C30D}","ExecutionProcessID":4,"Channel":"Security","host":"wec.internal.cloudapp.net","EventReceivedTime":"2020-09-19 21:18:06","ProcessId":"4072","ThreadID":96,"EventType":"AUDIT_SUCCESS","Opcode":"Info","EventTime":"2020-09-19 21:18:05","Message":"The Windows Filtering Platform has permitted a bind to a local port.\r\n\r\nApplication Information:\r\n\tProcess ID:\t\t4072\r\n\tApplication Name:\t\\device\\harddiskvolume2\\windows\\system32\\svchost.exe\r\n\r\nNetwork Information:\r\n\tSource Address:\t\t0.0.0.0\r\n\tSource Port:\t\t58252\r\n\tProtocol:\t\t6\r\n\r\nFilter Information:\r\n\tFilter Run-Time ID:\t0\r\n\tLayer Name:\t\tResource Assignment\r\n\tLayer Run-Time ID:\t36","FilterRTID":"0","@timestamp":"2020-09-20T01:18:06.871Z","LayerRTID":"36","SourceModuleType":"im_msvistalog","port":64545,"RecordNumber":1103009,"Task":12810,"Protocol":"6","@version":"1","OpcodeValue":0,"SourcePort":"58252","SourceModuleName":"eventlog","Severity":"INFO","SourceName":"Microsoft-Windows-Security-Auditing","Version":0,"LayerName":"%%14608","Category":"Filtering Platform Connection","SourceAddress":"0.0.0.0","tags":["mordorDataset"],"Hostname":"MORDORDC.theshire.local"}
{"Keywords":-9214364837600034816,"SeverityValue":2,"Application":"\\device\\harddiskvolume2\\windowsazure\\guestagent_2.7.41491.993_2020-09-17_150914\\guestagent\\windowsazureguestagent.exe","EventID":5158,"ProviderGuid":"{54849625-5478-4994-A5BA-3E3B0328C30D}","ExecutionProcessID":4,"Channel":"Security","host":"wec.internal.cloudapp.net","EventReceivedTime":"2020-09-19 21:18:09","ProcessId":"3192","ThreadID":6668,"EventType":"AUDIT_SUCCESS","Opcode":"Info","EventTime":"2020-09-19 21:18:07","Message":"The Windows Filtering Platform has permitted a bind to a local port.\r\n\r\nApplication Information:\r\n\tProcess ID:\t\t3192\r\n\tApplication Name:\t\\device\\harddiskvolume2\\windowsazure\\guestagent_2.7.41491.993_2020-09-17_150914\\guestagent\\windowsazureguestagent.exe\r\n\r\nNetwork Information:\r\n\tSource Address:\t\t0.0.0.0\r\n\tSource Port:\t\t63101\r\n\tProtocol:\t\t6\r\n\r\nFilter Information:\r\n\tFilter Run-Time ID:\t0\r\n\tLayer Name:\t\tResource Assignment\r\n\tLayer Run-Time ID:\t36","FilterRTID":"0","@timestamp":"2020-09-20T01:18:09.882Z","LayerRTID":"36","SourceModuleType":"im_msvistalog","port":64545,"RecordNumber":466903,"Task":12810,"Protocol":"6","@version":"1","OpcodeValue":0,"SourcePort":"63101","SourceModuleName":"eventlog","Severity":"INFO","SourceName":"Microsoft-Windows-Security-Auditing","Version":0,"LayerName":"%%14608","Category":"Filtering Platform Connection","SourceAddress":"0.0.0.0","tags":["mordorDataset"],"Hostname":"WORKSTATION5.theshire.local"}
{"Keywords":-9214364837600034816,"SeverityValue":2,"Application":"\\device\\harddiskvolume2\\windowsazure\\guestagent_2.7.41491.993_2020-09-17_150914\\guestagent\\windowsazureguestagent.exe","EventID":5156,"ProviderGuid":"{54849625-5478-4994-A5BA-3E3B0328C30D}","ExecutionProcessID":4,"Channel":"Security","host":"wec.internal.cloudapp.net","EventReceivedTime":"2020-09-19 21:18:09","ProcessId":"3192","ThreadID":6668,"EventType":"AUDIT_SUCCESS","Opcode":"Info","EventTime":"2020-09-19 21:18:07","Message":"The Windows Filtering Platform has permitted a connection.\r\n\r\nApplication Information:\r\n\tProcess ID:\t\t3192\r\n\tApplication Name:\t\\device\\harddiskvolume2\\windowsazure\\guestagent_2.7.41491.993_2020-09-17_150914\\guestagent\\windowsazureguestagent.exe\r\n\r\nNetwork Information:\r\n\tDirection:\t\tOutbound\r\n\tSource Address:\t\t172.18.39.5\r\n\tSource Port:\t\t63101\r\n\tDestination Address:\t168.63.129.16\r\n\tDestination Port:\t\t80\r\n\tProtocol:\t\t6\r\n\r\nFilter Information:\r\n\tFilter Run-Time ID:\t71992\r\n\tLayer Name:\t\tConnect\r\n\tLayer Run-Time ID:\t48","FilterRTID":"71992","RemoteUserID":"S-1-0-0","@timestamp":"2020-09-20T01:18:09.883Z","LayerRTID":"48","SourceModuleType":"im_msvistalog","port":64545,"RecordNumber":466904,"Task":12810,"Direction":"%%14593","@version":"1","OpcodeValue":0,"SourcePort":"63101","DestPort":"80","Protocol":"6","SourceModuleName":"eventlog","Severity":"INFO","DestAddress":"168.63.129.16","SourceName":"Microsoft-Windows-Security-Auditing","Version":1,"LayerName":"%%14611","RemoteMachineID":"S-1-0-0","Category":"Filtering Platform Connection","SourceAddress":"172.18.39.5","tags":["mordorDataset"],"Hostname":"WORKSTATION5.theshire.local"}
{"Keywords":-9223372036854775808,"SeverityValue":2,"SourceImage":"C:\\windows\\system32\\svchost.exe","EventID":10,"ProviderGuid":"{5770385F-C22A-43E0-BF4C-06F5698FFBD9}","ExecutionProcessID":3392,"Channel":"Microsoft-Windows-Sysmon/Operational","host":"wec.internal.cloudapp.net","AccountType":"User","UserID":"S-1-5-18","SourceProcessGUID":"{d273d0f0-e867-5f64-1300-000000000800}","ThreadID":5552,"TargetImage":"C:\\windows\\System32\\svchost.exe","GrantedAccess":"0x1000","EventType":"INFO","Opcode":"Info","EventTime":"2020-09-19 21:18:08","EventReceivedTime":"2020-09-19 21:18:10","@timestamp":"2020-09-20T01:18:10.888Z","SourceModuleType":"im_msvistalog","port":64545,"AccountName":"SYSTEM","RecordNumber":2582034,"SourceProcessId":"428","SourceThreadId":"5864","Task":10,"Domain":"NT AUTHORITY","@version":"1","OpcodeValue":0,"SourceModuleName":"eventlog","TargetProcessGUID":"{d273d0f0-e899-5f64-9e00-000000000800}","Severity":"INFO","SourceName":"Microsoft-Windows-Sysmon","Version":3,"TargetProcessId":"6604","Category":"Process accessed (rule: ProcessAccess)","CallTrace":"C:\\windows\\SYSTEM32\\ntdll.dll+9c534|C:\\windows\\System32\\KERNELBASE.dll+6aec5|c:\\windows\\system32\\lsm.dll+1184f|c:\\windows\\system32\\lsm.dll+1172e|C:\\windows\\System32\\RPCRT4.dll+76a53|C:\\windows\\System32\\RPCRT4.dll+da036|C:\\windows\\System32\\RPCRT4.dll+37b1c|C:\\windows\\System32\\RPCRT4.dll+54998|C:\\windows\\System32\\RPCRT4.dll+2c951|C:\\windows\\System32\\RPCRT4.dll+2c20b|C:\\windows\\System32\\RPCRT4.dll+1a86f|C:\\windows\\System32\\RPCRT4.dll+19d1a|C:\\windows\\System32\\RPCRT4.dll+19301|C:\\windows\\System32\\RPCRT4.dll+18d6e|C:\\windows\\System32\\RPCRT4.dll+169a5|C:\\windows\\SYSTEM32\\ntdll.dll+333ed|C:\\windows\\SYSTEM32\\ntdll.dll+34142|C:\\windows\\System32\\KERNEL32.DLL+17bd4|C:\\windows\\SYSTEM32\\ntdll.dll+6ce51","UtcTime":"2020-09-20 01:18:08.538","Hostname":"WORKSTATION6.theshire.local","RuleName":"-","tags":["mordorDataset"]}
{"Keywords":-9214364837600034816,"SeverityValue":2,"Application":"\\device\\harddiskvolume2\\windowsazure\\guestagent_2.7.41491.993_2020-09-17_150921\\guestagent\\windowsazureguestagent.exe","EventID":5158,"ProviderGuid":"{54849625-5478-4994-A5BA-3E3B0328C30D}","ExecutionProcessID":4,"Channel":"security","host":"wec.internal.cloudapp.net","EventReceivedTime":"2020-09-19 21:18:12","ProcessId":"3476","ThreadID":8748,"EventType":"AUDIT_SUCCESS","Opcode":"Info","EventTime":"2020-09-19 21:18:09","Message":"The Windows Filtering Platform has permitted a bind to a local port.\r\n\r\nApplication Information:\r\n\tProcess ID:\t\t3476\r\n\tApplication Name:\t\\device\\harddiskvolume2\\windowsazure\\guestagent_2.7.41491.993_2020-09-17_150921\\guestagent\\windowsazureguestagent.exe\r\n\r\nNetwork Information:\r\n\tSource Address:\t\t0.0.0.0\r\n\tSource Port:\t\t54094\r\n\tProtocol:\t\t6\r\n\r\nFilter Information:\r\n\tFilter Run-Time ID:\t0\r\n\tLayer Name:\t\tResource Assignment\r\n\tLayer Run-Time ID:\t36","FilterRTID":"0","@timestamp":"2020-09-20T01:18:12.898Z","LayerRTID":"36","SourceModuleType":"im_msvistalog","port":64545,"RecordNumber":616244,"Task":12810,"Protocol":"6","@version":"1","OpcodeValue":0,"SourcePort":"54094","SourceModuleName":"eventlog","Severity":"INFO","SourceName":"Microsoft-Windows-Security-Auditing","Version":0,"LayerName":"%%14608","Category":"Filtering Platform Connection","SourceAddress":"0.0.0.0","tags":["mordorDataset"],"Hostname":"WORKSTATION6.theshire.local"}
{"Keywords":-9214364837600034816,"SeverityValue":2,"Application":"\\device\\harddiskvolume2\\windowsazure\\guestagent_2.7.41491.993_2020-09-17_150921\\guestagent\\windowsazureguestagent.exe","EventID":5156,"ProviderGuid":"{54849625-5478-4994-A5BA-3E3B0328C30D}","ExecutionProcessID":4,"Channel":"security","host":"wec.internal.cloudapp.net","EventReceivedTime":"2020-09-19 21:18:12","ProcessId":"3476","ThreadID":8748,"EventType":"AUDIT_SUCCESS","Opcode":"Info","EventTime":"2020-09-19 21:18:09","Message":"The Windows Filtering Platform has permitted a connection.\r\n\r\nApplication Information:\r\n\tProcess ID:\t\t3476\r\n\tApplication Name:\t\\device\\harddiskvolume2\\windowsazure\\guestagent_2.7.41491.993_2020-09-17_150921\\guestagent\\windowsazureguestagent.exe\r\n\r\nNetwork Information:\r\n\tDirection:\t\tOutbound\r\n\tSource Address:\t\t172.18.39.6\r\n\tSource Port:\t\t54094\r\n\tDestination Address:\t168.63.129.16\r\n\tDestination Port:\t\t80\r\n\tProtocol:\t\t6\r\n\r\nFilter Information:\r\n\tFilter Run-Time ID:\t79916\r\n\tLayer Name:\t\tConnect\r\n\tLayer Run-Time ID:\t48","FilterRTID":"79916","RemoteUserID":"S-1-0-0","@timestamp":"2020-09-20T01:18:12.898Z","LayerRTID":"48","SourceModuleType":"im_msvistalog","port":64545,"RecordNumber":616245,"Task":12810,"Direction":"%%14593","@version":"1","OpcodeValue":0,"SourcePort":"54094","DestPort":"80","Protocol":"6","SourceModuleName":"eventlog","Severity":"INFO","DestAddress":"168.63.129.16","SourceName":"Microsoft-Windows-Security-Auditing","Version":1,"LayerName":"%%14611","RemoteMachineID":"S-1-0-0","Category":"Filtering Platform Connection","SourceAddress":"172.18.39.6","tags":["mordorDataset"],"Hostname":"WORKSTATION6.theshire.local"}
{"Keywords":-9223372036854775808,"SeverityValue":2,"TargetObject":"HKU\\S-1-5-20\\Software\\Microsoft\\Windows\\CurrentVersion\\DeliveryOptimization\\Usage\\UploadMonthlyInternetBytes","EventTypeOrignal":"INFO","EventID":13,"ProviderGuid":"{5770385F-C22A-43E0-BF4C-06F5698FFBD9}","ExecutionProcessID":3392,"host":"wec.internal.cloudapp.net","Channel":"Microsoft-Windows-Sysmon/Operational","UserID":"S-1-5-18","AccountType":"User","ThreadID":5552,"ProcessGuid":"{d273d0f0-e879-5f64-5c00-000000000800}","Details":"QWORD (0x00000000-0x00000000)","EventReceivedTime":"2020-09-19 21:18:12","Opcode":"Info","EventTime":"2020-09-19 21:18:10","@timestamp":"2020-09-20T01:18:12.899Z","SourceModuleType":"im_msvistalog","port":64545,"AccountName":"SYSTEM","RecordNumber":2582035,"Task":13,"Domain":"NT AUTHORITY","@version":"1","OpcodeValue":0,"SourceModuleName":"eventlog","Severity":"INFO","SourceName":"Microsoft-Windows-Sysmon","Version":2,"Image":"C:\\windows\\System32\\svchost.exe","Category":"Registry value set (rule: RegistryEvent)","UtcTime":"2020-09-20 01:18:10.099","Hostname":"WORKSTATION6.theshire.local","RuleName":"-","tags":["mordorDataset"]}
{"Keywords":-9223372036854775808,"SeverityValue":2,"TargetObject":"HKU\\S-1-5-20\\Software\\Microsoft\\Windows\\CurrentVersion\\DeliveryOptimization\\Usage\\UploadMonthlyLanBytes","EventTypeOrignal":"INFO","EventID":13,"ProviderGuid":"{5770385F-C22A-43E0-BF4C-06F5698FFBD9}","ExecutionProcessID":3392,"host":"wec.internal.cloudapp.net","Channel":"Microsoft-Windows-Sysmon/Operational","UserID":"S-1-5-18","AccountType":"User","ThreadID":5552,"ProcessGuid":"{d273d0f0-e879-5f64-5c00-000000000800}","Details":"QWORD (0x00000000-0x00000000)","EventReceivedTime":"2020-09-19 21:18:12","Opcode":"Info","EventTime":"2020-09-19 21:18:10","@timestamp":"2020-09-20T01:18:12.900Z","SourceModuleType":"im_msvistalog","port":64545,"AccountName":"SYSTEM","RecordNumber":2582036,"Task":13,"Domain":"NT AUTHORITY","@version":"1","OpcodeValue":0,"SourceModuleName":"eventlog","Severity":"INFO","SourceName":"Microsoft-Windows-Sysmon","Version":2,"Image":"C:\\windows\\System32\\svchost.exe","Category":"Registry value set (rule: RegistryEvent)","UtcTime":"2020-09-20 01:18:10.099","Hostname":"WORKSTATION6.theshire.local","RuleName":"-","tags":["mordorDataset"]}
{"Keywords":-9223372036854775808,"SeverityValue":2,"TargetObject":"HKU\\S-1-5-20\\Software\\Microsoft\\Windows\\CurrentVersion\\DeliveryOptimization\\Usage\\DownloadMonthlyInternetBytes","EventTypeOrignal":"INFO","EventID":13,"ProviderGuid":"{5770385F-C22A-43E0-BF4C-06F5698FFBD9}","ExecutionProcessID":3392,"host":"wec.internal.cloudapp.net","Channel":"Microsoft-Windows-Sysmon/Operational","UserID":"S-1-5-18","AccountType":"User","ThreadID":5552,"ProcessGuid":"{d273d0f0-e879-5f64-5c00-000000000800}","Details":"QWORD (0x00000000-0x00000000)","EventReceivedTime":"2020-09-19 21:18:12","Opcode":"Info","EventTime":"2020-09-19 21:18:10","@timestamp":"2020-09-20T01:18:12.900Z","SourceModuleType":"im_msvistalog","port":64545,"AccountName":"SYSTEM","RecordNumber":2582037,"Task":13,"Domain":"NT AUTHORITY","@version":"1","OpcodeValue":0,"SourceModuleName":"eventlog","Severity":"INFO","SourceName":"Microsoft-Windows-Sysmon","Version":2,"Image":"C:\\windows\\System32\\svchost.exe","Category":"Registry value set (rule: RegistryEvent)","UtcTime":"2020-09-20 01:18:10.099","Hostname":"WORKSTATION6.theshire.local","RuleName":"-","tags":["mordorDataset"]}
{"Keywords":-9223372036854775808,"SeverityValue":2,"TargetObject":"HKU\\S-1-5-20\\Software\\Microsoft\\Windows\\CurrentVersion\\DeliveryOptimization\\Usage\\DownloadMonthlyLanBytes","EventTypeOrignal":"INFO","EventID":13,"ProviderGuid":"{5770385F-C22A-43E0-BF4C-06F5698FFBD9}","ExecutionProcessID":3392,"host":"wec.internal.cloudapp.net","Channel":"Microsoft-Windows-Sysmon/Operational","UserID":"S-1-5-18","AccountType":"User","ThreadID":5552,"ProcessGuid":"{d273d0f0-e879-5f64-5c00-000000000800}","Details":"QWORD (0x00000000-0x00000000)","EventReceivedTime":"2020-09-19 21:18:12","Opcode":"Info","EventTime":"2020-09-19 21:18:10","@timestamp":"2020-09-20T01:18:12.901Z","SourceModuleType":"im_msvistalog","port":64545,"AccountName":"SYSTEM","RecordNumber":2582038,"Task":13,"Domain":"NT AUTHORITY","@version":"1","OpcodeValue":0,"SourceModuleName":"eventlog","Severity":"INFO","SourceName":"Microsoft-Windows-Sysmon","Version":2,"Image":"C:\\windows\\System32\\svchost.exe","Category":"Registry value set (rule: RegistryEvent)","UtcTime":"2020-09-20 01:18:10.099","Hostname":"WORKSTATION6.theshire.local","RuleName":"-","tags":["mordorDataset"]}
{"Keywords":-9223372036854775808,"SeverityValue":2,"TargetObject":"HKU\\S-1-5-20\\Software\\Microsoft\\Windows\\CurrentVersion\\DeliveryOptimization\\Usage\\DownloadMonthlyCdnBytes","EventTypeOrignal":"INFO","EventID":13,"ProviderGuid":"{5770385F-C22A-43E0-BF4C-06F5698FFBD9}","ExecutionProcessID":3392,"host":"wec.internal.cloudapp.net","Channel":"Microsoft-Windows-Sysmon/Operational","UserID":"S-1-5-18","AccountType":"User","ThreadID":5552,"ProcessGuid":"{d273d0f0-e879-5f64-5c00-000000000800}","Details":"QWORD (0x00000000-0x4fbbbca0)","EventReceivedTime":"2020-09-19 21:18:12","Opcode":"Info","EventTime":"2020-09-19 21:18:10","@timestamp":"2020-09-20T01:18:12.901Z","SourceModuleType":"im_msvistalog","port":64545,"AccountName":"SYSTEM","RecordNumber":2582039,"Task":13,"Domain":"NT AUTHORITY","@version":"1","OpcodeValue":0,"SourceModuleName":"eventlog","Severity":"INFO","SourceName":"Microsoft-Windows-Sysmon","Version":2,"Image":"C:\\windows\\System32\\svchost.exe","Category":"Registry value set (rule: RegistryEvent)","UtcTime":"2020-09-20 01:18:10.099","Hostname":"WORKSTATION6.theshire.local","RuleName":"-","tags":["mordorDataset"]}
