{"ImpersonationLevel":"%%1832","IpPort":"-","Channel":"security","RecordNumber":30537,"ProviderGuid":"{54849625-5478-4994-A5BA-3E3B0328C30D}","AuthenticationPackageName":"Kerberos","WorkstationName":"IT001","IpAddress":"-","TargetUserName":"pgustavo","SourceName":"Microsoft-Windows-Security-Auditing","ActivityID":"{1CB713B3-AB00-0000-3914-B71C00ABD501}","SubjectDomainName":"shire","TargetUserSid":"S-1-5-21-791464340-1796667228-2788435825-1112","OpcodeValue":0,"Message":"An account was successfully logged on.\r\n\r\nSubject:\r\n\tSecurity ID:\t\tS-1-5-18\r\n\tAccount Name:\t\tIT001$\r\n\tAccount Domain:\t\tshire\r\n\tLogon ID:\t\t0x3E7\r\n\r\nLogon Information:\r\n\tLogon Type:\t\t3\r\n\tRestricted Admin Mode:\t-\r\n\tVirtual Account:\t\tNo\r\n\tElevated Token:\t\tYes\r\n\r\nImpersonation Level:\t\tIdentification\r\n\r\nNew Logon:\r\n\tSecurity ID:\t\tS-1-5-21-791464340-1796667228-2788435825-1112\r\n\tAccount Name:\t\tpgustavo\r\n\tAccount Domain:\t\tshire\r\n\tLogon ID:\t\t0x8427FF\r\n\tLinked Logon ID:\t\t0x0\r\n\tNetwork Account Name:\t-\r\n\tNetwork Account Domain:\t-\r\n\tLogon GUID:\t\t{af70a878-fdf5-616c-5637-adff9a6323a8}\r\n\r\nProcess Information:\r\n\tProcess ID:\t\t0xa08\r\n\tProcess Name:\t\tC:\\Windows\\System32\\svchost.exe\r\n\r\nNetwork Information:\r\n\tWorkstation Name:\tIT001\r\n\tSource Network Address:\t-\r\n\tSource Port:\t\t-\r\n\r\nDetailed Authentication Information:\r\n\tLogon Process:\t\tAuthz   \r\n\tAuthentication Package:\tKerberos\r\n\tTransited Services:\t-\r\n\tPackage Name (NTLM only):\t-\r\n\tKey Length:\t\t0\r\n\r\nThis event is generated when a logon session is created. It is generated on the computer that was accessed.\r\n\r\nThe subject fields indicate the account on the local system which requested the logon. This is most commonly a service such as the Server service, or a local process such as Winlogon.exe or Services.exe.\r\n\r\nThe logon type field indicates the kind of logon that occurred. The most common types are 2 (interactive) and 3 (network).\r\n\r\nThe New Logon fields indicate the account for whom the new logon was created, i.e. the account that was logged on.\r\n\r\nThe network fields indicate where a remote logon request originated. Workstation name is not always available and may be left blank in some cases.\r\n\r\nThe impersonation level field indicates the extent to which a process in the logon session can impersonate.\r\n\r\nThe authentication information fields provide detailed information about this specific logon request.\r\n\t- Logon GUID is a unique identifier that can be used to correlate this event with a KDC event.\r\n\t- Transited services indicate which intermediate services have participated in this logon request.\r\n\t- Package name indicates which sub-protocol was used among the NTLM protocols.\r\n\t- Key length indicates the length of the generated session key. This will be 0 if no session key was requested.","TargetLogonId":"0x8427ff","ProcessName":"C:\\Windows\\System32\\svchost.exe","SubjectUserName":"IT001$","VirtualAccount":"%%1843","ProcessID":808,"SeverityValue":2,"KeyLength":"0","Opcode":"Info","SubjectLogonId":"0x3e7","SourceModuleType":"im_msvistalog","@version":"1","Version":2,"LogonType":"3","LmPackageName":"-","EventReceivedTime":"2019-12-04 23:47:56","type":"nxlog-mordor","host":"ip-172-18-39-102.ec2.internal","TargetOutboundUserName":"-","Category":"Logon","port":49730,"TransmittedServices":"-","EventID":4624,"EventType":"AUDIT_SUCCESS","ElevatedToken":"%%1842","TargetOutboundDomainName":"-","SubjectUserSid":"S-1-5-18","Task":12544,"Severity":"INFO","Keywords":-9214364837600034816,"LogonGuid":"{af70a878-fdf5-616c-5637-adff9a6323a8}","@timestamp":"2019-12-05T04:47:56.287Z","EventTime":"2019-12-04 23:47:55","ThreadID":6348,"TargetDomainName":"shire","Hostname":"IT001.shire.com","LogonProcessName":"Authz   ","SourceModuleName":"eventlog","RestrictedAdminMode":"-","TargetLinkedLogonId":"0x0"}
{"Version":0,"EventReceivedTime":"2019-12-04 23:47:56","type":"nxlog-mordor","host":"ip-172-18-39-102.ec2.internal","Channel":"security","RecordNumber":30539,"Category":"Special Logon","port":49730,"ProviderGuid":"{54849625-5478-4994-A5BA-3E3B0328C30D}","EventID":4672,"EventType":"AUDIT_SUCCESS","SourceName":"Microsoft-Windows-Security-Auditing","ActivityID":"{1CB713B3-AB00-0000-3914-B71C00ABD501}","SubjectUserSid":"S-1-5-21-791464340-1796667228-2788435825-1112","SubjectDomainName":"shire","OpcodeValue":0,"Message":"Special privileges assigned to new logon.\r\n\r\nSubject:\r\n\tSecurity ID:\t\tS-1-5-21-791464340-1796667228-2788435825-1112\r\n\tAccount Name:\t\tpgustavo\r\n\tAccount Domain:\t\tshire\r\n\tLogon ID:\t\t0x8427FF\r\n\r\nPrivileges:\t\tSeSecurityPrivilege\r\n\t\t\tSeTakeOwnershipPrivilege\r\n\t\t\tSeLoadDriverPrivilege\r\n\t\t\tSeBackupPrivilege\r\n\t\t\tSeRestorePrivilege\r\n\t\t\tSeDebugPrivilege\r\n\t\t\tSeSystemEnvironmentPrivilege\r\n\t\t\tSeImpersonatePrivilege\r\n\t\t\tSeDelegateSessionUserImpersonatePrivilege","PrivilegeList":"SeSecurityPrivilege\r\n\t\t\tSeTakeOwnershipPrivilege\r\n\t\t\tSeLoadDriverPrivilege\r\n\t\t\tSeBackupPrivilege\r\n\t\t\tSeRestorePrivilege\r\n\t\t\tSeDebugPrivilege\r\n\t\t\tSeSystemEnvironmentPrivilege\r\n\t\t\tSeImpersonatePrivilege\r\n\t\t\tSeDelegateSessionUserImpersonatePrivilege","Task":12548,"Severity":"INFO","Keywords":-9214364837600034816,"SubjectUserName":"pgustavo","@timestamp":"2019-12-05T04:47:56.288Z","EventTime":"2019-12-04 23:47:55","SeverityValue":2,"ProcessID":808,"ThreadID":6348,"Opcode":"Info","SubjectLogonId":"0x8427ff","SourceModuleType":"im_msvistalog","Hostname":"IT001.shire.com","SourceModuleName":"eventlog","@version":"1"}
{"Version":0,"EventReceivedTime":"2019-12-04 23:47:56","type":"nxlog-mordor","host":"ip-172-18-39-102.ec2.internal","Channel":"security","RecordNumber":30541,"Category":"Token Right Adjusted Events","port":49730,"ProviderGuid":"{54849625-5478-4994-A5BA-3E3B0328C30D}","EventID":4703,"EventType":"AUDIT_SUCCESS","TargetUserName":"IT001$","SourceName":"Microsoft-Windows-Security-Auditing","SubjectDomainName":"shire","SubjectUserSid":"S-1-5-18","TargetUserSid":"S-1-5-18","OpcodeValue":0,"Message":"A token right was adjusted.\r\n\r\nSubject:\r\n\tSecurity ID:\t\tS-1-5-18\r\n\tAccount Name:\t\tIT001$\r\n\tAccount Domain:\t\tshire\r\n\tLogon ID:\t\t0x3E7\r\n\r\nTarget Account:\r\n\tSecurity ID:\t\tS-1-5-18\r\n\tAccount Name:\t\tIT001$\r\n\tAccount Domain:\t\tshire\r\n\tLogon ID:\t\t0x3E7\r\n\r\nProcess Information:\r\n\tProcess ID:\t\t0xa08\r\n\tProcess Name:\t\tC:\\Windows\\System32\\svchost.exe\r\n\r\nEnabled Privileges:\r\n\t\t\tSeAssignPrimaryTokenPrivilege\r\n\t\t\tSeIncreaseQuotaPrivilege\r\n\t\t\tSeSecurityPrivilege\r\n\t\t\tSeTakeOwnershipPrivilege\r\n\t\t\tSeLoadDriverPrivilege\r\n\t\t\tSeSystemtimePrivilege\r\n\t\t\tSeBackupPrivilege\r\n\t\t\tSeRestorePrivilege\r\n\t\t\tSeShutdownPrivilege\r\n\t\t\tSeSystemEnvironmentPrivilege\r\n\t\t\tSeUndockPrivilege\r\n\t\t\tSeManageVolumePrivilege\r\n\r\nDisabled Privileges:\r\n\t\t\t-","TargetLogonId":"0x3e7","Task":13317,"Severity":"INFO","Keywords":-9214364837600034816,"SubjectUserName":"IT001$","ProcessName":"C:\\Windows\\System32\\svchost.exe","EnabledPrivilegeList":"SeAssignPrimaryTokenPrivilege\r\n\t\t\tSeIncreaseQuotaPrivilege\r\n\t\t\tSeSecurityPrivilege\r\n\t\t\tSeTakeOwnershipPrivilege\r\n\t\t\tSeLoadDriverPrivilege\r\n\t\t\tSeSystemtimePrivilege\r\n\t\t\tSeBackupPrivilege\r\n\t\t\tSeRestorePrivilege\r\n\t\t\tSeShutdownPrivilege\r\n\t\t\tSeSystemEnvironmentPrivilege\r\n\t\t\tSeUndockPrivilege\r\n\t\t\tSeManageVolumePrivilege","EventTime":"2019-12-04 23:47:55","SeverityValue":2,"ProcessID":4,"ThreadID":5332,"Opcode":"Info","SubjectLogonId":"0x3e7","TargetDomainName":"shire","SourceModuleType":"im_msvistalog","Hostname":"IT001.shire.com","@timestamp":"2019-12-05T04:47:56.290Z","SourceModuleName":"eventlog","DisabledPrivilegeList":"-","@version":"1"}
{"Version":3,"EventReceivedTime":"2019-12-04 23:47:56","Image":"C:\\Windows\\System32\\svchost.exe","Description":"WMI","type":"nxlog-mordor","host":"ip-172-18-39-102.ec2.internal","Channel":"Microsoft-Windows-Sysmon/Operational","RecordNumber":219669,"FileVersion":"10.0.18362.1 (WinBuild.160101.0800)","port":49730,"ProviderGuid":"{5770385F-C22A-43E0-BF4C-06F5698FFBD9}","EventID":7,"EventType":"INFO","UtcTime":"2019-12-05 04:47:55.321","UserID":"S-1-5-18","ProcessGuid":"{a158f72c-4a89-5de8-0000-00103ac30100}","SourceName":"Microsoft-Windows-Sysmon","Hashes":"SHA1=85E34A3C95949A60869888E2F86F3E241C5A66C0,MD5=4FCDA01B2D97E68F32851D9A69D38661,SHA256=A9597A85E501C4571AE0584CF081D5CD3114A7FF6DE3D1F4EFCEDCE4D4EDE9DD,IMPHASH=C15A22E86ACE053EF64263A61E068324","Domain":"NT AUTHORITY","AccountType":"User","OpcodeValue":0,"Message":"Image loaded:\r\nRuleName: \r\nUtcTime: 2019-12-05 04:47:55.321\r\nProcessGuid: {a158f72c-4a89-5de8-0000-00103ac30100}\r\nProcessId: 2568\r\nImage: C:\\Windows\\System32\\svchost.exe\r\nImageLoaded: C:\\Windows\\System32\\wbem\\KrnlProv.dll\r\nFileVersion: 10.0.18362.1 (WinBuild.160101.0800)\r\nDescription: WMI\r\nProduct: Microsoft® Windows® Operating System\r\nCompany: Microsoft Corporation\r\nOriginalFileName: krnlprov.dll\r\nHashes: SHA1=85E34A3C95949A60869888E2F86F3E241C5A66C0,MD5=4FCDA01B2D97E68F32851D9A69D38661,SHA256=A9597A85E501C4571AE0584CF081D5CD3114A7FF6DE3D1F4EFCEDCE4D4EDE9DD,IMPHASH=C15A22E86ACE053EF64263A61E068324\r\nSigned: true\r\nSignature: Microsoft Windows\r\nSignatureStatus: Valid","ImageLoaded":"C:\\Windows\\System32\\wbem\\KrnlProv.dll","Task":7,"Severity":"INFO","Keywords":-9223372036854775808,"Signature":"Microsoft Windows","SignatureStatus":"Valid","@timestamp":"2019-12-05T04:47:56.291Z","EventTime":"2019-12-04 23:47:55","SeverityValue":2,"ProcessID":3140,"ThreadID":4716,"AccountName":"SYSTEM","Product":"Microsoft® Windows® Operating System","Company":"Microsoft Corporation","SourceModuleType":"im_msvistalog","Hostname":"IT001.shire.com","Signed":"true","SourceModuleName":"eventlog","OriginalFileName":"krnlprov.dll","@version":"1"}
{"ImpersonationLevel":"%%1832","IpPort":"-","Channel":"security","RecordNumber":30545,"ProviderGuid":"{54849625-5478-4994-A5BA-3E3B0328C30D}","AuthenticationPackageName":"Kerberos","WorkstationName":"IT001","IpAddress":"-","TargetUserName":"pgustavo","SourceName":"Microsoft-Windows-Security-Auditing","ActivityID":"{1CB713B3-AB00-0000-3914-B71C00ABD501}","SubjectDomainName":"shire","TargetUserSid":"S-1-5-21-791464340-1796667228-2788435825-1112","OpcodeValue":0,"Message":"An account was successfully logged on.\r\n\r\nSubject:\r\n\tSecurity ID:\t\tS-1-5-18\r\n\tAccount Name:\t\tIT001$\r\n\tAccount Domain:\t\tshire\r\n\tLogon ID:\t\t0x3E7\r\n\r\nLogon Information:\r\n\tLogon Type:\t\t3\r\n\tRestricted Admin Mode:\t-\r\n\tVirtual Account:\t\tNo\r\n\tElevated Token:\t\tYes\r\n\r\nImpersonation Level:\t\tIdentification\r\n\r\nNew Logon:\r\n\tSecurity ID:\t\tS-1-5-21-791464340-1796667228-2788435825-1112\r\n\tAccount Name:\t\tpgustavo\r\n\tAccount Domain:\t\tshire\r\n\tLogon ID:\t\t0x8429F2\r\n\tLinked Logon ID:\t\t0x0\r\n\tNetwork Account Name:\t-\r\n\tNetwork Account Domain:\t-\r\n\tLogon GUID:\t\t{af70a878-fdf5-616c-5637-adff9a6323a8}\r\n\r\nProcess Information:\r\n\tProcess ID:\t\t0xa08\r\n\tProcess Name:\t\tC:\\Windows\\System32\\svchost.exe\r\n\r\nNetwork Information:\r\n\tWorkstation Name:\tIT001\r\n\tSource Network Address:\t-\r\n\tSource Port:\t\t-\r\n\r\nDetailed Authentication Information:\r\n\tLogon Process:\t\tAuthz   \r\n\tAuthentication Package:\tKerberos\r\n\tTransited Services:\t-\r\n\tPackage Name (NTLM only):\t-\r\n\tKey Length:\t\t0\r\n\r\nThis event is generated when a logon session is created. It is generated on the computer that was accessed.\r\n\r\nThe subject fields indicate the account on the local system which requested the logon. This is most commonly a service such as the Server service, or a local process such as Winlogon.exe or Services.exe.\r\n\r\nThe logon type field indicates the kind of logon that occurred. The most common types are 2 (interactive) and 3 (network).\r\n\r\nThe New Logon fields indicate the account for whom the new logon was created, i.e. the account that was logged on.\r\n\r\nThe network fields indicate where a remote logon request originated. Workstation name is not always available and may be left blank in some cases.\r\n\r\nThe impersonation level field indicates the extent to which a process in the logon session can impersonate.\r\n\r\nThe authentication information fields provide detailed information about this specific logon request.\r\n\t- Logon GUID is a unique identifier that can be used to correlate this event with a KDC event.\r\n\t- Transited services indicate which intermediate services have participated in this logon request.\r\n\t- Package name indicates which sub-protocol was used among the NTLM protocols.\r\n\t- Key length indicates the length of the generated session key. This will be 0 if no session key was requested.","TargetLogonId":"0x8429f2","ProcessName":"C:\\Windows\\System32\\svchost.exe","SubjectUserName":"IT001$","VirtualAccount":"%%1843","ProcessID":808,"SeverityValue":2,"KeyLength":"0","Opcode":"Info","SubjectLogonId":"0x3e7","SourceModuleType":"im_msvistalog","@version":"1","Version":2,"LogonType":"3","LmPackageName":"-","EventReceivedTime":"2019-12-04 23:47:56","type":"nxlog-mordor","host":"ip-172-18-39-102.ec2.internal","TargetOutboundUserName":"-","Category":"Logon","port":49730,"TransmittedServices":"-","EventID":4624,"EventType":"AUDIT_SUCCESS","ElevatedToken":"%%1842","TargetOutboundDomainName":"-","SubjectUserSid":"S-1-5-18","Task":12544,"Severity":"INFO","Keywords":-9214364837600034816,"LogonGuid":"{af70a878-fdf5-616c-5637-adff9a6323a8}","@timestamp":"2019-12-05T04:47:56.292Z","EventTime":"2019-12-04 23:47:55","ThreadID":3664,"TargetDomainName":"shire","Hostname":"IT001.shire.com","LogonProcessName":"Authz   ","SourceModuleName":"eventlog","RestrictedAdminMode":"-","TargetLinkedLogonId":"0x0"}
{"Version":3,"GrantedAccess":"0x1000","EventReceivedTime":"2019-12-04 23:47:56","type":"nxlog-mordor","SourceImage":"C:\\Windows\\system32\\svchost.exe","host":"ip-172-18-39-102.ec2.internal","Channel":"Microsoft-Windows-Sysmon/Operational","RecordNumber":225578,"SourceProcessId":"968","port":49730,"ProviderGuid":"{5770385F-C22A-43E0-BF4C-06F5698FFBD9}","CallTrace":"C:\\Windows\\SYSTEM32\\ntdll.dll+9c524|C:\\Windows\\SYSTEM32\\psmserviceexthost.dll+222a3|C:\\Windows\\SYSTEM32\\psmserviceexthost.dll+1a172|C:\\Windows\\SYSTEM32\\psmserviceexthost.dll+19e3b|C:\\Windows\\SYSTEM32\\psmserviceexthost.dll+19318|C:\\Windows\\SYSTEM32\\ntdll.dll+3082d|C:\\Windows\\SYSTEM32\\ntdll.dll+345c4|C:\\Windows\\System32\\KERNEL32.DLL+17944|C:\\Windows\\SYSTEM32\\ntdll.dll+6ce71","EventID":10,"EventType":"INFO","TargetProcessGUID":"{a158f72c-4a97-5de8-0000-00105c300200}","UtcTime":"2019-12-05 04:47:55.192","UserID":"S-1-5-18","SourceThreadId":"5432","SourceName":"Microsoft-Windows-Sysmon","Domain":"NT AUTHORITY","AccountType":"User","OpcodeValue":0,"Message":"Process accessed:\r\nRuleName: \r\nUtcTime: 2019-12-05 04:47:55.192\r\nSourceProcessGUID: {a158f72c-4a94-5de8-0000-001033890000}\r\nSourceProcessId: 968\r\nSourceThreadId: 5432\r\nSourceImage: C:\\Windows\\system32\\svchost.exe\r\nTargetProcessGUID: {a158f72c-4a97-5de8-0000-00105c300200}\r\nTargetProcessId: 3236\r\nTargetImage: C:\\Windows\\System32\\svchost.exe\r\nGrantedAccess: 0x1000\r\nCallTrace: C:\\Windows\\SYSTEM32\\ntdll.dll+9c524|C:\\Windows\\SYSTEM32\\psmserviceexthost.dll+222a3|C:\\Windows\\SYSTEM32\\psmserviceexthost.dll+1a172|C:\\Windows\\SYSTEM32\\psmserviceexthost.dll+19e3b|C:\\Windows\\SYSTEM32\\psmserviceexthost.dll+19318|C:\\Windows\\SYSTEM32\\ntdll.dll+3082d|C:\\Windows\\SYSTEM32\\ntdll.dll+345c4|C:\\Windows\\System32\\KERNEL32.DLL+17944|C:\\Windows\\SYSTEM32\\ntdll.dll+6ce71","Task":10,"Severity":"INFO","Keywords":-9223372036854775808,"@timestamp":"2019-12-05T04:47:56.293Z","EventTime":"2019-12-04 23:47:55","SeverityValue":2,"ProcessID":3144,"ThreadID":4584,"AccountName":"SYSTEM","TargetImage":"C:\\Windows\\System32\\svchost.exe","SourceModuleType":"im_msvistalog","Hostname":"HR001.shire.com","SourceModuleName":"eventlog","SourceProcessGUID":"{a158f72c-4a94-5de8-0000-001033890000}","TargetProcessId":"3236","@version":"1"}
{"Version":0,"LogonType":"3","EventReceivedTime":"2019-12-04 23:47:56","type":"nxlog-mordor","host":"ip-172-18-39-102.ec2.internal","Channel":"security","RecordNumber":30548,"Category":"Logoff","port":49730,"ProviderGuid":"{54849625-5478-4994-A5BA-3E3B0328C30D}","EventID":4634,"EventType":"AUDIT_SUCCESS","TargetUserName":"pgustavo","SourceName":"Microsoft-Windows-Security-Auditing","TargetUserSid":"S-1-5-21-791464340-1796667228-2788435825-1112","OpcodeValue":0,"Message":"An account was logged off.\r\n\r\nSubject:\r\n\tSecurity ID:\t\tS-1-5-21-791464340-1796667228-2788435825-1112\r\n\tAccount Name:\t\tpgustavo\r\n\tAccount Domain:\t\tshire\r\n\tLogon ID:\t\t0x8429F2\r\n\r\nLogon Type:\t\t\t3\r\n\r\nThis event is generated when a logon session is destroyed. It may be positively correlated with a logon event using the Logon ID value. Logon IDs are only unique between reboots on the same computer.","TargetLogonId":"0x8429f2","Task":12545,"Severity":"INFO","Keywords":-9214364837600034816,"@timestamp":"2019-12-05T04:47:56.294Z","EventTime":"2019-12-04 23:47:55","SeverityValue":2,"ProcessID":808,"ThreadID":3664,"Opcode":"Info","TargetDomainName":"shire","SourceModuleType":"im_msvistalog","Hostname":"IT001.shire.com","SourceModuleName":"eventlog","@version":"1"}
{"Version":0,"EventReceivedTime":"2019-12-04 23:47:56","type":"nxlog-mordor","IpPort":"-","TargetLogonGuid":"{af70a878-fdf5-616c-5637-adff9a6323a8}","host":"ip-172-18-39-102.ec2.internal","Channel":"security","RecordNumber":30550,"Category":"Logon","port":49730,"ProviderGuid":"{54849625-5478-4994-A5BA-3E3B0328C30D}","EventID":4648,"EventType":"AUDIT_SUCCESS","IpAddress":"-","TargetUserName":"pgustavo","SourceName":"Microsoft-Windows-Security-Auditing","ActivityID":"{1CB713B3-AB00-0000-3914-B71C00ABD501}","SubjectUserSid":"S-1-5-18","SubjectDomainName":"shire","OpcodeValue":0,"Message":"A logon was attempted using explicit credentials.\r\n\r\nSubject:\r\n\tSecurity ID:\t\tS-1-5-18\r\n\tAccount Name:\t\tIT001$\r\n\tAccount Domain:\t\tshire\r\n\tLogon ID:\t\t0x3E7\r\n\tLogon GUID:\t\t{00000000-0000-0000-0000-000000000000}\r\n\r\nAccount Whose Credentials Were Used:\r\n\tAccount Name:\t\tpgustavo\r\n\tAccount Domain:\t\tshire\r\n\tLogon GUID:\t\t{af70a878-fdf5-616c-5637-adff9a6323a8}\r\n\r\nTarget Server:\r\n\tTarget Server Name:\tlocalhost\r\n\tAdditional Information:\tlocalhost\r\n\r\nProcess Information:\r\n\tProcess ID:\t\t0xa08\r\n\tProcess Name:\t\tC:\\Windows\\System32\\svchost.exe\r\n\r\nNetwork Information:\r\n\tNetwork Address:\t-\r\n\tPort:\t\t\t-\r\n\r\nThis event is generated when a process attempts to log on an account by explicitly specifying that account’s credentials.  This most commonly occurs in batch-type configurations such as scheduled tasks, or when using the RUNAS command.","ProcessName":"C:\\Windows\\System32\\svchost.exe","Task":12544,"Severity":"INFO","Keywords":-9214364837600034816,"SubjectUserName":"IT001$","LogonGuid":"{00000000-0000-0000-0000-000000000000}","TargetServerName":"localhost","EventTime":"2019-12-04 23:47:55","SeverityValue":2,"ProcessID":808,"ThreadID":3664,"Opcode":"Info","SubjectLogonId":"0x3e7","TargetDomainName":"shire","SourceModuleType":"im_msvistalog","Hostname":"IT001.shire.com","@timestamp":"2019-12-05T04:47:56.295Z","SourceModuleName":"eventlog","TargetInfo":"localhost","@version":"1"}
{"Version":0,"LogonType":"3","EventReceivedTime":"2019-12-04 23:47:56","type":"nxlog-mordor","host":"ip-172-18-39-102.ec2.internal","Channel":"security","RecordNumber":30552,"Category":"Group Membership","port":49730,"ProviderGuid":"{54849625-5478-4994-A5BA-3E3B0328C30D}","EventID":4627,"EventType":"AUDIT_SUCCESS","EventIdx":"1","TargetUserName":"pgustavo","SourceName":"Microsoft-Windows-Security-Auditing","ActivityID":"{1CB713B3-AB00-0000-3914-B71C00ABD501}","SubjectUserSid":"S-1-5-18","SubjectDomainName":"shire","OpcodeValue":0,"Message":"Group membership information.\r\n\r\nSubject:\r\n\tSecurity ID:\t\tS-1-5-18\r\n\tAccount Name:\t\tIT001$\r\n\tAccount Domain:\t\tshire\r\n\tLogon ID:\t\t0x3E7\r\n\r\nLogon Type:\t\t\t3\r\n\r\nNew Logon:\r\n\tSecurity ID:\t\tS-1-5-21-791464340-1796667228-2788435825-1112\r\n\tAccount Name:\t\tpgustavo\r\n\tAccount Domain:\t\tshire\r\n\tLogon ID:\t\t0x842B63\r\n\r\nEvent in sequence:\t\t1 of 1\r\n\r\nGroup Membership:\t\t\t\r\n\t\t%{S-1-5-21-791464340-1796667228-2788435825-513}\r\n\t\t%{S-1-1-0}\r\n\t\t%{S-1-5-32-545}\r\n\t\t%{S-1-5-32-555}\r\n\t\t%{S-1-5-32-544}\r\n\t\t%{S-1-5-2}\r\n\t\t%{S-1-5-11}\r\n\t\t%{S-1-5-15}\r\n\t\t%{S-1-5-21-791464340-1796667228-2788435825-512}\r\n\t\t%{S-1-5-21-791464340-1796667228-2788435825-519}\r\n\t\t%{S-1-5-21-791464340-1796667228-2788435825-518}\r\n\t\t%{S-1-18-2}\r\n\t\t%{S-1-5-21-791464340-1796667228-2788435825-572}\r\n\t\t%{S-1-16-12288}\r\n\r\nThe subject fields indicate the account on the local system which requested the logon. This is most commonly a service such as the Server service, or a local process such as Winlogon.exe or Services.exe.\r\n\r\nThe logon type field indicates the kind of logon that occurred. The most common types are 2 (interactive) and 3 (network).\r\n\r\nThe New Logon fields indicate the account for whom the new logon was created, i.e. the account that was logged on.\r\n\r\nThis event is generated when the Audit Group Membership subcategory is configured.  The Logon ID field can be used to correlate this event with the corresponding user logon event as well as to any other security audit events generated during this logon session.","TargetUserSid":"S-1-5-21-791464340-1796667228-2788435825-1112","Task":12554,"Severity":"INFO","Keywords":-9214364837600034816,"SubjectUserName":"IT001$","TargetLogonId":"0x842b63","@timestamp":"2019-12-05T04:47:56.296Z","EventTime":"2019-12-04 23:47:55","SeverityValue":2,"ProcessID":808,"ThreadID":3664,"Opcode":"Info","SubjectLogonId":"0x3e7","TargetDomainName":"shire","EventCountTotal":"1","Hostname":"IT001.shire.com","GroupMembership":"\r\n\t\t%{S-1-5-21-791464340-1796667228-2788435825-513}\r\n\t\t%{S-1-1-0}\r\n\t\t%{S-1-5-32-545}\r\n\t\t%{S-1-5-32-555}\r\n\t\t%{S-1-5-32-544}\r\n\t\t%{S-1-5-2}\r\n\t\t%{S-1-5-11}\r\n\t\t%{S-1-5-15}\r\n\t\t%{S-1-5-21-791464340-1796667228-2788435825-512}\r\n\t\t%{S-1-5-21-791464340-1796667228-2788435825-519}\r\n\t\t%{S-1-5-21-791464340-1796667228-2788435825-518}\r\n\t\t%{S-1-18-2}\r\n\t\t%{S-1-5-21-791464340-1796667228-2788435825-572}\r\n\t\t%{S-1-16-12288}","SourceModuleName":"eventlog","SourceModuleType":"im_msvistalog","@version":"1"}
{"Version":0,"EventReceivedTime":"2019-12-04 23:47:56","type":"nxlog-mordor","host":"ip-172-18-39-102.ec2.internal","Channel":"security","RecordNumber":30556,"Category":"Token Right Adjusted Events","port":49730,"ProviderGuid":"{54849625-5478-4994-A5BA-3E3B0328C30D}","EventID":4703,"EventType":"AUDIT_SUCCESS","TargetUserName":"IT001$","SourceName":"Microsoft-Windows-Security-Auditing","SubjectDomainName":"shire","SubjectUserSid":"S-1-5-18","TargetUserSid":"S-1-5-18","OpcodeValue":0,"Message":"A token right was adjusted.\r\n\r\nSubject:\r\n\tSecurity ID:\t\tS-1-5-18\r\n\tAccount Name:\t\tIT001$\r\n\tAccount Domain:\t\tshire\r\n\tLogon ID:\t\t0x3E7\r\n\r\nTarget Account:\r\n\tSecurity ID:\t\tS-1-5-18\r\n\tAccount Name:\t\tIT001$\r\n\tAccount Domain:\t\tshire\r\n\tLogon ID:\t\t0x3E7\r\n\r\nProcess Information:\r\n\tProcess ID:\t\t0xa08\r\n\tProcess Name:\t\tC:\\Windows\\System32\\svchost.exe\r\n\r\nEnabled Privileges:\r\n\t\t\tSeAssignPrimaryTokenPrivilege\r\n\t\t\tSeIncreaseQuotaPrivilege\r\n\t\t\tSeSecurityPrivilege\r\n\t\t\tSeTakeOwnershipPrivilege\r\n\t\t\tSeLoadDriverPrivilege\r\n\t\t\tSeSystemtimePrivilege\r\n\t\t\tSeBackupPrivilege\r\n\t\t\tSeRestorePrivilege\r\n\t\t\tSeShutdownPrivilege\r\n\t\t\tSeSystemEnvironmentPrivilege\r\n\t\t\tSeUndockPrivilege\r\n\t\t\tSeManageVolumePrivilege\r\n\r\nDisabled Privileges:\r\n\t\t\t-","TargetLogonId":"0x3e7","Task":13317,"Severity":"INFO","Keywords":-9214364837600034816,"SubjectUserName":"IT001$","ProcessName":"C:\\Windows\\System32\\svchost.exe","EnabledPrivilegeList":"SeAssignPrimaryTokenPrivilege\r\n\t\t\tSeIncreaseQuotaPrivilege\r\n\t\t\tSeSecurityPrivilege\r\n\t\t\tSeTakeOwnershipPrivilege\r\n\t\t\tSeLoadDriverPrivilege\r\n\t\t\tSeSystemtimePrivilege\r\n\t\t\tSeBackupPrivilege\r\n\t\t\tSeRestorePrivilege\r\n\t\t\tSeShutdownPrivilege\r\n\t\t\tSeSystemEnvironmentPrivilege\r\n\t\t\tSeUndockPrivilege\r\n\t\t\tSeManageVolumePrivilege","EventTime":"2019-12-04 23:47:55","SeverityValue":2,"ProcessID":4,"ThreadID":5332,"Opcode":"Info","SubjectLogonId":"0x3e7","TargetDomainName":"shire","SourceModuleType":"im_msvistalog","Hostname":"IT001.shire.com","@timestamp":"2019-12-05T04:47:56.296Z","SourceModuleName":"eventlog","DisabledPrivilegeList":"-","@version":"1"}
{"Version":0,"EventReceivedTime":"2019-12-04 23:47:56","type":"nxlog-mordor","host":"ip-172-18-39-102.ec2.internal","Channel":"security","RecordNumber":30560,"Category":"Token Right Adjusted Events","port":49730,"ProviderGuid":"{54849625-5478-4994-A5BA-3E3B0328C30D}","EventID":4703,"EventType":"AUDIT_SUCCESS","TargetUserName":"IT001$","SourceName":"Microsoft-Windows-Security-Auditing","SubjectDomainName":"shire","SubjectUserSid":"S-1-5-18","TargetUserSid":"S-1-5-18","OpcodeValue":0,"Message":"A token right was adjusted.\r\n\r\nSubject:\r\n\tSecurity ID:\t\tS-1-5-18\r\n\tAccount Name:\t\tIT001$\r\n\tAccount Domain:\t\tshire\r\n\tLogon ID:\t\t0x3E7\r\n\r\nTarget Account:\r\n\tSecurity ID:\t\tS-1-5-18\r\n\tAccount Name:\t\tIT001$\r\n\tAccount Domain:\t\tshire\r\n\tLogon ID:\t\t0x3E7\r\n\r\nProcess Information:\r\n\tProcess ID:\t\t0xa08\r\n\tProcess Name:\t\tC:\\Windows\\System32\\svchost.exe\r\n\r\nEnabled Privileges:\r\n\t\t\tSeAssignPrimaryTokenPrivilege\r\n\t\t\tSeIncreaseQuotaPrivilege\r\n\t\t\tSeSecurityPrivilege\r\n\t\t\tSeTakeOwnershipPrivilege\r\n\t\t\tSeLoadDriverPrivilege\r\n\t\t\tSeSystemtimePrivilege\r\n\t\t\tSeBackupPrivilege\r\n\t\t\tSeRestorePrivilege\r\n\t\t\tSeShutdownPrivilege\r\n\t\t\tSeSystemEnvironmentPrivilege\r\n\t\t\tSeUndockPrivilege\r\n\t\t\tSeManageVolumePrivilege\r\n\r\nDisabled Privileges:\r\n\t\t\t-","TargetLogonId":"0x3e7","Task":13317,"Severity":"INFO","Keywords":-9214364837600034816,"SubjectUserName":"IT001$","ProcessName":"C:\\Windows\\System32\\svchost.exe","EnabledPrivilegeList":"SeAssignPrimaryTokenPrivilege\r\n\t\t\tSeIncreaseQuotaPrivilege\r\n\t\t\tSeSecurityPrivilege\r\n\t\t\tSeTakeOwnershipPrivilege\r\n\t\t\tSeLoadDriverPrivilege\r\n\t\t\tSeSystemtimePrivilege\r\n\t\t\tSeBackupPrivilege\r\n\t\t\tSeRestorePrivilege\r\n\t\t\tSeShutdownPrivilege\r\n\t\t\tSeSystemEnvironmentPrivilege\r\n\t\t\tSeUndockPrivilege\r\n\t\t\tSeManageVolumePrivilege","EventTime":"2019-12-04 23:47:55","SeverityValue":2,"ProcessID":4,"ThreadID":5332,"Opcode":"Info","SubjectLogonId":"0x3e7","TargetDomainName":"shire","SourceModuleType":"im_msvistalog","Hostname":"IT001.shire.com","@timestamp":"2019-12-05T04:47:56.297Z","SourceModuleName":"eventlog","DisabledPrivilegeList":"-","@version":"1"}
{"Version":3,"GrantedAccess":"0x1000","EventReceivedTime":"2019-12-04 23:47:56","type":"nxlog-mordor","SourceImage":"C:\\Windows\\system32\\svchost.exe","host":"ip-172-18-39-102.ec2.internal","Channel":"Microsoft-Windows-Sysmon/Operational","RecordNumber":225576,"SourceProcessId":"968","port":49730,"ProviderGuid":"{5770385F-C22A-43E0-BF4C-06F5698FFBD9}","CallTrace":"C:\\Windows\\SYSTEM32\\ntdll.dll+9c524|C:\\Windows\\SYSTEM32\\psmserviceexthost.dll+222a3|C:\\Windows\\SYSTEM32\\psmserviceexthost.dll+1a172|C:\\Windows\\SYSTEM32\\psmserviceexthost.dll+19e3b|C:\\Windows\\SYSTEM32\\psmserviceexthost.dll+19318|C:\\Windows\\SYSTEM32\\ntdll.dll+3082d|C:\\Windows\\SYSTEM32\\ntdll.dll+345c4|C:\\Windows\\System32\\KERNEL32.DLL+17944|C:\\Windows\\SYSTEM32\\ntdll.dll+6ce71","EventID":10,"EventType":"INFO","TargetProcessGUID":"{a158f72c-4a97-5de8-0000-00105c300200}","UtcTime":"2019-12-05 04:47:54.176","UserID":"S-1-5-18","SourceThreadId":"8424","SourceName":"Microsoft-Windows-Sysmon","Domain":"NT AUTHORITY","AccountType":"User","OpcodeValue":0,"Message":"Process accessed:\r\nRuleName: \r\nUtcTime: 2019-12-05 04:47:54.176\r\nSourceProcessGUID: {a158f72c-4a94-5de8-0000-001033890000}\r\nSourceProcessId: 968\r\nSourceThreadId: 8424\r\nSourceImage: C:\\Windows\\system32\\svchost.exe\r\nTargetProcessGUID: {a158f72c-4a97-5de8-0000-00105c300200}\r\nTargetProcessId: 3236\r\nTargetImage: C:\\Windows\\System32\\svchost.exe\r\nGrantedAccess: 0x1000\r\nCallTrace: C:\\Windows\\SYSTEM32\\ntdll.dll+9c524|C:\\Windows\\SYSTEM32\\psmserviceexthost.dll+222a3|C:\\Windows\\SYSTEM32\\psmserviceexthost.dll+1a172|C:\\Windows\\SYSTEM32\\psmserviceexthost.dll+19e3b|C:\\Windows\\SYSTEM32\\psmserviceexthost.dll+19318|C:\\Windows\\SYSTEM32\\ntdll.dll+3082d|C:\\Windows\\SYSTEM32\\ntdll.dll+345c4|C:\\Windows\\System32\\KERNEL32.DLL+17944|C:\\Windows\\SYSTEM32\\ntdll.dll+6ce71","Task":10,"Severity":"INFO","Keywords":-9223372036854775808,"@timestamp":"2019-12-05T04:47:56.282Z","EventTime":"2019-12-04 23:47:54","SeverityValue":2,"ProcessID":3144,"ThreadID":4584,"AccountName":"SYSTEM","TargetImage":"C:\\Windows\\System32\\svchost.exe","SourceModuleType":"im_msvistalog","Hostname":"HR001.shire.com","SourceModuleName":"eventlog","SourceProcessGUID":"{a158f72c-4a94-5de8-0000-001033890000}","TargetProcessId":"3236","@version":"1"}
{"Version":0,"EventReceivedTime":"2019-12-04 23:47:56","SourceAddress":"0.0.0.0","type":"nxlog-mordor","host":"ip-172-18-39-102.ec2.internal","Channel":"security","RecordNumber":30530,"Category":"Filtering Platform Connection","port":49730,"ProviderGuid":"{54849625-5478-4994-A5BA-3E3B0328C30D}","Application":"\\device\\harddiskvolume2\\windows\\system32\\lsass.exe","EventID":5158,"EventType":"AUDIT_SUCCESS","SourcePort":"49346","SourceName":"Microsoft-Windows-Security-Auditing","OpcodeValue":0,"Message":"The Windows Filtering Platform has permitted a bind to a local port.\r\n\r\nApplication Information:\r\n\tProcess ID:\t\t808\r\n\tApplication Name:\t\\device\\harddiskvolume2\\windows\\system32\\lsass.exe\r\n\r\nNetwork Information:\r\n\tSource Address:\t\t0.0.0.0\r\n\tSource Port:\t\t49346\r\n\tProtocol:\t\t17\r\n\r\nFilter Information:\r\n\tFilter Run-Time ID:\t0\r\n\tLayer Name:\t\tResource Assignment\r\n\tLayer Run-Time ID:\t36","LayerName":"%%14608","Task":12810,"Severity":"INFO","Keywords":-9214364837600034816,"LayerRTID":"36","@timestamp":"2019-12-05T04:47:56.283Z","EventTime":"2019-12-04 23:47:55","SeverityValue":2,"ProcessID":4,"ThreadID":5332,"Opcode":"Info","Protocol":"17","SourceModuleType":"im_msvistalog","Hostname":"IT001.shire.com","SourceModuleName":"eventlog","FilterRTID":"0","@version":"1"}
{"Version":1,"EventReceivedTime":"2019-12-04 23:47:56","SourceAddress":"172.18.39.105","type":"nxlog-mordor","DestPort":"389","host":"ip-172-18-39-102.ec2.internal","Channel":"Security","RemoteMachineID":"S-1-0-0","RecordNumber":88656,"Category":"Filtering Platform Connection","port":49730,"ProviderGuid":"{54849625-5478-4994-A5BA-3E3B0328C30D}","Application":"\\device\\harddiskvolume1\\windows\\system32\\lsass.exe","EventID":5156,"EventType":"AUDIT_SUCCESS","Direction":"%%14592","DestAddress":"172.18.39.5","SourcePort":"49346","SourceName":"Microsoft-Windows-Security-Auditing","OpcodeValue":0,"Message":"The Windows Filtering Platform has permitted a connection.\r\n\r\nApplication Information:\r\n\tProcess ID:\t\t780\r\n\tApplication Name:\t\\device\\harddiskvolume1\\windows\\system32\\lsass.exe\r\n\r\nNetwork Information:\r\n\tDirection:\t\tInbound\r\n\tSource Address:\t\t172.18.39.105\r\n\tSource Port:\t\t49346\r\n\tDestination Address:\t172.18.39.5\r\n\tDestination Port:\t\t389\r\n\tProtocol:\t\t17\r\n\r\nFilter Information:\r\n\tFilter Run-Time ID:\t66362\r\n\tLayer Name:\t\tReceive/Accept\r\n\tLayer Run-Time ID:\t44","LayerName":"%%14610","Task":12810,"Severity":"INFO","Keywords":-9214364837600034816,"LayerRTID":"44","@timestamp":"2019-12-05T04:47:56.284Z","EventTime":"2019-12-04 23:47:55","SeverityValue":2,"ProcessID":4,"ThreadID":3884,"Opcode":"Info","Protocol":"17","RemoteUserID":"S-1-0-0","SourceModuleType":"im_msvistalog","Hostname":"HFDC01.shire.com","SourceModuleName":"eventlog","FilterRTID":"66362","@version":"1"}
{"Version":3,"EventReceivedTime":"2019-12-04 23:47:56","Image":"C:\\Windows\\System32\\wbem\\unsecapp.exe","Description":"Cryptographic Service Provider API","type":"nxlog-mordor","host":"ip-172-18-39-102.ec2.internal","Channel":"Microsoft-Windows-Sysmon/Operational","RecordNumber":219659,"FileVersion":"10.0.18362.1 (WinBuild.160101.0800)","port":49730,"ProviderGuid":"{5770385F-C22A-43E0-BF4C-06F5698FFBD9}","EventID":7,"EventType":"INFO","UtcTime":"2019-12-05 04:47:55.275","UserID":"S-1-5-18","ProcessGuid":"{a158f72c-4a8b-5de8-0000-00106c6e0200}","SourceName":"Microsoft-Windows-Sysmon","Hashes":"SHA1=90F229FB5DB52DF3604195B10C48E946684929ED,MD5=ACE18C6797090A1AA259BB8713917F98,SHA256=F5E118F67745792909973717FAE1F9FE68B2619332A4451AD04E0C9072B8D605,IMPHASH=A9B9D04D0B53DC48ABB37BE77AD01B55","Domain":"NT AUTHORITY","AccountType":"User","OpcodeValue":0,"Message":"Image loaded:\r\nRuleName: \r\nUtcTime: 2019-12-05 04:47:55.275\r\nProcessGuid: {a158f72c-4a8b-5de8-0000-00106c6e0200}\r\nProcessId: 3648\r\nImage: C:\\Windows\\System32\\wbem\\unsecapp.exe\r\nImageLoaded: C:\\Windows\\System32\\cryptsp.dll\r\nFileVersion: 10.0.18362.1 (WinBuild.160101.0800)\r\nDescription: Cryptographic Service Provider API\r\nProduct: Microsoft® Windows® Operating System\r\nCompany: Microsoft Corporation\r\nOriginalFileName: cryptsp.dll\r\nHashes: SHA1=90F229FB5DB52DF3604195B10C48E946684929ED,MD5=ACE18C6797090A1AA259BB8713917F98,SHA256=F5E118F67745792909973717FAE1F9FE68B2619332A4451AD04E0C9072B8D605,IMPHASH=A9B9D04D0B53DC48ABB37BE77AD01B55\r\nSigned: true\r\nSignature: Microsoft Windows\r\nSignatureStatus: Valid","ImageLoaded":"C:\\Windows\\System32\\cryptsp.dll","Task":7,"Severity":"INFO","Keywords":-9223372036854775808,"Signature":"Microsoft Windows","SignatureStatus":"Valid","@timestamp":"2019-12-05T04:47:56.285Z","EventTime":"2019-12-04 23:47:55","SeverityValue":2,"ProcessID":3140,"ThreadID":4712,"AccountName":"SYSTEM","Product":"Microsoft® Windows® Operating System","Company":"Microsoft Corporation","SourceModuleType":"im_msvistalog","Hostname":"IT001.shire.com","Signed":"true","SourceModuleName":"eventlog","OriginalFileName":"cryptsp.dll","@version":"1"}
{"Version":3,"EventReceivedTime":"2019-12-04 23:47:56","Image":"C:\\Windows\\System32\\wbem\\unsecapp.exe","Description":"Userenv","type":"nxlog-mordor","host":"ip-172-18-39-102.ec2.internal","Channel":"Microsoft-Windows-Sysmon/Operational","RecordNumber":219660,"FileVersion":"10.0.18362.1 (WinBuild.160101.0800)","port":49730,"ProviderGuid":"{5770385F-C22A-43E0-BF4C-06F5698FFBD9}","EventID":7,"EventType":"INFO","UtcTime":"2019-12-05 04:47:55.275","UserID":"S-1-5-18","ProcessGuid":"{a158f72c-4a8b-5de8-0000-00106c6e0200}","SourceName":"Microsoft-Windows-Sysmon","Hashes":"SHA1=4DD1C9B79FF9A5F4B72620873F1815D8476D6A6D,MD5=FEB2AF8EA0DED8C71E338895681F6D48,SHA256=79029586E5203D203D732B47FEB659AFA50BF4F573A1DC1051619C04D318A662,IMPHASH=E3B827E1AA20C9249479CE9EC28F8F44","Domain":"NT AUTHORITY","AccountType":"User","OpcodeValue":0,"Message":"Image loaded:\r\nRuleName: \r\nUtcTime: 2019-12-05 04:47:55.275\r\nProcessGuid: {a158f72c-4a8b-5de8-0000-00106c6e0200}\r\nProcessId: 3648\r\nImage: C:\\Windows\\System32\\wbem\\unsecapp.exe\r\nImageLoaded: C:\\Windows\\System32\\userenv.dll\r\nFileVersion: 10.0.18362.1 (WinBuild.160101.0800)\r\nDescription: Userenv\r\nProduct: Microsoft® Windows® Operating System\r\nCompany: Microsoft Corporation\r\nOriginalFileName: userenv.dll\r\nHashes: SHA1=4DD1C9B79FF9A5F4B72620873F1815D8476D6A6D,MD5=FEB2AF8EA0DED8C71E338895681F6D48,SHA256=79029586E5203D203D732B47FEB659AFA50BF4F573A1DC1051619C04D318A662,IMPHASH=E3B827E1AA20C9249479CE9EC28F8F44\r\nSigned: true\r\nSignature: Microsoft Windows\r\nSignatureStatus: Valid","ImageLoaded":"C:\\Windows\\System32\\userenv.dll","Task":7,"Severity":"INFO","Keywords":-9223372036854775808,"Signature":"Microsoft Windows","SignatureStatus":"Valid","@timestamp":"2019-12-05T04:47:56.286Z","EventTime":"2019-12-04 23:47:55","SeverityValue":2,"ProcessID":3140,"ThreadID":4712,"AccountName":"SYSTEM","Product":"Microsoft® Windows® Operating System","Company":"Microsoft Corporation","SourceModuleType":"im_msvistalog","Hostname":"IT001.shire.com","Signed":"true","SourceModuleName":"eventlog","OriginalFileName":"userenv.dll","@version":"1"}
{"Version":3,"EventReceivedTime":"2019-12-04 23:47:56","Image":"C:\\Windows\\System32\\wbem\\unsecapp.exe","Description":"User Profile Basic API","type":"nxlog-mordor","host":"ip-172-18-39-102.ec2.internal","Channel":"Microsoft-Windows-Sysmon/Operational","RecordNumber":219661,"FileVersion":"10.0.18362.1 (WinBuild.160101.0800)","port":49730,"ProviderGuid":"{5770385F-C22A-43E0-BF4C-06F5698FFBD9}","EventID":7,"EventType":"INFO","UtcTime":"2019-12-05 04:47:55.275","UserID":"S-1-5-18","ProcessGuid":"{a158f72c-4a8b-5de8-0000-00106c6e0200}","SourceName":"Microsoft-Windows-Sysmon","Hashes":"SHA1=CB008C997335969CE909BA694FF618DB0D956E74,MD5=BD6856804DC75C5A3AD9C9C4A6C9CCD7,SHA256=BCBB916CFCA837DF782F5B6B6F98AB9835F1D147794F76D6E21D2FC48D3BC498,IMPHASH=061E14983AD61EA4800E1C1C74BA94AA","Domain":"NT AUTHORITY","AccountType":"User","OpcodeValue":0,"Message":"Image loaded:\r\nRuleName: \r\nUtcTime: 2019-12-05 04:47:55.275\r\nProcessGuid: {a158f72c-4a8b-5de8-0000-00106c6e0200}\r\nProcessId: 3648\r\nImage: C:\\Windows\\System32\\wbem\\unsecapp.exe\r\nImageLoaded: C:\\Windows\\System32\\profapi.dll\r\nFileVersion: 10.0.18362.1 (WinBuild.160101.0800)\r\nDescription: User Profile Basic API\r\nProduct: Microsoft® Windows® Operating System\r\nCompany: Microsoft Corporation\r\nOriginalFileName: PROFAPI.DLL\r\nHashes: SHA1=CB008C997335969CE909BA694FF618DB0D956E74,MD5=BD6856804DC75C5A3AD9C9C4A6C9CCD7,SHA256=BCBB916CFCA837DF782F5B6B6F98AB9835F1D147794F76D6E21D2FC48D3BC498,IMPHASH=061E14983AD61EA4800E1C1C74BA94AA\r\nSigned: true\r\nSignature: Microsoft Windows\r\nSignatureStatus: Valid","ImageLoaded":"C:\\Windows\\System32\\profapi.dll","Task":7,"Severity":"INFO","Keywords":-9223372036854775808,"Signature":"Microsoft Windows","SignatureStatus":"Valid","@timestamp":"2019-12-05T04:47:56.286Z","EventTime":"2019-12-04 23:47:55","SeverityValue":2,"ProcessID":3140,"ThreadID":4712,"AccountName":"SYSTEM","Product":"Microsoft® Windows® Operating System","Company":"Microsoft Corporation","SourceModuleType":"im_msvistalog","Hostname":"IT001.shire.com","Signed":"true","SourceModuleName":"eventlog","OriginalFileName":"PROFAPI.DLL","@version":"1"}
{"Version":2,"EventReceivedTime":"2019-12-04 23:47:56","Image":"C:\\Windows\\System32\\lsass.exe","type":"nxlog-mordor","host":"ip-172-18-39-102.ec2.internal","Channel":"Microsoft-Windows-Sysmon/Operational","RecordNumber":219663,"port":49730,"ProviderGuid":"{5770385F-C22A-43E0-BF4C-06F5698FFBD9}","EventID":9,"EventType":"INFO","UtcTime":"2019-12-05 04:47:55.290","UserID":"S-1-5-18","ProcessGuid":"{a158f72c-4a86-5de8-0000-0010ff6b0000}","SourceName":"Microsoft-Windows-Sysmon","Domain":"NT AUTHORITY","AccountType":"User","OpcodeValue":0,"Message":"RawAccessRead detected:\r\nRuleName: \r\nUtcTime: 2019-12-05 04:47:55.290\r\nProcessGuid: {a158f72c-4a86-5de8-0000-0010ff6b0000}\r\nProcessId: 808\r\nImage: C:\\Windows\\System32\\lsass.exe\r\nDevice: \\Device\\HarddiskVolume1","Task":9,"Severity":"INFO","Keywords":-9223372036854775808,"@timestamp":"2019-12-05T04:47:56.287Z","EventTime":"2019-12-04 23:47:55","SeverityValue":2,"ProcessID":3140,"ThreadID":4712,"AccountName":"SYSTEM","Device":"\\Device\\HarddiskVolume1","SourceModuleType":"im_msvistalog","Hostname":"IT001.shire.com","SourceModuleName":"eventlog","@version":"1"}
{"Version":3,"EventReceivedTime":"2019-12-04 23:47:56","Image":"C:\\Windows\\System32\\wbem\\unsecapp.exe","Description":"Anti-Malware Scan Interface","type":"nxlog-mordor","host":"ip-172-18-39-102.ec2.internal","Channel":"Microsoft-Windows-Sysmon/Operational","RecordNumber":219665,"FileVersion":"10.0.18362.1 (WinBuild.160101.0800)","port":49730,"ProviderGuid":"{5770385F-C22A-43E0-BF4C-06F5698FFBD9}","EventID":7,"EventType":"INFO","UtcTime":"2019-12-05 04:47:55.275","UserID":"S-1-5-18","ProcessGuid":"{a158f72c-4a8b-5de8-0000-00106c6e0200}","SourceName":"Microsoft-Windows-Sysmon","Hashes":"SHA1=C6027664D44C8579A0EF7F515E12A4542FD782CD,MD5=1C188194C6C1880FB7D9E6F54383FF40,SHA256=0A6947B24CAED32006E86DD83A29C1570DFE4ED363AE22D1277D9211430F73AD,IMPHASH=371B4EC2A6801A18FA86FD488786917F","Domain":"NT AUTHORITY","AccountType":"User","OpcodeValue":0,"Message":"Image loaded:\r\nRuleName: \r\nUtcTime: 2019-12-05 04:47:55.275\r\nProcessGuid: {a158f72c-4a8b-5de8-0000-00106c6e0200}\r\nProcessId: 3648\r\nImage: C:\\Windows\\System32\\wbem\\unsecapp.exe\r\nImageLoaded: C:\\Windows\\System32\\amsi.dll\r\nFileVersion: 10.0.18362.1 (WinBuild.160101.0800)\r\nDescription: Anti-Malware Scan Interface\r\nProduct: Microsoft® Windows® Operating System\r\nCompany: Microsoft Corporation\r\nOriginalFileName: amsi.dll\r\nHashes: SHA1=C6027664D44C8579A0EF7F515E12A4542FD782CD,MD5=1C188194C6C1880FB7D9E6F54383FF40,SHA256=0A6947B24CAED32006E86DD83A29C1570DFE4ED363AE22D1277D9211430F73AD,IMPHASH=371B4EC2A6801A18FA86FD488786917F\r\nSigned: true\r\nSignature: Microsoft Windows\r\nSignatureStatus: Valid","ImageLoaded":"C:\\Windows\\System32\\amsi.dll","Task":7,"Severity":"INFO","Keywords":-9223372036854775808,"Signature":"Microsoft Windows","SignatureStatus":"Valid","@timestamp":"2019-12-05T04:47:56.288Z","EventTime":"2019-12-04 23:47:55","SeverityValue":2,"ProcessID":3140,"ThreadID":4716,"AccountName":"SYSTEM","Product":"Microsoft® Windows® Operating System","Company":"Microsoft Corporation","SourceModuleType":"im_msvistalog","Hostname":"IT001.shire.com","Signed":"true","SourceModuleName":"eventlog","OriginalFileName":"amsi.dll","@version":"1"}
{"Version":2,"EventReceivedTime":"2019-12-04 23:47:56","Image":"C:\\Windows\\System32\\lsass.exe","type":"nxlog-mordor","host":"ip-172-18-39-102.ec2.internal","Channel":"Microsoft-Windows-Sysmon/Operational","RecordNumber":219667,"port":49730,"ProviderGuid":"{5770385F-C22A-43E0-BF4C-06F5698FFBD9}","EventID":9,"EventType":"INFO","UtcTime":"2019-12-05 04:47:55.306","UserID":"S-1-5-18","ProcessGuid":"{a158f72c-4a86-5de8-0000-0010ff6b0000}","SourceName":"Microsoft-Windows-Sysmon","Domain":"NT AUTHORITY","AccountType":"User","OpcodeValue":0,"Message":"RawAccessRead detected:\r\nRuleName: \r\nUtcTime: 2019-12-05 04:47:55.306\r\nProcessGuid: {a158f72c-4a86-5de8-0000-0010ff6b0000}\r\nProcessId: 808\r\nImage: C:\\Windows\\System32\\lsass.exe\r\nDevice: \\Device\\HarddiskVolume1","Task":9,"Severity":"INFO","Keywords":-9223372036854775808,"@timestamp":"2019-12-05T04:47:56.290Z","EventTime":"2019-12-04 23:47:55","SeverityValue":2,"ProcessID":3140,"ThreadID":4712,"AccountName":"SYSTEM","Device":"\\Device\\HarddiskVolume1","SourceModuleType":"im_msvistalog","Hostname":"IT001.shire.com","SourceModuleName":"eventlog","@version":"1"}
{"Version":0,"EventReceivedTime":"2019-12-04 23:47:56","type":"nxlog-mordor","host":"ip-172-18-39-102.ec2.internal","Channel":"security","ObjectServer":"NT Local Security Authority / Authentication Service","RecordNumber":30543,"Category":"Sensitive Privilege Use","port":49730,"ProviderGuid":"{54849625-5478-4994-A5BA-3E3B0328C30D}","EventID":4673,"EventType":"AUDIT_SUCCESS","SourceName":"Microsoft-Windows-Security-Auditing","SubjectDomainName":"shire","SubjectUserSid":"S-1-5-18","ProcessName":"C:\\Windows\\System32\\lsass.exe","OpcodeValue":0,"Message":"A privileged service was called.\r\n\r\nSubject:\r\n\tSecurity ID:\t\tS-1-5-18\r\n\tAccount Name:\t\tIT001$\r\n\tAccount Domain:\t\tshire\r\n\tLogon ID:\t\t0x3E7\r\n\r\nService:\r\n\tServer:\tNT Local Security Authority / Authentication Service\r\n\tService Name:\tLsaRegisterLogonProcess()\r\n\r\nProcess:\r\n\tProcess ID:\t0x328\r\n\tProcess Name:\tC:\\Windows\\System32\\lsass.exe\r\n\r\nService Request Information:\r\n\tPrivileges:\t\tSeTcbPrivilege","PrivilegeList":"SeTcbPrivilege","Task":13056,"Severity":"INFO","Keywords":-9214364837600034816,"SubjectUserName":"IT001$","@timestamp":"2019-12-05T04:47:56.291Z","EventTime":"2019-12-04 23:47:55","SeverityValue":2,"ProcessID":4,"ThreadID":5332,"Opcode":"Info","SubjectLogonId":"0x3e7","SourceModuleType":"im_msvistalog","Hostname":"IT001.shire.com","SourceModuleName":"eventlog","Service":"LsaRegisterLogonProcess()","@version":"1"}
{"Version":2,"EventReceivedTime":"2019-12-04 23:47:56","Image":"C:\\Windows\\System32\\lsass.exe","type":"nxlog-mordor","host":"ip-172-18-39-102.ec2.internal","Channel":"Microsoft-Windows-Sysmon/Operational","RecordNumber":219671,"port":49730,"ProviderGuid":"{5770385F-C22A-43E0-BF4C-06F5698FFBD9}","EventID":9,"EventType":"INFO","UtcTime":"2019-12-05 04:47:55.353","UserID":"S-1-5-18","ProcessGuid":"{a158f72c-4a86-5de8-0000-0010ff6b0000}","SourceName":"Microsoft-Windows-Sysmon","Domain":"NT AUTHORITY","AccountType":"User","OpcodeValue":0,"Message":"RawAccessRead detected:\r\nRuleName: \r\nUtcTime: 2019-12-05 04:47:55.353\r\nProcessGuid: {a158f72c-4a86-5de8-0000-0010ff6b0000}\r\nProcessId: 808\r\nImage: C:\\Windows\\System32\\lsass.exe\r\nDevice: \\Device\\HarddiskVolume1","Task":9,"Severity":"INFO","Keywords":-9223372036854775808,"@timestamp":"2019-12-05T04:47:56.292Z","EventTime":"2019-12-04 23:47:55","SeverityValue":2,"ProcessID":3140,"ThreadID":4712,"AccountName":"SYSTEM","Device":"\\Device\\HarddiskVolume1","SourceModuleType":"im_msvistalog","Hostname":"IT001.shire.com","SourceModuleName":"eventlog","@version":"1"}
{"Version":0,"EventReceivedTime":"2019-12-04 23:47:56","type":"nxlog-mordor","host":"ip-172-18-39-102.ec2.internal","Channel":"security","RecordNumber":30547,"Category":"Special Logon","port":49730,"ProviderGuid":"{54849625-5478-4994-A5BA-3E3B0328C30D}","EventID":4672,"EventType":"AUDIT_SUCCESS","SourceName":"Microsoft-Windows-Security-Auditing","ActivityID":"{1CB713B3-AB00-0000-3914-B71C00ABD501}","SubjectUserSid":"S-1-5-21-791464340-1796667228-2788435825-1112","SubjectDomainName":"shire","OpcodeValue":0,"Message":"Special privileges assigned to new logon.\r\n\r\nSubject:\r\n\tSecurity ID:\t\tS-1-5-21-791464340-1796667228-2788435825-1112\r\n\tAccount Name:\t\tpgustavo\r\n\tAccount Domain:\t\tshire\r\n\tLogon ID:\t\t0x8429F2\r\n\r\nPrivileges:\t\tSeSecurityPrivilege\r\n\t\t\tSeTakeOwnershipPrivilege\r\n\t\t\tSeLoadDriverPrivilege\r\n\t\t\tSeBackupPrivilege\r\n\t\t\tSeRestorePrivilege\r\n\t\t\tSeDebugPrivilege\r\n\t\t\tSeSystemEnvironmentPrivilege\r\n\t\t\tSeImpersonatePrivilege\r\n\t\t\tSeDelegateSessionUserImpersonatePrivilege","PrivilegeList":"SeSecurityPrivilege\r\n\t\t\tSeTakeOwnershipPrivilege\r\n\t\t\tSeLoadDriverPrivilege\r\n\t\t\tSeBackupPrivilege\r\n\t\t\tSeRestorePrivilege\r\n\t\t\tSeDebugPrivilege\r\n\t\t\tSeSystemEnvironmentPrivilege\r\n\t\t\tSeImpersonatePrivilege\r\n\t\t\tSeDelegateSessionUserImpersonatePrivilege","Task":12548,"Severity":"INFO","Keywords":-9214364837600034816,"SubjectUserName":"pgustavo","@timestamp":"2019-12-05T04:47:56.293Z","EventTime":"2019-12-04 23:47:55","SeverityValue":2,"ProcessID":808,"ThreadID":3664,"Opcode":"Info","SubjectLogonId":"0x8429f2","SourceModuleType":"im_msvistalog","Hostname":"IT001.shire.com","SourceModuleName":"eventlog","@version":"1"}
{"Version":2,"EventReceivedTime":"2019-12-04 23:47:56","Image":"System","type":"nxlog-mordor","host":"ip-172-18-39-102.ec2.internal","Channel":"Microsoft-Windows-Sysmon/Operational","RecordNumber":219674,"port":49730,"ProviderGuid":"{5770385F-C22A-43E0-BF4C-06F5698FFBD9}","CreationUtcTime":"2019-12-05 04:47:55.353","EventID":11,"EventType":"INFO","UtcTime":"2019-12-05 04:47:55.353","UserID":"S-1-5-18","ProcessGuid":"{a158f72c-4a7c-5de8-0000-0010eb030000}","SourceName":"Microsoft-Windows-Sysmon","Domain":"NT AUTHORITY","AccountType":"User","OpcodeValue":0,"Message":"File created:\r\nRuleName: \r\nUtcTime: 2019-12-05 04:47:55.353\r\nProcessGuid: {a158f72c-4a7c-5de8-0000-0010eb030000}\r\nProcessId: 4\r\nImage: System\r\nTargetFilename: C:\\Windows\\System32\\LogFiles\\WMI\\RtBackup\\EtwRTAdmin_PS_Provider.etl\r\nCreationUtcTime: 2019-12-05 04:47:55.353","Task":11,"Severity":"INFO","Keywords":-9223372036854775808,"@timestamp":"2019-12-05T04:47:56.294Z","EventTime":"2019-12-04 23:47:55","SeverityValue":2,"ProcessID":3140,"ThreadID":4712,"AccountName":"SYSTEM","TargetFilename":"C:\\Windows\\System32\\LogFiles\\WMI\\RtBackup\\EtwRTAdmin_PS_Provider.etl","SourceModuleType":"im_msvistalog","Hostname":"IT001.shire.com","SourceModuleName":"eventlog","@version":"1"}
