{"Keywords":-9223372036854775808,"SeverityValue":2,"TargetObject":"HKU\\.DEFAULT\\Software\\Microsoft\\SystemCertificates\\CA","EventTypeOrignal":"INFO","EventID":12,"ProviderGuid":"{5770385F-C22A-43E0-BF4C-06F5698FFBD9}","ExecutionProcessID":3392,"host":"wec.internal.cloudapp.net","Channel":"Microsoft-Windows-Sysmon/Operational","UserID":"S-1-5-18","AccountType":"User","ThreadID":5552,"ProcessGuid":"{d273d0f0-e865-5f64-0d00-000000000800}","EventReceivedTime":"2020-09-22 14:53:32","Opcode":"Info","EventTime":"2020-09-22 14:53:30","@timestamp":"2020-09-22T18:53:32.344Z","SourceModuleType":"im_msvistalog","port":64545,"AccountName":"SYSTEM","RecordNumber":3956722,"Task":12,"Domain":"NT AUTHORITY","@version":"1","OpcodeValue":0,"SourceModuleName":"eventlog","Severity":"INFO","SourceName":"Microsoft-Windows-Sysmon","Version":2,"Image":"C:\\windows\\system32\\lsass.exe","Category":"Registry object added or deleted (rule: RegistryEvent)","UtcTime":"2020-09-22 18:53:30.848","Hostname":"WORKSTATION6.theshire.local","RuleName":"-","tags":["mordorDataset"]}
{"Keywords":-9214364837600034816,"SeverityValue":2,"Application":"\\device\\harddiskvolume2\\windows\\system32\\lsass.exe","EventID":5156,"ProviderGuid":"{54849625-5478-4994-A5BA-3E3B0328C30D}","ExecutionProcessID":4,"Channel":"Security","host":"wec.internal.cloudapp.net","EventReceivedTime":"2020-09-22 14:53:32","ProcessId":"696","ThreadID":5800,"EventType":"AUDIT_SUCCESS","Opcode":"Info","EventTime":"2020-09-22 14:53:30","Message":"The Windows Filtering Platform has permitted a connection.\r\n\r\nApplication Information:\r\n\tProcess ID:\t\t696\r\n\tApplication Name:\t\\device\\harddiskvolume2\\windows\\system32\\lsass.exe\r\n\r\nNetwork Information:\r\n\tDirection:\t\tInbound\r\n\tSource Address:\t\t172.18.39.5\r\n\tSource Port:\t\t62783\r\n\tDestination Address:\t172.18.38.5\r\n\tDestination Port:\t\t88\r\n\tProtocol:\t\t6\r\n\r\nFilter Information:\r\n\tFilter Run-Time ID:\t69686\r\n\tLayer Name:\t\tReceive/Accept\r\n\tLayer Run-Time ID:\t44","FilterRTID":"69686","RemoteUserID":"S-1-0-0","@timestamp":"2020-09-22T18:53:32.344Z","LayerRTID":"44","SourceModuleType":"im_msvistalog","port":64545,"RecordNumber":2193138,"Task":12810,"Direction":"%%14592","@version":"1","OpcodeValue":0,"SourcePort":"62783","DestPort":"88","Protocol":"6","SourceModuleName":"eventlog","Severity":"INFO","DestAddress":"172.18.38.5","SourceName":"Microsoft-Windows-Security-Auditing","Version":1,"LayerName":"%%14610","RemoteMachineID":"S-1-0-0","Category":"Filtering Platform Connection","SourceAddress":"172.18.39.5","tags":["mordorDataset"],"Hostname":"MORDORDC.theshire.local"}
{"Keywords":-9223372036854775808,"SeverityValue":2,"TargetObject":"HKU\\.DEFAULT\\Software\\Microsoft\\SystemCertificates\\CA\\Certificates","EventTypeOrignal":"INFO","EventID":12,"ProviderGuid":"{5770385F-C22A-43E0-BF4C-06F5698FFBD9}","ExecutionProcessID":3392,"host":"wec.internal.cloudapp.net","Channel":"Microsoft-Windows-Sysmon/Operational","UserID":"S-1-5-18","AccountType":"User","ThreadID":5552,"ProcessGuid":"{d273d0f0-e865-5f64-0d00-000000000800}","EventReceivedTime":"2020-09-22 14:53:32","Opcode":"Info","EventTime":"2020-09-22 14:53:30","@timestamp":"2020-09-22T18:53:32.344Z","SourceModuleType":"im_msvistalog","port":64545,"AccountName":"SYSTEM","RecordNumber":3956723,"Task":12,"Domain":"NT AUTHORITY","@version":"1","OpcodeValue":0,"SourceModuleName":"eventlog","Severity":"INFO","SourceName":"Microsoft-Windows-Sysmon","Version":2,"Image":"C:\\windows\\system32\\lsass.exe","Category":"Registry object added or deleted (rule: RegistryEvent)","UtcTime":"2020-09-22 18:53:30.848","Hostname":"WORKSTATION6.theshire.local","RuleName":"-","tags":["mordorDataset"]}
{"Keywords":-9214364837600034816,"SeverityValue":2,"EventReceivedTime":"2020-09-22 14:53:32","EventID":4769,"ProviderGuid":"{54849625-5478-4994-A5BA-3E3B0328C30D}","ExecutionProcessID":696,"Channel":"Security","host":"wec.internal.cloudapp.net","ServiceName":"WORKSTATION6$","ThreadID":6152,"LogonGuid":"{e744bf56-8ee3-0b10-7414-b5f6bd74fd38}","EventType":"AUDIT_SUCCESS","Opcode":"Info","EventTime":"2020-09-22 14:53:30","Message":"A Kerberos service ticket was requested.\r\n\r\nAccount Information:\r\n\tAccount Name:\t\tpgustavo@THESHIRE.LOCAL\r\n\tAccount Domain:\t\tTHESHIRE.LOCAL\r\n\tLogon GUID:\t\t{e744bf56-8ee3-0b10-7414-b5f6bd74fd38}\r\n\r\nService Information:\r\n\tService Name:\t\tWORKSTATION6$\r\n\tService ID:\t\tS-1-5-21-4228717743-1032521047-1810997296-1113\r\n\r\nNetwork Information:\r\n\tClient Address:\t\t::ffff:172.18.39.5\r\n\tClient Port:\t\t62783\r\n\r\nAdditional Information:\r\n\tTicket Options:\t\t0x40810000\r\n\tTicket Encryption Type:\t0x12\r\n\tFailure Code:\t\t0x0\r\n\tTransited Services:\t-\r\n\r\nThis event is generated every time access is requested to a resource such as a computer or a Windows service.  The service name indicates the resource to which access was requested.\r\n\r\nThis event can be correlated with Windows logon events by comparing the Logon GUID fields in each event.  The logon event occurs on the machine that was accessed, which is often a different machine than the domain controller which issued the service ticket.\r\n\r\nTicket options, encryption types, and failure codes are defined in RFC 4120.","TicketEncryptionType":"0x12","@timestamp":"2020-09-22T18:53:32.344Z","SourceModuleType":"im_msvistalog","port":64545,"RecordNumber":2193139,"IpAddress":"::ffff:172.18.39.5","Task":14337,"TransmittedServices":"-","@version":"1","OpcodeValue":0,"ServiceSid":"S-1-5-21-4228717743-1032521047-1810997296-1113","TicketOptions":"0x40810000","SourceModuleName":"eventlog","Severity":"INFO","SourceName":"Microsoft-Windows-Security-Auditing","Version":0,"Status":"0x0","Category":"Kerberos Service Ticket Operations","TargetUserName":"pgustavo@THESHIRE.LOCAL","IpPort":"62783","tags":["mordorDataset"],"Hostname":"MORDORDC.theshire.local","TargetDomainName":"THESHIRE.LOCAL"}
{"Keywords":-9223372036854775808,"SeverityValue":2,"TargetObject":"HKU\\.DEFAULT\\Software\\Microsoft\\SystemCertificates\\CA\\CRLs","EventTypeOrignal":"INFO","EventID":12,"ProviderGuid":"{5770385F-C22A-43E0-BF4C-06F5698FFBD9}","ExecutionProcessID":3392,"host":"wec.internal.cloudapp.net","Channel":"Microsoft-Windows-Sysmon/Operational","UserID":"S-1-5-18","AccountType":"User","ThreadID":5552,"ProcessGuid":"{d273d0f0-e865-5f64-0d00-000000000800}","EventReceivedTime":"2020-09-22 14:53:32","Opcode":"Info","EventTime":"2020-09-22 14:53:30","@timestamp":"2020-09-22T18:53:32.345Z","SourceModuleType":"im_msvistalog","port":64545,"AccountName":"SYSTEM","RecordNumber":3956724,"Task":12,"Domain":"NT AUTHORITY","@version":"1","OpcodeValue":0,"SourceModuleName":"eventlog","Severity":"INFO","SourceName":"Microsoft-Windows-Sysmon","Version":2,"Image":"C:\\windows\\system32\\lsass.exe","Category":"Registry object added or deleted (rule: RegistryEvent)","UtcTime":"2020-09-22 18:53:30.848","Hostname":"WORKSTATION6.theshire.local","RuleName":"-","tags":["mordorDataset"]}
{"Keywords":-9223372036854775808,"SeverityValue":2,"TargetObject":"HKU\\.DEFAULT\\Software\\Microsoft\\SystemCertificates\\CA\\CTLs","EventTypeOrignal":"INFO","EventID":12,"ProviderGuid":"{5770385F-C22A-43E0-BF4C-06F5698FFBD9}","ExecutionProcessID":3392,"host":"wec.internal.cloudapp.net","Channel":"Microsoft-Windows-Sysmon/Operational","UserID":"S-1-5-18","AccountType":"User","ThreadID":5552,"ProcessGuid":"{d273d0f0-e865-5f64-0d00-000000000800}","EventReceivedTime":"2020-09-22 14:53:32","Opcode":"Info","EventTime":"2020-09-22 14:53:30","@timestamp":"2020-09-22T18:53:32.346Z","SourceModuleType":"im_msvistalog","port":64545,"AccountName":"SYSTEM","RecordNumber":3956725,"Task":12,"Domain":"NT AUTHORITY","@version":"1","OpcodeValue":0,"SourceModuleName":"eventlog","Severity":"INFO","SourceName":"Microsoft-Windows-Sysmon","Version":2,"Image":"C:\\windows\\system32\\lsass.exe","Category":"Registry object added or deleted (rule: RegistryEvent)","UtcTime":"2020-09-22 18:53:30.848","Hostname":"WORKSTATION6.theshire.local","RuleName":"-","tags":["mordorDataset"]}
{"Keywords":-9223372036854775808,"SeverityValue":2,"TargetObject":"HKU\\.DEFAULT\\Software\\Policies\\Microsoft\\SystemCertificates\\CA","EventTypeOrignal":"INFO","EventID":12,"ProviderGuid":"{5770385F-C22A-43E0-BF4C-06F5698FFBD9}","ExecutionProcessID":3392,"host":"wec.internal.cloudapp.net","Channel":"Microsoft-Windows-Sysmon/Operational","UserID":"S-1-5-18","AccountType":"User","ThreadID":5552,"ProcessGuid":"{d273d0f0-e865-5f64-0d00-000000000800}","EventReceivedTime":"2020-09-22 14:53:32","Opcode":"Info","EventTime":"2020-09-22 14:53:30","@timestamp":"2020-09-22T18:53:32.346Z","SourceModuleType":"im_msvistalog","port":64545,"AccountName":"SYSTEM","RecordNumber":3956726,"Task":12,"Domain":"NT AUTHORITY","@version":"1","OpcodeValue":0,"SourceModuleName":"eventlog","Severity":"INFO","SourceName":"Microsoft-Windows-Sysmon","Version":2,"Image":"C:\\windows\\system32\\lsass.exe","Category":"Registry object added or deleted (rule: RegistryEvent)","UtcTime":"2020-09-22 18:53:30.848","Hostname":"WORKSTATION6.theshire.local","RuleName":"-","tags":["mordorDataset"]}
{"Keywords":-9223372036854775808,"SeverityValue":2,"TargetObject":"HKU\\.DEFAULT\\Software\\Policies\\Microsoft\\SystemCertificates\\CA\\Certificates","EventTypeOrignal":"INFO","EventID":12,"ProviderGuid":"{5770385F-C22A-43E0-BF4C-06F5698FFBD9}","ExecutionProcessID":3392,"host":"wec.internal.cloudapp.net","Channel":"Microsoft-Windows-Sysmon/Operational","UserID":"S-1-5-18","AccountType":"User","ThreadID":5552,"ProcessGuid":"{d273d0f0-e865-5f64-0d00-000000000800}","EventReceivedTime":"2020-09-22 14:53:32","Opcode":"Info","EventTime":"2020-09-22 14:53:30","@timestamp":"2020-09-22T18:53:32.347Z","SourceModuleType":"im_msvistalog","port":64545,"AccountName":"SYSTEM","RecordNumber":3956727,"Task":12,"Domain":"NT AUTHORITY","@version":"1","OpcodeValue":0,"SourceModuleName":"eventlog","Severity":"INFO","SourceName":"Microsoft-Windows-Sysmon","Version":2,"Image":"C:\\windows\\system32\\lsass.exe","Category":"Registry object added or deleted (rule: RegistryEvent)","UtcTime":"2020-09-22 18:53:30.848","Hostname":"WORKSTATION6.theshire.local","RuleName":"-","tags":["mordorDataset"]}
{"Keywords":-9223372036854775808,"SeverityValue":2,"TargetObject":"HKU\\.DEFAULT\\Software\\Policies\\Microsoft\\SystemCertificates\\CA\\CRLs","EventTypeOrignal":"INFO","EventID":12,"ProviderGuid":"{5770385F-C22A-43E0-BF4C-06F5698FFBD9}","ExecutionProcessID":3392,"host":"wec.internal.cloudapp.net","Channel":"Microsoft-Windows-Sysmon/Operational","UserID":"S-1-5-18","AccountType":"User","ThreadID":5552,"ProcessGuid":"{d273d0f0-e865-5f64-0d00-000000000800}","EventReceivedTime":"2020-09-22 14:53:32","Opcode":"Info","EventTime":"2020-09-22 14:53:30","@timestamp":"2020-09-22T18:53:32.347Z","SourceModuleType":"im_msvistalog","port":64545,"AccountName":"SYSTEM","RecordNumber":3956728,"Task":12,"Domain":"NT AUTHORITY","@version":"1","OpcodeValue":0,"SourceModuleName":"eventlog","Severity":"INFO","SourceName":"Microsoft-Windows-Sysmon","Version":2,"Image":"C:\\windows\\system32\\lsass.exe","Category":"Registry object added or deleted (rule: RegistryEvent)","UtcTime":"2020-09-22 18:53:30.848","Hostname":"WORKSTATION6.theshire.local","RuleName":"-","tags":["mordorDataset"]}
{"Keywords":-9223372036854775808,"SeverityValue":2,"TargetObject":"HKU\\.DEFAULT\\Software\\Policies\\Microsoft\\SystemCertificates\\CA\\CTLs","EventTypeOrignal":"INFO","EventID":12,"ProviderGuid":"{5770385F-C22A-43E0-BF4C-06F5698FFBD9}","ExecutionProcessID":3392,"host":"wec.internal.cloudapp.net","Channel":"Microsoft-Windows-Sysmon/Operational","UserID":"S-1-5-18","AccountType":"User","ThreadID":5552,"ProcessGuid":"{d273d0f0-e865-5f64-0d00-000000000800}","EventReceivedTime":"2020-09-22 14:53:32","Opcode":"Info","EventTime":"2020-09-22 14:53:30","@timestamp":"2020-09-22T18:53:32.348Z","SourceModuleType":"im_msvistalog","port":64545,"AccountName":"SYSTEM","RecordNumber":3956729,"Task":12,"Domain":"NT AUTHORITY","@version":"1","OpcodeValue":0,"SourceModuleName":"eventlog","Severity":"INFO","SourceName":"Microsoft-Windows-Sysmon","Version":2,"Image":"C:\\windows\\system32\\lsass.exe","Category":"Registry object added or deleted (rule: RegistryEvent)","UtcTime":"2020-09-22 18:53:30.848","Hostname":"WORKSTATION6.theshire.local","RuleName":"-","tags":["mordorDataset"]}
{"Keywords":-9223372036854775808,"SeverityValue":2,"TargetObject":"HKLM\\SOFTWARE\\Microsoft\\SystemCertificates\\CA","EventTypeOrignal":"INFO","EventID":12,"ProviderGuid":"{5770385F-C22A-43E0-BF4C-06F5698FFBD9}","ExecutionProcessID":3392,"host":"wec.internal.cloudapp.net","Channel":"Microsoft-Windows-Sysmon/Operational","UserID":"S-1-5-18","AccountType":"User","ThreadID":5552,"ProcessGuid":"{d273d0f0-e865-5f64-0d00-000000000800}","EventReceivedTime":"2020-09-22 14:53:32","Opcode":"Info","EventTime":"2020-09-22 14:53:30","@timestamp":"2020-09-22T18:53:32.348Z","SourceModuleType":"im_msvistalog","port":64545,"AccountName":"SYSTEM","RecordNumber":3956730,"Task":12,"Domain":"NT AUTHORITY","@version":"1","OpcodeValue":0,"SourceModuleName":"eventlog","Severity":"INFO","SourceName":"Microsoft-Windows-Sysmon","Version":2,"Image":"C:\\windows\\system32\\lsass.exe","Category":"Registry object added or deleted (rule: RegistryEvent)","UtcTime":"2020-09-22 18:53:30.848","Hostname":"WORKSTATION6.theshire.local","RuleName":"-","tags":["mordorDataset"]}
{"Keywords":-9223372036854775808,"SeverityValue":2,"TargetObject":"HKLM\\SOFTWARE\\Microsoft\\SystemCertificates\\CA","EventTypeOrignal":"INFO","EventID":12,"ProviderGuid":"{5770385F-C22A-43E0-BF4C-06F5698FFBD9}","ExecutionProcessID":3392,"host":"wec.internal.cloudapp.net","Channel":"Microsoft-Windows-Sysmon/Operational","UserID":"S-1-5-18","AccountType":"User","ThreadID":5552,"ProcessGuid":"{d273d0f0-e865-5f64-0d00-000000000800}","EventReceivedTime":"2020-09-22 14:53:32","Opcode":"Info","EventTime":"2020-09-22 14:53:30","@timestamp":"2020-09-22T18:53:32.348Z","SourceModuleType":"im_msvistalog","port":64545,"AccountName":"SYSTEM","RecordNumber":3956731,"Task":12,"Domain":"NT AUTHORITY","@version":"1","OpcodeValue":0,"SourceModuleName":"eventlog","Severity":"INFO","SourceName":"Microsoft-Windows-Sysmon","Version":2,"Image":"C:\\windows\\system32\\lsass.exe","Category":"Registry object added or deleted (rule: RegistryEvent)","UtcTime":"2020-09-22 18:53:30.848","Hostname":"WORKSTATION6.theshire.local","RuleName":"-","tags":["mordorDataset"]}
{"Keywords":-9223372036854775808,"SeverityValue":2,"TargetObject":"HKLM\\SOFTWARE\\Microsoft\\SystemCertificates\\CA\\Certificates","EventTypeOrignal":"INFO","EventID":12,"ProviderGuid":"{5770385F-C22A-43E0-BF4C-06F5698FFBD9}","ExecutionProcessID":3392,"host":"wec.internal.cloudapp.net","Channel":"Microsoft-Windows-Sysmon/Operational","UserID":"S-1-5-18","AccountType":"User","ThreadID":5552,"ProcessGuid":"{d273d0f0-e865-5f64-0d00-000000000800}","EventReceivedTime":"2020-09-22 14:53:32","Opcode":"Info","EventTime":"2020-09-22 14:53:30","@timestamp":"2020-09-22T18:53:32.349Z","SourceModuleType":"im_msvistalog","port":64545,"AccountName":"SYSTEM","RecordNumber":3956732,"Task":12,"Domain":"NT AUTHORITY","@version":"1","OpcodeValue":0,"SourceModuleName":"eventlog","Severity":"INFO","SourceName":"Microsoft-Windows-Sysmon","Version":2,"Image":"C:\\windows\\system32\\lsass.exe","Category":"Registry object added or deleted (rule: RegistryEvent)","UtcTime":"2020-09-22 18:53:30.848","Hostname":"WORKSTATION6.theshire.local","RuleName":"-","tags":["mordorDataset"]}
{"Keywords":-9223372036854775808,"SeverityValue":2,"TargetObject":"HKLM\\SOFTWARE\\Microsoft\\SystemCertificates\\CA\\CRLs","EventTypeOrignal":"INFO","EventID":12,"ProviderGuid":"{5770385F-C22A-43E0-BF4C-06F5698FFBD9}","ExecutionProcessID":3392,"host":"wec.internal.cloudapp.net","Channel":"Microsoft-Windows-Sysmon/Operational","UserID":"S-1-5-18","AccountType":"User","ThreadID":5552,"ProcessGuid":"{d273d0f0-e865-5f64-0d00-000000000800}","EventReceivedTime":"2020-09-22 14:53:32","Opcode":"Info","EventTime":"2020-09-22 14:53:30","@timestamp":"2020-09-22T18:53:32.349Z","SourceModuleType":"im_msvistalog","port":64545,"AccountName":"SYSTEM","RecordNumber":3956733,"Task":12,"Domain":"NT AUTHORITY","@version":"1","OpcodeValue":0,"SourceModuleName":"eventlog","Severity":"INFO","SourceName":"Microsoft-Windows-Sysmon","Version":2,"Image":"C:\\windows\\system32\\lsass.exe","Category":"Registry object added or deleted (rule: RegistryEvent)","UtcTime":"2020-09-22 18:53:30.848","Hostname":"WORKSTATION6.theshire.local","RuleName":"-","tags":["mordorDataset"]}
{"Keywords":-9223372036854775808,"SeverityValue":2,"TargetObject":"HKLM\\SOFTWARE\\Microsoft\\SystemCertificates\\CA\\CTLs","EventTypeOrignal":"INFO","EventID":12,"ProviderGuid":"{5770385F-C22A-43E0-BF4C-06F5698FFBD9}","ExecutionProcessID":3392,"host":"wec.internal.cloudapp.net","Channel":"Microsoft-Windows-Sysmon/Operational","UserID":"S-1-5-18","AccountType":"User","ThreadID":5552,"ProcessGuid":"{d273d0f0-e865-5f64-0d00-000000000800}","EventReceivedTime":"2020-09-22 14:53:32","Opcode":"Info","EventTime":"2020-09-22 14:53:30","@timestamp":"2020-09-22T18:53:32.349Z","SourceModuleType":"im_msvistalog","port":64545,"AccountName":"SYSTEM","RecordNumber":3956734,"Task":12,"Domain":"NT AUTHORITY","@version":"1","OpcodeValue":0,"SourceModuleName":"eventlog","Severity":"INFO","SourceName":"Microsoft-Windows-Sysmon","Version":2,"Image":"C:\\windows\\system32\\lsass.exe","Category":"Registry object added or deleted (rule: RegistryEvent)","UtcTime":"2020-09-22 18:53:30.848","Hostname":"WORKSTATION6.theshire.local","RuleName":"-","tags":["mordorDataset"]}
{"Keywords":-9223372036854775808,"SeverityValue":2,"TargetObject":"HKLM\\SOFTWARE\\Policies\\Microsoft\\SystemCertificates\\CA","EventTypeOrignal":"INFO","EventID":12,"ProviderGuid":"{5770385F-C22A-43E0-BF4C-06F5698FFBD9}","ExecutionProcessID":3392,"host":"wec.internal.cloudapp.net","Channel":"Microsoft-Windows-Sysmon/Operational","UserID":"S-1-5-18","AccountType":"User","ThreadID":5552,"ProcessGuid":"{d273d0f0-e865-5f64-0d00-000000000800}","EventReceivedTime":"2020-09-22 14:53:32","Opcode":"Info","EventTime":"2020-09-22 14:53:30","@timestamp":"2020-09-22T18:53:32.350Z","SourceModuleType":"im_msvistalog","port":64545,"AccountName":"SYSTEM","RecordNumber":3956735,"Task":12,"Domain":"NT AUTHORITY","@version":"1","OpcodeValue":0,"SourceModuleName":"eventlog","Severity":"INFO","SourceName":"Microsoft-Windows-Sysmon","Version":2,"Image":"C:\\windows\\system32\\lsass.exe","Category":"Registry object added or deleted (rule: RegistryEvent)","UtcTime":"2020-09-22 18:53:30.848","Hostname":"WORKSTATION6.theshire.local","RuleName":"-","tags":["mordorDataset"]}
{"Keywords":-9223372036854775808,"SeverityValue":2,"TargetObject":"HKLM\\SOFTWARE\\Policies\\Microsoft\\SystemCertificates\\CA\\Certificates","EventTypeOrignal":"INFO","EventID":12,"ProviderGuid":"{5770385F-C22A-43E0-BF4C-06F5698FFBD9}","ExecutionProcessID":3392,"host":"wec.internal.cloudapp.net","Channel":"Microsoft-Windows-Sysmon/Operational","UserID":"S-1-5-18","AccountType":"User","ThreadID":5552,"ProcessGuid":"{d273d0f0-e865-5f64-0d00-000000000800}","EventReceivedTime":"2020-09-22 14:53:32","Opcode":"Info","EventTime":"2020-09-22 14:53:30","@timestamp":"2020-09-22T18:53:32.351Z","SourceModuleType":"im_msvistalog","port":64545,"AccountName":"SYSTEM","RecordNumber":3956736,"Task":12,"Domain":"NT AUTHORITY","@version":"1","OpcodeValue":0,"SourceModuleName":"eventlog","Severity":"INFO","SourceName":"Microsoft-Windows-Sysmon","Version":2,"Image":"C:\\windows\\system32\\lsass.exe","Category":"Registry object added or deleted (rule: RegistryEvent)","UtcTime":"2020-09-22 18:53:30.848","Hostname":"WORKSTATION6.theshire.local","RuleName":"-","tags":["mordorDataset"]}
{"Keywords":-9223372036854775808,"SeverityValue":2,"TargetObject":"HKLM\\SOFTWARE\\Policies\\Microsoft\\SystemCertificates\\CA\\CRLs","EventTypeOrignal":"INFO","EventID":12,"ProviderGuid":"{5770385F-C22A-43E0-BF4C-06F5698FFBD9}","ExecutionProcessID":3392,"host":"wec.internal.cloudapp.net","Channel":"Microsoft-Windows-Sysmon/Operational","UserID":"S-1-5-18","AccountType":"User","ThreadID":5552,"ProcessGuid":"{d273d0f0-e865-5f64-0d00-000000000800}","EventReceivedTime":"2020-09-22 14:53:32","Opcode":"Info","EventTime":"2020-09-22 14:53:30","@timestamp":"2020-09-22T18:53:32.351Z","SourceModuleType":"im_msvistalog","port":64545,"AccountName":"SYSTEM","RecordNumber":3956737,"Task":12,"Domain":"NT AUTHORITY","@version":"1","OpcodeValue":0,"SourceModuleName":"eventlog","Severity":"INFO","SourceName":"Microsoft-Windows-Sysmon","Version":2,"Image":"C:\\windows\\system32\\lsass.exe","Category":"Registry object added or deleted (rule: RegistryEvent)","UtcTime":"2020-09-22 18:53:30.848","Hostname":"WORKSTATION6.theshire.local","RuleName":"-","tags":["mordorDataset"]}
{"Keywords":-9223372036854775808,"SeverityValue":2,"TargetObject":"HKLM\\SOFTWARE\\Policies\\Microsoft\\SystemCertificates\\CA\\CTLs","EventTypeOrignal":"INFO","EventID":12,"ProviderGuid":"{5770385F-C22A-43E0-BF4C-06F5698FFBD9}","ExecutionProcessID":3392,"host":"wec.internal.cloudapp.net","Channel":"Microsoft-Windows-Sysmon/Operational","UserID":"S-1-5-18","AccountType":"User","ThreadID":5552,"ProcessGuid":"{d273d0f0-e865-5f64-0d00-000000000800}","EventReceivedTime":"2020-09-22 14:53:32","Opcode":"Info","EventTime":"2020-09-22 14:53:30","@timestamp":"2020-09-22T18:53:32.352Z","SourceModuleType":"im_msvistalog","port":64545,"AccountName":"SYSTEM","RecordNumber":3956738,"Task":12,"Domain":"NT AUTHORITY","@version":"1","OpcodeValue":0,"SourceModuleName":"eventlog","Severity":"INFO","SourceName":"Microsoft-Windows-Sysmon","Version":2,"Image":"C:\\windows\\system32\\lsass.exe","Category":"Registry object added or deleted (rule: RegistryEvent)","UtcTime":"2020-09-22 18:53:30.848","Hostname":"WORKSTATION6.theshire.local","RuleName":"-","tags":["mordorDataset"]}
{"Keywords":-9223372036854775808,"SeverityValue":2,"TargetObject":"HKLM\\SOFTWARE\\Microsoft\\EnterpriseCertificates\\CA","EventTypeOrignal":"INFO","EventID":12,"ProviderGuid":"{5770385F-C22A-43E0-BF4C-06F5698FFBD9}","ExecutionProcessID":3392,"host":"wec.internal.cloudapp.net","Channel":"Microsoft-Windows-Sysmon/Operational","UserID":"S-1-5-18","AccountType":"User","ThreadID":5552,"ProcessGuid":"{d273d0f0-e865-5f64-0d00-000000000800}","EventReceivedTime":"2020-09-22 14:53:32","Opcode":"Info","EventTime":"2020-09-22 14:53:30","@timestamp":"2020-09-22T18:53:32.353Z","SourceModuleType":"im_msvistalog","port":64545,"AccountName":"SYSTEM","RecordNumber":3956739,"Task":12,"Domain":"NT AUTHORITY","@version":"1","OpcodeValue":0,"SourceModuleName":"eventlog","Severity":"INFO","SourceName":"Microsoft-Windows-Sysmon","Version":2,"Image":"C:\\windows\\system32\\lsass.exe","Category":"Registry object added or deleted (rule: RegistryEvent)","UtcTime":"2020-09-22 18:53:30.848","Hostname":"WORKSTATION6.theshire.local","RuleName":"-","tags":["mordorDataset"]}
{"Keywords":-9223372036854775808,"SeverityValue":2,"TargetObject":"HKLM\\SOFTWARE\\Microsoft\\EnterpriseCertificates\\CA","EventTypeOrignal":"INFO","EventID":12,"ProviderGuid":"{5770385F-C22A-43E0-BF4C-06F5698FFBD9}","ExecutionProcessID":3392,"host":"wec.internal.cloudapp.net","Channel":"Microsoft-Windows-Sysmon/Operational","UserID":"S-1-5-18","AccountType":"User","ThreadID":5552,"ProcessGuid":"{d273d0f0-e865-5f64-0d00-000000000800}","EventReceivedTime":"2020-09-22 14:53:32","Opcode":"Info","EventTime":"2020-09-22 14:53:30","@timestamp":"2020-09-22T18:53:32.353Z","SourceModuleType":"im_msvistalog","port":64545,"AccountName":"SYSTEM","RecordNumber":3956740,"Task":12,"Domain":"NT AUTHORITY","@version":"1","OpcodeValue":0,"SourceModuleName":"eventlog","Severity":"INFO","SourceName":"Microsoft-Windows-Sysmon","Version":2,"Image":"C:\\windows\\system32\\lsass.exe","Category":"Registry object added or deleted (rule: RegistryEvent)","UtcTime":"2020-09-22 18:53:30.848","Hostname":"WORKSTATION6.theshire.local","RuleName":"-","tags":["mordorDataset"]}
{"Keywords":-9214364837600034816,"SeverityValue":2,"Application":"\\device\\harddiskvolume2\\windows\\system32\\svchost.exe","EventID":5158,"ProviderGuid":"{54849625-5478-4994-A5BA-3E3B0328C30D}","ExecutionProcessID":4,"Channel":"security","host":"wec.internal.cloudapp.net","EventReceivedTime":"2020-09-22 14:53:32","ProcessId":"1428","ThreadID":6908,"EventType":"AUDIT_SUCCESS","Opcode":"Info","EventTime":"2020-09-22 14:53:30","Message":"The Windows Filtering Platform has permitted a bind to a local port.\r\n\r\nApplication Information:\r\n\tProcess ID:\t\t1428\r\n\tApplication Name:\t\\device\\harddiskvolume2\\windows\\system32\\svchost.exe\r\n\r\nNetwork Information:\r\n\tSource Address:\t\t::\r\n\tSource Port:\t\t54822\r\n\tProtocol:\t\t17\r\n\r\nFilter Information:\r\n\tFilter Run-Time ID:\t0\r\n\tLayer Name:\t\tResource Assignment\r\n\tLayer Run-Time ID:\t36","FilterRTID":"0","@timestamp":"2020-09-22T18:53:32.354Z","LayerRTID":"36","SourceModuleType":"im_msvistalog","port":64545,"RecordNumber":854182,"Task":12810,"Protocol":"17","@version":"1","OpcodeValue":0,"SourcePort":"54822","SourceModuleName":"eventlog","Severity":"INFO","SourceName":"Microsoft-Windows-Security-Auditing","Version":0,"LayerName":"%%14608","Category":"Filtering Platform Connection","SourceAddress":"::","tags":["mordorDataset"],"Hostname":"WORKSTATION5.theshire.local"}
{"Keywords":-9223372036854775808,"SeverityValue":2,"TargetObject":"HKLM\\SOFTWARE\\Microsoft\\EnterpriseCertificates\\CA\\Certificates","EventTypeOrignal":"INFO","EventID":12,"ProviderGuid":"{5770385F-C22A-43E0-BF4C-06F5698FFBD9}","ExecutionProcessID":3392,"host":"wec.internal.cloudapp.net","Channel":"Microsoft-Windows-Sysmon/Operational","UserID":"S-1-5-18","AccountType":"User","ThreadID":5552,"ProcessGuid":"{d273d0f0-e865-5f64-0d00-000000000800}","EventReceivedTime":"2020-09-22 14:53:32","Opcode":"Info","EventTime":"2020-09-22 14:53:30","@timestamp":"2020-09-22T18:53:32.354Z","SourceModuleType":"im_msvistalog","port":64545,"AccountName":"SYSTEM","RecordNumber":3956741,"Task":12,"Domain":"NT AUTHORITY","@version":"1","OpcodeValue":0,"SourceModuleName":"eventlog","Severity":"INFO","SourceName":"Microsoft-Windows-Sysmon","Version":2,"Image":"C:\\windows\\system32\\lsass.exe","Category":"Registry object added or deleted (rule: RegistryEvent)","UtcTime":"2020-09-22 18:53:30.848","Hostname":"WORKSTATION6.theshire.local","RuleName":"-","tags":["mordorDataset"]}
{"ImageLoaded":"C:\\Windows\\System32\\ntmarta.dll","SeverityValue":2,"EventReceivedTime":"2020-09-22 14:53:32","EventID":7,"ProviderGuid":"{5770385F-C22A-43E0-BF4C-06F5698FFBD9}","ExecutionProcessID":3172,"Channel":"Microsoft-Windows-Sysmon/Operational","host":"wec.internal.cloudapp.net","AccountType":"User","ProcessGuid":"{b34bc01c-3d7f-5f6a-b603-000000000900}","Opcode":"Info","EventTime":"2020-09-22 14:53:30","Signed":"true","SourceModuleType":"im_msvistalog","AccountName":"SYSTEM","Domain":"NT AUTHORITY","@version":"1","OpcodeValue":0,"SignatureStatus":"Valid","Severity":"INFO","Hashes":"SHA1=5C986A06C21B5CDCFD799E3B5CA475CE2AFF6058,MD5=435009D1DDC0365BFA34B8C8D3F85286,SHA256=2F94628F056FE65EA81351E134E59ECE813FEC5E8400C12D6DFA49DEFD126D01,IMPHASH=B0E49176FB29AC2D0ABB840B4C490D21","SourceName":"Microsoft-Windows-Sysmon","Description":"Windows NT MARTA provider","Category":"Image loaded (rule: ImageLoad)","Company":"Microsoft Corporation","Keywords":-9223372036854775808,"FileVersion":"10.0.18362.1 (WinBuild.160101.0800)","UserID":"S-1-5-18","ThreadID":4048,"EventType":"INFO","@timestamp":"2020-09-22T18:53:32.354Z","port":64545,"RecordNumber":3518603,"Task":7,"Signature":"Microsoft Windows","SourceModuleName":"eventlog","Version":3,"Product":"Microsoft Windows Operating System","Image":"C:\\Users\\pgustavo\\Desktop\\GruntHTTP.exe","OriginalFileName":"ntmarta.dll","UtcTime":"2020-09-22 18:53:30.888","Hostname":"WORKSTATION5.theshire.local","RuleName":"-","tags":["mordorDataset"]}
{"Keywords":-9214364837600034816,"SeverityValue":2,"Application":"\\device\\harddiskvolume2\\windows\\system32\\svchost.exe","EventID":5158,"ProviderGuid":"{54849625-5478-4994-A5BA-3E3B0328C30D}","ExecutionProcessID":4,"Channel":"security","host":"wec.internal.cloudapp.net","EventReceivedTime":"2020-09-22 14:53:32","ProcessId":"1428","ThreadID":6908,"EventType":"AUDIT_SUCCESS","Opcode":"Info","EventTime":"2020-09-22 14:53:30","Message":"The Windows Filtering Platform has permitted a bind to a local port.\r\n\r\nApplication Information:\r\n\tProcess ID:\t\t1428\r\n\tApplication Name:\t\\device\\harddiskvolume2\\windows\\system32\\svchost.exe\r\n\r\nNetwork Information:\r\n\tSource Address:\t\t::\r\n\tSource Port:\t\t54822\r\n\tProtocol:\t\t17\r\n\r\nFilter Information:\r\n\tFilter Run-Time ID:\t0\r\n\tLayer Name:\t\tResource Assignment\r\n\tLayer Run-Time ID:\t38","FilterRTID":"0","@timestamp":"2020-09-22T18:53:32.355Z","LayerRTID":"38","SourceModuleType":"im_msvistalog","port":64545,"RecordNumber":854183,"Task":12810,"Protocol":"17","@version":"1","OpcodeValue":0,"SourcePort":"54822","SourceModuleName":"eventlog","Severity":"INFO","SourceName":"Microsoft-Windows-Security-Auditing","Version":0,"LayerName":"%%14608","Category":"Filtering Platform Connection","SourceAddress":"::","tags":["mordorDataset"],"Hostname":"WORKSTATION5.theshire.local"}
{"Keywords":-9223372036854775808,"SeverityValue":2,"TargetObject":"HKLM\\SOFTWARE\\Microsoft\\EnterpriseCertificates\\CA\\CRLs","EventTypeOrignal":"INFO","EventID":12,"ProviderGuid":"{5770385F-C22A-43E0-BF4C-06F5698FFBD9}","ExecutionProcessID":3392,"host":"wec.internal.cloudapp.net","Channel":"Microsoft-Windows-Sysmon/Operational","UserID":"S-1-5-18","AccountType":"User","ThreadID":5552,"ProcessGuid":"{d273d0f0-e865-5f64-0d00-000000000800}","EventReceivedTime":"2020-09-22 14:53:32","Opcode":"Info","EventTime":"2020-09-22 14:53:30","@timestamp":"2020-09-22T18:53:32.355Z","SourceModuleType":"im_msvistalog","port":64545,"AccountName":"SYSTEM","RecordNumber":3956742,"Task":12,"Domain":"NT AUTHORITY","@version":"1","OpcodeValue":0,"SourceModuleName":"eventlog","Severity":"INFO","SourceName":"Microsoft-Windows-Sysmon","Version":2,"Image":"C:\\windows\\system32\\lsass.exe","Category":"Registry object added or deleted (rule: RegistryEvent)","UtcTime":"2020-09-22 18:53:30.848","Hostname":"WORKSTATION6.theshire.local","RuleName":"-","tags":["mordorDataset"]}
{"Keywords":-9214364837600034816,"SeverityValue":2,"Application":"\\device\\harddiskvolume2\\windows\\system32\\svchost.exe","EventID":5156,"ProviderGuid":"{54849625-5478-4994-A5BA-3E3B0328C30D}","ExecutionProcessID":4,"Channel":"security","host":"wec.internal.cloudapp.net","EventReceivedTime":"2020-09-22 14:53:32","ProcessId":"1428","ThreadID":6908,"EventType":"AUDIT_SUCCESS","Opcode":"Info","EventTime":"2020-09-22 14:53:30","Message":"The Windows Filtering Platform has permitted a connection.\r\n\r\nApplication Information:\r\n\tProcess ID:\t\t1428\r\n\tApplication Name:\t\\device\\harddiskvolume2\\windows\\system32\\svchost.exe\r\n\r\nNetwork Information:\r\n\tDirection:\t\tOutbound\r\n\tSource Address:\t\t172.18.39.5\r\n\tSource Port:\t\t54822\r\n\tDestination Address:\t172.18.38.5\r\n\tDestination Port:\t\t53\r\n\tProtocol:\t\t17\r\n\r\nFilter Information:\r\n\tFilter Run-Time ID:\t79456\r\n\tLayer Name:\t\tConnect\r\n\tLayer Run-Time ID:\t48","FilterRTID":"79456","RemoteUserID":"S-1-0-0","@timestamp":"2020-09-22T18:53:32.355Z","LayerRTID":"48","SourceModuleType":"im_msvistalog","port":64545,"RecordNumber":854184,"Task":12810,"Direction":"%%14593","@version":"1","OpcodeValue":0,"SourcePort":"54822","DestPort":"53","Protocol":"17","SourceModuleName":"eventlog","Severity":"INFO","DestAddress":"172.18.38.5","SourceName":"Microsoft-Windows-Security-Auditing","Version":1,"LayerName":"%%14611","RemoteMachineID":"S-1-0-0","Category":"Filtering Platform Connection","SourceAddress":"172.18.39.5","tags":["mordorDataset"],"Hostname":"WORKSTATION5.theshire.local"}
{"Keywords":-9214364837600034816,"SeverityValue":2,"Application":"System","EventID":5158,"ProviderGuid":"{54849625-5478-4994-A5BA-3E3B0328C30D}","ExecutionProcessID":4,"Channel":"security","host":"wec.internal.cloudapp.net","EventReceivedTime":"2020-09-22 14:53:32","ProcessId":"4","ThreadID":1728,"EventType":"AUDIT_SUCCESS","Opcode":"Info","EventTime":"2020-09-22 14:53:30","Message":"The Windows Filtering Platform has permitted a bind to a local port.\r\n\r\nApplication Information:\r\n\tProcess ID:\t\t4\r\n\tApplication Name:\tSystem\r\n\r\nNetwork Information:\r\n\tSource Address:\t\t0.0.0.0\r\n\tSource Port:\t\t62782\r\n\tProtocol:\t\t6\r\n\r\nFilter Information:\r\n\tFilter Run-Time ID:\t0\r\n\tLayer Name:\t\tResource Assignment\r\n\tLayer Run-Time ID:\t36","FilterRTID":"0","@timestamp":"2020-09-22T18:53:32.356Z","LayerRTID":"36","SourceModuleType":"im_msvistalog","port":64545,"RecordNumber":854185,"Task":12810,"Protocol":"6","@version":"1","OpcodeValue":0,"SourcePort":"62782","SourceModuleName":"eventlog","Severity":"INFO","SourceName":"Microsoft-Windows-Security-Auditing","Version":0,"LayerName":"%%14608","Category":"Filtering Platform Connection","SourceAddress":"0.0.0.0","tags":["mordorDataset"],"Hostname":"WORKSTATION5.theshire.local"}
{"Keywords":-9223372036854775808,"SeverityValue":2,"TargetObject":"HKLM\\SOFTWARE\\Microsoft\\EnterpriseCertificates\\CA\\CTLs","EventTypeOrignal":"INFO","EventID":12,"ProviderGuid":"{5770385F-C22A-43E0-BF4C-06F5698FFBD9}","ExecutionProcessID":3392,"host":"wec.internal.cloudapp.net","Channel":"Microsoft-Windows-Sysmon/Operational","UserID":"S-1-5-18","AccountType":"User","ThreadID":5552,"ProcessGuid":"{d273d0f0-e865-5f64-0d00-000000000800}","EventReceivedTime":"2020-09-22 14:53:32","Opcode":"Info","EventTime":"2020-09-22 14:53:30","@timestamp":"2020-09-22T18:53:32.356Z","SourceModuleType":"im_msvistalog","port":64545,"AccountName":"SYSTEM","RecordNumber":3956743,"Task":12,"Domain":"NT AUTHORITY","@version":"1","OpcodeValue":0,"SourceModuleName":"eventlog","Severity":"INFO","SourceName":"Microsoft-Windows-Sysmon","Version":2,"Image":"C:\\windows\\system32\\lsass.exe","Category":"Registry object added or deleted (rule: RegistryEvent)","UtcTime":"2020-09-22 18:53:30.848","Hostname":"WORKSTATION6.theshire.local","RuleName":"-","tags":["mordorDataset"]}
{"Keywords":-9214364837600034816,"SeverityValue":2,"Application":"System","EventID":5156,"ProviderGuid":"{54849625-5478-4994-A5BA-3E3B0328C30D}","ExecutionProcessID":4,"Channel":"security","host":"wec.internal.cloudapp.net","EventReceivedTime":"2020-09-22 14:53:32","ProcessId":"4","ThreadID":1728,"EventType":"AUDIT_SUCCESS","Opcode":"Info","EventTime":"2020-09-22 14:53:30","Message":"The Windows Filtering Platform has permitted a connection.\r\n\r\nApplication Information:\r\n\tProcess ID:\t\t4\r\n\tApplication Name:\tSystem\r\n\r\nNetwork Information:\r\n\tDirection:\t\tOutbound\r\n\tSource Address:\t\t172.18.39.5\r\n\tSource Port:\t\t62782\r\n\tDestination Address:\t172.18.39.6\r\n\tDestination Port:\t\t445\r\n\tProtocol:\t\t6\r\n\r\nFilter Information:\r\n\tFilter Run-Time ID:\t79456\r\n\tLayer Name:\t\tConnect\r\n\tLayer Run-Time ID:\t48","FilterRTID":"79456","RemoteUserID":"S-1-0-0","@timestamp":"2020-09-22T18:53:32.357Z","LayerRTID":"48","SourceModuleType":"im_msvistalog","port":64545,"RecordNumber":854186,"Task":12810,"Direction":"%%14593","@version":"1","OpcodeValue":0,"SourcePort":"62782","DestPort":"445","Protocol":"6","SourceModuleName":"eventlog","Severity":"INFO","DestAddress":"172.18.39.6","SourceName":"Microsoft-Windows-Security-Auditing","Version":1,"LayerName":"%%14611","RemoteMachineID":"S-1-0-0","Category":"Filtering Platform Connection","SourceAddress":"172.18.39.5","tags":["mordorDataset"],"Hostname":"WORKSTATION5.theshire.local"}
{"Keywords":-9214364837600034816,"SeverityValue":2,"Application":"\\device\\harddiskvolume2\\windows\\system32\\lsass.exe","EventID":5158,"ProviderGuid":"{54849625-5478-4994-A5BA-3E3B0328C30D}","ExecutionProcessID":4,"Channel":"security","host":"wec.internal.cloudapp.net","EventReceivedTime":"2020-09-22 14:53:32","ProcessId":"744","ThreadID":6772,"EventType":"AUDIT_SUCCESS","Opcode":"Info","EventTime":"2020-09-22 14:53:30","Message":"The Windows Filtering Platform has permitted a bind to a local port.\r\n\r\nApplication Information:\r\n\tProcess ID:\t\t744\r\n\tApplication Name:\t\\device\\harddiskvolume2\\windows\\system32\\lsass.exe\r\n\r\nNetwork Information:\r\n\tSource Address:\t\t0.0.0.0\r\n\tSource Port:\t\t62783\r\n\tProtocol:\t\t6\r\n\r\nFilter Information:\r\n\tFilter Run-Time ID:\t0\r\n\tLayer Name:\t\tResource Assignment\r\n\tLayer Run-Time ID:\t36","FilterRTID":"0","@timestamp":"2020-09-22T18:53:32.357Z","LayerRTID":"36","SourceModuleType":"im_msvistalog","port":64545,"RecordNumber":854187,"Task":12810,"Protocol":"6","@version":"1","OpcodeValue":0,"SourcePort":"62783","SourceModuleName":"eventlog","Severity":"INFO","SourceName":"Microsoft-Windows-Security-Auditing","Version":0,"LayerName":"%%14608","Category":"Filtering Platform Connection","SourceAddress":"0.0.0.0","tags":["mordorDataset"],"Hostname":"WORKSTATION5.theshire.local"}
{"Keywords":-9214364837600034816,"SeverityValue":2,"Application":"\\device\\harddiskvolume2\\windows\\system32\\lsass.exe","EventID":5156,"ProviderGuid":"{54849625-5478-4994-A5BA-3E3B0328C30D}","ExecutionProcessID":4,"Channel":"security","host":"wec.internal.cloudapp.net","EventReceivedTime":"2020-09-22 14:53:32","ProcessId":"744","ThreadID":6772,"EventType":"AUDIT_SUCCESS","Opcode":"Info","EventTime":"2020-09-22 14:53:30","Message":"The Windows Filtering Platform has permitted a connection.\r\n\r\nApplication Information:\r\n\tProcess ID:\t\t744\r\n\tApplication Name:\t\\device\\harddiskvolume2\\windows\\system32\\lsass.exe\r\n\r\nNetwork Information:\r\n\tDirection:\t\tOutbound\r\n\tSource Address:\t\t172.18.39.5\r\n\tSource Port:\t\t62783\r\n\tDestination Address:\t172.18.38.5\r\n\tDestination Port:\t\t88\r\n\tProtocol:\t\t6\r\n\r\nFilter Information:\r\n\tFilter Run-Time ID:\t79456\r\n\tLayer Name:\t\tConnect\r\n\tLayer Run-Time ID:\t48","FilterRTID":"79456","RemoteUserID":"S-1-0-0","@timestamp":"2020-09-22T18:53:32.358Z","LayerRTID":"48","SourceModuleType":"im_msvistalog","port":64545,"RecordNumber":854188,"Task":12810,"Direction":"%%14593","@version":"1","OpcodeValue":0,"SourcePort":"62783","DestPort":"88","Protocol":"6","SourceModuleName":"eventlog","Severity":"INFO","DestAddress":"172.18.38.5","SourceName":"Microsoft-Windows-Security-Auditing","Version":1,"LayerName":"%%14611","RemoteMachineID":"S-1-0-0","Category":"Filtering Platform Connection","SourceAddress":"172.18.39.5","tags":["mordorDataset"],"Hostname":"WORKSTATION5.theshire.local"}
{"Keywords":-9223372036854775808,"SeverityValue":2,"TargetObject":"HKU\\.DEFAULT\\Software\\Microsoft\\SystemCertificates\\Disallowed","EventTypeOrignal":"INFO","EventID":12,"ProviderGuid":"{5770385F-C22A-43E0-BF4C-06F5698FFBD9}","ExecutionProcessID":3392,"host":"wec.internal.cloudapp.net","Channel":"Microsoft-Windows-Sysmon/Operational","UserID":"S-1-5-18","AccountType":"User","ThreadID":5552,"ProcessGuid":"{d273d0f0-e865-5f64-0d00-000000000800}","EventReceivedTime":"2020-09-22 14:53:32","Opcode":"Info","EventTime":"2020-09-22 14:53:30","@timestamp":"2020-09-22T18:53:32.358Z","SourceModuleType":"im_msvistalog","port":64545,"AccountName":"SYSTEM","RecordNumber":3956744,"Task":12,"Domain":"NT AUTHORITY","@version":"1","OpcodeValue":0,"SourceModuleName":"eventlog","Severity":"INFO","SourceName":"Microsoft-Windows-Sysmon","Version":2,"Image":"C:\\windows\\system32\\lsass.exe","Category":"Registry object added or deleted (rule: RegistryEvent)","UtcTime":"2020-09-22 18:53:30.848","Hostname":"WORKSTATION6.theshire.local","RuleName":"-","tags":["mordorDataset"]}
{"Keywords":-9223372036854775808,"SeverityValue":2,"TargetObject":"HKU\\.DEFAULT\\Software\\Microsoft\\SystemCertificates\\Disallowed","EventTypeOrignal":"INFO","EventID":12,"ProviderGuid":"{5770385F-C22A-43E0-BF4C-06F5698FFBD9}","ExecutionProcessID":3392,"host":"wec.internal.cloudapp.net","Channel":"Microsoft-Windows-Sysmon/Operational","UserID":"S-1-5-18","AccountType":"User","ThreadID":5552,"ProcessGuid":"{d273d0f0-e865-5f64-0d00-000000000800}","EventReceivedTime":"2020-09-22 14:53:32","Opcode":"Info","EventTime":"2020-09-22 14:53:30","@timestamp":"2020-09-22T18:53:32.358Z","SourceModuleType":"im_msvistalog","port":64545,"AccountName":"SYSTEM","RecordNumber":3956745,"Task":12,"Domain":"NT AUTHORITY","@version":"1","OpcodeValue":0,"SourceModuleName":"eventlog","Severity":"INFO","SourceName":"Microsoft-Windows-Sysmon","Version":2,"Image":"C:\\windows\\system32\\lsass.exe","Category":"Registry object added or deleted (rule: RegistryEvent)","UtcTime":"2020-09-22 18:53:30.864","Hostname":"WORKSTATION6.theshire.local","RuleName":"-","tags":["mordorDataset"]}
{"Keywords":-9223372036854775808,"SeverityValue":2,"TargetObject":"HKU\\.DEFAULT\\Software\\Microsoft\\SystemCertificates\\Disallowed\\Certificates","EventTypeOrignal":"INFO","EventID":12,"ProviderGuid":"{5770385F-C22A-43E0-BF4C-06F5698FFBD9}","ExecutionProcessID":3392,"host":"wec.internal.cloudapp.net","Channel":"Microsoft-Windows-Sysmon/Operational","UserID":"S-1-5-18","AccountType":"User","ThreadID":5552,"ProcessGuid":"{d273d0f0-e865-5f64-0d00-000000000800}","EventReceivedTime":"2020-09-22 14:53:32","Opcode":"Info","EventTime":"2020-09-22 14:53:30","@timestamp":"2020-09-22T18:53:32.359Z","SourceModuleType":"im_msvistalog","port":64545,"AccountName":"SYSTEM","RecordNumber":3956746,"Task":12,"Domain":"NT AUTHORITY","@version":"1","OpcodeValue":0,"SourceModuleName":"eventlog","Severity":"INFO","SourceName":"Microsoft-Windows-Sysmon","Version":2,"Image":"C:\\windows\\system32\\lsass.exe","Category":"Registry object added or deleted (rule: RegistryEvent)","UtcTime":"2020-09-22 18:53:30.864","Hostname":"WORKSTATION6.theshire.local","RuleName":"-","tags":["mordorDataset"]}
{"Keywords":-9223372036854775808,"SeverityValue":2,"TargetObject":"HKU\\.DEFAULT\\Software\\Microsoft\\SystemCertificates\\Disallowed\\CRLs","EventTypeOrignal":"INFO","EventID":12,"ProviderGuid":"{5770385F-C22A-43E0-BF4C-06F5698FFBD9}","ExecutionProcessID":3392,"host":"wec.internal.cloudapp.net","Channel":"Microsoft-Windows-Sysmon/Operational","UserID":"S-1-5-18","AccountType":"User","ThreadID":5552,"ProcessGuid":"{d273d0f0-e865-5f64-0d00-000000000800}","EventReceivedTime":"2020-09-22 14:53:32","Opcode":"Info","EventTime":"2020-09-22 14:53:30","@timestamp":"2020-09-22T18:53:32.359Z","SourceModuleType":"im_msvistalog","port":64545,"AccountName":"SYSTEM","RecordNumber":3956747,"Task":12,"Domain":"NT AUTHORITY","@version":"1","OpcodeValue":0,"SourceModuleName":"eventlog","Severity":"INFO","SourceName":"Microsoft-Windows-Sysmon","Version":2,"Image":"C:\\windows\\system32\\lsass.exe","Category":"Registry object added or deleted (rule: RegistryEvent)","UtcTime":"2020-09-22 18:53:30.864","Hostname":"WORKSTATION6.theshire.local","RuleName":"-","tags":["mordorDataset"]}
{"Keywords":-9223372036854775808,"SeverityValue":2,"TargetObject":"HKU\\.DEFAULT\\Software\\Microsoft\\SystemCertificates\\Disallowed\\CTLs","EventTypeOrignal":"INFO","EventID":12,"ProviderGuid":"{5770385F-C22A-43E0-BF4C-06F5698FFBD9}","ExecutionProcessID":3392,"host":"wec.internal.cloudapp.net","Channel":"Microsoft-Windows-Sysmon/Operational","UserID":"S-1-5-18","AccountType":"User","ThreadID":5552,"ProcessGuid":"{d273d0f0-e865-5f64-0d00-000000000800}","EventReceivedTime":"2020-09-22 14:53:32","Opcode":"Info","EventTime":"2020-09-22 14:53:30","@timestamp":"2020-09-22T18:53:32.359Z","SourceModuleType":"im_msvistalog","port":64545,"AccountName":"SYSTEM","RecordNumber":3956748,"Task":12,"Domain":"NT AUTHORITY","@version":"1","OpcodeValue":0,"SourceModuleName":"eventlog","Severity":"INFO","SourceName":"Microsoft-Windows-Sysmon","Version":2,"Image":"C:\\windows\\system32\\lsass.exe","Category":"Registry object added or deleted (rule: RegistryEvent)","UtcTime":"2020-09-22 18:53:30.864","Hostname":"WORKSTATION6.theshire.local","RuleName":"-","tags":["mordorDataset"]}
{"Keywords":-9223372036854775808,"SeverityValue":2,"TargetObject":"HKU\\.DEFAULT\\Software\\Policies\\Microsoft\\SystemCertificates\\Disallowed","EventTypeOrignal":"INFO","EventID":12,"ProviderGuid":"{5770385F-C22A-43E0-BF4C-06F5698FFBD9}","ExecutionProcessID":3392,"host":"wec.internal.cloudapp.net","Channel":"Microsoft-Windows-Sysmon/Operational","UserID":"S-1-5-18","AccountType":"User","ThreadID":5552,"ProcessGuid":"{d273d0f0-e865-5f64-0d00-000000000800}","EventReceivedTime":"2020-09-22 14:53:32","Opcode":"Info","EventTime":"2020-09-22 14:53:30","@timestamp":"2020-09-22T18:53:32.359Z","SourceModuleType":"im_msvistalog","port":64545,"AccountName":"SYSTEM","RecordNumber":3956749,"Task":12,"Domain":"NT AUTHORITY","@version":"1","OpcodeValue":0,"SourceModuleName":"eventlog","Severity":"INFO","SourceName":"Microsoft-Windows-Sysmon","Version":2,"Image":"C:\\windows\\system32\\lsass.exe","Category":"Registry object added or deleted (rule: RegistryEvent)","UtcTime":"2020-09-22 18:53:30.864","Hostname":"WORKSTATION6.theshire.local","RuleName":"-","tags":["mordorDataset"]}
{"Keywords":-9223372036854775808,"SeverityValue":2,"TargetObject":"HKU\\.DEFAULT\\Software\\Policies\\Microsoft\\SystemCertificates\\Disallowed\\Certificates","EventTypeOrignal":"INFO","EventID":12,"ProviderGuid":"{5770385F-C22A-43E0-BF4C-06F5698FFBD9}","ExecutionProcessID":3392,"host":"wec.internal.cloudapp.net","Channel":"Microsoft-Windows-Sysmon/Operational","UserID":"S-1-5-18","AccountType":"User","ThreadID":5552,"ProcessGuid":"{d273d0f0-e865-5f64-0d00-000000000800}","EventReceivedTime":"2020-09-22 14:53:32","Opcode":"Info","EventTime":"2020-09-22 14:53:30","@timestamp":"2020-09-22T18:53:32.360Z","SourceModuleType":"im_msvistalog","port":64545,"AccountName":"SYSTEM","RecordNumber":3956750,"Task":12,"Domain":"NT AUTHORITY","@version":"1","OpcodeValue":0,"SourceModuleName":"eventlog","Severity":"INFO","SourceName":"Microsoft-Windows-Sysmon","Version":2,"Image":"C:\\windows\\system32\\lsass.exe","Category":"Registry object added or deleted (rule: RegistryEvent)","UtcTime":"2020-09-22 18:53:30.864","Hostname":"WORKSTATION6.theshire.local","RuleName":"-","tags":["mordorDataset"]}
{"Keywords":-9223372036854775808,"SeverityValue":2,"TargetObject":"HKU\\.DEFAULT\\Software\\Policies\\Microsoft\\SystemCertificates\\Disallowed\\CRLs","EventTypeOrignal":"INFO","EventID":12,"ProviderGuid":"{5770385F-C22A-43E0-BF4C-06F5698FFBD9}","ExecutionProcessID":3392,"host":"wec.internal.cloudapp.net","Channel":"Microsoft-Windows-Sysmon/Operational","UserID":"S-1-5-18","AccountType":"User","ThreadID":5552,"ProcessGuid":"{d273d0f0-e865-5f64-0d00-000000000800}","EventReceivedTime":"2020-09-22 14:53:32","Opcode":"Info","EventTime":"2020-09-22 14:53:30","@timestamp":"2020-09-22T18:53:32.367Z","SourceModuleType":"im_msvistalog","port":64545,"AccountName":"SYSTEM","RecordNumber":3956751,"Task":12,"Domain":"NT AUTHORITY","@version":"1","OpcodeValue":0,"SourceModuleName":"eventlog","Severity":"INFO","SourceName":"Microsoft-Windows-Sysmon","Version":2,"Image":"C:\\windows\\system32\\lsass.exe","Category":"Registry object added or deleted (rule: RegistryEvent)","UtcTime":"2020-09-22 18:53:30.864","Hostname":"WORKSTATION6.theshire.local","RuleName":"-","tags":["mordorDataset"]}
{"Keywords":-9223372036854775808,"SeverityValue":2,"TargetObject":"HKU\\.DEFAULT\\Software\\Policies\\Microsoft\\SystemCertificates\\Disallowed\\CTLs","EventTypeOrignal":"INFO","EventID":12,"ProviderGuid":"{5770385F-C22A-43E0-BF4C-06F5698FFBD9}","ExecutionProcessID":3392,"host":"wec.internal.cloudapp.net","Channel":"Microsoft-Windows-Sysmon/Operational","UserID":"S-1-5-18","AccountType":"User","ThreadID":5552,"ProcessGuid":"{d273d0f0-e865-5f64-0d00-000000000800}","EventReceivedTime":"2020-09-22 14:53:32","Opcode":"Info","EventTime":"2020-09-22 14:53:30","@timestamp":"2020-09-22T18:53:32.367Z","SourceModuleType":"im_msvistalog","port":64545,"AccountName":"SYSTEM","RecordNumber":3956752,"Task":12,"Domain":"NT AUTHORITY","@version":"1","OpcodeValue":0,"SourceModuleName":"eventlog","Severity":"INFO","SourceName":"Microsoft-Windows-Sysmon","Version":2,"Image":"C:\\windows\\system32\\lsass.exe","Category":"Registry object added or deleted (rule: RegistryEvent)","UtcTime":"2020-09-22 18:53:30.864","Hostname":"WORKSTATION6.theshire.local","RuleName":"-","tags":["mordorDataset"]}
{"Keywords":-9223372036854775808,"SeverityValue":2,"TargetObject":"HKLM\\SOFTWARE\\Microsoft\\SystemCertificates\\Disallowed","EventTypeOrignal":"INFO","EventID":12,"ProviderGuid":"{5770385F-C22A-43E0-BF4C-06F5698FFBD9}","ExecutionProcessID":3392,"host":"wec.internal.cloudapp.net","Channel":"Microsoft-Windows-Sysmon/Operational","UserID":"S-1-5-18","AccountType":"User","ThreadID":5552,"ProcessGuid":"{d273d0f0-e865-5f64-0d00-000000000800}","EventReceivedTime":"2020-09-22 14:53:32","Opcode":"Info","EventTime":"2020-09-22 14:53:30","@timestamp":"2020-09-22T18:53:32.367Z","SourceModuleType":"im_msvistalog","port":64545,"AccountName":"SYSTEM","RecordNumber":3956753,"Task":12,"Domain":"NT AUTHORITY","@version":"1","OpcodeValue":0,"SourceModuleName":"eventlog","Severity":"INFO","SourceName":"Microsoft-Windows-Sysmon","Version":2,"Image":"C:\\windows\\system32\\lsass.exe","Category":"Registry object added or deleted (rule: RegistryEvent)","UtcTime":"2020-09-22 18:53:30.864","Hostname":"WORKSTATION6.theshire.local","RuleName":"-","tags":["mordorDataset"]}
