{"Version":1,"EventReceivedTime":"2019-12-04 23:42:35","SourceAddress":"::1","type":"nxlog-mordor","DestPort":"53","host":"ip-172-18-39-102.ec2.internal","Channel":"Security","RemoteMachineID":"S-1-0-0","RecordNumber":88341,"Category":"Filtering Platform Connection","port":49730,"ProviderGuid":"{54849625-5478-4994-A5BA-3E3B0328C30D}","Application":"\\device\\harddiskvolume1\\windows\\system32\\dns.exe","EventID":5156,"EventType":"AUDIT_SUCCESS","Direction":"%%14592","DestAddress":"::1","SourcePort":"55434","SourceName":"Microsoft-Windows-Security-Auditing","OpcodeValue":0,"Message":"The Windows Filtering Platform has permitted a connection.\r\n\r\nApplication Information:\r\n\tProcess ID:\t\t3068\r\n\tApplication Name:\t\\device\\harddiskvolume1\\windows\\system32\\dns.exe\r\n\r\nNetwork Information:\r\n\tDirection:\t\tInbound\r\n\tSource Address:\t\t::1\r\n\tSource Port:\t\t55434\r\n\tDestination Address:\t::1\r\n\tDestination Port:\t\t53\r\n\tProtocol:\t\t17\r\n\r\nFilter Information:\r\n\tFilter Run-Time ID:\t65853\r\n\tLayer Name:\t\tReceive/Accept\r\n\tLayer Run-Time ID:\t46","LayerName":"%%14610","Task":12810,"Severity":"INFO","Keywords":-9214364837600034816,"LayerRTID":"46","@timestamp":"2019-12-05T04:42:35.795Z","EventTime":"2019-12-04 23:42:33","SeverityValue":2,"ProcessID":4,"ThreadID":2448,"Opcode":"Info","Protocol":"17","RemoteUserID":"S-1-0-0","SourceModuleType":"im_msvistalog","Hostname":"HFDC01.shire.com","SourceModuleName":"eventlog","FilterRTID":"65853","@version":"1"}
{"Version":2,"EventReceivedTime":"2019-12-04 23:42:35","Image":"C:\\Program Files\\Amazon\\cfn-bootstrap\\winhup.exe","type":"nxlog-mordor","host":"ip-172-18-39-102.ec2.internal","Channel":"Microsoft-Windows-Sysmon/Operational","RecordNumber":102343,"port":49730,"ProviderGuid":"{5770385F-C22A-43E0-BF4C-06F5698FFBD9}","CreationUtcTime":"2019-12-04 23:47:19.884","EventID":11,"EventType":"INFO","UtcTime":"2019-12-05 04:42:33.384","UserID":"S-1-5-18","ProcessGuid":"{d14e8c55-47c8-5de8-0000-001098f50100}","SourceName":"Microsoft-Windows-Sysmon","Domain":"NT AUTHORITY","AccountType":"User","OpcodeValue":0,"Message":"File created:\r\nRuleName: \r\nUtcTime: 2019-12-05 04:42:33.384\r\nProcessGuid: {d14e8c55-47c8-5de8-0000-001098f50100}\r\nProcessId: 2980\r\nImage: C:\\Program Files\\Amazon\\cfn-bootstrap\\winhup.exe\r\nTargetFilename: C:\\cfn\\cfn-hup\\data\\metadata_db.json\r\nCreationUtcTime: 2019-12-04 23:47:19.884","Task":11,"Severity":"INFO","Keywords":-9223372036854775808,"@timestamp":"2019-12-05T04:42:35.796Z","EventTime":"2019-12-04 23:42:33","SeverityValue":2,"ProcessID":2644,"ThreadID":3664,"AccountName":"SYSTEM","TargetFilename":"C:\\cfn\\cfn-hup\\data\\metadata_db.json","SourceModuleType":"im_msvistalog","Hostname":"HFDC01.shire.com","SourceModuleName":"eventlog","@version":"1"}
{"Version":0,"EventReceivedTime":"2019-12-04 23:42:35","SourceAddress":"0.0.0.0","type":"nxlog-mordor","host":"ip-172-18-39-102.ec2.internal","Channel":"Security","RecordNumber":88334,"Category":"Filtering Platform Connection","port":49730,"ProviderGuid":"{54849625-5478-4994-A5BA-3E3B0328C30D}","Application":"\\device\\harddiskvolume1\\program files\\amazon\\cfn-bootstrap\\winhup.exe","EventID":5158,"EventType":"AUDIT_SUCCESS","SourcePort":"49596","SourceName":"Microsoft-Windows-Security-Auditing","OpcodeValue":0,"Message":"The Windows Filtering Platform has permitted a bind to a local port.\r\n\r\nApplication Information:\r\n\tProcess ID:\t\t2980\r\n\tApplication Name:\t\\device\\harddiskvolume1\\program files\\amazon\\cfn-bootstrap\\winhup.exe\r\n\r\nNetwork Information:\r\n\tSource Address:\t\t0.0.0.0\r\n\tSource Port:\t\t49596\r\n\tProtocol:\t\t6\r\n\r\nFilter Information:\r\n\tFilter Run-Time ID:\t0\r\n\tLayer Name:\t\tResource Assignment\r\n\tLayer Run-Time ID:\t36","LayerName":"%%14608","Task":12810,"Severity":"INFO","Keywords":-9214364837600034816,"LayerRTID":"36","@timestamp":"2019-12-05T04:42:35.794Z","EventTime":"2019-12-04 23:42:33","SeverityValue":2,"ProcessID":4,"ThreadID":2448,"Opcode":"Info","Protocol":"6","SourceModuleType":"im_msvistalog","Hostname":"HFDC01.shire.com","SourceModuleName":"eventlog","FilterRTID":"0","@version":"1"}
{"Version":0,"EventReceivedTime":"2019-12-04 23:42:35","SourceAddress":"::","type":"nxlog-mordor","host":"ip-172-18-39-102.ec2.internal","Channel":"Security","RecordNumber":88338,"Category":"Filtering Platform Connection","port":49730,"ProviderGuid":"{54849625-5478-4994-A5BA-3E3B0328C30D}","Application":"\\device\\harddiskvolume1\\windows\\system32\\svchost.exe","EventID":5158,"EventType":"AUDIT_SUCCESS","SourcePort":"55434","SourceName":"Microsoft-Windows-Security-Auditing","OpcodeValue":0,"Message":"The Windows Filtering Platform has permitted a bind to a local port.\r\n\r\nApplication Information:\r\n\tProcess ID:\t\t1264\r\n\tApplication Name:\t\\device\\harddiskvolume1\\windows\\system32\\svchost.exe\r\n\r\nNetwork Information:\r\n\tSource Address:\t\t::\r\n\tSource Port:\t\t55434\r\n\tProtocol:\t\t17\r\n\r\nFilter Information:\r\n\tFilter Run-Time ID:\t0\r\n\tLayer Name:\t\tResource Assignment\r\n\tLayer Run-Time ID:\t36","LayerName":"%%14608","Task":12810,"Severity":"INFO","Keywords":-9214364837600034816,"LayerRTID":"36","@timestamp":"2019-12-05T04:42:35.795Z","EventTime":"2019-12-04 23:42:33","SeverityValue":2,"ProcessID":4,"ThreadID":2448,"Opcode":"Info","Protocol":"17","SourceModuleType":"im_msvistalog","Hostname":"HFDC01.shire.com","SourceModuleName":"eventlog","FilterRTID":"0","@version":"1"}
{"Version":1,"EventReceivedTime":"2019-12-04 23:42:35","SourceAddress":"172.18.39.5","type":"nxlog-mordor","DestPort":"53","host":"ip-172-18-39-102.ec2.internal","Channel":"Security","RemoteMachineID":"S-1-0-0","RecordNumber":88342,"Category":"Filtering Platform Connection","port":49730,"ProviderGuid":"{54849625-5478-4994-A5BA-3E3B0328C30D}","Application":"\\device\\harddiskvolume1\\windows\\system32\\dns.exe","EventID":5156,"EventType":"AUDIT_SUCCESS","Direction":"%%14593","DestAddress":"172.18.0.2","SourcePort":"60441","SourceName":"Microsoft-Windows-Security-Auditing","OpcodeValue":0,"Message":"The Windows Filtering Platform has permitted a connection.\r\n\r\nApplication Information:\r\n\tProcess ID:\t\t3068\r\n\tApplication Name:\t\\device\\harddiskvolume1\\windows\\system32\\dns.exe\r\n\r\nNetwork Information:\r\n\tDirection:\t\tOutbound\r\n\tSource Address:\t\t172.18.39.5\r\n\tSource Port:\t\t60441\r\n\tDestination Address:\t172.18.0.2\r\n\tDestination Port:\t\t53\r\n\tProtocol:\t\t17\r\n\r\nFilter Information:\r\n\tFilter Run-Time ID:\t67455\r\n\tLayer Name:\t\tConnect\r\n\tLayer Run-Time ID:\t48","LayerName":"%%14611","Task":12810,"Severity":"INFO","Keywords":-9214364837600034816,"LayerRTID":"48","@timestamp":"2019-12-05T04:42:35.796Z","EventTime":"2019-12-04 23:42:33","SeverityValue":2,"ProcessID":4,"ThreadID":2448,"Opcode":"Info","Protocol":"17","RemoteUserID":"S-1-0-0","SourceModuleType":"im_msvistalog","Hostname":"HFDC01.shire.com","SourceModuleName":"eventlog","FilterRTID":"67455","@version":"1"}
{"Version":3,"GrantedAccess":"0x1400","EventReceivedTime":"2019-12-04 23:42:35","type":"nxlog-mordor","SourceImage":"C:\\Windows\\System32\\svchost.exe","host":"ip-172-18-39-102.ec2.internal","Channel":"Microsoft-Windows-Sysmon/Operational","RecordNumber":155651,"SourceProcessId":"3612","port":49730,"ProviderGuid":"{5770385F-C22A-43E0-BF4C-06F5698FFBD9}","CallTrace":"C:\\Windows\\SYSTEM32\\ntdll.dll+9c524|C:\\Windows\\System32\\KERNELBASE.dll+2730e|c:\\windows\\system32\\rasmans.dll+3751b|c:\\windows\\system32\\rasmans.dll+36fad|c:\\windows\\system32\\rasmans.dll+10ed8|c:\\windows\\system32\\rasmans.dll+33cd5|C:\\Windows\\System32\\svchost.exe+314c|C:\\Windows\\System32\\sechost.dll+2de2|C:\\Windows\\System32\\KERNEL32.DLL+17944|C:\\Windows\\SYSTEM32\\ntdll.dll+6ce71","EventID":10,"EventType":"INFO","TargetProcessGUID":"{a158f72c-4a97-5de8-0000-001047070200}","UtcTime":"2019-12-05 04:42:33.937","UserID":"S-1-5-18","SourceThreadId":"3732","SourceName":"Microsoft-Windows-Sysmon","Domain":"NT AUTHORITY","AccountType":"User","OpcodeValue":0,"Message":"Process accessed:\r\nRuleName: \r\nUtcTime: 2019-12-05 04:42:33.937\r\nSourceProcessGUID: {a158f72c-4a98-5de8-0000-0010385b0200}\r\nSourceProcessId: 3612\r\nSourceThreadId: 3732\r\nSourceImage: C:\\Windows\\System32\\svchost.exe\r\nTargetProcessGUID: {a158f72c-4a97-5de8-0000-001047070200}\r\nTargetProcessId: 2680\r\nTargetImage: C:\\Program Files\\Amazon\\Ec2ConfigService\\Ec2Config.exe\r\nGrantedAccess: 0x1400\r\nCallTrace: C:\\Windows\\SYSTEM32\\ntdll.dll+9c524|C:\\Windows\\System32\\KERNELBASE.dll+2730e|c:\\windows\\system32\\rasmans.dll+3751b|c:\\windows\\system32\\rasmans.dll+36fad|c:\\windows\\system32\\rasmans.dll+10ed8|c:\\windows\\system32\\rasmans.dll+33cd5|C:\\Windows\\System32\\svchost.exe+314c|C:\\Windows\\System32\\sechost.dll+2de2|C:\\Windows\\System32\\KERNEL32.DLL+17944|C:\\Windows\\SYSTEM32\\ntdll.dll+6ce71","Task":10,"Severity":"INFO","Keywords":-9223372036854775808,"@timestamp":"2019-12-05T04:42:35.797Z","EventTime":"2019-12-04 23:42:33","SeverityValue":2,"ProcessID":3148,"ThreadID":4772,"AccountName":"SYSTEM","TargetImage":"C:\\Program Files\\Amazon\\Ec2ConfigService\\Ec2Config.exe","SourceModuleType":"im_msvistalog","Hostname":"ACCT001.shire.com","SourceModuleName":"eventlog","SourceProcessGUID":"{a158f72c-4a98-5de8-0000-0010385b0200}","TargetProcessId":"2680","@version":"1"}
{"Channel":"Microsoft-Windows-Sysmon/Operational","RecordNumber":102345,"ProviderGuid":"{5770385F-C22A-43E0-BF4C-06F5698FFBD9}","User":"NT AUTHORITY\\SYSTEM","DestinationIp":"169.254.169.254","SourceName":"Microsoft-Windows-Sysmon","Domain":"NT AUTHORITY","AccountType":"User","OpcodeValue":0,"Message":"Network connection detected:\r\nRuleName: \r\nUtcTime: 2019-12-05 04:42:33.334\r\nProcessGuid: {d14e8c55-47c8-5de8-0000-001098f50100}\r\nProcessId: 2980\r\nImage: C:\\Program Files\\Amazon\\cfn-bootstrap\\winhup.exe\r\nUser: NT AUTHORITY\\SYSTEM\r\nProtocol: tcp\r\nInitiated: true\r\nSourceIsIpv6: false\r\nSourceIp: 172.18.39.5\r\nSourceHostname: HFDC01.shire.com\r\nSourcePort: 49597\r\nSourcePortName: \r\nDestinationIsIpv6: false\r\nDestinationIp: 169.254.169.254\r\nDestinationHostname: instance-data.ec2.internal\r\nDestinationPort: 80\r\nDestinationPortName: http","ProcessID":2644,"SeverityValue":2,"SourceModuleType":"im_msvistalog","DestinationPort":"80","@version":"1","Version":5,"EventReceivedTime":"2019-12-04 23:42:36","Image":"C:\\Program Files\\Amazon\\cfn-bootstrap\\winhup.exe","type":"nxlog-mordor","host":"ip-172-18-39-102.ec2.internal","DestinationPortName":"http","port":49730,"EventID":3,"EventType":"INFO","SourceHostname":"HFDC01.shire.com","SourceIp":"172.18.39.5","UtcTime":"2019-12-05 04:42:33.334","UserID":"S-1-5-18","ProcessGuid":"{d14e8c55-47c8-5de8-0000-001098f50100}","SourcePort":"49597","Task":3,"Severity":"INFO","Keywords":-9223372036854775808,"@timestamp":"2019-12-05T04:42:36.809Z","SourceIsIpv6":"false","EventTime":"2019-12-04 23:42:34","ThreadID":3616,"Protocol":"tcp","AccountName":"SYSTEM","Initiated":"true","DestinationIsIpv6":"false","DestinationHostname":"instance-data.ec2.internal","Hostname":"HFDC01.shire.com","SourceModuleName":"eventlog"}
{"Channel":"Microsoft-Windows-Sysmon/Operational","RecordNumber":102346,"ProviderGuid":"{5770385F-C22A-43E0-BF4C-06F5698FFBD9}","User":"NT AUTHORITY\\NETWORK SERVICE","DestinationIp":"0:0:0:0:0:0:0:1","SourceName":"Microsoft-Windows-Sysmon","Domain":"NT AUTHORITY","AccountType":"User","OpcodeValue":0,"Message":"Network connection detected:\r\nRuleName: \r\nUtcTime: 2019-12-05 04:42:33.337\r\nProcessGuid: {d14e8c55-47b8-5de8-0000-001029e30000}\r\nProcessId: 1264\r\nImage: C:\\Windows\\System32\\svchost.exe\r\nUser: NT AUTHORITY\\NETWORK SERVICE\r\nProtocol: udp\r\nInitiated: true\r\nSourceIsIpv6: true\r\nSourceIp: 0:0:0:0:0:0:0:1\r\nSourceHostname: HFDC01.shire.com\r\nSourcePort: 55434\r\nSourcePortName: \r\nDestinationIsIpv6: true\r\nDestinationIp: 0:0:0:0:0:0:0:1\r\nDestinationHostname: HFDC01.shire.com\r\nDestinationPort: 53\r\nDestinationPortName: domain","ProcessID":2644,"SeverityValue":2,"SourceModuleType":"im_msvistalog","DestinationPort":"53","@version":"1","Version":5,"EventReceivedTime":"2019-12-04 23:42:36","Image":"C:\\Windows\\System32\\svchost.exe","type":"nxlog-mordor","host":"ip-172-18-39-102.ec2.internal","DestinationPortName":"domain","port":49730,"EventID":3,"EventType":"INFO","SourceHostname":"HFDC01.shire.com","SourceIp":"0:0:0:0:0:0:0:1","UtcTime":"2019-12-05 04:42:33.337","UserID":"S-1-5-18","ProcessGuid":"{d14e8c55-47b8-5de8-0000-001029e30000}","SourcePort":"55434","Task":3,"Severity":"INFO","Keywords":-9223372036854775808,"@timestamp":"2019-12-05T04:42:36.810Z","SourceIsIpv6":"true","EventTime":"2019-12-04 23:42:34","ThreadID":3616,"Protocol":"udp","AccountName":"SYSTEM","Initiated":"true","DestinationIsIpv6":"true","DestinationHostname":"HFDC01.shire.com","Hostname":"HFDC01.shire.com","SourceModuleName":"eventlog"}
{"Channel":"Microsoft-Windows-Sysmon/Operational","RecordNumber":102347,"ProviderGuid":"{5770385F-C22A-43E0-BF4C-06F5698FFBD9}","User":"NT AUTHORITY\\SYSTEM","DestinationIp":"0:0:0:0:0:0:0:1","SourceName":"Microsoft-Windows-Sysmon","Domain":"NT AUTHORITY","AccountType":"User","OpcodeValue":0,"Message":"Network connection detected:\r\nRuleName: \r\nUtcTime: 2019-12-05 04:42:33.337\r\nProcessGuid: {d14e8c55-47c8-5de8-0000-00108af90100}\r\nProcessId: 3068\r\nImage: C:\\Windows\\System32\\dns.exe\r\nUser: NT AUTHORITY\\SYSTEM\r\nProtocol: udp\r\nInitiated: false\r\nSourceIsIpv6: true\r\nSourceIp: 0:0:0:0:0:0:0:1\r\nSourceHostname: HFDC01.shire.com\r\nSourcePort: 53\r\nSourcePortName: domain\r\nDestinationIsIpv6: true\r\nDestinationIp: 0:0:0:0:0:0:0:1\r\nDestinationHostname: HFDC01.shire.com\r\nDestinationPort: 55434\r\nDestinationPortName: ","ProcessID":2644,"SeverityValue":2,"SourceModuleType":"im_msvistalog","DestinationPort":"55434","@version":"1","Version":5,"EventReceivedTime":"2019-12-04 23:42:36","Image":"C:\\Windows\\System32\\dns.exe","type":"nxlog-mordor","host":"ip-172-18-39-102.ec2.internal","port":49730,"EventID":3,"EventType":"INFO","SourceHostname":"HFDC01.shire.com","SourceIp":"0:0:0:0:0:0:0:1","UtcTime":"2019-12-05 04:42:33.337","UserID":"S-1-5-18","ProcessGuid":"{d14e8c55-47c8-5de8-0000-00108af90100}","SourcePort":"53","Task":3,"Severity":"INFO","Keywords":-9223372036854775808,"@timestamp":"2019-12-05T04:42:36.810Z","SourceIsIpv6":"true","EventTime":"2019-12-04 23:42:34","ThreadID":3616,"Protocol":"udp","AccountName":"SYSTEM","Initiated":"false","DestinationIsIpv6":"true","DestinationHostname":"HFDC01.shire.com","Hostname":"HFDC01.shire.com","SourceModuleName":"eventlog","SourcePortName":"domain"}
{"Channel":"Microsoft-Windows-Sysmon/Operational","RecordNumber":102344,"ProviderGuid":"{5770385F-C22A-43E0-BF4C-06F5698FFBD9}","User":"NT AUTHORITY\\SYSTEM","DestinationIp":"169.254.169.254","SourceName":"Microsoft-Windows-Sysmon","Domain":"NT AUTHORITY","AccountType":"User","OpcodeValue":0,"Message":"Network connection detected:\r\nRuleName: \r\nUtcTime: 2019-12-05 04:42:33.331\r\nProcessGuid: {d14e8c55-47c8-5de8-0000-001098f50100}\r\nProcessId: 2980\r\nImage: C:\\Program Files\\Amazon\\cfn-bootstrap\\winhup.exe\r\nUser: NT AUTHORITY\\SYSTEM\r\nProtocol: tcp\r\nInitiated: true\r\nSourceIsIpv6: false\r\nSourceIp: 172.18.39.5\r\nSourceHostname: HFDC01.shire.com\r\nSourcePort: 49596\r\nSourcePortName: \r\nDestinationIsIpv6: false\r\nDestinationIp: 169.254.169.254\r\nDestinationHostname: instance-data.ec2.internal\r\nDestinationPort: 80\r\nDestinationPortName: http","ProcessID":2644,"SeverityValue":2,"SourceModuleType":"im_msvistalog","DestinationPort":"80","@version":"1","Version":5,"EventReceivedTime":"2019-12-04 23:42:36","Image":"C:\\Program Files\\Amazon\\cfn-bootstrap\\winhup.exe","type":"nxlog-mordor","host":"ip-172-18-39-102.ec2.internal","DestinationPortName":"http","port":49730,"EventID":3,"EventType":"INFO","SourceHostname":"HFDC01.shire.com","SourceIp":"172.18.39.5","UtcTime":"2019-12-05 04:42:33.331","UserID":"S-1-5-18","ProcessGuid":"{d14e8c55-47c8-5de8-0000-001098f50100}","SourcePort":"49596","Task":3,"Severity":"INFO","Keywords":-9223372036854775808,"@timestamp":"2019-12-05T04:42:36.809Z","SourceIsIpv6":"false","EventTime":"2019-12-04 23:42:34","ThreadID":3616,"Protocol":"tcp","AccountName":"SYSTEM","Initiated":"true","DestinationIsIpv6":"false","DestinationHostname":"instance-data.ec2.internal","Hostname":"HFDC01.shire.com","SourceModuleName":"eventlog"}
{"Channel":"Microsoft-Windows-Sysmon/Operational","RecordNumber":102348,"ProviderGuid":"{5770385F-C22A-43E0-BF4C-06F5698FFBD9}","User":"NT AUTHORITY\\SYSTEM","DestinationIp":"54.239.28.223","SourceName":"Microsoft-Windows-Sysmon","Domain":"NT AUTHORITY","AccountType":"User","OpcodeValue":0,"Message":"Network connection detected:\r\nRuleName: \r\nUtcTime: 2019-12-05 04:42:33.340\r\nProcessGuid: {d14e8c55-47c8-5de8-0000-001098f50100}\r\nProcessId: 2980\r\nImage: C:\\Program Files\\Amazon\\cfn-bootstrap\\winhup.exe\r\nUser: NT AUTHORITY\\SYSTEM\r\nProtocol: tcp\r\nInitiated: true\r\nSourceIsIpv6: false\r\nSourceIp: 172.18.39.5\r\nSourceHostname: HFDC01.shire.com\r\nSourcePort: 49598\r\nSourcePortName: \r\nDestinationIsIpv6: false\r\nDestinationIp: 54.239.28.223\r\nDestinationHostname: \r\nDestinationPort: 443\r\nDestinationPortName: https","ProcessID":2644,"SeverityValue":2,"SourceModuleType":"im_msvistalog","DestinationPort":"443","@version":"1","Version":5,"EventReceivedTime":"2019-12-04 23:42:36","Image":"C:\\Program Files\\Amazon\\cfn-bootstrap\\winhup.exe","type":"nxlog-mordor","host":"ip-172-18-39-102.ec2.internal","DestinationPortName":"https","port":49730,"EventID":3,"EventType":"INFO","SourceHostname":"HFDC01.shire.com","SourceIp":"172.18.39.5","UtcTime":"2019-12-05 04:42:33.340","UserID":"S-1-5-18","ProcessGuid":"{d14e8c55-47c8-5de8-0000-001098f50100}","SourcePort":"49598","Task":3,"Severity":"INFO","Keywords":-9223372036854775808,"@timestamp":"2019-12-05T04:42:36.810Z","SourceIsIpv6":"false","EventTime":"2019-12-04 23:42:35","ThreadID":3616,"Protocol":"tcp","AccountName":"SYSTEM","Initiated":"true","DestinationIsIpv6":"false","Hostname":"HFDC01.shire.com","SourceModuleName":"eventlog"}
{"Version":1,"EventReceivedTime":"2019-12-04 23:42:38","SourceAddress":"172.18.39.105","type":"nxlog-mordor","DestPort":"5985","host":"ip-172-18-39-102.ec2.internal","Channel":"security","RemoteMachineID":"S-1-0-0","RecordNumber":30474,"Category":"Filtering Platform Connection","port":49730,"ProviderGuid":"{54849625-5478-4994-A5BA-3E3B0328C30D}","Application":"\\device\\harddiskvolume2\\windows\\system32\\svchost.exe","EventID":5156,"EventType":"AUDIT_SUCCESS","Direction":"%%14593","DestAddress":"172.18.39.102","SourcePort":"51682","SourceName":"Microsoft-Windows-Security-Auditing","OpcodeValue":0,"Message":"The Windows Filtering Platform has permitted a connection.\r\n\r\nApplication Information:\r\n\tProcess ID:\t\t3184\r\n\tApplication Name:\t\\device\\harddiskvolume2\\windows\\system32\\svchost.exe\r\n\r\nNetwork Information:\r\n\tDirection:\t\tOutbound\r\n\tSource Address:\t\t172.18.39.105\r\n\tSource Port:\t\t51682\r\n\tDestination Address:\t172.18.39.102\r\n\tDestination Port:\t\t5985\r\n\tProtocol:\t\t6\r\n\r\nFilter Information:\r\n\tFilter Run-Time ID:\t67260\r\n\tLayer Name:\t\tConnect\r\n\tLayer Run-Time ID:\t48","LayerName":"%%14611","Task":12810,"Severity":"INFO","Keywords":-9214364837600034816,"LayerRTID":"48","@timestamp":"2019-12-05T04:42:38.842Z","EventTime":"2019-12-04 23:42:35","SeverityValue":2,"ProcessID":4,"ThreadID":1016,"Opcode":"Info","Protocol":"6","RemoteUserID":"S-1-0-0","SourceModuleType":"im_msvistalog","Hostname":"IT001.shire.com","SourceModuleName":"eventlog","FilterRTID":"67260","@version":"1"}
{"Version":0,"EventReceivedTime":"2019-12-04 23:42:38","SourceAddress":"0.0.0.0","type":"nxlog-mordor","host":"ip-172-18-39-102.ec2.internal","Channel":"security","RecordNumber":30473,"Category":"Filtering Platform Connection","port":49730,"ProviderGuid":"{54849625-5478-4994-A5BA-3E3B0328C30D}","Application":"\\device\\harddiskvolume2\\windows\\system32\\svchost.exe","EventID":5158,"EventType":"AUDIT_SUCCESS","SourcePort":"51682","SourceName":"Microsoft-Windows-Security-Auditing","OpcodeValue":0,"Message":"The Windows Filtering Platform has permitted a bind to a local port.\r\n\r\nApplication Information:\r\n\tProcess ID:\t\t3184\r\n\tApplication Name:\t\\device\\harddiskvolume2\\windows\\system32\\svchost.exe\r\n\r\nNetwork Information:\r\n\tSource Address:\t\t0.0.0.0\r\n\tSource Port:\t\t51682\r\n\tProtocol:\t\t6\r\n\r\nFilter Information:\r\n\tFilter Run-Time ID:\t0\r\n\tLayer Name:\t\tResource Assignment\r\n\tLayer Run-Time ID:\t36","LayerName":"%%14608","Task":12810,"Severity":"INFO","Keywords":-9214364837600034816,"LayerRTID":"36","@timestamp":"2019-12-05T04:42:38.841Z","EventTime":"2019-12-04 23:42:35","SeverityValue":2,"ProcessID":4,"ThreadID":1016,"Opcode":"Info","Protocol":"6","SourceModuleType":"im_msvistalog","Hostname":"IT001.shire.com","SourceModuleName":"eventlog","FilterRTID":"0","@version":"1"}
{"Version":3,"GrantedAccess":"0x1000","EventReceivedTime":"2019-12-04 23:42:38","type":"nxlog-mordor","SourceImage":"C:\\Windows\\system32\\svchost.exe","host":"ip-172-18-39-102.ec2.internal","Channel":"Microsoft-Windows-Sysmon/Operational","RecordNumber":102349,"SourceProcessId":"628","port":49730,"ProviderGuid":"{5770385F-C22A-43E0-BF4C-06F5698FFBD9}","CallTrace":"C:\\Windows\\SYSTEM32\\ntdll.dll+9fc24|C:\\Windows\\System32\\KERNELBASE.dll+6bcc5|c:\\windows\\system32\\lsm.dll+e575|C:\\Windows\\System32\\RPCRT4.dll+77823|C:\\Windows\\System32\\RPCRT4.dll+db4a6|C:\\Windows\\System32\\RPCRT4.dll+10d20|C:\\Windows\\System32\\RPCRT4.dll+54a38|C:\\Windows\\System32\\RPCRT4.dll+304b0|C:\\Windows\\System32\\RPCRT4.dll+2fe5b|C:\\Windows\\System32\\RPCRT4.dll+221ff|C:\\Windows\\System32\\RPCRT4.dll+2165a|C:\\Windows\\System32\\RPCRT4.dll+20c21|C:\\Windows\\System32\\RPCRT4.dll+20692|C:\\Windows\\System32\\RPCRT4.dll+17465|C:\\Windows\\SYSTEM32\\ntdll.dll+4f4c0|C:\\Windows\\SYSTEM32\\ntdll.dll+50348|C:\\Windows\\System32\\KERNEL32.DLL+17974|C:\\Windows\\SYSTEM32\\ntdll.dll+6a271","EventID":10,"EventType":"INFO","TargetProcessGUID":"{d14e8c55-47b8-5de8-0000-001047020100}","UtcTime":"2019-12-05 04:42:38.478","UserID":"S-1-5-18","SourceThreadId":"4196","SourceName":"Microsoft-Windows-Sysmon","Domain":"NT AUTHORITY","AccountType":"User","OpcodeValue":0,"Message":"Process accessed:\r\nRuleName: \r\nUtcTime: 2019-12-05 04:42:38.478\r\nSourceProcessGUID: {d14e8c55-47b8-5de8-0000-00105eb80000}\r\nSourceProcessId: 628\r\nSourceThreadId: 4196\r\nSourceImage: C:\\Windows\\system32\\svchost.exe\r\nTargetProcessGUID: {d14e8c55-47b8-5de8-0000-001047020100}\r\nTargetProcessId: 1468\r\nTargetImage: C:\\Windows\\System32\\svchost.exe\r\nGrantedAccess: 0x1000\r\nCallTrace: C:\\Windows\\SYSTEM32\\ntdll.dll+9fc24|C:\\Windows\\System32\\KERNELBASE.dll+6bcc5|c:\\windows\\system32\\lsm.dll+e575|C:\\Windows\\System32\\RPCRT4.dll+77823|C:\\Windows\\System32\\RPCRT4.dll+db4a6|C:\\Windows\\System32\\RPCRT4.dll+10d20|C:\\Windows\\System32\\RPCRT4.dll+54a38|C:\\Windows\\System32\\RPCRT4.dll+304b0|C:\\Windows\\System32\\RPCRT4.dll+2fe5b|C:\\Windows\\System32\\RPCRT4.dll+221ff|C:\\Windows\\System32\\RPCRT4.dll+2165a|C:\\Windows\\System32\\RPCRT4.dll+20c21|C:\\Windows\\System32\\RPCRT4.dll+20692|C:\\Windows\\System32\\RPCRT4.dll+17465|C:\\Windows\\SYSTEM32\\ntdll.dll+4f4c0|C:\\Windows\\SYSTEM32\\ntdll.dll+50348|C:\\Windows\\System32\\KERNEL32.DLL+17974|C:\\Windows\\SYSTEM32\\ntdll.dll+6a271","Task":10,"Severity":"INFO","Keywords":-9223372036854775808,"@timestamp":"2019-12-05T04:42:38.843Z","EventTime":"2019-12-04 23:42:38","SeverityValue":2,"ProcessID":2644,"ThreadID":3664,"AccountName":"SYSTEM","TargetImage":"C:\\Windows\\System32\\svchost.exe","SourceModuleType":"im_msvistalog","Hostname":"HFDC01.shire.com","SourceModuleName":"eventlog","SourceProcessGUID":"{d14e8c55-47b8-5de8-0000-00105eb80000}","TargetProcessId":"1468","@version":"1"}
{"Version":3,"GrantedAccess":"0x1000","EventReceivedTime":"2019-12-04 23:42:38","type":"nxlog-mordor","SourceImage":"C:\\Windows\\system32\\svchost.exe","host":"ip-172-18-39-102.ec2.internal","Channel":"Microsoft-Windows-Sysmon/Operational","RecordNumber":102353,"SourceProcessId":"628","port":49730,"ProviderGuid":"{5770385F-C22A-43E0-BF4C-06F5698FFBD9}","CallTrace":"C:\\Windows\\SYSTEM32\\ntdll.dll+9fc24|C:\\Windows\\System32\\KERNELBASE.dll+6bcc5|c:\\windows\\system32\\lsm.dll+ebf0|C:\\Windows\\System32\\RPCRT4.dll+77823|C:\\Windows\\System32\\RPCRT4.dll+db4a6|C:\\Windows\\System32\\RPCRT4.dll+10d20|C:\\Windows\\System32\\RPCRT4.dll+54a38|C:\\Windows\\System32\\RPCRT4.dll+304b0|C:\\Windows\\System32\\RPCRT4.dll+2fe5b|C:\\Windows\\System32\\RPCRT4.dll+221ff|C:\\Windows\\System32\\RPCRT4.dll+2165a|C:\\Windows\\System32\\RPCRT4.dll+20c21|C:\\Windows\\System32\\RPCRT4.dll+20692|C:\\Windows\\System32\\RPCRT4.dll+17465|C:\\Windows\\SYSTEM32\\ntdll.dll+4f4c0|C:\\Windows\\SYSTEM32\\ntdll.dll+50348|C:\\Windows\\System32\\KERNEL32.DLL+17974|C:\\Windows\\SYSTEM32\\ntdll.dll+6a271","EventID":10,"EventType":"INFO","TargetProcessGUID":"{d14e8c55-47b8-5de8-0000-001047020100}","UtcTime":"2019-12-05 04:42:38.478","UserID":"S-1-5-18","SourceThreadId":"4196","SourceName":"Microsoft-Windows-Sysmon","Domain":"NT AUTHORITY","AccountType":"User","OpcodeValue":0,"Message":"Process accessed:\r\nRuleName: \r\nUtcTime: 2019-12-05 04:42:38.478\r\nSourceProcessGUID: {d14e8c55-47b8-5de8-0000-00105eb80000}\r\nSourceProcessId: 628\r\nSourceThreadId: 4196\r\nSourceImage: C:\\Windows\\system32\\svchost.exe\r\nTargetProcessGUID: {d14e8c55-47b8-5de8-0000-001047020100}\r\nTargetProcessId: 1468\r\nTargetImage: C:\\Windows\\System32\\svchost.exe\r\nGrantedAccess: 0x1000\r\nCallTrace: C:\\Windows\\SYSTEM32\\ntdll.dll+9fc24|C:\\Windows\\System32\\KERNELBASE.dll+6bcc5|c:\\windows\\system32\\lsm.dll+ebf0|C:\\Windows\\System32\\RPCRT4.dll+77823|C:\\Windows\\System32\\RPCRT4.dll+db4a6|C:\\Windows\\System32\\RPCRT4.dll+10d20|C:\\Windows\\System32\\RPCRT4.dll+54a38|C:\\Windows\\System32\\RPCRT4.dll+304b0|C:\\Windows\\System32\\RPCRT4.dll+2fe5b|C:\\Windows\\System32\\RPCRT4.dll+221ff|C:\\Windows\\System32\\RPCRT4.dll+2165a|C:\\Windows\\System32\\RPCRT4.dll+20c21|C:\\Windows\\System32\\RPCRT4.dll+20692|C:\\Windows\\System32\\RPCRT4.dll+17465|C:\\Windows\\SYSTEM32\\ntdll.dll+4f4c0|C:\\Windows\\SYSTEM32\\ntdll.dll+50348|C:\\Windows\\System32\\KERNEL32.DLL+17974|C:\\Windows\\SYSTEM32\\ntdll.dll+6a271","Task":10,"Severity":"INFO","Keywords":-9223372036854775808,"@timestamp":"2019-12-05T04:42:38.844Z","EventTime":"2019-12-04 23:42:38","SeverityValue":2,"ProcessID":2644,"ThreadID":3664,"AccountName":"SYSTEM","TargetImage":"C:\\Windows\\System32\\svchost.exe","SourceModuleType":"im_msvistalog","Hostname":"HFDC01.shire.com","SourceModuleName":"eventlog","SourceProcessGUID":"{d14e8c55-47b8-5de8-0000-00105eb80000}","TargetProcessId":"1468","@version":"1"}
{"Version":3,"GrantedAccess":"0x1000","EventReceivedTime":"2019-12-04 23:42:38","type":"nxlog-mordor","SourceImage":"C:\\Windows\\system32\\svchost.exe","host":"ip-172-18-39-102.ec2.internal","Channel":"Microsoft-Windows-Sysmon/Operational","RecordNumber":102357,"SourceProcessId":"628","port":49730,"ProviderGuid":"{5770385F-C22A-43E0-BF4C-06F5698FFBD9}","CallTrace":"C:\\Windows\\SYSTEM32\\ntdll.dll+9fc24|C:\\Windows\\System32\\KERNELBASE.dll+6bcc5|c:\\windows\\system32\\lsm.dll+ea4e|C:\\Windows\\System32\\RPCRT4.dll+77823|C:\\Windows\\System32\\RPCRT4.dll+db4a6|C:\\Windows\\System32\\RPCRT4.dll+10d20|C:\\Windows\\System32\\RPCRT4.dll+54a38|C:\\Windows\\System32\\RPCRT4.dll+304b0|C:\\Windows\\System32\\RPCRT4.dll+2fe5b|C:\\Windows\\System32\\RPCRT4.dll+221ff|C:\\Windows\\System32\\RPCRT4.dll+2165a|C:\\Windows\\System32\\RPCRT4.dll+20c21|C:\\Windows\\System32\\RPCRT4.dll+20692|C:\\Windows\\System32\\RPCRT4.dll+17465|C:\\Windows\\SYSTEM32\\ntdll.dll+4f4c0|C:\\Windows\\SYSTEM32\\ntdll.dll+50348|C:\\Windows\\System32\\KERNEL32.DLL+17974|C:\\Windows\\SYSTEM32\\ntdll.dll+6a271","EventID":10,"EventType":"INFO","TargetProcessGUID":"{d14e8c55-47b8-5de8-0000-001047020100}","UtcTime":"2019-12-05 04:42:38.478","UserID":"S-1-5-18","SourceThreadId":"4196","SourceName":"Microsoft-Windows-Sysmon","Domain":"NT AUTHORITY","AccountType":"User","OpcodeValue":0,"Message":"Process accessed:\r\nRuleName: \r\nUtcTime: 2019-12-05 04:42:38.478\r\nSourceProcessGUID: {d14e8c55-47b8-5de8-0000-00105eb80000}\r\nSourceProcessId: 628\r\nSourceThreadId: 4196\r\nSourceImage: C:\\Windows\\system32\\svchost.exe\r\nTargetProcessGUID: {d14e8c55-47b8-5de8-0000-001047020100}\r\nTargetProcessId: 1468\r\nTargetImage: C:\\Windows\\System32\\svchost.exe\r\nGrantedAccess: 0x1000\r\nCallTrace: C:\\Windows\\SYSTEM32\\ntdll.dll+9fc24|C:\\Windows\\System32\\KERNELBASE.dll+6bcc5|c:\\windows\\system32\\lsm.dll+ea4e|C:\\Windows\\System32\\RPCRT4.dll+77823|C:\\Windows\\System32\\RPCRT4.dll+db4a6|C:\\Windows\\System32\\RPCRT4.dll+10d20|C:\\Windows\\System32\\RPCRT4.dll+54a38|C:\\Windows\\System32\\RPCRT4.dll+304b0|C:\\Windows\\System32\\RPCRT4.dll+2fe5b|C:\\Windows\\System32\\RPCRT4.dll+221ff|C:\\Windows\\System32\\RPCRT4.dll+2165a|C:\\Windows\\System32\\RPCRT4.dll+20c21|C:\\Windows\\System32\\RPCRT4.dll+20692|C:\\Windows\\System32\\RPCRT4.dll+17465|C:\\Windows\\SYSTEM32\\ntdll.dll+4f4c0|C:\\Windows\\SYSTEM32\\ntdll.dll+50348|C:\\Windows\\System32\\KERNEL32.DLL+17974|C:\\Windows\\SYSTEM32\\ntdll.dll+6a271","Task":10,"Severity":"INFO","Keywords":-9223372036854775808,"@timestamp":"2019-12-05T04:42:38.845Z","EventTime":"2019-12-04 23:42:38","SeverityValue":2,"ProcessID":2644,"ThreadID":3664,"AccountName":"SYSTEM","TargetImage":"C:\\Windows\\System32\\svchost.exe","SourceModuleType":"im_msvistalog","Hostname":"HFDC01.shire.com","SourceModuleName":"eventlog","SourceProcessGUID":"{d14e8c55-47b8-5de8-0000-00105eb80000}","TargetProcessId":"1468","@version":"1"}
{"Version":3,"GrantedAccess":"0x1000","EventReceivedTime":"2019-12-04 23:42:38","type":"nxlog-mordor","SourceImage":"C:\\Windows\\system32\\svchost.exe","host":"ip-172-18-39-102.ec2.internal","Channel":"Microsoft-Windows-Sysmon/Operational","RecordNumber":102361,"SourceProcessId":"628","port":49730,"ProviderGuid":"{5770385F-C22A-43E0-BF4C-06F5698FFBD9}","CallTrace":"C:\\Windows\\SYSTEM32\\ntdll.dll+9fc24|C:\\Windows\\System32\\KERNELBASE.dll+6bcc5|c:\\windows\\system32\\lsm.dll+e575|C:\\Windows\\System32\\RPCRT4.dll+77823|C:\\Windows\\System32\\RPCRT4.dll+db4a6|C:\\Windows\\System32\\RPCRT4.dll+10d20|C:\\Windows\\System32\\RPCRT4.dll+54a38|C:\\Windows\\System32\\RPCRT4.dll+304b0|C:\\Windows\\System32\\RPCRT4.dll+2fe5b|C:\\Windows\\System32\\RPCRT4.dll+221ff|C:\\Windows\\System32\\RPCRT4.dll+2165a|C:\\Windows\\System32\\RPCRT4.dll+20c21|C:\\Windows\\System32\\RPCRT4.dll+20692|C:\\Windows\\System32\\RPCRT4.dll+17465|C:\\Windows\\SYSTEM32\\ntdll.dll+4f4c0|C:\\Windows\\SYSTEM32\\ntdll.dll+50348|C:\\Windows\\System32\\KERNEL32.DLL+17974|C:\\Windows\\SYSTEM32\\ntdll.dll+6a271","EventID":10,"EventType":"INFO","TargetProcessGUID":"{d14e8c55-47b8-5de8-0000-001047020100}","UtcTime":"2019-12-05 04:42:38.478","UserID":"S-1-5-18","SourceThreadId":"4196","SourceName":"Microsoft-Windows-Sysmon","Domain":"NT AUTHORITY","AccountType":"User","OpcodeValue":0,"Message":"Process accessed:\r\nRuleName: \r\nUtcTime: 2019-12-05 04:42:38.478\r\nSourceProcessGUID: {d14e8c55-47b8-5de8-0000-00105eb80000}\r\nSourceProcessId: 628\r\nSourceThreadId: 4196\r\nSourceImage: C:\\Windows\\system32\\svchost.exe\r\nTargetProcessGUID: {d14e8c55-47b8-5de8-0000-001047020100}\r\nTargetProcessId: 1468\r\nTargetImage: C:\\Windows\\System32\\svchost.exe\r\nGrantedAccess: 0x1000\r\nCallTrace: C:\\Windows\\SYSTEM32\\ntdll.dll+9fc24|C:\\Windows\\System32\\KERNELBASE.dll+6bcc5|c:\\windows\\system32\\lsm.dll+e575|C:\\Windows\\System32\\RPCRT4.dll+77823|C:\\Windows\\System32\\RPCRT4.dll+db4a6|C:\\Windows\\System32\\RPCRT4.dll+10d20|C:\\Windows\\System32\\RPCRT4.dll+54a38|C:\\Windows\\System32\\RPCRT4.dll+304b0|C:\\Windows\\System32\\RPCRT4.dll+2fe5b|C:\\Windows\\System32\\RPCRT4.dll+221ff|C:\\Windows\\System32\\RPCRT4.dll+2165a|C:\\Windows\\System32\\RPCRT4.dll+20c21|C:\\Windows\\System32\\RPCRT4.dll+20692|C:\\Windows\\System32\\RPCRT4.dll+17465|C:\\Windows\\SYSTEM32\\ntdll.dll+4f4c0|C:\\Windows\\SYSTEM32\\ntdll.dll+50348|C:\\Windows\\System32\\KERNEL32.DLL+17974|C:\\Windows\\SYSTEM32\\ntdll.dll+6a271","Task":10,"Severity":"INFO","Keywords":-9223372036854775808,"@timestamp":"2019-12-05T04:42:38.846Z","EventTime":"2019-12-04 23:42:38","SeverityValue":2,"ProcessID":2644,"ThreadID":3664,"AccountName":"SYSTEM","TargetImage":"C:\\Windows\\System32\\svchost.exe","SourceModuleType":"im_msvistalog","Hostname":"HFDC01.shire.com","SourceModuleName":"eventlog","SourceProcessGUID":"{d14e8c55-47b8-5de8-0000-00105eb80000}","TargetProcessId":"1468","@version":"1"}
{"Version":2,"EventReceivedTime":"2019-12-04 23:42:38","Image":"C:\\Windows\\System32\\lsass.exe","type":"nxlog-mordor","host":"ip-172-18-39-102.ec2.internal","Channel":"Microsoft-Windows-Sysmon/Operational","RecordNumber":102365,"port":49730,"ProviderGuid":"{5770385F-C22A-43E0-BF4C-06F5698FFBD9}","EventID":9,"EventType":"INFO","UtcTime":"2019-12-05 04:42:38.587","UserID":"S-1-5-18","ProcessGuid":"{d14e8c55-47b5-5de8-0000-0010cb5a0000}","SourceName":"Microsoft-Windows-Sysmon","Domain":"NT AUTHORITY","AccountType":"User","OpcodeValue":0,"Message":"RawAccessRead detected:\r\nRuleName: \r\nUtcTime: 2019-12-05 04:42:38.587\r\nProcessGuid: {d14e8c55-47b5-5de8-0000-0010cb5a0000}\r\nProcessId: 780\r\nImage: C:\\Windows\\System32\\lsass.exe\r\nDevice: \\Device\\HarddiskVolume1","Task":9,"Severity":"INFO","Keywords":-9223372036854775808,"@timestamp":"2019-12-05T04:42:38.847Z","EventTime":"2019-12-04 23:42:38","SeverityValue":2,"ProcessID":2644,"ThreadID":3664,"AccountName":"SYSTEM","Device":"\\Device\\HarddiskVolume1","SourceModuleType":"im_msvistalog","Hostname":"HFDC01.shire.com","SourceModuleName":"eventlog","@version":"1"}
{"Version":3,"GrantedAccess":"0x1000","EventReceivedTime":"2019-12-04 23:42:38","type":"nxlog-mordor","SourceImage":"C:\\Windows\\system32\\svchost.exe","host":"ip-172-18-39-102.ec2.internal","Channel":"Microsoft-Windows-Sysmon/Operational","RecordNumber":102369,"SourceProcessId":"628","port":49730,"ProviderGuid":"{5770385F-C22A-43E0-BF4C-06F5698FFBD9}","CallTrace":"C:\\Windows\\SYSTEM32\\ntdll.dll+9fc24|C:\\Windows\\System32\\KERNELBASE.dll+6bcc5|c:\\windows\\system32\\lsm.dll+ea4e|C:\\Windows\\System32\\RPCRT4.dll+77823|C:\\Windows\\System32\\RPCRT4.dll+db4a6|C:\\Windows\\System32\\RPCRT4.dll+10d20|C:\\Windows\\System32\\RPCRT4.dll+54a38|C:\\Windows\\System32\\RPCRT4.dll+304b0|C:\\Windows\\System32\\RPCRT4.dll+2fe5b|C:\\Windows\\System32\\RPCRT4.dll+221ff|C:\\Windows\\System32\\RPCRT4.dll+2165a|C:\\Windows\\System32\\RPCRT4.dll+20c21|C:\\Windows\\System32\\RPCRT4.dll+20692|C:\\Windows\\System32\\RPCRT4.dll+17465|C:\\Windows\\SYSTEM32\\ntdll.dll+4f4c0|C:\\Windows\\SYSTEM32\\ntdll.dll+50348|C:\\Windows\\System32\\KERNEL32.DLL+17974|C:\\Windows\\SYSTEM32\\ntdll.dll+6a271","EventID":10,"EventType":"INFO","TargetProcessGUID":"{d14e8c55-47b8-5de8-0000-001047020100}","UtcTime":"2019-12-05 04:42:38.603","UserID":"S-1-5-18","SourceThreadId":"4196","SourceName":"Microsoft-Windows-Sysmon","Domain":"NT AUTHORITY","AccountType":"User","OpcodeValue":0,"Message":"Process accessed:\r\nRuleName: \r\nUtcTime: 2019-12-05 04:42:38.603\r\nSourceProcessGUID: {d14e8c55-47b8-5de8-0000-00105eb80000}\r\nSourceProcessId: 628\r\nSourceThreadId: 4196\r\nSourceImage: C:\\Windows\\system32\\svchost.exe\r\nTargetProcessGUID: {d14e8c55-47b8-5de8-0000-001047020100}\r\nTargetProcessId: 1468\r\nTargetImage: C:\\Windows\\System32\\svchost.exe\r\nGrantedAccess: 0x1000\r\nCallTrace: C:\\Windows\\SYSTEM32\\ntdll.dll+9fc24|C:\\Windows\\System32\\KERNELBASE.dll+6bcc5|c:\\windows\\system32\\lsm.dll+ea4e|C:\\Windows\\System32\\RPCRT4.dll+77823|C:\\Windows\\System32\\RPCRT4.dll+db4a6|C:\\Windows\\System32\\RPCRT4.dll+10d20|C:\\Windows\\System32\\RPCRT4.dll+54a38|C:\\Windows\\System32\\RPCRT4.dll+304b0|C:\\Windows\\System32\\RPCRT4.dll+2fe5b|C:\\Windows\\System32\\RPCRT4.dll+221ff|C:\\Windows\\System32\\RPCRT4.dll+2165a|C:\\Windows\\System32\\RPCRT4.dll+20c21|C:\\Windows\\System32\\RPCRT4.dll+20692|C:\\Windows\\System32\\RPCRT4.dll+17465|C:\\Windows\\SYSTEM32\\ntdll.dll+4f4c0|C:\\Windows\\SYSTEM32\\ntdll.dll+50348|C:\\Windows\\System32\\KERNEL32.DLL+17974|C:\\Windows\\SYSTEM32\\ntdll.dll+6a271","Task":10,"Severity":"INFO","Keywords":-9223372036854775808,"@timestamp":"2019-12-05T04:42:38.848Z","EventTime":"2019-12-04 23:42:38","SeverityValue":2,"ProcessID":2644,"ThreadID":3664,"AccountName":"SYSTEM","TargetImage":"C:\\Windows\\System32\\svchost.exe","SourceModuleType":"im_msvistalog","Hostname":"HFDC01.shire.com","SourceModuleName":"eventlog","SourceProcessGUID":"{d14e8c55-47b8-5de8-0000-00105eb80000}","TargetProcessId":"1468","@version":"1"}
{"Version":3,"EventReceivedTime":"2019-12-04 23:42:38","Image":"C:\\Windows\\System32\\svchost.exe","Description":"Server Service Client DLL","type":"nxlog-mordor","host":"ip-172-18-39-102.ec2.internal","Channel":"Microsoft-Windows-Sysmon/Operational","RecordNumber":102373,"FileVersion":"10.0.17763.1 (WinBuild.160101.0800)","port":49730,"ProviderGuid":"{5770385F-C22A-43E0-BF4C-06F5698FFBD9}","EventID":7,"EventType":"INFO","UtcTime":"2019-12-05 04:42:38.603","UserID":"S-1-5-18","ProcessGuid":"{d14e8c55-47b8-5de8-0000-0010f10b0100}","SourceName":"Microsoft-Windows-Sysmon","Hashes":"SHA1=9624FF28D2D623E3DAC3FB6C659811D2A124E38D,MD5=5485A575FFB0DE1DCDD0090E0892D14A,SHA256=9A164C79A6BA513C56533629929D69D5EC74B05262178599C3352EFD717E153F,IMPHASH=E32350B7225B622F35EF63D2D7D7E728","Domain":"NT AUTHORITY","AccountType":"User","OpcodeValue":0,"Message":"Image loaded:\r\nRuleName: \r\nUtcTime: 2019-12-05 04:42:38.603\r\nProcessGuid: {d14e8c55-47b8-5de8-0000-0010f10b0100}\r\nProcessId: 1548\r\nImage: C:\\Windows\\System32\\svchost.exe\r\nImageLoaded: C:\\Windows\\System32\\srvcli.dll\r\nFileVersion: 10.0.17763.1 (WinBuild.160101.0800)\r\nDescription: Server Service Client DLL\r\nProduct: Microsoft Windows Operating System\r\nCompany: Microsoft Corporation\r\nOriginalFileName: SRVCLI.DLL\r\nHashes: SHA1=9624FF28D2D623E3DAC3FB6C659811D2A124E38D,MD5=5485A575FFB0DE1DCDD0090E0892D14A,SHA256=9A164C79A6BA513C56533629929D69D5EC74B05262178599C3352EFD717E153F,IMPHASH=E32350B7225B622F35EF63D2D7D7E728\r\nSigned: true\r\nSignature: Microsoft Windows\r\nSignatureStatus: Valid","ImageLoaded":"C:\\Windows\\System32\\srvcli.dll","Task":7,"Severity":"INFO","Keywords":-9223372036854775808,"Signature":"Microsoft Windows","SignatureStatus":"Valid","@timestamp":"2019-12-05T04:42:38.850Z","EventTime":"2019-12-04 23:42:38","SeverityValue":2,"ProcessID":2644,"ThreadID":3664,"AccountName":"SYSTEM","Product":"Microsoft Windows Operating System","Company":"Microsoft Corporation","SourceModuleType":"im_msvistalog","Hostname":"HFDC01.shire.com","Signed":"true","SourceModuleName":"eventlog","OriginalFileName":"SRVCLI.DLL","@version":"1"}
{"Version":3,"EventReceivedTime":"2019-12-04 23:42:38","Image":"C:\\Windows\\System32\\svchost.exe","Description":"Configuration Manager DLL","type":"nxlog-mordor","host":"ip-172-18-39-102.ec2.internal","Channel":"Microsoft-Windows-Sysmon/Operational","RecordNumber":102377,"FileVersion":"10.0.17763.1 (WinBuild.160101.0800)","port":49730,"ProviderGuid":"{5770385F-C22A-43E0-BF4C-06F5698FFBD9}","EventID":7,"EventType":"INFO","UtcTime":"2019-12-05 04:42:38.603","UserID":"S-1-5-18","ProcessGuid":"{d14e8c55-47b8-5de8-0000-0010f10b0100}","SourceName":"Microsoft-Windows-Sysmon","Hashes":"SHA1=8130861654C05723BDAB475587C7B4B131BD5FF6,MD5=02411B2016D3A537759143033C2D3AA6,SHA256=DF1C3927C42A1C7B8B5EA009783BB3FCB1FF48FC8542A1EF5D18ECAF78AD5D3E,IMPHASH=4F0B87243B310321DEE7E16AC3ABA14A","Domain":"NT AUTHORITY","AccountType":"User","OpcodeValue":0,"Message":"Image loaded:\r\nRuleName: \r\nUtcTime: 2019-12-05 04:42:38.603\r\nProcessGuid: {d14e8c55-47b8-5de8-0000-0010f10b0100}\r\nProcessId: 1548\r\nImage: C:\\Windows\\System32\\svchost.exe\r\nImageLoaded: C:\\Windows\\System32\\cfgmgr32.dll\r\nFileVersion: 10.0.17763.1 (WinBuild.160101.0800)\r\nDescription: Configuration Manager DLL\r\nProduct: Microsoft Windows Operating System\r\nCompany: Microsoft Corporation\r\nOriginalFileName: CFGMGR32.DLL\r\nHashes: SHA1=8130861654C05723BDAB475587C7B4B131BD5FF6,MD5=02411B2016D3A537759143033C2D3AA6,SHA256=DF1C3927C42A1C7B8B5EA009783BB3FCB1FF48FC8542A1EF5D18ECAF78AD5D3E,IMPHASH=4F0B87243B310321DEE7E16AC3ABA14A\r\nSigned: true\r\nSignature: Microsoft Windows\r\nSignatureStatus: Valid","ImageLoaded":"C:\\Windows\\System32\\cfgmgr32.dll","Task":7,"Severity":"INFO","Keywords":-9223372036854775808,"Signature":"Microsoft Windows","SignatureStatus":"Valid","@timestamp":"2019-12-05T04:42:38.852Z","EventTime":"2019-12-04 23:42:38","SeverityValue":2,"ProcessID":2644,"ThreadID":3664,"AccountName":"SYSTEM","Product":"Microsoft Windows Operating System","Company":"Microsoft Corporation","SourceModuleType":"im_msvistalog","Hostname":"HFDC01.shire.com","Signed":"true","SourceModuleName":"eventlog","OriginalFileName":"CFGMGR32.DLL","@version":"1"}
{"Version":3,"EventReceivedTime":"2019-12-04 23:42:38","Image":"C:\\Windows\\System32\\svchost.exe","Description":"Microsoft WinRT Storage API","type":"nxlog-mordor","host":"ip-172-18-39-102.ec2.internal","Channel":"Microsoft-Windows-Sysmon/Operational","RecordNumber":102381,"FileVersion":"10.0.17763.678 (WinBuild.160101.0800)","port":49730,"ProviderGuid":"{5770385F-C22A-43E0-BF4C-06F5698FFBD9}","EventID":7,"EventType":"INFO","UtcTime":"2019-12-05 04:42:38.619","UserID":"S-1-5-18","ProcessGuid":"{d14e8c55-47b8-5de8-0000-0010f10b0100}","SourceName":"Microsoft-Windows-Sysmon","Hashes":"SHA1=FB9FAFEDA7A9A85F9444D03090D3494864D7EA2E,MD5=29A8174911AEE13C7842399C81253979,SHA256=6AE9302A74047B9C056A4C97C17D8C1717421A7A72C41318D4BEC54F905ACD0B,IMPHASH=7EAB22362ED6E454580927B352893B6B","Domain":"NT AUTHORITY","AccountType":"User","OpcodeValue":0,"Message":"Image loaded:\r\nRuleName: \r\nUtcTime: 2019-12-05 04:42:38.619\r\nProcessGuid: {d14e8c55-47b8-5de8-0000-0010f10b0100}\r\nProcessId: 1548\r\nImage: C:\\Windows\\System32\\svchost.exe\r\nImageLoaded: C:\\Windows\\System32\\windows.storage.dll\r\nFileVersion: 10.0.17763.678 (WinBuild.160101.0800)\r\nDescription: Microsoft WinRT Storage API\r\nProduct: Microsoft Windows Operating System\r\nCompany: Microsoft Corporation\r\nOriginalFileName: Windows.Storage.dll\r\nHashes: SHA1=FB9FAFEDA7A9A85F9444D03090D3494864D7EA2E,MD5=29A8174911AEE13C7842399C81253979,SHA256=6AE9302A74047B9C056A4C97C17D8C1717421A7A72C41318D4BEC54F905ACD0B,IMPHASH=7EAB22362ED6E454580927B352893B6B\r\nSigned: true\r\nSignature: Microsoft Windows\r\nSignatureStatus: Valid","ImageLoaded":"C:\\Windows\\System32\\windows.storage.dll","Task":7,"Severity":"INFO","Keywords":-9223372036854775808,"Signature":"Microsoft Windows","SignatureStatus":"Valid","@timestamp":"2019-12-05T04:42:38.853Z","EventTime":"2019-12-04 23:42:38","SeverityValue":2,"ProcessID":2644,"ThreadID":3664,"AccountName":"SYSTEM","Product":"Microsoft Windows Operating System","Company":"Microsoft Corporation","SourceModuleType":"im_msvistalog","Hostname":"HFDC01.shire.com","Signed":"true","SourceModuleName":"eventlog","OriginalFileName":"Windows.Storage.dll","@version":"1"}
{"Version":3,"EventReceivedTime":"2019-12-04 23:42:38","Image":"C:\\Windows\\System32\\svchost.exe","Description":"Version Checking and File Installation Libraries","type":"nxlog-mordor","host":"ip-172-18-39-102.ec2.internal","Channel":"Microsoft-Windows-Sysmon/Operational","RecordNumber":102385,"FileVersion":"10.0.17763.1 (WinBuild.160101.0800)","port":49730,"ProviderGuid":"{5770385F-C22A-43E0-BF4C-06F5698FFBD9}","EventID":7,"EventType":"INFO","UtcTime":"2019-12-05 04:42:38.619","UserID":"S-1-5-18","ProcessGuid":"{d14e8c55-47b8-5de8-0000-0010f10b0100}","SourceName":"Microsoft-Windows-Sysmon","Hashes":"SHA1=D1F1344156C1F8431CF7350A09245455525359D4,MD5=5719B3ABD0FC28E1284F2515AE17613A,SHA256=5B4C567DFD75EEB75CD4D59436E748AA14EC9F9FC7655F915093813332E93AB4,IMPHASH=34340C2C4E9AA6EF6AD12BB695FC695B","Domain":"NT AUTHORITY","AccountType":"User","OpcodeValue":0,"Message":"Image loaded:\r\nRuleName: \r\nUtcTime: 2019-12-05 04:42:38.619\r\nProcessGuid: {d14e8c55-47b8-5de8-0000-0010f10b0100}\r\nProcessId: 1548\r\nImage: C:\\Windows\\System32\\svchost.exe\r\nImageLoaded: C:\\Windows\\System32\\version.dll\r\nFileVersion: 10.0.17763.1 (WinBuild.160101.0800)\r\nDescription: Version Checking and File Installation Libraries\r\nProduct: Microsoft Windows Operating System\r\nCompany: Microsoft Corporation\r\nOriginalFileName: VERSION.DLL\r\nHashes: SHA1=D1F1344156C1F8431CF7350A09245455525359D4,MD5=5719B3ABD0FC28E1284F2515AE17613A,SHA256=5B4C567DFD75EEB75CD4D59436E748AA14EC9F9FC7655F915093813332E93AB4,IMPHASH=34340C2C4E9AA6EF6AD12BB695FC695B\r\nSigned: true\r\nSignature: Microsoft Windows\r\nSignatureStatus: Valid","ImageLoaded":"C:\\Windows\\System32\\version.dll","Task":7,"Severity":"INFO","Keywords":-9223372036854775808,"Signature":"Microsoft Windows","SignatureStatus":"Valid","@timestamp":"2019-12-05T04:42:38.854Z","EventTime":"2019-12-04 23:42:38","SeverityValue":2,"ProcessID":2644,"ThreadID":3664,"AccountName":"SYSTEM","Product":"Microsoft Windows Operating System","Company":"Microsoft Corporation","SourceModuleType":"im_msvistalog","Hostname":"HFDC01.shire.com","Signed":"true","SourceModuleName":"eventlog","OriginalFileName":"VERSION.DLL","@version":"1"}
{"Version":3,"GrantedAccess":"0x40","EventReceivedTime":"2019-12-04 23:42:38","type":"nxlog-mordor","SourceImage":"C:\\Windows\\system32\\svchost.exe","host":"ip-172-18-39-102.ec2.internal","Channel":"Microsoft-Windows-Sysmon/Operational","RecordNumber":102389,"SourceProcessId":"628","port":49730,"ProviderGuid":"{5770385F-C22A-43E0-BF4C-06F5698FFBD9}","CallTrace":"C:\\Windows\\SYSTEM32\\ntdll.dll+9fc24|C:\\Windows\\System32\\KERNELBASE.dll+20d0e|c:\\windows\\system32\\lsm.dll+16087|C:\\Windows\\System32\\RPCRT4.dll+77823|C:\\Windows\\System32\\RPCRT4.dll+db4a6|C:\\Windows\\System32\\RPCRT4.dll+553d9|C:\\Windows\\System32\\combase.dll+ac20f|C:\\Windows\\System32\\combase.dll+21703|C:\\Windows\\System32\\combase.dll+214f4|C:\\Windows\\System32\\combase.dll+af3c6|C:\\Windows\\System32\\combase.dll+2b315|C:\\Windows\\System32\\combase.dll+aab8d|C:\\Windows\\System32\\combase.dll+5ad30|C:\\Windows\\System32\\combase.dll+5a611|C:\\Windows\\System32\\combase.dll+602e0|C:\\Windows\\System32\\RPCRT4.dll+54a38|C:\\Windows\\System32\\RPCRT4.dll+304b0|C:\\Windows\\System32\\RPCRT4.dll+300f0|C:\\Windows\\System32\\RPCRT4.dll+2200f|C:\\Windows\\System32\\RPCRT4.dll+2165a|C:\\Windows\\System32\\RPCRT4.dll+20c21|C:\\Windows\\System32\\RPCRT4.dll+20692|C:\\Windows\\System32\\RPCRT4.dll+17465|C:\\Windows\\SYSTEM32\\ntdll.dll+4f4c0","EventID":10,"EventType":"INFO","TargetProcessGUID":"{d14e8c55-47b8-5de8-0000-0010f7cf0000}","UtcTime":"2019-12-05 04:42:38.619","UserID":"S-1-5-18","SourceThreadId":"4196","SourceName":"Microsoft-Windows-Sysmon","Domain":"NT AUTHORITY","AccountType":"User","OpcodeValue":0,"Message":"Process accessed:\r\nRuleName: \r\nUtcTime: 2019-12-05 04:42:38.619\r\nSourceProcessGUID: {d14e8c55-47b8-5de8-0000-00105eb80000}\r\nSourceProcessId: 628\r\nSourceThreadId: 4196\r\nSourceImage: C:\\Windows\\system32\\svchost.exe\r\nTargetProcessGUID: {d14e8c55-47b8-5de8-0000-0010f7cf0000}\r\nTargetProcessId: 1060\r\nTargetImage: C:\\Windows\\System32\\svchost.exe\r\nGrantedAccess: 0x40\r\nCallTrace: C:\\Windows\\SYSTEM32\\ntdll.dll+9fc24|C:\\Windows\\System32\\KERNELBASE.dll+20d0e|c:\\windows\\system32\\lsm.dll+16087|C:\\Windows\\System32\\RPCRT4.dll+77823|C:\\Windows\\System32\\RPCRT4.dll+db4a6|C:\\Windows\\System32\\RPCRT4.dll+553d9|C:\\Windows\\System32\\combase.dll+ac20f|C:\\Windows\\System32\\combase.dll+21703|C:\\Windows\\System32\\combase.dll+214f4|C:\\Windows\\System32\\combase.dll+af3c6|C:\\Windows\\System32\\combase.dll+2b315|C:\\Windows\\System32\\combase.dll+aab8d|C:\\Windows\\System32\\combase.dll+5ad30|C:\\Windows\\System32\\combase.dll+5a611|C:\\Windows\\System32\\combase.dll+602e0|C:\\Windows\\System32\\RPCRT4.dll+54a38|C:\\Windows\\System32\\RPCRT4.dll+304b0|C:\\Windows\\System32\\RPCRT4.dll+300f0|C:\\Windows\\System32\\RPCRT4.dll+2200f|C:\\Windows\\System32\\RPCRT4.dll+2165a|C:\\Windows\\System32\\RPCRT4.dll+20c21|C:\\Windows\\System32\\RPCRT4.dll+20692|C:\\Windows\\System32\\RPCRT4.dll+17465|C:\\Windows\\SYSTEM32\\ntdll.dll+4f4c0","Task":10,"Severity":"INFO","Keywords":-9223372036854775808,"@timestamp":"2019-12-05T04:42:38.855Z","EventTime":"2019-12-04 23:42:38","SeverityValue":2,"ProcessID":2644,"ThreadID":3664,"AccountName":"SYSTEM","TargetImage":"C:\\Windows\\System32\\svchost.exe","SourceModuleType":"im_msvistalog","Hostname":"HFDC01.shire.com","SourceModuleName":"eventlog","SourceProcessGUID":"{d14e8c55-47b8-5de8-0000-00105eb80000}","TargetProcessId":"1060","@version":"1"}
