{"@version":"1","ThreadID":4452,"UserID":"S-1-5-18","Version":3,"Message":"Image loaded:\r\nRuleName: -\r\nUtcTime: 2020-08-05 07:48:29.187\r\nProcessGuid: {8715b604-644d-5f2a-9e05-000000000400}\r\nProcessId: 6960\r\nImage: C:\\Windows\\System32\\cmd.exe\r\nImageLoaded: C:\\Windows\\System32\\sechost.dll\r\nFileVersion: 10.0.18362.959 (WinBuild.160101.0800)\r\nDescription: Host for SCM/SDDL/LSA Lookup APIs\r\nProduct: Microsoft Windows Operating System\r\nCompany: Microsoft Corporation\r\nOriginalFileName: sechost.dll\r\nHashes: SHA1=A330EDE32DFA03AE6808EE7FB6916D8DEB8F5DDE,MD5=A094E2B38D3DD864B07580D243CB6E43,SHA256=C441E19D20961D4E990E117A300ED318BEDBF2F8BA0FF07BEE7832AC502CDDF2,IMPHASH=CE4BD072766253F6A267D0284CA82002\r\nSigned: true\r\nSignature: Microsoft Windows\r\nSignatureStatus: Valid","ProcessGuid":"{8715b604-644d-5f2a-9e05-000000000400}","SourceName":"Microsoft-Windows-Sysmon","Hashes":"SHA1=A330EDE32DFA03AE6808EE7FB6916D8DEB8F5DDE,MD5=A094E2B38D3DD864B07580D243CB6E43,SHA256=C441E19D20961D4E990E117A300ED318BEDBF2F8BA0FF07BEE7832AC502CDDF2,IMPHASH=CE4BD072766253F6A267D0284CA82002","Signature":"Microsoft Windows","tags":["mordorDataset"],"RuleName":"-","ProviderGuid":"{5770385F-C22A-43E0-BF4C-06F5698FFBD9}","EventID":7,"RecordNumber":539854,"Hostname":"WORKSTATION5.theshire.local","SourceModuleType":"im_msvistalog","Signed":"true","ExecutionProcessID":3484,"AccountName":"SYSTEM","OpcodeValue":0,"EventType":"INFO","FileVersion":"10.0.18362.959 (WinBuild.160101.0800)","Image":"C:\\Windows\\System32\\cmd.exe","AccountType":"User","UtcTime":"2020-08-05 07:48:29.187","Keywords":-9223372036854775808,"OriginalFileName":"sechost.dll","host":"wec.internal.cloudapp.net","SourceModuleName":"eventlog","SeverityValue":2,"SignatureStatus":"Valid","Channel":"Microsoft-Windows-Sysmon/Operational","Description":"Host for SCM/SDDL/LSA Lookup APIs","ProcessId":"6960","Domain":"NT AUTHORITY","port":53997,"Company":"Microsoft Corporation","EventTime":"2020-08-05 03:48:29","Severity":"INFO","Product":"Microsoft Windows Operating System","@timestamp":"2020-08-05T07:48:29.677Z","Task":7,"ImageLoaded":"C:\\Windows\\System32\\sechost.dll","EventReceivedTime":"2020-08-05 03:48:29"}
{"SourceProcessGUID":"{8715b604-0fd2-5f2a-8d02-000000000400}","UtcTime":"2020-08-05 07:48:29.187","GrantedAccess":"0x1fffff","@version":"1","Keywords":-9223372036854775808,"ThreadID":4452,"TargetProcessId":"3108","UserID":"S-1-5-18","Version":3,"TargetProcessGUID":"{8715b604-644d-5f2a-a005-000000000400}","TargetImage":"C:\\windows\\system32\\sc.exe","CallTrace":"C:\\windows\\SYSTEM32\\ntdll.dll+9c534|C:\\windows\\System32\\KERNELBASE.dll+2726e|c:\\windows\\system32\\pcasvc.dll+13827|c:\\windows\\system32\\pcasvc.dll+f736|c:\\windows\\system32\\pcasvc.dll+16844|C:\\windows\\System32\\KERNEL32.DLL+17bd4|C:\\windows\\SYSTEM32\\ntdll.dll+6ce51","host":"wec.internal.cloudapp.net","Message":"Process accessed:\r\nRuleName: -\r\nUtcTime: 2020-08-05 07:48:29.187\r\nSourceProcessGUID: {8715b604-0fd2-5f2a-8d02-000000000400}\r\nSourceProcessId: 2696\r\nSourceThreadId: 8940\r\nSourceImage: C:\\windows\\system32\\svchost.exe\r\nTargetProcessGUID: {8715b604-644d-5f2a-a005-000000000400}\r\nTargetProcessId: 3108\r\nTargetImage: C:\\windows\\system32\\sc.exe\r\nGrantedAccess: 0x1FFFFF\r\nCallTrace: C:\\windows\\SYSTEM32\\ntdll.dll+9c534|C:\\windows\\System32\\KERNELBASE.dll+2726e|c:\\windows\\system32\\pcasvc.dll+13827|c:\\windows\\system32\\pcasvc.dll+f736|c:\\windows\\system32\\pcasvc.dll+16844|C:\\windows\\System32\\KERNEL32.DLL+17bd4|C:\\windows\\SYSTEM32\\ntdll.dll+6ce51","SourceModuleName":"eventlog","SourceThreadId":"8940","SourceName":"Microsoft-Windows-Sysmon","SourceProcessId":"2696","SeverityValue":2,"tags":["mordorDataset"],"Channel":"Microsoft-Windows-Sysmon/Operational","ProviderGuid":"{5770385F-C22A-43E0-BF4C-06F5698FFBD9}","RuleName":"-","EventID":10,"RecordNumber":539855,"Hostname":"WORKSTATION5.theshire.local","SourceImage":"C:\\windows\\system32\\svchost.exe","ProcessId":"2696","SourceModuleType":"im_msvistalog","Domain":"NT AUTHORITY","port":53997,"EventTime":"2020-08-05 03:48:29","Severity":"INFO","ExecutionProcessID":3484,"AccountName":"SYSTEM","OpcodeValue":0,"@timestamp":"2020-08-05T07:48:29.678Z","Task":10,"EventType":"INFO","EventReceivedTime":"2020-08-05 03:48:29","AccountType":"User"}
{"@version":"1","ThreadID":4452,"UserID":"S-1-5-18","Version":5,"Message":"Process Create:\r\nRuleName: -\r\nUtcTime: 2020-08-05 07:48:29.192\r\nProcessGuid: {8715b604-644d-5f2a-a005-000000000400}\r\nProcessId: 3108\r\nImage: C:\\Windows\\System32\\sc.exe\r\nFileVersion: 10.0.18362.1 (WinBuild.160101.0800)\r\nDescription: Service Control Manager Configuration Tool\r\nProduct: Microsoft Windows Operating System\r\nCompany: Microsoft Corporation\r\nOriginalFileName: sc.exe\r\nCommandLine: sc.exe  \\\\MORDORDC.theshire.local query IKEEXT\r\nCurrentDirectory: C:\\Users\\pgustavo\\Desktop\\\r\nUser: THESHIRE\\pgustavo\r\nLogonGuid: {8715b604-0fc7-5f2a-fcd3-1f0000000000}\r\nLogonId: 0x1FD3FC\r\nTerminalSessionId: 2\r\nIntegrityLevel: Medium\r\nHashes: SHA1=937FAB1F3A34287C44B11C3CB18A964FF6C84983,MD5=E46C638010C25479F66BACBE8596CA76,SHA256=39C59C362649090B4D34E5C8221C6E86552C07FE2DF3478D591A68B70917BC0A,IMPHASH=35A7FFDE18D444A92D32C8B2879450FF\r\nParentProcessGuid: {8715b604-644d-5f2a-9e05-000000000400}\r\nParentProcessId: 6960\r\nParentImage: C:\\Windows\\System32\\cmd.exe\r\nParentCommandLine: \"cmd.exe\" /c sc.exe \\\\MORDORDC.theshire.local query IKEEXT","ParentImage":"C:\\Windows\\System32\\cmd.exe","ParentCommandLine":"\"cmd.exe\" /c sc.exe \\\\MORDORDC.theshire.local query IKEEXT","ProcessGuid":"{8715b604-644d-5f2a-a005-000000000400}","User":"THESHIRE\\pgustavo","SourceName":"Microsoft-Windows-Sysmon","Hashes":"SHA1=937FAB1F3A34287C44B11C3CB18A964FF6C84983,MD5=E46C638010C25479F66BACBE8596CA76,SHA256=39C59C362649090B4D34E5C8221C6E86552C07FE2DF3478D591A68B70917BC0A,IMPHASH=35A7FFDE18D444A92D32C8B2879450FF","tags":["mordorDataset"],"RuleName":"-","ProviderGuid":"{5770385F-C22A-43E0-BF4C-06F5698FFBD9}","EventID":1,"RecordNumber":539856,"ParentProcessId":"6960","Hostname":"WORKSTATION5.theshire.local","SourceModuleType":"im_msvistalog","ExecutionProcessID":3484,"AccountName":"SYSTEM","OpcodeValue":0,"EventType":"INFO","LogonGuid":"{8715b604-0fc7-5f2a-fcd3-1f0000000000}","FileVersion":"10.0.18362.1 (WinBuild.160101.0800)","Image":"C:\\Windows\\System32\\sc.exe","AccountType":"User","UtcTime":"2020-08-05 07:48:29.192","Keywords":-9223372036854775808,"IntegrityLevel":"Medium","OriginalFileName":"sc.exe","host":"wec.internal.cloudapp.net","TerminalSessionId":"2","ParentProcessGuid":"{8715b604-644d-5f2a-9e05-000000000400}","SourceModuleName":"eventlog","CurrentDirectory":"C:\\Users\\pgustavo\\Desktop\\","SeverityValue":2,"Channel":"Microsoft-Windows-Sysmon/Operational","Description":"Service Control Manager Configuration Tool","ProcessId":"3108","Domain":"NT AUTHORITY","port":53997,"Company":"Microsoft Corporation","EventTime":"2020-08-05 03:48:29","Severity":"INFO","Product":"Microsoft Windows Operating System","CommandLine":"sc.exe  \\\\MORDORDC.theshire.local query IKEEXT","LogonId":"0x1fd3fc","@timestamp":"2020-08-05T07:48:29.678Z","Task":1,"EventReceivedTime":"2020-08-05 03:48:29"}
{"SourceProcessGUID":"{8715b604-644d-5f2a-9e05-000000000400}","UtcTime":"2020-08-05 07:48:29.187","GrantedAccess":"0x1fffff","@version":"1","Keywords":-9223372036854775808,"ThreadID":4452,"TargetProcessId":"3108","UserID":"S-1-5-18","Version":3,"TargetProcessGUID":"{8715b604-644d-5f2a-a005-000000000400}","TargetImage":"C:\\windows\\system32\\sc.exe","CallTrace":"C:\\windows\\SYSTEM32\\ntdll.dll+9d8e4|C:\\windows\\System32\\KERNELBASE.dll+5f36a|C:\\windows\\System32\\KERNELBASE.dll+5bd06|C:\\windows\\System32\\KERNEL32.DLL+1be93|C:\\windows\\SYSTEM32\\cmd.exe+134fb|C:\\windows\\SYSTEM32\\cmd.exe+149f7|C:\\windows\\SYSTEM32\\cmd.exe+c0c1|C:\\windows\\SYSTEM32\\cmd.exe+b5e1|C:\\windows\\SYSTEM32\\cmd.exe+124e4|C:\\windows\\SYSTEM32\\cmd.exe+1822d|C:\\windows\\System32\\KERNEL32.DLL+17bd4|C:\\windows\\SYSTEM32\\ntdll.dll+6ce51","host":"wec.internal.cloudapp.net","Message":"Process accessed:\r\nRuleName: -\r\nUtcTime: 2020-08-05 07:48:29.187\r\nSourceProcessGUID: {8715b604-644d-5f2a-9e05-000000000400}\r\nSourceProcessId: 6960\r\nSourceThreadId: 5204\r\nSourceImage: C:\\windows\\SYSTEM32\\cmd.exe\r\nTargetProcessGUID: {8715b604-644d-5f2a-a005-000000000400}\r\nTargetProcessId: 3108\r\nTargetImage: C:\\windows\\system32\\sc.exe\r\nGrantedAccess: 0x1FFFFF\r\nCallTrace: C:\\windows\\SYSTEM32\\ntdll.dll+9d8e4|C:\\windows\\System32\\KERNELBASE.dll+5f36a|C:\\windows\\System32\\KERNELBASE.dll+5bd06|C:\\windows\\System32\\KERNEL32.DLL+1be93|C:\\windows\\SYSTEM32\\cmd.exe+134fb|C:\\windows\\SYSTEM32\\cmd.exe+149f7|C:\\windows\\SYSTEM32\\cmd.exe+c0c1|C:\\windows\\SYSTEM32\\cmd.exe+b5e1|C:\\windows\\SYSTEM32\\cmd.exe+124e4|C:\\windows\\SYSTEM32\\cmd.exe+1822d|C:\\windows\\System32\\KERNEL32.DLL+17bd4|C:\\windows\\SYSTEM32\\ntdll.dll+6ce51","SourceModuleName":"eventlog","SourceThreadId":"5204","SourceName":"Microsoft-Windows-Sysmon","SourceProcessId":"6960","SeverityValue":2,"tags":["mordorDataset"],"Channel":"Microsoft-Windows-Sysmon/Operational","ProviderGuid":"{5770385F-C22A-43E0-BF4C-06F5698FFBD9}","RuleName":"-","EventID":10,"RecordNumber":539857,"Hostname":"WORKSTATION5.theshire.local","SourceImage":"C:\\windows\\SYSTEM32\\cmd.exe","ProcessId":"6960","SourceModuleType":"im_msvistalog","Domain":"NT AUTHORITY","port":53997,"EventTime":"2020-08-05 03:48:29","Severity":"INFO","ExecutionProcessID":3484,"AccountName":"SYSTEM","OpcodeValue":0,"@timestamp":"2020-08-05T07:48:29.678Z","Task":10,"EventType":"INFO","EventReceivedTime":"2020-08-05 03:48:29","AccountType":"User"}
{"SourceProcessGUID":"{8715b604-0fc4-5f2a-6702-000000000400}","UtcTime":"2020-08-05 07:48:29.187","GrantedAccess":"0x1fffff","@version":"1","Keywords":-9223372036854775808,"ThreadID":4452,"TargetProcessId":"3108","UserID":"S-1-5-18","Version":3,"TargetProcessGUID":"{8715b604-644d-5f2a-a005-000000000400}","TargetImage":"C:\\windows\\system32\\sc.exe","CallTrace":"C:\\windows\\SYSTEM32\\ntdll.dll+9c534|C:\\windows\\system32\\basesrv.DLL+2fba|C:\\windows\\SYSTEM32\\CSRSRV.dll+5af4|C:\\windows\\SYSTEM32\\ntdll.dll+6ce5f","host":"wec.internal.cloudapp.net","Message":"Process accessed:\r\nRuleName: -\r\nUtcTime: 2020-08-05 07:48:29.187\r\nSourceProcessGUID: {8715b604-0fc4-5f2a-6702-000000000400}\r\nSourceProcessId: 5704\r\nSourceThreadId: 5108\r\nSourceImage: C:\\windows\\system32\\csrss.exe\r\nTargetProcessGUID: {8715b604-644d-5f2a-a005-000000000400}\r\nTargetProcessId: 3108\r\nTargetImage: C:\\windows\\system32\\sc.exe\r\nGrantedAccess: 0x1FFFFF\r\nCallTrace: C:\\windows\\SYSTEM32\\ntdll.dll+9c534|C:\\windows\\system32\\basesrv.DLL+2fba|C:\\windows\\SYSTEM32\\CSRSRV.dll+5af4|C:\\windows\\SYSTEM32\\ntdll.dll+6ce5f","SourceModuleName":"eventlog","SourceThreadId":"5108","SourceName":"Microsoft-Windows-Sysmon","SourceProcessId":"5704","SeverityValue":2,"tags":["mordorDataset"],"Channel":"Microsoft-Windows-Sysmon/Operational","ProviderGuid":"{5770385F-C22A-43E0-BF4C-06F5698FFBD9}","RuleName":"-","EventID":10,"RecordNumber":539858,"Hostname":"WORKSTATION5.theshire.local","SourceImage":"C:\\windows\\system32\\csrss.exe","ProcessId":"5704","SourceModuleType":"im_msvistalog","Domain":"NT AUTHORITY","port":53997,"EventTime":"2020-08-05 03:48:29","Severity":"INFO","ExecutionProcessID":3484,"AccountName":"SYSTEM","OpcodeValue":0,"@timestamp":"2020-08-05T07:48:30.673Z","Task":10,"EventType":"INFO","EventReceivedTime":"2020-08-05 03:48:30","AccountType":"User"}
{"@version":"1","ThreadID":4452,"UserID":"S-1-5-18","Version":3,"Message":"Image loaded:\r\nRuleName: -\r\nUtcTime: 2020-08-05 07:48:29.187\r\nProcessGuid: {8715b604-644d-5f2a-a005-000000000400}\r\nProcessId: 3108\r\nImage: C:\\Windows\\System32\\sc.exe\r\nImageLoaded: C:\\Windows\\System32\\ntdll.dll\r\nFileVersion: 10.0.18362.815 (WinBuild.160101.0800)\r\nDescription: NT Layer DLL\r\nProduct: Microsoft Windows Operating System\r\nCompany: Microsoft Corporation\r\nOriginalFileName: ntdll.dll\r\nHashes: SHA1=DA6F07ACD354EBADE6A2BF11BD07636743E5D533,MD5=EFEB7F6C44B3EF7F5ADAAD87D52BBBF4,SHA256=BD6F1360F1C3BBD80117CF17E5FB0B5FE48141E1DEEA217D406CB4DB31B45EEB,IMPHASH=00000000000000000000000000000000\r\nSigned: true\r\nSignature: Microsoft Windows\r\nSignatureStatus: Valid","ProcessGuid":"{8715b604-644d-5f2a-a005-000000000400}","SourceName":"Microsoft-Windows-Sysmon","Hashes":"SHA1=DA6F07ACD354EBADE6A2BF11BD07636743E5D533,MD5=EFEB7F6C44B3EF7F5ADAAD87D52BBBF4,SHA256=BD6F1360F1C3BBD80117CF17E5FB0B5FE48141E1DEEA217D406CB4DB31B45EEB,IMPHASH=00000000000000000000000000000000","Signature":"Microsoft Windows","tags":["mordorDataset"],"RuleName":"-","ProviderGuid":"{5770385F-C22A-43E0-BF4C-06F5698FFBD9}","EventID":7,"RecordNumber":539859,"Hostname":"WORKSTATION5.theshire.local","SourceModuleType":"im_msvistalog","Signed":"true","ExecutionProcessID":3484,"AccountName":"SYSTEM","OpcodeValue":0,"EventType":"INFO","FileVersion":"10.0.18362.815 (WinBuild.160101.0800)","Image":"C:\\Windows\\System32\\sc.exe","AccountType":"User","UtcTime":"2020-08-05 07:48:29.187","Keywords":-9223372036854775808,"OriginalFileName":"ntdll.dll","host":"wec.internal.cloudapp.net","SourceModuleName":"eventlog","SeverityValue":2,"SignatureStatus":"Valid","Channel":"Microsoft-Windows-Sysmon/Operational","Description":"NT Layer DLL","ProcessId":"3108","Domain":"NT AUTHORITY","port":53997,"Company":"Microsoft Corporation","EventTime":"2020-08-05 03:48:29","Severity":"INFO","Product":"Microsoft Windows Operating System","@timestamp":"2020-08-05T07:48:30.673Z","Task":7,"ImageLoaded":"C:\\Windows\\System32\\ntdll.dll","EventReceivedTime":"2020-08-05 03:48:30"}
{"UtcTime":"2020-08-05 07:48:29.187","@version":"1","Keywords":-9223372036854775808,"ThreadID":4452,"UserID":"S-1-5-18","Version":2,"host":"wec.internal.cloudapp.net","Message":"RawAccessRead detected:\r\nRuleName: -\r\nUtcTime: 2020-08-05 07:48:29.187\r\nProcessGuid: {8715b604-0de3-5f2a-0100-000000000400}\r\nProcessId: 4\r\nImage: System\r\nDevice: \\Device\\HarddiskVolume1","SourceModuleName":"eventlog","ProcessGuid":"{8715b604-0de3-5f2a-0100-000000000400}","SourceName":"Microsoft-Windows-Sysmon","SeverityValue":2,"tags":["mordorDataset"],"Channel":"Microsoft-Windows-Sysmon/Operational","ProviderGuid":"{5770385F-C22A-43E0-BF4C-06F5698FFBD9}","RuleName":"-","EventID":9,"RecordNumber":539860,"Device":"\\Device\\HarddiskVolume1","Hostname":"WORKSTATION5.theshire.local","ProcessId":"4","SourceModuleType":"im_msvistalog","Domain":"NT AUTHORITY","port":53997,"EventTime":"2020-08-05 03:48:29","Severity":"INFO","ExecutionProcessID":3484,"AccountName":"SYSTEM","OpcodeValue":0,"@timestamp":"2020-08-05T07:48:30.673Z","Task":9,"EventType":"INFO","EventReceivedTime":"2020-08-05 03:48:30","Image":"System","AccountType":"User"}
{"UtcTime":"2020-08-05 07:48:29.187","@version":"1","Keywords":-9223372036854775808,"ThreadID":4452,"UserID":"S-1-5-18","Version":2,"host":"wec.internal.cloudapp.net","Message":"RawAccessRead detected:\r\nRuleName: -\r\nUtcTime: 2020-08-05 07:48:29.187\r\nProcessGuid: {8715b604-0de3-5f2a-0100-000000000400}\r\nProcessId: 4\r\nImage: System\r\nDevice: \\Device\\HarddiskVolume2","SourceModuleName":"eventlog","ProcessGuid":"{8715b604-0de3-5f2a-0100-000000000400}","SourceName":"Microsoft-Windows-Sysmon","SeverityValue":2,"tags":["mordorDataset"],"Channel":"Microsoft-Windows-Sysmon/Operational","ProviderGuid":"{5770385F-C22A-43E0-BF4C-06F5698FFBD9}","RuleName":"-","EventID":9,"RecordNumber":539861,"Device":"\\Device\\HarddiskVolume2","Hostname":"WORKSTATION5.theshire.local","ProcessId":"4","SourceModuleType":"im_msvistalog","Domain":"NT AUTHORITY","port":53997,"EventTime":"2020-08-05 03:48:29","Severity":"INFO","ExecutionProcessID":3484,"AccountName":"SYSTEM","OpcodeValue":0,"@timestamp":"2020-08-05T07:48:30.673Z","Task":9,"EventType":"INFO","EventReceivedTime":"2020-08-05 03:48:30","Image":"System","AccountType":"User"}
{"UtcTime":"2020-08-05 07:48:29.187","@version":"1","Keywords":-9223372036854775808,"ThreadID":4452,"UserID":"S-1-5-18","Version":2,"host":"wec.internal.cloudapp.net","Message":"RawAccessRead detected:\r\nRuleName: -\r\nUtcTime: 2020-08-05 07:48:29.187\r\nProcessGuid: {8715b604-0de3-5f2a-0100-000000000400}\r\nProcessId: 4\r\nImage: System\r\nDevice: \\Device\\HarddiskVolume3","SourceModuleName":"eventlog","ProcessGuid":"{8715b604-0de3-5f2a-0100-000000000400}","SourceName":"Microsoft-Windows-Sysmon","SeverityValue":2,"tags":["mordorDataset"],"Channel":"Microsoft-Windows-Sysmon/Operational","ProviderGuid":"{5770385F-C22A-43E0-BF4C-06F5698FFBD9}","RuleName":"-","EventID":9,"RecordNumber":539862,"Device":"\\Device\\HarddiskVolume3","Hostname":"WORKSTATION5.theshire.local","ProcessId":"4","SourceModuleType":"im_msvistalog","Domain":"NT AUTHORITY","port":53997,"EventTime":"2020-08-05 03:48:29","Severity":"INFO","ExecutionProcessID":3484,"AccountName":"SYSTEM","OpcodeValue":0,"@timestamp":"2020-08-05T07:48:30.674Z","Task":9,"EventType":"INFO","EventReceivedTime":"2020-08-05 03:48:30","Image":"System","AccountType":"User"}
{"@version":"1","ThreadID":4452,"UserID":"S-1-5-18","Version":3,"Message":"Image loaded:\r\nRuleName: -\r\nUtcTime: 2020-08-05 07:48:29.187\r\nProcessGuid: {8715b604-644d-5f2a-a005-000000000400}\r\nProcessId: 3108\r\nImage: C:\\Windows\\System32\\sc.exe\r\nImageLoaded: C:\\Windows\\System32\\kernel32.dll\r\nFileVersion: 10.0.18362.959 (WinBuild.160101.0800)\r\nDescription: Windows NT BASE API Client DLL\r\nProduct: Microsoft Windows Operating System\r\nCompany: Microsoft Corporation\r\nOriginalFileName: kernel32\r\nHashes: SHA1=861B3BED1C7A310693C4DBE6B83D2241799B8ADF,MD5=30FB387E4FE35F85A609C916A828632C,SHA256=A3A98D05125F1BABF3D9F2D2C50A4D2EF5FE240BE97BD8E0B285F3BDCAE6E79F,IMPHASH=F9F97E60CFCD78BE051D9570C88FFB6F\r\nSigned: true\r\nSignature: Microsoft Windows\r\nSignatureStatus: Valid","ProcessGuid":"{8715b604-644d-5f2a-a005-000000000400}","SourceName":"Microsoft-Windows-Sysmon","Hashes":"SHA1=861B3BED1C7A310693C4DBE6B83D2241799B8ADF,MD5=30FB387E4FE35F85A609C916A828632C,SHA256=A3A98D05125F1BABF3D9F2D2C50A4D2EF5FE240BE97BD8E0B285F3BDCAE6E79F,IMPHASH=F9F97E60CFCD78BE051D9570C88FFB6F","Signature":"Microsoft Windows","tags":["mordorDataset"],"RuleName":"-","ProviderGuid":"{5770385F-C22A-43E0-BF4C-06F5698FFBD9}","EventID":7,"RecordNumber":539863,"Hostname":"WORKSTATION5.theshire.local","SourceModuleType":"im_msvistalog","Signed":"true","ExecutionProcessID":3484,"AccountName":"SYSTEM","OpcodeValue":0,"EventType":"INFO","FileVersion":"10.0.18362.959 (WinBuild.160101.0800)","Image":"C:\\Windows\\System32\\sc.exe","AccountType":"User","UtcTime":"2020-08-05 07:48:29.187","Keywords":-9223372036854775808,"OriginalFileName":"kernel32","host":"wec.internal.cloudapp.net","SourceModuleName":"eventlog","SeverityValue":2,"SignatureStatus":"Valid","Channel":"Microsoft-Windows-Sysmon/Operational","Description":"Windows NT BASE API Client DLL","ProcessId":"3108","Domain":"NT AUTHORITY","port":53997,"Company":"Microsoft Corporation","EventTime":"2020-08-05 03:48:29","Severity":"INFO","Product":"Microsoft Windows Operating System","@timestamp":"2020-08-05T07:48:30.674Z","Task":7,"ImageLoaded":"C:\\Windows\\System32\\kernel32.dll","EventReceivedTime":"2020-08-05 03:48:30"}
{"@version":"1","ThreadID":4452,"UserID":"S-1-5-18","Version":3,"Message":"Image loaded:\r\nRuleName: -\r\nUtcTime: 2020-08-05 07:48:29.187\r\nProcessGuid: {8715b604-644d-5f2a-a005-000000000400}\r\nProcessId: 3108\r\nImage: C:\\Windows\\System32\\sc.exe\r\nImageLoaded: C:\\Windows\\System32\\KernelBase.dll\r\nFileVersion: 10.0.18362.959 (WinBuild.160101.0800)\r\nDescription: Windows NT BASE API Client DLL\r\nProduct: Microsoft Windows Operating System\r\nCompany: Microsoft Corporation\r\nOriginalFileName: Kernelbase.dll\r\nHashes: SHA1=7EB3D299175654830C4EA067287E1DB6AE2910FE,MD5=DCF8378DFF8EE1AE20149C9FD3E8F272,SHA256=9C495442B2F0BE678EB4F28A04290B2CEB11197B46B7332F957BCC8D6FD7AEF1,IMPHASH=EE04B80B0375B4716981CFBD3F0E9003\r\nSigned: true\r\nSignature: Microsoft Windows\r\nSignatureStatus: Valid","ProcessGuid":"{8715b604-644d-5f2a-a005-000000000400}","SourceName":"Microsoft-Windows-Sysmon","Hashes":"SHA1=7EB3D299175654830C4EA067287E1DB6AE2910FE,MD5=DCF8378DFF8EE1AE20149C9FD3E8F272,SHA256=9C495442B2F0BE678EB4F28A04290B2CEB11197B46B7332F957BCC8D6FD7AEF1,IMPHASH=EE04B80B0375B4716981CFBD3F0E9003","Signature":"Microsoft Windows","tags":["mordorDataset"],"RuleName":"-","ProviderGuid":"{5770385F-C22A-43E0-BF4C-06F5698FFBD9}","EventID":7,"RecordNumber":539864,"Hostname":"WORKSTATION5.theshire.local","SourceModuleType":"im_msvistalog","Signed":"true","ExecutionProcessID":3484,"AccountName":"SYSTEM","OpcodeValue":0,"EventType":"INFO","FileVersion":"10.0.18362.959 (WinBuild.160101.0800)","Image":"C:\\Windows\\System32\\sc.exe","AccountType":"User","UtcTime":"2020-08-05 07:48:29.187","Keywords":-9223372036854775808,"OriginalFileName":"Kernelbase.dll","host":"wec.internal.cloudapp.net","SourceModuleName":"eventlog","SeverityValue":2,"SignatureStatus":"Valid","Channel":"Microsoft-Windows-Sysmon/Operational","Description":"Windows NT BASE API Client DLL","ProcessId":"3108","Domain":"NT AUTHORITY","port":53997,"Company":"Microsoft Corporation","EventTime":"2020-08-05 03:48:29","Severity":"INFO","Product":"Microsoft Windows Operating System","@timestamp":"2020-08-05T07:48:30.674Z","Task":7,"ImageLoaded":"C:\\Windows\\System32\\KernelBase.dll","EventReceivedTime":"2020-08-05 03:48:30"}
{"SourceProcessGUID":"{8715b604-644d-5f2a-9f05-000000000400}","UtcTime":"2020-08-05 07:48:29.187","GrantedAccess":"0x1fffff","@version":"1","Keywords":-9223372036854775808,"ThreadID":4452,"TargetProcessId":"3108","UserID":"S-1-5-18","Version":3,"TargetProcessGUID":"{8715b604-644d-5f2a-a005-000000000400}","TargetImage":"C:\\windows\\system32\\sc.exe","CallTrace":"C:\\windows\\SYSTEM32\\ntdll.dll+9c534|C:\\windows\\System32\\KERNELBASE.dll+2726e|C:\\windows\\system32\\conhost.exe+1260d|C:\\windows\\system32\\conhost.exe+12505|C:\\windows\\system32\\conhost.exe+895c|C:\\windows\\system32\\conhost.exe+f2e6|C:\\windows\\System32\\KERNEL32.DLL+17bd4|C:\\windows\\SYSTEM32\\ntdll.dll+6ce51","host":"wec.internal.cloudapp.net","Message":"Process accessed:\r\nRuleName: -\r\nUtcTime: 2020-08-05 07:48:29.187\r\nSourceProcessGUID: {8715b604-644d-5f2a-9f05-000000000400}\r\nSourceProcessId: 5000\r\nSourceThreadId: 3452\r\nSourceImage: C:\\windows\\system32\\conhost.exe\r\nTargetProcessGUID: {8715b604-644d-5f2a-a005-000000000400}\r\nTargetProcessId: 3108\r\nTargetImage: C:\\windows\\system32\\sc.exe\r\nGrantedAccess: 0x1FFFFF\r\nCallTrace: C:\\windows\\SYSTEM32\\ntdll.dll+9c534|C:\\windows\\System32\\KERNELBASE.dll+2726e|C:\\windows\\system32\\conhost.exe+1260d|C:\\windows\\system32\\conhost.exe+12505|C:\\windows\\system32\\conhost.exe+895c|C:\\windows\\system32\\conhost.exe+f2e6|C:\\windows\\System32\\KERNEL32.DLL+17bd4|C:\\windows\\SYSTEM32\\ntdll.dll+6ce51","SourceModuleName":"eventlog","SourceThreadId":"3452","SourceName":"Microsoft-Windows-Sysmon","SourceProcessId":"5000","SeverityValue":2,"tags":["mordorDataset"],"Channel":"Microsoft-Windows-Sysmon/Operational","ProviderGuid":"{5770385F-C22A-43E0-BF4C-06F5698FFBD9}","RuleName":"-","EventID":10,"RecordNumber":539865,"Hostname":"WORKSTATION5.theshire.local","SourceImage":"C:\\windows\\system32\\conhost.exe","ProcessId":"5000","SourceModuleType":"im_msvistalog","Domain":"NT AUTHORITY","port":53997,"EventTime":"2020-08-05 03:48:29","Severity":"INFO","ExecutionProcessID":3484,"AccountName":"SYSTEM","OpcodeValue":0,"@timestamp":"2020-08-05T07:48:30.675Z","Task":10,"EventType":"INFO","EventReceivedTime":"2020-08-05 03:48:30","AccountType":"User"}
{"@version":"1","ThreadID":4452,"UserID":"S-1-5-18","Version":3,"Message":"Image loaded:\r\nRuleName: -\r\nUtcTime: 2020-08-05 07:48:29.203\r\nProcessGuid: {8715b604-644d-5f2a-a005-000000000400}\r\nProcessId: 3108\r\nImage: C:\\Windows\\System32\\sc.exe\r\nImageLoaded: C:\\Windows\\System32\\msvcrt.dll\r\nFileVersion: 7.0.18362.1 (WinBuild.160101.0800)\r\nDescription: Windows NT CRT DLL\r\nProduct: Microsoft Windows Operating System\r\nCompany: Microsoft Corporation\r\nOriginalFileName: msvcrt.dll\r\nHashes: SHA1=0EA4B3CFB14E49CEC0D42FF0F1FA989E69647A8F,MD5=36354D9B5B0A58A4B9A19103852C00A2,SHA256=E5A863D3F4BFEFED7D73A7B1499F81B7235BC9AE3C108065041BCB8E5446B1BB,IMPHASH=1273683626EBBA703979F188A1E64237\r\nSigned: true\r\nSignature: Microsoft Windows\r\nSignatureStatus: Valid","ProcessGuid":"{8715b604-644d-5f2a-a005-000000000400}","SourceName":"Microsoft-Windows-Sysmon","Hashes":"SHA1=0EA4B3CFB14E49CEC0D42FF0F1FA989E69647A8F,MD5=36354D9B5B0A58A4B9A19103852C00A2,SHA256=E5A863D3F4BFEFED7D73A7B1499F81B7235BC9AE3C108065041BCB8E5446B1BB,IMPHASH=1273683626EBBA703979F188A1E64237","Signature":"Microsoft Windows","tags":["mordorDataset"],"RuleName":"-","ProviderGuid":"{5770385F-C22A-43E0-BF4C-06F5698FFBD9}","EventID":7,"RecordNumber":539866,"Hostname":"WORKSTATION5.theshire.local","SourceModuleType":"im_msvistalog","Signed":"true","ExecutionProcessID":3484,"AccountName":"SYSTEM","OpcodeValue":0,"EventType":"INFO","FileVersion":"7.0.18362.1 (WinBuild.160101.0800)","Image":"C:\\Windows\\System32\\sc.exe","AccountType":"User","UtcTime":"2020-08-05 07:48:29.203","Keywords":-9223372036854775808,"OriginalFileName":"msvcrt.dll","host":"wec.internal.cloudapp.net","SourceModuleName":"eventlog","SeverityValue":2,"SignatureStatus":"Valid","Channel":"Microsoft-Windows-Sysmon/Operational","Description":"Windows NT CRT DLL","ProcessId":"3108","Domain":"NT AUTHORITY","port":53997,"Company":"Microsoft Corporation","EventTime":"2020-08-05 03:48:29","Severity":"INFO","Product":"Microsoft Windows Operating System","@timestamp":"2020-08-05T07:48:30.675Z","Task":7,"ImageLoaded":"C:\\Windows\\System32\\msvcrt.dll","EventReceivedTime":"2020-08-05 03:48:30"}
{"@version":"1","ThreadID":4452,"UserID":"S-1-5-18","Version":3,"Message":"Image loaded:\r\nRuleName: -\r\nUtcTime: 2020-08-05 07:48:29.203\r\nProcessGuid: {8715b604-644d-5f2a-a005-000000000400}\r\nProcessId: 3108\r\nImage: C:\\Windows\\System32\\sc.exe\r\nImageLoaded: C:\\Windows\\System32\\rpcrt4.dll\r\nFileVersion: 10.0.18362.628 (WinBuild.160101.0800)\r\nDescription: Remote Procedure Call Runtime\r\nProduct: Microsoft Windows Operating System\r\nCompany: Microsoft Corporation\r\nOriginalFileName: rpcrt4.dll\r\nHashes: SHA1=D2AD4D4A061147CA2102FD1198A1AB5E81089687,MD5=8282B62C9241DAD339EDCFEDB59A0B83,SHA256=775FAEA773B0A023C724A93A3692CE5A237DC8B4B7C5A93C95412A4493CAFAA0,IMPHASH=88E7E7C7FA90052EC162DD37F2B7C7BD\r\nSigned: true\r\nSignature: Microsoft Windows\r\nSignatureStatus: Valid","ProcessGuid":"{8715b604-644d-5f2a-a005-000000000400}","SourceName":"Microsoft-Windows-Sysmon","Hashes":"SHA1=D2AD4D4A061147CA2102FD1198A1AB5E81089687,MD5=8282B62C9241DAD339EDCFEDB59A0B83,SHA256=775FAEA773B0A023C724A93A3692CE5A237DC8B4B7C5A93C95412A4493CAFAA0,IMPHASH=88E7E7C7FA90052EC162DD37F2B7C7BD","Signature":"Microsoft Windows","tags":["mordorDataset"],"RuleName":"-","ProviderGuid":"{5770385F-C22A-43E0-BF4C-06F5698FFBD9}","EventID":7,"RecordNumber":539867,"Hostname":"WORKSTATION5.theshire.local","SourceModuleType":"im_msvistalog","Signed":"true","ExecutionProcessID":3484,"AccountName":"SYSTEM","OpcodeValue":0,"EventType":"INFO","FileVersion":"10.0.18362.628 (WinBuild.160101.0800)","Image":"C:\\Windows\\System32\\sc.exe","AccountType":"User","UtcTime":"2020-08-05 07:48:29.203","Keywords":-9223372036854775808,"OriginalFileName":"rpcrt4.dll","host":"wec.internal.cloudapp.net","SourceModuleName":"eventlog","SeverityValue":2,"SignatureStatus":"Valid","Channel":"Microsoft-Windows-Sysmon/Operational","Description":"Remote Procedure Call Runtime","ProcessId":"3108","Domain":"NT AUTHORITY","port":53997,"Company":"Microsoft Corporation","EventTime":"2020-08-05 03:48:29","Severity":"INFO","Product":"Microsoft Windows Operating System","@timestamp":"2020-08-05T07:48:30.675Z","Task":7,"ImageLoaded":"C:\\Windows\\System32\\rpcrt4.dll","EventReceivedTime":"2020-08-05 03:48:30"}
{"@version":"1","ThreadID":4456,"UserID":"S-1-5-18","Version":3,"Message":"Image loaded:\r\nRuleName: -\r\nUtcTime: 2020-08-05 07:48:29.187\r\nProcessGuid: {8715b604-644d-5f2a-a005-000000000400}\r\nProcessId: 3108\r\nImage: C:\\Windows\\System32\\sc.exe\r\nImageLoaded: C:\\Windows\\System32\\sc.exe\r\nFileVersion: 10.0.18362.1 (WinBuild.160101.0800)\r\nDescription: Service Control Manager Configuration Tool\r\nProduct: Microsoft Windows Operating System\r\nCompany: Microsoft Corporation\r\nOriginalFileName: sc.exe\r\nHashes: SHA1=937FAB1F3A34287C44B11C3CB18A964FF6C84983,MD5=E46C638010C25479F66BACBE8596CA76,SHA256=39C59C362649090B4D34E5C8221C6E86552C07FE2DF3478D591A68B70917BC0A,IMPHASH=35A7FFDE18D444A92D32C8B2879450FF\r\nSigned: true\r\nSignature: Microsoft Windows\r\nSignatureStatus: Valid","ProcessGuid":"{8715b604-644d-5f2a-a005-000000000400}","SourceName":"Microsoft-Windows-Sysmon","Hashes":"SHA1=937FAB1F3A34287C44B11C3CB18A964FF6C84983,MD5=E46C638010C25479F66BACBE8596CA76,SHA256=39C59C362649090B4D34E5C8221C6E86552C07FE2DF3478D591A68B70917BC0A,IMPHASH=35A7FFDE18D444A92D32C8B2879450FF","Signature":"Microsoft Windows","tags":["mordorDataset"],"RuleName":"-","ProviderGuid":"{5770385F-C22A-43E0-BF4C-06F5698FFBD9}","EventID":7,"RecordNumber":539868,"Hostname":"WORKSTATION5.theshire.local","SourceModuleType":"im_msvistalog","Signed":"true","ExecutionProcessID":3484,"AccountName":"SYSTEM","OpcodeValue":0,"EventType":"INFO","FileVersion":"10.0.18362.1 (WinBuild.160101.0800)","Image":"C:\\Windows\\System32\\sc.exe","AccountType":"User","UtcTime":"2020-08-05 07:48:29.187","Keywords":-9223372036854775808,"OriginalFileName":"sc.exe","host":"wec.internal.cloudapp.net","SourceModuleName":"eventlog","SeverityValue":2,"SignatureStatus":"Valid","Channel":"Microsoft-Windows-Sysmon/Operational","Description":"Service Control Manager Configuration Tool","ProcessId":"3108","Domain":"NT AUTHORITY","port":53997,"Company":"Microsoft Corporation","EventTime":"2020-08-05 03:48:29","Severity":"INFO","Product":"Microsoft Windows Operating System","@timestamp":"2020-08-05T07:48:30.675Z","Task":7,"ImageLoaded":"C:\\Windows\\System32\\sc.exe","EventReceivedTime":"2020-08-05 03:48:30"}
{"@version":"1","ThreadID":4452,"UserID":"S-1-5-18","Version":3,"Message":"Image loaded:\r\nRuleName: -\r\nUtcTime: 2020-08-05 07:48:29.203\r\nProcessGuid: {8715b604-644d-5f2a-a005-000000000400}\r\nProcessId: 3108\r\nImage: C:\\Windows\\System32\\sc.exe\r\nImageLoaded: C:\\Windows\\System32\\sechost.dll\r\nFileVersion: 10.0.18362.959 (WinBuild.160101.0800)\r\nDescription: Host for SCM/SDDL/LSA Lookup APIs\r\nProduct: Microsoft Windows Operating System\r\nCompany: Microsoft Corporation\r\nOriginalFileName: sechost.dll\r\nHashes: SHA1=A330EDE32DFA03AE6808EE7FB6916D8DEB8F5DDE,MD5=A094E2B38D3DD864B07580D243CB6E43,SHA256=C441E19D20961D4E990E117A300ED318BEDBF2F8BA0FF07BEE7832AC502CDDF2,IMPHASH=CE4BD072766253F6A267D0284CA82002\r\nSigned: true\r\nSignature: Microsoft Windows\r\nSignatureStatus: Valid","ProcessGuid":"{8715b604-644d-5f2a-a005-000000000400}","SourceName":"Microsoft-Windows-Sysmon","Hashes":"SHA1=A330EDE32DFA03AE6808EE7FB6916D8DEB8F5DDE,MD5=A094E2B38D3DD864B07580D243CB6E43,SHA256=C441E19D20961D4E990E117A300ED318BEDBF2F8BA0FF07BEE7832AC502CDDF2,IMPHASH=CE4BD072766253F6A267D0284CA82002","Signature":"Microsoft Windows","tags":["mordorDataset"],"RuleName":"-","ProviderGuid":"{5770385F-C22A-43E0-BF4C-06F5698FFBD9}","EventID":7,"RecordNumber":539869,"Hostname":"WORKSTATION5.theshire.local","SourceModuleType":"im_msvistalog","Signed":"true","ExecutionProcessID":3484,"AccountName":"SYSTEM","OpcodeValue":0,"EventType":"INFO","FileVersion":"10.0.18362.959 (WinBuild.160101.0800)","Image":"C:\\Windows\\System32\\sc.exe","AccountType":"User","UtcTime":"2020-08-05 07:48:29.203","Keywords":-9223372036854775808,"OriginalFileName":"sechost.dll","host":"wec.internal.cloudapp.net","SourceModuleName":"eventlog","SeverityValue":2,"SignatureStatus":"Valid","Channel":"Microsoft-Windows-Sysmon/Operational","Description":"Host for SCM/SDDL/LSA Lookup APIs","ProcessId":"3108","Domain":"NT AUTHORITY","port":53997,"Company":"Microsoft Corporation","EventTime":"2020-08-05 03:48:29","Severity":"INFO","Product":"Microsoft Windows Operating System","@timestamp":"2020-08-05T07:48:30.676Z","Task":7,"ImageLoaded":"C:\\Windows\\System32\\sechost.dll","EventReceivedTime":"2020-08-05 03:48:30"}
{"@version":"1","ThreadID":4452,"UserID":"S-1-5-18","Version":3,"Message":"Image loaded:\r\nRuleName: -\r\nUtcTime: 2020-08-05 07:48:29.203\r\nProcessGuid: {8715b604-644d-5f2a-a005-000000000400}\r\nProcessId: 3108\r\nImage: C:\\Windows\\System32\\sc.exe\r\nImageLoaded: C:\\Windows\\System32\\ws2_32.dll\r\nFileVersion: 10.0.18362.387 (WinBuild.160101.0800)\r\nDescription: Windows Socket 2.0 32-Bit DLL\r\nProduct: Microsoft Windows Operating System\r\nCompany: Microsoft Corporation\r\nOriginalFileName: ws2_32.dll\r\nHashes: SHA1=0E931ED820C96CCAD23D4AFCB0ACD97C99155D11,MD5=C0F8DA7568D2F1534E0ABB0E69DC3280,SHA256=E419A4BBDF1D5E0601E90BAFC1558DBD7414CD44E098B581C1915EF2C6E38D0B,IMPHASH=70D7A835AF4CA9F98A94AAF1B60BF88F\r\nSigned: true\r\nSignature: Microsoft Windows\r\nSignatureStatus: Valid","ProcessGuid":"{8715b604-644d-5f2a-a005-000000000400}","SourceName":"Microsoft-Windows-Sysmon","Hashes":"SHA1=0E931ED820C96CCAD23D4AFCB0ACD97C99155D11,MD5=C0F8DA7568D2F1534E0ABB0E69DC3280,SHA256=E419A4BBDF1D5E0601E90BAFC1558DBD7414CD44E098B581C1915EF2C6E38D0B,IMPHASH=70D7A835AF4CA9F98A94AAF1B60BF88F","Signature":"Microsoft Windows","tags":["mordorDataset"],"RuleName":"-","ProviderGuid":"{5770385F-C22A-43E0-BF4C-06F5698FFBD9}","EventID":7,"RecordNumber":539870,"Hostname":"WORKSTATION5.theshire.local","SourceModuleType":"im_msvistalog","Signed":"true","ExecutionProcessID":3484,"AccountName":"SYSTEM","OpcodeValue":0,"EventType":"INFO","FileVersion":"10.0.18362.387 (WinBuild.160101.0800)","Image":"C:\\Windows\\System32\\sc.exe","AccountType":"User","UtcTime":"2020-08-05 07:48:29.203","Keywords":-9223372036854775808,"OriginalFileName":"ws2_32.dll","host":"wec.internal.cloudapp.net","SourceModuleName":"eventlog","SeverityValue":2,"SignatureStatus":"Valid","Channel":"Microsoft-Windows-Sysmon/Operational","Description":"Windows Socket 2.0 32-Bit DLL","ProcessId":"3108","Domain":"NT AUTHORITY","port":53997,"Company":"Microsoft Corporation","EventTime":"2020-08-05 03:48:29","Severity":"INFO","Product":"Microsoft Windows Operating System","@timestamp":"2020-08-05T07:48:30.676Z","Task":7,"ImageLoaded":"C:\\Windows\\System32\\ws2_32.dll","EventReceivedTime":"2020-08-05 03:48:30"}
{"@version":"1","ThreadID":4452,"UserID":"S-1-5-18","Version":3,"Message":"Image loaded:\r\nRuleName: -\r\nUtcTime: 2020-08-05 07:48:29.203\r\nProcessGuid: {8715b604-644d-5f2a-a005-000000000400}\r\nProcessId: 3108\r\nImage: C:\\Windows\\System32\\sc.exe\r\nImageLoaded: C:\\Windows\\System32\\sspicli.dll\r\nFileVersion: 10.0.18362.1 (WinBuild.160101.0800)\r\nDescription: Security Support Provider Interface\r\nProduct: Microsoft Windows Operating System\r\nCompany: Microsoft Corporation\r\nOriginalFileName: sspicli.dll\r\nHashes: SHA1=7965D4A2E57A263621662A921B7270B7B773FFEF,MD5=3E966F088D46A0EB482E3DC4AF266C0F,SHA256=106C7873DB17E4542022245EEA148F815CE547C36523861DDDB50103C65D8B07,IMPHASH=1A813D04520E602A9E31CB5E06F81D1D\r\nSigned: true\r\nSignature: Microsoft Windows\r\nSignatureStatus: Valid","ProcessGuid":"{8715b604-644d-5f2a-a005-000000000400}","SourceName":"Microsoft-Windows-Sysmon","Hashes":"SHA1=7965D4A2E57A263621662A921B7270B7B773FFEF,MD5=3E966F088D46A0EB482E3DC4AF266C0F,SHA256=106C7873DB17E4542022245EEA148F815CE547C36523861DDDB50103C65D8B07,IMPHASH=1A813D04520E602A9E31CB5E06F81D1D","Signature":"Microsoft Windows","tags":["mordorDataset"],"RuleName":"-","ProviderGuid":"{5770385F-C22A-43E0-BF4C-06F5698FFBD9}","EventID":7,"RecordNumber":539871,"Hostname":"WORKSTATION5.theshire.local","SourceModuleType":"im_msvistalog","Signed":"true","ExecutionProcessID":3484,"AccountName":"SYSTEM","OpcodeValue":0,"EventType":"INFO","FileVersion":"10.0.18362.1 (WinBuild.160101.0800)","Image":"C:\\Windows\\System32\\sc.exe","AccountType":"User","UtcTime":"2020-08-05 07:48:29.203","Keywords":-9223372036854775808,"OriginalFileName":"sspicli.dll","host":"wec.internal.cloudapp.net","SourceModuleName":"eventlog","SeverityValue":2,"SignatureStatus":"Valid","Channel":"Microsoft-Windows-Sysmon/Operational","Description":"Security Support Provider Interface","ProcessId":"3108","Domain":"NT AUTHORITY","port":53997,"Company":"Microsoft Corporation","EventTime":"2020-08-05 03:48:29","Severity":"INFO","Product":"Microsoft Windows Operating System","@timestamp":"2020-08-05T07:48:30.676Z","Task":7,"ImageLoaded":"C:\\Windows\\System32\\sspicli.dll","EventReceivedTime":"2020-08-05 03:48:30"}
{"SourceProcessGUID":"{8715b604-0de9-5f2a-0c00-000000000400}","UtcTime":"2020-08-05 07:48:29.203","GrantedAccess":"0x1000","@version":"1","Keywords":-9223372036854775808,"ThreadID":4452,"TargetProcessId":"3108","UserID":"S-1-5-18","Version":3,"TargetProcessGUID":"{8715b604-644d-5f2a-a005-000000000400}","TargetImage":"C:\\windows\\system32\\sc.exe","CallTrace":"C:\\windows\\SYSTEM32\\ntdll.dll+9d104|C:\\windows\\System32\\RPCRT4.dll+2d2c4|C:\\windows\\system32\\lsasrv.dll+176ae|C:\\windows\\SYSTEM32\\SspiSrv.dll+1a72|C:\\windows\\System32\\RPCRT4.dll+76953|C:\\windows\\System32\\RPCRT4.dll+da036|C:\\windows\\System32\\RPCRT4.dll+37a4c|C:\\windows\\System32\\RPCRT4.dll+548c8|C:\\windows\\System32\\RPCRT4.dll+2c921|C:\\windows\\System32\\RPCRT4.dll+2c1db|C:\\windows\\System32\\RPCRT4.dll+1a86f|C:\\windows\\System32\\RPCRT4.dll+19d1a|C:\\windows\\System32\\RPCRT4.dll+19301|C:\\windows\\System32\\RPCRT4.dll+18d6e|C:\\windows\\System32\\RPCRT4.dll+169a5|C:\\windows\\SYSTEM32\\ntdll.dll+333ed|C:\\windows\\SYSTEM32\\ntdll.dll+34142|C:\\windows\\System32\\KERNEL32.DLL+17bd4|C:\\windows\\SYSTEM32\\ntdll.dll+6ce51","host":"wec.internal.cloudapp.net","Message":"Process accessed:\r\nRuleName: -\r\nUtcTime: 2020-08-05 07:48:29.203\r\nSourceProcessGUID: {8715b604-0de9-5f2a-0c00-000000000400}\r\nSourceProcessId: 760\r\nSourceThreadId: 7680\r\nSourceImage: C:\\windows\\system32\\lsass.exe\r\nTargetProcessGUID: {8715b604-644d-5f2a-a005-000000000400}\r\nTargetProcessId: 3108\r\nTargetImage: C:\\windows\\system32\\sc.exe\r\nGrantedAccess: 0x1000\r\nCallTrace: C:\\windows\\SYSTEM32\\ntdll.dll+9d104|C:\\windows\\System32\\RPCRT4.dll+2d2c4|C:\\windows\\system32\\lsasrv.dll+176ae|C:\\windows\\SYSTEM32\\SspiSrv.dll+1a72|C:\\windows\\System32\\RPCRT4.dll+76953|C:\\windows\\System32\\RPCRT4.dll+da036|C:\\windows\\System32\\RPCRT4.dll+37a4c|C:\\windows\\System32\\RPCRT4.dll+548c8|C:\\windows\\System32\\RPCRT4.dll+2c921|C:\\windows\\System32\\RPCRT4.dll+2c1db|C:\\windows\\System32\\RPCRT4.dll+1a86f|C:\\windows\\System32\\RPCRT4.dll+19d1a|C:\\windows\\System32\\RPCRT4.dll+19301|C:\\windows\\System32\\RPCRT4.dll+18d6e|C:\\windows\\System32\\RPCRT4.dll+169a5|C:\\windows\\SYSTEM32\\ntdll.dll+333ed|C:\\windows\\SYSTEM32\\ntdll.dll+34142|C:\\windows\\System32\\KERNEL32.DLL+17bd4|C:\\windows\\SYSTEM32\\ntdll.dll+6ce51","SourceModuleName":"eventlog","SourceThreadId":"7680","SourceName":"Microsoft-Windows-Sysmon","SourceProcessId":"760","SeverityValue":2,"tags":["mordorDataset"],"Channel":"Microsoft-Windows-Sysmon/Operational","ProviderGuid":"{5770385F-C22A-43E0-BF4C-06F5698FFBD9}","RuleName":"-","EventID":10,"RecordNumber":539872,"Hostname":"WORKSTATION5.theshire.local","SourceImage":"C:\\windows\\system32\\lsass.exe","ProcessId":"760","SourceModuleType":"im_msvistalog","Domain":"NT AUTHORITY","port":53997,"EventTime":"2020-08-05 03:48:29","Severity":"INFO","ExecutionProcessID":3484,"AccountName":"SYSTEM","OpcodeValue":0,"@timestamp":"2020-08-05T07:48:30.677Z","Task":10,"EventType":"INFO","EventReceivedTime":"2020-08-05 03:48:30","AccountType":"User"}
{"SourceProcessGUID":"{8715b604-0de9-5f2a-0c00-000000000400}","UtcTime":"2020-08-05 07:48:29.203","GrantedAccess":"0x1478","@version":"1","Keywords":-9223372036854775808,"ThreadID":4452,"TargetProcessId":"3108","UserID":"S-1-5-18","Version":3,"TargetProcessGUID":"{8715b604-644d-5f2a-a005-000000000400}","TargetImage":"C:\\windows\\system32\\sc.exe","CallTrace":"C:\\windows\\SYSTEM32\\ntdll.dll+9c534|C:\\windows\\system32\\lsasrv.dll+1792a|C:\\windows\\system32\\lsasrv.dll+184bf|C:\\windows\\system32\\lsasrv.dll+17783|C:\\windows\\SYSTEM32\\SspiSrv.dll+1a72|C:\\windows\\System32\\RPCRT4.dll+76953|C:\\windows\\System32\\RPCRT4.dll+da036|C:\\windows\\System32\\RPCRT4.dll+37a4c|C:\\windows\\System32\\RPCRT4.dll+548c8|C:\\windows\\System32\\RPCRT4.dll+2c921|C:\\windows\\System32\\RPCRT4.dll+2c1db|C:\\windows\\System32\\RPCRT4.dll+1a86f|C:\\windows\\System32\\RPCRT4.dll+19d1a|C:\\windows\\System32\\RPCRT4.dll+19301|C:\\windows\\System32\\RPCRT4.dll+18d6e|C:\\windows\\System32\\RPCRT4.dll+169a5|C:\\windows\\SYSTEM32\\ntdll.dll+333ed|C:\\windows\\SYSTEM32\\ntdll.dll+34142|C:\\windows\\System32\\KERNEL32.DLL+17bd4|C:\\windows\\SYSTEM32\\ntdll.dll+6ce51","host":"wec.internal.cloudapp.net","Message":"Process accessed:\r\nRuleName: -\r\nUtcTime: 2020-08-05 07:48:29.203\r\nSourceProcessGUID: {8715b604-0de9-5f2a-0c00-000000000400}\r\nSourceProcessId: 760\r\nSourceThreadId: 7680\r\nSourceImage: C:\\windows\\system32\\lsass.exe\r\nTargetProcessGUID: {8715b604-644d-5f2a-a005-000000000400}\r\nTargetProcessId: 3108\r\nTargetImage: C:\\windows\\system32\\sc.exe\r\nGrantedAccess: 0x1478\r\nCallTrace: C:\\windows\\SYSTEM32\\ntdll.dll+9c534|C:\\windows\\system32\\lsasrv.dll+1792a|C:\\windows\\system32\\lsasrv.dll+184bf|C:\\windows\\system32\\lsasrv.dll+17783|C:\\windows\\SYSTEM32\\SspiSrv.dll+1a72|C:\\windows\\System32\\RPCRT4.dll+76953|C:\\windows\\System32\\RPCRT4.dll+da036|C:\\windows\\System32\\RPCRT4.dll+37a4c|C:\\windows\\System32\\RPCRT4.dll+548c8|C:\\windows\\System32\\RPCRT4.dll+2c921|C:\\windows\\System32\\RPCRT4.dll+2c1db|C:\\windows\\System32\\RPCRT4.dll+1a86f|C:\\windows\\System32\\RPCRT4.dll+19d1a|C:\\windows\\System32\\RPCRT4.dll+19301|C:\\windows\\System32\\RPCRT4.dll+18d6e|C:\\windows\\System32\\RPCRT4.dll+169a5|C:\\windows\\SYSTEM32\\ntdll.dll+333ed|C:\\windows\\SYSTEM32\\ntdll.dll+34142|C:\\windows\\System32\\KERNEL32.DLL+17bd4|C:\\windows\\SYSTEM32\\ntdll.dll+6ce51","SourceModuleName":"eventlog","SourceThreadId":"7680","SourceName":"Microsoft-Windows-Sysmon","SourceProcessId":"760","SeverityValue":2,"tags":["mordorDataset"],"Channel":"Microsoft-Windows-Sysmon/Operational","ProviderGuid":"{5770385F-C22A-43E0-BF4C-06F5698FFBD9}","RuleName":"-","EventID":10,"RecordNumber":539873,"Hostname":"WORKSTATION5.theshire.local","SourceImage":"C:\\windows\\system32\\lsass.exe","ProcessId":"760","SourceModuleType":"im_msvistalog","Domain":"NT AUTHORITY","port":53997,"EventTime":"2020-08-05 03:48:29","Severity":"INFO","ExecutionProcessID":3484,"AccountName":"SYSTEM","OpcodeValue":0,"@timestamp":"2020-08-05T07:48:30.677Z","Task":10,"EventType":"INFO","EventReceivedTime":"2020-08-05 03:48:30","AccountType":"User"}
{"@version":"1","ThreadID":4452,"UserID":"S-1-5-18","Version":3,"Message":"Image loaded:\r\nRuleName: -\r\nUtcTime: 2020-08-05 07:48:29.203\r\nProcessGuid: {8715b604-644d-5f2a-a005-000000000400}\r\nProcessId: 3108\r\nImage: C:\\Windows\\System32\\sc.exe\r\nImageLoaded: C:\\Windows\\System32\\mswsock.dll\r\nFileVersion: 10.0.18362.815 (WinBuild.160101.0800)\r\nDescription: Microsoft Windows Sockets 2.0 Service Provider\r\nProduct: Microsoft Windows Operating System\r\nCompany: Microsoft Corporation\r\nOriginalFileName: mswsock.dll\r\nHashes: SHA1=2E03CA141D735D13491049B4D6C2DC2B928B4C01,MD5=8578F1F72C6550CF62965D520FA7C6E9,SHA256=20008AAB6285FB2B24DE1E72D11654316FF601918FD05B7DF2F9894C64A16956,IMPHASH=E5E26C86BC73F56D7EDD17D98802AA21\r\nSigned: true\r\nSignature: Microsoft Windows\r\nSignatureStatus: Valid","ProcessGuid":"{8715b604-644d-5f2a-a005-000000000400}","SourceName":"Microsoft-Windows-Sysmon","Hashes":"SHA1=2E03CA141D735D13491049B4D6C2DC2B928B4C01,MD5=8578F1F72C6550CF62965D520FA7C6E9,SHA256=20008AAB6285FB2B24DE1E72D11654316FF601918FD05B7DF2F9894C64A16956,IMPHASH=E5E26C86BC73F56D7EDD17D98802AA21","Signature":"Microsoft Windows","tags":["mordorDataset"],"RuleName":"-","ProviderGuid":"{5770385F-C22A-43E0-BF4C-06F5698FFBD9}","EventID":7,"RecordNumber":539874,"Hostname":"WORKSTATION5.theshire.local","SourceModuleType":"im_msvistalog","Signed":"true","ExecutionProcessID":3484,"AccountName":"SYSTEM","OpcodeValue":0,"EventType":"INFO","FileVersion":"10.0.18362.815 (WinBuild.160101.0800)","Image":"C:\\Windows\\System32\\sc.exe","AccountType":"User","UtcTime":"2020-08-05 07:48:29.203","Keywords":-9223372036854775808,"OriginalFileName":"mswsock.dll","host":"wec.internal.cloudapp.net","SourceModuleName":"eventlog","SeverityValue":2,"SignatureStatus":"Valid","Channel":"Microsoft-Windows-Sysmon/Operational","Description":"Microsoft Windows Sockets 2.0 Service Provider","ProcessId":"3108","Domain":"NT AUTHORITY","port":53997,"Company":"Microsoft Corporation","EventTime":"2020-08-05 03:48:29","Severity":"INFO","Product":"Microsoft Windows Operating System","@timestamp":"2020-08-05T07:48:30.678Z","Task":7,"ImageLoaded":"C:\\Windows\\System32\\mswsock.dll","EventReceivedTime":"2020-08-05 03:48:30"}
{"@version":"1","ThreadID":4452,"UserID":"S-1-5-18","Version":3,"Message":"Image loaded:\r\nRuleName: -\r\nUtcTime: 2020-08-05 07:48:29.203\r\nProcessGuid: {8715b604-644d-5f2a-a005-000000000400}\r\nProcessId: 3108\r\nImage: C:\\Windows\\System32\\sc.exe\r\nImageLoaded: C:\\Windows\\System32\\dnsapi.dll\r\nFileVersion: 10.0.18362.815 (WinBuild.160101.0800)\r\nDescription: DNS Client API DLL\r\nProduct: Microsoft Windows Operating System\r\nCompany: Microsoft Corporation\r\nOriginalFileName: dnsapi\r\nHashes: SHA1=68C32E96DFE2101228448D94F4287A999AE8779D,MD5=B0F1AF6795A83628F7D785FC4621507E,SHA256=09B1D108C39EDB9969D9FBCD037576340CBC6C850C914A8B5A837B2444E2BCE2,IMPHASH=D8803D749EB329542778B6CC38924BBA\r\nSigned: true\r\nSignature: Microsoft Windows\r\nSignatureStatus: Valid","ProcessGuid":"{8715b604-644d-5f2a-a005-000000000400}","SourceName":"Microsoft-Windows-Sysmon","Hashes":"SHA1=68C32E96DFE2101228448D94F4287A999AE8779D,MD5=B0F1AF6795A83628F7D785FC4621507E,SHA256=09B1D108C39EDB9969D9FBCD037576340CBC6C850C914A8B5A837B2444E2BCE2,IMPHASH=D8803D749EB329542778B6CC38924BBA","Signature":"Microsoft Windows","tags":["mordorDataset"],"RuleName":"-","ProviderGuid":"{5770385F-C22A-43E0-BF4C-06F5698FFBD9}","EventID":7,"RecordNumber":539875,"Hostname":"WORKSTATION5.theshire.local","SourceModuleType":"im_msvistalog","Signed":"true","ExecutionProcessID":3484,"AccountName":"SYSTEM","OpcodeValue":0,"EventType":"INFO","FileVersion":"10.0.18362.815 (WinBuild.160101.0800)","Image":"C:\\Windows\\System32\\sc.exe","AccountType":"User","UtcTime":"2020-08-05 07:48:29.203","Keywords":-9223372036854775808,"OriginalFileName":"dnsapi","host":"wec.internal.cloudapp.net","SourceModuleName":"eventlog","SeverityValue":2,"SignatureStatus":"Valid","Channel":"Microsoft-Windows-Sysmon/Operational","Description":"DNS Client API DLL","ProcessId":"3108","Domain":"NT AUTHORITY","port":53997,"Company":"Microsoft Corporation","EventTime":"2020-08-05 03:48:29","Severity":"INFO","Product":"Microsoft Windows Operating System","@timestamp":"2020-08-05T07:48:30.678Z","Task":7,"ImageLoaded":"C:\\Windows\\System32\\dnsapi.dll","EventReceivedTime":"2020-08-05 03:48:30"}
{"@version":"1","ThreadID":4452,"UserID":"S-1-5-18","Version":3,"Message":"Image loaded:\r\nRuleName: -\r\nUtcTime: 2020-08-05 07:48:29.203\r\nProcessGuid: {8715b604-644d-5f2a-a005-000000000400}\r\nProcessId: 3108\r\nImage: C:\\Windows\\System32\\sc.exe\r\nImageLoaded: C:\\Windows\\System32\\nsi.dll\r\nFileVersion: 10.0.18362.449 (WinBuild.160101.0800)\r\nDescription: NSI User-mode interface DLL\r\nProduct: Microsoft Windows Operating System\r\nCompany: Microsoft Corporation\r\nOriginalFileName: nsi.dll\r\nHashes: SHA1=4118D7E1C3531A1A01FB8924E1A1D470066EEA3F,MD5=9EB93B389D055FA045FC91D2B763B3AC,SHA256=AB620EE31FB65F1A51B2FA28F30BC31329966CB27E3570812138DF99E4D7CC8D,IMPHASH=DEFB8C5BB37FCD63DC790B55724FDE42\r\nSigned: true\r\nSignature: Microsoft Windows\r\nSignatureStatus: Valid","ProcessGuid":"{8715b604-644d-5f2a-a005-000000000400}","SourceName":"Microsoft-Windows-Sysmon","Hashes":"SHA1=4118D7E1C3531A1A01FB8924E1A1D470066EEA3F,MD5=9EB93B389D055FA045FC91D2B763B3AC,SHA256=AB620EE31FB65F1A51B2FA28F30BC31329966CB27E3570812138DF99E4D7CC8D,IMPHASH=DEFB8C5BB37FCD63DC790B55724FDE42","Signature":"Microsoft Windows","tags":["mordorDataset"],"RuleName":"-","ProviderGuid":"{5770385F-C22A-43E0-BF4C-06F5698FFBD9}","EventID":7,"RecordNumber":539876,"Hostname":"WORKSTATION5.theshire.local","SourceModuleType":"im_msvistalog","Signed":"true","ExecutionProcessID":3484,"AccountName":"SYSTEM","OpcodeValue":0,"EventType":"INFO","FileVersion":"10.0.18362.449 (WinBuild.160101.0800)","Image":"C:\\Windows\\System32\\sc.exe","AccountType":"User","UtcTime":"2020-08-05 07:48:29.203","Keywords":-9223372036854775808,"OriginalFileName":"nsi.dll","host":"wec.internal.cloudapp.net","SourceModuleName":"eventlog","SeverityValue":2,"SignatureStatus":"Valid","Channel":"Microsoft-Windows-Sysmon/Operational","Description":"NSI User-mode interface DLL","ProcessId":"3108","Domain":"NT AUTHORITY","port":53997,"Company":"Microsoft Corporation","EventTime":"2020-08-05 03:48:29","Severity":"INFO","Product":"Microsoft Windows Operating System","@timestamp":"2020-08-05T07:48:30.678Z","Task":7,"ImageLoaded":"C:\\Windows\\System32\\nsi.dll","EventReceivedTime":"2020-08-05 03:48:30"}
