{"Version":3,"GrantedAccess":"0x40","EventReceivedTime":"2019-12-04 23:44:01","type":"nxlog-mordor","SourceImage":"C:\\Windows\\system32\\svchost.exe","host":"ip-172-18-39-102.ec2.internal","Channel":"Microsoft-Windows-Sysmon/Operational","RecordNumber":155701,"SourceProcessId":"664","port":49730,"ProviderGuid":"{5770385F-C22A-43E0-BF4C-06F5698FFBD9}","CallTrace":"C:\\Windows\\SYSTEM32\\ntdll.dll+9c524|C:\\Windows\\System32\\KERNELBASE.dll+2730e|c:\\windows\\system32\\lsm.dll+1a207|C:\\Windows\\System32\\RPCRT4.dll+76963|C:\\Windows\\System32\\RPCRT4.dll+da036|C:\\Windows\\System32\\RPCRT4.dll+38299|C:\\Windows\\System32\\combase.dll+a542f|C:\\Windows\\System32\\combase.dll+28263|C:\\Windows\\System32\\combase.dll+28053|C:\\Windows\\System32\\combase.dll+a8006|C:\\Windows\\System32\\combase.dll+5b72a|C:\\Windows\\System32\\combase.dll+a3c7d|C:\\Windows\\System32\\combase.dll+6a07c|C:\\Windows\\System32\\combase.dll+6a8e1|C:\\Windows\\System32\\combase.dll+6c088|C:\\Windows\\System32\\RPCRT4.dll+548d8|C:\\Windows\\System32\\RPCRT4.dll+2c931|C:\\Windows\\System32\\RPCRT4.dll+2c480|C:\\Windows\\System32\\RPCRT4.dll+1a6bf|C:\\Windows\\System32\\RPCRT4.dll+19d1a|C:\\Windows\\System32\\RPCRT4.dll+19301|C:\\Windows\\System32\\RPCRT4.dll+18d6e|C:\\Windows\\System32\\RPCRT4.dll+169a5|C:\\Windows\\SYSTEM32\\ntdll.dll+333fd","EventID":10,"EventType":"INFO","TargetProcessGUID":"{a158f72c-4a94-5de8-0000-001061f30000}","UtcTime":"2019-12-05 04:44:00.004","UserID":"S-1-5-18","SourceThreadId":"1500","SourceName":"Microsoft-Windows-Sysmon","Domain":"NT AUTHORITY","AccountType":"User","OpcodeValue":0,"Message":"Process accessed:\r\nRuleName: \r\nUtcTime: 2019-12-05 04:44:00.004\r\nSourceProcessGUID: {a158f72c-4a94-5de8-0000-00104dd60000}\r\nSourceProcessId: 664\r\nSourceThreadId: 1500\r\nSourceImage: C:\\Windows\\system32\\svchost.exe\r\nTargetProcessGUID: {a158f72c-4a94-5de8-0000-001061f30000}\r\nTargetProcessId: 1160\r\nTargetImage: C:\\Windows\\System32\\svchost.exe\r\nGrantedAccess: 0x40\r\nCallTrace: C:\\Windows\\SYSTEM32\\ntdll.dll+9c524|C:\\Windows\\System32\\KERNELBASE.dll+2730e|c:\\windows\\system32\\lsm.dll+1a207|C:\\Windows\\System32\\RPCRT4.dll+76963|C:\\Windows\\System32\\RPCRT4.dll+da036|C:\\Windows\\System32\\RPCRT4.dll+38299|C:\\Windows\\System32\\combase.dll+a542f|C:\\Windows\\System32\\combase.dll+28263|C:\\Windows\\System32\\combase.dll+28053|C:\\Windows\\System32\\combase.dll+a8006|C:\\Windows\\System32\\combase.dll+5b72a|C:\\Windows\\System32\\combase.dll+a3c7d|C:\\Windows\\System32\\combase.dll+6a07c|C:\\Windows\\System32\\combase.dll+6a8e1|C:\\Windows\\System32\\combase.dll+6c088|C:\\Windows\\System32\\RPCRT4.dll+548d8|C:\\Windows\\System32\\RPCRT4.dll+2c931|C:\\Windows\\System32\\RPCRT4.dll+2c480|C:\\Windows\\System32\\RPCRT4.dll+1a6bf|C:\\Windows\\System32\\RPCRT4.dll+19d1a|C:\\Windows\\System32\\RPCRT4.dll+19301|C:\\Windows\\System32\\RPCRT4.dll+18d6e|C:\\Windows\\System32\\RPCRT4.dll+169a5|C:\\Windows\\SYSTEM32\\ntdll.dll+333fd","Task":10,"Severity":"INFO","Keywords":-9223372036854775808,"@timestamp":"2019-12-05T04:44:01.038Z","EventTime":"2019-12-04 23:44:00","SeverityValue":2,"ProcessID":3148,"ThreadID":4772,"AccountName":"SYSTEM","TargetImage":"C:\\Windows\\System32\\svchost.exe","SourceModuleType":"im_msvistalog","Hostname":"ACCT001.shire.com","SourceModuleName":"eventlog","SourceProcessGUID":"{a158f72c-4a94-5de8-0000-00104dd60000}","TargetProcessId":"1160","@version":"1"}
{"Version":3,"GrantedAccess":"0x1000","EventReceivedTime":"2019-12-04 23:44:01","type":"nxlog-mordor","SourceImage":"C:\\Windows\\system32\\svchost.exe","host":"ip-172-18-39-102.ec2.internal","Channel":"Microsoft-Windows-Sysmon/Operational","RecordNumber":224618,"SourceProcessId":"968","port":49730,"ProviderGuid":"{5770385F-C22A-43E0-BF4C-06F5698FFBD9}","CallTrace":"C:\\Windows\\SYSTEM32\\ntdll.dll+9c524|C:\\Windows\\SYSTEM32\\psmserviceexthost.dll+222a3|C:\\Windows\\SYSTEM32\\psmserviceexthost.dll+1a172|C:\\Windows\\SYSTEM32\\psmserviceexthost.dll+19e3b|C:\\Windows\\SYSTEM32\\psmserviceexthost.dll+19318|C:\\Windows\\SYSTEM32\\ntdll.dll+3082d|C:\\Windows\\SYSTEM32\\ntdll.dll+345c4|C:\\Windows\\System32\\KERNEL32.DLL+17944|C:\\Windows\\SYSTEM32\\ntdll.dll+6ce71","EventID":10,"EventType":"INFO","TargetProcessGUID":"{a158f72c-4a97-5de8-0000-00105c300200}","UtcTime":"2019-12-05 04:43:59.637","UserID":"S-1-5-18","SourceThreadId":"5432","SourceName":"Microsoft-Windows-Sysmon","Domain":"NT AUTHORITY","AccountType":"User","OpcodeValue":0,"Message":"Process accessed:\r\nRuleName: \r\nUtcTime: 2019-12-05 04:43:59.637\r\nSourceProcessGUID: {a158f72c-4a94-5de8-0000-001033890000}\r\nSourceProcessId: 968\r\nSourceThreadId: 5432\r\nSourceImage: C:\\Windows\\system32\\svchost.exe\r\nTargetProcessGUID: {a158f72c-4a97-5de8-0000-00105c300200}\r\nTargetProcessId: 3236\r\nTargetImage: C:\\Windows\\System32\\svchost.exe\r\nGrantedAccess: 0x1000\r\nCallTrace: C:\\Windows\\SYSTEM32\\ntdll.dll+9c524|C:\\Windows\\SYSTEM32\\psmserviceexthost.dll+222a3|C:\\Windows\\SYSTEM32\\psmserviceexthost.dll+1a172|C:\\Windows\\SYSTEM32\\psmserviceexthost.dll+19e3b|C:\\Windows\\SYSTEM32\\psmserviceexthost.dll+19318|C:\\Windows\\SYSTEM32\\ntdll.dll+3082d|C:\\Windows\\SYSTEM32\\ntdll.dll+345c4|C:\\Windows\\System32\\KERNEL32.DLL+17944|C:\\Windows\\SYSTEM32\\ntdll.dll+6ce71","Task":10,"Severity":"INFO","Keywords":-9223372036854775808,"@timestamp":"2019-12-05T04:44:01.040Z","EventTime":"2019-12-04 23:43:59","SeverityValue":2,"ProcessID":3144,"ThreadID":4584,"AccountName":"SYSTEM","TargetImage":"C:\\Windows\\System32\\svchost.exe","SourceModuleType":"im_msvistalog","Hostname":"HR001.shire.com","SourceModuleName":"eventlog","SourceProcessGUID":"{a158f72c-4a94-5de8-0000-001033890000}","TargetProcessId":"3236","@version":"1"}
{"Version":3,"GrantedAccess":"0x1000","EventReceivedTime":"2019-12-04 23:44:01","type":"nxlog-mordor","SourceImage":"C:\\Windows\\system32\\svchost.exe","host":"ip-172-18-39-102.ec2.internal","Channel":"Microsoft-Windows-Sysmon/Operational","RecordNumber":224622,"SourceProcessId":"548","port":49730,"ProviderGuid":"{5770385F-C22A-43E0-BF4C-06F5698FFBD9}","CallTrace":"C:\\Windows\\SYSTEM32\\ntdll.dll+9c524|C:\\Windows\\System32\\KERNELBASE.dll+6a685|c:\\windows\\system32\\lsm.dll+f6ba|C:\\Windows\\System32\\RPCRT4.dll+76963|C:\\Windows\\System32\\RPCRT4.dll+da036|C:\\Windows\\System32\\RPCRT4.dll+37a5c|C:\\Windows\\System32\\RPCRT4.dll+548d8|C:\\Windows\\System32\\RPCRT4.dll+2c931|C:\\Windows\\System32\\RPCRT4.dll+2c1eb|C:\\Windows\\System32\\RPCRT4.dll+1a86f|C:\\Windows\\System32\\RPCRT4.dll+19d1a|C:\\Windows\\System32\\RPCRT4.dll+19301|C:\\Windows\\System32\\RPCRT4.dll+18d6e|C:\\Windows\\System32\\RPCRT4.dll+169a5|C:\\Windows\\SYSTEM32\\ntdll.dll+333fd|C:\\Windows\\SYSTEM32\\ntdll.dll+34152|C:\\Windows\\System32\\KERNEL32.DLL+17944|C:\\Windows\\SYSTEM32\\ntdll.dll+6ce71","EventID":10,"EventType":"INFO","TargetProcessGUID":"{a158f72c-4a96-5de8-0000-0010e60f0200}","UtcTime":"2019-12-05 04:44:00.012","UserID":"S-1-5-18","SourceThreadId":"424","SourceName":"Microsoft-Windows-Sysmon","Domain":"NT AUTHORITY","AccountType":"User","OpcodeValue":0,"Message":"Process accessed:\r\nRuleName: \r\nUtcTime: 2019-12-05 04:44:00.012\r\nSourceProcessGUID: {a158f72c-4a94-5de8-0000-001068d90000}\r\nSourceProcessId: 548\r\nSourceThreadId: 424\r\nSourceImage: C:\\Windows\\system32\\svchost.exe\r\nTargetProcessGUID: {a158f72c-4a96-5de8-0000-0010e60f0200}\r\nTargetProcessId: 604\r\nTargetImage: C:\\Windows\\System32\\svchost.exe\r\nGrantedAccess: 0x1000\r\nCallTrace: C:\\Windows\\SYSTEM32\\ntdll.dll+9c524|C:\\Windows\\System32\\KERNELBASE.dll+6a685|c:\\windows\\system32\\lsm.dll+f6ba|C:\\Windows\\System32\\RPCRT4.dll+76963|C:\\Windows\\System32\\RPCRT4.dll+da036|C:\\Windows\\System32\\RPCRT4.dll+37a5c|C:\\Windows\\System32\\RPCRT4.dll+548d8|C:\\Windows\\System32\\RPCRT4.dll+2c931|C:\\Windows\\System32\\RPCRT4.dll+2c1eb|C:\\Windows\\System32\\RPCRT4.dll+1a86f|C:\\Windows\\System32\\RPCRT4.dll+19d1a|C:\\Windows\\System32\\RPCRT4.dll+19301|C:\\Windows\\System32\\RPCRT4.dll+18d6e|C:\\Windows\\System32\\RPCRT4.dll+169a5|C:\\Windows\\SYSTEM32\\ntdll.dll+333fd|C:\\Windows\\SYSTEM32\\ntdll.dll+34152|C:\\Windows\\System32\\KERNEL32.DLL+17944|C:\\Windows\\SYSTEM32\\ntdll.dll+6ce71","Task":10,"Severity":"INFO","Keywords":-9223372036854775808,"@timestamp":"2019-12-05T04:44:01.041Z","EventTime":"2019-12-04 23:44:00","SeverityValue":2,"ProcessID":3144,"ThreadID":4584,"AccountName":"SYSTEM","TargetImage":"C:\\Windows\\System32\\svchost.exe","SourceModuleType":"im_msvistalog","Hostname":"HR001.shire.com","SourceModuleName":"eventlog","SourceProcessGUID":"{a158f72c-4a94-5de8-0000-001068d90000}","TargetProcessId":"604","@version":"1"}
{"Version":3,"GrantedAccess":"0x1000","EventReceivedTime":"2019-12-04 23:44:01","type":"nxlog-mordor","SourceImage":"C:\\Windows\\system32\\svchost.exe","host":"ip-172-18-39-102.ec2.internal","Channel":"Microsoft-Windows-Sysmon/Operational","RecordNumber":224612,"SourceProcessId":"968","port":49730,"ProviderGuid":"{5770385F-C22A-43E0-BF4C-06F5698FFBD9}","CallTrace":"C:\\Windows\\SYSTEM32\\ntdll.dll+9c524|C:\\Windows\\SYSTEM32\\psmserviceexthost.dll+222a3|C:\\Windows\\SYSTEM32\\psmserviceexthost.dll+1a172|C:\\Windows\\SYSTEM32\\psmserviceexthost.dll+19e3b|C:\\Windows\\SYSTEM32\\psmserviceexthost.dll+19318|C:\\Windows\\SYSTEM32\\ntdll.dll+3082d|C:\\Windows\\SYSTEM32\\ntdll.dll+345c4|C:\\Windows\\System32\\KERNEL32.DLL+17944|C:\\Windows\\SYSTEM32\\ntdll.dll+6ce71","EventID":10,"EventType":"INFO","TargetProcessGUID":"{a158f72c-4a97-5de8-0000-00105c300200}","UtcTime":"2019-12-05 04:43:58.633","UserID":"S-1-5-18","SourceThreadId":"5432","SourceName":"Microsoft-Windows-Sysmon","Domain":"NT AUTHORITY","AccountType":"User","OpcodeValue":0,"Message":"Process accessed:\r\nRuleName: \r\nUtcTime: 2019-12-05 04:43:58.633\r\nSourceProcessGUID: {a158f72c-4a94-5de8-0000-001033890000}\r\nSourceProcessId: 968\r\nSourceThreadId: 5432\r\nSourceImage: C:\\Windows\\system32\\svchost.exe\r\nTargetProcessGUID: {a158f72c-4a97-5de8-0000-00105c300200}\r\nTargetProcessId: 3236\r\nTargetImage: C:\\Windows\\System32\\svchost.exe\r\nGrantedAccess: 0x1000\r\nCallTrace: C:\\Windows\\SYSTEM32\\ntdll.dll+9c524|C:\\Windows\\SYSTEM32\\psmserviceexthost.dll+222a3|C:\\Windows\\SYSTEM32\\psmserviceexthost.dll+1a172|C:\\Windows\\SYSTEM32\\psmserviceexthost.dll+19e3b|C:\\Windows\\SYSTEM32\\psmserviceexthost.dll+19318|C:\\Windows\\SYSTEM32\\ntdll.dll+3082d|C:\\Windows\\SYSTEM32\\ntdll.dll+345c4|C:\\Windows\\System32\\KERNEL32.DLL+17944|C:\\Windows\\SYSTEM32\\ntdll.dll+6ce71","Task":10,"Severity":"INFO","Keywords":-9223372036854775808,"@timestamp":"2019-12-05T04:44:01.031Z","EventTime":"2019-12-04 23:43:58","SeverityValue":2,"ProcessID":3144,"ThreadID":4584,"AccountName":"SYSTEM","TargetImage":"C:\\Windows\\System32\\svchost.exe","SourceModuleType":"im_msvistalog","Hostname":"HR001.shire.com","SourceModuleName":"eventlog","SourceProcessGUID":"{a158f72c-4a94-5de8-0000-001033890000}","TargetProcessId":"3236","@version":"1"}
{"Version":1,"EventReceivedTime":"2019-12-04 23:44:01","SourceAddress":"172.18.39.100","type":"nxlog-mordor","DestPort":"80","host":"ip-172-18-39-102.ec2.internal","Channel":"security","RemoteMachineID":"S-1-0-0","RecordNumber":25388,"Category":"Filtering Platform Connection","port":49730,"ProviderGuid":"{54849625-5478-4994-A5BA-3E3B0328C30D}","Application":"\\device\\harddiskvolume2\\program files\\amazon\\ssm\\amazon-ssm-agent.exe","EventID":5156,"EventType":"AUDIT_SUCCESS","Direction":"%%14593","DestAddress":"169.254.169.254","SourcePort":"51534","SourceName":"Microsoft-Windows-Security-Auditing","OpcodeValue":0,"Message":"The Windows Filtering Platform has permitted a connection.\r\n\r\nApplication Information:\r\n\tProcess ID:\t\t3068\r\n\tApplication Name:\t\\device\\harddiskvolume2\\program files\\amazon\\ssm\\amazon-ssm-agent.exe\r\n\r\nNetwork Information:\r\n\tDirection:\t\tOutbound\r\n\tSource Address:\t\t172.18.39.100\r\n\tSource Port:\t\t51534\r\n\tDestination Address:\t169.254.169.254\r\n\tDestination Port:\t\t80\r\n\tProtocol:\t\t6\r\n\r\nFilter Information:\r\n\tFilter Run-Time ID:\t67260\r\n\tLayer Name:\t\tConnect\r\n\tLayer Run-Time ID:\t48","LayerName":"%%14611","Task":12810,"Severity":"INFO","Keywords":-9214364837600034816,"LayerRTID":"48","@timestamp":"2019-12-05T04:44:01.032Z","EventTime":"2019-12-04 23:43:58","SeverityValue":2,"ProcessID":4,"ThreadID":4944,"Opcode":"Info","Protocol":"6","RemoteUserID":"S-1-0-0","SourceModuleType":"im_msvistalog","Hostname":"ACCT001.shire.com","SourceModuleName":"eventlog","FilterRTID":"67260","@version":"1"}
{"Version":1,"EventReceivedTime":"2019-12-04 23:44:01","SourceAddress":"172.18.39.103","type":"nxlog-mordor","DestPort":"5985","host":"ip-172-18-39-102.ec2.internal","Channel":"Security","RemoteMachineID":"S-1-0-0","RecordNumber":32175,"Category":"Filtering Platform Connection","port":49730,"ProviderGuid":"{54849625-5478-4994-A5BA-3E3B0328C30D}","Application":"\\device\\harddiskvolume1\\windows\\system32\\svchost.exe","EventID":5156,"EventType":"AUDIT_SUCCESS","Direction":"%%14593","DestAddress":"172.18.39.102","SourcePort":"50842","SourceName":"Microsoft-Windows-Security-Auditing","OpcodeValue":0,"Message":"The Windows Filtering Platform has permitted a connection.\r\n\r\nApplication Information:\r\n\tProcess ID:\t\t2944\r\n\tApplication Name:\t\\device\\harddiskvolume1\\windows\\system32\\svchost.exe\r\n\r\nNetwork Information:\r\n\tDirection:\t\tOutbound\r\n\tSource Address:\t\t172.18.39.103\r\n\tSource Port:\t\t50842\r\n\tDestination Address:\t172.18.39.102\r\n\tDestination Port:\t\t5985\r\n\tProtocol:\t\t6\r\n\r\nFilter Information:\r\n\tFilter Run-Time ID:\t67859\r\n\tLayer Name:\t\tConnect\r\n\tLayer Run-Time ID:\t48","LayerName":"%%14611","Task":12810,"Severity":"INFO","Keywords":-9214364837600034816,"LayerRTID":"48","@timestamp":"2019-12-05T04:44:01.033Z","EventTime":"2019-12-04 23:43:59","SeverityValue":2,"ProcessID":4,"ThreadID":4972,"Opcode":"Info","Protocol":"6","RemoteUserID":"S-1-0-0","SourceModuleType":"im_msvistalog","Hostname":"FILE001.shire.com","SourceModuleName":"eventlog","FilterRTID":"67859","@version":"1"}
{"Version":1,"EventReceivedTime":"2019-12-04 23:44:01","SourceAddress":"172.18.39.106","type":"nxlog-mordor","DestPort":"80","host":"ip-172-18-39-102.ec2.internal","Channel":"security","RemoteMachineID":"S-1-0-0","RecordNumber":41674,"Category":"Filtering Platform Connection","port":49730,"ProviderGuid":"{54849625-5478-4994-A5BA-3E3B0328C30D}","Application":"\\device\\harddiskvolume2\\program files\\amazon\\ssm\\amazon-ssm-agent.exe","EventID":5156,"EventType":"AUDIT_SUCCESS","Direction":"%%14593","DestAddress":"169.254.169.254","SourcePort":"51736","SourceName":"Microsoft-Windows-Security-Auditing","OpcodeValue":0,"Message":"The Windows Filtering Platform has permitted a connection.\r\n\r\nApplication Information:\r\n\tProcess ID:\t\t2980\r\n\tApplication Name:\t\\device\\harddiskvolume2\\program files\\amazon\\ssm\\amazon-ssm-agent.exe\r\n\r\nNetwork Information:\r\n\tDirection:\t\tOutbound\r\n\tSource Address:\t\t172.18.39.106\r\n\tSource Port:\t\t51736\r\n\tDestination Address:\t169.254.169.254\r\n\tDestination Port:\t\t80\r\n\tProtocol:\t\t6\r\n\r\nFilter Information:\r\n\tFilter Run-Time ID:\t69049\r\n\tLayer Name:\t\tConnect\r\n\tLayer Run-Time ID:\t48","LayerName":"%%14611","Task":12810,"Severity":"INFO","Keywords":-9214364837600034816,"LayerRTID":"48","@timestamp":"2019-12-05T04:44:01.034Z","EventTime":"2019-12-04 23:43:59","SeverityValue":2,"ProcessID":4,"ThreadID":1564,"Opcode":"Info","Protocol":"6","RemoteUserID":"S-1-0-0","SourceModuleType":"im_msvistalog","Hostname":"HR001.shire.com","SourceModuleName":"eventlog","FilterRTID":"69049","@version":"1"}
{"Version":3,"GrantedAccess":"0x1000","EventReceivedTime":"2019-12-04 23:44:01","type":"nxlog-mordor","SourceImage":"C:\\Windows\\system32\\svchost.exe","host":"ip-172-18-39-102.ec2.internal","Channel":"Microsoft-Windows-Sysmon/Operational","RecordNumber":155691,"SourceProcessId":"664","port":49730,"ProviderGuid":"{5770385F-C22A-43E0-BF4C-06F5698FFBD9}","CallTrace":"C:\\Windows\\SYSTEM32\\ntdll.dll+9c524|C:\\Windows\\System32\\KERNELBASE.dll+6a685|c:\\windows\\system32\\lsm.dll+10225|C:\\Windows\\System32\\RPCRT4.dll+76963|C:\\Windows\\System32\\RPCRT4.dll+da036|C:\\Windows\\System32\\RPCRT4.dll+37a5c|C:\\Windows\\System32\\RPCRT4.dll+548d8|C:\\Windows\\System32\\RPCRT4.dll+2c931|C:\\Windows\\System32\\RPCRT4.dll+2c1eb|C:\\Windows\\System32\\RPCRT4.dll+1a86f|C:\\Windows\\System32\\RPCRT4.dll+19d1a|C:\\Windows\\System32\\RPCRT4.dll+19301|C:\\Windows\\System32\\RPCRT4.dll+18d6e|C:\\Windows\\System32\\RPCRT4.dll+169a5|C:\\Windows\\SYSTEM32\\ntdll.dll+333fd|C:\\Windows\\SYSTEM32\\ntdll.dll+34152|C:\\Windows\\System32\\KERNEL32.DLL+17944|C:\\Windows\\SYSTEM32\\ntdll.dll+6ce71","EventID":10,"EventType":"INFO","TargetProcessGUID":"{a158f72c-4a97-5de8-0000-00107e060200}","UtcTime":"2019-12-05 04:44:00.004","UserID":"S-1-5-18","SourceThreadId":"3908","SourceName":"Microsoft-Windows-Sysmon","Domain":"NT AUTHORITY","AccountType":"User","OpcodeValue":0,"Message":"Process accessed:\r\nRuleName: \r\nUtcTime: 2019-12-05 04:44:00.004\r\nSourceProcessGUID: {a158f72c-4a94-5de8-0000-00104dd60000}\r\nSourceProcessId: 664\r\nSourceThreadId: 3908\r\nSourceImage: C:\\Windows\\system32\\svchost.exe\r\nTargetProcessGUID: {a158f72c-4a97-5de8-0000-00107e060200}\r\nTargetProcessId: 2588\r\nTargetImage: C:\\Windows\\System32\\svchost.exe\r\nGrantedAccess: 0x1000\r\nCallTrace: C:\\Windows\\SYSTEM32\\ntdll.dll+9c524|C:\\Windows\\System32\\KERNELBASE.dll+6a685|c:\\windows\\system32\\lsm.dll+10225|C:\\Windows\\System32\\RPCRT4.dll+76963|C:\\Windows\\System32\\RPCRT4.dll+da036|C:\\Windows\\System32\\RPCRT4.dll+37a5c|C:\\Windows\\System32\\RPCRT4.dll+548d8|C:\\Windows\\System32\\RPCRT4.dll+2c931|C:\\Windows\\System32\\RPCRT4.dll+2c1eb|C:\\Windows\\System32\\RPCRT4.dll+1a86f|C:\\Windows\\System32\\RPCRT4.dll+19d1a|C:\\Windows\\System32\\RPCRT4.dll+19301|C:\\Windows\\System32\\RPCRT4.dll+18d6e|C:\\Windows\\System32\\RPCRT4.dll+169a5|C:\\Windows\\SYSTEM32\\ntdll.dll+333fd|C:\\Windows\\SYSTEM32\\ntdll.dll+34152|C:\\Windows\\System32\\KERNEL32.DLL+17944|C:\\Windows\\SYSTEM32\\ntdll.dll+6ce71","Task":10,"Severity":"INFO","Keywords":-9223372036854775808,"@timestamp":"2019-12-05T04:44:01.035Z","EventTime":"2019-12-04 23:44:00","SeverityValue":2,"ProcessID":3148,"ThreadID":4772,"AccountName":"SYSTEM","TargetImage":"C:\\Windows\\System32\\svchost.exe","SourceModuleType":"im_msvistalog","Hostname":"ACCT001.shire.com","SourceModuleName":"eventlog","SourceProcessGUID":"{a158f72c-4a94-5de8-0000-00104dd60000}","TargetProcessId":"2588","@version":"1"}
{"Version":3,"GrantedAccess":"0x1000","EventReceivedTime":"2019-12-04 23:44:01","type":"nxlog-mordor","SourceImage":"C:\\Windows\\system32\\svchost.exe","host":"ip-172-18-39-102.ec2.internal","Channel":"Microsoft-Windows-Sysmon/Operational","RecordNumber":155695,"SourceProcessId":"664","port":49730,"ProviderGuid":"{5770385F-C22A-43E0-BF4C-06F5698FFBD9}","CallTrace":"C:\\Windows\\SYSTEM32\\ntdll.dll+9c524|C:\\Windows\\System32\\KERNELBASE.dll+6a685|c:\\windows\\system32\\lsm.dll+f97f|c:\\windows\\system32\\lsm.dll+f7ad|C:\\Windows\\System32\\RPCRT4.dll+76963|C:\\Windows\\System32\\RPCRT4.dll+da036|C:\\Windows\\System32\\RPCRT4.dll+37a5c|C:\\Windows\\System32\\RPCRT4.dll+548d8|C:\\Windows\\System32\\RPCRT4.dll+2c931|C:\\Windows\\System32\\RPCRT4.dll+2c1eb|C:\\Windows\\System32\\RPCRT4.dll+1a86f|C:\\Windows\\System32\\RPCRT4.dll+19d1a|C:\\Windows\\System32\\RPCRT4.dll+19301|C:\\Windows\\System32\\RPCRT4.dll+18d6e|C:\\Windows\\System32\\RPCRT4.dll+169a5|C:\\Windows\\SYSTEM32\\ntdll.dll+333fd|C:\\Windows\\SYSTEM32\\ntdll.dll+34152|C:\\Windows\\System32\\KERNEL32.DLL+17944|C:\\Windows\\SYSTEM32\\ntdll.dll+6ce71","EventID":10,"EventType":"INFO","TargetProcessGUID":"{a158f72c-4a97-5de8-0000-00107e060200}","UtcTime":"2019-12-05 04:44:00.004","UserID":"S-1-5-18","SourceThreadId":"1500","SourceName":"Microsoft-Windows-Sysmon","Domain":"NT AUTHORITY","AccountType":"User","OpcodeValue":0,"Message":"Process accessed:\r\nRuleName: \r\nUtcTime: 2019-12-05 04:44:00.004\r\nSourceProcessGUID: {a158f72c-4a94-5de8-0000-00104dd60000}\r\nSourceProcessId: 664\r\nSourceThreadId: 1500\r\nSourceImage: C:\\Windows\\system32\\svchost.exe\r\nTargetProcessGUID: {a158f72c-4a97-5de8-0000-00107e060200}\r\nTargetProcessId: 2588\r\nTargetImage: C:\\Windows\\System32\\svchost.exe\r\nGrantedAccess: 0x1000\r\nCallTrace: C:\\Windows\\SYSTEM32\\ntdll.dll+9c524|C:\\Windows\\System32\\KERNELBASE.dll+6a685|c:\\windows\\system32\\lsm.dll+f97f|c:\\windows\\system32\\lsm.dll+f7ad|C:\\Windows\\System32\\RPCRT4.dll+76963|C:\\Windows\\System32\\RPCRT4.dll+da036|C:\\Windows\\System32\\RPCRT4.dll+37a5c|C:\\Windows\\System32\\RPCRT4.dll+548d8|C:\\Windows\\System32\\RPCRT4.dll+2c931|C:\\Windows\\System32\\RPCRT4.dll+2c1eb|C:\\Windows\\System32\\RPCRT4.dll+1a86f|C:\\Windows\\System32\\RPCRT4.dll+19d1a|C:\\Windows\\System32\\RPCRT4.dll+19301|C:\\Windows\\System32\\RPCRT4.dll+18d6e|C:\\Windows\\System32\\RPCRT4.dll+169a5|C:\\Windows\\SYSTEM32\\ntdll.dll+333fd|C:\\Windows\\SYSTEM32\\ntdll.dll+34152|C:\\Windows\\System32\\KERNEL32.DLL+17944|C:\\Windows\\SYSTEM32\\ntdll.dll+6ce71","Task":10,"Severity":"INFO","Keywords":-9223372036854775808,"@timestamp":"2019-12-05T04:44:01.036Z","EventTime":"2019-12-04 23:44:00","SeverityValue":2,"ProcessID":3148,"ThreadID":4772,"AccountName":"SYSTEM","TargetImage":"C:\\Windows\\System32\\svchost.exe","SourceModuleType":"im_msvistalog","Hostname":"ACCT001.shire.com","SourceModuleName":"eventlog","SourceProcessGUID":"{a158f72c-4a94-5de8-0000-00104dd60000}","TargetProcessId":"2588","@version":"1"}
{"Version":3,"GrantedAccess":"0x40","EventReceivedTime":"2019-12-04 23:44:01","type":"nxlog-mordor","SourceImage":"C:\\Windows\\system32\\svchost.exe","host":"ip-172-18-39-102.ec2.internal","Channel":"Microsoft-Windows-Sysmon/Operational","RecordNumber":155699,"SourceProcessId":"664","port":49730,"ProviderGuid":"{5770385F-C22A-43E0-BF4C-06F5698FFBD9}","CallTrace":"C:\\Windows\\SYSTEM32\\ntdll.dll+9c524|C:\\Windows\\System32\\KERNELBASE.dll+2730e|c:\\windows\\system32\\lsm.dll+1a207|C:\\Windows\\System32\\RPCRT4.dll+76963|C:\\Windows\\System32\\RPCRT4.dll+da036|C:\\Windows\\System32\\RPCRT4.dll+38299|C:\\Windows\\System32\\combase.dll+a542f|C:\\Windows\\System32\\combase.dll+28263|C:\\Windows\\System32\\combase.dll+28053|C:\\Windows\\System32\\combase.dll+a8006|C:\\Windows\\System32\\combase.dll+5b72a|C:\\Windows\\System32\\combase.dll+a3c7d|C:\\Windows\\System32\\combase.dll+6a07c|C:\\Windows\\System32\\combase.dll+6a8e1|C:\\Windows\\System32\\combase.dll+6c088|C:\\Windows\\System32\\RPCRT4.dll+548d8|C:\\Windows\\System32\\RPCRT4.dll+2c931|C:\\Windows\\System32\\RPCRT4.dll+2c480|C:\\Windows\\System32\\RPCRT4.dll+1a6bf|C:\\Windows\\System32\\RPCRT4.dll+19d1a|C:\\Windows\\System32\\RPCRT4.dll+19301|C:\\Windows\\System32\\RPCRT4.dll+18d6e|C:\\Windows\\System32\\RPCRT4.dll+169a5|C:\\Windows\\SYSTEM32\\ntdll.dll+333fd","EventID":10,"EventType":"INFO","TargetProcessGUID":"{a158f72c-4a94-5de8-0000-001061f30000}","UtcTime":"2019-12-05 04:44:00.004","UserID":"S-1-5-18","SourceThreadId":"1500","SourceName":"Microsoft-Windows-Sysmon","Domain":"NT AUTHORITY","AccountType":"User","OpcodeValue":0,"Message":"Process accessed:\r\nRuleName: \r\nUtcTime: 2019-12-05 04:44:00.004\r\nSourceProcessGUID: {a158f72c-4a94-5de8-0000-00104dd60000}\r\nSourceProcessId: 664\r\nSourceThreadId: 1500\r\nSourceImage: C:\\Windows\\system32\\svchost.exe\r\nTargetProcessGUID: {a158f72c-4a94-5de8-0000-001061f30000}\r\nTargetProcessId: 1160\r\nTargetImage: C:\\Windows\\System32\\svchost.exe\r\nGrantedAccess: 0x40\r\nCallTrace: C:\\Windows\\SYSTEM32\\ntdll.dll+9c524|C:\\Windows\\System32\\KERNELBASE.dll+2730e|c:\\windows\\system32\\lsm.dll+1a207|C:\\Windows\\System32\\RPCRT4.dll+76963|C:\\Windows\\System32\\RPCRT4.dll+da036|C:\\Windows\\System32\\RPCRT4.dll+38299|C:\\Windows\\System32\\combase.dll+a542f|C:\\Windows\\System32\\combase.dll+28263|C:\\Windows\\System32\\combase.dll+28053|C:\\Windows\\System32\\combase.dll+a8006|C:\\Windows\\System32\\combase.dll+5b72a|C:\\Windows\\System32\\combase.dll+a3c7d|C:\\Windows\\System32\\combase.dll+6a07c|C:\\Windows\\System32\\combase.dll+6a8e1|C:\\Windows\\System32\\combase.dll+6c088|C:\\Windows\\System32\\RPCRT4.dll+548d8|C:\\Windows\\System32\\RPCRT4.dll+2c931|C:\\Windows\\System32\\RPCRT4.dll+2c480|C:\\Windows\\System32\\RPCRT4.dll+1a6bf|C:\\Windows\\System32\\RPCRT4.dll+19d1a|C:\\Windows\\System32\\RPCRT4.dll+19301|C:\\Windows\\System32\\RPCRT4.dll+18d6e|C:\\Windows\\System32\\RPCRT4.dll+169a5|C:\\Windows\\SYSTEM32\\ntdll.dll+333fd","Task":10,"Severity":"INFO","Keywords":-9223372036854775808,"@timestamp":"2019-12-05T04:44:01.038Z","EventTime":"2019-12-04 23:44:00","SeverityValue":2,"ProcessID":3148,"ThreadID":4772,"AccountName":"SYSTEM","TargetImage":"C:\\Windows\\System32\\svchost.exe","SourceModuleType":"im_msvistalog","Hostname":"ACCT001.shire.com","SourceModuleName":"eventlog","SourceProcessGUID":"{a158f72c-4a94-5de8-0000-00104dd60000}","TargetProcessId":"1160","@version":"1"}
{"Version":3,"GrantedAccess":"0x1000","EventReceivedTime":"2019-12-04 23:44:01","type":"nxlog-mordor","SourceImage":"C:\\Windows\\system32\\svchost.exe","host":"ip-172-18-39-102.ec2.internal","Channel":"Microsoft-Windows-Sysmon/Operational","RecordNumber":224616,"SourceProcessId":"968","port":49730,"ProviderGuid":"{5770385F-C22A-43E0-BF4C-06F5698FFBD9}","CallTrace":"C:\\Windows\\SYSTEM32\\ntdll.dll+9c524|C:\\Windows\\SYSTEM32\\psmserviceexthost.dll+222a3|C:\\Windows\\SYSTEM32\\psmserviceexthost.dll+1a172|C:\\Windows\\SYSTEM32\\psmserviceexthost.dll+19e3b|C:\\Windows\\SYSTEM32\\psmserviceexthost.dll+19318|C:\\Windows\\SYSTEM32\\ntdll.dll+3082d|C:\\Windows\\SYSTEM32\\ntdll.dll+345c4|C:\\Windows\\System32\\KERNEL32.DLL+17944|C:\\Windows\\SYSTEM32\\ntdll.dll+6ce71","EventID":10,"EventType":"INFO","TargetProcessGUID":"{a158f72c-4a97-5de8-0000-00105c300200}","UtcTime":"2019-12-05 04:43:59.637","UserID":"S-1-5-18","SourceThreadId":"5432","SourceName":"Microsoft-Windows-Sysmon","Domain":"NT AUTHORITY","AccountType":"User","OpcodeValue":0,"Message":"Process accessed:\r\nRuleName: \r\nUtcTime: 2019-12-05 04:43:59.637\r\nSourceProcessGUID: {a158f72c-4a94-5de8-0000-001033890000}\r\nSourceProcessId: 968\r\nSourceThreadId: 5432\r\nSourceImage: C:\\Windows\\system32\\svchost.exe\r\nTargetProcessGUID: {a158f72c-4a97-5de8-0000-00105c300200}\r\nTargetProcessId: 3236\r\nTargetImage: C:\\Windows\\System32\\svchost.exe\r\nGrantedAccess: 0x1000\r\nCallTrace: C:\\Windows\\SYSTEM32\\ntdll.dll+9c524|C:\\Windows\\SYSTEM32\\psmserviceexthost.dll+222a3|C:\\Windows\\SYSTEM32\\psmserviceexthost.dll+1a172|C:\\Windows\\SYSTEM32\\psmserviceexthost.dll+19e3b|C:\\Windows\\SYSTEM32\\psmserviceexthost.dll+19318|C:\\Windows\\SYSTEM32\\ntdll.dll+3082d|C:\\Windows\\SYSTEM32\\ntdll.dll+345c4|C:\\Windows\\System32\\KERNEL32.DLL+17944|C:\\Windows\\SYSTEM32\\ntdll.dll+6ce71","Task":10,"Severity":"INFO","Keywords":-9223372036854775808,"@timestamp":"2019-12-05T04:44:01.039Z","EventTime":"2019-12-04 23:43:59","SeverityValue":2,"ProcessID":3144,"ThreadID":4584,"AccountName":"SYSTEM","TargetImage":"C:\\Windows\\System32\\svchost.exe","SourceModuleType":"im_msvistalog","Hostname":"HR001.shire.com","SourceModuleName":"eventlog","SourceProcessGUID":"{a158f72c-4a94-5de8-0000-001033890000}","TargetProcessId":"3236","@version":"1"}
{"Version":3,"GrantedAccess":"0x1000","EventReceivedTime":"2019-12-04 23:44:01","type":"nxlog-mordor","SourceImage":"C:\\Windows\\system32\\svchost.exe","host":"ip-172-18-39-102.ec2.internal","Channel":"Microsoft-Windows-Sysmon/Operational","RecordNumber":224620,"SourceProcessId":"548","port":49730,"ProviderGuid":"{5770385F-C22A-43E0-BF4C-06F5698FFBD9}","CallTrace":"C:\\Windows\\SYSTEM32\\ntdll.dll+9c524|C:\\Windows\\System32\\KERNELBASE.dll+6a685|c:\\windows\\system32\\lsm.dll+108a0|C:\\Windows\\System32\\RPCRT4.dll+76963|C:\\Windows\\System32\\RPCRT4.dll+da036|C:\\Windows\\System32\\RPCRT4.dll+37a5c|C:\\Windows\\System32\\RPCRT4.dll+548d8|C:\\Windows\\System32\\RPCRT4.dll+2c931|C:\\Windows\\System32\\RPCRT4.dll+2c1eb|C:\\Windows\\System32\\RPCRT4.dll+1a86f|C:\\Windows\\System32\\RPCRT4.dll+19d1a|C:\\Windows\\System32\\RPCRT4.dll+19301|C:\\Windows\\System32\\RPCRT4.dll+18d6e|C:\\Windows\\System32\\RPCRT4.dll+169a5|C:\\Windows\\SYSTEM32\\ntdll.dll+333fd|C:\\Windows\\SYSTEM32\\ntdll.dll+34152|C:\\Windows\\System32\\KERNEL32.DLL+17944|C:\\Windows\\SYSTEM32\\ntdll.dll+6ce71","EventID":10,"EventType":"INFO","TargetProcessGUID":"{a158f72c-4a96-5de8-0000-0010e60f0200}","UtcTime":"2019-12-05 04:44:00.012","UserID":"S-1-5-18","SourceThreadId":"5204","SourceName":"Microsoft-Windows-Sysmon","Domain":"NT AUTHORITY","AccountType":"User","OpcodeValue":0,"Message":"Process accessed:\r\nRuleName: \r\nUtcTime: 2019-12-05 04:44:00.012\r\nSourceProcessGUID: {a158f72c-4a94-5de8-0000-001068d90000}\r\nSourceProcessId: 548\r\nSourceThreadId: 5204\r\nSourceImage: C:\\Windows\\system32\\svchost.exe\r\nTargetProcessGUID: {a158f72c-4a96-5de8-0000-0010e60f0200}\r\nTargetProcessId: 604\r\nTargetImage: C:\\Windows\\System32\\svchost.exe\r\nGrantedAccess: 0x1000\r\nCallTrace: C:\\Windows\\SYSTEM32\\ntdll.dll+9c524|C:\\Windows\\System32\\KERNELBASE.dll+6a685|c:\\windows\\system32\\lsm.dll+108a0|C:\\Windows\\System32\\RPCRT4.dll+76963|C:\\Windows\\System32\\RPCRT4.dll+da036|C:\\Windows\\System32\\RPCRT4.dll+37a5c|C:\\Windows\\System32\\RPCRT4.dll+548d8|C:\\Windows\\System32\\RPCRT4.dll+2c931|C:\\Windows\\System32\\RPCRT4.dll+2c1eb|C:\\Windows\\System32\\RPCRT4.dll+1a86f|C:\\Windows\\System32\\RPCRT4.dll+19d1a|C:\\Windows\\System32\\RPCRT4.dll+19301|C:\\Windows\\System32\\RPCRT4.dll+18d6e|C:\\Windows\\System32\\RPCRT4.dll+169a5|C:\\Windows\\SYSTEM32\\ntdll.dll+333fd|C:\\Windows\\SYSTEM32\\ntdll.dll+34152|C:\\Windows\\System32\\KERNEL32.DLL+17944|C:\\Windows\\SYSTEM32\\ntdll.dll+6ce71","Task":10,"Severity":"INFO","Keywords":-9223372036854775808,"@timestamp":"2019-12-05T04:44:01.041Z","EventTime":"2019-12-04 23:44:00","SeverityValue":2,"ProcessID":3144,"ThreadID":4584,"AccountName":"SYSTEM","TargetImage":"C:\\Windows\\System32\\svchost.exe","SourceModuleType":"im_msvistalog","Hostname":"HR001.shire.com","SourceModuleName":"eventlog","SourceProcessGUID":"{a158f72c-4a94-5de8-0000-001068d90000}","TargetProcessId":"604","@version":"1"}
{"Version":3,"GrantedAccess":"0x1000","EventReceivedTime":"2019-12-04 23:44:01","type":"nxlog-mordor","SourceImage":"C:\\Windows\\system32\\svchost.exe","host":"ip-172-18-39-102.ec2.internal","Channel":"Microsoft-Windows-Sysmon/Operational","RecordNumber":224624,"SourceProcessId":"548","port":49730,"ProviderGuid":"{5770385F-C22A-43E0-BF4C-06F5698FFBD9}","CallTrace":"C:\\Windows\\SYSTEM32\\ntdll.dll+9c524|C:\\Windows\\System32\\KERNELBASE.dll+6a685|c:\\windows\\system32\\lsm.dll+f6ba|C:\\Windows\\System32\\RPCRT4.dll+76963|C:\\Windows\\System32\\RPCRT4.dll+da036|C:\\Windows\\System32\\RPCRT4.dll+37a5c|C:\\Windows\\System32\\RPCRT4.dll+548d8|C:\\Windows\\System32\\RPCRT4.dll+2c931|C:\\Windows\\System32\\RPCRT4.dll+2c1eb|C:\\Windows\\System32\\RPCRT4.dll+1a86f|C:\\Windows\\System32\\RPCRT4.dll+19d1a|C:\\Windows\\System32\\RPCRT4.dll+19301|C:\\Windows\\System32\\RPCRT4.dll+18d6e|C:\\Windows\\System32\\RPCRT4.dll+169a5|C:\\Windows\\SYSTEM32\\ntdll.dll+333fd|C:\\Windows\\SYSTEM32\\ntdll.dll+34152|C:\\Windows\\System32\\KERNEL32.DLL+17944|C:\\Windows\\SYSTEM32\\ntdll.dll+6ce71","EventID":10,"EventType":"INFO","TargetProcessGUID":"{a158f72c-4a96-5de8-0000-0010e60f0200}","UtcTime":"2019-12-05 04:44:00.012","UserID":"S-1-5-18","SourceThreadId":"424","SourceName":"Microsoft-Windows-Sysmon","Domain":"NT AUTHORITY","AccountType":"User","OpcodeValue":0,"Message":"Process accessed:\r\nRuleName: \r\nUtcTime: 2019-12-05 04:44:00.012\r\nSourceProcessGUID: {a158f72c-4a94-5de8-0000-001068d90000}\r\nSourceProcessId: 548\r\nSourceThreadId: 424\r\nSourceImage: C:\\Windows\\system32\\svchost.exe\r\nTargetProcessGUID: {a158f72c-4a96-5de8-0000-0010e60f0200}\r\nTargetProcessId: 604\r\nTargetImage: C:\\Windows\\System32\\svchost.exe\r\nGrantedAccess: 0x1000\r\nCallTrace: C:\\Windows\\SYSTEM32\\ntdll.dll+9c524|C:\\Windows\\System32\\KERNELBASE.dll+6a685|c:\\windows\\system32\\lsm.dll+f6ba|C:\\Windows\\System32\\RPCRT4.dll+76963|C:\\Windows\\System32\\RPCRT4.dll+da036|C:\\Windows\\System32\\RPCRT4.dll+37a5c|C:\\Windows\\System32\\RPCRT4.dll+548d8|C:\\Windows\\System32\\RPCRT4.dll+2c931|C:\\Windows\\System32\\RPCRT4.dll+2c1eb|C:\\Windows\\System32\\RPCRT4.dll+1a86f|C:\\Windows\\System32\\RPCRT4.dll+19d1a|C:\\Windows\\System32\\RPCRT4.dll+19301|C:\\Windows\\System32\\RPCRT4.dll+18d6e|C:\\Windows\\System32\\RPCRT4.dll+169a5|C:\\Windows\\SYSTEM32\\ntdll.dll+333fd|C:\\Windows\\SYSTEM32\\ntdll.dll+34152|C:\\Windows\\System32\\KERNEL32.DLL+17944|C:\\Windows\\SYSTEM32\\ntdll.dll+6ce71","Task":10,"Severity":"INFO","Keywords":-9223372036854775808,"@timestamp":"2019-12-05T04:44:01.042Z","EventTime":"2019-12-04 23:44:00","SeverityValue":2,"ProcessID":3144,"ThreadID":4584,"AccountName":"SYSTEM","TargetImage":"C:\\Windows\\System32\\svchost.exe","SourceModuleType":"im_msvistalog","Hostname":"HR001.shire.com","SourceModuleName":"eventlog","SourceProcessGUID":"{a158f72c-4a94-5de8-0000-001068d90000}","TargetProcessId":"604","@version":"1"}
{"Version":0,"EventReceivedTime":"2019-12-04 23:44:01","SourceAddress":"0.0.0.0","type":"nxlog-mordor","host":"ip-172-18-39-102.ec2.internal","Channel":"security","RecordNumber":25387,"Category":"Filtering Platform Connection","port":49730,"ProviderGuid":"{54849625-5478-4994-A5BA-3E3B0328C30D}","Application":"\\device\\harddiskvolume2\\program files\\amazon\\ssm\\amazon-ssm-agent.exe","EventID":5158,"EventType":"AUDIT_SUCCESS","SourcePort":"51534","SourceName":"Microsoft-Windows-Security-Auditing","OpcodeValue":0,"Message":"The Windows Filtering Platform has permitted a bind to a local port.\r\n\r\nApplication Information:\r\n\tProcess ID:\t\t3068\r\n\tApplication Name:\t\\device\\harddiskvolume2\\program files\\amazon\\ssm\\amazon-ssm-agent.exe\r\n\r\nNetwork Information:\r\n\tSource Address:\t\t0.0.0.0\r\n\tSource Port:\t\t51534\r\n\tProtocol:\t\t6\r\n\r\nFilter Information:\r\n\tFilter Run-Time ID:\t0\r\n\tLayer Name:\t\tResource Assignment\r\n\tLayer Run-Time ID:\t36","LayerName":"%%14608","Task":12810,"Severity":"INFO","Keywords":-9214364837600034816,"LayerRTID":"36","@timestamp":"2019-12-05T04:44:01.032Z","EventTime":"2019-12-04 23:43:58","SeverityValue":2,"ProcessID":4,"ThreadID":4944,"Opcode":"Info","Protocol":"6","SourceModuleType":"im_msvistalog","Hostname":"ACCT001.shire.com","SourceModuleName":"eventlog","FilterRTID":"0","@version":"1"}
{"Version":3,"GrantedAccess":"0x1000","EventReceivedTime":"2019-12-04 23:44:01","type":"nxlog-mordor","SourceImage":"C:\\Windows\\system32\\svchost.exe","host":"ip-172-18-39-102.ec2.internal","Channel":"Microsoft-Windows-Sysmon/Operational","RecordNumber":224609,"SourceProcessId":"968","port":49730,"ProviderGuid":"{5770385F-C22A-43E0-BF4C-06F5698FFBD9}","CallTrace":"C:\\Windows\\SYSTEM32\\ntdll.dll+9c524|C:\\Windows\\SYSTEM32\\psmserviceexthost.dll+222a3|C:\\Windows\\SYSTEM32\\psmserviceexthost.dll+1a172|C:\\Windows\\SYSTEM32\\psmserviceexthost.dll+19e3b|C:\\Windows\\SYSTEM32\\psmserviceexthost.dll+19318|C:\\Windows\\SYSTEM32\\ntdll.dll+3082d|C:\\Windows\\SYSTEM32\\ntdll.dll+345c4|C:\\Windows\\System32\\KERNEL32.DLL+17944|C:\\Windows\\SYSTEM32\\ntdll.dll+6ce71","EventID":10,"EventType":"INFO","TargetProcessGUID":"{a158f72c-4a97-5de8-0000-00105c300200}","UtcTime":"2019-12-05 04:43:58.633","UserID":"S-1-5-18","SourceThreadId":"5432","SourceName":"Microsoft-Windows-Sysmon","Domain":"NT AUTHORITY","AccountType":"User","OpcodeValue":0,"Message":"Process accessed:\r\nRuleName: \r\nUtcTime: 2019-12-05 04:43:58.633\r\nSourceProcessGUID: {a158f72c-4a94-5de8-0000-001033890000}\r\nSourceProcessId: 968\r\nSourceThreadId: 5432\r\nSourceImage: C:\\Windows\\system32\\svchost.exe\r\nTargetProcessGUID: {a158f72c-4a97-5de8-0000-00105c300200}\r\nTargetProcessId: 3236\r\nTargetImage: C:\\Windows\\System32\\svchost.exe\r\nGrantedAccess: 0x1000\r\nCallTrace: C:\\Windows\\SYSTEM32\\ntdll.dll+9c524|C:\\Windows\\SYSTEM32\\psmserviceexthost.dll+222a3|C:\\Windows\\SYSTEM32\\psmserviceexthost.dll+1a172|C:\\Windows\\SYSTEM32\\psmserviceexthost.dll+19e3b|C:\\Windows\\SYSTEM32\\psmserviceexthost.dll+19318|C:\\Windows\\SYSTEM32\\ntdll.dll+3082d|C:\\Windows\\SYSTEM32\\ntdll.dll+345c4|C:\\Windows\\System32\\KERNEL32.DLL+17944|C:\\Windows\\SYSTEM32\\ntdll.dll+6ce71","Task":10,"Severity":"INFO","Keywords":-9223372036854775808,"@timestamp":"2019-12-05T04:44:01.031Z","EventTime":"2019-12-04 23:43:58","SeverityValue":2,"ProcessID":3144,"ThreadID":4584,"AccountName":"SYSTEM","TargetImage":"C:\\Windows\\System32\\svchost.exe","SourceModuleType":"im_msvistalog","Hostname":"HR001.shire.com","SourceModuleName":"eventlog","SourceProcessGUID":"{a158f72c-4a94-5de8-0000-001033890000}","TargetProcessId":"3236","@version":"1"}
{"Version":3,"GrantedAccess":"0x1000","EventReceivedTime":"2019-12-04 23:44:01","type":"nxlog-mordor","SourceImage":"C:\\Windows\\system32\\svchost.exe","host":"ip-172-18-39-102.ec2.internal","Channel":"Microsoft-Windows-Sysmon/Operational","RecordNumber":224613,"SourceProcessId":"968","port":49730,"ProviderGuid":"{5770385F-C22A-43E0-BF4C-06F5698FFBD9}","CallTrace":"C:\\Windows\\SYSTEM32\\ntdll.dll+9c524|C:\\Windows\\SYSTEM32\\psmserviceexthost.dll+222a3|C:\\Windows\\SYSTEM32\\psmserviceexthost.dll+1a172|C:\\Windows\\SYSTEM32\\psmserviceexthost.dll+19e3b|C:\\Windows\\SYSTEM32\\psmserviceexthost.dll+19318|C:\\Windows\\SYSTEM32\\ntdll.dll+3082d|C:\\Windows\\SYSTEM32\\ntdll.dll+345c4|C:\\Windows\\System32\\KERNEL32.DLL+17944|C:\\Windows\\SYSTEM32\\ntdll.dll+6ce71","EventID":10,"EventType":"INFO","TargetProcessGUID":"{a158f72c-4a95-5de8-0000-00108c540100}","UtcTime":"2019-12-05 04:43:59.371","UserID":"S-1-5-18","SourceThreadId":"5432","SourceName":"Microsoft-Windows-Sysmon","Domain":"NT AUTHORITY","AccountType":"User","OpcodeValue":0,"Message":"Process accessed:\r\nRuleName: \r\nUtcTime: 2019-12-05 04:43:59.371\r\nSourceProcessGUID: {a158f72c-4a94-5de8-0000-001033890000}\r\nSourceProcessId: 968\r\nSourceThreadId: 5432\r\nSourceImage: C:\\Windows\\system32\\svchost.exe\r\nTargetProcessGUID: {a158f72c-4a95-5de8-0000-00108c540100}\r\nTargetProcessId: 1904\r\nTargetImage: C:\\Windows\\System32\\svchost.exe\r\nGrantedAccess: 0x1000\r\nCallTrace: C:\\Windows\\SYSTEM32\\ntdll.dll+9c524|C:\\Windows\\SYSTEM32\\psmserviceexthost.dll+222a3|C:\\Windows\\SYSTEM32\\psmserviceexthost.dll+1a172|C:\\Windows\\SYSTEM32\\psmserviceexthost.dll+19e3b|C:\\Windows\\SYSTEM32\\psmserviceexthost.dll+19318|C:\\Windows\\SYSTEM32\\ntdll.dll+3082d|C:\\Windows\\SYSTEM32\\ntdll.dll+345c4|C:\\Windows\\System32\\KERNEL32.DLL+17944|C:\\Windows\\SYSTEM32\\ntdll.dll+6ce71","Task":10,"Severity":"INFO","Keywords":-9223372036854775808,"@timestamp":"2019-12-05T04:44:01.032Z","EventTime":"2019-12-04 23:43:59","SeverityValue":2,"ProcessID":3144,"ThreadID":4584,"AccountName":"SYSTEM","TargetImage":"C:\\Windows\\System32\\svchost.exe","SourceModuleType":"im_msvistalog","Hostname":"HR001.shire.com","SourceModuleName":"eventlog","SourceProcessGUID":"{a158f72c-4a94-5de8-0000-001033890000}","TargetProcessId":"1904","@version":"1"}
{"Version":0,"EventReceivedTime":"2019-12-04 23:44:01","SourceAddress":"0.0.0.0","type":"nxlog-mordor","host":"ip-172-18-39-102.ec2.internal","Channel":"Security","RecordNumber":32172,"Category":"Filtering Platform Connection","port":49730,"ProviderGuid":"{54849625-5478-4994-A5BA-3E3B0328C30D}","Application":"\\device\\harddiskvolume1\\windows\\system32\\svchost.exe","EventID":5158,"EventType":"AUDIT_SUCCESS","SourcePort":"50841","SourceName":"Microsoft-Windows-Security-Auditing","OpcodeValue":0,"Message":"The Windows Filtering Platform has permitted a bind to a local port.\r\n\r\nApplication Information:\r\n\tProcess ID:\t\t2944\r\n\tApplication Name:\t\\device\\harddiskvolume1\\windows\\system32\\svchost.exe\r\n\r\nNetwork Information:\r\n\tSource Address:\t\t0.0.0.0\r\n\tSource Port:\t\t50841\r\n\tProtocol:\t\t6\r\n\r\nFilter Information:\r\n\tFilter Run-Time ID:\t0\r\n\tLayer Name:\t\tResource Assignment\r\n\tLayer Run-Time ID:\t36","LayerName":"%%14608","Task":12810,"Severity":"INFO","Keywords":-9214364837600034816,"LayerRTID":"36","@timestamp":"2019-12-05T04:44:01.032Z","EventTime":"2019-12-04 23:43:59","SeverityValue":2,"ProcessID":4,"ThreadID":4972,"Opcode":"Info","Protocol":"6","SourceModuleType":"im_msvistalog","Hostname":"FILE001.shire.com","SourceModuleName":"eventlog","FilterRTID":"0","@version":"1"}
{"Version":0,"EventReceivedTime":"2019-12-04 23:44:01","SourceAddress":"0.0.0.0","type":"nxlog-mordor","host":"ip-172-18-39-102.ec2.internal","Channel":"Security","RecordNumber":32176,"Category":"Filtering Platform Connection","port":49730,"ProviderGuid":"{54849625-5478-4994-A5BA-3E3B0328C30D}","Application":"\\device\\harddiskvolume1\\windows\\system32\\svchost.exe","EventID":5158,"EventType":"AUDIT_SUCCESS","SourcePort":"50843","SourceName":"Microsoft-Windows-Security-Auditing","OpcodeValue":0,"Message":"The Windows Filtering Platform has permitted a bind to a local port.\r\n\r\nApplication Information:\r\n\tProcess ID:\t\t2944\r\n\tApplication Name:\t\\device\\harddiskvolume1\\windows\\system32\\svchost.exe\r\n\r\nNetwork Information:\r\n\tSource Address:\t\t0.0.0.0\r\n\tSource Port:\t\t50843\r\n\tProtocol:\t\t6\r\n\r\nFilter Information:\r\n\tFilter Run-Time ID:\t0\r\n\tLayer Name:\t\tResource Assignment\r\n\tLayer Run-Time ID:\t36","LayerName":"%%14608","Task":12810,"Severity":"INFO","Keywords":-9214364837600034816,"LayerRTID":"36","@timestamp":"2019-12-05T04:44:01.033Z","EventTime":"2019-12-04 23:43:59","SeverityValue":2,"ProcessID":4,"ThreadID":4972,"Opcode":"Info","Protocol":"6","SourceModuleType":"im_msvistalog","Hostname":"FILE001.shire.com","SourceModuleName":"eventlog","FilterRTID":"0","@version":"1"}
{"Version":3,"GrantedAccess":"0x1000","EventReceivedTime":"2019-12-04 23:44:01","type":"nxlog-mordor","SourceImage":"C:\\Windows\\system32\\svchost.exe","host":"ip-172-18-39-102.ec2.internal","Channel":"Microsoft-Windows-Sysmon/Operational","RecordNumber":155688,"SourceProcessId":"664","port":49730,"ProviderGuid":"{5770385F-C22A-43E0-BF4C-06F5698FFBD9}","CallTrace":"C:\\Windows\\SYSTEM32\\ntdll.dll+9c524|C:\\Windows\\System32\\KERNELBASE.dll+6a685|c:\\windows\\system32\\lsm.dll+10225|C:\\Windows\\System32\\RPCRT4.dll+76963|C:\\Windows\\System32\\RPCRT4.dll+da036|C:\\Windows\\System32\\RPCRT4.dll+37a5c|C:\\Windows\\System32\\RPCRT4.dll+548d8|C:\\Windows\\System32\\RPCRT4.dll+2c931|C:\\Windows\\System32\\RPCRT4.dll+2c1eb|C:\\Windows\\System32\\RPCRT4.dll+1a86f|C:\\Windows\\System32\\RPCRT4.dll+19d1a|C:\\Windows\\System32\\RPCRT4.dll+19301|C:\\Windows\\System32\\RPCRT4.dll+18d6e|C:\\Windows\\System32\\RPCRT4.dll+169a5|C:\\Windows\\SYSTEM32\\ntdll.dll+333fd|C:\\Windows\\SYSTEM32\\ntdll.dll+34152|C:\\Windows\\System32\\KERNEL32.DLL+17944|C:\\Windows\\SYSTEM32\\ntdll.dll+6ce71","EventID":10,"EventType":"INFO","TargetProcessGUID":"{a158f72c-4a97-5de8-0000-00107e060200}","UtcTime":"2019-12-05 04:43:59.614","UserID":"S-1-5-18","SourceThreadId":"3908","SourceName":"Microsoft-Windows-Sysmon","Domain":"NT AUTHORITY","AccountType":"User","OpcodeValue":0,"Message":"Process accessed:\r\nRuleName: \r\nUtcTime: 2019-12-05 04:43:59.614\r\nSourceProcessGUID: {a158f72c-4a94-5de8-0000-00104dd60000}\r\nSourceProcessId: 664\r\nSourceThreadId: 3908\r\nSourceImage: C:\\Windows\\system32\\svchost.exe\r\nTargetProcessGUID: {a158f72c-4a97-5de8-0000-00107e060200}\r\nTargetProcessId: 2588\r\nTargetImage: C:\\Windows\\System32\\svchost.exe\r\nGrantedAccess: 0x1000\r\nCallTrace: C:\\Windows\\SYSTEM32\\ntdll.dll+9c524|C:\\Windows\\System32\\KERNELBASE.dll+6a685|c:\\windows\\system32\\lsm.dll+10225|C:\\Windows\\System32\\RPCRT4.dll+76963|C:\\Windows\\System32\\RPCRT4.dll+da036|C:\\Windows\\System32\\RPCRT4.dll+37a5c|C:\\Windows\\System32\\RPCRT4.dll+548d8|C:\\Windows\\System32\\RPCRT4.dll+2c931|C:\\Windows\\System32\\RPCRT4.dll+2c1eb|C:\\Windows\\System32\\RPCRT4.dll+1a86f|C:\\Windows\\System32\\RPCRT4.dll+19d1a|C:\\Windows\\System32\\RPCRT4.dll+19301|C:\\Windows\\System32\\RPCRT4.dll+18d6e|C:\\Windows\\System32\\RPCRT4.dll+169a5|C:\\Windows\\SYSTEM32\\ntdll.dll+333fd|C:\\Windows\\SYSTEM32\\ntdll.dll+34152|C:\\Windows\\System32\\KERNEL32.DLL+17944|C:\\Windows\\SYSTEM32\\ntdll.dll+6ce71","Task":10,"Severity":"INFO","Keywords":-9223372036854775808,"@timestamp":"2019-12-05T04:44:01.034Z","EventTime":"2019-12-04 23:43:59","SeverityValue":2,"ProcessID":3148,"ThreadID":4772,"AccountName":"SYSTEM","TargetImage":"C:\\Windows\\System32\\svchost.exe","SourceModuleType":"im_msvistalog","Hostname":"ACCT001.shire.com","SourceModuleName":"eventlog","SourceProcessGUID":"{a158f72c-4a94-5de8-0000-00104dd60000}","TargetProcessId":"2588","@version":"1"}
{"Version":3,"GrantedAccess":"0x1000","EventReceivedTime":"2019-12-04 23:44:01","type":"nxlog-mordor","SourceImage":"C:\\Windows\\system32\\svchost.exe","host":"ip-172-18-39-102.ec2.internal","Channel":"Microsoft-Windows-Sysmon/Operational","RecordNumber":155692,"SourceProcessId":"664","port":49730,"ProviderGuid":"{5770385F-C22A-43E0-BF4C-06F5698FFBD9}","CallTrace":"C:\\Windows\\SYSTEM32\\ntdll.dll+9c524|C:\\Windows\\System32\\KERNELBASE.dll+6a685|c:\\windows\\system32\\lsm.dll+108a0|C:\\Windows\\System32\\RPCRT4.dll+76963|C:\\Windows\\System32\\RPCRT4.dll+da036|C:\\Windows\\System32\\RPCRT4.dll+37a5c|C:\\Windows\\System32\\RPCRT4.dll+548d8|C:\\Windows\\System32\\RPCRT4.dll+2c931|C:\\Windows\\System32\\RPCRT4.dll+2c1eb|C:\\Windows\\System32\\RPCRT4.dll+1a86f|C:\\Windows\\System32\\RPCRT4.dll+19d1a|C:\\Windows\\System32\\RPCRT4.dll+19301|C:\\Windows\\System32\\RPCRT4.dll+18d6e|C:\\Windows\\System32\\RPCRT4.dll+169a5|C:\\Windows\\SYSTEM32\\ntdll.dll+333fd|C:\\Windows\\SYSTEM32\\ntdll.dll+34152|C:\\Windows\\System32\\KERNEL32.DLL+17944|C:\\Windows\\SYSTEM32\\ntdll.dll+6ce71","EventID":10,"EventType":"INFO","TargetProcessGUID":"{a158f72c-4a97-5de8-0000-00107e060200}","UtcTime":"2019-12-05 04:44:00.004","UserID":"S-1-5-18","SourceThreadId":"3908","SourceName":"Microsoft-Windows-Sysmon","Domain":"NT AUTHORITY","AccountType":"User","OpcodeValue":0,"Message":"Process accessed:\r\nRuleName: \r\nUtcTime: 2019-12-05 04:44:00.004\r\nSourceProcessGUID: {a158f72c-4a94-5de8-0000-00104dd60000}\r\nSourceProcessId: 664\r\nSourceThreadId: 3908\r\nSourceImage: C:\\Windows\\system32\\svchost.exe\r\nTargetProcessGUID: {a158f72c-4a97-5de8-0000-00107e060200}\r\nTargetProcessId: 2588\r\nTargetImage: C:\\Windows\\System32\\svchost.exe\r\nGrantedAccess: 0x1000\r\nCallTrace: C:\\Windows\\SYSTEM32\\ntdll.dll+9c524|C:\\Windows\\System32\\KERNELBASE.dll+6a685|c:\\windows\\system32\\lsm.dll+108a0|C:\\Windows\\System32\\RPCRT4.dll+76963|C:\\Windows\\System32\\RPCRT4.dll+da036|C:\\Windows\\System32\\RPCRT4.dll+37a5c|C:\\Windows\\System32\\RPCRT4.dll+548d8|C:\\Windows\\System32\\RPCRT4.dll+2c931|C:\\Windows\\System32\\RPCRT4.dll+2c1eb|C:\\Windows\\System32\\RPCRT4.dll+1a86f|C:\\Windows\\System32\\RPCRT4.dll+19d1a|C:\\Windows\\System32\\RPCRT4.dll+19301|C:\\Windows\\System32\\RPCRT4.dll+18d6e|C:\\Windows\\System32\\RPCRT4.dll+169a5|C:\\Windows\\SYSTEM32\\ntdll.dll+333fd|C:\\Windows\\SYSTEM32\\ntdll.dll+34152|C:\\Windows\\System32\\KERNEL32.DLL+17944|C:\\Windows\\SYSTEM32\\ntdll.dll+6ce71","Task":10,"Severity":"INFO","Keywords":-9223372036854775808,"@timestamp":"2019-12-05T04:44:01.035Z","EventTime":"2019-12-04 23:44:00","SeverityValue":2,"ProcessID":3148,"ThreadID":4772,"AccountName":"SYSTEM","TargetImage":"C:\\Windows\\System32\\svchost.exe","SourceModuleType":"im_msvistalog","Hostname":"ACCT001.shire.com","SourceModuleName":"eventlog","SourceProcessGUID":"{a158f72c-4a94-5de8-0000-00104dd60000}","TargetProcessId":"2588","@version":"1"}
