{"Keywords":-9223372036854775808,"SeverityValue":2,"TargetObject":"\\REGISTRY\\A\\{e7c81823-3f72-2f44-1cc0-333e156bdd59}\\DeliveryOptimization\\Swarms\\95D2EE60-C9D3-45E4-876D-BAE16D758A87_16_0_13127_20408_STREAM_X86_EN_US\\PeerId","EventTypeOrignal":"INFO","EventID":13,"ProviderGuid":"{5770385F-C22A-43E0-BF4C-06F5698FFBD9}","ExecutionProcessID":3336,"host":"wec.internal.cloudapp.net","Channel":"Microsoft-Windows-Sysmon/Operational","UserID":"S-1-5-18","AccountType":"User","ThreadID":4296,"ProcessGuid":"{d273d0f0-874b-5f63-7001-000000000400}","Details":"Binary Data","EventReceivedTime":"2020-09-17 17:33:01","Opcode":"Info","EventTime":"2020-09-17 17:33:00","Message":"Registry value set:\r\nRuleName: -\r\nEventType: SetValue\r\nUtcTime: 2020-09-17 21:33:00.583\r\nProcessGuid: {d273d0f0-874b-5f63-7001-000000000400}\r\nProcessId: 2660\r\nImage: C:\\windows\\System32\\svchost.exe\r\nTargetObject: \\REGISTRY\\A\\{e7c81823-3f72-2f44-1cc0-333e156bdd59}\\DeliveryOptimization\\Swarms\\95D2EE60-C9D3-45E4-876D-BAE16D758A87_16_0_13127_20408_STREAM_X86_EN_US\\PeerId\r\nDetails: Binary Data","ProcessId":"2660","EventType":"SetValue","@timestamp":"2020-09-17T21:33:01.668Z","SourceModuleType":"im_msvistalog","port":64545,"AccountName":"SYSTEM","RecordNumber":628323,"Task":13,"Domain":"NT AUTHORITY","@version":"1","OpcodeValue":0,"SourceModuleName":"eventlog","Severity":"INFO","SourceName":"Microsoft-Windows-Sysmon","Version":2,"Image":"C:\\windows\\System32\\svchost.exe","Category":"Registry value set (rule: RegistryEvent)","UtcTime":"2020-09-17 21:33:00.583","Hostname":"WORKSTATION6.theshire.local","RuleName":"-","tags":["mordorDataset"]}
{"Keywords":-9223372036854775808,"SeverityValue":2,"TargetObject":"\\REGISTRY\\A\\{e7c81823-3f72-2f44-1cc0-333e156bdd59}\\DeliveryOptimization\\Swarms\\95D2EE60-C9D3-45E4-876D-BAE16D758A87_16_0_13127_20408_STREAM_X86_EN_US\\SessionId","EventTypeOrignal":"INFO","EventID":13,"ProviderGuid":"{5770385F-C22A-43E0-BF4C-06F5698FFBD9}","ExecutionProcessID":3336,"host":"wec.internal.cloudapp.net","Channel":"Microsoft-Windows-Sysmon/Operational","UserID":"S-1-5-18","AccountType":"User","ThreadID":4296,"ProcessGuid":"{d273d0f0-874b-5f63-7001-000000000400}","Details":"Binary Data","EventReceivedTime":"2020-09-17 17:33:01","Opcode":"Info","EventTime":"2020-09-17 17:33:00","Message":"Registry value set:\r\nRuleName: -\r\nEventType: SetValue\r\nUtcTime: 2020-09-17 21:33:00.583\r\nProcessGuid: {d273d0f0-874b-5f63-7001-000000000400}\r\nProcessId: 2660\r\nImage: C:\\windows\\System32\\svchost.exe\r\nTargetObject: \\REGISTRY\\A\\{e7c81823-3f72-2f44-1cc0-333e156bdd59}\\DeliveryOptimization\\Swarms\\95D2EE60-C9D3-45E4-876D-BAE16D758A87_16_0_13127_20408_STREAM_X86_EN_US\\SessionId\r\nDetails: Binary Data","ProcessId":"2660","EventType":"SetValue","@timestamp":"2020-09-17T21:33:01.668Z","SourceModuleType":"im_msvistalog","port":64545,"AccountName":"SYSTEM","RecordNumber":628324,"Task":13,"Domain":"NT AUTHORITY","@version":"1","OpcodeValue":0,"SourceModuleName":"eventlog","Severity":"INFO","SourceName":"Microsoft-Windows-Sysmon","Version":2,"Image":"C:\\windows\\System32\\svchost.exe","Category":"Registry value set (rule: RegistryEvent)","UtcTime":"2020-09-17 21:33:00.583","Hostname":"WORKSTATION6.theshire.local","RuleName":"-","tags":["mordorDataset"]}
{"Keywords":-9223372036854775808,"SeverityValue":2,"TargetObject":"\\REGISTRY\\A\\{e7c81823-3f72-2f44-1cc0-333e156bdd59}\\DeliveryOptimization\\Swarms\\95D2EE60-C9D3-45E4-876D-BAE16D758A87_16_0_13127_20408_STREAM_X86_EN_US\\CallerName","EventTypeOrignal":"INFO","EventID":13,"ProviderGuid":"{5770385F-C22A-43E0-BF4C-06F5698FFBD9}","ExecutionProcessID":3336,"host":"wec.internal.cloudapp.net","Channel":"Microsoft-Windows-Sysmon/Operational","UserID":"S-1-5-18","AccountType":"User","ThreadID":4296,"ProcessGuid":"{d273d0f0-874b-5f63-7001-000000000400}","Details":"Microsoft Office Click-to-Run","EventReceivedTime":"2020-09-17 17:33:01","Opcode":"Info","EventTime":"2020-09-17 17:33:00","Message":"Registry value set:\r\nRuleName: -\r\nEventType: SetValue\r\nUtcTime: 2020-09-17 21:33:00.583\r\nProcessGuid: {d273d0f0-874b-5f63-7001-000000000400}\r\nProcessId: 2660\r\nImage: C:\\windows\\System32\\svchost.exe\r\nTargetObject: \\REGISTRY\\A\\{e7c81823-3f72-2f44-1cc0-333e156bdd59}\\DeliveryOptimization\\Swarms\\95D2EE60-C9D3-45E4-876D-BAE16D758A87_16_0_13127_20408_STREAM_X86_EN_US\\CallerName\r\nDetails: Microsoft Office Click-to-Run","ProcessId":"2660","EventType":"SetValue","@timestamp":"2020-09-17T21:33:01.669Z","SourceModuleType":"im_msvistalog","port":64545,"AccountName":"SYSTEM","RecordNumber":628325,"Task":13,"Domain":"NT AUTHORITY","@version":"1","OpcodeValue":0,"SourceModuleName":"eventlog","Severity":"INFO","SourceName":"Microsoft-Windows-Sysmon","Version":2,"Image":"C:\\windows\\System32\\svchost.exe","Category":"Registry value set (rule: RegistryEvent)","UtcTime":"2020-09-17 21:33:00.583","Hostname":"WORKSTATION6.theshire.local","RuleName":"-","tags":["mordorDataset"]}
{"Keywords":-9223372036854775808,"SeverityValue":2,"TargetObject":"\\REGISTRY\\A\\{e7c81823-3f72-2f44-1cc0-333e156bdd59}\\DeliveryOptimization\\Swarms\\95D2EE60-C9D3-45E4-876D-BAE16D758A87_16_0_13127_20408_STREAM_X86_EN_US\\Status","EventTypeOrignal":"INFO","EventID":13,"ProviderGuid":"{5770385F-C22A-43E0-BF4C-06F5698FFBD9}","ExecutionProcessID":3336,"host":"wec.internal.cloudapp.net","Channel":"Microsoft-Windows-Sysmon/Operational","UserID":"S-1-5-18","AccountType":"User","ThreadID":4296,"ProcessGuid":"{d273d0f0-874b-5f63-7001-000000000400}","Details":"DWORD (0x00000002)","EventReceivedTime":"2020-09-17 17:33:01","Opcode":"Info","EventTime":"2020-09-17 17:33:00","Message":"Registry value set:\r\nRuleName: -\r\nEventType: SetValue\r\nUtcTime: 2020-09-17 21:33:00.583\r\nProcessGuid: {d273d0f0-874b-5f63-7001-000000000400}\r\nProcessId: 2660\r\nImage: C:\\windows\\System32\\svchost.exe\r\nTargetObject: \\REGISTRY\\A\\{e7c81823-3f72-2f44-1cc0-333e156bdd59}\\DeliveryOptimization\\Swarms\\95D2EE60-C9D3-45E4-876D-BAE16D758A87_16_0_13127_20408_STREAM_X86_EN_US\\Status\r\nDetails: DWORD (0x00000002)","ProcessId":"2660","EventType":"SetValue","@timestamp":"2020-09-17T21:33:01.669Z","SourceModuleType":"im_msvistalog","port":64545,"AccountName":"SYSTEM","RecordNumber":628326,"Task":13,"Domain":"NT AUTHORITY","@version":"1","OpcodeValue":0,"SourceModuleName":"eventlog","Severity":"INFO","SourceName":"Microsoft-Windows-Sysmon","Version":2,"Image":"C:\\windows\\System32\\svchost.exe","Category":"Registry value set (rule: RegistryEvent)","UtcTime":"2020-09-17 21:33:00.583","Hostname":"WORKSTATION6.theshire.local","RuleName":"-","tags":["mordorDataset"]}
{"Keywords":-9223372036854775808,"SeverityValue":2,"TargetObject":"\\REGISTRY\\A\\{e7c81823-3f72-2f44-1cc0-333e156bdd59}\\DeliveryOptimization\\Swarms\\95D2EE60-C9D3-45E4-876D-BAE16D758A87_16_0_13127_20408_STREAM_X86_EN_US\\DownloadDurationMsecs","EventTypeOrignal":"INFO","EventID":13,"ProviderGuid":"{5770385F-C22A-43E0-BF4C-06F5698FFBD9}","ExecutionProcessID":3336,"host":"wec.internal.cloudapp.net","Channel":"Microsoft-Windows-Sysmon/Operational","UserID":"S-1-5-18","AccountType":"User","ThreadID":4296,"ProcessGuid":"{d273d0f0-874b-5f63-7001-000000000400}","Details":"QWORD (0x00000000-0x00000927)","EventReceivedTime":"2020-09-17 17:33:01","Opcode":"Info","EventTime":"2020-09-17 17:33:00","Message":"Registry value set:\r\nRuleName: -\r\nEventType: SetValue\r\nUtcTime: 2020-09-17 21:33:00.583\r\nProcessGuid: {d273d0f0-874b-5f63-7001-000000000400}\r\nProcessId: 2660\r\nImage: C:\\windows\\System32\\svchost.exe\r\nTargetObject: \\REGISTRY\\A\\{e7c81823-3f72-2f44-1cc0-333e156bdd59}\\DeliveryOptimization\\Swarms\\95D2EE60-C9D3-45E4-876D-BAE16D758A87_16_0_13127_20408_STREAM_X86_EN_US\\DownloadDurationMsecs\r\nDetails: QWORD (0x00000000-0x00000927)","ProcessId":"2660","EventType":"SetValue","@timestamp":"2020-09-17T21:33:01.670Z","SourceModuleType":"im_msvistalog","port":64545,"AccountName":"SYSTEM","RecordNumber":628327,"Task":13,"Domain":"NT AUTHORITY","@version":"1","OpcodeValue":0,"SourceModuleName":"eventlog","Severity":"INFO","SourceName":"Microsoft-Windows-Sysmon","Version":2,"Image":"C:\\windows\\System32\\svchost.exe","Category":"Registry value set (rule: RegistryEvent)","UtcTime":"2020-09-17 21:33:00.583","Hostname":"WORKSTATION6.theshire.local","RuleName":"-","tags":["mordorDataset"]}
{"Keywords":-9223372036854775808,"SeverityValue":2,"TargetObject":"\\REGISTRY\\A\\{e7c81823-3f72-2f44-1cc0-333e156bdd59}\\DeliveryOptimization\\Swarms\\95D2EE60-C9D3-45E4-876D-BAE16D758A87_16_0_13127_20408_STREAM_X86_EN_US\\CacheServerConnectionCount","EventTypeOrignal":"INFO","EventID":13,"ProviderGuid":"{5770385F-C22A-43E0-BF4C-06F5698FFBD9}","ExecutionProcessID":3336,"host":"wec.internal.cloudapp.net","Channel":"Microsoft-Windows-Sysmon/Operational","UserID":"S-1-5-18","AccountType":"User","ThreadID":4296,"ProcessGuid":"{d273d0f0-874b-5f63-7001-000000000400}","Details":"DWORD (0x00000000)","EventReceivedTime":"2020-09-17 17:33:01","Opcode":"Info","EventTime":"2020-09-17 17:33:00","Message":"Registry value set:\r\nRuleName: -\r\nEventType: SetValue\r\nUtcTime: 2020-09-17 21:33:00.583\r\nProcessGuid: {d273d0f0-874b-5f63-7001-000000000400}\r\nProcessId: 2660\r\nImage: C:\\windows\\System32\\svchost.exe\r\nTargetObject: \\REGISTRY\\A\\{e7c81823-3f72-2f44-1cc0-333e156bdd59}\\DeliveryOptimization\\Swarms\\95D2EE60-C9D3-45E4-876D-BAE16D758A87_16_0_13127_20408_STREAM_X86_EN_US\\CacheServerConnectionCount\r\nDetails: DWORD (0x00000000)","ProcessId":"2660","EventType":"SetValue","@timestamp":"2020-09-17T21:33:01.671Z","SourceModuleType":"im_msvistalog","port":64545,"AccountName":"SYSTEM","RecordNumber":628328,"Task":13,"Domain":"NT AUTHORITY","@version":"1","OpcodeValue":0,"SourceModuleName":"eventlog","Severity":"INFO","SourceName":"Microsoft-Windows-Sysmon","Version":2,"Image":"C:\\windows\\System32\\svchost.exe","Category":"Registry value set (rule: RegistryEvent)","UtcTime":"2020-09-17 21:33:00.583","Hostname":"WORKSTATION6.theshire.local","RuleName":"-","tags":["mordorDataset"]}
{"Keywords":-9223372036854775808,"SeverityValue":2,"TargetObject":"\\REGISTRY\\A\\{e7c81823-3f72-2f44-1cc0-333e156bdd59}\\DeliveryOptimization\\Swarms\\95D2EE60-C9D3-45E4-876D-BAE16D758A87_16_0_13127_20408_STREAM_X86_EN_US\\GroupConnectionCount","EventTypeOrignal":"INFO","EventID":13,"ProviderGuid":"{5770385F-C22A-43E0-BF4C-06F5698FFBD9}","ExecutionProcessID":3336,"host":"wec.internal.cloudapp.net","Channel":"Microsoft-Windows-Sysmon/Operational","UserID":"S-1-5-18","AccountType":"User","ThreadID":4296,"ProcessGuid":"{d273d0f0-874b-5f63-7001-000000000400}","Details":"DWORD (0x00000000)","EventReceivedTime":"2020-09-17 17:33:01","Opcode":"Info","EventTime":"2020-09-17 17:33:00","Message":"Registry value set:\r\nRuleName: -\r\nEventType: SetValue\r\nUtcTime: 2020-09-17 21:33:00.583\r\nProcessGuid: {d273d0f0-874b-5f63-7001-000000000400}\r\nProcessId: 2660\r\nImage: C:\\windows\\System32\\svchost.exe\r\nTargetObject: \\REGISTRY\\A\\{e7c81823-3f72-2f44-1cc0-333e156bdd59}\\DeliveryOptimization\\Swarms\\95D2EE60-C9D3-45E4-876D-BAE16D758A87_16_0_13127_20408_STREAM_X86_EN_US\\GroupConnectionCount\r\nDetails: DWORD (0x00000000)","ProcessId":"2660","EventType":"SetValue","@timestamp":"2020-09-17T21:33:01.671Z","SourceModuleType":"im_msvistalog","port":64545,"AccountName":"SYSTEM","RecordNumber":628329,"Task":13,"Domain":"NT AUTHORITY","@version":"1","OpcodeValue":0,"SourceModuleName":"eventlog","Severity":"INFO","SourceName":"Microsoft-Windows-Sysmon","Version":2,"Image":"C:\\windows\\System32\\svchost.exe","Category":"Registry value set (rule: RegistryEvent)","UtcTime":"2020-09-17 21:33:00.583","Hostname":"WORKSTATION6.theshire.local","RuleName":"-","tags":["mordorDataset"]}
{"Keywords":-9223372036854775808,"SeverityValue":2,"TargetObject":"\\REGISTRY\\A\\{e7c81823-3f72-2f44-1cc0-333e156bdd59}\\DeliveryOptimization\\Swarms\\95D2EE60-C9D3-45E4-876D-BAE16D758A87_16_0_13127_20408_STREAM_X86_EN_US\\HttpConnectionCount","EventTypeOrignal":"INFO","EventID":13,"ProviderGuid":"{5770385F-C22A-43E0-BF4C-06F5698FFBD9}","ExecutionProcessID":3336,"host":"wec.internal.cloudapp.net","Channel":"Microsoft-Windows-Sysmon/Operational","UserID":"S-1-5-18","AccountType":"User","ThreadID":4296,"ProcessGuid":"{d273d0f0-874b-5f63-7001-000000000400}","Details":"DWORD (0x00000001)","EventReceivedTime":"2020-09-17 17:33:01","Opcode":"Info","EventTime":"2020-09-17 17:33:00","Message":"Registry value set:\r\nRuleName: -\r\nEventType: SetValue\r\nUtcTime: 2020-09-17 21:33:00.583\r\nProcessGuid: {d273d0f0-874b-5f63-7001-000000000400}\r\nProcessId: 2660\r\nImage: C:\\windows\\System32\\svchost.exe\r\nTargetObject: \\REGISTRY\\A\\{e7c81823-3f72-2f44-1cc0-333e156bdd59}\\DeliveryOptimization\\Swarms\\95D2EE60-C9D3-45E4-876D-BAE16D758A87_16_0_13127_20408_STREAM_X86_EN_US\\HttpConnectionCount\r\nDetails: DWORD (0x00000001)","ProcessId":"2660","EventType":"SetValue","@timestamp":"2020-09-17T21:33:01.672Z","SourceModuleType":"im_msvistalog","port":64545,"AccountName":"SYSTEM","RecordNumber":628330,"Task":13,"Domain":"NT AUTHORITY","@version":"1","OpcodeValue":0,"SourceModuleName":"eventlog","Severity":"INFO","SourceName":"Microsoft-Windows-Sysmon","Version":2,"Image":"C:\\windows\\System32\\svchost.exe","Category":"Registry value set (rule: RegistryEvent)","UtcTime":"2020-09-17 21:33:00.583","Hostname":"WORKSTATION6.theshire.local","RuleName":"-","tags":["mordorDataset"]}
{"Keywords":-9223372036854775808,"SeverityValue":2,"TargetObject":"\\REGISTRY\\A\\{e7c81823-3f72-2f44-1cc0-333e156bdd59}\\DeliveryOptimization\\Swarms\\95D2EE60-C9D3-45E4-876D-BAE16D758A87_16_0_13127_20408_STREAM_X86_EN_US\\InternetConnectionCount","EventTypeOrignal":"INFO","EventID":13,"ProviderGuid":"{5770385F-C22A-43E0-BF4C-06F5698FFBD9}","ExecutionProcessID":3336,"host":"wec.internal.cloudapp.net","Channel":"Microsoft-Windows-Sysmon/Operational","UserID":"S-1-5-18","AccountType":"User","ThreadID":4296,"ProcessGuid":"{d273d0f0-874b-5f63-7001-000000000400}","Details":"DWORD (0x00000000)","EventReceivedTime":"2020-09-17 17:33:01","Opcode":"Info","EventTime":"2020-09-17 17:33:00","Message":"Registry value set:\r\nRuleName: -\r\nEventType: SetValue\r\nUtcTime: 2020-09-17 21:33:00.583\r\nProcessGuid: {d273d0f0-874b-5f63-7001-000000000400}\r\nProcessId: 2660\r\nImage: C:\\windows\\System32\\svchost.exe\r\nTargetObject: \\REGISTRY\\A\\{e7c81823-3f72-2f44-1cc0-333e156bdd59}\\DeliveryOptimization\\Swarms\\95D2EE60-C9D3-45E4-876D-BAE16D758A87_16_0_13127_20408_STREAM_X86_EN_US\\InternetConnectionCount\r\nDetails: DWORD (0x00000000)","ProcessId":"2660","EventType":"SetValue","@timestamp":"2020-09-17T21:33:01.674Z","SourceModuleType":"im_msvistalog","port":64545,"AccountName":"SYSTEM","RecordNumber":628331,"Task":13,"Domain":"NT AUTHORITY","@version":"1","OpcodeValue":0,"SourceModuleName":"eventlog","Severity":"INFO","SourceName":"Microsoft-Windows-Sysmon","Version":2,"Image":"C:\\windows\\System32\\svchost.exe","Category":"Registry value set (rule: RegistryEvent)","UtcTime":"2020-09-17 21:33:00.583","Hostname":"WORKSTATION6.theshire.local","RuleName":"-","tags":["mordorDataset"]}
{"Keywords":-9223372036854775808,"SeverityValue":2,"TargetObject":"\\REGISTRY\\A\\{e7c81823-3f72-2f44-1cc0-333e156bdd59}\\DeliveryOptimization\\Swarms\\95D2EE60-C9D3-45E4-876D-BAE16D758A87_16_0_13127_20408_STREAM_X86_EN_US\\LanConnectionCount","EventTypeOrignal":"INFO","EventID":13,"ProviderGuid":"{5770385F-C22A-43E0-BF4C-06F5698FFBD9}","ExecutionProcessID":3336,"host":"wec.internal.cloudapp.net","Channel":"Microsoft-Windows-Sysmon/Operational","UserID":"S-1-5-18","AccountType":"User","ThreadID":4296,"ProcessGuid":"{d273d0f0-874b-5f63-7001-000000000400}","Details":"DWORD (0x00000000)","EventReceivedTime":"2020-09-17 17:33:01","Opcode":"Info","EventTime":"2020-09-17 17:33:00","Message":"Registry value set:\r\nRuleName: -\r\nEventType: SetValue\r\nUtcTime: 2020-09-17 21:33:00.583\r\nProcessGuid: {d273d0f0-874b-5f63-7001-000000000400}\r\nProcessId: 2660\r\nImage: C:\\windows\\System32\\svchost.exe\r\nTargetObject: \\REGISTRY\\A\\{e7c81823-3f72-2f44-1cc0-333e156bdd59}\\DeliveryOptimization\\Swarms\\95D2EE60-C9D3-45E4-876D-BAE16D758A87_16_0_13127_20408_STREAM_X86_EN_US\\LanConnectionCount\r\nDetails: DWORD (0x00000000)","ProcessId":"2660","EventType":"SetValue","@timestamp":"2020-09-17T21:33:01.674Z","SourceModuleType":"im_msvistalog","port":64545,"AccountName":"SYSTEM","RecordNumber":628332,"Task":13,"Domain":"NT AUTHORITY","@version":"1","OpcodeValue":0,"SourceModuleName":"eventlog","Severity":"INFO","SourceName":"Microsoft-Windows-Sysmon","Version":2,"Image":"C:\\windows\\System32\\svchost.exe","Category":"Registry value set (rule: RegistryEvent)","UtcTime":"2020-09-17 21:33:00.583","Hostname":"WORKSTATION6.theshire.local","RuleName":"-","tags":["mordorDataset"]}
{"Keywords":-9223372036854775808,"SeverityValue":2,"TargetObject":"\\REGISTRY\\A\\{e7c81823-3f72-2f44-1cc0-333e156bdd59}\\DeliveryOptimization\\Swarms\\95D2EE60-C9D3-45E4-876D-BAE16D758A87_16_0_13127_20408_STREAM_X86_EN_US\\LinkLocalConnectionCount","EventTypeOrignal":"INFO","EventID":13,"ProviderGuid":"{5770385F-C22A-43E0-BF4C-06F5698FFBD9}","ExecutionProcessID":3336,"host":"wec.internal.cloudapp.net","Channel":"Microsoft-Windows-Sysmon/Operational","UserID":"S-1-5-18","AccountType":"User","ThreadID":4296,"ProcessGuid":"{d273d0f0-874b-5f63-7001-000000000400}","Details":"DWORD (0x00000000)","EventReceivedTime":"2020-09-17 17:33:01","Opcode":"Info","EventTime":"2020-09-17 17:33:00","Message":"Registry value set:\r\nRuleName: -\r\nEventType: SetValue\r\nUtcTime: 2020-09-17 21:33:00.583\r\nProcessGuid: {d273d0f0-874b-5f63-7001-000000000400}\r\nProcessId: 2660\r\nImage: C:\\windows\\System32\\svchost.exe\r\nTargetObject: \\REGISTRY\\A\\{e7c81823-3f72-2f44-1cc0-333e156bdd59}\\DeliveryOptimization\\Swarms\\95D2EE60-C9D3-45E4-876D-BAE16D758A87_16_0_13127_20408_STREAM_X86_EN_US\\LinkLocalConnectionCount\r\nDetails: DWORD (0x00000000)","ProcessId":"2660","EventType":"SetValue","@timestamp":"2020-09-17T21:33:01.674Z","SourceModuleType":"im_msvistalog","port":64545,"AccountName":"SYSTEM","RecordNumber":628333,"Task":13,"Domain":"NT AUTHORITY","@version":"1","OpcodeValue":0,"SourceModuleName":"eventlog","Severity":"INFO","SourceName":"Microsoft-Windows-Sysmon","Version":2,"Image":"C:\\windows\\System32\\svchost.exe","Category":"Registry value set (rule: RegistryEvent)","UtcTime":"2020-09-17 21:33:00.583","Hostname":"WORKSTATION6.theshire.local","RuleName":"-","tags":["mordorDataset"]}
{"Keywords":-9223372036854775808,"SeverityValue":2,"TargetObject":"\\REGISTRY\\A\\{e7c81823-3f72-2f44-1cc0-333e156bdd59}\\DeliveryOptimization\\Swarms\\95D2EE60-C9D3-45E4-876D-BAE16D758A87_16_0_13127_20408_STREAM_X86_EN_US\\PeerCount","EventTypeOrignal":"INFO","EventID":13,"ProviderGuid":"{5770385F-C22A-43E0-BF4C-06F5698FFBD9}","ExecutionProcessID":3336,"host":"wec.internal.cloudapp.net","Channel":"Microsoft-Windows-Sysmon/Operational","UserID":"S-1-5-18","AccountType":"User","ThreadID":4296,"ProcessGuid":"{d273d0f0-874b-5f63-7001-000000000400}","Details":"DWORD (0x00000000)","EventReceivedTime":"2020-09-17 17:33:01","Opcode":"Info","EventTime":"2020-09-17 17:33:00","Message":"Registry value set:\r\nRuleName: -\r\nEventType: SetValue\r\nUtcTime: 2020-09-17 21:33:00.583\r\nProcessGuid: {d273d0f0-874b-5f63-7001-000000000400}\r\nProcessId: 2660\r\nImage: C:\\windows\\System32\\svchost.exe\r\nTargetObject: \\REGISTRY\\A\\{e7c81823-3f72-2f44-1cc0-333e156bdd59}\\DeliveryOptimization\\Swarms\\95D2EE60-C9D3-45E4-876D-BAE16D758A87_16_0_13127_20408_STREAM_X86_EN_US\\PeerCount\r\nDetails: DWORD (0x00000000)","ProcessId":"2660","EventType":"SetValue","@timestamp":"2020-09-17T21:33:01.674Z","SourceModuleType":"im_msvistalog","port":64545,"AccountName":"SYSTEM","RecordNumber":628334,"Task":13,"Domain":"NT AUTHORITY","@version":"1","OpcodeValue":0,"SourceModuleName":"eventlog","Severity":"INFO","SourceName":"Microsoft-Windows-Sysmon","Version":2,"Image":"C:\\windows\\System32\\svchost.exe","Category":"Registry value set (rule: RegistryEvent)","UtcTime":"2020-09-17 21:33:00.583","Hostname":"WORKSTATION6.theshire.local","RuleName":"-","tags":["mordorDataset"]}
{"Keywords":-9223372036854775808,"SeverityValue":2,"TargetObject":"\\REGISTRY\\A\\{e7c81823-3f72-2f44-1cc0-333e156bdd59}\\DeliveryOptimization\\Swarms\\95D2EE60-C9D3-45E4-876D-BAE16D758A87_16_0_13127_20408_STREAM_X86_EN_US\\CorrelationVector","EventTypeOrignal":"INFO","EventID":13,"ProviderGuid":"{5770385F-C22A-43E0-BF4C-06F5698FFBD9}","ExecutionProcessID":3336,"host":"wec.internal.cloudapp.net","Channel":"Microsoft-Windows-Sysmon/Operational","UserID":"S-1-5-18","AccountType":"User","ThreadID":4296,"ProcessGuid":"{d273d0f0-874b-5f63-7001-000000000400}","Details":"lYfAoW8XzEaz8XIS.2.15","EventReceivedTime":"2020-09-17 17:33:01","Opcode":"Info","EventTime":"2020-09-17 17:33:00","Message":"Registry value set:\r\nRuleName: -\r\nEventType: SetValue\r\nUtcTime: 2020-09-17 21:33:00.583\r\nProcessGuid: {d273d0f0-874b-5f63-7001-000000000400}\r\nProcessId: 2660\r\nImage: C:\\windows\\System32\\svchost.exe\r\nTargetObject: \\REGISTRY\\A\\{e7c81823-3f72-2f44-1cc0-333e156bdd59}\\DeliveryOptimization\\Swarms\\95D2EE60-C9D3-45E4-876D-BAE16D758A87_16_0_13127_20408_STREAM_X86_EN_US\\CorrelationVector\r\nDetails: lYfAoW8XzEaz8XIS.2.15","ProcessId":"2660","EventType":"SetValue","@timestamp":"2020-09-17T21:33:01.674Z","SourceModuleType":"im_msvistalog","port":64545,"AccountName":"SYSTEM","RecordNumber":628335,"Task":13,"Domain":"NT AUTHORITY","@version":"1","OpcodeValue":0,"SourceModuleName":"eventlog","Severity":"INFO","SourceName":"Microsoft-Windows-Sysmon","Version":2,"Image":"C:\\windows\\System32\\svchost.exe","Category":"Registry value set (rule: RegistryEvent)","UtcTime":"2020-09-17 21:33:00.583","Hostname":"WORKSTATION6.theshire.local","RuleName":"-","tags":["mordorDataset"]}
{"Keywords":-9223372036854775808,"SeverityValue":2,"TargetObject":"\\REGISTRY\\A\\{e7c81823-3f72-2f44-1cc0-333e156bdd59}\\DeliveryOptimization\\Swarms\\95D2EE60-C9D3-45E4-876D-BAE16D758A87_16_0_13127_20408_STREAM_X86_EN_US\\DownloadStats\\RawBytes","EventTypeOrignal":"INFO","EventID":12,"ProviderGuid":"{5770385F-C22A-43E0-BF4C-06F5698FFBD9}","ExecutionProcessID":3336,"host":"wec.internal.cloudapp.net","Channel":"Microsoft-Windows-Sysmon/Operational","UserID":"S-1-5-18","AccountType":"User","ThreadID":4296,"ProcessGuid":"{d273d0f0-874b-5f63-7001-000000000400}","EventReceivedTime":"2020-09-17 17:33:01","ProcessId":"2660","Opcode":"Info","EventTime":"2020-09-17 17:33:00","Message":"Registry object added or deleted:\r\nRuleName: -\r\nEventType: CreateKey\r\nUtcTime: 2020-09-17 21:33:00.583\r\nProcessGuid: {d273d0f0-874b-5f63-7001-000000000400}\r\nProcessId: 2660\r\nImage: C:\\windows\\System32\\svchost.exe\r\nTargetObject: \\REGISTRY\\A\\{e7c81823-3f72-2f44-1cc0-333e156bdd59}\\DeliveryOptimization\\Swarms\\95D2EE60-C9D3-45E4-876D-BAE16D758A87_16_0_13127_20408_STREAM_X86_EN_US\\DownloadStats\\RawBytes","EventType":"CreateKey","@timestamp":"2020-09-17T21:33:01.674Z","SourceModuleType":"im_msvistalog","port":64545,"AccountName":"SYSTEM","RecordNumber":628336,"Task":12,"Domain":"NT AUTHORITY","@version":"1","OpcodeValue":0,"SourceModuleName":"eventlog","Severity":"INFO","SourceName":"Microsoft-Windows-Sysmon","Version":2,"Image":"C:\\windows\\System32\\svchost.exe","Category":"Registry object added or deleted (rule: RegistryEvent)","UtcTime":"2020-09-17 21:33:00.583","Hostname":"WORKSTATION6.theshire.local","RuleName":"-","tags":["mordorDataset"]}
{"Keywords":-9223372036854775808,"SeverityValue":2,"TargetObject":"\\REGISTRY\\A\\{e7c81823-3f72-2f44-1cc0-333e156bdd59}\\DeliveryOptimization\\Swarms\\95D2EE60-C9D3-45E4-876D-BAE16D758A87_16_0_13127_20408_STREAM_X86_EN_US\\DownloadStats\\RawBytes\\peerHttp","EventTypeOrignal":"INFO","EventID":13,"ProviderGuid":"{5770385F-C22A-43E0-BF4C-06F5698FFBD9}","ExecutionProcessID":3336,"host":"wec.internal.cloudapp.net","Channel":"Microsoft-Windows-Sysmon/Operational","UserID":"S-1-5-18","AccountType":"User","ThreadID":4296,"ProcessGuid":"{d273d0f0-874b-5f63-7001-000000000400}","Details":"QWORD (0x00000000-0x08800000)","EventReceivedTime":"2020-09-17 17:33:01","Opcode":"Info","EventTime":"2020-09-17 17:33:00","Message":"Registry value set:\r\nRuleName: -\r\nEventType: SetValue\r\nUtcTime: 2020-09-17 21:33:00.583\r\nProcessGuid: {d273d0f0-874b-5f63-7001-000000000400}\r\nProcessId: 2660\r\nImage: C:\\windows\\System32\\svchost.exe\r\nTargetObject: \\REGISTRY\\A\\{e7c81823-3f72-2f44-1cc0-333e156bdd59}\\DeliveryOptimization\\Swarms\\95D2EE60-C9D3-45E4-876D-BAE16D758A87_16_0_13127_20408_STREAM_X86_EN_US\\DownloadStats\\RawBytes\\peerHttp\r\nDetails: QWORD (0x00000000-0x08800000)","ProcessId":"2660","EventType":"SetValue","@timestamp":"2020-09-17T21:33:01.675Z","SourceModuleType":"im_msvistalog","port":64545,"AccountName":"SYSTEM","RecordNumber":628337,"Task":13,"Domain":"NT AUTHORITY","@version":"1","OpcodeValue":0,"SourceModuleName":"eventlog","Severity":"INFO","SourceName":"Microsoft-Windows-Sysmon","Version":2,"Image":"C:\\windows\\System32\\svchost.exe","Category":"Registry value set (rule: RegistryEvent)","UtcTime":"2020-09-17 21:33:00.583","Hostname":"WORKSTATION6.theshire.local","RuleName":"-","tags":["mordorDataset"]}
{"Keywords":-9223372036854775808,"SeverityValue":2,"TargetObject":"\\REGISTRY\\A\\{e7c81823-3f72-2f44-1cc0-333e156bdd59}\\DeliveryOptimization\\Swarms\\95D2EE60-C9D3-45E4-876D-BAE16D758A87_16_0_13127_20408_STREAM_X86_EN_US\\DownloadStats\\ValidBytes","EventTypeOrignal":"INFO","EventID":12,"ProviderGuid":"{5770385F-C22A-43E0-BF4C-06F5698FFBD9}","ExecutionProcessID":3336,"host":"wec.internal.cloudapp.net","Channel":"Microsoft-Windows-Sysmon/Operational","UserID":"S-1-5-18","AccountType":"User","ThreadID":4296,"ProcessGuid":"{d273d0f0-874b-5f63-7001-000000000400}","EventReceivedTime":"2020-09-17 17:33:01","ProcessId":"2660","Opcode":"Info","EventTime":"2020-09-17 17:33:00","Message":"Registry object added or deleted:\r\nRuleName: -\r\nEventType: CreateKey\r\nUtcTime: 2020-09-17 21:33:00.583\r\nProcessGuid: {d273d0f0-874b-5f63-7001-000000000400}\r\nProcessId: 2660\r\nImage: C:\\windows\\System32\\svchost.exe\r\nTargetObject: \\REGISTRY\\A\\{e7c81823-3f72-2f44-1cc0-333e156bdd59}\\DeliveryOptimization\\Swarms\\95D2EE60-C9D3-45E4-876D-BAE16D758A87_16_0_13127_20408_STREAM_X86_EN_US\\DownloadStats\\ValidBytes","EventType":"CreateKey","@timestamp":"2020-09-17T21:33:01.675Z","SourceModuleType":"im_msvistalog","port":64545,"AccountName":"SYSTEM","RecordNumber":628338,"Task":12,"Domain":"NT AUTHORITY","@version":"1","OpcodeValue":0,"SourceModuleName":"eventlog","Severity":"INFO","SourceName":"Microsoft-Windows-Sysmon","Version":2,"Image":"C:\\windows\\System32\\svchost.exe","Category":"Registry object added or deleted (rule: RegistryEvent)","UtcTime":"2020-09-17 21:33:00.583","Hostname":"WORKSTATION6.theshire.local","RuleName":"-","tags":["mordorDataset"]}
{"Keywords":-9223372036854775808,"SeverityValue":2,"TargetObject":"\\REGISTRY\\A\\{e7c81823-3f72-2f44-1cc0-333e156bdd59}\\DeliveryOptimization\\Swarms\\95D2EE60-C9D3-45E4-876D-BAE16D758A87_16_0_13127_20408_STREAM_X86_EN_US\\DownloadStats\\ValidBytes\\peerHttp","EventTypeOrignal":"INFO","EventID":13,"ProviderGuid":"{5770385F-C22A-43E0-BF4C-06F5698FFBD9}","ExecutionProcessID":3336,"host":"wec.internal.cloudapp.net","Channel":"Microsoft-Windows-Sysmon/Operational","UserID":"S-1-5-18","AccountType":"User","ThreadID":4296,"ProcessGuid":"{d273d0f0-874b-5f63-7001-000000000400}","Details":"QWORD (0x00000000-0x08800000)","EventReceivedTime":"2020-09-17 17:33:01","Opcode":"Info","EventTime":"2020-09-17 17:33:00","Message":"Registry value set:\r\nRuleName: -\r\nEventType: SetValue\r\nUtcTime: 2020-09-17 21:33:00.583\r\nProcessGuid: {d273d0f0-874b-5f63-7001-000000000400}\r\nProcessId: 2660\r\nImage: C:\\windows\\System32\\svchost.exe\r\nTargetObject: \\REGISTRY\\A\\{e7c81823-3f72-2f44-1cc0-333e156bdd59}\\DeliveryOptimization\\Swarms\\95D2EE60-C9D3-45E4-876D-BAE16D758A87_16_0_13127_20408_STREAM_X86_EN_US\\DownloadStats\\ValidBytes\\peerHttp\r\nDetails: QWORD (0x00000000-0x08800000)","ProcessId":"2660","EventType":"SetValue","@timestamp":"2020-09-17T21:33:01.676Z","SourceModuleType":"im_msvistalog","port":64545,"AccountName":"SYSTEM","RecordNumber":628339,"Task":13,"Domain":"NT AUTHORITY","@version":"1","OpcodeValue":0,"SourceModuleName":"eventlog","Severity":"INFO","SourceName":"Microsoft-Windows-Sysmon","Version":2,"Image":"C:\\windows\\System32\\svchost.exe","Category":"Registry value set (rule: RegistryEvent)","UtcTime":"2020-09-17 21:33:00.583","Hostname":"WORKSTATION6.theshire.local","RuleName":"-","tags":["mordorDataset"]}
{"Keywords":-9223372036854775808,"SeverityValue":2,"TargetObject":"\\REGISTRY\\A\\{e7c81823-3f72-2f44-1cc0-333e156bdd59}\\DeliveryOptimization\\Swarms\\95D2EE60-C9D3-45E4-876D-BAE16D758A87_16_0_13127_20408_STREAM_X86_EN_US\\UploadStats","EventTypeOrignal":"INFO","EventID":12,"ProviderGuid":"{5770385F-C22A-43E0-BF4C-06F5698FFBD9}","ExecutionProcessID":3336,"host":"wec.internal.cloudapp.net","Channel":"Microsoft-Windows-Sysmon/Operational","UserID":"S-1-5-18","AccountType":"User","ThreadID":4296,"ProcessGuid":"{d273d0f0-874b-5f63-7001-000000000400}","EventReceivedTime":"2020-09-17 17:33:01","ProcessId":"2660","Opcode":"Info","EventTime":"2020-09-17 17:33:00","Message":"Registry object added or deleted:\r\nRuleName: -\r\nEventType: CreateKey\r\nUtcTime: 2020-09-17 21:33:00.583\r\nProcessGuid: {d273d0f0-874b-5f63-7001-000000000400}\r\nProcessId: 2660\r\nImage: C:\\windows\\System32\\svchost.exe\r\nTargetObject: \\REGISTRY\\A\\{e7c81823-3f72-2f44-1cc0-333e156bdd59}\\DeliveryOptimization\\Swarms\\95D2EE60-C9D3-45E4-876D-BAE16D758A87_16_0_13127_20408_STREAM_X86_EN_US\\UploadStats","EventType":"CreateKey","@timestamp":"2020-09-17T21:33:01.676Z","SourceModuleType":"im_msvistalog","port":64545,"AccountName":"SYSTEM","RecordNumber":628340,"Task":12,"Domain":"NT AUTHORITY","@version":"1","OpcodeValue":0,"SourceModuleName":"eventlog","Severity":"INFO","SourceName":"Microsoft-Windows-Sysmon","Version":2,"Image":"C:\\windows\\System32\\svchost.exe","Category":"Registry object added or deleted (rule: RegistryEvent)","UtcTime":"2020-09-17 21:33:00.583","Hostname":"WORKSTATION6.theshire.local","RuleName":"-","tags":["mordorDataset"]}
{"Keywords":-9223372036854775808,"SeverityValue":2,"TargetObject":"\\REGISTRY\\A\\{e7c81823-3f72-2f44-1cc0-333e156bdd59}\\DeliveryOptimization\\Swarms\\95D2EE60-C9D3-45E4-876D-BAE16D758A87_16_0_13127_20408_STREAM_X86_X_NONE","EventTypeOrignal":"INFO","EventID":12,"ProviderGuid":"{5770385F-C22A-43E0-BF4C-06F5698FFBD9}","ExecutionProcessID":3336,"host":"wec.internal.cloudapp.net","Channel":"Microsoft-Windows-Sysmon/Operational","UserID":"S-1-5-18","AccountType":"User","ThreadID":4296,"ProcessGuid":"{d273d0f0-874b-5f63-7001-000000000400}","EventReceivedTime":"2020-09-17 17:33:01","ProcessId":"2660","Opcode":"Info","EventTime":"2020-09-17 17:33:00","Message":"Registry object added or deleted:\r\nRuleName: -\r\nEventType: CreateKey\r\nUtcTime: 2020-09-17 21:33:00.583\r\nProcessGuid: {d273d0f0-874b-5f63-7001-000000000400}\r\nProcessId: 2660\r\nImage: C:\\windows\\System32\\svchost.exe\r\nTargetObject: \\REGISTRY\\A\\{e7c81823-3f72-2f44-1cc0-333e156bdd59}\\DeliveryOptimization\\Swarms\\95D2EE60-C9D3-45E4-876D-BAE16D758A87_16_0_13127_20408_STREAM_X86_X_NONE","EventType":"CreateKey","@timestamp":"2020-09-17T21:33:01.676Z","SourceModuleType":"im_msvistalog","port":64545,"AccountName":"SYSTEM","RecordNumber":628341,"Task":12,"Domain":"NT AUTHORITY","@version":"1","OpcodeValue":0,"SourceModuleName":"eventlog","Severity":"INFO","SourceName":"Microsoft-Windows-Sysmon","Version":2,"Image":"C:\\windows\\System32\\svchost.exe","Category":"Registry object added or deleted (rule: RegistryEvent)","UtcTime":"2020-09-17 21:33:00.583","Hostname":"WORKSTATION6.theshire.local","RuleName":"-","tags":["mordorDataset"]}
{"Keywords":-9223372036854775808,"SeverityValue":2,"TargetObject":"\\REGISTRY\\A\\{e7c81823-3f72-2f44-1cc0-333e156bdd59}\\DeliveryOptimization\\Swarms\\95D2EE60-C9D3-45E4-876D-BAE16D758A87_16_0_13127_20408_STREAM_X86_X_NONE\\HashID","EventTypeOrignal":"INFO","EventID":13,"ProviderGuid":"{5770385F-C22A-43E0-BF4C-06F5698FFBD9}","ExecutionProcessID":3336,"host":"wec.internal.cloudapp.net","Channel":"Microsoft-Windows-Sysmon/Operational","UserID":"S-1-5-18","AccountType":"User","ThreadID":4296,"ProcessGuid":"{d273d0f0-874b-5f63-7001-000000000400}","Details":"b01cdfffa640d48a1c3e9b858ec9c8785c36444072602cef1e65a951a897e7a2","EventReceivedTime":"2020-09-17 17:33:01","Opcode":"Info","EventTime":"2020-09-17 17:33:00","Message":"Registry value set:\r\nRuleName: -\r\nEventType: SetValue\r\nUtcTime: 2020-09-17 21:33:00.583\r\nProcessGuid: {d273d0f0-874b-5f63-7001-000000000400}\r\nProcessId: 2660\r\nImage: C:\\windows\\System32\\svchost.exe\r\nTargetObject: \\REGISTRY\\A\\{e7c81823-3f72-2f44-1cc0-333e156bdd59}\\DeliveryOptimization\\Swarms\\95D2EE60-C9D3-45E4-876D-BAE16D758A87_16_0_13127_20408_STREAM_X86_X_NONE\\HashID\r\nDetails: b01cdfffa640d48a1c3e9b858ec9c8785c36444072602cef1e65a951a897e7a2","ProcessId":"2660","EventType":"SetValue","@timestamp":"2020-09-17T21:33:01.677Z","SourceModuleType":"im_msvistalog","port":64545,"AccountName":"SYSTEM","RecordNumber":628342,"Task":13,"Domain":"NT AUTHORITY","@version":"1","OpcodeValue":0,"SourceModuleName":"eventlog","Severity":"INFO","SourceName":"Microsoft-Windows-Sysmon","Version":2,"Image":"C:\\windows\\System32\\svchost.exe","Category":"Registry value set (rule: RegistryEvent)","UtcTime":"2020-09-17 21:33:00.583","Hostname":"WORKSTATION6.theshire.local","RuleName":"-","tags":["mordorDataset"]}
{"Keywords":-9223372036854775808,"SeverityValue":2,"TargetObject":"\\REGISTRY\\A\\{e7c81823-3f72-2f44-1cc0-333e156bdd59}\\DeliveryOptimization\\Swarms\\95D2EE60-C9D3-45E4-876D-BAE16D758A87_16_0_13127_20408_STREAM_X86_X_NONE\\Rank","EventTypeOrignal":"INFO","EventID":13,"ProviderGuid":"{5770385F-C22A-43E0-BF4C-06F5698FFBD9}","ExecutionProcessID":3336,"host":"wec.internal.cloudapp.net","Channel":"Microsoft-Windows-Sysmon/Operational","UserID":"S-1-5-18","AccountType":"User","ThreadID":4296,"ProcessGuid":"{d273d0f0-874b-5f63-7001-000000000400}","Details":"0.987395","EventReceivedTime":"2020-09-17 17:33:01","Opcode":"Info","EventTime":"2020-09-17 17:33:00","Message":"Registry value set:\r\nRuleName: -\r\nEventType: SetValue\r\nUtcTime: 2020-09-17 21:33:00.583\r\nProcessGuid: {d273d0f0-874b-5f63-7001-000000000400}\r\nProcessId: 2660\r\nImage: C:\\windows\\System32\\svchost.exe\r\nTargetObject: \\REGISTRY\\A\\{e7c81823-3f72-2f44-1cc0-333e156bdd59}\\DeliveryOptimization\\Swarms\\95D2EE60-C9D3-45E4-876D-BAE16D758A87_16_0_13127_20408_STREAM_X86_X_NONE\\Rank\r\nDetails: 0.987395","ProcessId":"2660","EventType":"SetValue","@timestamp":"2020-09-17T21:33:01.678Z","SourceModuleType":"im_msvistalog","port":64545,"AccountName":"SYSTEM","RecordNumber":628343,"Task":13,"Domain":"NT AUTHORITY","@version":"1","OpcodeValue":0,"SourceModuleName":"eventlog","Severity":"INFO","SourceName":"Microsoft-Windows-Sysmon","Version":2,"Image":"C:\\windows\\System32\\svchost.exe","Category":"Registry value set (rule: RegistryEvent)","UtcTime":"2020-09-17 21:33:00.583","Hostname":"WORKSTATION6.theshire.local","RuleName":"-","tags":["mordorDataset"]}
{"Keywords":-9223372036854775808,"SeverityValue":2,"TargetObject":"\\REGISTRY\\A\\{e7c81823-3f72-2f44-1cc0-333e156bdd59}\\DeliveryOptimization\\Swarms\\95D2EE60-C9D3-45E4-876D-BAE16D758A87_16_0_13127_20408_STREAM_X86_X_NONE\\UploadForSecs","EventTypeOrignal":"INFO","EventID":13,"ProviderGuid":"{5770385F-C22A-43E0-BF4C-06F5698FFBD9}","ExecutionProcessID":3336,"host":"wec.internal.cloudapp.net","Channel":"Microsoft-Windows-Sysmon/Operational","UserID":"S-1-5-18","AccountType":"User","ThreadID":4296,"ProcessGuid":"{d273d0f0-874b-5f63-7001-000000000400}","Details":"DWORD (0x0003f480)","EventReceivedTime":"2020-09-17 17:33:01","Opcode":"Info","EventTime":"2020-09-17 17:33:00","Message":"Registry value set:\r\nRuleName: -\r\nEventType: SetValue\r\nUtcTime: 2020-09-17 21:33:00.583\r\nProcessGuid: {d273d0f0-874b-5f63-7001-000000000400}\r\nProcessId: 2660\r\nImage: C:\\windows\\System32\\svchost.exe\r\nTargetObject: \\REGISTRY\\A\\{e7c81823-3f72-2f44-1cc0-333e156bdd59}\\DeliveryOptimization\\Swarms\\95D2EE60-C9D3-45E4-876D-BAE16D758A87_16_0_13127_20408_STREAM_X86_X_NONE\\UploadForSecs\r\nDetails: DWORD (0x0003f480)","ProcessId":"2660","EventType":"SetValue","@timestamp":"2020-09-17T21:33:01.678Z","SourceModuleType":"im_msvistalog","port":64545,"AccountName":"SYSTEM","RecordNumber":628344,"Task":13,"Domain":"NT AUTHORITY","@version":"1","OpcodeValue":0,"SourceModuleName":"eventlog","Severity":"INFO","SourceName":"Microsoft-Windows-Sysmon","Version":2,"Image":"C:\\windows\\System32\\svchost.exe","Category":"Registry value set (rule: RegistryEvent)","UtcTime":"2020-09-17 21:33:00.583","Hostname":"WORKSTATION6.theshire.local","RuleName":"-","tags":["mordorDataset"]}
{"Keywords":-9223372036854775808,"SeverityValue":2,"TargetObject":"\\REGISTRY\\A\\{e7c81823-3f72-2f44-1cc0-333e156bdd59}\\DeliveryOptimization\\Swarms\\95D2EE60-C9D3-45E4-876D-BAE16D758A87_16_0_13127_20408_STREAM_X86_X_NONE\\IsPinned","EventTypeOrignal":"INFO","EventID":13,"ProviderGuid":"{5770385F-C22A-43E0-BF4C-06F5698FFBD9}","ExecutionProcessID":3336,"host":"wec.internal.cloudapp.net","Channel":"Microsoft-Windows-Sysmon/Operational","UserID":"S-1-5-18","AccountType":"User","ThreadID":4296,"ProcessGuid":"{d273d0f0-874b-5f63-7001-000000000400}","Details":"DWORD (0x00000000)","EventReceivedTime":"2020-09-17 17:33:01","Opcode":"Info","EventTime":"2020-09-17 17:33:00","Message":"Registry value set:\r\nRuleName: -\r\nEventType: SetValue\r\nUtcTime: 2020-09-17 21:33:00.583\r\nProcessGuid: {d273d0f0-874b-5f63-7001-000000000400}\r\nProcessId: 2660\r\nImage: C:\\windows\\System32\\svchost.exe\r\nTargetObject: \\REGISTRY\\A\\{e7c81823-3f72-2f44-1cc0-333e156bdd59}\\DeliveryOptimization\\Swarms\\95D2EE60-C9D3-45E4-876D-BAE16D758A87_16_0_13127_20408_STREAM_X86_X_NONE\\IsPinned\r\nDetails: DWORD (0x00000000)","ProcessId":"2660","EventType":"SetValue","@timestamp":"2020-09-17T21:33:01.680Z","SourceModuleType":"im_msvistalog","port":64545,"AccountName":"SYSTEM","RecordNumber":628345,"Task":13,"Domain":"NT AUTHORITY","@version":"1","OpcodeValue":0,"SourceModuleName":"eventlog","Severity":"INFO","SourceName":"Microsoft-Windows-Sysmon","Version":2,"Image":"C:\\windows\\System32\\svchost.exe","Category":"Registry value set (rule: RegistryEvent)","UtcTime":"2020-09-17 21:33:00.583","Hostname":"WORKSTATION6.theshire.local","RuleName":"-","tags":["mordorDataset"]}
{"Keywords":-9223372036854775808,"SeverityValue":2,"TargetObject":"\\REGISTRY\\A\\{e7c81823-3f72-2f44-1cc0-333e156bdd59}\\DeliveryOptimization\\Swarms\\95D2EE60-C9D3-45E4-876D-BAE16D758A87_16_0_13127_20408_STREAM_X86_X_NONE\\ExpireAtTimeFT","EventTypeOrignal":"INFO","EventID":13,"ProviderGuid":"{5770385F-C22A-43E0-BF4C-06F5698FFBD9}","ExecutionProcessID":3336,"host":"wec.internal.cloudapp.net","Channel":"Microsoft-Windows-Sysmon/Operational","UserID":"S-1-5-18","AccountType":"User","ThreadID":4296,"ProcessGuid":"{d273d0f0-874b-5f63-7001-000000000400}","Details":"QWORD (0x01d68f66-0xefd9b7e4)","EventReceivedTime":"2020-09-17 17:33:01","Opcode":"Info","EventTime":"2020-09-17 17:33:00","Message":"Registry value set:\r\nRuleName: -\r\nEventType: SetValue\r\nUtcTime: 2020-09-17 21:33:00.583\r\nProcessGuid: {d273d0f0-874b-5f63-7001-000000000400}\r\nProcessId: 2660\r\nImage: C:\\windows\\System32\\svchost.exe\r\nTargetObject: \\REGISTRY\\A\\{e7c81823-3f72-2f44-1cc0-333e156bdd59}\\DeliveryOptimization\\Swarms\\95D2EE60-C9D3-45E4-876D-BAE16D758A87_16_0_13127_20408_STREAM_X86_X_NONE\\ExpireAtTimeFT\r\nDetails: QWORD (0x01d68f66-0xefd9b7e4)","ProcessId":"2660","EventType":"SetValue","@timestamp":"2020-09-17T21:33:01.680Z","SourceModuleType":"im_msvistalog","port":64545,"AccountName":"SYSTEM","RecordNumber":628346,"Task":13,"Domain":"NT AUTHORITY","@version":"1","OpcodeValue":0,"SourceModuleName":"eventlog","Severity":"INFO","SourceName":"Microsoft-Windows-Sysmon","Version":2,"Image":"C:\\windows\\System32\\svchost.exe","Category":"Registry value set (rule: RegistryEvent)","UtcTime":"2020-09-17 21:33:00.583","Hostname":"WORKSTATION6.theshire.local","RuleName":"-","tags":["mordorDataset"]}
{"Keywords":-9223372036854775808,"SeverityValue":2,"TargetObject":"\\REGISTRY\\A\\{e7c81823-3f72-2f44-1cc0-333e156bdd59}\\DeliveryOptimization\\Swarms\\95D2EE60-C9D3-45E4-876D-BAE16D758A87_16_0_13127_20408_STREAM_X86_X_NONE\\ExpireAtOverride","EventTypeOrignal":"INFO","EventID":13,"ProviderGuid":"{5770385F-C22A-43E0-BF4C-06F5698FFBD9}","ExecutionProcessID":3336,"host":"wec.internal.cloudapp.net","Channel":"Microsoft-Windows-Sysmon/Operational","UserID":"S-1-5-18","AccountType":"User","ThreadID":4296,"ProcessGuid":"{d273d0f0-874b-5f63-7001-000000000400}","Details":"DWORD (0x00000000)","EventReceivedTime":"2020-09-17 17:33:01","Opcode":"Info","EventTime":"2020-09-17 17:33:00","Message":"Registry value set:\r\nRuleName: -\r\nEventType: SetValue\r\nUtcTime: 2020-09-17 21:33:00.583\r\nProcessGuid: {d273d0f0-874b-5f63-7001-000000000400}\r\nProcessId: 2660\r\nImage: C:\\windows\\System32\\svchost.exe\r\nTargetObject: \\REGISTRY\\A\\{e7c81823-3f72-2f44-1cc0-333e156bdd59}\\DeliveryOptimization\\Swarms\\95D2EE60-C9D3-45E4-876D-BAE16D758A87_16_0_13127_20408_STREAM_X86_X_NONE\\ExpireAtOverride\r\nDetails: DWORD (0x00000000)","ProcessId":"2660","EventType":"SetValue","@timestamp":"2020-09-17T21:33:01.680Z","SourceModuleType":"im_msvistalog","port":64545,"AccountName":"SYSTEM","RecordNumber":628347,"Task":13,"Domain":"NT AUTHORITY","@version":"1","OpcodeValue":0,"SourceModuleName":"eventlog","Severity":"INFO","SourceName":"Microsoft-Windows-Sysmon","Version":2,"Image":"C:\\windows\\System32\\svchost.exe","Category":"Registry value set (rule: RegistryEvent)","UtcTime":"2020-09-17 21:33:00.583","Hostname":"WORKSTATION6.theshire.local","RuleName":"-","tags":["mordorDataset"]}
{"Keywords":-9223372036854775808,"SeverityValue":2,"TargetObject":"\\REGISTRY\\A\\{e7c81823-3f72-2f44-1cc0-333e156bdd59}\\DeliveryOptimization\\Swarms\\95D2EE60-C9D3-45E4-876D-BAE16D758A87_16_0_13127_20408_STREAM_X86_X_NONE\\Upload","EventTypeOrignal":"INFO","EventID":13,"ProviderGuid":"{5770385F-C22A-43E0-BF4C-06F5698FFBD9}","ExecutionProcessID":3336,"host":"wec.internal.cloudapp.net","Channel":"Microsoft-Windows-Sysmon/Operational","UserID":"S-1-5-18","AccountType":"User","ThreadID":4296,"ProcessGuid":"{d273d0f0-874b-5f63-7001-000000000400}","Details":"DWORD (0x00000001)","EventReceivedTime":"2020-09-17 17:33:01","Opcode":"Info","EventTime":"2020-09-17 17:33:00","Message":"Registry value set:\r\nRuleName: -\r\nEventType: SetValue\r\nUtcTime: 2020-09-17 21:33:00.583\r\nProcessGuid: {d273d0f0-874b-5f63-7001-000000000400}\r\nProcessId: 2660\r\nImage: C:\\windows\\System32\\svchost.exe\r\nTargetObject: \\REGISTRY\\A\\{e7c81823-3f72-2f44-1cc0-333e156bdd59}\\DeliveryOptimization\\Swarms\\95D2EE60-C9D3-45E4-876D-BAE16D758A87_16_0_13127_20408_STREAM_X86_X_NONE\\Upload\r\nDetails: DWORD (0x00000001)","ProcessId":"2660","EventType":"SetValue","@timestamp":"2020-09-17T21:33:01.681Z","SourceModuleType":"im_msvistalog","port":64545,"AccountName":"SYSTEM","RecordNumber":628348,"Task":13,"Domain":"NT AUTHORITY","@version":"1","OpcodeValue":0,"SourceModuleName":"eventlog","Severity":"INFO","SourceName":"Microsoft-Windows-Sysmon","Version":2,"Image":"C:\\windows\\System32\\svchost.exe","Category":"Registry value set (rule: RegistryEvent)","UtcTime":"2020-09-17 21:33:00.583","Hostname":"WORKSTATION6.theshire.local","RuleName":"-","tags":["mordorDataset"]}
{"Keywords":-9223372036854775808,"SeverityValue":2,"TargetObject":"\\REGISTRY\\A\\{e7c81823-3f72-2f44-1cc0-333e156bdd59}\\DeliveryOptimization\\Swarms\\95D2EE60-C9D3-45E4-876D-BAE16D758A87_16_0_13127_20408_STREAM_X86_X_NONE\\CdnURL","EventTypeOrignal":"INFO","EventID":13,"ProviderGuid":"{5770385F-C22A-43E0-BF4C-06F5698FFBD9}","ExecutionProcessID":3336,"host":"wec.internal.cloudapp.net","Channel":"Microsoft-Windows-Sysmon/Operational","UserID":"S-1-5-18","AccountType":"User","ThreadID":4296,"ProcessGuid":"{d273d0f0-874b-5f63-7001-000000000400}","Details":"Ðèèàt^^ÞÌÌÒÆÊÆÈÜ\\ÚÒÆäÞæÞÌè\\ÆÞÚ^àä^hrdfj`ÌlZfÂ`bZhÌrnZÄrÆ`ZÆnÆlÈÈÌlnÈl`^ÌÌÒÆÊ^ÂèÂ^bl\\`\\bfbdn\\d`h`p^æèäÊÂÚ\\ðpl\\ðZÜÞÜÊ\\ÈÂè","EventReceivedTime":"2020-09-17 17:33:01","Opcode":"Info","EventTime":"2020-09-17 17:33:00","Message":"Registry value set:\r\nRuleName: -\r\nEventType: SetValue\r\nUtcTime: 2020-09-17 21:33:00.583\r\nProcessGuid: {d273d0f0-874b-5f63-7001-000000000400}\r\nProcessId: 2660\r\nImage: C:\\windows\\System32\\svchost.exe\r\nTargetObject: \\REGISTRY\\A\\{e7c81823-3f72-2f44-1cc0-333e156bdd59}\\DeliveryOptimization\\Swarms\\95D2EE60-C9D3-45E4-876D-BAE16D758A87_16_0_13127_20408_STREAM_X86_X_NONE\\CdnURL\r\nDetails: Ðèèàt^^ÞÌÌÒÆÊÆÈÜ\\ÚÒÆäÞæÞÌè\\ÆÞÚ^àä^hrdfj`ÌlZfÂ`bZhÌrnZÄrÆ`ZÆnÆlÈÈÌlnÈl`^ÌÌÒÆÊ^ÂèÂ^bl\\`\\bfbdn\\d`h`p^æèäÊÂÚ\\ðpl\\ðZÜÞÜÊ\\ÈÂè","ProcessId":"2660","EventType":"SetValue","@timestamp":"2020-09-17T21:33:01.681Z","SourceModuleType":"im_msvistalog","port":64545,"AccountName":"SYSTEM","RecordNumber":628349,"Task":13,"Domain":"NT AUTHORITY","@version":"1","OpcodeValue":0,"SourceModuleName":"eventlog","Severity":"INFO","SourceName":"Microsoft-Windows-Sysmon","Version":2,"Image":"C:\\windows\\System32\\svchost.exe","Category":"Registry value set (rule: RegistryEvent)","UtcTime":"2020-09-17 21:33:00.583","Hostname":"WORKSTATION6.theshire.local","RuleName":"-","tags":["mordorDataset"]}
{"Keywords":-9223372036854775808,"SeverityValue":2,"TargetObject":"\\REGISTRY\\A\\{e7c81823-3f72-2f44-1cc0-333e156bdd59}\\DeliveryOptimization\\Swarms\\95D2EE60-C9D3-45E4-876D-BAE16D758A87_16_0_13127_20408_STREAM_X86_X_NONE\\WorkingDir","EventTypeOrignal":"INFO","EventID":13,"ProviderGuid":"{5770385F-C22A-43E0-BF4C-06F5698FFBD9}","ExecutionProcessID":3336,"host":"wec.internal.cloudapp.net","Channel":"Microsoft-Windows-Sysmon/Operational","UserID":"S-1-5-18","AccountType":"User","ThreadID":4296,"ProcessGuid":"{d273d0f0-874b-5f63-7001-000000000400}","Details":"C:\\windows\\ServiceProfiles\\NetworkService\\AppData\\Local\\Microsoft\\Windows\\DeliveryOptimization\\Cache\\382443b8cc20841e5b19d123ebbf9d012d4eaa5c","EventReceivedTime":"2020-09-17 17:33:01","Opcode":"Info","EventTime":"2020-09-17 17:33:00","Message":"Registry value set:\r\nRuleName: -\r\nEventType: SetValue\r\nUtcTime: 2020-09-17 21:33:00.583\r\nProcessGuid: {d273d0f0-874b-5f63-7001-000000000400}\r\nProcessId: 2660\r\nImage: C:\\windows\\System32\\svchost.exe\r\nTargetObject: \\REGISTRY\\A\\{e7c81823-3f72-2f44-1cc0-333e156bdd59}\\DeliveryOptimization\\Swarms\\95D2EE60-C9D3-45E4-876D-BAE16D758A87_16_0_13127_20408_STREAM_X86_X_NONE\\WorkingDir\r\nDetails: C:\\windows\\ServiceProfiles\\NetworkService\\AppData\\Local\\Microsoft\\Windows\\DeliveryOptimization\\Cache\\382443b8cc20841e5b19d123ebbf9d012d4eaa5c","ProcessId":"2660","EventType":"SetValue","@timestamp":"2020-09-17T21:33:01.681Z","SourceModuleType":"im_msvistalog","port":64545,"AccountName":"SYSTEM","RecordNumber":628350,"Task":13,"Domain":"NT AUTHORITY","@version":"1","OpcodeValue":0,"SourceModuleName":"eventlog","Severity":"INFO","SourceName":"Microsoft-Windows-Sysmon","Version":2,"Image":"C:\\windows\\System32\\svchost.exe","Category":"Registry value set (rule: RegistryEvent)","UtcTime":"2020-09-17 21:33:00.583","Hostname":"WORKSTATION6.theshire.local","RuleName":"-","tags":["mordorDataset"]}
{"Keywords":-9223372036854775808,"SeverityValue":2,"TargetObject":"\\REGISTRY\\A\\{e7c81823-3f72-2f44-1cc0-333e156bdd59}\\DeliveryOptimization\\Swarms\\95D2EE60-C9D3-45E4-876D-BAE16D758A87_16_0_13127_20408_STREAM_X86_X_NONE\\PeerId","EventTypeOrignal":"INFO","EventID":13,"ProviderGuid":"{5770385F-C22A-43E0-BF4C-06F5698FFBD9}","ExecutionProcessID":3336,"host":"wec.internal.cloudapp.net","Channel":"Microsoft-Windows-Sysmon/Operational","UserID":"S-1-5-18","AccountType":"User","ThreadID":4296,"ProcessGuid":"{d273d0f0-874b-5f63-7001-000000000400}","Details":"Binary Data","EventReceivedTime":"2020-09-17 17:33:01","Opcode":"Info","EventTime":"2020-09-17 17:33:00","Message":"Registry value set:\r\nRuleName: -\r\nEventType: SetValue\r\nUtcTime: 2020-09-17 21:33:00.583\r\nProcessGuid: {d273d0f0-874b-5f63-7001-000000000400}\r\nProcessId: 2660\r\nImage: C:\\windows\\System32\\svchost.exe\r\nTargetObject: \\REGISTRY\\A\\{e7c81823-3f72-2f44-1cc0-333e156bdd59}\\DeliveryOptimization\\Swarms\\95D2EE60-C9D3-45E4-876D-BAE16D758A87_16_0_13127_20408_STREAM_X86_X_NONE\\PeerId\r\nDetails: Binary Data","ProcessId":"2660","EventType":"SetValue","@timestamp":"2020-09-17T21:33:01.682Z","SourceModuleType":"im_msvistalog","port":64545,"AccountName":"SYSTEM","RecordNumber":628351,"Task":13,"Domain":"NT AUTHORITY","@version":"1","OpcodeValue":0,"SourceModuleName":"eventlog","Severity":"INFO","SourceName":"Microsoft-Windows-Sysmon","Version":2,"Image":"C:\\windows\\System32\\svchost.exe","Category":"Registry value set (rule: RegistryEvent)","UtcTime":"2020-09-17 21:33:00.583","Hostname":"WORKSTATION6.theshire.local","RuleName":"-","tags":["mordorDataset"]}
