{"Version":3,"GrantedAccess":"0x1000","EventReceivedTime":"2019-12-04 23:48:05","type":"nxlog-mordor","SourceImage":"C:\\Windows\\system32\\svchost.exe","host":"ip-172-18-39-102.ec2.internal","Channel":"Microsoft-Windows-Sysmon/Operational","RecordNumber":225633,"SourceProcessId":"968","port":49730,"ProviderGuid":"{5770385F-C22A-43E0-BF4C-06F5698FFBD9}","CallTrace":"C:\\Windows\\SYSTEM32\\ntdll.dll+9c524|C:\\Windows\\SYSTEM32\\psmserviceexthost.dll+222a3|C:\\Windows\\SYSTEM32\\psmserviceexthost.dll+1a172|C:\\Windows\\SYSTEM32\\psmserviceexthost.dll+19e3b|C:\\Windows\\SYSTEM32\\psmserviceexthost.dll+19318|C:\\Windows\\SYSTEM32\\ntdll.dll+3082d|C:\\Windows\\SYSTEM32\\ntdll.dll+345c4|C:\\Windows\\System32\\KERNEL32.DLL+17944|C:\\Windows\\SYSTEM32\\ntdll.dll+6ce71","EventID":10,"EventType":"INFO","TargetProcessGUID":"{a158f72c-4a97-5de8-0000-00105c300200}","UtcTime":"2019-12-05 04:48:04.300","UserID":"S-1-5-18","SourceThreadId":"4120","SourceName":"Microsoft-Windows-Sysmon","Domain":"NT AUTHORITY","AccountType":"User","OpcodeValue":0,"Message":"Process accessed:\r\nRuleName: \r\nUtcTime: 2019-12-05 04:48:04.300\r\nSourceProcessGUID: {a158f72c-4a94-5de8-0000-001033890000}\r\nSourceProcessId: 968\r\nSourceThreadId: 4120\r\nSourceImage: C:\\Windows\\system32\\svchost.exe\r\nTargetProcessGUID: {a158f72c-4a97-5de8-0000-00105c300200}\r\nTargetProcessId: 3236\r\nTargetImage: C:\\Windows\\System32\\svchost.exe\r\nGrantedAccess: 0x1000\r\nCallTrace: C:\\Windows\\SYSTEM32\\ntdll.dll+9c524|C:\\Windows\\SYSTEM32\\psmserviceexthost.dll+222a3|C:\\Windows\\SYSTEM32\\psmserviceexthost.dll+1a172|C:\\Windows\\SYSTEM32\\psmserviceexthost.dll+19e3b|C:\\Windows\\SYSTEM32\\psmserviceexthost.dll+19318|C:\\Windows\\SYSTEM32\\ntdll.dll+3082d|C:\\Windows\\SYSTEM32\\ntdll.dll+345c4|C:\\Windows\\System32\\KERNEL32.DLL+17944|C:\\Windows\\SYSTEM32\\ntdll.dll+6ce71","Task":10,"Severity":"INFO","Keywords":-9223372036854775808,"@timestamp":"2019-12-05T04:48:05.406Z","EventTime":"2019-12-04 23:48:04","SeverityValue":2,"ProcessID":3144,"ThreadID":4584,"AccountName":"SYSTEM","TargetImage":"C:\\Windows\\System32\\svchost.exe","SourceModuleType":"im_msvistalog","Hostname":"HR001.shire.com","SourceModuleName":"eventlog","SourceProcessGUID":"{a158f72c-4a94-5de8-0000-001033890000}","TargetProcessId":"3236","@version":"1"}
{"Version":3,"GrantedAccess":"0x1000","EventReceivedTime":"2019-12-04 23:48:05","type":"nxlog-mordor","SourceImage":"C:\\Windows\\system32\\svchost.exe","host":"ip-172-18-39-102.ec2.internal","Channel":"Microsoft-Windows-Sysmon/Operational","RecordNumber":225630,"SourceProcessId":"968","port":49730,"ProviderGuid":"{5770385F-C22A-43E0-BF4C-06F5698FFBD9}","CallTrace":"C:\\Windows\\SYSTEM32\\ntdll.dll+9c524|C:\\Windows\\SYSTEM32\\psmserviceexthost.dll+222a3|C:\\Windows\\SYSTEM32\\psmserviceexthost.dll+1a172|C:\\Windows\\SYSTEM32\\psmserviceexthost.dll+19e3b|C:\\Windows\\SYSTEM32\\psmserviceexthost.dll+19318|C:\\Windows\\SYSTEM32\\ntdll.dll+3082d|C:\\Windows\\SYSTEM32\\ntdll.dll+345c4|C:\\Windows\\System32\\KERNEL32.DLL+17944|C:\\Windows\\SYSTEM32\\ntdll.dll+6ce71","EventID":10,"EventType":"INFO","TargetProcessGUID":"{a158f72c-4a97-5de8-0000-00105c300200}","UtcTime":"2019-12-05 04:48:03.284","UserID":"S-1-5-18","SourceThreadId":"5432","SourceName":"Microsoft-Windows-Sysmon","Domain":"NT AUTHORITY","AccountType":"User","OpcodeValue":0,"Message":"Process accessed:\r\nRuleName: \r\nUtcTime: 2019-12-05 04:48:03.284\r\nSourceProcessGUID: {a158f72c-4a94-5de8-0000-001033890000}\r\nSourceProcessId: 968\r\nSourceThreadId: 5432\r\nSourceImage: C:\\Windows\\system32\\svchost.exe\r\nTargetProcessGUID: {a158f72c-4a97-5de8-0000-00105c300200}\r\nTargetProcessId: 3236\r\nTargetImage: C:\\Windows\\System32\\svchost.exe\r\nGrantedAccess: 0x1000\r\nCallTrace: C:\\Windows\\SYSTEM32\\ntdll.dll+9c524|C:\\Windows\\SYSTEM32\\psmserviceexthost.dll+222a3|C:\\Windows\\SYSTEM32\\psmserviceexthost.dll+1a172|C:\\Windows\\SYSTEM32\\psmserviceexthost.dll+19e3b|C:\\Windows\\SYSTEM32\\psmserviceexthost.dll+19318|C:\\Windows\\SYSTEM32\\ntdll.dll+3082d|C:\\Windows\\SYSTEM32\\ntdll.dll+345c4|C:\\Windows\\System32\\KERNEL32.DLL+17944|C:\\Windows\\SYSTEM32\\ntdll.dll+6ce71","Task":10,"Severity":"INFO","Keywords":-9223372036854775808,"@timestamp":"2019-12-05T04:48:05.406Z","EventTime":"2019-12-04 23:48:03","SeverityValue":2,"ProcessID":3144,"ThreadID":4584,"AccountName":"SYSTEM","TargetImage":"C:\\Windows\\System32\\svchost.exe","SourceModuleType":"im_msvistalog","Hostname":"HR001.shire.com","SourceModuleName":"eventlog","SourceProcessGUID":"{a158f72c-4a94-5de8-0000-001033890000}","TargetProcessId":"3236","@version":"1"}
{"Version":3,"GrantedAccess":"0x1000","EventReceivedTime":"2019-12-04 23:48:05","type":"nxlog-mordor","SourceImage":"C:\\Windows\\system32\\svchost.exe","host":"ip-172-18-39-102.ec2.internal","Channel":"Microsoft-Windows-Sysmon/Operational","RecordNumber":225634,"SourceProcessId":"968","port":49730,"ProviderGuid":"{5770385F-C22A-43E0-BF4C-06F5698FFBD9}","CallTrace":"C:\\Windows\\SYSTEM32\\ntdll.dll+9c524|C:\\Windows\\SYSTEM32\\psmserviceexthost.dll+222a3|C:\\Windows\\SYSTEM32\\psmserviceexthost.dll+1a172|C:\\Windows\\SYSTEM32\\psmserviceexthost.dll+19e3b|C:\\Windows\\SYSTEM32\\psmserviceexthost.dll+19318|C:\\Windows\\SYSTEM32\\ntdll.dll+3082d|C:\\Windows\\SYSTEM32\\ntdll.dll+345c4|C:\\Windows\\System32\\KERNEL32.DLL+17944|C:\\Windows\\SYSTEM32\\ntdll.dll+6ce71","EventID":10,"EventType":"INFO","TargetProcessGUID":"{a158f72c-4a97-5de8-0000-00105c300200}","UtcTime":"2019-12-05 04:48:04.300","UserID":"S-1-5-18","SourceThreadId":"4120","SourceName":"Microsoft-Windows-Sysmon","Domain":"NT AUTHORITY","AccountType":"User","OpcodeValue":0,"Message":"Process accessed:\r\nRuleName: \r\nUtcTime: 2019-12-05 04:48:04.300\r\nSourceProcessGUID: {a158f72c-4a94-5de8-0000-001033890000}\r\nSourceProcessId: 968\r\nSourceThreadId: 4120\r\nSourceImage: C:\\Windows\\system32\\svchost.exe\r\nTargetProcessGUID: {a158f72c-4a97-5de8-0000-00105c300200}\r\nTargetProcessId: 3236\r\nTargetImage: C:\\Windows\\System32\\svchost.exe\r\nGrantedAccess: 0x1000\r\nCallTrace: C:\\Windows\\SYSTEM32\\ntdll.dll+9c524|C:\\Windows\\SYSTEM32\\psmserviceexthost.dll+222a3|C:\\Windows\\SYSTEM32\\psmserviceexthost.dll+1a172|C:\\Windows\\SYSTEM32\\psmserviceexthost.dll+19e3b|C:\\Windows\\SYSTEM32\\psmserviceexthost.dll+19318|C:\\Windows\\SYSTEM32\\ntdll.dll+3082d|C:\\Windows\\SYSTEM32\\ntdll.dll+345c4|C:\\Windows\\System32\\KERNEL32.DLL+17944|C:\\Windows\\SYSTEM32\\ntdll.dll+6ce71","Task":10,"Severity":"INFO","Keywords":-9223372036854775808,"@timestamp":"2019-12-05T04:48:05.407Z","EventTime":"2019-12-04 23:48:04","SeverityValue":2,"ProcessID":3144,"ThreadID":4584,"AccountName":"SYSTEM","TargetImage":"C:\\Windows\\System32\\svchost.exe","SourceModuleType":"im_msvistalog","Hostname":"HR001.shire.com","SourceModuleName":"eventlog","SourceProcessGUID":"{a158f72c-4a94-5de8-0000-001033890000}","TargetProcessId":"3236","@version":"1"}
{"Version":3,"GrantedAccess":"0x1000","EventReceivedTime":"2019-12-04 23:48:05","type":"nxlog-mordor","SourceImage":"C:\\Windows\\system32\\svchost.exe","host":"ip-172-18-39-102.ec2.internal","Channel":"Microsoft-Windows-Sysmon/Operational","RecordNumber":225631,"SourceProcessId":"968","port":49730,"ProviderGuid":"{5770385F-C22A-43E0-BF4C-06F5698FFBD9}","CallTrace":"C:\\Windows\\SYSTEM32\\ntdll.dll+9c524|C:\\Windows\\SYSTEM32\\psmserviceexthost.dll+222a3|C:\\Windows\\SYSTEM32\\psmserviceexthost.dll+1a172|C:\\Windows\\SYSTEM32\\psmserviceexthost.dll+19e3b|C:\\Windows\\SYSTEM32\\psmserviceexthost.dll+19318|C:\\Windows\\SYSTEM32\\ntdll.dll+3082d|C:\\Windows\\SYSTEM32\\ntdll.dll+345c4|C:\\Windows\\System32\\KERNEL32.DLL+17944|C:\\Windows\\SYSTEM32\\ntdll.dll+6ce71","EventID":10,"EventType":"INFO","TargetProcessGUID":"{a158f72c-4a97-5de8-0000-00105c300200}","UtcTime":"2019-12-05 04:48:03.284","UserID":"S-1-5-18","SourceThreadId":"5432","SourceName":"Microsoft-Windows-Sysmon","Domain":"NT AUTHORITY","AccountType":"User","OpcodeValue":0,"Message":"Process accessed:\r\nRuleName: \r\nUtcTime: 2019-12-05 04:48:03.284\r\nSourceProcessGUID: {a158f72c-4a94-5de8-0000-001033890000}\r\nSourceProcessId: 968\r\nSourceThreadId: 5432\r\nSourceImage: C:\\Windows\\system32\\svchost.exe\r\nTargetProcessGUID: {a158f72c-4a97-5de8-0000-00105c300200}\r\nTargetProcessId: 3236\r\nTargetImage: C:\\Windows\\System32\\svchost.exe\r\nGrantedAccess: 0x1000\r\nCallTrace: C:\\Windows\\SYSTEM32\\ntdll.dll+9c524|C:\\Windows\\SYSTEM32\\psmserviceexthost.dll+222a3|C:\\Windows\\SYSTEM32\\psmserviceexthost.dll+1a172|C:\\Windows\\SYSTEM32\\psmserviceexthost.dll+19e3b|C:\\Windows\\SYSTEM32\\psmserviceexthost.dll+19318|C:\\Windows\\SYSTEM32\\ntdll.dll+3082d|C:\\Windows\\SYSTEM32\\ntdll.dll+345c4|C:\\Windows\\System32\\KERNEL32.DLL+17944|C:\\Windows\\SYSTEM32\\ntdll.dll+6ce71","Task":10,"Severity":"INFO","Keywords":-9223372036854775808,"@timestamp":"2019-12-05T04:48:05.406Z","EventTime":"2019-12-04 23:48:03","SeverityValue":2,"ProcessID":3144,"ThreadID":4584,"AccountName":"SYSTEM","TargetImage":"C:\\Windows\\System32\\svchost.exe","SourceModuleType":"im_msvistalog","Hostname":"HR001.shire.com","SourceModuleName":"eventlog","SourceProcessGUID":"{a158f72c-4a94-5de8-0000-001033890000}","TargetProcessId":"3236","@version":"1"}
{"Version":3,"GrantedAccess":"0x1000","EventReceivedTime":"2019-12-04 23:48:05","type":"nxlog-mordor","SourceImage":"C:\\Windows\\system32\\svchost.exe","host":"ip-172-18-39-102.ec2.internal","Channel":"Microsoft-Windows-Sysmon/Operational","RecordNumber":225635,"SourceProcessId":"968","port":49730,"ProviderGuid":"{5770385F-C22A-43E0-BF4C-06F5698FFBD9}","CallTrace":"C:\\Windows\\SYSTEM32\\ntdll.dll+9c524|C:\\Windows\\SYSTEM32\\psmserviceexthost.dll+222a3|C:\\Windows\\SYSTEM32\\psmserviceexthost.dll+1a172|C:\\Windows\\SYSTEM32\\psmserviceexthost.dll+19e3b|C:\\Windows\\SYSTEM32\\psmserviceexthost.dll+19318|C:\\Windows\\SYSTEM32\\ntdll.dll+3082d|C:\\Windows\\SYSTEM32\\ntdll.dll+345c4|C:\\Windows\\System32\\KERNEL32.DLL+17944|C:\\Windows\\SYSTEM32\\ntdll.dll+6ce71","EventID":10,"EventType":"INFO","TargetProcessGUID":"{a158f72c-4a97-5de8-0000-00105c300200}","UtcTime":"2019-12-05 04:48:04.300","UserID":"S-1-5-18","SourceThreadId":"4120","SourceName":"Microsoft-Windows-Sysmon","Domain":"NT AUTHORITY","AccountType":"User","OpcodeValue":0,"Message":"Process accessed:\r\nRuleName: \r\nUtcTime: 2019-12-05 04:48:04.300\r\nSourceProcessGUID: {a158f72c-4a94-5de8-0000-001033890000}\r\nSourceProcessId: 968\r\nSourceThreadId: 4120\r\nSourceImage: C:\\Windows\\system32\\svchost.exe\r\nTargetProcessGUID: {a158f72c-4a97-5de8-0000-00105c300200}\r\nTargetProcessId: 3236\r\nTargetImage: C:\\Windows\\System32\\svchost.exe\r\nGrantedAccess: 0x1000\r\nCallTrace: C:\\Windows\\SYSTEM32\\ntdll.dll+9c524|C:\\Windows\\SYSTEM32\\psmserviceexthost.dll+222a3|C:\\Windows\\SYSTEM32\\psmserviceexthost.dll+1a172|C:\\Windows\\SYSTEM32\\psmserviceexthost.dll+19e3b|C:\\Windows\\SYSTEM32\\psmserviceexthost.dll+19318|C:\\Windows\\SYSTEM32\\ntdll.dll+3082d|C:\\Windows\\SYSTEM32\\ntdll.dll+345c4|C:\\Windows\\System32\\KERNEL32.DLL+17944|C:\\Windows\\SYSTEM32\\ntdll.dll+6ce71","Task":10,"Severity":"INFO","Keywords":-9223372036854775808,"@timestamp":"2019-12-05T04:48:05.407Z","EventTime":"2019-12-04 23:48:04","SeverityValue":2,"ProcessID":3144,"ThreadID":4584,"AccountName":"SYSTEM","TargetImage":"C:\\Windows\\System32\\svchost.exe","SourceModuleType":"im_msvistalog","Hostname":"HR001.shire.com","SourceModuleName":"eventlog","SourceProcessGUID":"{a158f72c-4a94-5de8-0000-001033890000}","TargetProcessId":"3236","@version":"1"}
{"Version":3,"GrantedAccess":"0x1400","EventReceivedTime":"2019-12-04 23:48:07","type":"nxlog-mordor","SourceImage":"C:\\Windows\\System32\\svchost.exe","host":"ip-172-18-39-102.ec2.internal","Channel":"Microsoft-Windows-Sysmon/Operational","RecordNumber":219695,"SourceProcessId":"3492","port":49730,"ProviderGuid":"{5770385F-C22A-43E0-BF4C-06F5698FFBD9}","CallTrace":"C:\\Windows\\SYSTEM32\\ntdll.dll+9c524|C:\\Windows\\System32\\KERNELBASE.dll+2730e|c:\\windows\\system32\\rasmans.dll+3751b|c:\\windows\\system32\\rasmans.dll+36fad|c:\\windows\\system32\\rasmans.dll+10ed8|c:\\windows\\system32\\rasmans.dll+33cd5|C:\\Windows\\System32\\svchost.exe+314c|C:\\Windows\\System32\\sechost.dll+2de2|C:\\Windows\\System32\\KERNEL32.DLL+17944|C:\\Windows\\SYSTEM32\\ntdll.dll+6ce71","EventID":10,"EventType":"INFO","TargetProcessGUID":"{a158f72c-5898-5de8-0000-0010a6ba6d00}","UtcTime":"2019-12-05 04:48:05.992","UserID":"S-1-5-18","SourceThreadId":"3616","SourceName":"Microsoft-Windows-Sysmon","Domain":"NT AUTHORITY","AccountType":"User","OpcodeValue":0,"Message":"Process accessed:\r\nRuleName: \r\nUtcTime: 2019-12-05 04:48:05.992\r\nSourceProcessGUID: {a158f72c-4a8b-5de8-0000-0010df500200}\r\nSourceProcessId: 3492\r\nSourceThreadId: 3616\r\nSourceImage: C:\\Windows\\System32\\svchost.exe\r\nTargetProcessGUID: {a158f72c-5898-5de8-0000-0010a6ba6d00}\r\nTargetProcessId: 1332\r\nTargetImage: C:\\Windows\\System32\\WindowsPowerShell\\v1.0\\powershell.exe\r\nGrantedAccess: 0x1400\r\nCallTrace: C:\\Windows\\SYSTEM32\\ntdll.dll+9c524|C:\\Windows\\System32\\KERNELBASE.dll+2730e|c:\\windows\\system32\\rasmans.dll+3751b|c:\\windows\\system32\\rasmans.dll+36fad|c:\\windows\\system32\\rasmans.dll+10ed8|c:\\windows\\system32\\rasmans.dll+33cd5|C:\\Windows\\System32\\svchost.exe+314c|C:\\Windows\\System32\\sechost.dll+2de2|C:\\Windows\\System32\\KERNEL32.DLL+17944|C:\\Windows\\SYSTEM32\\ntdll.dll+6ce71","Task":10,"Severity":"INFO","Keywords":-9223372036854775808,"@timestamp":"2019-12-05T04:48:07.423Z","EventTime":"2019-12-04 23:48:05","SeverityValue":2,"ProcessID":3140,"ThreadID":4712,"AccountName":"SYSTEM","TargetImage":"C:\\Windows\\System32\\WindowsPowerShell\\v1.0\\powershell.exe","SourceModuleType":"im_msvistalog","Hostname":"IT001.shire.com","SourceModuleName":"eventlog","SourceProcessGUID":"{a158f72c-4a8b-5de8-0000-0010df500200}","TargetProcessId":"1332","@version":"1"}
{"Version":0,"EventReceivedTime":"2019-12-04 23:48:07","SourceAddress":"0.0.0.0","type":"nxlog-mordor","host":"ip-172-18-39-102.ec2.internal","Channel":"security","RecordNumber":30600,"Category":"Filtering Platform Connection","port":49730,"ProviderGuid":"{54849625-5478-4994-A5BA-3E3B0328C30D}","Application":"\\device\\harddiskvolume2\\program files\\amazon\\ec2configservice\\ec2config.exe","EventID":5158,"EventType":"AUDIT_SUCCESS","SourcePort":"51712","SourceName":"Microsoft-Windows-Security-Auditing","OpcodeValue":0,"Message":"The Windows Filtering Platform has permitted a bind to a local port.\r\n\r\nApplication Information:\r\n\tProcess ID:\t\t2564\r\n\tApplication Name:\t\\device\\harddiskvolume2\\program files\\amazon\\ec2configservice\\ec2config.exe\r\n\r\nNetwork Information:\r\n\tSource Address:\t\t0.0.0.0\r\n\tSource Port:\t\t51712\r\n\tProtocol:\t\t6\r\n\r\nFilter Information:\r\n\tFilter Run-Time ID:\t0\r\n\tLayer Name:\t\tResource Assignment\r\n\tLayer Run-Time ID:\t36","LayerName":"%%14608","Task":12810,"Severity":"INFO","Keywords":-9214364837600034816,"LayerRTID":"36","@timestamp":"2019-12-05T04:48:07.424Z","EventTime":"2019-12-04 23:48:06","SeverityValue":2,"ProcessID":4,"ThreadID":5332,"Opcode":"Info","Protocol":"6","SourceModuleType":"im_msvistalog","Hostname":"IT001.shire.com","SourceModuleName":"eventlog","FilterRTID":"0","@version":"1"}
{"Version":3,"GrantedAccess":"0x1000","EventReceivedTime":"2019-12-04 23:48:07","type":"nxlog-mordor","SourceImage":"C:\\Windows\\system32\\svchost.exe","host":"ip-172-18-39-102.ec2.internal","Channel":"Microsoft-Windows-Sysmon/Operational","RecordNumber":225640,"SourceProcessId":"968","port":49730,"ProviderGuid":"{5770385F-C22A-43E0-BF4C-06F5698FFBD9}","CallTrace":"C:\\Windows\\SYSTEM32\\ntdll.dll+9c524|C:\\Windows\\SYSTEM32\\psmserviceexthost.dll+222a3|C:\\Windows\\SYSTEM32\\psmserviceexthost.dll+1a172|C:\\Windows\\SYSTEM32\\psmserviceexthost.dll+19e3b|C:\\Windows\\SYSTEM32\\psmserviceexthost.dll+19318|C:\\Windows\\SYSTEM32\\ntdll.dll+3082d|C:\\Windows\\SYSTEM32\\ntdll.dll+345c4|C:\\Windows\\System32\\KERNEL32.DLL+17944|C:\\Windows\\SYSTEM32\\ntdll.dll+6ce71","EventID":10,"EventType":"INFO","TargetProcessGUID":"{a158f72c-4a97-5de8-0000-00105c300200}","UtcTime":"2019-12-05 04:48:06.317","UserID":"S-1-5-18","SourceThreadId":"5432","SourceName":"Microsoft-Windows-Sysmon","Domain":"NT AUTHORITY","AccountType":"User","OpcodeValue":0,"Message":"Process accessed:\r\nRuleName: \r\nUtcTime: 2019-12-05 04:48:06.317\r\nSourceProcessGUID: {a158f72c-4a94-5de8-0000-001033890000}\r\nSourceProcessId: 968\r\nSourceThreadId: 5432\r\nSourceImage: C:\\Windows\\system32\\svchost.exe\r\nTargetProcessGUID: {a158f72c-4a97-5de8-0000-00105c300200}\r\nTargetProcessId: 3236\r\nTargetImage: C:\\Windows\\System32\\svchost.exe\r\nGrantedAccess: 0x1000\r\nCallTrace: C:\\Windows\\SYSTEM32\\ntdll.dll+9c524|C:\\Windows\\SYSTEM32\\psmserviceexthost.dll+222a3|C:\\Windows\\SYSTEM32\\psmserviceexthost.dll+1a172|C:\\Windows\\SYSTEM32\\psmserviceexthost.dll+19e3b|C:\\Windows\\SYSTEM32\\psmserviceexthost.dll+19318|C:\\Windows\\SYSTEM32\\ntdll.dll+3082d|C:\\Windows\\SYSTEM32\\ntdll.dll+345c4|C:\\Windows\\System32\\KERNEL32.DLL+17944|C:\\Windows\\SYSTEM32\\ntdll.dll+6ce71","Task":10,"Severity":"INFO","Keywords":-9223372036854775808,"@timestamp":"2019-12-05T04:48:07.424Z","EventTime":"2019-12-04 23:48:06","SeverityValue":2,"ProcessID":3144,"ThreadID":4584,"AccountName":"SYSTEM","TargetImage":"C:\\Windows\\System32\\svchost.exe","SourceModuleType":"im_msvistalog","Hostname":"HR001.shire.com","SourceModuleName":"eventlog","SourceProcessGUID":"{a158f72c-4a94-5de8-0000-001033890000}","TargetProcessId":"3236","@version":"1"}
{"Version":3,"GrantedAccess":"0x1000","EventReceivedTime":"2019-12-04 23:48:07","type":"nxlog-mordor","SourceImage":"C:\\Windows\\system32\\svchost.exe","host":"ip-172-18-39-102.ec2.internal","Channel":"Microsoft-Windows-Sysmon/Operational","RecordNumber":225636,"SourceProcessId":"968","port":49730,"ProviderGuid":"{5770385F-C22A-43E0-BF4C-06F5698FFBD9}","CallTrace":"C:\\Windows\\SYSTEM32\\ntdll.dll+9c524|C:\\Windows\\SYSTEM32\\psmserviceexthost.dll+222a3|C:\\Windows\\SYSTEM32\\psmserviceexthost.dll+1a172|C:\\Windows\\SYSTEM32\\psmserviceexthost.dll+19e3b|C:\\Windows\\SYSTEM32\\psmserviceexthost.dll+19318|C:\\Windows\\SYSTEM32\\ntdll.dll+3082d|C:\\Windows\\SYSTEM32\\ntdll.dll+345c4|C:\\Windows\\System32\\KERNEL32.DLL+17944|C:\\Windows\\SYSTEM32\\ntdll.dll+6ce71","EventID":10,"EventType":"INFO","TargetProcessGUID":"{a158f72c-4a97-5de8-0000-00105c300200}","UtcTime":"2019-12-05 04:48:05.301","UserID":"S-1-5-18","SourceThreadId":"4120","SourceName":"Microsoft-Windows-Sysmon","Domain":"NT AUTHORITY","AccountType":"User","OpcodeValue":0,"Message":"Process accessed:\r\nRuleName: \r\nUtcTime: 2019-12-05 04:48:05.301\r\nSourceProcessGUID: {a158f72c-4a94-5de8-0000-001033890000}\r\nSourceProcessId: 968\r\nSourceThreadId: 4120\r\nSourceImage: C:\\Windows\\system32\\svchost.exe\r\nTargetProcessGUID: {a158f72c-4a97-5de8-0000-00105c300200}\r\nTargetProcessId: 3236\r\nTargetImage: C:\\Windows\\System32\\svchost.exe\r\nGrantedAccess: 0x1000\r\nCallTrace: C:\\Windows\\SYSTEM32\\ntdll.dll+9c524|C:\\Windows\\SYSTEM32\\psmserviceexthost.dll+222a3|C:\\Windows\\SYSTEM32\\psmserviceexthost.dll+1a172|C:\\Windows\\SYSTEM32\\psmserviceexthost.dll+19e3b|C:\\Windows\\SYSTEM32\\psmserviceexthost.dll+19318|C:\\Windows\\SYSTEM32\\ntdll.dll+3082d|C:\\Windows\\SYSTEM32\\ntdll.dll+345c4|C:\\Windows\\System32\\KERNEL32.DLL+17944|C:\\Windows\\SYSTEM32\\ntdll.dll+6ce71","Task":10,"Severity":"INFO","Keywords":-9223372036854775808,"@timestamp":"2019-12-05T04:48:07.422Z","EventTime":"2019-12-04 23:48:05","SeverityValue":2,"ProcessID":3144,"ThreadID":4584,"AccountName":"SYSTEM","TargetImage":"C:\\Windows\\System32\\svchost.exe","SourceModuleType":"im_msvistalog","Hostname":"HR001.shire.com","SourceModuleName":"eventlog","SourceProcessGUID":"{a158f72c-4a94-5de8-0000-001033890000}","TargetProcessId":"3236","@version":"1"}
{"Version":3,"EventReceivedTime":"2019-12-04 23:48:07","Image":"C:\\Windows\\System32\\svchost.exe","Description":"Performance Counters","type":"nxlog-mordor","host":"ip-172-18-39-102.ec2.internal","Channel":"Microsoft-Windows-Sysmon/Operational","RecordNumber":102637,"FileVersion":"10.0.17763.1 (WinBuild.160101.0800)","port":49730,"ProviderGuid":"{5770385F-C22A-43E0-BF4C-06F5698FFBD9}","EventID":7,"EventType":"INFO","UtcTime":"2019-12-05 04:48:05.967","UserID":"S-1-5-18","ProcessGuid":"{d14e8c55-4842-5de8-0000-0010a1ab0600}","SourceName":"Microsoft-Windows-Sysmon","Hashes":"SHA1=F81D76B9C3499F8712FA6398554C10D389103930,MD5=27EAC9BA127C20BEEBF0BE4179ECC380,SHA256=28A8E73239C7556FD420A5A09A05CBD04C38230E0CBEAEF7D6874135261221EE,IMPHASH=E8B7A8ECDACB5ADA645B4DF7BF877CFE","Domain":"NT AUTHORITY","AccountType":"User","OpcodeValue":0,"Message":"Image loaded:\r\nRuleName: \r\nUtcTime: 2019-12-05 04:48:05.967\r\nProcessGuid: {d14e8c55-4842-5de8-0000-0010a1ab0600}\r\nProcessId: 4624\r\nImage: C:\\Windows\\System32\\svchost.exe\r\nImageLoaded: C:\\Windows\\System32\\perfctrs.dll\r\nFileVersion: 10.0.17763.1 (WinBuild.160101.0800)\r\nDescription: Performance Counters\r\nProduct: Microsoft® Windows® Operating System\r\nCompany: Microsoft Corporation\r\nOriginalFileName: PERFCTRS.DLL\r\nHashes: SHA1=F81D76B9C3499F8712FA6398554C10D389103930,MD5=27EAC9BA127C20BEEBF0BE4179ECC380,SHA256=28A8E73239C7556FD420A5A09A05CBD04C38230E0CBEAEF7D6874135261221EE,IMPHASH=E8B7A8ECDACB5ADA645B4DF7BF877CFE\r\nSigned: true\r\nSignature: Microsoft Windows\r\nSignatureStatus: Valid","ImageLoaded":"C:\\Windows\\System32\\perfctrs.dll","Task":7,"Severity":"INFO","Keywords":-9223372036854775808,"Signature":"Microsoft Windows","SignatureStatus":"Valid","@timestamp":"2019-12-05T04:48:07.423Z","EventTime":"2019-12-04 23:48:05","SeverityValue":2,"ProcessID":2644,"ThreadID":3664,"AccountName":"SYSTEM","Product":"Microsoft® Windows® Operating System","Company":"Microsoft Corporation","SourceModuleType":"im_msvistalog","Hostname":"HFDC01.shire.com","Signed":"true","SourceModuleName":"eventlog","OriginalFileName":"PERFCTRS.DLL","@version":"1"}
{"Version":1,"EventReceivedTime":"2019-12-04 23:48:07","SourceAddress":"172.18.39.105","type":"nxlog-mordor","DestPort":"80","host":"ip-172-18-39-102.ec2.internal","Channel":"security","RemoteMachineID":"S-1-0-0","RecordNumber":30601,"Category":"Filtering Platform Connection","port":49730,"ProviderGuid":"{54849625-5478-4994-A5BA-3E3B0328C30D}","Application":"\\device\\harddiskvolume2\\program files\\amazon\\ec2configservice\\ec2config.exe","EventID":5156,"EventType":"AUDIT_SUCCESS","Direction":"%%14593","DestAddress":"169.254.169.254","SourcePort":"51712","SourceName":"Microsoft-Windows-Security-Auditing","OpcodeValue":0,"Message":"The Windows Filtering Platform has permitted a connection.\r\n\r\nApplication Information:\r\n\tProcess ID:\t\t2564\r\n\tApplication Name:\t\\device\\harddiskvolume2\\program files\\amazon\\ec2configservice\\ec2config.exe\r\n\r\nNetwork Information:\r\n\tDirection:\t\tOutbound\r\n\tSource Address:\t\t172.18.39.105\r\n\tSource Port:\t\t51712\r\n\tDestination Address:\t169.254.169.254\r\n\tDestination Port:\t\t80\r\n\tProtocol:\t\t6\r\n\r\nFilter Information:\r\n\tFilter Run-Time ID:\t67260\r\n\tLayer Name:\t\tConnect\r\n\tLayer Run-Time ID:\t48","LayerName":"%%14611","Task":12810,"Severity":"INFO","Keywords":-9214364837600034816,"LayerRTID":"48","@timestamp":"2019-12-05T04:48:07.424Z","EventTime":"2019-12-04 23:48:06","SeverityValue":2,"ProcessID":4,"ThreadID":5332,"Opcode":"Info","Protocol":"6","RemoteUserID":"S-1-0-0","SourceModuleType":"im_msvistalog","Hostname":"IT001.shire.com","SourceModuleName":"eventlog","FilterRTID":"67260","@version":"1"}
{"Version":3,"GrantedAccess":"0x1000","EventReceivedTime":"2019-12-04 23:48:07","type":"nxlog-mordor","SourceImage":"C:\\Windows\\system32\\svchost.exe","host":"ip-172-18-39-102.ec2.internal","Channel":"Microsoft-Windows-Sysmon/Operational","RecordNumber":225641,"SourceProcessId":"968","port":49730,"ProviderGuid":"{5770385F-C22A-43E0-BF4C-06F5698FFBD9}","CallTrace":"C:\\Windows\\SYSTEM32\\ntdll.dll+9c524|C:\\Windows\\SYSTEM32\\psmserviceexthost.dll+222a3|C:\\Windows\\SYSTEM32\\psmserviceexthost.dll+1a172|C:\\Windows\\SYSTEM32\\psmserviceexthost.dll+19e3b|C:\\Windows\\SYSTEM32\\psmserviceexthost.dll+19318|C:\\Windows\\SYSTEM32\\ntdll.dll+3082d|C:\\Windows\\SYSTEM32\\ntdll.dll+345c4|C:\\Windows\\System32\\KERNEL32.DLL+17944|C:\\Windows\\SYSTEM32\\ntdll.dll+6ce71","EventID":10,"EventType":"INFO","TargetProcessGUID":"{a158f72c-4a97-5de8-0000-00105c300200}","UtcTime":"2019-12-05 04:48:06.317","UserID":"S-1-5-18","SourceThreadId":"5432","SourceName":"Microsoft-Windows-Sysmon","Domain":"NT AUTHORITY","AccountType":"User","OpcodeValue":0,"Message":"Process accessed:\r\nRuleName: \r\nUtcTime: 2019-12-05 04:48:06.317\r\nSourceProcessGUID: {a158f72c-4a94-5de8-0000-001033890000}\r\nSourceProcessId: 968\r\nSourceThreadId: 5432\r\nSourceImage: C:\\Windows\\system32\\svchost.exe\r\nTargetProcessGUID: {a158f72c-4a97-5de8-0000-00105c300200}\r\nTargetProcessId: 3236\r\nTargetImage: C:\\Windows\\System32\\svchost.exe\r\nGrantedAccess: 0x1000\r\nCallTrace: C:\\Windows\\SYSTEM32\\ntdll.dll+9c524|C:\\Windows\\SYSTEM32\\psmserviceexthost.dll+222a3|C:\\Windows\\SYSTEM32\\psmserviceexthost.dll+1a172|C:\\Windows\\SYSTEM32\\psmserviceexthost.dll+19e3b|C:\\Windows\\SYSTEM32\\psmserviceexthost.dll+19318|C:\\Windows\\SYSTEM32\\ntdll.dll+3082d|C:\\Windows\\SYSTEM32\\ntdll.dll+345c4|C:\\Windows\\System32\\KERNEL32.DLL+17944|C:\\Windows\\SYSTEM32\\ntdll.dll+6ce71","Task":10,"Severity":"INFO","Keywords":-9223372036854775808,"@timestamp":"2019-12-05T04:48:07.425Z","EventTime":"2019-12-04 23:48:06","SeverityValue":2,"ProcessID":3144,"ThreadID":4584,"AccountName":"SYSTEM","TargetImage":"C:\\Windows\\System32\\svchost.exe","SourceModuleType":"im_msvistalog","Hostname":"HR001.shire.com","SourceModuleName":"eventlog","SourceProcessGUID":"{a158f72c-4a94-5de8-0000-001033890000}","TargetProcessId":"3236","@version":"1"}
{"Version":3,"GrantedAccess":"0x1000","EventReceivedTime":"2019-12-04 23:48:07","type":"nxlog-mordor","SourceImage":"C:\\Windows\\system32\\svchost.exe","host":"ip-172-18-39-102.ec2.internal","Channel":"Microsoft-Windows-Sysmon/Operational","RecordNumber":225637,"SourceProcessId":"968","port":49730,"ProviderGuid":"{5770385F-C22A-43E0-BF4C-06F5698FFBD9}","CallTrace":"C:\\Windows\\SYSTEM32\\ntdll.dll+9c524|C:\\Windows\\SYSTEM32\\psmserviceexthost.dll+222a3|C:\\Windows\\SYSTEM32\\psmserviceexthost.dll+1a172|C:\\Windows\\SYSTEM32\\psmserviceexthost.dll+19e3b|C:\\Windows\\SYSTEM32\\psmserviceexthost.dll+19318|C:\\Windows\\SYSTEM32\\ntdll.dll+3082d|C:\\Windows\\SYSTEM32\\ntdll.dll+345c4|C:\\Windows\\System32\\KERNEL32.DLL+17944|C:\\Windows\\SYSTEM32\\ntdll.dll+6ce71","EventID":10,"EventType":"INFO","TargetProcessGUID":"{a158f72c-4a97-5de8-0000-00105c300200}","UtcTime":"2019-12-05 04:48:05.301","UserID":"S-1-5-18","SourceThreadId":"4120","SourceName":"Microsoft-Windows-Sysmon","Domain":"NT AUTHORITY","AccountType":"User","OpcodeValue":0,"Message":"Process accessed:\r\nRuleName: \r\nUtcTime: 2019-12-05 04:48:05.301\r\nSourceProcessGUID: {a158f72c-4a94-5de8-0000-001033890000}\r\nSourceProcessId: 968\r\nSourceThreadId: 4120\r\nSourceImage: C:\\Windows\\system32\\svchost.exe\r\nTargetProcessGUID: {a158f72c-4a97-5de8-0000-00105c300200}\r\nTargetProcessId: 3236\r\nTargetImage: C:\\Windows\\System32\\svchost.exe\r\nGrantedAccess: 0x1000\r\nCallTrace: C:\\Windows\\SYSTEM32\\ntdll.dll+9c524|C:\\Windows\\SYSTEM32\\psmserviceexthost.dll+222a3|C:\\Windows\\SYSTEM32\\psmserviceexthost.dll+1a172|C:\\Windows\\SYSTEM32\\psmserviceexthost.dll+19e3b|C:\\Windows\\SYSTEM32\\psmserviceexthost.dll+19318|C:\\Windows\\SYSTEM32\\ntdll.dll+3082d|C:\\Windows\\SYSTEM32\\ntdll.dll+345c4|C:\\Windows\\System32\\KERNEL32.DLL+17944|C:\\Windows\\SYSTEM32\\ntdll.dll+6ce71","Task":10,"Severity":"INFO","Keywords":-9223372036854775808,"@timestamp":"2019-12-05T04:48:07.422Z","EventTime":"2019-12-04 23:48:05","SeverityValue":2,"ProcessID":3144,"ThreadID":4584,"AccountName":"SYSTEM","TargetImage":"C:\\Windows\\System32\\svchost.exe","SourceModuleType":"im_msvistalog","Hostname":"HR001.shire.com","SourceModuleName":"eventlog","SourceProcessGUID":"{a158f72c-4a94-5de8-0000-001033890000}","TargetProcessId":"3236","@version":"1"}
{"Version":3,"EventReceivedTime":"2019-12-04 23:48:07","Image":"C:\\Windows\\System32\\svchost.exe","Description":"Performance Counters","type":"nxlog-mordor","host":"ip-172-18-39-102.ec2.internal","Channel":"Microsoft-Windows-Sysmon/Operational","RecordNumber":102638,"FileVersion":"10.0.17763.1 (WinBuild.160101.0800)","port":49730,"ProviderGuid":"{5770385F-C22A-43E0-BF4C-06F5698FFBD9}","EventID":7,"EventType":"INFO","UtcTime":"2019-12-05 04:48:05.982","UserID":"S-1-5-18","ProcessGuid":"{d14e8c55-4842-5de8-0000-0010a1ab0600}","SourceName":"Microsoft-Windows-Sysmon","Hashes":"SHA1=F81D76B9C3499F8712FA6398554C10D389103930,MD5=27EAC9BA127C20BEEBF0BE4179ECC380,SHA256=28A8E73239C7556FD420A5A09A05CBD04C38230E0CBEAEF7D6874135261221EE,IMPHASH=E8B7A8ECDACB5ADA645B4DF7BF877CFE","Domain":"NT AUTHORITY","AccountType":"User","OpcodeValue":0,"Message":"Image loaded:\r\nRuleName: \r\nUtcTime: 2019-12-05 04:48:05.982\r\nProcessGuid: {d14e8c55-4842-5de8-0000-0010a1ab0600}\r\nProcessId: 4624\r\nImage: C:\\Windows\\System32\\svchost.exe\r\nImageLoaded: C:\\Windows\\System32\\perfctrs.dll\r\nFileVersion: 10.0.17763.1 (WinBuild.160101.0800)\r\nDescription: Performance Counters\r\nProduct: Microsoft® Windows® Operating System\r\nCompany: Microsoft Corporation\r\nOriginalFileName: PERFCTRS.DLL\r\nHashes: SHA1=F81D76B9C3499F8712FA6398554C10D389103930,MD5=27EAC9BA127C20BEEBF0BE4179ECC380,SHA256=28A8E73239C7556FD420A5A09A05CBD04C38230E0CBEAEF7D6874135261221EE,IMPHASH=E8B7A8ECDACB5ADA645B4DF7BF877CFE\r\nSigned: true\r\nSignature: Microsoft Windows\r\nSignatureStatus: Valid","ImageLoaded":"C:\\Windows\\System32\\perfctrs.dll","Task":7,"Severity":"INFO","Keywords":-9223372036854775808,"Signature":"Microsoft Windows","SignatureStatus":"Valid","@timestamp":"2019-12-05T04:48:07.423Z","EventTime":"2019-12-04 23:48:05","SeverityValue":2,"ProcessID":2644,"ThreadID":3664,"AccountName":"SYSTEM","Product":"Microsoft® Windows® Operating System","Company":"Microsoft Corporation","SourceModuleType":"im_msvistalog","Hostname":"HFDC01.shire.com","Signed":"true","SourceModuleName":"eventlog","OriginalFileName":"PERFCTRS.DLL","@version":"1"}
{"Version":3,"GrantedAccess":"0x1000","EventReceivedTime":"2019-12-04 23:48:07","type":"nxlog-mordor","SourceImage":"C:\\Windows\\system32\\svchost.exe","host":"ip-172-18-39-102.ec2.internal","Channel":"Microsoft-Windows-Sysmon/Operational","RecordNumber":225638,"SourceProcessId":"968","port":49730,"ProviderGuid":"{5770385F-C22A-43E0-BF4C-06F5698FFBD9}","CallTrace":"C:\\Windows\\SYSTEM32\\ntdll.dll+9c524|C:\\Windows\\SYSTEM32\\psmserviceexthost.dll+222a3|C:\\Windows\\SYSTEM32\\psmserviceexthost.dll+1a172|C:\\Windows\\SYSTEM32\\psmserviceexthost.dll+19e3b|C:\\Windows\\SYSTEM32\\psmserviceexthost.dll+19318|C:\\Windows\\SYSTEM32\\ntdll.dll+3082d|C:\\Windows\\SYSTEM32\\ntdll.dll+345c4|C:\\Windows\\System32\\KERNEL32.DLL+17944|C:\\Windows\\SYSTEM32\\ntdll.dll+6ce71","EventID":10,"EventType":"INFO","TargetProcessGUID":"{a158f72c-4a97-5de8-0000-00105c300200}","UtcTime":"2019-12-05 04:48:06.317","UserID":"S-1-5-18","SourceThreadId":"5432","SourceName":"Microsoft-Windows-Sysmon","Domain":"NT AUTHORITY","AccountType":"User","OpcodeValue":0,"Message":"Process accessed:\r\nRuleName: \r\nUtcTime: 2019-12-05 04:48:06.317\r\nSourceProcessGUID: {a158f72c-4a94-5de8-0000-001033890000}\r\nSourceProcessId: 968\r\nSourceThreadId: 5432\r\nSourceImage: C:\\Windows\\system32\\svchost.exe\r\nTargetProcessGUID: {a158f72c-4a97-5de8-0000-00105c300200}\r\nTargetProcessId: 3236\r\nTargetImage: C:\\Windows\\System32\\svchost.exe\r\nGrantedAccess: 0x1000\r\nCallTrace: C:\\Windows\\SYSTEM32\\ntdll.dll+9c524|C:\\Windows\\SYSTEM32\\psmserviceexthost.dll+222a3|C:\\Windows\\SYSTEM32\\psmserviceexthost.dll+1a172|C:\\Windows\\SYSTEM32\\psmserviceexthost.dll+19e3b|C:\\Windows\\SYSTEM32\\psmserviceexthost.dll+19318|C:\\Windows\\SYSTEM32\\ntdll.dll+3082d|C:\\Windows\\SYSTEM32\\ntdll.dll+345c4|C:\\Windows\\System32\\KERNEL32.DLL+17944|C:\\Windows\\SYSTEM32\\ntdll.dll+6ce71","Task":10,"Severity":"INFO","Keywords":-9223372036854775808,"@timestamp":"2019-12-05T04:48:07.424Z","EventTime":"2019-12-04 23:48:06","SeverityValue":2,"ProcessID":3144,"ThreadID":4584,"AccountName":"SYSTEM","TargetImage":"C:\\Windows\\System32\\svchost.exe","SourceModuleType":"im_msvistalog","Hostname":"HR001.shire.com","SourceModuleName":"eventlog","SourceProcessGUID":"{a158f72c-4a94-5de8-0000-001033890000}","TargetProcessId":"3236","@version":"1"}
{"Version":3,"GrantedAccess":"0x1000","EventReceivedTime":"2019-12-04 23:48:07","type":"nxlog-mordor","SourceImage":"C:\\Windows\\system32\\svchost.exe","host":"ip-172-18-39-102.ec2.internal","Channel":"Microsoft-Windows-Sysmon/Operational","RecordNumber":225642,"SourceProcessId":"968","port":49730,"ProviderGuid":"{5770385F-C22A-43E0-BF4C-06F5698FFBD9}","CallTrace":"C:\\Windows\\SYSTEM32\\ntdll.dll+9c524|C:\\Windows\\SYSTEM32\\psmserviceexthost.dll+222a3|C:\\Windows\\SYSTEM32\\psmserviceexthost.dll+1a172|C:\\Windows\\SYSTEM32\\psmserviceexthost.dll+19e3b|C:\\Windows\\SYSTEM32\\psmserviceexthost.dll+19318|C:\\Windows\\SYSTEM32\\ntdll.dll+3082d|C:\\Windows\\SYSTEM32\\ntdll.dll+345c4|C:\\Windows\\System32\\KERNEL32.DLL+17944|C:\\Windows\\SYSTEM32\\ntdll.dll+6ce71","EventID":10,"EventType":"INFO","TargetProcessGUID":"{a158f72c-4a96-5de8-0000-001074ca0100}","UtcTime":"2019-12-05 04:48:07.035","UserID":"S-1-5-18","SourceThreadId":"5432","SourceName":"Microsoft-Windows-Sysmon","Domain":"NT AUTHORITY","AccountType":"User","OpcodeValue":0,"Message":"Process accessed:\r\nRuleName: \r\nUtcTime: 2019-12-05 04:48:07.035\r\nSourceProcessGUID: {a158f72c-4a94-5de8-0000-001033890000}\r\nSourceProcessId: 968\r\nSourceThreadId: 5432\r\nSourceImage: C:\\Windows\\system32\\svchost.exe\r\nTargetProcessGUID: {a158f72c-4a96-5de8-0000-001074ca0100}\r\nTargetProcessId: 2496\r\nTargetImage: C:\\Windows\\system32\\svchost.exe\r\nGrantedAccess: 0x1000\r\nCallTrace: C:\\Windows\\SYSTEM32\\ntdll.dll+9c524|C:\\Windows\\SYSTEM32\\psmserviceexthost.dll+222a3|C:\\Windows\\SYSTEM32\\psmserviceexthost.dll+1a172|C:\\Windows\\SYSTEM32\\psmserviceexthost.dll+19e3b|C:\\Windows\\SYSTEM32\\psmserviceexthost.dll+19318|C:\\Windows\\SYSTEM32\\ntdll.dll+3082d|C:\\Windows\\SYSTEM32\\ntdll.dll+345c4|C:\\Windows\\System32\\KERNEL32.DLL+17944|C:\\Windows\\SYSTEM32\\ntdll.dll+6ce71","Task":10,"Severity":"INFO","Keywords":-9223372036854775808,"@timestamp":"2019-12-05T04:48:07.425Z","EventTime":"2019-12-04 23:48:07","SeverityValue":2,"ProcessID":3144,"ThreadID":4584,"AccountName":"SYSTEM","TargetImage":"C:\\Windows\\system32\\svchost.exe","SourceModuleType":"im_msvistalog","Hostname":"HR001.shire.com","SourceModuleName":"eventlog","SourceProcessGUID":"{a158f72c-4a94-5de8-0000-001033890000}","TargetProcessId":"2496","@version":"1"}
{"Version":3,"GrantedAccess":"0x1400","EventReceivedTime":"2019-12-04 23:48:07","type":"nxlog-mordor","SourceImage":"C:\\Windows\\System32\\svchost.exe","host":"ip-172-18-39-102.ec2.internal","Channel":"Microsoft-Windows-Sysmon/Operational","RecordNumber":219694,"SourceProcessId":"3492","port":49730,"ProviderGuid":"{5770385F-C22A-43E0-BF4C-06F5698FFBD9}","CallTrace":"C:\\Windows\\SYSTEM32\\ntdll.dll+9c524|C:\\Windows\\System32\\KERNELBASE.dll+2730e|c:\\windows\\system32\\rasmans.dll+3751b|c:\\windows\\system32\\rasmans.dll+36fad|c:\\windows\\system32\\rasmans.dll+10ed8|c:\\windows\\system32\\rasmans.dll+33cd5|C:\\Windows\\System32\\svchost.exe+314c|C:\\Windows\\System32\\sechost.dll+2de2|C:\\Windows\\System32\\KERNEL32.DLL+17944|C:\\Windows\\SYSTEM32\\ntdll.dll+6ce71","EventID":10,"EventType":"INFO","TargetProcessGUID":"{a158f72c-4a8a-5de8-0000-0010d4060200}","UtcTime":"2019-12-05 04:48:05.992","UserID":"S-1-5-18","SourceThreadId":"3616","SourceName":"Microsoft-Windows-Sysmon","Domain":"NT AUTHORITY","AccountType":"User","OpcodeValue":0,"Message":"Process accessed:\r\nRuleName: \r\nUtcTime: 2019-12-05 04:48:05.992\r\nSourceProcessGUID: {a158f72c-4a8b-5de8-0000-0010df500200}\r\nSourceProcessId: 3492\r\nSourceThreadId: 3616\r\nSourceImage: C:\\Windows\\System32\\svchost.exe\r\nTargetProcessGUID: {a158f72c-4a8a-5de8-0000-0010d4060200}\r\nTargetProcessId: 2564\r\nTargetImage: C:\\Program Files\\Amazon\\Ec2ConfigService\\Ec2Config.exe\r\nGrantedAccess: 0x1400\r\nCallTrace: C:\\Windows\\SYSTEM32\\ntdll.dll+9c524|C:\\Windows\\System32\\KERNELBASE.dll+2730e|c:\\windows\\system32\\rasmans.dll+3751b|c:\\windows\\system32\\rasmans.dll+36fad|c:\\windows\\system32\\rasmans.dll+10ed8|c:\\windows\\system32\\rasmans.dll+33cd5|C:\\Windows\\System32\\svchost.exe+314c|C:\\Windows\\System32\\sechost.dll+2de2|C:\\Windows\\System32\\KERNEL32.DLL+17944|C:\\Windows\\SYSTEM32\\ntdll.dll+6ce71","Task":10,"Severity":"INFO","Keywords":-9223372036854775808,"@timestamp":"2019-12-05T04:48:07.422Z","EventTime":"2019-12-04 23:48:05","SeverityValue":2,"ProcessID":3140,"ThreadID":4712,"AccountName":"SYSTEM","TargetImage":"C:\\Program Files\\Amazon\\Ec2ConfigService\\Ec2Config.exe","SourceModuleType":"im_msvistalog","Hostname":"IT001.shire.com","SourceModuleName":"eventlog","SourceProcessGUID":"{a158f72c-4a8b-5de8-0000-0010df500200}","TargetProcessId":"2564","@version":"1"}
{"Version":3,"EventReceivedTime":"2019-12-04 23:48:07","Image":"C:\\Windows\\System32\\svchost.exe","Description":"Performance Counters","type":"nxlog-mordor","host":"ip-172-18-39-102.ec2.internal","Channel":"Microsoft-Windows-Sysmon/Operational","RecordNumber":102639,"FileVersion":"10.0.17763.1 (WinBuild.160101.0800)","port":49730,"ProviderGuid":"{5770385F-C22A-43E0-BF4C-06F5698FFBD9}","EventID":7,"EventType":"INFO","UtcTime":"2019-12-05 04:48:05.998","UserID":"S-1-5-18","ProcessGuid":"{d14e8c55-4842-5de8-0000-0010a1ab0600}","SourceName":"Microsoft-Windows-Sysmon","Hashes":"SHA1=F81D76B9C3499F8712FA6398554C10D389103930,MD5=27EAC9BA127C20BEEBF0BE4179ECC380,SHA256=28A8E73239C7556FD420A5A09A05CBD04C38230E0CBEAEF7D6874135261221EE,IMPHASH=E8B7A8ECDACB5ADA645B4DF7BF877CFE","Domain":"NT AUTHORITY","AccountType":"User","OpcodeValue":0,"Message":"Image loaded:\r\nRuleName: \r\nUtcTime: 2019-12-05 04:48:05.998\r\nProcessGuid: {d14e8c55-4842-5de8-0000-0010a1ab0600}\r\nProcessId: 4624\r\nImage: C:\\Windows\\System32\\svchost.exe\r\nImageLoaded: C:\\Windows\\System32\\perfctrs.dll\r\nFileVersion: 10.0.17763.1 (WinBuild.160101.0800)\r\nDescription: Performance Counters\r\nProduct: Microsoft® Windows® Operating System\r\nCompany: Microsoft Corporation\r\nOriginalFileName: PERFCTRS.DLL\r\nHashes: SHA1=F81D76B9C3499F8712FA6398554C10D389103930,MD5=27EAC9BA127C20BEEBF0BE4179ECC380,SHA256=28A8E73239C7556FD420A5A09A05CBD04C38230E0CBEAEF7D6874135261221EE,IMPHASH=E8B7A8ECDACB5ADA645B4DF7BF877CFE\r\nSigned: true\r\nSignature: Microsoft Windows\r\nSignatureStatus: Valid","ImageLoaded":"C:\\Windows\\System32\\perfctrs.dll","Task":7,"Severity":"INFO","Keywords":-9223372036854775808,"Signature":"Microsoft Windows","SignatureStatus":"Valid","@timestamp":"2019-12-05T04:48:07.423Z","EventTime":"2019-12-04 23:48:06","SeverityValue":2,"ProcessID":2644,"ThreadID":3664,"AccountName":"SYSTEM","Product":"Microsoft® Windows® Operating System","Company":"Microsoft Corporation","SourceModuleType":"im_msvistalog","Hostname":"HFDC01.shire.com","Signed":"true","SourceModuleName":"eventlog","OriginalFileName":"PERFCTRS.DLL","@version":"1"}
{"Version":3,"GrantedAccess":"0x1000","EventReceivedTime":"2019-12-04 23:48:07","type":"nxlog-mordor","SourceImage":"C:\\Windows\\system32\\svchost.exe","host":"ip-172-18-39-102.ec2.internal","Channel":"Microsoft-Windows-Sysmon/Operational","RecordNumber":225639,"SourceProcessId":"968","port":49730,"ProviderGuid":"{5770385F-C22A-43E0-BF4C-06F5698FFBD9}","CallTrace":"C:\\Windows\\SYSTEM32\\ntdll.dll+9c524|C:\\Windows\\SYSTEM32\\psmserviceexthost.dll+222a3|C:\\Windows\\SYSTEM32\\psmserviceexthost.dll+1a172|C:\\Windows\\SYSTEM32\\psmserviceexthost.dll+19e3b|C:\\Windows\\SYSTEM32\\psmserviceexthost.dll+19318|C:\\Windows\\SYSTEM32\\ntdll.dll+3082d|C:\\Windows\\SYSTEM32\\ntdll.dll+345c4|C:\\Windows\\System32\\KERNEL32.DLL+17944|C:\\Windows\\SYSTEM32\\ntdll.dll+6ce71","EventID":10,"EventType":"INFO","TargetProcessGUID":"{a158f72c-4a97-5de8-0000-00105c300200}","UtcTime":"2019-12-05 04:48:06.317","UserID":"S-1-5-18","SourceThreadId":"5432","SourceName":"Microsoft-Windows-Sysmon","Domain":"NT AUTHORITY","AccountType":"User","OpcodeValue":0,"Message":"Process accessed:\r\nRuleName: \r\nUtcTime: 2019-12-05 04:48:06.317\r\nSourceProcessGUID: {a158f72c-4a94-5de8-0000-001033890000}\r\nSourceProcessId: 968\r\nSourceThreadId: 5432\r\nSourceImage: C:\\Windows\\system32\\svchost.exe\r\nTargetProcessGUID: {a158f72c-4a97-5de8-0000-00105c300200}\r\nTargetProcessId: 3236\r\nTargetImage: C:\\Windows\\System32\\svchost.exe\r\nGrantedAccess: 0x1000\r\nCallTrace: C:\\Windows\\SYSTEM32\\ntdll.dll+9c524|C:\\Windows\\SYSTEM32\\psmserviceexthost.dll+222a3|C:\\Windows\\SYSTEM32\\psmserviceexthost.dll+1a172|C:\\Windows\\SYSTEM32\\psmserviceexthost.dll+19e3b|C:\\Windows\\SYSTEM32\\psmserviceexthost.dll+19318|C:\\Windows\\SYSTEM32\\ntdll.dll+3082d|C:\\Windows\\SYSTEM32\\ntdll.dll+345c4|C:\\Windows\\System32\\KERNEL32.DLL+17944|C:\\Windows\\SYSTEM32\\ntdll.dll+6ce71","Task":10,"Severity":"INFO","Keywords":-9223372036854775808,"@timestamp":"2019-12-05T04:48:07.424Z","EventTime":"2019-12-04 23:48:06","SeverityValue":2,"ProcessID":3144,"ThreadID":4584,"AccountName":"SYSTEM","TargetImage":"C:\\Windows\\System32\\svchost.exe","SourceModuleType":"im_msvistalog","Hostname":"HR001.shire.com","SourceModuleName":"eventlog","SourceProcessGUID":"{a158f72c-4a94-5de8-0000-001033890000}","TargetProcessId":"3236","@version":"1"}
{"Version":3,"GrantedAccess":"0x1000","EventReceivedTime":"2019-12-04 23:48:07","type":"nxlog-mordor","SourceImage":"C:\\Windows\\system32\\svchost.exe","host":"ip-172-18-39-102.ec2.internal","Channel":"Microsoft-Windows-Sysmon/Operational","RecordNumber":225643,"SourceProcessId":"968","port":49730,"ProviderGuid":"{5770385F-C22A-43E0-BF4C-06F5698FFBD9}","CallTrace":"C:\\Windows\\SYSTEM32\\ntdll.dll+9c524|C:\\Windows\\SYSTEM32\\psmserviceexthost.dll+222a3|C:\\Windows\\SYSTEM32\\psmserviceexthost.dll+1a172|C:\\Windows\\SYSTEM32\\psmserviceexthost.dll+19e3b|C:\\Windows\\SYSTEM32\\psmserviceexthost.dll+19318|C:\\Windows\\SYSTEM32\\ntdll.dll+3082d|C:\\Windows\\SYSTEM32\\ntdll.dll+345c4|C:\\Windows\\System32\\KERNEL32.DLL+17944|C:\\Windows\\SYSTEM32\\ntdll.dll+6ce71","EventID":10,"EventType":"INFO","TargetProcessGUID":"{a158f72c-4a96-5de8-0000-001074ca0100}","UtcTime":"2019-12-05 04:48:07.035","UserID":"S-1-5-18","SourceThreadId":"5432","SourceName":"Microsoft-Windows-Sysmon","Domain":"NT AUTHORITY","AccountType":"User","OpcodeValue":0,"Message":"Process accessed:\r\nRuleName: \r\nUtcTime: 2019-12-05 04:48:07.035\r\nSourceProcessGUID: {a158f72c-4a94-5de8-0000-001033890000}\r\nSourceProcessId: 968\r\nSourceThreadId: 5432\r\nSourceImage: C:\\Windows\\system32\\svchost.exe\r\nTargetProcessGUID: {a158f72c-4a96-5de8-0000-001074ca0100}\r\nTargetProcessId: 2496\r\nTargetImage: C:\\Windows\\system32\\svchost.exe\r\nGrantedAccess: 0x1000\r\nCallTrace: C:\\Windows\\SYSTEM32\\ntdll.dll+9c524|C:\\Windows\\SYSTEM32\\psmserviceexthost.dll+222a3|C:\\Windows\\SYSTEM32\\psmserviceexthost.dll+1a172|C:\\Windows\\SYSTEM32\\psmserviceexthost.dll+19e3b|C:\\Windows\\SYSTEM32\\psmserviceexthost.dll+19318|C:\\Windows\\SYSTEM32\\ntdll.dll+3082d|C:\\Windows\\SYSTEM32\\ntdll.dll+345c4|C:\\Windows\\System32\\KERNEL32.DLL+17944|C:\\Windows\\SYSTEM32\\ntdll.dll+6ce71","Task":10,"Severity":"INFO","Keywords":-9223372036854775808,"@timestamp":"2019-12-05T04:48:07.425Z","EventTime":"2019-12-04 23:48:07","SeverityValue":2,"ProcessID":3144,"ThreadID":4584,"AccountName":"SYSTEM","TargetImage":"C:\\Windows\\system32\\svchost.exe","SourceModuleType":"im_msvistalog","Hostname":"HR001.shire.com","SourceModuleName":"eventlog","SourceProcessGUID":"{a158f72c-4a94-5de8-0000-001033890000}","TargetProcessId":"2496","@version":"1"}
{"Version":3,"EventReceivedTime":"2019-12-04 23:48:09","Image":"C:\\Windows\\System32\\svchost.exe","Description":"Performance Counters","type":"nxlog-mordor","host":"ip-172-18-39-102.ec2.internal","Channel":"Microsoft-Windows-Sysmon/Operational","RecordNumber":95763,"FileVersion":"10.0.17763.1 (WinBuild.160101.0800)","port":49730,"ProviderGuid":"{5770385F-C22A-43E0-BF4C-06F5698FFBD9}","EventID":7,"EventType":"INFO","UtcTime":"2019-12-05 04:48:07.104","UserID":"S-1-5-18","ProcessGuid":"{c0a356cd-5472-5de8-0000-0010fb7e0d00}","SourceName":"Microsoft-Windows-Sysmon","Hashes":"SHA1=F81D76B9C3499F8712FA6398554C10D389103930,MD5=27EAC9BA127C20BEEBF0BE4179ECC380,SHA256=28A8E73239C7556FD420A5A09A05CBD04C38230E0CBEAEF7D6874135261221EE,IMPHASH=E8B7A8ECDACB5ADA645B4DF7BF877CFE","Domain":"NT AUTHORITY","AccountType":"User","OpcodeValue":0,"Message":"Image loaded:\r\nRuleName: \r\nUtcTime: 2019-12-05 04:48:07.104\r\nProcessGuid: {c0a356cd-5472-5de8-0000-0010fb7e0d00}\r\nProcessId: 724\r\nImage: C:\\Windows\\System32\\svchost.exe\r\nImageLoaded: C:\\Windows\\System32\\perfctrs.dll\r\nFileVersion: 10.0.17763.1 (WinBuild.160101.0800)\r\nDescription: Performance Counters\r\nProduct: Microsoft® Windows® Operating System\r\nCompany: Microsoft Corporation\r\nOriginalFileName: PERFCTRS.DLL\r\nHashes: SHA1=F81D76B9C3499F8712FA6398554C10D389103930,MD5=27EAC9BA127C20BEEBF0BE4179ECC380,SHA256=28A8E73239C7556FD420A5A09A05CBD04C38230E0CBEAEF7D6874135261221EE,IMPHASH=E8B7A8ECDACB5ADA645B4DF7BF877CFE\r\nSigned: true\r\nSignature: Microsoft Windows\r\nSignatureStatus: Valid","ImageLoaded":"C:\\Windows\\System32\\perfctrs.dll","Task":7,"Severity":"INFO","Keywords":-9223372036854775808,"Signature":"Microsoft Windows","SignatureStatus":"Valid","@timestamp":"2019-12-05T04:48:09.438Z","EventTime":"2019-12-04 23:48:07","SeverityValue":2,"ProcessID":2848,"ThreadID":3332,"AccountName":"SYSTEM","Product":"Microsoft® Windows® Operating System","Company":"Microsoft Corporation","SourceModuleType":"im_msvistalog","Hostname":"FILE001.shire.com","Signed":"true","SourceModuleName":"eventlog","OriginalFileName":"PERFCTRS.DLL","@version":"1"}
{"Version":3,"GrantedAccess":"0x1000","EventReceivedTime":"2019-12-04 23:48:09","type":"nxlog-mordor","SourceImage":"C:\\Windows\\system32\\svchost.exe","host":"ip-172-18-39-102.ec2.internal","Channel":"Microsoft-Windows-Sysmon/Operational","RecordNumber":225645,"SourceProcessId":"968","port":49730,"ProviderGuid":"{5770385F-C22A-43E0-BF4C-06F5698FFBD9}","CallTrace":"C:\\Windows\\SYSTEM32\\ntdll.dll+9c524|C:\\Windows\\SYSTEM32\\psmserviceexthost.dll+222a3|C:\\Windows\\SYSTEM32\\psmserviceexthost.dll+1a172|C:\\Windows\\SYSTEM32\\psmserviceexthost.dll+19e3b|C:\\Windows\\SYSTEM32\\psmserviceexthost.dll+19318|C:\\Windows\\SYSTEM32\\ntdll.dll+3082d|C:\\Windows\\SYSTEM32\\ntdll.dll+345c4|C:\\Windows\\System32\\KERNEL32.DLL+17944|C:\\Windows\\SYSTEM32\\ntdll.dll+6ce71","EventID":10,"EventType":"INFO","TargetProcessGUID":"{a158f72c-4a97-5de8-0000-00105c300200}","UtcTime":"2019-12-05 04:48:07.317","UserID":"S-1-5-18","SourceThreadId":"5432","SourceName":"Microsoft-Windows-Sysmon","Domain":"NT AUTHORITY","AccountType":"User","OpcodeValue":0,"Message":"Process accessed:\r\nRuleName: \r\nUtcTime: 2019-12-05 04:48:07.317\r\nSourceProcessGUID: {a158f72c-4a94-5de8-0000-001033890000}\r\nSourceProcessId: 968\r\nSourceThreadId: 5432\r\nSourceImage: C:\\Windows\\system32\\svchost.exe\r\nTargetProcessGUID: {a158f72c-4a97-5de8-0000-00105c300200}\r\nTargetProcessId: 3236\r\nTargetImage: C:\\Windows\\System32\\svchost.exe\r\nGrantedAccess: 0x1000\r\nCallTrace: C:\\Windows\\SYSTEM32\\ntdll.dll+9c524|C:\\Windows\\SYSTEM32\\psmserviceexthost.dll+222a3|C:\\Windows\\SYSTEM32\\psmserviceexthost.dll+1a172|C:\\Windows\\SYSTEM32\\psmserviceexthost.dll+19e3b|C:\\Windows\\SYSTEM32\\psmserviceexthost.dll+19318|C:\\Windows\\SYSTEM32\\ntdll.dll+3082d|C:\\Windows\\SYSTEM32\\ntdll.dll+345c4|C:\\Windows\\System32\\KERNEL32.DLL+17944|C:\\Windows\\SYSTEM32\\ntdll.dll+6ce71","Task":10,"Severity":"INFO","Keywords":-9223372036854775808,"@timestamp":"2019-12-05T04:48:09.438Z","EventTime":"2019-12-04 23:48:07","SeverityValue":2,"ProcessID":3144,"ThreadID":4584,"AccountName":"SYSTEM","TargetImage":"C:\\Windows\\System32\\svchost.exe","SourceModuleType":"im_msvistalog","Hostname":"HR001.shire.com","SourceModuleName":"eventlog","SourceProcessGUID":"{a158f72c-4a94-5de8-0000-001033890000}","TargetProcessId":"3236","@version":"1"}
