{"tags":["mordorDataset"],"TargetProcessGUID":"{49a15388-5c38-5f2b-0c00-000000000400}","@version":"1","EventType":"INFO","Version":3,"ThreadID":4496,"EventTime":"2020-08-06 03:21:16","Task":10,"AccountType":"User","SourceProcessGUID":"{49a15388-5c39-5f2b-1200-000000000400}","CallTrace":"C:\\windows\\SYSTEM32\\ntdll.dll+9c534|C:\\windows\\System32\\KERNELBASE.dll+6a7f5|c:\\windows\\system32\\lsm.dll+ff97|C:\\windows\\System32\\RPCRT4.dll+76953|C:\\windows\\System32\\RPCRT4.dll+da036|C:\\windows\\System32\\RPCRT4.dll+37a4c|C:\\windows\\System32\\RPCRT4.dll+548c8|C:\\windows\\System32\\RPCRT4.dll+2c921|C:\\windows\\System32\\RPCRT4.dll+2c1db|C:\\windows\\System32\\RPCRT4.dll+1a86f|C:\\windows\\System32\\RPCRT4.dll+19d1a|C:\\windows\\System32\\RPCRT4.dll+19301|C:\\windows\\System32\\RPCRT4.dll+18d6e|C:\\windows\\System32\\RPCRT4.dll+169a5|C:\\windows\\SYSTEM32\\ntdll.dll+333ed|C:\\windows\\SYSTEM32\\ntdll.dll+34142|C:\\windows\\System32\\KERNEL32.DLL+17bd4|C:\\windows\\SYSTEM32\\ntdll.dll+6ce51","Channel":"Microsoft-Windows-Sysmon/Operational","SourceName":"Microsoft-Windows-Sysmon","OpcodeValue":0,"Hostname":"WORKSTATION6.theshire.local","@timestamp":"2020-08-06T07:21:17.271Z","Message":"Process accessed:\r\nRuleName: -\r\nUtcTime: 2020-08-06 07:21:16.387\r\nSourceProcessGUID: {49a15388-5c39-5f2b-1200-000000000400}\r\nSourceProcessId: 380\r\nSourceThreadId: 5528\r\nSourceImage: C:\\windows\\system32\\svchost.exe\r\nTargetProcessGUID: {49a15388-5c38-5f2b-0c00-000000000400}\r\nTargetProcessId: 740\r\nTargetImage: C:\\windows\\system32\\lsass.exe\r\nGrantedAccess: 0x1000\r\nCallTrace: C:\\windows\\SYSTEM32\\ntdll.dll+9c534|C:\\windows\\System32\\KERNELBASE.dll+6a7f5|c:\\windows\\system32\\lsm.dll+ff97|C:\\windows\\System32\\RPCRT4.dll+76953|C:\\windows\\System32\\RPCRT4.dll+da036|C:\\windows\\System32\\RPCRT4.dll+37a4c|C:\\windows\\System32\\RPCRT4.dll+548c8|C:\\windows\\System32\\RPCRT4.dll+2c921|C:\\windows\\System32\\RPCRT4.dll+2c1db|C:\\windows\\System32\\RPCRT4.dll+1a86f|C:\\windows\\System32\\RPCRT4.dll+19d1a|C:\\windows\\System32\\RPCRT4.dll+19301|C:\\windows\\System32\\RPCRT4.dll+18d6e|C:\\windows\\System32\\RPCRT4.dll+169a5|C:\\windows\\SYSTEM32\\ntdll.dll+333ed|C:\\windows\\SYSTEM32\\ntdll.dll+34142|C:\\windows\\System32\\KERNEL32.DLL+17bd4|C:\\windows\\SYSTEM32\\ntdll.dll+6ce51","SourceModuleName":"eventlog","ProcessId":"380","SourceImage":"C:\\windows\\system32\\svchost.exe","EventReceivedTime":"2020-08-06 03:21:17","port":60122,"AccountName":"SYSTEM","UtcTime":"2020-08-06 07:21:16.387","GrantedAccess":"0x1000","Domain":"NT AUTHORITY","ExecutionProcessID":3432,"host":"wec.internal.cloudapp.net","SourceProcessId":"380","SourceThreadId":"5528","Severity":"INFO","TargetProcessId":"740","SeverityValue":2,"EventID":10,"UserID":"S-1-5-18","ProviderGuid":"{5770385F-C22A-43E0-BF4C-06F5698FFBD9}","RecordNumber":322362,"SourceModuleType":"im_msvistalog","Keywords":-9223372036854775808,"TargetImage":"C:\\windows\\system32\\lsass.exe","RuleName":"-"}
{"tags":["mordorDataset"],"TargetProcessGUID":"{49a15388-5c38-5f2b-0c00-000000000400}","@version":"1","EventType":"INFO","Version":3,"ThreadID":4496,"EventTime":"2020-08-06 03:21:16","Task":10,"AccountType":"User","SourceProcessGUID":"{49a15388-5c39-5f2b-1200-000000000400}","CallTrace":"C:\\windows\\SYSTEM32\\ntdll.dll+9c534|C:\\windows\\System32\\KERNELBASE.dll+6a7f5|c:\\windows\\system32\\lsm.dll+10daa|c:\\windows\\system32\\lsm.dll+1008d|C:\\windows\\System32\\RPCRT4.dll+76953|C:\\windows\\System32\\RPCRT4.dll+da036|C:\\windows\\System32\\RPCRT4.dll+37a4c|C:\\windows\\System32\\RPCRT4.dll+548c8|C:\\windows\\System32\\RPCRT4.dll+2c921|C:\\windows\\System32\\RPCRT4.dll+2c1db|C:\\windows\\System32\\RPCRT4.dll+1a86f|C:\\windows\\System32\\RPCRT4.dll+19d1a|C:\\windows\\System32\\RPCRT4.dll+19301|C:\\windows\\System32\\RPCRT4.dll+18d6e|C:\\windows\\System32\\RPCRT4.dll+169a5|C:\\windows\\SYSTEM32\\ntdll.dll+333ed|C:\\windows\\SYSTEM32\\ntdll.dll+34142|C:\\windows\\System32\\KERNEL32.DLL+17bd4|C:\\windows\\SYSTEM32\\ntdll.dll+6ce51","Channel":"Microsoft-Windows-Sysmon/Operational","SourceName":"Microsoft-Windows-Sysmon","OpcodeValue":0,"Hostname":"WORKSTATION6.theshire.local","@timestamp":"2020-08-06T07:21:17.272Z","Message":"Process accessed:\r\nRuleName: -\r\nUtcTime: 2020-08-06 07:21:16.387\r\nSourceProcessGUID: {49a15388-5c39-5f2b-1200-000000000400}\r\nSourceProcessId: 380\r\nSourceThreadId: 5528\r\nSourceImage: C:\\windows\\system32\\svchost.exe\r\nTargetProcessGUID: {49a15388-5c38-5f2b-0c00-000000000400}\r\nTargetProcessId: 740\r\nTargetImage: C:\\windows\\system32\\lsass.exe\r\nGrantedAccess: 0x1000\r\nCallTrace: C:\\windows\\SYSTEM32\\ntdll.dll+9c534|C:\\windows\\System32\\KERNELBASE.dll+6a7f5|c:\\windows\\system32\\lsm.dll+10daa|c:\\windows\\system32\\lsm.dll+1008d|C:\\windows\\System32\\RPCRT4.dll+76953|C:\\windows\\System32\\RPCRT4.dll+da036|C:\\windows\\System32\\RPCRT4.dll+37a4c|C:\\windows\\System32\\RPCRT4.dll+548c8|C:\\windows\\System32\\RPCRT4.dll+2c921|C:\\windows\\System32\\RPCRT4.dll+2c1db|C:\\windows\\System32\\RPCRT4.dll+1a86f|C:\\windows\\System32\\RPCRT4.dll+19d1a|C:\\windows\\System32\\RPCRT4.dll+19301|C:\\windows\\System32\\RPCRT4.dll+18d6e|C:\\windows\\System32\\RPCRT4.dll+169a5|C:\\windows\\SYSTEM32\\ntdll.dll+333ed|C:\\windows\\SYSTEM32\\ntdll.dll+34142|C:\\windows\\System32\\KERNEL32.DLL+17bd4|C:\\windows\\SYSTEM32\\ntdll.dll+6ce51","SourceModuleName":"eventlog","ProcessId":"380","SourceImage":"C:\\windows\\system32\\svchost.exe","EventReceivedTime":"2020-08-06 03:21:17","port":60122,"AccountName":"SYSTEM","UtcTime":"2020-08-06 07:21:16.387","GrantedAccess":"0x1000","Domain":"NT AUTHORITY","ExecutionProcessID":3432,"host":"wec.internal.cloudapp.net","SourceProcessId":"380","SourceThreadId":"5528","Severity":"INFO","TargetProcessId":"740","SeverityValue":2,"EventID":10,"UserID":"S-1-5-18","ProviderGuid":"{5770385F-C22A-43E0-BF4C-06F5698FFBD9}","RecordNumber":322363,"SourceModuleType":"im_msvistalog","Keywords":-9223372036854775808,"TargetImage":"C:\\windows\\system32\\lsass.exe","RuleName":"-"}
{"tags":["mordorDataset"],"TargetProcessGUID":"{49a15388-5c38-5f2b-0b00-000000000400}","@version":"1","EventType":"INFO","Version":3,"ThreadID":4496,"EventTime":"2020-08-06 03:21:16","Task":10,"AccountType":"User","SourceProcessGUID":"{49a15388-5c38-5f2b-0c00-000000000400}","CallTrace":"C:\\windows\\SYSTEM32\\ntdll.dll+9c534|C:\\windows\\system32\\lsasrv.dll+31ff3|C:\\windows\\system32\\lsasrv.dll+2fb89|C:\\windows\\system32\\lsasrv.dll+2e5cf|C:\\windows\\system32\\lsasrv.dll+2aaa9|C:\\windows\\system32\\lsasrv.dll+2a418|C:\\windows\\system32\\lsasrv.dll+149ab|C:\\windows\\SYSTEM32\\SspiSrv.dll+177c|C:\\windows\\System32\\RPCRT4.dll+76953|C:\\windows\\System32\\RPCRT4.dll+da036|C:\\windows\\System32\\RPCRT4.dll+37a4c|C:\\windows\\System32\\RPCRT4.dll+548c8|C:\\windows\\System32\\RPCRT4.dll+2c921|C:\\windows\\System32\\RPCRT4.dll+2c1db|C:\\windows\\System32\\RPCRT4.dll+1a86f|C:\\windows\\System32\\RPCRT4.dll+19d1a|C:\\windows\\System32\\RPCRT4.dll+19301|C:\\windows\\System32\\RPCRT4.dll+18d6e|C:\\windows\\System32\\RPCRT4.dll+169a5|C:\\windows\\SYSTEM32\\ntdll.dll+333ed|C:\\windows\\SYSTEM32\\ntdll.dll+34142|C:\\windows\\System32\\KERNEL32.DLL+17bd4|C:\\windows\\SYSTEM32\\ntdll.dll+6ce51","Channel":"Microsoft-Windows-Sysmon/Operational","SourceName":"Microsoft-Windows-Sysmon","OpcodeValue":0,"Hostname":"WORKSTATION6.theshire.local","@timestamp":"2020-08-06T07:21:17.272Z","Message":"Process accessed:\r\nRuleName: -\r\nUtcTime: 2020-08-06 07:21:16.387\r\nSourceProcessGUID: {49a15388-5c38-5f2b-0c00-000000000400}\r\nSourceProcessId: 740\r\nSourceThreadId: 796\r\nSourceImage: C:\\windows\\system32\\lsass.exe\r\nTargetProcessGUID: {49a15388-5c38-5f2b-0b00-000000000400}\r\nTargetProcessId: 732\r\nTargetImage: C:\\windows\\system32\\services.exe\r\nGrantedAccess: 0x1000\r\nCallTrace: C:\\windows\\SYSTEM32\\ntdll.dll+9c534|C:\\windows\\system32\\lsasrv.dll+31ff3|C:\\windows\\system32\\lsasrv.dll+2fb89|C:\\windows\\system32\\lsasrv.dll+2e5cf|C:\\windows\\system32\\lsasrv.dll+2aaa9|C:\\windows\\system32\\lsasrv.dll+2a418|C:\\windows\\system32\\lsasrv.dll+149ab|C:\\windows\\SYSTEM32\\SspiSrv.dll+177c|C:\\windows\\System32\\RPCRT4.dll+76953|C:\\windows\\System32\\RPCRT4.dll+da036|C:\\windows\\System32\\RPCRT4.dll+37a4c|C:\\windows\\System32\\RPCRT4.dll+548c8|C:\\windows\\System32\\RPCRT4.dll+2c921|C:\\windows\\System32\\RPCRT4.dll+2c1db|C:\\windows\\System32\\RPCRT4.dll+1a86f|C:\\windows\\System32\\RPCRT4.dll+19d1a|C:\\windows\\System32\\RPCRT4.dll+19301|C:\\windows\\System32\\RPCRT4.dll+18d6e|C:\\windows\\System32\\RPCRT4.dll+169a5|C:\\windows\\SYSTEM32\\ntdll.dll+333ed|C:\\windows\\SYSTEM32\\ntdll.dll+34142|C:\\windows\\System32\\KERNEL32.DLL+17bd4|C:\\windows\\SYSTEM32\\ntdll.dll+6ce51","SourceModuleName":"eventlog","ProcessId":"740","SourceImage":"C:\\windows\\system32\\lsass.exe","EventReceivedTime":"2020-08-06 03:21:17","port":60122,"AccountName":"SYSTEM","UtcTime":"2020-08-06 07:21:16.387","GrantedAccess":"0x1000","Domain":"NT AUTHORITY","ExecutionProcessID":3432,"host":"wec.internal.cloudapp.net","SourceProcessId":"740","SourceThreadId":"796","Severity":"INFO","TargetProcessId":"732","SeverityValue":2,"EventID":10,"UserID":"S-1-5-18","ProviderGuid":"{5770385F-C22A-43E0-BF4C-06F5698FFBD9}","RecordNumber":322364,"SourceModuleType":"im_msvistalog","Keywords":-9223372036854775808,"TargetImage":"C:\\windows\\system32\\services.exe","RuleName":"-"}
{"@version":"1","EventType":"INFO","AccountType":"User","ThreadID":4496,"Channel":"Microsoft-Windows-Sysmon/Operational","OpcodeValue":0,"OriginalFileName":"TrustedInstaller.exe","Hostname":"WORKSTATION6.theshire.local","@timestamp":"2020-08-06T07:21:17.273Z","ParentCommandLine":"C:\\windows\\system32\\services.exe","ProcessId":"1824","ParentProcessId":"732","host":"wec.internal.cloudapp.net","Severity":"INFO","SeverityValue":2,"Image":"C:\\Windows\\servicing\\TrustedInstaller.exe","LogonGuid":"{49a15388-5c38-5f2b-e703-000000000000}","SourceModuleType":"im_msvistalog","FileVersion":"10.0.18362.719 (WinBuild.160101.0800)","Version":5,"Company":"Microsoft Corporation","EventTime":"2020-08-06 03:21:16","Task":1,"SourceName":"Microsoft-Windows-Sysmon","CurrentDirectory":"C:\\windows\\system32\\","Message":"Process Create:\r\nRuleName: -\r\nUtcTime: 2020-08-06 07:21:16.394\r\nProcessGuid: {49a15388-af6c-5f2b-5e04-000000000400}\r\nProcessId: 1824\r\nImage: C:\\Windows\\servicing\\TrustedInstaller.exe\r\nFileVersion: 10.0.18362.719 (WinBuild.160101.0800)\r\nDescription: Windows Modules Installer\r\nProduct: Microsoft® Windows® Operating System\r\nCompany: Microsoft Corporation\r\nOriginalFileName: TrustedInstaller.exe\r\nCommandLine: C:\\windows\\servicing\\TrustedInstaller.exe\r\nCurrentDirectory: C:\\windows\\system32\\\r\nUser: NT AUTHORITY\\SYSTEM\r\nLogonGuid: {49a15388-5c38-5f2b-e703-000000000000}\r\nLogonId: 0x3E7\r\nTerminalSessionId: 0\r\nIntegrityLevel: System\r\nHashes: SHA1=A2CE3553B92BB73179191F55B8D7DAD96516B751,MD5=966317326671E66535AE59AA917C2B42,SHA256=336701CCB71B703003DD5EB01C69B7CF37AAE33AD19FFE7F9483A5C12D18F41A,IMPHASH=88851E233BD15333933A93A6EDD4788A\r\nParentProcessGuid: {49a15388-5c38-5f2b-0b00-000000000400}\r\nParentProcessId: 732\r\nParentImage: C:\\Windows\\System32\\services.exe\r\nParentCommandLine: C:\\windows\\system32\\services.exe","IntegrityLevel":"System","CommandLine":"C:\\windows\\servicing\\TrustedInstaller.exe","ParentImage":"C:\\Windows\\System32\\services.exe","SourceModuleName":"eventlog","LogonId":"0x3e7","port":60122,"AccountName":"SYSTEM","EventReceivedTime":"2020-08-06 03:21:17","UtcTime":"2020-08-06 07:21:16.394","Domain":"NT AUTHORITY","ExecutionProcessID":3432,"User":"NT AUTHORITY\\SYSTEM","Hashes":"SHA1=A2CE3553B92BB73179191F55B8D7DAD96516B751,MD5=966317326671E66535AE59AA917C2B42,SHA256=336701CCB71B703003DD5EB01C69B7CF37AAE33AD19FFE7F9483A5C12D18F41A,IMPHASH=88851E233BD15333933A93A6EDD4788A","Description":"Windows Modules Installer","TerminalSessionId":"0","ParentProcessGuid":"{49a15388-5c38-5f2b-0b00-000000000400}","UserID":"S-1-5-18","EventID":1,"Product":"Microsoft® Windows® Operating System","ProviderGuid":"{5770385F-C22A-43E0-BF4C-06F5698FFBD9}","RecordNumber":322365,"Keywords":-9223372036854775808,"ProcessGuid":"{49a15388-af6c-5f2b-5e04-000000000400}","tags":["mordorDataset"],"RuleName":"-"}
{"tags":["mordorDataset"],"TargetProcessGUID":"{49a15388-af6c-5f2b-5e04-000000000400}","@version":"1","EventType":"INFO","Version":3,"ThreadID":4496,"EventTime":"2020-08-06 03:21:16","Task":10,"AccountType":"User","SourceProcessGUID":"{49a15388-5c38-5f2b-0b00-000000000400}","CallTrace":"C:\\windows\\SYSTEM32\\ntdll.dll+9d8e4|C:\\windows\\System32\\KERNELBASE.dll+5f36a|C:\\windows\\System32\\KERNELBASE.dll+5b413|C:\\windows\\System32\\KERNEL32.DLL+1c9af|C:\\windows\\system32\\services.exe+b5f6|C:\\windows\\system32\\services.exe+e40b|C:\\windows\\system32\\services.exe+c665|C:\\windows\\system32\\services.exe+c2d4|C:\\windows\\system32\\services.exe+f1c0|C:\\windows\\system32\\services.exe+e092|C:\\windows\\system32\\services.exe+dbab|C:\\windows\\System32\\RPCRT4.dll+76953|C:\\windows\\System32\\RPCRT4.dll+1364b|C:\\windows\\System32\\RPCRT4.dll+1451a|C:\\windows\\System32\\RPCRT4.dll+548c8|C:\\windows\\System32\\RPCRT4.dll+2c921|C:\\windows\\System32\\RPCRT4.dll+2c1db|C:\\windows\\System32\\RPCRT4.dll+1a86f|C:\\windows\\System32\\RPCRT4.dll+19d1a|C:\\windows\\System32\\RPCRT4.dll+19301|C:\\windows\\System32\\RPCRT4.dll+18d6e|C:\\windows\\System32\\RPCRT4.dll+169a5|C:\\windows\\SYSTEM32\\ntdll.dll+333ed|C:\\windows\\SYSTEM32\\ntdll.dll+34142","Channel":"Microsoft-Windows-Sysmon/Operational","SourceName":"Microsoft-Windows-Sysmon","OpcodeValue":0,"Hostname":"WORKSTATION6.theshire.local","@timestamp":"2020-08-06T07:21:17.273Z","Message":"Process accessed:\r\nRuleName: -\r\nUtcTime: 2020-08-06 07:21:16.387\r\nSourceProcessGUID: {49a15388-5c38-5f2b-0b00-000000000400}\r\nSourceProcessId: 732\r\nSourceThreadId: 3812\r\nSourceImage: C:\\windows\\system32\\services.exe\r\nTargetProcessGUID: {49a15388-af6c-5f2b-5e04-000000000400}\r\nTargetProcessId: 1824\r\nTargetImage: C:\\windows\\servicing\\TrustedInstaller.exe\r\nGrantedAccess: 0x1FFFFF\r\nCallTrace: C:\\windows\\SYSTEM32\\ntdll.dll+9d8e4|C:\\windows\\System32\\KERNELBASE.dll+5f36a|C:\\windows\\System32\\KERNELBASE.dll+5b413|C:\\windows\\System32\\KERNEL32.DLL+1c9af|C:\\windows\\system32\\services.exe+b5f6|C:\\windows\\system32\\services.exe+e40b|C:\\windows\\system32\\services.exe+c665|C:\\windows\\system32\\services.exe+c2d4|C:\\windows\\system32\\services.exe+f1c0|C:\\windows\\system32\\services.exe+e092|C:\\windows\\system32\\services.exe+dbab|C:\\windows\\System32\\RPCRT4.dll+76953|C:\\windows\\System32\\RPCRT4.dll+1364b|C:\\windows\\System32\\RPCRT4.dll+1451a|C:\\windows\\System32\\RPCRT4.dll+548c8|C:\\windows\\System32\\RPCRT4.dll+2c921|C:\\windows\\System32\\RPCRT4.dll+2c1db|C:\\windows\\System32\\RPCRT4.dll+1a86f|C:\\windows\\System32\\RPCRT4.dll+19d1a|C:\\windows\\System32\\RPCRT4.dll+19301|C:\\windows\\System32\\RPCRT4.dll+18d6e|C:\\windows\\System32\\RPCRT4.dll+169a5|C:\\windows\\SYSTEM32\\ntdll.dll+333ed|C:\\windows\\SYSTEM32\\ntdll.dll+34142","SourceModuleName":"eventlog","ProcessId":"732","SourceImage":"C:\\windows\\system32\\services.exe","EventReceivedTime":"2020-08-06 03:21:17","port":60122,"AccountName":"SYSTEM","UtcTime":"2020-08-06 07:21:16.387","GrantedAccess":"0x1fffff","Domain":"NT AUTHORITY","ExecutionProcessID":3432,"host":"wec.internal.cloudapp.net","SourceProcessId":"732","SourceThreadId":"3812","Severity":"INFO","TargetProcessId":"1824","SeverityValue":2,"EventID":10,"UserID":"S-1-5-18","ProviderGuid":"{5770385F-C22A-43E0-BF4C-06F5698FFBD9}","RecordNumber":322366,"SourceModuleType":"im_msvistalog","Keywords":-9223372036854775808,"TargetImage":"C:\\windows\\servicing\\TrustedInstaller.exe","RuleName":"-"}
{"tags":["mordorDataset"],"TargetProcessGUID":"{49a15388-af6c-5f2b-5e04-000000000400}","@version":"1","EventType":"INFO","Version":3,"ThreadID":4496,"EventTime":"2020-08-06 03:21:16","Task":10,"AccountType":"User","SourceProcessGUID":"{49a15388-5c38-5f2b-0600-000000000400}","CallTrace":"C:\\windows\\SYSTEM32\\ntdll.dll+9c534|C:\\windows\\system32\\basesrv.DLL+2fba|C:\\windows\\SYSTEM32\\CSRSRV.dll+5af4|C:\\windows\\SYSTEM32\\ntdll.dll+6ce5f","Channel":"Microsoft-Windows-Sysmon/Operational","SourceName":"Microsoft-Windows-Sysmon","OpcodeValue":0,"Hostname":"WORKSTATION6.theshire.local","@timestamp":"2020-08-06T07:21:17.273Z","Message":"Process accessed:\r\nRuleName: -\r\nUtcTime: 2020-08-06 07:21:16.387\r\nSourceProcessGUID: {49a15388-5c38-5f2b-0600-000000000400}\r\nSourceProcessId: 524\r\nSourceThreadId: 540\r\nSourceImage: C:\\windows\\system32\\csrss.exe\r\nTargetProcessGUID: {49a15388-af6c-5f2b-5e04-000000000400}\r\nTargetProcessId: 1824\r\nTargetImage: C:\\windows\\servicing\\TrustedInstaller.exe\r\nGrantedAccess: 0x1FFFFF\r\nCallTrace: C:\\windows\\SYSTEM32\\ntdll.dll+9c534|C:\\windows\\system32\\basesrv.DLL+2fba|C:\\windows\\SYSTEM32\\CSRSRV.dll+5af4|C:\\windows\\SYSTEM32\\ntdll.dll+6ce5f","SourceModuleName":"eventlog","ProcessId":"524","SourceImage":"C:\\windows\\system32\\csrss.exe","EventReceivedTime":"2020-08-06 03:21:17","port":60122,"AccountName":"SYSTEM","UtcTime":"2020-08-06 07:21:16.387","GrantedAccess":"0x1fffff","Domain":"NT AUTHORITY","ExecutionProcessID":3432,"host":"wec.internal.cloudapp.net","SourceProcessId":"524","SourceThreadId":"540","Severity":"INFO","TargetProcessId":"1824","SeverityValue":2,"EventID":10,"UserID":"S-1-5-18","ProviderGuid":"{5770385F-C22A-43E0-BF4C-06F5698FFBD9}","RecordNumber":322367,"SourceModuleType":"im_msvistalog","Keywords":-9223372036854775808,"TargetImage":"C:\\windows\\servicing\\TrustedInstaller.exe","RuleName":"-"}
{"@version":"1","EventType":"INFO","AccountType":"User","ThreadID":4496,"Channel":"Microsoft-Windows-Sysmon/Operational","OpcodeValue":0,"OriginalFileName":"TrustedInstaller.exe","Hostname":"WORKSTATION6.theshire.local","@timestamp":"2020-08-06T07:21:17.274Z","ProcessId":"1824","Signed":"true","host":"wec.internal.cloudapp.net","SignatureStatus":"Valid","Severity":"INFO","SeverityValue":2,"Image":"C:\\Windows\\servicing\\TrustedInstaller.exe","SourceModuleType":"im_msvistalog","FileVersion":"10.0.18362.719 (WinBuild.160101.0800)","Version":3,"Company":"Microsoft Corporation","EventTime":"2020-08-06 03:21:16","Task":7,"Signature":"Microsoft Windows","SourceName":"Microsoft-Windows-Sysmon","Message":"Image loaded:\r\nRuleName: -\r\nUtcTime: 2020-08-06 07:21:16.387\r\nProcessGuid: {49a15388-af6c-5f2b-5e04-000000000400}\r\nProcessId: 1824\r\nImage: C:\\Windows\\servicing\\TrustedInstaller.exe\r\nImageLoaded: C:\\Windows\\servicing\\TrustedInstaller.exe\r\nFileVersion: 10.0.18362.719 (WinBuild.160101.0800)\r\nDescription: Windows Modules Installer\r\nProduct: Microsoft® Windows® Operating System\r\nCompany: Microsoft Corporation\r\nOriginalFileName: TrustedInstaller.exe\r\nHashes: SHA1=A2CE3553B92BB73179191F55B8D7DAD96516B751,MD5=966317326671E66535AE59AA917C2B42,SHA256=336701CCB71B703003DD5EB01C69B7CF37AAE33AD19FFE7F9483A5C12D18F41A,IMPHASH=88851E233BD15333933A93A6EDD4788A\r\nSigned: true\r\nSignature: Microsoft Windows\r\nSignatureStatus: Valid","SourceModuleName":"eventlog","ImageLoaded":"C:\\Windows\\servicing\\TrustedInstaller.exe","EventReceivedTime":"2020-08-06 03:21:17","port":60122,"AccountName":"SYSTEM","UtcTime":"2020-08-06 07:21:16.387","Domain":"NT AUTHORITY","ExecutionProcessID":3432,"Hashes":"SHA1=A2CE3553B92BB73179191F55B8D7DAD96516B751,MD5=966317326671E66535AE59AA917C2B42,SHA256=336701CCB71B703003DD5EB01C69B7CF37AAE33AD19FFE7F9483A5C12D18F41A,IMPHASH=88851E233BD15333933A93A6EDD4788A","Description":"Windows Modules Installer","UserID":"S-1-5-18","EventID":7,"Product":"Microsoft® Windows® Operating System","ProviderGuid":"{5770385F-C22A-43E0-BF4C-06F5698FFBD9}","RecordNumber":322368,"Keywords":-9223372036854775808,"ProcessGuid":"{49a15388-af6c-5f2b-5e04-000000000400}","tags":["mordorDataset"],"RuleName":"-"}
{"@version":"1","EventType":"INFO","AccountType":"User","ThreadID":4496,"Channel":"Microsoft-Windows-Sysmon/Operational","OpcodeValue":0,"OriginalFileName":"ntdll.dll","Hostname":"WORKSTATION6.theshire.local","@timestamp":"2020-08-06T07:21:17.274Z","ProcessId":"1824","Signed":"true","host":"wec.internal.cloudapp.net","SignatureStatus":"Valid","Severity":"INFO","SeverityValue":2,"Image":"C:\\Windows\\servicing\\TrustedInstaller.exe","SourceModuleType":"im_msvistalog","FileVersion":"10.0.18362.815 (WinBuild.160101.0800)","Version":3,"Company":"Microsoft Corporation","EventTime":"2020-08-06 03:21:16","Task":7,"Signature":"Microsoft Windows","SourceName":"Microsoft-Windows-Sysmon","Message":"Image loaded:\r\nRuleName: -\r\nUtcTime: 2020-08-06 07:21:16.387\r\nProcessGuid: {49a15388-af6c-5f2b-5e04-000000000400}\r\nProcessId: 1824\r\nImage: C:\\Windows\\servicing\\TrustedInstaller.exe\r\nImageLoaded: C:\\Windows\\System32\\ntdll.dll\r\nFileVersion: 10.0.18362.815 (WinBuild.160101.0800)\r\nDescription: NT Layer DLL\r\nProduct: Microsoft® Windows® Operating System\r\nCompany: Microsoft Corporation\r\nOriginalFileName: ntdll.dll\r\nHashes: SHA1=DA6F07ACD354EBADE6A2BF11BD07636743E5D533,MD5=EFEB7F6C44B3EF7F5ADAAD87D52BBBF4,SHA256=BD6F1360F1C3BBD80117CF17E5FB0B5FE48141E1DEEA217D406CB4DB31B45EEB,IMPHASH=00000000000000000000000000000000\r\nSigned: true\r\nSignature: Microsoft Windows\r\nSignatureStatus: Valid","SourceModuleName":"eventlog","ImageLoaded":"C:\\Windows\\System32\\ntdll.dll","EventReceivedTime":"2020-08-06 03:21:17","port":60122,"AccountName":"SYSTEM","UtcTime":"2020-08-06 07:21:16.387","Domain":"NT AUTHORITY","ExecutionProcessID":3432,"Hashes":"SHA1=DA6F07ACD354EBADE6A2BF11BD07636743E5D533,MD5=EFEB7F6C44B3EF7F5ADAAD87D52BBBF4,SHA256=BD6F1360F1C3BBD80117CF17E5FB0B5FE48141E1DEEA217D406CB4DB31B45EEB,IMPHASH=00000000000000000000000000000000","Description":"NT Layer DLL","UserID":"S-1-5-18","EventID":7,"Product":"Microsoft® Windows® Operating System","ProviderGuid":"{5770385F-C22A-43E0-BF4C-06F5698FFBD9}","RecordNumber":322369,"Keywords":-9223372036854775808,"ProcessGuid":"{49a15388-af6c-5f2b-5e04-000000000400}","tags":["mordorDataset"],"RuleName":"-"}
{"@version":"1","EventType":"INFO","AccountType":"User","ThreadID":4496,"Channel":"Microsoft-Windows-Sysmon/Operational","OpcodeValue":0,"OriginalFileName":"kernel32","Hostname":"WORKSTATION6.theshire.local","@timestamp":"2020-08-06T07:21:17.275Z","ProcessId":"1824","Signed":"true","host":"wec.internal.cloudapp.net","SignatureStatus":"Valid","Severity":"INFO","SeverityValue":2,"Image":"C:\\Windows\\servicing\\TrustedInstaller.exe","SourceModuleType":"im_msvistalog","FileVersion":"10.0.18362.959 (WinBuild.160101.0800)","Version":3,"Company":"Microsoft Corporation","EventTime":"2020-08-06 03:21:16","Task":7,"Signature":"Microsoft Windows","SourceName":"Microsoft-Windows-Sysmon","Message":"Image loaded:\r\nRuleName: -\r\nUtcTime: 2020-08-06 07:21:16.387\r\nProcessGuid: {49a15388-af6c-5f2b-5e04-000000000400}\r\nProcessId: 1824\r\nImage: C:\\Windows\\servicing\\TrustedInstaller.exe\r\nImageLoaded: C:\\Windows\\System32\\kernel32.dll\r\nFileVersion: 10.0.18362.959 (WinBuild.160101.0800)\r\nDescription: Windows NT BASE API Client DLL\r\nProduct: Microsoft® Windows® Operating System\r\nCompany: Microsoft Corporation\r\nOriginalFileName: kernel32\r\nHashes: SHA1=861B3BED1C7A310693C4DBE6B83D2241799B8ADF,MD5=30FB387E4FE35F85A609C916A828632C,SHA256=A3A98D05125F1BABF3D9F2D2C50A4D2EF5FE240BE97BD8E0B285F3BDCAE6E79F,IMPHASH=F9F97E60CFCD78BE051D9570C88FFB6F\r\nSigned: true\r\nSignature: Microsoft Windows\r\nSignatureStatus: Valid","SourceModuleName":"eventlog","ImageLoaded":"C:\\Windows\\System32\\kernel32.dll","EventReceivedTime":"2020-08-06 03:21:17","port":60122,"AccountName":"SYSTEM","UtcTime":"2020-08-06 07:21:16.387","Domain":"NT AUTHORITY","ExecutionProcessID":3432,"Hashes":"SHA1=861B3BED1C7A310693C4DBE6B83D2241799B8ADF,MD5=30FB387E4FE35F85A609C916A828632C,SHA256=A3A98D05125F1BABF3D9F2D2C50A4D2EF5FE240BE97BD8E0B285F3BDCAE6E79F,IMPHASH=F9F97E60CFCD78BE051D9570C88FFB6F","Description":"Windows NT BASE API Client DLL","UserID":"S-1-5-18","EventID":7,"Product":"Microsoft® Windows® Operating System","ProviderGuid":"{5770385F-C22A-43E0-BF4C-06F5698FFBD9}","RecordNumber":322370,"Keywords":-9223372036854775808,"ProcessGuid":"{49a15388-af6c-5f2b-5e04-000000000400}","tags":["mordorDataset"],"RuleName":"-"}
{"@version":"1","EventType":"INFO","AccountType":"User","ThreadID":4496,"Channel":"Microsoft-Windows-Sysmon/Operational","OpcodeValue":0,"OriginalFileName":"Kernelbase.dll","Hostname":"WORKSTATION6.theshire.local","@timestamp":"2020-08-06T07:21:17.276Z","ProcessId":"1824","Signed":"true","host":"wec.internal.cloudapp.net","SignatureStatus":"Valid","Severity":"INFO","SeverityValue":2,"Image":"C:\\Windows\\servicing\\TrustedInstaller.exe","SourceModuleType":"im_msvistalog","FileVersion":"10.0.18362.959 (WinBuild.160101.0800)","Version":3,"Company":"Microsoft Corporation","EventTime":"2020-08-06 03:21:16","Task":7,"Signature":"Microsoft Windows","SourceName":"Microsoft-Windows-Sysmon","Message":"Image loaded:\r\nRuleName: -\r\nUtcTime: 2020-08-06 07:21:16.387\r\nProcessGuid: {49a15388-af6c-5f2b-5e04-000000000400}\r\nProcessId: 1824\r\nImage: C:\\Windows\\servicing\\TrustedInstaller.exe\r\nImageLoaded: C:\\Windows\\System32\\KernelBase.dll\r\nFileVersion: 10.0.18362.959 (WinBuild.160101.0800)\r\nDescription: Windows NT BASE API Client DLL\r\nProduct: Microsoft® Windows® Operating System\r\nCompany: Microsoft Corporation\r\nOriginalFileName: Kernelbase.dll\r\nHashes: SHA1=7EB3D299175654830C4EA067287E1DB6AE2910FE,MD5=DCF8378DFF8EE1AE20149C9FD3E8F272,SHA256=9C495442B2F0BE678EB4F28A04290B2CEB11197B46B7332F957BCC8D6FD7AEF1,IMPHASH=EE04B80B0375B4716981CFBD3F0E9003\r\nSigned: true\r\nSignature: Microsoft Windows\r\nSignatureStatus: Valid","SourceModuleName":"eventlog","ImageLoaded":"C:\\Windows\\System32\\KernelBase.dll","EventReceivedTime":"2020-08-06 03:21:17","port":60122,"AccountName":"SYSTEM","UtcTime":"2020-08-06 07:21:16.387","Domain":"NT AUTHORITY","ExecutionProcessID":3432,"Hashes":"SHA1=7EB3D299175654830C4EA067287E1DB6AE2910FE,MD5=DCF8378DFF8EE1AE20149C9FD3E8F272,SHA256=9C495442B2F0BE678EB4F28A04290B2CEB11197B46B7332F957BCC8D6FD7AEF1,IMPHASH=EE04B80B0375B4716981CFBD3F0E9003","Description":"Windows NT BASE API Client DLL","UserID":"S-1-5-18","EventID":7,"Product":"Microsoft® Windows® Operating System","ProviderGuid":"{5770385F-C22A-43E0-BF4C-06F5698FFBD9}","RecordNumber":322371,"Keywords":-9223372036854775808,"ProcessGuid":"{49a15388-af6c-5f2b-5e04-000000000400}","tags":["mordorDataset"],"RuleName":"-"}
{"@version":"1","EventType":"INFO","AccountType":"User","ThreadID":4496,"Channel":"Microsoft-Windows-Sysmon/Operational","OpcodeValue":0,"OriginalFileName":"ucrtbase.dll","Hostname":"WORKSTATION6.theshire.local","@timestamp":"2020-08-06T07:21:17.276Z","ProcessId":"1824","Signed":"true","host":"wec.internal.cloudapp.net","SignatureStatus":"Valid","Severity":"INFO","SeverityValue":2,"Image":"C:\\Windows\\servicing\\TrustedInstaller.exe","SourceModuleType":"im_msvistalog","FileVersion":"10.0.18362.815 (WinBuild.160101.0800)","Version":3,"Company":"Microsoft Corporation","EventTime":"2020-08-06 03:21:16","Task":7,"Signature":"Microsoft Windows","SourceName":"Microsoft-Windows-Sysmon","Message":"Image loaded:\r\nRuleName: -\r\nUtcTime: 2020-08-06 07:21:16.387\r\nProcessGuid: {49a15388-af6c-5f2b-5e04-000000000400}\r\nProcessId: 1824\r\nImage: C:\\Windows\\servicing\\TrustedInstaller.exe\r\nImageLoaded: C:\\Windows\\System32\\ucrtbase.dll\r\nFileVersion: 10.0.18362.815 (WinBuild.160101.0800)\r\nDescription: Microsoft® C Runtime Library\r\nProduct: Microsoft® Windows® Operating System\r\nCompany: Microsoft Corporation\r\nOriginalFileName: ucrtbase.dll\r\nHashes: SHA1=53F8B431D10FDB2C001D58120280A417B01073BE,MD5=F0DA14E390F0CCB58EAAD34D9B309E4B,SHA256=7EE229626B22799FAA28CD7C22D4FF2AD0603C17E5F5EE9086FA7CF6483331FB,IMPHASH=5AE9A136FAFA10321F3D48251BF4F6A1\r\nSigned: true\r\nSignature: Microsoft Windows\r\nSignatureStatus: Valid","SourceModuleName":"eventlog","ImageLoaded":"C:\\Windows\\System32\\ucrtbase.dll","EventReceivedTime":"2020-08-06 03:21:17","port":60122,"AccountName":"SYSTEM","UtcTime":"2020-08-06 07:21:16.387","Domain":"NT AUTHORITY","ExecutionProcessID":3432,"Hashes":"SHA1=53F8B431D10FDB2C001D58120280A417B01073BE,MD5=F0DA14E390F0CCB58EAAD34D9B309E4B,SHA256=7EE229626B22799FAA28CD7C22D4FF2AD0603C17E5F5EE9086FA7CF6483331FB,IMPHASH=5AE9A136FAFA10321F3D48251BF4F6A1","Description":"Microsoft® C Runtime Library","UserID":"S-1-5-18","EventID":7,"Product":"Microsoft® Windows® Operating System","ProviderGuid":"{5770385F-C22A-43E0-BF4C-06F5698FFBD9}","RecordNumber":322372,"Keywords":-9223372036854775808,"ProcessGuid":"{49a15388-af6c-5f2b-5e04-000000000400}","tags":["mordorDataset"],"RuleName":"-"}
{"@version":"1","EventType":"INFO","AccountType":"User","ThreadID":4496,"Channel":"Microsoft-Windows-Sysmon/Operational","OpcodeValue":0,"OriginalFileName":"COMBASE.DLL","Hostname":"WORKSTATION6.theshire.local","@timestamp":"2020-08-06T07:21:17.276Z","ProcessId":"1824","Signed":"true","host":"wec.internal.cloudapp.net","SignatureStatus":"Valid","Severity":"INFO","SeverityValue":2,"Image":"C:\\Windows\\servicing\\TrustedInstaller.exe","SourceModuleType":"im_msvistalog","FileVersion":"10.0.18362.900 (WinBuild.160101.0800)","Version":3,"Company":"Microsoft Corporation","EventTime":"2020-08-06 03:21:16","Task":7,"Signature":"Microsoft Windows","SourceName":"Microsoft-Windows-Sysmon","Message":"Image loaded:\r\nRuleName: -\r\nUtcTime: 2020-08-06 07:21:16.387\r\nProcessGuid: {49a15388-af6c-5f2b-5e04-000000000400}\r\nProcessId: 1824\r\nImage: C:\\Windows\\servicing\\TrustedInstaller.exe\r\nImageLoaded: C:\\Windows\\System32\\combase.dll\r\nFileVersion: 10.0.18362.900 (WinBuild.160101.0800)\r\nDescription: Microsoft COM for Windows\r\nProduct: Microsoft® Windows® Operating System\r\nCompany: Microsoft Corporation\r\nOriginalFileName: COMBASE.DLL\r\nHashes: SHA1=ED26F4A1062B1312B43C1FF45AE98F37EBD50CEC,MD5=B884EC8D2915A40264689EDEB7F970AA,SHA256=C39024553D50B6F901481CF4C7D4609A616A2F6A3E60450F36FE231EFA1C7B32,IMPHASH=D1A511866766E387FD0DAF3ACBB54B12\r\nSigned: true\r\nSignature: Microsoft Windows\r\nSignatureStatus: Valid","SourceModuleName":"eventlog","ImageLoaded":"C:\\Windows\\System32\\combase.dll","EventReceivedTime":"2020-08-06 03:21:17","port":60122,"AccountName":"SYSTEM","UtcTime":"2020-08-06 07:21:16.387","Domain":"NT AUTHORITY","ExecutionProcessID":3432,"Hashes":"SHA1=ED26F4A1062B1312B43C1FF45AE98F37EBD50CEC,MD5=B884EC8D2915A40264689EDEB7F970AA,SHA256=C39024553D50B6F901481CF4C7D4609A616A2F6A3E60450F36FE231EFA1C7B32,IMPHASH=D1A511866766E387FD0DAF3ACBB54B12","Description":"Microsoft COM for Windows","UserID":"S-1-5-18","EventID":7,"Product":"Microsoft® Windows® Operating System","ProviderGuid":"{5770385F-C22A-43E0-BF4C-06F5698FFBD9}","RecordNumber":322373,"Keywords":-9223372036854775808,"ProcessGuid":"{49a15388-af6c-5f2b-5e04-000000000400}","tags":["mordorDataset"],"RuleName":"-"}
{"@version":"1","EventType":"INFO","AccountType":"User","ThreadID":4496,"Channel":"Microsoft-Windows-Sysmon/Operational","OpcodeValue":0,"OriginalFileName":"rpcrt4.dll","Hostname":"WORKSTATION6.theshire.local","@timestamp":"2020-08-06T07:21:17.278Z","ProcessId":"1824","Signed":"true","host":"wec.internal.cloudapp.net","SignatureStatus":"Valid","Severity":"INFO","SeverityValue":2,"Image":"C:\\Windows\\servicing\\TrustedInstaller.exe","SourceModuleType":"im_msvistalog","FileVersion":"10.0.18362.628 (WinBuild.160101.0800)","Version":3,"Company":"Microsoft Corporation","EventTime":"2020-08-06 03:21:16","Task":7,"Signature":"Microsoft Windows","SourceName":"Microsoft-Windows-Sysmon","Message":"Image loaded:\r\nRuleName: -\r\nUtcTime: 2020-08-06 07:21:16.387\r\nProcessGuid: {49a15388-af6c-5f2b-5e04-000000000400}\r\nProcessId: 1824\r\nImage: C:\\Windows\\servicing\\TrustedInstaller.exe\r\nImageLoaded: C:\\Windows\\System32\\rpcrt4.dll\r\nFileVersion: 10.0.18362.628 (WinBuild.160101.0800)\r\nDescription: Remote Procedure Call Runtime\r\nProduct: Microsoft® Windows® Operating System\r\nCompany: Microsoft Corporation\r\nOriginalFileName: rpcrt4.dll\r\nHashes: SHA1=D2AD4D4A061147CA2102FD1198A1AB5E81089687,MD5=8282B62C9241DAD339EDCFEDB59A0B83,SHA256=775FAEA773B0A023C724A93A3692CE5A237DC8B4B7C5A93C95412A4493CAFAA0,IMPHASH=88E7E7C7FA90052EC162DD37F2B7C7BD\r\nSigned: true\r\nSignature: Microsoft Windows\r\nSignatureStatus: Valid","SourceModuleName":"eventlog","ImageLoaded":"C:\\Windows\\System32\\rpcrt4.dll","EventReceivedTime":"2020-08-06 03:21:17","port":60122,"AccountName":"SYSTEM","UtcTime":"2020-08-06 07:21:16.387","Domain":"NT AUTHORITY","ExecutionProcessID":3432,"Hashes":"SHA1=D2AD4D4A061147CA2102FD1198A1AB5E81089687,MD5=8282B62C9241DAD339EDCFEDB59A0B83,SHA256=775FAEA773B0A023C724A93A3692CE5A237DC8B4B7C5A93C95412A4493CAFAA0,IMPHASH=88E7E7C7FA90052EC162DD37F2B7C7BD","Description":"Remote Procedure Call Runtime","UserID":"S-1-5-18","EventID":7,"Product":"Microsoft® Windows® Operating System","ProviderGuid":"{5770385F-C22A-43E0-BF4C-06F5698FFBD9}","RecordNumber":322374,"Keywords":-9223372036854775808,"ProcessGuid":"{49a15388-af6c-5f2b-5e04-000000000400}","tags":["mordorDataset"],"RuleName":"-"}
{"@version":"1","EventType":"INFO","AccountType":"User","ThreadID":4496,"Channel":"Microsoft-Windows-Sysmon/Operational","OpcodeValue":0,"OriginalFileName":"bcryptprimitives.dll","Hostname":"WORKSTATION6.theshire.local","@timestamp":"2020-08-06T07:21:17.278Z","ProcessId":"1824","Signed":"true","host":"wec.internal.cloudapp.net","SignatureStatus":"Valid","Severity":"INFO","SeverityValue":2,"Image":"C:\\Windows\\servicing\\TrustedInstaller.exe","SourceModuleType":"im_msvistalog","FileVersion":"10.0.18362.836 (WinBuild.160101.0800)","Version":3,"Company":"Microsoft Corporation","EventTime":"2020-08-06 03:21:16","Task":7,"Signature":"Microsoft Windows","SourceName":"Microsoft-Windows-Sysmon","Message":"Image loaded:\r\nRuleName: -\r\nUtcTime: 2020-08-06 07:21:16.387\r\nProcessGuid: {49a15388-af6c-5f2b-5e04-000000000400}\r\nProcessId: 1824\r\nImage: C:\\Windows\\servicing\\TrustedInstaller.exe\r\nImageLoaded: C:\\Windows\\System32\\bcryptprimitives.dll\r\nFileVersion: 10.0.18362.836 (WinBuild.160101.0800)\r\nDescription: Windows Cryptographic Primitives Library\r\nProduct: Microsoft® Windows® Operating System\r\nCompany: Microsoft Corporation\r\nOriginalFileName: bcryptprimitives.dll\r\nHashes: SHA1=B4222C8DC3274CFC3FE54F322D827B2F01FFF036,MD5=EF2BBEAFF07D32A2EC77FB4602FA9664,SHA256=6B47F3E88CDEDF8F31F91940E38A4544818C79D153323262F9F46B21F41D262C,IMPHASH=402DA460E2AC467F4489C588A9941032\r\nSigned: true\r\nSignature: Microsoft Windows\r\nSignatureStatus: Valid","SourceModuleName":"eventlog","ImageLoaded":"C:\\Windows\\System32\\bcryptprimitives.dll","EventReceivedTime":"2020-08-06 03:21:17","port":60122,"AccountName":"SYSTEM","UtcTime":"2020-08-06 07:21:16.387","Domain":"NT AUTHORITY","ExecutionProcessID":3432,"Hashes":"SHA1=B4222C8DC3274CFC3FE54F322D827B2F01FFF036,MD5=EF2BBEAFF07D32A2EC77FB4602FA9664,SHA256=6B47F3E88CDEDF8F31F91940E38A4544818C79D153323262F9F46B21F41D262C,IMPHASH=402DA460E2AC467F4489C588A9941032","Description":"Windows Cryptographic Primitives Library","UserID":"S-1-5-18","EventID":7,"Product":"Microsoft® Windows® Operating System","ProviderGuid":"{5770385F-C22A-43E0-BF4C-06F5698FFBD9}","RecordNumber":322375,"Keywords":-9223372036854775808,"ProcessGuid":"{49a15388-af6c-5f2b-5e04-000000000400}","tags":["mordorDataset"],"RuleName":"-"}
{"@version":"1","EventType":"INFO","AccountType":"User","ThreadID":4496,"Channel":"Microsoft-Windows-Sysmon/Operational","OpcodeValue":0,"OriginalFileName":"sechost.dll","Hostname":"WORKSTATION6.theshire.local","@timestamp":"2020-08-06T07:21:17.278Z","ProcessId":"1824","Signed":"true","host":"wec.internal.cloudapp.net","SignatureStatus":"Valid","Severity":"INFO","SeverityValue":2,"Image":"C:\\Windows\\servicing\\TrustedInstaller.exe","SourceModuleType":"im_msvistalog","FileVersion":"10.0.18362.959 (WinBuild.160101.0800)","Version":3,"Company":"Microsoft Corporation","EventTime":"2020-08-06 03:21:16","Task":7,"Signature":"Microsoft Windows","SourceName":"Microsoft-Windows-Sysmon","Message":"Image loaded:\r\nRuleName: -\r\nUtcTime: 2020-08-06 07:21:16.387\r\nProcessGuid: {49a15388-af6c-5f2b-5e04-000000000400}\r\nProcessId: 1824\r\nImage: C:\\Windows\\servicing\\TrustedInstaller.exe\r\nImageLoaded: C:\\Windows\\System32\\sechost.dll\r\nFileVersion: 10.0.18362.959 (WinBuild.160101.0800)\r\nDescription: Host for SCM/SDDL/LSA Lookup APIs\r\nProduct: Microsoft® Windows® Operating System\r\nCompany: Microsoft Corporation\r\nOriginalFileName: sechost.dll\r\nHashes: SHA1=A330EDE32DFA03AE6808EE7FB6916D8DEB8F5DDE,MD5=A094E2B38D3DD864B07580D243CB6E43,SHA256=C441E19D20961D4E990E117A300ED318BEDBF2F8BA0FF07BEE7832AC502CDDF2,IMPHASH=CE4BD072766253F6A267D0284CA82002\r\nSigned: true\r\nSignature: Microsoft Windows\r\nSignatureStatus: Valid","SourceModuleName":"eventlog","ImageLoaded":"C:\\Windows\\System32\\sechost.dll","EventReceivedTime":"2020-08-06 03:21:17","port":60122,"AccountName":"SYSTEM","UtcTime":"2020-08-06 07:21:16.387","Domain":"NT AUTHORITY","ExecutionProcessID":3432,"Hashes":"SHA1=A330EDE32DFA03AE6808EE7FB6916D8DEB8F5DDE,MD5=A094E2B38D3DD864B07580D243CB6E43,SHA256=C441E19D20961D4E990E117A300ED318BEDBF2F8BA0FF07BEE7832AC502CDDF2,IMPHASH=CE4BD072766253F6A267D0284CA82002","Description":"Host for SCM/SDDL/LSA Lookup APIs","UserID":"S-1-5-18","EventID":7,"Product":"Microsoft® Windows® Operating System","ProviderGuid":"{5770385F-C22A-43E0-BF4C-06F5698FFBD9}","RecordNumber":322376,"Keywords":-9223372036854775808,"ProcessGuid":"{49a15388-af6c-5f2b-5e04-000000000400}","tags":["mordorDataset"],"RuleName":"-"}
{"@version":"1","EventType":"INFO","AccountType":"User","ThreadID":4496,"Channel":"Microsoft-Windows-Sysmon/Operational","OpcodeValue":0,"OriginalFileName":"advapi32.dll","Hostname":"WORKSTATION6.theshire.local","@timestamp":"2020-08-06T07:21:17.278Z","ProcessId":"1824","Signed":"true","host":"wec.internal.cloudapp.net","SignatureStatus":"Valid","Severity":"INFO","SeverityValue":2,"Image":"C:\\Windows\\servicing\\TrustedInstaller.exe","SourceModuleType":"im_msvistalog","FileVersion":"10.0.18362.752 (WinBuild.160101.0800)","Version":3,"Company":"Microsoft Corporation","EventTime":"2020-08-06 03:21:16","Task":7,"Signature":"Microsoft Windows","SourceName":"Microsoft-Windows-Sysmon","Message":"Image loaded:\r\nRuleName: -\r\nUtcTime: 2020-08-06 07:21:16.387\r\nProcessGuid: {49a15388-af6c-5f2b-5e04-000000000400}\r\nProcessId: 1824\r\nImage: C:\\Windows\\servicing\\TrustedInstaller.exe\r\nImageLoaded: C:\\Windows\\System32\\advapi32.dll\r\nFileVersion: 10.0.18362.752 (WinBuild.160101.0800)\r\nDescription: Advanced Windows 32 Base API\r\nProduct: Microsoft® Windows® Operating System\r\nCompany: Microsoft Corporation\r\nOriginalFileName: advapi32.dll\r\nHashes: SHA1=35C61DDE6F8F4ED05F9C4837E2B91C886CA79F82,MD5=EA4F6E7961B4A402F6F5EC33C655260A,SHA256=5E2D103E7E1FD7CA0492E541F082D274EF6259AF2158A3562986C796C5C869DD,IMPHASH=8EEA175C33205685FB8A14876D7564DB\r\nSigned: true\r\nSignature: Microsoft Windows\r\nSignatureStatus: Valid","SourceModuleName":"eventlog","ImageLoaded":"C:\\Windows\\System32\\advapi32.dll","EventReceivedTime":"2020-08-06 03:21:17","port":60122,"AccountName":"SYSTEM","UtcTime":"2020-08-06 07:21:16.387","Domain":"NT AUTHORITY","ExecutionProcessID":3432,"Hashes":"SHA1=35C61DDE6F8F4ED05F9C4837E2B91C886CA79F82,MD5=EA4F6E7961B4A402F6F5EC33C655260A,SHA256=5E2D103E7E1FD7CA0492E541F082D274EF6259AF2158A3562986C796C5C869DD,IMPHASH=8EEA175C33205685FB8A14876D7564DB","Description":"Advanced Windows 32 Base API","UserID":"S-1-5-18","EventID":7,"Product":"Microsoft® Windows® Operating System","ProviderGuid":"{5770385F-C22A-43E0-BF4C-06F5698FFBD9}","RecordNumber":322377,"Keywords":-9223372036854775808,"ProcessGuid":"{49a15388-af6c-5f2b-5e04-000000000400}","tags":["mordorDataset"],"RuleName":"-"}
{"@version":"1","EventType":"INFO","AccountType":"User","ThreadID":4496,"Channel":"Microsoft-Windows-Sysmon/Operational","OpcodeValue":0,"OriginalFileName":"msvcrt.dll","Hostname":"WORKSTATION6.theshire.local","@timestamp":"2020-08-06T07:21:17.278Z","ProcessId":"1824","Signed":"true","host":"wec.internal.cloudapp.net","SignatureStatus":"Valid","Severity":"INFO","SeverityValue":2,"Image":"C:\\Windows\\servicing\\TrustedInstaller.exe","SourceModuleType":"im_msvistalog","FileVersion":"7.0.18362.1 (WinBuild.160101.0800)","Version":3,"Company":"Microsoft Corporation","EventTime":"2020-08-06 03:21:16","Task":7,"Signature":"Microsoft Windows","SourceName":"Microsoft-Windows-Sysmon","Message":"Image loaded:\r\nRuleName: -\r\nUtcTime: 2020-08-06 07:21:16.387\r\nProcessGuid: {49a15388-af6c-5f2b-5e04-000000000400}\r\nProcessId: 1824\r\nImage: C:\\Windows\\servicing\\TrustedInstaller.exe\r\nImageLoaded: C:\\Windows\\System32\\msvcrt.dll\r\nFileVersion: 7.0.18362.1 (WinBuild.160101.0800)\r\nDescription: Windows NT CRT DLL\r\nProduct: Microsoft® Windows® Operating System\r\nCompany: Microsoft Corporation\r\nOriginalFileName: msvcrt.dll\r\nHashes: SHA1=0EA4B3CFB14E49CEC0D42FF0F1FA989E69647A8F,MD5=36354D9B5B0A58A4B9A19103852C00A2,SHA256=E5A863D3F4BFEFED7D73A7B1499F81B7235BC9AE3C108065041BCB8E5446B1BB,IMPHASH=1273683626EBBA703979F188A1E64237\r\nSigned: true\r\nSignature: Microsoft Windows\r\nSignatureStatus: Valid","SourceModuleName":"eventlog","ImageLoaded":"C:\\Windows\\System32\\msvcrt.dll","EventReceivedTime":"2020-08-06 03:21:17","port":60122,"AccountName":"SYSTEM","UtcTime":"2020-08-06 07:21:16.387","Domain":"NT AUTHORITY","ExecutionProcessID":3432,"Hashes":"SHA1=0EA4B3CFB14E49CEC0D42FF0F1FA989E69647A8F,MD5=36354D9B5B0A58A4B9A19103852C00A2,SHA256=E5A863D3F4BFEFED7D73A7B1499F81B7235BC9AE3C108065041BCB8E5446B1BB,IMPHASH=1273683626EBBA703979F188A1E64237","Description":"Windows NT CRT DLL","UserID":"S-1-5-18","EventID":7,"Product":"Microsoft® Windows® Operating System","ProviderGuid":"{5770385F-C22A-43E0-BF4C-06F5698FFBD9}","RecordNumber":322378,"Keywords":-9223372036854775808,"ProcessGuid":"{49a15388-af6c-5f2b-5e04-000000000400}","tags":["mordorDataset"],"RuleName":"-"}
{"tags":["mordorDataset"],"TargetProcessGUID":"{49a15388-af6c-5f2b-5e04-000000000400}","@version":"1","EventType":"INFO","Version":3,"ThreadID":4496,"EventTime":"2020-08-06 03:21:16","Task":10,"AccountType":"User","SourceProcessGUID":"{49a15388-5c38-5f2b-0b00-000000000400}","CallTrace":"C:\\windows\\SYSTEM32\\ntdll.dll+9d104|C:\\windows\\System32\\RPCRT4.dll+2d2c4|C:\\windows\\system32\\services.exe+1c74|C:\\windows\\System32\\RPCRT4.dll+76953|C:\\windows\\System32\\RPCRT4.dll+1364b|C:\\windows\\System32\\RPCRT4.dll+1451a|C:\\windows\\System32\\RPCRT4.dll+548c8|C:\\windows\\System32\\RPCRT4.dll+2c921|C:\\windows\\System32\\RPCRT4.dll+2c1db|C:\\windows\\System32\\RPCRT4.dll+1a86f|C:\\windows\\System32\\RPCRT4.dll+19d1a|C:\\windows\\System32\\RPCRT4.dll+19301|C:\\windows\\System32\\RPCRT4.dll+18d6e|C:\\windows\\System32\\RPCRT4.dll+169a5|C:\\windows\\SYSTEM32\\ntdll.dll+333ed|C:\\windows\\SYSTEM32\\ntdll.dll+34142|C:\\windows\\System32\\KERNEL32.DLL+17bd4|C:\\windows\\SYSTEM32\\ntdll.dll+6ce51","Channel":"Microsoft-Windows-Sysmon/Operational","SourceName":"Microsoft-Windows-Sysmon","OpcodeValue":0,"Hostname":"WORKSTATION6.theshire.local","@timestamp":"2020-08-06T07:21:17.278Z","Message":"Process accessed:\r\nRuleName: -\r\nUtcTime: 2020-08-06 07:21:16.403\r\nSourceProcessGUID: {49a15388-5c38-5f2b-0b00-000000000400}\r\nSourceProcessId: 732\r\nSourceThreadId: 5160\r\nSourceImage: C:\\windows\\system32\\services.exe\r\nTargetProcessGUID: {49a15388-af6c-5f2b-5e04-000000000400}\r\nTargetProcessId: 1824\r\nTargetImage: C:\\windows\\servicing\\TrustedInstaller.exe\r\nGrantedAccess: 0x1000\r\nCallTrace: C:\\windows\\SYSTEM32\\ntdll.dll+9d104|C:\\windows\\System32\\RPCRT4.dll+2d2c4|C:\\windows\\system32\\services.exe+1c74|C:\\windows\\System32\\RPCRT4.dll+76953|C:\\windows\\System32\\RPCRT4.dll+1364b|C:\\windows\\System32\\RPCRT4.dll+1451a|C:\\windows\\System32\\RPCRT4.dll+548c8|C:\\windows\\System32\\RPCRT4.dll+2c921|C:\\windows\\System32\\RPCRT4.dll+2c1db|C:\\windows\\System32\\RPCRT4.dll+1a86f|C:\\windows\\System32\\RPCRT4.dll+19d1a|C:\\windows\\System32\\RPCRT4.dll+19301|C:\\windows\\System32\\RPCRT4.dll+18d6e|C:\\windows\\System32\\RPCRT4.dll+169a5|C:\\windows\\SYSTEM32\\ntdll.dll+333ed|C:\\windows\\SYSTEM32\\ntdll.dll+34142|C:\\windows\\System32\\KERNEL32.DLL+17bd4|C:\\windows\\SYSTEM32\\ntdll.dll+6ce51","SourceModuleName":"eventlog","ProcessId":"732","SourceImage":"C:\\windows\\system32\\services.exe","EventReceivedTime":"2020-08-06 03:21:17","port":60122,"AccountName":"SYSTEM","UtcTime":"2020-08-06 07:21:16.403","GrantedAccess":"0x1000","Domain":"NT AUTHORITY","ExecutionProcessID":3432,"host":"wec.internal.cloudapp.net","SourceProcessId":"732","SourceThreadId":"5160","Severity":"INFO","TargetProcessId":"1824","SeverityValue":2,"EventID":10,"UserID":"S-1-5-18","ProviderGuid":"{5770385F-C22A-43E0-BF4C-06F5698FFBD9}","RecordNumber":322379,"SourceModuleType":"im_msvistalog","Keywords":-9223372036854775808,"TargetImage":"C:\\windows\\servicing\\TrustedInstaller.exe","RuleName":"-"}
{"tags":["mordorDataset"],"TargetProcessGUID":"{49a15388-5ccf-5f2b-5502-000000000400}","@version":"1","EventType":"INFO","Version":3,"ThreadID":4496,"EventTime":"2020-08-06 03:21:16","Task":10,"AccountType":"User","SourceProcessGUID":"{49a15388-5c39-5f2b-1000-000000000400}","CallTrace":"C:\\windows\\SYSTEM32\\ntdll.dll+9c534|C:\\windows\\SYSTEM32\\psmserviceexthost.dll+222a3|C:\\windows\\SYSTEM32\\psmserviceexthost.dll+1a172|C:\\windows\\SYSTEM32\\psmserviceexthost.dll+19e3b|C:\\windows\\SYSTEM32\\psmserviceexthost.dll+19318|C:\\windows\\SYSTEM32\\ntdll.dll+3081d|C:\\windows\\SYSTEM32\\ntdll.dll+345b4|C:\\windows\\System32\\KERNEL32.DLL+17bd4|C:\\windows\\SYSTEM32\\ntdll.dll+6ce51","Channel":"Microsoft-Windows-Sysmon/Operational","SourceName":"Microsoft-Windows-Sysmon","OpcodeValue":0,"Hostname":"WORKSTATION6.theshire.local","@timestamp":"2020-08-06T07:21:17.278Z","Message":"Process accessed:\r\nRuleName: -\r\nUtcTime: 2020-08-06 07:21:16.403\r\nSourceProcessGUID: {49a15388-5c39-5f2b-1000-000000000400}\r\nSourceProcessId: 896\r\nSourceThreadId: 2644\r\nSourceImage: C:\\windows\\system32\\svchost.exe\r\nTargetProcessGUID: {49a15388-5ccf-5f2b-5502-000000000400}\r\nTargetProcessId: 3120\r\nTargetImage: C:\\windows\\System32\\svchost.exe\r\nGrantedAccess: 0x1000\r\nCallTrace: C:\\windows\\SYSTEM32\\ntdll.dll+9c534|C:\\windows\\SYSTEM32\\psmserviceexthost.dll+222a3|C:\\windows\\SYSTEM32\\psmserviceexthost.dll+1a172|C:\\windows\\SYSTEM32\\psmserviceexthost.dll+19e3b|C:\\windows\\SYSTEM32\\psmserviceexthost.dll+19318|C:\\windows\\SYSTEM32\\ntdll.dll+3081d|C:\\windows\\SYSTEM32\\ntdll.dll+345b4|C:\\windows\\System32\\KERNEL32.DLL+17bd4|C:\\windows\\SYSTEM32\\ntdll.dll+6ce51","SourceModuleName":"eventlog","ProcessId":"896","SourceImage":"C:\\windows\\system32\\svchost.exe","EventReceivedTime":"2020-08-06 03:21:17","port":60122,"AccountName":"SYSTEM","UtcTime":"2020-08-06 07:21:16.403","GrantedAccess":"0x1000","Domain":"NT AUTHORITY","ExecutionProcessID":3432,"host":"wec.internal.cloudapp.net","SourceProcessId":"896","SourceThreadId":"2644","Severity":"INFO","TargetProcessId":"3120","SeverityValue":2,"EventID":10,"UserID":"S-1-5-18","ProviderGuid":"{5770385F-C22A-43E0-BF4C-06F5698FFBD9}","RecordNumber":322380,"SourceModuleType":"im_msvistalog","Keywords":-9223372036854775808,"TargetImage":"C:\\windows\\System32\\svchost.exe","RuleName":"-"}
