{"Version":1,"EventReceivedTime":"2019-12-04 23:43:25","SourceAddress":"172.18.39.5","type":"nxlog-mordor","DestPort":"5985","host":"ip-172-18-39-102.ec2.internal","Channel":"Security","RemoteMachineID":"S-1-0-0","RecordNumber":88432,"Category":"Filtering Platform Connection","port":49730,"ProviderGuid":"{54849625-5478-4994-A5BA-3E3B0328C30D}","Application":"\\device\\harddiskvolume1\\windows\\system32\\svchost.exe","EventID":5156,"EventType":"AUDIT_SUCCESS","Direction":"%%14593","DestAddress":"172.18.39.102","SourcePort":"49608","SourceName":"Microsoft-Windows-Security-Auditing","OpcodeValue":0,"Message":"The Windows Filtering Platform has permitted a connection.\r\n\r\nApplication Information:\r\n\tProcess ID:\t\t2568\r\n\tApplication Name:\t\\device\\harddiskvolume1\\windows\\system32\\svchost.exe\r\n\r\nNetwork Information:\r\n\tDirection:\t\tOutbound\r\n\tSource Address:\t\t172.18.39.5\r\n\tSource Port:\t\t49608\r\n\tDestination Address:\t172.18.39.102\r\n\tDestination Port:\t\t5985\r\n\tProtocol:\t\t6\r\n\r\nFilter Information:\r\n\tFilter Run-Time ID:\t67455\r\n\tLayer Name:\t\tConnect\r\n\tLayer Run-Time ID:\t48","LayerName":"%%14611","Task":12810,"Severity":"INFO","Keywords":-9214364837600034816,"LayerRTID":"48","@timestamp":"2019-12-05T04:43:25.545Z","EventTime":"2019-12-04 23:43:23","SeverityValue":2,"ProcessID":4,"ThreadID":2448,"Opcode":"Info","Protocol":"6","RemoteUserID":"S-1-0-0","SourceModuleType":"im_msvistalog","Hostname":"HFDC01.shire.com","SourceModuleName":"eventlog","FilterRTID":"67455","@version":"1"}
{"Version":3,"GrantedAccess":"0x1400","EventReceivedTime":"2019-12-04 23:43:25","type":"nxlog-mordor","SourceImage":"C:\\Windows\\System32\\svchost.exe","host":"ip-172-18-39-102.ec2.internal","Channel":"Microsoft-Windows-Sysmon/Operational","RecordNumber":219498,"SourceProcessId":"3492","port":49730,"ProviderGuid":"{5770385F-C22A-43E0-BF4C-06F5698FFBD9}","CallTrace":"C:\\Windows\\SYSTEM32\\ntdll.dll+9c524|C:\\Windows\\System32\\KERNELBASE.dll+2730e|c:\\windows\\system32\\rasmans.dll+3751b|c:\\windows\\system32\\rasmans.dll+36fad|c:\\windows\\system32\\rasmans.dll+10ed8|c:\\windows\\system32\\rasmans.dll+33cd5|C:\\Windows\\System32\\svchost.exe+314c|C:\\Windows\\System32\\sechost.dll+2de2|C:\\Windows\\System32\\KERNEL32.DLL+17944|C:\\Windows\\SYSTEM32\\ntdll.dll+6ce71","EventID":10,"EventType":"INFO","TargetProcessGUID":"{a158f72c-5898-5de8-0000-0010a6ba6d00}","UtcTime":"2019-12-05 04:43:23.484","UserID":"S-1-5-18","SourceThreadId":"3616","SourceName":"Microsoft-Windows-Sysmon","Domain":"NT AUTHORITY","AccountType":"User","OpcodeValue":0,"Message":"Process accessed:\r\nRuleName: \r\nUtcTime: 2019-12-05 04:43:23.484\r\nSourceProcessGUID: {a158f72c-4a8b-5de8-0000-0010df500200}\r\nSourceProcessId: 3492\r\nSourceThreadId: 3616\r\nSourceImage: C:\\Windows\\System32\\svchost.exe\r\nTargetProcessGUID: {a158f72c-5898-5de8-0000-0010a6ba6d00}\r\nTargetProcessId: 1332\r\nTargetImage: C:\\Windows\\System32\\WindowsPowerShell\\v1.0\\powershell.exe\r\nGrantedAccess: 0x1400\r\nCallTrace: C:\\Windows\\SYSTEM32\\ntdll.dll+9c524|C:\\Windows\\System32\\KERNELBASE.dll+2730e|c:\\windows\\system32\\rasmans.dll+3751b|c:\\windows\\system32\\rasmans.dll+36fad|c:\\windows\\system32\\rasmans.dll+10ed8|c:\\windows\\system32\\rasmans.dll+33cd5|C:\\Windows\\System32\\svchost.exe+314c|C:\\Windows\\System32\\sechost.dll+2de2|C:\\Windows\\System32\\KERNEL32.DLL+17944|C:\\Windows\\SYSTEM32\\ntdll.dll+6ce71","Task":10,"Severity":"INFO","Keywords":-9223372036854775808,"@timestamp":"2019-12-05T04:43:25.545Z","EventTime":"2019-12-04 23:43:23","SeverityValue":2,"ProcessID":3140,"ThreadID":4712,"AccountName":"SYSTEM","TargetImage":"C:\\Windows\\System32\\WindowsPowerShell\\v1.0\\powershell.exe","SourceModuleType":"im_msvistalog","Hostname":"IT001.shire.com","SourceModuleName":"eventlog","SourceProcessGUID":"{a158f72c-4a8b-5de8-0000-0010df500200}","TargetProcessId":"1332","@version":"1"}
{"Version":0,"EventReceivedTime":"2019-12-04 23:43:27","SourceAddress":"0.0.0.0","type":"nxlog-mordor","host":"ip-172-18-39-102.ec2.internal","Channel":"security","RecordNumber":41671,"Category":"Filtering Platform Connection","port":49730,"ProviderGuid":"{54849625-5478-4994-A5BA-3E3B0328C30D}","Application":"\\device\\harddiskvolume2\\windows\\system32\\svchost.exe","EventID":5158,"EventType":"AUDIT_SUCCESS","SourcePort":"51735","SourceName":"Microsoft-Windows-Security-Auditing","OpcodeValue":0,"Message":"The Windows Filtering Platform has permitted a bind to a local port.\r\n\r\nApplication Information:\r\n\tProcess ID:\t\t3236\r\n\tApplication Name:\t\\device\\harddiskvolume2\\windows\\system32\\svchost.exe\r\n\r\nNetwork Information:\r\n\tSource Address:\t\t0.0.0.0\r\n\tSource Port:\t\t51735\r\n\tProtocol:\t\t6\r\n\r\nFilter Information:\r\n\tFilter Run-Time ID:\t0\r\n\tLayer Name:\t\tResource Assignment\r\n\tLayer Run-Time ID:\t36","LayerName":"%%14608","Task":12810,"Severity":"INFO","Keywords":-9214364837600034816,"LayerRTID":"36","@timestamp":"2019-12-05T04:43:27.575Z","EventTime":"2019-12-04 23:43:25","SeverityValue":2,"ProcessID":4,"ThreadID":1564,"Opcode":"Info","Protocol":"6","SourceModuleType":"im_msvistalog","Hostname":"HR001.shire.com","SourceModuleName":"eventlog","FilterRTID":"0","@version":"1"}
{"Channel":"Microsoft-Windows-Sysmon/Operational","RecordNumber":102443,"ProviderGuid":"{5770385F-C22A-43E0-BF4C-06F5698FFBD9}","User":"NT AUTHORITY\\NETWORK SERVICE","DestinationIp":"172.18.39.102","SourceName":"Microsoft-Windows-Sysmon","Domain":"NT AUTHORITY","AccountType":"User","OpcodeValue":0,"Message":"Network connection detected:\r\nRuleName: \r\nUtcTime: 2019-12-05 04:43:23.504\r\nProcessGuid: {d14e8c55-47c8-5de8-0000-0010e9010200}\r\nProcessId: 2568\r\nImage: C:\\Windows\\System32\\svchost.exe\r\nUser: NT AUTHORITY\\NETWORK SERVICE\r\nProtocol: tcp\r\nInitiated: true\r\nSourceIsIpv6: false\r\nSourceIp: 172.18.39.5\r\nSourceHostname: HFDC01.shire.com\r\nSourcePort: 49608\r\nSourcePortName: \r\nDestinationIsIpv6: false\r\nDestinationIp: 172.18.39.102\r\nDestinationHostname: ip-172-18-39-102.ec2.internal\r\nDestinationPort: 5985\r\nDestinationPortName: ","ProcessID":2644,"SeverityValue":2,"SourceModuleType":"im_msvistalog","DestinationPort":"5985","@version":"1","Version":5,"EventReceivedTime":"2019-12-04 23:43:27","Image":"C:\\Windows\\System32\\svchost.exe","type":"nxlog-mordor","host":"ip-172-18-39-102.ec2.internal","port":49730,"EventID":3,"EventType":"INFO","SourceHostname":"HFDC01.shire.com","SourceIp":"172.18.39.5","UtcTime":"2019-12-05 04:43:23.504","UserID":"S-1-5-18","ProcessGuid":"{d14e8c55-47c8-5de8-0000-0010e9010200}","SourcePort":"49608","Task":3,"Severity":"INFO","Keywords":-9223372036854775808,"@timestamp":"2019-12-05T04:43:27.575Z","SourceIsIpv6":"false","EventTime":"2019-12-04 23:43:24","ThreadID":3616,"Protocol":"tcp","AccountName":"SYSTEM","Initiated":"true","DestinationIsIpv6":"false","DestinationHostname":"ip-172-18-39-102.ec2.internal","Hostname":"HFDC01.shire.com","SourceModuleName":"eventlog"}
{"Version":1,"EventReceivedTime":"2019-12-04 23:43:27","SourceAddress":"172.18.39.106","type":"nxlog-mordor","DestPort":"5985","host":"ip-172-18-39-102.ec2.internal","Channel":"security","RemoteMachineID":"S-1-0-0","RecordNumber":41672,"Category":"Filtering Platform Connection","port":49730,"ProviderGuid":"{54849625-5478-4994-A5BA-3E3B0328C30D}","Application":"\\device\\harddiskvolume2\\windows\\system32\\svchost.exe","EventID":5156,"EventType":"AUDIT_SUCCESS","Direction":"%%14593","DestAddress":"172.18.39.102","SourcePort":"51735","SourceName":"Microsoft-Windows-Security-Auditing","OpcodeValue":0,"Message":"The Windows Filtering Platform has permitted a connection.\r\n\r\nApplication Information:\r\n\tProcess ID:\t\t3236\r\n\tApplication Name:\t\\device\\harddiskvolume2\\windows\\system32\\svchost.exe\r\n\r\nNetwork Information:\r\n\tDirection:\t\tOutbound\r\n\tSource Address:\t\t172.18.39.106\r\n\tSource Port:\t\t51735\r\n\tDestination Address:\t172.18.39.102\r\n\tDestination Port:\t\t5985\r\n\tProtocol:\t\t6\r\n\r\nFilter Information:\r\n\tFilter Run-Time ID:\t69049\r\n\tLayer Name:\t\tConnect\r\n\tLayer Run-Time ID:\t48","LayerName":"%%14611","Task":12810,"Severity":"INFO","Keywords":-9214364837600034816,"LayerRTID":"48","@timestamp":"2019-12-05T04:43:27.576Z","EventTime":"2019-12-04 23:43:25","SeverityValue":2,"ProcessID":4,"ThreadID":1564,"Opcode":"Info","Protocol":"6","RemoteUserID":"S-1-0-0","SourceModuleType":"im_msvistalog","Hostname":"HR001.shire.com","SourceModuleName":"eventlog","FilterRTID":"69049","@version":"1"}
{"Version":1,"EventReceivedTime":"2019-12-04 23:43:27","SourceAddress":"172.18.39.6","type":"nxlog-mordor","DestPort":"123","host":"ip-172-18-39-102.ec2.internal","Channel":"Security","RemoteMachineID":"S-1-0-0","RecordNumber":88433,"Category":"Filtering Platform Connection","port":49730,"ProviderGuid":"{54849625-5478-4994-A5BA-3E3B0328C30D}","Application":"\\device\\harddiskvolume1\\windows\\system32\\svchost.exe","EventID":5156,"EventType":"AUDIT_SUCCESS","Direction":"%%14592","DestAddress":"172.18.39.5","SourcePort":"47423","SourceName":"Microsoft-Windows-Security-Auditing","OpcodeValue":0,"Message":"The Windows Filtering Platform has permitted a connection.\r\n\r\nApplication Information:\r\n\tProcess ID:\t\t1144\r\n\tApplication Name:\t\\device\\harddiskvolume1\\windows\\system32\\svchost.exe\r\n\r\nNetwork Information:\r\n\tDirection:\t\tInbound\r\n\tSource Address:\t\t172.18.39.6\r\n\tSource Port:\t\t47423\r\n\tDestination Address:\t172.18.39.5\r\n\tDestination Port:\t\t123\r\n\tProtocol:\t\t17\r\n\r\nFilter Information:\r\n\tFilter Run-Time ID:\t66362\r\n\tLayer Name:\t\tReceive/Accept\r\n\tLayer Run-Time ID:\t44","LayerName":"%%14610","Task":12810,"Severity":"INFO","Keywords":-9214364837600034816,"LayerRTID":"44","@timestamp":"2019-12-05T04:43:27.575Z","EventTime":"2019-12-04 23:43:25","SeverityValue":2,"ProcessID":4,"ThreadID":3884,"Opcode":"Info","Protocol":"17","RemoteUserID":"S-1-0-0","SourceModuleType":"im_msvistalog","Hostname":"HFDC01.shire.com","SourceModuleName":"eventlog","FilterRTID":"66362","@version":"1"}
{"Version":3,"GrantedAccess":"0x1000","EventReceivedTime":"2019-12-04 23:43:28","type":"nxlog-mordor","SourceImage":"C:\\Windows\\system32\\svchost.exe","host":"ip-172-18-39-102.ec2.internal","Channel":"Microsoft-Windows-Sysmon/Operational","RecordNumber":224481,"SourceProcessId":"968","port":49730,"ProviderGuid":"{5770385F-C22A-43E0-BF4C-06F5698FFBD9}","CallTrace":"C:\\Windows\\SYSTEM32\\ntdll.dll+9c524|C:\\Windows\\SYSTEM32\\psmserviceexthost.dll+222a3|C:\\Windows\\SYSTEM32\\psmserviceexthost.dll+1a172|C:\\Windows\\SYSTEM32\\psmserviceexthost.dll+19e3b|C:\\Windows\\SYSTEM32\\psmserviceexthost.dll+19318|C:\\Windows\\SYSTEM32\\ntdll.dll+3082d|C:\\Windows\\SYSTEM32\\ntdll.dll+345c4|C:\\Windows\\System32\\KERNEL32.DLL+17944|C:\\Windows\\SYSTEM32\\ntdll.dll+6ce71","EventID":10,"EventType":"INFO","TargetProcessGUID":"{a158f72c-4a97-5de8-0000-00105c300200}","UtcTime":"2019-12-05 04:43:26.365","UserID":"S-1-5-18","SourceThreadId":"8424","SourceName":"Microsoft-Windows-Sysmon","Domain":"NT AUTHORITY","AccountType":"User","OpcodeValue":0,"Message":"Process accessed:\r\nRuleName: \r\nUtcTime: 2019-12-05 04:43:26.365\r\nSourceProcessGUID: {a158f72c-4a94-5de8-0000-001033890000}\r\nSourceProcessId: 968\r\nSourceThreadId: 8424\r\nSourceImage: C:\\Windows\\system32\\svchost.exe\r\nTargetProcessGUID: {a158f72c-4a97-5de8-0000-00105c300200}\r\nTargetProcessId: 3236\r\nTargetImage: C:\\Windows\\System32\\svchost.exe\r\nGrantedAccess: 0x1000\r\nCallTrace: C:\\Windows\\SYSTEM32\\ntdll.dll+9c524|C:\\Windows\\SYSTEM32\\psmserviceexthost.dll+222a3|C:\\Windows\\SYSTEM32\\psmserviceexthost.dll+1a172|C:\\Windows\\SYSTEM32\\psmserviceexthost.dll+19e3b|C:\\Windows\\SYSTEM32\\psmserviceexthost.dll+19318|C:\\Windows\\SYSTEM32\\ntdll.dll+3082d|C:\\Windows\\SYSTEM32\\ntdll.dll+345c4|C:\\Windows\\System32\\KERNEL32.DLL+17944|C:\\Windows\\SYSTEM32\\ntdll.dll+6ce71","Task":10,"Severity":"INFO","Keywords":-9223372036854775808,"@timestamp":"2019-12-05T04:43:28.592Z","EventTime":"2019-12-04 23:43:26","SeverityValue":2,"ProcessID":3144,"ThreadID":4584,"AccountName":"SYSTEM","TargetImage":"C:\\Windows\\System32\\svchost.exe","SourceModuleType":"im_msvistalog","Hostname":"HR001.shire.com","SourceModuleName":"eventlog","SourceProcessGUID":"{a158f72c-4a94-5de8-0000-001033890000}","TargetProcessId":"3236","@version":"1"}
{"Version":3,"GrantedAccess":"0x1000","EventReceivedTime":"2019-12-04 23:43:28","type":"nxlog-mordor","SourceImage":"C:\\Windows\\system32\\svchost.exe","host":"ip-172-18-39-102.ec2.internal","Channel":"Microsoft-Windows-Sysmon/Operational","RecordNumber":224478,"SourceProcessId":"968","port":49730,"ProviderGuid":"{5770385F-C22A-43E0-BF4C-06F5698FFBD9}","CallTrace":"C:\\Windows\\SYSTEM32\\ntdll.dll+9c524|C:\\Windows\\SYSTEM32\\psmserviceexthost.dll+222a3|C:\\Windows\\SYSTEM32\\psmserviceexthost.dll+1a172|C:\\Windows\\SYSTEM32\\psmserviceexthost.dll+19e3b|C:\\Windows\\SYSTEM32\\psmserviceexthost.dll+19318|C:\\Windows\\SYSTEM32\\ntdll.dll+3082d|C:\\Windows\\SYSTEM32\\ntdll.dll+345c4|C:\\Windows\\System32\\KERNEL32.DLL+17944|C:\\Windows\\SYSTEM32\\ntdll.dll+6ce71","EventID":10,"EventType":"INFO","TargetProcessGUID":"{a158f72c-4a97-5de8-0000-00105c300200}","UtcTime":"2019-12-05 04:43:26.365","UserID":"S-1-5-18","SourceThreadId":"8424","SourceName":"Microsoft-Windows-Sysmon","Domain":"NT AUTHORITY","AccountType":"User","OpcodeValue":0,"Message":"Process accessed:\r\nRuleName: \r\nUtcTime: 2019-12-05 04:43:26.365\r\nSourceProcessGUID: {a158f72c-4a94-5de8-0000-001033890000}\r\nSourceProcessId: 968\r\nSourceThreadId: 8424\r\nSourceImage: C:\\Windows\\system32\\svchost.exe\r\nTargetProcessGUID: {a158f72c-4a97-5de8-0000-00105c300200}\r\nTargetProcessId: 3236\r\nTargetImage: C:\\Windows\\System32\\svchost.exe\r\nGrantedAccess: 0x1000\r\nCallTrace: C:\\Windows\\SYSTEM32\\ntdll.dll+9c524|C:\\Windows\\SYSTEM32\\psmserviceexthost.dll+222a3|C:\\Windows\\SYSTEM32\\psmserviceexthost.dll+1a172|C:\\Windows\\SYSTEM32\\psmserviceexthost.dll+19e3b|C:\\Windows\\SYSTEM32\\psmserviceexthost.dll+19318|C:\\Windows\\SYSTEM32\\ntdll.dll+3082d|C:\\Windows\\SYSTEM32\\ntdll.dll+345c4|C:\\Windows\\System32\\KERNEL32.DLL+17944|C:\\Windows\\SYSTEM32\\ntdll.dll+6ce71","Task":10,"Severity":"INFO","Keywords":-9223372036854775808,"@timestamp":"2019-12-05T04:43:28.591Z","EventTime":"2019-12-04 23:43:26","SeverityValue":2,"ProcessID":3144,"ThreadID":4584,"AccountName":"SYSTEM","TargetImage":"C:\\Windows\\System32\\svchost.exe","SourceModuleType":"im_msvistalog","Hostname":"HR001.shire.com","SourceModuleName":"eventlog","SourceProcessGUID":"{a158f72c-4a94-5de8-0000-001033890000}","TargetProcessId":"3236","@version":"1"}
{"Channel":"Microsoft-Windows-Sysmon/Operational","RecordNumber":224482,"ProviderGuid":"{5770385F-C22A-43E0-BF4C-06F5698FFBD9}","User":"NT AUTHORITY\\NETWORK SERVICE","DestinationIp":"172.18.39.102","SourceName":"Microsoft-Windows-Sysmon","Domain":"NT AUTHORITY","AccountType":"User","OpcodeValue":0,"Message":"Network connection detected:\r\nRuleName: \r\nUtcTime: 2019-12-05 04:43:24.163\r\nProcessGuid: {a158f72c-4a97-5de8-0000-00105c300200}\r\nProcessId: 3236\r\nImage: C:\\Windows\\System32\\svchost.exe\r\nUser: NT AUTHORITY\\NETWORK SERVICE\r\nProtocol: tcp\r\nInitiated: true\r\nSourceIsIpv6: false\r\nSourceIp: 172.18.39.106\r\nSourceHostname: HR001.shire.com\r\nSourcePort: 51735\r\nSourcePortName: \r\nDestinationIsIpv6: false\r\nDestinationIp: 172.18.39.102\r\nDestinationHostname: ip-172-18-39-102.ec2.internal\r\nDestinationPort: 5985\r\nDestinationPortName: ","ProcessID":3144,"SeverityValue":2,"SourceModuleType":"im_msvistalog","DestinationPort":"5985","@version":"1","Version":5,"EventReceivedTime":"2019-12-04 23:43:28","Image":"C:\\Windows\\System32\\svchost.exe","type":"nxlog-mordor","host":"ip-172-18-39-102.ec2.internal","port":49730,"EventID":3,"EventType":"INFO","SourceHostname":"HR001.shire.com","SourceIp":"172.18.39.106","UtcTime":"2019-12-05 04:43:24.163","UserID":"S-1-5-18","ProcessGuid":"{a158f72c-4a97-5de8-0000-00105c300200}","SourcePort":"51735","Task":3,"Severity":"INFO","Keywords":-9223372036854775808,"@timestamp":"2019-12-05T04:43:28.592Z","SourceIsIpv6":"false","EventTime":"2019-12-04 23:43:26","ThreadID":4008,"Protocol":"tcp","AccountName":"SYSTEM","Initiated":"true","DestinationIsIpv6":"false","DestinationHostname":"ip-172-18-39-102.ec2.internal","Hostname":"HR001.shire.com","SourceModuleName":"eventlog"}
{"Version":3,"GrantedAccess":"0x1000","EventReceivedTime":"2019-12-04 23:43:28","type":"nxlog-mordor","SourceImage":"C:\\Windows\\system32\\svchost.exe","host":"ip-172-18-39-102.ec2.internal","Channel":"Microsoft-Windows-Sysmon/Operational","RecordNumber":224479,"SourceProcessId":"968","port":49730,"ProviderGuid":"{5770385F-C22A-43E0-BF4C-06F5698FFBD9}","CallTrace":"C:\\Windows\\SYSTEM32\\ntdll.dll+9c524|C:\\Windows\\SYSTEM32\\psmserviceexthost.dll+222a3|C:\\Windows\\SYSTEM32\\psmserviceexthost.dll+1a172|C:\\Windows\\SYSTEM32\\psmserviceexthost.dll+19e3b|C:\\Windows\\SYSTEM32\\psmserviceexthost.dll+19318|C:\\Windows\\SYSTEM32\\ntdll.dll+3082d|C:\\Windows\\SYSTEM32\\ntdll.dll+345c4|C:\\Windows\\System32\\KERNEL32.DLL+17944|C:\\Windows\\SYSTEM32\\ntdll.dll+6ce71","EventID":10,"EventType":"INFO","TargetProcessGUID":"{a158f72c-4a97-5de8-0000-00105c300200}","UtcTime":"2019-12-05 04:43:26.365","UserID":"S-1-5-18","SourceThreadId":"8424","SourceName":"Microsoft-Windows-Sysmon","Domain":"NT AUTHORITY","AccountType":"User","OpcodeValue":0,"Message":"Process accessed:\r\nRuleName: \r\nUtcTime: 2019-12-05 04:43:26.365\r\nSourceProcessGUID: {a158f72c-4a94-5de8-0000-001033890000}\r\nSourceProcessId: 968\r\nSourceThreadId: 8424\r\nSourceImage: C:\\Windows\\system32\\svchost.exe\r\nTargetProcessGUID: {a158f72c-4a97-5de8-0000-00105c300200}\r\nTargetProcessId: 3236\r\nTargetImage: C:\\Windows\\System32\\svchost.exe\r\nGrantedAccess: 0x1000\r\nCallTrace: C:\\Windows\\SYSTEM32\\ntdll.dll+9c524|C:\\Windows\\SYSTEM32\\psmserviceexthost.dll+222a3|C:\\Windows\\SYSTEM32\\psmserviceexthost.dll+1a172|C:\\Windows\\SYSTEM32\\psmserviceexthost.dll+19e3b|C:\\Windows\\SYSTEM32\\psmserviceexthost.dll+19318|C:\\Windows\\SYSTEM32\\ntdll.dll+3082d|C:\\Windows\\SYSTEM32\\ntdll.dll+345c4|C:\\Windows\\System32\\KERNEL32.DLL+17944|C:\\Windows\\SYSTEM32\\ntdll.dll+6ce71","Task":10,"Severity":"INFO","Keywords":-9223372036854775808,"@timestamp":"2019-12-05T04:43:28.591Z","EventTime":"2019-12-04 23:43:26","SeverityValue":2,"ProcessID":3144,"ThreadID":4584,"AccountName":"SYSTEM","TargetImage":"C:\\Windows\\System32\\svchost.exe","SourceModuleType":"im_msvistalog","Hostname":"HR001.shire.com","SourceModuleName":"eventlog","SourceProcessGUID":"{a158f72c-4a94-5de8-0000-001033890000}","TargetProcessId":"3236","@version":"1"}
{"Channel":"Microsoft-Windows-Sysmon/Operational","RecordNumber":102444,"ProviderGuid":"{5770385F-C22A-43E0-BF4C-06F5698FFBD9}","User":"NT AUTHORITY\\LOCAL SERVICE","DestinationIp":"172.18.39.6","SourceName":"Microsoft-Windows-Sysmon","Domain":"NT AUTHORITY","AccountType":"User","OpcodeValue":0,"Message":"Network connection detected:\r\nRuleName: \r\nUtcTime: 2019-12-05 04:43:25.190\r\nProcessGuid: {d14e8c55-47b8-5de8-0000-0010ebd60000}\r\nProcessId: 1144\r\nImage: C:\\Windows\\System32\\svchost.exe\r\nUser: NT AUTHORITY\\LOCAL SERVICE\r\nProtocol: udp\r\nInitiated: false\r\nSourceIsIpv6: false\r\nSourceIp: 172.18.39.5\r\nSourceHostname: HFDC01.shire.com\r\nSourcePort: 123\r\nSourcePortName: ntp\r\nDestinationIsIpv6: false\r\nDestinationIp: 172.18.39.6\r\nDestinationHostname: ip-172-18-39-6.ec2.internal\r\nDestinationPort: 47423\r\nDestinationPortName: ","ProcessID":2644,"SeverityValue":2,"SourceModuleType":"im_msvistalog","DestinationPort":"47423","@version":"1","Version":5,"EventReceivedTime":"2019-12-04 23:43:28","Image":"C:\\Windows\\System32\\svchost.exe","type":"nxlog-mordor","host":"ip-172-18-39-102.ec2.internal","port":49730,"EventID":3,"EventType":"INFO","SourceHostname":"HFDC01.shire.com","SourceIp":"172.18.39.5","UtcTime":"2019-12-05 04:43:25.190","UserID":"S-1-5-18","ProcessGuid":"{d14e8c55-47b8-5de8-0000-0010ebd60000}","SourcePort":"123","Task":3,"Severity":"INFO","Keywords":-9223372036854775808,"@timestamp":"2019-12-05T04:43:28.592Z","SourceIsIpv6":"false","EventTime":"2019-12-04 23:43:26","ThreadID":3616,"Protocol":"udp","AccountName":"SYSTEM","Initiated":"false","DestinationIsIpv6":"false","DestinationHostname":"ip-172-18-39-6.ec2.internal","Hostname":"HFDC01.shire.com","SourceModuleName":"eventlog","SourcePortName":"ntp"}
{"Version":3,"GrantedAccess":"0x1000","EventReceivedTime":"2019-12-04 23:43:28","type":"nxlog-mordor","SourceImage":"C:\\Windows\\system32\\svchost.exe","host":"ip-172-18-39-102.ec2.internal","Channel":"Microsoft-Windows-Sysmon/Operational","RecordNumber":224480,"SourceProcessId":"968","port":49730,"ProviderGuid":"{5770385F-C22A-43E0-BF4C-06F5698FFBD9}","CallTrace":"C:\\Windows\\SYSTEM32\\ntdll.dll+9c524|C:\\Windows\\SYSTEM32\\psmserviceexthost.dll+222a3|C:\\Windows\\SYSTEM32\\psmserviceexthost.dll+1a172|C:\\Windows\\SYSTEM32\\psmserviceexthost.dll+19e3b|C:\\Windows\\SYSTEM32\\psmserviceexthost.dll+19318|C:\\Windows\\SYSTEM32\\ntdll.dll+3082d|C:\\Windows\\SYSTEM32\\ntdll.dll+345c4|C:\\Windows\\System32\\KERNEL32.DLL+17944|C:\\Windows\\SYSTEM32\\ntdll.dll+6ce71","EventID":10,"EventType":"INFO","TargetProcessGUID":"{a158f72c-4a97-5de8-0000-00105c300200}","UtcTime":"2019-12-05 04:43:26.365","UserID":"S-1-5-18","SourceThreadId":"8424","SourceName":"Microsoft-Windows-Sysmon","Domain":"NT AUTHORITY","AccountType":"User","OpcodeValue":0,"Message":"Process accessed:\r\nRuleName: \r\nUtcTime: 2019-12-05 04:43:26.365\r\nSourceProcessGUID: {a158f72c-4a94-5de8-0000-001033890000}\r\nSourceProcessId: 968\r\nSourceThreadId: 8424\r\nSourceImage: C:\\Windows\\system32\\svchost.exe\r\nTargetProcessGUID: {a158f72c-4a97-5de8-0000-00105c300200}\r\nTargetProcessId: 3236\r\nTargetImage: C:\\Windows\\System32\\svchost.exe\r\nGrantedAccess: 0x1000\r\nCallTrace: C:\\Windows\\SYSTEM32\\ntdll.dll+9c524|C:\\Windows\\SYSTEM32\\psmserviceexthost.dll+222a3|C:\\Windows\\SYSTEM32\\psmserviceexthost.dll+1a172|C:\\Windows\\SYSTEM32\\psmserviceexthost.dll+19e3b|C:\\Windows\\SYSTEM32\\psmserviceexthost.dll+19318|C:\\Windows\\SYSTEM32\\ntdll.dll+3082d|C:\\Windows\\SYSTEM32\\ntdll.dll+345c4|C:\\Windows\\System32\\KERNEL32.DLL+17944|C:\\Windows\\SYSTEM32\\ntdll.dll+6ce71","Task":10,"Severity":"INFO","Keywords":-9223372036854775808,"@timestamp":"2019-12-05T04:43:28.591Z","EventTime":"2019-12-04 23:43:26","SeverityValue":2,"ProcessID":3144,"ThreadID":4584,"AccountName":"SYSTEM","TargetImage":"C:\\Windows\\System32\\svchost.exe","SourceModuleType":"im_msvistalog","Hostname":"HR001.shire.com","SourceModuleName":"eventlog","SourceProcessGUID":"{a158f72c-4a94-5de8-0000-001033890000}","TargetProcessId":"3236","@version":"1"}
{"Version":3,"GrantedAccess":"0x1000","EventReceivedTime":"2019-12-04 23:43:28","type":"nxlog-mordor","SourceImage":"C:\\Windows\\system32\\svchost.exe","host":"ip-172-18-39-102.ec2.internal","Channel":"Microsoft-Windows-Sysmon/Operational","RecordNumber":224483,"SourceProcessId":"968","port":49730,"ProviderGuid":"{5770385F-C22A-43E0-BF4C-06F5698FFBD9}","CallTrace":"C:\\Windows\\SYSTEM32\\ntdll.dll+9c524|C:\\Windows\\SYSTEM32\\psmserviceexthost.dll+222a3|C:\\Windows\\SYSTEM32\\psmserviceexthost.dll+1a172|C:\\Windows\\SYSTEM32\\psmserviceexthost.dll+19e3b|C:\\Windows\\SYSTEM32\\psmserviceexthost.dll+19318|C:\\Windows\\SYSTEM32\\ntdll.dll+3082d|C:\\Windows\\SYSTEM32\\ntdll.dll+345c4|C:\\Windows\\System32\\KERNEL32.DLL+17944|C:\\Windows\\SYSTEM32\\ntdll.dll+6ce71","EventID":10,"EventType":"INFO","TargetProcessGUID":"{a158f72c-4a97-5de8-0000-00105c300200}","UtcTime":"2019-12-05 04:43:27.365","UserID":"S-1-5-18","SourceThreadId":"5432","SourceName":"Microsoft-Windows-Sysmon","Domain":"NT AUTHORITY","AccountType":"User","OpcodeValue":0,"Message":"Process accessed:\r\nRuleName: \r\nUtcTime: 2019-12-05 04:43:27.365\r\nSourceProcessGUID: {a158f72c-4a94-5de8-0000-001033890000}\r\nSourceProcessId: 968\r\nSourceThreadId: 5432\r\nSourceImage: C:\\Windows\\system32\\svchost.exe\r\nTargetProcessGUID: {a158f72c-4a97-5de8-0000-00105c300200}\r\nTargetProcessId: 3236\r\nTargetImage: C:\\Windows\\System32\\svchost.exe\r\nGrantedAccess: 0x1000\r\nCallTrace: C:\\Windows\\SYSTEM32\\ntdll.dll+9c524|C:\\Windows\\SYSTEM32\\psmserviceexthost.dll+222a3|C:\\Windows\\SYSTEM32\\psmserviceexthost.dll+1a172|C:\\Windows\\SYSTEM32\\psmserviceexthost.dll+19e3b|C:\\Windows\\SYSTEM32\\psmserviceexthost.dll+19318|C:\\Windows\\SYSTEM32\\ntdll.dll+3082d|C:\\Windows\\SYSTEM32\\ntdll.dll+345c4|C:\\Windows\\System32\\KERNEL32.DLL+17944|C:\\Windows\\SYSTEM32\\ntdll.dll+6ce71","Task":10,"Severity":"INFO","Keywords":-9223372036854775808,"@timestamp":"2019-12-05T04:43:28.593Z","EventTime":"2019-12-04 23:43:27","SeverityValue":2,"ProcessID":3144,"ThreadID":4584,"AccountName":"SYSTEM","TargetImage":"C:\\Windows\\System32\\svchost.exe","SourceModuleType":"im_msvistalog","Hostname":"HR001.shire.com","SourceModuleName":"eventlog","SourceProcessGUID":"{a158f72c-4a94-5de8-0000-001033890000}","TargetProcessId":"3236","@version":"1"}
{"Version":3,"GrantedAccess":"0x1400","EventReceivedTime":"2019-12-04 23:43:29","type":"nxlog-mordor","SourceImage":"C:\\Windows\\System32\\svchost.exe","host":"ip-172-18-39-102.ec2.internal","Channel":"Microsoft-Windows-Sysmon/Operational","RecordNumber":224486,"SourceProcessId":"3620","port":49730,"ProviderGuid":"{5770385F-C22A-43E0-BF4C-06F5698FFBD9}","CallTrace":"C:\\Windows\\SYSTEM32\\ntdll.dll+9c524|C:\\Windows\\System32\\KERNELBASE.dll+2730e|c:\\windows\\system32\\rasmans.dll+3751b|c:\\windows\\system32\\rasmans.dll+36fad|c:\\windows\\system32\\rasmans.dll+10ed8|c:\\windows\\system32\\rasmans.dll+33cd5|C:\\Windows\\System32\\svchost.exe+314c|C:\\Windows\\System32\\sechost.dll+2de2|C:\\Windows\\System32\\KERNEL32.DLL+17944|C:\\Windows\\SYSTEM32\\ntdll.dll+6ce71","EventID":10,"EventType":"INFO","TargetProcessGUID":"{a158f72c-4a96-5de8-0000-001017120200}","UtcTime":"2019-12-05 04:43:28.287","UserID":"S-1-5-18","SourceThreadId":"3708","SourceName":"Microsoft-Windows-Sysmon","Domain":"NT AUTHORITY","AccountType":"User","OpcodeValue":0,"Message":"Process accessed:\r\nRuleName: \r\nUtcTime: 2019-12-05 04:43:28.287\r\nSourceProcessGUID: {a158f72c-4a98-5de8-0000-00100c790200}\r\nSourceProcessId: 3620\r\nSourceThreadId: 3708\r\nSourceImage: C:\\Windows\\System32\\svchost.exe\r\nTargetProcessGUID: {a158f72c-4a96-5de8-0000-001017120200}\r\nTargetProcessId: 2208\r\nTargetImage: C:\\Program Files\\Amazon\\Ec2ConfigService\\Ec2Config.exe\r\nGrantedAccess: 0x1400\r\nCallTrace: C:\\Windows\\SYSTEM32\\ntdll.dll+9c524|C:\\Windows\\System32\\KERNELBASE.dll+2730e|c:\\windows\\system32\\rasmans.dll+3751b|c:\\windows\\system32\\rasmans.dll+36fad|c:\\windows\\system32\\rasmans.dll+10ed8|c:\\windows\\system32\\rasmans.dll+33cd5|C:\\Windows\\System32\\svchost.exe+314c|C:\\Windows\\System32\\sechost.dll+2de2|C:\\Windows\\System32\\KERNEL32.DLL+17944|C:\\Windows\\SYSTEM32\\ntdll.dll+6ce71","Task":10,"Severity":"INFO","Keywords":-9223372036854775808,"@timestamp":"2019-12-05T04:43:29.607Z","EventTime":"2019-12-04 23:43:28","SeverityValue":2,"ProcessID":3144,"ThreadID":4584,"AccountName":"SYSTEM","TargetImage":"C:\\Program Files\\Amazon\\Ec2ConfigService\\Ec2Config.exe","SourceModuleType":"im_msvistalog","Hostname":"HR001.shire.com","SourceModuleName":"eventlog","SourceProcessGUID":"{a158f72c-4a98-5de8-0000-00100c790200}","TargetProcessId":"2208","@version":"1"}
{"Version":3,"GrantedAccess":"0x1000","EventReceivedTime":"2019-12-04 23:43:29","type":"nxlog-mordor","SourceImage":"C:\\Windows\\system32\\svchost.exe","host":"ip-172-18-39-102.ec2.internal","Channel":"Microsoft-Windows-Sysmon/Operational","RecordNumber":224487,"SourceProcessId":"968","port":49730,"ProviderGuid":"{5770385F-C22A-43E0-BF4C-06F5698FFBD9}","CallTrace":"C:\\Windows\\SYSTEM32\\ntdll.dll+9c524|C:\\Windows\\SYSTEM32\\psmserviceexthost.dll+222a3|C:\\Windows\\SYSTEM32\\psmserviceexthost.dll+1a172|C:\\Windows\\SYSTEM32\\psmserviceexthost.dll+19e3b|C:\\Windows\\SYSTEM32\\psmserviceexthost.dll+19318|C:\\Windows\\SYSTEM32\\ntdll.dll+3082d|C:\\Windows\\SYSTEM32\\ntdll.dll+345c4|C:\\Windows\\System32\\KERNEL32.DLL+17944|C:\\Windows\\SYSTEM32\\ntdll.dll+6ce71","EventID":10,"EventType":"INFO","TargetProcessGUID":"{a158f72c-4a97-5de8-0000-00105c300200}","UtcTime":"2019-12-05 04:43:28.380","UserID":"S-1-5-18","SourceThreadId":"8424","SourceName":"Microsoft-Windows-Sysmon","Domain":"NT AUTHORITY","AccountType":"User","OpcodeValue":0,"Message":"Process accessed:\r\nRuleName: \r\nUtcTime: 2019-12-05 04:43:28.380\r\nSourceProcessGUID: {a158f72c-4a94-5de8-0000-001033890000}\r\nSourceProcessId: 968\r\nSourceThreadId: 8424\r\nSourceImage: C:\\Windows\\system32\\svchost.exe\r\nTargetProcessGUID: {a158f72c-4a97-5de8-0000-00105c300200}\r\nTargetProcessId: 3236\r\nTargetImage: C:\\Windows\\System32\\svchost.exe\r\nGrantedAccess: 0x1000\r\nCallTrace: C:\\Windows\\SYSTEM32\\ntdll.dll+9c524|C:\\Windows\\SYSTEM32\\psmserviceexthost.dll+222a3|C:\\Windows\\SYSTEM32\\psmserviceexthost.dll+1a172|C:\\Windows\\SYSTEM32\\psmserviceexthost.dll+19e3b|C:\\Windows\\SYSTEM32\\psmserviceexthost.dll+19318|C:\\Windows\\SYSTEM32\\ntdll.dll+3082d|C:\\Windows\\SYSTEM32\\ntdll.dll+345c4|C:\\Windows\\System32\\KERNEL32.DLL+17944|C:\\Windows\\SYSTEM32\\ntdll.dll+6ce71","Task":10,"Severity":"INFO","Keywords":-9223372036854775808,"@timestamp":"2019-12-05T04:43:29.607Z","EventTime":"2019-12-04 23:43:28","SeverityValue":2,"ProcessID":3144,"ThreadID":4584,"AccountName":"SYSTEM","TargetImage":"C:\\Windows\\System32\\svchost.exe","SourceModuleType":"im_msvistalog","Hostname":"HR001.shire.com","SourceModuleName":"eventlog","SourceProcessGUID":"{a158f72c-4a94-5de8-0000-001033890000}","TargetProcessId":"3236","@version":"1"}
{"Version":3,"GrantedAccess":"0x1000","EventReceivedTime":"2019-12-04 23:43:29","type":"nxlog-mordor","SourceImage":"C:\\Windows\\system32\\svchost.exe","host":"ip-172-18-39-102.ec2.internal","Channel":"Microsoft-Windows-Sysmon/Operational","RecordNumber":224484,"SourceProcessId":"968","port":49730,"ProviderGuid":"{5770385F-C22A-43E0-BF4C-06F5698FFBD9}","CallTrace":"C:\\Windows\\SYSTEM32\\ntdll.dll+9c524|C:\\Windows\\SYSTEM32\\psmserviceexthost.dll+222a3|C:\\Windows\\SYSTEM32\\psmserviceexthost.dll+1a172|C:\\Windows\\SYSTEM32\\psmserviceexthost.dll+19e3b|C:\\Windows\\SYSTEM32\\psmserviceexthost.dll+19318|C:\\Windows\\SYSTEM32\\ntdll.dll+3082d|C:\\Windows\\SYSTEM32\\ntdll.dll+345c4|C:\\Windows\\System32\\KERNEL32.DLL+17944|C:\\Windows\\SYSTEM32\\ntdll.dll+6ce71","EventID":10,"EventType":"INFO","TargetProcessGUID":"{a158f72c-4a97-5de8-0000-00105c300200}","UtcTime":"2019-12-05 04:43:27.365","UserID":"S-1-5-18","SourceThreadId":"5432","SourceName":"Microsoft-Windows-Sysmon","Domain":"NT AUTHORITY","AccountType":"User","OpcodeValue":0,"Message":"Process accessed:\r\nRuleName: \r\nUtcTime: 2019-12-05 04:43:27.365\r\nSourceProcessGUID: {a158f72c-4a94-5de8-0000-001033890000}\r\nSourceProcessId: 968\r\nSourceThreadId: 5432\r\nSourceImage: C:\\Windows\\system32\\svchost.exe\r\nTargetProcessGUID: {a158f72c-4a97-5de8-0000-00105c300200}\r\nTargetProcessId: 3236\r\nTargetImage: C:\\Windows\\System32\\svchost.exe\r\nGrantedAccess: 0x1000\r\nCallTrace: C:\\Windows\\SYSTEM32\\ntdll.dll+9c524|C:\\Windows\\SYSTEM32\\psmserviceexthost.dll+222a3|C:\\Windows\\SYSTEM32\\psmserviceexthost.dll+1a172|C:\\Windows\\SYSTEM32\\psmserviceexthost.dll+19e3b|C:\\Windows\\SYSTEM32\\psmserviceexthost.dll+19318|C:\\Windows\\SYSTEM32\\ntdll.dll+3082d|C:\\Windows\\SYSTEM32\\ntdll.dll+345c4|C:\\Windows\\System32\\KERNEL32.DLL+17944|C:\\Windows\\SYSTEM32\\ntdll.dll+6ce71","Task":10,"Severity":"INFO","Keywords":-9223372036854775808,"@timestamp":"2019-12-05T04:43:29.607Z","EventTime":"2019-12-04 23:43:27","SeverityValue":2,"ProcessID":3144,"ThreadID":4584,"AccountName":"SYSTEM","TargetImage":"C:\\Windows\\System32\\svchost.exe","SourceModuleType":"im_msvistalog","Hostname":"HR001.shire.com","SourceModuleName":"eventlog","SourceProcessGUID":"{a158f72c-4a94-5de8-0000-001033890000}","TargetProcessId":"3236","@version":"1"}
{"Version":3,"GrantedAccess":"0x1000","EventReceivedTime":"2019-12-04 23:43:29","type":"nxlog-mordor","SourceImage":"C:\\Windows\\system32\\svchost.exe","host":"ip-172-18-39-102.ec2.internal","Channel":"Microsoft-Windows-Sysmon/Operational","RecordNumber":224488,"SourceProcessId":"968","port":49730,"ProviderGuid":"{5770385F-C22A-43E0-BF4C-06F5698FFBD9}","CallTrace":"C:\\Windows\\SYSTEM32\\ntdll.dll+9c524|C:\\Windows\\SYSTEM32\\psmserviceexthost.dll+222a3|C:\\Windows\\SYSTEM32\\psmserviceexthost.dll+1a172|C:\\Windows\\SYSTEM32\\psmserviceexthost.dll+19e3b|C:\\Windows\\SYSTEM32\\psmserviceexthost.dll+19318|C:\\Windows\\SYSTEM32\\ntdll.dll+3082d|C:\\Windows\\SYSTEM32\\ntdll.dll+345c4|C:\\Windows\\System32\\KERNEL32.DLL+17944|C:\\Windows\\SYSTEM32\\ntdll.dll+6ce71","EventID":10,"EventType":"INFO","TargetProcessGUID":"{a158f72c-4a97-5de8-0000-00105c300200}","UtcTime":"2019-12-05 04:43:28.380","UserID":"S-1-5-18","SourceThreadId":"8424","SourceName":"Microsoft-Windows-Sysmon","Domain":"NT AUTHORITY","AccountType":"User","OpcodeValue":0,"Message":"Process accessed:\r\nRuleName: \r\nUtcTime: 2019-12-05 04:43:28.380\r\nSourceProcessGUID: {a158f72c-4a94-5de8-0000-001033890000}\r\nSourceProcessId: 968\r\nSourceThreadId: 8424\r\nSourceImage: C:\\Windows\\system32\\svchost.exe\r\nTargetProcessGUID: {a158f72c-4a97-5de8-0000-00105c300200}\r\nTargetProcessId: 3236\r\nTargetImage: C:\\Windows\\System32\\svchost.exe\r\nGrantedAccess: 0x1000\r\nCallTrace: C:\\Windows\\SYSTEM32\\ntdll.dll+9c524|C:\\Windows\\SYSTEM32\\psmserviceexthost.dll+222a3|C:\\Windows\\SYSTEM32\\psmserviceexthost.dll+1a172|C:\\Windows\\SYSTEM32\\psmserviceexthost.dll+19e3b|C:\\Windows\\SYSTEM32\\psmserviceexthost.dll+19318|C:\\Windows\\SYSTEM32\\ntdll.dll+3082d|C:\\Windows\\SYSTEM32\\ntdll.dll+345c4|C:\\Windows\\System32\\KERNEL32.DLL+17944|C:\\Windows\\SYSTEM32\\ntdll.dll+6ce71","Task":10,"Severity":"INFO","Keywords":-9223372036854775808,"@timestamp":"2019-12-05T04:43:29.607Z","EventTime":"2019-12-04 23:43:28","SeverityValue":2,"ProcessID":3144,"ThreadID":4584,"AccountName":"SYSTEM","TargetImage":"C:\\Windows\\System32\\svchost.exe","SourceModuleType":"im_msvistalog","Hostname":"HR001.shire.com","SourceModuleName":"eventlog","SourceProcessGUID":"{a158f72c-4a94-5de8-0000-001033890000}","TargetProcessId":"3236","@version":"1"}
{"Version":3,"GrantedAccess":"0x1000","EventReceivedTime":"2019-12-04 23:43:29","type":"nxlog-mordor","SourceImage":"C:\\Windows\\system32\\svchost.exe","host":"ip-172-18-39-102.ec2.internal","Channel":"Microsoft-Windows-Sysmon/Operational","RecordNumber":224485,"SourceProcessId":"968","port":49730,"ProviderGuid":"{5770385F-C22A-43E0-BF4C-06F5698FFBD9}","CallTrace":"C:\\Windows\\SYSTEM32\\ntdll.dll+9c524|C:\\Windows\\SYSTEM32\\psmserviceexthost.dll+222a3|C:\\Windows\\SYSTEM32\\psmserviceexthost.dll+1a172|C:\\Windows\\SYSTEM32\\psmserviceexthost.dll+19e3b|C:\\Windows\\SYSTEM32\\psmserviceexthost.dll+19318|C:\\Windows\\SYSTEM32\\ntdll.dll+3082d|C:\\Windows\\SYSTEM32\\ntdll.dll+345c4|C:\\Windows\\System32\\KERNEL32.DLL+17944|C:\\Windows\\SYSTEM32\\ntdll.dll+6ce71","EventID":10,"EventType":"INFO","TargetProcessGUID":"{a158f72c-4a97-5de8-0000-00105c300200}","UtcTime":"2019-12-05 04:43:27.365","UserID":"S-1-5-18","SourceThreadId":"8312","SourceName":"Microsoft-Windows-Sysmon","Domain":"NT AUTHORITY","AccountType":"User","OpcodeValue":0,"Message":"Process accessed:\r\nRuleName: \r\nUtcTime: 2019-12-05 04:43:27.365\r\nSourceProcessGUID: {a158f72c-4a94-5de8-0000-001033890000}\r\nSourceProcessId: 968\r\nSourceThreadId: 8312\r\nSourceImage: C:\\Windows\\system32\\svchost.exe\r\nTargetProcessGUID: {a158f72c-4a97-5de8-0000-00105c300200}\r\nTargetProcessId: 3236\r\nTargetImage: C:\\Windows\\System32\\svchost.exe\r\nGrantedAccess: 0x1000\r\nCallTrace: C:\\Windows\\SYSTEM32\\ntdll.dll+9c524|C:\\Windows\\SYSTEM32\\psmserviceexthost.dll+222a3|C:\\Windows\\SYSTEM32\\psmserviceexthost.dll+1a172|C:\\Windows\\SYSTEM32\\psmserviceexthost.dll+19e3b|C:\\Windows\\SYSTEM32\\psmserviceexthost.dll+19318|C:\\Windows\\SYSTEM32\\ntdll.dll+3082d|C:\\Windows\\SYSTEM32\\ntdll.dll+345c4|C:\\Windows\\System32\\KERNEL32.DLL+17944|C:\\Windows\\SYSTEM32\\ntdll.dll+6ce71","Task":10,"Severity":"INFO","Keywords":-9223372036854775808,"@timestamp":"2019-12-05T04:43:29.607Z","EventTime":"2019-12-04 23:43:27","SeverityValue":2,"ProcessID":3144,"ThreadID":4584,"AccountName":"SYSTEM","TargetImage":"C:\\Windows\\System32\\svchost.exe","SourceModuleType":"im_msvistalog","Hostname":"HR001.shire.com","SourceModuleName":"eventlog","SourceProcessGUID":"{a158f72c-4a94-5de8-0000-001033890000}","TargetProcessId":"3236","@version":"1"}
{"Version":3,"GrantedAccess":"0x1000","EventReceivedTime":"2019-12-04 23:43:29","type":"nxlog-mordor","SourceImage":"C:\\Windows\\system32\\svchost.exe","host":"ip-172-18-39-102.ec2.internal","Channel":"Microsoft-Windows-Sysmon/Operational","RecordNumber":224489,"SourceProcessId":"968","port":49730,"ProviderGuid":"{5770385F-C22A-43E0-BF4C-06F5698FFBD9}","CallTrace":"C:\\Windows\\SYSTEM32\\ntdll.dll+9c524|C:\\Windows\\SYSTEM32\\psmserviceexthost.dll+222a3|C:\\Windows\\SYSTEM32\\psmserviceexthost.dll+1a172|C:\\Windows\\SYSTEM32\\psmserviceexthost.dll+19e3b|C:\\Windows\\SYSTEM32\\psmserviceexthost.dll+19318|C:\\Windows\\SYSTEM32\\ntdll.dll+3082d|C:\\Windows\\SYSTEM32\\ntdll.dll+345c4|C:\\Windows\\System32\\KERNEL32.DLL+17944|C:\\Windows\\SYSTEM32\\ntdll.dll+6ce71","EventID":10,"EventType":"INFO","TargetProcessGUID":"{a158f72c-4a97-5de8-0000-00105c300200}","UtcTime":"2019-12-05 04:43:28.380","UserID":"S-1-5-18","SourceThreadId":"5432","SourceName":"Microsoft-Windows-Sysmon","Domain":"NT AUTHORITY","AccountType":"User","OpcodeValue":0,"Message":"Process accessed:\r\nRuleName: \r\nUtcTime: 2019-12-05 04:43:28.380\r\nSourceProcessGUID: {a158f72c-4a94-5de8-0000-001033890000}\r\nSourceProcessId: 968\r\nSourceThreadId: 5432\r\nSourceImage: C:\\Windows\\system32\\svchost.exe\r\nTargetProcessGUID: {a158f72c-4a97-5de8-0000-00105c300200}\r\nTargetProcessId: 3236\r\nTargetImage: C:\\Windows\\System32\\svchost.exe\r\nGrantedAccess: 0x1000\r\nCallTrace: C:\\Windows\\SYSTEM32\\ntdll.dll+9c524|C:\\Windows\\SYSTEM32\\psmserviceexthost.dll+222a3|C:\\Windows\\SYSTEM32\\psmserviceexthost.dll+1a172|C:\\Windows\\SYSTEM32\\psmserviceexthost.dll+19e3b|C:\\Windows\\SYSTEM32\\psmserviceexthost.dll+19318|C:\\Windows\\SYSTEM32\\ntdll.dll+3082d|C:\\Windows\\SYSTEM32\\ntdll.dll+345c4|C:\\Windows\\System32\\KERNEL32.DLL+17944|C:\\Windows\\SYSTEM32\\ntdll.dll+6ce71","Task":10,"Severity":"INFO","Keywords":-9223372036854775808,"@timestamp":"2019-12-05T04:43:29.608Z","EventTime":"2019-12-04 23:43:28","SeverityValue":2,"ProcessID":3144,"ThreadID":4584,"AccountName":"SYSTEM","TargetImage":"C:\\Windows\\System32\\svchost.exe","SourceModuleType":"im_msvistalog","Hostname":"HR001.shire.com","SourceModuleName":"eventlog","SourceProcessGUID":"{a158f72c-4a94-5de8-0000-001033890000}","TargetProcessId":"3236","@version":"1"}
{"Version":3,"GrantedAccess":"0x1000","EventReceivedTime":"2019-12-04 23:43:31","type":"nxlog-mordor","SourceImage":"C:\\Windows\\system32\\svchost.exe","host":"ip-172-18-39-102.ec2.internal","Channel":"Microsoft-Windows-Sysmon/Operational","RecordNumber":224492,"SourceProcessId":"968","port":49730,"ProviderGuid":"{5770385F-C22A-43E0-BF4C-06F5698FFBD9}","CallTrace":"C:\\Windows\\SYSTEM32\\ntdll.dll+9c524|C:\\Windows\\SYSTEM32\\psmserviceexthost.dll+222a3|C:\\Windows\\SYSTEM32\\psmserviceexthost.dll+1a172|C:\\Windows\\SYSTEM32\\psmserviceexthost.dll+19e3b|C:\\Windows\\SYSTEM32\\psmserviceexthost.dll+19318|C:\\Windows\\SYSTEM32\\ntdll.dll+3082d|C:\\Windows\\SYSTEM32\\ntdll.dll+345c4|C:\\Windows\\System32\\KERNEL32.DLL+17944|C:\\Windows\\SYSTEM32\\ntdll.dll+6ce71","EventID":10,"EventType":"INFO","TargetProcessGUID":"{a158f72c-4a97-5de8-0000-00105c300200}","UtcTime":"2019-12-05 04:43:29.381","UserID":"S-1-5-18","SourceThreadId":"5432","SourceName":"Microsoft-Windows-Sysmon","Domain":"NT AUTHORITY","AccountType":"User","OpcodeValue":0,"Message":"Process accessed:\r\nRuleName: \r\nUtcTime: 2019-12-05 04:43:29.381\r\nSourceProcessGUID: {a158f72c-4a94-5de8-0000-001033890000}\r\nSourceProcessId: 968\r\nSourceThreadId: 5432\r\nSourceImage: C:\\Windows\\system32\\svchost.exe\r\nTargetProcessGUID: {a158f72c-4a97-5de8-0000-00105c300200}\r\nTargetProcessId: 3236\r\nTargetImage: C:\\Windows\\System32\\svchost.exe\r\nGrantedAccess: 0x1000\r\nCallTrace: C:\\Windows\\SYSTEM32\\ntdll.dll+9c524|C:\\Windows\\SYSTEM32\\psmserviceexthost.dll+222a3|C:\\Windows\\SYSTEM32\\psmserviceexthost.dll+1a172|C:\\Windows\\SYSTEM32\\psmserviceexthost.dll+19e3b|C:\\Windows\\SYSTEM32\\psmserviceexthost.dll+19318|C:\\Windows\\SYSTEM32\\ntdll.dll+3082d|C:\\Windows\\SYSTEM32\\ntdll.dll+345c4|C:\\Windows\\System32\\KERNEL32.DLL+17944|C:\\Windows\\SYSTEM32\\ntdll.dll+6ce71","Task":10,"Severity":"INFO","Keywords":-9223372036854775808,"@timestamp":"2019-12-05T04:43:31.638Z","EventTime":"2019-12-04 23:43:29","SeverityValue":2,"ProcessID":3144,"ThreadID":4584,"AccountName":"SYSTEM","TargetImage":"C:\\Windows\\System32\\svchost.exe","SourceModuleType":"im_msvistalog","Hostname":"HR001.shire.com","SourceModuleName":"eventlog","SourceProcessGUID":"{a158f72c-4a94-5de8-0000-001033890000}","TargetProcessId":"3236","@version":"1"}
{"Version":3,"GrantedAccess":"0x1000","EventReceivedTime":"2019-12-04 23:43:31","type":"nxlog-mordor","SourceImage":"C:\\Windows\\system32\\svchost.exe","host":"ip-172-18-39-102.ec2.internal","Channel":"Microsoft-Windows-Sysmon/Operational","RecordNumber":224490,"SourceProcessId":"968","port":49730,"ProviderGuid":"{5770385F-C22A-43E0-BF4C-06F5698FFBD9}","CallTrace":"C:\\Windows\\SYSTEM32\\ntdll.dll+9c524|C:\\Windows\\SYSTEM32\\psmserviceexthost.dll+222a3|C:\\Windows\\SYSTEM32\\psmserviceexthost.dll+1a172|C:\\Windows\\SYSTEM32\\psmserviceexthost.dll+19e3b|C:\\Windows\\SYSTEM32\\psmserviceexthost.dll+19318|C:\\Windows\\SYSTEM32\\ntdll.dll+3082d|C:\\Windows\\SYSTEM32\\ntdll.dll+345c4|C:\\Windows\\System32\\KERNEL32.DLL+17944|C:\\Windows\\SYSTEM32\\ntdll.dll+6ce71","EventID":10,"EventType":"INFO","TargetProcessGUID":"{a158f72c-4a97-5de8-0000-00105c300200}","UtcTime":"2019-12-05 04:43:29.381","UserID":"S-1-5-18","SourceThreadId":"5432","SourceName":"Microsoft-Windows-Sysmon","Domain":"NT AUTHORITY","AccountType":"User","OpcodeValue":0,"Message":"Process accessed:\r\nRuleName: \r\nUtcTime: 2019-12-05 04:43:29.381\r\nSourceProcessGUID: {a158f72c-4a94-5de8-0000-001033890000}\r\nSourceProcessId: 968\r\nSourceThreadId: 5432\r\nSourceImage: C:\\Windows\\system32\\svchost.exe\r\nTargetProcessGUID: {a158f72c-4a97-5de8-0000-00105c300200}\r\nTargetProcessId: 3236\r\nTargetImage: C:\\Windows\\System32\\svchost.exe\r\nGrantedAccess: 0x1000\r\nCallTrace: C:\\Windows\\SYSTEM32\\ntdll.dll+9c524|C:\\Windows\\SYSTEM32\\psmserviceexthost.dll+222a3|C:\\Windows\\SYSTEM32\\psmserviceexthost.dll+1a172|C:\\Windows\\SYSTEM32\\psmserviceexthost.dll+19e3b|C:\\Windows\\SYSTEM32\\psmserviceexthost.dll+19318|C:\\Windows\\SYSTEM32\\ntdll.dll+3082d|C:\\Windows\\SYSTEM32\\ntdll.dll+345c4|C:\\Windows\\System32\\KERNEL32.DLL+17944|C:\\Windows\\SYSTEM32\\ntdll.dll+6ce71","Task":10,"Severity":"INFO","Keywords":-9223372036854775808,"@timestamp":"2019-12-05T04:43:31.638Z","EventTime":"2019-12-04 23:43:29","SeverityValue":2,"ProcessID":3144,"ThreadID":4584,"AccountName":"SYSTEM","TargetImage":"C:\\Windows\\System32\\svchost.exe","SourceModuleType":"im_msvistalog","Hostname":"HR001.shire.com","SourceModuleName":"eventlog","SourceProcessGUID":"{a158f72c-4a94-5de8-0000-001033890000}","TargetProcessId":"3236","@version":"1"}
{"Version":3,"GrantedAccess":"0x1000","EventReceivedTime":"2019-12-04 23:43:31","type":"nxlog-mordor","SourceImage":"C:\\Windows\\system32\\svchost.exe","host":"ip-172-18-39-102.ec2.internal","Channel":"Microsoft-Windows-Sysmon/Operational","RecordNumber":224491,"SourceProcessId":"968","port":49730,"ProviderGuid":"{5770385F-C22A-43E0-BF4C-06F5698FFBD9}","CallTrace":"C:\\Windows\\SYSTEM32\\ntdll.dll+9c524|C:\\Windows\\SYSTEM32\\psmserviceexthost.dll+222a3|C:\\Windows\\SYSTEM32\\psmserviceexthost.dll+1a172|C:\\Windows\\SYSTEM32\\psmserviceexthost.dll+19e3b|C:\\Windows\\SYSTEM32\\psmserviceexthost.dll+19318|C:\\Windows\\SYSTEM32\\ntdll.dll+3082d|C:\\Windows\\SYSTEM32\\ntdll.dll+345c4|C:\\Windows\\System32\\KERNEL32.DLL+17944|C:\\Windows\\SYSTEM32\\ntdll.dll+6ce71","EventID":10,"EventType":"INFO","TargetProcessGUID":"{a158f72c-4a97-5de8-0000-00105c300200}","UtcTime":"2019-12-05 04:43:29.381","UserID":"S-1-5-18","SourceThreadId":"5432","SourceName":"Microsoft-Windows-Sysmon","Domain":"NT AUTHORITY","AccountType":"User","OpcodeValue":0,"Message":"Process accessed:\r\nRuleName: \r\nUtcTime: 2019-12-05 04:43:29.381\r\nSourceProcessGUID: {a158f72c-4a94-5de8-0000-001033890000}\r\nSourceProcessId: 968\r\nSourceThreadId: 5432\r\nSourceImage: C:\\Windows\\system32\\svchost.exe\r\nTargetProcessGUID: {a158f72c-4a97-5de8-0000-00105c300200}\r\nTargetProcessId: 3236\r\nTargetImage: C:\\Windows\\System32\\svchost.exe\r\nGrantedAccess: 0x1000\r\nCallTrace: C:\\Windows\\SYSTEM32\\ntdll.dll+9c524|C:\\Windows\\SYSTEM32\\psmserviceexthost.dll+222a3|C:\\Windows\\SYSTEM32\\psmserviceexthost.dll+1a172|C:\\Windows\\SYSTEM32\\psmserviceexthost.dll+19e3b|C:\\Windows\\SYSTEM32\\psmserviceexthost.dll+19318|C:\\Windows\\SYSTEM32\\ntdll.dll+3082d|C:\\Windows\\SYSTEM32\\ntdll.dll+345c4|C:\\Windows\\System32\\KERNEL32.DLL+17944|C:\\Windows\\SYSTEM32\\ntdll.dll+6ce71","Task":10,"Severity":"INFO","Keywords":-9223372036854775808,"@timestamp":"2019-12-05T04:43:31.638Z","EventTime":"2019-12-04 23:43:29","SeverityValue":2,"ProcessID":3144,"ThreadID":4584,"AccountName":"SYSTEM","TargetImage":"C:\\Windows\\System32\\svchost.exe","SourceModuleType":"im_msvistalog","Hostname":"HR001.shire.com","SourceModuleName":"eventlog","SourceProcessGUID":"{a158f72c-4a94-5de8-0000-001033890000}","TargetProcessId":"3236","@version":"1"}
{"Version":3,"GrantedAccess":"0x1000","EventReceivedTime":"2019-12-04 23:43:31","type":"nxlog-mordor","SourceImage":"C:\\Windows\\system32\\svchost.exe","host":"ip-172-18-39-102.ec2.internal","Channel":"Microsoft-Windows-Sysmon/Operational","RecordNumber":224493,"SourceProcessId":"968","port":49730,"ProviderGuid":"{5770385F-C22A-43E0-BF4C-06F5698FFBD9}","CallTrace":"C:\\Windows\\SYSTEM32\\ntdll.dll+9c524|C:\\Windows\\SYSTEM32\\psmserviceexthost.dll+222a3|C:\\Windows\\SYSTEM32\\psmserviceexthost.dll+1a172|C:\\Windows\\SYSTEM32\\psmserviceexthost.dll+19e3b|C:\\Windows\\SYSTEM32\\psmserviceexthost.dll+19318|C:\\Windows\\SYSTEM32\\ntdll.dll+3082d|C:\\Windows\\SYSTEM32\\ntdll.dll+345c4|C:\\Windows\\System32\\KERNEL32.DLL+17944|C:\\Windows\\SYSTEM32\\ntdll.dll+6ce71","EventID":10,"EventType":"INFO","TargetProcessGUID":"{a158f72c-4a97-5de8-0000-00105c300200}","UtcTime":"2019-12-05 04:43:29.381","UserID":"S-1-5-18","SourceThreadId":"5432","SourceName":"Microsoft-Windows-Sysmon","Domain":"NT AUTHORITY","AccountType":"User","OpcodeValue":0,"Message":"Process accessed:\r\nRuleName: \r\nUtcTime: 2019-12-05 04:43:29.381\r\nSourceProcessGUID: {a158f72c-4a94-5de8-0000-001033890000}\r\nSourceProcessId: 968\r\nSourceThreadId: 5432\r\nSourceImage: C:\\Windows\\system32\\svchost.exe\r\nTargetProcessGUID: {a158f72c-4a97-5de8-0000-00105c300200}\r\nTargetProcessId: 3236\r\nTargetImage: C:\\Windows\\System32\\svchost.exe\r\nGrantedAccess: 0x1000\r\nCallTrace: C:\\Windows\\SYSTEM32\\ntdll.dll+9c524|C:\\Windows\\SYSTEM32\\psmserviceexthost.dll+222a3|C:\\Windows\\SYSTEM32\\psmserviceexthost.dll+1a172|C:\\Windows\\SYSTEM32\\psmserviceexthost.dll+19e3b|C:\\Windows\\SYSTEM32\\psmserviceexthost.dll+19318|C:\\Windows\\SYSTEM32\\ntdll.dll+3082d|C:\\Windows\\SYSTEM32\\ntdll.dll+345c4|C:\\Windows\\System32\\KERNEL32.DLL+17944|C:\\Windows\\SYSTEM32\\ntdll.dll+6ce71","Task":10,"Severity":"INFO","Keywords":-9223372036854775808,"@timestamp":"2019-12-05T04:43:31.639Z","EventTime":"2019-12-04 23:43:29","SeverityValue":2,"ProcessID":3144,"ThreadID":4584,"AccountName":"SYSTEM","TargetImage":"C:\\Windows\\System32\\svchost.exe","SourceModuleType":"im_msvistalog","Hostname":"HR001.shire.com","SourceModuleName":"eventlog","SourceProcessGUID":"{a158f72c-4a94-5de8-0000-001033890000}","TargetProcessId":"3236","@version":"1"}
