{"Version":3,"GrantedAccess":"0x1000","EventReceivedTime":"2019-12-04 23:48:20","type":"nxlog-mordor","SourceImage":"C:\\Windows\\system32\\svchost.exe","host":"ip-172-18-39-102.ec2.internal","Channel":"Microsoft-Windows-Sysmon/Operational","RecordNumber":225692,"SourceProcessId":"968","port":49730,"ProviderGuid":"{5770385F-C22A-43E0-BF4C-06F5698FFBD9}","CallTrace":"C:\\Windows\\SYSTEM32\\ntdll.dll+9c524|C:\\Windows\\SYSTEM32\\psmserviceexthost.dll+222a3|C:\\Windows\\SYSTEM32\\psmserviceexthost.dll+1a172|C:\\Windows\\SYSTEM32\\psmserviceexthost.dll+19e3b|C:\\Windows\\SYSTEM32\\psmserviceexthost.dll+19318|C:\\Windows\\SYSTEM32\\ntdll.dll+3082d|C:\\Windows\\SYSTEM32\\ntdll.dll+345c4|C:\\Windows\\System32\\KERNEL32.DLL+17944|C:\\Windows\\SYSTEM32\\ntdll.dll+6ce71","EventID":10,"EventType":"INFO","TargetProcessGUID":"{a158f72c-4a97-5de8-0000-00105c300200}","UtcTime":"2019-12-05 04:48:18.426","UserID":"S-1-5-18","SourceThreadId":"8312","SourceName":"Microsoft-Windows-Sysmon","Domain":"NT AUTHORITY","AccountType":"User","OpcodeValue":0,"Message":"Process accessed:\r\nRuleName: \r\nUtcTime: 2019-12-05 04:48:18.426\r\nSourceProcessGUID: {a158f72c-4a94-5de8-0000-001033890000}\r\nSourceProcessId: 968\r\nSourceThreadId: 8312\r\nSourceImage: C:\\Windows\\system32\\svchost.exe\r\nTargetProcessGUID: {a158f72c-4a97-5de8-0000-00105c300200}\r\nTargetProcessId: 3236\r\nTargetImage: C:\\Windows\\System32\\svchost.exe\r\nGrantedAccess: 0x1000\r\nCallTrace: C:\\Windows\\SYSTEM32\\ntdll.dll+9c524|C:\\Windows\\SYSTEM32\\psmserviceexthost.dll+222a3|C:\\Windows\\SYSTEM32\\psmserviceexthost.dll+1a172|C:\\Windows\\SYSTEM32\\psmserviceexthost.dll+19e3b|C:\\Windows\\SYSTEM32\\psmserviceexthost.dll+19318|C:\\Windows\\SYSTEM32\\ntdll.dll+3082d|C:\\Windows\\SYSTEM32\\ntdll.dll+345c4|C:\\Windows\\System32\\KERNEL32.DLL+17944|C:\\Windows\\SYSTEM32\\ntdll.dll+6ce71","Task":10,"Severity":"INFO","Keywords":-9223372036854775808,"@timestamp":"2019-12-05T04:48:20.579Z","EventTime":"2019-12-04 23:48:18","SeverityValue":2,"ProcessID":3144,"ThreadID":4584,"AccountName":"SYSTEM","TargetImage":"C:\\Windows\\System32\\svchost.exe","SourceModuleType":"im_msvistalog","Hostname":"HR001.shire.com","SourceModuleName":"eventlog","SourceProcessGUID":"{a158f72c-4a94-5de8-0000-001033890000}","TargetProcessId":"3236","@version":"1"}
{"Version":3,"GrantedAccess":"0x1000","EventReceivedTime":"2019-12-04 23:48:20","type":"nxlog-mordor","SourceImage":"C:\\Windows\\system32\\svchost.exe","host":"ip-172-18-39-102.ec2.internal","Channel":"Microsoft-Windows-Sysmon/Operational","RecordNumber":225690,"SourceProcessId":"968","port":49730,"ProviderGuid":"{5770385F-C22A-43E0-BF4C-06F5698FFBD9}","CallTrace":"C:\\Windows\\SYSTEM32\\ntdll.dll+9c524|C:\\Windows\\SYSTEM32\\psmserviceexthost.dll+222a3|C:\\Windows\\SYSTEM32\\psmserviceexthost.dll+1a172|C:\\Windows\\SYSTEM32\\psmserviceexthost.dll+19e3b|C:\\Windows\\SYSTEM32\\psmserviceexthost.dll+19318|C:\\Windows\\SYSTEM32\\ntdll.dll+3082d|C:\\Windows\\SYSTEM32\\ntdll.dll+345c4|C:\\Windows\\System32\\KERNEL32.DLL+17944|C:\\Windows\\SYSTEM32\\ntdll.dll+6ce71","EventID":10,"EventType":"INFO","TargetProcessGUID":"{a158f72c-4a97-5de8-0000-00105c300200}","UtcTime":"2019-12-05 04:48:18.426","UserID":"S-1-5-18","SourceThreadId":"5432","SourceName":"Microsoft-Windows-Sysmon","Domain":"NT AUTHORITY","AccountType":"User","OpcodeValue":0,"Message":"Process accessed:\r\nRuleName: \r\nUtcTime: 2019-12-05 04:48:18.426\r\nSourceProcessGUID: {a158f72c-4a94-5de8-0000-001033890000}\r\nSourceProcessId: 968\r\nSourceThreadId: 5432\r\nSourceImage: C:\\Windows\\system32\\svchost.exe\r\nTargetProcessGUID: {a158f72c-4a97-5de8-0000-00105c300200}\r\nTargetProcessId: 3236\r\nTargetImage: C:\\Windows\\System32\\svchost.exe\r\nGrantedAccess: 0x1000\r\nCallTrace: C:\\Windows\\SYSTEM32\\ntdll.dll+9c524|C:\\Windows\\SYSTEM32\\psmserviceexthost.dll+222a3|C:\\Windows\\SYSTEM32\\psmserviceexthost.dll+1a172|C:\\Windows\\SYSTEM32\\psmserviceexthost.dll+19e3b|C:\\Windows\\SYSTEM32\\psmserviceexthost.dll+19318|C:\\Windows\\SYSTEM32\\ntdll.dll+3082d|C:\\Windows\\SYSTEM32\\ntdll.dll+345c4|C:\\Windows\\System32\\KERNEL32.DLL+17944|C:\\Windows\\SYSTEM32\\ntdll.dll+6ce71","Task":10,"Severity":"INFO","Keywords":-9223372036854775808,"@timestamp":"2019-12-05T04:48:20.578Z","EventTime":"2019-12-04 23:48:18","SeverityValue":2,"ProcessID":3144,"ThreadID":4584,"AccountName":"SYSTEM","TargetImage":"C:\\Windows\\System32\\svchost.exe","SourceModuleType":"im_msvistalog","Hostname":"HR001.shire.com","SourceModuleName":"eventlog","SourceProcessGUID":"{a158f72c-4a94-5de8-0000-001033890000}","TargetProcessId":"3236","@version":"1"}
{"Version":3,"GrantedAccess":"0x1000","EventReceivedTime":"2019-12-04 23:48:20","type":"nxlog-mordor","SourceImage":"C:\\Windows\\system32\\svchost.exe","host":"ip-172-18-39-102.ec2.internal","Channel":"Microsoft-Windows-Sysmon/Operational","RecordNumber":225694,"SourceProcessId":"968","port":49730,"ProviderGuid":"{5770385F-C22A-43E0-BF4C-06F5698FFBD9}","CallTrace":"C:\\Windows\\SYSTEM32\\ntdll.dll+9c524|C:\\Windows\\SYSTEM32\\psmserviceexthost.dll+222a3|C:\\Windows\\SYSTEM32\\psmserviceexthost.dll+1a172|C:\\Windows\\SYSTEM32\\psmserviceexthost.dll+19e3b|C:\\Windows\\SYSTEM32\\psmserviceexthost.dll+19318|C:\\Windows\\SYSTEM32\\ntdll.dll+3082d|C:\\Windows\\SYSTEM32\\ntdll.dll+345c4|C:\\Windows\\System32\\KERNEL32.DLL+17944|C:\\Windows\\SYSTEM32\\ntdll.dll+6ce71","EventID":10,"EventType":"INFO","TargetProcessGUID":"{a158f72c-4a97-5de8-0000-00105c300200}","UtcTime":"2019-12-05 04:48:18.426","UserID":"S-1-5-18","SourceThreadId":"4120","SourceName":"Microsoft-Windows-Sysmon","Domain":"NT AUTHORITY","AccountType":"User","OpcodeValue":0,"Message":"Process accessed:\r\nRuleName: \r\nUtcTime: 2019-12-05 04:48:18.426\r\nSourceProcessGUID: {a158f72c-4a94-5de8-0000-001033890000}\r\nSourceProcessId: 968\r\nSourceThreadId: 4120\r\nSourceImage: C:\\Windows\\system32\\svchost.exe\r\nTargetProcessGUID: {a158f72c-4a97-5de8-0000-00105c300200}\r\nTargetProcessId: 3236\r\nTargetImage: C:\\Windows\\System32\\svchost.exe\r\nGrantedAccess: 0x1000\r\nCallTrace: C:\\Windows\\SYSTEM32\\ntdll.dll+9c524|C:\\Windows\\SYSTEM32\\psmserviceexthost.dll+222a3|C:\\Windows\\SYSTEM32\\psmserviceexthost.dll+1a172|C:\\Windows\\SYSTEM32\\psmserviceexthost.dll+19e3b|C:\\Windows\\SYSTEM32\\psmserviceexthost.dll+19318|C:\\Windows\\SYSTEM32\\ntdll.dll+3082d|C:\\Windows\\SYSTEM32\\ntdll.dll+345c4|C:\\Windows\\System32\\KERNEL32.DLL+17944|C:\\Windows\\SYSTEM32\\ntdll.dll+6ce71","Task":10,"Severity":"INFO","Keywords":-9223372036854775808,"@timestamp":"2019-12-05T04:48:20.579Z","EventTime":"2019-12-04 23:48:18","SeverityValue":2,"ProcessID":3144,"ThreadID":4584,"AccountName":"SYSTEM","TargetImage":"C:\\Windows\\System32\\svchost.exe","SourceModuleType":"im_msvistalog","Hostname":"HR001.shire.com","SourceModuleName":"eventlog","SourceProcessGUID":"{a158f72c-4a94-5de8-0000-001033890000}","TargetProcessId":"3236","@version":"1"}
{"Version":3,"GrantedAccess":"0x1000","EventReceivedTime":"2019-12-04 23:48:21","type":"nxlog-mordor","SourceImage":"C:\\Windows\\system32\\svchost.exe","host":"ip-172-18-39-102.ec2.internal","Channel":"Microsoft-Windows-Sysmon/Operational","RecordNumber":225695,"SourceProcessId":"968","port":49730,"ProviderGuid":"{5770385F-C22A-43E0-BF4C-06F5698FFBD9}","CallTrace":"C:\\Windows\\SYSTEM32\\ntdll.dll+9c524|C:\\Windows\\SYSTEM32\\psmserviceexthost.dll+222a3|C:\\Windows\\SYSTEM32\\psmserviceexthost.dll+1a172|C:\\Windows\\SYSTEM32\\psmserviceexthost.dll+19e3b|C:\\Windows\\SYSTEM32\\psmserviceexthost.dll+19318|C:\\Windows\\SYSTEM32\\ntdll.dll+3082d|C:\\Windows\\SYSTEM32\\ntdll.dll+345c4|C:\\Windows\\System32\\KERNEL32.DLL+17944|C:\\Windows\\SYSTEM32\\ntdll.dll+6ce71","EventID":10,"EventType":"INFO","TargetProcessGUID":"{a158f72c-4a97-5de8-0000-00105c300200}","UtcTime":"2019-12-05 04:48:19.442","UserID":"S-1-5-18","SourceThreadId":"5432","SourceName":"Microsoft-Windows-Sysmon","Domain":"NT AUTHORITY","AccountType":"User","OpcodeValue":0,"Message":"Process accessed:\r\nRuleName: \r\nUtcTime: 2019-12-05 04:48:19.442\r\nSourceProcessGUID: {a158f72c-4a94-5de8-0000-001033890000}\r\nSourceProcessId: 968\r\nSourceThreadId: 5432\r\nSourceImage: C:\\Windows\\system32\\svchost.exe\r\nTargetProcessGUID: {a158f72c-4a97-5de8-0000-00105c300200}\r\nTargetProcessId: 3236\r\nTargetImage: C:\\Windows\\System32\\svchost.exe\r\nGrantedAccess: 0x1000\r\nCallTrace: C:\\Windows\\SYSTEM32\\ntdll.dll+9c524|C:\\Windows\\SYSTEM32\\psmserviceexthost.dll+222a3|C:\\Windows\\SYSTEM32\\psmserviceexthost.dll+1a172|C:\\Windows\\SYSTEM32\\psmserviceexthost.dll+19e3b|C:\\Windows\\SYSTEM32\\psmserviceexthost.dll+19318|C:\\Windows\\SYSTEM32\\ntdll.dll+3082d|C:\\Windows\\SYSTEM32\\ntdll.dll+345c4|C:\\Windows\\System32\\KERNEL32.DLL+17944|C:\\Windows\\SYSTEM32\\ntdll.dll+6ce71","Task":10,"Severity":"INFO","Keywords":-9223372036854775808,"@timestamp":"2019-12-05T04:48:21.593Z","EventTime":"2019-12-04 23:48:19","SeverityValue":2,"ProcessID":3144,"ThreadID":4584,"AccountName":"SYSTEM","TargetImage":"C:\\Windows\\System32\\svchost.exe","SourceModuleType":"im_msvistalog","Hostname":"HR001.shire.com","SourceModuleName":"eventlog","SourceProcessGUID":"{a158f72c-4a94-5de8-0000-001033890000}","TargetProcessId":"3236","@version":"1"}
{"Version":3,"GrantedAccess":"0x1000","EventReceivedTime":"2019-12-04 23:48:21","type":"nxlog-mordor","SourceImage":"C:\\Windows\\system32\\svchost.exe","host":"ip-172-18-39-102.ec2.internal","Channel":"Microsoft-Windows-Sysmon/Operational","RecordNumber":225698,"SourceProcessId":"968","port":49730,"ProviderGuid":"{5770385F-C22A-43E0-BF4C-06F5698FFBD9}","CallTrace":"C:\\Windows\\SYSTEM32\\ntdll.dll+9c524|C:\\Windows\\SYSTEM32\\psmserviceexthost.dll+222a3|C:\\Windows\\SYSTEM32\\psmserviceexthost.dll+1a172|C:\\Windows\\SYSTEM32\\psmserviceexthost.dll+19e3b|C:\\Windows\\SYSTEM32\\psmserviceexthost.dll+19318|C:\\Windows\\SYSTEM32\\ntdll.dll+3082d|C:\\Windows\\SYSTEM32\\ntdll.dll+345c4|C:\\Windows\\System32\\KERNEL32.DLL+17944|C:\\Windows\\SYSTEM32\\ntdll.dll+6ce71","EventID":10,"EventType":"INFO","TargetProcessGUID":"{a158f72c-4a97-5de8-0000-00105c300200}","UtcTime":"2019-12-05 04:48:19.442","UserID":"S-1-5-18","SourceThreadId":"5432","SourceName":"Microsoft-Windows-Sysmon","Domain":"NT AUTHORITY","AccountType":"User","OpcodeValue":0,"Message":"Process accessed:\r\nRuleName: \r\nUtcTime: 2019-12-05 04:48:19.442\r\nSourceProcessGUID: {a158f72c-4a94-5de8-0000-001033890000}\r\nSourceProcessId: 968\r\nSourceThreadId: 5432\r\nSourceImage: C:\\Windows\\system32\\svchost.exe\r\nTargetProcessGUID: {a158f72c-4a97-5de8-0000-00105c300200}\r\nTargetProcessId: 3236\r\nTargetImage: C:\\Windows\\System32\\svchost.exe\r\nGrantedAccess: 0x1000\r\nCallTrace: C:\\Windows\\SYSTEM32\\ntdll.dll+9c524|C:\\Windows\\SYSTEM32\\psmserviceexthost.dll+222a3|C:\\Windows\\SYSTEM32\\psmserviceexthost.dll+1a172|C:\\Windows\\SYSTEM32\\psmserviceexthost.dll+19e3b|C:\\Windows\\SYSTEM32\\psmserviceexthost.dll+19318|C:\\Windows\\SYSTEM32\\ntdll.dll+3082d|C:\\Windows\\SYSTEM32\\ntdll.dll+345c4|C:\\Windows\\System32\\KERNEL32.DLL+17944|C:\\Windows\\SYSTEM32\\ntdll.dll+6ce71","Task":10,"Severity":"INFO","Keywords":-9223372036854775808,"@timestamp":"2019-12-05T04:48:21.594Z","EventTime":"2019-12-04 23:48:19","SeverityValue":2,"ProcessID":3144,"ThreadID":4584,"AccountName":"SYSTEM","TargetImage":"C:\\Windows\\System32\\svchost.exe","SourceModuleType":"im_msvistalog","Hostname":"HR001.shire.com","SourceModuleName":"eventlog","SourceProcessGUID":"{a158f72c-4a94-5de8-0000-001033890000}","TargetProcessId":"3236","@version":"1"}
{"Version":3,"GrantedAccess":"0x1000","EventReceivedTime":"2019-12-04 23:48:21","type":"nxlog-mordor","SourceImage":"C:\\Windows\\system32\\svchost.exe","host":"ip-172-18-39-102.ec2.internal","Channel":"Microsoft-Windows-Sysmon/Operational","RecordNumber":225697,"SourceProcessId":"968","port":49730,"ProviderGuid":"{5770385F-C22A-43E0-BF4C-06F5698FFBD9}","CallTrace":"C:\\Windows\\SYSTEM32\\ntdll.dll+9c524|C:\\Windows\\SYSTEM32\\psmserviceexthost.dll+222a3|C:\\Windows\\SYSTEM32\\psmserviceexthost.dll+1a172|C:\\Windows\\SYSTEM32\\psmserviceexthost.dll+19e3b|C:\\Windows\\SYSTEM32\\psmserviceexthost.dll+19318|C:\\Windows\\SYSTEM32\\ntdll.dll+3082d|C:\\Windows\\SYSTEM32\\ntdll.dll+345c4|C:\\Windows\\System32\\KERNEL32.DLL+17944|C:\\Windows\\SYSTEM32\\ntdll.dll+6ce71","EventID":10,"EventType":"INFO","TargetProcessGUID":"{a158f72c-4a97-5de8-0000-00105c300200}","UtcTime":"2019-12-05 04:48:19.442","UserID":"S-1-5-18","SourceThreadId":"5432","SourceName":"Microsoft-Windows-Sysmon","Domain":"NT AUTHORITY","AccountType":"User","OpcodeValue":0,"Message":"Process accessed:\r\nRuleName: \r\nUtcTime: 2019-12-05 04:48:19.442\r\nSourceProcessGUID: {a158f72c-4a94-5de8-0000-001033890000}\r\nSourceProcessId: 968\r\nSourceThreadId: 5432\r\nSourceImage: C:\\Windows\\system32\\svchost.exe\r\nTargetProcessGUID: {a158f72c-4a97-5de8-0000-00105c300200}\r\nTargetProcessId: 3236\r\nTargetImage: C:\\Windows\\System32\\svchost.exe\r\nGrantedAccess: 0x1000\r\nCallTrace: C:\\Windows\\SYSTEM32\\ntdll.dll+9c524|C:\\Windows\\SYSTEM32\\psmserviceexthost.dll+222a3|C:\\Windows\\SYSTEM32\\psmserviceexthost.dll+1a172|C:\\Windows\\SYSTEM32\\psmserviceexthost.dll+19e3b|C:\\Windows\\SYSTEM32\\psmserviceexthost.dll+19318|C:\\Windows\\SYSTEM32\\ntdll.dll+3082d|C:\\Windows\\SYSTEM32\\ntdll.dll+345c4|C:\\Windows\\System32\\KERNEL32.DLL+17944|C:\\Windows\\SYSTEM32\\ntdll.dll+6ce71","Task":10,"Severity":"INFO","Keywords":-9223372036854775808,"@timestamp":"2019-12-05T04:48:21.593Z","EventTime":"2019-12-04 23:48:19","SeverityValue":2,"ProcessID":3144,"ThreadID":4584,"AccountName":"SYSTEM","TargetImage":"C:\\Windows\\System32\\svchost.exe","SourceModuleType":"im_msvistalog","Hostname":"HR001.shire.com","SourceModuleName":"eventlog","SourceProcessGUID":"{a158f72c-4a94-5de8-0000-001033890000}","TargetProcessId":"3236","@version":"1"}
{"Version":3,"GrantedAccess":"0x1000","EventReceivedTime":"2019-12-04 23:48:21","type":"nxlog-mordor","SourceImage":"C:\\Windows\\system32\\svchost.exe","host":"ip-172-18-39-102.ec2.internal","Channel":"Microsoft-Windows-Sysmon/Operational","RecordNumber":225701,"SourceProcessId":"968","port":49730,"ProviderGuid":"{5770385F-C22A-43E0-BF4C-06F5698FFBD9}","CallTrace":"C:\\Windows\\SYSTEM32\\ntdll.dll+9c524|C:\\Windows\\SYSTEM32\\psmserviceexthost.dll+222a3|C:\\Windows\\SYSTEM32\\psmserviceexthost.dll+1a172|C:\\Windows\\SYSTEM32\\psmserviceexthost.dll+19e3b|C:\\Windows\\SYSTEM32\\psmserviceexthost.dll+19318|C:\\Windows\\SYSTEM32\\ntdll.dll+3082d|C:\\Windows\\SYSTEM32\\ntdll.dll+345c4|C:\\Windows\\System32\\KERNEL32.DLL+17944|C:\\Windows\\SYSTEM32\\ntdll.dll+6ce71","EventID":10,"EventType":"INFO","TargetProcessGUID":"{a158f72c-4a97-5de8-0000-00105c300200}","UtcTime":"2019-12-05 04:48:20.442","UserID":"S-1-5-18","SourceThreadId":"4120","SourceName":"Microsoft-Windows-Sysmon","Domain":"NT AUTHORITY","AccountType":"User","OpcodeValue":0,"Message":"Process accessed:\r\nRuleName: \r\nUtcTime: 2019-12-05 04:48:20.442\r\nSourceProcessGUID: {a158f72c-4a94-5de8-0000-001033890000}\r\nSourceProcessId: 968\r\nSourceThreadId: 4120\r\nSourceImage: C:\\Windows\\system32\\svchost.exe\r\nTargetProcessGUID: {a158f72c-4a97-5de8-0000-00105c300200}\r\nTargetProcessId: 3236\r\nTargetImage: C:\\Windows\\System32\\svchost.exe\r\nGrantedAccess: 0x1000\r\nCallTrace: C:\\Windows\\SYSTEM32\\ntdll.dll+9c524|C:\\Windows\\SYSTEM32\\psmserviceexthost.dll+222a3|C:\\Windows\\SYSTEM32\\psmserviceexthost.dll+1a172|C:\\Windows\\SYSTEM32\\psmserviceexthost.dll+19e3b|C:\\Windows\\SYSTEM32\\psmserviceexthost.dll+19318|C:\\Windows\\SYSTEM32\\ntdll.dll+3082d|C:\\Windows\\SYSTEM32\\ntdll.dll+345c4|C:\\Windows\\System32\\KERNEL32.DLL+17944|C:\\Windows\\SYSTEM32\\ntdll.dll+6ce71","Task":10,"Severity":"INFO","Keywords":-9223372036854775808,"@timestamp":"2019-12-05T04:48:21.595Z","EventTime":"2019-12-04 23:48:20","SeverityValue":2,"ProcessID":3144,"ThreadID":4584,"AccountName":"SYSTEM","TargetImage":"C:\\Windows\\System32\\svchost.exe","SourceModuleType":"im_msvistalog","Hostname":"HR001.shire.com","SourceModuleName":"eventlog","SourceProcessGUID":"{a158f72c-4a94-5de8-0000-001033890000}","TargetProcessId":"3236","@version":"1"}
{"Version":1,"EventReceivedTime":"2019-12-04 23:48:21","Image":"C:\\Windows\\system32\\dns.exe","type":"nxlog-mordor","host":"ip-172-18-39-102.ec2.internal","Channel":"Microsoft-Windows-Sysmon/Operational","RecordNumber":102644,"port":49730,"ProviderGuid":"{5770385F-C22A-43E0-BF4C-06F5698FFBD9}","EventID":18,"EventType":"INFO","PipeName":"\\lsass","UtcTime":"2019-12-05 04:48:20.216","UserID":"S-1-5-18","ProcessGuid":"{d14e8c55-47c8-5de8-0000-00108af90100}","SourceName":"Microsoft-Windows-Sysmon","Domain":"NT AUTHORITY","AccountType":"User","OpcodeValue":0,"Message":"Pipe Connected:\r\nRuleName: \r\nEventType: ConnectPipe\r\nUtcTime: 2019-12-05 04:48:20.216\r\nProcessGuid: {d14e8c55-47c8-5de8-0000-00108af90100}\r\nProcessId: 3068\r\nPipeName: \\lsass\r\nImage: C:\\Windows\\system32\\dns.exe","Task":18,"Severity":"INFO","Keywords":-9223372036854775808,"@timestamp":"2019-12-05T04:48:21.594Z","EventTime":"2019-12-04 23:48:20","SeverityValue":2,"ProcessID":2644,"ThreadID":3664,"AccountName":"SYSTEM","SourceModuleType":"im_msvistalog","Hostname":"HFDC01.shire.com","SourceModuleName":"eventlog","@version":"1"}
{"Version":3,"GrantedAccess":"0x1000","EventReceivedTime":"2019-12-04 23:48:21","type":"nxlog-mordor","SourceImage":"C:\\Windows\\system32\\svchost.exe","host":"ip-172-18-39-102.ec2.internal","Channel":"Microsoft-Windows-Sysmon/Operational","RecordNumber":225700,"SourceProcessId":"968","port":49730,"ProviderGuid":"{5770385F-C22A-43E0-BF4C-06F5698FFBD9}","CallTrace":"C:\\Windows\\SYSTEM32\\ntdll.dll+9c524|C:\\Windows\\SYSTEM32\\psmserviceexthost.dll+222a3|C:\\Windows\\SYSTEM32\\psmserviceexthost.dll+1a172|C:\\Windows\\SYSTEM32\\psmserviceexthost.dll+19e3b|C:\\Windows\\SYSTEM32\\psmserviceexthost.dll+19318|C:\\Windows\\SYSTEM32\\ntdll.dll+3082d|C:\\Windows\\SYSTEM32\\ntdll.dll+345c4|C:\\Windows\\System32\\KERNEL32.DLL+17944|C:\\Windows\\SYSTEM32\\ntdll.dll+6ce71","EventID":10,"EventType":"INFO","TargetProcessGUID":"{a158f72c-4a97-5de8-0000-00105c300200}","UtcTime":"2019-12-05 04:48:20.442","UserID":"S-1-5-18","SourceThreadId":"4120","SourceName":"Microsoft-Windows-Sysmon","Domain":"NT AUTHORITY","AccountType":"User","OpcodeValue":0,"Message":"Process accessed:\r\nRuleName: \r\nUtcTime: 2019-12-05 04:48:20.442\r\nSourceProcessGUID: {a158f72c-4a94-5de8-0000-001033890000}\r\nSourceProcessId: 968\r\nSourceThreadId: 4120\r\nSourceImage: C:\\Windows\\system32\\svchost.exe\r\nTargetProcessGUID: {a158f72c-4a97-5de8-0000-00105c300200}\r\nTargetProcessId: 3236\r\nTargetImage: C:\\Windows\\System32\\svchost.exe\r\nGrantedAccess: 0x1000\r\nCallTrace: C:\\Windows\\SYSTEM32\\ntdll.dll+9c524|C:\\Windows\\SYSTEM32\\psmserviceexthost.dll+222a3|C:\\Windows\\SYSTEM32\\psmserviceexthost.dll+1a172|C:\\Windows\\SYSTEM32\\psmserviceexthost.dll+19e3b|C:\\Windows\\SYSTEM32\\psmserviceexthost.dll+19318|C:\\Windows\\SYSTEM32\\ntdll.dll+3082d|C:\\Windows\\SYSTEM32\\ntdll.dll+345c4|C:\\Windows\\System32\\KERNEL32.DLL+17944|C:\\Windows\\SYSTEM32\\ntdll.dll+6ce71","Task":10,"Severity":"INFO","Keywords":-9223372036854775808,"@timestamp":"2019-12-05T04:48:21.595Z","EventTime":"2019-12-04 23:48:20","SeverityValue":2,"ProcessID":3144,"ThreadID":4584,"AccountName":"SYSTEM","TargetImage":"C:\\Windows\\System32\\svchost.exe","SourceModuleType":"im_msvistalog","Hostname":"HR001.shire.com","SourceModuleName":"eventlog","SourceProcessGUID":"{a158f72c-4a94-5de8-0000-001033890000}","TargetProcessId":"3236","@version":"1"}
{"Version":3,"GrantedAccess":"0x1000","EventReceivedTime":"2019-12-04 23:48:21","type":"nxlog-mordor","SourceImage":"C:\\Windows\\system32\\svchost.exe","host":"ip-172-18-39-102.ec2.internal","Channel":"Microsoft-Windows-Sysmon/Operational","RecordNumber":225702,"SourceProcessId":"968","port":49730,"ProviderGuid":"{5770385F-C22A-43E0-BF4C-06F5698FFBD9}","CallTrace":"C:\\Windows\\SYSTEM32\\ntdll.dll+9c524|C:\\Windows\\SYSTEM32\\psmserviceexthost.dll+222a3|C:\\Windows\\SYSTEM32\\psmserviceexthost.dll+1a172|C:\\Windows\\SYSTEM32\\psmserviceexthost.dll+19e3b|C:\\Windows\\SYSTEM32\\psmserviceexthost.dll+19318|C:\\Windows\\SYSTEM32\\ntdll.dll+3082d|C:\\Windows\\SYSTEM32\\ntdll.dll+345c4|C:\\Windows\\System32\\KERNEL32.DLL+17944|C:\\Windows\\SYSTEM32\\ntdll.dll+6ce71","EventID":10,"EventType":"INFO","TargetProcessGUID":"{a158f72c-4a97-5de8-0000-00105c300200}","UtcTime":"2019-12-05 04:48:20.442","UserID":"S-1-5-18","SourceThreadId":"4120","SourceName":"Microsoft-Windows-Sysmon","Domain":"NT AUTHORITY","AccountType":"User","OpcodeValue":0,"Message":"Process accessed:\r\nRuleName: \r\nUtcTime: 2019-12-05 04:48:20.442\r\nSourceProcessGUID: {a158f72c-4a94-5de8-0000-001033890000}\r\nSourceProcessId: 968\r\nSourceThreadId: 4120\r\nSourceImage: C:\\Windows\\system32\\svchost.exe\r\nTargetProcessGUID: {a158f72c-4a97-5de8-0000-00105c300200}\r\nTargetProcessId: 3236\r\nTargetImage: C:\\Windows\\System32\\svchost.exe\r\nGrantedAccess: 0x1000\r\nCallTrace: C:\\Windows\\SYSTEM32\\ntdll.dll+9c524|C:\\Windows\\SYSTEM32\\psmserviceexthost.dll+222a3|C:\\Windows\\SYSTEM32\\psmserviceexthost.dll+1a172|C:\\Windows\\SYSTEM32\\psmserviceexthost.dll+19e3b|C:\\Windows\\SYSTEM32\\psmserviceexthost.dll+19318|C:\\Windows\\SYSTEM32\\ntdll.dll+3082d|C:\\Windows\\SYSTEM32\\ntdll.dll+345c4|C:\\Windows\\System32\\KERNEL32.DLL+17944|C:\\Windows\\SYSTEM32\\ntdll.dll+6ce71","Task":10,"Severity":"INFO","Keywords":-9223372036854775808,"@timestamp":"2019-12-05T04:48:21.595Z","EventTime":"2019-12-04 23:48:20","SeverityValue":2,"ProcessID":3144,"ThreadID":4584,"AccountName":"SYSTEM","TargetImage":"C:\\Windows\\System32\\svchost.exe","SourceModuleType":"im_msvistalog","Hostname":"HR001.shire.com","SourceModuleName":"eventlog","SourceProcessGUID":"{a158f72c-4a94-5de8-0000-001033890000}","TargetProcessId":"3236","@version":"1"}
{"Version":3,"GrantedAccess":"0x1000","EventReceivedTime":"2019-12-04 23:48:21","type":"nxlog-mordor","SourceImage":"C:\\Windows\\system32\\svchost.exe","host":"ip-172-18-39-102.ec2.internal","Channel":"Microsoft-Windows-Sysmon/Operational","RecordNumber":225696,"SourceProcessId":"968","port":49730,"ProviderGuid":"{5770385F-C22A-43E0-BF4C-06F5698FFBD9}","CallTrace":"C:\\Windows\\SYSTEM32\\ntdll.dll+9c524|C:\\Windows\\SYSTEM32\\psmserviceexthost.dll+222a3|C:\\Windows\\SYSTEM32\\psmserviceexthost.dll+1a172|C:\\Windows\\SYSTEM32\\psmserviceexthost.dll+19e3b|C:\\Windows\\SYSTEM32\\psmserviceexthost.dll+19318|C:\\Windows\\SYSTEM32\\ntdll.dll+3082d|C:\\Windows\\SYSTEM32\\ntdll.dll+345c4|C:\\Windows\\System32\\KERNEL32.DLL+17944|C:\\Windows\\SYSTEM32\\ntdll.dll+6ce71","EventID":10,"EventType":"INFO","TargetProcessGUID":"{a158f72c-4a97-5de8-0000-00105c300200}","UtcTime":"2019-12-05 04:48:19.442","UserID":"S-1-5-18","SourceThreadId":"5432","SourceName":"Microsoft-Windows-Sysmon","Domain":"NT AUTHORITY","AccountType":"User","OpcodeValue":0,"Message":"Process accessed:\r\nRuleName: \r\nUtcTime: 2019-12-05 04:48:19.442\r\nSourceProcessGUID: {a158f72c-4a94-5de8-0000-001033890000}\r\nSourceProcessId: 968\r\nSourceThreadId: 5432\r\nSourceImage: C:\\Windows\\system32\\svchost.exe\r\nTargetProcessGUID: {a158f72c-4a97-5de8-0000-00105c300200}\r\nTargetProcessId: 3236\r\nTargetImage: C:\\Windows\\System32\\svchost.exe\r\nGrantedAccess: 0x1000\r\nCallTrace: C:\\Windows\\SYSTEM32\\ntdll.dll+9c524|C:\\Windows\\SYSTEM32\\psmserviceexthost.dll+222a3|C:\\Windows\\SYSTEM32\\psmserviceexthost.dll+1a172|C:\\Windows\\SYSTEM32\\psmserviceexthost.dll+19e3b|C:\\Windows\\SYSTEM32\\psmserviceexthost.dll+19318|C:\\Windows\\SYSTEM32\\ntdll.dll+3082d|C:\\Windows\\SYSTEM32\\ntdll.dll+345c4|C:\\Windows\\System32\\KERNEL32.DLL+17944|C:\\Windows\\SYSTEM32\\ntdll.dll+6ce71","Task":10,"Severity":"INFO","Keywords":-9223372036854775808,"@timestamp":"2019-12-05T04:48:21.593Z","EventTime":"2019-12-04 23:48:19","SeverityValue":2,"ProcessID":3144,"ThreadID":4584,"AccountName":"SYSTEM","TargetImage":"C:\\Windows\\System32\\svchost.exe","SourceModuleType":"im_msvistalog","Hostname":"HR001.shire.com","SourceModuleName":"eventlog","SourceProcessGUID":"{a158f72c-4a94-5de8-0000-001033890000}","TargetProcessId":"3236","@version":"1"}
{"Version":3,"GrantedAccess":"0x1000","EventReceivedTime":"2019-12-04 23:48:21","type":"nxlog-mordor","SourceImage":"C:\\Windows\\system32\\svchost.exe","host":"ip-172-18-39-102.ec2.internal","Channel":"Microsoft-Windows-Sysmon/Operational","RecordNumber":225699,"SourceProcessId":"968","port":49730,"ProviderGuid":"{5770385F-C22A-43E0-BF4C-06F5698FFBD9}","CallTrace":"C:\\Windows\\SYSTEM32\\ntdll.dll+9c524|C:\\Windows\\SYSTEM32\\psmserviceexthost.dll+222a3|C:\\Windows\\SYSTEM32\\psmserviceexthost.dll+1a172|C:\\Windows\\SYSTEM32\\psmserviceexthost.dll+19e3b|C:\\Windows\\SYSTEM32\\psmserviceexthost.dll+19318|C:\\Windows\\SYSTEM32\\ntdll.dll+3082d|C:\\Windows\\SYSTEM32\\ntdll.dll+345c4|C:\\Windows\\System32\\KERNEL32.DLL+17944|C:\\Windows\\SYSTEM32\\ntdll.dll+6ce71","EventID":10,"EventType":"INFO","TargetProcessGUID":"{a158f72c-4a97-5de8-0000-00105c300200}","UtcTime":"2019-12-05 04:48:20.442","UserID":"S-1-5-18","SourceThreadId":"4120","SourceName":"Microsoft-Windows-Sysmon","Domain":"NT AUTHORITY","AccountType":"User","OpcodeValue":0,"Message":"Process accessed:\r\nRuleName: \r\nUtcTime: 2019-12-05 04:48:20.442\r\nSourceProcessGUID: {a158f72c-4a94-5de8-0000-001033890000}\r\nSourceProcessId: 968\r\nSourceThreadId: 4120\r\nSourceImage: C:\\Windows\\system32\\svchost.exe\r\nTargetProcessGUID: {a158f72c-4a97-5de8-0000-00105c300200}\r\nTargetProcessId: 3236\r\nTargetImage: C:\\Windows\\System32\\svchost.exe\r\nGrantedAccess: 0x1000\r\nCallTrace: C:\\Windows\\SYSTEM32\\ntdll.dll+9c524|C:\\Windows\\SYSTEM32\\psmserviceexthost.dll+222a3|C:\\Windows\\SYSTEM32\\psmserviceexthost.dll+1a172|C:\\Windows\\SYSTEM32\\psmserviceexthost.dll+19e3b|C:\\Windows\\SYSTEM32\\psmserviceexthost.dll+19318|C:\\Windows\\SYSTEM32\\ntdll.dll+3082d|C:\\Windows\\SYSTEM32\\ntdll.dll+345c4|C:\\Windows\\System32\\KERNEL32.DLL+17944|C:\\Windows\\SYSTEM32\\ntdll.dll+6ce71","Task":10,"Severity":"INFO","Keywords":-9223372036854775808,"@timestamp":"2019-12-05T04:48:21.594Z","EventTime":"2019-12-04 23:48:20","SeverityValue":2,"ProcessID":3144,"ThreadID":4584,"AccountName":"SYSTEM","TargetImage":"C:\\Windows\\System32\\svchost.exe","SourceModuleType":"im_msvistalog","Hostname":"HR001.shire.com","SourceModuleName":"eventlog","SourceProcessGUID":"{a158f72c-4a94-5de8-0000-001033890000}","TargetProcessId":"3236","@version":"1"}
{"Version":3,"GrantedAccess":"0x1400","EventReceivedTime":"2019-12-04 23:48:21","type":"nxlog-mordor","SourceImage":"C:\\Windows\\System32\\svchost.exe","host":"ip-172-18-39-102.ec2.internal","Channel":"Microsoft-Windows-Sysmon/Operational","RecordNumber":225703,"SourceProcessId":"3620","port":49730,"ProviderGuid":"{5770385F-C22A-43E0-BF4C-06F5698FFBD9}","CallTrace":"C:\\Windows\\SYSTEM32\\ntdll.dll+9c524|C:\\Windows\\System32\\KERNELBASE.dll+2730e|c:\\windows\\system32\\rasmans.dll+3751b|c:\\windows\\system32\\rasmans.dll+36fad|c:\\windows\\system32\\rasmans.dll+10ed8|c:\\windows\\system32\\rasmans.dll+33cd5|C:\\Windows\\System32\\svchost.exe+314c|C:\\Windows\\System32\\sechost.dll+2de2|C:\\Windows\\System32\\KERNEL32.DLL+17944|C:\\Windows\\SYSTEM32\\ntdll.dll+6ce71","EventID":10,"EventType":"INFO","TargetProcessGUID":"{a158f72c-4a96-5de8-0000-001017120200}","UtcTime":"2019-12-05 04:48:20.927","UserID":"S-1-5-18","SourceThreadId":"3708","SourceName":"Microsoft-Windows-Sysmon","Domain":"NT AUTHORITY","AccountType":"User","OpcodeValue":0,"Message":"Process accessed:\r\nRuleName: \r\nUtcTime: 2019-12-05 04:48:20.927\r\nSourceProcessGUID: {a158f72c-4a98-5de8-0000-00100c790200}\r\nSourceProcessId: 3620\r\nSourceThreadId: 3708\r\nSourceImage: C:\\Windows\\System32\\svchost.exe\r\nTargetProcessGUID: {a158f72c-4a96-5de8-0000-001017120200}\r\nTargetProcessId: 2208\r\nTargetImage: C:\\Program Files\\Amazon\\Ec2ConfigService\\Ec2Config.exe\r\nGrantedAccess: 0x1400\r\nCallTrace: C:\\Windows\\SYSTEM32\\ntdll.dll+9c524|C:\\Windows\\System32\\KERNELBASE.dll+2730e|c:\\windows\\system32\\rasmans.dll+3751b|c:\\windows\\system32\\rasmans.dll+36fad|c:\\windows\\system32\\rasmans.dll+10ed8|c:\\windows\\system32\\rasmans.dll+33cd5|C:\\Windows\\System32\\svchost.exe+314c|C:\\Windows\\System32\\sechost.dll+2de2|C:\\Windows\\System32\\KERNEL32.DLL+17944|C:\\Windows\\SYSTEM32\\ntdll.dll+6ce71","Task":10,"Severity":"INFO","Keywords":-9223372036854775808,"@timestamp":"2019-12-05T04:48:21.595Z","EventTime":"2019-12-04 23:48:20","SeverityValue":2,"ProcessID":3144,"ThreadID":4584,"AccountName":"SYSTEM","TargetImage":"C:\\Program Files\\Amazon\\Ec2ConfigService\\Ec2Config.exe","SourceModuleType":"im_msvistalog","Hostname":"HR001.shire.com","SourceModuleName":"eventlog","SourceProcessGUID":"{a158f72c-4a98-5de8-0000-00100c790200}","TargetProcessId":"2208","@version":"1"}
{"Version":3,"GrantedAccess":"0x1000","EventReceivedTime":"2019-12-04 23:48:23","type":"nxlog-mordor","SourceImage":"C:\\Windows\\system32\\svchost.exe","host":"ip-172-18-39-102.ec2.internal","Channel":"Microsoft-Windows-Sysmon/Operational","RecordNumber":225704,"SourceProcessId":"968","port":49730,"ProviderGuid":"{5770385F-C22A-43E0-BF4C-06F5698FFBD9}","CallTrace":"C:\\Windows\\SYSTEM32\\ntdll.dll+9c524|C:\\Windows\\SYSTEM32\\psmserviceexthost.dll+222a3|C:\\Windows\\SYSTEM32\\psmserviceexthost.dll+1a172|C:\\Windows\\SYSTEM32\\psmserviceexthost.dll+19e3b|C:\\Windows\\SYSTEM32\\psmserviceexthost.dll+19318|C:\\Windows\\SYSTEM32\\ntdll.dll+3082d|C:\\Windows\\SYSTEM32\\ntdll.dll+345c4|C:\\Windows\\System32\\KERNEL32.DLL+17944|C:\\Windows\\SYSTEM32\\ntdll.dll+6ce71","EventID":10,"EventType":"INFO","TargetProcessGUID":"{a158f72c-4a97-5de8-0000-00105c300200}","UtcTime":"2019-12-05 04:48:21.458","UserID":"S-1-5-18","SourceThreadId":"4120","SourceName":"Microsoft-Windows-Sysmon","Domain":"NT AUTHORITY","AccountType":"User","OpcodeValue":0,"Message":"Process accessed:\r\nRuleName: \r\nUtcTime: 2019-12-05 04:48:21.458\r\nSourceProcessGUID: {a158f72c-4a94-5de8-0000-001033890000}\r\nSourceProcessId: 968\r\nSourceThreadId: 4120\r\nSourceImage: C:\\Windows\\system32\\svchost.exe\r\nTargetProcessGUID: {a158f72c-4a97-5de8-0000-00105c300200}\r\nTargetProcessId: 3236\r\nTargetImage: C:\\Windows\\System32\\svchost.exe\r\nGrantedAccess: 0x1000\r\nCallTrace: C:\\Windows\\SYSTEM32\\ntdll.dll+9c524|C:\\Windows\\SYSTEM32\\psmserviceexthost.dll+222a3|C:\\Windows\\SYSTEM32\\psmserviceexthost.dll+1a172|C:\\Windows\\SYSTEM32\\psmserviceexthost.dll+19e3b|C:\\Windows\\SYSTEM32\\psmserviceexthost.dll+19318|C:\\Windows\\SYSTEM32\\ntdll.dll+3082d|C:\\Windows\\SYSTEM32\\ntdll.dll+345c4|C:\\Windows\\System32\\KERNEL32.DLL+17944|C:\\Windows\\SYSTEM32\\ntdll.dll+6ce71","Task":10,"Severity":"INFO","Keywords":-9223372036854775808,"@timestamp":"2019-12-05T04:48:23.625Z","EventTime":"2019-12-04 23:48:21","SeverityValue":2,"ProcessID":3144,"ThreadID":4584,"AccountName":"SYSTEM","TargetImage":"C:\\Windows\\System32\\svchost.exe","SourceModuleType":"im_msvistalog","Hostname":"HR001.shire.com","SourceModuleName":"eventlog","SourceProcessGUID":"{a158f72c-4a94-5de8-0000-001033890000}","TargetProcessId":"3236","@version":"1"}
{"Version":3,"GrantedAccess":"0x1000","EventReceivedTime":"2019-12-04 23:48:23","type":"nxlog-mordor","SourceImage":"C:\\Windows\\system32\\svchost.exe","host":"ip-172-18-39-102.ec2.internal","Channel":"Microsoft-Windows-Sysmon/Operational","RecordNumber":225705,"SourceProcessId":"968","port":49730,"ProviderGuid":"{5770385F-C22A-43E0-BF4C-06F5698FFBD9}","CallTrace":"C:\\Windows\\SYSTEM32\\ntdll.dll+9c524|C:\\Windows\\SYSTEM32\\psmserviceexthost.dll+222a3|C:\\Windows\\SYSTEM32\\psmserviceexthost.dll+1a172|C:\\Windows\\SYSTEM32\\psmserviceexthost.dll+19e3b|C:\\Windows\\SYSTEM32\\psmserviceexthost.dll+19318|C:\\Windows\\SYSTEM32\\ntdll.dll+3082d|C:\\Windows\\SYSTEM32\\ntdll.dll+345c4|C:\\Windows\\System32\\KERNEL32.DLL+17944|C:\\Windows\\SYSTEM32\\ntdll.dll+6ce71","EventID":10,"EventType":"INFO","TargetProcessGUID":"{a158f72c-4a97-5de8-0000-00105c300200}","UtcTime":"2019-12-05 04:48:21.458","UserID":"S-1-5-18","SourceThreadId":"4120","SourceName":"Microsoft-Windows-Sysmon","Domain":"NT AUTHORITY","AccountType":"User","OpcodeValue":0,"Message":"Process accessed:\r\nRuleName: \r\nUtcTime: 2019-12-05 04:48:21.458\r\nSourceProcessGUID: {a158f72c-4a94-5de8-0000-001033890000}\r\nSourceProcessId: 968\r\nSourceThreadId: 4120\r\nSourceImage: C:\\Windows\\system32\\svchost.exe\r\nTargetProcessGUID: {a158f72c-4a97-5de8-0000-00105c300200}\r\nTargetProcessId: 3236\r\nTargetImage: C:\\Windows\\System32\\svchost.exe\r\nGrantedAccess: 0x1000\r\nCallTrace: C:\\Windows\\SYSTEM32\\ntdll.dll+9c524|C:\\Windows\\SYSTEM32\\psmserviceexthost.dll+222a3|C:\\Windows\\SYSTEM32\\psmserviceexthost.dll+1a172|C:\\Windows\\SYSTEM32\\psmserviceexthost.dll+19e3b|C:\\Windows\\SYSTEM32\\psmserviceexthost.dll+19318|C:\\Windows\\SYSTEM32\\ntdll.dll+3082d|C:\\Windows\\SYSTEM32\\ntdll.dll+345c4|C:\\Windows\\System32\\KERNEL32.DLL+17944|C:\\Windows\\SYSTEM32\\ntdll.dll+6ce71","Task":10,"Severity":"INFO","Keywords":-9223372036854775808,"@timestamp":"2019-12-05T04:48:23.625Z","EventTime":"2019-12-04 23:48:21","SeverityValue":2,"ProcessID":3144,"ThreadID":4584,"AccountName":"SYSTEM","TargetImage":"C:\\Windows\\System32\\svchost.exe","SourceModuleType":"im_msvistalog","Hostname":"HR001.shire.com","SourceModuleName":"eventlog","SourceProcessGUID":"{a158f72c-4a94-5de8-0000-001033890000}","TargetProcessId":"3236","@version":"1"}
{"Version":0,"EventReceivedTime":"2019-12-04 23:48:23","SourceAddress":"0.0.0.0","type":"nxlog-mordor","host":"ip-172-18-39-102.ec2.internal","Channel":"security","RecordNumber":41737,"Category":"Filtering Platform Connection","port":49730,"ProviderGuid":"{54849625-5478-4994-A5BA-3E3B0328C30D}","Application":"\\device\\harddiskvolume2\\program files\\amazon\\ec2configservice\\ec2config.exe","EventID":5158,"EventType":"AUDIT_SUCCESS","SourcePort":"51762","SourceName":"Microsoft-Windows-Security-Auditing","OpcodeValue":0,"Message":"The Windows Filtering Platform has permitted a bind to a local port.\r\n\r\nApplication Information:\r\n\tProcess ID:\t\t2208\r\n\tApplication Name:\t\\device\\harddiskvolume2\\program files\\amazon\\ec2configservice\\ec2config.exe\r\n\r\nNetwork Information:\r\n\tSource Address:\t\t0.0.0.0\r\n\tSource Port:\t\t51762\r\n\tProtocol:\t\t6\r\n\r\nFilter Information:\r\n\tFilter Run-Time ID:\t0\r\n\tLayer Name:\t\tResource Assignment\r\n\tLayer Run-Time ID:\t36","LayerName":"%%14608","Task":12810,"Severity":"INFO","Keywords":-9214364837600034816,"LayerRTID":"36","@timestamp":"2019-12-05T04:48:23.624Z","EventTime":"2019-12-04 23:48:20","SeverityValue":2,"ProcessID":4,"ThreadID":8148,"Opcode":"Info","Protocol":"6","SourceModuleType":"im_msvistalog","Hostname":"HR001.shire.com","SourceModuleName":"eventlog","FilterRTID":"0","@version":"1"}
{"Version":3,"GrantedAccess":"0x1000","EventReceivedTime":"2019-12-04 23:48:23","type":"nxlog-mordor","SourceImage":"C:\\Windows\\system32\\svchost.exe","host":"ip-172-18-39-102.ec2.internal","Channel":"Microsoft-Windows-Sysmon/Operational","RecordNumber":225706,"SourceProcessId":"968","port":49730,"ProviderGuid":"{5770385F-C22A-43E0-BF4C-06F5698FFBD9}","CallTrace":"C:\\Windows\\SYSTEM32\\ntdll.dll+9c524|C:\\Windows\\SYSTEM32\\psmserviceexthost.dll+222a3|C:\\Windows\\SYSTEM32\\psmserviceexthost.dll+1a172|C:\\Windows\\SYSTEM32\\psmserviceexthost.dll+19e3b|C:\\Windows\\SYSTEM32\\psmserviceexthost.dll+19318|C:\\Windows\\SYSTEM32\\ntdll.dll+3082d|C:\\Windows\\SYSTEM32\\ntdll.dll+345c4|C:\\Windows\\System32\\KERNEL32.DLL+17944|C:\\Windows\\SYSTEM32\\ntdll.dll+6ce71","EventID":10,"EventType":"INFO","TargetProcessGUID":"{a158f72c-4a97-5de8-0000-00105c300200}","UtcTime":"2019-12-05 04:48:21.458","UserID":"S-1-5-18","SourceThreadId":"4120","SourceName":"Microsoft-Windows-Sysmon","Domain":"NT AUTHORITY","AccountType":"User","OpcodeValue":0,"Message":"Process accessed:\r\nRuleName: \r\nUtcTime: 2019-12-05 04:48:21.458\r\nSourceProcessGUID: {a158f72c-4a94-5de8-0000-001033890000}\r\nSourceProcessId: 968\r\nSourceThreadId: 4120\r\nSourceImage: C:\\Windows\\system32\\svchost.exe\r\nTargetProcessGUID: {a158f72c-4a97-5de8-0000-00105c300200}\r\nTargetProcessId: 3236\r\nTargetImage: C:\\Windows\\System32\\svchost.exe\r\nGrantedAccess: 0x1000\r\nCallTrace: C:\\Windows\\SYSTEM32\\ntdll.dll+9c524|C:\\Windows\\SYSTEM32\\psmserviceexthost.dll+222a3|C:\\Windows\\SYSTEM32\\psmserviceexthost.dll+1a172|C:\\Windows\\SYSTEM32\\psmserviceexthost.dll+19e3b|C:\\Windows\\SYSTEM32\\psmserviceexthost.dll+19318|C:\\Windows\\SYSTEM32\\ntdll.dll+3082d|C:\\Windows\\SYSTEM32\\ntdll.dll+345c4|C:\\Windows\\System32\\KERNEL32.DLL+17944|C:\\Windows\\SYSTEM32\\ntdll.dll+6ce71","Task":10,"Severity":"INFO","Keywords":-9223372036854775808,"@timestamp":"2019-12-05T04:48:23.625Z","EventTime":"2019-12-04 23:48:21","SeverityValue":2,"ProcessID":3144,"ThreadID":4584,"AccountName":"SYSTEM","TargetImage":"C:\\Windows\\System32\\svchost.exe","SourceModuleType":"im_msvistalog","Hostname":"HR001.shire.com","SourceModuleName":"eventlog","SourceProcessGUID":"{a158f72c-4a94-5de8-0000-001033890000}","TargetProcessId":"3236","@version":"1"}
{"Version":1,"EventReceivedTime":"2019-12-04 23:48:23","SourceAddress":"172.18.39.106","type":"nxlog-mordor","DestPort":"80","host":"ip-172-18-39-102.ec2.internal","Channel":"security","RemoteMachineID":"S-1-0-0","RecordNumber":41738,"Category":"Filtering Platform Connection","port":49730,"ProviderGuid":"{54849625-5478-4994-A5BA-3E3B0328C30D}","Application":"\\device\\harddiskvolume2\\program files\\amazon\\ec2configservice\\ec2config.exe","EventID":5156,"EventType":"AUDIT_SUCCESS","Direction":"%%14593","DestAddress":"169.254.169.254","SourcePort":"51762","SourceName":"Microsoft-Windows-Security-Auditing","OpcodeValue":0,"Message":"The Windows Filtering Platform has permitted a connection.\r\n\r\nApplication Information:\r\n\tProcess ID:\t\t2208\r\n\tApplication Name:\t\\device\\harddiskvolume2\\program files\\amazon\\ec2configservice\\ec2config.exe\r\n\r\nNetwork Information:\r\n\tDirection:\t\tOutbound\r\n\tSource Address:\t\t172.18.39.106\r\n\tSource Port:\t\t51762\r\n\tDestination Address:\t169.254.169.254\r\n\tDestination Port:\t\t80\r\n\tProtocol:\t\t6\r\n\r\nFilter Information:\r\n\tFilter Run-Time ID:\t69049\r\n\tLayer Name:\t\tConnect\r\n\tLayer Run-Time ID:\t48","LayerName":"%%14611","Task":12810,"Severity":"INFO","Keywords":-9214364837600034816,"LayerRTID":"48","@timestamp":"2019-12-05T04:48:23.624Z","EventTime":"2019-12-04 23:48:20","SeverityValue":2,"ProcessID":4,"ThreadID":8148,"Opcode":"Info","Protocol":"6","RemoteUserID":"S-1-0-0","SourceModuleType":"im_msvistalog","Hostname":"HR001.shire.com","SourceModuleName":"eventlog","FilterRTID":"69049","@version":"1"}
{"Version":3,"GrantedAccess":"0x1000","EventReceivedTime":"2019-12-04 23:48:23","type":"nxlog-mordor","SourceImage":"C:\\Windows\\system32\\svchost.exe","host":"ip-172-18-39-102.ec2.internal","Channel":"Microsoft-Windows-Sysmon/Operational","RecordNumber":225707,"SourceProcessId":"968","port":49730,"ProviderGuid":"{5770385F-C22A-43E0-BF4C-06F5698FFBD9}","CallTrace":"C:\\Windows\\SYSTEM32\\ntdll.dll+9c524|C:\\Windows\\SYSTEM32\\psmserviceexthost.dll+222a3|C:\\Windows\\SYSTEM32\\psmserviceexthost.dll+1a172|C:\\Windows\\SYSTEM32\\psmserviceexthost.dll+19e3b|C:\\Windows\\SYSTEM32\\psmserviceexthost.dll+19318|C:\\Windows\\SYSTEM32\\ntdll.dll+3082d|C:\\Windows\\SYSTEM32\\ntdll.dll+345c4|C:\\Windows\\System32\\KERNEL32.DLL+17944|C:\\Windows\\SYSTEM32\\ntdll.dll+6ce71","EventID":10,"EventType":"INFO","TargetProcessGUID":"{a158f72c-4a97-5de8-0000-00105c300200}","UtcTime":"2019-12-05 04:48:21.458","UserID":"S-1-5-18","SourceThreadId":"4120","SourceName":"Microsoft-Windows-Sysmon","Domain":"NT AUTHORITY","AccountType":"User","OpcodeValue":0,"Message":"Process accessed:\r\nRuleName: \r\nUtcTime: 2019-12-05 04:48:21.458\r\nSourceProcessGUID: {a158f72c-4a94-5de8-0000-001033890000}\r\nSourceProcessId: 968\r\nSourceThreadId: 4120\r\nSourceImage: C:\\Windows\\system32\\svchost.exe\r\nTargetProcessGUID: {a158f72c-4a97-5de8-0000-00105c300200}\r\nTargetProcessId: 3236\r\nTargetImage: C:\\Windows\\System32\\svchost.exe\r\nGrantedAccess: 0x1000\r\nCallTrace: C:\\Windows\\SYSTEM32\\ntdll.dll+9c524|C:\\Windows\\SYSTEM32\\psmserviceexthost.dll+222a3|C:\\Windows\\SYSTEM32\\psmserviceexthost.dll+1a172|C:\\Windows\\SYSTEM32\\psmserviceexthost.dll+19e3b|C:\\Windows\\SYSTEM32\\psmserviceexthost.dll+19318|C:\\Windows\\SYSTEM32\\ntdll.dll+3082d|C:\\Windows\\SYSTEM32\\ntdll.dll+345c4|C:\\Windows\\System32\\KERNEL32.DLL+17944|C:\\Windows\\SYSTEM32\\ntdll.dll+6ce71","Task":10,"Severity":"INFO","Keywords":-9223372036854775808,"@timestamp":"2019-12-05T04:48:23.625Z","EventTime":"2019-12-04 23:48:21","SeverityValue":2,"ProcessID":3144,"ThreadID":4584,"AccountName":"SYSTEM","TargetImage":"C:\\Windows\\System32\\svchost.exe","SourceModuleType":"im_msvistalog","Hostname":"HR001.shire.com","SourceModuleName":"eventlog","SourceProcessGUID":"{a158f72c-4a94-5de8-0000-001033890000}","TargetProcessId":"3236","@version":"1"}
{"Version":3,"GrantedAccess":"0x1000","EventReceivedTime":"2019-12-04 23:48:24","type":"nxlog-mordor","SourceImage":"C:\\Windows\\system32\\svchost.exe","host":"ip-172-18-39-102.ec2.internal","Channel":"Microsoft-Windows-Sysmon/Operational","RecordNumber":225710,"SourceProcessId":"968","port":49730,"ProviderGuid":"{5770385F-C22A-43E0-BF4C-06F5698FFBD9}","CallTrace":"C:\\Windows\\SYSTEM32\\ntdll.dll+9c524|C:\\Windows\\SYSTEM32\\psmserviceexthost.dll+222a3|C:\\Windows\\SYSTEM32\\psmserviceexthost.dll+1a172|C:\\Windows\\SYSTEM32\\psmserviceexthost.dll+19e3b|C:\\Windows\\SYSTEM32\\psmserviceexthost.dll+19318|C:\\Windows\\SYSTEM32\\ntdll.dll+3082d|C:\\Windows\\SYSTEM32\\ntdll.dll+345c4|C:\\Windows\\System32\\KERNEL32.DLL+17944|C:\\Windows\\SYSTEM32\\ntdll.dll+6ce71","EventID":10,"EventType":"INFO","TargetProcessGUID":"{a158f72c-4a97-5de8-0000-00105c300200}","UtcTime":"2019-12-05 04:48:22.474","UserID":"S-1-5-18","SourceThreadId":"4120","SourceName":"Microsoft-Windows-Sysmon","Domain":"NT AUTHORITY","AccountType":"User","OpcodeValue":0,"Message":"Process accessed:\r\nRuleName: \r\nUtcTime: 2019-12-05 04:48:22.474\r\nSourceProcessGUID: {a158f72c-4a94-5de8-0000-001033890000}\r\nSourceProcessId: 968\r\nSourceThreadId: 4120\r\nSourceImage: C:\\Windows\\system32\\svchost.exe\r\nTargetProcessGUID: {a158f72c-4a97-5de8-0000-00105c300200}\r\nTargetProcessId: 3236\r\nTargetImage: C:\\Windows\\System32\\svchost.exe\r\nGrantedAccess: 0x1000\r\nCallTrace: C:\\Windows\\SYSTEM32\\ntdll.dll+9c524|C:\\Windows\\SYSTEM32\\psmserviceexthost.dll+222a3|C:\\Windows\\SYSTEM32\\psmserviceexthost.dll+1a172|C:\\Windows\\SYSTEM32\\psmserviceexthost.dll+19e3b|C:\\Windows\\SYSTEM32\\psmserviceexthost.dll+19318|C:\\Windows\\SYSTEM32\\ntdll.dll+3082d|C:\\Windows\\SYSTEM32\\ntdll.dll+345c4|C:\\Windows\\System32\\KERNEL32.DLL+17944|C:\\Windows\\SYSTEM32\\ntdll.dll+6ce71","Task":10,"Severity":"INFO","Keywords":-9223372036854775808,"@timestamp":"2019-12-05T04:48:24.640Z","EventTime":"2019-12-04 23:48:22","SeverityValue":2,"ProcessID":3144,"ThreadID":4584,"AccountName":"SYSTEM","TargetImage":"C:\\Windows\\System32\\svchost.exe","SourceModuleType":"im_msvistalog","Hostname":"HR001.shire.com","SourceModuleName":"eventlog","SourceProcessGUID":"{a158f72c-4a94-5de8-0000-001033890000}","TargetProcessId":"3236","@version":"1"}
{"Version":3,"GrantedAccess":"0x1000","EventReceivedTime":"2019-12-04 23:48:24","type":"nxlog-mordor","SourceImage":"C:\\Windows\\system32\\svchost.exe","host":"ip-172-18-39-102.ec2.internal","Channel":"Microsoft-Windows-Sysmon/Operational","RecordNumber":225709,"SourceProcessId":"968","port":49730,"ProviderGuid":"{5770385F-C22A-43E0-BF4C-06F5698FFBD9}","CallTrace":"C:\\Windows\\SYSTEM32\\ntdll.dll+9c524|C:\\Windows\\SYSTEM32\\psmserviceexthost.dll+222a3|C:\\Windows\\SYSTEM32\\psmserviceexthost.dll+1a172|C:\\Windows\\SYSTEM32\\psmserviceexthost.dll+19e3b|C:\\Windows\\SYSTEM32\\psmserviceexthost.dll+19318|C:\\Windows\\SYSTEM32\\ntdll.dll+3082d|C:\\Windows\\SYSTEM32\\ntdll.dll+345c4|C:\\Windows\\System32\\KERNEL32.DLL+17944|C:\\Windows\\SYSTEM32\\ntdll.dll+6ce71","EventID":10,"EventType":"INFO","TargetProcessGUID":"{a158f72c-4a97-5de8-0000-00105c300200}","UtcTime":"2019-12-05 04:48:22.474","UserID":"S-1-5-18","SourceThreadId":"4120","SourceName":"Microsoft-Windows-Sysmon","Domain":"NT AUTHORITY","AccountType":"User","OpcodeValue":0,"Message":"Process accessed:\r\nRuleName: \r\nUtcTime: 2019-12-05 04:48:22.474\r\nSourceProcessGUID: {a158f72c-4a94-5de8-0000-001033890000}\r\nSourceProcessId: 968\r\nSourceThreadId: 4120\r\nSourceImage: C:\\Windows\\system32\\svchost.exe\r\nTargetProcessGUID: {a158f72c-4a97-5de8-0000-00105c300200}\r\nTargetProcessId: 3236\r\nTargetImage: C:\\Windows\\System32\\svchost.exe\r\nGrantedAccess: 0x1000\r\nCallTrace: C:\\Windows\\SYSTEM32\\ntdll.dll+9c524|C:\\Windows\\SYSTEM32\\psmserviceexthost.dll+222a3|C:\\Windows\\SYSTEM32\\psmserviceexthost.dll+1a172|C:\\Windows\\SYSTEM32\\psmserviceexthost.dll+19e3b|C:\\Windows\\SYSTEM32\\psmserviceexthost.dll+19318|C:\\Windows\\SYSTEM32\\ntdll.dll+3082d|C:\\Windows\\SYSTEM32\\ntdll.dll+345c4|C:\\Windows\\System32\\KERNEL32.DLL+17944|C:\\Windows\\SYSTEM32\\ntdll.dll+6ce71","Task":10,"Severity":"INFO","Keywords":-9223372036854775808,"@timestamp":"2019-12-05T04:48:24.640Z","EventTime":"2019-12-04 23:48:22","SeverityValue":2,"ProcessID":3144,"ThreadID":4584,"AccountName":"SYSTEM","TargetImage":"C:\\Windows\\System32\\svchost.exe","SourceModuleType":"im_msvistalog","Hostname":"HR001.shire.com","SourceModuleName":"eventlog","SourceProcessGUID":"{a158f72c-4a94-5de8-0000-001033890000}","TargetProcessId":"3236","@version":"1"}
{"Version":3,"GrantedAccess":"0x1000","EventReceivedTime":"2019-12-04 23:48:24","type":"nxlog-mordor","SourceImage":"C:\\Windows\\system32\\svchost.exe","host":"ip-172-18-39-102.ec2.internal","Channel":"Microsoft-Windows-Sysmon/Operational","RecordNumber":225708,"SourceProcessId":"968","port":49730,"ProviderGuid":"{5770385F-C22A-43E0-BF4C-06F5698FFBD9}","CallTrace":"C:\\Windows\\SYSTEM32\\ntdll.dll+9c524|C:\\Windows\\SYSTEM32\\psmserviceexthost.dll+222a3|C:\\Windows\\SYSTEM32\\psmserviceexthost.dll+1a172|C:\\Windows\\SYSTEM32\\psmserviceexthost.dll+19e3b|C:\\Windows\\SYSTEM32\\psmserviceexthost.dll+19318|C:\\Windows\\SYSTEM32\\ntdll.dll+3082d|C:\\Windows\\SYSTEM32\\ntdll.dll+345c4|C:\\Windows\\System32\\KERNEL32.DLL+17944|C:\\Windows\\SYSTEM32\\ntdll.dll+6ce71","EventID":10,"EventType":"INFO","TargetProcessGUID":"{a158f72c-4a97-5de8-0000-00105c300200}","UtcTime":"2019-12-05 04:48:22.474","UserID":"S-1-5-18","SourceThreadId":"4120","SourceName":"Microsoft-Windows-Sysmon","Domain":"NT AUTHORITY","AccountType":"User","OpcodeValue":0,"Message":"Process accessed:\r\nRuleName: \r\nUtcTime: 2019-12-05 04:48:22.474\r\nSourceProcessGUID: {a158f72c-4a94-5de8-0000-001033890000}\r\nSourceProcessId: 968\r\nSourceThreadId: 4120\r\nSourceImage: C:\\Windows\\system32\\svchost.exe\r\nTargetProcessGUID: {a158f72c-4a97-5de8-0000-00105c300200}\r\nTargetProcessId: 3236\r\nTargetImage: C:\\Windows\\System32\\svchost.exe\r\nGrantedAccess: 0x1000\r\nCallTrace: C:\\Windows\\SYSTEM32\\ntdll.dll+9c524|C:\\Windows\\SYSTEM32\\psmserviceexthost.dll+222a3|C:\\Windows\\SYSTEM32\\psmserviceexthost.dll+1a172|C:\\Windows\\SYSTEM32\\psmserviceexthost.dll+19e3b|C:\\Windows\\SYSTEM32\\psmserviceexthost.dll+19318|C:\\Windows\\SYSTEM32\\ntdll.dll+3082d|C:\\Windows\\SYSTEM32\\ntdll.dll+345c4|C:\\Windows\\System32\\KERNEL32.DLL+17944|C:\\Windows\\SYSTEM32\\ntdll.dll+6ce71","Task":10,"Severity":"INFO","Keywords":-9223372036854775808,"@timestamp":"2019-12-05T04:48:24.640Z","EventTime":"2019-12-04 23:48:22","SeverityValue":2,"ProcessID":3144,"ThreadID":4584,"AccountName":"SYSTEM","TargetImage":"C:\\Windows\\System32\\svchost.exe","SourceModuleType":"im_msvistalog","Hostname":"HR001.shire.com","SourceModuleName":"eventlog","SourceProcessGUID":"{a158f72c-4a94-5de8-0000-001033890000}","TargetProcessId":"3236","@version":"1"}
