{"EventTypeOrignal":"INFO","RuleName":"-","@timestamp":"2020-10-13T04:26:29.081Z","port":61041,"Severity":"INFO","Task":12,"Channel":"Microsoft-Windows-Sysmon/Operational","UtcTime":"2020-10-13 04:26:28.736","UserID":"S-1-5-18","SourceModuleType":"im_msvistalog","OpcodeValue":0,"tags":["mordorDataset"],"TargetObject":"HKLM\\SOFTWARE\\Microsoft","ExecutionProcessID":3592,"Opcode":"Info","RecordNumber":205408,"ThreadID":4780,"EventType":"CreateKey","SourceName":"Microsoft-Windows-Sysmon","Keywords":-9223372036854775808,"Image":"C:\\windows\\system32\\wbem\\wmiprvse.exe","EventID":12,"Domain":"NT AUTHORITY","Category":"Registry object added or deleted (rule: RegistryEvent)","Version":2,"ProcessId":"2440","@version":"1","AccountName":"SYSTEM","ProcessGuid":"{37c5a1b2-2c74-5f85-3203-000000000400}","host":"wec.internal.cloudapp.net","Hostname":"WORKSTATION6.theshire.local","EventReceivedTime":"2020-10-13 00:26:29","SeverityValue":2,"EventTime":"2020-10-13 00:26:28","ProviderGuid":"{5770385F-C22A-43E0-BF4C-06F5698FFBD9}","Message":"Registry object added or deleted:\r\nRuleName: -\r\nEventType: CreateKey\r\nUtcTime: 2020-10-13 04:26:28.736\r\nProcessGuid: {37c5a1b2-2c74-5f85-3203-000000000400}\r\nProcessId: 2440\r\nImage: C:\\windows\\system32\\wbem\\wmiprvse.exe\r\nTargetObject: HKLM\\SOFTWARE\\Microsoft","SourceModuleName":"eventlog","AccountType":"User"}
{"RuleName":"-","@timestamp":"2020-10-13T04:26:29.081Z","SignatureStatus":"Valid","Channel":"Microsoft-Windows-Sysmon/Operational","UserID":"S-1-5-18","RecordNumber":386368,"ThreadID":3216,"Image":"C:\\Users\\pgustavo\\Desktop\\GruntHTTP.exe","ProcessId":"3356","Company":"Microsoft Corporation","Version":3,"Hostname":"WORKSTATION5.theshire.local","ImageLoaded":"C:\\Windows\\System32\\pcwum.dll","Description":"Performance Counters for Windows Native DLL","EventReceivedTime":"2020-10-13 00:26:29","ProviderGuid":"{5770385F-C22A-43E0-BF4C-06F5698FFBD9}","Signed":"true","UtcTime":"2020-10-13 04:26:28.472","port":61041,"Severity":"INFO","tags":["mordorDataset"],"Task":7,"SourceModuleType":"im_msvistalog","OpcodeValue":0,"EventType":"INFO","ExecutionProcessID":3312,"Opcode":"Info","SourceName":"Microsoft-Windows-Sysmon","Product":"Microsoft® Windows® Operating System","Keywords":-9223372036854775808,"FileVersion":"10.0.18362.1 (WinBuild.160101.0800)","EventID":7,"Domain":"NT AUTHORITY","Category":"Image loaded (rule: ImageLoad)","OriginalFileName":"pcwum.dll","@version":"1","AccountName":"SYSTEM","ProcessGuid":"{71b87c12-d7e5-5f84-0d01-000000000500}","host":"wec.internal.cloudapp.net","Hashes":"SHA1=D0EE150A378534396DB943F7962BFEA117C68AAC,MD5=C9D3F6E6D372B4F5468039C1DFF6A88B,SHA256=C55AD879AF6CE5AE0A000D9A1F333939694D72ED68CBDF95F6993EAECDE8B039,IMPHASH=C3F6D260C369DB2F3138E1AE4A2C1172","SeverityValue":2,"EventTime":"2020-10-13 00:26:28","Message":"Image loaded:\r\nRuleName: -\r\nUtcTime: 2020-10-13 04:26:28.472\r\nProcessGuid: {71b87c12-d7e5-5f84-0d01-000000000500}\r\nProcessId: 3356\r\nImage: C:\\Users\\pgustavo\\Desktop\\GruntHTTP.exe\r\nImageLoaded: C:\\Windows\\System32\\pcwum.dll\r\nFileVersion: 10.0.18362.1 (WinBuild.160101.0800)\r\nDescription: Performance Counters for Windows Native DLL\r\nProduct: Microsoft® Windows® Operating System\r\nCompany: Microsoft Corporation\r\nOriginalFileName: pcwum.dll\r\nHashes: SHA1=D0EE150A378534396DB943F7962BFEA117C68AAC,MD5=C9D3F6E6D372B4F5468039C1DFF6A88B,SHA256=C55AD879AF6CE5AE0A000D9A1F333939694D72ED68CBDF95F6993EAECDE8B039,IMPHASH=C3F6D260C369DB2F3138E1AE4A2C1172\r\nSigned: true\r\nSignature: Microsoft Windows\r\nSignatureStatus: Valid","SourceModuleName":"eventlog","AccountType":"User","Signature":"Microsoft Windows"}
{"EventTypeOrignal":"INFO","RuleName":"-","@timestamp":"2020-10-13T04:26:29.082Z","port":61041,"Severity":"INFO","Task":12,"Channel":"Microsoft-Windows-Sysmon/Operational","UtcTime":"2020-10-13 04:26:28.736","UserID":"S-1-5-18","SourceModuleType":"im_msvistalog","OpcodeValue":0,"tags":["mordorDataset"],"TargetObject":"HKLM\\SOFTWARE\\Microsoft\\Wbem","ExecutionProcessID":3592,"Opcode":"Info","RecordNumber":205409,"ThreadID":4780,"EventType":"CreateKey","SourceName":"Microsoft-Windows-Sysmon","Keywords":-9223372036854775808,"Image":"C:\\windows\\system32\\wbem\\wmiprvse.exe","EventID":12,"Domain":"NT AUTHORITY","Category":"Registry object added or deleted (rule: RegistryEvent)","Version":2,"ProcessId":"2440","@version":"1","AccountName":"SYSTEM","ProcessGuid":"{37c5a1b2-2c74-5f85-3203-000000000400}","host":"wec.internal.cloudapp.net","Hostname":"WORKSTATION6.theshire.local","EventReceivedTime":"2020-10-13 00:26:29","SeverityValue":2,"EventTime":"2020-10-13 00:26:28","ProviderGuid":"{5770385F-C22A-43E0-BF4C-06F5698FFBD9}","Message":"Registry object added or deleted:\r\nRuleName: -\r\nEventType: CreateKey\r\nUtcTime: 2020-10-13 04:26:28.736\r\nProcessGuid: {37c5a1b2-2c74-5f85-3203-000000000400}\r\nProcessId: 2440\r\nImage: C:\\windows\\system32\\wbem\\wmiprvse.exe\r\nTargetObject: HKLM\\SOFTWARE\\Microsoft\\Wbem","SourceModuleName":"eventlog","AccountType":"User"}
{"RuleName":"-","@timestamp":"2020-10-13T04:26:29.082Z","SignatureStatus":"Valid","Channel":"Microsoft-Windows-Sysmon/Operational","UserID":"S-1-5-18","RecordNumber":386369,"ThreadID":3216,"Image":"C:\\Users\\pgustavo\\Desktop\\GruntHTTP.exe","ProcessId":"3356","Company":"Microsoft Corporation","Version":3,"Hostname":"WORKSTATION5.theshire.local","ImageLoaded":"C:\\Windows\\System32\\mi.dll","Description":"Management Infrastructure","EventReceivedTime":"2020-10-13 00:26:29","ProviderGuid":"{5770385F-C22A-43E0-BF4C-06F5698FFBD9}","Signed":"true","UtcTime":"2020-10-13 04:26:28.472","port":61041,"Severity":"INFO","tags":["mordorDataset"],"Task":7,"SourceModuleType":"im_msvistalog","OpcodeValue":0,"EventType":"INFO","ExecutionProcessID":3312,"Opcode":"Info","SourceName":"Microsoft-Windows-Sysmon","Product":"Microsoft® Windows® Operating System","Keywords":-9223372036854775808,"FileVersion":"10.0.18362.1 (WinBuild.160101.0800)","EventID":7,"Domain":"NT AUTHORITY","Category":"Image loaded (rule: ImageLoad)","OriginalFileName":"mi.dll","@version":"1","AccountName":"SYSTEM","ProcessGuid":"{71b87c12-d7e5-5f84-0d01-000000000500}","host":"wec.internal.cloudapp.net","Hashes":"SHA1=29E2C890241C481D2554B1F307975AD73C521DE2,MD5=C662B3B48B1460AD6DDCB6BA2CA69A10,SHA256=A1667D0D212BDE2DF1F28526A35D2D29D49FF5696F64CAF72D4BFA9DEFABCDA2,IMPHASH=89D27046CB786351E771526CAF261B26","SeverityValue":2,"EventTime":"2020-10-13 00:26:28","Message":"Image loaded:\r\nRuleName: -\r\nUtcTime: 2020-10-13 04:26:28.472\r\nProcessGuid: {71b87c12-d7e5-5f84-0d01-000000000500}\r\nProcessId: 3356\r\nImage: C:\\Users\\pgustavo\\Desktop\\GruntHTTP.exe\r\nImageLoaded: C:\\Windows\\System32\\mi.dll\r\nFileVersion: 10.0.18362.1 (WinBuild.160101.0800)\r\nDescription: Management Infrastructure\r\nProduct: Microsoft® Windows® Operating System\r\nCompany: Microsoft Corporation\r\nOriginalFileName: mi.dll\r\nHashes: SHA1=29E2C890241C481D2554B1F307975AD73C521DE2,MD5=C662B3B48B1460AD6DDCB6BA2CA69A10,SHA256=A1667D0D212BDE2DF1F28526A35D2D29D49FF5696F64CAF72D4BFA9DEFABCDA2,IMPHASH=89D27046CB786351E771526CAF261B26\r\nSigned: true\r\nSignature: Microsoft Windows\r\nSignatureStatus: Valid","SourceModuleName":"eventlog","AccountType":"User","Signature":"Microsoft Windows"}
{"EventTypeOrignal":"INFO","RuleName":"-","@timestamp":"2020-10-13T04:26:29.083Z","port":61041,"Severity":"INFO","Task":12,"Channel":"Microsoft-Windows-Sysmon/Operational","UtcTime":"2020-10-13 04:26:28.736","UserID":"S-1-5-18","SourceModuleType":"im_msvistalog","OpcodeValue":0,"tags":["mordorDataset"],"TargetObject":"HKLM\\SOFTWARE","ExecutionProcessID":3592,"Opcode":"Info","RecordNumber":205410,"ThreadID":4780,"EventType":"CreateKey","SourceName":"Microsoft-Windows-Sysmon","Keywords":-9223372036854775808,"Image":"C:\\windows\\system32\\wbem\\wmiprvse.exe","EventID":12,"Domain":"NT AUTHORITY","Category":"Registry object added or deleted (rule: RegistryEvent)","Version":2,"ProcessId":"2440","@version":"1","AccountName":"SYSTEM","ProcessGuid":"{37c5a1b2-2c74-5f85-3203-000000000400}","host":"wec.internal.cloudapp.net","Hostname":"WORKSTATION6.theshire.local","EventReceivedTime":"2020-10-13 00:26:29","SeverityValue":2,"EventTime":"2020-10-13 00:26:28","ProviderGuid":"{5770385F-C22A-43E0-BF4C-06F5698FFBD9}","Message":"Registry object added or deleted:\r\nRuleName: -\r\nEventType: CreateKey\r\nUtcTime: 2020-10-13 04:26:28.736\r\nProcessGuid: {37c5a1b2-2c74-5f85-3203-000000000400}\r\nProcessId: 2440\r\nImage: C:\\windows\\system32\\wbem\\wmiprvse.exe\r\nTargetObject: HKLM\\SOFTWARE","SourceModuleName":"eventlog","AccountType":"User"}
{"EventTypeOrignal":"INFO","RuleName":"-","@timestamp":"2020-10-13T04:26:29.083Z","port":61041,"Severity":"INFO","Task":12,"Channel":"Microsoft-Windows-Sysmon/Operational","UtcTime":"2020-10-13 04:26:28.736","UserID":"S-1-5-18","SourceModuleType":"im_msvistalog","OpcodeValue":0,"tags":["mordorDataset"],"TargetObject":"HKLM\\SOFTWARE\\Microsoft","ExecutionProcessID":3592,"Opcode":"Info","RecordNumber":205411,"ThreadID":4780,"EventType":"CreateKey","SourceName":"Microsoft-Windows-Sysmon","Keywords":-9223372036854775808,"Image":"C:\\windows\\system32\\wbem\\wmiprvse.exe","EventID":12,"Domain":"NT AUTHORITY","Category":"Registry object added or deleted (rule: RegistryEvent)","Version":2,"ProcessId":"2440","@version":"1","AccountName":"SYSTEM","ProcessGuid":"{37c5a1b2-2c74-5f85-3203-000000000400}","host":"wec.internal.cloudapp.net","Hostname":"WORKSTATION6.theshire.local","EventReceivedTime":"2020-10-13 00:26:29","SeverityValue":2,"EventTime":"2020-10-13 00:26:28","ProviderGuid":"{5770385F-C22A-43E0-BF4C-06F5698FFBD9}","Message":"Registry object added or deleted:\r\nRuleName: -\r\nEventType: CreateKey\r\nUtcTime: 2020-10-13 04:26:28.736\r\nProcessGuid: {37c5a1b2-2c74-5f85-3203-000000000400}\r\nProcessId: 2440\r\nImage: C:\\windows\\system32\\wbem\\wmiprvse.exe\r\nTargetObject: HKLM\\SOFTWARE\\Microsoft","SourceModuleName":"eventlog","AccountType":"User"}
{"EventTypeOrignal":"INFO","RuleName":"-","@timestamp":"2020-10-13T04:26:29.083Z","port":61041,"Severity":"INFO","Task":12,"Channel":"Microsoft-Windows-Sysmon/Operational","UtcTime":"2020-10-13 04:26:28.736","UserID":"S-1-5-18","SourceModuleType":"im_msvistalog","OpcodeValue":0,"tags":["mordorDataset"],"TargetObject":"HKLM\\SOFTWARE\\Microsoft\\Wbem","ExecutionProcessID":3592,"Opcode":"Info","RecordNumber":205412,"ThreadID":4780,"EventType":"CreateKey","SourceName":"Microsoft-Windows-Sysmon","Keywords":-9223372036854775808,"Image":"C:\\windows\\system32\\wbem\\wmiprvse.exe","EventID":12,"Domain":"NT AUTHORITY","Category":"Registry object added or deleted (rule: RegistryEvent)","Version":2,"ProcessId":"2440","@version":"1","AccountName":"SYSTEM","ProcessGuid":"{37c5a1b2-2c74-5f85-3203-000000000400}","host":"wec.internal.cloudapp.net","Hostname":"WORKSTATION6.theshire.local","EventReceivedTime":"2020-10-13 00:26:29","SeverityValue":2,"EventTime":"2020-10-13 00:26:28","ProviderGuid":"{5770385F-C22A-43E0-BF4C-06F5698FFBD9}","Message":"Registry object added or deleted:\r\nRuleName: -\r\nEventType: CreateKey\r\nUtcTime: 2020-10-13 04:26:28.736\r\nProcessGuid: {37c5a1b2-2c74-5f85-3203-000000000400}\r\nProcessId: 2440\r\nImage: C:\\windows\\system32\\wbem\\wmiprvse.exe\r\nTargetObject: HKLM\\SOFTWARE\\Microsoft\\Wbem","SourceModuleName":"eventlog","AccountType":"User"}
{"RuleName":"-","@timestamp":"2020-10-13T04:26:29.084Z","SignatureStatus":"Valid","Channel":"Microsoft-Windows-Sysmon/Operational","UserID":"S-1-5-18","RecordNumber":205413,"ThreadID":4792,"Image":"C:\\Windows\\System32\\wbem\\WmiPrvSE.exe","ProcessId":"2440","Company":"Microsoft Corporation","Version":3,"Hostname":"WORKSTATION6.theshire.local","ImageLoaded":"C:\\Windows\\System32\\wbem\\WmiPrvSE.exe","Description":"WMI Provider Host","EventReceivedTime":"2020-10-13 00:26:29","ProviderGuid":"{5770385F-C22A-43E0-BF4C-06F5698FFBD9}","Signed":"true","UtcTime":"2020-10-13 04:26:28.705","port":61041,"Severity":"INFO","tags":["mordorDataset"],"Task":7,"SourceModuleType":"im_msvistalog","OpcodeValue":0,"EventType":"INFO","ExecutionProcessID":3592,"Opcode":"Info","SourceName":"Microsoft-Windows-Sysmon","Product":"Microsoft® Windows® Operating System","Keywords":-9223372036854775808,"FileVersion":"10.0.18362.1 (WinBuild.160101.0800)","EventID":7,"Domain":"NT AUTHORITY","Category":"Image loaded (rule: ImageLoad)","OriginalFileName":"Wmiprvse.exe","@version":"1","AccountName":"SYSTEM","ProcessGuid":"{37c5a1b2-2c74-5f85-3203-000000000400}","host":"wec.internal.cloudapp.net","Hashes":"SHA1=51B8646308EE0B68AD1F7F1291B85395434DE49A,MD5=801E8003C257C8F540B20F1E0DECD3A6,SHA256=A75C85F3B089993E9C042FB82ECB7757E8F460ED8065FC7991CAA38A6DE0F50C,IMPHASH=CC058866636CC184AD452F88EE39368A","SeverityValue":2,"EventTime":"2020-10-13 00:26:28","Message":"Image loaded:\r\nRuleName: -\r\nUtcTime: 2020-10-13 04:26:28.705\r\nProcessGuid: {37c5a1b2-2c74-5f85-3203-000000000400}\r\nProcessId: 2440\r\nImage: C:\\Windows\\System32\\wbem\\WmiPrvSE.exe\r\nImageLoaded: C:\\Windows\\System32\\wbem\\WmiPrvSE.exe\r\nFileVersion: 10.0.18362.1 (WinBuild.160101.0800)\r\nDescription: WMI Provider Host\r\nProduct: Microsoft® Windows® Operating System\r\nCompany: Microsoft Corporation\r\nOriginalFileName: Wmiprvse.exe\r\nHashes: SHA1=51B8646308EE0B68AD1F7F1291B85395434DE49A,MD5=801E8003C257C8F540B20F1E0DECD3A6,SHA256=A75C85F3B089993E9C042FB82ECB7757E8F460ED8065FC7991CAA38A6DE0F50C,IMPHASH=CC058866636CC184AD452F88EE39368A\r\nSigned: true\r\nSignature: Microsoft Windows\r\nSignatureStatus: Valid","SourceModuleName":"eventlog","AccountType":"User","Signature":"Microsoft Windows"}
{"RuleName":"-","@timestamp":"2020-10-13T04:26:29.084Z","SignatureStatus":"Valid","Channel":"Microsoft-Windows-Sysmon/Operational","UserID":"S-1-5-18","RecordNumber":205414,"ThreadID":4780,"Image":"C:\\Windows\\System32\\wbem\\WmiPrvSE.exe","ProcessId":"2440","Company":"Microsoft Corporation","Version":3,"Hostname":"WORKSTATION6.theshire.local","ImageLoaded":"C:\\Windows\\System32\\user32.dll","Description":"Multi-User Windows USER API Client DLL","EventReceivedTime":"2020-10-13 00:26:29","ProviderGuid":"{5770385F-C22A-43E0-BF4C-06F5698FFBD9}","Signed":"true","UtcTime":"2020-10-13 04:26:28.736","port":61041,"Severity":"INFO","tags":["mordorDataset"],"Task":7,"SourceModuleType":"im_msvistalog","OpcodeValue":0,"EventType":"INFO","ExecutionProcessID":3592,"Opcode":"Info","SourceName":"Microsoft-Windows-Sysmon","Product":"Microsoft® Windows® Operating System","Keywords":-9223372036854775808,"FileVersion":"10.0.18362.997 (WinBuild.160101.0800)","EventID":7,"Domain":"NT AUTHORITY","Category":"Image loaded (rule: ImageLoad)","OriginalFileName":"user32","@version":"1","AccountName":"SYSTEM","ProcessGuid":"{37c5a1b2-2c74-5f85-3203-000000000400}","host":"wec.internal.cloudapp.net","Hashes":"SHA1=75625F56E7F2AC8E56CE8A00A3EA4C0C6B0807EF,MD5=C7255260A37B185705C47AA5824AF151,SHA256=116DFE7CC1C09CB0CF7B6D3936D6F2BBC0739A9267CF840FB873B142150253BE,IMPHASH=4C2FEDA3D715107818B9354EC0C836B2","SeverityValue":2,"EventTime":"2020-10-13 00:26:28","Message":"Image loaded:\r\nRuleName: -\r\nUtcTime: 2020-10-13 04:26:28.736\r\nProcessGuid: {37c5a1b2-2c74-5f85-3203-000000000400}\r\nProcessId: 2440\r\nImage: C:\\Windows\\System32\\wbem\\WmiPrvSE.exe\r\nImageLoaded: C:\\Windows\\System32\\user32.dll\r\nFileVersion: 10.0.18362.997 (WinBuild.160101.0800)\r\nDescription: Multi-User Windows USER API Client DLL\r\nProduct: Microsoft® Windows® Operating System\r\nCompany: Microsoft Corporation\r\nOriginalFileName: user32\r\nHashes: SHA1=75625F56E7F2AC8E56CE8A00A3EA4C0C6B0807EF,MD5=C7255260A37B185705C47AA5824AF151,SHA256=116DFE7CC1C09CB0CF7B6D3936D6F2BBC0739A9267CF840FB873B142150253BE,IMPHASH=4C2FEDA3D715107818B9354EC0C836B2\r\nSigned: true\r\nSignature: Microsoft Windows\r\nSignatureStatus: Valid","SourceModuleName":"eventlog","AccountType":"User","Signature":"Microsoft Windows"}
{"RuleName":"-","@timestamp":"2020-10-13T04:26:29.085Z","SignatureStatus":"Valid","Channel":"Microsoft-Windows-Sysmon/Operational","UserID":"S-1-5-18","RecordNumber":205415,"ThreadID":4780,"Image":"C:\\Windows\\System32\\wbem\\WmiPrvSE.exe","ProcessId":"2440","Company":"Microsoft Corporation","Version":3,"Hostname":"WORKSTATION6.theshire.local","ImageLoaded":"C:\\Windows\\System32\\win32u.dll","Description":"Win32u","EventReceivedTime":"2020-10-13 00:26:29","ProviderGuid":"{5770385F-C22A-43E0-BF4C-06F5698FFBD9}","Signed":"true","UtcTime":"2020-10-13 04:26:28.736","port":61041,"Severity":"INFO","tags":["mordorDataset"],"Task":7,"SourceModuleType":"im_msvistalog","OpcodeValue":0,"EventType":"INFO","ExecutionProcessID":3592,"Opcode":"Info","SourceName":"Microsoft-Windows-Sysmon","Product":"Microsoft® Windows® Operating System","Keywords":-9223372036854775808,"FileVersion":"10.0.18362.1082 (WinBuild.160101.0800)","EventID":7,"Domain":"NT AUTHORITY","Category":"Image loaded (rule: ImageLoad)","OriginalFileName":"Win32u.DLL","@version":"1","AccountName":"SYSTEM","ProcessGuid":"{37c5a1b2-2c74-5f85-3203-000000000400}","host":"wec.internal.cloudapp.net","Hashes":"SHA1=513CA7ADBF528DE9D0770936A2748FBEE92FD4B1,MD5=59FC84F38585E8F4D32424A05612E4FA,SHA256=68BBFE7153072E5A8D11972AA38B0E2CEF94D2149960E543DD80168C1F92BD24,IMPHASH=00000000000000000000000000000000","SeverityValue":2,"EventTime":"2020-10-13 00:26:28","Message":"Image loaded:\r\nRuleName: -\r\nUtcTime: 2020-10-13 04:26:28.736\r\nProcessGuid: {37c5a1b2-2c74-5f85-3203-000000000400}\r\nProcessId: 2440\r\nImage: C:\\Windows\\System32\\wbem\\WmiPrvSE.exe\r\nImageLoaded: C:\\Windows\\System32\\win32u.dll\r\nFileVersion: 10.0.18362.1082 (WinBuild.160101.0800)\r\nDescription: Win32u\r\nProduct: Microsoft® Windows® Operating System\r\nCompany: Microsoft Corporation\r\nOriginalFileName: Win32u.DLL\r\nHashes: SHA1=513CA7ADBF528DE9D0770936A2748FBEE92FD4B1,MD5=59FC84F38585E8F4D32424A05612E4FA,SHA256=68BBFE7153072E5A8D11972AA38B0E2CEF94D2149960E543DD80168C1F92BD24,IMPHASH=00000000000000000000000000000000\r\nSigned: true\r\nSignature: Microsoft Windows\r\nSignatureStatus: Valid","SourceModuleName":"eventlog","AccountType":"User","Signature":"Microsoft Windows"}
{"RuleName":"-","@timestamp":"2020-10-13T04:26:29.085Z","SignatureStatus":"Valid","Channel":"Microsoft-Windows-Sysmon/Operational","UserID":"S-1-5-18","RecordNumber":205416,"ThreadID":4780,"Image":"C:\\Windows\\System32\\wbem\\WmiPrvSE.exe","ProcessId":"2440","Company":"Microsoft Corporation","Version":3,"Hostname":"WORKSTATION6.theshire.local","ImageLoaded":"C:\\Windows\\System32\\gdi32.dll","Description":"GDI Client DLL","EventReceivedTime":"2020-10-13 00:26:29","ProviderGuid":"{5770385F-C22A-43E0-BF4C-06F5698FFBD9}","Signed":"true","UtcTime":"2020-10-13 04:26:28.736","port":61041,"Severity":"INFO","tags":["mordorDataset"],"Task":7,"SourceModuleType":"im_msvistalog","OpcodeValue":0,"EventType":"INFO","ExecutionProcessID":3592,"Opcode":"Info","SourceName":"Microsoft-Windows-Sysmon","Product":"Microsoft® Windows® Operating System","Keywords":-9223372036854775808,"FileVersion":"10.0.18362.1 (WinBuild.160101.0800)","EventID":7,"Domain":"NT AUTHORITY","Category":"Image loaded (rule: ImageLoad)","OriginalFileName":"gdi32","@version":"1","AccountName":"SYSTEM","ProcessGuid":"{37c5a1b2-2c74-5f85-3203-000000000400}","host":"wec.internal.cloudapp.net","Hashes":"SHA1=9E91D74D5B9BF64A3D4BE8C5EA3594F5DA2BC299,MD5=2839609118F48DEA292084E43FAA72D8,SHA256=4FC9460147D5A3AA1F9498863CF10BB7BE6099BEF1A3D55503164CA51E36E27E,IMPHASH=C5F30E6A06AB646153863B68366FE58A","SeverityValue":2,"EventTime":"2020-10-13 00:26:28","Message":"Image loaded:\r\nRuleName: -\r\nUtcTime: 2020-10-13 04:26:28.736\r\nProcessGuid: {37c5a1b2-2c74-5f85-3203-000000000400}\r\nProcessId: 2440\r\nImage: C:\\Windows\\System32\\wbem\\WmiPrvSE.exe\r\nImageLoaded: C:\\Windows\\System32\\gdi32.dll\r\nFileVersion: 10.0.18362.1 (WinBuild.160101.0800)\r\nDescription: GDI Client DLL\r\nProduct: Microsoft® Windows® Operating System\r\nCompany: Microsoft Corporation\r\nOriginalFileName: gdi32\r\nHashes: SHA1=9E91D74D5B9BF64A3D4BE8C5EA3594F5DA2BC299,MD5=2839609118F48DEA292084E43FAA72D8,SHA256=4FC9460147D5A3AA1F9498863CF10BB7BE6099BEF1A3D55503164CA51E36E27E,IMPHASH=C5F30E6A06AB646153863B68366FE58A\r\nSigned: true\r\nSignature: Microsoft Windows\r\nSignatureStatus: Valid","SourceModuleName":"eventlog","AccountType":"User","Signature":"Microsoft Windows"}
{"RuleName":"-","@timestamp":"2020-10-13T04:26:29.087Z","SignatureStatus":"Valid","Channel":"Microsoft-Windows-Sysmon/Operational","UserID":"S-1-5-18","RecordNumber":205417,"ThreadID":4780,"Image":"C:\\Windows\\System32\\wbem\\WmiPrvSE.exe","ProcessId":"2440","Company":"Microsoft Corporation","Version":3,"Hostname":"WORKSTATION6.theshire.local","ImageLoaded":"C:\\Windows\\System32\\gdi32full.dll","Description":"GDI Client DLL","EventReceivedTime":"2020-10-13 00:26:29","ProviderGuid":"{5770385F-C22A-43E0-BF4C-06F5698FFBD9}","Signed":"true","UtcTime":"2020-10-13 04:26:28.736","port":61041,"Severity":"INFO","tags":["mordorDataset"],"Task":7,"SourceModuleType":"im_msvistalog","OpcodeValue":0,"EventType":"INFO","ExecutionProcessID":3592,"Opcode":"Info","SourceName":"Microsoft-Windows-Sysmon","Product":"Microsoft® Windows® Operating System","Keywords":-9223372036854775808,"FileVersion":"10.0.18362.1082 (WinBuild.160101.0800)","EventID":7,"Domain":"NT AUTHORITY","Category":"Image loaded (rule: ImageLoad)","OriginalFileName":"gdi32","@version":"1","AccountName":"SYSTEM","ProcessGuid":"{37c5a1b2-2c74-5f85-3203-000000000400}","host":"wec.internal.cloudapp.net","Hashes":"SHA1=F7A63E3541F18A55EB874AAD899373D0C6EDED74,MD5=9B9E9E68B817D79F296AB1CCF378D017,SHA256=1CF582623B0CB3868554E78574B599F39B10B5CA4A51FA898F89286DDD15CE13,IMPHASH=4D32F6E2211CD04CA28C2CD4FAC607E8","SeverityValue":2,"EventTime":"2020-10-13 00:26:28","Message":"Image loaded:\r\nRuleName: -\r\nUtcTime: 2020-10-13 04:26:28.736\r\nProcessGuid: {37c5a1b2-2c74-5f85-3203-000000000400}\r\nProcessId: 2440\r\nImage: C:\\Windows\\System32\\wbem\\WmiPrvSE.exe\r\nImageLoaded: C:\\Windows\\System32\\gdi32full.dll\r\nFileVersion: 10.0.18362.1082 (WinBuild.160101.0800)\r\nDescription: GDI Client DLL\r\nProduct: Microsoft® Windows® Operating System\r\nCompany: Microsoft Corporation\r\nOriginalFileName: gdi32\r\nHashes: SHA1=F7A63E3541F18A55EB874AAD899373D0C6EDED74,MD5=9B9E9E68B817D79F296AB1CCF378D017,SHA256=1CF582623B0CB3868554E78574B599F39B10B5CA4A51FA898F89286DDD15CE13,IMPHASH=4D32F6E2211CD04CA28C2CD4FAC607E8\r\nSigned: true\r\nSignature: Microsoft Windows\r\nSignatureStatus: Valid","SourceModuleName":"eventlog","AccountType":"User","Signature":"Microsoft Windows"}
{"RuleName":"-","@timestamp":"2020-10-13T04:26:29.087Z","SignatureStatus":"Valid","Channel":"Microsoft-Windows-Sysmon/Operational","UserID":"S-1-5-18","RecordNumber":205418,"ThreadID":4780,"Image":"C:\\Windows\\System32\\wbem\\WmiPrvSE.exe","ProcessId":"2440","Company":"Microsoft Corporation","Version":3,"Hostname":"WORKSTATION6.theshire.local","ImageLoaded":"C:\\Windows\\System32\\msvcp_win.dll","Description":"Microsoft® C Runtime Library","EventReceivedTime":"2020-10-13 00:26:29","ProviderGuid":"{5770385F-C22A-43E0-BF4C-06F5698FFBD9}","Signed":"true","UtcTime":"2020-10-13 04:26:28.736","port":61041,"Severity":"INFO","tags":["mordorDataset"],"Task":7,"SourceModuleType":"im_msvistalog","OpcodeValue":0,"EventType":"INFO","ExecutionProcessID":3592,"Opcode":"Info","SourceName":"Microsoft-Windows-Sysmon","Product":"Microsoft® Windows® Operating System","Keywords":-9223372036854775808,"FileVersion":"10.0.18362.815 (WinBuild.160101.0800)","EventID":7,"Domain":"NT AUTHORITY","Category":"Image loaded (rule: ImageLoad)","OriginalFileName":"msvcp_win.dll","@version":"1","AccountName":"SYSTEM","ProcessGuid":"{37c5a1b2-2c74-5f85-3203-000000000400}","host":"wec.internal.cloudapp.net","Hashes":"SHA1=3C9938AFD7E9E2427750B0BBF21D3905502C2416,MD5=D327A488FF346D2A2ACC7D018F80A615,SHA256=F60BA64AF20B44D13275955ECA2949C471F2C812CD3908AF63B145DEAEB4E4F3,IMPHASH=7F555C87AEA488E97B6067A0419ED3B4","SeverityValue":2,"EventTime":"2020-10-13 00:26:28","Message":"Image loaded:\r\nRuleName: -\r\nUtcTime: 2020-10-13 04:26:28.736\r\nProcessGuid: {37c5a1b2-2c74-5f85-3203-000000000400}\r\nProcessId: 2440\r\nImage: C:\\Windows\\System32\\wbem\\WmiPrvSE.exe\r\nImageLoaded: C:\\Windows\\System32\\msvcp_win.dll\r\nFileVersion: 10.0.18362.815 (WinBuild.160101.0800)\r\nDescription: Microsoft® C Runtime Library\r\nProduct: Microsoft® Windows® Operating System\r\nCompany: Microsoft Corporation\r\nOriginalFileName: msvcp_win.dll\r\nHashes: SHA1=3C9938AFD7E9E2427750B0BBF21D3905502C2416,MD5=D327A488FF346D2A2ACC7D018F80A615,SHA256=F60BA64AF20B44D13275955ECA2949C471F2C812CD3908AF63B145DEAEB4E4F3,IMPHASH=7F555C87AEA488E97B6067A0419ED3B4\r\nSigned: true\r\nSignature: Microsoft Windows\r\nSignatureStatus: Valid","SourceModuleName":"eventlog","AccountType":"User","Signature":"Microsoft Windows"}
{"RuleName":"-","@timestamp":"2020-10-13T04:26:29.088Z","SignatureStatus":"Valid","Channel":"Microsoft-Windows-Sysmon/Operational","UserID":"S-1-5-18","RecordNumber":205419,"ThreadID":4780,"Image":"C:\\Windows\\System32\\wbem\\WmiPrvSE.exe","ProcessId":"2440","Company":"Microsoft Corporation","Version":3,"Hostname":"WORKSTATION6.theshire.local","ImageLoaded":"C:\\Windows\\System32\\kernel.appcore.dll","Description":"AppModel API Host","EventReceivedTime":"2020-10-13 00:26:29","ProviderGuid":"{5770385F-C22A-43E0-BF4C-06F5698FFBD9}","Signed":"true","UtcTime":"2020-10-13 04:26:28.736","port":61041,"Severity":"INFO","tags":["mordorDataset"],"Task":7,"SourceModuleType":"im_msvistalog","OpcodeValue":0,"EventType":"INFO","ExecutionProcessID":3592,"Opcode":"Info","SourceName":"Microsoft-Windows-Sysmon","Product":"Microsoft® Windows® Operating System","Keywords":-9223372036854775808,"FileVersion":"10.0.18362.1 (WinBuild.160101.0800)","EventID":7,"Domain":"NT AUTHORITY","Category":"Image loaded (rule: ImageLoad)","OriginalFileName":"kernel.appcore.dll","@version":"1","AccountName":"SYSTEM","ProcessGuid":"{37c5a1b2-2c74-5f85-3203-000000000400}","host":"wec.internal.cloudapp.net","Hashes":"SHA1=4985EC8C3309DB6CCCCFD4D18423A84E37BEC172,MD5=EDF981437C0FD1B9DBF9EA42CE97CE60,SHA256=42164F81BC8FC2D0A6B71DAA492BE6A6D4785821AA4FDCA27B9273721EDB23D9,IMPHASH=8899216954AA228EAA7E8EEDC31DBC03","SeverityValue":2,"EventTime":"2020-10-13 00:26:28","Message":"Image loaded:\r\nRuleName: -\r\nUtcTime: 2020-10-13 04:26:28.736\r\nProcessGuid: {37c5a1b2-2c74-5f85-3203-000000000400}\r\nProcessId: 2440\r\nImage: C:\\Windows\\System32\\wbem\\WmiPrvSE.exe\r\nImageLoaded: C:\\Windows\\System32\\kernel.appcore.dll\r\nFileVersion: 10.0.18362.1 (WinBuild.160101.0800)\r\nDescription: AppModel API Host\r\nProduct: Microsoft® Windows® Operating System\r\nCompany: Microsoft Corporation\r\nOriginalFileName: kernel.appcore.dll\r\nHashes: SHA1=4985EC8C3309DB6CCCCFD4D18423A84E37BEC172,MD5=EDF981437C0FD1B9DBF9EA42CE97CE60,SHA256=42164F81BC8FC2D0A6B71DAA492BE6A6D4785821AA4FDCA27B9273721EDB23D9,IMPHASH=8899216954AA228EAA7E8EEDC31DBC03\r\nSigned: true\r\nSignature: Microsoft Windows\r\nSignatureStatus: Valid","SourceModuleName":"eventlog","AccountType":"User","Signature":"Microsoft Windows"}
{"SourceProcessId":"924","RuleName":"-","@timestamp":"2020-10-13T04:26:29.088Z","Channel":"Microsoft-Windows-Sysmon/Operational","UserID":"S-1-5-18","TargetProcessId":"2440","CallTrace":"C:\\windows\\SYSTEM32\\ntdll.dll+9c534|C:\\windows\\System32\\KERNELBASE.dll+305fe|c:\\windows\\system32\\rpcss.dll+47d62|c:\\windows\\system32\\rpcss.dll+47d23|C:\\windows\\System32\\RPCRT4.dll+76a53|C:\\windows\\System32\\RPCRT4.dll+1364b|C:\\windows\\System32\\RPCRT4.dll+1451a|C:\\windows\\System32\\RPCRT4.dll+54998|C:\\windows\\System32\\RPCRT4.dll+2c951|C:\\windows\\System32\\RPCRT4.dll+2c20b|C:\\windows\\System32\\RPCRT4.dll+1a86f|C:\\windows\\System32\\RPCRT4.dll+19d1a|C:\\windows\\System32\\RPCRT4.dll+19301|C:\\windows\\System32\\RPCRT4.dll+18d6e|C:\\windows\\System32\\RPCRT4.dll+169a5|C:\\windows\\SYSTEM32\\ntdll.dll+333ed|C:\\windows\\SYSTEM32\\ntdll.dll+34142|C:\\windows\\System32\\KERNEL32.DLL+17bd4|C:\\windows\\SYSTEM32\\ntdll.dll+6ce51","RecordNumber":205420,"ThreadID":4780,"SourceProcessGUID":"{37c5a1b2-c0c9-5f84-1000-000000000400}","TargetImage":"C:\\windows\\system32\\wbem\\wmiprvse.exe","ProcessId":"924","Version":3,"Hostname":"WORKSTATION6.theshire.local","EventReceivedTime":"2020-10-13 00:26:29","ProviderGuid":"{5770385F-C22A-43E0-BF4C-06F5698FFBD9}","UtcTime":"2020-10-13 04:26:28.736","port":61041,"Severity":"INFO","tags":["mordorDataset"],"Task":10,"SourceThreadId":"6028","SourceModuleType":"im_msvistalog","OpcodeValue":0,"EventType":"INFO","ExecutionProcessID":3592,"Opcode":"Info","SourceName":"Microsoft-Windows-Sysmon","Keywords":-9223372036854775808,"EventID":10,"Domain":"NT AUTHORITY","Category":"Process accessed (rule: ProcessAccess)","@version":"1","AccountName":"SYSTEM","host":"wec.internal.cloudapp.net","SourceImage":"C:\\windows\\system32\\svchost.exe","SeverityValue":2,"EventTime":"2020-10-13 00:26:28","Message":"Process accessed:\r\nRuleName: -\r\nUtcTime: 2020-10-13 04:26:28.736\r\nSourceProcessGUID: {37c5a1b2-c0c9-5f84-1000-000000000400}\r\nSourceProcessId: 924\r\nSourceThreadId: 6028\r\nSourceImage: C:\\windows\\system32\\svchost.exe\r\nTargetProcessGUID: {37c5a1b2-2c74-5f85-3203-000000000400}\r\nTargetProcessId: 2440\r\nTargetImage: C:\\windows\\system32\\wbem\\wmiprvse.exe\r\nGrantedAccess: 0x1000\r\nCallTrace: C:\\windows\\SYSTEM32\\ntdll.dll+9c534|C:\\windows\\System32\\KERNELBASE.dll+305fe|c:\\windows\\system32\\rpcss.dll+47d62|c:\\windows\\system32\\rpcss.dll+47d23|C:\\windows\\System32\\RPCRT4.dll+76a53|C:\\windows\\System32\\RPCRT4.dll+1364b|C:\\windows\\System32\\RPCRT4.dll+1451a|C:\\windows\\System32\\RPCRT4.dll+54998|C:\\windows\\System32\\RPCRT4.dll+2c951|C:\\windows\\System32\\RPCRT4.dll+2c20b|C:\\windows\\System32\\RPCRT4.dll+1a86f|C:\\windows\\System32\\RPCRT4.dll+19d1a|C:\\windows\\System32\\RPCRT4.dll+19301|C:\\windows\\System32\\RPCRT4.dll+18d6e|C:\\windows\\System32\\RPCRT4.dll+169a5|C:\\windows\\SYSTEM32\\ntdll.dll+333ed|C:\\windows\\SYSTEM32\\ntdll.dll+34142|C:\\windows\\System32\\KERNEL32.DLL+17bd4|C:\\windows\\SYSTEM32\\ntdll.dll+6ce51","SourceModuleName":"eventlog","GrantedAccess":"0x1000","AccountType":"User","TargetProcessGUID":"{37c5a1b2-2c74-5f85-3203-000000000400}"}
{"SourceProcessId":"1000","RuleName":"-","@timestamp":"2020-10-13T04:26:29.088Z","Channel":"Microsoft-Windows-Sysmon/Operational","UserID":"S-1-5-18","TargetProcessId":"2440","CallTrace":"C:\\windows\\SYSTEM32\\ntdll.dll+9d104|C:\\windows\\System32\\RPCRT4.dll+2d2f4|c:\\windows\\system32\\rpcss.dll+314c9|c:\\windows\\system32\\rpcss.dll+30b5b|C:\\windows\\System32\\RPCRT4.dll+76a53|C:\\windows\\System32\\RPCRT4.dll+1364b|C:\\windows\\System32\\RPCRT4.dll+1451a|C:\\windows\\System32\\RPCRT4.dll+54998|C:\\windows\\System32\\RPCRT4.dll+2c951|C:\\windows\\System32\\RPCRT4.dll+2c20b|C:\\windows\\System32\\RPCRT4.dll+1a86f|C:\\windows\\System32\\RPCRT4.dll+19d1a|C:\\windows\\System32\\RPCRT4.dll+19301|C:\\windows\\System32\\RPCRT4.dll+18d6e|C:\\windows\\System32\\RPCRT4.dll+169a5|C:\\windows\\SYSTEM32\\ntdll.dll+333ed|C:\\windows\\SYSTEM32\\ntdll.dll+34142|C:\\windows\\System32\\KERNEL32.DLL+17bd4|C:\\windows\\SYSTEM32\\ntdll.dll+6ce51","RecordNumber":205421,"ThreadID":4780,"SourceProcessGUID":"{37c5a1b2-c0c9-5f84-1100-000000000400}","TargetImage":"C:\\windows\\system32\\wbem\\wmiprvse.exe","ProcessId":"1000","Version":3,"Hostname":"WORKSTATION6.theshire.local","EventReceivedTime":"2020-10-13 00:26:29","ProviderGuid":"{5770385F-C22A-43E0-BF4C-06F5698FFBD9}","UtcTime":"2020-10-13 04:26:28.736","port":61041,"Severity":"INFO","tags":["mordorDataset"],"Task":10,"SourceThreadId":"5764","SourceModuleType":"im_msvistalog","OpcodeValue":0,"EventType":"INFO","ExecutionProcessID":3592,"Opcode":"Info","SourceName":"Microsoft-Windows-Sysmon","Keywords":-9223372036854775808,"EventID":10,"Domain":"NT AUTHORITY","Category":"Process accessed (rule: ProcessAccess)","@version":"1","AccountName":"SYSTEM","host":"wec.internal.cloudapp.net","SourceImage":"C:\\windows\\system32\\svchost.exe","SeverityValue":2,"EventTime":"2020-10-13 00:26:28","Message":"Process accessed:\r\nRuleName: -\r\nUtcTime: 2020-10-13 04:26:28.736\r\nSourceProcessGUID: {37c5a1b2-c0c9-5f84-1100-000000000400}\r\nSourceProcessId: 1000\r\nSourceThreadId: 5764\r\nSourceImage: C:\\windows\\system32\\svchost.exe\r\nTargetProcessGUID: {37c5a1b2-2c74-5f85-3203-000000000400}\r\nTargetProcessId: 2440\r\nTargetImage: C:\\windows\\system32\\wbem\\wmiprvse.exe\r\nGrantedAccess: 0x100000\r\nCallTrace: C:\\windows\\SYSTEM32\\ntdll.dll+9d104|C:\\windows\\System32\\RPCRT4.dll+2d2f4|c:\\windows\\system32\\rpcss.dll+314c9|c:\\windows\\system32\\rpcss.dll+30b5b|C:\\windows\\System32\\RPCRT4.dll+76a53|C:\\windows\\System32\\RPCRT4.dll+1364b|C:\\windows\\System32\\RPCRT4.dll+1451a|C:\\windows\\System32\\RPCRT4.dll+54998|C:\\windows\\System32\\RPCRT4.dll+2c951|C:\\windows\\System32\\RPCRT4.dll+2c20b|C:\\windows\\System32\\RPCRT4.dll+1a86f|C:\\windows\\System32\\RPCRT4.dll+19d1a|C:\\windows\\System32\\RPCRT4.dll+19301|C:\\windows\\System32\\RPCRT4.dll+18d6e|C:\\windows\\System32\\RPCRT4.dll+169a5|C:\\windows\\SYSTEM32\\ntdll.dll+333ed|C:\\windows\\SYSTEM32\\ntdll.dll+34142|C:\\windows\\System32\\KERNEL32.DLL+17bd4|C:\\windows\\SYSTEM32\\ntdll.dll+6ce51","SourceModuleName":"eventlog","GrantedAccess":"0x100000","AccountType":"User","TargetProcessGUID":"{37c5a1b2-2c74-5f85-3203-000000000400}"}
{"RuleName":"-","@timestamp":"2020-10-13T04:26:29.089Z","SignatureStatus":"Valid","Channel":"Microsoft-Windows-Sysmon/Operational","UserID":"S-1-5-18","RecordNumber":205422,"ThreadID":4780,"Image":"C:\\Windows\\System32\\wbem\\WmiPrvSE.exe","ProcessId":"2440","Company":"Microsoft Corporation","Version":3,"Hostname":"WORKSTATION6.theshire.local","ImageLoaded":"C:\\Windows\\System32\\clbcatq.dll","Description":"COM+ Configuration Catalog","EventReceivedTime":"2020-10-13 00:26:29","ProviderGuid":"{5770385F-C22A-43E0-BF4C-06F5698FFBD9}","Signed":"true","UtcTime":"2020-10-13 04:26:28.752","port":61041,"Severity":"INFO","tags":["mordorDataset"],"Task":7,"SourceModuleType":"im_msvistalog","OpcodeValue":0,"EventType":"INFO","ExecutionProcessID":3592,"Opcode":"Info","SourceName":"Microsoft-Windows-Sysmon","Product":"Microsoft® Windows® Operating System","Keywords":-9223372036854775808,"FileVersion":"2001.12.10941.16384 (WinBuild.160101.0800)","EventID":7,"Domain":"NT AUTHORITY","Category":"Image loaded (rule: ImageLoad)","OriginalFileName":"CLBCATQ.DLL","@version":"1","AccountName":"SYSTEM","ProcessGuid":"{37c5a1b2-2c74-5f85-3203-000000000400}","host":"wec.internal.cloudapp.net","Hashes":"SHA1=7DE7C7E87CFA639E8C4DF269E38FB69A391D6790,MD5=4B179D7C6AA9424831847BA6BACDB260,SHA256=F0541B07D7B00C8D09BC72DF7E2D974F83482E42CD88B4E8260B832B7A71682E,IMPHASH=70F94828FF194145825265FE7BA88C95","SeverityValue":2,"EventTime":"2020-10-13 00:26:28","Message":"Image loaded:\r\nRuleName: -\r\nUtcTime: 2020-10-13 04:26:28.752\r\nProcessGuid: {37c5a1b2-2c74-5f85-3203-000000000400}\r\nProcessId: 2440\r\nImage: C:\\Windows\\System32\\wbem\\WmiPrvSE.exe\r\nImageLoaded: C:\\Windows\\System32\\clbcatq.dll\r\nFileVersion: 2001.12.10941.16384 (WinBuild.160101.0800)\r\nDescription: COM+ Configuration Catalog\r\nProduct: Microsoft® Windows® Operating System\r\nCompany: Microsoft Corporation\r\nOriginalFileName: CLBCATQ.DLL\r\nHashes: SHA1=7DE7C7E87CFA639E8C4DF269E38FB69A391D6790,MD5=4B179D7C6AA9424831847BA6BACDB260,SHA256=F0541B07D7B00C8D09BC72DF7E2D974F83482E42CD88B4E8260B832B7A71682E,IMPHASH=70F94828FF194145825265FE7BA88C95\r\nSigned: true\r\nSignature: Microsoft Windows\r\nSignatureStatus: Valid","SourceModuleName":"eventlog","AccountType":"User","Signature":"Microsoft Windows"}
{"RuleName":"-","@timestamp":"2020-10-13T04:26:29.089Z","SignatureStatus":"Valid","Channel":"Microsoft-Windows-Sysmon/Operational","UserID":"S-1-5-18","RecordNumber":205423,"ThreadID":4792,"Image":"C:\\Windows\\System32\\wbem\\WmiPrvSE.exe","ProcessId":"2440","Company":"Microsoft Corporation","Version":3,"Hostname":"WORKSTATION6.theshire.local","ImageLoaded":"C:\\Windows\\System32\\ncobjapi.dll","Description":"-","EventReceivedTime":"2020-10-13 00:26:29","ProviderGuid":"{5770385F-C22A-43E0-BF4C-06F5698FFBD9}","Signed":"true","UtcTime":"2020-10-13 04:26:28.721","port":61041,"Severity":"INFO","tags":["mordorDataset"],"Task":7,"SourceModuleType":"im_msvistalog","OpcodeValue":0,"EventType":"INFO","ExecutionProcessID":3592,"Opcode":"Info","SourceName":"Microsoft-Windows-Sysmon","Product":"Microsoft® Windows® Operating System","Keywords":-9223372036854775808,"FileVersion":"10.0.18362.1 (WinBuild.160101.0800)","EventID":7,"Domain":"NT AUTHORITY","Category":"Image loaded (rule: ImageLoad)","OriginalFileName":"NCObjAPI.DLL","@version":"1","AccountName":"SYSTEM","ProcessGuid":"{37c5a1b2-2c74-5f85-3203-000000000400}","host":"wec.internal.cloudapp.net","Hashes":"SHA1=776DC01DF8039675E9D47A93FEBC2EFC6F3C7E73,MD5=EE3BD96DB188B9703B17B2D6ED392633,SHA256=42168B39DAD41AE11D80C3FEAE265125B82F3057BC5A4BCBF36C668B5ECDA240,IMPHASH=1041913AE7421ED5D68DE84FD96E0C36","SeverityValue":2,"EventTime":"2020-10-13 00:26:28","Message":"Image loaded:\r\nRuleName: -\r\nUtcTime: 2020-10-13 04:26:28.721\r\nProcessGuid: {37c5a1b2-2c74-5f85-3203-000000000400}\r\nProcessId: 2440\r\nImage: C:\\Windows\\System32\\wbem\\WmiPrvSE.exe\r\nImageLoaded: C:\\Windows\\System32\\ncobjapi.dll\r\nFileVersion: 10.0.18362.1 (WinBuild.160101.0800)\r\nDescription: -\r\nProduct: Microsoft® Windows® Operating System\r\nCompany: Microsoft Corporation\r\nOriginalFileName: NCObjAPI.DLL\r\nHashes: SHA1=776DC01DF8039675E9D47A93FEBC2EFC6F3C7E73,MD5=EE3BD96DB188B9703B17B2D6ED392633,SHA256=42168B39DAD41AE11D80C3FEAE265125B82F3057BC5A4BCBF36C668B5ECDA240,IMPHASH=1041913AE7421ED5D68DE84FD96E0C36\r\nSigned: true\r\nSignature: Microsoft Windows\r\nSignatureStatus: Valid","SourceModuleName":"eventlog","AccountType":"User","Signature":"Microsoft Windows"}
{"RuleName":"-","@timestamp":"2020-10-13T04:26:29.090Z","SignatureStatus":"Valid","Channel":"Microsoft-Windows-Sysmon/Operational","UserID":"S-1-5-18","RecordNumber":205424,"ThreadID":4780,"Image":"C:\\Windows\\System32\\wbem\\WmiPrvSE.exe","ProcessId":"2440","Company":"Microsoft Corporation","Version":3,"Hostname":"WORKSTATION6.theshire.local","ImageLoaded":"C:\\Windows\\System32\\wbem\\wbemprox.dll","Description":"WMI","EventReceivedTime":"2020-10-13 00:26:29","ProviderGuid":"{5770385F-C22A-43E0-BF4C-06F5698FFBD9}","Signed":"true","UtcTime":"2020-10-13 04:26:28.752","port":61041,"Severity":"INFO","tags":["mordorDataset"],"Task":7,"SourceModuleType":"im_msvistalog","OpcodeValue":0,"EventType":"INFO","ExecutionProcessID":3592,"Opcode":"Info","SourceName":"Microsoft-Windows-Sysmon","Product":"Microsoft® Windows® Operating System","Keywords":-9223372036854775808,"FileVersion":"10.0.18362.1 (WinBuild.160101.0800)","EventID":7,"Domain":"NT AUTHORITY","Category":"Image loaded (rule: ImageLoad)","OriginalFileName":"wbemprox.dll","@version":"1","AccountName":"SYSTEM","ProcessGuid":"{37c5a1b2-2c74-5f85-3203-000000000400}","host":"wec.internal.cloudapp.net","Hashes":"SHA1=CD68DD1A25B246BF189D5718F3A7029D882A87B9,MD5=1DF9F7750C1F0FD8D2DB4A24BC89AF87,SHA256=3FA4641ECA80FE270E5B2A1DB22CDB0EC700C858BDE9C6F3AD53FBD275D76B68,IMPHASH=2071F5DD5C967908540F0C880AAFC6EC","SeverityValue":2,"EventTime":"2020-10-13 00:26:28","Message":"Image loaded:\r\nRuleName: -\r\nUtcTime: 2020-10-13 04:26:28.752\r\nProcessGuid: {37c5a1b2-2c74-5f85-3203-000000000400}\r\nProcessId: 2440\r\nImage: C:\\Windows\\System32\\wbem\\WmiPrvSE.exe\r\nImageLoaded: C:\\Windows\\System32\\wbem\\wbemprox.dll\r\nFileVersion: 10.0.18362.1 (WinBuild.160101.0800)\r\nDescription: WMI\r\nProduct: Microsoft® Windows® Operating System\r\nCompany: Microsoft Corporation\r\nOriginalFileName: wbemprox.dll\r\nHashes: SHA1=CD68DD1A25B246BF189D5718F3A7029D882A87B9,MD5=1DF9F7750C1F0FD8D2DB4A24BC89AF87,SHA256=3FA4641ECA80FE270E5B2A1DB22CDB0EC700C858BDE9C6F3AD53FBD275D76B68,IMPHASH=2071F5DD5C967908540F0C880AAFC6EC\r\nSigned: true\r\nSignature: Microsoft Windows\r\nSignatureStatus: Valid","SourceModuleName":"eventlog","AccountType":"User","Signature":"Microsoft Windows"}
{"RuleName":"-","@timestamp":"2020-10-13T04:26:29.090Z","SignatureStatus":"Valid","Channel":"Microsoft-Windows-Sysmon/Operational","UserID":"S-1-5-18","RecordNumber":205425,"ThreadID":4780,"Image":"C:\\Windows\\System32\\wbem\\WmiPrvSE.exe","ProcessId":"2440","Company":"Microsoft Corporation","Version":3,"Hostname":"WORKSTATION6.theshire.local","ImageLoaded":"C:\\Windows\\System32\\wbem\\wbemsvc.dll","Description":"WMI","EventReceivedTime":"2020-10-13 00:26:29","ProviderGuid":"{5770385F-C22A-43E0-BF4C-06F5698FFBD9}","Signed":"true","UtcTime":"2020-10-13 04:26:28.752","port":61041,"Severity":"INFO","tags":["mordorDataset"],"Task":7,"SourceModuleType":"im_msvistalog","OpcodeValue":0,"EventType":"INFO","ExecutionProcessID":3592,"Opcode":"Info","SourceName":"Microsoft-Windows-Sysmon","Product":"Microsoft® Windows® Operating System","Keywords":-9223372036854775808,"FileVersion":"10.0.18362.1 (WinBuild.160101.0800)","EventID":7,"Domain":"NT AUTHORITY","Category":"Image loaded (rule: ImageLoad)","OriginalFileName":"wbemsvc.dll","@version":"1","AccountName":"SYSTEM","ProcessGuid":"{37c5a1b2-2c74-5f85-3203-000000000400}","host":"wec.internal.cloudapp.net","Hashes":"SHA1=4E319C84A3B272F4159B00A14E379F27A8CF6888,MD5=1310B0EDDFDD818F34DF7C43A41EE2EE,SHA256=8130E4A2D023862DD0162397DF9123C7D9299B6AA6C5B16F93D015EFA263C803,IMPHASH=1CF44754B099F8487ECC57BDB08B3B52","SeverityValue":2,"EventTime":"2020-10-13 00:26:28","Message":"Image loaded:\r\nRuleName: -\r\nUtcTime: 2020-10-13 04:26:28.752\r\nProcessGuid: {37c5a1b2-2c74-5f85-3203-000000000400}\r\nProcessId: 2440\r\nImage: C:\\Windows\\System32\\wbem\\WmiPrvSE.exe\r\nImageLoaded: C:\\Windows\\System32\\wbem\\wbemsvc.dll\r\nFileVersion: 10.0.18362.1 (WinBuild.160101.0800)\r\nDescription: WMI\r\nProduct: Microsoft® Windows® Operating System\r\nCompany: Microsoft Corporation\r\nOriginalFileName: wbemsvc.dll\r\nHashes: SHA1=4E319C84A3B272F4159B00A14E379F27A8CF6888,MD5=1310B0EDDFDD818F34DF7C43A41EE2EE,SHA256=8130E4A2D023862DD0162397DF9123C7D9299B6AA6C5B16F93D015EFA263C803,IMPHASH=1CF44754B099F8487ECC57BDB08B3B52\r\nSigned: true\r\nSignature: Microsoft Windows\r\nSignatureStatus: Valid","SourceModuleName":"eventlog","AccountType":"User","Signature":"Microsoft Windows"}
{"RuleName":"-","@timestamp":"2020-10-13T04:26:29.091Z","SignatureStatus":"Valid","Channel":"Microsoft-Windows-Sysmon/Operational","UserID":"S-1-5-18","RecordNumber":205426,"ThreadID":4792,"Image":"C:\\Windows\\System32\\wbem\\WmiPrvSE.exe","ProcessId":"2440","Company":"Microsoft Corporation","Version":3,"Hostname":"WORKSTATION6.theshire.local","ImageLoaded":"C:\\Windows\\System32\\advapi32.dll","Description":"Advanced Windows 32 Base API","EventReceivedTime":"2020-10-13 00:26:29","ProviderGuid":"{5770385F-C22A-43E0-BF4C-06F5698FFBD9}","Signed":"true","UtcTime":"2020-10-13 04:26:28.736","port":61041,"Severity":"INFO","tags":["mordorDataset"],"Task":7,"SourceModuleType":"im_msvistalog","OpcodeValue":0,"EventType":"INFO","ExecutionProcessID":3592,"Opcode":"Info","SourceName":"Microsoft-Windows-Sysmon","Product":"Microsoft® Windows® Operating System","Keywords":-9223372036854775808,"FileVersion":"10.0.18362.752 (WinBuild.160101.0800)","EventID":7,"Domain":"NT AUTHORITY","Category":"Image loaded (rule: ImageLoad)","OriginalFileName":"advapi32.dll","@version":"1","AccountName":"SYSTEM","ProcessGuid":"{37c5a1b2-2c74-5f85-3203-000000000400}","host":"wec.internal.cloudapp.net","Hashes":"SHA1=35C61DDE6F8F4ED05F9C4837E2B91C886CA79F82,MD5=EA4F6E7961B4A402F6F5EC33C655260A,SHA256=5E2D103E7E1FD7CA0492E541F082D274EF6259AF2158A3562986C796C5C869DD,IMPHASH=8EEA175C33205685FB8A14876D7564DB","SeverityValue":2,"EventTime":"2020-10-13 00:26:28","Message":"Image loaded:\r\nRuleName: -\r\nUtcTime: 2020-10-13 04:26:28.736\r\nProcessGuid: {37c5a1b2-2c74-5f85-3203-000000000400}\r\nProcessId: 2440\r\nImage: C:\\Windows\\System32\\wbem\\WmiPrvSE.exe\r\nImageLoaded: C:\\Windows\\System32\\advapi32.dll\r\nFileVersion: 10.0.18362.752 (WinBuild.160101.0800)\r\nDescription: Advanced Windows 32 Base API\r\nProduct: Microsoft® Windows® Operating System\r\nCompany: Microsoft Corporation\r\nOriginalFileName: advapi32.dll\r\nHashes: SHA1=35C61DDE6F8F4ED05F9C4837E2B91C886CA79F82,MD5=EA4F6E7961B4A402F6F5EC33C655260A,SHA256=5E2D103E7E1FD7CA0492E541F082D274EF6259AF2158A3562986C796C5C869DD,IMPHASH=8EEA175C33205685FB8A14876D7564DB\r\nSigned: true\r\nSignature: Microsoft Windows\r\nSignatureStatus: Valid","SourceModuleName":"eventlog","AccountType":"User","Signature":"Microsoft Windows"}
{"SourceProcessId":"2636","RuleName":"-","@timestamp":"2020-10-13T04:26:29.091Z","Channel":"Microsoft-Windows-Sysmon/Operational","UserID":"S-1-5-18","TargetProcessId":"2440","CallTrace":"C:\\windows\\SYSTEM32\\ntdll.dll+9c534|C:\\windows\\System32\\KERNELBASE.dll+305fe|C:\\windows\\system32\\wbem\\wmiprvsd.dll+a5df|C:\\windows\\system32\\wbem\\wmiprvsd.dll+763a|C:\\windows\\system32\\wbem\\wmiprvsd.dll+8bd0|C:\\windows\\system32\\wbem\\wmiprvsd.dll+bacb|C:\\windows\\system32\\wbem\\wmiprvsd.dll+c433|C:\\windows\\system32\\wbem\\wmiprvsd.dll+ff07|C:\\windows\\system32\\wbem\\wbemcore.dll+80d1f|C:\\windows\\system32\\wbem\\wbemcore.dll+9d3cb|C:\\windows\\system32\\wbem\\wbemcore.dll+258d3|C:\\windows\\system32\\wbem\\wbemcore.dll+25859|C:\\windows\\system32\\wbem\\wbemcore.dll+2575a|C:\\windows\\system32\\wbem\\wbemcore.dll+23a33|C:\\windows\\system32\\wbem\\wbemcore.dll+29f99|C:\\windows\\System32\\KERNEL32.DLL+17bd4|C:\\windows\\SYSTEM32\\ntdll.dll+6ce51","RecordNumber":205427,"ThreadID":4780,"SourceProcessGUID":"{37c5a1b2-c0ce-5f84-3c00-000000000400}","TargetImage":"C:\\windows\\system32\\wbem\\wmiprvse.exe","ProcessId":"2636","Version":3,"Hostname":"WORKSTATION6.theshire.local","EventReceivedTime":"2020-10-13 00:26:29","ProviderGuid":"{5770385F-C22A-43E0-BF4C-06F5698FFBD9}","UtcTime":"2020-10-13 04:26:28.752","port":61041,"Severity":"INFO","tags":["mordorDataset"],"Task":10,"SourceThreadId":"7152","SourceModuleType":"im_msvistalog","OpcodeValue":0,"EventType":"INFO","ExecutionProcessID":3592,"Opcode":"Info","SourceName":"Microsoft-Windows-Sysmon","Keywords":-9223372036854775808,"EventID":10,"Domain":"NT AUTHORITY","Category":"Process accessed (rule: ProcessAccess)","@version":"1","AccountName":"SYSTEM","host":"wec.internal.cloudapp.net","SourceImage":"C:\\windows\\system32\\svchost.exe","SeverityValue":2,"EventTime":"2020-10-13 00:26:28","Message":"Process accessed:\r\nRuleName: -\r\nUtcTime: 2020-10-13 04:26:28.752\r\nSourceProcessGUID: {37c5a1b2-c0ce-5f84-3c00-000000000400}\r\nSourceProcessId: 2636\r\nSourceThreadId: 7152\r\nSourceImage: C:\\windows\\system32\\svchost.exe\r\nTargetProcessGUID: {37c5a1b2-2c74-5f85-3203-000000000400}\r\nTargetProcessId: 2440\r\nTargetImage: C:\\windows\\system32\\wbem\\wmiprvse.exe\r\nGrantedAccess: 0x101541\r\nCallTrace: C:\\windows\\SYSTEM32\\ntdll.dll+9c534|C:\\windows\\System32\\KERNELBASE.dll+305fe|C:\\windows\\system32\\wbem\\wmiprvsd.dll+a5df|C:\\windows\\system32\\wbem\\wmiprvsd.dll+763a|C:\\windows\\system32\\wbem\\wmiprvsd.dll+8bd0|C:\\windows\\system32\\wbem\\wmiprvsd.dll+bacb|C:\\windows\\system32\\wbem\\wmiprvsd.dll+c433|C:\\windows\\system32\\wbem\\wmiprvsd.dll+ff07|C:\\windows\\system32\\wbem\\wbemcore.dll+80d1f|C:\\windows\\system32\\wbem\\wbemcore.dll+9d3cb|C:\\windows\\system32\\wbem\\wbemcore.dll+258d3|C:\\windows\\system32\\wbem\\wbemcore.dll+25859|C:\\windows\\system32\\wbem\\wbemcore.dll+2575a|C:\\windows\\system32\\wbem\\wbemcore.dll+23a33|C:\\windows\\system32\\wbem\\wbemcore.dll+29f99|C:\\windows\\System32\\KERNEL32.DLL+17bd4|C:\\windows\\SYSTEM32\\ntdll.dll+6ce51","SourceModuleName":"eventlog","GrantedAccess":"0x101541","AccountType":"User","TargetProcessGUID":"{37c5a1b2-2c74-5f85-3203-000000000400}"}
{"EventTypeOrignal":"INFO","RuleName":"-","@timestamp":"2020-10-13T04:26:29.092Z","port":61041,"Severity":"INFO","Task":12,"Channel":"Microsoft-Windows-Sysmon/Operational","UtcTime":"2020-10-13 04:26:28.768","UserID":"S-1-5-18","SourceModuleType":"im_msvistalog","OpcodeValue":0,"tags":["mordorDataset"],"TargetObject":"HKCR","ExecutionProcessID":3592,"Opcode":"Info","RecordNumber":205428,"ThreadID":4780,"EventType":"CreateKey","SourceName":"Microsoft-Windows-Sysmon","Keywords":-9223372036854775808,"Image":"C:\\windows\\system32\\wbem\\wmiprvse.exe","EventID":12,"Domain":"NT AUTHORITY","Category":"Registry object added or deleted (rule: RegistryEvent)","Version":2,"ProcessId":"2440","@version":"1","AccountName":"SYSTEM","ProcessGuid":"{37c5a1b2-2c74-5f85-3203-000000000400}","host":"wec.internal.cloudapp.net","Hostname":"WORKSTATION6.theshire.local","EventReceivedTime":"2020-10-13 00:26:29","SeverityValue":2,"EventTime":"2020-10-13 00:26:28","ProviderGuid":"{5770385F-C22A-43E0-BF4C-06F5698FFBD9}","Message":"Registry object added or deleted:\r\nRuleName: -\r\nEventType: CreateKey\r\nUtcTime: 2020-10-13 04:26:28.768\r\nProcessGuid: {37c5a1b2-2c74-5f85-3203-000000000400}\r\nProcessId: 2440\r\nImage: C:\\windows\\system32\\wbem\\wmiprvse.exe\r\nTargetObject: HKCR","SourceModuleName":"eventlog","AccountType":"User"}
