{"Keywords":-9223372036854775808,"SeverityValue":2,"TargetObject":"HKU\\S-1-5-20\\Software\\Microsoft\\Windows\\CurrentVersion\\DeliveryOptimization\\Usage\\MonthID","EventTypeOrignal":"INFO","EventID":13,"ProviderGuid":"{5770385F-C22A-43E0-BF4C-06F5698FFBD9}","ExecutionProcessID":3336,"host":"wec.internal.cloudapp.net","Channel":"Microsoft-Windows-Sysmon/Operational","UserID":"S-1-5-18","AccountType":"User","ThreadID":4296,"ProcessGuid":"{d273d0f0-874b-5f63-7001-000000000400}","Details":"DWORD (0x00000009)","EventReceivedTime":"2020-09-17 17:33:50","Opcode":"Info","EventTime":"2020-09-17 17:33:49","Message":"Registry value set:\r\nRuleName: -\r\nEventType: SetValue\r\nUtcTime: 2020-09-17 21:33:49.158\r\nProcessGuid: {d273d0f0-874b-5f63-7001-000000000400}\r\nProcessId: 2660\r\nImage: C:\\windows\\System32\\svchost.exe\r\nTargetObject: HKU\\S-1-5-20\\Software\\Microsoft\\Windows\\CurrentVersion\\DeliveryOptimization\\Usage\\MonthID\r\nDetails: DWORD (0x00000009)","ProcessId":"2660","EventType":"SetValue","@timestamp":"2020-09-17T21:33:50.887Z","SourceModuleType":"im_msvistalog","port":64545,"AccountName":"SYSTEM","RecordNumber":628415,"Task":13,"Domain":"NT AUTHORITY","@version":"1","OpcodeValue":0,"SourceModuleName":"eventlog","Severity":"INFO","SourceName":"Microsoft-Windows-Sysmon","Version":2,"Image":"C:\\windows\\System32\\svchost.exe","Category":"Registry value set (rule: RegistryEvent)","UtcTime":"2020-09-17 21:33:49.158","Hostname":"WORKSTATION6.theshire.local","RuleName":"-","tags":["mordorDataset"]}
{"Keywords":-9223372036854775808,"SeverityValue":2,"TargetObject":"HKU\\S-1-5-20\\Software\\Microsoft\\Windows\\CurrentVersion\\DeliveryOptimization\\Config\\DownloadMode_BackCompat","EventTypeOrignal":"INFO","EventID":13,"ProviderGuid":"{5770385F-C22A-43E0-BF4C-06F5698FFBD9}","ExecutionProcessID":3336,"host":"wec.internal.cloudapp.net","Channel":"Microsoft-Windows-Sysmon/Operational","UserID":"S-1-5-18","AccountType":"User","ThreadID":4296,"ProcessGuid":"{d273d0f0-874b-5f63-7001-000000000400}","Details":"DWORD (0x00000001)","EventReceivedTime":"2020-09-17 17:33:50","Opcode":"Info","EventTime":"2020-09-17 17:33:49","Message":"Registry value set:\r\nRuleName: -\r\nEventType: SetValue\r\nUtcTime: 2020-09-17 21:33:49.158\r\nProcessGuid: {d273d0f0-874b-5f63-7001-000000000400}\r\nProcessId: 2660\r\nImage: C:\\windows\\System32\\svchost.exe\r\nTargetObject: HKU\\S-1-5-20\\Software\\Microsoft\\Windows\\CurrentVersion\\DeliveryOptimization\\Config\\DownloadMode_BackCompat\r\nDetails: DWORD (0x00000001)","ProcessId":"2660","EventType":"SetValue","@timestamp":"2020-09-17T21:33:50.887Z","SourceModuleType":"im_msvistalog","port":64545,"AccountName":"SYSTEM","RecordNumber":628416,"Task":13,"Domain":"NT AUTHORITY","@version":"1","OpcodeValue":0,"SourceModuleName":"eventlog","Severity":"INFO","SourceName":"Microsoft-Windows-Sysmon","Version":2,"Image":"C:\\windows\\System32\\svchost.exe","Category":"Registry value set (rule: RegistryEvent)","UtcTime":"2020-09-17 21:33:49.158","Hostname":"WORKSTATION6.theshire.local","RuleName":"-","tags":["mordorDataset"]}
{"Keywords":-9223372036854775808,"SeverityValue":2,"TargetObject":"HKU\\S-1-5-20\\Software\\Microsoft\\Windows\\CurrentVersion\\DeliveryOptimization\\Config\\DODownloadMode","EventTypeOrignal":"INFO","EventID":13,"ProviderGuid":"{5770385F-C22A-43E0-BF4C-06F5698FFBD9}","ExecutionProcessID":3336,"host":"wec.internal.cloudapp.net","Channel":"Microsoft-Windows-Sysmon/Operational","UserID":"S-1-5-18","AccountType":"User","ThreadID":4296,"ProcessGuid":"{d273d0f0-874b-5f63-7001-000000000400}","Details":"DWORD (0x00000001)","EventReceivedTime":"2020-09-17 17:33:50","Opcode":"Info","EventTime":"2020-09-17 17:33:49","Message":"Registry value set:\r\nRuleName: -\r\nEventType: SetValue\r\nUtcTime: 2020-09-17 21:33:49.158\r\nProcessGuid: {d273d0f0-874b-5f63-7001-000000000400}\r\nProcessId: 2660\r\nImage: C:\\windows\\System32\\svchost.exe\r\nTargetObject: HKU\\S-1-5-20\\Software\\Microsoft\\Windows\\CurrentVersion\\DeliveryOptimization\\Config\\DODownloadMode\r\nDetails: DWORD (0x00000001)","ProcessId":"2660","EventType":"SetValue","@timestamp":"2020-09-17T21:33:50.887Z","SourceModuleType":"im_msvistalog","port":64545,"AccountName":"SYSTEM","RecordNumber":628417,"Task":13,"Domain":"NT AUTHORITY","@version":"1","OpcodeValue":0,"SourceModuleName":"eventlog","Severity":"INFO","SourceName":"Microsoft-Windows-Sysmon","Version":2,"Image":"C:\\windows\\System32\\svchost.exe","Category":"Registry value set (rule: RegistryEvent)","UtcTime":"2020-09-17 21:33:49.158","Hostname":"WORKSTATION6.theshire.local","RuleName":"-","tags":["mordorDataset"]}
{"Keywords":-9223372036854775808,"SeverityValue":2,"TargetObject":"HKU\\S-1-5-20\\Software\\Microsoft\\Windows\\CurrentVersion\\DeliveryOptimization\\Config\\DownloadMode_BackCompat","EventTypeOrignal":"INFO","EventID":13,"ProviderGuid":"{5770385F-C22A-43E0-BF4C-06F5698FFBD9}","ExecutionProcessID":3336,"host":"wec.internal.cloudapp.net","Channel":"Microsoft-Windows-Sysmon/Operational","UserID":"S-1-5-18","AccountType":"User","ThreadID":4296,"ProcessGuid":"{d273d0f0-874b-5f63-7001-000000000400}","Details":"DWORD (0x00000001)","EventReceivedTime":"2020-09-17 17:33:50","Opcode":"Info","EventTime":"2020-09-17 17:33:49","Message":"Registry value set:\r\nRuleName: -\r\nEventType: SetValue\r\nUtcTime: 2020-09-17 21:33:49.158\r\nProcessGuid: {d273d0f0-874b-5f63-7001-000000000400}\r\nProcessId: 2660\r\nImage: C:\\windows\\System32\\svchost.exe\r\nTargetObject: HKU\\S-1-5-20\\Software\\Microsoft\\Windows\\CurrentVersion\\DeliveryOptimization\\Config\\DownloadMode_BackCompat\r\nDetails: DWORD (0x00000001)","ProcessId":"2660","EventType":"SetValue","@timestamp":"2020-09-17T21:33:50.888Z","SourceModuleType":"im_msvistalog","port":64545,"AccountName":"SYSTEM","RecordNumber":628418,"Task":13,"Domain":"NT AUTHORITY","@version":"1","OpcodeValue":0,"SourceModuleName":"eventlog","Severity":"INFO","SourceName":"Microsoft-Windows-Sysmon","Version":2,"Image":"C:\\windows\\System32\\svchost.exe","Category":"Registry value set (rule: RegistryEvent)","UtcTime":"2020-09-17 21:33:49.158","Hostname":"WORKSTATION6.theshire.local","RuleName":"-","tags":["mordorDataset"]}
{"Keywords":-9223372036854775808,"SeverityValue":2,"TargetObject":"HKU\\S-1-5-20\\Software\\Microsoft\\Windows\\CurrentVersion\\DeliveryOptimization\\Config\\DODownloadMode","EventTypeOrignal":"INFO","EventID":13,"ProviderGuid":"{5770385F-C22A-43E0-BF4C-06F5698FFBD9}","ExecutionProcessID":3336,"host":"wec.internal.cloudapp.net","Channel":"Microsoft-Windows-Sysmon/Operational","UserID":"S-1-5-18","AccountType":"User","ThreadID":4296,"ProcessGuid":"{d273d0f0-874b-5f63-7001-000000000400}","Details":"DWORD (0x00000001)","EventReceivedTime":"2020-09-17 17:33:50","Opcode":"Info","EventTime":"2020-09-17 17:33:49","Message":"Registry value set:\r\nRuleName: -\r\nEventType: SetValue\r\nUtcTime: 2020-09-17 21:33:49.158\r\nProcessGuid: {d273d0f0-874b-5f63-7001-000000000400}\r\nProcessId: 2660\r\nImage: C:\\windows\\System32\\svchost.exe\r\nTargetObject: HKU\\S-1-5-20\\Software\\Microsoft\\Windows\\CurrentVersion\\DeliveryOptimization\\Config\\DODownloadMode\r\nDetails: DWORD (0x00000001)","ProcessId":"2660","EventType":"SetValue","@timestamp":"2020-09-17T21:33:50.888Z","SourceModuleType":"im_msvistalog","port":64545,"AccountName":"SYSTEM","RecordNumber":628419,"Task":13,"Domain":"NT AUTHORITY","@version":"1","OpcodeValue":0,"SourceModuleName":"eventlog","Severity":"INFO","SourceName":"Microsoft-Windows-Sysmon","Version":2,"Image":"C:\\windows\\System32\\svchost.exe","Category":"Registry value set (rule: RegistryEvent)","UtcTime":"2020-09-17 21:33:49.158","Hostname":"WORKSTATION6.theshire.local","RuleName":"-","tags":["mordorDataset"]}
{"SeverityValue":2,"SourceImage":"C:\\windows\\system32\\svchost.exe","EventReceivedTime":"2020-09-17 17:33:52","EventID":10,"ProviderGuid":"{5770385F-C22A-43E0-BF4C-06F5698FFBD9}","ExecutionProcessID":3336,"Channel":"Microsoft-Windows-Sysmon/Operational","host":"wec.internal.cloudapp.net","AccountType":"User","SourceProcessGUID":"{d273d0f0-7fae-5f63-1200-000000000400}","ProcessId":"388","Opcode":"Info","EventTime":"2020-09-17 17:33:50","SourceModuleType":"im_msvistalog","AccountName":"SYSTEM","Domain":"NT AUTHORITY","@version":"1","OpcodeValue":0,"Severity":"INFO","SourceName":"Microsoft-Windows-Sysmon","TargetProcessId":"5856","Category":"Process accessed (rule: ProcessAccess)","Keywords":-9223372036854775808,"TargetImage":"C:\\windows\\System32\\svchost.exe","GrantedAccess":"0x1000","UserID":"S-1-5-18","ThreadID":4296,"EventType":"INFO","Message":"Process accessed:\r\nRuleName: -\r\nUtcTime: 2020-09-17 21:33:50.842\r\nSourceProcessGUID: {d273d0f0-7fae-5f63-1200-000000000400}\r\nSourceProcessId: 388\r\nSourceThreadId: 4388\r\nSourceImage: C:\\windows\\system32\\svchost.exe\r\nTargetProcessGUID: {d273d0f0-856b-5f63-ed00-000000000400}\r\nTargetProcessId: 5856\r\nTargetImage: C:\\windows\\System32\\svchost.exe\r\nGrantedAccess: 0x1000\r\nCallTrace: C:\\windows\\SYSTEM32\\ntdll.dll+9c534|C:\\windows\\System32\\KERNELBASE.dll+6aec5|c:\\windows\\system32\\lsm.dll+1184f|c:\\windows\\system32\\lsm.dll+1172e|C:\\windows\\System32\\RPCRT4.dll+76a53|C:\\windows\\System32\\RPCRT4.dll+da036|C:\\windows\\System32\\RPCRT4.dll+37b1c|C:\\windows\\System32\\RPCRT4.dll+54998|C:\\windows\\System32\\RPCRT4.dll+2c951|C:\\windows\\System32\\RPCRT4.dll+2c20b|C:\\windows\\System32\\RPCRT4.dll+1a86f|C:\\windows\\System32\\RPCRT4.dll+19d1a|C:\\windows\\System32\\RPCRT4.dll+19301|C:\\windows\\System32\\RPCRT4.dll+18d6e|C:\\windows\\System32\\RPCRT4.dll+169a5|C:\\windows\\SYSTEM32\\ntdll.dll+333ed|C:\\windows\\SYSTEM32\\ntdll.dll+34142|C:\\windows\\System32\\KERNEL32.DLL+17bd4|C:\\windows\\SYSTEM32\\ntdll.dll+6ce51","@timestamp":"2020-09-17T21:33:52.890Z","port":64545,"SourceThreadId":"4388","RecordNumber":628420,"SourceProcessId":"388","Task":10,"SourceModuleName":"eventlog","TargetProcessGUID":"{d273d0f0-856b-5f63-ed00-000000000400}","Version":3,"CallTrace":"C:\\windows\\SYSTEM32\\ntdll.dll+9c534|C:\\windows\\System32\\KERNELBASE.dll+6aec5|c:\\windows\\system32\\lsm.dll+1184f|c:\\windows\\system32\\lsm.dll+1172e|C:\\windows\\System32\\RPCRT4.dll+76a53|C:\\windows\\System32\\RPCRT4.dll+da036|C:\\windows\\System32\\RPCRT4.dll+37b1c|C:\\windows\\System32\\RPCRT4.dll+54998|C:\\windows\\System32\\RPCRT4.dll+2c951|C:\\windows\\System32\\RPCRT4.dll+2c20b|C:\\windows\\System32\\RPCRT4.dll+1a86f|C:\\windows\\System32\\RPCRT4.dll+19d1a|C:\\windows\\System32\\RPCRT4.dll+19301|C:\\windows\\System32\\RPCRT4.dll+18d6e|C:\\windows\\System32\\RPCRT4.dll+169a5|C:\\windows\\SYSTEM32\\ntdll.dll+333ed|C:\\windows\\SYSTEM32\\ntdll.dll+34142|C:\\windows\\System32\\KERNEL32.DLL+17bd4|C:\\windows\\SYSTEM32\\ntdll.dll+6ce51","UtcTime":"2020-09-17 21:33:50.842","Hostname":"WORKSTATION6.theshire.local","RuleName":"-","tags":["mordorDataset"]}
{"Keywords":-9223372036854775808,"SeverityValue":2,"TargetObject":"HKLM\\SOFTWARE\\Microsoft\\Windows\\CurrentVersion\\Internet Settings\\Connections","EventTypeOrignal":"INFO","EventID":12,"ProviderGuid":"{5770385F-C22A-43E0-BF4C-06F5698FFBD9}","ExecutionProcessID":3336,"host":"wec.internal.cloudapp.net","Channel":"Microsoft-Windows-Sysmon/Operational","UserID":"S-1-5-18","AccountType":"User","ThreadID":4296,"ProcessGuid":"{d273d0f0-803b-5f63-c200-000000000400}","EventReceivedTime":"2020-09-17 17:33:52","ProcessId":"5536","Opcode":"Info","EventTime":"2020-09-17 17:33:51","Message":"Registry object added or deleted:\r\nRuleName: -\r\nEventType: CreateKey\r\nUtcTime: 2020-09-17 21:33:51.208\r\nProcessGuid: {d273d0f0-803b-5f63-c200-000000000400}\r\nProcessId: 5536\r\nImage: C:\\windows\\System32\\svchost.exe\r\nTargetObject: HKLM\\SOFTWARE\\Microsoft\\Windows\\CurrentVersion\\Internet Settings\\Connections","EventType":"CreateKey","@timestamp":"2020-09-17T21:33:52.890Z","SourceModuleType":"im_msvistalog","port":64545,"AccountName":"SYSTEM","RecordNumber":628421,"Task":12,"Domain":"NT AUTHORITY","@version":"1","OpcodeValue":0,"SourceModuleName":"eventlog","Severity":"INFO","SourceName":"Microsoft-Windows-Sysmon","Version":2,"Image":"C:\\windows\\System32\\svchost.exe","Category":"Registry object added or deleted (rule: RegistryEvent)","UtcTime":"2020-09-17 21:33:51.208","Hostname":"WORKSTATION6.theshire.local","RuleName":"-","tags":["mordorDataset"]}
{"Keywords":-9214364837600034816,"SeverityValue":2,"Application":"\\device\\harddiskvolume2\\windows\\system32\\svchost.exe","EventID":5158,"ProviderGuid":"{54849625-5478-4994-A5BA-3E3B0328C30D}","ExecutionProcessID":4,"Channel":"Security","host":"wec.internal.cloudapp.net","EventReceivedTime":"2020-09-17 17:33:52","ProcessId":"5536","ThreadID":1872,"EventType":"AUDIT_SUCCESS","Opcode":"Info","EventTime":"2020-09-17 17:33:51","Message":"The Windows Filtering Platform has permitted a bind to a local port.\r\n\r\nApplication Information:\r\n\tProcess ID:\t\t5536\r\n\tApplication Name:\t\\device\\harddiskvolume2\\windows\\system32\\svchost.exe\r\n\r\nNetwork Information:\r\n\tSource Address:\t\t0.0.0.0\r\n\tSource Port:\t\t49387\r\n\tProtocol:\t\t6\r\n\r\nFilter Information:\r\n\tFilter Run-Time ID:\t0\r\n\tLayer Name:\t\tResource Assignment\r\n\tLayer Run-Time ID:\t36","FilterRTID":"0","@timestamp":"2020-09-17T21:33:52.890Z","LayerRTID":"36","SourceModuleType":"im_msvistalog","port":64545,"RecordNumber":172180,"Task":12810,"Protocol":"6","@version":"1","OpcodeValue":0,"SourcePort":"49387","SourceModuleName":"eventlog","Severity":"INFO","SourceName":"Microsoft-Windows-Security-Auditing","Version":0,"LayerName":"%%14608","Category":"Filtering Platform Connection","SourceAddress":"0.0.0.0","tags":["mordorDataset"],"Hostname":"WORKSTATION6.theshire.local"}
{"Keywords":-9214364837600034816,"SeverityValue":2,"Application":"\\device\\harddiskvolume2\\windowsazure\\guestagent_2.7.41491.993_2020-09-17_150921\\guestagent\\windowsazureguestagent.exe","EventID":5158,"ProviderGuid":"{54849625-5478-4994-A5BA-3E3B0328C30D}","ExecutionProcessID":4,"Channel":"Security","host":"wec.internal.cloudapp.net","EventReceivedTime":"2020-09-17 17:33:52","ProcessId":"3268","ThreadID":1872,"EventType":"AUDIT_SUCCESS","Opcode":"Info","EventTime":"2020-09-17 17:33:52","Message":"The Windows Filtering Platform has permitted a bind to a local port.\r\n\r\nApplication Information:\r\n\tProcess ID:\t\t3268\r\n\tApplication Name:\t\\device\\harddiskvolume2\\windowsazure\\guestagent_2.7.41491.993_2020-09-17_150921\\guestagent\\windowsazureguestagent.exe\r\n\r\nNetwork Information:\r\n\tSource Address:\t\t0.0.0.0\r\n\tSource Port:\t\t49388\r\n\tProtocol:\t\t6\r\n\r\nFilter Information:\r\n\tFilter Run-Time ID:\t0\r\n\tLayer Name:\t\tResource Assignment\r\n\tLayer Run-Time ID:\t36","FilterRTID":"0","@timestamp":"2020-09-17T21:33:52.890Z","LayerRTID":"36","SourceModuleType":"im_msvistalog","port":64545,"RecordNumber":172182,"Task":12810,"Protocol":"6","@version":"1","OpcodeValue":0,"SourcePort":"49388","SourceModuleName":"eventlog","Severity":"INFO","SourceName":"Microsoft-Windows-Security-Auditing","Version":0,"LayerName":"%%14608","Category":"Filtering Platform Connection","SourceAddress":"0.0.0.0","tags":["mordorDataset"],"Hostname":"WORKSTATION6.theshire.local"}
{"Keywords":-9214364837600034816,"SeverityValue":2,"Application":"\\device\\harddiskvolume2\\windowsazure\\guestagent_2.7.41491.993_2020-09-17_150921\\guestagent\\windowsazureguestagent.exe","EventID":5156,"ProviderGuid":"{54849625-5478-4994-A5BA-3E3B0328C30D}","ExecutionProcessID":4,"Channel":"Security","host":"wec.internal.cloudapp.net","EventReceivedTime":"2020-09-17 17:33:52","ProcessId":"3268","ThreadID":1872,"EventType":"AUDIT_SUCCESS","Opcode":"Info","EventTime":"2020-09-17 17:33:52","Message":"The Windows Filtering Platform has permitted a connection.\r\n\r\nApplication Information:\r\n\tProcess ID:\t\t3268\r\n\tApplication Name:\t\\device\\harddiskvolume2\\windowsazure\\guestagent_2.7.41491.993_2020-09-17_150921\\guestagent\\windowsazureguestagent.exe\r\n\r\nNetwork Information:\r\n\tDirection:\t\tOutbound\r\n\tSource Address:\t\t172.18.39.6\r\n\tSource Port:\t\t49388\r\n\tDestination Address:\t168.63.129.16\r\n\tDestination Port:\t\t80\r\n\tProtocol:\t\t6\r\n\r\nFilter Information:\r\n\tFilter Run-Time ID:\t71768\r\n\tLayer Name:\t\tConnect\r\n\tLayer Run-Time ID:\t48","FilterRTID":"71768","RemoteUserID":"S-1-0-0","@timestamp":"2020-09-17T21:33:52.890Z","LayerRTID":"48","SourceModuleType":"im_msvistalog","port":64545,"RecordNumber":172183,"Task":12810,"Direction":"%%14593","@version":"1","OpcodeValue":0,"SourcePort":"49388","DestPort":"80","Protocol":"6","SourceModuleName":"eventlog","Severity":"INFO","DestAddress":"168.63.129.16","SourceName":"Microsoft-Windows-Security-Auditing","Version":1,"LayerName":"%%14611","RemoteMachineID":"S-1-0-0","Category":"Filtering Platform Connection","SourceAddress":"172.18.39.6","tags":["mordorDataset"],"Hostname":"WORKSTATION6.theshire.local"}
{"Keywords":-9214364837600034816,"SeverityValue":2,"SubjectDomainName":"THESHIRE","EventID":4690,"ProviderGuid":"{54849625-5478-4994-A5BA-3E3B0328C30D}","ExecutionProcessID":4,"Channel":"Security","host":"wec.internal.cloudapp.net","SubjectUserSid":"S-1-5-20","EventReceivedTime":"2020-09-17 17:33:52","ProcessId":"0x14f8","ThreadID":6644,"EventType":"AUDIT_SUCCESS","Opcode":"Info","EventTime":"2020-09-17 17:33:51","Message":"An attempt was made to duplicate a handle to an object.\r\n\r\nSubject:\r\n\tSecurity ID:\t\tS-1-5-20\r\n\tAccount Name:\t\tWORKSTATION5$\r\n\tAccount Domain:\t\tTHESHIRE\r\n\tLogon ID:\t\t0x3E4\r\n\r\nSource Handle Information:\r\n\tSource Handle ID:\t0x148\r\n\tSource Process ID:\t0x14f8\r\n\r\nNew Handle Information:\r\n\tTarget Handle ID:\t0x3764\r\n\tTarget Process ID:\t0x4","SourceHandleId":"0x148","TargetHandleId":"0x3764","@timestamp":"2020-09-17T21:33:52.891Z","SubjectLogonId":"0x3e4","SourceModuleType":"im_msvistalog","port":64545,"RecordNumber":166152,"SubjectUserName":"WORKSTATION5$","SourceProcessId":"0x14f8","Task":12807,"@version":"1","OpcodeValue":0,"SourceModuleName":"eventlog","Severity":"INFO","SourceName":"Microsoft-Windows-Security-Auditing","Version":0,"TargetProcessId":"0x4","Category":"Handle Manipulation","tags":["mordorDataset"],"Hostname":"WORKSTATION5.theshire.local"}
{"Keywords":-9223372036854775808,"SeverityValue":2,"TargetObject":"HKU\\S-1-5-20\\Software\\Microsoft\\Windows\\CurrentVersion\\DeliveryOptimization\\Usage\\UploadMonthlyInternetBytes","EventTypeOrignal":"INFO","EventID":13,"ProviderGuid":"{5770385F-C22A-43E0-BF4C-06F5698FFBD9}","ExecutionProcessID":3228,"host":"wec.internal.cloudapp.net","Channel":"Microsoft-Windows-Sysmon/Operational","UserID":"S-1-5-18","AccountType":"User","ThreadID":4288,"ProcessGuid":"{b34bc01c-8526-5f63-2103-000000000400}","Details":"QWORD (0x00000000-0x00000000)","EventReceivedTime":"2020-09-17 17:33:52","Opcode":"Info","EventTime":"2020-09-17 17:33:51","Message":"Registry value set:\r\nRuleName: -\r\nEventType: SetValue\r\nUtcTime: 2020-09-17 21:33:51.301\r\nProcessGuid: {b34bc01c-8526-5f63-2103-000000000400}\r\nProcessId: 2448\r\nImage: C:\\windows\\System32\\svchost.exe\r\nTargetObject: HKU\\S-1-5-20\\Software\\Microsoft\\Windows\\CurrentVersion\\DeliveryOptimization\\Usage\\UploadMonthlyInternetBytes\r\nDetails: QWORD (0x00000000-0x00000000)","ProcessId":"2448","EventType":"SetValue","@timestamp":"2020-09-17T21:33:52.891Z","SourceModuleType":"im_msvistalog","port":64545,"AccountName":"SYSTEM","RecordNumber":637085,"Task":13,"Domain":"NT AUTHORITY","@version":"1","OpcodeValue":0,"SourceModuleName":"eventlog","Severity":"INFO","SourceName":"Microsoft-Windows-Sysmon","Version":2,"Image":"C:\\windows\\System32\\svchost.exe","Category":"Registry value set (rule: RegistryEvent)","UtcTime":"2020-09-17 21:33:51.301","Hostname":"WORKSTATION5.theshire.local","RuleName":"-","tags":["mordorDataset"]}
{"Keywords":-9214364837600034816,"SeverityValue":2,"SubjectDomainName":"THESHIRE","EventID":4658,"ProviderGuid":"{54849625-5478-4994-A5BA-3E3B0328C30D}","ExecutionProcessID":4,"Channel":"Security","host":"wec.internal.cloudapp.net","SubjectUserSid":"S-1-5-20","EventReceivedTime":"2020-09-17 17:33:52","ProcessId":"0x14f8","ThreadID":6644,"EventType":"AUDIT_SUCCESS","Opcode":"Info","EventTime":"2020-09-17 17:33:51","Message":"The handle to an object was closed.\r\n\r\nSubject :\r\n\tSecurity ID:\t\tS-1-5-20\r\n\tAccount Name:\t\tWORKSTATION5$\r\n\tAccount Domain:\t\tTHESHIRE\r\n\tLogon ID:\t\t0x3E4\r\n\r\nObject:\r\n\tObject Server:\t\tSecurity\r\n\tHandle ID:\t\t0x3764\r\n\r\nProcess Information:\r\n\tProcess ID:\t\t0x14f8\r\n\tProcess Name:\t\tC:\\Windows\\System32\\svchost.exe","@timestamp":"2020-09-17T21:33:52.892Z","ObjectServer":"Security","SubjectLogonId":"0x3e4","SourceModuleType":"im_msvistalog","port":64545,"ProcessName":"C:\\Windows\\System32\\svchost.exe","RecordNumber":166153,"SubjectUserName":"WORKSTATION5$","Task":12801,"@version":"1","OpcodeValue":0,"SourceModuleName":"eventlog","Severity":"INFO","HandleId":"0x3764","SourceName":"Microsoft-Windows-Security-Auditing","Version":0,"Category":"Registry","tags":["mordorDataset"],"Hostname":"WORKSTATION5.theshire.local"}
{"Keywords":-9223372036854775808,"SeverityValue":2,"TargetObject":"HKU\\S-1-5-20\\Software\\Microsoft\\Windows\\CurrentVersion\\DeliveryOptimization\\Usage\\UploadMonthlyLanBytes","EventTypeOrignal":"INFO","EventID":13,"ProviderGuid":"{5770385F-C22A-43E0-BF4C-06F5698FFBD9}","ExecutionProcessID":3228,"host":"wec.internal.cloudapp.net","Channel":"Microsoft-Windows-Sysmon/Operational","UserID":"S-1-5-18","AccountType":"User","ThreadID":4288,"ProcessGuid":"{b34bc01c-8526-5f63-2103-000000000400}","Details":"QWORD (0x00000000-0x00000000)","EventReceivedTime":"2020-09-17 17:33:52","Opcode":"Info","EventTime":"2020-09-17 17:33:51","Message":"Registry value set:\r\nRuleName: -\r\nEventType: SetValue\r\nUtcTime: 2020-09-17 21:33:51.301\r\nProcessGuid: {b34bc01c-8526-5f63-2103-000000000400}\r\nProcessId: 2448\r\nImage: C:\\windows\\System32\\svchost.exe\r\nTargetObject: HKU\\S-1-5-20\\Software\\Microsoft\\Windows\\CurrentVersion\\DeliveryOptimization\\Usage\\UploadMonthlyLanBytes\r\nDetails: QWORD (0x00000000-0x00000000)","ProcessId":"2448","EventType":"SetValue","@timestamp":"2020-09-17T21:33:52.892Z","SourceModuleType":"im_msvistalog","port":64545,"AccountName":"SYSTEM","RecordNumber":637086,"Task":13,"Domain":"NT AUTHORITY","@version":"1","OpcodeValue":0,"SourceModuleName":"eventlog","Severity":"INFO","SourceName":"Microsoft-Windows-Sysmon","Version":2,"Image":"C:\\windows\\System32\\svchost.exe","Category":"Registry value set (rule: RegistryEvent)","UtcTime":"2020-09-17 21:33:51.301","Hostname":"WORKSTATION5.theshire.local","RuleName":"-","tags":["mordorDataset"]}
{"Keywords":-9223372036854775808,"SeverityValue":2,"TargetObject":"HKU\\S-1-5-20\\Software\\Microsoft\\Windows\\CurrentVersion\\DeliveryOptimization\\Usage\\DownloadMonthlyInternetBytes","EventTypeOrignal":"INFO","EventID":13,"ProviderGuid":"{5770385F-C22A-43E0-BF4C-06F5698FFBD9}","ExecutionProcessID":3228,"host":"wec.internal.cloudapp.net","Channel":"Microsoft-Windows-Sysmon/Operational","UserID":"S-1-5-18","AccountType":"User","ThreadID":4288,"ProcessGuid":"{b34bc01c-8526-5f63-2103-000000000400}","Details":"QWORD (0x00000000-0x00000000)","EventReceivedTime":"2020-09-17 17:33:52","Opcode":"Info","EventTime":"2020-09-17 17:33:51","Message":"Registry value set:\r\nRuleName: -\r\nEventType: SetValue\r\nUtcTime: 2020-09-17 21:33:51.301\r\nProcessGuid: {b34bc01c-8526-5f63-2103-000000000400}\r\nProcessId: 2448\r\nImage: C:\\windows\\System32\\svchost.exe\r\nTargetObject: HKU\\S-1-5-20\\Software\\Microsoft\\Windows\\CurrentVersion\\DeliveryOptimization\\Usage\\DownloadMonthlyInternetBytes\r\nDetails: QWORD (0x00000000-0x00000000)","ProcessId":"2448","EventType":"SetValue","@timestamp":"2020-09-17T21:33:52.892Z","SourceModuleType":"im_msvistalog","port":64545,"AccountName":"SYSTEM","RecordNumber":637087,"Task":13,"Domain":"NT AUTHORITY","@version":"1","OpcodeValue":0,"SourceModuleName":"eventlog","Severity":"INFO","SourceName":"Microsoft-Windows-Sysmon","Version":2,"Image":"C:\\windows\\System32\\svchost.exe","Category":"Registry value set (rule: RegistryEvent)","UtcTime":"2020-09-17 21:33:51.301","Hostname":"WORKSTATION5.theshire.local","RuleName":"-","tags":["mordorDataset"]}
{"SeverityValue":2,"SubjectDomainName":"THESHIRE","EventReceivedTime":"2020-09-17 17:33:52","EventID":4656,"ProviderGuid":"{54849625-5478-4994-A5BA-3E3B0328C30D}","ExecutionProcessID":4,"Channel":"Security","host":"wec.internal.cloudapp.net","ProcessId":"0x14f8","Opcode":"Info","EventTime":"2020-09-17 17:33:51","TransactionId":"{00000000-0000-0000-0000-000000000000}","ObjectServer":"Security","AccessMask":"0x20019","SourceModuleType":"im_msvistalog","ProcessName":"C:\\Windows\\System32\\svchost.exe","@version":"1","OpcodeValue":0,"Severity":"INFO","HandleId":"0x148","ObjectName":"\\REGISTRY\\MACHINE\\SYSTEM\\ControlSet001\\Control\\Session Manager\\Environment","SourceName":"Microsoft-Windows-Security-Auditing","Category":"Registry","Keywords":-9214364837600034816,"ObjectType":"Key","SubjectUserSid":"S-1-5-20","ThreadID":6644,"EventType":"AUDIT_SUCCESS","Message":"A handle to an object was requested.\r\n\r\nSubject:\r\n\tSecurity ID:\t\tS-1-5-20\r\n\tAccount Name:\t\tWORKSTATION5$\r\n\tAccount Domain:\t\tTHESHIRE\r\n\tLogon ID:\t\t0x3E4\r\n\r\nObject:\r\n\tObject Server:\t\tSecurity\r\n\tObject Type:\t\tKey\r\n\tObject Name:\t\t\\REGISTRY\\MACHINE\\SYSTEM\\ControlSet001\\Control\\Session Manager\\Environment\r\n\tHandle ID:\t\t0x148\r\n\tResource Attributes:\t-\r\n\r\nProcess Information:\r\n\tProcess ID:\t\t0x14f8\r\n\tProcess Name:\t\tC:\\Windows\\System32\\svchost.exe\r\n\r\nAccess Request Information:\r\n\tTransaction ID:\t\t{00000000-0000-0000-0000-000000000000}\r\n\tAccesses:\t\tREAD_CONTROL\r\n\t\t\t\tQuery key value\r\n\t\t\t\tEnumerate sub-keys\r\n\t\t\t\tNotify about changes to keys\r\n\t\t\t\t\r\n\tAccess Reasons:\t\t-\r\n\tAccess Mask:\t\t0x20019\r\n\tPrivileges Used for Access Check:\t-\r\n\tRestricted SID Count:\t0","AccessReason":"-","PrivilegeList":"-","@timestamp":"2020-09-17T21:33:52.892Z","SubjectLogonId":"0x3e4","port":64545,"RecordNumber":166154,"SubjectUserName":"WORKSTATION5$","Task":12801,"SourceModuleName":"eventlog","Version":1,"AccessList":"%%1538\r\n\t\t\t\t%%4432\r\n\t\t\t\t%%4435\r\n\t\t\t\t%%4436\r\n\t\t\t\t","RestrictedSidCount":"0","ResourceAttributes":"-","Hostname":"WORKSTATION5.theshire.local","tags":["mordorDataset"]}
{"Keywords":-9223372036854775808,"SeverityValue":2,"TargetObject":"HKU\\S-1-5-20\\Software\\Microsoft\\Windows\\CurrentVersion\\DeliveryOptimization\\Usage\\DownloadMonthlyLanBytes","EventTypeOrignal":"INFO","EventID":13,"ProviderGuid":"{5770385F-C22A-43E0-BF4C-06F5698FFBD9}","ExecutionProcessID":3228,"host":"wec.internal.cloudapp.net","Channel":"Microsoft-Windows-Sysmon/Operational","UserID":"S-1-5-18","AccountType":"User","ThreadID":4288,"ProcessGuid":"{b34bc01c-8526-5f63-2103-000000000400}","Details":"QWORD (0x00000000-0x00000000)","EventReceivedTime":"2020-09-17 17:33:52","Opcode":"Info","EventTime":"2020-09-17 17:33:51","Message":"Registry value set:\r\nRuleName: -\r\nEventType: SetValue\r\nUtcTime: 2020-09-17 21:33:51.301\r\nProcessGuid: {b34bc01c-8526-5f63-2103-000000000400}\r\nProcessId: 2448\r\nImage: C:\\windows\\System32\\svchost.exe\r\nTargetObject: HKU\\S-1-5-20\\Software\\Microsoft\\Windows\\CurrentVersion\\DeliveryOptimization\\Usage\\DownloadMonthlyLanBytes\r\nDetails: QWORD (0x00000000-0x00000000)","ProcessId":"2448","EventType":"SetValue","@timestamp":"2020-09-17T21:33:52.893Z","SourceModuleType":"im_msvistalog","port":64545,"AccountName":"SYSTEM","RecordNumber":637088,"Task":13,"Domain":"NT AUTHORITY","@version":"1","OpcodeValue":0,"SourceModuleName":"eventlog","Severity":"INFO","SourceName":"Microsoft-Windows-Sysmon","Version":2,"Image":"C:\\windows\\System32\\svchost.exe","Category":"Registry value set (rule: RegistryEvent)","UtcTime":"2020-09-17 21:33:51.301","Hostname":"WORKSTATION5.theshire.local","RuleName":"-","tags":["mordorDataset"]}
{"Keywords":-9214364837600034816,"SeverityValue":2,"SubjectDomainName":"THESHIRE","EventID":4663,"ProviderGuid":"{54849625-5478-4994-A5BA-3E3B0328C30D}","ExecutionProcessID":4,"Channel":"Security","host":"wec.internal.cloudapp.net","SubjectUserSid":"S-1-5-20","ObjectType":"Key","EventReceivedTime":"2020-09-17 17:33:52","ThreadID":6644,"ProcessId":"0x14f8","EventType":"AUDIT_SUCCESS","Opcode":"Info","EventTime":"2020-09-17 17:33:51","Message":"An attempt was made to access an object.\r\n\r\nSubject:\r\n\tSecurity ID:\t\tS-1-5-20\r\n\tAccount Name:\t\tWORKSTATION5$\r\n\tAccount Domain:\t\tTHESHIRE\r\n\tLogon ID:\t\t0x3E4\r\n\r\nObject:\r\n\tObject Server:\t\tSecurity\r\n\tObject Type:\t\tKey\r\n\tObject Name:\t\t\\REGISTRY\\MACHINE\\SYSTEM\\ControlSet001\\Control\\Session Manager\\Environment\r\n\tHandle ID:\t\t0x148\r\n\tResource Attributes:\t-\r\n\r\nProcess Information:\r\n\tProcess ID:\t\t0x14f8\r\n\tProcess Name:\t\tC:\\Windows\\System32\\svchost.exe\r\n\r\nAccess Request Information:\r\n\tAccesses:\t\tQuery key value\r\n\t\t\t\t\r\n\tAccess Mask:\t\t0x1","@timestamp":"2020-09-17T21:33:52.893Z","ObjectServer":"Security","SubjectLogonId":"0x3e4","AccessMask":"0x1","port":64545,"ProcessName":"C:\\Windows\\System32\\svchost.exe","RecordNumber":166155,"SubjectUserName":"WORKSTATION5$","SourceModuleType":"im_msvistalog","Task":12801,"@version":"1","OpcodeValue":0,"SourceModuleName":"eventlog","Severity":"INFO","HandleId":"0x148","ObjectName":"\\REGISTRY\\MACHINE\\SYSTEM\\ControlSet001\\Control\\Session Manager\\Environment","SourceName":"Microsoft-Windows-Security-Auditing","Version":1,"AccessList":"%%4432\r\n\t\t\t\t","Category":"Registry","ResourceAttributes":"-","Hostname":"WORKSTATION5.theshire.local","tags":["mordorDataset"]}
{"Keywords":-9214364837600034816,"SeverityValue":2,"SubjectDomainName":"THESHIRE","EventID":4658,"ProviderGuid":"{54849625-5478-4994-A5BA-3E3B0328C30D}","ExecutionProcessID":4,"Channel":"Security","host":"wec.internal.cloudapp.net","SubjectUserSid":"S-1-5-20","EventReceivedTime":"2020-09-17 17:33:52","ProcessId":"0x14f8","ThreadID":6644,"EventType":"AUDIT_SUCCESS","Opcode":"Info","EventTime":"2020-09-17 17:33:51","Message":"The handle to an object was closed.\r\n\r\nSubject :\r\n\tSecurity ID:\t\tS-1-5-20\r\n\tAccount Name:\t\tWORKSTATION5$\r\n\tAccount Domain:\t\tTHESHIRE\r\n\tLogon ID:\t\t0x3E4\r\n\r\nObject:\r\n\tObject Server:\t\tSecurity\r\n\tHandle ID:\t\t0x148\r\n\r\nProcess Information:\r\n\tProcess ID:\t\t0x14f8\r\n\tProcess Name:\t\tC:\\Windows\\System32\\svchost.exe","@timestamp":"2020-09-17T21:33:52.893Z","ObjectServer":"Security","SubjectLogonId":"0x3e4","SourceModuleType":"im_msvistalog","port":64545,"ProcessName":"C:\\Windows\\System32\\svchost.exe","RecordNumber":166156,"SubjectUserName":"WORKSTATION5$","Task":12801,"@version":"1","OpcodeValue":0,"SourceModuleName":"eventlog","Severity":"INFO","HandleId":"0x148","SourceName":"Microsoft-Windows-Security-Auditing","Version":0,"Category":"Registry","tags":["mordorDataset"],"Hostname":"WORKSTATION5.theshire.local"}
{"Keywords":-9223372036854775808,"SeverityValue":2,"TargetObject":"HKU\\S-1-5-20\\Software\\Microsoft\\Windows\\CurrentVersion\\DeliveryOptimization\\Usage\\DownloadMonthlyCdnBytes","EventTypeOrignal":"INFO","EventID":13,"ProviderGuid":"{5770385F-C22A-43E0-BF4C-06F5698FFBD9}","ExecutionProcessID":3228,"host":"wec.internal.cloudapp.net","Channel":"Microsoft-Windows-Sysmon/Operational","UserID":"S-1-5-18","AccountType":"User","ThreadID":4288,"ProcessGuid":"{b34bc01c-8526-5f63-2103-000000000400}","Details":"QWORD (0x00000000-0x4fbbbca0)","EventReceivedTime":"2020-09-17 17:33:52","Opcode":"Info","EventTime":"2020-09-17 17:33:51","Message":"Registry value set:\r\nRuleName: -\r\nEventType: SetValue\r\nUtcTime: 2020-09-17 21:33:51.301\r\nProcessGuid: {b34bc01c-8526-5f63-2103-000000000400}\r\nProcessId: 2448\r\nImage: C:\\windows\\System32\\svchost.exe\r\nTargetObject: HKU\\S-1-5-20\\Software\\Microsoft\\Windows\\CurrentVersion\\DeliveryOptimization\\Usage\\DownloadMonthlyCdnBytes\r\nDetails: QWORD (0x00000000-0x4fbbbca0)","ProcessId":"2448","EventType":"SetValue","@timestamp":"2020-09-17T21:33:52.894Z","SourceModuleType":"im_msvistalog","port":64545,"AccountName":"SYSTEM","RecordNumber":637089,"Task":13,"Domain":"NT AUTHORITY","@version":"1","OpcodeValue":0,"SourceModuleName":"eventlog","Severity":"INFO","SourceName":"Microsoft-Windows-Sysmon","Version":2,"Image":"C:\\windows\\System32\\svchost.exe","Category":"Registry value set (rule: RegistryEvent)","UtcTime":"2020-09-17 21:33:51.301","Hostname":"WORKSTATION5.theshire.local","RuleName":"-","tags":["mordorDataset"]}
{"Keywords":-9214364837600034816,"SeverityValue":2,"SubjectDomainName":"THESHIRE","EventID":4690,"ProviderGuid":"{54849625-5478-4994-A5BA-3E3B0328C30D}","ExecutionProcessID":4,"Channel":"Security","host":"wec.internal.cloudapp.net","SubjectUserSid":"S-1-5-20","EventReceivedTime":"2020-09-17 17:33:52","ProcessId":"0x14f8","ThreadID":6644,"EventType":"AUDIT_SUCCESS","Opcode":"Info","EventTime":"2020-09-17 17:33:51","Message":"An attempt was made to duplicate a handle to an object.\r\n\r\nSubject:\r\n\tSecurity ID:\t\tS-1-5-20\r\n\tAccount Name:\t\tWORKSTATION5$\r\n\tAccount Domain:\t\tTHESHIRE\r\n\tLogon ID:\t\t0x3E4\r\n\r\nSource Handle Information:\r\n\tSource Handle ID:\t0x148\r\n\tSource Process ID:\t0x14f8\r\n\r\nNew Handle Information:\r\n\tTarget Handle ID:\t0x3764\r\n\tTarget Process ID:\t0x4","SourceHandleId":"0x148","TargetHandleId":"0x3764","@timestamp":"2020-09-17T21:33:52.895Z","SubjectLogonId":"0x3e4","SourceModuleType":"im_msvistalog","port":64545,"RecordNumber":166157,"SubjectUserName":"WORKSTATION5$","SourceProcessId":"0x14f8","Task":12807,"@version":"1","OpcodeValue":0,"SourceModuleName":"eventlog","Severity":"INFO","SourceName":"Microsoft-Windows-Security-Auditing","Version":0,"TargetProcessId":"0x4","Category":"Handle Manipulation","tags":["mordorDataset"],"Hostname":"WORKSTATION5.theshire.local"}
{"Keywords":-9223372036854775808,"SeverityValue":2,"TargetObject":"HKU\\S-1-5-20\\Software\\Microsoft\\Windows\\CurrentVersion\\DeliveryOptimization\\Usage\\DownloadMonthlyRateFrBps","EventTypeOrignal":"INFO","EventID":13,"ProviderGuid":"{5770385F-C22A-43E0-BF4C-06F5698FFBD9}","ExecutionProcessID":3228,"host":"wec.internal.cloudapp.net","Channel":"Microsoft-Windows-Sysmon/Operational","UserID":"S-1-5-18","AccountType":"User","ThreadID":4288,"ProcessGuid":"{b34bc01c-8526-5f63-2103-000000000400}","Details":"QWORD (0x00000000-0x00bb8cde)","EventReceivedTime":"2020-09-17 17:33:52","Opcode":"Info","EventTime":"2020-09-17 17:33:51","Message":"Registry value set:\r\nRuleName: -\r\nEventType: SetValue\r\nUtcTime: 2020-09-17 21:33:51.301\r\nProcessGuid: {b34bc01c-8526-5f63-2103-000000000400}\r\nProcessId: 2448\r\nImage: C:\\windows\\System32\\svchost.exe\r\nTargetObject: HKU\\S-1-5-20\\Software\\Microsoft\\Windows\\CurrentVersion\\DeliveryOptimization\\Usage\\DownloadMonthlyRateFrBps\r\nDetails: QWORD (0x00000000-0x00bb8cde)","ProcessId":"2448","EventType":"SetValue","@timestamp":"2020-09-17T21:33:52.895Z","SourceModuleType":"im_msvistalog","port":64545,"AccountName":"SYSTEM","RecordNumber":637090,"Task":13,"Domain":"NT AUTHORITY","@version":"1","OpcodeValue":0,"SourceModuleName":"eventlog","Severity":"INFO","SourceName":"Microsoft-Windows-Sysmon","Version":2,"Image":"C:\\windows\\System32\\svchost.exe","Category":"Registry value set (rule: RegistryEvent)","UtcTime":"2020-09-17 21:33:51.301","Hostname":"WORKSTATION5.theshire.local","RuleName":"-","tags":["mordorDataset"]}
{"Keywords":-9214364837600034816,"SeverityValue":2,"SubjectDomainName":"THESHIRE","EventID":4658,"ProviderGuid":"{54849625-5478-4994-A5BA-3E3B0328C30D}","ExecutionProcessID":4,"Channel":"Security","host":"wec.internal.cloudapp.net","SubjectUserSid":"S-1-5-20","EventReceivedTime":"2020-09-17 17:33:52","ProcessId":"0x14f8","ThreadID":6644,"EventType":"AUDIT_SUCCESS","Opcode":"Info","EventTime":"2020-09-17 17:33:51","Message":"The handle to an object was closed.\r\n\r\nSubject :\r\n\tSecurity ID:\t\tS-1-5-20\r\n\tAccount Name:\t\tWORKSTATION5$\r\n\tAccount Domain:\t\tTHESHIRE\r\n\tLogon ID:\t\t0x3E4\r\n\r\nObject:\r\n\tObject Server:\t\tSecurity\r\n\tHandle ID:\t\t0x3764\r\n\r\nProcess Information:\r\n\tProcess ID:\t\t0x14f8\r\n\tProcess Name:\t\tC:\\Windows\\System32\\svchost.exe","@timestamp":"2020-09-17T21:33:52.895Z","ObjectServer":"Security","SubjectLogonId":"0x3e4","SourceModuleType":"im_msvistalog","port":64545,"ProcessName":"C:\\Windows\\System32\\svchost.exe","RecordNumber":166158,"SubjectUserName":"WORKSTATION5$","Task":12801,"@version":"1","OpcodeValue":0,"SourceModuleName":"eventlog","Severity":"INFO","HandleId":"0x3764","SourceName":"Microsoft-Windows-Security-Auditing","Version":0,"Category":"Registry","tags":["mordorDataset"],"Hostname":"WORKSTATION5.theshire.local"}
{"Keywords":-9223372036854775808,"SeverityValue":2,"TargetObject":"HKU\\S-1-5-20\\Software\\Microsoft\\Windows\\CurrentVersion\\DeliveryOptimization\\Usage\\DownloadMonthlyRateBkBps","EventTypeOrignal":"INFO","EventID":13,"ProviderGuid":"{5770385F-C22A-43E0-BF4C-06F5698FFBD9}","ExecutionProcessID":3228,"host":"wec.internal.cloudapp.net","Channel":"Microsoft-Windows-Sysmon/Operational","UserID":"S-1-5-18","AccountType":"User","ThreadID":4288,"ProcessGuid":"{b34bc01c-8526-5f63-2103-000000000400}","Details":"QWORD (0x00000000-0x00000000)","EventReceivedTime":"2020-09-17 17:33:52","Opcode":"Info","EventTime":"2020-09-17 17:33:51","Message":"Registry value set:\r\nRuleName: -\r\nEventType: SetValue\r\nUtcTime: 2020-09-17 21:33:51.301\r\nProcessGuid: {b34bc01c-8526-5f63-2103-000000000400}\r\nProcessId: 2448\r\nImage: C:\\windows\\System32\\svchost.exe\r\nTargetObject: HKU\\S-1-5-20\\Software\\Microsoft\\Windows\\CurrentVersion\\DeliveryOptimization\\Usage\\DownloadMonthlyRateBkBps\r\nDetails: QWORD (0x00000000-0x00000000)","ProcessId":"2448","EventType":"SetValue","@timestamp":"2020-09-17T21:33:52.895Z","SourceModuleType":"im_msvistalog","port":64545,"AccountName":"SYSTEM","RecordNumber":637091,"Task":13,"Domain":"NT AUTHORITY","@version":"1","OpcodeValue":0,"SourceModuleName":"eventlog","Severity":"INFO","SourceName":"Microsoft-Windows-Sysmon","Version":2,"Image":"C:\\windows\\System32\\svchost.exe","Category":"Registry value set (rule: RegistryEvent)","UtcTime":"2020-09-17 21:33:51.301","Hostname":"WORKSTATION5.theshire.local","RuleName":"-","tags":["mordorDataset"]}
{"Keywords":-9223372036854775808,"SeverityValue":2,"TargetObject":"HKU\\S-1-5-20\\Software\\Microsoft\\Windows\\CurrentVersion\\DeliveryOptimization\\Usage\\MonthID","EventTypeOrignal":"INFO","EventID":13,"ProviderGuid":"{5770385F-C22A-43E0-BF4C-06F5698FFBD9}","ExecutionProcessID":3228,"host":"wec.internal.cloudapp.net","Channel":"Microsoft-Windows-Sysmon/Operational","UserID":"S-1-5-18","AccountType":"User","ThreadID":4288,"ProcessGuid":"{b34bc01c-8526-5f63-2103-000000000400}","Details":"DWORD (0x00000009)","EventReceivedTime":"2020-09-17 17:33:52","Opcode":"Info","EventTime":"2020-09-17 17:33:51","Message":"Registry value set:\r\nRuleName: -\r\nEventType: SetValue\r\nUtcTime: 2020-09-17 21:33:51.301\r\nProcessGuid: {b34bc01c-8526-5f63-2103-000000000400}\r\nProcessId: 2448\r\nImage: C:\\windows\\System32\\svchost.exe\r\nTargetObject: HKU\\S-1-5-20\\Software\\Microsoft\\Windows\\CurrentVersion\\DeliveryOptimization\\Usage\\MonthID\r\nDetails: DWORD (0x00000009)","ProcessId":"2448","EventType":"SetValue","@timestamp":"2020-09-17T21:33:52.896Z","SourceModuleType":"im_msvistalog","port":64545,"AccountName":"SYSTEM","RecordNumber":637092,"Task":13,"Domain":"NT AUTHORITY","@version":"1","OpcodeValue":0,"SourceModuleName":"eventlog","Severity":"INFO","SourceName":"Microsoft-Windows-Sysmon","Version":2,"Image":"C:\\windows\\System32\\svchost.exe","Category":"Registry value set (rule: RegistryEvent)","UtcTime":"2020-09-17 21:33:51.301","Hostname":"WORKSTATION5.theshire.local","RuleName":"-","tags":["mordorDataset"]}
{"SeverityValue":2,"SubjectDomainName":"THESHIRE","EventReceivedTime":"2020-09-17 17:33:52","EventID":4656,"ProviderGuid":"{54849625-5478-4994-A5BA-3E3B0328C30D}","ExecutionProcessID":4,"Channel":"Security","host":"wec.internal.cloudapp.net","ProcessId":"0x14f8","Opcode":"Info","EventTime":"2020-09-17 17:33:51","TransactionId":"{00000000-0000-0000-0000-000000000000}","ObjectServer":"Security","AccessMask":"0x20019","SourceModuleType":"im_msvistalog","ProcessName":"C:\\Windows\\System32\\svchost.exe","@version":"1","OpcodeValue":0,"Severity":"INFO","HandleId":"0x148","ObjectName":"\\REGISTRY\\MACHINE\\SYSTEM\\ControlSet001\\Control\\Session Manager\\Environment","SourceName":"Microsoft-Windows-Security-Auditing","Category":"Registry","Keywords":-9214364837600034816,"ObjectType":"Key","SubjectUserSid":"S-1-5-20","ThreadID":6644,"EventType":"AUDIT_SUCCESS","Message":"A handle to an object was requested.\r\n\r\nSubject:\r\n\tSecurity ID:\t\tS-1-5-20\r\n\tAccount Name:\t\tWORKSTATION5$\r\n\tAccount Domain:\t\tTHESHIRE\r\n\tLogon ID:\t\t0x3E4\r\n\r\nObject:\r\n\tObject Server:\t\tSecurity\r\n\tObject Type:\t\tKey\r\n\tObject Name:\t\t\\REGISTRY\\MACHINE\\SYSTEM\\ControlSet001\\Control\\Session Manager\\Environment\r\n\tHandle ID:\t\t0x148\r\n\tResource Attributes:\t-\r\n\r\nProcess Information:\r\n\tProcess ID:\t\t0x14f8\r\n\tProcess Name:\t\tC:\\Windows\\System32\\svchost.exe\r\n\r\nAccess Request Information:\r\n\tTransaction ID:\t\t{00000000-0000-0000-0000-000000000000}\r\n\tAccesses:\t\tREAD_CONTROL\r\n\t\t\t\tQuery key value\r\n\t\t\t\tEnumerate sub-keys\r\n\t\t\t\tNotify about changes to keys\r\n\t\t\t\t\r\n\tAccess Reasons:\t\t-\r\n\tAccess Mask:\t\t0x20019\r\n\tPrivileges Used for Access Check:\t-\r\n\tRestricted SID Count:\t0","AccessReason":"-","PrivilegeList":"-","@timestamp":"2020-09-17T21:33:52.896Z","SubjectLogonId":"0x3e4","port":64545,"RecordNumber":166159,"SubjectUserName":"WORKSTATION5$","Task":12801,"SourceModuleName":"eventlog","Version":1,"AccessList":"%%1538\r\n\t\t\t\t%%4432\r\n\t\t\t\t%%4435\r\n\t\t\t\t%%4436\r\n\t\t\t\t","RestrictedSidCount":"0","ResourceAttributes":"-","Hostname":"WORKSTATION5.theshire.local","tags":["mordorDataset"]}
{"Keywords":-9214364837600034816,"SeverityValue":2,"SubjectDomainName":"THESHIRE","EventID":4663,"ProviderGuid":"{54849625-5478-4994-A5BA-3E3B0328C30D}","ExecutionProcessID":4,"Channel":"Security","host":"wec.internal.cloudapp.net","SubjectUserSid":"S-1-5-20","ObjectType":"Key","EventReceivedTime":"2020-09-17 17:33:52","ThreadID":6644,"ProcessId":"0x14f8","EventType":"AUDIT_SUCCESS","Opcode":"Info","EventTime":"2020-09-17 17:33:51","Message":"An attempt was made to access an object.\r\n\r\nSubject:\r\n\tSecurity ID:\t\tS-1-5-20\r\n\tAccount Name:\t\tWORKSTATION5$\r\n\tAccount Domain:\t\tTHESHIRE\r\n\tLogon ID:\t\t0x3E4\r\n\r\nObject:\r\n\tObject Server:\t\tSecurity\r\n\tObject Type:\t\tKey\r\n\tObject Name:\t\t\\REGISTRY\\MACHINE\\SYSTEM\\ControlSet001\\Control\\Session Manager\\Environment\r\n\tHandle ID:\t\t0x148\r\n\tResource Attributes:\t-\r\n\r\nProcess Information:\r\n\tProcess ID:\t\t0x14f8\r\n\tProcess Name:\t\tC:\\Windows\\System32\\svchost.exe\r\n\r\nAccess Request Information:\r\n\tAccesses:\t\tQuery key value\r\n\t\t\t\t\r\n\tAccess Mask:\t\t0x1","@timestamp":"2020-09-17T21:33:52.896Z","ObjectServer":"Security","SubjectLogonId":"0x3e4","AccessMask":"0x1","port":64545,"ProcessName":"C:\\Windows\\System32\\svchost.exe","RecordNumber":166160,"SubjectUserName":"WORKSTATION5$","SourceModuleType":"im_msvistalog","Task":12801,"@version":"1","OpcodeValue":0,"SourceModuleName":"eventlog","Severity":"INFO","HandleId":"0x148","ObjectName":"\\REGISTRY\\MACHINE\\SYSTEM\\ControlSet001\\Control\\Session Manager\\Environment","SourceName":"Microsoft-Windows-Security-Auditing","Version":1,"AccessList":"%%4432\r\n\t\t\t\t","Category":"Registry","ResourceAttributes":"-","Hostname":"WORKSTATION5.theshire.local","tags":["mordorDataset"]}
{"Keywords":-9223372036854775808,"SeverityValue":2,"TargetObject":"HKU\\S-1-5-20\\Software\\Microsoft\\Windows\\CurrentVersion\\DeliveryOptimization\\Config\\DownloadMode_BackCompat","EventTypeOrignal":"INFO","EventID":13,"ProviderGuid":"{5770385F-C22A-43E0-BF4C-06F5698FFBD9}","ExecutionProcessID":3228,"host":"wec.internal.cloudapp.net","Channel":"Microsoft-Windows-Sysmon/Operational","UserID":"S-1-5-18","AccountType":"User","ThreadID":4288,"ProcessGuid":"{b34bc01c-8526-5f63-2103-000000000400}","Details":"DWORD (0x00000001)","EventReceivedTime":"2020-09-17 17:33:52","Opcode":"Info","EventTime":"2020-09-17 17:33:51","Message":"Registry value set:\r\nRuleName: -\r\nEventType: SetValue\r\nUtcTime: 2020-09-17 21:33:51.301\r\nProcessGuid: {b34bc01c-8526-5f63-2103-000000000400}\r\nProcessId: 2448\r\nImage: C:\\windows\\System32\\svchost.exe\r\nTargetObject: HKU\\S-1-5-20\\Software\\Microsoft\\Windows\\CurrentVersion\\DeliveryOptimization\\Config\\DownloadMode_BackCompat\r\nDetails: DWORD (0x00000001)","ProcessId":"2448","EventType":"SetValue","@timestamp":"2020-09-17T21:33:52.897Z","SourceModuleType":"im_msvistalog","port":64545,"AccountName":"SYSTEM","RecordNumber":637093,"Task":13,"Domain":"NT AUTHORITY","@version":"1","OpcodeValue":0,"SourceModuleName":"eventlog","Severity":"INFO","SourceName":"Microsoft-Windows-Sysmon","Version":2,"Image":"C:\\windows\\System32\\svchost.exe","Category":"Registry value set (rule: RegistryEvent)","UtcTime":"2020-09-17 21:33:51.301","Hostname":"WORKSTATION5.theshire.local","RuleName":"-","tags":["mordorDataset"]}
{"Keywords":-9214364837600034816,"SeverityValue":2,"SubjectDomainName":"THESHIRE","EventID":4658,"ProviderGuid":"{54849625-5478-4994-A5BA-3E3B0328C30D}","ExecutionProcessID":4,"Channel":"Security","host":"wec.internal.cloudapp.net","SubjectUserSid":"S-1-5-20","EventReceivedTime":"2020-09-17 17:33:52","ProcessId":"0x14f8","ThreadID":6644,"EventType":"AUDIT_SUCCESS","Opcode":"Info","EventTime":"2020-09-17 17:33:51","Message":"The handle to an object was closed.\r\n\r\nSubject :\r\n\tSecurity ID:\t\tS-1-5-20\r\n\tAccount Name:\t\tWORKSTATION5$\r\n\tAccount Domain:\t\tTHESHIRE\r\n\tLogon ID:\t\t0x3E4\r\n\r\nObject:\r\n\tObject Server:\t\tSecurity\r\n\tHandle ID:\t\t0x148\r\n\r\nProcess Information:\r\n\tProcess ID:\t\t0x14f8\r\n\tProcess Name:\t\tC:\\Windows\\System32\\svchost.exe","@timestamp":"2020-09-17T21:33:52.897Z","ObjectServer":"Security","SubjectLogonId":"0x3e4","SourceModuleType":"im_msvistalog","port":64545,"ProcessName":"C:\\Windows\\System32\\svchost.exe","RecordNumber":166161,"SubjectUserName":"WORKSTATION5$","Task":12801,"@version":"1","OpcodeValue":0,"SourceModuleName":"eventlog","Severity":"INFO","HandleId":"0x148","SourceName":"Microsoft-Windows-Security-Auditing","Version":0,"Category":"Registry","tags":["mordorDataset"],"Hostname":"WORKSTATION5.theshire.local"}
{"Keywords":-9223372036854775808,"SeverityValue":2,"TargetObject":"HKU\\S-1-5-20\\Software\\Microsoft\\Windows\\CurrentVersion\\DeliveryOptimization\\Config\\DODownloadMode","EventTypeOrignal":"INFO","EventID":13,"ProviderGuid":"{5770385F-C22A-43E0-BF4C-06F5698FFBD9}","ExecutionProcessID":3228,"host":"wec.internal.cloudapp.net","Channel":"Microsoft-Windows-Sysmon/Operational","UserID":"S-1-5-18","AccountType":"User","ThreadID":4288,"ProcessGuid":"{b34bc01c-8526-5f63-2103-000000000400}","Details":"DWORD (0x00000001)","EventReceivedTime":"2020-09-17 17:33:52","Opcode":"Info","EventTime":"2020-09-17 17:33:51","Message":"Registry value set:\r\nRuleName: -\r\nEventType: SetValue\r\nUtcTime: 2020-09-17 21:33:51.301\r\nProcessGuid: {b34bc01c-8526-5f63-2103-000000000400}\r\nProcessId: 2448\r\nImage: C:\\windows\\System32\\svchost.exe\r\nTargetObject: HKU\\S-1-5-20\\Software\\Microsoft\\Windows\\CurrentVersion\\DeliveryOptimization\\Config\\DODownloadMode\r\nDetails: DWORD (0x00000001)","ProcessId":"2448","EventType":"SetValue","@timestamp":"2020-09-17T21:33:52.898Z","SourceModuleType":"im_msvistalog","port":64545,"AccountName":"SYSTEM","RecordNumber":637094,"Task":13,"Domain":"NT AUTHORITY","@version":"1","OpcodeValue":0,"SourceModuleName":"eventlog","Severity":"INFO","SourceName":"Microsoft-Windows-Sysmon","Version":2,"Image":"C:\\windows\\System32\\svchost.exe","Category":"Registry value set (rule: RegistryEvent)","UtcTime":"2020-09-17 21:33:51.301","Hostname":"WORKSTATION5.theshire.local","RuleName":"-","tags":["mordorDataset"]}
{"Keywords":-9214364837600034816,"SeverityValue":2,"SubjectDomainName":"THESHIRE","EventID":4690,"ProviderGuid":"{54849625-5478-4994-A5BA-3E3B0328C30D}","ExecutionProcessID":4,"Channel":"Security","host":"wec.internal.cloudapp.net","SubjectUserSid":"S-1-5-20","EventReceivedTime":"2020-09-17 17:33:52","ProcessId":"0x14f8","ThreadID":6644,"EventType":"AUDIT_SUCCESS","Opcode":"Info","EventTime":"2020-09-17 17:33:51","Message":"An attempt was made to duplicate a handle to an object.\r\n\r\nSubject:\r\n\tSecurity ID:\t\tS-1-5-20\r\n\tAccount Name:\t\tWORKSTATION5$\r\n\tAccount Domain:\t\tTHESHIRE\r\n\tLogon ID:\t\t0x3E4\r\n\r\nSource Handle Information:\r\n\tSource Handle ID:\t0x3fc\r\n\tSource Process ID:\t0x14f8\r\n\r\nNew Handle Information:\r\n\tTarget Handle ID:\t0x3764\r\n\tTarget Process ID:\t0x4","SourceHandleId":"0x3fc","TargetHandleId":"0x3764","@timestamp":"2020-09-17T21:33:52.898Z","SubjectLogonId":"0x3e4","SourceModuleType":"im_msvistalog","port":64545,"RecordNumber":166162,"SubjectUserName":"WORKSTATION5$","SourceProcessId":"0x14f8","Task":12807,"@version":"1","OpcodeValue":0,"SourceModuleName":"eventlog","Severity":"INFO","SourceName":"Microsoft-Windows-Security-Auditing","Version":0,"TargetProcessId":"0x4","Category":"Handle Manipulation","tags":["mordorDataset"],"Hostname":"WORKSTATION5.theshire.local"}
