{"SourceProcessGUID":"{8715b604-0dea-5f2a-0e00-000000000400}","UtcTime":"2020-08-05 07:48:47.718","GrantedAccess":"0x1000","@version":"1","Keywords":-9223372036854775808,"ThreadID":4452,"TargetProcessId":"4400","UserID":"S-1-5-18","Version":3,"TargetProcessGUID":"{8715b604-104c-5f2a-c702-000000000400}","TargetImage":"C:\\Windows\\SystemApps\\InputApp_cw5n1h2txyewy\\WindowsInternal.ComposableShell.Experiences.TextInput.InputApp.exe","CallTrace":"C:\\windows\\SYSTEM32\\ntdll.dll+9c534|C:\\windows\\SYSTEM32\\psmserviceexthost.dll+222a3|C:\\windows\\SYSTEM32\\psmserviceexthost.dll+37ea0|C:\\windows\\SYSTEM32\\psmserviceexthost.dll+37929|C:\\windows\\SYSTEM32\\psmserviceexthost.dll+686f8|C:\\windows\\SYSTEM32\\psmserviceexthost.dll+6e84a|C:\\windows\\SYSTEM32\\psmserviceexthost.dll+6f700|C:\\windows\\SYSTEM32\\psmserviceexthost.dll+34be4|C:\\windows\\SYSTEM32\\psmserviceexthost.dll+6f63e|C:\\windows\\SYSTEM32\\psmserviceexthost.dll+713b5|C:\\windows\\SYSTEM32\\psmserviceexthost.dll+50bda|C:\\windows\\SYSTEM32\\psmserviceexthost.dll+4500a|C:\\windows\\System32\\KERNEL32.DLL+17bd4|C:\\windows\\SYSTEM32\\ntdll.dll+6ce51","host":"wec.internal.cloudapp.net","Message":"Process accessed:\r\nRuleName: -\r\nUtcTime: 2020-08-05 07:48:47.718\r\nSourceProcessGUID: {8715b604-0dea-5f2a-0e00-000000000400}\r\nSourceProcessId: 884\r\nSourceThreadId: 1064\r\nSourceImage: C:\\windows\\system32\\svchost.exe\r\nTargetProcessGUID: {8715b604-104c-5f2a-c702-000000000400}\r\nTargetProcessId: 4400\r\nTargetImage: C:\\Windows\\SystemApps\\InputApp_cw5n1h2txyewy\\WindowsInternal.ComposableShell.Experiences.TextInput.InputApp.exe\r\nGrantedAccess: 0x1000\r\nCallTrace: C:\\windows\\SYSTEM32\\ntdll.dll+9c534|C:\\windows\\SYSTEM32\\psmserviceexthost.dll+222a3|C:\\windows\\SYSTEM32\\psmserviceexthost.dll+37ea0|C:\\windows\\SYSTEM32\\psmserviceexthost.dll+37929|C:\\windows\\SYSTEM32\\psmserviceexthost.dll+686f8|C:\\windows\\SYSTEM32\\psmserviceexthost.dll+6e84a|C:\\windows\\SYSTEM32\\psmserviceexthost.dll+6f700|C:\\windows\\SYSTEM32\\psmserviceexthost.dll+34be4|C:\\windows\\SYSTEM32\\psmserviceexthost.dll+6f63e|C:\\windows\\SYSTEM32\\psmserviceexthost.dll+713b5|C:\\windows\\SYSTEM32\\psmserviceexthost.dll+50bda|C:\\windows\\SYSTEM32\\psmserviceexthost.dll+4500a|C:\\windows\\System32\\KERNEL32.DLL+17bd4|C:\\windows\\SYSTEM32\\ntdll.dll+6ce51","SourceModuleName":"eventlog","SourceThreadId":"1064","SourceName":"Microsoft-Windows-Sysmon","SourceProcessId":"884","SeverityValue":2,"tags":["mordorDataset"],"Channel":"Microsoft-Windows-Sysmon/Operational","ProviderGuid":"{5770385F-C22A-43E0-BF4C-06F5698FFBD9}","RuleName":"-","EventID":10,"RecordNumber":539966,"Hostname":"WORKSTATION5.theshire.local","SourceImage":"C:\\windows\\system32\\svchost.exe","ProcessId":"884","SourceModuleType":"im_msvistalog","Domain":"NT AUTHORITY","port":53997,"EventTime":"2020-08-05 03:48:47","Severity":"INFO","ExecutionProcessID":3484,"AccountName":"SYSTEM","OpcodeValue":0,"@timestamp":"2020-08-05T07:48:48.794Z","Task":10,"EventType":"INFO","EventReceivedTime":"2020-08-05 03:48:48","AccountType":"User"}
{"SourceProcessGUID":"{8715b604-0dea-5f2a-0e00-000000000400}","UtcTime":"2020-08-05 07:48:47.718","GrantedAccess":"0x1000","@version":"1","Keywords":-9223372036854775808,"ThreadID":4452,"TargetProcessId":"2764","UserID":"S-1-5-18","Version":3,"TargetProcessGUID":"{8715b604-2c5e-5f2a-0904-000000000400}","TargetImage":"C:\\Windows\\ImmersiveControlPanel\\SystemSettings.exe","CallTrace":"C:\\windows\\SYSTEM32\\ntdll.dll+9c534|C:\\windows\\SYSTEM32\\psmserviceexthost.dll+222a3|C:\\windows\\SYSTEM32\\psmserviceexthost.dll+37ea0|C:\\windows\\SYSTEM32\\psmserviceexthost.dll+37929|C:\\windows\\SYSTEM32\\psmserviceexthost.dll+686f8|C:\\windows\\SYSTEM32\\psmserviceexthost.dll+6e84a|C:\\windows\\SYSTEM32\\psmserviceexthost.dll+6f700|C:\\windows\\SYSTEM32\\psmserviceexthost.dll+34be4|C:\\windows\\SYSTEM32\\psmserviceexthost.dll+6f63e|C:\\windows\\SYSTEM32\\psmserviceexthost.dll+713b5|C:\\windows\\SYSTEM32\\psmserviceexthost.dll+50bda|C:\\windows\\SYSTEM32\\psmserviceexthost.dll+4500a|C:\\windows\\System32\\KERNEL32.DLL+17bd4|C:\\windows\\SYSTEM32\\ntdll.dll+6ce51","host":"wec.internal.cloudapp.net","Message":"Process accessed:\r\nRuleName: -\r\nUtcTime: 2020-08-05 07:48:47.718\r\nSourceProcessGUID: {8715b604-0dea-5f2a-0e00-000000000400}\r\nSourceProcessId: 884\r\nSourceThreadId: 1064\r\nSourceImage: C:\\windows\\system32\\svchost.exe\r\nTargetProcessGUID: {8715b604-2c5e-5f2a-0904-000000000400}\r\nTargetProcessId: 2764\r\nTargetImage: C:\\Windows\\ImmersiveControlPanel\\SystemSettings.exe\r\nGrantedAccess: 0x1000\r\nCallTrace: C:\\windows\\SYSTEM32\\ntdll.dll+9c534|C:\\windows\\SYSTEM32\\psmserviceexthost.dll+222a3|C:\\windows\\SYSTEM32\\psmserviceexthost.dll+37ea0|C:\\windows\\SYSTEM32\\psmserviceexthost.dll+37929|C:\\windows\\SYSTEM32\\psmserviceexthost.dll+686f8|C:\\windows\\SYSTEM32\\psmserviceexthost.dll+6e84a|C:\\windows\\SYSTEM32\\psmserviceexthost.dll+6f700|C:\\windows\\SYSTEM32\\psmserviceexthost.dll+34be4|C:\\windows\\SYSTEM32\\psmserviceexthost.dll+6f63e|C:\\windows\\SYSTEM32\\psmserviceexthost.dll+713b5|C:\\windows\\SYSTEM32\\psmserviceexthost.dll+50bda|C:\\windows\\SYSTEM32\\psmserviceexthost.dll+4500a|C:\\windows\\System32\\KERNEL32.DLL+17bd4|C:\\windows\\SYSTEM32\\ntdll.dll+6ce51","SourceModuleName":"eventlog","SourceThreadId":"1064","SourceName":"Microsoft-Windows-Sysmon","SourceProcessId":"884","SeverityValue":2,"tags":["mordorDataset"],"Channel":"Microsoft-Windows-Sysmon/Operational","ProviderGuid":"{5770385F-C22A-43E0-BF4C-06F5698FFBD9}","RuleName":"-","EventID":10,"RecordNumber":539967,"Hostname":"WORKSTATION5.theshire.local","SourceImage":"C:\\windows\\system32\\svchost.exe","ProcessId":"884","SourceModuleType":"im_msvistalog","Domain":"NT AUTHORITY","port":53997,"EventTime":"2020-08-05 03:48:47","Severity":"INFO","ExecutionProcessID":3484,"AccountName":"SYSTEM","OpcodeValue":0,"@timestamp":"2020-08-05T07:48:48.794Z","Task":10,"EventType":"INFO","EventReceivedTime":"2020-08-05 03:48:48","AccountType":"User"}
{"SourceProcessGUID":"{8715b604-0dea-5f2a-0e00-000000000400}","UtcTime":"2020-08-05 07:48:47.718","GrantedAccess":"0x1000","@version":"1","Keywords":-9223372036854775808,"ThreadID":4452,"TargetProcessId":"6408","UserID":"S-1-5-18","Version":3,"TargetProcessGUID":"{8715b604-2bdc-5f2a-e503-000000000400}","TargetImage":"C:\\Windows\\SystemApps\\Microsoft.Windows.SecHealthUI_cw5n1h2txyewy\\SecHealthUI.exe","CallTrace":"C:\\windows\\SYSTEM32\\ntdll.dll+9c534|C:\\windows\\SYSTEM32\\psmserviceexthost.dll+222a3|C:\\windows\\SYSTEM32\\psmserviceexthost.dll+37ea0|C:\\windows\\SYSTEM32\\psmserviceexthost.dll+37929|C:\\windows\\SYSTEM32\\psmserviceexthost.dll+686f8|C:\\windows\\SYSTEM32\\psmserviceexthost.dll+6e84a|C:\\windows\\SYSTEM32\\psmserviceexthost.dll+6f700|C:\\windows\\SYSTEM32\\psmserviceexthost.dll+34be4|C:\\windows\\SYSTEM32\\psmserviceexthost.dll+6f63e|C:\\windows\\SYSTEM32\\psmserviceexthost.dll+713b5|C:\\windows\\SYSTEM32\\psmserviceexthost.dll+50bda|C:\\windows\\SYSTEM32\\psmserviceexthost.dll+4500a|C:\\windows\\System32\\KERNEL32.DLL+17bd4|C:\\windows\\SYSTEM32\\ntdll.dll+6ce51","host":"wec.internal.cloudapp.net","Message":"Process accessed:\r\nRuleName: -\r\nUtcTime: 2020-08-05 07:48:47.718\r\nSourceProcessGUID: {8715b604-0dea-5f2a-0e00-000000000400}\r\nSourceProcessId: 884\r\nSourceThreadId: 1064\r\nSourceImage: C:\\windows\\system32\\svchost.exe\r\nTargetProcessGUID: {8715b604-2bdc-5f2a-e503-000000000400}\r\nTargetProcessId: 6408\r\nTargetImage: C:\\Windows\\SystemApps\\Microsoft.Windows.SecHealthUI_cw5n1h2txyewy\\SecHealthUI.exe\r\nGrantedAccess: 0x1000\r\nCallTrace: C:\\windows\\SYSTEM32\\ntdll.dll+9c534|C:\\windows\\SYSTEM32\\psmserviceexthost.dll+222a3|C:\\windows\\SYSTEM32\\psmserviceexthost.dll+37ea0|C:\\windows\\SYSTEM32\\psmserviceexthost.dll+37929|C:\\windows\\SYSTEM32\\psmserviceexthost.dll+686f8|C:\\windows\\SYSTEM32\\psmserviceexthost.dll+6e84a|C:\\windows\\SYSTEM32\\psmserviceexthost.dll+6f700|C:\\windows\\SYSTEM32\\psmserviceexthost.dll+34be4|C:\\windows\\SYSTEM32\\psmserviceexthost.dll+6f63e|C:\\windows\\SYSTEM32\\psmserviceexthost.dll+713b5|C:\\windows\\SYSTEM32\\psmserviceexthost.dll+50bda|C:\\windows\\SYSTEM32\\psmserviceexthost.dll+4500a|C:\\windows\\System32\\KERNEL32.DLL+17bd4|C:\\windows\\SYSTEM32\\ntdll.dll+6ce51","SourceModuleName":"eventlog","SourceThreadId":"1064","SourceName":"Microsoft-Windows-Sysmon","SourceProcessId":"884","SeverityValue":2,"tags":["mordorDataset"],"Channel":"Microsoft-Windows-Sysmon/Operational","ProviderGuid":"{5770385F-C22A-43E0-BF4C-06F5698FFBD9}","RuleName":"-","EventID":10,"RecordNumber":539968,"Hostname":"WORKSTATION5.theshire.local","SourceImage":"C:\\windows\\system32\\svchost.exe","ProcessId":"884","SourceModuleType":"im_msvistalog","Domain":"NT AUTHORITY","port":53997,"EventTime":"2020-08-05 03:48:47","Severity":"INFO","ExecutionProcessID":3484,"AccountName":"SYSTEM","OpcodeValue":0,"@timestamp":"2020-08-05T07:48:48.794Z","Task":10,"EventType":"INFO","EventReceivedTime":"2020-08-05 03:48:48","AccountType":"User"}
{"SourceProcessGUID":"{8715b604-0dea-5f2a-0e00-000000000400}","UtcTime":"2020-08-05 07:48:47.718","GrantedAccess":"0x1000","@version":"1","Keywords":-9223372036854775808,"ThreadID":4452,"TargetProcessId":"6244","UserID":"S-1-5-18","Version":3,"TargetProcessGUID":"{8715b604-2975-5f2a-9603-000000000400}","TargetImage":"C:\\Windows\\SystemApps\\InputApp_cw5n1h2txyewy\\WindowsInternal.ComposableShell.Experiences.TextInput.InputApp.exe","CallTrace":"C:\\windows\\SYSTEM32\\ntdll.dll+9c534|C:\\windows\\SYSTEM32\\psmserviceexthost.dll+222a3|C:\\windows\\SYSTEM32\\psmserviceexthost.dll+37ea0|C:\\windows\\SYSTEM32\\psmserviceexthost.dll+37929|C:\\windows\\SYSTEM32\\psmserviceexthost.dll+686f8|C:\\windows\\SYSTEM32\\psmserviceexthost.dll+6e84a|C:\\windows\\SYSTEM32\\psmserviceexthost.dll+6f700|C:\\windows\\SYSTEM32\\psmserviceexthost.dll+34be4|C:\\windows\\SYSTEM32\\psmserviceexthost.dll+6f63e|C:\\windows\\SYSTEM32\\psmserviceexthost.dll+713b5|C:\\windows\\SYSTEM32\\psmserviceexthost.dll+50bda|C:\\windows\\SYSTEM32\\psmserviceexthost.dll+4500a|C:\\windows\\System32\\KERNEL32.DLL+17bd4|C:\\windows\\SYSTEM32\\ntdll.dll+6ce51","host":"wec.internal.cloudapp.net","Message":"Process accessed:\r\nRuleName: -\r\nUtcTime: 2020-08-05 07:48:47.718\r\nSourceProcessGUID: {8715b604-0dea-5f2a-0e00-000000000400}\r\nSourceProcessId: 884\r\nSourceThreadId: 1064\r\nSourceImage: C:\\windows\\system32\\svchost.exe\r\nTargetProcessGUID: {8715b604-2975-5f2a-9603-000000000400}\r\nTargetProcessId: 6244\r\nTargetImage: C:\\Windows\\SystemApps\\InputApp_cw5n1h2txyewy\\WindowsInternal.ComposableShell.Experiences.TextInput.InputApp.exe\r\nGrantedAccess: 0x1000\r\nCallTrace: C:\\windows\\SYSTEM32\\ntdll.dll+9c534|C:\\windows\\SYSTEM32\\psmserviceexthost.dll+222a3|C:\\windows\\SYSTEM32\\psmserviceexthost.dll+37ea0|C:\\windows\\SYSTEM32\\psmserviceexthost.dll+37929|C:\\windows\\SYSTEM32\\psmserviceexthost.dll+686f8|C:\\windows\\SYSTEM32\\psmserviceexthost.dll+6e84a|C:\\windows\\SYSTEM32\\psmserviceexthost.dll+6f700|C:\\windows\\SYSTEM32\\psmserviceexthost.dll+34be4|C:\\windows\\SYSTEM32\\psmserviceexthost.dll+6f63e|C:\\windows\\SYSTEM32\\psmserviceexthost.dll+713b5|C:\\windows\\SYSTEM32\\psmserviceexthost.dll+50bda|C:\\windows\\SYSTEM32\\psmserviceexthost.dll+4500a|C:\\windows\\System32\\KERNEL32.DLL+17bd4|C:\\windows\\SYSTEM32\\ntdll.dll+6ce51","SourceModuleName":"eventlog","SourceThreadId":"1064","SourceName":"Microsoft-Windows-Sysmon","SourceProcessId":"884","SeverityValue":2,"tags":["mordorDataset"],"Channel":"Microsoft-Windows-Sysmon/Operational","ProviderGuid":"{5770385F-C22A-43E0-BF4C-06F5698FFBD9}","RuleName":"-","EventID":10,"RecordNumber":539969,"Hostname":"WORKSTATION5.theshire.local","SourceImage":"C:\\windows\\system32\\svchost.exe","ProcessId":"884","SourceModuleType":"im_msvistalog","Domain":"NT AUTHORITY","port":53997,"EventTime":"2020-08-05 03:48:47","Severity":"INFO","ExecutionProcessID":3484,"AccountName":"SYSTEM","OpcodeValue":0,"@timestamp":"2020-08-05T07:48:48.794Z","Task":10,"EventType":"INFO","EventReceivedTime":"2020-08-05 03:48:48","AccountType":"User"}
{"SourceProcessGUID":"{8715b604-0dea-5f2a-0e00-000000000400}","UtcTime":"2020-08-05 07:48:48.728","GrantedAccess":"0x1000","@version":"1","Keywords":-9223372036854775808,"ThreadID":4452,"TargetProcessId":"4400","UserID":"S-1-5-18","Version":3,"TargetProcessGUID":"{8715b604-104c-5f2a-c702-000000000400}","TargetImage":"C:\\Windows\\SystemApps\\InputApp_cw5n1h2txyewy\\WindowsInternal.ComposableShell.Experiences.TextInput.InputApp.exe","CallTrace":"C:\\windows\\SYSTEM32\\ntdll.dll+9c534|C:\\windows\\SYSTEM32\\psmserviceexthost.dll+222a3|C:\\windows\\SYSTEM32\\psmserviceexthost.dll+37ea0|C:\\windows\\SYSTEM32\\psmserviceexthost.dll+37929|C:\\windows\\SYSTEM32\\psmserviceexthost.dll+686f8|C:\\windows\\SYSTEM32\\psmserviceexthost.dll+6e84a|C:\\windows\\SYSTEM32\\psmserviceexthost.dll+6f700|C:\\windows\\SYSTEM32\\psmserviceexthost.dll+34be4|C:\\windows\\SYSTEM32\\psmserviceexthost.dll+6f63e|C:\\windows\\SYSTEM32\\psmserviceexthost.dll+713b5|C:\\windows\\SYSTEM32\\psmserviceexthost.dll+50bda|C:\\windows\\SYSTEM32\\psmserviceexthost.dll+4500a|C:\\windows\\System32\\KERNEL32.DLL+17bd4|C:\\windows\\SYSTEM32\\ntdll.dll+6ce51","host":"wec.internal.cloudapp.net","Message":"Process accessed:\r\nRuleName: -\r\nUtcTime: 2020-08-05 07:48:48.728\r\nSourceProcessGUID: {8715b604-0dea-5f2a-0e00-000000000400}\r\nSourceProcessId: 884\r\nSourceThreadId: 1064\r\nSourceImage: C:\\windows\\system32\\svchost.exe\r\nTargetProcessGUID: {8715b604-104c-5f2a-c702-000000000400}\r\nTargetProcessId: 4400\r\nTargetImage: C:\\Windows\\SystemApps\\InputApp_cw5n1h2txyewy\\WindowsInternal.ComposableShell.Experiences.TextInput.InputApp.exe\r\nGrantedAccess: 0x1000\r\nCallTrace: C:\\windows\\SYSTEM32\\ntdll.dll+9c534|C:\\windows\\SYSTEM32\\psmserviceexthost.dll+222a3|C:\\windows\\SYSTEM32\\psmserviceexthost.dll+37ea0|C:\\windows\\SYSTEM32\\psmserviceexthost.dll+37929|C:\\windows\\SYSTEM32\\psmserviceexthost.dll+686f8|C:\\windows\\SYSTEM32\\psmserviceexthost.dll+6e84a|C:\\windows\\SYSTEM32\\psmserviceexthost.dll+6f700|C:\\windows\\SYSTEM32\\psmserviceexthost.dll+34be4|C:\\windows\\SYSTEM32\\psmserviceexthost.dll+6f63e|C:\\windows\\SYSTEM32\\psmserviceexthost.dll+713b5|C:\\windows\\SYSTEM32\\psmserviceexthost.dll+50bda|C:\\windows\\SYSTEM32\\psmserviceexthost.dll+4500a|C:\\windows\\System32\\KERNEL32.DLL+17bd4|C:\\windows\\SYSTEM32\\ntdll.dll+6ce51","SourceModuleName":"eventlog","SourceThreadId":"1064","SourceName":"Microsoft-Windows-Sysmon","SourceProcessId":"884","SeverityValue":2,"tags":["mordorDataset"],"Channel":"Microsoft-Windows-Sysmon/Operational","ProviderGuid":"{5770385F-C22A-43E0-BF4C-06F5698FFBD9}","RuleName":"-","EventID":10,"RecordNumber":539970,"Hostname":"WORKSTATION5.theshire.local","SourceImage":"C:\\windows\\system32\\svchost.exe","ProcessId":"884","SourceModuleType":"im_msvistalog","Domain":"NT AUTHORITY","port":53997,"EventTime":"2020-08-05 03:48:48","Severity":"INFO","ExecutionProcessID":3484,"AccountName":"SYSTEM","OpcodeValue":0,"@timestamp":"2020-08-05T07:48:50.815Z","Task":10,"EventType":"INFO","EventReceivedTime":"2020-08-05 03:48:50","AccountType":"User"}
{"SourceProcessGUID":"{8715b604-0dea-5f2a-0e00-000000000400}","UtcTime":"2020-08-05 07:48:48.728","GrantedAccess":"0x1000","@version":"1","Keywords":-9223372036854775808,"ThreadID":4452,"TargetProcessId":"2764","UserID":"S-1-5-18","Version":3,"TargetProcessGUID":"{8715b604-2c5e-5f2a-0904-000000000400}","TargetImage":"C:\\Windows\\ImmersiveControlPanel\\SystemSettings.exe","CallTrace":"C:\\windows\\SYSTEM32\\ntdll.dll+9c534|C:\\windows\\SYSTEM32\\psmserviceexthost.dll+222a3|C:\\windows\\SYSTEM32\\psmserviceexthost.dll+37ea0|C:\\windows\\SYSTEM32\\psmserviceexthost.dll+37929|C:\\windows\\SYSTEM32\\psmserviceexthost.dll+686f8|C:\\windows\\SYSTEM32\\psmserviceexthost.dll+6e84a|C:\\windows\\SYSTEM32\\psmserviceexthost.dll+6f700|C:\\windows\\SYSTEM32\\psmserviceexthost.dll+34be4|C:\\windows\\SYSTEM32\\psmserviceexthost.dll+6f63e|C:\\windows\\SYSTEM32\\psmserviceexthost.dll+713b5|C:\\windows\\SYSTEM32\\psmserviceexthost.dll+50bda|C:\\windows\\SYSTEM32\\psmserviceexthost.dll+4500a|C:\\windows\\System32\\KERNEL32.DLL+17bd4|C:\\windows\\SYSTEM32\\ntdll.dll+6ce51","host":"wec.internal.cloudapp.net","Message":"Process accessed:\r\nRuleName: -\r\nUtcTime: 2020-08-05 07:48:48.728\r\nSourceProcessGUID: {8715b604-0dea-5f2a-0e00-000000000400}\r\nSourceProcessId: 884\r\nSourceThreadId: 1064\r\nSourceImage: C:\\windows\\system32\\svchost.exe\r\nTargetProcessGUID: {8715b604-2c5e-5f2a-0904-000000000400}\r\nTargetProcessId: 2764\r\nTargetImage: C:\\Windows\\ImmersiveControlPanel\\SystemSettings.exe\r\nGrantedAccess: 0x1000\r\nCallTrace: C:\\windows\\SYSTEM32\\ntdll.dll+9c534|C:\\windows\\SYSTEM32\\psmserviceexthost.dll+222a3|C:\\windows\\SYSTEM32\\psmserviceexthost.dll+37ea0|C:\\windows\\SYSTEM32\\psmserviceexthost.dll+37929|C:\\windows\\SYSTEM32\\psmserviceexthost.dll+686f8|C:\\windows\\SYSTEM32\\psmserviceexthost.dll+6e84a|C:\\windows\\SYSTEM32\\psmserviceexthost.dll+6f700|C:\\windows\\SYSTEM32\\psmserviceexthost.dll+34be4|C:\\windows\\SYSTEM32\\psmserviceexthost.dll+6f63e|C:\\windows\\SYSTEM32\\psmserviceexthost.dll+713b5|C:\\windows\\SYSTEM32\\psmserviceexthost.dll+50bda|C:\\windows\\SYSTEM32\\psmserviceexthost.dll+4500a|C:\\windows\\System32\\KERNEL32.DLL+17bd4|C:\\windows\\SYSTEM32\\ntdll.dll+6ce51","SourceModuleName":"eventlog","SourceThreadId":"1064","SourceName":"Microsoft-Windows-Sysmon","SourceProcessId":"884","SeverityValue":2,"tags":["mordorDataset"],"Channel":"Microsoft-Windows-Sysmon/Operational","ProviderGuid":"{5770385F-C22A-43E0-BF4C-06F5698FFBD9}","RuleName":"-","EventID":10,"RecordNumber":539971,"Hostname":"WORKSTATION5.theshire.local","SourceImage":"C:\\windows\\system32\\svchost.exe","ProcessId":"884","SourceModuleType":"im_msvistalog","Domain":"NT AUTHORITY","port":53997,"EventTime":"2020-08-05 03:48:48","Severity":"INFO","ExecutionProcessID":3484,"AccountName":"SYSTEM","OpcodeValue":0,"@timestamp":"2020-08-05T07:48:50.815Z","Task":10,"EventType":"INFO","EventReceivedTime":"2020-08-05 03:48:50","AccountType":"User"}
{"SourceProcessGUID":"{8715b604-0dea-5f2a-0e00-000000000400}","UtcTime":"2020-08-05 07:48:48.728","GrantedAccess":"0x1000","@version":"1","Keywords":-9223372036854775808,"ThreadID":4452,"TargetProcessId":"6408","UserID":"S-1-5-18","Version":3,"TargetProcessGUID":"{8715b604-2bdc-5f2a-e503-000000000400}","TargetImage":"C:\\Windows\\SystemApps\\Microsoft.Windows.SecHealthUI_cw5n1h2txyewy\\SecHealthUI.exe","CallTrace":"C:\\windows\\SYSTEM32\\ntdll.dll+9c534|C:\\windows\\SYSTEM32\\psmserviceexthost.dll+222a3|C:\\windows\\SYSTEM32\\psmserviceexthost.dll+37ea0|C:\\windows\\SYSTEM32\\psmserviceexthost.dll+37929|C:\\windows\\SYSTEM32\\psmserviceexthost.dll+686f8|C:\\windows\\SYSTEM32\\psmserviceexthost.dll+6e84a|C:\\windows\\SYSTEM32\\psmserviceexthost.dll+6f700|C:\\windows\\SYSTEM32\\psmserviceexthost.dll+34be4|C:\\windows\\SYSTEM32\\psmserviceexthost.dll+6f63e|C:\\windows\\SYSTEM32\\psmserviceexthost.dll+713b5|C:\\windows\\SYSTEM32\\psmserviceexthost.dll+50bda|C:\\windows\\SYSTEM32\\psmserviceexthost.dll+4500a|C:\\windows\\System32\\KERNEL32.DLL+17bd4|C:\\windows\\SYSTEM32\\ntdll.dll+6ce51","host":"wec.internal.cloudapp.net","Message":"Process accessed:\r\nRuleName: -\r\nUtcTime: 2020-08-05 07:48:48.728\r\nSourceProcessGUID: {8715b604-0dea-5f2a-0e00-000000000400}\r\nSourceProcessId: 884\r\nSourceThreadId: 1064\r\nSourceImage: C:\\windows\\system32\\svchost.exe\r\nTargetProcessGUID: {8715b604-2bdc-5f2a-e503-000000000400}\r\nTargetProcessId: 6408\r\nTargetImage: C:\\Windows\\SystemApps\\Microsoft.Windows.SecHealthUI_cw5n1h2txyewy\\SecHealthUI.exe\r\nGrantedAccess: 0x1000\r\nCallTrace: C:\\windows\\SYSTEM32\\ntdll.dll+9c534|C:\\windows\\SYSTEM32\\psmserviceexthost.dll+222a3|C:\\windows\\SYSTEM32\\psmserviceexthost.dll+37ea0|C:\\windows\\SYSTEM32\\psmserviceexthost.dll+37929|C:\\windows\\SYSTEM32\\psmserviceexthost.dll+686f8|C:\\windows\\SYSTEM32\\psmserviceexthost.dll+6e84a|C:\\windows\\SYSTEM32\\psmserviceexthost.dll+6f700|C:\\windows\\SYSTEM32\\psmserviceexthost.dll+34be4|C:\\windows\\SYSTEM32\\psmserviceexthost.dll+6f63e|C:\\windows\\SYSTEM32\\psmserviceexthost.dll+713b5|C:\\windows\\SYSTEM32\\psmserviceexthost.dll+50bda|C:\\windows\\SYSTEM32\\psmserviceexthost.dll+4500a|C:\\windows\\System32\\KERNEL32.DLL+17bd4|C:\\windows\\SYSTEM32\\ntdll.dll+6ce51","SourceModuleName":"eventlog","SourceThreadId":"1064","SourceName":"Microsoft-Windows-Sysmon","SourceProcessId":"884","SeverityValue":2,"tags":["mordorDataset"],"Channel":"Microsoft-Windows-Sysmon/Operational","ProviderGuid":"{5770385F-C22A-43E0-BF4C-06F5698FFBD9}","RuleName":"-","EventID":10,"RecordNumber":539972,"Hostname":"WORKSTATION5.theshire.local","SourceImage":"C:\\windows\\system32\\svchost.exe","ProcessId":"884","SourceModuleType":"im_msvistalog","Domain":"NT AUTHORITY","port":53997,"EventTime":"2020-08-05 03:48:48","Severity":"INFO","ExecutionProcessID":3484,"AccountName":"SYSTEM","OpcodeValue":0,"@timestamp":"2020-08-05T07:48:50.816Z","Task":10,"EventType":"INFO","EventReceivedTime":"2020-08-05 03:48:50","AccountType":"User"}
{"SourceProcessGUID":"{8715b604-0dea-5f2a-0e00-000000000400}","UtcTime":"2020-08-05 07:48:48.728","GrantedAccess":"0x1000","@version":"1","Keywords":-9223372036854775808,"ThreadID":4452,"TargetProcessId":"6244","UserID":"S-1-5-18","Version":3,"TargetProcessGUID":"{8715b604-2975-5f2a-9603-000000000400}","TargetImage":"C:\\Windows\\SystemApps\\InputApp_cw5n1h2txyewy\\WindowsInternal.ComposableShell.Experiences.TextInput.InputApp.exe","CallTrace":"C:\\windows\\SYSTEM32\\ntdll.dll+9c534|C:\\windows\\SYSTEM32\\psmserviceexthost.dll+222a3|C:\\windows\\SYSTEM32\\psmserviceexthost.dll+37ea0|C:\\windows\\SYSTEM32\\psmserviceexthost.dll+37929|C:\\windows\\SYSTEM32\\psmserviceexthost.dll+686f8|C:\\windows\\SYSTEM32\\psmserviceexthost.dll+6e84a|C:\\windows\\SYSTEM32\\psmserviceexthost.dll+6f700|C:\\windows\\SYSTEM32\\psmserviceexthost.dll+34be4|C:\\windows\\SYSTEM32\\psmserviceexthost.dll+6f63e|C:\\windows\\SYSTEM32\\psmserviceexthost.dll+713b5|C:\\windows\\SYSTEM32\\psmserviceexthost.dll+50bda|C:\\windows\\SYSTEM32\\psmserviceexthost.dll+4500a|C:\\windows\\System32\\KERNEL32.DLL+17bd4|C:\\windows\\SYSTEM32\\ntdll.dll+6ce51","host":"wec.internal.cloudapp.net","Message":"Process accessed:\r\nRuleName: -\r\nUtcTime: 2020-08-05 07:48:48.728\r\nSourceProcessGUID: {8715b604-0dea-5f2a-0e00-000000000400}\r\nSourceProcessId: 884\r\nSourceThreadId: 1064\r\nSourceImage: C:\\windows\\system32\\svchost.exe\r\nTargetProcessGUID: {8715b604-2975-5f2a-9603-000000000400}\r\nTargetProcessId: 6244\r\nTargetImage: C:\\Windows\\SystemApps\\InputApp_cw5n1h2txyewy\\WindowsInternal.ComposableShell.Experiences.TextInput.InputApp.exe\r\nGrantedAccess: 0x1000\r\nCallTrace: C:\\windows\\SYSTEM32\\ntdll.dll+9c534|C:\\windows\\SYSTEM32\\psmserviceexthost.dll+222a3|C:\\windows\\SYSTEM32\\psmserviceexthost.dll+37ea0|C:\\windows\\SYSTEM32\\psmserviceexthost.dll+37929|C:\\windows\\SYSTEM32\\psmserviceexthost.dll+686f8|C:\\windows\\SYSTEM32\\psmserviceexthost.dll+6e84a|C:\\windows\\SYSTEM32\\psmserviceexthost.dll+6f700|C:\\windows\\SYSTEM32\\psmserviceexthost.dll+34be4|C:\\windows\\SYSTEM32\\psmserviceexthost.dll+6f63e|C:\\windows\\SYSTEM32\\psmserviceexthost.dll+713b5|C:\\windows\\SYSTEM32\\psmserviceexthost.dll+50bda|C:\\windows\\SYSTEM32\\psmserviceexthost.dll+4500a|C:\\windows\\System32\\KERNEL32.DLL+17bd4|C:\\windows\\SYSTEM32\\ntdll.dll+6ce51","SourceModuleName":"eventlog","SourceThreadId":"1064","SourceName":"Microsoft-Windows-Sysmon","SourceProcessId":"884","SeverityValue":2,"tags":["mordorDataset"],"Channel":"Microsoft-Windows-Sysmon/Operational","ProviderGuid":"{5770385F-C22A-43E0-BF4C-06F5698FFBD9}","RuleName":"-","EventID":10,"RecordNumber":539973,"Hostname":"WORKSTATION5.theshire.local","SourceImage":"C:\\windows\\system32\\svchost.exe","ProcessId":"884","SourceModuleType":"im_msvistalog","Domain":"NT AUTHORITY","port":53997,"EventTime":"2020-08-05 03:48:48","Severity":"INFO","ExecutionProcessID":3484,"AccountName":"SYSTEM","OpcodeValue":0,"@timestamp":"2020-08-05T07:48:50.816Z","Task":10,"EventType":"INFO","EventReceivedTime":"2020-08-05 03:48:50","AccountType":"User"}
{"SourceProcessGUID":"{8715b604-63e8-5f2a-9b05-000000000400}","UtcTime":"2020-08-05 07:48:49.544","GrantedAccess":"0x100000","@version":"1","Keywords":-9223372036854775808,"ThreadID":4452,"TargetProcessId":"7004","UserID":"S-1-5-18","Version":3,"TargetProcessGUID":"{8715b604-63e8-5f2a-9c05-000000000400}","TargetImage":"C:\\windows\\winsxs\\amd64_microsoft-windows-servicingstack_31bf3856ad364e35_10.0.18362.957_none_5f2e9e6258ea82f2\\TiWorker.exe","CallTrace":"C:\\windows\\SYSTEM32\\ntdll.dll+9c534|C:\\windows\\System32\\KERNELBASE.dll+2726e|C:\\windows\\System32\\combase.dll+b7d02|C:\\windows\\servicing\\TrustedInstaller.exe+4a18|C:\\windows\\servicing\\TrustedInstaller.exe+212c|C:\\windows\\servicing\\TrustedInstaller.exe+2c88|C:\\windows\\System32\\sechost.dll+2de2|C:\\windows\\System32\\KERNEL32.DLL+17bd4|C:\\windows\\SYSTEM32\\ntdll.dll+6ce51","host":"wec.internal.cloudapp.net","Message":"Process accessed:\r\nRuleName: -\r\nUtcTime: 2020-08-05 07:48:49.544\r\nSourceProcessGUID: {8715b604-63e8-5f2a-9b05-000000000400}\r\nSourceProcessId: 7328\r\nSourceThreadId: 9200\r\nSourceImage: C:\\windows\\servicing\\TrustedInstaller.exe\r\nTargetProcessGUID: {8715b604-63e8-5f2a-9c05-000000000400}\r\nTargetProcessId: 7004\r\nTargetImage: C:\\windows\\winsxs\\amd64_microsoft-windows-servicingstack_31bf3856ad364e35_10.0.18362.957_none_5f2e9e6258ea82f2\\TiWorker.exe\r\nGrantedAccess: 0x100000\r\nCallTrace: C:\\windows\\SYSTEM32\\ntdll.dll+9c534|C:\\windows\\System32\\KERNELBASE.dll+2726e|C:\\windows\\System32\\combase.dll+b7d02|C:\\windows\\servicing\\TrustedInstaller.exe+4a18|C:\\windows\\servicing\\TrustedInstaller.exe+212c|C:\\windows\\servicing\\TrustedInstaller.exe+2c88|C:\\windows\\System32\\sechost.dll+2de2|C:\\windows\\System32\\KERNEL32.DLL+17bd4|C:\\windows\\SYSTEM32\\ntdll.dll+6ce51","SourceModuleName":"eventlog","SourceThreadId":"9200","SourceName":"Microsoft-Windows-Sysmon","SourceProcessId":"7328","SeverityValue":2,"tags":["mordorDataset"],"Channel":"Microsoft-Windows-Sysmon/Operational","ProviderGuid":"{5770385F-C22A-43E0-BF4C-06F5698FFBD9}","RuleName":"-","EventID":10,"RecordNumber":539974,"Hostname":"WORKSTATION5.theshire.local","SourceImage":"C:\\windows\\servicing\\TrustedInstaller.exe","ProcessId":"7328","SourceModuleType":"im_msvistalog","Domain":"NT AUTHORITY","port":53997,"EventTime":"2020-08-05 03:48:49","Severity":"INFO","ExecutionProcessID":3484,"AccountName":"SYSTEM","OpcodeValue":0,"@timestamp":"2020-08-05T07:48:50.816Z","Task":10,"EventType":"INFO","EventReceivedTime":"2020-08-05 03:48:50","AccountType":"User"}
{"UtcTime":"2020-08-05 07:48:49.564","@version":"1","Keywords":-9223372036854775808,"ThreadID":4452,"UserID":"S-1-5-18","Version":3,"host":"wec.internal.cloudapp.net","Message":"Process terminated:\r\nRuleName: -\r\nUtcTime: 2020-08-05 07:48:49.564\r\nProcessGuid: {8715b604-63e8-5f2a-9c05-000000000400}\r\nProcessId: 7004\r\nImage: C:\\Windows\\WinSxS\\amd64_microsoft-windows-servicingstack_31bf3856ad364e35_10.0.18362.957_none_5f2e9e6258ea82f2\\TiWorker.exe","SourceModuleName":"eventlog","ProcessGuid":"{8715b604-63e8-5f2a-9c05-000000000400}","SourceName":"Microsoft-Windows-Sysmon","SeverityValue":2,"tags":["mordorDataset"],"Channel":"Microsoft-Windows-Sysmon/Operational","ProviderGuid":"{5770385F-C22A-43E0-BF4C-06F5698FFBD9}","RuleName":"-","EventID":5,"RecordNumber":539975,"Hostname":"WORKSTATION5.theshire.local","ProcessId":"7004","SourceModuleType":"im_msvistalog","Domain":"NT AUTHORITY","port":53997,"EventTime":"2020-08-05 03:48:49","Severity":"INFO","ExecutionProcessID":3484,"AccountName":"SYSTEM","OpcodeValue":0,"@timestamp":"2020-08-05T07:48:50.817Z","Task":5,"EventType":"INFO","EventReceivedTime":"2020-08-05 03:48:50","Image":"C:\\Windows\\WinSxS\\amd64_microsoft-windows-servicingstack_31bf3856ad364e35_10.0.18362.957_none_5f2e9e6258ea82f2\\TiWorker.exe","AccountType":"User"}
{"UtcTime":"2020-08-05 07:48:49.564","@version":"1","Keywords":-9223372036854775808,"EventTypeOrignal":"INFO","ThreadID":4452,"UserID":"S-1-5-18","Version":2,"host":"wec.internal.cloudapp.net","Message":"Registry object added or deleted:\r\nRuleName: -\r\nEventType: DeleteKey\r\nUtcTime: 2020-08-05 07:48:49.564\r\nProcessGuid: {8715b604-63e8-5f2a-9b05-000000000400}\r\nProcessId: 7328\r\nImage: C:\\windows\\servicing\\TrustedInstaller.exe\r\nTargetObject: HKLM\\SOFTWARE\\Microsoft\\Windows\\CurrentVersion\\Component Based Servicing\\TiRunning","SourceModuleName":"eventlog","ProcessGuid":"{8715b604-63e8-5f2a-9b05-000000000400}","SourceName":"Microsoft-Windows-Sysmon","SeverityValue":2,"tags":["mordorDataset"],"Channel":"Microsoft-Windows-Sysmon/Operational","ProviderGuid":"{5770385F-C22A-43E0-BF4C-06F5698FFBD9}","RuleName":"-","EventID":12,"RecordNumber":539976,"TargetObject":"HKLM\\SOFTWARE\\Microsoft\\Windows\\CurrentVersion\\Component Based Servicing\\TiRunning","Hostname":"WORKSTATION5.theshire.local","ProcessId":"7328","SourceModuleType":"im_msvistalog","Domain":"NT AUTHORITY","port":53997,"EventTime":"2020-08-05 03:48:49","Severity":"INFO","ExecutionProcessID":3484,"AccountName":"SYSTEM","OpcodeValue":0,"@timestamp":"2020-08-05T07:48:50.817Z","Task":12,"EventType":"DeleteKey","EventReceivedTime":"2020-08-05 03:48:50","Image":"C:\\windows\\servicing\\TrustedInstaller.exe","AccountType":"User"}
{"UtcTime":"2020-08-05 07:48:49.564","@version":"1","Keywords":-9223372036854775808,"ThreadID":4452,"UserID":"S-1-5-18","Version":3,"host":"wec.internal.cloudapp.net","Message":"Process terminated:\r\nRuleName: -\r\nUtcTime: 2020-08-05 07:48:49.564\r\nProcessGuid: {8715b604-63e8-5f2a-9b05-000000000400}\r\nProcessId: 7328\r\nImage: C:\\Windows\\servicing\\TrustedInstaller.exe","SourceModuleName":"eventlog","ProcessGuid":"{8715b604-63e8-5f2a-9b05-000000000400}","SourceName":"Microsoft-Windows-Sysmon","SeverityValue":2,"tags":["mordorDataset"],"Channel":"Microsoft-Windows-Sysmon/Operational","ProviderGuid":"{5770385F-C22A-43E0-BF4C-06F5698FFBD9}","RuleName":"-","EventID":5,"RecordNumber":539977,"Hostname":"WORKSTATION5.theshire.local","ProcessId":"7328","SourceModuleType":"im_msvistalog","Domain":"NT AUTHORITY","port":53997,"EventTime":"2020-08-05 03:48:49","Severity":"INFO","ExecutionProcessID":3484,"AccountName":"SYSTEM","OpcodeValue":0,"@timestamp":"2020-08-05T07:48:50.817Z","Task":5,"EventType":"INFO","EventReceivedTime":"2020-08-05 03:48:50","Image":"C:\\Windows\\servicing\\TrustedInstaller.exe","AccountType":"User"}
{"@version":"1","ThreadID":4256,"UserID":"S-1-5-18","Version":3,"Message":"Image loaded:\r\nRuleName: -\r\nUtcTime: 2020-08-05 07:48:49.435\r\nProcessGuid: {2b437147-0c3a-5f2a-a900-000000000400}\r\nProcessId: 3120\r\nImage: C:\\Windows\\System32\\svchost.exe\r\nImageLoaded: C:\\Windows\\System32\\perfctrs.dll\r\nFileVersion: 10.0.17763.1 (WinBuild.160101.0800)\r\nDescription: Performance Counters\r\nProduct: Microsoft Windows Operating System\r\nCompany: Microsoft Corporation\r\nOriginalFileName: PERFCTRS.DLL\r\nHashes: SHA1=F81D76B9C3499F8712FA6398554C10D389103930,MD5=27EAC9BA127C20BEEBF0BE4179ECC380,SHA256=28A8E73239C7556FD420A5A09A05CBD04C38230E0CBEAEF7D6874135261221EE,IMPHASH=E8B7A8ECDACB5ADA645B4DF7BF877CFE\r\nSigned: true\r\nSignature: Microsoft Windows\r\nSignatureStatus: Valid","ProcessGuid":"{2b437147-0c3a-5f2a-a900-000000000400}","SourceName":"Microsoft-Windows-Sysmon","Hashes":"SHA1=F81D76B9C3499F8712FA6398554C10D389103930,MD5=27EAC9BA127C20BEEBF0BE4179ECC380,SHA256=28A8E73239C7556FD420A5A09A05CBD04C38230E0CBEAEF7D6874135261221EE,IMPHASH=E8B7A8ECDACB5ADA645B4DF7BF877CFE","Signature":"Microsoft Windows","tags":["mordorDataset"],"RuleName":"-","ProviderGuid":"{5770385F-C22A-43E0-BF4C-06F5698FFBD9}","EventID":7,"RecordNumber":366512,"Hostname":"MORDORDC.theshire.local","SourceModuleType":"im_msvistalog","Signed":"true","ExecutionProcessID":3868,"AccountName":"SYSTEM","OpcodeValue":0,"EventType":"INFO","FileVersion":"10.0.17763.1 (WinBuild.160101.0800)","Image":"C:\\Windows\\System32\\svchost.exe","AccountType":"User","UtcTime":"2020-08-05 07:48:49.435","Keywords":-9223372036854775808,"OriginalFileName":"PERFCTRS.DLL","host":"wec.internal.cloudapp.net","SourceModuleName":"eventlog","SeverityValue":2,"SignatureStatus":"Valid","Channel":"Microsoft-Windows-Sysmon/Operational","Description":"Performance Counters","ProcessId":"3120","Domain":"NT AUTHORITY","port":53997,"Company":"Microsoft Corporation","EventTime":"2020-08-05 03:48:49","Severity":"INFO","Product":"Microsoft Windows Operating System","@timestamp":"2020-08-05T07:48:50.817Z","Task":7,"ImageLoaded":"C:\\Windows\\System32\\perfctrs.dll","EventReceivedTime":"2020-08-05 03:48:50"}
{"@version":"1","ThreadID":4256,"UserID":"S-1-5-18","Version":3,"Message":"Image loaded:\r\nRuleName: -\r\nUtcTime: 2020-08-05 07:48:49.455\r\nProcessGuid: {2b437147-0c3a-5f2a-a900-000000000400}\r\nProcessId: 3120\r\nImage: C:\\Windows\\System32\\svchost.exe\r\nImageLoaded: C:\\Windows\\System32\\perfctrs.dll\r\nFileVersion: 10.0.17763.1 (WinBuild.160101.0800)\r\nDescription: Performance Counters\r\nProduct: Microsoft Windows Operating System\r\nCompany: Microsoft Corporation\r\nOriginalFileName: PERFCTRS.DLL\r\nHashes: SHA1=F81D76B9C3499F8712FA6398554C10D389103930,MD5=27EAC9BA127C20BEEBF0BE4179ECC380,SHA256=28A8E73239C7556FD420A5A09A05CBD04C38230E0CBEAEF7D6874135261221EE,IMPHASH=E8B7A8ECDACB5ADA645B4DF7BF877CFE\r\nSigned: true\r\nSignature: Microsoft Windows\r\nSignatureStatus: Valid","ProcessGuid":"{2b437147-0c3a-5f2a-a900-000000000400}","SourceName":"Microsoft-Windows-Sysmon","Hashes":"SHA1=F81D76B9C3499F8712FA6398554C10D389103930,MD5=27EAC9BA127C20BEEBF0BE4179ECC380,SHA256=28A8E73239C7556FD420A5A09A05CBD04C38230E0CBEAEF7D6874135261221EE,IMPHASH=E8B7A8ECDACB5ADA645B4DF7BF877CFE","Signature":"Microsoft Windows","tags":["mordorDataset"],"RuleName":"-","ProviderGuid":"{5770385F-C22A-43E0-BF4C-06F5698FFBD9}","EventID":7,"RecordNumber":366513,"Hostname":"MORDORDC.theshire.local","SourceModuleType":"im_msvistalog","Signed":"true","ExecutionProcessID":3868,"AccountName":"SYSTEM","OpcodeValue":0,"EventType":"INFO","FileVersion":"10.0.17763.1 (WinBuild.160101.0800)","Image":"C:\\Windows\\System32\\svchost.exe","AccountType":"User","UtcTime":"2020-08-05 07:48:49.455","Keywords":-9223372036854775808,"OriginalFileName":"PERFCTRS.DLL","host":"wec.internal.cloudapp.net","SourceModuleName":"eventlog","SeverityValue":2,"SignatureStatus":"Valid","Channel":"Microsoft-Windows-Sysmon/Operational","Description":"Performance Counters","ProcessId":"3120","Domain":"NT AUTHORITY","port":53997,"Company":"Microsoft Corporation","EventTime":"2020-08-05 03:48:49","Severity":"INFO","Product":"Microsoft Windows Operating System","@timestamp":"2020-08-05T07:48:50.817Z","Task":7,"ImageLoaded":"C:\\Windows\\System32\\perfctrs.dll","EventReceivedTime":"2020-08-05 03:48:50"}
{"@version":"1","ThreadID":4256,"UserID":"S-1-5-18","Version":3,"Message":"Image loaded:\r\nRuleName: -\r\nUtcTime: 2020-08-05 07:48:49.466\r\nProcessGuid: {2b437147-0c3a-5f2a-a900-000000000400}\r\nProcessId: 3120\r\nImage: C:\\Windows\\System32\\svchost.exe\r\nImageLoaded: C:\\Windows\\System32\\perfctrs.dll\r\nFileVersion: 10.0.17763.1 (WinBuild.160101.0800)\r\nDescription: Performance Counters\r\nProduct: Microsoft Windows Operating System\r\nCompany: Microsoft Corporation\r\nOriginalFileName: PERFCTRS.DLL\r\nHashes: SHA1=F81D76B9C3499F8712FA6398554C10D389103930,MD5=27EAC9BA127C20BEEBF0BE4179ECC380,SHA256=28A8E73239C7556FD420A5A09A05CBD04C38230E0CBEAEF7D6874135261221EE,IMPHASH=E8B7A8ECDACB5ADA645B4DF7BF877CFE\r\nSigned: true\r\nSignature: Microsoft Windows\r\nSignatureStatus: Valid","ProcessGuid":"{2b437147-0c3a-5f2a-a900-000000000400}","SourceName":"Microsoft-Windows-Sysmon","Hashes":"SHA1=F81D76B9C3499F8712FA6398554C10D389103930,MD5=27EAC9BA127C20BEEBF0BE4179ECC380,SHA256=28A8E73239C7556FD420A5A09A05CBD04C38230E0CBEAEF7D6874135261221EE,IMPHASH=E8B7A8ECDACB5ADA645B4DF7BF877CFE","Signature":"Microsoft Windows","tags":["mordorDataset"],"RuleName":"-","ProviderGuid":"{5770385F-C22A-43E0-BF4C-06F5698FFBD9}","EventID":7,"RecordNumber":366514,"Hostname":"MORDORDC.theshire.local","SourceModuleType":"im_msvistalog","Signed":"true","ExecutionProcessID":3868,"AccountName":"SYSTEM","OpcodeValue":0,"EventType":"INFO","FileVersion":"10.0.17763.1 (WinBuild.160101.0800)","Image":"C:\\Windows\\System32\\svchost.exe","AccountType":"User","UtcTime":"2020-08-05 07:48:49.466","Keywords":-9223372036854775808,"OriginalFileName":"PERFCTRS.DLL","host":"wec.internal.cloudapp.net","SourceModuleName":"eventlog","SeverityValue":2,"SignatureStatus":"Valid","Channel":"Microsoft-Windows-Sysmon/Operational","Description":"Performance Counters","ProcessId":"3120","Domain":"NT AUTHORITY","port":53997,"Company":"Microsoft Corporation","EventTime":"2020-08-05 03:48:49","Severity":"INFO","Product":"Microsoft Windows Operating System","@timestamp":"2020-08-05T07:48:50.817Z","Task":7,"ImageLoaded":"C:\\Windows\\System32\\perfctrs.dll","EventReceivedTime":"2020-08-05 03:48:50"}
{"UtcTime":"2020-08-05 07:48:50.257","@version":"1","Keywords":-9223372036854775808,"ThreadID":4256,"UserID":"S-1-5-18","Version":2,"host":"wec.internal.cloudapp.net","Message":"RawAccessRead detected:\r\nRuleName: -\r\nUtcTime: 2020-08-05 07:48:50.257\r\nProcessGuid: {2b437147-0bab-5f2a-0c00-000000000400}\r\nProcessId: 704\r\nImage: C:\\Windows\\System32\\lsass.exe\r\nDevice: \\Device\\HarddiskVolume1","SourceModuleName":"eventlog","ProcessGuid":"{2b437147-0bab-5f2a-0c00-000000000400}","SourceName":"Microsoft-Windows-Sysmon","SeverityValue":2,"tags":["mordorDataset"],"Channel":"Microsoft-Windows-Sysmon/Operational","ProviderGuid":"{5770385F-C22A-43E0-BF4C-06F5698FFBD9}","RuleName":"-","EventID":9,"RecordNumber":366515,"Device":"\\Device\\HarddiskVolume1","Hostname":"MORDORDC.theshire.local","ProcessId":"704","SourceModuleType":"im_msvistalog","Domain":"NT AUTHORITY","port":53997,"EventTime":"2020-08-05 03:48:50","Severity":"INFO","ExecutionProcessID":3868,"AccountName":"SYSTEM","OpcodeValue":0,"@timestamp":"2020-08-05T07:48:50.817Z","Task":9,"EventType":"INFO","EventReceivedTime":"2020-08-05 03:48:50","Image":"C:\\Windows\\System32\\lsass.exe","AccountType":"User"}
{"UtcTime":"2020-08-05 07:48:50.257","@version":"1","Keywords":-9223372036854775808,"ThreadID":4256,"UserID":"S-1-5-18","Version":2,"host":"wec.internal.cloudapp.net","Message":"RawAccessRead detected:\r\nRuleName: -\r\nUtcTime: 2020-08-05 07:48:50.257\r\nProcessGuid: {2b437147-0bab-5f2a-0c00-000000000400}\r\nProcessId: 704\r\nImage: C:\\Windows\\System32\\lsass.exe\r\nDevice: \\Device\\HarddiskVolume1","SourceModuleName":"eventlog","ProcessGuid":"{2b437147-0bab-5f2a-0c00-000000000400}","SourceName":"Microsoft-Windows-Sysmon","SeverityValue":2,"tags":["mordorDataset"],"Channel":"Microsoft-Windows-Sysmon/Operational","ProviderGuid":"{5770385F-C22A-43E0-BF4C-06F5698FFBD9}","RuleName":"-","EventID":9,"RecordNumber":366516,"Device":"\\Device\\HarddiskVolume1","Hostname":"MORDORDC.theshire.local","ProcessId":"704","SourceModuleType":"im_msvistalog","Domain":"NT AUTHORITY","port":53997,"EventTime":"2020-08-05 03:48:50","Severity":"INFO","ExecutionProcessID":3868,"AccountName":"SYSTEM","OpcodeValue":0,"@timestamp":"2020-08-05T07:48:50.818Z","Task":9,"EventType":"INFO","EventReceivedTime":"2020-08-05 03:48:50","Image":"C:\\Windows\\System32\\lsass.exe","AccountType":"User"}
{"UtcTime":"2020-08-05 07:48:50.257","@version":"1","Keywords":-9223372036854775808,"EventTypeOrignal":"INFO","ThreadID":4256,"UserID":"S-1-5-18","Version":1,"host":"wec.internal.cloudapp.net","Message":"Pipe Connected:\r\nRuleName: -\r\nEventType: ConnectPipe\r\nUtcTime: 2020-08-05 07:48:50.257\r\nProcessGuid: {2b437147-0ba4-5f2a-0100-000000000400}\r\nProcessId: 4\r\nPipeName: \\ntsvcs\r\nImage: System","SourceModuleName":"eventlog","ProcessGuid":"{2b437147-0ba4-5f2a-0100-000000000400}","PipeName":"\\ntsvcs","SourceName":"Microsoft-Windows-Sysmon","SeverityValue":2,"tags":["mordorDataset"],"Channel":"Microsoft-Windows-Sysmon/Operational","ProviderGuid":"{5770385F-C22A-43E0-BF4C-06F5698FFBD9}","RuleName":"-","EventID":18,"RecordNumber":366517,"Hostname":"MORDORDC.theshire.local","ProcessId":"4","SourceModuleType":"im_msvistalog","Domain":"NT AUTHORITY","port":53997,"EventTime":"2020-08-05 03:48:50","Severity":"INFO","ExecutionProcessID":3868,"AccountName":"SYSTEM","OpcodeValue":0,"@timestamp":"2020-08-05T07:48:50.818Z","Task":18,"EventType":"ConnectPipe","EventReceivedTime":"2020-08-05 03:48:50","Image":"System","AccountType":"User"}
{"SubjectUserSid":"S-1-5-18","@version":"1","Keywords":-9214364837600034816,"ThreadID":4720,"Version":0,"host":"wec.internal.cloudapp.net","Message":"A process has exited.\r\n\r\nSubject:\r\n\tSecurity ID:\t\tS-1-5-18\r\n\tAccount Name:\t\tWORKSTATION5$\r\n\tAccount Domain:\t\tTHESHIRE\r\n\tLogon ID:\t\t0x3E7\r\n\r\nProcess Information:\r\n\tProcess ID:\t0x1b5c\r\n\tProcess Name:\tC:\\Windows\\WinSxS\\amd64_microsoft-windows-servicingstack_31bf3856ad364e35_10.0.18362.957_none_5f2e9e6258ea82f2\\TiWorker.exe\r\n\tExit Status:\t0x0","SourceModuleName":"eventlog","SourceName":"Microsoft-Windows-Security-Auditing","SubjectLogonId":"0x3e7","SeverityValue":2,"tags":["mordorDataset"],"Channel":"Security","ProviderGuid":"{54849625-5478-4994-A5BA-3E3B0328C30D}","EventID":4689,"RecordNumber":117361,"Hostname":"WORKSTATION5.theshire.local","Category":"Process Termination","Opcode":"Info","SubjectDomainName":"THESHIRE","Status":"0x0","SourceModuleType":"im_msvistalog","ProcessId":"0x1b5c","port":53997,"EventTime":"2020-08-05 03:48:49","Severity":"INFO","ExecutionProcessID":4,"OpcodeValue":0,"@timestamp":"2020-08-05T07:48:50.818Z","Task":13313,"EventType":"AUDIT_SUCCESS","SubjectUserName":"WORKSTATION5$","ProcessName":"C:\\Windows\\WinSxS\\amd64_microsoft-windows-servicingstack_31bf3856ad364e35_10.0.18362.957_none_5f2e9e6258ea82f2\\TiWorker.exe","EventReceivedTime":"2020-08-05 03:48:50"}
{"SubjectUserSid":"S-1-5-18","@version":"1","Keywords":-9214364837600034816,"ThreadID":4720,"Version":0,"host":"wec.internal.cloudapp.net","Message":"A process has exited.\r\n\r\nSubject:\r\n\tSecurity ID:\t\tS-1-5-18\r\n\tAccount Name:\t\tWORKSTATION5$\r\n\tAccount Domain:\t\tTHESHIRE\r\n\tLogon ID:\t\t0x3E7\r\n\r\nProcess Information:\r\n\tProcess ID:\t0x1ca0\r\n\tProcess Name:\tC:\\Windows\\servicing\\TrustedInstaller.exe\r\n\tExit Status:\t0x0","SourceModuleName":"eventlog","SourceName":"Microsoft-Windows-Security-Auditing","SubjectLogonId":"0x3e7","SeverityValue":2,"tags":["mordorDataset"],"Channel":"Security","ProviderGuid":"{54849625-5478-4994-A5BA-3E3B0328C30D}","EventID":4689,"RecordNumber":117362,"Hostname":"WORKSTATION5.theshire.local","Category":"Process Termination","Opcode":"Info","SubjectDomainName":"THESHIRE","Status":"0x0","SourceModuleType":"im_msvistalog","ProcessId":"0x1ca0","port":53997,"EventTime":"2020-08-05 03:48:49","Severity":"INFO","ExecutionProcessID":4,"OpcodeValue":0,"@timestamp":"2020-08-05T07:48:50.818Z","Task":13313,"EventType":"AUDIT_SUCCESS","SubjectUserName":"WORKSTATION5$","ProcessName":"C:\\Windows\\servicing\\TrustedInstaller.exe","EventReceivedTime":"2020-08-05 03:48:50"}
{"@version":"1","Keywords":-9214364837600034816,"ThreadID":2036,"Version":0,"host":"wec.internal.cloudapp.net","LayerRTID":"36","Message":"The Windows Filtering Platform has permitted a bind to a local port.\r\n\r\nApplication Information:\r\n\tProcess ID:\t\t4\r\n\tApplication Name:\tSystem\r\n\r\nNetwork Information:\r\n\tSource Address:\t\t0.0.0.0\r\n\tSource Port:\t\t60338\r\n\tProtocol:\t\t6\r\n\r\nFilter Information:\r\n\tFilter Run-Time ID:\t0\r\n\tLayer Name:\t\tResource Assignment\r\n\tLayer Run-Time ID:\t36","SourceModuleName":"eventlog","SourceName":"Microsoft-Windows-Security-Auditing","SeverityValue":2,"LayerName":"%%14608","tags":["mordorDataset"],"Channel":"Security","ProviderGuid":"{54849625-5478-4994-A5BA-3E3B0328C30D}","EventID":5158,"RecordNumber":117363,"Hostname":"WORKSTATION5.theshire.local","Category":"Filtering Platform Connection","Opcode":"Info","Protocol":"6","ProcessId":"4","SourceModuleType":"im_msvistalog","port":53997,"Application":"System","EventTime":"2020-08-05 03:48:50","SourcePort":"60338","Severity":"INFO","ExecutionProcessID":4,"SourceAddress":"0.0.0.0","OpcodeValue":0,"@timestamp":"2020-08-05T07:48:50.819Z","Task":12810,"EventType":"AUDIT_SUCCESS","EventReceivedTime":"2020-08-05 03:48:50","FilterRTID":"0"}
{"@version":"1","Keywords":-9214364837600034816,"ThreadID":2036,"Version":1,"DestAddress":"172.18.38.5","host":"wec.internal.cloudapp.net","LayerRTID":"48","Message":"The Windows Filtering Platform has permitted a connection.\r\n\r\nApplication Information:\r\n\tProcess ID:\t\t4\r\n\tApplication Name:\tSystem\r\n\r\nNetwork Information:\r\n\tDirection:\t\tOutbound\r\n\tSource Address:\t\t172.18.39.5\r\n\tSource Port:\t\t60338\r\n\tDestination Address:\t172.18.38.5\r\n\tDestination Port:\t\t445\r\n\tProtocol:\t\t6\r\n\r\nFilter Information:\r\n\tFilter Run-Time ID:\t68775\r\n\tLayer Name:\t\tConnect\r\n\tLayer Run-Time ID:\t48","SourceModuleName":"eventlog","SourceName":"Microsoft-Windows-Security-Auditing","SeverityValue":2,"LayerName":"%%14611","tags":["mordorDataset"],"Channel":"Security","ProviderGuid":"{54849625-5478-4994-A5BA-3E3B0328C30D}","EventID":5156,"RecordNumber":117364,"Hostname":"WORKSTATION5.theshire.local","Category":"Filtering Platform Connection","Opcode":"Info","Protocol":"6","ProcessId":"4","SourceModuleType":"im_msvistalog","port":53997,"Application":"System","EventTime":"2020-08-05 03:48:50","RemoteUserID":"S-1-0-0","SourcePort":"60338","Severity":"INFO","ExecutionProcessID":4,"SourceAddress":"172.18.39.5","OpcodeValue":0,"@timestamp":"2020-08-05T07:48:50.819Z","Task":12810,"DestPort":"445","EventType":"AUDIT_SUCCESS","EventReceivedTime":"2020-08-05 03:48:50","Direction":"%%14593","RemoteMachineID":"S-1-0-0","FilterRTID":"68775"}
{"@version":"1","Keywords":-9214364837600034816,"ThreadID":10060,"Version":0,"host":"wec.internal.cloudapp.net","LayerRTID":"36","Message":"The Windows Filtering Platform has permitted a bind to a local port.\r\n\r\nApplication Information:\r\n\tProcess ID:\t\t760\r\n\tApplication Name:\t\\device\\harddiskvolume2\\windows\\system32\\lsass.exe\r\n\r\nNetwork Information:\r\n\tSource Address:\t\t0.0.0.0\r\n\tSource Port:\t\t60339\r\n\tProtocol:\t\t6\r\n\r\nFilter Information:\r\n\tFilter Run-Time ID:\t0\r\n\tLayer Name:\t\tResource Assignment\r\n\tLayer Run-Time ID:\t36","SourceModuleName":"eventlog","SourceName":"Microsoft-Windows-Security-Auditing","SeverityValue":2,"LayerName":"%%14608","tags":["mordorDataset"],"Channel":"Security","ProviderGuid":"{54849625-5478-4994-A5BA-3E3B0328C30D}","EventID":5158,"RecordNumber":117365,"Hostname":"WORKSTATION5.theshire.local","Category":"Filtering Platform Connection","Opcode":"Info","Protocol":"6","ProcessId":"760","SourceModuleType":"im_msvistalog","port":53997,"Application":"\\device\\harddiskvolume2\\windows\\system32\\lsass.exe","EventTime":"2020-08-05 03:48:50","SourcePort":"60339","Severity":"INFO","ExecutionProcessID":4,"SourceAddress":"0.0.0.0","OpcodeValue":0,"@timestamp":"2020-08-05T07:48:50.819Z","Task":12810,"EventType":"AUDIT_SUCCESS","EventReceivedTime":"2020-08-05 03:48:50","FilterRTID":"0"}
{"@version":"1","Keywords":-9214364837600034816,"ThreadID":10060,"Version":1,"DestAddress":"172.18.38.5","host":"wec.internal.cloudapp.net","LayerRTID":"48","Message":"The Windows Filtering Platform has permitted a connection.\r\n\r\nApplication Information:\r\n\tProcess ID:\t\t760\r\n\tApplication Name:\t\\device\\harddiskvolume2\\windows\\system32\\lsass.exe\r\n\r\nNetwork Information:\r\n\tDirection:\t\tOutbound\r\n\tSource Address:\t\t172.18.39.5\r\n\tSource Port:\t\t60339\r\n\tDestination Address:\t172.18.38.5\r\n\tDestination Port:\t\t88\r\n\tProtocol:\t\t6\r\n\r\nFilter Information:\r\n\tFilter Run-Time ID:\t68775\r\n\tLayer Name:\t\tConnect\r\n\tLayer Run-Time ID:\t48","SourceModuleName":"eventlog","SourceName":"Microsoft-Windows-Security-Auditing","SeverityValue":2,"LayerName":"%%14611","tags":["mordorDataset"],"Channel":"Security","ProviderGuid":"{54849625-5478-4994-A5BA-3E3B0328C30D}","EventID":5156,"RecordNumber":117366,"Hostname":"WORKSTATION5.theshire.local","Category":"Filtering Platform Connection","Opcode":"Info","Protocol":"6","ProcessId":"760","SourceModuleType":"im_msvistalog","port":53997,"Application":"\\device\\harddiskvolume2\\windows\\system32\\lsass.exe","EventTime":"2020-08-05 03:48:50","RemoteUserID":"S-1-0-0","SourcePort":"60339","Severity":"INFO","ExecutionProcessID":4,"SourceAddress":"172.18.39.5","OpcodeValue":0,"@timestamp":"2020-08-05T07:48:50.819Z","Task":12810,"DestPort":"88","EventType":"AUDIT_SUCCESS","EventReceivedTime":"2020-08-05 03:48:50","Direction":"%%14593","RemoteMachineID":"S-1-0-0","FilterRTID":"68775"}
