{"Keywords":-9223372036854775808,"SeverityValue":2,"TargetObject":"\\REGISTRY\\A\\{fb57a6dd-6b5c-0658-4825-36826d1afbbb}\\DeliveryOptimization\\Swarms\\95D2EE60-C9D3-45E4-876D-BAE16D758A87_16_0_13127_20408_STREAM_X86_EN_US\\ExpireAtTimeFT","EventTypeOrignal":"INFO","EventID":13,"ProviderGuid":"{5770385F-C22A-43E0-BF4C-06F5698FFBD9}","ExecutionProcessID":3228,"host":"wec.internal.cloudapp.net","Channel":"Microsoft-Windows-Sysmon/Operational","UserID":"S-1-5-18","AccountType":"User","ThreadID":4288,"ProcessGuid":"{b34bc01c-8526-5f63-2103-000000000400}","Details":"QWORD (0x01d68f65-0x726c6c45)","EventReceivedTime":"2020-09-17 17:31:53","Opcode":"Info","EventTime":"2020-09-17 17:31:51","Message":"Registry value set:\r\nRuleName: -\r\nEventType: SetValue\r\nUtcTime: 2020-09-17 21:31:51.320\r\nProcessGuid: {b34bc01c-8526-5f63-2103-000000000400}\r\nProcessId: 2448\r\nImage: C:\\windows\\System32\\svchost.exe\r\nTargetObject: \\REGISTRY\\A\\{fb57a6dd-6b5c-0658-4825-36826d1afbbb}\\DeliveryOptimization\\Swarms\\95D2EE60-C9D3-45E4-876D-BAE16D758A87_16_0_13127_20408_STREAM_X86_EN_US\\ExpireAtTimeFT\r\nDetails: QWORD (0x01d68f65-0x726c6c45)","ProcessId":"2448","EventType":"SetValue","@timestamp":"2020-09-17T21:31:53.133Z","SourceModuleType":"im_msvistalog","port":64545,"AccountName":"SYSTEM","RecordNumber":636782,"Task":13,"Domain":"NT AUTHORITY","@version":"1","OpcodeValue":0,"SourceModuleName":"eventlog","Severity":"INFO","SourceName":"Microsoft-Windows-Sysmon","Version":2,"Image":"C:\\windows\\System32\\svchost.exe","Category":"Registry value set (rule: RegistryEvent)","UtcTime":"2020-09-17 21:31:51.320","Hostname":"WORKSTATION5.theshire.local","RuleName":"-","tags":["mordorDataset"]}
{"Keywords":-9223372036854775808,"SeverityValue":2,"TargetObject":"\\REGISTRY\\A\\{fb57a6dd-6b5c-0658-4825-36826d1afbbb}\\DeliveryOptimization\\Swarms\\95D2EE60-C9D3-45E4-876D-BAE16D758A87_16_0_13127_20408_STREAM_X86_EN_US\\ExpireAtOverride","EventTypeOrignal":"INFO","EventID":13,"ProviderGuid":"{5770385F-C22A-43E0-BF4C-06F5698FFBD9}","ExecutionProcessID":3228,"host":"wec.internal.cloudapp.net","Channel":"Microsoft-Windows-Sysmon/Operational","UserID":"S-1-5-18","AccountType":"User","ThreadID":4288,"ProcessGuid":"{b34bc01c-8526-5f63-2103-000000000400}","Details":"DWORD (0x00000000)","EventReceivedTime":"2020-09-17 17:31:53","Opcode":"Info","EventTime":"2020-09-17 17:31:51","Message":"Registry value set:\r\nRuleName: -\r\nEventType: SetValue\r\nUtcTime: 2020-09-17 21:31:51.320\r\nProcessGuid: {b34bc01c-8526-5f63-2103-000000000400}\r\nProcessId: 2448\r\nImage: C:\\windows\\System32\\svchost.exe\r\nTargetObject: \\REGISTRY\\A\\{fb57a6dd-6b5c-0658-4825-36826d1afbbb}\\DeliveryOptimization\\Swarms\\95D2EE60-C9D3-45E4-876D-BAE16D758A87_16_0_13127_20408_STREAM_X86_EN_US\\ExpireAtOverride\r\nDetails: DWORD (0x00000000)","ProcessId":"2448","EventType":"SetValue","@timestamp":"2020-09-17T21:31:53.133Z","SourceModuleType":"im_msvistalog","port":64545,"AccountName":"SYSTEM","RecordNumber":636783,"Task":13,"Domain":"NT AUTHORITY","@version":"1","OpcodeValue":0,"SourceModuleName":"eventlog","Severity":"INFO","SourceName":"Microsoft-Windows-Sysmon","Version":2,"Image":"C:\\windows\\System32\\svchost.exe","Category":"Registry value set (rule: RegistryEvent)","UtcTime":"2020-09-17 21:31:51.320","Hostname":"WORKSTATION5.theshire.local","RuleName":"-","tags":["mordorDataset"]}
{"Keywords":-9214364837600034816,"SeverityValue":2,"SubjectDomainName":"THESHIRE","EventID":4663,"ProviderGuid":"{54849625-5478-4994-A5BA-3E3B0328C30D}","ExecutionProcessID":4,"Channel":"Security","host":"wec.internal.cloudapp.net","SubjectUserSid":"S-1-5-20","ObjectType":"Key","EventReceivedTime":"2020-09-17 17:31:53","ThreadID":9832,"ProcessId":"0x14f8","EventType":"AUDIT_SUCCESS","Opcode":"Info","EventTime":"2020-09-17 17:31:51","Message":"An attempt was made to access an object.\r\n\r\nSubject:\r\n\tSecurity ID:\t\tS-1-5-20\r\n\tAccount Name:\t\tWORKSTATION5$\r\n\tAccount Domain:\t\tTHESHIRE\r\n\tLogon ID:\t\t0x3E4\r\n\r\nObject:\r\n\tObject Server:\t\tSecurity\r\n\tObject Type:\t\tKey\r\n\tObject Name:\t\t\\REGISTRY\\MACHINE\\SYSTEM\\ControlSet001\\Control\\Session Manager\\Environment\r\n\tHandle ID:\t\t0x470\r\n\tResource Attributes:\t-\r\n\r\nProcess Information:\r\n\tProcess ID:\t\t0x14f8\r\n\tProcess Name:\t\tC:\\Windows\\System32\\svchost.exe\r\n\r\nAccess Request Information:\r\n\tAccesses:\t\tQuery key value\r\n\t\t\t\t\r\n\tAccess Mask:\t\t0x1","@timestamp":"2020-09-17T21:31:53.134Z","ObjectServer":"Security","SubjectLogonId":"0x3e4","AccessMask":"0x1","port":64545,"ProcessName":"C:\\Windows\\System32\\svchost.exe","RecordNumber":166026,"SubjectUserName":"WORKSTATION5$","SourceModuleType":"im_msvistalog","Task":12801,"@version":"1","OpcodeValue":0,"SourceModuleName":"eventlog","Severity":"INFO","HandleId":"0x470","ObjectName":"\\REGISTRY\\MACHINE\\SYSTEM\\ControlSet001\\Control\\Session Manager\\Environment","SourceName":"Microsoft-Windows-Security-Auditing","Version":1,"AccessList":"%%4432\r\n\t\t\t\t","Category":"Registry","ResourceAttributes":"-","Hostname":"WORKSTATION5.theshire.local","tags":["mordorDataset"]}
{"Keywords":-9223372036854775808,"SeverityValue":2,"TargetObject":"\\REGISTRY\\A\\{fb57a6dd-6b5c-0658-4825-36826d1afbbb}\\DeliveryOptimization\\Swarms\\95D2EE60-C9D3-45E4-876D-BAE16D758A87_16_0_13127_20408_STREAM_X86_EN_US\\Upload","EventTypeOrignal":"INFO","EventID":13,"ProviderGuid":"{5770385F-C22A-43E0-BF4C-06F5698FFBD9}","ExecutionProcessID":3228,"host":"wec.internal.cloudapp.net","Channel":"Microsoft-Windows-Sysmon/Operational","UserID":"S-1-5-18","AccountType":"User","ThreadID":4288,"ProcessGuid":"{b34bc01c-8526-5f63-2103-000000000400}","Details":"DWORD (0x00000001)","EventReceivedTime":"2020-09-17 17:31:53","Opcode":"Info","EventTime":"2020-09-17 17:31:51","Message":"Registry value set:\r\nRuleName: -\r\nEventType: SetValue\r\nUtcTime: 2020-09-17 21:31:51.320\r\nProcessGuid: {b34bc01c-8526-5f63-2103-000000000400}\r\nProcessId: 2448\r\nImage: C:\\windows\\System32\\svchost.exe\r\nTargetObject: \\REGISTRY\\A\\{fb57a6dd-6b5c-0658-4825-36826d1afbbb}\\DeliveryOptimization\\Swarms\\95D2EE60-C9D3-45E4-876D-BAE16D758A87_16_0_13127_20408_STREAM_X86_EN_US\\Upload\r\nDetails: DWORD (0x00000001)","ProcessId":"2448","EventType":"SetValue","@timestamp":"2020-09-17T21:31:53.134Z","SourceModuleType":"im_msvistalog","port":64545,"AccountName":"SYSTEM","RecordNumber":636784,"Task":13,"Domain":"NT AUTHORITY","@version":"1","OpcodeValue":0,"SourceModuleName":"eventlog","Severity":"INFO","SourceName":"Microsoft-Windows-Sysmon","Version":2,"Image":"C:\\windows\\System32\\svchost.exe","Category":"Registry value set (rule: RegistryEvent)","UtcTime":"2020-09-17 21:31:51.320","Hostname":"WORKSTATION5.theshire.local","RuleName":"-","tags":["mordorDataset"]}
{"Keywords":-9214364837600034816,"SeverityValue":2,"SubjectDomainName":"THESHIRE","EventID":4658,"ProviderGuid":"{54849625-5478-4994-A5BA-3E3B0328C30D}","ExecutionProcessID":4,"Channel":"Security","host":"wec.internal.cloudapp.net","SubjectUserSid":"S-1-5-20","EventReceivedTime":"2020-09-17 17:31:53","ProcessId":"0x14f8","ThreadID":9832,"EventType":"AUDIT_SUCCESS","Opcode":"Info","EventTime":"2020-09-17 17:31:51","Message":"The handle to an object was closed.\r\n\r\nSubject :\r\n\tSecurity ID:\t\tS-1-5-20\r\n\tAccount Name:\t\tWORKSTATION5$\r\n\tAccount Domain:\t\tTHESHIRE\r\n\tLogon ID:\t\t0x3E4\r\n\r\nObject:\r\n\tObject Server:\t\tSecurity\r\n\tHandle ID:\t\t0x470\r\n\r\nProcess Information:\r\n\tProcess ID:\t\t0x14f8\r\n\tProcess Name:\t\tC:\\Windows\\System32\\svchost.exe","@timestamp":"2020-09-17T21:31:53.134Z","ObjectServer":"Security","SubjectLogonId":"0x3e4","SourceModuleType":"im_msvistalog","port":64545,"ProcessName":"C:\\Windows\\System32\\svchost.exe","RecordNumber":166027,"SubjectUserName":"WORKSTATION5$","Task":12801,"@version":"1","OpcodeValue":0,"SourceModuleName":"eventlog","Severity":"INFO","HandleId":"0x470","SourceName":"Microsoft-Windows-Security-Auditing","Version":0,"Category":"Registry","tags":["mordorDataset"],"Hostname":"WORKSTATION5.theshire.local"}
{"Keywords":-9223372036854775808,"SeverityValue":2,"TargetObject":"\\REGISTRY\\A\\{fb57a6dd-6b5c-0658-4825-36826d1afbbb}\\DeliveryOptimization\\Swarms\\95D2EE60-C9D3-45E4-876D-BAE16D758A87_16_0_13127_20408_STREAM_X86_EN_US\\CdnURL","EventTypeOrignal":"INFO","EventID":13,"ProviderGuid":"{5770385F-C22A-43E0-BF4C-06F5698FFBD9}","ExecutionProcessID":3228,"host":"wec.internal.cloudapp.net","Channel":"Microsoft-Windows-Sysmon/Operational","UserID":"S-1-5-18","AccountType":"User","ThreadID":4288,"ProcessGuid":"{b34bc01c-8526-5f63-2103-000000000400}","Details":"Ðèèàt^^ÞÌÌÒÆÊÆÈÜ\\ÚÒÆäÞæÞÌè\\ÆÞÚ^àä^hrdfj`ÌlZfÂ`bZhÌrnZÄrÆ`ZÆnÆlÈÈÌlnÈl`^ÌÌÒÆÊ^ÂèÂ^bl\\`\\bfbdn\\d`h`p^æèäÊÂÚ\\ðpl\\ÊÜZêæ\\ÈÂè","EventReceivedTime":"2020-09-17 17:31:53","Opcode":"Info","EventTime":"2020-09-17 17:31:51","Message":"Registry value set:\r\nRuleName: -\r\nEventType: SetValue\r\nUtcTime: 2020-09-17 21:31:51.320\r\nProcessGuid: {b34bc01c-8526-5f63-2103-000000000400}\r\nProcessId: 2448\r\nImage: C:\\windows\\System32\\svchost.exe\r\nTargetObject: \\REGISTRY\\A\\{fb57a6dd-6b5c-0658-4825-36826d1afbbb}\\DeliveryOptimization\\Swarms\\95D2EE60-C9D3-45E4-876D-BAE16D758A87_16_0_13127_20408_STREAM_X86_EN_US\\CdnURL\r\nDetails: Ðèèàt^^ÞÌÌÒÆÊÆÈÜ\\ÚÒÆäÞæÞÌè\\ÆÞÚ^àä^hrdfj`ÌlZfÂ`bZhÌrnZÄrÆ`ZÆnÆlÈÈÌlnÈl`^ÌÌÒÆÊ^ÂèÂ^bl\\`\\bfbdn\\d`h`p^æèäÊÂÚ\\ðpl\\ÊÜZêæ\\ÈÂè","ProcessId":"2448","EventType":"SetValue","@timestamp":"2020-09-17T21:31:53.134Z","SourceModuleType":"im_msvistalog","port":64545,"AccountName":"SYSTEM","RecordNumber":636785,"Task":13,"Domain":"NT AUTHORITY","@version":"1","OpcodeValue":0,"SourceModuleName":"eventlog","Severity":"INFO","SourceName":"Microsoft-Windows-Sysmon","Version":2,"Image":"C:\\windows\\System32\\svchost.exe","Category":"Registry value set (rule: RegistryEvent)","UtcTime":"2020-09-17 21:31:51.320","Hostname":"WORKSTATION5.theshire.local","RuleName":"-","tags":["mordorDataset"]}
{"Keywords":-9223372036854775808,"SeverityValue":2,"TargetObject":"\\REGISTRY\\A\\{fb57a6dd-6b5c-0658-4825-36826d1afbbb}\\DeliveryOptimization\\Swarms\\95D2EE60-C9D3-45E4-876D-BAE16D758A87_16_0_13127_20408_STREAM_X86_EN_US\\WorkingDir","EventTypeOrignal":"INFO","EventID":13,"ProviderGuid":"{5770385F-C22A-43E0-BF4C-06F5698FFBD9}","ExecutionProcessID":3228,"host":"wec.internal.cloudapp.net","Channel":"Microsoft-Windows-Sysmon/Operational","UserID":"S-1-5-18","AccountType":"User","ThreadID":4288,"ProcessGuid":"{b34bc01c-8526-5f63-2103-000000000400}","Details":"C:\\windows\\ServiceProfiles\\NetworkService\\AppData\\Local\\Microsoft\\Windows\\DeliveryOptimization\\Cache\\607795b227f1bd0b31732b75c29cef416b430eef","EventReceivedTime":"2020-09-17 17:31:53","Opcode":"Info","EventTime":"2020-09-17 17:31:51","Message":"Registry value set:\r\nRuleName: -\r\nEventType: SetValue\r\nUtcTime: 2020-09-17 21:31:51.320\r\nProcessGuid: {b34bc01c-8526-5f63-2103-000000000400}\r\nProcessId: 2448\r\nImage: C:\\windows\\System32\\svchost.exe\r\nTargetObject: \\REGISTRY\\A\\{fb57a6dd-6b5c-0658-4825-36826d1afbbb}\\DeliveryOptimization\\Swarms\\95D2EE60-C9D3-45E4-876D-BAE16D758A87_16_0_13127_20408_STREAM_X86_EN_US\\WorkingDir\r\nDetails: C:\\windows\\ServiceProfiles\\NetworkService\\AppData\\Local\\Microsoft\\Windows\\DeliveryOptimization\\Cache\\607795b227f1bd0b31732b75c29cef416b430eef","ProcessId":"2448","EventType":"SetValue","@timestamp":"2020-09-17T21:31:53.135Z","SourceModuleType":"im_msvistalog","port":64545,"AccountName":"SYSTEM","RecordNumber":636786,"Task":13,"Domain":"NT AUTHORITY","@version":"1","OpcodeValue":0,"SourceModuleName":"eventlog","Severity":"INFO","SourceName":"Microsoft-Windows-Sysmon","Version":2,"Image":"C:\\windows\\System32\\svchost.exe","Category":"Registry value set (rule: RegistryEvent)","UtcTime":"2020-09-17 21:31:51.320","Hostname":"WORKSTATION5.theshire.local","RuleName":"-","tags":["mordorDataset"]}
{"Keywords":-9223372036854775808,"SeverityValue":2,"TargetObject":"\\REGISTRY\\A\\{fb57a6dd-6b5c-0658-4825-36826d1afbbb}\\DeliveryOptimization\\Swarms\\95D2EE60-C9D3-45E4-876D-BAE16D758A87_16_0_13127_20408_STREAM_X86_EN_US\\PeerId","EventTypeOrignal":"INFO","EventID":13,"ProviderGuid":"{5770385F-C22A-43E0-BF4C-06F5698FFBD9}","ExecutionProcessID":3228,"host":"wec.internal.cloudapp.net","Channel":"Microsoft-Windows-Sysmon/Operational","UserID":"S-1-5-18","AccountType":"User","ThreadID":4288,"ProcessGuid":"{b34bc01c-8526-5f63-2103-000000000400}","Details":"Binary Data","EventReceivedTime":"2020-09-17 17:31:53","Opcode":"Info","EventTime":"2020-09-17 17:31:51","Message":"Registry value set:\r\nRuleName: -\r\nEventType: SetValue\r\nUtcTime: 2020-09-17 21:31:51.320\r\nProcessGuid: {b34bc01c-8526-5f63-2103-000000000400}\r\nProcessId: 2448\r\nImage: C:\\windows\\System32\\svchost.exe\r\nTargetObject: \\REGISTRY\\A\\{fb57a6dd-6b5c-0658-4825-36826d1afbbb}\\DeliveryOptimization\\Swarms\\95D2EE60-C9D3-45E4-876D-BAE16D758A87_16_0_13127_20408_STREAM_X86_EN_US\\PeerId\r\nDetails: Binary Data","ProcessId":"2448","EventType":"SetValue","@timestamp":"2020-09-17T21:31:53.136Z","SourceModuleType":"im_msvistalog","port":64545,"AccountName":"SYSTEM","RecordNumber":636787,"Task":13,"Domain":"NT AUTHORITY","@version":"1","OpcodeValue":0,"SourceModuleName":"eventlog","Severity":"INFO","SourceName":"Microsoft-Windows-Sysmon","Version":2,"Image":"C:\\windows\\System32\\svchost.exe","Category":"Registry value set (rule: RegistryEvent)","UtcTime":"2020-09-17 21:31:51.320","Hostname":"WORKSTATION5.theshire.local","RuleName":"-","tags":["mordorDataset"]}
{"Keywords":-9223372036854775808,"SeverityValue":2,"TargetObject":"\\REGISTRY\\A\\{fb57a6dd-6b5c-0658-4825-36826d1afbbb}\\DeliveryOptimization\\Swarms\\95D2EE60-C9D3-45E4-876D-BAE16D758A87_16_0_13127_20408_STREAM_X86_EN_US\\SessionId","EventTypeOrignal":"INFO","EventID":13,"ProviderGuid":"{5770385F-C22A-43E0-BF4C-06F5698FFBD9}","ExecutionProcessID":3228,"host":"wec.internal.cloudapp.net","Channel":"Microsoft-Windows-Sysmon/Operational","UserID":"S-1-5-18","AccountType":"User","ThreadID":4288,"ProcessGuid":"{b34bc01c-8526-5f63-2103-000000000400}","Details":"Binary Data","EventReceivedTime":"2020-09-17 17:31:53","Opcode":"Info","EventTime":"2020-09-17 17:31:51","Message":"Registry value set:\r\nRuleName: -\r\nEventType: SetValue\r\nUtcTime: 2020-09-17 21:31:51.320\r\nProcessGuid: {b34bc01c-8526-5f63-2103-000000000400}\r\nProcessId: 2448\r\nImage: C:\\windows\\System32\\svchost.exe\r\nTargetObject: \\REGISTRY\\A\\{fb57a6dd-6b5c-0658-4825-36826d1afbbb}\\DeliveryOptimization\\Swarms\\95D2EE60-C9D3-45E4-876D-BAE16D758A87_16_0_13127_20408_STREAM_X86_EN_US\\SessionId\r\nDetails: Binary Data","ProcessId":"2448","EventType":"SetValue","@timestamp":"2020-09-17T21:31:53.136Z","SourceModuleType":"im_msvistalog","port":64545,"AccountName":"SYSTEM","RecordNumber":636788,"Task":13,"Domain":"NT AUTHORITY","@version":"1","OpcodeValue":0,"SourceModuleName":"eventlog","Severity":"INFO","SourceName":"Microsoft-Windows-Sysmon","Version":2,"Image":"C:\\windows\\System32\\svchost.exe","Category":"Registry value set (rule: RegistryEvent)","UtcTime":"2020-09-17 21:31:51.320","Hostname":"WORKSTATION5.theshire.local","RuleName":"-","tags":["mordorDataset"]}
{"Keywords":-9223372036854775808,"SeverityValue":2,"TargetObject":"\\REGISTRY\\A\\{fb57a6dd-6b5c-0658-4825-36826d1afbbb}\\DeliveryOptimization\\Swarms\\95D2EE60-C9D3-45E4-876D-BAE16D758A87_16_0_13127_20408_STREAM_X86_EN_US\\CallerName","EventTypeOrignal":"INFO","EventID":13,"ProviderGuid":"{5770385F-C22A-43E0-BF4C-06F5698FFBD9}","ExecutionProcessID":3228,"host":"wec.internal.cloudapp.net","Channel":"Microsoft-Windows-Sysmon/Operational","UserID":"S-1-5-18","AccountType":"User","ThreadID":4288,"ProcessGuid":"{b34bc01c-8526-5f63-2103-000000000400}","Details":"Microsoft Office Click-to-Run","EventReceivedTime":"2020-09-17 17:31:53","Opcode":"Info","EventTime":"2020-09-17 17:31:51","Message":"Registry value set:\r\nRuleName: -\r\nEventType: SetValue\r\nUtcTime: 2020-09-17 21:31:51.320\r\nProcessGuid: {b34bc01c-8526-5f63-2103-000000000400}\r\nProcessId: 2448\r\nImage: C:\\windows\\System32\\svchost.exe\r\nTargetObject: \\REGISTRY\\A\\{fb57a6dd-6b5c-0658-4825-36826d1afbbb}\\DeliveryOptimization\\Swarms\\95D2EE60-C9D3-45E4-876D-BAE16D758A87_16_0_13127_20408_STREAM_X86_EN_US\\CallerName\r\nDetails: Microsoft Office Click-to-Run","ProcessId":"2448","EventType":"SetValue","@timestamp":"2020-09-17T21:31:53.137Z","SourceModuleType":"im_msvistalog","port":64545,"AccountName":"SYSTEM","RecordNumber":636789,"Task":13,"Domain":"NT AUTHORITY","@version":"1","OpcodeValue":0,"SourceModuleName":"eventlog","Severity":"INFO","SourceName":"Microsoft-Windows-Sysmon","Version":2,"Image":"C:\\windows\\System32\\svchost.exe","Category":"Registry value set (rule: RegistryEvent)","UtcTime":"2020-09-17 21:31:51.320","Hostname":"WORKSTATION5.theshire.local","RuleName":"-","tags":["mordorDataset"]}
{"Keywords":-9223372036854775808,"SeverityValue":2,"TargetObject":"\\REGISTRY\\A\\{fb57a6dd-6b5c-0658-4825-36826d1afbbb}\\DeliveryOptimization\\Swarms\\95D2EE60-C9D3-45E4-876D-BAE16D758A87_16_0_13127_20408_STREAM_X86_EN_US\\Status","EventTypeOrignal":"INFO","EventID":13,"ProviderGuid":"{5770385F-C22A-43E0-BF4C-06F5698FFBD9}","ExecutionProcessID":3228,"host":"wec.internal.cloudapp.net","Channel":"Microsoft-Windows-Sysmon/Operational","UserID":"S-1-5-18","AccountType":"User","ThreadID":4288,"ProcessGuid":"{b34bc01c-8526-5f63-2103-000000000400}","Details":"DWORD (0x00000002)","EventReceivedTime":"2020-09-17 17:31:53","Opcode":"Info","EventTime":"2020-09-17 17:31:51","Message":"Registry value set:\r\nRuleName: -\r\nEventType: SetValue\r\nUtcTime: 2020-09-17 21:31:51.320\r\nProcessGuid: {b34bc01c-8526-5f63-2103-000000000400}\r\nProcessId: 2448\r\nImage: C:\\windows\\System32\\svchost.exe\r\nTargetObject: \\REGISTRY\\A\\{fb57a6dd-6b5c-0658-4825-36826d1afbbb}\\DeliveryOptimization\\Swarms\\95D2EE60-C9D3-45E4-876D-BAE16D758A87_16_0_13127_20408_STREAM_X86_EN_US\\Status\r\nDetails: DWORD (0x00000002)","ProcessId":"2448","EventType":"SetValue","@timestamp":"2020-09-17T21:31:53.137Z","SourceModuleType":"im_msvistalog","port":64545,"AccountName":"SYSTEM","RecordNumber":636790,"Task":13,"Domain":"NT AUTHORITY","@version":"1","OpcodeValue":0,"SourceModuleName":"eventlog","Severity":"INFO","SourceName":"Microsoft-Windows-Sysmon","Version":2,"Image":"C:\\windows\\System32\\svchost.exe","Category":"Registry value set (rule: RegistryEvent)","UtcTime":"2020-09-17 21:31:51.320","Hostname":"WORKSTATION5.theshire.local","RuleName":"-","tags":["mordorDataset"]}
{"Keywords":-9223372036854775808,"SeverityValue":2,"TargetObject":"\\REGISTRY\\A\\{fb57a6dd-6b5c-0658-4825-36826d1afbbb}\\DeliveryOptimization\\Swarms\\95D2EE60-C9D3-45E4-876D-BAE16D758A87_16_0_13127_20408_STREAM_X86_EN_US\\DownloadDurationMsecs","EventTypeOrignal":"INFO","EventID":13,"ProviderGuid":"{5770385F-C22A-43E0-BF4C-06F5698FFBD9}","ExecutionProcessID":3228,"host":"wec.internal.cloudapp.net","Channel":"Microsoft-Windows-Sysmon/Operational","UserID":"S-1-5-18","AccountType":"User","ThreadID":4288,"ProcessGuid":"{b34bc01c-8526-5f63-2103-000000000400}","Details":"QWORD (0x00000000-0x00000a41)","EventReceivedTime":"2020-09-17 17:31:53","Opcode":"Info","EventTime":"2020-09-17 17:31:51","Message":"Registry value set:\r\nRuleName: -\r\nEventType: SetValue\r\nUtcTime: 2020-09-17 21:31:51.320\r\nProcessGuid: {b34bc01c-8526-5f63-2103-000000000400}\r\nProcessId: 2448\r\nImage: C:\\windows\\System32\\svchost.exe\r\nTargetObject: \\REGISTRY\\A\\{fb57a6dd-6b5c-0658-4825-36826d1afbbb}\\DeliveryOptimization\\Swarms\\95D2EE60-C9D3-45E4-876D-BAE16D758A87_16_0_13127_20408_STREAM_X86_EN_US\\DownloadDurationMsecs\r\nDetails: QWORD (0x00000000-0x00000a41)","ProcessId":"2448","EventType":"SetValue","@timestamp":"2020-09-17T21:31:53.138Z","SourceModuleType":"im_msvistalog","port":64545,"AccountName":"SYSTEM","RecordNumber":636791,"Task":13,"Domain":"NT AUTHORITY","@version":"1","OpcodeValue":0,"SourceModuleName":"eventlog","Severity":"INFO","SourceName":"Microsoft-Windows-Sysmon","Version":2,"Image":"C:\\windows\\System32\\svchost.exe","Category":"Registry value set (rule: RegistryEvent)","UtcTime":"2020-09-17 21:31:51.320","Hostname":"WORKSTATION5.theshire.local","RuleName":"-","tags":["mordorDataset"]}
{"Keywords":-9223372036854775808,"SeverityValue":2,"TargetObject":"\\REGISTRY\\A\\{fb57a6dd-6b5c-0658-4825-36826d1afbbb}\\DeliveryOptimization\\Swarms\\95D2EE60-C9D3-45E4-876D-BAE16D758A87_16_0_13127_20408_STREAM_X86_EN_US\\CacheServerConnectionCount","EventTypeOrignal":"INFO","EventID":13,"ProviderGuid":"{5770385F-C22A-43E0-BF4C-06F5698FFBD9}","ExecutionProcessID":3228,"host":"wec.internal.cloudapp.net","Channel":"Microsoft-Windows-Sysmon/Operational","UserID":"S-1-5-18","AccountType":"User","ThreadID":4288,"ProcessGuid":"{b34bc01c-8526-5f63-2103-000000000400}","Details":"DWORD (0x00000000)","EventReceivedTime":"2020-09-17 17:31:53","Opcode":"Info","EventTime":"2020-09-17 17:31:51","Message":"Registry value set:\r\nRuleName: -\r\nEventType: SetValue\r\nUtcTime: 2020-09-17 21:31:51.320\r\nProcessGuid: {b34bc01c-8526-5f63-2103-000000000400}\r\nProcessId: 2448\r\nImage: C:\\windows\\System32\\svchost.exe\r\nTargetObject: \\REGISTRY\\A\\{fb57a6dd-6b5c-0658-4825-36826d1afbbb}\\DeliveryOptimization\\Swarms\\95D2EE60-C9D3-45E4-876D-BAE16D758A87_16_0_13127_20408_STREAM_X86_EN_US\\CacheServerConnectionCount\r\nDetails: DWORD (0x00000000)","ProcessId":"2448","EventType":"SetValue","@timestamp":"2020-09-17T21:31:53.138Z","SourceModuleType":"im_msvistalog","port":64545,"AccountName":"SYSTEM","RecordNumber":636792,"Task":13,"Domain":"NT AUTHORITY","@version":"1","OpcodeValue":0,"SourceModuleName":"eventlog","Severity":"INFO","SourceName":"Microsoft-Windows-Sysmon","Version":2,"Image":"C:\\windows\\System32\\svchost.exe","Category":"Registry value set (rule: RegistryEvent)","UtcTime":"2020-09-17 21:31:51.320","Hostname":"WORKSTATION5.theshire.local","RuleName":"-","tags":["mordorDataset"]}
{"Keywords":-9223372036854775808,"SeverityValue":2,"TargetObject":"\\REGISTRY\\A\\{fb57a6dd-6b5c-0658-4825-36826d1afbbb}\\DeliveryOptimization\\Swarms\\95D2EE60-C9D3-45E4-876D-BAE16D758A87_16_0_13127_20408_STREAM_X86_EN_US\\GroupConnectionCount","EventTypeOrignal":"INFO","EventID":13,"ProviderGuid":"{5770385F-C22A-43E0-BF4C-06F5698FFBD9}","ExecutionProcessID":3228,"host":"wec.internal.cloudapp.net","Channel":"Microsoft-Windows-Sysmon/Operational","UserID":"S-1-5-18","AccountType":"User","ThreadID":4288,"ProcessGuid":"{b34bc01c-8526-5f63-2103-000000000400}","Details":"DWORD (0x00000000)","EventReceivedTime":"2020-09-17 17:31:53","Opcode":"Info","EventTime":"2020-09-17 17:31:51","Message":"Registry value set:\r\nRuleName: -\r\nEventType: SetValue\r\nUtcTime: 2020-09-17 21:31:51.320\r\nProcessGuid: {b34bc01c-8526-5f63-2103-000000000400}\r\nProcessId: 2448\r\nImage: C:\\windows\\System32\\svchost.exe\r\nTargetObject: \\REGISTRY\\A\\{fb57a6dd-6b5c-0658-4825-36826d1afbbb}\\DeliveryOptimization\\Swarms\\95D2EE60-C9D3-45E4-876D-BAE16D758A87_16_0_13127_20408_STREAM_X86_EN_US\\GroupConnectionCount\r\nDetails: DWORD (0x00000000)","ProcessId":"2448","EventType":"SetValue","@timestamp":"2020-09-17T21:31:53.139Z","SourceModuleType":"im_msvistalog","port":64545,"AccountName":"SYSTEM","RecordNumber":636793,"Task":13,"Domain":"NT AUTHORITY","@version":"1","OpcodeValue":0,"SourceModuleName":"eventlog","Severity":"INFO","SourceName":"Microsoft-Windows-Sysmon","Version":2,"Image":"C:\\windows\\System32\\svchost.exe","Category":"Registry value set (rule: RegistryEvent)","UtcTime":"2020-09-17 21:31:51.320","Hostname":"WORKSTATION5.theshire.local","RuleName":"-","tags":["mordorDataset"]}
{"Keywords":-9223372036854775808,"SeverityValue":2,"TargetObject":"\\REGISTRY\\A\\{fb57a6dd-6b5c-0658-4825-36826d1afbbb}\\DeliveryOptimization\\Swarms\\95D2EE60-C9D3-45E4-876D-BAE16D758A87_16_0_13127_20408_STREAM_X86_EN_US\\HttpConnectionCount","EventTypeOrignal":"INFO","EventID":13,"ProviderGuid":"{5770385F-C22A-43E0-BF4C-06F5698FFBD9}","ExecutionProcessID":3228,"host":"wec.internal.cloudapp.net","Channel":"Microsoft-Windows-Sysmon/Operational","UserID":"S-1-5-18","AccountType":"User","ThreadID":4288,"ProcessGuid":"{b34bc01c-8526-5f63-2103-000000000400}","Details":"DWORD (0x00000001)","EventReceivedTime":"2020-09-17 17:31:53","Opcode":"Info","EventTime":"2020-09-17 17:31:51","Message":"Registry value set:\r\nRuleName: -\r\nEventType: SetValue\r\nUtcTime: 2020-09-17 21:31:51.320\r\nProcessGuid: {b34bc01c-8526-5f63-2103-000000000400}\r\nProcessId: 2448\r\nImage: C:\\windows\\System32\\svchost.exe\r\nTargetObject: \\REGISTRY\\A\\{fb57a6dd-6b5c-0658-4825-36826d1afbbb}\\DeliveryOptimization\\Swarms\\95D2EE60-C9D3-45E4-876D-BAE16D758A87_16_0_13127_20408_STREAM_X86_EN_US\\HttpConnectionCount\r\nDetails: DWORD (0x00000001)","ProcessId":"2448","EventType":"SetValue","@timestamp":"2020-09-17T21:31:53.140Z","SourceModuleType":"im_msvistalog","port":64545,"AccountName":"SYSTEM","RecordNumber":636794,"Task":13,"Domain":"NT AUTHORITY","@version":"1","OpcodeValue":0,"SourceModuleName":"eventlog","Severity":"INFO","SourceName":"Microsoft-Windows-Sysmon","Version":2,"Image":"C:\\windows\\System32\\svchost.exe","Category":"Registry value set (rule: RegistryEvent)","UtcTime":"2020-09-17 21:31:51.320","Hostname":"WORKSTATION5.theshire.local","RuleName":"-","tags":["mordorDataset"]}
{"Keywords":-9223372036854775808,"SeverityValue":2,"TargetObject":"\\REGISTRY\\A\\{fb57a6dd-6b5c-0658-4825-36826d1afbbb}\\DeliveryOptimization\\Swarms\\95D2EE60-C9D3-45E4-876D-BAE16D758A87_16_0_13127_20408_STREAM_X86_EN_US\\InternetConnectionCount","EventTypeOrignal":"INFO","EventID":13,"ProviderGuid":"{5770385F-C22A-43E0-BF4C-06F5698FFBD9}","ExecutionProcessID":3228,"host":"wec.internal.cloudapp.net","Channel":"Microsoft-Windows-Sysmon/Operational","UserID":"S-1-5-18","AccountType":"User","ThreadID":4288,"ProcessGuid":"{b34bc01c-8526-5f63-2103-000000000400}","Details":"DWORD (0x00000000)","EventReceivedTime":"2020-09-17 17:31:53","Opcode":"Info","EventTime":"2020-09-17 17:31:51","Message":"Registry value set:\r\nRuleName: -\r\nEventType: SetValue\r\nUtcTime: 2020-09-17 21:31:51.320\r\nProcessGuid: {b34bc01c-8526-5f63-2103-000000000400}\r\nProcessId: 2448\r\nImage: C:\\windows\\System32\\svchost.exe\r\nTargetObject: \\REGISTRY\\A\\{fb57a6dd-6b5c-0658-4825-36826d1afbbb}\\DeliveryOptimization\\Swarms\\95D2EE60-C9D3-45E4-876D-BAE16D758A87_16_0_13127_20408_STREAM_X86_EN_US\\InternetConnectionCount\r\nDetails: DWORD (0x00000000)","ProcessId":"2448","EventType":"SetValue","@timestamp":"2020-09-17T21:31:53.140Z","SourceModuleType":"im_msvistalog","port":64545,"AccountName":"SYSTEM","RecordNumber":636795,"Task":13,"Domain":"NT AUTHORITY","@version":"1","OpcodeValue":0,"SourceModuleName":"eventlog","Severity":"INFO","SourceName":"Microsoft-Windows-Sysmon","Version":2,"Image":"C:\\windows\\System32\\svchost.exe","Category":"Registry value set (rule: RegistryEvent)","UtcTime":"2020-09-17 21:31:51.320","Hostname":"WORKSTATION5.theshire.local","RuleName":"-","tags":["mordorDataset"]}
{"Keywords":-9223372036854775808,"SeverityValue":2,"TargetObject":"\\REGISTRY\\A\\{fb57a6dd-6b5c-0658-4825-36826d1afbbb}\\DeliveryOptimization\\Swarms\\95D2EE60-C9D3-45E4-876D-BAE16D758A87_16_0_13127_20408_STREAM_X86_EN_US\\LanConnectionCount","EventTypeOrignal":"INFO","EventID":13,"ProviderGuid":"{5770385F-C22A-43E0-BF4C-06F5698FFBD9}","ExecutionProcessID":3228,"host":"wec.internal.cloudapp.net","Channel":"Microsoft-Windows-Sysmon/Operational","UserID":"S-1-5-18","AccountType":"User","ThreadID":4288,"ProcessGuid":"{b34bc01c-8526-5f63-2103-000000000400}","Details":"DWORD (0x00000000)","EventReceivedTime":"2020-09-17 17:31:53","Opcode":"Info","EventTime":"2020-09-17 17:31:51","Message":"Registry value set:\r\nRuleName: -\r\nEventType: SetValue\r\nUtcTime: 2020-09-17 21:31:51.320\r\nProcessGuid: {b34bc01c-8526-5f63-2103-000000000400}\r\nProcessId: 2448\r\nImage: C:\\windows\\System32\\svchost.exe\r\nTargetObject: \\REGISTRY\\A\\{fb57a6dd-6b5c-0658-4825-36826d1afbbb}\\DeliveryOptimization\\Swarms\\95D2EE60-C9D3-45E4-876D-BAE16D758A87_16_0_13127_20408_STREAM_X86_EN_US\\LanConnectionCount\r\nDetails: DWORD (0x00000000)","ProcessId":"2448","EventType":"SetValue","@timestamp":"2020-09-17T21:31:53.140Z","SourceModuleType":"im_msvistalog","port":64545,"AccountName":"SYSTEM","RecordNumber":636796,"Task":13,"Domain":"NT AUTHORITY","@version":"1","OpcodeValue":0,"SourceModuleName":"eventlog","Severity":"INFO","SourceName":"Microsoft-Windows-Sysmon","Version":2,"Image":"C:\\windows\\System32\\svchost.exe","Category":"Registry value set (rule: RegistryEvent)","UtcTime":"2020-09-17 21:31:51.320","Hostname":"WORKSTATION5.theshire.local","RuleName":"-","tags":["mordorDataset"]}
{"Keywords":-9223372036854775808,"SeverityValue":2,"TargetObject":"\\REGISTRY\\A\\{fb57a6dd-6b5c-0658-4825-36826d1afbbb}\\DeliveryOptimization\\Swarms\\95D2EE60-C9D3-45E4-876D-BAE16D758A87_16_0_13127_20408_STREAM_X86_EN_US\\LinkLocalConnectionCount","EventTypeOrignal":"INFO","EventID":13,"ProviderGuid":"{5770385F-C22A-43E0-BF4C-06F5698FFBD9}","ExecutionProcessID":3228,"host":"wec.internal.cloudapp.net","Channel":"Microsoft-Windows-Sysmon/Operational","UserID":"S-1-5-18","AccountType":"User","ThreadID":4288,"ProcessGuid":"{b34bc01c-8526-5f63-2103-000000000400}","Details":"DWORD (0x00000000)","EventReceivedTime":"2020-09-17 17:31:53","Opcode":"Info","EventTime":"2020-09-17 17:31:51","Message":"Registry value set:\r\nRuleName: -\r\nEventType: SetValue\r\nUtcTime: 2020-09-17 21:31:51.320\r\nProcessGuid: {b34bc01c-8526-5f63-2103-000000000400}\r\nProcessId: 2448\r\nImage: C:\\windows\\System32\\svchost.exe\r\nTargetObject: \\REGISTRY\\A\\{fb57a6dd-6b5c-0658-4825-36826d1afbbb}\\DeliveryOptimization\\Swarms\\95D2EE60-C9D3-45E4-876D-BAE16D758A87_16_0_13127_20408_STREAM_X86_EN_US\\LinkLocalConnectionCount\r\nDetails: DWORD (0x00000000)","ProcessId":"2448","EventType":"SetValue","@timestamp":"2020-09-17T21:31:53.142Z","SourceModuleType":"im_msvistalog","port":64545,"AccountName":"SYSTEM","RecordNumber":636797,"Task":13,"Domain":"NT AUTHORITY","@version":"1","OpcodeValue":0,"SourceModuleName":"eventlog","Severity":"INFO","SourceName":"Microsoft-Windows-Sysmon","Version":2,"Image":"C:\\windows\\System32\\svchost.exe","Category":"Registry value set (rule: RegistryEvent)","UtcTime":"2020-09-17 21:31:51.320","Hostname":"WORKSTATION5.theshire.local","RuleName":"-","tags":["mordorDataset"]}
{"Keywords":-9223372036854775808,"SeverityValue":2,"TargetObject":"\\REGISTRY\\A\\{fb57a6dd-6b5c-0658-4825-36826d1afbbb}\\DeliveryOptimization\\Swarms\\95D2EE60-C9D3-45E4-876D-BAE16D758A87_16_0_13127_20408_STREAM_X86_EN_US\\PeerCount","EventTypeOrignal":"INFO","EventID":13,"ProviderGuid":"{5770385F-C22A-43E0-BF4C-06F5698FFBD9}","ExecutionProcessID":3228,"host":"wec.internal.cloudapp.net","Channel":"Microsoft-Windows-Sysmon/Operational","UserID":"S-1-5-18","AccountType":"User","ThreadID":4288,"ProcessGuid":"{b34bc01c-8526-5f63-2103-000000000400}","Details":"DWORD (0x00000000)","EventReceivedTime":"2020-09-17 17:31:53","Opcode":"Info","EventTime":"2020-09-17 17:31:51","Message":"Registry value set:\r\nRuleName: -\r\nEventType: SetValue\r\nUtcTime: 2020-09-17 21:31:51.320\r\nProcessGuid: {b34bc01c-8526-5f63-2103-000000000400}\r\nProcessId: 2448\r\nImage: C:\\windows\\System32\\svchost.exe\r\nTargetObject: \\REGISTRY\\A\\{fb57a6dd-6b5c-0658-4825-36826d1afbbb}\\DeliveryOptimization\\Swarms\\95D2EE60-C9D3-45E4-876D-BAE16D758A87_16_0_13127_20408_STREAM_X86_EN_US\\PeerCount\r\nDetails: DWORD (0x00000000)","ProcessId":"2448","EventType":"SetValue","@timestamp":"2020-09-17T21:31:53.142Z","SourceModuleType":"im_msvistalog","port":64545,"AccountName":"SYSTEM","RecordNumber":636798,"Task":13,"Domain":"NT AUTHORITY","@version":"1","OpcodeValue":0,"SourceModuleName":"eventlog","Severity":"INFO","SourceName":"Microsoft-Windows-Sysmon","Version":2,"Image":"C:\\windows\\System32\\svchost.exe","Category":"Registry value set (rule: RegistryEvent)","UtcTime":"2020-09-17 21:31:51.320","Hostname":"WORKSTATION5.theshire.local","RuleName":"-","tags":["mordorDataset"]}
{"Keywords":-9223372036854775808,"SeverityValue":2,"TargetObject":"\\REGISTRY\\A\\{fb57a6dd-6b5c-0658-4825-36826d1afbbb}\\DeliveryOptimization\\Swarms\\95D2EE60-C9D3-45E4-876D-BAE16D758A87_16_0_13127_20408_STREAM_X86_EN_US\\CorrelationVector","EventTypeOrignal":"INFO","EventID":13,"ProviderGuid":"{5770385F-C22A-43E0-BF4C-06F5698FFBD9}","ExecutionProcessID":3228,"host":"wec.internal.cloudapp.net","Channel":"Microsoft-Windows-Sysmon/Operational","UserID":"S-1-5-18","AccountType":"User","ThreadID":4288,"ProcessGuid":"{b34bc01c-8526-5f63-2103-000000000400}","Details":"1wIMc/OHEE2Cyvbx.2.15","EventReceivedTime":"2020-09-17 17:31:53","Opcode":"Info","EventTime":"2020-09-17 17:31:51","Message":"Registry value set:\r\nRuleName: -\r\nEventType: SetValue\r\nUtcTime: 2020-09-17 21:31:51.320\r\nProcessGuid: {b34bc01c-8526-5f63-2103-000000000400}\r\nProcessId: 2448\r\nImage: C:\\windows\\System32\\svchost.exe\r\nTargetObject: \\REGISTRY\\A\\{fb57a6dd-6b5c-0658-4825-36826d1afbbb}\\DeliveryOptimization\\Swarms\\95D2EE60-C9D3-45E4-876D-BAE16D758A87_16_0_13127_20408_STREAM_X86_EN_US\\CorrelationVector\r\nDetails: 1wIMc/OHEE2Cyvbx.2.15","ProcessId":"2448","EventType":"SetValue","@timestamp":"2020-09-17T21:31:53.142Z","SourceModuleType":"im_msvistalog","port":64545,"AccountName":"SYSTEM","RecordNumber":636799,"Task":13,"Domain":"NT AUTHORITY","@version":"1","OpcodeValue":0,"SourceModuleName":"eventlog","Severity":"INFO","SourceName":"Microsoft-Windows-Sysmon","Version":2,"Image":"C:\\windows\\System32\\svchost.exe","Category":"Registry value set (rule: RegistryEvent)","UtcTime":"2020-09-17 21:31:51.320","Hostname":"WORKSTATION5.theshire.local","RuleName":"-","tags":["mordorDataset"]}
{"Keywords":-9223372036854775808,"SeverityValue":2,"TargetObject":"\\REGISTRY\\A\\{fb57a6dd-6b5c-0658-4825-36826d1afbbb}\\DeliveryOptimization\\Swarms\\95D2EE60-C9D3-45E4-876D-BAE16D758A87_16_0_13127_20408_STREAM_X86_EN_US\\DownloadStats\\RawBytes","EventTypeOrignal":"INFO","EventID":12,"ProviderGuid":"{5770385F-C22A-43E0-BF4C-06F5698FFBD9}","ExecutionProcessID":3228,"host":"wec.internal.cloudapp.net","Channel":"Microsoft-Windows-Sysmon/Operational","UserID":"S-1-5-18","AccountType":"User","ThreadID":4288,"ProcessGuid":"{b34bc01c-8526-5f63-2103-000000000400}","EventReceivedTime":"2020-09-17 17:31:53","ProcessId":"2448","Opcode":"Info","EventTime":"2020-09-17 17:31:51","Message":"Registry object added or deleted:\r\nRuleName: -\r\nEventType: CreateKey\r\nUtcTime: 2020-09-17 21:31:51.320\r\nProcessGuid: {b34bc01c-8526-5f63-2103-000000000400}\r\nProcessId: 2448\r\nImage: C:\\windows\\System32\\svchost.exe\r\nTargetObject: \\REGISTRY\\A\\{fb57a6dd-6b5c-0658-4825-36826d1afbbb}\\DeliveryOptimization\\Swarms\\95D2EE60-C9D3-45E4-876D-BAE16D758A87_16_0_13127_20408_STREAM_X86_EN_US\\DownloadStats\\RawBytes","EventType":"CreateKey","@timestamp":"2020-09-17T21:31:53.142Z","SourceModuleType":"im_msvistalog","port":64545,"AccountName":"SYSTEM","RecordNumber":636800,"Task":12,"Domain":"NT AUTHORITY","@version":"1","OpcodeValue":0,"SourceModuleName":"eventlog","Severity":"INFO","SourceName":"Microsoft-Windows-Sysmon","Version":2,"Image":"C:\\windows\\System32\\svchost.exe","Category":"Registry object added or deleted (rule: RegistryEvent)","UtcTime":"2020-09-17 21:31:51.320","Hostname":"WORKSTATION5.theshire.local","RuleName":"-","tags":["mordorDataset"]}
{"Keywords":-9223372036854775808,"SeverityValue":2,"TargetObject":"\\REGISTRY\\A\\{fb57a6dd-6b5c-0658-4825-36826d1afbbb}\\DeliveryOptimization\\Swarms\\95D2EE60-C9D3-45E4-876D-BAE16D758A87_16_0_13127_20408_STREAM_X86_EN_US\\DownloadStats\\RawBytes\\peerHttp","EventTypeOrignal":"INFO","EventID":13,"ProviderGuid":"{5770385F-C22A-43E0-BF4C-06F5698FFBD9}","ExecutionProcessID":3228,"host":"wec.internal.cloudapp.net","Channel":"Microsoft-Windows-Sysmon/Operational","UserID":"S-1-5-18","AccountType":"User","ThreadID":4288,"ProcessGuid":"{b34bc01c-8526-5f63-2103-000000000400}","Details":"QWORD (0x00000000-0x08800000)","EventReceivedTime":"2020-09-17 17:31:53","Opcode":"Info","EventTime":"2020-09-17 17:31:51","Message":"Registry value set:\r\nRuleName: -\r\nEventType: SetValue\r\nUtcTime: 2020-09-17 21:31:51.320\r\nProcessGuid: {b34bc01c-8526-5f63-2103-000000000400}\r\nProcessId: 2448\r\nImage: C:\\windows\\System32\\svchost.exe\r\nTargetObject: \\REGISTRY\\A\\{fb57a6dd-6b5c-0658-4825-36826d1afbbb}\\DeliveryOptimization\\Swarms\\95D2EE60-C9D3-45E4-876D-BAE16D758A87_16_0_13127_20408_STREAM_X86_EN_US\\DownloadStats\\RawBytes\\peerHttp\r\nDetails: QWORD (0x00000000-0x08800000)","ProcessId":"2448","EventType":"SetValue","@timestamp":"2020-09-17T21:31:53.143Z","SourceModuleType":"im_msvistalog","port":64545,"AccountName":"SYSTEM","RecordNumber":636801,"Task":13,"Domain":"NT AUTHORITY","@version":"1","OpcodeValue":0,"SourceModuleName":"eventlog","Severity":"INFO","SourceName":"Microsoft-Windows-Sysmon","Version":2,"Image":"C:\\windows\\System32\\svchost.exe","Category":"Registry value set (rule: RegistryEvent)","UtcTime":"2020-09-17 21:31:51.320","Hostname":"WORKSTATION5.theshire.local","RuleName":"-","tags":["mordorDataset"]}
{"Keywords":-9223372036854775808,"SeverityValue":2,"TargetObject":"\\REGISTRY\\A\\{fb57a6dd-6b5c-0658-4825-36826d1afbbb}\\DeliveryOptimization\\Swarms\\95D2EE60-C9D3-45E4-876D-BAE16D758A87_16_0_13127_20408_STREAM_X86_EN_US\\DownloadStats\\ValidBytes","EventTypeOrignal":"INFO","EventID":12,"ProviderGuid":"{5770385F-C22A-43E0-BF4C-06F5698FFBD9}","ExecutionProcessID":3228,"host":"wec.internal.cloudapp.net","Channel":"Microsoft-Windows-Sysmon/Operational","UserID":"S-1-5-18","AccountType":"User","ThreadID":4288,"ProcessGuid":"{b34bc01c-8526-5f63-2103-000000000400}","EventReceivedTime":"2020-09-17 17:31:53","ProcessId":"2448","Opcode":"Info","EventTime":"2020-09-17 17:31:51","Message":"Registry object added or deleted:\r\nRuleName: -\r\nEventType: CreateKey\r\nUtcTime: 2020-09-17 21:31:51.320\r\nProcessGuid: {b34bc01c-8526-5f63-2103-000000000400}\r\nProcessId: 2448\r\nImage: C:\\windows\\System32\\svchost.exe\r\nTargetObject: \\REGISTRY\\A\\{fb57a6dd-6b5c-0658-4825-36826d1afbbb}\\DeliveryOptimization\\Swarms\\95D2EE60-C9D3-45E4-876D-BAE16D758A87_16_0_13127_20408_STREAM_X86_EN_US\\DownloadStats\\ValidBytes","EventType":"CreateKey","@timestamp":"2020-09-17T21:31:53.143Z","SourceModuleType":"im_msvistalog","port":64545,"AccountName":"SYSTEM","RecordNumber":636802,"Task":12,"Domain":"NT AUTHORITY","@version":"1","OpcodeValue":0,"SourceModuleName":"eventlog","Severity":"INFO","SourceName":"Microsoft-Windows-Sysmon","Version":2,"Image":"C:\\windows\\System32\\svchost.exe","Category":"Registry object added or deleted (rule: RegistryEvent)","UtcTime":"2020-09-17 21:31:51.320","Hostname":"WORKSTATION5.theshire.local","RuleName":"-","tags":["mordorDataset"]}
{"Keywords":-9223372036854775808,"SeverityValue":2,"TargetObject":"\\REGISTRY\\A\\{fb57a6dd-6b5c-0658-4825-36826d1afbbb}\\DeliveryOptimization\\Swarms\\95D2EE60-C9D3-45E4-876D-BAE16D758A87_16_0_13127_20408_STREAM_X86_EN_US\\DownloadStats\\ValidBytes\\peerHttp","EventTypeOrignal":"INFO","EventID":13,"ProviderGuid":"{5770385F-C22A-43E0-BF4C-06F5698FFBD9}","ExecutionProcessID":3228,"host":"wec.internal.cloudapp.net","Channel":"Microsoft-Windows-Sysmon/Operational","UserID":"S-1-5-18","AccountType":"User","ThreadID":4288,"ProcessGuid":"{b34bc01c-8526-5f63-2103-000000000400}","Details":"QWORD (0x00000000-0x08800000)","EventReceivedTime":"2020-09-17 17:31:53","Opcode":"Info","EventTime":"2020-09-17 17:31:51","Message":"Registry value set:\r\nRuleName: -\r\nEventType: SetValue\r\nUtcTime: 2020-09-17 21:31:51.320\r\nProcessGuid: {b34bc01c-8526-5f63-2103-000000000400}\r\nProcessId: 2448\r\nImage: C:\\windows\\System32\\svchost.exe\r\nTargetObject: \\REGISTRY\\A\\{fb57a6dd-6b5c-0658-4825-36826d1afbbb}\\DeliveryOptimization\\Swarms\\95D2EE60-C9D3-45E4-876D-BAE16D758A87_16_0_13127_20408_STREAM_X86_EN_US\\DownloadStats\\ValidBytes\\peerHttp\r\nDetails: QWORD (0x00000000-0x08800000)","ProcessId":"2448","EventType":"SetValue","@timestamp":"2020-09-17T21:31:53.144Z","SourceModuleType":"im_msvistalog","port":64545,"AccountName":"SYSTEM","RecordNumber":636803,"Task":13,"Domain":"NT AUTHORITY","@version":"1","OpcodeValue":0,"SourceModuleName":"eventlog","Severity":"INFO","SourceName":"Microsoft-Windows-Sysmon","Version":2,"Image":"C:\\windows\\System32\\svchost.exe","Category":"Registry value set (rule: RegistryEvent)","UtcTime":"2020-09-17 21:31:51.320","Hostname":"WORKSTATION5.theshire.local","RuleName":"-","tags":["mordorDataset"]}
{"Keywords":-9223372036854775808,"SeverityValue":2,"TargetObject":"\\REGISTRY\\A\\{fb57a6dd-6b5c-0658-4825-36826d1afbbb}\\DeliveryOptimization\\Swarms\\95D2EE60-C9D3-45E4-876D-BAE16D758A87_16_0_13127_20408_STREAM_X86_EN_US\\UploadStats","EventTypeOrignal":"INFO","EventID":12,"ProviderGuid":"{5770385F-C22A-43E0-BF4C-06F5698FFBD9}","ExecutionProcessID":3228,"host":"wec.internal.cloudapp.net","Channel":"Microsoft-Windows-Sysmon/Operational","UserID":"S-1-5-18","AccountType":"User","ThreadID":4288,"ProcessGuid":"{b34bc01c-8526-5f63-2103-000000000400}","EventReceivedTime":"2020-09-17 17:31:53","ProcessId":"2448","Opcode":"Info","EventTime":"2020-09-17 17:31:51","Message":"Registry object added or deleted:\r\nRuleName: -\r\nEventType: CreateKey\r\nUtcTime: 2020-09-17 21:31:51.320\r\nProcessGuid: {b34bc01c-8526-5f63-2103-000000000400}\r\nProcessId: 2448\r\nImage: C:\\windows\\System32\\svchost.exe\r\nTargetObject: \\REGISTRY\\A\\{fb57a6dd-6b5c-0658-4825-36826d1afbbb}\\DeliveryOptimization\\Swarms\\95D2EE60-C9D3-45E4-876D-BAE16D758A87_16_0_13127_20408_STREAM_X86_EN_US\\UploadStats","EventType":"CreateKey","@timestamp":"2020-09-17T21:31:53.144Z","SourceModuleType":"im_msvistalog","port":64545,"AccountName":"SYSTEM","RecordNumber":636804,"Task":12,"Domain":"NT AUTHORITY","@version":"1","OpcodeValue":0,"SourceModuleName":"eventlog","Severity":"INFO","SourceName":"Microsoft-Windows-Sysmon","Version":2,"Image":"C:\\windows\\System32\\svchost.exe","Category":"Registry object added or deleted (rule: RegistryEvent)","UtcTime":"2020-09-17 21:31:51.320","Hostname":"WORKSTATION5.theshire.local","RuleName":"-","tags":["mordorDataset"]}
{"Keywords":-9223372036854775808,"SeverityValue":2,"TargetObject":"\\REGISTRY\\A\\{fb57a6dd-6b5c-0658-4825-36826d1afbbb}\\DeliveryOptimization\\Swarms\\95D2EE60-C9D3-45E4-876D-BAE16D758A87_16_0_13127_20408_STREAM_X86_X_NONE","EventTypeOrignal":"INFO","EventID":12,"ProviderGuid":"{5770385F-C22A-43E0-BF4C-06F5698FFBD9}","ExecutionProcessID":3228,"host":"wec.internal.cloudapp.net","Channel":"Microsoft-Windows-Sysmon/Operational","UserID":"S-1-5-18","AccountType":"User","ThreadID":4288,"ProcessGuid":"{b34bc01c-8526-5f63-2103-000000000400}","EventReceivedTime":"2020-09-17 17:31:53","ProcessId":"2448","Opcode":"Info","EventTime":"2020-09-17 17:31:51","Message":"Registry object added or deleted:\r\nRuleName: -\r\nEventType: CreateKey\r\nUtcTime: 2020-09-17 21:31:51.320\r\nProcessGuid: {b34bc01c-8526-5f63-2103-000000000400}\r\nProcessId: 2448\r\nImage: C:\\windows\\System32\\svchost.exe\r\nTargetObject: \\REGISTRY\\A\\{fb57a6dd-6b5c-0658-4825-36826d1afbbb}\\DeliveryOptimization\\Swarms\\95D2EE60-C9D3-45E4-876D-BAE16D758A87_16_0_13127_20408_STREAM_X86_X_NONE","EventType":"CreateKey","@timestamp":"2020-09-17T21:31:53.145Z","SourceModuleType":"im_msvistalog","port":64545,"AccountName":"SYSTEM","RecordNumber":636805,"Task":12,"Domain":"NT AUTHORITY","@version":"1","OpcodeValue":0,"SourceModuleName":"eventlog","Severity":"INFO","SourceName":"Microsoft-Windows-Sysmon","Version":2,"Image":"C:\\windows\\System32\\svchost.exe","Category":"Registry object added or deleted (rule: RegistryEvent)","UtcTime":"2020-09-17 21:31:51.320","Hostname":"WORKSTATION5.theshire.local","RuleName":"-","tags":["mordorDataset"]}
{"Keywords":-9223372036854775808,"SeverityValue":2,"TargetObject":"\\REGISTRY\\A\\{fb57a6dd-6b5c-0658-4825-36826d1afbbb}\\DeliveryOptimization\\Swarms\\95D2EE60-C9D3-45E4-876D-BAE16D758A87_16_0_13127_20408_STREAM_X86_X_NONE\\HashID","EventTypeOrignal":"INFO","EventID":13,"ProviderGuid":"{5770385F-C22A-43E0-BF4C-06F5698FFBD9}","ExecutionProcessID":3228,"host":"wec.internal.cloudapp.net","Channel":"Microsoft-Windows-Sysmon/Operational","UserID":"S-1-5-18","AccountType":"User","ThreadID":4288,"ProcessGuid":"{b34bc01c-8526-5f63-2103-000000000400}","Details":"b01cdfffa640d48a1c3e9b858ec9c8785c36444072602cef1e65a951a897e7a2","EventReceivedTime":"2020-09-17 17:31:53","Opcode":"Info","EventTime":"2020-09-17 17:31:51","Message":"Registry value set:\r\nRuleName: -\r\nEventType: SetValue\r\nUtcTime: 2020-09-17 21:31:51.320\r\nProcessGuid: {b34bc01c-8526-5f63-2103-000000000400}\r\nProcessId: 2448\r\nImage: C:\\windows\\System32\\svchost.exe\r\nTargetObject: \\REGISTRY\\A\\{fb57a6dd-6b5c-0658-4825-36826d1afbbb}\\DeliveryOptimization\\Swarms\\95D2EE60-C9D3-45E4-876D-BAE16D758A87_16_0_13127_20408_STREAM_X86_X_NONE\\HashID\r\nDetails: b01cdfffa640d48a1c3e9b858ec9c8785c36444072602cef1e65a951a897e7a2","ProcessId":"2448","EventType":"SetValue","@timestamp":"2020-09-17T21:31:53.145Z","SourceModuleType":"im_msvistalog","port":64545,"AccountName":"SYSTEM","RecordNumber":636806,"Task":13,"Domain":"NT AUTHORITY","@version":"1","OpcodeValue":0,"SourceModuleName":"eventlog","Severity":"INFO","SourceName":"Microsoft-Windows-Sysmon","Version":2,"Image":"C:\\windows\\System32\\svchost.exe","Category":"Registry value set (rule: RegistryEvent)","UtcTime":"2020-09-17 21:31:51.320","Hostname":"WORKSTATION5.theshire.local","RuleName":"-","tags":["mordorDataset"]}
{"Keywords":-9223372036854775808,"SeverityValue":2,"TargetObject":"\\REGISTRY\\A\\{fb57a6dd-6b5c-0658-4825-36826d1afbbb}\\DeliveryOptimization\\Swarms\\95D2EE60-C9D3-45E4-876D-BAE16D758A87_16_0_13127_20408_STREAM_X86_X_NONE\\Rank","EventTypeOrignal":"INFO","EventID":13,"ProviderGuid":"{5770385F-C22A-43E0-BF4C-06F5698FFBD9}","ExecutionProcessID":3228,"host":"wec.internal.cloudapp.net","Channel":"Microsoft-Windows-Sysmon/Operational","UserID":"S-1-5-18","AccountType":"User","ThreadID":4288,"ProcessGuid":"{b34bc01c-8526-5f63-2103-000000000400}","Details":"0.925272","EventReceivedTime":"2020-09-17 17:31:53","Opcode":"Info","EventTime":"2020-09-17 17:31:51","Message":"Registry value set:\r\nRuleName: -\r\nEventType: SetValue\r\nUtcTime: 2020-09-17 21:31:51.320\r\nProcessGuid: {b34bc01c-8526-5f63-2103-000000000400}\r\nProcessId: 2448\r\nImage: C:\\windows\\System32\\svchost.exe\r\nTargetObject: \\REGISTRY\\A\\{fb57a6dd-6b5c-0658-4825-36826d1afbbb}\\DeliveryOptimization\\Swarms\\95D2EE60-C9D3-45E4-876D-BAE16D758A87_16_0_13127_20408_STREAM_X86_X_NONE\\Rank\r\nDetails: 0.925272","ProcessId":"2448","EventType":"SetValue","@timestamp":"2020-09-17T21:31:53.146Z","SourceModuleType":"im_msvistalog","port":64545,"AccountName":"SYSTEM","RecordNumber":636807,"Task":13,"Domain":"NT AUTHORITY","@version":"1","OpcodeValue":0,"SourceModuleName":"eventlog","Severity":"INFO","SourceName":"Microsoft-Windows-Sysmon","Version":2,"Image":"C:\\windows\\System32\\svchost.exe","Category":"Registry value set (rule: RegistryEvent)","UtcTime":"2020-09-17 21:31:51.320","Hostname":"WORKSTATION5.theshire.local","RuleName":"-","tags":["mordorDataset"]}
{"Keywords":-9223372036854775808,"SeverityValue":2,"TargetObject":"\\REGISTRY\\A\\{fb57a6dd-6b5c-0658-4825-36826d1afbbb}\\DeliveryOptimization\\Swarms\\95D2EE60-C9D3-45E4-876D-BAE16D758A87_16_0_13127_20408_STREAM_X86_X_NONE\\UploadForSecs","EventTypeOrignal":"INFO","EventID":13,"ProviderGuid":"{5770385F-C22A-43E0-BF4C-06F5698FFBD9}","ExecutionProcessID":3228,"host":"wec.internal.cloudapp.net","Channel":"Microsoft-Windows-Sysmon/Operational","UserID":"S-1-5-18","AccountType":"User","ThreadID":4288,"ProcessGuid":"{b34bc01c-8526-5f63-2103-000000000400}","Details":"DWORD (0x0003f480)","EventReceivedTime":"2020-09-17 17:31:53","Opcode":"Info","EventTime":"2020-09-17 17:31:51","Message":"Registry value set:\r\nRuleName: -\r\nEventType: SetValue\r\nUtcTime: 2020-09-17 21:31:51.320\r\nProcessGuid: {b34bc01c-8526-5f63-2103-000000000400}\r\nProcessId: 2448\r\nImage: C:\\windows\\System32\\svchost.exe\r\nTargetObject: \\REGISTRY\\A\\{fb57a6dd-6b5c-0658-4825-36826d1afbbb}\\DeliveryOptimization\\Swarms\\95D2EE60-C9D3-45E4-876D-BAE16D758A87_16_0_13127_20408_STREAM_X86_X_NONE\\UploadForSecs\r\nDetails: DWORD (0x0003f480)","ProcessId":"2448","EventType":"SetValue","@timestamp":"2020-09-17T21:31:53.147Z","SourceModuleType":"im_msvistalog","port":64545,"AccountName":"SYSTEM","RecordNumber":636808,"Task":13,"Domain":"NT AUTHORITY","@version":"1","OpcodeValue":0,"SourceModuleName":"eventlog","Severity":"INFO","SourceName":"Microsoft-Windows-Sysmon","Version":2,"Image":"C:\\windows\\System32\\svchost.exe","Category":"Registry value set (rule: RegistryEvent)","UtcTime":"2020-09-17 21:31:51.320","Hostname":"WORKSTATION5.theshire.local","RuleName":"-","tags":["mordorDataset"]}
