{"@version":"1","EventType":"INFO","AccountType":"User","ThreadID":4208,"Channel":"Microsoft-Windows-Sysmon/Operational","OpcodeValue":0,"OriginalFileName":"kernel.appcore.dll","Hostname":"MORDORDC.theshire.local","@timestamp":"2020-08-06T05:21:18.954Z","ProcessId":"2236","Signed":"true","host":"wec.internal.cloudapp.net","SignatureStatus":"Valid","Severity":"INFO","SeverityValue":2,"Image":"C:\\Windows\\System32\\conhost.exe","SourceModuleType":"im_msvistalog","FileVersion":"10.0.17763.1 (WinBuild.160101.0800)","Version":3,"Company":"Microsoft Corporation","EventTime":"2020-08-06 01:21:18","Task":7,"Signature":"Microsoft Windows","SourceName":"Microsoft-Windows-Sysmon","Message":"Image loaded:\r\nRuleName: -\r\nUtcTime: 2020-08-06 05:21:18.720\r\nProcessGuid: {9f85ce58-934e-5f2b-f103-000000000400}\r\nProcessId: 2236\r\nImage: C:\\Windows\\System32\\conhost.exe\r\nImageLoaded: C:\\Windows\\System32\\kernel.appcore.dll\r\nFileVersion: 10.0.17763.1 (WinBuild.160101.0800)\r\nDescription: AppModel API Host\r\nProduct: Microsoft® Windows® Operating System\r\nCompany: Microsoft Corporation\r\nOriginalFileName: kernel.appcore.dll\r\nHashes: SHA1=564655189DEE96750D04CD9E05DE1237AB30F49C,MD5=56753185D301D7718470A4ADF780395B,SHA256=CA954AC516F91F28301378214335FF808D0E9331018A6474DFAA25D18D0FD6A8,IMPHASH=D8EB7D9EDA6379E4A8781259443BCF22\r\nSigned: true\r\nSignature: Microsoft Windows\r\nSignatureStatus: Valid","SourceModuleName":"eventlog","ImageLoaded":"C:\\Windows\\System32\\kernel.appcore.dll","EventReceivedTime":"2020-08-06 01:21:18","port":60122,"AccountName":"SYSTEM","UtcTime":"2020-08-06 05:21:18.720","Domain":"NT AUTHORITY","ExecutionProcessID":3888,"Hashes":"SHA1=564655189DEE96750D04CD9E05DE1237AB30F49C,MD5=56753185D301D7718470A4ADF780395B,SHA256=CA954AC516F91F28301378214335FF808D0E9331018A6474DFAA25D18D0FD6A8,IMPHASH=D8EB7D9EDA6379E4A8781259443BCF22","Description":"AppModel API Host","UserID":"S-1-5-18","EventID":7,"Product":"Microsoft® Windows® Operating System","ProviderGuid":"{5770385F-C22A-43E0-BF4C-06F5698FFBD9}","RecordNumber":250743,"Keywords":-9223372036854775808,"ProcessGuid":"{9f85ce58-934e-5f2b-f103-000000000400}","tags":["mordorDataset"],"RuleName":"-"}
{"@version":"1","EventType":"INFO","AccountType":"User","ThreadID":4208,"Channel":"Microsoft-Windows-Sysmon/Operational","OpcodeValue":0,"OriginalFileName":"cryptsp.dll","Hostname":"MORDORDC.theshire.local","@timestamp":"2020-08-06T05:21:18.954Z","ProcessId":"2236","Signed":"true","host":"wec.internal.cloudapp.net","SignatureStatus":"Valid","Severity":"INFO","SeverityValue":2,"Image":"C:\\Windows\\System32\\conhost.exe","SourceModuleType":"im_msvistalog","FileVersion":"10.0.17763.1 (WinBuild.160101.0800)","Version":3,"Company":"Microsoft Corporation","EventTime":"2020-08-06 01:21:18","Task":7,"Signature":"Microsoft Windows","SourceName":"Microsoft-Windows-Sysmon","Message":"Image loaded:\r\nRuleName: -\r\nUtcTime: 2020-08-06 05:21:18.720\r\nProcessGuid: {9f85ce58-934e-5f2b-f103-000000000400}\r\nProcessId: 2236\r\nImage: C:\\Windows\\System32\\conhost.exe\r\nImageLoaded: C:\\Windows\\System32\\cryptsp.dll\r\nFileVersion: 10.0.17763.1 (WinBuild.160101.0800)\r\nDescription: Cryptographic Service Provider API\r\nProduct: Microsoft® Windows® Operating System\r\nCompany: Microsoft Corporation\r\nOriginalFileName: cryptsp.dll\r\nHashes: SHA1=0404FAD85C37A9D623ABF77AE9FA2AD4E38DCF38,MD5=F90316FE094F4AB2FEF98CA624A04654,SHA256=78D6A1CD068F5DE2A3DE7F83A975667FA332AA65EC59DD5991CEA1D021BD47C5,IMPHASH=A9B9D04D0B53DC48ABB37BE77AD01B55\r\nSigned: true\r\nSignature: Microsoft Windows\r\nSignatureStatus: Valid","SourceModuleName":"eventlog","ImageLoaded":"C:\\Windows\\System32\\cryptsp.dll","EventReceivedTime":"2020-08-06 01:21:18","port":60122,"AccountName":"SYSTEM","UtcTime":"2020-08-06 05:21:18.720","Domain":"NT AUTHORITY","ExecutionProcessID":3888,"Hashes":"SHA1=0404FAD85C37A9D623ABF77AE9FA2AD4E38DCF38,MD5=F90316FE094F4AB2FEF98CA624A04654,SHA256=78D6A1CD068F5DE2A3DE7F83A975667FA332AA65EC59DD5991CEA1D021BD47C5,IMPHASH=A9B9D04D0B53DC48ABB37BE77AD01B55","Description":"Cryptographic Service Provider API","UserID":"S-1-5-18","EventID":7,"Product":"Microsoft® Windows® Operating System","ProviderGuid":"{5770385F-C22A-43E0-BF4C-06F5698FFBD9}","RecordNumber":250744,"Keywords":-9223372036854775808,"ProcessGuid":"{9f85ce58-934e-5f2b-f103-000000000400}","tags":["mordorDataset"],"RuleName":"-"}
{"@version":"1","EventType":"INFO","AccountType":"User","ThreadID":4208,"Channel":"Microsoft-Windows-Sysmon/Operational","OpcodeValue":0,"OriginalFileName":"CLBCATQ.DLL","Hostname":"MORDORDC.theshire.local","@timestamp":"2020-08-06T05:21:18.954Z","ProcessId":"2236","Signed":"true","host":"wec.internal.cloudapp.net","SignatureStatus":"Valid","Severity":"INFO","SeverityValue":2,"Image":"C:\\Windows\\System32\\conhost.exe","SourceModuleType":"im_msvistalog","FileVersion":"2001.12.10941.16384 (WinBuild.160101.0800)","Version":3,"Company":"Microsoft Corporation","EventTime":"2020-08-06 01:21:18","Task":7,"Signature":"Microsoft Windows","SourceName":"Microsoft-Windows-Sysmon","Message":"Image loaded:\r\nRuleName: -\r\nUtcTime: 2020-08-06 05:21:18.736\r\nProcessGuid: {9f85ce58-934e-5f2b-f103-000000000400}\r\nProcessId: 2236\r\nImage: C:\\Windows\\System32\\conhost.exe\r\nImageLoaded: C:\\Windows\\System32\\clbcatq.dll\r\nFileVersion: 2001.12.10941.16384 (WinBuild.160101.0800)\r\nDescription: COM+ Configuration Catalog\r\nProduct: Microsoft® Windows® Operating System\r\nCompany: Microsoft Corporation\r\nOriginalFileName: CLBCATQ.DLL\r\nHashes: SHA1=55EF35D19CEEBB6D38BD788FF7D29438478E93C9,MD5=12112113BDFAF0CC03517604440217D5,SHA256=C5D4F3DFA14DEABD6A845E6F0B04C39A9A539C1A4D6C71B25943EB9BF9C9A3F5,IMPHASH=3773D947C51AA49608827241D89C54A6\r\nSigned: true\r\nSignature: Microsoft Windows\r\nSignatureStatus: Valid","SourceModuleName":"eventlog","ImageLoaded":"C:\\Windows\\System32\\clbcatq.dll","EventReceivedTime":"2020-08-06 01:21:18","port":60122,"AccountName":"SYSTEM","UtcTime":"2020-08-06 05:21:18.736","Domain":"NT AUTHORITY","ExecutionProcessID":3888,"Hashes":"SHA1=55EF35D19CEEBB6D38BD788FF7D29438478E93C9,MD5=12112113BDFAF0CC03517604440217D5,SHA256=C5D4F3DFA14DEABD6A845E6F0B04C39A9A539C1A4D6C71B25943EB9BF9C9A3F5,IMPHASH=3773D947C51AA49608827241D89C54A6","Description":"COM+ Configuration Catalog","UserID":"S-1-5-18","EventID":7,"Product":"Microsoft® Windows® Operating System","ProviderGuid":"{5770385F-C22A-43E0-BF4C-06F5698FFBD9}","RecordNumber":250745,"Keywords":-9223372036854775808,"ProcessGuid":"{9f85ce58-934e-5f2b-f103-000000000400}","tags":["mordorDataset"],"RuleName":"-"}
{"@version":"1","EventType":"INFO","AccountType":"User","ThreadID":4208,"Channel":"Microsoft-Windows-Sysmon/Operational","OpcodeValue":0,"OriginalFileName":"MSCTF.DLL","Hostname":"MORDORDC.theshire.local","@timestamp":"2020-08-06T05:21:18.954Z","ProcessId":"2236","Signed":"true","host":"wec.internal.cloudapp.net","SignatureStatus":"Valid","Severity":"INFO","SeverityValue":2,"Image":"C:\\Windows\\System32\\conhost.exe","SourceModuleType":"im_msvistalog","FileVersion":"10.0.17763.1282 (WinBuild.160101.0800)","Version":3,"Company":"Microsoft Corporation","EventTime":"2020-08-06 01:21:18","Task":7,"Signature":"Microsoft Windows","SourceName":"Microsoft-Windows-Sysmon","Message":"Image loaded:\r\nRuleName: -\r\nUtcTime: 2020-08-06 05:21:18.736\r\nProcessGuid: {9f85ce58-934e-5f2b-f103-000000000400}\r\nProcessId: 2236\r\nImage: C:\\Windows\\System32\\conhost.exe\r\nImageLoaded: C:\\Windows\\System32\\msctf.dll\r\nFileVersion: 10.0.17763.1282 (WinBuild.160101.0800)\r\nDescription: MSCTF Server DLL\r\nProduct: Microsoft® Windows® Operating System\r\nCompany: Microsoft Corporation\r\nOriginalFileName: MSCTF.DLL\r\nHashes: SHA1=36653BCD96D09053710DBF9F84B661B9C2F2EEB0,MD5=78FD78B02FDB9B9C8007C10AE2F3D5B6,SHA256=74DC6EEA5CC80597231ADE05B652E09C1075FA5F9BA7B6211C0C28420C0A1BCE,IMPHASH=20E06BBE5062315A20CB56B09CDED2F3\r\nSigned: true\r\nSignature: Microsoft Windows\r\nSignatureStatus: Valid","SourceModuleName":"eventlog","ImageLoaded":"C:\\Windows\\System32\\msctf.dll","EventReceivedTime":"2020-08-06 01:21:18","port":60122,"AccountName":"SYSTEM","UtcTime":"2020-08-06 05:21:18.736","Domain":"NT AUTHORITY","ExecutionProcessID":3888,"Hashes":"SHA1=36653BCD96D09053710DBF9F84B661B9C2F2EEB0,MD5=78FD78B02FDB9B9C8007C10AE2F3D5B6,SHA256=74DC6EEA5CC80597231ADE05B652E09C1075FA5F9BA7B6211C0C28420C0A1BCE,IMPHASH=20E06BBE5062315A20CB56B09CDED2F3","Description":"MSCTF Server DLL","UserID":"S-1-5-18","EventID":7,"Product":"Microsoft® Windows® Operating System","ProviderGuid":"{5770385F-C22A-43E0-BF4C-06F5698FFBD9}","RecordNumber":250746,"Keywords":-9223372036854775808,"ProcessGuid":"{9f85ce58-934e-5f2b-f103-000000000400}","tags":["mordorDataset"],"RuleName":"-"}
{"@version":"1","EventType":"INFO","AccountType":"User","ThreadID":4208,"Channel":"Microsoft-Windows-Sysmon/Operational","OpcodeValue":0,"OriginalFileName":"OLEAUT32.DLL","Hostname":"MORDORDC.theshire.local","@timestamp":"2020-08-06T05:21:18.954Z","ProcessId":"2236","Signed":"true","host":"wec.internal.cloudapp.net","SignatureStatus":"Valid","Severity":"INFO","SeverityValue":2,"Image":"C:\\Windows\\System32\\conhost.exe","SourceModuleType":"im_msvistalog","FileVersion":"10.0.17763.1339 (WinBuild.160101.0800)","Version":3,"Company":"Microsoft Corporation","EventTime":"2020-08-06 01:21:18","Task":7,"Signature":"Microsoft Windows","SourceName":"Microsoft-Windows-Sysmon","Message":"Image loaded:\r\nRuleName: -\r\nUtcTime: 2020-08-06 05:21:18.736\r\nProcessGuid: {9f85ce58-934e-5f2b-f103-000000000400}\r\nProcessId: 2236\r\nImage: C:\\Windows\\System32\\conhost.exe\r\nImageLoaded: C:\\Windows\\System32\\oleaut32.dll\r\nFileVersion: 10.0.17763.1339 (WinBuild.160101.0800)\r\nDescription: OLEAUT32.DLL\r\nProduct: Microsoft® Windows® Operating System\r\nCompany: Microsoft Corporation\r\nOriginalFileName: OLEAUT32.DLL\r\nHashes: SHA1=DE7CFA27E0BBE12B2721CF88E10701805A27A876,MD5=7E6E0B8F7233023BF969900537A25B0A,SHA256=31012EF85A43116FFE3C73550578B2D107E0DBD7B1CF5117B51B89BDA1CBC1A2,IMPHASH=6853F61807127E891C66F2120C64B8F8\r\nSigned: true\r\nSignature: Microsoft Windows\r\nSignatureStatus: Valid","SourceModuleName":"eventlog","ImageLoaded":"C:\\Windows\\System32\\oleaut32.dll","EventReceivedTime":"2020-08-06 01:21:18","port":60122,"AccountName":"SYSTEM","UtcTime":"2020-08-06 05:21:18.736","Domain":"NT AUTHORITY","ExecutionProcessID":3888,"Hashes":"SHA1=DE7CFA27E0BBE12B2721CF88E10701805A27A876,MD5=7E6E0B8F7233023BF969900537A25B0A,SHA256=31012EF85A43116FFE3C73550578B2D107E0DBD7B1CF5117B51B89BDA1CBC1A2,IMPHASH=6853F61807127E891C66F2120C64B8F8","Description":"OLEAUT32.DLL","UserID":"S-1-5-18","EventID":7,"Product":"Microsoft® Windows® Operating System","ProviderGuid":"{5770385F-C22A-43E0-BF4C-06F5698FFBD9}","RecordNumber":250747,"Keywords":-9223372036854775808,"ProcessGuid":"{9f85ce58-934e-5f2b-f103-000000000400}","tags":["mordorDataset"],"RuleName":"-"}
{"@version":"1","EventType":"INFO","AccountType":"User","ThreadID":4208,"Channel":"Microsoft-Windows-Sysmon/Operational","OpcodeValue":0,"OriginalFileName":"imm32","Hostname":"MORDORDC.theshire.local","@timestamp":"2020-08-06T05:21:18.955Z","ProcessId":"2236","Signed":"true","host":"wec.internal.cloudapp.net","SignatureStatus":"Valid","Severity":"INFO","SeverityValue":2,"Image":"C:\\Windows\\System32\\conhost.exe","SourceModuleType":"im_msvistalog","FileVersion":"10.0.17763.719 (WinBuild.160101.0800)","Version":3,"Company":"Microsoft Corporation","EventTime":"2020-08-06 01:21:18","Task":7,"Signature":"Microsoft Windows","SourceName":"Microsoft-Windows-Sysmon","Message":"Image loaded:\r\nRuleName: -\r\nUtcTime: 2020-08-06 05:21:18.736\r\nProcessGuid: {9f85ce58-934e-5f2b-f103-000000000400}\r\nProcessId: 2236\r\nImage: C:\\Windows\\System32\\conhost.exe\r\nImageLoaded: C:\\Windows\\System32\\imm32.dll\r\nFileVersion: 10.0.17763.719 (WinBuild.160101.0800)\r\nDescription: Multi-User Windows IMM32 API Client DLL\r\nProduct: Microsoft® Windows® Operating System\r\nCompany: Microsoft Corporation\r\nOriginalFileName: imm32\r\nHashes: SHA1=5F5702B861E5381CA0AD49E0109344CE587290FE,MD5=E0E9A081E95674106A7B088F7F3A76B5,SHA256=E52109F58FE03265E7C782511EEA29074928376CF5DC93C1A16D500F3BA1A3AF,IMPHASH=24F54B6761C10BA12481CF6C780605BF\r\nSigned: true\r\nSignature: Microsoft Windows\r\nSignatureStatus: Valid","SourceModuleName":"eventlog","ImageLoaded":"C:\\Windows\\System32\\imm32.dll","EventReceivedTime":"2020-08-06 01:21:18","port":60122,"AccountName":"SYSTEM","UtcTime":"2020-08-06 05:21:18.736","Domain":"NT AUTHORITY","ExecutionProcessID":3888,"Hashes":"SHA1=5F5702B861E5381CA0AD49E0109344CE587290FE,MD5=E0E9A081E95674106A7B088F7F3A76B5,SHA256=E52109F58FE03265E7C782511EEA29074928376CF5DC93C1A16D500F3BA1A3AF,IMPHASH=24F54B6761C10BA12481CF6C780605BF","Description":"Multi-User Windows IMM32 API Client DLL","UserID":"S-1-5-18","EventID":7,"Product":"Microsoft® Windows® Operating System","ProviderGuid":"{5770385F-C22A-43E0-BF4C-06F5698FFBD9}","RecordNumber":250748,"Keywords":-9223372036854775808,"ProcessGuid":"{9f85ce58-934e-5f2b-f103-000000000400}","tags":["mordorDataset"],"RuleName":"-"}
{"@version":"1","EventType":"INFO","AccountType":"User","ThreadID":4208,"Channel":"Microsoft-Windows-Sysmon/Operational","OpcodeValue":0,"OriginalFileName":"advapi32.dll","Hostname":"MORDORDC.theshire.local","@timestamp":"2020-08-06T05:21:18.956Z","ProcessId":"5764","Signed":"true","host":"wec.internal.cloudapp.net","SignatureStatus":"Valid","Severity":"INFO","SeverityValue":2,"Image":"C:\\Windows\\System32\\dsregcmd.exe","SourceModuleType":"im_msvistalog","FileVersion":"10.0.17763.1131 (WinBuild.160101.0800)","Version":3,"Company":"Microsoft Corporation","EventTime":"2020-08-06 01:21:18","Task":7,"Signature":"Microsoft Windows","SourceName":"Microsoft-Windows-Sysmon","Message":"Image loaded:\r\nRuleName: -\r\nUtcTime: 2020-08-06 05:21:18.736\r\nProcessGuid: {9f85ce58-934e-5f2b-f003-000000000400}\r\nProcessId: 5764\r\nImage: C:\\Windows\\System32\\dsregcmd.exe\r\nImageLoaded: C:\\Windows\\System32\\advapi32.dll\r\nFileVersion: 10.0.17763.1131 (WinBuild.160101.0800)\r\nDescription: Advanced Windows 32 Base API\r\nProduct: Microsoft® Windows® Operating System\r\nCompany: Microsoft Corporation\r\nOriginalFileName: advapi32.dll\r\nHashes: SHA1=5C7EA03D7656EA690B668680BAC2A1A88329D781,MD5=268CCCE1619709DAB725ABFC5FD2AC07,SHA256=D6FCDDF7D6569425C470547B9E01FBB27363C12D42FE8409401E75647D6F2324,IMPHASH=3A220E81F7BE6E007402D394DD374042\r\nSigned: true\r\nSignature: Microsoft Windows\r\nSignatureStatus: Valid","SourceModuleName":"eventlog","ImageLoaded":"C:\\Windows\\System32\\advapi32.dll","EventReceivedTime":"2020-08-06 01:21:18","port":60122,"AccountName":"SYSTEM","UtcTime":"2020-08-06 05:21:18.736","Domain":"NT AUTHORITY","ExecutionProcessID":3888,"Hashes":"SHA1=5C7EA03D7656EA690B668680BAC2A1A88329D781,MD5=268CCCE1619709DAB725ABFC5FD2AC07,SHA256=D6FCDDF7D6569425C470547B9E01FBB27363C12D42FE8409401E75647D6F2324,IMPHASH=3A220E81F7BE6E007402D394DD374042","Description":"Advanced Windows 32 Base API","UserID":"S-1-5-18","EventID":7,"Product":"Microsoft® Windows® Operating System","ProviderGuid":"{5770385F-C22A-43E0-BF4C-06F5698FFBD9}","RecordNumber":250749,"Keywords":-9223372036854775808,"ProcessGuid":"{9f85ce58-934e-5f2b-f003-000000000400}","tags":["mordorDataset"],"RuleName":"-"}
{"@version":"1","EventType":"INFO","AccountType":"User","ThreadID":4208,"Channel":"Microsoft-Windows-Sysmon/Operational","OpcodeValue":0,"OriginalFileName":"msvcrt.dll","Hostname":"MORDORDC.theshire.local","@timestamp":"2020-08-06T05:21:18.956Z","ProcessId":"5764","Signed":"true","host":"wec.internal.cloudapp.net","SignatureStatus":"Valid","Severity":"INFO","SeverityValue":2,"Image":"C:\\Windows\\System32\\dsregcmd.exe","SourceModuleType":"im_msvistalog","FileVersion":"7.0.17763.475 (WinBuild.160101.0800)","Version":3,"Company":"Microsoft Corporation","EventTime":"2020-08-06 01:21:18","Task":7,"Signature":"Microsoft Windows","SourceName":"Microsoft-Windows-Sysmon","Message":"Image loaded:\r\nRuleName: -\r\nUtcTime: 2020-08-06 05:21:18.736\r\nProcessGuid: {9f85ce58-934e-5f2b-f003-000000000400}\r\nProcessId: 5764\r\nImage: C:\\Windows\\System32\\dsregcmd.exe\r\nImageLoaded: C:\\Windows\\System32\\msvcrt.dll\r\nFileVersion: 7.0.17763.475 (WinBuild.160101.0800)\r\nDescription: Windows NT CRT DLL\r\nProduct: Microsoft® Windows® Operating System\r\nCompany: Microsoft Corporation\r\nOriginalFileName: msvcrt.dll\r\nHashes: SHA1=ECA51F7D37874CF1029BC2FE3B0CF0E8CDF71E8E,MD5=DD0349151478B48FFCE769B50F8CDD33,SHA256=39095FE07AC2E244E2180C58BEC2898A0986DDA2BD2ABBC4F739D11E67720F2E,IMPHASH=1273683626EBBA703979F188A1E64237\r\nSigned: true\r\nSignature: Microsoft Windows\r\nSignatureStatus: Valid","SourceModuleName":"eventlog","ImageLoaded":"C:\\Windows\\System32\\msvcrt.dll","EventReceivedTime":"2020-08-06 01:21:18","port":60122,"AccountName":"SYSTEM","UtcTime":"2020-08-06 05:21:18.736","Domain":"NT AUTHORITY","ExecutionProcessID":3888,"Hashes":"SHA1=ECA51F7D37874CF1029BC2FE3B0CF0E8CDF71E8E,MD5=DD0349151478B48FFCE769B50F8CDD33,SHA256=39095FE07AC2E244E2180C58BEC2898A0986DDA2BD2ABBC4F739D11E67720F2E,IMPHASH=1273683626EBBA703979F188A1E64237","Description":"Windows NT CRT DLL","UserID":"S-1-5-18","EventID":7,"Product":"Microsoft® Windows® Operating System","ProviderGuid":"{5770385F-C22A-43E0-BF4C-06F5698FFBD9}","RecordNumber":250750,"Keywords":-9223372036854775808,"ProcessGuid":"{9f85ce58-934e-5f2b-f003-000000000400}","tags":["mordorDataset"],"RuleName":"-"}
{"@version":"1","EventType":"INFO","AccountType":"User","ThreadID":4208,"Channel":"Microsoft-Windows-Sysmon/Operational","OpcodeValue":0,"OriginalFileName":"sechost.dll","Hostname":"MORDORDC.theshire.local","@timestamp":"2020-08-06T05:21:18.957Z","ProcessId":"5764","Signed":"true","host":"wec.internal.cloudapp.net","SignatureStatus":"Valid","Severity":"INFO","SeverityValue":2,"Image":"C:\\Windows\\System32\\dsregcmd.exe","SourceModuleType":"im_msvistalog","FileVersion":"10.0.17763.1339 (WinBuild.160101.0800)","Version":3,"Company":"Microsoft Corporation","EventTime":"2020-08-06 01:21:18","Task":7,"Signature":"Microsoft Windows","SourceName":"Microsoft-Windows-Sysmon","Message":"Image loaded:\r\nRuleName: -\r\nUtcTime: 2020-08-06 05:21:18.736\r\nProcessGuid: {9f85ce58-934e-5f2b-f003-000000000400}\r\nProcessId: 5764\r\nImage: C:\\Windows\\System32\\dsregcmd.exe\r\nImageLoaded: C:\\Windows\\System32\\sechost.dll\r\nFileVersion: 10.0.17763.1339 (WinBuild.160101.0800)\r\nDescription: Host for SCM/SDDL/LSA Lookup APIs\r\nProduct: Microsoft® Windows® Operating System\r\nCompany: Microsoft Corporation\r\nOriginalFileName: sechost.dll\r\nHashes: SHA1=4FD39AD714E1C93D887D5050DBF65495A291D803,MD5=270ED637DA8BDCF746828CE1FCA8D085,SHA256=8906B092E6247F10D2C1946083F5C220B93B8C22A23030BC75860844C22F35DC,IMPHASH=5F0CBFA31042EAEC032DAB6F4E97C1FD\r\nSigned: true\r\nSignature: Microsoft Windows\r\nSignatureStatus: Valid","SourceModuleName":"eventlog","ImageLoaded":"C:\\Windows\\System32\\sechost.dll","EventReceivedTime":"2020-08-06 01:21:18","port":60122,"AccountName":"SYSTEM","UtcTime":"2020-08-06 05:21:18.736","Domain":"NT AUTHORITY","ExecutionProcessID":3888,"Hashes":"SHA1=4FD39AD714E1C93D887D5050DBF65495A291D803,MD5=270ED637DA8BDCF746828CE1FCA8D085,SHA256=8906B092E6247F10D2C1946083F5C220B93B8C22A23030BC75860844C22F35DC,IMPHASH=5F0CBFA31042EAEC032DAB6F4E97C1FD","Description":"Host for SCM/SDDL/LSA Lookup APIs","UserID":"S-1-5-18","EventID":7,"Product":"Microsoft® Windows® Operating System","ProviderGuid":"{5770385F-C22A-43E0-BF4C-06F5698FFBD9}","RecordNumber":250751,"Keywords":-9223372036854775808,"ProcessGuid":"{9f85ce58-934e-5f2b-f003-000000000400}","tags":["mordorDataset"],"RuleName":"-"}
{"@version":"1","EventType":"INFO","AccountType":"User","ThreadID":4208,"Channel":"Microsoft-Windows-Sysmon/Operational","OpcodeValue":0,"OriginalFileName":"rpcrt4.dll","Hostname":"MORDORDC.theshire.local","@timestamp":"2020-08-06T05:21:18.957Z","ProcessId":"5764","Signed":"true","host":"wec.internal.cloudapp.net","SignatureStatus":"Valid","Severity":"INFO","SeverityValue":2,"Image":"C:\\Windows\\System32\\dsregcmd.exe","SourceModuleType":"im_msvistalog","FileVersion":"10.0.17763.864 (WinBuild.160101.0800)","Version":3,"Company":"Microsoft Corporation","EventTime":"2020-08-06 01:21:18","Task":7,"Signature":"Microsoft Windows","SourceName":"Microsoft-Windows-Sysmon","Message":"Image loaded:\r\nRuleName: -\r\nUtcTime: 2020-08-06 05:21:18.736\r\nProcessGuid: {9f85ce58-934e-5f2b-f003-000000000400}\r\nProcessId: 5764\r\nImage: C:\\Windows\\System32\\dsregcmd.exe\r\nImageLoaded: C:\\Windows\\System32\\rpcrt4.dll\r\nFileVersion: 10.0.17763.864 (WinBuild.160101.0800)\r\nDescription: Remote Procedure Call Runtime\r\nProduct: Microsoft® Windows® Operating System\r\nCompany: Microsoft Corporation\r\nOriginalFileName: rpcrt4.dll\r\nHashes: SHA1=D71E2557D4A125514794871DC51047E039A05651,MD5=9699096051EBD27FF96F80D3615C2F7D,SHA256=116AA6DF4D985F5E2D989DFE594D96DAA7555AA3D8B68322F00BCD21667EAB95,IMPHASH=88E7E7C7FA90052EC162DD37F2B7C7BD\r\nSigned: true\r\nSignature: Microsoft Windows\r\nSignatureStatus: Valid","SourceModuleName":"eventlog","ImageLoaded":"C:\\Windows\\System32\\rpcrt4.dll","EventReceivedTime":"2020-08-06 01:21:18","port":60122,"AccountName":"SYSTEM","UtcTime":"2020-08-06 05:21:18.736","Domain":"NT AUTHORITY","ExecutionProcessID":3888,"Hashes":"SHA1=D71E2557D4A125514794871DC51047E039A05651,MD5=9699096051EBD27FF96F80D3615C2F7D,SHA256=116AA6DF4D985F5E2D989DFE594D96DAA7555AA3D8B68322F00BCD21667EAB95,IMPHASH=88E7E7C7FA90052EC162DD37F2B7C7BD","Description":"Remote Procedure Call Runtime","UserID":"S-1-5-18","EventID":7,"Product":"Microsoft® Windows® Operating System","ProviderGuid":"{5770385F-C22A-43E0-BF4C-06F5698FFBD9}","RecordNumber":250752,"Keywords":-9223372036854775808,"ProcessGuid":"{9f85ce58-934e-5f2b-f003-000000000400}","tags":["mordorDataset"],"RuleName":"-"}
{"@version":"1","EventType":"INFO","AccountType":"User","ThreadID":4208,"Channel":"Microsoft-Windows-Sysmon/Operational","OpcodeValue":0,"OriginalFileName":"OLE32.DLL","Hostname":"MORDORDC.theshire.local","@timestamp":"2020-08-06T05:21:18.957Z","ProcessId":"5764","Signed":"true","host":"wec.internal.cloudapp.net","SignatureStatus":"Valid","Severity":"INFO","SeverityValue":2,"Image":"C:\\Windows\\System32\\dsregcmd.exe","SourceModuleType":"im_msvistalog","FileVersion":"10.0.17763.1075 (WinBuild.160101.0800)","Version":3,"Company":"Microsoft Corporation","EventTime":"2020-08-06 01:21:18","Task":7,"Signature":"Microsoft Windows","SourceName":"Microsoft-Windows-Sysmon","Message":"Image loaded:\r\nRuleName: -\r\nUtcTime: 2020-08-06 05:21:18.736\r\nProcessGuid: {9f85ce58-934e-5f2b-f003-000000000400}\r\nProcessId: 5764\r\nImage: C:\\Windows\\System32\\dsregcmd.exe\r\nImageLoaded: C:\\Windows\\System32\\ole32.dll\r\nFileVersion: 10.0.17763.1075 (WinBuild.160101.0800)\r\nDescription: Microsoft OLE for Windows\r\nProduct: Microsoft® Windows® Operating System\r\nCompany: Microsoft Corporation\r\nOriginalFileName: OLE32.DLL\r\nHashes: SHA1=203558BE14663E5E8B77377155D6330FDF882DFB,MD5=69115DADDAC3B3F904426D8EC19E8E99,SHA256=A45FD0778BEE0614B9C6819FAD3A4C90FADB75F31F62F72CF007B24E0C5442DC,IMPHASH=6CD38B8F8C1F27CB46F8B55A9F7237A6\r\nSigned: true\r\nSignature: Microsoft Windows\r\nSignatureStatus: Valid","SourceModuleName":"eventlog","ImageLoaded":"C:\\Windows\\System32\\ole32.dll","EventReceivedTime":"2020-08-06 01:21:18","port":60122,"AccountName":"SYSTEM","UtcTime":"2020-08-06 05:21:18.736","Domain":"NT AUTHORITY","ExecutionProcessID":3888,"Hashes":"SHA1=203558BE14663E5E8B77377155D6330FDF882DFB,MD5=69115DADDAC3B3F904426D8EC19E8E99,SHA256=A45FD0778BEE0614B9C6819FAD3A4C90FADB75F31F62F72CF007B24E0C5442DC,IMPHASH=6CD38B8F8C1F27CB46F8B55A9F7237A6","Description":"Microsoft OLE for Windows","UserID":"S-1-5-18","EventID":7,"Product":"Microsoft® Windows® Operating System","ProviderGuid":"{5770385F-C22A-43E0-BF4C-06F5698FFBD9}","RecordNumber":250753,"Keywords":-9223372036854775808,"ProcessGuid":"{9f85ce58-934e-5f2b-f003-000000000400}","tags":["mordorDataset"],"RuleName":"-"}
{"@version":"1","EventType":"INFO","AccountType":"User","ThreadID":4208,"Channel":"Microsoft-Windows-Sysmon/Operational","OpcodeValue":0,"OriginalFileName":"COMBASE.DLL","Hostname":"MORDORDC.theshire.local","@timestamp":"2020-08-06T05:21:18.957Z","ProcessId":"5764","Signed":"true","host":"wec.internal.cloudapp.net","SignatureStatus":"Valid","Severity":"INFO","SeverityValue":2,"Image":"C:\\Windows\\System32\\dsregcmd.exe","SourceModuleType":"im_msvistalog","FileVersion":"10.0.17763.1282 (WinBuild.160101.0800)","Version":3,"Company":"Microsoft Corporation","EventTime":"2020-08-06 01:21:18","Task":7,"Signature":"Microsoft Windows","SourceName":"Microsoft-Windows-Sysmon","Message":"Image loaded:\r\nRuleName: -\r\nUtcTime: 2020-08-06 05:21:18.736\r\nProcessGuid: {9f85ce58-934e-5f2b-f003-000000000400}\r\nProcessId: 5764\r\nImage: C:\\Windows\\System32\\dsregcmd.exe\r\nImageLoaded: C:\\Windows\\System32\\combase.dll\r\nFileVersion: 10.0.17763.1282 (WinBuild.160101.0800)\r\nDescription: Microsoft COM for Windows\r\nProduct: Microsoft® Windows® Operating System\r\nCompany: Microsoft Corporation\r\nOriginalFileName: COMBASE.DLL\r\nHashes: SHA1=FBE00DD00A37B43B06EFE2C1CDE3F2992B314F4F,MD5=375B06A164C86042D20AFBCCE470C3E1,SHA256=401BB487A2B1E5DD2B9880147415B20CC79640FEB72EB40B99B37F0BC431296E,IMPHASH=6227A283EC0EEFEF0EBEDC9A50BD42F5\r\nSigned: true\r\nSignature: Microsoft Windows\r\nSignatureStatus: Valid","SourceModuleName":"eventlog","ImageLoaded":"C:\\Windows\\System32\\combase.dll","EventReceivedTime":"2020-08-06 01:21:18","port":60122,"AccountName":"SYSTEM","UtcTime":"2020-08-06 05:21:18.736","Domain":"NT AUTHORITY","ExecutionProcessID":3888,"Hashes":"SHA1=FBE00DD00A37B43B06EFE2C1CDE3F2992B314F4F,MD5=375B06A164C86042D20AFBCCE470C3E1,SHA256=401BB487A2B1E5DD2B9880147415B20CC79640FEB72EB40B99B37F0BC431296E,IMPHASH=6227A283EC0EEFEF0EBEDC9A50BD42F5","Description":"Microsoft COM for Windows","UserID":"S-1-5-18","EventID":7,"Product":"Microsoft® Windows® Operating System","ProviderGuid":"{5770385F-C22A-43E0-BF4C-06F5698FFBD9}","RecordNumber":250754,"Keywords":-9223372036854775808,"ProcessGuid":"{9f85ce58-934e-5f2b-f003-000000000400}","tags":["mordorDataset"],"RuleName":"-"}
{"@version":"1","EventType":"INFO","AccountType":"User","ThreadID":4208,"Channel":"Microsoft-Windows-Sysmon/Operational","OpcodeValue":0,"OriginalFileName":"msvcp110_win.dll","Hostname":"MORDORDC.theshire.local","@timestamp":"2020-08-06T05:21:18.958Z","ProcessId":"5764","Signed":"true","host":"wec.internal.cloudapp.net","SignatureStatus":"Valid","Severity":"INFO","SeverityValue":2,"Image":"C:\\Windows\\System32\\dsregcmd.exe","SourceModuleType":"im_msvistalog","FileVersion":"10.0.17763.1 (WinBuild.160101.0800)","Version":3,"Company":"Microsoft Corporation","EventTime":"2020-08-06 01:21:18","Task":7,"Signature":"Microsoft Windows","SourceName":"Microsoft-Windows-Sysmon","Message":"Image loaded:\r\nRuleName: -\r\nUtcTime: 2020-08-06 05:21:18.736\r\nProcessGuid: {9f85ce58-934e-5f2b-f003-000000000400}\r\nProcessId: 5764\r\nImage: C:\\Windows\\System32\\dsregcmd.exe\r\nImageLoaded: C:\\Windows\\System32\\msvcp110_win.dll\r\nFileVersion: 10.0.17763.1 (WinBuild.160101.0800)\r\nDescription: Microsoft® STL110 C++ Runtime Library\r\nProduct: Microsoft® Windows® Operating System\r\nCompany: Microsoft Corporation\r\nOriginalFileName: msvcp110_win.dll\r\nHashes: SHA1=E8A3A3EC02C4E7DDA28A734BA353A1DA2E34E8B8,MD5=38347B004B8802BA77B1D357EEBDB936,SHA256=C0C42626E8541697875A54D0B8224F2F82F3F7E5F23D2DBADBEF2D0ABC99000E,IMPHASH=92380460EFEFA520CA5B66A4164F2053\r\nSigned: true\r\nSignature: Microsoft Windows\r\nSignatureStatus: Valid","SourceModuleName":"eventlog","ImageLoaded":"C:\\Windows\\System32\\msvcp110_win.dll","EventReceivedTime":"2020-08-06 01:21:18","port":60122,"AccountName":"SYSTEM","UtcTime":"2020-08-06 05:21:18.736","Domain":"NT AUTHORITY","ExecutionProcessID":3888,"Hashes":"SHA1=E8A3A3EC02C4E7DDA28A734BA353A1DA2E34E8B8,MD5=38347B004B8802BA77B1D357EEBDB936,SHA256=C0C42626E8541697875A54D0B8224F2F82F3F7E5F23D2DBADBEF2D0ABC99000E,IMPHASH=92380460EFEFA520CA5B66A4164F2053","Description":"Microsoft® STL110 C++ Runtime Library","UserID":"S-1-5-18","EventID":7,"Product":"Microsoft® Windows® Operating System","ProviderGuid":"{5770385F-C22A-43E0-BF4C-06F5698FFBD9}","RecordNumber":250755,"Keywords":-9223372036854775808,"ProcessGuid":"{9f85ce58-934e-5f2b-f003-000000000400}","tags":["mordorDataset"],"RuleName":"-"}
{"@version":"1","EventType":"INFO","AccountType":"User","ThreadID":4208,"Channel":"Microsoft-Windows-Sysmon/Operational","OpcodeValue":0,"OriginalFileName":"ucrtbase.dll","Hostname":"MORDORDC.theshire.local","@timestamp":"2020-08-06T05:21:18.958Z","ProcessId":"5764","Signed":"true","host":"wec.internal.cloudapp.net","SignatureStatus":"Valid","Severity":"INFO","SeverityValue":2,"Image":"C:\\Windows\\System32\\dsregcmd.exe","SourceModuleType":"im_msvistalog","FileVersion":"10.0.17763.719 (WinBuild.160101.0800)","Version":3,"Company":"Microsoft Corporation","EventTime":"2020-08-06 01:21:18","Task":7,"Signature":"Microsoft Windows","SourceName":"Microsoft-Windows-Sysmon","Message":"Image loaded:\r\nRuleName: -\r\nUtcTime: 2020-08-06 05:21:18.736\r\nProcessGuid: {9f85ce58-934e-5f2b-f003-000000000400}\r\nProcessId: 5764\r\nImage: C:\\Windows\\System32\\dsregcmd.exe\r\nImageLoaded: C:\\Windows\\System32\\ucrtbase.dll\r\nFileVersion: 10.0.17763.719 (WinBuild.160101.0800)\r\nDescription: Microsoft® C Runtime Library\r\nProduct: Microsoft® Windows® Operating System\r\nCompany: Microsoft Corporation\r\nOriginalFileName: ucrtbase.dll\r\nHashes: SHA1=E8D72CF9AFDA3AFFB9CB6E5503B4328D38E4989F,MD5=CE45F9FA43823145E4AA401750F079EC,SHA256=73CE83774509898008995C732C7AF667C6BD9FDC5E549BBC82705E443F89EF48,IMPHASH=5AE9A136FAFA10321F3D48251BF4F6A1\r\nSigned: true\r\nSignature: Microsoft Windows\r\nSignatureStatus: Valid","SourceModuleName":"eventlog","ImageLoaded":"C:\\Windows\\System32\\ucrtbase.dll","EventReceivedTime":"2020-08-06 01:21:18","port":60122,"AccountName":"SYSTEM","UtcTime":"2020-08-06 05:21:18.736","Domain":"NT AUTHORITY","ExecutionProcessID":3888,"Hashes":"SHA1=E8D72CF9AFDA3AFFB9CB6E5503B4328D38E4989F,MD5=CE45F9FA43823145E4AA401750F079EC,SHA256=73CE83774509898008995C732C7AF667C6BD9FDC5E549BBC82705E443F89EF48,IMPHASH=5AE9A136FAFA10321F3D48251BF4F6A1","Description":"Microsoft® C Runtime Library","UserID":"S-1-5-18","EventID":7,"Product":"Microsoft® Windows® Operating System","ProviderGuid":"{5770385F-C22A-43E0-BF4C-06F5698FFBD9}","RecordNumber":250756,"Keywords":-9223372036854775808,"ProcessGuid":"{9f85ce58-934e-5f2b-f003-000000000400}","tags":["mordorDataset"],"RuleName":"-"}
{"@version":"1","EventType":"INFO","AccountType":"User","ThreadID":4208,"Channel":"Microsoft-Windows-Sysmon/Operational","OpcodeValue":0,"OriginalFileName":"bcryptprimitives.dll","Hostname":"MORDORDC.theshire.local","@timestamp":"2020-08-06T05:21:18.959Z","ProcessId":"5764","Signed":"true","host":"wec.internal.cloudapp.net","SignatureStatus":"Valid","Severity":"INFO","SeverityValue":2,"Image":"C:\\Windows\\System32\\dsregcmd.exe","SourceModuleType":"im_msvistalog","FileVersion":"10.0.17763.1217 (WinBuild.160101.0800)","Version":3,"Company":"Microsoft Corporation","EventTime":"2020-08-06 01:21:18","Task":7,"Signature":"Microsoft Windows","SourceName":"Microsoft-Windows-Sysmon","Message":"Image loaded:\r\nRuleName: -\r\nUtcTime: 2020-08-06 05:21:18.736\r\nProcessGuid: {9f85ce58-934e-5f2b-f003-000000000400}\r\nProcessId: 5764\r\nImage: C:\\Windows\\System32\\dsregcmd.exe\r\nImageLoaded: C:\\Windows\\System32\\bcryptprimitives.dll\r\nFileVersion: 10.0.17763.1217 (WinBuild.160101.0800)\r\nDescription: Windows Cryptographic Primitives Library\r\nProduct: Microsoft® Windows® Operating System\r\nCompany: Microsoft Corporation\r\nOriginalFileName: bcryptprimitives.dll\r\nHashes: SHA1=9246070D775679AC5859F254C263596AF5ABBA19,MD5=153A92B4CCC58BA42DA1A7EC2375BA84,SHA256=47DDEAC6F08307DB378E88A946D6A390F0B7AFEDB586487C4F74F609C6373F28,IMPHASH=402DA460E2AC467F4489C588A9941032\r\nSigned: true\r\nSignature: Microsoft Windows\r\nSignatureStatus: Valid","SourceModuleName":"eventlog","ImageLoaded":"C:\\Windows\\System32\\bcryptprimitives.dll","EventReceivedTime":"2020-08-06 01:21:18","port":60122,"AccountName":"SYSTEM","UtcTime":"2020-08-06 05:21:18.736","Domain":"NT AUTHORITY","ExecutionProcessID":3888,"Hashes":"SHA1=9246070D775679AC5859F254C263596AF5ABBA19,MD5=153A92B4CCC58BA42DA1A7EC2375BA84,SHA256=47DDEAC6F08307DB378E88A946D6A390F0B7AFEDB586487C4F74F609C6373F28,IMPHASH=402DA460E2AC467F4489C588A9941032","Description":"Windows Cryptographic Primitives Library","UserID":"S-1-5-18","EventID":7,"Product":"Microsoft® Windows® Operating System","ProviderGuid":"{5770385F-C22A-43E0-BF4C-06F5698FFBD9}","RecordNumber":250757,"Keywords":-9223372036854775808,"ProcessGuid":"{9f85ce58-934e-5f2b-f003-000000000400}","tags":["mordorDataset"],"RuleName":"-"}
{"@version":"1","EventType":"INFO","AccountType":"User","ThreadID":4208,"Channel":"Microsoft-Windows-Sysmon/Operational","OpcodeValue":0,"OriginalFileName":"gdi32","Hostname":"MORDORDC.theshire.local","@timestamp":"2020-08-06T05:21:18.959Z","ProcessId":"5764","Signed":"true","host":"wec.internal.cloudapp.net","SignatureStatus":"Valid","Severity":"INFO","SeverityValue":2,"Image":"C:\\Windows\\System32\\dsregcmd.exe","SourceModuleType":"im_msvistalog","FileVersion":"10.0.17763.592 (WinBuild.160101.0800)","Version":3,"Company":"Microsoft Corporation","EventTime":"2020-08-06 01:21:18","Task":7,"Signature":"Microsoft Windows","SourceName":"Microsoft-Windows-Sysmon","Message":"Image loaded:\r\nRuleName: -\r\nUtcTime: 2020-08-06 05:21:18.736\r\nProcessGuid: {9f85ce58-934e-5f2b-f003-000000000400}\r\nProcessId: 5764\r\nImage: C:\\Windows\\System32\\dsregcmd.exe\r\nImageLoaded: C:\\Windows\\System32\\gdi32.dll\r\nFileVersion: 10.0.17763.592 (WinBuild.160101.0800)\r\nDescription: GDI Client DLL\r\nProduct: Microsoft® Windows® Operating System\r\nCompany: Microsoft Corporation\r\nOriginalFileName: gdi32\r\nHashes: SHA1=82F3A18BAC5A53AB208659541F9488FC8567225F,MD5=AAB46B65ACC026B1A0E3AEAD988CCACE,SHA256=DFBF615C25F62504D577770C394BFB352550C81CD710CC62D61BF0CDC2457C72,IMPHASH=068515AABEE6B5C49150F5085AFD86C9\r\nSigned: true\r\nSignature: Microsoft Windows\r\nSignatureStatus: Valid","SourceModuleName":"eventlog","ImageLoaded":"C:\\Windows\\System32\\gdi32.dll","EventReceivedTime":"2020-08-06 01:21:18","port":60122,"AccountName":"SYSTEM","UtcTime":"2020-08-06 05:21:18.736","Domain":"NT AUTHORITY","ExecutionProcessID":3888,"Hashes":"SHA1=82F3A18BAC5A53AB208659541F9488FC8567225F,MD5=AAB46B65ACC026B1A0E3AEAD988CCACE,SHA256=DFBF615C25F62504D577770C394BFB352550C81CD710CC62D61BF0CDC2457C72,IMPHASH=068515AABEE6B5C49150F5085AFD86C9","Description":"GDI Client DLL","UserID":"S-1-5-18","EventID":7,"Product":"Microsoft® Windows® Operating System","ProviderGuid":"{5770385F-C22A-43E0-BF4C-06F5698FFBD9}","RecordNumber":250758,"Keywords":-9223372036854775808,"ProcessGuid":"{9f85ce58-934e-5f2b-f003-000000000400}","tags":["mordorDataset"],"RuleName":"-"}
{"@version":"1","EventType":"INFO","AccountType":"User","ThreadID":4208,"Channel":"Microsoft-Windows-Sysmon/Operational","OpcodeValue":0,"OriginalFileName":"gdi32","Hostname":"MORDORDC.theshire.local","@timestamp":"2020-08-06T05:21:18.959Z","ProcessId":"5764","Signed":"true","host":"wec.internal.cloudapp.net","SignatureStatus":"Valid","Severity":"INFO","SeverityValue":2,"Image":"C:\\Windows\\System32\\dsregcmd.exe","SourceModuleType":"im_msvistalog","FileVersion":"10.0.17763.1339 (WinBuild.160101.0800)","Version":3,"Company":"Microsoft Corporation","EventTime":"2020-08-06 01:21:18","Task":7,"Signature":"Microsoft Windows","SourceName":"Microsoft-Windows-Sysmon","Message":"Image loaded:\r\nRuleName: -\r\nUtcTime: 2020-08-06 05:21:18.736\r\nProcessGuid: {9f85ce58-934e-5f2b-f003-000000000400}\r\nProcessId: 5764\r\nImage: C:\\Windows\\System32\\dsregcmd.exe\r\nImageLoaded: C:\\Windows\\System32\\gdi32full.dll\r\nFileVersion: 10.0.17763.1339 (WinBuild.160101.0800)\r\nDescription: GDI Client DLL\r\nProduct: Microsoft® Windows® Operating System\r\nCompany: Microsoft Corporation\r\nOriginalFileName: gdi32\r\nHashes: SHA1=59039B9EE9B5D972AF2835840CF520EBF00CB698,MD5=49575E7699D6647011C0A73A87F6B8C3,SHA256=E71A56B0B297E38DC303436D834CD099A9CD16B39120E453F522C101647CC598,IMPHASH=6AD82D312C0BC96CF9506EB6890EBEC0\r\nSigned: true\r\nSignature: Microsoft Windows\r\nSignatureStatus: Valid","SourceModuleName":"eventlog","ImageLoaded":"C:\\Windows\\System32\\gdi32full.dll","EventReceivedTime":"2020-08-06 01:21:18","port":60122,"AccountName":"SYSTEM","UtcTime":"2020-08-06 05:21:18.736","Domain":"NT AUTHORITY","ExecutionProcessID":3888,"Hashes":"SHA1=59039B9EE9B5D972AF2835840CF520EBF00CB698,MD5=49575E7699D6647011C0A73A87F6B8C3,SHA256=E71A56B0B297E38DC303436D834CD099A9CD16B39120E453F522C101647CC598,IMPHASH=6AD82D312C0BC96CF9506EB6890EBEC0","Description":"GDI Client DLL","UserID":"S-1-5-18","EventID":7,"Product":"Microsoft® Windows® Operating System","ProviderGuid":"{5770385F-C22A-43E0-BF4C-06F5698FFBD9}","RecordNumber":250759,"Keywords":-9223372036854775808,"ProcessGuid":"{9f85ce58-934e-5f2b-f003-000000000400}","tags":["mordorDataset"],"RuleName":"-"}
{"@version":"1","EventType":"INFO","AccountType":"User","ThreadID":4208,"Channel":"Microsoft-Windows-Sysmon/Operational","OpcodeValue":0,"OriginalFileName":"msvcp_win.dll","Hostname":"MORDORDC.theshire.local","@timestamp":"2020-08-06T05:21:18.960Z","ProcessId":"5764","Signed":"true","host":"wec.internal.cloudapp.net","SignatureStatus":"Valid","Severity":"INFO","SeverityValue":2,"Image":"C:\\Windows\\System32\\dsregcmd.exe","SourceModuleType":"im_msvistalog","FileVersion":"10.0.17763.348 (WinBuild.160101.0800)","Version":3,"Company":"Microsoft Corporation","EventTime":"2020-08-06 01:21:18","Task":7,"Signature":"Microsoft Windows","SourceName":"Microsoft-Windows-Sysmon","Message":"Image loaded:\r\nRuleName: -\r\nUtcTime: 2020-08-06 05:21:18.736\r\nProcessGuid: {9f85ce58-934e-5f2b-f003-000000000400}\r\nProcessId: 5764\r\nImage: C:\\Windows\\System32\\dsregcmd.exe\r\nImageLoaded: C:\\Windows\\System32\\msvcp_win.dll\r\nFileVersion: 10.0.17763.348 (WinBuild.160101.0800)\r\nDescription: Microsoft® C Runtime Library\r\nProduct: Microsoft® Windows® Operating System\r\nCompany: Microsoft Corporation\r\nOriginalFileName: msvcp_win.dll\r\nHashes: SHA1=AFB93DEFC8C6E399EFFC1D99BD719536A59E2510,MD5=967B050DA2325CD7BC8F7B5A3EED70ED,SHA256=2E365914142B4C0F8340594E253E8FA25F452338238B87E7D303AF89D0747D78,IMPHASH=856DC63B3063B927D2B424783B1DB1BF\r\nSigned: true\r\nSignature: Microsoft Windows\r\nSignatureStatus: Valid","SourceModuleName":"eventlog","ImageLoaded":"C:\\Windows\\System32\\msvcp_win.dll","EventReceivedTime":"2020-08-06 01:21:18","port":60122,"AccountName":"SYSTEM","UtcTime":"2020-08-06 05:21:18.736","Domain":"NT AUTHORITY","ExecutionProcessID":3888,"Hashes":"SHA1=AFB93DEFC8C6E399EFFC1D99BD719536A59E2510,MD5=967B050DA2325CD7BC8F7B5A3EED70ED,SHA256=2E365914142B4C0F8340594E253E8FA25F452338238B87E7D303AF89D0747D78,IMPHASH=856DC63B3063B927D2B424783B1DB1BF","Description":"Microsoft® C Runtime Library","UserID":"S-1-5-18","EventID":7,"Product":"Microsoft® Windows® Operating System","ProviderGuid":"{5770385F-C22A-43E0-BF4C-06F5698FFBD9}","RecordNumber":250760,"Keywords":-9223372036854775808,"ProcessGuid":"{9f85ce58-934e-5f2b-f003-000000000400}","tags":["mordorDataset"],"RuleName":"-"}
{"@version":"1","EventType":"INFO","AccountType":"User","ThreadID":4208,"Channel":"Microsoft-Windows-Sysmon/Operational","OpcodeValue":0,"OriginalFileName":"user32","Hostname":"MORDORDC.theshire.local","@timestamp":"2020-08-06T05:21:18.960Z","ProcessId":"5764","Signed":"true","host":"wec.internal.cloudapp.net","SignatureStatus":"Valid","Severity":"INFO","SeverityValue":2,"Image":"C:\\Windows\\System32\\dsregcmd.exe","SourceModuleType":"im_msvistalog","FileVersion":"10.0.17763.1339 (WinBuild.160101.0800)","Version":3,"Company":"Microsoft Corporation","EventTime":"2020-08-06 01:21:18","Task":7,"Signature":"Microsoft Windows","SourceName":"Microsoft-Windows-Sysmon","Message":"Image loaded:\r\nRuleName: -\r\nUtcTime: 2020-08-06 05:21:18.736\r\nProcessGuid: {9f85ce58-934e-5f2b-f003-000000000400}\r\nProcessId: 5764\r\nImage: C:\\Windows\\System32\\dsregcmd.exe\r\nImageLoaded: C:\\Windows\\System32\\user32.dll\r\nFileVersion: 10.0.17763.1339 (WinBuild.160101.0800)\r\nDescription: Multi-User Windows USER API Client DLL\r\nProduct: Microsoft® Windows® Operating System\r\nCompany: Microsoft Corporation\r\nOriginalFileName: user32\r\nHashes: SHA1=E993BF3117D58CC5252173CE5F964EA2CB2741E9,MD5=E4AF62ADA39087A5721148236E825D9B,SHA256=963657826B798D0D20F3641032062BB9EA74BB7384C0CAFA64BFA1A2F3B5B15B,IMPHASH=D3A4F91CCC364A2DEC64676EE19600DE\r\nSigned: true\r\nSignature: Microsoft Windows\r\nSignatureStatus: Valid","SourceModuleName":"eventlog","ImageLoaded":"C:\\Windows\\System32\\user32.dll","EventReceivedTime":"2020-08-06 01:21:18","port":60122,"AccountName":"SYSTEM","UtcTime":"2020-08-06 05:21:18.736","Domain":"NT AUTHORITY","ExecutionProcessID":3888,"Hashes":"SHA1=E993BF3117D58CC5252173CE5F964EA2CB2741E9,MD5=E4AF62ADA39087A5721148236E825D9B,SHA256=963657826B798D0D20F3641032062BB9EA74BB7384C0CAFA64BFA1A2F3B5B15B,IMPHASH=D3A4F91CCC364A2DEC64676EE19600DE","Description":"Multi-User Windows USER API Client DLL","UserID":"S-1-5-18","EventID":7,"Product":"Microsoft® Windows® Operating System","ProviderGuid":"{5770385F-C22A-43E0-BF4C-06F5698FFBD9}","RecordNumber":250761,"Keywords":-9223372036854775808,"ProcessGuid":"{9f85ce58-934e-5f2b-f003-000000000400}","tags":["mordorDataset"],"RuleName":"-"}
{"@version":"1","EventType":"INFO","AccountType":"User","ThreadID":4208,"Channel":"Microsoft-Windows-Sysmon/Operational","OpcodeValue":0,"OriginalFileName":"Win32u.DLL","Hostname":"MORDORDC.theshire.local","@timestamp":"2020-08-06T05:21:18.960Z","ProcessId":"5764","Signed":"true","host":"wec.internal.cloudapp.net","SignatureStatus":"Valid","Severity":"INFO","SeverityValue":2,"Image":"C:\\Windows\\System32\\dsregcmd.exe","SourceModuleType":"im_msvistalog","FileVersion":"10.0.17763.1 (WinBuild.160101.0800)","Version":3,"Company":"Microsoft Corporation","EventTime":"2020-08-06 01:21:18","Task":7,"Signature":"Microsoft Windows","SourceName":"Microsoft-Windows-Sysmon","Message":"Image loaded:\r\nRuleName: -\r\nUtcTime: 2020-08-06 05:21:18.736\r\nProcessGuid: {9f85ce58-934e-5f2b-f003-000000000400}\r\nProcessId: 5764\r\nImage: C:\\Windows\\System32\\dsregcmd.exe\r\nImageLoaded: C:\\Windows\\System32\\win32u.dll\r\nFileVersion: 10.0.17763.1 (WinBuild.160101.0800)\r\nDescription: Win32u\r\nProduct: Microsoft® Windows® Operating System\r\nCompany: Microsoft Corporation\r\nOriginalFileName: Win32u.DLL\r\nHashes: SHA1=E9543B315229DBB7707C52BB8506C488694D09A1,MD5=65D63D5F9A9D6988C9E3DB4862D8C1E0,SHA256=208FBE0136AEBC989748B526A4BB0C656B73A10E46EF640A93E3AB8F02358B98,IMPHASH=00000000000000000000000000000000\r\nSigned: true\r\nSignature: Microsoft Windows\r\nSignatureStatus: Valid","SourceModuleName":"eventlog","ImageLoaded":"C:\\Windows\\System32\\win32u.dll","EventReceivedTime":"2020-08-06 01:21:18","port":60122,"AccountName":"SYSTEM","UtcTime":"2020-08-06 05:21:18.736","Domain":"NT AUTHORITY","ExecutionProcessID":3888,"Hashes":"SHA1=E9543B315229DBB7707C52BB8506C488694D09A1,MD5=65D63D5F9A9D6988C9E3DB4862D8C1E0,SHA256=208FBE0136AEBC989748B526A4BB0C656B73A10E46EF640A93E3AB8F02358B98,IMPHASH=00000000000000000000000000000000","Description":"Win32u","UserID":"S-1-5-18","EventID":7,"Product":"Microsoft® Windows® Operating System","ProviderGuid":"{5770385F-C22A-43E0-BF4C-06F5698FFBD9}","RecordNumber":250762,"Keywords":-9223372036854775808,"ProcessGuid":"{9f85ce58-934e-5f2b-f003-000000000400}","tags":["mordorDataset"],"RuleName":"-"}
{"@version":"1","EventType":"INFO","AccountType":"User","ThreadID":4208,"Channel":"Microsoft-Windows-Sysmon/Operational","OpcodeValue":0,"OriginalFileName":"OLEAUT32.DLL","Hostname":"MORDORDC.theshire.local","@timestamp":"2020-08-06T05:21:18.961Z","ProcessId":"5764","Signed":"true","host":"wec.internal.cloudapp.net","SignatureStatus":"Valid","Severity":"INFO","SeverityValue":2,"Image":"C:\\Windows\\System32\\dsregcmd.exe","SourceModuleType":"im_msvistalog","FileVersion":"10.0.17763.1339 (WinBuild.160101.0800)","Version":3,"Company":"Microsoft Corporation","EventTime":"2020-08-06 01:21:18","Task":7,"Signature":"Microsoft Windows","SourceName":"Microsoft-Windows-Sysmon","Message":"Image loaded:\r\nRuleName: -\r\nUtcTime: 2020-08-06 05:21:18.736\r\nProcessGuid: {9f85ce58-934e-5f2b-f003-000000000400}\r\nProcessId: 5764\r\nImage: C:\\Windows\\System32\\dsregcmd.exe\r\nImageLoaded: C:\\Windows\\System32\\oleaut32.dll\r\nFileVersion: 10.0.17763.1339 (WinBuild.160101.0800)\r\nDescription: OLEAUT32.DLL\r\nProduct: Microsoft® Windows® Operating System\r\nCompany: Microsoft Corporation\r\nOriginalFileName: OLEAUT32.DLL\r\nHashes: SHA1=DE7CFA27E0BBE12B2721CF88E10701805A27A876,MD5=7E6E0B8F7233023BF969900537A25B0A,SHA256=31012EF85A43116FFE3C73550578B2D107E0DBD7B1CF5117B51B89BDA1CBC1A2,IMPHASH=6853F61807127E891C66F2120C64B8F8\r\nSigned: true\r\nSignature: Microsoft Windows\r\nSignatureStatus: Valid","SourceModuleName":"eventlog","ImageLoaded":"C:\\Windows\\System32\\oleaut32.dll","EventReceivedTime":"2020-08-06 01:21:18","port":60122,"AccountName":"SYSTEM","UtcTime":"2020-08-06 05:21:18.736","Domain":"NT AUTHORITY","ExecutionProcessID":3888,"Hashes":"SHA1=DE7CFA27E0BBE12B2721CF88E10701805A27A876,MD5=7E6E0B8F7233023BF969900537A25B0A,SHA256=31012EF85A43116FFE3C73550578B2D107E0DBD7B1CF5117B51B89BDA1CBC1A2,IMPHASH=6853F61807127E891C66F2120C64B8F8","Description":"OLEAUT32.DLL","UserID":"S-1-5-18","EventID":7,"Product":"Microsoft® Windows® Operating System","ProviderGuid":"{5770385F-C22A-43E0-BF4C-06F5698FFBD9}","RecordNumber":250763,"Keywords":-9223372036854775808,"ProcessGuid":"{9f85ce58-934e-5f2b-f003-000000000400}","tags":["mordorDataset"],"RuleName":"-"}
{"@version":"1","EventType":"INFO","AccountType":"User","ThreadID":4208,"Channel":"Microsoft-Windows-Sysmon/Operational","OpcodeValue":0,"OriginalFileName":"CRYPT32.DLL","Hostname":"MORDORDC.theshire.local","@timestamp":"2020-08-06T05:21:18.962Z","ProcessId":"5764","Signed":"true","host":"wec.internal.cloudapp.net","SignatureStatus":"Valid","Severity":"INFO","SeverityValue":2,"Image":"C:\\Windows\\System32\\dsregcmd.exe","SourceModuleType":"im_msvistalog","FileVersion":"10.0.17763.973 (WinBuild.160101.0800)","Version":3,"Company":"Microsoft Corporation","EventTime":"2020-08-06 01:21:18","Task":7,"Signature":"Microsoft Windows","SourceName":"Microsoft-Windows-Sysmon","Message":"Image loaded:\r\nRuleName: -\r\nUtcTime: 2020-08-06 05:21:18.736\r\nProcessGuid: {9f85ce58-934e-5f2b-f003-000000000400}\r\nProcessId: 5764\r\nImage: C:\\Windows\\System32\\dsregcmd.exe\r\nImageLoaded: C:\\Windows\\System32\\crypt32.dll\r\nFileVersion: 10.0.17763.973 (WinBuild.160101.0800)\r\nDescription: Crypto API32\r\nProduct: Microsoft® Windows® Operating System\r\nCompany: Microsoft Corporation\r\nOriginalFileName: CRYPT32.DLL\r\nHashes: SHA1=CA5DE50019BC91146F2EABEEE0AA892656CE2CBA,MD5=FD65A9D6CBF3C2C14299824A06D0F449,SHA256=CEE203F588CD2BF42B02EE64BE69614378B2D5B606F7F9499B8B270733D09365,IMPHASH=00C8D8D39ECEB7F125A974C0CFF01BBC\r\nSigned: true\r\nSignature: Microsoft Windows\r\nSignatureStatus: Valid","SourceModuleName":"eventlog","ImageLoaded":"C:\\Windows\\System32\\crypt32.dll","EventReceivedTime":"2020-08-06 01:21:18","port":60122,"AccountName":"SYSTEM","UtcTime":"2020-08-06 05:21:18.736","Domain":"NT AUTHORITY","ExecutionProcessID":3888,"Hashes":"SHA1=CA5DE50019BC91146F2EABEEE0AA892656CE2CBA,MD5=FD65A9D6CBF3C2C14299824A06D0F449,SHA256=CEE203F588CD2BF42B02EE64BE69614378B2D5B606F7F9499B8B270733D09365,IMPHASH=00C8D8D39ECEB7F125A974C0CFF01BBC","Description":"Crypto API32","UserID":"S-1-5-18","EventID":7,"Product":"Microsoft® Windows® Operating System","ProviderGuid":"{5770385F-C22A-43E0-BF4C-06F5698FFBD9}","RecordNumber":250764,"Keywords":-9223372036854775808,"ProcessGuid":"{9f85ce58-934e-5f2b-f003-000000000400}","tags":["mordorDataset"],"RuleName":"-"}
