{"@version":"1","EventType":"INFO","AccountType":"User","ThreadID":4208,"Channel":"Microsoft-Windows-Sysmon/Operational","OpcodeValue":0,"OriginalFileName":"SHELL32.DLL","Hostname":"MORDORDC.theshire.local","@timestamp":"2020-08-06T07:20:18.987Z","ProcessId":"5624","Signed":"true","host":"wec.internal.cloudapp.net","SignatureStatus":"Valid","Severity":"INFO","SeverityValue":2,"Image":"C:\\Windows\\System32\\conhost.exe","SourceModuleType":"im_msvistalog","FileVersion":"10.0.17763.1339 (WinBuild.160101.0800)","Version":3,"Company":"Microsoft Corporation","EventTime":"2020-08-06 03:20:17","Task":7,"Signature":"Microsoft Windows","SourceName":"Microsoft-Windows-Sysmon","Message":"Image loaded:\r\nRuleName: -\r\nUtcTime: 2020-08-06 07:20:17.639\r\nProcessGuid: {9f85ce58-af31-5f2b-1e04-000000000400}\r\nProcessId: 5624\r\nImage: C:\\Windows\\System32\\conhost.exe\r\nImageLoaded: C:\\Windows\\System32\\shell32.dll\r\nFileVersion: 10.0.17763.1339 (WinBuild.160101.0800)\r\nDescription: Windows Shell Common Dll\r\nProduct: Microsoft® Windows® Operating System\r\nCompany: Microsoft Corporation\r\nOriginalFileName: SHELL32.DLL\r\nHashes: SHA1=85FD52615FA028682620AE50FC127DE820379D03,MD5=6F77617ECC2382922DF8FA072F235AB0,SHA256=B2B00617F2D1DF5EDC85C44DFF3082D8D6051D2C39FE0AE14ABEDEFA1AD18ADC,IMPHASH=FD98A881B3A991D9946E94BE939926B6\r\nSigned: true\r\nSignature: Microsoft Windows\r\nSignatureStatus: Valid","SourceModuleName":"eventlog","ImageLoaded":"C:\\Windows\\System32\\shell32.dll","EventReceivedTime":"2020-08-06 03:20:18","port":60122,"AccountName":"SYSTEM","UtcTime":"2020-08-06 07:20:17.639","Domain":"NT AUTHORITY","ExecutionProcessID":3888,"Hashes":"SHA1=85FD52615FA028682620AE50FC127DE820379D03,MD5=6F77617ECC2382922DF8FA072F235AB0,SHA256=B2B00617F2D1DF5EDC85C44DFF3082D8D6051D2C39FE0AE14ABEDEFA1AD18ADC,IMPHASH=FD98A881B3A991D9946E94BE939926B6","Description":"Windows Shell Common Dll","UserID":"S-1-5-18","EventID":7,"Product":"Microsoft® Windows® Operating System","ProviderGuid":"{5770385F-C22A-43E0-BF4C-06F5698FFBD9}","RecordNumber":280868,"Keywords":-9223372036854775808,"ProcessGuid":"{9f85ce58-af31-5f2b-1e04-000000000400}","tags":["mordorDataset"],"RuleName":"-"}
{"@version":"1","EventType":"INFO","AccountType":"User","ThreadID":4208,"Channel":"Microsoft-Windows-Sysmon/Operational","OpcodeValue":0,"OriginalFileName":"CFGMGR32.DLL","Hostname":"MORDORDC.theshire.local","@timestamp":"2020-08-06T07:20:18.987Z","ProcessId":"5624","Signed":"true","host":"wec.internal.cloudapp.net","SignatureStatus":"Valid","Severity":"INFO","SeverityValue":2,"Image":"C:\\Windows\\System32\\conhost.exe","SourceModuleType":"im_msvistalog","FileVersion":"10.0.17763.1 (WinBuild.160101.0800)","Version":3,"Company":"Microsoft Corporation","EventTime":"2020-08-06 03:20:17","Task":7,"Signature":"Microsoft Windows","SourceName":"Microsoft-Windows-Sysmon","Message":"Image loaded:\r\nRuleName: -\r\nUtcTime: 2020-08-06 07:20:17.639\r\nProcessGuid: {9f85ce58-af31-5f2b-1e04-000000000400}\r\nProcessId: 5624\r\nImage: C:\\Windows\\System32\\conhost.exe\r\nImageLoaded: C:\\Windows\\System32\\cfgmgr32.dll\r\nFileVersion: 10.0.17763.1 (WinBuild.160101.0800)\r\nDescription: Configuration Manager DLL\r\nProduct: Microsoft® Windows® Operating System\r\nCompany: Microsoft Corporation\r\nOriginalFileName: CFGMGR32.DLL\r\nHashes: SHA1=8130861654C05723BDAB475587C7B4B131BD5FF6,MD5=02411B2016D3A537759143033C2D3AA6,SHA256=DF1C3927C42A1C7B8B5EA009783BB3FCB1FF48FC8542A1EF5D18ECAF78AD5D3E,IMPHASH=4F0B87243B310321DEE7E16AC3ABA14A\r\nSigned: true\r\nSignature: Microsoft Windows\r\nSignatureStatus: Valid","SourceModuleName":"eventlog","ImageLoaded":"C:\\Windows\\System32\\cfgmgr32.dll","EventReceivedTime":"2020-08-06 03:20:18","port":60122,"AccountName":"SYSTEM","UtcTime":"2020-08-06 07:20:17.639","Domain":"NT AUTHORITY","ExecutionProcessID":3888,"Hashes":"SHA1=8130861654C05723BDAB475587C7B4B131BD5FF6,MD5=02411B2016D3A537759143033C2D3AA6,SHA256=DF1C3927C42A1C7B8B5EA009783BB3FCB1FF48FC8542A1EF5D18ECAF78AD5D3E,IMPHASH=4F0B87243B310321DEE7E16AC3ABA14A","Description":"Configuration Manager DLL","UserID":"S-1-5-18","EventID":7,"Product":"Microsoft® Windows® Operating System","ProviderGuid":"{5770385F-C22A-43E0-BF4C-06F5698FFBD9}","RecordNumber":280869,"Keywords":-9223372036854775808,"ProcessGuid":"{9f85ce58-af31-5f2b-1e04-000000000400}","tags":["mordorDataset"],"RuleName":"-"}
{"@version":"1","EventType":"INFO","AccountType":"User","ThreadID":4208,"Channel":"Microsoft-Windows-Sysmon/Operational","OpcodeValue":0,"OriginalFileName":"Windows.Storage.dll","Hostname":"MORDORDC.theshire.local","@timestamp":"2020-08-06T07:20:18.988Z","ProcessId":"5624","Signed":"true","host":"wec.internal.cloudapp.net","SignatureStatus":"Valid","Severity":"INFO","SeverityValue":2,"Image":"C:\\Windows\\System32\\conhost.exe","SourceModuleType":"im_msvistalog","FileVersion":"10.0.17763.1339 (WinBuild.160101.0800)","Version":3,"Company":"Microsoft Corporation","EventTime":"2020-08-06 03:20:17","Task":7,"Signature":"Microsoft Windows","SourceName":"Microsoft-Windows-Sysmon","Message":"Image loaded:\r\nRuleName: -\r\nUtcTime: 2020-08-06 07:20:17.639\r\nProcessGuid: {9f85ce58-af31-5f2b-1e04-000000000400}\r\nProcessId: 5624\r\nImage: C:\\Windows\\System32\\conhost.exe\r\nImageLoaded: C:\\Windows\\System32\\windows.storage.dll\r\nFileVersion: 10.0.17763.1339 (WinBuild.160101.0800)\r\nDescription: Microsoft WinRT Storage API\r\nProduct: Microsoft® Windows® Operating System\r\nCompany: Microsoft Corporation\r\nOriginalFileName: Windows.Storage.dll\r\nHashes: SHA1=FB928E4E6F8446F647B8D8B3B7F00B23D44BFDFB,MD5=74E82653094C5D470DE91308DBF8E352,SHA256=BCD9EE07E6E94A385C90BC42A307F989A4525DEBF25D8D68E49BCE7A628FF442,IMPHASH=3B33F0E19B4F96D9400EF29A00F21FF1\r\nSigned: true\r\nSignature: Microsoft Windows\r\nSignatureStatus: Valid","SourceModuleName":"eventlog","ImageLoaded":"C:\\Windows\\System32\\windows.storage.dll","EventReceivedTime":"2020-08-06 03:20:18","port":60122,"AccountName":"SYSTEM","UtcTime":"2020-08-06 07:20:17.639","Domain":"NT AUTHORITY","ExecutionProcessID":3888,"Hashes":"SHA1=FB928E4E6F8446F647B8D8B3B7F00B23D44BFDFB,MD5=74E82653094C5D470DE91308DBF8E352,SHA256=BCD9EE07E6E94A385C90BC42A307F989A4525DEBF25D8D68E49BCE7A628FF442,IMPHASH=3B33F0E19B4F96D9400EF29A00F21FF1","Description":"Microsoft WinRT Storage API","UserID":"S-1-5-18","EventID":7,"Product":"Microsoft® Windows® Operating System","ProviderGuid":"{5770385F-C22A-43E0-BF4C-06F5698FFBD9}","RecordNumber":280870,"Keywords":-9223372036854775808,"ProcessGuid":"{9f85ce58-af31-5f2b-1e04-000000000400}","tags":["mordorDataset"],"RuleName":"-"}
{"@version":"1","EventType":"INFO","AccountType":"User","ThreadID":4208,"Channel":"Microsoft-Windows-Sysmon/Operational","OpcodeValue":0,"OriginalFileName":"PROFAPI.DLL","Hostname":"MORDORDC.theshire.local","@timestamp":"2020-08-06T07:20:18.988Z","ProcessId":"5624","Signed":"true","host":"wec.internal.cloudapp.net","SignatureStatus":"Valid","Severity":"INFO","SeverityValue":2,"Image":"C:\\Windows\\System32\\conhost.exe","SourceModuleType":"im_msvistalog","FileVersion":"10.0.17763.1075 (WinBuild.160101.0800)","Version":3,"Company":"Microsoft Corporation","EventTime":"2020-08-06 03:20:17","Task":7,"Signature":"Microsoft Windows","SourceName":"Microsoft-Windows-Sysmon","Message":"Image loaded:\r\nRuleName: -\r\nUtcTime: 2020-08-06 07:20:17.639\r\nProcessGuid: {9f85ce58-af31-5f2b-1e04-000000000400}\r\nProcessId: 5624\r\nImage: C:\\Windows\\System32\\conhost.exe\r\nImageLoaded: C:\\Windows\\System32\\profapi.dll\r\nFileVersion: 10.0.17763.1075 (WinBuild.160101.0800)\r\nDescription: User Profile Basic API\r\nProduct: Microsoft® Windows® Operating System\r\nCompany: Microsoft Corporation\r\nOriginalFileName: PROFAPI.DLL\r\nHashes: SHA1=68AC0610545601E8C14D52A96ECF48CD3EC0C786,MD5=21D8C6FFC3A71BDE52E56C78BA1C8715,SHA256=6829C5F86E660ED95BBA8AB85E5D1B8BDDBEE69DC4FD3BD2992523775C29C022,IMPHASH=CF0269950BAC18763D80F408325FFF86\r\nSigned: true\r\nSignature: Microsoft Windows\r\nSignatureStatus: Valid","SourceModuleName":"eventlog","ImageLoaded":"C:\\Windows\\System32\\profapi.dll","EventReceivedTime":"2020-08-06 03:20:18","port":60122,"AccountName":"SYSTEM","UtcTime":"2020-08-06 07:20:17.639","Domain":"NT AUTHORITY","ExecutionProcessID":3888,"Hashes":"SHA1=68AC0610545601E8C14D52A96ECF48CD3EC0C786,MD5=21D8C6FFC3A71BDE52E56C78BA1C8715,SHA256=6829C5F86E660ED95BBA8AB85E5D1B8BDDBEE69DC4FD3BD2992523775C29C022,IMPHASH=CF0269950BAC18763D80F408325FFF86","Description":"User Profile Basic API","UserID":"S-1-5-18","EventID":7,"Product":"Microsoft® Windows® Operating System","ProviderGuid":"{5770385F-C22A-43E0-BF4C-06F5698FFBD9}","RecordNumber":280871,"Keywords":-9223372036854775808,"ProcessGuid":"{9f85ce58-af31-5f2b-1e04-000000000400}","tags":["mordorDataset"],"RuleName":"-"}
{"@version":"1","EventType":"INFO","AccountType":"User","ThreadID":4208,"Channel":"Microsoft-Windows-Sysmon/Operational","OpcodeValue":0,"OriginalFileName":"POWRPROF.DLL","Hostname":"MORDORDC.theshire.local","@timestamp":"2020-08-06T07:20:18.989Z","ProcessId":"5624","Signed":"true","host":"wec.internal.cloudapp.net","SignatureStatus":"Valid","Severity":"INFO","SeverityValue":2,"Image":"C:\\Windows\\System32\\conhost.exe","SourceModuleType":"im_msvistalog","FileVersion":"10.0.17763.1 (WinBuild.160101.0800)","Version":3,"Company":"Microsoft Corporation","EventTime":"2020-08-06 03:20:17","Task":7,"Signature":"Microsoft Windows","SourceName":"Microsoft-Windows-Sysmon","Message":"Image loaded:\r\nRuleName: -\r\nUtcTime: 2020-08-06 07:20:17.639\r\nProcessGuid: {9f85ce58-af31-5f2b-1e04-000000000400}\r\nProcessId: 5624\r\nImage: C:\\Windows\\System32\\conhost.exe\r\nImageLoaded: C:\\Windows\\System32\\powrprof.dll\r\nFileVersion: 10.0.17763.1 (WinBuild.160101.0800)\r\nDescription: Power Profile Helper DLL\r\nProduct: Microsoft® Windows® Operating System\r\nCompany: Microsoft Corporation\r\nOriginalFileName: POWRPROF.DLL\r\nHashes: SHA1=C6BE4DBBF31A2FD2A91FDA8DA0F7ED65B413D31A,MD5=082136DC077FAD6C3D1ED64BF46888A6,SHA256=F9C97CFFAB7D3A61175F902CF0062CA945BC8CECFC825BF3B6096864855D43D9,IMPHASH=C33D8F3C33B19248E2D15B613C123D7B\r\nSigned: true\r\nSignature: Microsoft Windows\r\nSignatureStatus: Valid","SourceModuleName":"eventlog","ImageLoaded":"C:\\Windows\\System32\\powrprof.dll","EventReceivedTime":"2020-08-06 03:20:18","port":60122,"AccountName":"SYSTEM","UtcTime":"2020-08-06 07:20:17.639","Domain":"NT AUTHORITY","ExecutionProcessID":3888,"Hashes":"SHA1=C6BE4DBBF31A2FD2A91FDA8DA0F7ED65B413D31A,MD5=082136DC077FAD6C3D1ED64BF46888A6,SHA256=F9C97CFFAB7D3A61175F902CF0062CA945BC8CECFC825BF3B6096864855D43D9,IMPHASH=C33D8F3C33B19248E2D15B613C123D7B","Description":"Power Profile Helper DLL","UserID":"S-1-5-18","EventID":7,"Product":"Microsoft® Windows® Operating System","ProviderGuid":"{5770385F-C22A-43E0-BF4C-06F5698FFBD9}","RecordNumber":280872,"Keywords":-9223372036854775808,"ProcessGuid":"{9f85ce58-af31-5f2b-1e04-000000000400}","tags":["mordorDataset"],"RuleName":"-"}
{"@version":"1","EventType":"INFO","AccountType":"User","ThreadID":4208,"Channel":"Microsoft-Windows-Sysmon/Operational","OpcodeValue":0,"OriginalFileName":"SHLWAPI.DLL","Hostname":"MORDORDC.theshire.local","@timestamp":"2020-08-06T07:20:18.989Z","ProcessId":"5624","Signed":"true","host":"wec.internal.cloudapp.net","SignatureStatus":"Valid","Severity":"INFO","SeverityValue":2,"Image":"C:\\Windows\\System32\\conhost.exe","SourceModuleType":"im_msvistalog","FileVersion":"10.0.17763.1 (WinBuild.160101.0800)","Version":3,"Company":"Microsoft Corporation","EventTime":"2020-08-06 03:20:17","Task":7,"Signature":"Microsoft Windows","SourceName":"Microsoft-Windows-Sysmon","Message":"Image loaded:\r\nRuleName: -\r\nUtcTime: 2020-08-06 07:20:17.639\r\nProcessGuid: {9f85ce58-af31-5f2b-1e04-000000000400}\r\nProcessId: 5624\r\nImage: C:\\Windows\\System32\\conhost.exe\r\nImageLoaded: C:\\Windows\\System32\\shlwapi.dll\r\nFileVersion: 10.0.17763.1 (WinBuild.160101.0800)\r\nDescription: Shell Light-weight Utility Library\r\nProduct: Microsoft® Windows® Operating System\r\nCompany: Microsoft Corporation\r\nOriginalFileName: SHLWAPI.DLL\r\nHashes: SHA1=85FDBDC375DF5136A3854C5446CDD846F139ECE7,MD5=ECA7D40680C32FD41FB7A1B30AA5E114,SHA256=F9BA12ACCE850AFFC6C9F1EC81568A57DE50C0B7317B4C4C3955A0CA8F707B25,IMPHASH=6659A49ABF33952444C5A7FA22FD9032\r\nSigned: true\r\nSignature: Microsoft Windows\r\nSignatureStatus: Valid","SourceModuleName":"eventlog","ImageLoaded":"C:\\Windows\\System32\\shlwapi.dll","EventReceivedTime":"2020-08-06 03:20:18","port":60122,"AccountName":"SYSTEM","UtcTime":"2020-08-06 07:20:17.639","Domain":"NT AUTHORITY","ExecutionProcessID":3888,"Hashes":"SHA1=85FDBDC375DF5136A3854C5446CDD846F139ECE7,MD5=ECA7D40680C32FD41FB7A1B30AA5E114,SHA256=F9BA12ACCE850AFFC6C9F1EC81568A57DE50C0B7317B4C4C3955A0CA8F707B25,IMPHASH=6659A49ABF33952444C5A7FA22FD9032","Description":"Shell Light-weight Utility Library","UserID":"S-1-5-18","EventID":7,"Product":"Microsoft® Windows® Operating System","ProviderGuid":"{5770385F-C22A-43E0-BF4C-06F5698FFBD9}","RecordNumber":280873,"Keywords":-9223372036854775808,"ProcessGuid":"{9f85ce58-af31-5f2b-1e04-000000000400}","tags":["mordorDataset"],"RuleName":"-"}
{"@version":"1","EventType":"INFO","AccountType":"User","ThreadID":4208,"Channel":"Microsoft-Windows-Sysmon/Operational","OpcodeValue":0,"OriginalFileName":"kernel.appcore.dll","Hostname":"MORDORDC.theshire.local","@timestamp":"2020-08-06T07:20:18.989Z","ProcessId":"5624","Signed":"true","host":"wec.internal.cloudapp.net","SignatureStatus":"Valid","Severity":"INFO","SeverityValue":2,"Image":"C:\\Windows\\System32\\conhost.exe","SourceModuleType":"im_msvistalog","FileVersion":"10.0.17763.1 (WinBuild.160101.0800)","Version":3,"Company":"Microsoft Corporation","EventTime":"2020-08-06 03:20:17","Task":7,"Signature":"Microsoft Windows","SourceName":"Microsoft-Windows-Sysmon","Message":"Image loaded:\r\nRuleName: -\r\nUtcTime: 2020-08-06 07:20:17.639\r\nProcessGuid: {9f85ce58-af31-5f2b-1e04-000000000400}\r\nProcessId: 5624\r\nImage: C:\\Windows\\System32\\conhost.exe\r\nImageLoaded: C:\\Windows\\System32\\kernel.appcore.dll\r\nFileVersion: 10.0.17763.1 (WinBuild.160101.0800)\r\nDescription: AppModel API Host\r\nProduct: Microsoft® Windows® Operating System\r\nCompany: Microsoft Corporation\r\nOriginalFileName: kernel.appcore.dll\r\nHashes: SHA1=564655189DEE96750D04CD9E05DE1237AB30F49C,MD5=56753185D301D7718470A4ADF780395B,SHA256=CA954AC516F91F28301378214335FF808D0E9331018A6474DFAA25D18D0FD6A8,IMPHASH=D8EB7D9EDA6379E4A8781259443BCF22\r\nSigned: true\r\nSignature: Microsoft Windows\r\nSignatureStatus: Valid","SourceModuleName":"eventlog","ImageLoaded":"C:\\Windows\\System32\\kernel.appcore.dll","EventReceivedTime":"2020-08-06 03:20:18","port":60122,"AccountName":"SYSTEM","UtcTime":"2020-08-06 07:20:17.639","Domain":"NT AUTHORITY","ExecutionProcessID":3888,"Hashes":"SHA1=564655189DEE96750D04CD9E05DE1237AB30F49C,MD5=56753185D301D7718470A4ADF780395B,SHA256=CA954AC516F91F28301378214335FF808D0E9331018A6474DFAA25D18D0FD6A8,IMPHASH=D8EB7D9EDA6379E4A8781259443BCF22","Description":"AppModel API Host","UserID":"S-1-5-18","EventID":7,"Product":"Microsoft® Windows® Operating System","ProviderGuid":"{5770385F-C22A-43E0-BF4C-06F5698FFBD9}","RecordNumber":280874,"Keywords":-9223372036854775808,"ProcessGuid":"{9f85ce58-af31-5f2b-1e04-000000000400}","tags":["mordorDataset"],"RuleName":"-"}
{"@version":"1","EventType":"INFO","AccountType":"User","ThreadID":4208,"Channel":"Microsoft-Windows-Sysmon/Operational","OpcodeValue":0,"OriginalFileName":"cryptsp.dll","Hostname":"MORDORDC.theshire.local","@timestamp":"2020-08-06T07:20:18.990Z","ProcessId":"5624","Signed":"true","host":"wec.internal.cloudapp.net","SignatureStatus":"Valid","Severity":"INFO","SeverityValue":2,"Image":"C:\\Windows\\System32\\conhost.exe","SourceModuleType":"im_msvistalog","FileVersion":"10.0.17763.1 (WinBuild.160101.0800)","Version":3,"Company":"Microsoft Corporation","EventTime":"2020-08-06 03:20:17","Task":7,"Signature":"Microsoft Windows","SourceName":"Microsoft-Windows-Sysmon","Message":"Image loaded:\r\nRuleName: -\r\nUtcTime: 2020-08-06 07:20:17.639\r\nProcessGuid: {9f85ce58-af31-5f2b-1e04-000000000400}\r\nProcessId: 5624\r\nImage: C:\\Windows\\System32\\conhost.exe\r\nImageLoaded: C:\\Windows\\System32\\cryptsp.dll\r\nFileVersion: 10.0.17763.1 (WinBuild.160101.0800)\r\nDescription: Cryptographic Service Provider API\r\nProduct: Microsoft® Windows® Operating System\r\nCompany: Microsoft Corporation\r\nOriginalFileName: cryptsp.dll\r\nHashes: SHA1=0404FAD85C37A9D623ABF77AE9FA2AD4E38DCF38,MD5=F90316FE094F4AB2FEF98CA624A04654,SHA256=78D6A1CD068F5DE2A3DE7F83A975667FA332AA65EC59DD5991CEA1D021BD47C5,IMPHASH=A9B9D04D0B53DC48ABB37BE77AD01B55\r\nSigned: true\r\nSignature: Microsoft Windows\r\nSignatureStatus: Valid","SourceModuleName":"eventlog","ImageLoaded":"C:\\Windows\\System32\\cryptsp.dll","EventReceivedTime":"2020-08-06 03:20:18","port":60122,"AccountName":"SYSTEM","UtcTime":"2020-08-06 07:20:17.639","Domain":"NT AUTHORITY","ExecutionProcessID":3888,"Hashes":"SHA1=0404FAD85C37A9D623ABF77AE9FA2AD4E38DCF38,MD5=F90316FE094F4AB2FEF98CA624A04654,SHA256=78D6A1CD068F5DE2A3DE7F83A975667FA332AA65EC59DD5991CEA1D021BD47C5,IMPHASH=A9B9D04D0B53DC48ABB37BE77AD01B55","Description":"Cryptographic Service Provider API","UserID":"S-1-5-18","EventID":7,"Product":"Microsoft® Windows® Operating System","ProviderGuid":"{5770385F-C22A-43E0-BF4C-06F5698FFBD9}","RecordNumber":280875,"Keywords":-9223372036854775808,"ProcessGuid":"{9f85ce58-af31-5f2b-1e04-000000000400}","tags":["mordorDataset"],"RuleName":"-"}
{"@version":"1","EventType":"INFO","AccountType":"User","ThreadID":4208,"Channel":"Microsoft-Windows-Sysmon/Operational","OpcodeValue":0,"OriginalFileName":"msvcrt.dll","Hostname":"MORDORDC.theshire.local","@timestamp":"2020-08-06T07:20:18.990Z","ProcessId":"4888","Signed":"true","host":"wec.internal.cloudapp.net","SignatureStatus":"Valid","Severity":"INFO","SeverityValue":2,"Image":"C:\\Windows\\System32\\cmd.exe","SourceModuleType":"im_msvistalog","FileVersion":"7.0.17763.475 (WinBuild.160101.0800)","Version":3,"Company":"Microsoft Corporation","EventTime":"2020-08-06 03:20:17","Task":7,"Signature":"Microsoft Windows","SourceName":"Microsoft-Windows-Sysmon","Message":"Image loaded:\r\nRuleName: -\r\nUtcTime: 2020-08-06 07:20:17.639\r\nProcessGuid: {9f85ce58-af31-5f2b-1d04-000000000400}\r\nProcessId: 4888\r\nImage: C:\\Windows\\System32\\cmd.exe\r\nImageLoaded: C:\\Windows\\System32\\msvcrt.dll\r\nFileVersion: 7.0.17763.475 (WinBuild.160101.0800)\r\nDescription: Windows NT CRT DLL\r\nProduct: Microsoft® Windows® Operating System\r\nCompany: Microsoft Corporation\r\nOriginalFileName: msvcrt.dll\r\nHashes: SHA1=ECA51F7D37874CF1029BC2FE3B0CF0E8CDF71E8E,MD5=DD0349151478B48FFCE769B50F8CDD33,SHA256=39095FE07AC2E244E2180C58BEC2898A0986DDA2BD2ABBC4F739D11E67720F2E,IMPHASH=1273683626EBBA703979F188A1E64237\r\nSigned: true\r\nSignature: Microsoft Windows\r\nSignatureStatus: Valid","SourceModuleName":"eventlog","ImageLoaded":"C:\\Windows\\System32\\msvcrt.dll","EventReceivedTime":"2020-08-06 03:20:18","port":60122,"AccountName":"SYSTEM","UtcTime":"2020-08-06 07:20:17.639","Domain":"NT AUTHORITY","ExecutionProcessID":3888,"Hashes":"SHA1=ECA51F7D37874CF1029BC2FE3B0CF0E8CDF71E8E,MD5=DD0349151478B48FFCE769B50F8CDD33,SHA256=39095FE07AC2E244E2180C58BEC2898A0986DDA2BD2ABBC4F739D11E67720F2E,IMPHASH=1273683626EBBA703979F188A1E64237","Description":"Windows NT CRT DLL","UserID":"S-1-5-18","EventID":7,"Product":"Microsoft® Windows® Operating System","ProviderGuid":"{5770385F-C22A-43E0-BF4C-06F5698FFBD9}","RecordNumber":280876,"Keywords":-9223372036854775808,"ProcessGuid":"{9f85ce58-af31-5f2b-1d04-000000000400}","tags":["mordorDataset"],"RuleName":"-"}
{"@version":"1","EventType":"INFO","AccountType":"User","ThreadID":4208,"Channel":"Microsoft-Windows-Sysmon/Operational","OpcodeValue":0,"OriginalFileName":"COMBASE.DLL","Hostname":"MORDORDC.theshire.local","@timestamp":"2020-08-06T07:20:18.990Z","ProcessId":"4888","Signed":"true","host":"wec.internal.cloudapp.net","SignatureStatus":"Valid","Severity":"INFO","SeverityValue":2,"Image":"C:\\Windows\\System32\\cmd.exe","SourceModuleType":"im_msvistalog","FileVersion":"10.0.17763.1282 (WinBuild.160101.0800)","Version":3,"Company":"Microsoft Corporation","EventTime":"2020-08-06 03:20:17","Task":7,"Signature":"Microsoft Windows","SourceName":"Microsoft-Windows-Sysmon","Message":"Image loaded:\r\nRuleName: -\r\nUtcTime: 2020-08-06 07:20:17.639\r\nProcessGuid: {9f85ce58-af31-5f2b-1d04-000000000400}\r\nProcessId: 4888\r\nImage: C:\\Windows\\System32\\cmd.exe\r\nImageLoaded: C:\\Windows\\System32\\combase.dll\r\nFileVersion: 10.0.17763.1282 (WinBuild.160101.0800)\r\nDescription: Microsoft COM for Windows\r\nProduct: Microsoft® Windows® Operating System\r\nCompany: Microsoft Corporation\r\nOriginalFileName: COMBASE.DLL\r\nHashes: SHA1=FBE00DD00A37B43B06EFE2C1CDE3F2992B314F4F,MD5=375B06A164C86042D20AFBCCE470C3E1,SHA256=401BB487A2B1E5DD2B9880147415B20CC79640FEB72EB40B99B37F0BC431296E,IMPHASH=6227A283EC0EEFEF0EBEDC9A50BD42F5\r\nSigned: true\r\nSignature: Microsoft Windows\r\nSignatureStatus: Valid","SourceModuleName":"eventlog","ImageLoaded":"C:\\Windows\\System32\\combase.dll","EventReceivedTime":"2020-08-06 03:20:18","port":60122,"AccountName":"SYSTEM","UtcTime":"2020-08-06 07:20:17.639","Domain":"NT AUTHORITY","ExecutionProcessID":3888,"Hashes":"SHA1=FBE00DD00A37B43B06EFE2C1CDE3F2992B314F4F,MD5=375B06A164C86042D20AFBCCE470C3E1,SHA256=401BB487A2B1E5DD2B9880147415B20CC79640FEB72EB40B99B37F0BC431296E,IMPHASH=6227A283EC0EEFEF0EBEDC9A50BD42F5","Description":"Microsoft COM for Windows","UserID":"S-1-5-18","EventID":7,"Product":"Microsoft® Windows® Operating System","ProviderGuid":"{5770385F-C22A-43E0-BF4C-06F5698FFBD9}","RecordNumber":280877,"Keywords":-9223372036854775808,"ProcessGuid":"{9f85ce58-af31-5f2b-1d04-000000000400}","tags":["mordorDataset"],"RuleName":"-"}
{"@version":"1","EventType":"INFO","AccountType":"User","ThreadID":4208,"Channel":"Microsoft-Windows-Sysmon/Operational","OpcodeValue":0,"OriginalFileName":"ucrtbase.dll","Hostname":"MORDORDC.theshire.local","@timestamp":"2020-08-06T07:20:18.991Z","ProcessId":"4888","Signed":"true","host":"wec.internal.cloudapp.net","SignatureStatus":"Valid","Severity":"INFO","SeverityValue":2,"Image":"C:\\Windows\\System32\\cmd.exe","SourceModuleType":"im_msvistalog","FileVersion":"10.0.17763.719 (WinBuild.160101.0800)","Version":3,"Company":"Microsoft Corporation","EventTime":"2020-08-06 03:20:17","Task":7,"Signature":"Microsoft Windows","SourceName":"Microsoft-Windows-Sysmon","Message":"Image loaded:\r\nRuleName: -\r\nUtcTime: 2020-08-06 07:20:17.639\r\nProcessGuid: {9f85ce58-af31-5f2b-1d04-000000000400}\r\nProcessId: 4888\r\nImage: C:\\Windows\\System32\\cmd.exe\r\nImageLoaded: C:\\Windows\\System32\\ucrtbase.dll\r\nFileVersion: 10.0.17763.719 (WinBuild.160101.0800)\r\nDescription: Microsoft® C Runtime Library\r\nProduct: Microsoft® Windows® Operating System\r\nCompany: Microsoft Corporation\r\nOriginalFileName: ucrtbase.dll\r\nHashes: SHA1=E8D72CF9AFDA3AFFB9CB6E5503B4328D38E4989F,MD5=CE45F9FA43823145E4AA401750F079EC,SHA256=73CE83774509898008995C732C7AF667C6BD9FDC5E549BBC82705E443F89EF48,IMPHASH=5AE9A136FAFA10321F3D48251BF4F6A1\r\nSigned: true\r\nSignature: Microsoft Windows\r\nSignatureStatus: Valid","SourceModuleName":"eventlog","ImageLoaded":"C:\\Windows\\System32\\ucrtbase.dll","EventReceivedTime":"2020-08-06 03:20:18","port":60122,"AccountName":"SYSTEM","UtcTime":"2020-08-06 07:20:17.639","Domain":"NT AUTHORITY","ExecutionProcessID":3888,"Hashes":"SHA1=E8D72CF9AFDA3AFFB9CB6E5503B4328D38E4989F,MD5=CE45F9FA43823145E4AA401750F079EC,SHA256=73CE83774509898008995C732C7AF667C6BD9FDC5E549BBC82705E443F89EF48,IMPHASH=5AE9A136FAFA10321F3D48251BF4F6A1","Description":"Microsoft® C Runtime Library","UserID":"S-1-5-18","EventID":7,"Product":"Microsoft® Windows® Operating System","ProviderGuid":"{5770385F-C22A-43E0-BF4C-06F5698FFBD9}","RecordNumber":280878,"Keywords":-9223372036854775808,"ProcessGuid":"{9f85ce58-af31-5f2b-1d04-000000000400}","tags":["mordorDataset"],"RuleName":"-"}
{"@version":"1","EventType":"INFO","AccountType":"User","ThreadID":4208,"Channel":"Microsoft-Windows-Sysmon/Operational","OpcodeValue":0,"OriginalFileName":"rpcrt4.dll","Hostname":"MORDORDC.theshire.local","@timestamp":"2020-08-06T07:20:18.991Z","ProcessId":"4888","Signed":"true","host":"wec.internal.cloudapp.net","SignatureStatus":"Valid","Severity":"INFO","SeverityValue":2,"Image":"C:\\Windows\\System32\\cmd.exe","SourceModuleType":"im_msvistalog","FileVersion":"10.0.17763.864 (WinBuild.160101.0800)","Version":3,"Company":"Microsoft Corporation","EventTime":"2020-08-06 03:20:17","Task":7,"Signature":"Microsoft Windows","SourceName":"Microsoft-Windows-Sysmon","Message":"Image loaded:\r\nRuleName: -\r\nUtcTime: 2020-08-06 07:20:17.639\r\nProcessGuid: {9f85ce58-af31-5f2b-1d04-000000000400}\r\nProcessId: 4888\r\nImage: C:\\Windows\\System32\\cmd.exe\r\nImageLoaded: C:\\Windows\\System32\\rpcrt4.dll\r\nFileVersion: 10.0.17763.864 (WinBuild.160101.0800)\r\nDescription: Remote Procedure Call Runtime\r\nProduct: Microsoft® Windows® Operating System\r\nCompany: Microsoft Corporation\r\nOriginalFileName: rpcrt4.dll\r\nHashes: SHA1=D71E2557D4A125514794871DC51047E039A05651,MD5=9699096051EBD27FF96F80D3615C2F7D,SHA256=116AA6DF4D985F5E2D989DFE594D96DAA7555AA3D8B68322F00BCD21667EAB95,IMPHASH=88E7E7C7FA90052EC162DD37F2B7C7BD\r\nSigned: true\r\nSignature: Microsoft Windows\r\nSignatureStatus: Valid","SourceModuleName":"eventlog","ImageLoaded":"C:\\Windows\\System32\\rpcrt4.dll","EventReceivedTime":"2020-08-06 03:20:18","port":60122,"AccountName":"SYSTEM","UtcTime":"2020-08-06 07:20:17.639","Domain":"NT AUTHORITY","ExecutionProcessID":3888,"Hashes":"SHA1=D71E2557D4A125514794871DC51047E039A05651,MD5=9699096051EBD27FF96F80D3615C2F7D,SHA256=116AA6DF4D985F5E2D989DFE594D96DAA7555AA3D8B68322F00BCD21667EAB95,IMPHASH=88E7E7C7FA90052EC162DD37F2B7C7BD","Description":"Remote Procedure Call Runtime","UserID":"S-1-5-18","EventID":7,"Product":"Microsoft® Windows® Operating System","ProviderGuid":"{5770385F-C22A-43E0-BF4C-06F5698FFBD9}","RecordNumber":280879,"Keywords":-9223372036854775808,"ProcessGuid":"{9f85ce58-af31-5f2b-1d04-000000000400}","tags":["mordorDataset"],"RuleName":"-"}
{"@version":"1","EventType":"INFO","AccountType":"User","ThreadID":4208,"Channel":"Microsoft-Windows-Sysmon/Operational","OpcodeValue":0,"OriginalFileName":"bcryptprimitives.dll","Hostname":"MORDORDC.theshire.local","@timestamp":"2020-08-06T07:20:19.985Z","ProcessId":"4888","Signed":"true","host":"wec.internal.cloudapp.net","SignatureStatus":"Valid","Severity":"INFO","SeverityValue":2,"Image":"C:\\Windows\\System32\\cmd.exe","SourceModuleType":"im_msvistalog","FileVersion":"10.0.17763.1217 (WinBuild.160101.0800)","Version":3,"Company":"Microsoft Corporation","EventTime":"2020-08-06 03:20:17","Task":7,"Signature":"Microsoft Windows","SourceName":"Microsoft-Windows-Sysmon","Message":"Image loaded:\r\nRuleName: -\r\nUtcTime: 2020-08-06 07:20:17.639\r\nProcessGuid: {9f85ce58-af31-5f2b-1d04-000000000400}\r\nProcessId: 4888\r\nImage: C:\\Windows\\System32\\cmd.exe\r\nImageLoaded: C:\\Windows\\System32\\bcryptprimitives.dll\r\nFileVersion: 10.0.17763.1217 (WinBuild.160101.0800)\r\nDescription: Windows Cryptographic Primitives Library\r\nProduct: Microsoft® Windows® Operating System\r\nCompany: Microsoft Corporation\r\nOriginalFileName: bcryptprimitives.dll\r\nHashes: SHA1=9246070D775679AC5859F254C263596AF5ABBA19,MD5=153A92B4CCC58BA42DA1A7EC2375BA84,SHA256=47DDEAC6F08307DB378E88A946D6A390F0B7AFEDB586487C4F74F609C6373F28,IMPHASH=402DA460E2AC467F4489C588A9941032\r\nSigned: true\r\nSignature: Microsoft Windows\r\nSignatureStatus: Valid","SourceModuleName":"eventlog","ImageLoaded":"C:\\Windows\\System32\\bcryptprimitives.dll","EventReceivedTime":"2020-08-06 03:20:19","port":60122,"AccountName":"SYSTEM","UtcTime":"2020-08-06 07:20:17.639","Domain":"NT AUTHORITY","ExecutionProcessID":3888,"Hashes":"SHA1=9246070D775679AC5859F254C263596AF5ABBA19,MD5=153A92B4CCC58BA42DA1A7EC2375BA84,SHA256=47DDEAC6F08307DB378E88A946D6A390F0B7AFEDB586487C4F74F609C6373F28,IMPHASH=402DA460E2AC467F4489C588A9941032","Description":"Windows Cryptographic Primitives Library","UserID":"S-1-5-18","EventID":7,"Product":"Microsoft® Windows® Operating System","ProviderGuid":"{5770385F-C22A-43E0-BF4C-06F5698FFBD9}","RecordNumber":280880,"Keywords":-9223372036854775808,"ProcessGuid":"{9f85ce58-af31-5f2b-1d04-000000000400}","tags":["mordorDataset"],"RuleName":"-"}
{"@version":"1","EventType":"INFO","AccountType":"User","ThreadID":4208,"Channel":"Microsoft-Windows-Sysmon/Operational","OpcodeValue":0,"OriginalFileName":"wldp.dll","Hostname":"MORDORDC.theshire.local","@timestamp":"2020-08-06T07:20:19.985Z","ProcessId":"4888","Signed":"true","host":"wec.internal.cloudapp.net","SignatureStatus":"Valid","Severity":"INFO","SeverityValue":2,"Image":"C:\\Windows\\System32\\cmd.exe","SourceModuleType":"im_msvistalog","FileVersion":"10.0.17763.1075 (WinBuild.160101.0800)","Version":3,"Company":"Microsoft Corporation","EventTime":"2020-08-06 03:20:17","Task":7,"Signature":"Microsoft Windows","SourceName":"Microsoft-Windows-Sysmon","Message":"Image loaded:\r\nRuleName: -\r\nUtcTime: 2020-08-06 07:20:17.655\r\nProcessGuid: {9f85ce58-af31-5f2b-1d04-000000000400}\r\nProcessId: 4888\r\nImage: C:\\Windows\\System32\\cmd.exe\r\nImageLoaded: C:\\Windows\\System32\\wldp.dll\r\nFileVersion: 10.0.17763.1075 (WinBuild.160101.0800)\r\nDescription: Windows Lockdown Policy\r\nProduct: Microsoft® Windows® Operating System\r\nCompany: Microsoft Corporation\r\nOriginalFileName: wldp.dll\r\nHashes: SHA1=D8400B5773BDF4A3553DE326DC11596752BAC44D,MD5=980DD2B9A191D814778C62CD8C219DA0,SHA256=F736C713D7451FB312558747067DE3208EE84660D13F49A416A54D3C5A1EBA9A,IMPHASH=1EC9E7BADE7FA062D67A33EEEB3840A3\r\nSigned: true\r\nSignature: Microsoft Windows\r\nSignatureStatus: Valid","SourceModuleName":"eventlog","ImageLoaded":"C:\\Windows\\System32\\wldp.dll","EventReceivedTime":"2020-08-06 03:20:19","port":60122,"AccountName":"SYSTEM","UtcTime":"2020-08-06 07:20:17.655","Domain":"NT AUTHORITY","ExecutionProcessID":3888,"Hashes":"SHA1=D8400B5773BDF4A3553DE326DC11596752BAC44D,MD5=980DD2B9A191D814778C62CD8C219DA0,SHA256=F736C713D7451FB312558747067DE3208EE84660D13F49A416A54D3C5A1EBA9A,IMPHASH=1EC9E7BADE7FA062D67A33EEEB3840A3","Description":"Windows Lockdown Policy","UserID":"S-1-5-18","EventID":7,"Product":"Microsoft® Windows® Operating System","ProviderGuid":"{5770385F-C22A-43E0-BF4C-06F5698FFBD9}","RecordNumber":280881,"Keywords":-9223372036854775808,"ProcessGuid":"{9f85ce58-af31-5f2b-1d04-000000000400}","tags":["mordorDataset"],"RuleName":"-"}
{"@version":"1","EventType":"INFO","AccountType":"User","ThreadID":4208,"Channel":"Microsoft-Windows-Sysmon/Operational","OpcodeValue":0,"OriginalFileName":"sechost.dll","Hostname":"MORDORDC.theshire.local","@timestamp":"2020-08-06T07:20:19.986Z","ProcessId":"4888","Signed":"true","host":"wec.internal.cloudapp.net","SignatureStatus":"Valid","Severity":"INFO","SeverityValue":2,"Image":"C:\\Windows\\System32\\cmd.exe","SourceModuleType":"im_msvistalog","FileVersion":"10.0.17763.1339 (WinBuild.160101.0800)","Version":3,"Company":"Microsoft Corporation","EventTime":"2020-08-06 03:20:17","Task":7,"Signature":"Microsoft Windows","SourceName":"Microsoft-Windows-Sysmon","Message":"Image loaded:\r\nRuleName: -\r\nUtcTime: 2020-08-06 07:20:17.655\r\nProcessGuid: {9f85ce58-af31-5f2b-1d04-000000000400}\r\nProcessId: 4888\r\nImage: C:\\Windows\\System32\\cmd.exe\r\nImageLoaded: C:\\Windows\\System32\\sechost.dll\r\nFileVersion: 10.0.17763.1339 (WinBuild.160101.0800)\r\nDescription: Host for SCM/SDDL/LSA Lookup APIs\r\nProduct: Microsoft® Windows® Operating System\r\nCompany: Microsoft Corporation\r\nOriginalFileName: sechost.dll\r\nHashes: SHA1=4FD39AD714E1C93D887D5050DBF65495A291D803,MD5=270ED637DA8BDCF746828CE1FCA8D085,SHA256=8906B092E6247F10D2C1946083F5C220B93B8C22A23030BC75860844C22F35DC,IMPHASH=5F0CBFA31042EAEC032DAB6F4E97C1FD\r\nSigned: true\r\nSignature: Microsoft Windows\r\nSignatureStatus: Valid","SourceModuleName":"eventlog","ImageLoaded":"C:\\Windows\\System32\\sechost.dll","EventReceivedTime":"2020-08-06 03:20:19","port":60122,"AccountName":"SYSTEM","UtcTime":"2020-08-06 07:20:17.655","Domain":"NT AUTHORITY","ExecutionProcessID":3888,"Hashes":"SHA1=4FD39AD714E1C93D887D5050DBF65495A291D803,MD5=270ED637DA8BDCF746828CE1FCA8D085,SHA256=8906B092E6247F10D2C1946083F5C220B93B8C22A23030BC75860844C22F35DC,IMPHASH=5F0CBFA31042EAEC032DAB6F4E97C1FD","Description":"Host for SCM/SDDL/LSA Lookup APIs","UserID":"S-1-5-18","EventID":7,"Product":"Microsoft® Windows® Operating System","ProviderGuid":"{5770385F-C22A-43E0-BF4C-06F5698FFBD9}","RecordNumber":280882,"Keywords":-9223372036854775808,"ProcessGuid":"{9f85ce58-af31-5f2b-1d04-000000000400}","tags":["mordorDataset"],"RuleName":"-"}
{"@version":"1","EventType":"INFO","AccountType":"User","ThreadID":4208,"Channel":"Microsoft-Windows-Sysmon/Operational","OpcodeValue":0,"OriginalFileName":"CRYPT32.DLL","Hostname":"MORDORDC.theshire.local","@timestamp":"2020-08-06T07:20:19.986Z","ProcessId":"4888","Signed":"true","host":"wec.internal.cloudapp.net","SignatureStatus":"Valid","Severity":"INFO","SeverityValue":2,"Image":"C:\\Windows\\System32\\cmd.exe","SourceModuleType":"im_msvistalog","FileVersion":"10.0.17763.973 (WinBuild.160101.0800)","Version":3,"Company":"Microsoft Corporation","EventTime":"2020-08-06 03:20:17","Task":7,"Signature":"Microsoft Windows","SourceName":"Microsoft-Windows-Sysmon","Message":"Image loaded:\r\nRuleName: -\r\nUtcTime: 2020-08-06 07:20:17.655\r\nProcessGuid: {9f85ce58-af31-5f2b-1d04-000000000400}\r\nProcessId: 4888\r\nImage: C:\\Windows\\System32\\cmd.exe\r\nImageLoaded: C:\\Windows\\System32\\crypt32.dll\r\nFileVersion: 10.0.17763.973 (WinBuild.160101.0800)\r\nDescription: Crypto API32\r\nProduct: Microsoft® Windows® Operating System\r\nCompany: Microsoft Corporation\r\nOriginalFileName: CRYPT32.DLL\r\nHashes: SHA1=CA5DE50019BC91146F2EABEEE0AA892656CE2CBA,MD5=FD65A9D6CBF3C2C14299824A06D0F449,SHA256=CEE203F588CD2BF42B02EE64BE69614378B2D5B606F7F9499B8B270733D09365,IMPHASH=00C8D8D39ECEB7F125A974C0CFF01BBC\r\nSigned: true\r\nSignature: Microsoft Windows\r\nSignatureStatus: Valid","SourceModuleName":"eventlog","ImageLoaded":"C:\\Windows\\System32\\crypt32.dll","EventReceivedTime":"2020-08-06 03:20:19","port":60122,"AccountName":"SYSTEM","UtcTime":"2020-08-06 07:20:17.655","Domain":"NT AUTHORITY","ExecutionProcessID":3888,"Hashes":"SHA1=CA5DE50019BC91146F2EABEEE0AA892656CE2CBA,MD5=FD65A9D6CBF3C2C14299824A06D0F449,SHA256=CEE203F588CD2BF42B02EE64BE69614378B2D5B606F7F9499B8B270733D09365,IMPHASH=00C8D8D39ECEB7F125A974C0CFF01BBC","Description":"Crypto API32","UserID":"S-1-5-18","EventID":7,"Product":"Microsoft® Windows® Operating System","ProviderGuid":"{5770385F-C22A-43E0-BF4C-06F5698FFBD9}","RecordNumber":280883,"Keywords":-9223372036854775808,"ProcessGuid":"{9f85ce58-af31-5f2b-1d04-000000000400}","tags":["mordorDataset"],"RuleName":"-"}
{"@version":"1","EventType":"INFO","AccountType":"User","ThreadID":4208,"Channel":"Microsoft-Windows-Sysmon/Operational","OpcodeValue":0,"OriginalFileName":"msasn1.dll","Hostname":"MORDORDC.theshire.local","@timestamp":"2020-08-06T07:20:19.986Z","ProcessId":"4888","Signed":"true","host":"wec.internal.cloudapp.net","SignatureStatus":"Valid","Severity":"INFO","SeverityValue":2,"Image":"C:\\Windows\\System32\\cmd.exe","SourceModuleType":"im_msvistalog","FileVersion":"10.0.17763.1 (WinBuild.160101.0800)","Version":3,"Company":"Microsoft Corporation","EventTime":"2020-08-06 03:20:17","Task":7,"Signature":"Microsoft Windows","SourceName":"Microsoft-Windows-Sysmon","Message":"Image loaded:\r\nRuleName: -\r\nUtcTime: 2020-08-06 07:20:17.655\r\nProcessGuid: {9f85ce58-af31-5f2b-1d04-000000000400}\r\nProcessId: 4888\r\nImage: C:\\Windows\\System32\\cmd.exe\r\nImageLoaded: C:\\Windows\\System32\\msasn1.dll\r\nFileVersion: 10.0.17763.1 (WinBuild.160101.0800)\r\nDescription: ASN.1 Runtime APIs\r\nProduct: Microsoft® Windows® Operating System\r\nCompany: Microsoft Corporation\r\nOriginalFileName: msasn1.dll\r\nHashes: SHA1=8AE7FF30C935B597DA41C660F772C4A66F475A69,MD5=6C2EE08E0066A9DCBC77612CACF76EED,SHA256=DC1C77C7DEC3271B9AA2F136E0262E49770B586458F89CFDBA48D3DC4B5425C0,IMPHASH=B4991B6EA9B3246B087601BEEE3FA64F\r\nSigned: true\r\nSignature: Microsoft Windows\r\nSignatureStatus: Valid","SourceModuleName":"eventlog","ImageLoaded":"C:\\Windows\\System32\\msasn1.dll","EventReceivedTime":"2020-08-06 03:20:19","port":60122,"AccountName":"SYSTEM","UtcTime":"2020-08-06 07:20:17.655","Domain":"NT AUTHORITY","ExecutionProcessID":3888,"Hashes":"SHA1=8AE7FF30C935B597DA41C660F772C4A66F475A69,MD5=6C2EE08E0066A9DCBC77612CACF76EED,SHA256=DC1C77C7DEC3271B9AA2F136E0262E49770B586458F89CFDBA48D3DC4B5425C0,IMPHASH=B4991B6EA9B3246B087601BEEE3FA64F","Description":"ASN.1 Runtime APIs","UserID":"S-1-5-18","EventID":7,"Product":"Microsoft® Windows® Operating System","ProviderGuid":"{5770385F-C22A-43E0-BF4C-06F5698FFBD9}","RecordNumber":280884,"Keywords":-9223372036854775808,"ProcessGuid":"{9f85ce58-af31-5f2b-1d04-000000000400}","tags":["mordorDataset"],"RuleName":"-"}
{"@version":"1","EventType":"INFO","AccountType":"User","ThreadID":4208,"Channel":"Microsoft-Windows-Sysmon/Operational","OpcodeValue":0,"OriginalFileName":"WINTRUST.DLL","Hostname":"MORDORDC.theshire.local","@timestamp":"2020-08-06T07:20:19.987Z","ProcessId":"4888","Signed":"true","host":"wec.internal.cloudapp.net","SignatureStatus":"Valid","Severity":"INFO","SeverityValue":2,"Image":"C:\\Windows\\System32\\cmd.exe","SourceModuleType":"im_msvistalog","FileVersion":"10.0.17763.348 (WinBuild.160101.0800)","Version":3,"Company":"Microsoft Corporation","EventTime":"2020-08-06 03:20:17","Task":7,"Signature":"Microsoft Windows","SourceName":"Microsoft-Windows-Sysmon","Message":"Image loaded:\r\nRuleName: -\r\nUtcTime: 2020-08-06 07:20:17.655\r\nProcessGuid: {9f85ce58-af31-5f2b-1d04-000000000400}\r\nProcessId: 4888\r\nImage: C:\\Windows\\System32\\cmd.exe\r\nImageLoaded: C:\\Windows\\System32\\wintrust.dll\r\nFileVersion: 10.0.17763.348 (WinBuild.160101.0800)\r\nDescription: Microsoft Trust Verification APIs\r\nProduct: Microsoft® Windows® Operating System\r\nCompany: Microsoft Corporation\r\nOriginalFileName: WINTRUST.DLL\r\nHashes: SHA1=5E84EB4E1CDFA1E84155357CE1BCFC10C7F2D712,MD5=E929E733F96A813ABEB40E2A7C3EB722,SHA256=2F438AB4CC0496F3BF5EE9ECEBA0436F52A76C1E4E64D78E167D770ED224B09C,IMPHASH=FE2C31ACDCB7F3B1CDAEED37677C9894\r\nSigned: true\r\nSignature: Microsoft Windows\r\nSignatureStatus: Valid","SourceModuleName":"eventlog","ImageLoaded":"C:\\Windows\\System32\\wintrust.dll","EventReceivedTime":"2020-08-06 03:20:19","port":60122,"AccountName":"SYSTEM","UtcTime":"2020-08-06 07:20:17.655","Domain":"NT AUTHORITY","ExecutionProcessID":3888,"Hashes":"SHA1=5E84EB4E1CDFA1E84155357CE1BCFC10C7F2D712,MD5=E929E733F96A813ABEB40E2A7C3EB722,SHA256=2F438AB4CC0496F3BF5EE9ECEBA0436F52A76C1E4E64D78E167D770ED224B09C,IMPHASH=FE2C31ACDCB7F3B1CDAEED37677C9894","Description":"Microsoft Trust Verification APIs","UserID":"S-1-5-18","EventID":7,"Product":"Microsoft® Windows® Operating System","ProviderGuid":"{5770385F-C22A-43E0-BF4C-06F5698FFBD9}","RecordNumber":280885,"Keywords":-9223372036854775808,"ProcessGuid":"{9f85ce58-af31-5f2b-1d04-000000000400}","tags":["mordorDataset"],"RuleName":"-"}
{"@version":"1","EventType":"INFO","AccountType":"User","ThreadID":4212,"Channel":"Microsoft-Windows-Sysmon/Operational","OpcodeValue":0,"OriginalFileName":"winbrand.dll","Hostname":"MORDORDC.theshire.local","@timestamp":"2020-08-06T07:20:19.987Z","ProcessId":"4888","Signed":"true","host":"wec.internal.cloudapp.net","SignatureStatus":"Valid","Severity":"INFO","SeverityValue":2,"Image":"C:\\Windows\\System32\\cmd.exe","SourceModuleType":"im_msvistalog","FileVersion":"10.0.17763.1075 (WinBuild.160101.0800)","Version":3,"Company":"Microsoft Corporation","EventTime":"2020-08-06 03:20:17","Task":7,"Signature":"Microsoft Windows","SourceName":"Microsoft-Windows-Sysmon","Message":"Image loaded:\r\nRuleName: -\r\nUtcTime: 2020-08-06 07:20:17.655\r\nProcessGuid: {9f85ce58-af31-5f2b-1d04-000000000400}\r\nProcessId: 4888\r\nImage: C:\\Windows\\System32\\cmd.exe\r\nImageLoaded: C:\\Windows\\System32\\winbrand.dll\r\nFileVersion: 10.0.17763.1075 (WinBuild.160101.0800)\r\nDescription: Windows Branding Resources\r\nProduct: Microsoft® Windows® Operating System\r\nCompany: Microsoft Corporation\r\nOriginalFileName: winbrand.dll\r\nHashes: SHA1=1DB974B37D1C6AF712DAEECB7A3700574D642BA3,MD5=A44C9D7E5487EB7971981507EF6DDC57,SHA256=71354321A0670C3A2BFD4D646AC7511927FC5A97159E05D26B8B54F36973D7DC,IMPHASH=867204563A9B904DC019CE9C4474A0D8\r\nSigned: true\r\nSignature: Microsoft Windows\r\nSignatureStatus: Valid","SourceModuleName":"eventlog","ImageLoaded":"C:\\Windows\\System32\\winbrand.dll","EventReceivedTime":"2020-08-06 03:20:19","port":60122,"AccountName":"SYSTEM","UtcTime":"2020-08-06 07:20:17.655","Domain":"NT AUTHORITY","ExecutionProcessID":3888,"Hashes":"SHA1=1DB974B37D1C6AF712DAEECB7A3700574D642BA3,MD5=A44C9D7E5487EB7971981507EF6DDC57,SHA256=71354321A0670C3A2BFD4D646AC7511927FC5A97159E05D26B8B54F36973D7DC,IMPHASH=867204563A9B904DC019CE9C4474A0D8","Description":"Windows Branding Resources","UserID":"S-1-5-18","EventID":7,"Product":"Microsoft® Windows® Operating System","ProviderGuid":"{5770385F-C22A-43E0-BF4C-06F5698FFBD9}","RecordNumber":280886,"Keywords":-9223372036854775808,"ProcessGuid":"{9f85ce58-af31-5f2b-1d04-000000000400}","tags":["mordorDataset"],"RuleName":"-"}
{"tags":["mordorDataset"],"@version":"1","EventType":"INFO","Version":3,"ThreadID":4208,"EventTime":"2020-08-06 03:20:18","Task":5,"AccountType":"User","Channel":"Microsoft-Windows-Sysmon/Operational","SourceName":"Microsoft-Windows-Sysmon","OpcodeValue":0,"Hostname":"MORDORDC.theshire.local","@timestamp":"2020-08-06T07:20:19.988Z","Message":"Process terminated:\r\nRuleName: -\r\nUtcTime: 2020-08-06 07:20:18.204\r\nProcessGuid: {9f85ce58-af31-5f2b-1d04-000000000400}\r\nProcessId: 4888\r\nImage: C:\\Windows\\System32\\cmd.exe","SourceModuleName":"eventlog","ProcessId":"4888","EventReceivedTime":"2020-08-06 03:20:19","port":60122,"AccountName":"SYSTEM","UtcTime":"2020-08-06 07:20:18.204","Domain":"NT AUTHORITY","ExecutionProcessID":3888,"host":"wec.internal.cloudapp.net","Severity":"INFO","SeverityValue":2,"EventID":5,"UserID":"S-1-5-18","ProviderGuid":"{5770385F-C22A-43E0-BF4C-06F5698FFBD9}","RecordNumber":280887,"Image":"C:\\Windows\\System32\\cmd.exe","Keywords":-9223372036854775808,"ProcessGuid":"{9f85ce58-af31-5f2b-1d04-000000000400}","SourceModuleType":"im_msvistalog","RuleName":"-"}
{"tags":["mordorDataset"],"@version":"1","EventType":"INFO","Version":3,"ThreadID":4208,"EventTime":"2020-08-06 03:20:18","Task":5,"AccountType":"User","Channel":"Microsoft-Windows-Sysmon/Operational","SourceName":"Microsoft-Windows-Sysmon","OpcodeValue":0,"Hostname":"MORDORDC.theshire.local","@timestamp":"2020-08-06T07:20:19.988Z","Message":"Process terminated:\r\nRuleName: -\r\nUtcTime: 2020-08-06 07:20:18.204\r\nProcessGuid: {9f85ce58-af31-5f2b-1e04-000000000400}\r\nProcessId: 5624\r\nImage: C:\\Windows\\System32\\conhost.exe","SourceModuleName":"eventlog","ProcessId":"5624","EventReceivedTime":"2020-08-06 03:20:19","port":60122,"AccountName":"SYSTEM","UtcTime":"2020-08-06 07:20:18.204","Domain":"NT AUTHORITY","ExecutionProcessID":3888,"host":"wec.internal.cloudapp.net","Severity":"INFO","SeverityValue":2,"EventID":5,"UserID":"S-1-5-18","ProviderGuid":"{5770385F-C22A-43E0-BF4C-06F5698FFBD9}","RecordNumber":280888,"Image":"C:\\Windows\\System32\\conhost.exe","Keywords":-9223372036854775808,"ProcessGuid":"{9f85ce58-af31-5f2b-1e04-000000000400}","SourceModuleType":"im_msvistalog","RuleName":"-"}
{"tags":["mordorDataset"],"@version":"1","EventType":"ConnectPipe","Version":1,"ThreadID":4208,"EventTime":"2020-08-06 03:20:18","Task":18,"AccountType":"User","PipeName":"\\lsass","Channel":"Microsoft-Windows-Sysmon/Operational","EventTypeOrignal":"INFO","SourceName":"Microsoft-Windows-Sysmon","Hostname":"MORDORDC.theshire.local","@timestamp":"2020-08-06T07:20:19.988Z","OpcodeValue":0,"Message":"Pipe Connected:\r\nRuleName: -\r\nEventType: ConnectPipe\r\nUtcTime: 2020-08-06 07:20:18.486\r\nProcessGuid: {9f85ce58-59e0-5f2b-3500-000000000400}\r\nProcessId: 2496\r\nPipeName: \\lsass\r\nImage: C:\\windows\\System32\\svchost.exe","SourceModuleName":"eventlog","ProcessId":"2496","EventReceivedTime":"2020-08-06 03:20:19","port":60122,"AccountName":"SYSTEM","UtcTime":"2020-08-06 07:20:18.486","Domain":"NT AUTHORITY","ExecutionProcessID":3888,"host":"wec.internal.cloudapp.net","Severity":"INFO","SeverityValue":2,"EventID":18,"UserID":"S-1-5-18","ProviderGuid":"{5770385F-C22A-43E0-BF4C-06F5698FFBD9}","RecordNumber":280889,"Image":"C:\\windows\\System32\\svchost.exe","Keywords":-9223372036854775808,"ProcessGuid":"{9f85ce58-59e0-5f2b-3500-000000000400}","SourceModuleType":"im_msvistalog","RuleName":"-"}
{"tags":["mordorDataset"],"@version":"1","EventType":"CreateKey","Version":2,"ThreadID":4208,"EventTime":"2020-08-06 03:20:18","Task":12,"AccountType":"User","Channel":"Microsoft-Windows-Sysmon/Operational","EventTypeOrignal":"INFO","SourceName":"Microsoft-Windows-Sysmon","Hostname":"MORDORDC.theshire.local","@timestamp":"2020-08-06T07:20:19.989Z","OpcodeValue":0,"Message":"Registry object added or deleted:\r\nRuleName: -\r\nEventType: CreateKey\r\nUtcTime: 2020-08-06 07:20:18.486\r\nProcessGuid: {9f85ce58-59d8-5f2b-0c00-000000000400}\r\nProcessId: 704\r\nImage: C:\\windows\\system32\\lsass.exe\r\nTargetObject: HKLM\\System\\CurrentControlSet\\Services\\Tcpip\\Parameters","SourceModuleName":"eventlog","ProcessId":"704","EventReceivedTime":"2020-08-06 03:20:19","port":60122,"AccountName":"SYSTEM","UtcTime":"2020-08-06 07:20:18.486","Domain":"NT AUTHORITY","ExecutionProcessID":3888,"host":"wec.internal.cloudapp.net","Severity":"INFO","TargetObject":"HKLM\\System\\CurrentControlSet\\Services\\Tcpip\\Parameters","SeverityValue":2,"EventID":12,"UserID":"S-1-5-18","ProviderGuid":"{5770385F-C22A-43E0-BF4C-06F5698FFBD9}","RecordNumber":280890,"Image":"C:\\windows\\system32\\lsass.exe","Keywords":-9223372036854775808,"ProcessGuid":"{9f85ce58-59d8-5f2b-0c00-000000000400}","SourceModuleType":"im_msvistalog","RuleName":"-"}
{"tags":["mordorDataset"],"TargetProcessGUID":"{49a15388-5ccf-5f2b-5502-000000000400}","@version":"1","EventType":"INFO","Version":3,"ThreadID":4496,"EventTime":"2020-08-06 03:20:18","Task":10,"AccountType":"User","SourceProcessGUID":"{49a15388-5c39-5f2b-1000-000000000400}","CallTrace":"C:\\windows\\SYSTEM32\\ntdll.dll+9c534|C:\\windows\\SYSTEM32\\psmserviceexthost.dll+222a3|C:\\windows\\SYSTEM32\\psmserviceexthost.dll+1a172|C:\\windows\\SYSTEM32\\psmserviceexthost.dll+19e3b|C:\\windows\\SYSTEM32\\psmserviceexthost.dll+19318|C:\\windows\\SYSTEM32\\ntdll.dll+3081d|C:\\windows\\SYSTEM32\\ntdll.dll+345b4|C:\\windows\\System32\\KERNEL32.DLL+17bd4|C:\\windows\\SYSTEM32\\ntdll.dll+6ce51","Channel":"Microsoft-Windows-Sysmon/Operational","SourceName":"Microsoft-Windows-Sysmon","OpcodeValue":0,"Hostname":"WORKSTATION6.theshire.local","@timestamp":"2020-08-06T07:20:20.988Z","Message":"Process accessed:\r\nRuleName: -\r\nUtcTime: 2020-08-06 07:20:18.552\r\nSourceProcessGUID: {49a15388-5c39-5f2b-1000-000000000400}\r\nSourceProcessId: 896\r\nSourceThreadId: 1068\r\nSourceImage: C:\\windows\\system32\\svchost.exe\r\nTargetProcessGUID: {49a15388-5ccf-5f2b-5502-000000000400}\r\nTargetProcessId: 3120\r\nTargetImage: C:\\windows\\System32\\svchost.exe\r\nGrantedAccess: 0x1000\r\nCallTrace: C:\\windows\\SYSTEM32\\ntdll.dll+9c534|C:\\windows\\SYSTEM32\\psmserviceexthost.dll+222a3|C:\\windows\\SYSTEM32\\psmserviceexthost.dll+1a172|C:\\windows\\SYSTEM32\\psmserviceexthost.dll+19e3b|C:\\windows\\SYSTEM32\\psmserviceexthost.dll+19318|C:\\windows\\SYSTEM32\\ntdll.dll+3081d|C:\\windows\\SYSTEM32\\ntdll.dll+345b4|C:\\windows\\System32\\KERNEL32.DLL+17bd4|C:\\windows\\SYSTEM32\\ntdll.dll+6ce51","SourceModuleName":"eventlog","ProcessId":"896","SourceImage":"C:\\windows\\system32\\svchost.exe","EventReceivedTime":"2020-08-06 03:20:20","port":60122,"AccountName":"SYSTEM","UtcTime":"2020-08-06 07:20:18.552","GrantedAccess":"0x1000","Domain":"NT AUTHORITY","ExecutionProcessID":3432,"host":"wec.internal.cloudapp.net","SourceProcessId":"896","SourceThreadId":"1068","Severity":"INFO","TargetProcessId":"3120","SeverityValue":2,"EventID":10,"UserID":"S-1-5-18","ProviderGuid":"{5770385F-C22A-43E0-BF4C-06F5698FFBD9}","RecordNumber":322220,"SourceModuleType":"im_msvistalog","Keywords":-9223372036854775808,"TargetImage":"C:\\windows\\System32\\svchost.exe","RuleName":"-"}
