{"@timestamp":"2020-10-13T04:26:22.001Z","AccessReason":"-","Channel":"security","SubjectDomainName":"NT AUTHORITY","RecordNumber":118871,"ThreadID":5776,"SubjectLogonId":"0x3e5","TransactionId":"{00000000-0000-0000-0000-000000000000}","ObjectName":"\\REGISTRY\\MACHINE\\SYSTEM\\ControlSet001\\Control\\Lsa","ProcessId":"0x834","Version":1,"Hostname":"WORKSTATION5.theshire.local","EventReceivedTime":"2020-10-13 00:26:21","ProviderGuid":"{54849625-5478-4994-A5BA-3E3B0328C30D}","SubjectUserName":"LOCAL SERVICE","RestrictedSidCount":"5","port":61041,"Severity":"INFO","ResourceAttributes":"-","Task":12801,"tags":["mordorDataset"],"SourceModuleType":"im_msvistalog","OpcodeValue":0,"EventType":"AUDIT_SUCCESS","ExecutionProcessID":4,"Opcode":"Info","ObjectType":"Key","SourceName":"Microsoft-Windows-Security-Auditing","Keywords":-9214364837600034816,"AccessList":"%%4432\r\n\t\t\t\t","HandleId":"0x704","EventID":4656,"Category":"Registry","@version":"1","host":"wec.internal.cloudapp.net","AccessMask":"0x1","ObjectServer":"Security","ProcessName":"C:\\Windows\\System32\\svchost.exe","SeverityValue":2,"EventTime":"2020-10-13 00:26:20","Message":"A handle to an object was requested.\r\n\r\nSubject:\r\n\tSecurity ID:\t\tS-1-5-19\r\n\tAccount Name:\t\tLOCAL SERVICE\r\n\tAccount Domain:\t\tNT AUTHORITY\r\n\tLogon ID:\t\t0x3E5\r\n\r\nObject:\r\n\tObject Server:\t\tSecurity\r\n\tObject Type:\t\tKey\r\n\tObject Name:\t\t\\REGISTRY\\MACHINE\\SYSTEM\\ControlSet001\\Control\\Lsa\r\n\tHandle ID:\t\t0x704\r\n\tResource Attributes:\t-\r\n\r\nProcess Information:\r\n\tProcess ID:\t\t0x834\r\n\tProcess Name:\t\tC:\\Windows\\System32\\svchost.exe\r\n\r\nAccess Request Information:\r\n\tTransaction ID:\t\t{00000000-0000-0000-0000-000000000000}\r\n\tAccesses:\t\tQuery key value\r\n\t\t\t\t\r\n\tAccess Reasons:\t\t-\r\n\tAccess Mask:\t\t0x1\r\n\tPrivileges Used for Access Check:\t-\r\n\tRestricted SID Count:\t5","PrivilegeList":"-","SourceModuleName":"eventlog","SubjectUserSid":"S-1-5-19"}
{"@timestamp":"2020-10-13T04:26:22.001Z","port":61041,"Severity":"INFO","Task":12801,"Channel":"security","ResourceAttributes":"-","SourceModuleType":"im_msvistalog","tags":["mordorDataset"],"OpcodeValue":0,"EventType":"AUDIT_SUCCESS","ExecutionProcessID":4,"Opcode":"Info","RecordNumber":118872,"ThreadID":5776,"SubjectDomainName":"NT AUTHORITY","SubjectLogonId":"0x3e5","SourceName":"Microsoft-Windows-Security-Auditing","ObjectType":"Key","Keywords":-9214364837600034816,"AccessList":"%%4432\r\n\t\t\t\t","HandleId":"0x704","EventID":4663,"Category":"Registry","ObjectName":"\\REGISTRY\\MACHINE\\SYSTEM\\ControlSet001\\Control\\Lsa","Version":1,"ProcessId":"0x834","@version":"1","host":"wec.internal.cloudapp.net","Hostname":"WORKSTATION5.theshire.local","AccessMask":"0x1","ObjectServer":"Security","ProcessName":"C:\\Windows\\System32\\svchost.exe","EventReceivedTime":"2020-10-13 00:26:21","SeverityValue":2,"EventTime":"2020-10-13 00:26:20","ProviderGuid":"{54849625-5478-4994-A5BA-3E3B0328C30D}","Message":"An attempt was made to access an object.\r\n\r\nSubject:\r\n\tSecurity ID:\t\tS-1-5-19\r\n\tAccount Name:\t\tLOCAL SERVICE\r\n\tAccount Domain:\t\tNT AUTHORITY\r\n\tLogon ID:\t\t0x3E5\r\n\r\nObject:\r\n\tObject Server:\t\tSecurity\r\n\tObject Type:\t\tKey\r\n\tObject Name:\t\t\\REGISTRY\\MACHINE\\SYSTEM\\ControlSet001\\Control\\Lsa\r\n\tHandle ID:\t\t0x704\r\n\tResource Attributes:\t-\r\n\r\nProcess Information:\r\n\tProcess ID:\t\t0x834\r\n\tProcess Name:\t\tC:\\Windows\\System32\\svchost.exe\r\n\r\nAccess Request Information:\r\n\tAccesses:\t\tQuery key value\r\n\t\t\t\t\r\n\tAccess Mask:\t\t0x1","SubjectUserName":"LOCAL SERVICE","SourceModuleName":"eventlog","SubjectUserSid":"S-1-5-19"}
{"@timestamp":"2020-10-13T04:26:22.002Z","port":61041,"Severity":"INFO","Task":12801,"Channel":"security","tags":["mordorDataset"],"SourceModuleType":"im_msvistalog","OpcodeValue":0,"EventType":"AUDIT_SUCCESS","ExecutionProcessID":4,"Opcode":"Info","RecordNumber":118873,"ThreadID":5776,"SubjectDomainName":"NT AUTHORITY","SubjectLogonId":"0x3e5","SourceName":"Microsoft-Windows-Security-Auditing","Keywords":-9214364837600034816,"HandleId":"0x704","EventID":4658,"Category":"Registry","ProcessId":"0x834","Version":0,"@version":"1","host":"wec.internal.cloudapp.net","Hostname":"WORKSTATION5.theshire.local","ProcessName":"C:\\Windows\\System32\\svchost.exe","ObjectServer":"Security","EventReceivedTime":"2020-10-13 00:26:21","SeverityValue":2,"EventTime":"2020-10-13 00:26:20","ProviderGuid":"{54849625-5478-4994-A5BA-3E3B0328C30D}","Message":"The handle to an object was closed.\r\n\r\nSubject :\r\n\tSecurity ID:\t\tS-1-5-19\r\n\tAccount Name:\t\tLOCAL SERVICE\r\n\tAccount Domain:\t\tNT AUTHORITY\r\n\tLogon ID:\t\t0x3E5\r\n\r\nObject:\r\n\tObject Server:\t\tSecurity\r\n\tHandle ID:\t\t0x704\r\n\r\nProcess Information:\r\n\tProcess ID:\t\t0x834\r\n\tProcess Name:\t\tC:\\Windows\\System32\\svchost.exe","SubjectUserName":"LOCAL SERVICE","SourceModuleName":"eventlog","SubjectUserSid":"S-1-5-19"}
{"SourceProcessId":"0x834","@timestamp":"2020-10-13T04:26:22.002Z","port":61041,"Severity":"INFO","Task":12807,"Channel":"security","tags":["mordorDataset"],"SourceModuleType":"im_msvistalog","OpcodeValue":0,"TargetProcessId":"0x4","EventType":"AUDIT_SUCCESS","ExecutionProcessID":4,"Opcode":"Info","RecordNumber":118874,"ThreadID":5776,"SubjectDomainName":"NT AUTHORITY","SubjectLogonId":"0x3e5","SourceName":"Microsoft-Windows-Security-Auditing","TargetHandleId":"0x21bc","Keywords":-9214364837600034816,"EventID":4690,"Category":"Handle Manipulation","SourceHandleId":"0x5fc","Version":0,"ProcessId":"0x834","@version":"1","host":"wec.internal.cloudapp.net","Hostname":"WORKSTATION5.theshire.local","EventReceivedTime":"2020-10-13 00:26:21","SeverityValue":2,"EventTime":"2020-10-13 00:26:20","ProviderGuid":"{54849625-5478-4994-A5BA-3E3B0328C30D}","Message":"An attempt was made to duplicate a handle to an object.\r\n\r\nSubject:\r\n\tSecurity ID:\t\tS-1-5-19\r\n\tAccount Name:\t\tLOCAL SERVICE\r\n\tAccount Domain:\t\tNT AUTHORITY\r\n\tLogon ID:\t\t0x3E5\r\n\r\nSource Handle Information:\r\n\tSource Handle ID:\t0x5fc\r\n\tSource Process ID:\t0x834\r\n\r\nNew Handle Information:\r\n\tTarget Handle ID:\t0x21bc\r\n\tTarget Process ID:\t0x4","SubjectUserName":"LOCAL SERVICE","SourceModuleName":"eventlog","SubjectUserSid":"S-1-5-19"}
{"@timestamp":"2020-10-13T04:26:22.002Z","port":61041,"Severity":"INFO","Task":12801,"Channel":"security","tags":["mordorDataset"],"SourceModuleType":"im_msvistalog","OpcodeValue":0,"EventType":"AUDIT_SUCCESS","ExecutionProcessID":4,"Opcode":"Info","RecordNumber":118875,"ThreadID":5776,"SubjectDomainName":"NT AUTHORITY","SubjectLogonId":"0x3e5","SourceName":"Microsoft-Windows-Security-Auditing","Keywords":-9214364837600034816,"HandleId":"0x21bc","EventID":4658,"Category":"Registry","ProcessId":"0x834","Version":0,"@version":"1","host":"wec.internal.cloudapp.net","Hostname":"WORKSTATION5.theshire.local","ProcessName":"C:\\Windows\\System32\\svchost.exe","ObjectServer":"Security","EventReceivedTime":"2020-10-13 00:26:21","SeverityValue":2,"EventTime":"2020-10-13 00:26:20","ProviderGuid":"{54849625-5478-4994-A5BA-3E3B0328C30D}","Message":"The handle to an object was closed.\r\n\r\nSubject :\r\n\tSecurity ID:\t\tS-1-5-19\r\n\tAccount Name:\t\tLOCAL SERVICE\r\n\tAccount Domain:\t\tNT AUTHORITY\r\n\tLogon ID:\t\t0x3E5\r\n\r\nObject:\r\n\tObject Server:\t\tSecurity\r\n\tHandle ID:\t\t0x21bc\r\n\r\nProcess Information:\r\n\tProcess ID:\t\t0x834\r\n\tProcess Name:\t\tC:\\Windows\\System32\\svchost.exe","SubjectUserName":"LOCAL SERVICE","SourceModuleName":"eventlog","SubjectUserSid":"S-1-5-19"}
{"@timestamp":"2020-10-13T04:26:22.002Z","AccessReason":"-","Channel":"security","SubjectDomainName":"NT AUTHORITY","RecordNumber":118876,"ThreadID":5776,"SubjectLogonId":"0x3e5","TransactionId":"{00000000-0000-0000-0000-000000000000}","ObjectName":"\\REGISTRY\\MACHINE\\SYSTEM\\ControlSet001\\Control\\Lsa","ProcessId":"0x834","Version":1,"Hostname":"WORKSTATION5.theshire.local","EventReceivedTime":"2020-10-13 00:26:21","ProviderGuid":"{54849625-5478-4994-A5BA-3E3B0328C30D}","SubjectUserName":"LOCAL SERVICE","RestrictedSidCount":"5","port":61041,"Severity":"INFO","ResourceAttributes":"-","Task":12801,"tags":["mordorDataset"],"SourceModuleType":"im_msvistalog","OpcodeValue":0,"EventType":"AUDIT_SUCCESS","ExecutionProcessID":4,"Opcode":"Info","ObjectType":"Key","SourceName":"Microsoft-Windows-Security-Auditing","Keywords":-9214364837600034816,"AccessList":"%%4432\r\n\t\t\t\t","HandleId":"0x5fc","EventID":4656,"Category":"Registry","@version":"1","host":"wec.internal.cloudapp.net","AccessMask":"0x1","ObjectServer":"Security","ProcessName":"C:\\Windows\\System32\\svchost.exe","SeverityValue":2,"EventTime":"2020-10-13 00:26:20","Message":"A handle to an object was requested.\r\n\r\nSubject:\r\n\tSecurity ID:\t\tS-1-5-19\r\n\tAccount Name:\t\tLOCAL SERVICE\r\n\tAccount Domain:\t\tNT AUTHORITY\r\n\tLogon ID:\t\t0x3E5\r\n\r\nObject:\r\n\tObject Server:\t\tSecurity\r\n\tObject Type:\t\tKey\r\n\tObject Name:\t\t\\REGISTRY\\MACHINE\\SYSTEM\\ControlSet001\\Control\\Lsa\r\n\tHandle ID:\t\t0x5fc\r\n\tResource Attributes:\t-\r\n\r\nProcess Information:\r\n\tProcess ID:\t\t0x834\r\n\tProcess Name:\t\tC:\\Windows\\System32\\svchost.exe\r\n\r\nAccess Request Information:\r\n\tTransaction ID:\t\t{00000000-0000-0000-0000-000000000000}\r\n\tAccesses:\t\tQuery key value\r\n\t\t\t\t\r\n\tAccess Reasons:\t\t-\r\n\tAccess Mask:\t\t0x1\r\n\tPrivileges Used for Access Check:\t-\r\n\tRestricted SID Count:\t5","PrivilegeList":"-","SourceModuleName":"eventlog","SubjectUserSid":"S-1-5-19"}
{"@timestamp":"2020-10-13T04:26:22.002Z","port":61041,"Severity":"INFO","Task":12801,"Channel":"security","ResourceAttributes":"-","SourceModuleType":"im_msvistalog","tags":["mordorDataset"],"OpcodeValue":0,"EventType":"AUDIT_SUCCESS","ExecutionProcessID":4,"Opcode":"Info","RecordNumber":118877,"ThreadID":5776,"SubjectDomainName":"NT AUTHORITY","SubjectLogonId":"0x3e5","SourceName":"Microsoft-Windows-Security-Auditing","ObjectType":"Key","Keywords":-9214364837600034816,"AccessList":"%%4432\r\n\t\t\t\t","HandleId":"0x5fc","EventID":4663,"Category":"Registry","ObjectName":"\\REGISTRY\\MACHINE\\SYSTEM\\ControlSet001\\Control\\Lsa","Version":1,"ProcessId":"0x834","@version":"1","host":"wec.internal.cloudapp.net","Hostname":"WORKSTATION5.theshire.local","AccessMask":"0x1","ObjectServer":"Security","ProcessName":"C:\\Windows\\System32\\svchost.exe","EventReceivedTime":"2020-10-13 00:26:21","SeverityValue":2,"EventTime":"2020-10-13 00:26:20","ProviderGuid":"{54849625-5478-4994-A5BA-3E3B0328C30D}","Message":"An attempt was made to access an object.\r\n\r\nSubject:\r\n\tSecurity ID:\t\tS-1-5-19\r\n\tAccount Name:\t\tLOCAL SERVICE\r\n\tAccount Domain:\t\tNT AUTHORITY\r\n\tLogon ID:\t\t0x3E5\r\n\r\nObject:\r\n\tObject Server:\t\tSecurity\r\n\tObject Type:\t\tKey\r\n\tObject Name:\t\t\\REGISTRY\\MACHINE\\SYSTEM\\ControlSet001\\Control\\Lsa\r\n\tHandle ID:\t\t0x5fc\r\n\tResource Attributes:\t-\r\n\r\nProcess Information:\r\n\tProcess ID:\t\t0x834\r\n\tProcess Name:\t\tC:\\Windows\\System32\\svchost.exe\r\n\r\nAccess Request Information:\r\n\tAccesses:\t\tQuery key value\r\n\t\t\t\t\r\n\tAccess Mask:\t\t0x1","SubjectUserName":"LOCAL SERVICE","SourceModuleName":"eventlog","SubjectUserSid":"S-1-5-19"}
{"@timestamp":"2020-10-13T04:26:22.003Z","port":61041,"Severity":"INFO","Task":12801,"Channel":"security","tags":["mordorDataset"],"SourceModuleType":"im_msvistalog","OpcodeValue":0,"EventType":"AUDIT_SUCCESS","ExecutionProcessID":4,"Opcode":"Info","RecordNumber":118878,"ThreadID":5776,"SubjectDomainName":"NT AUTHORITY","SubjectLogonId":"0x3e5","SourceName":"Microsoft-Windows-Security-Auditing","Keywords":-9214364837600034816,"HandleId":"0x5fc","EventID":4658,"Category":"Registry","ProcessId":"0x834","Version":0,"@version":"1","host":"wec.internal.cloudapp.net","Hostname":"WORKSTATION5.theshire.local","ProcessName":"C:\\Windows\\System32\\svchost.exe","ObjectServer":"Security","EventReceivedTime":"2020-10-13 00:26:21","SeverityValue":2,"EventTime":"2020-10-13 00:26:20","ProviderGuid":"{54849625-5478-4994-A5BA-3E3B0328C30D}","Message":"The handle to an object was closed.\r\n\r\nSubject :\r\n\tSecurity ID:\t\tS-1-5-19\r\n\tAccount Name:\t\tLOCAL SERVICE\r\n\tAccount Domain:\t\tNT AUTHORITY\r\n\tLogon ID:\t\t0x3E5\r\n\r\nObject:\r\n\tObject Server:\t\tSecurity\r\n\tHandle ID:\t\t0x5fc\r\n\r\nProcess Information:\r\n\tProcess ID:\t\t0x834\r\n\tProcess Name:\t\tC:\\Windows\\System32\\svchost.exe","SubjectUserName":"LOCAL SERVICE","SourceModuleName":"eventlog","SubjectUserSid":"S-1-5-19"}
{"SourceProcessId":"0x834","@timestamp":"2020-10-13T04:26:22.003Z","port":61041,"Severity":"INFO","Task":12807,"Channel":"security","tags":["mordorDataset"],"SourceModuleType":"im_msvistalog","OpcodeValue":0,"TargetProcessId":"0x4","EventType":"AUDIT_SUCCESS","ExecutionProcessID":4,"Opcode":"Info","RecordNumber":118879,"ThreadID":5776,"SubjectDomainName":"NT AUTHORITY","SubjectLogonId":"0x3e5","SourceName":"Microsoft-Windows-Security-Auditing","TargetHandleId":"0x287c","Keywords":-9214364837600034816,"EventID":4690,"Category":"Handle Manipulation","SourceHandleId":"0x4d8","Version":0,"ProcessId":"0x834","@version":"1","host":"wec.internal.cloudapp.net","Hostname":"WORKSTATION5.theshire.local","EventReceivedTime":"2020-10-13 00:26:21","SeverityValue":2,"EventTime":"2020-10-13 00:26:20","ProviderGuid":"{54849625-5478-4994-A5BA-3E3B0328C30D}","Message":"An attempt was made to duplicate a handle to an object.\r\n\r\nSubject:\r\n\tSecurity ID:\t\tS-1-5-19\r\n\tAccount Name:\t\tLOCAL SERVICE\r\n\tAccount Domain:\t\tNT AUTHORITY\r\n\tLogon ID:\t\t0x3E5\r\n\r\nSource Handle Information:\r\n\tSource Handle ID:\t0x4d8\r\n\tSource Process ID:\t0x834\r\n\r\nNew Handle Information:\r\n\tTarget Handle ID:\t0x287c\r\n\tTarget Process ID:\t0x4","SubjectUserName":"LOCAL SERVICE","SourceModuleName":"eventlog","SubjectUserSid":"S-1-5-19"}
{"@timestamp":"2020-10-13T04:26:22.003Z","port":61041,"Severity":"INFO","Task":12801,"Channel":"security","tags":["mordorDataset"],"SourceModuleType":"im_msvistalog","OpcodeValue":0,"EventType":"AUDIT_SUCCESS","ExecutionProcessID":4,"Opcode":"Info","RecordNumber":118880,"ThreadID":5776,"SubjectDomainName":"NT AUTHORITY","SubjectLogonId":"0x3e5","SourceName":"Microsoft-Windows-Security-Auditing","Keywords":-9214364837600034816,"HandleId":"0x287c","EventID":4658,"Category":"Registry","ProcessId":"0x834","Version":0,"@version":"1","host":"wec.internal.cloudapp.net","Hostname":"WORKSTATION5.theshire.local","ProcessName":"C:\\Windows\\System32\\svchost.exe","ObjectServer":"Security","EventReceivedTime":"2020-10-13 00:26:21","SeverityValue":2,"EventTime":"2020-10-13 00:26:20","ProviderGuid":"{54849625-5478-4994-A5BA-3E3B0328C30D}","Message":"The handle to an object was closed.\r\n\r\nSubject :\r\n\tSecurity ID:\t\tS-1-5-19\r\n\tAccount Name:\t\tLOCAL SERVICE\r\n\tAccount Domain:\t\tNT AUTHORITY\r\n\tLogon ID:\t\t0x3E5\r\n\r\nObject:\r\n\tObject Server:\t\tSecurity\r\n\tHandle ID:\t\t0x287c\r\n\r\nProcess Information:\r\n\tProcess ID:\t\t0x834\r\n\tProcess Name:\t\tC:\\Windows\\System32\\svchost.exe","SubjectUserName":"LOCAL SERVICE","SourceModuleName":"eventlog","SubjectUserSid":"S-1-5-19"}
{"@timestamp":"2020-10-13T04:26:22.004Z","AccessReason":"-","Channel":"security","SubjectDomainName":"NT AUTHORITY","RecordNumber":118881,"ThreadID":5776,"SubjectLogonId":"0x3e5","TransactionId":"{00000000-0000-0000-0000-000000000000}","ObjectName":"\\REGISTRY\\MACHINE\\SYSTEM\\ControlSet001\\Control\\Lsa","ProcessId":"0x834","Version":1,"Hostname":"WORKSTATION5.theshire.local","EventReceivedTime":"2020-10-13 00:26:21","ProviderGuid":"{54849625-5478-4994-A5BA-3E3B0328C30D}","SubjectUserName":"LOCAL SERVICE","RestrictedSidCount":"5","port":61041,"Severity":"INFO","ResourceAttributes":"-","Task":12801,"tags":["mordorDataset"],"SourceModuleType":"im_msvistalog","OpcodeValue":0,"EventType":"AUDIT_SUCCESS","ExecutionProcessID":4,"Opcode":"Info","ObjectType":"Key","SourceName":"Microsoft-Windows-Security-Auditing","Keywords":-9214364837600034816,"AccessList":"%%4432\r\n\t\t\t\t","HandleId":"0x4d8","EventID":4656,"Category":"Registry","@version":"1","host":"wec.internal.cloudapp.net","AccessMask":"0x1","ObjectServer":"Security","ProcessName":"C:\\Windows\\System32\\svchost.exe","SeverityValue":2,"EventTime":"2020-10-13 00:26:20","Message":"A handle to an object was requested.\r\n\r\nSubject:\r\n\tSecurity ID:\t\tS-1-5-19\r\n\tAccount Name:\t\tLOCAL SERVICE\r\n\tAccount Domain:\t\tNT AUTHORITY\r\n\tLogon ID:\t\t0x3E5\r\n\r\nObject:\r\n\tObject Server:\t\tSecurity\r\n\tObject Type:\t\tKey\r\n\tObject Name:\t\t\\REGISTRY\\MACHINE\\SYSTEM\\ControlSet001\\Control\\Lsa\r\n\tHandle ID:\t\t0x4d8\r\n\tResource Attributes:\t-\r\n\r\nProcess Information:\r\n\tProcess ID:\t\t0x834\r\n\tProcess Name:\t\tC:\\Windows\\System32\\svchost.exe\r\n\r\nAccess Request Information:\r\n\tTransaction ID:\t\t{00000000-0000-0000-0000-000000000000}\r\n\tAccesses:\t\tQuery key value\r\n\t\t\t\t\r\n\tAccess Reasons:\t\t-\r\n\tAccess Mask:\t\t0x1\r\n\tPrivileges Used for Access Check:\t-\r\n\tRestricted SID Count:\t5","PrivilegeList":"-","SourceModuleName":"eventlog","SubjectUserSid":"S-1-5-19"}
{"@timestamp":"2020-10-13T04:26:22.004Z","port":61041,"Severity":"INFO","Task":12801,"Channel":"security","ResourceAttributes":"-","SourceModuleType":"im_msvistalog","tags":["mordorDataset"],"OpcodeValue":0,"EventType":"AUDIT_SUCCESS","ExecutionProcessID":4,"Opcode":"Info","RecordNumber":118882,"ThreadID":5776,"SubjectDomainName":"NT AUTHORITY","SubjectLogonId":"0x3e5","SourceName":"Microsoft-Windows-Security-Auditing","ObjectType":"Key","Keywords":-9214364837600034816,"AccessList":"%%4432\r\n\t\t\t\t","HandleId":"0x4d8","EventID":4663,"Category":"Registry","ObjectName":"\\REGISTRY\\MACHINE\\SYSTEM\\ControlSet001\\Control\\Lsa","Version":1,"ProcessId":"0x834","@version":"1","host":"wec.internal.cloudapp.net","Hostname":"WORKSTATION5.theshire.local","AccessMask":"0x1","ObjectServer":"Security","ProcessName":"C:\\Windows\\System32\\svchost.exe","EventReceivedTime":"2020-10-13 00:26:21","SeverityValue":2,"EventTime":"2020-10-13 00:26:20","ProviderGuid":"{54849625-5478-4994-A5BA-3E3B0328C30D}","Message":"An attempt was made to access an object.\r\n\r\nSubject:\r\n\tSecurity ID:\t\tS-1-5-19\r\n\tAccount Name:\t\tLOCAL SERVICE\r\n\tAccount Domain:\t\tNT AUTHORITY\r\n\tLogon ID:\t\t0x3E5\r\n\r\nObject:\r\n\tObject Server:\t\tSecurity\r\n\tObject Type:\t\tKey\r\n\tObject Name:\t\t\\REGISTRY\\MACHINE\\SYSTEM\\ControlSet001\\Control\\Lsa\r\n\tHandle ID:\t\t0x4d8\r\n\tResource Attributes:\t-\r\n\r\nProcess Information:\r\n\tProcess ID:\t\t0x834\r\n\tProcess Name:\t\tC:\\Windows\\System32\\svchost.exe\r\n\r\nAccess Request Information:\r\n\tAccesses:\t\tQuery key value\r\n\t\t\t\t\r\n\tAccess Mask:\t\t0x1","SubjectUserName":"LOCAL SERVICE","SourceModuleName":"eventlog","SubjectUserSid":"S-1-5-19"}
{"@timestamp":"2020-10-13T04:26:22.004Z","port":61041,"Severity":"INFO","Task":12801,"Channel":"security","tags":["mordorDataset"],"SourceModuleType":"im_msvistalog","OpcodeValue":0,"EventType":"AUDIT_SUCCESS","ExecutionProcessID":4,"Opcode":"Info","RecordNumber":118883,"ThreadID":5776,"SubjectDomainName":"NT AUTHORITY","SubjectLogonId":"0x3e5","SourceName":"Microsoft-Windows-Security-Auditing","Keywords":-9214364837600034816,"HandleId":"0x4d8","EventID":4658,"Category":"Registry","ProcessId":"0x834","Version":0,"@version":"1","host":"wec.internal.cloudapp.net","Hostname":"WORKSTATION5.theshire.local","ProcessName":"C:\\Windows\\System32\\svchost.exe","ObjectServer":"Security","EventReceivedTime":"2020-10-13 00:26:21","SeverityValue":2,"EventTime":"2020-10-13 00:26:20","ProviderGuid":"{54849625-5478-4994-A5BA-3E3B0328C30D}","Message":"The handle to an object was closed.\r\n\r\nSubject :\r\n\tSecurity ID:\t\tS-1-5-19\r\n\tAccount Name:\t\tLOCAL SERVICE\r\n\tAccount Domain:\t\tNT AUTHORITY\r\n\tLogon ID:\t\t0x3E5\r\n\r\nObject:\r\n\tObject Server:\t\tSecurity\r\n\tHandle ID:\t\t0x4d8\r\n\r\nProcess Information:\r\n\tProcess ID:\t\t0x834\r\n\tProcess Name:\t\tC:\\Windows\\System32\\svchost.exe","SubjectUserName":"LOCAL SERVICE","SourceModuleName":"eventlog","SubjectUserSid":"S-1-5-19"}
{"SourceProcessId":"0x834","@timestamp":"2020-10-13T04:26:22.004Z","port":61041,"Severity":"INFO","Task":12807,"Channel":"security","tags":["mordorDataset"],"SourceModuleType":"im_msvistalog","OpcodeValue":0,"TargetProcessId":"0x4","EventType":"AUDIT_SUCCESS","ExecutionProcessID":4,"Opcode":"Info","RecordNumber":118884,"ThreadID":5776,"SubjectDomainName":"NT AUTHORITY","SubjectLogonId":"0x3e5","SourceName":"Microsoft-Windows-Security-Auditing","TargetHandleId":"0x21bc","Keywords":-9214364837600034816,"EventID":4690,"Category":"Handle Manipulation","SourceHandleId":"0x5fc","Version":0,"ProcessId":"0x834","@version":"1","host":"wec.internal.cloudapp.net","Hostname":"WORKSTATION5.theshire.local","EventReceivedTime":"2020-10-13 00:26:21","SeverityValue":2,"EventTime":"2020-10-13 00:26:20","ProviderGuid":"{54849625-5478-4994-A5BA-3E3B0328C30D}","Message":"An attempt was made to duplicate a handle to an object.\r\n\r\nSubject:\r\n\tSecurity ID:\t\tS-1-5-19\r\n\tAccount Name:\t\tLOCAL SERVICE\r\n\tAccount Domain:\t\tNT AUTHORITY\r\n\tLogon ID:\t\t0x3E5\r\n\r\nSource Handle Information:\r\n\tSource Handle ID:\t0x5fc\r\n\tSource Process ID:\t0x834\r\n\r\nNew Handle Information:\r\n\tTarget Handle ID:\t0x21bc\r\n\tTarget Process ID:\t0x4","SubjectUserName":"LOCAL SERVICE","SourceModuleName":"eventlog","SubjectUserSid":"S-1-5-19"}
{"@timestamp":"2020-10-13T04:26:22.005Z","port":61041,"Severity":"INFO","Task":12801,"Channel":"security","tags":["mordorDataset"],"SourceModuleType":"im_msvistalog","OpcodeValue":0,"EventType":"AUDIT_SUCCESS","ExecutionProcessID":4,"Opcode":"Info","RecordNumber":118885,"ThreadID":5776,"SubjectDomainName":"NT AUTHORITY","SubjectLogonId":"0x3e5","SourceName":"Microsoft-Windows-Security-Auditing","Keywords":-9214364837600034816,"HandleId":"0x21bc","EventID":4658,"Category":"Registry","ProcessId":"0x834","Version":0,"@version":"1","host":"wec.internal.cloudapp.net","Hostname":"WORKSTATION5.theshire.local","ProcessName":"C:\\Windows\\System32\\svchost.exe","ObjectServer":"Security","EventReceivedTime":"2020-10-13 00:26:21","SeverityValue":2,"EventTime":"2020-10-13 00:26:20","ProviderGuid":"{54849625-5478-4994-A5BA-3E3B0328C30D}","Message":"The handle to an object was closed.\r\n\r\nSubject :\r\n\tSecurity ID:\t\tS-1-5-19\r\n\tAccount Name:\t\tLOCAL SERVICE\r\n\tAccount Domain:\t\tNT AUTHORITY\r\n\tLogon ID:\t\t0x3E5\r\n\r\nObject:\r\n\tObject Server:\t\tSecurity\r\n\tHandle ID:\t\t0x21bc\r\n\r\nProcess Information:\r\n\tProcess ID:\t\t0x834\r\n\tProcess Name:\t\tC:\\Windows\\System32\\svchost.exe","SubjectUserName":"LOCAL SERVICE","SourceModuleName":"eventlog","SubjectUserSid":"S-1-5-19"}
{"@timestamp":"2020-10-13T04:26:22.005Z","AccessReason":"-","Channel":"security","SubjectDomainName":"NT AUTHORITY","RecordNumber":118886,"ThreadID":5776,"SubjectLogonId":"0x3e5","TransactionId":"{00000000-0000-0000-0000-000000000000}","ObjectName":"\\REGISTRY\\MACHINE\\SYSTEM\\ControlSet001\\Control\\Lsa","ProcessId":"0x834","Version":1,"Hostname":"WORKSTATION5.theshire.local","EventReceivedTime":"2020-10-13 00:26:21","ProviderGuid":"{54849625-5478-4994-A5BA-3E3B0328C30D}","SubjectUserName":"LOCAL SERVICE","RestrictedSidCount":"5","port":61041,"Severity":"INFO","ResourceAttributes":"-","Task":12801,"tags":["mordorDataset"],"SourceModuleType":"im_msvistalog","OpcodeValue":0,"EventType":"AUDIT_SUCCESS","ExecutionProcessID":4,"Opcode":"Info","ObjectType":"Key","SourceName":"Microsoft-Windows-Security-Auditing","Keywords":-9214364837600034816,"AccessList":"%%4432\r\n\t\t\t\t","HandleId":"0x5fc","EventID":4656,"Category":"Registry","@version":"1","host":"wec.internal.cloudapp.net","AccessMask":"0x1","ObjectServer":"Security","ProcessName":"C:\\Windows\\System32\\svchost.exe","SeverityValue":2,"EventTime":"2020-10-13 00:26:20","Message":"A handle to an object was requested.\r\n\r\nSubject:\r\n\tSecurity ID:\t\tS-1-5-19\r\n\tAccount Name:\t\tLOCAL SERVICE\r\n\tAccount Domain:\t\tNT AUTHORITY\r\n\tLogon ID:\t\t0x3E5\r\n\r\nObject:\r\n\tObject Server:\t\tSecurity\r\n\tObject Type:\t\tKey\r\n\tObject Name:\t\t\\REGISTRY\\MACHINE\\SYSTEM\\ControlSet001\\Control\\Lsa\r\n\tHandle ID:\t\t0x5fc\r\n\tResource Attributes:\t-\r\n\r\nProcess Information:\r\n\tProcess ID:\t\t0x834\r\n\tProcess Name:\t\tC:\\Windows\\System32\\svchost.exe\r\n\r\nAccess Request Information:\r\n\tTransaction ID:\t\t{00000000-0000-0000-0000-000000000000}\r\n\tAccesses:\t\tQuery key value\r\n\t\t\t\t\r\n\tAccess Reasons:\t\t-\r\n\tAccess Mask:\t\t0x1\r\n\tPrivileges Used for Access Check:\t-\r\n\tRestricted SID Count:\t5","PrivilegeList":"-","SourceModuleName":"eventlog","SubjectUserSid":"S-1-5-19"}
{"@timestamp":"2020-10-13T04:26:22.993Z","port":61041,"Severity":"INFO","Task":12801,"Channel":"security","ResourceAttributes":"-","SourceModuleType":"im_msvistalog","tags":["mordorDataset"],"OpcodeValue":0,"EventType":"AUDIT_SUCCESS","ExecutionProcessID":4,"Opcode":"Info","RecordNumber":118887,"ThreadID":6836,"SubjectDomainName":"NT AUTHORITY","SubjectLogonId":"0x3e5","SourceName":"Microsoft-Windows-Security-Auditing","ObjectType":"Key","Keywords":-9214364837600034816,"AccessList":"%%4432\r\n\t\t\t\t","HandleId":"0x5fc","EventID":4663,"Category":"Registry","ObjectName":"\\REGISTRY\\MACHINE\\SYSTEM\\ControlSet001\\Control\\Lsa","Version":1,"ProcessId":"0x834","@version":"1","host":"wec.internal.cloudapp.net","Hostname":"WORKSTATION5.theshire.local","AccessMask":"0x1","ObjectServer":"Security","ProcessName":"C:\\Windows\\System32\\svchost.exe","EventReceivedTime":"2020-10-13 00:26:22","SeverityValue":2,"EventTime":"2020-10-13 00:26:20","ProviderGuid":"{54849625-5478-4994-A5BA-3E3B0328C30D}","Message":"An attempt was made to access an object.\r\n\r\nSubject:\r\n\tSecurity ID:\t\tS-1-5-19\r\n\tAccount Name:\t\tLOCAL SERVICE\r\n\tAccount Domain:\t\tNT AUTHORITY\r\n\tLogon ID:\t\t0x3E5\r\n\r\nObject:\r\n\tObject Server:\t\tSecurity\r\n\tObject Type:\t\tKey\r\n\tObject Name:\t\t\\REGISTRY\\MACHINE\\SYSTEM\\ControlSet001\\Control\\Lsa\r\n\tHandle ID:\t\t0x5fc\r\n\tResource Attributes:\t-\r\n\r\nProcess Information:\r\n\tProcess ID:\t\t0x834\r\n\tProcess Name:\t\tC:\\Windows\\System32\\svchost.exe\r\n\r\nAccess Request Information:\r\n\tAccesses:\t\tQuery key value\r\n\t\t\t\t\r\n\tAccess Mask:\t\t0x1","SubjectUserName":"LOCAL SERVICE","SourceModuleName":"eventlog","SubjectUserSid":"S-1-5-19"}
{"@timestamp":"2020-10-13T04:26:22.993Z","port":61041,"Severity":"INFO","Task":12801,"Channel":"security","tags":["mordorDataset"],"SourceModuleType":"im_msvistalog","OpcodeValue":0,"EventType":"AUDIT_SUCCESS","ExecutionProcessID":4,"Opcode":"Info","RecordNumber":118888,"ThreadID":6836,"SubjectDomainName":"NT AUTHORITY","SubjectLogonId":"0x3e5","SourceName":"Microsoft-Windows-Security-Auditing","Keywords":-9214364837600034816,"HandleId":"0x5fc","EventID":4658,"Category":"Registry","ProcessId":"0x834","Version":0,"@version":"1","host":"wec.internal.cloudapp.net","Hostname":"WORKSTATION5.theshire.local","ProcessName":"C:\\Windows\\System32\\svchost.exe","ObjectServer":"Security","EventReceivedTime":"2020-10-13 00:26:22","SeverityValue":2,"EventTime":"2020-10-13 00:26:20","ProviderGuid":"{54849625-5478-4994-A5BA-3E3B0328C30D}","Message":"The handle to an object was closed.\r\n\r\nSubject :\r\n\tSecurity ID:\t\tS-1-5-19\r\n\tAccount Name:\t\tLOCAL SERVICE\r\n\tAccount Domain:\t\tNT AUTHORITY\r\n\tLogon ID:\t\t0x3E5\r\n\r\nObject:\r\n\tObject Server:\t\tSecurity\r\n\tHandle ID:\t\t0x5fc\r\n\r\nProcess Information:\r\n\tProcess ID:\t\t0x834\r\n\tProcess Name:\t\tC:\\Windows\\System32\\svchost.exe","SubjectUserName":"LOCAL SERVICE","SourceModuleName":"eventlog","SubjectUserSid":"S-1-5-19"}
{"SourceProcessId":"0x834","@timestamp":"2020-10-13T04:26:22.993Z","port":61041,"Severity":"INFO","Task":12807,"Channel":"security","tags":["mordorDataset"],"SourceModuleType":"im_msvistalog","OpcodeValue":0,"TargetProcessId":"0x4","EventType":"AUDIT_SUCCESS","ExecutionProcessID":4,"Opcode":"Info","RecordNumber":118889,"ThreadID":6836,"SubjectDomainName":"NT AUTHORITY","SubjectLogonId":"0x3e5","SourceName":"Microsoft-Windows-Security-Auditing","TargetHandleId":"0x287c","Keywords":-9214364837600034816,"EventID":4690,"Category":"Handle Manipulation","SourceHandleId":"0x4d8","Version":0,"ProcessId":"0x834","@version":"1","host":"wec.internal.cloudapp.net","Hostname":"WORKSTATION5.theshire.local","EventReceivedTime":"2020-10-13 00:26:22","SeverityValue":2,"EventTime":"2020-10-13 00:26:20","ProviderGuid":"{54849625-5478-4994-A5BA-3E3B0328C30D}","Message":"An attempt was made to duplicate a handle to an object.\r\n\r\nSubject:\r\n\tSecurity ID:\t\tS-1-5-19\r\n\tAccount Name:\t\tLOCAL SERVICE\r\n\tAccount Domain:\t\tNT AUTHORITY\r\n\tLogon ID:\t\t0x3E5\r\n\r\nSource Handle Information:\r\n\tSource Handle ID:\t0x4d8\r\n\tSource Process ID:\t0x834\r\n\r\nNew Handle Information:\r\n\tTarget Handle ID:\t0x287c\r\n\tTarget Process ID:\t0x4","SubjectUserName":"LOCAL SERVICE","SourceModuleName":"eventlog","SubjectUserSid":"S-1-5-19"}
{"@timestamp":"2020-10-13T04:26:22.993Z","port":61041,"Severity":"INFO","Task":12801,"Channel":"security","tags":["mordorDataset"],"SourceModuleType":"im_msvistalog","OpcodeValue":0,"EventType":"AUDIT_SUCCESS","ExecutionProcessID":4,"Opcode":"Info","RecordNumber":118890,"ThreadID":6836,"SubjectDomainName":"NT AUTHORITY","SubjectLogonId":"0x3e5","SourceName":"Microsoft-Windows-Security-Auditing","Keywords":-9214364837600034816,"HandleId":"0x287c","EventID":4658,"Category":"Registry","ProcessId":"0x834","Version":0,"@version":"1","host":"wec.internal.cloudapp.net","Hostname":"WORKSTATION5.theshire.local","ProcessName":"C:\\Windows\\System32\\svchost.exe","ObjectServer":"Security","EventReceivedTime":"2020-10-13 00:26:22","SeverityValue":2,"EventTime":"2020-10-13 00:26:20","ProviderGuid":"{54849625-5478-4994-A5BA-3E3B0328C30D}","Message":"The handle to an object was closed.\r\n\r\nSubject :\r\n\tSecurity ID:\t\tS-1-5-19\r\n\tAccount Name:\t\tLOCAL SERVICE\r\n\tAccount Domain:\t\tNT AUTHORITY\r\n\tLogon ID:\t\t0x3E5\r\n\r\nObject:\r\n\tObject Server:\t\tSecurity\r\n\tHandle ID:\t\t0x287c\r\n\r\nProcess Information:\r\n\tProcess ID:\t\t0x834\r\n\tProcess Name:\t\tC:\\Windows\\System32\\svchost.exe","SubjectUserName":"LOCAL SERVICE","SourceModuleName":"eventlog","SubjectUserSid":"S-1-5-19"}
{"@timestamp":"2020-10-13T04:26:22.994Z","AccessReason":"-","Channel":"security","SubjectDomainName":"NT AUTHORITY","RecordNumber":118891,"ThreadID":6836,"SubjectLogonId":"0x3e5","TransactionId":"{00000000-0000-0000-0000-000000000000}","ObjectName":"\\REGISTRY\\MACHINE\\SYSTEM\\ControlSet001\\Control\\Lsa","ProcessId":"0x834","Version":1,"Hostname":"WORKSTATION5.theshire.local","EventReceivedTime":"2020-10-13 00:26:22","ProviderGuid":"{54849625-5478-4994-A5BA-3E3B0328C30D}","SubjectUserName":"LOCAL SERVICE","RestrictedSidCount":"5","port":61041,"Severity":"INFO","ResourceAttributes":"-","Task":12801,"tags":["mordorDataset"],"SourceModuleType":"im_msvistalog","OpcodeValue":0,"EventType":"AUDIT_SUCCESS","ExecutionProcessID":4,"Opcode":"Info","ObjectType":"Key","SourceName":"Microsoft-Windows-Security-Auditing","Keywords":-9214364837600034816,"AccessList":"%%4432\r\n\t\t\t\t","HandleId":"0x4d8","EventID":4656,"Category":"Registry","@version":"1","host":"wec.internal.cloudapp.net","AccessMask":"0x1","ObjectServer":"Security","ProcessName":"C:\\Windows\\System32\\svchost.exe","SeverityValue":2,"EventTime":"2020-10-13 00:26:20","Message":"A handle to an object was requested.\r\n\r\nSubject:\r\n\tSecurity ID:\t\tS-1-5-19\r\n\tAccount Name:\t\tLOCAL SERVICE\r\n\tAccount Domain:\t\tNT AUTHORITY\r\n\tLogon ID:\t\t0x3E5\r\n\r\nObject:\r\n\tObject Server:\t\tSecurity\r\n\tObject Type:\t\tKey\r\n\tObject Name:\t\t\\REGISTRY\\MACHINE\\SYSTEM\\ControlSet001\\Control\\Lsa\r\n\tHandle ID:\t\t0x4d8\r\n\tResource Attributes:\t-\r\n\r\nProcess Information:\r\n\tProcess ID:\t\t0x834\r\n\tProcess Name:\t\tC:\\Windows\\System32\\svchost.exe\r\n\r\nAccess Request Information:\r\n\tTransaction ID:\t\t{00000000-0000-0000-0000-000000000000}\r\n\tAccesses:\t\tQuery key value\r\n\t\t\t\t\r\n\tAccess Reasons:\t\t-\r\n\tAccess Mask:\t\t0x1\r\n\tPrivileges Used for Access Check:\t-\r\n\tRestricted SID Count:\t5","PrivilegeList":"-","SourceModuleName":"eventlog","SubjectUserSid":"S-1-5-19"}
{"@timestamp":"2020-10-13T04:26:22.994Z","port":61041,"Severity":"INFO","Task":12801,"Channel":"security","ResourceAttributes":"-","SourceModuleType":"im_msvistalog","tags":["mordorDataset"],"OpcodeValue":0,"EventType":"AUDIT_SUCCESS","ExecutionProcessID":4,"Opcode":"Info","RecordNumber":118892,"ThreadID":6836,"SubjectDomainName":"NT AUTHORITY","SubjectLogonId":"0x3e5","SourceName":"Microsoft-Windows-Security-Auditing","ObjectType":"Key","Keywords":-9214364837600034816,"AccessList":"%%4432\r\n\t\t\t\t","HandleId":"0x4d8","EventID":4663,"Category":"Registry","ObjectName":"\\REGISTRY\\MACHINE\\SYSTEM\\ControlSet001\\Control\\Lsa","Version":1,"ProcessId":"0x834","@version":"1","host":"wec.internal.cloudapp.net","Hostname":"WORKSTATION5.theshire.local","AccessMask":"0x1","ObjectServer":"Security","ProcessName":"C:\\Windows\\System32\\svchost.exe","EventReceivedTime":"2020-10-13 00:26:22","SeverityValue":2,"EventTime":"2020-10-13 00:26:20","ProviderGuid":"{54849625-5478-4994-A5BA-3E3B0328C30D}","Message":"An attempt was made to access an object.\r\n\r\nSubject:\r\n\tSecurity ID:\t\tS-1-5-19\r\n\tAccount Name:\t\tLOCAL SERVICE\r\n\tAccount Domain:\t\tNT AUTHORITY\r\n\tLogon ID:\t\t0x3E5\r\n\r\nObject:\r\n\tObject Server:\t\tSecurity\r\n\tObject Type:\t\tKey\r\n\tObject Name:\t\t\\REGISTRY\\MACHINE\\SYSTEM\\ControlSet001\\Control\\Lsa\r\n\tHandle ID:\t\t0x4d8\r\n\tResource Attributes:\t-\r\n\r\nProcess Information:\r\n\tProcess ID:\t\t0x834\r\n\tProcess Name:\t\tC:\\Windows\\System32\\svchost.exe\r\n\r\nAccess Request Information:\r\n\tAccesses:\t\tQuery key value\r\n\t\t\t\t\r\n\tAccess Mask:\t\t0x1","SubjectUserName":"LOCAL SERVICE","SourceModuleName":"eventlog","SubjectUserSid":"S-1-5-19"}
{"@timestamp":"2020-10-13T04:26:22.994Z","port":61041,"Severity":"INFO","Task":12801,"Channel":"security","tags":["mordorDataset"],"SourceModuleType":"im_msvistalog","OpcodeValue":0,"EventType":"AUDIT_SUCCESS","ExecutionProcessID":4,"Opcode":"Info","RecordNumber":118893,"ThreadID":6836,"SubjectDomainName":"NT AUTHORITY","SubjectLogonId":"0x3e5","SourceName":"Microsoft-Windows-Security-Auditing","Keywords":-9214364837600034816,"HandleId":"0x4d8","EventID":4658,"Category":"Registry","ProcessId":"0x834","Version":0,"@version":"1","host":"wec.internal.cloudapp.net","Hostname":"WORKSTATION5.theshire.local","ProcessName":"C:\\Windows\\System32\\svchost.exe","ObjectServer":"Security","EventReceivedTime":"2020-10-13 00:26:22","SeverityValue":2,"EventTime":"2020-10-13 00:26:20","ProviderGuid":"{54849625-5478-4994-A5BA-3E3B0328C30D}","Message":"The handle to an object was closed.\r\n\r\nSubject :\r\n\tSecurity ID:\t\tS-1-5-19\r\n\tAccount Name:\t\tLOCAL SERVICE\r\n\tAccount Domain:\t\tNT AUTHORITY\r\n\tLogon ID:\t\t0x3E5\r\n\r\nObject:\r\n\tObject Server:\t\tSecurity\r\n\tHandle ID:\t\t0x4d8\r\n\r\nProcess Information:\r\n\tProcess ID:\t\t0x834\r\n\tProcess Name:\t\tC:\\Windows\\System32\\svchost.exe","SubjectUserName":"LOCAL SERVICE","SourceModuleName":"eventlog","SubjectUserSid":"S-1-5-19"}
{"SourceProcessId":"0x834","@timestamp":"2020-10-13T04:26:22.994Z","port":61041,"Severity":"INFO","Task":12807,"Channel":"security","tags":["mordorDataset"],"SourceModuleType":"im_msvistalog","OpcodeValue":0,"TargetProcessId":"0x4","EventType":"AUDIT_SUCCESS","ExecutionProcessID":4,"Opcode":"Info","RecordNumber":118894,"ThreadID":6836,"SubjectDomainName":"NT AUTHORITY","SubjectLogonId":"0x3e5","SourceName":"Microsoft-Windows-Security-Auditing","TargetHandleId":"0x287c","Keywords":-9214364837600034816,"EventID":4690,"Category":"Handle Manipulation","SourceHandleId":"0x5fc","Version":0,"ProcessId":"0x834","@version":"1","host":"wec.internal.cloudapp.net","Hostname":"WORKSTATION5.theshire.local","EventReceivedTime":"2020-10-13 00:26:22","SeverityValue":2,"EventTime":"2020-10-13 00:26:20","ProviderGuid":"{54849625-5478-4994-A5BA-3E3B0328C30D}","Message":"An attempt was made to duplicate a handle to an object.\r\n\r\nSubject:\r\n\tSecurity ID:\t\tS-1-5-19\r\n\tAccount Name:\t\tLOCAL SERVICE\r\n\tAccount Domain:\t\tNT AUTHORITY\r\n\tLogon ID:\t\t0x3E5\r\n\r\nSource Handle Information:\r\n\tSource Handle ID:\t0x5fc\r\n\tSource Process ID:\t0x834\r\n\r\nNew Handle Information:\r\n\tTarget Handle ID:\t0x287c\r\n\tTarget Process ID:\t0x4","SubjectUserName":"LOCAL SERVICE","SourceModuleName":"eventlog","SubjectUserSid":"S-1-5-19"}
{"@timestamp":"2020-10-13T04:26:22.995Z","port":61041,"Severity":"INFO","Task":12801,"Channel":"security","tags":["mordorDataset"],"SourceModuleType":"im_msvistalog","OpcodeValue":0,"EventType":"AUDIT_SUCCESS","ExecutionProcessID":4,"Opcode":"Info","RecordNumber":118895,"ThreadID":6836,"SubjectDomainName":"NT AUTHORITY","SubjectLogonId":"0x3e5","SourceName":"Microsoft-Windows-Security-Auditing","Keywords":-9214364837600034816,"HandleId":"0x287c","EventID":4658,"Category":"Registry","ProcessId":"0x834","Version":0,"@version":"1","host":"wec.internal.cloudapp.net","Hostname":"WORKSTATION5.theshire.local","ProcessName":"C:\\Windows\\System32\\svchost.exe","ObjectServer":"Security","EventReceivedTime":"2020-10-13 00:26:22","SeverityValue":2,"EventTime":"2020-10-13 00:26:20","ProviderGuid":"{54849625-5478-4994-A5BA-3E3B0328C30D}","Message":"The handle to an object was closed.\r\n\r\nSubject :\r\n\tSecurity ID:\t\tS-1-5-19\r\n\tAccount Name:\t\tLOCAL SERVICE\r\n\tAccount Domain:\t\tNT AUTHORITY\r\n\tLogon ID:\t\t0x3E5\r\n\r\nObject:\r\n\tObject Server:\t\tSecurity\r\n\tHandle ID:\t\t0x287c\r\n\r\nProcess Information:\r\n\tProcess ID:\t\t0x834\r\n\tProcess Name:\t\tC:\\Windows\\System32\\svchost.exe","SubjectUserName":"LOCAL SERVICE","SourceModuleName":"eventlog","SubjectUserSid":"S-1-5-19"}
{"@timestamp":"2020-10-13T04:26:22.995Z","AccessReason":"-","Channel":"security","SubjectDomainName":"NT AUTHORITY","RecordNumber":118896,"ThreadID":6836,"SubjectLogonId":"0x3e5","TransactionId":"{00000000-0000-0000-0000-000000000000}","ObjectName":"\\REGISTRY\\MACHINE\\SYSTEM\\ControlSet001\\Control\\Lsa","ProcessId":"0x834","Version":1,"Hostname":"WORKSTATION5.theshire.local","EventReceivedTime":"2020-10-13 00:26:22","ProviderGuid":"{54849625-5478-4994-A5BA-3E3B0328C30D}","SubjectUserName":"LOCAL SERVICE","RestrictedSidCount":"5","port":61041,"Severity":"INFO","ResourceAttributes":"-","Task":12801,"tags":["mordorDataset"],"SourceModuleType":"im_msvistalog","OpcodeValue":0,"EventType":"AUDIT_SUCCESS","ExecutionProcessID":4,"Opcode":"Info","ObjectType":"Key","SourceName":"Microsoft-Windows-Security-Auditing","Keywords":-9214364837600034816,"AccessList":"%%4432\r\n\t\t\t\t","HandleId":"0x5fc","EventID":4656,"Category":"Registry","@version":"1","host":"wec.internal.cloudapp.net","AccessMask":"0x1","ObjectServer":"Security","ProcessName":"C:\\Windows\\System32\\svchost.exe","SeverityValue":2,"EventTime":"2020-10-13 00:26:20","Message":"A handle to an object was requested.\r\n\r\nSubject:\r\n\tSecurity ID:\t\tS-1-5-19\r\n\tAccount Name:\t\tLOCAL SERVICE\r\n\tAccount Domain:\t\tNT AUTHORITY\r\n\tLogon ID:\t\t0x3E5\r\n\r\nObject:\r\n\tObject Server:\t\tSecurity\r\n\tObject Type:\t\tKey\r\n\tObject Name:\t\t\\REGISTRY\\MACHINE\\SYSTEM\\ControlSet001\\Control\\Lsa\r\n\tHandle ID:\t\t0x5fc\r\n\tResource Attributes:\t-\r\n\r\nProcess Information:\r\n\tProcess ID:\t\t0x834\r\n\tProcess Name:\t\tC:\\Windows\\System32\\svchost.exe\r\n\r\nAccess Request Information:\r\n\tTransaction ID:\t\t{00000000-0000-0000-0000-000000000000}\r\n\tAccesses:\t\tQuery key value\r\n\t\t\t\t\r\n\tAccess Reasons:\t\t-\r\n\tAccess Mask:\t\t0x1\r\n\tPrivileges Used for Access Check:\t-\r\n\tRestricted SID Count:\t5","PrivilegeList":"-","SourceModuleName":"eventlog","SubjectUserSid":"S-1-5-19"}
{"@timestamp":"2020-10-13T04:26:22.995Z","port":61041,"Severity":"INFO","Task":12801,"Channel":"security","ResourceAttributes":"-","SourceModuleType":"im_msvistalog","tags":["mordorDataset"],"OpcodeValue":0,"EventType":"AUDIT_SUCCESS","ExecutionProcessID":4,"Opcode":"Info","RecordNumber":118897,"ThreadID":6836,"SubjectDomainName":"NT AUTHORITY","SubjectLogonId":"0x3e5","SourceName":"Microsoft-Windows-Security-Auditing","ObjectType":"Key","Keywords":-9214364837600034816,"AccessList":"%%4432\r\n\t\t\t\t","HandleId":"0x5fc","EventID":4663,"Category":"Registry","ObjectName":"\\REGISTRY\\MACHINE\\SYSTEM\\ControlSet001\\Control\\Lsa","Version":1,"ProcessId":"0x834","@version":"1","host":"wec.internal.cloudapp.net","Hostname":"WORKSTATION5.theshire.local","AccessMask":"0x1","ObjectServer":"Security","ProcessName":"C:\\Windows\\System32\\svchost.exe","EventReceivedTime":"2020-10-13 00:26:22","SeverityValue":2,"EventTime":"2020-10-13 00:26:20","ProviderGuid":"{54849625-5478-4994-A5BA-3E3B0328C30D}","Message":"An attempt was made to access an object.\r\n\r\nSubject:\r\n\tSecurity ID:\t\tS-1-5-19\r\n\tAccount Name:\t\tLOCAL SERVICE\r\n\tAccount Domain:\t\tNT AUTHORITY\r\n\tLogon ID:\t\t0x3E5\r\n\r\nObject:\r\n\tObject Server:\t\tSecurity\r\n\tObject Type:\t\tKey\r\n\tObject Name:\t\t\\REGISTRY\\MACHINE\\SYSTEM\\ControlSet001\\Control\\Lsa\r\n\tHandle ID:\t\t0x5fc\r\n\tResource Attributes:\t-\r\n\r\nProcess Information:\r\n\tProcess ID:\t\t0x834\r\n\tProcess Name:\t\tC:\\Windows\\System32\\svchost.exe\r\n\r\nAccess Request Information:\r\n\tAccesses:\t\tQuery key value\r\n\t\t\t\t\r\n\tAccess Mask:\t\t0x1","SubjectUserName":"LOCAL SERVICE","SourceModuleName":"eventlog","SubjectUserSid":"S-1-5-19"}
{"@timestamp":"2020-10-13T04:26:22.996Z","port":61041,"Severity":"INFO","Task":12801,"Channel":"security","tags":["mordorDataset"],"SourceModuleType":"im_msvistalog","OpcodeValue":0,"EventType":"AUDIT_SUCCESS","ExecutionProcessID":4,"Opcode":"Info","RecordNumber":118898,"ThreadID":6836,"SubjectDomainName":"NT AUTHORITY","SubjectLogonId":"0x3e5","SourceName":"Microsoft-Windows-Security-Auditing","Keywords":-9214364837600034816,"HandleId":"0x5fc","EventID":4658,"Category":"Registry","ProcessId":"0x834","Version":0,"@version":"1","host":"wec.internal.cloudapp.net","Hostname":"WORKSTATION5.theshire.local","ProcessName":"C:\\Windows\\System32\\svchost.exe","ObjectServer":"Security","EventReceivedTime":"2020-10-13 00:26:22","SeverityValue":2,"EventTime":"2020-10-13 00:26:20","ProviderGuid":"{54849625-5478-4994-A5BA-3E3B0328C30D}","Message":"The handle to an object was closed.\r\n\r\nSubject :\r\n\tSecurity ID:\t\tS-1-5-19\r\n\tAccount Name:\t\tLOCAL SERVICE\r\n\tAccount Domain:\t\tNT AUTHORITY\r\n\tLogon ID:\t\t0x3E5\r\n\r\nObject:\r\n\tObject Server:\t\tSecurity\r\n\tHandle ID:\t\t0x5fc\r\n\r\nProcess Information:\r\n\tProcess ID:\t\t0x834\r\n\tProcess Name:\t\tC:\\Windows\\System32\\svchost.exe","SubjectUserName":"LOCAL SERVICE","SourceModuleName":"eventlog","SubjectUserSid":"S-1-5-19"}
{"@timestamp":"2020-10-13T04:26:22.996Z","port":61041,"Severity":"INFO","Task":12810,"Channel":"security","tags":["mordorDataset"],"LayerName":"%%14611","SourceModuleType":"im_msvistalog","OpcodeValue":0,"Application":"System","EventType":"AUDIT_SUCCESS","ExecutionProcessID":4,"Opcode":"Info","RecordNumber":118899,"ThreadID":6836,"FilterRTID":"69758","SourceName":"Microsoft-Windows-Security-Auditing","DestPort":"138","LayerRTID":"48","Keywords":-9214364837600034816,"EventID":5156,"Category":"Filtering Platform Connection","ProcessId":"4","Version":1,"@version":"1","Direction":"%%14593","DestAddress":"172.18.39.255","RemoteUserID":"S-1-0-0","host":"wec.internal.cloudapp.net","Hostname":"WORKSTATION5.theshire.local","SourcePort":"138","RemoteMachineID":"S-1-0-0","EventReceivedTime":"2020-10-13 00:26:22","SeverityValue":2,"EventTime":"2020-10-13 00:26:20","ProviderGuid":"{54849625-5478-4994-A5BA-3E3B0328C30D}","Message":"The Windows Filtering Platform has permitted a connection.\r\n\r\nApplication Information:\r\n\tProcess ID:\t\t4\r\n\tApplication Name:\tSystem\r\n\r\nNetwork Information:\r\n\tDirection:\t\tOutbound\r\n\tSource Address:\t\t172.18.39.5\r\n\tSource Port:\t\t138\r\n\tDestination Address:\t172.18.39.255\r\n\tDestination Port:\t\t138\r\n\tProtocol:\t\t17\r\n\r\nFilter Information:\r\n\tFilter Run-Time ID:\t69758\r\n\tLayer Name:\t\tConnect\r\n\tLayer Run-Time ID:\t48","SourceAddress":"172.18.39.5","SourceModuleName":"eventlog","Protocol":"17"}
{"@timestamp":"2020-10-13T04:26:22.996Z","port":61041,"Severity":"INFO","Task":12810,"Channel":"security","tags":["mordorDataset"],"LayerName":"%%14610","SourceModuleType":"im_msvistalog","OpcodeValue":0,"Application":"System","EventType":"AUDIT_SUCCESS","ExecutionProcessID":4,"Opcode":"Info","RecordNumber":118900,"ThreadID":6836,"FilterRTID":"65888","SourceName":"Microsoft-Windows-Security-Auditing","DestPort":"138","LayerRTID":"44","Keywords":-9214364837600034816,"EventID":5156,"Category":"Filtering Platform Connection","ProcessId":"4","Version":1,"@version":"1","Direction":"%%14592","DestAddress":"172.18.39.255","RemoteUserID":"S-1-0-0","host":"wec.internal.cloudapp.net","Hostname":"WORKSTATION5.theshire.local","SourcePort":"138","RemoteMachineID":"S-1-0-0","EventReceivedTime":"2020-10-13 00:26:22","SeverityValue":2,"EventTime":"2020-10-13 00:26:20","ProviderGuid":"{54849625-5478-4994-A5BA-3E3B0328C30D}","Message":"The Windows Filtering Platform has permitted a connection.\r\n\r\nApplication Information:\r\n\tProcess ID:\t\t4\r\n\tApplication Name:\tSystem\r\n\r\nNetwork Information:\r\n\tDirection:\t\tInbound\r\n\tSource Address:\t\t172.18.39.5\r\n\tSource Port:\t\t138\r\n\tDestination Address:\t172.18.39.255\r\n\tDestination Port:\t\t138\r\n\tProtocol:\t\t17\r\n\r\nFilter Information:\r\n\tFilter Run-Time ID:\t65888\r\n\tLayer Name:\t\tReceive/Accept\r\n\tLayer Run-Time ID:\t44","SourceAddress":"172.18.39.5","SourceModuleName":"eventlog","Protocol":"17"}
{"SourceProcessId":"908","RuleName":"-","@timestamp":"2020-10-13T04:26:22.997Z","Channel":"Microsoft-Windows-Sysmon/Operational","UserID":"S-1-5-18","TargetProcessId":"3448","CallTrace":"C:\\windows\\SYSTEM32\\ntdll.dll+9c534|C:\\windows\\SYSTEM32\\psmserviceexthost.dll+222a3|C:\\windows\\SYSTEM32\\psmserviceexthost.dll+1a172|C:\\windows\\SYSTEM32\\psmserviceexthost.dll+19e3b|C:\\windows\\SYSTEM32\\psmserviceexthost.dll+19318|C:\\windows\\SYSTEM32\\ntdll.dll+3081d|C:\\windows\\SYSTEM32\\ntdll.dll+345b4|C:\\windows\\System32\\KERNEL32.DLL+17bd4|C:\\windows\\SYSTEM32\\ntdll.dll+6ce51","RecordNumber":386312,"ThreadID":3444,"SourceProcessGUID":"{71b87c12-d256-5f84-1000-000000000500}","TargetImage":"C:\\windows\\System32\\svchost.exe","ProcessId":"908","Version":3,"Hostname":"WORKSTATION5.theshire.local","EventReceivedTime":"2020-10-13 00:26:22","ProviderGuid":"{5770385F-C22A-43E0-BF4C-06F5698FFBD9}","UtcTime":"2020-10-13 04:26:21.210","port":61041,"Severity":"INFO","tags":["mordorDataset"],"Task":10,"SourceThreadId":"6556","SourceModuleType":"im_msvistalog","OpcodeValue":0,"EventType":"INFO","ExecutionProcessID":3312,"Opcode":"Info","SourceName":"Microsoft-Windows-Sysmon","Keywords":-9223372036854775808,"EventID":10,"Domain":"NT AUTHORITY","Category":"Process accessed (rule: ProcessAccess)","@version":"1","AccountName":"SYSTEM","host":"wec.internal.cloudapp.net","SourceImage":"C:\\windows\\system32\\svchost.exe","SeverityValue":2,"EventTime":"2020-10-13 00:26:21","Message":"Process accessed:\r\nRuleName: -\r\nUtcTime: 2020-10-13 04:26:21.210\r\nSourceProcessGUID: {71b87c12-d256-5f84-1000-000000000500}\r\nSourceProcessId: 908\r\nSourceThreadId: 6556\r\nSourceImage: C:\\windows\\system32\\svchost.exe\r\nTargetProcessGUID: {71b87c12-d259-5f84-5600-000000000500}\r\nTargetProcessId: 3448\r\nTargetImage: C:\\windows\\System32\\svchost.exe\r\nGrantedAccess: 0x1000\r\nCallTrace: C:\\windows\\SYSTEM32\\ntdll.dll+9c534|C:\\windows\\SYSTEM32\\psmserviceexthost.dll+222a3|C:\\windows\\SYSTEM32\\psmserviceexthost.dll+1a172|C:\\windows\\SYSTEM32\\psmserviceexthost.dll+19e3b|C:\\windows\\SYSTEM32\\psmserviceexthost.dll+19318|C:\\windows\\SYSTEM32\\ntdll.dll+3081d|C:\\windows\\SYSTEM32\\ntdll.dll+345b4|C:\\windows\\System32\\KERNEL32.DLL+17bd4|C:\\windows\\SYSTEM32\\ntdll.dll+6ce51","SourceModuleName":"eventlog","GrantedAccess":"0x1000","AccountType":"User","TargetProcessGUID":"{71b87c12-d259-5f84-5600-000000000500}"}
