{"Keywords":-9223372036854775808,"SeverityValue":2,"TargetObject":"HKU\\S-1-5-21-4228717743-1032521047-1810997296-1104\\Software\\Microsoft\\Windows\\CurrentVersion\\Internet Settings\\ZoneMap","EventTypeOrignal":"INFO","EventID":12,"ProviderGuid":"{5770385F-C22A-43E0-BF4C-06F5698FFBD9}","ExecutionProcessID":3172,"host":"wec.internal.cloudapp.net","Channel":"Microsoft-Windows-Sysmon/Operational","UserID":"S-1-5-18","AccountType":"User","ThreadID":4048,"ProcessGuid":"{b34bc01c-3d7f-5f6a-b603-000000000900}","EventReceivedTime":"2020-09-22 14:10:23","Opcode":"Info","EventTime":"2020-09-22 14:10:21","@timestamp":"2020-09-22T18:10:23.087Z","SourceModuleType":"im_msvistalog","port":64545,"AccountName":"SYSTEM","RecordNumber":3505956,"Task":12,"Domain":"NT AUTHORITY","@version":"1","OpcodeValue":0,"SourceModuleName":"eventlog","Severity":"INFO","SourceName":"Microsoft-Windows-Sysmon","Version":2,"Image":"C:\\Users\\pgustavo\\Desktop\\GruntHTTP.exe","Category":"Registry object added or deleted (rule: RegistryEvent)","UtcTime":"2020-09-22 18:10:21.768","Hostname":"WORKSTATION5.theshire.local","RuleName":"-","tags":["mordorDataset"]}
{"EventIdx":"1","Keywords":-9214364837600034816,"SeverityValue":2,"SubjectDomainName":"-","EventID":4627,"ProviderGuid":"{54849625-5478-4994-A5BA-3E3B0328C30D}","ExecutionProcessID":696,"Channel":"Security","host":"wec.internal.cloudapp.net","SubjectUserSid":"S-1-0-0","TargetLogonId":"0x7add6c4","LogonType":"3","ThreadID":2516,"EventReceivedTime":"2020-09-22 14:10:23","EventType":"AUDIT_SUCCESS","Opcode":"Info","EventTime":"2020-09-22 14:10:21","Message":"Group membership information.\r\n\r\nSubject:\r\n\tSecurity ID:\t\tS-1-0-0\r\n\tAccount Name:\t\t-\r\n\tAccount Domain:\t\t-\r\n\tLogon ID:\t\t0x0\r\n\r\nLogon Type:\t\t\t3\r\n\r\nNew Logon:\r\n\tSecurity ID:\t\tS-1-5-21-4228717743-1032521047-1810997296-1104\r\n\tAccount Name:\t\tpgustavo\r\n\tAccount Domain:\t\tTHESHIRE.LOCAL\r\n\tLogon ID:\t\t0x7ADD6C4\r\n\r\nEvent in sequence:\t\t1 of 1\r\n\r\nGroup Membership:\t\t\t\r\n\t\t%{S-1-5-21-4228717743-1032521047-1810997296-513}\r\n\t\t%{S-1-1-0}\r\n\t\t%{S-1-5-32-545}\r\n\t\t%{S-1-5-32-554}\r\n\t\t%{S-1-5-32-555}\r\n\t\t%{S-1-5-32-544}\r\n\t\t%{S-1-5-2}\r\n\t\t%{S-1-5-11}\r\n\t\t%{S-1-5-15}\r\n\t\t%{S-1-5-21-4228717743-1032521047-1810997296-512}\r\n\t\t%{S-1-5-21-4228717743-1032521047-1810997296-519}\r\n\t\t%{S-1-5-21-4228717743-1032521047-1810997296-518}\r\n\t\t%{S-1-18-1}\r\n\t\t%{S-1-5-21-4228717743-1032521047-1810997296-572}\r\n\t\t%{S-1-16-12288}\r\n\r\nThe subject fields indicate the account on the local system which requested the logon. This is most commonly a service such as the Server service, or a local process such as Winlogon.exe or Services.exe.\r\n\r\nThe logon type field indicates the kind of logon that occurred. The most common types are 2 (interactive) and 3 (network).\r\n\r\nThe New Logon fields indicate the account for whom the new logon was created, i.e. the account that was logged on.\r\n\r\nThis event is generated when the Audit Group Membership subcategory is configured.  The Logon ID field can be used to correlate this event with the corresponding user logon event as well as to any other security audit events generated during this logon session.","@timestamp":"2020-09-22T18:10:23.087Z","SubjectLogonId":"0x0","SourceModuleType":"im_msvistalog","port":64545,"RecordNumber":2181681,"SubjectUserName":"-","GroupMembership":"\r\n\t\t%{S-1-5-21-4228717743-1032521047-1810997296-513}\r\n\t\t%{S-1-1-0}\r\n\t\t%{S-1-5-32-545}\r\n\t\t%{S-1-5-32-554}\r\n\t\t%{S-1-5-32-555}\r\n\t\t%{S-1-5-32-544}\r\n\t\t%{S-1-5-2}\r\n\t\t%{S-1-5-11}\r\n\t\t%{S-1-5-15}\r\n\t\t%{S-1-5-21-4228717743-1032521047-1810997296-512}\r\n\t\t%{S-1-5-21-4228717743-1032521047-1810997296-519}\r\n\t\t%{S-1-5-21-4228717743-1032521047-1810997296-518}\r\n\t\t%{S-1-18-1}\r\n\t\t%{S-1-5-21-4228717743-1032521047-1810997296-572}\r\n\t\t%{S-1-16-12288}","Task":12554,"@version":"1","OpcodeValue":0,"SourceModuleName":"eventlog","EventCountTotal":"1","Severity":"INFO","SourceName":"Microsoft-Windows-Security-Auditing","Version":0,"Category":"Group Membership","TargetUserName":"pgustavo","TargetUserSid":"S-1-5-21-4228717743-1032521047-1810997296-1104","Hostname":"MORDORDC.theshire.local","TargetDomainName":"THESHIRE.LOCAL","tags":["mordorDataset"]}
{"Keywords":-9223372036854775808,"SeverityValue":2,"TargetObject":"HKU\\S-1-5-21-4228717743-1032521047-1810997296-1104\\Software\\Microsoft\\Windows\\CurrentVersion\\Internet Settings\\ZoneMap\\ProxyBypass","EventTypeOrignal":"INFO","EventID":13,"ProviderGuid":"{5770385F-C22A-43E0-BF4C-06F5698FFBD9}","ExecutionProcessID":3172,"host":"wec.internal.cloudapp.net","Channel":"Microsoft-Windows-Sysmon/Operational","UserID":"S-1-5-18","AccountType":"User","ThreadID":4048,"ProcessGuid":"{b34bc01c-3d7f-5f6a-b603-000000000900}","Details":"DWORD (0x00000001)","EventReceivedTime":"2020-09-22 14:10:23","Opcode":"Info","EventTime":"2020-09-22 14:10:21","@timestamp":"2020-09-22T18:10:23.087Z","SourceModuleType":"im_msvistalog","port":64545,"AccountName":"SYSTEM","RecordNumber":3505957,"Task":13,"Domain":"NT AUTHORITY","@version":"1","OpcodeValue":0,"SourceModuleName":"eventlog","Severity":"INFO","SourceName":"Microsoft-Windows-Sysmon","Version":2,"Image":"C:\\Users\\pgustavo\\Desktop\\GruntHTTP.exe","Category":"Registry value set (rule: RegistryEvent)","UtcTime":"2020-09-22 18:10:21.768","Hostname":"WORKSTATION5.theshire.local","RuleName":"-","tags":["mordorDataset"]}
{"Keywords":-9223372036854775808,"SeverityValue":2,"TargetObject":"HKU\\S-1-5-21-4228717743-1032521047-1810997296-1104\\Software\\Microsoft\\Windows\\CurrentVersion\\Internet Settings\\ZoneMap\\IntranetName","EventTypeOrignal":"INFO","EventID":13,"ProviderGuid":"{5770385F-C22A-43E0-BF4C-06F5698FFBD9}","ExecutionProcessID":3172,"host":"wec.internal.cloudapp.net","Channel":"Microsoft-Windows-Sysmon/Operational","UserID":"S-1-5-18","AccountType":"User","ThreadID":4048,"ProcessGuid":"{b34bc01c-3d7f-5f6a-b603-000000000900}","Details":"DWORD (0x00000001)","EventReceivedTime":"2020-09-22 14:10:23","Opcode":"Info","EventTime":"2020-09-22 14:10:21","@timestamp":"2020-09-22T18:10:23.088Z","SourceModuleType":"im_msvistalog","port":64545,"AccountName":"SYSTEM","RecordNumber":3505958,"Task":13,"Domain":"NT AUTHORITY","@version":"1","OpcodeValue":0,"SourceModuleName":"eventlog","Severity":"INFO","SourceName":"Microsoft-Windows-Sysmon","Version":2,"Image":"C:\\Users\\pgustavo\\Desktop\\GruntHTTP.exe","Category":"Registry value set (rule: RegistryEvent)","UtcTime":"2020-09-22 18:10:21.768","Hostname":"WORKSTATION5.theshire.local","RuleName":"-","tags":["mordorDataset"]}
{"Keywords":-9223372036854775808,"SeverityValue":2,"TargetObject":"HKU\\S-1-5-21-4228717743-1032521047-1810997296-1104\\Software\\Microsoft\\Windows\\CurrentVersion\\Internet Settings\\ZoneMap\\UNCAsIntranet","EventTypeOrignal":"INFO","EventID":13,"ProviderGuid":"{5770385F-C22A-43E0-BF4C-06F5698FFBD9}","ExecutionProcessID":3172,"host":"wec.internal.cloudapp.net","Channel":"Microsoft-Windows-Sysmon/Operational","UserID":"S-1-5-18","AccountType":"User","ThreadID":4048,"ProcessGuid":"{b34bc01c-3d7f-5f6a-b603-000000000900}","Details":"DWORD (0x00000001)","EventReceivedTime":"2020-09-22 14:10:23","Opcode":"Info","EventTime":"2020-09-22 14:10:21","@timestamp":"2020-09-22T18:10:23.089Z","SourceModuleType":"im_msvistalog","port":64545,"AccountName":"SYSTEM","RecordNumber":3505959,"Task":13,"Domain":"NT AUTHORITY","@version":"1","OpcodeValue":0,"SourceModuleName":"eventlog","Severity":"INFO","SourceName":"Microsoft-Windows-Sysmon","Version":2,"Image":"C:\\Users\\pgustavo\\Desktop\\GruntHTTP.exe","Category":"Registry value set (rule: RegistryEvent)","UtcTime":"2020-09-22 18:10:21.768","Hostname":"WORKSTATION5.theshire.local","RuleName":"-","tags":["mordorDataset"]}
{"Keywords":-9223372036854775808,"SeverityValue":2,"TargetObject":"HKU\\S-1-5-21-4228717743-1032521047-1810997296-1104\\Software\\Microsoft\\Windows\\CurrentVersion\\Internet Settings\\ZoneMap\\AutoDetect","EventTypeOrignal":"INFO","EventID":13,"ProviderGuid":"{5770385F-C22A-43E0-BF4C-06F5698FFBD9}","ExecutionProcessID":3172,"host":"wec.internal.cloudapp.net","Channel":"Microsoft-Windows-Sysmon/Operational","UserID":"S-1-5-18","AccountType":"User","ThreadID":4048,"ProcessGuid":"{b34bc01c-3d7f-5f6a-b603-000000000900}","Details":"DWORD (0x00000000)","EventReceivedTime":"2020-09-22 14:10:23","Opcode":"Info","EventTime":"2020-09-22 14:10:21","@timestamp":"2020-09-22T18:10:23.089Z","SourceModuleType":"im_msvistalog","port":64545,"AccountName":"SYSTEM","RecordNumber":3505960,"Task":13,"Domain":"NT AUTHORITY","@version":"1","OpcodeValue":0,"SourceModuleName":"eventlog","Severity":"INFO","SourceName":"Microsoft-Windows-Sysmon","Version":2,"Image":"C:\\Users\\pgustavo\\Desktop\\GruntHTTP.exe","Category":"Registry value set (rule: RegistryEvent)","UtcTime":"2020-09-22 18:10:21.768","Hostname":"WORKSTATION5.theshire.local","RuleName":"-","tags":["mordorDataset"]}
{"Keywords":-9223372036854775808,"SeverityValue":2,"TargetObject":"HKU\\S-1-5-21-4228717743-1032521047-1810997296-1104\\Software\\Microsoft\\Windows\\CurrentVersion\\Internet Settings\\ZoneMap\\ProxyBypass","EventTypeOrignal":"INFO","EventID":13,"ProviderGuid":"{5770385F-C22A-43E0-BF4C-06F5698FFBD9}","ExecutionProcessID":3172,"host":"wec.internal.cloudapp.net","Channel":"Microsoft-Windows-Sysmon/Operational","UserID":"S-1-5-18","AccountType":"User","ThreadID":4048,"ProcessGuid":"{b34bc01c-3d7f-5f6a-b603-000000000900}","Details":"DWORD (0x00000001)","EventReceivedTime":"2020-09-22 14:10:23","Opcode":"Info","EventTime":"2020-09-22 14:10:21","@timestamp":"2020-09-22T18:10:23.089Z","SourceModuleType":"im_msvistalog","port":64545,"AccountName":"SYSTEM","RecordNumber":3505961,"Task":13,"Domain":"NT AUTHORITY","@version":"1","OpcodeValue":0,"SourceModuleName":"eventlog","Severity":"INFO","SourceName":"Microsoft-Windows-Sysmon","Version":2,"Image":"C:\\Users\\pgustavo\\Desktop\\GruntHTTP.exe","Category":"Registry value set (rule: RegistryEvent)","UtcTime":"2020-09-22 18:10:21.768","Hostname":"WORKSTATION5.theshire.local","RuleName":"-","tags":["mordorDataset"]}
{"Keywords":-9223372036854775808,"SeverityValue":2,"TargetObject":"HKU\\S-1-5-21-4228717743-1032521047-1810997296-1104\\Software\\Microsoft\\Windows\\CurrentVersion\\Internet Settings\\ZoneMap\\IntranetName","EventTypeOrignal":"INFO","EventID":13,"ProviderGuid":"{5770385F-C22A-43E0-BF4C-06F5698FFBD9}","ExecutionProcessID":3172,"host":"wec.internal.cloudapp.net","Channel":"Microsoft-Windows-Sysmon/Operational","UserID":"S-1-5-18","AccountType":"User","ThreadID":4048,"ProcessGuid":"{b34bc01c-3d7f-5f6a-b603-000000000900}","Details":"DWORD (0x00000001)","EventReceivedTime":"2020-09-22 14:10:23","Opcode":"Info","EventTime":"2020-09-22 14:10:21","@timestamp":"2020-09-22T18:10:23.089Z","SourceModuleType":"im_msvistalog","port":64545,"AccountName":"SYSTEM","RecordNumber":3505962,"Task":13,"Domain":"NT AUTHORITY","@version":"1","OpcodeValue":0,"SourceModuleName":"eventlog","Severity":"INFO","SourceName":"Microsoft-Windows-Sysmon","Version":2,"Image":"C:\\Users\\pgustavo\\Desktop\\GruntHTTP.exe","Category":"Registry value set (rule: RegistryEvent)","UtcTime":"2020-09-22 18:10:21.768","Hostname":"WORKSTATION5.theshire.local","RuleName":"-","tags":["mordorDataset"]}
{"Keywords":-9223372036854775808,"SeverityValue":2,"TargetObject":"HKU\\S-1-5-21-4228717743-1032521047-1810997296-1104\\Software\\Microsoft\\Windows\\CurrentVersion\\Internet Settings\\ZoneMap\\UNCAsIntranet","EventTypeOrignal":"INFO","EventID":13,"ProviderGuid":"{5770385F-C22A-43E0-BF4C-06F5698FFBD9}","ExecutionProcessID":3172,"host":"wec.internal.cloudapp.net","Channel":"Microsoft-Windows-Sysmon/Operational","UserID":"S-1-5-18","AccountType":"User","ThreadID":4048,"ProcessGuid":"{b34bc01c-3d7f-5f6a-b603-000000000900}","Details":"DWORD (0x00000001)","EventReceivedTime":"2020-09-22 14:10:23","Opcode":"Info","EventTime":"2020-09-22 14:10:21","@timestamp":"2020-09-22T18:10:23.092Z","SourceModuleType":"im_msvistalog","port":64545,"AccountName":"SYSTEM","RecordNumber":3505963,"Task":13,"Domain":"NT AUTHORITY","@version":"1","OpcodeValue":0,"SourceModuleName":"eventlog","Severity":"INFO","SourceName":"Microsoft-Windows-Sysmon","Version":2,"Image":"C:\\Users\\pgustavo\\Desktop\\GruntHTTP.exe","Category":"Registry value set (rule: RegistryEvent)","UtcTime":"2020-09-22 18:10:21.768","Hostname":"WORKSTATION5.theshire.local","RuleName":"-","tags":["mordorDataset"]}
{"Keywords":-9223372036854775808,"SeverityValue":2,"TargetObject":"HKU\\S-1-5-21-4228717743-1032521047-1810997296-1104\\Software\\Microsoft\\Windows\\CurrentVersion\\Internet Settings\\ZoneMap\\AutoDetect","EventTypeOrignal":"INFO","EventID":13,"ProviderGuid":"{5770385F-C22A-43E0-BF4C-06F5698FFBD9}","ExecutionProcessID":3172,"host":"wec.internal.cloudapp.net","Channel":"Microsoft-Windows-Sysmon/Operational","UserID":"S-1-5-18","AccountType":"User","ThreadID":4048,"ProcessGuid":"{b34bc01c-3d7f-5f6a-b603-000000000900}","Details":"DWORD (0x00000000)","EventReceivedTime":"2020-09-22 14:10:23","Opcode":"Info","EventTime":"2020-09-22 14:10:21","@timestamp":"2020-09-22T18:10:23.092Z","SourceModuleType":"im_msvistalog","port":64545,"AccountName":"SYSTEM","RecordNumber":3505964,"Task":13,"Domain":"NT AUTHORITY","@version":"1","OpcodeValue":0,"SourceModuleName":"eventlog","Severity":"INFO","SourceName":"Microsoft-Windows-Sysmon","Version":2,"Image":"C:\\Users\\pgustavo\\Desktop\\GruntHTTP.exe","Category":"Registry value set (rule: RegistryEvent)","UtcTime":"2020-09-22 18:10:21.768","Hostname":"WORKSTATION5.theshire.local","RuleName":"-","tags":["mordorDataset"]}
{"ImageLoaded":"C:\\Windows\\System32\\propsys.dll","SeverityValue":2,"EventReceivedTime":"2020-09-22 14:10:23","EventID":7,"ProviderGuid":"{5770385F-C22A-43E0-BF4C-06F5698FFBD9}","ExecutionProcessID":3172,"Channel":"Microsoft-Windows-Sysmon/Operational","host":"wec.internal.cloudapp.net","AccountType":"User","ProcessGuid":"{b34bc01c-3d7f-5f6a-b603-000000000900}","Opcode":"Info","EventTime":"2020-09-22 14:10:21","Signed":"true","SourceModuleType":"im_msvistalog","AccountName":"SYSTEM","Domain":"NT AUTHORITY","@version":"1","OpcodeValue":0,"SignatureStatus":"Valid","Severity":"INFO","Hashes":"SHA1=9CC7754BDE825122FB0D3DF16579BD7CC2884B8B,MD5=B6D1AA0F21AC82024879E4EE96B50B56,SHA256=AF6B7199AAB64EBDADDA63B8662878A076A343955B1CF5E9F48C98114EF52BBE,IMPHASH=0D1929519D5C1A55D02774067E6F2181","SourceName":"Microsoft-Windows-Sysmon","Description":"Microsoft Property System","Category":"Image loaded (rule: ImageLoad)","Company":"Microsoft Corporation","Keywords":-9223372036854775808,"FileVersion":"7.0.18362.815 (WinBuild.160101.0800)","UserID":"S-1-5-18","ThreadID":4048,"EventType":"INFO","@timestamp":"2020-09-22T18:10:23.092Z","port":64545,"RecordNumber":3505965,"Task":7,"Signature":"Microsoft Windows","SourceModuleName":"eventlog","Version":3,"Product":"Windows Search","Image":"C:\\Users\\pgustavo\\Desktop\\GruntHTTP.exe","OriginalFileName":"propsys.dll","UtcTime":"2020-09-22 18:10:21.768","Hostname":"WORKSTATION5.theshire.local","RuleName":"-","tags":["mordorDataset"]}
{"ImageLoaded":"C:\\Windows\\System32\\kerberos.dll","SeverityValue":2,"EventReceivedTime":"2020-09-22 14:10:23","EventID":7,"ProviderGuid":"{5770385F-C22A-43E0-BF4C-06F5698FFBD9}","ExecutionProcessID":3172,"Channel":"Microsoft-Windows-Sysmon/Operational","host":"wec.internal.cloudapp.net","AccountType":"User","ProcessGuid":"{b34bc01c-3d7f-5f6a-b603-000000000900}","Opcode":"Info","EventTime":"2020-09-22 14:10:21","Signed":"true","SourceModuleType":"im_msvistalog","AccountName":"SYSTEM","Domain":"NT AUTHORITY","@version":"1","OpcodeValue":0,"SignatureStatus":"Valid","Severity":"INFO","Hashes":"SHA1=F1B4A5DEF12D8AD51EDB51E72D90F7055BAA6A51,MD5=6EFE2312EAD0EA0027281FE28929578B,SHA256=3E3FBBAE470FF2DA48E37596C1241C2BD81A8261BD461EFA1EF1598B5966A63B,IMPHASH=B50B0756F7F0C467D73295C6BD962D8C","SourceName":"Microsoft-Windows-Sysmon","Description":"Kerberos Security Package","Category":"Image loaded (rule: ImageLoad)","Company":"Microsoft Corporation","Keywords":-9223372036854775808,"FileVersion":"10.0.18362.1016 (WinBuild.160101.0800)","UserID":"S-1-5-18","ThreadID":4052,"EventType":"INFO","@timestamp":"2020-09-22T18:10:23.092Z","port":64545,"RecordNumber":3505966,"Task":7,"Signature":"Microsoft Windows","SourceModuleName":"eventlog","Version":3,"Product":"Microsoft Windows Operating System","Image":"C:\\Users\\pgustavo\\Desktop\\GruntHTTP.exe","OriginalFileName":"kerberos.dll","UtcTime":"2020-09-22 18:10:21.753","Hostname":"WORKSTATION5.theshire.local","RuleName":"-","tags":["mordorDataset"]}
{"ImageLoaded":"C:\\Windows\\System32\\urlmon.dll","SeverityValue":2,"EventReceivedTime":"2020-09-22 14:10:23","EventID":7,"ProviderGuid":"{5770385F-C22A-43E0-BF4C-06F5698FFBD9}","ExecutionProcessID":3172,"Channel":"Microsoft-Windows-Sysmon/Operational","host":"wec.internal.cloudapp.net","AccountType":"User","ProcessGuid":"{b34bc01c-3d7f-5f6a-b603-000000000900}","Opcode":"Info","EventTime":"2020-09-22 14:10:21","Signed":"true","SourceModuleType":"im_msvistalog","AccountName":"SYSTEM","Domain":"NT AUTHORITY","@version":"1","OpcodeValue":0,"SignatureStatus":"Valid","Severity":"INFO","Hashes":"SHA1=2EA4577B34C0955C4E16D6D67DF5F078DF142E7B,MD5=485794D66DD54BEC3E2540D886DF1F38,SHA256=FD3852EFFA554A3ACFDBEA5745E22D338DA3326F45943AD0F97290D6E02B6AB0,IMPHASH=75660DEE439E0444CAA3BB74E19C02F0","SourceName":"Microsoft-Windows-Sysmon","Description":"OLE32 Extensions for Win32","Category":"Image loaded (rule: ImageLoad)","Company":"Microsoft Corporation","Keywords":-9223372036854775808,"FileVersion":"11.00.18362.815 (WinBuild.160101.0800)","UserID":"S-1-5-18","ThreadID":4052,"EventType":"INFO","@timestamp":"2020-09-22T18:10:23.092Z","port":64545,"RecordNumber":3505967,"Task":7,"Signature":"Microsoft Windows","SourceModuleName":"eventlog","Version":3,"Product":"Internet Explorer","Image":"C:\\Users\\pgustavo\\Desktop\\GruntHTTP.exe","OriginalFileName":"UrlMon.dll","UtcTime":"2020-09-22 18:10:21.768","Hostname":"WORKSTATION5.theshire.local","RuleName":"-","tags":["mordorDataset"]}
{"Keywords":-9223372036854775808,"SeverityValue":2,"TargetObject":"HKU\\S-1-5-21-4228717743-1032521047-1810997296-1104\\Software\\Microsoft\\ADs\\Providers\\LDAP\\CN=Aggregate,CN=Schema,CN=Configuration,DC=theshire,DC=local","EventTypeOrignal":"INFO","EventID":12,"ProviderGuid":"{5770385F-C22A-43E0-BF4C-06F5698FFBD9}","ExecutionProcessID":3172,"host":"wec.internal.cloudapp.net","Channel":"Microsoft-Windows-Sysmon/Operational","UserID":"S-1-5-18","AccountType":"User","ThreadID":4048,"ProcessGuid":"{b34bc01c-3d7f-5f6a-b603-000000000900}","EventReceivedTime":"2020-09-22 14:10:23","Opcode":"Info","EventTime":"2020-09-22 14:10:21","@timestamp":"2020-09-22T18:10:23.092Z","SourceModuleType":"im_msvistalog","port":64545,"AccountName":"SYSTEM","RecordNumber":3505968,"Task":12,"Domain":"NT AUTHORITY","@version":"1","OpcodeValue":0,"SourceModuleName":"eventlog","Severity":"INFO","SourceName":"Microsoft-Windows-Sysmon","Version":2,"Image":"C:\\Users\\pgustavo\\Desktop\\GruntHTTP.exe","Category":"Registry object added or deleted (rule: RegistryEvent)","UtcTime":"2020-09-22 18:10:21.815","Hostname":"WORKSTATION5.theshire.local","RuleName":"-","tags":["mordorDataset"]}
{"Keywords":-9223372036854775808,"SeverityValue":2,"TargetObject":"HKU\\S-1-5-21-4228717743-1032521047-1810997296-1104\\Software\\Microsoft\\ADs\\Providers\\LDAP\\CN=Aggregate,CN=Schema,CN=Configuration,DC=theshire,DC=local\\File","EventTypeOrignal":"INFO","EventID":12,"ProviderGuid":"{5770385F-C22A-43E0-BF4C-06F5698FFBD9}","ExecutionProcessID":3172,"host":"wec.internal.cloudapp.net","Channel":"Microsoft-Windows-Sysmon/Operational","UserID":"S-1-5-18","AccountType":"User","ThreadID":4048,"ProcessGuid":"{b34bc01c-3d7f-5f6a-b603-000000000900}","EventReceivedTime":"2020-09-22 14:10:24","Opcode":"Info","EventTime":"2020-09-22 14:10:21","@timestamp":"2020-09-22T18:10:24.092Z","SourceModuleType":"im_msvistalog","port":64545,"AccountName":"SYSTEM","RecordNumber":3505969,"Task":12,"Domain":"NT AUTHORITY","@version":"1","OpcodeValue":0,"SourceModuleName":"eventlog","Severity":"INFO","SourceName":"Microsoft-Windows-Sysmon","Version":2,"Image":"C:\\Users\\pgustavo\\Desktop\\GruntHTTP.exe","Category":"Registry object added or deleted (rule: RegistryEvent)","UtcTime":"2020-09-22 18:10:21.815","Hostname":"WORKSTATION5.theshire.local","RuleName":"-","tags":["mordorDataset"]}
{"Keywords":-9223372036854775808,"SeverityValue":2,"EventReceivedTime":"2020-09-22 14:10:24","EventID":23,"ProviderGuid":"{5770385F-C22A-43E0-BF4C-06F5698FFBD9}","ExecutionProcessID":3172,"Channel":"Microsoft-Windows-Sysmon/Operational","host":"wec.internal.cloudapp.net","AccountType":"User","UserID":"S-1-5-18","ProcessGuid":"{b34bc01c-3d7f-5f6a-b603-000000000900}","ThreadID":4048,"EventType":"INFO","Opcode":"Info","EventTime":"2020-09-22 14:10:21","@timestamp":"2020-09-22T18:10:24.092Z","TargetFilename":"C:\\Users\\pgustavo\\AppData\\Local\\Microsoft\\Windows\\SchCache\\theshire.local.sch","SourceModuleType":"im_msvistalog","port":64545,"AccountName":"SYSTEM","RecordNumber":3505970,"IsExecutable":"false","Task":23,"Domain":"NT AUTHORITY","@version":"1","OpcodeValue":0,"SourceModuleName":"eventlog","Severity":"INFO","User":"THESHIRE\\pgustavo","Archived":"true","Hashes":"SHA1=13624E392010BDB71F9B47FCAB8B8E82C4A7C74D,MD5=11009AFE0DB7D8D83BB4197BF61581BD,SHA256=16C8A95A2957EEF56629FAB34BF2EC6F0DBB5DE541325F5EF65F93751601304F,IMPHASH=00000000000000000000000000000000","SourceName":"Microsoft-Windows-Sysmon","Version":5,"Image":"C:\\Users\\pgustavo\\Desktop\\GruntHTTP.exe","Category":"File Delete (rule: FileDelete)","UtcTime":"2020-09-22 18:10:21.815","Hostname":"WORKSTATION5.theshire.local","RuleName":"-","tags":["mordorDataset"]}
{"Keywords":-9223372036854775808,"SeverityValue":2,"EventReceivedTime":"2020-09-22 14:10:24","EventID":11,"ProviderGuid":"{5770385F-C22A-43E0-BF4C-06F5698FFBD9}","ExecutionProcessID":3172,"Channel":"Microsoft-Windows-Sysmon/Operational","host":"wec.internal.cloudapp.net","AccountType":"User","UserID":"S-1-5-18","ProcessGuid":"{b34bc01c-3d7f-5f6a-b603-000000000900}","ThreadID":4048,"EventType":"INFO","Opcode":"Info","EventTime":"2020-09-22 14:10:21","@timestamp":"2020-09-22T18:10:24.092Z","TargetFilename":"C:\\Users\\pgustavo\\AppData\\Local\\Microsoft\\Windows\\SchCache\\theshire.local.sch","SourceModuleType":"im_msvistalog","port":64545,"AccountName":"SYSTEM","RecordNumber":3505971,"Task":11,"Domain":"NT AUTHORITY","@version":"1","OpcodeValue":0,"CreationUtcTime":"2020-09-22 18:10:21.815","SourceModuleName":"eventlog","Severity":"INFO","SourceName":"Microsoft-Windows-Sysmon","Version":2,"Image":"C:\\Users\\pgustavo\\Desktop\\GruntHTTP.exe","Category":"File created (rule: FileCreate)","UtcTime":"2020-09-22 18:10:21.815","Hostname":"WORKSTATION5.theshire.local","RuleName":"-","tags":["mordorDataset"]}
{"Keywords":-9223372036854775808,"SeverityValue":2,"TargetObject":"HKU\\S-1-5-21-4228717743-1032521047-1810997296-1104\\Software\\Microsoft\\ADs\\Providers\\LDAP\\CN=Aggregate,CN=Schema,CN=Configuration,DC=theshire,DC=local\\File","EventTypeOrignal":"INFO","EventID":13,"ProviderGuid":"{5770385F-C22A-43E0-BF4C-06F5698FFBD9}","ExecutionProcessID":3172,"host":"wec.internal.cloudapp.net","Channel":"Microsoft-Windows-Sysmon/Operational","UserID":"S-1-5-18","AccountType":"User","ThreadID":4048,"ProcessGuid":"{b34bc01c-3d7f-5f6a-b603-000000000900}","Details":"%%LOCALAPPDATA%%\\Microsoft\\Windows\\SchCache\\theshire.local.sch","EventReceivedTime":"2020-09-22 14:10:24","Opcode":"Info","EventTime":"2020-09-22 14:10:21","@timestamp":"2020-09-22T18:10:24.093Z","SourceModuleType":"im_msvistalog","port":64545,"AccountName":"SYSTEM","RecordNumber":3505972,"Task":13,"Domain":"NT AUTHORITY","@version":"1","OpcodeValue":0,"SourceModuleName":"eventlog","Severity":"INFO","SourceName":"Microsoft-Windows-Sysmon","Version":2,"Image":"C:\\Users\\pgustavo\\Desktop\\GruntHTTP.exe","Category":"Registry value set (rule: RegistryEvent)","UtcTime":"2020-09-22 18:10:21.831","Hostname":"WORKSTATION5.theshire.local","RuleName":"-","tags":["mordorDataset"]}
{"Keywords":-9223372036854775808,"SeverityValue":2,"TargetObject":"HKU\\S-1-5-21-4228717743-1032521047-1810997296-1104\\Software\\Microsoft\\ADs\\Providers\\LDAP\\CN=Aggregate,CN=Schema,CN=Configuration,DC=theshire,DC=local\\Time","EventTypeOrignal":"INFO","EventID":13,"ProviderGuid":"{5770385F-C22A-43E0-BF4C-06F5698FFBD9}","ExecutionProcessID":3172,"host":"wec.internal.cloudapp.net","Channel":"Microsoft-Windows-Sysmon/Operational","UserID":"S-1-5-18","AccountType":"User","ThreadID":4048,"ProcessGuid":"{b34bc01c-3d7f-5f6a-b603-000000000900}","Details":"20200917161458.0Z","EventReceivedTime":"2020-09-22 14:10:24","Opcode":"Info","EventTime":"2020-09-22 14:10:21","@timestamp":"2020-09-22T18:10:24.093Z","SourceModuleType":"im_msvistalog","port":64545,"AccountName":"SYSTEM","RecordNumber":3505973,"Task":13,"Domain":"NT AUTHORITY","@version":"1","OpcodeValue":0,"SourceModuleName":"eventlog","Severity":"INFO","SourceName":"Microsoft-Windows-Sysmon","Version":2,"Image":"C:\\Users\\pgustavo\\Desktop\\GruntHTTP.exe","Category":"Registry value set (rule: RegistryEvent)","UtcTime":"2020-09-22 18:10:21.831","Hostname":"WORKSTATION5.theshire.local","RuleName":"-","tags":["mordorDataset"]}
{"Keywords":-9214364837600034816,"SeverityValue":2,"Application":"\\device\\harddiskvolume2\\windowsazure\\guestagent_2.7.41491.993_2020-09-17_150914\\guestagent\\windowsazureguestagent.exe","EventID":5158,"ProviderGuid":"{54849625-5478-4994-A5BA-3E3B0328C30D}","ExecutionProcessID":4,"Channel":"security","host":"wec.internal.cloudapp.net","EventReceivedTime":"2020-09-22 14:10:24","ProcessId":"3260","ThreadID":5156,"EventType":"AUDIT_SUCCESS","Opcode":"Info","EventTime":"2020-09-22 14:10:22","Message":"The Windows Filtering Platform has permitted a bind to a local port.\r\n\r\nApplication Information:\r\n\tProcess ID:\t\t3260\r\n\tApplication Name:\t\\device\\harddiskvolume2\\windowsazure\\guestagent_2.7.41491.993_2020-09-17_150914\\guestagent\\windowsazureguestagent.exe\r\n\r\nNetwork Information:\r\n\tSource Address:\t\t0.0.0.0\r\n\tSource Port:\t\t62323\r\n\tProtocol:\t\t6\r\n\r\nFilter Information:\r\n\tFilter Run-Time ID:\t0\r\n\tLayer Name:\t\tResource Assignment\r\n\tLayer Run-Time ID:\t36","FilterRTID":"0","@timestamp":"2020-09-22T18:10:24.093Z","LayerRTID":"36","SourceModuleType":"im_msvistalog","port":64545,"RecordNumber":851787,"Task":12810,"Protocol":"6","@version":"1","OpcodeValue":0,"SourcePort":"62323","SourceModuleName":"eventlog","Severity":"INFO","SourceName":"Microsoft-Windows-Security-Auditing","Version":0,"LayerName":"%%14608","Category":"Filtering Platform Connection","SourceAddress":"0.0.0.0","tags":["mordorDataset"],"Hostname":"WORKSTATION5.theshire.local"}
{"Keywords":-9214364837600034816,"SeverityValue":2,"Application":"\\device\\harddiskvolume2\\windowsazure\\guestagent_2.7.41491.993_2020-09-17_150914\\guestagent\\windowsazureguestagent.exe","EventID":5156,"ProviderGuid":"{54849625-5478-4994-A5BA-3E3B0328C30D}","ExecutionProcessID":4,"Channel":"security","host":"wec.internal.cloudapp.net","EventReceivedTime":"2020-09-22 14:10:24","ProcessId":"3260","ThreadID":5156,"EventType":"AUDIT_SUCCESS","Opcode":"Info","EventTime":"2020-09-22 14:10:22","Message":"The Windows Filtering Platform has permitted a connection.\r\n\r\nApplication Information:\r\n\tProcess ID:\t\t3260\r\n\tApplication Name:\t\\device\\harddiskvolume2\\windowsazure\\guestagent_2.7.41491.993_2020-09-17_150914\\guestagent\\windowsazureguestagent.exe\r\n\r\nNetwork Information:\r\n\tDirection:\t\tOutbound\r\n\tSource Address:\t\t172.18.39.5\r\n\tSource Port:\t\t62323\r\n\tDestination Address:\t168.63.129.16\r\n\tDestination Port:\t\t80\r\n\tProtocol:\t\t6\r\n\r\nFilter Information:\r\n\tFilter Run-Time ID:\t80423\r\n\tLayer Name:\t\tConnect\r\n\tLayer Run-Time ID:\t48","FilterRTID":"80423","RemoteUserID":"S-1-0-0","@timestamp":"2020-09-22T18:10:24.093Z","LayerRTID":"48","SourceModuleType":"im_msvistalog","port":64545,"RecordNumber":851788,"Task":12810,"Direction":"%%14593","@version":"1","OpcodeValue":0,"SourcePort":"62323","DestPort":"80","Protocol":"6","SourceModuleName":"eventlog","Severity":"INFO","DestAddress":"168.63.129.16","SourceName":"Microsoft-Windows-Security-Auditing","Version":1,"LayerName":"%%14611","RemoteMachineID":"S-1-0-0","Category":"Filtering Platform Connection","SourceAddress":"172.18.39.5","tags":["mordorDataset"],"Hostname":"WORKSTATION5.theshire.local"}
{"Keywords":-9223372036854775808,"SeverityValue":2,"SourceImage":"C:\\windows\\system32\\svchost.exe","EventID":10,"ProviderGuid":"{5770385F-C22A-43E0-BF4C-06F5698FFBD9}","ExecutionProcessID":3172,"Channel":"Microsoft-Windows-Sysmon/Operational","host":"wec.internal.cloudapp.net","AccountType":"User","UserID":"S-1-5-18","SourceProcessGUID":"{b34bc01c-226b-5f69-1000-000000000900}","ThreadID":4048,"TargetImage":"C:\\windows\\System32\\svchost.exe","GrantedAccess":"0x1000","EventType":"INFO","Opcode":"Info","EventTime":"2020-09-22 14:10:22","EventReceivedTime":"2020-09-22 14:10:24","@timestamp":"2020-09-22T18:10:24.094Z","SourceModuleType":"im_msvistalog","port":64545,"AccountName":"SYSTEM","RecordNumber":3505974,"SourceProcessId":"908","SourceThreadId":"4220","Task":10,"Domain":"NT AUTHORITY","@version":"1","OpcodeValue":0,"SourceModuleName":"eventlog","TargetProcessGUID":"{b34bc01c-2271-5f69-5500-000000000900}","Severity":"INFO","SourceName":"Microsoft-Windows-Sysmon","Version":3,"TargetProcessId":"3308","Category":"Process accessed (rule: ProcessAccess)","CallTrace":"C:\\windows\\SYSTEM32\\ntdll.dll+9c534|C:\\windows\\SYSTEM32\\psmserviceexthost.dll+222a3|C:\\windows\\SYSTEM32\\psmserviceexthost.dll+1a172|C:\\windows\\SYSTEM32\\psmserviceexthost.dll+19e3b|C:\\windows\\SYSTEM32\\psmserviceexthost.dll+19318|C:\\windows\\SYSTEM32\\ntdll.dll+3081d|C:\\windows\\SYSTEM32\\ntdll.dll+345b4|C:\\windows\\System32\\KERNEL32.DLL+17bd4|C:\\windows\\SYSTEM32\\ntdll.dll+6ce51","UtcTime":"2020-09-22 18:10:22.719","Hostname":"WORKSTATION5.theshire.local","RuleName":"-","tags":["mordorDataset"]}
{"Keywords":-9223372036854775808,"SeverityValue":2,"SourceImage":"C:\\windows\\system32\\svchost.exe","EventID":10,"ProviderGuid":"{5770385F-C22A-43E0-BF4C-06F5698FFBD9}","ExecutionProcessID":3172,"Channel":"Microsoft-Windows-Sysmon/Operational","host":"wec.internal.cloudapp.net","AccountType":"User","UserID":"S-1-5-18","SourceProcessGUID":"{b34bc01c-226b-5f69-1000-000000000900}","ThreadID":4048,"TargetImage":"C:\\windows\\System32\\svchost.exe","GrantedAccess":"0x1000","EventType":"INFO","Opcode":"Info","EventTime":"2020-09-22 14:10:22","EventReceivedTime":"2020-09-22 14:10:24","@timestamp":"2020-09-22T18:10:24.095Z","SourceModuleType":"im_msvistalog","port":64545,"AccountName":"SYSTEM","RecordNumber":3505975,"SourceProcessId":"908","SourceThreadId":"4220","Task":10,"Domain":"NT AUTHORITY","@version":"1","OpcodeValue":0,"SourceModuleName":"eventlog","TargetProcessGUID":"{b34bc01c-2271-5f69-5500-000000000900}","Severity":"INFO","SourceName":"Microsoft-Windows-Sysmon","Version":3,"TargetProcessId":"3308","Category":"Process accessed (rule: ProcessAccess)","CallTrace":"C:\\windows\\SYSTEM32\\ntdll.dll+9c534|C:\\windows\\SYSTEM32\\psmserviceexthost.dll+222a3|C:\\windows\\SYSTEM32\\psmserviceexthost.dll+1a172|C:\\windows\\SYSTEM32\\psmserviceexthost.dll+19e3b|C:\\windows\\SYSTEM32\\psmserviceexthost.dll+19318|C:\\windows\\SYSTEM32\\ntdll.dll+3081d|C:\\windows\\SYSTEM32\\ntdll.dll+345b4|C:\\windows\\System32\\KERNEL32.DLL+17bd4|C:\\windows\\SYSTEM32\\ntdll.dll+6ce51","UtcTime":"2020-09-22 18:10:22.719","Hostname":"WORKSTATION5.theshire.local","RuleName":"-","tags":["mordorDataset"]}
{"tags":["mordorDataset"],"Keywords":-9223372036854775808,"SeverityValue":2,"EventReceivedTime":"2020-09-22 14:10:24","EventID":22,"ProviderGuid":"{5770385F-C22A-43E0-BF4C-06F5698FFBD9}","ExecutionProcessID":3172,"Channel":"Microsoft-Windows-Sysmon/Operational","host":"wec.internal.cloudapp.net","AccountType":"User","UserID":"S-1-5-18","ProcessGuid":"{b34bc01c-3d7f-5f6a-b603-000000000900}","ThreadID":4064,"EventType":"INFO","Opcode":"Info","EventTime":"2020-09-22 14:10:22","@timestamp":"2020-09-22T18:10:24.096Z","SourceModuleType":"im_msvistalog","port":64545,"AccountName":"SYSTEM","RecordNumber":3505976,"Task":22,"Domain":"NT AUTHORITY","@version":"1","OpcodeValue":0,"QueryResults":"::ffff:172.18.38.5;","SourceModuleName":"eventlog","Severity":"INFO","QueryName":"MORDORDC.theshire.local","SourceName":"Microsoft-Windows-Sysmon","Version":5,"Image":"C:\\Users\\pgustavo\\Desktop\\GruntHTTP.exe","Category":"Dns query (rule: DnsQuery)","UtcTime":"2020-09-22 18:10:22.529","Hostname":"WORKSTATION5.theshire.local","RuleName":"-","QueryStatus":"0"}
{"Keywords":-9223372036854775808,"SeverityValue":2,"SourceImage":"C:\\windows\\system32\\svchost.exe","EventID":10,"ProviderGuid":"{5770385F-C22A-43E0-BF4C-06F5698FFBD9}","ExecutionProcessID":3172,"Channel":"Microsoft-Windows-Sysmon/Operational","host":"wec.internal.cloudapp.net","AccountType":"User","UserID":"S-1-5-18","SourceProcessGUID":"{b34bc01c-226b-5f69-1000-000000000900}","ThreadID":4048,"TargetImage":"C:\\windows\\System32\\svchost.exe","GrantedAccess":"0x1000","EventType":"INFO","Opcode":"Info","EventTime":"2020-09-22 14:10:22","EventReceivedTime":"2020-09-22 14:10:24","@timestamp":"2020-09-22T18:10:24.096Z","SourceModuleType":"im_msvistalog","port":64545,"AccountName":"SYSTEM","RecordNumber":3505977,"SourceProcessId":"908","SourceThreadId":"4220","Task":10,"Domain":"NT AUTHORITY","@version":"1","OpcodeValue":0,"SourceModuleName":"eventlog","TargetProcessGUID":"{b34bc01c-2271-5f69-5500-000000000900}","Severity":"INFO","SourceName":"Microsoft-Windows-Sysmon","Version":3,"TargetProcessId":"3308","Category":"Process accessed (rule: ProcessAccess)","CallTrace":"C:\\windows\\SYSTEM32\\ntdll.dll+9c534|C:\\windows\\SYSTEM32\\psmserviceexthost.dll+222a3|C:\\windows\\SYSTEM32\\psmserviceexthost.dll+1a172|C:\\windows\\SYSTEM32\\psmserviceexthost.dll+19e3b|C:\\windows\\SYSTEM32\\psmserviceexthost.dll+19318|C:\\windows\\SYSTEM32\\ntdll.dll+3081d|C:\\windows\\SYSTEM32\\ntdll.dll+345b4|C:\\windows\\System32\\KERNEL32.DLL+17bd4|C:\\windows\\SYSTEM32\\ntdll.dll+6ce51","UtcTime":"2020-09-22 18:10:22.736","Hostname":"WORKSTATION5.theshire.local","RuleName":"-","tags":["mordorDataset"]}
{"Keywords":-9223372036854775808,"SeverityValue":2,"SourceImage":"C:\\windows\\system32\\svchost.exe","EventID":10,"ProviderGuid":"{5770385F-C22A-43E0-BF4C-06F5698FFBD9}","ExecutionProcessID":3172,"Channel":"Microsoft-Windows-Sysmon/Operational","host":"wec.internal.cloudapp.net","AccountType":"User","UserID":"S-1-5-18","SourceProcessGUID":"{b34bc01c-226b-5f69-1000-000000000900}","ThreadID":4048,"TargetImage":"C:\\windows\\System32\\svchost.exe","GrantedAccess":"0x1000","EventType":"INFO","Opcode":"Info","EventTime":"2020-09-22 14:10:22","EventReceivedTime":"2020-09-22 14:10:24","@timestamp":"2020-09-22T18:10:24.096Z","SourceModuleType":"im_msvistalog","port":64545,"AccountName":"SYSTEM","RecordNumber":3505978,"SourceProcessId":"908","SourceThreadId":"4220","Task":10,"Domain":"NT AUTHORITY","@version":"1","OpcodeValue":0,"SourceModuleName":"eventlog","TargetProcessGUID":"{b34bc01c-2271-5f69-5500-000000000900}","Severity":"INFO","SourceName":"Microsoft-Windows-Sysmon","Version":3,"TargetProcessId":"3308","Category":"Process accessed (rule: ProcessAccess)","CallTrace":"C:\\windows\\SYSTEM32\\ntdll.dll+9c534|C:\\windows\\SYSTEM32\\psmserviceexthost.dll+222a3|C:\\windows\\SYSTEM32\\psmserviceexthost.dll+1a172|C:\\windows\\SYSTEM32\\psmserviceexthost.dll+19e3b|C:\\windows\\SYSTEM32\\psmserviceexthost.dll+19318|C:\\windows\\SYSTEM32\\ntdll.dll+3081d|C:\\windows\\SYSTEM32\\ntdll.dll+345b4|C:\\windows\\System32\\KERNEL32.DLL+17bd4|C:\\windows\\SYSTEM32\\ntdll.dll+6ce51","UtcTime":"2020-09-22 18:10:22.736","Hostname":"WORKSTATION5.theshire.local","RuleName":"-","tags":["mordorDataset"]}
{"Keywords":-9223372036854775808,"SeverityValue":2,"SourceImage":"C:\\windows\\system32\\svchost.exe","EventID":10,"ProviderGuid":"{5770385F-C22A-43E0-BF4C-06F5698FFBD9}","ExecutionProcessID":3172,"Channel":"Microsoft-Windows-Sysmon/Operational","host":"wec.internal.cloudapp.net","AccountType":"User","UserID":"S-1-5-18","SourceProcessGUID":"{b34bc01c-226b-5f69-1000-000000000900}","ThreadID":4048,"TargetImage":"C:\\windows\\System32\\svchost.exe","GrantedAccess":"0x1000","EventType":"INFO","Opcode":"Info","EventTime":"2020-09-22 14:10:22","EventReceivedTime":"2020-09-22 14:10:24","@timestamp":"2020-09-22T18:10:24.096Z","SourceModuleType":"im_msvistalog","port":64545,"AccountName":"SYSTEM","RecordNumber":3505979,"SourceProcessId":"908","SourceThreadId":"4220","Task":10,"Domain":"NT AUTHORITY","@version":"1","OpcodeValue":0,"SourceModuleName":"eventlog","TargetProcessGUID":"{b34bc01c-2271-5f69-5500-000000000900}","Severity":"INFO","SourceName":"Microsoft-Windows-Sysmon","Version":3,"TargetProcessId":"3308","Category":"Process accessed (rule: ProcessAccess)","CallTrace":"C:\\windows\\SYSTEM32\\ntdll.dll+9c534|C:\\windows\\SYSTEM32\\psmserviceexthost.dll+222a3|C:\\windows\\SYSTEM32\\psmserviceexthost.dll+1a172|C:\\windows\\SYSTEM32\\psmserviceexthost.dll+19e3b|C:\\windows\\SYSTEM32\\psmserviceexthost.dll+19318|C:\\windows\\SYSTEM32\\ntdll.dll+3081d|C:\\windows\\SYSTEM32\\ntdll.dll+345b4|C:\\windows\\System32\\KERNEL32.DLL+17bd4|C:\\windows\\SYSTEM32\\ntdll.dll+6ce51","UtcTime":"2020-09-22 18:10:22.736","Hostname":"WORKSTATION5.theshire.local","RuleName":"-","tags":["mordorDataset"]}
{"Keywords":-9223372036854775808,"SeverityValue":2,"SourceImage":"C:\\windows\\system32\\svchost.exe","EventID":10,"ProviderGuid":"{5770385F-C22A-43E0-BF4C-06F5698FFBD9}","ExecutionProcessID":3172,"Channel":"Microsoft-Windows-Sysmon/Operational","host":"wec.internal.cloudapp.net","AccountType":"User","UserID":"S-1-5-18","SourceProcessGUID":"{b34bc01c-226b-5f69-1000-000000000900}","ThreadID":4048,"TargetImage":"C:\\windows\\System32\\svchost.exe","GrantedAccess":"0x1000","EventType":"INFO","Opcode":"Info","EventTime":"2020-09-22 14:10:22","EventReceivedTime":"2020-09-22 14:10:24","@timestamp":"2020-09-22T18:10:24.099Z","SourceModuleType":"im_msvistalog","port":64545,"AccountName":"SYSTEM","RecordNumber":3505980,"SourceProcessId":"908","SourceThreadId":"4220","Task":10,"Domain":"NT AUTHORITY","@version":"1","OpcodeValue":0,"SourceModuleName":"eventlog","TargetProcessGUID":"{b34bc01c-2271-5f69-5500-000000000900}","Severity":"INFO","SourceName":"Microsoft-Windows-Sysmon","Version":3,"TargetProcessId":"3308","Category":"Process accessed (rule: ProcessAccess)","CallTrace":"C:\\windows\\SYSTEM32\\ntdll.dll+9c534|C:\\windows\\SYSTEM32\\psmserviceexthost.dll+222a3|C:\\windows\\SYSTEM32\\psmserviceexthost.dll+1a172|C:\\windows\\SYSTEM32\\psmserviceexthost.dll+19e3b|C:\\windows\\SYSTEM32\\psmserviceexthost.dll+19318|C:\\windows\\SYSTEM32\\ntdll.dll+3081d|C:\\windows\\SYSTEM32\\ntdll.dll+345b4|C:\\windows\\System32\\KERNEL32.DLL+17bd4|C:\\windows\\SYSTEM32\\ntdll.dll+6ce51","UtcTime":"2020-09-22 18:10:22.736","Hostname":"WORKSTATION5.theshire.local","RuleName":"-","tags":["mordorDataset"]}
{"Keywords":-9223372036854775808,"SeverityValue":2,"SourceImage":"C:\\windows\\system32\\svchost.exe","EventID":10,"ProviderGuid":"{5770385F-C22A-43E0-BF4C-06F5698FFBD9}","ExecutionProcessID":3172,"Channel":"Microsoft-Windows-Sysmon/Operational","host":"wec.internal.cloudapp.net","AccountType":"User","UserID":"S-1-5-18","SourceProcessGUID":"{b34bc01c-226b-5f69-1000-000000000900}","ThreadID":4048,"TargetImage":"C:\\windows\\System32\\svchost.exe","GrantedAccess":"0x1000","EventType":"INFO","Opcode":"Info","EventTime":"2020-09-22 14:10:22","EventReceivedTime":"2020-09-22 14:10:24","@timestamp":"2020-09-22T18:10:24.100Z","SourceModuleType":"im_msvistalog","port":64545,"AccountName":"SYSTEM","RecordNumber":3505981,"SourceProcessId":"908","SourceThreadId":"4220","Task":10,"Domain":"NT AUTHORITY","@version":"1","OpcodeValue":0,"SourceModuleName":"eventlog","TargetProcessGUID":"{b34bc01c-2271-5f69-5500-000000000900}","Severity":"INFO","SourceName":"Microsoft-Windows-Sysmon","Version":3,"TargetProcessId":"3308","Category":"Process accessed (rule: ProcessAccess)","CallTrace":"C:\\windows\\SYSTEM32\\ntdll.dll+9c534|C:\\windows\\SYSTEM32\\psmserviceexthost.dll+222a3|C:\\windows\\SYSTEM32\\psmserviceexthost.dll+1a172|C:\\windows\\SYSTEM32\\psmserviceexthost.dll+19e3b|C:\\windows\\SYSTEM32\\psmserviceexthost.dll+19318|C:\\windows\\SYSTEM32\\ntdll.dll+3081d|C:\\windows\\SYSTEM32\\ntdll.dll+345b4|C:\\windows\\System32\\KERNEL32.DLL+17bd4|C:\\windows\\SYSTEM32\\ntdll.dll+6ce51","UtcTime":"2020-09-22 18:10:22.736","Hostname":"WORKSTATION5.theshire.local","RuleName":"-","tags":["mordorDataset"]}
{"Keywords":-9223372036854775808,"SeverityValue":2,"SourceImage":"C:\\windows\\system32\\svchost.exe","EventID":10,"ProviderGuid":"{5770385F-C22A-43E0-BF4C-06F5698FFBD9}","ExecutionProcessID":3172,"Channel":"Microsoft-Windows-Sysmon/Operational","host":"wec.internal.cloudapp.net","AccountType":"User","UserID":"S-1-5-18","SourceProcessGUID":"{b34bc01c-226b-5f69-1000-000000000900}","ThreadID":4048,"TargetImage":"C:\\windows\\System32\\svchost.exe","GrantedAccess":"0x1000","EventType":"INFO","Opcode":"Info","EventTime":"2020-09-22 14:10:22","EventReceivedTime":"2020-09-22 14:10:24","@timestamp":"2020-09-22T18:10:24.100Z","SourceModuleType":"im_msvistalog","port":64545,"AccountName":"SYSTEM","RecordNumber":3505982,"SourceProcessId":"908","SourceThreadId":"4220","Task":10,"Domain":"NT AUTHORITY","@version":"1","OpcodeValue":0,"SourceModuleName":"eventlog","TargetProcessGUID":"{b34bc01c-2271-5f69-5500-000000000900}","Severity":"INFO","SourceName":"Microsoft-Windows-Sysmon","Version":3,"TargetProcessId":"3308","Category":"Process accessed (rule: ProcessAccess)","CallTrace":"C:\\windows\\SYSTEM32\\ntdll.dll+9c534|C:\\windows\\SYSTEM32\\psmserviceexthost.dll+222a3|C:\\windows\\SYSTEM32\\psmserviceexthost.dll+1a172|C:\\windows\\SYSTEM32\\psmserviceexthost.dll+19e3b|C:\\windows\\SYSTEM32\\psmserviceexthost.dll+19318|C:\\windows\\SYSTEM32\\ntdll.dll+3081d|C:\\windows\\SYSTEM32\\ntdll.dll+345b4|C:\\windows\\System32\\KERNEL32.DLL+17bd4|C:\\windows\\SYSTEM32\\ntdll.dll+6ce51","UtcTime":"2020-09-22 18:10:22.736","Hostname":"WORKSTATION5.theshire.local","RuleName":"-","tags":["mordorDataset"]}
{"SourcePortName":"-","tags":["mordorDataset"],"SeverityValue":2,"EventReceivedTime":"2020-09-22 14:10:24","EventID":3,"ProviderGuid":"{5770385F-C22A-43E0-BF4C-06F5698FFBD9}","ExecutionProcessID":3172,"Channel":"Microsoft-Windows-Sysmon/Operational","host":"wec.internal.cloudapp.net","AccountType":"User","ProcessGuid":"{b34bc01c-3d7f-5f6a-b603-000000000900}","Opcode":"Info","EventTime":"2020-09-22 14:10:22","SourceModuleType":"im_msvistalog","AccountName":"SYSTEM","Domain":"NT AUTHORITY","Protocol":"tcp","@version":"1","OpcodeValue":0,"SourcePort":"62320","DestinationPort":"389","Severity":"INFO","User":"THESHIRE\\pgustavo","SourceName":"Microsoft-Windows-Sysmon","Category":"Network connection detected (rule: NetworkConnect)","SourceHostname":"-","DestinationIp":"172.18.38.5","SourceIp":"172.18.39.5","Keywords":-9223372036854775808,"UserID":"S-1-5-18","ThreadID":4012,"DestinationIsIpv6":"false","EventType":"INFO","@timestamp":"2020-09-22T18:10:24.101Z","port":64545,"RecordNumber":3505983,"Task":3,"SourceModuleName":"eventlog","Initiated":"true","Version":5,"Image":"C:\\Users\\pgustavo\\Desktop\\GruntHTTP.exe","SourceIsIpv6":"false","DestinationPortName":"-","UtcTime":"2020-09-22 18:10:22.516","Hostname":"WORKSTATION5.theshire.local","DestinationHostname":"-","RuleName":"-"}
{"SourcePortName":"-","tags":["mordorDataset"],"SeverityValue":2,"EventReceivedTime":"2020-09-22 14:10:24","EventID":3,"ProviderGuid":"{5770385F-C22A-43E0-BF4C-06F5698FFBD9}","ExecutionProcessID":3172,"Channel":"Microsoft-Windows-Sysmon/Operational","host":"wec.internal.cloudapp.net","AccountType":"User","ProcessGuid":"{b34bc01c-226a-5f69-0c00-000000000900}","Opcode":"Info","EventTime":"2020-09-22 14:10:22","SourceModuleType":"im_msvistalog","AccountName":"SYSTEM","Domain":"NT AUTHORITY","Protocol":"tcp","@version":"1","OpcodeValue":0,"SourcePort":"62321","DestinationPort":"88","Severity":"INFO","User":"NT AUTHORITY\\SYSTEM","SourceName":"Microsoft-Windows-Sysmon","Category":"Network connection detected (rule: NetworkConnect)","SourceHostname":"-","DestinationIp":"172.18.38.5","SourceIp":"172.18.39.5","Keywords":-9223372036854775808,"UserID":"S-1-5-18","ThreadID":4012,"DestinationIsIpv6":"false","EventType":"INFO","@timestamp":"2020-09-22T18:10:24.101Z","port":64545,"RecordNumber":3505984,"Task":3,"SourceModuleName":"eventlog","Initiated":"true","Version":5,"Image":"C:\\Windows\\System32\\lsass.exe","SourceIsIpv6":"false","DestinationPortName":"-","UtcTime":"2020-09-22 18:10:22.521","Hostname":"WORKSTATION5.theshire.local","DestinationHostname":"-","RuleName":"-"}
{"Keywords":-9223372036854775808,"SeverityValue":2,"SourceImage":"C:\\windows\\system32\\svchost.exe","EventID":10,"ProviderGuid":"{5770385F-C22A-43E0-BF4C-06F5698FFBD9}","ExecutionProcessID":3172,"Channel":"Microsoft-Windows-Sysmon/Operational","host":"wec.internal.cloudapp.net","AccountType":"User","UserID":"S-1-5-18","SourceProcessGUID":"{b34bc01c-226b-5f69-1000-000000000900}","ThreadID":4048,"TargetImage":"C:\\windows\\System32\\svchost.exe","GrantedAccess":"0x1000","EventType":"INFO","Opcode":"Info","EventTime":"2020-09-22 14:10:22","EventReceivedTime":"2020-09-22 14:10:24","@timestamp":"2020-09-22T18:10:24.102Z","SourceModuleType":"im_msvistalog","port":64545,"AccountName":"SYSTEM","RecordNumber":3505985,"SourceProcessId":"908","SourceThreadId":"2484","Task":10,"Domain":"NT AUTHORITY","@version":"1","OpcodeValue":0,"SourceModuleName":"eventlog","TargetProcessGUID":"{b34bc01c-2271-5f69-5500-000000000900}","Severity":"INFO","SourceName":"Microsoft-Windows-Sysmon","Version":3,"TargetProcessId":"3308","Category":"Process accessed (rule: ProcessAccess)","CallTrace":"C:\\windows\\SYSTEM32\\ntdll.dll+9c534|C:\\windows\\SYSTEM32\\psmserviceexthost.dll+222a3|C:\\windows\\SYSTEM32\\psmserviceexthost.dll+1a172|C:\\windows\\SYSTEM32\\psmserviceexthost.dll+19e3b|C:\\windows\\SYSTEM32\\psmserviceexthost.dll+19318|C:\\windows\\SYSTEM32\\ntdll.dll+3081d|C:\\windows\\SYSTEM32\\ntdll.dll+345b4|C:\\windows\\System32\\KERNEL32.DLL+17bd4|C:\\windows\\SYSTEM32\\ntdll.dll+6ce51","UtcTime":"2020-09-22 18:10:22.751","Hostname":"WORKSTATION5.theshire.local","RuleName":"-","tags":["mordorDataset"]}
{"Keywords":-9223372036854775808,"SeverityValue":2,"SourceImage":"C:\\windows\\system32\\svchost.exe","EventID":10,"ProviderGuid":"{5770385F-C22A-43E0-BF4C-06F5698FFBD9}","ExecutionProcessID":3172,"Channel":"Microsoft-Windows-Sysmon/Operational","host":"wec.internal.cloudapp.net","AccountType":"User","UserID":"S-1-5-18","SourceProcessGUID":"{b34bc01c-226b-5f69-1000-000000000900}","ThreadID":4048,"TargetImage":"C:\\windows\\System32\\svchost.exe","GrantedAccess":"0x1000","EventType":"INFO","Opcode":"Info","EventTime":"2020-09-22 14:10:22","EventReceivedTime":"2020-09-22 14:10:24","@timestamp":"2020-09-22T18:10:24.102Z","SourceModuleType":"im_msvistalog","port":64545,"AccountName":"SYSTEM","RecordNumber":3505986,"SourceProcessId":"908","SourceThreadId":"2484","Task":10,"Domain":"NT AUTHORITY","@version":"1","OpcodeValue":0,"SourceModuleName":"eventlog","TargetProcessGUID":"{b34bc01c-2271-5f69-5500-000000000900}","Severity":"INFO","SourceName":"Microsoft-Windows-Sysmon","Version":3,"TargetProcessId":"3308","Category":"Process accessed (rule: ProcessAccess)","CallTrace":"C:\\windows\\SYSTEM32\\ntdll.dll+9c534|C:\\windows\\SYSTEM32\\psmserviceexthost.dll+222a3|C:\\windows\\SYSTEM32\\psmserviceexthost.dll+1a172|C:\\windows\\SYSTEM32\\psmserviceexthost.dll+19e3b|C:\\windows\\SYSTEM32\\psmserviceexthost.dll+19318|C:\\windows\\SYSTEM32\\ntdll.dll+3081d|C:\\windows\\SYSTEM32\\ntdll.dll+345b4|C:\\windows\\System32\\KERNEL32.DLL+17bd4|C:\\windows\\SYSTEM32\\ntdll.dll+6ce51","UtcTime":"2020-09-22 18:10:22.751","Hostname":"WORKSTATION5.theshire.local","RuleName":"-","tags":["mordorDataset"]}
{"Keywords":-9223372036854775808,"SeverityValue":2,"SourceImage":"C:\\windows\\system32\\svchost.exe","EventID":10,"ProviderGuid":"{5770385F-C22A-43E0-BF4C-06F5698FFBD9}","ExecutionProcessID":3172,"Channel":"Microsoft-Windows-Sysmon/Operational","host":"wec.internal.cloudapp.net","AccountType":"User","UserID":"S-1-5-18","SourceProcessGUID":"{b34bc01c-226b-5f69-1000-000000000900}","ThreadID":4048,"TargetImage":"C:\\windows\\System32\\svchost.exe","GrantedAccess":"0x1000","EventType":"INFO","Opcode":"Info","EventTime":"2020-09-22 14:10:22","EventReceivedTime":"2020-09-22 14:10:24","@timestamp":"2020-09-22T18:10:24.103Z","SourceModuleType":"im_msvistalog","port":64545,"AccountName":"SYSTEM","RecordNumber":3505987,"SourceProcessId":"908","SourceThreadId":"4220","Task":10,"Domain":"NT AUTHORITY","@version":"1","OpcodeValue":0,"SourceModuleName":"eventlog","TargetProcessGUID":"{b34bc01c-2271-5f69-5500-000000000900}","Severity":"INFO","SourceName":"Microsoft-Windows-Sysmon","Version":3,"TargetProcessId":"3308","Category":"Process accessed (rule: ProcessAccess)","CallTrace":"C:\\windows\\SYSTEM32\\ntdll.dll+9c534|C:\\windows\\SYSTEM32\\psmserviceexthost.dll+222a3|C:\\windows\\SYSTEM32\\psmserviceexthost.dll+1a172|C:\\windows\\SYSTEM32\\psmserviceexthost.dll+19e3b|C:\\windows\\SYSTEM32\\psmserviceexthost.dll+19318|C:\\windows\\SYSTEM32\\ntdll.dll+3081d|C:\\windows\\SYSTEM32\\ntdll.dll+345b4|C:\\windows\\System32\\KERNEL32.DLL+17bd4|C:\\windows\\SYSTEM32\\ntdll.dll+6ce51","UtcTime":"2020-09-22 18:10:22.751","Hostname":"WORKSTATION5.theshire.local","RuleName":"-","tags":["mordorDataset"]}
