{"tags":["mordorDataset"],"TargetProcessGUID":"{49a15388-5c40-5f2b-4700-000000000400}","@version":"1","EventType":"INFO","Version":3,"ThreadID":4496,"EventTime":"2020-08-06 01:21:00","Task":10,"AccountType":"User","SourceProcessGUID":"{49a15388-5c39-5f2b-1200-000000000400}","CallTrace":"C:\\windows\\SYSTEM32\\ntdll.dll+9c534|C:\\windows\\System32\\KERNELBASE.dll+6a7f5|c:\\windows\\system32\\lsm.dll+f97f|c:\\windows\\system32\\lsm.dll+f7ad|C:\\windows\\System32\\RPCRT4.dll+76953|C:\\windows\\System32\\RPCRT4.dll+da036|C:\\windows\\System32\\RPCRT4.dll+37a4c|C:\\windows\\System32\\RPCRT4.dll+548c8|C:\\windows\\System32\\RPCRT4.dll+2c921|C:\\windows\\System32\\RPCRT4.dll+2c1db|C:\\windows\\System32\\RPCRT4.dll+1a86f|C:\\windows\\System32\\RPCRT4.dll+19d1a|C:\\windows\\System32\\RPCRT4.dll+19301|C:\\windows\\System32\\RPCRT4.dll+18d6e|C:\\windows\\System32\\RPCRT4.dll+169a5|C:\\windows\\SYSTEM32\\ntdll.dll+333ed|C:\\windows\\SYSTEM32\\ntdll.dll+34142|C:\\windows\\System32\\KERNEL32.DLL+17bd4|C:\\windows\\SYSTEM32\\ntdll.dll+6ce51","Channel":"Microsoft-Windows-Sysmon/Operational","SourceName":"Microsoft-Windows-Sysmon","OpcodeValue":0,"Hostname":"WORKSTATION6.theshire.local","@timestamp":"2020-08-06T05:21:00.844Z","Message":"Process accessed:\r\nRuleName: -\r\nUtcTime: 2020-08-06 05:21:00.000\r\nSourceProcessGUID: {49a15388-5c39-5f2b-1200-000000000400}\r\nSourceProcessId: 380\r\nSourceThreadId: 2052\r\nSourceImage: C:\\windows\\system32\\svchost.exe\r\nTargetProcessGUID: {49a15388-5c40-5f2b-4700-000000000400}\r\nTargetProcessId: 3268\r\nTargetImage: C:\\windows\\System32\\svchost.exe\r\nGrantedAccess: 0x1000\r\nCallTrace: C:\\windows\\SYSTEM32\\ntdll.dll+9c534|C:\\windows\\System32\\KERNELBASE.dll+6a7f5|c:\\windows\\system32\\lsm.dll+f97f|c:\\windows\\system32\\lsm.dll+f7ad|C:\\windows\\System32\\RPCRT4.dll+76953|C:\\windows\\System32\\RPCRT4.dll+da036|C:\\windows\\System32\\RPCRT4.dll+37a4c|C:\\windows\\System32\\RPCRT4.dll+548c8|C:\\windows\\System32\\RPCRT4.dll+2c921|C:\\windows\\System32\\RPCRT4.dll+2c1db|C:\\windows\\System32\\RPCRT4.dll+1a86f|C:\\windows\\System32\\RPCRT4.dll+19d1a|C:\\windows\\System32\\RPCRT4.dll+19301|C:\\windows\\System32\\RPCRT4.dll+18d6e|C:\\windows\\System32\\RPCRT4.dll+169a5|C:\\windows\\SYSTEM32\\ntdll.dll+333ed|C:\\windows\\SYSTEM32\\ntdll.dll+34142|C:\\windows\\System32\\KERNEL32.DLL+17bd4|C:\\windows\\SYSTEM32\\ntdll.dll+6ce51","SourceModuleName":"eventlog","ProcessId":"380","SourceImage":"C:\\windows\\system32\\svchost.exe","EventReceivedTime":"2020-08-06 01:21:00","port":60122,"AccountName":"SYSTEM","UtcTime":"2020-08-06 05:21:00.000","GrantedAccess":"0x1000","Domain":"NT AUTHORITY","ExecutionProcessID":3432,"host":"wec.internal.cloudapp.net","SourceProcessId":"380","SourceThreadId":"2052","Severity":"INFO","TargetProcessId":"3268","SeverityValue":2,"EventID":10,"UserID":"S-1-5-18","ProviderGuid":"{5770385F-C22A-43E0-BF4C-06F5698FFBD9}","RecordNumber":297846,"SourceModuleType":"im_msvistalog","Keywords":-9223372036854775808,"TargetImage":"C:\\windows\\System32\\svchost.exe","RuleName":"-"}
{"tags":["mordorDataset"],"TargetProcessGUID":"{49a15388-5c40-5f2b-4700-000000000400}","@version":"1","EventType":"INFO","Version":3,"ThreadID":4496,"EventTime":"2020-08-06 01:21:00","Task":10,"AccountType":"User","SourceProcessGUID":"{49a15388-5c39-5f2b-1200-000000000400}","CallTrace":"C:\\windows\\SYSTEM32\\ntdll.dll+9c534|C:\\windows\\System32\\KERNELBASE.dll+6a7f5|c:\\windows\\system32\\lsm.dll+f6ba|C:\\windows\\System32\\RPCRT4.dll+76953|C:\\windows\\System32\\RPCRT4.dll+da036|C:\\windows\\System32\\RPCRT4.dll+37a4c|C:\\windows\\System32\\RPCRT4.dll+548c8|C:\\windows\\System32\\RPCRT4.dll+2c921|C:\\windows\\System32\\RPCRT4.dll+2c1db|C:\\windows\\System32\\RPCRT4.dll+1a86f|C:\\windows\\System32\\RPCRT4.dll+19d1a|C:\\windows\\System32\\RPCRT4.dll+19301|C:\\windows\\System32\\RPCRT4.dll+18d6e|C:\\windows\\System32\\RPCRT4.dll+169a5|C:\\windows\\SYSTEM32\\ntdll.dll+333ed|C:\\windows\\SYSTEM32\\ntdll.dll+34142|C:\\windows\\System32\\KERNEL32.DLL+17bd4|C:\\windows\\SYSTEM32\\ntdll.dll+6ce51","Channel":"Microsoft-Windows-Sysmon/Operational","SourceName":"Microsoft-Windows-Sysmon","OpcodeValue":0,"Hostname":"WORKSTATION6.theshire.local","@timestamp":"2020-08-06T05:21:00.844Z","Message":"Process accessed:\r\nRuleName: -\r\nUtcTime: 2020-08-06 05:21:00.000\r\nSourceProcessGUID: {49a15388-5c39-5f2b-1200-000000000400}\r\nSourceProcessId: 380\r\nSourceThreadId: 2052\r\nSourceImage: C:\\windows\\system32\\svchost.exe\r\nTargetProcessGUID: {49a15388-5c40-5f2b-4700-000000000400}\r\nTargetProcessId: 3268\r\nTargetImage: C:\\windows\\System32\\svchost.exe\r\nGrantedAccess: 0x1000\r\nCallTrace: C:\\windows\\SYSTEM32\\ntdll.dll+9c534|C:\\windows\\System32\\KERNELBASE.dll+6a7f5|c:\\windows\\system32\\lsm.dll+f6ba|C:\\windows\\System32\\RPCRT4.dll+76953|C:\\windows\\System32\\RPCRT4.dll+da036|C:\\windows\\System32\\RPCRT4.dll+37a4c|C:\\windows\\System32\\RPCRT4.dll+548c8|C:\\windows\\System32\\RPCRT4.dll+2c921|C:\\windows\\System32\\RPCRT4.dll+2c1db|C:\\windows\\System32\\RPCRT4.dll+1a86f|C:\\windows\\System32\\RPCRT4.dll+19d1a|C:\\windows\\System32\\RPCRT4.dll+19301|C:\\windows\\System32\\RPCRT4.dll+18d6e|C:\\windows\\System32\\RPCRT4.dll+169a5|C:\\windows\\SYSTEM32\\ntdll.dll+333ed|C:\\windows\\SYSTEM32\\ntdll.dll+34142|C:\\windows\\System32\\KERNEL32.DLL+17bd4|C:\\windows\\SYSTEM32\\ntdll.dll+6ce51","SourceModuleName":"eventlog","ProcessId":"380","SourceImage":"C:\\windows\\system32\\svchost.exe","EventReceivedTime":"2020-08-06 01:21:00","port":60122,"AccountName":"SYSTEM","UtcTime":"2020-08-06 05:21:00.000","GrantedAccess":"0x1000","Domain":"NT AUTHORITY","ExecutionProcessID":3432,"host":"wec.internal.cloudapp.net","SourceProcessId":"380","SourceThreadId":"2052","Severity":"INFO","TargetProcessId":"3268","SeverityValue":2,"EventID":10,"UserID":"S-1-5-18","ProviderGuid":"{5770385F-C22A-43E0-BF4C-06F5698FFBD9}","RecordNumber":297847,"SourceModuleType":"im_msvistalog","Keywords":-9223372036854775808,"TargetImage":"C:\\windows\\System32\\svchost.exe","RuleName":"-"}
{"tags":["mordorDataset"],"TargetProcessGUID":"{49a15388-5c40-5f2b-4700-000000000400}","@version":"1","EventType":"INFO","Version":3,"ThreadID":4496,"EventTime":"2020-08-06 01:21:00","Task":10,"AccountType":"User","SourceProcessGUID":"{49a15388-5c39-5f2b-1200-000000000400}","CallTrace":"C:\\windows\\SYSTEM32\\ntdll.dll+9c534|C:\\windows\\System32\\KERNELBASE.dll+6a7f5|c:\\windows\\system32\\lsm.dll+f97f|c:\\windows\\system32\\lsm.dll+f7ad|C:\\windows\\System32\\RPCRT4.dll+76953|C:\\windows\\System32\\RPCRT4.dll+da036|C:\\windows\\System32\\RPCRT4.dll+37a4c|C:\\windows\\System32\\RPCRT4.dll+548c8|C:\\windows\\System32\\RPCRT4.dll+2c921|C:\\windows\\System32\\RPCRT4.dll+2c1db|C:\\windows\\System32\\RPCRT4.dll+1a86f|C:\\windows\\System32\\RPCRT4.dll+19d1a|C:\\windows\\System32\\RPCRT4.dll+19301|C:\\windows\\System32\\RPCRT4.dll+18d6e|C:\\windows\\System32\\RPCRT4.dll+169a5|C:\\windows\\SYSTEM32\\ntdll.dll+333ed|C:\\windows\\SYSTEM32\\ntdll.dll+34142|C:\\windows\\System32\\KERNEL32.DLL+17bd4|C:\\windows\\SYSTEM32\\ntdll.dll+6ce51","Channel":"Microsoft-Windows-Sysmon/Operational","SourceName":"Microsoft-Windows-Sysmon","OpcodeValue":0,"Hostname":"WORKSTATION6.theshire.local","@timestamp":"2020-08-06T05:21:00.845Z","Message":"Process accessed:\r\nRuleName: -\r\nUtcTime: 2020-08-06 05:21:00.000\r\nSourceProcessGUID: {49a15388-5c39-5f2b-1200-000000000400}\r\nSourceProcessId: 380\r\nSourceThreadId: 2052\r\nSourceImage: C:\\windows\\system32\\svchost.exe\r\nTargetProcessGUID: {49a15388-5c40-5f2b-4700-000000000400}\r\nTargetProcessId: 3268\r\nTargetImage: C:\\windows\\System32\\svchost.exe\r\nGrantedAccess: 0x1000\r\nCallTrace: C:\\windows\\SYSTEM32\\ntdll.dll+9c534|C:\\windows\\System32\\KERNELBASE.dll+6a7f5|c:\\windows\\system32\\lsm.dll+f97f|c:\\windows\\system32\\lsm.dll+f7ad|C:\\windows\\System32\\RPCRT4.dll+76953|C:\\windows\\System32\\RPCRT4.dll+da036|C:\\windows\\System32\\RPCRT4.dll+37a4c|C:\\windows\\System32\\RPCRT4.dll+548c8|C:\\windows\\System32\\RPCRT4.dll+2c921|C:\\windows\\System32\\RPCRT4.dll+2c1db|C:\\windows\\System32\\RPCRT4.dll+1a86f|C:\\windows\\System32\\RPCRT4.dll+19d1a|C:\\windows\\System32\\RPCRT4.dll+19301|C:\\windows\\System32\\RPCRT4.dll+18d6e|C:\\windows\\System32\\RPCRT4.dll+169a5|C:\\windows\\SYSTEM32\\ntdll.dll+333ed|C:\\windows\\SYSTEM32\\ntdll.dll+34142|C:\\windows\\System32\\KERNEL32.DLL+17bd4|C:\\windows\\SYSTEM32\\ntdll.dll+6ce51","SourceModuleName":"eventlog","ProcessId":"380","SourceImage":"C:\\windows\\system32\\svchost.exe","EventReceivedTime":"2020-08-06 01:21:00","port":60122,"AccountName":"SYSTEM","UtcTime":"2020-08-06 05:21:00.000","GrantedAccess":"0x1000","Domain":"NT AUTHORITY","ExecutionProcessID":3432,"host":"wec.internal.cloudapp.net","SourceProcessId":"380","SourceThreadId":"2052","Severity":"INFO","TargetProcessId":"3268","SeverityValue":2,"EventID":10,"UserID":"S-1-5-18","ProviderGuid":"{5770385F-C22A-43E0-BF4C-06F5698FFBD9}","RecordNumber":297848,"SourceModuleType":"im_msvistalog","Keywords":-9223372036854775808,"TargetImage":"C:\\windows\\System32\\svchost.exe","RuleName":"-"}
{"tags":["mordorDataset"],"TargetProcessGUID":"{49a15388-5c40-5f2b-4700-000000000400}","@version":"1","EventType":"INFO","Version":3,"ThreadID":4496,"EventTime":"2020-08-06 01:21:00","Task":10,"AccountType":"User","SourceProcessGUID":"{49a15388-5c39-5f2b-1200-000000000400}","CallTrace":"C:\\windows\\SYSTEM32\\ntdll.dll+9c534|C:\\windows\\System32\\KERNELBASE.dll+6a7f5|c:\\windows\\system32\\lsm.dll+111b6|C:\\windows\\System32\\RPCRT4.dll+76953|C:\\windows\\System32\\RPCRT4.dll+da036|C:\\windows\\System32\\RPCRT4.dll+37a4c|C:\\windows\\System32\\RPCRT4.dll+548c8|C:\\windows\\System32\\RPCRT4.dll+2c921|C:\\windows\\System32\\RPCRT4.dll+2c1db|C:\\windows\\System32\\RPCRT4.dll+1a86f|C:\\windows\\System32\\RPCRT4.dll+19d1a|C:\\windows\\System32\\RPCRT4.dll+19301|C:\\windows\\System32\\RPCRT4.dll+18d6e|C:\\windows\\System32\\RPCRT4.dll+169a5|C:\\windows\\SYSTEM32\\ntdll.dll+333ed|C:\\windows\\SYSTEM32\\ntdll.dll+34142|C:\\windows\\System32\\KERNEL32.DLL+17bd4|C:\\windows\\SYSTEM32\\ntdll.dll+6ce51","Channel":"Microsoft-Windows-Sysmon/Operational","SourceName":"Microsoft-Windows-Sysmon","OpcodeValue":0,"Hostname":"WORKSTATION6.theshire.local","@timestamp":"2020-08-06T05:21:00.845Z","Message":"Process accessed:\r\nRuleName: -\r\nUtcTime: 2020-08-06 05:21:00.000\r\nSourceProcessGUID: {49a15388-5c39-5f2b-1200-000000000400}\r\nSourceProcessId: 380\r\nSourceThreadId: 1296\r\nSourceImage: C:\\windows\\system32\\svchost.exe\r\nTargetProcessGUID: {49a15388-5c40-5f2b-4700-000000000400}\r\nTargetProcessId: 3268\r\nTargetImage: C:\\windows\\System32\\svchost.exe\r\nGrantedAccess: 0x1000\r\nCallTrace: C:\\windows\\SYSTEM32\\ntdll.dll+9c534|C:\\windows\\System32\\KERNELBASE.dll+6a7f5|c:\\windows\\system32\\lsm.dll+111b6|C:\\windows\\System32\\RPCRT4.dll+76953|C:\\windows\\System32\\RPCRT4.dll+da036|C:\\windows\\System32\\RPCRT4.dll+37a4c|C:\\windows\\System32\\RPCRT4.dll+548c8|C:\\windows\\System32\\RPCRT4.dll+2c921|C:\\windows\\System32\\RPCRT4.dll+2c1db|C:\\windows\\System32\\RPCRT4.dll+1a86f|C:\\windows\\System32\\RPCRT4.dll+19d1a|C:\\windows\\System32\\RPCRT4.dll+19301|C:\\windows\\System32\\RPCRT4.dll+18d6e|C:\\windows\\System32\\RPCRT4.dll+169a5|C:\\windows\\SYSTEM32\\ntdll.dll+333ed|C:\\windows\\SYSTEM32\\ntdll.dll+34142|C:\\windows\\System32\\KERNEL32.DLL+17bd4|C:\\windows\\SYSTEM32\\ntdll.dll+6ce51","SourceModuleName":"eventlog","ProcessId":"380","SourceImage":"C:\\windows\\system32\\svchost.exe","EventReceivedTime":"2020-08-06 01:21:00","port":60122,"AccountName":"SYSTEM","UtcTime":"2020-08-06 05:21:00.000","GrantedAccess":"0x1000","Domain":"NT AUTHORITY","ExecutionProcessID":3432,"host":"wec.internal.cloudapp.net","SourceProcessId":"380","SourceThreadId":"1296","Severity":"INFO","TargetProcessId":"3268","SeverityValue":2,"EventID":10,"UserID":"S-1-5-18","ProviderGuid":"{5770385F-C22A-43E0-BF4C-06F5698FFBD9}","RecordNumber":297849,"SourceModuleType":"im_msvistalog","Keywords":-9223372036854775808,"TargetImage":"C:\\windows\\System32\\svchost.exe","RuleName":"-"}
{"tags":["mordorDataset"],"TargetProcessGUID":"{49a15388-5c3a-5f2b-1600-000000000400}","@version":"1","EventType":"INFO","Version":3,"ThreadID":4496,"EventTime":"2020-08-06 01:21:00","Task":10,"AccountType":"User","SourceProcessGUID":"{49a15388-5c39-5f2b-1200-000000000400}","CallTrace":"C:\\windows\\SYSTEM32\\ntdll.dll+9c534|C:\\windows\\System32\\KERNELBASE.dll+2726e|c:\\windows\\system32\\lsm.dll+1a207|C:\\windows\\System32\\RPCRT4.dll+76953|C:\\windows\\System32\\RPCRT4.dll+da036|C:\\windows\\System32\\RPCRT4.dll+38289|C:\\windows\\System32\\combase.dll+9e2bf|C:\\windows\\System32\\combase.dll+154c3|C:\\windows\\System32\\combase.dll+152b3|C:\\windows\\System32\\combase.dll+a1166|C:\\windows\\System32\\combase.dll+3c3fa|C:\\windows\\System32\\combase.dll+9cdad|C:\\windows\\System32\\combase.dll+52acc|C:\\windows\\System32\\combase.dll+53331|C:\\windows\\System32\\combase.dll+54ad8|C:\\windows\\System32\\RPCRT4.dll+548c8|C:\\windows\\System32\\RPCRT4.dll+2c921|C:\\windows\\System32\\RPCRT4.dll+2c470|C:\\windows\\System32\\RPCRT4.dll+1a6bf|C:\\windows\\System32\\RPCRT4.dll+19d1a|C:\\windows\\System32\\RPCRT4.dll+19301|C:\\windows\\System32\\RPCRT4.dll+18d6e|C:\\windows\\System32\\RPCRT4.dll+169a5|C:\\windows\\SYSTEM32\\ntdll.dll+333ed","Channel":"Microsoft-Windows-Sysmon/Operational","SourceName":"Microsoft-Windows-Sysmon","OpcodeValue":0,"Hostname":"WORKSTATION6.theshire.local","@timestamp":"2020-08-06T05:21:00.845Z","Message":"Process accessed:\r\nRuleName: -\r\nUtcTime: 2020-08-06 05:21:00.000\r\nSourceProcessGUID: {49a15388-5c39-5f2b-1200-000000000400}\r\nSourceProcessId: 380\r\nSourceThreadId: 1296\r\nSourceImage: C:\\windows\\system32\\svchost.exe\r\nTargetProcessGUID: {49a15388-5c3a-5f2b-1600-000000000400}\r\nTargetProcessId: 1048\r\nTargetImage: C:\\windows\\System32\\svchost.exe\r\nGrantedAccess: 0x40\r\nCallTrace: C:\\windows\\SYSTEM32\\ntdll.dll+9c534|C:\\windows\\System32\\KERNELBASE.dll+2726e|c:\\windows\\system32\\lsm.dll+1a207|C:\\windows\\System32\\RPCRT4.dll+76953|C:\\windows\\System32\\RPCRT4.dll+da036|C:\\windows\\System32\\RPCRT4.dll+38289|C:\\windows\\System32\\combase.dll+9e2bf|C:\\windows\\System32\\combase.dll+154c3|C:\\windows\\System32\\combase.dll+152b3|C:\\windows\\System32\\combase.dll+a1166|C:\\windows\\System32\\combase.dll+3c3fa|C:\\windows\\System32\\combase.dll+9cdad|C:\\windows\\System32\\combase.dll+52acc|C:\\windows\\System32\\combase.dll+53331|C:\\windows\\System32\\combase.dll+54ad8|C:\\windows\\System32\\RPCRT4.dll+548c8|C:\\windows\\System32\\RPCRT4.dll+2c921|C:\\windows\\System32\\RPCRT4.dll+2c470|C:\\windows\\System32\\RPCRT4.dll+1a6bf|C:\\windows\\System32\\RPCRT4.dll+19d1a|C:\\windows\\System32\\RPCRT4.dll+19301|C:\\windows\\System32\\RPCRT4.dll+18d6e|C:\\windows\\System32\\RPCRT4.dll+169a5|C:\\windows\\SYSTEM32\\ntdll.dll+333ed","SourceModuleName":"eventlog","ProcessId":"380","SourceImage":"C:\\windows\\system32\\svchost.exe","EventReceivedTime":"2020-08-06 01:21:00","port":60122,"AccountName":"SYSTEM","UtcTime":"2020-08-06 05:21:00.000","GrantedAccess":"0x40","Domain":"NT AUTHORITY","ExecutionProcessID":3432,"host":"wec.internal.cloudapp.net","SourceProcessId":"380","SourceThreadId":"1296","Severity":"INFO","TargetProcessId":"1048","SeverityValue":2,"EventID":10,"UserID":"S-1-5-18","ProviderGuid":"{5770385F-C22A-43E0-BF4C-06F5698FFBD9}","RecordNumber":297850,"SourceModuleType":"im_msvistalog","Keywords":-9223372036854775808,"TargetImage":"C:\\windows\\System32\\svchost.exe","RuleName":"-"}
{"tags":["mordorDataset"],"TargetProcessGUID":"{49a15388-5c40-5f2b-4700-000000000400}","@version":"1","EventType":"INFO","Version":3,"ThreadID":4496,"EventTime":"2020-08-06 01:21:00","Task":10,"AccountType":"User","SourceProcessGUID":"{49a15388-5c39-5f2b-1200-000000000400}","CallTrace":"C:\\windows\\SYSTEM32\\ntdll.dll+9c534|C:\\windows\\System32\\KERNELBASE.dll+6a7f5|c:\\windows\\system32\\lsm.dll+111b6|C:\\windows\\System32\\RPCRT4.dll+76953|C:\\windows\\System32\\RPCRT4.dll+da036|C:\\windows\\System32\\RPCRT4.dll+37a4c|C:\\windows\\System32\\RPCRT4.dll+548c8|C:\\windows\\System32\\RPCRT4.dll+2c921|C:\\windows\\System32\\RPCRT4.dll+2c1db|C:\\windows\\System32\\RPCRT4.dll+1a86f|C:\\windows\\System32\\RPCRT4.dll+19d1a|C:\\windows\\System32\\RPCRT4.dll+19301|C:\\windows\\System32\\RPCRT4.dll+18d6e|C:\\windows\\System32\\RPCRT4.dll+169a5|C:\\windows\\SYSTEM32\\ntdll.dll+333ed|C:\\windows\\SYSTEM32\\ntdll.dll+34142|C:\\windows\\System32\\KERNEL32.DLL+17bd4|C:\\windows\\SYSTEM32\\ntdll.dll+6ce51","Channel":"Microsoft-Windows-Sysmon/Operational","SourceName":"Microsoft-Windows-Sysmon","OpcodeValue":0,"Hostname":"WORKSTATION6.theshire.local","@timestamp":"2020-08-06T05:21:01.841Z","Message":"Process accessed:\r\nRuleName: -\r\nUtcTime: 2020-08-06 05:21:00.000\r\nSourceProcessGUID: {49a15388-5c39-5f2b-1200-000000000400}\r\nSourceProcessId: 380\r\nSourceThreadId: 1296\r\nSourceImage: C:\\windows\\system32\\svchost.exe\r\nTargetProcessGUID: {49a15388-5c40-5f2b-4700-000000000400}\r\nTargetProcessId: 3268\r\nTargetImage: C:\\windows\\System32\\svchost.exe\r\nGrantedAccess: 0x1000\r\nCallTrace: C:\\windows\\SYSTEM32\\ntdll.dll+9c534|C:\\windows\\System32\\KERNELBASE.dll+6a7f5|c:\\windows\\system32\\lsm.dll+111b6|C:\\windows\\System32\\RPCRT4.dll+76953|C:\\windows\\System32\\RPCRT4.dll+da036|C:\\windows\\System32\\RPCRT4.dll+37a4c|C:\\windows\\System32\\RPCRT4.dll+548c8|C:\\windows\\System32\\RPCRT4.dll+2c921|C:\\windows\\System32\\RPCRT4.dll+2c1db|C:\\windows\\System32\\RPCRT4.dll+1a86f|C:\\windows\\System32\\RPCRT4.dll+19d1a|C:\\windows\\System32\\RPCRT4.dll+19301|C:\\windows\\System32\\RPCRT4.dll+18d6e|C:\\windows\\System32\\RPCRT4.dll+169a5|C:\\windows\\SYSTEM32\\ntdll.dll+333ed|C:\\windows\\SYSTEM32\\ntdll.dll+34142|C:\\windows\\System32\\KERNEL32.DLL+17bd4|C:\\windows\\SYSTEM32\\ntdll.dll+6ce51","SourceModuleName":"eventlog","ProcessId":"380","SourceImage":"C:\\windows\\system32\\svchost.exe","EventReceivedTime":"2020-08-06 01:21:01","port":60122,"AccountName":"SYSTEM","UtcTime":"2020-08-06 05:21:00.000","GrantedAccess":"0x1000","Domain":"NT AUTHORITY","ExecutionProcessID":3432,"host":"wec.internal.cloudapp.net","SourceProcessId":"380","SourceThreadId":"1296","Severity":"INFO","TargetProcessId":"3268","SeverityValue":2,"EventID":10,"UserID":"S-1-5-18","ProviderGuid":"{5770385F-C22A-43E0-BF4C-06F5698FFBD9}","RecordNumber":297851,"SourceModuleType":"im_msvistalog","Keywords":-9223372036854775808,"TargetImage":"C:\\windows\\System32\\svchost.exe","RuleName":"-"}
{"tags":["mordorDataset"],"TargetProcessGUID":"{49a15388-5c3a-5f2b-1600-000000000400}","@version":"1","EventType":"INFO","Version":3,"ThreadID":4496,"EventTime":"2020-08-06 01:21:00","Task":10,"AccountType":"User","SourceProcessGUID":"{49a15388-5c39-5f2b-1200-000000000400}","CallTrace":"C:\\windows\\SYSTEM32\\ntdll.dll+9c534|C:\\windows\\System32\\KERNELBASE.dll+2726e|c:\\windows\\system32\\lsm.dll+1a207|C:\\windows\\System32\\RPCRT4.dll+76953|C:\\windows\\System32\\RPCRT4.dll+da036|C:\\windows\\System32\\RPCRT4.dll+38289|C:\\windows\\System32\\combase.dll+9e2bf|C:\\windows\\System32\\combase.dll+154c3|C:\\windows\\System32\\combase.dll+152b3|C:\\windows\\System32\\combase.dll+a1166|C:\\windows\\System32\\combase.dll+3c3fa|C:\\windows\\System32\\combase.dll+9cdad|C:\\windows\\System32\\combase.dll+52acc|C:\\windows\\System32\\combase.dll+53331|C:\\windows\\System32\\combase.dll+54ad8|C:\\windows\\System32\\RPCRT4.dll+548c8|C:\\windows\\System32\\RPCRT4.dll+2c921|C:\\windows\\System32\\RPCRT4.dll+2c470|C:\\windows\\System32\\RPCRT4.dll+1a6bf|C:\\windows\\System32\\RPCRT4.dll+19d1a|C:\\windows\\System32\\RPCRT4.dll+19301|C:\\windows\\System32\\RPCRT4.dll+18d6e|C:\\windows\\System32\\RPCRT4.dll+169a5|C:\\windows\\SYSTEM32\\ntdll.dll+333ed","Channel":"Microsoft-Windows-Sysmon/Operational","SourceName":"Microsoft-Windows-Sysmon","OpcodeValue":0,"Hostname":"WORKSTATION6.theshire.local","@timestamp":"2020-08-06T05:21:01.842Z","Message":"Process accessed:\r\nRuleName: -\r\nUtcTime: 2020-08-06 05:21:00.000\r\nSourceProcessGUID: {49a15388-5c39-5f2b-1200-000000000400}\r\nSourceProcessId: 380\r\nSourceThreadId: 1296\r\nSourceImage: C:\\windows\\system32\\svchost.exe\r\nTargetProcessGUID: {49a15388-5c3a-5f2b-1600-000000000400}\r\nTargetProcessId: 1048\r\nTargetImage: C:\\windows\\System32\\svchost.exe\r\nGrantedAccess: 0x40\r\nCallTrace: C:\\windows\\SYSTEM32\\ntdll.dll+9c534|C:\\windows\\System32\\KERNELBASE.dll+2726e|c:\\windows\\system32\\lsm.dll+1a207|C:\\windows\\System32\\RPCRT4.dll+76953|C:\\windows\\System32\\RPCRT4.dll+da036|C:\\windows\\System32\\RPCRT4.dll+38289|C:\\windows\\System32\\combase.dll+9e2bf|C:\\windows\\System32\\combase.dll+154c3|C:\\windows\\System32\\combase.dll+152b3|C:\\windows\\System32\\combase.dll+a1166|C:\\windows\\System32\\combase.dll+3c3fa|C:\\windows\\System32\\combase.dll+9cdad|C:\\windows\\System32\\combase.dll+52acc|C:\\windows\\System32\\combase.dll+53331|C:\\windows\\System32\\combase.dll+54ad8|C:\\windows\\System32\\RPCRT4.dll+548c8|C:\\windows\\System32\\RPCRT4.dll+2c921|C:\\windows\\System32\\RPCRT4.dll+2c470|C:\\windows\\System32\\RPCRT4.dll+1a6bf|C:\\windows\\System32\\RPCRT4.dll+19d1a|C:\\windows\\System32\\RPCRT4.dll+19301|C:\\windows\\System32\\RPCRT4.dll+18d6e|C:\\windows\\System32\\RPCRT4.dll+169a5|C:\\windows\\SYSTEM32\\ntdll.dll+333ed","SourceModuleName":"eventlog","ProcessId":"380","SourceImage":"C:\\windows\\system32\\svchost.exe","EventReceivedTime":"2020-08-06 01:21:01","port":60122,"AccountName":"SYSTEM","UtcTime":"2020-08-06 05:21:00.000","GrantedAccess":"0x40","Domain":"NT AUTHORITY","ExecutionProcessID":3432,"host":"wec.internal.cloudapp.net","SourceProcessId":"380","SourceThreadId":"1296","Severity":"INFO","TargetProcessId":"1048","SeverityValue":2,"EventID":10,"UserID":"S-1-5-18","ProviderGuid":"{5770385F-C22A-43E0-BF4C-06F5698FFBD9}","RecordNumber":297852,"SourceModuleType":"im_msvistalog","Keywords":-9223372036854775808,"TargetImage":"C:\\windows\\System32\\svchost.exe","RuleName":"-"}
{"tags":["mordorDataset"],"TargetProcessGUID":"{49a15388-5c40-5f2b-4700-000000000400}","@version":"1","EventType":"INFO","Version":3,"ThreadID":4496,"EventTime":"2020-08-06 01:21:00","Task":10,"AccountType":"User","SourceProcessGUID":"{49a15388-5c39-5f2b-1200-000000000400}","CallTrace":"C:\\windows\\SYSTEM32\\ntdll.dll+9c534|C:\\windows\\System32\\KERNELBASE.dll+6a7f5|c:\\windows\\system32\\lsm.dll+111b6|C:\\windows\\System32\\RPCRT4.dll+76953|C:\\windows\\System32\\RPCRT4.dll+da036|C:\\windows\\System32\\RPCRT4.dll+37a4c|C:\\windows\\System32\\RPCRT4.dll+548c8|C:\\windows\\System32\\RPCRT4.dll+2c921|C:\\windows\\System32\\RPCRT4.dll+2c1db|C:\\windows\\System32\\RPCRT4.dll+1a86f|C:\\windows\\System32\\RPCRT4.dll+19d1a|C:\\windows\\System32\\RPCRT4.dll+19301|C:\\windows\\System32\\RPCRT4.dll+18d6e|C:\\windows\\System32\\RPCRT4.dll+169a5|C:\\windows\\SYSTEM32\\ntdll.dll+333ed|C:\\windows\\SYSTEM32\\ntdll.dll+34142|C:\\windows\\System32\\KERNEL32.DLL+17bd4|C:\\windows\\SYSTEM32\\ntdll.dll+6ce51","Channel":"Microsoft-Windows-Sysmon/Operational","SourceName":"Microsoft-Windows-Sysmon","OpcodeValue":0,"Hostname":"WORKSTATION6.theshire.local","@timestamp":"2020-08-06T05:21:01.842Z","Message":"Process accessed:\r\nRuleName: -\r\nUtcTime: 2020-08-06 05:21:00.000\r\nSourceProcessGUID: {49a15388-5c39-5f2b-1200-000000000400}\r\nSourceProcessId: 380\r\nSourceThreadId: 1296\r\nSourceImage: C:\\windows\\system32\\svchost.exe\r\nTargetProcessGUID: {49a15388-5c40-5f2b-4700-000000000400}\r\nTargetProcessId: 3268\r\nTargetImage: C:\\windows\\System32\\svchost.exe\r\nGrantedAccess: 0x1000\r\nCallTrace: C:\\windows\\SYSTEM32\\ntdll.dll+9c534|C:\\windows\\System32\\KERNELBASE.dll+6a7f5|c:\\windows\\system32\\lsm.dll+111b6|C:\\windows\\System32\\RPCRT4.dll+76953|C:\\windows\\System32\\RPCRT4.dll+da036|C:\\windows\\System32\\RPCRT4.dll+37a4c|C:\\windows\\System32\\RPCRT4.dll+548c8|C:\\windows\\System32\\RPCRT4.dll+2c921|C:\\windows\\System32\\RPCRT4.dll+2c1db|C:\\windows\\System32\\RPCRT4.dll+1a86f|C:\\windows\\System32\\RPCRT4.dll+19d1a|C:\\windows\\System32\\RPCRT4.dll+19301|C:\\windows\\System32\\RPCRT4.dll+18d6e|C:\\windows\\System32\\RPCRT4.dll+169a5|C:\\windows\\SYSTEM32\\ntdll.dll+333ed|C:\\windows\\SYSTEM32\\ntdll.dll+34142|C:\\windows\\System32\\KERNEL32.DLL+17bd4|C:\\windows\\SYSTEM32\\ntdll.dll+6ce51","SourceModuleName":"eventlog","ProcessId":"380","SourceImage":"C:\\windows\\system32\\svchost.exe","EventReceivedTime":"2020-08-06 01:21:01","port":60122,"AccountName":"SYSTEM","UtcTime":"2020-08-06 05:21:00.000","GrantedAccess":"0x1000","Domain":"NT AUTHORITY","ExecutionProcessID":3432,"host":"wec.internal.cloudapp.net","SourceProcessId":"380","SourceThreadId":"1296","Severity":"INFO","TargetProcessId":"3268","SeverityValue":2,"EventID":10,"UserID":"S-1-5-18","ProviderGuid":"{5770385F-C22A-43E0-BF4C-06F5698FFBD9}","RecordNumber":297853,"SourceModuleType":"im_msvistalog","Keywords":-9223372036854775808,"TargetImage":"C:\\windows\\System32\\svchost.exe","RuleName":"-"}
{"tags":["mordorDataset"],"TargetProcessGUID":"{49a15388-5c40-5f2b-4700-000000000400}","@version":"1","EventType":"INFO","Version":3,"ThreadID":4496,"EventTime":"2020-08-06 01:21:00","Task":10,"AccountType":"User","SourceProcessGUID":"{49a15388-5c39-5f2b-1200-000000000400}","CallTrace":"C:\\windows\\SYSTEM32\\ntdll.dll+9c534|C:\\windows\\System32\\KERNELBASE.dll+6a7f5|c:\\windows\\system32\\lsm.dll+111b6|C:\\windows\\System32\\RPCRT4.dll+76953|C:\\windows\\System32\\RPCRT4.dll+da036|C:\\windows\\System32\\RPCRT4.dll+37a4c|C:\\windows\\System32\\RPCRT4.dll+548c8|C:\\windows\\System32\\RPCRT4.dll+2c921|C:\\windows\\System32\\RPCRT4.dll+2c1db|C:\\windows\\System32\\RPCRT4.dll+1a86f|C:\\windows\\System32\\RPCRT4.dll+19d1a|C:\\windows\\System32\\RPCRT4.dll+19301|C:\\windows\\System32\\RPCRT4.dll+18d6e|C:\\windows\\System32\\RPCRT4.dll+169a5|C:\\windows\\SYSTEM32\\ntdll.dll+333ed|C:\\windows\\SYSTEM32\\ntdll.dll+34142|C:\\windows\\System32\\KERNEL32.DLL+17bd4|C:\\windows\\SYSTEM32\\ntdll.dll+6ce51","Channel":"Microsoft-Windows-Sysmon/Operational","SourceName":"Microsoft-Windows-Sysmon","OpcodeValue":0,"Hostname":"WORKSTATION6.theshire.local","@timestamp":"2020-08-06T05:21:01.842Z","Message":"Process accessed:\r\nRuleName: -\r\nUtcTime: 2020-08-06 05:21:00.000\r\nSourceProcessGUID: {49a15388-5c39-5f2b-1200-000000000400}\r\nSourceProcessId: 380\r\nSourceThreadId: 1296\r\nSourceImage: C:\\windows\\system32\\svchost.exe\r\nTargetProcessGUID: {49a15388-5c40-5f2b-4700-000000000400}\r\nTargetProcessId: 3268\r\nTargetImage: C:\\windows\\System32\\svchost.exe\r\nGrantedAccess: 0x1000\r\nCallTrace: C:\\windows\\SYSTEM32\\ntdll.dll+9c534|C:\\windows\\System32\\KERNELBASE.dll+6a7f5|c:\\windows\\system32\\lsm.dll+111b6|C:\\windows\\System32\\RPCRT4.dll+76953|C:\\windows\\System32\\RPCRT4.dll+da036|C:\\windows\\System32\\RPCRT4.dll+37a4c|C:\\windows\\System32\\RPCRT4.dll+548c8|C:\\windows\\System32\\RPCRT4.dll+2c921|C:\\windows\\System32\\RPCRT4.dll+2c1db|C:\\windows\\System32\\RPCRT4.dll+1a86f|C:\\windows\\System32\\RPCRT4.dll+19d1a|C:\\windows\\System32\\RPCRT4.dll+19301|C:\\windows\\System32\\RPCRT4.dll+18d6e|C:\\windows\\System32\\RPCRT4.dll+169a5|C:\\windows\\SYSTEM32\\ntdll.dll+333ed|C:\\windows\\SYSTEM32\\ntdll.dll+34142|C:\\windows\\System32\\KERNEL32.DLL+17bd4|C:\\windows\\SYSTEM32\\ntdll.dll+6ce51","SourceModuleName":"eventlog","ProcessId":"380","SourceImage":"C:\\windows\\system32\\svchost.exe","EventReceivedTime":"2020-08-06 01:21:01","port":60122,"AccountName":"SYSTEM","UtcTime":"2020-08-06 05:21:00.000","GrantedAccess":"0x1000","Domain":"NT AUTHORITY","ExecutionProcessID":3432,"host":"wec.internal.cloudapp.net","SourceProcessId":"380","SourceThreadId":"1296","Severity":"INFO","TargetProcessId":"3268","SeverityValue":2,"EventID":10,"UserID":"S-1-5-18","ProviderGuid":"{5770385F-C22A-43E0-BF4C-06F5698FFBD9}","RecordNumber":297854,"SourceModuleType":"im_msvistalog","Keywords":-9223372036854775808,"TargetImage":"C:\\windows\\System32\\svchost.exe","RuleName":"-"}
{"tags":["mordorDataset"],"@version":"1","EventType":"CreateKey","Version":2,"ThreadID":4496,"EventTime":"2020-08-06 01:21:00","Task":12,"AccountType":"User","Channel":"Microsoft-Windows-Sysmon/Operational","EventTypeOrignal":"INFO","SourceName":"Microsoft-Windows-Sysmon","Hostname":"WORKSTATION6.theshire.local","@timestamp":"2020-08-06T05:21:01.843Z","OpcodeValue":0,"Message":"Registry object added or deleted:\r\nRuleName: -\r\nEventType: CreateKey\r\nUtcTime: 2020-08-06 05:21:00.000\r\nProcessGuid: {49a15388-5c40-5f2b-4700-000000000400}\r\nProcessId: 3268\r\nImage: C:\\windows\\System32\\svchost.exe\r\nTargetObject: HKLM\\SOFTWARE\\Microsoft\\Windows\\CurrentVersion\\VFUProvider","SourceModuleName":"eventlog","ProcessId":"3268","EventReceivedTime":"2020-08-06 01:21:01","port":60122,"AccountName":"SYSTEM","UtcTime":"2020-08-06 05:21:00.000","Domain":"NT AUTHORITY","ExecutionProcessID":3432,"host":"wec.internal.cloudapp.net","Severity":"INFO","TargetObject":"HKLM\\SOFTWARE\\Microsoft\\Windows\\CurrentVersion\\VFUProvider","SeverityValue":2,"EventID":12,"UserID":"S-1-5-18","ProviderGuid":"{5770385F-C22A-43E0-BF4C-06F5698FFBD9}","RecordNumber":297855,"Image":"C:\\windows\\System32\\svchost.exe","Keywords":-9223372036854775808,"ProcessGuid":"{49a15388-5c40-5f2b-4700-000000000400}","SourceModuleType":"im_msvistalog","RuleName":"-"}
{"tags":["mordorDataset"],"@version":"1","EventType":"SetValue","Version":2,"ThreadID":4496,"EventTime":"2020-08-06 01:21:00","Task":13,"AccountType":"User","Channel":"Microsoft-Windows-Sysmon/Operational","EventTypeOrignal":"INFO","SourceName":"Microsoft-Windows-Sysmon","Hostname":"WORKSTATION6.theshire.local","@timestamp":"2020-08-06T05:21:01.843Z","OpcodeValue":0,"Message":"Registry value set:\r\nRuleName: -\r\nEventType: SetValue\r\nUtcTime: 2020-08-06 05:21:00.000\r\nProcessGuid: {49a15388-5c40-5f2b-4700-000000000400}\r\nProcessId: 3268\r\nImage: C:\\windows\\System32\\svchost.exe\r\nTargetObject: HKLM\\SOFTWARE\\Microsoft\\Windows\\CurrentVersion\\VFUProvider\\StartTime\r\nDetails: QWORD (0x01d66bb1-0x5eed64f4)","SourceModuleName":"eventlog","ProcessId":"3268","Details":"QWORD (0x01d66bb1-0x5eed64f4)","port":60122,"AccountName":"SYSTEM","EventReceivedTime":"2020-08-06 01:21:01","UtcTime":"2020-08-06 05:21:00.000","Domain":"NT AUTHORITY","ExecutionProcessID":3432,"host":"wec.internal.cloudapp.net","Severity":"INFO","TargetObject":"HKLM\\SOFTWARE\\Microsoft\\Windows\\CurrentVersion\\VFUProvider\\StartTime","SeverityValue":2,"EventID":13,"UserID":"S-1-5-18","ProviderGuid":"{5770385F-C22A-43E0-BF4C-06F5698FFBD9}","RecordNumber":297856,"Image":"C:\\windows\\System32\\svchost.exe","Keywords":-9223372036854775808,"ProcessGuid":"{49a15388-5c40-5f2b-4700-000000000400}","SourceModuleType":"im_msvistalog","RuleName":"-"}
{"tags":["mordorDataset"],"@version":"1","EventType":"INFO","AccountType":"User","ThreadID":4204,"DestinationPortName":"-","DestinationIp":"0:0:0:0:0:0:0:1","SourcePort":"64470","Channel":"Microsoft-Windows-Sysmon/Operational","OpcodeValue":0,"Hostname":"MORDORDC.theshire.local","@timestamp":"2020-08-06T05:21:01.843Z","SourceIp":"0:0:0:0:0:0:0:1","ProcessId":"3532","Initiated":"true","DestinationHostname":"-","host":"wec.internal.cloudapp.net","Severity":"INFO","SourceHostname":"-","SeverityValue":2,"Image":"C:\\Windows\\ADWS\\Microsoft.ActiveDirectory.WebServices.exe","SourceModuleType":"im_msvistalog","Version":5,"EventTime":"2020-08-06 01:20:59","Task":3,"DestinationPort":"389","SourceIsIpv6":"true","SourceName":"Microsoft-Windows-Sysmon","Message":"Network connection detected:\r\nRuleName: -\r\nUtcTime: 2020-08-06 05:20:57.764\r\nProcessGuid: {9f85ce58-59ed-5f2b-4b00-000000000400}\r\nProcessId: 3532\r\nImage: C:\\Windows\\ADWS\\Microsoft.ActiveDirectory.WebServices.exe\r\nUser: NT AUTHORITY\\SYSTEM\r\nProtocol: tcp\r\nInitiated: true\r\nSourceIsIpv6: true\r\nSourceIp: 0:0:0:0:0:0:0:1\r\nSourceHostname: -\r\nSourcePort: 64470\r\nSourcePortName: -\r\nDestinationIsIpv6: true\r\nDestinationIp: 0:0:0:0:0:0:0:1\r\nDestinationHostname: -\r\nDestinationPort: 389\r\nDestinationPortName: -","SourceModuleName":"eventlog","EventReceivedTime":"2020-08-06 01:21:01","port":60122,"AccountName":"SYSTEM","UtcTime":"2020-08-06 05:20:57.764","Domain":"NT AUTHORITY","ExecutionProcessID":3888,"User":"NT AUTHORITY\\SYSTEM","DestinationIsIpv6":"true","SourcePortName":"-","UserID":"S-1-5-18","EventID":3,"ProviderGuid":"{5770385F-C22A-43E0-BF4C-06F5698FFBD9}","RecordNumber":250699,"Keywords":-9223372036854775808,"ProcessGuid":"{9f85ce58-59ed-5f2b-4b00-000000000400}","Protocol":"tcp","RuleName":"-"}
{"tags":["mordorDataset"],"@version":"1","EventType":"INFO","AccountType":"User","ThreadID":4204,"DestinationPortName":"-","DestinationIp":"0:0:0:0:0:0:0:1","SourcePort":"64470","Channel":"Microsoft-Windows-Sysmon/Operational","OpcodeValue":0,"Hostname":"MORDORDC.theshire.local","@timestamp":"2020-08-06T05:21:01.844Z","SourceIp":"0:0:0:0:0:0:0:1","ProcessId":"704","Initiated":"false","DestinationHostname":"-","host":"wec.internal.cloudapp.net","Severity":"INFO","SourceHostname":"-","SeverityValue":2,"Image":"C:\\Windows\\System32\\lsass.exe","SourceModuleType":"im_msvistalog","Version":5,"EventTime":"2020-08-06 01:20:59","Task":3,"DestinationPort":"389","SourceIsIpv6":"true","SourceName":"Microsoft-Windows-Sysmon","Message":"Network connection detected:\r\nRuleName: -\r\nUtcTime: 2020-08-06 05:20:57.765\r\nProcessGuid: {9f85ce58-59d8-5f2b-0c00-000000000400}\r\nProcessId: 704\r\nImage: C:\\Windows\\System32\\lsass.exe\r\nUser: NT AUTHORITY\\SYSTEM\r\nProtocol: tcp\r\nInitiated: false\r\nSourceIsIpv6: true\r\nSourceIp: 0:0:0:0:0:0:0:1\r\nSourceHostname: -\r\nSourcePort: 64470\r\nSourcePortName: -\r\nDestinationIsIpv6: true\r\nDestinationIp: 0:0:0:0:0:0:0:1\r\nDestinationHostname: -\r\nDestinationPort: 389\r\nDestinationPortName: -","SourceModuleName":"eventlog","EventReceivedTime":"2020-08-06 01:21:01","port":60122,"AccountName":"SYSTEM","UtcTime":"2020-08-06 05:20:57.765","Domain":"NT AUTHORITY","ExecutionProcessID":3888,"User":"NT AUTHORITY\\SYSTEM","DestinationIsIpv6":"true","SourcePortName":"-","UserID":"S-1-5-18","EventID":3,"ProviderGuid":"{5770385F-C22A-43E0-BF4C-06F5698FFBD9}","RecordNumber":250700,"Keywords":-9223372036854775808,"ProcessGuid":"{9f85ce58-59d8-5f2b-0c00-000000000400}","Protocol":"tcp","RuleName":"-"}
{"@version":"1","EventType":"INFO","AccountType":"User","ThreadID":4208,"Channel":"Microsoft-Windows-Sysmon/Operational","OpcodeValue":0,"OriginalFileName":"PERFOS.DLL","Hostname":"MORDORDC.theshire.local","@timestamp":"2020-08-06T05:21:01.844Z","ProcessId":"3052","Signed":"true","host":"wec.internal.cloudapp.net","SignatureStatus":"Valid","Severity":"INFO","SeverityValue":2,"Image":"C:\\Windows\\System32\\svchost.exe","SourceModuleType":"im_msvistalog","FileVersion":"10.0.17763.1 (WinBuild.160101.0800)","Version":3,"Company":"Microsoft Corporation","EventTime":"2020-08-06 01:21:00","Task":7,"Signature":"Microsoft Windows","SourceName":"Microsoft-Windows-Sysmon","Message":"Image loaded:\r\nRuleName: -\r\nUtcTime: 2020-08-06 05:21:00.019\r\nProcessGuid: {9f85ce58-5a6a-5f2b-a900-000000000400}\r\nProcessId: 3052\r\nImage: C:\\Windows\\System32\\svchost.exe\r\nImageLoaded: C:\\Windows\\System32\\perfos.dll\r\nFileVersion: 10.0.17763.1 (WinBuild.160101.0800)\r\nDescription: Windows System Performance Objects DLL\r\nProduct: Microsoft® Windows® Operating System\r\nCompany: Microsoft Corporation\r\nOriginalFileName: PERFOS.DLL\r\nHashes: SHA1=3A839A656D9DCEDFCDFDF58AC4D923E387E671B9,MD5=E104BA77D289204B5165BBB27473F037,SHA256=9773FB5BB1A3B0D49EA900A0E840173BE876EC727711678C6A4220DDAE651E9D,IMPHASH=FCF3B3FD2696F782C0B8AB6A6DB4B2B6\r\nSigned: true\r\nSignature: Microsoft Windows\r\nSignatureStatus: Valid","SourceModuleName":"eventlog","ImageLoaded":"C:\\Windows\\System32\\perfos.dll","EventReceivedTime":"2020-08-06 01:21:01","port":60122,"AccountName":"SYSTEM","UtcTime":"2020-08-06 05:21:00.019","Domain":"NT AUTHORITY","ExecutionProcessID":3888,"Hashes":"SHA1=3A839A656D9DCEDFCDFDF58AC4D923E387E671B9,MD5=E104BA77D289204B5165BBB27473F037,SHA256=9773FB5BB1A3B0D49EA900A0E840173BE876EC727711678C6A4220DDAE651E9D,IMPHASH=FCF3B3FD2696F782C0B8AB6A6DB4B2B6","Description":"Windows System Performance Objects DLL","UserID":"S-1-5-18","EventID":7,"Product":"Microsoft® Windows® Operating System","ProviderGuid":"{5770385F-C22A-43E0-BF4C-06F5698FFBD9}","RecordNumber":250701,"Keywords":-9223372036854775808,"ProcessGuid":"{9f85ce58-5a6a-5f2b-a900-000000000400}","tags":["mordorDataset"],"RuleName":"-"}
{"@version":"1","EventType":"AUDIT_SUCCESS","ThreadID":5468,"ObjectName":"ServicesActive","ObjectType":"SC_MANAGER OBJECT","Channel":"Security","OpcodeValue":0,"SubjectDomainName":"NT AUTHORITY","Hostname":"WORKSTATION6.theshire.local","@timestamp":"2020-08-06T05:21:01.844Z","Category":"Other Object Access Events","AccessMask":"0x5","ProcessId":"0x2dc","AccessList":"%%7168\r\n\t\t\t\t%%7170\r\n\t\t\t\t","ProcessName":"C:\\Windows\\System32\\services.exe","ResourceAttributes":"-","host":"wec.internal.cloudapp.net","SubjectUserName":"LOCAL SERVICE","Severity":"INFO","SeverityValue":2,"SourceModuleType":"im_msvistalog","TransactionId":"{00000000-0000-0000-0000-000000000000}","SubjectLogonId":"0x3e5","Version":1,"EventTime":"2020-08-06 01:21:00","Task":12804,"AccessReason":"-","PrivilegeList":"-","SourceName":"Microsoft-Windows-Security-Auditing","Opcode":"Info","Message":"A handle to an object was requested.\r\n\r\nSubject:\r\n\tSecurity ID:\t\tS-1-5-19\r\n\tAccount Name:\t\tLOCAL SERVICE\r\n\tAccount Domain:\t\tNT AUTHORITY\r\n\tLogon ID:\t\t0x3E5\r\n\r\nObject:\r\n\tObject Server:\t\tSC Manager\r\n\tObject Type:\t\tSC_MANAGER OBJECT\r\n\tObject Name:\t\tServicesActive\r\n\tHandle ID:\t\t0x21849e4b7e0\r\n\tResource Attributes:\t-\r\n\r\nProcess Information:\r\n\tProcess ID:\t\t0x2dc\r\n\tProcess Name:\t\tC:\\Windows\\System32\\services.exe\r\n\r\nAccess Request Information:\r\n\tTransaction ID:\t\t{00000000-0000-0000-0000-000000000000}\r\n\tAccesses:\t\tConnect to service controller\r\n\t\t\t\tEnumerate services\r\n\t\t\t\t\r\n\tAccess Reasons:\t\t-\r\n\tAccess Mask:\t\t0x5\r\n\tPrivileges Used for Access Check:\t-\r\n\tRestricted SID Count:\t0","SourceModuleName":"eventlog","EventReceivedTime":"2020-08-06 01:21:01","port":60122,"RestrictedSidCount":"0","ExecutionProcessID":4,"ObjectServer":"SC Manager","SubjectUserSid":"S-1-5-19","HandleId":"0x21849e4b7e0","EventID":4656,"ProviderGuid":"{54849625-5478-4994-A5BA-3E3B0328C30D}","RecordNumber":85675,"Keywords":-9214364837600034816,"tags":["mordorDataset"]}
{"tags":["mordorDataset"],"TargetProcessGUID":"{297bc33e-5c35-5f2b-4700-000000000400}","@version":"1","EventType":"INFO","Version":3,"ThreadID":4364,"EventTime":"2020-08-06 01:21:00","Task":10,"AccountType":"User","SourceProcessGUID":"{297bc33e-5c2f-5f2b-1200-000000000400}","CallTrace":"C:\\windows\\SYSTEM32\\ntdll.dll+9c534|C:\\windows\\System32\\KERNELBASE.dll+6a7f5|c:\\windows\\system32\\lsm.dll+10225|C:\\windows\\System32\\RPCRT4.dll+76953|C:\\windows\\System32\\RPCRT4.dll+da036|C:\\windows\\System32\\RPCRT4.dll+37a4c|C:\\windows\\System32\\RPCRT4.dll+548c8|C:\\windows\\System32\\RPCRT4.dll+2c921|C:\\windows\\System32\\RPCRT4.dll+2c1db|C:\\windows\\System32\\RPCRT4.dll+1a86f|C:\\windows\\System32\\RPCRT4.dll+19d1a|C:\\windows\\System32\\RPCRT4.dll+19301|C:\\windows\\System32\\RPCRT4.dll+18d6e|C:\\windows\\System32\\RPCRT4.dll+169a5|C:\\windows\\SYSTEM32\\ntdll.dll+333ed|C:\\windows\\SYSTEM32\\ntdll.dll+34142|C:\\windows\\System32\\KERNEL32.DLL+17bd4|C:\\windows\\SYSTEM32\\ntdll.dll+6ce51","Channel":"Microsoft-Windows-Sysmon/Operational","SourceName":"Microsoft-Windows-Sysmon","OpcodeValue":0,"Hostname":"WORKSTATION5.theshire.local","@timestamp":"2020-08-06T05:21:01.844Z","Message":"Process accessed:\r\nRuleName: -\r\nUtcTime: 2020-08-06 05:21:00.012\r\nSourceProcessGUID: {297bc33e-5c2f-5f2b-1200-000000000400}\r\nSourceProcessId: 452\r\nSourceThreadId: 1200\r\nSourceImage: C:\\windows\\system32\\svchost.exe\r\nTargetProcessGUID: {297bc33e-5c35-5f2b-4700-000000000400}\r\nTargetProcessId: 3140\r\nTargetImage: C:\\windows\\System32\\svchost.exe\r\nGrantedAccess: 0x1000\r\nCallTrace: C:\\windows\\SYSTEM32\\ntdll.dll+9c534|C:\\windows\\System32\\KERNELBASE.dll+6a7f5|c:\\windows\\system32\\lsm.dll+10225|C:\\windows\\System32\\RPCRT4.dll+76953|C:\\windows\\System32\\RPCRT4.dll+da036|C:\\windows\\System32\\RPCRT4.dll+37a4c|C:\\windows\\System32\\RPCRT4.dll+548c8|C:\\windows\\System32\\RPCRT4.dll+2c921|C:\\windows\\System32\\RPCRT4.dll+2c1db|C:\\windows\\System32\\RPCRT4.dll+1a86f|C:\\windows\\System32\\RPCRT4.dll+19d1a|C:\\windows\\System32\\RPCRT4.dll+19301|C:\\windows\\System32\\RPCRT4.dll+18d6e|C:\\windows\\System32\\RPCRT4.dll+169a5|C:\\windows\\SYSTEM32\\ntdll.dll+333ed|C:\\windows\\SYSTEM32\\ntdll.dll+34142|C:\\windows\\System32\\KERNEL32.DLL+17bd4|C:\\windows\\SYSTEM32\\ntdll.dll+6ce51","SourceModuleName":"eventlog","ProcessId":"452","SourceImage":"C:\\windows\\system32\\svchost.exe","EventReceivedTime":"2020-08-06 01:21:01","port":60122,"AccountName":"SYSTEM","UtcTime":"2020-08-06 05:21:00.012","GrantedAccess":"0x1000","Domain":"NT AUTHORITY","ExecutionProcessID":3284,"host":"wec.internal.cloudapp.net","SourceProcessId":"452","SourceThreadId":"1200","Severity":"INFO","TargetProcessId":"3140","SeverityValue":2,"EventID":10,"UserID":"S-1-5-18","ProviderGuid":"{5770385F-C22A-43E0-BF4C-06F5698FFBD9}","RecordNumber":291214,"SourceModuleType":"im_msvistalog","Keywords":-9223372036854775808,"TargetImage":"C:\\windows\\System32\\svchost.exe","RuleName":"-"}
{"tags":["mordorDataset"],"TargetProcessGUID":"{297bc33e-5c35-5f2b-4700-000000000400}","@version":"1","EventType":"INFO","Version":3,"ThreadID":4364,"EventTime":"2020-08-06 01:21:00","Task":10,"AccountType":"User","SourceProcessGUID":"{297bc33e-5c2f-5f2b-1200-000000000400}","CallTrace":"C:\\windows\\SYSTEM32\\ntdll.dll+9c534|C:\\windows\\System32\\KERNELBASE.dll+6a7f5|c:\\windows\\system32\\lsm.dll+108a0|C:\\windows\\System32\\RPCRT4.dll+76953|C:\\windows\\System32\\RPCRT4.dll+da036|C:\\windows\\System32\\RPCRT4.dll+37a4c|C:\\windows\\System32\\RPCRT4.dll+548c8|C:\\windows\\System32\\RPCRT4.dll+2c921|C:\\windows\\System32\\RPCRT4.dll+2c1db|C:\\windows\\System32\\RPCRT4.dll+1a86f|C:\\windows\\System32\\RPCRT4.dll+19d1a|C:\\windows\\System32\\RPCRT4.dll+19301|C:\\windows\\System32\\RPCRT4.dll+18d6e|C:\\windows\\System32\\RPCRT4.dll+169a5|C:\\windows\\SYSTEM32\\ntdll.dll+333ed|C:\\windows\\SYSTEM32\\ntdll.dll+34142|C:\\windows\\System32\\KERNEL32.DLL+17bd4|C:\\windows\\SYSTEM32\\ntdll.dll+6ce51","Channel":"Microsoft-Windows-Sysmon/Operational","SourceName":"Microsoft-Windows-Sysmon","OpcodeValue":0,"Hostname":"WORKSTATION5.theshire.local","@timestamp":"2020-08-06T05:21:01.845Z","Message":"Process accessed:\r\nRuleName: -\r\nUtcTime: 2020-08-06 05:21:00.012\r\nSourceProcessGUID: {297bc33e-5c2f-5f2b-1200-000000000400}\r\nSourceProcessId: 452\r\nSourceThreadId: 1200\r\nSourceImage: C:\\windows\\system32\\svchost.exe\r\nTargetProcessGUID: {297bc33e-5c35-5f2b-4700-000000000400}\r\nTargetProcessId: 3140\r\nTargetImage: C:\\windows\\System32\\svchost.exe\r\nGrantedAccess: 0x1000\r\nCallTrace: C:\\windows\\SYSTEM32\\ntdll.dll+9c534|C:\\windows\\System32\\KERNELBASE.dll+6a7f5|c:\\windows\\system32\\lsm.dll+108a0|C:\\windows\\System32\\RPCRT4.dll+76953|C:\\windows\\System32\\RPCRT4.dll+da036|C:\\windows\\System32\\RPCRT4.dll+37a4c|C:\\windows\\System32\\RPCRT4.dll+548c8|C:\\windows\\System32\\RPCRT4.dll+2c921|C:\\windows\\System32\\RPCRT4.dll+2c1db|C:\\windows\\System32\\RPCRT4.dll+1a86f|C:\\windows\\System32\\RPCRT4.dll+19d1a|C:\\windows\\System32\\RPCRT4.dll+19301|C:\\windows\\System32\\RPCRT4.dll+18d6e|C:\\windows\\System32\\RPCRT4.dll+169a5|C:\\windows\\SYSTEM32\\ntdll.dll+333ed|C:\\windows\\SYSTEM32\\ntdll.dll+34142|C:\\windows\\System32\\KERNEL32.DLL+17bd4|C:\\windows\\SYSTEM32\\ntdll.dll+6ce51","SourceModuleName":"eventlog","ProcessId":"452","SourceImage":"C:\\windows\\system32\\svchost.exe","EventReceivedTime":"2020-08-06 01:21:01","port":60122,"AccountName":"SYSTEM","UtcTime":"2020-08-06 05:21:00.012","GrantedAccess":"0x1000","Domain":"NT AUTHORITY","ExecutionProcessID":3284,"host":"wec.internal.cloudapp.net","SourceProcessId":"452","SourceThreadId":"1200","Severity":"INFO","TargetProcessId":"3140","SeverityValue":2,"EventID":10,"UserID":"S-1-5-18","ProviderGuid":"{5770385F-C22A-43E0-BF4C-06F5698FFBD9}","RecordNumber":291215,"SourceModuleType":"im_msvistalog","Keywords":-9223372036854775808,"TargetImage":"C:\\windows\\System32\\svchost.exe","RuleName":"-"}
{"tags":["mordorDataset"],"TargetProcessGUID":"{297bc33e-5c35-5f2b-4700-000000000400}","@version":"1","EventType":"INFO","Version":3,"ThreadID":4364,"EventTime":"2020-08-06 01:21:00","Task":10,"AccountType":"User","SourceProcessGUID":"{297bc33e-5c2f-5f2b-1200-000000000400}","CallTrace":"C:\\windows\\SYSTEM32\\ntdll.dll+9c534|C:\\windows\\System32\\KERNELBASE.dll+6a7f5|c:\\windows\\system32\\lsm.dll+106fe|C:\\windows\\System32\\RPCRT4.dll+76953|C:\\windows\\System32\\RPCRT4.dll+da036|C:\\windows\\System32\\RPCRT4.dll+37a4c|C:\\windows\\System32\\RPCRT4.dll+548c8|C:\\windows\\System32\\RPCRT4.dll+2c921|C:\\windows\\System32\\RPCRT4.dll+2c1db|C:\\windows\\System32\\RPCRT4.dll+1a86f|C:\\windows\\System32\\RPCRT4.dll+19d1a|C:\\windows\\System32\\RPCRT4.dll+19301|C:\\windows\\System32\\RPCRT4.dll+18d6e|C:\\windows\\System32\\RPCRT4.dll+169a5|C:\\windows\\SYSTEM32\\ntdll.dll+333ed|C:\\windows\\SYSTEM32\\ntdll.dll+34142|C:\\windows\\System32\\KERNEL32.DLL+17bd4|C:\\windows\\SYSTEM32\\ntdll.dll+6ce51","Channel":"Microsoft-Windows-Sysmon/Operational","SourceName":"Microsoft-Windows-Sysmon","OpcodeValue":0,"Hostname":"WORKSTATION5.theshire.local","@timestamp":"2020-08-06T05:21:01.845Z","Message":"Process accessed:\r\nRuleName: -\r\nUtcTime: 2020-08-06 05:21:00.012\r\nSourceProcessGUID: {297bc33e-5c2f-5f2b-1200-000000000400}\r\nSourceProcessId: 452\r\nSourceThreadId: 1200\r\nSourceImage: C:\\windows\\system32\\svchost.exe\r\nTargetProcessGUID: {297bc33e-5c35-5f2b-4700-000000000400}\r\nTargetProcessId: 3140\r\nTargetImage: C:\\windows\\System32\\svchost.exe\r\nGrantedAccess: 0x1000\r\nCallTrace: C:\\windows\\SYSTEM32\\ntdll.dll+9c534|C:\\windows\\System32\\KERNELBASE.dll+6a7f5|c:\\windows\\system32\\lsm.dll+106fe|C:\\windows\\System32\\RPCRT4.dll+76953|C:\\windows\\System32\\RPCRT4.dll+da036|C:\\windows\\System32\\RPCRT4.dll+37a4c|C:\\windows\\System32\\RPCRT4.dll+548c8|C:\\windows\\System32\\RPCRT4.dll+2c921|C:\\windows\\System32\\RPCRT4.dll+2c1db|C:\\windows\\System32\\RPCRT4.dll+1a86f|C:\\windows\\System32\\RPCRT4.dll+19d1a|C:\\windows\\System32\\RPCRT4.dll+19301|C:\\windows\\System32\\RPCRT4.dll+18d6e|C:\\windows\\System32\\RPCRT4.dll+169a5|C:\\windows\\SYSTEM32\\ntdll.dll+333ed|C:\\windows\\SYSTEM32\\ntdll.dll+34142|C:\\windows\\System32\\KERNEL32.DLL+17bd4|C:\\windows\\SYSTEM32\\ntdll.dll+6ce51","SourceModuleName":"eventlog","ProcessId":"452","SourceImage":"C:\\windows\\system32\\svchost.exe","EventReceivedTime":"2020-08-06 01:21:01","port":60122,"AccountName":"SYSTEM","UtcTime":"2020-08-06 05:21:00.012","GrantedAccess":"0x1000","Domain":"NT AUTHORITY","ExecutionProcessID":3284,"host":"wec.internal.cloudapp.net","SourceProcessId":"452","SourceThreadId":"1200","Severity":"INFO","TargetProcessId":"3140","SeverityValue":2,"EventID":10,"UserID":"S-1-5-18","ProviderGuid":"{5770385F-C22A-43E0-BF4C-06F5698FFBD9}","RecordNumber":291216,"SourceModuleType":"im_msvistalog","Keywords":-9223372036854775808,"TargetImage":"C:\\windows\\System32\\svchost.exe","RuleName":"-"}
