{"RuleName":"-","@timestamp":"2020-10-13T04:26:30.113Z","SignatureStatus":"Valid","Channel":"Microsoft-Windows-Sysmon/Operational","UserID":"S-1-5-18","RecordNumber":205472,"ThreadID":4780,"Image":"C:\\Windows\\System32\\conhost.exe","ProcessId":"3148","Company":"Microsoft Corporation","Version":3,"Hostname":"WORKSTATION6.theshire.local","ImageLoaded":"C:\\Windows\\System32\\cfgmgr32.dll","Description":"Configuration Manager DLL","EventReceivedTime":"2020-10-13 00:26:30","ProviderGuid":"{5770385F-C22A-43E0-BF4C-06F5698FFBD9}","Signed":"true","UtcTime":"2020-10-13 04:26:28.861","port":61041,"Severity":"INFO","tags":["mordorDataset"],"Task":7,"SourceModuleType":"im_msvistalog","OpcodeValue":0,"EventType":"INFO","ExecutionProcessID":3592,"Opcode":"Info","SourceName":"Microsoft-Windows-Sysmon","Product":"Microsoft® Windows® Operating System","Keywords":-9223372036854775808,"FileVersion":"10.0.18362.387 (WinBuild.160101.0800)","EventID":7,"Domain":"NT AUTHORITY","Category":"Image loaded (rule: ImageLoad)","OriginalFileName":"CFGMGR32.DLL","@version":"1","AccountName":"SYSTEM","ProcessGuid":"{37c5a1b2-2c74-5f85-3403-000000000400}","host":"wec.internal.cloudapp.net","Hashes":"SHA1=FA3A718BEED81C7084675E250ADC305677A6B5E4,MD5=3A99A40872AF3B87406CC57DBDF53748,SHA256=96A1DB38C74A81FBA4C4AB29020551364FD1ADA3B6FED789D193C787E757979D,IMPHASH=4B4464C7677B6F07342800F4CF0BA273","SeverityValue":2,"EventTime":"2020-10-13 00:26:28","Message":"Image loaded:\r\nRuleName: -\r\nUtcTime: 2020-10-13 04:26:28.861\r\nProcessGuid: {37c5a1b2-2c74-5f85-3403-000000000400}\r\nProcessId: 3148\r\nImage: C:\\Windows\\System32\\conhost.exe\r\nImageLoaded: C:\\Windows\\System32\\cfgmgr32.dll\r\nFileVersion: 10.0.18362.387 (WinBuild.160101.0800)\r\nDescription: Configuration Manager DLL\r\nProduct: Microsoft® Windows® Operating System\r\nCompany: Microsoft Corporation\r\nOriginalFileName: CFGMGR32.DLL\r\nHashes: SHA1=FA3A718BEED81C7084675E250ADC305677A6B5E4,MD5=3A99A40872AF3B87406CC57DBDF53748,SHA256=96A1DB38C74A81FBA4C4AB29020551364FD1ADA3B6FED789D193C787E757979D,IMPHASH=4B4464C7677B6F07342800F4CF0BA273\r\nSigned: true\r\nSignature: Microsoft Windows\r\nSignatureStatus: Valid","SourceModuleName":"eventlog","AccountType":"User","Signature":"Microsoft Windows"}
{"RuleName":"-","@timestamp":"2020-10-13T04:26:30.113Z","SignatureStatus":"Valid","Channel":"Microsoft-Windows-Sysmon/Operational","UserID":"S-1-5-18","RecordNumber":205473,"ThreadID":4780,"Image":"C:\\Windows\\System32\\conhost.exe","ProcessId":"3148","Company":"Microsoft Corporation","Version":3,"Hostname":"WORKSTATION6.theshire.local","ImageLoaded":"C:\\Windows\\System32\\windows.storage.dll","Description":"Microsoft WinRT Storage API","EventReceivedTime":"2020-10-13 00:26:30","ProviderGuid":"{5770385F-C22A-43E0-BF4C-06F5698FFBD9}","Signed":"true","UtcTime":"2020-10-13 04:26:28.955","port":61041,"Severity":"INFO","tags":["mordorDataset"],"Task":7,"SourceModuleType":"im_msvistalog","OpcodeValue":0,"EventType":"INFO","ExecutionProcessID":3592,"Opcode":"Info","SourceName":"Microsoft-Windows-Sysmon","Product":"Microsoft® Windows® Operating System","Keywords":-9223372036854775808,"FileVersion":"10.0.18362.1082 (WinBuild.160101.0800)","EventID":7,"Domain":"NT AUTHORITY","Category":"Image loaded (rule: ImageLoad)","OriginalFileName":"Windows.Storage.dll","@version":"1","AccountName":"SYSTEM","ProcessGuid":"{37c5a1b2-2c74-5f85-3403-000000000400}","host":"wec.internal.cloudapp.net","Hashes":"SHA1=DF7D0248848C0247FD5F65ABD9799FDA0380C77D,MD5=DDD102204FDCD3FC8DD0AA89CF6609A3,SHA256=49F37639155096444C1B780071B8D63320FD8F8DC1D7CEF7A9031830C4F90968,IMPHASH=BDB3E400A78EE2D42C647E85CD2D827B","SeverityValue":2,"EventTime":"2020-10-13 00:26:28","Message":"Image loaded:\r\nRuleName: -\r\nUtcTime: 2020-10-13 04:26:28.955\r\nProcessGuid: {37c5a1b2-2c74-5f85-3403-000000000400}\r\nProcessId: 3148\r\nImage: C:\\Windows\\System32\\conhost.exe\r\nImageLoaded: C:\\Windows\\System32\\windows.storage.dll\r\nFileVersion: 10.0.18362.1082 (WinBuild.160101.0800)\r\nDescription: Microsoft WinRT Storage API\r\nProduct: Microsoft® Windows® Operating System\r\nCompany: Microsoft Corporation\r\nOriginalFileName: Windows.Storage.dll\r\nHashes: SHA1=DF7D0248848C0247FD5F65ABD9799FDA0380C77D,MD5=DDD102204FDCD3FC8DD0AA89CF6609A3,SHA256=49F37639155096444C1B780071B8D63320FD8F8DC1D7CEF7A9031830C4F90968,IMPHASH=BDB3E400A78EE2D42C647E85CD2D827B\r\nSigned: true\r\nSignature: Microsoft Windows\r\nSignatureStatus: Valid","SourceModuleName":"eventlog","AccountType":"User","Signature":"Microsoft Windows"}
{"RuleName":"-","@timestamp":"2020-10-13T04:26:30.113Z","SignatureStatus":"Valid","Channel":"Microsoft-Windows-Sysmon/Operational","UserID":"S-1-5-18","RecordNumber":205474,"ThreadID":4780,"Image":"C:\\Windows\\System32\\conhost.exe","ProcessId":"3148","Company":"Microsoft Corporation","Version":3,"Hostname":"WORKSTATION6.theshire.local","ImageLoaded":"C:\\Windows\\System32\\profapi.dll","Description":"User Profile Basic API","EventReceivedTime":"2020-10-13 00:26:30","ProviderGuid":"{5770385F-C22A-43E0-BF4C-06F5698FFBD9}","Signed":"true","UtcTime":"2020-10-13 04:26:28.955","port":61041,"Severity":"INFO","tags":["mordorDataset"],"Task":7,"SourceModuleType":"im_msvistalog","OpcodeValue":0,"EventType":"INFO","ExecutionProcessID":3592,"Opcode":"Info","SourceName":"Microsoft-Windows-Sysmon","Product":"Microsoft® Windows® Operating System","Keywords":-9223372036854775808,"FileVersion":"10.0.18362.693 (WinBuild.160101.0800)","EventID":7,"Domain":"NT AUTHORITY","Category":"Image loaded (rule: ImageLoad)","OriginalFileName":"PROFAPI.DLL","@version":"1","AccountName":"SYSTEM","ProcessGuid":"{37c5a1b2-2c74-5f85-3403-000000000400}","host":"wec.internal.cloudapp.net","Hashes":"SHA1=387FC7660AFDEC45CFFB84980EB77D0E787ED31B,MD5=F4862E1CC68687B9D4B245512BDF8383,SHA256=A2DF0AC95B9AA338EB6062BA5739F65BFBA86658546F4C5CAC6045C363F55E24,IMPHASH=192CF98320740B7D296297054A9C3EEA","SeverityValue":2,"EventTime":"2020-10-13 00:26:28","Message":"Image loaded:\r\nRuleName: -\r\nUtcTime: 2020-10-13 04:26:28.955\r\nProcessGuid: {37c5a1b2-2c74-5f85-3403-000000000400}\r\nProcessId: 3148\r\nImage: C:\\Windows\\System32\\conhost.exe\r\nImageLoaded: C:\\Windows\\System32\\profapi.dll\r\nFileVersion: 10.0.18362.693 (WinBuild.160101.0800)\r\nDescription: User Profile Basic API\r\nProduct: Microsoft® Windows® Operating System\r\nCompany: Microsoft Corporation\r\nOriginalFileName: PROFAPI.DLL\r\nHashes: SHA1=387FC7660AFDEC45CFFB84980EB77D0E787ED31B,MD5=F4862E1CC68687B9D4B245512BDF8383,SHA256=A2DF0AC95B9AA338EB6062BA5739F65BFBA86658546F4C5CAC6045C363F55E24,IMPHASH=192CF98320740B7D296297054A9C3EEA\r\nSigned: true\r\nSignature: Microsoft Windows\r\nSignatureStatus: Valid","SourceModuleName":"eventlog","AccountType":"User","Signature":"Microsoft Windows"}
{"RuleName":"-","@timestamp":"2020-10-13T04:26:30.114Z","SignatureStatus":"Valid","Channel":"Microsoft-Windows-Sysmon/Operational","UserID":"S-1-5-18","RecordNumber":205475,"ThreadID":4780,"Image":"C:\\Windows\\System32\\conhost.exe","ProcessId":"3148","Company":"Microsoft Corporation","Version":3,"Hostname":"WORKSTATION6.theshire.local","ImageLoaded":"C:\\Windows\\System32\\powrprof.dll","Description":"Power Profile Helper DLL","EventReceivedTime":"2020-10-13 00:26:30","ProviderGuid":"{5770385F-C22A-43E0-BF4C-06F5698FFBD9}","Signed":"true","UtcTime":"2020-10-13 04:26:28.955","port":61041,"Severity":"INFO","tags":["mordorDataset"],"Task":7,"SourceModuleType":"im_msvistalog","OpcodeValue":0,"EventType":"INFO","ExecutionProcessID":3592,"Opcode":"Info","SourceName":"Microsoft-Windows-Sysmon","Product":"Microsoft® Windows® Operating System","Keywords":-9223372036854775808,"FileVersion":"10.0.18362.1 (WinBuild.160101.0800)","EventID":7,"Domain":"NT AUTHORITY","Category":"Image loaded (rule: ImageLoad)","OriginalFileName":"POWRPROF.DLL","@version":"1","AccountName":"SYSTEM","ProcessGuid":"{37c5a1b2-2c74-5f85-3403-000000000400}","host":"wec.internal.cloudapp.net","Hashes":"SHA1=30D5ADBC0664977C27B65622F514632581C9AF45,MD5=07B027B1E0B775FAE815E487F28137B9,SHA256=21358CE9A416C7F6DB063095102E91F014BDB85B08A4E783E17234792C9B483A,IMPHASH=817FF4748665EB442F0081A91349F764","SeverityValue":2,"EventTime":"2020-10-13 00:26:28","Message":"Image loaded:\r\nRuleName: -\r\nUtcTime: 2020-10-13 04:26:28.955\r\nProcessGuid: {37c5a1b2-2c74-5f85-3403-000000000400}\r\nProcessId: 3148\r\nImage: C:\\Windows\\System32\\conhost.exe\r\nImageLoaded: C:\\Windows\\System32\\powrprof.dll\r\nFileVersion: 10.0.18362.1 (WinBuild.160101.0800)\r\nDescription: Power Profile Helper DLL\r\nProduct: Microsoft® Windows® Operating System\r\nCompany: Microsoft Corporation\r\nOriginalFileName: POWRPROF.DLL\r\nHashes: SHA1=30D5ADBC0664977C27B65622F514632581C9AF45,MD5=07B027B1E0B775FAE815E487F28137B9,SHA256=21358CE9A416C7F6DB063095102E91F014BDB85B08A4E783E17234792C9B483A,IMPHASH=817FF4748665EB442F0081A91349F764\r\nSigned: true\r\nSignature: Microsoft Windows\r\nSignatureStatus: Valid","SourceModuleName":"eventlog","AccountType":"User","Signature":"Microsoft Windows"}
{"RuleName":"-","@timestamp":"2020-10-13T04:26:30.115Z","SignatureStatus":"Valid","Channel":"Microsoft-Windows-Sysmon/Operational","UserID":"S-1-5-18","RecordNumber":205476,"ThreadID":4780,"Image":"C:\\Windows\\System32\\conhost.exe","ProcessId":"3148","Company":"-","Version":3,"Hostname":"WORKSTATION6.theshire.local","ImageLoaded":"C:\\Windows\\System32\\umpdc.dll","Description":"-","EventReceivedTime":"2020-10-13 00:26:30","ProviderGuid":"{5770385F-C22A-43E0-BF4C-06F5698FFBD9}","Signed":"true","UtcTime":"2020-10-13 04:26:28.955","port":61041,"Severity":"INFO","tags":["mordorDataset"],"Task":7,"SourceModuleType":"im_msvistalog","OpcodeValue":0,"EventType":"INFO","ExecutionProcessID":3592,"Opcode":"Info","SourceName":"Microsoft-Windows-Sysmon","Product":"-","Keywords":-9223372036854775808,"FileVersion":"-","EventID":7,"Domain":"NT AUTHORITY","Category":"Image loaded (rule: ImageLoad)","OriginalFileName":"-","@version":"1","AccountName":"SYSTEM","ProcessGuid":"{37c5a1b2-2c74-5f85-3403-000000000400}","host":"wec.internal.cloudapp.net","Hashes":"SHA1=6ABB78FB1614C12E3E9FFF3DE98B0E13E79201D9,MD5=B9A75ED4500DD953DF172FE6F63578E8,SHA256=709B99BA1DFEF6D9B2483F37D242B12F29B1E1ADE13E338B4D7041C55B55204B,IMPHASH=5A0FF5293A05BFEBAE6F2C9C302FC5E7","SeverityValue":2,"EventTime":"2020-10-13 00:26:28","Message":"Image loaded:\r\nRuleName: -\r\nUtcTime: 2020-10-13 04:26:28.955\r\nProcessGuid: {37c5a1b2-2c74-5f85-3403-000000000400}\r\nProcessId: 3148\r\nImage: C:\\Windows\\System32\\conhost.exe\r\nImageLoaded: C:\\Windows\\System32\\umpdc.dll\r\nFileVersion: -\r\nDescription: -\r\nProduct: -\r\nCompany: -\r\nOriginalFileName: -\r\nHashes: SHA1=6ABB78FB1614C12E3E9FFF3DE98B0E13E79201D9,MD5=B9A75ED4500DD953DF172FE6F63578E8,SHA256=709B99BA1DFEF6D9B2483F37D242B12F29B1E1ADE13E338B4D7041C55B55204B,IMPHASH=5A0FF5293A05BFEBAE6F2C9C302FC5E7\r\nSigned: true\r\nSignature: Microsoft Windows\r\nSignatureStatus: Valid","SourceModuleName":"eventlog","AccountType":"User","Signature":"Microsoft Windows"}
{"RuleName":"-","@timestamp":"2020-10-13T04:26:30.115Z","SignatureStatus":"Valid","Channel":"Microsoft-Windows-Sysmon/Operational","UserID":"S-1-5-18","RecordNumber":205477,"ThreadID":4780,"Image":"C:\\Windows\\System32\\conhost.exe","ProcessId":"3148","Company":"Microsoft Corporation","Version":3,"Hostname":"WORKSTATION6.theshire.local","ImageLoaded":"C:\\Windows\\System32\\shlwapi.dll","Description":"Shell Light-weight Utility Library","EventReceivedTime":"2020-10-13 00:26:30","ProviderGuid":"{5770385F-C22A-43E0-BF4C-06F5698FFBD9}","Signed":"true","UtcTime":"2020-10-13 04:26:28.955","port":61041,"Severity":"INFO","tags":["mordorDataset"],"Task":7,"SourceModuleType":"im_msvistalog","OpcodeValue":0,"EventType":"INFO","ExecutionProcessID":3592,"Opcode":"Info","SourceName":"Microsoft-Windows-Sysmon","Product":"Microsoft® Windows® Operating System","Keywords":-9223372036854775808,"FileVersion":"10.0.18362.1 (WinBuild.160101.0800)","EventID":7,"Domain":"NT AUTHORITY","Category":"Image loaded (rule: ImageLoad)","OriginalFileName":"SHLWAPI.DLL","@version":"1","AccountName":"SYSTEM","ProcessGuid":"{37c5a1b2-2c74-5f85-3403-000000000400}","host":"wec.internal.cloudapp.net","Hashes":"SHA1=9074DF3335B785BB00B43AE76ACC66B799118FAE,MD5=BFB85A9022324E41FCEC5011BCB5FD23,SHA256=3CDA144CFB6278DA47267FE1E1FE258716A074C3D3DD8413B259DA7DA1039871,IMPHASH=6659A49ABF33952444C5A7FA22FD9032","SeverityValue":2,"EventTime":"2020-10-13 00:26:28","Message":"Image loaded:\r\nRuleName: -\r\nUtcTime: 2020-10-13 04:26:28.955\r\nProcessGuid: {37c5a1b2-2c74-5f85-3403-000000000400}\r\nProcessId: 3148\r\nImage: C:\\Windows\\System32\\conhost.exe\r\nImageLoaded: C:\\Windows\\System32\\shlwapi.dll\r\nFileVersion: 10.0.18362.1 (WinBuild.160101.0800)\r\nDescription: Shell Light-weight Utility Library\r\nProduct: Microsoft® Windows® Operating System\r\nCompany: Microsoft Corporation\r\nOriginalFileName: SHLWAPI.DLL\r\nHashes: SHA1=9074DF3335B785BB00B43AE76ACC66B799118FAE,MD5=BFB85A9022324E41FCEC5011BCB5FD23,SHA256=3CDA144CFB6278DA47267FE1E1FE258716A074C3D3DD8413B259DA7DA1039871,IMPHASH=6659A49ABF33952444C5A7FA22FD9032\r\nSigned: true\r\nSignature: Microsoft Windows\r\nSignatureStatus: Valid","SourceModuleName":"eventlog","AccountType":"User","Signature":"Microsoft Windows"}
{"RuleName":"-","@timestamp":"2020-10-13T04:26:30.116Z","SignatureStatus":"Valid","Channel":"Microsoft-Windows-Sysmon/Operational","UserID":"S-1-5-18","RecordNumber":205478,"ThreadID":4780,"Image":"C:\\Windows\\System32\\conhost.exe","ProcessId":"3148","Company":"Microsoft Corporation","Version":3,"Hostname":"WORKSTATION6.theshire.local","ImageLoaded":"C:\\Windows\\System32\\kernel.appcore.dll","Description":"AppModel API Host","EventReceivedTime":"2020-10-13 00:26:30","ProviderGuid":"{5770385F-C22A-43E0-BF4C-06F5698FFBD9}","Signed":"true","UtcTime":"2020-10-13 04:26:28.955","port":61041,"Severity":"INFO","tags":["mordorDataset"],"Task":7,"SourceModuleType":"im_msvistalog","OpcodeValue":0,"EventType":"INFO","ExecutionProcessID":3592,"Opcode":"Info","SourceName":"Microsoft-Windows-Sysmon","Product":"Microsoft® Windows® Operating System","Keywords":-9223372036854775808,"FileVersion":"10.0.18362.1 (WinBuild.160101.0800)","EventID":7,"Domain":"NT AUTHORITY","Category":"Image loaded (rule: ImageLoad)","OriginalFileName":"kernel.appcore.dll","@version":"1","AccountName":"SYSTEM","ProcessGuid":"{37c5a1b2-2c74-5f85-3403-000000000400}","host":"wec.internal.cloudapp.net","Hashes":"SHA1=4985EC8C3309DB6CCCCFD4D18423A84E37BEC172,MD5=EDF981437C0FD1B9DBF9EA42CE97CE60,SHA256=42164F81BC8FC2D0A6B71DAA492BE6A6D4785821AA4FDCA27B9273721EDB23D9,IMPHASH=8899216954AA228EAA7E8EEDC31DBC03","SeverityValue":2,"EventTime":"2020-10-13 00:26:28","Message":"Image loaded:\r\nRuleName: -\r\nUtcTime: 2020-10-13 04:26:28.955\r\nProcessGuid: {37c5a1b2-2c74-5f85-3403-000000000400}\r\nProcessId: 3148\r\nImage: C:\\Windows\\System32\\conhost.exe\r\nImageLoaded: C:\\Windows\\System32\\kernel.appcore.dll\r\nFileVersion: 10.0.18362.1 (WinBuild.160101.0800)\r\nDescription: AppModel API Host\r\nProduct: Microsoft® Windows® Operating System\r\nCompany: Microsoft Corporation\r\nOriginalFileName: kernel.appcore.dll\r\nHashes: SHA1=4985EC8C3309DB6CCCCFD4D18423A84E37BEC172,MD5=EDF981437C0FD1B9DBF9EA42CE97CE60,SHA256=42164F81BC8FC2D0A6B71DAA492BE6A6D4785821AA4FDCA27B9273721EDB23D9,IMPHASH=8899216954AA228EAA7E8EEDC31DBC03\r\nSigned: true\r\nSignature: Microsoft Windows\r\nSignatureStatus: Valid","SourceModuleName":"eventlog","AccountType":"User","Signature":"Microsoft Windows"}
{"RuleName":"-","@timestamp":"2020-10-13T04:26:30.116Z","SignatureStatus":"Valid","Channel":"Microsoft-Windows-Sysmon/Operational","UserID":"S-1-5-18","RecordNumber":205479,"ThreadID":4780,"Image":"C:\\Windows\\System32\\conhost.exe","ProcessId":"3148","Company":"Microsoft Corporation","Version":3,"Hostname":"WORKSTATION6.theshire.local","ImageLoaded":"C:\\Windows\\System32\\cryptsp.dll","Description":"Cryptographic Service Provider API","EventReceivedTime":"2020-10-13 00:26:30","ProviderGuid":"{5770385F-C22A-43E0-BF4C-06F5698FFBD9}","Signed":"true","UtcTime":"2020-10-13 04:26:28.955","port":61041,"Severity":"INFO","tags":["mordorDataset"],"Task":7,"SourceModuleType":"im_msvistalog","OpcodeValue":0,"EventType":"INFO","ExecutionProcessID":3592,"Opcode":"Info","SourceName":"Microsoft-Windows-Sysmon","Product":"Microsoft® Windows® Operating System","Keywords":-9223372036854775808,"FileVersion":"10.0.18362.1 (WinBuild.160101.0800)","EventID":7,"Domain":"NT AUTHORITY","Category":"Image loaded (rule: ImageLoad)","OriginalFileName":"cryptsp.dll","@version":"1","AccountName":"SYSTEM","ProcessGuid":"{37c5a1b2-2c74-5f85-3403-000000000400}","host":"wec.internal.cloudapp.net","Hashes":"SHA1=90F229FB5DB52DF3604195B10C48E946684929ED,MD5=ACE18C6797090A1AA259BB8713917F98,SHA256=F5E118F67745792909973717FAE1F9FE68B2619332A4451AD04E0C9072B8D605,IMPHASH=A9B9D04D0B53DC48ABB37BE77AD01B55","SeverityValue":2,"EventTime":"2020-10-13 00:26:28","Message":"Image loaded:\r\nRuleName: -\r\nUtcTime: 2020-10-13 04:26:28.955\r\nProcessGuid: {37c5a1b2-2c74-5f85-3403-000000000400}\r\nProcessId: 3148\r\nImage: C:\\Windows\\System32\\conhost.exe\r\nImageLoaded: C:\\Windows\\System32\\cryptsp.dll\r\nFileVersion: 10.0.18362.1 (WinBuild.160101.0800)\r\nDescription: Cryptographic Service Provider API\r\nProduct: Microsoft® Windows® Operating System\r\nCompany: Microsoft Corporation\r\nOriginalFileName: cryptsp.dll\r\nHashes: SHA1=90F229FB5DB52DF3604195B10C48E946684929ED,MD5=ACE18C6797090A1AA259BB8713917F98,SHA256=F5E118F67745792909973717FAE1F9FE68B2619332A4451AD04E0C9072B8D605,IMPHASH=A9B9D04D0B53DC48ABB37BE77AD01B55\r\nSigned: true\r\nSignature: Microsoft Windows\r\nSignatureStatus: Valid","SourceModuleName":"eventlog","AccountType":"User","Signature":"Microsoft Windows"}
{"RuleName":"-","@timestamp":"2020-10-13T04:26:30.117Z","SignatureStatus":"Valid","Channel":"Microsoft-Windows-Sysmon/Operational","UserID":"S-1-5-18","RecordNumber":205480,"ThreadID":4780,"Image":"C:\\Windows\\System32\\conhost.exe","ProcessId":"3148","Company":"Microsoft Corporation","Version":3,"Hostname":"WORKSTATION6.theshire.local","ImageLoaded":"C:\\Windows\\System32\\uxtheme.dll","Description":"Microsoft UxTheme Library","EventReceivedTime":"2020-10-13 00:26:30","ProviderGuid":"{5770385F-C22A-43E0-BF4C-06F5698FFBD9}","Signed":"true","UtcTime":"2020-10-13 04:26:28.971","port":61041,"Severity":"INFO","tags":["mordorDataset"],"Task":7,"SourceModuleType":"im_msvistalog","OpcodeValue":0,"EventType":"INFO","ExecutionProcessID":3592,"Opcode":"Info","SourceName":"Microsoft-Windows-Sysmon","Product":"Microsoft® Windows® Operating System","Keywords":-9223372036854775808,"FileVersion":"10.0.18362.449 (WinBuild.160101.0800)","EventID":7,"Domain":"NT AUTHORITY","Category":"Image loaded (rule: ImageLoad)","OriginalFileName":"UxTheme.dll","@version":"1","AccountName":"SYSTEM","ProcessGuid":"{37c5a1b2-2c74-5f85-3403-000000000400}","host":"wec.internal.cloudapp.net","Hashes":"SHA1=62956D6FAEB4EC8EA54315A8E3CC15F06165AD57,MD5=3C9D22CAE173AD19806B6A016CD4CC28,SHA256=D95E7D07EA46D7D2AEFA01CD0A64CF266BE26D40FA6BE42F7CF60F6DEB8FBAF3,IMPHASH=64BAD10B75B987F62BF08E1852DE4022","SeverityValue":2,"EventTime":"2020-10-13 00:26:28","Message":"Image loaded:\r\nRuleName: -\r\nUtcTime: 2020-10-13 04:26:28.971\r\nProcessGuid: {37c5a1b2-2c74-5f85-3403-000000000400}\r\nProcessId: 3148\r\nImage: C:\\Windows\\System32\\conhost.exe\r\nImageLoaded: C:\\Windows\\System32\\uxtheme.dll\r\nFileVersion: 10.0.18362.449 (WinBuild.160101.0800)\r\nDescription: Microsoft UxTheme Library\r\nProduct: Microsoft® Windows® Operating System\r\nCompany: Microsoft Corporation\r\nOriginalFileName: UxTheme.dll\r\nHashes: SHA1=62956D6FAEB4EC8EA54315A8E3CC15F06165AD57,MD5=3C9D22CAE173AD19806B6A016CD4CC28,SHA256=D95E7D07EA46D7D2AEFA01CD0A64CF266BE26D40FA6BE42F7CF60F6DEB8FBAF3,IMPHASH=64BAD10B75B987F62BF08E1852DE4022\r\nSigned: true\r\nSignature: Microsoft Windows\r\nSignatureStatus: Valid","SourceModuleName":"eventlog","AccountType":"User","Signature":"Microsoft Windows"}
{"RuleName":"-","@timestamp":"2020-10-13T04:26:30.117Z","SignatureStatus":"Valid","Channel":"Microsoft-Windows-Sysmon/Operational","UserID":"S-1-5-18","RecordNumber":205481,"ThreadID":4780,"Image":"C:\\Windows\\System32\\conhost.exe","ProcessId":"3148","Company":"Microsoft Corporation","Version":3,"Hostname":"WORKSTATION6.theshire.local","ImageLoaded":"C:\\Windows\\System32\\dwmapi.dll","Description":"Microsoft Desktop Window Manager API","EventReceivedTime":"2020-10-13 00:26:30","ProviderGuid":"{5770385F-C22A-43E0-BF4C-06F5698FFBD9}","Signed":"true","UtcTime":"2020-10-13 04:26:28.971","port":61041,"Severity":"INFO","tags":["mordorDataset"],"Task":7,"SourceModuleType":"im_msvistalog","OpcodeValue":0,"EventType":"INFO","ExecutionProcessID":3592,"Opcode":"Info","SourceName":"Microsoft-Windows-Sysmon","Product":"Microsoft® Windows® Operating System","Keywords":-9223372036854775808,"FileVersion":"10.0.18362.267 (WinBuild.160101.0800)","EventID":7,"Domain":"NT AUTHORITY","Category":"Image loaded (rule: ImageLoad)","OriginalFileName":"dwmapi.dll","@version":"1","AccountName":"SYSTEM","ProcessGuid":"{37c5a1b2-2c74-5f85-3403-000000000400}","host":"wec.internal.cloudapp.net","Hashes":"SHA1=90B9C077F6C32ED99A95B2CB94DA89666BE4C04F,MD5=8EAACFF9140F8CAD88F4BF8B688B7668,SHA256=C1C65F4C88B6E679C029052D4C7693F00DE584E6A39C756653AA3A4074BA4264,IMPHASH=49F72522BEF9259B786A65BB1E8609C5","SeverityValue":2,"EventTime":"2020-10-13 00:26:28","Message":"Image loaded:\r\nRuleName: -\r\nUtcTime: 2020-10-13 04:26:28.971\r\nProcessGuid: {37c5a1b2-2c74-5f85-3403-000000000400}\r\nProcessId: 3148\r\nImage: C:\\Windows\\System32\\conhost.exe\r\nImageLoaded: C:\\Windows\\System32\\dwmapi.dll\r\nFileVersion: 10.0.18362.267 (WinBuild.160101.0800)\r\nDescription: Microsoft Desktop Window Manager API\r\nProduct: Microsoft® Windows® Operating System\r\nCompany: Microsoft Corporation\r\nOriginalFileName: dwmapi.dll\r\nHashes: SHA1=90B9C077F6C32ED99A95B2CB94DA89666BE4C04F,MD5=8EAACFF9140F8CAD88F4BF8B688B7668,SHA256=C1C65F4C88B6E679C029052D4C7693F00DE584E6A39C756653AA3A4074BA4264,IMPHASH=49F72522BEF9259B786A65BB1E8609C5\r\nSigned: true\r\nSignature: Microsoft Windows\r\nSignatureStatus: Valid","SourceModuleName":"eventlog","AccountType":"User","Signature":"Microsoft Windows"}
{"RuleName":"-","@timestamp":"2020-10-13T04:26:30.118Z","SignatureStatus":"Valid","Channel":"Microsoft-Windows-Sysmon/Operational","UserID":"S-1-5-18","RecordNumber":205482,"ThreadID":4780,"Image":"C:\\Windows\\System32\\conhost.exe","ProcessId":"3148","Company":"Microsoft Corporation","Version":3,"Hostname":"WORKSTATION6.theshire.local","ImageLoaded":"C:\\Windows\\System32\\clbcatq.dll","Description":"COM+ Configuration Catalog","EventReceivedTime":"2020-10-13 00:26:30","ProviderGuid":"{5770385F-C22A-43E0-BF4C-06F5698FFBD9}","Signed":"true","UtcTime":"2020-10-13 04:26:28.971","port":61041,"Severity":"INFO","tags":["mordorDataset"],"Task":7,"SourceModuleType":"im_msvistalog","OpcodeValue":0,"EventType":"INFO","ExecutionProcessID":3592,"Opcode":"Info","SourceName":"Microsoft-Windows-Sysmon","Product":"Microsoft® Windows® Operating System","Keywords":-9223372036854775808,"FileVersion":"2001.12.10941.16384 (WinBuild.160101.0800)","EventID":7,"Domain":"NT AUTHORITY","Category":"Image loaded (rule: ImageLoad)","OriginalFileName":"CLBCATQ.DLL","@version":"1","AccountName":"SYSTEM","ProcessGuid":"{37c5a1b2-2c74-5f85-3403-000000000400}","host":"wec.internal.cloudapp.net","Hashes":"SHA1=7DE7C7E87CFA639E8C4DF269E38FB69A391D6790,MD5=4B179D7C6AA9424831847BA6BACDB260,SHA256=F0541B07D7B00C8D09BC72DF7E2D974F83482E42CD88B4E8260B832B7A71682E,IMPHASH=70F94828FF194145825265FE7BA88C95","SeverityValue":2,"EventTime":"2020-10-13 00:26:28","Message":"Image loaded:\r\nRuleName: -\r\nUtcTime: 2020-10-13 04:26:28.971\r\nProcessGuid: {37c5a1b2-2c74-5f85-3403-000000000400}\r\nProcessId: 3148\r\nImage: C:\\Windows\\System32\\conhost.exe\r\nImageLoaded: C:\\Windows\\System32\\clbcatq.dll\r\nFileVersion: 2001.12.10941.16384 (WinBuild.160101.0800)\r\nDescription: COM+ Configuration Catalog\r\nProduct: Microsoft® Windows® Operating System\r\nCompany: Microsoft Corporation\r\nOriginalFileName: CLBCATQ.DLL\r\nHashes: SHA1=7DE7C7E87CFA639E8C4DF269E38FB69A391D6790,MD5=4B179D7C6AA9424831847BA6BACDB260,SHA256=F0541B07D7B00C8D09BC72DF7E2D974F83482E42CD88B4E8260B832B7A71682E,IMPHASH=70F94828FF194145825265FE7BA88C95\r\nSigned: true\r\nSignature: Microsoft Windows\r\nSignatureStatus: Valid","SourceModuleName":"eventlog","AccountType":"User","Signature":"Microsoft Windows"}
{"RuleName":"-","@timestamp":"2020-10-13T04:26:30.118Z","SignatureStatus":"Valid","Channel":"Microsoft-Windows-Sysmon/Operational","UserID":"S-1-5-18","RecordNumber":205483,"ThreadID":4780,"Image":"C:\\Windows\\System32\\conhost.exe","ProcessId":"3148","Company":"Microsoft Corporation","Version":3,"Hostname":"WORKSTATION6.theshire.local","ImageLoaded":"C:\\Windows\\System32\\msctf.dll","Description":"MSCTF Server DLL","EventReceivedTime":"2020-10-13 00:26:30","ProviderGuid":"{5770385F-C22A-43E0-BF4C-06F5698FFBD9}","Signed":"true","UtcTime":"2020-10-13 04:26:28.971","port":61041,"Severity":"INFO","tags":["mordorDataset"],"Task":7,"SourceModuleType":"im_msvistalog","OpcodeValue":0,"EventType":"INFO","ExecutionProcessID":3592,"Opcode":"Info","SourceName":"Microsoft-Windows-Sysmon","Product":"Microsoft® Windows® Operating System","Keywords":-9223372036854775808,"FileVersion":"10.0.18362.1082 (WinBuild.160101.0800)","EventID":7,"Domain":"NT AUTHORITY","Category":"Image loaded (rule: ImageLoad)","OriginalFileName":"MSCTF.DLL","@version":"1","AccountName":"SYSTEM","ProcessGuid":"{37c5a1b2-2c74-5f85-3403-000000000400}","host":"wec.internal.cloudapp.net","Hashes":"SHA1=FE308879F52BBD618C26A3F83B7430711F929C7E,MD5=A547F666E0B13E7C19056B4F3D569DD1,SHA256=7FA21D15D8B7D863723A8C6BDBC427F2D250F7D23DC5DCA7F5AB4D691467BE81,IMPHASH=3394C851B3DDD901E4DD49D35B8D5B43","SeverityValue":2,"EventTime":"2020-10-13 00:26:28","Message":"Image loaded:\r\nRuleName: -\r\nUtcTime: 2020-10-13 04:26:28.971\r\nProcessGuid: {37c5a1b2-2c74-5f85-3403-000000000400}\r\nProcessId: 3148\r\nImage: C:\\Windows\\System32\\conhost.exe\r\nImageLoaded: C:\\Windows\\System32\\msctf.dll\r\nFileVersion: 10.0.18362.1082 (WinBuild.160101.0800)\r\nDescription: MSCTF Server DLL\r\nProduct: Microsoft® Windows® Operating System\r\nCompany: Microsoft Corporation\r\nOriginalFileName: MSCTF.DLL\r\nHashes: SHA1=FE308879F52BBD618C26A3F83B7430711F929C7E,MD5=A547F666E0B13E7C19056B4F3D569DD1,SHA256=7FA21D15D8B7D863723A8C6BDBC427F2D250F7D23DC5DCA7F5AB4D691467BE81,IMPHASH=3394C851B3DDD901E4DD49D35B8D5B43\r\nSigned: true\r\nSignature: Microsoft Windows\r\nSignatureStatus: Valid","SourceModuleName":"eventlog","AccountType":"User","Signature":"Microsoft Windows"}
{"RuleName":"-","@timestamp":"2020-10-13T04:26:30.119Z","SignatureStatus":"Valid","Channel":"Microsoft-Windows-Sysmon/Operational","UserID":"S-1-5-18","RecordNumber":205484,"ThreadID":4780,"Image":"C:\\Windows\\System32\\conhost.exe","ProcessId":"3148","Company":"Microsoft Corporation","Version":3,"Hostname":"WORKSTATION6.theshire.local","ImageLoaded":"C:\\Windows\\System32\\oleaut32.dll","Description":"OLEAUT32.DLL","EventReceivedTime":"2020-10-13 00:26:30","ProviderGuid":"{5770385F-C22A-43E0-BF4C-06F5698FFBD9}","Signed":"true","UtcTime":"2020-10-13 04:26:28.971","port":61041,"Severity":"INFO","tags":["mordorDataset"],"Task":7,"SourceModuleType":"im_msvistalog","OpcodeValue":0,"EventType":"INFO","ExecutionProcessID":3592,"Opcode":"Info","SourceName":"Microsoft-Windows-Sysmon","Product":"Microsoft® Windows® Operating System","Keywords":-9223372036854775808,"FileVersion":"10.0.18362.959 (WinBuild.160101.0800)","EventID":7,"Domain":"NT AUTHORITY","Category":"Image loaded (rule: ImageLoad)","OriginalFileName":"OLEAUT32.DLL","@version":"1","AccountName":"SYSTEM","ProcessGuid":"{37c5a1b2-2c74-5f85-3403-000000000400}","host":"wec.internal.cloudapp.net","Hashes":"SHA1=EF5BE564B84A7DE92B12ACBCD69D5F580FABCD89,MD5=9EE967CF9B388C7FAAEC9F04700EB47B,SHA256=CF34BADD43D9E69CA9F01352C4D89C9FD9F4AB53832B1589215A8544462F346D,IMPHASH=F010E2DB51A2E86CCF6052A1ACC0854F","SeverityValue":2,"EventTime":"2020-10-13 00:26:28","Message":"Image loaded:\r\nRuleName: -\r\nUtcTime: 2020-10-13 04:26:28.971\r\nProcessGuid: {37c5a1b2-2c74-5f85-3403-000000000400}\r\nProcessId: 3148\r\nImage: C:\\Windows\\System32\\conhost.exe\r\nImageLoaded: C:\\Windows\\System32\\oleaut32.dll\r\nFileVersion: 10.0.18362.959 (WinBuild.160101.0800)\r\nDescription: OLEAUT32.DLL\r\nProduct: Microsoft® Windows® Operating System\r\nCompany: Microsoft Corporation\r\nOriginalFileName: OLEAUT32.DLL\r\nHashes: SHA1=EF5BE564B84A7DE92B12ACBCD69D5F580FABCD89,MD5=9EE967CF9B388C7FAAEC9F04700EB47B,SHA256=CF34BADD43D9E69CA9F01352C4D89C9FD9F4AB53832B1589215A8544462F346D,IMPHASH=F010E2DB51A2E86CCF6052A1ACC0854F\r\nSigned: true\r\nSignature: Microsoft Windows\r\nSignatureStatus: Valid","SourceModuleName":"eventlog","AccountType":"User","Signature":"Microsoft Windows"}
{"RuleName":"-","@timestamp":"2020-10-13T04:26:30.119Z","SignatureStatus":"Valid","Channel":"Microsoft-Windows-Sysmon/Operational","UserID":"S-1-5-18","RecordNumber":205485,"ThreadID":4780,"Image":"C:\\Windows\\System32\\conhost.exe","ProcessId":"3148","Company":"Microsoft Corporation","Version":3,"Hostname":"WORKSTATION6.theshire.local","ImageLoaded":"C:\\Windows\\System32\\imm32.dll","Description":"Multi-User Windows IMM32 API Client DLL","EventReceivedTime":"2020-10-13 00:26:30","ProviderGuid":"{5770385F-C22A-43E0-BF4C-06F5698FFBD9}","Signed":"true","UtcTime":"2020-10-13 04:26:28.971","port":61041,"Severity":"INFO","tags":["mordorDataset"],"Task":7,"SourceModuleType":"im_msvistalog","OpcodeValue":0,"EventType":"INFO","ExecutionProcessID":3592,"Opcode":"Info","SourceName":"Microsoft-Windows-Sysmon","Product":"Microsoft® Windows® Operating System","Keywords":-9223372036854775808,"FileVersion":"10.0.18362.387 (WinBuild.160101.0800)","EventID":7,"Domain":"NT AUTHORITY","Category":"Image loaded (rule: ImageLoad)","OriginalFileName":"imm32","@version":"1","AccountName":"SYSTEM","ProcessGuid":"{37c5a1b2-2c74-5f85-3403-000000000400}","host":"wec.internal.cloudapp.net","Hashes":"SHA1=76BB2AB8D3CB6DB6D23F4771334C9AA9C231B03A,MD5=025CC332EDC4B1A38290F3E36BCEF4FB,SHA256=0FE3C1C575EA1B0257B2EB12527EC35E3004CD88EA5BAEC7095386A9F9EB70AD,IMPHASH=24F54B6761C10BA12481CF6C780605BF","SeverityValue":2,"EventTime":"2020-10-13 00:26:28","Message":"Image loaded:\r\nRuleName: -\r\nUtcTime: 2020-10-13 04:26:28.971\r\nProcessGuid: {37c5a1b2-2c74-5f85-3403-000000000400}\r\nProcessId: 3148\r\nImage: C:\\Windows\\System32\\conhost.exe\r\nImageLoaded: C:\\Windows\\System32\\imm32.dll\r\nFileVersion: 10.0.18362.387 (WinBuild.160101.0800)\r\nDescription: Multi-User Windows IMM32 API Client DLL\r\nProduct: Microsoft® Windows® Operating System\r\nCompany: Microsoft Corporation\r\nOriginalFileName: imm32\r\nHashes: SHA1=76BB2AB8D3CB6DB6D23F4771334C9AA9C231B03A,MD5=025CC332EDC4B1A38290F3E36BCEF4FB,SHA256=0FE3C1C575EA1B0257B2EB12527EC35E3004CD88EA5BAEC7095386A9F9EB70AD,IMPHASH=24F54B6761C10BA12481CF6C780605BF\r\nSigned: true\r\nSignature: Microsoft Windows\r\nSignatureStatus: Valid","SourceModuleName":"eventlog","AccountType":"User","Signature":"Microsoft Windows"}
{"RuleName":"-","@timestamp":"2020-10-13T04:26:30.120Z","SignatureStatus":"Valid","Channel":"Microsoft-Windows-Sysmon/Operational","UserID":"S-1-5-18","RecordNumber":205486,"ThreadID":4780,"Image":"C:\\Windows\\System32\\conhost.exe","ProcessId":"3148","Company":"Microsoft Corporation","Version":3,"Hostname":"WORKSTATION6.theshire.local","ImageLoaded":"C:\\Windows\\System32\\ole32.dll","Description":"Microsoft OLE for Windows","EventReceivedTime":"2020-10-13 00:26:30","ProviderGuid":"{5770385F-C22A-43E0-BF4C-06F5698FFBD9}","Signed":"true","UtcTime":"2020-10-13 04:26:28.971","port":61041,"Severity":"INFO","tags":["mordorDataset"],"Task":7,"SourceModuleType":"im_msvistalog","OpcodeValue":0,"EventType":"INFO","ExecutionProcessID":3592,"Opcode":"Info","SourceName":"Microsoft-Windows-Sysmon","Product":"Microsoft® Windows® Operating System","Keywords":-9223372036854775808,"FileVersion":"10.0.18362.1082 (WinBuild.160101.0800)","EventID":7,"Domain":"NT AUTHORITY","Category":"Image loaded (rule: ImageLoad)","OriginalFileName":"OLE32.DLL","@version":"1","AccountName":"SYSTEM","ProcessGuid":"{37c5a1b2-2c74-5f85-3403-000000000400}","host":"wec.internal.cloudapp.net","Hashes":"SHA1=C7BA959197D19EC7C8F7707B0D8BBE77E80A9DBE,MD5=D3BAA65CBCA982E5835AE33C2C7513E9,SHA256=56D18A442AD599B04C29D98AB9E2A1983959FB74AB27D4392667A975310754E8,IMPHASH=C908A257ACFAF3BDE15426EE5244D1EB","SeverityValue":2,"EventTime":"2020-10-13 00:26:28","Message":"Image loaded:\r\nRuleName: -\r\nUtcTime: 2020-10-13 04:26:28.971\r\nProcessGuid: {37c5a1b2-2c74-5f85-3403-000000000400}\r\nProcessId: 3148\r\nImage: C:\\Windows\\System32\\conhost.exe\r\nImageLoaded: C:\\Windows\\System32\\ole32.dll\r\nFileVersion: 10.0.18362.1082 (WinBuild.160101.0800)\r\nDescription: Microsoft OLE for Windows\r\nProduct: Microsoft® Windows® Operating System\r\nCompany: Microsoft Corporation\r\nOriginalFileName: OLE32.DLL\r\nHashes: SHA1=C7BA959197D19EC7C8F7707B0D8BBE77E80A9DBE,MD5=D3BAA65CBCA982E5835AE33C2C7513E9,SHA256=56D18A442AD599B04C29D98AB9E2A1983959FB74AB27D4392667A975310754E8,IMPHASH=C908A257ACFAF3BDE15426EE5244D1EB\r\nSigned: true\r\nSignature: Microsoft Windows\r\nSignatureStatus: Valid","SourceModuleName":"eventlog","AccountType":"User","Signature":"Microsoft Windows"}
{"RuleName":"-","@timestamp":"2020-10-13T04:26:30.120Z","SignatureStatus":"Valid","Channel":"Microsoft-Windows-Sysmon/Operational","UserID":"S-1-5-18","RecordNumber":205487,"ThreadID":4780,"Image":"C:\\Windows\\System32\\whoami.exe","ProcessId":"6440","Company":"Microsoft Corporation","Version":3,"Hostname":"WORKSTATION6.theshire.local","ImageLoaded":"C:\\Windows\\System32\\advapi32.dll","Description":"Advanced Windows 32 Base API","EventReceivedTime":"2020-10-13 00:26:30","ProviderGuid":"{5770385F-C22A-43E0-BF4C-06F5698FFBD9}","Signed":"true","UtcTime":"2020-10-13 04:26:28.986","port":61041,"Severity":"INFO","tags":["mordorDataset"],"Task":7,"SourceModuleType":"im_msvistalog","OpcodeValue":0,"EventType":"INFO","ExecutionProcessID":3592,"Opcode":"Info","SourceName":"Microsoft-Windows-Sysmon","Product":"Microsoft® Windows® Operating System","Keywords":-9223372036854775808,"FileVersion":"10.0.18362.752 (WinBuild.160101.0800)","EventID":7,"Domain":"NT AUTHORITY","Category":"Image loaded (rule: ImageLoad)","OriginalFileName":"advapi32.dll","@version":"1","AccountName":"SYSTEM","ProcessGuid":"{37c5a1b2-2c74-5f85-3303-000000000400}","host":"wec.internal.cloudapp.net","Hashes":"SHA1=35C61DDE6F8F4ED05F9C4837E2B91C886CA79F82,MD5=EA4F6E7961B4A402F6F5EC33C655260A,SHA256=5E2D103E7E1FD7CA0492E541F082D274EF6259AF2158A3562986C796C5C869DD,IMPHASH=8EEA175C33205685FB8A14876D7564DB","SeverityValue":2,"EventTime":"2020-10-13 00:26:28","Message":"Image loaded:\r\nRuleName: -\r\nUtcTime: 2020-10-13 04:26:28.986\r\nProcessGuid: {37c5a1b2-2c74-5f85-3303-000000000400}\r\nProcessId: 6440\r\nImage: C:\\Windows\\System32\\whoami.exe\r\nImageLoaded: C:\\Windows\\System32\\advapi32.dll\r\nFileVersion: 10.0.18362.752 (WinBuild.160101.0800)\r\nDescription: Advanced Windows 32 Base API\r\nProduct: Microsoft® Windows® Operating System\r\nCompany: Microsoft Corporation\r\nOriginalFileName: advapi32.dll\r\nHashes: SHA1=35C61DDE6F8F4ED05F9C4837E2B91C886CA79F82,MD5=EA4F6E7961B4A402F6F5EC33C655260A,SHA256=5E2D103E7E1FD7CA0492E541F082D274EF6259AF2158A3562986C796C5C869DD,IMPHASH=8EEA175C33205685FB8A14876D7564DB\r\nSigned: true\r\nSignature: Microsoft Windows\r\nSignatureStatus: Valid","SourceModuleName":"eventlog","AccountType":"User","Signature":"Microsoft Windows"}
{"RuleName":"-","@timestamp":"2020-10-13T04:26:30.120Z","SignatureStatus":"Valid","Channel":"Microsoft-Windows-Sysmon/Operational","UserID":"S-1-5-18","RecordNumber":205488,"ThreadID":4780,"Image":"C:\\Windows\\System32\\whoami.exe","ProcessId":"6440","Company":"Microsoft Corporation","Version":3,"Hostname":"WORKSTATION6.theshire.local","ImageLoaded":"C:\\Windows\\System32\\msvcrt.dll","Description":"Windows NT CRT DLL","EventReceivedTime":"2020-10-13 00:26:30","ProviderGuid":"{5770385F-C22A-43E0-BF4C-06F5698FFBD9}","Signed":"true","UtcTime":"2020-10-13 04:26:28.986","port":61041,"Severity":"INFO","tags":["mordorDataset"],"Task":7,"SourceModuleType":"im_msvistalog","OpcodeValue":0,"EventType":"INFO","ExecutionProcessID":3592,"Opcode":"Info","SourceName":"Microsoft-Windows-Sysmon","Product":"Microsoft® Windows® Operating System","Keywords":-9223372036854775808,"FileVersion":"7.0.18362.1 (WinBuild.160101.0800)","EventID":7,"Domain":"NT AUTHORITY","Category":"Image loaded (rule: ImageLoad)","OriginalFileName":"msvcrt.dll","@version":"1","AccountName":"SYSTEM","ProcessGuid":"{37c5a1b2-2c74-5f85-3303-000000000400}","host":"wec.internal.cloudapp.net","Hashes":"SHA1=0EA4B3CFB14E49CEC0D42FF0F1FA989E69647A8F,MD5=36354D9B5B0A58A4B9A19103852C00A2,SHA256=E5A863D3F4BFEFED7D73A7B1499F81B7235BC9AE3C108065041BCB8E5446B1BB,IMPHASH=1273683626EBBA703979F188A1E64237","SeverityValue":2,"EventTime":"2020-10-13 00:26:28","Message":"Image loaded:\r\nRuleName: -\r\nUtcTime: 2020-10-13 04:26:28.986\r\nProcessGuid: {37c5a1b2-2c74-5f85-3303-000000000400}\r\nProcessId: 6440\r\nImage: C:\\Windows\\System32\\whoami.exe\r\nImageLoaded: C:\\Windows\\System32\\msvcrt.dll\r\nFileVersion: 7.0.18362.1 (WinBuild.160101.0800)\r\nDescription: Windows NT CRT DLL\r\nProduct: Microsoft® Windows® Operating System\r\nCompany: Microsoft Corporation\r\nOriginalFileName: msvcrt.dll\r\nHashes: SHA1=0EA4B3CFB14E49CEC0D42FF0F1FA989E69647A8F,MD5=36354D9B5B0A58A4B9A19103852C00A2,SHA256=E5A863D3F4BFEFED7D73A7B1499F81B7235BC9AE3C108065041BCB8E5446B1BB,IMPHASH=1273683626EBBA703979F188A1E64237\r\nSigned: true\r\nSignature: Microsoft Windows\r\nSignatureStatus: Valid","SourceModuleName":"eventlog","AccountType":"User","Signature":"Microsoft Windows"}
{"RuleName":"-","@timestamp":"2020-10-13T04:26:30.121Z","SignatureStatus":"Valid","Channel":"Microsoft-Windows-Sysmon/Operational","UserID":"S-1-5-18","RecordNumber":205489,"ThreadID":4780,"Image":"C:\\Windows\\System32\\whoami.exe","ProcessId":"6440","Company":"Microsoft Corporation","Version":3,"Hostname":"WORKSTATION6.theshire.local","ImageLoaded":"C:\\Windows\\System32\\sechost.dll","Description":"Host for SCM/SDDL/LSA Lookup APIs","EventReceivedTime":"2020-10-13 00:26:30","ProviderGuid":"{5770385F-C22A-43E0-BF4C-06F5698FFBD9}","Signed":"true","UtcTime":"2020-10-13 04:26:28.986","port":61041,"Severity":"INFO","tags":["mordorDataset"],"Task":7,"SourceModuleType":"im_msvistalog","OpcodeValue":0,"EventType":"INFO","ExecutionProcessID":3592,"Opcode":"Info","SourceName":"Microsoft-Windows-Sysmon","Product":"Microsoft® Windows® Operating System","Keywords":-9223372036854775808,"FileVersion":"10.0.18362.959 (WinBuild.160101.0800)","EventID":7,"Domain":"NT AUTHORITY","Category":"Image loaded (rule: ImageLoad)","OriginalFileName":"sechost.dll","@version":"1","AccountName":"SYSTEM","ProcessGuid":"{37c5a1b2-2c74-5f85-3303-000000000400}","host":"wec.internal.cloudapp.net","Hashes":"SHA1=A330EDE32DFA03AE6808EE7FB6916D8DEB8F5DDE,MD5=A094E2B38D3DD864B07580D243CB6E43,SHA256=C441E19D20961D4E990E117A300ED318BEDBF2F8BA0FF07BEE7832AC502CDDF2,IMPHASH=CE4BD072766253F6A267D0284CA82002","SeverityValue":2,"EventTime":"2020-10-13 00:26:28","Message":"Image loaded:\r\nRuleName: -\r\nUtcTime: 2020-10-13 04:26:28.986\r\nProcessGuid: {37c5a1b2-2c74-5f85-3303-000000000400}\r\nProcessId: 6440\r\nImage: C:\\Windows\\System32\\whoami.exe\r\nImageLoaded: C:\\Windows\\System32\\sechost.dll\r\nFileVersion: 10.0.18362.959 (WinBuild.160101.0800)\r\nDescription: Host for SCM/SDDL/LSA Lookup APIs\r\nProduct: Microsoft® Windows® Operating System\r\nCompany: Microsoft Corporation\r\nOriginalFileName: sechost.dll\r\nHashes: SHA1=A330EDE32DFA03AE6808EE7FB6916D8DEB8F5DDE,MD5=A094E2B38D3DD864B07580D243CB6E43,SHA256=C441E19D20961D4E990E117A300ED318BEDBF2F8BA0FF07BEE7832AC502CDDF2,IMPHASH=CE4BD072766253F6A267D0284CA82002\r\nSigned: true\r\nSignature: Microsoft Windows\r\nSignatureStatus: Valid","SourceModuleName":"eventlog","AccountType":"User","Signature":"Microsoft Windows"}
{"RuleName":"-","@timestamp":"2020-10-13T04:26:30.121Z","SignatureStatus":"Valid","Channel":"Microsoft-Windows-Sysmon/Operational","UserID":"S-1-5-18","RecordNumber":205490,"ThreadID":4780,"Image":"C:\\Windows\\System32\\whoami.exe","ProcessId":"6440","Company":"Microsoft Corporation","Version":3,"Hostname":"WORKSTATION6.theshire.local","ImageLoaded":"C:\\Windows\\System32\\rpcrt4.dll","Description":"Remote Procedure Call Runtime","EventReceivedTime":"2020-10-13 00:26:30","ProviderGuid":"{5770385F-C22A-43E0-BF4C-06F5698FFBD9}","Signed":"true","UtcTime":"2020-10-13 04:26:28.986","port":61041,"Severity":"INFO","tags":["mordorDataset"],"Task":7,"SourceModuleType":"im_msvistalog","OpcodeValue":0,"EventType":"INFO","ExecutionProcessID":3592,"Opcode":"Info","SourceName":"Microsoft-Windows-Sysmon","Product":"Microsoft® Windows® Operating System","Keywords":-9223372036854775808,"FileVersion":"10.0.18362.1082 (WinBuild.160101.0800)","EventID":7,"Domain":"NT AUTHORITY","Category":"Image loaded (rule: ImageLoad)","OriginalFileName":"rpcrt4.dll","@version":"1","AccountName":"SYSTEM","ProcessGuid":"{37c5a1b2-2c74-5f85-3303-000000000400}","host":"wec.internal.cloudapp.net","Hashes":"SHA1=863C24BD6E91FDCDEDE1124EFC93FDD1564F0C23,MD5=61C41B28689BB516F1CFC880507C839B,SHA256=DAF391DB91AC04B50A0C896963F5120A52C8B1B4999BF37BE80AB025AB116700,IMPHASH=88E7E7C7FA90052EC162DD37F2B7C7BD","SeverityValue":2,"EventTime":"2020-10-13 00:26:28","Message":"Image loaded:\r\nRuleName: -\r\nUtcTime: 2020-10-13 04:26:28.986\r\nProcessGuid: {37c5a1b2-2c74-5f85-3303-000000000400}\r\nProcessId: 6440\r\nImage: C:\\Windows\\System32\\whoami.exe\r\nImageLoaded: C:\\Windows\\System32\\rpcrt4.dll\r\nFileVersion: 10.0.18362.1082 (WinBuild.160101.0800)\r\nDescription: Remote Procedure Call Runtime\r\nProduct: Microsoft® Windows® Operating System\r\nCompany: Microsoft Corporation\r\nOriginalFileName: rpcrt4.dll\r\nHashes: SHA1=863C24BD6E91FDCDEDE1124EFC93FDD1564F0C23,MD5=61C41B28689BB516F1CFC880507C839B,SHA256=DAF391DB91AC04B50A0C896963F5120A52C8B1B4999BF37BE80AB025AB116700,IMPHASH=88E7E7C7FA90052EC162DD37F2B7C7BD\r\nSigned: true\r\nSignature: Microsoft Windows\r\nSignatureStatus: Valid","SourceModuleName":"eventlog","AccountType":"User","Signature":"Microsoft Windows"}
{"RuleName":"-","@timestamp":"2020-10-13T04:26:30.122Z","SignatureStatus":"Valid","Channel":"Microsoft-Windows-Sysmon/Operational","UserID":"S-1-5-18","RecordNumber":205491,"ThreadID":4780,"Image":"C:\\Windows\\System32\\whoami.exe","ProcessId":"6440","Company":"Microsoft Corporation","Version":3,"Hostname":"WORKSTATION6.theshire.local","ImageLoaded":"C:\\Windows\\System32\\user32.dll","Description":"Multi-User Windows USER API Client DLL","EventReceivedTime":"2020-10-13 00:26:30","ProviderGuid":"{5770385F-C22A-43E0-BF4C-06F5698FFBD9}","Signed":"true","UtcTime":"2020-10-13 04:26:28.986","port":61041,"Severity":"INFO","tags":["mordorDataset"],"Task":7,"SourceModuleType":"im_msvistalog","OpcodeValue":0,"EventType":"INFO","ExecutionProcessID":3592,"Opcode":"Info","SourceName":"Microsoft-Windows-Sysmon","Product":"Microsoft® Windows® Operating System","Keywords":-9223372036854775808,"FileVersion":"10.0.18362.997 (WinBuild.160101.0800)","EventID":7,"Domain":"NT AUTHORITY","Category":"Image loaded (rule: ImageLoad)","OriginalFileName":"user32","@version":"1","AccountName":"SYSTEM","ProcessGuid":"{37c5a1b2-2c74-5f85-3303-000000000400}","host":"wec.internal.cloudapp.net","Hashes":"SHA1=75625F56E7F2AC8E56CE8A00A3EA4C0C6B0807EF,MD5=C7255260A37B185705C47AA5824AF151,SHA256=116DFE7CC1C09CB0CF7B6D3936D6F2BBC0739A9267CF840FB873B142150253BE,IMPHASH=4C2FEDA3D715107818B9354EC0C836B2","SeverityValue":2,"EventTime":"2020-10-13 00:26:28","Message":"Image loaded:\r\nRuleName: -\r\nUtcTime: 2020-10-13 04:26:28.986\r\nProcessGuid: {37c5a1b2-2c74-5f85-3303-000000000400}\r\nProcessId: 6440\r\nImage: C:\\Windows\\System32\\whoami.exe\r\nImageLoaded: C:\\Windows\\System32\\user32.dll\r\nFileVersion: 10.0.18362.997 (WinBuild.160101.0800)\r\nDescription: Multi-User Windows USER API Client DLL\r\nProduct: Microsoft® Windows® Operating System\r\nCompany: Microsoft Corporation\r\nOriginalFileName: user32\r\nHashes: SHA1=75625F56E7F2AC8E56CE8A00A3EA4C0C6B0807EF,MD5=C7255260A37B185705C47AA5824AF151,SHA256=116DFE7CC1C09CB0CF7B6D3936D6F2BBC0739A9267CF840FB873B142150253BE,IMPHASH=4C2FEDA3D715107818B9354EC0C836B2\r\nSigned: true\r\nSignature: Microsoft Windows\r\nSignatureStatus: Valid","SourceModuleName":"eventlog","AccountType":"User","Signature":"Microsoft Windows"}
{"RuleName":"-","@timestamp":"2020-10-13T04:26:30.122Z","SignatureStatus":"Valid","Channel":"Microsoft-Windows-Sysmon/Operational","UserID":"S-1-5-18","RecordNumber":205492,"ThreadID":4780,"Image":"C:\\Windows\\System32\\whoami.exe","ProcessId":"6440","Company":"Microsoft Corporation","Version":3,"Hostname":"WORKSTATION6.theshire.local","ImageLoaded":"C:\\Windows\\System32\\win32u.dll","Description":"Win32u","EventReceivedTime":"2020-10-13 00:26:30","ProviderGuid":"{5770385F-C22A-43E0-BF4C-06F5698FFBD9}","Signed":"true","UtcTime":"2020-10-13 04:26:28.986","port":61041,"Severity":"INFO","tags":["mordorDataset"],"Task":7,"SourceModuleType":"im_msvistalog","OpcodeValue":0,"EventType":"INFO","ExecutionProcessID":3592,"Opcode":"Info","SourceName":"Microsoft-Windows-Sysmon","Product":"Microsoft® Windows® Operating System","Keywords":-9223372036854775808,"FileVersion":"10.0.18362.1082 (WinBuild.160101.0800)","EventID":7,"Domain":"NT AUTHORITY","Category":"Image loaded (rule: ImageLoad)","OriginalFileName":"Win32u.DLL","@version":"1","AccountName":"SYSTEM","ProcessGuid":"{37c5a1b2-2c74-5f85-3303-000000000400}","host":"wec.internal.cloudapp.net","Hashes":"SHA1=513CA7ADBF528DE9D0770936A2748FBEE92FD4B1,MD5=59FC84F38585E8F4D32424A05612E4FA,SHA256=68BBFE7153072E5A8D11972AA38B0E2CEF94D2149960E543DD80168C1F92BD24,IMPHASH=00000000000000000000000000000000","SeverityValue":2,"EventTime":"2020-10-13 00:26:28","Message":"Image loaded:\r\nRuleName: -\r\nUtcTime: 2020-10-13 04:26:28.986\r\nProcessGuid: {37c5a1b2-2c74-5f85-3303-000000000400}\r\nProcessId: 6440\r\nImage: C:\\Windows\\System32\\whoami.exe\r\nImageLoaded: C:\\Windows\\System32\\win32u.dll\r\nFileVersion: 10.0.18362.1082 (WinBuild.160101.0800)\r\nDescription: Win32u\r\nProduct: Microsoft® Windows® Operating System\r\nCompany: Microsoft Corporation\r\nOriginalFileName: Win32u.DLL\r\nHashes: SHA1=513CA7ADBF528DE9D0770936A2748FBEE92FD4B1,MD5=59FC84F38585E8F4D32424A05612E4FA,SHA256=68BBFE7153072E5A8D11972AA38B0E2CEF94D2149960E543DD80168C1F92BD24,IMPHASH=00000000000000000000000000000000\r\nSigned: true\r\nSignature: Microsoft Windows\r\nSignatureStatus: Valid","SourceModuleName":"eventlog","AccountType":"User","Signature":"Microsoft Windows"}
{"RuleName":"-","@timestamp":"2020-10-13T04:26:30.123Z","SignatureStatus":"Valid","Channel":"Microsoft-Windows-Sysmon/Operational","UserID":"S-1-5-18","RecordNumber":205493,"ThreadID":4780,"Image":"C:\\Windows\\System32\\whoami.exe","ProcessId":"6440","Company":"Microsoft Corporation","Version":3,"Hostname":"WORKSTATION6.theshire.local","ImageLoaded":"C:\\Windows\\System32\\gdi32.dll","Description":"GDI Client DLL","EventReceivedTime":"2020-10-13 00:26:30","ProviderGuid":"{5770385F-C22A-43E0-BF4C-06F5698FFBD9}","Signed":"true","UtcTime":"2020-10-13 04:26:28.986","port":61041,"Severity":"INFO","tags":["mordorDataset"],"Task":7,"SourceModuleType":"im_msvistalog","OpcodeValue":0,"EventType":"INFO","ExecutionProcessID":3592,"Opcode":"Info","SourceName":"Microsoft-Windows-Sysmon","Product":"Microsoft® Windows® Operating System","Keywords":-9223372036854775808,"FileVersion":"10.0.18362.1 (WinBuild.160101.0800)","EventID":7,"Domain":"NT AUTHORITY","Category":"Image loaded (rule: ImageLoad)","OriginalFileName":"gdi32","@version":"1","AccountName":"SYSTEM","ProcessGuid":"{37c5a1b2-2c74-5f85-3303-000000000400}","host":"wec.internal.cloudapp.net","Hashes":"SHA1=9E91D74D5B9BF64A3D4BE8C5EA3594F5DA2BC299,MD5=2839609118F48DEA292084E43FAA72D8,SHA256=4FC9460147D5A3AA1F9498863CF10BB7BE6099BEF1A3D55503164CA51E36E27E,IMPHASH=C5F30E6A06AB646153863B68366FE58A","SeverityValue":2,"EventTime":"2020-10-13 00:26:28","Message":"Image loaded:\r\nRuleName: -\r\nUtcTime: 2020-10-13 04:26:28.986\r\nProcessGuid: {37c5a1b2-2c74-5f85-3303-000000000400}\r\nProcessId: 6440\r\nImage: C:\\Windows\\System32\\whoami.exe\r\nImageLoaded: C:\\Windows\\System32\\gdi32.dll\r\nFileVersion: 10.0.18362.1 (WinBuild.160101.0800)\r\nDescription: GDI Client DLL\r\nProduct: Microsoft® Windows® Operating System\r\nCompany: Microsoft Corporation\r\nOriginalFileName: gdi32\r\nHashes: SHA1=9E91D74D5B9BF64A3D4BE8C5EA3594F5DA2BC299,MD5=2839609118F48DEA292084E43FAA72D8,SHA256=4FC9460147D5A3AA1F9498863CF10BB7BE6099BEF1A3D55503164CA51E36E27E,IMPHASH=C5F30E6A06AB646153863B68366FE58A\r\nSigned: true\r\nSignature: Microsoft Windows\r\nSignatureStatus: Valid","SourceModuleName":"eventlog","AccountType":"User","Signature":"Microsoft Windows"}
