{"SubjectUserSid":"S-1-5-18","@version":"1","Keywords":-9214364837600034816,"ThreadID":472,"TargetDomainName":"THESHIRE","TargetLogonId":"0x3e7","Version":0,"host":"wec.internal.cloudapp.net","Message":"A token right was adjusted.\r\n\r\nSubject:\r\n\tSecurity ID:\t\tS-1-5-18\r\n\tAccount Name:\t\tMORDORDC$\r\n\tAccount Domain:\t\tTHESHIRE\r\n\tLogon ID:\t\t0x3E7\r\n\r\nTarget Account:\r\n\tSecurity ID:\t\tS-1-0-0\r\n\tAccount Name:\t\tMORDORDC$\r\n\tAccount Domain:\t\tTHESHIRE\r\n\tLogon ID:\t\t0x3E7\r\n\r\nProcess Information:\r\n\tProcess ID:\t\t0x908\r\n\tProcess Name:\t\tC:\\Windows\\System32\\svchost.exe\r\n\r\nEnabled Privileges:\r\n\t\t\tSeAssignPrimaryTokenPrivilege\r\n\t\t\tSeIncreaseQuotaPrivilege\r\n\t\t\tSeSecurityPrivilege\r\n\t\t\tSeTakeOwnershipPrivilege\r\n\t\t\tSeLoadDriverPrivilege\r\n\t\t\tSeSystemtimePrivilege\r\n\t\t\tSeBackupPrivilege\r\n\t\t\tSeRestorePrivilege\r\n\t\t\tSeShutdownPrivilege\r\n\t\t\tSeSystemEnvironmentPrivilege\r\n\t\t\tSeUndockPrivilege\r\n\t\t\tSeManageVolumePrivilege\r\n\r\nDisabled Privileges:\r\n\t\t\t-","SourceModuleName":"eventlog","SourceName":"Microsoft-Windows-Security-Auditing","DisabledPrivilegeList":"-","SubjectLogonId":"0x3e7","SeverityValue":2,"tags":["mordorDataset"],"Channel":"Security","ProviderGuid":"{54849625-5478-4994-A5BA-3E3B0328C30D}","EventID":4703,"RecordNumber":215560,"Hostname":"MORDORDC.theshire.local","Category":"Token Right Adjusted Events","Opcode":"Info","SubjectDomainName":"THESHIRE","ProcessId":"0x908","SourceModuleType":"im_msvistalog","port":53997,"EventTime":"2020-08-05 02:10:27","EnabledPrivilegeList":"SeAssignPrimaryTokenPrivilege\r\n\t\t\tSeIncreaseQuotaPrivilege\r\n\t\t\tSeSecurityPrivilege\r\n\t\t\tSeTakeOwnershipPrivilege\r\n\t\t\tSeLoadDriverPrivilege\r\n\t\t\tSeSystemtimePrivilege\r\n\t\t\tSeBackupPrivilege\r\n\t\t\tSeRestorePrivilege\r\n\t\t\tSeShutdownPrivilege\r\n\t\t\tSeSystemEnvironmentPrivilege\r\n\t\t\tSeUndockPrivilege\r\n\t\t\tSeManageVolumePrivilege","Severity":"INFO","ExecutionProcessID":4,"TargetUserSid":"S-1-0-0","OpcodeValue":0,"@timestamp":"2020-08-05T06:10:29.017Z","Task":13317,"TargetUserName":"MORDORDC$","EventType":"AUDIT_SUCCESS","SubjectUserName":"MORDORDC$","ProcessName":"C:\\Windows\\System32\\svchost.exe","EventReceivedTime":"2020-08-05 02:10:28"}
{"SubjectUserSid":"S-1-5-18","@version":"1","Keywords":-9214364837600034816,"ThreadID":472,"TargetDomainName":"THESHIRE","TargetLogonId":"0x3e7","Version":0,"host":"wec.internal.cloudapp.net","Message":"A token right was adjusted.\r\n\r\nSubject:\r\n\tSecurity ID:\t\tS-1-5-18\r\n\tAccount Name:\t\tMORDORDC$\r\n\tAccount Domain:\t\tTHESHIRE\r\n\tLogon ID:\t\t0x3E7\r\n\r\nTarget Account:\r\n\tSecurity ID:\t\tS-1-0-0\r\n\tAccount Name:\t\tMORDORDC$\r\n\tAccount Domain:\t\tTHESHIRE\r\n\tLogon ID:\t\t0x3E7\r\n\r\nProcess Information:\r\n\tProcess ID:\t\t0x908\r\n\tProcess Name:\t\tC:\\Windows\\System32\\svchost.exe\r\n\r\nEnabled Privileges:\r\n\t\t\tSeAssignPrimaryTokenPrivilege\r\n\t\t\tSeIncreaseQuotaPrivilege\r\n\t\t\tSeSecurityPrivilege\r\n\t\t\tSeTakeOwnershipPrivilege\r\n\t\t\tSeLoadDriverPrivilege\r\n\t\t\tSeSystemtimePrivilege\r\n\t\t\tSeBackupPrivilege\r\n\t\t\tSeRestorePrivilege\r\n\t\t\tSeShutdownPrivilege\r\n\t\t\tSeSystemEnvironmentPrivilege\r\n\t\t\tSeUndockPrivilege\r\n\t\t\tSeManageVolumePrivilege\r\n\r\nDisabled Privileges:\r\n\t\t\t-","SourceModuleName":"eventlog","SourceName":"Microsoft-Windows-Security-Auditing","DisabledPrivilegeList":"-","SubjectLogonId":"0x3e7","SeverityValue":2,"tags":["mordorDataset"],"Channel":"Security","ProviderGuid":"{54849625-5478-4994-A5BA-3E3B0328C30D}","EventID":4703,"RecordNumber":215561,"Hostname":"MORDORDC.theshire.local","Category":"Token Right Adjusted Events","Opcode":"Info","SubjectDomainName":"THESHIRE","ProcessId":"0x908","SourceModuleType":"im_msvistalog","port":53997,"EventTime":"2020-08-05 02:10:27","EnabledPrivilegeList":"SeAssignPrimaryTokenPrivilege\r\n\t\t\tSeIncreaseQuotaPrivilege\r\n\t\t\tSeSecurityPrivilege\r\n\t\t\tSeTakeOwnershipPrivilege\r\n\t\t\tSeLoadDriverPrivilege\r\n\t\t\tSeSystemtimePrivilege\r\n\t\t\tSeBackupPrivilege\r\n\t\t\tSeRestorePrivilege\r\n\t\t\tSeShutdownPrivilege\r\n\t\t\tSeSystemEnvironmentPrivilege\r\n\t\t\tSeUndockPrivilege\r\n\t\t\tSeManageVolumePrivilege","Severity":"INFO","ExecutionProcessID":4,"TargetUserSid":"S-1-0-0","OpcodeValue":0,"@timestamp":"2020-08-05T06:10:29.017Z","Task":13317,"TargetUserName":"MORDORDC$","EventType":"AUDIT_SUCCESS","SubjectUserName":"MORDORDC$","ProcessName":"C:\\Windows\\System32\\svchost.exe","EventReceivedTime":"2020-08-05 02:10:28"}
{"SubjectUserSid":"S-1-5-18","@version":"1","Keywords":-9214364837600034816,"ThreadID":472,"TargetDomainName":"THESHIRE","TargetLogonId":"0x3e7","Version":0,"host":"wec.internal.cloudapp.net","Message":"A token right was adjusted.\r\n\r\nSubject:\r\n\tSecurity ID:\t\tS-1-5-18\r\n\tAccount Name:\t\tMORDORDC$\r\n\tAccount Domain:\t\tTHESHIRE\r\n\tLogon ID:\t\t0x3E7\r\n\r\nTarget Account:\r\n\tSecurity ID:\t\tS-1-0-0\r\n\tAccount Name:\t\tMORDORDC$\r\n\tAccount Domain:\t\tTHESHIRE\r\n\tLogon ID:\t\t0x3E7\r\n\r\nProcess Information:\r\n\tProcess ID:\t\t0x908\r\n\tProcess Name:\t\tC:\\Windows\\System32\\svchost.exe\r\n\r\nEnabled Privileges:\r\n\t\t\tSeAssignPrimaryTokenPrivilege\r\n\t\t\tSeIncreaseQuotaPrivilege\r\n\t\t\tSeSecurityPrivilege\r\n\t\t\tSeTakeOwnershipPrivilege\r\n\t\t\tSeLoadDriverPrivilege\r\n\t\t\tSeSystemtimePrivilege\r\n\t\t\tSeBackupPrivilege\r\n\t\t\tSeRestorePrivilege\r\n\t\t\tSeShutdownPrivilege\r\n\t\t\tSeSystemEnvironmentPrivilege\r\n\t\t\tSeUndockPrivilege\r\n\t\t\tSeManageVolumePrivilege\r\n\r\nDisabled Privileges:\r\n\t\t\t-","SourceModuleName":"eventlog","SourceName":"Microsoft-Windows-Security-Auditing","DisabledPrivilegeList":"-","SubjectLogonId":"0x3e7","SeverityValue":2,"tags":["mordorDataset"],"Channel":"Security","ProviderGuid":"{54849625-5478-4994-A5BA-3E3B0328C30D}","EventID":4703,"RecordNumber":215562,"Hostname":"MORDORDC.theshire.local","Category":"Token Right Adjusted Events","Opcode":"Info","SubjectDomainName":"THESHIRE","ProcessId":"0x908","SourceModuleType":"im_msvistalog","port":53997,"EventTime":"2020-08-05 02:10:27","EnabledPrivilegeList":"SeAssignPrimaryTokenPrivilege\r\n\t\t\tSeIncreaseQuotaPrivilege\r\n\t\t\tSeSecurityPrivilege\r\n\t\t\tSeTakeOwnershipPrivilege\r\n\t\t\tSeLoadDriverPrivilege\r\n\t\t\tSeSystemtimePrivilege\r\n\t\t\tSeBackupPrivilege\r\n\t\t\tSeRestorePrivilege\r\n\t\t\tSeShutdownPrivilege\r\n\t\t\tSeSystemEnvironmentPrivilege\r\n\t\t\tSeUndockPrivilege\r\n\t\t\tSeManageVolumePrivilege","Severity":"INFO","ExecutionProcessID":4,"TargetUserSid":"S-1-0-0","OpcodeValue":0,"@timestamp":"2020-08-05T06:10:29.017Z","Task":13317,"TargetUserName":"MORDORDC$","EventType":"AUDIT_SUCCESS","SubjectUserName":"MORDORDC$","ProcessName":"C:\\Windows\\System32\\svchost.exe","EventReceivedTime":"2020-08-05 02:10:28"}
{"SubjectUserSid":"S-1-5-18","@version":"1","Keywords":-9214364837600034816,"ThreadID":472,"TargetDomainName":"THESHIRE","TargetLogonId":"0x3e7","Version":0,"host":"wec.internal.cloudapp.net","Message":"A token right was adjusted.\r\n\r\nSubject:\r\n\tSecurity ID:\t\tS-1-5-18\r\n\tAccount Name:\t\tMORDORDC$\r\n\tAccount Domain:\t\tTHESHIRE\r\n\tLogon ID:\t\t0x3E7\r\n\r\nTarget Account:\r\n\tSecurity ID:\t\tS-1-0-0\r\n\tAccount Name:\t\tMORDORDC$\r\n\tAccount Domain:\t\tTHESHIRE\r\n\tLogon ID:\t\t0x3E7\r\n\r\nProcess Information:\r\n\tProcess ID:\t\t0x908\r\n\tProcess Name:\t\tC:\\Windows\\System32\\svchost.exe\r\n\r\nEnabled Privileges:\r\n\t\t\tSeAssignPrimaryTokenPrivilege\r\n\t\t\tSeIncreaseQuotaPrivilege\r\n\t\t\tSeSecurityPrivilege\r\n\t\t\tSeTakeOwnershipPrivilege\r\n\t\t\tSeLoadDriverPrivilege\r\n\t\t\tSeSystemtimePrivilege\r\n\t\t\tSeBackupPrivilege\r\n\t\t\tSeRestorePrivilege\r\n\t\t\tSeShutdownPrivilege\r\n\t\t\tSeSystemEnvironmentPrivilege\r\n\t\t\tSeUndockPrivilege\r\n\t\t\tSeManageVolumePrivilege\r\n\r\nDisabled Privileges:\r\n\t\t\t-","SourceModuleName":"eventlog","SourceName":"Microsoft-Windows-Security-Auditing","DisabledPrivilegeList":"-","SubjectLogonId":"0x3e7","SeverityValue":2,"tags":["mordorDataset"],"Channel":"Security","ProviderGuid":"{54849625-5478-4994-A5BA-3E3B0328C30D}","EventID":4703,"RecordNumber":215563,"Hostname":"MORDORDC.theshire.local","Category":"Token Right Adjusted Events","Opcode":"Info","SubjectDomainName":"THESHIRE","ProcessId":"0x908","SourceModuleType":"im_msvistalog","port":53997,"EventTime":"2020-08-05 02:10:27","EnabledPrivilegeList":"SeAssignPrimaryTokenPrivilege\r\n\t\t\tSeIncreaseQuotaPrivilege\r\n\t\t\tSeSecurityPrivilege\r\n\t\t\tSeTakeOwnershipPrivilege\r\n\t\t\tSeLoadDriverPrivilege\r\n\t\t\tSeSystemtimePrivilege\r\n\t\t\tSeBackupPrivilege\r\n\t\t\tSeRestorePrivilege\r\n\t\t\tSeShutdownPrivilege\r\n\t\t\tSeSystemEnvironmentPrivilege\r\n\t\t\tSeUndockPrivilege\r\n\t\t\tSeManageVolumePrivilege","Severity":"INFO","ExecutionProcessID":4,"TargetUserSid":"S-1-0-0","OpcodeValue":0,"@timestamp":"2020-08-05T06:10:29.017Z","Task":13317,"TargetUserName":"MORDORDC$","EventType":"AUDIT_SUCCESS","SubjectUserName":"MORDORDC$","ProcessName":"C:\\Windows\\System32\\svchost.exe","EventReceivedTime":"2020-08-05 02:10:28"}
{"SubjectUserSid":"S-1-5-18","@version":"1","Keywords":-9214364837600034816,"ThreadID":472,"TargetDomainName":"THESHIRE","TargetLogonId":"0x3e7","Version":0,"host":"wec.internal.cloudapp.net","Message":"A token right was adjusted.\r\n\r\nSubject:\r\n\tSecurity ID:\t\tS-1-5-18\r\n\tAccount Name:\t\tMORDORDC$\r\n\tAccount Domain:\t\tTHESHIRE\r\n\tLogon ID:\t\t0x3E7\r\n\r\nTarget Account:\r\n\tSecurity ID:\t\tS-1-0-0\r\n\tAccount Name:\t\tMORDORDC$\r\n\tAccount Domain:\t\tTHESHIRE\r\n\tLogon ID:\t\t0x3E7\r\n\r\nProcess Information:\r\n\tProcess ID:\t\t0x908\r\n\tProcess Name:\t\tC:\\Windows\\System32\\svchost.exe\r\n\r\nEnabled Privileges:\r\n\t\t\tSeAssignPrimaryTokenPrivilege\r\n\t\t\tSeIncreaseQuotaPrivilege\r\n\t\t\tSeSecurityPrivilege\r\n\t\t\tSeTakeOwnershipPrivilege\r\n\t\t\tSeLoadDriverPrivilege\r\n\t\t\tSeSystemtimePrivilege\r\n\t\t\tSeBackupPrivilege\r\n\t\t\tSeRestorePrivilege\r\n\t\t\tSeShutdownPrivilege\r\n\t\t\tSeSystemEnvironmentPrivilege\r\n\t\t\tSeUndockPrivilege\r\n\t\t\tSeManageVolumePrivilege\r\n\r\nDisabled Privileges:\r\n\t\t\t-","SourceModuleName":"eventlog","SourceName":"Microsoft-Windows-Security-Auditing","DisabledPrivilegeList":"-","SubjectLogonId":"0x3e7","SeverityValue":2,"tags":["mordorDataset"],"Channel":"Security","ProviderGuid":"{54849625-5478-4994-A5BA-3E3B0328C30D}","EventID":4703,"RecordNumber":215564,"Hostname":"MORDORDC.theshire.local","Category":"Token Right Adjusted Events","Opcode":"Info","SubjectDomainName":"THESHIRE","ProcessId":"0x908","SourceModuleType":"im_msvistalog","port":53997,"EventTime":"2020-08-05 02:10:27","EnabledPrivilegeList":"SeAssignPrimaryTokenPrivilege\r\n\t\t\tSeIncreaseQuotaPrivilege\r\n\t\t\tSeSecurityPrivilege\r\n\t\t\tSeTakeOwnershipPrivilege\r\n\t\t\tSeLoadDriverPrivilege\r\n\t\t\tSeSystemtimePrivilege\r\n\t\t\tSeBackupPrivilege\r\n\t\t\tSeRestorePrivilege\r\n\t\t\tSeShutdownPrivilege\r\n\t\t\tSeSystemEnvironmentPrivilege\r\n\t\t\tSeUndockPrivilege\r\n\t\t\tSeManageVolumePrivilege","Severity":"INFO","ExecutionProcessID":4,"TargetUserSid":"S-1-0-0","OpcodeValue":0,"@timestamp":"2020-08-05T06:10:29.018Z","Task":13317,"TargetUserName":"MORDORDC$","EventType":"AUDIT_SUCCESS","SubjectUserName":"MORDORDC$","ProcessName":"C:\\Windows\\System32\\svchost.exe","EventReceivedTime":"2020-08-05 02:10:28"}
{"SubjectUserSid":"S-1-5-18","@version":"1","Keywords":-9214364837600034816,"ThreadID":472,"TargetDomainName":"THESHIRE","TargetLogonId":"0x3e7","Version":0,"host":"wec.internal.cloudapp.net","Message":"A token right was adjusted.\r\n\r\nSubject:\r\n\tSecurity ID:\t\tS-1-5-18\r\n\tAccount Name:\t\tMORDORDC$\r\n\tAccount Domain:\t\tTHESHIRE\r\n\tLogon ID:\t\t0x3E7\r\n\r\nTarget Account:\r\n\tSecurity ID:\t\tS-1-0-0\r\n\tAccount Name:\t\tMORDORDC$\r\n\tAccount Domain:\t\tTHESHIRE\r\n\tLogon ID:\t\t0x3E7\r\n\r\nProcess Information:\r\n\tProcess ID:\t\t0x908\r\n\tProcess Name:\t\tC:\\Windows\\System32\\svchost.exe\r\n\r\nEnabled Privileges:\r\n\t\t\tSeAssignPrimaryTokenPrivilege\r\n\t\t\tSeIncreaseQuotaPrivilege\r\n\t\t\tSeSecurityPrivilege\r\n\t\t\tSeTakeOwnershipPrivilege\r\n\t\t\tSeLoadDriverPrivilege\r\n\t\t\tSeBackupPrivilege\r\n\t\t\tSeRestorePrivilege\r\n\t\t\tSeShutdownPrivilege\r\n\r\nDisabled Privileges:\r\n\t\t\t-","SourceModuleName":"eventlog","SourceName":"Microsoft-Windows-Security-Auditing","DisabledPrivilegeList":"-","SubjectLogonId":"0x3e7","SeverityValue":2,"tags":["mordorDataset"],"Channel":"Security","ProviderGuid":"{54849625-5478-4994-A5BA-3E3B0328C30D}","EventID":4703,"RecordNumber":215565,"Hostname":"MORDORDC.theshire.local","Category":"Token Right Adjusted Events","Opcode":"Info","SubjectDomainName":"THESHIRE","ProcessId":"0x908","SourceModuleType":"im_msvistalog","port":53997,"EventTime":"2020-08-05 02:10:27","EnabledPrivilegeList":"SeAssignPrimaryTokenPrivilege\r\n\t\t\tSeIncreaseQuotaPrivilege\r\n\t\t\tSeSecurityPrivilege\r\n\t\t\tSeTakeOwnershipPrivilege\r\n\t\t\tSeLoadDriverPrivilege\r\n\t\t\tSeBackupPrivilege\r\n\t\t\tSeRestorePrivilege\r\n\t\t\tSeShutdownPrivilege","Severity":"INFO","ExecutionProcessID":4,"TargetUserSid":"S-1-0-0","OpcodeValue":0,"@timestamp":"2020-08-05T06:10:29.018Z","Task":13317,"TargetUserName":"MORDORDC$","EventType":"AUDIT_SUCCESS","SubjectUserName":"MORDORDC$","ProcessName":"C:\\Windows\\System32\\svchost.exe","EventReceivedTime":"2020-08-05 02:10:28"}
{"UtcTime":"2020-08-05 06:10:27.590","@version":"1","Keywords":-9223372036854775808,"EventTypeOrignal":"INFO","ThreadID":4256,"UserID":"S-1-5-18","Version":2,"host":"wec.internal.cloudapp.net","Message":"Registry object added or deleted:\r\nRuleName: -\r\nEventType: CreateKey\r\nUtcTime: 2020-08-05 06:10:27.590\r\nProcessGuid: {2b437147-0bb2-5f2a-3300-000000000400}\r\nProcessId: 2312\r\nImage: C:\\windows\\system32\\svchost.exe\r\nTargetObject: HKCR","SourceModuleName":"eventlog","ProcessGuid":"{2b437147-0bb2-5f2a-3300-000000000400}","SourceName":"Microsoft-Windows-Sysmon","SeverityValue":2,"tags":["mordorDataset"],"Channel":"Microsoft-Windows-Sysmon/Operational","ProviderGuid":"{5770385F-C22A-43E0-BF4C-06F5698FFBD9}","RuleName":"-","EventID":12,"RecordNumber":284981,"TargetObject":"HKCR","Hostname":"MORDORDC.theshire.local","ProcessId":"2312","SourceModuleType":"im_msvistalog","Domain":"NT AUTHORITY","port":53997,"EventTime":"2020-08-05 02:10:27","Severity":"INFO","ExecutionProcessID":3868,"AccountName":"SYSTEM","OpcodeValue":0,"@timestamp":"2020-08-05T06:10:29.019Z","Task":12,"EventType":"CreateKey","EventReceivedTime":"2020-08-05 02:10:28","Image":"C:\\windows\\system32\\svchost.exe","AccountType":"User"}
{"UtcTime":"2020-08-05 06:10:27.590","@version":"1","Keywords":-9223372036854775808,"EventTypeOrignal":"INFO","ThreadID":4256,"UserID":"S-1-5-18","Version":2,"host":"wec.internal.cloudapp.net","Message":"Registry object added or deleted:\r\nRuleName: -\r\nEventType: CreateKey\r\nUtcTime: 2020-08-05 06:10:27.590\r\nProcessGuid: {2b437147-0bb2-5f2a-3300-000000000400}\r\nProcessId: 2312\r\nImage: C:\\windows\\system32\\svchost.exe\r\nTargetObject: HKCR","SourceModuleName":"eventlog","ProcessGuid":"{2b437147-0bb2-5f2a-3300-000000000400}","SourceName":"Microsoft-Windows-Sysmon","SeverityValue":2,"tags":["mordorDataset"],"Channel":"Microsoft-Windows-Sysmon/Operational","ProviderGuid":"{5770385F-C22A-43E0-BF4C-06F5698FFBD9}","RuleName":"-","EventID":12,"RecordNumber":284982,"TargetObject":"HKCR","Hostname":"MORDORDC.theshire.local","ProcessId":"2312","SourceModuleType":"im_msvistalog","Domain":"NT AUTHORITY","port":53997,"EventTime":"2020-08-05 02:10:27","Severity":"INFO","ExecutionProcessID":3868,"AccountName":"SYSTEM","OpcodeValue":0,"@timestamp":"2020-08-05T06:10:29.019Z","Task":12,"EventType":"CreateKey","EventReceivedTime":"2020-08-05 02:10:28","Image":"C:\\windows\\system32\\svchost.exe","AccountType":"User"}
{"UtcTime":"2020-08-05 06:10:27.590","@version":"1","Keywords":-9223372036854775808,"EventTypeOrignal":"INFO","ThreadID":4256,"UserID":"S-1-5-18","Version":2,"host":"wec.internal.cloudapp.net","Message":"Registry object added or deleted:\r\nRuleName: -\r\nEventType: CreateKey\r\nUtcTime: 2020-08-05 06:10:27.590\r\nProcessGuid: {2b437147-0bb2-5f2a-3300-000000000400}\r\nProcessId: 2312\r\nImage: C:\\windows\\system32\\svchost.exe\r\nTargetObject: HKCR","SourceModuleName":"eventlog","ProcessGuid":"{2b437147-0bb2-5f2a-3300-000000000400}","SourceName":"Microsoft-Windows-Sysmon","SeverityValue":2,"tags":["mordorDataset"],"Channel":"Microsoft-Windows-Sysmon/Operational","ProviderGuid":"{5770385F-C22A-43E0-BF4C-06F5698FFBD9}","RuleName":"-","EventID":12,"RecordNumber":284983,"TargetObject":"HKCR","Hostname":"MORDORDC.theshire.local","ProcessId":"2312","SourceModuleType":"im_msvistalog","Domain":"NT AUTHORITY","port":53997,"EventTime":"2020-08-05 02:10:27","Severity":"INFO","ExecutionProcessID":3868,"AccountName":"SYSTEM","OpcodeValue":0,"@timestamp":"2020-08-05T06:10:29.019Z","Task":12,"EventType":"CreateKey","EventReceivedTime":"2020-08-05 02:10:28","Image":"C:\\windows\\system32\\svchost.exe","AccountType":"User"}
{"UtcTime":"2020-08-05 06:10:27.590","@version":"1","Keywords":-9223372036854775808,"EventTypeOrignal":"INFO","ThreadID":4256,"UserID":"S-1-5-18","Version":2,"host":"wec.internal.cloudapp.net","Message":"Registry object added or deleted:\r\nRuleName: -\r\nEventType: CreateKey\r\nUtcTime: 2020-08-05 06:10:27.590\r\nProcessGuid: {2b437147-0bb2-5f2a-3300-000000000400}\r\nProcessId: 2312\r\nImage: C:\\windows\\system32\\svchost.exe\r\nTargetObject: HKCR","SourceModuleName":"eventlog","ProcessGuid":"{2b437147-0bb2-5f2a-3300-000000000400}","SourceName":"Microsoft-Windows-Sysmon","SeverityValue":2,"tags":["mordorDataset"],"Channel":"Microsoft-Windows-Sysmon/Operational","ProviderGuid":"{5770385F-C22A-43E0-BF4C-06F5698FFBD9}","RuleName":"-","EventID":12,"RecordNumber":284984,"TargetObject":"HKCR","Hostname":"MORDORDC.theshire.local","ProcessId":"2312","SourceModuleType":"im_msvistalog","Domain":"NT AUTHORITY","port":53997,"EventTime":"2020-08-05 02:10:27","Severity":"INFO","ExecutionProcessID":3868,"AccountName":"SYSTEM","OpcodeValue":0,"@timestamp":"2020-08-05T06:10:29.020Z","Task":12,"EventType":"CreateKey","EventReceivedTime":"2020-08-05 02:10:28","Image":"C:\\windows\\system32\\svchost.exe","AccountType":"User"}
{"UtcTime":"2020-08-05 06:10:27.590","@version":"1","Keywords":-9223372036854775808,"EventTypeOrignal":"INFO","ThreadID":4256,"UserID":"S-1-5-18","Version":2,"host":"wec.internal.cloudapp.net","Message":"Registry object added or deleted:\r\nRuleName: -\r\nEventType: CreateKey\r\nUtcTime: 2020-08-05 06:10:27.590\r\nProcessGuid: {2b437147-0bb2-5f2a-3300-000000000400}\r\nProcessId: 2312\r\nImage: C:\\windows\\system32\\svchost.exe\r\nTargetObject: HKCR","SourceModuleName":"eventlog","ProcessGuid":"{2b437147-0bb2-5f2a-3300-000000000400}","SourceName":"Microsoft-Windows-Sysmon","SeverityValue":2,"tags":["mordorDataset"],"Channel":"Microsoft-Windows-Sysmon/Operational","ProviderGuid":"{5770385F-C22A-43E0-BF4C-06F5698FFBD9}","RuleName":"-","EventID":12,"RecordNumber":284985,"TargetObject":"HKCR","Hostname":"MORDORDC.theshire.local","ProcessId":"2312","SourceModuleType":"im_msvistalog","Domain":"NT AUTHORITY","port":53997,"EventTime":"2020-08-05 02:10:27","Severity":"INFO","ExecutionProcessID":3868,"AccountName":"SYSTEM","OpcodeValue":0,"@timestamp":"2020-08-05T06:10:29.020Z","Task":12,"EventType":"CreateKey","EventReceivedTime":"2020-08-05 02:10:28","Image":"C:\\windows\\system32\\svchost.exe","AccountType":"User"}
{"UtcTime":"2020-08-05 06:10:27.590","@version":"1","Keywords":-9223372036854775808,"EventTypeOrignal":"INFO","ThreadID":4256,"UserID":"S-1-5-18","Version":2,"host":"wec.internal.cloudapp.net","Message":"Registry object added or deleted:\r\nRuleName: -\r\nEventType: CreateKey\r\nUtcTime: 2020-08-05 06:10:27.590\r\nProcessGuid: {2b437147-0bb2-5f2a-3300-000000000400}\r\nProcessId: 2312\r\nImage: C:\\windows\\system32\\svchost.exe\r\nTargetObject: HKCR","SourceModuleName":"eventlog","ProcessGuid":"{2b437147-0bb2-5f2a-3300-000000000400}","SourceName":"Microsoft-Windows-Sysmon","SeverityValue":2,"tags":["mordorDataset"],"Channel":"Microsoft-Windows-Sysmon/Operational","ProviderGuid":"{5770385F-C22A-43E0-BF4C-06F5698FFBD9}","RuleName":"-","EventID":12,"RecordNumber":284986,"TargetObject":"HKCR","Hostname":"MORDORDC.theshire.local","ProcessId":"2312","SourceModuleType":"im_msvistalog","Domain":"NT AUTHORITY","port":53997,"EventTime":"2020-08-05 02:10:27","Severity":"INFO","ExecutionProcessID":3868,"AccountName":"SYSTEM","OpcodeValue":0,"@timestamp":"2020-08-05T06:10:29.020Z","Task":12,"EventType":"CreateKey","EventReceivedTime":"2020-08-05 02:10:28","Image":"C:\\windows\\system32\\svchost.exe","AccountType":"User"}
{"UtcTime":"2020-08-05 06:10:27.590","@version":"1","Keywords":-9223372036854775808,"EventTypeOrignal":"INFO","ThreadID":4256,"UserID":"S-1-5-18","Version":2,"host":"wec.internal.cloudapp.net","Message":"Registry object added or deleted:\r\nRuleName: -\r\nEventType: CreateKey\r\nUtcTime: 2020-08-05 06:10:27.590\r\nProcessGuid: {2b437147-0bb2-5f2a-3300-000000000400}\r\nProcessId: 2312\r\nImage: C:\\windows\\system32\\svchost.exe\r\nTargetObject: HKCR","SourceModuleName":"eventlog","ProcessGuid":"{2b437147-0bb2-5f2a-3300-000000000400}","SourceName":"Microsoft-Windows-Sysmon","SeverityValue":2,"tags":["mordorDataset"],"Channel":"Microsoft-Windows-Sysmon/Operational","ProviderGuid":"{5770385F-C22A-43E0-BF4C-06F5698FFBD9}","RuleName":"-","EventID":12,"RecordNumber":284987,"TargetObject":"HKCR","Hostname":"MORDORDC.theshire.local","ProcessId":"2312","SourceModuleType":"im_msvistalog","Domain":"NT AUTHORITY","port":53997,"EventTime":"2020-08-05 02:10:27","Severity":"INFO","ExecutionProcessID":3868,"AccountName":"SYSTEM","OpcodeValue":0,"@timestamp":"2020-08-05T06:10:29.020Z","Task":12,"EventType":"CreateKey","EventReceivedTime":"2020-08-05 02:10:28","Image":"C:\\windows\\system32\\svchost.exe","AccountType":"User"}
{"SourceProcessGUID":"{8715b604-0dea-5f2a-0e00-000000000400}","UtcTime":"2020-08-05 06:10:27.736","GrantedAccess":"0x1000","@version":"1","Keywords":-9223372036854775808,"ThreadID":4452,"TargetProcessId":"4400","UserID":"S-1-5-18","Version":3,"TargetProcessGUID":"{8715b604-104c-5f2a-c702-000000000400}","TargetImage":"C:\\Windows\\SystemApps\\InputApp_cw5n1h2txyewy\\WindowsInternal.ComposableShell.Experiences.TextInput.InputApp.exe","CallTrace":"C:\\windows\\SYSTEM32\\ntdll.dll+9c534|C:\\windows\\SYSTEM32\\psmserviceexthost.dll+222a3|C:\\windows\\SYSTEM32\\psmserviceexthost.dll+37ea0|C:\\windows\\SYSTEM32\\psmserviceexthost.dll+37929|C:\\windows\\SYSTEM32\\psmserviceexthost.dll+686f8|C:\\windows\\SYSTEM32\\psmserviceexthost.dll+6e84a|C:\\windows\\SYSTEM32\\psmserviceexthost.dll+6f700|C:\\windows\\SYSTEM32\\psmserviceexthost.dll+34be4|C:\\windows\\SYSTEM32\\psmserviceexthost.dll+6f63e|C:\\windows\\SYSTEM32\\psmserviceexthost.dll+713b5|C:\\windows\\SYSTEM32\\psmserviceexthost.dll+50bda|C:\\windows\\SYSTEM32\\psmserviceexthost.dll+4500a|C:\\windows\\System32\\KERNEL32.DLL+17bd4|C:\\windows\\SYSTEM32\\ntdll.dll+6ce51","host":"wec.internal.cloudapp.net","Message":"Process accessed:\r\nRuleName: -\r\nUtcTime: 2020-08-05 06:10:27.736\r\nSourceProcessGUID: {8715b604-0dea-5f2a-0e00-000000000400}\r\nSourceProcessId: 884\r\nSourceThreadId: 1064\r\nSourceImage: C:\\windows\\system32\\svchost.exe\r\nTargetProcessGUID: {8715b604-104c-5f2a-c702-000000000400}\r\nTargetProcessId: 4400\r\nTargetImage: C:\\Windows\\SystemApps\\InputApp_cw5n1h2txyewy\\WindowsInternal.ComposableShell.Experiences.TextInput.InputApp.exe\r\nGrantedAccess: 0x1000\r\nCallTrace: C:\\windows\\SYSTEM32\\ntdll.dll+9c534|C:\\windows\\SYSTEM32\\psmserviceexthost.dll+222a3|C:\\windows\\SYSTEM32\\psmserviceexthost.dll+37ea0|C:\\windows\\SYSTEM32\\psmserviceexthost.dll+37929|C:\\windows\\SYSTEM32\\psmserviceexthost.dll+686f8|C:\\windows\\SYSTEM32\\psmserviceexthost.dll+6e84a|C:\\windows\\SYSTEM32\\psmserviceexthost.dll+6f700|C:\\windows\\SYSTEM32\\psmserviceexthost.dll+34be4|C:\\windows\\SYSTEM32\\psmserviceexthost.dll+6f63e|C:\\windows\\SYSTEM32\\psmserviceexthost.dll+713b5|C:\\windows\\SYSTEM32\\psmserviceexthost.dll+50bda|C:\\windows\\SYSTEM32\\psmserviceexthost.dll+4500a|C:\\windows\\System32\\KERNEL32.DLL+17bd4|C:\\windows\\SYSTEM32\\ntdll.dll+6ce51","SourceModuleName":"eventlog","SourceThreadId":"1064","SourceName":"Microsoft-Windows-Sysmon","SourceProcessId":"884","SeverityValue":2,"tags":["mordorDataset"],"Channel":"Microsoft-Windows-Sysmon/Operational","ProviderGuid":"{5770385F-C22A-43E0-BF4C-06F5698FFBD9}","RuleName":"-","EventID":10,"RecordNumber":480225,"Hostname":"WORKSTATION5.theshire.local","SourceImage":"C:\\windows\\system32\\svchost.exe","ProcessId":"884","SourceModuleType":"im_msvistalog","Domain":"NT AUTHORITY","port":53997,"EventTime":"2020-08-05 02:10:27","Severity":"INFO","ExecutionProcessID":3484,"AccountName":"SYSTEM","OpcodeValue":0,"@timestamp":"2020-08-05T06:10:29.021Z","Task":10,"EventType":"INFO","EventReceivedTime":"2020-08-05 02:10:28","AccountType":"User"}
{"UtcTime":"2020-08-05 06:10:27.597","@version":"1","Keywords":-9223372036854775808,"EventTypeOrignal":"INFO","ThreadID":4256,"UserID":"S-1-5-18","Version":2,"host":"wec.internal.cloudapp.net","Message":"Registry object added or deleted:\r\nRuleName: -\r\nEventType: CreateKey\r\nUtcTime: 2020-08-05 06:10:27.597\r\nProcessGuid: {2b437147-0bb2-5f2a-3300-000000000400}\r\nProcessId: 2312\r\nImage: C:\\windows\\system32\\svchost.exe\r\nTargetObject: HKCR","SourceModuleName":"eventlog","ProcessGuid":"{2b437147-0bb2-5f2a-3300-000000000400}","SourceName":"Microsoft-Windows-Sysmon","SeverityValue":2,"tags":["mordorDataset"],"Channel":"Microsoft-Windows-Sysmon/Operational","ProviderGuid":"{5770385F-C22A-43E0-BF4C-06F5698FFBD9}","RuleName":"-","EventID":12,"RecordNumber":284988,"TargetObject":"HKCR","Hostname":"MORDORDC.theshire.local","ProcessId":"2312","SourceModuleType":"im_msvistalog","Domain":"NT AUTHORITY","port":53997,"EventTime":"2020-08-05 02:10:27","Severity":"INFO","ExecutionProcessID":3868,"AccountName":"SYSTEM","OpcodeValue":0,"@timestamp":"2020-08-05T06:10:29.021Z","Task":12,"EventType":"CreateKey","EventReceivedTime":"2020-08-05 02:10:28","Image":"C:\\windows\\system32\\svchost.exe","AccountType":"User"}
{"SourceProcessGUID":"{8715b604-0dea-5f2a-0e00-000000000400}","UtcTime":"2020-08-05 06:10:27.736","GrantedAccess":"0x1000","@version":"1","Keywords":-9223372036854775808,"ThreadID":4452,"TargetProcessId":"2764","UserID":"S-1-5-18","Version":3,"TargetProcessGUID":"{8715b604-2c5e-5f2a-0904-000000000400}","TargetImage":"C:\\Windows\\ImmersiveControlPanel\\SystemSettings.exe","CallTrace":"C:\\windows\\SYSTEM32\\ntdll.dll+9c534|C:\\windows\\SYSTEM32\\psmserviceexthost.dll+222a3|C:\\windows\\SYSTEM32\\psmserviceexthost.dll+37ea0|C:\\windows\\SYSTEM32\\psmserviceexthost.dll+37929|C:\\windows\\SYSTEM32\\psmserviceexthost.dll+686f8|C:\\windows\\SYSTEM32\\psmserviceexthost.dll+6e84a|C:\\windows\\SYSTEM32\\psmserviceexthost.dll+6f700|C:\\windows\\SYSTEM32\\psmserviceexthost.dll+34be4|C:\\windows\\SYSTEM32\\psmserviceexthost.dll+6f63e|C:\\windows\\SYSTEM32\\psmserviceexthost.dll+713b5|C:\\windows\\SYSTEM32\\psmserviceexthost.dll+50bda|C:\\windows\\SYSTEM32\\psmserviceexthost.dll+4500a|C:\\windows\\System32\\KERNEL32.DLL+17bd4|C:\\windows\\SYSTEM32\\ntdll.dll+6ce51","host":"wec.internal.cloudapp.net","Message":"Process accessed:\r\nRuleName: -\r\nUtcTime: 2020-08-05 06:10:27.736\r\nSourceProcessGUID: {8715b604-0dea-5f2a-0e00-000000000400}\r\nSourceProcessId: 884\r\nSourceThreadId: 1064\r\nSourceImage: C:\\windows\\system32\\svchost.exe\r\nTargetProcessGUID: {8715b604-2c5e-5f2a-0904-000000000400}\r\nTargetProcessId: 2764\r\nTargetImage: C:\\Windows\\ImmersiveControlPanel\\SystemSettings.exe\r\nGrantedAccess: 0x1000\r\nCallTrace: C:\\windows\\SYSTEM32\\ntdll.dll+9c534|C:\\windows\\SYSTEM32\\psmserviceexthost.dll+222a3|C:\\windows\\SYSTEM32\\psmserviceexthost.dll+37ea0|C:\\windows\\SYSTEM32\\psmserviceexthost.dll+37929|C:\\windows\\SYSTEM32\\psmserviceexthost.dll+686f8|C:\\windows\\SYSTEM32\\psmserviceexthost.dll+6e84a|C:\\windows\\SYSTEM32\\psmserviceexthost.dll+6f700|C:\\windows\\SYSTEM32\\psmserviceexthost.dll+34be4|C:\\windows\\SYSTEM32\\psmserviceexthost.dll+6f63e|C:\\windows\\SYSTEM32\\psmserviceexthost.dll+713b5|C:\\windows\\SYSTEM32\\psmserviceexthost.dll+50bda|C:\\windows\\SYSTEM32\\psmserviceexthost.dll+4500a|C:\\windows\\System32\\KERNEL32.DLL+17bd4|C:\\windows\\SYSTEM32\\ntdll.dll+6ce51","SourceModuleName":"eventlog","SourceThreadId":"1064","SourceName":"Microsoft-Windows-Sysmon","SourceProcessId":"884","SeverityValue":2,"tags":["mordorDataset"],"Channel":"Microsoft-Windows-Sysmon/Operational","ProviderGuid":"{5770385F-C22A-43E0-BF4C-06F5698FFBD9}","RuleName":"-","EventID":10,"RecordNumber":480226,"Hostname":"WORKSTATION5.theshire.local","SourceImage":"C:\\windows\\system32\\svchost.exe","ProcessId":"884","SourceModuleType":"im_msvistalog","Domain":"NT AUTHORITY","port":53997,"EventTime":"2020-08-05 02:10:27","Severity":"INFO","ExecutionProcessID":3484,"AccountName":"SYSTEM","OpcodeValue":0,"@timestamp":"2020-08-05T06:10:29.021Z","Task":10,"EventType":"INFO","EventReceivedTime":"2020-08-05 02:10:28","AccountType":"User"}
{"UtcTime":"2020-08-05 06:10:27.597","@version":"1","Keywords":-9223372036854775808,"EventTypeOrignal":"INFO","ThreadID":4256,"UserID":"S-1-5-18","Version":2,"host":"wec.internal.cloudapp.net","Message":"Registry object added or deleted:\r\nRuleName: -\r\nEventType: CreateKey\r\nUtcTime: 2020-08-05 06:10:27.597\r\nProcessGuid: {2b437147-0bb2-5f2a-3300-000000000400}\r\nProcessId: 2312\r\nImage: C:\\windows\\system32\\svchost.exe\r\nTargetObject: HKCR","SourceModuleName":"eventlog","ProcessGuid":"{2b437147-0bb2-5f2a-3300-000000000400}","SourceName":"Microsoft-Windows-Sysmon","SeverityValue":2,"tags":["mordorDataset"],"Channel":"Microsoft-Windows-Sysmon/Operational","ProviderGuid":"{5770385F-C22A-43E0-BF4C-06F5698FFBD9}","RuleName":"-","EventID":12,"RecordNumber":284989,"TargetObject":"HKCR","Hostname":"MORDORDC.theshire.local","ProcessId":"2312","SourceModuleType":"im_msvistalog","Domain":"NT AUTHORITY","port":53997,"EventTime":"2020-08-05 02:10:27","Severity":"INFO","ExecutionProcessID":3868,"AccountName":"SYSTEM","OpcodeValue":0,"@timestamp":"2020-08-05T06:10:29.022Z","Task":12,"EventType":"CreateKey","EventReceivedTime":"2020-08-05 02:10:28","Image":"C:\\windows\\system32\\svchost.exe","AccountType":"User"}
{"SourceProcessGUID":"{8715b604-0dea-5f2a-0e00-000000000400}","UtcTime":"2020-08-05 06:10:27.736","GrantedAccess":"0x1000","@version":"1","Keywords":-9223372036854775808,"ThreadID":4452,"TargetProcessId":"6408","UserID":"S-1-5-18","Version":3,"TargetProcessGUID":"{8715b604-2bdc-5f2a-e503-000000000400}","TargetImage":"C:\\Windows\\SystemApps\\Microsoft.Windows.SecHealthUI_cw5n1h2txyewy\\SecHealthUI.exe","CallTrace":"C:\\windows\\SYSTEM32\\ntdll.dll+9c534|C:\\windows\\SYSTEM32\\psmserviceexthost.dll+222a3|C:\\windows\\SYSTEM32\\psmserviceexthost.dll+37ea0|C:\\windows\\SYSTEM32\\psmserviceexthost.dll+37929|C:\\windows\\SYSTEM32\\psmserviceexthost.dll+686f8|C:\\windows\\SYSTEM32\\psmserviceexthost.dll+6e84a|C:\\windows\\SYSTEM32\\psmserviceexthost.dll+6f700|C:\\windows\\SYSTEM32\\psmserviceexthost.dll+34be4|C:\\windows\\SYSTEM32\\psmserviceexthost.dll+6f63e|C:\\windows\\SYSTEM32\\psmserviceexthost.dll+713b5|C:\\windows\\SYSTEM32\\psmserviceexthost.dll+50bda|C:\\windows\\SYSTEM32\\psmserviceexthost.dll+4500a|C:\\windows\\System32\\KERNEL32.DLL+17bd4|C:\\windows\\SYSTEM32\\ntdll.dll+6ce51","host":"wec.internal.cloudapp.net","Message":"Process accessed:\r\nRuleName: -\r\nUtcTime: 2020-08-05 06:10:27.736\r\nSourceProcessGUID: {8715b604-0dea-5f2a-0e00-000000000400}\r\nSourceProcessId: 884\r\nSourceThreadId: 1064\r\nSourceImage: C:\\windows\\system32\\svchost.exe\r\nTargetProcessGUID: {8715b604-2bdc-5f2a-e503-000000000400}\r\nTargetProcessId: 6408\r\nTargetImage: C:\\Windows\\SystemApps\\Microsoft.Windows.SecHealthUI_cw5n1h2txyewy\\SecHealthUI.exe\r\nGrantedAccess: 0x1000\r\nCallTrace: C:\\windows\\SYSTEM32\\ntdll.dll+9c534|C:\\windows\\SYSTEM32\\psmserviceexthost.dll+222a3|C:\\windows\\SYSTEM32\\psmserviceexthost.dll+37ea0|C:\\windows\\SYSTEM32\\psmserviceexthost.dll+37929|C:\\windows\\SYSTEM32\\psmserviceexthost.dll+686f8|C:\\windows\\SYSTEM32\\psmserviceexthost.dll+6e84a|C:\\windows\\SYSTEM32\\psmserviceexthost.dll+6f700|C:\\windows\\SYSTEM32\\psmserviceexthost.dll+34be4|C:\\windows\\SYSTEM32\\psmserviceexthost.dll+6f63e|C:\\windows\\SYSTEM32\\psmserviceexthost.dll+713b5|C:\\windows\\SYSTEM32\\psmserviceexthost.dll+50bda|C:\\windows\\SYSTEM32\\psmserviceexthost.dll+4500a|C:\\windows\\System32\\KERNEL32.DLL+17bd4|C:\\windows\\SYSTEM32\\ntdll.dll+6ce51","SourceModuleName":"eventlog","SourceThreadId":"1064","SourceName":"Microsoft-Windows-Sysmon","SourceProcessId":"884","SeverityValue":2,"tags":["mordorDataset"],"Channel":"Microsoft-Windows-Sysmon/Operational","ProviderGuid":"{5770385F-C22A-43E0-BF4C-06F5698FFBD9}","RuleName":"-","EventID":10,"RecordNumber":480227,"Hostname":"WORKSTATION5.theshire.local","SourceImage":"C:\\windows\\system32\\svchost.exe","ProcessId":"884","SourceModuleType":"im_msvistalog","Domain":"NT AUTHORITY","port":53997,"EventTime":"2020-08-05 02:10:27","Severity":"INFO","ExecutionProcessID":3484,"AccountName":"SYSTEM","OpcodeValue":0,"@timestamp":"2020-08-05T06:10:29.022Z","Task":10,"EventType":"INFO","EventReceivedTime":"2020-08-05 02:10:28","AccountType":"User"}
{"UtcTime":"2020-08-05 06:10:27.597","@version":"1","Keywords":-9223372036854775808,"EventTypeOrignal":"INFO","ThreadID":4256,"UserID":"S-1-5-18","Version":2,"host":"wec.internal.cloudapp.net","Message":"Registry object added or deleted:\r\nRuleName: -\r\nEventType: CreateKey\r\nUtcTime: 2020-08-05 06:10:27.597\r\nProcessGuid: {2b437147-0bb2-5f2a-3300-000000000400}\r\nProcessId: 2312\r\nImage: C:\\windows\\system32\\svchost.exe\r\nTargetObject: HKCR","SourceModuleName":"eventlog","ProcessGuid":"{2b437147-0bb2-5f2a-3300-000000000400}","SourceName":"Microsoft-Windows-Sysmon","SeverityValue":2,"tags":["mordorDataset"],"Channel":"Microsoft-Windows-Sysmon/Operational","ProviderGuid":"{5770385F-C22A-43E0-BF4C-06F5698FFBD9}","RuleName":"-","EventID":12,"RecordNumber":284990,"TargetObject":"HKCR","Hostname":"MORDORDC.theshire.local","ProcessId":"2312","SourceModuleType":"im_msvistalog","Domain":"NT AUTHORITY","port":53997,"EventTime":"2020-08-05 02:10:27","Severity":"INFO","ExecutionProcessID":3868,"AccountName":"SYSTEM","OpcodeValue":0,"@timestamp":"2020-08-05T06:10:29.023Z","Task":12,"EventType":"CreateKey","EventReceivedTime":"2020-08-05 02:10:28","Image":"C:\\windows\\system32\\svchost.exe","AccountType":"User"}
{"SourceProcessGUID":"{8715b604-0dea-5f2a-0e00-000000000400}","UtcTime":"2020-08-05 06:10:27.736","GrantedAccess":"0x1000","@version":"1","Keywords":-9223372036854775808,"ThreadID":4452,"TargetProcessId":"6244","UserID":"S-1-5-18","Version":3,"TargetProcessGUID":"{8715b604-2975-5f2a-9603-000000000400}","TargetImage":"C:\\Windows\\SystemApps\\InputApp_cw5n1h2txyewy\\WindowsInternal.ComposableShell.Experiences.TextInput.InputApp.exe","CallTrace":"C:\\windows\\SYSTEM32\\ntdll.dll+9c534|C:\\windows\\SYSTEM32\\psmserviceexthost.dll+222a3|C:\\windows\\SYSTEM32\\psmserviceexthost.dll+37ea0|C:\\windows\\SYSTEM32\\psmserviceexthost.dll+37929|C:\\windows\\SYSTEM32\\psmserviceexthost.dll+686f8|C:\\windows\\SYSTEM32\\psmserviceexthost.dll+6e84a|C:\\windows\\SYSTEM32\\psmserviceexthost.dll+6f700|C:\\windows\\SYSTEM32\\psmserviceexthost.dll+34be4|C:\\windows\\SYSTEM32\\psmserviceexthost.dll+6f63e|C:\\windows\\SYSTEM32\\psmserviceexthost.dll+713b5|C:\\windows\\SYSTEM32\\psmserviceexthost.dll+50bda|C:\\windows\\SYSTEM32\\psmserviceexthost.dll+4500a|C:\\windows\\System32\\KERNEL32.DLL+17bd4|C:\\windows\\SYSTEM32\\ntdll.dll+6ce51","host":"wec.internal.cloudapp.net","Message":"Process accessed:\r\nRuleName: -\r\nUtcTime: 2020-08-05 06:10:27.736\r\nSourceProcessGUID: {8715b604-0dea-5f2a-0e00-000000000400}\r\nSourceProcessId: 884\r\nSourceThreadId: 1064\r\nSourceImage: C:\\windows\\system32\\svchost.exe\r\nTargetProcessGUID: {8715b604-2975-5f2a-9603-000000000400}\r\nTargetProcessId: 6244\r\nTargetImage: C:\\Windows\\SystemApps\\InputApp_cw5n1h2txyewy\\WindowsInternal.ComposableShell.Experiences.TextInput.InputApp.exe\r\nGrantedAccess: 0x1000\r\nCallTrace: C:\\windows\\SYSTEM32\\ntdll.dll+9c534|C:\\windows\\SYSTEM32\\psmserviceexthost.dll+222a3|C:\\windows\\SYSTEM32\\psmserviceexthost.dll+37ea0|C:\\windows\\SYSTEM32\\psmserviceexthost.dll+37929|C:\\windows\\SYSTEM32\\psmserviceexthost.dll+686f8|C:\\windows\\SYSTEM32\\psmserviceexthost.dll+6e84a|C:\\windows\\SYSTEM32\\psmserviceexthost.dll+6f700|C:\\windows\\SYSTEM32\\psmserviceexthost.dll+34be4|C:\\windows\\SYSTEM32\\psmserviceexthost.dll+6f63e|C:\\windows\\SYSTEM32\\psmserviceexthost.dll+713b5|C:\\windows\\SYSTEM32\\psmserviceexthost.dll+50bda|C:\\windows\\SYSTEM32\\psmserviceexthost.dll+4500a|C:\\windows\\System32\\KERNEL32.DLL+17bd4|C:\\windows\\SYSTEM32\\ntdll.dll+6ce51","SourceModuleName":"eventlog","SourceThreadId":"1064","SourceName":"Microsoft-Windows-Sysmon","SourceProcessId":"884","SeverityValue":2,"tags":["mordorDataset"],"Channel":"Microsoft-Windows-Sysmon/Operational","ProviderGuid":"{5770385F-C22A-43E0-BF4C-06F5698FFBD9}","RuleName":"-","EventID":10,"RecordNumber":480228,"Hostname":"WORKSTATION5.theshire.local","SourceImage":"C:\\windows\\system32\\svchost.exe","ProcessId":"884","SourceModuleType":"im_msvistalog","Domain":"NT AUTHORITY","port":53997,"EventTime":"2020-08-05 02:10:27","Severity":"INFO","ExecutionProcessID":3484,"AccountName":"SYSTEM","OpcodeValue":0,"@timestamp":"2020-08-05T06:10:29.023Z","Task":10,"EventType":"INFO","EventReceivedTime":"2020-08-05 02:10:28","AccountType":"User"}
{"UtcTime":"2020-08-05 06:10:27.597","@version":"1","Keywords":-9223372036854775808,"EventTypeOrignal":"INFO","ThreadID":4256,"UserID":"S-1-5-18","Version":2,"host":"wec.internal.cloudapp.net","Message":"Registry object added or deleted:\r\nRuleName: -\r\nEventType: CreateKey\r\nUtcTime: 2020-08-05 06:10:27.597\r\nProcessGuid: {2b437147-0bb2-5f2a-3300-000000000400}\r\nProcessId: 2312\r\nImage: C:\\windows\\system32\\svchost.exe\r\nTargetObject: HKCR","SourceModuleName":"eventlog","ProcessGuid":"{2b437147-0bb2-5f2a-3300-000000000400}","SourceName":"Microsoft-Windows-Sysmon","SeverityValue":2,"tags":["mordorDataset"],"Channel":"Microsoft-Windows-Sysmon/Operational","ProviderGuid":"{5770385F-C22A-43E0-BF4C-06F5698FFBD9}","RuleName":"-","EventID":12,"RecordNumber":284991,"TargetObject":"HKCR","Hostname":"MORDORDC.theshire.local","ProcessId":"2312","SourceModuleType":"im_msvistalog","Domain":"NT AUTHORITY","port":53997,"EventTime":"2020-08-05 02:10:27","Severity":"INFO","ExecutionProcessID":3868,"AccountName":"SYSTEM","OpcodeValue":0,"@timestamp":"2020-08-05T06:10:29.023Z","Task":12,"EventType":"CreateKey","EventReceivedTime":"2020-08-05 02:10:28","Image":"C:\\windows\\system32\\svchost.exe","AccountType":"User"}
{"UtcTime":"2020-08-05 06:10:27.597","@version":"1","Keywords":-9223372036854775808,"EventTypeOrignal":"INFO","ThreadID":4256,"UserID":"S-1-5-18","Version":2,"host":"wec.internal.cloudapp.net","Message":"Registry object added or deleted:\r\nRuleName: -\r\nEventType: CreateKey\r\nUtcTime: 2020-08-05 06:10:27.597\r\nProcessGuid: {2b437147-0bb2-5f2a-3300-000000000400}\r\nProcessId: 2312\r\nImage: C:\\windows\\system32\\svchost.exe\r\nTargetObject: HKCR","SourceModuleName":"eventlog","ProcessGuid":"{2b437147-0bb2-5f2a-3300-000000000400}","SourceName":"Microsoft-Windows-Sysmon","SeverityValue":2,"tags":["mordorDataset"],"Channel":"Microsoft-Windows-Sysmon/Operational","ProviderGuid":"{5770385F-C22A-43E0-BF4C-06F5698FFBD9}","RuleName":"-","EventID":12,"RecordNumber":284992,"TargetObject":"HKCR","Hostname":"MORDORDC.theshire.local","ProcessId":"2312","SourceModuleType":"im_msvistalog","Domain":"NT AUTHORITY","port":53997,"EventTime":"2020-08-05 02:10:27","Severity":"INFO","ExecutionProcessID":3868,"AccountName":"SYSTEM","OpcodeValue":0,"@timestamp":"2020-08-05T06:10:29.023Z","Task":12,"EventType":"CreateKey","EventReceivedTime":"2020-08-05 02:10:28","Image":"C:\\windows\\system32\\svchost.exe","AccountType":"User"}
{"UtcTime":"2020-08-05 06:10:27.597","@version":"1","Keywords":-9223372036854775808,"EventTypeOrignal":"INFO","ThreadID":4256,"UserID":"S-1-5-18","Version":2,"host":"wec.internal.cloudapp.net","Message":"Registry object added or deleted:\r\nRuleName: -\r\nEventType: CreateKey\r\nUtcTime: 2020-08-05 06:10:27.597\r\nProcessGuid: {2b437147-0bb2-5f2a-3300-000000000400}\r\nProcessId: 2312\r\nImage: C:\\windows\\system32\\svchost.exe\r\nTargetObject: HKCR","SourceModuleName":"eventlog","ProcessGuid":"{2b437147-0bb2-5f2a-3300-000000000400}","SourceName":"Microsoft-Windows-Sysmon","SeverityValue":2,"tags":["mordorDataset"],"Channel":"Microsoft-Windows-Sysmon/Operational","ProviderGuid":"{5770385F-C22A-43E0-BF4C-06F5698FFBD9}","RuleName":"-","EventID":12,"RecordNumber":284993,"TargetObject":"HKCR","Hostname":"MORDORDC.theshire.local","ProcessId":"2312","SourceModuleType":"im_msvistalog","Domain":"NT AUTHORITY","port":53997,"EventTime":"2020-08-05 02:10:27","Severity":"INFO","ExecutionProcessID":3868,"AccountName":"SYSTEM","OpcodeValue":0,"@timestamp":"2020-08-05T06:10:29.023Z","Task":12,"EventType":"CreateKey","EventReceivedTime":"2020-08-05 02:10:28","Image":"C:\\windows\\system32\\svchost.exe","AccountType":"User"}
{"UtcTime":"2020-08-05 06:10:27.597","@version":"1","Keywords":-9223372036854775808,"EventTypeOrignal":"INFO","ThreadID":4256,"UserID":"S-1-5-18","Version":2,"host":"wec.internal.cloudapp.net","Message":"Registry object added or deleted:\r\nRuleName: -\r\nEventType: CreateKey\r\nUtcTime: 2020-08-05 06:10:27.597\r\nProcessGuid: {2b437147-0bb2-5f2a-3300-000000000400}\r\nProcessId: 2312\r\nImage: C:\\windows\\system32\\svchost.exe\r\nTargetObject: HKCR","SourceModuleName":"eventlog","ProcessGuid":"{2b437147-0bb2-5f2a-3300-000000000400}","SourceName":"Microsoft-Windows-Sysmon","SeverityValue":2,"tags":["mordorDataset"],"Channel":"Microsoft-Windows-Sysmon/Operational","ProviderGuid":"{5770385F-C22A-43E0-BF4C-06F5698FFBD9}","RuleName":"-","EventID":12,"RecordNumber":284994,"TargetObject":"HKCR","Hostname":"MORDORDC.theshire.local","ProcessId":"2312","SourceModuleType":"im_msvistalog","Domain":"NT AUTHORITY","port":53997,"EventTime":"2020-08-05 02:10:27","Severity":"INFO","ExecutionProcessID":3868,"AccountName":"SYSTEM","OpcodeValue":0,"@timestamp":"2020-08-05T06:10:29.024Z","Task":12,"EventType":"CreateKey","EventReceivedTime":"2020-08-05 02:10:28","Image":"C:\\windows\\system32\\svchost.exe","AccountType":"User"}
{"SourceProcessGUID":"{2b437147-0bb2-5f2a-3300-000000000400}","UtcTime":"2020-08-05 06:10:27.597","GrantedAccess":"0x1fffff","@version":"1","Keywords":-9223372036854775808,"ThreadID":4256,"TargetProcessId":"3860","UserID":"S-1-5-18","Version":3,"TargetProcessGUID":"{2b437147-0bbd-5f2a-5900-000000000400}","TargetImage":"C:\\windows\\system32\\DFSRs.exe","CallTrace":"C:\\windows\\SYSTEM32\\ntdll.dll+9fc24|C:\\windows\\System32\\KERNELBASE.dll+212ee|C:\\windows\\system32\\wbem\\wmiprvsd.dll+8b2b7|C:\\windows\\system32\\wbem\\wmiprvsd.dll+4f558|C:\\windows\\system32\\wbem\\wmiprvsd.dll+51969|C:\\windows\\system32\\wbem\\wmiprvsd.dll+86044|C:\\windows\\system32\\wbem\\wbemcore.dll+76ac|C:\\windows\\system32\\wbem\\wbemcore.dll+7383|C:\\windows\\system32\\wbem\\wbemcore.dll+285a3|C:\\windows\\system32\\wbem\\wbemcore.dll+28529|C:\\windows\\system32\\wbem\\wbemcore.dll+2842a|C:\\windows\\system32\\wbem\\wbemcore.dll+28c29|C:\\windows\\system32\\wbem\\wbemcore.dll+2887e|C:\\windows\\system32\\wbem\\wbemcore.dll+285a3|C:\\windows\\system32\\wbem\\wbemcore.dll+28529|C:\\windows\\system32\\wbem\\wbemcore.dll+2842a|C:\\windows\\system32\\wbem\\wbemcore.dll+7ca3|C:\\windows\\system32\\wbem\\wbemcore.dll+7fa9|C:\\windows\\System32\\KERNEL32.DLL+17974|C:\\windows\\SYSTEM32\\ntdll.dll+6a271","host":"wec.internal.cloudapp.net","Message":"Process accessed:\r\nRuleName: -\r\nUtcTime: 2020-08-05 06:10:27.597\r\nSourceProcessGUID: {2b437147-0bb2-5f2a-3300-000000000400}\r\nSourceProcessId: 2312\r\nSourceThreadId: 2616\r\nSourceImage: C:\\windows\\system32\\svchost.exe\r\nTargetProcessGUID: {2b437147-0bbd-5f2a-5900-000000000400}\r\nTargetProcessId: 3860\r\nTargetImage: C:\\windows\\system32\\DFSRs.exe\r\nGrantedAccess: 0x1FFFFF\r\nCallTrace: C:\\windows\\SYSTEM32\\ntdll.dll+9fc24|C:\\windows\\System32\\KERNELBASE.dll+212ee|C:\\windows\\system32\\wbem\\wmiprvsd.dll+8b2b7|C:\\windows\\system32\\wbem\\wmiprvsd.dll+4f558|C:\\windows\\system32\\wbem\\wmiprvsd.dll+51969|C:\\windows\\system32\\wbem\\wmiprvsd.dll+86044|C:\\windows\\system32\\wbem\\wbemcore.dll+76ac|C:\\windows\\system32\\wbem\\wbemcore.dll+7383|C:\\windows\\system32\\wbem\\wbemcore.dll+285a3|C:\\windows\\system32\\wbem\\wbemcore.dll+28529|C:\\windows\\system32\\wbem\\wbemcore.dll+2842a|C:\\windows\\system32\\wbem\\wbemcore.dll+28c29|C:\\windows\\system32\\wbem\\wbemcore.dll+2887e|C:\\windows\\system32\\wbem\\wbemcore.dll+285a3|C:\\windows\\system32\\wbem\\wbemcore.dll+28529|C:\\windows\\system32\\wbem\\wbemcore.dll+2842a|C:\\windows\\system32\\wbem\\wbemcore.dll+7ca3|C:\\windows\\system32\\wbem\\wbemcore.dll+7fa9|C:\\windows\\System32\\KERNEL32.DLL+17974|C:\\windows\\SYSTEM32\\ntdll.dll+6a271","SourceModuleName":"eventlog","SourceThreadId":"2616","SourceName":"Microsoft-Windows-Sysmon","SourceProcessId":"2312","SeverityValue":2,"tags":["mordorDataset"],"Channel":"Microsoft-Windows-Sysmon/Operational","ProviderGuid":"{5770385F-C22A-43E0-BF4C-06F5698FFBD9}","RuleName":"-","EventID":10,"RecordNumber":284995,"Hostname":"MORDORDC.theshire.local","SourceImage":"C:\\windows\\system32\\svchost.exe","ProcessId":"2312","SourceModuleType":"im_msvistalog","Domain":"NT AUTHORITY","port":53997,"EventTime":"2020-08-05 02:10:27","Severity":"INFO","ExecutionProcessID":3868,"AccountName":"SYSTEM","OpcodeValue":0,"@timestamp":"2020-08-05T06:10:30.023Z","Task":10,"EventType":"INFO","EventReceivedTime":"2020-08-05 02:10:30","AccountType":"User"}
{"SourceProcessGUID":"{2b437147-0bb2-5f2a-3300-000000000400}","UtcTime":"2020-08-05 06:10:27.597","GrantedAccess":"0x1fffff","@version":"1","Keywords":-9223372036854775808,"ThreadID":4256,"TargetProcessId":"3860","UserID":"S-1-5-18","Version":3,"TargetProcessGUID":"{2b437147-0bbd-5f2a-5900-000000000400}","TargetImage":"C:\\windows\\system32\\DFSRs.exe","CallTrace":"C:\\windows\\SYSTEM32\\ntdll.dll+9fc24|C:\\windows\\System32\\KERNELBASE.dll+212ee|C:\\windows\\system32\\wbem\\wmiprvsd.dll+4feeb|C:\\windows\\system32\\wbem\\wmiprvsd.dll+54705|C:\\windows\\system32\\wbem\\wmiprvsd.dll+4f5ae|C:\\windows\\system32\\wbem\\wmiprvsd.dll+51969|C:\\windows\\system32\\wbem\\wmiprvsd.dll+86044|C:\\windows\\system32\\wbem\\wbemcore.dll+76ac|C:\\windows\\system32\\wbem\\wbemcore.dll+7383|C:\\windows\\system32\\wbem\\wbemcore.dll+285a3|C:\\windows\\system32\\wbem\\wbemcore.dll+28529|C:\\windows\\system32\\wbem\\wbemcore.dll+2842a|C:\\windows\\system32\\wbem\\wbemcore.dll+28c29|C:\\windows\\system32\\wbem\\wbemcore.dll+2887e|C:\\windows\\system32\\wbem\\wbemcore.dll+285a3|C:\\windows\\system32\\wbem\\wbemcore.dll+28529|C:\\windows\\system32\\wbem\\wbemcore.dll+2842a|C:\\windows\\system32\\wbem\\wbemcore.dll+7ca3|C:\\windows\\system32\\wbem\\wbemcore.dll+7fa9|C:\\windows\\System32\\KERNEL32.DLL+17974|C:\\windows\\SYSTEM32\\ntdll.dll+6a271","host":"wec.internal.cloudapp.net","Message":"Process accessed:\r\nRuleName: -\r\nUtcTime: 2020-08-05 06:10:27.597\r\nSourceProcessGUID: {2b437147-0bb2-5f2a-3300-000000000400}\r\nSourceProcessId: 2312\r\nSourceThreadId: 2616\r\nSourceImage: C:\\windows\\system32\\svchost.exe\r\nTargetProcessGUID: {2b437147-0bbd-5f2a-5900-000000000400}\r\nTargetProcessId: 3860\r\nTargetImage: C:\\windows\\system32\\DFSRs.exe\r\nGrantedAccess: 0x1FFFFF\r\nCallTrace: C:\\windows\\SYSTEM32\\ntdll.dll+9fc24|C:\\windows\\System32\\KERNELBASE.dll+212ee|C:\\windows\\system32\\wbem\\wmiprvsd.dll+4feeb|C:\\windows\\system32\\wbem\\wmiprvsd.dll+54705|C:\\windows\\system32\\wbem\\wmiprvsd.dll+4f5ae|C:\\windows\\system32\\wbem\\wmiprvsd.dll+51969|C:\\windows\\system32\\wbem\\wmiprvsd.dll+86044|C:\\windows\\system32\\wbem\\wbemcore.dll+76ac|C:\\windows\\system32\\wbem\\wbemcore.dll+7383|C:\\windows\\system32\\wbem\\wbemcore.dll+285a3|C:\\windows\\system32\\wbem\\wbemcore.dll+28529|C:\\windows\\system32\\wbem\\wbemcore.dll+2842a|C:\\windows\\system32\\wbem\\wbemcore.dll+28c29|C:\\windows\\system32\\wbem\\wbemcore.dll+2887e|C:\\windows\\system32\\wbem\\wbemcore.dll+285a3|C:\\windows\\system32\\wbem\\wbemcore.dll+28529|C:\\windows\\system32\\wbem\\wbemcore.dll+2842a|C:\\windows\\system32\\wbem\\wbemcore.dll+7ca3|C:\\windows\\system32\\wbem\\wbemcore.dll+7fa9|C:\\windows\\System32\\KERNEL32.DLL+17974|C:\\windows\\SYSTEM32\\ntdll.dll+6a271","SourceModuleName":"eventlog","SourceThreadId":"2616","SourceName":"Microsoft-Windows-Sysmon","SourceProcessId":"2312","SeverityValue":2,"tags":["mordorDataset"],"Channel":"Microsoft-Windows-Sysmon/Operational","ProviderGuid":"{5770385F-C22A-43E0-BF4C-06F5698FFBD9}","RuleName":"-","EventID":10,"RecordNumber":284996,"Hostname":"MORDORDC.theshire.local","SourceImage":"C:\\windows\\system32\\svchost.exe","ProcessId":"2312","SourceModuleType":"im_msvistalog","Domain":"NT AUTHORITY","port":53997,"EventTime":"2020-08-05 02:10:27","Severity":"INFO","ExecutionProcessID":3868,"AccountName":"SYSTEM","OpcodeValue":0,"@timestamp":"2020-08-05T06:10:30.023Z","Task":10,"EventType":"INFO","EventReceivedTime":"2020-08-05 02:10:30","AccountType":"User"}
