{"UtcTime":"2020-08-05 06:10:09.199","@version":"1","Keywords":-9223372036854775808,"EventTypeOrignal":"INFO","ThreadID":4452,"UserID":"S-1-5-18","Version":2,"Details":"DWORD (0x00000002)","host":"wec.internal.cloudapp.net","Message":"Registry value set:\r\nRuleName: -\r\nEventType: SetValue\r\nUtcTime: 2020-08-05 06:10:09.199\r\nProcessGuid: {8715b604-0df2-5f2a-4900-000000000400}\r\nProcessId: 3356\r\nImage: C:\\windows\\System32\\svchost.exe\r\nTargetObject: HKLM\\SOFTWARE\\Microsoft\\Windows\\CurrentVersion\\Diagnostics\\DiagTrack\\LastConnectivityState\r\nDetails: DWORD (0x00000002)","SourceModuleName":"eventlog","ProcessGuid":"{8715b604-0df2-5f2a-4900-000000000400}","SourceName":"Microsoft-Windows-Sysmon","SeverityValue":2,"tags":["mordorDataset"],"Channel":"Microsoft-Windows-Sysmon/Operational","ProviderGuid":"{5770385F-C22A-43E0-BF4C-06F5698FFBD9}","RuleName":"-","EventID":13,"RecordNumber":480111,"TargetObject":"HKLM\\SOFTWARE\\Microsoft\\Windows\\CurrentVersion\\Diagnostics\\DiagTrack\\LastConnectivityState","Hostname":"WORKSTATION5.theshire.local","ProcessId":"3356","SourceModuleType":"im_msvistalog","Domain":"NT AUTHORITY","port":53997,"EventTime":"2020-08-05 02:10:09","Severity":"INFO","ExecutionProcessID":3484,"AccountName":"SYSTEM","OpcodeValue":0,"@timestamp":"2020-08-05T06:10:10.928Z","Task":13,"EventType":"SetValue","EventReceivedTime":"2020-08-05 02:10:10","Image":"C:\\windows\\System32\\svchost.exe","AccountType":"User"}
{"UtcTime":"2020-08-05 06:10:09.199","@version":"1","Keywords":-9223372036854775808,"EventTypeOrignal":"INFO","ThreadID":4452,"UserID":"S-1-5-18","Version":2,"Details":"DWORD (0x0000021c)","host":"wec.internal.cloudapp.net","Message":"Registry value set:\r\nRuleName: -\r\nEventType: SetValue\r\nUtcTime: 2020-08-05 06:10:09.199\r\nProcessGuid: {8715b604-0df2-5f2a-4900-000000000400}\r\nProcessId: 3356\r\nImage: C:\\windows\\System32\\svchost.exe\r\nTargetObject: HKLM\\SOFTWARE\\Microsoft\\Windows\\CurrentVersion\\Diagnostics\\DiagTrack\\ConnectivityNoNetworkTime\r\nDetails: DWORD (0x0000021c)","SourceModuleName":"eventlog","ProcessGuid":"{8715b604-0df2-5f2a-4900-000000000400}","SourceName":"Microsoft-Windows-Sysmon","SeverityValue":2,"tags":["mordorDataset"],"Channel":"Microsoft-Windows-Sysmon/Operational","ProviderGuid":"{5770385F-C22A-43E0-BF4C-06F5698FFBD9}","RuleName":"-","EventID":13,"RecordNumber":480112,"TargetObject":"HKLM\\SOFTWARE\\Microsoft\\Windows\\CurrentVersion\\Diagnostics\\DiagTrack\\ConnectivityNoNetworkTime","Hostname":"WORKSTATION5.theshire.local","ProcessId":"3356","SourceModuleType":"im_msvistalog","Domain":"NT AUTHORITY","port":53997,"EventTime":"2020-08-05 02:10:09","Severity":"INFO","ExecutionProcessID":3484,"AccountName":"SYSTEM","OpcodeValue":0,"@timestamp":"2020-08-05T06:10:10.928Z","Task":13,"EventType":"SetValue","EventReceivedTime":"2020-08-05 02:10:10","Image":"C:\\windows\\System32\\svchost.exe","AccountType":"User"}
{"UtcTime":"2020-08-05 06:10:09.199","@version":"1","Keywords":-9223372036854775808,"EventTypeOrignal":"INFO","ThreadID":4452,"UserID":"S-1-5-18","Version":2,"Details":"DWORD (0x00000000)","host":"wec.internal.cloudapp.net","Message":"Registry value set:\r\nRuleName: -\r\nEventType: SetValue\r\nUtcTime: 2020-08-05 06:10:09.199\r\nProcessGuid: {8715b604-0df2-5f2a-4900-000000000400}\r\nProcessId: 3356\r\nImage: C:\\windows\\System32\\svchost.exe\r\nTargetObject: HKLM\\SOFTWARE\\Microsoft\\Windows\\CurrentVersion\\Diagnostics\\DiagTrack\\ConnectivityRestrictedNetworkTime\r\nDetails: DWORD (0x00000000)","SourceModuleName":"eventlog","ProcessGuid":"{8715b604-0df2-5f2a-4900-000000000400}","SourceName":"Microsoft-Windows-Sysmon","SeverityValue":2,"tags":["mordorDataset"],"Channel":"Microsoft-Windows-Sysmon/Operational","ProviderGuid":"{5770385F-C22A-43E0-BF4C-06F5698FFBD9}","RuleName":"-","EventID":13,"RecordNumber":480113,"TargetObject":"HKLM\\SOFTWARE\\Microsoft\\Windows\\CurrentVersion\\Diagnostics\\DiagTrack\\ConnectivityRestrictedNetworkTime","Hostname":"WORKSTATION5.theshire.local","ProcessId":"3356","SourceModuleType":"im_msvistalog","Domain":"NT AUTHORITY","port":53997,"EventTime":"2020-08-05 02:10:09","Severity":"INFO","ExecutionProcessID":3484,"AccountName":"SYSTEM","OpcodeValue":0,"@timestamp":"2020-08-05T06:10:10.929Z","Task":13,"EventType":"SetValue","EventReceivedTime":"2020-08-05 02:10:10","Image":"C:\\windows\\System32\\svchost.exe","AccountType":"User"}
{"UtcTime":"2020-08-05 06:10:09.211","@version":"1","Keywords":-9223372036854775808,"EventTypeOrignal":"INFO","ThreadID":4452,"UserID":"S-1-5-18","Version":2,"host":"wec.internal.cloudapp.net","Message":"Registry object added or deleted:\r\nRuleName: -\r\nEventType: CreateKey\r\nUtcTime: 2020-08-05 06:10:09.211\r\nProcessGuid: {8715b604-0df2-5f2a-4900-000000000400}\r\nProcessId: 3356\r\nImage: C:\\windows\\System32\\svchost.exe\r\nTargetObject: HKLM\\SOFTWARE\\Microsoft\\IdentityCRL\\ClockData","SourceModuleName":"eventlog","ProcessGuid":"{8715b604-0df2-5f2a-4900-000000000400}","SourceName":"Microsoft-Windows-Sysmon","SeverityValue":2,"tags":["mordorDataset"],"Channel":"Microsoft-Windows-Sysmon/Operational","ProviderGuid":"{5770385F-C22A-43E0-BF4C-06F5698FFBD9}","RuleName":"-","EventID":12,"RecordNumber":480114,"TargetObject":"HKLM\\SOFTWARE\\Microsoft\\IdentityCRL\\ClockData","Hostname":"WORKSTATION5.theshire.local","ProcessId":"3356","SourceModuleType":"im_msvistalog","Domain":"NT AUTHORITY","port":53997,"EventTime":"2020-08-05 02:10:09","Severity":"INFO","ExecutionProcessID":3484,"AccountName":"SYSTEM","OpcodeValue":0,"@timestamp":"2020-08-05T06:10:10.929Z","Task":12,"EventType":"CreateKey","EventReceivedTime":"2020-08-05 02:10:10","Image":"C:\\windows\\System32\\svchost.exe","AccountType":"User"}
{"@version":"1","ThreadID":4452,"UserID":"S-1-5-18","Version":3,"Message":"Image loaded:\r\nRuleName: -\r\nUtcTime: 2020-08-05 06:10:09.213\r\nProcessGuid: {8715b604-0df2-5f2a-4900-000000000400}\r\nProcessId: 3356\r\nImage: C:\\Windows\\System32\\svchost.exe\r\nImageLoaded: C:\\Windows\\System32\\OnDemandConnRouteHelper.dll\r\nFileVersion: 10.0.18362.1 (WinBuild.160101.0800)\r\nDescription: On Demand Connctiond Route Helper\r\nProduct: Microsoft® Windows® Operating System\r\nCompany: Microsoft Corporation\r\nOriginalFileName: OnDemandConnRouteHelper.dll\r\nHashes: SHA1=CB0FED80A33581425BBEA334D9185F63C5EE315F,MD5=9D1E318E09783AFBBF2F51D6E9950662,SHA256=48C0E264A522173740EBD7627900BE7E6FEDAEE2264F67A00E78D4A6D76865D8,IMPHASH=83BEA6248DF8A10A1D9DF229B452B69F\r\nSigned: true\r\nSignature: Microsoft Windows\r\nSignatureStatus: Valid","ProcessGuid":"{8715b604-0df2-5f2a-4900-000000000400}","SourceName":"Microsoft-Windows-Sysmon","Hashes":"SHA1=CB0FED80A33581425BBEA334D9185F63C5EE315F,MD5=9D1E318E09783AFBBF2F51D6E9950662,SHA256=48C0E264A522173740EBD7627900BE7E6FEDAEE2264F67A00E78D4A6D76865D8,IMPHASH=83BEA6248DF8A10A1D9DF229B452B69F","Signature":"Microsoft Windows","tags":["mordorDataset"],"RuleName":"-","ProviderGuid":"{5770385F-C22A-43E0-BF4C-06F5698FFBD9}","EventID":7,"RecordNumber":480115,"Hostname":"WORKSTATION5.theshire.local","SourceModuleType":"im_msvistalog","Signed":"true","ExecutionProcessID":3484,"AccountName":"SYSTEM","OpcodeValue":0,"EventType":"INFO","FileVersion":"10.0.18362.1 (WinBuild.160101.0800)","Image":"C:\\Windows\\System32\\svchost.exe","AccountType":"User","UtcTime":"2020-08-05 06:10:09.213","Keywords":-9223372036854775808,"OriginalFileName":"OnDemandConnRouteHelper.dll","host":"wec.internal.cloudapp.net","SourceModuleName":"eventlog","SeverityValue":2,"SignatureStatus":"Valid","Channel":"Microsoft-Windows-Sysmon/Operational","Description":"On Demand Connctiond Route Helper","ProcessId":"3356","Domain":"NT AUTHORITY","port":53997,"Company":"Microsoft Corporation","EventTime":"2020-08-05 02:10:09","Severity":"INFO","Product":"Microsoft® Windows® Operating System","@timestamp":"2020-08-05T06:10:10.929Z","Task":7,"ImageLoaded":"C:\\Windows\\System32\\OnDemandConnRouteHelper.dll","EventReceivedTime":"2020-08-05 02:10:10"}
{"UtcTime":"2020-08-05 06:10:09.255","@version":"1","Keywords":-9223372036854775808,"EventTypeOrignal":"INFO","ThreadID":4452,"UserID":"S-1-5-18","Version":2,"host":"wec.internal.cloudapp.net","Message":"Registry object added or deleted:\r\nRuleName: -\r\nEventType: CreateKey\r\nUtcTime: 2020-08-05 06:10:09.255\r\nProcessGuid: {8715b604-0df0-5f2a-3c00-000000000400}\r\nProcessId: 2612\r\nImage: C:\\windows\\system32\\svchost.exe\r\nTargetObject: HKU\\S-1-5-21-3669966080-2286457517-972388166-1104\\Software\\Microsoft\\Windows\\CurrentVersion\\Internet Settings\\Connections","SourceModuleName":"eventlog","ProcessGuid":"{8715b604-0df0-5f2a-3c00-000000000400}","SourceName":"Microsoft-Windows-Sysmon","SeverityValue":2,"tags":["mordorDataset"],"Channel":"Microsoft-Windows-Sysmon/Operational","ProviderGuid":"{5770385F-C22A-43E0-BF4C-06F5698FFBD9}","RuleName":"-","EventID":12,"RecordNumber":480116,"TargetObject":"HKU\\S-1-5-21-3669966080-2286457517-972388166-1104\\Software\\Microsoft\\Windows\\CurrentVersion\\Internet Settings\\Connections","Hostname":"WORKSTATION5.theshire.local","ProcessId":"2612","SourceModuleType":"im_msvistalog","Domain":"NT AUTHORITY","port":53997,"EventTime":"2020-08-05 02:10:09","Severity":"INFO","ExecutionProcessID":3484,"AccountName":"SYSTEM","OpcodeValue":0,"@timestamp":"2020-08-05T06:10:10.931Z","Task":12,"EventType":"CreateKey","EventReceivedTime":"2020-08-05 02:10:10","Image":"C:\\windows\\system32\\svchost.exe","AccountType":"User"}
{"SourceProcessGUID":"{8715b604-0dea-5f2a-0e00-000000000400}","UtcTime":"2020-08-05 06:10:09.457","GrantedAccess":"0x1000","@version":"1","Keywords":-9223372036854775808,"ThreadID":4452,"TargetProcessId":"4400","UserID":"S-1-5-18","Version":3,"TargetProcessGUID":"{8715b604-104c-5f2a-c702-000000000400}","TargetImage":"C:\\Windows\\SystemApps\\InputApp_cw5n1h2txyewy\\WindowsInternal.ComposableShell.Experiences.TextInput.InputApp.exe","CallTrace":"C:\\windows\\SYSTEM32\\ntdll.dll+9c534|C:\\windows\\SYSTEM32\\psmserviceexthost.dll+222a3|C:\\windows\\SYSTEM32\\psmserviceexthost.dll+37ea0|C:\\windows\\SYSTEM32\\psmserviceexthost.dll+37929|C:\\windows\\SYSTEM32\\psmserviceexthost.dll+686f8|C:\\windows\\SYSTEM32\\psmserviceexthost.dll+6e84a|C:\\windows\\SYSTEM32\\psmserviceexthost.dll+6f700|C:\\windows\\SYSTEM32\\psmserviceexthost.dll+34be4|C:\\windows\\SYSTEM32\\psmserviceexthost.dll+6f63e|C:\\windows\\SYSTEM32\\psmserviceexthost.dll+713b5|C:\\windows\\SYSTEM32\\psmserviceexthost.dll+50bda|C:\\windows\\SYSTEM32\\psmserviceexthost.dll+4500a|C:\\windows\\System32\\KERNEL32.DLL+17bd4|C:\\windows\\SYSTEM32\\ntdll.dll+6ce51","host":"wec.internal.cloudapp.net","Message":"Process accessed:\r\nRuleName: -\r\nUtcTime: 2020-08-05 06:10:09.457\r\nSourceProcessGUID: {8715b604-0dea-5f2a-0e00-000000000400}\r\nSourceProcessId: 884\r\nSourceThreadId: 1064\r\nSourceImage: C:\\windows\\system32\\svchost.exe\r\nTargetProcessGUID: {8715b604-104c-5f2a-c702-000000000400}\r\nTargetProcessId: 4400\r\nTargetImage: C:\\Windows\\SystemApps\\InputApp_cw5n1h2txyewy\\WindowsInternal.ComposableShell.Experiences.TextInput.InputApp.exe\r\nGrantedAccess: 0x1000\r\nCallTrace: C:\\windows\\SYSTEM32\\ntdll.dll+9c534|C:\\windows\\SYSTEM32\\psmserviceexthost.dll+222a3|C:\\windows\\SYSTEM32\\psmserviceexthost.dll+37ea0|C:\\windows\\SYSTEM32\\psmserviceexthost.dll+37929|C:\\windows\\SYSTEM32\\psmserviceexthost.dll+686f8|C:\\windows\\SYSTEM32\\psmserviceexthost.dll+6e84a|C:\\windows\\SYSTEM32\\psmserviceexthost.dll+6f700|C:\\windows\\SYSTEM32\\psmserviceexthost.dll+34be4|C:\\windows\\SYSTEM32\\psmserviceexthost.dll+6f63e|C:\\windows\\SYSTEM32\\psmserviceexthost.dll+713b5|C:\\windows\\SYSTEM32\\psmserviceexthost.dll+50bda|C:\\windows\\SYSTEM32\\psmserviceexthost.dll+4500a|C:\\windows\\System32\\KERNEL32.DLL+17bd4|C:\\windows\\SYSTEM32\\ntdll.dll+6ce51","SourceModuleName":"eventlog","SourceThreadId":"1064","SourceName":"Microsoft-Windows-Sysmon","SourceProcessId":"884","SeverityValue":2,"tags":["mordorDataset"],"Channel":"Microsoft-Windows-Sysmon/Operational","ProviderGuid":"{5770385F-C22A-43E0-BF4C-06F5698FFBD9}","RuleName":"-","EventID":10,"RecordNumber":480117,"Hostname":"WORKSTATION5.theshire.local","SourceImage":"C:\\windows\\system32\\svchost.exe","ProcessId":"884","SourceModuleType":"im_msvistalog","Domain":"NT AUTHORITY","port":53997,"EventTime":"2020-08-05 02:10:09","Severity":"INFO","ExecutionProcessID":3484,"AccountName":"SYSTEM","OpcodeValue":0,"@timestamp":"2020-08-05T06:10:10.931Z","Task":10,"EventType":"INFO","EventReceivedTime":"2020-08-05 02:10:10","AccountType":"User"}
{"SourceProcessGUID":"{8715b604-0dea-5f2a-0e00-000000000400}","UtcTime":"2020-08-05 06:10:09.457","GrantedAccess":"0x1000","@version":"1","Keywords":-9223372036854775808,"ThreadID":4452,"TargetProcessId":"2764","UserID":"S-1-5-18","Version":3,"TargetProcessGUID":"{8715b604-2c5e-5f2a-0904-000000000400}","TargetImage":"C:\\Windows\\ImmersiveControlPanel\\SystemSettings.exe","CallTrace":"C:\\windows\\SYSTEM32\\ntdll.dll+9c534|C:\\windows\\SYSTEM32\\psmserviceexthost.dll+222a3|C:\\windows\\SYSTEM32\\psmserviceexthost.dll+37ea0|C:\\windows\\SYSTEM32\\psmserviceexthost.dll+37929|C:\\windows\\SYSTEM32\\psmserviceexthost.dll+686f8|C:\\windows\\SYSTEM32\\psmserviceexthost.dll+6e84a|C:\\windows\\SYSTEM32\\psmserviceexthost.dll+6f700|C:\\windows\\SYSTEM32\\psmserviceexthost.dll+34be4|C:\\windows\\SYSTEM32\\psmserviceexthost.dll+6f63e|C:\\windows\\SYSTEM32\\psmserviceexthost.dll+713b5|C:\\windows\\SYSTEM32\\psmserviceexthost.dll+50bda|C:\\windows\\SYSTEM32\\psmserviceexthost.dll+4500a|C:\\windows\\System32\\KERNEL32.DLL+17bd4|C:\\windows\\SYSTEM32\\ntdll.dll+6ce51","host":"wec.internal.cloudapp.net","Message":"Process accessed:\r\nRuleName: -\r\nUtcTime: 2020-08-05 06:10:09.457\r\nSourceProcessGUID: {8715b604-0dea-5f2a-0e00-000000000400}\r\nSourceProcessId: 884\r\nSourceThreadId: 1064\r\nSourceImage: C:\\windows\\system32\\svchost.exe\r\nTargetProcessGUID: {8715b604-2c5e-5f2a-0904-000000000400}\r\nTargetProcessId: 2764\r\nTargetImage: C:\\Windows\\ImmersiveControlPanel\\SystemSettings.exe\r\nGrantedAccess: 0x1000\r\nCallTrace: C:\\windows\\SYSTEM32\\ntdll.dll+9c534|C:\\windows\\SYSTEM32\\psmserviceexthost.dll+222a3|C:\\windows\\SYSTEM32\\psmserviceexthost.dll+37ea0|C:\\windows\\SYSTEM32\\psmserviceexthost.dll+37929|C:\\windows\\SYSTEM32\\psmserviceexthost.dll+686f8|C:\\windows\\SYSTEM32\\psmserviceexthost.dll+6e84a|C:\\windows\\SYSTEM32\\psmserviceexthost.dll+6f700|C:\\windows\\SYSTEM32\\psmserviceexthost.dll+34be4|C:\\windows\\SYSTEM32\\psmserviceexthost.dll+6f63e|C:\\windows\\SYSTEM32\\psmserviceexthost.dll+713b5|C:\\windows\\SYSTEM32\\psmserviceexthost.dll+50bda|C:\\windows\\SYSTEM32\\psmserviceexthost.dll+4500a|C:\\windows\\System32\\KERNEL32.DLL+17bd4|C:\\windows\\SYSTEM32\\ntdll.dll+6ce51","SourceModuleName":"eventlog","SourceThreadId":"1064","SourceName":"Microsoft-Windows-Sysmon","SourceProcessId":"884","SeverityValue":2,"tags":["mordorDataset"],"Channel":"Microsoft-Windows-Sysmon/Operational","ProviderGuid":"{5770385F-C22A-43E0-BF4C-06F5698FFBD9}","RuleName":"-","EventID":10,"RecordNumber":480118,"Hostname":"WORKSTATION5.theshire.local","SourceImage":"C:\\windows\\system32\\svchost.exe","ProcessId":"884","SourceModuleType":"im_msvistalog","Domain":"NT AUTHORITY","port":53997,"EventTime":"2020-08-05 02:10:09","Severity":"INFO","ExecutionProcessID":3484,"AccountName":"SYSTEM","OpcodeValue":0,"@timestamp":"2020-08-05T06:10:10.931Z","Task":10,"EventType":"INFO","EventReceivedTime":"2020-08-05 02:10:10","AccountType":"User"}
{"SourceProcessGUID":"{8715b604-0dea-5f2a-0e00-000000000400}","UtcTime":"2020-08-05 06:10:09.457","GrantedAccess":"0x1000","@version":"1","Keywords":-9223372036854775808,"ThreadID":4452,"TargetProcessId":"6408","UserID":"S-1-5-18","Version":3,"TargetProcessGUID":"{8715b604-2bdc-5f2a-e503-000000000400}","TargetImage":"C:\\Windows\\SystemApps\\Microsoft.Windows.SecHealthUI_cw5n1h2txyewy\\SecHealthUI.exe","CallTrace":"C:\\windows\\SYSTEM32\\ntdll.dll+9c534|C:\\windows\\SYSTEM32\\psmserviceexthost.dll+222a3|C:\\windows\\SYSTEM32\\psmserviceexthost.dll+37ea0|C:\\windows\\SYSTEM32\\psmserviceexthost.dll+37929|C:\\windows\\SYSTEM32\\psmserviceexthost.dll+686f8|C:\\windows\\SYSTEM32\\psmserviceexthost.dll+6e84a|C:\\windows\\SYSTEM32\\psmserviceexthost.dll+6f700|C:\\windows\\SYSTEM32\\psmserviceexthost.dll+34be4|C:\\windows\\SYSTEM32\\psmserviceexthost.dll+6f63e|C:\\windows\\SYSTEM32\\psmserviceexthost.dll+713b5|C:\\windows\\SYSTEM32\\psmserviceexthost.dll+50bda|C:\\windows\\SYSTEM32\\psmserviceexthost.dll+4500a|C:\\windows\\System32\\KERNEL32.DLL+17bd4|C:\\windows\\SYSTEM32\\ntdll.dll+6ce51","host":"wec.internal.cloudapp.net","Message":"Process accessed:\r\nRuleName: -\r\nUtcTime: 2020-08-05 06:10:09.457\r\nSourceProcessGUID: {8715b604-0dea-5f2a-0e00-000000000400}\r\nSourceProcessId: 884\r\nSourceThreadId: 1064\r\nSourceImage: C:\\windows\\system32\\svchost.exe\r\nTargetProcessGUID: {8715b604-2bdc-5f2a-e503-000000000400}\r\nTargetProcessId: 6408\r\nTargetImage: C:\\Windows\\SystemApps\\Microsoft.Windows.SecHealthUI_cw5n1h2txyewy\\SecHealthUI.exe\r\nGrantedAccess: 0x1000\r\nCallTrace: C:\\windows\\SYSTEM32\\ntdll.dll+9c534|C:\\windows\\SYSTEM32\\psmserviceexthost.dll+222a3|C:\\windows\\SYSTEM32\\psmserviceexthost.dll+37ea0|C:\\windows\\SYSTEM32\\psmserviceexthost.dll+37929|C:\\windows\\SYSTEM32\\psmserviceexthost.dll+686f8|C:\\windows\\SYSTEM32\\psmserviceexthost.dll+6e84a|C:\\windows\\SYSTEM32\\psmserviceexthost.dll+6f700|C:\\windows\\SYSTEM32\\psmserviceexthost.dll+34be4|C:\\windows\\SYSTEM32\\psmserviceexthost.dll+6f63e|C:\\windows\\SYSTEM32\\psmserviceexthost.dll+713b5|C:\\windows\\SYSTEM32\\psmserviceexthost.dll+50bda|C:\\windows\\SYSTEM32\\psmserviceexthost.dll+4500a|C:\\windows\\System32\\KERNEL32.DLL+17bd4|C:\\windows\\SYSTEM32\\ntdll.dll+6ce51","SourceModuleName":"eventlog","SourceThreadId":"1064","SourceName":"Microsoft-Windows-Sysmon","SourceProcessId":"884","SeverityValue":2,"tags":["mordorDataset"],"Channel":"Microsoft-Windows-Sysmon/Operational","ProviderGuid":"{5770385F-C22A-43E0-BF4C-06F5698FFBD9}","RuleName":"-","EventID":10,"RecordNumber":480119,"Hostname":"WORKSTATION5.theshire.local","SourceImage":"C:\\windows\\system32\\svchost.exe","ProcessId":"884","SourceModuleType":"im_msvistalog","Domain":"NT AUTHORITY","port":53997,"EventTime":"2020-08-05 02:10:09","Severity":"INFO","ExecutionProcessID":3484,"AccountName":"SYSTEM","OpcodeValue":0,"@timestamp":"2020-08-05T06:10:10.931Z","Task":10,"EventType":"INFO","EventReceivedTime":"2020-08-05 02:10:10","AccountType":"User"}
{"SourceProcessGUID":"{8715b604-0dea-5f2a-0e00-000000000400}","UtcTime":"2020-08-05 06:10:09.457","GrantedAccess":"0x1000","@version":"1","Keywords":-9223372036854775808,"ThreadID":4452,"TargetProcessId":"6244","UserID":"S-1-5-18","Version":3,"TargetProcessGUID":"{8715b604-2975-5f2a-9603-000000000400}","TargetImage":"C:\\Windows\\SystemApps\\InputApp_cw5n1h2txyewy\\WindowsInternal.ComposableShell.Experiences.TextInput.InputApp.exe","CallTrace":"C:\\windows\\SYSTEM32\\ntdll.dll+9c534|C:\\windows\\SYSTEM32\\psmserviceexthost.dll+222a3|C:\\windows\\SYSTEM32\\psmserviceexthost.dll+37ea0|C:\\windows\\SYSTEM32\\psmserviceexthost.dll+37929|C:\\windows\\SYSTEM32\\psmserviceexthost.dll+686f8|C:\\windows\\SYSTEM32\\psmserviceexthost.dll+6e84a|C:\\windows\\SYSTEM32\\psmserviceexthost.dll+6f700|C:\\windows\\SYSTEM32\\psmserviceexthost.dll+34be4|C:\\windows\\SYSTEM32\\psmserviceexthost.dll+6f63e|C:\\windows\\SYSTEM32\\psmserviceexthost.dll+713b5|C:\\windows\\SYSTEM32\\psmserviceexthost.dll+50bda|C:\\windows\\SYSTEM32\\psmserviceexthost.dll+4500a|C:\\windows\\System32\\KERNEL32.DLL+17bd4|C:\\windows\\SYSTEM32\\ntdll.dll+6ce51","host":"wec.internal.cloudapp.net","Message":"Process accessed:\r\nRuleName: -\r\nUtcTime: 2020-08-05 06:10:09.457\r\nSourceProcessGUID: {8715b604-0dea-5f2a-0e00-000000000400}\r\nSourceProcessId: 884\r\nSourceThreadId: 1064\r\nSourceImage: C:\\windows\\system32\\svchost.exe\r\nTargetProcessGUID: {8715b604-2975-5f2a-9603-000000000400}\r\nTargetProcessId: 6244\r\nTargetImage: C:\\Windows\\SystemApps\\InputApp_cw5n1h2txyewy\\WindowsInternal.ComposableShell.Experiences.TextInput.InputApp.exe\r\nGrantedAccess: 0x1000\r\nCallTrace: C:\\windows\\SYSTEM32\\ntdll.dll+9c534|C:\\windows\\SYSTEM32\\psmserviceexthost.dll+222a3|C:\\windows\\SYSTEM32\\psmserviceexthost.dll+37ea0|C:\\windows\\SYSTEM32\\psmserviceexthost.dll+37929|C:\\windows\\SYSTEM32\\psmserviceexthost.dll+686f8|C:\\windows\\SYSTEM32\\psmserviceexthost.dll+6e84a|C:\\windows\\SYSTEM32\\psmserviceexthost.dll+6f700|C:\\windows\\SYSTEM32\\psmserviceexthost.dll+34be4|C:\\windows\\SYSTEM32\\psmserviceexthost.dll+6f63e|C:\\windows\\SYSTEM32\\psmserviceexthost.dll+713b5|C:\\windows\\SYSTEM32\\psmserviceexthost.dll+50bda|C:\\windows\\SYSTEM32\\psmserviceexthost.dll+4500a|C:\\windows\\System32\\KERNEL32.DLL+17bd4|C:\\windows\\SYSTEM32\\ntdll.dll+6ce51","SourceModuleName":"eventlog","SourceThreadId":"1064","SourceName":"Microsoft-Windows-Sysmon","SourceProcessId":"884","SeverityValue":2,"tags":["mordorDataset"],"Channel":"Microsoft-Windows-Sysmon/Operational","ProviderGuid":"{5770385F-C22A-43E0-BF4C-06F5698FFBD9}","RuleName":"-","EventID":10,"RecordNumber":480120,"Hostname":"WORKSTATION5.theshire.local","SourceImage":"C:\\windows\\system32\\svchost.exe","ProcessId":"884","SourceModuleType":"im_msvistalog","Domain":"NT AUTHORITY","port":53997,"EventTime":"2020-08-05 02:10:09","Severity":"INFO","ExecutionProcessID":3484,"AccountName":"SYSTEM","OpcodeValue":0,"@timestamp":"2020-08-05T06:10:10.931Z","Task":10,"EventType":"INFO","EventReceivedTime":"2020-08-05 02:10:10","AccountType":"User"}
{"UtcTime":"2020-08-05 06:10:09.548","@version":"1","Keywords":-9223372036854775808,"EventTypeOrignal":"INFO","ThreadID":4452,"UserID":"S-1-5-18","Version":2,"host":"wec.internal.cloudapp.net","Message":"Registry object added or deleted:\r\nRuleName: -\r\nEventType: CreateKey\r\nUtcTime: 2020-08-05 06:10:09.548\r\nProcessGuid: {8715b604-0df2-5f2a-4900-000000000400}\r\nProcessId: 3356\r\nImage: C:\\windows\\System32\\svchost.exe\r\nTargetObject: HKLM\\SOFTWARE","SourceModuleName":"eventlog","ProcessGuid":"{8715b604-0df2-5f2a-4900-000000000400}","SourceName":"Microsoft-Windows-Sysmon","SeverityValue":2,"tags":["mordorDataset"],"Channel":"Microsoft-Windows-Sysmon/Operational","ProviderGuid":"{5770385F-C22A-43E0-BF4C-06F5698FFBD9}","RuleName":"-","EventID":12,"RecordNumber":480121,"TargetObject":"HKLM\\SOFTWARE","Hostname":"WORKSTATION5.theshire.local","ProcessId":"3356","SourceModuleType":"im_msvistalog","Domain":"NT AUTHORITY","port":53997,"EventTime":"2020-08-05 02:10:09","Severity":"INFO","ExecutionProcessID":3484,"AccountName":"SYSTEM","OpcodeValue":0,"@timestamp":"2020-08-05T06:10:10.931Z","Task":12,"EventType":"CreateKey","EventReceivedTime":"2020-08-05 02:10:10","Image":"C:\\windows\\System32\\svchost.exe","AccountType":"User"}
{"UtcTime":"2020-08-05 06:10:09.548","@version":"1","Keywords":-9223372036854775808,"EventTypeOrignal":"INFO","ThreadID":4452,"UserID":"S-1-5-18","Version":2,"host":"wec.internal.cloudapp.net","Message":"Registry object added or deleted:\r\nRuleName: -\r\nEventType: CreateKey\r\nUtcTime: 2020-08-05 06:10:09.548\r\nProcessGuid: {8715b604-0df2-5f2a-4900-000000000400}\r\nProcessId: 3356\r\nImage: C:\\windows\\System32\\svchost.exe\r\nTargetObject: HKLM\\SOFTWARE\\Policies","SourceModuleName":"eventlog","ProcessGuid":"{8715b604-0df2-5f2a-4900-000000000400}","SourceName":"Microsoft-Windows-Sysmon","SeverityValue":2,"tags":["mordorDataset"],"Channel":"Microsoft-Windows-Sysmon/Operational","ProviderGuid":"{5770385F-C22A-43E0-BF4C-06F5698FFBD9}","RuleName":"-","EventID":12,"RecordNumber":480122,"TargetObject":"HKLM\\SOFTWARE\\Policies","Hostname":"WORKSTATION5.theshire.local","ProcessId":"3356","SourceModuleType":"im_msvistalog","Domain":"NT AUTHORITY","port":53997,"EventTime":"2020-08-05 02:10:09","Severity":"INFO","ExecutionProcessID":3484,"AccountName":"SYSTEM","OpcodeValue":0,"@timestamp":"2020-08-05T06:10:10.931Z","Task":12,"EventType":"CreateKey","EventReceivedTime":"2020-08-05 02:10:10","Image":"C:\\windows\\System32\\svchost.exe","AccountType":"User"}
{"UtcTime":"2020-08-05 06:10:09.548","@version":"1","Keywords":-9223372036854775808,"EventTypeOrignal":"INFO","ThreadID":4452,"UserID":"S-1-5-18","Version":2,"host":"wec.internal.cloudapp.net","Message":"Registry object added or deleted:\r\nRuleName: -\r\nEventType: CreateKey\r\nUtcTime: 2020-08-05 06:10:09.548\r\nProcessGuid: {8715b604-0df2-5f2a-4900-000000000400}\r\nProcessId: 3356\r\nImage: C:\\windows\\System32\\svchost.exe\r\nTargetObject: HKLM\\SOFTWARE\\Policies\\Microsoft","SourceModuleName":"eventlog","ProcessGuid":"{8715b604-0df2-5f2a-4900-000000000400}","SourceName":"Microsoft-Windows-Sysmon","SeverityValue":2,"tags":["mordorDataset"],"Channel":"Microsoft-Windows-Sysmon/Operational","ProviderGuid":"{5770385F-C22A-43E0-BF4C-06F5698FFBD9}","RuleName":"-","EventID":12,"RecordNumber":480123,"TargetObject":"HKLM\\SOFTWARE\\Policies\\Microsoft","Hostname":"WORKSTATION5.theshire.local","ProcessId":"3356","SourceModuleType":"im_msvistalog","Domain":"NT AUTHORITY","port":53997,"EventTime":"2020-08-05 02:10:09","Severity":"INFO","ExecutionProcessID":3484,"AccountName":"SYSTEM","OpcodeValue":0,"@timestamp":"2020-08-05T06:10:10.932Z","Task":12,"EventType":"CreateKey","EventReceivedTime":"2020-08-05 02:10:10","Image":"C:\\windows\\System32\\svchost.exe","AccountType":"User"}
{"UtcTime":"2020-08-05 06:10:09.548","@version":"1","Keywords":-9223372036854775808,"EventTypeOrignal":"INFO","ThreadID":4452,"UserID":"S-1-5-18","Version":2,"host":"wec.internal.cloudapp.net","Message":"Registry object added or deleted:\r\nRuleName: -\r\nEventType: CreateKey\r\nUtcTime: 2020-08-05 06:10:09.548\r\nProcessGuid: {8715b604-0df2-5f2a-4900-000000000400}\r\nProcessId: 3356\r\nImage: C:\\windows\\System32\\svchost.exe\r\nTargetObject: HKLM\\SOFTWARE\\Policies\\Microsoft\\SystemCertificates","SourceModuleName":"eventlog","ProcessGuid":"{8715b604-0df2-5f2a-4900-000000000400}","SourceName":"Microsoft-Windows-Sysmon","SeverityValue":2,"tags":["mordorDataset"],"Channel":"Microsoft-Windows-Sysmon/Operational","ProviderGuid":"{5770385F-C22A-43E0-BF4C-06F5698FFBD9}","RuleName":"-","EventID":12,"RecordNumber":480124,"TargetObject":"HKLM\\SOFTWARE\\Policies\\Microsoft\\SystemCertificates","Hostname":"WORKSTATION5.theshire.local","ProcessId":"3356","SourceModuleType":"im_msvistalog","Domain":"NT AUTHORITY","port":53997,"EventTime":"2020-08-05 02:10:09","Severity":"INFO","ExecutionProcessID":3484,"AccountName":"SYSTEM","OpcodeValue":0,"@timestamp":"2020-08-05T06:10:10.932Z","Task":12,"EventType":"CreateKey","EventReceivedTime":"2020-08-05 02:10:10","Image":"C:\\windows\\System32\\svchost.exe","AccountType":"User"}
{"UtcTime":"2020-08-05 06:10:09.548","@version":"1","Keywords":-9223372036854775808,"EventTypeOrignal":"INFO","ThreadID":4452,"UserID":"S-1-5-18","Version":2,"host":"wec.internal.cloudapp.net","Message":"Registry object added or deleted:\r\nRuleName: -\r\nEventType: CreateKey\r\nUtcTime: 2020-08-05 06:10:09.548\r\nProcessGuid: {8715b604-0df2-5f2a-4900-000000000400}\r\nProcessId: 3356\r\nImage: C:\\windows\\System32\\svchost.exe\r\nTargetObject: HKLM\\SOFTWARE","SourceModuleName":"eventlog","ProcessGuid":"{8715b604-0df2-5f2a-4900-000000000400}","SourceName":"Microsoft-Windows-Sysmon","SeverityValue":2,"tags":["mordorDataset"],"Channel":"Microsoft-Windows-Sysmon/Operational","ProviderGuid":"{5770385F-C22A-43E0-BF4C-06F5698FFBD9}","RuleName":"-","EventID":12,"RecordNumber":480125,"TargetObject":"HKLM\\SOFTWARE","Hostname":"WORKSTATION5.theshire.local","ProcessId":"3356","SourceModuleType":"im_msvistalog","Domain":"NT AUTHORITY","port":53997,"EventTime":"2020-08-05 02:10:09","Severity":"INFO","ExecutionProcessID":3484,"AccountName":"SYSTEM","OpcodeValue":0,"@timestamp":"2020-08-05T06:10:10.932Z","Task":12,"EventType":"CreateKey","EventReceivedTime":"2020-08-05 02:10:10","Image":"C:\\windows\\System32\\svchost.exe","AccountType":"User"}
{"UtcTime":"2020-08-05 06:10:09.548","@version":"1","Keywords":-9223372036854775808,"EventTypeOrignal":"INFO","ThreadID":4452,"UserID":"S-1-5-18","Version":2,"host":"wec.internal.cloudapp.net","Message":"Registry object added or deleted:\r\nRuleName: -\r\nEventType: CreateKey\r\nUtcTime: 2020-08-05 06:10:09.548\r\nProcessGuid: {8715b604-0df2-5f2a-4900-000000000400}\r\nProcessId: 3356\r\nImage: C:\\windows\\System32\\svchost.exe\r\nTargetObject: HKLM\\SOFTWARE\\Policies","SourceModuleName":"eventlog","ProcessGuid":"{8715b604-0df2-5f2a-4900-000000000400}","SourceName":"Microsoft-Windows-Sysmon","SeverityValue":2,"tags":["mordorDataset"],"Channel":"Microsoft-Windows-Sysmon/Operational","ProviderGuid":"{5770385F-C22A-43E0-BF4C-06F5698FFBD9}","RuleName":"-","EventID":12,"RecordNumber":480126,"TargetObject":"HKLM\\SOFTWARE\\Policies","Hostname":"WORKSTATION5.theshire.local","ProcessId":"3356","SourceModuleType":"im_msvistalog","Domain":"NT AUTHORITY","port":53997,"EventTime":"2020-08-05 02:10:09","Severity":"INFO","ExecutionProcessID":3484,"AccountName":"SYSTEM","OpcodeValue":0,"@timestamp":"2020-08-05T06:10:10.932Z","Task":12,"EventType":"CreateKey","EventReceivedTime":"2020-08-05 02:10:10","Image":"C:\\windows\\System32\\svchost.exe","AccountType":"User"}
{"UtcTime":"2020-08-05 06:10:09.549","@version":"1","Keywords":-9223372036854775808,"EventTypeOrignal":"INFO","ThreadID":4452,"UserID":"S-1-5-18","Version":2,"host":"wec.internal.cloudapp.net","Message":"Registry object added or deleted:\r\nRuleName: -\r\nEventType: CreateKey\r\nUtcTime: 2020-08-05 06:10:09.549\r\nProcessGuid: {8715b604-0df2-5f2a-4900-000000000400}\r\nProcessId: 3356\r\nImage: C:\\windows\\System32\\svchost.exe\r\nTargetObject: HKLM\\SOFTWARE\\Policies\\Microsoft","SourceModuleName":"eventlog","ProcessGuid":"{8715b604-0df2-5f2a-4900-000000000400}","SourceName":"Microsoft-Windows-Sysmon","SeverityValue":2,"tags":["mordorDataset"],"Channel":"Microsoft-Windows-Sysmon/Operational","ProviderGuid":"{5770385F-C22A-43E0-BF4C-06F5698FFBD9}","RuleName":"-","EventID":12,"RecordNumber":480127,"TargetObject":"HKLM\\SOFTWARE\\Policies\\Microsoft","Hostname":"WORKSTATION5.theshire.local","ProcessId":"3356","SourceModuleType":"im_msvistalog","Domain":"NT AUTHORITY","port":53997,"EventTime":"2020-08-05 02:10:09","Severity":"INFO","ExecutionProcessID":3484,"AccountName":"SYSTEM","OpcodeValue":0,"@timestamp":"2020-08-05T06:10:10.932Z","Task":12,"EventType":"CreateKey","EventReceivedTime":"2020-08-05 02:10:10","Image":"C:\\windows\\System32\\svchost.exe","AccountType":"User"}
{"UtcTime":"2020-08-05 06:10:09.549","@version":"1","Keywords":-9223372036854775808,"EventTypeOrignal":"INFO","ThreadID":4452,"UserID":"S-1-5-18","Version":2,"host":"wec.internal.cloudapp.net","Message":"Registry object added or deleted:\r\nRuleName: -\r\nEventType: CreateKey\r\nUtcTime: 2020-08-05 06:10:09.549\r\nProcessGuid: {8715b604-0df2-5f2a-4900-000000000400}\r\nProcessId: 3356\r\nImage: C:\\windows\\System32\\svchost.exe\r\nTargetObject: HKLM\\SOFTWARE\\Policies\\Microsoft\\SystemCertificates","SourceModuleName":"eventlog","ProcessGuid":"{8715b604-0df2-5f2a-4900-000000000400}","SourceName":"Microsoft-Windows-Sysmon","SeverityValue":2,"tags":["mordorDataset"],"Channel":"Microsoft-Windows-Sysmon/Operational","ProviderGuid":"{5770385F-C22A-43E0-BF4C-06F5698FFBD9}","RuleName":"-","EventID":12,"RecordNumber":480128,"TargetObject":"HKLM\\SOFTWARE\\Policies\\Microsoft\\SystemCertificates","Hostname":"WORKSTATION5.theshire.local","ProcessId":"3356","SourceModuleType":"im_msvistalog","Domain":"NT AUTHORITY","port":53997,"EventTime":"2020-08-05 02:10:09","Severity":"INFO","ExecutionProcessID":3484,"AccountName":"SYSTEM","OpcodeValue":0,"@timestamp":"2020-08-05T06:10:10.932Z","Task":12,"EventType":"CreateKey","EventReceivedTime":"2020-08-05 02:10:10","Image":"C:\\windows\\System32\\svchost.exe","AccountType":"User"}
{"UtcTime":"2020-08-05 06:10:09.654","@version":"1","Keywords":-9223372036854775808,"EventTypeOrignal":"INFO","ThreadID":4452,"UserID":"S-1-5-18","Version":2,"host":"wec.internal.cloudapp.net","Message":"Registry object added or deleted:\r\nRuleName: -\r\nEventType: CreateKey\r\nUtcTime: 2020-08-05 06:10:09.654\r\nProcessGuid: {8715b604-0df2-5f2a-4900-000000000400}\r\nProcessId: 3356\r\nImage: C:\\windows\\System32\\svchost.exe\r\nTargetObject: HKLM\\SOFTWARE\\Microsoft\\Windows\\CurrentVersion\\Diagnostics\\DiagTrack","SourceModuleName":"eventlog","ProcessGuid":"{8715b604-0df2-5f2a-4900-000000000400}","SourceName":"Microsoft-Windows-Sysmon","SeverityValue":2,"tags":["mordorDataset"],"Channel":"Microsoft-Windows-Sysmon/Operational","ProviderGuid":"{5770385F-C22A-43E0-BF4C-06F5698FFBD9}","RuleName":"-","EventID":12,"RecordNumber":480129,"TargetObject":"HKLM\\SOFTWARE\\Microsoft\\Windows\\CurrentVersion\\Diagnostics\\DiagTrack","Hostname":"WORKSTATION5.theshire.local","ProcessId":"3356","SourceModuleType":"im_msvistalog","Domain":"NT AUTHORITY","port":53997,"EventTime":"2020-08-05 02:10:09","Severity":"INFO","ExecutionProcessID":3484,"AccountName":"SYSTEM","OpcodeValue":0,"@timestamp":"2020-08-05T06:10:10.933Z","Task":12,"EventType":"CreateKey","EventReceivedTime":"2020-08-05 02:10:10","Image":"C:\\windows\\System32\\svchost.exe","AccountType":"User"}
{"UtcTime":"2020-08-05 06:10:09.654","@version":"1","Keywords":-9223372036854775808,"EventTypeOrignal":"INFO","ThreadID":4452,"UserID":"S-1-5-18","Version":2,"Details":"QWORD (0x01d66aef-0x12a51c38)","host":"wec.internal.cloudapp.net","Message":"Registry value set:\r\nRuleName: -\r\nEventType: SetValue\r\nUtcTime: 2020-08-05 06:10:09.654\r\nProcessGuid: {8715b604-0df2-5f2a-4900-000000000400}\r\nProcessId: 3356\r\nImage: C:\\windows\\System32\\svchost.exe\r\nTargetObject: HKLM\\SOFTWARE\\Microsoft\\Windows\\CurrentVersion\\Diagnostics\\DiagTrack\\LastSuccessfulUploadTime\r\nDetails: QWORD (0x01d66aef-0x12a51c38)","SourceModuleName":"eventlog","ProcessGuid":"{8715b604-0df2-5f2a-4900-000000000400}","SourceName":"Microsoft-Windows-Sysmon","SeverityValue":2,"tags":["mordorDataset"],"Channel":"Microsoft-Windows-Sysmon/Operational","ProviderGuid":"{5770385F-C22A-43E0-BF4C-06F5698FFBD9}","RuleName":"-","EventID":13,"RecordNumber":480130,"TargetObject":"HKLM\\SOFTWARE\\Microsoft\\Windows\\CurrentVersion\\Diagnostics\\DiagTrack\\LastSuccessfulUploadTime","Hostname":"WORKSTATION5.theshire.local","ProcessId":"3356","SourceModuleType":"im_msvistalog","Domain":"NT AUTHORITY","port":53997,"EventTime":"2020-08-05 02:10:09","Severity":"INFO","ExecutionProcessID":3484,"AccountName":"SYSTEM","OpcodeValue":0,"@timestamp":"2020-08-05T06:10:10.933Z","Task":13,"EventType":"SetValue","EventReceivedTime":"2020-08-05 02:10:10","Image":"C:\\windows\\System32\\svchost.exe","AccountType":"User"}
{"UtcTime":"2020-08-05 06:10:09.654","@version":"1","Keywords":-9223372036854775808,"EventTypeOrignal":"INFO","ThreadID":4452,"UserID":"S-1-5-18","Version":2,"host":"wec.internal.cloudapp.net","Message":"Registry object added or deleted:\r\nRuleName: -\r\nEventType: CreateKey\r\nUtcTime: 2020-08-05 06:10:09.654\r\nProcessGuid: {8715b604-0df2-5f2a-4900-000000000400}\r\nProcessId: 3356\r\nImage: C:\\windows\\System32\\svchost.exe\r\nTargetObject: HKLM\\SOFTWARE\\Microsoft\\Windows\\CurrentVersion\\Diagnostics\\DiagTrack","SourceModuleName":"eventlog","ProcessGuid":"{8715b604-0df2-5f2a-4900-000000000400}","SourceName":"Microsoft-Windows-Sysmon","SeverityValue":2,"tags":["mordorDataset"],"Channel":"Microsoft-Windows-Sysmon/Operational","ProviderGuid":"{5770385F-C22A-43E0-BF4C-06F5698FFBD9}","RuleName":"-","EventID":12,"RecordNumber":480131,"TargetObject":"HKLM\\SOFTWARE\\Microsoft\\Windows\\CurrentVersion\\Diagnostics\\DiagTrack","Hostname":"WORKSTATION5.theshire.local","ProcessId":"3356","SourceModuleType":"im_msvistalog","Domain":"NT AUTHORITY","port":53997,"EventTime":"2020-08-05 02:10:09","Severity":"INFO","ExecutionProcessID":3484,"AccountName":"SYSTEM","OpcodeValue":0,"@timestamp":"2020-08-05T06:10:10.934Z","Task":12,"EventType":"CreateKey","EventReceivedTime":"2020-08-05 02:10:10","Image":"C:\\windows\\System32\\svchost.exe","AccountType":"User"}
{"UtcTime":"2020-08-05 06:10:09.654","@version":"1","Keywords":-9223372036854775808,"EventTypeOrignal":"INFO","ThreadID":4452,"UserID":"S-1-5-18","Version":2,"Details":"QWORD (0x01d66aef-0x12a51c38)","host":"wec.internal.cloudapp.net","Message":"Registry value set:\r\nRuleName: -\r\nEventType: SetValue\r\nUtcTime: 2020-08-05 06:10:09.654\r\nProcessGuid: {8715b604-0df2-5f2a-4900-000000000400}\r\nProcessId: 3356\r\nImage: C:\\windows\\System32\\svchost.exe\r\nTargetObject: HKLM\\SOFTWARE\\Microsoft\\Windows\\CurrentVersion\\Diagnostics\\DiagTrack\\LastSuccessfulNormalUploadTime\r\nDetails: QWORD (0x01d66aef-0x12a51c38)","SourceModuleName":"eventlog","ProcessGuid":"{8715b604-0df2-5f2a-4900-000000000400}","SourceName":"Microsoft-Windows-Sysmon","SeverityValue":2,"tags":["mordorDataset"],"Channel":"Microsoft-Windows-Sysmon/Operational","ProviderGuid":"{5770385F-C22A-43E0-BF4C-06F5698FFBD9}","RuleName":"-","EventID":13,"RecordNumber":480132,"TargetObject":"HKLM\\SOFTWARE\\Microsoft\\Windows\\CurrentVersion\\Diagnostics\\DiagTrack\\LastSuccessfulNormalUploadTime","Hostname":"WORKSTATION5.theshire.local","ProcessId":"3356","SourceModuleType":"im_msvistalog","Domain":"NT AUTHORITY","port":53997,"EventTime":"2020-08-05 02:10:09","Severity":"INFO","ExecutionProcessID":3484,"AccountName":"SYSTEM","OpcodeValue":0,"@timestamp":"2020-08-05T06:10:10.934Z","Task":13,"EventType":"SetValue","EventReceivedTime":"2020-08-05 02:10:10","Image":"C:\\windows\\System32\\svchost.exe","AccountType":"User"}
{"UtcTime":"2020-08-05 06:10:10.164","@version":"1","Keywords":-9223372036854775808,"EventTypeOrignal":"INFO","ThreadID":4452,"UserID":"S-1-5-18","Version":2,"host":"wec.internal.cloudapp.net","Message":"Registry object added or deleted:\r\nRuleName: -\r\nEventType: CreateKey\r\nUtcTime: 2020-08-05 06:10:10.164\r\nProcessGuid: {8715b604-0df2-5f2a-4900-000000000400}\r\nProcessId: 3356\r\nImage: C:\\windows\\System32\\svchost.exe\r\nTargetObject: HKLM\\SOFTWARE\\Microsoft\\Windows\\CurrentVersion\\Diagnostics\\DiagTrack\\SettingsRequests","SourceModuleName":"eventlog","ProcessGuid":"{8715b604-0df2-5f2a-4900-000000000400}","SourceName":"Microsoft-Windows-Sysmon","SeverityValue":2,"tags":["mordorDataset"],"Channel":"Microsoft-Windows-Sysmon/Operational","ProviderGuid":"{5770385F-C22A-43E0-BF4C-06F5698FFBD9}","RuleName":"-","EventID":12,"RecordNumber":480133,"TargetObject":"HKLM\\SOFTWARE\\Microsoft\\Windows\\CurrentVersion\\Diagnostics\\DiagTrack\\SettingsRequests","Hostname":"WORKSTATION5.theshire.local","ProcessId":"3356","SourceModuleType":"im_msvistalog","Domain":"NT AUTHORITY","port":53997,"EventTime":"2020-08-05 02:10:10","Severity":"INFO","ExecutionProcessID":3484,"AccountName":"SYSTEM","OpcodeValue":0,"@timestamp":"2020-08-05T06:10:10.935Z","Task":12,"EventType":"CreateKey","EventReceivedTime":"2020-08-05 02:10:10","Image":"C:\\windows\\System32\\svchost.exe","AccountType":"User"}
{"UtcTime":"2020-08-05 06:10:10.164","@version":"1","Keywords":-9223372036854775808,"EventTypeOrignal":"INFO","ThreadID":4452,"UserID":"S-1-5-18","Version":2,"Details":"QWORD (0x01d66aef-0x12f2e11f)","host":"wec.internal.cloudapp.net","Message":"Registry value set:\r\nRuleName: -\r\nEventType: SetValue\r\nUtcTime: 2020-08-05 06:10:10.164\r\nProcessGuid: {8715b604-0df2-5f2a-4900-000000000400}\r\nProcessId: 3356\r\nImage: C:\\windows\\System32\\svchost.exe\r\nTargetObject: HKLM\\SOFTWARE\\Microsoft\\Windows\\CurrentVersion\\Diagnostics\\DiagTrack\\SettingsRequests\\LastDownloadTime\r\nDetails: QWORD (0x01d66aef-0x12f2e11f)","SourceModuleName":"eventlog","ProcessGuid":"{8715b604-0df2-5f2a-4900-000000000400}","SourceName":"Microsoft-Windows-Sysmon","SeverityValue":2,"tags":["mordorDataset"],"Channel":"Microsoft-Windows-Sysmon/Operational","ProviderGuid":"{5770385F-C22A-43E0-BF4C-06F5698FFBD9}","RuleName":"-","EventID":13,"RecordNumber":480134,"TargetObject":"HKLM\\SOFTWARE\\Microsoft\\Windows\\CurrentVersion\\Diagnostics\\DiagTrack\\SettingsRequests\\LastDownloadTime","Hostname":"WORKSTATION5.theshire.local","ProcessId":"3356","SourceModuleType":"im_msvistalog","Domain":"NT AUTHORITY","port":53997,"EventTime":"2020-08-05 02:10:10","Severity":"INFO","ExecutionProcessID":3484,"AccountName":"SYSTEM","OpcodeValue":0,"@timestamp":"2020-08-05T06:10:10.935Z","Task":13,"EventType":"SetValue","EventReceivedTime":"2020-08-05 02:10:10","Image":"C:\\windows\\System32\\svchost.exe","AccountType":"User"}
{"SourceProcessGUID":"{8715b604-0deb-5f2a-1200-000000000400}","UtcTime":"2020-08-05 06:10:10.168","GrantedAccess":"0x1000","@version":"1","Keywords":-9223372036854775808,"ThreadID":4452,"TargetProcessId":"3356","UserID":"S-1-5-18","Version":3,"TargetProcessGUID":"{8715b604-0df2-5f2a-4900-000000000400}","TargetImage":"C:\\windows\\System32\\svchost.exe","CallTrace":"C:\\windows\\SYSTEM32\\ntdll.dll+9c534|C:\\windows\\System32\\KERNELBASE.dll+6a7f5|c:\\windows\\system32\\lsm.dll+1184f|c:\\windows\\system32\\lsm.dll+1172e|C:\\windows\\System32\\RPCRT4.dll+76953|C:\\windows\\System32\\RPCRT4.dll+da036|C:\\windows\\System32\\RPCRT4.dll+37a4c|C:\\windows\\System32\\RPCRT4.dll+548c8|C:\\windows\\System32\\RPCRT4.dll+2c921|C:\\windows\\System32\\RPCRT4.dll+2c1db|C:\\windows\\System32\\RPCRT4.dll+1a86f|C:\\windows\\System32\\RPCRT4.dll+19d1a|C:\\windows\\System32\\RPCRT4.dll+19301|C:\\windows\\System32\\RPCRT4.dll+18d6e|C:\\windows\\System32\\RPCRT4.dll+169a5|C:\\windows\\SYSTEM32\\ntdll.dll+333ed|C:\\windows\\SYSTEM32\\ntdll.dll+34142|C:\\windows\\System32\\KERNEL32.DLL+17bd4|C:\\windows\\SYSTEM32\\ntdll.dll+6ce51","host":"wec.internal.cloudapp.net","Message":"Process accessed:\r\nRuleName: -\r\nUtcTime: 2020-08-05 06:10:10.168\r\nSourceProcessGUID: {8715b604-0deb-5f2a-1200-000000000400}\r\nSourceProcessId: 448\r\nSourceThreadId: 7584\r\nSourceImage: C:\\windows\\system32\\svchost.exe\r\nTargetProcessGUID: {8715b604-0df2-5f2a-4900-000000000400}\r\nTargetProcessId: 3356\r\nTargetImage: C:\\windows\\System32\\svchost.exe\r\nGrantedAccess: 0x1000\r\nCallTrace: C:\\windows\\SYSTEM32\\ntdll.dll+9c534|C:\\windows\\System32\\KERNELBASE.dll+6a7f5|c:\\windows\\system32\\lsm.dll+1184f|c:\\windows\\system32\\lsm.dll+1172e|C:\\windows\\System32\\RPCRT4.dll+76953|C:\\windows\\System32\\RPCRT4.dll+da036|C:\\windows\\System32\\RPCRT4.dll+37a4c|C:\\windows\\System32\\RPCRT4.dll+548c8|C:\\windows\\System32\\RPCRT4.dll+2c921|C:\\windows\\System32\\RPCRT4.dll+2c1db|C:\\windows\\System32\\RPCRT4.dll+1a86f|C:\\windows\\System32\\RPCRT4.dll+19d1a|C:\\windows\\System32\\RPCRT4.dll+19301|C:\\windows\\System32\\RPCRT4.dll+18d6e|C:\\windows\\System32\\RPCRT4.dll+169a5|C:\\windows\\SYSTEM32\\ntdll.dll+333ed|C:\\windows\\SYSTEM32\\ntdll.dll+34142|C:\\windows\\System32\\KERNEL32.DLL+17bd4|C:\\windows\\SYSTEM32\\ntdll.dll+6ce51","SourceModuleName":"eventlog","SourceThreadId":"7584","SourceName":"Microsoft-Windows-Sysmon","SourceProcessId":"448","SeverityValue":2,"tags":["mordorDataset"],"Channel":"Microsoft-Windows-Sysmon/Operational","ProviderGuid":"{5770385F-C22A-43E0-BF4C-06F5698FFBD9}","RuleName":"-","EventID":10,"RecordNumber":480135,"Hostname":"WORKSTATION5.theshire.local","SourceImage":"C:\\windows\\system32\\svchost.exe","ProcessId":"448","SourceModuleType":"im_msvistalog","Domain":"NT AUTHORITY","port":53997,"EventTime":"2020-08-05 02:10:10","Severity":"INFO","ExecutionProcessID":3484,"AccountName":"SYSTEM","OpcodeValue":0,"@timestamp":"2020-08-05T06:10:10.935Z","Task":10,"EventType":"INFO","EventReceivedTime":"2020-08-05 02:10:10","AccountType":"User"}
{"@version":"1","ThreadID":4268,"SourceIsIpv6":"false","UserID":"S-1-5-18","Version":5,"SourcePortName":"-","DestinationPortName":"-","Message":"Network connection detected:\r\nRuleName: -\r\nUtcTime: 2020-08-05 06:10:07.102\r\nProcessGuid: {2b437147-0bbd-5f2a-4e00-000000000400}\r\nProcessId: 3588\r\nImage: C:\\Windows\\System32\\dns.exe\r\nUser: NT AUTHORITY\\SYSTEM\r\nProtocol: udp\r\nInitiated: false\r\nSourceIsIpv6: false\r\nSourceIp: 172.18.38.5\r\nSourceHostname: -\r\nSourcePort: 53\r\nSourcePortName: -\r\nDestinationIsIpv6: false\r\nDestinationIp: 172.18.39.6\r\nDestinationHostname: -\r\nDestinationPort: 49661\r\nDestinationPortName: -","ProcessGuid":"{2b437147-0bbd-5f2a-4e00-000000000400}","User":"NT AUTHORITY\\SYSTEM","SourceName":"Microsoft-Windows-Sysmon","DestinationHostname":"-","tags":["mordorDataset"],"RuleName":"-","ProviderGuid":"{5770385F-C22A-43E0-BF4C-06F5698FFBD9}","EventID":3,"RecordNumber":284970,"Hostname":"MORDORDC.theshire.local","Protocol":"udp","SourceModuleType":"im_msvistalog","SourceHostname":"-","ExecutionProcessID":3868,"AccountName":"SYSTEM","OpcodeValue":0,"SourceIp":"172.18.38.5","EventType":"INFO","Image":"C:\\Windows\\System32\\dns.exe","AccountType":"User","UtcTime":"2020-08-05 06:10:07.102","Keywords":-9223372036854775808,"host":"wec.internal.cloudapp.net","SourceModuleName":"eventlog","SeverityValue":2,"DestinationPort":"49661","Channel":"Microsoft-Windows-Sysmon/Operational","ProcessId":"3588","Domain":"NT AUTHORITY","port":53997,"EventTime":"2020-08-05 02:10:09","SourcePort":"53","Severity":"INFO","@timestamp":"2020-08-05T06:10:10.935Z","Task":3,"DestinationIsIpv6":"false","DestinationIp":"172.18.39.6","Initiated":"false","EventReceivedTime":"2020-08-05 02:10:10"}
{"@version":"1","ThreadID":4268,"SourceIsIpv6":"false","UserID":"S-1-5-18","Version":5,"SourcePortName":"-","DestinationPortName":"-","Message":"Network connection detected:\r\nRuleName: -\r\nUtcTime: 2020-08-05 06:10:07.103\r\nProcessGuid: {2b437147-0bbd-5f2a-4e00-000000000400}\r\nProcessId: 3588\r\nImage: C:\\Windows\\System32\\dns.exe\r\nUser: NT AUTHORITY\\SYSTEM\r\nProtocol: udp\r\nInitiated: true\r\nSourceIsIpv6: false\r\nSourceIp: 172.18.38.5\r\nSourceHostname: -\r\nSourcePort: 62536\r\nSourcePortName: -\r\nDestinationIsIpv6: false\r\nDestinationIp: 13.107.252.10\r\nDestinationHostname: -\r\nDestinationPort: 53\r\nDestinationPortName: -","ProcessGuid":"{2b437147-0bbd-5f2a-4e00-000000000400}","User":"NT AUTHORITY\\SYSTEM","SourceName":"Microsoft-Windows-Sysmon","DestinationHostname":"-","tags":["mordorDataset"],"RuleName":"-","ProviderGuid":"{5770385F-C22A-43E0-BF4C-06F5698FFBD9}","EventID":3,"RecordNumber":284971,"Hostname":"MORDORDC.theshire.local","Protocol":"udp","SourceModuleType":"im_msvistalog","SourceHostname":"-","ExecutionProcessID":3868,"AccountName":"SYSTEM","OpcodeValue":0,"SourceIp":"172.18.38.5","EventType":"INFO","Image":"C:\\Windows\\System32\\dns.exe","AccountType":"User","UtcTime":"2020-08-05 06:10:07.103","Keywords":-9223372036854775808,"host":"wec.internal.cloudapp.net","SourceModuleName":"eventlog","SeverityValue":2,"DestinationPort":"53","Channel":"Microsoft-Windows-Sysmon/Operational","ProcessId":"3588","Domain":"NT AUTHORITY","port":53997,"EventTime":"2020-08-05 02:10:09","SourcePort":"62536","Severity":"INFO","@timestamp":"2020-08-05T06:10:10.935Z","Task":3,"DestinationIsIpv6":"false","DestinationIp":"13.107.252.10","Initiated":"true","EventReceivedTime":"2020-08-05 02:10:10"}
{"@version":"1","ThreadID":4268,"SourceIsIpv6":"false","UserID":"S-1-5-18","Version":5,"SourcePortName":"-","DestinationPortName":"-","Message":"Network connection detected:\r\nRuleName: -\r\nUtcTime: 2020-08-05 06:10:07.356\r\nProcessGuid: {2b437147-0bbd-5f2a-4e00-000000000400}\r\nProcessId: 3588\r\nImage: C:\\Windows\\System32\\dns.exe\r\nUser: NT AUTHORITY\\SYSTEM\r\nProtocol: udp\r\nInitiated: false\r\nSourceIsIpv6: false\r\nSourceIp: 172.18.38.5\r\nSourceHostname: -\r\nSourcePort: 53\r\nSourcePortName: -\r\nDestinationIsIpv6: false\r\nDestinationIp: 172.18.39.5\r\nDestinationHostname: -\r\nDestinationPort: 65268\r\nDestinationPortName: -","ProcessGuid":"{2b437147-0bbd-5f2a-4e00-000000000400}","User":"NT AUTHORITY\\SYSTEM","SourceName":"Microsoft-Windows-Sysmon","DestinationHostname":"-","tags":["mordorDataset"],"RuleName":"-","ProviderGuid":"{5770385F-C22A-43E0-BF4C-06F5698FFBD9}","EventID":3,"RecordNumber":284972,"Hostname":"MORDORDC.theshire.local","Protocol":"udp","SourceModuleType":"im_msvistalog","SourceHostname":"-","ExecutionProcessID":3868,"AccountName":"SYSTEM","OpcodeValue":0,"SourceIp":"172.18.38.5","EventType":"INFO","Image":"C:\\Windows\\System32\\dns.exe","AccountType":"User","UtcTime":"2020-08-05 06:10:07.356","Keywords":-9223372036854775808,"host":"wec.internal.cloudapp.net","SourceModuleName":"eventlog","SeverityValue":2,"DestinationPort":"65268","Channel":"Microsoft-Windows-Sysmon/Operational","ProcessId":"3588","Domain":"NT AUTHORITY","port":53997,"EventTime":"2020-08-05 02:10:09","SourcePort":"53","Severity":"INFO","@timestamp":"2020-08-05T06:10:10.936Z","Task":3,"DestinationIsIpv6":"false","DestinationIp":"172.18.39.5","Initiated":"false","EventReceivedTime":"2020-08-05 02:10:10"}
