{"SeverityValue":2,"SourceImage":"C:\\windows\\SYSTEM32\\cmd.exe","EventReceivedTime":"2020-09-17 17:32:15","EventID":10,"ProviderGuid":"{5770385F-C22A-43E0-BF4C-06F5698FFBD9}","ExecutionProcessID":3228,"Channel":"Microsoft-Windows-Sysmon/Operational","host":"wec.internal.cloudapp.net","AccountType":"User","SourceProcessGUID":"{b34bc01c-d5de-5f63-3806-000000000400}","ProcessId":"6256","Opcode":"Info","EventTime":"2020-09-17 17:32:14","SourceModuleType":"im_msvistalog","AccountName":"SYSTEM","Domain":"NT AUTHORITY","@version":"1","OpcodeValue":0,"Severity":"INFO","SourceName":"Microsoft-Windows-Sysmon","TargetProcessId":"7400","Category":"Process accessed (rule: ProcessAccess)","Keywords":-9223372036854775808,"TargetImage":"C:\\Users\\pgustavo\\Desktop\\MoveExcel4.exe","GrantedAccess":"0x1fffff","UserID":"S-1-5-18","ThreadID":4288,"EventType":"INFO","Message":"Process accessed:\r\nRuleName: -\r\nUtcTime: 2020-09-17 21:32:14.332\r\nSourceProcessGUID: {b34bc01c-d5de-5f63-3806-000000000400}\r\nSourceProcessId: 6256\r\nSourceThreadId: 8620\r\nSourceImage: C:\\windows\\SYSTEM32\\cmd.exe\r\nTargetProcessGUID: {b34bc01c-d5de-5f63-3a06-000000000400}\r\nTargetProcessId: 7400\r\nTargetImage: C:\\Users\\pgustavo\\Desktop\\MoveExcel4.exe\r\nGrantedAccess: 0x1FFFFF\r\nCallTrace: C:\\windows\\SYSTEM32\\ntdll.dll+9d8e4|C:\\windows\\System32\\KERNELBASE.dll+59e1a|C:\\windows\\System32\\KERNELBASE.dll+567b6|C:\\windows\\System32\\KERNEL32.DLL+1be93|C:\\windows\\SYSTEM32\\cmd.exe+134fb|C:\\windows\\SYSTEM32\\cmd.exe+149f7|C:\\windows\\SYSTEM32\\cmd.exe+c0c1|C:\\windows\\SYSTEM32\\cmd.exe+b5e1|C:\\windows\\SYSTEM32\\cmd.exe+124e4|C:\\windows\\SYSTEM32\\cmd.exe+1822d|C:\\windows\\System32\\KERNEL32.DLL+17bd4|C:\\windows\\SYSTEM32\\ntdll.dll+6ce51","@timestamp":"2020-09-17T21:32:15.328Z","port":64545,"SourceThreadId":"8620","RecordNumber":636925,"SourceProcessId":"6256","Task":10,"SourceModuleName":"eventlog","TargetProcessGUID":"{b34bc01c-d5de-5f63-3a06-000000000400}","Version":3,"CallTrace":"C:\\windows\\SYSTEM32\\ntdll.dll+9d8e4|C:\\windows\\System32\\KERNELBASE.dll+59e1a|C:\\windows\\System32\\KERNELBASE.dll+567b6|C:\\windows\\System32\\KERNEL32.DLL+1be93|C:\\windows\\SYSTEM32\\cmd.exe+134fb|C:\\windows\\SYSTEM32\\cmd.exe+149f7|C:\\windows\\SYSTEM32\\cmd.exe+c0c1|C:\\windows\\SYSTEM32\\cmd.exe+b5e1|C:\\windows\\SYSTEM32\\cmd.exe+124e4|C:\\windows\\SYSTEM32\\cmd.exe+1822d|C:\\windows\\System32\\KERNEL32.DLL+17bd4|C:\\windows\\SYSTEM32\\ntdll.dll+6ce51","UtcTime":"2020-09-17 21:32:14.332","Hostname":"WORKSTATION5.theshire.local","RuleName":"-","tags":["mordorDataset"]}
{"SeverityValue":2,"SourceImage":"C:\\windows\\system32\\csrss.exe","EventReceivedTime":"2020-09-17 17:32:15","EventID":10,"ProviderGuid":"{5770385F-C22A-43E0-BF4C-06F5698FFBD9}","ExecutionProcessID":3228,"Channel":"Microsoft-Windows-Sysmon/Operational","host":"wec.internal.cloudapp.net","AccountType":"User","SourceProcessGUID":"{b34bc01c-8285-5f63-6b02-000000000400}","ProcessId":"1320","Opcode":"Info","EventTime":"2020-09-17 17:32:14","SourceModuleType":"im_msvistalog","AccountName":"SYSTEM","Domain":"NT AUTHORITY","@version":"1","OpcodeValue":0,"Severity":"INFO","SourceName":"Microsoft-Windows-Sysmon","TargetProcessId":"7400","Category":"Process accessed (rule: ProcessAccess)","Keywords":-9223372036854775808,"TargetImage":"C:\\Users\\pgustavo\\Desktop\\MoveExcel4.exe","GrantedAccess":"0x1fffff","UserID":"S-1-5-18","ThreadID":4288,"EventType":"INFO","Message":"Process accessed:\r\nRuleName: -\r\nUtcTime: 2020-09-17 21:32:14.332\r\nSourceProcessGUID: {b34bc01c-8285-5f63-6b02-000000000400}\r\nSourceProcessId: 1320\r\nSourceThreadId: 7808\r\nSourceImage: C:\\windows\\system32\\csrss.exe\r\nTargetProcessGUID: {b34bc01c-d5de-5f63-3a06-000000000400}\r\nTargetProcessId: 7400\r\nTargetImage: C:\\Users\\pgustavo\\Desktop\\MoveExcel4.exe\r\nGrantedAccess: 0x1FFFFF\r\nCallTrace: C:\\windows\\SYSTEM32\\ntdll.dll+9c534|C:\\windows\\system32\\basesrv.DLL+2fba|C:\\windows\\SYSTEM32\\CSRSRV.dll+5af4|C:\\windows\\SYSTEM32\\ntdll.dll+6ce5f","@timestamp":"2020-09-17T21:32:15.328Z","port":64545,"SourceThreadId":"7808","RecordNumber":636926,"SourceProcessId":"1320","Task":10,"SourceModuleName":"eventlog","TargetProcessGUID":"{b34bc01c-d5de-5f63-3a06-000000000400}","Version":3,"CallTrace":"C:\\windows\\SYSTEM32\\ntdll.dll+9c534|C:\\windows\\system32\\basesrv.DLL+2fba|C:\\windows\\SYSTEM32\\CSRSRV.dll+5af4|C:\\windows\\SYSTEM32\\ntdll.dll+6ce5f","UtcTime":"2020-09-17 21:32:14.332","Hostname":"WORKSTATION5.theshire.local","RuleName":"-","tags":["mordorDataset"]}
{"ImageLoaded":"C:\\Windows\\System32\\apphelp.dll","SeverityValue":2,"EventReceivedTime":"2020-09-17 17:32:15","EventID":7,"ProviderGuid":"{5770385F-C22A-43E0-BF4C-06F5698FFBD9}","ExecutionProcessID":3228,"Channel":"Microsoft-Windows-Sysmon/Operational","host":"wec.internal.cloudapp.net","AccountType":"User","ProcessGuid":"{b34bc01c-d5de-5f63-3806-000000000400}","ProcessId":"6256","Opcode":"Info","EventTime":"2020-09-17 17:32:14","Signed":"true","SourceModuleType":"im_msvistalog","AccountName":"SYSTEM","Domain":"NT AUTHORITY","@version":"1","OpcodeValue":0,"SignatureStatus":"Valid","Severity":"INFO","Hashes":"SHA1=5859E2A34AFF0994787230619FDCBAD2984EF9AA,MD5=929AFBF6453DA8E969C7BBA44BCE0906,SHA256=1E32F6BFD882ACC2300F34D9A7D0D574A66075F4BDE70088C94954D464380327,IMPHASH=21667D44701C8F5F61867EF5B495ACBD","SourceName":"Microsoft-Windows-Sysmon","Description":"Application Compatibility Client Library","Category":"Image loaded (rule: ImageLoad)","Company":"Microsoft Corporation","Keywords":-9223372036854775808,"FileVersion":"10.0.18362.1 (WinBuild.160101.0800)","UserID":"S-1-5-18","ThreadID":4288,"EventType":"INFO","Message":"Image loaded:\r\nRuleName: -\r\nUtcTime: 2020-09-17 21:32:14.332\r\nProcessGuid: {b34bc01c-d5de-5f63-3806-000000000400}\r\nProcessId: 6256\r\nImage: C:\\Windows\\System32\\cmd.exe\r\nImageLoaded: C:\\Windows\\System32\\apphelp.dll\r\nFileVersion: 10.0.18362.1 (WinBuild.160101.0800)\r\nDescription: Application Compatibility Client Library\r\nProduct: Microsoft® Windows® Operating System\r\nCompany: Microsoft Corporation\r\nOriginalFileName: Apphelp\r\nHashes: SHA1=5859E2A34AFF0994787230619FDCBAD2984EF9AA,MD5=929AFBF6453DA8E969C7BBA44BCE0906,SHA256=1E32F6BFD882ACC2300F34D9A7D0D574A66075F4BDE70088C94954D464380327,IMPHASH=21667D44701C8F5F61867EF5B495ACBD\r\nSigned: true\r\nSignature: Microsoft Windows\r\nSignatureStatus: Valid","@timestamp":"2020-09-17T21:32:15.328Z","port":64545,"RecordNumber":636927,"Task":7,"Signature":"Microsoft Windows","SourceModuleName":"eventlog","Version":3,"Product":"Microsoft® Windows® Operating System","Image":"C:\\Windows\\System32\\cmd.exe","OriginalFileName":"Apphelp","UtcTime":"2020-09-17 21:32:14.332","Hostname":"WORKSTATION5.theshire.local","RuleName":"-","tags":["mordorDataset"]}
{"ImageLoaded":"C:\\Windows\\System32\\ntdll.dll","SeverityValue":2,"EventReceivedTime":"2020-09-17 17:32:15","EventID":7,"ProviderGuid":"{5770385F-C22A-43E0-BF4C-06F5698FFBD9}","ExecutionProcessID":3228,"Channel":"Microsoft-Windows-Sysmon/Operational","host":"wec.internal.cloudapp.net","AccountType":"User","ProcessGuid":"{b34bc01c-d5de-5f63-3a06-000000000400}","ProcessId":"7400","Opcode":"Info","EventTime":"2020-09-17 17:32:14","Signed":"true","SourceModuleType":"im_msvistalog","AccountName":"SYSTEM","Domain":"NT AUTHORITY","@version":"1","OpcodeValue":0,"SignatureStatus":"Valid","Severity":"INFO","Hashes":"SHA1=BFD8EE26537D8C30A5FE2C9753AEED3BB6930004,MD5=BD5F9D4684E7BCB9D41D298297A73956,SHA256=FB9DA8BAF27DADDE620C2D8D3CADDD4CF7BF405A9BC8E870A73B6CF163046176,IMPHASH=00000000000000000000000000000000","SourceName":"Microsoft-Windows-Sysmon","Description":"NT Layer DLL","Category":"Image loaded (rule: ImageLoad)","Company":"Microsoft Corporation","Keywords":-9223372036854775808,"FileVersion":"10.0.18362.1049 (WinBuild.160101.0800)","UserID":"S-1-5-18","ThreadID":4288,"EventType":"INFO","Message":"Image loaded:\r\nRuleName: -\r\nUtcTime: 2020-09-17 21:32:14.332\r\nProcessGuid: {b34bc01c-d5de-5f63-3a06-000000000400}\r\nProcessId: 7400\r\nImage: C:\\Users\\pgustavo\\Desktop\\MoveExcel4.exe\r\nImageLoaded: C:\\Windows\\System32\\ntdll.dll\r\nFileVersion: 10.0.18362.1049 (WinBuild.160101.0800)\r\nDescription: NT Layer DLL\r\nProduct: Microsoft® Windows® Operating System\r\nCompany: Microsoft Corporation\r\nOriginalFileName: ntdll.dll\r\nHashes: SHA1=BFD8EE26537D8C30A5FE2C9753AEED3BB6930004,MD5=BD5F9D4684E7BCB9D41D298297A73956,SHA256=FB9DA8BAF27DADDE620C2D8D3CADDD4CF7BF405A9BC8E870A73B6CF163046176,IMPHASH=00000000000000000000000000000000\r\nSigned: true\r\nSignature: Microsoft Windows\r\nSignatureStatus: Valid","@timestamp":"2020-09-17T21:32:15.329Z","port":64545,"RecordNumber":636928,"Task":7,"Signature":"Microsoft Windows","SourceModuleName":"eventlog","Version":3,"Product":"Microsoft® Windows® Operating System","Image":"C:\\Users\\pgustavo\\Desktop\\MoveExcel4.exe","OriginalFileName":"ntdll.dll","UtcTime":"2020-09-17 21:32:14.332","Hostname":"WORKSTATION5.theshire.local","RuleName":"-","tags":["mordorDataset"]}
{"ImageLoaded":"C:\\Users\\pgustavo\\Desktop\\MoveExcel4.exe","SeverityValue":2,"EventReceivedTime":"2020-09-17 17:32:15","EventID":7,"ProviderGuid":"{5770385F-C22A-43E0-BF4C-06F5698FFBD9}","ExecutionProcessID":3228,"Channel":"Microsoft-Windows-Sysmon/Operational","host":"wec.internal.cloudapp.net","AccountType":"User","ProcessGuid":"{b34bc01c-d5de-5f63-3a06-000000000400}","ProcessId":"7400","Opcode":"Info","EventTime":"2020-09-17 17:32:14","Signed":"false","SourceModuleType":"im_msvistalog","AccountName":"SYSTEM","Domain":"NT AUTHORITY","@version":"1","OpcodeValue":0,"SignatureStatus":"Unavailable","Severity":"INFO","Hashes":"SHA1=8B61BE44EB536F2A83FD23BA38BD02CEAACF105C,MD5=838AA3C1E3E2097C1EBBED7381FE0F2C,SHA256=AF9BDA72B0AE9E58077ED2919D682A7F46E907F53FC9BA1F47200401C238B2F5,IMPHASH=F34D5F2D4577ED6D9CEEC516C1F5A744","SourceName":"Microsoft-Windows-Sysmon","Description":"MoveExcel4","Category":"Image loaded (rule: ImageLoad)","Company":"-","Keywords":-9223372036854775808,"FileVersion":"1.0.0.0","UserID":"S-1-5-18","ThreadID":4304,"EventType":"INFO","Message":"Image loaded:\r\nRuleName: -\r\nUtcTime: 2020-09-17 21:32:14.332\r\nProcessGuid: {b34bc01c-d5de-5f63-3a06-000000000400}\r\nProcessId: 7400\r\nImage: C:\\Users\\pgustavo\\Desktop\\MoveExcel4.exe\r\nImageLoaded: C:\\Users\\pgustavo\\Desktop\\MoveExcel4.exe\r\nFileVersion: 1.0.0.0\r\nDescription: MoveExcel4\r\nProduct: MoveExcel4\r\nCompany: -\r\nOriginalFileName: MoveExcel4.exe\r\nHashes: SHA1=8B61BE44EB536F2A83FD23BA38BD02CEAACF105C,MD5=838AA3C1E3E2097C1EBBED7381FE0F2C,SHA256=AF9BDA72B0AE9E58077ED2919D682A7F46E907F53FC9BA1F47200401C238B2F5,IMPHASH=F34D5F2D4577ED6D9CEEC516C1F5A744\r\nSigned: false\r\nSignature: -\r\nSignatureStatus: Unavailable","@timestamp":"2020-09-17T21:32:15.329Z","port":64545,"RecordNumber":636929,"Task":7,"Signature":"-","SourceModuleName":"eventlog","Version":3,"Product":"MoveExcel4","Image":"C:\\Users\\pgustavo\\Desktop\\MoveExcel4.exe","OriginalFileName":"MoveExcel4.exe","UtcTime":"2020-09-17 21:32:14.332","Hostname":"WORKSTATION5.theshire.local","RuleName":"-","tags":["mordorDataset"]}
{"ImageLoaded":"C:\\Windows\\System32\\kernel32.dll","SeverityValue":2,"EventReceivedTime":"2020-09-17 17:32:15","EventID":7,"ProviderGuid":"{5770385F-C22A-43E0-BF4C-06F5698FFBD9}","ExecutionProcessID":3228,"Channel":"Microsoft-Windows-Sysmon/Operational","host":"wec.internal.cloudapp.net","AccountType":"User","ProcessGuid":"{b34bc01c-d5de-5f63-3a06-000000000400}","ProcessId":"7400","Opcode":"Info","EventTime":"2020-09-17 17:32:14","Signed":"true","SourceModuleType":"im_msvistalog","AccountName":"SYSTEM","Domain":"NT AUTHORITY","@version":"1","OpcodeValue":0,"SignatureStatus":"Valid","Severity":"INFO","Hashes":"SHA1=9044BFB6E7D920BB4586123237B512238F2EA726,MD5=B78D8D39F63C5B7B9A2F4BC31076C954,SHA256=08BE2EE23EE5A7722C4BACA3BD8F0EABA7A56302F0051E6802A36D35AB0BC41C,IMPHASH=F9F97E60CFCD78BE051D9570C88FFB6F","SourceName":"Microsoft-Windows-Sysmon","Description":"Windows NT BASE API Client DLL","Category":"Image loaded (rule: ImageLoad)","Company":"Microsoft Corporation","Keywords":-9223372036854775808,"FileVersion":"10.0.18362.1082 (WinBuild.160101.0800)","UserID":"S-1-5-18","ThreadID":4288,"EventType":"INFO","Message":"Image loaded:\r\nRuleName: -\r\nUtcTime: 2020-09-17 21:32:14.332\r\nProcessGuid: {b34bc01c-d5de-5f63-3a06-000000000400}\r\nProcessId: 7400\r\nImage: C:\\Users\\pgustavo\\Desktop\\MoveExcel4.exe\r\nImageLoaded: C:\\Windows\\System32\\kernel32.dll\r\nFileVersion: 10.0.18362.1082 (WinBuild.160101.0800)\r\nDescription: Windows NT BASE API Client DLL\r\nProduct: Microsoft® Windows® Operating System\r\nCompany: Microsoft Corporation\r\nOriginalFileName: kernel32\r\nHashes: SHA1=9044BFB6E7D920BB4586123237B512238F2EA726,MD5=B78D8D39F63C5B7B9A2F4BC31076C954,SHA256=08BE2EE23EE5A7722C4BACA3BD8F0EABA7A56302F0051E6802A36D35AB0BC41C,IMPHASH=F9F97E60CFCD78BE051D9570C88FFB6F\r\nSigned: true\r\nSignature: Microsoft Windows\r\nSignatureStatus: Valid","@timestamp":"2020-09-17T21:32:15.331Z","port":64545,"RecordNumber":636930,"Task":7,"Signature":"Microsoft Windows","SourceModuleName":"eventlog","Version":3,"Product":"Microsoft® Windows® Operating System","Image":"C:\\Users\\pgustavo\\Desktop\\MoveExcel4.exe","OriginalFileName":"kernel32","UtcTime":"2020-09-17 21:32:14.332","Hostname":"WORKSTATION5.theshire.local","RuleName":"-","tags":["mordorDataset"]}
{"ImageLoaded":"C:\\Windows\\System32\\KernelBase.dll","SeverityValue":2,"EventReceivedTime":"2020-09-17 17:32:15","EventID":7,"ProviderGuid":"{5770385F-C22A-43E0-BF4C-06F5698FFBD9}","ExecutionProcessID":3228,"Channel":"Microsoft-Windows-Sysmon/Operational","host":"wec.internal.cloudapp.net","AccountType":"User","ProcessGuid":"{b34bc01c-d5de-5f63-3a06-000000000400}","ProcessId":"7400","Opcode":"Info","EventTime":"2020-09-17 17:32:14","Signed":"true","SourceModuleType":"im_msvistalog","AccountName":"SYSTEM","Domain":"NT AUTHORITY","@version":"1","OpcodeValue":0,"SignatureStatus":"Valid","Severity":"INFO","Hashes":"SHA1=0BE0E331F4F9C2ED8C9D989CDCFD10463FE3E047,MD5=D62F3401037D0D0CE1F41555B72F1B60,SHA256=B51E88CCD1517E923A7A3E21B2AFC856927D529F5C5668A072B4B12AC70AD46B,IMPHASH=16003AF856720C35351BB8C14AD0B0A8","SourceName":"Microsoft-Windows-Sysmon","Description":"Windows NT BASE API Client DLL","Category":"Image loaded (rule: ImageLoad)","Company":"Microsoft Corporation","Keywords":-9223372036854775808,"FileVersion":"10.0.18362.1049 (WinBuild.160101.0800)","UserID":"S-1-5-18","ThreadID":4288,"EventType":"INFO","Message":"Image loaded:\r\nRuleName: -\r\nUtcTime: 2020-09-17 21:32:14.332\r\nProcessGuid: {b34bc01c-d5de-5f63-3a06-000000000400}\r\nProcessId: 7400\r\nImage: C:\\Users\\pgustavo\\Desktop\\MoveExcel4.exe\r\nImageLoaded: C:\\Windows\\System32\\KernelBase.dll\r\nFileVersion: 10.0.18362.1049 (WinBuild.160101.0800)\r\nDescription: Windows NT BASE API Client DLL\r\nProduct: Microsoft® Windows® Operating System\r\nCompany: Microsoft Corporation\r\nOriginalFileName: Kernelbase.dll\r\nHashes: SHA1=0BE0E331F4F9C2ED8C9D989CDCFD10463FE3E047,MD5=D62F3401037D0D0CE1F41555B72F1B60,SHA256=B51E88CCD1517E923A7A3E21B2AFC856927D529F5C5668A072B4B12AC70AD46B,IMPHASH=16003AF856720C35351BB8C14AD0B0A8\r\nSigned: true\r\nSignature: Microsoft Windows\r\nSignatureStatus: Valid","@timestamp":"2020-09-17T21:32:15.331Z","port":64545,"RecordNumber":636931,"Task":7,"Signature":"Microsoft Windows","SourceModuleName":"eventlog","Version":3,"Product":"Microsoft® Windows® Operating System","Image":"C:\\Users\\pgustavo\\Desktop\\MoveExcel4.exe","OriginalFileName":"Kernelbase.dll","UtcTime":"2020-09-17 21:32:14.332","Hostname":"WORKSTATION5.theshire.local","RuleName":"-","tags":["mordorDataset"]}
{"ImageLoaded":"C:\\Windows\\System32\\mscoree.dll","SeverityValue":2,"EventReceivedTime":"2020-09-17 17:32:15","EventID":7,"ProviderGuid":"{5770385F-C22A-43E0-BF4C-06F5698FFBD9}","ExecutionProcessID":3228,"Channel":"Microsoft-Windows-Sysmon/Operational","host":"wec.internal.cloudapp.net","AccountType":"User","ProcessGuid":"{b34bc01c-d5de-5f63-3a06-000000000400}","ProcessId":"7400","Opcode":"Info","EventTime":"2020-09-17 17:32:14","Signed":"true","SourceModuleType":"im_msvistalog","AccountName":"SYSTEM","Domain":"NT AUTHORITY","@version":"1","OpcodeValue":0,"SignatureStatus":"Valid","Severity":"INFO","Hashes":"SHA1=5029F9119FE1D6679666C5DF2441EA656D39A6EE,MD5=8FFAA80338156FD443D34F4CE9BD8431,SHA256=696A78B8C7E32163E3752A8D73A13C70C12BBB05E20EB28295B786E5A88D7FDB,IMPHASH=65F23EFA1EB51A5DAAB399BFAA840074","SourceName":"Microsoft-Windows-Sysmon","Description":"Microsoft .NET Runtime Execution Engine","Category":"Image loaded (rule: ImageLoad)","Company":"Microsoft Corporation","Keywords":-9223372036854775808,"FileVersion":"10.0.18362.1 (WinBuild.160101.0800)","UserID":"S-1-5-18","ThreadID":4304,"EventType":"INFO","Message":"Image loaded:\r\nRuleName: -\r\nUtcTime: 2020-09-17 21:32:14.332\r\nProcessGuid: {b34bc01c-d5de-5f63-3a06-000000000400}\r\nProcessId: 7400\r\nImage: C:\\Users\\pgustavo\\Desktop\\MoveExcel4.exe\r\nImageLoaded: C:\\Windows\\System32\\mscoree.dll\r\nFileVersion: 10.0.18362.1 (WinBuild.160101.0800)\r\nDescription: Microsoft .NET Runtime Execution Engine\r\nProduct: Microsoft® Windows® Operating System\r\nCompany: Microsoft Corporation\r\nOriginalFileName: mscoree.dll\r\nHashes: SHA1=5029F9119FE1D6679666C5DF2441EA656D39A6EE,MD5=8FFAA80338156FD443D34F4CE9BD8431,SHA256=696A78B8C7E32163E3752A8D73A13C70C12BBB05E20EB28295B786E5A88D7FDB,IMPHASH=65F23EFA1EB51A5DAAB399BFAA840074\r\nSigned: true\r\nSignature: Microsoft Windows\r\nSignatureStatus: Valid","@timestamp":"2020-09-17T21:32:15.332Z","port":64545,"RecordNumber":636932,"Task":7,"Signature":"Microsoft Windows","SourceModuleName":"eventlog","Version":3,"Product":"Microsoft® Windows® Operating System","Image":"C:\\Users\\pgustavo\\Desktop\\MoveExcel4.exe","OriginalFileName":"mscoree.dll","UtcTime":"2020-09-17 21:32:14.332","Hostname":"WORKSTATION5.theshire.local","RuleName":"-","tags":["mordorDataset"]}
{"SeverityValue":2,"SourceImage":"C:\\windows\\system32\\conhost.exe","EventReceivedTime":"2020-09-17 17:32:15","EventID":10,"ProviderGuid":"{5770385F-C22A-43E0-BF4C-06F5698FFBD9}","ExecutionProcessID":3228,"Channel":"Microsoft-Windows-Sysmon/Operational","host":"wec.internal.cloudapp.net","AccountType":"User","SourceProcessGUID":"{b34bc01c-d5de-5f63-3906-000000000400}","ProcessId":"4868","Opcode":"Info","EventTime":"2020-09-17 17:32:14","SourceModuleType":"im_msvistalog","AccountName":"SYSTEM","Domain":"NT AUTHORITY","@version":"1","OpcodeValue":0,"Severity":"INFO","SourceName":"Microsoft-Windows-Sysmon","TargetProcessId":"7400","Category":"Process accessed (rule: ProcessAccess)","Keywords":-9223372036854775808,"TargetImage":"C:\\Users\\pgustavo\\Desktop\\MoveExcel4.exe","GrantedAccess":"0x1fffff","UserID":"S-1-5-18","ThreadID":4288,"EventType":"INFO","Message":"Process accessed:\r\nRuleName: -\r\nUtcTime: 2020-09-17 21:32:14.332\r\nSourceProcessGUID: {b34bc01c-d5de-5f63-3906-000000000400}\r\nSourceProcessId: 4868\r\nSourceThreadId: 9744\r\nSourceImage: C:\\windows\\system32\\conhost.exe\r\nTargetProcessGUID: {b34bc01c-d5de-5f63-3a06-000000000400}\r\nTargetProcessId: 7400\r\nTargetImage: C:\\Users\\pgustavo\\Desktop\\MoveExcel4.exe\r\nGrantedAccess: 0x1FFFFF\r\nCallTrace: C:\\windows\\SYSTEM32\\ntdll.dll+9c534|C:\\windows\\System32\\KERNELBASE.dll+305fe|C:\\windows\\system32\\conhost.exe+1260d|C:\\windows\\system32\\conhost.exe+12505|C:\\windows\\system32\\conhost.exe+895c|C:\\windows\\system32\\conhost.exe+f2e6|C:\\windows\\System32\\KERNEL32.DLL+17bd4|C:\\windows\\SYSTEM32\\ntdll.dll+6ce51","@timestamp":"2020-09-17T21:32:15.332Z","port":64545,"SourceThreadId":"9744","RecordNumber":636933,"SourceProcessId":"4868","Task":10,"SourceModuleName":"eventlog","TargetProcessGUID":"{b34bc01c-d5de-5f63-3a06-000000000400}","Version":3,"CallTrace":"C:\\windows\\SYSTEM32\\ntdll.dll+9c534|C:\\windows\\System32\\KERNELBASE.dll+305fe|C:\\windows\\system32\\conhost.exe+1260d|C:\\windows\\system32\\conhost.exe+12505|C:\\windows\\system32\\conhost.exe+895c|C:\\windows\\system32\\conhost.exe+f2e6|C:\\windows\\System32\\KERNEL32.DLL+17bd4|C:\\windows\\SYSTEM32\\ntdll.dll+6ce51","UtcTime":"2020-09-17 21:32:14.332","Hostname":"WORKSTATION5.theshire.local","RuleName":"-","tags":["mordorDataset"]}
{"ImageLoaded":"C:\\Windows\\System32\\apphelp.dll","SeverityValue":2,"EventReceivedTime":"2020-09-17 17:32:15","EventID":7,"ProviderGuid":"{5770385F-C22A-43E0-BF4C-06F5698FFBD9}","ExecutionProcessID":3228,"Channel":"Microsoft-Windows-Sysmon/Operational","host":"wec.internal.cloudapp.net","AccountType":"User","ProcessGuid":"{b34bc01c-d5de-5f63-3a06-000000000400}","ProcessId":"7400","Opcode":"Info","EventTime":"2020-09-17 17:32:14","Signed":"true","SourceModuleType":"im_msvistalog","AccountName":"SYSTEM","Domain":"NT AUTHORITY","@version":"1","OpcodeValue":0,"SignatureStatus":"Valid","Severity":"INFO","Hashes":"SHA1=5859E2A34AFF0994787230619FDCBAD2984EF9AA,MD5=929AFBF6453DA8E969C7BBA44BCE0906,SHA256=1E32F6BFD882ACC2300F34D9A7D0D574A66075F4BDE70088C94954D464380327,IMPHASH=21667D44701C8F5F61867EF5B495ACBD","SourceName":"Microsoft-Windows-Sysmon","Description":"Application Compatibility Client Library","Category":"Image loaded (rule: ImageLoad)","Company":"Microsoft Corporation","Keywords":-9223372036854775808,"FileVersion":"10.0.18362.1 (WinBuild.160101.0800)","UserID":"S-1-5-18","ThreadID":4288,"EventType":"INFO","Message":"Image loaded:\r\nRuleName: -\r\nUtcTime: 2020-09-17 21:32:14.347\r\nProcessGuid: {b34bc01c-d5de-5f63-3a06-000000000400}\r\nProcessId: 7400\r\nImage: C:\\Users\\pgustavo\\Desktop\\MoveExcel4.exe\r\nImageLoaded: C:\\Windows\\System32\\apphelp.dll\r\nFileVersion: 10.0.18362.1 (WinBuild.160101.0800)\r\nDescription: Application Compatibility Client Library\r\nProduct: Microsoft® Windows® Operating System\r\nCompany: Microsoft Corporation\r\nOriginalFileName: Apphelp\r\nHashes: SHA1=5859E2A34AFF0994787230619FDCBAD2984EF9AA,MD5=929AFBF6453DA8E969C7BBA44BCE0906,SHA256=1E32F6BFD882ACC2300F34D9A7D0D574A66075F4BDE70088C94954D464380327,IMPHASH=21667D44701C8F5F61867EF5B495ACBD\r\nSigned: true\r\nSignature: Microsoft Windows\r\nSignatureStatus: Valid","@timestamp":"2020-09-17T21:32:15.332Z","port":64545,"RecordNumber":636934,"Task":7,"Signature":"Microsoft Windows","SourceModuleName":"eventlog","Version":3,"Product":"Microsoft® Windows® Operating System","Image":"C:\\Users\\pgustavo\\Desktop\\MoveExcel4.exe","OriginalFileName":"Apphelp","UtcTime":"2020-09-17 21:32:14.347","Hostname":"WORKSTATION5.theshire.local","RuleName":"-","tags":["mordorDataset"]}
{"ImageLoaded":"C:\\Windows\\System32\\advapi32.dll","SeverityValue":2,"EventReceivedTime":"2020-09-17 17:32:15","EventID":7,"ProviderGuid":"{5770385F-C22A-43E0-BF4C-06F5698FFBD9}","ExecutionProcessID":3228,"Channel":"Microsoft-Windows-Sysmon/Operational","host":"wec.internal.cloudapp.net","AccountType":"User","ProcessGuid":"{b34bc01c-d5de-5f63-3a06-000000000400}","ProcessId":"7400","Opcode":"Info","EventTime":"2020-09-17 17:32:14","Signed":"true","SourceModuleType":"im_msvistalog","AccountName":"SYSTEM","Domain":"NT AUTHORITY","@version":"1","OpcodeValue":0,"SignatureStatus":"Valid","Severity":"INFO","Hashes":"SHA1=35C61DDE6F8F4ED05F9C4837E2B91C886CA79F82,MD5=EA4F6E7961B4A402F6F5EC33C655260A,SHA256=5E2D103E7E1FD7CA0492E541F082D274EF6259AF2158A3562986C796C5C869DD,IMPHASH=8EEA175C33205685FB8A14876D7564DB","SourceName":"Microsoft-Windows-Sysmon","Description":"Advanced Windows 32 Base API","Category":"Image loaded (rule: ImageLoad)","Company":"Microsoft Corporation","Keywords":-9223372036854775808,"FileVersion":"10.0.18362.752 (WinBuild.160101.0800)","UserID":"S-1-5-18","ThreadID":4288,"EventType":"INFO","Message":"Image loaded:\r\nRuleName: -\r\nUtcTime: 2020-09-17 21:32:14.347\r\nProcessGuid: {b34bc01c-d5de-5f63-3a06-000000000400}\r\nProcessId: 7400\r\nImage: C:\\Users\\pgustavo\\Desktop\\MoveExcel4.exe\r\nImageLoaded: C:\\Windows\\System32\\advapi32.dll\r\nFileVersion: 10.0.18362.752 (WinBuild.160101.0800)\r\nDescription: Advanced Windows 32 Base API\r\nProduct: Microsoft® Windows® Operating System\r\nCompany: Microsoft Corporation\r\nOriginalFileName: advapi32.dll\r\nHashes: SHA1=35C61DDE6F8F4ED05F9C4837E2B91C886CA79F82,MD5=EA4F6E7961B4A402F6F5EC33C655260A,SHA256=5E2D103E7E1FD7CA0492E541F082D274EF6259AF2158A3562986C796C5C869DD,IMPHASH=8EEA175C33205685FB8A14876D7564DB\r\nSigned: true\r\nSignature: Microsoft Windows\r\nSignatureStatus: Valid","@timestamp":"2020-09-17T21:32:15.333Z","port":64545,"RecordNumber":636935,"Task":7,"Signature":"Microsoft Windows","SourceModuleName":"eventlog","Version":3,"Product":"Microsoft® Windows® Operating System","Image":"C:\\Users\\pgustavo\\Desktop\\MoveExcel4.exe","OriginalFileName":"advapi32.dll","UtcTime":"2020-09-17 21:32:14.347","Hostname":"WORKSTATION5.theshire.local","RuleName":"-","tags":["mordorDataset"]}
{"ImageLoaded":"C:\\Windows\\System32\\msvcrt.dll","SeverityValue":2,"EventReceivedTime":"2020-09-17 17:32:15","EventID":7,"ProviderGuid":"{5770385F-C22A-43E0-BF4C-06F5698FFBD9}","ExecutionProcessID":3228,"Channel":"Microsoft-Windows-Sysmon/Operational","host":"wec.internal.cloudapp.net","AccountType":"User","ProcessGuid":"{b34bc01c-d5de-5f63-3a06-000000000400}","ProcessId":"7400","Opcode":"Info","EventTime":"2020-09-17 17:32:14","Signed":"true","SourceModuleType":"im_msvistalog","AccountName":"SYSTEM","Domain":"NT AUTHORITY","@version":"1","OpcodeValue":0,"SignatureStatus":"Valid","Severity":"INFO","Hashes":"SHA1=0EA4B3CFB14E49CEC0D42FF0F1FA989E69647A8F,MD5=36354D9B5B0A58A4B9A19103852C00A2,SHA256=E5A863D3F4BFEFED7D73A7B1499F81B7235BC9AE3C108065041BCB8E5446B1BB,IMPHASH=1273683626EBBA703979F188A1E64237","SourceName":"Microsoft-Windows-Sysmon","Description":"Windows NT CRT DLL","Category":"Image loaded (rule: ImageLoad)","Company":"Microsoft Corporation","Keywords":-9223372036854775808,"FileVersion":"7.0.18362.1 (WinBuild.160101.0800)","UserID":"S-1-5-18","ThreadID":4288,"EventType":"INFO","Message":"Image loaded:\r\nRuleName: -\r\nUtcTime: 2020-09-17 21:32:14.347\r\nProcessGuid: {b34bc01c-d5de-5f63-3a06-000000000400}\r\nProcessId: 7400\r\nImage: C:\\Users\\pgustavo\\Desktop\\MoveExcel4.exe\r\nImageLoaded: C:\\Windows\\System32\\msvcrt.dll\r\nFileVersion: 7.0.18362.1 (WinBuild.160101.0800)\r\nDescription: Windows NT CRT DLL\r\nProduct: Microsoft® Windows® Operating System\r\nCompany: Microsoft Corporation\r\nOriginalFileName: msvcrt.dll\r\nHashes: SHA1=0EA4B3CFB14E49CEC0D42FF0F1FA989E69647A8F,MD5=36354D9B5B0A58A4B9A19103852C00A2,SHA256=E5A863D3F4BFEFED7D73A7B1499F81B7235BC9AE3C108065041BCB8E5446B1BB,IMPHASH=1273683626EBBA703979F188A1E64237\r\nSigned: true\r\nSignature: Microsoft Windows\r\nSignatureStatus: Valid","@timestamp":"2020-09-17T21:32:15.334Z","port":64545,"RecordNumber":636936,"Task":7,"Signature":"Microsoft Windows","SourceModuleName":"eventlog","Version":3,"Product":"Microsoft® Windows® Operating System","Image":"C:\\Users\\pgustavo\\Desktop\\MoveExcel4.exe","OriginalFileName":"msvcrt.dll","UtcTime":"2020-09-17 21:32:14.347","Hostname":"WORKSTATION5.theshire.local","RuleName":"-","tags":["mordorDataset"]}
{"ImageLoaded":"C:\\Windows\\System32\\sechost.dll","SeverityValue":2,"EventReceivedTime":"2020-09-17 17:32:15","EventID":7,"ProviderGuid":"{5770385F-C22A-43E0-BF4C-06F5698FFBD9}","ExecutionProcessID":3228,"Channel":"Microsoft-Windows-Sysmon/Operational","host":"wec.internal.cloudapp.net","AccountType":"User","ProcessGuid":"{b34bc01c-d5de-5f63-3a06-000000000400}","ProcessId":"7400","Opcode":"Info","EventTime":"2020-09-17 17:32:14","Signed":"true","SourceModuleType":"im_msvistalog","AccountName":"SYSTEM","Domain":"NT AUTHORITY","@version":"1","OpcodeValue":0,"SignatureStatus":"Valid","Severity":"INFO","Hashes":"SHA1=A330EDE32DFA03AE6808EE7FB6916D8DEB8F5DDE,MD5=A094E2B38D3DD864B07580D243CB6E43,SHA256=C441E19D20961D4E990E117A300ED318BEDBF2F8BA0FF07BEE7832AC502CDDF2,IMPHASH=CE4BD072766253F6A267D0284CA82002","SourceName":"Microsoft-Windows-Sysmon","Description":"Host for SCM/SDDL/LSA Lookup APIs","Category":"Image loaded (rule: ImageLoad)","Company":"Microsoft Corporation","Keywords":-9223372036854775808,"FileVersion":"10.0.18362.959 (WinBuild.160101.0800)","UserID":"S-1-5-18","ThreadID":4288,"EventType":"INFO","Message":"Image loaded:\r\nRuleName: -\r\nUtcTime: 2020-09-17 21:32:14.347\r\nProcessGuid: {b34bc01c-d5de-5f63-3a06-000000000400}\r\nProcessId: 7400\r\nImage: C:\\Users\\pgustavo\\Desktop\\MoveExcel4.exe\r\nImageLoaded: C:\\Windows\\System32\\sechost.dll\r\nFileVersion: 10.0.18362.959 (WinBuild.160101.0800)\r\nDescription: Host for SCM/SDDL/LSA Lookup APIs\r\nProduct: Microsoft® Windows® Operating System\r\nCompany: Microsoft Corporation\r\nOriginalFileName: sechost.dll\r\nHashes: SHA1=A330EDE32DFA03AE6808EE7FB6916D8DEB8F5DDE,MD5=A094E2B38D3DD864B07580D243CB6E43,SHA256=C441E19D20961D4E990E117A300ED318BEDBF2F8BA0FF07BEE7832AC502CDDF2,IMPHASH=CE4BD072766253F6A267D0284CA82002\r\nSigned: true\r\nSignature: Microsoft Windows\r\nSignatureStatus: Valid","@timestamp":"2020-09-17T21:32:15.334Z","port":64545,"RecordNumber":636937,"Task":7,"Signature":"Microsoft Windows","SourceModuleName":"eventlog","Version":3,"Product":"Microsoft® Windows® Operating System","Image":"C:\\Users\\pgustavo\\Desktop\\MoveExcel4.exe","OriginalFileName":"sechost.dll","UtcTime":"2020-09-17 21:32:14.347","Hostname":"WORKSTATION5.theshire.local","RuleName":"-","tags":["mordorDataset"]}
{"MandatoryLabel":"S-1-16-8192","tags":["mordorDataset"],"Keywords":-9214364837600034816,"SeverityValue":2,"SubjectDomainName":"THESHIRE","EventID":4688,"ProviderGuid":"{54849625-5478-4994-A5BA-3E3B0328C30D}","ExecutionProcessID":4,"Channel":"Security","host":"wec.internal.cloudapp.net","SubjectUserSid":"S-1-5-21-4228717743-1032521047-1810997296-1104","TargetLogonId":"0x0","EventReceivedTime":"2020-09-17 17:32:15","ThreadID":8984,"ProcessId":"0x181c","EventType":"AUDIT_SUCCESS","Opcode":"Info","EventTime":"2020-09-17 17:32:14","Message":"A new process has been created.\r\n\r\nCreator Subject:\r\n\tSecurity ID:\t\tS-1-5-21-4228717743-1032521047-1810997296-1104\r\n\tAccount Name:\t\tpgustavo\r\n\tAccount Domain:\t\tTHESHIRE\r\n\tLogon ID:\t\t0x2B78CD\r\n\r\nTarget Subject:\r\n\tSecurity ID:\t\tS-1-0-0\r\n\tAccount Name:\t\t-\r\n\tAccount Domain:\t\t-\r\n\tLogon ID:\t\t0x0\r\n\r\nProcess Information:\r\n\tNew Process ID:\t\t0x1870\r\n\tNew Process Name:\tC:\\Windows\\System32\\cmd.exe\r\n\tToken Elevation Type:\t%%1938\r\n\tMandatory Label:\t\tS-1-16-8192\r\n\tCreator Process ID:\t0x181c\r\n\tCreator Process Name:\tC:\\Users\\pgustavo\\Desktop\\GruntHTTP.exe\r\n\tProcess Command Line:\t\"cmd.exe\" /c C:\\Users\\pgustavo\\Desktop\\MoveExcel4.exe 172.18.39.6\r\n\r\nToken Elevation Type indicates the type of token that was assigned to the new process in accordance with User Account Control policy.\r\n\r\nType 1 is a full token with no privileges removed or groups disabled.  A full token is only used if User Account Control is disabled or if the user is the built-in Administrator account or a service account.\r\n\r\nType 2 is an elevated token with no privileges removed or groups disabled.  An elevated token is used when User Account Control is enabled and the user chooses to start the program using Run as administrator.  An elevated token is also used when an application is configured to always require administrative privilege or to always require maximum privilege, and the user is a member of the Administrators group.\r\n\r\nType 3 is a limited token with administrative privileges removed and administrative groups disabled.  The limited token is used when User Account Control is enabled, the application does not require administrative privilege, and the user does not choose to start the program using Run as administrator.","ParentProcessName":"C:\\Users\\pgustavo\\Desktop\\GruntHTTP.exe","@timestamp":"2020-09-17T21:32:15.335Z","SubjectLogonId":"0x2b78cd","SourceModuleType":"im_msvistalog","port":64545,"RecordNumber":166057,"SubjectUserName":"pgustavo","CommandLine":"\"cmd.exe\" /c C:\\Users\\pgustavo\\Desktop\\MoveExcel4.exe 172.18.39.6","Task":13312,"@version":"1","OpcodeValue":0,"SourceModuleName":"eventlog","Severity":"INFO","NewProcessName":"C:\\Windows\\System32\\cmd.exe","TokenElevationType":"%%1938","SourceName":"Microsoft-Windows-Security-Auditing","Version":2,"Category":"Process Creation","TargetUserName":"-","TargetUserSid":"S-1-0-0","Hostname":"WORKSTATION5.theshire.local","NewProcessId":"0x1870","TargetDomainName":"-"}
{"ImageLoaded":"C:\\Windows\\System32\\rpcrt4.dll","SeverityValue":2,"EventReceivedTime":"2020-09-17 17:32:15","EventID":7,"ProviderGuid":"{5770385F-C22A-43E0-BF4C-06F5698FFBD9}","ExecutionProcessID":3228,"Channel":"Microsoft-Windows-Sysmon/Operational","host":"wec.internal.cloudapp.net","AccountType":"User","ProcessGuid":"{b34bc01c-d5de-5f63-3a06-000000000400}","ProcessId":"7400","Opcode":"Info","EventTime":"2020-09-17 17:32:14","Signed":"true","SourceModuleType":"im_msvistalog","AccountName":"SYSTEM","Domain":"NT AUTHORITY","@version":"1","OpcodeValue":0,"SignatureStatus":"Valid","Severity":"INFO","Hashes":"SHA1=863C24BD6E91FDCDEDE1124EFC93FDD1564F0C23,MD5=61C41B28689BB516F1CFC880507C839B,SHA256=DAF391DB91AC04B50A0C896963F5120A52C8B1B4999BF37BE80AB025AB116700,IMPHASH=88E7E7C7FA90052EC162DD37F2B7C7BD","SourceName":"Microsoft-Windows-Sysmon","Description":"Remote Procedure Call Runtime","Category":"Image loaded (rule: ImageLoad)","Company":"Microsoft Corporation","Keywords":-9223372036854775808,"FileVersion":"10.0.18362.1082 (WinBuild.160101.0800)","UserID":"S-1-5-18","ThreadID":4288,"EventType":"INFO","Message":"Image loaded:\r\nRuleName: -\r\nUtcTime: 2020-09-17 21:32:14.347\r\nProcessGuid: {b34bc01c-d5de-5f63-3a06-000000000400}\r\nProcessId: 7400\r\nImage: C:\\Users\\pgustavo\\Desktop\\MoveExcel4.exe\r\nImageLoaded: C:\\Windows\\System32\\rpcrt4.dll\r\nFileVersion: 10.0.18362.1082 (WinBuild.160101.0800)\r\nDescription: Remote Procedure Call Runtime\r\nProduct: Microsoft® Windows® Operating System\r\nCompany: Microsoft Corporation\r\nOriginalFileName: rpcrt4.dll\r\nHashes: SHA1=863C24BD6E91FDCDEDE1124EFC93FDD1564F0C23,MD5=61C41B28689BB516F1CFC880507C839B,SHA256=DAF391DB91AC04B50A0C896963F5120A52C8B1B4999BF37BE80AB025AB116700,IMPHASH=88E7E7C7FA90052EC162DD37F2B7C7BD\r\nSigned: true\r\nSignature: Microsoft Windows\r\nSignatureStatus: Valid","@timestamp":"2020-09-17T21:32:15.336Z","port":64545,"RecordNumber":636938,"Task":7,"Signature":"Microsoft Windows","SourceModuleName":"eventlog","Version":3,"Product":"Microsoft® Windows® Operating System","Image":"C:\\Users\\pgustavo\\Desktop\\MoveExcel4.exe","OriginalFileName":"rpcrt4.dll","UtcTime":"2020-09-17 21:32:14.347","Hostname":"WORKSTATION5.theshire.local","RuleName":"-","tags":["mordorDataset"]}
{"Keywords":-9218868437227405312,"SeverityValue":4,"SubjectDomainName":"THESHIRE","EventID":4673,"ProviderGuid":"{54849625-5478-4994-A5BA-3E3B0328C30D}","ExecutionProcessID":4,"Channel":"Security","host":"wec.internal.cloudapp.net","SubjectUserSid":"S-1-5-21-4228717743-1032521047-1810997296-1104","EventReceivedTime":"2020-09-17 17:32:15","ProcessId":"0x181c","ThreadID":8984,"EventType":"AUDIT_FAILURE","Opcode":"Info","EventTime":"2020-09-17 17:32:14","Message":"A privileged service was called.\r\n\r\nSubject:\r\n\tSecurity ID:\t\tS-1-5-21-4228717743-1032521047-1810997296-1104\r\n\tAccount Name:\t\tpgustavo\r\n\tAccount Domain:\t\tTHESHIRE\r\n\tLogon ID:\t\t0x2B78CD\r\n\r\nService:\r\n\tServer:\tSecurity\r\n\tService Name:\t-\r\n\r\nProcess:\r\n\tProcess ID:\t0x181c\r\n\tProcess Name:\tC:\\Users\\pgustavo\\Desktop\\GruntHTTP.exe\r\n\r\nService Request Information:\r\n\tPrivileges:\t\tSeCreateGlobalPrivilege","PrivilegeList":"SeCreateGlobalPrivilege","@timestamp":"2020-09-17T21:32:15.336Z","ObjectServer":"Security","SubjectLogonId":"0x2b78cd","SourceModuleType":"im_msvistalog","port":64545,"ProcessName":"C:\\Users\\pgustavo\\Desktop\\GruntHTTP.exe","RecordNumber":166058,"SubjectUserName":"pgustavo","Task":13056,"@version":"1","OpcodeValue":0,"Service":"-","SourceModuleName":"eventlog","Severity":"ERROR","SourceName":"Microsoft-Windows-Security-Auditing","Version":0,"Category":"Sensitive Privilege Use","tags":["mordorDataset"],"Hostname":"WORKSTATION5.theshire.local"}
{"Keywords":-9218868437227405312,"SeverityValue":4,"SubjectDomainName":"THESHIRE","EventID":4673,"ProviderGuid":"{54849625-5478-4994-A5BA-3E3B0328C30D}","ExecutionProcessID":4,"Channel":"Security","host":"wec.internal.cloudapp.net","SubjectUserSid":"S-1-5-21-4228717743-1032521047-1810997296-1104","EventReceivedTime":"2020-09-17 17:32:15","ProcessId":"0x1870","ThreadID":8984,"EventType":"AUDIT_FAILURE","Opcode":"Info","EventTime":"2020-09-17 17:32:14","Message":"A privileged service was called.\r\n\r\nSubject:\r\n\tSecurity ID:\t\tS-1-5-21-4228717743-1032521047-1810997296-1104\r\n\tAccount Name:\t\tpgustavo\r\n\tAccount Domain:\t\tTHESHIRE\r\n\tLogon ID:\t\t0x2B78CD\r\n\r\nService:\r\n\tServer:\tSecurity\r\n\tService Name:\t-\r\n\r\nProcess:\r\n\tProcess ID:\t0x1870\r\n\tProcess Name:\tC:\\Windows\\System32\\cmd.exe\r\n\r\nService Request Information:\r\n\tPrivileges:\t\tSeProfileSingleProcessPrivilege","PrivilegeList":"SeProfileSingleProcessPrivilege","@timestamp":"2020-09-17T21:32:15.336Z","ObjectServer":"Security","SubjectLogonId":"0x2b78cd","SourceModuleType":"im_msvistalog","port":64545,"ProcessName":"C:\\Windows\\System32\\cmd.exe","RecordNumber":166059,"SubjectUserName":"pgustavo","Task":13056,"@version":"1","OpcodeValue":0,"Service":"-","SourceModuleName":"eventlog","Severity":"ERROR","SourceName":"Microsoft-Windows-Security-Auditing","Version":0,"Category":"Sensitive Privilege Use","tags":["mordorDataset"],"Hostname":"WORKSTATION5.theshire.local"}
{"ImageLoaded":"C:\\Windows\\System32\\shlwapi.dll","SeverityValue":2,"EventReceivedTime":"2020-09-17 17:32:15","EventID":7,"ProviderGuid":"{5770385F-C22A-43E0-BF4C-06F5698FFBD9}","ExecutionProcessID":3228,"Channel":"Microsoft-Windows-Sysmon/Operational","host":"wec.internal.cloudapp.net","AccountType":"User","ProcessGuid":"{b34bc01c-d5de-5f63-3a06-000000000400}","ProcessId":"7400","Opcode":"Info","EventTime":"2020-09-17 17:32:14","Signed":"true","SourceModuleType":"im_msvistalog","AccountName":"SYSTEM","Domain":"NT AUTHORITY","@version":"1","OpcodeValue":0,"SignatureStatus":"Valid","Severity":"INFO","Hashes":"SHA1=9074DF3335B785BB00B43AE76ACC66B799118FAE,MD5=BFB85A9022324E41FCEC5011BCB5FD23,SHA256=3CDA144CFB6278DA47267FE1E1FE258716A074C3D3DD8413B259DA7DA1039871,IMPHASH=6659A49ABF33952444C5A7FA22FD9032","SourceName":"Microsoft-Windows-Sysmon","Description":"Shell Light-weight Utility Library","Category":"Image loaded (rule: ImageLoad)","Company":"Microsoft Corporation","Keywords":-9223372036854775808,"FileVersion":"10.0.18362.1 (WinBuild.160101.0800)","UserID":"S-1-5-18","ThreadID":4288,"EventType":"INFO","Message":"Image loaded:\r\nRuleName: -\r\nUtcTime: 2020-09-17 21:32:14.347\r\nProcessGuid: {b34bc01c-d5de-5f63-3a06-000000000400}\r\nProcessId: 7400\r\nImage: C:\\Users\\pgustavo\\Desktop\\MoveExcel4.exe\r\nImageLoaded: C:\\Windows\\System32\\shlwapi.dll\r\nFileVersion: 10.0.18362.1 (WinBuild.160101.0800)\r\nDescription: Shell Light-weight Utility Library\r\nProduct: Microsoft® Windows® Operating System\r\nCompany: Microsoft Corporation\r\nOriginalFileName: SHLWAPI.DLL\r\nHashes: SHA1=9074DF3335B785BB00B43AE76ACC66B799118FAE,MD5=BFB85A9022324E41FCEC5011BCB5FD23,SHA256=3CDA144CFB6278DA47267FE1E1FE258716A074C3D3DD8413B259DA7DA1039871,IMPHASH=6659A49ABF33952444C5A7FA22FD9032\r\nSigned: true\r\nSignature: Microsoft Windows\r\nSignatureStatus: Valid","@timestamp":"2020-09-17T21:32:15.336Z","port":64545,"RecordNumber":636939,"Task":7,"Signature":"Microsoft Windows","SourceModuleName":"eventlog","Version":3,"Product":"Microsoft® Windows® Operating System","Image":"C:\\Users\\pgustavo\\Desktop\\MoveExcel4.exe","OriginalFileName":"SHLWAPI.DLL","UtcTime":"2020-09-17 21:32:14.347","Hostname":"WORKSTATION5.theshire.local","RuleName":"-","tags":["mordorDataset"]}
{"MandatoryLabel":"S-1-16-8192","tags":["mordorDataset"],"Keywords":-9214364837600034816,"SeverityValue":2,"SubjectDomainName":"THESHIRE","EventID":4688,"ProviderGuid":"{54849625-5478-4994-A5BA-3E3B0328C30D}","ExecutionProcessID":4,"Channel":"Security","host":"wec.internal.cloudapp.net","SubjectUserSid":"S-1-5-21-4228717743-1032521047-1810997296-1104","TargetLogonId":"0x0","EventReceivedTime":"2020-09-17 17:32:15","ThreadID":8984,"ProcessId":"0x1870","EventType":"AUDIT_SUCCESS","Opcode":"Info","EventTime":"2020-09-17 17:32:14","Message":"A new process has been created.\r\n\r\nCreator Subject:\r\n\tSecurity ID:\t\tS-1-5-21-4228717743-1032521047-1810997296-1104\r\n\tAccount Name:\t\tpgustavo\r\n\tAccount Domain:\t\tTHESHIRE\r\n\tLogon ID:\t\t0x2B78CD\r\n\r\nTarget Subject:\r\n\tSecurity ID:\t\tS-1-0-0\r\n\tAccount Name:\t\t-\r\n\tAccount Domain:\t\t-\r\n\tLogon ID:\t\t0x0\r\n\r\nProcess Information:\r\n\tNew Process ID:\t\t0x1304\r\n\tNew Process Name:\tC:\\Windows\\System32\\conhost.exe\r\n\tToken Elevation Type:\t%%1938\r\n\tMandatory Label:\t\tS-1-16-8192\r\n\tCreator Process ID:\t0x1870\r\n\tCreator Process Name:\tC:\\Windows\\System32\\cmd.exe\r\n\tProcess Command Line:\t\\??\\C:\\windows\\system32\\conhost.exe 0xffffffff -ForceV1\r\n\r\nToken Elevation Type indicates the type of token that was assigned to the new process in accordance with User Account Control policy.\r\n\r\nType 1 is a full token with no privileges removed or groups disabled.  A full token is only used if User Account Control is disabled or if the user is the built-in Administrator account or a service account.\r\n\r\nType 2 is an elevated token with no privileges removed or groups disabled.  An elevated token is used when User Account Control is enabled and the user chooses to start the program using Run as administrator.  An elevated token is also used when an application is configured to always require administrative privilege or to always require maximum privilege, and the user is a member of the Administrators group.\r\n\r\nType 3 is a limited token with administrative privileges removed and administrative groups disabled.  The limited token is used when User Account Control is enabled, the application does not require administrative privilege, and the user does not choose to start the program using Run as administrator.","ParentProcessName":"C:\\Windows\\System32\\cmd.exe","@timestamp":"2020-09-17T21:32:15.336Z","SubjectLogonId":"0x2b78cd","SourceModuleType":"im_msvistalog","port":64545,"RecordNumber":166060,"SubjectUserName":"pgustavo","CommandLine":"\\??\\C:\\windows\\system32\\conhost.exe 0xffffffff -ForceV1","Task":13312,"@version":"1","OpcodeValue":0,"SourceModuleName":"eventlog","Severity":"INFO","NewProcessName":"C:\\Windows\\System32\\conhost.exe","TokenElevationType":"%%1938","SourceName":"Microsoft-Windows-Security-Auditing","Version":2,"Category":"Process Creation","TargetUserName":"-","TargetUserSid":"S-1-0-0","Hostname":"WORKSTATION5.theshire.local","NewProcessId":"0x1304","TargetDomainName":"-"}
{"ImageLoaded":"C:\\Windows\\System32\\combase.dll","SeverityValue":2,"EventReceivedTime":"2020-09-17 17:32:15","EventID":7,"ProviderGuid":"{5770385F-C22A-43E0-BF4C-06F5698FFBD9}","ExecutionProcessID":3228,"Channel":"Microsoft-Windows-Sysmon/Operational","host":"wec.internal.cloudapp.net","AccountType":"User","ProcessGuid":"{b34bc01c-d5de-5f63-3a06-000000000400}","ProcessId":"7400","Opcode":"Info","EventTime":"2020-09-17 17:32:14","Signed":"true","SourceModuleType":"im_msvistalog","AccountName":"SYSTEM","Domain":"NT AUTHORITY","@version":"1","OpcodeValue":0,"SignatureStatus":"Valid","Severity":"INFO","Hashes":"SHA1=03829F72B93B3DA8A5778A295948F2F967A8AD9A,MD5=655C13F8AA80901935F1086709E27812,SHA256=28D91C9176D50DBC4939BB21BB00DDB17B1C589EEB9E058533E6AA125E86FA4F,IMPHASH=D1A511866766E387FD0DAF3ACBB54B12","SourceName":"Microsoft-Windows-Sysmon","Description":"Microsoft COM for Windows","Category":"Image loaded (rule: ImageLoad)","Company":"Microsoft Corporation","Keywords":-9223372036854775808,"FileVersion":"10.0.18362.1082 (WinBuild.160101.0800)","UserID":"S-1-5-18","ThreadID":4288,"EventType":"INFO","Message":"Image loaded:\r\nRuleName: -\r\nUtcTime: 2020-09-17 21:32:14.347\r\nProcessGuid: {b34bc01c-d5de-5f63-3a06-000000000400}\r\nProcessId: 7400\r\nImage: C:\\Users\\pgustavo\\Desktop\\MoveExcel4.exe\r\nImageLoaded: C:\\Windows\\System32\\combase.dll\r\nFileVersion: 10.0.18362.1082 (WinBuild.160101.0800)\r\nDescription: Microsoft COM for Windows\r\nProduct: Microsoft® Windows® Operating System\r\nCompany: Microsoft Corporation\r\nOriginalFileName: COMBASE.DLL\r\nHashes: SHA1=03829F72B93B3DA8A5778A295948F2F967A8AD9A,MD5=655C13F8AA80901935F1086709E27812,SHA256=28D91C9176D50DBC4939BB21BB00DDB17B1C589EEB9E058533E6AA125E86FA4F,IMPHASH=D1A511866766E387FD0DAF3ACBB54B12\r\nSigned: true\r\nSignature: Microsoft Windows\r\nSignatureStatus: Valid","@timestamp":"2020-09-17T21:32:15.337Z","port":64545,"RecordNumber":636940,"Task":7,"Signature":"Microsoft Windows","SourceModuleName":"eventlog","Version":3,"Product":"Microsoft® Windows® Operating System","Image":"C:\\Users\\pgustavo\\Desktop\\MoveExcel4.exe","OriginalFileName":"COMBASE.DLL","UtcTime":"2020-09-17 21:32:14.347","Hostname":"WORKSTATION5.theshire.local","RuleName":"-","tags":["mordorDataset"]}
{"ImageLoaded":"C:\\Windows\\System32\\ucrtbase.dll","SeverityValue":2,"EventReceivedTime":"2020-09-17 17:32:15","EventID":7,"ProviderGuid":"{5770385F-C22A-43E0-BF4C-06F5698FFBD9}","ExecutionProcessID":3228,"Channel":"Microsoft-Windows-Sysmon/Operational","host":"wec.internal.cloudapp.net","AccountType":"User","ProcessGuid":"{b34bc01c-d5de-5f63-3a06-000000000400}","ProcessId":"7400","Opcode":"Info","EventTime":"2020-09-17 17:32:14","Signed":"true","SourceModuleType":"im_msvistalog","AccountName":"SYSTEM","Domain":"NT AUTHORITY","@version":"1","OpcodeValue":0,"SignatureStatus":"Valid","Severity":"INFO","Hashes":"SHA1=53F8B431D10FDB2C001D58120280A417B01073BE,MD5=F0DA14E390F0CCB58EAAD34D9B309E4B,SHA256=7EE229626B22799FAA28CD7C22D4FF2AD0603C17E5F5EE9086FA7CF6483331FB,IMPHASH=5AE9A136FAFA10321F3D48251BF4F6A1","SourceName":"Microsoft-Windows-Sysmon","Description":"Microsoft® C Runtime Library","Category":"Image loaded (rule: ImageLoad)","Company":"Microsoft Corporation","Keywords":-9223372036854775808,"FileVersion":"10.0.18362.815 (WinBuild.160101.0800)","UserID":"S-1-5-18","ThreadID":4288,"EventType":"INFO","Message":"Image loaded:\r\nRuleName: -\r\nUtcTime: 2020-09-17 21:32:14.347\r\nProcessGuid: {b34bc01c-d5de-5f63-3a06-000000000400}\r\nProcessId: 7400\r\nImage: C:\\Users\\pgustavo\\Desktop\\MoveExcel4.exe\r\nImageLoaded: C:\\Windows\\System32\\ucrtbase.dll\r\nFileVersion: 10.0.18362.815 (WinBuild.160101.0800)\r\nDescription: Microsoft® C Runtime Library\r\nProduct: Microsoft® Windows® Operating System\r\nCompany: Microsoft Corporation\r\nOriginalFileName: ucrtbase.dll\r\nHashes: SHA1=53F8B431D10FDB2C001D58120280A417B01073BE,MD5=F0DA14E390F0CCB58EAAD34D9B309E4B,SHA256=7EE229626B22799FAA28CD7C22D4FF2AD0603C17E5F5EE9086FA7CF6483331FB,IMPHASH=5AE9A136FAFA10321F3D48251BF4F6A1\r\nSigned: true\r\nSignature: Microsoft Windows\r\nSignatureStatus: Valid","@timestamp":"2020-09-17T21:32:15.338Z","port":64545,"RecordNumber":636941,"Task":7,"Signature":"Microsoft Windows","SourceModuleName":"eventlog","Version":3,"Product":"Microsoft® Windows® Operating System","Image":"C:\\Users\\pgustavo\\Desktop\\MoveExcel4.exe","OriginalFileName":"ucrtbase.dll","UtcTime":"2020-09-17 21:32:14.347","Hostname":"WORKSTATION5.theshire.local","RuleName":"-","tags":["mordorDataset"]}
{"Keywords":-9218868437227405312,"SeverityValue":4,"SubjectDomainName":"THESHIRE","EventID":4673,"ProviderGuid":"{54849625-5478-4994-A5BA-3E3B0328C30D}","ExecutionProcessID":4,"Channel":"Security","host":"wec.internal.cloudapp.net","SubjectUserSid":"S-1-5-21-4228717743-1032521047-1810997296-1104","EventReceivedTime":"2020-09-17 17:32:15","ProcessId":"0x1304","ThreadID":8984,"EventType":"AUDIT_FAILURE","Opcode":"Info","EventTime":"2020-09-17 17:32:14","Message":"A privileged service was called.\r\n\r\nSubject:\r\n\tSecurity ID:\t\tS-1-5-21-4228717743-1032521047-1810997296-1104\r\n\tAccount Name:\t\tpgustavo\r\n\tAccount Domain:\t\tTHESHIRE\r\n\tLogon ID:\t\t0x2B78CD\r\n\r\nService:\r\n\tServer:\tSecurity\r\n\tService Name:\t-\r\n\r\nProcess:\r\n\tProcess ID:\t0x1304\r\n\tProcess Name:\tC:\\Windows\\System32\\conhost.exe\r\n\r\nService Request Information:\r\n\tPrivileges:\t\tSeProfileSingleProcessPrivilege","PrivilegeList":"SeProfileSingleProcessPrivilege","@timestamp":"2020-09-17T21:32:15.338Z","ObjectServer":"Security","SubjectLogonId":"0x2b78cd","SourceModuleType":"im_msvistalog","port":64545,"ProcessName":"C:\\Windows\\System32\\conhost.exe","RecordNumber":166061,"SubjectUserName":"pgustavo","Task":13056,"@version":"1","OpcodeValue":0,"Service":"-","SourceModuleName":"eventlog","Severity":"ERROR","SourceName":"Microsoft-Windows-Security-Auditing","Version":0,"Category":"Sensitive Privilege Use","tags":["mordorDataset"],"Hostname":"WORKSTATION5.theshire.local"}
