{"tags":["mordorDataset"],"TargetProcessGUID":"{49a15388-5ccf-5f2b-5502-000000000400}","@version":"1","EventType":"INFO","Version":3,"ThreadID":4496,"EventTime":"2020-08-06 03:21:16","Task":10,"AccountType":"User","SourceProcessGUID":"{49a15388-5c39-5f2b-1000-000000000400}","CallTrace":"C:\\windows\\SYSTEM32\\ntdll.dll+9c534|C:\\windows\\SYSTEM32\\psmserviceexthost.dll+222a3|C:\\windows\\SYSTEM32\\psmserviceexthost.dll+1a172|C:\\windows\\SYSTEM32\\psmserviceexthost.dll+19e3b|C:\\windows\\SYSTEM32\\psmserviceexthost.dll+19318|C:\\windows\\SYSTEM32\\ntdll.dll+3081d|C:\\windows\\SYSTEM32\\ntdll.dll+345b4|C:\\windows\\System32\\KERNEL32.DLL+17bd4|C:\\windows\\SYSTEM32\\ntdll.dll+6ce51","Channel":"Microsoft-Windows-Sysmon/Operational","SourceName":"Microsoft-Windows-Sysmon","OpcodeValue":0,"Hostname":"WORKSTATION6.theshire.local","@timestamp":"2020-08-06T07:21:17.280Z","Message":"Process accessed:\r\nRuleName: -\r\nUtcTime: 2020-08-06 07:21:16.403\r\nSourceProcessGUID: {49a15388-5c39-5f2b-1000-000000000400}\r\nSourceProcessId: 896\r\nSourceThreadId: 2644\r\nSourceImage: C:\\windows\\system32\\svchost.exe\r\nTargetProcessGUID: {49a15388-5ccf-5f2b-5502-000000000400}\r\nTargetProcessId: 3120\r\nTargetImage: C:\\windows\\System32\\svchost.exe\r\nGrantedAccess: 0x1000\r\nCallTrace: C:\\windows\\SYSTEM32\\ntdll.dll+9c534|C:\\windows\\SYSTEM32\\psmserviceexthost.dll+222a3|C:\\windows\\SYSTEM32\\psmserviceexthost.dll+1a172|C:\\windows\\SYSTEM32\\psmserviceexthost.dll+19e3b|C:\\windows\\SYSTEM32\\psmserviceexthost.dll+19318|C:\\windows\\SYSTEM32\\ntdll.dll+3081d|C:\\windows\\SYSTEM32\\ntdll.dll+345b4|C:\\windows\\System32\\KERNEL32.DLL+17bd4|C:\\windows\\SYSTEM32\\ntdll.dll+6ce51","SourceModuleName":"eventlog","ProcessId":"896","SourceImage":"C:\\windows\\system32\\svchost.exe","EventReceivedTime":"2020-08-06 03:21:17","port":60122,"AccountName":"SYSTEM","UtcTime":"2020-08-06 07:21:16.403","GrantedAccess":"0x1000","Domain":"NT AUTHORITY","ExecutionProcessID":3432,"host":"wec.internal.cloudapp.net","SourceProcessId":"896","SourceThreadId":"2644","Severity":"INFO","TargetProcessId":"3120","SeverityValue":2,"EventID":10,"UserID":"S-1-5-18","ProviderGuid":"{5770385F-C22A-43E0-BF4C-06F5698FFBD9}","RecordNumber":322381,"SourceModuleType":"im_msvistalog","Keywords":-9223372036854775808,"TargetImage":"C:\\windows\\System32\\svchost.exe","RuleName":"-"}
{"@version":"1","EventType":"INFO","AccountType":"User","ThreadID":4496,"Channel":"Microsoft-Windows-Sysmon/Operational","OpcodeValue":0,"OriginalFileName":"WDSCORE.DLL","Hostname":"WORKSTATION6.theshire.local","@timestamp":"2020-08-06T07:21:17.280Z","ProcessId":"1824","Signed":"true","host":"wec.internal.cloudapp.net","SignatureStatus":"Valid","Severity":"INFO","SeverityValue":2,"Image":"C:\\Windows\\servicing\\TrustedInstaller.exe","SourceModuleType":"im_msvistalog","FileVersion":"10.0.18362.957 (WinBuild.160101.0800)","Version":3,"Company":"Microsoft Corporation","EventTime":"2020-08-06 03:21:16","Task":7,"Signature":"Microsoft Windows","SourceName":"Microsoft-Windows-Sysmon","Message":"Image loaded:\r\nRuleName: -\r\nUtcTime: 2020-08-06 07:21:16.403\r\nProcessGuid: {49a15388-af6c-5f2b-5e04-000000000400}\r\nProcessId: 1824\r\nImage: C:\\Windows\\servicing\\TrustedInstaller.exe\r\nImageLoaded: C:\\Windows\\WinSxS\\amd64_microsoft-windows-servicingstack_31bf3856ad364e35_10.0.18362.957_none_5f2e9e6258ea82f2\\wdscore.dll\r\nFileVersion: 10.0.18362.957 (WinBuild.160101.0800)\r\nDescription: Panther Engine Module\r\nProduct: Microsoft® Windows® Operating System\r\nCompany: Microsoft Corporation\r\nOriginalFileName: WDSCORE.DLL\r\nHashes: SHA1=A78E761BCB071FF55C0081CE9A7123157C31B8F6,MD5=4AD771D6E8E4E2768254FA3FE7734D05,SHA256=06D28895A062784C832C3B77FA0921797AFDFEE18F5486B3E739B8B0CE68C623,IMPHASH=949BE2C2C59476DD434581E436147EBC\r\nSigned: true\r\nSignature: Microsoft Windows\r\nSignatureStatus: Valid","SourceModuleName":"eventlog","ImageLoaded":"C:\\Windows\\WinSxS\\amd64_microsoft-windows-servicingstack_31bf3856ad364e35_10.0.18362.957_none_5f2e9e6258ea82f2\\wdscore.dll","EventReceivedTime":"2020-08-06 03:21:17","port":60122,"AccountName":"SYSTEM","UtcTime":"2020-08-06 07:21:16.403","Domain":"NT AUTHORITY","ExecutionProcessID":3432,"Hashes":"SHA1=A78E761BCB071FF55C0081CE9A7123157C31B8F6,MD5=4AD771D6E8E4E2768254FA3FE7734D05,SHA256=06D28895A062784C832C3B77FA0921797AFDFEE18F5486B3E739B8B0CE68C623,IMPHASH=949BE2C2C59476DD434581E436147EBC","Description":"Panther Engine Module","UserID":"S-1-5-18","EventID":7,"Product":"Microsoft® Windows® Operating System","ProviderGuid":"{5770385F-C22A-43E0-BF4C-06F5698FFBD9}","RecordNumber":322382,"Keywords":-9223372036854775808,"ProcessGuid":"{49a15388-af6c-5f2b-5e04-000000000400}","tags":["mordorDataset"],"RuleName":"-"}
{"@version":"1","EventType":"INFO","AccountType":"User","ThreadID":4496,"Channel":"Microsoft-Windows-Sysmon/Operational","OpcodeValue":0,"OriginalFileName":"OLEAUT32.DLL","Hostname":"WORKSTATION6.theshire.local","@timestamp":"2020-08-06T07:21:17.281Z","ProcessId":"1824","Signed":"true","host":"wec.internal.cloudapp.net","SignatureStatus":"Valid","Severity":"INFO","SeverityValue":2,"Image":"C:\\Windows\\servicing\\TrustedInstaller.exe","SourceModuleType":"im_msvistalog","FileVersion":"10.0.18362.959 (WinBuild.160101.0800)","Version":3,"Company":"Microsoft Corporation","EventTime":"2020-08-06 03:21:16","Task":7,"Signature":"Microsoft Windows","SourceName":"Microsoft-Windows-Sysmon","Message":"Image loaded:\r\nRuleName: -\r\nUtcTime: 2020-08-06 07:21:16.403\r\nProcessGuid: {49a15388-af6c-5f2b-5e04-000000000400}\r\nProcessId: 1824\r\nImage: C:\\Windows\\servicing\\TrustedInstaller.exe\r\nImageLoaded: C:\\Windows\\System32\\oleaut32.dll\r\nFileVersion: 10.0.18362.959 (WinBuild.160101.0800)\r\nDescription: OLEAUT32.DLL\r\nProduct: Microsoft® Windows® Operating System\r\nCompany: Microsoft Corporation\r\nOriginalFileName: OLEAUT32.DLL\r\nHashes: SHA1=EF5BE564B84A7DE92B12ACBCD69D5F580FABCD89,MD5=9EE967CF9B388C7FAAEC9F04700EB47B,SHA256=CF34BADD43D9E69CA9F01352C4D89C9FD9F4AB53832B1589215A8544462F346D,IMPHASH=F010E2DB51A2E86CCF6052A1ACC0854F\r\nSigned: true\r\nSignature: Microsoft Windows\r\nSignatureStatus: Valid","SourceModuleName":"eventlog","ImageLoaded":"C:\\Windows\\System32\\oleaut32.dll","EventReceivedTime":"2020-08-06 03:21:17","port":60122,"AccountName":"SYSTEM","UtcTime":"2020-08-06 07:21:16.403","Domain":"NT AUTHORITY","ExecutionProcessID":3432,"Hashes":"SHA1=EF5BE564B84A7DE92B12ACBCD69D5F580FABCD89,MD5=9EE967CF9B388C7FAAEC9F04700EB47B,SHA256=CF34BADD43D9E69CA9F01352C4D89C9FD9F4AB53832B1589215A8544462F346D,IMPHASH=F010E2DB51A2E86CCF6052A1ACC0854F","Description":"OLEAUT32.DLL","UserID":"S-1-5-18","EventID":7,"Product":"Microsoft® Windows® Operating System","ProviderGuid":"{5770385F-C22A-43E0-BF4C-06F5698FFBD9}","RecordNumber":322383,"Keywords":-9223372036854775808,"ProcessGuid":"{49a15388-af6c-5f2b-5e04-000000000400}","tags":["mordorDataset"],"RuleName":"-"}
{"@version":"1","EventType":"INFO","AccountType":"User","ThreadID":4496,"Channel":"Microsoft-Windows-Sysmon/Operational","OpcodeValue":0,"OriginalFileName":"msvcp_win.dll","Hostname":"WORKSTATION6.theshire.local","@timestamp":"2020-08-06T07:21:17.281Z","ProcessId":"1824","Signed":"true","host":"wec.internal.cloudapp.net","SignatureStatus":"Valid","Severity":"INFO","SeverityValue":2,"Image":"C:\\Windows\\servicing\\TrustedInstaller.exe","SourceModuleType":"im_msvistalog","FileVersion":"10.0.18362.815 (WinBuild.160101.0800)","Version":3,"Company":"Microsoft Corporation","EventTime":"2020-08-06 03:21:16","Task":7,"Signature":"Microsoft Windows","SourceName":"Microsoft-Windows-Sysmon","Message":"Image loaded:\r\nRuleName: -\r\nUtcTime: 2020-08-06 07:21:16.403\r\nProcessGuid: {49a15388-af6c-5f2b-5e04-000000000400}\r\nProcessId: 1824\r\nImage: C:\\Windows\\servicing\\TrustedInstaller.exe\r\nImageLoaded: C:\\Windows\\System32\\msvcp_win.dll\r\nFileVersion: 10.0.18362.815 (WinBuild.160101.0800)\r\nDescription: Microsoft® C Runtime Library\r\nProduct: Microsoft® Windows® Operating System\r\nCompany: Microsoft Corporation\r\nOriginalFileName: msvcp_win.dll\r\nHashes: SHA1=3C9938AFD7E9E2427750B0BBF21D3905502C2416,MD5=D327A488FF346D2A2ACC7D018F80A615,SHA256=F60BA64AF20B44D13275955ECA2949C471F2C812CD3908AF63B145DEAEB4E4F3,IMPHASH=7F555C87AEA488E97B6067A0419ED3B4\r\nSigned: true\r\nSignature: Microsoft Windows\r\nSignatureStatus: Valid","SourceModuleName":"eventlog","ImageLoaded":"C:\\Windows\\System32\\msvcp_win.dll","EventReceivedTime":"2020-08-06 03:21:17","port":60122,"AccountName":"SYSTEM","UtcTime":"2020-08-06 07:21:16.403","Domain":"NT AUTHORITY","ExecutionProcessID":3432,"Hashes":"SHA1=3C9938AFD7E9E2427750B0BBF21D3905502C2416,MD5=D327A488FF346D2A2ACC7D018F80A615,SHA256=F60BA64AF20B44D13275955ECA2949C471F2C812CD3908AF63B145DEAEB4E4F3,IMPHASH=7F555C87AEA488E97B6067A0419ED3B4","Description":"Microsoft® C Runtime Library","UserID":"S-1-5-18","EventID":7,"Product":"Microsoft® Windows® Operating System","ProviderGuid":"{5770385F-C22A-43E0-BF4C-06F5698FFBD9}","RecordNumber":322384,"Keywords":-9223372036854775808,"ProcessGuid":"{49a15388-af6c-5f2b-5e04-000000000400}","tags":["mordorDataset"],"RuleName":"-"}
{"@version":"1","EventType":"INFO","AccountType":"User","ThreadID":4496,"Channel":"Microsoft-Windows-Sysmon/Operational","OpcodeValue":0,"OriginalFileName":"DBGHELP.DLL","Hostname":"WORKSTATION6.theshire.local","@timestamp":"2020-08-06T07:21:17.282Z","ProcessId":"1824","Signed":"true","host":"wec.internal.cloudapp.net","SignatureStatus":"Valid","Severity":"INFO","SeverityValue":2,"Image":"C:\\Windows\\servicing\\TrustedInstaller.exe","SourceModuleType":"im_msvistalog","FileVersion":"10.0.18362.1 (WinBuild.160101.0800)","Version":3,"Company":"Microsoft Corporation","EventTime":"2020-08-06 03:21:16","Task":7,"Signature":"Microsoft Windows","SourceName":"Microsoft-Windows-Sysmon","Message":"Image loaded:\r\nRuleName: -\r\nUtcTime: 2020-08-06 07:21:16.403\r\nProcessGuid: {49a15388-af6c-5f2b-5e04-000000000400}\r\nProcessId: 1824\r\nImage: C:\\Windows\\servicing\\TrustedInstaller.exe\r\nImageLoaded: C:\\Windows\\System32\\dbghelp.dll\r\nFileVersion: 10.0.18362.1 (WinBuild.160101.0800)\r\nDescription: Windows Image Helper\r\nProduct: Microsoft® Windows® Operating System\r\nCompany: Microsoft Corporation\r\nOriginalFileName: DBGHELP.DLL\r\nHashes: SHA1=85700F95854AB3F3B4B2EBB5DEA4FE0A3B251557,MD5=F8CB6126D000DD2DC064972C83D5B8ED,SHA256=9118037F947403A2C87283CDC0CE0B9D0D5F543AEA2A981B2AFC6251E6760796,IMPHASH=A3BCCB56DF3A7F1398A01550180F0559\r\nSigned: true\r\nSignature: Microsoft Windows\r\nSignatureStatus: Valid","SourceModuleName":"eventlog","ImageLoaded":"C:\\Windows\\System32\\dbghelp.dll","EventReceivedTime":"2020-08-06 03:21:17","port":60122,"AccountName":"SYSTEM","UtcTime":"2020-08-06 07:21:16.403","Domain":"NT AUTHORITY","ExecutionProcessID":3432,"Hashes":"SHA1=85700F95854AB3F3B4B2EBB5DEA4FE0A3B251557,MD5=F8CB6126D000DD2DC064972C83D5B8ED,SHA256=9118037F947403A2C87283CDC0CE0B9D0D5F543AEA2A981B2AFC6251E6760796,IMPHASH=A3BCCB56DF3A7F1398A01550180F0559","Description":"Windows Image Helper","UserID":"S-1-5-18","EventID":7,"Product":"Microsoft® Windows® Operating System","ProviderGuid":"{5770385F-C22A-43E0-BF4C-06F5698FFBD9}","RecordNumber":322385,"Keywords":-9223372036854775808,"ProcessGuid":"{49a15388-af6c-5f2b-5e04-000000000400}","tags":["mordorDataset"],"RuleName":"-"}
{"@version":"1","EventType":"INFO","AccountType":"User","ThreadID":4496,"Channel":"Microsoft-Windows-Sysmon/Operational","OpcodeValue":0,"OriginalFileName":"DBGCORE.DLL","Hostname":"WORKSTATION6.theshire.local","@timestamp":"2020-08-06T07:21:17.282Z","ProcessId":"1824","Signed":"true","host":"wec.internal.cloudapp.net","SignatureStatus":"Valid","Severity":"INFO","SeverityValue":2,"Image":"C:\\Windows\\servicing\\TrustedInstaller.exe","SourceModuleType":"im_msvistalog","FileVersion":"10.0.18362.1 (WinBuild.160101.0800)","Version":3,"Company":"Microsoft Corporation","EventTime":"2020-08-06 03:21:16","Task":7,"Signature":"Microsoft Windows","SourceName":"Microsoft-Windows-Sysmon","Message":"Image loaded:\r\nRuleName: -\r\nUtcTime: 2020-08-06 07:21:16.403\r\nProcessGuid: {49a15388-af6c-5f2b-5e04-000000000400}\r\nProcessId: 1824\r\nImage: C:\\Windows\\servicing\\TrustedInstaller.exe\r\nImageLoaded: C:\\Windows\\System32\\dbgcore.dll\r\nFileVersion: 10.0.18362.1 (WinBuild.160101.0800)\r\nDescription: Windows Core Debugging Helpers\r\nProduct: Microsoft® Windows® Operating System\r\nCompany: Microsoft Corporation\r\nOriginalFileName: DBGCORE.DLL\r\nHashes: SHA1=108943FBF8312BBB0C9CAC3931C227CD3C60E87C,MD5=AD92544DB12E3B50ECBD9B0F8FF1331F,SHA256=CC7DCCBAE53DD4EF0521A9AD260B5094D91F2C5A631072687279C03281C1579C,IMPHASH=5203F507E4A303D63F015849CE72F6B2\r\nSigned: true\r\nSignature: Microsoft Windows\r\nSignatureStatus: Valid","SourceModuleName":"eventlog","ImageLoaded":"C:\\Windows\\System32\\dbgcore.dll","EventReceivedTime":"2020-08-06 03:21:17","port":60122,"AccountName":"SYSTEM","UtcTime":"2020-08-06 07:21:16.403","Domain":"NT AUTHORITY","ExecutionProcessID":3432,"Hashes":"SHA1=108943FBF8312BBB0C9CAC3931C227CD3C60E87C,MD5=AD92544DB12E3B50ECBD9B0F8FF1331F,SHA256=CC7DCCBAE53DD4EF0521A9AD260B5094D91F2C5A631072687279C03281C1579C,IMPHASH=5203F507E4A303D63F015849CE72F6B2","Description":"Windows Core Debugging Helpers","UserID":"S-1-5-18","EventID":7,"Product":"Microsoft® Windows® Operating System","ProviderGuid":"{5770385F-C22A-43E0-BF4C-06F5698FFBD9}","RecordNumber":322386,"Keywords":-9223372036854775808,"ProcessGuid":"{49a15388-af6c-5f2b-5e04-000000000400}","tags":["mordorDataset"],"RuleName":"-"}
{"tags":["mordorDataset"],"@version":"1","EventType":"CreateKey","Version":2,"ThreadID":4496,"EventTime":"2020-08-06 03:21:16","Task":12,"AccountType":"User","Channel":"Microsoft-Windows-Sysmon/Operational","EventTypeOrignal":"INFO","SourceName":"Microsoft-Windows-Sysmon","Hostname":"WORKSTATION6.theshire.local","@timestamp":"2020-08-06T07:21:17.282Z","OpcodeValue":0,"Message":"Registry object added or deleted:\r\nRuleName: -\r\nEventType: CreateKey\r\nUtcTime: 2020-08-06 07:21:16.403\r\nProcessGuid: {49a15388-af6c-5f2b-5e04-000000000400}\r\nProcessId: 1824\r\nImage: C:\\windows\\servicing\\TrustedInstaller.exe\r\nTargetObject: HKLM\\SOFTWARE\\Microsoft\\Windows\\CurrentVersion\\Component Based Servicing\\TiRunning","SourceModuleName":"eventlog","ProcessId":"1824","EventReceivedTime":"2020-08-06 03:21:17","port":60122,"AccountName":"SYSTEM","UtcTime":"2020-08-06 07:21:16.403","Domain":"NT AUTHORITY","ExecutionProcessID":3432,"host":"wec.internal.cloudapp.net","Severity":"INFO","TargetObject":"HKLM\\SOFTWARE\\Microsoft\\Windows\\CurrentVersion\\Component Based Servicing\\TiRunning","SeverityValue":2,"EventID":12,"UserID":"S-1-5-18","ProviderGuid":"{5770385F-C22A-43E0-BF4C-06F5698FFBD9}","RecordNumber":322387,"Image":"C:\\windows\\servicing\\TrustedInstaller.exe","Keywords":-9223372036854775808,"ProcessGuid":"{49a15388-af6c-5f2b-5e04-000000000400}","SourceModuleType":"im_msvistalog","RuleName":"-"}
{"@version":"1","EventType":"INFO","AccountType":"User","ThreadID":4496,"Channel":"Microsoft-Windows-Sysmon/Operational","OpcodeValue":0,"OriginalFileName":"kernel.appcore.dll","Hostname":"WORKSTATION6.theshire.local","@timestamp":"2020-08-06T07:21:17.283Z","ProcessId":"1824","Signed":"true","host":"wec.internal.cloudapp.net","SignatureStatus":"Valid","Severity":"INFO","SeverityValue":2,"Image":"C:\\Windows\\servicing\\TrustedInstaller.exe","SourceModuleType":"im_msvistalog","FileVersion":"10.0.18362.1 (WinBuild.160101.0800)","Version":3,"Company":"Microsoft Corporation","EventTime":"2020-08-06 03:21:16","Task":7,"Signature":"Microsoft Windows","SourceName":"Microsoft-Windows-Sysmon","Message":"Image loaded:\r\nRuleName: -\r\nUtcTime: 2020-08-06 07:21:16.403\r\nProcessGuid: {49a15388-af6c-5f2b-5e04-000000000400}\r\nProcessId: 1824\r\nImage: C:\\Windows\\servicing\\TrustedInstaller.exe\r\nImageLoaded: C:\\Windows\\System32\\kernel.appcore.dll\r\nFileVersion: 10.0.18362.1 (WinBuild.160101.0800)\r\nDescription: AppModel API Host\r\nProduct: Microsoft® Windows® Operating System\r\nCompany: Microsoft Corporation\r\nOriginalFileName: kernel.appcore.dll\r\nHashes: SHA1=4985EC8C3309DB6CCCCFD4D18423A84E37BEC172,MD5=EDF981437C0FD1B9DBF9EA42CE97CE60,SHA256=42164F81BC8FC2D0A6B71DAA492BE6A6D4785821AA4FDCA27B9273721EDB23D9,IMPHASH=8899216954AA228EAA7E8EEDC31DBC03\r\nSigned: true\r\nSignature: Microsoft Windows\r\nSignatureStatus: Valid","SourceModuleName":"eventlog","ImageLoaded":"C:\\Windows\\System32\\kernel.appcore.dll","EventReceivedTime":"2020-08-06 03:21:17","port":60122,"AccountName":"SYSTEM","UtcTime":"2020-08-06 07:21:16.403","Domain":"NT AUTHORITY","ExecutionProcessID":3432,"Hashes":"SHA1=4985EC8C3309DB6CCCCFD4D18423A84E37BEC172,MD5=EDF981437C0FD1B9DBF9EA42CE97CE60,SHA256=42164F81BC8FC2D0A6B71DAA492BE6A6D4785821AA4FDCA27B9273721EDB23D9,IMPHASH=8899216954AA228EAA7E8EEDC31DBC03","Description":"AppModel API Host","UserID":"S-1-5-18","EventID":7,"Product":"Microsoft® Windows® Operating System","ProviderGuid":"{5770385F-C22A-43E0-BF4C-06F5698FFBD9}","RecordNumber":322388,"Keywords":-9223372036854775808,"ProcessGuid":"{49a15388-af6c-5f2b-5e04-000000000400}","tags":["mordorDataset"],"RuleName":"-"}
{"@version":"1","EventType":"INFO","AccountType":"User","ThreadID":4496,"Channel":"Microsoft-Windows-Sysmon/Operational","OpcodeValue":0,"OriginalFileName":"user32","Hostname":"WORKSTATION6.theshire.local","@timestamp":"2020-08-06T07:21:17.283Z","ProcessId":"1824","Signed":"true","host":"wec.internal.cloudapp.net","SignatureStatus":"Valid","Severity":"INFO","SeverityValue":2,"Image":"C:\\Windows\\servicing\\TrustedInstaller.exe","SourceModuleType":"im_msvistalog","FileVersion":"10.0.18362.959 (WinBuild.160101.0800)","Version":3,"Company":"Microsoft Corporation","EventTime":"2020-08-06 03:21:16","Task":7,"Signature":"Microsoft Windows","SourceName":"Microsoft-Windows-Sysmon","Message":"Image loaded:\r\nRuleName: -\r\nUtcTime: 2020-08-06 07:21:16.403\r\nProcessGuid: {49a15388-af6c-5f2b-5e04-000000000400}\r\nProcessId: 1824\r\nImage: C:\\Windows\\servicing\\TrustedInstaller.exe\r\nImageLoaded: C:\\Windows\\System32\\user32.dll\r\nFileVersion: 10.0.18362.959 (WinBuild.160101.0800)\r\nDescription: Multi-User Windows USER API Client DLL\r\nProduct: Microsoft® Windows® Operating System\r\nCompany: Microsoft Corporation\r\nOriginalFileName: user32\r\nHashes: SHA1=D44AD3E30CB63818C6558FF0218EF6F5682BF225,MD5=161B818B9DC72EDE0D160E49FCFD56B4,SHA256=EE22CE3375C2E2EFA9205D08A518D149084E36142E942A0E1697D7AF74435E06,IMPHASH=70F6F0466DB32D0AA9E18434AE996907\r\nSigned: true\r\nSignature: Microsoft Windows\r\nSignatureStatus: Valid","SourceModuleName":"eventlog","ImageLoaded":"C:\\Windows\\System32\\user32.dll","EventReceivedTime":"2020-08-06 03:21:17","port":60122,"AccountName":"SYSTEM","UtcTime":"2020-08-06 07:21:16.403","Domain":"NT AUTHORITY","ExecutionProcessID":3432,"Hashes":"SHA1=D44AD3E30CB63818C6558FF0218EF6F5682BF225,MD5=161B818B9DC72EDE0D160E49FCFD56B4,SHA256=EE22CE3375C2E2EFA9205D08A518D149084E36142E942A0E1697D7AF74435E06,IMPHASH=70F6F0466DB32D0AA9E18434AE996907","Description":"Multi-User Windows USER API Client DLL","UserID":"S-1-5-18","EventID":7,"Product":"Microsoft® Windows® Operating System","ProviderGuid":"{5770385F-C22A-43E0-BF4C-06F5698FFBD9}","RecordNumber":322389,"Keywords":-9223372036854775808,"ProcessGuid":"{49a15388-af6c-5f2b-5e04-000000000400}","tags":["mordorDataset"],"RuleName":"-"}
{"@version":"1","EventType":"INFO","AccountType":"User","ThreadID":4496,"Channel":"Microsoft-Windows-Sysmon/Operational","OpcodeValue":0,"OriginalFileName":"Win32u.DLL","Hostname":"WORKSTATION6.theshire.local","@timestamp":"2020-08-06T07:21:17.284Z","ProcessId":"1824","Signed":"true","host":"wec.internal.cloudapp.net","SignatureStatus":"Valid","Severity":"INFO","SeverityValue":2,"Image":"C:\\Windows\\servicing\\TrustedInstaller.exe","SourceModuleType":"im_msvistalog","FileVersion":"10.0.18362.959 (WinBuild.160101.0800)","Version":3,"Company":"Microsoft Corporation","EventTime":"2020-08-06 03:21:16","Task":7,"Signature":"Microsoft Windows","SourceName":"Microsoft-Windows-Sysmon","Message":"Image loaded:\r\nRuleName: -\r\nUtcTime: 2020-08-06 07:21:16.403\r\nProcessGuid: {49a15388-af6c-5f2b-5e04-000000000400}\r\nProcessId: 1824\r\nImage: C:\\Windows\\servicing\\TrustedInstaller.exe\r\nImageLoaded: C:\\Windows\\System32\\win32u.dll\r\nFileVersion: 10.0.18362.959 (WinBuild.160101.0800)\r\nDescription: Win32u\r\nProduct: Microsoft® Windows® Operating System\r\nCompany: Microsoft Corporation\r\nOriginalFileName: Win32u.DLL\r\nHashes: SHA1=CCD1C81ADB145891C8C71EC39145C6C2F2AC90F9,MD5=534A11687B149DF79FD1ECACA1C3622C,SHA256=1A4EC9BFE094D363444D6B6A5FBCC1532FC0B166689C37687D4B61AA4ADA66E5,IMPHASH=00000000000000000000000000000000\r\nSigned: true\r\nSignature: Microsoft Windows\r\nSignatureStatus: Valid","SourceModuleName":"eventlog","ImageLoaded":"C:\\Windows\\System32\\win32u.dll","EventReceivedTime":"2020-08-06 03:21:17","port":60122,"AccountName":"SYSTEM","UtcTime":"2020-08-06 07:21:16.403","Domain":"NT AUTHORITY","ExecutionProcessID":3432,"Hashes":"SHA1=CCD1C81ADB145891C8C71EC39145C6C2F2AC90F9,MD5=534A11687B149DF79FD1ECACA1C3622C,SHA256=1A4EC9BFE094D363444D6B6A5FBCC1532FC0B166689C37687D4B61AA4ADA66E5,IMPHASH=00000000000000000000000000000000","Description":"Win32u","UserID":"S-1-5-18","EventID":7,"Product":"Microsoft® Windows® Operating System","ProviderGuid":"{5770385F-C22A-43E0-BF4C-06F5698FFBD9}","RecordNumber":322390,"Keywords":-9223372036854775808,"ProcessGuid":"{49a15388-af6c-5f2b-5e04-000000000400}","tags":["mordorDataset"],"RuleName":"-"}
{"@version":"1","EventType":"INFO","AccountType":"User","ThreadID":4496,"Channel":"Microsoft-Windows-Sysmon/Operational","OpcodeValue":0,"OriginalFileName":"gdi32","Hostname":"WORKSTATION6.theshire.local","@timestamp":"2020-08-06T07:21:17.284Z","ProcessId":"1824","Signed":"true","host":"wec.internal.cloudapp.net","SignatureStatus":"Valid","Severity":"INFO","SeverityValue":2,"Image":"C:\\Windows\\servicing\\TrustedInstaller.exe","SourceModuleType":"im_msvistalog","FileVersion":"10.0.18362.1 (WinBuild.160101.0800)","Version":3,"Company":"Microsoft Corporation","EventTime":"2020-08-06 03:21:16","Task":7,"Signature":"Microsoft Windows","SourceName":"Microsoft-Windows-Sysmon","Message":"Image loaded:\r\nRuleName: -\r\nUtcTime: 2020-08-06 07:21:16.403\r\nProcessGuid: {49a15388-af6c-5f2b-5e04-000000000400}\r\nProcessId: 1824\r\nImage: C:\\Windows\\servicing\\TrustedInstaller.exe\r\nImageLoaded: C:\\Windows\\System32\\gdi32.dll\r\nFileVersion: 10.0.18362.1 (WinBuild.160101.0800)\r\nDescription: GDI Client DLL\r\nProduct: Microsoft® Windows® Operating System\r\nCompany: Microsoft Corporation\r\nOriginalFileName: gdi32\r\nHashes: SHA1=9E91D74D5B9BF64A3D4BE8C5EA3594F5DA2BC299,MD5=2839609118F48DEA292084E43FAA72D8,SHA256=4FC9460147D5A3AA1F9498863CF10BB7BE6099BEF1A3D55503164CA51E36E27E,IMPHASH=C5F30E6A06AB646153863B68366FE58A\r\nSigned: true\r\nSignature: Microsoft Windows\r\nSignatureStatus: Valid","SourceModuleName":"eventlog","ImageLoaded":"C:\\Windows\\System32\\gdi32.dll","EventReceivedTime":"2020-08-06 03:21:17","port":60122,"AccountName":"SYSTEM","UtcTime":"2020-08-06 07:21:16.403","Domain":"NT AUTHORITY","ExecutionProcessID":3432,"Hashes":"SHA1=9E91D74D5B9BF64A3D4BE8C5EA3594F5DA2BC299,MD5=2839609118F48DEA292084E43FAA72D8,SHA256=4FC9460147D5A3AA1F9498863CF10BB7BE6099BEF1A3D55503164CA51E36E27E,IMPHASH=C5F30E6A06AB646153863B68366FE58A","Description":"GDI Client DLL","UserID":"S-1-5-18","EventID":7,"Product":"Microsoft® Windows® Operating System","ProviderGuid":"{5770385F-C22A-43E0-BF4C-06F5698FFBD9}","RecordNumber":322391,"Keywords":-9223372036854775808,"ProcessGuid":"{49a15388-af6c-5f2b-5e04-000000000400}","tags":["mordorDataset"],"RuleName":"-"}
{"@version":"1","EventType":"INFO","AccountType":"User","ThreadID":4496,"Channel":"Microsoft-Windows-Sysmon/Operational","OpcodeValue":0,"OriginalFileName":"gdi32","Hostname":"WORKSTATION6.theshire.local","@timestamp":"2020-08-06T07:21:17.284Z","ProcessId":"1824","Signed":"true","host":"wec.internal.cloudapp.net","SignatureStatus":"Valid","Severity":"INFO","SeverityValue":2,"Image":"C:\\Windows\\servicing\\TrustedInstaller.exe","SourceModuleType":"im_msvistalog","FileVersion":"10.0.18362.959 (WinBuild.160101.0800)","Version":3,"Company":"Microsoft Corporation","EventTime":"2020-08-06 03:21:16","Task":7,"Signature":"Microsoft Windows","SourceName":"Microsoft-Windows-Sysmon","Message":"Image loaded:\r\nRuleName: -\r\nUtcTime: 2020-08-06 07:21:16.403\r\nProcessGuid: {49a15388-af6c-5f2b-5e04-000000000400}\r\nProcessId: 1824\r\nImage: C:\\Windows\\servicing\\TrustedInstaller.exe\r\nImageLoaded: C:\\Windows\\System32\\gdi32full.dll\r\nFileVersion: 10.0.18362.959 (WinBuild.160101.0800)\r\nDescription: GDI Client DLL\r\nProduct: Microsoft® Windows® Operating System\r\nCompany: Microsoft Corporation\r\nOriginalFileName: gdi32\r\nHashes: SHA1=6B15B544A6FA7786BEE05AAE7479874209071264,MD5=74237F16D369EA16BE981D10FE4C14E6,SHA256=39B84306F5BBEA44FDE17A2FB4B067832AD880316AF39564AF2483E80C4C0BF0,IMPHASH=4D32F6E2211CD04CA28C2CD4FAC607E8\r\nSigned: true\r\nSignature: Microsoft Windows\r\nSignatureStatus: Valid","SourceModuleName":"eventlog","ImageLoaded":"C:\\Windows\\System32\\gdi32full.dll","EventReceivedTime":"2020-08-06 03:21:17","port":60122,"AccountName":"SYSTEM","UtcTime":"2020-08-06 07:21:16.403","Domain":"NT AUTHORITY","ExecutionProcessID":3432,"Hashes":"SHA1=6B15B544A6FA7786BEE05AAE7479874209071264,MD5=74237F16D369EA16BE981D10FE4C14E6,SHA256=39B84306F5BBEA44FDE17A2FB4B067832AD880316AF39564AF2483E80C4C0BF0,IMPHASH=4D32F6E2211CD04CA28C2CD4FAC607E8","Description":"GDI Client DLL","UserID":"S-1-5-18","EventID":7,"Product":"Microsoft® Windows® Operating System","ProviderGuid":"{5770385F-C22A-43E0-BF4C-06F5698FFBD9}","RecordNumber":322392,"Keywords":-9223372036854775808,"ProcessGuid":"{49a15388-af6c-5f2b-5e04-000000000400}","tags":["mordorDataset"],"RuleName":"-"}
{"tags":["mordorDataset"],"TargetProcessGUID":"{49a15388-af6c-5f2b-5e04-000000000400}","@version":"1","EventType":"INFO","Version":3,"ThreadID":4496,"EventTime":"2020-08-06 03:21:16","Task":10,"AccountType":"User","SourceProcessGUID":"{49a15388-5c39-5f2b-1000-000000000400}","CallTrace":"C:\\windows\\SYSTEM32\\ntdll.dll+9c534|C:\\windows\\System32\\KERNELBASE.dll+2726e|c:\\windows\\system32\\rpcss.dll+47d62|c:\\windows\\system32\\rpcss.dll+47d23|C:\\windows\\System32\\RPCRT4.dll+76953|C:\\windows\\System32\\RPCRT4.dll+1364b|C:\\windows\\System32\\RPCRT4.dll+1451a|C:\\windows\\System32\\RPCRT4.dll+548c8|C:\\windows\\System32\\RPCRT4.dll+2c921|C:\\windows\\System32\\RPCRT4.dll+2c1db|C:\\windows\\System32\\RPCRT4.dll+1a86f|C:\\windows\\System32\\RPCRT4.dll+19d1a|C:\\windows\\System32\\RPCRT4.dll+19301|C:\\windows\\System32\\RPCRT4.dll+18d6e|C:\\windows\\System32\\RPCRT4.dll+169a5|C:\\windows\\SYSTEM32\\ntdll.dll+333ed|C:\\windows\\SYSTEM32\\ntdll.dll+34142|C:\\windows\\System32\\KERNEL32.DLL+17bd4|C:\\windows\\SYSTEM32\\ntdll.dll+6ce51","Channel":"Microsoft-Windows-Sysmon/Operational","SourceName":"Microsoft-Windows-Sysmon","OpcodeValue":0,"Hostname":"WORKSTATION6.theshire.local","@timestamp":"2020-08-06T07:21:17.285Z","Message":"Process accessed:\r\nRuleName: -\r\nUtcTime: 2020-08-06 07:21:16.419\r\nSourceProcessGUID: {49a15388-5c39-5f2b-1000-000000000400}\r\nSourceProcessId: 896\r\nSourceThreadId: 4660\r\nSourceImage: C:\\windows\\system32\\svchost.exe\r\nTargetProcessGUID: {49a15388-af6c-5f2b-5e04-000000000400}\r\nTargetProcessId: 1824\r\nTargetImage: C:\\windows\\servicing\\TrustedInstaller.exe\r\nGrantedAccess: 0x1000\r\nCallTrace: C:\\windows\\SYSTEM32\\ntdll.dll+9c534|C:\\windows\\System32\\KERNELBASE.dll+2726e|c:\\windows\\system32\\rpcss.dll+47d62|c:\\windows\\system32\\rpcss.dll+47d23|C:\\windows\\System32\\RPCRT4.dll+76953|C:\\windows\\System32\\RPCRT4.dll+1364b|C:\\windows\\System32\\RPCRT4.dll+1451a|C:\\windows\\System32\\RPCRT4.dll+548c8|C:\\windows\\System32\\RPCRT4.dll+2c921|C:\\windows\\System32\\RPCRT4.dll+2c1db|C:\\windows\\System32\\RPCRT4.dll+1a86f|C:\\windows\\System32\\RPCRT4.dll+19d1a|C:\\windows\\System32\\RPCRT4.dll+19301|C:\\windows\\System32\\RPCRT4.dll+18d6e|C:\\windows\\System32\\RPCRT4.dll+169a5|C:\\windows\\SYSTEM32\\ntdll.dll+333ed|C:\\windows\\SYSTEM32\\ntdll.dll+34142|C:\\windows\\System32\\KERNEL32.DLL+17bd4|C:\\windows\\SYSTEM32\\ntdll.dll+6ce51","SourceModuleName":"eventlog","ProcessId":"896","SourceImage":"C:\\windows\\system32\\svchost.exe","EventReceivedTime":"2020-08-06 03:21:17","port":60122,"AccountName":"SYSTEM","UtcTime":"2020-08-06 07:21:16.419","GrantedAccess":"0x1000","Domain":"NT AUTHORITY","ExecutionProcessID":3432,"host":"wec.internal.cloudapp.net","SourceProcessId":"896","SourceThreadId":"4660","Severity":"INFO","TargetProcessId":"1824","SeverityValue":2,"EventID":10,"UserID":"S-1-5-18","ProviderGuid":"{5770385F-C22A-43E0-BF4C-06F5698FFBD9}","RecordNumber":322393,"SourceModuleType":"im_msvistalog","Keywords":-9223372036854775808,"TargetImage":"C:\\windows\\servicing\\TrustedInstaller.exe","RuleName":"-"}
{"tags":["mordorDataset"],"TargetProcessGUID":"{49a15388-af6c-5f2b-5e04-000000000400}","@version":"1","EventType":"INFO","Version":3,"ThreadID":4496,"EventTime":"2020-08-06 03:21:16","Task":10,"AccountType":"User","SourceProcessGUID":"{49a15388-5c39-5f2b-1100-000000000400}","CallTrace":"C:\\windows\\SYSTEM32\\ntdll.dll+9d104|C:\\windows\\System32\\RPCRT4.dll+2d2c4|c:\\windows\\system32\\rpcss.dll+314c9|c:\\windows\\system32\\rpcss.dll+30b5b|C:\\windows\\System32\\RPCRT4.dll+76953|C:\\windows\\System32\\RPCRT4.dll+1364b|C:\\windows\\System32\\RPCRT4.dll+1451a|C:\\windows\\System32\\RPCRT4.dll+548c8|C:\\windows\\System32\\RPCRT4.dll+2c921|C:\\windows\\System32\\RPCRT4.dll+2c1db|C:\\windows\\System32\\RPCRT4.dll+1a86f|C:\\windows\\System32\\RPCRT4.dll+19d1a|C:\\windows\\System32\\RPCRT4.dll+19301|C:\\windows\\System32\\RPCRT4.dll+18d6e|C:\\windows\\System32\\RPCRT4.dll+169a5|C:\\windows\\SYSTEM32\\ntdll.dll+333ed|C:\\windows\\SYSTEM32\\ntdll.dll+34142|C:\\windows\\System32\\KERNEL32.DLL+17bd4|C:\\windows\\SYSTEM32\\ntdll.dll+6ce51","Channel":"Microsoft-Windows-Sysmon/Operational","SourceName":"Microsoft-Windows-Sysmon","OpcodeValue":0,"Hostname":"WORKSTATION6.theshire.local","@timestamp":"2020-08-06T07:21:17.285Z","Message":"Process accessed:\r\nRuleName: -\r\nUtcTime: 2020-08-06 07:21:16.419\r\nSourceProcessGUID: {49a15388-5c39-5f2b-1100-000000000400}\r\nSourceProcessId: 992\r\nSourceThreadId: 108\r\nSourceImage: C:\\windows\\system32\\svchost.exe\r\nTargetProcessGUID: {49a15388-af6c-5f2b-5e04-000000000400}\r\nTargetProcessId: 1824\r\nTargetImage: C:\\windows\\servicing\\TrustedInstaller.exe\r\nGrantedAccess: 0x100000\r\nCallTrace: C:\\windows\\SYSTEM32\\ntdll.dll+9d104|C:\\windows\\System32\\RPCRT4.dll+2d2c4|c:\\windows\\system32\\rpcss.dll+314c9|c:\\windows\\system32\\rpcss.dll+30b5b|C:\\windows\\System32\\RPCRT4.dll+76953|C:\\windows\\System32\\RPCRT4.dll+1364b|C:\\windows\\System32\\RPCRT4.dll+1451a|C:\\windows\\System32\\RPCRT4.dll+548c8|C:\\windows\\System32\\RPCRT4.dll+2c921|C:\\windows\\System32\\RPCRT4.dll+2c1db|C:\\windows\\System32\\RPCRT4.dll+1a86f|C:\\windows\\System32\\RPCRT4.dll+19d1a|C:\\windows\\System32\\RPCRT4.dll+19301|C:\\windows\\System32\\RPCRT4.dll+18d6e|C:\\windows\\System32\\RPCRT4.dll+169a5|C:\\windows\\SYSTEM32\\ntdll.dll+333ed|C:\\windows\\SYSTEM32\\ntdll.dll+34142|C:\\windows\\System32\\KERNEL32.DLL+17bd4|C:\\windows\\SYSTEM32\\ntdll.dll+6ce51","SourceModuleName":"eventlog","ProcessId":"992","SourceImage":"C:\\windows\\system32\\svchost.exe","EventReceivedTime":"2020-08-06 03:21:17","port":60122,"AccountName":"SYSTEM","UtcTime":"2020-08-06 07:21:16.419","GrantedAccess":"0x100000","Domain":"NT AUTHORITY","ExecutionProcessID":3432,"host":"wec.internal.cloudapp.net","SourceProcessId":"992","SourceThreadId":"108","Severity":"INFO","TargetProcessId":"1824","SeverityValue":2,"EventID":10,"UserID":"S-1-5-18","ProviderGuid":"{5770385F-C22A-43E0-BF4C-06F5698FFBD9}","RecordNumber":322394,"SourceModuleType":"im_msvistalog","Keywords":-9223372036854775808,"TargetImage":"C:\\windows\\servicing\\TrustedInstaller.exe","RuleName":"-"}
{"@version":"1","EventType":"INFO","AccountType":"User","ThreadID":4496,"Channel":"Microsoft-Windows-Sysmon/Operational","OpcodeValue":0,"OriginalFileName":"CLBCATQ.DLL","Hostname":"WORKSTATION6.theshire.local","@timestamp":"2020-08-06T07:21:17.285Z","ProcessId":"1824","Signed":"true","host":"wec.internal.cloudapp.net","SignatureStatus":"Valid","Severity":"INFO","SeverityValue":2,"Image":"C:\\Windows\\servicing\\TrustedInstaller.exe","SourceModuleType":"im_msvistalog","FileVersion":"2001.12.10941.16384 (WinBuild.160101.0800)","Version":3,"Company":"Microsoft Corporation","EventTime":"2020-08-06 03:21:16","Task":7,"Signature":"Microsoft Windows","SourceName":"Microsoft-Windows-Sysmon","Message":"Image loaded:\r\nRuleName: -\r\nUtcTime: 2020-08-06 07:21:16.419\r\nProcessGuid: {49a15388-af6c-5f2b-5e04-000000000400}\r\nProcessId: 1824\r\nImage: C:\\Windows\\servicing\\TrustedInstaller.exe\r\nImageLoaded: C:\\Windows\\System32\\clbcatq.dll\r\nFileVersion: 2001.12.10941.16384 (WinBuild.160101.0800)\r\nDescription: COM+ Configuration Catalog\r\nProduct: Microsoft® Windows® Operating System\r\nCompany: Microsoft Corporation\r\nOriginalFileName: CLBCATQ.DLL\r\nHashes: SHA1=7DE7C7E87CFA639E8C4DF269E38FB69A391D6790,MD5=4B179D7C6AA9424831847BA6BACDB260,SHA256=F0541B07D7B00C8D09BC72DF7E2D974F83482E42CD88B4E8260B832B7A71682E,IMPHASH=70F94828FF194145825265FE7BA88C95\r\nSigned: true\r\nSignature: Microsoft Windows\r\nSignatureStatus: Valid","SourceModuleName":"eventlog","ImageLoaded":"C:\\Windows\\System32\\clbcatq.dll","EventReceivedTime":"2020-08-06 03:21:17","port":60122,"AccountName":"SYSTEM","UtcTime":"2020-08-06 07:21:16.419","Domain":"NT AUTHORITY","ExecutionProcessID":3432,"Hashes":"SHA1=7DE7C7E87CFA639E8C4DF269E38FB69A391D6790,MD5=4B179D7C6AA9424831847BA6BACDB260,SHA256=F0541B07D7B00C8D09BC72DF7E2D974F83482E42CD88B4E8260B832B7A71682E,IMPHASH=70F94828FF194145825265FE7BA88C95","Description":"COM+ Configuration Catalog","UserID":"S-1-5-18","EventID":7,"Product":"Microsoft® Windows® Operating System","ProviderGuid":"{5770385F-C22A-43E0-BF4C-06F5698FFBD9}","RecordNumber":322395,"Keywords":-9223372036854775808,"ProcessGuid":"{49a15388-af6c-5f2b-5e04-000000000400}","tags":["mordorDataset"],"RuleName":"-"}
{"@version":"1","EventType":"INFO","AccountType":"User","ThreadID":4496,"Channel":"Microsoft-Windows-Sysmon/Operational","OpcodeValue":0,"OriginalFileName":"cbsapi.dll","Hostname":"WORKSTATION6.theshire.local","@timestamp":"2020-08-06T07:21:17.286Z","ProcessId":"1824","Signed":"true","host":"wec.internal.cloudapp.net","SignatureStatus":"Valid","Severity":"INFO","SeverityValue":2,"Image":"C:\\Windows\\servicing\\TrustedInstaller.exe","SourceModuleType":"im_msvistalog","FileVersion":"10.0.18362.1 (WinBuild.160101.0800)","Version":3,"Company":"Microsoft Corporation","EventTime":"2020-08-06 03:21:16","Task":7,"Signature":"Microsoft Windows","SourceName":"Microsoft-Windows-Sysmon","Message":"Image loaded:\r\nRuleName: -\r\nUtcTime: 2020-08-06 07:21:16.419\r\nProcessGuid: {49a15388-af6c-5f2b-5e04-000000000400}\r\nProcessId: 1824\r\nImage: C:\\Windows\\servicing\\TrustedInstaller.exe\r\nImageLoaded: C:\\Windows\\servicing\\CbsApi.dll\r\nFileVersion: 10.0.18362.1 (WinBuild.160101.0800)\r\nDescription: Component Based Servicing API DLL\r\nProduct: Microsoft® Windows® Operating System\r\nCompany: Microsoft Corporation\r\nOriginalFileName: cbsapi.dll\r\nHashes: SHA1=F99723A6F9B018D970499A8366A2F7BA338BCD32,MD5=9864E49DF596F18573E9C221420C9488,SHA256=19212817C83CC4FEDF521BA4B60E148EC0AC73C1CA7E0DB1A3EC716E66C9C705,IMPHASH=ABCA1CAB930ADF1261E17C4D7D618ECB\r\nSigned: true\r\nSignature: Microsoft Windows\r\nSignatureStatus: Valid","SourceModuleName":"eventlog","ImageLoaded":"C:\\Windows\\servicing\\CbsApi.dll","EventReceivedTime":"2020-08-06 03:21:17","port":60122,"AccountName":"SYSTEM","UtcTime":"2020-08-06 07:21:16.419","Domain":"NT AUTHORITY","ExecutionProcessID":3432,"Hashes":"SHA1=F99723A6F9B018D970499A8366A2F7BA338BCD32,MD5=9864E49DF596F18573E9C221420C9488,SHA256=19212817C83CC4FEDF521BA4B60E148EC0AC73C1CA7E0DB1A3EC716E66C9C705,IMPHASH=ABCA1CAB930ADF1261E17C4D7D618ECB","Description":"Component Based Servicing API DLL","UserID":"S-1-5-18","EventID":7,"Product":"Microsoft® Windows® Operating System","ProviderGuid":"{5770385F-C22A-43E0-BF4C-06F5698FFBD9}","RecordNumber":322396,"Keywords":-9223372036854775808,"ProcessGuid":"{49a15388-af6c-5f2b-5e04-000000000400}","tags":["mordorDataset"],"RuleName":"-"}
{"@version":"1","EventType":"INFO","AccountType":"User","ThreadID":4496,"Channel":"Microsoft-Windows-Sysmon/Operational","OpcodeValue":0,"OriginalFileName":"cbsapi.dll","Hostname":"WORKSTATION6.theshire.local","@timestamp":"2020-08-06T07:21:17.286Z","ProcessId":"2168","Signed":"true","host":"wec.internal.cloudapp.net","SignatureStatus":"Valid","Severity":"INFO","SeverityValue":2,"Image":"C:\\Windows\\System32\\taskhostw.exe","SourceModuleType":"im_msvistalog","FileVersion":"10.0.18362.1 (WinBuild.160101.0800)","Version":3,"Company":"Microsoft Corporation","EventTime":"2020-08-06 03:21:16","Task":7,"Signature":"Microsoft Windows","SourceName":"Microsoft-Windows-Sysmon","Message":"Image loaded:\r\nRuleName: -\r\nUtcTime: 2020-08-06 07:21:16.419\r\nProcessGuid: {49a15388-af6c-5f2b-5d04-000000000400}\r\nProcessId: 2168\r\nImage: C:\\Windows\\System32\\taskhostw.exe\r\nImageLoaded: C:\\Windows\\servicing\\CbsApi.dll\r\nFileVersion: 10.0.18362.1 (WinBuild.160101.0800)\r\nDescription: Component Based Servicing API DLL\r\nProduct: Microsoft® Windows® Operating System\r\nCompany: Microsoft Corporation\r\nOriginalFileName: cbsapi.dll\r\nHashes: SHA1=F99723A6F9B018D970499A8366A2F7BA338BCD32,MD5=9864E49DF596F18573E9C221420C9488,SHA256=19212817C83CC4FEDF521BA4B60E148EC0AC73C1CA7E0DB1A3EC716E66C9C705,IMPHASH=ABCA1CAB930ADF1261E17C4D7D618ECB\r\nSigned: true\r\nSignature: Microsoft Windows\r\nSignatureStatus: Valid","SourceModuleName":"eventlog","ImageLoaded":"C:\\Windows\\servicing\\CbsApi.dll","EventReceivedTime":"2020-08-06 03:21:17","port":60122,"AccountName":"SYSTEM","UtcTime":"2020-08-06 07:21:16.419","Domain":"NT AUTHORITY","ExecutionProcessID":3432,"Hashes":"SHA1=F99723A6F9B018D970499A8366A2F7BA338BCD32,MD5=9864E49DF596F18573E9C221420C9488,SHA256=19212817C83CC4FEDF521BA4B60E148EC0AC73C1CA7E0DB1A3EC716E66C9C705,IMPHASH=ABCA1CAB930ADF1261E17C4D7D618ECB","Description":"Component Based Servicing API DLL","UserID":"S-1-5-18","EventID":7,"Product":"Microsoft® Windows® Operating System","ProviderGuid":"{5770385F-C22A-43E0-BF4C-06F5698FFBD9}","RecordNumber":322397,"Keywords":-9223372036854775808,"ProcessGuid":"{49a15388-af6c-5f2b-5d04-000000000400}","tags":["mordorDataset"],"RuleName":"-"}
{"@version":"1","EventType":"INFO","AccountType":"User","ThreadID":4496,"Channel":"Microsoft-Windows-Sysmon/Operational","OpcodeValue":0,"OriginalFileName":"TiWorker.exe","Hostname":"WORKSTATION6.theshire.local","@timestamp":"2020-08-06T07:21:17.287Z","ParentCommandLine":"C:\\windows\\system32\\svchost.exe -k DcomLaunch -p","ProcessId":"2568","ParentProcessId":"896","host":"wec.internal.cloudapp.net","Severity":"INFO","SeverityValue":2,"Image":"C:\\Windows\\WinSxS\\amd64_microsoft-windows-servicingstack_31bf3856ad364e35_10.0.18362.957_none_5f2e9e6258ea82f2\\TiWorker.exe","LogonGuid":"{49a15388-5c38-5f2b-e703-000000000000}","SourceModuleType":"im_msvistalog","FileVersion":"10.0.18362.957 (WinBuild.160101.0800)","Version":5,"Company":"Microsoft Corporation","EventTime":"2020-08-06 03:21:16","Task":1,"SourceName":"Microsoft-Windows-Sysmon","CurrentDirectory":"C:\\windows\\system32\\","Message":"Process Create:\r\nRuleName: -\r\nUtcTime: 2020-08-06 07:21:16.435\r\nProcessGuid: {49a15388-af6c-5f2b-5f04-000000000400}\r\nProcessId: 2568\r\nImage: C:\\Windows\\WinSxS\\amd64_microsoft-windows-servicingstack_31bf3856ad364e35_10.0.18362.957_none_5f2e9e6258ea82f2\\TiWorker.exe\r\nFileVersion: 10.0.18362.957 (WinBuild.160101.0800)\r\nDescription: Windows Modules Installer Worker\r\nProduct: Microsoft® Windows® Operating System\r\nCompany: Microsoft Corporation\r\nOriginalFileName: TiWorker.exe\r\nCommandLine: C:\\windows\\winsxs\\amd64_microsoft-windows-servicingstack_31bf3856ad364e35_10.0.18362.957_none_5f2e9e6258ea82f2\\TiWorker.exe -Embedding\r\nCurrentDirectory: C:\\windows\\system32\\\r\nUser: NT AUTHORITY\\SYSTEM\r\nLogonGuid: {49a15388-5c38-5f2b-e703-000000000000}\r\nLogonId: 0x3E7\r\nTerminalSessionId: 0\r\nIntegrityLevel: System\r\nHashes: SHA1=D0F646E41B22F769B09E3389CF1B88D7EB316FC0,MD5=C297EBE005FD0942CF7CCAE2420C5387,SHA256=C65EA7B7ABDB8A8358624E3CB620F44D66F0C04B1B2861FCE282F3D05F4E45E5,IMPHASH=5C119443B09CF04CA999CBD8CA2382AC\r\nParentProcessGuid: {49a15388-5c39-5f2b-1000-000000000400}\r\nParentProcessId: 896\r\nParentImage: C:\\Windows\\System32\\svchost.exe\r\nParentCommandLine: C:\\windows\\system32\\svchost.exe -k DcomLaunch -p","IntegrityLevel":"System","CommandLine":"C:\\windows\\winsxs\\amd64_microsoft-windows-servicingstack_31bf3856ad364e35_10.0.18362.957_none_5f2e9e6258ea82f2\\TiWorker.exe -Embedding","ParentImage":"C:\\Windows\\System32\\svchost.exe","SourceModuleName":"eventlog","LogonId":"0x3e7","port":60122,"AccountName":"SYSTEM","EventReceivedTime":"2020-08-06 03:21:17","UtcTime":"2020-08-06 07:21:16.435","Domain":"NT AUTHORITY","ExecutionProcessID":3432,"User":"NT AUTHORITY\\SYSTEM","Hashes":"SHA1=D0F646E41B22F769B09E3389CF1B88D7EB316FC0,MD5=C297EBE005FD0942CF7CCAE2420C5387,SHA256=C65EA7B7ABDB8A8358624E3CB620F44D66F0C04B1B2861FCE282F3D05F4E45E5,IMPHASH=5C119443B09CF04CA999CBD8CA2382AC","Description":"Windows Modules Installer Worker","TerminalSessionId":"0","ParentProcessGuid":"{49a15388-5c39-5f2b-1000-000000000400}","UserID":"S-1-5-18","EventID":1,"Product":"Microsoft® Windows® Operating System","ProviderGuid":"{5770385F-C22A-43E0-BF4C-06F5698FFBD9}","RecordNumber":322398,"Keywords":-9223372036854775808,"ProcessGuid":"{49a15388-af6c-5f2b-5f04-000000000400}","tags":["mordorDataset"],"RuleName":"-"}
{"tags":["mordorDataset"],"TargetProcessGUID":"{49a15388-af6c-5f2b-5f04-000000000400}","@version":"1","EventType":"INFO","Version":3,"ThreadID":4496,"EventTime":"2020-08-06 03:21:16","Task":10,"AccountType":"User","SourceProcessGUID":"{49a15388-5c39-5f2b-1000-000000000400}","CallTrace":"C:\\windows\\SYSTEM32\\ntdll.dll+9d8e4|C:\\windows\\System32\\KERNELBASE.dll+5f36a|C:\\windows\\System32\\KERNELBASE.dll+5b413|C:\\windows\\System32\\KERNEL32.DLL+1c9af|c:\\windows\\system32\\rpcss.dll+b72e|c:\\windows\\system32\\rpcss.dll+6896|c:\\windows\\system32\\rpcss.dll+6699|C:\\windows\\System32\\RPCRT4.dll+76953|C:\\windows\\System32\\RPCRT4.dll+1364b|C:\\windows\\System32\\RPCRT4.dll+1451a|C:\\windows\\System32\\RPCRT4.dll+548c8|C:\\windows\\System32\\RPCRT4.dll+2c921|C:\\windows\\System32\\RPCRT4.dll+2c1db|C:\\windows\\System32\\RPCRT4.dll+1a86f|C:\\windows\\System32\\RPCRT4.dll+19d1a|C:\\windows\\System32\\RPCRT4.dll+19301|C:\\windows\\System32\\RPCRT4.dll+18d6e|C:\\windows\\System32\\RPCRT4.dll+169a5|C:\\windows\\SYSTEM32\\ntdll.dll+333ed|C:\\windows\\SYSTEM32\\ntdll.dll+34142|C:\\windows\\System32\\KERNEL32.DLL+17bd4|C:\\windows\\SYSTEM32\\ntdll.dll+6ce51","Channel":"Microsoft-Windows-Sysmon/Operational","SourceName":"Microsoft-Windows-Sysmon","OpcodeValue":0,"Hostname":"WORKSTATION6.theshire.local","@timestamp":"2020-08-06T07:21:17.287Z","Message":"Process accessed:\r\nRuleName: -\r\nUtcTime: 2020-08-06 07:21:16.434\r\nSourceProcessGUID: {49a15388-5c39-5f2b-1000-000000000400}\r\nSourceProcessId: 896\r\nSourceThreadId: 4660\r\nSourceImage: C:\\windows\\system32\\svchost.exe\r\nTargetProcessGUID: {49a15388-af6c-5f2b-5f04-000000000400}\r\nTargetProcessId: 2568\r\nTargetImage: C:\\windows\\winsxs\\amd64_microsoft-windows-servicingstack_31bf3856ad364e35_10.0.18362.957_none_5f2e9e6258ea82f2\\TiWorker.exe\r\nGrantedAccess: 0x1FFFFF\r\nCallTrace: C:\\windows\\SYSTEM32\\ntdll.dll+9d8e4|C:\\windows\\System32\\KERNELBASE.dll+5f36a|C:\\windows\\System32\\KERNELBASE.dll+5b413|C:\\windows\\System32\\KERNEL32.DLL+1c9af|c:\\windows\\system32\\rpcss.dll+b72e|c:\\windows\\system32\\rpcss.dll+6896|c:\\windows\\system32\\rpcss.dll+6699|C:\\windows\\System32\\RPCRT4.dll+76953|C:\\windows\\System32\\RPCRT4.dll+1364b|C:\\windows\\System32\\RPCRT4.dll+1451a|C:\\windows\\System32\\RPCRT4.dll+548c8|C:\\windows\\System32\\RPCRT4.dll+2c921|C:\\windows\\System32\\RPCRT4.dll+2c1db|C:\\windows\\System32\\RPCRT4.dll+1a86f|C:\\windows\\System32\\RPCRT4.dll+19d1a|C:\\windows\\System32\\RPCRT4.dll+19301|C:\\windows\\System32\\RPCRT4.dll+18d6e|C:\\windows\\System32\\RPCRT4.dll+169a5|C:\\windows\\SYSTEM32\\ntdll.dll+333ed|C:\\windows\\SYSTEM32\\ntdll.dll+34142|C:\\windows\\System32\\KERNEL32.DLL+17bd4|C:\\windows\\SYSTEM32\\ntdll.dll+6ce51","SourceModuleName":"eventlog","ProcessId":"896","SourceImage":"C:\\windows\\system32\\svchost.exe","EventReceivedTime":"2020-08-06 03:21:17","port":60122,"AccountName":"SYSTEM","UtcTime":"2020-08-06 07:21:16.434","GrantedAccess":"0x1fffff","Domain":"NT AUTHORITY","ExecutionProcessID":3432,"host":"wec.internal.cloudapp.net","SourceProcessId":"896","SourceThreadId":"4660","Severity":"INFO","TargetProcessId":"2568","SeverityValue":2,"EventID":10,"UserID":"S-1-5-18","ProviderGuid":"{5770385F-C22A-43E0-BF4C-06F5698FFBD9}","RecordNumber":322399,"SourceModuleType":"im_msvistalog","Keywords":-9223372036854775808,"TargetImage":"C:\\windows\\winsxs\\amd64_microsoft-windows-servicingstack_31bf3856ad364e35_10.0.18362.957_none_5f2e9e6258ea82f2\\TiWorker.exe","RuleName":"-"}
{"tags":["mordorDataset"],"TargetProcessGUID":"{49a15388-af6c-5f2b-5f04-000000000400}","@version":"1","EventType":"INFO","Version":3,"ThreadID":4496,"EventTime":"2020-08-06 03:21:16","Task":10,"AccountType":"User","SourceProcessGUID":"{49a15388-5c38-5f2b-0600-000000000400}","CallTrace":"C:\\windows\\SYSTEM32\\ntdll.dll+9c534|C:\\windows\\system32\\basesrv.DLL+2fba|C:\\windows\\SYSTEM32\\CSRSRV.dll+5af4|C:\\windows\\SYSTEM32\\ntdll.dll+6ce5f","Channel":"Microsoft-Windows-Sysmon/Operational","SourceName":"Microsoft-Windows-Sysmon","OpcodeValue":0,"Hostname":"WORKSTATION6.theshire.local","@timestamp":"2020-08-06T07:21:17.288Z","Message":"Process accessed:\r\nRuleName: -\r\nUtcTime: 2020-08-06 07:21:16.434\r\nSourceProcessGUID: {49a15388-5c38-5f2b-0600-000000000400}\r\nSourceProcessId: 524\r\nSourceThreadId: 1184\r\nSourceImage: C:\\windows\\system32\\csrss.exe\r\nTargetProcessGUID: {49a15388-af6c-5f2b-5f04-000000000400}\r\nTargetProcessId: 2568\r\nTargetImage: C:\\windows\\winsxs\\amd64_microsoft-windows-servicingstack_31bf3856ad364e35_10.0.18362.957_none_5f2e9e6258ea82f2\\TiWorker.exe\r\nGrantedAccess: 0x1FFFFF\r\nCallTrace: C:\\windows\\SYSTEM32\\ntdll.dll+9c534|C:\\windows\\system32\\basesrv.DLL+2fba|C:\\windows\\SYSTEM32\\CSRSRV.dll+5af4|C:\\windows\\SYSTEM32\\ntdll.dll+6ce5f","SourceModuleName":"eventlog","ProcessId":"524","SourceImage":"C:\\windows\\system32\\csrss.exe","EventReceivedTime":"2020-08-06 03:21:17","port":60122,"AccountName":"SYSTEM","UtcTime":"2020-08-06 07:21:16.434","GrantedAccess":"0x1fffff","Domain":"NT AUTHORITY","ExecutionProcessID":3432,"host":"wec.internal.cloudapp.net","SourceProcessId":"524","SourceThreadId":"1184","Severity":"INFO","TargetProcessId":"2568","SeverityValue":2,"EventID":10,"UserID":"S-1-5-18","ProviderGuid":"{5770385F-C22A-43E0-BF4C-06F5698FFBD9}","RecordNumber":322400,"SourceModuleType":"im_msvistalog","Keywords":-9223372036854775808,"TargetImage":"C:\\windows\\winsxs\\amd64_microsoft-windows-servicingstack_31bf3856ad364e35_10.0.18362.957_none_5f2e9e6258ea82f2\\TiWorker.exe","RuleName":"-"}
