{"SourceProcessGUID":"{8715b604-0deb-5f2a-1200-000000000400}","UtcTime":"2020-08-05 06:10:00.010","GrantedAccess":"0x40","@version":"1","Keywords":-9223372036854775808,"ThreadID":4452,"TargetProcessId":"1048","UserID":"S-1-5-18","Version":3,"TargetProcessGUID":"{8715b604-0deb-5f2a-1600-000000000400}","TargetImage":"C:\\windows\\System32\\svchost.exe","CallTrace":"C:\\windows\\SYSTEM32\\ntdll.dll+9c534|C:\\windows\\System32\\KERNELBASE.dll+2726e|c:\\windows\\system32\\lsm.dll+1a207|C:\\windows\\System32\\RPCRT4.dll+76953|C:\\windows\\System32\\RPCRT4.dll+da036|C:\\windows\\System32\\RPCRT4.dll+38289|C:\\windows\\System32\\combase.dll+9e2bf|C:\\windows\\System32\\combase.dll+154c3|C:\\windows\\System32\\combase.dll+152b3|C:\\windows\\System32\\combase.dll+a1166|C:\\windows\\System32\\combase.dll+3c3fa|C:\\windows\\System32\\combase.dll+9cdad|C:\\windows\\System32\\combase.dll+52acc|C:\\windows\\System32\\combase.dll+53331|C:\\windows\\System32\\combase.dll+54ad8|C:\\windows\\System32\\RPCRT4.dll+548c8|C:\\windows\\System32\\RPCRT4.dll+2c921|C:\\windows\\System32\\RPCRT4.dll+2c470|C:\\windows\\System32\\RPCRT4.dll+1a6bf|C:\\windows\\System32\\RPCRT4.dll+19d1a|C:\\windows\\System32\\RPCRT4.dll+19301|C:\\windows\\System32\\RPCRT4.dll+18d6e|C:\\windows\\System32\\RPCRT4.dll+169a5|C:\\windows\\SYSTEM32\\ntdll.dll+333ed","host":"wec.internal.cloudapp.net","Message":"Process accessed:\r\nRuleName: -\r\nUtcTime: 2020-08-05 06:10:00.010\r\nSourceProcessGUID: {8715b604-0deb-5f2a-1200-000000000400}\r\nSourceProcessId: 448\r\nSourceThreadId: 7584\r\nSourceImage: C:\\windows\\system32\\svchost.exe\r\nTargetProcessGUID: {8715b604-0deb-5f2a-1600-000000000400}\r\nTargetProcessId: 1048\r\nTargetImage: C:\\windows\\System32\\svchost.exe\r\nGrantedAccess: 0x40\r\nCallTrace: C:\\windows\\SYSTEM32\\ntdll.dll+9c534|C:\\windows\\System32\\KERNELBASE.dll+2726e|c:\\windows\\system32\\lsm.dll+1a207|C:\\windows\\System32\\RPCRT4.dll+76953|C:\\windows\\System32\\RPCRT4.dll+da036|C:\\windows\\System32\\RPCRT4.dll+38289|C:\\windows\\System32\\combase.dll+9e2bf|C:\\windows\\System32\\combase.dll+154c3|C:\\windows\\System32\\combase.dll+152b3|C:\\windows\\System32\\combase.dll+a1166|C:\\windows\\System32\\combase.dll+3c3fa|C:\\windows\\System32\\combase.dll+9cdad|C:\\windows\\System32\\combase.dll+52acc|C:\\windows\\System32\\combase.dll+53331|C:\\windows\\System32\\combase.dll+54ad8|C:\\windows\\System32\\RPCRT4.dll+548c8|C:\\windows\\System32\\RPCRT4.dll+2c921|C:\\windows\\System32\\RPCRT4.dll+2c470|C:\\windows\\System32\\RPCRT4.dll+1a6bf|C:\\windows\\System32\\RPCRT4.dll+19d1a|C:\\windows\\System32\\RPCRT4.dll+19301|C:\\windows\\System32\\RPCRT4.dll+18d6e|C:\\windows\\System32\\RPCRT4.dll+169a5|C:\\windows\\SYSTEM32\\ntdll.dll+333ed","SourceModuleName":"eventlog","SourceThreadId":"7584","SourceName":"Microsoft-Windows-Sysmon","SourceProcessId":"448","SeverityValue":2,"tags":["mordorDataset"],"Channel":"Microsoft-Windows-Sysmon/Operational","ProviderGuid":"{5770385F-C22A-43E0-BF4C-06F5698FFBD9}","RuleName":"-","EventID":10,"RecordNumber":479948,"Hostname":"WORKSTATION5.theshire.local","SourceImage":"C:\\windows\\system32\\svchost.exe","ProcessId":"448","SourceModuleType":"im_msvistalog","Domain":"NT AUTHORITY","port":53997,"EventTime":"2020-08-05 02:10:00","Severity":"INFO","ExecutionProcessID":3484,"AccountName":"SYSTEM","OpcodeValue":0,"@timestamp":"2020-08-05T06:10:01.787Z","Task":10,"EventType":"INFO","EventReceivedTime":"2020-08-05 02:10:01","AccountType":"User"}
{"SourceProcessGUID":"{7d3be4b5-0dea-5f2a-1200-000000000400}","UtcTime":"2020-08-05 06:10:00.016","GrantedAccess":"0x40","@version":"1","Keywords":-9223372036854775808,"ThreadID":4456,"TargetProcessId":"1052","UserID":"S-1-5-18","Version":3,"TargetProcessGUID":"{7d3be4b5-0deb-5f2a-1600-000000000400}","TargetImage":"C:\\windows\\System32\\svchost.exe","CallTrace":"C:\\windows\\SYSTEM32\\ntdll.dll+9c534|C:\\windows\\System32\\KERNELBASE.dll+2726e|c:\\windows\\system32\\lsm.dll+1a207|C:\\windows\\System32\\RPCRT4.dll+76953|C:\\windows\\System32\\RPCRT4.dll+da036|C:\\windows\\System32\\RPCRT4.dll+38289|C:\\windows\\System32\\combase.dll+9e2bf|C:\\windows\\System32\\combase.dll+154c3|C:\\windows\\System32\\combase.dll+152b3|C:\\windows\\System32\\combase.dll+a1166|C:\\windows\\System32\\combase.dll+3c3fa|C:\\windows\\System32\\combase.dll+9cdad|C:\\windows\\System32\\combase.dll+52acc|C:\\windows\\System32\\combase.dll+53331|C:\\windows\\System32\\combase.dll+54ad8|C:\\windows\\System32\\RPCRT4.dll+548c8|C:\\windows\\System32\\RPCRT4.dll+2c921|C:\\windows\\System32\\RPCRT4.dll+2c470|C:\\windows\\System32\\RPCRT4.dll+1a6bf|C:\\windows\\System32\\RPCRT4.dll+19d1a|C:\\windows\\System32\\RPCRT4.dll+19301|C:\\windows\\System32\\RPCRT4.dll+18d6e|C:\\windows\\System32\\RPCRT4.dll+169a5|C:\\windows\\SYSTEM32\\ntdll.dll+333ed","host":"wec.internal.cloudapp.net","Message":"Process accessed:\r\nRuleName: -\r\nUtcTime: 2020-08-05 06:10:00.016\r\nSourceProcessGUID: {7d3be4b5-0dea-5f2a-1200-000000000400}\r\nSourceProcessId: 440\r\nSourceThreadId: 9744\r\nSourceImage: C:\\windows\\system32\\svchost.exe\r\nTargetProcessGUID: {7d3be4b5-0deb-5f2a-1600-000000000400}\r\nTargetProcessId: 1052\r\nTargetImage: C:\\windows\\System32\\svchost.exe\r\nGrantedAccess: 0x40\r\nCallTrace: C:\\windows\\SYSTEM32\\ntdll.dll+9c534|C:\\windows\\System32\\KERNELBASE.dll+2726e|c:\\windows\\system32\\lsm.dll+1a207|C:\\windows\\System32\\RPCRT4.dll+76953|C:\\windows\\System32\\RPCRT4.dll+da036|C:\\windows\\System32\\RPCRT4.dll+38289|C:\\windows\\System32\\combase.dll+9e2bf|C:\\windows\\System32\\combase.dll+154c3|C:\\windows\\System32\\combase.dll+152b3|C:\\windows\\System32\\combase.dll+a1166|C:\\windows\\System32\\combase.dll+3c3fa|C:\\windows\\System32\\combase.dll+9cdad|C:\\windows\\System32\\combase.dll+52acc|C:\\windows\\System32\\combase.dll+53331|C:\\windows\\System32\\combase.dll+54ad8|C:\\windows\\System32\\RPCRT4.dll+548c8|C:\\windows\\System32\\RPCRT4.dll+2c921|C:\\windows\\System32\\RPCRT4.dll+2c470|C:\\windows\\System32\\RPCRT4.dll+1a6bf|C:\\windows\\System32\\RPCRT4.dll+19d1a|C:\\windows\\System32\\RPCRT4.dll+19301|C:\\windows\\System32\\RPCRT4.dll+18d6e|C:\\windows\\System32\\RPCRT4.dll+169a5|C:\\windows\\SYSTEM32\\ntdll.dll+333ed","SourceModuleName":"eventlog","SourceThreadId":"9744","SourceName":"Microsoft-Windows-Sysmon","SourceProcessId":"440","SeverityValue":2,"tags":["mordorDataset"],"Channel":"Microsoft-Windows-Sysmon/Operational","ProviderGuid":"{5770385F-C22A-43E0-BF4C-06F5698FFBD9}","RuleName":"-","EventID":10,"RecordNumber":304089,"Hostname":"WORKSTATION6.theshire.local","SourceImage":"C:\\windows\\system32\\svchost.exe","ProcessId":"440","SourceModuleType":"im_msvistalog","Domain":"NT AUTHORITY","port":53997,"EventTime":"2020-08-05 02:10:00","Severity":"INFO","ExecutionProcessID":3240,"AccountName":"SYSTEM","OpcodeValue":0,"@timestamp":"2020-08-05T06:10:01.787Z","Task":10,"EventType":"INFO","EventReceivedTime":"2020-08-05 02:10:01","AccountType":"User"}
{"SourceProcessGUID":"{8715b604-0deb-5f2a-1200-000000000400}","UtcTime":"2020-08-05 06:10:00.011","GrantedAccess":"0x1000","@version":"1","Keywords":-9223372036854775808,"ThreadID":4452,"TargetProcessId":"3328","UserID":"S-1-5-18","Version":3,"TargetProcessGUID":"{8715b604-0df2-5f2a-4600-000000000400}","TargetImage":"C:\\windows\\System32\\svchost.exe","CallTrace":"C:\\windows\\SYSTEM32\\ntdll.dll+9c534|C:\\windows\\System32\\KERNELBASE.dll+6a7f5|c:\\windows\\system32\\lsm.dll+111b6|C:\\windows\\System32\\RPCRT4.dll+76953|C:\\windows\\System32\\RPCRT4.dll+da036|C:\\windows\\System32\\RPCRT4.dll+37a4c|C:\\windows\\System32\\RPCRT4.dll+548c8|C:\\windows\\System32\\RPCRT4.dll+2c921|C:\\windows\\System32\\RPCRT4.dll+2c1db|C:\\windows\\System32\\RPCRT4.dll+1a86f|C:\\windows\\System32\\RPCRT4.dll+19d1a|C:\\windows\\System32\\RPCRT4.dll+19301|C:\\windows\\System32\\RPCRT4.dll+18d6e|C:\\windows\\System32\\RPCRT4.dll+169a5|C:\\windows\\SYSTEM32\\ntdll.dll+333ed|C:\\windows\\SYSTEM32\\ntdll.dll+34142|C:\\windows\\System32\\KERNEL32.DLL+17bd4|C:\\windows\\SYSTEM32\\ntdll.dll+6ce51","host":"wec.internal.cloudapp.net","Message":"Process accessed:\r\nRuleName: -\r\nUtcTime: 2020-08-05 06:10:00.011\r\nSourceProcessGUID: {8715b604-0deb-5f2a-1200-000000000400}\r\nSourceProcessId: 448\r\nSourceThreadId: 7584\r\nSourceImage: C:\\windows\\system32\\svchost.exe\r\nTargetProcessGUID: {8715b604-0df2-5f2a-4600-000000000400}\r\nTargetProcessId: 3328\r\nTargetImage: C:\\windows\\System32\\svchost.exe\r\nGrantedAccess: 0x1000\r\nCallTrace: C:\\windows\\SYSTEM32\\ntdll.dll+9c534|C:\\windows\\System32\\KERNELBASE.dll+6a7f5|c:\\windows\\system32\\lsm.dll+111b6|C:\\windows\\System32\\RPCRT4.dll+76953|C:\\windows\\System32\\RPCRT4.dll+da036|C:\\windows\\System32\\RPCRT4.dll+37a4c|C:\\windows\\System32\\RPCRT4.dll+548c8|C:\\windows\\System32\\RPCRT4.dll+2c921|C:\\windows\\System32\\RPCRT4.dll+2c1db|C:\\windows\\System32\\RPCRT4.dll+1a86f|C:\\windows\\System32\\RPCRT4.dll+19d1a|C:\\windows\\System32\\RPCRT4.dll+19301|C:\\windows\\System32\\RPCRT4.dll+18d6e|C:\\windows\\System32\\RPCRT4.dll+169a5|C:\\windows\\SYSTEM32\\ntdll.dll+333ed|C:\\windows\\SYSTEM32\\ntdll.dll+34142|C:\\windows\\System32\\KERNEL32.DLL+17bd4|C:\\windows\\SYSTEM32\\ntdll.dll+6ce51","SourceModuleName":"eventlog","SourceThreadId":"7584","SourceName":"Microsoft-Windows-Sysmon","SourceProcessId":"448","SeverityValue":2,"tags":["mordorDataset"],"Channel":"Microsoft-Windows-Sysmon/Operational","ProviderGuid":"{5770385F-C22A-43E0-BF4C-06F5698FFBD9}","RuleName":"-","EventID":10,"RecordNumber":479949,"Hostname":"WORKSTATION5.theshire.local","SourceImage":"C:\\windows\\system32\\svchost.exe","ProcessId":"448","SourceModuleType":"im_msvistalog","Domain":"NT AUTHORITY","port":53997,"EventTime":"2020-08-05 02:10:00","Severity":"INFO","ExecutionProcessID":3484,"AccountName":"SYSTEM","OpcodeValue":0,"@timestamp":"2020-08-05T06:10:01.787Z","Task":10,"EventType":"INFO","EventReceivedTime":"2020-08-05 02:10:01","AccountType":"User"}
{"SourceProcessGUID":"{7d3be4b5-0dea-5f2a-1200-000000000400}","UtcTime":"2020-08-05 06:10:00.016","GrantedAccess":"0x1000","@version":"1","Keywords":-9223372036854775808,"ThreadID":4456,"TargetProcessId":"2456","UserID":"S-1-5-18","Version":3,"TargetProcessGUID":"{7d3be4b5-0df0-5f2a-4600-000000000400}","TargetImage":"C:\\windows\\System32\\svchost.exe","CallTrace":"C:\\windows\\SYSTEM32\\ntdll.dll+9c534|C:\\windows\\System32\\KERNELBASE.dll+6a7f5|c:\\windows\\system32\\lsm.dll+111b6|C:\\windows\\System32\\RPCRT4.dll+76953|C:\\windows\\System32\\RPCRT4.dll+da036|C:\\windows\\System32\\RPCRT4.dll+37a4c|C:\\windows\\System32\\RPCRT4.dll+548c8|C:\\windows\\System32\\RPCRT4.dll+2c921|C:\\windows\\System32\\RPCRT4.dll+2c1db|C:\\windows\\System32\\RPCRT4.dll+1a86f|C:\\windows\\System32\\RPCRT4.dll+19d1a|C:\\windows\\System32\\RPCRT4.dll+19301|C:\\windows\\System32\\RPCRT4.dll+18d6e|C:\\windows\\System32\\RPCRT4.dll+169a5|C:\\windows\\SYSTEM32\\ntdll.dll+333ed|C:\\windows\\SYSTEM32\\ntdll.dll+34142|C:\\windows\\System32\\KERNEL32.DLL+17bd4|C:\\windows\\SYSTEM32\\ntdll.dll+6ce51","host":"wec.internal.cloudapp.net","Message":"Process accessed:\r\nRuleName: -\r\nUtcTime: 2020-08-05 06:10:00.016\r\nSourceProcessGUID: {7d3be4b5-0dea-5f2a-1200-000000000400}\r\nSourceProcessId: 440\r\nSourceThreadId: 9744\r\nSourceImage: C:\\windows\\system32\\svchost.exe\r\nTargetProcessGUID: {7d3be4b5-0df0-5f2a-4600-000000000400}\r\nTargetProcessId: 2456\r\nTargetImage: C:\\windows\\System32\\svchost.exe\r\nGrantedAccess: 0x1000\r\nCallTrace: C:\\windows\\SYSTEM32\\ntdll.dll+9c534|C:\\windows\\System32\\KERNELBASE.dll+6a7f5|c:\\windows\\system32\\lsm.dll+111b6|C:\\windows\\System32\\RPCRT4.dll+76953|C:\\windows\\System32\\RPCRT4.dll+da036|C:\\windows\\System32\\RPCRT4.dll+37a4c|C:\\windows\\System32\\RPCRT4.dll+548c8|C:\\windows\\System32\\RPCRT4.dll+2c921|C:\\windows\\System32\\RPCRT4.dll+2c1db|C:\\windows\\System32\\RPCRT4.dll+1a86f|C:\\windows\\System32\\RPCRT4.dll+19d1a|C:\\windows\\System32\\RPCRT4.dll+19301|C:\\windows\\System32\\RPCRT4.dll+18d6e|C:\\windows\\System32\\RPCRT4.dll+169a5|C:\\windows\\SYSTEM32\\ntdll.dll+333ed|C:\\windows\\SYSTEM32\\ntdll.dll+34142|C:\\windows\\System32\\KERNEL32.DLL+17bd4|C:\\windows\\SYSTEM32\\ntdll.dll+6ce51","SourceModuleName":"eventlog","SourceThreadId":"9744","SourceName":"Microsoft-Windows-Sysmon","SourceProcessId":"440","SeverityValue":2,"tags":["mordorDataset"],"Channel":"Microsoft-Windows-Sysmon/Operational","ProviderGuid":"{5770385F-C22A-43E0-BF4C-06F5698FFBD9}","RuleName":"-","EventID":10,"RecordNumber":304090,"Hostname":"WORKSTATION6.theshire.local","SourceImage":"C:\\windows\\system32\\svchost.exe","ProcessId":"440","SourceModuleType":"im_msvistalog","Domain":"NT AUTHORITY","port":53997,"EventTime":"2020-08-05 02:10:00","Severity":"INFO","ExecutionProcessID":3240,"AccountName":"SYSTEM","OpcodeValue":0,"@timestamp":"2020-08-05T06:10:01.788Z","Task":10,"EventType":"INFO","EventReceivedTime":"2020-08-05 02:10:01","AccountType":"User"}
{"SourceProcessGUID":"{8715b604-0deb-5f2a-1200-000000000400}","UtcTime":"2020-08-05 06:10:00.012","GrantedAccess":"0x1000","@version":"1","Keywords":-9223372036854775808,"ThreadID":4452,"TargetProcessId":"3328","UserID":"S-1-5-18","Version":3,"TargetProcessGUID":"{8715b604-0df2-5f2a-4600-000000000400}","TargetImage":"C:\\windows\\System32\\svchost.exe","CallTrace":"C:\\windows\\SYSTEM32\\ntdll.dll+9c534|C:\\windows\\System32\\KERNELBASE.dll+6a7f5|c:\\windows\\system32\\lsm.dll+111b6|C:\\windows\\System32\\RPCRT4.dll+76953|C:\\windows\\System32\\RPCRT4.dll+da036|C:\\windows\\System32\\RPCRT4.dll+37a4c|C:\\windows\\System32\\RPCRT4.dll+548c8|C:\\windows\\System32\\RPCRT4.dll+2c921|C:\\windows\\System32\\RPCRT4.dll+2c1db|C:\\windows\\System32\\RPCRT4.dll+1a86f|C:\\windows\\System32\\RPCRT4.dll+19d1a|C:\\windows\\System32\\RPCRT4.dll+19301|C:\\windows\\System32\\RPCRT4.dll+18d6e|C:\\windows\\System32\\RPCRT4.dll+169a5|C:\\windows\\SYSTEM32\\ntdll.dll+333ed|C:\\windows\\SYSTEM32\\ntdll.dll+34142|C:\\windows\\System32\\KERNEL32.DLL+17bd4|C:\\windows\\SYSTEM32\\ntdll.dll+6ce51","host":"wec.internal.cloudapp.net","Message":"Process accessed:\r\nRuleName: -\r\nUtcTime: 2020-08-05 06:10:00.012\r\nSourceProcessGUID: {8715b604-0deb-5f2a-1200-000000000400}\r\nSourceProcessId: 448\r\nSourceThreadId: 7584\r\nSourceImage: C:\\windows\\system32\\svchost.exe\r\nTargetProcessGUID: {8715b604-0df2-5f2a-4600-000000000400}\r\nTargetProcessId: 3328\r\nTargetImage: C:\\windows\\System32\\svchost.exe\r\nGrantedAccess: 0x1000\r\nCallTrace: C:\\windows\\SYSTEM32\\ntdll.dll+9c534|C:\\windows\\System32\\KERNELBASE.dll+6a7f5|c:\\windows\\system32\\lsm.dll+111b6|C:\\windows\\System32\\RPCRT4.dll+76953|C:\\windows\\System32\\RPCRT4.dll+da036|C:\\windows\\System32\\RPCRT4.dll+37a4c|C:\\windows\\System32\\RPCRT4.dll+548c8|C:\\windows\\System32\\RPCRT4.dll+2c921|C:\\windows\\System32\\RPCRT4.dll+2c1db|C:\\windows\\System32\\RPCRT4.dll+1a86f|C:\\windows\\System32\\RPCRT4.dll+19d1a|C:\\windows\\System32\\RPCRT4.dll+19301|C:\\windows\\System32\\RPCRT4.dll+18d6e|C:\\windows\\System32\\RPCRT4.dll+169a5|C:\\windows\\SYSTEM32\\ntdll.dll+333ed|C:\\windows\\SYSTEM32\\ntdll.dll+34142|C:\\windows\\System32\\KERNEL32.DLL+17bd4|C:\\windows\\SYSTEM32\\ntdll.dll+6ce51","SourceModuleName":"eventlog","SourceThreadId":"7584","SourceName":"Microsoft-Windows-Sysmon","SourceProcessId":"448","SeverityValue":2,"tags":["mordorDataset"],"Channel":"Microsoft-Windows-Sysmon/Operational","ProviderGuid":"{5770385F-C22A-43E0-BF4C-06F5698FFBD9}","RuleName":"-","EventID":10,"RecordNumber":479950,"Hostname":"WORKSTATION5.theshire.local","SourceImage":"C:\\windows\\system32\\svchost.exe","ProcessId":"448","SourceModuleType":"im_msvistalog","Domain":"NT AUTHORITY","port":53997,"EventTime":"2020-08-05 02:10:00","Severity":"INFO","ExecutionProcessID":3484,"AccountName":"SYSTEM","OpcodeValue":0,"@timestamp":"2020-08-05T06:10:01.788Z","Task":10,"EventType":"INFO","EventReceivedTime":"2020-08-05 02:10:01","AccountType":"User"}
{"SourceProcessGUID":"{7d3be4b5-0dea-5f2a-1200-000000000400}","UtcTime":"2020-08-05 06:10:00.016","GrantedAccess":"0x1000","@version":"1","Keywords":-9223372036854775808,"ThreadID":4456,"TargetProcessId":"2456","UserID":"S-1-5-18","Version":3,"TargetProcessGUID":"{7d3be4b5-0df0-5f2a-4600-000000000400}","TargetImage":"C:\\windows\\System32\\svchost.exe","CallTrace":"C:\\windows\\SYSTEM32\\ntdll.dll+9c534|C:\\windows\\System32\\KERNELBASE.dll+6a7f5|c:\\windows\\system32\\lsm.dll+111b6|C:\\windows\\System32\\RPCRT4.dll+76953|C:\\windows\\System32\\RPCRT4.dll+da036|C:\\windows\\System32\\RPCRT4.dll+37a4c|C:\\windows\\System32\\RPCRT4.dll+548c8|C:\\windows\\System32\\RPCRT4.dll+2c921|C:\\windows\\System32\\RPCRT4.dll+2c1db|C:\\windows\\System32\\RPCRT4.dll+1a86f|C:\\windows\\System32\\RPCRT4.dll+19d1a|C:\\windows\\System32\\RPCRT4.dll+19301|C:\\windows\\System32\\RPCRT4.dll+18d6e|C:\\windows\\System32\\RPCRT4.dll+169a5|C:\\windows\\SYSTEM32\\ntdll.dll+333ed|C:\\windows\\SYSTEM32\\ntdll.dll+34142|C:\\windows\\System32\\KERNEL32.DLL+17bd4|C:\\windows\\SYSTEM32\\ntdll.dll+6ce51","host":"wec.internal.cloudapp.net","Message":"Process accessed:\r\nRuleName: -\r\nUtcTime: 2020-08-05 06:10:00.016\r\nSourceProcessGUID: {7d3be4b5-0dea-5f2a-1200-000000000400}\r\nSourceProcessId: 440\r\nSourceThreadId: 9744\r\nSourceImage: C:\\windows\\system32\\svchost.exe\r\nTargetProcessGUID: {7d3be4b5-0df0-5f2a-4600-000000000400}\r\nTargetProcessId: 2456\r\nTargetImage: C:\\windows\\System32\\svchost.exe\r\nGrantedAccess: 0x1000\r\nCallTrace: C:\\windows\\SYSTEM32\\ntdll.dll+9c534|C:\\windows\\System32\\KERNELBASE.dll+6a7f5|c:\\windows\\system32\\lsm.dll+111b6|C:\\windows\\System32\\RPCRT4.dll+76953|C:\\windows\\System32\\RPCRT4.dll+da036|C:\\windows\\System32\\RPCRT4.dll+37a4c|C:\\windows\\System32\\RPCRT4.dll+548c8|C:\\windows\\System32\\RPCRT4.dll+2c921|C:\\windows\\System32\\RPCRT4.dll+2c1db|C:\\windows\\System32\\RPCRT4.dll+1a86f|C:\\windows\\System32\\RPCRT4.dll+19d1a|C:\\windows\\System32\\RPCRT4.dll+19301|C:\\windows\\System32\\RPCRT4.dll+18d6e|C:\\windows\\System32\\RPCRT4.dll+169a5|C:\\windows\\SYSTEM32\\ntdll.dll+333ed|C:\\windows\\SYSTEM32\\ntdll.dll+34142|C:\\windows\\System32\\KERNEL32.DLL+17bd4|C:\\windows\\SYSTEM32\\ntdll.dll+6ce51","SourceModuleName":"eventlog","SourceThreadId":"9744","SourceName":"Microsoft-Windows-Sysmon","SourceProcessId":"440","SeverityValue":2,"tags":["mordorDataset"],"Channel":"Microsoft-Windows-Sysmon/Operational","ProviderGuid":"{5770385F-C22A-43E0-BF4C-06F5698FFBD9}","RuleName":"-","EventID":10,"RecordNumber":304091,"Hostname":"WORKSTATION6.theshire.local","SourceImage":"C:\\windows\\system32\\svchost.exe","ProcessId":"440","SourceModuleType":"im_msvistalog","Domain":"NT AUTHORITY","port":53997,"EventTime":"2020-08-05 02:10:00","Severity":"INFO","ExecutionProcessID":3240,"AccountName":"SYSTEM","OpcodeValue":0,"@timestamp":"2020-08-05T06:10:02.778Z","Task":10,"EventType":"INFO","EventReceivedTime":"2020-08-05 02:10:02","AccountType":"User"}
{"SourceProcessGUID":"{8715b604-0deb-5f2a-1200-000000000400}","UtcTime":"2020-08-05 06:10:00.012","GrantedAccess":"0x1000","@version":"1","Keywords":-9223372036854775808,"ThreadID":4452,"TargetProcessId":"3328","UserID":"S-1-5-18","Version":3,"TargetProcessGUID":"{8715b604-0df2-5f2a-4600-000000000400}","TargetImage":"C:\\windows\\System32\\svchost.exe","CallTrace":"C:\\windows\\SYSTEM32\\ntdll.dll+9c534|C:\\windows\\System32\\KERNELBASE.dll+6a7f5|c:\\windows\\system32\\lsm.dll+111b6|C:\\windows\\System32\\RPCRT4.dll+76953|C:\\windows\\System32\\RPCRT4.dll+da036|C:\\windows\\System32\\RPCRT4.dll+37a4c|C:\\windows\\System32\\RPCRT4.dll+548c8|C:\\windows\\System32\\RPCRT4.dll+2c921|C:\\windows\\System32\\RPCRT4.dll+2c1db|C:\\windows\\System32\\RPCRT4.dll+1a86f|C:\\windows\\System32\\RPCRT4.dll+19d1a|C:\\windows\\System32\\RPCRT4.dll+19301|C:\\windows\\System32\\RPCRT4.dll+18d6e|C:\\windows\\System32\\RPCRT4.dll+169a5|C:\\windows\\SYSTEM32\\ntdll.dll+333ed|C:\\windows\\SYSTEM32\\ntdll.dll+34142|C:\\windows\\System32\\KERNEL32.DLL+17bd4|C:\\windows\\SYSTEM32\\ntdll.dll+6ce51","host":"wec.internal.cloudapp.net","Message":"Process accessed:\r\nRuleName: -\r\nUtcTime: 2020-08-05 06:10:00.012\r\nSourceProcessGUID: {8715b604-0deb-5f2a-1200-000000000400}\r\nSourceProcessId: 448\r\nSourceThreadId: 7584\r\nSourceImage: C:\\windows\\system32\\svchost.exe\r\nTargetProcessGUID: {8715b604-0df2-5f2a-4600-000000000400}\r\nTargetProcessId: 3328\r\nTargetImage: C:\\windows\\System32\\svchost.exe\r\nGrantedAccess: 0x1000\r\nCallTrace: C:\\windows\\SYSTEM32\\ntdll.dll+9c534|C:\\windows\\System32\\KERNELBASE.dll+6a7f5|c:\\windows\\system32\\lsm.dll+111b6|C:\\windows\\System32\\RPCRT4.dll+76953|C:\\windows\\System32\\RPCRT4.dll+da036|C:\\windows\\System32\\RPCRT4.dll+37a4c|C:\\windows\\System32\\RPCRT4.dll+548c8|C:\\windows\\System32\\RPCRT4.dll+2c921|C:\\windows\\System32\\RPCRT4.dll+2c1db|C:\\windows\\System32\\RPCRT4.dll+1a86f|C:\\windows\\System32\\RPCRT4.dll+19d1a|C:\\windows\\System32\\RPCRT4.dll+19301|C:\\windows\\System32\\RPCRT4.dll+18d6e|C:\\windows\\System32\\RPCRT4.dll+169a5|C:\\windows\\SYSTEM32\\ntdll.dll+333ed|C:\\windows\\SYSTEM32\\ntdll.dll+34142|C:\\windows\\System32\\KERNEL32.DLL+17bd4|C:\\windows\\SYSTEM32\\ntdll.dll+6ce51","SourceModuleName":"eventlog","SourceThreadId":"7584","SourceName":"Microsoft-Windows-Sysmon","SourceProcessId":"448","SeverityValue":2,"tags":["mordorDataset"],"Channel":"Microsoft-Windows-Sysmon/Operational","ProviderGuid":"{5770385F-C22A-43E0-BF4C-06F5698FFBD9}","RuleName":"-","EventID":10,"RecordNumber":479951,"Hostname":"WORKSTATION5.theshire.local","SourceImage":"C:\\windows\\system32\\svchost.exe","ProcessId":"448","SourceModuleType":"im_msvistalog","Domain":"NT AUTHORITY","port":53997,"EventTime":"2020-08-05 02:10:00","Severity":"INFO","ExecutionProcessID":3484,"AccountName":"SYSTEM","OpcodeValue":0,"@timestamp":"2020-08-05T06:10:02.778Z","Task":10,"EventType":"INFO","EventReceivedTime":"2020-08-05 02:10:02","AccountType":"User"}
{"UtcTime":"2020-08-05 06:10:00.016","@version":"1","Keywords":-9223372036854775808,"EventTypeOrignal":"INFO","ThreadID":4456,"UserID":"S-1-5-18","Version":2,"host":"wec.internal.cloudapp.net","Message":"Registry object added or deleted:\r\nRuleName: -\r\nEventType: CreateKey\r\nUtcTime: 2020-08-05 06:10:00.016\r\nProcessGuid: {7d3be4b5-0df0-5f2a-4600-000000000400}\r\nProcessId: 2456\r\nImage: C:\\windows\\System32\\svchost.exe\r\nTargetObject: HKLM\\SOFTWARE\\Microsoft\\Windows\\CurrentVersion\\VFUProvider","SourceModuleName":"eventlog","ProcessGuid":"{7d3be4b5-0df0-5f2a-4600-000000000400}","SourceName":"Microsoft-Windows-Sysmon","SeverityValue":2,"tags":["mordorDataset"],"Channel":"Microsoft-Windows-Sysmon/Operational","ProviderGuid":"{5770385F-C22A-43E0-BF4C-06F5698FFBD9}","RuleName":"-","EventID":12,"RecordNumber":304092,"TargetObject":"HKLM\\SOFTWARE\\Microsoft\\Windows\\CurrentVersion\\VFUProvider","Hostname":"WORKSTATION6.theshire.local","ProcessId":"2456","SourceModuleType":"im_msvistalog","Domain":"NT AUTHORITY","port":53997,"EventTime":"2020-08-05 02:10:00","Severity":"INFO","ExecutionProcessID":3240,"AccountName":"SYSTEM","OpcodeValue":0,"@timestamp":"2020-08-05T06:10:02.778Z","Task":12,"EventType":"CreateKey","EventReceivedTime":"2020-08-05 02:10:02","Image":"C:\\windows\\System32\\svchost.exe","AccountType":"User"}
{"SourceProcessGUID":"{8715b604-0deb-5f2a-1200-000000000400}","UtcTime":"2020-08-05 06:10:00.013","GrantedAccess":"0x1000","@version":"1","Keywords":-9223372036854775808,"ThreadID":4452,"TargetProcessId":"3328","UserID":"S-1-5-18","Version":3,"TargetProcessGUID":"{8715b604-0df2-5f2a-4600-000000000400}","TargetImage":"C:\\windows\\System32\\svchost.exe","CallTrace":"C:\\windows\\SYSTEM32\\ntdll.dll+9c534|C:\\windows\\System32\\KERNELBASE.dll+6a7f5|c:\\windows\\system32\\lsm.dll+111b6|C:\\windows\\System32\\RPCRT4.dll+76953|C:\\windows\\System32\\RPCRT4.dll+da036|C:\\windows\\System32\\RPCRT4.dll+37a4c|C:\\windows\\System32\\RPCRT4.dll+548c8|C:\\windows\\System32\\RPCRT4.dll+2c921|C:\\windows\\System32\\RPCRT4.dll+2c1db|C:\\windows\\System32\\RPCRT4.dll+1a86f|C:\\windows\\System32\\RPCRT4.dll+19d1a|C:\\windows\\System32\\RPCRT4.dll+19301|C:\\windows\\System32\\RPCRT4.dll+18d6e|C:\\windows\\System32\\RPCRT4.dll+169a5|C:\\windows\\SYSTEM32\\ntdll.dll+333ed|C:\\windows\\SYSTEM32\\ntdll.dll+34142|C:\\windows\\System32\\KERNEL32.DLL+17bd4|C:\\windows\\SYSTEM32\\ntdll.dll+6ce51","host":"wec.internal.cloudapp.net","Message":"Process accessed:\r\nRuleName: -\r\nUtcTime: 2020-08-05 06:10:00.013\r\nSourceProcessGUID: {8715b604-0deb-5f2a-1200-000000000400}\r\nSourceProcessId: 448\r\nSourceThreadId: 7584\r\nSourceImage: C:\\windows\\system32\\svchost.exe\r\nTargetProcessGUID: {8715b604-0df2-5f2a-4600-000000000400}\r\nTargetProcessId: 3328\r\nTargetImage: C:\\windows\\System32\\svchost.exe\r\nGrantedAccess: 0x1000\r\nCallTrace: C:\\windows\\SYSTEM32\\ntdll.dll+9c534|C:\\windows\\System32\\KERNELBASE.dll+6a7f5|c:\\windows\\system32\\lsm.dll+111b6|C:\\windows\\System32\\RPCRT4.dll+76953|C:\\windows\\System32\\RPCRT4.dll+da036|C:\\windows\\System32\\RPCRT4.dll+37a4c|C:\\windows\\System32\\RPCRT4.dll+548c8|C:\\windows\\System32\\RPCRT4.dll+2c921|C:\\windows\\System32\\RPCRT4.dll+2c1db|C:\\windows\\System32\\RPCRT4.dll+1a86f|C:\\windows\\System32\\RPCRT4.dll+19d1a|C:\\windows\\System32\\RPCRT4.dll+19301|C:\\windows\\System32\\RPCRT4.dll+18d6e|C:\\windows\\System32\\RPCRT4.dll+169a5|C:\\windows\\SYSTEM32\\ntdll.dll+333ed|C:\\windows\\SYSTEM32\\ntdll.dll+34142|C:\\windows\\System32\\KERNEL32.DLL+17bd4|C:\\windows\\SYSTEM32\\ntdll.dll+6ce51","SourceModuleName":"eventlog","SourceThreadId":"7584","SourceName":"Microsoft-Windows-Sysmon","SourceProcessId":"448","SeverityValue":2,"tags":["mordorDataset"],"Channel":"Microsoft-Windows-Sysmon/Operational","ProviderGuid":"{5770385F-C22A-43E0-BF4C-06F5698FFBD9}","RuleName":"-","EventID":10,"RecordNumber":479952,"Hostname":"WORKSTATION5.theshire.local","SourceImage":"C:\\windows\\system32\\svchost.exe","ProcessId":"448","SourceModuleType":"im_msvistalog","Domain":"NT AUTHORITY","port":53997,"EventTime":"2020-08-05 02:10:00","Severity":"INFO","ExecutionProcessID":3484,"AccountName":"SYSTEM","OpcodeValue":0,"@timestamp":"2020-08-05T06:10:02.778Z","Task":10,"EventType":"INFO","EventReceivedTime":"2020-08-05 02:10:02","AccountType":"User"}
{"UtcTime":"2020-08-05 06:10:00.016","@version":"1","Keywords":-9223372036854775808,"EventTypeOrignal":"INFO","ThreadID":4456,"UserID":"S-1-5-18","Version":2,"Details":"QWORD (0x01d66aef-0x0ce6613d)","host":"wec.internal.cloudapp.net","Message":"Registry value set:\r\nRuleName: -\r\nEventType: SetValue\r\nUtcTime: 2020-08-05 06:10:00.016\r\nProcessGuid: {7d3be4b5-0df0-5f2a-4600-000000000400}\r\nProcessId: 2456\r\nImage: C:\\windows\\System32\\svchost.exe\r\nTargetObject: HKLM\\SOFTWARE\\Microsoft\\Windows\\CurrentVersion\\VFUProvider\\StartTime\r\nDetails: QWORD (0x01d66aef-0x0ce6613d)","SourceModuleName":"eventlog","ProcessGuid":"{7d3be4b5-0df0-5f2a-4600-000000000400}","SourceName":"Microsoft-Windows-Sysmon","SeverityValue":2,"tags":["mordorDataset"],"Channel":"Microsoft-Windows-Sysmon/Operational","ProviderGuid":"{5770385F-C22A-43E0-BF4C-06F5698FFBD9}","RuleName":"-","EventID":13,"RecordNumber":304093,"TargetObject":"HKLM\\SOFTWARE\\Microsoft\\Windows\\CurrentVersion\\VFUProvider\\StartTime","Hostname":"WORKSTATION6.theshire.local","ProcessId":"2456","SourceModuleType":"im_msvistalog","Domain":"NT AUTHORITY","port":53997,"EventTime":"2020-08-05 02:10:00","Severity":"INFO","ExecutionProcessID":3240,"AccountName":"SYSTEM","OpcodeValue":0,"@timestamp":"2020-08-05T06:10:02.779Z","Task":13,"EventType":"SetValue","EventReceivedTime":"2020-08-05 02:10:02","Image":"C:\\windows\\System32\\svchost.exe","AccountType":"User"}
{"UtcTime":"2020-08-05 06:10:00.014","@version":"1","Keywords":-9223372036854775808,"EventTypeOrignal":"INFO","ThreadID":4452,"UserID":"S-1-5-18","Version":2,"host":"wec.internal.cloudapp.net","Message":"Registry object added or deleted:\r\nRuleName: -\r\nEventType: CreateKey\r\nUtcTime: 2020-08-05 06:10:00.014\r\nProcessGuid: {8715b604-0df2-5f2a-4600-000000000400}\r\nProcessId: 3328\r\nImage: C:\\windows\\System32\\svchost.exe\r\nTargetObject: HKLM\\SOFTWARE\\Microsoft\\Windows\\CurrentVersion\\VFUProvider","SourceModuleName":"eventlog","ProcessGuid":"{8715b604-0df2-5f2a-4600-000000000400}","SourceName":"Microsoft-Windows-Sysmon","SeverityValue":2,"tags":["mordorDataset"],"Channel":"Microsoft-Windows-Sysmon/Operational","ProviderGuid":"{5770385F-C22A-43E0-BF4C-06F5698FFBD9}","RuleName":"-","EventID":12,"RecordNumber":479953,"TargetObject":"HKLM\\SOFTWARE\\Microsoft\\Windows\\CurrentVersion\\VFUProvider","Hostname":"WORKSTATION5.theshire.local","ProcessId":"3328","SourceModuleType":"im_msvistalog","Domain":"NT AUTHORITY","port":53997,"EventTime":"2020-08-05 02:10:00","Severity":"INFO","ExecutionProcessID":3484,"AccountName":"SYSTEM","OpcodeValue":0,"@timestamp":"2020-08-05T06:10:02.779Z","Task":12,"EventType":"CreateKey","EventReceivedTime":"2020-08-05 02:10:02","Image":"C:\\windows\\System32\\svchost.exe","AccountType":"User"}
{"UtcTime":"2020-08-05 06:10:00.014","@version":"1","Keywords":-9223372036854775808,"EventTypeOrignal":"INFO","ThreadID":4452,"UserID":"S-1-5-18","Version":2,"Details":"QWORD (0x01d66aef-0x0ce61fe1)","host":"wec.internal.cloudapp.net","Message":"Registry value set:\r\nRuleName: -\r\nEventType: SetValue\r\nUtcTime: 2020-08-05 06:10:00.014\r\nProcessGuid: {8715b604-0df2-5f2a-4600-000000000400}\r\nProcessId: 3328\r\nImage: C:\\windows\\System32\\svchost.exe\r\nTargetObject: HKLM\\SOFTWARE\\Microsoft\\Windows\\CurrentVersion\\VFUProvider\\StartTime\r\nDetails: QWORD (0x01d66aef-0x0ce61fe1)","SourceModuleName":"eventlog","ProcessGuid":"{8715b604-0df2-5f2a-4600-000000000400}","SourceName":"Microsoft-Windows-Sysmon","SeverityValue":2,"tags":["mordorDataset"],"Channel":"Microsoft-Windows-Sysmon/Operational","ProviderGuid":"{5770385F-C22A-43E0-BF4C-06F5698FFBD9}","RuleName":"-","EventID":13,"RecordNumber":479954,"TargetObject":"HKLM\\SOFTWARE\\Microsoft\\Windows\\CurrentVersion\\VFUProvider\\StartTime","Hostname":"WORKSTATION5.theshire.local","ProcessId":"3328","SourceModuleType":"im_msvistalog","Domain":"NT AUTHORITY","port":53997,"EventTime":"2020-08-05 02:10:00","Severity":"INFO","ExecutionProcessID":3484,"AccountName":"SYSTEM","OpcodeValue":0,"@timestamp":"2020-08-05T06:10:02.779Z","Task":13,"EventType":"SetValue","EventReceivedTime":"2020-08-05 02:10:02","Image":"C:\\windows\\System32\\svchost.exe","AccountType":"User"}
{"UtcTime":"2020-08-05 06:10:00.568","@version":"1","Keywords":-9223372036854775808,"ThreadID":4452,"UserID":"S-1-5-18","Version":2,"CreationUtcTime":"2020-08-05 01:39:58.176","host":"wec.internal.cloudapp.net","Message":"File created:\r\nRuleName: -\r\nUtcTime: 2020-08-05 06:10:00.568\r\nProcessGuid: {8715b604-0ded-5f2a-2700-000000000400}\r\nProcessId: 1656\r\nImage: C:\\windows\\System32\\svchost.exe\r\nTargetFilename: C:\\Windows\\ServiceState\\EventLog\\Data\\lastalive0.dat\r\nCreationUtcTime: 2020-08-05 01:39:58.176","SourceModuleName":"eventlog","ProcessGuid":"{8715b604-0ded-5f2a-2700-000000000400}","SourceName":"Microsoft-Windows-Sysmon","TargetFilename":"C:\\Windows\\ServiceState\\EventLog\\Data\\lastalive0.dat","SeverityValue":2,"tags":["mordorDataset"],"Channel":"Microsoft-Windows-Sysmon/Operational","ProviderGuid":"{5770385F-C22A-43E0-BF4C-06F5698FFBD9}","RuleName":"-","EventID":11,"RecordNumber":479955,"Hostname":"WORKSTATION5.theshire.local","ProcessId":"1656","SourceModuleType":"im_msvistalog","Domain":"NT AUTHORITY","port":53997,"EventTime":"2020-08-05 02:10:00","Severity":"INFO","ExecutionProcessID":3484,"AccountName":"SYSTEM","OpcodeValue":0,"@timestamp":"2020-08-05T06:10:02.779Z","Task":11,"EventType":"INFO","EventReceivedTime":"2020-08-05 02:10:02","Image":"C:\\windows\\System32\\svchost.exe","AccountType":"User"}
{"@version":"1","Keywords":-9214364837600034816,"ThreadID":424,"TargetDomainName":"THESHIRE","TargetLogonId":"0x824281","Version":0,"host":"wec.internal.cloudapp.net","Message":"An account was logged off.\r\n\r\nSubject:\r\n\tSecurity ID:\t\tS-1-5-21-3669966080-2286457517-972388166-1111\r\n\tAccount Name:\t\tWEC$\r\n\tAccount Domain:\t\tTHESHIRE\r\n\tLogon ID:\t\t0x824281\r\n\r\nLogon Type:\t\t\t3\r\n\r\nThis event is generated when a logon session is destroyed. It may be positively correlated with a logon event using the Logon ID value. Logon IDs are only unique between reboots on the same computer.","SourceModuleName":"eventlog","SourceName":"Microsoft-Windows-Security-Auditing","SeverityValue":2,"LogonType":"3","tags":["mordorDataset"],"Channel":"Security","ProviderGuid":"{54849625-5478-4994-A5BA-3E3B0328C30D}","EventID":4634,"RecordNumber":215508,"Hostname":"MORDORDC.theshire.local","Category":"Logoff","Opcode":"Info","SourceModuleType":"im_msvistalog","port":53997,"EventTime":"2020-08-05 02:10:00","Severity":"INFO","ExecutionProcessID":704,"TargetUserSid":"S-1-5-21-3669966080-2286457517-972388166-1111","OpcodeValue":0,"@timestamp":"2020-08-05T06:10:02.780Z","Task":12545,"TargetUserName":"WEC$","EventType":"AUDIT_SUCCESS","EventReceivedTime":"2020-08-05 02:10:02"}
{"@version":"1","Keywords":-9214364837600034816,"ThreadID":5764,"Version":1,"DestAddress":"169.254.169.254","host":"wec.internal.cloudapp.net","LayerRTID":"48","Message":"The Windows Filtering Platform has permitted a connection.\r\n\r\nApplication Information:\r\n\tProcess ID:\t\t3584\r\n\tApplication Name:\t\\device\\harddiskvolume2\\packages\\plugins\\microsoft.azure.networkwatcher.networkwatcheragentwindows\\1.4.1587.1\\networkwatcheragent\\networkwatcheragent.exe\r\n\r\nNetwork Information:\r\n\tDirection:\t\tOutbound\r\n\tSource Address:\t\t172.18.39.5\r\n\tSource Port:\t\t58270\r\n\tDestination Address:\t169.254.169.254\r\n\tDestination Port:\t\t80\r\n\tProtocol:\t\t6\r\n\r\nFilter Information:\r\n\tFilter Run-Time ID:\t68779\r\n\tLayer Name:\t\tConnect\r\n\tLayer Run-Time ID:\t48","SourceModuleName":"eventlog","SourceName":"Microsoft-Windows-Security-Auditing","SeverityValue":2,"LayerName":"%%14611","tags":["mordorDataset"],"Channel":"Security","ProviderGuid":"{54849625-5478-4994-A5BA-3E3B0328C30D}","EventID":5156,"RecordNumber":110757,"Hostname":"WORKSTATION5.theshire.local","Category":"Filtering Platform Connection","Opcode":"Info","Protocol":"6","ProcessId":"3584","SourceModuleType":"im_msvistalog","port":53997,"Application":"\\device\\harddiskvolume2\\packages\\plugins\\microsoft.azure.networkwatcher.networkwatcheragentwindows\\1.4.1587.1\\networkwatcheragent\\networkwatcheragent.exe","EventTime":"2020-08-05 02:10:02","RemoteUserID":"S-1-0-0","SourcePort":"58270","Severity":"INFO","ExecutionProcessID":4,"SourceAddress":"172.18.39.5","OpcodeValue":0,"@timestamp":"2020-08-05T06:10:03.791Z","Task":12810,"DestPort":"80","EventType":"AUDIT_SUCCESS","EventReceivedTime":"2020-08-05 02:10:03","Direction":"%%14593","RemoteMachineID":"S-1-0-0","FilterRTID":"68779"}
{"@version":"1","Keywords":-9214364837600034816,"ThreadID":5764,"Version":1,"DestAddress":"169.254.169.254","host":"wec.internal.cloudapp.net","LayerRTID":"48","Message":"The Windows Filtering Platform has permitted a connection.\r\n\r\nApplication Information:\r\n\tProcess ID:\t\t3584\r\n\tApplication Name:\t\\device\\harddiskvolume2\\packages\\plugins\\microsoft.azure.networkwatcher.networkwatcheragentwindows\\1.4.1587.1\\networkwatcheragent\\networkwatcheragent.exe\r\n\r\nNetwork Information:\r\n\tDirection:\t\tOutbound\r\n\tSource Address:\t\t172.18.39.5\r\n\tSource Port:\t\t58270\r\n\tDestination Address:\t169.254.169.254\r\n\tDestination Port:\t\t80\r\n\tProtocol:\t\t6\r\n\r\nFilter Information:\r\n\tFilter Run-Time ID:\t68779\r\n\tLayer Name:\t\tConnect\r\n\tLayer Run-Time ID:\t48","SourceModuleName":"eventlog","SourceName":"Microsoft-Windows-Security-Auditing","SeverityValue":2,"LayerName":"%%14611","tags":["mordorDataset"],"Channel":"Security","ProviderGuid":"{54849625-5478-4994-A5BA-3E3B0328C30D}","EventID":5156,"RecordNumber":110758,"Hostname":"WORKSTATION5.theshire.local","Category":"Filtering Platform Connection","Opcode":"Info","Protocol":"6","ProcessId":"3584","SourceModuleType":"im_msvistalog","port":53997,"Application":"\\device\\harddiskvolume2\\packages\\plugins\\microsoft.azure.networkwatcher.networkwatcheragentwindows\\1.4.1587.1\\networkwatcheragent\\networkwatcheragent.exe","EventTime":"2020-08-05 02:10:02","RemoteUserID":"S-1-0-0","SourcePort":"58270","Severity":"INFO","ExecutionProcessID":4,"SourceAddress":"172.18.39.5","OpcodeValue":0,"@timestamp":"2020-08-05T06:10:03.791Z","Task":12810,"DestPort":"80","EventType":"AUDIT_SUCCESS","EventReceivedTime":"2020-08-05 02:10:03","Direction":"%%14593","RemoteMachineID":"S-1-0-0","FilterRTID":"68779"}
{"SubjectUserSid":"S-1-5-21-3669966080-2286457517-972388166-1104","@version":"1","Keywords":-9218868437227405312,"ThreadID":5764,"Version":0,"host":"wec.internal.cloudapp.net","Message":"A privileged service was called.\r\n\r\nSubject:\r\n\tSecurity ID:\t\tS-1-5-21-3669966080-2286457517-972388166-1104\r\n\tAccount Name:\t\tpgustavo\r\n\tAccount Domain:\t\tTHESHIRE\r\n\tLogon ID:\t\t0x1FD3FC\r\n\r\nService:\r\n\tServer:\tSecurity\r\n\tService Name:\t-\r\n\r\nProcess:\r\n\tProcess ID:\t0x810\r\n\tProcess Name:\tC:\\Users\\pgustavo\\Desktop\\GruntHTTP.exe\r\n\r\nService Request Information:\r\n\tPrivileges:\t\tSeTcbPrivilege","SourceModuleName":"eventlog","SourceName":"Microsoft-Windows-Security-Auditing","SubjectLogonId":"0x1fd3fc","SeverityValue":4,"tags":["mordorDataset"],"Channel":"Security","ProviderGuid":"{54849625-5478-4994-A5BA-3E3B0328C30D}","ObjectServer":"Security","EventID":4673,"RecordNumber":110759,"Hostname":"WORKSTATION5.theshire.local","Category":"Sensitive Privilege Use","Opcode":"Info","SubjectDomainName":"THESHIRE","ProcessId":"0x810","SourceModuleType":"im_msvistalog","port":53997,"PrivilegeList":"SeTcbPrivilege","EventTime":"2020-08-05 02:10:02","Service":"-","Severity":"ERROR","ExecutionProcessID":4,"OpcodeValue":0,"@timestamp":"2020-08-05T06:10:03.791Z","Task":13056,"EventType":"AUDIT_FAILURE","SubjectUserName":"pgustavo","ProcessName":"C:\\Users\\pgustavo\\Desktop\\GruntHTTP.exe","EventReceivedTime":"2020-08-05 02:10:03"}
{"SubjectUserSid":"S-1-5-21-3669966080-2286457517-972388166-1104","@version":"1","Keywords":-9218868437227405312,"ThreadID":5764,"Version":0,"host":"wec.internal.cloudapp.net","Message":"A privileged service was called.\r\n\r\nSubject:\r\n\tSecurity ID:\t\tS-1-5-21-3669966080-2286457517-972388166-1104\r\n\tAccount Name:\t\tpgustavo\r\n\tAccount Domain:\t\tTHESHIRE\r\n\tLogon ID:\t\t0x1FD3FC\r\n\r\nService:\r\n\tServer:\tSecurity\r\n\tService Name:\t-\r\n\r\nProcess:\r\n\tProcess ID:\t0x810\r\n\tProcess Name:\tC:\\Users\\pgustavo\\Desktop\\GruntHTTP.exe\r\n\r\nService Request Information:\r\n\tPrivileges:\t\tSeTcbPrivilege","SourceModuleName":"eventlog","SourceName":"Microsoft-Windows-Security-Auditing","SubjectLogonId":"0x1fd3fc","SeverityValue":4,"tags":["mordorDataset"],"Channel":"Security","ProviderGuid":"{54849625-5478-4994-A5BA-3E3B0328C30D}","ObjectServer":"Security","EventID":4673,"RecordNumber":110760,"Hostname":"WORKSTATION5.theshire.local","Category":"Sensitive Privilege Use","Opcode":"Info","SubjectDomainName":"THESHIRE","ProcessId":"0x810","SourceModuleType":"im_msvistalog","port":53997,"PrivilegeList":"SeTcbPrivilege","EventTime":"2020-08-05 02:10:02","Service":"-","Severity":"ERROR","ExecutionProcessID":4,"OpcodeValue":0,"@timestamp":"2020-08-05T06:10:03.791Z","Task":13056,"EventType":"AUDIT_FAILURE","SubjectUserName":"pgustavo","ProcessName":"C:\\Users\\pgustavo\\Desktop\\GruntHTTP.exe","EventReceivedTime":"2020-08-05 02:10:03"}
{"@version":"1","Keywords":-9214364837600034816,"ThreadID":5764,"Version":0,"host":"wec.internal.cloudapp.net","LayerRTID":"36","Message":"The Windows Filtering Platform has permitted a bind to a local port.\r\n\r\nApplication Information:\r\n\tProcess ID:\t\t2064\r\n\tApplication Name:\t\\device\\harddiskvolume2\\users\\pgustavo\\desktop\\grunthttp.exe\r\n\r\nNetwork Information:\r\n\tSource Address:\t\t0.0.0.0\r\n\tSource Port:\t\t59695\r\n\tProtocol:\t\t6\r\n\r\nFilter Information:\r\n\tFilter Run-Time ID:\t0\r\n\tLayer Name:\t\tResource Assignment\r\n\tLayer Run-Time ID:\t36","SourceModuleName":"eventlog","SourceName":"Microsoft-Windows-Security-Auditing","SeverityValue":2,"LayerName":"%%14608","tags":["mordorDataset"],"Channel":"Security","ProviderGuid":"{54849625-5478-4994-A5BA-3E3B0328C30D}","EventID":5158,"RecordNumber":110761,"Hostname":"WORKSTATION5.theshire.local","Category":"Filtering Platform Connection","Opcode":"Info","Protocol":"6","ProcessId":"2064","SourceModuleType":"im_msvistalog","port":53997,"Application":"\\device\\harddiskvolume2\\users\\pgustavo\\desktop\\grunthttp.exe","EventTime":"2020-08-05 02:10:02","SourcePort":"59695","Severity":"INFO","ExecutionProcessID":4,"SourceAddress":"0.0.0.0","OpcodeValue":0,"@timestamp":"2020-08-05T06:10:03.791Z","Task":12810,"EventType":"AUDIT_SUCCESS","EventReceivedTime":"2020-08-05 02:10:03","FilterRTID":"0"}
{"@version":"1","Keywords":-9214364837600034816,"ThreadID":5764,"Version":1,"DestAddress":"172.18.38.5","host":"wec.internal.cloudapp.net","LayerRTID":"48","Message":"The Windows Filtering Platform has permitted a connection.\r\n\r\nApplication Information:\r\n\tProcess ID:\t\t2064\r\n\tApplication Name:\t\\device\\harddiskvolume2\\users\\pgustavo\\desktop\\grunthttp.exe\r\n\r\nNetwork Information:\r\n\tDirection:\t\tOutbound\r\n\tSource Address:\t\t172.18.39.5\r\n\tSource Port:\t\t59695\r\n\tDestination Address:\t172.18.38.5\r\n\tDestination Port:\t\t135\r\n\tProtocol:\t\t6\r\n\r\nFilter Information:\r\n\tFilter Run-Time ID:\t68775\r\n\tLayer Name:\t\tConnect\r\n\tLayer Run-Time ID:\t48","SourceModuleName":"eventlog","SourceName":"Microsoft-Windows-Security-Auditing","SeverityValue":2,"LayerName":"%%14611","tags":["mordorDataset"],"Channel":"Security","ProviderGuid":"{54849625-5478-4994-A5BA-3E3B0328C30D}","EventID":5156,"RecordNumber":110762,"Hostname":"WORKSTATION5.theshire.local","Category":"Filtering Platform Connection","Opcode":"Info","Protocol":"6","ProcessId":"2064","SourceModuleType":"im_msvistalog","port":53997,"Application":"\\device\\harddiskvolume2\\users\\pgustavo\\desktop\\grunthttp.exe","EventTime":"2020-08-05 02:10:02","RemoteUserID":"S-1-0-0","SourcePort":"59695","Severity":"INFO","ExecutionProcessID":4,"SourceAddress":"172.18.39.5","OpcodeValue":0,"@timestamp":"2020-08-05T06:10:03.791Z","Task":12810,"DestPort":"135","EventType":"AUDIT_SUCCESS","EventReceivedTime":"2020-08-05 02:10:03","Direction":"%%14593","RemoteMachineID":"S-1-0-0","FilterRTID":"68775"}
{"@version":"1","Keywords":-9214364837600034816,"ThreadID":5764,"Version":0,"host":"wec.internal.cloudapp.net","LayerRTID":"36","Message":"The Windows Filtering Platform has permitted a bind to a local port.\r\n\r\nApplication Information:\r\n\tProcess ID:\t\t2064\r\n\tApplication Name:\t\\device\\harddiskvolume2\\users\\pgustavo\\desktop\\grunthttp.exe\r\n\r\nNetwork Information:\r\n\tSource Address:\t\t0.0.0.0\r\n\tSource Port:\t\t59696\r\n\tProtocol:\t\t6\r\n\r\nFilter Information:\r\n\tFilter Run-Time ID:\t0\r\n\tLayer Name:\t\tResource Assignment\r\n\tLayer Run-Time ID:\t36","SourceModuleName":"eventlog","SourceName":"Microsoft-Windows-Security-Auditing","SeverityValue":2,"LayerName":"%%14608","tags":["mordorDataset"],"Channel":"Security","ProviderGuid":"{54849625-5478-4994-A5BA-3E3B0328C30D}","EventID":5158,"RecordNumber":110763,"Hostname":"WORKSTATION5.theshire.local","Category":"Filtering Platform Connection","Opcode":"Info","Protocol":"6","ProcessId":"2064","SourceModuleType":"im_msvistalog","port":53997,"Application":"\\device\\harddiskvolume2\\users\\pgustavo\\desktop\\grunthttp.exe","EventTime":"2020-08-05 02:10:02","SourcePort":"59696","Severity":"INFO","ExecutionProcessID":4,"SourceAddress":"0.0.0.0","OpcodeValue":0,"@timestamp":"2020-08-05T06:10:03.791Z","Task":12810,"EventType":"AUDIT_SUCCESS","EventReceivedTime":"2020-08-05 02:10:03","FilterRTID":"0"}
{"@version":"1","Keywords":-9214364837600034816,"ThreadID":5764,"Version":1,"DestAddress":"172.18.38.5","host":"wec.internal.cloudapp.net","LayerRTID":"48","Message":"The Windows Filtering Platform has permitted a connection.\r\n\r\nApplication Information:\r\n\tProcess ID:\t\t2064\r\n\tApplication Name:\t\\device\\harddiskvolume2\\users\\pgustavo\\desktop\\grunthttp.exe\r\n\r\nNetwork Information:\r\n\tDirection:\t\tOutbound\r\n\tSource Address:\t\t172.18.39.5\r\n\tSource Port:\t\t59696\r\n\tDestination Address:\t172.18.38.5\r\n\tDestination Port:\t\t49674\r\n\tProtocol:\t\t6\r\n\r\nFilter Information:\r\n\tFilter Run-Time ID:\t68775\r\n\tLayer Name:\t\tConnect\r\n\tLayer Run-Time ID:\t48","SourceModuleName":"eventlog","SourceName":"Microsoft-Windows-Security-Auditing","SeverityValue":2,"LayerName":"%%14611","tags":["mordorDataset"],"Channel":"Security","ProviderGuid":"{54849625-5478-4994-A5BA-3E3B0328C30D}","EventID":5156,"RecordNumber":110764,"Hostname":"WORKSTATION5.theshire.local","Category":"Filtering Platform Connection","Opcode":"Info","Protocol":"6","ProcessId":"2064","SourceModuleType":"im_msvistalog","port":53997,"Application":"\\device\\harddiskvolume2\\users\\pgustavo\\desktop\\grunthttp.exe","EventTime":"2020-08-05 02:10:02","RemoteUserID":"S-1-0-0","SourcePort":"59696","Severity":"INFO","ExecutionProcessID":4,"SourceAddress":"172.18.39.5","OpcodeValue":0,"@timestamp":"2020-08-05T06:10:03.791Z","Task":12810,"DestPort":"49674","EventType":"AUDIT_SUCCESS","EventReceivedTime":"2020-08-05 02:10:03","Direction":"%%14593","RemoteMachineID":"S-1-0-0","FilterRTID":"68775"}
{"@version":"1","Keywords":-9214364837600034816,"ThreadID":5764,"Version":0,"host":"wec.internal.cloudapp.net","LayerRTID":"36","Message":"The Windows Filtering Platform has permitted a bind to a local port.\r\n\r\nApplication Information:\r\n\tProcess ID:\t\t760\r\n\tApplication Name:\t\\device\\harddiskvolume2\\windows\\system32\\lsass.exe\r\n\r\nNetwork Information:\r\n\tSource Address:\t\t0.0.0.0\r\n\tSource Port:\t\t60748\r\n\tProtocol:\t\t17\r\n\r\nFilter Information:\r\n\tFilter Run-Time ID:\t0\r\n\tLayer Name:\t\tResource Assignment\r\n\tLayer Run-Time ID:\t36","SourceModuleName":"eventlog","SourceName":"Microsoft-Windows-Security-Auditing","SeverityValue":2,"LayerName":"%%14608","tags":["mordorDataset"],"Channel":"Security","ProviderGuid":"{54849625-5478-4994-A5BA-3E3B0328C30D}","EventID":5158,"RecordNumber":110765,"Hostname":"WORKSTATION5.theshire.local","Category":"Filtering Platform Connection","Opcode":"Info","Protocol":"17","ProcessId":"760","SourceModuleType":"im_msvistalog","port":53997,"Application":"\\device\\harddiskvolume2\\windows\\system32\\lsass.exe","EventTime":"2020-08-05 02:10:02","SourcePort":"60748","Severity":"INFO","ExecutionProcessID":4,"SourceAddress":"0.0.0.0","OpcodeValue":0,"@timestamp":"2020-08-05T06:10:03.792Z","Task":12810,"EventType":"AUDIT_SUCCESS","EventReceivedTime":"2020-08-05 02:10:03","FilterRTID":"0"}
{"@version":"1","Keywords":-9214364837600034816,"ThreadID":5764,"Version":1,"DestAddress":"172.18.38.5","host":"wec.internal.cloudapp.net","LayerRTID":"48","Message":"The Windows Filtering Platform has permitted a connection.\r\n\r\nApplication Information:\r\n\tProcess ID:\t\t760\r\n\tApplication Name:\t\\device\\harddiskvolume2\\windows\\system32\\lsass.exe\r\n\r\nNetwork Information:\r\n\tDirection:\t\tOutbound\r\n\tSource Address:\t\t172.18.39.5\r\n\tSource Port:\t\t60748\r\n\tDestination Address:\t172.18.38.5\r\n\tDestination Port:\t\t389\r\n\tProtocol:\t\t17\r\n\r\nFilter Information:\r\n\tFilter Run-Time ID:\t68775\r\n\tLayer Name:\t\tConnect\r\n\tLayer Run-Time ID:\t48","SourceModuleName":"eventlog","SourceName":"Microsoft-Windows-Security-Auditing","SeverityValue":2,"LayerName":"%%14611","tags":["mordorDataset"],"Channel":"Security","ProviderGuid":"{54849625-5478-4994-A5BA-3E3B0328C30D}","EventID":5156,"RecordNumber":110766,"Hostname":"WORKSTATION5.theshire.local","Category":"Filtering Platform Connection","Opcode":"Info","Protocol":"17","ProcessId":"760","SourceModuleType":"im_msvistalog","port":53997,"Application":"\\device\\harddiskvolume2\\windows\\system32\\lsass.exe","EventTime":"2020-08-05 02:10:02","RemoteUserID":"S-1-0-0","SourcePort":"60748","Severity":"INFO","ExecutionProcessID":4,"SourceAddress":"172.18.39.5","OpcodeValue":0,"@timestamp":"2020-08-05T06:10:03.792Z","Task":12810,"DestPort":"389","EventType":"AUDIT_SUCCESS","EventReceivedTime":"2020-08-05 02:10:03","Direction":"%%14593","RemoteMachineID":"S-1-0-0","FilterRTID":"68775"}
