{"SubjectLogonId":"0x3e7","@version":"1","EventType":"AUDIT_SUCCESS","Version":0,"ThreadID":96,"EventTime":"2020-08-06 03:20:07","Task":12801,"Channel":"Security","SourceName":"Microsoft-Windows-Security-Auditing","OpcodeValue":0,"Hostname":"MORDORDC.theshire.local","@timestamp":"2020-08-06T07:20:08.913Z","Message":"The handle to an object was closed.\r\n\r\nSubject :\r\n\tSecurity ID:\t\tS-1-5-18\r\n\tAccount Name:\t\tMORDORDC$\r\n\tAccount Domain:\t\tTHESHIRE\r\n\tLogon ID:\t\t0x3E7\r\n\r\nObject:\r\n\tObject Server:\t\tSecurity\r\n\tHandle ID:\t\t0x98\r\n\r\nProcess Information:\r\n\tProcess ID:\t\t0x1918\r\n\tProcess Name:\t\tC:\\WindowsAzure\\Packages\\CollectGuestLogs.exe","Category":"Registry","Opcode":"Info","SubjectDomainName":"THESHIRE","SourceModuleName":"eventlog","ProcessId":"0x1918","EventReceivedTime":"2020-08-06 03:20:08","port":60122,"ExecutionProcessID":4,"ProcessName":"C:\\WindowsAzure\\Packages\\CollectGuestLogs.exe","ObjectServer":"Security","host":"wec.internal.cloudapp.net","SubjectUserSid":"S-1-5-18","SubjectUserName":"MORDORDC$","HandleId":"0x98","Severity":"INFO","SeverityValue":2,"EventID":4658,"ProviderGuid":"{54849625-5478-4994-A5BA-3E3B0328C30D}","RecordNumber":325189,"SourceModuleType":"im_msvistalog","Keywords":-9214364837600034816,"tags":["mordorDataset"]}
{"@version":"1","EventType":"INFO","AccountType":"User","ThreadID":4208,"Channel":"Microsoft-Windows-Sysmon/Operational","OpcodeValue":0,"OriginalFileName":"PROFAPI.DLL","Hostname":"MORDORDC.theshire.local","@timestamp":"2020-08-06T07:20:08.913Z","ProcessId":"5888","Signed":"true","host":"wec.internal.cloudapp.net","SignatureStatus":"Valid","Severity":"INFO","SeverityValue":2,"Image":"C:\\Windows\\System32\\conhost.exe","SourceModuleType":"im_msvistalog","FileVersion":"10.0.17763.1075 (WinBuild.160101.0800)","Version":3,"Company":"Microsoft Corporation","EventTime":"2020-08-06 03:20:07","Task":7,"Signature":"Microsoft Windows","SourceName":"Microsoft-Windows-Sysmon","Message":"Image loaded:\r\nRuleName: -\r\nUtcTime: 2020-08-06 07:20:07.649\r\nProcessGuid: {9f85ce58-af27-5f2b-1c04-000000000400}\r\nProcessId: 5888\r\nImage: C:\\Windows\\System32\\conhost.exe\r\nImageLoaded: C:\\Windows\\System32\\profapi.dll\r\nFileVersion: 10.0.17763.1075 (WinBuild.160101.0800)\r\nDescription: User Profile Basic API\r\nProduct: Microsoft® Windows® Operating System\r\nCompany: Microsoft Corporation\r\nOriginalFileName: PROFAPI.DLL\r\nHashes: SHA1=68AC0610545601E8C14D52A96ECF48CD3EC0C786,MD5=21D8C6FFC3A71BDE52E56C78BA1C8715,SHA256=6829C5F86E660ED95BBA8AB85E5D1B8BDDBEE69DC4FD3BD2992523775C29C022,IMPHASH=CF0269950BAC18763D80F408325FFF86\r\nSigned: true\r\nSignature: Microsoft Windows\r\nSignatureStatus: Valid","SourceModuleName":"eventlog","ImageLoaded":"C:\\Windows\\System32\\profapi.dll","EventReceivedTime":"2020-08-06 03:20:08","port":60122,"AccountName":"SYSTEM","UtcTime":"2020-08-06 07:20:07.649","Domain":"NT AUTHORITY","ExecutionProcessID":3888,"Hashes":"SHA1=68AC0610545601E8C14D52A96ECF48CD3EC0C786,MD5=21D8C6FFC3A71BDE52E56C78BA1C8715,SHA256=6829C5F86E660ED95BBA8AB85E5D1B8BDDBEE69DC4FD3BD2992523775C29C022,IMPHASH=CF0269950BAC18763D80F408325FFF86","Description":"User Profile Basic API","UserID":"S-1-5-18","EventID":7,"Product":"Microsoft® Windows® Operating System","ProviderGuid":"{5770385F-C22A-43E0-BF4C-06F5698FFBD9}","RecordNumber":280820,"Keywords":-9223372036854775808,"ProcessGuid":"{9f85ce58-af27-5f2b-1c04-000000000400}","tags":["mordorDataset"],"RuleName":"-"}
{"SubjectLogonId":"0x3e7","@version":"1","EventType":"AUDIT_SUCCESS","SourceHandleId":"0x98","Version":0,"ThreadID":96,"EventTime":"2020-08-06 03:20:07","Task":12807,"Channel":"Security","SourceName":"Microsoft-Windows-Security-Auditing","OpcodeValue":0,"Hostname":"MORDORDC.theshire.local","@timestamp":"2020-08-06T07:20:08.913Z","Message":"An attempt was made to duplicate a handle to an object.\r\n\r\nSubject:\r\n\tSecurity ID:\t\tS-1-5-18\r\n\tAccount Name:\t\tMORDORDC$\r\n\tAccount Domain:\t\tTHESHIRE\r\n\tLogon ID:\t\t0x3E7\r\n\r\nSource Handle Information:\r\n\tSource Handle ID:\t0x98\r\n\tSource Process ID:\t0x1918\r\n\r\nNew Handle Information:\r\n\tTarget Handle ID:\t0x2288\r\n\tTarget Process ID:\t0x4","Category":"Handle Manipulation","Opcode":"Info","SubjectDomainName":"THESHIRE","SourceModuleName":"eventlog","ProcessId":"0x1918","EventReceivedTime":"2020-08-06 03:20:08","port":60122,"ExecutionProcessID":4,"host":"wec.internal.cloudapp.net","SubjectUserSid":"S-1-5-18","SubjectUserName":"MORDORDC$","SourceProcessId":"0x1918","Severity":"INFO","TargetProcessId":"0x4","SeverityValue":2,"EventID":4690,"TargetHandleId":"0x2288","ProviderGuid":"{54849625-5478-4994-A5BA-3E3B0328C30D}","RecordNumber":325190,"SourceModuleType":"im_msvistalog","Keywords":-9214364837600034816,"tags":["mordorDataset"]}
{"@version":"1","EventType":"INFO","AccountType":"User","ThreadID":4208,"Channel":"Microsoft-Windows-Sysmon/Operational","OpcodeValue":0,"OriginalFileName":"POWRPROF.DLL","Hostname":"MORDORDC.theshire.local","@timestamp":"2020-08-06T07:20:08.913Z","ProcessId":"5888","Signed":"true","host":"wec.internal.cloudapp.net","SignatureStatus":"Valid","Severity":"INFO","SeverityValue":2,"Image":"C:\\Windows\\System32\\conhost.exe","SourceModuleType":"im_msvistalog","FileVersion":"10.0.17763.1 (WinBuild.160101.0800)","Version":3,"Company":"Microsoft Corporation","EventTime":"2020-08-06 03:20:07","Task":7,"Signature":"Microsoft Windows","SourceName":"Microsoft-Windows-Sysmon","Message":"Image loaded:\r\nRuleName: -\r\nUtcTime: 2020-08-06 07:20:07.649\r\nProcessGuid: {9f85ce58-af27-5f2b-1c04-000000000400}\r\nProcessId: 5888\r\nImage: C:\\Windows\\System32\\conhost.exe\r\nImageLoaded: C:\\Windows\\System32\\powrprof.dll\r\nFileVersion: 10.0.17763.1 (WinBuild.160101.0800)\r\nDescription: Power Profile Helper DLL\r\nProduct: Microsoft® Windows® Operating System\r\nCompany: Microsoft Corporation\r\nOriginalFileName: POWRPROF.DLL\r\nHashes: SHA1=C6BE4DBBF31A2FD2A91FDA8DA0F7ED65B413D31A,MD5=082136DC077FAD6C3D1ED64BF46888A6,SHA256=F9C97CFFAB7D3A61175F902CF0062CA945BC8CECFC825BF3B6096864855D43D9,IMPHASH=C33D8F3C33B19248E2D15B613C123D7B\r\nSigned: true\r\nSignature: Microsoft Windows\r\nSignatureStatus: Valid","SourceModuleName":"eventlog","ImageLoaded":"C:\\Windows\\System32\\powrprof.dll","EventReceivedTime":"2020-08-06 03:20:08","port":60122,"AccountName":"SYSTEM","UtcTime":"2020-08-06 07:20:07.649","Domain":"NT AUTHORITY","ExecutionProcessID":3888,"Hashes":"SHA1=C6BE4DBBF31A2FD2A91FDA8DA0F7ED65B413D31A,MD5=082136DC077FAD6C3D1ED64BF46888A6,SHA256=F9C97CFFAB7D3A61175F902CF0062CA945BC8CECFC825BF3B6096864855D43D9,IMPHASH=C33D8F3C33B19248E2D15B613C123D7B","Description":"Power Profile Helper DLL","UserID":"S-1-5-18","EventID":7,"Product":"Microsoft® Windows® Operating System","ProviderGuid":"{5770385F-C22A-43E0-BF4C-06F5698FFBD9}","RecordNumber":280821,"Keywords":-9223372036854775808,"ProcessGuid":"{9f85ce58-af27-5f2b-1c04-000000000400}","tags":["mordorDataset"],"RuleName":"-"}
{"SubjectLogonId":"0x3e7","@version":"1","EventType":"AUDIT_SUCCESS","Version":0,"ThreadID":96,"EventTime":"2020-08-06 03:20:07","Task":12801,"Channel":"Security","SourceName":"Microsoft-Windows-Security-Auditing","OpcodeValue":0,"Hostname":"MORDORDC.theshire.local","@timestamp":"2020-08-06T07:20:08.914Z","Message":"The handle to an object was closed.\r\n\r\nSubject :\r\n\tSecurity ID:\t\tS-1-5-18\r\n\tAccount Name:\t\tMORDORDC$\r\n\tAccount Domain:\t\tTHESHIRE\r\n\tLogon ID:\t\t0x3E7\r\n\r\nObject:\r\n\tObject Server:\t\tSecurity\r\n\tHandle ID:\t\t0x2288\r\n\r\nProcess Information:\r\n\tProcess ID:\t\t0x1918\r\n\tProcess Name:\t\tC:\\WindowsAzure\\Packages\\CollectGuestLogs.exe","Category":"Registry","Opcode":"Info","SubjectDomainName":"THESHIRE","SourceModuleName":"eventlog","ProcessId":"0x1918","EventReceivedTime":"2020-08-06 03:20:08","port":60122,"ExecutionProcessID":4,"ProcessName":"C:\\WindowsAzure\\Packages\\CollectGuestLogs.exe","ObjectServer":"Security","host":"wec.internal.cloudapp.net","SubjectUserSid":"S-1-5-18","SubjectUserName":"MORDORDC$","HandleId":"0x2288","Severity":"INFO","SeverityValue":2,"EventID":4658,"ProviderGuid":"{54849625-5478-4994-A5BA-3E3B0328C30D}","RecordNumber":325191,"SourceModuleType":"im_msvistalog","Keywords":-9214364837600034816,"tags":["mordorDataset"]}
{"@version":"1","EventType":"INFO","AccountType":"User","ThreadID":4208,"Channel":"Microsoft-Windows-Sysmon/Operational","OpcodeValue":0,"OriginalFileName":"SHLWAPI.DLL","Hostname":"MORDORDC.theshire.local","@timestamp":"2020-08-06T07:20:08.914Z","ProcessId":"5888","Signed":"true","host":"wec.internal.cloudapp.net","SignatureStatus":"Valid","Severity":"INFO","SeverityValue":2,"Image":"C:\\Windows\\System32\\conhost.exe","SourceModuleType":"im_msvistalog","FileVersion":"10.0.17763.1 (WinBuild.160101.0800)","Version":3,"Company":"Microsoft Corporation","EventTime":"2020-08-06 03:20:07","Task":7,"Signature":"Microsoft Windows","SourceName":"Microsoft-Windows-Sysmon","Message":"Image loaded:\r\nRuleName: -\r\nUtcTime: 2020-08-06 07:20:07.649\r\nProcessGuid: {9f85ce58-af27-5f2b-1c04-000000000400}\r\nProcessId: 5888\r\nImage: C:\\Windows\\System32\\conhost.exe\r\nImageLoaded: C:\\Windows\\System32\\shlwapi.dll\r\nFileVersion: 10.0.17763.1 (WinBuild.160101.0800)\r\nDescription: Shell Light-weight Utility Library\r\nProduct: Microsoft® Windows® Operating System\r\nCompany: Microsoft Corporation\r\nOriginalFileName: SHLWAPI.DLL\r\nHashes: SHA1=85FDBDC375DF5136A3854C5446CDD846F139ECE7,MD5=ECA7D40680C32FD41FB7A1B30AA5E114,SHA256=F9BA12ACCE850AFFC6C9F1EC81568A57DE50C0B7317B4C4C3955A0CA8F707B25,IMPHASH=6659A49ABF33952444C5A7FA22FD9032\r\nSigned: true\r\nSignature: Microsoft Windows\r\nSignatureStatus: Valid","SourceModuleName":"eventlog","ImageLoaded":"C:\\Windows\\System32\\shlwapi.dll","EventReceivedTime":"2020-08-06 03:20:08","port":60122,"AccountName":"SYSTEM","UtcTime":"2020-08-06 07:20:07.649","Domain":"NT AUTHORITY","ExecutionProcessID":3888,"Hashes":"SHA1=85FDBDC375DF5136A3854C5446CDD846F139ECE7,MD5=ECA7D40680C32FD41FB7A1B30AA5E114,SHA256=F9BA12ACCE850AFFC6C9F1EC81568A57DE50C0B7317B4C4C3955A0CA8F707B25,IMPHASH=6659A49ABF33952444C5A7FA22FD9032","Description":"Shell Light-weight Utility Library","UserID":"S-1-5-18","EventID":7,"Product":"Microsoft® Windows® Operating System","ProviderGuid":"{5770385F-C22A-43E0-BF4C-06F5698FFBD9}","RecordNumber":280822,"Keywords":-9223372036854775808,"ProcessGuid":"{9f85ce58-af27-5f2b-1c04-000000000400}","tags":["mordorDataset"],"RuleName":"-"}
{"@version":"1","EventType":"AUDIT_SUCCESS","ThreadID":96,"ObjectName":"\\REGISTRY\\MACHINE\\SOFTWARE\\Microsoft\\.NETFramework","ObjectType":"Key","Channel":"Security","OpcodeValue":0,"SubjectDomainName":"THESHIRE","Hostname":"MORDORDC.theshire.local","@timestamp":"2020-08-06T07:20:08.914Z","Category":"Registry","AccessMask":"0x20019","ProcessId":"0x1918","AccessList":"%%1538\r\n\t\t\t\t%%4432\r\n\t\t\t\t%%4435\r\n\t\t\t\t%%4436\r\n\t\t\t\t","ProcessName":"C:\\WindowsAzure\\Packages\\CollectGuestLogs.exe","ResourceAttributes":"-","host":"wec.internal.cloudapp.net","SubjectUserName":"MORDORDC$","Severity":"INFO","SeverityValue":2,"SourceModuleType":"im_msvistalog","TransactionId":"{00000000-0000-0000-0000-000000000000}","SubjectLogonId":"0x3e7","Version":1,"EventTime":"2020-08-06 03:20:07","Task":12801,"AccessReason":"-","PrivilegeList":"-","SourceName":"Microsoft-Windows-Security-Auditing","Opcode":"Info","Message":"A handle to an object was requested.\r\n\r\nSubject:\r\n\tSecurity ID:\t\tS-1-5-18\r\n\tAccount Name:\t\tMORDORDC$\r\n\tAccount Domain:\t\tTHESHIRE\r\n\tLogon ID:\t\t0x3E7\r\n\r\nObject:\r\n\tObject Server:\t\tSecurity\r\n\tObject Type:\t\tKey\r\n\tObject Name:\t\t\\REGISTRY\\MACHINE\\SOFTWARE\\Microsoft\\.NETFramework\r\n\tHandle ID:\t\t0x98\r\n\tResource Attributes:\t-\r\n\r\nProcess Information:\r\n\tProcess ID:\t\t0x1918\r\n\tProcess Name:\t\tC:\\WindowsAzure\\Packages\\CollectGuestLogs.exe\r\n\r\nAccess Request Information:\r\n\tTransaction ID:\t\t{00000000-0000-0000-0000-000000000000}\r\n\tAccesses:\t\tREAD_CONTROL\r\n\t\t\t\tQuery key value\r\n\t\t\t\tEnumerate sub-keys\r\n\t\t\t\tNotify about changes to keys\r\n\t\t\t\t\r\n\tAccess Reasons:\t\t-\r\n\tAccess Mask:\t\t0x20019\r\n\tPrivileges Used for Access Check:\t-\r\n\tRestricted SID Count:\t0","SourceModuleName":"eventlog","EventReceivedTime":"2020-08-06 03:20:08","port":60122,"RestrictedSidCount":"0","ExecutionProcessID":4,"ObjectServer":"Security","SubjectUserSid":"S-1-5-18","HandleId":"0x98","EventID":4656,"ProviderGuid":"{54849625-5478-4994-A5BA-3E3B0328C30D}","RecordNumber":325192,"Keywords":-9214364837600034816,"tags":["mordorDataset"]}
{"@version":"1","EventType":"INFO","AccountType":"User","ThreadID":4208,"Channel":"Microsoft-Windows-Sysmon/Operational","OpcodeValue":0,"OriginalFileName":"kernel.appcore.dll","Hostname":"MORDORDC.theshire.local","@timestamp":"2020-08-06T07:20:08.915Z","ProcessId":"5888","Signed":"true","host":"wec.internal.cloudapp.net","SignatureStatus":"Valid","Severity":"INFO","SeverityValue":2,"Image":"C:\\Windows\\System32\\conhost.exe","SourceModuleType":"im_msvistalog","FileVersion":"10.0.17763.1 (WinBuild.160101.0800)","Version":3,"Company":"Microsoft Corporation","EventTime":"2020-08-06 03:20:07","Task":7,"Signature":"Microsoft Windows","SourceName":"Microsoft-Windows-Sysmon","Message":"Image loaded:\r\nRuleName: -\r\nUtcTime: 2020-08-06 07:20:07.649\r\nProcessGuid: {9f85ce58-af27-5f2b-1c04-000000000400}\r\nProcessId: 5888\r\nImage: C:\\Windows\\System32\\conhost.exe\r\nImageLoaded: C:\\Windows\\System32\\kernel.appcore.dll\r\nFileVersion: 10.0.17763.1 (WinBuild.160101.0800)\r\nDescription: AppModel API Host\r\nProduct: Microsoft® Windows® Operating System\r\nCompany: Microsoft Corporation\r\nOriginalFileName: kernel.appcore.dll\r\nHashes: SHA1=564655189DEE96750D04CD9E05DE1237AB30F49C,MD5=56753185D301D7718470A4ADF780395B,SHA256=CA954AC516F91F28301378214335FF808D0E9331018A6474DFAA25D18D0FD6A8,IMPHASH=D8EB7D9EDA6379E4A8781259443BCF22\r\nSigned: true\r\nSignature: Microsoft Windows\r\nSignatureStatus: Valid","SourceModuleName":"eventlog","ImageLoaded":"C:\\Windows\\System32\\kernel.appcore.dll","EventReceivedTime":"2020-08-06 03:20:08","port":60122,"AccountName":"SYSTEM","UtcTime":"2020-08-06 07:20:07.649","Domain":"NT AUTHORITY","ExecutionProcessID":3888,"Hashes":"SHA1=564655189DEE96750D04CD9E05DE1237AB30F49C,MD5=56753185D301D7718470A4ADF780395B,SHA256=CA954AC516F91F28301378214335FF808D0E9331018A6474DFAA25D18D0FD6A8,IMPHASH=D8EB7D9EDA6379E4A8781259443BCF22","Description":"AppModel API Host","UserID":"S-1-5-18","EventID":7,"Product":"Microsoft® Windows® Operating System","ProviderGuid":"{5770385F-C22A-43E0-BF4C-06F5698FFBD9}","RecordNumber":280823,"Keywords":-9223372036854775808,"ProcessGuid":"{9f85ce58-af27-5f2b-1c04-000000000400}","tags":["mordorDataset"],"RuleName":"-"}
{"SubjectLogonId":"0x3e7","@version":"1","EventType":"AUDIT_SUCCESS","Version":0,"ThreadID":96,"EventTime":"2020-08-06 03:20:07","Task":12801,"Channel":"Security","SourceName":"Microsoft-Windows-Security-Auditing","OpcodeValue":0,"Hostname":"MORDORDC.theshire.local","@timestamp":"2020-08-06T07:20:08.915Z","Message":"The handle to an object was closed.\r\n\r\nSubject :\r\n\tSecurity ID:\t\tS-1-5-18\r\n\tAccount Name:\t\tMORDORDC$\r\n\tAccount Domain:\t\tTHESHIRE\r\n\tLogon ID:\t\t0x3E7\r\n\r\nObject:\r\n\tObject Server:\t\tSecurity\r\n\tHandle ID:\t\t0x98\r\n\r\nProcess Information:\r\n\tProcess ID:\t\t0x1918\r\n\tProcess Name:\t\tC:\\WindowsAzure\\Packages\\CollectGuestLogs.exe","Category":"Registry","Opcode":"Info","SubjectDomainName":"THESHIRE","SourceModuleName":"eventlog","ProcessId":"0x1918","EventReceivedTime":"2020-08-06 03:20:08","port":60122,"ExecutionProcessID":4,"ProcessName":"C:\\WindowsAzure\\Packages\\CollectGuestLogs.exe","ObjectServer":"Security","host":"wec.internal.cloudapp.net","SubjectUserSid":"S-1-5-18","SubjectUserName":"MORDORDC$","HandleId":"0x98","Severity":"INFO","SeverityValue":2,"EventID":4658,"ProviderGuid":"{54849625-5478-4994-A5BA-3E3B0328C30D}","RecordNumber":325193,"SourceModuleType":"im_msvistalog","Keywords":-9214364837600034816,"tags":["mordorDataset"]}
{"@version":"1","EventType":"INFO","AccountType":"User","ThreadID":4208,"Channel":"Microsoft-Windows-Sysmon/Operational","OpcodeValue":0,"OriginalFileName":"cryptsp.dll","Hostname":"MORDORDC.theshire.local","@timestamp":"2020-08-06T07:20:08.915Z","ProcessId":"5888","Signed":"true","host":"wec.internal.cloudapp.net","SignatureStatus":"Valid","Severity":"INFO","SeverityValue":2,"Image":"C:\\Windows\\System32\\conhost.exe","SourceModuleType":"im_msvistalog","FileVersion":"10.0.17763.1 (WinBuild.160101.0800)","Version":3,"Company":"Microsoft Corporation","EventTime":"2020-08-06 03:20:07","Task":7,"Signature":"Microsoft Windows","SourceName":"Microsoft-Windows-Sysmon","Message":"Image loaded:\r\nRuleName: -\r\nUtcTime: 2020-08-06 07:20:07.649\r\nProcessGuid: {9f85ce58-af27-5f2b-1c04-000000000400}\r\nProcessId: 5888\r\nImage: C:\\Windows\\System32\\conhost.exe\r\nImageLoaded: C:\\Windows\\System32\\cryptsp.dll\r\nFileVersion: 10.0.17763.1 (WinBuild.160101.0800)\r\nDescription: Cryptographic Service Provider API\r\nProduct: Microsoft® Windows® Operating System\r\nCompany: Microsoft Corporation\r\nOriginalFileName: cryptsp.dll\r\nHashes: SHA1=0404FAD85C37A9D623ABF77AE9FA2AD4E38DCF38,MD5=F90316FE094F4AB2FEF98CA624A04654,SHA256=78D6A1CD068F5DE2A3DE7F83A975667FA332AA65EC59DD5991CEA1D021BD47C5,IMPHASH=A9B9D04D0B53DC48ABB37BE77AD01B55\r\nSigned: true\r\nSignature: Microsoft Windows\r\nSignatureStatus: Valid","SourceModuleName":"eventlog","ImageLoaded":"C:\\Windows\\System32\\cryptsp.dll","EventReceivedTime":"2020-08-06 03:20:08","port":60122,"AccountName":"SYSTEM","UtcTime":"2020-08-06 07:20:07.649","Domain":"NT AUTHORITY","ExecutionProcessID":3888,"Hashes":"SHA1=0404FAD85C37A9D623ABF77AE9FA2AD4E38DCF38,MD5=F90316FE094F4AB2FEF98CA624A04654,SHA256=78D6A1CD068F5DE2A3DE7F83A975667FA332AA65EC59DD5991CEA1D021BD47C5,IMPHASH=A9B9D04D0B53DC48ABB37BE77AD01B55","Description":"Cryptographic Service Provider API","UserID":"S-1-5-18","EventID":7,"Product":"Microsoft® Windows® Operating System","ProviderGuid":"{5770385F-C22A-43E0-BF4C-06F5698FFBD9}","RecordNumber":280824,"Keywords":-9223372036854775808,"ProcessGuid":"{9f85ce58-af27-5f2b-1c04-000000000400}","tags":["mordorDataset"],"RuleName":"-"}
{"SubjectLogonId":"0x3e7","@version":"1","EventType":"AUDIT_SUCCESS","SourceHandleId":"0x9c","Version":0,"ThreadID":96,"EventTime":"2020-08-06 03:20:07","Task":12807,"Channel":"Security","SourceName":"Microsoft-Windows-Security-Auditing","OpcodeValue":0,"Hostname":"MORDORDC.theshire.local","@timestamp":"2020-08-06T07:20:08.916Z","Message":"An attempt was made to duplicate a handle to an object.\r\n\r\nSubject:\r\n\tSecurity ID:\t\tS-1-5-18\r\n\tAccount Name:\t\tMORDORDC$\r\n\tAccount Domain:\t\tTHESHIRE\r\n\tLogon ID:\t\t0x3E7\r\n\r\nSource Handle Information:\r\n\tSource Handle ID:\t0x9c\r\n\tSource Process ID:\t0x1918\r\n\r\nNew Handle Information:\r\n\tTarget Handle ID:\t0x2288\r\n\tTarget Process ID:\t0x4","Category":"Handle Manipulation","Opcode":"Info","SubjectDomainName":"THESHIRE","SourceModuleName":"eventlog","ProcessId":"0x1918","EventReceivedTime":"2020-08-06 03:20:08","port":60122,"ExecutionProcessID":4,"host":"wec.internal.cloudapp.net","SubjectUserSid":"S-1-5-18","SubjectUserName":"MORDORDC$","SourceProcessId":"0x1918","Severity":"INFO","TargetProcessId":"0x4","SeverityValue":2,"EventID":4690,"TargetHandleId":"0x2288","ProviderGuid":"{54849625-5478-4994-A5BA-3E3B0328C30D}","RecordNumber":325194,"SourceModuleType":"im_msvistalog","Keywords":-9214364837600034816,"tags":["mordorDataset"]}
{"@version":"1","EventType":"INFO","AccountType":"User","ThreadID":4208,"Channel":"Microsoft-Windows-Sysmon/Operational","OpcodeValue":0,"OriginalFileName":"CLBCATQ.DLL","Hostname":"MORDORDC.theshire.local","@timestamp":"2020-08-06T07:20:08.916Z","ProcessId":"5888","Signed":"true","host":"wec.internal.cloudapp.net","SignatureStatus":"Valid","Severity":"INFO","SeverityValue":2,"Image":"C:\\Windows\\System32\\conhost.exe","SourceModuleType":"im_msvistalog","FileVersion":"2001.12.10941.16384 (WinBuild.160101.0800)","Version":3,"Company":"Microsoft Corporation","EventTime":"2020-08-06 03:20:07","Task":7,"Signature":"Microsoft Windows","SourceName":"Microsoft-Windows-Sysmon","Message":"Image loaded:\r\nRuleName: -\r\nUtcTime: 2020-08-06 07:20:07.665\r\nProcessGuid: {9f85ce58-af27-5f2b-1c04-000000000400}\r\nProcessId: 5888\r\nImage: C:\\Windows\\System32\\conhost.exe\r\nImageLoaded: C:\\Windows\\System32\\clbcatq.dll\r\nFileVersion: 2001.12.10941.16384 (WinBuild.160101.0800)\r\nDescription: COM+ Configuration Catalog\r\nProduct: Microsoft® Windows® Operating System\r\nCompany: Microsoft Corporation\r\nOriginalFileName: CLBCATQ.DLL\r\nHashes: SHA1=55EF35D19CEEBB6D38BD788FF7D29438478E93C9,MD5=12112113BDFAF0CC03517604440217D5,SHA256=C5D4F3DFA14DEABD6A845E6F0B04C39A9A539C1A4D6C71B25943EB9BF9C9A3F5,IMPHASH=3773D947C51AA49608827241D89C54A6\r\nSigned: true\r\nSignature: Microsoft Windows\r\nSignatureStatus: Valid","SourceModuleName":"eventlog","ImageLoaded":"C:\\Windows\\System32\\clbcatq.dll","EventReceivedTime":"2020-08-06 03:20:08","port":60122,"AccountName":"SYSTEM","UtcTime":"2020-08-06 07:20:07.665","Domain":"NT AUTHORITY","ExecutionProcessID":3888,"Hashes":"SHA1=55EF35D19CEEBB6D38BD788FF7D29438478E93C9,MD5=12112113BDFAF0CC03517604440217D5,SHA256=C5D4F3DFA14DEABD6A845E6F0B04C39A9A539C1A4D6C71B25943EB9BF9C9A3F5,IMPHASH=3773D947C51AA49608827241D89C54A6","Description":"COM+ Configuration Catalog","UserID":"S-1-5-18","EventID":7,"Product":"Microsoft® Windows® Operating System","ProviderGuid":"{5770385F-C22A-43E0-BF4C-06F5698FFBD9}","RecordNumber":280825,"Keywords":-9223372036854775808,"ProcessGuid":"{9f85ce58-af27-5f2b-1c04-000000000400}","tags":["mordorDataset"],"RuleName":"-"}
{"SubjectLogonId":"0x3e7","@version":"1","EventType":"AUDIT_SUCCESS","Version":0,"ThreadID":96,"EventTime":"2020-08-06 03:20:07","Task":12801,"Channel":"Security","SourceName":"Microsoft-Windows-Security-Auditing","OpcodeValue":0,"Hostname":"MORDORDC.theshire.local","@timestamp":"2020-08-06T07:20:08.916Z","Message":"The handle to an object was closed.\r\n\r\nSubject :\r\n\tSecurity ID:\t\tS-1-5-18\r\n\tAccount Name:\t\tMORDORDC$\r\n\tAccount Domain:\t\tTHESHIRE\r\n\tLogon ID:\t\t0x3E7\r\n\r\nObject:\r\n\tObject Server:\t\tSecurity\r\n\tHandle ID:\t\t0x2288\r\n\r\nProcess Information:\r\n\tProcess ID:\t\t0x1918\r\n\tProcess Name:\t\tC:\\WindowsAzure\\Packages\\CollectGuestLogs.exe","Category":"Registry","Opcode":"Info","SubjectDomainName":"THESHIRE","SourceModuleName":"eventlog","ProcessId":"0x1918","EventReceivedTime":"2020-08-06 03:20:08","port":60122,"ExecutionProcessID":4,"ProcessName":"C:\\WindowsAzure\\Packages\\CollectGuestLogs.exe","ObjectServer":"Security","host":"wec.internal.cloudapp.net","SubjectUserSid":"S-1-5-18","SubjectUserName":"MORDORDC$","HandleId":"0x2288","Severity":"INFO","SeverityValue":2,"EventID":4658,"ProviderGuid":"{54849625-5478-4994-A5BA-3E3B0328C30D}","RecordNumber":325195,"SourceModuleType":"im_msvistalog","Keywords":-9214364837600034816,"tags":["mordorDataset"]}
{"@version":"1","EventType":"INFO","AccountType":"User","ThreadID":4208,"Channel":"Microsoft-Windows-Sysmon/Operational","OpcodeValue":0,"OriginalFileName":"MSCTF.DLL","Hostname":"MORDORDC.theshire.local","@timestamp":"2020-08-06T07:20:08.916Z","ProcessId":"5888","Signed":"true","host":"wec.internal.cloudapp.net","SignatureStatus":"Valid","Severity":"INFO","SeverityValue":2,"Image":"C:\\Windows\\System32\\conhost.exe","SourceModuleType":"im_msvistalog","FileVersion":"10.0.17763.1282 (WinBuild.160101.0800)","Version":3,"Company":"Microsoft Corporation","EventTime":"2020-08-06 03:20:07","Task":7,"Signature":"Microsoft Windows","SourceName":"Microsoft-Windows-Sysmon","Message":"Image loaded:\r\nRuleName: -\r\nUtcTime: 2020-08-06 07:20:07.665\r\nProcessGuid: {9f85ce58-af27-5f2b-1c04-000000000400}\r\nProcessId: 5888\r\nImage: C:\\Windows\\System32\\conhost.exe\r\nImageLoaded: C:\\Windows\\System32\\msctf.dll\r\nFileVersion: 10.0.17763.1282 (WinBuild.160101.0800)\r\nDescription: MSCTF Server DLL\r\nProduct: Microsoft® Windows® Operating System\r\nCompany: Microsoft Corporation\r\nOriginalFileName: MSCTF.DLL\r\nHashes: SHA1=36653BCD96D09053710DBF9F84B661B9C2F2EEB0,MD5=78FD78B02FDB9B9C8007C10AE2F3D5B6,SHA256=74DC6EEA5CC80597231ADE05B652E09C1075FA5F9BA7B6211C0C28420C0A1BCE,IMPHASH=20E06BBE5062315A20CB56B09CDED2F3\r\nSigned: true\r\nSignature: Microsoft Windows\r\nSignatureStatus: Valid","SourceModuleName":"eventlog","ImageLoaded":"C:\\Windows\\System32\\msctf.dll","EventReceivedTime":"2020-08-06 03:20:08","port":60122,"AccountName":"SYSTEM","UtcTime":"2020-08-06 07:20:07.665","Domain":"NT AUTHORITY","ExecutionProcessID":3888,"Hashes":"SHA1=36653BCD96D09053710DBF9F84B661B9C2F2EEB0,MD5=78FD78B02FDB9B9C8007C10AE2F3D5B6,SHA256=74DC6EEA5CC80597231ADE05B652E09C1075FA5F9BA7B6211C0C28420C0A1BCE,IMPHASH=20E06BBE5062315A20CB56B09CDED2F3","Description":"MSCTF Server DLL","UserID":"S-1-5-18","EventID":7,"Product":"Microsoft® Windows® Operating System","ProviderGuid":"{5770385F-C22A-43E0-BF4C-06F5698FFBD9}","RecordNumber":280826,"Keywords":-9223372036854775808,"ProcessGuid":"{9f85ce58-af27-5f2b-1c04-000000000400}","tags":["mordorDataset"],"RuleName":"-"}
{"@version":"1","EventType":"AUDIT_SUCCESS","ThreadID":96,"ObjectName":"\\REGISTRY\\MACHINE\\SOFTWARE\\Microsoft\\.NETFramework","ObjectType":"Key","Channel":"Security","OpcodeValue":0,"SubjectDomainName":"THESHIRE","Hostname":"MORDORDC.theshire.local","@timestamp":"2020-08-06T07:20:08.916Z","Category":"Registry","AccessMask":"0x20019","ProcessId":"0x1918","AccessList":"%%1538\r\n\t\t\t\t%%4432\r\n\t\t\t\t%%4435\r\n\t\t\t\t%%4436\r\n\t\t\t\t","ProcessName":"C:\\WindowsAzure\\Packages\\CollectGuestLogs.exe","ResourceAttributes":"-","host":"wec.internal.cloudapp.net","SubjectUserName":"MORDORDC$","Severity":"INFO","SeverityValue":2,"SourceModuleType":"im_msvistalog","TransactionId":"{00000000-0000-0000-0000-000000000000}","SubjectLogonId":"0x3e7","Version":1,"EventTime":"2020-08-06 03:20:07","Task":12801,"AccessReason":"-","PrivilegeList":"-","SourceName":"Microsoft-Windows-Security-Auditing","Opcode":"Info","Message":"A handle to an object was requested.\r\n\r\nSubject:\r\n\tSecurity ID:\t\tS-1-5-18\r\n\tAccount Name:\t\tMORDORDC$\r\n\tAccount Domain:\t\tTHESHIRE\r\n\tLogon ID:\t\t0x3E7\r\n\r\nObject:\r\n\tObject Server:\t\tSecurity\r\n\tObject Type:\t\tKey\r\n\tObject Name:\t\t\\REGISTRY\\MACHINE\\SOFTWARE\\Microsoft\\.NETFramework\r\n\tHandle ID:\t\t0x9c\r\n\tResource Attributes:\t-\r\n\r\nProcess Information:\r\n\tProcess ID:\t\t0x1918\r\n\tProcess Name:\t\tC:\\WindowsAzure\\Packages\\CollectGuestLogs.exe\r\n\r\nAccess Request Information:\r\n\tTransaction ID:\t\t{00000000-0000-0000-0000-000000000000}\r\n\tAccesses:\t\tREAD_CONTROL\r\n\t\t\t\tQuery key value\r\n\t\t\t\tEnumerate sub-keys\r\n\t\t\t\tNotify about changes to keys\r\n\t\t\t\t\r\n\tAccess Reasons:\t\t-\r\n\tAccess Mask:\t\t0x20019\r\n\tPrivileges Used for Access Check:\t-\r\n\tRestricted SID Count:\t0","SourceModuleName":"eventlog","EventReceivedTime":"2020-08-06 03:20:08","port":60122,"RestrictedSidCount":"0","ExecutionProcessID":4,"ObjectServer":"Security","SubjectUserSid":"S-1-5-18","HandleId":"0x9c","EventID":4656,"ProviderGuid":"{54849625-5478-4994-A5BA-3E3B0328C30D}","RecordNumber":325196,"Keywords":-9214364837600034816,"tags":["mordorDataset"]}
{"@version":"1","EventType":"INFO","AccountType":"User","ThreadID":4208,"Channel":"Microsoft-Windows-Sysmon/Operational","OpcodeValue":0,"OriginalFileName":"OLEAUT32.DLL","Hostname":"MORDORDC.theshire.local","@timestamp":"2020-08-06T07:20:08.918Z","ProcessId":"5888","Signed":"true","host":"wec.internal.cloudapp.net","SignatureStatus":"Valid","Severity":"INFO","SeverityValue":2,"Image":"C:\\Windows\\System32\\conhost.exe","SourceModuleType":"im_msvistalog","FileVersion":"10.0.17763.1339 (WinBuild.160101.0800)","Version":3,"Company":"Microsoft Corporation","EventTime":"2020-08-06 03:20:07","Task":7,"Signature":"Microsoft Windows","SourceName":"Microsoft-Windows-Sysmon","Message":"Image loaded:\r\nRuleName: -\r\nUtcTime: 2020-08-06 07:20:07.665\r\nProcessGuid: {9f85ce58-af27-5f2b-1c04-000000000400}\r\nProcessId: 5888\r\nImage: C:\\Windows\\System32\\conhost.exe\r\nImageLoaded: C:\\Windows\\System32\\oleaut32.dll\r\nFileVersion: 10.0.17763.1339 (WinBuild.160101.0800)\r\nDescription: OLEAUT32.DLL\r\nProduct: Microsoft® Windows® Operating System\r\nCompany: Microsoft Corporation\r\nOriginalFileName: OLEAUT32.DLL\r\nHashes: SHA1=DE7CFA27E0BBE12B2721CF88E10701805A27A876,MD5=7E6E0B8F7233023BF969900537A25B0A,SHA256=31012EF85A43116FFE3C73550578B2D107E0DBD7B1CF5117B51B89BDA1CBC1A2,IMPHASH=6853F61807127E891C66F2120C64B8F8\r\nSigned: true\r\nSignature: Microsoft Windows\r\nSignatureStatus: Valid","SourceModuleName":"eventlog","ImageLoaded":"C:\\Windows\\System32\\oleaut32.dll","EventReceivedTime":"2020-08-06 03:20:08","port":60122,"AccountName":"SYSTEM","UtcTime":"2020-08-06 07:20:07.665","Domain":"NT AUTHORITY","ExecutionProcessID":3888,"Hashes":"SHA1=DE7CFA27E0BBE12B2721CF88E10701805A27A876,MD5=7E6E0B8F7233023BF969900537A25B0A,SHA256=31012EF85A43116FFE3C73550578B2D107E0DBD7B1CF5117B51B89BDA1CBC1A2,IMPHASH=6853F61807127E891C66F2120C64B8F8","Description":"OLEAUT32.DLL","UserID":"S-1-5-18","EventID":7,"Product":"Microsoft® Windows® Operating System","ProviderGuid":"{5770385F-C22A-43E0-BF4C-06F5698FFBD9}","RecordNumber":280827,"Keywords":-9223372036854775808,"ProcessGuid":"{9f85ce58-af27-5f2b-1c04-000000000400}","tags":["mordorDataset"],"RuleName":"-"}
{"SubjectLogonId":"0x3e7","@version":"1","EventType":"AUDIT_SUCCESS","SourceHandleId":"0xa8","Version":0,"ThreadID":96,"EventTime":"2020-08-06 03:20:07","Task":12807,"Channel":"Security","SourceName":"Microsoft-Windows-Security-Auditing","OpcodeValue":0,"Hostname":"MORDORDC.theshire.local","@timestamp":"2020-08-06T07:20:08.918Z","Message":"An attempt was made to duplicate a handle to an object.\r\n\r\nSubject:\r\n\tSecurity ID:\t\tS-1-5-18\r\n\tAccount Name:\t\tMORDORDC$\r\n\tAccount Domain:\t\tTHESHIRE\r\n\tLogon ID:\t\t0x3E7\r\n\r\nSource Handle Information:\r\n\tSource Handle ID:\t0xa8\r\n\tSource Process ID:\t0x1918\r\n\r\nNew Handle Information:\r\n\tTarget Handle ID:\t0x2288\r\n\tTarget Process ID:\t0x4","Category":"Handle Manipulation","Opcode":"Info","SubjectDomainName":"THESHIRE","SourceModuleName":"eventlog","ProcessId":"0x1918","EventReceivedTime":"2020-08-06 03:20:08","port":60122,"ExecutionProcessID":4,"host":"wec.internal.cloudapp.net","SubjectUserSid":"S-1-5-18","SubjectUserName":"MORDORDC$","SourceProcessId":"0x1918","Severity":"INFO","TargetProcessId":"0x4","SeverityValue":2,"EventID":4690,"TargetHandleId":"0x2288","ProviderGuid":"{54849625-5478-4994-A5BA-3E3B0328C30D}","RecordNumber":325197,"SourceModuleType":"im_msvistalog","Keywords":-9214364837600034816,"tags":["mordorDataset"]}
{"@version":"1","EventType":"INFO","AccountType":"User","ThreadID":4208,"Channel":"Microsoft-Windows-Sysmon/Operational","OpcodeValue":0,"OriginalFileName":"imm32","Hostname":"MORDORDC.theshire.local","@timestamp":"2020-08-06T07:20:08.918Z","ProcessId":"5888","Signed":"true","host":"wec.internal.cloudapp.net","SignatureStatus":"Valid","Severity":"INFO","SeverityValue":2,"Image":"C:\\Windows\\System32\\conhost.exe","SourceModuleType":"im_msvistalog","FileVersion":"10.0.17763.719 (WinBuild.160101.0800)","Version":3,"Company":"Microsoft Corporation","EventTime":"2020-08-06 03:20:07","Task":7,"Signature":"Microsoft Windows","SourceName":"Microsoft-Windows-Sysmon","Message":"Image loaded:\r\nRuleName: -\r\nUtcTime: 2020-08-06 07:20:07.665\r\nProcessGuid: {9f85ce58-af27-5f2b-1c04-000000000400}\r\nProcessId: 5888\r\nImage: C:\\Windows\\System32\\conhost.exe\r\nImageLoaded: C:\\Windows\\System32\\imm32.dll\r\nFileVersion: 10.0.17763.719 (WinBuild.160101.0800)\r\nDescription: Multi-User Windows IMM32 API Client DLL\r\nProduct: Microsoft® Windows® Operating System\r\nCompany: Microsoft Corporation\r\nOriginalFileName: imm32\r\nHashes: SHA1=5F5702B861E5381CA0AD49E0109344CE587290FE,MD5=E0E9A081E95674106A7B088F7F3A76B5,SHA256=E52109F58FE03265E7C782511EEA29074928376CF5DC93C1A16D500F3BA1A3AF,IMPHASH=24F54B6761C10BA12481CF6C780605BF\r\nSigned: true\r\nSignature: Microsoft Windows\r\nSignatureStatus: Valid","SourceModuleName":"eventlog","ImageLoaded":"C:\\Windows\\System32\\imm32.dll","EventReceivedTime":"2020-08-06 03:20:08","port":60122,"AccountName":"SYSTEM","UtcTime":"2020-08-06 07:20:07.665","Domain":"NT AUTHORITY","ExecutionProcessID":3888,"Hashes":"SHA1=5F5702B861E5381CA0AD49E0109344CE587290FE,MD5=E0E9A081E95674106A7B088F7F3A76B5,SHA256=E52109F58FE03265E7C782511EEA29074928376CF5DC93C1A16D500F3BA1A3AF,IMPHASH=24F54B6761C10BA12481CF6C780605BF","Description":"Multi-User Windows IMM32 API Client DLL","UserID":"S-1-5-18","EventID":7,"Product":"Microsoft® Windows® Operating System","ProviderGuid":"{5770385F-C22A-43E0-BF4C-06F5698FFBD9}","RecordNumber":280828,"Keywords":-9223372036854775808,"ProcessGuid":"{9f85ce58-af27-5f2b-1c04-000000000400}","tags":["mordorDataset"],"RuleName":"-"}
{"SubjectLogonId":"0x3e7","@version":"1","EventType":"AUDIT_SUCCESS","Version":0,"ThreadID":96,"EventTime":"2020-08-06 03:20:07","Task":12801,"Channel":"Security","SourceName":"Microsoft-Windows-Security-Auditing","OpcodeValue":0,"Hostname":"MORDORDC.theshire.local","@timestamp":"2020-08-06T07:20:08.918Z","Message":"The handle to an object was closed.\r\n\r\nSubject :\r\n\tSecurity ID:\t\tS-1-5-18\r\n\tAccount Name:\t\tMORDORDC$\r\n\tAccount Domain:\t\tTHESHIRE\r\n\tLogon ID:\t\t0x3E7\r\n\r\nObject:\r\n\tObject Server:\t\tSecurity\r\n\tHandle ID:\t\t0x2288\r\n\r\nProcess Information:\r\n\tProcess ID:\t\t0x1918\r\n\tProcess Name:\t\tC:\\WindowsAzure\\Packages\\CollectGuestLogs.exe","Category":"Registry","Opcode":"Info","SubjectDomainName":"THESHIRE","SourceModuleName":"eventlog","ProcessId":"0x1918","EventReceivedTime":"2020-08-06 03:20:08","port":60122,"ExecutionProcessID":4,"ProcessName":"C:\\WindowsAzure\\Packages\\CollectGuestLogs.exe","ObjectServer":"Security","host":"wec.internal.cloudapp.net","SubjectUserSid":"S-1-5-18","SubjectUserName":"MORDORDC$","HandleId":"0x2288","Severity":"INFO","SeverityValue":2,"EventID":4658,"ProviderGuid":"{54849625-5478-4994-A5BA-3E3B0328C30D}","RecordNumber":325198,"SourceModuleType":"im_msvistalog","Keywords":-9214364837600034816,"tags":["mordorDataset"]}
{"@version":"1","EventType":"AUDIT_SUCCESS","ThreadID":96,"ObjectName":"\\REGISTRY\\MACHINE\\SYSTEM\\ControlSet001\\Control\\Lsa","ObjectType":"Key","Channel":"Security","OpcodeValue":0,"SubjectDomainName":"THESHIRE","Hostname":"MORDORDC.theshire.local","@timestamp":"2020-08-06T07:20:08.918Z","Category":"Registry","AccessMask":"0x1","ProcessId":"0x1918","AccessList":"%%4432\r\n\t\t\t\t","ProcessName":"C:\\WindowsAzure\\Packages\\CollectGuestLogs.exe","ResourceAttributes":"-","host":"wec.internal.cloudapp.net","SubjectUserName":"MORDORDC$","Severity":"INFO","SeverityValue":2,"SourceModuleType":"im_msvistalog","TransactionId":"{00000000-0000-0000-0000-000000000000}","SubjectLogonId":"0x3e7","Version":1,"EventTime":"2020-08-06 03:20:07","Task":12801,"AccessReason":"-","PrivilegeList":"-","SourceName":"Microsoft-Windows-Security-Auditing","Opcode":"Info","Message":"A handle to an object was requested.\r\n\r\nSubject:\r\n\tSecurity ID:\t\tS-1-5-18\r\n\tAccount Name:\t\tMORDORDC$\r\n\tAccount Domain:\t\tTHESHIRE\r\n\tLogon ID:\t\t0x3E7\r\n\r\nObject:\r\n\tObject Server:\t\tSecurity\r\n\tObject Type:\t\tKey\r\n\tObject Name:\t\t\\REGISTRY\\MACHINE\\SYSTEM\\ControlSet001\\Control\\Lsa\r\n\tHandle ID:\t\t0xa8\r\n\tResource Attributes:\t-\r\n\r\nProcess Information:\r\n\tProcess ID:\t\t0x1918\r\n\tProcess Name:\t\tC:\\WindowsAzure\\Packages\\CollectGuestLogs.exe\r\n\r\nAccess Request Information:\r\n\tTransaction ID:\t\t{00000000-0000-0000-0000-000000000000}\r\n\tAccesses:\t\tQuery key value\r\n\t\t\t\t\r\n\tAccess Reasons:\t\t-\r\n\tAccess Mask:\t\t0x1\r\n\tPrivileges Used for Access Check:\t-\r\n\tRestricted SID Count:\t0","SourceModuleName":"eventlog","EventReceivedTime":"2020-08-06 03:20:08","port":60122,"RestrictedSidCount":"0","ExecutionProcessID":4,"ObjectServer":"Security","SubjectUserSid":"S-1-5-18","HandleId":"0xa8","EventID":4656,"ProviderGuid":"{54849625-5478-4994-A5BA-3E3B0328C30D}","RecordNumber":325199,"Keywords":-9214364837600034816,"tags":["mordorDataset"]}
{"SubjectLogonId":"0x3e7","@version":"1","EventType":"AUDIT_SUCCESS","Version":1,"ThreadID":96,"EventTime":"2020-08-06 03:20:07","Task":12801,"ObjectName":"\\REGISTRY\\MACHINE\\SYSTEM\\ControlSet001\\Control\\Lsa","ObjectType":"Key","Channel":"Security","SourceName":"Microsoft-Windows-Security-Auditing","OpcodeValue":0,"Hostname":"MORDORDC.theshire.local","@timestamp":"2020-08-06T07:20:08.918Z","Message":"An attempt was made to access an object.\r\n\r\nSubject:\r\n\tSecurity ID:\t\tS-1-5-18\r\n\tAccount Name:\t\tMORDORDC$\r\n\tAccount Domain:\t\tTHESHIRE\r\n\tLogon ID:\t\t0x3E7\r\n\r\nObject:\r\n\tObject Server:\t\tSecurity\r\n\tObject Type:\t\tKey\r\n\tObject Name:\t\t\\REGISTRY\\MACHINE\\SYSTEM\\ControlSet001\\Control\\Lsa\r\n\tHandle ID:\t\t0xa8\r\n\tResource Attributes:\t-\r\n\r\nProcess Information:\r\n\tProcess ID:\t\t0x1918\r\n\tProcess Name:\t\tC:\\WindowsAzure\\Packages\\CollectGuestLogs.exe\r\n\r\nAccess Request Information:\r\n\tAccesses:\t\tQuery key value\r\n\t\t\t\t\r\n\tAccess Mask:\t\t0x1","Category":"Registry","Opcode":"Info","SubjectDomainName":"THESHIRE","AccessMask":"0x1","SourceModuleName":"eventlog","EventReceivedTime":"2020-08-06 03:20:08","port":60122,"ProcessId":"0x1918","ExecutionProcessID":4,"AccessList":"%%4432\r\n\t\t\t\t","ProcessName":"C:\\WindowsAzure\\Packages\\CollectGuestLogs.exe","ObjectServer":"Security","ResourceAttributes":"-","host":"wec.internal.cloudapp.net","SubjectUserSid":"S-1-5-18","SubjectUserName":"MORDORDC$","HandleId":"0xa8","Severity":"INFO","SeverityValue":2,"EventID":4663,"ProviderGuid":"{54849625-5478-4994-A5BA-3E3B0328C30D}","RecordNumber":325200,"SourceModuleType":"im_msvistalog","Keywords":-9214364837600034816,"tags":["mordorDataset"]}
{"SubjectLogonId":"0x3e7","@version":"1","EventType":"AUDIT_SUCCESS","Version":0,"ThreadID":96,"EventTime":"2020-08-06 03:20:07","Task":12801,"Channel":"Security","SourceName":"Microsoft-Windows-Security-Auditing","OpcodeValue":0,"Hostname":"MORDORDC.theshire.local","@timestamp":"2020-08-06T07:20:08.919Z","Message":"The handle to an object was closed.\r\n\r\nSubject :\r\n\tSecurity ID:\t\tS-1-5-18\r\n\tAccount Name:\t\tMORDORDC$\r\n\tAccount Domain:\t\tTHESHIRE\r\n\tLogon ID:\t\t0x3E7\r\n\r\nObject:\r\n\tObject Server:\t\tSecurity\r\n\tHandle ID:\t\t0xa8\r\n\r\nProcess Information:\r\n\tProcess ID:\t\t0x1918\r\n\tProcess Name:\t\tC:\\WindowsAzure\\Packages\\CollectGuestLogs.exe","Category":"Registry","Opcode":"Info","SubjectDomainName":"THESHIRE","SourceModuleName":"eventlog","ProcessId":"0x1918","EventReceivedTime":"2020-08-06 03:20:08","port":60122,"ExecutionProcessID":4,"ProcessName":"C:\\WindowsAzure\\Packages\\CollectGuestLogs.exe","ObjectServer":"Security","host":"wec.internal.cloudapp.net","SubjectUserSid":"S-1-5-18","SubjectUserName":"MORDORDC$","HandleId":"0xa8","Severity":"INFO","SeverityValue":2,"EventID":4658,"ProviderGuid":"{54849625-5478-4994-A5BA-3E3B0328C30D}","RecordNumber":325201,"SourceModuleType":"im_msvistalog","Keywords":-9214364837600034816,"tags":["mordorDataset"]}
{"SubjectLogonId":"0x3e7","@version":"1","EventType":"AUDIT_SUCCESS","SourceHandleId":"0x14c","Version":0,"ThreadID":96,"EventTime":"2020-08-06 03:20:07","Task":12807,"Channel":"Security","SourceName":"Microsoft-Windows-Security-Auditing","OpcodeValue":0,"Hostname":"MORDORDC.theshire.local","@timestamp":"2020-08-06T07:20:08.919Z","Message":"An attempt was made to duplicate a handle to an object.\r\n\r\nSubject:\r\n\tSecurity ID:\t\tS-1-5-18\r\n\tAccount Name:\t\tMORDORDC$\r\n\tAccount Domain:\t\tTHESHIRE\r\n\tLogon ID:\t\t0x3E7\r\n\r\nSource Handle Information:\r\n\tSource Handle ID:\t0x14c\r\n\tSource Process ID:\t0x1918\r\n\r\nNew Handle Information:\r\n\tTarget Handle ID:\t0x2154\r\n\tTarget Process ID:\t0x4","Category":"Handle Manipulation","Opcode":"Info","SubjectDomainName":"THESHIRE","SourceModuleName":"eventlog","ProcessId":"0x1918","EventReceivedTime":"2020-08-06 03:20:08","port":60122,"ExecutionProcessID":4,"host":"wec.internal.cloudapp.net","SubjectUserSid":"S-1-5-18","SubjectUserName":"MORDORDC$","SourceProcessId":"0x1918","Severity":"INFO","TargetProcessId":"0x4","SeverityValue":2,"EventID":4690,"TargetHandleId":"0x2154","ProviderGuid":"{54849625-5478-4994-A5BA-3E3B0328C30D}","RecordNumber":325202,"SourceModuleType":"im_msvistalog","Keywords":-9214364837600034816,"tags":["mordorDataset"]}
{"SubjectLogonId":"0x3e7","@version":"1","EventType":"AUDIT_SUCCESS","Version":0,"ThreadID":96,"EventTime":"2020-08-06 03:20:07","Task":12801,"Channel":"Security","SourceName":"Microsoft-Windows-Security-Auditing","OpcodeValue":0,"Hostname":"MORDORDC.theshire.local","@timestamp":"2020-08-06T07:20:08.919Z","Message":"The handle to an object was closed.\r\n\r\nSubject :\r\n\tSecurity ID:\t\tS-1-5-18\r\n\tAccount Name:\t\tMORDORDC$\r\n\tAccount Domain:\t\tTHESHIRE\r\n\tLogon ID:\t\t0x3E7\r\n\r\nObject:\r\n\tObject Server:\t\tSecurity\r\n\tHandle ID:\t\t0x2154\r\n\r\nProcess Information:\r\n\tProcess ID:\t\t0x1918\r\n\tProcess Name:\t\tC:\\WindowsAzure\\Packages\\CollectGuestLogs.exe","Category":"Registry","Opcode":"Info","SubjectDomainName":"THESHIRE","SourceModuleName":"eventlog","ProcessId":"0x1918","EventReceivedTime":"2020-08-06 03:20:08","port":60122,"ExecutionProcessID":4,"ProcessName":"C:\\WindowsAzure\\Packages\\CollectGuestLogs.exe","ObjectServer":"Security","host":"wec.internal.cloudapp.net","SubjectUserSid":"S-1-5-18","SubjectUserName":"MORDORDC$","HandleId":"0x2154","Severity":"INFO","SeverityValue":2,"EventID":4658,"ProviderGuid":"{54849625-5478-4994-A5BA-3E3B0328C30D}","RecordNumber":325203,"SourceModuleType":"im_msvistalog","Keywords":-9214364837600034816,"tags":["mordorDataset"]}
{"@version":"1","EventType":"AUDIT_SUCCESS","ThreadID":96,"ObjectName":"\\REGISTRY\\MACHINE\\SOFTWARE\\Microsoft\\.NETFramework","ObjectType":"Key","Channel":"Security","OpcodeValue":0,"SubjectDomainName":"THESHIRE","Hostname":"MORDORDC.theshire.local","@timestamp":"2020-08-06T07:20:08.919Z","Category":"Registry","AccessMask":"0x20019","ProcessId":"0x1918","AccessList":"%%1538\r\n\t\t\t\t%%4432\r\n\t\t\t\t%%4435\r\n\t\t\t\t%%4436\r\n\t\t\t\t","ProcessName":"C:\\WindowsAzure\\Packages\\CollectGuestLogs.exe","ResourceAttributes":"-","host":"wec.internal.cloudapp.net","SubjectUserName":"MORDORDC$","Severity":"INFO","SeverityValue":2,"SourceModuleType":"im_msvistalog","TransactionId":"{00000000-0000-0000-0000-000000000000}","SubjectLogonId":"0x3e7","Version":1,"EventTime":"2020-08-06 03:20:07","Task":12801,"AccessReason":"-","PrivilegeList":"-","SourceName":"Microsoft-Windows-Security-Auditing","Opcode":"Info","Message":"A handle to an object was requested.\r\n\r\nSubject:\r\n\tSecurity ID:\t\tS-1-5-18\r\n\tAccount Name:\t\tMORDORDC$\r\n\tAccount Domain:\t\tTHESHIRE\r\n\tLogon ID:\t\t0x3E7\r\n\r\nObject:\r\n\tObject Server:\t\tSecurity\r\n\tObject Type:\t\tKey\r\n\tObject Name:\t\t\\REGISTRY\\MACHINE\\SOFTWARE\\Microsoft\\.NETFramework\r\n\tHandle ID:\t\t0x14c\r\n\tResource Attributes:\t-\r\n\r\nProcess Information:\r\n\tProcess ID:\t\t0x1918\r\n\tProcess Name:\t\tC:\\WindowsAzure\\Packages\\CollectGuestLogs.exe\r\n\r\nAccess Request Information:\r\n\tTransaction ID:\t\t{00000000-0000-0000-0000-000000000000}\r\n\tAccesses:\t\tREAD_CONTROL\r\n\t\t\t\tQuery key value\r\n\t\t\t\tEnumerate sub-keys\r\n\t\t\t\tNotify about changes to keys\r\n\t\t\t\t\r\n\tAccess Reasons:\t\t-\r\n\tAccess Mask:\t\t0x20019\r\n\tPrivileges Used for Access Check:\t-\r\n\tRestricted SID Count:\t0","SourceModuleName":"eventlog","EventReceivedTime":"2020-08-06 03:20:08","port":60122,"RestrictedSidCount":"0","ExecutionProcessID":4,"ObjectServer":"Security","SubjectUserSid":"S-1-5-18","HandleId":"0x14c","EventID":4656,"ProviderGuid":"{54849625-5478-4994-A5BA-3E3B0328C30D}","RecordNumber":325204,"Keywords":-9214364837600034816,"tags":["mordorDataset"]}
{"SubjectLogonId":"0x3e7","@version":"1","EventType":"AUDIT_SUCCESS","Version":0,"ThreadID":96,"EventTime":"2020-08-06 03:20:07","Task":12801,"Channel":"Security","SourceName":"Microsoft-Windows-Security-Auditing","OpcodeValue":0,"Hostname":"MORDORDC.theshire.local","@timestamp":"2020-08-06T07:20:08.920Z","Message":"The handle to an object was closed.\r\n\r\nSubject :\r\n\tSecurity ID:\t\tS-1-5-18\r\n\tAccount Name:\t\tMORDORDC$\r\n\tAccount Domain:\t\tTHESHIRE\r\n\tLogon ID:\t\t0x3E7\r\n\r\nObject:\r\n\tObject Server:\t\tSecurity\r\n\tHandle ID:\t\t0x14c\r\n\r\nProcess Information:\r\n\tProcess ID:\t\t0x1918\r\n\tProcess Name:\t\tC:\\WindowsAzure\\Packages\\CollectGuestLogs.exe","Category":"Registry","Opcode":"Info","SubjectDomainName":"THESHIRE","SourceModuleName":"eventlog","ProcessId":"0x1918","EventReceivedTime":"2020-08-06 03:20:08","port":60122,"ExecutionProcessID":4,"ProcessName":"C:\\WindowsAzure\\Packages\\CollectGuestLogs.exe","ObjectServer":"Security","host":"wec.internal.cloudapp.net","SubjectUserSid":"S-1-5-18","SubjectUserName":"MORDORDC$","HandleId":"0x14c","Severity":"INFO","SeverityValue":2,"EventID":4658,"ProviderGuid":"{54849625-5478-4994-A5BA-3E3B0328C30D}","RecordNumber":325205,"SourceModuleType":"im_msvistalog","Keywords":-9214364837600034816,"tags":["mordorDataset"]}
{"SubjectLogonId":"0x3e7","@version":"1","EventType":"AUDIT_SUCCESS","SourceHandleId":"0x14c","Version":0,"ThreadID":96,"EventTime":"2020-08-06 03:20:07","Task":12807,"Channel":"Security","SourceName":"Microsoft-Windows-Security-Auditing","OpcodeValue":0,"Hostname":"MORDORDC.theshire.local","@timestamp":"2020-08-06T07:20:08.920Z","Message":"An attempt was made to duplicate a handle to an object.\r\n\r\nSubject:\r\n\tSecurity ID:\t\tS-1-5-18\r\n\tAccount Name:\t\tMORDORDC$\r\n\tAccount Domain:\t\tTHESHIRE\r\n\tLogon ID:\t\t0x3E7\r\n\r\nSource Handle Information:\r\n\tSource Handle ID:\t0x14c\r\n\tSource Process ID:\t0x1918\r\n\r\nNew Handle Information:\r\n\tTarget Handle ID:\t0x2154\r\n\tTarget Process ID:\t0x4","Category":"Handle Manipulation","Opcode":"Info","SubjectDomainName":"THESHIRE","SourceModuleName":"eventlog","ProcessId":"0x1918","EventReceivedTime":"2020-08-06 03:20:08","port":60122,"ExecutionProcessID":4,"host":"wec.internal.cloudapp.net","SubjectUserSid":"S-1-5-18","SubjectUserName":"MORDORDC$","SourceProcessId":"0x1918","Severity":"INFO","TargetProcessId":"0x4","SeverityValue":2,"EventID":4690,"TargetHandleId":"0x2154","ProviderGuid":"{54849625-5478-4994-A5BA-3E3B0328C30D}","RecordNumber":325206,"SourceModuleType":"im_msvistalog","Keywords":-9214364837600034816,"tags":["mordorDataset"]}
{"SubjectLogonId":"0x3e7","@version":"1","EventType":"AUDIT_SUCCESS","Version":0,"ThreadID":96,"EventTime":"2020-08-06 03:20:07","Task":12801,"Channel":"Security","SourceName":"Microsoft-Windows-Security-Auditing","OpcodeValue":0,"Hostname":"MORDORDC.theshire.local","@timestamp":"2020-08-06T07:20:09.910Z","Message":"The handle to an object was closed.\r\n\r\nSubject :\r\n\tSecurity ID:\t\tS-1-5-18\r\n\tAccount Name:\t\tMORDORDC$\r\n\tAccount Domain:\t\tTHESHIRE\r\n\tLogon ID:\t\t0x3E7\r\n\r\nObject:\r\n\tObject Server:\t\tSecurity\r\n\tHandle ID:\t\t0x2154\r\n\r\nProcess Information:\r\n\tProcess ID:\t\t0x1918\r\n\tProcess Name:\t\tC:\\WindowsAzure\\Packages\\CollectGuestLogs.exe","Category":"Registry","Opcode":"Info","SubjectDomainName":"THESHIRE","SourceModuleName":"eventlog","ProcessId":"0x1918","EventReceivedTime":"2020-08-06 03:20:09","port":60122,"ExecutionProcessID":4,"ProcessName":"C:\\WindowsAzure\\Packages\\CollectGuestLogs.exe","ObjectServer":"Security","host":"wec.internal.cloudapp.net","SubjectUserSid":"S-1-5-18","SubjectUserName":"MORDORDC$","HandleId":"0x2154","Severity":"INFO","SeverityValue":2,"EventID":4658,"ProviderGuid":"{54849625-5478-4994-A5BA-3E3B0328C30D}","RecordNumber":325207,"SourceModuleType":"im_msvistalog","Keywords":-9214364837600034816,"tags":["mordorDataset"]}
