{"Keywords":-9223372036854775808,"SeverityValue":2,"TargetObject":"HKU\\S-1-5-20\\Software\\Microsoft\\Windows\\CurrentVersion\\DeliveryOptimization\\Usage\\DownloadMonthlyRateFrBps","EventTypeOrignal":"INFO","EventID":13,"ProviderGuid":"{5770385F-C22A-43E0-BF4C-06F5698FFBD9}","ExecutionProcessID":3392,"host":"wec.internal.cloudapp.net","Channel":"Microsoft-Windows-Sysmon/Operational","UserID":"S-1-5-18","AccountType":"User","ThreadID":5552,"ProcessGuid":"{d273d0f0-e879-5f64-5c00-000000000800}","Details":"QWORD (0x00000000-0x00dcb99c)","EventReceivedTime":"2020-09-19 21:18:00","Opcode":"Info","EventTime":"2020-09-19 21:18:00","@timestamp":"2020-09-20T01:18:00.751Z","SourceModuleType":"im_msvistalog","port":64545,"AccountName":"SYSTEM","RecordNumber":2581908,"Task":13,"Domain":"NT AUTHORITY","@version":"1","OpcodeValue":0,"SourceModuleName":"eventlog","Severity":"INFO","SourceName":"Microsoft-Windows-Sysmon","Version":2,"Image":"C:\\windows\\System32\\svchost.exe","Category":"Registry value set (rule: RegistryEvent)","UtcTime":"2020-09-20 01:18:00.397","Hostname":"WORKSTATION6.theshire.local","RuleName":"-","tags":["mordorDataset"]}
{"Keywords":-9223372036854775808,"SeverityValue":2,"TargetObject":"HKU\\S-1-5-20\\Software\\Microsoft\\Windows\\CurrentVersion\\DeliveryOptimization\\Usage\\DownloadMonthlyRateBkBps","EventTypeOrignal":"INFO","EventID":13,"ProviderGuid":"{5770385F-C22A-43E0-BF4C-06F5698FFBD9}","ExecutionProcessID":3392,"host":"wec.internal.cloudapp.net","Channel":"Microsoft-Windows-Sysmon/Operational","UserID":"S-1-5-18","AccountType":"User","ThreadID":5552,"ProcessGuid":"{d273d0f0-e879-5f64-5c00-000000000800}","Details":"QWORD (0x00000000-0x00000000)","EventReceivedTime":"2020-09-19 21:18:00","Opcode":"Info","EventTime":"2020-09-19 21:18:00","@timestamp":"2020-09-20T01:18:00.751Z","SourceModuleType":"im_msvistalog","port":64545,"AccountName":"SYSTEM","RecordNumber":2581909,"Task":13,"Domain":"NT AUTHORITY","@version":"1","OpcodeValue":0,"SourceModuleName":"eventlog","Severity":"INFO","SourceName":"Microsoft-Windows-Sysmon","Version":2,"Image":"C:\\windows\\System32\\svchost.exe","Category":"Registry value set (rule: RegistryEvent)","UtcTime":"2020-09-20 01:18:00.397","Hostname":"WORKSTATION6.theshire.local","RuleName":"-","tags":["mordorDataset"]}
{"Keywords":-9223372036854775808,"SeverityValue":2,"TargetObject":"HKU\\S-1-5-20\\Software\\Microsoft\\Windows\\CurrentVersion\\DeliveryOptimization\\Usage\\MonthID","EventTypeOrignal":"INFO","EventID":13,"ProviderGuid":"{5770385F-C22A-43E0-BF4C-06F5698FFBD9}","ExecutionProcessID":3392,"host":"wec.internal.cloudapp.net","Channel":"Microsoft-Windows-Sysmon/Operational","UserID":"S-1-5-18","AccountType":"User","ThreadID":5552,"ProcessGuid":"{d273d0f0-e879-5f64-5c00-000000000800}","Details":"DWORD (0x00000009)","EventReceivedTime":"2020-09-19 21:18:00","Opcode":"Info","EventTime":"2020-09-19 21:18:00","@timestamp":"2020-09-20T01:18:00.752Z","SourceModuleType":"im_msvistalog","port":64545,"AccountName":"SYSTEM","RecordNumber":2581910,"Task":13,"Domain":"NT AUTHORITY","@version":"1","OpcodeValue":0,"SourceModuleName":"eventlog","Severity":"INFO","SourceName":"Microsoft-Windows-Sysmon","Version":2,"Image":"C:\\windows\\System32\\svchost.exe","Category":"Registry value set (rule: RegistryEvent)","UtcTime":"2020-09-20 01:18:00.397","Hostname":"WORKSTATION6.theshire.local","RuleName":"-","tags":["mordorDataset"]}
{"Keywords":-9223372036854775808,"SeverityValue":2,"TargetObject":"HKU\\S-1-5-20\\Software\\Microsoft\\Windows\\CurrentVersion\\DeliveryOptimization\\Config\\DownloadMode_BackCompat","EventTypeOrignal":"INFO","EventID":13,"ProviderGuid":"{5770385F-C22A-43E0-BF4C-06F5698FFBD9}","ExecutionProcessID":3392,"host":"wec.internal.cloudapp.net","Channel":"Microsoft-Windows-Sysmon/Operational","UserID":"S-1-5-18","AccountType":"User","ThreadID":5552,"ProcessGuid":"{d273d0f0-e879-5f64-5c00-000000000800}","Details":"DWORD (0x00000001)","EventReceivedTime":"2020-09-19 21:18:00","Opcode":"Info","EventTime":"2020-09-19 21:18:00","@timestamp":"2020-09-20T01:18:00.753Z","SourceModuleType":"im_msvistalog","port":64545,"AccountName":"SYSTEM","RecordNumber":2581911,"Task":13,"Domain":"NT AUTHORITY","@version":"1","OpcodeValue":0,"SourceModuleName":"eventlog","Severity":"INFO","SourceName":"Microsoft-Windows-Sysmon","Version":2,"Image":"C:\\windows\\System32\\svchost.exe","Category":"Registry value set (rule: RegistryEvent)","UtcTime":"2020-09-20 01:18:00.397","Hostname":"WORKSTATION6.theshire.local","RuleName":"-","tags":["mordorDataset"]}
{"Keywords":-9223372036854775808,"SeverityValue":2,"TargetObject":"HKU\\S-1-5-20\\Software\\Microsoft\\Windows\\CurrentVersion\\DeliveryOptimization\\Config\\DODownloadMode","EventTypeOrignal":"INFO","EventID":13,"ProviderGuid":"{5770385F-C22A-43E0-BF4C-06F5698FFBD9}","ExecutionProcessID":3392,"host":"wec.internal.cloudapp.net","Channel":"Microsoft-Windows-Sysmon/Operational","UserID":"S-1-5-18","AccountType":"User","ThreadID":5552,"ProcessGuid":"{d273d0f0-e879-5f64-5c00-000000000800}","Details":"DWORD (0x00000001)","EventReceivedTime":"2020-09-19 21:18:00","Opcode":"Info","EventTime":"2020-09-19 21:18:00","@timestamp":"2020-09-20T01:18:00.753Z","SourceModuleType":"im_msvistalog","port":64545,"AccountName":"SYSTEM","RecordNumber":2581912,"Task":13,"Domain":"NT AUTHORITY","@version":"1","OpcodeValue":0,"SourceModuleName":"eventlog","Severity":"INFO","SourceName":"Microsoft-Windows-Sysmon","Version":2,"Image":"C:\\windows\\System32\\svchost.exe","Category":"Registry value set (rule: RegistryEvent)","UtcTime":"2020-09-20 01:18:00.397","Hostname":"WORKSTATION6.theshire.local","RuleName":"-","tags":["mordorDataset"]}
{"Keywords":-9223372036854775808,"SeverityValue":2,"TargetObject":"HKU\\S-1-5-20\\Software\\Microsoft\\Windows\\CurrentVersion\\StorageSense\\Parameters\\AccessFlags","EventTypeOrignal":"INFO","EventID":12,"ProviderGuid":"{5770385F-C22A-43E0-BF4C-06F5698FFBD9}","ExecutionProcessID":3392,"host":"wec.internal.cloudapp.net","Channel":"Microsoft-Windows-Sysmon/Operational","UserID":"S-1-5-18","AccountType":"User","ThreadID":5552,"ProcessGuid":"{d273d0f0-e884-5f64-7900-000000000800}","EventReceivedTime":"2020-09-19 21:18:00","Opcode":"Info","EventTime":"2020-09-19 21:18:00","@timestamp":"2020-09-20T01:18:00.753Z","SourceModuleType":"im_msvistalog","port":64545,"AccountName":"SYSTEM","RecordNumber":2581913,"Task":12,"Domain":"NT AUTHORITY","@version":"1","OpcodeValue":0,"SourceModuleName":"eventlog","Severity":"INFO","SourceName":"Microsoft-Windows-Sysmon","Version":2,"Image":"C:\\windows\\System32\\svchost.exe","Category":"Registry object added or deleted (rule: RegistryEvent)","UtcTime":"2020-09-20 01:18:00.397","Hostname":"WORKSTATION6.theshire.local","RuleName":"-","tags":["mordorDataset"]}
{"Keywords":-9223372036854775808,"SeverityValue":2,"TargetObject":"HKLM\\SOFTWARE\\Microsoft\\Windows\\CurrentVersion\\StorageSense\\Parameters\\AccessFlags","EventTypeOrignal":"INFO","EventID":12,"ProviderGuid":"{5770385F-C22A-43E0-BF4C-06F5698FFBD9}","ExecutionProcessID":3392,"host":"wec.internal.cloudapp.net","Channel":"Microsoft-Windows-Sysmon/Operational","UserID":"S-1-5-18","AccountType":"User","ThreadID":5552,"ProcessGuid":"{d273d0f0-e884-5f64-7900-000000000800}","EventReceivedTime":"2020-09-19 21:18:00","Opcode":"Info","EventTime":"2020-09-19 21:18:00","@timestamp":"2020-09-20T01:18:00.754Z","SourceModuleType":"im_msvistalog","port":64545,"AccountName":"SYSTEM","RecordNumber":2581914,"Task":12,"Domain":"NT AUTHORITY","@version":"1","OpcodeValue":0,"SourceModuleName":"eventlog","Severity":"INFO","SourceName":"Microsoft-Windows-Sysmon","Version":2,"Image":"C:\\windows\\System32\\svchost.exe","Category":"Registry object added or deleted (rule: RegistryEvent)","UtcTime":"2020-09-20 01:18:00.397","Hostname":"WORKSTATION6.theshire.local","RuleName":"-","tags":["mordorDataset"]}
{"Keywords":-9223372036854775808,"SeverityValue":2,"TargetObject":"HKU\\S-1-5-20\\Software\\Microsoft\\Windows\\CurrentVersion\\StorageSense\\Parameters\\AccessFlags","EventTypeOrignal":"INFO","EventID":12,"ProviderGuid":"{5770385F-C22A-43E0-BF4C-06F5698FFBD9}","ExecutionProcessID":3392,"host":"wec.internal.cloudapp.net","Channel":"Microsoft-Windows-Sysmon/Operational","UserID":"S-1-5-18","AccountType":"User","ThreadID":5552,"ProcessGuid":"{d273d0f0-e884-5f64-7900-000000000800}","EventReceivedTime":"2020-09-19 21:18:00","Opcode":"Info","EventTime":"2020-09-19 21:18:00","@timestamp":"2020-09-20T01:18:00.754Z","SourceModuleType":"im_msvistalog","port":64545,"AccountName":"SYSTEM","RecordNumber":2581915,"Task":12,"Domain":"NT AUTHORITY","@version":"1","OpcodeValue":0,"SourceModuleName":"eventlog","Severity":"INFO","SourceName":"Microsoft-Windows-Sysmon","Version":2,"Image":"C:\\windows\\System32\\svchost.exe","Category":"Registry object added or deleted (rule: RegistryEvent)","UtcTime":"2020-09-20 01:18:00.397","Hostname":"WORKSTATION6.theshire.local","RuleName":"-","tags":["mordorDataset"]}
{"Keywords":-9223372036854775808,"SeverityValue":2,"TargetObject":"HKCR","EventTypeOrignal":"INFO","EventID":12,"ProviderGuid":"{5770385F-C22A-43E0-BF4C-06F5698FFBD9}","ExecutionProcessID":3392,"host":"wec.internal.cloudapp.net","Channel":"Microsoft-Windows-Sysmon/Operational","UserID":"S-1-5-18","AccountType":"User","ThreadID":5552,"ProcessGuid":"{d273d0f0-e884-5f64-7900-000000000800}","EventReceivedTime":"2020-09-19 21:18:00","Opcode":"Info","EventTime":"2020-09-19 21:18:00","@timestamp":"2020-09-20T01:18:00.755Z","SourceModuleType":"im_msvistalog","port":64545,"AccountName":"SYSTEM","RecordNumber":2581916,"Task":12,"Domain":"NT AUTHORITY","@version":"1","OpcodeValue":0,"SourceModuleName":"eventlog","Severity":"INFO","SourceName":"Microsoft-Windows-Sysmon","Version":2,"Image":"C:\\windows\\System32\\svchost.exe","Category":"Registry object added or deleted (rule: RegistryEvent)","UtcTime":"2020-09-20 01:18:00.397","Hostname":"WORKSTATION6.theshire.local","RuleName":"-","tags":["mordorDataset"]}
{"Keywords":-9223372036854775808,"SeverityValue":2,"TargetObject":"HKLM\\SOFTWARE\\Microsoft\\Windows\\CurrentVersion\\StorageSense\\Parameters\\AccessFlags","EventTypeOrignal":"INFO","EventID":12,"ProviderGuid":"{5770385F-C22A-43E0-BF4C-06F5698FFBD9}","ExecutionProcessID":3392,"host":"wec.internal.cloudapp.net","Channel":"Microsoft-Windows-Sysmon/Operational","UserID":"S-1-5-18","AccountType":"User","ThreadID":5552,"ProcessGuid":"{d273d0f0-e884-5f64-7900-000000000800}","EventReceivedTime":"2020-09-19 21:18:00","Opcode":"Info","EventTime":"2020-09-19 21:18:00","@timestamp":"2020-09-20T01:18:00.756Z","SourceModuleType":"im_msvistalog","port":64545,"AccountName":"SYSTEM","RecordNumber":2581917,"Task":12,"Domain":"NT AUTHORITY","@version":"1","OpcodeValue":0,"SourceModuleName":"eventlog","Severity":"INFO","SourceName":"Microsoft-Windows-Sysmon","Version":2,"Image":"C:\\windows\\System32\\svchost.exe","Category":"Registry object added or deleted (rule: RegistryEvent)","UtcTime":"2020-09-20 01:18:00.397","Hostname":"WORKSTATION6.theshire.local","RuleName":"-","tags":["mordorDataset"]}
{"Keywords":-9223372036854775808,"SeverityValue":2,"TargetObject":"HKCR","EventTypeOrignal":"INFO","EventID":12,"ProviderGuid":"{5770385F-C22A-43E0-BF4C-06F5698FFBD9}","ExecutionProcessID":3392,"host":"wec.internal.cloudapp.net","Channel":"Microsoft-Windows-Sysmon/Operational","UserID":"S-1-5-18","AccountType":"User","ThreadID":5552,"ProcessGuid":"{d273d0f0-e884-5f64-7900-000000000800}","EventReceivedTime":"2020-09-19 21:18:00","Opcode":"Info","EventTime":"2020-09-19 21:18:00","@timestamp":"2020-09-20T01:18:00.756Z","SourceModuleType":"im_msvistalog","port":64545,"AccountName":"SYSTEM","RecordNumber":2581918,"Task":12,"Domain":"NT AUTHORITY","@version":"1","OpcodeValue":0,"SourceModuleName":"eventlog","Severity":"INFO","SourceName":"Microsoft-Windows-Sysmon","Version":2,"Image":"C:\\windows\\System32\\svchost.exe","Category":"Registry object added or deleted (rule: RegistryEvent)","UtcTime":"2020-09-20 01:18:00.397","Hostname":"WORKSTATION6.theshire.local","RuleName":"-","tags":["mordorDataset"]}
{"Keywords":-9223372036854775808,"SeverityValue":2,"TargetObject":"HKU\\S-1-5-20\\Software\\Microsoft\\Windows\\CurrentVersion\\DeliveryOptimization\\Config\\DownloadMode_BackCompat","EventTypeOrignal":"INFO","EventID":13,"ProviderGuid":"{5770385F-C22A-43E0-BF4C-06F5698FFBD9}","ExecutionProcessID":3392,"host":"wec.internal.cloudapp.net","Channel":"Microsoft-Windows-Sysmon/Operational","UserID":"S-1-5-18","AccountType":"User","ThreadID":5552,"ProcessGuid":"{d273d0f0-e879-5f64-5c00-000000000800}","Details":"DWORD (0x00000001)","EventReceivedTime":"2020-09-19 21:18:00","Opcode":"Info","EventTime":"2020-09-19 21:18:00","@timestamp":"2020-09-20T01:18:00.756Z","SourceModuleType":"im_msvistalog","port":64545,"AccountName":"SYSTEM","RecordNumber":2581919,"Task":13,"Domain":"NT AUTHORITY","@version":"1","OpcodeValue":0,"SourceModuleName":"eventlog","Severity":"INFO","SourceName":"Microsoft-Windows-Sysmon","Version":2,"Image":"C:\\windows\\System32\\svchost.exe","Category":"Registry value set (rule: RegistryEvent)","UtcTime":"2020-09-20 01:18:00.412","Hostname":"WORKSTATION6.theshire.local","RuleName":"-","tags":["mordorDataset"]}
{"Keywords":-9223372036854775808,"SeverityValue":2,"TargetObject":"HKU\\S-1-5-20\\Software\\Microsoft\\Windows\\CurrentVersion\\DeliveryOptimization\\Config\\DODownloadMode","EventTypeOrignal":"INFO","EventID":13,"ProviderGuid":"{5770385F-C22A-43E0-BF4C-06F5698FFBD9}","ExecutionProcessID":3392,"host":"wec.internal.cloudapp.net","Channel":"Microsoft-Windows-Sysmon/Operational","UserID":"S-1-5-18","AccountType":"User","ThreadID":5552,"ProcessGuid":"{d273d0f0-e879-5f64-5c00-000000000800}","Details":"DWORD (0x00000001)","EventReceivedTime":"2020-09-19 21:18:00","Opcode":"Info","EventTime":"2020-09-19 21:18:00","@timestamp":"2020-09-20T01:18:00.757Z","SourceModuleType":"im_msvistalog","port":64545,"AccountName":"SYSTEM","RecordNumber":2581920,"Task":13,"Domain":"NT AUTHORITY","@version":"1","OpcodeValue":0,"SourceModuleName":"eventlog","Severity":"INFO","SourceName":"Microsoft-Windows-Sysmon","Version":2,"Image":"C:\\windows\\System32\\svchost.exe","Category":"Registry value set (rule: RegistryEvent)","UtcTime":"2020-09-20 01:18:00.412","Hostname":"WORKSTATION6.theshire.local","RuleName":"-","tags":["mordorDataset"]}
{"Keywords":-9223372036854775808,"SeverityValue":2,"TargetObject":"HKU\\S-1-5-20\\Software\\Microsoft\\Windows\\CurrentVersion\\DeliveryOptimization\\Usage\\SwarmCount","EventTypeOrignal":"INFO","EventID":13,"ProviderGuid":"{5770385F-C22A-43E0-BF4C-06F5698FFBD9}","ExecutionProcessID":3392,"host":"wec.internal.cloudapp.net","Channel":"Microsoft-Windows-Sysmon/Operational","UserID":"S-1-5-18","AccountType":"User","ThreadID":5552,"ProcessGuid":"{d273d0f0-e879-5f64-5c00-000000000800}","Details":"DWORD (0x00000002)","EventReceivedTime":"2020-09-19 21:18:00","Opcode":"Info","EventTime":"2020-09-19 21:18:00","@timestamp":"2020-09-20T01:18:00.757Z","SourceModuleType":"im_msvistalog","port":64545,"AccountName":"SYSTEM","RecordNumber":2581921,"Task":13,"Domain":"NT AUTHORITY","@version":"1","OpcodeValue":0,"SourceModuleName":"eventlog","Severity":"INFO","SourceName":"Microsoft-Windows-Sysmon","Version":2,"Image":"C:\\windows\\System32\\svchost.exe","Category":"Registry value set (rule: RegistryEvent)","UtcTime":"2020-09-20 01:18:00.412","Hostname":"WORKSTATION6.theshire.local","RuleName":"-","tags":["mordorDataset"]}
{"Keywords":-9223372036854775808,"SeverityValue":2,"TargetObject":"HKU\\S-1-5-20\\Software\\Microsoft\\Windows\\CurrentVersion\\DeliveryOptimization\\Usage\\CacheSizeBytes","EventTypeOrignal":"INFO","EventID":13,"ProviderGuid":"{5770385F-C22A-43E0-BF4C-06F5698FFBD9}","ExecutionProcessID":3392,"host":"wec.internal.cloudapp.net","Channel":"Microsoft-Windows-Sysmon/Operational","UserID":"S-1-5-18","AccountType":"User","ThreadID":5552,"ProcessGuid":"{d273d0f0-e879-5f64-5c00-000000000800}","Details":"QWORD (0x00000000-0x4d900000)","EventReceivedTime":"2020-09-19 21:18:00","Opcode":"Info","EventTime":"2020-09-19 21:18:00","@timestamp":"2020-09-20T01:18:00.757Z","SourceModuleType":"im_msvistalog","port":64545,"AccountName":"SYSTEM","RecordNumber":2581922,"Task":13,"Domain":"NT AUTHORITY","@version":"1","OpcodeValue":0,"SourceModuleName":"eventlog","Severity":"INFO","SourceName":"Microsoft-Windows-Sysmon","Version":2,"Image":"C:\\windows\\System32\\svchost.exe","Category":"Registry value set (rule: RegistryEvent)","UtcTime":"2020-09-20 01:18:00.412","Hostname":"WORKSTATION6.theshire.local","RuleName":"-","tags":["mordorDataset"]}
{"Keywords":-9223372036854775808,"SeverityValue":2,"TargetObject":"HKU\\S-1-5-20\\Software\\Microsoft\\Windows\\CurrentVersion\\DeliveryOptimization\\Usage\\PeerInfoCount","EventTypeOrignal":"INFO","EventID":13,"ProviderGuid":"{5770385F-C22A-43E0-BF4C-06F5698FFBD9}","ExecutionProcessID":3392,"host":"wec.internal.cloudapp.net","Channel":"Microsoft-Windows-Sysmon/Operational","UserID":"S-1-5-18","AccountType":"User","ThreadID":5552,"ProcessGuid":"{d273d0f0-e879-5f64-5c00-000000000800}","Details":"DWORD (0x00000000)","EventReceivedTime":"2020-09-19 21:18:00","Opcode":"Info","EventTime":"2020-09-19 21:18:00","@timestamp":"2020-09-20T01:18:00.758Z","SourceModuleType":"im_msvistalog","port":64545,"AccountName":"SYSTEM","RecordNumber":2581923,"Task":13,"Domain":"NT AUTHORITY","@version":"1","OpcodeValue":0,"SourceModuleName":"eventlog","Severity":"INFO","SourceName":"Microsoft-Windows-Sysmon","Version":2,"Image":"C:\\windows\\System32\\svchost.exe","Category":"Registry value set (rule: RegistryEvent)","UtcTime":"2020-09-20 01:18:00.412","Hostname":"WORKSTATION6.theshire.local","RuleName":"-","tags":["mordorDataset"]}
{"Keywords":-9223372036854775808,"SeverityValue":2,"TargetObject":"HKU\\S-1-5-20\\Software\\Microsoft\\Windows\\CurrentVersion\\DeliveryOptimization\\Usage\\CDNConnectionCount","EventTypeOrignal":"INFO","EventID":13,"ProviderGuid":"{5770385F-C22A-43E0-BF4C-06F5698FFBD9}","ExecutionProcessID":3392,"host":"wec.internal.cloudapp.net","Channel":"Microsoft-Windows-Sysmon/Operational","UserID":"S-1-5-18","AccountType":"User","ThreadID":5552,"ProcessGuid":"{d273d0f0-e879-5f64-5c00-000000000800}","Details":"DWORD (0x00000000)","EventReceivedTime":"2020-09-19 21:18:00","Opcode":"Info","EventTime":"2020-09-19 21:18:00","@timestamp":"2020-09-20T01:18:00.758Z","SourceModuleType":"im_msvistalog","port":64545,"AccountName":"SYSTEM","RecordNumber":2581924,"Task":13,"Domain":"NT AUTHORITY","@version":"1","OpcodeValue":0,"SourceModuleName":"eventlog","Severity":"INFO","SourceName":"Microsoft-Windows-Sysmon","Version":2,"Image":"C:\\windows\\System32\\svchost.exe","Category":"Registry value set (rule: RegistryEvent)","UtcTime":"2020-09-20 01:18:00.412","Hostname":"WORKSTATION6.theshire.local","RuleName":"-","tags":["mordorDataset"]}
{"Keywords":-9223372036854775808,"SeverityValue":2,"TargetObject":"HKU\\S-1-5-20\\Software\\Microsoft\\Windows\\CurrentVersion\\DeliveryOptimization\\Usage\\LANConnectionCount","EventTypeOrignal":"INFO","EventID":13,"ProviderGuid":"{5770385F-C22A-43E0-BF4C-06F5698FFBD9}","ExecutionProcessID":3392,"host":"wec.internal.cloudapp.net","Channel":"Microsoft-Windows-Sysmon/Operational","UserID":"S-1-5-18","AccountType":"User","ThreadID":5552,"ProcessGuid":"{d273d0f0-e879-5f64-5c00-000000000800}","Details":"DWORD (0x00000000)","EventReceivedTime":"2020-09-19 21:18:00","Opcode":"Info","EventTime":"2020-09-19 21:18:00","@timestamp":"2020-09-20T01:18:00.758Z","SourceModuleType":"im_msvistalog","port":64545,"AccountName":"SYSTEM","RecordNumber":2581925,"Task":13,"Domain":"NT AUTHORITY","@version":"1","OpcodeValue":0,"SourceModuleName":"eventlog","Severity":"INFO","SourceName":"Microsoft-Windows-Sysmon","Version":2,"Image":"C:\\windows\\System32\\svchost.exe","Category":"Registry value set (rule: RegistryEvent)","UtcTime":"2020-09-20 01:18:00.412","Hostname":"WORKSTATION6.theshire.local","RuleName":"-","tags":["mordorDataset"]}
{"Keywords":-9223372036854775808,"SeverityValue":2,"TargetObject":"HKU\\S-1-5-20\\Software\\Microsoft\\Windows\\CurrentVersion\\DeliveryOptimization\\Usage\\LinkLocalConnectionCount","EventTypeOrignal":"INFO","EventID":13,"ProviderGuid":"{5770385F-C22A-43E0-BF4C-06F5698FFBD9}","ExecutionProcessID":3392,"host":"wec.internal.cloudapp.net","Channel":"Microsoft-Windows-Sysmon/Operational","UserID":"S-1-5-18","AccountType":"User","ThreadID":5552,"ProcessGuid":"{d273d0f0-e879-5f64-5c00-000000000800}","Details":"DWORD (0x00000000)","EventReceivedTime":"2020-09-19 21:18:00","Opcode":"Info","EventTime":"2020-09-19 21:18:00","@timestamp":"2020-09-20T01:18:00.759Z","SourceModuleType":"im_msvistalog","port":64545,"AccountName":"SYSTEM","RecordNumber":2581926,"Task":13,"Domain":"NT AUTHORITY","@version":"1","OpcodeValue":0,"SourceModuleName":"eventlog","Severity":"INFO","SourceName":"Microsoft-Windows-Sysmon","Version":2,"Image":"C:\\windows\\System32\\svchost.exe","Category":"Registry value set (rule: RegistryEvent)","UtcTime":"2020-09-20 01:18:00.412","Hostname":"WORKSTATION6.theshire.local","RuleName":"-","tags":["mordorDataset"]}
{"Keywords":-9223372036854775808,"SeverityValue":2,"TargetObject":"HKU\\S-1-5-20\\Software\\Microsoft\\Windows\\CurrentVersion\\DeliveryOptimization\\Usage\\GroupConnectionCount","EventTypeOrignal":"INFO","EventID":13,"ProviderGuid":"{5770385F-C22A-43E0-BF4C-06F5698FFBD9}","ExecutionProcessID":3392,"host":"wec.internal.cloudapp.net","Channel":"Microsoft-Windows-Sysmon/Operational","UserID":"S-1-5-18","AccountType":"User","ThreadID":5552,"ProcessGuid":"{d273d0f0-e879-5f64-5c00-000000000800}","Details":"DWORD (0x00000000)","EventReceivedTime":"2020-09-19 21:18:00","Opcode":"Info","EventTime":"2020-09-19 21:18:00","@timestamp":"2020-09-20T01:18:00.760Z","SourceModuleType":"im_msvistalog","port":64545,"AccountName":"SYSTEM","RecordNumber":2581927,"Task":13,"Domain":"NT AUTHORITY","@version":"1","OpcodeValue":0,"SourceModuleName":"eventlog","Severity":"INFO","SourceName":"Microsoft-Windows-Sysmon","Version":2,"Image":"C:\\windows\\System32\\svchost.exe","Category":"Registry value set (rule: RegistryEvent)","UtcTime":"2020-09-20 01:18:00.412","Hostname":"WORKSTATION6.theshire.local","RuleName":"-","tags":["mordorDataset"]}
{"Keywords":-9223372036854775808,"SeverityValue":2,"TargetObject":"HKU\\S-1-5-20\\Software\\Microsoft\\Windows\\CurrentVersion\\DeliveryOptimization\\Usage\\InternetConnectionCount","EventTypeOrignal":"INFO","EventID":13,"ProviderGuid":"{5770385F-C22A-43E0-BF4C-06F5698FFBD9}","ExecutionProcessID":3392,"host":"wec.internal.cloudapp.net","Channel":"Microsoft-Windows-Sysmon/Operational","UserID":"S-1-5-18","AccountType":"User","ThreadID":5552,"ProcessGuid":"{d273d0f0-e879-5f64-5c00-000000000800}","Details":"DWORD (0x00000000)","EventReceivedTime":"2020-09-19 21:18:00","Opcode":"Info","EventTime":"2020-09-19 21:18:00","@timestamp":"2020-09-20T01:18:00.760Z","SourceModuleType":"im_msvistalog","port":64545,"AccountName":"SYSTEM","RecordNumber":2581928,"Task":13,"Domain":"NT AUTHORITY","@version":"1","OpcodeValue":0,"SourceModuleName":"eventlog","Severity":"INFO","SourceName":"Microsoft-Windows-Sysmon","Version":2,"Image":"C:\\windows\\System32\\svchost.exe","Category":"Registry value set (rule: RegistryEvent)","UtcTime":"2020-09-20 01:18:00.412","Hostname":"WORKSTATION6.theshire.local","RuleName":"-","tags":["mordorDataset"]}
{"Keywords":-9223372036854775808,"SeverityValue":2,"TargetObject":"HKU\\S-1-5-20\\Software\\Microsoft\\Windows\\CurrentVersion\\DeliveryOptimization\\Usage\\DownlinkBps","EventTypeOrignal":"INFO","EventID":13,"ProviderGuid":"{5770385F-C22A-43E0-BF4C-06F5698FFBD9}","ExecutionProcessID":3392,"host":"wec.internal.cloudapp.net","Channel":"Microsoft-Windows-Sysmon/Operational","UserID":"S-1-5-18","AccountType":"User","ThreadID":5552,"ProcessGuid":"{d273d0f0-e879-5f64-5c00-000000000800}","Details":"DWORD (0x00000000)","EventReceivedTime":"2020-09-19 21:18:00","Opcode":"Info","EventTime":"2020-09-19 21:18:00","@timestamp":"2020-09-20T01:18:00.761Z","SourceModuleType":"im_msvistalog","port":64545,"AccountName":"SYSTEM","RecordNumber":2581929,"Task":13,"Domain":"NT AUTHORITY","@version":"1","OpcodeValue":0,"SourceModuleName":"eventlog","Severity":"INFO","SourceName":"Microsoft-Windows-Sysmon","Version":2,"Image":"C:\\windows\\System32\\svchost.exe","Category":"Registry value set (rule: RegistryEvent)","UtcTime":"2020-09-20 01:18:00.412","Hostname":"WORKSTATION6.theshire.local","RuleName":"-","tags":["mordorDataset"]}
{"Keywords":-9223372036854775808,"SeverityValue":2,"TargetObject":"HKU\\S-1-5-20\\Software\\Microsoft\\Windows\\CurrentVersion\\DeliveryOptimization\\Usage\\UplinkBps","EventTypeOrignal":"INFO","EventID":13,"ProviderGuid":"{5770385F-C22A-43E0-BF4C-06F5698FFBD9}","ExecutionProcessID":3392,"host":"wec.internal.cloudapp.net","Channel":"Microsoft-Windows-Sysmon/Operational","UserID":"S-1-5-18","AccountType":"User","ThreadID":5552,"ProcessGuid":"{d273d0f0-e879-5f64-5c00-000000000800}","Details":"DWORD (0x00000000)","EventReceivedTime":"2020-09-19 21:18:00","Opcode":"Info","EventTime":"2020-09-19 21:18:00","@timestamp":"2020-09-20T01:18:00.761Z","SourceModuleType":"im_msvistalog","port":64545,"AccountName":"SYSTEM","RecordNumber":2581930,"Task":13,"Domain":"NT AUTHORITY","@version":"1","OpcodeValue":0,"SourceModuleName":"eventlog","Severity":"INFO","SourceName":"Microsoft-Windows-Sysmon","Version":2,"Image":"C:\\windows\\System32\\svchost.exe","Category":"Registry value set (rule: RegistryEvent)","UtcTime":"2020-09-20 01:18:00.412","Hostname":"WORKSTATION6.theshire.local","RuleName":"-","tags":["mordorDataset"]}
{"Keywords":-9223372036854775808,"SeverityValue":2,"TargetObject":"HKU\\S-1-5-20\\Software\\Microsoft\\Windows\\CurrentVersion\\DeliveryOptimization\\Usage\\FrDownloadRatePct","EventTypeOrignal":"INFO","EventID":13,"ProviderGuid":"{5770385F-C22A-43E0-BF4C-06F5698FFBD9}","ExecutionProcessID":3392,"host":"wec.internal.cloudapp.net","Channel":"Microsoft-Windows-Sysmon/Operational","UserID":"S-1-5-18","AccountType":"User","ThreadID":5552,"ProcessGuid":"{d273d0f0-e879-5f64-5c00-000000000800}","Details":"DWORD (0x0000005a)","EventReceivedTime":"2020-09-19 21:18:00","Opcode":"Info","EventTime":"2020-09-19 21:18:00","@timestamp":"2020-09-20T01:18:00.762Z","SourceModuleType":"im_msvistalog","port":64545,"AccountName":"SYSTEM","RecordNumber":2581931,"Task":13,"Domain":"NT AUTHORITY","@version":"1","OpcodeValue":0,"SourceModuleName":"eventlog","Severity":"INFO","SourceName":"Microsoft-Windows-Sysmon","Version":2,"Image":"C:\\windows\\System32\\svchost.exe","Category":"Registry value set (rule: RegistryEvent)","UtcTime":"2020-09-20 01:18:00.412","Hostname":"WORKSTATION6.theshire.local","RuleName":"-","tags":["mordorDataset"]}
{"Keywords":-9223372036854775808,"SeverityValue":2,"TargetObject":"HKU\\S-1-5-20\\Software\\Microsoft\\Windows\\CurrentVersion\\DeliveryOptimization\\Usage\\BkDownloadRatePct","EventTypeOrignal":"INFO","EventID":13,"ProviderGuid":"{5770385F-C22A-43E0-BF4C-06F5698FFBD9}","ExecutionProcessID":3392,"host":"wec.internal.cloudapp.net","Channel":"Microsoft-Windows-Sysmon/Operational","UserID":"S-1-5-18","AccountType":"User","ThreadID":5552,"ProcessGuid":"{d273d0f0-e879-5f64-5c00-000000000800}","Details":"DWORD (0x0000002d)","EventReceivedTime":"2020-09-19 21:18:00","Opcode":"Info","EventTime":"2020-09-19 21:18:00","@timestamp":"2020-09-20T01:18:00.762Z","SourceModuleType":"im_msvistalog","port":64545,"AccountName":"SYSTEM","RecordNumber":2581932,"Task":13,"Domain":"NT AUTHORITY","@version":"1","OpcodeValue":0,"SourceModuleName":"eventlog","Severity":"INFO","SourceName":"Microsoft-Windows-Sysmon","Version":2,"Image":"C:\\windows\\System32\\svchost.exe","Category":"Registry value set (rule: RegistryEvent)","UtcTime":"2020-09-20 01:18:00.412","Hostname":"WORKSTATION6.theshire.local","RuleName":"-","tags":["mordorDataset"]}
{"Keywords":-9223372036854775808,"SeverityValue":2,"TargetObject":"HKU\\S-1-5-20\\Software\\Microsoft\\Windows\\CurrentVersion\\DeliveryOptimization\\Usage\\UploadRatePct","EventTypeOrignal":"INFO","EventID":13,"ProviderGuid":"{5770385F-C22A-43E0-BF4C-06F5698FFBD9}","ExecutionProcessID":3392,"host":"wec.internal.cloudapp.net","Channel":"Microsoft-Windows-Sysmon/Operational","UserID":"S-1-5-18","AccountType":"User","ThreadID":5552,"ProcessGuid":"{d273d0f0-e879-5f64-5c00-000000000800}","Details":"DWORD (0x00000064)","EventReceivedTime":"2020-09-19 21:18:00","Opcode":"Info","EventTime":"2020-09-19 21:18:00","@timestamp":"2020-09-20T01:18:00.763Z","SourceModuleType":"im_msvistalog","port":64545,"AccountName":"SYSTEM","RecordNumber":2581933,"Task":13,"Domain":"NT AUTHORITY","@version":"1","OpcodeValue":0,"SourceModuleName":"eventlog","Severity":"INFO","SourceName":"Microsoft-Windows-Sysmon","Version":2,"Image":"C:\\windows\\System32\\svchost.exe","Category":"Registry value set (rule: RegistryEvent)","UtcTime":"2020-09-20 01:18:00.412","Hostname":"WORKSTATION6.theshire.local","RuleName":"-","tags":["mordorDataset"]}
{"Keywords":-9223372036854775808,"SeverityValue":2,"TargetObject":"HKU\\S-1-5-20\\Software\\Microsoft\\Windows\\CurrentVersion\\DeliveryOptimization\\Usage\\MonthlyUploadRestriction","EventTypeOrignal":"INFO","EventID":13,"ProviderGuid":"{5770385F-C22A-43E0-BF4C-06F5698FFBD9}","ExecutionProcessID":3392,"host":"wec.internal.cloudapp.net","Channel":"Microsoft-Windows-Sysmon/Operational","UserID":"S-1-5-18","AccountType":"User","ThreadID":5552,"ProcessGuid":"{d273d0f0-e879-5f64-5c00-000000000800}","Details":"DWORD (0x00000000)","EventReceivedTime":"2020-09-19 21:18:00","Opcode":"Info","EventTime":"2020-09-19 21:18:00","@timestamp":"2020-09-20T01:18:00.763Z","SourceModuleType":"im_msvistalog","port":64545,"AccountName":"SYSTEM","RecordNumber":2581934,"Task":13,"Domain":"NT AUTHORITY","@version":"1","OpcodeValue":0,"SourceModuleName":"eventlog","Severity":"INFO","SourceName":"Microsoft-Windows-Sysmon","Version":2,"Image":"C:\\windows\\System32\\svchost.exe","Category":"Registry value set (rule: RegistryEvent)","UtcTime":"2020-09-20 01:18:00.412","Hostname":"WORKSTATION6.theshire.local","RuleName":"-","tags":["mordorDataset"]}
{"Keywords":-9223372036854775808,"SeverityValue":2,"TargetObject":"HKU\\S-1-5-20\\Software\\Microsoft\\Windows\\CurrentVersion\\DeliveryOptimization\\Usage\\UploadCount","EventTypeOrignal":"INFO","EventID":13,"ProviderGuid":"{5770385F-C22A-43E0-BF4C-06F5698FFBD9}","ExecutionProcessID":3392,"host":"wec.internal.cloudapp.net","Channel":"Microsoft-Windows-Sysmon/Operational","UserID":"S-1-5-18","AccountType":"User","ThreadID":5552,"ProcessGuid":"{d273d0f0-e879-5f64-5c00-000000000800}","Details":"DWORD (0x00000002)","EventReceivedTime":"2020-09-19 21:18:00","Opcode":"Info","EventTime":"2020-09-19 21:18:00","@timestamp":"2020-09-20T01:18:00.763Z","SourceModuleType":"im_msvistalog","port":64545,"AccountName":"SYSTEM","RecordNumber":2581935,"Task":13,"Domain":"NT AUTHORITY","@version":"1","OpcodeValue":0,"SourceModuleName":"eventlog","Severity":"INFO","SourceName":"Microsoft-Windows-Sysmon","Version":2,"Image":"C:\\windows\\System32\\svchost.exe","Category":"Registry value set (rule: RegistryEvent)","UtcTime":"2020-09-20 01:18:00.412","Hostname":"WORKSTATION6.theshire.local","RuleName":"-","tags":["mordorDataset"]}
{"Keywords":-9223372036854775808,"SeverityValue":2,"TargetObject":"HKU\\S-1-5-20\\Software\\Microsoft\\Windows\\CurrentVersion\\DeliveryOptimization\\Usage\\PriorityDownloadCount","EventTypeOrignal":"INFO","EventID":13,"ProviderGuid":"{5770385F-C22A-43E0-BF4C-06F5698FFBD9}","ExecutionProcessID":3392,"host":"wec.internal.cloudapp.net","Channel":"Microsoft-Windows-Sysmon/Operational","UserID":"S-1-5-18","AccountType":"User","ThreadID":5552,"ProcessGuid":"{d273d0f0-e879-5f64-5c00-000000000800}","Details":"DWORD (0x00000000)","EventReceivedTime":"2020-09-19 21:18:00","Opcode":"Info","EventTime":"2020-09-19 21:18:00","@timestamp":"2020-09-20T01:18:00.764Z","SourceModuleType":"im_msvistalog","port":64545,"AccountName":"SYSTEM","RecordNumber":2581936,"Task":13,"Domain":"NT AUTHORITY","@version":"1","OpcodeValue":0,"SourceModuleName":"eventlog","Severity":"INFO","SourceName":"Microsoft-Windows-Sysmon","Version":2,"Image":"C:\\windows\\System32\\svchost.exe","Category":"Registry value set (rule: RegistryEvent)","UtcTime":"2020-09-20 01:18:00.412","Hostname":"WORKSTATION6.theshire.local","RuleName":"-","tags":["mordorDataset"]}
{"Keywords":-9223372036854775808,"SeverityValue":2,"TargetObject":"HKU\\S-1-5-20\\Software\\Microsoft\\Windows\\CurrentVersion\\DeliveryOptimization\\Usage\\PriorityDownloadPendingCount","EventTypeOrignal":"INFO","EventID":13,"ProviderGuid":"{5770385F-C22A-43E0-BF4C-06F5698FFBD9}","ExecutionProcessID":3392,"host":"wec.internal.cloudapp.net","Channel":"Microsoft-Windows-Sysmon/Operational","UserID":"S-1-5-18","AccountType":"User","ThreadID":5552,"ProcessGuid":"{d273d0f0-e879-5f64-5c00-000000000800}","Details":"DWORD (0x00000000)","EventReceivedTime":"2020-09-19 21:18:00","Opcode":"Info","EventTime":"2020-09-19 21:18:00","@timestamp":"2020-09-20T01:18:00.765Z","SourceModuleType":"im_msvistalog","port":64545,"AccountName":"SYSTEM","RecordNumber":2581937,"Task":13,"Domain":"NT AUTHORITY","@version":"1","OpcodeValue":0,"SourceModuleName":"eventlog","Severity":"INFO","SourceName":"Microsoft-Windows-Sysmon","Version":2,"Image":"C:\\windows\\System32\\svchost.exe","Category":"Registry value set (rule: RegistryEvent)","UtcTime":"2020-09-20 01:18:00.412","Hostname":"WORKSTATION6.theshire.local","RuleName":"-","tags":["mordorDataset"]}
{"Keywords":-9223372036854775808,"SeverityValue":2,"TargetObject":"HKU\\S-1-5-20\\Software\\Microsoft\\Windows\\CurrentVersion\\DeliveryOptimization\\Usage\\NormalDownloadCount","EventTypeOrignal":"INFO","EventID":13,"ProviderGuid":"{5770385F-C22A-43E0-BF4C-06F5698FFBD9}","ExecutionProcessID":3392,"host":"wec.internal.cloudapp.net","Channel":"Microsoft-Windows-Sysmon/Operational","UserID":"S-1-5-18","AccountType":"User","ThreadID":5552,"ProcessGuid":"{d273d0f0-e879-5f64-5c00-000000000800}","Details":"DWORD (0x00000000)","EventReceivedTime":"2020-09-19 21:18:00","Opcode":"Info","EventTime":"2020-09-19 21:18:00","@timestamp":"2020-09-20T01:18:00.765Z","SourceModuleType":"im_msvistalog","port":64545,"AccountName":"SYSTEM","RecordNumber":2581938,"Task":13,"Domain":"NT AUTHORITY","@version":"1","OpcodeValue":0,"SourceModuleName":"eventlog","Severity":"INFO","SourceName":"Microsoft-Windows-Sysmon","Version":2,"Image":"C:\\windows\\System32\\svchost.exe","Category":"Registry value set (rule: RegistryEvent)","UtcTime":"2020-09-20 01:18:00.412","Hostname":"WORKSTATION6.theshire.local","RuleName":"-","tags":["mordorDataset"]}
{"Keywords":-9223372036854775808,"SeverityValue":2,"TargetObject":"HKU\\S-1-5-20\\Software\\Microsoft\\Windows\\CurrentVersion\\DeliveryOptimization\\Usage\\NormalDownloadPendingCount","EventTypeOrignal":"INFO","EventID":13,"ProviderGuid":"{5770385F-C22A-43E0-BF4C-06F5698FFBD9}","ExecutionProcessID":3392,"host":"wec.internal.cloudapp.net","Channel":"Microsoft-Windows-Sysmon/Operational","UserID":"S-1-5-18","AccountType":"User","ThreadID":5552,"ProcessGuid":"{d273d0f0-e879-5f64-5c00-000000000800}","Details":"DWORD (0x00000000)","EventReceivedTime":"2020-09-19 21:18:00","Opcode":"Info","EventTime":"2020-09-19 21:18:00","@timestamp":"2020-09-20T01:18:00.766Z","SourceModuleType":"im_msvistalog","port":64545,"AccountName":"SYSTEM","RecordNumber":2581939,"Task":13,"Domain":"NT AUTHORITY","@version":"1","OpcodeValue":0,"SourceModuleName":"eventlog","Severity":"INFO","SourceName":"Microsoft-Windows-Sysmon","Version":2,"Image":"C:\\windows\\System32\\svchost.exe","Category":"Registry value set (rule: RegistryEvent)","UtcTime":"2020-09-20 01:18:00.412","Hostname":"WORKSTATION6.theshire.local","RuleName":"-","tags":["mordorDataset"]}
{"Keywords":-9223372036854775808,"SeverityValue":2,"TargetObject":"\\REGISTRY\\A\\{1511df1d-cb5e-b75a-7ea4-ec96b8d89233}\\DeliveryOptimization\\Swarms\\95D2EE60-C9D3-45E4-876D-BAE16D758A87_16_0_13127_20408_STREAM_X86_EN_US","EventTypeOrignal":"INFO","EventID":12,"ProviderGuid":"{5770385F-C22A-43E0-BF4C-06F5698FFBD9}","ExecutionProcessID":3392,"host":"wec.internal.cloudapp.net","Channel":"Microsoft-Windows-Sysmon/Operational","UserID":"S-1-5-18","AccountType":"User","ThreadID":5552,"ProcessGuid":"{d273d0f0-e879-5f64-5c00-000000000800}","EventReceivedTime":"2020-09-19 21:18:00","Opcode":"Info","EventTime":"2020-09-19 21:18:00","@timestamp":"2020-09-20T01:18:00.766Z","SourceModuleType":"im_msvistalog","port":64545,"AccountName":"SYSTEM","RecordNumber":2581940,"Task":12,"Domain":"NT AUTHORITY","@version":"1","OpcodeValue":0,"SourceModuleName":"eventlog","Severity":"INFO","SourceName":"Microsoft-Windows-Sysmon","Version":2,"Image":"C:\\windows\\System32\\svchost.exe","Category":"Registry object added or deleted (rule: RegistryEvent)","UtcTime":"2020-09-20 01:18:00.412","Hostname":"WORKSTATION6.theshire.local","RuleName":"-","tags":["mordorDataset"]}
{"Keywords":-9223372036854775808,"SeverityValue":2,"TargetObject":"\\REGISTRY\\A\\{1511df1d-cb5e-b75a-7ea4-ec96b8d89233}\\DeliveryOptimization\\Swarms\\95D2EE60-C9D3-45E4-876D-BAE16D758A87_16_0_13127_20408_STREAM_X86_EN_US\\HashID","EventTypeOrignal":"INFO","EventID":13,"ProviderGuid":"{5770385F-C22A-43E0-BF4C-06F5698FFBD9}","ExecutionProcessID":3392,"host":"wec.internal.cloudapp.net","Channel":"Microsoft-Windows-Sysmon/Operational","UserID":"S-1-5-18","AccountType":"User","ThreadID":5552,"ProcessGuid":"{d273d0f0-e879-5f64-5c00-000000000800}","Details":"03486ca3b1768fab284fe983a0c83cb2b84a5378495ce123a0322d090d964f8b","EventReceivedTime":"2020-09-19 21:18:00","Opcode":"Info","EventTime":"2020-09-19 21:18:00","@timestamp":"2020-09-20T01:18:00.766Z","SourceModuleType":"im_msvistalog","port":64545,"AccountName":"SYSTEM","RecordNumber":2581941,"Task":13,"Domain":"NT AUTHORITY","@version":"1","OpcodeValue":0,"SourceModuleName":"eventlog","Severity":"INFO","SourceName":"Microsoft-Windows-Sysmon","Version":2,"Image":"C:\\windows\\System32\\svchost.exe","Category":"Registry value set (rule: RegistryEvent)","UtcTime":"2020-09-20 01:18:00.412","Hostname":"WORKSTATION6.theshire.local","RuleName":"-","tags":["mordorDataset"]}
{"Keywords":-9223372036854775808,"SeverityValue":2,"TargetObject":"\\REGISTRY\\A\\{1511df1d-cb5e-b75a-7ea4-ec96b8d89233}\\DeliveryOptimization\\Swarms\\95D2EE60-C9D3-45E4-876D-BAE16D758A87_16_0_13127_20408_STREAM_X86_EN_US\\Rank","EventTypeOrignal":"INFO","EventID":13,"ProviderGuid":"{5770385F-C22A-43E0-BF4C-06F5698FFBD9}","ExecutionProcessID":3392,"host":"wec.internal.cloudapp.net","Channel":"Microsoft-Windows-Sysmon/Operational","UserID":"S-1-5-18","AccountType":"User","ThreadID":5552,"ProcessGuid":"{d273d0f0-e879-5f64-5c00-000000000800}","Details":"0.000000","EventReceivedTime":"2020-09-19 21:18:00","Opcode":"Info","EventTime":"2020-09-19 21:18:00","@timestamp":"2020-09-20T01:18:00.767Z","SourceModuleType":"im_msvistalog","port":64545,"AccountName":"SYSTEM","RecordNumber":2581942,"Task":13,"Domain":"NT AUTHORITY","@version":"1","OpcodeValue":0,"SourceModuleName":"eventlog","Severity":"INFO","SourceName":"Microsoft-Windows-Sysmon","Version":2,"Image":"C:\\windows\\System32\\svchost.exe","Category":"Registry value set (rule: RegistryEvent)","UtcTime":"2020-09-20 01:18:00.412","Hostname":"WORKSTATION6.theshire.local","RuleName":"-","tags":["mordorDataset"]}
{"Keywords":-9223372036854775808,"SeverityValue":2,"TargetObject":"\\REGISTRY\\A\\{1511df1d-cb5e-b75a-7ea4-ec96b8d89233}\\DeliveryOptimization\\Swarms\\95D2EE60-C9D3-45E4-876D-BAE16D758A87_16_0_13127_20408_STREAM_X86_EN_US\\UploadForSecs","EventTypeOrignal":"INFO","EventID":13,"ProviderGuid":"{5770385F-C22A-43E0-BF4C-06F5698FFBD9}","ExecutionProcessID":3392,"host":"wec.internal.cloudapp.net","Channel":"Microsoft-Windows-Sysmon/Operational","UserID":"S-1-5-18","AccountType":"User","ThreadID":5552,"ProcessGuid":"{d273d0f0-e879-5f64-5c00-000000000800}","Details":"DWORD (0x0003f480)","EventReceivedTime":"2020-09-19 21:18:00","Opcode":"Info","EventTime":"2020-09-19 21:18:00","@timestamp":"2020-09-20T01:18:00.767Z","SourceModuleType":"im_msvistalog","port":64545,"AccountName":"SYSTEM","RecordNumber":2581943,"Task":13,"Domain":"NT AUTHORITY","@version":"1","OpcodeValue":0,"SourceModuleName":"eventlog","Severity":"INFO","SourceName":"Microsoft-Windows-Sysmon","Version":2,"Image":"C:\\windows\\System32\\svchost.exe","Category":"Registry value set (rule: RegistryEvent)","UtcTime":"2020-09-20 01:18:00.412","Hostname":"WORKSTATION6.theshire.local","RuleName":"-","tags":["mordorDataset"]}
{"Keywords":-9223372036854775808,"SeverityValue":2,"TargetObject":"\\REGISTRY\\A\\{1511df1d-cb5e-b75a-7ea4-ec96b8d89233}\\DeliveryOptimization\\Swarms\\95D2EE60-C9D3-45E4-876D-BAE16D758A87_16_0_13127_20408_STREAM_X86_EN_US\\IsPinned","EventTypeOrignal":"INFO","EventID":13,"ProviderGuid":"{5770385F-C22A-43E0-BF4C-06F5698FFBD9}","ExecutionProcessID":3392,"host":"wec.internal.cloudapp.net","Channel":"Microsoft-Windows-Sysmon/Operational","UserID":"S-1-5-18","AccountType":"User","ThreadID":5552,"ProcessGuid":"{d273d0f0-e879-5f64-5c00-000000000800}","Details":"DWORD (0x00000000)","EventReceivedTime":"2020-09-19 21:18:00","Opcode":"Info","EventTime":"2020-09-19 21:18:00","@timestamp":"2020-09-20T01:18:00.767Z","SourceModuleType":"im_msvistalog","port":64545,"AccountName":"SYSTEM","RecordNumber":2581944,"Task":13,"Domain":"NT AUTHORITY","@version":"1","OpcodeValue":0,"SourceModuleName":"eventlog","Severity":"INFO","SourceName":"Microsoft-Windows-Sysmon","Version":2,"Image":"C:\\windows\\System32\\svchost.exe","Category":"Registry value set (rule: RegistryEvent)","UtcTime":"2020-09-20 01:18:00.412","Hostname":"WORKSTATION6.theshire.local","RuleName":"-","tags":["mordorDataset"]}
{"Keywords":-9223372036854775808,"SeverityValue":2,"TargetObject":"\\REGISTRY\\A\\{1511df1d-cb5e-b75a-7ea4-ec96b8d89233}\\DeliveryOptimization\\Swarms\\95D2EE60-C9D3-45E4-876D-BAE16D758A87_16_0_13127_20408_STREAM_X86_EN_US\\ExpireAtTimeFT","EventTypeOrignal":"INFO","EventID":13,"ProviderGuid":"{5770385F-C22A-43E0-BF4C-06F5698FFBD9}","ExecutionProcessID":3392,"host":"wec.internal.cloudapp.net","Channel":"Microsoft-Windows-Sysmon/Operational","UserID":"S-1-5-18","AccountType":"User","ThreadID":5552,"ProcessGuid":"{d273d0f0-e879-5f64-5c00-000000000800}","Details":"QWORD (0x01d68f66-0xb9a5bd3f)","EventReceivedTime":"2020-09-19 21:18:00","Opcode":"Info","EventTime":"2020-09-19 21:18:00","@timestamp":"2020-09-20T01:18:00.768Z","SourceModuleType":"im_msvistalog","port":64545,"AccountName":"SYSTEM","RecordNumber":2581945,"Task":13,"Domain":"NT AUTHORITY","@version":"1","OpcodeValue":0,"SourceModuleName":"eventlog","Severity":"INFO","SourceName":"Microsoft-Windows-Sysmon","Version":2,"Image":"C:\\windows\\System32\\svchost.exe","Category":"Registry value set (rule: RegistryEvent)","UtcTime":"2020-09-20 01:18:00.412","Hostname":"WORKSTATION6.theshire.local","RuleName":"-","tags":["mordorDataset"]}
{"Keywords":-9223372036854775808,"SeverityValue":2,"TargetObject":"\\REGISTRY\\A\\{1511df1d-cb5e-b75a-7ea4-ec96b8d89233}\\DeliveryOptimization\\Swarms\\95D2EE60-C9D3-45E4-876D-BAE16D758A87_16_0_13127_20408_STREAM_X86_EN_US\\ExpireAtOverride","EventTypeOrignal":"INFO","EventID":13,"ProviderGuid":"{5770385F-C22A-43E0-BF4C-06F5698FFBD9}","ExecutionProcessID":3392,"host":"wec.internal.cloudapp.net","Channel":"Microsoft-Windows-Sysmon/Operational","UserID":"S-1-5-18","AccountType":"User","ThreadID":5552,"ProcessGuid":"{d273d0f0-e879-5f64-5c00-000000000800}","Details":"DWORD (0x00000000)","EventReceivedTime":"2020-09-19 21:18:00","Opcode":"Info","EventTime":"2020-09-19 21:18:00","@timestamp":"2020-09-20T01:18:00.768Z","SourceModuleType":"im_msvistalog","port":64545,"AccountName":"SYSTEM","RecordNumber":2581946,"Task":13,"Domain":"NT AUTHORITY","@version":"1","OpcodeValue":0,"SourceModuleName":"eventlog","Severity":"INFO","SourceName":"Microsoft-Windows-Sysmon","Version":2,"Image":"C:\\windows\\System32\\svchost.exe","Category":"Registry value set (rule: RegistryEvent)","UtcTime":"2020-09-20 01:18:00.412","Hostname":"WORKSTATION6.theshire.local","RuleName":"-","tags":["mordorDataset"]}
{"Keywords":-9223372036854775808,"SeverityValue":2,"TargetObject":"\\REGISTRY\\A\\{1511df1d-cb5e-b75a-7ea4-ec96b8d89233}\\DeliveryOptimization\\Swarms\\95D2EE60-C9D3-45E4-876D-BAE16D758A87_16_0_13127_20408_STREAM_X86_EN_US\\Upload","EventTypeOrignal":"INFO","EventID":13,"ProviderGuid":"{5770385F-C22A-43E0-BF4C-06F5698FFBD9}","ExecutionProcessID":3392,"host":"wec.internal.cloudapp.net","Channel":"Microsoft-Windows-Sysmon/Operational","UserID":"S-1-5-18","AccountType":"User","ThreadID":5552,"ProcessGuid":"{d273d0f0-e879-5f64-5c00-000000000800}","Details":"DWORD (0x00000001)","EventReceivedTime":"2020-09-19 21:18:00","Opcode":"Info","EventTime":"2020-09-19 21:18:00","@timestamp":"2020-09-20T01:18:00.768Z","SourceModuleType":"im_msvistalog","port":64545,"AccountName":"SYSTEM","RecordNumber":2581947,"Task":13,"Domain":"NT AUTHORITY","@version":"1","OpcodeValue":0,"SourceModuleName":"eventlog","Severity":"INFO","SourceName":"Microsoft-Windows-Sysmon","Version":2,"Image":"C:\\windows\\System32\\svchost.exe","Category":"Registry value set (rule: RegistryEvent)","UtcTime":"2020-09-20 01:18:00.412","Hostname":"WORKSTATION6.theshire.local","RuleName":"-","tags":["mordorDataset"]}
{"Keywords":-9223372036854775808,"SeverityValue":2,"TargetObject":"\\REGISTRY\\A\\{1511df1d-cb5e-b75a-7ea4-ec96b8d89233}\\DeliveryOptimization\\Swarms\\95D2EE60-C9D3-45E4-876D-BAE16D758A87_16_0_13127_20408_STREAM_X86_EN_US\\CdnURL","EventTypeOrignal":"INFO","EventID":13,"ProviderGuid":"{5770385F-C22A-43E0-BF4C-06F5698FFBD9}","ExecutionProcessID":3392,"host":"wec.internal.cloudapp.net","Channel":"Microsoft-Windows-Sysmon/Operational","UserID":"S-1-5-18","AccountType":"User","ThreadID":5552,"ProcessGuid":"{d273d0f0-e879-5f64-5c00-000000000800}","Details":"t^^\\\\^^hrdfj`lZf`bZhrnZr`Znllnl`^^^bl\\`\\bfbdn\\d`h`p^\\pl\\Z\\","EventReceivedTime":"2020-09-19 21:18:00","Opcode":"Info","EventTime":"2020-09-19 21:18:00","@timestamp":"2020-09-20T01:18:00.770Z","SourceModuleType":"im_msvistalog","port":64545,"AccountName":"SYSTEM","RecordNumber":2581948,"Task":13,"Domain":"NT AUTHORITY","@version":"1","OpcodeValue":0,"SourceModuleName":"eventlog","Severity":"INFO","SourceName":"Microsoft-Windows-Sysmon","Version":2,"Image":"C:\\windows\\System32\\svchost.exe","Category":"Registry value set (rule: RegistryEvent)","UtcTime":"2020-09-20 01:18:00.412","Hostname":"WORKSTATION6.theshire.local","RuleName":"-","tags":["mordorDataset"]}
{"Keywords":-9223372036854775808,"SeverityValue":2,"TargetObject":"\\REGISTRY\\A\\{1511df1d-cb5e-b75a-7ea4-ec96b8d89233}\\DeliveryOptimization\\Swarms\\95D2EE60-C9D3-45E4-876D-BAE16D758A87_16_0_13127_20408_STREAM_X86_EN_US\\WorkingDir","EventTypeOrignal":"INFO","EventID":13,"ProviderGuid":"{5770385F-C22A-43E0-BF4C-06F5698FFBD9}","ExecutionProcessID":3392,"host":"wec.internal.cloudapp.net","Channel":"Microsoft-Windows-Sysmon/Operational","UserID":"S-1-5-18","AccountType":"User","ThreadID":5552,"ProcessGuid":"{d273d0f0-e879-5f64-5c00-000000000800}","Details":"C:\\windows\\ServiceProfiles\\NetworkService\\AppData\\Local\\Microsoft\\Windows\\DeliveryOptimization\\Cache\\607795b227f1bd0b31732b75c29cef416b430eef","EventReceivedTime":"2020-09-19 21:18:00","Opcode":"Info","EventTime":"2020-09-19 21:18:00","@timestamp":"2020-09-20T01:18:00.770Z","SourceModuleType":"im_msvistalog","port":64545,"AccountName":"SYSTEM","RecordNumber":2581949,"Task":13,"Domain":"NT AUTHORITY","@version":"1","OpcodeValue":0,"SourceModuleName":"eventlog","Severity":"INFO","SourceName":"Microsoft-Windows-Sysmon","Version":2,"Image":"C:\\windows\\System32\\svchost.exe","Category":"Registry value set (rule: RegistryEvent)","UtcTime":"2020-09-20 01:18:00.412","Hostname":"WORKSTATION6.theshire.local","RuleName":"-","tags":["mordorDataset"]}
{"Keywords":-9223372036854775808,"SeverityValue":2,"TargetObject":"\\REGISTRY\\A\\{1511df1d-cb5e-b75a-7ea4-ec96b8d89233}\\DeliveryOptimization\\Swarms\\95D2EE60-C9D3-45E4-876D-BAE16D758A87_16_0_13127_20408_STREAM_X86_EN_US\\PeerId","EventTypeOrignal":"INFO","EventID":13,"ProviderGuid":"{5770385F-C22A-43E0-BF4C-06F5698FFBD9}","ExecutionProcessID":3392,"host":"wec.internal.cloudapp.net","Channel":"Microsoft-Windows-Sysmon/Operational","UserID":"S-1-5-18","AccountType":"User","ThreadID":5552,"ProcessGuid":"{d273d0f0-e879-5f64-5c00-000000000800}","Details":"Binary Data","EventReceivedTime":"2020-09-19 21:18:00","Opcode":"Info","EventTime":"2020-09-19 21:18:00","@timestamp":"2020-09-20T01:18:00.770Z","SourceModuleType":"im_msvistalog","port":64545,"AccountName":"SYSTEM","RecordNumber":2581950,"Task":13,"Domain":"NT AUTHORITY","@version":"1","OpcodeValue":0,"SourceModuleName":"eventlog","Severity":"INFO","SourceName":"Microsoft-Windows-Sysmon","Version":2,"Image":"C:\\windows\\System32\\svchost.exe","Category":"Registry value set (rule: RegistryEvent)","UtcTime":"2020-09-20 01:18:00.412","Hostname":"WORKSTATION6.theshire.local","RuleName":"-","tags":["mordorDataset"]}
