{"SubjectLogonId":"0xc15bfc","@version":"1","EventType":"AUDIT_SUCCESS","Version":0,"ThreadID":6204,"EventTime":"2020-08-06 03:20:24","Task":12811,"ObjectType":"File","AccessReason":"-","Channel":"Security","SourceName":"Microsoft-Windows-Security-Auditing","OpcodeValue":0,"Hostname":"WORKSTATION6.theshire.local","@timestamp":"2020-08-06T07:20:26.004Z","Message":"A network share object was checked to see whether client can be granted desired access.\r\n\t\r\nSubject:\r\n\tSecurity ID:\t\tS-1-5-21-1363495622-3806888128-621328882-1104\r\n\tAccount Name:\t\tpgustavo\r\n\tAccount Domain:\t\tTHESHIRE\r\n\tLogon ID:\t\t0xC15BFC\r\n\r\nNetwork Information:\t\r\n\tObject Type:\t\tFile\r\n\tSource Address:\t\t172.18.39.5\r\n\tSource Port:\t\t55030\r\n\t\r\nShare Information:\r\n\tShare Name:\t\t\\\\*\\IPC$\r\n\tShare Path:\t\t\r\n\tRelative Target Name:\tsvcctl\r\n\r\nAccess Request Information:\r\n\tAccess Mask:\t\t0x12019F\r\n\tAccesses:\t\tREAD_CONTROL\r\n\t\t\t\tSYNCHRONIZE\r\n\t\t\t\tReadData (or ListDirectory)\r\n\t\t\t\tWriteData (or AddFile)\r\n\t\t\t\tAppendData (or AddSubdirectory or CreatePipeInstance)\r\n\t\t\t\tReadEA\r\n\t\t\t\tWriteEA\r\n\t\t\t\tReadAttributes\r\n\t\t\t\tWriteAttributes\r\n\t\t\t\t\r\nAccess Check Results:\r\n\t-\r\n","Category":"Detailed File Share","Opcode":"Info","SubjectDomainName":"THESHIRE","AccessMask":"0x12019f","SourceModuleName":"eventlog","IpPort":"55030","port":60122,"EventReceivedTime":"2020-08-06 03:20:25","IpAddress":"172.18.39.5","ExecutionProcessID":4,"AccessList":"%%1538\r\n\t\t\t\t%%1541\r\n\t\t\t\t%%4416\r\n\t\t\t\t%%4417\r\n\t\t\t\t%%4418\r\n\t\t\t\t%%4419\r\n\t\t\t\t%%4420\r\n\t\t\t\t%%4423\r\n\t\t\t\t%%4424\r\n\t\t\t\t","host":"wec.internal.cloudapp.net","SubjectUserSid":"S-1-5-21-1363495622-3806888128-621328882-1104","SubjectUserName":"pgustavo","ShareName":"\\\\*\\IPC$","Severity":"INFO","SeverityValue":2,"EventID":5145,"RelativeTargetName":"svcctl","ProviderGuid":"{54849625-5478-4994-A5BA-3E3B0328C30D}","RecordNumber":95031,"SourceModuleType":"im_msvistalog","Keywords":-9214364837600034816,"tags":["mordorDataset"]}
{"@version":"1","EventType":"AUDIT_SUCCESS","ThreadID":6204,"ObjectName":"ServicesActive","ObjectType":"SC_MANAGER OBJECT","Channel":"Security","OpcodeValue":0,"SubjectDomainName":"THESHIRE","Hostname":"WORKSTATION6.theshire.local","@timestamp":"2020-08-06T07:20:26.004Z","Category":"Other Object Access Events","AccessMask":"0x1","ProcessId":"0x2dc","AccessList":"%%7168\r\n\t\t\t\t","ProcessName":"C:\\Windows\\System32\\services.exe","ResourceAttributes":"-","host":"wec.internal.cloudapp.net","SubjectUserName":"pgustavo","Severity":"INFO","SeverityValue":2,"SourceModuleType":"im_msvistalog","TransactionId":"{00000000-0000-0000-0000-000000000000}","SubjectLogonId":"0xc15bfc","Version":1,"EventTime":"2020-08-06 03:20:24","Task":12804,"AccessReason":"-","PrivilegeList":"-","SourceName":"Microsoft-Windows-Security-Auditing","Opcode":"Info","Message":"A handle to an object was requested.\r\n\r\nSubject:\r\n\tSecurity ID:\t\tS-1-5-21-1363495622-3806888128-621328882-1104\r\n\tAccount Name:\t\tpgustavo\r\n\tAccount Domain:\t\tTHESHIRE\r\n\tLogon ID:\t\t0xC15BFC\r\n\r\nObject:\r\n\tObject Server:\t\tSC Manager\r\n\tObject Type:\t\tSC_MANAGER OBJECT\r\n\tObject Name:\t\tServicesActive\r\n\tHandle ID:\t\t0x5c68dfeea8\r\n\tResource Attributes:\t-\r\n\r\nProcess Information:\r\n\tProcess ID:\t\t0x2dc\r\n\tProcess Name:\t\tC:\\Windows\\System32\\services.exe\r\n\r\nAccess Request Information:\r\n\tTransaction ID:\t\t{00000000-0000-0000-0000-000000000000}\r\n\tAccesses:\t\tConnect to service controller\r\n\t\t\t\t\r\n\tAccess Reasons:\t\t-\r\n\tAccess Mask:\t\t0x1\r\n\tPrivileges Used for Access Check:\t-\r\n\tRestricted SID Count:\t0","SourceModuleName":"eventlog","EventReceivedTime":"2020-08-06 03:20:25","port":60122,"RestrictedSidCount":"0","ExecutionProcessID":4,"ObjectServer":"SC Manager","SubjectUserSid":"S-1-5-21-1363495622-3806888128-621328882-1104","HandleId":"0x5c68dfeea8","EventID":4656,"ProviderGuid":"{54849625-5478-4994-A5BA-3E3B0328C30D}","RecordNumber":95032,"Keywords":-9214364837600034816,"tags":["mordorDataset"]}
{"@version":"1","EventType":"AUDIT_SUCCESS","ThreadID":6204,"ObjectName":"ServicesActive","ObjectType":"SC_MANAGER OBJECT","Channel":"Security","OpcodeValue":0,"SubjectDomainName":"THESHIRE","Hostname":"WORKSTATION6.theshire.local","@timestamp":"2020-08-06T07:20:26.004Z","Category":"Other Object Access Events","AccessMask":"0x1","ProcessId":"0x2dc","AccessList":"%%7168\r\n\t\t\t\t","ProcessName":"C:\\Windows\\System32\\services.exe","ResourceAttributes":"-","host":"wec.internal.cloudapp.net","SubjectUserName":"pgustavo","Severity":"INFO","SeverityValue":2,"SourceModuleType":"im_msvistalog","TransactionId":"{00000000-0000-0000-0000-000000000000}","SubjectLogonId":"0xc15bfc","Version":1,"EventTime":"2020-08-06 03:20:24","Task":12804,"AccessReason":"-","PrivilegeList":"-","SourceName":"Microsoft-Windows-Security-Auditing","Opcode":"Info","Message":"A handle to an object was requested.\r\n\r\nSubject:\r\n\tSecurity ID:\t\tS-1-5-21-1363495622-3806888128-621328882-1104\r\n\tAccount Name:\t\tpgustavo\r\n\tAccount Domain:\t\tTHESHIRE\r\n\tLogon ID:\t\t0xC15BFC\r\n\r\nObject:\r\n\tObject Server:\t\tSC Manager\r\n\tObject Type:\t\tSC_MANAGER OBJECT\r\n\tObject Name:\t\tServicesActive\r\n\tHandle ID:\t\t0x21849e4b1a0\r\n\tResource Attributes:\t-\r\n\r\nProcess Information:\r\n\tProcess ID:\t\t0x2dc\r\n\tProcess Name:\t\tC:\\Windows\\System32\\services.exe\r\n\r\nAccess Request Information:\r\n\tTransaction ID:\t\t{00000000-0000-0000-0000-000000000000}\r\n\tAccesses:\t\tConnect to service controller\r\n\t\t\t\t\r\n\tAccess Reasons:\t\t-\r\n\tAccess Mask:\t\t0x1\r\n\tPrivileges Used for Access Check:\t-\r\n\tRestricted SID Count:\t0","SourceModuleName":"eventlog","EventReceivedTime":"2020-08-06 03:20:25","port":60122,"RestrictedSidCount":"0","ExecutionProcessID":4,"ObjectServer":"SC Manager","SubjectUserSid":"S-1-5-21-1363495622-3806888128-621328882-1104","HandleId":"0x21849e4b1a0","EventID":4656,"ProviderGuid":"{54849625-5478-4994-A5BA-3E3B0328C30D}","RecordNumber":95033,"Keywords":-9214364837600034816,"tags":["mordorDataset"]}
{"@version":"1","EventType":"AUDIT_SUCCESS","ThreadID":6204,"ObjectName":"ServicesActive","ObjectType":"SC_MANAGER OBJECT","Channel":"Security","OpcodeValue":0,"SubjectDomainName":"THESHIRE","Hostname":"WORKSTATION6.theshire.local","@timestamp":"2020-08-06T07:20:26.004Z","Category":"Other Object Access Events","AccessMask":"0x1","ProcessId":"0x2dc","AccessList":"%%7168\r\n\t\t\t\t","ProcessName":"C:\\Windows\\System32\\services.exe","ResourceAttributes":"-","host":"wec.internal.cloudapp.net","SubjectUserName":"pgustavo","Severity":"INFO","SeverityValue":2,"SourceModuleType":"im_msvistalog","TransactionId":"{00000000-0000-0000-0000-000000000000}","SubjectLogonId":"0xc15bfc","Version":1,"EventTime":"2020-08-06 03:20:24","Task":12804,"AccessReason":"-","PrivilegeList":"-","SourceName":"Microsoft-Windows-Security-Auditing","Opcode":"Info","Message":"A handle to an object was requested.\r\n\r\nSubject:\r\n\tSecurity ID:\t\tS-1-5-21-1363495622-3806888128-621328882-1104\r\n\tAccount Name:\t\tpgustavo\r\n\tAccount Domain:\t\tTHESHIRE\r\n\tLogon ID:\t\t0xC15BFC\r\n\r\nObject:\r\n\tObject Server:\t\tSC Manager\r\n\tObject Type:\t\tSC_MANAGER OBJECT\r\n\tObject Name:\t\tServicesActive\r\n\tHandle ID:\t\t0x5c68dfeea8\r\n\tResource Attributes:\t-\r\n\r\nProcess Information:\r\n\tProcess ID:\t\t0x2dc\r\n\tProcess Name:\t\tC:\\Windows\\System32\\services.exe\r\n\r\nAccess Request Information:\r\n\tTransaction ID:\t\t{00000000-0000-0000-0000-000000000000}\r\n\tAccesses:\t\tConnect to service controller\r\n\t\t\t\t\r\n\tAccess Reasons:\t\t-\r\n\tAccess Mask:\t\t0x1\r\n\tPrivileges Used for Access Check:\t-\r\n\tRestricted SID Count:\t0","SourceModuleName":"eventlog","EventReceivedTime":"2020-08-06 03:20:25","port":60122,"RestrictedSidCount":"0","ExecutionProcessID":4,"ObjectServer":"SC Manager","SubjectUserSid":"S-1-5-21-1363495622-3806888128-621328882-1104","HandleId":"0x5c68dfeea8","EventID":4656,"ProviderGuid":"{54849625-5478-4994-A5BA-3E3B0328C30D}","RecordNumber":95034,"Keywords":-9214364837600034816,"tags":["mordorDataset"]}
{"@version":"1","EventType":"AUDIT_SUCCESS","ThreadID":6204,"ObjectName":"ServicesActive","ObjectType":"SC_MANAGER OBJECT","Channel":"Security","OpcodeValue":0,"SubjectDomainName":"THESHIRE","Hostname":"WORKSTATION6.theshire.local","@timestamp":"2020-08-06T07:20:26.004Z","Category":"Other Object Access Events","AccessMask":"0x1","ProcessId":"0x2dc","AccessList":"%%7168\r\n\t\t\t\t","ProcessName":"C:\\Windows\\System32\\services.exe","ResourceAttributes":"-","host":"wec.internal.cloudapp.net","SubjectUserName":"pgustavo","Severity":"INFO","SeverityValue":2,"SourceModuleType":"im_msvistalog","TransactionId":"{00000000-0000-0000-0000-000000000000}","SubjectLogonId":"0xc15bfc","Version":1,"EventTime":"2020-08-06 03:20:24","Task":12804,"AccessReason":"-","PrivilegeList":"-","SourceName":"Microsoft-Windows-Security-Auditing","Opcode":"Info","Message":"A handle to an object was requested.\r\n\r\nSubject:\r\n\tSecurity ID:\t\tS-1-5-21-1363495622-3806888128-621328882-1104\r\n\tAccount Name:\t\tpgustavo\r\n\tAccount Domain:\t\tTHESHIRE\r\n\tLogon ID:\t\t0xC15BFC\r\n\r\nObject:\r\n\tObject Server:\t\tSC Manager\r\n\tObject Type:\t\tSC_MANAGER OBJECT\r\n\tObject Name:\t\tServicesActive\r\n\tHandle ID:\t\t0x5c68dfeea8\r\n\tResource Attributes:\t-\r\n\r\nProcess Information:\r\n\tProcess ID:\t\t0x2dc\r\n\tProcess Name:\t\tC:\\Windows\\System32\\services.exe\r\n\r\nAccess Request Information:\r\n\tTransaction ID:\t\t{00000000-0000-0000-0000-000000000000}\r\n\tAccesses:\t\tConnect to service controller\r\n\t\t\t\t\r\n\tAccess Reasons:\t\t-\r\n\tAccess Mask:\t\t0x1\r\n\tPrivileges Used for Access Check:\t-\r\n\tRestricted SID Count:\t0","SourceModuleName":"eventlog","EventReceivedTime":"2020-08-06 03:20:25","port":60122,"RestrictedSidCount":"0","ExecutionProcessID":4,"ObjectServer":"SC Manager","SubjectUserSid":"S-1-5-21-1363495622-3806888128-621328882-1104","HandleId":"0x5c68dfeea8","EventID":4656,"ProviderGuid":"{54849625-5478-4994-A5BA-3E3B0328C30D}","RecordNumber":95035,"Keywords":-9214364837600034816,"tags":["mordorDataset"]}
{"@version":"1","EventType":"AUDIT_SUCCESS","ThreadID":6204,"ObjectName":"ServicesActive","ObjectType":"SC_MANAGER OBJECT","Channel":"Security","OpcodeValue":0,"SubjectDomainName":"THESHIRE","Hostname":"WORKSTATION6.theshire.local","@timestamp":"2020-08-06T07:20:26.004Z","Category":"Other Object Access Events","AccessMask":"0x1","ProcessId":"0x2dc","AccessList":"%%7168\r\n\t\t\t\t","ProcessName":"C:\\Windows\\System32\\services.exe","ResourceAttributes":"-","host":"wec.internal.cloudapp.net","SubjectUserName":"pgustavo","Severity":"INFO","SeverityValue":2,"SourceModuleType":"im_msvistalog","TransactionId":"{00000000-0000-0000-0000-000000000000}","SubjectLogonId":"0xc15bfc","Version":1,"EventTime":"2020-08-06 03:20:24","Task":12804,"AccessReason":"-","PrivilegeList":"-","SourceName":"Microsoft-Windows-Security-Auditing","Opcode":"Info","Message":"A handle to an object was requested.\r\n\r\nSubject:\r\n\tSecurity ID:\t\tS-1-5-21-1363495622-3806888128-621328882-1104\r\n\tAccount Name:\t\tpgustavo\r\n\tAccount Domain:\t\tTHESHIRE\r\n\tLogon ID:\t\t0xC15BFC\r\n\r\nObject:\r\n\tObject Server:\t\tSC Manager\r\n\tObject Type:\t\tSC_MANAGER OBJECT\r\n\tObject Name:\t\tServicesActive\r\n\tHandle ID:\t\t0x5c68dfeea8\r\n\tResource Attributes:\t-\r\n\r\nProcess Information:\r\n\tProcess ID:\t\t0x2dc\r\n\tProcess Name:\t\tC:\\Windows\\System32\\services.exe\r\n\r\nAccess Request Information:\r\n\tTransaction ID:\t\t{00000000-0000-0000-0000-000000000000}\r\n\tAccesses:\t\tConnect to service controller\r\n\t\t\t\t\r\n\tAccess Reasons:\t\t-\r\n\tAccess Mask:\t\t0x1\r\n\tPrivileges Used for Access Check:\t-\r\n\tRestricted SID Count:\t0","SourceModuleName":"eventlog","EventReceivedTime":"2020-08-06 03:20:25","port":60122,"RestrictedSidCount":"0","ExecutionProcessID":4,"ObjectServer":"SC Manager","SubjectUserSid":"S-1-5-21-1363495622-3806888128-621328882-1104","HandleId":"0x5c68dfeea8","EventID":4656,"ProviderGuid":"{54849625-5478-4994-A5BA-3E3B0328C30D}","RecordNumber":95036,"Keywords":-9214364837600034816,"tags":["mordorDataset"]}
{"@version":"1","EventType":"AUDIT_SUCCESS","ThreadID":6204,"ObjectName":"IKEEXT","ObjectType":"SERVICE OBJECT","Channel":"Security","OpcodeValue":0,"SubjectDomainName":"THESHIRE","Hostname":"WORKSTATION6.theshire.local","@timestamp":"2020-08-06T07:20:26.005Z","Category":"Other Object Access Events","AccessMask":"0x4","ProcessId":"0x2dc","AccessList":"%%7186\r\n\t\t\t\t","ProcessName":"C:\\Windows\\System32\\services.exe","ResourceAttributes":"-","host":"wec.internal.cloudapp.net","SubjectUserName":"pgustavo","Severity":"INFO","SeverityValue":2,"SourceModuleType":"im_msvistalog","TransactionId":"{00000000-0000-0000-0000-000000000000}","SubjectLogonId":"0xc15bfc","Version":1,"EventTime":"2020-08-06 03:20:24","Task":12804,"AccessReason":"-","PrivilegeList":"-","SourceName":"Microsoft-Windows-Security-Auditing","Opcode":"Info","Message":"A handle to an object was requested.\r\n\r\nSubject:\r\n\tSecurity ID:\t\tS-1-5-21-1363495622-3806888128-621328882-1104\r\n\tAccount Name:\t\tpgustavo\r\n\tAccount Domain:\t\tTHESHIRE\r\n\tLogon ID:\t\t0xC15BFC\r\n\r\nObject:\r\n\tObject Server:\t\tSC Manager\r\n\tObject Type:\t\tSERVICE OBJECT\r\n\tObject Name:\t\tIKEEXT\r\n\tHandle ID:\t\t0x21849e4e280\r\n\tResource Attributes:\t-\r\n\r\nProcess Information:\r\n\tProcess ID:\t\t0x2dc\r\n\tProcess Name:\t\tC:\\Windows\\System32\\services.exe\r\n\r\nAccess Request Information:\r\n\tTransaction ID:\t\t{00000000-0000-0000-0000-000000000000}\r\n\tAccesses:\t\tQuery status of service\r\n\t\t\t\t\r\n\tAccess Reasons:\t\t-\r\n\tAccess Mask:\t\t0x4\r\n\tPrivileges Used for Access Check:\t-\r\n\tRestricted SID Count:\t0","SourceModuleName":"eventlog","EventReceivedTime":"2020-08-06 03:20:25","port":60122,"RestrictedSidCount":"0","ExecutionProcessID":4,"ObjectServer":"SC Manager","SubjectUserSid":"S-1-5-21-1363495622-3806888128-621328882-1104","HandleId":"0x21849e4e280","EventID":4656,"ProviderGuid":"{54849625-5478-4994-A5BA-3E3B0328C30D}","RecordNumber":95037,"Keywords":-9214364837600034816,"tags":["mordorDataset"]}
{"@version":"1","EventType":"AUDIT_SUCCESS","ThreadID":6204,"ObjectName":"ServicesActive","ObjectType":"SC_MANAGER OBJECT","Channel":"Security","OpcodeValue":0,"SubjectDomainName":"THESHIRE","Hostname":"WORKSTATION6.theshire.local","@timestamp":"2020-08-06T07:20:26.005Z","Category":"Other Object Access Events","AccessMask":"0x1","ProcessId":"0x2dc","AccessList":"%%7168\r\n\t\t\t\t","ProcessName":"C:\\Windows\\System32\\services.exe","ResourceAttributes":"-","host":"wec.internal.cloudapp.net","SubjectUserName":"pgustavo","Severity":"INFO","SeverityValue":2,"SourceModuleType":"im_msvistalog","TransactionId":"{00000000-0000-0000-0000-000000000000}","SubjectLogonId":"0xc15bfc","Version":1,"EventTime":"2020-08-06 03:20:24","Task":12804,"AccessReason":"-","PrivilegeList":"-","SourceName":"Microsoft-Windows-Security-Auditing","Opcode":"Info","Message":"A handle to an object was requested.\r\n\r\nSubject:\r\n\tSecurity ID:\t\tS-1-5-21-1363495622-3806888128-621328882-1104\r\n\tAccount Name:\t\tpgustavo\r\n\tAccount Domain:\t\tTHESHIRE\r\n\tLogon ID:\t\t0xC15BFC\r\n\r\nObject:\r\n\tObject Server:\t\tSC Manager\r\n\tObject Type:\t\tSC_MANAGER OBJECT\r\n\tObject Name:\t\tServicesActive\r\n\tHandle ID:\t\t0x5c68dfeea8\r\n\tResource Attributes:\t-\r\n\r\nProcess Information:\r\n\tProcess ID:\t\t0x2dc\r\n\tProcess Name:\t\tC:\\Windows\\System32\\services.exe\r\n\r\nAccess Request Information:\r\n\tTransaction ID:\t\t{00000000-0000-0000-0000-000000000000}\r\n\tAccesses:\t\tConnect to service controller\r\n\t\t\t\t\r\n\tAccess Reasons:\t\t-\r\n\tAccess Mask:\t\t0x1\r\n\tPrivileges Used for Access Check:\t-\r\n\tRestricted SID Count:\t0","SourceModuleName":"eventlog","EventReceivedTime":"2020-08-06 03:20:25","port":60122,"RestrictedSidCount":"0","ExecutionProcessID":4,"ObjectServer":"SC Manager","SubjectUserSid":"S-1-5-21-1363495622-3806888128-621328882-1104","HandleId":"0x5c68dfeea8","EventID":4656,"ProviderGuid":"{54849625-5478-4994-A5BA-3E3B0328C30D}","RecordNumber":95038,"Keywords":-9214364837600034816,"tags":["mordorDataset"]}
{"@version":"1","EventType":"AUDIT_SUCCESS","ThreadID":6204,"ObjectName":"ServicesActive","ObjectType":"SC_MANAGER OBJECT","Channel":"Security","OpcodeValue":0,"SubjectDomainName":"THESHIRE","Hostname":"WORKSTATION6.theshire.local","@timestamp":"2020-08-06T07:20:26.005Z","Category":"Other Object Access Events","AccessMask":"0x1","ProcessId":"0x2dc","AccessList":"%%7168\r\n\t\t\t\t","ProcessName":"C:\\Windows\\System32\\services.exe","ResourceAttributes":"-","host":"wec.internal.cloudapp.net","SubjectUserName":"pgustavo","Severity":"INFO","SeverityValue":2,"SourceModuleType":"im_msvistalog","TransactionId":"{00000000-0000-0000-0000-000000000000}","SubjectLogonId":"0xc15bfc","Version":1,"EventTime":"2020-08-06 03:20:24","Task":12804,"AccessReason":"-","PrivilegeList":"-","SourceName":"Microsoft-Windows-Security-Auditing","Opcode":"Info","Message":"A handle to an object was requested.\r\n\r\nSubject:\r\n\tSecurity ID:\t\tS-1-5-21-1363495622-3806888128-621328882-1104\r\n\tAccount Name:\t\tpgustavo\r\n\tAccount Domain:\t\tTHESHIRE\r\n\tLogon ID:\t\t0xC15BFC\r\n\r\nObject:\r\n\tObject Server:\t\tSC Manager\r\n\tObject Type:\t\tSC_MANAGER OBJECT\r\n\tObject Name:\t\tServicesActive\r\n\tHandle ID:\t\t0x5c68dfeea8\r\n\tResource Attributes:\t-\r\n\r\nProcess Information:\r\n\tProcess ID:\t\t0x2dc\r\n\tProcess Name:\t\tC:\\Windows\\System32\\services.exe\r\n\r\nAccess Request Information:\r\n\tTransaction ID:\t\t{00000000-0000-0000-0000-000000000000}\r\n\tAccesses:\t\tConnect to service controller\r\n\t\t\t\t\r\n\tAccess Reasons:\t\t-\r\n\tAccess Mask:\t\t0x1\r\n\tPrivileges Used for Access Check:\t-\r\n\tRestricted SID Count:\t0","SourceModuleName":"eventlog","EventReceivedTime":"2020-08-06 03:20:25","port":60122,"RestrictedSidCount":"0","ExecutionProcessID":4,"ObjectServer":"SC Manager","SubjectUserSid":"S-1-5-21-1363495622-3806888128-621328882-1104","HandleId":"0x5c68dfeea8","EventID":4656,"ProviderGuid":"{54849625-5478-4994-A5BA-3E3B0328C30D}","RecordNumber":95039,"Keywords":-9214364837600034816,"tags":["mordorDataset"]}
{"SubjectLogonId":"0xc15bfc","@version":"1","EventType":"AUDIT_SUCCESS","Version":0,"ThreadID":6204,"EventTime":"2020-08-06 03:20:24","Task":12804,"Channel":"Security","SourceName":"Microsoft-Windows-Security-Auditing","OpcodeValue":0,"Hostname":"WORKSTATION6.theshire.local","@timestamp":"2020-08-06T07:20:26.005Z","Message":"The handle to an object was closed.\r\n\r\nSubject :\r\n\tSecurity ID:\t\tS-1-5-21-1363495622-3806888128-621328882-1104\r\n\tAccount Name:\t\tpgustavo\r\n\tAccount Domain:\t\tTHESHIRE\r\n\tLogon ID:\t\t0xC15BFC\r\n\r\nObject:\r\n\tObject Server:\t\tSC Manager\r\n\tHandle ID:\t\t0x21849e4e280\r\n\r\nProcess Information:\r\n\tProcess ID:\t\t0x2dc\r\n\tProcess Name:\t\tC:\\Windows\\System32\\services.exe","Category":"Other Object Access Events","Opcode":"Info","SubjectDomainName":"THESHIRE","SourceModuleName":"eventlog","ProcessId":"0x2dc","EventReceivedTime":"2020-08-06 03:20:25","port":60122,"ExecutionProcessID":4,"ProcessName":"C:\\Windows\\System32\\services.exe","ObjectServer":"SC Manager","host":"wec.internal.cloudapp.net","SubjectUserSid":"S-1-5-21-1363495622-3806888128-621328882-1104","SubjectUserName":"pgustavo","HandleId":"0x21849e4e280","Severity":"INFO","SeverityValue":2,"EventID":4658,"ProviderGuid":"{54849625-5478-4994-A5BA-3E3B0328C30D}","RecordNumber":95040,"SourceModuleType":"im_msvistalog","Keywords":-9214364837600034816,"tags":["mordorDataset"]}
{"@version":"1","EventType":"AUDIT_SUCCESS","ThreadID":6204,"ObjectName":"ServicesActive","ObjectType":"SC_MANAGER OBJECT","Channel":"Security","OpcodeValue":0,"SubjectDomainName":"THESHIRE","Hostname":"WORKSTATION6.theshire.local","@timestamp":"2020-08-06T07:20:26.005Z","Category":"Other Object Access Events","AccessMask":"0x1","ProcessId":"0x2dc","AccessList":"%%7168\r\n\t\t\t\t","ProcessName":"C:\\Windows\\System32\\services.exe","ResourceAttributes":"-","host":"wec.internal.cloudapp.net","SubjectUserName":"pgustavo","Severity":"INFO","SeverityValue":2,"SourceModuleType":"im_msvistalog","TransactionId":"{00000000-0000-0000-0000-000000000000}","SubjectLogonId":"0xc15bfc","Version":1,"EventTime":"2020-08-06 03:20:24","Task":12804,"AccessReason":"-","PrivilegeList":"-","SourceName":"Microsoft-Windows-Security-Auditing","Opcode":"Info","Message":"A handle to an object was requested.\r\n\r\nSubject:\r\n\tSecurity ID:\t\tS-1-5-21-1363495622-3806888128-621328882-1104\r\n\tAccount Name:\t\tpgustavo\r\n\tAccount Domain:\t\tTHESHIRE\r\n\tLogon ID:\t\t0xC15BFC\r\n\r\nObject:\r\n\tObject Server:\t\tSC Manager\r\n\tObject Type:\t\tSC_MANAGER OBJECT\r\n\tObject Name:\t\tServicesActive\r\n\tHandle ID:\t\t0x5c68dfeea8\r\n\tResource Attributes:\t-\r\n\r\nProcess Information:\r\n\tProcess ID:\t\t0x2dc\r\n\tProcess Name:\t\tC:\\Windows\\System32\\services.exe\r\n\r\nAccess Request Information:\r\n\tTransaction ID:\t\t{00000000-0000-0000-0000-000000000000}\r\n\tAccesses:\t\tConnect to service controller\r\n\t\t\t\t\r\n\tAccess Reasons:\t\t-\r\n\tAccess Mask:\t\t0x1\r\n\tPrivileges Used for Access Check:\t-\r\n\tRestricted SID Count:\t0","SourceModuleName":"eventlog","EventReceivedTime":"2020-08-06 03:20:25","port":60122,"RestrictedSidCount":"0","ExecutionProcessID":4,"ObjectServer":"SC Manager","SubjectUserSid":"S-1-5-21-1363495622-3806888128-621328882-1104","HandleId":"0x5c68dfeea8","EventID":4656,"ProviderGuid":"{54849625-5478-4994-A5BA-3E3B0328C30D}","RecordNumber":95041,"Keywords":-9214364837600034816,"tags":["mordorDataset"]}
{"@version":"1","EventType":"AUDIT_SUCCESS","ThreadID":6204,"ObjectName":"IKEEXT","ObjectType":"SERVICE OBJECT","Channel":"Security","OpcodeValue":0,"SubjectDomainName":"THESHIRE","Hostname":"WORKSTATION6.theshire.local","@timestamp":"2020-08-06T07:20:26.005Z","Category":"Other Object Access Events","AccessMask":"0x20","ProcessId":"0x2dc","AccessList":"%%7189\r\n\t\t\t\t","ProcessName":"C:\\Windows\\System32\\services.exe","ResourceAttributes":"-","host":"wec.internal.cloudapp.net","SubjectUserName":"pgustavo","Severity":"INFO","SeverityValue":2,"SourceModuleType":"im_msvistalog","TransactionId":"{00000000-0000-0000-0000-000000000000}","SubjectLogonId":"0xc15bfc","Version":1,"EventTime":"2020-08-06 03:20:24","Task":12804,"AccessReason":"-","PrivilegeList":"-","SourceName":"Microsoft-Windows-Security-Auditing","Opcode":"Info","Message":"A handle to an object was requested.\r\n\r\nSubject:\r\n\tSecurity ID:\t\tS-1-5-21-1363495622-3806888128-621328882-1104\r\n\tAccount Name:\t\tpgustavo\r\n\tAccount Domain:\t\tTHESHIRE\r\n\tLogon ID:\t\t0xC15BFC\r\n\r\nObject:\r\n\tObject Server:\t\tSC Manager\r\n\tObject Type:\t\tSERVICE OBJECT\r\n\tObject Name:\t\tIKEEXT\r\n\tHandle ID:\t\t0x21849e4e2e0\r\n\tResource Attributes:\t-\r\n\r\nProcess Information:\r\n\tProcess ID:\t\t0x2dc\r\n\tProcess Name:\t\tC:\\Windows\\System32\\services.exe\r\n\r\nAccess Request Information:\r\n\tTransaction ID:\t\t{00000000-0000-0000-0000-000000000000}\r\n\tAccesses:\t\tStop the service\r\n\t\t\t\t\r\n\tAccess Reasons:\t\t-\r\n\tAccess Mask:\t\t0x20\r\n\tPrivileges Used for Access Check:\t-\r\n\tRestricted SID Count:\t0","SourceModuleName":"eventlog","EventReceivedTime":"2020-08-06 03:20:25","port":60122,"RestrictedSidCount":"0","ExecutionProcessID":4,"ObjectServer":"SC Manager","SubjectUserSid":"S-1-5-21-1363495622-3806888128-621328882-1104","HandleId":"0x21849e4e2e0","EventID":4656,"ProviderGuid":"{54849625-5478-4994-A5BA-3E3B0328C30D}","RecordNumber":95042,"Keywords":-9214364837600034816,"tags":["mordorDataset"]}
{"@version":"1","EventType":"AUDIT_SUCCESS","ThreadID":6204,"ObjectName":"ServicesActive","ObjectType":"SC_MANAGER OBJECT","Channel":"Security","OpcodeValue":0,"SubjectDomainName":"THESHIRE","Hostname":"WORKSTATION6.theshire.local","@timestamp":"2020-08-06T07:20:26.006Z","Category":"Other Object Access Events","AccessMask":"0x1","ProcessId":"0x2dc","AccessList":"%%7168\r\n\t\t\t\t","ProcessName":"C:\\Windows\\System32\\services.exe","ResourceAttributes":"-","host":"wec.internal.cloudapp.net","SubjectUserName":"pgustavo","Severity":"INFO","SeverityValue":2,"SourceModuleType":"im_msvistalog","TransactionId":"{00000000-0000-0000-0000-000000000000}","SubjectLogonId":"0xc15bfc","Version":1,"EventTime":"2020-08-06 03:20:24","Task":12804,"AccessReason":"-","PrivilegeList":"-","SourceName":"Microsoft-Windows-Security-Auditing","Opcode":"Info","Message":"A handle to an object was requested.\r\n\r\nSubject:\r\n\tSecurity ID:\t\tS-1-5-21-1363495622-3806888128-621328882-1104\r\n\tAccount Name:\t\tpgustavo\r\n\tAccount Domain:\t\tTHESHIRE\r\n\tLogon ID:\t\t0xC15BFC\r\n\r\nObject:\r\n\tObject Server:\t\tSC Manager\r\n\tObject Type:\t\tSC_MANAGER OBJECT\r\n\tObject Name:\t\tServicesActive\r\n\tHandle ID:\t\t0x5c68dfeea8\r\n\tResource Attributes:\t-\r\n\r\nProcess Information:\r\n\tProcess ID:\t\t0x2dc\r\n\tProcess Name:\t\tC:\\Windows\\System32\\services.exe\r\n\r\nAccess Request Information:\r\n\tTransaction ID:\t\t{00000000-0000-0000-0000-000000000000}\r\n\tAccesses:\t\tConnect to service controller\r\n\t\t\t\t\r\n\tAccess Reasons:\t\t-\r\n\tAccess Mask:\t\t0x1\r\n\tPrivileges Used for Access Check:\t-\r\n\tRestricted SID Count:\t0","SourceModuleName":"eventlog","EventReceivedTime":"2020-08-06 03:20:25","port":60122,"RestrictedSidCount":"0","ExecutionProcessID":4,"ObjectServer":"SC Manager","SubjectUserSid":"S-1-5-21-1363495622-3806888128-621328882-1104","HandleId":"0x5c68dfeea8","EventID":4656,"ProviderGuid":"{54849625-5478-4994-A5BA-3E3B0328C30D}","RecordNumber":95043,"Keywords":-9214364837600034816,"tags":["mordorDataset"]}
{"@version":"1","EventType":"AUDIT_SUCCESS","ThreadID":6204,"ObjectName":"ServicesActive","ObjectType":"SC_MANAGER OBJECT","Channel":"Security","OpcodeValue":0,"SubjectDomainName":"THESHIRE","Hostname":"WORKSTATION6.theshire.local","@timestamp":"2020-08-06T07:20:26.006Z","Category":"Other Object Access Events","AccessMask":"0x1","ProcessId":"0x2dc","AccessList":"%%7168\r\n\t\t\t\t","ProcessName":"C:\\Windows\\System32\\services.exe","ResourceAttributes":"-","host":"wec.internal.cloudapp.net","SubjectUserName":"pgustavo","Severity":"INFO","SeverityValue":2,"SourceModuleType":"im_msvistalog","TransactionId":"{00000000-0000-0000-0000-000000000000}","SubjectLogonId":"0xc15bfc","Version":1,"EventTime":"2020-08-06 03:20:24","Task":12804,"AccessReason":"-","PrivilegeList":"-","SourceName":"Microsoft-Windows-Security-Auditing","Opcode":"Info","Message":"A handle to an object was requested.\r\n\r\nSubject:\r\n\tSecurity ID:\t\tS-1-5-21-1363495622-3806888128-621328882-1104\r\n\tAccount Name:\t\tpgustavo\r\n\tAccount Domain:\t\tTHESHIRE\r\n\tLogon ID:\t\t0xC15BFC\r\n\r\nObject:\r\n\tObject Server:\t\tSC Manager\r\n\tObject Type:\t\tSC_MANAGER OBJECT\r\n\tObject Name:\t\tServicesActive\r\n\tHandle ID:\t\t0x5c68dfeea8\r\n\tResource Attributes:\t-\r\n\r\nProcess Information:\r\n\tProcess ID:\t\t0x2dc\r\n\tProcess Name:\t\tC:\\Windows\\System32\\services.exe\r\n\r\nAccess Request Information:\r\n\tTransaction ID:\t\t{00000000-0000-0000-0000-000000000000}\r\n\tAccesses:\t\tConnect to service controller\r\n\t\t\t\t\r\n\tAccess Reasons:\t\t-\r\n\tAccess Mask:\t\t0x1\r\n\tPrivileges Used for Access Check:\t-\r\n\tRestricted SID Count:\t0","SourceModuleName":"eventlog","EventReceivedTime":"2020-08-06 03:20:25","port":60122,"RestrictedSidCount":"0","ExecutionProcessID":4,"ObjectServer":"SC Manager","SubjectUserSid":"S-1-5-21-1363495622-3806888128-621328882-1104","HandleId":"0x5c68dfeea8","EventID":4656,"ProviderGuid":"{54849625-5478-4994-A5BA-3E3B0328C30D}","RecordNumber":95044,"Keywords":-9214364837600034816,"tags":["mordorDataset"]}
{"@version":"1","EventType":"AUDIT_SUCCESS","ThreadID":6204,"ObjectName":"ServicesActive","ObjectType":"SC_MANAGER OBJECT","Channel":"Security","OpcodeValue":0,"SubjectDomainName":"THESHIRE","Hostname":"WORKSTATION6.theshire.local","@timestamp":"2020-08-06T07:20:26.006Z","Category":"Other Object Access Events","AccessMask":"0x1","ProcessId":"0x2dc","AccessList":"%%7168\r\n\t\t\t\t","ProcessName":"C:\\Windows\\System32\\services.exe","ResourceAttributes":"-","host":"wec.internal.cloudapp.net","SubjectUserName":"pgustavo","Severity":"INFO","SeverityValue":2,"SourceModuleType":"im_msvistalog","TransactionId":"{00000000-0000-0000-0000-000000000000}","SubjectLogonId":"0xc15bfc","Version":1,"EventTime":"2020-08-06 03:20:24","Task":12804,"AccessReason":"-","PrivilegeList":"-","SourceName":"Microsoft-Windows-Security-Auditing","Opcode":"Info","Message":"A handle to an object was requested.\r\n\r\nSubject:\r\n\tSecurity ID:\t\tS-1-5-21-1363495622-3806888128-621328882-1104\r\n\tAccount Name:\t\tpgustavo\r\n\tAccount Domain:\t\tTHESHIRE\r\n\tLogon ID:\t\t0xC15BFC\r\n\r\nObject:\r\n\tObject Server:\t\tSC Manager\r\n\tObject Type:\t\tSC_MANAGER OBJECT\r\n\tObject Name:\t\tServicesActive\r\n\tHandle ID:\t\t0x5c68dfeea8\r\n\tResource Attributes:\t-\r\n\r\nProcess Information:\r\n\tProcess ID:\t\t0x2dc\r\n\tProcess Name:\t\tC:\\Windows\\System32\\services.exe\r\n\r\nAccess Request Information:\r\n\tTransaction ID:\t\t{00000000-0000-0000-0000-000000000000}\r\n\tAccesses:\t\tConnect to service controller\r\n\t\t\t\t\r\n\tAccess Reasons:\t\t-\r\n\tAccess Mask:\t\t0x1\r\n\tPrivileges Used for Access Check:\t-\r\n\tRestricted SID Count:\t0","SourceModuleName":"eventlog","EventReceivedTime":"2020-08-06 03:20:25","port":60122,"RestrictedSidCount":"0","ExecutionProcessID":4,"ObjectServer":"SC Manager","SubjectUserSid":"S-1-5-21-1363495622-3806888128-621328882-1104","HandleId":"0x5c68dfeea8","EventID":4656,"ProviderGuid":"{54849625-5478-4994-A5BA-3E3B0328C30D}","RecordNumber":95045,"Keywords":-9214364837600034816,"tags":["mordorDataset"]}
{"@version":"1","EventType":"AUDIT_SUCCESS","ThreadID":6204,"ObjectName":"ServicesActive","ObjectType":"SC_MANAGER OBJECT","Channel":"Security","OpcodeValue":0,"SubjectDomainName":"THESHIRE","Hostname":"WORKSTATION6.theshire.local","@timestamp":"2020-08-06T07:20:27.016Z","Category":"Other Object Access Events","AccessMask":"0x1","ProcessId":"0x2dc","AccessList":"%%7168\r\n\t\t\t\t","ProcessName":"C:\\Windows\\System32\\services.exe","ResourceAttributes":"-","host":"wec.internal.cloudapp.net","SubjectUserName":"pgustavo","Severity":"INFO","SeverityValue":2,"SourceModuleType":"im_msvistalog","TransactionId":"{00000000-0000-0000-0000-000000000000}","SubjectLogonId":"0xc15bfc","Version":1,"EventTime":"2020-08-06 03:20:24","Task":12804,"AccessReason":"-","PrivilegeList":"-","SourceName":"Microsoft-Windows-Security-Auditing","Opcode":"Info","Message":"A handle to an object was requested.\r\n\r\nSubject:\r\n\tSecurity ID:\t\tS-1-5-21-1363495622-3806888128-621328882-1104\r\n\tAccount Name:\t\tpgustavo\r\n\tAccount Domain:\t\tTHESHIRE\r\n\tLogon ID:\t\t0xC15BFC\r\n\r\nObject:\r\n\tObject Server:\t\tSC Manager\r\n\tObject Type:\t\tSC_MANAGER OBJECT\r\n\tObject Name:\t\tServicesActive\r\n\tHandle ID:\t\t0x5c68dfeea8\r\n\tResource Attributes:\t-\r\n\r\nProcess Information:\r\n\tProcess ID:\t\t0x2dc\r\n\tProcess Name:\t\tC:\\Windows\\System32\\services.exe\r\n\r\nAccess Request Information:\r\n\tTransaction ID:\t\t{00000000-0000-0000-0000-000000000000}\r\n\tAccesses:\t\tConnect to service controller\r\n\t\t\t\t\r\n\tAccess Reasons:\t\t-\r\n\tAccess Mask:\t\t0x1\r\n\tPrivileges Used for Access Check:\t-\r\n\tRestricted SID Count:\t0","SourceModuleName":"eventlog","EventReceivedTime":"2020-08-06 03:20:27","port":60122,"RestrictedSidCount":"0","ExecutionProcessID":4,"ObjectServer":"SC Manager","SubjectUserSid":"S-1-5-21-1363495622-3806888128-621328882-1104","HandleId":"0x5c68dfeea8","EventID":4656,"ProviderGuid":"{54849625-5478-4994-A5BA-3E3B0328C30D}","RecordNumber":95046,"Keywords":-9214364837600034816,"tags":["mordorDataset"]}
{"tags":["mordorDataset"],"@version":"1","EventType":"AUDIT_FAILURE","Version":1,"ThreadID":6204,"EventTime":"2020-08-06 03:20:24","Task":12810,"DestAddress":"172.18.39.6","SourcePort":"55031","Channel":"Security","SourceName":"Microsoft-Windows-Security-Auditing","OpcodeValue":0,"Hostname":"WORKSTATION6.theshire.local","@timestamp":"2020-08-06T07:20:27.016Z","Message":"The Windows Filtering Platform has blocked a connection.\r\n\r\nApplication Information:\r\n\tProcess ID:\t\t732\r\n\tApplication Name:\t\\device\\harddiskvolume2\\windows\\system32\\services.exe\r\n\r\nNetwork Information:\r\n\tDirection:\t\tInbound\r\n\tSource Address:\t\t172.18.39.5\r\n\tSource Port:\t\t55031\r\n\tDestination Address:\t172.18.39.6\r\n\tDestination Port:\t\t50115\r\n\tProtocol:\t\t6\r\n\r\nFilter Information:\r\n\tFilter Run-Time ID:\t69408\r\n\tLayer Name:\t\tReceive/Accept\r\n\tLayer Run-Time ID:\t44","Category":"Filtering Platform Connection","Opcode":"Info","SourceModuleName":"eventlog","ProcessId":"732","EventReceivedTime":"2020-08-06 03:20:27","port":60122,"Application":"\\device\\harddiskvolume2\\windows\\system32\\services.exe","ExecutionProcessID":4,"Direction":"%%14592","RemoteMachineID":"S-1-0-0","host":"wec.internal.cloudapp.net","DestPort":"50115","Severity":"ERROR","LayerRTID":"44","LayerName":"%%14610","SeverityValue":4,"EventID":5157,"SourceAddress":"172.18.39.5","ProviderGuid":"{54849625-5478-4994-A5BA-3E3B0328C30D}","RecordNumber":95047,"SourceModuleType":"im_msvistalog","Keywords":-9218868437227405312,"FilterRTID":"69408","Protocol":"6","RemoteUserID":"S-1-0-0"}
{"tags":["mordorDataset"],"@version":"1","EventType":"AUDIT_FAILURE","Version":1,"ThreadID":6204,"EventTime":"2020-08-06 03:20:25","Task":12810,"DestAddress":"172.18.39.6","SourcePort":"55031","Channel":"Security","SourceName":"Microsoft-Windows-Security-Auditing","OpcodeValue":0,"Hostname":"WORKSTATION6.theshire.local","@timestamp":"2020-08-06T07:20:27.016Z","Message":"The Windows Filtering Platform has blocked a connection.\r\n\r\nApplication Information:\r\n\tProcess ID:\t\t732\r\n\tApplication Name:\t\\device\\harddiskvolume2\\windows\\system32\\services.exe\r\n\r\nNetwork Information:\r\n\tDirection:\t\tInbound\r\n\tSource Address:\t\t172.18.39.5\r\n\tSource Port:\t\t55031\r\n\tDestination Address:\t172.18.39.6\r\n\tDestination Port:\t\t50115\r\n\tProtocol:\t\t6\r\n\r\nFilter Information:\r\n\tFilter Run-Time ID:\t69408\r\n\tLayer Name:\t\tReceive/Accept\r\n\tLayer Run-Time ID:\t44","Category":"Filtering Platform Connection","Opcode":"Info","SourceModuleName":"eventlog","ProcessId":"732","EventReceivedTime":"2020-08-06 03:20:27","port":60122,"Application":"\\device\\harddiskvolume2\\windows\\system32\\services.exe","ExecutionProcessID":4,"Direction":"%%14592","RemoteMachineID":"S-1-0-0","host":"wec.internal.cloudapp.net","DestPort":"50115","Severity":"ERROR","LayerRTID":"44","LayerName":"%%14610","SeverityValue":4,"EventID":5157,"SourceAddress":"172.18.39.5","ProviderGuid":"{54849625-5478-4994-A5BA-3E3B0328C30D}","RecordNumber":95048,"SourceModuleType":"im_msvistalog","Keywords":-9218868437227405312,"FilterRTID":"69408","Protocol":"6","RemoteUserID":"S-1-0-0"}
{"tags":["mordorDataset"],"TargetProcessGUID":"{49a15388-5ccf-5f2b-5502-000000000400}","@version":"1","EventType":"INFO","Version":3,"ThreadID":4496,"EventTime":"2020-08-06 03:20:25","Task":10,"AccountType":"User","SourceProcessGUID":"{49a15388-5c39-5f2b-1000-000000000400}","CallTrace":"C:\\windows\\SYSTEM32\\ntdll.dll+9c534|C:\\windows\\SYSTEM32\\psmserviceexthost.dll+222a3|C:\\windows\\SYSTEM32\\psmserviceexthost.dll+1a172|C:\\windows\\SYSTEM32\\psmserviceexthost.dll+19e3b|C:\\windows\\SYSTEM32\\psmserviceexthost.dll+19318|C:\\windows\\SYSTEM32\\ntdll.dll+3081d|C:\\windows\\SYSTEM32\\ntdll.dll+345b4|C:\\windows\\System32\\KERNEL32.DLL+17bd4|C:\\windows\\SYSTEM32\\ntdll.dll+6ce51","Channel":"Microsoft-Windows-Sysmon/Operational","SourceName":"Microsoft-Windows-Sysmon","OpcodeValue":0,"Hostname":"WORKSTATION6.theshire.local","@timestamp":"2020-08-06T07:20:27.016Z","Message":"Process accessed:\r\nRuleName: -\r\nUtcTime: 2020-08-06 07:20:25.598\r\nSourceProcessGUID: {49a15388-5c39-5f2b-1000-000000000400}\r\nSourceProcessId: 896\r\nSourceThreadId: 4660\r\nSourceImage: C:\\windows\\system32\\svchost.exe\r\nTargetProcessGUID: {49a15388-5ccf-5f2b-5502-000000000400}\r\nTargetProcessId: 3120\r\nTargetImage: C:\\windows\\System32\\svchost.exe\r\nGrantedAccess: 0x1000\r\nCallTrace: C:\\windows\\SYSTEM32\\ntdll.dll+9c534|C:\\windows\\SYSTEM32\\psmserviceexthost.dll+222a3|C:\\windows\\SYSTEM32\\psmserviceexthost.dll+1a172|C:\\windows\\SYSTEM32\\psmserviceexthost.dll+19e3b|C:\\windows\\SYSTEM32\\psmserviceexthost.dll+19318|C:\\windows\\SYSTEM32\\ntdll.dll+3081d|C:\\windows\\SYSTEM32\\ntdll.dll+345b4|C:\\windows\\System32\\KERNEL32.DLL+17bd4|C:\\windows\\SYSTEM32\\ntdll.dll+6ce51","SourceModuleName":"eventlog","ProcessId":"896","SourceImage":"C:\\windows\\system32\\svchost.exe","EventReceivedTime":"2020-08-06 03:20:27","port":60122,"AccountName":"SYSTEM","UtcTime":"2020-08-06 07:20:25.598","GrantedAccess":"0x1000","Domain":"NT AUTHORITY","ExecutionProcessID":3432,"host":"wec.internal.cloudapp.net","SourceProcessId":"896","SourceThreadId":"4660","Severity":"INFO","TargetProcessId":"3120","SeverityValue":2,"EventID":10,"UserID":"S-1-5-18","ProviderGuid":"{5770385F-C22A-43E0-BF4C-06F5698FFBD9}","RecordNumber":322228,"SourceModuleType":"im_msvistalog","Keywords":-9223372036854775808,"TargetImage":"C:\\windows\\System32\\svchost.exe","RuleName":"-"}
{"tags":["mordorDataset"],"TargetProcessGUID":"{49a15388-5ccf-5f2b-5502-000000000400}","@version":"1","EventType":"INFO","Version":3,"ThreadID":4496,"EventTime":"2020-08-06 03:20:25","Task":10,"AccountType":"User","SourceProcessGUID":"{49a15388-5c39-5f2b-1000-000000000400}","CallTrace":"C:\\windows\\SYSTEM32\\ntdll.dll+9c534|C:\\windows\\SYSTEM32\\psmserviceexthost.dll+222a3|C:\\windows\\SYSTEM32\\psmserviceexthost.dll+1a172|C:\\windows\\SYSTEM32\\psmserviceexthost.dll+19e3b|C:\\windows\\SYSTEM32\\psmserviceexthost.dll+19318|C:\\windows\\SYSTEM32\\ntdll.dll+3081d|C:\\windows\\SYSTEM32\\ntdll.dll+345b4|C:\\windows\\System32\\KERNEL32.DLL+17bd4|C:\\windows\\SYSTEM32\\ntdll.dll+6ce51","Channel":"Microsoft-Windows-Sysmon/Operational","SourceName":"Microsoft-Windows-Sysmon","OpcodeValue":0,"Hostname":"WORKSTATION6.theshire.local","@timestamp":"2020-08-06T07:20:27.017Z","Message":"Process accessed:\r\nRuleName: -\r\nUtcTime: 2020-08-06 07:20:25.598\r\nSourceProcessGUID: {49a15388-5c39-5f2b-1000-000000000400}\r\nSourceProcessId: 896\r\nSourceThreadId: 4660\r\nSourceImage: C:\\windows\\system32\\svchost.exe\r\nTargetProcessGUID: {49a15388-5ccf-5f2b-5502-000000000400}\r\nTargetProcessId: 3120\r\nTargetImage: C:\\windows\\System32\\svchost.exe\r\nGrantedAccess: 0x1000\r\nCallTrace: C:\\windows\\SYSTEM32\\ntdll.dll+9c534|C:\\windows\\SYSTEM32\\psmserviceexthost.dll+222a3|C:\\windows\\SYSTEM32\\psmserviceexthost.dll+1a172|C:\\windows\\SYSTEM32\\psmserviceexthost.dll+19e3b|C:\\windows\\SYSTEM32\\psmserviceexthost.dll+19318|C:\\windows\\SYSTEM32\\ntdll.dll+3081d|C:\\windows\\SYSTEM32\\ntdll.dll+345b4|C:\\windows\\System32\\KERNEL32.DLL+17bd4|C:\\windows\\SYSTEM32\\ntdll.dll+6ce51","SourceModuleName":"eventlog","ProcessId":"896","SourceImage":"C:\\windows\\system32\\svchost.exe","EventReceivedTime":"2020-08-06 03:20:27","port":60122,"AccountName":"SYSTEM","UtcTime":"2020-08-06 07:20:25.598","GrantedAccess":"0x1000","Domain":"NT AUTHORITY","ExecutionProcessID":3432,"host":"wec.internal.cloudapp.net","SourceProcessId":"896","SourceThreadId":"4660","Severity":"INFO","TargetProcessId":"3120","SeverityValue":2,"EventID":10,"UserID":"S-1-5-18","ProviderGuid":"{5770385F-C22A-43E0-BF4C-06F5698FFBD9}","RecordNumber":322229,"SourceModuleType":"im_msvistalog","Keywords":-9223372036854775808,"TargetImage":"C:\\windows\\System32\\svchost.exe","RuleName":"-"}
{"tags":["mordorDataset"],"TargetProcessGUID":"{49a15388-5ccf-5f2b-5502-000000000400}","@version":"1","EventType":"INFO","Version":3,"ThreadID":4496,"EventTime":"2020-08-06 03:20:25","Task":10,"AccountType":"User","SourceProcessGUID":"{49a15388-5c39-5f2b-1000-000000000400}","CallTrace":"C:\\windows\\SYSTEM32\\ntdll.dll+9c534|C:\\windows\\SYSTEM32\\psmserviceexthost.dll+222a3|C:\\windows\\SYSTEM32\\psmserviceexthost.dll+1a172|C:\\windows\\SYSTEM32\\psmserviceexthost.dll+19e3b|C:\\windows\\SYSTEM32\\psmserviceexthost.dll+19318|C:\\windows\\SYSTEM32\\ntdll.dll+3081d|C:\\windows\\SYSTEM32\\ntdll.dll+345b4|C:\\windows\\System32\\KERNEL32.DLL+17bd4|C:\\windows\\SYSTEM32\\ntdll.dll+6ce51","Channel":"Microsoft-Windows-Sysmon/Operational","SourceName":"Microsoft-Windows-Sysmon","OpcodeValue":0,"Hostname":"WORKSTATION6.theshire.local","@timestamp":"2020-08-06T07:20:27.017Z","Message":"Process accessed:\r\nRuleName: -\r\nUtcTime: 2020-08-06 07:20:25.614\r\nSourceProcessGUID: {49a15388-5c39-5f2b-1000-000000000400}\r\nSourceProcessId: 896\r\nSourceThreadId: 1068\r\nSourceImage: C:\\windows\\system32\\svchost.exe\r\nTargetProcessGUID: {49a15388-5ccf-5f2b-5502-000000000400}\r\nTargetProcessId: 3120\r\nTargetImage: C:\\windows\\System32\\svchost.exe\r\nGrantedAccess: 0x1000\r\nCallTrace: C:\\windows\\SYSTEM32\\ntdll.dll+9c534|C:\\windows\\SYSTEM32\\psmserviceexthost.dll+222a3|C:\\windows\\SYSTEM32\\psmserviceexthost.dll+1a172|C:\\windows\\SYSTEM32\\psmserviceexthost.dll+19e3b|C:\\windows\\SYSTEM32\\psmserviceexthost.dll+19318|C:\\windows\\SYSTEM32\\ntdll.dll+3081d|C:\\windows\\SYSTEM32\\ntdll.dll+345b4|C:\\windows\\System32\\KERNEL32.DLL+17bd4|C:\\windows\\SYSTEM32\\ntdll.dll+6ce51","SourceModuleName":"eventlog","ProcessId":"896","SourceImage":"C:\\windows\\system32\\svchost.exe","EventReceivedTime":"2020-08-06 03:20:27","port":60122,"AccountName":"SYSTEM","UtcTime":"2020-08-06 07:20:25.614","GrantedAccess":"0x1000","Domain":"NT AUTHORITY","ExecutionProcessID":3432,"host":"wec.internal.cloudapp.net","SourceProcessId":"896","SourceThreadId":"1068","Severity":"INFO","TargetProcessId":"3120","SeverityValue":2,"EventID":10,"UserID":"S-1-5-18","ProviderGuid":"{5770385F-C22A-43E0-BF4C-06F5698FFBD9}","RecordNumber":322230,"SourceModuleType":"im_msvistalog","Keywords":-9223372036854775808,"TargetImage":"C:\\windows\\System32\\svchost.exe","RuleName":"-"}
{"tags":["mordorDataset"],"TargetProcessGUID":"{49a15388-5ccf-5f2b-5502-000000000400}","@version":"1","EventType":"INFO","Version":3,"ThreadID":4496,"EventTime":"2020-08-06 03:20:25","Task":10,"AccountType":"User","SourceProcessGUID":"{49a15388-5c39-5f2b-1000-000000000400}","CallTrace":"C:\\windows\\SYSTEM32\\ntdll.dll+9c534|C:\\windows\\SYSTEM32\\psmserviceexthost.dll+222a3|C:\\windows\\SYSTEM32\\psmserviceexthost.dll+1a172|C:\\windows\\SYSTEM32\\psmserviceexthost.dll+19e3b|C:\\windows\\SYSTEM32\\psmserviceexthost.dll+19318|C:\\windows\\SYSTEM32\\ntdll.dll+3081d|C:\\windows\\SYSTEM32\\ntdll.dll+345b4|C:\\windows\\System32\\KERNEL32.DLL+17bd4|C:\\windows\\SYSTEM32\\ntdll.dll+6ce51","Channel":"Microsoft-Windows-Sysmon/Operational","SourceName":"Microsoft-Windows-Sysmon","OpcodeValue":0,"Hostname":"WORKSTATION6.theshire.local","@timestamp":"2020-08-06T07:20:27.017Z","Message":"Process accessed:\r\nRuleName: -\r\nUtcTime: 2020-08-06 07:20:25.614\r\nSourceProcessGUID: {49a15388-5c39-5f2b-1000-000000000400}\r\nSourceProcessId: 896\r\nSourceThreadId: 1068\r\nSourceImage: C:\\windows\\system32\\svchost.exe\r\nTargetProcessGUID: {49a15388-5ccf-5f2b-5502-000000000400}\r\nTargetProcessId: 3120\r\nTargetImage: C:\\windows\\System32\\svchost.exe\r\nGrantedAccess: 0x1000\r\nCallTrace: C:\\windows\\SYSTEM32\\ntdll.dll+9c534|C:\\windows\\SYSTEM32\\psmserviceexthost.dll+222a3|C:\\windows\\SYSTEM32\\psmserviceexthost.dll+1a172|C:\\windows\\SYSTEM32\\psmserviceexthost.dll+19e3b|C:\\windows\\SYSTEM32\\psmserviceexthost.dll+19318|C:\\windows\\SYSTEM32\\ntdll.dll+3081d|C:\\windows\\SYSTEM32\\ntdll.dll+345b4|C:\\windows\\System32\\KERNEL32.DLL+17bd4|C:\\windows\\SYSTEM32\\ntdll.dll+6ce51","SourceModuleName":"eventlog","ProcessId":"896","SourceImage":"C:\\windows\\system32\\svchost.exe","EventReceivedTime":"2020-08-06 03:20:27","port":60122,"AccountName":"SYSTEM","UtcTime":"2020-08-06 07:20:25.614","GrantedAccess":"0x1000","Domain":"NT AUTHORITY","ExecutionProcessID":3432,"host":"wec.internal.cloudapp.net","SourceProcessId":"896","SourceThreadId":"1068","Severity":"INFO","TargetProcessId":"3120","SeverityValue":2,"EventID":10,"UserID":"S-1-5-18","ProviderGuid":"{5770385F-C22A-43E0-BF4C-06F5698FFBD9}","RecordNumber":322231,"SourceModuleType":"im_msvistalog","Keywords":-9223372036854775808,"TargetImage":"C:\\windows\\System32\\svchost.exe","RuleName":"-"}
{"tags":["mordorDataset"],"TargetProcessGUID":"{49a15388-5ccf-5f2b-5502-000000000400}","@version":"1","EventType":"INFO","Version":3,"ThreadID":4496,"EventTime":"2020-08-06 03:20:25","Task":10,"AccountType":"User","SourceProcessGUID":"{49a15388-5c39-5f2b-1000-000000000400}","CallTrace":"C:\\windows\\SYSTEM32\\ntdll.dll+9c534|C:\\windows\\SYSTEM32\\psmserviceexthost.dll+222a3|C:\\windows\\SYSTEM32\\psmserviceexthost.dll+1a172|C:\\windows\\SYSTEM32\\psmserviceexthost.dll+19e3b|C:\\windows\\SYSTEM32\\psmserviceexthost.dll+19318|C:\\windows\\SYSTEM32\\ntdll.dll+3081d|C:\\windows\\SYSTEM32\\ntdll.dll+345b4|C:\\windows\\System32\\KERNEL32.DLL+17bd4|C:\\windows\\SYSTEM32\\ntdll.dll+6ce51","Channel":"Microsoft-Windows-Sysmon/Operational","SourceName":"Microsoft-Windows-Sysmon","OpcodeValue":0,"Hostname":"WORKSTATION6.theshire.local","@timestamp":"2020-08-06T07:20:27.018Z","Message":"Process accessed:\r\nRuleName: -\r\nUtcTime: 2020-08-06 07:20:25.614\r\nSourceProcessGUID: {49a15388-5c39-5f2b-1000-000000000400}\r\nSourceProcessId: 896\r\nSourceThreadId: 1068\r\nSourceImage: C:\\windows\\system32\\svchost.exe\r\nTargetProcessGUID: {49a15388-5ccf-5f2b-5502-000000000400}\r\nTargetProcessId: 3120\r\nTargetImage: C:\\windows\\System32\\svchost.exe\r\nGrantedAccess: 0x1000\r\nCallTrace: C:\\windows\\SYSTEM32\\ntdll.dll+9c534|C:\\windows\\SYSTEM32\\psmserviceexthost.dll+222a3|C:\\windows\\SYSTEM32\\psmserviceexthost.dll+1a172|C:\\windows\\SYSTEM32\\psmserviceexthost.dll+19e3b|C:\\windows\\SYSTEM32\\psmserviceexthost.dll+19318|C:\\windows\\SYSTEM32\\ntdll.dll+3081d|C:\\windows\\SYSTEM32\\ntdll.dll+345b4|C:\\windows\\System32\\KERNEL32.DLL+17bd4|C:\\windows\\SYSTEM32\\ntdll.dll+6ce51","SourceModuleName":"eventlog","ProcessId":"896","SourceImage":"C:\\windows\\system32\\svchost.exe","EventReceivedTime":"2020-08-06 03:20:27","port":60122,"AccountName":"SYSTEM","UtcTime":"2020-08-06 07:20:25.614","GrantedAccess":"0x1000","Domain":"NT AUTHORITY","ExecutionProcessID":3432,"host":"wec.internal.cloudapp.net","SourceProcessId":"896","SourceThreadId":"1068","Severity":"INFO","TargetProcessId":"3120","SeverityValue":2,"EventID":10,"UserID":"S-1-5-18","ProviderGuid":"{5770385F-C22A-43E0-BF4C-06F5698FFBD9}","RecordNumber":322232,"SourceModuleType":"im_msvistalog","Keywords":-9223372036854775808,"TargetImage":"C:\\windows\\System32\\svchost.exe","RuleName":"-"}
{"tags":["mordorDataset"],"TargetProcessGUID":"{49a15388-5ccf-5f2b-5502-000000000400}","@version":"1","EventType":"INFO","Version":3,"ThreadID":4496,"EventTime":"2020-08-06 03:20:25","Task":10,"AccountType":"User","SourceProcessGUID":"{49a15388-5c39-5f2b-1000-000000000400}","CallTrace":"C:\\windows\\SYSTEM32\\ntdll.dll+9c534|C:\\windows\\SYSTEM32\\psmserviceexthost.dll+222a3|C:\\windows\\SYSTEM32\\psmserviceexthost.dll+1a172|C:\\windows\\SYSTEM32\\psmserviceexthost.dll+19e3b|C:\\windows\\SYSTEM32\\psmserviceexthost.dll+19318|C:\\windows\\SYSTEM32\\ntdll.dll+3081d|C:\\windows\\SYSTEM32\\ntdll.dll+345b4|C:\\windows\\System32\\KERNEL32.DLL+17bd4|C:\\windows\\SYSTEM32\\ntdll.dll+6ce51","Channel":"Microsoft-Windows-Sysmon/Operational","SourceName":"Microsoft-Windows-Sysmon","OpcodeValue":0,"Hostname":"WORKSTATION6.theshire.local","@timestamp":"2020-08-06T07:20:27.018Z","Message":"Process accessed:\r\nRuleName: -\r\nUtcTime: 2020-08-06 07:20:25.614\r\nSourceProcessGUID: {49a15388-5c39-5f2b-1000-000000000400}\r\nSourceProcessId: 896\r\nSourceThreadId: 1068\r\nSourceImage: C:\\windows\\system32\\svchost.exe\r\nTargetProcessGUID: {49a15388-5ccf-5f2b-5502-000000000400}\r\nTargetProcessId: 3120\r\nTargetImage: C:\\windows\\System32\\svchost.exe\r\nGrantedAccess: 0x1000\r\nCallTrace: C:\\windows\\SYSTEM32\\ntdll.dll+9c534|C:\\windows\\SYSTEM32\\psmserviceexthost.dll+222a3|C:\\windows\\SYSTEM32\\psmserviceexthost.dll+1a172|C:\\windows\\SYSTEM32\\psmserviceexthost.dll+19e3b|C:\\windows\\SYSTEM32\\psmserviceexthost.dll+19318|C:\\windows\\SYSTEM32\\ntdll.dll+3081d|C:\\windows\\SYSTEM32\\ntdll.dll+345b4|C:\\windows\\System32\\KERNEL32.DLL+17bd4|C:\\windows\\SYSTEM32\\ntdll.dll+6ce51","SourceModuleName":"eventlog","ProcessId":"896","SourceImage":"C:\\windows\\system32\\svchost.exe","EventReceivedTime":"2020-08-06 03:20:27","port":60122,"AccountName":"SYSTEM","UtcTime":"2020-08-06 07:20:25.614","GrantedAccess":"0x1000","Domain":"NT AUTHORITY","ExecutionProcessID":3432,"host":"wec.internal.cloudapp.net","SourceProcessId":"896","SourceThreadId":"1068","Severity":"INFO","TargetProcessId":"3120","SeverityValue":2,"EventID":10,"UserID":"S-1-5-18","ProviderGuid":"{5770385F-C22A-43E0-BF4C-06F5698FFBD9}","RecordNumber":322233,"SourceModuleType":"im_msvistalog","Keywords":-9223372036854775808,"TargetImage":"C:\\windows\\System32\\svchost.exe","RuleName":"-"}
