{"@version":"1","EventType":"INFO","AccountType":"User","ThreadID":4208,"Channel":"Microsoft-Windows-Sysmon/Operational","OpcodeValue":0,"OriginalFileName":"PROFAPI.DLL","Hostname":"MORDORDC.theshire.local","@timestamp":"2020-08-06T07:21:20.340Z","ProcessId":"5328","Signed":"true","host":"wec.internal.cloudapp.net","SignatureStatus":"Valid","Severity":"INFO","SeverityValue":2,"Image":"C:\\Windows\\System32\\dsregcmd.exe","SourceModuleType":"im_msvistalog","FileVersion":"10.0.17763.1075 (WinBuild.160101.0800)","Version":3,"Company":"Microsoft Corporation","EventTime":"2020-08-06 03:21:18","Task":7,"Signature":"Microsoft Windows","SourceName":"Microsoft-Windows-Sysmon","Message":"Image loaded:\r\nRuleName: -\r\nUtcTime: 2020-08-06 07:21:18.754\r\nProcessGuid: {9f85ce58-af6e-5f2b-1f04-000000000400}\r\nProcessId: 5328\r\nImage: C:\\Windows\\System32\\dsregcmd.exe\r\nImageLoaded: C:\\Windows\\System32\\profapi.dll\r\nFileVersion: 10.0.17763.1075 (WinBuild.160101.0800)\r\nDescription: User Profile Basic API\r\nProduct: Microsoft® Windows® Operating System\r\nCompany: Microsoft Corporation\r\nOriginalFileName: PROFAPI.DLL\r\nHashes: SHA1=68AC0610545601E8C14D52A96ECF48CD3EC0C786,MD5=21D8C6FFC3A71BDE52E56C78BA1C8715,SHA256=6829C5F86E660ED95BBA8AB85E5D1B8BDDBEE69DC4FD3BD2992523775C29C022,IMPHASH=CF0269950BAC18763D80F408325FFF86\r\nSigned: true\r\nSignature: Microsoft Windows\r\nSignatureStatus: Valid","SourceModuleName":"eventlog","ImageLoaded":"C:\\Windows\\System32\\profapi.dll","EventReceivedTime":"2020-08-06 03:21:20","port":60122,"AccountName":"SYSTEM","UtcTime":"2020-08-06 07:21:18.754","Domain":"NT AUTHORITY","ExecutionProcessID":3888,"Hashes":"SHA1=68AC0610545601E8C14D52A96ECF48CD3EC0C786,MD5=21D8C6FFC3A71BDE52E56C78BA1C8715,SHA256=6829C5F86E660ED95BBA8AB85E5D1B8BDDBEE69DC4FD3BD2992523775C29C022,IMPHASH=CF0269950BAC18763D80F408325FFF86","Description":"User Profile Basic API","UserID":"S-1-5-18","EventID":7,"Product":"Microsoft® Windows® Operating System","ProviderGuid":"{5770385F-C22A-43E0-BF4C-06F5698FFBD9}","RecordNumber":280987,"Keywords":-9223372036854775808,"ProcessGuid":"{9f85ce58-af6e-5f2b-1f04-000000000400}","tags":["mordorDataset"],"RuleName":"-"}
{"SubjectLogonId":"0x3e7","@version":"1","EventType":"AUDIT_SUCCESS","SourceHandleId":"0xc0","Version":0,"ThreadID":96,"EventTime":"2020-08-06 03:21:18","Task":12807,"Channel":"Security","SourceName":"Microsoft-Windows-Security-Auditing","OpcodeValue":0,"Hostname":"MORDORDC.theshire.local","@timestamp":"2020-08-06T07:21:20.341Z","Message":"An attempt was made to duplicate a handle to an object.\r\n\r\nSubject:\r\n\tSecurity ID:\t\tS-1-5-18\r\n\tAccount Name:\t\tMORDORDC$\r\n\tAccount Domain:\t\tTHESHIRE\r\n\tLogon ID:\t\t0x3E7\r\n\r\nSource Handle Information:\r\n\tSource Handle ID:\t0xc0\r\n\tSource Process ID:\t0x14d0\r\n\r\nNew Handle Information:\r\n\tTarget Handle ID:\t0x1558\r\n\tTarget Process ID:\t0x4","Category":"Handle Manipulation","Opcode":"Info","SubjectDomainName":"THESHIRE","SourceModuleName":"eventlog","ProcessId":"0x14d0","EventReceivedTime":"2020-08-06 03:21:20","port":60122,"ExecutionProcessID":4,"host":"wec.internal.cloudapp.net","SubjectUserSid":"S-1-5-18","SubjectUserName":"MORDORDC$","SourceProcessId":"0x14d0","Severity":"INFO","TargetProcessId":"0x4","SeverityValue":2,"EventID":4690,"TargetHandleId":"0x1558","ProviderGuid":"{54849625-5478-4994-A5BA-3E3B0328C30D}","RecordNumber":325325,"SourceModuleType":"im_msvistalog","Keywords":-9214364837600034816,"tags":["mordorDataset"]}
{"@version":"1","EventType":"INFO","AccountType":"User","ThreadID":4208,"Channel":"Microsoft-Windows-Sysmon/Operational","OpcodeValue":0,"OriginalFileName":"secur32.dll","Hostname":"MORDORDC.theshire.local","@timestamp":"2020-08-06T07:21:20.341Z","ProcessId":"5328","Signed":"true","host":"wec.internal.cloudapp.net","SignatureStatus":"Valid","Severity":"INFO","SeverityValue":2,"Image":"C:\\Windows\\System32\\dsregcmd.exe","SourceModuleType":"im_msvistalog","FileVersion":"10.0.17763.1 (WinBuild.160101.0800)","Version":3,"Company":"Microsoft Corporation","EventTime":"2020-08-06 03:21:18","Task":7,"Signature":"Microsoft Windows","SourceName":"Microsoft-Windows-Sysmon","Message":"Image loaded:\r\nRuleName: -\r\nUtcTime: 2020-08-06 07:21:18.754\r\nProcessGuid: {9f85ce58-af6e-5f2b-1f04-000000000400}\r\nProcessId: 5328\r\nImage: C:\\Windows\\System32\\dsregcmd.exe\r\nImageLoaded: C:\\Windows\\System32\\secur32.dll\r\nFileVersion: 10.0.17763.1 (WinBuild.160101.0800)\r\nDescription: Security Support Provider Interface\r\nProduct: Microsoft® Windows® Operating System\r\nCompany: Microsoft Corporation\r\nOriginalFileName: secur32.dll\r\nHashes: SHA1=D71861C344EC4070D494C0216D1EFAE59E755A5B,MD5=6E13163214C64BD6453FBE3AF96F8944,SHA256=1CAFA15CBA7A29317359C6851292470E01B36FF92D9DF2E2C9474C3B02036305,IMPHASH=F90C2A389F295606533D615109FB248B\r\nSigned: true\r\nSignature: Microsoft Windows\r\nSignatureStatus: Valid","SourceModuleName":"eventlog","ImageLoaded":"C:\\Windows\\System32\\secur32.dll","EventReceivedTime":"2020-08-06 03:21:20","port":60122,"AccountName":"SYSTEM","UtcTime":"2020-08-06 07:21:18.754","Domain":"NT AUTHORITY","ExecutionProcessID":3888,"Hashes":"SHA1=D71861C344EC4070D494C0216D1EFAE59E755A5B,MD5=6E13163214C64BD6453FBE3AF96F8944,SHA256=1CAFA15CBA7A29317359C6851292470E01B36FF92D9DF2E2C9474C3B02036305,IMPHASH=F90C2A389F295606533D615109FB248B","Description":"Security Support Provider Interface","UserID":"S-1-5-18","EventID":7,"Product":"Microsoft® Windows® Operating System","ProviderGuid":"{5770385F-C22A-43E0-BF4C-06F5698FFBD9}","RecordNumber":280988,"Keywords":-9223372036854775808,"ProcessGuid":"{9f85ce58-af6e-5f2b-1f04-000000000400}","tags":["mordorDataset"],"RuleName":"-"}
{"SubjectLogonId":"0x3e7","@version":"1","EventType":"AUDIT_SUCCESS","Version":0,"ThreadID":96,"EventTime":"2020-08-06 03:21:18","Task":12801,"Channel":"Security","SourceName":"Microsoft-Windows-Security-Auditing","OpcodeValue":0,"Hostname":"MORDORDC.theshire.local","@timestamp":"2020-08-06T07:21:20.342Z","Message":"The handle to an object was closed.\r\n\r\nSubject :\r\n\tSecurity ID:\t\tS-1-5-18\r\n\tAccount Name:\t\tMORDORDC$\r\n\tAccount Domain:\t\tTHESHIRE\r\n\tLogon ID:\t\t0x3E7\r\n\r\nObject:\r\n\tObject Server:\t\tSecurity\r\n\tHandle ID:\t\t0x1558\r\n\r\nProcess Information:\r\n\tProcess ID:\t\t0x14d0\r\n\tProcess Name:\t\tC:\\Windows\\System32\\dsregcmd.exe","Category":"Registry","Opcode":"Info","SubjectDomainName":"THESHIRE","SourceModuleName":"eventlog","ProcessId":"0x14d0","EventReceivedTime":"2020-08-06 03:21:20","port":60122,"ExecutionProcessID":4,"ProcessName":"C:\\Windows\\System32\\dsregcmd.exe","ObjectServer":"Security","host":"wec.internal.cloudapp.net","SubjectUserSid":"S-1-5-18","SubjectUserName":"MORDORDC$","HandleId":"0x1558","Severity":"INFO","SeverityValue":2,"EventID":4658,"ProviderGuid":"{54849625-5478-4994-A5BA-3E3B0328C30D}","RecordNumber":325326,"SourceModuleType":"im_msvistalog","Keywords":-9214364837600034816,"tags":["mordorDataset"]}
{"@version":"1","EventType":"INFO","AccountType":"User","ThreadID":4208,"Channel":"Microsoft-Windows-Sysmon/Operational","OpcodeValue":0,"OriginalFileName":"ntasn1.dll","Hostname":"MORDORDC.theshire.local","@timestamp":"2020-08-06T07:21:20.343Z","ProcessId":"5328","Signed":"true","host":"wec.internal.cloudapp.net","SignatureStatus":"Valid","Severity":"INFO","SeverityValue":2,"Image":"C:\\Windows\\System32\\dsregcmd.exe","SourceModuleType":"im_msvistalog","FileVersion":"10.0.17763.1 (WinBuild.160101.0800)","Version":3,"Company":"Microsoft Corporation","EventTime":"2020-08-06 03:21:18","Task":7,"Signature":"Microsoft Windows","SourceName":"Microsoft-Windows-Sysmon","Message":"Image loaded:\r\nRuleName: -\r\nUtcTime: 2020-08-06 07:21:18.754\r\nProcessGuid: {9f85ce58-af6e-5f2b-1f04-000000000400}\r\nProcessId: 5328\r\nImage: C:\\Windows\\System32\\dsregcmd.exe\r\nImageLoaded: C:\\Windows\\System32\\ntasn1.dll\r\nFileVersion: 10.0.17763.1 (WinBuild.160101.0800)\r\nDescription: Microsoft ASN.1 API\r\nProduct: Microsoft® Windows® Operating System\r\nCompany: Microsoft Corporation\r\nOriginalFileName: ntasn1.dll\r\nHashes: SHA1=BEB1CA2DFACA8F39B3AFB1A7D374E587B55CC0AF,MD5=1AA3971C69A554471DFAE297DBAC1CD4,SHA256=ADF2CAD7E6705B318034390898F74CFC73EAB40652019CA698843A4EEF7BE95C,IMPHASH=9EFC540370FCF618EB98929931A83D43\r\nSigned: true\r\nSignature: Microsoft Windows\r\nSignatureStatus: Valid","SourceModuleName":"eventlog","ImageLoaded":"C:\\Windows\\System32\\ntasn1.dll","EventReceivedTime":"2020-08-06 03:21:20","port":60122,"AccountName":"SYSTEM","UtcTime":"2020-08-06 07:21:18.754","Domain":"NT AUTHORITY","ExecutionProcessID":3888,"Hashes":"SHA1=BEB1CA2DFACA8F39B3AFB1A7D374E587B55CC0AF,MD5=1AA3971C69A554471DFAE297DBAC1CD4,SHA256=ADF2CAD7E6705B318034390898F74CFC73EAB40652019CA698843A4EEF7BE95C,IMPHASH=9EFC540370FCF618EB98929931A83D43","Description":"Microsoft ASN.1 API","UserID":"S-1-5-18","EventID":7,"Product":"Microsoft® Windows® Operating System","ProviderGuid":"{5770385F-C22A-43E0-BF4C-06F5698FFBD9}","RecordNumber":280989,"Keywords":-9223372036854775808,"ProcessGuid":"{9f85ce58-af6e-5f2b-1f04-000000000400}","tags":["mordorDataset"],"RuleName":"-"}
{"@version":"1","EventType":"AUDIT_SUCCESS","ThreadID":96,"ObjectName":"\\REGISTRY\\MACHINE\\SYSTEM\\ControlSet001\\Control\\Lsa","ObjectType":"Key","Channel":"Security","OpcodeValue":0,"SubjectDomainName":"THESHIRE","Hostname":"MORDORDC.theshire.local","@timestamp":"2020-08-06T07:21:20.343Z","Category":"Registry","AccessMask":"0x1","ProcessId":"0x14d0","AccessList":"%%4432\r\n\t\t\t\t","ProcessName":"C:\\Windows\\System32\\dsregcmd.exe","ResourceAttributes":"-","host":"wec.internal.cloudapp.net","SubjectUserName":"MORDORDC$","Severity":"INFO","SeverityValue":2,"SourceModuleType":"im_msvistalog","TransactionId":"{00000000-0000-0000-0000-000000000000}","SubjectLogonId":"0x3e7","Version":1,"EventTime":"2020-08-06 03:21:18","Task":12801,"AccessReason":"-","PrivilegeList":"-","SourceName":"Microsoft-Windows-Security-Auditing","Opcode":"Info","Message":"A handle to an object was requested.\r\n\r\nSubject:\r\n\tSecurity ID:\t\tS-1-5-18\r\n\tAccount Name:\t\tMORDORDC$\r\n\tAccount Domain:\t\tTHESHIRE\r\n\tLogon ID:\t\t0x3E7\r\n\r\nObject:\r\n\tObject Server:\t\tSecurity\r\n\tObject Type:\t\tKey\r\n\tObject Name:\t\t\\REGISTRY\\MACHINE\\SYSTEM\\ControlSet001\\Control\\Lsa\r\n\tHandle ID:\t\t0xc0\r\n\tResource Attributes:\t-\r\n\r\nProcess Information:\r\n\tProcess ID:\t\t0x14d0\r\n\tProcess Name:\t\tC:\\Windows\\System32\\dsregcmd.exe\r\n\r\nAccess Request Information:\r\n\tTransaction ID:\t\t{00000000-0000-0000-0000-000000000000}\r\n\tAccesses:\t\tQuery key value\r\n\t\t\t\t\r\n\tAccess Reasons:\t\t-\r\n\tAccess Mask:\t\t0x1\r\n\tPrivileges Used for Access Check:\t-\r\n\tRestricted SID Count:\t0","SourceModuleName":"eventlog","EventReceivedTime":"2020-08-06 03:21:20","port":60122,"RestrictedSidCount":"0","ExecutionProcessID":4,"ObjectServer":"Security","SubjectUserSid":"S-1-5-18","HandleId":"0xc0","EventID":4656,"ProviderGuid":"{54849625-5478-4994-A5BA-3E3B0328C30D}","RecordNumber":325327,"Keywords":-9214364837600034816,"tags":["mordorDataset"]}
{"@version":"1","EventType":"INFO","AccountType":"User","ThreadID":4208,"Channel":"Microsoft-Windows-Sysmon/Operational","OpcodeValue":0,"OriginalFileName":"sspicli.dll","Hostname":"MORDORDC.theshire.local","@timestamp":"2020-08-06T07:21:20.344Z","ProcessId":"5328","Signed":"true","host":"wec.internal.cloudapp.net","SignatureStatus":"Valid","Severity":"INFO","SeverityValue":2,"Image":"C:\\Windows\\System32\\dsregcmd.exe","SourceModuleType":"im_msvistalog","FileVersion":"10.0.17763.1282 (WinBuild.160101.0800)","Version":3,"Company":"Microsoft Corporation","EventTime":"2020-08-06 03:21:18","Task":7,"Signature":"Microsoft Windows","SourceName":"Microsoft-Windows-Sysmon","Message":"Image loaded:\r\nRuleName: -\r\nUtcTime: 2020-08-06 07:21:18.754\r\nProcessGuid: {9f85ce58-af6e-5f2b-1f04-000000000400}\r\nProcessId: 5328\r\nImage: C:\\Windows\\System32\\dsregcmd.exe\r\nImageLoaded: C:\\Windows\\System32\\sspicli.dll\r\nFileVersion: 10.0.17763.1282 (WinBuild.160101.0800)\r\nDescription: Security Support Provider Interface\r\nProduct: Microsoft® Windows® Operating System\r\nCompany: Microsoft Corporation\r\nOriginalFileName: sspicli.dll\r\nHashes: SHA1=63854613B0188A8A17E9D0559CEA0F8F9A71F2DC,MD5=AC212BD062A532C228735DD7929F26C3,SHA256=078235C08ED2D65C307463A14E6410BE5AF5DAAB35C507271A2511824D3E24A4,IMPHASH=68B33D6E011B22EFDE09BE57766F5D0F\r\nSigned: true\r\nSignature: Microsoft Windows\r\nSignatureStatus: Valid","SourceModuleName":"eventlog","ImageLoaded":"C:\\Windows\\System32\\sspicli.dll","EventReceivedTime":"2020-08-06 03:21:20","port":60122,"AccountName":"SYSTEM","UtcTime":"2020-08-06 07:21:18.754","Domain":"NT AUTHORITY","ExecutionProcessID":3888,"Hashes":"SHA1=63854613B0188A8A17E9D0559CEA0F8F9A71F2DC,MD5=AC212BD062A532C228735DD7929F26C3,SHA256=078235C08ED2D65C307463A14E6410BE5AF5DAAB35C507271A2511824D3E24A4,IMPHASH=68B33D6E011B22EFDE09BE57766F5D0F","Description":"Security Support Provider Interface","UserID":"S-1-5-18","EventID":7,"Product":"Microsoft® Windows® Operating System","ProviderGuid":"{5770385F-C22A-43E0-BF4C-06F5698FFBD9}","RecordNumber":280990,"Keywords":-9223372036854775808,"ProcessGuid":"{9f85ce58-af6e-5f2b-1f04-000000000400}","tags":["mordorDataset"],"RuleName":"-"}
{"SubjectLogonId":"0x3e7","@version":"1","EventType":"AUDIT_SUCCESS","Version":1,"ThreadID":96,"EventTime":"2020-08-06 03:21:18","Task":12801,"ObjectName":"\\REGISTRY\\MACHINE\\SYSTEM\\ControlSet001\\Control\\Lsa","ObjectType":"Key","Channel":"Security","SourceName":"Microsoft-Windows-Security-Auditing","OpcodeValue":0,"Hostname":"MORDORDC.theshire.local","@timestamp":"2020-08-06T07:21:20.344Z","Message":"An attempt was made to access an object.\r\n\r\nSubject:\r\n\tSecurity ID:\t\tS-1-5-18\r\n\tAccount Name:\t\tMORDORDC$\r\n\tAccount Domain:\t\tTHESHIRE\r\n\tLogon ID:\t\t0x3E7\r\n\r\nObject:\r\n\tObject Server:\t\tSecurity\r\n\tObject Type:\t\tKey\r\n\tObject Name:\t\t\\REGISTRY\\MACHINE\\SYSTEM\\ControlSet001\\Control\\Lsa\r\n\tHandle ID:\t\t0xc0\r\n\tResource Attributes:\t-\r\n\r\nProcess Information:\r\n\tProcess ID:\t\t0x14d0\r\n\tProcess Name:\t\tC:\\Windows\\System32\\dsregcmd.exe\r\n\r\nAccess Request Information:\r\n\tAccesses:\t\tQuery key value\r\n\t\t\t\t\r\n\tAccess Mask:\t\t0x1","Category":"Registry","Opcode":"Info","SubjectDomainName":"THESHIRE","AccessMask":"0x1","SourceModuleName":"eventlog","EventReceivedTime":"2020-08-06 03:21:20","port":60122,"ProcessId":"0x14d0","ExecutionProcessID":4,"AccessList":"%%4432\r\n\t\t\t\t","ProcessName":"C:\\Windows\\System32\\dsregcmd.exe","ObjectServer":"Security","ResourceAttributes":"-","host":"wec.internal.cloudapp.net","SubjectUserSid":"S-1-5-18","SubjectUserName":"MORDORDC$","HandleId":"0xc0","Severity":"INFO","SeverityValue":2,"EventID":4663,"ProviderGuid":"{54849625-5478-4994-A5BA-3E3B0328C30D}","RecordNumber":325328,"SourceModuleType":"im_msvistalog","Keywords":-9214364837600034816,"tags":["mordorDataset"]}
{"@version":"1","EventType":"INFO","AccountType":"User","ThreadID":4208,"Channel":"Microsoft-Windows-Sysmon/Operational","OpcodeValue":0,"OriginalFileName":"kernel.appcore.dll","Hostname":"MORDORDC.theshire.local","@timestamp":"2020-08-06T07:21:20.344Z","ProcessId":"5328","Signed":"true","host":"wec.internal.cloudapp.net","SignatureStatus":"Valid","Severity":"INFO","SeverityValue":2,"Image":"C:\\Windows\\System32\\dsregcmd.exe","SourceModuleType":"im_msvistalog","FileVersion":"10.0.17763.1 (WinBuild.160101.0800)","Version":3,"Company":"Microsoft Corporation","EventTime":"2020-08-06 03:21:18","Task":7,"Signature":"Microsoft Windows","SourceName":"Microsoft-Windows-Sysmon","Message":"Image loaded:\r\nRuleName: -\r\nUtcTime: 2020-08-06 07:21:18.770\r\nProcessGuid: {9f85ce58-af6e-5f2b-1f04-000000000400}\r\nProcessId: 5328\r\nImage: C:\\Windows\\System32\\dsregcmd.exe\r\nImageLoaded: C:\\Windows\\System32\\kernel.appcore.dll\r\nFileVersion: 10.0.17763.1 (WinBuild.160101.0800)\r\nDescription: AppModel API Host\r\nProduct: Microsoft® Windows® Operating System\r\nCompany: Microsoft Corporation\r\nOriginalFileName: kernel.appcore.dll\r\nHashes: SHA1=564655189DEE96750D04CD9E05DE1237AB30F49C,MD5=56753185D301D7718470A4ADF780395B,SHA256=CA954AC516F91F28301378214335FF808D0E9331018A6474DFAA25D18D0FD6A8,IMPHASH=D8EB7D9EDA6379E4A8781259443BCF22\r\nSigned: true\r\nSignature: Microsoft Windows\r\nSignatureStatus: Valid","SourceModuleName":"eventlog","ImageLoaded":"C:\\Windows\\System32\\kernel.appcore.dll","EventReceivedTime":"2020-08-06 03:21:20","port":60122,"AccountName":"SYSTEM","UtcTime":"2020-08-06 07:21:18.770","Domain":"NT AUTHORITY","ExecutionProcessID":3888,"Hashes":"SHA1=564655189DEE96750D04CD9E05DE1237AB30F49C,MD5=56753185D301D7718470A4ADF780395B,SHA256=CA954AC516F91F28301378214335FF808D0E9331018A6474DFAA25D18D0FD6A8,IMPHASH=D8EB7D9EDA6379E4A8781259443BCF22","Description":"AppModel API Host","UserID":"S-1-5-18","EventID":7,"Product":"Microsoft® Windows® Operating System","ProviderGuid":"{5770385F-C22A-43E0-BF4C-06F5698FFBD9}","RecordNumber":280991,"Keywords":-9223372036854775808,"ProcessGuid":"{9f85ce58-af6e-5f2b-1f04-000000000400}","tags":["mordorDataset"],"RuleName":"-"}
{"SubjectLogonId":"0x3e7","@version":"1","EventType":"AUDIT_SUCCESS","Version":0,"ThreadID":96,"EventTime":"2020-08-06 03:21:18","Task":12801,"Channel":"Security","SourceName":"Microsoft-Windows-Security-Auditing","OpcodeValue":0,"Hostname":"MORDORDC.theshire.local","@timestamp":"2020-08-06T07:21:20.344Z","Message":"The handle to an object was closed.\r\n\r\nSubject :\r\n\tSecurity ID:\t\tS-1-5-18\r\n\tAccount Name:\t\tMORDORDC$\r\n\tAccount Domain:\t\tTHESHIRE\r\n\tLogon ID:\t\t0x3E7\r\n\r\nObject:\r\n\tObject Server:\t\tSecurity\r\n\tHandle ID:\t\t0xc0\r\n\r\nProcess Information:\r\n\tProcess ID:\t\t0x14d0\r\n\tProcess Name:\t\tC:\\Windows\\System32\\dsregcmd.exe","Category":"Registry","Opcode":"Info","SubjectDomainName":"THESHIRE","SourceModuleName":"eventlog","ProcessId":"0x14d0","EventReceivedTime":"2020-08-06 03:21:20","port":60122,"ExecutionProcessID":4,"ProcessName":"C:\\Windows\\System32\\dsregcmd.exe","ObjectServer":"Security","host":"wec.internal.cloudapp.net","SubjectUserSid":"S-1-5-18","SubjectUserName":"MORDORDC$","HandleId":"0xc0","Severity":"INFO","SeverityValue":2,"EventID":4658,"ProviderGuid":"{54849625-5478-4994-A5BA-3E3B0328C30D}","RecordNumber":325329,"SourceModuleType":"im_msvistalog","Keywords":-9214364837600034816,"tags":["mordorDataset"]}
{"tags":["mordorDataset"],"@version":"1","EventType":"CreateKey","Version":2,"ThreadID":4208,"EventTime":"2020-08-06 03:21:18","Task":12,"AccountType":"User","Channel":"Microsoft-Windows-Sysmon/Operational","EventTypeOrignal":"INFO","SourceName":"Microsoft-Windows-Sysmon","Hostname":"MORDORDC.theshire.local","@timestamp":"2020-08-06T07:21:20.344Z","OpcodeValue":0,"Message":"Registry object added or deleted:\r\nRuleName: -\r\nEventType: CreateKey\r\nUtcTime: 2020-08-06 07:21:18.770\r\nProcessGuid: {9f85ce58-59d8-5f2b-0c00-000000000400}\r\nProcessId: 704\r\nImage: C:\\windows\\system32\\lsass.exe\r\nTargetObject: HKLM\\System\\CurrentControlSet\\Services\\Tcpip\\Parameters","SourceModuleName":"eventlog","ProcessId":"704","EventReceivedTime":"2020-08-06 03:21:20","port":60122,"AccountName":"SYSTEM","UtcTime":"2020-08-06 07:21:18.770","Domain":"NT AUTHORITY","ExecutionProcessID":3888,"host":"wec.internal.cloudapp.net","Severity":"INFO","TargetObject":"HKLM\\System\\CurrentControlSet\\Services\\Tcpip\\Parameters","SeverityValue":2,"EventID":12,"UserID":"S-1-5-18","ProviderGuid":"{5770385F-C22A-43E0-BF4C-06F5698FFBD9}","RecordNumber":280992,"Image":"C:\\windows\\system32\\lsass.exe","Keywords":-9223372036854775808,"ProcessGuid":"{9f85ce58-59d8-5f2b-0c00-000000000400}","SourceModuleType":"im_msvistalog","RuleName":"-"}
{"@version":"1","EventType":"AUDIT_SUCCESS","Version":0,"ThreadID":96,"EventTime":"2020-08-06 03:21:18","Task":12810,"SourcePort":"65498","Channel":"Security","SourceName":"Microsoft-Windows-Security-Auditing","OpcodeValue":0,"Hostname":"MORDORDC.theshire.local","@timestamp":"2020-08-06T07:21:20.345Z","Message":"The Windows Filtering Platform has permitted a bind to a local port.\r\n\r\nApplication Information:\r\n\tProcess ID:\t\t5328\r\n\tApplication Name:\t\\device\\harddiskvolume2\\windows\\system32\\dsregcmd.exe\r\n\r\nNetwork Information:\r\n\tSource Address:\t\t::\r\n\tSource Port:\t\t65498\r\n\tProtocol:\t\t6\r\n\r\nFilter Information:\r\n\tFilter Run-Time ID:\t0\r\n\tLayer Name:\t\tResource Assignment\r\n\tLayer Run-Time ID:\t38","Category":"Filtering Platform Connection","Opcode":"Info","SourceModuleName":"eventlog","ProcessId":"5328","EventReceivedTime":"2020-08-06 03:21:20","port":60122,"Application":"\\device\\harddiskvolume2\\windows\\system32\\dsregcmd.exe","ExecutionProcessID":4,"host":"wec.internal.cloudapp.net","Severity":"INFO","LayerRTID":"38","LayerName":"%%14608","SeverityValue":2,"EventID":5158,"SourceAddress":"::","ProviderGuid":"{54849625-5478-4994-A5BA-3E3B0328C30D}","RecordNumber":325330,"SourceModuleType":"im_msvistalog","Keywords":-9214364837600034816,"FilterRTID":"0","Protocol":"6","tags":["mordorDataset"]}
{"tags":["mordorDataset"],"@version":"1","EventType":"CreateKey","Version":2,"ThreadID":4208,"EventTime":"2020-08-06 03:21:18","Task":12,"AccountType":"User","Channel":"Microsoft-Windows-Sysmon/Operational","EventTypeOrignal":"INFO","SourceName":"Microsoft-Windows-Sysmon","Hostname":"MORDORDC.theshire.local","@timestamp":"2020-08-06T07:21:20.345Z","OpcodeValue":0,"Message":"Registry object added or deleted:\r\nRuleName: -\r\nEventType: CreateKey\r\nUtcTime: 2020-08-06 07:21:18.770\r\nProcessGuid: {9f85ce58-59d8-5f2b-0c00-000000000400}\r\nProcessId: 704\r\nImage: C:\\windows\\system32\\lsass.exe\r\nTargetObject: HKLM\\System\\CurrentControlSet\\Services\\Tcpip\\Parameters","SourceModuleName":"eventlog","ProcessId":"704","EventReceivedTime":"2020-08-06 03:21:20","port":60122,"AccountName":"SYSTEM","UtcTime":"2020-08-06 07:21:18.770","Domain":"NT AUTHORITY","ExecutionProcessID":3888,"host":"wec.internal.cloudapp.net","Severity":"INFO","TargetObject":"HKLM\\System\\CurrentControlSet\\Services\\Tcpip\\Parameters","SeverityValue":2,"EventID":12,"UserID":"S-1-5-18","ProviderGuid":"{5770385F-C22A-43E0-BF4C-06F5698FFBD9}","RecordNumber":280993,"Image":"C:\\windows\\system32\\lsass.exe","Keywords":-9223372036854775808,"ProcessGuid":"{9f85ce58-59d8-5f2b-0c00-000000000400}","SourceModuleType":"im_msvistalog","RuleName":"-"}
{"tags":["mordorDataset"],"@version":"1","EventType":"AUDIT_SUCCESS","Version":1,"ThreadID":96,"EventTime":"2020-08-06 03:21:18","Task":12810,"DestAddress":"fe80::3816:b2ee:1b9b:324b","SourcePort":"65498","Channel":"Security","SourceName":"Microsoft-Windows-Security-Auditing","OpcodeValue":0,"Hostname":"MORDORDC.theshire.local","@timestamp":"2020-08-06T07:21:20.345Z","Message":"The Windows Filtering Platform has permitted a connection.\r\n\r\nApplication Information:\r\n\tProcess ID:\t\t5328\r\n\tApplication Name:\t\\device\\harddiskvolume2\\windows\\system32\\dsregcmd.exe\r\n\r\nNetwork Information:\r\n\tDirection:\t\tOutbound\r\n\tSource Address:\t\tfe80::3816:b2ee:1b9b:324b\r\n\tSource Port:\t\t65498\r\n\tDestination Address:\tfe80::3816:b2ee:1b9b:324b\r\n\tDestination Port:\t\t135\r\n\tProtocol:\t\t6\r\n\r\nFilter Information:\r\n\tFilter Run-Time ID:\t65853\r\n\tLayer Name:\t\tConnect\r\n\tLayer Run-Time ID:\t50","Category":"Filtering Platform Connection","Opcode":"Info","SourceModuleName":"eventlog","ProcessId":"5328","EventReceivedTime":"2020-08-06 03:21:20","port":60122,"Application":"\\device\\harddiskvolume2\\windows\\system32\\dsregcmd.exe","ExecutionProcessID":4,"Direction":"%%14593","RemoteMachineID":"S-1-0-0","host":"wec.internal.cloudapp.net","DestPort":"135","Severity":"INFO","LayerRTID":"50","LayerName":"%%14611","SeverityValue":2,"EventID":5156,"SourceAddress":"fe80::3816:b2ee:1b9b:324b","ProviderGuid":"{54849625-5478-4994-A5BA-3E3B0328C30D}","RecordNumber":325331,"SourceModuleType":"im_msvistalog","Keywords":-9214364837600034816,"FilterRTID":"65853","Protocol":"6","RemoteUserID":"S-1-0-0"}
{"@version":"1","EventType":"INFO","AccountType":"User","ThreadID":4208,"Channel":"Microsoft-Windows-Sysmon/Operational","OpcodeValue":0,"OriginalFileName":"dsparse.dll","Hostname":"MORDORDC.theshire.local","@timestamp":"2020-08-06T07:21:20.346Z","ProcessId":"5328","Signed":"true","host":"wec.internal.cloudapp.net","SignatureStatus":"Valid","Severity":"INFO","SeverityValue":2,"Image":"C:\\Windows\\System32\\dsregcmd.exe","SourceModuleType":"im_msvistalog","FileVersion":"10.0.17763.1 (WinBuild.160101.0800)","Version":3,"Company":"Microsoft Corporation","EventTime":"2020-08-06 03:21:18","Task":7,"Signature":"Microsoft Windows","SourceName":"Microsoft-Windows-Sysmon","Message":"Image loaded:\r\nRuleName: -\r\nUtcTime: 2020-08-06 07:21:18.770\r\nProcessGuid: {9f85ce58-af6e-5f2b-1f04-000000000400}\r\nProcessId: 5328\r\nImage: C:\\Windows\\System32\\dsregcmd.exe\r\nImageLoaded: C:\\Windows\\System32\\dsparse.dll\r\nFileVersion: 10.0.17763.1 (WinBuild.160101.0800)\r\nDescription: Active Directory Domain Services API\r\nProduct: Microsoft® Windows® Operating System\r\nCompany: Microsoft Corporation\r\nOriginalFileName: dsparse.dll\r\nHashes: SHA1=95CF1DC2F746B854B99BD7C4A1F8483F7D6ACFC4,MD5=E2B73F1C900896050EC7B1DD3E6276F7,SHA256=67ACD93C7961EB8F5C5DFBE8988881D3A930BFCCA5FA230CE9183A652899FECD,IMPHASH=DA6E9D13300C3B9B827F61FE6CEF844C\r\nSigned: true\r\nSignature: Microsoft Windows\r\nSignatureStatus: Valid","SourceModuleName":"eventlog","ImageLoaded":"C:\\Windows\\System32\\dsparse.dll","EventReceivedTime":"2020-08-06 03:21:20","port":60122,"AccountName":"SYSTEM","UtcTime":"2020-08-06 07:21:18.770","Domain":"NT AUTHORITY","ExecutionProcessID":3888,"Hashes":"SHA1=95CF1DC2F746B854B99BD7C4A1F8483F7D6ACFC4,MD5=E2B73F1C900896050EC7B1DD3E6276F7,SHA256=67ACD93C7961EB8F5C5DFBE8988881D3A930BFCCA5FA230CE9183A652899FECD,IMPHASH=DA6E9D13300C3B9B827F61FE6CEF844C","Description":"Active Directory Domain Services API","UserID":"S-1-5-18","EventID":7,"Product":"Microsoft® Windows® Operating System","ProviderGuid":"{5770385F-C22A-43E0-BF4C-06F5698FFBD9}","RecordNumber":280994,"Keywords":-9223372036854775808,"ProcessGuid":"{9f85ce58-af6e-5f2b-1f04-000000000400}","tags":["mordorDataset"],"RuleName":"-"}
{"tags":["mordorDataset"],"@version":"1","EventType":"AUDIT_SUCCESS","Version":1,"ThreadID":96,"EventTime":"2020-08-06 03:21:18","Task":12810,"DestAddress":"fe80::3816:b2ee:1b9b:324b","SourcePort":"65498","Channel":"Security","SourceName":"Microsoft-Windows-Security-Auditing","OpcodeValue":0,"Hostname":"MORDORDC.theshire.local","@timestamp":"2020-08-06T07:21:20.346Z","Message":"The Windows Filtering Platform has permitted a connection.\r\n\r\nApplication Information:\r\n\tProcess ID:\t\t976\r\n\tApplication Name:\t\\device\\harddiskvolume2\\windows\\system32\\svchost.exe\r\n\r\nNetwork Information:\r\n\tDirection:\t\tInbound\r\n\tSource Address:\t\tfe80::3816:b2ee:1b9b:324b\r\n\tSource Port:\t\t65498\r\n\tDestination Address:\tfe80::3816:b2ee:1b9b:324b\r\n\tDestination Port:\t\t135\r\n\tProtocol:\t\t6\r\n\r\nFilter Information:\r\n\tFilter Run-Time ID:\t65851\r\n\tLayer Name:\t\tReceive/Accept\r\n\tLayer Run-Time ID:\t46","Category":"Filtering Platform Connection","Opcode":"Info","SourceModuleName":"eventlog","ProcessId":"976","EventReceivedTime":"2020-08-06 03:21:20","port":60122,"Application":"\\device\\harddiskvolume2\\windows\\system32\\svchost.exe","ExecutionProcessID":4,"Direction":"%%14592","RemoteMachineID":"S-1-0-0","host":"wec.internal.cloudapp.net","DestPort":"135","Severity":"INFO","LayerRTID":"46","LayerName":"%%14610","SeverityValue":2,"EventID":5156,"SourceAddress":"fe80::3816:b2ee:1b9b:324b","ProviderGuid":"{54849625-5478-4994-A5BA-3E3B0328C30D}","RecordNumber":325332,"SourceModuleType":"im_msvistalog","Keywords":-9214364837600034816,"FilterRTID":"65851","Protocol":"6","RemoteUserID":"S-1-0-0"}
{"@version":"1","EventType":"INFO","AccountType":"User","ThreadID":4208,"Channel":"Microsoft-Windows-Sysmon/Operational","OpcodeValue":0,"OriginalFileName":"ntdsapi.dll","Hostname":"MORDORDC.theshire.local","@timestamp":"2020-08-06T07:21:20.346Z","ProcessId":"5328","Signed":"true","host":"wec.internal.cloudapp.net","SignatureStatus":"Valid","Severity":"INFO","SeverityValue":2,"Image":"C:\\Windows\\System32\\dsregcmd.exe","SourceModuleType":"im_msvistalog","FileVersion":"10.0.17763.1 (WinBuild.160101.0800)","Version":3,"Company":"Microsoft Corporation","EventTime":"2020-08-06 03:21:18","Task":7,"Signature":"Microsoft Windows","SourceName":"Microsoft-Windows-Sysmon","Message":"Image loaded:\r\nRuleName: -\r\nUtcTime: 2020-08-06 07:21:18.770\r\nProcessGuid: {9f85ce58-af6e-5f2b-1f04-000000000400}\r\nProcessId: 5328\r\nImage: C:\\Windows\\System32\\dsregcmd.exe\r\nImageLoaded: C:\\Windows\\System32\\ntdsapi.dll\r\nFileVersion: 10.0.17763.1 (WinBuild.160101.0800)\r\nDescription: Active Directory Domain Services API\r\nProduct: Microsoft® Windows® Operating System\r\nCompany: Microsoft Corporation\r\nOriginalFileName: ntdsapi.dll\r\nHashes: SHA1=8C7186253C17596CB5A8421E4F400A6D57149B45,MD5=550D2E9CC1865B5230ED5ADEF1A2A7A2,SHA256=220F5D00A0AE81900F67521CB62CB53A73C5757635F479EFF5100D439CB77416,IMPHASH=6D7E77ADC161662D9692D933C5A365C6\r\nSigned: true\r\nSignature: Microsoft Windows\r\nSignatureStatus: Valid","SourceModuleName":"eventlog","ImageLoaded":"C:\\Windows\\System32\\ntdsapi.dll","EventReceivedTime":"2020-08-06 03:21:20","port":60122,"AccountName":"SYSTEM","UtcTime":"2020-08-06 07:21:18.770","Domain":"NT AUTHORITY","ExecutionProcessID":3888,"Hashes":"SHA1=8C7186253C17596CB5A8421E4F400A6D57149B45,MD5=550D2E9CC1865B5230ED5ADEF1A2A7A2,SHA256=220F5D00A0AE81900F67521CB62CB53A73C5757635F479EFF5100D439CB77416,IMPHASH=6D7E77ADC161662D9692D933C5A365C6","Description":"Active Directory Domain Services API","UserID":"S-1-5-18","EventID":7,"Product":"Microsoft® Windows® Operating System","ProviderGuid":"{5770385F-C22A-43E0-BF4C-06F5698FFBD9}","RecordNumber":280995,"Keywords":-9223372036854775808,"ProcessGuid":"{9f85ce58-af6e-5f2b-1f04-000000000400}","tags":["mordorDataset"],"RuleName":"-"}
{"SubjectLogonId":"0x3e7","@version":"1","EventType":"AUDIT_SUCCESS","Version":0,"ThreadID":96,"EventTime":"2020-08-06 03:21:18","Task":13056,"PrivilegeList":"SeTcbPrivilege","Channel":"Security","SourceName":"Microsoft-Windows-Security-Auditing","OpcodeValue":0,"Hostname":"MORDORDC.theshire.local","@timestamp":"2020-08-06T07:21:20.347Z","Message":"A privileged service was called.\r\n\r\nSubject:\r\n\tSecurity ID:\t\tS-1-5-18\r\n\tAccount Name:\t\tMORDORDC$\r\n\tAccount Domain:\t\tTHESHIRE\r\n\tLogon ID:\t\t0x3E7\r\n\r\nService:\r\n\tServer:\tNT Local Security Authority / Authentication Service\r\n\tService Name:\tLsaRegisterLogonProcess()\r\n\r\nProcess:\r\n\tProcess ID:\t0x2c0\r\n\tProcess Name:\tC:\\Windows\\System32\\lsass.exe\r\n\r\nService Request Information:\r\n\tPrivileges:\t\tSeTcbPrivilege","Category":"Sensitive Privilege Use","Opcode":"Info","SubjectDomainName":"THESHIRE","Service":"LsaRegisterLogonProcess()","SourceModuleName":"eventlog","EventReceivedTime":"2020-08-06 03:21:20","port":60122,"ProcessId":"0x2c0","ExecutionProcessID":4,"ProcessName":"C:\\Windows\\System32\\lsass.exe","ObjectServer":"NT Local Security Authority / Authentication Service","host":"wec.internal.cloudapp.net","SubjectUserSid":"S-1-5-18","SubjectUserName":"MORDORDC$","Severity":"INFO","SeverityValue":2,"EventID":4673,"ProviderGuid":"{54849625-5478-4994-A5BA-3E3B0328C30D}","RecordNumber":325333,"SourceModuleType":"im_msvistalog","Keywords":-9214364837600034816,"tags":["mordorDataset"]}
{"@version":"1","EventType":"INFO","AccountType":"User","ThreadID":4208,"Channel":"Microsoft-Windows-Sysmon/Operational","OpcodeValue":0,"OriginalFileName":"ws2_32.dll","Hostname":"MORDORDC.theshire.local","@timestamp":"2020-08-06T07:21:20.347Z","ProcessId":"5328","Signed":"true","host":"wec.internal.cloudapp.net","SignatureStatus":"Valid","Severity":"INFO","SeverityValue":2,"Image":"C:\\Windows\\System32\\dsregcmd.exe","SourceModuleType":"im_msvistalog","FileVersion":"10.0.17763.771 (WinBuild.160101.0800)","Version":3,"Company":"Microsoft Corporation","EventTime":"2020-08-06 03:21:18","Task":7,"Signature":"Microsoft Windows","SourceName":"Microsoft-Windows-Sysmon","Message":"Image loaded:\r\nRuleName: -\r\nUtcTime: 2020-08-06 07:21:18.770\r\nProcessGuid: {9f85ce58-af6e-5f2b-1f04-000000000400}\r\nProcessId: 5328\r\nImage: C:\\Windows\\System32\\dsregcmd.exe\r\nImageLoaded: C:\\Windows\\System32\\ws2_32.dll\r\nFileVersion: 10.0.17763.771 (WinBuild.160101.0800)\r\nDescription: Windows Socket 2.0 32-Bit DLL\r\nProduct: Microsoft® Windows® Operating System\r\nCompany: Microsoft Corporation\r\nOriginalFileName: ws2_32.dll\r\nHashes: SHA1=C96F3591D374004726E5F1B5F689849247393AAD,MD5=863224E798A6740C78D6C5D070FDA422,SHA256=A098C31AD6D4FBBBC9E5447B143CBFBFF0FA0AF396B4D508D4A248E9EBD6D59C,IMPHASH=58B0AF34B71F60EB8949033F1340A5FF\r\nSigned: true\r\nSignature: Microsoft Windows\r\nSignatureStatus: Valid","SourceModuleName":"eventlog","ImageLoaded":"C:\\Windows\\System32\\ws2_32.dll","EventReceivedTime":"2020-08-06 03:21:20","port":60122,"AccountName":"SYSTEM","UtcTime":"2020-08-06 07:21:18.770","Domain":"NT AUTHORITY","ExecutionProcessID":3888,"Hashes":"SHA1=C96F3591D374004726E5F1B5F689849247393AAD,MD5=863224E798A6740C78D6C5D070FDA422,SHA256=A098C31AD6D4FBBBC9E5447B143CBFBFF0FA0AF396B4D508D4A248E9EBD6D59C,IMPHASH=58B0AF34B71F60EB8949033F1340A5FF","Description":"Windows Socket 2.0 32-Bit DLL","UserID":"S-1-5-18","EventID":7,"Product":"Microsoft® Windows® Operating System","ProviderGuid":"{5770385F-C22A-43E0-BF4C-06F5698FFBD9}","RecordNumber":280996,"Keywords":-9223372036854775808,"ProcessGuid":"{9f85ce58-af6e-5f2b-1f04-000000000400}","tags":["mordorDataset"],"RuleName":"-"}
{"@version":"1","EventType":"AUDIT_SUCCESS","Version":0,"ThreadID":96,"EventTime":"2020-08-06 03:21:18","Task":12810,"SourcePort":"65499","Channel":"Security","SourceName":"Microsoft-Windows-Security-Auditing","OpcodeValue":0,"Hostname":"MORDORDC.theshire.local","@timestamp":"2020-08-06T07:21:20.347Z","Message":"The Windows Filtering Platform has permitted a bind to a local port.\r\n\r\nApplication Information:\r\n\tProcess ID:\t\t5328\r\n\tApplication Name:\t\\device\\harddiskvolume2\\windows\\system32\\dsregcmd.exe\r\n\r\nNetwork Information:\r\n\tSource Address:\t\t::\r\n\tSource Port:\t\t65499\r\n\tProtocol:\t\t6\r\n\r\nFilter Information:\r\n\tFilter Run-Time ID:\t0\r\n\tLayer Name:\t\tResource Assignment\r\n\tLayer Run-Time ID:\t38","Category":"Filtering Platform Connection","Opcode":"Info","SourceModuleName":"eventlog","ProcessId":"5328","EventReceivedTime":"2020-08-06 03:21:20","port":60122,"Application":"\\device\\harddiskvolume2\\windows\\system32\\dsregcmd.exe","ExecutionProcessID":4,"host":"wec.internal.cloudapp.net","Severity":"INFO","LayerRTID":"38","LayerName":"%%14608","SeverityValue":2,"EventID":5158,"SourceAddress":"::","ProviderGuid":"{54849625-5478-4994-A5BA-3E3B0328C30D}","RecordNumber":325334,"SourceModuleType":"im_msvistalog","Keywords":-9214364837600034816,"FilterRTID":"0","Protocol":"6","tags":["mordorDataset"]}
{"tags":["mordorDataset"],"@version":"1","EventType":"AUDIT_SUCCESS","Version":1,"ThreadID":96,"EventTime":"2020-08-06 03:21:18","Task":12810,"DestAddress":"fe80::3816:b2ee:1b9b:324b","SourcePort":"65499","Channel":"Security","SourceName":"Microsoft-Windows-Security-Auditing","OpcodeValue":0,"Hostname":"MORDORDC.theshire.local","@timestamp":"2020-08-06T07:21:20.347Z","Message":"The Windows Filtering Platform has permitted a connection.\r\n\r\nApplication Information:\r\n\tProcess ID:\t\t5328\r\n\tApplication Name:\t\\device\\harddiskvolume2\\windows\\system32\\dsregcmd.exe\r\n\r\nNetwork Information:\r\n\tDirection:\t\tOutbound\r\n\tSource Address:\t\tfe80::3816:b2ee:1b9b:324b\r\n\tSource Port:\t\t65499\r\n\tDestination Address:\tfe80::3816:b2ee:1b9b:324b\r\n\tDestination Port:\t\t49674\r\n\tProtocol:\t\t6\r\n\r\nFilter Information:\r\n\tFilter Run-Time ID:\t65853\r\n\tLayer Name:\t\tConnect\r\n\tLayer Run-Time ID:\t50","Category":"Filtering Platform Connection","Opcode":"Info","SourceModuleName":"eventlog","ProcessId":"5328","EventReceivedTime":"2020-08-06 03:21:20","port":60122,"Application":"\\device\\harddiskvolume2\\windows\\system32\\dsregcmd.exe","ExecutionProcessID":4,"Direction":"%%14593","RemoteMachineID":"S-1-0-0","host":"wec.internal.cloudapp.net","DestPort":"49674","Severity":"INFO","LayerRTID":"50","LayerName":"%%14611","SeverityValue":2,"EventID":5156,"SourceAddress":"fe80::3816:b2ee:1b9b:324b","ProviderGuid":"{54849625-5478-4994-A5BA-3E3B0328C30D}","RecordNumber":325335,"SourceModuleType":"im_msvistalog","Keywords":-9214364837600034816,"FilterRTID":"65853","Protocol":"6","RemoteUserID":"S-1-0-0"}
{"@version":"1","EventType":"INFO","AccountType":"User","ThreadID":4208,"Channel":"Microsoft-Windows-Sysmon/Operational","OpcodeValue":0,"OriginalFileName":"mswsock.dll","Hostname":"MORDORDC.theshire.local","@timestamp":"2020-08-06T07:21:20.348Z","ProcessId":"5328","Signed":"true","host":"wec.internal.cloudapp.net","SignatureStatus":"Valid","Severity":"INFO","SeverityValue":2,"Image":"C:\\Windows\\System32\\dsregcmd.exe","SourceModuleType":"im_msvistalog","FileVersion":"10.0.17763.1192 (WinBuild.160101.0800)","Version":3,"Company":"Microsoft Corporation","EventTime":"2020-08-06 03:21:18","Task":7,"Signature":"Microsoft Windows","SourceName":"Microsoft-Windows-Sysmon","Message":"Image loaded:\r\nRuleName: -\r\nUtcTime: 2020-08-06 07:21:18.785\r\nProcessGuid: {9f85ce58-af6e-5f2b-1f04-000000000400}\r\nProcessId: 5328\r\nImage: C:\\Windows\\System32\\dsregcmd.exe\r\nImageLoaded: C:\\Windows\\System32\\mswsock.dll\r\nFileVersion: 10.0.17763.1192 (WinBuild.160101.0800)\r\nDescription: Microsoft Windows Sockets 2.0 Service Provider\r\nProduct: Microsoft® Windows® Operating System\r\nCompany: Microsoft Corporation\r\nOriginalFileName: mswsock.dll\r\nHashes: SHA1=BFCE4CB67DFBCB53E2319E3E2963553DE816C8DF,MD5=42AC6DA58141459C2DCE0B06F87BD77D,SHA256=54CEF0798E0F77574EBFA0C0ACDFB429FA6BFC85D6304657C2F3B3D547A60DD0,IMPHASH=E5E26C86BC73F56D7EDD17D98802AA21\r\nSigned: true\r\nSignature: Microsoft Windows\r\nSignatureStatus: Valid","SourceModuleName":"eventlog","ImageLoaded":"C:\\Windows\\System32\\mswsock.dll","EventReceivedTime":"2020-08-06 03:21:20","port":60122,"AccountName":"SYSTEM","UtcTime":"2020-08-06 07:21:18.785","Domain":"NT AUTHORITY","ExecutionProcessID":3888,"Hashes":"SHA1=BFCE4CB67DFBCB53E2319E3E2963553DE816C8DF,MD5=42AC6DA58141459C2DCE0B06F87BD77D,SHA256=54CEF0798E0F77574EBFA0C0ACDFB429FA6BFC85D6304657C2F3B3D547A60DD0,IMPHASH=E5E26C86BC73F56D7EDD17D98802AA21","Description":"Microsoft Windows Sockets 2.0 Service Provider","UserID":"S-1-5-18","EventID":7,"Product":"Microsoft® Windows® Operating System","ProviderGuid":"{5770385F-C22A-43E0-BF4C-06F5698FFBD9}","RecordNumber":280997,"Keywords":-9223372036854775808,"ProcessGuid":"{9f85ce58-af6e-5f2b-1f04-000000000400}","tags":["mordorDataset"],"RuleName":"-"}
{"tags":["mordorDataset"],"@version":"1","EventType":"AUDIT_SUCCESS","Version":1,"ThreadID":96,"EventTime":"2020-08-06 03:21:18","Task":12810,"DestAddress":"fe80::3816:b2ee:1b9b:324b","SourcePort":"65499","Channel":"Security","SourceName":"Microsoft-Windows-Security-Auditing","OpcodeValue":0,"Hostname":"MORDORDC.theshire.local","@timestamp":"2020-08-06T07:21:20.348Z","Message":"The Windows Filtering Platform has permitted a connection.\r\n\r\nApplication Information:\r\n\tProcess ID:\t\t704\r\n\tApplication Name:\t\\device\\harddiskvolume2\\windows\\system32\\lsass.exe\r\n\r\nNetwork Information:\r\n\tDirection:\t\tInbound\r\n\tSource Address:\t\tfe80::3816:b2ee:1b9b:324b\r\n\tSource Port:\t\t65499\r\n\tDestination Address:\tfe80::3816:b2ee:1b9b:324b\r\n\tDestination Port:\t\t49674\r\n\tProtocol:\t\t6\r\n\r\nFilter Information:\r\n\tFilter Run-Time ID:\t65851\r\n\tLayer Name:\t\tReceive/Accept\r\n\tLayer Run-Time ID:\t46","Category":"Filtering Platform Connection","Opcode":"Info","SourceModuleName":"eventlog","ProcessId":"704","EventReceivedTime":"2020-08-06 03:21:20","port":60122,"Application":"\\device\\harddiskvolume2\\windows\\system32\\lsass.exe","ExecutionProcessID":4,"Direction":"%%14592","RemoteMachineID":"S-1-0-0","host":"wec.internal.cloudapp.net","DestPort":"49674","Severity":"INFO","LayerRTID":"46","LayerName":"%%14610","SeverityValue":2,"EventID":5156,"SourceAddress":"fe80::3816:b2ee:1b9b:324b","ProviderGuid":"{54849625-5478-4994-A5BA-3E3B0328C30D}","RecordNumber":325336,"SourceModuleType":"im_msvistalog","Keywords":-9214364837600034816,"FilterRTID":"65851","Protocol":"6","RemoteUserID":"S-1-0-0"}
{"@version":"1","EventType":"INFO","AccountType":"User","ThreadID":4208,"Channel":"Microsoft-Windows-Sysmon/Operational","OpcodeValue":0,"OriginalFileName":"dnsapi","Hostname":"MORDORDC.theshire.local","@timestamp":"2020-08-06T07:21:20.349Z","ProcessId":"5328","Signed":"true","host":"wec.internal.cloudapp.net","SignatureStatus":"Valid","Severity":"INFO","SeverityValue":2,"Image":"C:\\Windows\\System32\\dsregcmd.exe","SourceModuleType":"im_msvistalog","FileVersion":"10.0.17763.1192 (WinBuild.160101.0800)","Version":3,"Company":"Microsoft Corporation","EventTime":"2020-08-06 03:21:18","Task":7,"Signature":"Microsoft Windows","SourceName":"Microsoft-Windows-Sysmon","Message":"Image loaded:\r\nRuleName: -\r\nUtcTime: 2020-08-06 07:21:18.785\r\nProcessGuid: {9f85ce58-af6e-5f2b-1f04-000000000400}\r\nProcessId: 5328\r\nImage: C:\\Windows\\System32\\dsregcmd.exe\r\nImageLoaded: C:\\Windows\\System32\\dnsapi.dll\r\nFileVersion: 10.0.17763.1192 (WinBuild.160101.0800)\r\nDescription: DNS Client API DLL\r\nProduct: Microsoft® Windows® Operating System\r\nCompany: Microsoft Corporation\r\nOriginalFileName: dnsapi\r\nHashes: SHA1=6694C2ED567AE489D2348164AF28DC6C6B825873,MD5=6058D1E0BE479224B547C13CC6603B68,SHA256=D36580EAB8ECA6EB5285AD580B8FBB28ED622212D8358333CA037D625D84EF6E,IMPHASH=58CEBBF60B2A7B7AFBFAB77E50F8F1C2\r\nSigned: true\r\nSignature: Microsoft Windows\r\nSignatureStatus: Valid","SourceModuleName":"eventlog","ImageLoaded":"C:\\Windows\\System32\\dnsapi.dll","EventReceivedTime":"2020-08-06 03:21:20","port":60122,"AccountName":"SYSTEM","UtcTime":"2020-08-06 07:21:18.785","Domain":"NT AUTHORITY","ExecutionProcessID":3888,"Hashes":"SHA1=6694C2ED567AE489D2348164AF28DC6C6B825873,MD5=6058D1E0BE479224B547C13CC6603B68,SHA256=D36580EAB8ECA6EB5285AD580B8FBB28ED622212D8358333CA037D625D84EF6E,IMPHASH=58CEBBF60B2A7B7AFBFAB77E50F8F1C2","Description":"DNS Client API DLL","UserID":"S-1-5-18","EventID":7,"Product":"Microsoft® Windows® Operating System","ProviderGuid":"{5770385F-C22A-43E0-BF4C-06F5698FFBD9}","RecordNumber":280998,"Keywords":-9223372036854775808,"ProcessGuid":"{9f85ce58-af6e-5f2b-1f04-000000000400}","tags":["mordorDataset"],"RuleName":"-"}
{"SubjectLogonId":"0xc22ea7","@version":"1","EventType":"AUDIT_SUCCESS","Version":0,"ThreadID":3076,"EventTime":"2020-08-06 03:21:18","Task":12548,"PrivilegeList":"SeSecurityPrivilege\r\n\t\t\tSeBackupPrivilege\r\n\t\t\tSeRestorePrivilege\r\n\t\t\tSeTakeOwnershipPrivilege\r\n\t\t\tSeDebugPrivilege\r\n\t\t\tSeSystemEnvironmentPrivilege\r\n\t\t\tSeLoadDriverPrivilege\r\n\t\t\tSeImpersonatePrivilege\r\n\t\t\tSeDelegateSessionUserImpersonatePrivilege\r\n\t\t\tSeEnableDelegationPrivilege","Channel":"Security","SourceName":"Microsoft-Windows-Security-Auditing","OpcodeValue":0,"Hostname":"MORDORDC.theshire.local","@timestamp":"2020-08-06T07:21:20.349Z","Message":"Special privileges assigned to new logon.\r\n\r\nSubject:\r\n\tSecurity ID:\t\tS-1-5-18\r\n\tAccount Name:\t\tMORDORDC$\r\n\tAccount Domain:\t\tTHESHIRE\r\n\tLogon ID:\t\t0xC22EA7\r\n\r\nPrivileges:\t\tSeSecurityPrivilege\r\n\t\t\tSeBackupPrivilege\r\n\t\t\tSeRestorePrivilege\r\n\t\t\tSeTakeOwnershipPrivilege\r\n\t\t\tSeDebugPrivilege\r\n\t\t\tSeSystemEnvironmentPrivilege\r\n\t\t\tSeLoadDriverPrivilege\r\n\t\t\tSeImpersonatePrivilege\r\n\t\t\tSeDelegateSessionUserImpersonatePrivilege\r\n\t\t\tSeEnableDelegationPrivilege","Category":"Special Logon","Opcode":"Info","SubjectDomainName":"THESHIRE","SourceModuleName":"eventlog","EventReceivedTime":"2020-08-06 03:21:20","port":60122,"ExecutionProcessID":704,"host":"wec.internal.cloudapp.net","SubjectUserSid":"S-1-5-18","SubjectUserName":"MORDORDC$","Severity":"INFO","SeverityValue":2,"EventID":4672,"ProviderGuid":"{54849625-5478-4994-A5BA-3E3B0328C30D}","RecordNumber":325337,"SourceModuleType":"im_msvistalog","Keywords":-9214364837600034816,"tags":["mordorDataset"]}
{"@version":"1","EventType":"INFO","AccountType":"User","ThreadID":4208,"Channel":"Microsoft-Windows-Sysmon/Operational","OpcodeValue":0,"OriginalFileName":"nsi.dll","Hostname":"MORDORDC.theshire.local","@timestamp":"2020-08-06T07:21:20.349Z","ProcessId":"5328","Signed":"true","host":"wec.internal.cloudapp.net","SignatureStatus":"Valid","Severity":"INFO","SeverityValue":2,"Image":"C:\\Windows\\System32\\dsregcmd.exe","SourceModuleType":"im_msvistalog","FileVersion":"10.0.17763.831 (WinBuild.160101.0800)","Version":3,"Company":"Microsoft Corporation","EventTime":"2020-08-06 03:21:18","Task":7,"Signature":"Microsoft Windows","SourceName":"Microsoft-Windows-Sysmon","Message":"Image loaded:\r\nRuleName: -\r\nUtcTime: 2020-08-06 07:21:18.785\r\nProcessGuid: {9f85ce58-af6e-5f2b-1f04-000000000400}\r\nProcessId: 5328\r\nImage: C:\\Windows\\System32\\dsregcmd.exe\r\nImageLoaded: C:\\Windows\\System32\\nsi.dll\r\nFileVersion: 10.0.17763.831 (WinBuild.160101.0800)\r\nDescription: NSI User-mode interface DLL\r\nProduct: Microsoft® Windows® Operating System\r\nCompany: Microsoft Corporation\r\nOriginalFileName: nsi.dll\r\nHashes: SHA1=B92BD86CF8B5F5F605579013D30C6BEB7B8EA59C,MD5=2E3AC80BB85AE7D094A07BD7BF109B4A,SHA256=3E74A003935C76C0225008059FBE9D74A9D9A1CDB90AD50AA6DF34B4E8696409,IMPHASH=DEFB8C5BB37FCD63DC790B55724FDE42\r\nSigned: true\r\nSignature: Microsoft Windows\r\nSignatureStatus: Valid","SourceModuleName":"eventlog","ImageLoaded":"C:\\Windows\\System32\\nsi.dll","EventReceivedTime":"2020-08-06 03:21:20","port":60122,"AccountName":"SYSTEM","UtcTime":"2020-08-06 07:21:18.785","Domain":"NT AUTHORITY","ExecutionProcessID":3888,"Hashes":"SHA1=B92BD86CF8B5F5F605579013D30C6BEB7B8EA59C,MD5=2E3AC80BB85AE7D094A07BD7BF109B4A,SHA256=3E74A003935C76C0225008059FBE9D74A9D9A1CDB90AD50AA6DF34B4E8696409,IMPHASH=DEFB8C5BB37FCD63DC790B55724FDE42","Description":"NSI User-mode interface DLL","UserID":"S-1-5-18","EventID":7,"Product":"Microsoft® Windows® Operating System","ProviderGuid":"{5770385F-C22A-43E0-BF4C-06F5698FFBD9}","RecordNumber":280999,"Keywords":-9223372036854775808,"ProcessGuid":"{9f85ce58-af6e-5f2b-1f04-000000000400}","tags":["mordorDataset"],"RuleName":"-"}
