{"UtcTime":"2020-08-05 07:49:11.865","@version":"1","Keywords":-9223372036854775808,"EventTypeOrignal":"INFO","ThreadID":4256,"UserID":"S-1-5-18","Version":1,"host":"wec.internal.cloudapp.net","Message":"Pipe Connected:\r\nRuleName: -\r\nEventType: ConnectPipe\r\nUtcTime: 2020-08-05 07:49:11.865\r\nProcessGuid: {2b437147-0bbd-5f2a-4e00-000000000400}\r\nProcessId: 3588\r\nPipeName: \\lsass\r\nImage: C:\\windows\\system32\\dns.exe","SourceModuleName":"eventlog","ProcessGuid":"{2b437147-0bbd-5f2a-4e00-000000000400}","PipeName":"\\lsass","SourceName":"Microsoft-Windows-Sysmon","SeverityValue":2,"tags":["mordorDataset"],"Channel":"Microsoft-Windows-Sysmon/Operational","ProviderGuid":"{5770385F-C22A-43E0-BF4C-06F5698FFBD9}","RuleName":"-","EventID":18,"RecordNumber":366530,"Hostname":"MORDORDC.theshire.local","ProcessId":"3588","SourceModuleType":"im_msvistalog","Domain":"NT AUTHORITY","port":53997,"EventTime":"2020-08-05 03:49:11","Severity":"INFO","ExecutionProcessID":3868,"AccountName":"SYSTEM","OpcodeValue":0,"@timestamp":"2020-08-05T07:49:13.943Z","Task":18,"EventType":"ConnectPipe","EventReceivedTime":"2020-08-05 03:49:13","Image":"C:\\windows\\system32\\dns.exe","AccountType":"User"}
{"@version":"1","ThreadID":4256,"UserID":"S-1-5-18","Version":3,"Message":"Image loaded:\r\nRuleName: -\r\nUtcTime: 2020-08-05 07:49:12.147\r\nProcessGuid: {2b437147-0e56-5f2a-3701-000000000400}\r\nProcessId: 3736\r\nImage: C:\\Windows\\System32\\svchost.exe\r\nImageLoaded: C:\\Windows\\System32\\wmidcom.dll\r\nFileVersion: 10.0.17763.1 (WinBuild.160101.0800)\r\nDescription: WMI\r\nProduct: Microsoft Windows Operating System\r\nCompany: Microsoft Corporation\r\nOriginalFileName: wmidcom.dll\r\nHashes: SHA1=4C7308C2A323D850C3E5DCB88A32A1C7DF9CBE4F,MD5=A9BC5F3E3C6406C3C5ABE804FBF7BC76,SHA256=A0177FD4B7690A680E5EAC9BDC78E21117B523622607BCA47305EB74984CF901,IMPHASH=8461651332BA942E21A64DBF3E9E80F8\r\nSigned: true\r\nSignature: Microsoft Windows\r\nSignatureStatus: Valid","ProcessGuid":"{2b437147-0e56-5f2a-3701-000000000400}","SourceName":"Microsoft-Windows-Sysmon","Hashes":"SHA1=4C7308C2A323D850C3E5DCB88A32A1C7DF9CBE4F,MD5=A9BC5F3E3C6406C3C5ABE804FBF7BC76,SHA256=A0177FD4B7690A680E5EAC9BDC78E21117B523622607BCA47305EB74984CF901,IMPHASH=8461651332BA942E21A64DBF3E9E80F8","Signature":"Microsoft Windows","tags":["mordorDataset"],"RuleName":"-","ProviderGuid":"{5770385F-C22A-43E0-BF4C-06F5698FFBD9}","EventID":7,"RecordNumber":366531,"Hostname":"MORDORDC.theshire.local","SourceModuleType":"im_msvistalog","Signed":"true","ExecutionProcessID":3868,"AccountName":"SYSTEM","OpcodeValue":0,"EventType":"INFO","FileVersion":"10.0.17763.1 (WinBuild.160101.0800)","Image":"C:\\Windows\\System32\\svchost.exe","AccountType":"User","UtcTime":"2020-08-05 07:49:12.147","Keywords":-9223372036854775808,"OriginalFileName":"wmidcom.dll","host":"wec.internal.cloudapp.net","SourceModuleName":"eventlog","SeverityValue":2,"SignatureStatus":"Valid","Channel":"Microsoft-Windows-Sysmon/Operational","Description":"WMI","ProcessId":"3736","Domain":"NT AUTHORITY","port":53997,"Company":"Microsoft Corporation","EventTime":"2020-08-05 03:49:12","Severity":"INFO","Product":"Microsoft Windows Operating System","@timestamp":"2020-08-05T07:49:13.943Z","Task":7,"ImageLoaded":"C:\\Windows\\System32\\wmidcom.dll","EventReceivedTime":"2020-08-05 03:49:13"}
{"@version":"1","ThreadID":4256,"UserID":"S-1-5-18","Version":3,"Message":"Image loaded:\r\nRuleName: -\r\nUtcTime: 2020-08-05 07:49:12.147\r\nProcessGuid: {2b437147-0e56-5f2a-3701-000000000400}\r\nProcessId: 3736\r\nImage: C:\\Windows\\System32\\svchost.exe\r\nImageLoaded: C:\\Windows\\System32\\dpapi.dll\r\nFileVersion: 10.0.17763.1 (WinBuild.160101.0800)\r\nDescription: Data Protection API\r\nProduct: Microsoft Windows Operating System\r\nCompany: Microsoft Corporation\r\nOriginalFileName: dpapi.dll\r\nHashes: SHA1=C50FDD4A17CA9451C66413BA04ED2CC79883AD16,MD5=CF864B08CEA15894A4E6E676A7FE89A3,SHA256=0D1488B2FF471C1EF2F8F2742D685A8778B2C1512A044BDF2606C3ED92E0B512,IMPHASH=C591E3A4DDFE145A26EEC16DB70623B7\r\nSigned: true\r\nSignature: Microsoft Windows\r\nSignatureStatus: Valid","ProcessGuid":"{2b437147-0e56-5f2a-3701-000000000400}","SourceName":"Microsoft-Windows-Sysmon","Hashes":"SHA1=C50FDD4A17CA9451C66413BA04ED2CC79883AD16,MD5=CF864B08CEA15894A4E6E676A7FE89A3,SHA256=0D1488B2FF471C1EF2F8F2742D685A8778B2C1512A044BDF2606C3ED92E0B512,IMPHASH=C591E3A4DDFE145A26EEC16DB70623B7","Signature":"Microsoft Windows","tags":["mordorDataset"],"RuleName":"-","ProviderGuid":"{5770385F-C22A-43E0-BF4C-06F5698FFBD9}","EventID":7,"RecordNumber":366532,"Hostname":"MORDORDC.theshire.local","SourceModuleType":"im_msvistalog","Signed":"true","ExecutionProcessID":3868,"AccountName":"SYSTEM","OpcodeValue":0,"EventType":"INFO","FileVersion":"10.0.17763.1 (WinBuild.160101.0800)","Image":"C:\\Windows\\System32\\svchost.exe","AccountType":"User","UtcTime":"2020-08-05 07:49:12.147","Keywords":-9223372036854775808,"OriginalFileName":"dpapi.dll","host":"wec.internal.cloudapp.net","SourceModuleName":"eventlog","SeverityValue":2,"SignatureStatus":"Valid","Channel":"Microsoft-Windows-Sysmon/Operational","Description":"Data Protection API","ProcessId":"3736","Domain":"NT AUTHORITY","port":53997,"Company":"Microsoft Corporation","EventTime":"2020-08-05 03:49:12","Severity":"INFO","Product":"Microsoft Windows Operating System","@timestamp":"2020-08-05T07:49:13.943Z","Task":7,"ImageLoaded":"C:\\Windows\\System32\\dpapi.dll","EventReceivedTime":"2020-08-05 03:49:13"}
{"@version":"1","Keywords":-9214364837600034816,"ThreadID":3040,"TargetDomainName":"THESHIRE","TargetLogonId":"0xcd8973","Version":0,"host":"wec.internal.cloudapp.net","Message":"An account was logged off.\r\n\r\nSubject:\r\n\tSecurity ID:\t\tS-1-5-21-3669966080-2286457517-972388166-1113\r\n\tAccount Name:\t\tWORKSTATION5$\r\n\tAccount Domain:\t\tTHESHIRE\r\n\tLogon ID:\t\t0xCD8973\r\n\r\nLogon Type:\t\t\t3\r\n\r\nThis event is generated when a logon session is destroyed. It may be positively correlated with a logon event using the Logon ID value. Logon IDs are only unique between reboots on the same computer.","SourceModuleName":"eventlog","SourceName":"Microsoft-Windows-Security-Auditing","SeverityValue":2,"LogonType":"3","tags":["mordorDataset"],"Channel":"Security","ProviderGuid":"{54849625-5478-4994-A5BA-3E3B0328C30D}","EventID":4634,"RecordNumber":331042,"Hostname":"MORDORDC.theshire.local","Category":"Logoff","Opcode":"Info","SourceModuleType":"im_msvistalog","port":53997,"EventTime":"2020-08-05 03:49:12","Severity":"INFO","ExecutionProcessID":704,"TargetUserSid":"S-1-5-21-3669966080-2286457517-972388166-1113","OpcodeValue":0,"@timestamp":"2020-08-05T07:49:13.944Z","Task":12545,"TargetUserName":"WORKSTATION5$","EventType":"AUDIT_SUCCESS","EventReceivedTime":"2020-08-05 03:49:13"}
{"SourceProcessGUID":"{8715b604-0dea-5f2a-0e00-000000000400}","UtcTime":"2020-08-05 07:49:12.076","GrantedAccess":"0x1000","@version":"1","Keywords":-9223372036854775808,"ThreadID":4452,"TargetProcessId":"4400","UserID":"S-1-5-18","Version":3,"TargetProcessGUID":"{8715b604-104c-5f2a-c702-000000000400}","TargetImage":"C:\\Windows\\SystemApps\\InputApp_cw5n1h2txyewy\\WindowsInternal.ComposableShell.Experiences.TextInput.InputApp.exe","CallTrace":"C:\\windows\\SYSTEM32\\ntdll.dll+9c534|C:\\windows\\SYSTEM32\\psmserviceexthost.dll+222a3|C:\\windows\\SYSTEM32\\psmserviceexthost.dll+37ea0|C:\\windows\\SYSTEM32\\psmserviceexthost.dll+37929|C:\\windows\\SYSTEM32\\psmserviceexthost.dll+686f8|C:\\windows\\SYSTEM32\\psmserviceexthost.dll+6e84a|C:\\windows\\SYSTEM32\\psmserviceexthost.dll+6f700|C:\\windows\\SYSTEM32\\psmserviceexthost.dll+34be4|C:\\windows\\SYSTEM32\\psmserviceexthost.dll+6f63e|C:\\windows\\SYSTEM32\\psmserviceexthost.dll+713b5|C:\\windows\\SYSTEM32\\psmserviceexthost.dll+50bda|C:\\windows\\SYSTEM32\\psmserviceexthost.dll+4500a|C:\\windows\\System32\\KERNEL32.DLL+17bd4|C:\\windows\\SYSTEM32\\ntdll.dll+6ce51","host":"wec.internal.cloudapp.net","Message":"Process accessed:\r\nRuleName: -\r\nUtcTime: 2020-08-05 07:49:12.076\r\nSourceProcessGUID: {8715b604-0dea-5f2a-0e00-000000000400}\r\nSourceProcessId: 884\r\nSourceThreadId: 1064\r\nSourceImage: C:\\windows\\system32\\svchost.exe\r\nTargetProcessGUID: {8715b604-104c-5f2a-c702-000000000400}\r\nTargetProcessId: 4400\r\nTargetImage: C:\\Windows\\SystemApps\\InputApp_cw5n1h2txyewy\\WindowsInternal.ComposableShell.Experiences.TextInput.InputApp.exe\r\nGrantedAccess: 0x1000\r\nCallTrace: C:\\windows\\SYSTEM32\\ntdll.dll+9c534|C:\\windows\\SYSTEM32\\psmserviceexthost.dll+222a3|C:\\windows\\SYSTEM32\\psmserviceexthost.dll+37ea0|C:\\windows\\SYSTEM32\\psmserviceexthost.dll+37929|C:\\windows\\SYSTEM32\\psmserviceexthost.dll+686f8|C:\\windows\\SYSTEM32\\psmserviceexthost.dll+6e84a|C:\\windows\\SYSTEM32\\psmserviceexthost.dll+6f700|C:\\windows\\SYSTEM32\\psmserviceexthost.dll+34be4|C:\\windows\\SYSTEM32\\psmserviceexthost.dll+6f63e|C:\\windows\\SYSTEM32\\psmserviceexthost.dll+713b5|C:\\windows\\SYSTEM32\\psmserviceexthost.dll+50bda|C:\\windows\\SYSTEM32\\psmserviceexthost.dll+4500a|C:\\windows\\System32\\KERNEL32.DLL+17bd4|C:\\windows\\SYSTEM32\\ntdll.dll+6ce51","SourceModuleName":"eventlog","SourceThreadId":"1064","SourceName":"Microsoft-Windows-Sysmon","SourceProcessId":"884","SeverityValue":2,"tags":["mordorDataset"],"Channel":"Microsoft-Windows-Sysmon/Operational","ProviderGuid":"{5770385F-C22A-43E0-BF4C-06F5698FFBD9}","RuleName":"-","EventID":10,"RecordNumber":540094,"Hostname":"WORKSTATION5.theshire.local","SourceImage":"C:\\windows\\system32\\svchost.exe","ProcessId":"884","SourceModuleType":"im_msvistalog","Domain":"NT AUTHORITY","port":53997,"EventTime":"2020-08-05 03:49:12","Severity":"INFO","ExecutionProcessID":3484,"AccountName":"SYSTEM","OpcodeValue":0,"@timestamp":"2020-08-05T07:49:13.944Z","Task":10,"EventType":"INFO","EventReceivedTime":"2020-08-05 03:49:13","AccountType":"User"}
{"SourceProcessGUID":"{8715b604-0dea-5f2a-0e00-000000000400}","UtcTime":"2020-08-05 07:49:12.076","GrantedAccess":"0x1000","@version":"1","Keywords":-9223372036854775808,"ThreadID":4452,"TargetProcessId":"2764","UserID":"S-1-5-18","Version":3,"TargetProcessGUID":"{8715b604-2c5e-5f2a-0904-000000000400}","TargetImage":"C:\\Windows\\ImmersiveControlPanel\\SystemSettings.exe","CallTrace":"C:\\windows\\SYSTEM32\\ntdll.dll+9c534|C:\\windows\\SYSTEM32\\psmserviceexthost.dll+222a3|C:\\windows\\SYSTEM32\\psmserviceexthost.dll+37ea0|C:\\windows\\SYSTEM32\\psmserviceexthost.dll+37929|C:\\windows\\SYSTEM32\\psmserviceexthost.dll+686f8|C:\\windows\\SYSTEM32\\psmserviceexthost.dll+6e84a|C:\\windows\\SYSTEM32\\psmserviceexthost.dll+6f700|C:\\windows\\SYSTEM32\\psmserviceexthost.dll+34be4|C:\\windows\\SYSTEM32\\psmserviceexthost.dll+6f63e|C:\\windows\\SYSTEM32\\psmserviceexthost.dll+713b5|C:\\windows\\SYSTEM32\\psmserviceexthost.dll+50bda|C:\\windows\\SYSTEM32\\psmserviceexthost.dll+4500a|C:\\windows\\System32\\KERNEL32.DLL+17bd4|C:\\windows\\SYSTEM32\\ntdll.dll+6ce51","host":"wec.internal.cloudapp.net","Message":"Process accessed:\r\nRuleName: -\r\nUtcTime: 2020-08-05 07:49:12.076\r\nSourceProcessGUID: {8715b604-0dea-5f2a-0e00-000000000400}\r\nSourceProcessId: 884\r\nSourceThreadId: 1064\r\nSourceImage: C:\\windows\\system32\\svchost.exe\r\nTargetProcessGUID: {8715b604-2c5e-5f2a-0904-000000000400}\r\nTargetProcessId: 2764\r\nTargetImage: C:\\Windows\\ImmersiveControlPanel\\SystemSettings.exe\r\nGrantedAccess: 0x1000\r\nCallTrace: C:\\windows\\SYSTEM32\\ntdll.dll+9c534|C:\\windows\\SYSTEM32\\psmserviceexthost.dll+222a3|C:\\windows\\SYSTEM32\\psmserviceexthost.dll+37ea0|C:\\windows\\SYSTEM32\\psmserviceexthost.dll+37929|C:\\windows\\SYSTEM32\\psmserviceexthost.dll+686f8|C:\\windows\\SYSTEM32\\psmserviceexthost.dll+6e84a|C:\\windows\\SYSTEM32\\psmserviceexthost.dll+6f700|C:\\windows\\SYSTEM32\\psmserviceexthost.dll+34be4|C:\\windows\\SYSTEM32\\psmserviceexthost.dll+6f63e|C:\\windows\\SYSTEM32\\psmserviceexthost.dll+713b5|C:\\windows\\SYSTEM32\\psmserviceexthost.dll+50bda|C:\\windows\\SYSTEM32\\psmserviceexthost.dll+4500a|C:\\windows\\System32\\KERNEL32.DLL+17bd4|C:\\windows\\SYSTEM32\\ntdll.dll+6ce51","SourceModuleName":"eventlog","SourceThreadId":"1064","SourceName":"Microsoft-Windows-Sysmon","SourceProcessId":"884","SeverityValue":2,"tags":["mordorDataset"],"Channel":"Microsoft-Windows-Sysmon/Operational","ProviderGuid":"{5770385F-C22A-43E0-BF4C-06F5698FFBD9}","RuleName":"-","EventID":10,"RecordNumber":540095,"Hostname":"WORKSTATION5.theshire.local","SourceImage":"C:\\windows\\system32\\svchost.exe","ProcessId":"884","SourceModuleType":"im_msvistalog","Domain":"NT AUTHORITY","port":53997,"EventTime":"2020-08-05 03:49:12","Severity":"INFO","ExecutionProcessID":3484,"AccountName":"SYSTEM","OpcodeValue":0,"@timestamp":"2020-08-05T07:49:13.944Z","Task":10,"EventType":"INFO","EventReceivedTime":"2020-08-05 03:49:13","AccountType":"User"}
{"SourceProcessGUID":"{8715b604-0dea-5f2a-0e00-000000000400}","UtcTime":"2020-08-05 07:49:12.076","GrantedAccess":"0x1000","@version":"1","Keywords":-9223372036854775808,"ThreadID":4452,"TargetProcessId":"6408","UserID":"S-1-5-18","Version":3,"TargetProcessGUID":"{8715b604-2bdc-5f2a-e503-000000000400}","TargetImage":"C:\\Windows\\SystemApps\\Microsoft.Windows.SecHealthUI_cw5n1h2txyewy\\SecHealthUI.exe","CallTrace":"C:\\windows\\SYSTEM32\\ntdll.dll+9c534|C:\\windows\\SYSTEM32\\psmserviceexthost.dll+222a3|C:\\windows\\SYSTEM32\\psmserviceexthost.dll+37ea0|C:\\windows\\SYSTEM32\\psmserviceexthost.dll+37929|C:\\windows\\SYSTEM32\\psmserviceexthost.dll+686f8|C:\\windows\\SYSTEM32\\psmserviceexthost.dll+6e84a|C:\\windows\\SYSTEM32\\psmserviceexthost.dll+6f700|C:\\windows\\SYSTEM32\\psmserviceexthost.dll+34be4|C:\\windows\\SYSTEM32\\psmserviceexthost.dll+6f63e|C:\\windows\\SYSTEM32\\psmserviceexthost.dll+713b5|C:\\windows\\SYSTEM32\\psmserviceexthost.dll+50bda|C:\\windows\\SYSTEM32\\psmserviceexthost.dll+4500a|C:\\windows\\System32\\KERNEL32.DLL+17bd4|C:\\windows\\SYSTEM32\\ntdll.dll+6ce51","host":"wec.internal.cloudapp.net","Message":"Process accessed:\r\nRuleName: -\r\nUtcTime: 2020-08-05 07:49:12.076\r\nSourceProcessGUID: {8715b604-0dea-5f2a-0e00-000000000400}\r\nSourceProcessId: 884\r\nSourceThreadId: 1064\r\nSourceImage: C:\\windows\\system32\\svchost.exe\r\nTargetProcessGUID: {8715b604-2bdc-5f2a-e503-000000000400}\r\nTargetProcessId: 6408\r\nTargetImage: C:\\Windows\\SystemApps\\Microsoft.Windows.SecHealthUI_cw5n1h2txyewy\\SecHealthUI.exe\r\nGrantedAccess: 0x1000\r\nCallTrace: C:\\windows\\SYSTEM32\\ntdll.dll+9c534|C:\\windows\\SYSTEM32\\psmserviceexthost.dll+222a3|C:\\windows\\SYSTEM32\\psmserviceexthost.dll+37ea0|C:\\windows\\SYSTEM32\\psmserviceexthost.dll+37929|C:\\windows\\SYSTEM32\\psmserviceexthost.dll+686f8|C:\\windows\\SYSTEM32\\psmserviceexthost.dll+6e84a|C:\\windows\\SYSTEM32\\psmserviceexthost.dll+6f700|C:\\windows\\SYSTEM32\\psmserviceexthost.dll+34be4|C:\\windows\\SYSTEM32\\psmserviceexthost.dll+6f63e|C:\\windows\\SYSTEM32\\psmserviceexthost.dll+713b5|C:\\windows\\SYSTEM32\\psmserviceexthost.dll+50bda|C:\\windows\\SYSTEM32\\psmserviceexthost.dll+4500a|C:\\windows\\System32\\KERNEL32.DLL+17bd4|C:\\windows\\SYSTEM32\\ntdll.dll+6ce51","SourceModuleName":"eventlog","SourceThreadId":"1064","SourceName":"Microsoft-Windows-Sysmon","SourceProcessId":"884","SeverityValue":2,"tags":["mordorDataset"],"Channel":"Microsoft-Windows-Sysmon/Operational","ProviderGuid":"{5770385F-C22A-43E0-BF4C-06F5698FFBD9}","RuleName":"-","EventID":10,"RecordNumber":540096,"Hostname":"WORKSTATION5.theshire.local","SourceImage":"C:\\windows\\system32\\svchost.exe","ProcessId":"884","SourceModuleType":"im_msvistalog","Domain":"NT AUTHORITY","port":53997,"EventTime":"2020-08-05 03:49:12","Severity":"INFO","ExecutionProcessID":3484,"AccountName":"SYSTEM","OpcodeValue":0,"@timestamp":"2020-08-05T07:49:13.944Z","Task":10,"EventType":"INFO","EventReceivedTime":"2020-08-05 03:49:13","AccountType":"User"}
{"SourceProcessGUID":"{8715b604-0dea-5f2a-0e00-000000000400}","UtcTime":"2020-08-05 07:49:12.076","GrantedAccess":"0x1000","@version":"1","Keywords":-9223372036854775808,"ThreadID":4452,"TargetProcessId":"6244","UserID":"S-1-5-18","Version":3,"TargetProcessGUID":"{8715b604-2975-5f2a-9603-000000000400}","TargetImage":"C:\\Windows\\SystemApps\\InputApp_cw5n1h2txyewy\\WindowsInternal.ComposableShell.Experiences.TextInput.InputApp.exe","CallTrace":"C:\\windows\\SYSTEM32\\ntdll.dll+9c534|C:\\windows\\SYSTEM32\\psmserviceexthost.dll+222a3|C:\\windows\\SYSTEM32\\psmserviceexthost.dll+37ea0|C:\\windows\\SYSTEM32\\psmserviceexthost.dll+37929|C:\\windows\\SYSTEM32\\psmserviceexthost.dll+686f8|C:\\windows\\SYSTEM32\\psmserviceexthost.dll+6e84a|C:\\windows\\SYSTEM32\\psmserviceexthost.dll+6f700|C:\\windows\\SYSTEM32\\psmserviceexthost.dll+34be4|C:\\windows\\SYSTEM32\\psmserviceexthost.dll+6f63e|C:\\windows\\SYSTEM32\\psmserviceexthost.dll+713b5|C:\\windows\\SYSTEM32\\psmserviceexthost.dll+50bda|C:\\windows\\SYSTEM32\\psmserviceexthost.dll+4500a|C:\\windows\\System32\\KERNEL32.DLL+17bd4|C:\\windows\\SYSTEM32\\ntdll.dll+6ce51","host":"wec.internal.cloudapp.net","Message":"Process accessed:\r\nRuleName: -\r\nUtcTime: 2020-08-05 07:49:12.076\r\nSourceProcessGUID: {8715b604-0dea-5f2a-0e00-000000000400}\r\nSourceProcessId: 884\r\nSourceThreadId: 1064\r\nSourceImage: C:\\windows\\system32\\svchost.exe\r\nTargetProcessGUID: {8715b604-2975-5f2a-9603-000000000400}\r\nTargetProcessId: 6244\r\nTargetImage: C:\\Windows\\SystemApps\\InputApp_cw5n1h2txyewy\\WindowsInternal.ComposableShell.Experiences.TextInput.InputApp.exe\r\nGrantedAccess: 0x1000\r\nCallTrace: C:\\windows\\SYSTEM32\\ntdll.dll+9c534|C:\\windows\\SYSTEM32\\psmserviceexthost.dll+222a3|C:\\windows\\SYSTEM32\\psmserviceexthost.dll+37ea0|C:\\windows\\SYSTEM32\\psmserviceexthost.dll+37929|C:\\windows\\SYSTEM32\\psmserviceexthost.dll+686f8|C:\\windows\\SYSTEM32\\psmserviceexthost.dll+6e84a|C:\\windows\\SYSTEM32\\psmserviceexthost.dll+6f700|C:\\windows\\SYSTEM32\\psmserviceexthost.dll+34be4|C:\\windows\\SYSTEM32\\psmserviceexthost.dll+6f63e|C:\\windows\\SYSTEM32\\psmserviceexthost.dll+713b5|C:\\windows\\SYSTEM32\\psmserviceexthost.dll+50bda|C:\\windows\\SYSTEM32\\psmserviceexthost.dll+4500a|C:\\windows\\System32\\KERNEL32.DLL+17bd4|C:\\windows\\SYSTEM32\\ntdll.dll+6ce51","SourceModuleName":"eventlog","SourceThreadId":"1064","SourceName":"Microsoft-Windows-Sysmon","SourceProcessId":"884","SeverityValue":2,"tags":["mordorDataset"],"Channel":"Microsoft-Windows-Sysmon/Operational","ProviderGuid":"{5770385F-C22A-43E0-BF4C-06F5698FFBD9}","RuleName":"-","EventID":10,"RecordNumber":540097,"Hostname":"WORKSTATION5.theshire.local","SourceImage":"C:\\windows\\system32\\svchost.exe","ProcessId":"884","SourceModuleType":"im_msvistalog","Domain":"NT AUTHORITY","port":53997,"EventTime":"2020-08-05 03:49:12","Severity":"INFO","ExecutionProcessID":3484,"AccountName":"SYSTEM","OpcodeValue":0,"@timestamp":"2020-08-05T07:49:13.945Z","Task":10,"EventType":"INFO","EventReceivedTime":"2020-08-05 03:49:13","AccountType":"User"}
{"UtcTime":"2020-08-05 07:49:12.645","@version":"1","Keywords":-9223372036854775808,"ThreadID":4456,"UserID":"S-1-5-18","Version":2,"CreationUtcTime":"2020-08-05 07:49:12.645","host":"wec.internal.cloudapp.net","Message":"File created:\r\nRuleName: -\r\nUtcTime: 2020-08-05 07:49:12.645\r\nProcessGuid: {7d3be4b5-634c-5f2a-3a04-000000000400}\r\nProcessId: 9748\r\nImage: C:\\windows\\System32\\svchost.exe\r\nTargetFilename: C:\\Windows\\ServiceProfiles\\NetworkService\\AppData\\Local\\Microsoft\\Windows\\DeliveryOptimization\\State\\migration.dat\r\nCreationUtcTime: 2020-08-05 07:49:12.645","SourceModuleName":"eventlog","ProcessGuid":"{7d3be4b5-634c-5f2a-3a04-000000000400}","SourceName":"Microsoft-Windows-Sysmon","TargetFilename":"C:\\Windows\\ServiceProfiles\\NetworkService\\AppData\\Local\\Microsoft\\Windows\\DeliveryOptimization\\State\\migration.dat","SeverityValue":2,"tags":["mordorDataset"],"Channel":"Microsoft-Windows-Sysmon/Operational","ProviderGuid":"{5770385F-C22A-43E0-BF4C-06F5698FFBD9}","RuleName":"-","EventID":11,"RecordNumber":318786,"Hostname":"WORKSTATION6.theshire.local","ProcessId":"9748","SourceModuleType":"im_msvistalog","Domain":"NT AUTHORITY","port":53997,"EventTime":"2020-08-05 03:49:12","Severity":"INFO","ExecutionProcessID":3240,"AccountName":"SYSTEM","OpcodeValue":0,"@timestamp":"2020-08-05T07:49:13.945Z","Task":11,"EventType":"INFO","EventReceivedTime":"2020-08-05 03:49:13","Image":"C:\\windows\\System32\\svchost.exe","AccountType":"User"}
{"UtcTime":"2020-08-05 07:49:12.645","@version":"1","Keywords":-9223372036854775808,"ThreadID":4456,"UserID":"S-1-5-18","Version":2,"CreationUtcTime":"2020-07-10 21:01:27.252","host":"wec.internal.cloudapp.net","Message":"File created:\r\nRuleName: -\r\nUtcTime: 2020-08-05 07:49:12.645\r\nProcessGuid: {7d3be4b5-634c-5f2a-3a04-000000000400}\r\nProcessId: 9748\r\nImage: C:\\windows\\System32\\svchost.exe\r\nTargetFilename: C:\\Windows\\ServiceProfiles\\NetworkService\\AppData\\Local\\Microsoft\\Windows\\DeliveryOptimization\\State\\migration.dat.LOG1\r\nCreationUtcTime: 2020-07-10 21:01:27.252","SourceModuleName":"eventlog","ProcessGuid":"{7d3be4b5-634c-5f2a-3a04-000000000400}","SourceName":"Microsoft-Windows-Sysmon","TargetFilename":"C:\\Windows\\ServiceProfiles\\NetworkService\\AppData\\Local\\Microsoft\\Windows\\DeliveryOptimization\\State\\migration.dat.LOG1","SeverityValue":2,"tags":["mordorDataset"],"Channel":"Microsoft-Windows-Sysmon/Operational","ProviderGuid":"{5770385F-C22A-43E0-BF4C-06F5698FFBD9}","RuleName":"-","EventID":11,"RecordNumber":318787,"Hostname":"WORKSTATION6.theshire.local","ProcessId":"9748","SourceModuleType":"im_msvistalog","Domain":"NT AUTHORITY","port":53997,"EventTime":"2020-08-05 03:49:12","Severity":"INFO","ExecutionProcessID":3240,"AccountName":"SYSTEM","OpcodeValue":0,"@timestamp":"2020-08-05T07:49:13.946Z","Task":11,"EventType":"INFO","EventReceivedTime":"2020-08-05 03:49:13","Image":"C:\\windows\\System32\\svchost.exe","AccountType":"User"}
{"UtcTime":"2020-08-05 07:49:12.645","@version":"1","Keywords":-9223372036854775808,"ThreadID":4456,"UserID":"S-1-5-18","Version":2,"CreationUtcTime":"2020-07-10 21:01:27.252","host":"wec.internal.cloudapp.net","Message":"File created:\r\nRuleName: -\r\nUtcTime: 2020-08-05 07:49:12.645\r\nProcessGuid: {7d3be4b5-634c-5f2a-3a04-000000000400}\r\nProcessId: 9748\r\nImage: C:\\windows\\System32\\svchost.exe\r\nTargetFilename: C:\\Windows\\ServiceProfiles\\NetworkService\\AppData\\Local\\Microsoft\\Windows\\DeliveryOptimization\\State\\migration.dat.LOG2\r\nCreationUtcTime: 2020-07-10 21:01:27.252","SourceModuleName":"eventlog","ProcessGuid":"{7d3be4b5-634c-5f2a-3a04-000000000400}","SourceName":"Microsoft-Windows-Sysmon","TargetFilename":"C:\\Windows\\ServiceProfiles\\NetworkService\\AppData\\Local\\Microsoft\\Windows\\DeliveryOptimization\\State\\migration.dat.LOG2","SeverityValue":2,"tags":["mordorDataset"],"Channel":"Microsoft-Windows-Sysmon/Operational","ProviderGuid":"{5770385F-C22A-43E0-BF4C-06F5698FFBD9}","RuleName":"-","EventID":11,"RecordNumber":318788,"Hostname":"WORKSTATION6.theshire.local","ProcessId":"9748","SourceModuleType":"im_msvistalog","Domain":"NT AUTHORITY","port":53997,"EventTime":"2020-08-05 03:49:12","Severity":"INFO","ExecutionProcessID":3240,"AccountName":"SYSTEM","OpcodeValue":0,"@timestamp":"2020-08-05T07:49:13.946Z","Task":11,"EventType":"INFO","EventReceivedTime":"2020-08-05 03:49:13","Image":"C:\\windows\\System32\\svchost.exe","AccountType":"User"}
{"UtcTime":"2020-08-05 07:49:12.661","@version":"1","Keywords":-9223372036854775808,"EventTypeOrignal":"INFO","ThreadID":4456,"UserID":"S-1-5-18","Version":2,"host":"wec.internal.cloudapp.net","Message":"Registry object added or deleted:\r\nRuleName: -\r\nEventType: CreateKey\r\nUtcTime: 2020-08-05 07:49:12.661\r\nProcessGuid: {7d3be4b5-634c-5f2a-3a04-000000000400}\r\nProcessId: 9748\r\nImage: C:\\windows\\System32\\svchost.exe\r\nTargetObject: \\REGISTRY\\A\\{fde309d3-0b1c-ae29-954e-f6969ce0a230}\\Config","SourceModuleName":"eventlog","ProcessGuid":"{7d3be4b5-634c-5f2a-3a04-000000000400}","SourceName":"Microsoft-Windows-Sysmon","SeverityValue":2,"tags":["mordorDataset"],"Channel":"Microsoft-Windows-Sysmon/Operational","ProviderGuid":"{5770385F-C22A-43E0-BF4C-06F5698FFBD9}","RuleName":"-","EventID":12,"RecordNumber":318789,"TargetObject":"\\REGISTRY\\A\\{fde309d3-0b1c-ae29-954e-f6969ce0a230}\\Config","Hostname":"WORKSTATION6.theshire.local","ProcessId":"9748","SourceModuleType":"im_msvistalog","Domain":"NT AUTHORITY","port":53997,"EventTime":"2020-08-05 03:49:12","Severity":"INFO","ExecutionProcessID":3240,"AccountName":"SYSTEM","OpcodeValue":0,"@timestamp":"2020-08-05T07:49:13.946Z","Task":12,"EventType":"CreateKey","EventReceivedTime":"2020-08-05 03:49:13","Image":"C:\\windows\\System32\\svchost.exe","AccountType":"User"}
{"UtcTime":"2020-08-05 07:49:12.661","@version":"1","Keywords":-9223372036854775808,"EventTypeOrignal":"INFO","ThreadID":4456,"UserID":"S-1-5-18","Version":2,"Details":"DWORD (0x00000001)","host":"wec.internal.cloudapp.net","Message":"Registry value set:\r\nRuleName: -\r\nEventType: SetValue\r\nUtcTime: 2020-08-05 07:49:12.661\r\nProcessGuid: {7d3be4b5-634c-5f2a-3a04-000000000400}\r\nProcessId: 9748\r\nImage: C:\\windows\\System32\\svchost.exe\r\nTargetObject: \\REGISTRY\\A\\{fde309d3-0b1c-ae29-954e-f6969ce0a230}\\Config\\DownloadMode_BackCompat\r\nDetails: DWORD (0x00000001)","SourceModuleName":"eventlog","ProcessGuid":"{7d3be4b5-634c-5f2a-3a04-000000000400}","SourceName":"Microsoft-Windows-Sysmon","SeverityValue":2,"tags":["mordorDataset"],"Channel":"Microsoft-Windows-Sysmon/Operational","ProviderGuid":"{5770385F-C22A-43E0-BF4C-06F5698FFBD9}","RuleName":"-","EventID":13,"RecordNumber":318790,"TargetObject":"\\REGISTRY\\A\\{fde309d3-0b1c-ae29-954e-f6969ce0a230}\\Config\\DownloadMode_BackCompat","Hostname":"WORKSTATION6.theshire.local","ProcessId":"9748","SourceModuleType":"im_msvistalog","Domain":"NT AUTHORITY","port":53997,"EventTime":"2020-08-05 03:49:12","Severity":"INFO","ExecutionProcessID":3240,"AccountName":"SYSTEM","OpcodeValue":0,"@timestamp":"2020-08-05T07:49:13.946Z","Task":13,"EventType":"SetValue","EventReceivedTime":"2020-08-05 03:49:13","Image":"C:\\windows\\System32\\svchost.exe","AccountType":"User"}
{"UtcTime":"2020-08-05 07:49:12.661","@version":"1","Keywords":-9223372036854775808,"EventTypeOrignal":"INFO","ThreadID":4456,"UserID":"S-1-5-18","Version":2,"Details":"DWORD (0x00000001)","host":"wec.internal.cloudapp.net","Message":"Registry value set:\r\nRuleName: -\r\nEventType: SetValue\r\nUtcTime: 2020-08-05 07:49:12.661\r\nProcessGuid: {7d3be4b5-634c-5f2a-3a04-000000000400}\r\nProcessId: 9748\r\nImage: C:\\windows\\System32\\svchost.exe\r\nTargetObject: \\REGISTRY\\A\\{fde309d3-0b1c-ae29-954e-f6969ce0a230}\\Config\\DODownloadMode\r\nDetails: DWORD (0x00000001)","SourceModuleName":"eventlog","ProcessGuid":"{7d3be4b5-634c-5f2a-3a04-000000000400}","SourceName":"Microsoft-Windows-Sysmon","SeverityValue":2,"tags":["mordorDataset"],"Channel":"Microsoft-Windows-Sysmon/Operational","ProviderGuid":"{5770385F-C22A-43E0-BF4C-06F5698FFBD9}","RuleName":"-","EventID":13,"RecordNumber":318791,"TargetObject":"\\REGISTRY\\A\\{fde309d3-0b1c-ae29-954e-f6969ce0a230}\\Config\\DODownloadMode","Hostname":"WORKSTATION6.theshire.local","ProcessId":"9748","SourceModuleType":"im_msvistalog","Domain":"NT AUTHORITY","port":53997,"EventTime":"2020-08-05 03:49:12","Severity":"INFO","ExecutionProcessID":3240,"AccountName":"SYSTEM","OpcodeValue":0,"@timestamp":"2020-08-05T07:49:13.947Z","Task":13,"EventType":"SetValue","EventReceivedTime":"2020-08-05 03:49:13","Image":"C:\\windows\\System32\\svchost.exe","AccountType":"User"}
{"UtcTime":"2020-08-05 07:49:12.661","@version":"1","Keywords":-9223372036854775808,"EventTypeOrignal":"INFO","ThreadID":4456,"UserID":"S-1-5-18","Version":2,"Details":"DWORD (0x00000001)","host":"wec.internal.cloudapp.net","Message":"Registry value set:\r\nRuleName: -\r\nEventType: SetValue\r\nUtcTime: 2020-08-05 07:49:12.661\r\nProcessGuid: {7d3be4b5-634c-5f2a-3a04-000000000400}\r\nProcessId: 9748\r\nImage: C:\\windows\\System32\\svchost.exe\r\nTargetObject: \\REGISTRY\\A\\{fde309d3-0b1c-ae29-954e-f6969ce0a230}\\Config\\PrivateRegMigrate\r\nDetails: DWORD (0x00000001)","SourceModuleName":"eventlog","ProcessGuid":"{7d3be4b5-634c-5f2a-3a04-000000000400}","SourceName":"Microsoft-Windows-Sysmon","SeverityValue":2,"tags":["mordorDataset"],"Channel":"Microsoft-Windows-Sysmon/Operational","ProviderGuid":"{5770385F-C22A-43E0-BF4C-06F5698FFBD9}","RuleName":"-","EventID":13,"RecordNumber":318792,"TargetObject":"\\REGISTRY\\A\\{fde309d3-0b1c-ae29-954e-f6969ce0a230}\\Config\\PrivateRegMigrate","Hostname":"WORKSTATION6.theshire.local","ProcessId":"9748","SourceModuleType":"im_msvistalog","Domain":"NT AUTHORITY","port":53997,"EventTime":"2020-08-05 03:49:12","Severity":"INFO","ExecutionProcessID":3240,"AccountName":"SYSTEM","OpcodeValue":0,"@timestamp":"2020-08-05T07:49:13.947Z","Task":13,"EventType":"SetValue","EventReceivedTime":"2020-08-05 03:49:13","Image":"C:\\windows\\System32\\svchost.exe","AccountType":"User"}
{"UtcTime":"2020-08-05 07:49:12.661","@version":"1","Keywords":-9223372036854775808,"EventTypeOrignal":"INFO","ThreadID":4456,"UserID":"S-1-5-18","Version":2,"host":"wec.internal.cloudapp.net","Message":"Registry object added or deleted:\r\nRuleName: -\r\nEventType: CreateKey\r\nUtcTime: 2020-08-05 07:49:12.661\r\nProcessGuid: {7d3be4b5-634c-5f2a-3a04-000000000400}\r\nProcessId: 9748\r\nImage: C:\\windows\\System32\\svchost.exe\r\nTargetObject: \\REGISTRY\\A\\{fde309d3-0b1c-ae29-954e-f6969ce0a230}\\Settings","SourceModuleName":"eventlog","ProcessGuid":"{7d3be4b5-634c-5f2a-3a04-000000000400}","SourceName":"Microsoft-Windows-Sysmon","SeverityValue":2,"tags":["mordorDataset"],"Channel":"Microsoft-Windows-Sysmon/Operational","ProviderGuid":"{5770385F-C22A-43E0-BF4C-06F5698FFBD9}","RuleName":"-","EventID":12,"RecordNumber":318793,"TargetObject":"\\REGISTRY\\A\\{fde309d3-0b1c-ae29-954e-f6969ce0a230}\\Settings","Hostname":"WORKSTATION6.theshire.local","ProcessId":"9748","SourceModuleType":"im_msvistalog","Domain":"NT AUTHORITY","port":53997,"EventTime":"2020-08-05 03:49:12","Severity":"INFO","ExecutionProcessID":3240,"AccountName":"SYSTEM","OpcodeValue":0,"@timestamp":"2020-08-05T07:49:13.947Z","Task":12,"EventType":"CreateKey","EventReceivedTime":"2020-08-05 03:49:13","Image":"C:\\windows\\System32\\svchost.exe","AccountType":"User"}
{"UtcTime":"2020-08-05 07:49:12.661","@version":"1","Keywords":-9223372036854775808,"EventTypeOrignal":"INFO","ThreadID":4456,"UserID":"S-1-5-18","Version":2,"host":"wec.internal.cloudapp.net","Message":"Registry object added or deleted:\r\nRuleName: -\r\nEventType: CreateKey\r\nUtcTime: 2020-08-05 07:49:12.661\r\nProcessGuid: {7d3be4b5-634c-5f2a-3a04-000000000400}\r\nProcessId: 9748\r\nImage: C:\\windows\\System32\\svchost.exe\r\nTargetObject: \\REGISTRY\\A\\{fde309d3-0b1c-ae29-954e-f6969ce0a230}\\Usage","SourceModuleName":"eventlog","ProcessGuid":"{7d3be4b5-634c-5f2a-3a04-000000000400}","SourceName":"Microsoft-Windows-Sysmon","SeverityValue":2,"tags":["mordorDataset"],"Channel":"Microsoft-Windows-Sysmon/Operational","ProviderGuid":"{5770385F-C22A-43E0-BF4C-06F5698FFBD9}","RuleName":"-","EventID":12,"RecordNumber":318794,"TargetObject":"\\REGISTRY\\A\\{fde309d3-0b1c-ae29-954e-f6969ce0a230}\\Usage","Hostname":"WORKSTATION6.theshire.local","ProcessId":"9748","SourceModuleType":"im_msvistalog","Domain":"NT AUTHORITY","port":53997,"EventTime":"2020-08-05 03:49:12","Severity":"INFO","ExecutionProcessID":3240,"AccountName":"SYSTEM","OpcodeValue":0,"@timestamp":"2020-08-05T07:49:13.947Z","Task":12,"EventType":"CreateKey","EventReceivedTime":"2020-08-05 03:49:13","Image":"C:\\windows\\System32\\svchost.exe","AccountType":"User"}
{"UtcTime":"2020-08-05 07:49:12.661","@version":"1","Keywords":-9223372036854775808,"EventTypeOrignal":"INFO","ThreadID":4456,"UserID":"S-1-5-18","Version":2,"Details":"QWORD (0x00000000-0x00000000)","host":"wec.internal.cloudapp.net","Message":"Registry value set:\r\nRuleName: -\r\nEventType: SetValue\r\nUtcTime: 2020-08-05 07:49:12.661\r\nProcessGuid: {7d3be4b5-634c-5f2a-3a04-000000000400}\r\nProcessId: 9748\r\nImage: C:\\windows\\System32\\svchost.exe\r\nTargetObject: \\REGISTRY\\A\\{fde309d3-0b1c-ae29-954e-f6969ce0a230}\\Usage\\UploadMonthlyInternetBytes\r\nDetails: QWORD (0x00000000-0x00000000)","SourceModuleName":"eventlog","ProcessGuid":"{7d3be4b5-634c-5f2a-3a04-000000000400}","SourceName":"Microsoft-Windows-Sysmon","SeverityValue":2,"tags":["mordorDataset"],"Channel":"Microsoft-Windows-Sysmon/Operational","ProviderGuid":"{5770385F-C22A-43E0-BF4C-06F5698FFBD9}","RuleName":"-","EventID":13,"RecordNumber":318795,"TargetObject":"\\REGISTRY\\A\\{fde309d3-0b1c-ae29-954e-f6969ce0a230}\\Usage\\UploadMonthlyInternetBytes","Hostname":"WORKSTATION6.theshire.local","ProcessId":"9748","SourceModuleType":"im_msvistalog","Domain":"NT AUTHORITY","port":53997,"EventTime":"2020-08-05 03:49:12","Severity":"INFO","ExecutionProcessID":3240,"AccountName":"SYSTEM","OpcodeValue":0,"@timestamp":"2020-08-05T07:49:13.948Z","Task":13,"EventType":"SetValue","EventReceivedTime":"2020-08-05 03:49:13","Image":"C:\\windows\\System32\\svchost.exe","AccountType":"User"}
{"UtcTime":"2020-08-05 07:49:12.661","@version":"1","Keywords":-9223372036854775808,"EventTypeOrignal":"INFO","ThreadID":4456,"UserID":"S-1-5-18","Version":2,"Details":"QWORD (0x00000000-0x00000000)","host":"wec.internal.cloudapp.net","Message":"Registry value set:\r\nRuleName: -\r\nEventType: SetValue\r\nUtcTime: 2020-08-05 07:49:12.661\r\nProcessGuid: {7d3be4b5-634c-5f2a-3a04-000000000400}\r\nProcessId: 9748\r\nImage: C:\\windows\\System32\\svchost.exe\r\nTargetObject: \\REGISTRY\\A\\{fde309d3-0b1c-ae29-954e-f6969ce0a230}\\Usage\\UploadMonthlyLanBytes\r\nDetails: QWORD (0x00000000-0x00000000)","SourceModuleName":"eventlog","ProcessGuid":"{7d3be4b5-634c-5f2a-3a04-000000000400}","SourceName":"Microsoft-Windows-Sysmon","SeverityValue":2,"tags":["mordorDataset"],"Channel":"Microsoft-Windows-Sysmon/Operational","ProviderGuid":"{5770385F-C22A-43E0-BF4C-06F5698FFBD9}","RuleName":"-","EventID":13,"RecordNumber":318796,"TargetObject":"\\REGISTRY\\A\\{fde309d3-0b1c-ae29-954e-f6969ce0a230}\\Usage\\UploadMonthlyLanBytes","Hostname":"WORKSTATION6.theshire.local","ProcessId":"9748","SourceModuleType":"im_msvistalog","Domain":"NT AUTHORITY","port":53997,"EventTime":"2020-08-05 03:49:12","Severity":"INFO","ExecutionProcessID":3240,"AccountName":"SYSTEM","OpcodeValue":0,"@timestamp":"2020-08-05T07:49:13.948Z","Task":13,"EventType":"SetValue","EventReceivedTime":"2020-08-05 03:49:13","Image":"C:\\windows\\System32\\svchost.exe","AccountType":"User"}
{"UtcTime":"2020-08-05 07:49:12.661","@version":"1","Keywords":-9223372036854775808,"EventTypeOrignal":"INFO","ThreadID":4456,"UserID":"S-1-5-18","Version":2,"Details":"QWORD (0x00000000-0x00000000)","host":"wec.internal.cloudapp.net","Message":"Registry value set:\r\nRuleName: -\r\nEventType: SetValue\r\nUtcTime: 2020-08-05 07:49:12.661\r\nProcessGuid: {7d3be4b5-634c-5f2a-3a04-000000000400}\r\nProcessId: 9748\r\nImage: C:\\windows\\System32\\svchost.exe\r\nTargetObject: \\REGISTRY\\A\\{fde309d3-0b1c-ae29-954e-f6969ce0a230}\\Usage\\DownloadMonthlyInternetBytes\r\nDetails: QWORD (0x00000000-0x00000000)","SourceModuleName":"eventlog","ProcessGuid":"{7d3be4b5-634c-5f2a-3a04-000000000400}","SourceName":"Microsoft-Windows-Sysmon","SeverityValue":2,"tags":["mordorDataset"],"Channel":"Microsoft-Windows-Sysmon/Operational","ProviderGuid":"{5770385F-C22A-43E0-BF4C-06F5698FFBD9}","RuleName":"-","EventID":13,"RecordNumber":318797,"TargetObject":"\\REGISTRY\\A\\{fde309d3-0b1c-ae29-954e-f6969ce0a230}\\Usage\\DownloadMonthlyInternetBytes","Hostname":"WORKSTATION6.theshire.local","ProcessId":"9748","SourceModuleType":"im_msvistalog","Domain":"NT AUTHORITY","port":53997,"EventTime":"2020-08-05 03:49:12","Severity":"INFO","ExecutionProcessID":3240,"AccountName":"SYSTEM","OpcodeValue":0,"@timestamp":"2020-08-05T07:49:13.948Z","Task":13,"EventType":"SetValue","EventReceivedTime":"2020-08-05 03:49:13","Image":"C:\\windows\\System32\\svchost.exe","AccountType":"User"}
{"UtcTime":"2020-08-05 07:49:12.661","@version":"1","Keywords":-9223372036854775808,"EventTypeOrignal":"INFO","ThreadID":4456,"UserID":"S-1-5-18","Version":2,"Details":"QWORD (0x00000000-0x00000000)","host":"wec.internal.cloudapp.net","Message":"Registry value set:\r\nRuleName: -\r\nEventType: SetValue\r\nUtcTime: 2020-08-05 07:49:12.661\r\nProcessGuid: {7d3be4b5-634c-5f2a-3a04-000000000400}\r\nProcessId: 9748\r\nImage: C:\\windows\\System32\\svchost.exe\r\nTargetObject: \\REGISTRY\\A\\{fde309d3-0b1c-ae29-954e-f6969ce0a230}\\Usage\\DownloadMonthlyLanBytes\r\nDetails: QWORD (0x00000000-0x00000000)","SourceModuleName":"eventlog","ProcessGuid":"{7d3be4b5-634c-5f2a-3a04-000000000400}","SourceName":"Microsoft-Windows-Sysmon","SeverityValue":2,"tags":["mordorDataset"],"Channel":"Microsoft-Windows-Sysmon/Operational","ProviderGuid":"{5770385F-C22A-43E0-BF4C-06F5698FFBD9}","RuleName":"-","EventID":13,"RecordNumber":318798,"TargetObject":"\\REGISTRY\\A\\{fde309d3-0b1c-ae29-954e-f6969ce0a230}\\Usage\\DownloadMonthlyLanBytes","Hostname":"WORKSTATION6.theshire.local","ProcessId":"9748","SourceModuleType":"im_msvistalog","Domain":"NT AUTHORITY","port":53997,"EventTime":"2020-08-05 03:49:12","Severity":"INFO","ExecutionProcessID":3240,"AccountName":"SYSTEM","OpcodeValue":0,"@timestamp":"2020-08-05T07:49:13.948Z","Task":13,"EventType":"SetValue","EventReceivedTime":"2020-08-05 03:49:13","Image":"C:\\windows\\System32\\svchost.exe","AccountType":"User"}
{"UtcTime":"2020-08-05 07:49:12.661","@version":"1","Keywords":-9223372036854775808,"EventTypeOrignal":"INFO","ThreadID":4456,"UserID":"S-1-5-18","Version":2,"Details":"QWORD (0x00000000-0x00000000)","host":"wec.internal.cloudapp.net","Message":"Registry value set:\r\nRuleName: -\r\nEventType: SetValue\r\nUtcTime: 2020-08-05 07:49:12.661\r\nProcessGuid: {7d3be4b5-634c-5f2a-3a04-000000000400}\r\nProcessId: 9748\r\nImage: C:\\windows\\System32\\svchost.exe\r\nTargetObject: \\REGISTRY\\A\\{fde309d3-0b1c-ae29-954e-f6969ce0a230}\\Usage\\DownloadMonthlyCdnBytes\r\nDetails: QWORD (0x00000000-0x00000000)","SourceModuleName":"eventlog","ProcessGuid":"{7d3be4b5-634c-5f2a-3a04-000000000400}","SourceName":"Microsoft-Windows-Sysmon","SeverityValue":2,"tags":["mordorDataset"],"Channel":"Microsoft-Windows-Sysmon/Operational","ProviderGuid":"{5770385F-C22A-43E0-BF4C-06F5698FFBD9}","RuleName":"-","EventID":13,"RecordNumber":318799,"TargetObject":"\\REGISTRY\\A\\{fde309d3-0b1c-ae29-954e-f6969ce0a230}\\Usage\\DownloadMonthlyCdnBytes","Hostname":"WORKSTATION6.theshire.local","ProcessId":"9748","SourceModuleType":"im_msvistalog","Domain":"NT AUTHORITY","port":53997,"EventTime":"2020-08-05 03:49:12","Severity":"INFO","ExecutionProcessID":3240,"AccountName":"SYSTEM","OpcodeValue":0,"@timestamp":"2020-08-05T07:49:13.948Z","Task":13,"EventType":"SetValue","EventReceivedTime":"2020-08-05 03:49:13","Image":"C:\\windows\\System32\\svchost.exe","AccountType":"User"}
{"UtcTime":"2020-08-05 07:49:12.661","@version":"1","Keywords":-9223372036854775808,"EventTypeOrignal":"INFO","ThreadID":4456,"UserID":"S-1-5-18","Version":2,"Details":"QWORD (0x00000000-0x00000000)","host":"wec.internal.cloudapp.net","Message":"Registry value set:\r\nRuleName: -\r\nEventType: SetValue\r\nUtcTime: 2020-08-05 07:49:12.661\r\nProcessGuid: {7d3be4b5-634c-5f2a-3a04-000000000400}\r\nProcessId: 9748\r\nImage: C:\\windows\\System32\\svchost.exe\r\nTargetObject: \\REGISTRY\\A\\{fde309d3-0b1c-ae29-954e-f6969ce0a230}\\Usage\\DownloadMonthlyRateFrBps\r\nDetails: QWORD (0x00000000-0x00000000)","SourceModuleName":"eventlog","ProcessGuid":"{7d3be4b5-634c-5f2a-3a04-000000000400}","SourceName":"Microsoft-Windows-Sysmon","SeverityValue":2,"tags":["mordorDataset"],"Channel":"Microsoft-Windows-Sysmon/Operational","ProviderGuid":"{5770385F-C22A-43E0-BF4C-06F5698FFBD9}","RuleName":"-","EventID":13,"RecordNumber":318800,"TargetObject":"\\REGISTRY\\A\\{fde309d3-0b1c-ae29-954e-f6969ce0a230}\\Usage\\DownloadMonthlyRateFrBps","Hostname":"WORKSTATION6.theshire.local","ProcessId":"9748","SourceModuleType":"im_msvistalog","Domain":"NT AUTHORITY","port":53997,"EventTime":"2020-08-05 03:49:12","Severity":"INFO","ExecutionProcessID":3240,"AccountName":"SYSTEM","OpcodeValue":0,"@timestamp":"2020-08-05T07:49:13.949Z","Task":13,"EventType":"SetValue","EventReceivedTime":"2020-08-05 03:49:13","Image":"C:\\windows\\System32\\svchost.exe","AccountType":"User"}
{"UtcTime":"2020-08-05 07:49:12.661","@version":"1","Keywords":-9223372036854775808,"EventTypeOrignal":"INFO","ThreadID":4456,"UserID":"S-1-5-18","Version":2,"Details":"QWORD (0x00000000-0x00000000)","host":"wec.internal.cloudapp.net","Message":"Registry value set:\r\nRuleName: -\r\nEventType: SetValue\r\nUtcTime: 2020-08-05 07:49:12.661\r\nProcessGuid: {7d3be4b5-634c-5f2a-3a04-000000000400}\r\nProcessId: 9748\r\nImage: C:\\windows\\System32\\svchost.exe\r\nTargetObject: \\REGISTRY\\A\\{fde309d3-0b1c-ae29-954e-f6969ce0a230}\\Usage\\DownloadMonthlyRateBkBps\r\nDetails: QWORD (0x00000000-0x00000000)","SourceModuleName":"eventlog","ProcessGuid":"{7d3be4b5-634c-5f2a-3a04-000000000400}","SourceName":"Microsoft-Windows-Sysmon","SeverityValue":2,"tags":["mordorDataset"],"Channel":"Microsoft-Windows-Sysmon/Operational","ProviderGuid":"{5770385F-C22A-43E0-BF4C-06F5698FFBD9}","RuleName":"-","EventID":13,"RecordNumber":318801,"TargetObject":"\\REGISTRY\\A\\{fde309d3-0b1c-ae29-954e-f6969ce0a230}\\Usage\\DownloadMonthlyRateBkBps","Hostname":"WORKSTATION6.theshire.local","ProcessId":"9748","SourceModuleType":"im_msvistalog","Domain":"NT AUTHORITY","port":53997,"EventTime":"2020-08-05 03:49:12","Severity":"INFO","ExecutionProcessID":3240,"AccountName":"SYSTEM","OpcodeValue":0,"@timestamp":"2020-08-05T07:49:13.949Z","Task":13,"EventType":"SetValue","EventReceivedTime":"2020-08-05 03:49:13","Image":"C:\\windows\\System32\\svchost.exe","AccountType":"User"}
{"UtcTime":"2020-08-05 07:49:12.661","@version":"1","Keywords":-9223372036854775808,"EventTypeOrignal":"INFO","ThreadID":4456,"UserID":"S-1-5-18","Version":2,"Details":"DWORD (0x00000008)","host":"wec.internal.cloudapp.net","Message":"Registry value set:\r\nRuleName: -\r\nEventType: SetValue\r\nUtcTime: 2020-08-05 07:49:12.661\r\nProcessGuid: {7d3be4b5-634c-5f2a-3a04-000000000400}\r\nProcessId: 9748\r\nImage: C:\\windows\\System32\\svchost.exe\r\nTargetObject: \\REGISTRY\\A\\{fde309d3-0b1c-ae29-954e-f6969ce0a230}\\Usage\\MonthID\r\nDetails: DWORD (0x00000008)","SourceModuleName":"eventlog","ProcessGuid":"{7d3be4b5-634c-5f2a-3a04-000000000400}","SourceName":"Microsoft-Windows-Sysmon","SeverityValue":2,"tags":["mordorDataset"],"Channel":"Microsoft-Windows-Sysmon/Operational","ProviderGuid":"{5770385F-C22A-43E0-BF4C-06F5698FFBD9}","RuleName":"-","EventID":13,"RecordNumber":318802,"TargetObject":"\\REGISTRY\\A\\{fde309d3-0b1c-ae29-954e-f6969ce0a230}\\Usage\\MonthID","Hostname":"WORKSTATION6.theshire.local","ProcessId":"9748","SourceModuleType":"im_msvistalog","Domain":"NT AUTHORITY","port":53997,"EventTime":"2020-08-05 03:49:12","Severity":"INFO","ExecutionProcessID":3240,"AccountName":"SYSTEM","OpcodeValue":0,"@timestamp":"2020-08-05T07:49:13.949Z","Task":13,"EventType":"SetValue","EventReceivedTime":"2020-08-05 03:49:13","Image":"C:\\windows\\System32\\svchost.exe","AccountType":"User"}
{"UtcTime":"2020-08-05 07:49:12.661","@version":"1","Keywords":-9223372036854775808,"EventTypeOrignal":"INFO","ThreadID":4456,"UserID":"S-1-5-18","Version":2,"Details":"DWORD (0x00000000)","host":"wec.internal.cloudapp.net","Message":"Registry value set:\r\nRuleName: -\r\nEventType: SetValue\r\nUtcTime: 2020-08-05 07:49:12.661\r\nProcessGuid: {7d3be4b5-634c-5f2a-3a04-000000000400}\r\nProcessId: 9748\r\nImage: C:\\windows\\System32\\svchost.exe\r\nTargetObject: \\REGISTRY\\A\\{fde309d3-0b1c-ae29-954e-f6969ce0a230}\\Usage\\SwarmCount\r\nDetails: DWORD (0x00000000)","SourceModuleName":"eventlog","ProcessGuid":"{7d3be4b5-634c-5f2a-3a04-000000000400}","SourceName":"Microsoft-Windows-Sysmon","SeverityValue":2,"tags":["mordorDataset"],"Channel":"Microsoft-Windows-Sysmon/Operational","ProviderGuid":"{5770385F-C22A-43E0-BF4C-06F5698FFBD9}","RuleName":"-","EventID":13,"RecordNumber":318803,"TargetObject":"\\REGISTRY\\A\\{fde309d3-0b1c-ae29-954e-f6969ce0a230}\\Usage\\SwarmCount","Hostname":"WORKSTATION6.theshire.local","ProcessId":"9748","SourceModuleType":"im_msvistalog","Domain":"NT AUTHORITY","port":53997,"EventTime":"2020-08-05 03:49:12","Severity":"INFO","ExecutionProcessID":3240,"AccountName":"SYSTEM","OpcodeValue":0,"@timestamp":"2020-08-05T07:49:13.950Z","Task":13,"EventType":"SetValue","EventReceivedTime":"2020-08-05 03:49:13","Image":"C:\\windows\\System32\\svchost.exe","AccountType":"User"}
{"UtcTime":"2020-08-05 07:49:12.661","@version":"1","Keywords":-9223372036854775808,"EventTypeOrignal":"INFO","ThreadID":4456,"UserID":"S-1-5-18","Version":2,"Details":"QWORD (0x00000000-0x00000000)","host":"wec.internal.cloudapp.net","Message":"Registry value set:\r\nRuleName: -\r\nEventType: SetValue\r\nUtcTime: 2020-08-05 07:49:12.661\r\nProcessGuid: {7d3be4b5-634c-5f2a-3a04-000000000400}\r\nProcessId: 9748\r\nImage: C:\\windows\\System32\\svchost.exe\r\nTargetObject: \\REGISTRY\\A\\{fde309d3-0b1c-ae29-954e-f6969ce0a230}\\Usage\\CacheSizeBytes\r\nDetails: QWORD (0x00000000-0x00000000)","SourceModuleName":"eventlog","ProcessGuid":"{7d3be4b5-634c-5f2a-3a04-000000000400}","SourceName":"Microsoft-Windows-Sysmon","SeverityValue":2,"tags":["mordorDataset"],"Channel":"Microsoft-Windows-Sysmon/Operational","ProviderGuid":"{5770385F-C22A-43E0-BF4C-06F5698FFBD9}","RuleName":"-","EventID":13,"RecordNumber":318804,"TargetObject":"\\REGISTRY\\A\\{fde309d3-0b1c-ae29-954e-f6969ce0a230}\\Usage\\CacheSizeBytes","Hostname":"WORKSTATION6.theshire.local","ProcessId":"9748","SourceModuleType":"im_msvistalog","Domain":"NT AUTHORITY","port":53997,"EventTime":"2020-08-05 03:49:12","Severity":"INFO","ExecutionProcessID":3240,"AccountName":"SYSTEM","OpcodeValue":0,"@timestamp":"2020-08-05T07:49:13.950Z","Task":13,"EventType":"SetValue","EventReceivedTime":"2020-08-05 03:49:13","Image":"C:\\windows\\System32\\svchost.exe","AccountType":"User"}
{"UtcTime":"2020-08-05 07:49:12.661","@version":"1","Keywords":-9223372036854775808,"EventTypeOrignal":"INFO","ThreadID":4456,"UserID":"S-1-5-18","Version":2,"Details":"DWORD (0x00000000)","host":"wec.internal.cloudapp.net","Message":"Registry value set:\r\nRuleName: -\r\nEventType: SetValue\r\nUtcTime: 2020-08-05 07:49:12.661\r\nProcessGuid: {7d3be4b5-634c-5f2a-3a04-000000000400}\r\nProcessId: 9748\r\nImage: C:\\windows\\System32\\svchost.exe\r\nTargetObject: \\REGISTRY\\A\\{fde309d3-0b1c-ae29-954e-f6969ce0a230}\\Usage\\PeerInfoCount\r\nDetails: DWORD (0x00000000)","SourceModuleName":"eventlog","ProcessGuid":"{7d3be4b5-634c-5f2a-3a04-000000000400}","SourceName":"Microsoft-Windows-Sysmon","SeverityValue":2,"tags":["mordorDataset"],"Channel":"Microsoft-Windows-Sysmon/Operational","ProviderGuid":"{5770385F-C22A-43E0-BF4C-06F5698FFBD9}","RuleName":"-","EventID":13,"RecordNumber":318805,"TargetObject":"\\REGISTRY\\A\\{fde309d3-0b1c-ae29-954e-f6969ce0a230}\\Usage\\PeerInfoCount","Hostname":"WORKSTATION6.theshire.local","ProcessId":"9748","SourceModuleType":"im_msvistalog","Domain":"NT AUTHORITY","port":53997,"EventTime":"2020-08-05 03:49:12","Severity":"INFO","ExecutionProcessID":3240,"AccountName":"SYSTEM","OpcodeValue":0,"@timestamp":"2020-08-05T07:49:13.950Z","Task":13,"EventType":"SetValue","EventReceivedTime":"2020-08-05 03:49:13","Image":"C:\\windows\\System32\\svchost.exe","AccountType":"User"}
{"UtcTime":"2020-08-05 07:49:12.661","@version":"1","Keywords":-9223372036854775808,"EventTypeOrignal":"INFO","ThreadID":4456,"UserID":"S-1-5-18","Version":2,"Details":"DWORD (0x00000000)","host":"wec.internal.cloudapp.net","Message":"Registry value set:\r\nRuleName: -\r\nEventType: SetValue\r\nUtcTime: 2020-08-05 07:49:12.661\r\nProcessGuid: {7d3be4b5-634c-5f2a-3a04-000000000400}\r\nProcessId: 9748\r\nImage: C:\\windows\\System32\\svchost.exe\r\nTargetObject: \\REGISTRY\\A\\{fde309d3-0b1c-ae29-954e-f6969ce0a230}\\Usage\\CDNConnectionCount\r\nDetails: DWORD (0x00000000)","SourceModuleName":"eventlog","ProcessGuid":"{7d3be4b5-634c-5f2a-3a04-000000000400}","SourceName":"Microsoft-Windows-Sysmon","SeverityValue":2,"tags":["mordorDataset"],"Channel":"Microsoft-Windows-Sysmon/Operational","ProviderGuid":"{5770385F-C22A-43E0-BF4C-06F5698FFBD9}","RuleName":"-","EventID":13,"RecordNumber":318806,"TargetObject":"\\REGISTRY\\A\\{fde309d3-0b1c-ae29-954e-f6969ce0a230}\\Usage\\CDNConnectionCount","Hostname":"WORKSTATION6.theshire.local","ProcessId":"9748","SourceModuleType":"im_msvistalog","Domain":"NT AUTHORITY","port":53997,"EventTime":"2020-08-05 03:49:12","Severity":"INFO","ExecutionProcessID":3240,"AccountName":"SYSTEM","OpcodeValue":0,"@timestamp":"2020-08-05T07:49:13.950Z","Task":13,"EventType":"SetValue","EventReceivedTime":"2020-08-05 03:49:13","Image":"C:\\windows\\System32\\svchost.exe","AccountType":"User"}
