{"Keywords":-9223372036854775808,"SeverityValue":2,"TargetObject":"HKU\\S-1-5-20\\Software\\Microsoft\\Windows\\CurrentVersion\\DeliveryOptimization\\Config\\DODownloadMode","EventTypeOrignal":"INFO","EventID":13,"ProviderGuid":"{5770385F-C22A-43E0-BF4C-06F5698FFBD9}","ExecutionProcessID":9848,"host":"wec.internal.cloudapp.net","Channel":"Microsoft-Windows-Sysmon/Operational","UserID":"S-1-5-18","AccountType":"User","ThreadID":7976,"ProcessGuid":"{b34bc01c-8526-5f63-2103-000000000400}","Details":"DWORD (0x00000001)","EventReceivedTime":"2020-09-19 21:18:00","Opcode":"Info","EventTime":"2020-09-19 21:17:58","@timestamp":"2020-09-20T01:18:00.686Z","SourceModuleType":"im_msvistalog","port":64545,"AccountName":"SYSTEM","RecordNumber":1818838,"Task":13,"Domain":"NT AUTHORITY","@version":"1","OpcodeValue":0,"SourceModuleName":"eventlog","Severity":"INFO","SourceName":"Microsoft-Windows-Sysmon","Version":2,"Image":"C:\\windows\\System32\\svchost.exe","Category":"Registry value set (rule: RegistryEvent)","UtcTime":"2020-09-20 01:17:58.972","Hostname":"WORKSTATION5.theshire.local","RuleName":"-","tags":["mordorDataset"]}
{"SeverityValue":2,"SubjectDomainName":"THESHIRE","EventReceivedTime":"2020-09-19 21:18:00","EventID":4656,"ProviderGuid":"{54849625-5478-4994-A5BA-3E3B0328C30D}","ExecutionProcessID":4,"Channel":"Security","host":"wec.internal.cloudapp.net","ProcessId":"0x14f8","Opcode":"Info","EventTime":"2020-09-19 21:17:58","TransactionId":"{00000000-0000-0000-0000-000000000000}","ObjectServer":"Security","AccessMask":"0x20019","SourceModuleType":"im_msvistalog","ProcessName":"C:\\Windows\\System32\\svchost.exe","@version":"1","OpcodeValue":0,"Severity":"INFO","HandleId":"0x3a0","ObjectName":"\\REGISTRY\\MACHINE\\SYSTEM\\ControlSet001\\Control\\Session Manager\\Environment","SourceName":"Microsoft-Windows-Security-Auditing","Category":"Registry","Keywords":-9214364837600034816,"ObjectType":"Key","SubjectUserSid":"S-1-5-20","ThreadID":7796,"EventType":"AUDIT_SUCCESS","Message":"A handle to an object was requested.\r\n\r\nSubject:\r\n\tSecurity ID:\t\tS-1-5-20\r\n\tAccount Name:\t\tWORKSTATION5$\r\n\tAccount Domain:\t\tTHESHIRE\r\n\tLogon ID:\t\t0x3E4\r\n\r\nObject:\r\n\tObject Server:\t\tSecurity\r\n\tObject Type:\t\tKey\r\n\tObject Name:\t\t\\REGISTRY\\MACHINE\\SYSTEM\\ControlSet001\\Control\\Session Manager\\Environment\r\n\tHandle ID:\t\t0x3a0\r\n\tResource Attributes:\t-\r\n\r\nProcess Information:\r\n\tProcess ID:\t\t0x14f8\r\n\tProcess Name:\t\tC:\\Windows\\System32\\svchost.exe\r\n\r\nAccess Request Information:\r\n\tTransaction ID:\t\t{00000000-0000-0000-0000-000000000000}\r\n\tAccesses:\t\tREAD_CONTROL\r\n\t\t\t\tQuery key value\r\n\t\t\t\tEnumerate sub-keys\r\n\t\t\t\tNotify about changes to keys\r\n\t\t\t\t\r\n\tAccess Reasons:\t\t-\r\n\tAccess Mask:\t\t0x20019\r\n\tPrivileges Used for Access Check:\t-\r\n\tRestricted SID Count:\t0","AccessReason":"-","PrivilegeList":"-","@timestamp":"2020-09-20T01:18:00.686Z","SubjectLogonId":"0x3e4","port":64545,"RecordNumber":466860,"SubjectUserName":"WORKSTATION5$","Task":12801,"SourceModuleName":"eventlog","Version":1,"AccessList":"%%1538\r\n\t\t\t\t%%4432\r\n\t\t\t\t%%4435\r\n\t\t\t\t%%4436\r\n\t\t\t\t","RestrictedSidCount":"0","ResourceAttributes":"-","Hostname":"WORKSTATION5.theshire.local","tags":["mordorDataset"]}
{"Keywords":-9223372036854775808,"SeverityValue":2,"TargetObject":"HKU\\S-1-5-20\\Software\\Microsoft\\Windows\\CurrentVersion\\StorageSense\\Parameters\\AccessFlags","EventTypeOrignal":"INFO","EventID":12,"ProviderGuid":"{5770385F-C22A-43E0-BF4C-06F5698FFBD9}","ExecutionProcessID":9848,"host":"wec.internal.cloudapp.net","Channel":"Microsoft-Windows-Sysmon/Operational","UserID":"S-1-5-18","AccountType":"User","ThreadID":7976,"ProcessGuid":"{b34bc01c-8038-5f63-3e02-000000000400}","EventReceivedTime":"2020-09-19 21:18:00","Opcode":"Info","EventTime":"2020-09-19 21:17:58","@timestamp":"2020-09-20T01:18:00.687Z","SourceModuleType":"im_msvistalog","port":64545,"AccountName":"SYSTEM","RecordNumber":1818839,"Task":12,"Domain":"NT AUTHORITY","@version":"1","OpcodeValue":0,"SourceModuleName":"eventlog","Severity":"INFO","SourceName":"Microsoft-Windows-Sysmon","Version":2,"Image":"C:\\windows\\System32\\svchost.exe","Category":"Registry object added or deleted (rule: RegistryEvent)","UtcTime":"2020-09-20 01:17:58.972","Hostname":"WORKSTATION5.theshire.local","RuleName":"-","tags":["mordorDataset"]}
{"Keywords":-9214364837600034816,"SeverityValue":2,"SubjectDomainName":"THESHIRE","EventID":4663,"ProviderGuid":"{54849625-5478-4994-A5BA-3E3B0328C30D}","ExecutionProcessID":4,"Channel":"Security","host":"wec.internal.cloudapp.net","SubjectUserSid":"S-1-5-20","ObjectType":"Key","EventReceivedTime":"2020-09-19 21:18:00","ThreadID":7796,"ProcessId":"0x14f8","EventType":"AUDIT_SUCCESS","Opcode":"Info","EventTime":"2020-09-19 21:17:58","Message":"An attempt was made to access an object.\r\n\r\nSubject:\r\n\tSecurity ID:\t\tS-1-5-20\r\n\tAccount Name:\t\tWORKSTATION5$\r\n\tAccount Domain:\t\tTHESHIRE\r\n\tLogon ID:\t\t0x3E4\r\n\r\nObject:\r\n\tObject Server:\t\tSecurity\r\n\tObject Type:\t\tKey\r\n\tObject Name:\t\t\\REGISTRY\\MACHINE\\SYSTEM\\ControlSet001\\Control\\Session Manager\\Environment\r\n\tHandle ID:\t\t0x3a0\r\n\tResource Attributes:\t-\r\n\r\nProcess Information:\r\n\tProcess ID:\t\t0x14f8\r\n\tProcess Name:\t\tC:\\Windows\\System32\\svchost.exe\r\n\r\nAccess Request Information:\r\n\tAccesses:\t\tQuery key value\r\n\t\t\t\t\r\n\tAccess Mask:\t\t0x1","@timestamp":"2020-09-20T01:18:00.687Z","ObjectServer":"Security","SubjectLogonId":"0x3e4","AccessMask":"0x1","port":64545,"ProcessName":"C:\\Windows\\System32\\svchost.exe","RecordNumber":466861,"SubjectUserName":"WORKSTATION5$","SourceModuleType":"im_msvistalog","Task":12801,"@version":"1","OpcodeValue":0,"SourceModuleName":"eventlog","Severity":"INFO","HandleId":"0x3a0","ObjectName":"\\REGISTRY\\MACHINE\\SYSTEM\\ControlSet001\\Control\\Session Manager\\Environment","SourceName":"Microsoft-Windows-Security-Auditing","Version":1,"AccessList":"%%4432\r\n\t\t\t\t","Category":"Registry","ResourceAttributes":"-","Hostname":"WORKSTATION5.theshire.local","tags":["mordorDataset"]}
{"Keywords":-9223372036854775808,"SeverityValue":2,"TargetObject":"HKLM\\SOFTWARE\\Microsoft\\Windows\\CurrentVersion\\StorageSense\\Parameters\\AccessFlags","EventTypeOrignal":"INFO","EventID":12,"ProviderGuid":"{5770385F-C22A-43E0-BF4C-06F5698FFBD9}","ExecutionProcessID":9848,"host":"wec.internal.cloudapp.net","Channel":"Microsoft-Windows-Sysmon/Operational","UserID":"S-1-5-18","AccountType":"User","ThreadID":7976,"ProcessGuid":"{b34bc01c-8038-5f63-3e02-000000000400}","EventReceivedTime":"2020-09-19 21:18:00","Opcode":"Info","EventTime":"2020-09-19 21:17:58","@timestamp":"2020-09-20T01:18:00.688Z","SourceModuleType":"im_msvistalog","port":64545,"AccountName":"SYSTEM","RecordNumber":1818840,"Task":12,"Domain":"NT AUTHORITY","@version":"1","OpcodeValue":0,"SourceModuleName":"eventlog","Severity":"INFO","SourceName":"Microsoft-Windows-Sysmon","Version":2,"Image":"C:\\windows\\System32\\svchost.exe","Category":"Registry object added or deleted (rule: RegistryEvent)","UtcTime":"2020-09-20 01:17:58.972","Hostname":"WORKSTATION5.theshire.local","RuleName":"-","tags":["mordorDataset"]}
{"Keywords":-9214364837600034816,"SeverityValue":2,"SubjectDomainName":"THESHIRE","EventID":4658,"ProviderGuid":"{54849625-5478-4994-A5BA-3E3B0328C30D}","ExecutionProcessID":4,"Channel":"Security","host":"wec.internal.cloudapp.net","SubjectUserSid":"S-1-5-20","EventReceivedTime":"2020-09-19 21:18:00","ProcessId":"0x14f8","ThreadID":7796,"EventType":"AUDIT_SUCCESS","Opcode":"Info","EventTime":"2020-09-19 21:17:58","Message":"The handle to an object was closed.\r\n\r\nSubject :\r\n\tSecurity ID:\t\tS-1-5-20\r\n\tAccount Name:\t\tWORKSTATION5$\r\n\tAccount Domain:\t\tTHESHIRE\r\n\tLogon ID:\t\t0x3E4\r\n\r\nObject:\r\n\tObject Server:\t\tSecurity\r\n\tHandle ID:\t\t0x3a0\r\n\r\nProcess Information:\r\n\tProcess ID:\t\t0x14f8\r\n\tProcess Name:\t\tC:\\Windows\\System32\\svchost.exe","@timestamp":"2020-09-20T01:18:00.688Z","ObjectServer":"Security","SubjectLogonId":"0x3e4","SourceModuleType":"im_msvistalog","port":64545,"ProcessName":"C:\\Windows\\System32\\svchost.exe","RecordNumber":466862,"SubjectUserName":"WORKSTATION5$","Task":12801,"@version":"1","OpcodeValue":0,"SourceModuleName":"eventlog","Severity":"INFO","HandleId":"0x3a0","SourceName":"Microsoft-Windows-Security-Auditing","Version":0,"Category":"Registry","tags":["mordorDataset"],"Hostname":"WORKSTATION5.theshire.local"}
{"Keywords":-9223372036854775808,"SeverityValue":2,"TargetObject":"HKU\\S-1-5-20\\Software\\Microsoft\\Windows\\CurrentVersion\\StorageSense\\Parameters\\AccessFlags","EventTypeOrignal":"INFO","EventID":12,"ProviderGuid":"{5770385F-C22A-43E0-BF4C-06F5698FFBD9}","ExecutionProcessID":9848,"host":"wec.internal.cloudapp.net","Channel":"Microsoft-Windows-Sysmon/Operational","UserID":"S-1-5-18","AccountType":"User","ThreadID":7976,"ProcessGuid":"{b34bc01c-8038-5f63-3e02-000000000400}","EventReceivedTime":"2020-09-19 21:18:00","Opcode":"Info","EventTime":"2020-09-19 21:17:58","@timestamp":"2020-09-20T01:18:00.688Z","SourceModuleType":"im_msvistalog","port":64545,"AccountName":"SYSTEM","RecordNumber":1818841,"Task":12,"Domain":"NT AUTHORITY","@version":"1","OpcodeValue":0,"SourceModuleName":"eventlog","Severity":"INFO","SourceName":"Microsoft-Windows-Sysmon","Version":2,"Image":"C:\\windows\\System32\\svchost.exe","Category":"Registry object added or deleted (rule: RegistryEvent)","UtcTime":"2020-09-20 01:17:58.972","Hostname":"WORKSTATION5.theshire.local","RuleName":"-","tags":["mordorDataset"]}
{"Keywords":-9214364837600034816,"SeverityValue":2,"SubjectDomainName":"THESHIRE","EventID":4690,"ProviderGuid":"{54849625-5478-4994-A5BA-3E3B0328C30D}","ExecutionProcessID":4,"Channel":"Security","host":"wec.internal.cloudapp.net","SubjectUserSid":"S-1-5-20","EventReceivedTime":"2020-09-19 21:18:00","ProcessId":"0x14f8","ThreadID":7796,"EventType":"AUDIT_SUCCESS","Opcode":"Info","EventTime":"2020-09-19 21:17:58","Message":"An attempt was made to duplicate a handle to an object.\r\n\r\nSubject:\r\n\tSecurity ID:\t\tS-1-5-20\r\n\tAccount Name:\t\tWORKSTATION5$\r\n\tAccount Domain:\t\tTHESHIRE\r\n\tLogon ID:\t\t0x3E4\r\n\r\nSource Handle Information:\r\n\tSource Handle ID:\t0x3a0\r\n\tSource Process ID:\t0x14f8\r\n\r\nNew Handle Information:\r\n\tTarget Handle ID:\t0x3778\r\n\tTarget Process ID:\t0x4","SourceHandleId":"0x3a0","TargetHandleId":"0x3778","@timestamp":"2020-09-20T01:18:00.689Z","SubjectLogonId":"0x3e4","SourceModuleType":"im_msvistalog","port":64545,"RecordNumber":466863,"SubjectUserName":"WORKSTATION5$","SourceProcessId":"0x14f8","Task":12807,"@version":"1","OpcodeValue":0,"SourceModuleName":"eventlog","Severity":"INFO","SourceName":"Microsoft-Windows-Security-Auditing","Version":0,"TargetProcessId":"0x4","Category":"Handle Manipulation","tags":["mordorDataset"],"Hostname":"WORKSTATION5.theshire.local"}
{"Keywords":-9223372036854775808,"SeverityValue":2,"TargetObject":"HKLM\\SOFTWARE\\Microsoft\\Windows\\CurrentVersion\\StorageSense\\Parameters\\AccessFlags","EventTypeOrignal":"INFO","EventID":12,"ProviderGuid":"{5770385F-C22A-43E0-BF4C-06F5698FFBD9}","ExecutionProcessID":9848,"host":"wec.internal.cloudapp.net","Channel":"Microsoft-Windows-Sysmon/Operational","UserID":"S-1-5-18","AccountType":"User","ThreadID":7976,"ProcessGuid":"{b34bc01c-8038-5f63-3e02-000000000400}","EventReceivedTime":"2020-09-19 21:18:00","Opcode":"Info","EventTime":"2020-09-19 21:17:58","@timestamp":"2020-09-20T01:18:00.689Z","SourceModuleType":"im_msvistalog","port":64545,"AccountName":"SYSTEM","RecordNumber":1818842,"Task":12,"Domain":"NT AUTHORITY","@version":"1","OpcodeValue":0,"SourceModuleName":"eventlog","Severity":"INFO","SourceName":"Microsoft-Windows-Sysmon","Version":2,"Image":"C:\\windows\\System32\\svchost.exe","Category":"Registry object added or deleted (rule: RegistryEvent)","UtcTime":"2020-09-20 01:17:58.972","Hostname":"WORKSTATION5.theshire.local","RuleName":"-","tags":["mordorDataset"]}
{"Keywords":-9214364837600034816,"SeverityValue":2,"SubjectDomainName":"THESHIRE","EventID":4658,"ProviderGuid":"{54849625-5478-4994-A5BA-3E3B0328C30D}","ExecutionProcessID":4,"Channel":"Security","host":"wec.internal.cloudapp.net","SubjectUserSid":"S-1-5-20","EventReceivedTime":"2020-09-19 21:18:00","ProcessId":"0x14f8","ThreadID":7796,"EventType":"AUDIT_SUCCESS","Opcode":"Info","EventTime":"2020-09-19 21:17:58","Message":"The handle to an object was closed.\r\n\r\nSubject :\r\n\tSecurity ID:\t\tS-1-5-20\r\n\tAccount Name:\t\tWORKSTATION5$\r\n\tAccount Domain:\t\tTHESHIRE\r\n\tLogon ID:\t\t0x3E4\r\n\r\nObject:\r\n\tObject Server:\t\tSecurity\r\n\tHandle ID:\t\t0x3778\r\n\r\nProcess Information:\r\n\tProcess ID:\t\t0x14f8\r\n\tProcess Name:\t\tC:\\Windows\\System32\\svchost.exe","@timestamp":"2020-09-20T01:18:00.689Z","ObjectServer":"Security","SubjectLogonId":"0x3e4","SourceModuleType":"im_msvistalog","port":64545,"ProcessName":"C:\\Windows\\System32\\svchost.exe","RecordNumber":466864,"SubjectUserName":"WORKSTATION5$","Task":12801,"@version":"1","OpcodeValue":0,"SourceModuleName":"eventlog","Severity":"INFO","HandleId":"0x3778","SourceName":"Microsoft-Windows-Security-Auditing","Version":0,"Category":"Registry","tags":["mordorDataset"],"Hostname":"WORKSTATION5.theshire.local"}
{"Keywords":-9223372036854775808,"SeverityValue":2,"TargetObject":"HKCR","EventTypeOrignal":"INFO","EventID":12,"ProviderGuid":"{5770385F-C22A-43E0-BF4C-06F5698FFBD9}","ExecutionProcessID":9848,"host":"wec.internal.cloudapp.net","Channel":"Microsoft-Windows-Sysmon/Operational","UserID":"S-1-5-18","AccountType":"User","ThreadID":7976,"ProcessGuid":"{b34bc01c-8038-5f63-3e02-000000000400}","EventReceivedTime":"2020-09-19 21:18:00","Opcode":"Info","EventTime":"2020-09-19 21:17:58","@timestamp":"2020-09-20T01:18:00.690Z","SourceModuleType":"im_msvistalog","port":64545,"AccountName":"SYSTEM","RecordNumber":1818843,"Task":12,"Domain":"NT AUTHORITY","@version":"1","OpcodeValue":0,"SourceModuleName":"eventlog","Severity":"INFO","SourceName":"Microsoft-Windows-Sysmon","Version":2,"Image":"C:\\windows\\System32\\svchost.exe","Category":"Registry object added or deleted (rule: RegistryEvent)","UtcTime":"2020-09-20 01:17:58.972","Hostname":"WORKSTATION5.theshire.local","RuleName":"-","tags":["mordorDataset"]}
{"SeverityValue":2,"SubjectDomainName":"THESHIRE","EventReceivedTime":"2020-09-19 21:18:00","EventID":4656,"ProviderGuid":"{54849625-5478-4994-A5BA-3E3B0328C30D}","ExecutionProcessID":4,"Channel":"Security","host":"wec.internal.cloudapp.net","ProcessId":"0x14f8","Opcode":"Info","EventTime":"2020-09-19 21:17:58","TransactionId":"{00000000-0000-0000-0000-000000000000}","ObjectServer":"Security","AccessMask":"0x20019","SourceModuleType":"im_msvistalog","ProcessName":"C:\\Windows\\System32\\svchost.exe","@version":"1","OpcodeValue":0,"Severity":"INFO","HandleId":"0x3a0","ObjectName":"\\REGISTRY\\MACHINE\\SYSTEM\\ControlSet001\\Control\\Session Manager\\Environment","SourceName":"Microsoft-Windows-Security-Auditing","Category":"Registry","Keywords":-9214364837600034816,"ObjectType":"Key","SubjectUserSid":"S-1-5-20","ThreadID":7796,"EventType":"AUDIT_SUCCESS","Message":"A handle to an object was requested.\r\n\r\nSubject:\r\n\tSecurity ID:\t\tS-1-5-20\r\n\tAccount Name:\t\tWORKSTATION5$\r\n\tAccount Domain:\t\tTHESHIRE\r\n\tLogon ID:\t\t0x3E4\r\n\r\nObject:\r\n\tObject Server:\t\tSecurity\r\n\tObject Type:\t\tKey\r\n\tObject Name:\t\t\\REGISTRY\\MACHINE\\SYSTEM\\ControlSet001\\Control\\Session Manager\\Environment\r\n\tHandle ID:\t\t0x3a0\r\n\tResource Attributes:\t-\r\n\r\nProcess Information:\r\n\tProcess ID:\t\t0x14f8\r\n\tProcess Name:\t\tC:\\Windows\\System32\\svchost.exe\r\n\r\nAccess Request Information:\r\n\tTransaction ID:\t\t{00000000-0000-0000-0000-000000000000}\r\n\tAccesses:\t\tREAD_CONTROL\r\n\t\t\t\tQuery key value\r\n\t\t\t\tEnumerate sub-keys\r\n\t\t\t\tNotify about changes to keys\r\n\t\t\t\t\r\n\tAccess Reasons:\t\t-\r\n\tAccess Mask:\t\t0x20019\r\n\tPrivileges Used for Access Check:\t-\r\n\tRestricted SID Count:\t0","AccessReason":"-","PrivilegeList":"-","@timestamp":"2020-09-20T01:18:00.690Z","SubjectLogonId":"0x3e4","port":64545,"RecordNumber":466865,"SubjectUserName":"WORKSTATION5$","Task":12801,"SourceModuleName":"eventlog","Version":1,"AccessList":"%%1538\r\n\t\t\t\t%%4432\r\n\t\t\t\t%%4435\r\n\t\t\t\t%%4436\r\n\t\t\t\t","RestrictedSidCount":"0","ResourceAttributes":"-","Hostname":"WORKSTATION5.theshire.local","tags":["mordorDataset"]}
{"Keywords":-9223372036854775808,"SeverityValue":2,"TargetObject":"HKCR","EventTypeOrignal":"INFO","EventID":12,"ProviderGuid":"{5770385F-C22A-43E0-BF4C-06F5698FFBD9}","ExecutionProcessID":9848,"host":"wec.internal.cloudapp.net","Channel":"Microsoft-Windows-Sysmon/Operational","UserID":"S-1-5-18","AccountType":"User","ThreadID":7976,"ProcessGuid":"{b34bc01c-8038-5f63-3e02-000000000400}","EventReceivedTime":"2020-09-19 21:18:00","Opcode":"Info","EventTime":"2020-09-19 21:17:58","@timestamp":"2020-09-20T01:18:00.691Z","SourceModuleType":"im_msvistalog","port":64545,"AccountName":"SYSTEM","RecordNumber":1818844,"Task":12,"Domain":"NT AUTHORITY","@version":"1","OpcodeValue":0,"SourceModuleName":"eventlog","Severity":"INFO","SourceName":"Microsoft-Windows-Sysmon","Version":2,"Image":"C:\\windows\\System32\\svchost.exe","Category":"Registry object added or deleted (rule: RegistryEvent)","UtcTime":"2020-09-20 01:17:58.972","Hostname":"WORKSTATION5.theshire.local","RuleName":"-","tags":["mordorDataset"]}
{"Keywords":-9214364837600034816,"SeverityValue":2,"SubjectDomainName":"THESHIRE","EventID":4663,"ProviderGuid":"{54849625-5478-4994-A5BA-3E3B0328C30D}","ExecutionProcessID":4,"Channel":"Security","host":"wec.internal.cloudapp.net","SubjectUserSid":"S-1-5-20","ObjectType":"Key","EventReceivedTime":"2020-09-19 21:18:00","ThreadID":7796,"ProcessId":"0x14f8","EventType":"AUDIT_SUCCESS","Opcode":"Info","EventTime":"2020-09-19 21:17:58","Message":"An attempt was made to access an object.\r\n\r\nSubject:\r\n\tSecurity ID:\t\tS-1-5-20\r\n\tAccount Name:\t\tWORKSTATION5$\r\n\tAccount Domain:\t\tTHESHIRE\r\n\tLogon ID:\t\t0x3E4\r\n\r\nObject:\r\n\tObject Server:\t\tSecurity\r\n\tObject Type:\t\tKey\r\n\tObject Name:\t\t\\REGISTRY\\MACHINE\\SYSTEM\\ControlSet001\\Control\\Session Manager\\Environment\r\n\tHandle ID:\t\t0x3a0\r\n\tResource Attributes:\t-\r\n\r\nProcess Information:\r\n\tProcess ID:\t\t0x14f8\r\n\tProcess Name:\t\tC:\\Windows\\System32\\svchost.exe\r\n\r\nAccess Request Information:\r\n\tAccesses:\t\tQuery key value\r\n\t\t\t\t\r\n\tAccess Mask:\t\t0x1","@timestamp":"2020-09-20T01:18:00.691Z","ObjectServer":"Security","SubjectLogonId":"0x3e4","AccessMask":"0x1","port":64545,"ProcessName":"C:\\Windows\\System32\\svchost.exe","RecordNumber":466866,"SubjectUserName":"WORKSTATION5$","SourceModuleType":"im_msvistalog","Task":12801,"@version":"1","OpcodeValue":0,"SourceModuleName":"eventlog","Severity":"INFO","HandleId":"0x3a0","ObjectName":"\\REGISTRY\\MACHINE\\SYSTEM\\ControlSet001\\Control\\Session Manager\\Environment","SourceName":"Microsoft-Windows-Security-Auditing","Version":1,"AccessList":"%%4432\r\n\t\t\t\t","Category":"Registry","ResourceAttributes":"-","Hostname":"WORKSTATION5.theshire.local","tags":["mordorDataset"]}
{"Keywords":-9223372036854775808,"SeverityValue":2,"TargetObject":"HKU\\S-1-5-20\\Software\\Microsoft\\Windows\\CurrentVersion\\DeliveryOptimization\\Config\\DownloadMode_BackCompat","EventTypeOrignal":"INFO","EventID":13,"ProviderGuid":"{5770385F-C22A-43E0-BF4C-06F5698FFBD9}","ExecutionProcessID":9848,"host":"wec.internal.cloudapp.net","Channel":"Microsoft-Windows-Sysmon/Operational","UserID":"S-1-5-18","AccountType":"User","ThreadID":7976,"ProcessGuid":"{b34bc01c-8526-5f63-2103-000000000400}","Details":"DWORD (0x00000001)","EventReceivedTime":"2020-09-19 21:18:00","Opcode":"Info","EventTime":"2020-09-19 21:17:58","@timestamp":"2020-09-20T01:18:00.692Z","SourceModuleType":"im_msvistalog","port":64545,"AccountName":"SYSTEM","RecordNumber":1818845,"Task":13,"Domain":"NT AUTHORITY","@version":"1","OpcodeValue":0,"SourceModuleName":"eventlog","Severity":"INFO","SourceName":"Microsoft-Windows-Sysmon","Version":2,"Image":"C:\\windows\\System32\\svchost.exe","Category":"Registry value set (rule: RegistryEvent)","UtcTime":"2020-09-20 01:17:58.987","Hostname":"WORKSTATION5.theshire.local","RuleName":"-","tags":["mordorDataset"]}
{"Keywords":-9214364837600034816,"SeverityValue":2,"SubjectDomainName":"THESHIRE","EventID":4658,"ProviderGuid":"{54849625-5478-4994-A5BA-3E3B0328C30D}","ExecutionProcessID":4,"Channel":"Security","host":"wec.internal.cloudapp.net","SubjectUserSid":"S-1-5-20","EventReceivedTime":"2020-09-19 21:18:00","ProcessId":"0x14f8","ThreadID":7796,"EventType":"AUDIT_SUCCESS","Opcode":"Info","EventTime":"2020-09-19 21:17:58","Message":"The handle to an object was closed.\r\n\r\nSubject :\r\n\tSecurity ID:\t\tS-1-5-20\r\n\tAccount Name:\t\tWORKSTATION5$\r\n\tAccount Domain:\t\tTHESHIRE\r\n\tLogon ID:\t\t0x3E4\r\n\r\nObject:\r\n\tObject Server:\t\tSecurity\r\n\tHandle ID:\t\t0x3a0\r\n\r\nProcess Information:\r\n\tProcess ID:\t\t0x14f8\r\n\tProcess Name:\t\tC:\\Windows\\System32\\svchost.exe","@timestamp":"2020-09-20T01:18:00.692Z","ObjectServer":"Security","SubjectLogonId":"0x3e4","SourceModuleType":"im_msvistalog","port":64545,"ProcessName":"C:\\Windows\\System32\\svchost.exe","RecordNumber":466867,"SubjectUserName":"WORKSTATION5$","Task":12801,"@version":"1","OpcodeValue":0,"SourceModuleName":"eventlog","Severity":"INFO","HandleId":"0x3a0","SourceName":"Microsoft-Windows-Security-Auditing","Version":0,"Category":"Registry","tags":["mordorDataset"],"Hostname":"WORKSTATION5.theshire.local"}
{"Keywords":-9223372036854775808,"SeverityValue":2,"TargetObject":"HKU\\S-1-5-20\\Software\\Microsoft\\Windows\\CurrentVersion\\DeliveryOptimization\\Config\\DODownloadMode","EventTypeOrignal":"INFO","EventID":13,"ProviderGuid":"{5770385F-C22A-43E0-BF4C-06F5698FFBD9}","ExecutionProcessID":9848,"host":"wec.internal.cloudapp.net","Channel":"Microsoft-Windows-Sysmon/Operational","UserID":"S-1-5-18","AccountType":"User","ThreadID":7976,"ProcessGuid":"{b34bc01c-8526-5f63-2103-000000000400}","Details":"DWORD (0x00000001)","EventReceivedTime":"2020-09-19 21:18:00","Opcode":"Info","EventTime":"2020-09-19 21:17:58","@timestamp":"2020-09-20T01:18:00.692Z","SourceModuleType":"im_msvistalog","port":64545,"AccountName":"SYSTEM","RecordNumber":1818846,"Task":13,"Domain":"NT AUTHORITY","@version":"1","OpcodeValue":0,"SourceModuleName":"eventlog","Severity":"INFO","SourceName":"Microsoft-Windows-Sysmon","Version":2,"Image":"C:\\windows\\System32\\svchost.exe","Category":"Registry value set (rule: RegistryEvent)","UtcTime":"2020-09-20 01:17:58.987","Hostname":"WORKSTATION5.theshire.local","RuleName":"-","tags":["mordorDataset"]}
{"Keywords":-9214364837600034816,"SeverityValue":2,"SubjectDomainName":"THESHIRE","EventID":4690,"ProviderGuid":"{54849625-5478-4994-A5BA-3E3B0328C30D}","ExecutionProcessID":4,"Channel":"Security","host":"wec.internal.cloudapp.net","SubjectUserSid":"S-1-5-20","EventReceivedTime":"2020-09-19 21:18:00","ProcessId":"0x14f8","ThreadID":7796,"EventType":"AUDIT_SUCCESS","Opcode":"Info","EventTime":"2020-09-19 21:17:58","Message":"An attempt was made to duplicate a handle to an object.\r\n\r\nSubject:\r\n\tSecurity ID:\t\tS-1-5-20\r\n\tAccount Name:\t\tWORKSTATION5$\r\n\tAccount Domain:\t\tTHESHIRE\r\n\tLogon ID:\t\t0x3E4\r\n\r\nSource Handle Information:\r\n\tSource Handle ID:\t0x4a0\r\n\tSource Process ID:\t0x14f8\r\n\r\nNew Handle Information:\r\n\tTarget Handle ID:\t0x3778\r\n\tTarget Process ID:\t0x4","SourceHandleId":"0x4a0","TargetHandleId":"0x3778","@timestamp":"2020-09-20T01:18:00.693Z","SubjectLogonId":"0x3e4","SourceModuleType":"im_msvistalog","port":64545,"RecordNumber":466868,"SubjectUserName":"WORKSTATION5$","SourceProcessId":"0x14f8","Task":12807,"@version":"1","OpcodeValue":0,"SourceModuleName":"eventlog","Severity":"INFO","SourceName":"Microsoft-Windows-Security-Auditing","Version":0,"TargetProcessId":"0x4","Category":"Handle Manipulation","tags":["mordorDataset"],"Hostname":"WORKSTATION5.theshire.local"}
{"Keywords":-9223372036854775808,"SeverityValue":2,"TargetObject":"HKU\\S-1-5-20\\Software\\Microsoft\\Windows\\CurrentVersion\\DeliveryOptimization\\Usage\\SwarmCount","EventTypeOrignal":"INFO","EventID":13,"ProviderGuid":"{5770385F-C22A-43E0-BF4C-06F5698FFBD9}","ExecutionProcessID":9848,"host":"wec.internal.cloudapp.net","Channel":"Microsoft-Windows-Sysmon/Operational","UserID":"S-1-5-18","AccountType":"User","ThreadID":7976,"ProcessGuid":"{b34bc01c-8526-5f63-2103-000000000400}","Details":"DWORD (0x00000002)","EventReceivedTime":"2020-09-19 21:18:00","Opcode":"Info","EventTime":"2020-09-19 21:17:58","@timestamp":"2020-09-20T01:18:00.694Z","SourceModuleType":"im_msvistalog","port":64545,"AccountName":"SYSTEM","RecordNumber":1818847,"Task":13,"Domain":"NT AUTHORITY","@version":"1","OpcodeValue":0,"SourceModuleName":"eventlog","Severity":"INFO","SourceName":"Microsoft-Windows-Sysmon","Version":2,"Image":"C:\\windows\\System32\\svchost.exe","Category":"Registry value set (rule: RegistryEvent)","UtcTime":"2020-09-20 01:17:58.987","Hostname":"WORKSTATION5.theshire.local","RuleName":"-","tags":["mordorDataset"]}
{"Keywords":-9214364837600034816,"SeverityValue":2,"SubjectDomainName":"THESHIRE","EventID":4658,"ProviderGuid":"{54849625-5478-4994-A5BA-3E3B0328C30D}","ExecutionProcessID":4,"Channel":"Security","host":"wec.internal.cloudapp.net","SubjectUserSid":"S-1-5-20","EventReceivedTime":"2020-09-19 21:18:00","ProcessId":"0x14f8","ThreadID":7796,"EventType":"AUDIT_SUCCESS","Opcode":"Info","EventTime":"2020-09-19 21:17:58","Message":"The handle to an object was closed.\r\n\r\nSubject :\r\n\tSecurity ID:\t\tS-1-5-20\r\n\tAccount Name:\t\tWORKSTATION5$\r\n\tAccount Domain:\t\tTHESHIRE\r\n\tLogon ID:\t\t0x3E4\r\n\r\nObject:\r\n\tObject Server:\t\tSecurity\r\n\tHandle ID:\t\t0x3778\r\n\r\nProcess Information:\r\n\tProcess ID:\t\t0x14f8\r\n\tProcess Name:\t\tC:\\Windows\\System32\\svchost.exe","@timestamp":"2020-09-20T01:18:00.694Z","ObjectServer":"Security","SubjectLogonId":"0x3e4","SourceModuleType":"im_msvistalog","port":64545,"ProcessName":"C:\\Windows\\System32\\svchost.exe","RecordNumber":466869,"SubjectUserName":"WORKSTATION5$","Task":12801,"@version":"1","OpcodeValue":0,"SourceModuleName":"eventlog","Severity":"INFO","HandleId":"0x3778","SourceName":"Microsoft-Windows-Security-Auditing","Version":0,"Category":"Registry","tags":["mordorDataset"],"Hostname":"WORKSTATION5.theshire.local"}
{"Keywords":-9223372036854775808,"SeverityValue":2,"TargetObject":"HKU\\S-1-5-20\\Software\\Microsoft\\Windows\\CurrentVersion\\DeliveryOptimization\\Usage\\CacheSizeBytes","EventTypeOrignal":"INFO","EventID":13,"ProviderGuid":"{5770385F-C22A-43E0-BF4C-06F5698FFBD9}","ExecutionProcessID":9848,"host":"wec.internal.cloudapp.net","Channel":"Microsoft-Windows-Sysmon/Operational","UserID":"S-1-5-18","AccountType":"User","ThreadID":7976,"ProcessGuid":"{b34bc01c-8526-5f63-2103-000000000400}","Details":"QWORD (0x00000000-0x4d900000)","EventReceivedTime":"2020-09-19 21:18:00","Opcode":"Info","EventTime":"2020-09-19 21:17:58","@timestamp":"2020-09-20T01:18:00.695Z","SourceModuleType":"im_msvistalog","port":64545,"AccountName":"SYSTEM","RecordNumber":1818848,"Task":13,"Domain":"NT AUTHORITY","@version":"1","OpcodeValue":0,"SourceModuleName":"eventlog","Severity":"INFO","SourceName":"Microsoft-Windows-Sysmon","Version":2,"Image":"C:\\windows\\System32\\svchost.exe","Category":"Registry value set (rule: RegistryEvent)","UtcTime":"2020-09-20 01:17:58.987","Hostname":"WORKSTATION5.theshire.local","RuleName":"-","tags":["mordorDataset"]}
{"Keywords":-9223372036854775808,"SeverityValue":2,"TargetObject":"HKU\\S-1-5-20\\Software\\Microsoft\\Windows\\CurrentVersion\\DeliveryOptimization\\Usage\\PeerInfoCount","EventTypeOrignal":"INFO","EventID":13,"ProviderGuid":"{5770385F-C22A-43E0-BF4C-06F5698FFBD9}","ExecutionProcessID":9848,"host":"wec.internal.cloudapp.net","Channel":"Microsoft-Windows-Sysmon/Operational","UserID":"S-1-5-18","AccountType":"User","ThreadID":7976,"ProcessGuid":"{b34bc01c-8526-5f63-2103-000000000400}","Details":"DWORD (0x00000000)","EventReceivedTime":"2020-09-19 21:18:00","Opcode":"Info","EventTime":"2020-09-19 21:17:58","@timestamp":"2020-09-20T01:18:00.695Z","SourceModuleType":"im_msvistalog","port":64545,"AccountName":"SYSTEM","RecordNumber":1818849,"Task":13,"Domain":"NT AUTHORITY","@version":"1","OpcodeValue":0,"SourceModuleName":"eventlog","Severity":"INFO","SourceName":"Microsoft-Windows-Sysmon","Version":2,"Image":"C:\\windows\\System32\\svchost.exe","Category":"Registry value set (rule: RegistryEvent)","UtcTime":"2020-09-20 01:17:58.987","Hostname":"WORKSTATION5.theshire.local","RuleName":"-","tags":["mordorDataset"]}
{"SeverityValue":2,"SubjectDomainName":"THESHIRE","EventReceivedTime":"2020-09-19 21:18:00","EventID":4656,"ProviderGuid":"{54849625-5478-4994-A5BA-3E3B0328C30D}","ExecutionProcessID":4,"Channel":"Security","host":"wec.internal.cloudapp.net","ProcessId":"0x14f8","Opcode":"Info","EventTime":"2020-09-19 21:17:58","TransactionId":"{00000000-0000-0000-0000-000000000000}","ObjectServer":"Security","AccessMask":"0x20019","SourceModuleType":"im_msvistalog","ProcessName":"C:\\Windows\\System32\\svchost.exe","@version":"1","OpcodeValue":0,"Severity":"INFO","HandleId":"0x4a0","ObjectName":"\\REGISTRY\\MACHINE\\SYSTEM\\ControlSet001\\Control\\Session Manager\\Environment","SourceName":"Microsoft-Windows-Security-Auditing","Category":"Registry","Keywords":-9214364837600034816,"ObjectType":"Key","SubjectUserSid":"S-1-5-20","ThreadID":7796,"EventType":"AUDIT_SUCCESS","Message":"A handle to an object was requested.\r\n\r\nSubject:\r\n\tSecurity ID:\t\tS-1-5-20\r\n\tAccount Name:\t\tWORKSTATION5$\r\n\tAccount Domain:\t\tTHESHIRE\r\n\tLogon ID:\t\t0x3E4\r\n\r\nObject:\r\n\tObject Server:\t\tSecurity\r\n\tObject Type:\t\tKey\r\n\tObject Name:\t\t\\REGISTRY\\MACHINE\\SYSTEM\\ControlSet001\\Control\\Session Manager\\Environment\r\n\tHandle ID:\t\t0x4a0\r\n\tResource Attributes:\t-\r\n\r\nProcess Information:\r\n\tProcess ID:\t\t0x14f8\r\n\tProcess Name:\t\tC:\\Windows\\System32\\svchost.exe\r\n\r\nAccess Request Information:\r\n\tTransaction ID:\t\t{00000000-0000-0000-0000-000000000000}\r\n\tAccesses:\t\tREAD_CONTROL\r\n\t\t\t\tQuery key value\r\n\t\t\t\tEnumerate sub-keys\r\n\t\t\t\tNotify about changes to keys\r\n\t\t\t\t\r\n\tAccess Reasons:\t\t-\r\n\tAccess Mask:\t\t0x20019\r\n\tPrivileges Used for Access Check:\t-\r\n\tRestricted SID Count:\t0","AccessReason":"-","PrivilegeList":"-","@timestamp":"2020-09-20T01:18:00.695Z","SubjectLogonId":"0x3e4","port":64545,"RecordNumber":466870,"SubjectUserName":"WORKSTATION5$","Task":12801,"SourceModuleName":"eventlog","Version":1,"AccessList":"%%1538\r\n\t\t\t\t%%4432\r\n\t\t\t\t%%4435\r\n\t\t\t\t%%4436\r\n\t\t\t\t","RestrictedSidCount":"0","ResourceAttributes":"-","Hostname":"WORKSTATION5.theshire.local","tags":["mordorDataset"]}
{"Keywords":-9223372036854775808,"SeverityValue":2,"TargetObject":"HKU\\S-1-5-20\\Software\\Microsoft\\Windows\\CurrentVersion\\DeliveryOptimization\\Usage\\CDNConnectionCount","EventTypeOrignal":"INFO","EventID":13,"ProviderGuid":"{5770385F-C22A-43E0-BF4C-06F5698FFBD9}","ExecutionProcessID":9848,"host":"wec.internal.cloudapp.net","Channel":"Microsoft-Windows-Sysmon/Operational","UserID":"S-1-5-18","AccountType":"User","ThreadID":7976,"ProcessGuid":"{b34bc01c-8526-5f63-2103-000000000400}","Details":"DWORD (0x00000002)","EventReceivedTime":"2020-09-19 21:18:00","Opcode":"Info","EventTime":"2020-09-19 21:17:58","@timestamp":"2020-09-20T01:18:00.697Z","SourceModuleType":"im_msvistalog","port":64545,"AccountName":"SYSTEM","RecordNumber":1818850,"Task":13,"Domain":"NT AUTHORITY","@version":"1","OpcodeValue":0,"SourceModuleName":"eventlog","Severity":"INFO","SourceName":"Microsoft-Windows-Sysmon","Version":2,"Image":"C:\\windows\\System32\\svchost.exe","Category":"Registry value set (rule: RegistryEvent)","UtcTime":"2020-09-20 01:17:58.987","Hostname":"WORKSTATION5.theshire.local","RuleName":"-","tags":["mordorDataset"]}
{"Keywords":-9214364837600034816,"SeverityValue":2,"SubjectDomainName":"THESHIRE","EventID":4663,"ProviderGuid":"{54849625-5478-4994-A5BA-3E3B0328C30D}","ExecutionProcessID":4,"Channel":"Security","host":"wec.internal.cloudapp.net","SubjectUserSid":"S-1-5-20","ObjectType":"Key","EventReceivedTime":"2020-09-19 21:18:00","ThreadID":7796,"ProcessId":"0x14f8","EventType":"AUDIT_SUCCESS","Opcode":"Info","EventTime":"2020-09-19 21:17:58","Message":"An attempt was made to access an object.\r\n\r\nSubject:\r\n\tSecurity ID:\t\tS-1-5-20\r\n\tAccount Name:\t\tWORKSTATION5$\r\n\tAccount Domain:\t\tTHESHIRE\r\n\tLogon ID:\t\t0x3E4\r\n\r\nObject:\r\n\tObject Server:\t\tSecurity\r\n\tObject Type:\t\tKey\r\n\tObject Name:\t\t\\REGISTRY\\MACHINE\\SYSTEM\\ControlSet001\\Control\\Session Manager\\Environment\r\n\tHandle ID:\t\t0x4a0\r\n\tResource Attributes:\t-\r\n\r\nProcess Information:\r\n\tProcess ID:\t\t0x14f8\r\n\tProcess Name:\t\tC:\\Windows\\System32\\svchost.exe\r\n\r\nAccess Request Information:\r\n\tAccesses:\t\tQuery key value\r\n\t\t\t\t\r\n\tAccess Mask:\t\t0x1","@timestamp":"2020-09-20T01:18:00.698Z","ObjectServer":"Security","SubjectLogonId":"0x3e4","AccessMask":"0x1","port":64545,"ProcessName":"C:\\Windows\\System32\\svchost.exe","RecordNumber":466871,"SubjectUserName":"WORKSTATION5$","SourceModuleType":"im_msvistalog","Task":12801,"@version":"1","OpcodeValue":0,"SourceModuleName":"eventlog","Severity":"INFO","HandleId":"0x4a0","ObjectName":"\\REGISTRY\\MACHINE\\SYSTEM\\ControlSet001\\Control\\Session Manager\\Environment","SourceName":"Microsoft-Windows-Security-Auditing","Version":1,"AccessList":"%%4432\r\n\t\t\t\t","Category":"Registry","ResourceAttributes":"-","Hostname":"WORKSTATION5.theshire.local","tags":["mordorDataset"]}
{"Keywords":-9223372036854775808,"SeverityValue":2,"TargetObject":"HKU\\S-1-5-20\\Software\\Microsoft\\Windows\\CurrentVersion\\DeliveryOptimization\\Usage\\LANConnectionCount","EventTypeOrignal":"INFO","EventID":13,"ProviderGuid":"{5770385F-C22A-43E0-BF4C-06F5698FFBD9}","ExecutionProcessID":9848,"host":"wec.internal.cloudapp.net","Channel":"Microsoft-Windows-Sysmon/Operational","UserID":"S-1-5-18","AccountType":"User","ThreadID":7976,"ProcessGuid":"{b34bc01c-8526-5f63-2103-000000000400}","Details":"DWORD (0x00000000)","EventReceivedTime":"2020-09-19 21:18:00","Opcode":"Info","EventTime":"2020-09-19 21:17:58","@timestamp":"2020-09-20T01:18:00.700Z","SourceModuleType":"im_msvistalog","port":64545,"AccountName":"SYSTEM","RecordNumber":1818851,"Task":13,"Domain":"NT AUTHORITY","@version":"1","OpcodeValue":0,"SourceModuleName":"eventlog","Severity":"INFO","SourceName":"Microsoft-Windows-Sysmon","Version":2,"Image":"C:\\windows\\System32\\svchost.exe","Category":"Registry value set (rule: RegistryEvent)","UtcTime":"2020-09-20 01:17:58.987","Hostname":"WORKSTATION5.theshire.local","RuleName":"-","tags":["mordorDataset"]}
{"Keywords":-9214364837600034816,"SeverityValue":2,"SubjectDomainName":"THESHIRE","EventID":4658,"ProviderGuid":"{54849625-5478-4994-A5BA-3E3B0328C30D}","ExecutionProcessID":4,"Channel":"Security","host":"wec.internal.cloudapp.net","SubjectUserSid":"S-1-5-20","EventReceivedTime":"2020-09-19 21:18:00","ProcessId":"0x14f8","ThreadID":7796,"EventType":"AUDIT_SUCCESS","Opcode":"Info","EventTime":"2020-09-19 21:17:58","Message":"The handle to an object was closed.\r\n\r\nSubject :\r\n\tSecurity ID:\t\tS-1-5-20\r\n\tAccount Name:\t\tWORKSTATION5$\r\n\tAccount Domain:\t\tTHESHIRE\r\n\tLogon ID:\t\t0x3E4\r\n\r\nObject:\r\n\tObject Server:\t\tSecurity\r\n\tHandle ID:\t\t0x4a0\r\n\r\nProcess Information:\r\n\tProcess ID:\t\t0x14f8\r\n\tProcess Name:\t\tC:\\Windows\\System32\\svchost.exe","@timestamp":"2020-09-20T01:18:00.700Z","ObjectServer":"Security","SubjectLogonId":"0x3e4","SourceModuleType":"im_msvistalog","port":64545,"ProcessName":"C:\\Windows\\System32\\svchost.exe","RecordNumber":466872,"SubjectUserName":"WORKSTATION5$","Task":12801,"@version":"1","OpcodeValue":0,"SourceModuleName":"eventlog","Severity":"INFO","HandleId":"0x4a0","SourceName":"Microsoft-Windows-Security-Auditing","Version":0,"Category":"Registry","tags":["mordorDataset"],"Hostname":"WORKSTATION5.theshire.local"}
{"Keywords":-9223372036854775808,"SeverityValue":2,"TargetObject":"HKU\\S-1-5-20\\Software\\Microsoft\\Windows\\CurrentVersion\\DeliveryOptimization\\Usage\\LinkLocalConnectionCount","EventTypeOrignal":"INFO","EventID":13,"ProviderGuid":"{5770385F-C22A-43E0-BF4C-06F5698FFBD9}","ExecutionProcessID":9848,"host":"wec.internal.cloudapp.net","Channel":"Microsoft-Windows-Sysmon/Operational","UserID":"S-1-5-18","AccountType":"User","ThreadID":7976,"ProcessGuid":"{b34bc01c-8526-5f63-2103-000000000400}","Details":"DWORD (0x00000000)","EventReceivedTime":"2020-09-19 21:18:00","Opcode":"Info","EventTime":"2020-09-19 21:17:58","@timestamp":"2020-09-20T01:18:00.700Z","SourceModuleType":"im_msvistalog","port":64545,"AccountName":"SYSTEM","RecordNumber":1818852,"Task":13,"Domain":"NT AUTHORITY","@version":"1","OpcodeValue":0,"SourceModuleName":"eventlog","Severity":"INFO","SourceName":"Microsoft-Windows-Sysmon","Version":2,"Image":"C:\\windows\\System32\\svchost.exe","Category":"Registry value set (rule: RegistryEvent)","UtcTime":"2020-09-20 01:17:58.987","Hostname":"WORKSTATION5.theshire.local","RuleName":"-","tags":["mordorDataset"]}
{"Keywords":-9214364837600034816,"SeverityValue":2,"SubjectDomainName":"THESHIRE","EventID":4690,"ProviderGuid":"{54849625-5478-4994-A5BA-3E3B0328C30D}","ExecutionProcessID":4,"Channel":"Security","host":"wec.internal.cloudapp.net","SubjectUserSid":"S-1-5-20","EventReceivedTime":"2020-09-19 21:18:00","ProcessId":"0x14f8","ThreadID":7796,"EventType":"AUDIT_SUCCESS","Opcode":"Info","EventTime":"2020-09-19 21:17:58","Message":"An attempt was made to duplicate a handle to an object.\r\n\r\nSubject:\r\n\tSecurity ID:\t\tS-1-5-20\r\n\tAccount Name:\t\tWORKSTATION5$\r\n\tAccount Domain:\t\tTHESHIRE\r\n\tLogon ID:\t\t0x3E4\r\n\r\nSource Handle Information:\r\n\tSource Handle ID:\t0x4a0\r\n\tSource Process ID:\t0x14f8\r\n\r\nNew Handle Information:\r\n\tTarget Handle ID:\t0x3778\r\n\tTarget Process ID:\t0x4","SourceHandleId":"0x4a0","TargetHandleId":"0x3778","@timestamp":"2020-09-20T01:18:00.700Z","SubjectLogonId":"0x3e4","SourceModuleType":"im_msvistalog","port":64545,"RecordNumber":466873,"SubjectUserName":"WORKSTATION5$","SourceProcessId":"0x14f8","Task":12807,"@version":"1","OpcodeValue":0,"SourceModuleName":"eventlog","Severity":"INFO","SourceName":"Microsoft-Windows-Security-Auditing","Version":0,"TargetProcessId":"0x4","Category":"Handle Manipulation","tags":["mordorDataset"],"Hostname":"WORKSTATION5.theshire.local"}
{"Keywords":-9223372036854775808,"SeverityValue":2,"TargetObject":"HKU\\S-1-5-20\\Software\\Microsoft\\Windows\\CurrentVersion\\DeliveryOptimization\\Usage\\GroupConnectionCount","EventTypeOrignal":"INFO","EventID":13,"ProviderGuid":"{5770385F-C22A-43E0-BF4C-06F5698FFBD9}","ExecutionProcessID":9848,"host":"wec.internal.cloudapp.net","Channel":"Microsoft-Windows-Sysmon/Operational","UserID":"S-1-5-18","AccountType":"User","ThreadID":7976,"ProcessGuid":"{b34bc01c-8526-5f63-2103-000000000400}","Details":"DWORD (0x00000000)","EventReceivedTime":"2020-09-19 21:18:00","Opcode":"Info","EventTime":"2020-09-19 21:17:58","@timestamp":"2020-09-20T01:18:00.701Z","SourceModuleType":"im_msvistalog","port":64545,"AccountName":"SYSTEM","RecordNumber":1818853,"Task":13,"Domain":"NT AUTHORITY","@version":"1","OpcodeValue":0,"SourceModuleName":"eventlog","Severity":"INFO","SourceName":"Microsoft-Windows-Sysmon","Version":2,"Image":"C:\\windows\\System32\\svchost.exe","Category":"Registry value set (rule: RegistryEvent)","UtcTime":"2020-09-20 01:17:58.987","Hostname":"WORKSTATION5.theshire.local","RuleName":"-","tags":["mordorDataset"]}
{"Keywords":-9214364837600034816,"SeverityValue":2,"SubjectDomainName":"THESHIRE","EventID":4658,"ProviderGuid":"{54849625-5478-4994-A5BA-3E3B0328C30D}","ExecutionProcessID":4,"Channel":"Security","host":"wec.internal.cloudapp.net","SubjectUserSid":"S-1-5-20","EventReceivedTime":"2020-09-19 21:18:00","ProcessId":"0x14f8","ThreadID":7796,"EventType":"AUDIT_SUCCESS","Opcode":"Info","EventTime":"2020-09-19 21:17:58","Message":"The handle to an object was closed.\r\n\r\nSubject :\r\n\tSecurity ID:\t\tS-1-5-20\r\n\tAccount Name:\t\tWORKSTATION5$\r\n\tAccount Domain:\t\tTHESHIRE\r\n\tLogon ID:\t\t0x3E4\r\n\r\nObject:\r\n\tObject Server:\t\tSecurity\r\n\tHandle ID:\t\t0x3778\r\n\r\nProcess Information:\r\n\tProcess ID:\t\t0x14f8\r\n\tProcess Name:\t\tC:\\Windows\\System32\\svchost.exe","@timestamp":"2020-09-20T01:18:00.702Z","ObjectServer":"Security","SubjectLogonId":"0x3e4","SourceModuleType":"im_msvistalog","port":64545,"ProcessName":"C:\\Windows\\System32\\svchost.exe","RecordNumber":466874,"SubjectUserName":"WORKSTATION5$","Task":12801,"@version":"1","OpcodeValue":0,"SourceModuleName":"eventlog","Severity":"INFO","HandleId":"0x3778","SourceName":"Microsoft-Windows-Security-Auditing","Version":0,"Category":"Registry","tags":["mordorDataset"],"Hostname":"WORKSTATION5.theshire.local"}
{"SeverityValue":2,"SubjectDomainName":"THESHIRE","EventReceivedTime":"2020-09-19 21:18:00","EventID":4656,"ProviderGuid":"{54849625-5478-4994-A5BA-3E3B0328C30D}","ExecutionProcessID":4,"Channel":"Security","host":"wec.internal.cloudapp.net","ProcessId":"0x14f8","Opcode":"Info","EventTime":"2020-09-19 21:17:58","TransactionId":"{00000000-0000-0000-0000-000000000000}","ObjectServer":"Security","AccessMask":"0x20019","SourceModuleType":"im_msvistalog","ProcessName":"C:\\Windows\\System32\\svchost.exe","@version":"1","OpcodeValue":0,"Severity":"INFO","HandleId":"0x4a0","ObjectName":"\\REGISTRY\\MACHINE\\SYSTEM\\ControlSet001\\Control\\Session Manager\\Environment","SourceName":"Microsoft-Windows-Security-Auditing","Category":"Registry","Keywords":-9214364837600034816,"ObjectType":"Key","SubjectUserSid":"S-1-5-20","ThreadID":7796,"EventType":"AUDIT_SUCCESS","Message":"A handle to an object was requested.\r\n\r\nSubject:\r\n\tSecurity ID:\t\tS-1-5-20\r\n\tAccount Name:\t\tWORKSTATION5$\r\n\tAccount Domain:\t\tTHESHIRE\r\n\tLogon ID:\t\t0x3E4\r\n\r\nObject:\r\n\tObject Server:\t\tSecurity\r\n\tObject Type:\t\tKey\r\n\tObject Name:\t\t\\REGISTRY\\MACHINE\\SYSTEM\\ControlSet001\\Control\\Session Manager\\Environment\r\n\tHandle ID:\t\t0x4a0\r\n\tResource Attributes:\t-\r\n\r\nProcess Information:\r\n\tProcess ID:\t\t0x14f8\r\n\tProcess Name:\t\tC:\\Windows\\System32\\svchost.exe\r\n\r\nAccess Request Information:\r\n\tTransaction ID:\t\t{00000000-0000-0000-0000-000000000000}\r\n\tAccesses:\t\tREAD_CONTROL\r\n\t\t\t\tQuery key value\r\n\t\t\t\tEnumerate sub-keys\r\n\t\t\t\tNotify about changes to keys\r\n\t\t\t\t\r\n\tAccess Reasons:\t\t-\r\n\tAccess Mask:\t\t0x20019\r\n\tPrivileges Used for Access Check:\t-\r\n\tRestricted SID Count:\t0","AccessReason":"-","PrivilegeList":"-","@timestamp":"2020-09-20T01:18:00.702Z","SubjectLogonId":"0x3e4","port":64545,"RecordNumber":466875,"SubjectUserName":"WORKSTATION5$","Task":12801,"SourceModuleName":"eventlog","Version":1,"AccessList":"%%1538\r\n\t\t\t\t%%4432\r\n\t\t\t\t%%4435\r\n\t\t\t\t%%4436\r\n\t\t\t\t","RestrictedSidCount":"0","ResourceAttributes":"-","Hostname":"WORKSTATION5.theshire.local","tags":["mordorDataset"]}
{"Keywords":-9223372036854775808,"SeverityValue":2,"TargetObject":"HKU\\S-1-5-20\\Software\\Microsoft\\Windows\\CurrentVersion\\DeliveryOptimization\\Usage\\InternetConnectionCount","EventTypeOrignal":"INFO","EventID":13,"ProviderGuid":"{5770385F-C22A-43E0-BF4C-06F5698FFBD9}","ExecutionProcessID":9848,"host":"wec.internal.cloudapp.net","Channel":"Microsoft-Windows-Sysmon/Operational","UserID":"S-1-5-18","AccountType":"User","ThreadID":7976,"ProcessGuid":"{b34bc01c-8526-5f63-2103-000000000400}","Details":"DWORD (0x00000000)","EventReceivedTime":"2020-09-19 21:18:00","Opcode":"Info","EventTime":"2020-09-19 21:17:58","@timestamp":"2020-09-20T01:18:00.703Z","SourceModuleType":"im_msvistalog","port":64545,"AccountName":"SYSTEM","RecordNumber":1818854,"Task":13,"Domain":"NT AUTHORITY","@version":"1","OpcodeValue":0,"SourceModuleName":"eventlog","Severity":"INFO","SourceName":"Microsoft-Windows-Sysmon","Version":2,"Image":"C:\\windows\\System32\\svchost.exe","Category":"Registry value set (rule: RegistryEvent)","UtcTime":"2020-09-20 01:17:58.987","Hostname":"WORKSTATION5.theshire.local","RuleName":"-","tags":["mordorDataset"]}
{"Keywords":-9214364837600034816,"SeverityValue":2,"SubjectDomainName":"THESHIRE","EventID":4663,"ProviderGuid":"{54849625-5478-4994-A5BA-3E3B0328C30D}","ExecutionProcessID":4,"Channel":"Security","host":"wec.internal.cloudapp.net","SubjectUserSid":"S-1-5-20","ObjectType":"Key","EventReceivedTime":"2020-09-19 21:18:00","ThreadID":7796,"ProcessId":"0x14f8","EventType":"AUDIT_SUCCESS","Opcode":"Info","EventTime":"2020-09-19 21:17:58","Message":"An attempt was made to access an object.\r\n\r\nSubject:\r\n\tSecurity ID:\t\tS-1-5-20\r\n\tAccount Name:\t\tWORKSTATION5$\r\n\tAccount Domain:\t\tTHESHIRE\r\n\tLogon ID:\t\t0x3E4\r\n\r\nObject:\r\n\tObject Server:\t\tSecurity\r\n\tObject Type:\t\tKey\r\n\tObject Name:\t\t\\REGISTRY\\MACHINE\\SYSTEM\\ControlSet001\\Control\\Session Manager\\Environment\r\n\tHandle ID:\t\t0x4a0\r\n\tResource Attributes:\t-\r\n\r\nProcess Information:\r\n\tProcess ID:\t\t0x14f8\r\n\tProcess Name:\t\tC:\\Windows\\System32\\svchost.exe\r\n\r\nAccess Request Information:\r\n\tAccesses:\t\tQuery key value\r\n\t\t\t\t\r\n\tAccess Mask:\t\t0x1","@timestamp":"2020-09-20T01:18:00.703Z","ObjectServer":"Security","SubjectLogonId":"0x3e4","AccessMask":"0x1","port":64545,"ProcessName":"C:\\Windows\\System32\\svchost.exe","RecordNumber":466876,"SubjectUserName":"WORKSTATION5$","SourceModuleType":"im_msvistalog","Task":12801,"@version":"1","OpcodeValue":0,"SourceModuleName":"eventlog","Severity":"INFO","HandleId":"0x4a0","ObjectName":"\\REGISTRY\\MACHINE\\SYSTEM\\ControlSet001\\Control\\Session Manager\\Environment","SourceName":"Microsoft-Windows-Security-Auditing","Version":1,"AccessList":"%%4432\r\n\t\t\t\t","Category":"Registry","ResourceAttributes":"-","Hostname":"WORKSTATION5.theshire.local","tags":["mordorDataset"]}
{"Keywords":-9223372036854775808,"SeverityValue":2,"TargetObject":"HKU\\S-1-5-20\\Software\\Microsoft\\Windows\\CurrentVersion\\DeliveryOptimization\\Usage\\DownlinkBps","EventTypeOrignal":"INFO","EventID":13,"ProviderGuid":"{5770385F-C22A-43E0-BF4C-06F5698FFBD9}","ExecutionProcessID":9848,"host":"wec.internal.cloudapp.net","Channel":"Microsoft-Windows-Sysmon/Operational","UserID":"S-1-5-18","AccountType":"User","ThreadID":7976,"ProcessGuid":"{b34bc01c-8526-5f63-2103-000000000400}","Details":"DWORD (0x0001630b)","EventReceivedTime":"2020-09-19 21:18:00","Opcode":"Info","EventTime":"2020-09-19 21:17:58","@timestamp":"2020-09-20T01:18:00.704Z","SourceModuleType":"im_msvistalog","port":64545,"AccountName":"SYSTEM","RecordNumber":1818855,"Task":13,"Domain":"NT AUTHORITY","@version":"1","OpcodeValue":0,"SourceModuleName":"eventlog","Severity":"INFO","SourceName":"Microsoft-Windows-Sysmon","Version":2,"Image":"C:\\windows\\System32\\svchost.exe","Category":"Registry value set (rule: RegistryEvent)","UtcTime":"2020-09-20 01:17:58.987","Hostname":"WORKSTATION5.theshire.local","RuleName":"-","tags":["mordorDataset"]}
{"Keywords":-9214364837600034816,"SeverityValue":2,"SubjectDomainName":"THESHIRE","EventID":4658,"ProviderGuid":"{54849625-5478-4994-A5BA-3E3B0328C30D}","ExecutionProcessID":4,"Channel":"Security","host":"wec.internal.cloudapp.net","SubjectUserSid":"S-1-5-20","EventReceivedTime":"2020-09-19 21:18:00","ProcessId":"0x14f8","ThreadID":7796,"EventType":"AUDIT_SUCCESS","Opcode":"Info","EventTime":"2020-09-19 21:17:58","Message":"The handle to an object was closed.\r\n\r\nSubject :\r\n\tSecurity ID:\t\tS-1-5-20\r\n\tAccount Name:\t\tWORKSTATION5$\r\n\tAccount Domain:\t\tTHESHIRE\r\n\tLogon ID:\t\t0x3E4\r\n\r\nObject:\r\n\tObject Server:\t\tSecurity\r\n\tHandle ID:\t\t0x4a0\r\n\r\nProcess Information:\r\n\tProcess ID:\t\t0x14f8\r\n\tProcess Name:\t\tC:\\Windows\\System32\\svchost.exe","@timestamp":"2020-09-20T01:18:00.704Z","ObjectServer":"Security","SubjectLogonId":"0x3e4","SourceModuleType":"im_msvistalog","port":64545,"ProcessName":"C:\\Windows\\System32\\svchost.exe","RecordNumber":466877,"SubjectUserName":"WORKSTATION5$","Task":12801,"@version":"1","OpcodeValue":0,"SourceModuleName":"eventlog","Severity":"INFO","HandleId":"0x4a0","SourceName":"Microsoft-Windows-Security-Auditing","Version":0,"Category":"Registry","tags":["mordorDataset"],"Hostname":"WORKSTATION5.theshire.local"}
