{"Keywords":-9214364837600034816,"SeverityValue":2,"Application":"\\device\\harddiskvolume2\\windows\\system32\\svchost.exe","EventID":5158,"ProviderGuid":"{54849625-5478-4994-A5BA-3E3B0328C30D}","ExecutionProcessID":4,"Channel":"security","host":"wec.internal.cloudapp.net","EventReceivedTime":"2020-09-19 21:19:04","ProcessId":"3516","ThreadID":8604,"EventType":"AUDIT_SUCCESS","Opcode":"Info","EventTime":"2020-09-19 21:19:02","Message":"The Windows Filtering Platform has permitted a bind to a local port.\r\n\r\nApplication Information:\r\n\tProcess ID:\t\t3516\r\n\tApplication Name:\t\\device\\harddiskvolume2\\windows\\system32\\svchost.exe\r\n\r\nNetwork Information:\r\n\tSource Address:\t\t0.0.0.0\r\n\tSource Port:\t\t54111\r\n\tProtocol:\t\t6\r\n\r\nFilter Information:\r\n\tFilter Run-Time ID:\t0\r\n\tLayer Name:\t\tResource Assignment\r\n\tLayer Run-Time ID:\t36","FilterRTID":"0","@timestamp":"2020-09-20T01:19:04.373Z","LayerRTID":"36","SourceModuleType":"im_msvistalog","port":64545,"RecordNumber":616281,"Task":12810,"Protocol":"6","@version":"1","OpcodeValue":0,"SourcePort":"54111","SourceModuleName":"eventlog","Severity":"INFO","SourceName":"Microsoft-Windows-Security-Auditing","Version":0,"LayerName":"%%14608","Category":"Filtering Platform Connection","SourceAddress":"0.0.0.0","tags":["mordorDataset"],"Hostname":"WORKSTATION6.theshire.local"}
{"Keywords":-9214364837600034816,"SeverityValue":2,"Application":"\\device\\harddiskvolume2\\windows\\system32\\svchost.exe","EventID":5158,"ProviderGuid":"{54849625-5478-4994-A5BA-3E3B0328C30D}","ExecutionProcessID":4,"Channel":"security","host":"wec.internal.cloudapp.net","EventReceivedTime":"2020-09-19 21:19:04","ProcessId":"3516","ThreadID":8604,"EventType":"AUDIT_SUCCESS","Opcode":"Info","EventTime":"2020-09-19 21:19:02","Message":"The Windows Filtering Platform has permitted a bind to a local port.\r\n\r\nApplication Information:\r\n\tProcess ID:\t\t3516\r\n\tApplication Name:\t\\device\\harddiskvolume2\\windows\\system32\\svchost.exe\r\n\r\nNetwork Information:\r\n\tSource Address:\t\t0.0.0.0\r\n\tSource Port:\t\t54112\r\n\tProtocol:\t\t6\r\n\r\nFilter Information:\r\n\tFilter Run-Time ID:\t0\r\n\tLayer Name:\t\tResource Assignment\r\n\tLayer Run-Time ID:\t36","FilterRTID":"0","@timestamp":"2020-09-20T01:19:04.373Z","LayerRTID":"36","SourceModuleType":"im_msvistalog","port":64545,"RecordNumber":616283,"Task":12810,"Protocol":"6","@version":"1","OpcodeValue":0,"SourcePort":"54112","SourceModuleName":"eventlog","Severity":"INFO","SourceName":"Microsoft-Windows-Security-Auditing","Version":0,"LayerName":"%%14608","Category":"Filtering Platform Connection","SourceAddress":"0.0.0.0","tags":["mordorDataset"],"Hostname":"WORKSTATION6.theshire.local"}
{"Keywords":-9223372036854775808,"SeverityValue":2,"SourceImage":"C:\\windows\\system32\\svchost.exe","EventID":10,"ProviderGuid":"{5770385F-C22A-43E0-BF4C-06F5698FFBD9}","ExecutionProcessID":3392,"Channel":"Microsoft-Windows-Sysmon/Operational","host":"wec.internal.cloudapp.net","AccountType":"User","UserID":"S-1-5-18","SourceProcessGUID":"{d273d0f0-e867-5f64-1300-000000000800}","ThreadID":5552,"TargetImage":"C:\\windows\\System32\\svchost.exe","GrantedAccess":"0x1000","EventType":"INFO","Opcode":"Info","EventTime":"2020-09-19 21:19:03","EventReceivedTime":"2020-09-19 21:19:06","@timestamp":"2020-09-20T01:19:06.371Z","SourceModuleType":"im_msvistalog","port":64545,"AccountName":"SYSTEM","RecordNumber":2582113,"SourceProcessId":"428","SourceThreadId":"5864","Task":10,"Domain":"NT AUTHORITY","@version":"1","OpcodeValue":0,"SourceModuleName":"eventlog","TargetProcessGUID":"{d273d0f0-e899-5f64-9e00-000000000800}","Severity":"INFO","SourceName":"Microsoft-Windows-Sysmon","Version":3,"TargetProcessId":"6604","Category":"Process accessed (rule: ProcessAccess)","CallTrace":"C:\\windows\\SYSTEM32\\ntdll.dll+9c534|C:\\windows\\System32\\KERNELBASE.dll+6aec5|c:\\windows\\system32\\lsm.dll+1184f|c:\\windows\\system32\\lsm.dll+1172e|C:\\windows\\System32\\RPCRT4.dll+76a53|C:\\windows\\System32\\RPCRT4.dll+da036|C:\\windows\\System32\\RPCRT4.dll+37b1c|C:\\windows\\System32\\RPCRT4.dll+54998|C:\\windows\\System32\\RPCRT4.dll+2c951|C:\\windows\\System32\\RPCRT4.dll+2c20b|C:\\windows\\System32\\RPCRT4.dll+1a86f|C:\\windows\\System32\\RPCRT4.dll+19d1a|C:\\windows\\System32\\RPCRT4.dll+19301|C:\\windows\\System32\\RPCRT4.dll+18d6e|C:\\windows\\System32\\RPCRT4.dll+169a5|C:\\windows\\SYSTEM32\\ntdll.dll+333ed|C:\\windows\\SYSTEM32\\ntdll.dll+34142|C:\\windows\\System32\\KERNEL32.DLL+17bd4|C:\\windows\\SYSTEM32\\ntdll.dll+6ce51","UtcTime":"2020-09-20 01:19:03.568","Hostname":"WORKSTATION6.theshire.local","RuleName":"-","tags":["mordorDataset"]}
{"Keywords":-9214364837600034816,"SeverityValue":2,"Application":"\\device\\harddiskvolume2\\windows\\system32\\svchost.exe","EventID":5158,"ProviderGuid":"{54849625-5478-4994-A5BA-3E3B0328C30D}","ExecutionProcessID":4,"Channel":"security","host":"wec.internal.cloudapp.net","EventReceivedTime":"2020-09-19 21:19:06","ProcessId":"3516","ThreadID":8748,"EventType":"AUDIT_SUCCESS","Opcode":"Info","EventTime":"2020-09-19 21:19:03","Message":"The Windows Filtering Platform has permitted a bind to a local port.\r\n\r\nApplication Information:\r\n\tProcess ID:\t\t3516\r\n\tApplication Name:\t\\device\\harddiskvolume2\\windows\\system32\\svchost.exe\r\n\r\nNetwork Information:\r\n\tSource Address:\t\t0.0.0.0\r\n\tSource Port:\t\t54113\r\n\tProtocol:\t\t6\r\n\r\nFilter Information:\r\n\tFilter Run-Time ID:\t0\r\n\tLayer Name:\t\tResource Assignment\r\n\tLayer Run-Time ID:\t36","FilterRTID":"0","@timestamp":"2020-09-20T01:19:06.371Z","LayerRTID":"36","SourceModuleType":"im_msvistalog","port":64545,"RecordNumber":616285,"Task":12810,"Protocol":"6","@version":"1","OpcodeValue":0,"SourcePort":"54113","SourceModuleName":"eventlog","Severity":"INFO","SourceName":"Microsoft-Windows-Security-Auditing","Version":0,"LayerName":"%%14608","Category":"Filtering Platform Connection","SourceAddress":"0.0.0.0","tags":["mordorDataset"],"Hostname":"WORKSTATION6.theshire.local"}
{"Keywords":-9214364837600034816,"SeverityValue":2,"Application":"\\device\\harddiskvolume2\\windows\\system32\\svchost.exe","EventID":5158,"ProviderGuid":"{54849625-5478-4994-A5BA-3E3B0328C30D}","ExecutionProcessID":4,"Channel":"security","host":"wec.internal.cloudapp.net","EventReceivedTime":"2020-09-19 21:19:06","ProcessId":"3516","ThreadID":8748,"EventType":"AUDIT_SUCCESS","Opcode":"Info","EventTime":"2020-09-19 21:19:03","Message":"The Windows Filtering Platform has permitted a bind to a local port.\r\n\r\nApplication Information:\r\n\tProcess ID:\t\t3516\r\n\tApplication Name:\t\\device\\harddiskvolume2\\windows\\system32\\svchost.exe\r\n\r\nNetwork Information:\r\n\tSource Address:\t\t0.0.0.0\r\n\tSource Port:\t\t54114\r\n\tProtocol:\t\t6\r\n\r\nFilter Information:\r\n\tFilter Run-Time ID:\t0\r\n\tLayer Name:\t\tResource Assignment\r\n\tLayer Run-Time ID:\t36","FilterRTID":"0","@timestamp":"2020-09-20T01:19:06.371Z","LayerRTID":"36","SourceModuleType":"im_msvistalog","port":64545,"RecordNumber":616287,"Task":12810,"Protocol":"6","@version":"1","OpcodeValue":0,"SourcePort":"54114","SourceModuleName":"eventlog","Severity":"INFO","SourceName":"Microsoft-Windows-Security-Auditing","Version":0,"LayerName":"%%14608","Category":"Filtering Platform Connection","SourceAddress":"0.0.0.0","tags":["mordorDataset"],"Hostname":"WORKSTATION6.theshire.local"}
{"Keywords":-9223372036854775808,"SeverityValue":2,"TargetObject":"HKU\\.DEFAULT\\Software\\Microsoft\\Office\\16.0\\Common\\ClientTelemetry\\RulesMetadata\\officeclicktorun.exe","EventTypeOrignal":"INFO","EventID":12,"ProviderGuid":"{5770385F-C22A-43E0-BF4C-06F5698FFBD9}","ExecutionProcessID":3392,"host":"wec.internal.cloudapp.net","Channel":"Microsoft-Windows-Sysmon/Operational","UserID":"S-1-5-18","AccountType":"User","ThreadID":5552,"ProcessGuid":"{d273d0f0-e875-5f64-4600-000000000800}","EventReceivedTime":"2020-09-19 21:19:07","Opcode":"Info","EventTime":"2020-09-19 21:19:04","@timestamp":"2020-09-20T01:19:07.376Z","SourceModuleType":"im_msvistalog","port":64545,"AccountName":"SYSTEM","RecordNumber":2582114,"Task":12,"Domain":"NT AUTHORITY","@version":"1","OpcodeValue":0,"SourceModuleName":"eventlog","Severity":"INFO","SourceName":"Microsoft-Windows-Sysmon","Version":2,"Image":"C:\\Program Files\\Common Files\\Microsoft Shared\\ClickToRun\\OfficeClickToRun.exe","Category":"Registry object added or deleted (rule: RegistryEvent)","UtcTime":"2020-09-20 01:19:04.876","Hostname":"WORKSTATION6.theshire.local","RuleName":"-","tags":["mordorDataset"]}
{"Keywords":-9223372036854775808,"SeverityValue":2,"TargetObject":"HKU\\.DEFAULT\\Software\\Microsoft\\Office\\16.0\\Common\\ClientTelemetry\\RulesMetadata\\officeclicktorun.exe\\ULSMonitor","EventTypeOrignal":"INFO","EventID":12,"ProviderGuid":"{5770385F-C22A-43E0-BF4C-06F5698FFBD9}","ExecutionProcessID":3392,"host":"wec.internal.cloudapp.net","Channel":"Microsoft-Windows-Sysmon/Operational","UserID":"S-1-5-18","AccountType":"User","ThreadID":5552,"ProcessGuid":"{d273d0f0-e875-5f64-4600-000000000800}","EventReceivedTime":"2020-09-19 21:19:07","Opcode":"Info","EventTime":"2020-09-19 21:19:04","@timestamp":"2020-09-20T01:19:07.377Z","SourceModuleType":"im_msvistalog","port":64545,"AccountName":"SYSTEM","RecordNumber":2582115,"Task":12,"Domain":"NT AUTHORITY","@version":"1","OpcodeValue":0,"SourceModuleName":"eventlog","Severity":"INFO","SourceName":"Microsoft-Windows-Sysmon","Version":2,"Image":"C:\\Program Files\\Common Files\\Microsoft Shared\\ClickToRun\\OfficeClickToRun.exe","Category":"Registry object added or deleted (rule: RegistryEvent)","UtcTime":"2020-09-20 01:19:04.876","Hostname":"WORKSTATION6.theshire.local","RuleName":"-","tags":["mordorDataset"]}
{"Keywords":-9223372036854775808,"SeverityValue":2,"TargetObject":"HKU\\.DEFAULT\\Software\\Microsoft\\Office\\16.0\\Common\\ClientTelemetry\\RulesMetadata\\officeclicktorun.exe","EventTypeOrignal":"INFO","EventID":12,"ProviderGuid":"{5770385F-C22A-43E0-BF4C-06F5698FFBD9}","ExecutionProcessID":3392,"host":"wec.internal.cloudapp.net","Channel":"Microsoft-Windows-Sysmon/Operational","UserID":"S-1-5-18","AccountType":"User","ThreadID":5552,"ProcessGuid":"{d273d0f0-e875-5f64-4600-000000000800}","EventReceivedTime":"2020-09-19 21:19:07","Opcode":"Info","EventTime":"2020-09-19 21:19:04","@timestamp":"2020-09-20T01:19:07.377Z","SourceModuleType":"im_msvistalog","port":64545,"AccountName":"SYSTEM","RecordNumber":2582116,"Task":12,"Domain":"NT AUTHORITY","@version":"1","OpcodeValue":0,"SourceModuleName":"eventlog","Severity":"INFO","SourceName":"Microsoft-Windows-Sysmon","Version":2,"Image":"C:\\Program Files\\Common Files\\Microsoft Shared\\ClickToRun\\OfficeClickToRun.exe","Category":"Registry object added or deleted (rule: RegistryEvent)","UtcTime":"2020-09-20 01:19:04.876","Hostname":"WORKSTATION6.theshire.local","RuleName":"-","tags":["mordorDataset"]}
{"Keywords":-9223372036854775808,"SeverityValue":2,"TargetObject":"HKU\\.DEFAULT\\Software\\Microsoft\\Office\\16.0","EventTypeOrignal":"INFO","EventID":12,"ProviderGuid":"{5770385F-C22A-43E0-BF4C-06F5698FFBD9}","ExecutionProcessID":3392,"host":"wec.internal.cloudapp.net","Channel":"Microsoft-Windows-Sysmon/Operational","UserID":"S-1-5-18","AccountType":"User","ThreadID":5552,"ProcessGuid":"{d273d0f0-e875-5f64-4600-000000000800}","EventReceivedTime":"2020-09-19 21:19:07","Opcode":"Info","EventTime":"2020-09-19 21:19:04","@timestamp":"2020-09-20T01:19:07.378Z","SourceModuleType":"im_msvistalog","port":64545,"AccountName":"SYSTEM","RecordNumber":2582117,"Task":12,"Domain":"NT AUTHORITY","@version":"1","OpcodeValue":0,"SourceModuleName":"eventlog","Severity":"INFO","SourceName":"Microsoft-Windows-Sysmon","Version":2,"Image":"C:\\Program Files\\Common Files\\Microsoft Shared\\ClickToRun\\OfficeClickToRun.exe","Category":"Registry object added or deleted (rule: RegistryEvent)","UtcTime":"2020-09-20 01:19:04.876","Hostname":"WORKSTATION6.theshire.local","RuleName":"-","tags":["mordorDataset"]}
{"Keywords":-9223372036854775808,"SeverityValue":2,"TargetObject":"HKU\\.DEFAULT\\Software\\Microsoft\\Office\\16.0\\Common","EventTypeOrignal":"INFO","EventID":12,"ProviderGuid":"{5770385F-C22A-43E0-BF4C-06F5698FFBD9}","ExecutionProcessID":3392,"host":"wec.internal.cloudapp.net","Channel":"Microsoft-Windows-Sysmon/Operational","UserID":"S-1-5-18","AccountType":"User","ThreadID":5552,"ProcessGuid":"{d273d0f0-e875-5f64-4600-000000000800}","EventReceivedTime":"2020-09-19 21:19:07","Opcode":"Info","EventTime":"2020-09-19 21:19:04","@timestamp":"2020-09-20T01:19:07.378Z","SourceModuleType":"im_msvistalog","port":64545,"AccountName":"SYSTEM","RecordNumber":2582118,"Task":12,"Domain":"NT AUTHORITY","@version":"1","OpcodeValue":0,"SourceModuleName":"eventlog","Severity":"INFO","SourceName":"Microsoft-Windows-Sysmon","Version":2,"Image":"C:\\Program Files\\Common Files\\Microsoft Shared\\ClickToRun\\OfficeClickToRun.exe","Category":"Registry object added or deleted (rule: RegistryEvent)","UtcTime":"2020-09-20 01:19:04.876","Hostname":"WORKSTATION6.theshire.local","RuleName":"-","tags":["mordorDataset"]}
{"Keywords":-9223372036854775808,"SeverityValue":2,"TargetObject":"HKU\\.DEFAULT\\Software\\Microsoft\\Office\\16.0\\Common\\ClientTelemetry","EventTypeOrignal":"INFO","EventID":12,"ProviderGuid":"{5770385F-C22A-43E0-BF4C-06F5698FFBD9}","ExecutionProcessID":3392,"host":"wec.internal.cloudapp.net","Channel":"Microsoft-Windows-Sysmon/Operational","UserID":"S-1-5-18","AccountType":"User","ThreadID":5552,"ProcessGuid":"{d273d0f0-e875-5f64-4600-000000000800}","EventReceivedTime":"2020-09-19 21:19:07","Opcode":"Info","EventTime":"2020-09-19 21:19:04","@timestamp":"2020-09-20T01:19:07.379Z","SourceModuleType":"im_msvistalog","port":64545,"AccountName":"SYSTEM","RecordNumber":2582119,"Task":12,"Domain":"NT AUTHORITY","@version":"1","OpcodeValue":0,"SourceModuleName":"eventlog","Severity":"INFO","SourceName":"Microsoft-Windows-Sysmon","Version":2,"Image":"C:\\Program Files\\Common Files\\Microsoft Shared\\ClickToRun\\OfficeClickToRun.exe","Category":"Registry object added or deleted (rule: RegistryEvent)","UtcTime":"2020-09-20 01:19:04.876","Hostname":"WORKSTATION6.theshire.local","RuleName":"-","tags":["mordorDataset"]}
{"Keywords":-9223372036854775808,"SeverityValue":2,"TargetObject":"HKU\\.DEFAULT\\Software\\Microsoft\\Office\\16.0\\Common\\ClientTelemetry\\RulesMetadata","EventTypeOrignal":"INFO","EventID":12,"ProviderGuid":"{5770385F-C22A-43E0-BF4C-06F5698FFBD9}","ExecutionProcessID":3392,"host":"wec.internal.cloudapp.net","Channel":"Microsoft-Windows-Sysmon/Operational","UserID":"S-1-5-18","AccountType":"User","ThreadID":5552,"ProcessGuid":"{d273d0f0-e875-5f64-4600-000000000800}","EventReceivedTime":"2020-09-19 21:19:07","Opcode":"Info","EventTime":"2020-09-19 21:19:04","@timestamp":"2020-09-20T01:19:07.379Z","SourceModuleType":"im_msvistalog","port":64545,"AccountName":"SYSTEM","RecordNumber":2582120,"Task":12,"Domain":"NT AUTHORITY","@version":"1","OpcodeValue":0,"SourceModuleName":"eventlog","Severity":"INFO","SourceName":"Microsoft-Windows-Sysmon","Version":2,"Image":"C:\\Program Files\\Common Files\\Microsoft Shared\\ClickToRun\\OfficeClickToRun.exe","Category":"Registry object added or deleted (rule: RegistryEvent)","UtcTime":"2020-09-20 01:19:04.876","Hostname":"WORKSTATION6.theshire.local","RuleName":"-","tags":["mordorDataset"]}
{"Keywords":-9223372036854775808,"SeverityValue":2,"TargetObject":"HKU\\.DEFAULT\\Software\\Microsoft\\Office\\16.0\\Common\\ClientTelemetry\\RulesMetadata\\officeclicktorun.exe","EventTypeOrignal":"INFO","EventID":12,"ProviderGuid":"{5770385F-C22A-43E0-BF4C-06F5698FFBD9}","ExecutionProcessID":3392,"host":"wec.internal.cloudapp.net","Channel":"Microsoft-Windows-Sysmon/Operational","UserID":"S-1-5-18","AccountType":"User","ThreadID":5552,"ProcessGuid":"{d273d0f0-e875-5f64-4600-000000000800}","EventReceivedTime":"2020-09-19 21:19:07","Opcode":"Info","EventTime":"2020-09-19 21:19:04","@timestamp":"2020-09-20T01:19:07.380Z","SourceModuleType":"im_msvistalog","port":64545,"AccountName":"SYSTEM","RecordNumber":2582121,"Task":12,"Domain":"NT AUTHORITY","@version":"1","OpcodeValue":0,"SourceModuleName":"eventlog","Severity":"INFO","SourceName":"Microsoft-Windows-Sysmon","Version":2,"Image":"C:\\Program Files\\Common Files\\Microsoft Shared\\ClickToRun\\OfficeClickToRun.exe","Category":"Registry object added or deleted (rule: RegistryEvent)","UtcTime":"2020-09-20 01:19:04.876","Hostname":"WORKSTATION6.theshire.local","RuleName":"-","tags":["mordorDataset"]}
{"Keywords":-9223372036854775808,"SeverityValue":2,"TargetObject":"HKU\\.DEFAULT\\Software\\Microsoft\\Office\\16.0\\Common\\ClientTelemetry\\RulesMetadata\\officeclicktorun.exe\\ULSMonitor","EventTypeOrignal":"INFO","EventID":12,"ProviderGuid":"{5770385F-C22A-43E0-BF4C-06F5698FFBD9}","ExecutionProcessID":3392,"host":"wec.internal.cloudapp.net","Channel":"Microsoft-Windows-Sysmon/Operational","UserID":"S-1-5-18","AccountType":"User","ThreadID":5552,"ProcessGuid":"{d273d0f0-e875-5f64-4600-000000000800}","EventReceivedTime":"2020-09-19 21:19:07","Opcode":"Info","EventTime":"2020-09-19 21:19:04","@timestamp":"2020-09-20T01:19:07.381Z","SourceModuleType":"im_msvistalog","port":64545,"AccountName":"SYSTEM","RecordNumber":2582122,"Task":12,"Domain":"NT AUTHORITY","@version":"1","OpcodeValue":0,"SourceModuleName":"eventlog","Severity":"INFO","SourceName":"Microsoft-Windows-Sysmon","Version":2,"Image":"C:\\Program Files\\Common Files\\Microsoft Shared\\ClickToRun\\OfficeClickToRun.exe","Category":"Registry object added or deleted (rule: RegistryEvent)","UtcTime":"2020-09-20 01:19:04.876","Hostname":"WORKSTATION6.theshire.local","RuleName":"-","tags":["mordorDataset"]}
{"Keywords":-9223372036854775808,"SeverityValue":2,"TargetObject":"HKU\\.DEFAULT\\Software\\Microsoft\\Office\\16.0\\Common\\ClientTelemetry\\RulesMetadata\\officeclicktorun.exe\\ULSMonitor\\ULSTagIds0","EventTypeOrignal":"INFO","EventID":13,"ProviderGuid":"{5770385F-C22A-43E0-BF4C-06F5698FFBD9}","ExecutionProcessID":3392,"host":"wec.internal.cloudapp.net","Channel":"Microsoft-Windows-Sysmon/Operational","UserID":"S-1-5-18","AccountType":"User","ThreadID":5552,"ProcessGuid":"{d273d0f0-e875-5f64-4600-000000000800}","Details":"5804129,17110992,7202269,17110988,7153487,39965824,17962391,17962392,3462423,3702920,3700754,3965062,4297094,7153421,18716193,7153435,7202265,20502174,6308191,18407617,41484365,17102418,595174594,593359442","EventReceivedTime":"2020-09-19 21:19:07","Opcode":"Info","EventTime":"2020-09-19 21:19:04","@timestamp":"2020-09-20T01:19:07.381Z","SourceModuleType":"im_msvistalog","port":64545,"AccountName":"SYSTEM","RecordNumber":2582123,"Task":13,"Domain":"NT AUTHORITY","@version":"1","OpcodeValue":0,"SourceModuleName":"eventlog","Severity":"INFO","SourceName":"Microsoft-Windows-Sysmon","Version":2,"Image":"C:\\Program Files\\Common Files\\Microsoft Shared\\ClickToRun\\OfficeClickToRun.exe","Category":"Registry value set (rule: RegistryEvent)","UtcTime":"2020-09-20 01:19:04.876","Hostname":"WORKSTATION6.theshire.local","RuleName":"-","tags":["mordorDataset"]}
{"Keywords":-9223372036854775808,"SeverityValue":2,"TargetObject":"HKU\\.DEFAULT\\Software\\Microsoft\\Office\\16.0\\Common\\ClientTelemetry\\RulesMetadata\\officeclicktorun.exe\\ULSMonitor\\ULSCategoriesSeverities","EventTypeOrignal":"INFO","EventID":13,"ProviderGuid":"{5770385F-C22A-43E0-BF4C-06F5698FFBD9}","ExecutionProcessID":3392,"host":"wec.internal.cloudapp.net","Channel":"Microsoft-Windows-Sysmon/Operational","UserID":"S-1-5-18","AccountType":"User","ThreadID":5552,"ProcessGuid":"{d273d0f0-e875-5f64-4600-000000000800}","Details":"1329 50,1329 10,941 10,1329 15,941 15,1329 100,941 6,1329 6","EventReceivedTime":"2020-09-19 21:19:07","Opcode":"Info","EventTime":"2020-09-19 21:19:04","@timestamp":"2020-09-20T01:19:07.381Z","SourceModuleType":"im_msvistalog","port":64545,"AccountName":"SYSTEM","RecordNumber":2582124,"Task":13,"Domain":"NT AUTHORITY","@version":"1","OpcodeValue":0,"SourceModuleName":"eventlog","Severity":"INFO","SourceName":"Microsoft-Windows-Sysmon","Version":2,"Image":"C:\\Program Files\\Common Files\\Microsoft Shared\\ClickToRun\\OfficeClickToRun.exe","Category":"Registry value set (rule: RegistryEvent)","UtcTime":"2020-09-20 01:19:04.876","Hostname":"WORKSTATION6.theshire.local","RuleName":"-","tags":["mordorDataset"]}
{"Keywords":-9214364837600034816,"SeverityValue":2,"Application":"\\device\\harddiskvolume2\\windowsazure\\guestagent_2.7.41491.993_2020-09-17_150607\\guestagent\\windowsazureguestagent.exe","EventID":5158,"ProviderGuid":"{54849625-5478-4994-A5BA-3E3B0328C30D}","ExecutionProcessID":4,"Channel":"Security","host":"wec.internal.cloudapp.net","EventReceivedTime":"2020-09-19 21:19:07","ProcessId":"3596","ThreadID":5912,"EventType":"AUDIT_SUCCESS","Opcode":"Info","EventTime":"2020-09-19 21:19:04","Message":"The Windows Filtering Platform has permitted a bind to a local port.\r\n\r\nApplication Information:\r\n\tProcess ID:\t\t3596\r\n\tApplication Name:\t\\device\\harddiskvolume2\\windowsazure\\guestagent_2.7.41491.993_2020-09-17_150607\\guestagent\\windowsazureguestagent.exe\r\n\r\nNetwork Information:\r\n\tSource Address:\t\t0.0.0.0\r\n\tSource Port:\t\t58262\r\n\tProtocol:\t\t6\r\n\r\nFilter Information:\r\n\tFilter Run-Time ID:\t0\r\n\tLayer Name:\t\tResource Assignment\r\n\tLayer Run-Time ID:\t36","FilterRTID":"0","@timestamp":"2020-09-20T01:19:07.382Z","LayerRTID":"36","SourceModuleType":"im_msvistalog","port":64545,"RecordNumber":1103214,"Task":12810,"Protocol":"6","@version":"1","OpcodeValue":0,"SourcePort":"58262","SourceModuleName":"eventlog","Severity":"INFO","SourceName":"Microsoft-Windows-Security-Auditing","Version":0,"LayerName":"%%14608","Category":"Filtering Platform Connection","SourceAddress":"0.0.0.0","tags":["mordorDataset"],"Hostname":"MORDORDC.theshire.local"}
{"Keywords":-9214364837600034816,"SeverityValue":2,"Application":"\\device\\harddiskvolume2\\windowsazure\\guestagent_2.7.41491.993_2020-09-17_150607\\guestagent\\windowsazureguestagent.exe","EventID":5156,"ProviderGuid":"{54849625-5478-4994-A5BA-3E3B0328C30D}","ExecutionProcessID":4,"Channel":"Security","host":"wec.internal.cloudapp.net","EventReceivedTime":"2020-09-19 21:19:07","ProcessId":"3596","ThreadID":5912,"EventType":"AUDIT_SUCCESS","Opcode":"Info","EventTime":"2020-09-19 21:19:04","Message":"The Windows Filtering Platform has permitted a connection.\r\n\r\nApplication Information:\r\n\tProcess ID:\t\t3596\r\n\tApplication Name:\t\\device\\harddiskvolume2\\windowsazure\\guestagent_2.7.41491.993_2020-09-17_150607\\guestagent\\windowsazureguestagent.exe\r\n\r\nNetwork Information:\r\n\tDirection:\t\tOutbound\r\n\tSource Address:\t\t172.18.38.5\r\n\tSource Port:\t\t58262\r\n\tDestination Address:\t168.63.129.16\r\n\tDestination Port:\t\t80\r\n\tProtocol:\t\t6\r\n\r\nFilter Information:\r\n\tFilter Run-Time ID:\t71130\r\n\tLayer Name:\t\tConnect\r\n\tLayer Run-Time ID:\t48","FilterRTID":"71130","RemoteUserID":"S-1-0-0","@timestamp":"2020-09-20T01:19:07.382Z","LayerRTID":"48","SourceModuleType":"im_msvistalog","port":64545,"RecordNumber":1103215,"Task":12810,"Direction":"%%14593","@version":"1","OpcodeValue":0,"SourcePort":"58262","DestPort":"80","Protocol":"6","SourceModuleName":"eventlog","Severity":"INFO","DestAddress":"168.63.129.16","SourceName":"Microsoft-Windows-Security-Auditing","Version":1,"LayerName":"%%14611","RemoteMachineID":"S-1-0-0","Category":"Filtering Platform Connection","SourceAddress":"172.18.38.5","tags":["mordorDataset"],"Hostname":"MORDORDC.theshire.local"}
{"Keywords":-9214364837600034816,"SeverityValue":2,"Application":"\\device\\harddiskvolume2\\windows\\system32\\svchost.exe","EventID":5158,"ProviderGuid":"{54849625-5478-4994-A5BA-3E3B0328C30D}","ExecutionProcessID":4,"Channel":"security","host":"wec.internal.cloudapp.net","EventReceivedTime":"2020-09-19 21:19:07","ProcessId":"3516","ThreadID":8748,"EventType":"AUDIT_SUCCESS","Opcode":"Info","EventTime":"2020-09-19 21:19:05","Message":"The Windows Filtering Platform has permitted a bind to a local port.\r\n\r\nApplication Information:\r\n\tProcess ID:\t\t3516\r\n\tApplication Name:\t\\device\\harddiskvolume2\\windows\\system32\\svchost.exe\r\n\r\nNetwork Information:\r\n\tSource Address:\t\t0.0.0.0\r\n\tSource Port:\t\t54115\r\n\tProtocol:\t\t6\r\n\r\nFilter Information:\r\n\tFilter Run-Time ID:\t0\r\n\tLayer Name:\t\tResource Assignment\r\n\tLayer Run-Time ID:\t36","FilterRTID":"0","@timestamp":"2020-09-20T01:19:07.382Z","LayerRTID":"36","SourceModuleType":"im_msvistalog","port":64545,"RecordNumber":616289,"Task":12810,"Protocol":"6","@version":"1","OpcodeValue":0,"SourcePort":"54115","SourceModuleName":"eventlog","Severity":"INFO","SourceName":"Microsoft-Windows-Security-Auditing","Version":0,"LayerName":"%%14608","Category":"Filtering Platform Connection","SourceAddress":"0.0.0.0","tags":["mordorDataset"],"Hostname":"WORKSTATION6.theshire.local"}
{"Keywords":-9214364837600034816,"SeverityValue":2,"Application":"\\device\\harddiskvolume2\\windows\\system32\\svchost.exe","EventID":5158,"ProviderGuid":"{54849625-5478-4994-A5BA-3E3B0328C30D}","ExecutionProcessID":4,"Channel":"security","host":"wec.internal.cloudapp.net","EventReceivedTime":"2020-09-19 21:19:07","ProcessId":"3516","ThreadID":8748,"EventType":"AUDIT_SUCCESS","Opcode":"Info","EventTime":"2020-09-19 21:19:05","Message":"The Windows Filtering Platform has permitted a bind to a local port.\r\n\r\nApplication Information:\r\n\tProcess ID:\t\t3516\r\n\tApplication Name:\t\\device\\harddiskvolume2\\windows\\system32\\svchost.exe\r\n\r\nNetwork Information:\r\n\tSource Address:\t\t0.0.0.0\r\n\tSource Port:\t\t54116\r\n\tProtocol:\t\t6\r\n\r\nFilter Information:\r\n\tFilter Run-Time ID:\t0\r\n\tLayer Name:\t\tResource Assignment\r\n\tLayer Run-Time ID:\t36","FilterRTID":"0","@timestamp":"2020-09-20T01:19:07.383Z","LayerRTID":"36","SourceModuleType":"im_msvistalog","port":64545,"RecordNumber":616291,"Task":12810,"Protocol":"6","@version":"1","OpcodeValue":0,"SourcePort":"54116","SourceModuleName":"eventlog","Severity":"INFO","SourceName":"Microsoft-Windows-Security-Auditing","Version":0,"LayerName":"%%14608","Category":"Filtering Platform Connection","SourceAddress":"0.0.0.0","tags":["mordorDataset"],"Hostname":"WORKSTATION6.theshire.local"}
{"Keywords":-9214364837600034816,"SeverityValue":2,"Application":"\\device\\harddiskvolume2\\windowsazure\\guestagent_2.7.41491.993_2020-09-17_150914\\guestagent\\windowsazureguestagent.exe","EventID":5158,"ProviderGuid":"{54849625-5478-4994-A5BA-3E3B0328C30D}","ExecutionProcessID":4,"Channel":"Security","host":"wec.internal.cloudapp.net","EventReceivedTime":"2020-09-19 21:19:09","ProcessId":"3192","ThreadID":6668,"EventType":"AUDIT_SUCCESS","Opcode":"Info","EventTime":"2020-09-19 21:19:07","Message":"The Windows Filtering Platform has permitted a bind to a local port.\r\n\r\nApplication Information:\r\n\tProcess ID:\t\t3192\r\n\tApplication Name:\t\\device\\harddiskvolume2\\windowsazure\\guestagent_2.7.41491.993_2020-09-17_150914\\guestagent\\windowsazureguestagent.exe\r\n\r\nNetwork Information:\r\n\tSource Address:\t\t0.0.0.0\r\n\tSource Port:\t\t63109\r\n\tProtocol:\t\t6\r\n\r\nFilter Information:\r\n\tFilter Run-Time ID:\t0\r\n\tLayer Name:\t\tResource Assignment\r\n\tLayer Run-Time ID:\t36","FilterRTID":"0","@timestamp":"2020-09-20T01:19:09.399Z","LayerRTID":"36","SourceModuleType":"im_msvistalog","port":64545,"RecordNumber":467005,"Task":12810,"Protocol":"6","@version":"1","OpcodeValue":0,"SourcePort":"63109","SourceModuleName":"eventlog","Severity":"INFO","SourceName":"Microsoft-Windows-Security-Auditing","Version":0,"LayerName":"%%14608","Category":"Filtering Platform Connection","SourceAddress":"0.0.0.0","tags":["mordorDataset"],"Hostname":"WORKSTATION5.theshire.local"}
{"Keywords":-9214364837600034816,"SeverityValue":2,"Application":"\\device\\harddiskvolume2\\windowsazure\\guestagent_2.7.41491.993_2020-09-17_150914\\guestagent\\windowsazureguestagent.exe","EventID":5156,"ProviderGuid":"{54849625-5478-4994-A5BA-3E3B0328C30D}","ExecutionProcessID":4,"Channel":"Security","host":"wec.internal.cloudapp.net","EventReceivedTime":"2020-09-19 21:19:09","ProcessId":"3192","ThreadID":6668,"EventType":"AUDIT_SUCCESS","Opcode":"Info","EventTime":"2020-09-19 21:19:07","Message":"The Windows Filtering Platform has permitted a connection.\r\n\r\nApplication Information:\r\n\tProcess ID:\t\t3192\r\n\tApplication Name:\t\\device\\harddiskvolume2\\windowsazure\\guestagent_2.7.41491.993_2020-09-17_150914\\guestagent\\windowsazureguestagent.exe\r\n\r\nNetwork Information:\r\n\tDirection:\t\tOutbound\r\n\tSource Address:\t\t172.18.39.5\r\n\tSource Port:\t\t63109\r\n\tDestination Address:\t168.63.129.16\r\n\tDestination Port:\t\t80\r\n\tProtocol:\t\t6\r\n\r\nFilter Information:\r\n\tFilter Run-Time ID:\t71992\r\n\tLayer Name:\t\tConnect\r\n\tLayer Run-Time ID:\t48","FilterRTID":"71992","RemoteUserID":"S-1-0-0","@timestamp":"2020-09-20T01:19:09.399Z","LayerRTID":"48","SourceModuleType":"im_msvistalog","port":64545,"RecordNumber":467006,"Task":12810,"Direction":"%%14593","@version":"1","OpcodeValue":0,"SourcePort":"63109","DestPort":"80","Protocol":"6","SourceModuleName":"eventlog","Severity":"INFO","DestAddress":"168.63.129.16","SourceName":"Microsoft-Windows-Security-Auditing","Version":1,"LayerName":"%%14611","RemoteMachineID":"S-1-0-0","Category":"Filtering Platform Connection","SourceAddress":"172.18.39.5","tags":["mordorDataset"],"Hostname":"WORKSTATION5.theshire.local"}
{"Keywords":-9214364837600034816,"SeverityValue":2,"EventReceivedTime":"2020-09-19 21:19:09","EventID":4634,"ProviderGuid":"{54849625-5478-4994-A5BA-3E3B0328C30D}","ExecutionProcessID":696,"Channel":"Security","host":"wec.internal.cloudapp.net","TargetLogonId":"0x3d30646","LogonType":"3","ThreadID":6500,"EventType":"AUDIT_SUCCESS","Opcode":"Info","EventTime":"2020-09-19 21:19:07","Message":"An account was logged off.\r\n\r\nSubject:\r\n\tSecurity ID:\t\tS-1-5-21-4228717743-1032521047-1810997296-1113\r\n\tAccount Name:\t\tWORKSTATION6$\r\n\tAccount Domain:\t\tTHESHIRE\r\n\tLogon ID:\t\t0x3D30646\r\n\r\nLogon Type:\t\t\t3\r\n\r\nThis event is generated when a logon session is destroyed. It may be positively correlated with a logon event using the Logon ID value. Logon IDs are only unique between reboots on the same computer.","@timestamp":"2020-09-20T01:19:09.400Z","SourceModuleType":"im_msvistalog","port":64545,"RecordNumber":1103216,"Task":12545,"@version":"1","OpcodeValue":0,"SourceModuleName":"eventlog","Severity":"INFO","SourceName":"Microsoft-Windows-Security-Auditing","Version":0,"Category":"Logoff","TargetUserName":"WORKSTATION6$","TargetUserSid":"S-1-5-21-4228717743-1032521047-1810997296-1113","Hostname":"MORDORDC.theshire.local","TargetDomainName":"THESHIRE","tags":["mordorDataset"]}
{"Keywords":-9223372036854775808,"SeverityValue":2,"SourceImage":"C:\\windows\\system32\\svchost.exe","EventID":10,"ProviderGuid":"{5770385F-C22A-43E0-BF4C-06F5698FFBD9}","ExecutionProcessID":3392,"Channel":"Microsoft-Windows-Sysmon/Operational","host":"wec.internal.cloudapp.net","AccountType":"User","UserID":"S-1-5-18","SourceProcessGUID":"{d273d0f0-e867-5f64-1300-000000000800}","ThreadID":5552,"TargetImage":"C:\\windows\\System32\\svchost.exe","GrantedAccess":"0x1000","EventType":"INFO","Opcode":"Info","EventTime":"2020-09-19 21:19:08","EventReceivedTime":"2020-09-19 21:19:11","@timestamp":"2020-09-20T01:19:11.399Z","SourceModuleType":"im_msvistalog","port":64545,"AccountName":"SYSTEM","RecordNumber":2582125,"SourceProcessId":"428","SourceThreadId":"5864","Task":10,"Domain":"NT AUTHORITY","@version":"1","OpcodeValue":0,"SourceModuleName":"eventlog","TargetProcessGUID":"{d273d0f0-e899-5f64-9e00-000000000800}","Severity":"INFO","SourceName":"Microsoft-Windows-Sysmon","Version":3,"TargetProcessId":"6604","Category":"Process accessed (rule: ProcessAccess)","CallTrace":"C:\\windows\\SYSTEM32\\ntdll.dll+9c534|C:\\windows\\System32\\KERNELBASE.dll+6aec5|c:\\windows\\system32\\lsm.dll+1184f|c:\\windows\\system32\\lsm.dll+1172e|C:\\windows\\System32\\RPCRT4.dll+76a53|C:\\windows\\System32\\RPCRT4.dll+da036|C:\\windows\\System32\\RPCRT4.dll+37b1c|C:\\windows\\System32\\RPCRT4.dll+54998|C:\\windows\\System32\\RPCRT4.dll+2c951|C:\\windows\\System32\\RPCRT4.dll+2c20b|C:\\windows\\System32\\RPCRT4.dll+1a86f|C:\\windows\\System32\\RPCRT4.dll+19d1a|C:\\windows\\System32\\RPCRT4.dll+19301|C:\\windows\\System32\\RPCRT4.dll+18d6e|C:\\windows\\System32\\RPCRT4.dll+169a5|C:\\windows\\SYSTEM32\\ntdll.dll+333ed|C:\\windows\\SYSTEM32\\ntdll.dll+34142|C:\\windows\\System32\\KERNEL32.DLL+17bd4|C:\\windows\\SYSTEM32\\ntdll.dll+6ce51","UtcTime":"2020-09-20 01:19:08.569","Hostname":"WORKSTATION6.theshire.local","RuleName":"-","tags":["mordorDataset"]}
{"Keywords":-9223372036854775808,"SeverityValue":2,"TargetObject":"HKLM\\System\\CurrentControlSet\\Services\\W32Time\\SecureTimeLimits\\SecureTimeHigh","EventTypeOrignal":"INFO","EventID":13,"ProviderGuid":"{5770385F-C22A-43E0-BF4C-06F5698FFBD9}","ExecutionProcessID":3392,"host":"wec.internal.cloudapp.net","Channel":"Microsoft-Windows-Sysmon/Operational","UserID":"S-1-5-18","AccountType":"User","ThreadID":5552,"ProcessGuid":"{d273d0f0-e865-5f64-0d00-000000000800}","Details":"QWORD (0x01d68ef4-0x6c2afd7b)","EventReceivedTime":"2020-09-19 21:19:11","Opcode":"Info","EventTime":"2020-09-19 21:19:09","@timestamp":"2020-09-20T01:19:11.400Z","SourceModuleType":"im_msvistalog","port":64545,"AccountName":"SYSTEM","RecordNumber":2582126,"Task":13,"Domain":"NT AUTHORITY","@version":"1","OpcodeValue":0,"SourceModuleName":"eventlog","Severity":"INFO","SourceName":"Microsoft-Windows-Sysmon","Version":2,"Image":"C:\\windows\\system32\\lsass.exe","Category":"Registry value set (rule: RegistryEvent)","UtcTime":"2020-09-20 01:19:09.554","Hostname":"WORKSTATION6.theshire.local","RuleName":"-","tags":["mordorDataset"]}
{"Keywords":-9223372036854775808,"SeverityValue":2,"TargetObject":"HKLM\\System\\CurrentControlSet\\Services\\W32Time\\SecureTimeLimits\\SecureTimeEstimated","EventTypeOrignal":"INFO","EventID":13,"ProviderGuid":"{5770385F-C22A-43E0-BF4C-06F5698FFBD9}","ExecutionProcessID":3392,"host":"wec.internal.cloudapp.net","Channel":"Microsoft-Windows-Sysmon/Operational","UserID":"S-1-5-18","AccountType":"User","ThreadID":5552,"ProcessGuid":"{d273d0f0-e865-5f64-0d00-000000000800}","Details":"QWORD (0x01d68eec-0x0a66957b)","EventReceivedTime":"2020-09-19 21:19:11","Opcode":"Info","EventTime":"2020-09-19 21:19:09","@timestamp":"2020-09-20T01:19:11.400Z","SourceModuleType":"im_msvistalog","port":64545,"AccountName":"SYSTEM","RecordNumber":2582127,"Task":13,"Domain":"NT AUTHORITY","@version":"1","OpcodeValue":0,"SourceModuleName":"eventlog","Severity":"INFO","SourceName":"Microsoft-Windows-Sysmon","Version":2,"Image":"C:\\windows\\system32\\lsass.exe","Category":"Registry value set (rule: RegistryEvent)","UtcTime":"2020-09-20 01:19:09.554","Hostname":"WORKSTATION6.theshire.local","RuleName":"-","tags":["mordorDataset"]}
{"Keywords":-9223372036854775808,"SeverityValue":2,"TargetObject":"HKLM\\System\\CurrentControlSet\\Services\\W32Time\\SecureTimeLimits\\SecureTimeLow","EventTypeOrignal":"INFO","EventID":13,"ProviderGuid":"{5770385F-C22A-43E0-BF4C-06F5698FFBD9}","ExecutionProcessID":3392,"host":"wec.internal.cloudapp.net","Channel":"Microsoft-Windows-Sysmon/Operational","UserID":"S-1-5-18","AccountType":"User","ThreadID":5552,"ProcessGuid":"{d273d0f0-e865-5f64-0d00-000000000800}","Details":"QWORD (0x01d68ee3-0xa8a22d7b)","EventReceivedTime":"2020-09-19 21:19:11","Opcode":"Info","EventTime":"2020-09-19 21:19:09","@timestamp":"2020-09-20T01:19:11.400Z","SourceModuleType":"im_msvistalog","port":64545,"AccountName":"SYSTEM","RecordNumber":2582128,"Task":13,"Domain":"NT AUTHORITY","@version":"1","OpcodeValue":0,"SourceModuleName":"eventlog","Severity":"INFO","SourceName":"Microsoft-Windows-Sysmon","Version":2,"Image":"C:\\windows\\system32\\lsass.exe","Category":"Registry value set (rule: RegistryEvent)","UtcTime":"2020-09-20 01:19:09.554","Hostname":"WORKSTATION6.theshire.local","RuleName":"-","tags":["mordorDataset"]}
{"Keywords":-9223372036854775808,"SeverityValue":2,"TargetObject":"HKLM\\System\\CurrentControlSet\\Services\\W32Time\\SecureTimeLimits\\RunTime","EventTypeOrignal":"INFO","EventID":12,"ProviderGuid":"{5770385F-C22A-43E0-BF4C-06F5698FFBD9}","ExecutionProcessID":3392,"host":"wec.internal.cloudapp.net","Channel":"Microsoft-Windows-Sysmon/Operational","UserID":"S-1-5-18","AccountType":"User","ThreadID":5552,"ProcessGuid":"{d273d0f0-e865-5f64-0d00-000000000800}","EventReceivedTime":"2020-09-19 21:19:11","Opcode":"Info","EventTime":"2020-09-19 21:19:09","@timestamp":"2020-09-20T01:19:11.400Z","SourceModuleType":"im_msvistalog","port":64545,"AccountName":"SYSTEM","RecordNumber":2582129,"Task":12,"Domain":"NT AUTHORITY","@version":"1","OpcodeValue":0,"SourceModuleName":"eventlog","Severity":"INFO","SourceName":"Microsoft-Windows-Sysmon","Version":2,"Image":"C:\\windows\\system32\\lsass.exe","Category":"Registry object added or deleted (rule: RegistryEvent)","UtcTime":"2020-09-20 01:19:09.554","Hostname":"WORKSTATION6.theshire.local","RuleName":"-","tags":["mordorDataset"]}
{"Keywords":-9223372036854775808,"SeverityValue":2,"TargetObject":"HKLM\\System\\CurrentControlSet\\Services\\W32Time\\SecureTimeLimits\\RunTime\\SecureTimeTickCount","EventTypeOrignal":"INFO","EventID":13,"ProviderGuid":"{5770385F-C22A-43E0-BF4C-06F5698FFBD9}","ExecutionProcessID":3392,"host":"wec.internal.cloudapp.net","Channel":"Microsoft-Windows-Sysmon/Operational","UserID":"S-1-5-18","AccountType":"User","ThreadID":5552,"ProcessGuid":"{d273d0f0-e865-5f64-0d00-000000000800}","Details":"QWORD (0x00000000-0x06ec7cf5)","EventReceivedTime":"2020-09-19 21:19:11","Opcode":"Info","EventTime":"2020-09-19 21:19:09","@timestamp":"2020-09-20T01:19:11.401Z","SourceModuleType":"im_msvistalog","port":64545,"AccountName":"SYSTEM","RecordNumber":2582130,"Task":13,"Domain":"NT AUTHORITY","@version":"1","OpcodeValue":0,"SourceModuleName":"eventlog","Severity":"INFO","SourceName":"Microsoft-Windows-Sysmon","Version":2,"Image":"C:\\windows\\system32\\lsass.exe","Category":"Registry value set (rule: RegistryEvent)","UtcTime":"2020-09-20 01:19:09.554","Hostname":"WORKSTATION6.theshire.local","RuleName":"-","tags":["mordorDataset"]}
{"Keywords":-9223372036854775808,"SeverityValue":2,"TargetObject":"HKLM\\System\\CurrentControlSet\\Services\\W32Time\\SecureTimeLimits\\RunTime\\SecureTimeConfidence","EventTypeOrignal":"INFO","EventID":13,"ProviderGuid":"{5770385F-C22A-43E0-BF4C-06F5698FFBD9}","ExecutionProcessID":3392,"host":"wec.internal.cloudapp.net","Channel":"Microsoft-Windows-Sysmon/Operational","UserID":"S-1-5-18","AccountType":"User","ThreadID":5552,"ProcessGuid":"{d273d0f0-e865-5f64-0d00-000000000800}","Details":"DWORD (0x00000008)","EventReceivedTime":"2020-09-19 21:19:11","Opcode":"Info","EventTime":"2020-09-19 21:19:09","@timestamp":"2020-09-20T01:19:11.402Z","SourceModuleType":"im_msvistalog","port":64545,"AccountName":"SYSTEM","RecordNumber":2582131,"Task":13,"Domain":"NT AUTHORITY","@version":"1","OpcodeValue":0,"SourceModuleName":"eventlog","Severity":"INFO","SourceName":"Microsoft-Windows-Sysmon","Version":2,"Image":"C:\\windows\\system32\\lsass.exe","Category":"Registry value set (rule: RegistryEvent)","UtcTime":"2020-09-20 01:19:09.554","Hostname":"WORKSTATION6.theshire.local","RuleName":"-","tags":["mordorDataset"]}
{"Keywords":-9223372036854775808,"SeverityValue":2,"TargetObject":"HKLM\\System\\CurrentControlSet\\Services\\W32Time\\SecureTimeLimits\\SecureTimeHigh","EventTypeOrignal":"INFO","EventID":13,"ProviderGuid":"{5770385F-C22A-43E0-BF4C-06F5698FFBD9}","ExecutionProcessID":3392,"host":"wec.internal.cloudapp.net","Channel":"Microsoft-Windows-Sysmon/Operational","UserID":"S-1-5-18","AccountType":"User","ThreadID":5552,"ProcessGuid":"{d273d0f0-e865-5f64-0d00-000000000800}","Details":"QWORD (0x01d68ef4-0x6c2afd7b)","EventReceivedTime":"2020-09-19 21:19:11","Opcode":"Info","EventTime":"2020-09-19 21:19:09","@timestamp":"2020-09-20T01:19:11.402Z","SourceModuleType":"im_msvistalog","port":64545,"AccountName":"SYSTEM","RecordNumber":2582132,"Task":13,"Domain":"NT AUTHORITY","@version":"1","OpcodeValue":0,"SourceModuleName":"eventlog","Severity":"INFO","SourceName":"Microsoft-Windows-Sysmon","Version":2,"Image":"C:\\windows\\system32\\lsass.exe","Category":"Registry value set (rule: RegistryEvent)","UtcTime":"2020-09-20 01:19:09.554","Hostname":"WORKSTATION6.theshire.local","RuleName":"-","tags":["mordorDataset"]}
{"Keywords":-9223372036854775808,"SeverityValue":2,"TargetObject":"HKLM\\System\\CurrentControlSet\\Services\\W32Time\\SecureTimeLimits\\SecureTimeEstimated","EventTypeOrignal":"INFO","EventID":13,"ProviderGuid":"{5770385F-C22A-43E0-BF4C-06F5698FFBD9}","ExecutionProcessID":3392,"host":"wec.internal.cloudapp.net","Channel":"Microsoft-Windows-Sysmon/Operational","UserID":"S-1-5-18","AccountType":"User","ThreadID":5552,"ProcessGuid":"{d273d0f0-e865-5f64-0d00-000000000800}","Details":"QWORD (0x01d68eec-0x0a66957b)","EventReceivedTime":"2020-09-19 21:19:11","Opcode":"Info","EventTime":"2020-09-19 21:19:09","@timestamp":"2020-09-20T01:19:11.402Z","SourceModuleType":"im_msvistalog","port":64545,"AccountName":"SYSTEM","RecordNumber":2582133,"Task":13,"Domain":"NT AUTHORITY","@version":"1","OpcodeValue":0,"SourceModuleName":"eventlog","Severity":"INFO","SourceName":"Microsoft-Windows-Sysmon","Version":2,"Image":"C:\\windows\\system32\\lsass.exe","Category":"Registry value set (rule: RegistryEvent)","UtcTime":"2020-09-20 01:19:09.554","Hostname":"WORKSTATION6.theshire.local","RuleName":"-","tags":["mordorDataset"]}
{"Keywords":-9223372036854775808,"SeverityValue":2,"TargetObject":"HKLM\\System\\CurrentControlSet\\Services\\W32Time\\SecureTimeLimits\\SecureTimeLow","EventTypeOrignal":"INFO","EventID":13,"ProviderGuid":"{5770385F-C22A-43E0-BF4C-06F5698FFBD9}","ExecutionProcessID":3392,"host":"wec.internal.cloudapp.net","Channel":"Microsoft-Windows-Sysmon/Operational","UserID":"S-1-5-18","AccountType":"User","ThreadID":5552,"ProcessGuid":"{d273d0f0-e865-5f64-0d00-000000000800}","Details":"QWORD (0x01d68ee3-0xa8a22d7b)","EventReceivedTime":"2020-09-19 21:19:11","Opcode":"Info","EventTime":"2020-09-19 21:19:09","@timestamp":"2020-09-20T01:19:11.402Z","SourceModuleType":"im_msvistalog","port":64545,"AccountName":"SYSTEM","RecordNumber":2582134,"Task":13,"Domain":"NT AUTHORITY","@version":"1","OpcodeValue":0,"SourceModuleName":"eventlog","Severity":"INFO","SourceName":"Microsoft-Windows-Sysmon","Version":2,"Image":"C:\\windows\\system32\\lsass.exe","Category":"Registry value set (rule: RegistryEvent)","UtcTime":"2020-09-20 01:19:09.554","Hostname":"WORKSTATION6.theshire.local","RuleName":"-","tags":["mordorDataset"]}
{"Keywords":-9223372036854775808,"SeverityValue":2,"TargetObject":"HKLM\\System\\CurrentControlSet\\Services\\W32Time\\SecureTimeLimits\\RunTime","EventTypeOrignal":"INFO","EventID":12,"ProviderGuid":"{5770385F-C22A-43E0-BF4C-06F5698FFBD9}","ExecutionProcessID":3392,"host":"wec.internal.cloudapp.net","Channel":"Microsoft-Windows-Sysmon/Operational","UserID":"S-1-5-18","AccountType":"User","ThreadID":5552,"ProcessGuid":"{d273d0f0-e865-5f64-0d00-000000000800}","EventReceivedTime":"2020-09-19 21:19:11","Opcode":"Info","EventTime":"2020-09-19 21:19:09","@timestamp":"2020-09-20T01:19:11.403Z","SourceModuleType":"im_msvistalog","port":64545,"AccountName":"SYSTEM","RecordNumber":2582135,"Task":12,"Domain":"NT AUTHORITY","@version":"1","OpcodeValue":0,"SourceModuleName":"eventlog","Severity":"INFO","SourceName":"Microsoft-Windows-Sysmon","Version":2,"Image":"C:\\windows\\system32\\lsass.exe","Category":"Registry object added or deleted (rule: RegistryEvent)","UtcTime":"2020-09-20 01:19:09.554","Hostname":"WORKSTATION6.theshire.local","RuleName":"-","tags":["mordorDataset"]}
{"Keywords":-9223372036854775808,"SeverityValue":2,"TargetObject":"HKLM\\System\\CurrentControlSet\\Services\\W32Time\\SecureTimeLimits\\RunTime\\SecureTimeTickCount","EventTypeOrignal":"INFO","EventID":13,"ProviderGuid":"{5770385F-C22A-43E0-BF4C-06F5698FFBD9}","ExecutionProcessID":3392,"host":"wec.internal.cloudapp.net","Channel":"Microsoft-Windows-Sysmon/Operational","UserID":"S-1-5-18","AccountType":"User","ThreadID":5552,"ProcessGuid":"{d273d0f0-e865-5f64-0d00-000000000800}","Details":"QWORD (0x00000000-0x06ec7cf5)","EventReceivedTime":"2020-09-19 21:19:11","Opcode":"Info","EventTime":"2020-09-19 21:19:09","@timestamp":"2020-09-20T01:19:11.403Z","SourceModuleType":"im_msvistalog","port":64545,"AccountName":"SYSTEM","RecordNumber":2582136,"Task":13,"Domain":"NT AUTHORITY","@version":"1","OpcodeValue":0,"SourceModuleName":"eventlog","Severity":"INFO","SourceName":"Microsoft-Windows-Sysmon","Version":2,"Image":"C:\\windows\\system32\\lsass.exe","Category":"Registry value set (rule: RegistryEvent)","UtcTime":"2020-09-20 01:19:09.554","Hostname":"WORKSTATION6.theshire.local","RuleName":"-","tags":["mordorDataset"]}
{"Keywords":-9223372036854775808,"SeverityValue":2,"TargetObject":"HKLM\\System\\CurrentControlSet\\Services\\W32Time\\SecureTimeLimits\\RunTime\\SecureTimeConfidence","EventTypeOrignal":"INFO","EventID":13,"ProviderGuid":"{5770385F-C22A-43E0-BF4C-06F5698FFBD9}","ExecutionProcessID":3392,"host":"wec.internal.cloudapp.net","Channel":"Microsoft-Windows-Sysmon/Operational","UserID":"S-1-5-18","AccountType":"User","ThreadID":5552,"ProcessGuid":"{d273d0f0-e865-5f64-0d00-000000000800}","Details":"DWORD (0x00000008)","EventReceivedTime":"2020-09-19 21:19:11","Opcode":"Info","EventTime":"2020-09-19 21:19:09","@timestamp":"2020-09-20T01:19:11.403Z","SourceModuleType":"im_msvistalog","port":64545,"AccountName":"SYSTEM","RecordNumber":2582137,"Task":13,"Domain":"NT AUTHORITY","@version":"1","OpcodeValue":0,"SourceModuleName":"eventlog","Severity":"INFO","SourceName":"Microsoft-Windows-Sysmon","Version":2,"Image":"C:\\windows\\system32\\lsass.exe","Category":"Registry value set (rule: RegistryEvent)","UtcTime":"2020-09-20 01:19:09.554","Hostname":"WORKSTATION6.theshire.local","RuleName":"-","tags":["mordorDataset"]}
{"Keywords":-9214364837600034816,"SeverityValue":2,"Application":"\\device\\harddiskvolume2\\windowsazure\\guestagent_2.7.41491.993_2020-09-17_150921\\guestagent\\windowsazureguestagent.exe","EventID":5158,"ProviderGuid":"{54849625-5478-4994-A5BA-3E3B0328C30D}","ExecutionProcessID":4,"Channel":"security","host":"wec.internal.cloudapp.net","EventReceivedTime":"2020-09-19 21:19:12","ProcessId":"3476","ThreadID":8604,"EventType":"AUDIT_SUCCESS","Opcode":"Info","EventTime":"2020-09-19 21:19:10","Message":"The Windows Filtering Platform has permitted a bind to a local port.\r\n\r\nApplication Information:\r\n\tProcess ID:\t\t3476\r\n\tApplication Name:\t\\device\\harddiskvolume2\\windowsazure\\guestagent_2.7.41491.993_2020-09-17_150921\\guestagent\\windowsazureguestagent.exe\r\n\r\nNetwork Information:\r\n\tSource Address:\t\t0.0.0.0\r\n\tSource Port:\t\t54117\r\n\tProtocol:\t\t6\r\n\r\nFilter Information:\r\n\tFilter Run-Time ID:\t0\r\n\tLayer Name:\t\tResource Assignment\r\n\tLayer Run-Time ID:\t36","FilterRTID":"0","@timestamp":"2020-09-20T01:19:12.406Z","LayerRTID":"36","SourceModuleType":"im_msvistalog","port":64545,"RecordNumber":616293,"Task":12810,"Protocol":"6","@version":"1","OpcodeValue":0,"SourcePort":"54117","SourceModuleName":"eventlog","Severity":"INFO","SourceName":"Microsoft-Windows-Security-Auditing","Version":0,"LayerName":"%%14608","Category":"Filtering Platform Connection","SourceAddress":"0.0.0.0","tags":["mordorDataset"],"Hostname":"WORKSTATION6.theshire.local"}
{"Keywords":-9214364837600034816,"SeverityValue":2,"Application":"\\device\\harddiskvolume2\\windowsazure\\guestagent_2.7.41491.993_2020-09-17_150921\\guestagent\\windowsazureguestagent.exe","EventID":5156,"ProviderGuid":"{54849625-5478-4994-A5BA-3E3B0328C30D}","ExecutionProcessID":4,"Channel":"security","host":"wec.internal.cloudapp.net","EventReceivedTime":"2020-09-19 21:19:12","ProcessId":"3476","ThreadID":8604,"EventType":"AUDIT_SUCCESS","Opcode":"Info","EventTime":"2020-09-19 21:19:10","Message":"The Windows Filtering Platform has permitted a connection.\r\n\r\nApplication Information:\r\n\tProcess ID:\t\t3476\r\n\tApplication Name:\t\\device\\harddiskvolume2\\windowsazure\\guestagent_2.7.41491.993_2020-09-17_150921\\guestagent\\windowsazureguestagent.exe\r\n\r\nNetwork Information:\r\n\tDirection:\t\tOutbound\r\n\tSource Address:\t\t172.18.39.6\r\n\tSource Port:\t\t54117\r\n\tDestination Address:\t168.63.129.16\r\n\tDestination Port:\t\t80\r\n\tProtocol:\t\t6\r\n\r\nFilter Information:\r\n\tFilter Run-Time ID:\t79916\r\n\tLayer Name:\t\tConnect\r\n\tLayer Run-Time ID:\t48","FilterRTID":"79916","RemoteUserID":"S-1-0-0","@timestamp":"2020-09-20T01:19:12.406Z","LayerRTID":"48","SourceModuleType":"im_msvistalog","port":64545,"RecordNumber":616294,"Task":12810,"Direction":"%%14593","@version":"1","OpcodeValue":0,"SourcePort":"54117","DestPort":"80","Protocol":"6","SourceModuleName":"eventlog","Severity":"INFO","DestAddress":"168.63.129.16","SourceName":"Microsoft-Windows-Security-Auditing","Version":1,"LayerName":"%%14611","RemoteMachineID":"S-1-0-0","Category":"Filtering Platform Connection","SourceAddress":"172.18.39.6","tags":["mordorDataset"],"Hostname":"WORKSTATION6.theshire.local"}
