{"Keywords":-9223372036854775808,"SeverityValue":2,"TargetObject":"HKU\\S-1-5-20\\Software\\Microsoft\\Windows\\CurrentVersion\\DeliveryOptimization\\Usage\\MonthID","EventTypeOrignal":"INFO","EventID":13,"ProviderGuid":"{5770385F-C22A-43E0-BF4C-06F5698FFBD9}","ExecutionProcessID":3392,"host":"wec.internal.cloudapp.net","Channel":"Microsoft-Windows-Sysmon/Operational","UserID":"S-1-5-18","AccountType":"User","ThreadID":5552,"ProcessGuid":"{d273d0f0-e879-5f64-5c00-000000000800}","Details":"DWORD (0x00000009)","EventReceivedTime":"2020-09-19 21:18:33","Opcode":"Info","EventTime":"2020-09-19 21:18:30","@timestamp":"2020-09-20T01:18:33.153Z","SourceModuleType":"im_msvistalog","port":64545,"AccountName":"SYSTEM","RecordNumber":2582065,"Task":13,"Domain":"NT AUTHORITY","@version":"1","OpcodeValue":0,"SourceModuleName":"eventlog","Severity":"INFO","SourceName":"Microsoft-Windows-Sysmon","Version":2,"Image":"C:\\windows\\System32\\svchost.exe","Category":"Registry value set (rule: RegistryEvent)","UtcTime":"2020-09-20 01:18:30.099","Hostname":"WORKSTATION6.theshire.local","RuleName":"-","tags":["mordorDataset"]}
{"Keywords":-9223372036854775808,"SeverityValue":2,"TargetObject":"HKU\\S-1-5-20\\Software\\Microsoft\\Windows\\CurrentVersion\\DeliveryOptimization\\Config\\DownloadMode_BackCompat","EventTypeOrignal":"INFO","EventID":13,"ProviderGuid":"{5770385F-C22A-43E0-BF4C-06F5698FFBD9}","ExecutionProcessID":3392,"host":"wec.internal.cloudapp.net","Channel":"Microsoft-Windows-Sysmon/Operational","UserID":"S-1-5-18","AccountType":"User","ThreadID":5552,"ProcessGuid":"{d273d0f0-e879-5f64-5c00-000000000800}","Details":"DWORD (0x00000001)","EventReceivedTime":"2020-09-19 21:18:33","Opcode":"Info","EventTime":"2020-09-19 21:18:30","@timestamp":"2020-09-20T01:18:33.154Z","SourceModuleType":"im_msvistalog","port":64545,"AccountName":"SYSTEM","RecordNumber":2582066,"Task":13,"Domain":"NT AUTHORITY","@version":"1","OpcodeValue":0,"SourceModuleName":"eventlog","Severity":"INFO","SourceName":"Microsoft-Windows-Sysmon","Version":2,"Image":"C:\\windows\\System32\\svchost.exe","Category":"Registry value set (rule: RegistryEvent)","UtcTime":"2020-09-20 01:18:30.099","Hostname":"WORKSTATION6.theshire.local","RuleName":"-","tags":["mordorDataset"]}
{"Keywords":-9223372036854775808,"SeverityValue":2,"TargetObject":"HKU\\S-1-5-20\\Software\\Microsoft\\Windows\\CurrentVersion\\DeliveryOptimization\\Config\\DODownloadMode","EventTypeOrignal":"INFO","EventID":13,"ProviderGuid":"{5770385F-C22A-43E0-BF4C-06F5698FFBD9}","ExecutionProcessID":3392,"host":"wec.internal.cloudapp.net","Channel":"Microsoft-Windows-Sysmon/Operational","UserID":"S-1-5-18","AccountType":"User","ThreadID":5552,"ProcessGuid":"{d273d0f0-e879-5f64-5c00-000000000800}","Details":"DWORD (0x00000001)","EventReceivedTime":"2020-09-19 21:18:33","Opcode":"Info","EventTime":"2020-09-19 21:18:30","@timestamp":"2020-09-20T01:18:33.154Z","SourceModuleType":"im_msvistalog","port":64545,"AccountName":"SYSTEM","RecordNumber":2582067,"Task":13,"Domain":"NT AUTHORITY","@version":"1","OpcodeValue":0,"SourceModuleName":"eventlog","Severity":"INFO","SourceName":"Microsoft-Windows-Sysmon","Version":2,"Image":"C:\\windows\\System32\\svchost.exe","Category":"Registry value set (rule: RegistryEvent)","UtcTime":"2020-09-20 01:18:30.099","Hostname":"WORKSTATION6.theshire.local","RuleName":"-","tags":["mordorDataset"]}
{"Keywords":-9223372036854775808,"SeverityValue":2,"TargetObject":"HKU\\S-1-5-20\\Software\\Microsoft\\Windows\\CurrentVersion\\DeliveryOptimization\\Config\\DownloadMode_BackCompat","EventTypeOrignal":"INFO","EventID":13,"ProviderGuid":"{5770385F-C22A-43E0-BF4C-06F5698FFBD9}","ExecutionProcessID":3392,"host":"wec.internal.cloudapp.net","Channel":"Microsoft-Windows-Sysmon/Operational","UserID":"S-1-5-18","AccountType":"User","ThreadID":5552,"ProcessGuid":"{d273d0f0-e879-5f64-5c00-000000000800}","Details":"DWORD (0x00000001)","EventReceivedTime":"2020-09-19 21:18:33","Opcode":"Info","EventTime":"2020-09-19 21:18:30","@timestamp":"2020-09-20T01:18:33.154Z","SourceModuleType":"im_msvistalog","port":64545,"AccountName":"SYSTEM","RecordNumber":2582068,"Task":13,"Domain":"NT AUTHORITY","@version":"1","OpcodeValue":0,"SourceModuleName":"eventlog","Severity":"INFO","SourceName":"Microsoft-Windows-Sysmon","Version":2,"Image":"C:\\windows\\System32\\svchost.exe","Category":"Registry value set (rule: RegistryEvent)","UtcTime":"2020-09-20 01:18:30.099","Hostname":"WORKSTATION6.theshire.local","RuleName":"-","tags":["mordorDataset"]}
{"Keywords":-9223372036854775808,"SeverityValue":2,"TargetObject":"HKU\\S-1-5-20\\Software\\Microsoft\\Windows\\CurrentVersion\\DeliveryOptimization\\Config\\DODownloadMode","EventTypeOrignal":"INFO","EventID":13,"ProviderGuid":"{5770385F-C22A-43E0-BF4C-06F5698FFBD9}","ExecutionProcessID":3392,"host":"wec.internal.cloudapp.net","Channel":"Microsoft-Windows-Sysmon/Operational","UserID":"S-1-5-18","AccountType":"User","ThreadID":5552,"ProcessGuid":"{d273d0f0-e879-5f64-5c00-000000000800}","Details":"DWORD (0x00000001)","EventReceivedTime":"2020-09-19 21:18:33","Opcode":"Info","EventTime":"2020-09-19 21:18:30","@timestamp":"2020-09-20T01:18:33.156Z","SourceModuleType":"im_msvistalog","port":64545,"AccountName":"SYSTEM","RecordNumber":2582069,"Task":13,"Domain":"NT AUTHORITY","@version":"1","OpcodeValue":0,"SourceModuleName":"eventlog","Severity":"INFO","SourceName":"Microsoft-Windows-Sysmon","Version":2,"Image":"C:\\windows\\System32\\svchost.exe","Category":"Registry value set (rule: RegistryEvent)","UtcTime":"2020-09-20 01:18:30.099","Hostname":"WORKSTATION6.theshire.local","RuleName":"-","tags":["mordorDataset"]}
{"Keywords":-9214364837600034816,"SeverityValue":2,"Application":"\\device\\harddiskvolume2\\windowsazure\\guestagent_2.7.41491.993_2020-09-17_150921\\waappagent.exe","EventID":5158,"ProviderGuid":"{54849625-5478-4994-A5BA-3E3B0328C30D}","ExecutionProcessID":4,"Channel":"security","host":"wec.internal.cloudapp.net","EventReceivedTime":"2020-09-19 21:18:33","ProcessId":"3368","ThreadID":8604,"EventType":"AUDIT_SUCCESS","Opcode":"Info","EventTime":"2020-09-19 21:18:30","Message":"The Windows Filtering Platform has permitted a bind to a local port.\r\n\r\nApplication Information:\r\n\tProcess ID:\t\t3368\r\n\tApplication Name:\t\\device\\harddiskvolume2\\windowsazure\\guestagent_2.7.41491.993_2020-09-17_150921\\waappagent.exe\r\n\r\nNetwork Information:\r\n\tSource Address:\t\t0.0.0.0\r\n\tSource Port:\t\t54097\r\n\tProtocol:\t\t6\r\n\r\nFilter Information:\r\n\tFilter Run-Time ID:\t0\r\n\tLayer Name:\t\tResource Assignment\r\n\tLayer Run-Time ID:\t36","FilterRTID":"0","@timestamp":"2020-09-20T01:18:33.156Z","LayerRTID":"36","SourceModuleType":"im_msvistalog","port":64545,"RecordNumber":616250,"Task":12810,"Protocol":"6","@version":"1","OpcodeValue":0,"SourcePort":"54097","SourceModuleName":"eventlog","Severity":"INFO","SourceName":"Microsoft-Windows-Security-Auditing","Version":0,"LayerName":"%%14608","Category":"Filtering Platform Connection","SourceAddress":"0.0.0.0","tags":["mordorDataset"],"Hostname":"WORKSTATION6.theshire.local"}
{"Keywords":-9214364837600034816,"SeverityValue":2,"Application":"\\device\\harddiskvolume2\\windowsazure\\guestagent_2.7.41491.993_2020-09-17_150921\\waappagent.exe","EventID":5156,"ProviderGuid":"{54849625-5478-4994-A5BA-3E3B0328C30D}","ExecutionProcessID":4,"Channel":"security","host":"wec.internal.cloudapp.net","EventReceivedTime":"2020-09-19 21:18:33","ProcessId":"3368","ThreadID":8604,"EventType":"AUDIT_SUCCESS","Opcode":"Info","EventTime":"2020-09-19 21:18:30","Message":"The Windows Filtering Platform has permitted a connection.\r\n\r\nApplication Information:\r\n\tProcess ID:\t\t3368\r\n\tApplication Name:\t\\device\\harddiskvolume2\\windowsazure\\guestagent_2.7.41491.993_2020-09-17_150921\\waappagent.exe\r\n\r\nNetwork Information:\r\n\tDirection:\t\tOutbound\r\n\tSource Address:\t\t172.18.39.6\r\n\tSource Port:\t\t54097\r\n\tDestination Address:\t168.63.129.16\r\n\tDestination Port:\t\t80\r\n\tProtocol:\t\t6\r\n\r\nFilter Information:\r\n\tFilter Run-Time ID:\t79916\r\n\tLayer Name:\t\tConnect\r\n\tLayer Run-Time ID:\t48","FilterRTID":"79916","RemoteUserID":"S-1-0-0","@timestamp":"2020-09-20T01:18:33.156Z","LayerRTID":"48","SourceModuleType":"im_msvistalog","port":64545,"RecordNumber":616251,"Task":12810,"Direction":"%%14593","@version":"1","OpcodeValue":0,"SourcePort":"54097","DestPort":"80","Protocol":"6","SourceModuleName":"eventlog","Severity":"INFO","DestAddress":"168.63.129.16","SourceName":"Microsoft-Windows-Security-Auditing","Version":1,"LayerName":"%%14611","RemoteMachineID":"S-1-0-0","Category":"Filtering Platform Connection","SourceAddress":"172.18.39.6","tags":["mordorDataset"],"Hostname":"WORKSTATION6.theshire.local"}
{"Keywords":-9214364837600034816,"SeverityValue":2,"Application":"\\device\\harddiskvolume2\\windowsazure\\guestagent_2.7.41491.993_2020-09-17_150607\\waappagent.exe","EventID":5158,"ProviderGuid":"{54849625-5478-4994-A5BA-3E3B0328C30D}","ExecutionProcessID":4,"Channel":"Security","host":"wec.internal.cloudapp.net","EventReceivedTime":"2020-09-19 21:18:33","ProcessId":"3572","ThreadID":2612,"EventType":"AUDIT_SUCCESS","Opcode":"Info","EventTime":"2020-09-19 21:18:30","Message":"The Windows Filtering Platform has permitted a bind to a local port.\r\n\r\nApplication Information:\r\n\tProcess ID:\t\t3572\r\n\tApplication Name:\t\\device\\harddiskvolume2\\windowsazure\\guestagent_2.7.41491.993_2020-09-17_150607\\waappagent.exe\r\n\r\nNetwork Information:\r\n\tSource Address:\t\t0.0.0.0\r\n\tSource Port:\t\t58258\r\n\tProtocol:\t\t6\r\n\r\nFilter Information:\r\n\tFilter Run-Time ID:\t0\r\n\tLayer Name:\t\tResource Assignment\r\n\tLayer Run-Time ID:\t36","FilterRTID":"0","@timestamp":"2020-09-20T01:18:33.157Z","LayerRTID":"36","SourceModuleType":"im_msvistalog","port":64545,"RecordNumber":1103037,"Task":12810,"Protocol":"6","@version":"1","OpcodeValue":0,"SourcePort":"58258","SourceModuleName":"eventlog","Severity":"INFO","SourceName":"Microsoft-Windows-Security-Auditing","Version":0,"LayerName":"%%14608","Category":"Filtering Platform Connection","SourceAddress":"0.0.0.0","tags":["mordorDataset"],"Hostname":"MORDORDC.theshire.local"}
{"Keywords":-9214364837600034816,"SeverityValue":2,"Application":"\\device\\harddiskvolume2\\windowsazure\\guestagent_2.7.41491.993_2020-09-17_150607\\waappagent.exe","EventID":5156,"ProviderGuid":"{54849625-5478-4994-A5BA-3E3B0328C30D}","ExecutionProcessID":4,"Channel":"Security","host":"wec.internal.cloudapp.net","EventReceivedTime":"2020-09-19 21:18:33","ProcessId":"3572","ThreadID":2612,"EventType":"AUDIT_SUCCESS","Opcode":"Info","EventTime":"2020-09-19 21:18:30","Message":"The Windows Filtering Platform has permitted a connection.\r\n\r\nApplication Information:\r\n\tProcess ID:\t\t3572\r\n\tApplication Name:\t\\device\\harddiskvolume2\\windowsazure\\guestagent_2.7.41491.993_2020-09-17_150607\\waappagent.exe\r\n\r\nNetwork Information:\r\n\tDirection:\t\tOutbound\r\n\tSource Address:\t\t172.18.38.5\r\n\tSource Port:\t\t58258\r\n\tDestination Address:\t168.63.129.16\r\n\tDestination Port:\t\t80\r\n\tProtocol:\t\t6\r\n\r\nFilter Information:\r\n\tFilter Run-Time ID:\t71130\r\n\tLayer Name:\t\tConnect\r\n\tLayer Run-Time ID:\t48","FilterRTID":"71130","RemoteUserID":"S-1-0-0","@timestamp":"2020-09-20T01:18:33.157Z","LayerRTID":"48","SourceModuleType":"im_msvistalog","port":64545,"RecordNumber":1103038,"Task":12810,"Direction":"%%14593","@version":"1","OpcodeValue":0,"SourcePort":"58258","DestPort":"80","Protocol":"6","SourceModuleName":"eventlog","Severity":"INFO","DestAddress":"168.63.129.16","SourceName":"Microsoft-Windows-Security-Auditing","Version":1,"LayerName":"%%14611","RemoteMachineID":"S-1-0-0","Category":"Filtering Platform Connection","SourceAddress":"172.18.38.5","tags":["mordorDataset"],"Hostname":"MORDORDC.theshire.local"}
{"Keywords":-9223372036854775808,"SeverityValue":2,"SourceImage":"C:\\windows\\system32\\svchost.exe","EventID":10,"ProviderGuid":"{5770385F-C22A-43E0-BF4C-06F5698FFBD9}","ExecutionProcessID":3392,"Channel":"Microsoft-Windows-Sysmon/Operational","host":"wec.internal.cloudapp.net","AccountType":"User","UserID":"S-1-5-18","SourceProcessGUID":"{d273d0f0-e867-5f64-1300-000000000800}","ThreadID":5552,"TargetImage":"C:\\windows\\System32\\svchost.exe","GrantedAccess":"0x1000","EventType":"INFO","Opcode":"Info","EventTime":"2020-09-19 21:18:33","EventReceivedTime":"2020-09-19 21:18:36","@timestamp":"2020-09-20T01:18:36.165Z","SourceModuleType":"im_msvistalog","port":64545,"AccountName":"SYSTEM","RecordNumber":2582070,"SourceProcessId":"428","SourceThreadId":"5864","Task":10,"Domain":"NT AUTHORITY","@version":"1","OpcodeValue":0,"SourceModuleName":"eventlog","TargetProcessGUID":"{d273d0f0-e899-5f64-9e00-000000000800}","Severity":"INFO","SourceName":"Microsoft-Windows-Sysmon","Version":3,"TargetProcessId":"6604","Category":"Process accessed (rule: ProcessAccess)","CallTrace":"C:\\windows\\SYSTEM32\\ntdll.dll+9c534|C:\\windows\\System32\\KERNELBASE.dll+6aec5|c:\\windows\\system32\\lsm.dll+1184f|c:\\windows\\system32\\lsm.dll+1172e|C:\\windows\\System32\\RPCRT4.dll+76a53|C:\\windows\\System32\\RPCRT4.dll+da036|C:\\windows\\System32\\RPCRT4.dll+37b1c|C:\\windows\\System32\\RPCRT4.dll+54998|C:\\windows\\System32\\RPCRT4.dll+2c951|C:\\windows\\System32\\RPCRT4.dll+2c20b|C:\\windows\\System32\\RPCRT4.dll+1a86f|C:\\windows\\System32\\RPCRT4.dll+19d1a|C:\\windows\\System32\\RPCRT4.dll+19301|C:\\windows\\System32\\RPCRT4.dll+18d6e|C:\\windows\\System32\\RPCRT4.dll+169a5|C:\\windows\\SYSTEM32\\ntdll.dll+333ed|C:\\windows\\SYSTEM32\\ntdll.dll+34142|C:\\windows\\System32\\KERNEL32.DLL+17bd4|C:\\windows\\SYSTEM32\\ntdll.dll+6ce51","UtcTime":"2020-09-20 01:18:33.553","Hostname":"WORKSTATION6.theshire.local","RuleName":"-","tags":["mordorDataset"]}
{"Keywords":-9223372036854775808,"SeverityValue":2,"TargetObject":"HKU\\S-1-5-20\\Software\\Microsoft\\Windows\\CurrentVersion\\DeliveryOptimization\\Usage\\UploadMonthlyInternetBytes","EventTypeOrignal":"INFO","EventID":13,"ProviderGuid":"{5770385F-C22A-43E0-BF4C-06F5698FFBD9}","ExecutionProcessID":9848,"host":"wec.internal.cloudapp.net","Channel":"Microsoft-Windows-Sysmon/Operational","UserID":"S-1-5-18","AccountType":"User","ThreadID":7976,"ProcessGuid":"{b34bc01c-8526-5f63-2103-000000000400}","Details":"QWORD (0x00000000-0x00000000)","EventReceivedTime":"2020-09-19 21:18:36","Opcode":"Info","EventTime":"2020-09-19 21:18:34","@timestamp":"2020-09-20T01:18:36.166Z","SourceModuleType":"im_msvistalog","port":64545,"AccountName":"SYSTEM","RecordNumber":1819249,"Task":13,"Domain":"NT AUTHORITY","@version":"1","OpcodeValue":0,"SourceModuleName":"eventlog","Severity":"INFO","SourceName":"Microsoft-Windows-Sysmon","Version":2,"Image":"C:\\windows\\System32\\svchost.exe","Category":"Registry value set (rule: RegistryEvent)","UtcTime":"2020-09-20 01:18:34.638","Hostname":"WORKSTATION5.theshire.local","RuleName":"-","tags":["mordorDataset"]}
{"Keywords":-9223372036854775808,"SeverityValue":2,"TargetObject":"HKU\\S-1-5-20\\Software\\Microsoft\\Windows\\CurrentVersion\\DeliveryOptimization\\Usage\\UploadMonthlyLanBytes","EventTypeOrignal":"INFO","EventID":13,"ProviderGuid":"{5770385F-C22A-43E0-BF4C-06F5698FFBD9}","ExecutionProcessID":9848,"host":"wec.internal.cloudapp.net","Channel":"Microsoft-Windows-Sysmon/Operational","UserID":"S-1-5-18","AccountType":"User","ThreadID":7976,"ProcessGuid":"{b34bc01c-8526-5f63-2103-000000000400}","Details":"QWORD (0x00000000-0x00000000)","EventReceivedTime":"2020-09-19 21:18:36","Opcode":"Info","EventTime":"2020-09-19 21:18:34","@timestamp":"2020-09-20T01:18:36.166Z","SourceModuleType":"im_msvistalog","port":64545,"AccountName":"SYSTEM","RecordNumber":1819250,"Task":13,"Domain":"NT AUTHORITY","@version":"1","OpcodeValue":0,"SourceModuleName":"eventlog","Severity":"INFO","SourceName":"Microsoft-Windows-Sysmon","Version":2,"Image":"C:\\windows\\System32\\svchost.exe","Category":"Registry value set (rule: RegistryEvent)","UtcTime":"2020-09-20 01:18:34.638","Hostname":"WORKSTATION5.theshire.local","RuleName":"-","tags":["mordorDataset"]}
{"Keywords":-9223372036854775808,"SeverityValue":2,"TargetObject":"HKU\\S-1-5-20\\Software\\Microsoft\\Windows\\CurrentVersion\\DeliveryOptimization\\Usage\\DownloadMonthlyInternetBytes","EventTypeOrignal":"INFO","EventID":13,"ProviderGuid":"{5770385F-C22A-43E0-BF4C-06F5698FFBD9}","ExecutionProcessID":9848,"host":"wec.internal.cloudapp.net","Channel":"Microsoft-Windows-Sysmon/Operational","UserID":"S-1-5-18","AccountType":"User","ThreadID":7976,"ProcessGuid":"{b34bc01c-8526-5f63-2103-000000000400}","Details":"QWORD (0x00000000-0x00000000)","EventReceivedTime":"2020-09-19 21:18:36","Opcode":"Info","EventTime":"2020-09-19 21:18:34","@timestamp":"2020-09-20T01:18:36.167Z","SourceModuleType":"im_msvistalog","port":64545,"AccountName":"SYSTEM","RecordNumber":1819251,"Task":13,"Domain":"NT AUTHORITY","@version":"1","OpcodeValue":0,"SourceModuleName":"eventlog","Severity":"INFO","SourceName":"Microsoft-Windows-Sysmon","Version":2,"Image":"C:\\windows\\System32\\svchost.exe","Category":"Registry value set (rule: RegistryEvent)","UtcTime":"2020-09-20 01:18:34.638","Hostname":"WORKSTATION5.theshire.local","RuleName":"-","tags":["mordorDataset"]}
{"Keywords":-9223372036854775808,"SeverityValue":2,"TargetObject":"HKU\\S-1-5-20\\Software\\Microsoft\\Windows\\CurrentVersion\\DeliveryOptimization\\Usage\\DownloadMonthlyLanBytes","EventTypeOrignal":"INFO","EventID":13,"ProviderGuid":"{5770385F-C22A-43E0-BF4C-06F5698FFBD9}","ExecutionProcessID":9848,"host":"wec.internal.cloudapp.net","Channel":"Microsoft-Windows-Sysmon/Operational","UserID":"S-1-5-18","AccountType":"User","ThreadID":7976,"ProcessGuid":"{b34bc01c-8526-5f63-2103-000000000400}","Details":"QWORD (0x00000000-0x00000000)","EventReceivedTime":"2020-09-19 21:18:36","Opcode":"Info","EventTime":"2020-09-19 21:18:34","@timestamp":"2020-09-20T01:18:36.168Z","SourceModuleType":"im_msvistalog","port":64545,"AccountName":"SYSTEM","RecordNumber":1819252,"Task":13,"Domain":"NT AUTHORITY","@version":"1","OpcodeValue":0,"SourceModuleName":"eventlog","Severity":"INFO","SourceName":"Microsoft-Windows-Sysmon","Version":2,"Image":"C:\\windows\\System32\\svchost.exe","Category":"Registry value set (rule: RegistryEvent)","UtcTime":"2020-09-20 01:18:34.638","Hostname":"WORKSTATION5.theshire.local","RuleName":"-","tags":["mordorDataset"]}
{"Keywords":-9223372036854775808,"SeverityValue":2,"TargetObject":"HKU\\S-1-5-20\\Software\\Microsoft\\Windows\\CurrentVersion\\DeliveryOptimization\\Usage\\DownloadMonthlyCdnBytes","EventTypeOrignal":"INFO","EventID":13,"ProviderGuid":"{5770385F-C22A-43E0-BF4C-06F5698FFBD9}","ExecutionProcessID":9848,"host":"wec.internal.cloudapp.net","Channel":"Microsoft-Windows-Sysmon/Operational","UserID":"S-1-5-18","AccountType":"User","ThreadID":7976,"ProcessGuid":"{b34bc01c-8526-5f63-2103-000000000400}","Details":"QWORD (0x00000000-0x4fbbbca0)","EventReceivedTime":"2020-09-19 21:18:36","Opcode":"Info","EventTime":"2020-09-19 21:18:34","@timestamp":"2020-09-20T01:18:36.169Z","SourceModuleType":"im_msvistalog","port":64545,"AccountName":"SYSTEM","RecordNumber":1819253,"Task":13,"Domain":"NT AUTHORITY","@version":"1","OpcodeValue":0,"SourceModuleName":"eventlog","Severity":"INFO","SourceName":"Microsoft-Windows-Sysmon","Version":2,"Image":"C:\\windows\\System32\\svchost.exe","Category":"Registry value set (rule: RegistryEvent)","UtcTime":"2020-09-20 01:18:34.638","Hostname":"WORKSTATION5.theshire.local","RuleName":"-","tags":["mordorDataset"]}
{"Keywords":-9223372036854775808,"SeverityValue":2,"TargetObject":"HKU\\S-1-5-20\\Software\\Microsoft\\Windows\\CurrentVersion\\DeliveryOptimization\\Usage\\DownloadMonthlyRateFrBps","EventTypeOrignal":"INFO","EventID":13,"ProviderGuid":"{5770385F-C22A-43E0-BF4C-06F5698FFBD9}","ExecutionProcessID":9848,"host":"wec.internal.cloudapp.net","Channel":"Microsoft-Windows-Sysmon/Operational","UserID":"S-1-5-18","AccountType":"User","ThreadID":7976,"ProcessGuid":"{b34bc01c-8526-5f63-2103-000000000400}","Details":"QWORD (0x00000000-0x00bb8cde)","EventReceivedTime":"2020-09-19 21:18:37","Opcode":"Info","EventTime":"2020-09-19 21:18:34","@timestamp":"2020-09-20T01:18:37.168Z","SourceModuleType":"im_msvistalog","port":64545,"AccountName":"SYSTEM","RecordNumber":1819254,"Task":13,"Domain":"NT AUTHORITY","@version":"1","OpcodeValue":0,"SourceModuleName":"eventlog","Severity":"INFO","SourceName":"Microsoft-Windows-Sysmon","Version":2,"Image":"C:\\windows\\System32\\svchost.exe","Category":"Registry value set (rule: RegistryEvent)","UtcTime":"2020-09-20 01:18:34.638","Hostname":"WORKSTATION5.theshire.local","RuleName":"-","tags":["mordorDataset"]}
{"Keywords":-9223372036854775808,"SeverityValue":2,"TargetObject":"HKU\\S-1-5-20\\Software\\Microsoft\\Windows\\CurrentVersion\\DeliveryOptimization\\Usage\\DownloadMonthlyRateBkBps","EventTypeOrignal":"INFO","EventID":13,"ProviderGuid":"{5770385F-C22A-43E0-BF4C-06F5698FFBD9}","ExecutionProcessID":9848,"host":"wec.internal.cloudapp.net","Channel":"Microsoft-Windows-Sysmon/Operational","UserID":"S-1-5-18","AccountType":"User","ThreadID":7976,"ProcessGuid":"{b34bc01c-8526-5f63-2103-000000000400}","Details":"QWORD (0x00000000-0x00000000)","EventReceivedTime":"2020-09-19 21:18:37","Opcode":"Info","EventTime":"2020-09-19 21:18:34","@timestamp":"2020-09-20T01:18:37.168Z","SourceModuleType":"im_msvistalog","port":64545,"AccountName":"SYSTEM","RecordNumber":1819255,"Task":13,"Domain":"NT AUTHORITY","@version":"1","OpcodeValue":0,"SourceModuleName":"eventlog","Severity":"INFO","SourceName":"Microsoft-Windows-Sysmon","Version":2,"Image":"C:\\windows\\System32\\svchost.exe","Category":"Registry value set (rule: RegistryEvent)","UtcTime":"2020-09-20 01:18:34.638","Hostname":"WORKSTATION5.theshire.local","RuleName":"-","tags":["mordorDataset"]}
{"Keywords":-9223372036854775808,"SeverityValue":2,"TargetObject":"HKU\\S-1-5-20\\Software\\Microsoft\\Windows\\CurrentVersion\\DeliveryOptimization\\Usage\\MonthID","EventTypeOrignal":"INFO","EventID":13,"ProviderGuid":"{5770385F-C22A-43E0-BF4C-06F5698FFBD9}","ExecutionProcessID":9848,"host":"wec.internal.cloudapp.net","Channel":"Microsoft-Windows-Sysmon/Operational","UserID":"S-1-5-18","AccountType":"User","ThreadID":7976,"ProcessGuid":"{b34bc01c-8526-5f63-2103-000000000400}","Details":"DWORD (0x00000009)","EventReceivedTime":"2020-09-19 21:18:37","Opcode":"Info","EventTime":"2020-09-19 21:18:34","@timestamp":"2020-09-20T01:18:37.168Z","SourceModuleType":"im_msvistalog","port":64545,"AccountName":"SYSTEM","RecordNumber":1819256,"Task":13,"Domain":"NT AUTHORITY","@version":"1","OpcodeValue":0,"SourceModuleName":"eventlog","Severity":"INFO","SourceName":"Microsoft-Windows-Sysmon","Version":2,"Image":"C:\\windows\\System32\\svchost.exe","Category":"Registry value set (rule: RegistryEvent)","UtcTime":"2020-09-20 01:18:34.638","Hostname":"WORKSTATION5.theshire.local","RuleName":"-","tags":["mordorDataset"]}
{"Keywords":-9223372036854775808,"SeverityValue":2,"TargetObject":"HKU\\S-1-5-20\\Software\\Microsoft\\Windows\\CurrentVersion\\DeliveryOptimization\\Config\\DownloadMode_BackCompat","EventTypeOrignal":"INFO","EventID":13,"ProviderGuid":"{5770385F-C22A-43E0-BF4C-06F5698FFBD9}","ExecutionProcessID":9848,"host":"wec.internal.cloudapp.net","Channel":"Microsoft-Windows-Sysmon/Operational","UserID":"S-1-5-18","AccountType":"User","ThreadID":7976,"ProcessGuid":"{b34bc01c-8526-5f63-2103-000000000400}","Details":"DWORD (0x00000001)","EventReceivedTime":"2020-09-19 21:18:37","Opcode":"Info","EventTime":"2020-09-19 21:18:34","@timestamp":"2020-09-20T01:18:37.170Z","SourceModuleType":"im_msvistalog","port":64545,"AccountName":"SYSTEM","RecordNumber":1819257,"Task":13,"Domain":"NT AUTHORITY","@version":"1","OpcodeValue":0,"SourceModuleName":"eventlog","Severity":"INFO","SourceName":"Microsoft-Windows-Sysmon","Version":2,"Image":"C:\\windows\\System32\\svchost.exe","Category":"Registry value set (rule: RegistryEvent)","UtcTime":"2020-09-20 01:18:34.638","Hostname":"WORKSTATION5.theshire.local","RuleName":"-","tags":["mordorDataset"]}
{"Keywords":-9223372036854775808,"SeverityValue":2,"TargetObject":"HKU\\S-1-5-20\\Software\\Microsoft\\Windows\\CurrentVersion\\DeliveryOptimization\\Config\\DODownloadMode","EventTypeOrignal":"INFO","EventID":13,"ProviderGuid":"{5770385F-C22A-43E0-BF4C-06F5698FFBD9}","ExecutionProcessID":9848,"host":"wec.internal.cloudapp.net","Channel":"Microsoft-Windows-Sysmon/Operational","UserID":"S-1-5-18","AccountType":"User","ThreadID":7976,"ProcessGuid":"{b34bc01c-8526-5f63-2103-000000000400}","Details":"DWORD (0x00000001)","EventReceivedTime":"2020-09-19 21:18:37","Opcode":"Info","EventTime":"2020-09-19 21:18:34","@timestamp":"2020-09-20T01:18:37.170Z","SourceModuleType":"im_msvistalog","port":64545,"AccountName":"SYSTEM","RecordNumber":1819258,"Task":13,"Domain":"NT AUTHORITY","@version":"1","OpcodeValue":0,"SourceModuleName":"eventlog","Severity":"INFO","SourceName":"Microsoft-Windows-Sysmon","Version":2,"Image":"C:\\windows\\System32\\svchost.exe","Category":"Registry value set (rule: RegistryEvent)","UtcTime":"2020-09-20 01:18:34.638","Hostname":"WORKSTATION5.theshire.local","RuleName":"-","tags":["mordorDataset"]}
{"Keywords":-9223372036854775808,"SeverityValue":2,"TargetObject":"HKU\\S-1-5-20\\Software\\Microsoft\\Windows\\CurrentVersion\\DeliveryOptimization\\Config\\DownloadMode_BackCompat","EventTypeOrignal":"INFO","EventID":13,"ProviderGuid":"{5770385F-C22A-43E0-BF4C-06F5698FFBD9}","ExecutionProcessID":9848,"host":"wec.internal.cloudapp.net","Channel":"Microsoft-Windows-Sysmon/Operational","UserID":"S-1-5-18","AccountType":"User","ThreadID":7976,"ProcessGuid":"{b34bc01c-8526-5f63-2103-000000000400}","Details":"DWORD (0x00000001)","EventReceivedTime":"2020-09-19 21:18:37","Opcode":"Info","EventTime":"2020-09-19 21:18:34","@timestamp":"2020-09-20T01:18:37.170Z","SourceModuleType":"im_msvistalog","port":64545,"AccountName":"SYSTEM","RecordNumber":1819259,"Task":13,"Domain":"NT AUTHORITY","@version":"1","OpcodeValue":0,"SourceModuleName":"eventlog","Severity":"INFO","SourceName":"Microsoft-Windows-Sysmon","Version":2,"Image":"C:\\windows\\System32\\svchost.exe","Category":"Registry value set (rule: RegistryEvent)","UtcTime":"2020-09-20 01:18:34.638","Hostname":"WORKSTATION5.theshire.local","RuleName":"-","tags":["mordorDataset"]}
{"Keywords":-9223372036854775808,"SeverityValue":2,"TargetObject":"HKU\\S-1-5-20\\Software\\Microsoft\\Windows\\CurrentVersion\\DeliveryOptimization\\Config\\DODownloadMode","EventTypeOrignal":"INFO","EventID":13,"ProviderGuid":"{5770385F-C22A-43E0-BF4C-06F5698FFBD9}","ExecutionProcessID":9848,"host":"wec.internal.cloudapp.net","Channel":"Microsoft-Windows-Sysmon/Operational","UserID":"S-1-5-18","AccountType":"User","ThreadID":7976,"ProcessGuid":"{b34bc01c-8526-5f63-2103-000000000400}","Details":"DWORD (0x00000001)","EventReceivedTime":"2020-09-19 21:18:37","Opcode":"Info","EventTime":"2020-09-19 21:18:34","@timestamp":"2020-09-20T01:18:37.171Z","SourceModuleType":"im_msvistalog","port":64545,"AccountName":"SYSTEM","RecordNumber":1819260,"Task":13,"Domain":"NT AUTHORITY","@version":"1","OpcodeValue":0,"SourceModuleName":"eventlog","Severity":"INFO","SourceName":"Microsoft-Windows-Sysmon","Version":2,"Image":"C:\\windows\\System32\\svchost.exe","Category":"Registry value set (rule: RegistryEvent)","UtcTime":"2020-09-20 01:18:34.638","Hostname":"WORKSTATION5.theshire.local","RuleName":"-","tags":["mordorDataset"]}
{"Keywords":-9223372036854775808,"SeverityValue":2,"TargetObject":"HKLM\\SOFTWARE\\Microsoft\\Windows\\CurrentVersion\\Internet Settings\\Connections","EventTypeOrignal":"INFO","EventID":12,"ProviderGuid":"{5770385F-C22A-43E0-BF4C-06F5698FFBD9}","ExecutionProcessID":9848,"host":"wec.internal.cloudapp.net","Channel":"Microsoft-Windows-Sysmon/Operational","UserID":"S-1-5-18","AccountType":"User","ThreadID":7976,"ProcessGuid":"{b34bc01c-7fb5-5f63-4f00-000000000400}","EventReceivedTime":"2020-09-19 21:18:37","Opcode":"Info","EventTime":"2020-09-19 21:18:35","@timestamp":"2020-09-20T01:18:37.171Z","SourceModuleType":"im_msvistalog","port":64545,"AccountName":"SYSTEM","RecordNumber":1819261,"Task":12,"Domain":"NT AUTHORITY","@version":"1","OpcodeValue":0,"SourceModuleName":"eventlog","Severity":"INFO","SourceName":"Microsoft-Windows-Sysmon","Version":2,"Image":"C:\\Packages\\Plugins\\Microsoft.Azure.NetworkWatcher.NetworkWatcherAgentWindows\\1.4.1654.1\\NetworkWatcherAgent\\NetworkWatcherAgent.exe","Category":"Registry object added or deleted (rule: RegistryEvent)","UtcTime":"2020-09-20 01:18:35.337","Hostname":"WORKSTATION5.theshire.local","RuleName":"-","tags":["mordorDataset"]}
{"Keywords":-9223372036854775808,"SeverityValue":2,"TargetObject":"HKU\\.DEFAULT\\Software\\Microsoft\\Windows\\CurrentVersion\\Internet Settings\\Connections","EventTypeOrignal":"INFO","EventID":12,"ProviderGuid":"{5770385F-C22A-43E0-BF4C-06F5698FFBD9}","ExecutionProcessID":9848,"host":"wec.internal.cloudapp.net","Channel":"Microsoft-Windows-Sysmon/Operational","UserID":"S-1-5-18","AccountType":"User","ThreadID":7976,"ProcessGuid":"{b34bc01c-7fb5-5f63-4f00-000000000400}","EventReceivedTime":"2020-09-19 21:18:37","Opcode":"Info","EventTime":"2020-09-19 21:18:35","@timestamp":"2020-09-20T01:18:37.171Z","SourceModuleType":"im_msvistalog","port":64545,"AccountName":"SYSTEM","RecordNumber":1819262,"Task":12,"Domain":"NT AUTHORITY","@version":"1","OpcodeValue":0,"SourceModuleName":"eventlog","Severity":"INFO","SourceName":"Microsoft-Windows-Sysmon","Version":2,"Image":"C:\\Packages\\Plugins\\Microsoft.Azure.NetworkWatcher.NetworkWatcherAgentWindows\\1.4.1654.1\\NetworkWatcherAgent\\NetworkWatcherAgent.exe","Category":"Registry object added or deleted (rule: RegistryEvent)","UtcTime":"2020-09-20 01:18:35.337","Hostname":"WORKSTATION5.theshire.local","RuleName":"-","tags":["mordorDataset"]}
{"Keywords":-9223372036854775808,"SeverityValue":2,"TargetObject":"HKLM\\SOFTWARE\\Microsoft\\Windows\\CurrentVersion\\Internet Settings\\Connections","EventTypeOrignal":"INFO","EventID":12,"ProviderGuid":"{5770385F-C22A-43E0-BF4C-06F5698FFBD9}","ExecutionProcessID":9848,"host":"wec.internal.cloudapp.net","Channel":"Microsoft-Windows-Sysmon/Operational","UserID":"S-1-5-18","AccountType":"User","ThreadID":7976,"ProcessGuid":"{b34bc01c-7fb5-5f63-4f00-000000000400}","EventReceivedTime":"2020-09-19 21:18:37","Opcode":"Info","EventTime":"2020-09-19 21:18:35","@timestamp":"2020-09-20T01:18:37.171Z","SourceModuleType":"im_msvistalog","port":64545,"AccountName":"SYSTEM","RecordNumber":1819263,"Task":12,"Domain":"NT AUTHORITY","@version":"1","OpcodeValue":0,"SourceModuleName":"eventlog","Severity":"INFO","SourceName":"Microsoft-Windows-Sysmon","Version":2,"Image":"C:\\Packages\\Plugins\\Microsoft.Azure.NetworkWatcher.NetworkWatcherAgentWindows\\1.4.1654.1\\NetworkWatcherAgent\\NetworkWatcherAgent.exe","Category":"Registry object added or deleted (rule: RegistryEvent)","UtcTime":"2020-09-20 01:18:35.337","Hostname":"WORKSTATION5.theshire.local","RuleName":"-","tags":["mordorDataset"]}
{"Keywords":-9223372036854775808,"SeverityValue":2,"TargetObject":"HKLM\\System\\CurrentControlSet\\Services\\Tcpip\\Parameters","EventTypeOrignal":"INFO","EventID":12,"ProviderGuid":"{5770385F-C22A-43E0-BF4C-06F5698FFBD9}","ExecutionProcessID":9848,"host":"wec.internal.cloudapp.net","Channel":"Microsoft-Windows-Sysmon/Operational","UserID":"S-1-5-18","AccountType":"User","ThreadID":7976,"ProcessGuid":"{b34bc01c-7fb5-5f63-4f00-000000000400}","EventReceivedTime":"2020-09-19 21:18:37","Opcode":"Info","EventTime":"2020-09-19 21:18:35","@timestamp":"2020-09-20T01:18:37.172Z","SourceModuleType":"im_msvistalog","port":64545,"AccountName":"SYSTEM","RecordNumber":1819264,"Task":12,"Domain":"NT AUTHORITY","@version":"1","OpcodeValue":0,"SourceModuleName":"eventlog","Severity":"INFO","SourceName":"Microsoft-Windows-Sysmon","Version":2,"Image":"C:\\Packages\\Plugins\\Microsoft.Azure.NetworkWatcher.NetworkWatcherAgentWindows\\1.4.1654.1\\NetworkWatcherAgent\\NetworkWatcherAgent.exe","Category":"Registry object added or deleted (rule: RegistryEvent)","UtcTime":"2020-09-20 01:18:35.337","Hostname":"WORKSTATION5.theshire.local","RuleName":"-","tags":["mordorDataset"]}
{"Keywords":-9223372036854775808,"SeverityValue":2,"TargetObject":"HKLM\\System\\CurrentControlSet\\Services\\Tcpip\\Parameters","EventTypeOrignal":"INFO","EventID":12,"ProviderGuid":"{5770385F-C22A-43E0-BF4C-06F5698FFBD9}","ExecutionProcessID":9848,"host":"wec.internal.cloudapp.net","Channel":"Microsoft-Windows-Sysmon/Operational","UserID":"S-1-5-18","AccountType":"User","ThreadID":7976,"ProcessGuid":"{b34bc01c-7fb5-5f63-4f00-000000000400}","EventReceivedTime":"2020-09-19 21:18:37","Opcode":"Info","EventTime":"2020-09-19 21:18:35","@timestamp":"2020-09-20T01:18:37.172Z","SourceModuleType":"im_msvistalog","port":64545,"AccountName":"SYSTEM","RecordNumber":1819265,"Task":12,"Domain":"NT AUTHORITY","@version":"1","OpcodeValue":0,"SourceModuleName":"eventlog","Severity":"INFO","SourceName":"Microsoft-Windows-Sysmon","Version":2,"Image":"C:\\Packages\\Plugins\\Microsoft.Azure.NetworkWatcher.NetworkWatcherAgentWindows\\1.4.1654.1\\NetworkWatcherAgent\\NetworkWatcherAgent.exe","Category":"Registry object added or deleted (rule: RegistryEvent)","UtcTime":"2020-09-20 01:18:35.352","Hostname":"WORKSTATION5.theshire.local","RuleName":"-","tags":["mordorDataset"]}
{"Keywords":-9223372036854775808,"SeverityValue":2,"TargetObject":"HKLM\\System\\CurrentControlSet\\Services\\Tcpip\\Parameters","EventTypeOrignal":"INFO","EventID":12,"ProviderGuid":"{5770385F-C22A-43E0-BF4C-06F5698FFBD9}","ExecutionProcessID":9848,"host":"wec.internal.cloudapp.net","Channel":"Microsoft-Windows-Sysmon/Operational","UserID":"S-1-5-18","AccountType":"User","ThreadID":7976,"ProcessGuid":"{b34bc01c-7fb5-5f63-4f00-000000000400}","EventReceivedTime":"2020-09-19 21:18:37","Opcode":"Info","EventTime":"2020-09-19 21:18:35","@timestamp":"2020-09-20T01:18:37.173Z","SourceModuleType":"im_msvistalog","port":64545,"AccountName":"SYSTEM","RecordNumber":1819266,"Task":12,"Domain":"NT AUTHORITY","@version":"1","OpcodeValue":0,"SourceModuleName":"eventlog","Severity":"INFO","SourceName":"Microsoft-Windows-Sysmon","Version":2,"Image":"C:\\Packages\\Plugins\\Microsoft.Azure.NetworkWatcher.NetworkWatcherAgentWindows\\1.4.1654.1\\NetworkWatcherAgent\\NetworkWatcherAgent.exe","Category":"Registry object added or deleted (rule: RegistryEvent)","UtcTime":"2020-09-20 01:18:35.352","Hostname":"WORKSTATION5.theshire.local","RuleName":"-","tags":["mordorDataset"]}
{"Keywords":-9223372036854775808,"SeverityValue":2,"TargetObject":"HKLM\\System\\CurrentControlSet\\Services\\Tcpip\\Parameters","EventTypeOrignal":"INFO","EventID":12,"ProviderGuid":"{5770385F-C22A-43E0-BF4C-06F5698FFBD9}","ExecutionProcessID":9848,"host":"wec.internal.cloudapp.net","Channel":"Microsoft-Windows-Sysmon/Operational","UserID":"S-1-5-18","AccountType":"User","ThreadID":7976,"ProcessGuid":"{b34bc01c-7fb5-5f63-4f00-000000000400}","EventReceivedTime":"2020-09-19 21:18:37","Opcode":"Info","EventTime":"2020-09-19 21:18:35","@timestamp":"2020-09-20T01:18:37.173Z","SourceModuleType":"im_msvistalog","port":64545,"AccountName":"SYSTEM","RecordNumber":1819267,"Task":12,"Domain":"NT AUTHORITY","@version":"1","OpcodeValue":0,"SourceModuleName":"eventlog","Severity":"INFO","SourceName":"Microsoft-Windows-Sysmon","Version":2,"Image":"C:\\Packages\\Plugins\\Microsoft.Azure.NetworkWatcher.NetworkWatcherAgentWindows\\1.4.1654.1\\NetworkWatcherAgent\\NetworkWatcherAgent.exe","Category":"Registry object added or deleted (rule: RegistryEvent)","UtcTime":"2020-09-20 01:18:35.352","Hostname":"WORKSTATION5.theshire.local","RuleName":"-","tags":["mordorDataset"]}
{"Keywords":-9223372036854775808,"SeverityValue":2,"TargetObject":"HKLM\\System\\CurrentControlSet\\Services\\Tcpip\\Parameters","EventTypeOrignal":"INFO","EventID":12,"ProviderGuid":"{5770385F-C22A-43E0-BF4C-06F5698FFBD9}","ExecutionProcessID":9848,"host":"wec.internal.cloudapp.net","Channel":"Microsoft-Windows-Sysmon/Operational","UserID":"S-1-5-18","AccountType":"User","ThreadID":7976,"ProcessGuid":"{b34bc01c-7fb5-5f63-4f00-000000000400}","EventReceivedTime":"2020-09-19 21:18:37","Opcode":"Info","EventTime":"2020-09-19 21:18:35","@timestamp":"2020-09-20T01:18:37.174Z","SourceModuleType":"im_msvistalog","port":64545,"AccountName":"SYSTEM","RecordNumber":1819268,"Task":12,"Domain":"NT AUTHORITY","@version":"1","OpcodeValue":0,"SourceModuleName":"eventlog","Severity":"INFO","SourceName":"Microsoft-Windows-Sysmon","Version":2,"Image":"C:\\Packages\\Plugins\\Microsoft.Azure.NetworkWatcher.NetworkWatcherAgentWindows\\1.4.1654.1\\NetworkWatcherAgent\\NetworkWatcherAgent.exe","Category":"Registry object added or deleted (rule: RegistryEvent)","UtcTime":"2020-09-20 01:18:35.352","Hostname":"WORKSTATION5.theshire.local","RuleName":"-","tags":["mordorDataset"]}
{"Keywords":-9223372036854775808,"SeverityValue":2,"TargetObject":"HKLM\\System\\CurrentControlSet\\Services\\Tcpip\\Parameters","EventTypeOrignal":"INFO","EventID":12,"ProviderGuid":"{5770385F-C22A-43E0-BF4C-06F5698FFBD9}","ExecutionProcessID":9848,"host":"wec.internal.cloudapp.net","Channel":"Microsoft-Windows-Sysmon/Operational","UserID":"S-1-5-18","AccountType":"User","ThreadID":7976,"ProcessGuid":"{b34bc01c-7fb5-5f63-4f00-000000000400}","EventReceivedTime":"2020-09-19 21:18:37","Opcode":"Info","EventTime":"2020-09-19 21:18:35","@timestamp":"2020-09-20T01:18:37.174Z","SourceModuleType":"im_msvistalog","port":64545,"AccountName":"SYSTEM","RecordNumber":1819269,"Task":12,"Domain":"NT AUTHORITY","@version":"1","OpcodeValue":0,"SourceModuleName":"eventlog","Severity":"INFO","SourceName":"Microsoft-Windows-Sysmon","Version":2,"Image":"C:\\Packages\\Plugins\\Microsoft.Azure.NetworkWatcher.NetworkWatcherAgentWindows\\1.4.1654.1\\NetworkWatcherAgent\\NetworkWatcherAgent.exe","Category":"Registry object added or deleted (rule: RegistryEvent)","UtcTime":"2020-09-20 01:18:35.352","Hostname":"WORKSTATION5.theshire.local","RuleName":"-","tags":["mordorDataset"]}
{"Keywords":-9214364837600034816,"SeverityValue":2,"Application":"\\device\\harddiskvolume2\\windowsazure\\guestagent_2.7.41491.993_2020-09-17_150607\\guestagent\\windowsazureguestagent.exe","EventID":5158,"ProviderGuid":"{54849625-5478-4994-A5BA-3E3B0328C30D}","ExecutionProcessID":4,"Channel":"Security","host":"wec.internal.cloudapp.net","EventReceivedTime":"2020-09-19 21:18:37","ProcessId":"3596","ThreadID":1436,"EventType":"AUDIT_SUCCESS","Opcode":"Info","EventTime":"2020-09-19 21:18:34","Message":"The Windows Filtering Platform has permitted a bind to a local port.\r\n\r\nApplication Information:\r\n\tProcess ID:\t\t3596\r\n\tApplication Name:\t\\device\\harddiskvolume2\\windowsazure\\guestagent_2.7.41491.993_2020-09-17_150607\\guestagent\\windowsazureguestagent.exe\r\n\r\nNetwork Information:\r\n\tSource Address:\t\t0.0.0.0\r\n\tSource Port:\t\t58259\r\n\tProtocol:\t\t6\r\n\r\nFilter Information:\r\n\tFilter Run-Time ID:\t0\r\n\tLayer Name:\t\tResource Assignment\r\n\tLayer Run-Time ID:\t36","FilterRTID":"0","@timestamp":"2020-09-20T01:18:37.174Z","LayerRTID":"36","SourceModuleType":"im_msvistalog","port":64545,"RecordNumber":1103039,"Task":12810,"Protocol":"6","@version":"1","OpcodeValue":0,"SourcePort":"58259","SourceModuleName":"eventlog","Severity":"INFO","SourceName":"Microsoft-Windows-Security-Auditing","Version":0,"LayerName":"%%14608","Category":"Filtering Platform Connection","SourceAddress":"0.0.0.0","tags":["mordorDataset"],"Hostname":"MORDORDC.theshire.local"}
{"Keywords":-9214364837600034816,"SeverityValue":2,"Application":"\\device\\harddiskvolume2\\windowsazure\\guestagent_2.7.41491.993_2020-09-17_150607\\guestagent\\windowsazureguestagent.exe","EventID":5156,"ProviderGuid":"{54849625-5478-4994-A5BA-3E3B0328C30D}","ExecutionProcessID":4,"Channel":"Security","host":"wec.internal.cloudapp.net","EventReceivedTime":"2020-09-19 21:18:37","ProcessId":"3596","ThreadID":1436,"EventType":"AUDIT_SUCCESS","Opcode":"Info","EventTime":"2020-09-19 21:18:34","Message":"The Windows Filtering Platform has permitted a connection.\r\n\r\nApplication Information:\r\n\tProcess ID:\t\t3596\r\n\tApplication Name:\t\\device\\harddiskvolume2\\windowsazure\\guestagent_2.7.41491.993_2020-09-17_150607\\guestagent\\windowsazureguestagent.exe\r\n\r\nNetwork Information:\r\n\tDirection:\t\tOutbound\r\n\tSource Address:\t\t172.18.38.5\r\n\tSource Port:\t\t58259\r\n\tDestination Address:\t168.63.129.16\r\n\tDestination Port:\t\t80\r\n\tProtocol:\t\t6\r\n\r\nFilter Information:\r\n\tFilter Run-Time ID:\t71130\r\n\tLayer Name:\t\tConnect\r\n\tLayer Run-Time ID:\t48","FilterRTID":"71130","RemoteUserID":"S-1-0-0","@timestamp":"2020-09-20T01:18:37.174Z","LayerRTID":"48","SourceModuleType":"im_msvistalog","port":64545,"RecordNumber":1103040,"Task":12810,"Direction":"%%14593","@version":"1","OpcodeValue":0,"SourcePort":"58259","DestPort":"80","Protocol":"6","SourceModuleName":"eventlog","Severity":"INFO","DestAddress":"168.63.129.16","SourceName":"Microsoft-Windows-Security-Auditing","Version":1,"LayerName":"%%14611","RemoteMachineID":"S-1-0-0","Category":"Filtering Platform Connection","SourceAddress":"172.18.38.5","tags":["mordorDataset"],"Hostname":"MORDORDC.theshire.local"}
{"Keywords":-9214364837600034816,"SeverityValue":2,"Application":"\\device\\harddiskvolume2\\packages\\plugins\\microsoft.azure.networkwatcher.networkwatcheragentwindows\\1.4.1654.1\\networkwatcheragent\\networkwatcheragent.exe","EventID":5158,"ProviderGuid":"{54849625-5478-4994-A5BA-3E3B0328C30D}","ExecutionProcessID":4,"Channel":"Security","host":"wec.internal.cloudapp.net","EventReceivedTime":"2020-09-19 21:18:37","ProcessId":"3412","ThreadID":7796,"EventType":"AUDIT_SUCCESS","Opcode":"Info","EventTime":"2020-09-19 21:18:35","Message":"The Windows Filtering Platform has permitted a bind to a local port.\r\n\r\nApplication Information:\r\n\tProcess ID:\t\t3412\r\n\tApplication Name:\t\\device\\harddiskvolume2\\packages\\plugins\\microsoft.azure.networkwatcher.networkwatcheragentwindows\\1.4.1654.1\\networkwatcheragent\\networkwatcheragent.exe\r\n\r\nNetwork Information:\r\n\tSource Address:\t\t0.0.0.0\r\n\tSource Port:\t\t63104\r\n\tProtocol:\t\t6\r\n\r\nFilter Information:\r\n\tFilter Run-Time ID:\t0\r\n\tLayer Name:\t\tResource Assignment\r\n\tLayer Run-Time ID:\t36","FilterRTID":"0","@timestamp":"2020-09-20T01:18:37.175Z","LayerRTID":"36","SourceModuleType":"im_msvistalog","port":64545,"RecordNumber":466995,"Task":12810,"Protocol":"6","@version":"1","OpcodeValue":0,"SourcePort":"63104","SourceModuleName":"eventlog","Severity":"INFO","SourceName":"Microsoft-Windows-Security-Auditing","Version":0,"LayerName":"%%14608","Category":"Filtering Platform Connection","SourceAddress":"0.0.0.0","tags":["mordorDataset"],"Hostname":"WORKSTATION5.theshire.local"}
{"Keywords":-9214364837600034816,"SeverityValue":2,"Application":"\\device\\harddiskvolume2\\packages\\plugins\\microsoft.azure.networkwatcher.networkwatcheragentwindows\\1.4.1654.1\\networkwatcheragent\\networkwatcheragent.exe","EventID":5156,"ProviderGuid":"{54849625-5478-4994-A5BA-3E3B0328C30D}","ExecutionProcessID":4,"Channel":"Security","host":"wec.internal.cloudapp.net","EventReceivedTime":"2020-09-19 21:18:37","ProcessId":"3412","ThreadID":7796,"EventType":"AUDIT_SUCCESS","Opcode":"Info","EventTime":"2020-09-19 21:18:35","Message":"The Windows Filtering Platform has permitted a connection.\r\n\r\nApplication Information:\r\n\tProcess ID:\t\t3412\r\n\tApplication Name:\t\\device\\harddiskvolume2\\packages\\plugins\\microsoft.azure.networkwatcher.networkwatcheragentwindows\\1.4.1654.1\\networkwatcheragent\\networkwatcheragent.exe\r\n\r\nNetwork Information:\r\n\tDirection:\t\tOutbound\r\n\tSource Address:\t\t172.18.39.5\r\n\tSource Port:\t\t63104\r\n\tDestination Address:\t169.254.169.254\r\n\tDestination Port:\t\t80\r\n\tProtocol:\t\t6\r\n\r\nFilter Information:\r\n\tFilter Run-Time ID:\t73106\r\n\tLayer Name:\t\tConnect\r\n\tLayer Run-Time ID:\t48","FilterRTID":"73106","RemoteUserID":"S-1-0-0","@timestamp":"2020-09-20T01:18:37.175Z","LayerRTID":"48","SourceModuleType":"im_msvistalog","port":64545,"RecordNumber":466996,"Task":12810,"Direction":"%%14593","@version":"1","OpcodeValue":0,"SourcePort":"63104","DestPort":"80","Protocol":"6","SourceModuleName":"eventlog","Severity":"INFO","DestAddress":"169.254.169.254","SourceName":"Microsoft-Windows-Security-Auditing","Version":1,"LayerName":"%%14611","RemoteMachineID":"S-1-0-0","Category":"Filtering Platform Connection","SourceAddress":"172.18.39.5","tags":["mordorDataset"],"Hostname":"WORKSTATION5.theshire.local"}
{"Keywords":-9223372036854775808,"SeverityValue":2,"SourceImage":"C:\\windows\\system32\\svchost.exe","EventID":10,"ProviderGuid":"{5770385F-C22A-43E0-BF4C-06F5698FFBD9}","ExecutionProcessID":9848,"Channel":"Microsoft-Windows-Sysmon/Operational","host":"wec.internal.cloudapp.net","AccountType":"User","UserID":"S-1-5-18","SourceProcessGUID":"{b34bc01c-7fae-5f63-1000-000000000400}","ThreadID":7976,"TargetImage":"C:\\windows\\System32\\svchost.exe","GrantedAccess":"0x1000","EventType":"INFO","Opcode":"Info","EventTime":"2020-09-19 21:18:35","EventReceivedTime":"2020-09-19 21:18:37","@timestamp":"2020-09-20T01:18:37.175Z","SourceModuleType":"im_msvistalog","port":64545,"AccountName":"SYSTEM","RecordNumber":1819270,"SourceProcessId":"880","SourceThreadId":"8540","Task":10,"Domain":"NT AUTHORITY","@version":"1","OpcodeValue":0,"SourceModuleName":"eventlog","TargetProcessGUID":"{b34bc01c-803f-5f63-5402-000000000400}","Severity":"INFO","SourceName":"Microsoft-Windows-Sysmon","Version":3,"TargetProcessId":"704","Category":"Process accessed (rule: ProcessAccess)","CallTrace":"C:\\windows\\SYSTEM32\\ntdll.dll+9c534|C:\\windows\\SYSTEM32\\psmserviceexthost.dll+222a3|C:\\windows\\SYSTEM32\\psmserviceexthost.dll+1a172|C:\\windows\\SYSTEM32\\psmserviceexthost.dll+19e3b|C:\\windows\\SYSTEM32\\psmserviceexthost.dll+19318|C:\\windows\\SYSTEM32\\ntdll.dll+3081d|C:\\windows\\SYSTEM32\\ntdll.dll+345b4|C:\\windows\\System32\\KERNEL32.DLL+17bd4|C:\\windows\\SYSTEM32\\ntdll.dll+6ce51","UtcTime":"2020-09-20 01:18:35.638","Hostname":"WORKSTATION5.theshire.local","RuleName":"-","tags":["mordorDataset"]}
{"Keywords":-9223372036854775808,"SeverityValue":2,"SourceImage":"C:\\windows\\system32\\svchost.exe","EventID":10,"ProviderGuid":"{5770385F-C22A-43E0-BF4C-06F5698FFBD9}","ExecutionProcessID":9848,"Channel":"Microsoft-Windows-Sysmon/Operational","host":"wec.internal.cloudapp.net","AccountType":"User","UserID":"S-1-5-18","SourceProcessGUID":"{b34bc01c-7fae-5f63-1000-000000000400}","ThreadID":7976,"TargetImage":"C:\\windows\\System32\\svchost.exe","GrantedAccess":"0x1000","EventType":"INFO","Opcode":"Info","EventTime":"2020-09-19 21:18:35","EventReceivedTime":"2020-09-19 21:18:37","@timestamp":"2020-09-20T01:18:37.176Z","SourceModuleType":"im_msvistalog","port":64545,"AccountName":"SYSTEM","RecordNumber":1819271,"SourceProcessId":"880","SourceThreadId":"8540","Task":10,"Domain":"NT AUTHORITY","@version":"1","OpcodeValue":0,"SourceModuleName":"eventlog","TargetProcessGUID":"{b34bc01c-803f-5f63-5402-000000000400}","Severity":"INFO","SourceName":"Microsoft-Windows-Sysmon","Version":3,"TargetProcessId":"704","Category":"Process accessed (rule: ProcessAccess)","CallTrace":"C:\\windows\\SYSTEM32\\ntdll.dll+9c534|C:\\windows\\SYSTEM32\\psmserviceexthost.dll+222a3|C:\\windows\\SYSTEM32\\psmserviceexthost.dll+1a172|C:\\windows\\SYSTEM32\\psmserviceexthost.dll+19e3b|C:\\windows\\SYSTEM32\\psmserviceexthost.dll+19318|C:\\windows\\SYSTEM32\\ntdll.dll+3081d|C:\\windows\\SYSTEM32\\ntdll.dll+345b4|C:\\windows\\System32\\KERNEL32.DLL+17bd4|C:\\windows\\SYSTEM32\\ntdll.dll+6ce51","UtcTime":"2020-09-20 01:18:35.638","Hostname":"WORKSTATION5.theshire.local","RuleName":"-","tags":["mordorDataset"]}
{"Keywords":-9223372036854775808,"SeverityValue":2,"SourceImage":"C:\\windows\\system32\\svchost.exe","EventID":10,"ProviderGuid":"{5770385F-C22A-43E0-BF4C-06F5698FFBD9}","ExecutionProcessID":9848,"Channel":"Microsoft-Windows-Sysmon/Operational","host":"wec.internal.cloudapp.net","AccountType":"User","UserID":"S-1-5-18","SourceProcessGUID":"{b34bc01c-7fae-5f63-1000-000000000400}","ThreadID":7976,"TargetImage":"C:\\windows\\System32\\svchost.exe","GrantedAccess":"0x1000","EventType":"INFO","Opcode":"Info","EventTime":"2020-09-19 21:18:36","EventReceivedTime":"2020-09-19 21:18:39","@timestamp":"2020-09-20T01:18:39.168Z","SourceModuleType":"im_msvistalog","port":64545,"AccountName":"SYSTEM","RecordNumber":1819272,"SourceProcessId":"880","SourceThreadId":"9684","Task":10,"Domain":"NT AUTHORITY","@version":"1","OpcodeValue":0,"SourceModuleName":"eventlog","TargetProcessGUID":"{b34bc01c-803f-5f63-5402-000000000400}","Severity":"INFO","SourceName":"Microsoft-Windows-Sysmon","Version":3,"TargetProcessId":"704","Category":"Process accessed (rule: ProcessAccess)","CallTrace":"C:\\windows\\SYSTEM32\\ntdll.dll+9c534|C:\\windows\\SYSTEM32\\psmserviceexthost.dll+222a3|C:\\windows\\SYSTEM32\\psmserviceexthost.dll+1a172|C:\\windows\\SYSTEM32\\psmserviceexthost.dll+19e3b|C:\\windows\\SYSTEM32\\psmserviceexthost.dll+19318|C:\\windows\\SYSTEM32\\ntdll.dll+3081d|C:\\windows\\SYSTEM32\\ntdll.dll+345b4|C:\\windows\\System32\\KERNEL32.DLL+17bd4|C:\\windows\\SYSTEM32\\ntdll.dll+6ce51","UtcTime":"2020-09-20 01:18:36.654","Hostname":"WORKSTATION5.theshire.local","RuleName":"-","tags":["mordorDataset"]}
