{"@version":"1","EventType":"INFO","AccountType":"User","ThreadID":4208,"Channel":"Microsoft-Windows-Sysmon/Operational","OpcodeValue":0,"OriginalFileName":"msvcrt.dll","Hostname":"MORDORDC.theshire.local","@timestamp":"2020-08-06T07:21:19.322Z","ProcessId":"6828","Signed":"true","host":"wec.internal.cloudapp.net","SignatureStatus":"Valid","Severity":"INFO","SeverityValue":2,"Image":"C:\\Windows\\System32\\conhost.exe","SourceModuleType":"im_msvistalog","FileVersion":"7.0.17763.475 (WinBuild.160101.0800)","Version":3,"Company":"Microsoft Corporation","EventTime":"2020-08-06 03:21:18","Task":7,"Signature":"Microsoft Windows","SourceName":"Microsoft-Windows-Sysmon","Message":"Image loaded:\r\nRuleName: -\r\nUtcTime: 2020-08-06 07:21:18.692\r\nProcessGuid: {9f85ce58-af6e-5f2b-2004-000000000400}\r\nProcessId: 6828\r\nImage: C:\\Windows\\System32\\conhost.exe\r\nImageLoaded: C:\\Windows\\System32\\msvcrt.dll\r\nFileVersion: 7.0.17763.475 (WinBuild.160101.0800)\r\nDescription: Windows NT CRT DLL\r\nProduct: Microsoft® Windows® Operating System\r\nCompany: Microsoft Corporation\r\nOriginalFileName: msvcrt.dll\r\nHashes: SHA1=ECA51F7D37874CF1029BC2FE3B0CF0E8CDF71E8E,MD5=DD0349151478B48FFCE769B50F8CDD33,SHA256=39095FE07AC2E244E2180C58BEC2898A0986DDA2BD2ABBC4F739D11E67720F2E,IMPHASH=1273683626EBBA703979F188A1E64237\r\nSigned: true\r\nSignature: Microsoft Windows\r\nSignatureStatus: Valid","SourceModuleName":"eventlog","ImageLoaded":"C:\\Windows\\System32\\msvcrt.dll","EventReceivedTime":"2020-08-06 03:21:19","port":60122,"AccountName":"SYSTEM","UtcTime":"2020-08-06 07:21:18.692","Domain":"NT AUTHORITY","ExecutionProcessID":3888,"Hashes":"SHA1=ECA51F7D37874CF1029BC2FE3B0CF0E8CDF71E8E,MD5=DD0349151478B48FFCE769B50F8CDD33,SHA256=39095FE07AC2E244E2180C58BEC2898A0986DDA2BD2ABBC4F739D11E67720F2E,IMPHASH=1273683626EBBA703979F188A1E64237","Description":"Windows NT CRT DLL","UserID":"S-1-5-18","EventID":7,"Product":"Microsoft® Windows® Operating System","ProviderGuid":"{5770385F-C22A-43E0-BF4C-06F5698FFBD9}","RecordNumber":280934,"Keywords":-9223372036854775808,"ProcessGuid":"{9f85ce58-af6e-5f2b-2004-000000000400}","tags":["mordorDataset"],"RuleName":"-"}
{"@version":"1","EventType":"INFO","AccountType":"User","ThreadID":4208,"Channel":"Microsoft-Windows-Sysmon/Operational","OpcodeValue":0,"OriginalFileName":"rpcrt4.dll","Hostname":"MORDORDC.theshire.local","@timestamp":"2020-08-06T07:21:19.322Z","ProcessId":"6828","Signed":"true","host":"wec.internal.cloudapp.net","SignatureStatus":"Valid","Severity":"INFO","SeverityValue":2,"Image":"C:\\Windows\\System32\\conhost.exe","SourceModuleType":"im_msvistalog","FileVersion":"10.0.17763.864 (WinBuild.160101.0800)","Version":3,"Company":"Microsoft Corporation","EventTime":"2020-08-06 03:21:18","Task":7,"Signature":"Microsoft Windows","SourceName":"Microsoft-Windows-Sysmon","Message":"Image loaded:\r\nRuleName: -\r\nUtcTime: 2020-08-06 07:21:18.692\r\nProcessGuid: {9f85ce58-af6e-5f2b-2004-000000000400}\r\nProcessId: 6828\r\nImage: C:\\Windows\\System32\\conhost.exe\r\nImageLoaded: C:\\Windows\\System32\\rpcrt4.dll\r\nFileVersion: 10.0.17763.864 (WinBuild.160101.0800)\r\nDescription: Remote Procedure Call Runtime\r\nProduct: Microsoft® Windows® Operating System\r\nCompany: Microsoft Corporation\r\nOriginalFileName: rpcrt4.dll\r\nHashes: SHA1=D71E2557D4A125514794871DC51047E039A05651,MD5=9699096051EBD27FF96F80D3615C2F7D,SHA256=116AA6DF4D985F5E2D989DFE594D96DAA7555AA3D8B68322F00BCD21667EAB95,IMPHASH=88E7E7C7FA90052EC162DD37F2B7C7BD\r\nSigned: true\r\nSignature: Microsoft Windows\r\nSignatureStatus: Valid","SourceModuleName":"eventlog","ImageLoaded":"C:\\Windows\\System32\\rpcrt4.dll","EventReceivedTime":"2020-08-06 03:21:19","port":60122,"AccountName":"SYSTEM","UtcTime":"2020-08-06 07:21:18.692","Domain":"NT AUTHORITY","ExecutionProcessID":3888,"Hashes":"SHA1=D71E2557D4A125514794871DC51047E039A05651,MD5=9699096051EBD27FF96F80D3615C2F7D,SHA256=116AA6DF4D985F5E2D989DFE594D96DAA7555AA3D8B68322F00BCD21667EAB95,IMPHASH=88E7E7C7FA90052EC162DD37F2B7C7BD","Description":"Remote Procedure Call Runtime","UserID":"S-1-5-18","EventID":7,"Product":"Microsoft® Windows® Operating System","ProviderGuid":"{5770385F-C22A-43E0-BF4C-06F5698FFBD9}","RecordNumber":280935,"Keywords":-9223372036854775808,"ProcessGuid":"{9f85ce58-af6e-5f2b-2004-000000000400}","tags":["mordorDataset"],"RuleName":"-"}
{"@version":"1","EventType":"INFO","AccountType":"User","ThreadID":4208,"Channel":"Microsoft-Windows-Sysmon/Operational","OpcodeValue":0,"OriginalFileName":"COMBASE.DLL","Hostname":"MORDORDC.theshire.local","@timestamp":"2020-08-06T07:21:19.322Z","ProcessId":"6828","Signed":"true","host":"wec.internal.cloudapp.net","SignatureStatus":"Valid","Severity":"INFO","SeverityValue":2,"Image":"C:\\Windows\\System32\\conhost.exe","SourceModuleType":"im_msvistalog","FileVersion":"10.0.17763.1282 (WinBuild.160101.0800)","Version":3,"Company":"Microsoft Corporation","EventTime":"2020-08-06 03:21:18","Task":7,"Signature":"Microsoft Windows","SourceName":"Microsoft-Windows-Sysmon","Message":"Image loaded:\r\nRuleName: -\r\nUtcTime: 2020-08-06 07:21:18.692\r\nProcessGuid: {9f85ce58-af6e-5f2b-2004-000000000400}\r\nProcessId: 6828\r\nImage: C:\\Windows\\System32\\conhost.exe\r\nImageLoaded: C:\\Windows\\System32\\combase.dll\r\nFileVersion: 10.0.17763.1282 (WinBuild.160101.0800)\r\nDescription: Microsoft COM for Windows\r\nProduct: Microsoft® Windows® Operating System\r\nCompany: Microsoft Corporation\r\nOriginalFileName: COMBASE.DLL\r\nHashes: SHA1=FBE00DD00A37B43B06EFE2C1CDE3F2992B314F4F,MD5=375B06A164C86042D20AFBCCE470C3E1,SHA256=401BB487A2B1E5DD2B9880147415B20CC79640FEB72EB40B99B37F0BC431296E,IMPHASH=6227A283EC0EEFEF0EBEDC9A50BD42F5\r\nSigned: true\r\nSignature: Microsoft Windows\r\nSignatureStatus: Valid","SourceModuleName":"eventlog","ImageLoaded":"C:\\Windows\\System32\\combase.dll","EventReceivedTime":"2020-08-06 03:21:19","port":60122,"AccountName":"SYSTEM","UtcTime":"2020-08-06 07:21:18.692","Domain":"NT AUTHORITY","ExecutionProcessID":3888,"Hashes":"SHA1=FBE00DD00A37B43B06EFE2C1CDE3F2992B314F4F,MD5=375B06A164C86042D20AFBCCE470C3E1,SHA256=401BB487A2B1E5DD2B9880147415B20CC79640FEB72EB40B99B37F0BC431296E,IMPHASH=6227A283EC0EEFEF0EBEDC9A50BD42F5","Description":"Microsoft COM for Windows","UserID":"S-1-5-18","EventID":7,"Product":"Microsoft® Windows® Operating System","ProviderGuid":"{5770385F-C22A-43E0-BF4C-06F5698FFBD9}","RecordNumber":280936,"Keywords":-9223372036854775808,"ProcessGuid":"{9f85ce58-af6e-5f2b-2004-000000000400}","tags":["mordorDataset"],"RuleName":"-"}
{"@version":"1","EventType":"INFO","AccountType":"User","ThreadID":4208,"Channel":"Microsoft-Windows-Sysmon/Operational","OpcodeValue":0,"OriginalFileName":"bcryptprimitives.dll","Hostname":"MORDORDC.theshire.local","@timestamp":"2020-08-06T07:21:19.323Z","ProcessId":"6828","Signed":"true","host":"wec.internal.cloudapp.net","SignatureStatus":"Valid","Severity":"INFO","SeverityValue":2,"Image":"C:\\Windows\\System32\\conhost.exe","SourceModuleType":"im_msvistalog","FileVersion":"10.0.17763.1217 (WinBuild.160101.0800)","Version":3,"Company":"Microsoft Corporation","EventTime":"2020-08-06 03:21:18","Task":7,"Signature":"Microsoft Windows","SourceName":"Microsoft-Windows-Sysmon","Message":"Image loaded:\r\nRuleName: -\r\nUtcTime: 2020-08-06 07:21:18.692\r\nProcessGuid: {9f85ce58-af6e-5f2b-2004-000000000400}\r\nProcessId: 6828\r\nImage: C:\\Windows\\System32\\conhost.exe\r\nImageLoaded: C:\\Windows\\System32\\bcryptprimitives.dll\r\nFileVersion: 10.0.17763.1217 (WinBuild.160101.0800)\r\nDescription: Windows Cryptographic Primitives Library\r\nProduct: Microsoft® Windows® Operating System\r\nCompany: Microsoft Corporation\r\nOriginalFileName: bcryptprimitives.dll\r\nHashes: SHA1=9246070D775679AC5859F254C263596AF5ABBA19,MD5=153A92B4CCC58BA42DA1A7EC2375BA84,SHA256=47DDEAC6F08307DB378E88A946D6A390F0B7AFEDB586487C4F74F609C6373F28,IMPHASH=402DA460E2AC467F4489C588A9941032\r\nSigned: true\r\nSignature: Microsoft Windows\r\nSignatureStatus: Valid","SourceModuleName":"eventlog","ImageLoaded":"C:\\Windows\\System32\\bcryptprimitives.dll","EventReceivedTime":"2020-08-06 03:21:19","port":60122,"AccountName":"SYSTEM","UtcTime":"2020-08-06 07:21:18.692","Domain":"NT AUTHORITY","ExecutionProcessID":3888,"Hashes":"SHA1=9246070D775679AC5859F254C263596AF5ABBA19,MD5=153A92B4CCC58BA42DA1A7EC2375BA84,SHA256=47DDEAC6F08307DB378E88A946D6A390F0B7AFEDB586487C4F74F609C6373F28,IMPHASH=402DA460E2AC467F4489C588A9941032","Description":"Windows Cryptographic Primitives Library","UserID":"S-1-5-18","EventID":7,"Product":"Microsoft® Windows® Operating System","ProviderGuid":"{5770385F-C22A-43E0-BF4C-06F5698FFBD9}","RecordNumber":280937,"Keywords":-9223372036854775808,"ProcessGuid":"{9f85ce58-af6e-5f2b-2004-000000000400}","tags":["mordorDataset"],"RuleName":"-"}
{"@version":"1","EventType":"INFO","AccountType":"User","ThreadID":4208,"Channel":"Microsoft-Windows-Sysmon/Operational","OpcodeValue":0,"OriginalFileName":"advapi32.dll","Hostname":"MORDORDC.theshire.local","@timestamp":"2020-08-06T07:21:19.323Z","ProcessId":"6828","Signed":"true","host":"wec.internal.cloudapp.net","SignatureStatus":"Valid","Severity":"INFO","SeverityValue":2,"Image":"C:\\Windows\\System32\\conhost.exe","SourceModuleType":"im_msvistalog","FileVersion":"10.0.17763.1131 (WinBuild.160101.0800)","Version":3,"Company":"Microsoft Corporation","EventTime":"2020-08-06 03:21:18","Task":7,"Signature":"Microsoft Windows","SourceName":"Microsoft-Windows-Sysmon","Message":"Image loaded:\r\nRuleName: -\r\nUtcTime: 2020-08-06 07:21:18.692\r\nProcessGuid: {9f85ce58-af6e-5f2b-2004-000000000400}\r\nProcessId: 6828\r\nImage: C:\\Windows\\System32\\conhost.exe\r\nImageLoaded: C:\\Windows\\System32\\advapi32.dll\r\nFileVersion: 10.0.17763.1131 (WinBuild.160101.0800)\r\nDescription: Advanced Windows 32 Base API\r\nProduct: Microsoft® Windows® Operating System\r\nCompany: Microsoft Corporation\r\nOriginalFileName: advapi32.dll\r\nHashes: SHA1=5C7EA03D7656EA690B668680BAC2A1A88329D781,MD5=268CCCE1619709DAB725ABFC5FD2AC07,SHA256=D6FCDDF7D6569425C470547B9E01FBB27363C12D42FE8409401E75647D6F2324,IMPHASH=3A220E81F7BE6E007402D394DD374042\r\nSigned: true\r\nSignature: Microsoft Windows\r\nSignatureStatus: Valid","SourceModuleName":"eventlog","ImageLoaded":"C:\\Windows\\System32\\advapi32.dll","EventReceivedTime":"2020-08-06 03:21:19","port":60122,"AccountName":"SYSTEM","UtcTime":"2020-08-06 07:21:18.692","Domain":"NT AUTHORITY","ExecutionProcessID":3888,"Hashes":"SHA1=5C7EA03D7656EA690B668680BAC2A1A88329D781,MD5=268CCCE1619709DAB725ABFC5FD2AC07,SHA256=D6FCDDF7D6569425C470547B9E01FBB27363C12D42FE8409401E75647D6F2324,IMPHASH=3A220E81F7BE6E007402D394DD374042","Description":"Advanced Windows 32 Base API","UserID":"S-1-5-18","EventID":7,"Product":"Microsoft® Windows® Operating System","ProviderGuid":"{5770385F-C22A-43E0-BF4C-06F5698FFBD9}","RecordNumber":280938,"Keywords":-9223372036854775808,"ProcessGuid":"{9f85ce58-af6e-5f2b-2004-000000000400}","tags":["mordorDataset"],"RuleName":"-"}
{"@version":"1","EventType":"INFO","AccountType":"User","ThreadID":4208,"Channel":"Microsoft-Windows-Sysmon/Operational","OpcodeValue":0,"OriginalFileName":"sechost.dll","Hostname":"MORDORDC.theshire.local","@timestamp":"2020-08-06T07:21:19.325Z","ProcessId":"6828","Signed":"true","host":"wec.internal.cloudapp.net","SignatureStatus":"Valid","Severity":"INFO","SeverityValue":2,"Image":"C:\\Windows\\System32\\conhost.exe","SourceModuleType":"im_msvistalog","FileVersion":"10.0.17763.1339 (WinBuild.160101.0800)","Version":3,"Company":"Microsoft Corporation","EventTime":"2020-08-06 03:21:18","Task":7,"Signature":"Microsoft Windows","SourceName":"Microsoft-Windows-Sysmon","Message":"Image loaded:\r\nRuleName: -\r\nUtcTime: 2020-08-06 07:21:18.692\r\nProcessGuid: {9f85ce58-af6e-5f2b-2004-000000000400}\r\nProcessId: 6828\r\nImage: C:\\Windows\\System32\\conhost.exe\r\nImageLoaded: C:\\Windows\\System32\\sechost.dll\r\nFileVersion: 10.0.17763.1339 (WinBuild.160101.0800)\r\nDescription: Host for SCM/SDDL/LSA Lookup APIs\r\nProduct: Microsoft® Windows® Operating System\r\nCompany: Microsoft Corporation\r\nOriginalFileName: sechost.dll\r\nHashes: SHA1=4FD39AD714E1C93D887D5050DBF65495A291D803,MD5=270ED637DA8BDCF746828CE1FCA8D085,SHA256=8906B092E6247F10D2C1946083F5C220B93B8C22A23030BC75860844C22F35DC,IMPHASH=5F0CBFA31042EAEC032DAB6F4E97C1FD\r\nSigned: true\r\nSignature: Microsoft Windows\r\nSignatureStatus: Valid","SourceModuleName":"eventlog","ImageLoaded":"C:\\Windows\\System32\\sechost.dll","EventReceivedTime":"2020-08-06 03:21:19","port":60122,"AccountName":"SYSTEM","UtcTime":"2020-08-06 07:21:18.692","Domain":"NT AUTHORITY","ExecutionProcessID":3888,"Hashes":"SHA1=4FD39AD714E1C93D887D5050DBF65495A291D803,MD5=270ED637DA8BDCF746828CE1FCA8D085,SHA256=8906B092E6247F10D2C1946083F5C220B93B8C22A23030BC75860844C22F35DC,IMPHASH=5F0CBFA31042EAEC032DAB6F4E97C1FD","Description":"Host for SCM/SDDL/LSA Lookup APIs","UserID":"S-1-5-18","EventID":7,"Product":"Microsoft® Windows® Operating System","ProviderGuid":"{5770385F-C22A-43E0-BF4C-06F5698FFBD9}","RecordNumber":280939,"Keywords":-9223372036854775808,"ProcessGuid":"{9f85ce58-af6e-5f2b-2004-000000000400}","tags":["mordorDataset"],"RuleName":"-"}
{"tags":["mordorDataset"],"TargetProcessGUID":"{9f85ce58-af6e-5f2b-1f04-000000000400}","@version":"1","EventType":"INFO","Version":3,"ThreadID":4208,"EventTime":"2020-08-06 03:21:18","Task":10,"AccountType":"User","SourceProcessGUID":"{9f85ce58-af6e-5f2b-2004-000000000400}","CallTrace":"C:\\windows\\SYSTEM32\\ntdll.dll+9fc24|C:\\windows\\System32\\KERNELBASE.dll+212ee|C:\\windows\\system32\\conhost.exe+f635|C:\\windows\\system32\\conhost.exe+f52c|C:\\windows\\system32\\conhost.exe+5258|C:\\windows\\system32\\conhost.exe+d80f|C:\\windows\\System32\\KERNEL32.DLL+17974|C:\\windows\\SYSTEM32\\ntdll.dll+6a271","Channel":"Microsoft-Windows-Sysmon/Operational","SourceName":"Microsoft-Windows-Sysmon","OpcodeValue":0,"Hostname":"MORDORDC.theshire.local","@timestamp":"2020-08-06T07:21:19.325Z","Message":"Process accessed:\r\nRuleName: -\r\nUtcTime: 2020-08-06 07:21:18.692\r\nSourceProcessGUID: {9f85ce58-af6e-5f2b-2004-000000000400}\r\nSourceProcessId: 6828\r\nSourceThreadId: 6368\r\nSourceImage: C:\\windows\\system32\\conhost.exe\r\nTargetProcessGUID: {9f85ce58-af6e-5f2b-1f04-000000000400}\r\nTargetProcessId: 5328\r\nTargetImage: C:\\windows\\System32\\dsregcmd.exe\r\nGrantedAccess: 0x1FFFFF\r\nCallTrace: C:\\windows\\SYSTEM32\\ntdll.dll+9fc24|C:\\windows\\System32\\KERNELBASE.dll+212ee|C:\\windows\\system32\\conhost.exe+f635|C:\\windows\\system32\\conhost.exe+f52c|C:\\windows\\system32\\conhost.exe+5258|C:\\windows\\system32\\conhost.exe+d80f|C:\\windows\\System32\\KERNEL32.DLL+17974|C:\\windows\\SYSTEM32\\ntdll.dll+6a271","SourceModuleName":"eventlog","ProcessId":"6828","SourceImage":"C:\\windows\\system32\\conhost.exe","EventReceivedTime":"2020-08-06 03:21:19","port":60122,"AccountName":"SYSTEM","UtcTime":"2020-08-06 07:21:18.692","GrantedAccess":"0x1fffff","Domain":"NT AUTHORITY","ExecutionProcessID":3888,"host":"wec.internal.cloudapp.net","SourceProcessId":"6828","SourceThreadId":"6368","Severity":"INFO","TargetProcessId":"5328","SeverityValue":2,"EventID":10,"UserID":"S-1-5-18","ProviderGuid":"{5770385F-C22A-43E0-BF4C-06F5698FFBD9}","RecordNumber":280940,"SourceModuleType":"im_msvistalog","Keywords":-9223372036854775808,"TargetImage":"C:\\windows\\System32\\dsregcmd.exe","RuleName":"-"}
{"@version":"1","EventType":"INFO","AccountType":"User","ThreadID":4208,"Channel":"Microsoft-Windows-Sysmon/Operational","OpcodeValue":0,"OriginalFileName":"user32","Hostname":"MORDORDC.theshire.local","@timestamp":"2020-08-06T07:21:19.325Z","ProcessId":"6828","Signed":"true","host":"wec.internal.cloudapp.net","SignatureStatus":"Valid","Severity":"INFO","SeverityValue":2,"Image":"C:\\Windows\\System32\\conhost.exe","SourceModuleType":"im_msvistalog","FileVersion":"10.0.17763.1339 (WinBuild.160101.0800)","Version":3,"Company":"Microsoft Corporation","EventTime":"2020-08-06 03:21:18","Task":7,"Signature":"Microsoft Windows","SourceName":"Microsoft-Windows-Sysmon","Message":"Image loaded:\r\nRuleName: -\r\nUtcTime: 2020-08-06 07:21:18.692\r\nProcessGuid: {9f85ce58-af6e-5f2b-2004-000000000400}\r\nProcessId: 6828\r\nImage: C:\\Windows\\System32\\conhost.exe\r\nImageLoaded: C:\\Windows\\System32\\user32.dll\r\nFileVersion: 10.0.17763.1339 (WinBuild.160101.0800)\r\nDescription: Multi-User Windows USER API Client DLL\r\nProduct: Microsoft® Windows® Operating System\r\nCompany: Microsoft Corporation\r\nOriginalFileName: user32\r\nHashes: SHA1=E993BF3117D58CC5252173CE5F964EA2CB2741E9,MD5=E4AF62ADA39087A5721148236E825D9B,SHA256=963657826B798D0D20F3641032062BB9EA74BB7384C0CAFA64BFA1A2F3B5B15B,IMPHASH=D3A4F91CCC364A2DEC64676EE19600DE\r\nSigned: true\r\nSignature: Microsoft Windows\r\nSignatureStatus: Valid","SourceModuleName":"eventlog","ImageLoaded":"C:\\Windows\\System32\\user32.dll","EventReceivedTime":"2020-08-06 03:21:19","port":60122,"AccountName":"SYSTEM","UtcTime":"2020-08-06 07:21:18.692","Domain":"NT AUTHORITY","ExecutionProcessID":3888,"Hashes":"SHA1=E993BF3117D58CC5252173CE5F964EA2CB2741E9,MD5=E4AF62ADA39087A5721148236E825D9B,SHA256=963657826B798D0D20F3641032062BB9EA74BB7384C0CAFA64BFA1A2F3B5B15B,IMPHASH=D3A4F91CCC364A2DEC64676EE19600DE","Description":"Multi-User Windows USER API Client DLL","UserID":"S-1-5-18","EventID":7,"Product":"Microsoft® Windows® Operating System","ProviderGuid":"{5770385F-C22A-43E0-BF4C-06F5698FFBD9}","RecordNumber":280941,"Keywords":-9223372036854775808,"ProcessGuid":"{9f85ce58-af6e-5f2b-2004-000000000400}","tags":["mordorDataset"],"RuleName":"-"}
{"@version":"1","EventType":"INFO","AccountType":"User","ThreadID":4208,"Channel":"Microsoft-Windows-Sysmon/Operational","OpcodeValue":0,"OriginalFileName":"Win32u.DLL","Hostname":"MORDORDC.theshire.local","@timestamp":"2020-08-06T07:21:19.326Z","ProcessId":"6828","Signed":"true","host":"wec.internal.cloudapp.net","SignatureStatus":"Valid","Severity":"INFO","SeverityValue":2,"Image":"C:\\Windows\\System32\\conhost.exe","SourceModuleType":"im_msvistalog","FileVersion":"10.0.17763.1 (WinBuild.160101.0800)","Version":3,"Company":"Microsoft Corporation","EventTime":"2020-08-06 03:21:18","Task":7,"Signature":"Microsoft Windows","SourceName":"Microsoft-Windows-Sysmon","Message":"Image loaded:\r\nRuleName: -\r\nUtcTime: 2020-08-06 07:21:18.692\r\nProcessGuid: {9f85ce58-af6e-5f2b-2004-000000000400}\r\nProcessId: 6828\r\nImage: C:\\Windows\\System32\\conhost.exe\r\nImageLoaded: C:\\Windows\\System32\\win32u.dll\r\nFileVersion: 10.0.17763.1 (WinBuild.160101.0800)\r\nDescription: Win32u\r\nProduct: Microsoft® Windows® Operating System\r\nCompany: Microsoft Corporation\r\nOriginalFileName: Win32u.DLL\r\nHashes: SHA1=E9543B315229DBB7707C52BB8506C488694D09A1,MD5=65D63D5F9A9D6988C9E3DB4862D8C1E0,SHA256=208FBE0136AEBC989748B526A4BB0C656B73A10E46EF640A93E3AB8F02358B98,IMPHASH=00000000000000000000000000000000\r\nSigned: true\r\nSignature: Microsoft Windows\r\nSignatureStatus: Valid","SourceModuleName":"eventlog","ImageLoaded":"C:\\Windows\\System32\\win32u.dll","EventReceivedTime":"2020-08-06 03:21:19","port":60122,"AccountName":"SYSTEM","UtcTime":"2020-08-06 07:21:18.692","Domain":"NT AUTHORITY","ExecutionProcessID":3888,"Hashes":"SHA1=E9543B315229DBB7707C52BB8506C488694D09A1,MD5=65D63D5F9A9D6988C9E3DB4862D8C1E0,SHA256=208FBE0136AEBC989748B526A4BB0C656B73A10E46EF640A93E3AB8F02358B98,IMPHASH=00000000000000000000000000000000","Description":"Win32u","UserID":"S-1-5-18","EventID":7,"Product":"Microsoft® Windows® Operating System","ProviderGuid":"{5770385F-C22A-43E0-BF4C-06F5698FFBD9}","RecordNumber":280942,"Keywords":-9223372036854775808,"ProcessGuid":"{9f85ce58-af6e-5f2b-2004-000000000400}","tags":["mordorDataset"],"RuleName":"-"}
{"@version":"1","EventType":"INFO","AccountType":"User","ThreadID":4208,"Channel":"Microsoft-Windows-Sysmon/Operational","OpcodeValue":0,"OriginalFileName":"gdi32","Hostname":"MORDORDC.theshire.local","@timestamp":"2020-08-06T07:21:19.326Z","ProcessId":"6828","Signed":"true","host":"wec.internal.cloudapp.net","SignatureStatus":"Valid","Severity":"INFO","SeverityValue":2,"Image":"C:\\Windows\\System32\\conhost.exe","SourceModuleType":"im_msvistalog","FileVersion":"10.0.17763.592 (WinBuild.160101.0800)","Version":3,"Company":"Microsoft Corporation","EventTime":"2020-08-06 03:21:18","Task":7,"Signature":"Microsoft Windows","SourceName":"Microsoft-Windows-Sysmon","Message":"Image loaded:\r\nRuleName: -\r\nUtcTime: 2020-08-06 07:21:18.692\r\nProcessGuid: {9f85ce58-af6e-5f2b-2004-000000000400}\r\nProcessId: 6828\r\nImage: C:\\Windows\\System32\\conhost.exe\r\nImageLoaded: C:\\Windows\\System32\\gdi32.dll\r\nFileVersion: 10.0.17763.592 (WinBuild.160101.0800)\r\nDescription: GDI Client DLL\r\nProduct: Microsoft® Windows® Operating System\r\nCompany: Microsoft Corporation\r\nOriginalFileName: gdi32\r\nHashes: SHA1=82F3A18BAC5A53AB208659541F9488FC8567225F,MD5=AAB46B65ACC026B1A0E3AEAD988CCACE,SHA256=DFBF615C25F62504D577770C394BFB352550C81CD710CC62D61BF0CDC2457C72,IMPHASH=068515AABEE6B5C49150F5085AFD86C9\r\nSigned: true\r\nSignature: Microsoft Windows\r\nSignatureStatus: Valid","SourceModuleName":"eventlog","ImageLoaded":"C:\\Windows\\System32\\gdi32.dll","EventReceivedTime":"2020-08-06 03:21:19","port":60122,"AccountName":"SYSTEM","UtcTime":"2020-08-06 07:21:18.692","Domain":"NT AUTHORITY","ExecutionProcessID":3888,"Hashes":"SHA1=82F3A18BAC5A53AB208659541F9488FC8567225F,MD5=AAB46B65ACC026B1A0E3AEAD988CCACE,SHA256=DFBF615C25F62504D577770C394BFB352550C81CD710CC62D61BF0CDC2457C72,IMPHASH=068515AABEE6B5C49150F5085AFD86C9","Description":"GDI Client DLL","UserID":"S-1-5-18","EventID":7,"Product":"Microsoft® Windows® Operating System","ProviderGuid":"{5770385F-C22A-43E0-BF4C-06F5698FFBD9}","RecordNumber":280943,"Keywords":-9223372036854775808,"ProcessGuid":"{9f85ce58-af6e-5f2b-2004-000000000400}","tags":["mordorDataset"],"RuleName":"-"}
{"@version":"1","EventType":"INFO","AccountType":"User","ThreadID":4208,"Channel":"Microsoft-Windows-Sysmon/Operational","OpcodeValue":0,"OriginalFileName":"gdi32","Hostname":"MORDORDC.theshire.local","@timestamp":"2020-08-06T07:21:19.327Z","ProcessId":"6828","Signed":"true","host":"wec.internal.cloudapp.net","SignatureStatus":"Valid","Severity":"INFO","SeverityValue":2,"Image":"C:\\Windows\\System32\\conhost.exe","SourceModuleType":"im_msvistalog","FileVersion":"10.0.17763.1339 (WinBuild.160101.0800)","Version":3,"Company":"Microsoft Corporation","EventTime":"2020-08-06 03:21:18","Task":7,"Signature":"Microsoft Windows","SourceName":"Microsoft-Windows-Sysmon","Message":"Image loaded:\r\nRuleName: -\r\nUtcTime: 2020-08-06 07:21:18.707\r\nProcessGuid: {9f85ce58-af6e-5f2b-2004-000000000400}\r\nProcessId: 6828\r\nImage: C:\\Windows\\System32\\conhost.exe\r\nImageLoaded: C:\\Windows\\System32\\gdi32full.dll\r\nFileVersion: 10.0.17763.1339 (WinBuild.160101.0800)\r\nDescription: GDI Client DLL\r\nProduct: Microsoft® Windows® Operating System\r\nCompany: Microsoft Corporation\r\nOriginalFileName: gdi32\r\nHashes: SHA1=59039B9EE9B5D972AF2835840CF520EBF00CB698,MD5=49575E7699D6647011C0A73A87F6B8C3,SHA256=E71A56B0B297E38DC303436D834CD099A9CD16B39120E453F522C101647CC598,IMPHASH=6AD82D312C0BC96CF9506EB6890EBEC0\r\nSigned: true\r\nSignature: Microsoft Windows\r\nSignatureStatus: Valid","SourceModuleName":"eventlog","ImageLoaded":"C:\\Windows\\System32\\gdi32full.dll","EventReceivedTime":"2020-08-06 03:21:19","port":60122,"AccountName":"SYSTEM","UtcTime":"2020-08-06 07:21:18.707","Domain":"NT AUTHORITY","ExecutionProcessID":3888,"Hashes":"SHA1=59039B9EE9B5D972AF2835840CF520EBF00CB698,MD5=49575E7699D6647011C0A73A87F6B8C3,SHA256=E71A56B0B297E38DC303436D834CD099A9CD16B39120E453F522C101647CC598,IMPHASH=6AD82D312C0BC96CF9506EB6890EBEC0","Description":"GDI Client DLL","UserID":"S-1-5-18","EventID":7,"Product":"Microsoft® Windows® Operating System","ProviderGuid":"{5770385F-C22A-43E0-BF4C-06F5698FFBD9}","RecordNumber":280944,"Keywords":-9223372036854775808,"ProcessGuid":"{9f85ce58-af6e-5f2b-2004-000000000400}","tags":["mordorDataset"],"RuleName":"-"}
{"@version":"1","EventType":"INFO","AccountType":"User","ThreadID":4208,"Channel":"Microsoft-Windows-Sysmon/Operational","OpcodeValue":0,"OriginalFileName":"SHELL32.DLL","Hostname":"MORDORDC.theshire.local","@timestamp":"2020-08-06T07:21:19.329Z","ProcessId":"6828","Signed":"true","host":"wec.internal.cloudapp.net","SignatureStatus":"Valid","Severity":"INFO","SeverityValue":2,"Image":"C:\\Windows\\System32\\conhost.exe","SourceModuleType":"im_msvistalog","FileVersion":"10.0.17763.1339 (WinBuild.160101.0800)","Version":3,"Company":"Microsoft Corporation","EventTime":"2020-08-06 03:21:18","Task":7,"Signature":"Microsoft Windows","SourceName":"Microsoft-Windows-Sysmon","Message":"Image loaded:\r\nRuleName: -\r\nUtcTime: 2020-08-06 07:21:18.707\r\nProcessGuid: {9f85ce58-af6e-5f2b-2004-000000000400}\r\nProcessId: 6828\r\nImage: C:\\Windows\\System32\\conhost.exe\r\nImageLoaded: C:\\Windows\\System32\\shell32.dll\r\nFileVersion: 10.0.17763.1339 (WinBuild.160101.0800)\r\nDescription: Windows Shell Common Dll\r\nProduct: Microsoft® Windows® Operating System\r\nCompany: Microsoft Corporation\r\nOriginalFileName: SHELL32.DLL\r\nHashes: SHA1=85FD52615FA028682620AE50FC127DE820379D03,MD5=6F77617ECC2382922DF8FA072F235AB0,SHA256=B2B00617F2D1DF5EDC85C44DFF3082D8D6051D2C39FE0AE14ABEDEFA1AD18ADC,IMPHASH=FD98A881B3A991D9946E94BE939926B6\r\nSigned: true\r\nSignature: Microsoft Windows\r\nSignatureStatus: Valid","SourceModuleName":"eventlog","ImageLoaded":"C:\\Windows\\System32\\shell32.dll","EventReceivedTime":"2020-08-06 03:21:19","port":60122,"AccountName":"SYSTEM","UtcTime":"2020-08-06 07:21:18.707","Domain":"NT AUTHORITY","ExecutionProcessID":3888,"Hashes":"SHA1=85FD52615FA028682620AE50FC127DE820379D03,MD5=6F77617ECC2382922DF8FA072F235AB0,SHA256=B2B00617F2D1DF5EDC85C44DFF3082D8D6051D2C39FE0AE14ABEDEFA1AD18ADC,IMPHASH=FD98A881B3A991D9946E94BE939926B6","Description":"Windows Shell Common Dll","UserID":"S-1-5-18","EventID":7,"Product":"Microsoft® Windows® Operating System","ProviderGuid":"{5770385F-C22A-43E0-BF4C-06F5698FFBD9}","RecordNumber":280945,"Keywords":-9223372036854775808,"ProcessGuid":"{9f85ce58-af6e-5f2b-2004-000000000400}","tags":["mordorDataset"],"RuleName":"-"}
{"@version":"1","EventType":"INFO","AccountType":"User","ThreadID":4208,"Channel":"Microsoft-Windows-Sysmon/Operational","OpcodeValue":0,"OriginalFileName":"CFGMGR32.DLL","Hostname":"MORDORDC.theshire.local","@timestamp":"2020-08-06T07:21:19.329Z","ProcessId":"6828","Signed":"true","host":"wec.internal.cloudapp.net","SignatureStatus":"Valid","Severity":"INFO","SeverityValue":2,"Image":"C:\\Windows\\System32\\conhost.exe","SourceModuleType":"im_msvistalog","FileVersion":"10.0.17763.1 (WinBuild.160101.0800)","Version":3,"Company":"Microsoft Corporation","EventTime":"2020-08-06 03:21:18","Task":7,"Signature":"Microsoft Windows","SourceName":"Microsoft-Windows-Sysmon","Message":"Image loaded:\r\nRuleName: -\r\nUtcTime: 2020-08-06 07:21:18.707\r\nProcessGuid: {9f85ce58-af6e-5f2b-2004-000000000400}\r\nProcessId: 6828\r\nImage: C:\\Windows\\System32\\conhost.exe\r\nImageLoaded: C:\\Windows\\System32\\cfgmgr32.dll\r\nFileVersion: 10.0.17763.1 (WinBuild.160101.0800)\r\nDescription: Configuration Manager DLL\r\nProduct: Microsoft® Windows® Operating System\r\nCompany: Microsoft Corporation\r\nOriginalFileName: CFGMGR32.DLL\r\nHashes: SHA1=8130861654C05723BDAB475587C7B4B131BD5FF6,MD5=02411B2016D3A537759143033C2D3AA6,SHA256=DF1C3927C42A1C7B8B5EA009783BB3FCB1FF48FC8542A1EF5D18ECAF78AD5D3E,IMPHASH=4F0B87243B310321DEE7E16AC3ABA14A\r\nSigned: true\r\nSignature: Microsoft Windows\r\nSignatureStatus: Valid","SourceModuleName":"eventlog","ImageLoaded":"C:\\Windows\\System32\\cfgmgr32.dll","EventReceivedTime":"2020-08-06 03:21:19","port":60122,"AccountName":"SYSTEM","UtcTime":"2020-08-06 07:21:18.707","Domain":"NT AUTHORITY","ExecutionProcessID":3888,"Hashes":"SHA1=8130861654C05723BDAB475587C7B4B131BD5FF6,MD5=02411B2016D3A537759143033C2D3AA6,SHA256=DF1C3927C42A1C7B8B5EA009783BB3FCB1FF48FC8542A1EF5D18ECAF78AD5D3E,IMPHASH=4F0B87243B310321DEE7E16AC3ABA14A","Description":"Configuration Manager DLL","UserID":"S-1-5-18","EventID":7,"Product":"Microsoft® Windows® Operating System","ProviderGuid":"{5770385F-C22A-43E0-BF4C-06F5698FFBD9}","RecordNumber":280946,"Keywords":-9223372036854775808,"ProcessGuid":"{9f85ce58-af6e-5f2b-2004-000000000400}","tags":["mordorDataset"],"RuleName":"-"}
{"@version":"1","EventType":"INFO","AccountType":"User","ThreadID":4208,"Channel":"Microsoft-Windows-Sysmon/Operational","OpcodeValue":0,"OriginalFileName":"Windows.Storage.dll","Hostname":"MORDORDC.theshire.local","@timestamp":"2020-08-06T07:21:19.329Z","ProcessId":"6828","Signed":"true","host":"wec.internal.cloudapp.net","SignatureStatus":"Valid","Severity":"INFO","SeverityValue":2,"Image":"C:\\Windows\\System32\\conhost.exe","SourceModuleType":"im_msvistalog","FileVersion":"10.0.17763.1339 (WinBuild.160101.0800)","Version":3,"Company":"Microsoft Corporation","EventTime":"2020-08-06 03:21:18","Task":7,"Signature":"Microsoft Windows","SourceName":"Microsoft-Windows-Sysmon","Message":"Image loaded:\r\nRuleName: -\r\nUtcTime: 2020-08-06 07:21:18.707\r\nProcessGuid: {9f85ce58-af6e-5f2b-2004-000000000400}\r\nProcessId: 6828\r\nImage: C:\\Windows\\System32\\conhost.exe\r\nImageLoaded: C:\\Windows\\System32\\windows.storage.dll\r\nFileVersion: 10.0.17763.1339 (WinBuild.160101.0800)\r\nDescription: Microsoft WinRT Storage API\r\nProduct: Microsoft® Windows® Operating System\r\nCompany: Microsoft Corporation\r\nOriginalFileName: Windows.Storage.dll\r\nHashes: SHA1=FB928E4E6F8446F647B8D8B3B7F00B23D44BFDFB,MD5=74E82653094C5D470DE91308DBF8E352,SHA256=BCD9EE07E6E94A385C90BC42A307F989A4525DEBF25D8D68E49BCE7A628FF442,IMPHASH=3B33F0E19B4F96D9400EF29A00F21FF1\r\nSigned: true\r\nSignature: Microsoft Windows\r\nSignatureStatus: Valid","SourceModuleName":"eventlog","ImageLoaded":"C:\\Windows\\System32\\windows.storage.dll","EventReceivedTime":"2020-08-06 03:21:19","port":60122,"AccountName":"SYSTEM","UtcTime":"2020-08-06 07:21:18.707","Domain":"NT AUTHORITY","ExecutionProcessID":3888,"Hashes":"SHA1=FB928E4E6F8446F647B8D8B3B7F00B23D44BFDFB,MD5=74E82653094C5D470DE91308DBF8E352,SHA256=BCD9EE07E6E94A385C90BC42A307F989A4525DEBF25D8D68E49BCE7A628FF442,IMPHASH=3B33F0E19B4F96D9400EF29A00F21FF1","Description":"Microsoft WinRT Storage API","UserID":"S-1-5-18","EventID":7,"Product":"Microsoft® Windows® Operating System","ProviderGuid":"{5770385F-C22A-43E0-BF4C-06F5698FFBD9}","RecordNumber":280947,"Keywords":-9223372036854775808,"ProcessGuid":"{9f85ce58-af6e-5f2b-2004-000000000400}","tags":["mordorDataset"],"RuleName":"-"}
{"@version":"1","EventType":"INFO","AccountType":"User","ThreadID":4208,"Channel":"Microsoft-Windows-Sysmon/Operational","OpcodeValue":0,"OriginalFileName":"PROFAPI.DLL","Hostname":"MORDORDC.theshire.local","@timestamp":"2020-08-06T07:21:19.329Z","ProcessId":"6828","Signed":"true","host":"wec.internal.cloudapp.net","SignatureStatus":"Valid","Severity":"INFO","SeverityValue":2,"Image":"C:\\Windows\\System32\\conhost.exe","SourceModuleType":"im_msvistalog","FileVersion":"10.0.17763.1075 (WinBuild.160101.0800)","Version":3,"Company":"Microsoft Corporation","EventTime":"2020-08-06 03:21:18","Task":7,"Signature":"Microsoft Windows","SourceName":"Microsoft-Windows-Sysmon","Message":"Image loaded:\r\nRuleName: -\r\nUtcTime: 2020-08-06 07:21:18.707\r\nProcessGuid: {9f85ce58-af6e-5f2b-2004-000000000400}\r\nProcessId: 6828\r\nImage: C:\\Windows\\System32\\conhost.exe\r\nImageLoaded: C:\\Windows\\System32\\profapi.dll\r\nFileVersion: 10.0.17763.1075 (WinBuild.160101.0800)\r\nDescription: User Profile Basic API\r\nProduct: Microsoft® Windows® Operating System\r\nCompany: Microsoft Corporation\r\nOriginalFileName: PROFAPI.DLL\r\nHashes: SHA1=68AC0610545601E8C14D52A96ECF48CD3EC0C786,MD5=21D8C6FFC3A71BDE52E56C78BA1C8715,SHA256=6829C5F86E660ED95BBA8AB85E5D1B8BDDBEE69DC4FD3BD2992523775C29C022,IMPHASH=CF0269950BAC18763D80F408325FFF86\r\nSigned: true\r\nSignature: Microsoft Windows\r\nSignatureStatus: Valid","SourceModuleName":"eventlog","ImageLoaded":"C:\\Windows\\System32\\profapi.dll","EventReceivedTime":"2020-08-06 03:21:19","port":60122,"AccountName":"SYSTEM","UtcTime":"2020-08-06 07:21:18.707","Domain":"NT AUTHORITY","ExecutionProcessID":3888,"Hashes":"SHA1=68AC0610545601E8C14D52A96ECF48CD3EC0C786,MD5=21D8C6FFC3A71BDE52E56C78BA1C8715,SHA256=6829C5F86E660ED95BBA8AB85E5D1B8BDDBEE69DC4FD3BD2992523775C29C022,IMPHASH=CF0269950BAC18763D80F408325FFF86","Description":"User Profile Basic API","UserID":"S-1-5-18","EventID":7,"Product":"Microsoft® Windows® Operating System","ProviderGuid":"{5770385F-C22A-43E0-BF4C-06F5698FFBD9}","RecordNumber":280948,"Keywords":-9223372036854775808,"ProcessGuid":"{9f85ce58-af6e-5f2b-2004-000000000400}","tags":["mordorDataset"],"RuleName":"-"}
{"@version":"1","EventType":"INFO","AccountType":"User","ThreadID":4208,"Channel":"Microsoft-Windows-Sysmon/Operational","OpcodeValue":0,"OriginalFileName":"POWRPROF.DLL","Hostname":"MORDORDC.theshire.local","@timestamp":"2020-08-06T07:21:19.329Z","ProcessId":"6828","Signed":"true","host":"wec.internal.cloudapp.net","SignatureStatus":"Valid","Severity":"INFO","SeverityValue":2,"Image":"C:\\Windows\\System32\\conhost.exe","SourceModuleType":"im_msvistalog","FileVersion":"10.0.17763.1 (WinBuild.160101.0800)","Version":3,"Company":"Microsoft Corporation","EventTime":"2020-08-06 03:21:18","Task":7,"Signature":"Microsoft Windows","SourceName":"Microsoft-Windows-Sysmon","Message":"Image loaded:\r\nRuleName: -\r\nUtcTime: 2020-08-06 07:21:18.707\r\nProcessGuid: {9f85ce58-af6e-5f2b-2004-000000000400}\r\nProcessId: 6828\r\nImage: C:\\Windows\\System32\\conhost.exe\r\nImageLoaded: C:\\Windows\\System32\\powrprof.dll\r\nFileVersion: 10.0.17763.1 (WinBuild.160101.0800)\r\nDescription: Power Profile Helper DLL\r\nProduct: Microsoft® Windows® Operating System\r\nCompany: Microsoft Corporation\r\nOriginalFileName: POWRPROF.DLL\r\nHashes: SHA1=C6BE4DBBF31A2FD2A91FDA8DA0F7ED65B413D31A,MD5=082136DC077FAD6C3D1ED64BF46888A6,SHA256=F9C97CFFAB7D3A61175F902CF0062CA945BC8CECFC825BF3B6096864855D43D9,IMPHASH=C33D8F3C33B19248E2D15B613C123D7B\r\nSigned: true\r\nSignature: Microsoft Windows\r\nSignatureStatus: Valid","SourceModuleName":"eventlog","ImageLoaded":"C:\\Windows\\System32\\powrprof.dll","EventReceivedTime":"2020-08-06 03:21:19","port":60122,"AccountName":"SYSTEM","UtcTime":"2020-08-06 07:21:18.707","Domain":"NT AUTHORITY","ExecutionProcessID":3888,"Hashes":"SHA1=C6BE4DBBF31A2FD2A91FDA8DA0F7ED65B413D31A,MD5=082136DC077FAD6C3D1ED64BF46888A6,SHA256=F9C97CFFAB7D3A61175F902CF0062CA945BC8CECFC825BF3B6096864855D43D9,IMPHASH=C33D8F3C33B19248E2D15B613C123D7B","Description":"Power Profile Helper DLL","UserID":"S-1-5-18","EventID":7,"Product":"Microsoft® Windows® Operating System","ProviderGuid":"{5770385F-C22A-43E0-BF4C-06F5698FFBD9}","RecordNumber":280949,"Keywords":-9223372036854775808,"ProcessGuid":"{9f85ce58-af6e-5f2b-2004-000000000400}","tags":["mordorDataset"],"RuleName":"-"}
{"@version":"1","EventType":"INFO","AccountType":"User","ThreadID":4208,"Channel":"Microsoft-Windows-Sysmon/Operational","OpcodeValue":0,"OriginalFileName":"SHLWAPI.DLL","Hostname":"MORDORDC.theshire.local","@timestamp":"2020-08-06T07:21:19.329Z","ProcessId":"6828","Signed":"true","host":"wec.internal.cloudapp.net","SignatureStatus":"Valid","Severity":"INFO","SeverityValue":2,"Image":"C:\\Windows\\System32\\conhost.exe","SourceModuleType":"im_msvistalog","FileVersion":"10.0.17763.1 (WinBuild.160101.0800)","Version":3,"Company":"Microsoft Corporation","EventTime":"2020-08-06 03:21:18","Task":7,"Signature":"Microsoft Windows","SourceName":"Microsoft-Windows-Sysmon","Message":"Image loaded:\r\nRuleName: -\r\nUtcTime: 2020-08-06 07:21:18.707\r\nProcessGuid: {9f85ce58-af6e-5f2b-2004-000000000400}\r\nProcessId: 6828\r\nImage: C:\\Windows\\System32\\conhost.exe\r\nImageLoaded: C:\\Windows\\System32\\shlwapi.dll\r\nFileVersion: 10.0.17763.1 (WinBuild.160101.0800)\r\nDescription: Shell Light-weight Utility Library\r\nProduct: Microsoft® Windows® Operating System\r\nCompany: Microsoft Corporation\r\nOriginalFileName: SHLWAPI.DLL\r\nHashes: SHA1=85FDBDC375DF5136A3854C5446CDD846F139ECE7,MD5=ECA7D40680C32FD41FB7A1B30AA5E114,SHA256=F9BA12ACCE850AFFC6C9F1EC81568A57DE50C0B7317B4C4C3955A0CA8F707B25,IMPHASH=6659A49ABF33952444C5A7FA22FD9032\r\nSigned: true\r\nSignature: Microsoft Windows\r\nSignatureStatus: Valid","SourceModuleName":"eventlog","ImageLoaded":"C:\\Windows\\System32\\shlwapi.dll","EventReceivedTime":"2020-08-06 03:21:19","port":60122,"AccountName":"SYSTEM","UtcTime":"2020-08-06 07:21:18.707","Domain":"NT AUTHORITY","ExecutionProcessID":3888,"Hashes":"SHA1=85FDBDC375DF5136A3854C5446CDD846F139ECE7,MD5=ECA7D40680C32FD41FB7A1B30AA5E114,SHA256=F9BA12ACCE850AFFC6C9F1EC81568A57DE50C0B7317B4C4C3955A0CA8F707B25,IMPHASH=6659A49ABF33952444C5A7FA22FD9032","Description":"Shell Light-weight Utility Library","UserID":"S-1-5-18","EventID":7,"Product":"Microsoft® Windows® Operating System","ProviderGuid":"{5770385F-C22A-43E0-BF4C-06F5698FFBD9}","RecordNumber":280950,"Keywords":-9223372036854775808,"ProcessGuid":"{9f85ce58-af6e-5f2b-2004-000000000400}","tags":["mordorDataset"],"RuleName":"-"}
{"@version":"1","EventType":"INFO","AccountType":"User","ThreadID":4208,"Channel":"Microsoft-Windows-Sysmon/Operational","OpcodeValue":0,"OriginalFileName":"kernel.appcore.dll","Hostname":"MORDORDC.theshire.local","@timestamp":"2020-08-06T07:21:19.330Z","ProcessId":"6828","Signed":"true","host":"wec.internal.cloudapp.net","SignatureStatus":"Valid","Severity":"INFO","SeverityValue":2,"Image":"C:\\Windows\\System32\\conhost.exe","SourceModuleType":"im_msvistalog","FileVersion":"10.0.17763.1 (WinBuild.160101.0800)","Version":3,"Company":"Microsoft Corporation","EventTime":"2020-08-06 03:21:18","Task":7,"Signature":"Microsoft Windows","SourceName":"Microsoft-Windows-Sysmon","Message":"Image loaded:\r\nRuleName: -\r\nUtcTime: 2020-08-06 07:21:18.707\r\nProcessGuid: {9f85ce58-af6e-5f2b-2004-000000000400}\r\nProcessId: 6828\r\nImage: C:\\Windows\\System32\\conhost.exe\r\nImageLoaded: C:\\Windows\\System32\\kernel.appcore.dll\r\nFileVersion: 10.0.17763.1 (WinBuild.160101.0800)\r\nDescription: AppModel API Host\r\nProduct: Microsoft® Windows® Operating System\r\nCompany: Microsoft Corporation\r\nOriginalFileName: kernel.appcore.dll\r\nHashes: SHA1=564655189DEE96750D04CD9E05DE1237AB30F49C,MD5=56753185D301D7718470A4ADF780395B,SHA256=CA954AC516F91F28301378214335FF808D0E9331018A6474DFAA25D18D0FD6A8,IMPHASH=D8EB7D9EDA6379E4A8781259443BCF22\r\nSigned: true\r\nSignature: Microsoft Windows\r\nSignatureStatus: Valid","SourceModuleName":"eventlog","ImageLoaded":"C:\\Windows\\System32\\kernel.appcore.dll","EventReceivedTime":"2020-08-06 03:21:19","port":60122,"AccountName":"SYSTEM","UtcTime":"2020-08-06 07:21:18.707","Domain":"NT AUTHORITY","ExecutionProcessID":3888,"Hashes":"SHA1=564655189DEE96750D04CD9E05DE1237AB30F49C,MD5=56753185D301D7718470A4ADF780395B,SHA256=CA954AC516F91F28301378214335FF808D0E9331018A6474DFAA25D18D0FD6A8,IMPHASH=D8EB7D9EDA6379E4A8781259443BCF22","Description":"AppModel API Host","UserID":"S-1-5-18","EventID":7,"Product":"Microsoft® Windows® Operating System","ProviderGuid":"{5770385F-C22A-43E0-BF4C-06F5698FFBD9}","RecordNumber":280951,"Keywords":-9223372036854775808,"ProcessGuid":"{9f85ce58-af6e-5f2b-2004-000000000400}","tags":["mordorDataset"],"RuleName":"-"}
{"@version":"1","EventType":"INFO","AccountType":"User","ThreadID":4208,"Channel":"Microsoft-Windows-Sysmon/Operational","OpcodeValue":0,"OriginalFileName":"cryptsp.dll","Hostname":"MORDORDC.theshire.local","@timestamp":"2020-08-06T07:21:19.330Z","ProcessId":"6828","Signed":"true","host":"wec.internal.cloudapp.net","SignatureStatus":"Valid","Severity":"INFO","SeverityValue":2,"Image":"C:\\Windows\\System32\\conhost.exe","SourceModuleType":"im_msvistalog","FileVersion":"10.0.17763.1 (WinBuild.160101.0800)","Version":3,"Company":"Microsoft Corporation","EventTime":"2020-08-06 03:21:18","Task":7,"Signature":"Microsoft Windows","SourceName":"Microsoft-Windows-Sysmon","Message":"Image loaded:\r\nRuleName: -\r\nUtcTime: 2020-08-06 07:21:18.707\r\nProcessGuid: {9f85ce58-af6e-5f2b-2004-000000000400}\r\nProcessId: 6828\r\nImage: C:\\Windows\\System32\\conhost.exe\r\nImageLoaded: C:\\Windows\\System32\\cryptsp.dll\r\nFileVersion: 10.0.17763.1 (WinBuild.160101.0800)\r\nDescription: Cryptographic Service Provider API\r\nProduct: Microsoft® Windows® Operating System\r\nCompany: Microsoft Corporation\r\nOriginalFileName: cryptsp.dll\r\nHashes: SHA1=0404FAD85C37A9D623ABF77AE9FA2AD4E38DCF38,MD5=F90316FE094F4AB2FEF98CA624A04654,SHA256=78D6A1CD068F5DE2A3DE7F83A975667FA332AA65EC59DD5991CEA1D021BD47C5,IMPHASH=A9B9D04D0B53DC48ABB37BE77AD01B55\r\nSigned: true\r\nSignature: Microsoft Windows\r\nSignatureStatus: Valid","SourceModuleName":"eventlog","ImageLoaded":"C:\\Windows\\System32\\cryptsp.dll","EventReceivedTime":"2020-08-06 03:21:19","port":60122,"AccountName":"SYSTEM","UtcTime":"2020-08-06 07:21:18.707","Domain":"NT AUTHORITY","ExecutionProcessID":3888,"Hashes":"SHA1=0404FAD85C37A9D623ABF77AE9FA2AD4E38DCF38,MD5=F90316FE094F4AB2FEF98CA624A04654,SHA256=78D6A1CD068F5DE2A3DE7F83A975667FA332AA65EC59DD5991CEA1D021BD47C5,IMPHASH=A9B9D04D0B53DC48ABB37BE77AD01B55","Description":"Cryptographic Service Provider API","UserID":"S-1-5-18","EventID":7,"Product":"Microsoft® Windows® Operating System","ProviderGuid":"{5770385F-C22A-43E0-BF4C-06F5698FFBD9}","RecordNumber":280952,"Keywords":-9223372036854775808,"ProcessGuid":"{9f85ce58-af6e-5f2b-2004-000000000400}","tags":["mordorDataset"],"RuleName":"-"}
{"@version":"1","EventType":"INFO","AccountType":"User","ThreadID":4208,"Channel":"Microsoft-Windows-Sysmon/Operational","OpcodeValue":0,"OriginalFileName":"CLBCATQ.DLL","Hostname":"MORDORDC.theshire.local","@timestamp":"2020-08-06T07:21:19.331Z","ProcessId":"6828","Signed":"true","host":"wec.internal.cloudapp.net","SignatureStatus":"Valid","Severity":"INFO","SeverityValue":2,"Image":"C:\\Windows\\System32\\conhost.exe","SourceModuleType":"im_msvistalog","FileVersion":"2001.12.10941.16384 (WinBuild.160101.0800)","Version":3,"Company":"Microsoft Corporation","EventTime":"2020-08-06 03:21:18","Task":7,"Signature":"Microsoft Windows","SourceName":"Microsoft-Windows-Sysmon","Message":"Image loaded:\r\nRuleName: -\r\nUtcTime: 2020-08-06 07:21:18.723\r\nProcessGuid: {9f85ce58-af6e-5f2b-2004-000000000400}\r\nProcessId: 6828\r\nImage: C:\\Windows\\System32\\conhost.exe\r\nImageLoaded: C:\\Windows\\System32\\clbcatq.dll\r\nFileVersion: 2001.12.10941.16384 (WinBuild.160101.0800)\r\nDescription: COM+ Configuration Catalog\r\nProduct: Microsoft® Windows® Operating System\r\nCompany: Microsoft Corporation\r\nOriginalFileName: CLBCATQ.DLL\r\nHashes: SHA1=55EF35D19CEEBB6D38BD788FF7D29438478E93C9,MD5=12112113BDFAF0CC03517604440217D5,SHA256=C5D4F3DFA14DEABD6A845E6F0B04C39A9A539C1A4D6C71B25943EB9BF9C9A3F5,IMPHASH=3773D947C51AA49608827241D89C54A6\r\nSigned: true\r\nSignature: Microsoft Windows\r\nSignatureStatus: Valid","SourceModuleName":"eventlog","ImageLoaded":"C:\\Windows\\System32\\clbcatq.dll","EventReceivedTime":"2020-08-06 03:21:19","port":60122,"AccountName":"SYSTEM","UtcTime":"2020-08-06 07:21:18.723","Domain":"NT AUTHORITY","ExecutionProcessID":3888,"Hashes":"SHA1=55EF35D19CEEBB6D38BD788FF7D29438478E93C9,MD5=12112113BDFAF0CC03517604440217D5,SHA256=C5D4F3DFA14DEABD6A845E6F0B04C39A9A539C1A4D6C71B25943EB9BF9C9A3F5,IMPHASH=3773D947C51AA49608827241D89C54A6","Description":"COM+ Configuration Catalog","UserID":"S-1-5-18","EventID":7,"Product":"Microsoft® Windows® Operating System","ProviderGuid":"{5770385F-C22A-43E0-BF4C-06F5698FFBD9}","RecordNumber":280953,"Keywords":-9223372036854775808,"ProcessGuid":"{9f85ce58-af6e-5f2b-2004-000000000400}","tags":["mordorDataset"],"RuleName":"-"}
{"@version":"1","EventType":"INFO","AccountType":"User","ThreadID":4208,"Channel":"Microsoft-Windows-Sysmon/Operational","OpcodeValue":0,"OriginalFileName":"MSCTF.DLL","Hostname":"MORDORDC.theshire.local","@timestamp":"2020-08-06T07:21:19.331Z","ProcessId":"6828","Signed":"true","host":"wec.internal.cloudapp.net","SignatureStatus":"Valid","Severity":"INFO","SeverityValue":2,"Image":"C:\\Windows\\System32\\conhost.exe","SourceModuleType":"im_msvistalog","FileVersion":"10.0.17763.1282 (WinBuild.160101.0800)","Version":3,"Company":"Microsoft Corporation","EventTime":"2020-08-06 03:21:18","Task":7,"Signature":"Microsoft Windows","SourceName":"Microsoft-Windows-Sysmon","Message":"Image loaded:\r\nRuleName: -\r\nUtcTime: 2020-08-06 07:21:18.723\r\nProcessGuid: {9f85ce58-af6e-5f2b-2004-000000000400}\r\nProcessId: 6828\r\nImage: C:\\Windows\\System32\\conhost.exe\r\nImageLoaded: C:\\Windows\\System32\\msctf.dll\r\nFileVersion: 10.0.17763.1282 (WinBuild.160101.0800)\r\nDescription: MSCTF Server DLL\r\nProduct: Microsoft® Windows® Operating System\r\nCompany: Microsoft Corporation\r\nOriginalFileName: MSCTF.DLL\r\nHashes: SHA1=36653BCD96D09053710DBF9F84B661B9C2F2EEB0,MD5=78FD78B02FDB9B9C8007C10AE2F3D5B6,SHA256=74DC6EEA5CC80597231ADE05B652E09C1075FA5F9BA7B6211C0C28420C0A1BCE,IMPHASH=20E06BBE5062315A20CB56B09CDED2F3\r\nSigned: true\r\nSignature: Microsoft Windows\r\nSignatureStatus: Valid","SourceModuleName":"eventlog","ImageLoaded":"C:\\Windows\\System32\\msctf.dll","EventReceivedTime":"2020-08-06 03:21:19","port":60122,"AccountName":"SYSTEM","UtcTime":"2020-08-06 07:21:18.723","Domain":"NT AUTHORITY","ExecutionProcessID":3888,"Hashes":"SHA1=36653BCD96D09053710DBF9F84B661B9C2F2EEB0,MD5=78FD78B02FDB9B9C8007C10AE2F3D5B6,SHA256=74DC6EEA5CC80597231ADE05B652E09C1075FA5F9BA7B6211C0C28420C0A1BCE,IMPHASH=20E06BBE5062315A20CB56B09CDED2F3","Description":"MSCTF Server DLL","UserID":"S-1-5-18","EventID":7,"Product":"Microsoft® Windows® Operating System","ProviderGuid":"{5770385F-C22A-43E0-BF4C-06F5698FFBD9}","RecordNumber":280954,"Keywords":-9223372036854775808,"ProcessGuid":"{9f85ce58-af6e-5f2b-2004-000000000400}","tags":["mordorDataset"],"RuleName":"-"}
{"@version":"1","EventType":"INFO","AccountType":"User","ThreadID":4208,"Channel":"Microsoft-Windows-Sysmon/Operational","OpcodeValue":0,"OriginalFileName":"OLEAUT32.DLL","Hostname":"MORDORDC.theshire.local","@timestamp":"2020-08-06T07:21:19.331Z","ProcessId":"6828","Signed":"true","host":"wec.internal.cloudapp.net","SignatureStatus":"Valid","Severity":"INFO","SeverityValue":2,"Image":"C:\\Windows\\System32\\conhost.exe","SourceModuleType":"im_msvistalog","FileVersion":"10.0.17763.1339 (WinBuild.160101.0800)","Version":3,"Company":"Microsoft Corporation","EventTime":"2020-08-06 03:21:18","Task":7,"Signature":"Microsoft Windows","SourceName":"Microsoft-Windows-Sysmon","Message":"Image loaded:\r\nRuleName: -\r\nUtcTime: 2020-08-06 07:21:18.723\r\nProcessGuid: {9f85ce58-af6e-5f2b-2004-000000000400}\r\nProcessId: 6828\r\nImage: C:\\Windows\\System32\\conhost.exe\r\nImageLoaded: C:\\Windows\\System32\\oleaut32.dll\r\nFileVersion: 10.0.17763.1339 (WinBuild.160101.0800)\r\nDescription: OLEAUT32.DLL\r\nProduct: Microsoft® Windows® Operating System\r\nCompany: Microsoft Corporation\r\nOriginalFileName: OLEAUT32.DLL\r\nHashes: SHA1=DE7CFA27E0BBE12B2721CF88E10701805A27A876,MD5=7E6E0B8F7233023BF969900537A25B0A,SHA256=31012EF85A43116FFE3C73550578B2D107E0DBD7B1CF5117B51B89BDA1CBC1A2,IMPHASH=6853F61807127E891C66F2120C64B8F8\r\nSigned: true\r\nSignature: Microsoft Windows\r\nSignatureStatus: Valid","SourceModuleName":"eventlog","ImageLoaded":"C:\\Windows\\System32\\oleaut32.dll","EventReceivedTime":"2020-08-06 03:21:19","port":60122,"AccountName":"SYSTEM","UtcTime":"2020-08-06 07:21:18.723","Domain":"NT AUTHORITY","ExecutionProcessID":3888,"Hashes":"SHA1=DE7CFA27E0BBE12B2721CF88E10701805A27A876,MD5=7E6E0B8F7233023BF969900537A25B0A,SHA256=31012EF85A43116FFE3C73550578B2D107E0DBD7B1CF5117B51B89BDA1CBC1A2,IMPHASH=6853F61807127E891C66F2120C64B8F8","Description":"OLEAUT32.DLL","UserID":"S-1-5-18","EventID":7,"Product":"Microsoft® Windows® Operating System","ProviderGuid":"{5770385F-C22A-43E0-BF4C-06F5698FFBD9}","RecordNumber":280955,"Keywords":-9223372036854775808,"ProcessGuid":"{9f85ce58-af6e-5f2b-2004-000000000400}","tags":["mordorDataset"],"RuleName":"-"}
