{"ImageLoaded":"C:\\Windows\\System32\\bcryptprimitives.dll","SeverityValue":2,"EventReceivedTime":"2020-09-17 17:32:15","EventID":7,"ProviderGuid":"{5770385F-C22A-43E0-BF4C-06F5698FFBD9}","ExecutionProcessID":3228,"Channel":"Microsoft-Windows-Sysmon/Operational","host":"wec.internal.cloudapp.net","AccountType":"User","ProcessGuid":"{b34bc01c-d5de-5f63-3a06-000000000400}","ProcessId":"7400","Opcode":"Info","EventTime":"2020-09-17 17:32:14","Signed":"true","SourceModuleType":"im_msvistalog","AccountName":"SYSTEM","Domain":"NT AUTHORITY","@version":"1","OpcodeValue":0,"SignatureStatus":"Valid","Severity":"INFO","Hashes":"SHA1=B4222C8DC3274CFC3FE54F322D827B2F01FFF036,MD5=EF2BBEAFF07D32A2EC77FB4602FA9664,SHA256=6B47F3E88CDEDF8F31F91940E38A4544818C79D153323262F9F46B21F41D262C,IMPHASH=402DA460E2AC467F4489C588A9941032","SourceName":"Microsoft-Windows-Sysmon","Description":"Windows Cryptographic Primitives Library","Category":"Image loaded (rule: ImageLoad)","Company":"Microsoft Corporation","Keywords":-9223372036854775808,"FileVersion":"10.0.18362.836 (WinBuild.160101.0800)","UserID":"S-1-5-18","ThreadID":4288,"EventType":"INFO","Message":"Image loaded:\r\nRuleName: -\r\nUtcTime: 2020-09-17 21:32:14.363\r\nProcessGuid: {b34bc01c-d5de-5f63-3a06-000000000400}\r\nProcessId: 7400\r\nImage: C:\\Users\\pgustavo\\Desktop\\MoveExcel4.exe\r\nImageLoaded: C:\\Windows\\System32\\bcryptprimitives.dll\r\nFileVersion: 10.0.18362.836 (WinBuild.160101.0800)\r\nDescription: Windows Cryptographic Primitives Library\r\nProduct: Microsoft® Windows® Operating System\r\nCompany: Microsoft Corporation\r\nOriginalFileName: bcryptprimitives.dll\r\nHashes: SHA1=B4222C8DC3274CFC3FE54F322D827B2F01FFF036,MD5=EF2BBEAFF07D32A2EC77FB4602FA9664,SHA256=6B47F3E88CDEDF8F31F91940E38A4544818C79D153323262F9F46B21F41D262C,IMPHASH=402DA460E2AC467F4489C588A9941032\r\nSigned: true\r\nSignature: Microsoft Windows\r\nSignatureStatus: Valid","@timestamp":"2020-09-17T21:32:15.339Z","port":64545,"RecordNumber":636942,"Task":7,"Signature":"Microsoft Windows","SourceModuleName":"eventlog","Version":3,"Product":"Microsoft® Windows® Operating System","Image":"C:\\Users\\pgustavo\\Desktop\\MoveExcel4.exe","OriginalFileName":"bcryptprimitives.dll","UtcTime":"2020-09-17 21:32:14.363","Hostname":"WORKSTATION5.theshire.local","RuleName":"-","tags":["mordorDataset"]}
{"Keywords":-9214364837600034816,"SeverityValue":2,"SubjectDomainName":"THESHIRE","EventID":4690,"ProviderGuid":"{54849625-5478-4994-A5BA-3E3B0328C30D}","ExecutionProcessID":4,"Channel":"Security","host":"wec.internal.cloudapp.net","SubjectUserSid":"S-1-5-21-4228717743-1032521047-1810997296-1104","EventReceivedTime":"2020-09-17 17:32:15","ProcessId":"0x1304","ThreadID":6132,"EventType":"AUDIT_SUCCESS","Opcode":"Info","EventTime":"2020-09-17 17:32:14","Message":"An attempt was made to duplicate a handle to an object.\r\n\r\nSubject:\r\n\tSecurity ID:\t\tS-1-5-21-4228717743-1032521047-1810997296-1104\r\n\tAccount Name:\t\tpgustavo\r\n\tAccount Domain:\t\tTHESHIRE\r\n\tLogon ID:\t\t0x2B78CD\r\n\r\nSource Handle Information:\r\n\tSource Handle ID:\t0x84\r\n\tSource Process ID:\t0x1304\r\n\r\nNew Handle Information:\r\n\tTarget Handle ID:\t0x309c\r\n\tTarget Process ID:\t0x4","SourceHandleId":"0x84","TargetHandleId":"0x309c","@timestamp":"2020-09-17T21:32:15.339Z","SubjectLogonId":"0x2b78cd","SourceModuleType":"im_msvistalog","port":64545,"RecordNumber":166062,"SubjectUserName":"pgustavo","SourceProcessId":"0x1304","Task":12807,"@version":"1","OpcodeValue":0,"SourceModuleName":"eventlog","Severity":"INFO","SourceName":"Microsoft-Windows-Security-Auditing","Version":0,"TargetProcessId":"0x4","Category":"Handle Manipulation","tags":["mordorDataset"],"Hostname":"WORKSTATION5.theshire.local"}
{"Keywords":-9214364837600034816,"SeverityValue":2,"SubjectDomainName":"THESHIRE","EventID":4658,"ProviderGuid":"{54849625-5478-4994-A5BA-3E3B0328C30D}","ExecutionProcessID":4,"Channel":"Security","host":"wec.internal.cloudapp.net","SubjectUserSid":"S-1-5-21-4228717743-1032521047-1810997296-1104","EventReceivedTime":"2020-09-17 17:32:15","ProcessId":"0x1304","ThreadID":6132,"EventType":"AUDIT_SUCCESS","Opcode":"Info","EventTime":"2020-09-17 17:32:14","Message":"The handle to an object was closed.\r\n\r\nSubject :\r\n\tSecurity ID:\t\tS-1-5-21-4228717743-1032521047-1810997296-1104\r\n\tAccount Name:\t\tpgustavo\r\n\tAccount Domain:\t\tTHESHIRE\r\n\tLogon ID:\t\t0x2B78CD\r\n\r\nObject:\r\n\tObject Server:\t\tSecurity\r\n\tHandle ID:\t\t0x309c\r\n\r\nProcess Information:\r\n\tProcess ID:\t\t0x1304\r\n\tProcess Name:\t\tC:\\Windows\\System32\\conhost.exe","@timestamp":"2020-09-17T21:32:15.340Z","ObjectServer":"Security","SubjectLogonId":"0x2b78cd","SourceModuleType":"im_msvistalog","port":64545,"ProcessName":"C:\\Windows\\System32\\conhost.exe","RecordNumber":166063,"SubjectUserName":"pgustavo","Task":12801,"@version":"1","OpcodeValue":0,"SourceModuleName":"eventlog","Severity":"INFO","HandleId":"0x309c","SourceName":"Microsoft-Windows-Security-Auditing","Version":0,"Category":"Registry","tags":["mordorDataset"],"Hostname":"WORKSTATION5.theshire.local"}
{"ImageLoaded":"C:\\Windows\\System32\\gdi32.dll","SeverityValue":2,"EventReceivedTime":"2020-09-17 17:32:15","EventID":7,"ProviderGuid":"{5770385F-C22A-43E0-BF4C-06F5698FFBD9}","ExecutionProcessID":3228,"Channel":"Microsoft-Windows-Sysmon/Operational","host":"wec.internal.cloudapp.net","AccountType":"User","ProcessGuid":"{b34bc01c-d5de-5f63-3a06-000000000400}","ProcessId":"7400","Opcode":"Info","EventTime":"2020-09-17 17:32:14","Signed":"true","SourceModuleType":"im_msvistalog","AccountName":"SYSTEM","Domain":"NT AUTHORITY","@version":"1","OpcodeValue":0,"SignatureStatus":"Valid","Severity":"INFO","Hashes":"SHA1=9E91D74D5B9BF64A3D4BE8C5EA3594F5DA2BC299,MD5=2839609118F48DEA292084E43FAA72D8,SHA256=4FC9460147D5A3AA1F9498863CF10BB7BE6099BEF1A3D55503164CA51E36E27E,IMPHASH=C5F30E6A06AB646153863B68366FE58A","SourceName":"Microsoft-Windows-Sysmon","Description":"GDI Client DLL","Category":"Image loaded (rule: ImageLoad)","Company":"Microsoft Corporation","Keywords":-9223372036854775808,"FileVersion":"10.0.18362.1 (WinBuild.160101.0800)","UserID":"S-1-5-18","ThreadID":4288,"EventType":"INFO","Message":"Image loaded:\r\nRuleName: -\r\nUtcTime: 2020-09-17 21:32:14.363\r\nProcessGuid: {b34bc01c-d5de-5f63-3a06-000000000400}\r\nProcessId: 7400\r\nImage: C:\\Users\\pgustavo\\Desktop\\MoveExcel4.exe\r\nImageLoaded: C:\\Windows\\System32\\gdi32.dll\r\nFileVersion: 10.0.18362.1 (WinBuild.160101.0800)\r\nDescription: GDI Client DLL\r\nProduct: Microsoft® Windows® Operating System\r\nCompany: Microsoft Corporation\r\nOriginalFileName: gdi32\r\nHashes: SHA1=9E91D74D5B9BF64A3D4BE8C5EA3594F5DA2BC299,MD5=2839609118F48DEA292084E43FAA72D8,SHA256=4FC9460147D5A3AA1F9498863CF10BB7BE6099BEF1A3D55503164CA51E36E27E,IMPHASH=C5F30E6A06AB646153863B68366FE58A\r\nSigned: true\r\nSignature: Microsoft Windows\r\nSignatureStatus: Valid","@timestamp":"2020-09-17T21:32:15.340Z","port":64545,"RecordNumber":636943,"Task":7,"Signature":"Microsoft Windows","SourceModuleName":"eventlog","Version":3,"Product":"Microsoft® Windows® Operating System","Image":"C:\\Users\\pgustavo\\Desktop\\MoveExcel4.exe","OriginalFileName":"gdi32","UtcTime":"2020-09-17 21:32:14.363","Hostname":"WORKSTATION5.theshire.local","RuleName":"-","tags":["mordorDataset"]}
{"SeverityValue":2,"SubjectDomainName":"THESHIRE","EventReceivedTime":"2020-09-17 17:32:15","EventID":4656,"ProviderGuid":"{54849625-5478-4994-A5BA-3E3B0328C30D}","ExecutionProcessID":4,"Channel":"Security","host":"wec.internal.cloudapp.net","ProcessId":"0x1304","Opcode":"Info","EventTime":"2020-09-17 17:32:14","TransactionId":"{00000000-0000-0000-0000-000000000000}","ObjectServer":"Security","AccessMask":"0x1","SourceModuleType":"im_msvistalog","ProcessName":"C:\\Windows\\System32\\conhost.exe","@version":"1","OpcodeValue":0,"Severity":"INFO","HandleId":"0x84","ObjectName":"\\REGISTRY\\MACHINE\\SYSTEM\\ControlSet001\\Control\\Lsa","SourceName":"Microsoft-Windows-Security-Auditing","Category":"Registry","Keywords":-9214364837600034816,"ObjectType":"Key","SubjectUserSid":"S-1-5-21-4228717743-1032521047-1810997296-1104","ThreadID":6132,"EventType":"AUDIT_SUCCESS","Message":"A handle to an object was requested.\r\n\r\nSubject:\r\n\tSecurity ID:\t\tS-1-5-21-4228717743-1032521047-1810997296-1104\r\n\tAccount Name:\t\tpgustavo\r\n\tAccount Domain:\t\tTHESHIRE\r\n\tLogon ID:\t\t0x2B78CD\r\n\r\nObject:\r\n\tObject Server:\t\tSecurity\r\n\tObject Type:\t\tKey\r\n\tObject Name:\t\t\\REGISTRY\\MACHINE\\SYSTEM\\ControlSet001\\Control\\Lsa\r\n\tHandle ID:\t\t0x84\r\n\tResource Attributes:\t-\r\n\r\nProcess Information:\r\n\tProcess ID:\t\t0x1304\r\n\tProcess Name:\t\tC:\\Windows\\System32\\conhost.exe\r\n\r\nAccess Request Information:\r\n\tTransaction ID:\t\t{00000000-0000-0000-0000-000000000000}\r\n\tAccesses:\t\tQuery key value\r\n\t\t\t\t\r\n\tAccess Reasons:\t\t-\r\n\tAccess Mask:\t\t0x1\r\n\tPrivileges Used for Access Check:\t-\r\n\tRestricted SID Count:\t0","AccessReason":"-","PrivilegeList":"-","@timestamp":"2020-09-17T21:32:15.340Z","SubjectLogonId":"0x2b78cd","port":64545,"RecordNumber":166064,"SubjectUserName":"pgustavo","Task":12801,"SourceModuleName":"eventlog","Version":1,"AccessList":"%%4432\r\n\t\t\t\t","RestrictedSidCount":"0","ResourceAttributes":"-","Hostname":"WORKSTATION5.theshire.local","tags":["mordorDataset"]}
{"ImageLoaded":"C:\\Windows\\System32\\win32u.dll","SeverityValue":2,"EventReceivedTime":"2020-09-17 17:32:15","EventID":7,"ProviderGuid":"{5770385F-C22A-43E0-BF4C-06F5698FFBD9}","ExecutionProcessID":3228,"Channel":"Microsoft-Windows-Sysmon/Operational","host":"wec.internal.cloudapp.net","AccountType":"User","ProcessGuid":"{b34bc01c-d5de-5f63-3a06-000000000400}","ProcessId":"7400","Opcode":"Info","EventTime":"2020-09-17 17:32:14","Signed":"true","SourceModuleType":"im_msvistalog","AccountName":"SYSTEM","Domain":"NT AUTHORITY","@version":"1","OpcodeValue":0,"SignatureStatus":"Valid","Severity":"INFO","Hashes":"SHA1=513CA7ADBF528DE9D0770936A2748FBEE92FD4B1,MD5=59FC84F38585E8F4D32424A05612E4FA,SHA256=68BBFE7153072E5A8D11972AA38B0E2CEF94D2149960E543DD80168C1F92BD24,IMPHASH=00000000000000000000000000000000","SourceName":"Microsoft-Windows-Sysmon","Description":"Win32u","Category":"Image loaded (rule: ImageLoad)","Company":"Microsoft Corporation","Keywords":-9223372036854775808,"FileVersion":"10.0.18362.1082 (WinBuild.160101.0800)","UserID":"S-1-5-18","ThreadID":4288,"EventType":"INFO","Message":"Image loaded:\r\nRuleName: -\r\nUtcTime: 2020-09-17 21:32:14.363\r\nProcessGuid: {b34bc01c-d5de-5f63-3a06-000000000400}\r\nProcessId: 7400\r\nImage: C:\\Users\\pgustavo\\Desktop\\MoveExcel4.exe\r\nImageLoaded: C:\\Windows\\System32\\win32u.dll\r\nFileVersion: 10.0.18362.1082 (WinBuild.160101.0800)\r\nDescription: Win32u\r\nProduct: Microsoft® Windows® Operating System\r\nCompany: Microsoft Corporation\r\nOriginalFileName: Win32u.DLL\r\nHashes: SHA1=513CA7ADBF528DE9D0770936A2748FBEE92FD4B1,MD5=59FC84F38585E8F4D32424A05612E4FA,SHA256=68BBFE7153072E5A8D11972AA38B0E2CEF94D2149960E543DD80168C1F92BD24,IMPHASH=00000000000000000000000000000000\r\nSigned: true\r\nSignature: Microsoft Windows\r\nSignatureStatus: Valid","@timestamp":"2020-09-17T21:32:15.342Z","port":64545,"RecordNumber":636944,"Task":7,"Signature":"Microsoft Windows","SourceModuleName":"eventlog","Version":3,"Product":"Microsoft® Windows® Operating System","Image":"C:\\Users\\pgustavo\\Desktop\\MoveExcel4.exe","OriginalFileName":"Win32u.DLL","UtcTime":"2020-09-17 21:32:14.363","Hostname":"WORKSTATION5.theshire.local","RuleName":"-","tags":["mordorDataset"]}
{"ImageLoaded":"C:\\Windows\\System32\\gdi32full.dll","SeverityValue":2,"EventReceivedTime":"2020-09-17 17:32:15","EventID":7,"ProviderGuid":"{5770385F-C22A-43E0-BF4C-06F5698FFBD9}","ExecutionProcessID":3228,"Channel":"Microsoft-Windows-Sysmon/Operational","host":"wec.internal.cloudapp.net","AccountType":"User","ProcessGuid":"{b34bc01c-d5de-5f63-3a06-000000000400}","ProcessId":"7400","Opcode":"Info","EventTime":"2020-09-17 17:32:14","Signed":"true","SourceModuleType":"im_msvistalog","AccountName":"SYSTEM","Domain":"NT AUTHORITY","@version":"1","OpcodeValue":0,"SignatureStatus":"Valid","Severity":"INFO","Hashes":"SHA1=F7A63E3541F18A55EB874AAD899373D0C6EDED74,MD5=9B9E9E68B817D79F296AB1CCF378D017,SHA256=1CF582623B0CB3868554E78574B599F39B10B5CA4A51FA898F89286DDD15CE13,IMPHASH=4D32F6E2211CD04CA28C2CD4FAC607E8","SourceName":"Microsoft-Windows-Sysmon","Description":"GDI Client DLL","Category":"Image loaded (rule: ImageLoad)","Company":"Microsoft Corporation","Keywords":-9223372036854775808,"FileVersion":"10.0.18362.1082 (WinBuild.160101.0800)","UserID":"S-1-5-18","ThreadID":4288,"EventType":"INFO","Message":"Image loaded:\r\nRuleName: -\r\nUtcTime: 2020-09-17 21:32:14.363\r\nProcessGuid: {b34bc01c-d5de-5f63-3a06-000000000400}\r\nProcessId: 7400\r\nImage: C:\\Users\\pgustavo\\Desktop\\MoveExcel4.exe\r\nImageLoaded: C:\\Windows\\System32\\gdi32full.dll\r\nFileVersion: 10.0.18362.1082 (WinBuild.160101.0800)\r\nDescription: GDI Client DLL\r\nProduct: Microsoft® Windows® Operating System\r\nCompany: Microsoft Corporation\r\nOriginalFileName: gdi32\r\nHashes: SHA1=F7A63E3541F18A55EB874AAD899373D0C6EDED74,MD5=9B9E9E68B817D79F296AB1CCF378D017,SHA256=1CF582623B0CB3868554E78574B599F39B10B5CA4A51FA898F89286DDD15CE13,IMPHASH=4D32F6E2211CD04CA28C2CD4FAC607E8\r\nSigned: true\r\nSignature: Microsoft Windows\r\nSignatureStatus: Valid","@timestamp":"2020-09-17T21:32:15.342Z","port":64545,"RecordNumber":636945,"Task":7,"Signature":"Microsoft Windows","SourceModuleName":"eventlog","Version":3,"Product":"Microsoft® Windows® Operating System","Image":"C:\\Users\\pgustavo\\Desktop\\MoveExcel4.exe","OriginalFileName":"gdi32","UtcTime":"2020-09-17 21:32:14.363","Hostname":"WORKSTATION5.theshire.local","RuleName":"-","tags":["mordorDataset"]}
{"Keywords":-9214364837600034816,"SeverityValue":2,"SubjectDomainName":"THESHIRE","EventID":4663,"ProviderGuid":"{54849625-5478-4994-A5BA-3E3B0328C30D}","ExecutionProcessID":4,"Channel":"Security","host":"wec.internal.cloudapp.net","SubjectUserSid":"S-1-5-21-4228717743-1032521047-1810997296-1104","ObjectType":"Key","EventReceivedTime":"2020-09-17 17:32:15","ThreadID":6132,"ProcessId":"0x1304","EventType":"AUDIT_SUCCESS","Opcode":"Info","EventTime":"2020-09-17 17:32:14","Message":"An attempt was made to access an object.\r\n\r\nSubject:\r\n\tSecurity ID:\t\tS-1-5-21-4228717743-1032521047-1810997296-1104\r\n\tAccount Name:\t\tpgustavo\r\n\tAccount Domain:\t\tTHESHIRE\r\n\tLogon ID:\t\t0x2B78CD\r\n\r\nObject:\r\n\tObject Server:\t\tSecurity\r\n\tObject Type:\t\tKey\r\n\tObject Name:\t\t\\REGISTRY\\MACHINE\\SYSTEM\\ControlSet001\\Control\\Lsa\r\n\tHandle ID:\t\t0x84\r\n\tResource Attributes:\t-\r\n\r\nProcess Information:\r\n\tProcess ID:\t\t0x1304\r\n\tProcess Name:\t\tC:\\Windows\\System32\\conhost.exe\r\n\r\nAccess Request Information:\r\n\tAccesses:\t\tQuery key value\r\n\t\t\t\t\r\n\tAccess Mask:\t\t0x1","@timestamp":"2020-09-17T21:32:15.342Z","ObjectServer":"Security","SubjectLogonId":"0x2b78cd","AccessMask":"0x1","port":64545,"ProcessName":"C:\\Windows\\System32\\conhost.exe","RecordNumber":166065,"SubjectUserName":"pgustavo","SourceModuleType":"im_msvistalog","Task":12801,"@version":"1","OpcodeValue":0,"SourceModuleName":"eventlog","Severity":"INFO","HandleId":"0x84","ObjectName":"\\REGISTRY\\MACHINE\\SYSTEM\\ControlSet001\\Control\\Lsa","SourceName":"Microsoft-Windows-Security-Auditing","Version":1,"AccessList":"%%4432\r\n\t\t\t\t","Category":"Registry","ResourceAttributes":"-","Hostname":"WORKSTATION5.theshire.local","tags":["mordorDataset"]}
{"Keywords":-9214364837600034816,"SeverityValue":2,"SubjectDomainName":"THESHIRE","EventID":4658,"ProviderGuid":"{54849625-5478-4994-A5BA-3E3B0328C30D}","ExecutionProcessID":4,"Channel":"Security","host":"wec.internal.cloudapp.net","SubjectUserSid":"S-1-5-21-4228717743-1032521047-1810997296-1104","EventReceivedTime":"2020-09-17 17:32:15","ProcessId":"0x1304","ThreadID":6132,"EventType":"AUDIT_SUCCESS","Opcode":"Info","EventTime":"2020-09-17 17:32:14","Message":"The handle to an object was closed.\r\n\r\nSubject :\r\n\tSecurity ID:\t\tS-1-5-21-4228717743-1032521047-1810997296-1104\r\n\tAccount Name:\t\tpgustavo\r\n\tAccount Domain:\t\tTHESHIRE\r\n\tLogon ID:\t\t0x2B78CD\r\n\r\nObject:\r\n\tObject Server:\t\tSecurity\r\n\tHandle ID:\t\t0x84\r\n\r\nProcess Information:\r\n\tProcess ID:\t\t0x1304\r\n\tProcess Name:\t\tC:\\Windows\\System32\\conhost.exe","@timestamp":"2020-09-17T21:32:15.343Z","ObjectServer":"Security","SubjectLogonId":"0x2b78cd","SourceModuleType":"im_msvistalog","port":64545,"ProcessName":"C:\\Windows\\System32\\conhost.exe","RecordNumber":166066,"SubjectUserName":"pgustavo","Task":12801,"@version":"1","OpcodeValue":0,"SourceModuleName":"eventlog","Severity":"INFO","HandleId":"0x84","SourceName":"Microsoft-Windows-Security-Auditing","Version":0,"Category":"Registry","tags":["mordorDataset"],"Hostname":"WORKSTATION5.theshire.local"}
{"ImageLoaded":"C:\\Windows\\System32\\msvcp_win.dll","SeverityValue":2,"EventReceivedTime":"2020-09-17 17:32:15","EventID":7,"ProviderGuid":"{5770385F-C22A-43E0-BF4C-06F5698FFBD9}","ExecutionProcessID":3228,"Channel":"Microsoft-Windows-Sysmon/Operational","host":"wec.internal.cloudapp.net","AccountType":"User","ProcessGuid":"{b34bc01c-d5de-5f63-3a06-000000000400}","ProcessId":"7400","Opcode":"Info","EventTime":"2020-09-17 17:32:14","Signed":"true","SourceModuleType":"im_msvistalog","AccountName":"SYSTEM","Domain":"NT AUTHORITY","@version":"1","OpcodeValue":0,"SignatureStatus":"Valid","Severity":"INFO","Hashes":"SHA1=3C9938AFD7E9E2427750B0BBF21D3905502C2416,MD5=D327A488FF346D2A2ACC7D018F80A615,SHA256=F60BA64AF20B44D13275955ECA2949C471F2C812CD3908AF63B145DEAEB4E4F3,IMPHASH=7F555C87AEA488E97B6067A0419ED3B4","SourceName":"Microsoft-Windows-Sysmon","Description":"Microsoft® C Runtime Library","Category":"Image loaded (rule: ImageLoad)","Company":"Microsoft Corporation","Keywords":-9223372036854775808,"FileVersion":"10.0.18362.815 (WinBuild.160101.0800)","UserID":"S-1-5-18","ThreadID":4288,"EventType":"INFO","Message":"Image loaded:\r\nRuleName: -\r\nUtcTime: 2020-09-17 21:32:14.363\r\nProcessGuid: {b34bc01c-d5de-5f63-3a06-000000000400}\r\nProcessId: 7400\r\nImage: C:\\Users\\pgustavo\\Desktop\\MoveExcel4.exe\r\nImageLoaded: C:\\Windows\\System32\\msvcp_win.dll\r\nFileVersion: 10.0.18362.815 (WinBuild.160101.0800)\r\nDescription: Microsoft® C Runtime Library\r\nProduct: Microsoft® Windows® Operating System\r\nCompany: Microsoft Corporation\r\nOriginalFileName: msvcp_win.dll\r\nHashes: SHA1=3C9938AFD7E9E2427750B0BBF21D3905502C2416,MD5=D327A488FF346D2A2ACC7D018F80A615,SHA256=F60BA64AF20B44D13275955ECA2949C471F2C812CD3908AF63B145DEAEB4E4F3,IMPHASH=7F555C87AEA488E97B6067A0419ED3B4\r\nSigned: true\r\nSignature: Microsoft Windows\r\nSignatureStatus: Valid","@timestamp":"2020-09-17T21:32:15.343Z","port":64545,"RecordNumber":636946,"Task":7,"Signature":"Microsoft Windows","SourceModuleName":"eventlog","Version":3,"Product":"Microsoft® Windows® Operating System","Image":"C:\\Users\\pgustavo\\Desktop\\MoveExcel4.exe","OriginalFileName":"msvcp_win.dll","UtcTime":"2020-09-17 21:32:14.363","Hostname":"WORKSTATION5.theshire.local","RuleName":"-","tags":["mordorDataset"]}
{"Keywords":-9214364837600034816,"SeverityValue":2,"SubjectDomainName":"THESHIRE","EventID":4690,"ProviderGuid":"{54849625-5478-4994-A5BA-3E3B0328C30D}","ExecutionProcessID":4,"Channel":"Security","host":"wec.internal.cloudapp.net","SubjectUserSid":"S-1-5-21-4228717743-1032521047-1810997296-1104","EventReceivedTime":"2020-09-17 17:32:15","ProcessId":"0x1870","ThreadID":6132,"EventType":"AUDIT_SUCCESS","Opcode":"Info","EventTime":"2020-09-17 17:32:14","Message":"An attempt was made to duplicate a handle to an object.\r\n\r\nSubject:\r\n\tSecurity ID:\t\tS-1-5-21-4228717743-1032521047-1810997296-1104\r\n\tAccount Name:\t\tpgustavo\r\n\tAccount Domain:\t\tTHESHIRE\r\n\tLogon ID:\t\t0x2B78CD\r\n\r\nSource Handle Information:\r\n\tSource Handle ID:\t0x90\r\n\tSource Process ID:\t0x1870\r\n\r\nNew Handle Information:\r\n\tTarget Handle ID:\t0x3490\r\n\tTarget Process ID:\t0x4","SourceHandleId":"0x90","TargetHandleId":"0x3490","@timestamp":"2020-09-17T21:32:15.344Z","SubjectLogonId":"0x2b78cd","SourceModuleType":"im_msvistalog","port":64545,"RecordNumber":166067,"SubjectUserName":"pgustavo","SourceProcessId":"0x1870","Task":12807,"@version":"1","OpcodeValue":0,"SourceModuleName":"eventlog","Severity":"INFO","SourceName":"Microsoft-Windows-Security-Auditing","Version":0,"TargetProcessId":"0x4","Category":"Handle Manipulation","tags":["mordorDataset"],"Hostname":"WORKSTATION5.theshire.local"}
{"ImageLoaded":"C:\\Windows\\System32\\user32.dll","SeverityValue":2,"EventReceivedTime":"2020-09-17 17:32:15","EventID":7,"ProviderGuid":"{5770385F-C22A-43E0-BF4C-06F5698FFBD9}","ExecutionProcessID":3228,"Channel":"Microsoft-Windows-Sysmon/Operational","host":"wec.internal.cloudapp.net","AccountType":"User","ProcessGuid":"{b34bc01c-d5de-5f63-3a06-000000000400}","ProcessId":"7400","Opcode":"Info","EventTime":"2020-09-17 17:32:14","Signed":"true","SourceModuleType":"im_msvistalog","AccountName":"SYSTEM","Domain":"NT AUTHORITY","@version":"1","OpcodeValue":0,"SignatureStatus":"Valid","Severity":"INFO","Hashes":"SHA1=75625F56E7F2AC8E56CE8A00A3EA4C0C6B0807EF,MD5=C7255260A37B185705C47AA5824AF151,SHA256=116DFE7CC1C09CB0CF7B6D3936D6F2BBC0739A9267CF840FB873B142150253BE,IMPHASH=4C2FEDA3D715107818B9354EC0C836B2","SourceName":"Microsoft-Windows-Sysmon","Description":"Multi-User Windows USER API Client DLL","Category":"Image loaded (rule: ImageLoad)","Company":"Microsoft Corporation","Keywords":-9223372036854775808,"FileVersion":"10.0.18362.997 (WinBuild.160101.0800)","UserID":"S-1-5-18","ThreadID":4288,"EventType":"INFO","Message":"Image loaded:\r\nRuleName: -\r\nUtcTime: 2020-09-17 21:32:14.363\r\nProcessGuid: {b34bc01c-d5de-5f63-3a06-000000000400}\r\nProcessId: 7400\r\nImage: C:\\Users\\pgustavo\\Desktop\\MoveExcel4.exe\r\nImageLoaded: C:\\Windows\\System32\\user32.dll\r\nFileVersion: 10.0.18362.997 (WinBuild.160101.0800)\r\nDescription: Multi-User Windows USER API Client DLL\r\nProduct: Microsoft® Windows® Operating System\r\nCompany: Microsoft Corporation\r\nOriginalFileName: user32\r\nHashes: SHA1=75625F56E7F2AC8E56CE8A00A3EA4C0C6B0807EF,MD5=C7255260A37B185705C47AA5824AF151,SHA256=116DFE7CC1C09CB0CF7B6D3936D6F2BBC0739A9267CF840FB873B142150253BE,IMPHASH=4C2FEDA3D715107818B9354EC0C836B2\r\nSigned: true\r\nSignature: Microsoft Windows\r\nSignatureStatus: Valid","@timestamp":"2020-09-17T21:32:15.344Z","port":64545,"RecordNumber":636947,"Task":7,"Signature":"Microsoft Windows","SourceModuleName":"eventlog","Version":3,"Product":"Microsoft® Windows® Operating System","Image":"C:\\Users\\pgustavo\\Desktop\\MoveExcel4.exe","OriginalFileName":"user32","UtcTime":"2020-09-17 21:32:14.363","Hostname":"WORKSTATION5.theshire.local","RuleName":"-","tags":["mordorDataset"]}
{"Keywords":-9214364837600034816,"SeverityValue":2,"SubjectDomainName":"THESHIRE","EventID":4658,"ProviderGuid":"{54849625-5478-4994-A5BA-3E3B0328C30D}","ExecutionProcessID":4,"Channel":"Security","host":"wec.internal.cloudapp.net","SubjectUserSid":"S-1-5-21-4228717743-1032521047-1810997296-1104","EventReceivedTime":"2020-09-17 17:32:15","ProcessId":"0x1870","ThreadID":6132,"EventType":"AUDIT_SUCCESS","Opcode":"Info","EventTime":"2020-09-17 17:32:14","Message":"The handle to an object was closed.\r\n\r\nSubject :\r\n\tSecurity ID:\t\tS-1-5-21-4228717743-1032521047-1810997296-1104\r\n\tAccount Name:\t\tpgustavo\r\n\tAccount Domain:\t\tTHESHIRE\r\n\tLogon ID:\t\t0x2B78CD\r\n\r\nObject:\r\n\tObject Server:\t\tSecurity\r\n\tHandle ID:\t\t0x3490\r\n\r\nProcess Information:\r\n\tProcess ID:\t\t0x1870\r\n\tProcess Name:\t\tC:\\Windows\\System32\\cmd.exe","@timestamp":"2020-09-17T21:32:15.345Z","ObjectServer":"Security","SubjectLogonId":"0x2b78cd","SourceModuleType":"im_msvistalog","port":64545,"ProcessName":"C:\\Windows\\System32\\cmd.exe","RecordNumber":166068,"SubjectUserName":"pgustavo","Task":12801,"@version":"1","OpcodeValue":0,"SourceModuleName":"eventlog","Severity":"INFO","HandleId":"0x3490","SourceName":"Microsoft-Windows-Security-Auditing","Version":0,"Category":"Registry","tags":["mordorDataset"],"Hostname":"WORKSTATION5.theshire.local"}
{"ImageLoaded":"C:\\Windows\\System32\\imm32.dll","SeverityValue":2,"EventReceivedTime":"2020-09-17 17:32:15","EventID":7,"ProviderGuid":"{5770385F-C22A-43E0-BF4C-06F5698FFBD9}","ExecutionProcessID":3228,"Channel":"Microsoft-Windows-Sysmon/Operational","host":"wec.internal.cloudapp.net","AccountType":"User","ProcessGuid":"{b34bc01c-d5de-5f63-3a06-000000000400}","ProcessId":"7400","Opcode":"Info","EventTime":"2020-09-17 17:32:14","Signed":"true","SourceModuleType":"im_msvistalog","AccountName":"SYSTEM","Domain":"NT AUTHORITY","@version":"1","OpcodeValue":0,"SignatureStatus":"Valid","Severity":"INFO","Hashes":"SHA1=76BB2AB8D3CB6DB6D23F4771334C9AA9C231B03A,MD5=025CC332EDC4B1A38290F3E36BCEF4FB,SHA256=0FE3C1C575EA1B0257B2EB12527EC35E3004CD88EA5BAEC7095386A9F9EB70AD,IMPHASH=24F54B6761C10BA12481CF6C780605BF","SourceName":"Microsoft-Windows-Sysmon","Description":"Multi-User Windows IMM32 API Client DLL","Category":"Image loaded (rule: ImageLoad)","Company":"Microsoft Corporation","Keywords":-9223372036854775808,"FileVersion":"10.0.18362.387 (WinBuild.160101.0800)","UserID":"S-1-5-18","ThreadID":4288,"EventType":"INFO","Message":"Image loaded:\r\nRuleName: -\r\nUtcTime: 2020-09-17 21:32:14.363\r\nProcessGuid: {b34bc01c-d5de-5f63-3a06-000000000400}\r\nProcessId: 7400\r\nImage: C:\\Users\\pgustavo\\Desktop\\MoveExcel4.exe\r\nImageLoaded: C:\\Windows\\System32\\imm32.dll\r\nFileVersion: 10.0.18362.387 (WinBuild.160101.0800)\r\nDescription: Multi-User Windows IMM32 API Client DLL\r\nProduct: Microsoft® Windows® Operating System\r\nCompany: Microsoft Corporation\r\nOriginalFileName: imm32\r\nHashes: SHA1=76BB2AB8D3CB6DB6D23F4771334C9AA9C231B03A,MD5=025CC332EDC4B1A38290F3E36BCEF4FB,SHA256=0FE3C1C575EA1B0257B2EB12527EC35E3004CD88EA5BAEC7095386A9F9EB70AD,IMPHASH=24F54B6761C10BA12481CF6C780605BF\r\nSigned: true\r\nSignature: Microsoft Windows\r\nSignatureStatus: Valid","@timestamp":"2020-09-17T21:32:15.345Z","port":64545,"RecordNumber":636948,"Task":7,"Signature":"Microsoft Windows","SourceModuleName":"eventlog","Version":3,"Product":"Microsoft® Windows® Operating System","Image":"C:\\Users\\pgustavo\\Desktop\\MoveExcel4.exe","OriginalFileName":"imm32","UtcTime":"2020-09-17 21:32:14.363","Hostname":"WORKSTATION5.theshire.local","RuleName":"-","tags":["mordorDataset"]}
{"ImageLoaded":"C:\\Windows\\System32\\kernel.appcore.dll","SeverityValue":2,"EventReceivedTime":"2020-09-17 17:32:15","EventID":7,"ProviderGuid":"{5770385F-C22A-43E0-BF4C-06F5698FFBD9}","ExecutionProcessID":3228,"Channel":"Microsoft-Windows-Sysmon/Operational","host":"wec.internal.cloudapp.net","AccountType":"User","ProcessGuid":"{b34bc01c-d5de-5f63-3a06-000000000400}","ProcessId":"7400","Opcode":"Info","EventTime":"2020-09-17 17:32:14","Signed":"true","SourceModuleType":"im_msvistalog","AccountName":"SYSTEM","Domain":"NT AUTHORITY","@version":"1","OpcodeValue":0,"SignatureStatus":"Valid","Severity":"INFO","Hashes":"SHA1=4985EC8C3309DB6CCCCFD4D18423A84E37BEC172,MD5=EDF981437C0FD1B9DBF9EA42CE97CE60,SHA256=42164F81BC8FC2D0A6B71DAA492BE6A6D4785821AA4FDCA27B9273721EDB23D9,IMPHASH=8899216954AA228EAA7E8EEDC31DBC03","SourceName":"Microsoft-Windows-Sysmon","Description":"AppModel API Host","Category":"Image loaded (rule: ImageLoad)","Company":"Microsoft Corporation","Keywords":-9223372036854775808,"FileVersion":"10.0.18362.1 (WinBuild.160101.0800)","UserID":"S-1-5-18","ThreadID":4288,"EventType":"INFO","Message":"Image loaded:\r\nRuleName: -\r\nUtcTime: 2020-09-17 21:32:14.363\r\nProcessGuid: {b34bc01c-d5de-5f63-3a06-000000000400}\r\nProcessId: 7400\r\nImage: C:\\Users\\pgustavo\\Desktop\\MoveExcel4.exe\r\nImageLoaded: C:\\Windows\\System32\\kernel.appcore.dll\r\nFileVersion: 10.0.18362.1 (WinBuild.160101.0800)\r\nDescription: AppModel API Host\r\nProduct: Microsoft® Windows® Operating System\r\nCompany: Microsoft Corporation\r\nOriginalFileName: kernel.appcore.dll\r\nHashes: SHA1=4985EC8C3309DB6CCCCFD4D18423A84E37BEC172,MD5=EDF981437C0FD1B9DBF9EA42CE97CE60,SHA256=42164F81BC8FC2D0A6B71DAA492BE6A6D4785821AA4FDCA27B9273721EDB23D9,IMPHASH=8899216954AA228EAA7E8EEDC31DBC03\r\nSigned: true\r\nSignature: Microsoft Windows\r\nSignatureStatus: Valid","@timestamp":"2020-09-17T21:32:15.346Z","port":64545,"RecordNumber":636949,"Task":7,"Signature":"Microsoft Windows","SourceModuleName":"eventlog","Version":3,"Product":"Microsoft® Windows® Operating System","Image":"C:\\Users\\pgustavo\\Desktop\\MoveExcel4.exe","OriginalFileName":"kernel.appcore.dll","UtcTime":"2020-09-17 21:32:14.363","Hostname":"WORKSTATION5.theshire.local","RuleName":"-","tags":["mordorDataset"]}
{"SeverityValue":2,"SubjectDomainName":"THESHIRE","EventReceivedTime":"2020-09-17 17:32:15","EventID":4656,"ProviderGuid":"{54849625-5478-4994-A5BA-3E3B0328C30D}","ExecutionProcessID":4,"Channel":"Security","host":"wec.internal.cloudapp.net","ProcessId":"0x1870","Opcode":"Info","EventTime":"2020-09-17 17:32:14","TransactionId":"{00000000-0000-0000-0000-000000000000}","ObjectServer":"Security","AccessMask":"0x1","SourceModuleType":"im_msvistalog","ProcessName":"C:\\Windows\\System32\\cmd.exe","@version":"1","OpcodeValue":0,"Severity":"INFO","HandleId":"0x90","ObjectName":"\\REGISTRY\\MACHINE\\SYSTEM\\ControlSet001\\Control\\Lsa","SourceName":"Microsoft-Windows-Security-Auditing","Category":"Registry","Keywords":-9214364837600034816,"ObjectType":"Key","SubjectUserSid":"S-1-5-21-4228717743-1032521047-1810997296-1104","ThreadID":6132,"EventType":"AUDIT_SUCCESS","Message":"A handle to an object was requested.\r\n\r\nSubject:\r\n\tSecurity ID:\t\tS-1-5-21-4228717743-1032521047-1810997296-1104\r\n\tAccount Name:\t\tpgustavo\r\n\tAccount Domain:\t\tTHESHIRE\r\n\tLogon ID:\t\t0x2B78CD\r\n\r\nObject:\r\n\tObject Server:\t\tSecurity\r\n\tObject Type:\t\tKey\r\n\tObject Name:\t\t\\REGISTRY\\MACHINE\\SYSTEM\\ControlSet001\\Control\\Lsa\r\n\tHandle ID:\t\t0x90\r\n\tResource Attributes:\t-\r\n\r\nProcess Information:\r\n\tProcess ID:\t\t0x1870\r\n\tProcess Name:\t\tC:\\Windows\\System32\\cmd.exe\r\n\r\nAccess Request Information:\r\n\tTransaction ID:\t\t{00000000-0000-0000-0000-000000000000}\r\n\tAccesses:\t\tQuery key value\r\n\t\t\t\t\r\n\tAccess Reasons:\t\t-\r\n\tAccess Mask:\t\t0x1\r\n\tPrivileges Used for Access Check:\t-\r\n\tRestricted SID Count:\t0","AccessReason":"-","PrivilegeList":"-","@timestamp":"2020-09-17T21:32:15.346Z","SubjectLogonId":"0x2b78cd","port":64545,"RecordNumber":166069,"SubjectUserName":"pgustavo","Task":12801,"SourceModuleName":"eventlog","Version":1,"AccessList":"%%4432\r\n\t\t\t\t","RestrictedSidCount":"0","ResourceAttributes":"-","Hostname":"WORKSTATION5.theshire.local","tags":["mordorDataset"]}
{"ImageLoaded":"C:\\Windows\\System32\\version.dll","SeverityValue":2,"EventReceivedTime":"2020-09-17 17:32:15","EventID":7,"ProviderGuid":"{5770385F-C22A-43E0-BF4C-06F5698FFBD9}","ExecutionProcessID":3228,"Channel":"Microsoft-Windows-Sysmon/Operational","host":"wec.internal.cloudapp.net","AccountType":"User","ProcessGuid":"{b34bc01c-d5de-5f63-3a06-000000000400}","ProcessId":"7400","Opcode":"Info","EventTime":"2020-09-17 17:32:14","Signed":"true","SourceModuleType":"im_msvistalog","AccountName":"SYSTEM","Domain":"NT AUTHORITY","@version":"1","OpcodeValue":0,"SignatureStatus":"Valid","Severity":"INFO","Hashes":"SHA1=119724CC09BB52731D86A6B9F94003ED88E0E3FE,MD5=2C7C14627CFF3384C52E61D4DBD0ECC3,SHA256=41B4D85D84A86E41B948694B9B5F398A0D79F47629D6D969EB5B461D4F5D0347,IMPHASH=34340C2C4E9AA6EF6AD12BB695FC695B","SourceName":"Microsoft-Windows-Sysmon","Description":"Version Checking and File Installation Libraries","Category":"Image loaded (rule: ImageLoad)","Company":"Microsoft Corporation","Keywords":-9223372036854775808,"FileVersion":"10.0.18362.1 (WinBuild.160101.0800)","UserID":"S-1-5-18","ThreadID":4288,"EventType":"INFO","Message":"Image loaded:\r\nRuleName: -\r\nUtcTime: 2020-09-17 21:32:14.363\r\nProcessGuid: {b34bc01c-d5de-5f63-3a06-000000000400}\r\nProcessId: 7400\r\nImage: C:\\Users\\pgustavo\\Desktop\\MoveExcel4.exe\r\nImageLoaded: C:\\Windows\\System32\\version.dll\r\nFileVersion: 10.0.18362.1 (WinBuild.160101.0800)\r\nDescription: Version Checking and File Installation Libraries\r\nProduct: Microsoft® Windows® Operating System\r\nCompany: Microsoft Corporation\r\nOriginalFileName: VERSION.DLL\r\nHashes: SHA1=119724CC09BB52731D86A6B9F94003ED88E0E3FE,MD5=2C7C14627CFF3384C52E61D4DBD0ECC3,SHA256=41B4D85D84A86E41B948694B9B5F398A0D79F47629D6D969EB5B461D4F5D0347,IMPHASH=34340C2C4E9AA6EF6AD12BB695FC695B\r\nSigned: true\r\nSignature: Microsoft Windows\r\nSignatureStatus: Valid","@timestamp":"2020-09-17T21:32:15.347Z","port":64545,"RecordNumber":636950,"Task":7,"Signature":"Microsoft Windows","SourceModuleName":"eventlog","Version":3,"Product":"Microsoft® Windows® Operating System","Image":"C:\\Users\\pgustavo\\Desktop\\MoveExcel4.exe","OriginalFileName":"VERSION.DLL","UtcTime":"2020-09-17 21:32:14.363","Hostname":"WORKSTATION5.theshire.local","RuleName":"-","tags":["mordorDataset"]}
{"Keywords":-9214364837600034816,"SeverityValue":2,"SubjectDomainName":"THESHIRE","EventID":4663,"ProviderGuid":"{54849625-5478-4994-A5BA-3E3B0328C30D}","ExecutionProcessID":4,"Channel":"Security","host":"wec.internal.cloudapp.net","SubjectUserSid":"S-1-5-21-4228717743-1032521047-1810997296-1104","ObjectType":"Key","EventReceivedTime":"2020-09-17 17:32:15","ThreadID":6132,"ProcessId":"0x1870","EventType":"AUDIT_SUCCESS","Opcode":"Info","EventTime":"2020-09-17 17:32:14","Message":"An attempt was made to access an object.\r\n\r\nSubject:\r\n\tSecurity ID:\t\tS-1-5-21-4228717743-1032521047-1810997296-1104\r\n\tAccount Name:\t\tpgustavo\r\n\tAccount Domain:\t\tTHESHIRE\r\n\tLogon ID:\t\t0x2B78CD\r\n\r\nObject:\r\n\tObject Server:\t\tSecurity\r\n\tObject Type:\t\tKey\r\n\tObject Name:\t\t\\REGISTRY\\MACHINE\\SYSTEM\\ControlSet001\\Control\\Lsa\r\n\tHandle ID:\t\t0x90\r\n\tResource Attributes:\t-\r\n\r\nProcess Information:\r\n\tProcess ID:\t\t0x1870\r\n\tProcess Name:\t\tC:\\Windows\\System32\\cmd.exe\r\n\r\nAccess Request Information:\r\n\tAccesses:\t\tQuery key value\r\n\t\t\t\t\r\n\tAccess Mask:\t\t0x1","@timestamp":"2020-09-17T21:32:15.347Z","ObjectServer":"Security","SubjectLogonId":"0x2b78cd","AccessMask":"0x1","port":64545,"ProcessName":"C:\\Windows\\System32\\cmd.exe","RecordNumber":166070,"SubjectUserName":"pgustavo","SourceModuleType":"im_msvistalog","Task":12801,"@version":"1","OpcodeValue":0,"SourceModuleName":"eventlog","Severity":"INFO","HandleId":"0x90","ObjectName":"\\REGISTRY\\MACHINE\\SYSTEM\\ControlSet001\\Control\\Lsa","SourceName":"Microsoft-Windows-Security-Auditing","Version":1,"AccessList":"%%4432\r\n\t\t\t\t","Category":"Registry","ResourceAttributes":"-","Hostname":"WORKSTATION5.theshire.local","tags":["mordorDataset"]}
{"ImageLoaded":"C:\\Windows\\Microsoft.NET\\Framework64\\v4.0.30319\\mscoreei.dll","SeverityValue":2,"EventReceivedTime":"2020-09-17 17:32:15","EventID":7,"ProviderGuid":"{5770385F-C22A-43E0-BF4C-06F5698FFBD9}","ExecutionProcessID":3228,"Channel":"Microsoft-Windows-Sysmon/Operational","host":"wec.internal.cloudapp.net","AccountType":"User","ProcessGuid":"{b34bc01c-d5de-5f63-3a06-000000000400}","ProcessId":"7400","Opcode":"Info","EventTime":"2020-09-17 17:32:14","Signed":"true","SourceModuleType":"im_msvistalog","AccountName":"SYSTEM","Domain":"NT AUTHORITY","@version":"1","OpcodeValue":0,"SignatureStatus":"Valid","Severity":"INFO","Hashes":"SHA1=1283EF637FA53D571118F269F9B8C0A5CCA2BF01,MD5=899A8B655E52A061B33571D97C5C06ED,SHA256=DE05B03E37FB9BA5D74CF8FA36A6F0B15AB61705285B738BC90D14FDE580A45E,IMPHASH=005299FA213F652A596AC31760C5340B","SourceName":"Microsoft-Windows-Sysmon","Description":"Microsoft .NET Runtime Execution Engine","Category":"Image loaded (rule: ImageLoad)","Company":"Microsoft Corporation","Keywords":-9223372036854775808,"FileVersion":"4.8.4180.0 built by: NET48REL1LAST_B","UserID":"S-1-5-18","ThreadID":4304,"EventType":"INFO","Message":"Image loaded:\r\nRuleName: -\r\nUtcTime: 2020-09-17 21:32:14.347\r\nProcessGuid: {b34bc01c-d5de-5f63-3a06-000000000400}\r\nProcessId: 7400\r\nImage: C:\\Users\\pgustavo\\Desktop\\MoveExcel4.exe\r\nImageLoaded: C:\\Windows\\Microsoft.NET\\Framework64\\v4.0.30319\\mscoreei.dll\r\nFileVersion: 4.8.4180.0 built by: NET48REL1LAST_B\r\nDescription: Microsoft .NET Runtime Execution Engine\r\nProduct: Microsoft® .NET Framework\r\nCompany: Microsoft Corporation\r\nOriginalFileName: mscoreei.dll\r\nHashes: SHA1=1283EF637FA53D571118F269F9B8C0A5CCA2BF01,MD5=899A8B655E52A061B33571D97C5C06ED,SHA256=DE05B03E37FB9BA5D74CF8FA36A6F0B15AB61705285B738BC90D14FDE580A45E,IMPHASH=005299FA213F652A596AC31760C5340B\r\nSigned: true\r\nSignature: Microsoft Corporation\r\nSignatureStatus: Valid","@timestamp":"2020-09-17T21:32:15.348Z","port":64545,"RecordNumber":636951,"Task":7,"Signature":"Microsoft Corporation","SourceModuleName":"eventlog","Version":3,"Product":"Microsoft® .NET Framework","Image":"C:\\Users\\pgustavo\\Desktop\\MoveExcel4.exe","OriginalFileName":"mscoreei.dll","UtcTime":"2020-09-17 21:32:14.347","Hostname":"WORKSTATION5.theshire.local","RuleName":"-","tags":["mordorDataset"]}
{"Keywords":-9214364837600034816,"SeverityValue":2,"SubjectDomainName":"THESHIRE","EventID":4658,"ProviderGuid":"{54849625-5478-4994-A5BA-3E3B0328C30D}","ExecutionProcessID":4,"Channel":"Security","host":"wec.internal.cloudapp.net","SubjectUserSid":"S-1-5-21-4228717743-1032521047-1810997296-1104","EventReceivedTime":"2020-09-17 17:32:15","ProcessId":"0x1870","ThreadID":6132,"EventType":"AUDIT_SUCCESS","Opcode":"Info","EventTime":"2020-09-17 17:32:14","Message":"The handle to an object was closed.\r\n\r\nSubject :\r\n\tSecurity ID:\t\tS-1-5-21-4228717743-1032521047-1810997296-1104\r\n\tAccount Name:\t\tpgustavo\r\n\tAccount Domain:\t\tTHESHIRE\r\n\tLogon ID:\t\t0x2B78CD\r\n\r\nObject:\r\n\tObject Server:\t\tSecurity\r\n\tHandle ID:\t\t0x90\r\n\r\nProcess Information:\r\n\tProcess ID:\t\t0x1870\r\n\tProcess Name:\t\tC:\\Windows\\System32\\cmd.exe","@timestamp":"2020-09-17T21:32:15.348Z","ObjectServer":"Security","SubjectLogonId":"0x2b78cd","SourceModuleType":"im_msvistalog","port":64545,"ProcessName":"C:\\Windows\\System32\\cmd.exe","RecordNumber":166071,"SubjectUserName":"pgustavo","Task":12801,"@version":"1","OpcodeValue":0,"SourceModuleName":"eventlog","Severity":"INFO","HandleId":"0x90","SourceName":"Microsoft-Windows-Security-Auditing","Version":0,"Category":"Registry","tags":["mordorDataset"],"Hostname":"WORKSTATION5.theshire.local"}
{"ImageLoaded":"C:\\Windows\\Microsoft.NET\\Framework64\\v4.0.30319\\clr.dll","SeverityValue":2,"EventReceivedTime":"2020-09-17 17:32:15","EventID":7,"ProviderGuid":"{5770385F-C22A-43E0-BF4C-06F5698FFBD9}","ExecutionProcessID":3228,"Channel":"Microsoft-Windows-Sysmon/Operational","host":"wec.internal.cloudapp.net","AccountType":"User","ProcessGuid":"{b34bc01c-d5de-5f63-3a06-000000000400}","ProcessId":"7400","Opcode":"Info","EventTime":"2020-09-17 17:32:14","Signed":"true","SourceModuleType":"im_msvistalog","AccountName":"SYSTEM","Domain":"NT AUTHORITY","@version":"1","OpcodeValue":0,"SignatureStatus":"Valid","Severity":"INFO","Hashes":"SHA1=36A9EF8C38706CB198AAB04DE49F9A0BC440CC62,MD5=AA6871A1B47FFC662A723679A867E653,SHA256=88FF8232C947924D7C5606382D5C099739431B554501809AC6C1BD846B545024,IMPHASH=2BC2B098BC197051D6B424CC7B54426F","SourceName":"Microsoft-Windows-Sysmon","Description":"Microsoft .NET Runtime Common Language Runtime - WorkStation","Category":"Image loaded (rule: ImageLoad)","Company":"Microsoft Corporation","Keywords":-9223372036854775808,"FileVersion":"4.8.4220.0 built by: NET48REL1LAST_C","UserID":"S-1-5-18","ThreadID":4304,"EventType":"INFO","Message":"Image loaded:\r\nRuleName: -\r\nUtcTime: 2020-09-17 21:32:14.503\r\nProcessGuid: {b34bc01c-d5de-5f63-3a06-000000000400}\r\nProcessId: 7400\r\nImage: C:\\Users\\pgustavo\\Desktop\\MoveExcel4.exe\r\nImageLoaded: C:\\Windows\\Microsoft.NET\\Framework64\\v4.0.30319\\clr.dll\r\nFileVersion: 4.8.4220.0 built by: NET48REL1LAST_C\r\nDescription: Microsoft .NET Runtime Common Language Runtime - WorkStation\r\nProduct: Microsoft® .NET Framework\r\nCompany: Microsoft Corporation\r\nOriginalFileName: clr.dll\r\nHashes: SHA1=36A9EF8C38706CB198AAB04DE49F9A0BC440CC62,MD5=AA6871A1B47FFC662A723679A867E653,SHA256=88FF8232C947924D7C5606382D5C099739431B554501809AC6C1BD846B545024,IMPHASH=2BC2B098BC197051D6B424CC7B54426F\r\nSigned: true\r\nSignature: Microsoft Corporation\r\nSignatureStatus: Valid","@timestamp":"2020-09-17T21:32:15.348Z","port":64545,"RecordNumber":636952,"Task":7,"Signature":"Microsoft Corporation","SourceModuleName":"eventlog","Version":3,"Product":"Microsoft® .NET Framework","Image":"C:\\Users\\pgustavo\\Desktop\\MoveExcel4.exe","OriginalFileName":"clr.dll","UtcTime":"2020-09-17 21:32:14.503","Hostname":"WORKSTATION5.theshire.local","RuleName":"-","tags":["mordorDataset"]}
{"MandatoryLabel":"S-1-16-8192","tags":["mordorDataset"],"Keywords":-9214364837600034816,"SeverityValue":2,"SubjectDomainName":"THESHIRE","EventID":4688,"ProviderGuid":"{54849625-5478-4994-A5BA-3E3B0328C30D}","ExecutionProcessID":4,"Channel":"Security","host":"wec.internal.cloudapp.net","SubjectUserSid":"S-1-5-21-4228717743-1032521047-1810997296-1104","TargetLogonId":"0x0","EventReceivedTime":"2020-09-17 17:32:15","ThreadID":6132,"ProcessId":"0x1870","EventType":"AUDIT_SUCCESS","Opcode":"Info","EventTime":"2020-09-17 17:32:14","Message":"A new process has been created.\r\n\r\nCreator Subject:\r\n\tSecurity ID:\t\tS-1-5-21-4228717743-1032521047-1810997296-1104\r\n\tAccount Name:\t\tpgustavo\r\n\tAccount Domain:\t\tTHESHIRE\r\n\tLogon ID:\t\t0x2B78CD\r\n\r\nTarget Subject:\r\n\tSecurity ID:\t\tS-1-0-0\r\n\tAccount Name:\t\t-\r\n\tAccount Domain:\t\t-\r\n\tLogon ID:\t\t0x0\r\n\r\nProcess Information:\r\n\tNew Process ID:\t\t0x1ce8\r\n\tNew Process Name:\tC:\\Users\\pgustavo\\Desktop\\MoveExcel4.exe\r\n\tToken Elevation Type:\t%%1938\r\n\tMandatory Label:\t\tS-1-16-8192\r\n\tCreator Process ID:\t0x1870\r\n\tCreator Process Name:\tC:\\Windows\\System32\\cmd.exe\r\n\tProcess Command Line:\tC:\\Users\\pgustavo\\Desktop\\MoveExcel4.exe  172.18.39.6\r\n\r\nToken Elevation Type indicates the type of token that was assigned to the new process in accordance with User Account Control policy.\r\n\r\nType 1 is a full token with no privileges removed or groups disabled.  A full token is only used if User Account Control is disabled or if the user is the built-in Administrator account or a service account.\r\n\r\nType 2 is an elevated token with no privileges removed or groups disabled.  An elevated token is used when User Account Control is enabled and the user chooses to start the program using Run as administrator.  An elevated token is also used when an application is configured to always require administrative privilege or to always require maximum privilege, and the user is a member of the Administrators group.\r\n\r\nType 3 is a limited token with administrative privileges removed and administrative groups disabled.  The limited token is used when User Account Control is enabled, the application does not require administrative privilege, and the user does not choose to start the program using Run as administrator.","ParentProcessName":"C:\\Windows\\System32\\cmd.exe","@timestamp":"2020-09-17T21:32:15.349Z","SubjectLogonId":"0x2b78cd","SourceModuleType":"im_msvistalog","port":64545,"RecordNumber":166072,"SubjectUserName":"pgustavo","CommandLine":"C:\\Users\\pgustavo\\Desktop\\MoveExcel4.exe  172.18.39.6","Task":13312,"@version":"1","OpcodeValue":0,"SourceModuleName":"eventlog","Severity":"INFO","NewProcessName":"C:\\Users\\pgustavo\\Desktop\\MoveExcel4.exe","TokenElevationType":"%%1938","SourceName":"Microsoft-Windows-Security-Auditing","Version":2,"Category":"Process Creation","TargetUserName":"-","TargetUserSid":"S-1-0-0","Hostname":"WORKSTATION5.theshire.local","NewProcessId":"0x1ce8","TargetDomainName":"-"}
{"ImageLoaded":"C:\\Windows\\System32\\vcruntime140_clr0400.dll","SeverityValue":2,"EventReceivedTime":"2020-09-17 17:32:15","EventID":7,"ProviderGuid":"{5770385F-C22A-43E0-BF4C-06F5698FFBD9}","ExecutionProcessID":3228,"Channel":"Microsoft-Windows-Sysmon/Operational","host":"wec.internal.cloudapp.net","AccountType":"User","ProcessGuid":"{b34bc01c-d5de-5f63-3a06-000000000400}","ProcessId":"7400","Opcode":"Info","EventTime":"2020-09-17 17:32:14","Signed":"true","SourceModuleType":"im_msvistalog","AccountName":"SYSTEM","Domain":"NT AUTHORITY","@version":"1","OpcodeValue":0,"SignatureStatus":"Valid","Severity":"INFO","Hashes":"SHA1=6790994B2E72E7FE8690CD8EBA1FCF4577389280,MD5=63936588122BDEE9624D02CE3F8F54EA,SHA256=21F7E6165CE8DD92DB8CDF48CEE83DE64B2B0807B7B499CF87678B70C6F8C32F,IMPHASH=CD244BF7A749BF0B13E038D2EE842BFC","SourceName":"Microsoft-Windows-Sysmon","Description":"Microsoft® C Runtime Library","Category":"Image loaded (rule: ImageLoad)","Company":"Microsoft Corporation","Keywords":-9223372036854775808,"FileVersion":"14.10.25028.0 built by: VCTOOLSD15RTM","UserID":"S-1-5-18","ThreadID":4304,"EventType":"INFO","Message":"Image loaded:\r\nRuleName: -\r\nUtcTime: 2020-09-17 21:32:14.503\r\nProcessGuid: {b34bc01c-d5de-5f63-3a06-000000000400}\r\nProcessId: 7400\r\nImage: C:\\Users\\pgustavo\\Desktop\\MoveExcel4.exe\r\nImageLoaded: C:\\Windows\\System32\\vcruntime140_clr0400.dll\r\nFileVersion: 14.10.25028.0 built by: VCTOOLSD15RTM\r\nDescription: Microsoft® C Runtime Library\r\nProduct: Microsoft® Visual Studio® 2017\r\nCompany: Microsoft Corporation\r\nOriginalFileName: vcruntime140_clr0400.dll\r\nHashes: SHA1=6790994B2E72E7FE8690CD8EBA1FCF4577389280,MD5=63936588122BDEE9624D02CE3F8F54EA,SHA256=21F7E6165CE8DD92DB8CDF48CEE83DE64B2B0807B7B499CF87678B70C6F8C32F,IMPHASH=CD244BF7A749BF0B13E038D2EE842BFC\r\nSigned: true\r\nSignature: Microsoft Corporation\r\nSignatureStatus: Valid","@timestamp":"2020-09-17T21:32:15.350Z","port":64545,"RecordNumber":636953,"Task":7,"Signature":"Microsoft Corporation","SourceModuleName":"eventlog","Version":3,"Product":"Microsoft® Visual Studio® 2017","Image":"C:\\Users\\pgustavo\\Desktop\\MoveExcel4.exe","OriginalFileName":"vcruntime140_clr0400.dll","UtcTime":"2020-09-17 21:32:14.503","Hostname":"WORKSTATION5.theshire.local","RuleName":"-","tags":["mordorDataset"]}
{"Keywords":-9218868437227405312,"SeverityValue":4,"SubjectDomainName":"THESHIRE","EventID":4673,"ProviderGuid":"{54849625-5478-4994-A5BA-3E3B0328C30D}","ExecutionProcessID":4,"Channel":"Security","host":"wec.internal.cloudapp.net","SubjectUserSid":"S-1-5-21-4228717743-1032521047-1810997296-1104","EventReceivedTime":"2020-09-17 17:32:15","ProcessId":"0x1ce8","ThreadID":6132,"EventType":"AUDIT_FAILURE","Opcode":"Info","EventTime":"2020-09-17 17:32:14","Message":"A privileged service was called.\r\n\r\nSubject:\r\n\tSecurity ID:\t\tS-1-5-21-4228717743-1032521047-1810997296-1104\r\n\tAccount Name:\t\tpgustavo\r\n\tAccount Domain:\t\tTHESHIRE\r\n\tLogon ID:\t\t0x2B78CD\r\n\r\nService:\r\n\tServer:\tSecurity\r\n\tService Name:\t-\r\n\r\nProcess:\r\n\tProcess ID:\t0x1ce8\r\n\tProcess Name:\tC:\\Users\\pgustavo\\Desktop\\MoveExcel4.exe\r\n\r\nService Request Information:\r\n\tPrivileges:\t\tSeProfileSingleProcessPrivilege","PrivilegeList":"SeProfileSingleProcessPrivilege","@timestamp":"2020-09-17T21:32:15.350Z","ObjectServer":"Security","SubjectLogonId":"0x2b78cd","SourceModuleType":"im_msvistalog","port":64545,"ProcessName":"C:\\Users\\pgustavo\\Desktop\\MoveExcel4.exe","RecordNumber":166073,"SubjectUserName":"pgustavo","Task":13056,"@version":"1","OpcodeValue":0,"Service":"-","SourceModuleName":"eventlog","Severity":"ERROR","SourceName":"Microsoft-Windows-Security-Auditing","Version":0,"Category":"Sensitive Privilege Use","tags":["mordorDataset"],"Hostname":"WORKSTATION5.theshire.local"}
