{"UtcTime":"2020-10-13 04:26:28.830","RuleName":"-","@timestamp":"2020-10-13T04:26:30.102Z","port":61041,"Severity":"INFO","Task":9,"Channel":"Microsoft-Windows-Sysmon/Operational","tags":["mordorDataset"],"UserID":"S-1-5-18","SourceModuleType":"im_msvistalog","OpcodeValue":0,"EventType":"INFO","ExecutionProcessID":3592,"Opcode":"Info","RecordNumber":205449,"ThreadID":4780,"SourceName":"Microsoft-Windows-Sysmon","Keywords":-9223372036854775808,"Image":"System","EventID":9,"Domain":"NT AUTHORITY","Category":"RawAccessRead detected (rule: RawAccessRead)","Version":2,"ProcessId":"4","@version":"1","AccountName":"SYSTEM","ProcessGuid":"{37c5a1b2-c0c2-5f84-0100-000000000400}","host":"wec.internal.cloudapp.net","Hostname":"WORKSTATION6.theshire.local","Device":"\\Device\\HarddiskVolume1","EventReceivedTime":"2020-10-13 00:26:30","SeverityValue":2,"EventTime":"2020-10-13 00:26:28","ProviderGuid":"{5770385F-C22A-43E0-BF4C-06F5698FFBD9}","Message":"RawAccessRead detected:\r\nRuleName: -\r\nUtcTime: 2020-10-13 04:26:28.830\r\nProcessGuid: {37c5a1b2-c0c2-5f84-0100-000000000400}\r\nProcessId: 4\r\nImage: System\r\nDevice: \\Device\\HarddiskVolume1","SourceModuleName":"eventlog","AccountType":"User"}
{"UtcTime":"2020-10-13 04:26:28.830","RuleName":"-","@timestamp":"2020-10-13T04:26:30.103Z","port":61041,"Severity":"INFO","Task":9,"Channel":"Microsoft-Windows-Sysmon/Operational","tags":["mordorDataset"],"UserID":"S-1-5-18","SourceModuleType":"im_msvistalog","OpcodeValue":0,"EventType":"INFO","ExecutionProcessID":3592,"Opcode":"Info","RecordNumber":205450,"ThreadID":4780,"SourceName":"Microsoft-Windows-Sysmon","Keywords":-9223372036854775808,"Image":"System","EventID":9,"Domain":"NT AUTHORITY","Category":"RawAccessRead detected (rule: RawAccessRead)","Version":2,"ProcessId":"4","@version":"1","AccountName":"SYSTEM","ProcessGuid":"{37c5a1b2-c0c2-5f84-0100-000000000400}","host":"wec.internal.cloudapp.net","Hostname":"WORKSTATION6.theshire.local","Device":"\\Device\\HarddiskVolume2","EventReceivedTime":"2020-10-13 00:26:30","SeverityValue":2,"EventTime":"2020-10-13 00:26:28","ProviderGuid":"{5770385F-C22A-43E0-BF4C-06F5698FFBD9}","Message":"RawAccessRead detected:\r\nRuleName: -\r\nUtcTime: 2020-10-13 04:26:28.830\r\nProcessGuid: {37c5a1b2-c0c2-5f84-0100-000000000400}\r\nProcessId: 4\r\nImage: System\r\nDevice: \\Device\\HarddiskVolume2","SourceModuleName":"eventlog","AccountType":"User"}
{"UtcTime":"2020-10-13 04:26:28.830","RuleName":"-","@timestamp":"2020-10-13T04:26:30.103Z","port":61041,"Severity":"INFO","Task":9,"Channel":"Microsoft-Windows-Sysmon/Operational","tags":["mordorDataset"],"UserID":"S-1-5-18","SourceModuleType":"im_msvistalog","OpcodeValue":0,"EventType":"INFO","ExecutionProcessID":3592,"Opcode":"Info","RecordNumber":205451,"ThreadID":4780,"SourceName":"Microsoft-Windows-Sysmon","Keywords":-9223372036854775808,"Image":"System","EventID":9,"Domain":"NT AUTHORITY","Category":"RawAccessRead detected (rule: RawAccessRead)","Version":2,"ProcessId":"4","@version":"1","AccountName":"SYSTEM","ProcessGuid":"{37c5a1b2-c0c2-5f84-0100-000000000400}","host":"wec.internal.cloudapp.net","Hostname":"WORKSTATION6.theshire.local","Device":"\\Device\\HarddiskVolume3","EventReceivedTime":"2020-10-13 00:26:30","SeverityValue":2,"EventTime":"2020-10-13 00:26:28","ProviderGuid":"{5770385F-C22A-43E0-BF4C-06F5698FFBD9}","Message":"RawAccessRead detected:\r\nRuleName: -\r\nUtcTime: 2020-10-13 04:26:28.830\r\nProcessGuid: {37c5a1b2-c0c2-5f84-0100-000000000400}\r\nProcessId: 4\r\nImage: System\r\nDevice: \\Device\\HarddiskVolume3","SourceModuleName":"eventlog","AccountType":"User"}
{"RuleName":"-","@timestamp":"2020-10-13T04:26:30.103Z","SignatureStatus":"Valid","Channel":"Microsoft-Windows-Sysmon/Operational","UserID":"S-1-5-18","RecordNumber":205452,"ThreadID":4792,"Image":"C:\\Windows\\System32\\wbem\\WmiPrvSE.exe","ProcessId":"2440","Company":"Microsoft Corporation","Version":3,"Hostname":"WORKSTATION6.theshire.local","ImageLoaded":"C:\\Windows\\System32\\wbem\\cimwin32.dll","Description":"WMI Win32 Provider","EventReceivedTime":"2020-10-13 00:26:30","ProviderGuid":"{5770385F-C22A-43E0-BF4C-06F5698FFBD9}","Signed":"true","UtcTime":"2020-10-13 04:26:28.783","port":61041,"Severity":"INFO","tags":["mordorDataset"],"Task":7,"SourceModuleType":"im_msvistalog","OpcodeValue":0,"EventType":"INFO","ExecutionProcessID":3592,"Opcode":"Info","SourceName":"Microsoft-Windows-Sysmon","Product":"Microsoft® Windows® Operating System","Keywords":-9223372036854775808,"FileVersion":"10.0.18362.657 (WinBuild.160101.0800)","EventID":7,"Domain":"NT AUTHORITY","Category":"Image loaded (rule: ImageLoad)","OriginalFileName":"cimwin32.dll","@version":"1","AccountName":"SYSTEM","ProcessGuid":"{37c5a1b2-2c74-5f85-3203-000000000400}","host":"wec.internal.cloudapp.net","Hashes":"SHA1=7C559294DFCD796D0A881E45A40A25F792820091,MD5=A60B90D978D69C3DCFF5E3CE15E0D9FA,SHA256=3FBD302A6898A36AB4E9E070B5C0F80A49621DEB3CFB4CDE2F929D33AA0A133B,IMPHASH=314F6461E4EB984038B3907CE2D0AB5C","SeverityValue":2,"EventTime":"2020-10-13 00:26:28","Message":"Image loaded:\r\nRuleName: -\r\nUtcTime: 2020-10-13 04:26:28.783\r\nProcessGuid: {37c5a1b2-2c74-5f85-3203-000000000400}\r\nProcessId: 2440\r\nImage: C:\\Windows\\System32\\wbem\\WmiPrvSE.exe\r\nImageLoaded: C:\\Windows\\System32\\wbem\\cimwin32.dll\r\nFileVersion: 10.0.18362.657 (WinBuild.160101.0800)\r\nDescription: WMI Win32 Provider\r\nProduct: Microsoft® Windows® Operating System\r\nCompany: Microsoft Corporation\r\nOriginalFileName: cimwin32.dll\r\nHashes: SHA1=7C559294DFCD796D0A881E45A40A25F792820091,MD5=A60B90D978D69C3DCFF5E3CE15E0D9FA,SHA256=3FBD302A6898A36AB4E9E070B5C0F80A49621DEB3CFB4CDE2F929D33AA0A133B,IMPHASH=314F6461E4EB984038B3907CE2D0AB5C\r\nSigned: true\r\nSignature: Microsoft Windows\r\nSignatureStatus: Valid","SourceModuleName":"eventlog","AccountType":"User","Signature":"Microsoft Windows"}
{"RuleName":"-","@timestamp":"2020-10-13T04:26:30.104Z","SignatureStatus":"Valid","Channel":"Microsoft-Windows-Sysmon/Operational","UserID":"S-1-5-18","RecordNumber":205453,"ThreadID":4780,"Image":"C:\\Windows\\System32\\conhost.exe","ProcessId":"3148","Company":"Microsoft Corporation","Version":3,"Hostname":"WORKSTATION6.theshire.local","ImageLoaded":"C:\\Windows\\System32\\kernel32.dll","Description":"Windows NT BASE API Client DLL","EventReceivedTime":"2020-10-13 00:26:30","ProviderGuid":"{5770385F-C22A-43E0-BF4C-06F5698FFBD9}","Signed":"true","UtcTime":"2020-10-13 04:26:28.846","port":61041,"Severity":"INFO","tags":["mordorDataset"],"Task":7,"SourceModuleType":"im_msvistalog","OpcodeValue":0,"EventType":"INFO","ExecutionProcessID":3592,"Opcode":"Info","SourceName":"Microsoft-Windows-Sysmon","Product":"Microsoft® Windows® Operating System","Keywords":-9223372036854775808,"FileVersion":"10.0.18362.1082 (WinBuild.160101.0800)","EventID":7,"Domain":"NT AUTHORITY","Category":"Image loaded (rule: ImageLoad)","OriginalFileName":"kernel32","@version":"1","AccountName":"SYSTEM","ProcessGuid":"{37c5a1b2-2c74-5f85-3403-000000000400}","host":"wec.internal.cloudapp.net","Hashes":"SHA1=9044BFB6E7D920BB4586123237B512238F2EA726,MD5=B78D8D39F63C5B7B9A2F4BC31076C954,SHA256=08BE2EE23EE5A7722C4BACA3BD8F0EABA7A56302F0051E6802A36D35AB0BC41C,IMPHASH=F9F97E60CFCD78BE051D9570C88FFB6F","SeverityValue":2,"EventTime":"2020-10-13 00:26:28","Message":"Image loaded:\r\nRuleName: -\r\nUtcTime: 2020-10-13 04:26:28.846\r\nProcessGuid: {37c5a1b2-2c74-5f85-3403-000000000400}\r\nProcessId: 3148\r\nImage: C:\\Windows\\System32\\conhost.exe\r\nImageLoaded: C:\\Windows\\System32\\kernel32.dll\r\nFileVersion: 10.0.18362.1082 (WinBuild.160101.0800)\r\nDescription: Windows NT BASE API Client DLL\r\nProduct: Microsoft® Windows® Operating System\r\nCompany: Microsoft Corporation\r\nOriginalFileName: kernel32\r\nHashes: SHA1=9044BFB6E7D920BB4586123237B512238F2EA726,MD5=B78D8D39F63C5B7B9A2F4BC31076C954,SHA256=08BE2EE23EE5A7722C4BACA3BD8F0EABA7A56302F0051E6802A36D35AB0BC41C,IMPHASH=F9F97E60CFCD78BE051D9570C88FFB6F\r\nSigned: true\r\nSignature: Microsoft Windows\r\nSignatureStatus: Valid","SourceModuleName":"eventlog","AccountType":"User","Signature":"Microsoft Windows"}
{"RuleName":"-","@timestamp":"2020-10-13T04:26:30.104Z","SignatureStatus":"Valid","Channel":"Microsoft-Windows-Sysmon/Operational","UserID":"S-1-5-18","RecordNumber":205454,"ThreadID":4780,"Image":"C:\\Windows\\System32\\conhost.exe","ProcessId":"3148","Company":"Microsoft Corporation","Version":3,"Hostname":"WORKSTATION6.theshire.local","ImageLoaded":"C:\\Windows\\System32\\KernelBase.dll","Description":"Windows NT BASE API Client DLL","EventReceivedTime":"2020-10-13 00:26:30","ProviderGuid":"{5770385F-C22A-43E0-BF4C-06F5698FFBD9}","Signed":"true","UtcTime":"2020-10-13 04:26:28.846","port":61041,"Severity":"INFO","tags":["mordorDataset"],"Task":7,"SourceModuleType":"im_msvistalog","OpcodeValue":0,"EventType":"INFO","ExecutionProcessID":3592,"Opcode":"Info","SourceName":"Microsoft-Windows-Sysmon","Product":"Microsoft® Windows® Operating System","Keywords":-9223372036854775808,"FileVersion":"10.0.18362.1049 (WinBuild.160101.0800)","EventID":7,"Domain":"NT AUTHORITY","Category":"Image loaded (rule: ImageLoad)","OriginalFileName":"Kernelbase.dll","@version":"1","AccountName":"SYSTEM","ProcessGuid":"{37c5a1b2-2c74-5f85-3403-000000000400}","host":"wec.internal.cloudapp.net","Hashes":"SHA1=0BE0E331F4F9C2ED8C9D989CDCFD10463FE3E047,MD5=D62F3401037D0D0CE1F41555B72F1B60,SHA256=B51E88CCD1517E923A7A3E21B2AFC856927D529F5C5668A072B4B12AC70AD46B,IMPHASH=16003AF856720C35351BB8C14AD0B0A8","SeverityValue":2,"EventTime":"2020-10-13 00:26:28","Message":"Image loaded:\r\nRuleName: -\r\nUtcTime: 2020-10-13 04:26:28.846\r\nProcessGuid: {37c5a1b2-2c74-5f85-3403-000000000400}\r\nProcessId: 3148\r\nImage: C:\\Windows\\System32\\conhost.exe\r\nImageLoaded: C:\\Windows\\System32\\KernelBase.dll\r\nFileVersion: 10.0.18362.1049 (WinBuild.160101.0800)\r\nDescription: Windows NT BASE API Client DLL\r\nProduct: Microsoft® Windows® Operating System\r\nCompany: Microsoft Corporation\r\nOriginalFileName: Kernelbase.dll\r\nHashes: SHA1=0BE0E331F4F9C2ED8C9D989CDCFD10463FE3E047,MD5=D62F3401037D0D0CE1F41555B72F1B60,SHA256=B51E88CCD1517E923A7A3E21B2AFC856927D529F5C5668A072B4B12AC70AD46B,IMPHASH=16003AF856720C35351BB8C14AD0B0A8\r\nSigned: true\r\nSignature: Microsoft Windows\r\nSignatureStatus: Valid","SourceModuleName":"eventlog","AccountType":"User","Signature":"Microsoft Windows"}
{"SourceProcessId":"528","RuleName":"-","@timestamp":"2020-10-13T04:26:30.104Z","Channel":"Microsoft-Windows-Sysmon/Operational","UserID":"S-1-5-18","TargetProcessId":"3148","CallTrace":"C:\\windows\\SYSTEM32\\ntdll.dll+9d104|C:\\windows\\SYSTEM32\\CSRSRV.dll+1430|C:\\windows\\SYSTEM32\\CSRSRV.dll+5fd9|C:\\windows\\SYSTEM32\\ntdll.dll+6ce5f","RecordNumber":205455,"ThreadID":4780,"SourceProcessGUID":"{37c5a1b2-c0c8-5f84-0600-000000000400}","TargetImage":"C:\\windows\\system32\\conhost.exe","ProcessId":"528","Version":3,"Hostname":"WORKSTATION6.theshire.local","EventReceivedTime":"2020-10-13 00:26:30","ProviderGuid":"{5770385F-C22A-43E0-BF4C-06F5698FFBD9}","UtcTime":"2020-10-13 04:26:28.846","port":61041,"Severity":"INFO","tags":["mordorDataset"],"Task":10,"SourceThreadId":"676","SourceModuleType":"im_msvistalog","OpcodeValue":0,"EventType":"INFO","ExecutionProcessID":3592,"Opcode":"Info","SourceName":"Microsoft-Windows-Sysmon","Keywords":-9223372036854775808,"EventID":10,"Domain":"NT AUTHORITY","Category":"Process accessed (rule: ProcessAccess)","@version":"1","AccountName":"SYSTEM","host":"wec.internal.cloudapp.net","SourceImage":"C:\\windows\\system32\\csrss.exe","SeverityValue":2,"EventTime":"2020-10-13 00:26:28","Message":"Process accessed:\r\nRuleName: -\r\nUtcTime: 2020-10-13 04:26:28.846\r\nSourceProcessGUID: {37c5a1b2-c0c8-5f84-0600-000000000400}\r\nSourceProcessId: 528\r\nSourceThreadId: 676\r\nSourceImage: C:\\windows\\system32\\csrss.exe\r\nTargetProcessGUID: {37c5a1b2-2c74-5f85-3403-000000000400}\r\nTargetProcessId: 3148\r\nTargetImage: C:\\windows\\system32\\conhost.exe\r\nGrantedAccess: 0x1FFFFF\r\nCallTrace: C:\\windows\\SYSTEM32\\ntdll.dll+9d104|C:\\windows\\SYSTEM32\\CSRSRV.dll+1430|C:\\windows\\SYSTEM32\\CSRSRV.dll+5fd9|C:\\windows\\SYSTEM32\\ntdll.dll+6ce5f","SourceModuleName":"eventlog","GrantedAccess":"0x1fffff","AccountType":"User","TargetProcessGUID":"{37c5a1b2-2c74-5f85-3403-000000000400}"}
{"RuleName":"-","@timestamp":"2020-10-13T04:26:30.105Z","SignatureStatus":"Valid","Channel":"Microsoft-Windows-Sysmon/Operational","UserID":"S-1-5-18","RecordNumber":205456,"ThreadID":4792,"Image":"C:\\Windows\\System32\\whoami.exe","ProcessId":"6440","Company":"Microsoft Corporation","Version":3,"Hostname":"WORKSTATION6.theshire.local","ImageLoaded":"C:\\Windows\\System32\\whoami.exe","Description":"whoami - displays logged on user information","EventReceivedTime":"2020-10-13 00:26:30","ProviderGuid":"{5770385F-C22A-43E0-BF4C-06F5698FFBD9}","Signed":"true","UtcTime":"2020-10-13 04:26:28.830","port":61041,"Severity":"INFO","tags":["mordorDataset"],"Task":7,"SourceModuleType":"im_msvistalog","OpcodeValue":0,"EventType":"INFO","ExecutionProcessID":3592,"Opcode":"Info","SourceName":"Microsoft-Windows-Sysmon","Product":"Microsoft® Windows® Operating System","Keywords":-9223372036854775808,"FileVersion":"10.0.18362.1 (WinBuild.160101.0800)","EventID":7,"Domain":"NT AUTHORITY","Category":"Image loaded (rule: ImageLoad)","OriginalFileName":"whoami.exe","@version":"1","AccountName":"SYSTEM","ProcessGuid":"{37c5a1b2-2c74-5f85-3303-000000000400}","host":"wec.internal.cloudapp.net","Hashes":"SHA1=8F1F9E265911956C7F8F3861C34DEF9B8FA63813,MD5=2EEEEC89E705F73FFBCAE014E1828788,SHA256=A8A4C4719113B071BB50D67F6E12C188B92C70EEAFDFCD6F5DA69B6AAA99A7FD,IMPHASH=7FF0758B766F747CE57DFAC70743FB88","SeverityValue":2,"EventTime":"2020-10-13 00:26:28","Message":"Image loaded:\r\nRuleName: -\r\nUtcTime: 2020-10-13 04:26:28.830\r\nProcessGuid: {37c5a1b2-2c74-5f85-3303-000000000400}\r\nProcessId: 6440\r\nImage: C:\\Windows\\System32\\whoami.exe\r\nImageLoaded: C:\\Windows\\System32\\whoami.exe\r\nFileVersion: 10.0.18362.1 (WinBuild.160101.0800)\r\nDescription: whoami - displays logged on user information\r\nProduct: Microsoft® Windows® Operating System\r\nCompany: Microsoft Corporation\r\nOriginalFileName: whoami.exe\r\nHashes: SHA1=8F1F9E265911956C7F8F3861C34DEF9B8FA63813,MD5=2EEEEC89E705F73FFBCAE014E1828788,SHA256=A8A4C4719113B071BB50D67F6E12C188B92C70EEAFDFCD6F5DA69B6AAA99A7FD,IMPHASH=7FF0758B766F747CE57DFAC70743FB88\r\nSigned: true\r\nSignature: Microsoft Windows\r\nSignatureStatus: Valid","SourceModuleName":"eventlog","AccountType":"User","Signature":"Microsoft Windows"}
{"RuleName":"-","@timestamp":"2020-10-13T04:26:30.105Z","SignatureStatus":"Valid","Channel":"Microsoft-Windows-Sysmon/Operational","UserID":"S-1-5-18","RecordNumber":205457,"ThreadID":4780,"Image":"C:\\Windows\\System32\\conhost.exe","ProcessId":"3148","Company":"Microsoft Corporation","Version":3,"Hostname":"WORKSTATION6.theshire.local","ImageLoaded":"C:\\Windows\\System32\\msvcp_win.dll","Description":"Microsoft® C Runtime Library","EventReceivedTime":"2020-10-13 00:26:30","ProviderGuid":"{5770385F-C22A-43E0-BF4C-06F5698FFBD9}","Signed":"true","UtcTime":"2020-10-13 04:26:28.846","port":61041,"Severity":"INFO","tags":["mordorDataset"],"Task":7,"SourceModuleType":"im_msvistalog","OpcodeValue":0,"EventType":"INFO","ExecutionProcessID":3592,"Opcode":"Info","SourceName":"Microsoft-Windows-Sysmon","Product":"Microsoft® Windows® Operating System","Keywords":-9223372036854775808,"FileVersion":"10.0.18362.815 (WinBuild.160101.0800)","EventID":7,"Domain":"NT AUTHORITY","Category":"Image loaded (rule: ImageLoad)","OriginalFileName":"msvcp_win.dll","@version":"1","AccountName":"SYSTEM","ProcessGuid":"{37c5a1b2-2c74-5f85-3403-000000000400}","host":"wec.internal.cloudapp.net","Hashes":"SHA1=3C9938AFD7E9E2427750B0BBF21D3905502C2416,MD5=D327A488FF346D2A2ACC7D018F80A615,SHA256=F60BA64AF20B44D13275955ECA2949C471F2C812CD3908AF63B145DEAEB4E4F3,IMPHASH=7F555C87AEA488E97B6067A0419ED3B4","SeverityValue":2,"EventTime":"2020-10-13 00:26:28","Message":"Image loaded:\r\nRuleName: -\r\nUtcTime: 2020-10-13 04:26:28.846\r\nProcessGuid: {37c5a1b2-2c74-5f85-3403-000000000400}\r\nProcessId: 3148\r\nImage: C:\\Windows\\System32\\conhost.exe\r\nImageLoaded: C:\\Windows\\System32\\msvcp_win.dll\r\nFileVersion: 10.0.18362.815 (WinBuild.160101.0800)\r\nDescription: Microsoft® C Runtime Library\r\nProduct: Microsoft® Windows® Operating System\r\nCompany: Microsoft Corporation\r\nOriginalFileName: msvcp_win.dll\r\nHashes: SHA1=3C9938AFD7E9E2427750B0BBF21D3905502C2416,MD5=D327A488FF346D2A2ACC7D018F80A615,SHA256=F60BA64AF20B44D13275955ECA2949C471F2C812CD3908AF63B145DEAEB4E4F3,IMPHASH=7F555C87AEA488E97B6067A0419ED3B4\r\nSigned: true\r\nSignature: Microsoft Windows\r\nSignatureStatus: Valid","SourceModuleName":"eventlog","AccountType":"User","Signature":"Microsoft Windows"}
{"RuleName":"-","@timestamp":"2020-10-13T04:26:30.106Z","SignatureStatus":"Valid","Channel":"Microsoft-Windows-Sysmon/Operational","UserID":"S-1-5-18","RecordNumber":205458,"ThreadID":4780,"Image":"C:\\Windows\\System32\\conhost.exe","ProcessId":"3148","Company":"Microsoft Corporation","Version":3,"Hostname":"WORKSTATION6.theshire.local","ImageLoaded":"C:\\Windows\\System32\\ucrtbase.dll","Description":"Microsoft® C Runtime Library","EventReceivedTime":"2020-10-13 00:26:30","ProviderGuid":"{5770385F-C22A-43E0-BF4C-06F5698FFBD9}","Signed":"true","UtcTime":"2020-10-13 04:26:28.846","port":61041,"Severity":"INFO","tags":["mordorDataset"],"Task":7,"SourceModuleType":"im_msvistalog","OpcodeValue":0,"EventType":"INFO","ExecutionProcessID":3592,"Opcode":"Info","SourceName":"Microsoft-Windows-Sysmon","Product":"Microsoft® Windows® Operating System","Keywords":-9223372036854775808,"FileVersion":"10.0.18362.815 (WinBuild.160101.0800)","EventID":7,"Domain":"NT AUTHORITY","Category":"Image loaded (rule: ImageLoad)","OriginalFileName":"ucrtbase.dll","@version":"1","AccountName":"SYSTEM","ProcessGuid":"{37c5a1b2-2c74-5f85-3403-000000000400}","host":"wec.internal.cloudapp.net","Hashes":"SHA1=53F8B431D10FDB2C001D58120280A417B01073BE,MD5=F0DA14E390F0CCB58EAAD34D9B309E4B,SHA256=7EE229626B22799FAA28CD7C22D4FF2AD0603C17E5F5EE9086FA7CF6483331FB,IMPHASH=5AE9A136FAFA10321F3D48251BF4F6A1","SeverityValue":2,"EventTime":"2020-10-13 00:26:28","Message":"Image loaded:\r\nRuleName: -\r\nUtcTime: 2020-10-13 04:26:28.846\r\nProcessGuid: {37c5a1b2-2c74-5f85-3403-000000000400}\r\nProcessId: 3148\r\nImage: C:\\Windows\\System32\\conhost.exe\r\nImageLoaded: C:\\Windows\\System32\\ucrtbase.dll\r\nFileVersion: 10.0.18362.815 (WinBuild.160101.0800)\r\nDescription: Microsoft® C Runtime Library\r\nProduct: Microsoft® Windows® Operating System\r\nCompany: Microsoft Corporation\r\nOriginalFileName: ucrtbase.dll\r\nHashes: SHA1=53F8B431D10FDB2C001D58120280A417B01073BE,MD5=F0DA14E390F0CCB58EAAD34D9B309E4B,SHA256=7EE229626B22799FAA28CD7C22D4FF2AD0603C17E5F5EE9086FA7CF6483331FB,IMPHASH=5AE9A136FAFA10321F3D48251BF4F6A1\r\nSigned: true\r\nSignature: Microsoft Windows\r\nSignatureStatus: Valid","SourceModuleName":"eventlog","AccountType":"User","Signature":"Microsoft Windows"}
{"RuleName":"-","@timestamp":"2020-10-13T04:26:30.106Z","SignatureStatus":"Valid","Channel":"Microsoft-Windows-Sysmon/Operational","UserID":"S-1-5-18","RecordNumber":205459,"ThreadID":4780,"Image":"C:\\Windows\\System32\\conhost.exe","ProcessId":"3148","Company":"Microsoft Corporation","Version":3,"Hostname":"WORKSTATION6.theshire.local","ImageLoaded":"C:\\Windows\\System32\\SHCore.dll","Description":"SHCORE","EventReceivedTime":"2020-10-13 00:26:30","ProviderGuid":"{5770385F-C22A-43E0-BF4C-06F5698FFBD9}","Signed":"true","UtcTime":"2020-10-13 04:26:28.846","port":61041,"Severity":"INFO","tags":["mordorDataset"],"Task":7,"SourceModuleType":"im_msvistalog","OpcodeValue":0,"EventType":"INFO","ExecutionProcessID":3592,"Opcode":"Info","SourceName":"Microsoft-Windows-Sysmon","Product":"Microsoft® Windows® Operating System","Keywords":-9223372036854775808,"FileVersion":"10.0.18362.959 (WinBuild.160101.0800)","EventID":7,"Domain":"NT AUTHORITY","Category":"Image loaded (rule: ImageLoad)","OriginalFileName":"SHCORE.dll","@version":"1","AccountName":"SYSTEM","ProcessGuid":"{37c5a1b2-2c74-5f85-3403-000000000400}","host":"wec.internal.cloudapp.net","Hashes":"SHA1=75C9F506592699E30D8ECA63F88C79E956324111,MD5=6ACBCCE095FDB475FC2B3D178E5D9208,SHA256=3F49AB1B04EE3D843E961A1B62CB695EE3FE940EE287819BBBABCC1C3A38F507,IMPHASH=0E48D88DA5B1AEFE29036ECDE5B34E8D","SeverityValue":2,"EventTime":"2020-10-13 00:26:28","Message":"Image loaded:\r\nRuleName: -\r\nUtcTime: 2020-10-13 04:26:28.846\r\nProcessGuid: {37c5a1b2-2c74-5f85-3403-000000000400}\r\nProcessId: 3148\r\nImage: C:\\Windows\\System32\\conhost.exe\r\nImageLoaded: C:\\Windows\\System32\\SHCore.dll\r\nFileVersion: 10.0.18362.959 (WinBuild.160101.0800)\r\nDescription: SHCORE\r\nProduct: Microsoft® Windows® Operating System\r\nCompany: Microsoft Corporation\r\nOriginalFileName: SHCORE.dll\r\nHashes: SHA1=75C9F506592699E30D8ECA63F88C79E956324111,MD5=6ACBCCE095FDB475FC2B3D178E5D9208,SHA256=3F49AB1B04EE3D843E961A1B62CB695EE3FE940EE287819BBBABCC1C3A38F507,IMPHASH=0E48D88DA5B1AEFE29036ECDE5B34E8D\r\nSigned: true\r\nSignature: Microsoft Windows\r\nSignatureStatus: Valid","SourceModuleName":"eventlog","AccountType":"User","Signature":"Microsoft Windows"}
{"RuleName":"-","@timestamp":"2020-10-13T04:26:30.106Z","SignatureStatus":"Valid","Channel":"Microsoft-Windows-Sysmon/Operational","UserID":"S-1-5-18","RecordNumber":205460,"ThreadID":4780,"Image":"C:\\Windows\\System32\\conhost.exe","ProcessId":"3148","Company":"Microsoft Corporation","Version":3,"Hostname":"WORKSTATION6.theshire.local","ImageLoaded":"C:\\Windows\\System32\\msvcrt.dll","Description":"Windows NT CRT DLL","EventReceivedTime":"2020-10-13 00:26:30","ProviderGuid":"{5770385F-C22A-43E0-BF4C-06F5698FFBD9}","Signed":"true","UtcTime":"2020-10-13 04:26:28.846","port":61041,"Severity":"INFO","tags":["mordorDataset"],"Task":7,"SourceModuleType":"im_msvistalog","OpcodeValue":0,"EventType":"INFO","ExecutionProcessID":3592,"Opcode":"Info","SourceName":"Microsoft-Windows-Sysmon","Product":"Microsoft® Windows® Operating System","Keywords":-9223372036854775808,"FileVersion":"7.0.18362.1 (WinBuild.160101.0800)","EventID":7,"Domain":"NT AUTHORITY","Category":"Image loaded (rule: ImageLoad)","OriginalFileName":"msvcrt.dll","@version":"1","AccountName":"SYSTEM","ProcessGuid":"{37c5a1b2-2c74-5f85-3403-000000000400}","host":"wec.internal.cloudapp.net","Hashes":"SHA1=0EA4B3CFB14E49CEC0D42FF0F1FA989E69647A8F,MD5=36354D9B5B0A58A4B9A19103852C00A2,SHA256=E5A863D3F4BFEFED7D73A7B1499F81B7235BC9AE3C108065041BCB8E5446B1BB,IMPHASH=1273683626EBBA703979F188A1E64237","SeverityValue":2,"EventTime":"2020-10-13 00:26:28","Message":"Image loaded:\r\nRuleName: -\r\nUtcTime: 2020-10-13 04:26:28.846\r\nProcessGuid: {37c5a1b2-2c74-5f85-3403-000000000400}\r\nProcessId: 3148\r\nImage: C:\\Windows\\System32\\conhost.exe\r\nImageLoaded: C:\\Windows\\System32\\msvcrt.dll\r\nFileVersion: 7.0.18362.1 (WinBuild.160101.0800)\r\nDescription: Windows NT CRT DLL\r\nProduct: Microsoft® Windows® Operating System\r\nCompany: Microsoft Corporation\r\nOriginalFileName: msvcrt.dll\r\nHashes: SHA1=0EA4B3CFB14E49CEC0D42FF0F1FA989E69647A8F,MD5=36354D9B5B0A58A4B9A19103852C00A2,SHA256=E5A863D3F4BFEFED7D73A7B1499F81B7235BC9AE3C108065041BCB8E5446B1BB,IMPHASH=1273683626EBBA703979F188A1E64237\r\nSigned: true\r\nSignature: Microsoft Windows\r\nSignatureStatus: Valid","SourceModuleName":"eventlog","AccountType":"User","Signature":"Microsoft Windows"}
{"RuleName":"-","@timestamp":"2020-10-13T04:26:30.107Z","SignatureStatus":"Valid","Channel":"Microsoft-Windows-Sysmon/Operational","UserID":"S-1-5-18","RecordNumber":205461,"ThreadID":4780,"Image":"C:\\Windows\\System32\\conhost.exe","ProcessId":"3148","Company":"Microsoft Corporation","Version":3,"Hostname":"WORKSTATION6.theshire.local","ImageLoaded":"C:\\Windows\\System32\\rpcrt4.dll","Description":"Remote Procedure Call Runtime","EventReceivedTime":"2020-10-13 00:26:30","ProviderGuid":"{5770385F-C22A-43E0-BF4C-06F5698FFBD9}","Signed":"true","UtcTime":"2020-10-13 04:26:28.846","port":61041,"Severity":"INFO","tags":["mordorDataset"],"Task":7,"SourceModuleType":"im_msvistalog","OpcodeValue":0,"EventType":"INFO","ExecutionProcessID":3592,"Opcode":"Info","SourceName":"Microsoft-Windows-Sysmon","Product":"Microsoft® Windows® Operating System","Keywords":-9223372036854775808,"FileVersion":"10.0.18362.1082 (WinBuild.160101.0800)","EventID":7,"Domain":"NT AUTHORITY","Category":"Image loaded (rule: ImageLoad)","OriginalFileName":"rpcrt4.dll","@version":"1","AccountName":"SYSTEM","ProcessGuid":"{37c5a1b2-2c74-5f85-3403-000000000400}","host":"wec.internal.cloudapp.net","Hashes":"SHA1=863C24BD6E91FDCDEDE1124EFC93FDD1564F0C23,MD5=61C41B28689BB516F1CFC880507C839B,SHA256=DAF391DB91AC04B50A0C896963F5120A52C8B1B4999BF37BE80AB025AB116700,IMPHASH=88E7E7C7FA90052EC162DD37F2B7C7BD","SeverityValue":2,"EventTime":"2020-10-13 00:26:28","Message":"Image loaded:\r\nRuleName: -\r\nUtcTime: 2020-10-13 04:26:28.846\r\nProcessGuid: {37c5a1b2-2c74-5f85-3403-000000000400}\r\nProcessId: 3148\r\nImage: C:\\Windows\\System32\\conhost.exe\r\nImageLoaded: C:\\Windows\\System32\\rpcrt4.dll\r\nFileVersion: 10.0.18362.1082 (WinBuild.160101.0800)\r\nDescription: Remote Procedure Call Runtime\r\nProduct: Microsoft® Windows® Operating System\r\nCompany: Microsoft Corporation\r\nOriginalFileName: rpcrt4.dll\r\nHashes: SHA1=863C24BD6E91FDCDEDE1124EFC93FDD1564F0C23,MD5=61C41B28689BB516F1CFC880507C839B,SHA256=DAF391DB91AC04B50A0C896963F5120A52C8B1B4999BF37BE80AB025AB116700,IMPHASH=88E7E7C7FA90052EC162DD37F2B7C7BD\r\nSigned: true\r\nSignature: Microsoft Windows\r\nSignatureStatus: Valid","SourceModuleName":"eventlog","AccountType":"User","Signature":"Microsoft Windows"}
{"RuleName":"-","@timestamp":"2020-10-13T04:26:30.107Z","SignatureStatus":"Valid","Channel":"Microsoft-Windows-Sysmon/Operational","UserID":"S-1-5-18","RecordNumber":205462,"ThreadID":4780,"Image":"C:\\Windows\\System32\\conhost.exe","ProcessId":"3148","Company":"Microsoft Corporation","Version":3,"Hostname":"WORKSTATION6.theshire.local","ImageLoaded":"C:\\Windows\\System32\\combase.dll","Description":"Microsoft COM for Windows","EventReceivedTime":"2020-10-13 00:26:30","ProviderGuid":"{5770385F-C22A-43E0-BF4C-06F5698FFBD9}","Signed":"true","UtcTime":"2020-10-13 04:26:28.846","port":61041,"Severity":"INFO","tags":["mordorDataset"],"Task":7,"SourceModuleType":"im_msvistalog","OpcodeValue":0,"EventType":"INFO","ExecutionProcessID":3592,"Opcode":"Info","SourceName":"Microsoft-Windows-Sysmon","Product":"Microsoft® Windows® Operating System","Keywords":-9223372036854775808,"FileVersion":"10.0.18362.1082 (WinBuild.160101.0800)","EventID":7,"Domain":"NT AUTHORITY","Category":"Image loaded (rule: ImageLoad)","OriginalFileName":"COMBASE.DLL","@version":"1","AccountName":"SYSTEM","ProcessGuid":"{37c5a1b2-2c74-5f85-3403-000000000400}","host":"wec.internal.cloudapp.net","Hashes":"SHA1=03829F72B93B3DA8A5778A295948F2F967A8AD9A,MD5=655C13F8AA80901935F1086709E27812,SHA256=28D91C9176D50DBC4939BB21BB00DDB17B1C589EEB9E058533E6AA125E86FA4F,IMPHASH=D1A511866766E387FD0DAF3ACBB54B12","SeverityValue":2,"EventTime":"2020-10-13 00:26:28","Message":"Image loaded:\r\nRuleName: -\r\nUtcTime: 2020-10-13 04:26:28.846\r\nProcessGuid: {37c5a1b2-2c74-5f85-3403-000000000400}\r\nProcessId: 3148\r\nImage: C:\\Windows\\System32\\conhost.exe\r\nImageLoaded: C:\\Windows\\System32\\combase.dll\r\nFileVersion: 10.0.18362.1082 (WinBuild.160101.0800)\r\nDescription: Microsoft COM for Windows\r\nProduct: Microsoft® Windows® Operating System\r\nCompany: Microsoft Corporation\r\nOriginalFileName: COMBASE.DLL\r\nHashes: SHA1=03829F72B93B3DA8A5778A295948F2F967A8AD9A,MD5=655C13F8AA80901935F1086709E27812,SHA256=28D91C9176D50DBC4939BB21BB00DDB17B1C589EEB9E058533E6AA125E86FA4F,IMPHASH=D1A511866766E387FD0DAF3ACBB54B12\r\nSigned: true\r\nSignature: Microsoft Windows\r\nSignatureStatus: Valid","SourceModuleName":"eventlog","AccountType":"User","Signature":"Microsoft Windows"}
{"RuleName":"-","@timestamp":"2020-10-13T04:26:30.108Z","SignatureStatus":"Valid","Channel":"Microsoft-Windows-Sysmon/Operational","UserID":"S-1-5-18","RecordNumber":205463,"ThreadID":4780,"Image":"C:\\Windows\\System32\\conhost.exe","ProcessId":"3148","Company":"Microsoft Corporation","Version":3,"Hostname":"WORKSTATION6.theshire.local","ImageLoaded":"C:\\Windows\\System32\\bcryptprimitives.dll","Description":"Windows Cryptographic Primitives Library","EventReceivedTime":"2020-10-13 00:26:30","ProviderGuid":"{5770385F-C22A-43E0-BF4C-06F5698FFBD9}","Signed":"true","UtcTime":"2020-10-13 04:26:28.846","port":61041,"Severity":"INFO","tags":["mordorDataset"],"Task":7,"SourceModuleType":"im_msvistalog","OpcodeValue":0,"EventType":"INFO","ExecutionProcessID":3592,"Opcode":"Info","SourceName":"Microsoft-Windows-Sysmon","Product":"Microsoft® Windows® Operating System","Keywords":-9223372036854775808,"FileVersion":"10.0.18362.836 (WinBuild.160101.0800)","EventID":7,"Domain":"NT AUTHORITY","Category":"Image loaded (rule: ImageLoad)","OriginalFileName":"bcryptprimitives.dll","@version":"1","AccountName":"SYSTEM","ProcessGuid":"{37c5a1b2-2c74-5f85-3403-000000000400}","host":"wec.internal.cloudapp.net","Hashes":"SHA1=B4222C8DC3274CFC3FE54F322D827B2F01FFF036,MD5=EF2BBEAFF07D32A2EC77FB4602FA9664,SHA256=6B47F3E88CDEDF8F31F91940E38A4544818C79D153323262F9F46B21F41D262C,IMPHASH=402DA460E2AC467F4489C588A9941032","SeverityValue":2,"EventTime":"2020-10-13 00:26:28","Message":"Image loaded:\r\nRuleName: -\r\nUtcTime: 2020-10-13 04:26:28.846\r\nProcessGuid: {37c5a1b2-2c74-5f85-3403-000000000400}\r\nProcessId: 3148\r\nImage: C:\\Windows\\System32\\conhost.exe\r\nImageLoaded: C:\\Windows\\System32\\bcryptprimitives.dll\r\nFileVersion: 10.0.18362.836 (WinBuild.160101.0800)\r\nDescription: Windows Cryptographic Primitives Library\r\nProduct: Microsoft® Windows® Operating System\r\nCompany: Microsoft Corporation\r\nOriginalFileName: bcryptprimitives.dll\r\nHashes: SHA1=B4222C8DC3274CFC3FE54F322D827B2F01FFF036,MD5=EF2BBEAFF07D32A2EC77FB4602FA9664,SHA256=6B47F3E88CDEDF8F31F91940E38A4544818C79D153323262F9F46B21F41D262C,IMPHASH=402DA460E2AC467F4489C588A9941032\r\nSigned: true\r\nSignature: Microsoft Windows\r\nSignatureStatus: Valid","SourceModuleName":"eventlog","AccountType":"User","Signature":"Microsoft Windows"}
{"RuleName":"-","@timestamp":"2020-10-13T04:26:30.108Z","SignatureStatus":"Valid","Channel":"Microsoft-Windows-Sysmon/Operational","UserID":"S-1-5-18","RecordNumber":205464,"ThreadID":4780,"Image":"C:\\Windows\\System32\\conhost.exe","ProcessId":"3148","Company":"Microsoft Corporation","Version":3,"Hostname":"WORKSTATION6.theshire.local","ImageLoaded":"C:\\Windows\\System32\\advapi32.dll","Description":"Advanced Windows 32 Base API","EventReceivedTime":"2020-10-13 00:26:30","ProviderGuid":"{5770385F-C22A-43E0-BF4C-06F5698FFBD9}","Signed":"true","UtcTime":"2020-10-13 04:26:28.846","port":61041,"Severity":"INFO","tags":["mordorDataset"],"Task":7,"SourceModuleType":"im_msvistalog","OpcodeValue":0,"EventType":"INFO","ExecutionProcessID":3592,"Opcode":"Info","SourceName":"Microsoft-Windows-Sysmon","Product":"Microsoft® Windows® Operating System","Keywords":-9223372036854775808,"FileVersion":"10.0.18362.752 (WinBuild.160101.0800)","EventID":7,"Domain":"NT AUTHORITY","Category":"Image loaded (rule: ImageLoad)","OriginalFileName":"advapi32.dll","@version":"1","AccountName":"SYSTEM","ProcessGuid":"{37c5a1b2-2c74-5f85-3403-000000000400}","host":"wec.internal.cloudapp.net","Hashes":"SHA1=35C61DDE6F8F4ED05F9C4837E2B91C886CA79F82,MD5=EA4F6E7961B4A402F6F5EC33C655260A,SHA256=5E2D103E7E1FD7CA0492E541F082D274EF6259AF2158A3562986C796C5C869DD,IMPHASH=8EEA175C33205685FB8A14876D7564DB","SeverityValue":2,"EventTime":"2020-10-13 00:26:28","Message":"Image loaded:\r\nRuleName: -\r\nUtcTime: 2020-10-13 04:26:28.846\r\nProcessGuid: {37c5a1b2-2c74-5f85-3403-000000000400}\r\nProcessId: 3148\r\nImage: C:\\Windows\\System32\\conhost.exe\r\nImageLoaded: C:\\Windows\\System32\\advapi32.dll\r\nFileVersion: 10.0.18362.752 (WinBuild.160101.0800)\r\nDescription: Advanced Windows 32 Base API\r\nProduct: Microsoft® Windows® Operating System\r\nCompany: Microsoft Corporation\r\nOriginalFileName: advapi32.dll\r\nHashes: SHA1=35C61DDE6F8F4ED05F9C4837E2B91C886CA79F82,MD5=EA4F6E7961B4A402F6F5EC33C655260A,SHA256=5E2D103E7E1FD7CA0492E541F082D274EF6259AF2158A3562986C796C5C869DD,IMPHASH=8EEA175C33205685FB8A14876D7564DB\r\nSigned: true\r\nSignature: Microsoft Windows\r\nSignatureStatus: Valid","SourceModuleName":"eventlog","AccountType":"User","Signature":"Microsoft Windows"}
{"RuleName":"-","@timestamp":"2020-10-13T04:26:30.109Z","SignatureStatus":"Valid","Channel":"Microsoft-Windows-Sysmon/Operational","UserID":"S-1-5-18","RecordNumber":205465,"ThreadID":4780,"Image":"C:\\Windows\\System32\\conhost.exe","ProcessId":"3148","Company":"Microsoft Corporation","Version":3,"Hostname":"WORKSTATION6.theshire.local","ImageLoaded":"C:\\Windows\\System32\\sechost.dll","Description":"Host for SCM/SDDL/LSA Lookup APIs","EventReceivedTime":"2020-10-13 00:26:30","ProviderGuid":"{5770385F-C22A-43E0-BF4C-06F5698FFBD9}","Signed":"true","UtcTime":"2020-10-13 04:26:28.846","port":61041,"Severity":"INFO","tags":["mordorDataset"],"Task":7,"SourceModuleType":"im_msvistalog","OpcodeValue":0,"EventType":"INFO","ExecutionProcessID":3592,"Opcode":"Info","SourceName":"Microsoft-Windows-Sysmon","Product":"Microsoft® Windows® Operating System","Keywords":-9223372036854775808,"FileVersion":"10.0.18362.959 (WinBuild.160101.0800)","EventID":7,"Domain":"NT AUTHORITY","Category":"Image loaded (rule: ImageLoad)","OriginalFileName":"sechost.dll","@version":"1","AccountName":"SYSTEM","ProcessGuid":"{37c5a1b2-2c74-5f85-3403-000000000400}","host":"wec.internal.cloudapp.net","Hashes":"SHA1=A330EDE32DFA03AE6808EE7FB6916D8DEB8F5DDE,MD5=A094E2B38D3DD864B07580D243CB6E43,SHA256=C441E19D20961D4E990E117A300ED318BEDBF2F8BA0FF07BEE7832AC502CDDF2,IMPHASH=CE4BD072766253F6A267D0284CA82002","SeverityValue":2,"EventTime":"2020-10-13 00:26:28","Message":"Image loaded:\r\nRuleName: -\r\nUtcTime: 2020-10-13 04:26:28.846\r\nProcessGuid: {37c5a1b2-2c74-5f85-3403-000000000400}\r\nProcessId: 3148\r\nImage: C:\\Windows\\System32\\conhost.exe\r\nImageLoaded: C:\\Windows\\System32\\sechost.dll\r\nFileVersion: 10.0.18362.959 (WinBuild.160101.0800)\r\nDescription: Host for SCM/SDDL/LSA Lookup APIs\r\nProduct: Microsoft® Windows® Operating System\r\nCompany: Microsoft Corporation\r\nOriginalFileName: sechost.dll\r\nHashes: SHA1=A330EDE32DFA03AE6808EE7FB6916D8DEB8F5DDE,MD5=A094E2B38D3DD864B07580D243CB6E43,SHA256=C441E19D20961D4E990E117A300ED318BEDBF2F8BA0FF07BEE7832AC502CDDF2,IMPHASH=CE4BD072766253F6A267D0284CA82002\r\nSigned: true\r\nSignature: Microsoft Windows\r\nSignatureStatus: Valid","SourceModuleName":"eventlog","AccountType":"User","Signature":"Microsoft Windows"}
{"SourceProcessId":"3148","RuleName":"-","@timestamp":"2020-10-13T04:26:30.110Z","Channel":"Microsoft-Windows-Sysmon/Operational","UserID":"S-1-5-18","TargetProcessId":"6440","CallTrace":"C:\\windows\\SYSTEM32\\ntdll.dll+9c534|C:\\windows\\System32\\KERNELBASE.dll+305fe|C:\\windows\\system32\\conhost.exe+1260d|C:\\windows\\system32\\conhost.exe+12505|C:\\windows\\system32\\conhost.exe+895c|C:\\windows\\system32\\conhost.exe+f2e6|C:\\windows\\System32\\KERNEL32.DLL+17bd4|C:\\windows\\SYSTEM32\\ntdll.dll+6ce51","RecordNumber":205466,"ThreadID":4780,"SourceProcessGUID":"{37c5a1b2-2c74-5f85-3403-000000000400}","TargetImage":"C:\\windows\\system32\\whoami.exe","ProcessId":"3148","Version":3,"Hostname":"WORKSTATION6.theshire.local","EventReceivedTime":"2020-10-13 00:26:30","ProviderGuid":"{5770385F-C22A-43E0-BF4C-06F5698FFBD9}","UtcTime":"2020-10-13 04:26:28.846","port":61041,"Severity":"INFO","tags":["mordorDataset"],"Task":10,"SourceThreadId":"6520","SourceModuleType":"im_msvistalog","OpcodeValue":0,"EventType":"INFO","ExecutionProcessID":3592,"Opcode":"Info","SourceName":"Microsoft-Windows-Sysmon","Keywords":-9223372036854775808,"EventID":10,"Domain":"NT AUTHORITY","Category":"Process accessed (rule: ProcessAccess)","@version":"1","AccountName":"SYSTEM","host":"wec.internal.cloudapp.net","SourceImage":"C:\\windows\\system32\\conhost.exe","SeverityValue":2,"EventTime":"2020-10-13 00:26:28","Message":"Process accessed:\r\nRuleName: -\r\nUtcTime: 2020-10-13 04:26:28.846\r\nSourceProcessGUID: {37c5a1b2-2c74-5f85-3403-000000000400}\r\nSourceProcessId: 3148\r\nSourceThreadId: 6520\r\nSourceImage: C:\\windows\\system32\\conhost.exe\r\nTargetProcessGUID: {37c5a1b2-2c74-5f85-3303-000000000400}\r\nTargetProcessId: 6440\r\nTargetImage: C:\\windows\\system32\\whoami.exe\r\nGrantedAccess: 0x1FFFFF\r\nCallTrace: C:\\windows\\SYSTEM32\\ntdll.dll+9c534|C:\\windows\\System32\\KERNELBASE.dll+305fe|C:\\windows\\system32\\conhost.exe+1260d|C:\\windows\\system32\\conhost.exe+12505|C:\\windows\\system32\\conhost.exe+895c|C:\\windows\\system32\\conhost.exe+f2e6|C:\\windows\\System32\\KERNEL32.DLL+17bd4|C:\\windows\\SYSTEM32\\ntdll.dll+6ce51","SourceModuleName":"eventlog","GrantedAccess":"0x1fffff","AccountType":"User","TargetProcessGUID":"{37c5a1b2-2c74-5f85-3303-000000000400}"}
{"RuleName":"-","@timestamp":"2020-10-13T04:26:30.110Z","SignatureStatus":"Valid","Channel":"Microsoft-Windows-Sysmon/Operational","UserID":"S-1-5-18","RecordNumber":205467,"ThreadID":4780,"Image":"C:\\Windows\\System32\\conhost.exe","ProcessId":"3148","Company":"Microsoft Corporation","Version":3,"Hostname":"WORKSTATION6.theshire.local","ImageLoaded":"C:\\Windows\\System32\\user32.dll","Description":"Multi-User Windows USER API Client DLL","EventReceivedTime":"2020-10-13 00:26:30","ProviderGuid":"{5770385F-C22A-43E0-BF4C-06F5698FFBD9}","Signed":"true","UtcTime":"2020-10-13 04:26:28.846","port":61041,"Severity":"INFO","tags":["mordorDataset"],"Task":7,"SourceModuleType":"im_msvistalog","OpcodeValue":0,"EventType":"INFO","ExecutionProcessID":3592,"Opcode":"Info","SourceName":"Microsoft-Windows-Sysmon","Product":"Microsoft® Windows® Operating System","Keywords":-9223372036854775808,"FileVersion":"10.0.18362.997 (WinBuild.160101.0800)","EventID":7,"Domain":"NT AUTHORITY","Category":"Image loaded (rule: ImageLoad)","OriginalFileName":"user32","@version":"1","AccountName":"SYSTEM","ProcessGuid":"{37c5a1b2-2c74-5f85-3403-000000000400}","host":"wec.internal.cloudapp.net","Hashes":"SHA1=75625F56E7F2AC8E56CE8A00A3EA4C0C6B0807EF,MD5=C7255260A37B185705C47AA5824AF151,SHA256=116DFE7CC1C09CB0CF7B6D3936D6F2BBC0739A9267CF840FB873B142150253BE,IMPHASH=4C2FEDA3D715107818B9354EC0C836B2","SeverityValue":2,"EventTime":"2020-10-13 00:26:28","Message":"Image loaded:\r\nRuleName: -\r\nUtcTime: 2020-10-13 04:26:28.846\r\nProcessGuid: {37c5a1b2-2c74-5f85-3403-000000000400}\r\nProcessId: 3148\r\nImage: C:\\Windows\\System32\\conhost.exe\r\nImageLoaded: C:\\Windows\\System32\\user32.dll\r\nFileVersion: 10.0.18362.997 (WinBuild.160101.0800)\r\nDescription: Multi-User Windows USER API Client DLL\r\nProduct: Microsoft® Windows® Operating System\r\nCompany: Microsoft Corporation\r\nOriginalFileName: user32\r\nHashes: SHA1=75625F56E7F2AC8E56CE8A00A3EA4C0C6B0807EF,MD5=C7255260A37B185705C47AA5824AF151,SHA256=116DFE7CC1C09CB0CF7B6D3936D6F2BBC0739A9267CF840FB873B142150253BE,IMPHASH=4C2FEDA3D715107818B9354EC0C836B2\r\nSigned: true\r\nSignature: Microsoft Windows\r\nSignatureStatus: Valid","SourceModuleName":"eventlog","AccountType":"User","Signature":"Microsoft Windows"}
{"RuleName":"-","@timestamp":"2020-10-13T04:26:30.110Z","SignatureStatus":"Valid","Channel":"Microsoft-Windows-Sysmon/Operational","UserID":"S-1-5-18","RecordNumber":205468,"ThreadID":4780,"Image":"C:\\Windows\\System32\\conhost.exe","ProcessId":"3148","Company":"Microsoft Corporation","Version":3,"Hostname":"WORKSTATION6.theshire.local","ImageLoaded":"C:\\Windows\\System32\\win32u.dll","Description":"Win32u","EventReceivedTime":"2020-10-13 00:26:30","ProviderGuid":"{5770385F-C22A-43E0-BF4C-06F5698FFBD9}","Signed":"true","UtcTime":"2020-10-13 04:26:28.846","port":61041,"Severity":"INFO","tags":["mordorDataset"],"Task":7,"SourceModuleType":"im_msvistalog","OpcodeValue":0,"EventType":"INFO","ExecutionProcessID":3592,"Opcode":"Info","SourceName":"Microsoft-Windows-Sysmon","Product":"Microsoft® Windows® Operating System","Keywords":-9223372036854775808,"FileVersion":"10.0.18362.1082 (WinBuild.160101.0800)","EventID":7,"Domain":"NT AUTHORITY","Category":"Image loaded (rule: ImageLoad)","OriginalFileName":"Win32u.DLL","@version":"1","AccountName":"SYSTEM","ProcessGuid":"{37c5a1b2-2c74-5f85-3403-000000000400}","host":"wec.internal.cloudapp.net","Hashes":"SHA1=513CA7ADBF528DE9D0770936A2748FBEE92FD4B1,MD5=59FC84F38585E8F4D32424A05612E4FA,SHA256=68BBFE7153072E5A8D11972AA38B0E2CEF94D2149960E543DD80168C1F92BD24,IMPHASH=00000000000000000000000000000000","SeverityValue":2,"EventTime":"2020-10-13 00:26:28","Message":"Image loaded:\r\nRuleName: -\r\nUtcTime: 2020-10-13 04:26:28.846\r\nProcessGuid: {37c5a1b2-2c74-5f85-3403-000000000400}\r\nProcessId: 3148\r\nImage: C:\\Windows\\System32\\conhost.exe\r\nImageLoaded: C:\\Windows\\System32\\win32u.dll\r\nFileVersion: 10.0.18362.1082 (WinBuild.160101.0800)\r\nDescription: Win32u\r\nProduct: Microsoft® Windows® Operating System\r\nCompany: Microsoft Corporation\r\nOriginalFileName: Win32u.DLL\r\nHashes: SHA1=513CA7ADBF528DE9D0770936A2748FBEE92FD4B1,MD5=59FC84F38585E8F4D32424A05612E4FA,SHA256=68BBFE7153072E5A8D11972AA38B0E2CEF94D2149960E543DD80168C1F92BD24,IMPHASH=00000000000000000000000000000000\r\nSigned: true\r\nSignature: Microsoft Windows\r\nSignatureStatus: Valid","SourceModuleName":"eventlog","AccountType":"User","Signature":"Microsoft Windows"}
{"RuleName":"-","@timestamp":"2020-10-13T04:26:30.111Z","SignatureStatus":"Valid","Channel":"Microsoft-Windows-Sysmon/Operational","UserID":"S-1-5-18","RecordNumber":205469,"ThreadID":4780,"Image":"C:\\Windows\\System32\\conhost.exe","ProcessId":"3148","Company":"Microsoft Corporation","Version":3,"Hostname":"WORKSTATION6.theshire.local","ImageLoaded":"C:\\Windows\\System32\\gdi32.dll","Description":"GDI Client DLL","EventReceivedTime":"2020-10-13 00:26:30","ProviderGuid":"{5770385F-C22A-43E0-BF4C-06F5698FFBD9}","Signed":"true","UtcTime":"2020-10-13 04:26:28.846","port":61041,"Severity":"INFO","tags":["mordorDataset"],"Task":7,"SourceModuleType":"im_msvistalog","OpcodeValue":0,"EventType":"INFO","ExecutionProcessID":3592,"Opcode":"Info","SourceName":"Microsoft-Windows-Sysmon","Product":"Microsoft® Windows® Operating System","Keywords":-9223372036854775808,"FileVersion":"10.0.18362.1 (WinBuild.160101.0800)","EventID":7,"Domain":"NT AUTHORITY","Category":"Image loaded (rule: ImageLoad)","OriginalFileName":"gdi32","@version":"1","AccountName":"SYSTEM","ProcessGuid":"{37c5a1b2-2c74-5f85-3403-000000000400}","host":"wec.internal.cloudapp.net","Hashes":"SHA1=9E91D74D5B9BF64A3D4BE8C5EA3594F5DA2BC299,MD5=2839609118F48DEA292084E43FAA72D8,SHA256=4FC9460147D5A3AA1F9498863CF10BB7BE6099BEF1A3D55503164CA51E36E27E,IMPHASH=C5F30E6A06AB646153863B68366FE58A","SeverityValue":2,"EventTime":"2020-10-13 00:26:28","Message":"Image loaded:\r\nRuleName: -\r\nUtcTime: 2020-10-13 04:26:28.846\r\nProcessGuid: {37c5a1b2-2c74-5f85-3403-000000000400}\r\nProcessId: 3148\r\nImage: C:\\Windows\\System32\\conhost.exe\r\nImageLoaded: C:\\Windows\\System32\\gdi32.dll\r\nFileVersion: 10.0.18362.1 (WinBuild.160101.0800)\r\nDescription: GDI Client DLL\r\nProduct: Microsoft® Windows® Operating System\r\nCompany: Microsoft Corporation\r\nOriginalFileName: gdi32\r\nHashes: SHA1=9E91D74D5B9BF64A3D4BE8C5EA3594F5DA2BC299,MD5=2839609118F48DEA292084E43FAA72D8,SHA256=4FC9460147D5A3AA1F9498863CF10BB7BE6099BEF1A3D55503164CA51E36E27E,IMPHASH=C5F30E6A06AB646153863B68366FE58A\r\nSigned: true\r\nSignature: Microsoft Windows\r\nSignatureStatus: Valid","SourceModuleName":"eventlog","AccountType":"User","Signature":"Microsoft Windows"}
{"RuleName":"-","@timestamp":"2020-10-13T04:26:30.111Z","SignatureStatus":"Valid","Channel":"Microsoft-Windows-Sysmon/Operational","UserID":"S-1-5-18","RecordNumber":205470,"ThreadID":4780,"Image":"C:\\Windows\\System32\\conhost.exe","ProcessId":"3148","Company":"Microsoft Corporation","Version":3,"Hostname":"WORKSTATION6.theshire.local","ImageLoaded":"C:\\Windows\\System32\\gdi32full.dll","Description":"GDI Client DLL","EventReceivedTime":"2020-10-13 00:26:30","ProviderGuid":"{5770385F-C22A-43E0-BF4C-06F5698FFBD9}","Signed":"true","UtcTime":"2020-10-13 04:26:28.846","port":61041,"Severity":"INFO","tags":["mordorDataset"],"Task":7,"SourceModuleType":"im_msvistalog","OpcodeValue":0,"EventType":"INFO","ExecutionProcessID":3592,"Opcode":"Info","SourceName":"Microsoft-Windows-Sysmon","Product":"Microsoft® Windows® Operating System","Keywords":-9223372036854775808,"FileVersion":"10.0.18362.1082 (WinBuild.160101.0800)","EventID":7,"Domain":"NT AUTHORITY","Category":"Image loaded (rule: ImageLoad)","OriginalFileName":"gdi32","@version":"1","AccountName":"SYSTEM","ProcessGuid":"{37c5a1b2-2c74-5f85-3403-000000000400}","host":"wec.internal.cloudapp.net","Hashes":"SHA1=F7A63E3541F18A55EB874AAD899373D0C6EDED74,MD5=9B9E9E68B817D79F296AB1CCF378D017,SHA256=1CF582623B0CB3868554E78574B599F39B10B5CA4A51FA898F89286DDD15CE13,IMPHASH=4D32F6E2211CD04CA28C2CD4FAC607E8","SeverityValue":2,"EventTime":"2020-10-13 00:26:28","Message":"Image loaded:\r\nRuleName: -\r\nUtcTime: 2020-10-13 04:26:28.846\r\nProcessGuid: {37c5a1b2-2c74-5f85-3403-000000000400}\r\nProcessId: 3148\r\nImage: C:\\Windows\\System32\\conhost.exe\r\nImageLoaded: C:\\Windows\\System32\\gdi32full.dll\r\nFileVersion: 10.0.18362.1082 (WinBuild.160101.0800)\r\nDescription: GDI Client DLL\r\nProduct: Microsoft® Windows® Operating System\r\nCompany: Microsoft Corporation\r\nOriginalFileName: gdi32\r\nHashes: SHA1=F7A63E3541F18A55EB874AAD899373D0C6EDED74,MD5=9B9E9E68B817D79F296AB1CCF378D017,SHA256=1CF582623B0CB3868554E78574B599F39B10B5CA4A51FA898F89286DDD15CE13,IMPHASH=4D32F6E2211CD04CA28C2CD4FAC607E8\r\nSigned: true\r\nSignature: Microsoft Windows\r\nSignatureStatus: Valid","SourceModuleName":"eventlog","AccountType":"User","Signature":"Microsoft Windows"}
{"RuleName":"-","@timestamp":"2020-10-13T04:26:30.112Z","SignatureStatus":"Valid","Channel":"Microsoft-Windows-Sysmon/Operational","UserID":"S-1-5-18","RecordNumber":205471,"ThreadID":4780,"Image":"C:\\Windows\\System32\\conhost.exe","ProcessId":"3148","Company":"Microsoft Corporation","Version":3,"Hostname":"WORKSTATION6.theshire.local","ImageLoaded":"C:\\Windows\\System32\\shell32.dll","Description":"Windows Shell Common Dll","EventReceivedTime":"2020-10-13 00:26:30","ProviderGuid":"{5770385F-C22A-43E0-BF4C-06F5698FFBD9}","Signed":"true","UtcTime":"2020-10-13 04:26:28.861","port":61041,"Severity":"INFO","tags":["mordorDataset"],"Task":7,"SourceModuleType":"im_msvistalog","OpcodeValue":0,"EventType":"INFO","ExecutionProcessID":3592,"Opcode":"Info","SourceName":"Microsoft-Windows-Sysmon","Product":"Microsoft® Windows® Operating System","Keywords":-9223372036854775808,"FileVersion":"10.0.18362.1049 (WinBuild.160101.0800)","EventID":7,"Domain":"NT AUTHORITY","Category":"Image loaded (rule: ImageLoad)","OriginalFileName":"SHELL32.DLL","@version":"1","AccountName":"SYSTEM","ProcessGuid":"{37c5a1b2-2c74-5f85-3403-000000000400}","host":"wec.internal.cloudapp.net","Hashes":"SHA1=EB21D4919DBF6310400D04D81C2752209E53BCC2,MD5=14500F0CBAA1E523A1B695E3BD582000,SHA256=2DB38191D0619097F21C046C4D826558494CA44F7CCA0E45CA1560AAE0E6B46D,IMPHASH=5DE31297232BD99BC22531D7CE95B80E","SeverityValue":2,"EventTime":"2020-10-13 00:26:28","Message":"Image loaded:\r\nRuleName: -\r\nUtcTime: 2020-10-13 04:26:28.861\r\nProcessGuid: {37c5a1b2-2c74-5f85-3403-000000000400}\r\nProcessId: 3148\r\nImage: C:\\Windows\\System32\\conhost.exe\r\nImageLoaded: C:\\Windows\\System32\\shell32.dll\r\nFileVersion: 10.0.18362.1049 (WinBuild.160101.0800)\r\nDescription: Windows Shell Common Dll\r\nProduct: Microsoft® Windows® Operating System\r\nCompany: Microsoft Corporation\r\nOriginalFileName: SHELL32.DLL\r\nHashes: SHA1=EB21D4919DBF6310400D04D81C2752209E53BCC2,MD5=14500F0CBAA1E523A1B695E3BD582000,SHA256=2DB38191D0619097F21C046C4D826558494CA44F7CCA0E45CA1560AAE0E6B46D,IMPHASH=5DE31297232BD99BC22531D7CE95B80E\r\nSigned: true\r\nSignature: Microsoft Windows\r\nSignatureStatus: Valid","SourceModuleName":"eventlog","AccountType":"User","Signature":"Microsoft Windows"}
