{"Channel":"Microsoft-Windows-Sysmon/Operational","RecordNumber":102411,"ProviderGuid":"{5770385F-C22A-43E0-BF4C-06F5698FFBD9}","User":"NT AUTHORITY\\SYSTEM","DestinationIp":"172.18.39.5","SourceName":"Microsoft-Windows-Sysmon","Domain":"NT AUTHORITY","AccountType":"User","OpcodeValue":0,"Message":"Network connection detected:\r\nRuleName: \r\nUtcTime: 2019-12-05 04:42:38.532\r\nProcessGuid: {d14e8c55-47b5-5de8-0000-0010cb5a0000}\r\nProcessId: 780\r\nImage: C:\\Windows\\System32\\lsass.exe\r\nUser: NT AUTHORITY\\SYSTEM\r\nProtocol: tcp\r\nInitiated: false\r\nSourceIsIpv6: false\r\nSourceIp: 172.18.39.5\r\nSourceHostname: HFDC01.shire.com\r\nSourcePort: 49600\r\nSourcePortName: \r\nDestinationIsIpv6: false\r\nDestinationIp: 172.18.39.5\r\nDestinationHostname: HFDC01.shire.com\r\nDestinationPort: 389\r\nDestinationPortName: ldap","ProcessID":2644,"SeverityValue":2,"SourceModuleType":"im_msvistalog","DestinationPort":"389","@version":"1","Version":5,"EventReceivedTime":"2019-12-04 23:42:41","Image":"C:\\Windows\\System32\\lsass.exe","type":"nxlog-mordor","host":"ip-172-18-39-102.ec2.internal","DestinationPortName":"ldap","port":49730,"EventID":3,"EventType":"INFO","SourceHostname":"HFDC01.shire.com","SourceIp":"172.18.39.5","UtcTime":"2019-12-05 04:42:38.532","UserID":"S-1-5-18","ProcessGuid":"{d14e8c55-47b5-5de8-0000-0010cb5a0000}","SourcePort":"49600","Task":3,"Severity":"INFO","Keywords":-9223372036854775808,"@timestamp":"2019-12-05T04:42:41.920Z","SourceIsIpv6":"false","EventTime":"2019-12-04 23:42:39","ThreadID":3616,"Protocol":"tcp","AccountName":"SYSTEM","Initiated":"false","DestinationIsIpv6":"false","DestinationHostname":"HFDC01.shire.com","Hostname":"HFDC01.shire.com","SourceModuleName":"eventlog"}
{"Channel":"Microsoft-Windows-Sysmon/Operational","RecordNumber":102410,"ProviderGuid":"{5770385F-C22A-43E0-BF4C-06F5698FFBD9}","User":"NT AUTHORITY\\SYSTEM","DestinationIp":"172.18.39.5","SourceName":"Microsoft-Windows-Sysmon","Domain":"NT AUTHORITY","AccountType":"User","OpcodeValue":0,"Message":"Network connection detected:\r\nRuleName: \r\nUtcTime: 2019-12-05 04:42:38.532\r\nProcessGuid: {d14e8c55-47b8-5de8-0000-0010f10b0100}\r\nProcessId: 1548\r\nImage: C:\\Windows\\System32\\svchost.exe\r\nUser: NT AUTHORITY\\SYSTEM\r\nProtocol: tcp\r\nInitiated: true\r\nSourceIsIpv6: false\r\nSourceIp: 172.18.39.5\r\nSourceHostname: HFDC01.shire.com\r\nSourcePort: 49600\r\nSourcePortName: \r\nDestinationIsIpv6: false\r\nDestinationIp: 172.18.39.5\r\nDestinationHostname: HFDC01.shire.com\r\nDestinationPort: 389\r\nDestinationPortName: ldap","ProcessID":2644,"SeverityValue":2,"SourceModuleType":"im_msvistalog","DestinationPort":"389","@version":"1","Version":5,"EventReceivedTime":"2019-12-04 23:42:41","Image":"C:\\Windows\\System32\\svchost.exe","type":"nxlog-mordor","host":"ip-172-18-39-102.ec2.internal","DestinationPortName":"ldap","port":49730,"EventID":3,"EventType":"INFO","SourceHostname":"HFDC01.shire.com","SourceIp":"172.18.39.5","UtcTime":"2019-12-05 04:42:38.532","UserID":"S-1-5-18","ProcessGuid":"{d14e8c55-47b8-5de8-0000-0010f10b0100}","SourcePort":"49600","Task":3,"Severity":"INFO","Keywords":-9223372036854775808,"@timestamp":"2019-12-05T04:42:41.920Z","SourceIsIpv6":"false","EventTime":"2019-12-04 23:42:39","ThreadID":3616,"Protocol":"tcp","AccountName":"SYSTEM","Initiated":"true","DestinationIsIpv6":"false","DestinationHostname":"HFDC01.shire.com","Hostname":"HFDC01.shire.com","SourceModuleName":"eventlog"}
{"Channel":"Microsoft-Windows-Sysmon/Operational","RecordNumber":102414,"ProviderGuid":"{5770385F-C22A-43E0-BF4C-06F5698FFBD9}","User":"NT AUTHORITY\\SYSTEM","DestinationIp":"fe80:0:0:0:44af:a0ee:c7f9:e9ed","SourceName":"Microsoft-Windows-Sysmon","Domain":"NT AUTHORITY","AccountType":"User","OpcodeValue":0,"Message":"Network connection detected:\r\nRuleName: \r\nUtcTime: 2019-12-05 04:42:38.678\r\nProcessGuid: {d14e8c55-47b8-5de8-0000-0010f10b0100}\r\nProcessId: 1548\r\nImage: C:\\Windows\\System32\\svchost.exe\r\nUser: NT AUTHORITY\\SYSTEM\r\nProtocol: tcp\r\nInitiated: true\r\nSourceIsIpv6: true\r\nSourceIp: fe80:0:0:0:44af:a0ee:c7f9:e9ed\r\nSourceHostname: HFDC01.shire.com\r\nSourcePort: 49602\r\nSourcePortName: \r\nDestinationIsIpv6: true\r\nDestinationIp: fe80:0:0:0:44af:a0ee:c7f9:e9ed\r\nDestinationHostname: HFDC01.shire.com\r\nDestinationPort: 389\r\nDestinationPortName: ldap","ProcessID":2644,"SeverityValue":2,"SourceModuleType":"im_msvistalog","DestinationPort":"389","@version":"1","Version":5,"EventReceivedTime":"2019-12-04 23:42:41","Image":"C:\\Windows\\System32\\svchost.exe","type":"nxlog-mordor","host":"ip-172-18-39-102.ec2.internal","DestinationPortName":"ldap","port":49730,"EventID":3,"EventType":"INFO","SourceHostname":"HFDC01.shire.com","SourceIp":"fe80:0:0:0:44af:a0ee:c7f9:e9ed","UtcTime":"2019-12-05 04:42:38.678","UserID":"S-1-5-18","ProcessGuid":"{d14e8c55-47b8-5de8-0000-0010f10b0100}","SourcePort":"49602","Task":3,"Severity":"INFO","Keywords":-9223372036854775808,"@timestamp":"2019-12-05T04:42:41.920Z","SourceIsIpv6":"true","EventTime":"2019-12-04 23:42:39","ThreadID":3616,"Protocol":"tcp","AccountName":"SYSTEM","Initiated":"true","DestinationIsIpv6":"true","DestinationHostname":"HFDC01.shire.com","Hostname":"HFDC01.shire.com","SourceModuleName":"eventlog"}
{"Channel":"Microsoft-Windows-Sysmon/Operational","RecordNumber":102415,"ProviderGuid":"{5770385F-C22A-43E0-BF4C-06F5698FFBD9}","User":"NT AUTHORITY\\SYSTEM","DestinationIp":"fe80:0:0:0:44af:a0ee:c7f9:e9ed","SourceName":"Microsoft-Windows-Sysmon","Domain":"NT AUTHORITY","AccountType":"User","OpcodeValue":0,"Message":"Network connection detected:\r\nRuleName: \r\nUtcTime: 2019-12-05 04:42:38.678\r\nProcessGuid: {d14e8c55-47b5-5de8-0000-0010cb5a0000}\r\nProcessId: 780\r\nImage: C:\\Windows\\System32\\lsass.exe\r\nUser: NT AUTHORITY\\SYSTEM\r\nProtocol: tcp\r\nInitiated: false\r\nSourceIsIpv6: true\r\nSourceIp: fe80:0:0:0:44af:a0ee:c7f9:e9ed\r\nSourceHostname: HFDC01.shire.com\r\nSourcePort: 49602\r\nSourcePortName: \r\nDestinationIsIpv6: true\r\nDestinationIp: fe80:0:0:0:44af:a0ee:c7f9:e9ed\r\nDestinationHostname: HFDC01.shire.com\r\nDestinationPort: 389\r\nDestinationPortName: ldap","ProcessID":2644,"SeverityValue":2,"SourceModuleType":"im_msvistalog","DestinationPort":"389","@version":"1","Version":5,"EventReceivedTime":"2019-12-04 23:42:41","Image":"C:\\Windows\\System32\\lsass.exe","type":"nxlog-mordor","host":"ip-172-18-39-102.ec2.internal","DestinationPortName":"ldap","port":49730,"EventID":3,"EventType":"INFO","SourceHostname":"HFDC01.shire.com","SourceIp":"fe80:0:0:0:44af:a0ee:c7f9:e9ed","UtcTime":"2019-12-05 04:42:38.678","UserID":"S-1-5-18","ProcessGuid":"{d14e8c55-47b5-5de8-0000-0010cb5a0000}","SourcePort":"49602","Task":3,"Severity":"INFO","Keywords":-9223372036854775808,"@timestamp":"2019-12-05T04:42:41.920Z","SourceIsIpv6":"true","EventTime":"2019-12-04 23:42:39","ThreadID":3616,"Protocol":"tcp","AccountName":"SYSTEM","Initiated":"false","DestinationIsIpv6":"true","DestinationHostname":"HFDC01.shire.com","Hostname":"HFDC01.shire.com","SourceModuleName":"eventlog"}
{"Channel":"Microsoft-Windows-Sysmon/Operational","RecordNumber":102408,"ProviderGuid":"{5770385F-C22A-43E0-BF4C-06F5698FFBD9}","User":"NT AUTHORITY\\SYSTEM","DestinationIp":"fe80:0:0:0:44af:a0ee:c7f9:e9ed","SourceName":"Microsoft-Windows-Sysmon","Domain":"NT AUTHORITY","AccountType":"User","OpcodeValue":0,"Message":"Network connection detected:\r\nRuleName: \r\nUtcTime: 2019-12-05 04:42:38.521\r\nProcessGuid: {d14e8c55-47b8-5de8-0000-0010f10b0100}\r\nProcessId: 1548\r\nImage: C:\\Windows\\System32\\svchost.exe\r\nUser: NT AUTHORITY\\SYSTEM\r\nProtocol: tcp\r\nInitiated: true\r\nSourceIsIpv6: true\r\nSourceIp: fe80:0:0:0:44af:a0ee:c7f9:e9ed\r\nSourceHostname: HFDC01.shire.com\r\nSourcePort: 49599\r\nSourcePortName: \r\nDestinationIsIpv6: true\r\nDestinationIp: fe80:0:0:0:44af:a0ee:c7f9:e9ed\r\nDestinationHostname: HFDC01.shire.com\r\nDestinationPort: 389\r\nDestinationPortName: ldap","ProcessID":2644,"SeverityValue":2,"SourceModuleType":"im_msvistalog","DestinationPort":"389","@version":"1","Version":5,"EventReceivedTime":"2019-12-04 23:42:41","Image":"C:\\Windows\\System32\\svchost.exe","type":"nxlog-mordor","host":"ip-172-18-39-102.ec2.internal","DestinationPortName":"ldap","port":49730,"EventID":3,"EventType":"INFO","SourceHostname":"HFDC01.shire.com","SourceIp":"fe80:0:0:0:44af:a0ee:c7f9:e9ed","UtcTime":"2019-12-05 04:42:38.521","UserID":"S-1-5-18","ProcessGuid":"{d14e8c55-47b8-5de8-0000-0010f10b0100}","SourcePort":"49599","Task":3,"Severity":"INFO","Keywords":-9223372036854775808,"@timestamp":"2019-12-05T04:42:41.919Z","SourceIsIpv6":"true","EventTime":"2019-12-04 23:42:39","ThreadID":3616,"Protocol":"tcp","AccountName":"SYSTEM","Initiated":"true","DestinationIsIpv6":"true","DestinationHostname":"HFDC01.shire.com","Hostname":"HFDC01.shire.com","SourceModuleName":"eventlog"}
{"Channel":"Microsoft-Windows-Sysmon/Operational","RecordNumber":102412,"ProviderGuid":"{5770385F-C22A-43E0-BF4C-06F5698FFBD9}","User":"NT AUTHORITY\\SYSTEM","DestinationIp":"fe80:0:0:0:44af:a0ee:c7f9:e9ed","SourceName":"Microsoft-Windows-Sysmon","Domain":"NT AUTHORITY","AccountType":"User","OpcodeValue":0,"Message":"Network connection detected:\r\nRuleName: \r\nUtcTime: 2019-12-05 04:42:38.630\r\nProcessGuid: {d14e8c55-47af-5de8-0000-0010eb030000}\r\nProcessId: 4\r\nImage: System\r\nUser: NT AUTHORITY\\SYSTEM\r\nProtocol: tcp\r\nInitiated: true\r\nSourceIsIpv6: true\r\nSourceIp: fe80:0:0:0:44af:a0ee:c7f9:e9ed\r\nSourceHostname: HFDC01.shire.com\r\nSourcePort: 49601\r\nSourcePortName: \r\nDestinationIsIpv6: true\r\nDestinationIp: fe80:0:0:0:44af:a0ee:c7f9:e9ed\r\nDestinationHostname: HFDC01.shire.com\r\nDestinationPort: 445\r\nDestinationPortName: microsoft-ds","ProcessID":2644,"SeverityValue":2,"SourceModuleType":"im_msvistalog","DestinationPort":"445","@version":"1","Version":5,"EventReceivedTime":"2019-12-04 23:42:41","Image":"System","type":"nxlog-mordor","host":"ip-172-18-39-102.ec2.internal","DestinationPortName":"microsoft-ds","port":49730,"EventID":3,"EventType":"INFO","SourceHostname":"HFDC01.shire.com","SourceIp":"fe80:0:0:0:44af:a0ee:c7f9:e9ed","UtcTime":"2019-12-05 04:42:38.630","UserID":"S-1-5-18","ProcessGuid":"{d14e8c55-47af-5de8-0000-0010eb030000}","SourcePort":"49601","Task":3,"Severity":"INFO","Keywords":-9223372036854775808,"@timestamp":"2019-12-05T04:42:41.920Z","SourceIsIpv6":"true","EventTime":"2019-12-04 23:42:39","ThreadID":3616,"Protocol":"tcp","AccountName":"SYSTEM","Initiated":"true","DestinationIsIpv6":"true","DestinationHostname":"HFDC01.shire.com","Hostname":"HFDC01.shire.com","SourceModuleName":"eventlog"}
{"Channel":"Microsoft-Windows-Sysmon/Operational","RecordNumber":102416,"ProviderGuid":"{5770385F-C22A-43E0-BF4C-06F5698FFBD9}","User":"NT AUTHORITY\\SYSTEM","DestinationIp":"fe80:0:0:0:44af:a0ee:c7f9:e9ed","SourceName":"Microsoft-Windows-Sysmon","Domain":"NT AUTHORITY","AccountType":"User","OpcodeValue":0,"Message":"Network connection detected:\r\nRuleName: \r\nUtcTime: 2019-12-05 04:42:38.691\r\nProcessGuid: {d14e8c55-47b8-5de8-0000-0010f10b0100}\r\nProcessId: 1548\r\nImage: C:\\Windows\\System32\\svchost.exe\r\nUser: NT AUTHORITY\\SYSTEM\r\nProtocol: tcp\r\nInitiated: true\r\nSourceIsIpv6: true\r\nSourceIp: fe80:0:0:0:44af:a0ee:c7f9:e9ed\r\nSourceHostname: HFDC01.shire.com\r\nSourcePort: 49603\r\nSourcePortName: \r\nDestinationIsIpv6: true\r\nDestinationIp: fe80:0:0:0:44af:a0ee:c7f9:e9ed\r\nDestinationHostname: HFDC01.shire.com\r\nDestinationPort: 389\r\nDestinationPortName: ldap","ProcessID":2644,"SeverityValue":2,"SourceModuleType":"im_msvistalog","DestinationPort":"389","@version":"1","Version":5,"EventReceivedTime":"2019-12-04 23:42:41","Image":"C:\\Windows\\System32\\svchost.exe","type":"nxlog-mordor","host":"ip-172-18-39-102.ec2.internal","DestinationPortName":"ldap","port":49730,"EventID":3,"EventType":"INFO","SourceHostname":"HFDC01.shire.com","SourceIp":"fe80:0:0:0:44af:a0ee:c7f9:e9ed","UtcTime":"2019-12-05 04:42:38.691","UserID":"S-1-5-18","ProcessGuid":"{d14e8c55-47b8-5de8-0000-0010f10b0100}","SourcePort":"49603","Task":3,"Severity":"INFO","Keywords":-9223372036854775808,"@timestamp":"2019-12-05T04:42:41.921Z","SourceIsIpv6":"true","EventTime":"2019-12-04 23:42:39","ThreadID":3616,"Protocol":"tcp","AccountName":"SYSTEM","Initiated":"true","DestinationIsIpv6":"true","DestinationHostname":"HFDC01.shire.com","Hostname":"HFDC01.shire.com","SourceModuleName":"eventlog"}
{"Channel":"Microsoft-Windows-Sysmon/Operational","RecordNumber":102409,"ProviderGuid":"{5770385F-C22A-43E0-BF4C-06F5698FFBD9}","User":"NT AUTHORITY\\SYSTEM","DestinationIp":"fe80:0:0:0:44af:a0ee:c7f9:e9ed","SourceName":"Microsoft-Windows-Sysmon","Domain":"NT AUTHORITY","AccountType":"User","OpcodeValue":0,"Message":"Network connection detected:\r\nRuleName: \r\nUtcTime: 2019-12-05 04:42:38.521\r\nProcessGuid: {d14e8c55-47b5-5de8-0000-0010cb5a0000}\r\nProcessId: 780\r\nImage: C:\\Windows\\System32\\lsass.exe\r\nUser: NT AUTHORITY\\SYSTEM\r\nProtocol: tcp\r\nInitiated: false\r\nSourceIsIpv6: true\r\nSourceIp: fe80:0:0:0:44af:a0ee:c7f9:e9ed\r\nSourceHostname: HFDC01.shire.com\r\nSourcePort: 49599\r\nSourcePortName: \r\nDestinationIsIpv6: true\r\nDestinationIp: fe80:0:0:0:44af:a0ee:c7f9:e9ed\r\nDestinationHostname: HFDC01.shire.com\r\nDestinationPort: 389\r\nDestinationPortName: ldap","ProcessID":2644,"SeverityValue":2,"SourceModuleType":"im_msvistalog","DestinationPort":"389","@version":"1","Version":5,"EventReceivedTime":"2019-12-04 23:42:41","Image":"C:\\Windows\\System32\\lsass.exe","type":"nxlog-mordor","host":"ip-172-18-39-102.ec2.internal","DestinationPortName":"ldap","port":49730,"EventID":3,"EventType":"INFO","SourceHostname":"HFDC01.shire.com","SourceIp":"fe80:0:0:0:44af:a0ee:c7f9:e9ed","UtcTime":"2019-12-05 04:42:38.521","UserID":"S-1-5-18","ProcessGuid":"{d14e8c55-47b5-5de8-0000-0010cb5a0000}","SourcePort":"49599","Task":3,"Severity":"INFO","Keywords":-9223372036854775808,"@timestamp":"2019-12-05T04:42:41.919Z","SourceIsIpv6":"true","EventTime":"2019-12-04 23:42:39","ThreadID":3616,"Protocol":"tcp","AccountName":"SYSTEM","Initiated":"false","DestinationIsIpv6":"true","DestinationHostname":"HFDC01.shire.com","Hostname":"HFDC01.shire.com","SourceModuleName":"eventlog"}
{"Channel":"Microsoft-Windows-Sysmon/Operational","RecordNumber":102413,"ProviderGuid":"{5770385F-C22A-43E0-BF4C-06F5698FFBD9}","User":"NT AUTHORITY\\SYSTEM","DestinationIp":"fe80:0:0:0:44af:a0ee:c7f9:e9ed","SourceName":"Microsoft-Windows-Sysmon","Domain":"NT AUTHORITY","AccountType":"User","OpcodeValue":0,"Message":"Network connection detected:\r\nRuleName: \r\nUtcTime: 2019-12-05 04:42:38.630\r\nProcessGuid: {d14e8c55-47af-5de8-0000-0010eb030000}\r\nProcessId: 4\r\nImage: System\r\nUser: NT AUTHORITY\\SYSTEM\r\nProtocol: tcp\r\nInitiated: false\r\nSourceIsIpv6: true\r\nSourceIp: fe80:0:0:0:44af:a0ee:c7f9:e9ed\r\nSourceHostname: HFDC01.shire.com\r\nSourcePort: 49601\r\nSourcePortName: \r\nDestinationIsIpv6: true\r\nDestinationIp: fe80:0:0:0:44af:a0ee:c7f9:e9ed\r\nDestinationHostname: HFDC01.shire.com\r\nDestinationPort: 445\r\nDestinationPortName: microsoft-ds","ProcessID":2644,"SeverityValue":2,"SourceModuleType":"im_msvistalog","DestinationPort":"445","@version":"1","Version":5,"EventReceivedTime":"2019-12-04 23:42:41","Image":"System","type":"nxlog-mordor","host":"ip-172-18-39-102.ec2.internal","DestinationPortName":"microsoft-ds","port":49730,"EventID":3,"EventType":"INFO","SourceHostname":"HFDC01.shire.com","SourceIp":"fe80:0:0:0:44af:a0ee:c7f9:e9ed","UtcTime":"2019-12-05 04:42:38.630","UserID":"S-1-5-18","ProcessGuid":"{d14e8c55-47af-5de8-0000-0010eb030000}","SourcePort":"49601","Task":3,"Severity":"INFO","Keywords":-9223372036854775808,"@timestamp":"2019-12-05T04:42:41.920Z","SourceIsIpv6":"true","EventTime":"2019-12-04 23:42:39","ThreadID":3616,"Protocol":"tcp","AccountName":"SYSTEM","Initiated":"false","DestinationIsIpv6":"true","DestinationHostname":"HFDC01.shire.com","Hostname":"HFDC01.shire.com","SourceModuleName":"eventlog"}
{"Channel":"Microsoft-Windows-Sysmon/Operational","RecordNumber":102417,"ProviderGuid":"{5770385F-C22A-43E0-BF4C-06F5698FFBD9}","User":"NT AUTHORITY\\SYSTEM","DestinationIp":"fe80:0:0:0:44af:a0ee:c7f9:e9ed","SourceName":"Microsoft-Windows-Sysmon","Domain":"NT AUTHORITY","AccountType":"User","OpcodeValue":0,"Message":"Network connection detected:\r\nRuleName: \r\nUtcTime: 2019-12-05 04:42:38.692\r\nProcessGuid: {d14e8c55-47b5-5de8-0000-0010cb5a0000}\r\nProcessId: 780\r\nImage: C:\\Windows\\System32\\lsass.exe\r\nUser: NT AUTHORITY\\SYSTEM\r\nProtocol: tcp\r\nInitiated: false\r\nSourceIsIpv6: true\r\nSourceIp: fe80:0:0:0:44af:a0ee:c7f9:e9ed\r\nSourceHostname: HFDC01.shire.com\r\nSourcePort: 49603\r\nSourcePortName: \r\nDestinationIsIpv6: true\r\nDestinationIp: fe80:0:0:0:44af:a0ee:c7f9:e9ed\r\nDestinationHostname: HFDC01.shire.com\r\nDestinationPort: 389\r\nDestinationPortName: ldap","ProcessID":2644,"SeverityValue":2,"SourceModuleType":"im_msvistalog","DestinationPort":"389","@version":"1","Version":5,"EventReceivedTime":"2019-12-04 23:42:41","Image":"C:\\Windows\\System32\\lsass.exe","type":"nxlog-mordor","host":"ip-172-18-39-102.ec2.internal","DestinationPortName":"ldap","port":49730,"EventID":3,"EventType":"INFO","SourceHostname":"HFDC01.shire.com","SourceIp":"fe80:0:0:0:44af:a0ee:c7f9:e9ed","UtcTime":"2019-12-05 04:42:38.692","UserID":"S-1-5-18","ProcessGuid":"{d14e8c55-47b5-5de8-0000-0010cb5a0000}","SourcePort":"49603","Task":3,"Severity":"INFO","Keywords":-9223372036854775808,"@timestamp":"2019-12-05T04:42:41.921Z","SourceIsIpv6":"true","EventTime":"2019-12-04 23:42:39","ThreadID":3616,"Protocol":"tcp","AccountName":"SYSTEM","Initiated":"false","DestinationIsIpv6":"true","DestinationHostname":"HFDC01.shire.com","Hostname":"HFDC01.shire.com","SourceModuleName":"eventlog"}
{"Version":0,"EventReceivedTime":"2019-12-04 23:42:42","SourceAddress":"0.0.0.0","type":"nxlog-mordor","host":"ip-172-18-39-102.ec2.internal","Channel":"security","RecordNumber":25351,"Category":"Filtering Platform Connection","port":49730,"ProviderGuid":"{54849625-5478-4994-A5BA-3E3B0328C30D}","Application":"\\device\\harddiskvolume2\\windows\\system32\\svchost.exe","EventID":5158,"EventType":"AUDIT_SUCCESS","SourcePort":"51516","SourceName":"Microsoft-Windows-Security-Auditing","OpcodeValue":0,"Message":"The Windows Filtering Platform has permitted a bind to a local port.\r\n\r\nApplication Information:\r\n\tProcess ID:\t\t3204\r\n\tApplication Name:\t\\device\\harddiskvolume2\\windows\\system32\\svchost.exe\r\n\r\nNetwork Information:\r\n\tSource Address:\t\t0.0.0.0\r\n\tSource Port:\t\t51516\r\n\tProtocol:\t\t6\r\n\r\nFilter Information:\r\n\tFilter Run-Time ID:\t0\r\n\tLayer Name:\t\tResource Assignment\r\n\tLayer Run-Time ID:\t36","LayerName":"%%14608","Task":12810,"Severity":"INFO","Keywords":-9214364837600034816,"LayerRTID":"36","@timestamp":"2019-12-05T04:42:42.935Z","EventTime":"2019-12-04 23:42:41","SeverityValue":2,"ProcessID":4,"ThreadID":6448,"Opcode":"Info","Protocol":"6","SourceModuleType":"im_msvistalog","Hostname":"ACCT001.shire.com","SourceModuleName":"eventlog","FilterRTID":"0","@version":"1"}
{"Version":1,"EventReceivedTime":"2019-12-04 23:42:42","type":"nxlog-mordor","IpPort":"49601","host":"ip-172-18-39-102.ec2.internal","Channel":"Security","RecordNumber":88403,"Category":"File Share","port":49730,"ProviderGuid":"{54849625-5478-4994-A5BA-3E3B0328C30D}","EventID":5140,"EventType":"AUDIT_SUCCESS","IpAddress":"fe80::44af:a0ee:c7f9:e9ed","SourceName":"Microsoft-Windows-Security-Auditing","SubjectDomainName":"shire","SubjectUserSid":"S-1-5-20","OpcodeValue":0,"Message":"A network share object was accessed.\r\n\t\r\nSubject:\r\n\tSecurity ID:\t\tS-1-5-20\r\n\tAccount Name:\t\tHFDC01$\r\n\tAccount Domain:\t\tshire\r\n\tLogon ID:\t\t0x3E4\r\n\r\nNetwork Information:\t\r\n\tObject Type:\t\tFile\r\n\tSource Address:\t\tfe80::44af:a0ee:c7f9:e9ed\r\n\tSource Port:\t\t49601\r\n\t\r\nShare Information:\r\n\tShare Name:\t\t\\\\*\\IPC$\r\n\tShare Path:\t\t\r\n\r\nAccess Request Information:\r\n\tAccess Mask:\t\t0x1\r\n\tAccesses:\t\tReadData (or ListDirectory)\r\n\t\t\t\t\r\n","ShareName":"\\\\*\\IPC$","Task":12808,"Severity":"INFO","Keywords":-9214364837600034816,"SubjectUserName":"HFDC01$","@timestamp":"2019-12-05T04:42:42.935Z","ObjectType":"File","EventTime":"2019-12-04 23:42:41","SeverityValue":2,"ProcessID":4,"ThreadID":4112,"Opcode":"Info","SubjectLogonId":"0x3e4","AccessList":"%%4416\r\n\t\t\t\t","AccessMask":"0x1","Hostname":"HFDC01.shire.com","SourceModuleType":"im_msvistalog","SourceModuleName":"eventlog","@version":"1"}
{"Version":1,"EventReceivedTime":"2019-12-04 23:42:42","SourceAddress":"172.18.39.100","type":"nxlog-mordor","DestPort":"5985","host":"ip-172-18-39-102.ec2.internal","Channel":"security","RemoteMachineID":"S-1-0-0","RecordNumber":25354,"Category":"Filtering Platform Connection","port":49730,"ProviderGuid":"{54849625-5478-4994-A5BA-3E3B0328C30D}","Application":"\\device\\harddiskvolume2\\windows\\system32\\svchost.exe","EventID":5156,"EventType":"AUDIT_SUCCESS","Direction":"%%14593","DestAddress":"172.18.39.102","SourcePort":"51517","SourceName":"Microsoft-Windows-Security-Auditing","OpcodeValue":0,"Message":"The Windows Filtering Platform has permitted a connection.\r\n\r\nApplication Information:\r\n\tProcess ID:\t\t3204\r\n\tApplication Name:\t\\device\\harddiskvolume2\\windows\\system32\\svchost.exe\r\n\r\nNetwork Information:\r\n\tDirection:\t\tOutbound\r\n\tSource Address:\t\t172.18.39.100\r\n\tSource Port:\t\t51517\r\n\tDestination Address:\t172.18.39.102\r\n\tDestination Port:\t\t5985\r\n\tProtocol:\t\t6\r\n\r\nFilter Information:\r\n\tFilter Run-Time ID:\t67260\r\n\tLayer Name:\t\tConnect\r\n\tLayer Run-Time ID:\t48","LayerName":"%%14611","Task":12810,"Severity":"INFO","Keywords":-9214364837600034816,"LayerRTID":"48","@timestamp":"2019-12-05T04:42:42.936Z","EventTime":"2019-12-04 23:42:41","SeverityValue":2,"ProcessID":4,"ThreadID":6448,"Opcode":"Info","Protocol":"6","RemoteUserID":"S-1-0-0","SourceModuleType":"im_msvistalog","Hostname":"ACCT001.shire.com","SourceModuleName":"eventlog","FilterRTID":"67260","@version":"1"}
{"Version":1,"EventReceivedTime":"2019-12-04 23:42:42","SourceAddress":"172.18.39.100","type":"nxlog-mordor","DestPort":"5985","host":"ip-172-18-39-102.ec2.internal","Channel":"security","RemoteMachineID":"S-1-0-0","RecordNumber":25358,"Category":"Filtering Platform Connection","port":49730,"ProviderGuid":"{54849625-5478-4994-A5BA-3E3B0328C30D}","Application":"\\device\\harddiskvolume2\\windows\\system32\\svchost.exe","EventID":5156,"EventType":"AUDIT_SUCCESS","Direction":"%%14593","DestAddress":"172.18.39.102","SourcePort":"51519","SourceName":"Microsoft-Windows-Security-Auditing","OpcodeValue":0,"Message":"The Windows Filtering Platform has permitted a connection.\r\n\r\nApplication Information:\r\n\tProcess ID:\t\t3204\r\n\tApplication Name:\t\\device\\harddiskvolume2\\windows\\system32\\svchost.exe\r\n\r\nNetwork Information:\r\n\tDirection:\t\tOutbound\r\n\tSource Address:\t\t172.18.39.100\r\n\tSource Port:\t\t51519\r\n\tDestination Address:\t172.18.39.102\r\n\tDestination Port:\t\t5985\r\n\tProtocol:\t\t6\r\n\r\nFilter Information:\r\n\tFilter Run-Time ID:\t67260\r\n\tLayer Name:\t\tConnect\r\n\tLayer Run-Time ID:\t48","LayerName":"%%14611","Task":12810,"Severity":"INFO","Keywords":-9214364837600034816,"LayerRTID":"48","@timestamp":"2019-12-05T04:42:42.936Z","EventTime":"2019-12-04 23:42:41","SeverityValue":2,"ProcessID":4,"ThreadID":6448,"Opcode":"Info","Protocol":"6","RemoteUserID":"S-1-0-0","SourceModuleType":"im_msvistalog","Hostname":"ACCT001.shire.com","SourceModuleName":"eventlog","FilterRTID":"67260","@version":"1"}
{"Version":1,"EventReceivedTime":"2019-12-04 23:42:42","SourceAddress":"172.18.39.100","type":"nxlog-mordor","DestPort":"5985","host":"ip-172-18-39-102.ec2.internal","Channel":"security","RemoteMachineID":"S-1-0-0","RecordNumber":25362,"Category":"Filtering Platform Connection","port":49730,"ProviderGuid":"{54849625-5478-4994-A5BA-3E3B0328C30D}","Application":"\\device\\harddiskvolume2\\windows\\system32\\svchost.exe","EventID":5156,"EventType":"AUDIT_SUCCESS","Direction":"%%14593","DestAddress":"172.18.39.102","SourcePort":"51521","SourceName":"Microsoft-Windows-Security-Auditing","OpcodeValue":0,"Message":"The Windows Filtering Platform has permitted a connection.\r\n\r\nApplication Information:\r\n\tProcess ID:\t\t3204\r\n\tApplication Name:\t\\device\\harddiskvolume2\\windows\\system32\\svchost.exe\r\n\r\nNetwork Information:\r\n\tDirection:\t\tOutbound\r\n\tSource Address:\t\t172.18.39.100\r\n\tSource Port:\t\t51521\r\n\tDestination Address:\t172.18.39.102\r\n\tDestination Port:\t\t5985\r\n\tProtocol:\t\t6\r\n\r\nFilter Information:\r\n\tFilter Run-Time ID:\t67260\r\n\tLayer Name:\t\tConnect\r\n\tLayer Run-Time ID:\t48","LayerName":"%%14611","Task":12810,"Severity":"INFO","Keywords":-9214364837600034816,"LayerRTID":"48","@timestamp":"2019-12-05T04:42:42.937Z","EventTime":"2019-12-04 23:42:41","SeverityValue":2,"ProcessID":4,"ThreadID":6448,"Opcode":"Info","Protocol":"6","RemoteUserID":"S-1-0-0","SourceModuleType":"im_msvistalog","Hostname":"ACCT001.shire.com","SourceModuleName":"eventlog","FilterRTID":"67260","@version":"1"}
{"Version":0,"EventReceivedTime":"2019-12-04 23:42:42","SourceAddress":"0.0.0.0","type":"nxlog-mordor","host":"ip-172-18-39-102.ec2.internal","Channel":"security","RecordNumber":25355,"Category":"Filtering Platform Connection","port":49730,"ProviderGuid":"{54849625-5478-4994-A5BA-3E3B0328C30D}","Application":"\\device\\harddiskvolume2\\windows\\system32\\svchost.exe","EventID":5158,"EventType":"AUDIT_SUCCESS","SourcePort":"51518","SourceName":"Microsoft-Windows-Security-Auditing","OpcodeValue":0,"Message":"The Windows Filtering Platform has permitted a bind to a local port.\r\n\r\nApplication Information:\r\n\tProcess ID:\t\t3204\r\n\tApplication Name:\t\\device\\harddiskvolume2\\windows\\system32\\svchost.exe\r\n\r\nNetwork Information:\r\n\tSource Address:\t\t0.0.0.0\r\n\tSource Port:\t\t51518\r\n\tProtocol:\t\t6\r\n\r\nFilter Information:\r\n\tFilter Run-Time ID:\t0\r\n\tLayer Name:\t\tResource Assignment\r\n\tLayer Run-Time ID:\t36","LayerName":"%%14608","Task":12810,"Severity":"INFO","Keywords":-9214364837600034816,"LayerRTID":"36","@timestamp":"2019-12-05T04:42:42.936Z","EventTime":"2019-12-04 23:42:41","SeverityValue":2,"ProcessID":4,"ThreadID":6448,"Opcode":"Info","Protocol":"6","SourceModuleType":"im_msvistalog","Hostname":"ACCT001.shire.com","SourceModuleName":"eventlog","FilterRTID":"0","@version":"1"}
{"Version":2,"EventReceivedTime":"2019-12-04 23:42:42","Image":"C:\\Windows\\System32\\svchost.exe","type":"nxlog-mordor","host":"ip-172-18-39-102.ec2.internal","Channel":"Microsoft-Windows-Sysmon/Operational","RecordNumber":102418,"port":49730,"ProviderGuid":"{5770385F-C22A-43E0-BF4C-06F5698FFBD9}","CreationUtcTime":"2019-12-04 23:56:40.787","EventID":11,"EventType":"INFO","UtcTime":"2019-12-05 04:42:41.181","UserID":"S-1-5-18","ProcessGuid":"{d14e8c55-47b8-5de8-0000-0010abf00000}","SourceName":"Microsoft-Windows-Sysmon","Domain":"NT AUTHORITY","AccountType":"User","OpcodeValue":0,"Message":"File created:\r\nRuleName: \r\nUtcTime: 2019-12-05 04:42:41.181\r\nProcessGuid: {d14e8c55-47b8-5de8-0000-0010abf00000}\r\nProcessId: 1332\r\nImage: C:\\Windows\\System32\\svchost.exe\r\nTargetFilename: C:\\Windows\\ServiceState\\EventLog\\Data\\lastalive0.dat\r\nCreationUtcTime: 2019-12-04 23:56:40.787","Task":11,"Severity":"INFO","Keywords":-9223372036854775808,"@timestamp":"2019-12-05T04:42:42.934Z","EventTime":"2019-12-04 23:42:41","SeverityValue":2,"ProcessID":2644,"ThreadID":3664,"AccountName":"SYSTEM","TargetFilename":"C:\\Windows\\ServiceState\\EventLog\\Data\\lastalive0.dat","SourceModuleType":"im_msvistalog","Hostname":"HFDC01.shire.com","SourceModuleName":"eventlog","@version":"1"}
{"Version":0,"EventReceivedTime":"2019-12-04 23:42:42","SourceAddress":"0.0.0.0","type":"nxlog-mordor","host":"ip-172-18-39-102.ec2.internal","Channel":"security","RecordNumber":25359,"Category":"Filtering Platform Connection","port":49730,"ProviderGuid":"{54849625-5478-4994-A5BA-3E3B0328C30D}","Application":"\\device\\harddiskvolume2\\windows\\system32\\svchost.exe","EventID":5158,"EventType":"AUDIT_SUCCESS","SourcePort":"51520","SourceName":"Microsoft-Windows-Security-Auditing","OpcodeValue":0,"Message":"The Windows Filtering Platform has permitted a bind to a local port.\r\n\r\nApplication Information:\r\n\tProcess ID:\t\t3204\r\n\tApplication Name:\t\\device\\harddiskvolume2\\windows\\system32\\svchost.exe\r\n\r\nNetwork Information:\r\n\tSource Address:\t\t0.0.0.0\r\n\tSource Port:\t\t51520\r\n\tProtocol:\t\t6\r\n\r\nFilter Information:\r\n\tFilter Run-Time ID:\t0\r\n\tLayer Name:\t\tResource Assignment\r\n\tLayer Run-Time ID:\t36","LayerName":"%%14608","Task":12810,"Severity":"INFO","Keywords":-9214364837600034816,"LayerRTID":"36","@timestamp":"2019-12-05T04:42:42.936Z","EventTime":"2019-12-04 23:42:41","SeverityValue":2,"ProcessID":4,"ThreadID":6448,"Opcode":"Info","Protocol":"6","SourceModuleType":"im_msvistalog","Hostname":"ACCT001.shire.com","SourceModuleName":"eventlog","FilterRTID":"0","@version":"1"}
{"Version":0,"EventReceivedTime":"2019-12-04 23:42:42","SourceAddress":"0.0.0.0","type":"nxlog-mordor","host":"ip-172-18-39-102.ec2.internal","Channel":"security","RecordNumber":25363,"Category":"Filtering Platform Connection","port":49730,"ProviderGuid":"{54849625-5478-4994-A5BA-3E3B0328C30D}","Application":"\\device\\harddiskvolume2\\windows\\system32\\svchost.exe","EventID":5158,"EventType":"AUDIT_SUCCESS","SourcePort":"51522","SourceName":"Microsoft-Windows-Security-Auditing","OpcodeValue":0,"Message":"The Windows Filtering Platform has permitted a bind to a local port.\r\n\r\nApplication Information:\r\n\tProcess ID:\t\t3204\r\n\tApplication Name:\t\\device\\harddiskvolume2\\windows\\system32\\svchost.exe\r\n\r\nNetwork Information:\r\n\tSource Address:\t\t0.0.0.0\r\n\tSource Port:\t\t51522\r\n\tProtocol:\t\t6\r\n\r\nFilter Information:\r\n\tFilter Run-Time ID:\t0\r\n\tLayer Name:\t\tResource Assignment\r\n\tLayer Run-Time ID:\t36","LayerName":"%%14608","Task":12810,"Severity":"INFO","Keywords":-9214364837600034816,"LayerRTID":"36","@timestamp":"2019-12-05T04:42:42.937Z","EventTime":"2019-12-04 23:42:41","SeverityValue":2,"ProcessID":4,"ThreadID":6448,"Opcode":"Info","Protocol":"6","SourceModuleType":"im_msvistalog","Hostname":"ACCT001.shire.com","SourceModuleName":"eventlog","FilterRTID":"0","@version":"1"}
{"Version":1,"EventReceivedTime":"2019-12-04 23:42:42","SourceAddress":"172.18.39.100","type":"nxlog-mordor","DestPort":"5985","host":"ip-172-18-39-102.ec2.internal","Channel":"security","RemoteMachineID":"S-1-0-0","RecordNumber":25352,"Category":"Filtering Platform Connection","port":49730,"ProviderGuid":"{54849625-5478-4994-A5BA-3E3B0328C30D}","Application":"\\device\\harddiskvolume2\\windows\\system32\\svchost.exe","EventID":5156,"EventType":"AUDIT_SUCCESS","Direction":"%%14593","DestAddress":"172.18.39.102","SourcePort":"51516","SourceName":"Microsoft-Windows-Security-Auditing","OpcodeValue":0,"Message":"The Windows Filtering Platform has permitted a connection.\r\n\r\nApplication Information:\r\n\tProcess ID:\t\t3204\r\n\tApplication Name:\t\\device\\harddiskvolume2\\windows\\system32\\svchost.exe\r\n\r\nNetwork Information:\r\n\tDirection:\t\tOutbound\r\n\tSource Address:\t\t172.18.39.100\r\n\tSource Port:\t\t51516\r\n\tDestination Address:\t172.18.39.102\r\n\tDestination Port:\t\t5985\r\n\tProtocol:\t\t6\r\n\r\nFilter Information:\r\n\tFilter Run-Time ID:\t67260\r\n\tLayer Name:\t\tConnect\r\n\tLayer Run-Time ID:\t48","LayerName":"%%14611","Task":12810,"Severity":"INFO","Keywords":-9214364837600034816,"LayerRTID":"48","@timestamp":"2019-12-05T04:42:42.935Z","EventTime":"2019-12-04 23:42:41","SeverityValue":2,"ProcessID":4,"ThreadID":6448,"Opcode":"Info","Protocol":"6","RemoteUserID":"S-1-0-0","SourceModuleType":"im_msvistalog","Hostname":"ACCT001.shire.com","SourceModuleName":"eventlog","FilterRTID":"67260","@version":"1"}
{"Version":0,"EventReceivedTime":"2019-12-04 23:42:42","SourceAddress":"0.0.0.0","type":"nxlog-mordor","host":"ip-172-18-39-102.ec2.internal","Channel":"security","RecordNumber":25356,"Category":"Filtering Platform Connection","port":49730,"ProviderGuid":"{54849625-5478-4994-A5BA-3E3B0328C30D}","Application":"\\device\\harddiskvolume2\\windows\\system32\\svchost.exe","EventID":5158,"EventType":"AUDIT_SUCCESS","SourcePort":"51519","SourceName":"Microsoft-Windows-Security-Auditing","OpcodeValue":0,"Message":"The Windows Filtering Platform has permitted a bind to a local port.\r\n\r\nApplication Information:\r\n\tProcess ID:\t\t3204\r\n\tApplication Name:\t\\device\\harddiskvolume2\\windows\\system32\\svchost.exe\r\n\r\nNetwork Information:\r\n\tSource Address:\t\t0.0.0.0\r\n\tSource Port:\t\t51519\r\n\tProtocol:\t\t6\r\n\r\nFilter Information:\r\n\tFilter Run-Time ID:\t0\r\n\tLayer Name:\t\tResource Assignment\r\n\tLayer Run-Time ID:\t36","LayerName":"%%14608","Task":12810,"Severity":"INFO","Keywords":-9214364837600034816,"LayerRTID":"36","@timestamp":"2019-12-05T04:42:42.936Z","EventTime":"2019-12-04 23:42:41","SeverityValue":2,"ProcessID":4,"ThreadID":6448,"Opcode":"Info","Protocol":"6","SourceModuleType":"im_msvistalog","Hostname":"ACCT001.shire.com","SourceModuleName":"eventlog","FilterRTID":"0","@version":"1"}
{"Version":1,"EventReceivedTime":"2019-12-04 23:42:42","SourceAddress":"172.18.39.100","type":"nxlog-mordor","DestPort":"5985","host":"ip-172-18-39-102.ec2.internal","Channel":"security","RemoteMachineID":"S-1-0-0","RecordNumber":25360,"Category":"Filtering Platform Connection","port":49730,"ProviderGuid":"{54849625-5478-4994-A5BA-3E3B0328C30D}","Application":"\\device\\harddiskvolume2\\windows\\system32\\svchost.exe","EventID":5156,"EventType":"AUDIT_SUCCESS","Direction":"%%14593","DestAddress":"172.18.39.102","SourcePort":"51520","SourceName":"Microsoft-Windows-Security-Auditing","OpcodeValue":0,"Message":"The Windows Filtering Platform has permitted a connection.\r\n\r\nApplication Information:\r\n\tProcess ID:\t\t3204\r\n\tApplication Name:\t\\device\\harddiskvolume2\\windows\\system32\\svchost.exe\r\n\r\nNetwork Information:\r\n\tDirection:\t\tOutbound\r\n\tSource Address:\t\t172.18.39.100\r\n\tSource Port:\t\t51520\r\n\tDestination Address:\t172.18.39.102\r\n\tDestination Port:\t\t5985\r\n\tProtocol:\t\t6\r\n\r\nFilter Information:\r\n\tFilter Run-Time ID:\t67260\r\n\tLayer Name:\t\tConnect\r\n\tLayer Run-Time ID:\t48","LayerName":"%%14611","Task":12810,"Severity":"INFO","Keywords":-9214364837600034816,"LayerRTID":"48","@timestamp":"2019-12-05T04:42:42.936Z","EventTime":"2019-12-04 23:42:41","SeverityValue":2,"ProcessID":4,"ThreadID":6448,"Opcode":"Info","Protocol":"6","RemoteUserID":"S-1-0-0","SourceModuleType":"im_msvistalog","Hostname":"ACCT001.shire.com","SourceModuleName":"eventlog","FilterRTID":"67260","@version":"1"}
{"Version":0,"EventReceivedTime":"2019-12-04 23:42:42","SourceAddress":"0.0.0.0","type":"nxlog-mordor","host":"ip-172-18-39-102.ec2.internal","Channel":"security","RecordNumber":25364,"Category":"Filtering Platform Connection","port":49730,"ProviderGuid":"{54849625-5478-4994-A5BA-3E3B0328C30D}","Application":"\\device\\harddiskvolume2\\windows\\system32\\svchost.exe","EventID":5158,"EventType":"AUDIT_SUCCESS","SourcePort":"51523","SourceName":"Microsoft-Windows-Security-Auditing","OpcodeValue":0,"Message":"The Windows Filtering Platform has permitted a bind to a local port.\r\n\r\nApplication Information:\r\n\tProcess ID:\t\t3204\r\n\tApplication Name:\t\\device\\harddiskvolume2\\windows\\system32\\svchost.exe\r\n\r\nNetwork Information:\r\n\tSource Address:\t\t0.0.0.0\r\n\tSource Port:\t\t51523\r\n\tProtocol:\t\t6\r\n\r\nFilter Information:\r\n\tFilter Run-Time ID:\t0\r\n\tLayer Name:\t\tResource Assignment\r\n\tLayer Run-Time ID:\t36","LayerName":"%%14608","Task":12810,"Severity":"INFO","Keywords":-9214364837600034816,"LayerRTID":"36","@timestamp":"2019-12-05T04:42:42.938Z","EventTime":"2019-12-04 23:42:41","SeverityValue":2,"ProcessID":4,"ThreadID":6448,"Opcode":"Info","Protocol":"6","SourceModuleType":"im_msvistalog","Hostname":"ACCT001.shire.com","SourceModuleName":"eventlog","FilterRTID":"0","@version":"1"}
{"Version":1,"EventReceivedTime":"2019-12-04 23:42:42","Image":"C:\\Windows\\System32\\svchost.exe","type":"nxlog-mordor","host":"ip-172-18-39-102.ec2.internal","Channel":"Microsoft-Windows-Sysmon/Operational","RecordNumber":102419,"port":49730,"ProviderGuid":"{5770385F-C22A-43E0-BF4C-06F5698FFBD9}","EventID":18,"EventType":"INFO","PipeName":"\\lsass","UtcTime":"2019-12-05 04:42:41.447","UserID":"S-1-5-18","ProcessGuid":"{d14e8c55-47b9-5de8-0000-001069330100}","SourceName":"Microsoft-Windows-Sysmon","Domain":"NT AUTHORITY","AccountType":"User","OpcodeValue":0,"Message":"Pipe Connected:\r\nRuleName: \r\nEventType: ConnectPipe\r\nUtcTime: 2019-12-05 04:42:41.447\r\nProcessGuid: {d14e8c55-47b9-5de8-0000-001069330100}\r\nProcessId: 1960\r\nPipeName: \\lsass\r\nImage: C:\\Windows\\System32\\svchost.exe","Task":18,"Severity":"INFO","Keywords":-9223372036854775808,"@timestamp":"2019-12-05T04:42:42.934Z","EventTime":"2019-12-04 23:42:41","SeverityValue":2,"ProcessID":2644,"ThreadID":3664,"AccountName":"SYSTEM","SourceModuleType":"im_msvistalog","Hostname":"HFDC01.shire.com","SourceModuleName":"eventlog","@version":"1"}
{"Version":0,"EventReceivedTime":"2019-12-04 23:42:42","SourceAddress":"0.0.0.0","type":"nxlog-mordor","host":"ip-172-18-39-102.ec2.internal","Channel":"security","RecordNumber":25353,"Category":"Filtering Platform Connection","port":49730,"ProviderGuid":"{54849625-5478-4994-A5BA-3E3B0328C30D}","Application":"\\device\\harddiskvolume2\\windows\\system32\\svchost.exe","EventID":5158,"EventType":"AUDIT_SUCCESS","SourcePort":"51517","SourceName":"Microsoft-Windows-Security-Auditing","OpcodeValue":0,"Message":"The Windows Filtering Platform has permitted a bind to a local port.\r\n\r\nApplication Information:\r\n\tProcess ID:\t\t3204\r\n\tApplication Name:\t\\device\\harddiskvolume2\\windows\\system32\\svchost.exe\r\n\r\nNetwork Information:\r\n\tSource Address:\t\t0.0.0.0\r\n\tSource Port:\t\t51517\r\n\tProtocol:\t\t6\r\n\r\nFilter Information:\r\n\tFilter Run-Time ID:\t0\r\n\tLayer Name:\t\tResource Assignment\r\n\tLayer Run-Time ID:\t36","LayerName":"%%14608","Task":12810,"Severity":"INFO","Keywords":-9214364837600034816,"LayerRTID":"36","@timestamp":"2019-12-05T04:42:42.935Z","EventTime":"2019-12-04 23:42:41","SeverityValue":2,"ProcessID":4,"ThreadID":6448,"Opcode":"Info","Protocol":"6","SourceModuleType":"im_msvistalog","Hostname":"ACCT001.shire.com","SourceModuleName":"eventlog","FilterRTID":"0","@version":"1"}
{"Version":1,"EventReceivedTime":"2019-12-04 23:42:42","SourceAddress":"172.18.39.100","type":"nxlog-mordor","DestPort":"5985","host":"ip-172-18-39-102.ec2.internal","Channel":"security","RemoteMachineID":"S-1-0-0","RecordNumber":25357,"Category":"Filtering Platform Connection","port":49730,"ProviderGuid":"{54849625-5478-4994-A5BA-3E3B0328C30D}","Application":"\\device\\harddiskvolume2\\windows\\system32\\svchost.exe","EventID":5156,"EventType":"AUDIT_SUCCESS","Direction":"%%14593","DestAddress":"172.18.39.102","SourcePort":"51518","SourceName":"Microsoft-Windows-Security-Auditing","OpcodeValue":0,"Message":"The Windows Filtering Platform has permitted a connection.\r\n\r\nApplication Information:\r\n\tProcess ID:\t\t3204\r\n\tApplication Name:\t\\device\\harddiskvolume2\\windows\\system32\\svchost.exe\r\n\r\nNetwork Information:\r\n\tDirection:\t\tOutbound\r\n\tSource Address:\t\t172.18.39.100\r\n\tSource Port:\t\t51518\r\n\tDestination Address:\t172.18.39.102\r\n\tDestination Port:\t\t5985\r\n\tProtocol:\t\t6\r\n\r\nFilter Information:\r\n\tFilter Run-Time ID:\t67260\r\n\tLayer Name:\t\tConnect\r\n\tLayer Run-Time ID:\t48","LayerName":"%%14611","Task":12810,"Severity":"INFO","Keywords":-9214364837600034816,"LayerRTID":"48","@timestamp":"2019-12-05T04:42:42.936Z","EventTime":"2019-12-04 23:42:41","SeverityValue":2,"ProcessID":4,"ThreadID":6448,"Opcode":"Info","Protocol":"6","RemoteUserID":"S-1-0-0","SourceModuleType":"im_msvistalog","Hostname":"ACCT001.shire.com","SourceModuleName":"eventlog","FilterRTID":"67260","@version":"1"}
{"Version":0,"EventReceivedTime":"2019-12-04 23:42:42","SourceAddress":"0.0.0.0","type":"nxlog-mordor","host":"ip-172-18-39-102.ec2.internal","Channel":"security","RecordNumber":25361,"Category":"Filtering Platform Connection","port":49730,"ProviderGuid":"{54849625-5478-4994-A5BA-3E3B0328C30D}","Application":"\\device\\harddiskvolume2\\windows\\system32\\svchost.exe","EventID":5158,"EventType":"AUDIT_SUCCESS","SourcePort":"51521","SourceName":"Microsoft-Windows-Security-Auditing","OpcodeValue":0,"Message":"The Windows Filtering Platform has permitted a bind to a local port.\r\n\r\nApplication Information:\r\n\tProcess ID:\t\t3204\r\n\tApplication Name:\t\\device\\harddiskvolume2\\windows\\system32\\svchost.exe\r\n\r\nNetwork Information:\r\n\tSource Address:\t\t0.0.0.0\r\n\tSource Port:\t\t51521\r\n\tProtocol:\t\t6\r\n\r\nFilter Information:\r\n\tFilter Run-Time ID:\t0\r\n\tLayer Name:\t\tResource Assignment\r\n\tLayer Run-Time ID:\t36","LayerName":"%%14608","Task":12810,"Severity":"INFO","Keywords":-9214364837600034816,"LayerRTID":"36","@timestamp":"2019-12-05T04:42:42.937Z","EventTime":"2019-12-04 23:42:41","SeverityValue":2,"ProcessID":4,"ThreadID":6448,"Opcode":"Info","Protocol":"6","SourceModuleType":"im_msvistalog","Hostname":"ACCT001.shire.com","SourceModuleName":"eventlog","FilterRTID":"0","@version":"1"}
{"Version":1,"EventReceivedTime":"2019-12-04 23:42:42","SourceAddress":"172.18.39.100","type":"nxlog-mordor","DestPort":"5985","host":"ip-172-18-39-102.ec2.internal","Channel":"security","RemoteMachineID":"S-1-0-0","RecordNumber":25365,"Category":"Filtering Platform Connection","port":49730,"ProviderGuid":"{54849625-5478-4994-A5BA-3E3B0328C30D}","Application":"\\device\\harddiskvolume2\\windows\\system32\\svchost.exe","EventID":5156,"EventType":"AUDIT_SUCCESS","Direction":"%%14593","DestAddress":"172.18.39.102","SourcePort":"51523","SourceName":"Microsoft-Windows-Security-Auditing","OpcodeValue":0,"Message":"The Windows Filtering Platform has permitted a connection.\r\n\r\nApplication Information:\r\n\tProcess ID:\t\t3204\r\n\tApplication Name:\t\\device\\harddiskvolume2\\windows\\system32\\svchost.exe\r\n\r\nNetwork Information:\r\n\tDirection:\t\tOutbound\r\n\tSource Address:\t\t172.18.39.100\r\n\tSource Port:\t\t51523\r\n\tDestination Address:\t172.18.39.102\r\n\tDestination Port:\t\t5985\r\n\tProtocol:\t\t6\r\n\r\nFilter Information:\r\n\tFilter Run-Time ID:\t67260\r\n\tLayer Name:\t\tConnect\r\n\tLayer Run-Time ID:\t48","LayerName":"%%14611","Task":12810,"Severity":"INFO","Keywords":-9214364837600034816,"LayerRTID":"48","@timestamp":"2019-12-05T04:42:42.938Z","EventTime":"2019-12-04 23:42:41","SeverityValue":2,"ProcessID":4,"ThreadID":6448,"Opcode":"Info","Protocol":"6","RemoteUserID":"S-1-0-0","SourceModuleType":"im_msvistalog","Hostname":"ACCT001.shire.com","SourceModuleName":"eventlog","FilterRTID":"67260","@version":"1"}
{"Version":0,"EventReceivedTime":"2019-12-04 23:42:43","SourceAddress":"0.0.0.0","type":"nxlog-mordor","host":"ip-172-18-39-102.ec2.internal","Channel":"security","RecordNumber":25367,"Category":"Filtering Platform Connection","port":49730,"ProviderGuid":"{54849625-5478-4994-A5BA-3E3B0328C30D}","Application":"\\device\\harddiskvolume2\\windows\\system32\\svchost.exe","EventID":5158,"EventType":"AUDIT_SUCCESS","SourcePort":"51524","SourceName":"Microsoft-Windows-Security-Auditing","OpcodeValue":0,"Message":"The Windows Filtering Platform has permitted a bind to a local port.\r\n\r\nApplication Information:\r\n\tProcess ID:\t\t3204\r\n\tApplication Name:\t\\device\\harddiskvolume2\\windows\\system32\\svchost.exe\r\n\r\nNetwork Information:\r\n\tSource Address:\t\t0.0.0.0\r\n\tSource Port:\t\t51524\r\n\tProtocol:\t\t6\r\n\r\nFilter Information:\r\n\tFilter Run-Time ID:\t0\r\n\tLayer Name:\t\tResource Assignment\r\n\tLayer Run-Time ID:\t36","LayerName":"%%14608","Task":12810,"Severity":"INFO","Keywords":-9214364837600034816,"LayerRTID":"36","@timestamp":"2019-12-05T04:42:43.950Z","EventTime":"2019-12-04 23:42:41","SeverityValue":2,"ProcessID":4,"ThreadID":6448,"Opcode":"Info","Protocol":"6","SourceModuleType":"im_msvistalog","Hostname":"ACCT001.shire.com","SourceModuleName":"eventlog","FilterRTID":"0","@version":"1"}
{"Version":1,"EventReceivedTime":"2019-12-04 23:42:43","SourceAddress":"172.18.39.100","type":"nxlog-mordor","DestPort":"5985","host":"ip-172-18-39-102.ec2.internal","Channel":"security","RemoteMachineID":"S-1-0-0","RecordNumber":25369,"Category":"Filtering Platform Connection","port":49730,"ProviderGuid":"{54849625-5478-4994-A5BA-3E3B0328C30D}","Application":"\\device\\harddiskvolume2\\windows\\system32\\svchost.exe","EventID":5156,"EventType":"AUDIT_SUCCESS","Direction":"%%14593","DestAddress":"172.18.39.102","SourcePort":"51525","SourceName":"Microsoft-Windows-Security-Auditing","OpcodeValue":0,"Message":"The Windows Filtering Platform has permitted a connection.\r\n\r\nApplication Information:\r\n\tProcess ID:\t\t3204\r\n\tApplication Name:\t\\device\\harddiskvolume2\\windows\\system32\\svchost.exe\r\n\r\nNetwork Information:\r\n\tDirection:\t\tOutbound\r\n\tSource Address:\t\t172.18.39.100\r\n\tSource Port:\t\t51525\r\n\tDestination Address:\t172.18.39.102\r\n\tDestination Port:\t\t5985\r\n\tProtocol:\t\t6\r\n\r\nFilter Information:\r\n\tFilter Run-Time ID:\t67260\r\n\tLayer Name:\t\tConnect\r\n\tLayer Run-Time ID:\t48","LayerName":"%%14611","Task":12810,"Severity":"INFO","Keywords":-9214364837600034816,"LayerRTID":"48","@timestamp":"2019-12-05T04:42:43.950Z","EventTime":"2019-12-04 23:42:41","SeverityValue":2,"ProcessID":4,"ThreadID":6448,"Opcode":"Info","Protocol":"6","RemoteUserID":"S-1-0-0","SourceModuleType":"im_msvistalog","Hostname":"ACCT001.shire.com","SourceModuleName":"eventlog","FilterRTID":"67260","@version":"1"}
{"Version":0,"EventReceivedTime":"2019-12-04 23:42:43","SourceAddress":"0.0.0.0","type":"nxlog-mordor","host":"ip-172-18-39-102.ec2.internal","Channel":"security","RecordNumber":25373,"Category":"Filtering Platform Connection","port":49730,"ProviderGuid":"{54849625-5478-4994-A5BA-3E3B0328C30D}","Application":"\\device\\harddiskvolume2\\windows\\system32\\svchost.exe","EventID":5158,"EventType":"AUDIT_SUCCESS","SourcePort":"51527","SourceName":"Microsoft-Windows-Security-Auditing","OpcodeValue":0,"Message":"The Windows Filtering Platform has permitted a bind to a local port.\r\n\r\nApplication Information:\r\n\tProcess ID:\t\t3204\r\n\tApplication Name:\t\\device\\harddiskvolume2\\windows\\system32\\svchost.exe\r\n\r\nNetwork Information:\r\n\tSource Address:\t\t0.0.0.0\r\n\tSource Port:\t\t51527\r\n\tProtocol:\t\t6\r\n\r\nFilter Information:\r\n\tFilter Run-Time ID:\t0\r\n\tLayer Name:\t\tResource Assignment\r\n\tLayer Run-Time ID:\t36","LayerName":"%%14608","Task":12810,"Severity":"INFO","Keywords":-9214364837600034816,"LayerRTID":"36","@timestamp":"2019-12-05T04:42:43.951Z","EventTime":"2019-12-04 23:42:41","SeverityValue":2,"ProcessID":4,"ThreadID":6448,"Opcode":"Info","Protocol":"6","SourceModuleType":"im_msvistalog","Hostname":"ACCT001.shire.com","SourceModuleName":"eventlog","FilterRTID":"0","@version":"1"}
{"Version":0,"EventReceivedTime":"2019-12-04 23:42:43","SourceAddress":"0.0.0.0","type":"nxlog-mordor","host":"ip-172-18-39-102.ec2.internal","Channel":"security","RecordNumber":25377,"Category":"Filtering Platform Connection","port":49730,"ProviderGuid":"{54849625-5478-4994-A5BA-3E3B0328C30D}","Application":"\\device\\harddiskvolume2\\windows\\system32\\svchost.exe","EventID":5158,"EventType":"AUDIT_SUCCESS","SourcePort":"51529","SourceName":"Microsoft-Windows-Security-Auditing","OpcodeValue":0,"Message":"The Windows Filtering Platform has permitted a bind to a local port.\r\n\r\nApplication Information:\r\n\tProcess ID:\t\t3204\r\n\tApplication Name:\t\\device\\harddiskvolume2\\windows\\system32\\svchost.exe\r\n\r\nNetwork Information:\r\n\tSource Address:\t\t0.0.0.0\r\n\tSource Port:\t\t51529\r\n\tProtocol:\t\t6\r\n\r\nFilter Information:\r\n\tFilter Run-Time ID:\t0\r\n\tLayer Name:\t\tResource Assignment\r\n\tLayer Run-Time ID:\t36","LayerName":"%%14608","Task":12810,"Severity":"INFO","Keywords":-9214364837600034816,"LayerRTID":"36","@timestamp":"2019-12-05T04:42:43.951Z","EventTime":"2019-12-04 23:42:41","SeverityValue":2,"ProcessID":4,"ThreadID":6448,"Opcode":"Info","Protocol":"6","SourceModuleType":"im_msvistalog","Hostname":"ACCT001.shire.com","SourceModuleName":"eventlog","FilterRTID":"0","@version":"1"}
