{"@version":"1","EventType":"INFO","AccountType":"User","ThreadID":4208,"Channel":"Microsoft-Windows-Sysmon/Operational","OpcodeValue":0,"OriginalFileName":"kernel32","Hostname":"MORDORDC.theshire.local","@timestamp":"2020-08-06T07:20:18.980Z","ProcessId":"5624","Signed":"true","host":"wec.internal.cloudapp.net","SignatureStatus":"Valid","Severity":"INFO","SeverityValue":2,"Image":"C:\\Windows\\System32\\conhost.exe","SourceModuleType":"im_msvistalog","FileVersion":"10.0.17763.1339 (WinBuild.160101.0800)","Version":3,"Company":"Microsoft Corporation","EventTime":"2020-08-06 03:20:17","Task":7,"Signature":"Microsoft Windows","SourceName":"Microsoft-Windows-Sysmon","Message":"Image loaded:\r\nRuleName: -\r\nUtcTime: 2020-08-06 07:20:17.624\r\nProcessGuid: {9f85ce58-af31-5f2b-1e04-000000000400}\r\nProcessId: 5624\r\nImage: C:\\Windows\\System32\\conhost.exe\r\nImageLoaded: C:\\Windows\\System32\\kernel32.dll\r\nFileVersion: 10.0.17763.1339 (WinBuild.160101.0800)\r\nDescription: Windows NT BASE API Client DLL\r\nProduct: Microsoft® Windows® Operating System\r\nCompany: Microsoft Corporation\r\nOriginalFileName: kernel32\r\nHashes: SHA1=68A1D9FE214BA35D247D87DCDE61701EE2D38005,MD5=D05BB3CC817F7BD602CFBC901711C45A,SHA256=94F8A68B8A0B28F709130EE218D33BBE2E68BD03218BDCD85DD2E83809011087,IMPHASH=5A2DEBB2344B5D6D1E742B407695A348\r\nSigned: true\r\nSignature: Microsoft Windows\r\nSignatureStatus: Valid","SourceModuleName":"eventlog","ImageLoaded":"C:\\Windows\\System32\\kernel32.dll","EventReceivedTime":"2020-08-06 03:20:18","port":60122,"AccountName":"SYSTEM","UtcTime":"2020-08-06 07:20:17.624","Domain":"NT AUTHORITY","ExecutionProcessID":3888,"Hashes":"SHA1=68A1D9FE214BA35D247D87DCDE61701EE2D38005,MD5=D05BB3CC817F7BD602CFBC901711C45A,SHA256=94F8A68B8A0B28F709130EE218D33BBE2E68BD03218BDCD85DD2E83809011087,IMPHASH=5A2DEBB2344B5D6D1E742B407695A348","Description":"Windows NT BASE API Client DLL","UserID":"S-1-5-18","EventID":7,"Product":"Microsoft® Windows® Operating System","ProviderGuid":"{5770385F-C22A-43E0-BF4C-06F5698FFBD9}","RecordNumber":280851,"Keywords":-9223372036854775808,"ProcessGuid":"{9f85ce58-af31-5f2b-1e04-000000000400}","tags":["mordorDataset"],"RuleName":"-"}
{"@version":"1","EventType":"INFO","AccountType":"User","ThreadID":4208,"Channel":"Microsoft-Windows-Sysmon/Operational","OpcodeValue":0,"OriginalFileName":"Kernelbase.dll","Hostname":"MORDORDC.theshire.local","@timestamp":"2020-08-06T07:20:18.980Z","ProcessId":"5624","Signed":"true","host":"wec.internal.cloudapp.net","SignatureStatus":"Valid","Severity":"INFO","SeverityValue":2,"Image":"C:\\Windows\\System32\\conhost.exe","SourceModuleType":"im_msvistalog","FileVersion":"10.0.17763.1339 (WinBuild.160101.0800)","Version":3,"Company":"Microsoft Corporation","EventTime":"2020-08-06 03:20:17","Task":7,"Signature":"Microsoft Windows","SourceName":"Microsoft-Windows-Sysmon","Message":"Image loaded:\r\nRuleName: -\r\nUtcTime: 2020-08-06 07:20:17.624\r\nProcessGuid: {9f85ce58-af31-5f2b-1e04-000000000400}\r\nProcessId: 5624\r\nImage: C:\\Windows\\System32\\conhost.exe\r\nImageLoaded: C:\\Windows\\System32\\KernelBase.dll\r\nFileVersion: 10.0.17763.1339 (WinBuild.160101.0800)\r\nDescription: Windows NT BASE API Client DLL\r\nProduct: Microsoft® Windows® Operating System\r\nCompany: Microsoft Corporation\r\nOriginalFileName: Kernelbase.dll\r\nHashes: SHA1=E8A57EC5E289934C9CF8AB1EF19870137C7A72E9,MD5=73A3BDCA26AA0A0A68BD860A4A881E75,SHA256=A754E7048C36C25F16D4BE216161D9FC3AF64A183423C97ED42F22162370FE9E,IMPHASH=6E4C16603083DB2E2C90D99475D4CBA5\r\nSigned: true\r\nSignature: Microsoft Windows\r\nSignatureStatus: Valid","SourceModuleName":"eventlog","ImageLoaded":"C:\\Windows\\System32\\KernelBase.dll","EventReceivedTime":"2020-08-06 03:20:18","port":60122,"AccountName":"SYSTEM","UtcTime":"2020-08-06 07:20:17.624","Domain":"NT AUTHORITY","ExecutionProcessID":3888,"Hashes":"SHA1=E8A57EC5E289934C9CF8AB1EF19870137C7A72E9,MD5=73A3BDCA26AA0A0A68BD860A4A881E75,SHA256=A754E7048C36C25F16D4BE216161D9FC3AF64A183423C97ED42F22162370FE9E,IMPHASH=6E4C16603083DB2E2C90D99475D4CBA5","Description":"Windows NT BASE API Client DLL","UserID":"S-1-5-18","EventID":7,"Product":"Microsoft® Windows® Operating System","ProviderGuid":"{5770385F-C22A-43E0-BF4C-06F5698FFBD9}","RecordNumber":280852,"Keywords":-9223372036854775808,"ProcessGuid":"{9f85ce58-af31-5f2b-1e04-000000000400}","tags":["mordorDataset"],"RuleName":"-"}
{"SubjectLogonId":"0x3e7","@version":"1","EventType":"AUDIT_SUCCESS","Version":1,"ThreadID":96,"EventTime":"2020-08-06 03:20:17","Task":12801,"ObjectName":"\\REGISTRY\\MACHINE\\SYSTEM\\ControlSet001\\Control\\Lsa","ObjectType":"Key","Channel":"Security","SourceName":"Microsoft-Windows-Security-Auditing","OpcodeValue":0,"Hostname":"MORDORDC.theshire.local","@timestamp":"2020-08-06T07:20:18.980Z","Message":"An attempt was made to access an object.\r\n\r\nSubject:\r\n\tSecurity ID:\t\tS-1-5-18\r\n\tAccount Name:\t\tMORDORDC$\r\n\tAccount Domain:\t\tTHESHIRE\r\n\tLogon ID:\t\t0x3E7\r\n\r\nObject:\r\n\tObject Server:\t\tSecurity\r\n\tObject Type:\t\tKey\r\n\tObject Name:\t\t\\REGISTRY\\MACHINE\\SYSTEM\\ControlSet001\\Control\\Lsa\r\n\tHandle ID:\t\t0x84\r\n\tResource Attributes:\t-\r\n\r\nProcess Information:\r\n\tProcess ID:\t\t0x1318\r\n\tProcess Name:\t\tC:\\Windows\\System32\\cmd.exe\r\n\r\nAccess Request Information:\r\n\tAccesses:\t\tQuery key value\r\n\t\t\t\t\r\n\tAccess Mask:\t\t0x1","Category":"Registry","Opcode":"Info","SubjectDomainName":"THESHIRE","AccessMask":"0x1","SourceModuleName":"eventlog","EventReceivedTime":"2020-08-06 03:20:18","port":60122,"ProcessId":"0x1318","ExecutionProcessID":4,"AccessList":"%%4432\r\n\t\t\t\t","ProcessName":"C:\\Windows\\System32\\cmd.exe","ObjectServer":"Security","ResourceAttributes":"-","host":"wec.internal.cloudapp.net","SubjectUserSid":"S-1-5-18","SubjectUserName":"MORDORDC$","HandleId":"0x84","Severity":"INFO","SeverityValue":2,"EventID":4663,"ProviderGuid":"{54849625-5478-4994-A5BA-3E3B0328C30D}","RecordNumber":325246,"SourceModuleType":"im_msvistalog","Keywords":-9214364837600034816,"tags":["mordorDataset"]}
{"SubjectLogonId":"0x3e7","@version":"1","EventType":"AUDIT_SUCCESS","Version":0,"ThreadID":96,"EventTime":"2020-08-06 03:20:17","Task":12801,"Channel":"Security","SourceName":"Microsoft-Windows-Security-Auditing","OpcodeValue":0,"Hostname":"MORDORDC.theshire.local","@timestamp":"2020-08-06T07:20:18.980Z","Message":"The handle to an object was closed.\r\n\r\nSubject :\r\n\tSecurity ID:\t\tS-1-5-18\r\n\tAccount Name:\t\tMORDORDC$\r\n\tAccount Domain:\t\tTHESHIRE\r\n\tLogon ID:\t\t0x3E7\r\n\r\nObject:\r\n\tObject Server:\t\tSecurity\r\n\tHandle ID:\t\t0x84\r\n\r\nProcess Information:\r\n\tProcess ID:\t\t0x1318\r\n\tProcess Name:\t\tC:\\Windows\\System32\\cmd.exe","Category":"Registry","Opcode":"Info","SubjectDomainName":"THESHIRE","SourceModuleName":"eventlog","ProcessId":"0x1318","EventReceivedTime":"2020-08-06 03:20:18","port":60122,"ExecutionProcessID":4,"ProcessName":"C:\\Windows\\System32\\cmd.exe","ObjectServer":"Security","host":"wec.internal.cloudapp.net","SubjectUserSid":"S-1-5-18","SubjectUserName":"MORDORDC$","HandleId":"0x84","Severity":"INFO","SeverityValue":2,"EventID":4658,"ProviderGuid":"{54849625-5478-4994-A5BA-3E3B0328C30D}","RecordNumber":325247,"SourceModuleType":"im_msvistalog","Keywords":-9214364837600034816,"tags":["mordorDataset"]}
{"tags":["mordorDataset"],"TargetProcessGUID":"{9f85ce58-af31-5f2b-1e04-000000000400}","@version":"1","EventType":"INFO","Version":3,"ThreadID":4208,"EventTime":"2020-08-06 03:20:17","Task":10,"AccountType":"User","SourceProcessGUID":"{9f85ce58-59d8-5f2b-0600-000000000400}","CallTrace":"C:\\windows\\SYSTEM32\\ntdll.dll+a07f4|C:\\windows\\SYSTEM32\\CSRSRV.dll+1c00|C:\\windows\\SYSTEM32\\CSRSRV.dll+631a|C:\\windows\\SYSTEM32\\ntdll.dll+6a27f","Channel":"Microsoft-Windows-Sysmon/Operational","SourceName":"Microsoft-Windows-Sysmon","OpcodeValue":0,"Hostname":"MORDORDC.theshire.local","@timestamp":"2020-08-06T07:20:18.980Z","Message":"Process accessed:\r\nRuleName: -\r\nUtcTime: 2020-08-06 07:20:17.624\r\nSourceProcessGUID: {9f85ce58-59d8-5f2b-0600-000000000400}\r\nSourceProcessId: 492\r\nSourceThreadId: 508\r\nSourceImage: C:\\windows\\system32\\csrss.exe\r\nTargetProcessGUID: {9f85ce58-af31-5f2b-1e04-000000000400}\r\nTargetProcessId: 5624\r\nTargetImage: C:\\windows\\system32\\conhost.exe\r\nGrantedAccess: 0x1FFFFF\r\nCallTrace: C:\\windows\\SYSTEM32\\ntdll.dll+a07f4|C:\\windows\\SYSTEM32\\CSRSRV.dll+1c00|C:\\windows\\SYSTEM32\\CSRSRV.dll+631a|C:\\windows\\SYSTEM32\\ntdll.dll+6a27f","SourceModuleName":"eventlog","ProcessId":"492","SourceImage":"C:\\windows\\system32\\csrss.exe","EventReceivedTime":"2020-08-06 03:20:18","port":60122,"AccountName":"SYSTEM","UtcTime":"2020-08-06 07:20:17.624","GrantedAccess":"0x1fffff","Domain":"NT AUTHORITY","ExecutionProcessID":3888,"host":"wec.internal.cloudapp.net","SourceProcessId":"492","SourceThreadId":"508","Severity":"INFO","TargetProcessId":"5624","SeverityValue":2,"EventID":10,"UserID":"S-1-5-18","ProviderGuid":"{5770385F-C22A-43E0-BF4C-06F5698FFBD9}","RecordNumber":280853,"SourceModuleType":"im_msvistalog","Keywords":-9223372036854775808,"TargetImage":"C:\\windows\\system32\\conhost.exe","RuleName":"-"}
{"SubjectLogonId":"0x3e7","@version":"1","EventType":"AUDIT_SUCCESS","Version":0,"ThreadID":96,"EventTime":"2020-08-06 03:20:18","Task":13313,"Channel":"Security","SourceName":"Microsoft-Windows-Security-Auditing","OpcodeValue":0,"Hostname":"MORDORDC.theshire.local","@timestamp":"2020-08-06T07:20:18.982Z","Message":"A process has exited.\r\n\r\nSubject:\r\n\tSecurity ID:\t\tS-1-5-18\r\n\tAccount Name:\t\tMORDORDC$\r\n\tAccount Domain:\t\tTHESHIRE\r\n\tLogon ID:\t\t0x3E7\r\n\r\nProcess Information:\r\n\tProcess ID:\t0x1318\r\n\tProcess Name:\tC:\\Windows\\System32\\cmd.exe\r\n\tExit Status:\t0x0","Category":"Process Termination","Opcode":"Info","SubjectDomainName":"THESHIRE","SourceModuleName":"eventlog","ProcessId":"0x1318","EventReceivedTime":"2020-08-06 03:20:18","port":60122,"ExecutionProcessID":4,"ProcessName":"C:\\Windows\\System32\\cmd.exe","host":"wec.internal.cloudapp.net","SubjectUserSid":"S-1-5-18","SubjectUserName":"MORDORDC$","Status":"0x0","Severity":"INFO","SeverityValue":2,"EventID":4689,"ProviderGuid":"{54849625-5478-4994-A5BA-3E3B0328C30D}","RecordNumber":325248,"SourceModuleType":"im_msvistalog","Keywords":-9214364837600034816,"tags":["mordorDataset"]}
{"@version":"1","EventType":"INFO","AccountType":"User","ThreadID":4208,"Channel":"Microsoft-Windows-Sysmon/Operational","OpcodeValue":0,"OriginalFileName":"msvcp_win.dll","Hostname":"MORDORDC.theshire.local","@timestamp":"2020-08-06T07:20:18.982Z","ProcessId":"5624","Signed":"true","host":"wec.internal.cloudapp.net","SignatureStatus":"Valid","Severity":"INFO","SeverityValue":2,"Image":"C:\\Windows\\System32\\conhost.exe","SourceModuleType":"im_msvistalog","FileVersion":"10.0.17763.348 (WinBuild.160101.0800)","Version":3,"Company":"Microsoft Corporation","EventTime":"2020-08-06 03:20:17","Task":7,"Signature":"Microsoft Windows","SourceName":"Microsoft-Windows-Sysmon","Message":"Image loaded:\r\nRuleName: -\r\nUtcTime: 2020-08-06 07:20:17.624\r\nProcessGuid: {9f85ce58-af31-5f2b-1e04-000000000400}\r\nProcessId: 5624\r\nImage: C:\\Windows\\System32\\conhost.exe\r\nImageLoaded: C:\\Windows\\System32\\msvcp_win.dll\r\nFileVersion: 10.0.17763.348 (WinBuild.160101.0800)\r\nDescription: Microsoft® C Runtime Library\r\nProduct: Microsoft® Windows® Operating System\r\nCompany: Microsoft Corporation\r\nOriginalFileName: msvcp_win.dll\r\nHashes: SHA1=AFB93DEFC8C6E399EFFC1D99BD719536A59E2510,MD5=967B050DA2325CD7BC8F7B5A3EED70ED,SHA256=2E365914142B4C0F8340594E253E8FA25F452338238B87E7D303AF89D0747D78,IMPHASH=856DC63B3063B927D2B424783B1DB1BF\r\nSigned: true\r\nSignature: Microsoft Windows\r\nSignatureStatus: Valid","SourceModuleName":"eventlog","ImageLoaded":"C:\\Windows\\System32\\msvcp_win.dll","EventReceivedTime":"2020-08-06 03:20:18","port":60122,"AccountName":"SYSTEM","UtcTime":"2020-08-06 07:20:17.624","Domain":"NT AUTHORITY","ExecutionProcessID":3888,"Hashes":"SHA1=AFB93DEFC8C6E399EFFC1D99BD719536A59E2510,MD5=967B050DA2325CD7BC8F7B5A3EED70ED,SHA256=2E365914142B4C0F8340594E253E8FA25F452338238B87E7D303AF89D0747D78,IMPHASH=856DC63B3063B927D2B424783B1DB1BF","Description":"Microsoft® C Runtime Library","UserID":"S-1-5-18","EventID":7,"Product":"Microsoft® Windows® Operating System","ProviderGuid":"{5770385F-C22A-43E0-BF4C-06F5698FFBD9}","RecordNumber":280854,"Keywords":-9223372036854775808,"ProcessGuid":"{9f85ce58-af31-5f2b-1e04-000000000400}","tags":["mordorDataset"],"RuleName":"-"}
{"SubjectLogonId":"0x3e7","@version":"1","EventType":"AUDIT_SUCCESS","Version":0,"ThreadID":96,"EventTime":"2020-08-06 03:20:18","Task":13313,"Channel":"Security","SourceName":"Microsoft-Windows-Security-Auditing","OpcodeValue":0,"Hostname":"MORDORDC.theshire.local","@timestamp":"2020-08-06T07:20:18.982Z","Message":"A process has exited.\r\n\r\nSubject:\r\n\tSecurity ID:\t\tS-1-5-18\r\n\tAccount Name:\t\tMORDORDC$\r\n\tAccount Domain:\t\tTHESHIRE\r\n\tLogon ID:\t\t0x3E7\r\n\r\nProcess Information:\r\n\tProcess ID:\t0x15f8\r\n\tProcess Name:\tC:\\Windows\\System32\\conhost.exe\r\n\tExit Status:\t0x0","Category":"Process Termination","Opcode":"Info","SubjectDomainName":"THESHIRE","SourceModuleName":"eventlog","ProcessId":"0x15f8","EventReceivedTime":"2020-08-06 03:20:18","port":60122,"ExecutionProcessID":4,"ProcessName":"C:\\Windows\\System32\\conhost.exe","host":"wec.internal.cloudapp.net","SubjectUserSid":"S-1-5-18","SubjectUserName":"MORDORDC$","Status":"0x0","Severity":"INFO","SeverityValue":2,"EventID":4689,"ProviderGuid":"{54849625-5478-4994-A5BA-3E3B0328C30D}","RecordNumber":325249,"SourceModuleType":"im_msvistalog","Keywords":-9214364837600034816,"tags":["mordorDataset"]}
{"@version":"1","EventType":"INFO","AccountType":"User","ThreadID":4208,"Channel":"Microsoft-Windows-Sysmon/Operational","OpcodeValue":0,"OriginalFileName":"ucrtbase.dll","Hostname":"MORDORDC.theshire.local","@timestamp":"2020-08-06T07:20:18.982Z","ProcessId":"5624","Signed":"true","host":"wec.internal.cloudapp.net","SignatureStatus":"Valid","Severity":"INFO","SeverityValue":2,"Image":"C:\\Windows\\System32\\conhost.exe","SourceModuleType":"im_msvistalog","FileVersion":"10.0.17763.719 (WinBuild.160101.0800)","Version":3,"Company":"Microsoft Corporation","EventTime":"2020-08-06 03:20:17","Task":7,"Signature":"Microsoft Windows","SourceName":"Microsoft-Windows-Sysmon","Message":"Image loaded:\r\nRuleName: -\r\nUtcTime: 2020-08-06 07:20:17.624\r\nProcessGuid: {9f85ce58-af31-5f2b-1e04-000000000400}\r\nProcessId: 5624\r\nImage: C:\\Windows\\System32\\conhost.exe\r\nImageLoaded: C:\\Windows\\System32\\ucrtbase.dll\r\nFileVersion: 10.0.17763.719 (WinBuild.160101.0800)\r\nDescription: Microsoft® C Runtime Library\r\nProduct: Microsoft® Windows® Operating System\r\nCompany: Microsoft Corporation\r\nOriginalFileName: ucrtbase.dll\r\nHashes: SHA1=E8D72CF9AFDA3AFFB9CB6E5503B4328D38E4989F,MD5=CE45F9FA43823145E4AA401750F079EC,SHA256=73CE83774509898008995C732C7AF667C6BD9FDC5E549BBC82705E443F89EF48,IMPHASH=5AE9A136FAFA10321F3D48251BF4F6A1\r\nSigned: true\r\nSignature: Microsoft Windows\r\nSignatureStatus: Valid","SourceModuleName":"eventlog","ImageLoaded":"C:\\Windows\\System32\\ucrtbase.dll","EventReceivedTime":"2020-08-06 03:20:18","port":60122,"AccountName":"SYSTEM","UtcTime":"2020-08-06 07:20:17.624","Domain":"NT AUTHORITY","ExecutionProcessID":3888,"Hashes":"SHA1=E8D72CF9AFDA3AFFB9CB6E5503B4328D38E4989F,MD5=CE45F9FA43823145E4AA401750F079EC,SHA256=73CE83774509898008995C732C7AF667C6BD9FDC5E549BBC82705E443F89EF48,IMPHASH=5AE9A136FAFA10321F3D48251BF4F6A1","Description":"Microsoft® C Runtime Library","UserID":"S-1-5-18","EventID":7,"Product":"Microsoft® Windows® Operating System","ProviderGuid":"{5770385F-C22A-43E0-BF4C-06F5698FFBD9}","RecordNumber":280855,"Keywords":-9223372036854775808,"ProcessGuid":"{9f85ce58-af31-5f2b-1e04-000000000400}","tags":["mordorDataset"],"RuleName":"-"}
{"@version":"1","EventType":"AUDIT_SUCCESS","Version":0,"ThreadID":1444,"EventTime":"2020-08-06 03:20:18","Task":12810,"SourcePort":"65493","Channel":"Security","SourceName":"Microsoft-Windows-Security-Auditing","OpcodeValue":0,"Hostname":"MORDORDC.theshire.local","@timestamp":"2020-08-06T07:20:18.982Z","Message":"The Windows Filtering Platform has permitted a bind to a local port.\r\n\r\nApplication Information:\r\n\tProcess ID:\t\t4\r\n\tApplication Name:\tSystem\r\n\r\nNetwork Information:\r\n\tSource Address:\t\t::\r\n\tSource Port:\t\t65493\r\n\tProtocol:\t\t6\r\n\r\nFilter Information:\r\n\tFilter Run-Time ID:\t0\r\n\tLayer Name:\t\tResource Assignment\r\n\tLayer Run-Time ID:\t38","Category":"Filtering Platform Connection","Opcode":"Info","SourceModuleName":"eventlog","ProcessId":"4","EventReceivedTime":"2020-08-06 03:20:18","port":60122,"Application":"System","ExecutionProcessID":4,"host":"wec.internal.cloudapp.net","Severity":"INFO","LayerRTID":"38","LayerName":"%%14608","SeverityValue":2,"EventID":5158,"SourceAddress":"::","ProviderGuid":"{54849625-5478-4994-A5BA-3E3B0328C30D}","RecordNumber":325250,"SourceModuleType":"im_msvistalog","Keywords":-9214364837600034816,"FilterRTID":"0","Protocol":"6","tags":["mordorDataset"]}
{"@version":"1","EventType":"INFO","AccountType":"User","ThreadID":4208,"Channel":"Microsoft-Windows-Sysmon/Operational","OpcodeValue":0,"OriginalFileName":"SHCORE.dll","Hostname":"MORDORDC.theshire.local","@timestamp":"2020-08-06T07:20:18.982Z","ProcessId":"5624","Signed":"true","host":"wec.internal.cloudapp.net","SignatureStatus":"Valid","Severity":"INFO","SeverityValue":2,"Image":"C:\\Windows\\System32\\conhost.exe","SourceModuleType":"im_msvistalog","FileVersion":"10.0.17763.1339 (WinBuild.160101.0800)","Version":3,"Company":"Microsoft Corporation","EventTime":"2020-08-06 03:20:17","Task":7,"Signature":"Microsoft Windows","SourceName":"Microsoft-Windows-Sysmon","Message":"Image loaded:\r\nRuleName: -\r\nUtcTime: 2020-08-06 07:20:17.624\r\nProcessGuid: {9f85ce58-af31-5f2b-1e04-000000000400}\r\nProcessId: 5624\r\nImage: C:\\Windows\\System32\\conhost.exe\r\nImageLoaded: C:\\Windows\\System32\\SHCore.dll\r\nFileVersion: 10.0.17763.1339 (WinBuild.160101.0800)\r\nDescription: SHCORE\r\nProduct: Microsoft® Windows® Operating System\r\nCompany: Microsoft Corporation\r\nOriginalFileName: SHCORE.dll\r\nHashes: SHA1=AD7BB364F35E4F2A841EEE6E5C6280DEF514F6B2,MD5=F818375CF02A494111B6A5B440AB6245,SHA256=2B4305A3D5081358F5ED23E561133A0215CED05D3D6D55A61FE50D5EC0308EC7,IMPHASH=2C4CB476A1713ADF312799FAB977C9E4\r\nSigned: true\r\nSignature: Microsoft Windows\r\nSignatureStatus: Valid","SourceModuleName":"eventlog","ImageLoaded":"C:\\Windows\\System32\\SHCore.dll","EventReceivedTime":"2020-08-06 03:20:18","port":60122,"AccountName":"SYSTEM","UtcTime":"2020-08-06 07:20:17.624","Domain":"NT AUTHORITY","ExecutionProcessID":3888,"Hashes":"SHA1=AD7BB364F35E4F2A841EEE6E5C6280DEF514F6B2,MD5=F818375CF02A494111B6A5B440AB6245,SHA256=2B4305A3D5081358F5ED23E561133A0215CED05D3D6D55A61FE50D5EC0308EC7,IMPHASH=2C4CB476A1713ADF312799FAB977C9E4","Description":"SHCORE","UserID":"S-1-5-18","EventID":7,"Product":"Microsoft® Windows® Operating System","ProviderGuid":"{5770385F-C22A-43E0-BF4C-06F5698FFBD9}","RecordNumber":280856,"Keywords":-9223372036854775808,"ProcessGuid":"{9f85ce58-af31-5f2b-1e04-000000000400}","tags":["mordorDataset"],"RuleName":"-"}
{"@version":"1","EventType":"INFO","AccountType":"User","ThreadID":4208,"Channel":"Microsoft-Windows-Sysmon/Operational","OpcodeValue":0,"OriginalFileName":"msvcrt.dll","Hostname":"MORDORDC.theshire.local","@timestamp":"2020-08-06T07:20:18.982Z","ProcessId":"5624","Signed":"true","host":"wec.internal.cloudapp.net","SignatureStatus":"Valid","Severity":"INFO","SeverityValue":2,"Image":"C:\\Windows\\System32\\conhost.exe","SourceModuleType":"im_msvistalog","FileVersion":"7.0.17763.475 (WinBuild.160101.0800)","Version":3,"Company":"Microsoft Corporation","EventTime":"2020-08-06 03:20:17","Task":7,"Signature":"Microsoft Windows","SourceName":"Microsoft-Windows-Sysmon","Message":"Image loaded:\r\nRuleName: -\r\nUtcTime: 2020-08-06 07:20:17.624\r\nProcessGuid: {9f85ce58-af31-5f2b-1e04-000000000400}\r\nProcessId: 5624\r\nImage: C:\\Windows\\System32\\conhost.exe\r\nImageLoaded: C:\\Windows\\System32\\msvcrt.dll\r\nFileVersion: 7.0.17763.475 (WinBuild.160101.0800)\r\nDescription: Windows NT CRT DLL\r\nProduct: Microsoft® Windows® Operating System\r\nCompany: Microsoft Corporation\r\nOriginalFileName: msvcrt.dll\r\nHashes: SHA1=ECA51F7D37874CF1029BC2FE3B0CF0E8CDF71E8E,MD5=DD0349151478B48FFCE769B50F8CDD33,SHA256=39095FE07AC2E244E2180C58BEC2898A0986DDA2BD2ABBC4F739D11E67720F2E,IMPHASH=1273683626EBBA703979F188A1E64237\r\nSigned: true\r\nSignature: Microsoft Windows\r\nSignatureStatus: Valid","SourceModuleName":"eventlog","ImageLoaded":"C:\\Windows\\System32\\msvcrt.dll","EventReceivedTime":"2020-08-06 03:20:18","port":60122,"AccountName":"SYSTEM","UtcTime":"2020-08-06 07:20:17.624","Domain":"NT AUTHORITY","ExecutionProcessID":3888,"Hashes":"SHA1=ECA51F7D37874CF1029BC2FE3B0CF0E8CDF71E8E,MD5=DD0349151478B48FFCE769B50F8CDD33,SHA256=39095FE07AC2E244E2180C58BEC2898A0986DDA2BD2ABBC4F739D11E67720F2E,IMPHASH=1273683626EBBA703979F188A1E64237","Description":"Windows NT CRT DLL","UserID":"S-1-5-18","EventID":7,"Product":"Microsoft® Windows® Operating System","ProviderGuid":"{5770385F-C22A-43E0-BF4C-06F5698FFBD9}","RecordNumber":280857,"Keywords":-9223372036854775808,"ProcessGuid":"{9f85ce58-af31-5f2b-1e04-000000000400}","tags":["mordorDataset"],"RuleName":"-"}
{"tags":["mordorDataset"],"@version":"1","EventType":"AUDIT_SUCCESS","Version":1,"ThreadID":1444,"EventTime":"2020-08-06 03:20:18","Task":12810,"DestAddress":"fe80::3816:b2ee:1b9b:324b","SourcePort":"65493","Channel":"Security","SourceName":"Microsoft-Windows-Security-Auditing","OpcodeValue":0,"Hostname":"MORDORDC.theshire.local","@timestamp":"2020-08-06T07:20:18.983Z","Message":"The Windows Filtering Platform has permitted a connection.\r\n\r\nApplication Information:\r\n\tProcess ID:\t\t4\r\n\tApplication Name:\tSystem\r\n\r\nNetwork Information:\r\n\tDirection:\t\tOutbound\r\n\tSource Address:\t\tfe80::3816:b2ee:1b9b:324b\r\n\tSource Port:\t\t65493\r\n\tDestination Address:\tfe80::3816:b2ee:1b9b:324b\r\n\tDestination Port:\t\t445\r\n\tProtocol:\t\t6\r\n\r\nFilter Information:\r\n\tFilter Run-Time ID:\t65853\r\n\tLayer Name:\t\tConnect\r\n\tLayer Run-Time ID:\t50","Category":"Filtering Platform Connection","Opcode":"Info","SourceModuleName":"eventlog","ProcessId":"4","EventReceivedTime":"2020-08-06 03:20:18","port":60122,"Application":"System","ExecutionProcessID":4,"Direction":"%%14593","RemoteMachineID":"S-1-0-0","host":"wec.internal.cloudapp.net","DestPort":"445","Severity":"INFO","LayerRTID":"50","LayerName":"%%14611","SeverityValue":2,"EventID":5156,"SourceAddress":"fe80::3816:b2ee:1b9b:324b","ProviderGuid":"{54849625-5478-4994-A5BA-3E3B0328C30D}","RecordNumber":325251,"SourceModuleType":"im_msvistalog","Keywords":-9214364837600034816,"FilterRTID":"65853","Protocol":"6","RemoteUserID":"S-1-0-0"}
{"tags":["mordorDataset"],"@version":"1","EventType":"AUDIT_SUCCESS","Version":1,"ThreadID":1444,"EventTime":"2020-08-06 03:20:18","Task":12810,"DestAddress":"fe80::3816:b2ee:1b9b:324b","SourcePort":"65493","Channel":"Security","SourceName":"Microsoft-Windows-Security-Auditing","OpcodeValue":0,"Hostname":"MORDORDC.theshire.local","@timestamp":"2020-08-06T07:20:18.983Z","Message":"The Windows Filtering Platform has permitted a connection.\r\n\r\nApplication Information:\r\n\tProcess ID:\t\t4\r\n\tApplication Name:\tSystem\r\n\r\nNetwork Information:\r\n\tDirection:\t\tInbound\r\n\tSource Address:\t\tfe80::3816:b2ee:1b9b:324b\r\n\tSource Port:\t\t65493\r\n\tDestination Address:\tfe80::3816:b2ee:1b9b:324b\r\n\tDestination Port:\t\t445\r\n\tProtocol:\t\t6\r\n\r\nFilter Information:\r\n\tFilter Run-Time ID:\t65851\r\n\tLayer Name:\t\tReceive/Accept\r\n\tLayer Run-Time ID:\t46","Category":"Filtering Platform Connection","Opcode":"Info","SourceModuleName":"eventlog","ProcessId":"4","EventReceivedTime":"2020-08-06 03:20:18","port":60122,"Application":"System","ExecutionProcessID":4,"Direction":"%%14592","RemoteMachineID":"S-1-0-0","host":"wec.internal.cloudapp.net","DestPort":"445","Severity":"INFO","LayerRTID":"46","LayerName":"%%14610","SeverityValue":2,"EventID":5156,"SourceAddress":"fe80::3816:b2ee:1b9b:324b","ProviderGuid":"{54849625-5478-4994-A5BA-3E3B0328C30D}","RecordNumber":325252,"SourceModuleType":"im_msvistalog","Keywords":-9214364837600034816,"FilterRTID":"65851","Protocol":"6","RemoteUserID":"S-1-0-0"}
{"@version":"1","EventType":"INFO","AccountType":"User","ThreadID":4208,"Channel":"Microsoft-Windows-Sysmon/Operational","OpcodeValue":0,"OriginalFileName":"rpcrt4.dll","Hostname":"MORDORDC.theshire.local","@timestamp":"2020-08-06T07:20:18.983Z","ProcessId":"5624","Signed":"true","host":"wec.internal.cloudapp.net","SignatureStatus":"Valid","Severity":"INFO","SeverityValue":2,"Image":"C:\\Windows\\System32\\conhost.exe","SourceModuleType":"im_msvistalog","FileVersion":"10.0.17763.864 (WinBuild.160101.0800)","Version":3,"Company":"Microsoft Corporation","EventTime":"2020-08-06 03:20:17","Task":7,"Signature":"Microsoft Windows","SourceName":"Microsoft-Windows-Sysmon","Message":"Image loaded:\r\nRuleName: -\r\nUtcTime: 2020-08-06 07:20:17.624\r\nProcessGuid: {9f85ce58-af31-5f2b-1e04-000000000400}\r\nProcessId: 5624\r\nImage: C:\\Windows\\System32\\conhost.exe\r\nImageLoaded: C:\\Windows\\System32\\rpcrt4.dll\r\nFileVersion: 10.0.17763.864 (WinBuild.160101.0800)\r\nDescription: Remote Procedure Call Runtime\r\nProduct: Microsoft® Windows® Operating System\r\nCompany: Microsoft Corporation\r\nOriginalFileName: rpcrt4.dll\r\nHashes: SHA1=D71E2557D4A125514794871DC51047E039A05651,MD5=9699096051EBD27FF96F80D3615C2F7D,SHA256=116AA6DF4D985F5E2D989DFE594D96DAA7555AA3D8B68322F00BCD21667EAB95,IMPHASH=88E7E7C7FA90052EC162DD37F2B7C7BD\r\nSigned: true\r\nSignature: Microsoft Windows\r\nSignatureStatus: Valid","SourceModuleName":"eventlog","ImageLoaded":"C:\\Windows\\System32\\rpcrt4.dll","EventReceivedTime":"2020-08-06 03:20:18","port":60122,"AccountName":"SYSTEM","UtcTime":"2020-08-06 07:20:17.624","Domain":"NT AUTHORITY","ExecutionProcessID":3888,"Hashes":"SHA1=D71E2557D4A125514794871DC51047E039A05651,MD5=9699096051EBD27FF96F80D3615C2F7D,SHA256=116AA6DF4D985F5E2D989DFE594D96DAA7555AA3D8B68322F00BCD21667EAB95,IMPHASH=88E7E7C7FA90052EC162DD37F2B7C7BD","Description":"Remote Procedure Call Runtime","UserID":"S-1-5-18","EventID":7,"Product":"Microsoft® Windows® Operating System","ProviderGuid":"{5770385F-C22A-43E0-BF4C-06F5698FFBD9}","RecordNumber":280858,"Keywords":-9223372036854775808,"ProcessGuid":"{9f85ce58-af31-5f2b-1e04-000000000400}","tags":["mordorDataset"],"RuleName":"-"}
{"SubjectLogonId":"0x3e4","@version":"1","EventType":"AUDIT_SUCCESS","Version":1,"ThreadID":328,"EventTime":"2020-08-06 03:20:18","Task":12808,"ObjectType":"File","Channel":"Security","SourceName":"Microsoft-Windows-Security-Auditing","OpcodeValue":0,"Hostname":"MORDORDC.theshire.local","@timestamp":"2020-08-06T07:20:18.983Z","Message":"A network share object was accessed.\r\n\t\r\nSubject:\r\n\tSecurity ID:\t\tS-1-5-20\r\n\tAccount Name:\t\tMORDORDC$\r\n\tAccount Domain:\t\tTHESHIRE\r\n\tLogon ID:\t\t0x3E4\r\n\r\nNetwork Information:\t\r\n\tObject Type:\t\tFile\r\n\tSource Address:\t\tfe80::3816:b2ee:1b9b:324b\r\n\tSource Port:\t\t65493\r\n\t\r\nShare Information:\r\n\tShare Name:\t\t\\\\*\\IPC$\r\n\tShare Path:\t\t\r\n\r\nAccess Request Information:\r\n\tAccess Mask:\t\t0x1\r\n\tAccesses:\t\tReadData (or ListDirectory)\r\n\t\t\t\t\r\n","Category":"File Share","Opcode":"Info","SubjectDomainName":"THESHIRE","AccessMask":"0x1","SourceModuleName":"eventlog","IpPort":"65493","port":60122,"EventReceivedTime":"2020-08-06 03:20:18","IpAddress":"fe80::3816:b2ee:1b9b:324b","ExecutionProcessID":4,"AccessList":"%%4416\r\n\t\t\t\t","host":"wec.internal.cloudapp.net","SubjectUserSid":"S-1-5-20","SubjectUserName":"MORDORDC$","ShareName":"\\\\*\\IPC$","Severity":"INFO","SeverityValue":2,"EventID":5140,"ProviderGuid":"{54849625-5478-4994-A5BA-3E3B0328C30D}","RecordNumber":325253,"SourceModuleType":"im_msvistalog","Keywords":-9214364837600034816,"tags":["mordorDataset"]}
{"@version":"1","EventType":"INFO","AccountType":"User","ThreadID":4208,"Channel":"Microsoft-Windows-Sysmon/Operational","OpcodeValue":0,"OriginalFileName":"COMBASE.DLL","Hostname":"MORDORDC.theshire.local","@timestamp":"2020-08-06T07:20:18.984Z","ProcessId":"5624","Signed":"true","host":"wec.internal.cloudapp.net","SignatureStatus":"Valid","Severity":"INFO","SeverityValue":2,"Image":"C:\\Windows\\System32\\conhost.exe","SourceModuleType":"im_msvistalog","FileVersion":"10.0.17763.1282 (WinBuild.160101.0800)","Version":3,"Company":"Microsoft Corporation","EventTime":"2020-08-06 03:20:17","Task":7,"Signature":"Microsoft Windows","SourceName":"Microsoft-Windows-Sysmon","Message":"Image loaded:\r\nRuleName: -\r\nUtcTime: 2020-08-06 07:20:17.624\r\nProcessGuid: {9f85ce58-af31-5f2b-1e04-000000000400}\r\nProcessId: 5624\r\nImage: C:\\Windows\\System32\\conhost.exe\r\nImageLoaded: C:\\Windows\\System32\\combase.dll\r\nFileVersion: 10.0.17763.1282 (WinBuild.160101.0800)\r\nDescription: Microsoft COM for Windows\r\nProduct: Microsoft® Windows® Operating System\r\nCompany: Microsoft Corporation\r\nOriginalFileName: COMBASE.DLL\r\nHashes: SHA1=FBE00DD00A37B43B06EFE2C1CDE3F2992B314F4F,MD5=375B06A164C86042D20AFBCCE470C3E1,SHA256=401BB487A2B1E5DD2B9880147415B20CC79640FEB72EB40B99B37F0BC431296E,IMPHASH=6227A283EC0EEFEF0EBEDC9A50BD42F5\r\nSigned: true\r\nSignature: Microsoft Windows\r\nSignatureStatus: Valid","SourceModuleName":"eventlog","ImageLoaded":"C:\\Windows\\System32\\combase.dll","EventReceivedTime":"2020-08-06 03:20:18","port":60122,"AccountName":"SYSTEM","UtcTime":"2020-08-06 07:20:17.624","Domain":"NT AUTHORITY","ExecutionProcessID":3888,"Hashes":"SHA1=FBE00DD00A37B43B06EFE2C1CDE3F2992B314F4F,MD5=375B06A164C86042D20AFBCCE470C3E1,SHA256=401BB487A2B1E5DD2B9880147415B20CC79640FEB72EB40B99B37F0BC431296E,IMPHASH=6227A283EC0EEFEF0EBEDC9A50BD42F5","Description":"Microsoft COM for Windows","UserID":"S-1-5-18","EventID":7,"Product":"Microsoft® Windows® Operating System","ProviderGuid":"{5770385F-C22A-43E0-BF4C-06F5698FFBD9}","RecordNumber":280859,"Keywords":-9223372036854775808,"ProcessGuid":"{9f85ce58-af31-5f2b-1e04-000000000400}","tags":["mordorDataset"],"RuleName":"-"}
{"@version":"1","EventType":"INFO","AccountType":"User","ThreadID":4208,"Channel":"Microsoft-Windows-Sysmon/Operational","OpcodeValue":0,"OriginalFileName":"bcryptprimitives.dll","Hostname":"MORDORDC.theshire.local","@timestamp":"2020-08-06T07:20:18.984Z","ProcessId":"5624","Signed":"true","host":"wec.internal.cloudapp.net","SignatureStatus":"Valid","Severity":"INFO","SeverityValue":2,"Image":"C:\\Windows\\System32\\conhost.exe","SourceModuleType":"im_msvistalog","FileVersion":"10.0.17763.1217 (WinBuild.160101.0800)","Version":3,"Company":"Microsoft Corporation","EventTime":"2020-08-06 03:20:17","Task":7,"Signature":"Microsoft Windows","SourceName":"Microsoft-Windows-Sysmon","Message":"Image loaded:\r\nRuleName: -\r\nUtcTime: 2020-08-06 07:20:17.624\r\nProcessGuid: {9f85ce58-af31-5f2b-1e04-000000000400}\r\nProcessId: 5624\r\nImage: C:\\Windows\\System32\\conhost.exe\r\nImageLoaded: C:\\Windows\\System32\\bcryptprimitives.dll\r\nFileVersion: 10.0.17763.1217 (WinBuild.160101.0800)\r\nDescription: Windows Cryptographic Primitives Library\r\nProduct: Microsoft® Windows® Operating System\r\nCompany: Microsoft Corporation\r\nOriginalFileName: bcryptprimitives.dll\r\nHashes: SHA1=9246070D775679AC5859F254C263596AF5ABBA19,MD5=153A92B4CCC58BA42DA1A7EC2375BA84,SHA256=47DDEAC6F08307DB378E88A946D6A390F0B7AFEDB586487C4F74F609C6373F28,IMPHASH=402DA460E2AC467F4489C588A9941032\r\nSigned: true\r\nSignature: Microsoft Windows\r\nSignatureStatus: Valid","SourceModuleName":"eventlog","ImageLoaded":"C:\\Windows\\System32\\bcryptprimitives.dll","EventReceivedTime":"2020-08-06 03:20:18","port":60122,"AccountName":"SYSTEM","UtcTime":"2020-08-06 07:20:17.624","Domain":"NT AUTHORITY","ExecutionProcessID":3888,"Hashes":"SHA1=9246070D775679AC5859F254C263596AF5ABBA19,MD5=153A92B4CCC58BA42DA1A7EC2375BA84,SHA256=47DDEAC6F08307DB378E88A946D6A390F0B7AFEDB586487C4F74F609C6373F28,IMPHASH=402DA460E2AC467F4489C588A9941032","Description":"Windows Cryptographic Primitives Library","UserID":"S-1-5-18","EventID":7,"Product":"Microsoft® Windows® Operating System","ProviderGuid":"{5770385F-C22A-43E0-BF4C-06F5698FFBD9}","RecordNumber":280860,"Keywords":-9223372036854775808,"ProcessGuid":"{9f85ce58-af31-5f2b-1e04-000000000400}","tags":["mordorDataset"],"RuleName":"-"}
{"@version":"1","EventType":"INFO","AccountType":"User","ThreadID":4208,"Channel":"Microsoft-Windows-Sysmon/Operational","OpcodeValue":0,"OriginalFileName":"advapi32.dll","Hostname":"MORDORDC.theshire.local","@timestamp":"2020-08-06T07:20:18.984Z","ProcessId":"5624","Signed":"true","host":"wec.internal.cloudapp.net","SignatureStatus":"Valid","Severity":"INFO","SeverityValue":2,"Image":"C:\\Windows\\System32\\conhost.exe","SourceModuleType":"im_msvistalog","FileVersion":"10.0.17763.1131 (WinBuild.160101.0800)","Version":3,"Company":"Microsoft Corporation","EventTime":"2020-08-06 03:20:17","Task":7,"Signature":"Microsoft Windows","SourceName":"Microsoft-Windows-Sysmon","Message":"Image loaded:\r\nRuleName: -\r\nUtcTime: 2020-08-06 07:20:17.624\r\nProcessGuid: {9f85ce58-af31-5f2b-1e04-000000000400}\r\nProcessId: 5624\r\nImage: C:\\Windows\\System32\\conhost.exe\r\nImageLoaded: C:\\Windows\\System32\\advapi32.dll\r\nFileVersion: 10.0.17763.1131 (WinBuild.160101.0800)\r\nDescription: Advanced Windows 32 Base API\r\nProduct: Microsoft® Windows® Operating System\r\nCompany: Microsoft Corporation\r\nOriginalFileName: advapi32.dll\r\nHashes: SHA1=5C7EA03D7656EA690B668680BAC2A1A88329D781,MD5=268CCCE1619709DAB725ABFC5FD2AC07,SHA256=D6FCDDF7D6569425C470547B9E01FBB27363C12D42FE8409401E75647D6F2324,IMPHASH=3A220E81F7BE6E007402D394DD374042\r\nSigned: true\r\nSignature: Microsoft Windows\r\nSignatureStatus: Valid","SourceModuleName":"eventlog","ImageLoaded":"C:\\Windows\\System32\\advapi32.dll","EventReceivedTime":"2020-08-06 03:20:18","port":60122,"AccountName":"SYSTEM","UtcTime":"2020-08-06 07:20:17.624","Domain":"NT AUTHORITY","ExecutionProcessID":3888,"Hashes":"SHA1=5C7EA03D7656EA690B668680BAC2A1A88329D781,MD5=268CCCE1619709DAB725ABFC5FD2AC07,SHA256=D6FCDDF7D6569425C470547B9E01FBB27363C12D42FE8409401E75647D6F2324,IMPHASH=3A220E81F7BE6E007402D394DD374042","Description":"Advanced Windows 32 Base API","UserID":"S-1-5-18","EventID":7,"Product":"Microsoft® Windows® Operating System","ProviderGuid":"{5770385F-C22A-43E0-BF4C-06F5698FFBD9}","RecordNumber":280861,"Keywords":-9223372036854775808,"ProcessGuid":"{9f85ce58-af31-5f2b-1e04-000000000400}","tags":["mordorDataset"],"RuleName":"-"}
{"@version":"1","EventType":"INFO","AccountType":"User","ThreadID":4208,"Channel":"Microsoft-Windows-Sysmon/Operational","OpcodeValue":0,"OriginalFileName":"sechost.dll","Hostname":"MORDORDC.theshire.local","@timestamp":"2020-08-06T07:20:18.986Z","ProcessId":"5624","Signed":"true","host":"wec.internal.cloudapp.net","SignatureStatus":"Valid","Severity":"INFO","SeverityValue":2,"Image":"C:\\Windows\\System32\\conhost.exe","SourceModuleType":"im_msvistalog","FileVersion":"10.0.17763.1339 (WinBuild.160101.0800)","Version":3,"Company":"Microsoft Corporation","EventTime":"2020-08-06 03:20:17","Task":7,"Signature":"Microsoft Windows","SourceName":"Microsoft-Windows-Sysmon","Message":"Image loaded:\r\nRuleName: -\r\nUtcTime: 2020-08-06 07:20:17.624\r\nProcessGuid: {9f85ce58-af31-5f2b-1e04-000000000400}\r\nProcessId: 5624\r\nImage: C:\\Windows\\System32\\conhost.exe\r\nImageLoaded: C:\\Windows\\System32\\sechost.dll\r\nFileVersion: 10.0.17763.1339 (WinBuild.160101.0800)\r\nDescription: Host for SCM/SDDL/LSA Lookup APIs\r\nProduct: Microsoft® Windows® Operating System\r\nCompany: Microsoft Corporation\r\nOriginalFileName: sechost.dll\r\nHashes: SHA1=4FD39AD714E1C93D887D5050DBF65495A291D803,MD5=270ED637DA8BDCF746828CE1FCA8D085,SHA256=8906B092E6247F10D2C1946083F5C220B93B8C22A23030BC75860844C22F35DC,IMPHASH=5F0CBFA31042EAEC032DAB6F4E97C1FD\r\nSigned: true\r\nSignature: Microsoft Windows\r\nSignatureStatus: Valid","SourceModuleName":"eventlog","ImageLoaded":"C:\\Windows\\System32\\sechost.dll","EventReceivedTime":"2020-08-06 03:20:18","port":60122,"AccountName":"SYSTEM","UtcTime":"2020-08-06 07:20:17.624","Domain":"NT AUTHORITY","ExecutionProcessID":3888,"Hashes":"SHA1=4FD39AD714E1C93D887D5050DBF65495A291D803,MD5=270ED637DA8BDCF746828CE1FCA8D085,SHA256=8906B092E6247F10D2C1946083F5C220B93B8C22A23030BC75860844C22F35DC,IMPHASH=5F0CBFA31042EAEC032DAB6F4E97C1FD","Description":"Host for SCM/SDDL/LSA Lookup APIs","UserID":"S-1-5-18","EventID":7,"Product":"Microsoft® Windows® Operating System","ProviderGuid":"{5770385F-C22A-43E0-BF4C-06F5698FFBD9}","RecordNumber":280862,"Keywords":-9223372036854775808,"ProcessGuid":"{9f85ce58-af31-5f2b-1e04-000000000400}","tags":["mordorDataset"],"RuleName":"-"}
{"tags":["mordorDataset"],"TargetProcessGUID":"{9f85ce58-af31-5f2b-1d04-000000000400}","@version":"1","EventType":"INFO","Version":3,"ThreadID":4208,"EventTime":"2020-08-06 03:20:17","Task":10,"AccountType":"User","SourceProcessGUID":"{9f85ce58-af31-5f2b-1e04-000000000400}","CallTrace":"C:\\windows\\SYSTEM32\\ntdll.dll+9fc24|C:\\windows\\System32\\KERNELBASE.dll+212ee|C:\\windows\\system32\\conhost.exe+f635|C:\\windows\\system32\\conhost.exe+f52c|C:\\windows\\system32\\conhost.exe+5258|C:\\windows\\system32\\conhost.exe+d80f|C:\\windows\\System32\\KERNEL32.DLL+17974|C:\\windows\\SYSTEM32\\ntdll.dll+6a271","Channel":"Microsoft-Windows-Sysmon/Operational","SourceName":"Microsoft-Windows-Sysmon","OpcodeValue":0,"Hostname":"MORDORDC.theshire.local","@timestamp":"2020-08-06T07:20:18.986Z","Message":"Process accessed:\r\nRuleName: -\r\nUtcTime: 2020-08-06 07:20:17.624\r\nSourceProcessGUID: {9f85ce58-af31-5f2b-1e04-000000000400}\r\nSourceProcessId: 5624\r\nSourceThreadId: 4028\r\nSourceImage: C:\\windows\\system32\\conhost.exe\r\nTargetProcessGUID: {9f85ce58-af31-5f2b-1d04-000000000400}\r\nTargetProcessId: 4888\r\nTargetImage: C:\\windows\\SYSTEM32\\cmd.exe\r\nGrantedAccess: 0x1FFFFF\r\nCallTrace: C:\\windows\\SYSTEM32\\ntdll.dll+9fc24|C:\\windows\\System32\\KERNELBASE.dll+212ee|C:\\windows\\system32\\conhost.exe+f635|C:\\windows\\system32\\conhost.exe+f52c|C:\\windows\\system32\\conhost.exe+5258|C:\\windows\\system32\\conhost.exe+d80f|C:\\windows\\System32\\KERNEL32.DLL+17974|C:\\windows\\SYSTEM32\\ntdll.dll+6a271","SourceModuleName":"eventlog","ProcessId":"5624","SourceImage":"C:\\windows\\system32\\conhost.exe","EventReceivedTime":"2020-08-06 03:20:18","port":60122,"AccountName":"SYSTEM","UtcTime":"2020-08-06 07:20:17.624","GrantedAccess":"0x1fffff","Domain":"NT AUTHORITY","ExecutionProcessID":3888,"host":"wec.internal.cloudapp.net","SourceProcessId":"5624","SourceThreadId":"4028","Severity":"INFO","TargetProcessId":"4888","SeverityValue":2,"EventID":10,"UserID":"S-1-5-18","ProviderGuid":"{5770385F-C22A-43E0-BF4C-06F5698FFBD9}","RecordNumber":280863,"SourceModuleType":"im_msvistalog","Keywords":-9223372036854775808,"TargetImage":"C:\\windows\\SYSTEM32\\cmd.exe","RuleName":"-"}
{"@version":"1","EventType":"INFO","AccountType":"User","ThreadID":4208,"Channel":"Microsoft-Windows-Sysmon/Operational","OpcodeValue":0,"OriginalFileName":"user32","Hostname":"MORDORDC.theshire.local","@timestamp":"2020-08-06T07:20:18.986Z","ProcessId":"5624","Signed":"true","host":"wec.internal.cloudapp.net","SignatureStatus":"Valid","Severity":"INFO","SeverityValue":2,"Image":"C:\\Windows\\System32\\conhost.exe","SourceModuleType":"im_msvistalog","FileVersion":"10.0.17763.1339 (WinBuild.160101.0800)","Version":3,"Company":"Microsoft Corporation","EventTime":"2020-08-06 03:20:17","Task":7,"Signature":"Microsoft Windows","SourceName":"Microsoft-Windows-Sysmon","Message":"Image loaded:\r\nRuleName: -\r\nUtcTime: 2020-08-06 07:20:17.624\r\nProcessGuid: {9f85ce58-af31-5f2b-1e04-000000000400}\r\nProcessId: 5624\r\nImage: C:\\Windows\\System32\\conhost.exe\r\nImageLoaded: C:\\Windows\\System32\\user32.dll\r\nFileVersion: 10.0.17763.1339 (WinBuild.160101.0800)\r\nDescription: Multi-User Windows USER API Client DLL\r\nProduct: Microsoft® Windows® Operating System\r\nCompany: Microsoft Corporation\r\nOriginalFileName: user32\r\nHashes: SHA1=E993BF3117D58CC5252173CE5F964EA2CB2741E9,MD5=E4AF62ADA39087A5721148236E825D9B,SHA256=963657826B798D0D20F3641032062BB9EA74BB7384C0CAFA64BFA1A2F3B5B15B,IMPHASH=D3A4F91CCC364A2DEC64676EE19600DE\r\nSigned: true\r\nSignature: Microsoft Windows\r\nSignatureStatus: Valid","SourceModuleName":"eventlog","ImageLoaded":"C:\\Windows\\System32\\user32.dll","EventReceivedTime":"2020-08-06 03:20:18","port":60122,"AccountName":"SYSTEM","UtcTime":"2020-08-06 07:20:17.624","Domain":"NT AUTHORITY","ExecutionProcessID":3888,"Hashes":"SHA1=E993BF3117D58CC5252173CE5F964EA2CB2741E9,MD5=E4AF62ADA39087A5721148236E825D9B,SHA256=963657826B798D0D20F3641032062BB9EA74BB7384C0CAFA64BFA1A2F3B5B15B,IMPHASH=D3A4F91CCC364A2DEC64676EE19600DE","Description":"Multi-User Windows USER API Client DLL","UserID":"S-1-5-18","EventID":7,"Product":"Microsoft® Windows® Operating System","ProviderGuid":"{5770385F-C22A-43E0-BF4C-06F5698FFBD9}","RecordNumber":280864,"Keywords":-9223372036854775808,"ProcessGuid":"{9f85ce58-af31-5f2b-1e04-000000000400}","tags":["mordorDataset"],"RuleName":"-"}
{"@version":"1","EventType":"INFO","AccountType":"User","ThreadID":4208,"Channel":"Microsoft-Windows-Sysmon/Operational","OpcodeValue":0,"OriginalFileName":"Win32u.DLL","Hostname":"MORDORDC.theshire.local","@timestamp":"2020-08-06T07:20:18.986Z","ProcessId":"5624","Signed":"true","host":"wec.internal.cloudapp.net","SignatureStatus":"Valid","Severity":"INFO","SeverityValue":2,"Image":"C:\\Windows\\System32\\conhost.exe","SourceModuleType":"im_msvistalog","FileVersion":"10.0.17763.1 (WinBuild.160101.0800)","Version":3,"Company":"Microsoft Corporation","EventTime":"2020-08-06 03:20:17","Task":7,"Signature":"Microsoft Windows","SourceName":"Microsoft-Windows-Sysmon","Message":"Image loaded:\r\nRuleName: -\r\nUtcTime: 2020-08-06 07:20:17.624\r\nProcessGuid: {9f85ce58-af31-5f2b-1e04-000000000400}\r\nProcessId: 5624\r\nImage: C:\\Windows\\System32\\conhost.exe\r\nImageLoaded: C:\\Windows\\System32\\win32u.dll\r\nFileVersion: 10.0.17763.1 (WinBuild.160101.0800)\r\nDescription: Win32u\r\nProduct: Microsoft® Windows® Operating System\r\nCompany: Microsoft Corporation\r\nOriginalFileName: Win32u.DLL\r\nHashes: SHA1=E9543B315229DBB7707C52BB8506C488694D09A1,MD5=65D63D5F9A9D6988C9E3DB4862D8C1E0,SHA256=208FBE0136AEBC989748B526A4BB0C656B73A10E46EF640A93E3AB8F02358B98,IMPHASH=00000000000000000000000000000000\r\nSigned: true\r\nSignature: Microsoft Windows\r\nSignatureStatus: Valid","SourceModuleName":"eventlog","ImageLoaded":"C:\\Windows\\System32\\win32u.dll","EventReceivedTime":"2020-08-06 03:20:18","port":60122,"AccountName":"SYSTEM","UtcTime":"2020-08-06 07:20:17.624","Domain":"NT AUTHORITY","ExecutionProcessID":3888,"Hashes":"SHA1=E9543B315229DBB7707C52BB8506C488694D09A1,MD5=65D63D5F9A9D6988C9E3DB4862D8C1E0,SHA256=208FBE0136AEBC989748B526A4BB0C656B73A10E46EF640A93E3AB8F02358B98,IMPHASH=00000000000000000000000000000000","Description":"Win32u","UserID":"S-1-5-18","EventID":7,"Product":"Microsoft® Windows® Operating System","ProviderGuid":"{5770385F-C22A-43E0-BF4C-06F5698FFBD9}","RecordNumber":280865,"Keywords":-9223372036854775808,"ProcessGuid":"{9f85ce58-af31-5f2b-1e04-000000000400}","tags":["mordorDataset"],"RuleName":"-"}
{"@version":"1","EventType":"INFO","AccountType":"User","ThreadID":4208,"Channel":"Microsoft-Windows-Sysmon/Operational","OpcodeValue":0,"OriginalFileName":"gdi32","Hostname":"MORDORDC.theshire.local","@timestamp":"2020-08-06T07:20:18.986Z","ProcessId":"5624","Signed":"true","host":"wec.internal.cloudapp.net","SignatureStatus":"Valid","Severity":"INFO","SeverityValue":2,"Image":"C:\\Windows\\System32\\conhost.exe","SourceModuleType":"im_msvistalog","FileVersion":"10.0.17763.592 (WinBuild.160101.0800)","Version":3,"Company":"Microsoft Corporation","EventTime":"2020-08-06 03:20:17","Task":7,"Signature":"Microsoft Windows","SourceName":"Microsoft-Windows-Sysmon","Message":"Image loaded:\r\nRuleName: -\r\nUtcTime: 2020-08-06 07:20:17.639\r\nProcessGuid: {9f85ce58-af31-5f2b-1e04-000000000400}\r\nProcessId: 5624\r\nImage: C:\\Windows\\System32\\conhost.exe\r\nImageLoaded: C:\\Windows\\System32\\gdi32.dll\r\nFileVersion: 10.0.17763.592 (WinBuild.160101.0800)\r\nDescription: GDI Client DLL\r\nProduct: Microsoft® Windows® Operating System\r\nCompany: Microsoft Corporation\r\nOriginalFileName: gdi32\r\nHashes: SHA1=82F3A18BAC5A53AB208659541F9488FC8567225F,MD5=AAB46B65ACC026B1A0E3AEAD988CCACE,SHA256=DFBF615C25F62504D577770C394BFB352550C81CD710CC62D61BF0CDC2457C72,IMPHASH=068515AABEE6B5C49150F5085AFD86C9\r\nSigned: true\r\nSignature: Microsoft Windows\r\nSignatureStatus: Valid","SourceModuleName":"eventlog","ImageLoaded":"C:\\Windows\\System32\\gdi32.dll","EventReceivedTime":"2020-08-06 03:20:18","port":60122,"AccountName":"SYSTEM","UtcTime":"2020-08-06 07:20:17.639","Domain":"NT AUTHORITY","ExecutionProcessID":3888,"Hashes":"SHA1=82F3A18BAC5A53AB208659541F9488FC8567225F,MD5=AAB46B65ACC026B1A0E3AEAD988CCACE,SHA256=DFBF615C25F62504D577770C394BFB352550C81CD710CC62D61BF0CDC2457C72,IMPHASH=068515AABEE6B5C49150F5085AFD86C9","Description":"GDI Client DLL","UserID":"S-1-5-18","EventID":7,"Product":"Microsoft® Windows® Operating System","ProviderGuid":"{5770385F-C22A-43E0-BF4C-06F5698FFBD9}","RecordNumber":280866,"Keywords":-9223372036854775808,"ProcessGuid":"{9f85ce58-af31-5f2b-1e04-000000000400}","tags":["mordorDataset"],"RuleName":"-"}
{"@version":"1","EventType":"INFO","AccountType":"User","ThreadID":4208,"Channel":"Microsoft-Windows-Sysmon/Operational","OpcodeValue":0,"OriginalFileName":"gdi32","Hostname":"MORDORDC.theshire.local","@timestamp":"2020-08-06T07:20:18.986Z","ProcessId":"5624","Signed":"true","host":"wec.internal.cloudapp.net","SignatureStatus":"Valid","Severity":"INFO","SeverityValue":2,"Image":"C:\\Windows\\System32\\conhost.exe","SourceModuleType":"im_msvistalog","FileVersion":"10.0.17763.1339 (WinBuild.160101.0800)","Version":3,"Company":"Microsoft Corporation","EventTime":"2020-08-06 03:20:17","Task":7,"Signature":"Microsoft Windows","SourceName":"Microsoft-Windows-Sysmon","Message":"Image loaded:\r\nRuleName: -\r\nUtcTime: 2020-08-06 07:20:17.639\r\nProcessGuid: {9f85ce58-af31-5f2b-1e04-000000000400}\r\nProcessId: 5624\r\nImage: C:\\Windows\\System32\\conhost.exe\r\nImageLoaded: C:\\Windows\\System32\\gdi32full.dll\r\nFileVersion: 10.0.17763.1339 (WinBuild.160101.0800)\r\nDescription: GDI Client DLL\r\nProduct: Microsoft® Windows® Operating System\r\nCompany: Microsoft Corporation\r\nOriginalFileName: gdi32\r\nHashes: SHA1=59039B9EE9B5D972AF2835840CF520EBF00CB698,MD5=49575E7699D6647011C0A73A87F6B8C3,SHA256=E71A56B0B297E38DC303436D834CD099A9CD16B39120E453F522C101647CC598,IMPHASH=6AD82D312C0BC96CF9506EB6890EBEC0\r\nSigned: true\r\nSignature: Microsoft Windows\r\nSignatureStatus: Valid","SourceModuleName":"eventlog","ImageLoaded":"C:\\Windows\\System32\\gdi32full.dll","EventReceivedTime":"2020-08-06 03:20:18","port":60122,"AccountName":"SYSTEM","UtcTime":"2020-08-06 07:20:17.639","Domain":"NT AUTHORITY","ExecutionProcessID":3888,"Hashes":"SHA1=59039B9EE9B5D972AF2835840CF520EBF00CB698,MD5=49575E7699D6647011C0A73A87F6B8C3,SHA256=E71A56B0B297E38DC303436D834CD099A9CD16B39120E453F522C101647CC598,IMPHASH=6AD82D312C0BC96CF9506EB6890EBEC0","Description":"GDI Client DLL","UserID":"S-1-5-18","EventID":7,"Product":"Microsoft® Windows® Operating System","ProviderGuid":"{5770385F-C22A-43E0-BF4C-06F5698FFBD9}","RecordNumber":280867,"Keywords":-9223372036854775808,"ProcessGuid":"{9f85ce58-af31-5f2b-1e04-000000000400}","tags":["mordorDataset"],"RuleName":"-"}
