{"RuleName":"-","@timestamp":"2020-10-13T04:25:30.662Z","SignatureStatus":"Valid","Channel":"Microsoft-Windows-Sysmon/Operational","UserID":"S-1-5-18","RecordNumber":386253,"ThreadID":3444,"Image":"C:\\Windows\\System32\\svchost.exe","ProcessId":"3152","Company":"Microsoft Corporation","Version":3,"Hostname":"WORKSTATION5.theshire.local","ImageLoaded":"C:\\Windows\\System32\\OnDemandConnRouteHelper.dll","Description":"On Demand Connctiond Route Helper","EventReceivedTime":"2020-10-13 00:25:30","ProviderGuid":"{5770385F-C22A-43E0-BF4C-06F5698FFBD9}","Signed":"true","UtcTime":"2020-10-13 04:25:29.152","port":61041,"Severity":"INFO","tags":["mordorDataset"],"Task":7,"SourceModuleType":"im_msvistalog","OpcodeValue":0,"EventType":"INFO","ExecutionProcessID":3312,"Opcode":"Info","SourceName":"Microsoft-Windows-Sysmon","Product":"Microsoft® Windows® Operating System","Keywords":-9223372036854775808,"FileVersion":"10.0.18362.1 (WinBuild.160101.0800)","EventID":7,"Domain":"NT AUTHORITY","Category":"Image loaded (rule: ImageLoad)","OriginalFileName":"OnDemandConnRouteHelper.dll","@version":"1","AccountName":"SYSTEM","ProcessGuid":"{71b87c12-d259-5f84-4900-000000000500}","host":"wec.internal.cloudapp.net","Hashes":"SHA1=CB0FED80A33581425BBEA334D9185F63C5EE315F,MD5=9D1E318E09783AFBBF2F51D6E9950662,SHA256=48C0E264A522173740EBD7627900BE7E6FEDAEE2264F67A00E78D4A6D76865D8,IMPHASH=83BEA6248DF8A10A1D9DF229B452B69F","SeverityValue":2,"EventTime":"2020-10-13 00:25:29","Message":"Image loaded:\r\nRuleName: -\r\nUtcTime: 2020-10-13 04:25:29.152\r\nProcessGuid: {71b87c12-d259-5f84-4900-000000000500}\r\nProcessId: 3152\r\nImage: C:\\Windows\\System32\\svchost.exe\r\nImageLoaded: C:\\Windows\\System32\\OnDemandConnRouteHelper.dll\r\nFileVersion: 10.0.18362.1 (WinBuild.160101.0800)\r\nDescription: On Demand Connctiond Route Helper\r\nProduct: Microsoft® Windows® Operating System\r\nCompany: Microsoft Corporation\r\nOriginalFileName: OnDemandConnRouteHelper.dll\r\nHashes: SHA1=CB0FED80A33581425BBEA334D9185F63C5EE315F,MD5=9D1E318E09783AFBBF2F51D6E9950662,SHA256=48C0E264A522173740EBD7627900BE7E6FEDAEE2264F67A00E78D4A6D76865D8,IMPHASH=83BEA6248DF8A10A1D9DF229B452B69F\r\nSigned: true\r\nSignature: Microsoft Windows\r\nSignatureStatus: Valid","SourceModuleName":"eventlog","AccountType":"User","Signature":"Microsoft Windows"}
{"EventTypeOrignal":"INFO","RuleName":"-","@timestamp":"2020-10-13T04:25:30.662Z","port":61041,"Severity":"INFO","Task":12,"Channel":"Microsoft-Windows-Sysmon/Operational","UtcTime":"2020-10-13 04:25:29.162","UserID":"S-1-5-18","SourceModuleType":"im_msvistalog","OpcodeValue":0,"tags":["mordorDataset"],"TargetObject":"HKU\\.DEFAULT\\Software\\Microsoft\\Windows\\CurrentVersion\\Internet Settings\\Connections","ExecutionProcessID":3312,"Opcode":"Info","RecordNumber":386254,"ThreadID":3444,"EventType":"CreateKey","SourceName":"Microsoft-Windows-Sysmon","Keywords":-9223372036854775808,"Image":"C:\\windows\\system32\\svchost.exe","EventID":12,"Domain":"NT AUTHORITY","Category":"Registry object added or deleted (rule: RegistryEvent)","Version":2,"ProcessId":"2744","@version":"1","AccountName":"SYSTEM","ProcessGuid":"{71b87c12-d258-5f84-3f00-000000000500}","host":"wec.internal.cloudapp.net","Hostname":"WORKSTATION5.theshire.local","EventReceivedTime":"2020-10-13 00:25:30","SeverityValue":2,"EventTime":"2020-10-13 00:25:29","ProviderGuid":"{5770385F-C22A-43E0-BF4C-06F5698FFBD9}","Message":"Registry object added or deleted:\r\nRuleName: -\r\nEventType: CreateKey\r\nUtcTime: 2020-10-13 04:25:29.162\r\nProcessGuid: {71b87c12-d258-5f84-3f00-000000000500}\r\nProcessId: 2744\r\nImage: C:\\windows\\system32\\svchost.exe\r\nTargetObject: HKU\\.DEFAULT\\Software\\Microsoft\\Windows\\CurrentVersion\\Internet Settings\\Connections","SourceModuleName":"eventlog","AccountType":"User"}
{"EventTypeOrignal":"INFO","RuleName":"-","@timestamp":"2020-10-13T04:25:30.663Z","port":61041,"Severity":"INFO","Task":12,"Channel":"Microsoft-Windows-Sysmon/Operational","UtcTime":"2020-10-13 04:25:29.162","UserID":"S-1-5-18","SourceModuleType":"im_msvistalog","OpcodeValue":0,"tags":["mordorDataset"],"TargetObject":"HKLM\\System\\CurrentControlSet\\Services\\Tcpip\\Parameters","ExecutionProcessID":3312,"Opcode":"Info","RecordNumber":386255,"ThreadID":3444,"EventType":"CreateKey","SourceName":"Microsoft-Windows-Sysmon","Keywords":-9223372036854775808,"Image":"C:\\windows\\system32\\svchost.exe","EventID":12,"Domain":"NT AUTHORITY","Category":"Registry object added or deleted (rule: RegistryEvent)","Version":2,"ProcessId":"3152","@version":"1","AccountName":"SYSTEM","ProcessGuid":"{71b87c12-d259-5f84-4900-000000000500}","host":"wec.internal.cloudapp.net","Hostname":"WORKSTATION5.theshire.local","EventReceivedTime":"2020-10-13 00:25:30","SeverityValue":2,"EventTime":"2020-10-13 00:25:29","ProviderGuid":"{5770385F-C22A-43E0-BF4C-06F5698FFBD9}","Message":"Registry object added or deleted:\r\nRuleName: -\r\nEventType: CreateKey\r\nUtcTime: 2020-10-13 04:25:29.162\r\nProcessGuid: {71b87c12-d259-5f84-4900-000000000500}\r\nProcessId: 3152\r\nImage: C:\\windows\\system32\\svchost.exe\r\nTargetObject: HKLM\\System\\CurrentControlSet\\Services\\Tcpip\\Parameters","SourceModuleName":"eventlog","AccountType":"User"}
{"EventTypeOrignal":"INFO","RuleName":"-","@timestamp":"2020-10-13T04:25:30.663Z","port":61041,"Severity":"INFO","Task":12,"Channel":"Microsoft-Windows-Sysmon/Operational","UtcTime":"2020-10-13 04:25:29.162","UserID":"S-1-5-18","SourceModuleType":"im_msvistalog","OpcodeValue":0,"tags":["mordorDataset"],"TargetObject":"HKLM\\System\\CurrentControlSet\\Services\\Tcpip\\Parameters","ExecutionProcessID":3312,"Opcode":"Info","RecordNumber":386256,"ThreadID":3444,"EventType":"CreateKey","SourceName":"Microsoft-Windows-Sysmon","Keywords":-9223372036854775808,"Image":"C:\\windows\\system32\\svchost.exe","EventID":12,"Domain":"NT AUTHORITY","Category":"Registry object added or deleted (rule: RegistryEvent)","Version":2,"ProcessId":"3152","@version":"1","AccountName":"SYSTEM","ProcessGuid":"{71b87c12-d259-5f84-4900-000000000500}","host":"wec.internal.cloudapp.net","Hostname":"WORKSTATION5.theshire.local","EventReceivedTime":"2020-10-13 00:25:30","SeverityValue":2,"EventTime":"2020-10-13 00:25:29","ProviderGuid":"{5770385F-C22A-43E0-BF4C-06F5698FFBD9}","Message":"Registry object added or deleted:\r\nRuleName: -\r\nEventType: CreateKey\r\nUtcTime: 2020-10-13 04:25:29.162\r\nProcessGuid: {71b87c12-d259-5f84-4900-000000000500}\r\nProcessId: 3152\r\nImage: C:\\windows\\system32\\svchost.exe\r\nTargetObject: HKLM\\System\\CurrentControlSet\\Services\\Tcpip\\Parameters","SourceModuleName":"eventlog","AccountType":"User"}
{"EventTypeOrignal":"INFO","RuleName":"-","@timestamp":"2020-10-13T04:25:30.664Z","port":61041,"Severity":"INFO","Task":12,"Channel":"Microsoft-Windows-Sysmon/Operational","UtcTime":"2020-10-13 04:25:29.162","UserID":"S-1-5-18","SourceModuleType":"im_msvistalog","OpcodeValue":0,"tags":["mordorDataset"],"TargetObject":"HKLM\\System\\CurrentControlSet\\Services\\Tcpip\\Parameters","ExecutionProcessID":3312,"Opcode":"Info","RecordNumber":386257,"ThreadID":3444,"EventType":"CreateKey","SourceName":"Microsoft-Windows-Sysmon","Keywords":-9223372036854775808,"Image":"C:\\windows\\system32\\svchost.exe","EventID":12,"Domain":"NT AUTHORITY","Category":"Registry object added or deleted (rule: RegistryEvent)","Version":2,"ProcessId":"3152","@version":"1","AccountName":"SYSTEM","ProcessGuid":"{71b87c12-d259-5f84-4900-000000000500}","host":"wec.internal.cloudapp.net","Hostname":"WORKSTATION5.theshire.local","EventReceivedTime":"2020-10-13 00:25:30","SeverityValue":2,"EventTime":"2020-10-13 00:25:29","ProviderGuid":"{5770385F-C22A-43E0-BF4C-06F5698FFBD9}","Message":"Registry object added or deleted:\r\nRuleName: -\r\nEventType: CreateKey\r\nUtcTime: 2020-10-13 04:25:29.162\r\nProcessGuid: {71b87c12-d259-5f84-4900-000000000500}\r\nProcessId: 3152\r\nImage: C:\\windows\\system32\\svchost.exe\r\nTargetObject: HKLM\\System\\CurrentControlSet\\Services\\Tcpip\\Parameters","SourceModuleName":"eventlog","AccountType":"User"}
{"RuleName":"-","@timestamp":"2020-10-13T04:25:30.664Z","SignatureStatus":"Valid","Channel":"Microsoft-Windows-Sysmon/Operational","UserID":"S-1-5-18","RecordNumber":386258,"ThreadID":3444,"Image":"C:\\Windows\\System32\\svchost.exe","ProcessId":"3152","Company":"Microsoft Corporation","Version":3,"Hostname":"WORKSTATION5.theshire.local","ImageLoaded":"C:\\Windows\\System32\\FWPUCLNT.DLL","Description":"FWP/IPsec User-Mode API","EventReceivedTime":"2020-10-13 00:25:30","ProviderGuid":"{5770385F-C22A-43E0-BF4C-06F5698FFBD9}","Signed":"true","UtcTime":"2020-10-13 04:25:29.178","port":61041,"Severity":"INFO","tags":["mordorDataset"],"Task":7,"SourceModuleType":"im_msvistalog","OpcodeValue":0,"EventType":"INFO","ExecutionProcessID":3312,"Opcode":"Info","SourceName":"Microsoft-Windows-Sysmon","Product":"Microsoft® Windows® Operating System","Keywords":-9223372036854775808,"FileVersion":"10.0.18362.207 (WinBuild.160101.0800)","EventID":7,"Domain":"NT AUTHORITY","Category":"Image loaded (rule: ImageLoad)","OriginalFileName":"fwpuclnt.dll","@version":"1","AccountName":"SYSTEM","ProcessGuid":"{71b87c12-d259-5f84-4900-000000000500}","host":"wec.internal.cloudapp.net","Hashes":"SHA1=64CC9E48F979B833AF5135CB528C68500D2487AF,MD5=8DE4320C63049386489277DC983958D4,SHA256=BFD0137D9615A3C2B02FF8E1B5B33221A8F7DEEC573AC27CDCDAE68DEA72CD95,IMPHASH=AFD4C9F86C7354898594DD6BBF32C51F","SeverityValue":2,"EventTime":"2020-10-13 00:25:29","Message":"Image loaded:\r\nRuleName: -\r\nUtcTime: 2020-10-13 04:25:29.178\r\nProcessGuid: {71b87c12-d259-5f84-4900-000000000500}\r\nProcessId: 3152\r\nImage: C:\\Windows\\System32\\svchost.exe\r\nImageLoaded: C:\\Windows\\System32\\FWPUCLNT.DLL\r\nFileVersion: 10.0.18362.207 (WinBuild.160101.0800)\r\nDescription: FWP/IPsec User-Mode API\r\nProduct: Microsoft® Windows® Operating System\r\nCompany: Microsoft Corporation\r\nOriginalFileName: fwpuclnt.dll\r\nHashes: SHA1=64CC9E48F979B833AF5135CB528C68500D2487AF,MD5=8DE4320C63049386489277DC983958D4,SHA256=BFD0137D9615A3C2B02FF8E1B5B33221A8F7DEEC573AC27CDCDAE68DEA72CD95,IMPHASH=AFD4C9F86C7354898594DD6BBF32C51F\r\nSigned: true\r\nSignature: Microsoft Windows\r\nSignatureStatus: Valid","SourceModuleName":"eventlog","AccountType":"User","Signature":"Microsoft Windows"}
{"EventTypeOrignal":"INFO","RuleName":"-","@timestamp":"2020-10-13T04:25:30.664Z","port":61041,"Severity":"INFO","Task":12,"Channel":"Microsoft-Windows-Sysmon/Operational","UtcTime":"2020-10-13 04:25:29.194","UserID":"S-1-5-18","SourceModuleType":"im_msvistalog","OpcodeValue":0,"tags":["mordorDataset"],"TargetObject":"HKLM\\SOFTWARE\\Microsoft\\SystemCertificates\\AuthRoot\\AutoUpdate","ExecutionProcessID":3312,"Opcode":"Info","RecordNumber":386259,"ThreadID":3444,"EventType":"CreateKey","SourceName":"Microsoft-Windows-Sysmon","Keywords":-9223372036854775808,"Image":"C:\\windows\\system32\\svchost.exe","EventID":12,"Domain":"NT AUTHORITY","Category":"Registry object added or deleted (rule: RegistryEvent)","Version":2,"ProcessId":"3152","@version":"1","AccountName":"SYSTEM","ProcessGuid":"{71b87c12-d259-5f84-4900-000000000500}","host":"wec.internal.cloudapp.net","Hostname":"WORKSTATION5.theshire.local","EventReceivedTime":"2020-10-13 00:25:30","SeverityValue":2,"EventTime":"2020-10-13 00:25:29","ProviderGuid":"{5770385F-C22A-43E0-BF4C-06F5698FFBD9}","Message":"Registry object added or deleted:\r\nRuleName: -\r\nEventType: CreateKey\r\nUtcTime: 2020-10-13 04:25:29.194\r\nProcessGuid: {71b87c12-d259-5f84-4900-000000000500}\r\nProcessId: 3152\r\nImage: C:\\windows\\system32\\svchost.exe\r\nTargetObject: HKLM\\SOFTWARE\\Microsoft\\SystemCertificates\\AuthRoot\\AutoUpdate","SourceModuleName":"eventlog","AccountType":"User"}
{"EventTypeOrignal":"INFO","RuleName":"-","@timestamp":"2020-10-13T04:25:30.665Z","port":61041,"Severity":"INFO","Task":13,"Channel":"Microsoft-Windows-Sysmon/Operational","UtcTime":"2020-10-13 04:25:29.194","UserID":"S-1-5-18","SourceModuleType":"im_msvistalog","OpcodeValue":0,"tags":["mordorDataset"],"TargetObject":"HKLM\\SOFTWARE\\Microsoft\\SystemCertificates\\AuthRoot\\AutoUpdate\\DisallowedCertLastSyncTime","ExecutionProcessID":3312,"Opcode":"Info","RecordNumber":386260,"ThreadID":3444,"EventType":"SetValue","SourceName":"Microsoft-Windows-Sysmon","Keywords":-9223372036854775808,"Image":"C:\\windows\\system32\\svchost.exe","EventID":13,"Domain":"NT AUTHORITY","Category":"Registry value set (rule: RegistryEvent)","Version":2,"ProcessId":"3152","@version":"1","AccountName":"SYSTEM","Details":"Binary Data","ProcessGuid":"{71b87c12-d259-5f84-4900-000000000500}","host":"wec.internal.cloudapp.net","Hostname":"WORKSTATION5.theshire.local","EventReceivedTime":"2020-10-13 00:25:30","SeverityValue":2,"EventTime":"2020-10-13 00:25:29","ProviderGuid":"{5770385F-C22A-43E0-BF4C-06F5698FFBD9}","Message":"Registry value set:\r\nRuleName: -\r\nEventType: SetValue\r\nUtcTime: 2020-10-13 04:25:29.194\r\nProcessGuid: {71b87c12-d259-5f84-4900-000000000500}\r\nProcessId: 3152\r\nImage: C:\\windows\\system32\\svchost.exe\r\nTargetObject: HKLM\\SOFTWARE\\Microsoft\\SystemCertificates\\AuthRoot\\AutoUpdate\\DisallowedCertLastSyncTime\r\nDetails: Binary Data","SourceModuleName":"eventlog","AccountType":"User"}
{"RuleName":"-","@timestamp":"2020-10-13T04:25:30.666Z","SignatureStatus":"Valid","Channel":"Microsoft-Windows-Sysmon/Operational","UserID":"S-1-5-18","RecordNumber":386261,"ThreadID":3444,"Image":"C:\\Windows\\System32\\svchost.exe","ProcessId":"3152","Company":"Microsoft Corporation","Version":3,"Hostname":"WORKSTATION5.theshire.local","ImageLoaded":"C:\\Windows\\System32\\OnDemandConnRouteHelper.dll","Description":"On Demand Connctiond Route Helper","EventReceivedTime":"2020-10-13 00:25:30","ProviderGuid":"{5770385F-C22A-43E0-BF4C-06F5698FFBD9}","Signed":"true","UtcTime":"2020-10-13 04:25:29.194","port":61041,"Severity":"INFO","tags":["mordorDataset"],"Task":7,"SourceModuleType":"im_msvistalog","OpcodeValue":0,"EventType":"INFO","ExecutionProcessID":3312,"Opcode":"Info","SourceName":"Microsoft-Windows-Sysmon","Product":"Microsoft® Windows® Operating System","Keywords":-9223372036854775808,"FileVersion":"10.0.18362.1 (WinBuild.160101.0800)","EventID":7,"Domain":"NT AUTHORITY","Category":"Image loaded (rule: ImageLoad)","OriginalFileName":"OnDemandConnRouteHelper.dll","@version":"1","AccountName":"SYSTEM","ProcessGuid":"{71b87c12-d259-5f84-4900-000000000500}","host":"wec.internal.cloudapp.net","Hashes":"SHA1=CB0FED80A33581425BBEA334D9185F63C5EE315F,MD5=9D1E318E09783AFBBF2F51D6E9950662,SHA256=48C0E264A522173740EBD7627900BE7E6FEDAEE2264F67A00E78D4A6D76865D8,IMPHASH=83BEA6248DF8A10A1D9DF229B452B69F","SeverityValue":2,"EventTime":"2020-10-13 00:25:29","Message":"Image loaded:\r\nRuleName: -\r\nUtcTime: 2020-10-13 04:25:29.194\r\nProcessGuid: {71b87c12-d259-5f84-4900-000000000500}\r\nProcessId: 3152\r\nImage: C:\\Windows\\System32\\svchost.exe\r\nImageLoaded: C:\\Windows\\System32\\OnDemandConnRouteHelper.dll\r\nFileVersion: 10.0.18362.1 (WinBuild.160101.0800)\r\nDescription: On Demand Connctiond Route Helper\r\nProduct: Microsoft® Windows® Operating System\r\nCompany: Microsoft Corporation\r\nOriginalFileName: OnDemandConnRouteHelper.dll\r\nHashes: SHA1=CB0FED80A33581425BBEA334D9185F63C5EE315F,MD5=9D1E318E09783AFBBF2F51D6E9950662,SHA256=48C0E264A522173740EBD7627900BE7E6FEDAEE2264F67A00E78D4A6D76865D8,IMPHASH=83BEA6248DF8A10A1D9DF229B452B69F\r\nSigned: true\r\nSignature: Microsoft Windows\r\nSignatureStatus: Valid","SourceModuleName":"eventlog","AccountType":"User","Signature":"Microsoft Windows"}
{"EventTypeOrignal":"INFO","RuleName":"-","@timestamp":"2020-10-13T04:25:30.666Z","port":61041,"Severity":"INFO","Task":12,"Channel":"Microsoft-Windows-Sysmon/Operational","UtcTime":"2020-10-13 04:25:29.194","UserID":"S-1-5-18","SourceModuleType":"im_msvistalog","OpcodeValue":0,"tags":["mordorDataset"],"TargetObject":"HKU\\.DEFAULT\\Software\\Microsoft\\Windows\\CurrentVersion\\Internet Settings\\Connections","ExecutionProcessID":3312,"Opcode":"Info","RecordNumber":386262,"ThreadID":3444,"EventType":"CreateKey","SourceName":"Microsoft-Windows-Sysmon","Keywords":-9223372036854775808,"Image":"C:\\windows\\system32\\svchost.exe","EventID":12,"Domain":"NT AUTHORITY","Category":"Registry object added or deleted (rule: RegistryEvent)","Version":2,"ProcessId":"2744","@version":"1","AccountName":"SYSTEM","ProcessGuid":"{71b87c12-d258-5f84-3f00-000000000500}","host":"wec.internal.cloudapp.net","Hostname":"WORKSTATION5.theshire.local","EventReceivedTime":"2020-10-13 00:25:30","SeverityValue":2,"EventTime":"2020-10-13 00:25:29","ProviderGuid":"{5770385F-C22A-43E0-BF4C-06F5698FFBD9}","Message":"Registry object added or deleted:\r\nRuleName: -\r\nEventType: CreateKey\r\nUtcTime: 2020-10-13 04:25:29.194\r\nProcessGuid: {71b87c12-d258-5f84-3f00-000000000500}\r\nProcessId: 2744\r\nImage: C:\\windows\\system32\\svchost.exe\r\nTargetObject: HKU\\.DEFAULT\\Software\\Microsoft\\Windows\\CurrentVersion\\Internet Settings\\Connections","SourceModuleName":"eventlog","AccountType":"User"}
{"EventTypeOrignal":"INFO","RuleName":"-","@timestamp":"2020-10-13T04:25:30.667Z","port":61041,"Severity":"INFO","Task":12,"Channel":"Microsoft-Windows-Sysmon/Operational","UtcTime":"2020-10-13 04:25:29.194","UserID":"S-1-5-18","SourceModuleType":"im_msvistalog","OpcodeValue":0,"tags":["mordorDataset"],"TargetObject":"HKLM\\SOFTWARE\\Microsoft\\SystemCertificates\\AuthRoot\\AutoUpdate","ExecutionProcessID":3312,"Opcode":"Info","RecordNumber":386263,"ThreadID":3444,"EventType":"CreateKey","SourceName":"Microsoft-Windows-Sysmon","Keywords":-9223372036854775808,"Image":"C:\\windows\\system32\\svchost.exe","EventID":12,"Domain":"NT AUTHORITY","Category":"Registry object added or deleted (rule: RegistryEvent)","Version":2,"ProcessId":"3152","@version":"1","AccountName":"SYSTEM","ProcessGuid":"{71b87c12-d259-5f84-4900-000000000500}","host":"wec.internal.cloudapp.net","Hostname":"WORKSTATION5.theshire.local","EventReceivedTime":"2020-10-13 00:25:30","SeverityValue":2,"EventTime":"2020-10-13 00:25:29","ProviderGuid":"{5770385F-C22A-43E0-BF4C-06F5698FFBD9}","Message":"Registry object added or deleted:\r\nRuleName: -\r\nEventType: CreateKey\r\nUtcTime: 2020-10-13 04:25:29.194\r\nProcessGuid: {71b87c12-d259-5f84-4900-000000000500}\r\nProcessId: 3152\r\nImage: C:\\windows\\system32\\svchost.exe\r\nTargetObject: HKLM\\SOFTWARE\\Microsoft\\SystemCertificates\\AuthRoot\\AutoUpdate","SourceModuleName":"eventlog","AccountType":"User"}
{"EventTypeOrignal":"INFO","RuleName":"-","@timestamp":"2020-10-13T04:25:30.667Z","port":61041,"Severity":"INFO","Task":13,"Channel":"Microsoft-Windows-Sysmon/Operational","UtcTime":"2020-10-13 04:25:29.210","UserID":"S-1-5-18","SourceModuleType":"im_msvistalog","OpcodeValue":0,"tags":["mordorDataset"],"TargetObject":"HKLM\\SOFTWARE\\Microsoft\\SystemCertificates\\AuthRoot\\AutoUpdate\\PinRulesLastSyncTime","ExecutionProcessID":3312,"Opcode":"Info","RecordNumber":386264,"ThreadID":3444,"EventType":"SetValue","SourceName":"Microsoft-Windows-Sysmon","Keywords":-9223372036854775808,"Image":"C:\\windows\\system32\\svchost.exe","EventID":13,"Domain":"NT AUTHORITY","Category":"Registry value set (rule: RegistryEvent)","Version":2,"ProcessId":"3152","@version":"1","AccountName":"SYSTEM","Details":"Binary Data","ProcessGuid":"{71b87c12-d259-5f84-4900-000000000500}","host":"wec.internal.cloudapp.net","Hostname":"WORKSTATION5.theshire.local","EventReceivedTime":"2020-10-13 00:25:30","SeverityValue":2,"EventTime":"2020-10-13 00:25:29","ProviderGuid":"{5770385F-C22A-43E0-BF4C-06F5698FFBD9}","Message":"Registry value set:\r\nRuleName: -\r\nEventType: SetValue\r\nUtcTime: 2020-10-13 04:25:29.210\r\nProcessGuid: {71b87c12-d259-5f84-4900-000000000500}\r\nProcessId: 3152\r\nImage: C:\\windows\\system32\\svchost.exe\r\nTargetObject: HKLM\\SOFTWARE\\Microsoft\\SystemCertificates\\AuthRoot\\AutoUpdate\\PinRulesLastSyncTime\r\nDetails: Binary Data","SourceModuleName":"eventlog","AccountType":"User"}
{"@timestamp":"2020-10-13T04:25:30.667Z","port":61041,"Severity":"INFO","Task":12810,"Channel":"Security","tags":["mordorDataset"],"LayerName":"%%14610","SourceModuleType":"im_msvistalog","OpcodeValue":0,"Application":"\\device\\harddiskvolume2\\windows\\system32\\dns.exe","EventType":"AUDIT_SUCCESS","ExecutionProcessID":4,"Opcode":"Info","RecordNumber":287052,"ThreadID":1968,"FilterRTID":"69942","SourceName":"Microsoft-Windows-Security-Auditing","DestPort":"53","LayerRTID":"44","Keywords":-9214364837600034816,"EventID":5156,"Category":"Filtering Platform Connection","ProcessId":"3712","Version":1,"@version":"1","Direction":"%%14592","DestAddress":"172.18.38.5","RemoteUserID":"S-1-0-0","host":"wec.internal.cloudapp.net","Hostname":"MORDORDC.theshire.local","SourcePort":"53523","RemoteMachineID":"S-1-0-0","EventReceivedTime":"2020-10-13 00:25:30","SeverityValue":2,"EventTime":"2020-10-13 00:25:29","ProviderGuid":"{54849625-5478-4994-A5BA-3E3B0328C30D}","Message":"The Windows Filtering Platform has permitted a connection.\r\n\r\nApplication Information:\r\n\tProcess ID:\t\t3712\r\n\tApplication Name:\t\\device\\harddiskvolume2\\windows\\system32\\dns.exe\r\n\r\nNetwork Information:\r\n\tDirection:\t\tInbound\r\n\tSource Address:\t\t172.18.39.5\r\n\tSource Port:\t\t53523\r\n\tDestination Address:\t172.18.38.5\r\n\tDestination Port:\t\t53\r\n\tProtocol:\t\t17\r\n\r\nFilter Information:\r\n\tFilter Run-Time ID:\t69942\r\n\tLayer Name:\t\tReceive/Accept\r\n\tLayer Run-Time ID:\t44","SourceAddress":"172.18.39.5","SourceModuleName":"eventlog","Protocol":"17"}
{"@timestamp":"2020-10-13T04:25:30.668Z","port":61041,"Severity":"INFO","Task":12810,"Channel":"Security","tags":["mordorDataset"],"LayerName":"%%14611","SourceModuleType":"im_msvistalog","OpcodeValue":0,"Application":"\\device\\harddiskvolume2\\windows\\system32\\dns.exe","EventType":"AUDIT_SUCCESS","ExecutionProcessID":4,"Opcode":"Info","RecordNumber":287053,"ThreadID":1968,"FilterRTID":"71364","SourceName":"Microsoft-Windows-Security-Auditing","DestPort":"53","LayerRTID":"48","Keywords":-9214364837600034816,"EventID":5156,"Category":"Filtering Platform Connection","ProcessId":"3712","Version":1,"@version":"1","Direction":"%%14593","DestAddress":"40.90.4.205","RemoteUserID":"S-1-0-0","host":"wec.internal.cloudapp.net","Hostname":"MORDORDC.theshire.local","SourcePort":"60252","RemoteMachineID":"S-1-0-0","EventReceivedTime":"2020-10-13 00:25:30","SeverityValue":2,"EventTime":"2020-10-13 00:25:29","ProviderGuid":"{54849625-5478-4994-A5BA-3E3B0328C30D}","Message":"The Windows Filtering Platform has permitted a connection.\r\n\r\nApplication Information:\r\n\tProcess ID:\t\t3712\r\n\tApplication Name:\t\\device\\harddiskvolume2\\windows\\system32\\dns.exe\r\n\r\nNetwork Information:\r\n\tDirection:\t\tOutbound\r\n\tSource Address:\t\t172.18.38.5\r\n\tSource Port:\t\t60252\r\n\tDestination Address:\t40.90.4.205\r\n\tDestination Port:\t\t53\r\n\tProtocol:\t\t17\r\n\r\nFilter Information:\r\n\tFilter Run-Time ID:\t71364\r\n\tLayer Name:\t\tConnect\r\n\tLayer Run-Time ID:\t48","SourceAddress":"172.18.38.5","SourceModuleName":"eventlog","Protocol":"17"}
{"@timestamp":"2020-10-13T04:25:30.668Z","port":61041,"Severity":"INFO","Task":12810,"Channel":"Security","tags":["mordorDataset"],"LayerName":"%%14611","SourceModuleType":"im_msvistalog","OpcodeValue":0,"Application":"\\device\\harddiskvolume2\\windows\\system32\\dns.exe","EventType":"AUDIT_SUCCESS","ExecutionProcessID":4,"Opcode":"Info","RecordNumber":287054,"ThreadID":1968,"FilterRTID":"71364","SourceName":"Microsoft-Windows-Security-Auditing","DestPort":"53","LayerRTID":"48","Keywords":-9214364837600034816,"EventID":5156,"Category":"Filtering Platform Connection","ProcessId":"3712","Version":1,"@version":"1","Direction":"%%14593","DestAddress":"13.107.160.4","RemoteUserID":"S-1-0-0","host":"wec.internal.cloudapp.net","Hostname":"MORDORDC.theshire.local","SourcePort":"59935","RemoteMachineID":"S-1-0-0","EventReceivedTime":"2020-10-13 00:25:30","SeverityValue":2,"EventTime":"2020-10-13 00:25:29","ProviderGuid":"{54849625-5478-4994-A5BA-3E3B0328C30D}","Message":"The Windows Filtering Platform has permitted a connection.\r\n\r\nApplication Information:\r\n\tProcess ID:\t\t3712\r\n\tApplication Name:\t\\device\\harddiskvolume2\\windows\\system32\\dns.exe\r\n\r\nNetwork Information:\r\n\tDirection:\t\tOutbound\r\n\tSource Address:\t\t172.18.38.5\r\n\tSource Port:\t\t59935\r\n\tDestination Address:\t13.107.160.4\r\n\tDestination Port:\t\t53\r\n\tProtocol:\t\t17\r\n\r\nFilter Information:\r\n\tFilter Run-Time ID:\t71364\r\n\tLayer Name:\t\tConnect\r\n\tLayer Run-Time ID:\t48","SourceAddress":"172.18.38.5","SourceModuleName":"eventlog","Protocol":"17"}
{"@timestamp":"2020-10-13T04:25:30.668Z","port":61041,"Severity":"INFO","Task":12810,"Channel":"Security","tags":["mordorDataset"],"LayerName":"%%14611","SourceModuleType":"im_msvistalog","OpcodeValue":0,"Application":"\\device\\harddiskvolume2\\windows\\system32\\dns.exe","EventType":"AUDIT_SUCCESS","ExecutionProcessID":4,"Opcode":"Info","RecordNumber":287055,"ThreadID":1968,"FilterRTID":"71364","SourceName":"Microsoft-Windows-Security-Auditing","DestPort":"53","LayerRTID":"48","Keywords":-9214364837600034816,"EventID":5156,"Category":"Filtering Platform Connection","ProcessId":"3712","Version":1,"@version":"1","Direction":"%%14593","DestAddress":"13.107.252.10","RemoteUserID":"S-1-0-0","host":"wec.internal.cloudapp.net","Hostname":"MORDORDC.theshire.local","SourcePort":"59536","RemoteMachineID":"S-1-0-0","EventReceivedTime":"2020-10-13 00:25:30","SeverityValue":2,"EventTime":"2020-10-13 00:25:29","ProviderGuid":"{54849625-5478-4994-A5BA-3E3B0328C30D}","Message":"The Windows Filtering Platform has permitted a connection.\r\n\r\nApplication Information:\r\n\tProcess ID:\t\t3712\r\n\tApplication Name:\t\\device\\harddiskvolume2\\windows\\system32\\dns.exe\r\n\r\nNetwork Information:\r\n\tDirection:\t\tOutbound\r\n\tSource Address:\t\t172.18.38.5\r\n\tSource Port:\t\t59536\r\n\tDestination Address:\t13.107.252.10\r\n\tDestination Port:\t\t53\r\n\tProtocol:\t\t17\r\n\r\nFilter Information:\r\n\tFilter Run-Time ID:\t71364\r\n\tLayer Name:\t\tConnect\r\n\tLayer Run-Time ID:\t48","SourceAddress":"172.18.38.5","SourceModuleName":"eventlog","Protocol":"17"}
{"@timestamp":"2020-10-13T04:25:30.668Z","port":61041,"Severity":"INFO","Task":12810,"Channel":"Security","tags":["mordorDataset"],"LayerName":"%%14611","SourceModuleType":"im_msvistalog","OpcodeValue":0,"Application":"\\device\\harddiskvolume2\\windows\\system32\\dns.exe","EventType":"AUDIT_SUCCESS","ExecutionProcessID":4,"Opcode":"Info","RecordNumber":287056,"ThreadID":1968,"FilterRTID":"71364","SourceName":"Microsoft-Windows-Security-Auditing","DestPort":"53","LayerRTID":"48","Keywords":-9214364837600034816,"EventID":5156,"Category":"Filtering Platform Connection","ProcessId":"3712","Version":1,"@version":"1","Direction":"%%14593","DestAddress":"13.107.4.1","RemoteUserID":"S-1-0-0","host":"wec.internal.cloudapp.net","Hostname":"MORDORDC.theshire.local","SourcePort":"59644","RemoteMachineID":"S-1-0-0","EventReceivedTime":"2020-10-13 00:25:30","SeverityValue":2,"EventTime":"2020-10-13 00:25:29","ProviderGuid":"{54849625-5478-4994-A5BA-3E3B0328C30D}","Message":"The Windows Filtering Platform has permitted a connection.\r\n\r\nApplication Information:\r\n\tProcess ID:\t\t3712\r\n\tApplication Name:\t\\device\\harddiskvolume2\\windows\\system32\\dns.exe\r\n\r\nNetwork Information:\r\n\tDirection:\t\tOutbound\r\n\tSource Address:\t\t172.18.38.5\r\n\tSource Port:\t\t59644\r\n\tDestination Address:\t13.107.4.1\r\n\tDestination Port:\t\t53\r\n\tProtocol:\t\t17\r\n\r\nFilter Information:\r\n\tFilter Run-Time ID:\t71364\r\n\tLayer Name:\t\tConnect\r\n\tLayer Run-Time ID:\t48","SourceAddress":"172.18.38.5","SourceModuleName":"eventlog","Protocol":"17"}
{"@timestamp":"2020-10-13T04:25:30.669Z","port":61041,"Severity":"INFO","Task":12810,"Channel":"Security","tags":["mordorDataset"],"LayerName":"%%14608","SourceModuleType":"im_msvistalog","OpcodeValue":0,"Application":"\\device\\harddiskvolume2\\windowsazure\\guestagent_2.7.41491.993_2020-10-12_203248\\guestagent\\windowsazureguestagent.exe","EventType":"AUDIT_SUCCESS","ExecutionProcessID":4,"Opcode":"Info","RecordNumber":287057,"ThreadID":1968,"FilterRTID":"0","SourceName":"Microsoft-Windows-Security-Auditing","LayerRTID":"36","Keywords":-9214364837600034816,"EventID":5158,"Category":"Filtering Platform Connection","ProcessId":"3956","Version":0,"@version":"1","host":"wec.internal.cloudapp.net","Hostname":"MORDORDC.theshire.local","SourcePort":"49402","EventReceivedTime":"2020-10-13 00:25:30","SeverityValue":2,"EventTime":"2020-10-13 00:25:29","ProviderGuid":"{54849625-5478-4994-A5BA-3E3B0328C30D}","Message":"The Windows Filtering Platform has permitted a bind to a local port.\r\n\r\nApplication Information:\r\n\tProcess ID:\t\t3956\r\n\tApplication Name:\t\\device\\harddiskvolume2\\windowsazure\\guestagent_2.7.41491.993_2020-10-12_203248\\guestagent\\windowsazureguestagent.exe\r\n\r\nNetwork Information:\r\n\tSource Address:\t\t0.0.0.0\r\n\tSource Port:\t\t49402\r\n\tProtocol:\t\t6\r\n\r\nFilter Information:\r\n\tFilter Run-Time ID:\t0\r\n\tLayer Name:\t\tResource Assignment\r\n\tLayer Run-Time ID:\t36","SourceAddress":"0.0.0.0","SourceModuleName":"eventlog","Protocol":"6"}
{"@timestamp":"2020-10-13T04:25:31.667Z","port":61041,"Severity":"INFO","Task":12810,"Channel":"Security","tags":["mordorDataset"],"LayerName":"%%14611","SourceModuleType":"im_msvistalog","OpcodeValue":0,"Application":"\\device\\harddiskvolume2\\windowsazure\\guestagent_2.7.41491.993_2020-10-12_203248\\guestagent\\windowsazureguestagent.exe","EventType":"AUDIT_SUCCESS","ExecutionProcessID":4,"Opcode":"Info","RecordNumber":287058,"ThreadID":1968,"FilterRTID":"70901","SourceName":"Microsoft-Windows-Security-Auditing","DestPort":"80","LayerRTID":"48","Keywords":-9214364837600034816,"EventID":5156,"Category":"Filtering Platform Connection","ProcessId":"3956","Version":1,"@version":"1","Direction":"%%14593","DestAddress":"168.63.129.16","RemoteUserID":"S-1-0-0","host":"wec.internal.cloudapp.net","Hostname":"MORDORDC.theshire.local","SourcePort":"49402","RemoteMachineID":"S-1-0-0","EventReceivedTime":"2020-10-13 00:25:31","SeverityValue":2,"EventTime":"2020-10-13 00:25:29","ProviderGuid":"{54849625-5478-4994-A5BA-3E3B0328C30D}","Message":"The Windows Filtering Platform has permitted a connection.\r\n\r\nApplication Information:\r\n\tProcess ID:\t\t3956\r\n\tApplication Name:\t\\device\\harddiskvolume2\\windowsazure\\guestagent_2.7.41491.993_2020-10-12_203248\\guestagent\\windowsazureguestagent.exe\r\n\r\nNetwork Information:\r\n\tDirection:\t\tOutbound\r\n\tSource Address:\t\t172.18.38.5\r\n\tSource Port:\t\t49402\r\n\tDestination Address:\t168.63.129.16\r\n\tDestination Port:\t\t80\r\n\tProtocol:\t\t6\r\n\r\nFilter Information:\r\n\tFilter Run-Time ID:\t70901\r\n\tLayer Name:\t\tConnect\r\n\tLayer Run-Time ID:\t48","SourceAddress":"172.18.38.5","SourceModuleName":"eventlog","Protocol":"6"}
{"EventTypeOrignal":"INFO","RuleName":"-","@timestamp":"2020-10-13T04:25:31.667Z","port":61041,"Severity":"INFO","Task":12,"Channel":"Microsoft-Windows-Sysmon/Operational","UtcTime":"2020-10-13 04:25:29.794","UserID":"S-1-5-18","SourceModuleType":"im_msvistalog","OpcodeValue":0,"tags":["mordorDataset"],"TargetObject":"HKU\\.DEFAULT\\Software\\Microsoft\\Windows\\CurrentVersion\\Internet Settings\\Connections","ExecutionProcessID":3984,"Opcode":"Info","RecordNumber":338884,"ThreadID":4300,"EventType":"CreateKey","SourceName":"Microsoft-Windows-Sysmon","Keywords":-9223372036854775808,"Image":"C:\\WindowsAzure\\GuestAgent_2.7.41491.993_2020-10-12_203248\\GuestAgent\\WindowsAzureGuestAgent.exe","EventID":12,"Domain":"NT AUTHORITY","Category":"Registry object added or deleted (rule: RegistryEvent)","Version":2,"ProcessId":"3956","@version":"1","AccountName":"SYSTEM","ProcessGuid":"{029f9482-bfb2-5f84-5c00-000000000400}","host":"wec.internal.cloudapp.net","Hostname":"MORDORDC.theshire.local","EventReceivedTime":"2020-10-13 00:25:31","SeverityValue":2,"EventTime":"2020-10-13 00:25:29","ProviderGuid":"{5770385F-C22A-43E0-BF4C-06F5698FFBD9}","Message":"Registry object added or deleted:\r\nRuleName: -\r\nEventType: CreateKey\r\nUtcTime: 2020-10-13 04:25:29.794\r\nProcessGuid: {029f9482-bfb2-5f84-5c00-000000000400}\r\nProcessId: 3956\r\nImage: C:\\WindowsAzure\\GuestAgent_2.7.41491.993_2020-10-12_203248\\GuestAgent\\WindowsAzureGuestAgent.exe\r\nTargetObject: HKU\\.DEFAULT\\Software\\Microsoft\\Windows\\CurrentVersion\\Internet Settings\\Connections","SourceModuleName":"eventlog","AccountType":"User"}
{"RuleName":"-","@timestamp":"2020-10-13T04:25:31.668Z","Channel":"Microsoft-Windows-Sysmon/Operational","UserID":"S-1-5-18","RecordNumber":338885,"ThreadID":4308,"Image":"C:\\Windows\\System32\\dns.exe","ProcessId":"3712","Version":5,"Hostname":"MORDORDC.theshire.local","SourcePort":"53","DestinationHostname":"-","EventReceivedTime":"2020-10-13 00:25:31","ProviderGuid":"{5770385F-C22A-43E0-BF4C-06F5698FFBD9}","DestinationPortName":"-","Protocol":"udp","UtcTime":"2020-10-13 04:25:28.722","port":61041,"Severity":"INFO","SourceIsIpv6":"false","Task":3,"tags":["mordorDataset"],"SourceModuleType":"im_msvistalog","OpcodeValue":0,"Initiated":"false","EventType":"INFO","ExecutionProcessID":3984,"Opcode":"Info","DestinationPort":"53523","SourcePortName":"-","SourceName":"Microsoft-Windows-Sysmon","User":"NT AUTHORITY\\SYSTEM","Keywords":-9223372036854775808,"SourceHostname":"-","EventID":3,"Domain":"NT AUTHORITY","Category":"Network connection detected (rule: NetworkConnect)","@version":"1","AccountName":"SYSTEM","ProcessGuid":"{029f9482-bfb1-5f84-5300-000000000400}","host":"wec.internal.cloudapp.net","SourceIp":"172.18.38.5","SeverityValue":2,"EventTime":"2020-10-13 00:25:30","Message":"Network connection detected:\r\nRuleName: -\r\nUtcTime: 2020-10-13 04:25:28.722\r\nProcessGuid: {029f9482-bfb1-5f84-5300-000000000400}\r\nProcessId: 3712\r\nImage: C:\\Windows\\System32\\dns.exe\r\nUser: NT AUTHORITY\\SYSTEM\r\nProtocol: udp\r\nInitiated: false\r\nSourceIsIpv6: false\r\nSourceIp: 172.18.38.5\r\nSourceHostname: -\r\nSourcePort: 53\r\nSourcePortName: -\r\nDestinationIsIpv6: false\r\nDestinationIp: 172.18.39.5\r\nDestinationHostname: -\r\nDestinationPort: 53523\r\nDestinationPortName: -","DestinationIsIpv6":"false","SourceModuleName":"eventlog","DestinationIp":"172.18.39.5","AccountType":"User"}
{"RuleName":"-","@timestamp":"2020-10-13T04:25:31.669Z","Channel":"Microsoft-Windows-Sysmon/Operational","UserID":"S-1-5-18","RecordNumber":338886,"ThreadID":4308,"Image":"C:\\Windows\\System32\\dns.exe","ProcessId":"3712","Version":5,"Hostname":"MORDORDC.theshire.local","SourcePort":"59935","DestinationHostname":"-","EventReceivedTime":"2020-10-13 00:25:31","ProviderGuid":"{5770385F-C22A-43E0-BF4C-06F5698FFBD9}","DestinationPortName":"-","Protocol":"udp","UtcTime":"2020-10-13 04:25:28.724","port":61041,"Severity":"INFO","SourceIsIpv6":"false","Task":3,"tags":["mordorDataset"],"SourceModuleType":"im_msvistalog","OpcodeValue":0,"Initiated":"true","EventType":"INFO","ExecutionProcessID":3984,"Opcode":"Info","DestinationPort":"53","SourcePortName":"-","SourceName":"Microsoft-Windows-Sysmon","User":"NT AUTHORITY\\SYSTEM","Keywords":-9223372036854775808,"SourceHostname":"-","EventID":3,"Domain":"NT AUTHORITY","Category":"Network connection detected (rule: NetworkConnect)","@version":"1","AccountName":"SYSTEM","ProcessGuid":"{029f9482-bfb1-5f84-5300-000000000400}","host":"wec.internal.cloudapp.net","SourceIp":"172.18.38.5","SeverityValue":2,"EventTime":"2020-10-13 00:25:30","Message":"Network connection detected:\r\nRuleName: -\r\nUtcTime: 2020-10-13 04:25:28.724\r\nProcessGuid: {029f9482-bfb1-5f84-5300-000000000400}\r\nProcessId: 3712\r\nImage: C:\\Windows\\System32\\dns.exe\r\nUser: NT AUTHORITY\\SYSTEM\r\nProtocol: udp\r\nInitiated: true\r\nSourceIsIpv6: false\r\nSourceIp: 172.18.38.5\r\nSourceHostname: -\r\nSourcePort: 59935\r\nSourcePortName: -\r\nDestinationIsIpv6: false\r\nDestinationIp: 13.107.160.4\r\nDestinationHostname: -\r\nDestinationPort: 53\r\nDestinationPortName: -","DestinationIsIpv6":"false","SourceModuleName":"eventlog","DestinationIp":"13.107.160.4","AccountType":"User"}
{"RuleName":"-","@timestamp":"2020-10-13T04:25:31.670Z","Channel":"Microsoft-Windows-Sysmon/Operational","UserID":"S-1-5-18","RecordNumber":338887,"ThreadID":4308,"Image":"C:\\Windows\\System32\\dns.exe","ProcessId":"3712","Version":5,"Hostname":"MORDORDC.theshire.local","SourcePort":"59644","DestinationHostname":"-","EventReceivedTime":"2020-10-13 00:25:31","ProviderGuid":"{5770385F-C22A-43E0-BF4C-06F5698FFBD9}","DestinationPortName":"-","Protocol":"udp","UtcTime":"2020-10-13 04:25:28.737","port":61041,"Severity":"INFO","SourceIsIpv6":"false","Task":3,"tags":["mordorDataset"],"SourceModuleType":"im_msvistalog","OpcodeValue":0,"Initiated":"true","EventType":"INFO","ExecutionProcessID":3984,"Opcode":"Info","DestinationPort":"53","SourcePortName":"-","SourceName":"Microsoft-Windows-Sysmon","User":"NT AUTHORITY\\SYSTEM","Keywords":-9223372036854775808,"SourceHostname":"-","EventID":3,"Domain":"NT AUTHORITY","Category":"Network connection detected (rule: NetworkConnect)","@version":"1","AccountName":"SYSTEM","ProcessGuid":"{029f9482-bfb1-5f84-5300-000000000400}","host":"wec.internal.cloudapp.net","SourceIp":"172.18.38.5","SeverityValue":2,"EventTime":"2020-10-13 00:25:30","Message":"Network connection detected:\r\nRuleName: -\r\nUtcTime: 2020-10-13 04:25:28.737\r\nProcessGuid: {029f9482-bfb1-5f84-5300-000000000400}\r\nProcessId: 3712\r\nImage: C:\\Windows\\System32\\dns.exe\r\nUser: NT AUTHORITY\\SYSTEM\r\nProtocol: udp\r\nInitiated: true\r\nSourceIsIpv6: false\r\nSourceIp: 172.18.38.5\r\nSourceHostname: -\r\nSourcePort: 59644\r\nSourcePortName: -\r\nDestinationIsIpv6: false\r\nDestinationIp: 13.107.4.1\r\nDestinationHostname: -\r\nDestinationPort: 53\r\nDestinationPortName: -","DestinationIsIpv6":"false","SourceModuleName":"eventlog","DestinationIp":"13.107.4.1","AccountType":"User"}
{"RuleName":"-","@timestamp":"2020-10-13T04:25:32.668Z","Channel":"Microsoft-Windows-Sysmon/Operational","UserID":"S-1-5-18","RecordNumber":386265,"ThreadID":1892,"Image":"C:\\Windows\\System32\\svchost.exe","ProcessId":"1548","Version":5,"Hostname":"WORKSTATION5.theshire.local","SourcePort":"53523","DestinationHostname":"-","EventReceivedTime":"2020-10-13 00:25:32","ProviderGuid":"{5770385F-C22A-43E0-BF4C-06F5698FFBD9}","DestinationPortName":"-","Protocol":"udp","UtcTime":"2020-10-13 04:25:27.798","port":61041,"Severity":"INFO","SourceIsIpv6":"false","Task":3,"tags":["mordorDataset"],"SourceModuleType":"im_msvistalog","OpcodeValue":0,"Initiated":"true","EventType":"INFO","ExecutionProcessID":3312,"Opcode":"Info","DestinationPort":"53","SourcePortName":"-","SourceName":"Microsoft-Windows-Sysmon","User":"NT AUTHORITY\\NETWORK SERVICE","Keywords":-9223372036854775808,"SourceHostname":"-","EventID":3,"Domain":"NT AUTHORITY","Category":"Network connection detected (rule: NetworkConnect)","@version":"1","AccountName":"SYSTEM","ProcessGuid":"{71b87c12-d257-5f84-2200-000000000500}","host":"wec.internal.cloudapp.net","SourceIp":"172.18.39.5","SeverityValue":2,"EventTime":"2020-10-13 00:25:30","Message":"Network connection detected:\r\nRuleName: -\r\nUtcTime: 2020-10-13 04:25:27.798\r\nProcessGuid: {71b87c12-d257-5f84-2200-000000000500}\r\nProcessId: 1548\r\nImage: C:\\Windows\\System32\\svchost.exe\r\nUser: NT AUTHORITY\\NETWORK SERVICE\r\nProtocol: udp\r\nInitiated: true\r\nSourceIsIpv6: false\r\nSourceIp: 172.18.39.5\r\nSourceHostname: -\r\nSourcePort: 53523\r\nSourcePortName: -\r\nDestinationIsIpv6: false\r\nDestinationIp: 172.18.38.5\r\nDestinationHostname: -\r\nDestinationPort: 53\r\nDestinationPortName: -","DestinationIsIpv6":"false","SourceModuleName":"eventlog","DestinationIp":"172.18.38.5","AccountType":"User"}
{"RuleName":"-","@timestamp":"2020-10-13T04:25:32.668Z","Channel":"Microsoft-Windows-Sysmon/Operational","UserID":"S-1-5-18","RecordNumber":386266,"ThreadID":1892,"Image":"C:\\Windows\\System32\\svchost.exe","ProcessId":"3152","Version":5,"Hostname":"WORKSTATION5.theshire.local","SourcePort":"53765","DestinationHostname":"-","EventReceivedTime":"2020-10-13 00:25:32","ProviderGuid":"{5770385F-C22A-43E0-BF4C-06F5698FFBD9}","DestinationPortName":"-","Protocol":"tcp","UtcTime":"2020-10-13 04:25:27.824","port":61041,"Severity":"INFO","SourceIsIpv6":"false","Task":3,"tags":["mordorDataset"],"SourceModuleType":"im_msvistalog","OpcodeValue":0,"Initiated":"true","EventType":"INFO","ExecutionProcessID":3312,"Opcode":"Info","DestinationPort":"80","SourcePortName":"-","SourceName":"Microsoft-Windows-Sysmon","User":"NT AUTHORITY\\NETWORK SERVICE","Keywords":-9223372036854775808,"SourceHostname":"-","EventID":3,"Domain":"NT AUTHORITY","Category":"Network connection detected (rule: NetworkConnect)","@version":"1","AccountName":"SYSTEM","ProcessGuid":"{71b87c12-d259-5f84-4900-000000000500}","host":"wec.internal.cloudapp.net","SourceIp":"172.18.39.5","SeverityValue":2,"EventTime":"2020-10-13 00:25:30","Message":"Network connection detected:\r\nRuleName: -\r\nUtcTime: 2020-10-13 04:25:27.824\r\nProcessGuid: {71b87c12-d259-5f84-4900-000000000500}\r\nProcessId: 3152\r\nImage: C:\\Windows\\System32\\svchost.exe\r\nUser: NT AUTHORITY\\NETWORK SERVICE\r\nProtocol: tcp\r\nInitiated: true\r\nSourceIsIpv6: false\r\nSourceIp: 172.18.39.5\r\nSourceHostname: -\r\nSourcePort: 53765\r\nSourcePortName: -\r\nDestinationIsIpv6: false\r\nDestinationIp: 13.107.4.50\r\nDestinationHostname: -\r\nDestinationPort: 80\r\nDestinationPortName: -","DestinationIsIpv6":"false","SourceModuleName":"eventlog","DestinationIp":"13.107.4.50","AccountType":"User"}
{"@timestamp":"2020-10-13T04:25:32.668Z","port":61041,"Severity":"INFO","Task":12810,"Channel":"Security","tags":["mordorDataset"],"LayerName":"%%14608","SourceModuleType":"im_msvistalog","OpcodeValue":0,"Application":"\\device\\harddiskvolume2\\windowsazure\\guestagent_2.7.41491.993_2020-10-12_203739\\guestagent\\windowsazureguestagent.exe","EventType":"AUDIT_SUCCESS","ExecutionProcessID":4,"Opcode":"Info","RecordNumber":85432,"ThreadID":4868,"FilterRTID":"0","SourceName":"Microsoft-Windows-Security-Auditing","LayerRTID":"36","Keywords":-9214364837600034816,"EventID":5158,"Category":"Filtering Platform Connection","ProcessId":"3600","Version":0,"@version":"1","host":"wec.internal.cloudapp.net","Hostname":"WORKSTATION6.theshire.local","SourcePort":"62316","EventReceivedTime":"2020-10-13 00:25:32","SeverityValue":2,"EventTime":"2020-10-13 00:25:30","ProviderGuid":"{54849625-5478-4994-A5BA-3E3B0328C30D}","Message":"The Windows Filtering Platform has permitted a bind to a local port.\r\n\r\nApplication Information:\r\n\tProcess ID:\t\t3600\r\n\tApplication Name:\t\\device\\harddiskvolume2\\windowsazure\\guestagent_2.7.41491.993_2020-10-12_203739\\guestagent\\windowsazureguestagent.exe\r\n\r\nNetwork Information:\r\n\tSource Address:\t\t0.0.0.0\r\n\tSource Port:\t\t62316\r\n\tProtocol:\t\t6\r\n\r\nFilter Information:\r\n\tFilter Run-Time ID:\t0\r\n\tLayer Name:\t\tResource Assignment\r\n\tLayer Run-Time ID:\t36","SourceAddress":"0.0.0.0","SourceModuleName":"eventlog","Protocol":"6"}
{"@timestamp":"2020-10-13T04:25:32.669Z","port":61041,"Severity":"INFO","Task":12810,"Channel":"Security","tags":["mordorDataset"],"LayerName":"%%14611","SourceModuleType":"im_msvistalog","OpcodeValue":0,"Application":"\\device\\harddiskvolume2\\windowsazure\\guestagent_2.7.41491.993_2020-10-12_203739\\guestagent\\windowsazureguestagent.exe","EventType":"AUDIT_SUCCESS","ExecutionProcessID":4,"Opcode":"Info","RecordNumber":85433,"ThreadID":4868,"FilterRTID":"68867","SourceName":"Microsoft-Windows-Security-Auditing","DestPort":"80","LayerRTID":"48","Keywords":-9214364837600034816,"EventID":5156,"Category":"Filtering Platform Connection","ProcessId":"3600","Version":1,"@version":"1","Direction":"%%14593","DestAddress":"168.63.129.16","RemoteUserID":"S-1-0-0","host":"wec.internal.cloudapp.net","Hostname":"WORKSTATION6.theshire.local","SourcePort":"62316","RemoteMachineID":"S-1-0-0","EventReceivedTime":"2020-10-13 00:25:32","SeverityValue":2,"EventTime":"2020-10-13 00:25:30","ProviderGuid":"{54849625-5478-4994-A5BA-3E3B0328C30D}","Message":"The Windows Filtering Platform has permitted a connection.\r\n\r\nApplication Information:\r\n\tProcess ID:\t\t3600\r\n\tApplication Name:\t\\device\\harddiskvolume2\\windowsazure\\guestagent_2.7.41491.993_2020-10-12_203739\\guestagent\\windowsazureguestagent.exe\r\n\r\nNetwork Information:\r\n\tDirection:\t\tOutbound\r\n\tSource Address:\t\t172.18.39.6\r\n\tSource Port:\t\t62316\r\n\tDestination Address:\t168.63.129.16\r\n\tDestination Port:\t\t80\r\n\tProtocol:\t\t6\r\n\r\nFilter Information:\r\n\tFilter Run-Time ID:\t68867\r\n\tLayer Name:\t\tConnect\r\n\tLayer Run-Time ID:\t48","SourceAddress":"172.18.39.6","SourceModuleName":"eventlog","Protocol":"6"}
{"@timestamp":"2020-10-13T04:25:32.669Z","port":61041,"Severity":"INFO","Task":12810,"Channel":"security","tags":["mordorDataset"],"LayerName":"%%14608","SourceModuleType":"im_msvistalog","OpcodeValue":0,"Application":"\\device\\harddiskvolume2\\windowsazure\\guestagent_2.7.41491.993_2020-10-12_203731\\waappagent.exe","EventType":"AUDIT_SUCCESS","ExecutionProcessID":4,"Opcode":"Info","RecordNumber":118729,"ThreadID":5776,"FilterRTID":"0","SourceName":"Microsoft-Windows-Security-Auditing","LayerRTID":"36","Keywords":-9214364837600034816,"EventID":5158,"Category":"Filtering Platform Connection","ProcessId":"3276","Version":0,"@version":"1","host":"wec.internal.cloudapp.net","Hostname":"WORKSTATION5.theshire.local","SourcePort":"53766","EventReceivedTime":"2020-10-13 00:25:32","SeverityValue":2,"EventTime":"2020-10-13 00:25:30","ProviderGuid":"{54849625-5478-4994-A5BA-3E3B0328C30D}","Message":"The Windows Filtering Platform has permitted a bind to a local port.\r\n\r\nApplication Information:\r\n\tProcess ID:\t\t3276\r\n\tApplication Name:\t\\device\\harddiskvolume2\\windowsazure\\guestagent_2.7.41491.993_2020-10-12_203731\\waappagent.exe\r\n\r\nNetwork Information:\r\n\tSource Address:\t\t0.0.0.0\r\n\tSource Port:\t\t53766\r\n\tProtocol:\t\t6\r\n\r\nFilter Information:\r\n\tFilter Run-Time ID:\t0\r\n\tLayer Name:\t\tResource Assignment\r\n\tLayer Run-Time ID:\t36","SourceAddress":"0.0.0.0","SourceModuleName":"eventlog","Protocol":"6"}
{"@timestamp":"2020-10-13T04:25:32.670Z","port":61041,"Severity":"INFO","Task":12810,"Channel":"security","tags":["mordorDataset"],"LayerName":"%%14611","SourceModuleType":"im_msvistalog","OpcodeValue":0,"Application":"\\device\\harddiskvolume2\\windowsazure\\guestagent_2.7.41491.993_2020-10-12_203731\\waappagent.exe","EventType":"AUDIT_SUCCESS","ExecutionProcessID":4,"Opcode":"Info","RecordNumber":118730,"ThreadID":5776,"FilterRTID":"70706","SourceName":"Microsoft-Windows-Security-Auditing","DestPort":"80","LayerRTID":"48","Keywords":-9214364837600034816,"EventID":5156,"Category":"Filtering Platform Connection","ProcessId":"3276","Version":1,"@version":"1","Direction":"%%14593","DestAddress":"168.63.129.16","RemoteUserID":"S-1-0-0","host":"wec.internal.cloudapp.net","Hostname":"WORKSTATION5.theshire.local","SourcePort":"53766","RemoteMachineID":"S-1-0-0","EventReceivedTime":"2020-10-13 00:25:32","SeverityValue":2,"EventTime":"2020-10-13 00:25:30","ProviderGuid":"{54849625-5478-4994-A5BA-3E3B0328C30D}","Message":"The Windows Filtering Platform has permitted a connection.\r\n\r\nApplication Information:\r\n\tProcess ID:\t\t3276\r\n\tApplication Name:\t\\device\\harddiskvolume2\\windowsazure\\guestagent_2.7.41491.993_2020-10-12_203731\\waappagent.exe\r\n\r\nNetwork Information:\r\n\tDirection:\t\tOutbound\r\n\tSource Address:\t\t172.18.39.5\r\n\tSource Port:\t\t53766\r\n\tDestination Address:\t168.63.129.16\r\n\tDestination Port:\t\t80\r\n\tProtocol:\t\t6\r\n\r\nFilter Information:\r\n\tFilter Run-Time ID:\t70706\r\n\tLayer Name:\t\tConnect\r\n\tLayer Run-Time ID:\t48","SourceAddress":"172.18.39.5","SourceModuleName":"eventlog","Protocol":"6"}
{"@timestamp":"2020-10-13T04:25:37.677Z","port":61041,"Severity":"INFO","Task":12810,"Channel":"Security","tags":["mordorDataset"],"LayerName":"%%14608","SourceModuleType":"im_msvistalog","OpcodeValue":0,"Application":"\\device\\harddiskvolume2\\windows\\system32\\svchost.exe","EventType":"AUDIT_SUCCESS","ExecutionProcessID":4,"Opcode":"Info","RecordNumber":287059,"ThreadID":32,"FilterRTID":"0","SourceName":"Microsoft-Windows-Security-Auditing","LayerRTID":"36","Keywords":-9214364837600034816,"EventID":5158,"Category":"Filtering Platform Connection","ProcessId":"3456","Version":0,"@version":"1","host":"wec.internal.cloudapp.net","Hostname":"MORDORDC.theshire.local","SourcePort":"49403","EventReceivedTime":"2020-10-13 00:25:37","SeverityValue":2,"EventTime":"2020-10-13 00:25:35","ProviderGuid":"{54849625-5478-4994-A5BA-3E3B0328C30D}","Message":"The Windows Filtering Platform has permitted a bind to a local port.\r\n\r\nApplication Information:\r\n\tProcess ID:\t\t3456\r\n\tApplication Name:\t\\device\\harddiskvolume2\\windows\\system32\\svchost.exe\r\n\r\nNetwork Information:\r\n\tSource Address:\t\t0.0.0.0\r\n\tSource Port:\t\t49403\r\n\tProtocol:\t\t6\r\n\r\nFilter Information:\r\n\tFilter Run-Time ID:\t0\r\n\tLayer Name:\t\tResource Assignment\r\n\tLayer Run-Time ID:\t36","SourceAddress":"0.0.0.0","SourceModuleName":"eventlog","Protocol":"6"}
