{"TargetDomainName":"THESHIRE","SubjectLogonId":"0x3e7","@version":"1","EventType":"AUDIT_SUCCESS","Version":0,"ThreadID":408,"EventTime":"2020-08-06 03:20:27","Task":13317,"Channel":"Security","SourceName":"Microsoft-Windows-Security-Auditing","OpcodeValue":0,"Hostname":"MORDORDC.theshire.local","@timestamp":"2020-08-06T07:20:28.038Z","Message":"A token right was adjusted.\r\n\r\nSubject:\r\n\tSecurity ID:\t\tS-1-5-18\r\n\tAccount Name:\t\tMORDORDC$\r\n\tAccount Domain:\t\tTHESHIRE\r\n\tLogon ID:\t\t0x3E7\r\n\r\nTarget Account:\r\n\tSecurity ID:\t\tS-1-0-0\r\n\tAccount Name:\t\tMORDORDC$\r\n\tAccount Domain:\t\tTHESHIRE\r\n\tLogon ID:\t\t0x3E7\r\n\r\nProcess Information:\r\n\tProcess ID:\t\t0x934\r\n\tProcess Name:\t\tC:\\Windows\\System32\\svchost.exe\r\n\r\nEnabled Privileges:\r\n\t\t\tSeAssignPrimaryTokenPrivilege\r\n\t\t\tSeIncreaseQuotaPrivilege\r\n\t\t\tSeSecurityPrivilege\r\n\t\t\tSeTakeOwnershipPrivilege\r\n\t\t\tSeLoadDriverPrivilege\r\n\t\t\tSeSystemtimePrivilege\r\n\t\t\tSeBackupPrivilege\r\n\t\t\tSeRestorePrivilege\r\n\t\t\tSeShutdownPrivilege\r\n\t\t\tSeSystemEnvironmentPrivilege\r\n\t\t\tSeUndockPrivilege\r\n\t\t\tSeManageVolumePrivilege\r\n\r\nDisabled Privileges:\r\n\t\t\t-","Category":"Token Right Adjusted Events","Opcode":"Info","SubjectDomainName":"THESHIRE","TargetUserSid":"S-1-0-0","TargetLogonId":"0x3e7","EventReceivedTime":"2020-08-06 03:20:28","port":60122,"SourceModuleName":"eventlog","ProcessId":"0x934","EnabledPrivilegeList":"SeAssignPrimaryTokenPrivilege\r\n\t\t\tSeIncreaseQuotaPrivilege\r\n\t\t\tSeSecurityPrivilege\r\n\t\t\tSeTakeOwnershipPrivilege\r\n\t\t\tSeLoadDriverPrivilege\r\n\t\t\tSeSystemtimePrivilege\r\n\t\t\tSeBackupPrivilege\r\n\t\t\tSeRestorePrivilege\r\n\t\t\tSeShutdownPrivilege\r\n\t\t\tSeSystemEnvironmentPrivilege\r\n\t\t\tSeUndockPrivilege\r\n\t\t\tSeManageVolumePrivilege","ExecutionProcessID":4,"ProcessName":"C:\\Windows\\System32\\svchost.exe","host":"wec.internal.cloudapp.net","SubjectUserSid":"S-1-5-18","SubjectUserName":"MORDORDC$","Severity":"INFO","TargetUserName":"MORDORDC$","SeverityValue":2,"EventID":4703,"DisabledPrivilegeList":"-","ProviderGuid":"{54849625-5478-4994-A5BA-3E3B0328C30D}","RecordNumber":325285,"SourceModuleType":"im_msvistalog","Keywords":-9214364837600034816,"tags":["mordorDataset"]}
{"TargetDomainName":"THESHIRE","SubjectLogonId":"0x3e7","@version":"1","EventType":"AUDIT_SUCCESS","Version":0,"ThreadID":408,"EventTime":"2020-08-06 03:20:27","Task":13317,"Channel":"Security","SourceName":"Microsoft-Windows-Security-Auditing","OpcodeValue":0,"Hostname":"MORDORDC.theshire.local","@timestamp":"2020-08-06T07:20:28.038Z","Message":"A token right was adjusted.\r\n\r\nSubject:\r\n\tSecurity ID:\t\tS-1-5-18\r\n\tAccount Name:\t\tMORDORDC$\r\n\tAccount Domain:\t\tTHESHIRE\r\n\tLogon ID:\t\t0x3E7\r\n\r\nTarget Account:\r\n\tSecurity ID:\t\tS-1-0-0\r\n\tAccount Name:\t\tMORDORDC$\r\n\tAccount Domain:\t\tTHESHIRE\r\n\tLogon ID:\t\t0x3E7\r\n\r\nProcess Information:\r\n\tProcess ID:\t\t0x934\r\n\tProcess Name:\t\tC:\\Windows\\System32\\svchost.exe\r\n\r\nEnabled Privileges:\r\n\t\t\tSeAssignPrimaryTokenPrivilege\r\n\t\t\tSeIncreaseQuotaPrivilege\r\n\t\t\tSeSecurityPrivilege\r\n\t\t\tSeTakeOwnershipPrivilege\r\n\t\t\tSeLoadDriverPrivilege\r\n\t\t\tSeSystemtimePrivilege\r\n\t\t\tSeBackupPrivilege\r\n\t\t\tSeRestorePrivilege\r\n\t\t\tSeShutdownPrivilege\r\n\t\t\tSeSystemEnvironmentPrivilege\r\n\t\t\tSeUndockPrivilege\r\n\t\t\tSeManageVolumePrivilege\r\n\r\nDisabled Privileges:\r\n\t\t\t-","Category":"Token Right Adjusted Events","Opcode":"Info","SubjectDomainName":"THESHIRE","TargetUserSid":"S-1-0-0","TargetLogonId":"0x3e7","EventReceivedTime":"2020-08-06 03:20:28","port":60122,"SourceModuleName":"eventlog","ProcessId":"0x934","EnabledPrivilegeList":"SeAssignPrimaryTokenPrivilege\r\n\t\t\tSeIncreaseQuotaPrivilege\r\n\t\t\tSeSecurityPrivilege\r\n\t\t\tSeTakeOwnershipPrivilege\r\n\t\t\tSeLoadDriverPrivilege\r\n\t\t\tSeSystemtimePrivilege\r\n\t\t\tSeBackupPrivilege\r\n\t\t\tSeRestorePrivilege\r\n\t\t\tSeShutdownPrivilege\r\n\t\t\tSeSystemEnvironmentPrivilege\r\n\t\t\tSeUndockPrivilege\r\n\t\t\tSeManageVolumePrivilege","ExecutionProcessID":4,"ProcessName":"C:\\Windows\\System32\\svchost.exe","host":"wec.internal.cloudapp.net","SubjectUserSid":"S-1-5-18","SubjectUserName":"MORDORDC$","Severity":"INFO","TargetUserName":"MORDORDC$","SeverityValue":2,"EventID":4703,"DisabledPrivilegeList":"-","ProviderGuid":"{54849625-5478-4994-A5BA-3E3B0328C30D}","RecordNumber":325286,"SourceModuleType":"im_msvistalog","Keywords":-9214364837600034816,"tags":["mordorDataset"]}
{"TargetDomainName":"THESHIRE","SubjectLogonId":"0x3e7","@version":"1","EventType":"AUDIT_SUCCESS","Version":0,"ThreadID":408,"EventTime":"2020-08-06 03:20:27","Task":13317,"Channel":"Security","SourceName":"Microsoft-Windows-Security-Auditing","OpcodeValue":0,"Hostname":"MORDORDC.theshire.local","@timestamp":"2020-08-06T07:20:28.038Z","Message":"A token right was adjusted.\r\n\r\nSubject:\r\n\tSecurity ID:\t\tS-1-5-18\r\n\tAccount Name:\t\tMORDORDC$\r\n\tAccount Domain:\t\tTHESHIRE\r\n\tLogon ID:\t\t0x3E7\r\n\r\nTarget Account:\r\n\tSecurity ID:\t\tS-1-0-0\r\n\tAccount Name:\t\tMORDORDC$\r\n\tAccount Domain:\t\tTHESHIRE\r\n\tLogon ID:\t\t0x3E7\r\n\r\nProcess Information:\r\n\tProcess ID:\t\t0x934\r\n\tProcess Name:\t\tC:\\Windows\\System32\\svchost.exe\r\n\r\nEnabled Privileges:\r\n\t\t\tSeAssignPrimaryTokenPrivilege\r\n\t\t\tSeIncreaseQuotaPrivilege\r\n\t\t\tSeSecurityPrivilege\r\n\t\t\tSeTakeOwnershipPrivilege\r\n\t\t\tSeLoadDriverPrivilege\r\n\t\t\tSeSystemtimePrivilege\r\n\t\t\tSeBackupPrivilege\r\n\t\t\tSeRestorePrivilege\r\n\t\t\tSeShutdownPrivilege\r\n\t\t\tSeSystemEnvironmentPrivilege\r\n\t\t\tSeUndockPrivilege\r\n\t\t\tSeManageVolumePrivilege\r\n\r\nDisabled Privileges:\r\n\t\t\t-","Category":"Token Right Adjusted Events","Opcode":"Info","SubjectDomainName":"THESHIRE","TargetUserSid":"S-1-0-0","TargetLogonId":"0x3e7","EventReceivedTime":"2020-08-06 03:20:28","port":60122,"SourceModuleName":"eventlog","ProcessId":"0x934","EnabledPrivilegeList":"SeAssignPrimaryTokenPrivilege\r\n\t\t\tSeIncreaseQuotaPrivilege\r\n\t\t\tSeSecurityPrivilege\r\n\t\t\tSeTakeOwnershipPrivilege\r\n\t\t\tSeLoadDriverPrivilege\r\n\t\t\tSeSystemtimePrivilege\r\n\t\t\tSeBackupPrivilege\r\n\t\t\tSeRestorePrivilege\r\n\t\t\tSeShutdownPrivilege\r\n\t\t\tSeSystemEnvironmentPrivilege\r\n\t\t\tSeUndockPrivilege\r\n\t\t\tSeManageVolumePrivilege","ExecutionProcessID":4,"ProcessName":"C:\\Windows\\System32\\svchost.exe","host":"wec.internal.cloudapp.net","SubjectUserSid":"S-1-5-18","SubjectUserName":"MORDORDC$","Severity":"INFO","TargetUserName":"MORDORDC$","SeverityValue":2,"EventID":4703,"DisabledPrivilegeList":"-","ProviderGuid":"{54849625-5478-4994-A5BA-3E3B0328C30D}","RecordNumber":325287,"SourceModuleType":"im_msvistalog","Keywords":-9214364837600034816,"tags":["mordorDataset"]}
{"TargetDomainName":"THESHIRE","SubjectLogonId":"0x3e7","@version":"1","EventType":"AUDIT_SUCCESS","Version":0,"ThreadID":408,"EventTime":"2020-08-06 03:20:27","Task":13317,"Channel":"Security","SourceName":"Microsoft-Windows-Security-Auditing","OpcodeValue":0,"Hostname":"MORDORDC.theshire.local","@timestamp":"2020-08-06T07:20:28.039Z","Message":"A token right was adjusted.\r\n\r\nSubject:\r\n\tSecurity ID:\t\tS-1-5-18\r\n\tAccount Name:\t\tMORDORDC$\r\n\tAccount Domain:\t\tTHESHIRE\r\n\tLogon ID:\t\t0x3E7\r\n\r\nTarget Account:\r\n\tSecurity ID:\t\tS-1-0-0\r\n\tAccount Name:\t\tMORDORDC$\r\n\tAccount Domain:\t\tTHESHIRE\r\n\tLogon ID:\t\t0x3E7\r\n\r\nProcess Information:\r\n\tProcess ID:\t\t0x934\r\n\tProcess Name:\t\tC:\\Windows\\System32\\svchost.exe\r\n\r\nEnabled Privileges:\r\n\t\t\tSeAssignPrimaryTokenPrivilege\r\n\t\t\tSeIncreaseQuotaPrivilege\r\n\t\t\tSeSecurityPrivilege\r\n\t\t\tSeTakeOwnershipPrivilege\r\n\t\t\tSeLoadDriverPrivilege\r\n\t\t\tSeSystemtimePrivilege\r\n\t\t\tSeBackupPrivilege\r\n\t\t\tSeRestorePrivilege\r\n\t\t\tSeShutdownPrivilege\r\n\t\t\tSeSystemEnvironmentPrivilege\r\n\t\t\tSeUndockPrivilege\r\n\t\t\tSeManageVolumePrivilege\r\n\r\nDisabled Privileges:\r\n\t\t\t-","Category":"Token Right Adjusted Events","Opcode":"Info","SubjectDomainName":"THESHIRE","TargetUserSid":"S-1-0-0","TargetLogonId":"0x3e7","EventReceivedTime":"2020-08-06 03:20:28","port":60122,"SourceModuleName":"eventlog","ProcessId":"0x934","EnabledPrivilegeList":"SeAssignPrimaryTokenPrivilege\r\n\t\t\tSeIncreaseQuotaPrivilege\r\n\t\t\tSeSecurityPrivilege\r\n\t\t\tSeTakeOwnershipPrivilege\r\n\t\t\tSeLoadDriverPrivilege\r\n\t\t\tSeSystemtimePrivilege\r\n\t\t\tSeBackupPrivilege\r\n\t\t\tSeRestorePrivilege\r\n\t\t\tSeShutdownPrivilege\r\n\t\t\tSeSystemEnvironmentPrivilege\r\n\t\t\tSeUndockPrivilege\r\n\t\t\tSeManageVolumePrivilege","ExecutionProcessID":4,"ProcessName":"C:\\Windows\\System32\\svchost.exe","host":"wec.internal.cloudapp.net","SubjectUserSid":"S-1-5-18","SubjectUserName":"MORDORDC$","Severity":"INFO","TargetUserName":"MORDORDC$","SeverityValue":2,"EventID":4703,"DisabledPrivilegeList":"-","ProviderGuid":"{54849625-5478-4994-A5BA-3E3B0328C30D}","RecordNumber":325288,"SourceModuleType":"im_msvistalog","Keywords":-9214364837600034816,"tags":["mordorDataset"]}
{"TargetDomainName":"THESHIRE","SubjectLogonId":"0x3e7","@version":"1","EventType":"AUDIT_SUCCESS","Version":0,"ThreadID":408,"EventTime":"2020-08-06 03:20:27","Task":13317,"Channel":"Security","SourceName":"Microsoft-Windows-Security-Auditing","OpcodeValue":0,"Hostname":"MORDORDC.theshire.local","@timestamp":"2020-08-06T07:20:28.039Z","Message":"A token right was adjusted.\r\n\r\nSubject:\r\n\tSecurity ID:\t\tS-1-5-18\r\n\tAccount Name:\t\tMORDORDC$\r\n\tAccount Domain:\t\tTHESHIRE\r\n\tLogon ID:\t\t0x3E7\r\n\r\nTarget Account:\r\n\tSecurity ID:\t\tS-1-0-0\r\n\tAccount Name:\t\tMORDORDC$\r\n\tAccount Domain:\t\tTHESHIRE\r\n\tLogon ID:\t\t0x3E7\r\n\r\nProcess Information:\r\n\tProcess ID:\t\t0x934\r\n\tProcess Name:\t\tC:\\Windows\\System32\\svchost.exe\r\n\r\nEnabled Privileges:\r\n\t\t\tSeAssignPrimaryTokenPrivilege\r\n\t\t\tSeIncreaseQuotaPrivilege\r\n\t\t\tSeSecurityPrivilege\r\n\t\t\tSeTakeOwnershipPrivilege\r\n\t\t\tSeLoadDriverPrivilege\r\n\t\t\tSeSystemtimePrivilege\r\n\t\t\tSeBackupPrivilege\r\n\t\t\tSeRestorePrivilege\r\n\t\t\tSeShutdownPrivilege\r\n\t\t\tSeSystemEnvironmentPrivilege\r\n\t\t\tSeUndockPrivilege\r\n\t\t\tSeManageVolumePrivilege\r\n\r\nDisabled Privileges:\r\n\t\t\t-","Category":"Token Right Adjusted Events","Opcode":"Info","SubjectDomainName":"THESHIRE","TargetUserSid":"S-1-0-0","TargetLogonId":"0x3e7","EventReceivedTime":"2020-08-06 03:20:28","port":60122,"SourceModuleName":"eventlog","ProcessId":"0x934","EnabledPrivilegeList":"SeAssignPrimaryTokenPrivilege\r\n\t\t\tSeIncreaseQuotaPrivilege\r\n\t\t\tSeSecurityPrivilege\r\n\t\t\tSeTakeOwnershipPrivilege\r\n\t\t\tSeLoadDriverPrivilege\r\n\t\t\tSeSystemtimePrivilege\r\n\t\t\tSeBackupPrivilege\r\n\t\t\tSeRestorePrivilege\r\n\t\t\tSeShutdownPrivilege\r\n\t\t\tSeSystemEnvironmentPrivilege\r\n\t\t\tSeUndockPrivilege\r\n\t\t\tSeManageVolumePrivilege","ExecutionProcessID":4,"ProcessName":"C:\\Windows\\System32\\svchost.exe","host":"wec.internal.cloudapp.net","SubjectUserSid":"S-1-5-18","SubjectUserName":"MORDORDC$","Severity":"INFO","TargetUserName":"MORDORDC$","SeverityValue":2,"EventID":4703,"DisabledPrivilegeList":"-","ProviderGuid":"{54849625-5478-4994-A5BA-3E3B0328C30D}","RecordNumber":325289,"SourceModuleType":"im_msvistalog","Keywords":-9214364837600034816,"tags":["mordorDataset"]}
{"TargetDomainName":"THESHIRE","SubjectLogonId":"0x3e7","@version":"1","EventType":"AUDIT_SUCCESS","Version":0,"ThreadID":408,"EventTime":"2020-08-06 03:20:27","Task":13317,"Channel":"Security","SourceName":"Microsoft-Windows-Security-Auditing","OpcodeValue":0,"Hostname":"MORDORDC.theshire.local","@timestamp":"2020-08-06T07:20:28.039Z","Message":"A token right was adjusted.\r\n\r\nSubject:\r\n\tSecurity ID:\t\tS-1-5-18\r\n\tAccount Name:\t\tMORDORDC$\r\n\tAccount Domain:\t\tTHESHIRE\r\n\tLogon ID:\t\t0x3E7\r\n\r\nTarget Account:\r\n\tSecurity ID:\t\tS-1-0-0\r\n\tAccount Name:\t\tMORDORDC$\r\n\tAccount Domain:\t\tTHESHIRE\r\n\tLogon ID:\t\t0x3E7\r\n\r\nProcess Information:\r\n\tProcess ID:\t\t0x934\r\n\tProcess Name:\t\tC:\\Windows\\System32\\svchost.exe\r\n\r\nEnabled Privileges:\r\n\t\t\tSeAssignPrimaryTokenPrivilege\r\n\t\t\tSeIncreaseQuotaPrivilege\r\n\t\t\tSeSecurityPrivilege\r\n\t\t\tSeTakeOwnershipPrivilege\r\n\t\t\tSeLoadDriverPrivilege\r\n\t\t\tSeSystemtimePrivilege\r\n\t\t\tSeBackupPrivilege\r\n\t\t\tSeRestorePrivilege\r\n\t\t\tSeShutdownPrivilege\r\n\t\t\tSeSystemEnvironmentPrivilege\r\n\t\t\tSeUndockPrivilege\r\n\t\t\tSeManageVolumePrivilege\r\n\r\nDisabled Privileges:\r\n\t\t\t-","Category":"Token Right Adjusted Events","Opcode":"Info","SubjectDomainName":"THESHIRE","TargetUserSid":"S-1-0-0","TargetLogonId":"0x3e7","EventReceivedTime":"2020-08-06 03:20:28","port":60122,"SourceModuleName":"eventlog","ProcessId":"0x934","EnabledPrivilegeList":"SeAssignPrimaryTokenPrivilege\r\n\t\t\tSeIncreaseQuotaPrivilege\r\n\t\t\tSeSecurityPrivilege\r\n\t\t\tSeTakeOwnershipPrivilege\r\n\t\t\tSeLoadDriverPrivilege\r\n\t\t\tSeSystemtimePrivilege\r\n\t\t\tSeBackupPrivilege\r\n\t\t\tSeRestorePrivilege\r\n\t\t\tSeShutdownPrivilege\r\n\t\t\tSeSystemEnvironmentPrivilege\r\n\t\t\tSeUndockPrivilege\r\n\t\t\tSeManageVolumePrivilege","ExecutionProcessID":4,"ProcessName":"C:\\Windows\\System32\\svchost.exe","host":"wec.internal.cloudapp.net","SubjectUserSid":"S-1-5-18","SubjectUserName":"MORDORDC$","Severity":"INFO","TargetUserName":"MORDORDC$","SeverityValue":2,"EventID":4703,"DisabledPrivilegeList":"-","ProviderGuid":"{54849625-5478-4994-A5BA-3E3B0328C30D}","RecordNumber":325290,"SourceModuleType":"im_msvistalog","Keywords":-9214364837600034816,"tags":["mordorDataset"]}
{"TargetDomainName":"THESHIRE","SubjectLogonId":"0x3e7","@version":"1","EventType":"AUDIT_SUCCESS","Version":0,"ThreadID":408,"EventTime":"2020-08-06 03:20:27","Task":13317,"Channel":"Security","SourceName":"Microsoft-Windows-Security-Auditing","OpcodeValue":0,"Hostname":"MORDORDC.theshire.local","@timestamp":"2020-08-06T07:20:29.039Z","Message":"A token right was adjusted.\r\n\r\nSubject:\r\n\tSecurity ID:\t\tS-1-5-18\r\n\tAccount Name:\t\tMORDORDC$\r\n\tAccount Domain:\t\tTHESHIRE\r\n\tLogon ID:\t\t0x3E7\r\n\r\nTarget Account:\r\n\tSecurity ID:\t\tS-1-0-0\r\n\tAccount Name:\t\tMORDORDC$\r\n\tAccount Domain:\t\tTHESHIRE\r\n\tLogon ID:\t\t0x3E7\r\n\r\nProcess Information:\r\n\tProcess ID:\t\t0x934\r\n\tProcess Name:\t\tC:\\Windows\\System32\\svchost.exe\r\n\r\nEnabled Privileges:\r\n\t\t\tSeAssignPrimaryTokenPrivilege\r\n\t\t\tSeIncreaseQuotaPrivilege\r\n\t\t\tSeSecurityPrivilege\r\n\t\t\tSeTakeOwnershipPrivilege\r\n\t\t\tSeLoadDriverPrivilege\r\n\t\t\tSeSystemtimePrivilege\r\n\t\t\tSeBackupPrivilege\r\n\t\t\tSeRestorePrivilege\r\n\t\t\tSeShutdownPrivilege\r\n\t\t\tSeSystemEnvironmentPrivilege\r\n\t\t\tSeUndockPrivilege\r\n\t\t\tSeManageVolumePrivilege\r\n\r\nDisabled Privileges:\r\n\t\t\t-","Category":"Token Right Adjusted Events","Opcode":"Info","SubjectDomainName":"THESHIRE","TargetUserSid":"S-1-0-0","TargetLogonId":"0x3e7","EventReceivedTime":"2020-08-06 03:20:29","port":60122,"SourceModuleName":"eventlog","ProcessId":"0x934","EnabledPrivilegeList":"SeAssignPrimaryTokenPrivilege\r\n\t\t\tSeIncreaseQuotaPrivilege\r\n\t\t\tSeSecurityPrivilege\r\n\t\t\tSeTakeOwnershipPrivilege\r\n\t\t\tSeLoadDriverPrivilege\r\n\t\t\tSeSystemtimePrivilege\r\n\t\t\tSeBackupPrivilege\r\n\t\t\tSeRestorePrivilege\r\n\t\t\tSeShutdownPrivilege\r\n\t\t\tSeSystemEnvironmentPrivilege\r\n\t\t\tSeUndockPrivilege\r\n\t\t\tSeManageVolumePrivilege","ExecutionProcessID":4,"ProcessName":"C:\\Windows\\System32\\svchost.exe","host":"wec.internal.cloudapp.net","SubjectUserSid":"S-1-5-18","SubjectUserName":"MORDORDC$","Severity":"INFO","TargetUserName":"MORDORDC$","SeverityValue":2,"EventID":4703,"DisabledPrivilegeList":"-","ProviderGuid":"{54849625-5478-4994-A5BA-3E3B0328C30D}","RecordNumber":325291,"SourceModuleType":"im_msvistalog","Keywords":-9214364837600034816,"tags":["mordorDataset"]}
{"TargetDomainName":"THESHIRE","SubjectLogonId":"0x3e7","@version":"1","EventType":"AUDIT_SUCCESS","Version":0,"ThreadID":408,"EventTime":"2020-08-06 03:20:27","Task":13317,"Channel":"Security","SourceName":"Microsoft-Windows-Security-Auditing","OpcodeValue":0,"Hostname":"MORDORDC.theshire.local","@timestamp":"2020-08-06T07:20:29.039Z","Message":"A token right was adjusted.\r\n\r\nSubject:\r\n\tSecurity ID:\t\tS-1-5-18\r\n\tAccount Name:\t\tMORDORDC$\r\n\tAccount Domain:\t\tTHESHIRE\r\n\tLogon ID:\t\t0x3E7\r\n\r\nTarget Account:\r\n\tSecurity ID:\t\tS-1-0-0\r\n\tAccount Name:\t\tMORDORDC$\r\n\tAccount Domain:\t\tTHESHIRE\r\n\tLogon ID:\t\t0x3E7\r\n\r\nProcess Information:\r\n\tProcess ID:\t\t0x934\r\n\tProcess Name:\t\tC:\\Windows\\System32\\svchost.exe\r\n\r\nEnabled Privileges:\r\n\t\t\tSeAssignPrimaryTokenPrivilege\r\n\t\t\tSeIncreaseQuotaPrivilege\r\n\t\t\tSeSecurityPrivilege\r\n\t\t\tSeTakeOwnershipPrivilege\r\n\t\t\tSeLoadDriverPrivilege\r\n\t\t\tSeSystemtimePrivilege\r\n\t\t\tSeBackupPrivilege\r\n\t\t\tSeRestorePrivilege\r\n\t\t\tSeShutdownPrivilege\r\n\t\t\tSeSystemEnvironmentPrivilege\r\n\t\t\tSeUndockPrivilege\r\n\t\t\tSeManageVolumePrivilege\r\n\r\nDisabled Privileges:\r\n\t\t\t-","Category":"Token Right Adjusted Events","Opcode":"Info","SubjectDomainName":"THESHIRE","TargetUserSid":"S-1-0-0","TargetLogonId":"0x3e7","EventReceivedTime":"2020-08-06 03:20:29","port":60122,"SourceModuleName":"eventlog","ProcessId":"0x934","EnabledPrivilegeList":"SeAssignPrimaryTokenPrivilege\r\n\t\t\tSeIncreaseQuotaPrivilege\r\n\t\t\tSeSecurityPrivilege\r\n\t\t\tSeTakeOwnershipPrivilege\r\n\t\t\tSeLoadDriverPrivilege\r\n\t\t\tSeSystemtimePrivilege\r\n\t\t\tSeBackupPrivilege\r\n\t\t\tSeRestorePrivilege\r\n\t\t\tSeShutdownPrivilege\r\n\t\t\tSeSystemEnvironmentPrivilege\r\n\t\t\tSeUndockPrivilege\r\n\t\t\tSeManageVolumePrivilege","ExecutionProcessID":4,"ProcessName":"C:\\Windows\\System32\\svchost.exe","host":"wec.internal.cloudapp.net","SubjectUserSid":"S-1-5-18","SubjectUserName":"MORDORDC$","Severity":"INFO","TargetUserName":"MORDORDC$","SeverityValue":2,"EventID":4703,"DisabledPrivilegeList":"-","ProviderGuid":"{54849625-5478-4994-A5BA-3E3B0328C30D}","RecordNumber":325292,"SourceModuleType":"im_msvistalog","Keywords":-9214364837600034816,"tags":["mordorDataset"]}
{"TargetDomainName":"THESHIRE","SubjectLogonId":"0x3e7","@version":"1","EventType":"AUDIT_SUCCESS","Version":0,"ThreadID":408,"EventTime":"2020-08-06 03:20:27","Task":13317,"Channel":"Security","SourceName":"Microsoft-Windows-Security-Auditing","OpcodeValue":0,"Hostname":"MORDORDC.theshire.local","@timestamp":"2020-08-06T07:20:29.039Z","Message":"A token right was adjusted.\r\n\r\nSubject:\r\n\tSecurity ID:\t\tS-1-5-18\r\n\tAccount Name:\t\tMORDORDC$\r\n\tAccount Domain:\t\tTHESHIRE\r\n\tLogon ID:\t\t0x3E7\r\n\r\nTarget Account:\r\n\tSecurity ID:\t\tS-1-0-0\r\n\tAccount Name:\t\tMORDORDC$\r\n\tAccount Domain:\t\tTHESHIRE\r\n\tLogon ID:\t\t0x3E7\r\n\r\nProcess Information:\r\n\tProcess ID:\t\t0x934\r\n\tProcess Name:\t\tC:\\Windows\\System32\\svchost.exe\r\n\r\nEnabled Privileges:\r\n\t\t\tSeAssignPrimaryTokenPrivilege\r\n\t\t\tSeIncreaseQuotaPrivilege\r\n\t\t\tSeSecurityPrivilege\r\n\t\t\tSeTakeOwnershipPrivilege\r\n\t\t\tSeLoadDriverPrivilege\r\n\t\t\tSeSystemtimePrivilege\r\n\t\t\tSeBackupPrivilege\r\n\t\t\tSeRestorePrivilege\r\n\t\t\tSeShutdownPrivilege\r\n\t\t\tSeSystemEnvironmentPrivilege\r\n\t\t\tSeUndockPrivilege\r\n\t\t\tSeManageVolumePrivilege\r\n\r\nDisabled Privileges:\r\n\t\t\t-","Category":"Token Right Adjusted Events","Opcode":"Info","SubjectDomainName":"THESHIRE","TargetUserSid":"S-1-0-0","TargetLogonId":"0x3e7","EventReceivedTime":"2020-08-06 03:20:29","port":60122,"SourceModuleName":"eventlog","ProcessId":"0x934","EnabledPrivilegeList":"SeAssignPrimaryTokenPrivilege\r\n\t\t\tSeIncreaseQuotaPrivilege\r\n\t\t\tSeSecurityPrivilege\r\n\t\t\tSeTakeOwnershipPrivilege\r\n\t\t\tSeLoadDriverPrivilege\r\n\t\t\tSeSystemtimePrivilege\r\n\t\t\tSeBackupPrivilege\r\n\t\t\tSeRestorePrivilege\r\n\t\t\tSeShutdownPrivilege\r\n\t\t\tSeSystemEnvironmentPrivilege\r\n\t\t\tSeUndockPrivilege\r\n\t\t\tSeManageVolumePrivilege","ExecutionProcessID":4,"ProcessName":"C:\\Windows\\System32\\svchost.exe","host":"wec.internal.cloudapp.net","SubjectUserSid":"S-1-5-18","SubjectUserName":"MORDORDC$","Severity":"INFO","TargetUserName":"MORDORDC$","SeverityValue":2,"EventID":4703,"DisabledPrivilegeList":"-","ProviderGuid":"{54849625-5478-4994-A5BA-3E3B0328C30D}","RecordNumber":325293,"SourceModuleType":"im_msvistalog","Keywords":-9214364837600034816,"tags":["mordorDataset"]}
{"TargetDomainName":"THESHIRE","SubjectLogonId":"0x3e7","@version":"1","EventType":"AUDIT_SUCCESS","Version":0,"ThreadID":408,"EventTime":"2020-08-06 03:20:27","Task":13317,"Channel":"Security","SourceName":"Microsoft-Windows-Security-Auditing","OpcodeValue":0,"Hostname":"MORDORDC.theshire.local","@timestamp":"2020-08-06T07:20:29.039Z","Message":"A token right was adjusted.\r\n\r\nSubject:\r\n\tSecurity ID:\t\tS-1-5-18\r\n\tAccount Name:\t\tMORDORDC$\r\n\tAccount Domain:\t\tTHESHIRE\r\n\tLogon ID:\t\t0x3E7\r\n\r\nTarget Account:\r\n\tSecurity ID:\t\tS-1-0-0\r\n\tAccount Name:\t\tMORDORDC$\r\n\tAccount Domain:\t\tTHESHIRE\r\n\tLogon ID:\t\t0x3E7\r\n\r\nProcess Information:\r\n\tProcess ID:\t\t0x934\r\n\tProcess Name:\t\tC:\\Windows\\System32\\svchost.exe\r\n\r\nEnabled Privileges:\r\n\t\t\tSeAssignPrimaryTokenPrivilege\r\n\t\t\tSeIncreaseQuotaPrivilege\r\n\t\t\tSeSecurityPrivilege\r\n\t\t\tSeTakeOwnershipPrivilege\r\n\t\t\tSeLoadDriverPrivilege\r\n\t\t\tSeSystemtimePrivilege\r\n\t\t\tSeBackupPrivilege\r\n\t\t\tSeRestorePrivilege\r\n\t\t\tSeShutdownPrivilege\r\n\t\t\tSeSystemEnvironmentPrivilege\r\n\t\t\tSeUndockPrivilege\r\n\t\t\tSeManageVolumePrivilege\r\n\r\nDisabled Privileges:\r\n\t\t\t-","Category":"Token Right Adjusted Events","Opcode":"Info","SubjectDomainName":"THESHIRE","TargetUserSid":"S-1-0-0","TargetLogonId":"0x3e7","EventReceivedTime":"2020-08-06 03:20:29","port":60122,"SourceModuleName":"eventlog","ProcessId":"0x934","EnabledPrivilegeList":"SeAssignPrimaryTokenPrivilege\r\n\t\t\tSeIncreaseQuotaPrivilege\r\n\t\t\tSeSecurityPrivilege\r\n\t\t\tSeTakeOwnershipPrivilege\r\n\t\t\tSeLoadDriverPrivilege\r\n\t\t\tSeSystemtimePrivilege\r\n\t\t\tSeBackupPrivilege\r\n\t\t\tSeRestorePrivilege\r\n\t\t\tSeShutdownPrivilege\r\n\t\t\tSeSystemEnvironmentPrivilege\r\n\t\t\tSeUndockPrivilege\r\n\t\t\tSeManageVolumePrivilege","ExecutionProcessID":4,"ProcessName":"C:\\Windows\\System32\\svchost.exe","host":"wec.internal.cloudapp.net","SubjectUserSid":"S-1-5-18","SubjectUserName":"MORDORDC$","Severity":"INFO","TargetUserName":"MORDORDC$","SeverityValue":2,"EventID":4703,"DisabledPrivilegeList":"-","ProviderGuid":"{54849625-5478-4994-A5BA-3E3B0328C30D}","RecordNumber":325294,"SourceModuleType":"im_msvistalog","Keywords":-9214364837600034816,"tags":["mordorDataset"]}
{"TargetDomainName":"THESHIRE","SubjectLogonId":"0x3e7","@version":"1","EventType":"AUDIT_SUCCESS","Version":0,"ThreadID":408,"EventTime":"2020-08-06 03:20:27","Task":13317,"Channel":"Security","SourceName":"Microsoft-Windows-Security-Auditing","OpcodeValue":0,"Hostname":"MORDORDC.theshire.local","@timestamp":"2020-08-06T07:20:29.039Z","Message":"A token right was adjusted.\r\n\r\nSubject:\r\n\tSecurity ID:\t\tS-1-5-18\r\n\tAccount Name:\t\tMORDORDC$\r\n\tAccount Domain:\t\tTHESHIRE\r\n\tLogon ID:\t\t0x3E7\r\n\r\nTarget Account:\r\n\tSecurity ID:\t\tS-1-0-0\r\n\tAccount Name:\t\tMORDORDC$\r\n\tAccount Domain:\t\tTHESHIRE\r\n\tLogon ID:\t\t0x3E7\r\n\r\nProcess Information:\r\n\tProcess ID:\t\t0x934\r\n\tProcess Name:\t\tC:\\Windows\\System32\\svchost.exe\r\n\r\nEnabled Privileges:\r\n\t\t\tSeAssignPrimaryTokenPrivilege\r\n\t\t\tSeIncreaseQuotaPrivilege\r\n\t\t\tSeSecurityPrivilege\r\n\t\t\tSeTakeOwnershipPrivilege\r\n\t\t\tSeLoadDriverPrivilege\r\n\t\t\tSeSystemtimePrivilege\r\n\t\t\tSeBackupPrivilege\r\n\t\t\tSeRestorePrivilege\r\n\t\t\tSeShutdownPrivilege\r\n\t\t\tSeSystemEnvironmentPrivilege\r\n\t\t\tSeUndockPrivilege\r\n\t\t\tSeManageVolumePrivilege\r\n\r\nDisabled Privileges:\r\n\t\t\t-","Category":"Token Right Adjusted Events","Opcode":"Info","SubjectDomainName":"THESHIRE","TargetUserSid":"S-1-0-0","TargetLogonId":"0x3e7","EventReceivedTime":"2020-08-06 03:20:29","port":60122,"SourceModuleName":"eventlog","ProcessId":"0x934","EnabledPrivilegeList":"SeAssignPrimaryTokenPrivilege\r\n\t\t\tSeIncreaseQuotaPrivilege\r\n\t\t\tSeSecurityPrivilege\r\n\t\t\tSeTakeOwnershipPrivilege\r\n\t\t\tSeLoadDriverPrivilege\r\n\t\t\tSeSystemtimePrivilege\r\n\t\t\tSeBackupPrivilege\r\n\t\t\tSeRestorePrivilege\r\n\t\t\tSeShutdownPrivilege\r\n\t\t\tSeSystemEnvironmentPrivilege\r\n\t\t\tSeUndockPrivilege\r\n\t\t\tSeManageVolumePrivilege","ExecutionProcessID":4,"ProcessName":"C:\\Windows\\System32\\svchost.exe","host":"wec.internal.cloudapp.net","SubjectUserSid":"S-1-5-18","SubjectUserName":"MORDORDC$","Severity":"INFO","TargetUserName":"MORDORDC$","SeverityValue":2,"EventID":4703,"DisabledPrivilegeList":"-","ProviderGuid":"{54849625-5478-4994-A5BA-3E3B0328C30D}","RecordNumber":325295,"SourceModuleType":"im_msvistalog","Keywords":-9214364837600034816,"tags":["mordorDataset"]}
{"TargetDomainName":"THESHIRE","SubjectLogonId":"0x3e7","@version":"1","EventType":"AUDIT_SUCCESS","Version":0,"ThreadID":408,"EventTime":"2020-08-06 03:20:27","Task":13317,"Channel":"Security","SourceName":"Microsoft-Windows-Security-Auditing","OpcodeValue":0,"Hostname":"MORDORDC.theshire.local","@timestamp":"2020-08-06T07:20:29.039Z","Message":"A token right was adjusted.\r\n\r\nSubject:\r\n\tSecurity ID:\t\tS-1-5-18\r\n\tAccount Name:\t\tMORDORDC$\r\n\tAccount Domain:\t\tTHESHIRE\r\n\tLogon ID:\t\t0x3E7\r\n\r\nTarget Account:\r\n\tSecurity ID:\t\tS-1-0-0\r\n\tAccount Name:\t\tMORDORDC$\r\n\tAccount Domain:\t\tTHESHIRE\r\n\tLogon ID:\t\t0x3E7\r\n\r\nProcess Information:\r\n\tProcess ID:\t\t0x934\r\n\tProcess Name:\t\tC:\\Windows\\System32\\svchost.exe\r\n\r\nEnabled Privileges:\r\n\t\t\tSeAssignPrimaryTokenPrivilege\r\n\t\t\tSeIncreaseQuotaPrivilege\r\n\t\t\tSeSecurityPrivilege\r\n\t\t\tSeTakeOwnershipPrivilege\r\n\t\t\tSeLoadDriverPrivilege\r\n\t\t\tSeSystemtimePrivilege\r\n\t\t\tSeBackupPrivilege\r\n\t\t\tSeRestorePrivilege\r\n\t\t\tSeShutdownPrivilege\r\n\t\t\tSeSystemEnvironmentPrivilege\r\n\t\t\tSeUndockPrivilege\r\n\t\t\tSeManageVolumePrivilege\r\n\r\nDisabled Privileges:\r\n\t\t\t-","Category":"Token Right Adjusted Events","Opcode":"Info","SubjectDomainName":"THESHIRE","TargetUserSid":"S-1-0-0","TargetLogonId":"0x3e7","EventReceivedTime":"2020-08-06 03:20:29","port":60122,"SourceModuleName":"eventlog","ProcessId":"0x934","EnabledPrivilegeList":"SeAssignPrimaryTokenPrivilege\r\n\t\t\tSeIncreaseQuotaPrivilege\r\n\t\t\tSeSecurityPrivilege\r\n\t\t\tSeTakeOwnershipPrivilege\r\n\t\t\tSeLoadDriverPrivilege\r\n\t\t\tSeSystemtimePrivilege\r\n\t\t\tSeBackupPrivilege\r\n\t\t\tSeRestorePrivilege\r\n\t\t\tSeShutdownPrivilege\r\n\t\t\tSeSystemEnvironmentPrivilege\r\n\t\t\tSeUndockPrivilege\r\n\t\t\tSeManageVolumePrivilege","ExecutionProcessID":4,"ProcessName":"C:\\Windows\\System32\\svchost.exe","host":"wec.internal.cloudapp.net","SubjectUserSid":"S-1-5-18","SubjectUserName":"MORDORDC$","Severity":"INFO","TargetUserName":"MORDORDC$","SeverityValue":2,"EventID":4703,"DisabledPrivilegeList":"-","ProviderGuid":"{54849625-5478-4994-A5BA-3E3B0328C30D}","RecordNumber":325296,"SourceModuleType":"im_msvistalog","Keywords":-9214364837600034816,"tags":["mordorDataset"]}
{"TargetDomainName":"THESHIRE","SubjectLogonId":"0x3e7","@version":"1","EventType":"AUDIT_SUCCESS","Version":0,"ThreadID":408,"EventTime":"2020-08-06 03:20:27","Task":13317,"Channel":"Security","SourceName":"Microsoft-Windows-Security-Auditing","OpcodeValue":0,"Hostname":"MORDORDC.theshire.local","@timestamp":"2020-08-06T07:20:29.040Z","Message":"A token right was adjusted.\r\n\r\nSubject:\r\n\tSecurity ID:\t\tS-1-5-18\r\n\tAccount Name:\t\tMORDORDC$\r\n\tAccount Domain:\t\tTHESHIRE\r\n\tLogon ID:\t\t0x3E7\r\n\r\nTarget Account:\r\n\tSecurity ID:\t\tS-1-0-0\r\n\tAccount Name:\t\tMORDORDC$\r\n\tAccount Domain:\t\tTHESHIRE\r\n\tLogon ID:\t\t0x3E7\r\n\r\nProcess Information:\r\n\tProcess ID:\t\t0x934\r\n\tProcess Name:\t\tC:\\Windows\\System32\\svchost.exe\r\n\r\nEnabled Privileges:\r\n\t\t\tSeAssignPrimaryTokenPrivilege\r\n\t\t\tSeIncreaseQuotaPrivilege\r\n\t\t\tSeSecurityPrivilege\r\n\t\t\tSeTakeOwnershipPrivilege\r\n\t\t\tSeLoadDriverPrivilege\r\n\t\t\tSeSystemtimePrivilege\r\n\t\t\tSeBackupPrivilege\r\n\t\t\tSeRestorePrivilege\r\n\t\t\tSeShutdownPrivilege\r\n\t\t\tSeSystemEnvironmentPrivilege\r\n\t\t\tSeUndockPrivilege\r\n\t\t\tSeManageVolumePrivilege\r\n\r\nDisabled Privileges:\r\n\t\t\t-","Category":"Token Right Adjusted Events","Opcode":"Info","SubjectDomainName":"THESHIRE","TargetUserSid":"S-1-0-0","TargetLogonId":"0x3e7","EventReceivedTime":"2020-08-06 03:20:29","port":60122,"SourceModuleName":"eventlog","ProcessId":"0x934","EnabledPrivilegeList":"SeAssignPrimaryTokenPrivilege\r\n\t\t\tSeIncreaseQuotaPrivilege\r\n\t\t\tSeSecurityPrivilege\r\n\t\t\tSeTakeOwnershipPrivilege\r\n\t\t\tSeLoadDriverPrivilege\r\n\t\t\tSeSystemtimePrivilege\r\n\t\t\tSeBackupPrivilege\r\n\t\t\tSeRestorePrivilege\r\n\t\t\tSeShutdownPrivilege\r\n\t\t\tSeSystemEnvironmentPrivilege\r\n\t\t\tSeUndockPrivilege\r\n\t\t\tSeManageVolumePrivilege","ExecutionProcessID":4,"ProcessName":"C:\\Windows\\System32\\svchost.exe","host":"wec.internal.cloudapp.net","SubjectUserSid":"S-1-5-18","SubjectUserName":"MORDORDC$","Severity":"INFO","TargetUserName":"MORDORDC$","SeverityValue":2,"EventID":4703,"DisabledPrivilegeList":"-","ProviderGuid":"{54849625-5478-4994-A5BA-3E3B0328C30D}","RecordNumber":325297,"SourceModuleType":"im_msvistalog","Keywords":-9214364837600034816,"tags":["mordorDataset"]}
{"TargetDomainName":"THESHIRE","SubjectLogonId":"0x3e7","@version":"1","EventType":"AUDIT_SUCCESS","Version":0,"ThreadID":408,"EventTime":"2020-08-06 03:20:27","Task":13317,"Channel":"Security","SourceName":"Microsoft-Windows-Security-Auditing","OpcodeValue":0,"Hostname":"MORDORDC.theshire.local","@timestamp":"2020-08-06T07:20:29.040Z","Message":"A token right was adjusted.\r\n\r\nSubject:\r\n\tSecurity ID:\t\tS-1-5-18\r\n\tAccount Name:\t\tMORDORDC$\r\n\tAccount Domain:\t\tTHESHIRE\r\n\tLogon ID:\t\t0x3E7\r\n\r\nTarget Account:\r\n\tSecurity ID:\t\tS-1-0-0\r\n\tAccount Name:\t\tMORDORDC$\r\n\tAccount Domain:\t\tTHESHIRE\r\n\tLogon ID:\t\t0x3E7\r\n\r\nProcess Information:\r\n\tProcess ID:\t\t0x934\r\n\tProcess Name:\t\tC:\\Windows\\System32\\svchost.exe\r\n\r\nEnabled Privileges:\r\n\t\t\tSeAssignPrimaryTokenPrivilege\r\n\t\t\tSeIncreaseQuotaPrivilege\r\n\t\t\tSeSecurityPrivilege\r\n\t\t\tSeTakeOwnershipPrivilege\r\n\t\t\tSeLoadDriverPrivilege\r\n\t\t\tSeSystemtimePrivilege\r\n\t\t\tSeBackupPrivilege\r\n\t\t\tSeRestorePrivilege\r\n\t\t\tSeShutdownPrivilege\r\n\t\t\tSeSystemEnvironmentPrivilege\r\n\t\t\tSeUndockPrivilege\r\n\t\t\tSeManageVolumePrivilege\r\n\r\nDisabled Privileges:\r\n\t\t\t-","Category":"Token Right Adjusted Events","Opcode":"Info","SubjectDomainName":"THESHIRE","TargetUserSid":"S-1-0-0","TargetLogonId":"0x3e7","EventReceivedTime":"2020-08-06 03:20:29","port":60122,"SourceModuleName":"eventlog","ProcessId":"0x934","EnabledPrivilegeList":"SeAssignPrimaryTokenPrivilege\r\n\t\t\tSeIncreaseQuotaPrivilege\r\n\t\t\tSeSecurityPrivilege\r\n\t\t\tSeTakeOwnershipPrivilege\r\n\t\t\tSeLoadDriverPrivilege\r\n\t\t\tSeSystemtimePrivilege\r\n\t\t\tSeBackupPrivilege\r\n\t\t\tSeRestorePrivilege\r\n\t\t\tSeShutdownPrivilege\r\n\t\t\tSeSystemEnvironmentPrivilege\r\n\t\t\tSeUndockPrivilege\r\n\t\t\tSeManageVolumePrivilege","ExecutionProcessID":4,"ProcessName":"C:\\Windows\\System32\\svchost.exe","host":"wec.internal.cloudapp.net","SubjectUserSid":"S-1-5-18","SubjectUserName":"MORDORDC$","Severity":"INFO","TargetUserName":"MORDORDC$","SeverityValue":2,"EventID":4703,"DisabledPrivilegeList":"-","ProviderGuid":"{54849625-5478-4994-A5BA-3E3B0328C30D}","RecordNumber":325298,"SourceModuleType":"im_msvistalog","Keywords":-9214364837600034816,"tags":["mordorDataset"]}
{"TargetDomainName":"THESHIRE","SubjectLogonId":"0x3e7","@version":"1","EventType":"AUDIT_SUCCESS","Version":0,"ThreadID":408,"EventTime":"2020-08-06 03:20:27","Task":13317,"Channel":"Security","SourceName":"Microsoft-Windows-Security-Auditing","OpcodeValue":0,"Hostname":"MORDORDC.theshire.local","@timestamp":"2020-08-06T07:20:29.040Z","Message":"A token right was adjusted.\r\n\r\nSubject:\r\n\tSecurity ID:\t\tS-1-5-18\r\n\tAccount Name:\t\tMORDORDC$\r\n\tAccount Domain:\t\tTHESHIRE\r\n\tLogon ID:\t\t0x3E7\r\n\r\nTarget Account:\r\n\tSecurity ID:\t\tS-1-0-0\r\n\tAccount Name:\t\tMORDORDC$\r\n\tAccount Domain:\t\tTHESHIRE\r\n\tLogon ID:\t\t0x3E7\r\n\r\nProcess Information:\r\n\tProcess ID:\t\t0x934\r\n\tProcess Name:\t\tC:\\Windows\\System32\\svchost.exe\r\n\r\nEnabled Privileges:\r\n\t\t\tSeAssignPrimaryTokenPrivilege\r\n\t\t\tSeIncreaseQuotaPrivilege\r\n\t\t\tSeSecurityPrivilege\r\n\t\t\tSeTakeOwnershipPrivilege\r\n\t\t\tSeLoadDriverPrivilege\r\n\t\t\tSeSystemtimePrivilege\r\n\t\t\tSeBackupPrivilege\r\n\t\t\tSeRestorePrivilege\r\n\t\t\tSeShutdownPrivilege\r\n\t\t\tSeSystemEnvironmentPrivilege\r\n\t\t\tSeUndockPrivilege\r\n\t\t\tSeManageVolumePrivilege\r\n\r\nDisabled Privileges:\r\n\t\t\t-","Category":"Token Right Adjusted Events","Opcode":"Info","SubjectDomainName":"THESHIRE","TargetUserSid":"S-1-0-0","TargetLogonId":"0x3e7","EventReceivedTime":"2020-08-06 03:20:29","port":60122,"SourceModuleName":"eventlog","ProcessId":"0x934","EnabledPrivilegeList":"SeAssignPrimaryTokenPrivilege\r\n\t\t\tSeIncreaseQuotaPrivilege\r\n\t\t\tSeSecurityPrivilege\r\n\t\t\tSeTakeOwnershipPrivilege\r\n\t\t\tSeLoadDriverPrivilege\r\n\t\t\tSeSystemtimePrivilege\r\n\t\t\tSeBackupPrivilege\r\n\t\t\tSeRestorePrivilege\r\n\t\t\tSeShutdownPrivilege\r\n\t\t\tSeSystemEnvironmentPrivilege\r\n\t\t\tSeUndockPrivilege\r\n\t\t\tSeManageVolumePrivilege","ExecutionProcessID":4,"ProcessName":"C:\\Windows\\System32\\svchost.exe","host":"wec.internal.cloudapp.net","SubjectUserSid":"S-1-5-18","SubjectUserName":"MORDORDC$","Severity":"INFO","TargetUserName":"MORDORDC$","SeverityValue":2,"EventID":4703,"DisabledPrivilegeList":"-","ProviderGuid":"{54849625-5478-4994-A5BA-3E3B0328C30D}","RecordNumber":325299,"SourceModuleType":"im_msvistalog","Keywords":-9214364837600034816,"tags":["mordorDataset"]}
{"TargetDomainName":"THESHIRE","SubjectLogonId":"0x3e7","@version":"1","EventType":"AUDIT_SUCCESS","Version":0,"ThreadID":408,"EventTime":"2020-08-06 03:20:27","Task":13317,"Channel":"Security","SourceName":"Microsoft-Windows-Security-Auditing","OpcodeValue":0,"Hostname":"MORDORDC.theshire.local","@timestamp":"2020-08-06T07:20:29.040Z","Message":"A token right was adjusted.\r\n\r\nSubject:\r\n\tSecurity ID:\t\tS-1-5-18\r\n\tAccount Name:\t\tMORDORDC$\r\n\tAccount Domain:\t\tTHESHIRE\r\n\tLogon ID:\t\t0x3E7\r\n\r\nTarget Account:\r\n\tSecurity ID:\t\tS-1-0-0\r\n\tAccount Name:\t\tMORDORDC$\r\n\tAccount Domain:\t\tTHESHIRE\r\n\tLogon ID:\t\t0x3E7\r\n\r\nProcess Information:\r\n\tProcess ID:\t\t0x934\r\n\tProcess Name:\t\tC:\\Windows\\System32\\svchost.exe\r\n\r\nEnabled Privileges:\r\n\t\t\tSeAssignPrimaryTokenPrivilege\r\n\t\t\tSeIncreaseQuotaPrivilege\r\n\t\t\tSeSecurityPrivilege\r\n\t\t\tSeTakeOwnershipPrivilege\r\n\t\t\tSeLoadDriverPrivilege\r\n\t\t\tSeSystemtimePrivilege\r\n\t\t\tSeBackupPrivilege\r\n\t\t\tSeRestorePrivilege\r\n\t\t\tSeShutdownPrivilege\r\n\t\t\tSeSystemEnvironmentPrivilege\r\n\t\t\tSeUndockPrivilege\r\n\t\t\tSeManageVolumePrivilege\r\n\r\nDisabled Privileges:\r\n\t\t\t-","Category":"Token Right Adjusted Events","Opcode":"Info","SubjectDomainName":"THESHIRE","TargetUserSid":"S-1-0-0","TargetLogonId":"0x3e7","EventReceivedTime":"2020-08-06 03:20:29","port":60122,"SourceModuleName":"eventlog","ProcessId":"0x934","EnabledPrivilegeList":"SeAssignPrimaryTokenPrivilege\r\n\t\t\tSeIncreaseQuotaPrivilege\r\n\t\t\tSeSecurityPrivilege\r\n\t\t\tSeTakeOwnershipPrivilege\r\n\t\t\tSeLoadDriverPrivilege\r\n\t\t\tSeSystemtimePrivilege\r\n\t\t\tSeBackupPrivilege\r\n\t\t\tSeRestorePrivilege\r\n\t\t\tSeShutdownPrivilege\r\n\t\t\tSeSystemEnvironmentPrivilege\r\n\t\t\tSeUndockPrivilege\r\n\t\t\tSeManageVolumePrivilege","ExecutionProcessID":4,"ProcessName":"C:\\Windows\\System32\\svchost.exe","host":"wec.internal.cloudapp.net","SubjectUserSid":"S-1-5-18","SubjectUserName":"MORDORDC$","Severity":"INFO","TargetUserName":"MORDORDC$","SeverityValue":2,"EventID":4703,"DisabledPrivilegeList":"-","ProviderGuid":"{54849625-5478-4994-A5BA-3E3B0328C30D}","RecordNumber":325300,"SourceModuleType":"im_msvistalog","Keywords":-9214364837600034816,"tags":["mordorDataset"]}
{"TargetDomainName":"THESHIRE","SubjectLogonId":"0x3e7","@version":"1","EventType":"AUDIT_SUCCESS","Version":0,"ThreadID":408,"EventTime":"2020-08-06 03:20:27","Task":13317,"Channel":"Security","SourceName":"Microsoft-Windows-Security-Auditing","OpcodeValue":0,"Hostname":"MORDORDC.theshire.local","@timestamp":"2020-08-06T07:20:29.040Z","Message":"A token right was adjusted.\r\n\r\nSubject:\r\n\tSecurity ID:\t\tS-1-5-18\r\n\tAccount Name:\t\tMORDORDC$\r\n\tAccount Domain:\t\tTHESHIRE\r\n\tLogon ID:\t\t0x3E7\r\n\r\nTarget Account:\r\n\tSecurity ID:\t\tS-1-0-0\r\n\tAccount Name:\t\tMORDORDC$\r\n\tAccount Domain:\t\tTHESHIRE\r\n\tLogon ID:\t\t0x3E7\r\n\r\nProcess Information:\r\n\tProcess ID:\t\t0x934\r\n\tProcess Name:\t\tC:\\Windows\\System32\\svchost.exe\r\n\r\nEnabled Privileges:\r\n\t\t\tSeAssignPrimaryTokenPrivilege\r\n\t\t\tSeIncreaseQuotaPrivilege\r\n\t\t\tSeSecurityPrivilege\r\n\t\t\tSeTakeOwnershipPrivilege\r\n\t\t\tSeLoadDriverPrivilege\r\n\t\t\tSeSystemtimePrivilege\r\n\t\t\tSeBackupPrivilege\r\n\t\t\tSeRestorePrivilege\r\n\t\t\tSeShutdownPrivilege\r\n\t\t\tSeSystemEnvironmentPrivilege\r\n\t\t\tSeUndockPrivilege\r\n\t\t\tSeManageVolumePrivilege\r\n\r\nDisabled Privileges:\r\n\t\t\t-","Category":"Token Right Adjusted Events","Opcode":"Info","SubjectDomainName":"THESHIRE","TargetUserSid":"S-1-0-0","TargetLogonId":"0x3e7","EventReceivedTime":"2020-08-06 03:20:29","port":60122,"SourceModuleName":"eventlog","ProcessId":"0x934","EnabledPrivilegeList":"SeAssignPrimaryTokenPrivilege\r\n\t\t\tSeIncreaseQuotaPrivilege\r\n\t\t\tSeSecurityPrivilege\r\n\t\t\tSeTakeOwnershipPrivilege\r\n\t\t\tSeLoadDriverPrivilege\r\n\t\t\tSeSystemtimePrivilege\r\n\t\t\tSeBackupPrivilege\r\n\t\t\tSeRestorePrivilege\r\n\t\t\tSeShutdownPrivilege\r\n\t\t\tSeSystemEnvironmentPrivilege\r\n\t\t\tSeUndockPrivilege\r\n\t\t\tSeManageVolumePrivilege","ExecutionProcessID":4,"ProcessName":"C:\\Windows\\System32\\svchost.exe","host":"wec.internal.cloudapp.net","SubjectUserSid":"S-1-5-18","SubjectUserName":"MORDORDC$","Severity":"INFO","TargetUserName":"MORDORDC$","SeverityValue":2,"EventID":4703,"DisabledPrivilegeList":"-","ProviderGuid":"{54849625-5478-4994-A5BA-3E3B0328C30D}","RecordNumber":325301,"SourceModuleType":"im_msvistalog","Keywords":-9214364837600034816,"tags":["mordorDataset"]}
{"tags":["mordorDataset"],"@version":"1","EventType":"AUDIT_FAILURE","Version":1,"ThreadID":6204,"EventTime":"2020-08-06 03:20:27","Task":12810,"DestAddress":"172.18.39.6","SourcePort":"55031","Channel":"Security","SourceName":"Microsoft-Windows-Security-Auditing","OpcodeValue":0,"Hostname":"WORKSTATION6.theshire.local","@timestamp":"2020-08-06T07:20:29.040Z","Message":"The Windows Filtering Platform has blocked a connection.\r\n\r\nApplication Information:\r\n\tProcess ID:\t\t732\r\n\tApplication Name:\t\\device\\harddiskvolume2\\windows\\system32\\services.exe\r\n\r\nNetwork Information:\r\n\tDirection:\t\tInbound\r\n\tSource Address:\t\t172.18.39.5\r\n\tSource Port:\t\t55031\r\n\tDestination Address:\t172.18.39.6\r\n\tDestination Port:\t\t50115\r\n\tProtocol:\t\t6\r\n\r\nFilter Information:\r\n\tFilter Run-Time ID:\t69408\r\n\tLayer Name:\t\tReceive/Accept\r\n\tLayer Run-Time ID:\t44","Category":"Filtering Platform Connection","Opcode":"Info","SourceModuleName":"eventlog","ProcessId":"732","EventReceivedTime":"2020-08-06 03:20:29","port":60122,"Application":"\\device\\harddiskvolume2\\windows\\system32\\services.exe","ExecutionProcessID":4,"Direction":"%%14592","RemoteMachineID":"S-1-0-0","host":"wec.internal.cloudapp.net","DestPort":"50115","Severity":"ERROR","LayerRTID":"44","LayerName":"%%14610","SeverityValue":4,"EventID":5157,"SourceAddress":"172.18.39.5","ProviderGuid":"{54849625-5478-4994-A5BA-3E3B0328C30D}","RecordNumber":95049,"SourceModuleType":"im_msvistalog","Keywords":-9218868437227405312,"FilterRTID":"69408","Protocol":"6","RemoteUserID":"S-1-0-0"}
{"tags":["mordorDataset"],"@version":"1","EventType":"AUDIT_SUCCESS","Version":1,"ThreadID":6204,"EventTime":"2020-08-06 03:20:27","Task":12810,"DestAddress":"169.254.169.254","SourcePort":"50110","Channel":"Security","SourceName":"Microsoft-Windows-Security-Auditing","OpcodeValue":0,"Hostname":"WORKSTATION6.theshire.local","@timestamp":"2020-08-06T07:20:29.041Z","Message":"The Windows Filtering Platform has permitted a connection.\r\n\r\nApplication Information:\r\n\tProcess ID:\t\t3548\r\n\tApplication Name:\t\\device\\harddiskvolume2\\packages\\plugins\\microsoft.azure.networkwatcher.networkwatcheragentwindows\\1.4.1587.1\\networkwatcheragent\\networkwatcheragent.exe\r\n\r\nNetwork Information:\r\n\tDirection:\t\tOutbound\r\n\tSource Address:\t\t172.18.39.6\r\n\tSource Port:\t\t50110\r\n\tDestination Address:\t169.254.169.254\r\n\tDestination Port:\t\t80\r\n\tProtocol:\t\t6\r\n\r\nFilter Information:\r\n\tFilter Run-Time ID:\t69426\r\n\tLayer Name:\t\tConnect\r\n\tLayer Run-Time ID:\t48","Category":"Filtering Platform Connection","Opcode":"Info","SourceModuleName":"eventlog","ProcessId":"3548","EventReceivedTime":"2020-08-06 03:20:29","port":60122,"Application":"\\device\\harddiskvolume2\\packages\\plugins\\microsoft.azure.networkwatcher.networkwatcheragentwindows\\1.4.1587.1\\networkwatcheragent\\networkwatcheragent.exe","ExecutionProcessID":4,"Direction":"%%14593","RemoteMachineID":"S-1-0-0","host":"wec.internal.cloudapp.net","DestPort":"80","Severity":"INFO","LayerRTID":"48","LayerName":"%%14611","SeverityValue":2,"EventID":5156,"SourceAddress":"172.18.39.6","ProviderGuid":"{54849625-5478-4994-A5BA-3E3B0328C30D}","RecordNumber":95050,"SourceModuleType":"im_msvistalog","Keywords":-9214364837600034816,"FilterRTID":"69426","Protocol":"6","RemoteUserID":"S-1-0-0"}
{"tags":["mordorDataset"],"@version":"1","EventType":"AUDIT_SUCCESS","Version":1,"ThreadID":6204,"EventTime":"2020-08-06 03:20:27","Task":12810,"DestAddress":"169.254.169.254","SourcePort":"50110","Channel":"Security","SourceName":"Microsoft-Windows-Security-Auditing","OpcodeValue":0,"Hostname":"WORKSTATION6.theshire.local","@timestamp":"2020-08-06T07:20:29.041Z","Message":"The Windows Filtering Platform has permitted a connection.\r\n\r\nApplication Information:\r\n\tProcess ID:\t\t3548\r\n\tApplication Name:\t\\device\\harddiskvolume2\\packages\\plugins\\microsoft.azure.networkwatcher.networkwatcheragentwindows\\1.4.1587.1\\networkwatcheragent\\networkwatcheragent.exe\r\n\r\nNetwork Information:\r\n\tDirection:\t\tOutbound\r\n\tSource Address:\t\t172.18.39.6\r\n\tSource Port:\t\t50110\r\n\tDestination Address:\t169.254.169.254\r\n\tDestination Port:\t\t80\r\n\tProtocol:\t\t6\r\n\r\nFilter Information:\r\n\tFilter Run-Time ID:\t69426\r\n\tLayer Name:\t\tConnect\r\n\tLayer Run-Time ID:\t48","Category":"Filtering Platform Connection","Opcode":"Info","SourceModuleName":"eventlog","ProcessId":"3548","EventReceivedTime":"2020-08-06 03:20:29","port":60122,"Application":"\\device\\harddiskvolume2\\packages\\plugins\\microsoft.azure.networkwatcher.networkwatcheragentwindows\\1.4.1587.1\\networkwatcheragent\\networkwatcheragent.exe","ExecutionProcessID":4,"Direction":"%%14593","RemoteMachineID":"S-1-0-0","host":"wec.internal.cloudapp.net","DestPort":"80","Severity":"INFO","LayerRTID":"48","LayerName":"%%14611","SeverityValue":2,"EventID":5156,"SourceAddress":"172.18.39.6","ProviderGuid":"{54849625-5478-4994-A5BA-3E3B0328C30D}","RecordNumber":95051,"SourceModuleType":"im_msvistalog","Keywords":-9214364837600034816,"FilterRTID":"69426","Protocol":"6","RemoteUserID":"S-1-0-0"}
{"tags":["mordorDataset"],"@version":"1","EventType":"AUDIT_FAILURE","Version":1,"ThreadID":904,"EventTime":"2020-08-06 03:20:31","Task":12810,"DestAddress":"172.18.39.6","SourcePort":"55031","Channel":"Security","SourceName":"Microsoft-Windows-Security-Auditing","OpcodeValue":0,"Hostname":"WORKSTATION6.theshire.local","@timestamp":"2020-08-06T07:20:34.064Z","Message":"The Windows Filtering Platform has blocked a connection.\r\n\r\nApplication Information:\r\n\tProcess ID:\t\t732\r\n\tApplication Name:\t\\device\\harddiskvolume2\\windows\\system32\\services.exe\r\n\r\nNetwork Information:\r\n\tDirection:\t\tInbound\r\n\tSource Address:\t\t172.18.39.5\r\n\tSource Port:\t\t55031\r\n\tDestination Address:\t172.18.39.6\r\n\tDestination Port:\t\t50115\r\n\tProtocol:\t\t6\r\n\r\nFilter Information:\r\n\tFilter Run-Time ID:\t69408\r\n\tLayer Name:\t\tReceive/Accept\r\n\tLayer Run-Time ID:\t44","Category":"Filtering Platform Connection","Opcode":"Info","SourceModuleName":"eventlog","ProcessId":"732","EventReceivedTime":"2020-08-06 03:20:34","port":60122,"Application":"\\device\\harddiskvolume2\\windows\\system32\\services.exe","ExecutionProcessID":4,"Direction":"%%14592","RemoteMachineID":"S-1-0-0","host":"wec.internal.cloudapp.net","DestPort":"50115","Severity":"ERROR","LayerRTID":"44","LayerName":"%%14610","SeverityValue":4,"EventID":5157,"SourceAddress":"172.18.39.5","ProviderGuid":"{54849625-5478-4994-A5BA-3E3B0328C30D}","RecordNumber":95052,"SourceModuleType":"im_msvistalog","Keywords":-9218868437227405312,"FilterRTID":"69408","Protocol":"6","RemoteUserID":"S-1-0-0"}
{"tags":["mordorDataset"],"@version":"1","EventType":"AUDIT_SUCCESS","Version":1,"ThreadID":4060,"EventTime":"2020-08-06 03:20:34","Task":12810,"DestAddress":"169.254.169.254","SourcePort":"52810","Channel":"Security","SourceName":"Microsoft-Windows-Security-Auditing","OpcodeValue":0,"Hostname":"WORKSTATION5.theshire.local","@timestamp":"2020-08-06T07:20:37.070Z","Message":"The Windows Filtering Platform has permitted a connection.\r\n\r\nApplication Information:\r\n\tProcess ID:\t\t3472\r\n\tApplication Name:\t\\device\\harddiskvolume2\\packages\\plugins\\microsoft.azure.networkwatcher.networkwatcheragentwindows\\1.4.1587.1\\networkwatcheragent\\networkwatcheragent.exe\r\n\r\nNetwork Information:\r\n\tDirection:\t\tOutbound\r\n\tSource Address:\t\t172.18.39.5\r\n\tSource Port:\t\t52810\r\n\tDestination Address:\t169.254.169.254\r\n\tDestination Port:\t\t80\r\n\tProtocol:\t\t6\r\n\r\nFilter Information:\r\n\tFilter Run-Time ID:\t69424\r\n\tLayer Name:\t\tConnect\r\n\tLayer Run-Time ID:\t48","Category":"Filtering Platform Connection","Opcode":"Info","SourceModuleName":"eventlog","ProcessId":"3472","EventReceivedTime":"2020-08-06 03:20:37","port":60122,"Application":"\\device\\harddiskvolume2\\packages\\plugins\\microsoft.azure.networkwatcher.networkwatcheragentwindows\\1.4.1587.1\\networkwatcheragent\\networkwatcheragent.exe","ExecutionProcessID":4,"Direction":"%%14593","RemoteMachineID":"S-1-0-0","host":"wec.internal.cloudapp.net","DestPort":"80","Severity":"INFO","LayerRTID":"48","LayerName":"%%14611","SeverityValue":2,"EventID":5156,"SourceAddress":"172.18.39.5","ProviderGuid":"{54849625-5478-4994-A5BA-3E3B0328C30D}","RecordNumber":88079,"SourceModuleType":"im_msvistalog","Keywords":-9214364837600034816,"FilterRTID":"69424","Protocol":"6","RemoteUserID":"S-1-0-0"}
{"tags":["mordorDataset"],"@version":"1","EventType":"AUDIT_SUCCESS","Version":1,"ThreadID":4060,"EventTime":"2020-08-06 03:20:34","Task":12810,"DestAddress":"169.254.169.254","SourcePort":"52810","Channel":"Security","SourceName":"Microsoft-Windows-Security-Auditing","OpcodeValue":0,"Hostname":"WORKSTATION5.theshire.local","@timestamp":"2020-08-06T07:20:37.070Z","Message":"The Windows Filtering Platform has permitted a connection.\r\n\r\nApplication Information:\r\n\tProcess ID:\t\t3472\r\n\tApplication Name:\t\\device\\harddiskvolume2\\packages\\plugins\\microsoft.azure.networkwatcher.networkwatcheragentwindows\\1.4.1587.1\\networkwatcheragent\\networkwatcheragent.exe\r\n\r\nNetwork Information:\r\n\tDirection:\t\tOutbound\r\n\tSource Address:\t\t172.18.39.5\r\n\tSource Port:\t\t52810\r\n\tDestination Address:\t169.254.169.254\r\n\tDestination Port:\t\t80\r\n\tProtocol:\t\t6\r\n\r\nFilter Information:\r\n\tFilter Run-Time ID:\t69424\r\n\tLayer Name:\t\tConnect\r\n\tLayer Run-Time ID:\t48","Category":"Filtering Platform Connection","Opcode":"Info","SourceModuleName":"eventlog","ProcessId":"3472","EventReceivedTime":"2020-08-06 03:20:37","port":60122,"Application":"\\device\\harddiskvolume2\\packages\\plugins\\microsoft.azure.networkwatcher.networkwatcheragentwindows\\1.4.1587.1\\networkwatcheragent\\networkwatcheragent.exe","ExecutionProcessID":4,"Direction":"%%14593","RemoteMachineID":"S-1-0-0","host":"wec.internal.cloudapp.net","DestPort":"80","Severity":"INFO","LayerRTID":"48","LayerName":"%%14611","SeverityValue":2,"EventID":5156,"SourceAddress":"172.18.39.5","ProviderGuid":"{54849625-5478-4994-A5BA-3E3B0328C30D}","RecordNumber":88080,"SourceModuleType":"im_msvistalog","Keywords":-9214364837600034816,"FilterRTID":"69424","Protocol":"6","RemoteUserID":"S-1-0-0"}
