{"@timestamp":"2020-10-13T04:26:30.142Z","port":61041,"Severity":"INFO","Task":13317,"Channel":"Security","tags":["mordorDataset"],"SourceModuleType":"im_msvistalog","OpcodeValue":0,"EventType":"AUDIT_SUCCESS","ExecutionProcessID":4,"Opcode":"Info","RecordNumber":85489,"ThreadID":5556,"SubjectDomainName":"THESHIRE","SubjectLogonId":"0x3e7","SourceName":"Microsoft-Windows-Security-Auditing","TargetLogonId":"0x3e7","Keywords":-9214364837600034816,"TargetUserSid":"S-1-5-18","EventID":4703,"Category":"Token Right Adjusted Events","ProcessId":"0xa4c","Version":0,"@version":"1","DisabledPrivilegeList":"-","host":"wec.internal.cloudapp.net","Hostname":"WORKSTATION6.theshire.local","ProcessName":"C:\\Windows\\System32\\svchost.exe","EventReceivedTime":"2020-10-13 00:26:30","EnabledPrivilegeList":"SeAssignPrimaryTokenPrivilege\r\n\t\t\tSeIncreaseQuotaPrivilege\r\n\t\t\tSeSecurityPrivilege\r\n\t\t\tSeTakeOwnershipPrivilege\r\n\t\t\tSeLoadDriverPrivilege\r\n\t\t\tSeSystemtimePrivilege\r\n\t\t\tSeBackupPrivilege\r\n\t\t\tSeRestorePrivilege\r\n\t\t\tSeShutdownPrivilege\r\n\t\t\tSeSystemEnvironmentPrivilege\r\n\t\t\tSeUndockPrivilege\r\n\t\t\tSeManageVolumePrivilege","SeverityValue":2,"EventTime":"2020-10-13 00:26:28","ProviderGuid":"{54849625-5478-4994-A5BA-3E3B0328C30D}","Message":"A token right was adjusted.\r\n\r\nSubject:\r\n\tSecurity ID:\t\tS-1-5-18\r\n\tAccount Name:\t\tWORKSTATION6$\r\n\tAccount Domain:\t\tTHESHIRE\r\n\tLogon ID:\t\t0x3E7\r\n\r\nTarget Account:\r\n\tSecurity ID:\t\tS-1-5-18\r\n\tAccount Name:\t\tWORKSTATION6$\r\n\tAccount Domain:\t\tTHESHIRE\r\n\tLogon ID:\t\t0x3E7\r\n\r\nProcess Information:\r\n\tProcess ID:\t\t0xa4c\r\n\tProcess Name:\t\tC:\\Windows\\System32\\svchost.exe\r\n\r\nEnabled Privileges:\r\n\t\t\tSeAssignPrimaryTokenPrivilege\r\n\t\t\tSeIncreaseQuotaPrivilege\r\n\t\t\tSeSecurityPrivilege\r\n\t\t\tSeTakeOwnershipPrivilege\r\n\t\t\tSeLoadDriverPrivilege\r\n\t\t\tSeSystemtimePrivilege\r\n\t\t\tSeBackupPrivilege\r\n\t\t\tSeRestorePrivilege\r\n\t\t\tSeShutdownPrivilege\r\n\t\t\tSeSystemEnvironmentPrivilege\r\n\t\t\tSeUndockPrivilege\r\n\t\t\tSeManageVolumePrivilege\r\n\r\nDisabled Privileges:\r\n\t\t\t-","SubjectUserName":"WORKSTATION6$","SourceModuleName":"eventlog","SubjectUserSid":"S-1-5-18","TargetDomainName":"THESHIRE","TargetUserName":"WORKSTATION6$"}
{"@timestamp":"2020-10-13T04:26:30.142Z","port":61041,"Severity":"INFO","Task":13317,"Channel":"Security","tags":["mordorDataset"],"SourceModuleType":"im_msvistalog","OpcodeValue":0,"EventType":"AUDIT_SUCCESS","ExecutionProcessID":4,"Opcode":"Info","RecordNumber":85490,"ThreadID":5556,"SubjectDomainName":"THESHIRE","SubjectLogonId":"0x3e7","SourceName":"Microsoft-Windows-Security-Auditing","TargetLogonId":"0x3e7","Keywords":-9214364837600034816,"TargetUserSid":"S-1-5-18","EventID":4703,"Category":"Token Right Adjusted Events","ProcessId":"0xa4c","Version":0,"@version":"1","DisabledPrivilegeList":"-","host":"wec.internal.cloudapp.net","Hostname":"WORKSTATION6.theshire.local","ProcessName":"C:\\Windows\\System32\\svchost.exe","EventReceivedTime":"2020-10-13 00:26:30","EnabledPrivilegeList":"SeAssignPrimaryTokenPrivilege\r\n\t\t\tSeIncreaseQuotaPrivilege\r\n\t\t\tSeSecurityPrivilege\r\n\t\t\tSeTakeOwnershipPrivilege\r\n\t\t\tSeLoadDriverPrivilege\r\n\t\t\tSeSystemtimePrivilege\r\n\t\t\tSeBackupPrivilege\r\n\t\t\tSeRestorePrivilege\r\n\t\t\tSeShutdownPrivilege\r\n\t\t\tSeSystemEnvironmentPrivilege\r\n\t\t\tSeUndockPrivilege\r\n\t\t\tSeManageVolumePrivilege","SeverityValue":2,"EventTime":"2020-10-13 00:26:28","ProviderGuid":"{54849625-5478-4994-A5BA-3E3B0328C30D}","Message":"A token right was adjusted.\r\n\r\nSubject:\r\n\tSecurity ID:\t\tS-1-5-18\r\n\tAccount Name:\t\tWORKSTATION6$\r\n\tAccount Domain:\t\tTHESHIRE\r\n\tLogon ID:\t\t0x3E7\r\n\r\nTarget Account:\r\n\tSecurity ID:\t\tS-1-5-18\r\n\tAccount Name:\t\tWORKSTATION6$\r\n\tAccount Domain:\t\tTHESHIRE\r\n\tLogon ID:\t\t0x3E7\r\n\r\nProcess Information:\r\n\tProcess ID:\t\t0xa4c\r\n\tProcess Name:\t\tC:\\Windows\\System32\\svchost.exe\r\n\r\nEnabled Privileges:\r\n\t\t\tSeAssignPrimaryTokenPrivilege\r\n\t\t\tSeIncreaseQuotaPrivilege\r\n\t\t\tSeSecurityPrivilege\r\n\t\t\tSeTakeOwnershipPrivilege\r\n\t\t\tSeLoadDriverPrivilege\r\n\t\t\tSeSystemtimePrivilege\r\n\t\t\tSeBackupPrivilege\r\n\t\t\tSeRestorePrivilege\r\n\t\t\tSeShutdownPrivilege\r\n\t\t\tSeSystemEnvironmentPrivilege\r\n\t\t\tSeUndockPrivilege\r\n\t\t\tSeManageVolumePrivilege\r\n\r\nDisabled Privileges:\r\n\t\t\t-","SubjectUserName":"WORKSTATION6$","SourceModuleName":"eventlog","SubjectUserSid":"S-1-5-18","TargetDomainName":"THESHIRE","TargetUserName":"WORKSTATION6$"}
{"@timestamp":"2020-10-13T04:26:30.142Z","port":61041,"Severity":"INFO","Task":13317,"Channel":"Security","tags":["mordorDataset"],"SourceModuleType":"im_msvistalog","OpcodeValue":0,"EventType":"AUDIT_SUCCESS","ExecutionProcessID":4,"Opcode":"Info","RecordNumber":85491,"ThreadID":5556,"SubjectDomainName":"THESHIRE","SubjectLogonId":"0x3e7","SourceName":"Microsoft-Windows-Security-Auditing","TargetLogonId":"0x3e7","Keywords":-9214364837600034816,"TargetUserSid":"S-1-5-18","EventID":4703,"Category":"Token Right Adjusted Events","ProcessId":"0xa4c","Version":0,"@version":"1","DisabledPrivilegeList":"-","host":"wec.internal.cloudapp.net","Hostname":"WORKSTATION6.theshire.local","ProcessName":"C:\\Windows\\System32\\svchost.exe","EventReceivedTime":"2020-10-13 00:26:30","EnabledPrivilegeList":"SeAssignPrimaryTokenPrivilege\r\n\t\t\tSeIncreaseQuotaPrivilege\r\n\t\t\tSeSecurityPrivilege\r\n\t\t\tSeTakeOwnershipPrivilege\r\n\t\t\tSeLoadDriverPrivilege\r\n\t\t\tSeSystemtimePrivilege\r\n\t\t\tSeBackupPrivilege\r\n\t\t\tSeRestorePrivilege\r\n\t\t\tSeShutdownPrivilege\r\n\t\t\tSeSystemEnvironmentPrivilege\r\n\t\t\tSeUndockPrivilege\r\n\t\t\tSeManageVolumePrivilege","SeverityValue":2,"EventTime":"2020-10-13 00:26:28","ProviderGuid":"{54849625-5478-4994-A5BA-3E3B0328C30D}","Message":"A token right was adjusted.\r\n\r\nSubject:\r\n\tSecurity ID:\t\tS-1-5-18\r\n\tAccount Name:\t\tWORKSTATION6$\r\n\tAccount Domain:\t\tTHESHIRE\r\n\tLogon ID:\t\t0x3E7\r\n\r\nTarget Account:\r\n\tSecurity ID:\t\tS-1-5-18\r\n\tAccount Name:\t\tWORKSTATION6$\r\n\tAccount Domain:\t\tTHESHIRE\r\n\tLogon ID:\t\t0x3E7\r\n\r\nProcess Information:\r\n\tProcess ID:\t\t0xa4c\r\n\tProcess Name:\t\tC:\\Windows\\System32\\svchost.exe\r\n\r\nEnabled Privileges:\r\n\t\t\tSeAssignPrimaryTokenPrivilege\r\n\t\t\tSeIncreaseQuotaPrivilege\r\n\t\t\tSeSecurityPrivilege\r\n\t\t\tSeTakeOwnershipPrivilege\r\n\t\t\tSeLoadDriverPrivilege\r\n\t\t\tSeSystemtimePrivilege\r\n\t\t\tSeBackupPrivilege\r\n\t\t\tSeRestorePrivilege\r\n\t\t\tSeShutdownPrivilege\r\n\t\t\tSeSystemEnvironmentPrivilege\r\n\t\t\tSeUndockPrivilege\r\n\t\t\tSeManageVolumePrivilege\r\n\r\nDisabled Privileges:\r\n\t\t\t-","SubjectUserName":"WORKSTATION6$","SourceModuleName":"eventlog","SubjectUserSid":"S-1-5-18","TargetDomainName":"THESHIRE","TargetUserName":"WORKSTATION6$"}
{"SourceProcessId":"0x988","@timestamp":"2020-10-13T04:26:30.143Z","port":61041,"Severity":"INFO","Task":12807,"Channel":"Security","tags":["mordorDataset"],"SourceModuleType":"im_msvistalog","OpcodeValue":0,"TargetProcessId":"0x4","EventType":"AUDIT_SUCCESS","ExecutionProcessID":4,"Opcode":"Info","RecordNumber":85492,"ThreadID":5556,"SubjectDomainName":"THESHIRE","SubjectLogonId":"0x6d70c2","SourceName":"Microsoft-Windows-Security-Auditing","TargetHandleId":"0x2a18","Keywords":-9214364837600034816,"EventID":4690,"Category":"Handle Manipulation","SourceHandleId":"0x2c8","Version":0,"ProcessId":"0x988","@version":"1","host":"wec.internal.cloudapp.net","Hostname":"WORKSTATION6.theshire.local","EventReceivedTime":"2020-10-13 00:26:30","SeverityValue":2,"EventTime":"2020-10-13 00:26:28","ProviderGuid":"{54849625-5478-4994-A5BA-3E3B0328C30D}","Message":"An attempt was made to duplicate a handle to an object.\r\n\r\nSubject:\r\n\tSecurity ID:\t\tS-1-5-21-4107722679-1012484280-3777968168-1104\r\n\tAccount Name:\t\tpgustavo\r\n\tAccount Domain:\t\tTHESHIRE\r\n\tLogon ID:\t\t0x6D70C2\r\n\r\nSource Handle Information:\r\n\tSource Handle ID:\t0x2c8\r\n\tSource Process ID:\t0x988\r\n\r\nNew Handle Information:\r\n\tTarget Handle ID:\t0x2a18\r\n\tTarget Process ID:\t0x4","SubjectUserName":"pgustavo","SourceModuleName":"eventlog","SubjectUserSid":"S-1-5-21-4107722679-1012484280-3777968168-1104"}
{"@timestamp":"2020-10-13T04:26:30.143Z","port":61041,"Severity":"INFO","Task":12801,"Channel":"Security","tags":["mordorDataset"],"SourceModuleType":"im_msvistalog","OpcodeValue":0,"EventType":"AUDIT_SUCCESS","ExecutionProcessID":4,"Opcode":"Info","RecordNumber":85493,"ThreadID":5556,"SubjectDomainName":"THESHIRE","SubjectLogonId":"0x6d70c2","SourceName":"Microsoft-Windows-Security-Auditing","Keywords":-9214364837600034816,"HandleId":"0x2a18","EventID":4658,"Category":"Registry","ProcessId":"0x988","Version":0,"@version":"1","host":"wec.internal.cloudapp.net","Hostname":"WORKSTATION6.theshire.local","ProcessName":"C:\\Windows\\System32\\wbem\\WmiPrvSE.exe","ObjectServer":"Security","EventReceivedTime":"2020-10-13 00:26:30","SeverityValue":2,"EventTime":"2020-10-13 00:26:28","ProviderGuid":"{54849625-5478-4994-A5BA-3E3B0328C30D}","Message":"The handle to an object was closed.\r\n\r\nSubject :\r\n\tSecurity ID:\t\tS-1-5-21-4107722679-1012484280-3777968168-1104\r\n\tAccount Name:\t\tpgustavo\r\n\tAccount Domain:\t\tTHESHIRE\r\n\tLogon ID:\t\t0x6D70C2\r\n\r\nObject:\r\n\tObject Server:\t\tSecurity\r\n\tHandle ID:\t\t0x2a18\r\n\r\nProcess Information:\r\n\tProcess ID:\t\t0x988\r\n\tProcess Name:\t\tC:\\Windows\\System32\\wbem\\WmiPrvSE.exe","SubjectUserName":"pgustavo","SourceModuleName":"eventlog","SubjectUserSid":"S-1-5-21-4107722679-1012484280-3777968168-1104"}
{"@timestamp":"2020-10-13T04:26:30.143Z","AccessReason":"-","Channel":"Security","SubjectDomainName":"THESHIRE","RecordNumber":85494,"ThreadID":5556,"SubjectLogonId":"0x6d70c2","TransactionId":"{00000000-0000-0000-0000-000000000000}","ObjectName":"\\REGISTRY\\MACHINE\\SYSTEM\\ControlSet001\\Control\\Session Manager\\Environment","ProcessId":"0x988","Version":1,"Hostname":"WORKSTATION6.theshire.local","EventReceivedTime":"2020-10-13 00:26:30","ProviderGuid":"{54849625-5478-4994-A5BA-3E3B0328C30D}","SubjectUserName":"pgustavo","RestrictedSidCount":"0","port":61041,"Severity":"INFO","ResourceAttributes":"-","Task":12801,"tags":["mordorDataset"],"SourceModuleType":"im_msvistalog","OpcodeValue":0,"EventType":"AUDIT_SUCCESS","ExecutionProcessID":4,"Opcode":"Info","ObjectType":"Key","SourceName":"Microsoft-Windows-Security-Auditing","Keywords":-9214364837600034816,"AccessList":"%%1538\r\n\t\t\t\t%%4432\r\n\t\t\t\t%%4435\r\n\t\t\t\t%%4436\r\n\t\t\t\t","HandleId":"0x2c8","EventID":4656,"Category":"Registry","@version":"1","host":"wec.internal.cloudapp.net","AccessMask":"0x20019","ObjectServer":"Security","ProcessName":"C:\\Windows\\System32\\wbem\\WmiPrvSE.exe","SeverityValue":2,"EventTime":"2020-10-13 00:26:28","Message":"A handle to an object was requested.\r\n\r\nSubject:\r\n\tSecurity ID:\t\tS-1-5-21-4107722679-1012484280-3777968168-1104\r\n\tAccount Name:\t\tpgustavo\r\n\tAccount Domain:\t\tTHESHIRE\r\n\tLogon ID:\t\t0x6D70C2\r\n\r\nObject:\r\n\tObject Server:\t\tSecurity\r\n\tObject Type:\t\tKey\r\n\tObject Name:\t\t\\REGISTRY\\MACHINE\\SYSTEM\\ControlSet001\\Control\\Session Manager\\Environment\r\n\tHandle ID:\t\t0x2c8\r\n\tResource Attributes:\t-\r\n\r\nProcess Information:\r\n\tProcess ID:\t\t0x988\r\n\tProcess Name:\t\tC:\\Windows\\System32\\wbem\\WmiPrvSE.exe\r\n\r\nAccess Request Information:\r\n\tTransaction ID:\t\t{00000000-0000-0000-0000-000000000000}\r\n\tAccesses:\t\tREAD_CONTROL\r\n\t\t\t\tQuery key value\r\n\t\t\t\tEnumerate sub-keys\r\n\t\t\t\tNotify about changes to keys\r\n\t\t\t\t\r\n\tAccess Reasons:\t\t-\r\n\tAccess Mask:\t\t0x20019\r\n\tPrivileges Used for Access Check:\t-\r\n\tRestricted SID Count:\t0","PrivilegeList":"-","SourceModuleName":"eventlog","SubjectUserSid":"S-1-5-21-4107722679-1012484280-3777968168-1104"}
{"@timestamp":"2020-10-13T04:26:30.144Z","port":61041,"Severity":"INFO","Task":12801,"Channel":"Security","ResourceAttributes":"-","SourceModuleType":"im_msvistalog","tags":["mordorDataset"],"OpcodeValue":0,"EventType":"AUDIT_SUCCESS","ExecutionProcessID":4,"Opcode":"Info","RecordNumber":85495,"ThreadID":5556,"SubjectDomainName":"THESHIRE","SubjectLogonId":"0x6d70c2","SourceName":"Microsoft-Windows-Security-Auditing","ObjectType":"Key","Keywords":-9214364837600034816,"AccessList":"%%4432\r\n\t\t\t\t","HandleId":"0x2c8","EventID":4663,"Category":"Registry","ObjectName":"\\REGISTRY\\MACHINE\\SYSTEM\\ControlSet001\\Control\\Session Manager\\Environment","Version":1,"ProcessId":"0x988","@version":"1","host":"wec.internal.cloudapp.net","Hostname":"WORKSTATION6.theshire.local","AccessMask":"0x1","ObjectServer":"Security","ProcessName":"C:\\Windows\\System32\\wbem\\WmiPrvSE.exe","EventReceivedTime":"2020-10-13 00:26:30","SeverityValue":2,"EventTime":"2020-10-13 00:26:28","ProviderGuid":"{54849625-5478-4994-A5BA-3E3B0328C30D}","Message":"An attempt was made to access an object.\r\n\r\nSubject:\r\n\tSecurity ID:\t\tS-1-5-21-4107722679-1012484280-3777968168-1104\r\n\tAccount Name:\t\tpgustavo\r\n\tAccount Domain:\t\tTHESHIRE\r\n\tLogon ID:\t\t0x6D70C2\r\n\r\nObject:\r\n\tObject Server:\t\tSecurity\r\n\tObject Type:\t\tKey\r\n\tObject Name:\t\t\\REGISTRY\\MACHINE\\SYSTEM\\ControlSet001\\Control\\Session Manager\\Environment\r\n\tHandle ID:\t\t0x2c8\r\n\tResource Attributes:\t-\r\n\r\nProcess Information:\r\n\tProcess ID:\t\t0x988\r\n\tProcess Name:\t\tC:\\Windows\\System32\\wbem\\WmiPrvSE.exe\r\n\r\nAccess Request Information:\r\n\tAccesses:\t\tQuery key value\r\n\t\t\t\t\r\n\tAccess Mask:\t\t0x1","SubjectUserName":"pgustavo","SourceModuleName":"eventlog","SubjectUserSid":"S-1-5-21-4107722679-1012484280-3777968168-1104"}
{"@timestamp":"2020-10-13T04:26:30.144Z","port":61041,"Severity":"INFO","Task":12801,"Channel":"Security","tags":["mordorDataset"],"SourceModuleType":"im_msvistalog","OpcodeValue":0,"EventType":"AUDIT_SUCCESS","ExecutionProcessID":4,"Opcode":"Info","RecordNumber":85496,"ThreadID":5556,"SubjectDomainName":"THESHIRE","SubjectLogonId":"0x6d70c2","SourceName":"Microsoft-Windows-Security-Auditing","Keywords":-9214364837600034816,"HandleId":"0x2c8","EventID":4658,"Category":"Registry","ProcessId":"0x988","Version":0,"@version":"1","host":"wec.internal.cloudapp.net","Hostname":"WORKSTATION6.theshire.local","ProcessName":"C:\\Windows\\System32\\wbem\\WmiPrvSE.exe","ObjectServer":"Security","EventReceivedTime":"2020-10-13 00:26:30","SeverityValue":2,"EventTime":"2020-10-13 00:26:28","ProviderGuid":"{54849625-5478-4994-A5BA-3E3B0328C30D}","Message":"The handle to an object was closed.\r\n\r\nSubject :\r\n\tSecurity ID:\t\tS-1-5-21-4107722679-1012484280-3777968168-1104\r\n\tAccount Name:\t\tpgustavo\r\n\tAccount Domain:\t\tTHESHIRE\r\n\tLogon ID:\t\t0x6D70C2\r\n\r\nObject:\r\n\tObject Server:\t\tSecurity\r\n\tHandle ID:\t\t0x2c8\r\n\r\nProcess Information:\r\n\tProcess ID:\t\t0x988\r\n\tProcess Name:\t\tC:\\Windows\\System32\\wbem\\WmiPrvSE.exe","SubjectUserName":"pgustavo","SourceModuleName":"eventlog","SubjectUserSid":"S-1-5-21-4107722679-1012484280-3777968168-1104"}
{"@timestamp":"2020-10-13T04:26:30.144Z","port":61041,"Severity":"INFO","Task":13312,"Channel":"Security","tags":["mordorDataset"],"SourceModuleType":"im_msvistalog","OpcodeValue":0,"EventType":"AUDIT_SUCCESS","ExecutionProcessID":4,"Opcode":"Info","RecordNumber":85497,"ThreadID":5556,"SubjectDomainName":"THESHIRE","SubjectLogonId":"0x3e4","SourceName":"Microsoft-Windows-Security-Auditing","NewProcessId":"0x1928","TargetLogonId":"0x6d70c2","Keywords":-9214364837600034816,"TargetUserSid":"S-1-0-0","EventID":4688,"Category":"Process Creation","NewProcessName":"C:\\Windows\\System32\\whoami.exe","Version":2,"CommandLine":"whoami","ParentProcessName":"C:\\Windows\\System32\\wbem\\WmiPrvSE.exe","@version":"1","ProcessId":"0x988","host":"wec.internal.cloudapp.net","Hostname":"WORKSTATION6.theshire.local","EventReceivedTime":"2020-10-13 00:26:30","SeverityValue":2,"EventTime":"2020-10-13 00:26:28","ProviderGuid":"{54849625-5478-4994-A5BA-3E3B0328C30D}","Message":"A new process has been created.\r\n\r\nCreator Subject:\r\n\tSecurity ID:\t\tS-1-5-20\r\n\tAccount Name:\t\tWORKSTATION6$\r\n\tAccount Domain:\t\tTHESHIRE\r\n\tLogon ID:\t\t0x3E4\r\n\r\nTarget Subject:\r\n\tSecurity ID:\t\tS-1-0-0\r\n\tAccount Name:\t\tpgustavo\r\n\tAccount Domain:\t\tTHESHIRE\r\n\tLogon ID:\t\t0x6D70C2\r\n\r\nProcess Information:\r\n\tNew Process ID:\t\t0x1928\r\n\tNew Process Name:\tC:\\Windows\\System32\\whoami.exe\r\n\tToken Elevation Type:\t%%1936\r\n\tMandatory Label:\t\tS-1-16-12288\r\n\tCreator Process ID:\t0x988\r\n\tCreator Process Name:\tC:\\Windows\\System32\\wbem\\WmiPrvSE.exe\r\n\tProcess Command Line:\twhoami\r\n\r\nToken Elevation Type indicates the type of token that was assigned to the new process in accordance with User Account Control policy.\r\n\r\nType 1 is a full token with no privileges removed or groups disabled.  A full token is only used if User Account Control is disabled or if the user is the built-in Administrator account or a service account.\r\n\r\nType 2 is an elevated token with no privileges removed or groups disabled.  An elevated token is used when User Account Control is enabled and the user chooses to start the program using Run as administrator.  An elevated token is also used when an application is configured to always require administrative privilege or to always require maximum privilege, and the user is a member of the Administrators group.\r\n\r\nType 3 is a limited token with administrative privileges removed and administrative groups disabled.  The limited token is used when User Account Control is enabled, the application does not require administrative privilege, and the user does not choose to start the program using Run as administrator.","SubjectUserName":"WORKSTATION6$","TokenElevationType":"%%1936","MandatoryLabel":"S-1-16-12288","SourceModuleName":"eventlog","SubjectUserSid":"S-1-5-20","TargetDomainName":"THESHIRE","TargetUserName":"pgustavo"}
{"@timestamp":"2020-10-13T04:26:30.144Z","port":61041,"Severity":"INFO","Task":13312,"Channel":"Security","tags":["mordorDataset"],"SourceModuleType":"im_msvistalog","OpcodeValue":0,"EventType":"AUDIT_SUCCESS","ExecutionProcessID":4,"Opcode":"Info","RecordNumber":85498,"ThreadID":5556,"SubjectDomainName":"THESHIRE","SubjectLogonId":"0x6d70c2","SourceName":"Microsoft-Windows-Security-Auditing","NewProcessId":"0xc4c","TargetLogonId":"0x0","Keywords":-9214364837600034816,"TargetUserSid":"S-1-0-0","EventID":4688,"Category":"Process Creation","NewProcessName":"C:\\Windows\\System32\\conhost.exe","Version":2,"CommandLine":"\\??\\C:\\windows\\system32\\conhost.exe 0xffffffff -ForceV1","ParentProcessName":"C:\\Windows\\System32\\whoami.exe","@version":"1","ProcessId":"0x1928","host":"wec.internal.cloudapp.net","Hostname":"WORKSTATION6.theshire.local","EventReceivedTime":"2020-10-13 00:26:30","SeverityValue":2,"EventTime":"2020-10-13 00:26:28","ProviderGuid":"{54849625-5478-4994-A5BA-3E3B0328C30D}","Message":"A new process has been created.\r\n\r\nCreator Subject:\r\n\tSecurity ID:\t\tS-1-5-21-4107722679-1012484280-3777968168-1104\r\n\tAccount Name:\t\tpgustavo\r\n\tAccount Domain:\t\tTHESHIRE\r\n\tLogon ID:\t\t0x6D70C2\r\n\r\nTarget Subject:\r\n\tSecurity ID:\t\tS-1-0-0\r\n\tAccount Name:\t\t-\r\n\tAccount Domain:\t\t-\r\n\tLogon ID:\t\t0x0\r\n\r\nProcess Information:\r\n\tNew Process ID:\t\t0xc4c\r\n\tNew Process Name:\tC:\\Windows\\System32\\conhost.exe\r\n\tToken Elevation Type:\t%%1936\r\n\tMandatory Label:\t\tS-1-16-12288\r\n\tCreator Process ID:\t0x1928\r\n\tCreator Process Name:\tC:\\Windows\\System32\\whoami.exe\r\n\tProcess Command Line:\t\\??\\C:\\windows\\system32\\conhost.exe 0xffffffff -ForceV1\r\n\r\nToken Elevation Type indicates the type of token that was assigned to the new process in accordance with User Account Control policy.\r\n\r\nType 1 is a full token with no privileges removed or groups disabled.  A full token is only used if User Account Control is disabled or if the user is the built-in Administrator account or a service account.\r\n\r\nType 2 is an elevated token with no privileges removed or groups disabled.  An elevated token is used when User Account Control is enabled and the user chooses to start the program using Run as administrator.  An elevated token is also used when an application is configured to always require administrative privilege or to always require maximum privilege, and the user is a member of the Administrators group.\r\n\r\nType 3 is a limited token with administrative privileges removed and administrative groups disabled.  The limited token is used when User Account Control is enabled, the application does not require administrative privilege, and the user does not choose to start the program using Run as administrator.","SubjectUserName":"pgustavo","TokenElevationType":"%%1936","MandatoryLabel":"S-1-16-12288","SourceModuleName":"eventlog","SubjectUserSid":"S-1-5-21-4107722679-1012484280-3777968168-1104","TargetDomainName":"-","TargetUserName":"-"}
{"@timestamp":"2020-10-13T04:26:30.145Z","port":61041,"Severity":"INFO","Task":13056,"Channel":"Security","tags":["mordorDataset"],"SourceModuleType":"im_msvistalog","OpcodeValue":0,"EventType":"AUDIT_SUCCESS","ExecutionProcessID":4,"Opcode":"Info","RecordNumber":85499,"ThreadID":5556,"SubjectDomainName":"THESHIRE","SubjectLogonId":"0x6d70c2","SourceName":"Microsoft-Windows-Security-Auditing","ObjectType":"File","Keywords":-9214364837600034816,"HandleId":"0x4","EventID":4674,"Category":"Sensitive Privilege Use","ObjectName":"\\Device\\ConDrv","Version":0,"ProcessId":"0xc4c","@version":"1","host":"wec.internal.cloudapp.net","Hostname":"WORKSTATION6.theshire.local","AccessMask":"%%1537\r\n\t\t\t\t%%1538\r\n\t\t\t\t%%1539\r\n\t\t\t\t%%1540\r\n\t\t\t\t%%1541\r\n\t\t\t\t%%4416\r\n\t\t\t\t%%4417\r\n\t\t\t\t%%4418\r\n\t\t\t\t%%4419\r\n\t\t\t\t%%4420\r\n\t\t\t\t%%4421\r\n\t\t\t\t%%4422\r\n\t\t\t\t%%4423\r\n\t\t\t\t%%4424\r\n\t\t\t\t","ObjectServer":"Security","ProcessName":"C:\\Windows\\System32\\whoami.exe","EventReceivedTime":"2020-10-13 00:26:30","SeverityValue":2,"EventTime":"2020-10-13 00:26:28","ProviderGuid":"{54849625-5478-4994-A5BA-3E3B0328C30D}","Message":"An operation was attempted on a privileged object.\r\n\r\nSubject:\r\n\tSecurity ID:\t\tS-1-5-21-4107722679-1012484280-3777968168-1104\r\n\tAccount Name:\t\tpgustavo\r\n\tAccount Domain:\t\tTHESHIRE\r\n\tLogon ID:\t\t0x6D70C2\r\n\r\nObject:\r\n\tObject Server:\tSecurity\r\n\tObject Type:\tFile\r\n\tObject Name:\t\\Device\\ConDrv\r\n\tObject Handle:\t0x4\r\n\r\nProcess Information:\r\n\tProcess ID:\t0xc4c\r\n\tProcess Name:\tC:\\Windows\\System32\\whoami.exe\r\n\r\nRequested Operation:\r\n\tDesired Access:\tDELETE\r\n\t\t\t\tREAD_CONTROL\r\n\t\t\t\tWRITE_DAC\r\n\t\t\t\tWRITE_OWNER\r\n\t\t\t\tSYNCHRONIZE\r\n\t\t\t\tReadData (or ListDirectory)\r\n\t\t\t\tWriteData (or AddFile)\r\n\t\t\t\tAppendData (or AddSubdirectory or CreatePipeInstance)\r\n\t\t\t\tReadEA\r\n\t\t\t\tWriteEA\r\n\t\t\t\tExecute/Traverse\r\n\t\t\t\tDeleteChild\r\n\t\t\t\tReadAttributes\r\n\t\t\t\tWriteAttributes\r\n\t\t\t\t\r\n\tPrivileges:\t\tSeTakeOwnershipPrivilege","SubjectUserName":"pgustavo","PrivilegeList":"SeTakeOwnershipPrivilege","SourceModuleName":"eventlog","SubjectUserSid":"S-1-5-21-4107722679-1012484280-3777968168-1104"}
{"SourceProcessId":"0xc4c","@timestamp":"2020-10-13T04:26:30.145Z","port":61041,"Severity":"INFO","Task":12807,"Channel":"Security","tags":["mordorDataset"],"SourceModuleType":"im_msvistalog","OpcodeValue":0,"TargetProcessId":"0x4","EventType":"AUDIT_SUCCESS","ExecutionProcessID":4,"Opcode":"Info","RecordNumber":85500,"ThreadID":5556,"SubjectDomainName":"THESHIRE","SubjectLogonId":"0x6d70c2","SourceName":"Microsoft-Windows-Security-Auditing","TargetHandleId":"0x2104","Keywords":-9214364837600034816,"EventID":4690,"Category":"Handle Manipulation","SourceHandleId":"0x80","Version":0,"ProcessId":"0xc4c","@version":"1","host":"wec.internal.cloudapp.net","Hostname":"WORKSTATION6.theshire.local","EventReceivedTime":"2020-10-13 00:26:30","SeverityValue":2,"EventTime":"2020-10-13 00:26:28","ProviderGuid":"{54849625-5478-4994-A5BA-3E3B0328C30D}","Message":"An attempt was made to duplicate a handle to an object.\r\n\r\nSubject:\r\n\tSecurity ID:\t\tS-1-5-21-4107722679-1012484280-3777968168-1104\r\n\tAccount Name:\t\tpgustavo\r\n\tAccount Domain:\t\tTHESHIRE\r\n\tLogon ID:\t\t0x6D70C2\r\n\r\nSource Handle Information:\r\n\tSource Handle ID:\t0x80\r\n\tSource Process ID:\t0xc4c\r\n\r\nNew Handle Information:\r\n\tTarget Handle ID:\t0x2104\r\n\tTarget Process ID:\t0x4","SubjectUserName":"pgustavo","SourceModuleName":"eventlog","SubjectUserSid":"S-1-5-21-4107722679-1012484280-3777968168-1104"}
{"@timestamp":"2020-10-13T04:26:30.145Z","port":61041,"Severity":"INFO","Task":12801,"Channel":"Security","tags":["mordorDataset"],"SourceModuleType":"im_msvistalog","OpcodeValue":0,"EventType":"AUDIT_SUCCESS","ExecutionProcessID":4,"Opcode":"Info","RecordNumber":85501,"ThreadID":5556,"SubjectDomainName":"THESHIRE","SubjectLogonId":"0x6d70c2","SourceName":"Microsoft-Windows-Security-Auditing","Keywords":-9214364837600034816,"HandleId":"0x2104","EventID":4658,"Category":"Registry","ProcessId":"0xc4c","Version":0,"@version":"1","host":"wec.internal.cloudapp.net","Hostname":"WORKSTATION6.theshire.local","ProcessName":"C:\\Windows\\System32\\conhost.exe","ObjectServer":"Security","EventReceivedTime":"2020-10-13 00:26:30","SeverityValue":2,"EventTime":"2020-10-13 00:26:28","ProviderGuid":"{54849625-5478-4994-A5BA-3E3B0328C30D}","Message":"The handle to an object was closed.\r\n\r\nSubject :\r\n\tSecurity ID:\t\tS-1-5-21-4107722679-1012484280-3777968168-1104\r\n\tAccount Name:\t\tpgustavo\r\n\tAccount Domain:\t\tTHESHIRE\r\n\tLogon ID:\t\t0x6D70C2\r\n\r\nObject:\r\n\tObject Server:\t\tSecurity\r\n\tHandle ID:\t\t0x2104\r\n\r\nProcess Information:\r\n\tProcess ID:\t\t0xc4c\r\n\tProcess Name:\t\tC:\\Windows\\System32\\conhost.exe","SubjectUserName":"pgustavo","SourceModuleName":"eventlog","SubjectUserSid":"S-1-5-21-4107722679-1012484280-3777968168-1104"}
{"@timestamp":"2020-10-13T04:26:30.146Z","port":61041,"Severity":"INFO","Task":12810,"Channel":"Security","tags":["mordorDataset"],"LayerName":"%%14610","SourceModuleType":"im_msvistalog","OpcodeValue":0,"Application":"\\device\\harddiskvolume2\\windows\\system32\\lsass.exe","EventType":"AUDIT_SUCCESS","ExecutionProcessID":4,"Opcode":"Info","RecordNumber":287076,"ThreadID":288,"FilterRTID":"69942","SourceName":"Microsoft-Windows-Security-Auditing","DestPort":"88","LayerRTID":"44","Keywords":-9214364837600034816,"EventID":5156,"Category":"Filtering Platform Connection","ProcessId":"708","Version":1,"@version":"1","Direction":"%%14592","DestAddress":"172.18.38.5","RemoteUserID":"S-1-0-0","host":"wec.internal.cloudapp.net","Hostname":"MORDORDC.theshire.local","SourcePort":"53773","RemoteMachineID":"S-1-0-0","EventReceivedTime":"2020-10-13 00:26:30","SeverityValue":2,"EventTime":"2020-10-13 00:26:28","ProviderGuid":"{54849625-5478-4994-A5BA-3E3B0328C30D}","Message":"The Windows Filtering Platform has permitted a connection.\r\n\r\nApplication Information:\r\n\tProcess ID:\t\t708\r\n\tApplication Name:\t\\device\\harddiskvolume2\\windows\\system32\\lsass.exe\r\n\r\nNetwork Information:\r\n\tDirection:\t\tInbound\r\n\tSource Address:\t\t172.18.39.5\r\n\tSource Port:\t\t53773\r\n\tDestination Address:\t172.18.38.5\r\n\tDestination Port:\t\t88\r\n\tProtocol:\t\t6\r\n\r\nFilter Information:\r\n\tFilter Run-Time ID:\t69942\r\n\tLayer Name:\t\tReceive/Accept\r\n\tLayer Run-Time ID:\t44","SourceAddress":"172.18.39.5","SourceModuleName":"eventlog","Protocol":"6"}
{"@timestamp":"2020-10-13T04:26:30.146Z","AccessReason":"-","Channel":"Security","SubjectDomainName":"THESHIRE","RecordNumber":85502,"ThreadID":5556,"SubjectLogonId":"0x6d70c2","TransactionId":"{00000000-0000-0000-0000-000000000000}","ObjectName":"\\REGISTRY\\MACHINE\\SYSTEM\\ControlSet001\\Control\\Lsa","ProcessId":"0xc4c","Version":1,"Hostname":"WORKSTATION6.theshire.local","EventReceivedTime":"2020-10-13 00:26:30","ProviderGuid":"{54849625-5478-4994-A5BA-3E3B0328C30D}","SubjectUserName":"pgustavo","RestrictedSidCount":"0","port":61041,"Severity":"INFO","ResourceAttributes":"-","Task":12801,"tags":["mordorDataset"],"SourceModuleType":"im_msvistalog","OpcodeValue":0,"EventType":"AUDIT_SUCCESS","ExecutionProcessID":4,"Opcode":"Info","ObjectType":"Key","SourceName":"Microsoft-Windows-Security-Auditing","Keywords":-9214364837600034816,"AccessList":"%%4432\r\n\t\t\t\t","HandleId":"0x80","EventID":4656,"Category":"Registry","@version":"1","host":"wec.internal.cloudapp.net","AccessMask":"0x1","ObjectServer":"Security","ProcessName":"C:\\Windows\\System32\\conhost.exe","SeverityValue":2,"EventTime":"2020-10-13 00:26:28","Message":"A handle to an object was requested.\r\n\r\nSubject:\r\n\tSecurity ID:\t\tS-1-5-21-4107722679-1012484280-3777968168-1104\r\n\tAccount Name:\t\tpgustavo\r\n\tAccount Domain:\t\tTHESHIRE\r\n\tLogon ID:\t\t0x6D70C2\r\n\r\nObject:\r\n\tObject Server:\t\tSecurity\r\n\tObject Type:\t\tKey\r\n\tObject Name:\t\t\\REGISTRY\\MACHINE\\SYSTEM\\ControlSet001\\Control\\Lsa\r\n\tHandle ID:\t\t0x80\r\n\tResource Attributes:\t-\r\n\r\nProcess Information:\r\n\tProcess ID:\t\t0xc4c\r\n\tProcess Name:\t\tC:\\Windows\\System32\\conhost.exe\r\n\r\nAccess Request Information:\r\n\tTransaction ID:\t\t{00000000-0000-0000-0000-000000000000}\r\n\tAccesses:\t\tQuery key value\r\n\t\t\t\t\r\n\tAccess Reasons:\t\t-\r\n\tAccess Mask:\t\t0x1\r\n\tPrivileges Used for Access Check:\t-\r\n\tRestricted SID Count:\t0","PrivilegeList":"-","SourceModuleName":"eventlog","SubjectUserSid":"S-1-5-21-4107722679-1012484280-3777968168-1104"}
{"@timestamp":"2020-10-13T04:26:30.146Z","port":61041,"Severity":"INFO","Task":12801,"Channel":"Security","ResourceAttributes":"-","SourceModuleType":"im_msvistalog","tags":["mordorDataset"],"OpcodeValue":0,"EventType":"AUDIT_SUCCESS","ExecutionProcessID":4,"Opcode":"Info","RecordNumber":85503,"ThreadID":5556,"SubjectDomainName":"THESHIRE","SubjectLogonId":"0x6d70c2","SourceName":"Microsoft-Windows-Security-Auditing","ObjectType":"Key","Keywords":-9214364837600034816,"AccessList":"%%4432\r\n\t\t\t\t","HandleId":"0x80","EventID":4663,"Category":"Registry","ObjectName":"\\REGISTRY\\MACHINE\\SYSTEM\\ControlSet001\\Control\\Lsa","Version":1,"ProcessId":"0xc4c","@version":"1","host":"wec.internal.cloudapp.net","Hostname":"WORKSTATION6.theshire.local","AccessMask":"0x1","ObjectServer":"Security","ProcessName":"C:\\Windows\\System32\\conhost.exe","EventReceivedTime":"2020-10-13 00:26:30","SeverityValue":2,"EventTime":"2020-10-13 00:26:28","ProviderGuid":"{54849625-5478-4994-A5BA-3E3B0328C30D}","Message":"An attempt was made to access an object.\r\n\r\nSubject:\r\n\tSecurity ID:\t\tS-1-5-21-4107722679-1012484280-3777968168-1104\r\n\tAccount Name:\t\tpgustavo\r\n\tAccount Domain:\t\tTHESHIRE\r\n\tLogon ID:\t\t0x6D70C2\r\n\r\nObject:\r\n\tObject Server:\t\tSecurity\r\n\tObject Type:\t\tKey\r\n\tObject Name:\t\t\\REGISTRY\\MACHINE\\SYSTEM\\ControlSet001\\Control\\Lsa\r\n\tHandle ID:\t\t0x80\r\n\tResource Attributes:\t-\r\n\r\nProcess Information:\r\n\tProcess ID:\t\t0xc4c\r\n\tProcess Name:\t\tC:\\Windows\\System32\\conhost.exe\r\n\r\nAccess Request Information:\r\n\tAccesses:\t\tQuery key value\r\n\t\t\t\t\r\n\tAccess Mask:\t\t0x1","SubjectUserName":"pgustavo","SourceModuleName":"eventlog","SubjectUserSid":"S-1-5-21-4107722679-1012484280-3777968168-1104"}
{"TicketEncryptionType":"0x12","@timestamp":"2020-10-13T04:26:30.147Z","port":61041,"Severity":"INFO","Task":14337,"Channel":"Security","tags":["mordorDataset"],"SourceModuleType":"im_msvistalog","OpcodeValue":0,"EventType":"AUDIT_SUCCESS","ExecutionProcessID":708,"Opcode":"Info","RecordNumber":287077,"ThreadID":3484,"IpAddress":"::ffff:172.18.39.5","IpPort":"53773","SourceName":"Microsoft-Windows-Security-Auditing","Status":"0x0","Keywords":-9214364837600034816,"LogonGuid":"{03782bac-2d2f-aaf9-e7fb-128fa0ac8d05}","EventID":4769,"Category":"Kerberos Service Ticket Operations","Version":0,"ServiceName":"WORKSTATION6$","@version":"1","host":"wec.internal.cloudapp.net","Hostname":"MORDORDC.theshire.local","EventReceivedTime":"2020-10-13 00:26:30","SeverityValue":2,"EventTime":"2020-10-13 00:26:28","ProviderGuid":"{54849625-5478-4994-A5BA-3E3B0328C30D}","Message":"A Kerberos service ticket was requested.\r\n\r\nAccount Information:\r\n\tAccount Name:\t\tpgustavo@THESHIRE.LOCAL\r\n\tAccount Domain:\t\tTHESHIRE.LOCAL\r\n\tLogon GUID:\t\t{03782bac-2d2f-aaf9-e7fb-128fa0ac8d05}\r\n\r\nService Information:\r\n\tService Name:\t\tWORKSTATION6$\r\n\tService ID:\t\tS-1-5-21-4107722679-1012484280-3777968168-1113\r\n\r\nNetwork Information:\r\n\tClient Address:\t\t::ffff:172.18.39.5\r\n\tClient Port:\t\t53773\r\n\r\nAdditional Information:\r\n\tTicket Options:\t\t0x40810000\r\n\tTicket Encryption Type:\t0x12\r\n\tFailure Code:\t\t0x0\r\n\tTransited Services:\t-\r\n\r\nThis event is generated every time access is requested to a resource such as a computer or a Windows service.  The service name indicates the resource to which access was requested.\r\n\r\nThis event can be correlated with Windows logon events by comparing the Logon GUID fields in each event.  The logon event occurs on the machine that was accessed, which is often a different machine than the domain controller which issued the service ticket.\r\n\r\nTicket options, encryption types, and failure codes are defined in RFC 4120.","TicketOptions":"0x40810000","TransmittedServices":"-","ServiceSid":"S-1-5-21-4107722679-1012484280-3777968168-1113","SourceModuleName":"eventlog","TargetDomainName":"THESHIRE.LOCAL","TargetUserName":"pgustavo@THESHIRE.LOCAL"}
{"@timestamp":"2020-10-13T04:26:30.147Z","port":61041,"Severity":"INFO","Task":12801,"Channel":"Security","tags":["mordorDataset"],"SourceModuleType":"im_msvistalog","OpcodeValue":0,"EventType":"AUDIT_SUCCESS","ExecutionProcessID":4,"Opcode":"Info","RecordNumber":85504,"ThreadID":5556,"SubjectDomainName":"THESHIRE","SubjectLogonId":"0x6d70c2","SourceName":"Microsoft-Windows-Security-Auditing","Keywords":-9214364837600034816,"HandleId":"0x80","EventID":4658,"Category":"Registry","ProcessId":"0xc4c","Version":0,"@version":"1","host":"wec.internal.cloudapp.net","Hostname":"WORKSTATION6.theshire.local","ProcessName":"C:\\Windows\\System32\\conhost.exe","ObjectServer":"Security","EventReceivedTime":"2020-10-13 00:26:30","SeverityValue":2,"EventTime":"2020-10-13 00:26:28","ProviderGuid":"{54849625-5478-4994-A5BA-3E3B0328C30D}","Message":"The handle to an object was closed.\r\n\r\nSubject :\r\n\tSecurity ID:\t\tS-1-5-21-4107722679-1012484280-3777968168-1104\r\n\tAccount Name:\t\tpgustavo\r\n\tAccount Domain:\t\tTHESHIRE\r\n\tLogon ID:\t\t0x6D70C2\r\n\r\nObject:\r\n\tObject Server:\t\tSecurity\r\n\tHandle ID:\t\t0x80\r\n\r\nProcess Information:\r\n\tProcess ID:\t\t0xc4c\r\n\tProcess Name:\t\tC:\\Windows\\System32\\conhost.exe","SubjectUserName":"pgustavo","SourceModuleName":"eventlog","SubjectUserSid":"S-1-5-21-4107722679-1012484280-3777968168-1104"}
{"@timestamp":"2020-10-13T04:26:30.147Z","port":61041,"Severity":"INFO","Task":12810,"Channel":"Security","tags":["mordorDataset"],"LayerName":"%%14610","SourceModuleType":"im_msvistalog","OpcodeValue":0,"Application":"\\device\\harddiskvolume2\\windows\\system32\\dns.exe","EventType":"AUDIT_SUCCESS","ExecutionProcessID":4,"Opcode":"Info","RecordNumber":287078,"ThreadID":288,"FilterRTID":"69942","SourceName":"Microsoft-Windows-Security-Auditing","DestPort":"53","LayerRTID":"44","Keywords":-9214364837600034816,"EventID":5156,"Category":"Filtering Platform Connection","ProcessId":"3712","Version":1,"@version":"1","Direction":"%%14592","DestAddress":"172.18.38.5","RemoteUserID":"S-1-0-0","host":"wec.internal.cloudapp.net","Hostname":"MORDORDC.theshire.local","SourcePort":"51525","RemoteMachineID":"S-1-0-0","EventReceivedTime":"2020-10-13 00:26:30","SeverityValue":2,"EventTime":"2020-10-13 00:26:28","ProviderGuid":"{54849625-5478-4994-A5BA-3E3B0328C30D}","Message":"The Windows Filtering Platform has permitted a connection.\r\n\r\nApplication Information:\r\n\tProcess ID:\t\t3712\r\n\tApplication Name:\t\\device\\harddiskvolume2\\windows\\system32\\dns.exe\r\n\r\nNetwork Information:\r\n\tDirection:\t\tInbound\r\n\tSource Address:\t\t172.18.39.5\r\n\tSource Port:\t\t51525\r\n\tDestination Address:\t172.18.38.5\r\n\tDestination Port:\t\t53\r\n\tProtocol:\t\t17\r\n\r\nFilter Information:\r\n\tFilter Run-Time ID:\t69942\r\n\tLayer Name:\t\tReceive/Accept\r\n\tLayer Run-Time ID:\t44","SourceAddress":"172.18.39.5","SourceModuleName":"eventlog","Protocol":"17"}
{"@timestamp":"2020-10-13T04:26:30.147Z","port":61041,"Severity":"INFO","Task":13056,"Channel":"Security","tags":["mordorDataset"],"SourceModuleType":"im_msvistalog","OpcodeValue":0,"EventType":"AUDIT_SUCCESS","ExecutionProcessID":4,"Opcode":"Info","RecordNumber":85505,"ThreadID":4868,"SubjectDomainName":"THESHIRE","SubjectLogonId":"0x6d70c2","SourceName":"Microsoft-Windows-Security-Auditing","ObjectType":"Mutant","Keywords":-9214364837600034816,"HandleId":"0x220","EventID":4674,"Category":"Sensitive Privilege Use","ObjectName":"\\BaseNamedObjects\\SM0:3148:304:WilStaging_02","Version":0,"ProcessId":"0xc4c","@version":"1","host":"wec.internal.cloudapp.net","Hostname":"WORKSTATION6.theshire.local","AccessMask":"%%1537\r\n\t\t\t\t%%1538\r\n\t\t\t\t%%1539\r\n\t\t\t\t%%1540\r\n\t\t\t\t%%1541\r\n\t\t\t\t%%4448\r\n\t\t\t\t","ObjectServer":"Security","ProcessName":"C:\\Windows\\System32\\conhost.exe","EventReceivedTime":"2020-10-13 00:26:30","SeverityValue":2,"EventTime":"2020-10-13 00:26:28","ProviderGuid":"{54849625-5478-4994-A5BA-3E3B0328C30D}","Message":"An operation was attempted on a privileged object.\r\n\r\nSubject:\r\n\tSecurity ID:\t\tS-1-5-21-4107722679-1012484280-3777968168-1104\r\n\tAccount Name:\t\tpgustavo\r\n\tAccount Domain:\t\tTHESHIRE\r\n\tLogon ID:\t\t0x6D70C2\r\n\r\nObject:\r\n\tObject Server:\tSecurity\r\n\tObject Type:\tMutant\r\n\tObject Name:\t\\BaseNamedObjects\\SM0:3148:304:WilStaging_02\r\n\tObject Handle:\t0x220\r\n\r\nProcess Information:\r\n\tProcess ID:\t0xc4c\r\n\tProcess Name:\tC:\\Windows\\System32\\conhost.exe\r\n\r\nRequested Operation:\r\n\tDesired Access:\tDELETE\r\n\t\t\t\tREAD_CONTROL\r\n\t\t\t\tWRITE_DAC\r\n\t\t\t\tWRITE_OWNER\r\n\t\t\t\tSYNCHRONIZE\r\n\t\t\t\tQuery mutant state\r\n\t\t\t\t\r\n\tPrivileges:\t\tSeTakeOwnershipPrivilege","SubjectUserName":"pgustavo","PrivilegeList":"SeTakeOwnershipPrivilege","SourceModuleName":"eventlog","SubjectUserSid":"S-1-5-21-4107722679-1012484280-3777968168-1104"}
{"@timestamp":"2020-10-13T04:26:30.148Z","port":61041,"Severity":"INFO","Task":13056,"Channel":"Security","tags":["mordorDataset"],"SourceModuleType":"im_msvistalog","OpcodeValue":0,"EventType":"AUDIT_SUCCESS","ExecutionProcessID":4,"Opcode":"Info","RecordNumber":85506,"ThreadID":4868,"SubjectDomainName":"THESHIRE","SubjectLogonId":"0x6d70c2","SourceName":"Microsoft-Windows-Security-Auditing","ObjectType":"-","Keywords":-9214364837600034816,"HandleId":"0x220","EventID":4674,"Category":"Sensitive Privilege Use","ObjectName":"-","Version":0,"ProcessId":"0xc4c","@version":"1","host":"wec.internal.cloudapp.net","Hostname":"WORKSTATION6.theshire.local","AccessMask":"2031617","ObjectServer":"Security","ProcessName":"C:\\Windows\\System32\\conhost.exe","EventReceivedTime":"2020-10-13 00:26:30","SeverityValue":2,"EventTime":"2020-10-13 00:26:28","ProviderGuid":"{54849625-5478-4994-A5BA-3E3B0328C30D}","Message":"An operation was attempted on a privileged object.\r\n\r\nSubject:\r\n\tSecurity ID:\t\tS-1-5-21-4107722679-1012484280-3777968168-1104\r\n\tAccount Name:\t\tpgustavo\r\n\tAccount Domain:\t\tTHESHIRE\r\n\tLogon ID:\t\t0x6D70C2\r\n\r\nObject:\r\n\tObject Server:\tSecurity\r\n\tObject Type:\t-\r\n\tObject Name:\t-\r\n\tObject Handle:\t0x220\r\n\r\nProcess Information:\r\n\tProcess ID:\t0xc4c\r\n\tProcess Name:\tC:\\Windows\\System32\\conhost.exe\r\n\r\nRequested Operation:\r\n\tDesired Access:\t2031617\r\n\tPrivileges:\t\tSeTakeOwnershipPrivilege","SubjectUserName":"pgustavo","PrivilegeList":"SeTakeOwnershipPrivilege","SourceModuleName":"eventlog","SubjectUserSid":"S-1-5-21-4107722679-1012484280-3777968168-1104"}
{"@timestamp":"2020-10-13T04:26:30.148Z","port":61041,"Severity":"INFO","Task":13056,"Channel":"Security","tags":["mordorDataset"],"SourceModuleType":"im_msvistalog","OpcodeValue":0,"EventType":"AUDIT_SUCCESS","ExecutionProcessID":4,"Opcode":"Info","RecordNumber":85507,"ThreadID":4868,"SubjectDomainName":"THESHIRE","SubjectLogonId":"0x6d70c2","SourceName":"Microsoft-Windows-Security-Auditing","ObjectType":"Semaphore","Keywords":-9214364837600034816,"HandleId":"0x228","EventID":4674,"Category":"Sensitive Privilege Use","ObjectName":"\\BaseNamedObjects\\SM0:3148:304:WilStaging_02_p0","Version":0,"ProcessId":"0xc4c","@version":"1","host":"wec.internal.cloudapp.net","Hostname":"WORKSTATION6.theshire.local","AccessMask":"%%1537\r\n\t\t\t\t%%1538\r\n\t\t\t\t%%1539\r\n\t\t\t\t%%1540\r\n\t\t\t\t%%1541\r\n\t\t\t\t%%4528\r\n\t\t\t\t%%4529\r\n\t\t\t\t","ObjectServer":"Security","ProcessName":"C:\\Windows\\System32\\conhost.exe","EventReceivedTime":"2020-10-13 00:26:30","SeverityValue":2,"EventTime":"2020-10-13 00:26:28","ProviderGuid":"{54849625-5478-4994-A5BA-3E3B0328C30D}","Message":"An operation was attempted on a privileged object.\r\n\r\nSubject:\r\n\tSecurity ID:\t\tS-1-5-21-4107722679-1012484280-3777968168-1104\r\n\tAccount Name:\t\tpgustavo\r\n\tAccount Domain:\t\tTHESHIRE\r\n\tLogon ID:\t\t0x6D70C2\r\n\r\nObject:\r\n\tObject Server:\tSecurity\r\n\tObject Type:\tSemaphore\r\n\tObject Name:\t\\BaseNamedObjects\\SM0:3148:304:WilStaging_02_p0\r\n\tObject Handle:\t0x228\r\n\r\nProcess Information:\r\n\tProcess ID:\t0xc4c\r\n\tProcess Name:\tC:\\Windows\\System32\\conhost.exe\r\n\r\nRequested Operation:\r\n\tDesired Access:\tDELETE\r\n\t\t\t\tREAD_CONTROL\r\n\t\t\t\tWRITE_DAC\r\n\t\t\t\tWRITE_OWNER\r\n\t\t\t\tSYNCHRONIZE\r\n\t\t\t\tQuery semaphore state\r\n\t\t\t\tModify semaphore state\r\n\t\t\t\t\r\n\tPrivileges:\t\tSeTakeOwnershipPrivilege","SubjectUserName":"pgustavo","PrivilegeList":"SeTakeOwnershipPrivilege","SourceModuleName":"eventlog","SubjectUserSid":"S-1-5-21-4107722679-1012484280-3777968168-1104"}
{"@timestamp":"2020-10-13T04:26:30.148Z","port":61041,"Severity":"INFO","Task":13056,"Channel":"Security","tags":["mordorDataset"],"SourceModuleType":"im_msvistalog","OpcodeValue":0,"EventType":"AUDIT_SUCCESS","ExecutionProcessID":4,"Opcode":"Info","RecordNumber":85508,"ThreadID":4868,"SubjectDomainName":"THESHIRE","SubjectLogonId":"0x6d70c2","SourceName":"Microsoft-Windows-Security-Auditing","ObjectType":"Semaphore","Keywords":-9214364837600034816,"HandleId":"0x22c","EventID":4674,"Category":"Sensitive Privilege Use","ObjectName":"\\BaseNamedObjects\\SM0:3148:304:WilStaging_02_p0h","Version":0,"ProcessId":"0xc4c","@version":"1","host":"wec.internal.cloudapp.net","Hostname":"WORKSTATION6.theshire.local","AccessMask":"%%1537\r\n\t\t\t\t%%1538\r\n\t\t\t\t%%1539\r\n\t\t\t\t%%1540\r\n\t\t\t\t%%1541\r\n\t\t\t\t%%4528\r\n\t\t\t\t%%4529\r\n\t\t\t\t","ObjectServer":"Security","ProcessName":"C:\\Windows\\System32\\conhost.exe","EventReceivedTime":"2020-10-13 00:26:30","SeverityValue":2,"EventTime":"2020-10-13 00:26:28","ProviderGuid":"{54849625-5478-4994-A5BA-3E3B0328C30D}","Message":"An operation was attempted on a privileged object.\r\n\r\nSubject:\r\n\tSecurity ID:\t\tS-1-5-21-4107722679-1012484280-3777968168-1104\r\n\tAccount Name:\t\tpgustavo\r\n\tAccount Domain:\t\tTHESHIRE\r\n\tLogon ID:\t\t0x6D70C2\r\n\r\nObject:\r\n\tObject Server:\tSecurity\r\n\tObject Type:\tSemaphore\r\n\tObject Name:\t\\BaseNamedObjects\\SM0:3148:304:WilStaging_02_p0h\r\n\tObject Handle:\t0x22c\r\n\r\nProcess Information:\r\n\tProcess ID:\t0xc4c\r\n\tProcess Name:\tC:\\Windows\\System32\\conhost.exe\r\n\r\nRequested Operation:\r\n\tDesired Access:\tDELETE\r\n\t\t\t\tREAD_CONTROL\r\n\t\t\t\tWRITE_DAC\r\n\t\t\t\tWRITE_OWNER\r\n\t\t\t\tSYNCHRONIZE\r\n\t\t\t\tQuery semaphore state\r\n\t\t\t\tModify semaphore state\r\n\t\t\t\t\r\n\tPrivileges:\t\tSeTakeOwnershipPrivilege","SubjectUserName":"pgustavo","PrivilegeList":"SeTakeOwnershipPrivilege","SourceModuleName":"eventlog","SubjectUserSid":"S-1-5-21-4107722679-1012484280-3777968168-1104"}
{"SourceProcessId":"0x1928","@timestamp":"2020-10-13T04:26:30.149Z","port":61041,"Severity":"INFO","Task":12807,"Channel":"Security","tags":["mordorDataset"],"SourceModuleType":"im_msvistalog","OpcodeValue":0,"TargetProcessId":"0x4","EventType":"AUDIT_SUCCESS","ExecutionProcessID":4,"Opcode":"Info","RecordNumber":85509,"ThreadID":4868,"SubjectDomainName":"THESHIRE","SubjectLogonId":"0x6d70c2","SourceName":"Microsoft-Windows-Security-Auditing","TargetHandleId":"0x22ec","Keywords":-9214364837600034816,"EventID":4690,"Category":"Handle Manipulation","SourceHandleId":"0xdc","Version":0,"ProcessId":"0x1928","@version":"1","host":"wec.internal.cloudapp.net","Hostname":"WORKSTATION6.theshire.local","EventReceivedTime":"2020-10-13 00:26:30","SeverityValue":2,"EventTime":"2020-10-13 00:26:29","ProviderGuid":"{54849625-5478-4994-A5BA-3E3B0328C30D}","Message":"An attempt was made to duplicate a handle to an object.\r\n\r\nSubject:\r\n\tSecurity ID:\t\tS-1-5-21-4107722679-1012484280-3777968168-1104\r\n\tAccount Name:\t\tpgustavo\r\n\tAccount Domain:\t\tTHESHIRE\r\n\tLogon ID:\t\t0x6D70C2\r\n\r\nSource Handle Information:\r\n\tSource Handle ID:\t0xdc\r\n\tSource Process ID:\t0x1928\r\n\r\nNew Handle Information:\r\n\tTarget Handle ID:\t0x22ec\r\n\tTarget Process ID:\t0x4","SubjectUserName":"pgustavo","SourceModuleName":"eventlog","SubjectUserSid":"S-1-5-21-4107722679-1012484280-3777968168-1104"}
{"@timestamp":"2020-10-13T04:26:30.149Z","port":61041,"Severity":"INFO","Task":12801,"Channel":"Security","tags":["mordorDataset"],"SourceModuleType":"im_msvistalog","OpcodeValue":0,"EventType":"AUDIT_SUCCESS","ExecutionProcessID":4,"Opcode":"Info","RecordNumber":85510,"ThreadID":4868,"SubjectDomainName":"THESHIRE","SubjectLogonId":"0x6d70c2","SourceName":"Microsoft-Windows-Security-Auditing","Keywords":-9214364837600034816,"HandleId":"0x22ec","EventID":4658,"Category":"Registry","ProcessId":"0x1928","Version":0,"@version":"1","host":"wec.internal.cloudapp.net","Hostname":"WORKSTATION6.theshire.local","ProcessName":"C:\\Windows\\System32\\whoami.exe","ObjectServer":"Security","EventReceivedTime":"2020-10-13 00:26:30","SeverityValue":2,"EventTime":"2020-10-13 00:26:29","ProviderGuid":"{54849625-5478-4994-A5BA-3E3B0328C30D}","Message":"The handle to an object was closed.\r\n\r\nSubject :\r\n\tSecurity ID:\t\tS-1-5-21-4107722679-1012484280-3777968168-1104\r\n\tAccount Name:\t\tpgustavo\r\n\tAccount Domain:\t\tTHESHIRE\r\n\tLogon ID:\t\t0x6D70C2\r\n\r\nObject:\r\n\tObject Server:\t\tSecurity\r\n\tHandle ID:\t\t0x22ec\r\n\r\nProcess Information:\r\n\tProcess ID:\t\t0x1928\r\n\tProcess Name:\t\tC:\\Windows\\System32\\whoami.exe","SubjectUserName":"pgustavo","SourceModuleName":"eventlog","SubjectUserSid":"S-1-5-21-4107722679-1012484280-3777968168-1104"}
{"@timestamp":"2020-10-13T04:26:30.150Z","AccessReason":"-","Channel":"Security","SubjectDomainName":"THESHIRE","RecordNumber":85511,"ThreadID":4868,"SubjectLogonId":"0x6d70c2","TransactionId":"{00000000-0000-0000-0000-000000000000}","ObjectName":"\\REGISTRY\\MACHINE\\SYSTEM\\ControlSet001\\Control\\Lsa","ProcessId":"0x1928","Version":1,"Hostname":"WORKSTATION6.theshire.local","EventReceivedTime":"2020-10-13 00:26:30","ProviderGuid":"{54849625-5478-4994-A5BA-3E3B0328C30D}","SubjectUserName":"pgustavo","RestrictedSidCount":"0","port":61041,"Severity":"INFO","ResourceAttributes":"-","Task":12801,"tags":["mordorDataset"],"SourceModuleType":"im_msvistalog","OpcodeValue":0,"EventType":"AUDIT_SUCCESS","ExecutionProcessID":4,"Opcode":"Info","ObjectType":"Key","SourceName":"Microsoft-Windows-Security-Auditing","Keywords":-9214364837600034816,"AccessList":"%%4432\r\n\t\t\t\t","HandleId":"0xdc","EventID":4656,"Category":"Registry","@version":"1","host":"wec.internal.cloudapp.net","AccessMask":"0x1","ObjectServer":"Security","ProcessName":"C:\\Windows\\System32\\whoami.exe","SeverityValue":2,"EventTime":"2020-10-13 00:26:29","Message":"A handle to an object was requested.\r\n\r\nSubject:\r\n\tSecurity ID:\t\tS-1-5-21-4107722679-1012484280-3777968168-1104\r\n\tAccount Name:\t\tpgustavo\r\n\tAccount Domain:\t\tTHESHIRE\r\n\tLogon ID:\t\t0x6D70C2\r\n\r\nObject:\r\n\tObject Server:\t\tSecurity\r\n\tObject Type:\t\tKey\r\n\tObject Name:\t\t\\REGISTRY\\MACHINE\\SYSTEM\\ControlSet001\\Control\\Lsa\r\n\tHandle ID:\t\t0xdc\r\n\tResource Attributes:\t-\r\n\r\nProcess Information:\r\n\tProcess ID:\t\t0x1928\r\n\tProcess Name:\t\tC:\\Windows\\System32\\whoami.exe\r\n\r\nAccess Request Information:\r\n\tTransaction ID:\t\t{00000000-0000-0000-0000-000000000000}\r\n\tAccesses:\t\tQuery key value\r\n\t\t\t\t\r\n\tAccess Reasons:\t\t-\r\n\tAccess Mask:\t\t0x1\r\n\tPrivileges Used for Access Check:\t-\r\n\tRestricted SID Count:\t0","PrivilegeList":"-","SourceModuleName":"eventlog","SubjectUserSid":"S-1-5-21-4107722679-1012484280-3777968168-1104"}
