{"Version":3,"GrantedAccess":"0x1400","EventReceivedTime":"2019-12-04 23:42:45","type":"nxlog-mordor","SourceImage":"C:\\Windows\\System32\\svchost.exe","host":"ip-172-18-39-102.ec2.internal","Channel":"Microsoft-Windows-Sysmon/Operational","RecordNumber":219477,"SourceProcessId":"3492","port":49730,"ProviderGuid":"{5770385F-C22A-43E0-BF4C-06F5698FFBD9}","CallTrace":"C:\\Windows\\SYSTEM32\\ntdll.dll+9c524|C:\\Windows\\System32\\KERNELBASE.dll+2730e|c:\\windows\\system32\\rasmans.dll+3751b|c:\\windows\\system32\\rasmans.dll+36fad|c:\\windows\\system32\\rasmans.dll+10ed8|c:\\windows\\system32\\rasmans.dll+33cd5|C:\\Windows\\System32\\svchost.exe+314c|C:\\Windows\\System32\\sechost.dll+2de2|C:\\Windows\\System32\\KERNEL32.DLL+17944|C:\\Windows\\SYSTEM32\\ntdll.dll+6ce71","EventID":10,"EventType":"INFO","TargetProcessGUID":"{a158f72c-5898-5de8-0000-0010a6ba6d00}","UtcTime":"2019-12-05 04:42:43.123","UserID":"S-1-5-18","SourceThreadId":"3616","SourceName":"Microsoft-Windows-Sysmon","Domain":"NT AUTHORITY","AccountType":"User","OpcodeValue":0,"Message":"Process accessed:\r\nRuleName: \r\nUtcTime: 2019-12-05 04:42:43.123\r\nSourceProcessGUID: {a158f72c-4a8b-5de8-0000-0010df500200}\r\nSourceProcessId: 3492\r\nSourceThreadId: 3616\r\nSourceImage: C:\\Windows\\System32\\svchost.exe\r\nTargetProcessGUID: {a158f72c-5898-5de8-0000-0010a6ba6d00}\r\nTargetProcessId: 1332\r\nTargetImage: C:\\Windows\\System32\\WindowsPowerShell\\v1.0\\powershell.exe\r\nGrantedAccess: 0x1400\r\nCallTrace: C:\\Windows\\SYSTEM32\\ntdll.dll+9c524|C:\\Windows\\System32\\KERNELBASE.dll+2730e|c:\\windows\\system32\\rasmans.dll+3751b|c:\\windows\\system32\\rasmans.dll+36fad|c:\\windows\\system32\\rasmans.dll+10ed8|c:\\windows\\system32\\rasmans.dll+33cd5|C:\\Windows\\System32\\svchost.exe+314c|C:\\Windows\\System32\\sechost.dll+2de2|C:\\Windows\\System32\\KERNEL32.DLL+17944|C:\\Windows\\SYSTEM32\\ntdll.dll+6ce71","Task":10,"Severity":"INFO","Keywords":-9223372036854775808,"@timestamp":"2019-12-05T04:42:45.982Z","EventTime":"2019-12-04 23:42:43","SeverityValue":2,"ProcessID":3140,"ThreadID":4712,"AccountName":"SYSTEM","TargetImage":"C:\\Windows\\System32\\WindowsPowerShell\\v1.0\\powershell.exe","SourceModuleType":"im_msvistalog","Hostname":"IT001.shire.com","SourceModuleName":"eventlog","SourceProcessGUID":"{a158f72c-4a8b-5de8-0000-0010df500200}","TargetProcessId":"1332","@version":"1"}
{"Channel":"Microsoft-Windows-Sysmon/Operational","RecordNumber":155666,"ProviderGuid":"{5770385F-C22A-43E0-BF4C-06F5698FFBD9}","User":"NT AUTHORITY\\NETWORK SERVICE","DestinationIp":"172.18.39.102","SourceName":"Microsoft-Windows-Sysmon","Domain":"NT AUTHORITY","AccountType":"User","OpcodeValue":0,"Message":"Network connection detected:\r\nRuleName: \r\nUtcTime: 2019-12-05 04:42:41.564\r\nProcessGuid: {a158f72c-4a97-5de8-0000-0010531c0200}\r\nProcessId: 3204\r\nImage: C:\\Windows\\System32\\svchost.exe\r\nUser: NT AUTHORITY\\NETWORK SERVICE\r\nProtocol: tcp\r\nInitiated: true\r\nSourceIsIpv6: false\r\nSourceIp: 172.18.39.100\r\nSourceHostname: ACCT001.shire.com\r\nSourcePort: 51530\r\nSourcePortName: \r\nDestinationIsIpv6: false\r\nDestinationIp: 172.18.39.102\r\nDestinationHostname: ip-172-18-39-102.ec2.internal\r\nDestinationPort: 5985\r\nDestinationPortName: ","ProcessID":3148,"SeverityValue":2,"SourceModuleType":"im_msvistalog","DestinationPort":"5985","@version":"1","Version":5,"EventReceivedTime":"2019-12-04 23:42:45","Image":"C:\\Windows\\System32\\svchost.exe","type":"nxlog-mordor","host":"ip-172-18-39-102.ec2.internal","port":49730,"EventID":3,"EventType":"INFO","SourceHostname":"ACCT001.shire.com","SourceIp":"172.18.39.100","UtcTime":"2019-12-05 04:42:41.564","UserID":"S-1-5-18","ProcessGuid":"{a158f72c-4a97-5de8-0000-0010531c0200}","SourcePort":"51530","Task":3,"Severity":"INFO","Keywords":-9223372036854775808,"@timestamp":"2019-12-05T04:42:45.981Z","SourceIsIpv6":"false","EventTime":"2019-12-04 23:42:43","ThreadID":4084,"Protocol":"tcp","AccountName":"SYSTEM","Initiated":"true","DestinationIsIpv6":"false","DestinationHostname":"ip-172-18-39-102.ec2.internal","Hostname":"ACCT001.shire.com","SourceModuleName":"eventlog"}
{"Channel":"Microsoft-Windows-Sysmon/Operational","RecordNumber":155668,"ProviderGuid":"{5770385F-C22A-43E0-BF4C-06F5698FFBD9}","User":"NT AUTHORITY\\NETWORK SERVICE","DestinationIp":"172.18.39.102","SourceName":"Microsoft-Windows-Sysmon","Domain":"NT AUTHORITY","AccountType":"User","OpcodeValue":0,"Message":"Network connection detected:\r\nRuleName: \r\nUtcTime: 2019-12-05 04:42:41.565\r\nProcessGuid: {a158f72c-4a97-5de8-0000-0010531c0200}\r\nProcessId: 3204\r\nImage: C:\\Windows\\System32\\svchost.exe\r\nUser: NT AUTHORITY\\NETWORK SERVICE\r\nProtocol: tcp\r\nInitiated: true\r\nSourceIsIpv6: false\r\nSourceIp: 172.18.39.100\r\nSourceHostname: ACCT001.shire.com\r\nSourcePort: 51531\r\nSourcePortName: \r\nDestinationIsIpv6: false\r\nDestinationIp: 172.18.39.102\r\nDestinationHostname: ip-172-18-39-102.ec2.internal\r\nDestinationPort: 5985\r\nDestinationPortName: ","ProcessID":3148,"SeverityValue":2,"SourceModuleType":"im_msvistalog","DestinationPort":"5985","@version":"1","Version":5,"EventReceivedTime":"2019-12-04 23:42:45","Image":"C:\\Windows\\System32\\svchost.exe","type":"nxlog-mordor","host":"ip-172-18-39-102.ec2.internal","port":49730,"EventID":3,"EventType":"INFO","SourceHostname":"ACCT001.shire.com","SourceIp":"172.18.39.100","UtcTime":"2019-12-05 04:42:41.565","UserID":"S-1-5-18","ProcessGuid":"{a158f72c-4a97-5de8-0000-0010531c0200}","SourcePort":"51531","Task":3,"Severity":"INFO","Keywords":-9223372036854775808,"@timestamp":"2019-12-05T04:42:45.982Z","SourceIsIpv6":"false","EventTime":"2019-12-04 23:42:44","ThreadID":4084,"Protocol":"tcp","AccountName":"SYSTEM","Initiated":"true","DestinationIsIpv6":"false","DestinationHostname":"ip-172-18-39-102.ec2.internal","Hostname":"ACCT001.shire.com","SourceModuleName":"eventlog"}
{"Version":0,"EventReceivedTime":"2019-12-04 23:42:46","SourceAddress":"::","type":"nxlog-mordor","host":"ip-172-18-39-102.ec2.internal","Channel":"Security","RecordNumber":88404,"Category":"Filtering Platform Connection","port":49730,"ProviderGuid":"{54849625-5478-4994-A5BA-3E3B0328C30D}","Application":"\\device\\harddiskvolume1\\windows\\system32\\dfsrs.exe","EventID":5158,"EventType":"AUDIT_SUCCESS","SourcePort":"49604","SourceName":"Microsoft-Windows-Security-Auditing","OpcodeValue":0,"Message":"The Windows Filtering Platform has permitted a bind to a local port.\r\n\r\nApplication Information:\r\n\tProcess ID:\t\t2024\r\n\tApplication Name:\t\\device\\harddiskvolume1\\windows\\system32\\dfsrs.exe\r\n\r\nNetwork Information:\r\n\tSource Address:\t\t::\r\n\tSource Port:\t\t49604\r\n\tProtocol:\t\t6\r\n\r\nFilter Information:\r\n\tFilter Run-Time ID:\t0\r\n\tLayer Name:\t\tResource Assignment\r\n\tLayer Run-Time ID:\t38","LayerName":"%%14608","Task":12810,"Severity":"INFO","Keywords":-9214364837600034816,"LayerRTID":"38","@timestamp":"2019-12-05T04:42:46.997Z","EventTime":"2019-12-04 23:42:45","SeverityValue":2,"ProcessID":4,"ThreadID":4112,"Opcode":"Info","Protocol":"6","SourceModuleType":"im_msvistalog","Hostname":"HFDC01.shire.com","SourceModuleName":"eventlog","FilterRTID":"0","@version":"1"}
{"Version":2,"EventReceivedTime":"2019-12-04 23:42:46","Image":"C:\\Windows\\system32\\DFSRs.exe","type":"nxlog-mordor","host":"ip-172-18-39-102.ec2.internal","Channel":"Microsoft-Windows-Sysmon/Operational","RecordNumber":102422,"port":49730,"ProviderGuid":"{5770385F-C22A-43E0-BF4C-06F5698FFBD9}","EventID":13,"EventType":"INFO","Details":"\\\\?\\C:\\System Volume Information\\DFSR\\Config\\Replica_23EE0F75-A719-4963-BC3A-9CB385279D9B.XML","UtcTime":"2019-12-05 04:42:45.415","UserID":"S-1-5-18","ProcessGuid":"{d14e8c55-47c8-5de8-0000-0010caf90100}","SourceName":"Microsoft-Windows-Sysmon","Domain":"NT AUTHORITY","AccountType":"User","OpcodeValue":0,"Message":"Registry value set:\r\nRuleName: \r\nEventType: SetValue\r\nUtcTime: 2019-12-05 04:42:45.415\r\nProcessGuid: {d14e8c55-47c8-5de8-0000-0010caf90100}\r\nProcessId: 2024\r\nImage: C:\\Windows\\system32\\DFSRs.exe\r\nTargetObject: HKLM\\System\\CurrentControlSet\\Services\\DFSR\\Parameters\\Replication Groups\\23EE0F75-A719-4963-BC3A-9CB385279D9B\\Replica Set Configuration File\r\nDetails: \\\\?\\C:\\System Volume Information\\DFSR\\Config\\Replica_23EE0F75-A719-4963-BC3A-9CB385279D9B.XML","Task":13,"Severity":"INFO","Keywords":-9223372036854775808,"@timestamp":"2019-12-05T04:42:46.998Z","EventTime":"2019-12-04 23:42:45","SeverityValue":2,"ProcessID":2644,"ThreadID":3664,"AccountName":"SYSTEM","TargetObject":"HKLM\\System\\CurrentControlSet\\Services\\DFSR\\Parameters\\Replication Groups\\23EE0F75-A719-4963-BC3A-9CB385279D9B\\Replica Set Configuration File","SourceModuleType":"im_msvistalog","Hostname":"HFDC01.shire.com","SourceModuleName":"eventlog","@version":"1"}
{"Version":2,"EventReceivedTime":"2019-12-04 23:42:46","Image":"C:\\Windows\\system32\\DFSRs.exe","type":"nxlog-mordor","host":"ip-172-18-39-102.ec2.internal","Channel":"Microsoft-Windows-Sysmon/Operational","RecordNumber":102424,"port":49730,"ProviderGuid":"{5770385F-C22A-43E0-BF4C-06F5698FFBD9}","EventID":12,"EventType":"INFO","UtcTime":"2019-12-05 04:42:45.415","UserID":"S-1-5-18","ProcessGuid":"{d14e8c55-47c8-5de8-0000-0010caf90100}","SourceName":"Microsoft-Windows-Sysmon","Domain":"NT AUTHORITY","AccountType":"User","OpcodeValue":0,"Message":"Registry object added or deleted:\r\nRuleName: \r\nEventType: CreateKey\r\nUtcTime: 2019-12-05 04:42:45.415\r\nProcessGuid: {d14e8c55-47c8-5de8-0000-0010caf90100}\r\nProcessId: 2024\r\nImage: C:\\Windows\\system32\\DFSRs.exe\r\nTargetObject: HKLM\\System\\CurrentControlSet\\Services\\DFSR\\Access Checks\\Replication Groups\\23EE0F75-A719-4963-BC3A-9CB385279D9B","Task":12,"Severity":"INFO","Keywords":-9223372036854775808,"@timestamp":"2019-12-05T04:42:46.998Z","EventTime":"2019-12-04 23:42:45","SeverityValue":2,"ProcessID":2644,"ThreadID":3664,"AccountName":"SYSTEM","TargetObject":"HKLM\\System\\CurrentControlSet\\Services\\DFSR\\Access Checks\\Replication Groups\\23EE0F75-A719-4963-BC3A-9CB385279D9B","SourceModuleType":"im_msvistalog","Hostname":"HFDC01.shire.com","SourceModuleName":"eventlog","@version":"1"}
{"Version":0,"EventReceivedTime":"2019-12-04 23:42:46","type":"nxlog-mordor","host":"ip-172-18-39-102.ec2.internal","Channel":"Security","RecordNumber":88410,"Category":"Special Logon","port":49730,"ProviderGuid":"{54849625-5478-4994-A5BA-3E3B0328C30D}","EventID":4672,"EventType":"AUDIT_SUCCESS","SourceName":"Microsoft-Windows-Security-Auditing","SubjectDomainName":"shire","SubjectUserSid":"S-1-5-18","OpcodeValue":0,"Message":"Special privileges assigned to new logon.\r\n\r\nSubject:\r\n\tSecurity ID:\t\tS-1-5-18\r\n\tAccount Name:\t\tHFDC01$\r\n\tAccount Domain:\t\tshire\r\n\tLogon ID:\t\t0x67FE70\r\n\r\nPrivileges:\t\tSeSecurityPrivilege\r\n\t\t\tSeBackupPrivilege\r\n\t\t\tSeRestorePrivilege\r\n\t\t\tSeTakeOwnershipPrivilege\r\n\t\t\tSeDebugPrivilege\r\n\t\t\tSeSystemEnvironmentPrivilege\r\n\t\t\tSeLoadDriverPrivilege\r\n\t\t\tSeImpersonatePrivilege\r\n\t\t\tSeDelegateSessionUserImpersonatePrivilege\r\n\t\t\tSeEnableDelegationPrivilege","PrivilegeList":"SeSecurityPrivilege\r\n\t\t\tSeBackupPrivilege\r\n\t\t\tSeRestorePrivilege\r\n\t\t\tSeTakeOwnershipPrivilege\r\n\t\t\tSeDebugPrivilege\r\n\t\t\tSeSystemEnvironmentPrivilege\r\n\t\t\tSeLoadDriverPrivilege\r\n\t\t\tSeImpersonatePrivilege\r\n\t\t\tSeDelegateSessionUserImpersonatePrivilege\r\n\t\t\tSeEnableDelegationPrivilege","Task":12548,"Severity":"INFO","Keywords":-9214364837600034816,"SubjectUserName":"HFDC01$","@timestamp":"2019-12-05T04:42:46.999Z","EventTime":"2019-12-04 23:42:45","SeverityValue":2,"ProcessID":780,"ThreadID":2824,"Opcode":"Info","SubjectLogonId":"0x67fe70","SourceModuleType":"im_msvistalog","Hostname":"HFDC01.shire.com","SourceModuleName":"eventlog","@version":"1"}
{"Version":1,"EventReceivedTime":"2019-12-04 23:42:46","SourceAddress":"fe80::44af:a0ee:c7f9:e9ed","type":"nxlog-mordor","DestPort":"135","host":"ip-172-18-39-102.ec2.internal","Channel":"Security","RemoteMachineID":"S-1-0-0","RecordNumber":88405,"Category":"Filtering Platform Connection","port":49730,"ProviderGuid":"{54849625-5478-4994-A5BA-3E3B0328C30D}","Application":"\\device\\harddiskvolume1\\windows\\system32\\dfsrs.exe","EventID":5156,"EventType":"AUDIT_SUCCESS","Direction":"%%14593","DestAddress":"fe80::44af:a0ee:c7f9:e9ed","SourcePort":"49604","SourceName":"Microsoft-Windows-Security-Auditing","OpcodeValue":0,"Message":"The Windows Filtering Platform has permitted a connection.\r\n\r\nApplication Information:\r\n\tProcess ID:\t\t2024\r\n\tApplication Name:\t\\device\\harddiskvolume1\\windows\\system32\\dfsrs.exe\r\n\r\nNetwork Information:\r\n\tDirection:\t\tOutbound\r\n\tSource Address:\t\tfe80::44af:a0ee:c7f9:e9ed\r\n\tSource Port:\t\t49604\r\n\tDestination Address:\tfe80::44af:a0ee:c7f9:e9ed\r\n\tDestination Port:\t\t135\r\n\tProtocol:\t\t6\r\n\r\nFilter Information:\r\n\tFilter Run-Time ID:\t65855\r\n\tLayer Name:\t\tConnect\r\n\tLayer Run-Time ID:\t50","LayerName":"%%14611","Task":12810,"Severity":"INFO","Keywords":-9214364837600034816,"LayerRTID":"50","@timestamp":"2019-12-05T04:42:46.997Z","EventTime":"2019-12-04 23:42:45","SeverityValue":2,"ProcessID":4,"ThreadID":4112,"Opcode":"Info","Protocol":"6","RemoteUserID":"S-1-0-0","SourceModuleType":"im_msvistalog","Hostname":"HFDC01.shire.com","SourceModuleName":"eventlog","FilterRTID":"65855","@version":"1"}
{"Version":0,"EventReceivedTime":"2019-12-04 23:42:46","SourceAddress":"::","type":"nxlog-mordor","host":"ip-172-18-39-102.ec2.internal","Channel":"Security","RecordNumber":88407,"Category":"Filtering Platform Connection","port":49730,"ProviderGuid":"{54849625-5478-4994-A5BA-3E3B0328C30D}","Application":"\\device\\harddiskvolume1\\windows\\system32\\dfsrs.exe","EventID":5158,"EventType":"AUDIT_SUCCESS","SourcePort":"49605","SourceName":"Microsoft-Windows-Security-Auditing","OpcodeValue":0,"Message":"The Windows Filtering Platform has permitted a bind to a local port.\r\n\r\nApplication Information:\r\n\tProcess ID:\t\t2024\r\n\tApplication Name:\t\\device\\harddiskvolume1\\windows\\system32\\dfsrs.exe\r\n\r\nNetwork Information:\r\n\tSource Address:\t\t::\r\n\tSource Port:\t\t49605\r\n\tProtocol:\t\t6\r\n\r\nFilter Information:\r\n\tFilter Run-Time ID:\t0\r\n\tLayer Name:\t\tResource Assignment\r\n\tLayer Run-Time ID:\t38","LayerName":"%%14608","Task":12810,"Severity":"INFO","Keywords":-9214364837600034816,"LayerRTID":"38","@timestamp":"2019-12-05T04:42:46.998Z","EventTime":"2019-12-04 23:42:45","SeverityValue":2,"ProcessID":4,"ThreadID":3884,"Opcode":"Info","Protocol":"6","SourceModuleType":"im_msvistalog","Hostname":"HFDC01.shire.com","SourceModuleName":"eventlog","FilterRTID":"0","@version":"1"}
{"Version":2,"EventReceivedTime":"2019-12-04 23:42:46","Image":"C:\\Windows\\system32\\DFSRs.exe","type":"nxlog-mordor","host":"ip-172-18-39-102.ec2.internal","Channel":"Microsoft-Windows-Sysmon/Operational","RecordNumber":102425,"port":49730,"ProviderGuid":"{5770385F-C22A-43E0-BF4C-06F5698FFBD9}","CreationUtcTime":"2019-12-05 04:42:45.431","EventID":11,"EventType":"INFO","UtcTime":"2019-12-05 04:42:45.431","UserID":"S-1-5-18","ProcessGuid":"{d14e8c55-47c8-5de8-0000-0010caf90100}","SourceName":"Microsoft-Windows-Sysmon","Domain":"NT AUTHORITY","AccountType":"User","OpcodeValue":0,"Message":"File created:\r\nRuleName: \r\nUtcTime: 2019-12-05 04:42:45.431\r\nProcessGuid: {d14e8c55-47c8-5de8-0000-0010caf90100}\r\nProcessId: 2024\r\nImage: C:\\Windows\\system32\\DFSRs.exe\r\nTargetFilename: C:\\System Volume Information\\DFSR\\Config\\Volume_59E89FD7-0000-0000-0000-100000000000.XML.TMP\r\nCreationUtcTime: 2019-12-05 04:42:45.431","Task":11,"Severity":"INFO","Keywords":-9223372036854775808,"@timestamp":"2019-12-05T04:42:46.999Z","EventTime":"2019-12-04 23:42:45","SeverityValue":2,"ProcessID":2644,"ThreadID":3664,"AccountName":"SYSTEM","TargetFilename":"C:\\System Volume Information\\DFSR\\Config\\Volume_59E89FD7-0000-0000-0000-100000000000.XML.TMP","SourceModuleType":"im_msvistalog","Hostname":"HFDC01.shire.com","SourceModuleName":"eventlog","@version":"1"}
{"ImpersonationLevel":"%%1833","IpPort":"49605","Channel":"Security","RecordNumber":88411,"ProviderGuid":"{54849625-5478-4994-A5BA-3E3B0328C30D}","AuthenticationPackageName":"Kerberos","WorkstationName":"-","IpAddress":"fe80::44af:a0ee:c7f9:e9ed","TargetUserName":"HFDC01$","SourceName":"Microsoft-Windows-Security-Auditing","SubjectDomainName":"-","TargetUserSid":"S-1-5-18","ProcessName":"-","OpcodeValue":0,"Message":"An account was successfully logged on.\r\n\r\nSubject:\r\n\tSecurity ID:\t\tS-1-0-0\r\n\tAccount Name:\t\t-\r\n\tAccount Domain:\t\t-\r\n\tLogon ID:\t\t0x0\r\n\r\nLogon Information:\r\n\tLogon Type:\t\t3\r\n\tRestricted Admin Mode:\t-\r\n\tVirtual Account:\t\tNo\r\n\tElevated Token:\t\tYes\r\n\r\nImpersonation Level:\t\tImpersonation\r\n\r\nNew Logon:\r\n\tSecurity ID:\t\tS-1-5-18\r\n\tAccount Name:\t\tHFDC01$\r\n\tAccount Domain:\t\tSHIRE.COM\r\n\tLogon ID:\t\t0x67FE70\r\n\tLinked Logon ID:\t\t0x0\r\n\tNetwork Account Name:\t-\r\n\tNetwork Account Domain:\t-\r\n\tLogon GUID:\t\t{2f6eb511-3366-b571-b482-d2d80b5eeee7}\r\n\r\nProcess Information:\r\n\tProcess ID:\t\t0x0\r\n\tProcess Name:\t\t-\r\n\r\nNetwork Information:\r\n\tWorkstation Name:\t-\r\n\tSource Network Address:\tfe80::44af:a0ee:c7f9:e9ed\r\n\tSource Port:\t\t49605\r\n\r\nDetailed Authentication Information:\r\n\tLogon Process:\t\tKerberos\r\n\tAuthentication Package:\tKerberos\r\n\tTransited Services:\t-\r\n\tPackage Name (NTLM only):\t-\r\n\tKey Length:\t\t0\r\n\r\nThis event is generated when a logon session is created. It is generated on the computer that was accessed.\r\n\r\nThe subject fields indicate the account on the local system which requested the logon. This is most commonly a service such as the Server service, or a local process such as Winlogon.exe or Services.exe.\r\n\r\nThe logon type field indicates the kind of logon that occurred. The most common types are 2 (interactive) and 3 (network).\r\n\r\nThe New Logon fields indicate the account for whom the new logon was created, i.e. the account that was logged on.\r\n\r\nThe network fields indicate where a remote logon request originated. Workstation name is not always available and may be left blank in some cases.\r\n\r\nThe impersonation level field indicates the extent to which a process in the logon session can impersonate.\r\n\r\nThe authentication information fields provide detailed information about this specific logon request.\r\n\t- Logon GUID is a unique identifier that can be used to correlate this event with a KDC event.\r\n\t- Transited services indicate which intermediate services have participated in this logon request.\r\n\t- Package name indicates which sub-protocol was used among the NTLM protocols.\r\n\t- Key length indicates the length of the generated session key. This will be 0 if no session key was requested.","TargetLogonId":"0x67fe70","VirtualAccount":"%%1843","SubjectUserName":"-","ProcessID":780,"SeverityValue":2,"KeyLength":"0","Opcode":"Info","SubjectLogonId":"0x0","SourceModuleType":"im_msvistalog","@version":"1","Version":2,"LogonType":"3","LmPackageName":"-","EventReceivedTime":"2019-12-04 23:42:46","type":"nxlog-mordor","host":"ip-172-18-39-102.ec2.internal","TargetOutboundUserName":"-","Category":"Logon","port":49730,"TransmittedServices":"-","EventID":4624,"EventType":"AUDIT_SUCCESS","ElevatedToken":"%%1842","TargetOutboundDomainName":"-","SubjectUserSid":"S-1-0-0","Task":12544,"Severity":"INFO","Keywords":-9214364837600034816,"LogonGuid":"{2f6eb511-3366-b571-b482-d2d80b5eeee7}","@timestamp":"2019-12-05T04:42:47.000Z","EventTime":"2019-12-04 23:42:45","ThreadID":2824,"TargetDomainName":"SHIRE.COM","Hostname":"HFDC01.shire.com","LogonProcessName":"Kerberos","SourceModuleName":"eventlog","RestrictedAdminMode":"-","TargetLinkedLogonId":"0x0"}
{"Version":2,"EventReceivedTime":"2019-12-04 23:42:46","Image":"C:\\Windows\\system32\\DFSRs.exe","type":"nxlog-mordor","host":"ip-172-18-39-102.ec2.internal","Channel":"Microsoft-Windows-Sysmon/Operational","RecordNumber":102421,"port":49730,"ProviderGuid":"{5770385F-C22A-43E0-BF4C-06F5698FFBD9}","EventID":12,"EventType":"INFO","UtcTime":"2019-12-05 04:42:45.415","UserID":"S-1-5-18","ProcessGuid":"{d14e8c55-47c8-5de8-0000-0010caf90100}","SourceName":"Microsoft-Windows-Sysmon","Domain":"NT AUTHORITY","AccountType":"User","OpcodeValue":0,"Message":"Registry object added or deleted:\r\nRuleName: \r\nEventType: CreateKey\r\nUtcTime: 2019-12-05 04:42:45.415\r\nProcessGuid: {d14e8c55-47c8-5de8-0000-0010caf90100}\r\nProcessId: 2024\r\nImage: C:\\Windows\\system32\\DFSRs.exe\r\nTargetObject: HKLM\\System\\CurrentControlSet\\Services\\DFSR\\Parameters\\Replication Groups\\23EE0F75-A719-4963-BC3A-9CB385279D9B","Task":12,"Severity":"INFO","Keywords":-9223372036854775808,"@timestamp":"2019-12-05T04:42:46.997Z","EventTime":"2019-12-04 23:42:45","SeverityValue":2,"ProcessID":2644,"ThreadID":3664,"AccountName":"SYSTEM","TargetObject":"HKLM\\System\\CurrentControlSet\\Services\\DFSR\\Parameters\\Replication Groups\\23EE0F75-A719-4963-BC3A-9CB385279D9B","SourceModuleType":"im_msvistalog","Hostname":"HFDC01.shire.com","SourceModuleName":"eventlog","@version":"1"}
{"Version":2,"EventReceivedTime":"2019-12-04 23:42:46","Image":"C:\\Windows\\system32\\DFSRs.exe","type":"nxlog-mordor","host":"ip-172-18-39-102.ec2.internal","Channel":"Microsoft-Windows-Sysmon/Operational","RecordNumber":102423,"port":49730,"ProviderGuid":"{5770385F-C22A-43E0-BF4C-06F5698FFBD9}","EventID":13,"EventType":"INFO","Details":"DWORD (0x00000001)","UtcTime":"2019-12-05 04:42:45.415","UserID":"S-1-5-18","ProcessGuid":"{d14e8c55-47c8-5de8-0000-0010caf90100}","SourceName":"Microsoft-Windows-Sysmon","Domain":"NT AUTHORITY","AccountType":"User","OpcodeValue":0,"Message":"Registry value set:\r\nRuleName: \r\nEventType: SetValue\r\nUtcTime: 2019-12-05 04:42:45.415\r\nProcessGuid: {d14e8c55-47c8-5de8-0000-0010caf90100}\r\nProcessId: 2024\r\nImage: C:\\Windows\\system32\\DFSRs.exe\r\nTargetObject: HKLM\\System\\CurrentControlSet\\Services\\DFSR\\Parameters\\Replication Groups\\23EE0F75-A719-4963-BC3A-9CB385279D9B\\Config Source\r\nDetails: DWORD (0x00000001)","Task":13,"Severity":"INFO","Keywords":-9223372036854775808,"@timestamp":"2019-12-05T04:42:46.998Z","EventTime":"2019-12-04 23:42:45","SeverityValue":2,"ProcessID":2644,"ThreadID":3664,"AccountName":"SYSTEM","TargetObject":"HKLM\\System\\CurrentControlSet\\Services\\DFSR\\Parameters\\Replication Groups\\23EE0F75-A719-4963-BC3A-9CB385279D9B\\Config Source","SourceModuleType":"im_msvistalog","Hostname":"HFDC01.shire.com","SourceModuleName":"eventlog","@version":"1"}
{"Version":1,"EventReceivedTime":"2019-12-04 23:42:46","SourceAddress":"fe80::44af:a0ee:c7f9:e9ed","type":"nxlog-mordor","DestPort":"389","host":"ip-172-18-39-102.ec2.internal","Channel":"Security","RemoteMachineID":"S-1-0-0","RecordNumber":88409,"Category":"Filtering Platform Connection","port":49730,"ProviderGuid":"{54849625-5478-4994-A5BA-3E3B0328C30D}","Application":"\\device\\harddiskvolume1\\windows\\system32\\lsass.exe","EventID":5156,"EventType":"AUDIT_SUCCESS","Direction":"%%14592","DestAddress":"fe80::44af:a0ee:c7f9:e9ed","SourcePort":"49605","SourceName":"Microsoft-Windows-Security-Auditing","OpcodeValue":0,"Message":"The Windows Filtering Platform has permitted a connection.\r\n\r\nApplication Information:\r\n\tProcess ID:\t\t780\r\n\tApplication Name:\t\\device\\harddiskvolume1\\windows\\system32\\lsass.exe\r\n\r\nNetwork Information:\r\n\tDirection:\t\tInbound\r\n\tSource Address:\t\tfe80::44af:a0ee:c7f9:e9ed\r\n\tSource Port:\t\t49605\r\n\tDestination Address:\tfe80::44af:a0ee:c7f9:e9ed\r\n\tDestination Port:\t\t389\r\n\tProtocol:\t\t6\r\n\r\nFilter Information:\r\n\tFilter Run-Time ID:\t65853\r\n\tLayer Name:\t\tReceive/Accept\r\n\tLayer Run-Time ID:\t46","LayerName":"%%14610","Task":12810,"Severity":"INFO","Keywords":-9214364837600034816,"LayerRTID":"46","@timestamp":"2019-12-05T04:42:46.999Z","EventTime":"2019-12-04 23:42:45","SeverityValue":2,"ProcessID":4,"ThreadID":3884,"Opcode":"Info","Protocol":"6","RemoteUserID":"S-1-0-0","SourceModuleType":"im_msvistalog","Hostname":"HFDC01.shire.com","SourceModuleName":"eventlog","FilterRTID":"65853","@version":"1"}
{"Version":2,"EventReceivedTime":"2019-12-04 23:42:46","Image":"C:\\Windows\\system32\\DFSRs.exe","type":"nxlog-mordor","host":"ip-172-18-39-102.ec2.internal","Channel":"Microsoft-Windows-Sysmon/Operational","RecordNumber":102427,"port":49730,"ProviderGuid":"{5770385F-C22A-43E0-BF4C-06F5698FFBD9}","EventID":13,"EventType":"INFO","Details":"\\\\.\\C:\\System Volume Information\\DFSR\\Config\\Volume_59E89FD7-0000-0000-0000-100000000000.XML","UtcTime":"2019-12-05 04:42:45.431","UserID":"S-1-5-18","ProcessGuid":"{d14e8c55-47c8-5de8-0000-0010caf90100}","SourceName":"Microsoft-Windows-Sysmon","Domain":"NT AUTHORITY","AccountType":"User","OpcodeValue":0,"Message":"Registry value set:\r\nRuleName: \r\nEventType: SetValue\r\nUtcTime: 2019-12-05 04:42:45.431\r\nProcessGuid: {d14e8c55-47c8-5de8-0000-0010caf90100}\r\nProcessId: 2024\r\nImage: C:\\Windows\\system32\\DFSRs.exe\r\nTargetObject: HKLM\\System\\CurrentControlSet\\Services\\DFSR\\Parameters\\Volumes\\59E89FD7-0000-0000-0000-100000000000\\Volume Configuration File\r\nDetails: \\\\.\\C:\\System Volume Information\\DFSR\\Config\\Volume_59E89FD7-0000-0000-0000-100000000000.XML","Task":13,"Severity":"INFO","Keywords":-9223372036854775808,"@timestamp":"2019-12-05T04:42:47.000Z","EventTime":"2019-12-04 23:42:45","SeverityValue":2,"ProcessID":2644,"ThreadID":3664,"AccountName":"SYSTEM","TargetObject":"HKLM\\System\\CurrentControlSet\\Services\\DFSR\\Parameters\\Volumes\\59E89FD7-0000-0000-0000-100000000000\\Volume Configuration File","SourceModuleType":"im_msvistalog","Hostname":"HFDC01.shire.com","SourceModuleName":"eventlog","@version":"1"}
{"Version":2,"EventReceivedTime":"2019-12-04 23:42:46","Image":"C:\\Windows\\system32\\DFSRs.exe","type":"nxlog-mordor","host":"ip-172-18-39-102.ec2.internal","Channel":"Microsoft-Windows-Sysmon/Operational","RecordNumber":102420,"port":49730,"ProviderGuid":"{5770385F-C22A-43E0-BF4C-06F5698FFBD9}","CreationUtcTime":"2019-12-05 04:42:45.415","EventID":11,"EventType":"INFO","UtcTime":"2019-12-05 04:42:45.415","UserID":"S-1-5-18","ProcessGuid":"{d14e8c55-47c8-5de8-0000-0010caf90100}","SourceName":"Microsoft-Windows-Sysmon","Domain":"NT AUTHORITY","AccountType":"User","OpcodeValue":0,"Message":"File created:\r\nRuleName: \r\nUtcTime: 2019-12-05 04:42:45.415\r\nProcessGuid: {d14e8c55-47c8-5de8-0000-0010caf90100}\r\nProcessId: 2024\r\nImage: C:\\Windows\\system32\\DFSRs.exe\r\nTargetFilename: C:\\System Volume Information\\DFSR\\Config\\Replica_23EE0F75-A719-4963-BC3A-9CB385279D9B.XML.TMP\r\nCreationUtcTime: 2019-12-05 04:42:45.415","Task":11,"Severity":"INFO","Keywords":-9223372036854775808,"@timestamp":"2019-12-05T04:42:46.997Z","EventTime":"2019-12-04 23:42:45","SeverityValue":2,"ProcessID":2644,"ThreadID":3664,"AccountName":"SYSTEM","TargetFilename":"C:\\System Volume Information\\DFSR\\Config\\Replica_23EE0F75-A719-4963-BC3A-9CB385279D9B.XML.TMP","SourceModuleType":"im_msvistalog","Hostname":"HFDC01.shire.com","SourceModuleName":"eventlog","@version":"1"}
{"Version":1,"EventReceivedTime":"2019-12-04 23:42:46","SourceAddress":"fe80::44af:a0ee:c7f9:e9ed","type":"nxlog-mordor","DestPort":"135","host":"ip-172-18-39-102.ec2.internal","Channel":"Security","RemoteMachineID":"S-1-0-0","RecordNumber":88406,"Category":"Filtering Platform Connection","port":49730,"ProviderGuid":"{54849625-5478-4994-A5BA-3E3B0328C30D}","Application":"\\device\\harddiskvolume1\\windows\\system32\\svchost.exe","EventID":5156,"EventType":"AUDIT_SUCCESS","Direction":"%%14592","DestAddress":"fe80::44af:a0ee:c7f9:e9ed","SourcePort":"49604","SourceName":"Microsoft-Windows-Security-Auditing","OpcodeValue":0,"Message":"The Windows Filtering Platform has permitted a connection.\r\n\r\nApplication Information:\r\n\tProcess ID:\t\t496\r\n\tApplication Name:\t\\device\\harddiskvolume1\\windows\\system32\\svchost.exe\r\n\r\nNetwork Information:\r\n\tDirection:\t\tInbound\r\n\tSource Address:\t\tfe80::44af:a0ee:c7f9:e9ed\r\n\tSource Port:\t\t49604\r\n\tDestination Address:\tfe80::44af:a0ee:c7f9:e9ed\r\n\tDestination Port:\t\t135\r\n\tProtocol:\t\t6\r\n\r\nFilter Information:\r\n\tFilter Run-Time ID:\t65853\r\n\tLayer Name:\t\tReceive/Accept\r\n\tLayer Run-Time ID:\t46","LayerName":"%%14610","Task":12810,"Severity":"INFO","Keywords":-9214364837600034816,"LayerRTID":"46","@timestamp":"2019-12-05T04:42:46.997Z","EventTime":"2019-12-04 23:42:45","SeverityValue":2,"ProcessID":4,"ThreadID":4112,"Opcode":"Info","Protocol":"6","RemoteUserID":"S-1-0-0","SourceModuleType":"im_msvistalog","Hostname":"HFDC01.shire.com","SourceModuleName":"eventlog","FilterRTID":"65853","@version":"1"}
{"Version":1,"EventReceivedTime":"2019-12-04 23:42:46","SourceAddress":"fe80::44af:a0ee:c7f9:e9ed","type":"nxlog-mordor","DestPort":"389","host":"ip-172-18-39-102.ec2.internal","Channel":"Security","RemoteMachineID":"S-1-0-0","RecordNumber":88408,"Category":"Filtering Platform Connection","port":49730,"ProviderGuid":"{54849625-5478-4994-A5BA-3E3B0328C30D}","Application":"\\device\\harddiskvolume1\\windows\\system32\\dfsrs.exe","EventID":5156,"EventType":"AUDIT_SUCCESS","Direction":"%%14593","DestAddress":"fe80::44af:a0ee:c7f9:e9ed","SourcePort":"49605","SourceName":"Microsoft-Windows-Security-Auditing","OpcodeValue":0,"Message":"The Windows Filtering Platform has permitted a connection.\r\n\r\nApplication Information:\r\n\tProcess ID:\t\t2024\r\n\tApplication Name:\t\\device\\harddiskvolume1\\windows\\system32\\dfsrs.exe\r\n\r\nNetwork Information:\r\n\tDirection:\t\tOutbound\r\n\tSource Address:\t\tfe80::44af:a0ee:c7f9:e9ed\r\n\tSource Port:\t\t49605\r\n\tDestination Address:\tfe80::44af:a0ee:c7f9:e9ed\r\n\tDestination Port:\t\t389\r\n\tProtocol:\t\t6\r\n\r\nFilter Information:\r\n\tFilter Run-Time ID:\t65855\r\n\tLayer Name:\t\tConnect\r\n\tLayer Run-Time ID:\t50","LayerName":"%%14611","Task":12810,"Severity":"INFO","Keywords":-9214364837600034816,"LayerRTID":"50","@timestamp":"2019-12-05T04:42:46.998Z","EventTime":"2019-12-04 23:42:45","SeverityValue":2,"ProcessID":4,"ThreadID":3884,"Opcode":"Info","Protocol":"6","RemoteUserID":"S-1-0-0","SourceModuleType":"im_msvistalog","Hostname":"HFDC01.shire.com","SourceModuleName":"eventlog","FilterRTID":"65855","@version":"1"}
{"Version":2,"EventReceivedTime":"2019-12-04 23:42:46","Image":"C:\\Windows\\system32\\DFSRs.exe","type":"nxlog-mordor","host":"ip-172-18-39-102.ec2.internal","Channel":"Microsoft-Windows-Sysmon/Operational","RecordNumber":102426,"port":49730,"ProviderGuid":"{5770385F-C22A-43E0-BF4C-06F5698FFBD9}","EventID":12,"EventType":"INFO","UtcTime":"2019-12-05 04:42:45.431","UserID":"S-1-5-18","ProcessGuid":"{d14e8c55-47c8-5de8-0000-0010caf90100}","SourceName":"Microsoft-Windows-Sysmon","Domain":"NT AUTHORITY","AccountType":"User","OpcodeValue":0,"Message":"Registry object added or deleted:\r\nRuleName: \r\nEventType: CreateKey\r\nUtcTime: 2019-12-05 04:42:45.431\r\nProcessGuid: {d14e8c55-47c8-5de8-0000-0010caf90100}\r\nProcessId: 2024\r\nImage: C:\\Windows\\system32\\DFSRs.exe\r\nTargetObject: HKLM\\System\\CurrentControlSet\\Services\\DFSR\\Parameters\\Volumes\\59E89FD7-0000-0000-0000-100000000000","Task":12,"Severity":"INFO","Keywords":-9223372036854775808,"@timestamp":"2019-12-05T04:42:46.999Z","EventTime":"2019-12-04 23:42:45","SeverityValue":2,"ProcessID":2644,"ThreadID":3664,"AccountName":"SYSTEM","TargetObject":"HKLM\\System\\CurrentControlSet\\Services\\DFSR\\Parameters\\Volumes\\59E89FD7-0000-0000-0000-100000000000","SourceModuleType":"im_msvistalog","Hostname":"HFDC01.shire.com","SourceModuleName":"eventlog","@version":"1"}
{"Version":1,"EventReceivedTime":"2019-12-04 23:42:46","Image":"C:\\Windows\\system32\\DFSRs.exe","type":"nxlog-mordor","host":"ip-172-18-39-102.ec2.internal","Channel":"Microsoft-Windows-Sysmon/Operational","RecordNumber":102428,"port":49730,"ProviderGuid":"{5770385F-C22A-43E0-BF4C-06F5698FFBD9}","EventID":18,"EventType":"INFO","PipeName":"\\lsass","UtcTime":"2019-12-05 04:42:45.431","UserID":"S-1-5-18","ProcessGuid":"{d14e8c55-47c8-5de8-0000-0010caf90100}","SourceName":"Microsoft-Windows-Sysmon","Domain":"NT AUTHORITY","AccountType":"User","OpcodeValue":0,"Message":"Pipe Connected:\r\nRuleName: \r\nEventType: ConnectPipe\r\nUtcTime: 2019-12-05 04:42:45.431\r\nProcessGuid: {d14e8c55-47c8-5de8-0000-0010caf90100}\r\nProcessId: 2024\r\nPipeName: \\lsass\r\nImage: C:\\Windows\\system32\\DFSRs.exe","Task":18,"Severity":"INFO","Keywords":-9223372036854775808,"@timestamp":"2019-12-05T04:42:47.000Z","EventTime":"2019-12-04 23:42:45","SeverityValue":2,"ProcessID":2644,"ThreadID":3664,"AccountName":"SYSTEM","SourceModuleType":"im_msvistalog","Hostname":"HFDC01.shire.com","SourceModuleName":"eventlog","@version":"1"}
{"Version":0,"LogonType":"3","EventReceivedTime":"2019-12-04 23:42:47","type":"nxlog-mordor","host":"ip-172-18-39-102.ec2.internal","Channel":"Security","RecordNumber":88413,"Category":"Logoff","port":49730,"ProviderGuid":"{54849625-5478-4994-A5BA-3E3B0328C30D}","EventID":4634,"EventType":"AUDIT_SUCCESS","TargetUserName":"HFDC01$","SourceName":"Microsoft-Windows-Security-Auditing","TargetUserSid":"S-1-5-18","OpcodeValue":0,"Message":"An account was logged off.\r\n\r\nSubject:\r\n\tSecurity ID:\t\tS-1-5-18\r\n\tAccount Name:\t\tHFDC01$\r\n\tAccount Domain:\t\tshire\r\n\tLogon ID:\t\t0x67FE70\r\n\r\nLogon Type:\t\t\t3\r\n\r\nThis event is generated when a logon session is destroyed. It may be positively correlated with a logon event using the Logon ID value. Logon IDs are only unique between reboots on the same computer.","TargetLogonId":"0x67fe70","Task":12545,"Severity":"INFO","Keywords":-9214364837600034816,"@timestamp":"2019-12-05T04:42:47.998Z","EventTime":"2019-12-04 23:42:45","SeverityValue":2,"ProcessID":780,"ThreadID":1740,"Opcode":"Info","TargetDomainName":"shire","SourceModuleType":"im_msvistalog","Hostname":"HFDC01.shire.com","SourceModuleName":"eventlog","@version":"1"}
{"Version":0,"EventReceivedTime":"2019-12-04 23:42:47","SourceAddress":"::","type":"nxlog-mordor","host":"ip-172-18-39-102.ec2.internal","Channel":"Security","RecordNumber":88414,"Category":"Filtering Platform Connection","port":49730,"ProviderGuid":"{54849625-5478-4994-A5BA-3E3B0328C30D}","Application":"\\device\\harddiskvolume1\\windows\\system32\\dfsrs.exe","EventID":5158,"EventType":"AUDIT_SUCCESS","SourcePort":"49606","SourceName":"Microsoft-Windows-Security-Auditing","OpcodeValue":0,"Message":"The Windows Filtering Platform has permitted a bind to a local port.\r\n\r\nApplication Information:\r\n\tProcess ID:\t\t2024\r\n\tApplication Name:\t\\device\\harddiskvolume1\\windows\\system32\\dfsrs.exe\r\n\r\nNetwork Information:\r\n\tSource Address:\t\t::\r\n\tSource Port:\t\t49606\r\n\tProtocol:\t\t6\r\n\r\nFilter Information:\r\n\tFilter Run-Time ID:\t0\r\n\tLayer Name:\t\tResource Assignment\r\n\tLayer Run-Time ID:\t38","LayerName":"%%14608","Task":12810,"Severity":"INFO","Keywords":-9214364837600034816,"LayerRTID":"38","@timestamp":"2019-12-05T04:42:47.998Z","EventTime":"2019-12-04 23:42:45","SeverityValue":2,"ProcessID":4,"ThreadID":3884,"Opcode":"Info","Protocol":"6","SourceModuleType":"im_msvistalog","Hostname":"HFDC01.shire.com","SourceModuleName":"eventlog","FilterRTID":"0","@version":"1"}
{"ImpersonationLevel":"%%1833","IpPort":"49606","Channel":"Security","RecordNumber":88418,"ProviderGuid":"{54849625-5478-4994-A5BA-3E3B0328C30D}","AuthenticationPackageName":"Kerberos","WorkstationName":"-","IpAddress":"fe80::44af:a0ee:c7f9:e9ed","TargetUserName":"HFDC01$","SourceName":"Microsoft-Windows-Security-Auditing","SubjectDomainName":"-","TargetUserSid":"S-1-5-18","ProcessName":"-","OpcodeValue":0,"Message":"An account was successfully logged on.\r\n\r\nSubject:\r\n\tSecurity ID:\t\tS-1-0-0\r\n\tAccount Name:\t\t-\r\n\tAccount Domain:\t\t-\r\n\tLogon ID:\t\t0x0\r\n\r\nLogon Information:\r\n\tLogon Type:\t\t3\r\n\tRestricted Admin Mode:\t-\r\n\tVirtual Account:\t\tNo\r\n\tElevated Token:\t\tYes\r\n\r\nImpersonation Level:\t\tImpersonation\r\n\r\nNew Logon:\r\n\tSecurity ID:\t\tS-1-5-18\r\n\tAccount Name:\t\tHFDC01$\r\n\tAccount Domain:\t\tSHIRE.COM\r\n\tLogon ID:\t\t0x67FEDE\r\n\tLinked Logon ID:\t\t0x0\r\n\tNetwork Account Name:\t-\r\n\tNetwork Account Domain:\t-\r\n\tLogon GUID:\t\t{2f6eb511-3366-b571-b482-d2d80b5eeee7}\r\n\r\nProcess Information:\r\n\tProcess ID:\t\t0x0\r\n\tProcess Name:\t\t-\r\n\r\nNetwork Information:\r\n\tWorkstation Name:\t-\r\n\tSource Network Address:\tfe80::44af:a0ee:c7f9:e9ed\r\n\tSource Port:\t\t49606\r\n\r\nDetailed Authentication Information:\r\n\tLogon Process:\t\tKerberos\r\n\tAuthentication Package:\tKerberos\r\n\tTransited Services:\t-\r\n\tPackage Name (NTLM only):\t-\r\n\tKey Length:\t\t0\r\n\r\nThis event is generated when a logon session is created. It is generated on the computer that was accessed.\r\n\r\nThe subject fields indicate the account on the local system which requested the logon. This is most commonly a service such as the Server service, or a local process such as Winlogon.exe or Services.exe.\r\n\r\nThe logon type field indicates the kind of logon that occurred. The most common types are 2 (interactive) and 3 (network).\r\n\r\nThe New Logon fields indicate the account for whom the new logon was created, i.e. the account that was logged on.\r\n\r\nThe network fields indicate where a remote logon request originated. Workstation name is not always available and may be left blank in some cases.\r\n\r\nThe impersonation level field indicates the extent to which a process in the logon session can impersonate.\r\n\r\nThe authentication information fields provide detailed information about this specific logon request.\r\n\t- Logon GUID is a unique identifier that can be used to correlate this event with a KDC event.\r\n\t- Transited services indicate which intermediate services have participated in this logon request.\r\n\t- Package name indicates which sub-protocol was used among the NTLM protocols.\r\n\t- Key length indicates the length of the generated session key. This will be 0 if no session key was requested.","TargetLogonId":"0x67fede","VirtualAccount":"%%1843","SubjectUserName":"-","ProcessID":780,"SeverityValue":2,"KeyLength":"0","Opcode":"Info","SubjectLogonId":"0x0","SourceModuleType":"im_msvistalog","@version":"1","Version":2,"LogonType":"3","LmPackageName":"-","EventReceivedTime":"2019-12-04 23:42:47","type":"nxlog-mordor","host":"ip-172-18-39-102.ec2.internal","TargetOutboundUserName":"-","Category":"Logon","port":49730,"TransmittedServices":"-","EventID":4624,"EventType":"AUDIT_SUCCESS","ElevatedToken":"%%1842","TargetOutboundDomainName":"-","SubjectUserSid":"S-1-0-0","Task":12544,"Severity":"INFO","Keywords":-9214364837600034816,"LogonGuid":"{2f6eb511-3366-b571-b482-d2d80b5eeee7}","@timestamp":"2019-12-05T04:42:47.999Z","EventTime":"2019-12-04 23:42:45","ThreadID":2824,"TargetDomainName":"SHIRE.COM","Hostname":"HFDC01.shire.com","LogonProcessName":"Kerberos","SourceModuleName":"eventlog","RestrictedAdminMode":"-","TargetLinkedLogonId":"0x0"}
{"Version":1,"EventReceivedTime":"2019-12-04 23:42:47","SourceAddress":"fe80::44af:a0ee:c7f9:e9ed","type":"nxlog-mordor","DestPort":"389","host":"ip-172-18-39-102.ec2.internal","Channel":"Security","RemoteMachineID":"S-1-0-0","RecordNumber":88415,"Category":"Filtering Platform Connection","port":49730,"ProviderGuid":"{54849625-5478-4994-A5BA-3E3B0328C30D}","Application":"\\device\\harddiskvolume1\\windows\\system32\\dfsrs.exe","EventID":5156,"EventType":"AUDIT_SUCCESS","Direction":"%%14593","DestAddress":"fe80::44af:a0ee:c7f9:e9ed","SourcePort":"49606","SourceName":"Microsoft-Windows-Security-Auditing","OpcodeValue":0,"Message":"The Windows Filtering Platform has permitted a connection.\r\n\r\nApplication Information:\r\n\tProcess ID:\t\t2024\r\n\tApplication Name:\t\\device\\harddiskvolume1\\windows\\system32\\dfsrs.exe\r\n\r\nNetwork Information:\r\n\tDirection:\t\tOutbound\r\n\tSource Address:\t\tfe80::44af:a0ee:c7f9:e9ed\r\n\tSource Port:\t\t49606\r\n\tDestination Address:\tfe80::44af:a0ee:c7f9:e9ed\r\n\tDestination Port:\t\t389\r\n\tProtocol:\t\t6\r\n\r\nFilter Information:\r\n\tFilter Run-Time ID:\t65855\r\n\tLayer Name:\t\tConnect\r\n\tLayer Run-Time ID:\t50","LayerName":"%%14611","Task":12810,"Severity":"INFO","Keywords":-9214364837600034816,"LayerRTID":"50","@timestamp":"2019-12-05T04:42:47.998Z","EventTime":"2019-12-04 23:42:45","SeverityValue":2,"ProcessID":4,"ThreadID":3884,"Opcode":"Info","Protocol":"6","RemoteUserID":"S-1-0-0","SourceModuleType":"im_msvistalog","Hostname":"HFDC01.shire.com","SourceModuleName":"eventlog","FilterRTID":"65855","@version":"1"}
{"Version":0,"LogonType":"3","EventReceivedTime":"2019-12-04 23:42:47","type":"nxlog-mordor","host":"ip-172-18-39-102.ec2.internal","Channel":"Security","RecordNumber":88419,"Category":"Group Membership","port":49730,"ProviderGuid":"{54849625-5478-4994-A5BA-3E3B0328C30D}","EventID":4627,"EventType":"AUDIT_SUCCESS","EventIdx":"1","TargetUserName":"HFDC01$","SourceName":"Microsoft-Windows-Security-Auditing","SubjectDomainName":"-","SubjectUserSid":"S-1-0-0","TargetUserSid":"S-1-5-18","OpcodeValue":0,"Message":"Group membership information.\r\n\r\nSubject:\r\n\tSecurity ID:\t\tS-1-0-0\r\n\tAccount Name:\t\t-\r\n\tAccount Domain:\t\t-\r\n\tLogon ID:\t\t0x0\r\n\r\nLogon Type:\t\t\t3\r\n\r\nNew Logon:\r\n\tSecurity ID:\t\tS-1-5-18\r\n\tAccount Name:\t\tHFDC01$\r\n\tAccount Domain:\t\tSHIRE.COM\r\n\tLogon ID:\t\t0x67FEDE\r\n\r\nEvent in sequence:\t\t1 of 1\r\n\r\nGroup Membership:\t\t\t\r\n\t\t%{S-1-5-32-544}\r\n\t\t%{S-1-1-0}\r\n\t\t%{S-1-5-32-554}\r\n\t\t%{S-1-5-32-545}\r\n\t\t%{S-1-5-32-555}\r\n\t\t%{S-1-5-32-560}\r\n\t\t%{S-1-5-2}\r\n\t\t%{S-1-5-11}\r\n\t\t%{S-1-5-15}\r\n\t\t%{S-1-5-21-791464340-1796667228-2788435825-1008}\r\n\t\t%{S-1-5-21-791464340-1796667228-2788435825-516}\r\n\t\t%{S-1-5-9}\r\n\t\t%{S-1-18-1}\r\n\t\t%{S-1-5-21-791464340-1796667228-2788435825-572}\r\n\t\t%{S-1-16-16384}\r\n\r\nThe subject fields indicate the account on the local system which requested the logon. This is most commonly a service such as the Server service, or a local process such as Winlogon.exe or Services.exe.\r\n\r\nThe logon type field indicates the kind of logon that occurred. The most common types are 2 (interactive) and 3 (network).\r\n\r\nThe New Logon fields indicate the account for whom the new logon was created, i.e. the account that was logged on.\r\n\r\nThis event is generated when the Audit Group Membership subcategory is configured.  The Logon ID field can be used to correlate this event with the corresponding user logon event as well as to any other security audit events generated during this logon session.","TargetLogonId":"0x67fede","Task":12554,"Severity":"INFO","Keywords":-9214364837600034816,"SubjectUserName":"-","@timestamp":"2019-12-05T04:42:47.999Z","EventTime":"2019-12-04 23:42:45","SeverityValue":2,"ProcessID":780,"ThreadID":2824,"Opcode":"Info","SubjectLogonId":"0x0","TargetDomainName":"SHIRE.COM","EventCountTotal":"1","Hostname":"HFDC01.shire.com","GroupMembership":"\r\n\t\t%{S-1-5-32-544}\r\n\t\t%{S-1-1-0}\r\n\t\t%{S-1-5-32-554}\r\n\t\t%{S-1-5-32-545}\r\n\t\t%{S-1-5-32-555}\r\n\t\t%{S-1-5-32-560}\r\n\t\t%{S-1-5-2}\r\n\t\t%{S-1-5-11}\r\n\t\t%{S-1-5-15}\r\n\t\t%{S-1-5-21-791464340-1796667228-2788435825-1008}\r\n\t\t%{S-1-5-21-791464340-1796667228-2788435825-516}\r\n\t\t%{S-1-5-9}\r\n\t\t%{S-1-18-1}\r\n\t\t%{S-1-5-21-791464340-1796667228-2788435825-572}\r\n\t\t%{S-1-16-16384}","SourceModuleName":"eventlog","SourceModuleType":"im_msvistalog","@version":"1"}
{"Version":0,"LogonType":"3","EventReceivedTime":"2019-12-04 23:42:47","type":"nxlog-mordor","host":"ip-172-18-39-102.ec2.internal","Channel":"Security","RecordNumber":88412,"Category":"Group Membership","port":49730,"ProviderGuid":"{54849625-5478-4994-A5BA-3E3B0328C30D}","EventID":4627,"EventType":"AUDIT_SUCCESS","EventIdx":"1","TargetUserName":"HFDC01$","SourceName":"Microsoft-Windows-Security-Auditing","SubjectDomainName":"-","SubjectUserSid":"S-1-0-0","TargetUserSid":"S-1-5-18","OpcodeValue":0,"Message":"Group membership information.\r\n\r\nSubject:\r\n\tSecurity ID:\t\tS-1-0-0\r\n\tAccount Name:\t\t-\r\n\tAccount Domain:\t\t-\r\n\tLogon ID:\t\t0x0\r\n\r\nLogon Type:\t\t\t3\r\n\r\nNew Logon:\r\n\tSecurity ID:\t\tS-1-5-18\r\n\tAccount Name:\t\tHFDC01$\r\n\tAccount Domain:\t\tSHIRE.COM\r\n\tLogon ID:\t\t0x67FE70\r\n\r\nEvent in sequence:\t\t1 of 1\r\n\r\nGroup Membership:\t\t\t\r\n\t\t%{S-1-5-32-544}\r\n\t\t%{S-1-1-0}\r\n\t\t%{S-1-5-32-554}\r\n\t\t%{S-1-5-32-545}\r\n\t\t%{S-1-5-32-555}\r\n\t\t%{S-1-5-32-560}\r\n\t\t%{S-1-5-2}\r\n\t\t%{S-1-5-11}\r\n\t\t%{S-1-5-15}\r\n\t\t%{S-1-5-21-791464340-1796667228-2788435825-1008}\r\n\t\t%{S-1-5-21-791464340-1796667228-2788435825-516}\r\n\t\t%{S-1-5-9}\r\n\t\t%{S-1-18-1}\r\n\t\t%{S-1-5-21-791464340-1796667228-2788435825-572}\r\n\t\t%{S-1-16-16384}\r\n\r\nThe subject fields indicate the account on the local system which requested the logon. This is most commonly a service such as the Server service, or a local process such as Winlogon.exe or Services.exe.\r\n\r\nThe logon type field indicates the kind of logon that occurred. The most common types are 2 (interactive) and 3 (network).\r\n\r\nThe New Logon fields indicate the account for whom the new logon was created, i.e. the account that was logged on.\r\n\r\nThis event is generated when the Audit Group Membership subcategory is configured.  The Logon ID field can be used to correlate this event with the corresponding user logon event as well as to any other security audit events generated during this logon session.","TargetLogonId":"0x67fe70","Task":12554,"Severity":"INFO","Keywords":-9214364837600034816,"SubjectUserName":"-","@timestamp":"2019-12-05T04:42:47.998Z","EventTime":"2019-12-04 23:42:45","SeverityValue":2,"ProcessID":780,"ThreadID":2824,"Opcode":"Info","SubjectLogonId":"0x0","TargetDomainName":"SHIRE.COM","EventCountTotal":"1","Hostname":"HFDC01.shire.com","GroupMembership":"\r\n\t\t%{S-1-5-32-544}\r\n\t\t%{S-1-1-0}\r\n\t\t%{S-1-5-32-554}\r\n\t\t%{S-1-5-32-545}\r\n\t\t%{S-1-5-32-555}\r\n\t\t%{S-1-5-32-560}\r\n\t\t%{S-1-5-2}\r\n\t\t%{S-1-5-11}\r\n\t\t%{S-1-5-15}\r\n\t\t%{S-1-5-21-791464340-1796667228-2788435825-1008}\r\n\t\t%{S-1-5-21-791464340-1796667228-2788435825-516}\r\n\t\t%{S-1-5-9}\r\n\t\t%{S-1-18-1}\r\n\t\t%{S-1-5-21-791464340-1796667228-2788435825-572}\r\n\t\t%{S-1-16-16384}","SourceModuleName":"eventlog","SourceModuleType":"im_msvistalog","@version":"1"}
{"Version":0,"EventReceivedTime":"2019-12-04 23:42:47","type":"nxlog-mordor","host":"ip-172-18-39-102.ec2.internal","Channel":"Security","RecordNumber":88417,"Category":"Special Logon","port":49730,"ProviderGuid":"{54849625-5478-4994-A5BA-3E3B0328C30D}","EventID":4672,"EventType":"AUDIT_SUCCESS","SourceName":"Microsoft-Windows-Security-Auditing","SubjectDomainName":"shire","SubjectUserSid":"S-1-5-18","OpcodeValue":0,"Message":"Special privileges assigned to new logon.\r\n\r\nSubject:\r\n\tSecurity ID:\t\tS-1-5-18\r\n\tAccount Name:\t\tHFDC01$\r\n\tAccount Domain:\t\tshire\r\n\tLogon ID:\t\t0x67FEDE\r\n\r\nPrivileges:\t\tSeSecurityPrivilege\r\n\t\t\tSeBackupPrivilege\r\n\t\t\tSeRestorePrivilege\r\n\t\t\tSeTakeOwnershipPrivilege\r\n\t\t\tSeDebugPrivilege\r\n\t\t\tSeSystemEnvironmentPrivilege\r\n\t\t\tSeLoadDriverPrivilege\r\n\t\t\tSeImpersonatePrivilege\r\n\t\t\tSeDelegateSessionUserImpersonatePrivilege\r\n\t\t\tSeEnableDelegationPrivilege","PrivilegeList":"SeSecurityPrivilege\r\n\t\t\tSeBackupPrivilege\r\n\t\t\tSeRestorePrivilege\r\n\t\t\tSeTakeOwnershipPrivilege\r\n\t\t\tSeDebugPrivilege\r\n\t\t\tSeSystemEnvironmentPrivilege\r\n\t\t\tSeLoadDriverPrivilege\r\n\t\t\tSeImpersonatePrivilege\r\n\t\t\tSeDelegateSessionUserImpersonatePrivilege\r\n\t\t\tSeEnableDelegationPrivilege","Task":12548,"Severity":"INFO","Keywords":-9214364837600034816,"SubjectUserName":"HFDC01$","@timestamp":"2019-12-05T04:42:47.999Z","EventTime":"2019-12-04 23:42:45","SeverityValue":2,"ProcessID":780,"ThreadID":2824,"Opcode":"Info","SubjectLogonId":"0x67fede","SourceModuleType":"im_msvistalog","Hostname":"HFDC01.shire.com","SourceModuleName":"eventlog","@version":"1"}
