{"ImageLoaded":"C:\\Windows\\System32\\imm32.dll","SeverityValue":2,"EventReceivedTime":"2020-09-17 17:32:15","EventID":7,"ProviderGuid":"{5770385F-C22A-43E0-BF4C-06F5698FFBD9}","ExecutionProcessID":3228,"Channel":"Microsoft-Windows-Sysmon/Operational","host":"wec.internal.cloudapp.net","AccountType":"User","ProcessGuid":"{b34bc01c-d5de-5f63-3906-000000000400}","ProcessId":"4868","Opcode":"Info","EventTime":"2020-09-17 17:32:14","Signed":"true","SourceModuleType":"im_msvistalog","AccountName":"SYSTEM","Domain":"NT AUTHORITY","@version":"1","OpcodeValue":0,"SignatureStatus":"Valid","Severity":"INFO","Hashes":"SHA1=76BB2AB8D3CB6DB6D23F4771334C9AA9C231B03A,MD5=025CC332EDC4B1A38290F3E36BCEF4FB,SHA256=0FE3C1C575EA1B0257B2EB12527EC35E3004CD88EA5BAEC7095386A9F9EB70AD,IMPHASH=24F54B6761C10BA12481CF6C780605BF","SourceName":"Microsoft-Windows-Sysmon","Description":"Multi-User Windows IMM32 API Client DLL","Category":"Image loaded (rule: ImageLoad)","Company":"Microsoft Corporation","Keywords":-9223372036854775808,"FileVersion":"10.0.18362.387 (WinBuild.160101.0800)","UserID":"S-1-5-18","ThreadID":4288,"EventType":"INFO","Message":"Image loaded:\r\nRuleName: -\r\nUtcTime: 2020-09-17 21:32:14.300\r\nProcessGuid: {b34bc01c-d5de-5f63-3906-000000000400}\r\nProcessId: 4868\r\nImage: C:\\Windows\\System32\\conhost.exe\r\nImageLoaded: C:\\Windows\\System32\\imm32.dll\r\nFileVersion: 10.0.18362.387 (WinBuild.160101.0800)\r\nDescription: Multi-User Windows IMM32 API Client DLL\r\nProduct: Microsoft® Windows® Operating System\r\nCompany: Microsoft Corporation\r\nOriginalFileName: imm32\r\nHashes: SHA1=76BB2AB8D3CB6DB6D23F4771334C9AA9C231B03A,MD5=025CC332EDC4B1A38290F3E36BCEF4FB,SHA256=0FE3C1C575EA1B0257B2EB12527EC35E3004CD88EA5BAEC7095386A9F9EB70AD,IMPHASH=24F54B6761C10BA12481CF6C780605BF\r\nSigned: true\r\nSignature: Microsoft Windows\r\nSignatureStatus: Valid","@timestamp":"2020-09-17T21:32:15.316Z","port":64545,"RecordNumber":636904,"Task":7,"Signature":"Microsoft Windows","SourceModuleName":"eventlog","Version":3,"Product":"Microsoft® Windows® Operating System","Image":"C:\\Windows\\System32\\conhost.exe","OriginalFileName":"imm32","UtcTime":"2020-09-17 21:32:14.300","Hostname":"WORKSTATION5.theshire.local","RuleName":"-","tags":["mordorDataset"]}
{"ImageLoaded":"C:\\Windows\\System32\\shell32.dll","SeverityValue":2,"EventReceivedTime":"2020-09-17 17:32:15","EventID":7,"ProviderGuid":"{5770385F-C22A-43E0-BF4C-06F5698FFBD9}","ExecutionProcessID":3228,"Channel":"Microsoft-Windows-Sysmon/Operational","host":"wec.internal.cloudapp.net","AccountType":"User","ProcessGuid":"{b34bc01c-d5de-5f63-3906-000000000400}","ProcessId":"4868","Opcode":"Info","EventTime":"2020-09-17 17:32:14","Signed":"true","SourceModuleType":"im_msvistalog","AccountName":"SYSTEM","Domain":"NT AUTHORITY","@version":"1","OpcodeValue":0,"SignatureStatus":"Valid","Severity":"INFO","Hashes":"SHA1=EB21D4919DBF6310400D04D81C2752209E53BCC2,MD5=14500F0CBAA1E523A1B695E3BD582000,SHA256=2DB38191D0619097F21C046C4D826558494CA44F7CCA0E45CA1560AAE0E6B46D,IMPHASH=5DE31297232BD99BC22531D7CE95B80E","SourceName":"Microsoft-Windows-Sysmon","Description":"Windows Shell Common Dll","Category":"Image loaded (rule: ImageLoad)","Company":"Microsoft Corporation","Keywords":-9223372036854775808,"FileVersion":"10.0.18362.1049 (WinBuild.160101.0800)","UserID":"S-1-5-18","ThreadID":4288,"EventType":"INFO","Message":"Image loaded:\r\nRuleName: -\r\nUtcTime: 2020-09-17 21:32:14.300\r\nProcessGuid: {b34bc01c-d5de-5f63-3906-000000000400}\r\nProcessId: 4868\r\nImage: C:\\Windows\\System32\\conhost.exe\r\nImageLoaded: C:\\Windows\\System32\\shell32.dll\r\nFileVersion: 10.0.18362.1049 (WinBuild.160101.0800)\r\nDescription: Windows Shell Common Dll\r\nProduct: Microsoft® Windows® Operating System\r\nCompany: Microsoft Corporation\r\nOriginalFileName: SHELL32.DLL\r\nHashes: SHA1=EB21D4919DBF6310400D04D81C2752209E53BCC2,MD5=14500F0CBAA1E523A1B695E3BD582000,SHA256=2DB38191D0619097F21C046C4D826558494CA44F7CCA0E45CA1560AAE0E6B46D,IMPHASH=5DE31297232BD99BC22531D7CE95B80E\r\nSigned: true\r\nSignature: Microsoft Windows\r\nSignatureStatus: Valid","@timestamp":"2020-09-17T21:32:15.317Z","port":64545,"RecordNumber":636905,"Task":7,"Signature":"Microsoft Windows","SourceModuleName":"eventlog","Version":3,"Product":"Microsoft® Windows® Operating System","Image":"C:\\Windows\\System32\\conhost.exe","OriginalFileName":"SHELL32.DLL","UtcTime":"2020-09-17 21:32:14.300","Hostname":"WORKSTATION5.theshire.local","RuleName":"-","tags":["mordorDataset"]}
{"ImageLoaded":"C:\\Windows\\System32\\cfgmgr32.dll","SeverityValue":2,"EventReceivedTime":"2020-09-17 17:32:15","EventID":7,"ProviderGuid":"{5770385F-C22A-43E0-BF4C-06F5698FFBD9}","ExecutionProcessID":3228,"Channel":"Microsoft-Windows-Sysmon/Operational","host":"wec.internal.cloudapp.net","AccountType":"User","ProcessGuid":"{b34bc01c-d5de-5f63-3906-000000000400}","ProcessId":"4868","Opcode":"Info","EventTime":"2020-09-17 17:32:14","Signed":"true","SourceModuleType":"im_msvistalog","AccountName":"SYSTEM","Domain":"NT AUTHORITY","@version":"1","OpcodeValue":0,"SignatureStatus":"Valid","Severity":"INFO","Hashes":"SHA1=FA3A718BEED81C7084675E250ADC305677A6B5E4,MD5=3A99A40872AF3B87406CC57DBDF53748,SHA256=96A1DB38C74A81FBA4C4AB29020551364FD1ADA3B6FED789D193C787E757979D,IMPHASH=4B4464C7677B6F07342800F4CF0BA273","SourceName":"Microsoft-Windows-Sysmon","Description":"Configuration Manager DLL","Category":"Image loaded (rule: ImageLoad)","Company":"Microsoft Corporation","Keywords":-9223372036854775808,"FileVersion":"10.0.18362.387 (WinBuild.160101.0800)","UserID":"S-1-5-18","ThreadID":4288,"EventType":"INFO","Message":"Image loaded:\r\nRuleName: -\r\nUtcTime: 2020-09-17 21:32:14.300\r\nProcessGuid: {b34bc01c-d5de-5f63-3906-000000000400}\r\nProcessId: 4868\r\nImage: C:\\Windows\\System32\\conhost.exe\r\nImageLoaded: C:\\Windows\\System32\\cfgmgr32.dll\r\nFileVersion: 10.0.18362.387 (WinBuild.160101.0800)\r\nDescription: Configuration Manager DLL\r\nProduct: Microsoft® Windows® Operating System\r\nCompany: Microsoft Corporation\r\nOriginalFileName: CFGMGR32.DLL\r\nHashes: SHA1=FA3A718BEED81C7084675E250ADC305677A6B5E4,MD5=3A99A40872AF3B87406CC57DBDF53748,SHA256=96A1DB38C74A81FBA4C4AB29020551364FD1ADA3B6FED789D193C787E757979D,IMPHASH=4B4464C7677B6F07342800F4CF0BA273\r\nSigned: true\r\nSignature: Microsoft Windows\r\nSignatureStatus: Valid","@timestamp":"2020-09-17T21:32:15.318Z","port":64545,"RecordNumber":636906,"Task":7,"Signature":"Microsoft Windows","SourceModuleName":"eventlog","Version":3,"Product":"Microsoft® Windows® Operating System","Image":"C:\\Windows\\System32\\conhost.exe","OriginalFileName":"CFGMGR32.DLL","UtcTime":"2020-09-17 21:32:14.300","Hostname":"WORKSTATION5.theshire.local","RuleName":"-","tags":["mordorDataset"]}
{"ImageLoaded":"C:\\Windows\\System32\\windows.storage.dll","SeverityValue":2,"EventReceivedTime":"2020-09-17 17:32:15","EventID":7,"ProviderGuid":"{5770385F-C22A-43E0-BF4C-06F5698FFBD9}","ExecutionProcessID":3228,"Channel":"Microsoft-Windows-Sysmon/Operational","host":"wec.internal.cloudapp.net","AccountType":"User","ProcessGuid":"{b34bc01c-d5de-5f63-3906-000000000400}","ProcessId":"4868","Opcode":"Info","EventTime":"2020-09-17 17:32:14","Signed":"true","SourceModuleType":"im_msvistalog","AccountName":"SYSTEM","Domain":"NT AUTHORITY","@version":"1","OpcodeValue":0,"SignatureStatus":"Valid","Severity":"INFO","Hashes":"SHA1=DF7D0248848C0247FD5F65ABD9799FDA0380C77D,MD5=DDD102204FDCD3FC8DD0AA89CF6609A3,SHA256=49F37639155096444C1B780071B8D63320FD8F8DC1D7CEF7A9031830C4F90968,IMPHASH=BDB3E400A78EE2D42C647E85CD2D827B","SourceName":"Microsoft-Windows-Sysmon","Description":"Microsoft WinRT Storage API","Category":"Image loaded (rule: ImageLoad)","Company":"Microsoft Corporation","Keywords":-9223372036854775808,"FileVersion":"10.0.18362.1082 (WinBuild.160101.0800)","UserID":"S-1-5-18","ThreadID":4288,"EventType":"INFO","Message":"Image loaded:\r\nRuleName: -\r\nUtcTime: 2020-09-17 21:32:14.300\r\nProcessGuid: {b34bc01c-d5de-5f63-3906-000000000400}\r\nProcessId: 4868\r\nImage: C:\\Windows\\System32\\conhost.exe\r\nImageLoaded: C:\\Windows\\System32\\windows.storage.dll\r\nFileVersion: 10.0.18362.1082 (WinBuild.160101.0800)\r\nDescription: Microsoft WinRT Storage API\r\nProduct: Microsoft® Windows® Operating System\r\nCompany: Microsoft Corporation\r\nOriginalFileName: Windows.Storage.dll\r\nHashes: SHA1=DF7D0248848C0247FD5F65ABD9799FDA0380C77D,MD5=DDD102204FDCD3FC8DD0AA89CF6609A3,SHA256=49F37639155096444C1B780071B8D63320FD8F8DC1D7CEF7A9031830C4F90968,IMPHASH=BDB3E400A78EE2D42C647E85CD2D827B\r\nSigned: true\r\nSignature: Microsoft Windows\r\nSignatureStatus: Valid","@timestamp":"2020-09-17T21:32:15.318Z","port":64545,"RecordNumber":636907,"Task":7,"Signature":"Microsoft Windows","SourceModuleName":"eventlog","Version":3,"Product":"Microsoft® Windows® Operating System","Image":"C:\\Windows\\System32\\conhost.exe","OriginalFileName":"Windows.Storage.dll","UtcTime":"2020-09-17 21:32:14.300","Hostname":"WORKSTATION5.theshire.local","RuleName":"-","tags":["mordorDataset"]}
{"ImageLoaded":"C:\\Windows\\System32\\profapi.dll","SeverityValue":2,"EventReceivedTime":"2020-09-17 17:32:15","EventID":7,"ProviderGuid":"{5770385F-C22A-43E0-BF4C-06F5698FFBD9}","ExecutionProcessID":3228,"Channel":"Microsoft-Windows-Sysmon/Operational","host":"wec.internal.cloudapp.net","AccountType":"User","ProcessGuid":"{b34bc01c-d5de-5f63-3906-000000000400}","ProcessId":"4868","Opcode":"Info","EventTime":"2020-09-17 17:32:14","Signed":"true","SourceModuleType":"im_msvistalog","AccountName":"SYSTEM","Domain":"NT AUTHORITY","@version":"1","OpcodeValue":0,"SignatureStatus":"Valid","Severity":"INFO","Hashes":"SHA1=387FC7660AFDEC45CFFB84980EB77D0E787ED31B,MD5=F4862E1CC68687B9D4B245512BDF8383,SHA256=A2DF0AC95B9AA338EB6062BA5739F65BFBA86658546F4C5CAC6045C363F55E24,IMPHASH=192CF98320740B7D296297054A9C3EEA","SourceName":"Microsoft-Windows-Sysmon","Description":"User Profile Basic API","Category":"Image loaded (rule: ImageLoad)","Company":"Microsoft Corporation","Keywords":-9223372036854775808,"FileVersion":"10.0.18362.693 (WinBuild.160101.0800)","UserID":"S-1-5-18","ThreadID":4288,"EventType":"INFO","Message":"Image loaded:\r\nRuleName: -\r\nUtcTime: 2020-09-17 21:32:14.300\r\nProcessGuid: {b34bc01c-d5de-5f63-3906-000000000400}\r\nProcessId: 4868\r\nImage: C:\\Windows\\System32\\conhost.exe\r\nImageLoaded: C:\\Windows\\System32\\profapi.dll\r\nFileVersion: 10.0.18362.693 (WinBuild.160101.0800)\r\nDescription: User Profile Basic API\r\nProduct: Microsoft® Windows® Operating System\r\nCompany: Microsoft Corporation\r\nOriginalFileName: PROFAPI.DLL\r\nHashes: SHA1=387FC7660AFDEC45CFFB84980EB77D0E787ED31B,MD5=F4862E1CC68687B9D4B245512BDF8383,SHA256=A2DF0AC95B9AA338EB6062BA5739F65BFBA86658546F4C5CAC6045C363F55E24,IMPHASH=192CF98320740B7D296297054A9C3EEA\r\nSigned: true\r\nSignature: Microsoft Windows\r\nSignatureStatus: Valid","@timestamp":"2020-09-17T21:32:15.319Z","port":64545,"RecordNumber":636908,"Task":7,"Signature":"Microsoft Windows","SourceModuleName":"eventlog","Version":3,"Product":"Microsoft® Windows® Operating System","Image":"C:\\Windows\\System32\\conhost.exe","OriginalFileName":"PROFAPI.DLL","UtcTime":"2020-09-17 21:32:14.300","Hostname":"WORKSTATION5.theshire.local","RuleName":"-","tags":["mordorDataset"]}
{"ImageLoaded":"C:\\Windows\\System32\\powrprof.dll","SeverityValue":2,"EventReceivedTime":"2020-09-17 17:32:15","EventID":7,"ProviderGuid":"{5770385F-C22A-43E0-BF4C-06F5698FFBD9}","ExecutionProcessID":3228,"Channel":"Microsoft-Windows-Sysmon/Operational","host":"wec.internal.cloudapp.net","AccountType":"User","ProcessGuid":"{b34bc01c-d5de-5f63-3906-000000000400}","ProcessId":"4868","Opcode":"Info","EventTime":"2020-09-17 17:32:14","Signed":"true","SourceModuleType":"im_msvistalog","AccountName":"SYSTEM","Domain":"NT AUTHORITY","@version":"1","OpcodeValue":0,"SignatureStatus":"Valid","Severity":"INFO","Hashes":"SHA1=30D5ADBC0664977C27B65622F514632581C9AF45,MD5=07B027B1E0B775FAE815E487F28137B9,SHA256=21358CE9A416C7F6DB063095102E91F014BDB85B08A4E783E17234792C9B483A,IMPHASH=817FF4748665EB442F0081A91349F764","SourceName":"Microsoft-Windows-Sysmon","Description":"Power Profile Helper DLL","Category":"Image loaded (rule: ImageLoad)","Company":"Microsoft Corporation","Keywords":-9223372036854775808,"FileVersion":"10.0.18362.1 (WinBuild.160101.0800)","UserID":"S-1-5-18","ThreadID":4288,"EventType":"INFO","Message":"Image loaded:\r\nRuleName: -\r\nUtcTime: 2020-09-17 21:32:14.300\r\nProcessGuid: {b34bc01c-d5de-5f63-3906-000000000400}\r\nProcessId: 4868\r\nImage: C:\\Windows\\System32\\conhost.exe\r\nImageLoaded: C:\\Windows\\System32\\powrprof.dll\r\nFileVersion: 10.0.18362.1 (WinBuild.160101.0800)\r\nDescription: Power Profile Helper DLL\r\nProduct: Microsoft® Windows® Operating System\r\nCompany: Microsoft Corporation\r\nOriginalFileName: POWRPROF.DLL\r\nHashes: SHA1=30D5ADBC0664977C27B65622F514632581C9AF45,MD5=07B027B1E0B775FAE815E487F28137B9,SHA256=21358CE9A416C7F6DB063095102E91F014BDB85B08A4E783E17234792C9B483A,IMPHASH=817FF4748665EB442F0081A91349F764\r\nSigned: true\r\nSignature: Microsoft Windows\r\nSignatureStatus: Valid","@timestamp":"2020-09-17T21:32:15.319Z","port":64545,"RecordNumber":636909,"Task":7,"Signature":"Microsoft Windows","SourceModuleName":"eventlog","Version":3,"Product":"Microsoft® Windows® Operating System","Image":"C:\\Windows\\System32\\conhost.exe","OriginalFileName":"POWRPROF.DLL","UtcTime":"2020-09-17 21:32:14.300","Hostname":"WORKSTATION5.theshire.local","RuleName":"-","tags":["mordorDataset"]}
{"ImageLoaded":"C:\\Windows\\System32\\umpdc.dll","SeverityValue":2,"EventReceivedTime":"2020-09-17 17:32:15","EventID":7,"ProviderGuid":"{5770385F-C22A-43E0-BF4C-06F5698FFBD9}","ExecutionProcessID":3228,"Channel":"Microsoft-Windows-Sysmon/Operational","host":"wec.internal.cloudapp.net","AccountType":"User","ProcessGuid":"{b34bc01c-d5de-5f63-3906-000000000400}","ProcessId":"4868","Opcode":"Info","EventTime":"2020-09-17 17:32:14","Signed":"true","SourceModuleType":"im_msvistalog","AccountName":"SYSTEM","Domain":"NT AUTHORITY","@version":"1","OpcodeValue":0,"SignatureStatus":"Valid","Severity":"INFO","Hashes":"SHA1=6ABB78FB1614C12E3E9FFF3DE98B0E13E79201D9,MD5=B9A75ED4500DD953DF172FE6F63578E8,SHA256=709B99BA1DFEF6D9B2483F37D242B12F29B1E1ADE13E338B4D7041C55B55204B,IMPHASH=5A0FF5293A05BFEBAE6F2C9C302FC5E7","SourceName":"Microsoft-Windows-Sysmon","Description":"-","Category":"Image loaded (rule: ImageLoad)","Company":"-","Keywords":-9223372036854775808,"FileVersion":"-","UserID":"S-1-5-18","ThreadID":4288,"EventType":"INFO","Message":"Image loaded:\r\nRuleName: -\r\nUtcTime: 2020-09-17 21:32:14.300\r\nProcessGuid: {b34bc01c-d5de-5f63-3906-000000000400}\r\nProcessId: 4868\r\nImage: C:\\Windows\\System32\\conhost.exe\r\nImageLoaded: C:\\Windows\\System32\\umpdc.dll\r\nFileVersion: -\r\nDescription: -\r\nProduct: -\r\nCompany: -\r\nOriginalFileName: -\r\nHashes: SHA1=6ABB78FB1614C12E3E9FFF3DE98B0E13E79201D9,MD5=B9A75ED4500DD953DF172FE6F63578E8,SHA256=709B99BA1DFEF6D9B2483F37D242B12F29B1E1ADE13E338B4D7041C55B55204B,IMPHASH=5A0FF5293A05BFEBAE6F2C9C302FC5E7\r\nSigned: true\r\nSignature: Microsoft Windows\r\nSignatureStatus: Valid","@timestamp":"2020-09-17T21:32:15.320Z","port":64545,"RecordNumber":636910,"Task":7,"Signature":"Microsoft Windows","SourceModuleName":"eventlog","Version":3,"Product":"-","Image":"C:\\Windows\\System32\\conhost.exe","OriginalFileName":"-","UtcTime":"2020-09-17 21:32:14.300","Hostname":"WORKSTATION5.theshire.local","RuleName":"-","tags":["mordorDataset"]}
{"ImageLoaded":"C:\\Windows\\System32\\shlwapi.dll","SeverityValue":2,"EventReceivedTime":"2020-09-17 17:32:15","EventID":7,"ProviderGuid":"{5770385F-C22A-43E0-BF4C-06F5698FFBD9}","ExecutionProcessID":3228,"Channel":"Microsoft-Windows-Sysmon/Operational","host":"wec.internal.cloudapp.net","AccountType":"User","ProcessGuid":"{b34bc01c-d5de-5f63-3906-000000000400}","ProcessId":"4868","Opcode":"Info","EventTime":"2020-09-17 17:32:14","Signed":"true","SourceModuleType":"im_msvistalog","AccountName":"SYSTEM","Domain":"NT AUTHORITY","@version":"1","OpcodeValue":0,"SignatureStatus":"Valid","Severity":"INFO","Hashes":"SHA1=9074DF3335B785BB00B43AE76ACC66B799118FAE,MD5=BFB85A9022324E41FCEC5011BCB5FD23,SHA256=3CDA144CFB6278DA47267FE1E1FE258716A074C3D3DD8413B259DA7DA1039871,IMPHASH=6659A49ABF33952444C5A7FA22FD9032","SourceName":"Microsoft-Windows-Sysmon","Description":"Shell Light-weight Utility Library","Category":"Image loaded (rule: ImageLoad)","Company":"Microsoft Corporation","Keywords":-9223372036854775808,"FileVersion":"10.0.18362.1 (WinBuild.160101.0800)","UserID":"S-1-5-18","ThreadID":4288,"EventType":"INFO","Message":"Image loaded:\r\nRuleName: -\r\nUtcTime: 2020-09-17 21:32:14.300\r\nProcessGuid: {b34bc01c-d5de-5f63-3906-000000000400}\r\nProcessId: 4868\r\nImage: C:\\Windows\\System32\\conhost.exe\r\nImageLoaded: C:\\Windows\\System32\\shlwapi.dll\r\nFileVersion: 10.0.18362.1 (WinBuild.160101.0800)\r\nDescription: Shell Light-weight Utility Library\r\nProduct: Microsoft® Windows® Operating System\r\nCompany: Microsoft Corporation\r\nOriginalFileName: SHLWAPI.DLL\r\nHashes: SHA1=9074DF3335B785BB00B43AE76ACC66B799118FAE,MD5=BFB85A9022324E41FCEC5011BCB5FD23,SHA256=3CDA144CFB6278DA47267FE1E1FE258716A074C3D3DD8413B259DA7DA1039871,IMPHASH=6659A49ABF33952444C5A7FA22FD9032\r\nSigned: true\r\nSignature: Microsoft Windows\r\nSignatureStatus: Valid","@timestamp":"2020-09-17T21:32:15.320Z","port":64545,"RecordNumber":636911,"Task":7,"Signature":"Microsoft Windows","SourceModuleName":"eventlog","Version":3,"Product":"Microsoft® Windows® Operating System","Image":"C:\\Windows\\System32\\conhost.exe","OriginalFileName":"SHLWAPI.DLL","UtcTime":"2020-09-17 21:32:14.300","Hostname":"WORKSTATION5.theshire.local","RuleName":"-","tags":["mordorDataset"]}
{"ImageLoaded":"C:\\Windows\\System32\\kernel.appcore.dll","SeverityValue":2,"EventReceivedTime":"2020-09-17 17:32:15","EventID":7,"ProviderGuid":"{5770385F-C22A-43E0-BF4C-06F5698FFBD9}","ExecutionProcessID":3228,"Channel":"Microsoft-Windows-Sysmon/Operational","host":"wec.internal.cloudapp.net","AccountType":"User","ProcessGuid":"{b34bc01c-d5de-5f63-3906-000000000400}","ProcessId":"4868","Opcode":"Info","EventTime":"2020-09-17 17:32:14","Signed":"true","SourceModuleType":"im_msvistalog","AccountName":"SYSTEM","Domain":"NT AUTHORITY","@version":"1","OpcodeValue":0,"SignatureStatus":"Valid","Severity":"INFO","Hashes":"SHA1=4985EC8C3309DB6CCCCFD4D18423A84E37BEC172,MD5=EDF981437C0FD1B9DBF9EA42CE97CE60,SHA256=42164F81BC8FC2D0A6B71DAA492BE6A6D4785821AA4FDCA27B9273721EDB23D9,IMPHASH=8899216954AA228EAA7E8EEDC31DBC03","SourceName":"Microsoft-Windows-Sysmon","Description":"AppModel API Host","Category":"Image loaded (rule: ImageLoad)","Company":"Microsoft Corporation","Keywords":-9223372036854775808,"FileVersion":"10.0.18362.1 (WinBuild.160101.0800)","UserID":"S-1-5-18","ThreadID":4288,"EventType":"INFO","Message":"Image loaded:\r\nRuleName: -\r\nUtcTime: 2020-09-17 21:32:14.300\r\nProcessGuid: {b34bc01c-d5de-5f63-3906-000000000400}\r\nProcessId: 4868\r\nImage: C:\\Windows\\System32\\conhost.exe\r\nImageLoaded: C:\\Windows\\System32\\kernel.appcore.dll\r\nFileVersion: 10.0.18362.1 (WinBuild.160101.0800)\r\nDescription: AppModel API Host\r\nProduct: Microsoft® Windows® Operating System\r\nCompany: Microsoft Corporation\r\nOriginalFileName: kernel.appcore.dll\r\nHashes: SHA1=4985EC8C3309DB6CCCCFD4D18423A84E37BEC172,MD5=EDF981437C0FD1B9DBF9EA42CE97CE60,SHA256=42164F81BC8FC2D0A6B71DAA492BE6A6D4785821AA4FDCA27B9273721EDB23D9,IMPHASH=8899216954AA228EAA7E8EEDC31DBC03\r\nSigned: true\r\nSignature: Microsoft Windows\r\nSignatureStatus: Valid","@timestamp":"2020-09-17T21:32:15.320Z","port":64545,"RecordNumber":636912,"Task":7,"Signature":"Microsoft Windows","SourceModuleName":"eventlog","Version":3,"Product":"Microsoft® Windows® Operating System","Image":"C:\\Windows\\System32\\conhost.exe","OriginalFileName":"kernel.appcore.dll","UtcTime":"2020-09-17 21:32:14.300","Hostname":"WORKSTATION5.theshire.local","RuleName":"-","tags":["mordorDataset"]}
{"ImageLoaded":"C:\\Windows\\System32\\cryptsp.dll","SeverityValue":2,"EventReceivedTime":"2020-09-17 17:32:15","EventID":7,"ProviderGuid":"{5770385F-C22A-43E0-BF4C-06F5698FFBD9}","ExecutionProcessID":3228,"Channel":"Microsoft-Windows-Sysmon/Operational","host":"wec.internal.cloudapp.net","AccountType":"User","ProcessGuid":"{b34bc01c-d5de-5f63-3906-000000000400}","ProcessId":"4868","Opcode":"Info","EventTime":"2020-09-17 17:32:14","Signed":"true","SourceModuleType":"im_msvistalog","AccountName":"SYSTEM","Domain":"NT AUTHORITY","@version":"1","OpcodeValue":0,"SignatureStatus":"Valid","Severity":"INFO","Hashes":"SHA1=90F229FB5DB52DF3604195B10C48E946684929ED,MD5=ACE18C6797090A1AA259BB8713917F98,SHA256=F5E118F67745792909973717FAE1F9FE68B2619332A4451AD04E0C9072B8D605,IMPHASH=A9B9D04D0B53DC48ABB37BE77AD01B55","SourceName":"Microsoft-Windows-Sysmon","Description":"Cryptographic Service Provider API","Category":"Image loaded (rule: ImageLoad)","Company":"Microsoft Corporation","Keywords":-9223372036854775808,"FileVersion":"10.0.18362.1 (WinBuild.160101.0800)","UserID":"S-1-5-18","ThreadID":4288,"EventType":"INFO","Message":"Image loaded:\r\nRuleName: -\r\nUtcTime: 2020-09-17 21:32:14.300\r\nProcessGuid: {b34bc01c-d5de-5f63-3906-000000000400}\r\nProcessId: 4868\r\nImage: C:\\Windows\\System32\\conhost.exe\r\nImageLoaded: C:\\Windows\\System32\\cryptsp.dll\r\nFileVersion: 10.0.18362.1 (WinBuild.160101.0800)\r\nDescription: Cryptographic Service Provider API\r\nProduct: Microsoft® Windows® Operating System\r\nCompany: Microsoft Corporation\r\nOriginalFileName: cryptsp.dll\r\nHashes: SHA1=90F229FB5DB52DF3604195B10C48E946684929ED,MD5=ACE18C6797090A1AA259BB8713917F98,SHA256=F5E118F67745792909973717FAE1F9FE68B2619332A4451AD04E0C9072B8D605,IMPHASH=A9B9D04D0B53DC48ABB37BE77AD01B55\r\nSigned: true\r\nSignature: Microsoft Windows\r\nSignatureStatus: Valid","@timestamp":"2020-09-17T21:32:15.321Z","port":64545,"RecordNumber":636913,"Task":7,"Signature":"Microsoft Windows","SourceModuleName":"eventlog","Version":3,"Product":"Microsoft® Windows® Operating System","Image":"C:\\Windows\\System32\\conhost.exe","OriginalFileName":"cryptsp.dll","UtcTime":"2020-09-17 21:32:14.300","Hostname":"WORKSTATION5.theshire.local","RuleName":"-","tags":["mordorDataset"]}
{"ImageLoaded":"C:\\Windows\\System32\\uxtheme.dll","SeverityValue":2,"EventReceivedTime":"2020-09-17 17:32:15","EventID":7,"ProviderGuid":"{5770385F-C22A-43E0-BF4C-06F5698FFBD9}","ExecutionProcessID":3228,"Channel":"Microsoft-Windows-Sysmon/Operational","host":"wec.internal.cloudapp.net","AccountType":"User","ProcessGuid":"{b34bc01c-d5de-5f63-3906-000000000400}","ProcessId":"4868","Opcode":"Info","EventTime":"2020-09-17 17:32:14","Signed":"true","SourceModuleType":"im_msvistalog","AccountName":"SYSTEM","Domain":"NT AUTHORITY","@version":"1","OpcodeValue":0,"SignatureStatus":"Valid","Severity":"INFO","Hashes":"SHA1=62956D6FAEB4EC8EA54315A8E3CC15F06165AD57,MD5=3C9D22CAE173AD19806B6A016CD4CC28,SHA256=D95E7D07EA46D7D2AEFA01CD0A64CF266BE26D40FA6BE42F7CF60F6DEB8FBAF3,IMPHASH=64BAD10B75B987F62BF08E1852DE4022","SourceName":"Microsoft-Windows-Sysmon","Description":"Microsoft UxTheme Library","Category":"Image loaded (rule: ImageLoad)","Company":"Microsoft Corporation","Keywords":-9223372036854775808,"FileVersion":"10.0.18362.449 (WinBuild.160101.0800)","UserID":"S-1-5-18","ThreadID":4288,"EventType":"INFO","Message":"Image loaded:\r\nRuleName: -\r\nUtcTime: 2020-09-17 21:32:14.300\r\nProcessGuid: {b34bc01c-d5de-5f63-3906-000000000400}\r\nProcessId: 4868\r\nImage: C:\\Windows\\System32\\conhost.exe\r\nImageLoaded: C:\\Windows\\System32\\uxtheme.dll\r\nFileVersion: 10.0.18362.449 (WinBuild.160101.0800)\r\nDescription: Microsoft UxTheme Library\r\nProduct: Microsoft® Windows® Operating System\r\nCompany: Microsoft Corporation\r\nOriginalFileName: UxTheme.dll\r\nHashes: SHA1=62956D6FAEB4EC8EA54315A8E3CC15F06165AD57,MD5=3C9D22CAE173AD19806B6A016CD4CC28,SHA256=D95E7D07EA46D7D2AEFA01CD0A64CF266BE26D40FA6BE42F7CF60F6DEB8FBAF3,IMPHASH=64BAD10B75B987F62BF08E1852DE4022\r\nSigned: true\r\nSignature: Microsoft Windows\r\nSignatureStatus: Valid","@timestamp":"2020-09-17T21:32:15.322Z","port":64545,"RecordNumber":636914,"Task":7,"Signature":"Microsoft Windows","SourceModuleName":"eventlog","Version":3,"Product":"Microsoft® Windows® Operating System","Image":"C:\\Windows\\System32\\conhost.exe","OriginalFileName":"UxTheme.dll","UtcTime":"2020-09-17 21:32:14.300","Hostname":"WORKSTATION5.theshire.local","RuleName":"-","tags":["mordorDataset"]}
{"SeverityValue":2,"SourceImage":"C:\\windows\\System32\\svchost.exe","EventReceivedTime":"2020-09-17 17:32:15","EventID":10,"ProviderGuid":"{5770385F-C22A-43E0-BF4C-06F5698FFBD9}","ExecutionProcessID":3228,"Channel":"Microsoft-Windows-Sysmon/Operational","host":"wec.internal.cloudapp.net","AccountType":"User","SourceProcessGUID":"{b34bc01c-7fb1-5f63-2d00-000000000400}","ProcessId":"1920","Opcode":"Info","EventTime":"2020-09-17 17:32:14","SourceModuleType":"im_msvistalog","AccountName":"SYSTEM","Domain":"NT AUTHORITY","@version":"1","OpcodeValue":0,"Severity":"INFO","SourceName":"Microsoft-Windows-Sysmon","TargetProcessId":"4868","Category":"Process accessed (rule: ProcessAccess)","Keywords":-9223372036854775808,"TargetImage":"C:\\windows\\system32\\conhost.exe","GrantedAccess":"0x1478","UserID":"S-1-5-18","ThreadID":4288,"EventType":"INFO","Message":"Process accessed:\r\nRuleName: -\r\nUtcTime: 2020-09-17 21:32:14.300\r\nSourceProcessGUID: {b34bc01c-7fb1-5f63-2d00-000000000400}\r\nSourceProcessId: 1920\r\nSourceThreadId: 1976\r\nSourceImage: C:\\windows\\System32\\svchost.exe\r\nTargetProcessGUID: {b34bc01c-d5de-5f63-3906-000000000400}\r\nTargetProcessId: 4868\r\nTargetImage: C:\\windows\\system32\\conhost.exe\r\nGrantedAccess: 0x1478\r\nCallTrace: C:\\windows\\SYSTEM32\\ntdll.dll+9c534|c:\\windows\\system32\\themeservice.dll+1a9a|c:\\windows\\system32\\themeservice.dll+1736|c:\\windows\\system32\\themeservice.dll+6026|c:\\windows\\system32\\themeservice.dll+ad9a|c:\\windows\\system32\\themeservice.dll+9dcf|C:\\windows\\System32\\svchost.exe+314c|C:\\windows\\System32\\sechost.dll+2de2|C:\\windows\\System32\\KERNEL32.DLL+17bd4|C:\\windows\\SYSTEM32\\ntdll.dll+6ce51","@timestamp":"2020-09-17T21:32:15.322Z","port":64545,"SourceThreadId":"1976","RecordNumber":636915,"SourceProcessId":"1920","Task":10,"SourceModuleName":"eventlog","TargetProcessGUID":"{b34bc01c-d5de-5f63-3906-000000000400}","Version":3,"CallTrace":"C:\\windows\\SYSTEM32\\ntdll.dll+9c534|c:\\windows\\system32\\themeservice.dll+1a9a|c:\\windows\\system32\\themeservice.dll+1736|c:\\windows\\system32\\themeservice.dll+6026|c:\\windows\\system32\\themeservice.dll+ad9a|c:\\windows\\system32\\themeservice.dll+9dcf|C:\\windows\\System32\\svchost.exe+314c|C:\\windows\\System32\\sechost.dll+2de2|C:\\windows\\System32\\KERNEL32.DLL+17bd4|C:\\windows\\SYSTEM32\\ntdll.dll+6ce51","UtcTime":"2020-09-17 21:32:14.300","Hostname":"WORKSTATION5.theshire.local","RuleName":"-","tags":["mordorDataset"]}
{"SeverityValue":2,"SourceImage":"C:\\windows\\System32\\svchost.exe","EventReceivedTime":"2020-09-17 17:32:15","EventID":10,"ProviderGuid":"{5770385F-C22A-43E0-BF4C-06F5698FFBD9}","ExecutionProcessID":3228,"Channel":"Microsoft-Windows-Sysmon/Operational","host":"wec.internal.cloudapp.net","AccountType":"User","SourceProcessGUID":"{b34bc01c-7fb1-5f63-2d00-000000000400}","ProcessId":"1920","Opcode":"Info","EventTime":"2020-09-17 17:32:14","SourceModuleType":"im_msvistalog","AccountName":"SYSTEM","Domain":"NT AUTHORITY","@version":"1","OpcodeValue":0,"Severity":"INFO","SourceName":"Microsoft-Windows-Sysmon","TargetProcessId":"4868","Category":"Process accessed (rule: ProcessAccess)","Keywords":-9223372036854775808,"TargetImage":"C:\\windows\\system32\\conhost.exe","GrantedAccess":"0x1400","UserID":"S-1-5-18","ThreadID":4288,"EventType":"INFO","Message":"Process accessed:\r\nRuleName: -\r\nUtcTime: 2020-09-17 21:32:14.300\r\nSourceProcessGUID: {b34bc01c-7fb1-5f63-2d00-000000000400}\r\nSourceProcessId: 1920\r\nSourceThreadId: 9108\r\nSourceImage: C:\\windows\\System32\\svchost.exe\r\nTargetProcessGUID: {b34bc01c-d5de-5f63-3906-000000000400}\r\nTargetProcessId: 4868\r\nTargetImage: C:\\windows\\system32\\conhost.exe\r\nGrantedAccess: 0x1400\r\nCallTrace: C:\\windows\\SYSTEM32\\ntdll.dll+9c534|c:\\windows\\system32\\themeservice.dll+1d60|c:\\windows\\system32\\themeservice.dll+1595|c:\\windows\\system32\\themeservice.dll+1461|c:\\windows\\system32\\themeservice.dll+1886|C:\\windows\\SYSTEM32\\ntdll.dll+2f655|C:\\windows\\SYSTEM32\\ntdll.dll+345b4|C:\\windows\\System32\\KERNEL32.DLL+17bd4|C:\\windows\\SYSTEM32\\ntdll.dll+6ce51","@timestamp":"2020-09-17T21:32:15.323Z","port":64545,"SourceThreadId":"9108","RecordNumber":636916,"SourceProcessId":"1920","Task":10,"SourceModuleName":"eventlog","TargetProcessGUID":"{b34bc01c-d5de-5f63-3906-000000000400}","Version":3,"CallTrace":"C:\\windows\\SYSTEM32\\ntdll.dll+9c534|c:\\windows\\system32\\themeservice.dll+1d60|c:\\windows\\system32\\themeservice.dll+1595|c:\\windows\\system32\\themeservice.dll+1461|c:\\windows\\system32\\themeservice.dll+1886|C:\\windows\\SYSTEM32\\ntdll.dll+2f655|C:\\windows\\SYSTEM32\\ntdll.dll+345b4|C:\\windows\\System32\\KERNEL32.DLL+17bd4|C:\\windows\\SYSTEM32\\ntdll.dll+6ce51","UtcTime":"2020-09-17 21:32:14.300","Hostname":"WORKSTATION5.theshire.local","RuleName":"-","tags":["mordorDataset"]}
{"ImageLoaded":"C:\\Windows\\System32\\msvcrt.dll","SeverityValue":2,"EventReceivedTime":"2020-09-17 17:32:15","EventID":7,"ProviderGuid":"{5770385F-C22A-43E0-BF4C-06F5698FFBD9}","ExecutionProcessID":3228,"Channel":"Microsoft-Windows-Sysmon/Operational","host":"wec.internal.cloudapp.net","AccountType":"User","ProcessGuid":"{b34bc01c-d5de-5f63-3806-000000000400}","ProcessId":"6256","Opcode":"Info","EventTime":"2020-09-17 17:32:14","Signed":"true","SourceModuleType":"im_msvistalog","AccountName":"SYSTEM","Domain":"NT AUTHORITY","@version":"1","OpcodeValue":0,"SignatureStatus":"Valid","Severity":"INFO","Hashes":"SHA1=0EA4B3CFB14E49CEC0D42FF0F1FA989E69647A8F,MD5=36354D9B5B0A58A4B9A19103852C00A2,SHA256=E5A863D3F4BFEFED7D73A7B1499F81B7235BC9AE3C108065041BCB8E5446B1BB,IMPHASH=1273683626EBBA703979F188A1E64237","SourceName":"Microsoft-Windows-Sysmon","Description":"Windows NT CRT DLL","Category":"Image loaded (rule: ImageLoad)","Company":"Microsoft Corporation","Keywords":-9223372036854775808,"FileVersion":"7.0.18362.1 (WinBuild.160101.0800)","UserID":"S-1-5-18","ThreadID":4288,"EventType":"INFO","Message":"Image loaded:\r\nRuleName: -\r\nUtcTime: 2020-09-17 21:32:14.321\r\nProcessGuid: {b34bc01c-d5de-5f63-3806-000000000400}\r\nProcessId: 6256\r\nImage: C:\\Windows\\System32\\cmd.exe\r\nImageLoaded: C:\\Windows\\System32\\msvcrt.dll\r\nFileVersion: 7.0.18362.1 (WinBuild.160101.0800)\r\nDescription: Windows NT CRT DLL\r\nProduct: Microsoft® Windows® Operating System\r\nCompany: Microsoft Corporation\r\nOriginalFileName: msvcrt.dll\r\nHashes: SHA1=0EA4B3CFB14E49CEC0D42FF0F1FA989E69647A8F,MD5=36354D9B5B0A58A4B9A19103852C00A2,SHA256=E5A863D3F4BFEFED7D73A7B1499F81B7235BC9AE3C108065041BCB8E5446B1BB,IMPHASH=1273683626EBBA703979F188A1E64237\r\nSigned: true\r\nSignature: Microsoft Windows\r\nSignatureStatus: Valid","@timestamp":"2020-09-17T21:32:15.324Z","port":64545,"RecordNumber":636917,"Task":7,"Signature":"Microsoft Windows","SourceModuleName":"eventlog","Version":3,"Product":"Microsoft® Windows® Operating System","Image":"C:\\Windows\\System32\\cmd.exe","OriginalFileName":"msvcrt.dll","UtcTime":"2020-09-17 21:32:14.321","Hostname":"WORKSTATION5.theshire.local","RuleName":"-","tags":["mordorDataset"]}
{"ImageLoaded":"C:\\Windows\\System32\\combase.dll","SeverityValue":2,"EventReceivedTime":"2020-09-17 17:32:15","EventID":7,"ProviderGuid":"{5770385F-C22A-43E0-BF4C-06F5698FFBD9}","ExecutionProcessID":3228,"Channel":"Microsoft-Windows-Sysmon/Operational","host":"wec.internal.cloudapp.net","AccountType":"User","ProcessGuid":"{b34bc01c-d5de-5f63-3806-000000000400}","ProcessId":"6256","Opcode":"Info","EventTime":"2020-09-17 17:32:14","Signed":"true","SourceModuleType":"im_msvistalog","AccountName":"SYSTEM","Domain":"NT AUTHORITY","@version":"1","OpcodeValue":0,"SignatureStatus":"Valid","Severity":"INFO","Hashes":"SHA1=03829F72B93B3DA8A5778A295948F2F967A8AD9A,MD5=655C13F8AA80901935F1086709E27812,SHA256=28D91C9176D50DBC4939BB21BB00DDB17B1C589EEB9E058533E6AA125E86FA4F,IMPHASH=D1A511866766E387FD0DAF3ACBB54B12","SourceName":"Microsoft-Windows-Sysmon","Description":"Microsoft COM for Windows","Category":"Image loaded (rule: ImageLoad)","Company":"Microsoft Corporation","Keywords":-9223372036854775808,"FileVersion":"10.0.18362.1082 (WinBuild.160101.0800)","UserID":"S-1-5-18","ThreadID":4288,"EventType":"INFO","Message":"Image loaded:\r\nRuleName: -\r\nUtcTime: 2020-09-17 21:32:14.321\r\nProcessGuid: {b34bc01c-d5de-5f63-3806-000000000400}\r\nProcessId: 6256\r\nImage: C:\\Windows\\System32\\cmd.exe\r\nImageLoaded: C:\\Windows\\System32\\combase.dll\r\nFileVersion: 10.0.18362.1082 (WinBuild.160101.0800)\r\nDescription: Microsoft COM for Windows\r\nProduct: Microsoft® Windows® Operating System\r\nCompany: Microsoft Corporation\r\nOriginalFileName: COMBASE.DLL\r\nHashes: SHA1=03829F72B93B3DA8A5778A295948F2F967A8AD9A,MD5=655C13F8AA80901935F1086709E27812,SHA256=28D91C9176D50DBC4939BB21BB00DDB17B1C589EEB9E058533E6AA125E86FA4F,IMPHASH=D1A511866766E387FD0DAF3ACBB54B12\r\nSigned: true\r\nSignature: Microsoft Windows\r\nSignatureStatus: Valid","@timestamp":"2020-09-17T21:32:15.324Z","port":64545,"RecordNumber":636918,"Task":7,"Signature":"Microsoft Windows","SourceModuleName":"eventlog","Version":3,"Product":"Microsoft® Windows® Operating System","Image":"C:\\Windows\\System32\\cmd.exe","OriginalFileName":"COMBASE.DLL","UtcTime":"2020-09-17 21:32:14.321","Hostname":"WORKSTATION5.theshire.local","RuleName":"-","tags":["mordorDataset"]}
{"ImageLoaded":"C:\\Windows\\System32\\ucrtbase.dll","SeverityValue":2,"EventReceivedTime":"2020-09-17 17:32:15","EventID":7,"ProviderGuid":"{5770385F-C22A-43E0-BF4C-06F5698FFBD9}","ExecutionProcessID":3228,"Channel":"Microsoft-Windows-Sysmon/Operational","host":"wec.internal.cloudapp.net","AccountType":"User","ProcessGuid":"{b34bc01c-d5de-5f63-3806-000000000400}","ProcessId":"6256","Opcode":"Info","EventTime":"2020-09-17 17:32:14","Signed":"true","SourceModuleType":"im_msvistalog","AccountName":"SYSTEM","Domain":"NT AUTHORITY","@version":"1","OpcodeValue":0,"SignatureStatus":"Valid","Severity":"INFO","Hashes":"SHA1=53F8B431D10FDB2C001D58120280A417B01073BE,MD5=F0DA14E390F0CCB58EAAD34D9B309E4B,SHA256=7EE229626B22799FAA28CD7C22D4FF2AD0603C17E5F5EE9086FA7CF6483331FB,IMPHASH=5AE9A136FAFA10321F3D48251BF4F6A1","SourceName":"Microsoft-Windows-Sysmon","Description":"Microsoft® C Runtime Library","Category":"Image loaded (rule: ImageLoad)","Company":"Microsoft Corporation","Keywords":-9223372036854775808,"FileVersion":"10.0.18362.815 (WinBuild.160101.0800)","UserID":"S-1-5-18","ThreadID":4288,"EventType":"INFO","Message":"Image loaded:\r\nRuleName: -\r\nUtcTime: 2020-09-17 21:32:14.321\r\nProcessGuid: {b34bc01c-d5de-5f63-3806-000000000400}\r\nProcessId: 6256\r\nImage: C:\\Windows\\System32\\cmd.exe\r\nImageLoaded: C:\\Windows\\System32\\ucrtbase.dll\r\nFileVersion: 10.0.18362.815 (WinBuild.160101.0800)\r\nDescription: Microsoft® C Runtime Library\r\nProduct: Microsoft® Windows® Operating System\r\nCompany: Microsoft Corporation\r\nOriginalFileName: ucrtbase.dll\r\nHashes: SHA1=53F8B431D10FDB2C001D58120280A417B01073BE,MD5=F0DA14E390F0CCB58EAAD34D9B309E4B,SHA256=7EE229626B22799FAA28CD7C22D4FF2AD0603C17E5F5EE9086FA7CF6483331FB,IMPHASH=5AE9A136FAFA10321F3D48251BF4F6A1\r\nSigned: true\r\nSignature: Microsoft Windows\r\nSignatureStatus: Valid","@timestamp":"2020-09-17T21:32:15.324Z","port":64545,"RecordNumber":636919,"Task":7,"Signature":"Microsoft Windows","SourceModuleName":"eventlog","Version":3,"Product":"Microsoft® Windows® Operating System","Image":"C:\\Windows\\System32\\cmd.exe","OriginalFileName":"ucrtbase.dll","UtcTime":"2020-09-17 21:32:14.321","Hostname":"WORKSTATION5.theshire.local","RuleName":"-","tags":["mordorDataset"]}
{"ImageLoaded":"C:\\Windows\\System32\\rpcrt4.dll","SeverityValue":2,"EventReceivedTime":"2020-09-17 17:32:15","EventID":7,"ProviderGuid":"{5770385F-C22A-43E0-BF4C-06F5698FFBD9}","ExecutionProcessID":3228,"Channel":"Microsoft-Windows-Sysmon/Operational","host":"wec.internal.cloudapp.net","AccountType":"User","ProcessGuid":"{b34bc01c-d5de-5f63-3806-000000000400}","ProcessId":"6256","Opcode":"Info","EventTime":"2020-09-17 17:32:14","Signed":"true","SourceModuleType":"im_msvistalog","AccountName":"SYSTEM","Domain":"NT AUTHORITY","@version":"1","OpcodeValue":0,"SignatureStatus":"Valid","Severity":"INFO","Hashes":"SHA1=863C24BD6E91FDCDEDE1124EFC93FDD1564F0C23,MD5=61C41B28689BB516F1CFC880507C839B,SHA256=DAF391DB91AC04B50A0C896963F5120A52C8B1B4999BF37BE80AB025AB116700,IMPHASH=88E7E7C7FA90052EC162DD37F2B7C7BD","SourceName":"Microsoft-Windows-Sysmon","Description":"Remote Procedure Call Runtime","Category":"Image loaded (rule: ImageLoad)","Company":"Microsoft Corporation","Keywords":-9223372036854775808,"FileVersion":"10.0.18362.1082 (WinBuild.160101.0800)","UserID":"S-1-5-18","ThreadID":4288,"EventType":"INFO","Message":"Image loaded:\r\nRuleName: -\r\nUtcTime: 2020-09-17 21:32:14.321\r\nProcessGuid: {b34bc01c-d5de-5f63-3806-000000000400}\r\nProcessId: 6256\r\nImage: C:\\Windows\\System32\\cmd.exe\r\nImageLoaded: C:\\Windows\\System32\\rpcrt4.dll\r\nFileVersion: 10.0.18362.1082 (WinBuild.160101.0800)\r\nDescription: Remote Procedure Call Runtime\r\nProduct: Microsoft® Windows® Operating System\r\nCompany: Microsoft Corporation\r\nOriginalFileName: rpcrt4.dll\r\nHashes: SHA1=863C24BD6E91FDCDEDE1124EFC93FDD1564F0C23,MD5=61C41B28689BB516F1CFC880507C839B,SHA256=DAF391DB91AC04B50A0C896963F5120A52C8B1B4999BF37BE80AB025AB116700,IMPHASH=88E7E7C7FA90052EC162DD37F2B7C7BD\r\nSigned: true\r\nSignature: Microsoft Windows\r\nSignatureStatus: Valid","@timestamp":"2020-09-17T21:32:15.325Z","port":64545,"RecordNumber":636920,"Task":7,"Signature":"Microsoft Windows","SourceModuleName":"eventlog","Version":3,"Product":"Microsoft® Windows® Operating System","Image":"C:\\Windows\\System32\\cmd.exe","OriginalFileName":"rpcrt4.dll","UtcTime":"2020-09-17 21:32:14.321","Hostname":"WORKSTATION5.theshire.local","RuleName":"-","tags":["mordorDataset"]}
{"ImageLoaded":"C:\\Windows\\System32\\bcryptprimitives.dll","SeverityValue":2,"EventReceivedTime":"2020-09-17 17:32:15","EventID":7,"ProviderGuid":"{5770385F-C22A-43E0-BF4C-06F5698FFBD9}","ExecutionProcessID":3228,"Channel":"Microsoft-Windows-Sysmon/Operational","host":"wec.internal.cloudapp.net","AccountType":"User","ProcessGuid":"{b34bc01c-d5de-5f63-3806-000000000400}","ProcessId":"6256","Opcode":"Info","EventTime":"2020-09-17 17:32:14","Signed":"true","SourceModuleType":"im_msvistalog","AccountName":"SYSTEM","Domain":"NT AUTHORITY","@version":"1","OpcodeValue":0,"SignatureStatus":"Valid","Severity":"INFO","Hashes":"SHA1=B4222C8DC3274CFC3FE54F322D827B2F01FFF036,MD5=EF2BBEAFF07D32A2EC77FB4602FA9664,SHA256=6B47F3E88CDEDF8F31F91940E38A4544818C79D153323262F9F46B21F41D262C,IMPHASH=402DA460E2AC467F4489C588A9941032","SourceName":"Microsoft-Windows-Sysmon","Description":"Windows Cryptographic Primitives Library","Category":"Image loaded (rule: ImageLoad)","Company":"Microsoft Corporation","Keywords":-9223372036854775808,"FileVersion":"10.0.18362.836 (WinBuild.160101.0800)","UserID":"S-1-5-18","ThreadID":4288,"EventType":"INFO","Message":"Image loaded:\r\nRuleName: -\r\nUtcTime: 2020-09-17 21:32:14.321\r\nProcessGuid: {b34bc01c-d5de-5f63-3806-000000000400}\r\nProcessId: 6256\r\nImage: C:\\Windows\\System32\\cmd.exe\r\nImageLoaded: C:\\Windows\\System32\\bcryptprimitives.dll\r\nFileVersion: 10.0.18362.836 (WinBuild.160101.0800)\r\nDescription: Windows Cryptographic Primitives Library\r\nProduct: Microsoft® Windows® Operating System\r\nCompany: Microsoft Corporation\r\nOriginalFileName: bcryptprimitives.dll\r\nHashes: SHA1=B4222C8DC3274CFC3FE54F322D827B2F01FFF036,MD5=EF2BBEAFF07D32A2EC77FB4602FA9664,SHA256=6B47F3E88CDEDF8F31F91940E38A4544818C79D153323262F9F46B21F41D262C,IMPHASH=402DA460E2AC467F4489C588A9941032\r\nSigned: true\r\nSignature: Microsoft Windows\r\nSignatureStatus: Valid","@timestamp":"2020-09-17T21:32:15.325Z","port":64545,"RecordNumber":636921,"Task":7,"Signature":"Microsoft Windows","SourceModuleName":"eventlog","Version":3,"Product":"Microsoft® Windows® Operating System","Image":"C:\\Windows\\System32\\cmd.exe","OriginalFileName":"bcryptprimitives.dll","UtcTime":"2020-09-17 21:32:14.321","Hostname":"WORKSTATION5.theshire.local","RuleName":"-","tags":["mordorDataset"]}
{"ImageLoaded":"C:\\Windows\\System32\\sechost.dll","SeverityValue":2,"EventReceivedTime":"2020-09-17 17:32:15","EventID":7,"ProviderGuid":"{5770385F-C22A-43E0-BF4C-06F5698FFBD9}","ExecutionProcessID":3228,"Channel":"Microsoft-Windows-Sysmon/Operational","host":"wec.internal.cloudapp.net","AccountType":"User","ProcessGuid":"{b34bc01c-d5de-5f63-3806-000000000400}","ProcessId":"6256","Opcode":"Info","EventTime":"2020-09-17 17:32:14","Signed":"true","SourceModuleType":"im_msvistalog","AccountName":"SYSTEM","Domain":"NT AUTHORITY","@version":"1","OpcodeValue":0,"SignatureStatus":"Valid","Severity":"INFO","Hashes":"SHA1=A330EDE32DFA03AE6808EE7FB6916D8DEB8F5DDE,MD5=A094E2B38D3DD864B07580D243CB6E43,SHA256=C441E19D20961D4E990E117A300ED318BEDBF2F8BA0FF07BEE7832AC502CDDF2,IMPHASH=CE4BD072766253F6A267D0284CA82002","SourceName":"Microsoft-Windows-Sysmon","Description":"Host for SCM/SDDL/LSA Lookup APIs","Category":"Image loaded (rule: ImageLoad)","Company":"Microsoft Corporation","Keywords":-9223372036854775808,"FileVersion":"10.0.18362.959 (WinBuild.160101.0800)","UserID":"S-1-5-18","ThreadID":4288,"EventType":"INFO","Message":"Image loaded:\r\nRuleName: -\r\nUtcTime: 2020-09-17 21:32:14.332\r\nProcessGuid: {b34bc01c-d5de-5f63-3806-000000000400}\r\nProcessId: 6256\r\nImage: C:\\Windows\\System32\\cmd.exe\r\nImageLoaded: C:\\Windows\\System32\\sechost.dll\r\nFileVersion: 10.0.18362.959 (WinBuild.160101.0800)\r\nDescription: Host for SCM/SDDL/LSA Lookup APIs\r\nProduct: Microsoft® Windows® Operating System\r\nCompany: Microsoft Corporation\r\nOriginalFileName: sechost.dll\r\nHashes: SHA1=A330EDE32DFA03AE6808EE7FB6916D8DEB8F5DDE,MD5=A094E2B38D3DD864B07580D243CB6E43,SHA256=C441E19D20961D4E990E117A300ED318BEDBF2F8BA0FF07BEE7832AC502CDDF2,IMPHASH=CE4BD072766253F6A267D0284CA82002\r\nSigned: true\r\nSignature: Microsoft Windows\r\nSignatureStatus: Valid","@timestamp":"2020-09-17T21:32:15.326Z","port":64545,"RecordNumber":636922,"Task":7,"Signature":"Microsoft Windows","SourceModuleName":"eventlog","Version":3,"Product":"Microsoft® Windows® Operating System","Image":"C:\\Windows\\System32\\cmd.exe","OriginalFileName":"sechost.dll","UtcTime":"2020-09-17 21:32:14.332","Hostname":"WORKSTATION5.theshire.local","RuleName":"-","tags":["mordorDataset"]}
{"SeverityValue":2,"SourceImage":"C:\\windows\\system32\\svchost.exe","EventReceivedTime":"2020-09-17 17:32:15","EventID":10,"ProviderGuid":"{5770385F-C22A-43E0-BF4C-06F5698FFBD9}","ExecutionProcessID":3228,"Channel":"Microsoft-Windows-Sysmon/Operational","host":"wec.internal.cloudapp.net","AccountType":"User","SourceProcessGUID":"{b34bc01c-8294-5f63-8f02-000000000400}","ProcessId":"3356","Opcode":"Info","EventTime":"2020-09-17 17:32:14","SourceModuleType":"im_msvistalog","AccountName":"SYSTEM","Domain":"NT AUTHORITY","@version":"1","OpcodeValue":0,"Severity":"INFO","SourceName":"Microsoft-Windows-Sysmon","TargetProcessId":"7400","Category":"Process accessed (rule: ProcessAccess)","Keywords":-9223372036854775808,"TargetImage":"C:\\Users\\pgustavo\\Desktop\\MoveExcel4.exe","GrantedAccess":"0x1fffff","UserID":"S-1-5-18","ThreadID":4288,"EventType":"INFO","Message":"Process accessed:\r\nRuleName: -\r\nUtcTime: 2020-09-17 21:32:14.332\r\nSourceProcessGUID: {b34bc01c-8294-5f63-8f02-000000000400}\r\nSourceProcessId: 3356\r\nSourceThreadId: 8212\r\nSourceImage: C:\\windows\\system32\\svchost.exe\r\nTargetProcessGUID: {b34bc01c-d5de-5f63-3a06-000000000400}\r\nTargetProcessId: 7400\r\nTargetImage: C:\\Users\\pgustavo\\Desktop\\MoveExcel4.exe\r\nGrantedAccess: 0x1FFFFF\r\nCallTrace: C:\\windows\\SYSTEM32\\ntdll.dll+9c534|C:\\windows\\System32\\KERNELBASE.dll+305fe|c:\\windows\\system32\\pcasvc.dll+13827|c:\\windows\\system32\\pcasvc.dll+f736|c:\\windows\\system32\\pcasvc.dll+16844|C:\\windows\\System32\\KERNEL32.DLL+17bd4|C:\\windows\\SYSTEM32\\ntdll.dll+6ce51","@timestamp":"2020-09-17T21:32:15.326Z","port":64545,"SourceThreadId":"8212","RecordNumber":636923,"SourceProcessId":"3356","Task":10,"SourceModuleName":"eventlog","TargetProcessGUID":"{b34bc01c-d5de-5f63-3a06-000000000400}","Version":3,"CallTrace":"C:\\windows\\SYSTEM32\\ntdll.dll+9c534|C:\\windows\\System32\\KERNELBASE.dll+305fe|c:\\windows\\system32\\pcasvc.dll+13827|c:\\windows\\system32\\pcasvc.dll+f736|c:\\windows\\system32\\pcasvc.dll+16844|C:\\windows\\System32\\KERNEL32.DLL+17bd4|C:\\windows\\SYSTEM32\\ntdll.dll+6ce51","UtcTime":"2020-09-17 21:32:14.332","Hostname":"WORKSTATION5.theshire.local","RuleName":"-","tags":["mordorDataset"]}
{"SeverityValue":2,"EventReceivedTime":"2020-09-17 17:32:15","EventID":1,"ProviderGuid":"{5770385F-C22A-43E0-BF4C-06F5698FFBD9}","ExecutionProcessID":3228,"Channel":"Microsoft-Windows-Sysmon/Operational","host":"wec.internal.cloudapp.net","AccountType":"User","ProcessGuid":"{b34bc01c-d5de-5f63-3a06-000000000400}","ParentImage":"C:\\Windows\\System32\\cmd.exe","ProcessId":"7400","LogonGuid":"{b34bc01c-8288-5f63-cd78-2b0000000000}","Opcode":"Info","EventTime":"2020-09-17 17:32:14","SourceModuleType":"im_msvistalog","AccountName":"SYSTEM","CommandLine":"C:\\Users\\pgustavo\\Desktop\\MoveExcel4.exe  172.18.39.6","Domain":"NT AUTHORITY","@version":"1","OpcodeValue":0,"Severity":"INFO","User":"THESHIRE\\pgustavo","Hashes":"SHA1=8B61BE44EB536F2A83FD23BA38BD02CEAACF105C,MD5=838AA3C1E3E2097C1EBBED7381FE0F2C,SHA256=AF9BDA72B0AE9E58077ED2919D682A7F46E907F53FC9BA1F47200401C238B2F5,IMPHASH=F34D5F2D4577ED6D9CEEC516C1F5A744","SourceName":"Microsoft-Windows-Sysmon","CurrentDirectory":"C:\\Users\\pgustavo\\Desktop\\","Description":"MoveExcel4","Category":"Process Create (rule: ProcessCreate)","Company":"-","Keywords":-9223372036854775808,"FileVersion":"1.0.0.0","IntegrityLevel":"Medium","UserID":"S-1-5-18","TerminalSessionId":"2","ThreadID":4288,"EventType":"INFO","Message":"Process Create:\r\nRuleName: -\r\nUtcTime: 2020-09-17 21:32:14.333\r\nProcessGuid: {b34bc01c-d5de-5f63-3a06-000000000400}\r\nProcessId: 7400\r\nImage: C:\\Users\\pgustavo\\Desktop\\MoveExcel4.exe\r\nFileVersion: 1.0.0.0\r\nDescription: MoveExcel4\r\nProduct: MoveExcel4\r\nCompany: -\r\nOriginalFileName: MoveExcel4.exe\r\nCommandLine: C:\\Users\\pgustavo\\Desktop\\MoveExcel4.exe  172.18.39.6\r\nCurrentDirectory: C:\\Users\\pgustavo\\Desktop\\\r\nUser: THESHIRE\\pgustavo\r\nLogonGuid: {b34bc01c-8288-5f63-cd78-2b0000000000}\r\nLogonId: 0x2B78CD\r\nTerminalSessionId: 2\r\nIntegrityLevel: Medium\r\nHashes: SHA1=8B61BE44EB536F2A83FD23BA38BD02CEAACF105C,MD5=838AA3C1E3E2097C1EBBED7381FE0F2C,SHA256=AF9BDA72B0AE9E58077ED2919D682A7F46E907F53FC9BA1F47200401C238B2F5,IMPHASH=F34D5F2D4577ED6D9CEEC516C1F5A744\r\nParentProcessGuid: {b34bc01c-d5de-5f63-3806-000000000400}\r\nParentProcessId: 6256\r\nParentImage: C:\\Windows\\System32\\cmd.exe\r\nParentCommandLine: \"cmd.exe\" /c C:\\Users\\pgustavo\\Desktop\\MoveExcel4.exe 172.18.39.6","ParentProcessGuid":"{b34bc01c-d5de-5f63-3806-000000000400}","@timestamp":"2020-09-17T21:32:15.327Z","port":64545,"ParentCommandLine":"\"cmd.exe\" /c C:\\Users\\pgustavo\\Desktop\\MoveExcel4.exe 172.18.39.6","RecordNumber":636924,"Task":1,"ParentProcessId":"6256","SourceModuleName":"eventlog","LogonId":"0x2b78cd","Version":5,"Product":"MoveExcel4","Image":"C:\\Users\\pgustavo\\Desktop\\MoveExcel4.exe","OriginalFileName":"MoveExcel4.exe","UtcTime":"2020-09-17 21:32:14.333","Hostname":"WORKSTATION5.theshire.local","RuleName":"-","tags":["mordorDataset"]}
