{"@timestamp":"2020-10-13T04:26:30.133Z","port":61041,"Severity":"INFO","Task":12801,"Channel":"Security","tags":["mordorDataset"],"SourceModuleType":"im_msvistalog","OpcodeValue":0,"EventType":"AUDIT_SUCCESS","ExecutionProcessID":4,"Opcode":"Info","RecordNumber":85463,"ThreadID":4868,"SubjectDomainName":"THESHIRE","SubjectLogonId":"0x6d70c2","SourceName":"Microsoft-Windows-Security-Auditing","Keywords":-9214364837600034816,"HandleId":"0x44c","EventID":4658,"Category":"Registry","ProcessId":"0xb70","Version":0,"@version":"1","host":"wec.internal.cloudapp.net","Hostname":"WORKSTATION6.theshire.local","ProcessName":"C:\\Windows\\System32\\svchost.exe","ObjectServer":"Security","EventReceivedTime":"2020-10-13 00:26:30","SeverityValue":2,"EventTime":"2020-10-13 00:26:28","ProviderGuid":"{54849625-5478-4994-A5BA-3E3B0328C30D}","Message":"The handle to an object was closed.\r\n\r\nSubject :\r\n\tSecurity ID:\t\tS-1-5-21-4107722679-1012484280-3777968168-1104\r\n\tAccount Name:\t\tpgustavo\r\n\tAccount Domain:\t\tTHESHIRE\r\n\tLogon ID:\t\t0x6D70C2\r\n\r\nObject:\r\n\tObject Server:\t\tSecurity\r\n\tHandle ID:\t\t0x44c\r\n\r\nProcess Information:\r\n\tProcess ID:\t\t0xb70\r\n\tProcess Name:\t\tC:\\Windows\\System32\\svchost.exe","SubjectUserName":"pgustavo","SourceModuleName":"eventlog","SubjectUserSid":"S-1-5-21-4107722679-1012484280-3777968168-1104"}
{"UtcTime":"2020-10-13 04:26:29.018","RuleName":"-","@timestamp":"2020-10-13T04:26:30.133Z","port":61041,"Severity":"INFO","Task":5,"Channel":"Microsoft-Windows-Sysmon/Operational","tags":["mordorDataset"],"UserID":"S-1-5-18","SourceModuleType":"im_msvistalog","OpcodeValue":0,"EventType":"INFO","ExecutionProcessID":3592,"Opcode":"Info","RecordNumber":205507,"ThreadID":4780,"SourceName":"Microsoft-Windows-Sysmon","Keywords":-9223372036854775808,"Image":"C:\\Windows\\System32\\whoami.exe","EventID":5,"Domain":"NT AUTHORITY","Category":"Process terminated (rule: ProcessTerminate)","Version":3,"ProcessId":"6440","@version":"1","AccountName":"SYSTEM","ProcessGuid":"{37c5a1b2-2c74-5f85-3303-000000000400}","host":"wec.internal.cloudapp.net","Hostname":"WORKSTATION6.theshire.local","EventReceivedTime":"2020-10-13 00:26:30","SeverityValue":2,"EventTime":"2020-10-13 00:26:29","ProviderGuid":"{5770385F-C22A-43E0-BF4C-06F5698FFBD9}","Message":"Process terminated:\r\nRuleName: -\r\nUtcTime: 2020-10-13 04:26:29.018\r\nProcessGuid: {37c5a1b2-2c74-5f85-3303-000000000400}\r\nProcessId: 6440\r\nImage: C:\\Windows\\System32\\whoami.exe","SourceModuleName":"eventlog","AccountType":"User"}
{"SourceProcessId":"0xb70","@timestamp":"2020-10-13T04:26:30.133Z","port":61041,"Severity":"INFO","Task":12807,"Channel":"Security","tags":["mordorDataset"],"SourceModuleType":"im_msvistalog","OpcodeValue":0,"TargetProcessId":"0x4","EventType":"AUDIT_SUCCESS","ExecutionProcessID":4,"Opcode":"Info","RecordNumber":85464,"ThreadID":4868,"SubjectDomainName":"THESHIRE","SubjectLogonId":"0x6d70c2","SourceName":"Microsoft-Windows-Security-Auditing","TargetHandleId":"0x199c","Keywords":-9214364837600034816,"EventID":4690,"Category":"Handle Manipulation","SourceHandleId":"0x3c0","Version":0,"ProcessId":"0xb70","@version":"1","host":"wec.internal.cloudapp.net","Hostname":"WORKSTATION6.theshire.local","EventReceivedTime":"2020-10-13 00:26:30","SeverityValue":2,"EventTime":"2020-10-13 00:26:28","ProviderGuid":"{54849625-5478-4994-A5BA-3E3B0328C30D}","Message":"An attempt was made to duplicate a handle to an object.\r\n\r\nSubject:\r\n\tSecurity ID:\t\tS-1-5-21-4107722679-1012484280-3777968168-1104\r\n\tAccount Name:\t\tpgustavo\r\n\tAccount Domain:\t\tTHESHIRE\r\n\tLogon ID:\t\t0x6D70C2\r\n\r\nSource Handle Information:\r\n\tSource Handle ID:\t0x3c0\r\n\tSource Process ID:\t0xb70\r\n\r\nNew Handle Information:\r\n\tTarget Handle ID:\t0x199c\r\n\tTarget Process ID:\t0x4","SubjectUserName":"pgustavo","SourceModuleName":"eventlog","SubjectUserSid":"S-1-5-21-4107722679-1012484280-3777968168-1104"}
{"UtcTime":"2020-10-13 04:26:29.018","RuleName":"-","@timestamp":"2020-10-13T04:26:30.134Z","port":61041,"Severity":"INFO","Task":5,"Channel":"Microsoft-Windows-Sysmon/Operational","tags":["mordorDataset"],"UserID":"S-1-5-18","SourceModuleType":"im_msvistalog","OpcodeValue":0,"EventType":"INFO","ExecutionProcessID":3592,"Opcode":"Info","RecordNumber":205508,"ThreadID":4780,"SourceName":"Microsoft-Windows-Sysmon","Keywords":-9223372036854775808,"Image":"C:\\Windows\\System32\\conhost.exe","EventID":5,"Domain":"NT AUTHORITY","Category":"Process terminated (rule: ProcessTerminate)","Version":3,"ProcessId":"3148","@version":"1","AccountName":"SYSTEM","ProcessGuid":"{37c5a1b2-2c74-5f85-3403-000000000400}","host":"wec.internal.cloudapp.net","Hostname":"WORKSTATION6.theshire.local","EventReceivedTime":"2020-10-13 00:26:30","SeverityValue":2,"EventTime":"2020-10-13 00:26:29","ProviderGuid":"{5770385F-C22A-43E0-BF4C-06F5698FFBD9}","Message":"Process terminated:\r\nRuleName: -\r\nUtcTime: 2020-10-13 04:26:29.018\r\nProcessGuid: {37c5a1b2-2c74-5f85-3403-000000000400}\r\nProcessId: 3148\r\nImage: C:\\Windows\\System32\\conhost.exe","SourceModuleName":"eventlog","AccountType":"User"}
{"@timestamp":"2020-10-13T04:26:30.134Z","port":61041,"Severity":"INFO","Task":12801,"Channel":"Security","tags":["mordorDataset"],"SourceModuleType":"im_msvistalog","OpcodeValue":0,"EventType":"AUDIT_SUCCESS","ExecutionProcessID":4,"Opcode":"Info","RecordNumber":85465,"ThreadID":4868,"SubjectDomainName":"THESHIRE","SubjectLogonId":"0x6d70c2","SourceName":"Microsoft-Windows-Security-Auditing","Keywords":-9214364837600034816,"HandleId":"0x199c","EventID":4658,"Category":"Registry","ProcessId":"0xb70","Version":0,"@version":"1","host":"wec.internal.cloudapp.net","Hostname":"WORKSTATION6.theshire.local","ProcessName":"C:\\Windows\\System32\\svchost.exe","ObjectServer":"Security","EventReceivedTime":"2020-10-13 00:26:30","SeverityValue":2,"EventTime":"2020-10-13 00:26:28","ProviderGuid":"{54849625-5478-4994-A5BA-3E3B0328C30D}","Message":"The handle to an object was closed.\r\n\r\nSubject :\r\n\tSecurity ID:\t\tS-1-5-21-4107722679-1012484280-3777968168-1104\r\n\tAccount Name:\t\tpgustavo\r\n\tAccount Domain:\t\tTHESHIRE\r\n\tLogon ID:\t\t0x6D70C2\r\n\r\nObject:\r\n\tObject Server:\t\tSecurity\r\n\tHandle ID:\t\t0x199c\r\n\r\nProcess Information:\r\n\tProcess ID:\t\t0xb70\r\n\tProcess Name:\t\tC:\\Windows\\System32\\svchost.exe","SubjectUserName":"pgustavo","SourceModuleName":"eventlog","SubjectUserSid":"S-1-5-21-4107722679-1012484280-3777968168-1104"}
{"UtcTime":"2020-10-13 04:26:29.018","RuleName":"-","@timestamp":"2020-10-13T04:26:30.134Z","port":61041,"Severity":"INFO","Task":11,"Channel":"Microsoft-Windows-Sysmon/Operational","tags":["mordorDataset"],"UserID":"S-1-5-18","SourceModuleType":"im_msvistalog","OpcodeValue":0,"EventType":"INFO","ExecutionProcessID":3592,"Opcode":"Info","RecordNumber":205509,"ThreadID":4780,"SourceName":"Microsoft-Windows-Sysmon","TargetFilename":"C:\\Windows\\Prefetch\\WHOAMI.EXE-B8288E39.pf","Keywords":-9223372036854775808,"Image":"C:\\windows\\system32\\svchost.exe","EventID":11,"Domain":"NT AUTHORITY","Category":"File created (rule: FileCreate)","Version":2,"ProcessId":"2072","@version":"1","AccountName":"SYSTEM","CreationUtcTime":"2020-10-13 04:26:29.018","ProcessGuid":"{37c5a1b2-c0cd-5f84-2f00-000000000400}","host":"wec.internal.cloudapp.net","Hostname":"WORKSTATION6.theshire.local","EventReceivedTime":"2020-10-13 00:26:30","SeverityValue":2,"EventTime":"2020-10-13 00:26:29","ProviderGuid":"{5770385F-C22A-43E0-BF4C-06F5698FFBD9}","Message":"File created:\r\nRuleName: -\r\nUtcTime: 2020-10-13 04:26:29.018\r\nProcessGuid: {37c5a1b2-c0cd-5f84-2f00-000000000400}\r\nProcessId: 2072\r\nImage: C:\\windows\\system32\\svchost.exe\r\nTargetFilename: C:\\Windows\\Prefetch\\WHOAMI.EXE-B8288E39.pf\r\nCreationUtcTime: 2020-10-13 04:26:29.018","SourceModuleName":"eventlog","AccountType":"User"}
{"UtcTime":"2020-10-13 04:26:29.018","RuleName":"-","@timestamp":"2020-10-13T04:26:30.135Z","port":61041,"Severity":"INFO","Task":11,"Channel":"Microsoft-Windows-Sysmon/Operational","tags":["mordorDataset"],"UserID":"S-1-5-18","SourceModuleType":"im_msvistalog","OpcodeValue":0,"EventType":"INFO","ExecutionProcessID":3592,"Opcode":"Info","RecordNumber":205510,"ThreadID":4780,"SourceName":"Microsoft-Windows-Sysmon","TargetFilename":"C:\\Windows\\Prefetch\\CONHOST.EXE-1F3E9D7E.pf","Keywords":-9223372036854775808,"Image":"C:\\windows\\system32\\svchost.exe","EventID":11,"Domain":"NT AUTHORITY","Category":"File created (rule: FileCreate)","Version":2,"ProcessId":"2072","@version":"1","AccountName":"SYSTEM","CreationUtcTime":"2020-10-12 20:36:19.494","ProcessGuid":"{37c5a1b2-c0cd-5f84-2f00-000000000400}","host":"wec.internal.cloudapp.net","Hostname":"WORKSTATION6.theshire.local","EventReceivedTime":"2020-10-13 00:26:30","SeverityValue":2,"EventTime":"2020-10-13 00:26:29","ProviderGuid":"{5770385F-C22A-43E0-BF4C-06F5698FFBD9}","Message":"File created:\r\nRuleName: -\r\nUtcTime: 2020-10-13 04:26:29.018\r\nProcessGuid: {37c5a1b2-c0cd-5f84-2f00-000000000400}\r\nProcessId: 2072\r\nImage: C:\\windows\\system32\\svchost.exe\r\nTargetFilename: C:\\Windows\\Prefetch\\CONHOST.EXE-1F3E9D7E.pf\r\nCreationUtcTime: 2020-10-12 20:36:19.494","SourceModuleName":"eventlog","AccountType":"User"}
{"@timestamp":"2020-10-13T04:26:30.135Z","AccessReason":"-","Channel":"Security","SubjectDomainName":"THESHIRE","RecordNumber":85466,"ThreadID":4868,"SubjectLogonId":"0x6d70c2","TransactionId":"{00000000-0000-0000-0000-000000000000}","ObjectName":"\\REGISTRY\\MACHINE\\SOFTWARE\\Microsoft\\Windows NT\\CurrentVersion\\Winlogon","ProcessId":"0xb70","Version":1,"Hostname":"WORKSTATION6.theshire.local","EventReceivedTime":"2020-10-13 00:26:30","ProviderGuid":"{54849625-5478-4994-A5BA-3E3B0328C30D}","SubjectUserName":"pgustavo","RestrictedSidCount":"0","port":61041,"Severity":"INFO","ResourceAttributes":"-","Task":12801,"tags":["mordorDataset"],"SourceModuleType":"im_msvistalog","OpcodeValue":0,"EventType":"AUDIT_SUCCESS","ExecutionProcessID":4,"Opcode":"Info","ObjectType":"Key","SourceName":"Microsoft-Windows-Security-Auditing","Keywords":-9214364837600034816,"AccessList":"%%1538\r\n\t\t\t\t%%4432\r\n\t\t\t\t%%4435\r\n\t\t\t\t%%4436\r\n\t\t\t\t","HandleId":"0x3c0","EventID":4656,"Category":"Registry","@version":"1","host":"wec.internal.cloudapp.net","AccessMask":"0x20019","ObjectServer":"Security","ProcessName":"C:\\Windows\\System32\\svchost.exe","SeverityValue":2,"EventTime":"2020-10-13 00:26:28","Message":"A handle to an object was requested.\r\n\r\nSubject:\r\n\tSecurity ID:\t\tS-1-5-21-4107722679-1012484280-3777968168-1104\r\n\tAccount Name:\t\tpgustavo\r\n\tAccount Domain:\t\tTHESHIRE\r\n\tLogon ID:\t\t0x6D70C2\r\n\r\nObject:\r\n\tObject Server:\t\tSecurity\r\n\tObject Type:\t\tKey\r\n\tObject Name:\t\t\\REGISTRY\\MACHINE\\SOFTWARE\\Microsoft\\Windows NT\\CurrentVersion\\Winlogon\r\n\tHandle ID:\t\t0x3c0\r\n\tResource Attributes:\t-\r\n\r\nProcess Information:\r\n\tProcess ID:\t\t0xb70\r\n\tProcess Name:\t\tC:\\Windows\\System32\\svchost.exe\r\n\r\nAccess Request Information:\r\n\tTransaction ID:\t\t{00000000-0000-0000-0000-000000000000}\r\n\tAccesses:\t\tREAD_CONTROL\r\n\t\t\t\tQuery key value\r\n\t\t\t\tEnumerate sub-keys\r\n\t\t\t\tNotify about changes to keys\r\n\t\t\t\t\r\n\tAccess Reasons:\t\t-\r\n\tAccess Mask:\t\t0x20019\r\n\tPrivileges Used for Access Check:\t-\r\n\tRestricted SID Count:\t0","PrivilegeList":"-","SourceModuleName":"eventlog","SubjectUserSid":"S-1-5-21-4107722679-1012484280-3777968168-1104"}
{"@timestamp":"2020-10-13T04:26:30.135Z","port":61041,"Severity":"INFO","Task":12801,"Channel":"Security","ResourceAttributes":"-","SourceModuleType":"im_msvistalog","tags":["mordorDataset"],"OpcodeValue":0,"EventType":"AUDIT_SUCCESS","ExecutionProcessID":4,"Opcode":"Info","RecordNumber":85467,"ThreadID":4868,"SubjectDomainName":"THESHIRE","SubjectLogonId":"0x6d70c2","SourceName":"Microsoft-Windows-Security-Auditing","ObjectType":"Key","Keywords":-9214364837600034816,"AccessList":"%%4432\r\n\t\t\t\t","HandleId":"0x3c0","EventID":4663,"Category":"Registry","ObjectName":"\\REGISTRY\\MACHINE\\SOFTWARE\\Microsoft\\Windows NT\\CurrentVersion\\Winlogon","Version":1,"ProcessId":"0xb70","@version":"1","host":"wec.internal.cloudapp.net","Hostname":"WORKSTATION6.theshire.local","AccessMask":"0x1","ObjectServer":"Security","ProcessName":"C:\\Windows\\System32\\svchost.exe","EventReceivedTime":"2020-10-13 00:26:30","SeverityValue":2,"EventTime":"2020-10-13 00:26:28","ProviderGuid":"{54849625-5478-4994-A5BA-3E3B0328C30D}","Message":"An attempt was made to access an object.\r\n\r\nSubject:\r\n\tSecurity ID:\t\tS-1-5-21-4107722679-1012484280-3777968168-1104\r\n\tAccount Name:\t\tpgustavo\r\n\tAccount Domain:\t\tTHESHIRE\r\n\tLogon ID:\t\t0x6D70C2\r\n\r\nObject:\r\n\tObject Server:\t\tSecurity\r\n\tObject Type:\t\tKey\r\n\tObject Name:\t\t\\REGISTRY\\MACHINE\\SOFTWARE\\Microsoft\\Windows NT\\CurrentVersion\\Winlogon\r\n\tHandle ID:\t\t0x3c0\r\n\tResource Attributes:\t-\r\n\r\nProcess Information:\r\n\tProcess ID:\t\t0xb70\r\n\tProcess Name:\t\tC:\\Windows\\System32\\svchost.exe\r\n\r\nAccess Request Information:\r\n\tAccesses:\t\tQuery key value\r\n\t\t\t\t\r\n\tAccess Mask:\t\t0x1","SubjectUserName":"pgustavo","SourceModuleName":"eventlog","SubjectUserSid":"S-1-5-21-4107722679-1012484280-3777968168-1104"}
{"@timestamp":"2020-10-13T04:26:30.136Z","port":61041,"Severity":"INFO","Task":12801,"Channel":"Security","tags":["mordorDataset"],"SourceModuleType":"im_msvistalog","OpcodeValue":0,"EventType":"AUDIT_SUCCESS","ExecutionProcessID":4,"Opcode":"Info","RecordNumber":85468,"ThreadID":4868,"SubjectDomainName":"THESHIRE","SubjectLogonId":"0x6d70c2","SourceName":"Microsoft-Windows-Security-Auditing","Keywords":-9214364837600034816,"HandleId":"0x3c0","EventID":4658,"Category":"Registry","ProcessId":"0xb70","Version":0,"@version":"1","host":"wec.internal.cloudapp.net","Hostname":"WORKSTATION6.theshire.local","ProcessName":"C:\\Windows\\System32\\svchost.exe","ObjectServer":"Security","EventReceivedTime":"2020-10-13 00:26:30","SeverityValue":2,"EventTime":"2020-10-13 00:26:28","ProviderGuid":"{54849625-5478-4994-A5BA-3E3B0328C30D}","Message":"The handle to an object was closed.\r\n\r\nSubject :\r\n\tSecurity ID:\t\tS-1-5-21-4107722679-1012484280-3777968168-1104\r\n\tAccount Name:\t\tpgustavo\r\n\tAccount Domain:\t\tTHESHIRE\r\n\tLogon ID:\t\t0x6D70C2\r\n\r\nObject:\r\n\tObject Server:\t\tSecurity\r\n\tHandle ID:\t\t0x3c0\r\n\r\nProcess Information:\r\n\tProcess ID:\t\t0xb70\r\n\tProcess Name:\t\tC:\\Windows\\System32\\svchost.exe","SubjectUserName":"pgustavo","SourceModuleName":"eventlog","SubjectUserSid":"S-1-5-21-4107722679-1012484280-3777968168-1104"}
{"SourceProcessId":"0xb70","@timestamp":"2020-10-13T04:26:30.136Z","port":61041,"Severity":"INFO","Task":12807,"Channel":"Security","tags":["mordorDataset"],"SourceModuleType":"im_msvistalog","OpcodeValue":0,"TargetProcessId":"0x4","EventType":"AUDIT_SUCCESS","ExecutionProcessID":4,"Opcode":"Info","RecordNumber":85469,"ThreadID":4868,"SubjectDomainName":"THESHIRE","SubjectLogonId":"0x6d70c2","SourceName":"Microsoft-Windows-Security-Auditing","TargetHandleId":"0x1864","Keywords":-9214364837600034816,"EventID":4690,"Category":"Handle Manipulation","SourceHandleId":"0x944","Version":0,"ProcessId":"0xb70","@version":"1","host":"wec.internal.cloudapp.net","Hostname":"WORKSTATION6.theshire.local","EventReceivedTime":"2020-10-13 00:26:30","SeverityValue":2,"EventTime":"2020-10-13 00:26:28","ProviderGuid":"{54849625-5478-4994-A5BA-3E3B0328C30D}","Message":"An attempt was made to duplicate a handle to an object.\r\n\r\nSubject:\r\n\tSecurity ID:\t\tS-1-5-21-4107722679-1012484280-3777968168-1104\r\n\tAccount Name:\t\tpgustavo\r\n\tAccount Domain:\t\tTHESHIRE\r\n\tLogon ID:\t\t0x6D70C2\r\n\r\nSource Handle Information:\r\n\tSource Handle ID:\t0x944\r\n\tSource Process ID:\t0xb70\r\n\r\nNew Handle Information:\r\n\tTarget Handle ID:\t0x1864\r\n\tTarget Process ID:\t0x4","SubjectUserName":"pgustavo","SourceModuleName":"eventlog","SubjectUserSid":"S-1-5-21-4107722679-1012484280-3777968168-1104"}
{"@timestamp":"2020-10-13T04:26:30.136Z","port":61041,"Severity":"INFO","Task":12801,"Channel":"Security","tags":["mordorDataset"],"SourceModuleType":"im_msvistalog","OpcodeValue":0,"EventType":"AUDIT_SUCCESS","ExecutionProcessID":4,"Opcode":"Info","RecordNumber":85470,"ThreadID":4868,"SubjectDomainName":"THESHIRE","SubjectLogonId":"0x6d70c2","SourceName":"Microsoft-Windows-Security-Auditing","Keywords":-9214364837600034816,"HandleId":"0x1864","EventID":4658,"Category":"Registry","ProcessId":"0xb70","Version":0,"@version":"1","host":"wec.internal.cloudapp.net","Hostname":"WORKSTATION6.theshire.local","ProcessName":"C:\\Windows\\System32\\svchost.exe","ObjectServer":"Security","EventReceivedTime":"2020-10-13 00:26:30","SeverityValue":2,"EventTime":"2020-10-13 00:26:28","ProviderGuid":"{54849625-5478-4994-A5BA-3E3B0328C30D}","Message":"The handle to an object was closed.\r\n\r\nSubject :\r\n\tSecurity ID:\t\tS-1-5-21-4107722679-1012484280-3777968168-1104\r\n\tAccount Name:\t\tpgustavo\r\n\tAccount Domain:\t\tTHESHIRE\r\n\tLogon ID:\t\t0x6D70C2\r\n\r\nObject:\r\n\tObject Server:\t\tSecurity\r\n\tHandle ID:\t\t0x1864\r\n\r\nProcess Information:\r\n\tProcess ID:\t\t0xb70\r\n\tProcess Name:\t\tC:\\Windows\\System32\\svchost.exe","SubjectUserName":"pgustavo","SourceModuleName":"eventlog","SubjectUserSid":"S-1-5-21-4107722679-1012484280-3777968168-1104"}
{"@timestamp":"2020-10-13T04:26:30.136Z","AccessReason":"-","Channel":"Security","SubjectDomainName":"THESHIRE","RecordNumber":85471,"ThreadID":4868,"SubjectLogonId":"0x6d70c2","TransactionId":"{00000000-0000-0000-0000-000000000000}","ObjectName":"\\REGISTRY\\MACHINE\\SOFTWARE\\Microsoft\\Windows NT\\CurrentVersion\\Winlogon","ProcessId":"0xb70","Version":1,"Hostname":"WORKSTATION6.theshire.local","EventReceivedTime":"2020-10-13 00:26:30","ProviderGuid":"{54849625-5478-4994-A5BA-3E3B0328C30D}","SubjectUserName":"pgustavo","RestrictedSidCount":"0","port":61041,"Severity":"INFO","ResourceAttributes":"-","Task":12801,"tags":["mordorDataset"],"SourceModuleType":"im_msvistalog","OpcodeValue":0,"EventType":"AUDIT_SUCCESS","ExecutionProcessID":4,"Opcode":"Info","ObjectType":"Key","SourceName":"Microsoft-Windows-Security-Auditing","Keywords":-9214364837600034816,"AccessList":"%%1538\r\n\t\t\t\t%%4432\r\n\t\t\t\t%%4435\r\n\t\t\t\t%%4436\r\n\t\t\t\t","HandleId":"0x944","EventID":4656,"Category":"Registry","@version":"1","host":"wec.internal.cloudapp.net","AccessMask":"0x20019","ObjectServer":"Security","ProcessName":"C:\\Windows\\System32\\svchost.exe","SeverityValue":2,"EventTime":"2020-10-13 00:26:28","Message":"A handle to an object was requested.\r\n\r\nSubject:\r\n\tSecurity ID:\t\tS-1-5-21-4107722679-1012484280-3777968168-1104\r\n\tAccount Name:\t\tpgustavo\r\n\tAccount Domain:\t\tTHESHIRE\r\n\tLogon ID:\t\t0x6D70C2\r\n\r\nObject:\r\n\tObject Server:\t\tSecurity\r\n\tObject Type:\t\tKey\r\n\tObject Name:\t\t\\REGISTRY\\MACHINE\\SOFTWARE\\Microsoft\\Windows NT\\CurrentVersion\\Winlogon\r\n\tHandle ID:\t\t0x944\r\n\tResource Attributes:\t-\r\n\r\nProcess Information:\r\n\tProcess ID:\t\t0xb70\r\n\tProcess Name:\t\tC:\\Windows\\System32\\svchost.exe\r\n\r\nAccess Request Information:\r\n\tTransaction ID:\t\t{00000000-0000-0000-0000-000000000000}\r\n\tAccesses:\t\tREAD_CONTROL\r\n\t\t\t\tQuery key value\r\n\t\t\t\tEnumerate sub-keys\r\n\t\t\t\tNotify about changes to keys\r\n\t\t\t\t\r\n\tAccess Reasons:\t\t-\r\n\tAccess Mask:\t\t0x20019\r\n\tPrivileges Used for Access Check:\t-\r\n\tRestricted SID Count:\t0","PrivilegeList":"-","SourceModuleName":"eventlog","SubjectUserSid":"S-1-5-21-4107722679-1012484280-3777968168-1104"}
{"@timestamp":"2020-10-13T04:26:30.136Z","port":61041,"Severity":"INFO","Task":12801,"Channel":"Security","ResourceAttributes":"-","SourceModuleType":"im_msvistalog","tags":["mordorDataset"],"OpcodeValue":0,"EventType":"AUDIT_SUCCESS","ExecutionProcessID":4,"Opcode":"Info","RecordNumber":85472,"ThreadID":4868,"SubjectDomainName":"THESHIRE","SubjectLogonId":"0x6d70c2","SourceName":"Microsoft-Windows-Security-Auditing","ObjectType":"Key","Keywords":-9214364837600034816,"AccessList":"%%4432\r\n\t\t\t\t","HandleId":"0x944","EventID":4663,"Category":"Registry","ObjectName":"\\REGISTRY\\MACHINE\\SOFTWARE\\Microsoft\\Windows NT\\CurrentVersion\\Winlogon","Version":1,"ProcessId":"0xb70","@version":"1","host":"wec.internal.cloudapp.net","Hostname":"WORKSTATION6.theshire.local","AccessMask":"0x1","ObjectServer":"Security","ProcessName":"C:\\Windows\\System32\\svchost.exe","EventReceivedTime":"2020-10-13 00:26:30","SeverityValue":2,"EventTime":"2020-10-13 00:26:28","ProviderGuid":"{54849625-5478-4994-A5BA-3E3B0328C30D}","Message":"An attempt was made to access an object.\r\n\r\nSubject:\r\n\tSecurity ID:\t\tS-1-5-21-4107722679-1012484280-3777968168-1104\r\n\tAccount Name:\t\tpgustavo\r\n\tAccount Domain:\t\tTHESHIRE\r\n\tLogon ID:\t\t0x6D70C2\r\n\r\nObject:\r\n\tObject Server:\t\tSecurity\r\n\tObject Type:\t\tKey\r\n\tObject Name:\t\t\\REGISTRY\\MACHINE\\SOFTWARE\\Microsoft\\Windows NT\\CurrentVersion\\Winlogon\r\n\tHandle ID:\t\t0x944\r\n\tResource Attributes:\t-\r\n\r\nProcess Information:\r\n\tProcess ID:\t\t0xb70\r\n\tProcess Name:\t\tC:\\Windows\\System32\\svchost.exe\r\n\r\nAccess Request Information:\r\n\tAccesses:\t\tQuery key value\r\n\t\t\t\t\r\n\tAccess Mask:\t\t0x1","SubjectUserName":"pgustavo","SourceModuleName":"eventlog","SubjectUserSid":"S-1-5-21-4107722679-1012484280-3777968168-1104"}
{"@timestamp":"2020-10-13T04:26:30.137Z","port":61041,"Severity":"INFO","Task":12801,"Channel":"Security","tags":["mordorDataset"],"SourceModuleType":"im_msvistalog","OpcodeValue":0,"EventType":"AUDIT_SUCCESS","ExecutionProcessID":4,"Opcode":"Info","RecordNumber":85473,"ThreadID":4868,"SubjectDomainName":"THESHIRE","SubjectLogonId":"0x6d70c2","SourceName":"Microsoft-Windows-Security-Auditing","Keywords":-9214364837600034816,"HandleId":"0x944","EventID":4658,"Category":"Registry","ProcessId":"0xb70","Version":0,"@version":"1","host":"wec.internal.cloudapp.net","Hostname":"WORKSTATION6.theshire.local","ProcessName":"C:\\Windows\\System32\\svchost.exe","ObjectServer":"Security","EventReceivedTime":"2020-10-13 00:26:30","SeverityValue":2,"EventTime":"2020-10-13 00:26:28","ProviderGuid":"{54849625-5478-4994-A5BA-3E3B0328C30D}","Message":"The handle to an object was closed.\r\n\r\nSubject :\r\n\tSecurity ID:\t\tS-1-5-21-4107722679-1012484280-3777968168-1104\r\n\tAccount Name:\t\tpgustavo\r\n\tAccount Domain:\t\tTHESHIRE\r\n\tLogon ID:\t\t0x6D70C2\r\n\r\nObject:\r\n\tObject Server:\t\tSecurity\r\n\tHandle ID:\t\t0x944\r\n\r\nProcess Information:\r\n\tProcess ID:\t\t0xb70\r\n\tProcess Name:\t\tC:\\Windows\\System32\\svchost.exe","SubjectUserName":"pgustavo","SourceModuleName":"eventlog","SubjectUserSid":"S-1-5-21-4107722679-1012484280-3777968168-1104"}
{"SourceProcessId":"0xb70","@timestamp":"2020-10-13T04:26:30.137Z","port":61041,"Severity":"INFO","Task":12807,"Channel":"Security","tags":["mordorDataset"],"SourceModuleType":"im_msvistalog","OpcodeValue":0,"TargetProcessId":"0x4","EventType":"AUDIT_SUCCESS","ExecutionProcessID":4,"Opcode":"Info","RecordNumber":85474,"ThreadID":4868,"SubjectDomainName":"THESHIRE","SubjectLogonId":"0x6d70c2","SourceName":"Microsoft-Windows-Security-Auditing","TargetHandleId":"0x1864","Keywords":-9214364837600034816,"EventID":4690,"Category":"Handle Manipulation","SourceHandleId":"0x31c","Version":0,"ProcessId":"0xb70","@version":"1","host":"wec.internal.cloudapp.net","Hostname":"WORKSTATION6.theshire.local","EventReceivedTime":"2020-10-13 00:26:30","SeverityValue":2,"EventTime":"2020-10-13 00:26:28","ProviderGuid":"{54849625-5478-4994-A5BA-3E3B0328C30D}","Message":"An attempt was made to duplicate a handle to an object.\r\n\r\nSubject:\r\n\tSecurity ID:\t\tS-1-5-21-4107722679-1012484280-3777968168-1104\r\n\tAccount Name:\t\tpgustavo\r\n\tAccount Domain:\t\tTHESHIRE\r\n\tLogon ID:\t\t0x6D70C2\r\n\r\nSource Handle Information:\r\n\tSource Handle ID:\t0x31c\r\n\tSource Process ID:\t0xb70\r\n\r\nNew Handle Information:\r\n\tTarget Handle ID:\t0x1864\r\n\tTarget Process ID:\t0x4","SubjectUserName":"pgustavo","SourceModuleName":"eventlog","SubjectUserSid":"S-1-5-21-4107722679-1012484280-3777968168-1104"}
{"@timestamp":"2020-10-13T04:26:30.137Z","port":61041,"Severity":"INFO","Task":12801,"Channel":"Security","tags":["mordorDataset"],"SourceModuleType":"im_msvistalog","OpcodeValue":0,"EventType":"AUDIT_SUCCESS","ExecutionProcessID":4,"Opcode":"Info","RecordNumber":85475,"ThreadID":4868,"SubjectDomainName":"THESHIRE","SubjectLogonId":"0x6d70c2","SourceName":"Microsoft-Windows-Security-Auditing","Keywords":-9214364837600034816,"HandleId":"0x1864","EventID":4658,"Category":"Registry","ProcessId":"0xb70","Version":0,"@version":"1","host":"wec.internal.cloudapp.net","Hostname":"WORKSTATION6.theshire.local","ProcessName":"C:\\Windows\\System32\\svchost.exe","ObjectServer":"Security","EventReceivedTime":"2020-10-13 00:26:30","SeverityValue":2,"EventTime":"2020-10-13 00:26:28","ProviderGuid":"{54849625-5478-4994-A5BA-3E3B0328C30D}","Message":"The handle to an object was closed.\r\n\r\nSubject :\r\n\tSecurity ID:\t\tS-1-5-21-4107722679-1012484280-3777968168-1104\r\n\tAccount Name:\t\tpgustavo\r\n\tAccount Domain:\t\tTHESHIRE\r\n\tLogon ID:\t\t0x6D70C2\r\n\r\nObject:\r\n\tObject Server:\t\tSecurity\r\n\tHandle ID:\t\t0x1864\r\n\r\nProcess Information:\r\n\tProcess ID:\t\t0xb70\r\n\tProcess Name:\t\tC:\\Windows\\System32\\svchost.exe","SubjectUserName":"pgustavo","SourceModuleName":"eventlog","SubjectUserSid":"S-1-5-21-4107722679-1012484280-3777968168-1104"}
{"@timestamp":"2020-10-13T04:26:30.137Z","AccessReason":"-","Channel":"Security","SubjectDomainName":"THESHIRE","RecordNumber":85476,"ThreadID":4868,"SubjectLogonId":"0x6d70c2","TransactionId":"{00000000-0000-0000-0000-000000000000}","ObjectName":"\\REGISTRY\\MACHINE\\SOFTWARE\\Microsoft\\Windows NT\\CurrentVersion\\Winlogon","ProcessId":"0xb70","Version":1,"Hostname":"WORKSTATION6.theshire.local","EventReceivedTime":"2020-10-13 00:26:30","ProviderGuid":"{54849625-5478-4994-A5BA-3E3B0328C30D}","SubjectUserName":"pgustavo","RestrictedSidCount":"0","port":61041,"Severity":"INFO","ResourceAttributes":"-","Task":12801,"tags":["mordorDataset"],"SourceModuleType":"im_msvistalog","OpcodeValue":0,"EventType":"AUDIT_SUCCESS","ExecutionProcessID":4,"Opcode":"Info","ObjectType":"Key","SourceName":"Microsoft-Windows-Security-Auditing","Keywords":-9214364837600034816,"AccessList":"%%1538\r\n\t\t\t\t%%4432\r\n\t\t\t\t%%4435\r\n\t\t\t\t%%4436\r\n\t\t\t\t","HandleId":"0x31c","EventID":4656,"Category":"Registry","@version":"1","host":"wec.internal.cloudapp.net","AccessMask":"0x20019","ObjectServer":"Security","ProcessName":"C:\\Windows\\System32\\svchost.exe","SeverityValue":2,"EventTime":"2020-10-13 00:26:28","Message":"A handle to an object was requested.\r\n\r\nSubject:\r\n\tSecurity ID:\t\tS-1-5-21-4107722679-1012484280-3777968168-1104\r\n\tAccount Name:\t\tpgustavo\r\n\tAccount Domain:\t\tTHESHIRE\r\n\tLogon ID:\t\t0x6D70C2\r\n\r\nObject:\r\n\tObject Server:\t\tSecurity\r\n\tObject Type:\t\tKey\r\n\tObject Name:\t\t\\REGISTRY\\MACHINE\\SOFTWARE\\Microsoft\\Windows NT\\CurrentVersion\\Winlogon\r\n\tHandle ID:\t\t0x31c\r\n\tResource Attributes:\t-\r\n\r\nProcess Information:\r\n\tProcess ID:\t\t0xb70\r\n\tProcess Name:\t\tC:\\Windows\\System32\\svchost.exe\r\n\r\nAccess Request Information:\r\n\tTransaction ID:\t\t{00000000-0000-0000-0000-000000000000}\r\n\tAccesses:\t\tREAD_CONTROL\r\n\t\t\t\tQuery key value\r\n\t\t\t\tEnumerate sub-keys\r\n\t\t\t\tNotify about changes to keys\r\n\t\t\t\t\r\n\tAccess Reasons:\t\t-\r\n\tAccess Mask:\t\t0x20019\r\n\tPrivileges Used for Access Check:\t-\r\n\tRestricted SID Count:\t0","PrivilegeList":"-","SourceModuleName":"eventlog","SubjectUserSid":"S-1-5-21-4107722679-1012484280-3777968168-1104"}
{"@timestamp":"2020-10-13T04:26:30.138Z","port":61041,"Severity":"INFO","Task":12801,"Channel":"Security","ResourceAttributes":"-","SourceModuleType":"im_msvistalog","tags":["mordorDataset"],"OpcodeValue":0,"EventType":"AUDIT_SUCCESS","ExecutionProcessID":4,"Opcode":"Info","RecordNumber":85477,"ThreadID":4868,"SubjectDomainName":"THESHIRE","SubjectLogonId":"0x6d70c2","SourceName":"Microsoft-Windows-Security-Auditing","ObjectType":"Key","Keywords":-9214364837600034816,"AccessList":"%%4432\r\n\t\t\t\t","HandleId":"0x31c","EventID":4663,"Category":"Registry","ObjectName":"\\REGISTRY\\MACHINE\\SOFTWARE\\Microsoft\\Windows NT\\CurrentVersion\\Winlogon","Version":1,"ProcessId":"0xb70","@version":"1","host":"wec.internal.cloudapp.net","Hostname":"WORKSTATION6.theshire.local","AccessMask":"0x1","ObjectServer":"Security","ProcessName":"C:\\Windows\\System32\\svchost.exe","EventReceivedTime":"2020-10-13 00:26:30","SeverityValue":2,"EventTime":"2020-10-13 00:26:28","ProviderGuid":"{54849625-5478-4994-A5BA-3E3B0328C30D}","Message":"An attempt was made to access an object.\r\n\r\nSubject:\r\n\tSecurity ID:\t\tS-1-5-21-4107722679-1012484280-3777968168-1104\r\n\tAccount Name:\t\tpgustavo\r\n\tAccount Domain:\t\tTHESHIRE\r\n\tLogon ID:\t\t0x6D70C2\r\n\r\nObject:\r\n\tObject Server:\t\tSecurity\r\n\tObject Type:\t\tKey\r\n\tObject Name:\t\t\\REGISTRY\\MACHINE\\SOFTWARE\\Microsoft\\Windows NT\\CurrentVersion\\Winlogon\r\n\tHandle ID:\t\t0x31c\r\n\tResource Attributes:\t-\r\n\r\nProcess Information:\r\n\tProcess ID:\t\t0xb70\r\n\tProcess Name:\t\tC:\\Windows\\System32\\svchost.exe\r\n\r\nAccess Request Information:\r\n\tAccesses:\t\tQuery key value\r\n\t\t\t\t\r\n\tAccess Mask:\t\t0x1","SubjectUserName":"pgustavo","SourceModuleName":"eventlog","SubjectUserSid":"S-1-5-21-4107722679-1012484280-3777968168-1104"}
{"@timestamp":"2020-10-13T04:26:30.138Z","port":61041,"Severity":"INFO","Task":12801,"Channel":"Security","tags":["mordorDataset"],"SourceModuleType":"im_msvistalog","OpcodeValue":0,"EventType":"AUDIT_SUCCESS","ExecutionProcessID":4,"Opcode":"Info","RecordNumber":85478,"ThreadID":4868,"SubjectDomainName":"THESHIRE","SubjectLogonId":"0x6d70c2","SourceName":"Microsoft-Windows-Security-Auditing","Keywords":-9214364837600034816,"HandleId":"0x31c","EventID":4658,"Category":"Registry","ProcessId":"0xb70","Version":0,"@version":"1","host":"wec.internal.cloudapp.net","Hostname":"WORKSTATION6.theshire.local","ProcessName":"C:\\Windows\\System32\\svchost.exe","ObjectServer":"Security","EventReceivedTime":"2020-10-13 00:26:30","SeverityValue":2,"EventTime":"2020-10-13 00:26:28","ProviderGuid":"{54849625-5478-4994-A5BA-3E3B0328C30D}","Message":"The handle to an object was closed.\r\n\r\nSubject :\r\n\tSecurity ID:\t\tS-1-5-21-4107722679-1012484280-3777968168-1104\r\n\tAccount Name:\t\tpgustavo\r\n\tAccount Domain:\t\tTHESHIRE\r\n\tLogon ID:\t\t0x6D70C2\r\n\r\nObject:\r\n\tObject Server:\t\tSecurity\r\n\tHandle ID:\t\t0x31c\r\n\r\nProcess Information:\r\n\tProcess ID:\t\t0xb70\r\n\tProcess Name:\t\tC:\\Windows\\System32\\svchost.exe","SubjectUserName":"pgustavo","SourceModuleName":"eventlog","SubjectUserSid":"S-1-5-21-4107722679-1012484280-3777968168-1104"}
{"@timestamp":"2020-10-13T04:26:30.138Z","port":61041,"Severity":"INFO","Task":13317,"Channel":"Security","tags":["mordorDataset"],"SourceModuleType":"im_msvistalog","OpcodeValue":0,"EventType":"AUDIT_SUCCESS","ExecutionProcessID":4,"Opcode":"Info","RecordNumber":85479,"ThreadID":4868,"SubjectDomainName":"THESHIRE","SubjectLogonId":"0x3e7","SourceName":"Microsoft-Windows-Security-Auditing","TargetLogonId":"0x3e7","Keywords":-9214364837600034816,"TargetUserSid":"S-1-5-18","EventID":4703,"Category":"Token Right Adjusted Events","ProcessId":"0xa4c","Version":0,"@version":"1","DisabledPrivilegeList":"-","host":"wec.internal.cloudapp.net","Hostname":"WORKSTATION6.theshire.local","ProcessName":"C:\\Windows\\System32\\svchost.exe","EventReceivedTime":"2020-10-13 00:26:30","EnabledPrivilegeList":"SeAssignPrimaryTokenPrivilege\r\n\t\t\tSeIncreaseQuotaPrivilege\r\n\t\t\tSeSecurityPrivilege\r\n\t\t\tSeTakeOwnershipPrivilege\r\n\t\t\tSeLoadDriverPrivilege\r\n\t\t\tSeSystemtimePrivilege\r\n\t\t\tSeBackupPrivilege\r\n\t\t\tSeRestorePrivilege\r\n\t\t\tSeShutdownPrivilege\r\n\t\t\tSeSystemEnvironmentPrivilege\r\n\t\t\tSeUndockPrivilege\r\n\t\t\tSeManageVolumePrivilege","SeverityValue":2,"EventTime":"2020-10-13 00:26:28","ProviderGuid":"{54849625-5478-4994-A5BA-3E3B0328C30D}","Message":"A token right was adjusted.\r\n\r\nSubject:\r\n\tSecurity ID:\t\tS-1-5-18\r\n\tAccount Name:\t\tWORKSTATION6$\r\n\tAccount Domain:\t\tTHESHIRE\r\n\tLogon ID:\t\t0x3E7\r\n\r\nTarget Account:\r\n\tSecurity ID:\t\tS-1-5-18\r\n\tAccount Name:\t\tWORKSTATION6$\r\n\tAccount Domain:\t\tTHESHIRE\r\n\tLogon ID:\t\t0x3E7\r\n\r\nProcess Information:\r\n\tProcess ID:\t\t0xa4c\r\n\tProcess Name:\t\tC:\\Windows\\System32\\svchost.exe\r\n\r\nEnabled Privileges:\r\n\t\t\tSeAssignPrimaryTokenPrivilege\r\n\t\t\tSeIncreaseQuotaPrivilege\r\n\t\t\tSeSecurityPrivilege\r\n\t\t\tSeTakeOwnershipPrivilege\r\n\t\t\tSeLoadDriverPrivilege\r\n\t\t\tSeSystemtimePrivilege\r\n\t\t\tSeBackupPrivilege\r\n\t\t\tSeRestorePrivilege\r\n\t\t\tSeShutdownPrivilege\r\n\t\t\tSeSystemEnvironmentPrivilege\r\n\t\t\tSeUndockPrivilege\r\n\t\t\tSeManageVolumePrivilege\r\n\r\nDisabled Privileges:\r\n\t\t\t-","SubjectUserName":"WORKSTATION6$","SourceModuleName":"eventlog","SubjectUserSid":"S-1-5-18","TargetDomainName":"THESHIRE","TargetUserName":"WORKSTATION6$"}
{"@timestamp":"2020-10-13T04:26:30.138Z","port":61041,"Severity":"INFO","Task":13317,"Channel":"Security","tags":["mordorDataset"],"SourceModuleType":"im_msvistalog","OpcodeValue":0,"EventType":"AUDIT_SUCCESS","ExecutionProcessID":4,"Opcode":"Info","RecordNumber":85480,"ThreadID":4868,"SubjectDomainName":"THESHIRE","SubjectLogonId":"0x3e7","SourceName":"Microsoft-Windows-Security-Auditing","TargetLogonId":"0x3e7","Keywords":-9214364837600034816,"TargetUserSid":"S-1-5-18","EventID":4703,"Category":"Token Right Adjusted Events","ProcessId":"0xa4c","Version":0,"@version":"1","DisabledPrivilegeList":"-","host":"wec.internal.cloudapp.net","Hostname":"WORKSTATION6.theshire.local","ProcessName":"C:\\Windows\\System32\\svchost.exe","EventReceivedTime":"2020-10-13 00:26:30","EnabledPrivilegeList":"SeAssignPrimaryTokenPrivilege\r\n\t\t\tSeIncreaseQuotaPrivilege\r\n\t\t\tSeSecurityPrivilege\r\n\t\t\tSeTakeOwnershipPrivilege\r\n\t\t\tSeLoadDriverPrivilege\r\n\t\t\tSeSystemtimePrivilege\r\n\t\t\tSeBackupPrivilege\r\n\t\t\tSeRestorePrivilege\r\n\t\t\tSeShutdownPrivilege\r\n\t\t\tSeSystemEnvironmentPrivilege\r\n\t\t\tSeUndockPrivilege\r\n\t\t\tSeManageVolumePrivilege","SeverityValue":2,"EventTime":"2020-10-13 00:26:28","ProviderGuid":"{54849625-5478-4994-A5BA-3E3B0328C30D}","Message":"A token right was adjusted.\r\n\r\nSubject:\r\n\tSecurity ID:\t\tS-1-5-18\r\n\tAccount Name:\t\tWORKSTATION6$\r\n\tAccount Domain:\t\tTHESHIRE\r\n\tLogon ID:\t\t0x3E7\r\n\r\nTarget Account:\r\n\tSecurity ID:\t\tS-1-5-18\r\n\tAccount Name:\t\tWORKSTATION6$\r\n\tAccount Domain:\t\tTHESHIRE\r\n\tLogon ID:\t\t0x3E7\r\n\r\nProcess Information:\r\n\tProcess ID:\t\t0xa4c\r\n\tProcess Name:\t\tC:\\Windows\\System32\\svchost.exe\r\n\r\nEnabled Privileges:\r\n\t\t\tSeAssignPrimaryTokenPrivilege\r\n\t\t\tSeIncreaseQuotaPrivilege\r\n\t\t\tSeSecurityPrivilege\r\n\t\t\tSeTakeOwnershipPrivilege\r\n\t\t\tSeLoadDriverPrivilege\r\n\t\t\tSeSystemtimePrivilege\r\n\t\t\tSeBackupPrivilege\r\n\t\t\tSeRestorePrivilege\r\n\t\t\tSeShutdownPrivilege\r\n\t\t\tSeSystemEnvironmentPrivilege\r\n\t\t\tSeUndockPrivilege\r\n\t\t\tSeManageVolumePrivilege\r\n\r\nDisabled Privileges:\r\n\t\t\t-","SubjectUserName":"WORKSTATION6$","SourceModuleName":"eventlog","SubjectUserSid":"S-1-5-18","TargetDomainName":"THESHIRE","TargetUserName":"WORKSTATION6$"}
{"@timestamp":"2020-10-13T04:26:30.139Z","port":61041,"Severity":"INFO","Task":13570,"Channel":"Security","tags":["mordorDataset"],"SourceModuleType":"im_msvistalog","OpcodeValue":0,"EventType":"AUDIT_SUCCESS","ExecutionProcessID":4,"Opcode":"Info","RecordNumber":85481,"ThreadID":4868,"SubjectDomainName":"THESHIRE","SubjectLogonId":"0x3e7","SourceName":"Microsoft-Windows-Security-Auditing","ObjectType":"Token","Keywords":-9214364837600034816,"HandleId":"0x238","EventID":4670,"Category":"Authorization Policy Change","ObjectName":"-","Version":0,"OldSd":"D:(A;;GA;;;SY)(A;;GA;;;NS)","ProcessId":"0xa4c","@version":"1","host":"wec.internal.cloudapp.net","Hostname":"WORKSTATION6.theshire.local","ProcessName":"C:\\Windows\\System32\\svchost.exe","ObjectServer":"Security","EventReceivedTime":"2020-10-13 00:26:30","SeverityValue":2,"EventTime":"2020-10-13 00:26:28","ProviderGuid":"{54849625-5478-4994-A5BA-3E3B0328C30D}","Message":"Permissions on an object were changed.\r\n\r\nSubject:\r\n\tSecurity ID:\t\tS-1-5-18\r\n\tAccount Name:\t\tWORKSTATION6$\r\n\tAccount Domain:\t\tTHESHIRE\r\n\tLogon ID:\t\t0x3E7\r\n\r\nObject:\r\n\tObject Server:\tSecurity\r\n\tObject Type:\tToken\r\n\tObject Name:\t-\r\n\tHandle ID:\t0x238\r\n\r\nProcess:\r\n\tProcess ID:\t0xa4c\r\n\tProcess Name:\tC:\\Windows\\System32\\svchost.exe\r\n\r\nPermissions Change:\r\n\tOriginal Security Descriptor:\tD:(A;;GA;;;SY)(A;;GA;;;NS)\r\n\tNew Security Descriptor:\tD:(A;;GA;;;SY)(A;;RC;;;OW)(A;;GA;;;S-1-5-86-615999462-62705297-2911207457-59056572-3668589837)","SubjectUserName":"WORKSTATION6$","NewSd":"D:(A;;GA;;;SY)(A;;RC;;;OW)(A;;GA;;;S-1-5-86-615999462-62705297-2911207457-59056572-3668589837)","SourceModuleName":"eventlog","SubjectUserSid":"S-1-5-18"}
{"@timestamp":"2020-10-13T04:26:30.140Z","port":61041,"Severity":"INFO","Task":13312,"Channel":"Security","tags":["mordorDataset"],"SourceModuleType":"im_msvistalog","OpcodeValue":0,"EventType":"AUDIT_SUCCESS","ExecutionProcessID":4,"Opcode":"Info","RecordNumber":85482,"ThreadID":5556,"SubjectDomainName":"THESHIRE","SubjectLogonId":"0x3e7","SourceName":"Microsoft-Windows-Security-Auditing","NewProcessId":"0x988","TargetLogonId":"0x3e4","Keywords":-9214364837600034816,"TargetUserSid":"S-1-0-0","EventID":4688,"Category":"Process Creation","NewProcessName":"C:\\Windows\\System32\\wbem\\WmiPrvSE.exe","Version":2,"CommandLine":"C:\\windows\\system32\\wbem\\wmiprvse.exe -secured -Embedding","ParentProcessName":"C:\\Windows\\System32\\svchost.exe","@version":"1","ProcessId":"0x39c","host":"wec.internal.cloudapp.net","Hostname":"WORKSTATION6.theshire.local","EventReceivedTime":"2020-10-13 00:26:30","SeverityValue":2,"EventTime":"2020-10-13 00:26:28","ProviderGuid":"{54849625-5478-4994-A5BA-3E3B0328C30D}","Message":"A new process has been created.\r\n\r\nCreator Subject:\r\n\tSecurity ID:\t\tS-1-5-18\r\n\tAccount Name:\t\tWORKSTATION6$\r\n\tAccount Domain:\t\tTHESHIRE\r\n\tLogon ID:\t\t0x3E7\r\n\r\nTarget Subject:\r\n\tSecurity ID:\t\tS-1-0-0\r\n\tAccount Name:\t\tWORKSTATION6$\r\n\tAccount Domain:\t\tTHESHIRE\r\n\tLogon ID:\t\t0x3E4\r\n\r\nProcess Information:\r\n\tNew Process ID:\t\t0x988\r\n\tNew Process Name:\tC:\\Windows\\System32\\wbem\\WmiPrvSE.exe\r\n\tToken Elevation Type:\t%%1936\r\n\tMandatory Label:\t\tS-1-16-16384\r\n\tCreator Process ID:\t0x39c\r\n\tCreator Process Name:\tC:\\Windows\\System32\\svchost.exe\r\n\tProcess Command Line:\tC:\\windows\\system32\\wbem\\wmiprvse.exe -secured -Embedding\r\n\r\nToken Elevation Type indicates the type of token that was assigned to the new process in accordance with User Account Control policy.\r\n\r\nType 1 is a full token with no privileges removed or groups disabled.  A full token is only used if User Account Control is disabled or if the user is the built-in Administrator account or a service account.\r\n\r\nType 2 is an elevated token with no privileges removed or groups disabled.  An elevated token is used when User Account Control is enabled and the user chooses to start the program using Run as administrator.  An elevated token is also used when an application is configured to always require administrative privilege or to always require maximum privilege, and the user is a member of the Administrators group.\r\n\r\nType 3 is a limited token with administrative privileges removed and administrative groups disabled.  The limited token is used when User Account Control is enabled, the application does not require administrative privilege, and the user does not choose to start the program using Run as administrator.","SubjectUserName":"WORKSTATION6$","TokenElevationType":"%%1936","MandatoryLabel":"S-1-16-16384","SourceModuleName":"eventlog","SubjectUserSid":"S-1-5-18","TargetDomainName":"THESHIRE","TargetUserName":"WORKSTATION6$"}
{"@timestamp":"2020-10-13T04:26:30.140Z","port":61041,"Severity":"ERROR","Task":13056,"Channel":"Security","tags":["mordorDataset"],"SourceModuleType":"im_msvistalog","OpcodeValue":0,"EventType":"AUDIT_FAILURE","ExecutionProcessID":4,"Opcode":"Info","RecordNumber":85483,"ThreadID":5556,"SubjectDomainName":"THESHIRE","SubjectLogonId":"0x3e4","SourceName":"Microsoft-Windows-Security-Auditing","Keywords":-9218868437227405312,"EventID":4673,"Category":"Sensitive Privilege Use","ProcessId":"0x988","Version":0,"@version":"1","host":"wec.internal.cloudapp.net","Hostname":"WORKSTATION6.theshire.local","ProcessName":"C:\\Windows\\System32\\wbem\\WmiPrvSE.exe","ObjectServer":"Security","EventReceivedTime":"2020-10-13 00:26:30","SeverityValue":4,"EventTime":"2020-10-13 00:26:28","ProviderGuid":"{54849625-5478-4994-A5BA-3E3B0328C30D}","Message":"A privileged service was called.\r\n\r\nSubject:\r\n\tSecurity ID:\t\tS-1-5-20\r\n\tAccount Name:\t\tWORKSTATION6$\r\n\tAccount Domain:\t\tTHESHIRE\r\n\tLogon ID:\t\t0x3E4\r\n\r\nService:\r\n\tServer:\tSecurity\r\n\tService Name:\t-\r\n\r\nProcess:\r\n\tProcess ID:\t0x988\r\n\tProcess Name:\tC:\\Windows\\System32\\wbem\\WmiPrvSE.exe\r\n\r\nService Request Information:\r\n\tPrivileges:\t\tSeProfileSingleProcessPrivilege","SubjectUserName":"WORKSTATION6$","Service":"-","PrivilegeList":"SeProfileSingleProcessPrivilege","SourceModuleName":"eventlog","SubjectUserSid":"S-1-5-20"}
{"SourceProcessId":"0x988","@timestamp":"2020-10-13T04:26:30.140Z","port":61041,"Severity":"INFO","Task":12807,"Channel":"Security","tags":["mordorDataset"],"SourceModuleType":"im_msvistalog","OpcodeValue":0,"TargetProcessId":"0x4","EventType":"AUDIT_SUCCESS","ExecutionProcessID":4,"Opcode":"Info","RecordNumber":85484,"ThreadID":5556,"SubjectDomainName":"THESHIRE","SubjectLogonId":"0x3e4","SourceName":"Microsoft-Windows-Security-Auditing","TargetHandleId":"0x1e14","Keywords":-9214364837600034816,"EventID":4690,"Category":"Handle Manipulation","SourceHandleId":"0x98","Version":0,"ProcessId":"0x988","@version":"1","host":"wec.internal.cloudapp.net","Hostname":"WORKSTATION6.theshire.local","EventReceivedTime":"2020-10-13 00:26:30","SeverityValue":2,"EventTime":"2020-10-13 00:26:28","ProviderGuid":"{54849625-5478-4994-A5BA-3E3B0328C30D}","Message":"An attempt was made to duplicate a handle to an object.\r\n\r\nSubject:\r\n\tSecurity ID:\t\tS-1-5-20\r\n\tAccount Name:\t\tWORKSTATION6$\r\n\tAccount Domain:\t\tTHESHIRE\r\n\tLogon ID:\t\t0x3E4\r\n\r\nSource Handle Information:\r\n\tSource Handle ID:\t0x98\r\n\tSource Process ID:\t0x988\r\n\r\nNew Handle Information:\r\n\tTarget Handle ID:\t0x1e14\r\n\tTarget Process ID:\t0x4","SubjectUserName":"WORKSTATION6$","SourceModuleName":"eventlog","SubjectUserSid":"S-1-5-20"}
{"@timestamp":"2020-10-13T04:26:30.141Z","port":61041,"Severity":"INFO","Task":12801,"Channel":"Security","tags":["mordorDataset"],"SourceModuleType":"im_msvistalog","OpcodeValue":0,"EventType":"AUDIT_SUCCESS","ExecutionProcessID":4,"Opcode":"Info","RecordNumber":85485,"ThreadID":5556,"SubjectDomainName":"THESHIRE","SubjectLogonId":"0x3e4","SourceName":"Microsoft-Windows-Security-Auditing","Keywords":-9214364837600034816,"HandleId":"0x1e14","EventID":4658,"Category":"Registry","ProcessId":"0x988","Version":0,"@version":"1","host":"wec.internal.cloudapp.net","Hostname":"WORKSTATION6.theshire.local","ProcessName":"C:\\Windows\\System32\\wbem\\WmiPrvSE.exe","ObjectServer":"Security","EventReceivedTime":"2020-10-13 00:26:30","SeverityValue":2,"EventTime":"2020-10-13 00:26:28","ProviderGuid":"{54849625-5478-4994-A5BA-3E3B0328C30D}","Message":"The handle to an object was closed.\r\n\r\nSubject :\r\n\tSecurity ID:\t\tS-1-5-20\r\n\tAccount Name:\t\tWORKSTATION6$\r\n\tAccount Domain:\t\tTHESHIRE\r\n\tLogon ID:\t\t0x3E4\r\n\r\nObject:\r\n\tObject Server:\t\tSecurity\r\n\tHandle ID:\t\t0x1e14\r\n\r\nProcess Information:\r\n\tProcess ID:\t\t0x988\r\n\tProcess Name:\t\tC:\\Windows\\System32\\wbem\\WmiPrvSE.exe","SubjectUserName":"WORKSTATION6$","SourceModuleName":"eventlog","SubjectUserSid":"S-1-5-20"}
{"@timestamp":"2020-10-13T04:26:30.141Z","AccessReason":"-","Channel":"Security","SubjectDomainName":"THESHIRE","RecordNumber":85486,"ThreadID":5556,"SubjectLogonId":"0x3e4","TransactionId":"{00000000-0000-0000-0000-000000000000}","ObjectName":"\\REGISTRY\\MACHINE\\SYSTEM\\ControlSet001\\Control\\Lsa","ProcessId":"0x988","Version":1,"Hostname":"WORKSTATION6.theshire.local","EventReceivedTime":"2020-10-13 00:26:30","ProviderGuid":"{54849625-5478-4994-A5BA-3E3B0328C30D}","SubjectUserName":"WORKSTATION6$","RestrictedSidCount":"0","port":61041,"Severity":"INFO","ResourceAttributes":"-","Task":12801,"tags":["mordorDataset"],"SourceModuleType":"im_msvistalog","OpcodeValue":0,"EventType":"AUDIT_SUCCESS","ExecutionProcessID":4,"Opcode":"Info","ObjectType":"Key","SourceName":"Microsoft-Windows-Security-Auditing","Keywords":-9214364837600034816,"AccessList":"%%4432\r\n\t\t\t\t","HandleId":"0x98","EventID":4656,"Category":"Registry","@version":"1","host":"wec.internal.cloudapp.net","AccessMask":"0x1","ObjectServer":"Security","ProcessName":"C:\\Windows\\System32\\wbem\\WmiPrvSE.exe","SeverityValue":2,"EventTime":"2020-10-13 00:26:28","Message":"A handle to an object was requested.\r\n\r\nSubject:\r\n\tSecurity ID:\t\tS-1-5-20\r\n\tAccount Name:\t\tWORKSTATION6$\r\n\tAccount Domain:\t\tTHESHIRE\r\n\tLogon ID:\t\t0x3E4\r\n\r\nObject:\r\n\tObject Server:\t\tSecurity\r\n\tObject Type:\t\tKey\r\n\tObject Name:\t\t\\REGISTRY\\MACHINE\\SYSTEM\\ControlSet001\\Control\\Lsa\r\n\tHandle ID:\t\t0x98\r\n\tResource Attributes:\t-\r\n\r\nProcess Information:\r\n\tProcess ID:\t\t0x988\r\n\tProcess Name:\t\tC:\\Windows\\System32\\wbem\\WmiPrvSE.exe\r\n\r\nAccess Request Information:\r\n\tTransaction ID:\t\t{00000000-0000-0000-0000-000000000000}\r\n\tAccesses:\t\tQuery key value\r\n\t\t\t\t\r\n\tAccess Reasons:\t\t-\r\n\tAccess Mask:\t\t0x1\r\n\tPrivileges Used for Access Check:\t-\r\n\tRestricted SID Count:\t0","PrivilegeList":"-","SourceModuleName":"eventlog","SubjectUserSid":"S-1-5-20"}
{"@timestamp":"2020-10-13T04:26:30.141Z","port":61041,"Severity":"INFO","Task":12801,"Channel":"Security","ResourceAttributes":"-","SourceModuleType":"im_msvistalog","tags":["mordorDataset"],"OpcodeValue":0,"EventType":"AUDIT_SUCCESS","ExecutionProcessID":4,"Opcode":"Info","RecordNumber":85487,"ThreadID":5556,"SubjectDomainName":"THESHIRE","SubjectLogonId":"0x3e4","SourceName":"Microsoft-Windows-Security-Auditing","ObjectType":"Key","Keywords":-9214364837600034816,"AccessList":"%%4432\r\n\t\t\t\t","HandleId":"0x98","EventID":4663,"Category":"Registry","ObjectName":"\\REGISTRY\\MACHINE\\SYSTEM\\ControlSet001\\Control\\Lsa","Version":1,"ProcessId":"0x988","@version":"1","host":"wec.internal.cloudapp.net","Hostname":"WORKSTATION6.theshire.local","AccessMask":"0x1","ObjectServer":"Security","ProcessName":"C:\\Windows\\System32\\wbem\\WmiPrvSE.exe","EventReceivedTime":"2020-10-13 00:26:30","SeverityValue":2,"EventTime":"2020-10-13 00:26:28","ProviderGuid":"{54849625-5478-4994-A5BA-3E3B0328C30D}","Message":"An attempt was made to access an object.\r\n\r\nSubject:\r\n\tSecurity ID:\t\tS-1-5-20\r\n\tAccount Name:\t\tWORKSTATION6$\r\n\tAccount Domain:\t\tTHESHIRE\r\n\tLogon ID:\t\t0x3E4\r\n\r\nObject:\r\n\tObject Server:\t\tSecurity\r\n\tObject Type:\t\tKey\r\n\tObject Name:\t\t\\REGISTRY\\MACHINE\\SYSTEM\\ControlSet001\\Control\\Lsa\r\n\tHandle ID:\t\t0x98\r\n\tResource Attributes:\t-\r\n\r\nProcess Information:\r\n\tProcess ID:\t\t0x988\r\n\tProcess Name:\t\tC:\\Windows\\System32\\wbem\\WmiPrvSE.exe\r\n\r\nAccess Request Information:\r\n\tAccesses:\t\tQuery key value\r\n\t\t\t\t\r\n\tAccess Mask:\t\t0x1","SubjectUserName":"WORKSTATION6$","SourceModuleName":"eventlog","SubjectUserSid":"S-1-5-20"}
{"@timestamp":"2020-10-13T04:26:30.142Z","port":61041,"Severity":"INFO","Task":12801,"Channel":"Security","tags":["mordorDataset"],"SourceModuleType":"im_msvistalog","OpcodeValue":0,"EventType":"AUDIT_SUCCESS","ExecutionProcessID":4,"Opcode":"Info","RecordNumber":85488,"ThreadID":5556,"SubjectDomainName":"THESHIRE","SubjectLogonId":"0x3e4","SourceName":"Microsoft-Windows-Security-Auditing","Keywords":-9214364837600034816,"HandleId":"0x98","EventID":4658,"Category":"Registry","ProcessId":"0x988","Version":0,"@version":"1","host":"wec.internal.cloudapp.net","Hostname":"WORKSTATION6.theshire.local","ProcessName":"C:\\Windows\\System32\\wbem\\WmiPrvSE.exe","ObjectServer":"Security","EventReceivedTime":"2020-10-13 00:26:30","SeverityValue":2,"EventTime":"2020-10-13 00:26:28","ProviderGuid":"{54849625-5478-4994-A5BA-3E3B0328C30D}","Message":"The handle to an object was closed.\r\n\r\nSubject :\r\n\tSecurity ID:\t\tS-1-5-20\r\n\tAccount Name:\t\tWORKSTATION6$\r\n\tAccount Domain:\t\tTHESHIRE\r\n\tLogon ID:\t\t0x3E4\r\n\r\nObject:\r\n\tObject Server:\t\tSecurity\r\n\tHandle ID:\t\t0x98\r\n\r\nProcess Information:\r\n\tProcess ID:\t\t0x988\r\n\tProcess Name:\t\tC:\\Windows\\System32\\wbem\\WmiPrvSE.exe","SubjectUserName":"WORKSTATION6$","SourceModuleName":"eventlog","SubjectUserSid":"S-1-5-20"}
