{"Keywords":-9223372036854775808,"SeverityValue":2,"TargetObject":"HKU\\.DEFAULT\\Software\\Microsoft","EventTypeOrignal":"INFO","EventID":12,"ProviderGuid":"{5770385F-C22A-43E0-BF4C-06F5698FFBD9}","ExecutionProcessID":3336,"host":"wec.internal.cloudapp.net","Channel":"Microsoft-Windows-Sysmon/Operational","UserID":"S-1-5-18","AccountType":"User","ThreadID":4296,"ProcessGuid":"{d273d0f0-8758-5f63-7301-000000000400}","EventReceivedTime":"2020-09-17 17:32:45","ProcessId":"2840","Opcode":"Info","EventTime":"2020-09-17 17:32:42","Message":"Registry object added or deleted:\r\nRuleName: -\r\nEventType: CreateKey\r\nUtcTime: 2020-09-17 21:32:42.842\r\nProcessGuid: {d273d0f0-8758-5f63-7301-000000000400}\r\nProcessId: 2840\r\nImage: C:\\Program Files\\Common Files\\Microsoft Shared\\ClickToRun\\OfficeClickToRun.exe\r\nTargetObject: HKU\\.DEFAULT\\Software\\Microsoft","EventType":"CreateKey","@timestamp":"2020-09-17T21:32:45.560Z","SourceModuleType":"im_msvistalog","port":64545,"AccountName":"SYSTEM","RecordNumber":628237,"Task":12,"Domain":"NT AUTHORITY","@version":"1","OpcodeValue":0,"SourceModuleName":"eventlog","Severity":"INFO","SourceName":"Microsoft-Windows-Sysmon","Version":2,"Image":"C:\\Program Files\\Common Files\\Microsoft Shared\\ClickToRun\\OfficeClickToRun.exe","Category":"Registry object added or deleted (rule: RegistryEvent)","UtcTime":"2020-09-17 21:32:42.842","Hostname":"WORKSTATION6.theshire.local","RuleName":"-","tags":["mordorDataset"]}
{"Keywords":-9223372036854775808,"SeverityValue":2,"TargetObject":"HKU\\.DEFAULT\\Software\\Microsoft\\Office","EventTypeOrignal":"INFO","EventID":12,"ProviderGuid":"{5770385F-C22A-43E0-BF4C-06F5698FFBD9}","ExecutionProcessID":3336,"host":"wec.internal.cloudapp.net","Channel":"Microsoft-Windows-Sysmon/Operational","UserID":"S-1-5-18","AccountType":"User","ThreadID":4296,"ProcessGuid":"{d273d0f0-8758-5f63-7301-000000000400}","EventReceivedTime":"2020-09-17 17:32:45","ProcessId":"2840","Opcode":"Info","EventTime":"2020-09-17 17:32:42","Message":"Registry object added or deleted:\r\nRuleName: -\r\nEventType: CreateKey\r\nUtcTime: 2020-09-17 21:32:42.842\r\nProcessGuid: {d273d0f0-8758-5f63-7301-000000000400}\r\nProcessId: 2840\r\nImage: C:\\Program Files\\Common Files\\Microsoft Shared\\ClickToRun\\OfficeClickToRun.exe\r\nTargetObject: HKU\\.DEFAULT\\Software\\Microsoft\\Office","EventType":"CreateKey","@timestamp":"2020-09-17T21:32:45.561Z","SourceModuleType":"im_msvistalog","port":64545,"AccountName":"SYSTEM","RecordNumber":628238,"Task":12,"Domain":"NT AUTHORITY","@version":"1","OpcodeValue":0,"SourceModuleName":"eventlog","Severity":"INFO","SourceName":"Microsoft-Windows-Sysmon","Version":2,"Image":"C:\\Program Files\\Common Files\\Microsoft Shared\\ClickToRun\\OfficeClickToRun.exe","Category":"Registry object added or deleted (rule: RegistryEvent)","UtcTime":"2020-09-17 21:32:42.842","Hostname":"WORKSTATION6.theshire.local","RuleName":"-","tags":["mordorDataset"]}
{"Keywords":-9223372036854775808,"SeverityValue":2,"TargetObject":"HKU\\.DEFAULT\\Software\\Microsoft\\Office\\16.0","EventTypeOrignal":"INFO","EventID":12,"ProviderGuid":"{5770385F-C22A-43E0-BF4C-06F5698FFBD9}","ExecutionProcessID":3336,"host":"wec.internal.cloudapp.net","Channel":"Microsoft-Windows-Sysmon/Operational","UserID":"S-1-5-18","AccountType":"User","ThreadID":4296,"ProcessGuid":"{d273d0f0-8758-5f63-7301-000000000400}","EventReceivedTime":"2020-09-17 17:32:45","ProcessId":"2840","Opcode":"Info","EventTime":"2020-09-17 17:32:42","Message":"Registry object added or deleted:\r\nRuleName: -\r\nEventType: CreateKey\r\nUtcTime: 2020-09-17 21:32:42.842\r\nProcessGuid: {d273d0f0-8758-5f63-7301-000000000400}\r\nProcessId: 2840\r\nImage: C:\\Program Files\\Common Files\\Microsoft Shared\\ClickToRun\\OfficeClickToRun.exe\r\nTargetObject: HKU\\.DEFAULT\\Software\\Microsoft\\Office\\16.0","EventType":"CreateKey","@timestamp":"2020-09-17T21:32:45.561Z","SourceModuleType":"im_msvistalog","port":64545,"AccountName":"SYSTEM","RecordNumber":628239,"Task":12,"Domain":"NT AUTHORITY","@version":"1","OpcodeValue":0,"SourceModuleName":"eventlog","Severity":"INFO","SourceName":"Microsoft-Windows-Sysmon","Version":2,"Image":"C:\\Program Files\\Common Files\\Microsoft Shared\\ClickToRun\\OfficeClickToRun.exe","Category":"Registry object added or deleted (rule: RegistryEvent)","UtcTime":"2020-09-17 21:32:42.842","Hostname":"WORKSTATION6.theshire.local","RuleName":"-","tags":["mordorDataset"]}
{"Keywords":-9223372036854775808,"SeverityValue":2,"TargetObject":"HKU\\.DEFAULT\\Software\\Microsoft\\Office\\16.0\\Common","EventTypeOrignal":"INFO","EventID":12,"ProviderGuid":"{5770385F-C22A-43E0-BF4C-06F5698FFBD9}","ExecutionProcessID":3336,"host":"wec.internal.cloudapp.net","Channel":"Microsoft-Windows-Sysmon/Operational","UserID":"S-1-5-18","AccountType":"User","ThreadID":4296,"ProcessGuid":"{d273d0f0-8758-5f63-7301-000000000400}","EventReceivedTime":"2020-09-17 17:32:45","ProcessId":"2840","Opcode":"Info","EventTime":"2020-09-17 17:32:42","Message":"Registry object added or deleted:\r\nRuleName: -\r\nEventType: CreateKey\r\nUtcTime: 2020-09-17 21:32:42.842\r\nProcessGuid: {d273d0f0-8758-5f63-7301-000000000400}\r\nProcessId: 2840\r\nImage: C:\\Program Files\\Common Files\\Microsoft Shared\\ClickToRun\\OfficeClickToRun.exe\r\nTargetObject: HKU\\.DEFAULT\\Software\\Microsoft\\Office\\16.0\\Common","EventType":"CreateKey","@timestamp":"2020-09-17T21:32:45.561Z","SourceModuleType":"im_msvistalog","port":64545,"AccountName":"SYSTEM","RecordNumber":628240,"Task":12,"Domain":"NT AUTHORITY","@version":"1","OpcodeValue":0,"SourceModuleName":"eventlog","Severity":"INFO","SourceName":"Microsoft-Windows-Sysmon","Version":2,"Image":"C:\\Program Files\\Common Files\\Microsoft Shared\\ClickToRun\\OfficeClickToRun.exe","Category":"Registry object added or deleted (rule: RegistryEvent)","UtcTime":"2020-09-17 21:32:42.842","Hostname":"WORKSTATION6.theshire.local","RuleName":"-","tags":["mordorDataset"]}
{"Keywords":-9223372036854775808,"SeverityValue":2,"TargetObject":"HKU\\.DEFAULT\\Software\\Microsoft\\Office\\16.0\\Common\\ClientTelemetry","EventTypeOrignal":"INFO","EventID":12,"ProviderGuid":"{5770385F-C22A-43E0-BF4C-06F5698FFBD9}","ExecutionProcessID":3336,"host":"wec.internal.cloudapp.net","Channel":"Microsoft-Windows-Sysmon/Operational","UserID":"S-1-5-18","AccountType":"User","ThreadID":4296,"ProcessGuid":"{d273d0f0-8758-5f63-7301-000000000400}","EventReceivedTime":"2020-09-17 17:32:45","ProcessId":"2840","Opcode":"Info","EventTime":"2020-09-17 17:32:42","Message":"Registry object added or deleted:\r\nRuleName: -\r\nEventType: CreateKey\r\nUtcTime: 2020-09-17 21:32:42.842\r\nProcessGuid: {d273d0f0-8758-5f63-7301-000000000400}\r\nProcessId: 2840\r\nImage: C:\\Program Files\\Common Files\\Microsoft Shared\\ClickToRun\\OfficeClickToRun.exe\r\nTargetObject: HKU\\.DEFAULT\\Software\\Microsoft\\Office\\16.0\\Common\\ClientTelemetry","EventType":"CreateKey","@timestamp":"2020-09-17T21:32:45.561Z","SourceModuleType":"im_msvistalog","port":64545,"AccountName":"SYSTEM","RecordNumber":628241,"Task":12,"Domain":"NT AUTHORITY","@version":"1","OpcodeValue":0,"SourceModuleName":"eventlog","Severity":"INFO","SourceName":"Microsoft-Windows-Sysmon","Version":2,"Image":"C:\\Program Files\\Common Files\\Microsoft Shared\\ClickToRun\\OfficeClickToRun.exe","Category":"Registry object added or deleted (rule: RegistryEvent)","UtcTime":"2020-09-17 21:32:42.842","Hostname":"WORKSTATION6.theshire.local","RuleName":"-","tags":["mordorDataset"]}
{"Keywords":-9223372036854775808,"SeverityValue":2,"TargetObject":"HKU\\.DEFAULT\\Software\\Microsoft\\Office\\16.0\\Common\\ClientTelemetry\\RulesMetadata","EventTypeOrignal":"INFO","EventID":12,"ProviderGuid":"{5770385F-C22A-43E0-BF4C-06F5698FFBD9}","ExecutionProcessID":3336,"host":"wec.internal.cloudapp.net","Channel":"Microsoft-Windows-Sysmon/Operational","UserID":"S-1-5-18","AccountType":"User","ThreadID":4296,"ProcessGuid":"{d273d0f0-8758-5f63-7301-000000000400}","EventReceivedTime":"2020-09-17 17:32:45","ProcessId":"2840","Opcode":"Info","EventTime":"2020-09-17 17:32:42","Message":"Registry object added or deleted:\r\nRuleName: -\r\nEventType: CreateKey\r\nUtcTime: 2020-09-17 21:32:42.842\r\nProcessGuid: {d273d0f0-8758-5f63-7301-000000000400}\r\nProcessId: 2840\r\nImage: C:\\Program Files\\Common Files\\Microsoft Shared\\ClickToRun\\OfficeClickToRun.exe\r\nTargetObject: HKU\\.DEFAULT\\Software\\Microsoft\\Office\\16.0\\Common\\ClientTelemetry\\RulesMetadata","EventType":"CreateKey","@timestamp":"2020-09-17T21:32:45.562Z","SourceModuleType":"im_msvistalog","port":64545,"AccountName":"SYSTEM","RecordNumber":628242,"Task":12,"Domain":"NT AUTHORITY","@version":"1","OpcodeValue":0,"SourceModuleName":"eventlog","Severity":"INFO","SourceName":"Microsoft-Windows-Sysmon","Version":2,"Image":"C:\\Program Files\\Common Files\\Microsoft Shared\\ClickToRun\\OfficeClickToRun.exe","Category":"Registry object added or deleted (rule: RegistryEvent)","UtcTime":"2020-09-17 21:32:42.842","Hostname":"WORKSTATION6.theshire.local","RuleName":"-","tags":["mordorDataset"]}
{"Keywords":-9223372036854775808,"SeverityValue":2,"TargetObject":"HKU\\.DEFAULT\\Software\\Microsoft\\Office\\16.0\\Common\\ClientTelemetry\\RulesMetadata\\officeclicktorun.exe","EventTypeOrignal":"INFO","EventID":12,"ProviderGuid":"{5770385F-C22A-43E0-BF4C-06F5698FFBD9}","ExecutionProcessID":3336,"host":"wec.internal.cloudapp.net","Channel":"Microsoft-Windows-Sysmon/Operational","UserID":"S-1-5-18","AccountType":"User","ThreadID":4296,"ProcessGuid":"{d273d0f0-8758-5f63-7301-000000000400}","EventReceivedTime":"2020-09-17 17:32:45","ProcessId":"2840","Opcode":"Info","EventTime":"2020-09-17 17:32:42","Message":"Registry object added or deleted:\r\nRuleName: -\r\nEventType: CreateKey\r\nUtcTime: 2020-09-17 21:32:42.842\r\nProcessGuid: {d273d0f0-8758-5f63-7301-000000000400}\r\nProcessId: 2840\r\nImage: C:\\Program Files\\Common Files\\Microsoft Shared\\ClickToRun\\OfficeClickToRun.exe\r\nTargetObject: HKU\\.DEFAULT\\Software\\Microsoft\\Office\\16.0\\Common\\ClientTelemetry\\RulesMetadata\\officeclicktorun.exe","EventType":"CreateKey","@timestamp":"2020-09-17T21:32:45.562Z","SourceModuleType":"im_msvistalog","port":64545,"AccountName":"SYSTEM","RecordNumber":628243,"Task":12,"Domain":"NT AUTHORITY","@version":"1","OpcodeValue":0,"SourceModuleName":"eventlog","Severity":"INFO","SourceName":"Microsoft-Windows-Sysmon","Version":2,"Image":"C:\\Program Files\\Common Files\\Microsoft Shared\\ClickToRun\\OfficeClickToRun.exe","Category":"Registry object added or deleted (rule: RegistryEvent)","UtcTime":"2020-09-17 21:32:42.842","Hostname":"WORKSTATION6.theshire.local","RuleName":"-","tags":["mordorDataset"]}
{"Keywords":-9223372036854775808,"SeverityValue":2,"TargetObject":"HKU\\.DEFAULT\\Software\\Microsoft\\Office\\16.0\\Common\\ClientTelemetry\\RulesMetadata\\officeclicktorun.exe\\ULSMonitor","EventTypeOrignal":"INFO","EventID":12,"ProviderGuid":"{5770385F-C22A-43E0-BF4C-06F5698FFBD9}","ExecutionProcessID":3336,"host":"wec.internal.cloudapp.net","Channel":"Microsoft-Windows-Sysmon/Operational","UserID":"S-1-5-18","AccountType":"User","ThreadID":4296,"ProcessGuid":"{d273d0f0-8758-5f63-7301-000000000400}","EventReceivedTime":"2020-09-17 17:32:45","ProcessId":"2840","Opcode":"Info","EventTime":"2020-09-17 17:32:42","Message":"Registry object added or deleted:\r\nRuleName: -\r\nEventType: CreateKey\r\nUtcTime: 2020-09-17 21:32:42.842\r\nProcessGuid: {d273d0f0-8758-5f63-7301-000000000400}\r\nProcessId: 2840\r\nImage: C:\\Program Files\\Common Files\\Microsoft Shared\\ClickToRun\\OfficeClickToRun.exe\r\nTargetObject: HKU\\.DEFAULT\\Software\\Microsoft\\Office\\16.0\\Common\\ClientTelemetry\\RulesMetadata\\officeclicktorun.exe\\ULSMonitor","EventType":"CreateKey","@timestamp":"2020-09-17T21:32:45.563Z","SourceModuleType":"im_msvistalog","port":64545,"AccountName":"SYSTEM","RecordNumber":628244,"Task":12,"Domain":"NT AUTHORITY","@version":"1","OpcodeValue":0,"SourceModuleName":"eventlog","Severity":"INFO","SourceName":"Microsoft-Windows-Sysmon","Version":2,"Image":"C:\\Program Files\\Common Files\\Microsoft Shared\\ClickToRun\\OfficeClickToRun.exe","Category":"Registry object added or deleted (rule: RegistryEvent)","UtcTime":"2020-09-17 21:32:42.842","Hostname":"WORKSTATION6.theshire.local","RuleName":"-","tags":["mordorDataset"]}
{"Keywords":-9223372036854775808,"SeverityValue":2,"TargetObject":"HKU\\.DEFAULT\\Software\\Microsoft\\Office\\16.0\\Common\\ClientTelemetry\\RulesMetadata\\officeclicktorun.exe\\ULSMonitor\\ULSTagIds0","EventTypeOrignal":"INFO","EventID":13,"ProviderGuid":"{5770385F-C22A-43E0-BF4C-06F5698FFBD9}","ExecutionProcessID":3336,"host":"wec.internal.cloudapp.net","Channel":"Microsoft-Windows-Sysmon/Operational","UserID":"S-1-5-18","AccountType":"User","ThreadID":4296,"ProcessGuid":"{d273d0f0-8758-5f63-7301-000000000400}","Details":"5804129,17110992,7202269,17110988,7153487,39965824,17962391,17962392,3462423,3702920,3700754,3965062,4297094,7153421,18716193,7153435,7202265,20502174,6308191,18407617","EventReceivedTime":"2020-09-17 17:32:45","Opcode":"Info","EventTime":"2020-09-17 17:32:42","Message":"Registry value set:\r\nRuleName: -\r\nEventType: SetValue\r\nUtcTime: 2020-09-17 21:32:42.842\r\nProcessGuid: {d273d0f0-8758-5f63-7301-000000000400}\r\nProcessId: 2840\r\nImage: C:\\Program Files\\Common Files\\Microsoft Shared\\ClickToRun\\OfficeClickToRun.exe\r\nTargetObject: HKU\\.DEFAULT\\Software\\Microsoft\\Office\\16.0\\Common\\ClientTelemetry\\RulesMetadata\\officeclicktorun.exe\\ULSMonitor\\ULSTagIds0\r\nDetails: 5804129,17110992,7202269,17110988,7153487,39965824,17962391,17962392,3462423,3702920,3700754,3965062,4297094,7153421,18716193,7153435,7202265,20502174,6308191,18407617","ProcessId":"2840","EventType":"SetValue","@timestamp":"2020-09-17T21:32:45.563Z","SourceModuleType":"im_msvistalog","port":64545,"AccountName":"SYSTEM","RecordNumber":628245,"Task":13,"Domain":"NT AUTHORITY","@version":"1","OpcodeValue":0,"SourceModuleName":"eventlog","Severity":"INFO","SourceName":"Microsoft-Windows-Sysmon","Version":2,"Image":"C:\\Program Files\\Common Files\\Microsoft Shared\\ClickToRun\\OfficeClickToRun.exe","Category":"Registry value set (rule: RegistryEvent)","UtcTime":"2020-09-17 21:32:42.842","Hostname":"WORKSTATION6.theshire.local","RuleName":"-","tags":["mordorDataset"]}
{"Keywords":-9223372036854775808,"SeverityValue":2,"TargetObject":"HKU\\.DEFAULT\\Software\\Microsoft\\Office\\16.0\\Common\\ClientTelemetry\\RulesMetadata\\officeclicktorun.exe\\ULSMonitor\\ULSCategoriesSeverities","EventTypeOrignal":"INFO","EventID":13,"ProviderGuid":"{5770385F-C22A-43E0-BF4C-06F5698FFBD9}","ExecutionProcessID":3336,"host":"wec.internal.cloudapp.net","Channel":"Microsoft-Windows-Sysmon/Operational","UserID":"S-1-5-18","AccountType":"User","ThreadID":4296,"ProcessGuid":"{d273d0f0-8758-5f63-7301-000000000400}","Details":"1329 50,1329 10,941 10,1329 15,941 15,1329 100,941 6,1329 6","EventReceivedTime":"2020-09-17 17:32:45","Opcode":"Info","EventTime":"2020-09-17 17:32:42","Message":"Registry value set:\r\nRuleName: -\r\nEventType: SetValue\r\nUtcTime: 2020-09-17 21:32:42.842\r\nProcessGuid: {d273d0f0-8758-5f63-7301-000000000400}\r\nProcessId: 2840\r\nImage: C:\\Program Files\\Common Files\\Microsoft Shared\\ClickToRun\\OfficeClickToRun.exe\r\nTargetObject: HKU\\.DEFAULT\\Software\\Microsoft\\Office\\16.0\\Common\\ClientTelemetry\\RulesMetadata\\officeclicktorun.exe\\ULSMonitor\\ULSCategoriesSeverities\r\nDetails: 1329 50,1329 10,941 10,1329 15,941 15,1329 100,941 6,1329 6","ProcessId":"2840","EventType":"SetValue","@timestamp":"2020-09-17T21:32:45.564Z","SourceModuleType":"im_msvistalog","port":64545,"AccountName":"SYSTEM","RecordNumber":628246,"Task":13,"Domain":"NT AUTHORITY","@version":"1","OpcodeValue":0,"SourceModuleName":"eventlog","Severity":"INFO","SourceName":"Microsoft-Windows-Sysmon","Version":2,"Image":"C:\\Program Files\\Common Files\\Microsoft Shared\\ClickToRun\\OfficeClickToRun.exe","Category":"Registry value set (rule: RegistryEvent)","UtcTime":"2020-09-17 21:32:42.842","Hostname":"WORKSTATION6.theshire.local","RuleName":"-","tags":["mordorDataset"]}
{"Keywords":-9214364837600034816,"SeverityValue":2,"Application":"\\device\\harddiskvolume2\\windowsazure\\guestagent_2.7.41491.993_2020-09-17_150914\\guestagent\\windowsazureguestagent.exe","EventID":5158,"ProviderGuid":"{54849625-5478-4994-A5BA-3E3B0328C30D}","ExecutionProcessID":4,"Channel":"Security","host":"wec.internal.cloudapp.net","EventReceivedTime":"2020-09-17 17:32:45","ProcessId":"3192","ThreadID":6644,"EventType":"AUDIT_SUCCESS","Opcode":"Info","EventTime":"2020-09-17 17:32:43","Message":"The Windows Filtering Platform has permitted a bind to a local port.\r\n\r\nApplication Information:\r\n\tProcess ID:\t\t3192\r\n\tApplication Name:\t\\device\\harddiskvolume2\\windowsazure\\guestagent_2.7.41491.993_2020-09-17_150914\\guestagent\\windowsazureguestagent.exe\r\n\r\nNetwork Information:\r\n\tSource Address:\t\t0.0.0.0\r\n\tSource Port:\t\t61410\r\n\tProtocol:\t\t6\r\n\r\nFilter Information:\r\n\tFilter Run-Time ID:\t0\r\n\tLayer Name:\t\tResource Assignment\r\n\tLayer Run-Time ID:\t36","FilterRTID":"0","@timestamp":"2020-09-17T21:32:45.564Z","LayerRTID":"36","SourceModuleType":"im_msvistalog","port":64545,"RecordNumber":166136,"Task":12810,"Protocol":"6","@version":"1","OpcodeValue":0,"SourcePort":"61410","SourceModuleName":"eventlog","Severity":"INFO","SourceName":"Microsoft-Windows-Security-Auditing","Version":0,"LayerName":"%%14608","Category":"Filtering Platform Connection","SourceAddress":"0.0.0.0","tags":["mordorDataset"],"Hostname":"WORKSTATION5.theshire.local"}
{"Keywords":-9214364837600034816,"SeverityValue":2,"Application":"\\device\\harddiskvolume2\\windowsazure\\guestagent_2.7.41491.993_2020-09-17_150914\\guestagent\\windowsazureguestagent.exe","EventID":5156,"ProviderGuid":"{54849625-5478-4994-A5BA-3E3B0328C30D}","ExecutionProcessID":4,"Channel":"Security","host":"wec.internal.cloudapp.net","EventReceivedTime":"2020-09-17 17:32:45","ProcessId":"3192","ThreadID":6644,"EventType":"AUDIT_SUCCESS","Opcode":"Info","EventTime":"2020-09-17 17:32:43","Message":"The Windows Filtering Platform has permitted a connection.\r\n\r\nApplication Information:\r\n\tProcess ID:\t\t3192\r\n\tApplication Name:\t\\device\\harddiskvolume2\\windowsazure\\guestagent_2.7.41491.993_2020-09-17_150914\\guestagent\\windowsazureguestagent.exe\r\n\r\nNetwork Information:\r\n\tDirection:\t\tOutbound\r\n\tSource Address:\t\t172.18.39.5\r\n\tSource Port:\t\t61410\r\n\tDestination Address:\t168.63.129.16\r\n\tDestination Port:\t\t80\r\n\tProtocol:\t\t6\r\n\r\nFilter Information:\r\n\tFilter Run-Time ID:\t71992\r\n\tLayer Name:\t\tConnect\r\n\tLayer Run-Time ID:\t48","FilterRTID":"71992","RemoteUserID":"S-1-0-0","@timestamp":"2020-09-17T21:32:45.564Z","LayerRTID":"48","SourceModuleType":"im_msvistalog","port":64545,"RecordNumber":166137,"Task":12810,"Direction":"%%14593","@version":"1","OpcodeValue":0,"SourcePort":"61410","DestPort":"80","Protocol":"6","SourceModuleName":"eventlog","Severity":"INFO","DestAddress":"168.63.129.16","SourceName":"Microsoft-Windows-Security-Auditing","Version":1,"LayerName":"%%14611","RemoteMachineID":"S-1-0-0","Category":"Filtering Platform Connection","SourceAddress":"172.18.39.5","tags":["mordorDataset"],"Hostname":"WORKSTATION5.theshire.local"}
{"DestinationHostname":"-","tags":["mordorDataset"],"SeverityValue":2,"EventReceivedTime":"2020-09-17 17:32:46","EventID":3,"ProviderGuid":"{5770385F-C22A-43E0-BF4C-06F5698FFBD9}","ExecutionProcessID":3628,"Channel":"Microsoft-Windows-Sysmon/Operational","host":"wec.internal.cloudapp.net","AccountType":"User","ProcessGuid":"{b3ab91eb-7d79-5f63-4800-000000000300}","ProcessId":"3264","Opcode":"Info","EventTime":"2020-09-17 17:32:43","SourceModuleType":"im_msvistalog","AccountName":"SYSTEM","Domain":"NT AUTHORITY","Protocol":"tcp","@version":"1","OpcodeValue":0,"SourcePort":"56394","DestinationPort":"389","Severity":"INFO","User":"NT AUTHORITY\\SYSTEM","SourceName":"Microsoft-Windows-Sysmon","Category":"Network connection detected (rule: NetworkConnect)","SourceHostname":"-","DestinationIp":"0:0:0:0:0:0:0:1","SourceIp":"0:0:0:0:0:0:0:1","Keywords":-9223372036854775808,"UserID":"S-1-5-18","ThreadID":3088,"DestinationIsIpv6":"true","EventType":"INFO","Message":"Network connection detected:\r\nRuleName: -\r\nUtcTime: 2020-09-17 21:32:42.442\r\nProcessGuid: {b3ab91eb-7d79-5f63-4800-000000000300}\r\nProcessId: 3264\r\nImage: C:\\Windows\\ADWS\\Microsoft.ActiveDirectory.WebServices.exe\r\nUser: NT AUTHORITY\\SYSTEM\r\nProtocol: tcp\r\nInitiated: true\r\nSourceIsIpv6: true\r\nSourceIp: 0:0:0:0:0:0:0:1\r\nSourceHostname: -\r\nSourcePort: 56394\r\nSourcePortName: -\r\nDestinationIsIpv6: true\r\nDestinationIp: 0:0:0:0:0:0:0:1\r\nDestinationHostname: -\r\nDestinationPort: 389\r\nDestinationPortName: -","@timestamp":"2020-09-17T21:32:46.566Z","port":64545,"RecordNumber":317665,"Task":3,"SourceModuleName":"eventlog","Initiated":"true","Version":5,"Image":"C:\\Windows\\ADWS\\Microsoft.ActiveDirectory.WebServices.exe","SourceIsIpv6":"true","DestinationPortName":"-","UtcTime":"2020-09-17 21:32:42.442","Hostname":"MORDORDC.theshire.local","RuleName":"-","SourcePortName":"-"}
{"DestinationHostname":"-","tags":["mordorDataset"],"SeverityValue":2,"EventReceivedTime":"2020-09-17 17:32:46","EventID":3,"ProviderGuid":"{5770385F-C22A-43E0-BF4C-06F5698FFBD9}","ExecutionProcessID":3628,"Channel":"Microsoft-Windows-Sysmon/Operational","host":"wec.internal.cloudapp.net","AccountType":"User","ProcessGuid":"{b3ab91eb-7d63-5f63-0c00-000000000300}","ProcessId":"696","Opcode":"Info","EventTime":"2020-09-17 17:32:43","SourceModuleType":"im_msvistalog","AccountName":"SYSTEM","Domain":"NT AUTHORITY","Protocol":"tcp","@version":"1","OpcodeValue":0,"SourcePort":"56394","DestinationPort":"389","Severity":"INFO","User":"NT AUTHORITY\\SYSTEM","SourceName":"Microsoft-Windows-Sysmon","Category":"Network connection detected (rule: NetworkConnect)","SourceHostname":"-","DestinationIp":"0:0:0:0:0:0:0:1","SourceIp":"0:0:0:0:0:0:0:1","Keywords":-9223372036854775808,"UserID":"S-1-5-18","ThreadID":3088,"DestinationIsIpv6":"true","EventType":"INFO","Message":"Network connection detected:\r\nRuleName: -\r\nUtcTime: 2020-09-17 21:32:42.442\r\nProcessGuid: {b3ab91eb-7d63-5f63-0c00-000000000300}\r\nProcessId: 696\r\nImage: C:\\Windows\\System32\\lsass.exe\r\nUser: NT AUTHORITY\\SYSTEM\r\nProtocol: tcp\r\nInitiated: false\r\nSourceIsIpv6: true\r\nSourceIp: 0:0:0:0:0:0:0:1\r\nSourceHostname: -\r\nSourcePort: 56394\r\nSourcePortName: -\r\nDestinationIsIpv6: true\r\nDestinationIp: 0:0:0:0:0:0:0:1\r\nDestinationHostname: -\r\nDestinationPort: 389\r\nDestinationPortName: -","@timestamp":"2020-09-17T21:32:46.566Z","port":64545,"RecordNumber":317666,"Task":3,"SourceModuleName":"eventlog","Initiated":"false","Version":5,"Image":"C:\\Windows\\System32\\lsass.exe","SourceIsIpv6":"true","DestinationPortName":"-","UtcTime":"2020-09-17 21:32:42.442","Hostname":"MORDORDC.theshire.local","RuleName":"-","SourcePortName":"-"}
{"Keywords":-9223372036854775808,"SeverityValue":2,"TargetObject":"HKU\\.DEFAULT\\Software\\Microsoft\\Office\\16.0\\Common\\ClientTelemetry\\RulesMetadata\\officeclicktorun.exe","EventTypeOrignal":"INFO","EventID":12,"ProviderGuid":"{5770385F-C22A-43E0-BF4C-06F5698FFBD9}","ExecutionProcessID":3228,"host":"wec.internal.cloudapp.net","Channel":"Microsoft-Windows-Sysmon/Operational","UserID":"S-1-5-18","AccountType":"User","ThreadID":4288,"ProcessGuid":"{b34bc01c-8533-5f63-2503-000000000400}","EventReceivedTime":"2020-09-17 17:32:46","ProcessId":"7284","Opcode":"Info","EventTime":"2020-09-17 17:32:44","Message":"Registry object added or deleted:\r\nRuleName: -\r\nEventType: CreateKey\r\nUtcTime: 2020-09-17 21:32:44.461\r\nProcessGuid: {b34bc01c-8533-5f63-2503-000000000400}\r\nProcessId: 7284\r\nImage: C:\\Program Files\\Common Files\\Microsoft Shared\\ClickToRun\\OfficeClickToRun.exe\r\nTargetObject: HKU\\.DEFAULT\\Software\\Microsoft\\Office\\16.0\\Common\\ClientTelemetry\\RulesMetadata\\officeclicktorun.exe","EventType":"CreateKey","@timestamp":"2020-09-17T21:32:46.567Z","SourceModuleType":"im_msvistalog","port":64545,"AccountName":"SYSTEM","RecordNumber":637002,"Task":12,"Domain":"NT AUTHORITY","@version":"1","OpcodeValue":0,"SourceModuleName":"eventlog","Severity":"INFO","SourceName":"Microsoft-Windows-Sysmon","Version":2,"Image":"C:\\Program Files\\Common Files\\Microsoft Shared\\ClickToRun\\OfficeClickToRun.exe","Category":"Registry object added or deleted (rule: RegistryEvent)","UtcTime":"2020-09-17 21:32:44.461","Hostname":"WORKSTATION5.theshire.local","RuleName":"-","tags":["mordorDataset"]}
{"Keywords":-9223372036854775808,"SeverityValue":2,"TargetObject":"HKU\\.DEFAULT\\Software\\Microsoft\\Office\\16.0\\Common\\ClientTelemetry\\RulesMetadata\\officeclicktorun.exe\\ULSMonitor","EventTypeOrignal":"INFO","EventID":12,"ProviderGuid":"{5770385F-C22A-43E0-BF4C-06F5698FFBD9}","ExecutionProcessID":3228,"host":"wec.internal.cloudapp.net","Channel":"Microsoft-Windows-Sysmon/Operational","UserID":"S-1-5-18","AccountType":"User","ThreadID":4288,"ProcessGuid":"{b34bc01c-8533-5f63-2503-000000000400}","EventReceivedTime":"2020-09-17 17:32:46","ProcessId":"7284","Opcode":"Info","EventTime":"2020-09-17 17:32:44","Message":"Registry object added or deleted:\r\nRuleName: -\r\nEventType: DeleteKey\r\nUtcTime: 2020-09-17 21:32:44.461\r\nProcessGuid: {b34bc01c-8533-5f63-2503-000000000400}\r\nProcessId: 7284\r\nImage: C:\\Program Files\\Common Files\\Microsoft Shared\\ClickToRun\\OfficeClickToRun.exe\r\nTargetObject: HKU\\.DEFAULT\\Software\\Microsoft\\Office\\16.0\\Common\\ClientTelemetry\\RulesMetadata\\officeclicktorun.exe\\ULSMonitor","EventType":"DeleteKey","@timestamp":"2020-09-17T21:32:46.567Z","SourceModuleType":"im_msvistalog","port":64545,"AccountName":"SYSTEM","RecordNumber":637003,"Task":12,"Domain":"NT AUTHORITY","@version":"1","OpcodeValue":0,"SourceModuleName":"eventlog","Severity":"INFO","SourceName":"Microsoft-Windows-Sysmon","Version":2,"Image":"C:\\Program Files\\Common Files\\Microsoft Shared\\ClickToRun\\OfficeClickToRun.exe","Category":"Registry object added or deleted (rule: RegistryEvent)","UtcTime":"2020-09-17 21:32:44.461","Hostname":"WORKSTATION5.theshire.local","RuleName":"-","tags":["mordorDataset"]}
{"Keywords":-9223372036854775808,"SeverityValue":2,"TargetObject":"HKU\\.DEFAULT\\Software\\Microsoft\\Office\\16.0\\Common\\ClientTelemetry\\RulesMetadata\\officeclicktorun.exe","EventTypeOrignal":"INFO","EventID":12,"ProviderGuid":"{5770385F-C22A-43E0-BF4C-06F5698FFBD9}","ExecutionProcessID":3228,"host":"wec.internal.cloudapp.net","Channel":"Microsoft-Windows-Sysmon/Operational","UserID":"S-1-5-18","AccountType":"User","ThreadID":4288,"ProcessGuid":"{b34bc01c-8533-5f63-2503-000000000400}","EventReceivedTime":"2020-09-17 17:32:46","ProcessId":"7284","Opcode":"Info","EventTime":"2020-09-17 17:32:44","Message":"Registry object added or deleted:\r\nRuleName: -\r\nEventType: DeleteKey\r\nUtcTime: 2020-09-17 21:32:44.461\r\nProcessGuid: {b34bc01c-8533-5f63-2503-000000000400}\r\nProcessId: 7284\r\nImage: C:\\Program Files\\Common Files\\Microsoft Shared\\ClickToRun\\OfficeClickToRun.exe\r\nTargetObject: HKU\\.DEFAULT\\Software\\Microsoft\\Office\\16.0\\Common\\ClientTelemetry\\RulesMetadata\\officeclicktorun.exe","EventType":"DeleteKey","@timestamp":"2020-09-17T21:32:46.567Z","SourceModuleType":"im_msvistalog","port":64545,"AccountName":"SYSTEM","RecordNumber":637004,"Task":12,"Domain":"NT AUTHORITY","@version":"1","OpcodeValue":0,"SourceModuleName":"eventlog","Severity":"INFO","SourceName":"Microsoft-Windows-Sysmon","Version":2,"Image":"C:\\Program Files\\Common Files\\Microsoft Shared\\ClickToRun\\OfficeClickToRun.exe","Category":"Registry object added or deleted (rule: RegistryEvent)","UtcTime":"2020-09-17 21:32:44.461","Hostname":"WORKSTATION5.theshire.local","RuleName":"-","tags":["mordorDataset"]}
{"Keywords":-9223372036854775808,"SeverityValue":2,"TargetObject":"HKU\\.DEFAULT\\Software","EventTypeOrignal":"INFO","EventID":12,"ProviderGuid":"{5770385F-C22A-43E0-BF4C-06F5698FFBD9}","ExecutionProcessID":3228,"host":"wec.internal.cloudapp.net","Channel":"Microsoft-Windows-Sysmon/Operational","UserID":"S-1-5-18","AccountType":"User","ThreadID":4288,"ProcessGuid":"{b34bc01c-8533-5f63-2503-000000000400}","EventReceivedTime":"2020-09-17 17:32:46","ProcessId":"7284","Opcode":"Info","EventTime":"2020-09-17 17:32:44","Message":"Registry object added or deleted:\r\nRuleName: -\r\nEventType: CreateKey\r\nUtcTime: 2020-09-17 21:32:44.461\r\nProcessGuid: {b34bc01c-8533-5f63-2503-000000000400}\r\nProcessId: 7284\r\nImage: C:\\Program Files\\Common Files\\Microsoft Shared\\ClickToRun\\OfficeClickToRun.exe\r\nTargetObject: HKU\\.DEFAULT\\Software","EventType":"CreateKey","@timestamp":"2020-09-17T21:32:46.568Z","SourceModuleType":"im_msvistalog","port":64545,"AccountName":"SYSTEM","RecordNumber":637005,"Task":12,"Domain":"NT AUTHORITY","@version":"1","OpcodeValue":0,"SourceModuleName":"eventlog","Severity":"INFO","SourceName":"Microsoft-Windows-Sysmon","Version":2,"Image":"C:\\Program Files\\Common Files\\Microsoft Shared\\ClickToRun\\OfficeClickToRun.exe","Category":"Registry object added or deleted (rule: RegistryEvent)","UtcTime":"2020-09-17 21:32:44.461","Hostname":"WORKSTATION5.theshire.local","RuleName":"-","tags":["mordorDataset"]}
{"Keywords":-9223372036854775808,"SeverityValue":2,"TargetObject":"HKU\\.DEFAULT\\Software\\Microsoft","EventTypeOrignal":"INFO","EventID":12,"ProviderGuid":"{5770385F-C22A-43E0-BF4C-06F5698FFBD9}","ExecutionProcessID":3228,"host":"wec.internal.cloudapp.net","Channel":"Microsoft-Windows-Sysmon/Operational","UserID":"S-1-5-18","AccountType":"User","ThreadID":4288,"ProcessGuid":"{b34bc01c-8533-5f63-2503-000000000400}","EventReceivedTime":"2020-09-17 17:32:46","ProcessId":"7284","Opcode":"Info","EventTime":"2020-09-17 17:32:44","Message":"Registry object added or deleted:\r\nRuleName: -\r\nEventType: CreateKey\r\nUtcTime: 2020-09-17 21:32:44.461\r\nProcessGuid: {b34bc01c-8533-5f63-2503-000000000400}\r\nProcessId: 7284\r\nImage: C:\\Program Files\\Common Files\\Microsoft Shared\\ClickToRun\\OfficeClickToRun.exe\r\nTargetObject: HKU\\.DEFAULT\\Software\\Microsoft","EventType":"CreateKey","@timestamp":"2020-09-17T21:32:46.570Z","SourceModuleType":"im_msvistalog","port":64545,"AccountName":"SYSTEM","RecordNumber":637006,"Task":12,"Domain":"NT AUTHORITY","@version":"1","OpcodeValue":0,"SourceModuleName":"eventlog","Severity":"INFO","SourceName":"Microsoft-Windows-Sysmon","Version":2,"Image":"C:\\Program Files\\Common Files\\Microsoft Shared\\ClickToRun\\OfficeClickToRun.exe","Category":"Registry object added or deleted (rule: RegistryEvent)","UtcTime":"2020-09-17 21:32:44.461","Hostname":"WORKSTATION5.theshire.local","RuleName":"-","tags":["mordorDataset"]}
{"Keywords":-9223372036854775808,"SeverityValue":2,"TargetObject":"HKU\\.DEFAULT\\Software\\Microsoft\\Office","EventTypeOrignal":"INFO","EventID":12,"ProviderGuid":"{5770385F-C22A-43E0-BF4C-06F5698FFBD9}","ExecutionProcessID":3228,"host":"wec.internal.cloudapp.net","Channel":"Microsoft-Windows-Sysmon/Operational","UserID":"S-1-5-18","AccountType":"User","ThreadID":4288,"ProcessGuid":"{b34bc01c-8533-5f63-2503-000000000400}","EventReceivedTime":"2020-09-17 17:32:46","ProcessId":"7284","Opcode":"Info","EventTime":"2020-09-17 17:32:44","Message":"Registry object added or deleted:\r\nRuleName: -\r\nEventType: CreateKey\r\nUtcTime: 2020-09-17 21:32:44.461\r\nProcessGuid: {b34bc01c-8533-5f63-2503-000000000400}\r\nProcessId: 7284\r\nImage: C:\\Program Files\\Common Files\\Microsoft Shared\\ClickToRun\\OfficeClickToRun.exe\r\nTargetObject: HKU\\.DEFAULT\\Software\\Microsoft\\Office","EventType":"CreateKey","@timestamp":"2020-09-17T21:32:46.570Z","SourceModuleType":"im_msvistalog","port":64545,"AccountName":"SYSTEM","RecordNumber":637007,"Task":12,"Domain":"NT AUTHORITY","@version":"1","OpcodeValue":0,"SourceModuleName":"eventlog","Severity":"INFO","SourceName":"Microsoft-Windows-Sysmon","Version":2,"Image":"C:\\Program Files\\Common Files\\Microsoft Shared\\ClickToRun\\OfficeClickToRun.exe","Category":"Registry object added or deleted (rule: RegistryEvent)","UtcTime":"2020-09-17 21:32:44.461","Hostname":"WORKSTATION5.theshire.local","RuleName":"-","tags":["mordorDataset"]}
{"Keywords":-9223372036854775808,"SeverityValue":2,"TargetObject":"HKU\\.DEFAULT\\Software\\Microsoft\\Office\\16.0","EventTypeOrignal":"INFO","EventID":12,"ProviderGuid":"{5770385F-C22A-43E0-BF4C-06F5698FFBD9}","ExecutionProcessID":3228,"host":"wec.internal.cloudapp.net","Channel":"Microsoft-Windows-Sysmon/Operational","UserID":"S-1-5-18","AccountType":"User","ThreadID":4288,"ProcessGuid":"{b34bc01c-8533-5f63-2503-000000000400}","EventReceivedTime":"2020-09-17 17:32:46","ProcessId":"7284","Opcode":"Info","EventTime":"2020-09-17 17:32:44","Message":"Registry object added or deleted:\r\nRuleName: -\r\nEventType: CreateKey\r\nUtcTime: 2020-09-17 21:32:44.461\r\nProcessGuid: {b34bc01c-8533-5f63-2503-000000000400}\r\nProcessId: 7284\r\nImage: C:\\Program Files\\Common Files\\Microsoft Shared\\ClickToRun\\OfficeClickToRun.exe\r\nTargetObject: HKU\\.DEFAULT\\Software\\Microsoft\\Office\\16.0","EventType":"CreateKey","@timestamp":"2020-09-17T21:32:46.570Z","SourceModuleType":"im_msvistalog","port":64545,"AccountName":"SYSTEM","RecordNumber":637008,"Task":12,"Domain":"NT AUTHORITY","@version":"1","OpcodeValue":0,"SourceModuleName":"eventlog","Severity":"INFO","SourceName":"Microsoft-Windows-Sysmon","Version":2,"Image":"C:\\Program Files\\Common Files\\Microsoft Shared\\ClickToRun\\OfficeClickToRun.exe","Category":"Registry object added or deleted (rule: RegistryEvent)","UtcTime":"2020-09-17 21:32:44.461","Hostname":"WORKSTATION5.theshire.local","RuleName":"-","tags":["mordorDataset"]}
{"Keywords":-9223372036854775808,"SeverityValue":2,"TargetObject":"HKU\\.DEFAULT\\Software\\Microsoft\\Office\\16.0\\Common","EventTypeOrignal":"INFO","EventID":12,"ProviderGuid":"{5770385F-C22A-43E0-BF4C-06F5698FFBD9}","ExecutionProcessID":3228,"host":"wec.internal.cloudapp.net","Channel":"Microsoft-Windows-Sysmon/Operational","UserID":"S-1-5-18","AccountType":"User","ThreadID":4288,"ProcessGuid":"{b34bc01c-8533-5f63-2503-000000000400}","EventReceivedTime":"2020-09-17 17:32:46","ProcessId":"7284","Opcode":"Info","EventTime":"2020-09-17 17:32:44","Message":"Registry object added or deleted:\r\nRuleName: -\r\nEventType: CreateKey\r\nUtcTime: 2020-09-17 21:32:44.461\r\nProcessGuid: {b34bc01c-8533-5f63-2503-000000000400}\r\nProcessId: 7284\r\nImage: C:\\Program Files\\Common Files\\Microsoft Shared\\ClickToRun\\OfficeClickToRun.exe\r\nTargetObject: HKU\\.DEFAULT\\Software\\Microsoft\\Office\\16.0\\Common","EventType":"CreateKey","@timestamp":"2020-09-17T21:32:46.570Z","SourceModuleType":"im_msvistalog","port":64545,"AccountName":"SYSTEM","RecordNumber":637009,"Task":12,"Domain":"NT AUTHORITY","@version":"1","OpcodeValue":0,"SourceModuleName":"eventlog","Severity":"INFO","SourceName":"Microsoft-Windows-Sysmon","Version":2,"Image":"C:\\Program Files\\Common Files\\Microsoft Shared\\ClickToRun\\OfficeClickToRun.exe","Category":"Registry object added or deleted (rule: RegistryEvent)","UtcTime":"2020-09-17 21:32:44.461","Hostname":"WORKSTATION5.theshire.local","RuleName":"-","tags":["mordorDataset"]}
{"Keywords":-9223372036854775808,"SeverityValue":2,"TargetObject":"HKU\\.DEFAULT\\Software\\Microsoft\\Office\\16.0\\Common\\ClientTelemetry","EventTypeOrignal":"INFO","EventID":12,"ProviderGuid":"{5770385F-C22A-43E0-BF4C-06F5698FFBD9}","ExecutionProcessID":3228,"host":"wec.internal.cloudapp.net","Channel":"Microsoft-Windows-Sysmon/Operational","UserID":"S-1-5-18","AccountType":"User","ThreadID":4288,"ProcessGuid":"{b34bc01c-8533-5f63-2503-000000000400}","EventReceivedTime":"2020-09-17 17:32:46","ProcessId":"7284","Opcode":"Info","EventTime":"2020-09-17 17:32:44","Message":"Registry object added or deleted:\r\nRuleName: -\r\nEventType: CreateKey\r\nUtcTime: 2020-09-17 21:32:44.461\r\nProcessGuid: {b34bc01c-8533-5f63-2503-000000000400}\r\nProcessId: 7284\r\nImage: C:\\Program Files\\Common Files\\Microsoft Shared\\ClickToRun\\OfficeClickToRun.exe\r\nTargetObject: HKU\\.DEFAULT\\Software\\Microsoft\\Office\\16.0\\Common\\ClientTelemetry","EventType":"CreateKey","@timestamp":"2020-09-17T21:32:46.570Z","SourceModuleType":"im_msvistalog","port":64545,"AccountName":"SYSTEM","RecordNumber":637010,"Task":12,"Domain":"NT AUTHORITY","@version":"1","OpcodeValue":0,"SourceModuleName":"eventlog","Severity":"INFO","SourceName":"Microsoft-Windows-Sysmon","Version":2,"Image":"C:\\Program Files\\Common Files\\Microsoft Shared\\ClickToRun\\OfficeClickToRun.exe","Category":"Registry object added or deleted (rule: RegistryEvent)","UtcTime":"2020-09-17 21:32:44.461","Hostname":"WORKSTATION5.theshire.local","RuleName":"-","tags":["mordorDataset"]}
{"Keywords":-9223372036854775808,"SeverityValue":2,"TargetObject":"HKU\\.DEFAULT\\Software\\Microsoft\\Office\\16.0\\Common\\ClientTelemetry\\RulesMetadata","EventTypeOrignal":"INFO","EventID":12,"ProviderGuid":"{5770385F-C22A-43E0-BF4C-06F5698FFBD9}","ExecutionProcessID":3228,"host":"wec.internal.cloudapp.net","Channel":"Microsoft-Windows-Sysmon/Operational","UserID":"S-1-5-18","AccountType":"User","ThreadID":4288,"ProcessGuid":"{b34bc01c-8533-5f63-2503-000000000400}","EventReceivedTime":"2020-09-17 17:32:46","ProcessId":"7284","Opcode":"Info","EventTime":"2020-09-17 17:32:44","Message":"Registry object added or deleted:\r\nRuleName: -\r\nEventType: CreateKey\r\nUtcTime: 2020-09-17 21:32:44.461\r\nProcessGuid: {b34bc01c-8533-5f63-2503-000000000400}\r\nProcessId: 7284\r\nImage: C:\\Program Files\\Common Files\\Microsoft Shared\\ClickToRun\\OfficeClickToRun.exe\r\nTargetObject: HKU\\.DEFAULT\\Software\\Microsoft\\Office\\16.0\\Common\\ClientTelemetry\\RulesMetadata","EventType":"CreateKey","@timestamp":"2020-09-17T21:32:46.570Z","SourceModuleType":"im_msvistalog","port":64545,"AccountName":"SYSTEM","RecordNumber":637011,"Task":12,"Domain":"NT AUTHORITY","@version":"1","OpcodeValue":0,"SourceModuleName":"eventlog","Severity":"INFO","SourceName":"Microsoft-Windows-Sysmon","Version":2,"Image":"C:\\Program Files\\Common Files\\Microsoft Shared\\ClickToRun\\OfficeClickToRun.exe","Category":"Registry object added or deleted (rule: RegistryEvent)","UtcTime":"2020-09-17 21:32:44.461","Hostname":"WORKSTATION5.theshire.local","RuleName":"-","tags":["mordorDataset"]}
{"Keywords":-9223372036854775808,"SeverityValue":2,"TargetObject":"HKU\\.DEFAULT\\Software\\Microsoft\\Office\\16.0\\Common\\ClientTelemetry\\RulesMetadata\\officeclicktorun.exe","EventTypeOrignal":"INFO","EventID":12,"ProviderGuid":"{5770385F-C22A-43E0-BF4C-06F5698FFBD9}","ExecutionProcessID":3228,"host":"wec.internal.cloudapp.net","Channel":"Microsoft-Windows-Sysmon/Operational","UserID":"S-1-5-18","AccountType":"User","ThreadID":4288,"ProcessGuid":"{b34bc01c-8533-5f63-2503-000000000400}","EventReceivedTime":"2020-09-17 17:32:46","ProcessId":"7284","Opcode":"Info","EventTime":"2020-09-17 17:32:44","Message":"Registry object added or deleted:\r\nRuleName: -\r\nEventType: CreateKey\r\nUtcTime: 2020-09-17 21:32:44.461\r\nProcessGuid: {b34bc01c-8533-5f63-2503-000000000400}\r\nProcessId: 7284\r\nImage: C:\\Program Files\\Common Files\\Microsoft Shared\\ClickToRun\\OfficeClickToRun.exe\r\nTargetObject: HKU\\.DEFAULT\\Software\\Microsoft\\Office\\16.0\\Common\\ClientTelemetry\\RulesMetadata\\officeclicktorun.exe","EventType":"CreateKey","@timestamp":"2020-09-17T21:32:46.571Z","SourceModuleType":"im_msvistalog","port":64545,"AccountName":"SYSTEM","RecordNumber":637012,"Task":12,"Domain":"NT AUTHORITY","@version":"1","OpcodeValue":0,"SourceModuleName":"eventlog","Severity":"INFO","SourceName":"Microsoft-Windows-Sysmon","Version":2,"Image":"C:\\Program Files\\Common Files\\Microsoft Shared\\ClickToRun\\OfficeClickToRun.exe","Category":"Registry object added or deleted (rule: RegistryEvent)","UtcTime":"2020-09-17 21:32:44.461","Hostname":"WORKSTATION5.theshire.local","RuleName":"-","tags":["mordorDataset"]}
{"Keywords":-9223372036854775808,"SeverityValue":2,"TargetObject":"HKU\\.DEFAULT\\Software\\Microsoft\\Office\\16.0\\Common\\ClientTelemetry\\RulesMetadata\\officeclicktorun.exe\\ULSMonitor","EventTypeOrignal":"INFO","EventID":12,"ProviderGuid":"{5770385F-C22A-43E0-BF4C-06F5698FFBD9}","ExecutionProcessID":3228,"host":"wec.internal.cloudapp.net","Channel":"Microsoft-Windows-Sysmon/Operational","UserID":"S-1-5-18","AccountType":"User","ThreadID":4288,"ProcessGuid":"{b34bc01c-8533-5f63-2503-000000000400}","EventReceivedTime":"2020-09-17 17:32:46","ProcessId":"7284","Opcode":"Info","EventTime":"2020-09-17 17:32:44","Message":"Registry object added or deleted:\r\nRuleName: -\r\nEventType: CreateKey\r\nUtcTime: 2020-09-17 21:32:44.461\r\nProcessGuid: {b34bc01c-8533-5f63-2503-000000000400}\r\nProcessId: 7284\r\nImage: C:\\Program Files\\Common Files\\Microsoft Shared\\ClickToRun\\OfficeClickToRun.exe\r\nTargetObject: HKU\\.DEFAULT\\Software\\Microsoft\\Office\\16.0\\Common\\ClientTelemetry\\RulesMetadata\\officeclicktorun.exe\\ULSMonitor","EventType":"CreateKey","@timestamp":"2020-09-17T21:32:46.572Z","SourceModuleType":"im_msvistalog","port":64545,"AccountName":"SYSTEM","RecordNumber":637013,"Task":12,"Domain":"NT AUTHORITY","@version":"1","OpcodeValue":0,"SourceModuleName":"eventlog","Severity":"INFO","SourceName":"Microsoft-Windows-Sysmon","Version":2,"Image":"C:\\Program Files\\Common Files\\Microsoft Shared\\ClickToRun\\OfficeClickToRun.exe","Category":"Registry object added or deleted (rule: RegistryEvent)","UtcTime":"2020-09-17 21:32:44.461","Hostname":"WORKSTATION5.theshire.local","RuleName":"-","tags":["mordorDataset"]}
{"Keywords":-9223372036854775808,"SeverityValue":2,"TargetObject":"HKU\\.DEFAULT\\Software\\Microsoft\\Office\\16.0\\Common\\ClientTelemetry\\RulesMetadata\\officeclicktorun.exe\\ULSMonitor\\ULSTagIds0","EventTypeOrignal":"INFO","EventID":13,"ProviderGuid":"{5770385F-C22A-43E0-BF4C-06F5698FFBD9}","ExecutionProcessID":3228,"host":"wec.internal.cloudapp.net","Channel":"Microsoft-Windows-Sysmon/Operational","UserID":"S-1-5-18","AccountType":"User","ThreadID":4288,"ProcessGuid":"{b34bc01c-8533-5f63-2503-000000000400}","Details":"5804129,17110992,7202269,17110988,7153487,39965824,17962391,17962392,3462423,3702920,3700754,3965062,4297094,7153421,18716193,7153435,7202265,20502174,6308191,18407617","EventReceivedTime":"2020-09-17 17:32:46","Opcode":"Info","EventTime":"2020-09-17 17:32:44","Message":"Registry value set:\r\nRuleName: -\r\nEventType: SetValue\r\nUtcTime: 2020-09-17 21:32:44.461\r\nProcessGuid: {b34bc01c-8533-5f63-2503-000000000400}\r\nProcessId: 7284\r\nImage: C:\\Program Files\\Common Files\\Microsoft Shared\\ClickToRun\\OfficeClickToRun.exe\r\nTargetObject: HKU\\.DEFAULT\\Software\\Microsoft\\Office\\16.0\\Common\\ClientTelemetry\\RulesMetadata\\officeclicktorun.exe\\ULSMonitor\\ULSTagIds0\r\nDetails: 5804129,17110992,7202269,17110988,7153487,39965824,17962391,17962392,3462423,3702920,3700754,3965062,4297094,7153421,18716193,7153435,7202265,20502174,6308191,18407617","ProcessId":"7284","EventType":"SetValue","@timestamp":"2020-09-17T21:32:46.572Z","SourceModuleType":"im_msvistalog","port":64545,"AccountName":"SYSTEM","RecordNumber":637014,"Task":13,"Domain":"NT AUTHORITY","@version":"1","OpcodeValue":0,"SourceModuleName":"eventlog","Severity":"INFO","SourceName":"Microsoft-Windows-Sysmon","Version":2,"Image":"C:\\Program Files\\Common Files\\Microsoft Shared\\ClickToRun\\OfficeClickToRun.exe","Category":"Registry value set (rule: RegistryEvent)","UtcTime":"2020-09-17 21:32:44.461","Hostname":"WORKSTATION5.theshire.local","RuleName":"-","tags":["mordorDataset"]}
{"Keywords":-9223372036854775808,"SeverityValue":2,"TargetObject":"HKU\\.DEFAULT\\Software\\Microsoft\\Office\\16.0\\Common\\ClientTelemetry\\RulesMetadata\\officeclicktorun.exe\\ULSMonitor\\ULSCategoriesSeverities","EventTypeOrignal":"INFO","EventID":13,"ProviderGuid":"{5770385F-C22A-43E0-BF4C-06F5698FFBD9}","ExecutionProcessID":3228,"host":"wec.internal.cloudapp.net","Channel":"Microsoft-Windows-Sysmon/Operational","UserID":"S-1-5-18","AccountType":"User","ThreadID":4288,"ProcessGuid":"{b34bc01c-8533-5f63-2503-000000000400}","Details":"1329 50,1329 10,941 10,1329 15,941 15,1329 100,941 6,1329 6","EventReceivedTime":"2020-09-17 17:32:46","Opcode":"Info","EventTime":"2020-09-17 17:32:44","Message":"Registry value set:\r\nRuleName: -\r\nEventType: SetValue\r\nUtcTime: 2020-09-17 21:32:44.461\r\nProcessGuid: {b34bc01c-8533-5f63-2503-000000000400}\r\nProcessId: 7284\r\nImage: C:\\Program Files\\Common Files\\Microsoft Shared\\ClickToRun\\OfficeClickToRun.exe\r\nTargetObject: HKU\\.DEFAULT\\Software\\Microsoft\\Office\\16.0\\Common\\ClientTelemetry\\RulesMetadata\\officeclicktorun.exe\\ULSMonitor\\ULSCategoriesSeverities\r\nDetails: 1329 50,1329 10,941 10,1329 15,941 15,1329 100,941 6,1329 6","ProcessId":"7284","EventType":"SetValue","@timestamp":"2020-09-17T21:32:46.572Z","SourceModuleType":"im_msvistalog","port":64545,"AccountName":"SYSTEM","RecordNumber":637015,"Task":13,"Domain":"NT AUTHORITY","@version":"1","OpcodeValue":0,"SourceModuleName":"eventlog","Severity":"INFO","SourceName":"Microsoft-Windows-Sysmon","Version":2,"Image":"C:\\Program Files\\Common Files\\Microsoft Shared\\ClickToRun\\OfficeClickToRun.exe","Category":"Registry value set (rule: RegistryEvent)","UtcTime":"2020-09-17 21:32:44.461","Hostname":"WORKSTATION5.theshire.local","RuleName":"-","tags":["mordorDataset"]}
{"Keywords":-9214364837600034816,"SeverityValue":2,"Application":"\\device\\harddiskvolume2\\windowsazure\\guestagent_2.7.41491.993_2020-09-17_150607\\guestagent\\windowsazureguestagent.exe","EventID":5158,"ProviderGuid":"{54849625-5478-4994-A5BA-3E3B0328C30D}","ExecutionProcessID":4,"Channel":"Security","host":"wec.internal.cloudapp.net","EventReceivedTime":"2020-09-17 17:32:47","ProcessId":"3596","ThreadID":276,"EventType":"AUDIT_SUCCESS","Opcode":"Info","EventTime":"2020-09-17 17:32:45","Message":"The Windows Filtering Platform has permitted a bind to a local port.\r\n\r\nApplication Information:\r\n\tProcess ID:\t\t3596\r\n\tApplication Name:\t\\device\\harddiskvolume2\\windowsazure\\guestagent_2.7.41491.993_2020-09-17_150607\\guestagent\\windowsazureguestagent.exe\r\n\r\nNetwork Information:\r\n\tSource Address:\t\t0.0.0.0\r\n\tSource Port:\t\t56395\r\n\tProtocol:\t\t6\r\n\r\nFilter Information:\r\n\tFilter Run-Time ID:\t0\r\n\tLayer Name:\t\tResource Assignment\r\n\tLayer Run-Time ID:\t36","FilterRTID":"0","@timestamp":"2020-09-17T21:32:47.565Z","LayerRTID":"36","SourceModuleType":"im_msvistalog","port":64545,"RecordNumber":239200,"Task":12810,"Protocol":"6","@version":"1","OpcodeValue":0,"SourcePort":"56395","SourceModuleName":"eventlog","Severity":"INFO","SourceName":"Microsoft-Windows-Security-Auditing","Version":0,"LayerName":"%%14608","Category":"Filtering Platform Connection","SourceAddress":"0.0.0.0","tags":["mordorDataset"],"Hostname":"MORDORDC.theshire.local"}
{"Keywords":-9214364837600034816,"SeverityValue":2,"Application":"\\device\\harddiskvolume2\\windowsazure\\guestagent_2.7.41491.993_2020-09-17_150607\\guestagent\\windowsazureguestagent.exe","EventID":5156,"ProviderGuid":"{54849625-5478-4994-A5BA-3E3B0328C30D}","ExecutionProcessID":4,"Channel":"Security","host":"wec.internal.cloudapp.net","EventReceivedTime":"2020-09-17 17:32:47","ProcessId":"3596","ThreadID":276,"EventType":"AUDIT_SUCCESS","Opcode":"Info","EventTime":"2020-09-17 17:32:45","Message":"The Windows Filtering Platform has permitted a connection.\r\n\r\nApplication Information:\r\n\tProcess ID:\t\t3596\r\n\tApplication Name:\t\\device\\harddiskvolume2\\windowsazure\\guestagent_2.7.41491.993_2020-09-17_150607\\guestagent\\windowsazureguestagent.exe\r\n\r\nNetwork Information:\r\n\tDirection:\t\tOutbound\r\n\tSource Address:\t\t172.18.38.5\r\n\tSource Port:\t\t56395\r\n\tDestination Address:\t168.63.129.16\r\n\tDestination Port:\t\t80\r\n\tProtocol:\t\t6\r\n\r\nFilter Information:\r\n\tFilter Run-Time ID:\t71130\r\n\tLayer Name:\t\tConnect\r\n\tLayer Run-Time ID:\t48","FilterRTID":"71130","RemoteUserID":"S-1-0-0","@timestamp":"2020-09-17T21:32:47.566Z","LayerRTID":"48","SourceModuleType":"im_msvistalog","port":64545,"RecordNumber":239201,"Task":12810,"Direction":"%%14593","@version":"1","OpcodeValue":0,"SourcePort":"56395","DestPort":"80","Protocol":"6","SourceModuleName":"eventlog","Severity":"INFO","DestAddress":"168.63.129.16","SourceName":"Microsoft-Windows-Security-Auditing","Version":1,"LayerName":"%%14611","RemoteMachineID":"S-1-0-0","Category":"Filtering Platform Connection","SourceAddress":"172.18.38.5","tags":["mordorDataset"],"Hostname":"MORDORDC.theshire.local"}
