{"SourceProcessGUID":"{8715b604-0dea-5f2a-0e00-000000000400}","UtcTime":"2020-08-05 07:48:50.752","GrantedAccess":"0x1000","@version":"1","Keywords":-9223372036854775808,"ThreadID":4452,"TargetProcessId":"4400","UserID":"S-1-5-18","Version":3,"TargetProcessGUID":"{8715b604-104c-5f2a-c702-000000000400}","TargetImage":"C:\\Windows\\SystemApps\\InputApp_cw5n1h2txyewy\\WindowsInternal.ComposableShell.Experiences.TextInput.InputApp.exe","CallTrace":"C:\\windows\\SYSTEM32\\ntdll.dll+9c534|C:\\windows\\SYSTEM32\\psmserviceexthost.dll+222a3|C:\\windows\\SYSTEM32\\psmserviceexthost.dll+37ea0|C:\\windows\\SYSTEM32\\psmserviceexthost.dll+37929|C:\\windows\\SYSTEM32\\psmserviceexthost.dll+686f8|C:\\windows\\SYSTEM32\\psmserviceexthost.dll+6e84a|C:\\windows\\SYSTEM32\\psmserviceexthost.dll+6f700|C:\\windows\\SYSTEM32\\psmserviceexthost.dll+34be4|C:\\windows\\SYSTEM32\\psmserviceexthost.dll+6f63e|C:\\windows\\SYSTEM32\\psmserviceexthost.dll+713b5|C:\\windows\\SYSTEM32\\psmserviceexthost.dll+50bda|C:\\windows\\SYSTEM32\\psmserviceexthost.dll+4500a|C:\\windows\\System32\\KERNEL32.DLL+17bd4|C:\\windows\\SYSTEM32\\ntdll.dll+6ce51","host":"wec.internal.cloudapp.net","Message":"Process accessed:\r\nRuleName: -\r\nUtcTime: 2020-08-05 07:48:50.752\r\nSourceProcessGUID: {8715b604-0dea-5f2a-0e00-000000000400}\r\nSourceProcessId: 884\r\nSourceThreadId: 1064\r\nSourceImage: C:\\windows\\system32\\svchost.exe\r\nTargetProcessGUID: {8715b604-104c-5f2a-c702-000000000400}\r\nTargetProcessId: 4400\r\nTargetImage: C:\\Windows\\SystemApps\\InputApp_cw5n1h2txyewy\\WindowsInternal.ComposableShell.Experiences.TextInput.InputApp.exe\r\nGrantedAccess: 0x1000\r\nCallTrace: C:\\windows\\SYSTEM32\\ntdll.dll+9c534|C:\\windows\\SYSTEM32\\psmserviceexthost.dll+222a3|C:\\windows\\SYSTEM32\\psmserviceexthost.dll+37ea0|C:\\windows\\SYSTEM32\\psmserviceexthost.dll+37929|C:\\windows\\SYSTEM32\\psmserviceexthost.dll+686f8|C:\\windows\\SYSTEM32\\psmserviceexthost.dll+6e84a|C:\\windows\\SYSTEM32\\psmserviceexthost.dll+6f700|C:\\windows\\SYSTEM32\\psmserviceexthost.dll+34be4|C:\\windows\\SYSTEM32\\psmserviceexthost.dll+6f63e|C:\\windows\\SYSTEM32\\psmserviceexthost.dll+713b5|C:\\windows\\SYSTEM32\\psmserviceexthost.dll+50bda|C:\\windows\\SYSTEM32\\psmserviceexthost.dll+4500a|C:\\windows\\System32\\KERNEL32.DLL+17bd4|C:\\windows\\SYSTEM32\\ntdll.dll+6ce51","SourceModuleName":"eventlog","SourceThreadId":"1064","SourceName":"Microsoft-Windows-Sysmon","SourceProcessId":"884","SeverityValue":2,"tags":["mordorDataset"],"Channel":"Microsoft-Windows-Sysmon/Operational","ProviderGuid":"{5770385F-C22A-43E0-BF4C-06F5698FFBD9}","RuleName":"-","EventID":10,"RecordNumber":539985,"Hostname":"WORKSTATION5.theshire.local","SourceImage":"C:\\windows\\system32\\svchost.exe","ProcessId":"884","SourceModuleType":"im_msvistalog","Domain":"NT AUTHORITY","port":53997,"EventTime":"2020-08-05 03:48:50","Severity":"INFO","ExecutionProcessID":3484,"AccountName":"SYSTEM","OpcodeValue":0,"@timestamp":"2020-08-05T07:48:51.820Z","Task":10,"EventType":"INFO","EventReceivedTime":"2020-08-05 03:48:51","AccountType":"User"}
{"SourceProcessGUID":"{8715b604-0dea-5f2a-0e00-000000000400}","UtcTime":"2020-08-05 07:48:50.752","GrantedAccess":"0x1000","@version":"1","Keywords":-9223372036854775808,"ThreadID":4452,"TargetProcessId":"2764","UserID":"S-1-5-18","Version":3,"TargetProcessGUID":"{8715b604-2c5e-5f2a-0904-000000000400}","TargetImage":"C:\\Windows\\ImmersiveControlPanel\\SystemSettings.exe","CallTrace":"C:\\windows\\SYSTEM32\\ntdll.dll+9c534|C:\\windows\\SYSTEM32\\psmserviceexthost.dll+222a3|C:\\windows\\SYSTEM32\\psmserviceexthost.dll+37ea0|C:\\windows\\SYSTEM32\\psmserviceexthost.dll+37929|C:\\windows\\SYSTEM32\\psmserviceexthost.dll+686f8|C:\\windows\\SYSTEM32\\psmserviceexthost.dll+6e84a|C:\\windows\\SYSTEM32\\psmserviceexthost.dll+6f700|C:\\windows\\SYSTEM32\\psmserviceexthost.dll+34be4|C:\\windows\\SYSTEM32\\psmserviceexthost.dll+6f63e|C:\\windows\\SYSTEM32\\psmserviceexthost.dll+713b5|C:\\windows\\SYSTEM32\\psmserviceexthost.dll+50bda|C:\\windows\\SYSTEM32\\psmserviceexthost.dll+4500a|C:\\windows\\System32\\KERNEL32.DLL+17bd4|C:\\windows\\SYSTEM32\\ntdll.dll+6ce51","host":"wec.internal.cloudapp.net","Message":"Process accessed:\r\nRuleName: -\r\nUtcTime: 2020-08-05 07:48:50.752\r\nSourceProcessGUID: {8715b604-0dea-5f2a-0e00-000000000400}\r\nSourceProcessId: 884\r\nSourceThreadId: 1064\r\nSourceImage: C:\\windows\\system32\\svchost.exe\r\nTargetProcessGUID: {8715b604-2c5e-5f2a-0904-000000000400}\r\nTargetProcessId: 2764\r\nTargetImage: C:\\Windows\\ImmersiveControlPanel\\SystemSettings.exe\r\nGrantedAccess: 0x1000\r\nCallTrace: C:\\windows\\SYSTEM32\\ntdll.dll+9c534|C:\\windows\\SYSTEM32\\psmserviceexthost.dll+222a3|C:\\windows\\SYSTEM32\\psmserviceexthost.dll+37ea0|C:\\windows\\SYSTEM32\\psmserviceexthost.dll+37929|C:\\windows\\SYSTEM32\\psmserviceexthost.dll+686f8|C:\\windows\\SYSTEM32\\psmserviceexthost.dll+6e84a|C:\\windows\\SYSTEM32\\psmserviceexthost.dll+6f700|C:\\windows\\SYSTEM32\\psmserviceexthost.dll+34be4|C:\\windows\\SYSTEM32\\psmserviceexthost.dll+6f63e|C:\\windows\\SYSTEM32\\psmserviceexthost.dll+713b5|C:\\windows\\SYSTEM32\\psmserviceexthost.dll+50bda|C:\\windows\\SYSTEM32\\psmserviceexthost.dll+4500a|C:\\windows\\System32\\KERNEL32.DLL+17bd4|C:\\windows\\SYSTEM32\\ntdll.dll+6ce51","SourceModuleName":"eventlog","SourceThreadId":"1064","SourceName":"Microsoft-Windows-Sysmon","SourceProcessId":"884","SeverityValue":2,"tags":["mordorDataset"],"Channel":"Microsoft-Windows-Sysmon/Operational","ProviderGuid":"{5770385F-C22A-43E0-BF4C-06F5698FFBD9}","RuleName":"-","EventID":10,"RecordNumber":539986,"Hostname":"WORKSTATION5.theshire.local","SourceImage":"C:\\windows\\system32\\svchost.exe","ProcessId":"884","SourceModuleType":"im_msvistalog","Domain":"NT AUTHORITY","port":53997,"EventTime":"2020-08-05 03:48:50","Severity":"INFO","ExecutionProcessID":3484,"AccountName":"SYSTEM","OpcodeValue":0,"@timestamp":"2020-08-05T07:48:51.820Z","Task":10,"EventType":"INFO","EventReceivedTime":"2020-08-05 03:48:51","AccountType":"User"}
{"SourceProcessGUID":"{8715b604-0dea-5f2a-0e00-000000000400}","UtcTime":"2020-08-05 07:48:50.752","GrantedAccess":"0x1000","@version":"1","Keywords":-9223372036854775808,"ThreadID":4452,"TargetProcessId":"6408","UserID":"S-1-5-18","Version":3,"TargetProcessGUID":"{8715b604-2bdc-5f2a-e503-000000000400}","TargetImage":"C:\\Windows\\SystemApps\\Microsoft.Windows.SecHealthUI_cw5n1h2txyewy\\SecHealthUI.exe","CallTrace":"C:\\windows\\SYSTEM32\\ntdll.dll+9c534|C:\\windows\\SYSTEM32\\psmserviceexthost.dll+222a3|C:\\windows\\SYSTEM32\\psmserviceexthost.dll+37ea0|C:\\windows\\SYSTEM32\\psmserviceexthost.dll+37929|C:\\windows\\SYSTEM32\\psmserviceexthost.dll+686f8|C:\\windows\\SYSTEM32\\psmserviceexthost.dll+6e84a|C:\\windows\\SYSTEM32\\psmserviceexthost.dll+6f700|C:\\windows\\SYSTEM32\\psmserviceexthost.dll+34be4|C:\\windows\\SYSTEM32\\psmserviceexthost.dll+6f63e|C:\\windows\\SYSTEM32\\psmserviceexthost.dll+713b5|C:\\windows\\SYSTEM32\\psmserviceexthost.dll+50bda|C:\\windows\\SYSTEM32\\psmserviceexthost.dll+4500a|C:\\windows\\System32\\KERNEL32.DLL+17bd4|C:\\windows\\SYSTEM32\\ntdll.dll+6ce51","host":"wec.internal.cloudapp.net","Message":"Process accessed:\r\nRuleName: -\r\nUtcTime: 2020-08-05 07:48:50.752\r\nSourceProcessGUID: {8715b604-0dea-5f2a-0e00-000000000400}\r\nSourceProcessId: 884\r\nSourceThreadId: 1064\r\nSourceImage: C:\\windows\\system32\\svchost.exe\r\nTargetProcessGUID: {8715b604-2bdc-5f2a-e503-000000000400}\r\nTargetProcessId: 6408\r\nTargetImage: C:\\Windows\\SystemApps\\Microsoft.Windows.SecHealthUI_cw5n1h2txyewy\\SecHealthUI.exe\r\nGrantedAccess: 0x1000\r\nCallTrace: C:\\windows\\SYSTEM32\\ntdll.dll+9c534|C:\\windows\\SYSTEM32\\psmserviceexthost.dll+222a3|C:\\windows\\SYSTEM32\\psmserviceexthost.dll+37ea0|C:\\windows\\SYSTEM32\\psmserviceexthost.dll+37929|C:\\windows\\SYSTEM32\\psmserviceexthost.dll+686f8|C:\\windows\\SYSTEM32\\psmserviceexthost.dll+6e84a|C:\\windows\\SYSTEM32\\psmserviceexthost.dll+6f700|C:\\windows\\SYSTEM32\\psmserviceexthost.dll+34be4|C:\\windows\\SYSTEM32\\psmserviceexthost.dll+6f63e|C:\\windows\\SYSTEM32\\psmserviceexthost.dll+713b5|C:\\windows\\SYSTEM32\\psmserviceexthost.dll+50bda|C:\\windows\\SYSTEM32\\psmserviceexthost.dll+4500a|C:\\windows\\System32\\KERNEL32.DLL+17bd4|C:\\windows\\SYSTEM32\\ntdll.dll+6ce51","SourceModuleName":"eventlog","SourceThreadId":"1064","SourceName":"Microsoft-Windows-Sysmon","SourceProcessId":"884","SeverityValue":2,"tags":["mordorDataset"],"Channel":"Microsoft-Windows-Sysmon/Operational","ProviderGuid":"{5770385F-C22A-43E0-BF4C-06F5698FFBD9}","RuleName":"-","EventID":10,"RecordNumber":539987,"Hostname":"WORKSTATION5.theshire.local","SourceImage":"C:\\windows\\system32\\svchost.exe","ProcessId":"884","SourceModuleType":"im_msvistalog","Domain":"NT AUTHORITY","port":53997,"EventTime":"2020-08-05 03:48:50","Severity":"INFO","ExecutionProcessID":3484,"AccountName":"SYSTEM","OpcodeValue":0,"@timestamp":"2020-08-05T07:48:51.820Z","Task":10,"EventType":"INFO","EventReceivedTime":"2020-08-05 03:48:51","AccountType":"User"}
{"SourceProcessGUID":"{8715b604-0dea-5f2a-0e00-000000000400}","UtcTime":"2020-08-05 07:48:50.752","GrantedAccess":"0x1000","@version":"1","Keywords":-9223372036854775808,"ThreadID":4452,"TargetProcessId":"6244","UserID":"S-1-5-18","Version":3,"TargetProcessGUID":"{8715b604-2975-5f2a-9603-000000000400}","TargetImage":"C:\\Windows\\SystemApps\\InputApp_cw5n1h2txyewy\\WindowsInternal.ComposableShell.Experiences.TextInput.InputApp.exe","CallTrace":"C:\\windows\\SYSTEM32\\ntdll.dll+9c534|C:\\windows\\SYSTEM32\\psmserviceexthost.dll+222a3|C:\\windows\\SYSTEM32\\psmserviceexthost.dll+37ea0|C:\\windows\\SYSTEM32\\psmserviceexthost.dll+37929|C:\\windows\\SYSTEM32\\psmserviceexthost.dll+686f8|C:\\windows\\SYSTEM32\\psmserviceexthost.dll+6e84a|C:\\windows\\SYSTEM32\\psmserviceexthost.dll+6f700|C:\\windows\\SYSTEM32\\psmserviceexthost.dll+34be4|C:\\windows\\SYSTEM32\\psmserviceexthost.dll+6f63e|C:\\windows\\SYSTEM32\\psmserviceexthost.dll+713b5|C:\\windows\\SYSTEM32\\psmserviceexthost.dll+50bda|C:\\windows\\SYSTEM32\\psmserviceexthost.dll+4500a|C:\\windows\\System32\\KERNEL32.DLL+17bd4|C:\\windows\\SYSTEM32\\ntdll.dll+6ce51","host":"wec.internal.cloudapp.net","Message":"Process accessed:\r\nRuleName: -\r\nUtcTime: 2020-08-05 07:48:50.752\r\nSourceProcessGUID: {8715b604-0dea-5f2a-0e00-000000000400}\r\nSourceProcessId: 884\r\nSourceThreadId: 1064\r\nSourceImage: C:\\windows\\system32\\svchost.exe\r\nTargetProcessGUID: {8715b604-2975-5f2a-9603-000000000400}\r\nTargetProcessId: 6244\r\nTargetImage: C:\\Windows\\SystemApps\\InputApp_cw5n1h2txyewy\\WindowsInternal.ComposableShell.Experiences.TextInput.InputApp.exe\r\nGrantedAccess: 0x1000\r\nCallTrace: C:\\windows\\SYSTEM32\\ntdll.dll+9c534|C:\\windows\\SYSTEM32\\psmserviceexthost.dll+222a3|C:\\windows\\SYSTEM32\\psmserviceexthost.dll+37ea0|C:\\windows\\SYSTEM32\\psmserviceexthost.dll+37929|C:\\windows\\SYSTEM32\\psmserviceexthost.dll+686f8|C:\\windows\\SYSTEM32\\psmserviceexthost.dll+6e84a|C:\\windows\\SYSTEM32\\psmserviceexthost.dll+6f700|C:\\windows\\SYSTEM32\\psmserviceexthost.dll+34be4|C:\\windows\\SYSTEM32\\psmserviceexthost.dll+6f63e|C:\\windows\\SYSTEM32\\psmserviceexthost.dll+713b5|C:\\windows\\SYSTEM32\\psmserviceexthost.dll+50bda|C:\\windows\\SYSTEM32\\psmserviceexthost.dll+4500a|C:\\windows\\System32\\KERNEL32.DLL+17bd4|C:\\windows\\SYSTEM32\\ntdll.dll+6ce51","SourceModuleName":"eventlog","SourceThreadId":"1064","SourceName":"Microsoft-Windows-Sysmon","SourceProcessId":"884","SeverityValue":2,"tags":["mordorDataset"],"Channel":"Microsoft-Windows-Sysmon/Operational","ProviderGuid":"{5770385F-C22A-43E0-BF4C-06F5698FFBD9}","RuleName":"-","EventID":10,"RecordNumber":539988,"Hostname":"WORKSTATION5.theshire.local","SourceImage":"C:\\windows\\system32\\svchost.exe","ProcessId":"884","SourceModuleType":"im_msvistalog","Domain":"NT AUTHORITY","port":53997,"EventTime":"2020-08-05 03:48:50","Severity":"INFO","ExecutionProcessID":3484,"AccountName":"SYSTEM","OpcodeValue":0,"@timestamp":"2020-08-05T07:48:51.820Z","Task":10,"EventType":"INFO","EventReceivedTime":"2020-08-05 03:48:51","AccountType":"User"}
{"@version":"1","ThreadID":4392,"SourceIsIpv6":"false","UserID":"S-1-5-18","Version":5,"SourcePortName":"-","DestinationPortName":"-","Message":"Network connection detected:\r\nRuleName: -\r\nUtcTime: 2020-08-05 07:48:48.289\r\nProcessGuid: {8715b604-0de3-5f2a-0100-000000000400}\r\nProcessId: 4\r\nImage: System\r\nUser: NT AUTHORITY\\SYSTEM\r\nProtocol: tcp\r\nInitiated: true\r\nSourceIsIpv6: false\r\nSourceIp: 172.18.39.5\r\nSourceHostname: -\r\nSourcePort: 60338\r\nSourcePortName: -\r\nDestinationIsIpv6: false\r\nDestinationIp: 172.18.38.5\r\nDestinationHostname: -\r\nDestinationPort: 445\r\nDestinationPortName: -","ProcessGuid":"{8715b604-0de3-5f2a-0100-000000000400}","User":"NT AUTHORITY\\SYSTEM","SourceName":"Microsoft-Windows-Sysmon","DestinationHostname":"-","tags":["mordorDataset"],"RuleName":"-","ProviderGuid":"{5770385F-C22A-43E0-BF4C-06F5698FFBD9}","EventID":3,"RecordNumber":539989,"Hostname":"WORKSTATION5.theshire.local","Protocol":"tcp","SourceModuleType":"im_msvistalog","SourceHostname":"-","ExecutionProcessID":3484,"AccountName":"SYSTEM","OpcodeValue":0,"SourceIp":"172.18.39.5","EventType":"INFO","Image":"System","AccountType":"User","UtcTime":"2020-08-05 07:48:48.289","Keywords":-9223372036854775808,"host":"wec.internal.cloudapp.net","SourceModuleName":"eventlog","SeverityValue":2,"DestinationPort":"445","Channel":"Microsoft-Windows-Sysmon/Operational","ProcessId":"4","Domain":"NT AUTHORITY","port":53997,"EventTime":"2020-08-05 03:48:51","SourcePort":"60338","Severity":"INFO","@timestamp":"2020-08-05T07:48:52.817Z","Task":3,"DestinationIsIpv6":"false","DestinationIp":"172.18.38.5","Initiated":"true","EventReceivedTime":"2020-08-05 03:48:52"}
{"@version":"1","ThreadID":4392,"SourceIsIpv6":"false","UserID":"S-1-5-18","Version":5,"SourcePortName":"-","DestinationPortName":"-","Message":"Network connection detected:\r\nRuleName: -\r\nUtcTime: 2020-08-05 07:48:48.294\r\nProcessGuid: {8715b604-0de9-5f2a-0c00-000000000400}\r\nProcessId: 760\r\nImage: C:\\Windows\\System32\\lsass.exe\r\nUser: NT AUTHORITY\\SYSTEM\r\nProtocol: tcp\r\nInitiated: true\r\nSourceIsIpv6: false\r\nSourceIp: 172.18.39.5\r\nSourceHostname: -\r\nSourcePort: 60339\r\nSourcePortName: -\r\nDestinationIsIpv6: false\r\nDestinationIp: 172.18.38.5\r\nDestinationHostname: -\r\nDestinationPort: 88\r\nDestinationPortName: -","ProcessGuid":"{8715b604-0de9-5f2a-0c00-000000000400}","User":"NT AUTHORITY\\SYSTEM","SourceName":"Microsoft-Windows-Sysmon","DestinationHostname":"-","tags":["mordorDataset"],"RuleName":"-","ProviderGuid":"{5770385F-C22A-43E0-BF4C-06F5698FFBD9}","EventID":3,"RecordNumber":539990,"Hostname":"WORKSTATION5.theshire.local","Protocol":"tcp","SourceModuleType":"im_msvistalog","SourceHostname":"-","ExecutionProcessID":3484,"AccountName":"SYSTEM","OpcodeValue":0,"SourceIp":"172.18.39.5","EventType":"INFO","Image":"C:\\Windows\\System32\\lsass.exe","AccountType":"User","UtcTime":"2020-08-05 07:48:48.294","Keywords":-9223372036854775808,"host":"wec.internal.cloudapp.net","SourceModuleName":"eventlog","SeverityValue":2,"DestinationPort":"88","Channel":"Microsoft-Windows-Sysmon/Operational","ProcessId":"760","Domain":"NT AUTHORITY","port":53997,"EventTime":"2020-08-05 03:48:51","SourcePort":"60339","Severity":"INFO","@timestamp":"2020-08-05T07:48:52.817Z","Task":3,"DestinationIsIpv6":"false","DestinationIp":"172.18.38.5","Initiated":"true","EventReceivedTime":"2020-08-05 03:48:52"}
{"@version":"1","ThreadID":4392,"SourceIsIpv6":"false","UserID":"S-1-5-18","Version":5,"SourcePortName":"-","DestinationPortName":"-","Message":"Network connection detected:\r\nRuleName: -\r\nUtcTime: 2020-08-05 07:48:48.297\r\nProcessGuid: {8715b604-0de9-5f2a-0c00-000000000400}\r\nProcessId: 760\r\nImage: C:\\Windows\\System32\\lsass.exe\r\nUser: NT AUTHORITY\\SYSTEM\r\nProtocol: tcp\r\nInitiated: true\r\nSourceIsIpv6: false\r\nSourceIp: 172.18.39.5\r\nSourceHostname: -\r\nSourcePort: 60340\r\nSourcePortName: -\r\nDestinationIsIpv6: false\r\nDestinationIp: 172.18.38.5\r\nDestinationHostname: -\r\nDestinationPort: 88\r\nDestinationPortName: -","ProcessGuid":"{8715b604-0de9-5f2a-0c00-000000000400}","User":"NT AUTHORITY\\SYSTEM","SourceName":"Microsoft-Windows-Sysmon","DestinationHostname":"-","tags":["mordorDataset"],"RuleName":"-","ProviderGuid":"{5770385F-C22A-43E0-BF4C-06F5698FFBD9}","EventID":3,"RecordNumber":539991,"Hostname":"WORKSTATION5.theshire.local","Protocol":"tcp","SourceModuleType":"im_msvistalog","SourceHostname":"-","ExecutionProcessID":3484,"AccountName":"SYSTEM","OpcodeValue":0,"SourceIp":"172.18.39.5","EventType":"INFO","Image":"C:\\Windows\\System32\\lsass.exe","AccountType":"User","UtcTime":"2020-08-05 07:48:48.297","Keywords":-9223372036854775808,"host":"wec.internal.cloudapp.net","SourceModuleName":"eventlog","SeverityValue":2,"DestinationPort":"88","Channel":"Microsoft-Windows-Sysmon/Operational","ProcessId":"760","Domain":"NT AUTHORITY","port":53997,"EventTime":"2020-08-05 03:48:51","SourcePort":"60340","Severity":"INFO","@timestamp":"2020-08-05T07:48:52.817Z","Task":3,"DestinationIsIpv6":"false","DestinationIp":"172.18.38.5","Initiated":"true","EventReceivedTime":"2020-08-05 03:48:52"}
{"@version":"1","ThreadID":4268,"SourceIsIpv6":"false","UserID":"S-1-5-18","Version":5,"SourcePortName":"-","DestinationPortName":"-","Message":"Network connection detected:\r\nRuleName: -\r\nUtcTime: 2020-08-05 07:48:48.354\r\nProcessGuid: {2b437147-0ba4-5f2a-0100-000000000400}\r\nProcessId: 4\r\nImage: System\r\nUser: NT AUTHORITY\\SYSTEM\r\nProtocol: tcp\r\nInitiated: false\r\nSourceIsIpv6: false\r\nSourceIp: 172.18.39.5\r\nSourceHostname: -\r\nSourcePort: 60338\r\nSourcePortName: -\r\nDestinationIsIpv6: false\r\nDestinationIp: 172.18.38.5\r\nDestinationHostname: -\r\nDestinationPort: 445\r\nDestinationPortName: -","ProcessGuid":"{2b437147-0ba4-5f2a-0100-000000000400}","User":"NT AUTHORITY\\SYSTEM","SourceName":"Microsoft-Windows-Sysmon","DestinationHostname":"-","tags":["mordorDataset"],"RuleName":"-","ProviderGuid":"{5770385F-C22A-43E0-BF4C-06F5698FFBD9}","EventID":3,"RecordNumber":366518,"Hostname":"MORDORDC.theshire.local","Protocol":"tcp","SourceModuleType":"im_msvistalog","SourceHostname":"-","ExecutionProcessID":3868,"AccountName":"SYSTEM","OpcodeValue":0,"SourceIp":"172.18.39.5","EventType":"INFO","Image":"System","AccountType":"User","UtcTime":"2020-08-05 07:48:48.354","Keywords":-9223372036854775808,"host":"wec.internal.cloudapp.net","SourceModuleName":"eventlog","SeverityValue":2,"DestinationPort":"445","Channel":"Microsoft-Windows-Sysmon/Operational","ProcessId":"4","Domain":"NT AUTHORITY","port":53997,"EventTime":"2020-08-05 03:48:51","SourcePort":"60338","Severity":"INFO","@timestamp":"2020-08-05T07:48:52.817Z","Task":3,"DestinationIsIpv6":"false","DestinationIp":"172.18.38.5","Initiated":"false","EventReceivedTime":"2020-08-05 03:48:52"}
{"@version":"1","ThreadID":4268,"SourceIsIpv6":"false","UserID":"S-1-5-18","Version":5,"SourcePortName":"-","DestinationPortName":"-","Message":"Network connection detected:\r\nRuleName: -\r\nUtcTime: 2020-08-05 07:48:48.359\r\nProcessGuid: {2b437147-0bab-5f2a-0c00-000000000400}\r\nProcessId: 704\r\nImage: C:\\Windows\\System32\\lsass.exe\r\nUser: NT AUTHORITY\\SYSTEM\r\nProtocol: tcp\r\nInitiated: false\r\nSourceIsIpv6: false\r\nSourceIp: 172.18.39.5\r\nSourceHostname: -\r\nSourcePort: 60339\r\nSourcePortName: -\r\nDestinationIsIpv6: false\r\nDestinationIp: 172.18.38.5\r\nDestinationHostname: -\r\nDestinationPort: 88\r\nDestinationPortName: -","ProcessGuid":"{2b437147-0bab-5f2a-0c00-000000000400}","User":"NT AUTHORITY\\SYSTEM","SourceName":"Microsoft-Windows-Sysmon","DestinationHostname":"-","tags":["mordorDataset"],"RuleName":"-","ProviderGuid":"{5770385F-C22A-43E0-BF4C-06F5698FFBD9}","EventID":3,"RecordNumber":366519,"Hostname":"MORDORDC.theshire.local","Protocol":"tcp","SourceModuleType":"im_msvistalog","SourceHostname":"-","ExecutionProcessID":3868,"AccountName":"SYSTEM","OpcodeValue":0,"SourceIp":"172.18.39.5","EventType":"INFO","Image":"C:\\Windows\\System32\\lsass.exe","AccountType":"User","UtcTime":"2020-08-05 07:48:48.359","Keywords":-9223372036854775808,"host":"wec.internal.cloudapp.net","SourceModuleName":"eventlog","SeverityValue":2,"DestinationPort":"88","Channel":"Microsoft-Windows-Sysmon/Operational","ProcessId":"704","Domain":"NT AUTHORITY","port":53997,"EventTime":"2020-08-05 03:48:51","SourcePort":"60339","Severity":"INFO","@timestamp":"2020-08-05T07:48:52.818Z","Task":3,"DestinationIsIpv6":"false","DestinationIp":"172.18.38.5","Initiated":"false","EventReceivedTime":"2020-08-05 03:48:52"}
{"@version":"1","ThreadID":4268,"SourceIsIpv6":"false","UserID":"S-1-5-18","Version":5,"SourcePortName":"-","DestinationPortName":"-","Message":"Network connection detected:\r\nRuleName: -\r\nUtcTime: 2020-08-05 07:48:48.362\r\nProcessGuid: {2b437147-0bab-5f2a-0c00-000000000400}\r\nProcessId: 704\r\nImage: C:\\Windows\\System32\\lsass.exe\r\nUser: NT AUTHORITY\\SYSTEM\r\nProtocol: tcp\r\nInitiated: false\r\nSourceIsIpv6: false\r\nSourceIp: 172.18.39.5\r\nSourceHostname: -\r\nSourcePort: 60340\r\nSourcePortName: -\r\nDestinationIsIpv6: false\r\nDestinationIp: 172.18.38.5\r\nDestinationHostname: -\r\nDestinationPort: 88\r\nDestinationPortName: -","ProcessGuid":"{2b437147-0bab-5f2a-0c00-000000000400}","User":"NT AUTHORITY\\SYSTEM","SourceName":"Microsoft-Windows-Sysmon","DestinationHostname":"-","tags":["mordorDataset"],"RuleName":"-","ProviderGuid":"{5770385F-C22A-43E0-BF4C-06F5698FFBD9}","EventID":3,"RecordNumber":366520,"Hostname":"MORDORDC.theshire.local","Protocol":"tcp","SourceModuleType":"im_msvistalog","SourceHostname":"-","ExecutionProcessID":3868,"AccountName":"SYSTEM","OpcodeValue":0,"SourceIp":"172.18.39.5","EventType":"INFO","Image":"C:\\Windows\\System32\\lsass.exe","AccountType":"User","UtcTime":"2020-08-05 07:48:48.362","Keywords":-9223372036854775808,"host":"wec.internal.cloudapp.net","SourceModuleName":"eventlog","SeverityValue":2,"DestinationPort":"88","Channel":"Microsoft-Windows-Sysmon/Operational","ProcessId":"704","Domain":"NT AUTHORITY","port":53997,"EventTime":"2020-08-05 03:48:51","SourcePort":"60340","Severity":"INFO","@timestamp":"2020-08-05T07:48:52.818Z","Task":3,"DestinationIsIpv6":"false","DestinationIp":"172.18.38.5","Initiated":"false","EventReceivedTime":"2020-08-05 03:48:52"}
{"@version":"1","ThreadID":4256,"UserID":"S-1-5-18","Version":3,"Message":"Image loaded:\r\nRuleName: -\r\nUtcTime: 2020-08-05 07:48:52.135\r\nProcessGuid: {2b437147-0e56-5f2a-3701-000000000400}\r\nProcessId: 3736\r\nImage: C:\\Windows\\System32\\svchost.exe\r\nImageLoaded: C:\\Windows\\System32\\wmidcom.dll\r\nFileVersion: 10.0.17763.1 (WinBuild.160101.0800)\r\nDescription: WMI\r\nProduct: Microsoft Windows Operating System\r\nCompany: Microsoft Corporation\r\nOriginalFileName: wmidcom.dll\r\nHashes: SHA1=4C7308C2A323D850C3E5DCB88A32A1C7DF9CBE4F,MD5=A9BC5F3E3C6406C3C5ABE804FBF7BC76,SHA256=A0177FD4B7690A680E5EAC9BDC78E21117B523622607BCA47305EB74984CF901,IMPHASH=8461651332BA942E21A64DBF3E9E80F8\r\nSigned: true\r\nSignature: Microsoft Windows\r\nSignatureStatus: Valid","ProcessGuid":"{2b437147-0e56-5f2a-3701-000000000400}","SourceName":"Microsoft-Windows-Sysmon","Hashes":"SHA1=4C7308C2A323D850C3E5DCB88A32A1C7DF9CBE4F,MD5=A9BC5F3E3C6406C3C5ABE804FBF7BC76,SHA256=A0177FD4B7690A680E5EAC9BDC78E21117B523622607BCA47305EB74984CF901,IMPHASH=8461651332BA942E21A64DBF3E9E80F8","Signature":"Microsoft Windows","tags":["mordorDataset"],"RuleName":"-","ProviderGuid":"{5770385F-C22A-43E0-BF4C-06F5698FFBD9}","EventID":7,"RecordNumber":366521,"Hostname":"MORDORDC.theshire.local","SourceModuleType":"im_msvistalog","Signed":"true","ExecutionProcessID":3868,"AccountName":"SYSTEM","OpcodeValue":0,"EventType":"INFO","FileVersion":"10.0.17763.1 (WinBuild.160101.0800)","Image":"C:\\Windows\\System32\\svchost.exe","AccountType":"User","UtcTime":"2020-08-05 07:48:52.135","Keywords":-9223372036854775808,"OriginalFileName":"wmidcom.dll","host":"wec.internal.cloudapp.net","SourceModuleName":"eventlog","SeverityValue":2,"SignatureStatus":"Valid","Channel":"Microsoft-Windows-Sysmon/Operational","Description":"WMI","ProcessId":"3736","Domain":"NT AUTHORITY","port":53997,"Company":"Microsoft Corporation","EventTime":"2020-08-05 03:48:52","Severity":"INFO","Product":"Microsoft Windows Operating System","@timestamp":"2020-08-05T07:48:52.819Z","Task":7,"ImageLoaded":"C:\\Windows\\System32\\wmidcom.dll","EventReceivedTime":"2020-08-05 03:48:52"}
{"@version":"1","ThreadID":4256,"UserID":"S-1-5-18","Version":3,"Message":"Image loaded:\r\nRuleName: -\r\nUtcTime: 2020-08-05 07:48:52.135\r\nProcessGuid: {2b437147-0e56-5f2a-3701-000000000400}\r\nProcessId: 3736\r\nImage: C:\\Windows\\System32\\svchost.exe\r\nImageLoaded: C:\\Windows\\System32\\dpapi.dll\r\nFileVersion: 10.0.17763.1 (WinBuild.160101.0800)\r\nDescription: Data Protection API\r\nProduct: Microsoft Windows Operating System\r\nCompany: Microsoft Corporation\r\nOriginalFileName: dpapi.dll\r\nHashes: SHA1=C50FDD4A17CA9451C66413BA04ED2CC79883AD16,MD5=CF864B08CEA15894A4E6E676A7FE89A3,SHA256=0D1488B2FF471C1EF2F8F2742D685A8778B2C1512A044BDF2606C3ED92E0B512,IMPHASH=C591E3A4DDFE145A26EEC16DB70623B7\r\nSigned: true\r\nSignature: Microsoft Windows\r\nSignatureStatus: Valid","ProcessGuid":"{2b437147-0e56-5f2a-3701-000000000400}","SourceName":"Microsoft-Windows-Sysmon","Hashes":"SHA1=C50FDD4A17CA9451C66413BA04ED2CC79883AD16,MD5=CF864B08CEA15894A4E6E676A7FE89A3,SHA256=0D1488B2FF471C1EF2F8F2742D685A8778B2C1512A044BDF2606C3ED92E0B512,IMPHASH=C591E3A4DDFE145A26EEC16DB70623B7","Signature":"Microsoft Windows","tags":["mordorDataset"],"RuleName":"-","ProviderGuid":"{5770385F-C22A-43E0-BF4C-06F5698FFBD9}","EventID":7,"RecordNumber":366522,"Hostname":"MORDORDC.theshire.local","SourceModuleType":"im_msvistalog","Signed":"true","ExecutionProcessID":3868,"AccountName":"SYSTEM","OpcodeValue":0,"EventType":"INFO","FileVersion":"10.0.17763.1 (WinBuild.160101.0800)","Image":"C:\\Windows\\System32\\svchost.exe","AccountType":"User","UtcTime":"2020-08-05 07:48:52.135","Keywords":-9223372036854775808,"OriginalFileName":"dpapi.dll","host":"wec.internal.cloudapp.net","SourceModuleName":"eventlog","SeverityValue":2,"SignatureStatus":"Valid","Channel":"Microsoft-Windows-Sysmon/Operational","Description":"Data Protection API","ProcessId":"3736","Domain":"NT AUTHORITY","port":53997,"Company":"Microsoft Corporation","EventTime":"2020-08-05 03:48:52","Severity":"INFO","Product":"Microsoft Windows Operating System","@timestamp":"2020-08-05T07:48:52.819Z","Task":7,"ImageLoaded":"C:\\Windows\\System32\\dpapi.dll","EventReceivedTime":"2020-08-05 03:48:52"}
{"SourceProcessGUID":"{8715b604-0dea-5f2a-0e00-000000000400}","UtcTime":"2020-08-05 07:48:51.752","GrantedAccess":"0x1000","@version":"1","Keywords":-9223372036854775808,"ThreadID":4452,"TargetProcessId":"4400","UserID":"S-1-5-18","Version":3,"TargetProcessGUID":"{8715b604-104c-5f2a-c702-000000000400}","TargetImage":"C:\\Windows\\SystemApps\\InputApp_cw5n1h2txyewy\\WindowsInternal.ComposableShell.Experiences.TextInput.InputApp.exe","CallTrace":"C:\\windows\\SYSTEM32\\ntdll.dll+9c534|C:\\windows\\SYSTEM32\\psmserviceexthost.dll+222a3|C:\\windows\\SYSTEM32\\psmserviceexthost.dll+37ea0|C:\\windows\\SYSTEM32\\psmserviceexthost.dll+37929|C:\\windows\\SYSTEM32\\psmserviceexthost.dll+686f8|C:\\windows\\SYSTEM32\\psmserviceexthost.dll+6e84a|C:\\windows\\SYSTEM32\\psmserviceexthost.dll+6f700|C:\\windows\\SYSTEM32\\psmserviceexthost.dll+34be4|C:\\windows\\SYSTEM32\\psmserviceexthost.dll+6f63e|C:\\windows\\SYSTEM32\\psmserviceexthost.dll+713b5|C:\\windows\\SYSTEM32\\psmserviceexthost.dll+50bda|C:\\windows\\SYSTEM32\\psmserviceexthost.dll+4500a|C:\\windows\\System32\\KERNEL32.DLL+17bd4|C:\\windows\\SYSTEM32\\ntdll.dll+6ce51","host":"wec.internal.cloudapp.net","Message":"Process accessed:\r\nRuleName: -\r\nUtcTime: 2020-08-05 07:48:51.752\r\nSourceProcessGUID: {8715b604-0dea-5f2a-0e00-000000000400}\r\nSourceProcessId: 884\r\nSourceThreadId: 1064\r\nSourceImage: C:\\windows\\system32\\svchost.exe\r\nTargetProcessGUID: {8715b604-104c-5f2a-c702-000000000400}\r\nTargetProcessId: 4400\r\nTargetImage: C:\\Windows\\SystemApps\\InputApp_cw5n1h2txyewy\\WindowsInternal.ComposableShell.Experiences.TextInput.InputApp.exe\r\nGrantedAccess: 0x1000\r\nCallTrace: C:\\windows\\SYSTEM32\\ntdll.dll+9c534|C:\\windows\\SYSTEM32\\psmserviceexthost.dll+222a3|C:\\windows\\SYSTEM32\\psmserviceexthost.dll+37ea0|C:\\windows\\SYSTEM32\\psmserviceexthost.dll+37929|C:\\windows\\SYSTEM32\\psmserviceexthost.dll+686f8|C:\\windows\\SYSTEM32\\psmserviceexthost.dll+6e84a|C:\\windows\\SYSTEM32\\psmserviceexthost.dll+6f700|C:\\windows\\SYSTEM32\\psmserviceexthost.dll+34be4|C:\\windows\\SYSTEM32\\psmserviceexthost.dll+6f63e|C:\\windows\\SYSTEM32\\psmserviceexthost.dll+713b5|C:\\windows\\SYSTEM32\\psmserviceexthost.dll+50bda|C:\\windows\\SYSTEM32\\psmserviceexthost.dll+4500a|C:\\windows\\System32\\KERNEL32.DLL+17bd4|C:\\windows\\SYSTEM32\\ntdll.dll+6ce51","SourceModuleName":"eventlog","SourceThreadId":"1064","SourceName":"Microsoft-Windows-Sysmon","SourceProcessId":"884","SeverityValue":2,"tags":["mordorDataset"],"Channel":"Microsoft-Windows-Sysmon/Operational","ProviderGuid":"{5770385F-C22A-43E0-BF4C-06F5698FFBD9}","RuleName":"-","EventID":10,"RecordNumber":539992,"Hostname":"WORKSTATION5.theshire.local","SourceImage":"C:\\windows\\system32\\svchost.exe","ProcessId":"884","SourceModuleType":"im_msvistalog","Domain":"NT AUTHORITY","port":53997,"EventTime":"2020-08-05 03:48:51","Severity":"INFO","ExecutionProcessID":3484,"AccountName":"SYSTEM","OpcodeValue":0,"@timestamp":"2020-08-05T07:48:52.819Z","Task":10,"EventType":"INFO","EventReceivedTime":"2020-08-05 03:48:52","AccountType":"User"}
{"SourceProcessGUID":"{8715b604-0dea-5f2a-0e00-000000000400}","UtcTime":"2020-08-05 07:48:51.752","GrantedAccess":"0x1000","@version":"1","Keywords":-9223372036854775808,"ThreadID":4452,"TargetProcessId":"2764","UserID":"S-1-5-18","Version":3,"TargetProcessGUID":"{8715b604-2c5e-5f2a-0904-000000000400}","TargetImage":"C:\\Windows\\ImmersiveControlPanel\\SystemSettings.exe","CallTrace":"C:\\windows\\SYSTEM32\\ntdll.dll+9c534|C:\\windows\\SYSTEM32\\psmserviceexthost.dll+222a3|C:\\windows\\SYSTEM32\\psmserviceexthost.dll+37ea0|C:\\windows\\SYSTEM32\\psmserviceexthost.dll+37929|C:\\windows\\SYSTEM32\\psmserviceexthost.dll+686f8|C:\\windows\\SYSTEM32\\psmserviceexthost.dll+6e84a|C:\\windows\\SYSTEM32\\psmserviceexthost.dll+6f700|C:\\windows\\SYSTEM32\\psmserviceexthost.dll+34be4|C:\\windows\\SYSTEM32\\psmserviceexthost.dll+6f63e|C:\\windows\\SYSTEM32\\psmserviceexthost.dll+713b5|C:\\windows\\SYSTEM32\\psmserviceexthost.dll+50bda|C:\\windows\\SYSTEM32\\psmserviceexthost.dll+4500a|C:\\windows\\System32\\KERNEL32.DLL+17bd4|C:\\windows\\SYSTEM32\\ntdll.dll+6ce51","host":"wec.internal.cloudapp.net","Message":"Process accessed:\r\nRuleName: -\r\nUtcTime: 2020-08-05 07:48:51.752\r\nSourceProcessGUID: {8715b604-0dea-5f2a-0e00-000000000400}\r\nSourceProcessId: 884\r\nSourceThreadId: 1064\r\nSourceImage: C:\\windows\\system32\\svchost.exe\r\nTargetProcessGUID: {8715b604-2c5e-5f2a-0904-000000000400}\r\nTargetProcessId: 2764\r\nTargetImage: C:\\Windows\\ImmersiveControlPanel\\SystemSettings.exe\r\nGrantedAccess: 0x1000\r\nCallTrace: C:\\windows\\SYSTEM32\\ntdll.dll+9c534|C:\\windows\\SYSTEM32\\psmserviceexthost.dll+222a3|C:\\windows\\SYSTEM32\\psmserviceexthost.dll+37ea0|C:\\windows\\SYSTEM32\\psmserviceexthost.dll+37929|C:\\windows\\SYSTEM32\\psmserviceexthost.dll+686f8|C:\\windows\\SYSTEM32\\psmserviceexthost.dll+6e84a|C:\\windows\\SYSTEM32\\psmserviceexthost.dll+6f700|C:\\windows\\SYSTEM32\\psmserviceexthost.dll+34be4|C:\\windows\\SYSTEM32\\psmserviceexthost.dll+6f63e|C:\\windows\\SYSTEM32\\psmserviceexthost.dll+713b5|C:\\windows\\SYSTEM32\\psmserviceexthost.dll+50bda|C:\\windows\\SYSTEM32\\psmserviceexthost.dll+4500a|C:\\windows\\System32\\KERNEL32.DLL+17bd4|C:\\windows\\SYSTEM32\\ntdll.dll+6ce51","SourceModuleName":"eventlog","SourceThreadId":"1064","SourceName":"Microsoft-Windows-Sysmon","SourceProcessId":"884","SeverityValue":2,"tags":["mordorDataset"],"Channel":"Microsoft-Windows-Sysmon/Operational","ProviderGuid":"{5770385F-C22A-43E0-BF4C-06F5698FFBD9}","RuleName":"-","EventID":10,"RecordNumber":539993,"Hostname":"WORKSTATION5.theshire.local","SourceImage":"C:\\windows\\system32\\svchost.exe","ProcessId":"884","SourceModuleType":"im_msvistalog","Domain":"NT AUTHORITY","port":53997,"EventTime":"2020-08-05 03:48:51","Severity":"INFO","ExecutionProcessID":3484,"AccountName":"SYSTEM","OpcodeValue":0,"@timestamp":"2020-08-05T07:48:52.819Z","Task":10,"EventType":"INFO","EventReceivedTime":"2020-08-05 03:48:52","AccountType":"User"}
{"SourceProcessGUID":"{8715b604-0dea-5f2a-0e00-000000000400}","UtcTime":"2020-08-05 07:48:51.752","GrantedAccess":"0x1000","@version":"1","Keywords":-9223372036854775808,"ThreadID":4452,"TargetProcessId":"6408","UserID":"S-1-5-18","Version":3,"TargetProcessGUID":"{8715b604-2bdc-5f2a-e503-000000000400}","TargetImage":"C:\\Windows\\SystemApps\\Microsoft.Windows.SecHealthUI_cw5n1h2txyewy\\SecHealthUI.exe","CallTrace":"C:\\windows\\SYSTEM32\\ntdll.dll+9c534|C:\\windows\\SYSTEM32\\psmserviceexthost.dll+222a3|C:\\windows\\SYSTEM32\\psmserviceexthost.dll+37ea0|C:\\windows\\SYSTEM32\\psmserviceexthost.dll+37929|C:\\windows\\SYSTEM32\\psmserviceexthost.dll+686f8|C:\\windows\\SYSTEM32\\psmserviceexthost.dll+6e84a|C:\\windows\\SYSTEM32\\psmserviceexthost.dll+6f700|C:\\windows\\SYSTEM32\\psmserviceexthost.dll+34be4|C:\\windows\\SYSTEM32\\psmserviceexthost.dll+6f63e|C:\\windows\\SYSTEM32\\psmserviceexthost.dll+713b5|C:\\windows\\SYSTEM32\\psmserviceexthost.dll+50bda|C:\\windows\\SYSTEM32\\psmserviceexthost.dll+4500a|C:\\windows\\System32\\KERNEL32.DLL+17bd4|C:\\windows\\SYSTEM32\\ntdll.dll+6ce51","host":"wec.internal.cloudapp.net","Message":"Process accessed:\r\nRuleName: -\r\nUtcTime: 2020-08-05 07:48:51.752\r\nSourceProcessGUID: {8715b604-0dea-5f2a-0e00-000000000400}\r\nSourceProcessId: 884\r\nSourceThreadId: 1064\r\nSourceImage: C:\\windows\\system32\\svchost.exe\r\nTargetProcessGUID: {8715b604-2bdc-5f2a-e503-000000000400}\r\nTargetProcessId: 6408\r\nTargetImage: C:\\Windows\\SystemApps\\Microsoft.Windows.SecHealthUI_cw5n1h2txyewy\\SecHealthUI.exe\r\nGrantedAccess: 0x1000\r\nCallTrace: C:\\windows\\SYSTEM32\\ntdll.dll+9c534|C:\\windows\\SYSTEM32\\psmserviceexthost.dll+222a3|C:\\windows\\SYSTEM32\\psmserviceexthost.dll+37ea0|C:\\windows\\SYSTEM32\\psmserviceexthost.dll+37929|C:\\windows\\SYSTEM32\\psmserviceexthost.dll+686f8|C:\\windows\\SYSTEM32\\psmserviceexthost.dll+6e84a|C:\\windows\\SYSTEM32\\psmserviceexthost.dll+6f700|C:\\windows\\SYSTEM32\\psmserviceexthost.dll+34be4|C:\\windows\\SYSTEM32\\psmserviceexthost.dll+6f63e|C:\\windows\\SYSTEM32\\psmserviceexthost.dll+713b5|C:\\windows\\SYSTEM32\\psmserviceexthost.dll+50bda|C:\\windows\\SYSTEM32\\psmserviceexthost.dll+4500a|C:\\windows\\System32\\KERNEL32.DLL+17bd4|C:\\windows\\SYSTEM32\\ntdll.dll+6ce51","SourceModuleName":"eventlog","SourceThreadId":"1064","SourceName":"Microsoft-Windows-Sysmon","SourceProcessId":"884","SeverityValue":2,"tags":["mordorDataset"],"Channel":"Microsoft-Windows-Sysmon/Operational","ProviderGuid":"{5770385F-C22A-43E0-BF4C-06F5698FFBD9}","RuleName":"-","EventID":10,"RecordNumber":539994,"Hostname":"WORKSTATION5.theshire.local","SourceImage":"C:\\windows\\system32\\svchost.exe","ProcessId":"884","SourceModuleType":"im_msvistalog","Domain":"NT AUTHORITY","port":53997,"EventTime":"2020-08-05 03:48:51","Severity":"INFO","ExecutionProcessID":3484,"AccountName":"SYSTEM","OpcodeValue":0,"@timestamp":"2020-08-05T07:48:52.820Z","Task":10,"EventType":"INFO","EventReceivedTime":"2020-08-05 03:48:52","AccountType":"User"}
{"SourceProcessGUID":"{8715b604-0dea-5f2a-0e00-000000000400}","UtcTime":"2020-08-05 07:48:51.752","GrantedAccess":"0x1000","@version":"1","Keywords":-9223372036854775808,"ThreadID":4452,"TargetProcessId":"6244","UserID":"S-1-5-18","Version":3,"TargetProcessGUID":"{8715b604-2975-5f2a-9603-000000000400}","TargetImage":"C:\\Windows\\SystemApps\\InputApp_cw5n1h2txyewy\\WindowsInternal.ComposableShell.Experiences.TextInput.InputApp.exe","CallTrace":"C:\\windows\\SYSTEM32\\ntdll.dll+9c534|C:\\windows\\SYSTEM32\\psmserviceexthost.dll+222a3|C:\\windows\\SYSTEM32\\psmserviceexthost.dll+37ea0|C:\\windows\\SYSTEM32\\psmserviceexthost.dll+37929|C:\\windows\\SYSTEM32\\psmserviceexthost.dll+686f8|C:\\windows\\SYSTEM32\\psmserviceexthost.dll+6e84a|C:\\windows\\SYSTEM32\\psmserviceexthost.dll+6f700|C:\\windows\\SYSTEM32\\psmserviceexthost.dll+34be4|C:\\windows\\SYSTEM32\\psmserviceexthost.dll+6f63e|C:\\windows\\SYSTEM32\\psmserviceexthost.dll+713b5|C:\\windows\\SYSTEM32\\psmserviceexthost.dll+50bda|C:\\windows\\SYSTEM32\\psmserviceexthost.dll+4500a|C:\\windows\\System32\\KERNEL32.DLL+17bd4|C:\\windows\\SYSTEM32\\ntdll.dll+6ce51","host":"wec.internal.cloudapp.net","Message":"Process accessed:\r\nRuleName: -\r\nUtcTime: 2020-08-05 07:48:51.752\r\nSourceProcessGUID: {8715b604-0dea-5f2a-0e00-000000000400}\r\nSourceProcessId: 884\r\nSourceThreadId: 1064\r\nSourceImage: C:\\windows\\system32\\svchost.exe\r\nTargetProcessGUID: {8715b604-2975-5f2a-9603-000000000400}\r\nTargetProcessId: 6244\r\nTargetImage: C:\\Windows\\SystemApps\\InputApp_cw5n1h2txyewy\\WindowsInternal.ComposableShell.Experiences.TextInput.InputApp.exe\r\nGrantedAccess: 0x1000\r\nCallTrace: C:\\windows\\SYSTEM32\\ntdll.dll+9c534|C:\\windows\\SYSTEM32\\psmserviceexthost.dll+222a3|C:\\windows\\SYSTEM32\\psmserviceexthost.dll+37ea0|C:\\windows\\SYSTEM32\\psmserviceexthost.dll+37929|C:\\windows\\SYSTEM32\\psmserviceexthost.dll+686f8|C:\\windows\\SYSTEM32\\psmserviceexthost.dll+6e84a|C:\\windows\\SYSTEM32\\psmserviceexthost.dll+6f700|C:\\windows\\SYSTEM32\\psmserviceexthost.dll+34be4|C:\\windows\\SYSTEM32\\psmserviceexthost.dll+6f63e|C:\\windows\\SYSTEM32\\psmserviceexthost.dll+713b5|C:\\windows\\SYSTEM32\\psmserviceexthost.dll+50bda|C:\\windows\\SYSTEM32\\psmserviceexthost.dll+4500a|C:\\windows\\System32\\KERNEL32.DLL+17bd4|C:\\windows\\SYSTEM32\\ntdll.dll+6ce51","SourceModuleName":"eventlog","SourceThreadId":"1064","SourceName":"Microsoft-Windows-Sysmon","SourceProcessId":"884","SeverityValue":2,"tags":["mordorDataset"],"Channel":"Microsoft-Windows-Sysmon/Operational","ProviderGuid":"{5770385F-C22A-43E0-BF4C-06F5698FFBD9}","RuleName":"-","EventID":10,"RecordNumber":539995,"Hostname":"WORKSTATION5.theshire.local","SourceImage":"C:\\windows\\system32\\svchost.exe","ProcessId":"884","SourceModuleType":"im_msvistalog","Domain":"NT AUTHORITY","port":53997,"EventTime":"2020-08-05 03:48:51","Severity":"INFO","ExecutionProcessID":3484,"AccountName":"SYSTEM","OpcodeValue":0,"@timestamp":"2020-08-05T07:48:52.820Z","Task":10,"EventType":"INFO","EventReceivedTime":"2020-08-05 03:48:52","AccountType":"User"}
{"SourceProcessGUID":"{8715b604-0dea-5f2a-0e00-000000000400}","UtcTime":"2020-08-05 07:48:52.753","GrantedAccess":"0x1000","@version":"1","Keywords":-9223372036854775808,"ThreadID":4452,"TargetProcessId":"4400","UserID":"S-1-5-18","Version":3,"TargetProcessGUID":"{8715b604-104c-5f2a-c702-000000000400}","TargetImage":"C:\\Windows\\SystemApps\\InputApp_cw5n1h2txyewy\\WindowsInternal.ComposableShell.Experiences.TextInput.InputApp.exe","CallTrace":"C:\\windows\\SYSTEM32\\ntdll.dll+9c534|C:\\windows\\SYSTEM32\\psmserviceexthost.dll+222a3|C:\\windows\\SYSTEM32\\psmserviceexthost.dll+37ea0|C:\\windows\\SYSTEM32\\psmserviceexthost.dll+37929|C:\\windows\\SYSTEM32\\psmserviceexthost.dll+686f8|C:\\windows\\SYSTEM32\\psmserviceexthost.dll+6e84a|C:\\windows\\SYSTEM32\\psmserviceexthost.dll+6f700|C:\\windows\\SYSTEM32\\psmserviceexthost.dll+34be4|C:\\windows\\SYSTEM32\\psmserviceexthost.dll+6f63e|C:\\windows\\SYSTEM32\\psmserviceexthost.dll+713b5|C:\\windows\\SYSTEM32\\psmserviceexthost.dll+50bda|C:\\windows\\SYSTEM32\\psmserviceexthost.dll+4500a|C:\\windows\\System32\\KERNEL32.DLL+17bd4|C:\\windows\\SYSTEM32\\ntdll.dll+6ce51","host":"wec.internal.cloudapp.net","Message":"Process accessed:\r\nRuleName: -\r\nUtcTime: 2020-08-05 07:48:52.753\r\nSourceProcessGUID: {8715b604-0dea-5f2a-0e00-000000000400}\r\nSourceProcessId: 884\r\nSourceThreadId: 1064\r\nSourceImage: C:\\windows\\system32\\svchost.exe\r\nTargetProcessGUID: {8715b604-104c-5f2a-c702-000000000400}\r\nTargetProcessId: 4400\r\nTargetImage: C:\\Windows\\SystemApps\\InputApp_cw5n1h2txyewy\\WindowsInternal.ComposableShell.Experiences.TextInput.InputApp.exe\r\nGrantedAccess: 0x1000\r\nCallTrace: C:\\windows\\SYSTEM32\\ntdll.dll+9c534|C:\\windows\\SYSTEM32\\psmserviceexthost.dll+222a3|C:\\windows\\SYSTEM32\\psmserviceexthost.dll+37ea0|C:\\windows\\SYSTEM32\\psmserviceexthost.dll+37929|C:\\windows\\SYSTEM32\\psmserviceexthost.dll+686f8|C:\\windows\\SYSTEM32\\psmserviceexthost.dll+6e84a|C:\\windows\\SYSTEM32\\psmserviceexthost.dll+6f700|C:\\windows\\SYSTEM32\\psmserviceexthost.dll+34be4|C:\\windows\\SYSTEM32\\psmserviceexthost.dll+6f63e|C:\\windows\\SYSTEM32\\psmserviceexthost.dll+713b5|C:\\windows\\SYSTEM32\\psmserviceexthost.dll+50bda|C:\\windows\\SYSTEM32\\psmserviceexthost.dll+4500a|C:\\windows\\System32\\KERNEL32.DLL+17bd4|C:\\windows\\SYSTEM32\\ntdll.dll+6ce51","SourceModuleName":"eventlog","SourceThreadId":"1064","SourceName":"Microsoft-Windows-Sysmon","SourceProcessId":"884","SeverityValue":2,"tags":["mordorDataset"],"Channel":"Microsoft-Windows-Sysmon/Operational","ProviderGuid":"{5770385F-C22A-43E0-BF4C-06F5698FFBD9}","RuleName":"-","EventID":10,"RecordNumber":539996,"Hostname":"WORKSTATION5.theshire.local","SourceImage":"C:\\windows\\system32\\svchost.exe","ProcessId":"884","SourceModuleType":"im_msvistalog","Domain":"NT AUTHORITY","port":53997,"EventTime":"2020-08-05 03:48:52","Severity":"INFO","ExecutionProcessID":3484,"AccountName":"SYSTEM","OpcodeValue":0,"@timestamp":"2020-08-05T07:48:54.832Z","Task":10,"EventType":"INFO","EventReceivedTime":"2020-08-05 03:48:54","AccountType":"User"}
{"SourceProcessGUID":"{8715b604-0dea-5f2a-0e00-000000000400}","UtcTime":"2020-08-05 07:48:52.753","GrantedAccess":"0x1000","@version":"1","Keywords":-9223372036854775808,"ThreadID":4452,"TargetProcessId":"2764","UserID":"S-1-5-18","Version":3,"TargetProcessGUID":"{8715b604-2c5e-5f2a-0904-000000000400}","TargetImage":"C:\\Windows\\ImmersiveControlPanel\\SystemSettings.exe","CallTrace":"C:\\windows\\SYSTEM32\\ntdll.dll+9c534|C:\\windows\\SYSTEM32\\psmserviceexthost.dll+222a3|C:\\windows\\SYSTEM32\\psmserviceexthost.dll+37ea0|C:\\windows\\SYSTEM32\\psmserviceexthost.dll+37929|C:\\windows\\SYSTEM32\\psmserviceexthost.dll+686f8|C:\\windows\\SYSTEM32\\psmserviceexthost.dll+6e84a|C:\\windows\\SYSTEM32\\psmserviceexthost.dll+6f700|C:\\windows\\SYSTEM32\\psmserviceexthost.dll+34be4|C:\\windows\\SYSTEM32\\psmserviceexthost.dll+6f63e|C:\\windows\\SYSTEM32\\psmserviceexthost.dll+713b5|C:\\windows\\SYSTEM32\\psmserviceexthost.dll+50bda|C:\\windows\\SYSTEM32\\psmserviceexthost.dll+4500a|C:\\windows\\System32\\KERNEL32.DLL+17bd4|C:\\windows\\SYSTEM32\\ntdll.dll+6ce51","host":"wec.internal.cloudapp.net","Message":"Process accessed:\r\nRuleName: -\r\nUtcTime: 2020-08-05 07:48:52.753\r\nSourceProcessGUID: {8715b604-0dea-5f2a-0e00-000000000400}\r\nSourceProcessId: 884\r\nSourceThreadId: 1064\r\nSourceImage: C:\\windows\\system32\\svchost.exe\r\nTargetProcessGUID: {8715b604-2c5e-5f2a-0904-000000000400}\r\nTargetProcessId: 2764\r\nTargetImage: C:\\Windows\\ImmersiveControlPanel\\SystemSettings.exe\r\nGrantedAccess: 0x1000\r\nCallTrace: C:\\windows\\SYSTEM32\\ntdll.dll+9c534|C:\\windows\\SYSTEM32\\psmserviceexthost.dll+222a3|C:\\windows\\SYSTEM32\\psmserviceexthost.dll+37ea0|C:\\windows\\SYSTEM32\\psmserviceexthost.dll+37929|C:\\windows\\SYSTEM32\\psmserviceexthost.dll+686f8|C:\\windows\\SYSTEM32\\psmserviceexthost.dll+6e84a|C:\\windows\\SYSTEM32\\psmserviceexthost.dll+6f700|C:\\windows\\SYSTEM32\\psmserviceexthost.dll+34be4|C:\\windows\\SYSTEM32\\psmserviceexthost.dll+6f63e|C:\\windows\\SYSTEM32\\psmserviceexthost.dll+713b5|C:\\windows\\SYSTEM32\\psmserviceexthost.dll+50bda|C:\\windows\\SYSTEM32\\psmserviceexthost.dll+4500a|C:\\windows\\System32\\KERNEL32.DLL+17bd4|C:\\windows\\SYSTEM32\\ntdll.dll+6ce51","SourceModuleName":"eventlog","SourceThreadId":"1064","SourceName":"Microsoft-Windows-Sysmon","SourceProcessId":"884","SeverityValue":2,"tags":["mordorDataset"],"Channel":"Microsoft-Windows-Sysmon/Operational","ProviderGuid":"{5770385F-C22A-43E0-BF4C-06F5698FFBD9}","RuleName":"-","EventID":10,"RecordNumber":539997,"Hostname":"WORKSTATION5.theshire.local","SourceImage":"C:\\windows\\system32\\svchost.exe","ProcessId":"884","SourceModuleType":"im_msvistalog","Domain":"NT AUTHORITY","port":53997,"EventTime":"2020-08-05 03:48:52","Severity":"INFO","ExecutionProcessID":3484,"AccountName":"SYSTEM","OpcodeValue":0,"@timestamp":"2020-08-05T07:48:54.833Z","Task":10,"EventType":"INFO","EventReceivedTime":"2020-08-05 03:48:54","AccountType":"User"}
{"SourceProcessGUID":"{8715b604-0dea-5f2a-0e00-000000000400}","UtcTime":"2020-08-05 07:48:52.753","GrantedAccess":"0x1000","@version":"1","Keywords":-9223372036854775808,"ThreadID":4452,"TargetProcessId":"6408","UserID":"S-1-5-18","Version":3,"TargetProcessGUID":"{8715b604-2bdc-5f2a-e503-000000000400}","TargetImage":"C:\\Windows\\SystemApps\\Microsoft.Windows.SecHealthUI_cw5n1h2txyewy\\SecHealthUI.exe","CallTrace":"C:\\windows\\SYSTEM32\\ntdll.dll+9c534|C:\\windows\\SYSTEM32\\psmserviceexthost.dll+222a3|C:\\windows\\SYSTEM32\\psmserviceexthost.dll+37ea0|C:\\windows\\SYSTEM32\\psmserviceexthost.dll+37929|C:\\windows\\SYSTEM32\\psmserviceexthost.dll+686f8|C:\\windows\\SYSTEM32\\psmserviceexthost.dll+6e84a|C:\\windows\\SYSTEM32\\psmserviceexthost.dll+6f700|C:\\windows\\SYSTEM32\\psmserviceexthost.dll+34be4|C:\\windows\\SYSTEM32\\psmserviceexthost.dll+6f63e|C:\\windows\\SYSTEM32\\psmserviceexthost.dll+713b5|C:\\windows\\SYSTEM32\\psmserviceexthost.dll+50bda|C:\\windows\\SYSTEM32\\psmserviceexthost.dll+4500a|C:\\windows\\System32\\KERNEL32.DLL+17bd4|C:\\windows\\SYSTEM32\\ntdll.dll+6ce51","host":"wec.internal.cloudapp.net","Message":"Process accessed:\r\nRuleName: -\r\nUtcTime: 2020-08-05 07:48:52.753\r\nSourceProcessGUID: {8715b604-0dea-5f2a-0e00-000000000400}\r\nSourceProcessId: 884\r\nSourceThreadId: 1064\r\nSourceImage: C:\\windows\\system32\\svchost.exe\r\nTargetProcessGUID: {8715b604-2bdc-5f2a-e503-000000000400}\r\nTargetProcessId: 6408\r\nTargetImage: C:\\Windows\\SystemApps\\Microsoft.Windows.SecHealthUI_cw5n1h2txyewy\\SecHealthUI.exe\r\nGrantedAccess: 0x1000\r\nCallTrace: C:\\windows\\SYSTEM32\\ntdll.dll+9c534|C:\\windows\\SYSTEM32\\psmserviceexthost.dll+222a3|C:\\windows\\SYSTEM32\\psmserviceexthost.dll+37ea0|C:\\windows\\SYSTEM32\\psmserviceexthost.dll+37929|C:\\windows\\SYSTEM32\\psmserviceexthost.dll+686f8|C:\\windows\\SYSTEM32\\psmserviceexthost.dll+6e84a|C:\\windows\\SYSTEM32\\psmserviceexthost.dll+6f700|C:\\windows\\SYSTEM32\\psmserviceexthost.dll+34be4|C:\\windows\\SYSTEM32\\psmserviceexthost.dll+6f63e|C:\\windows\\SYSTEM32\\psmserviceexthost.dll+713b5|C:\\windows\\SYSTEM32\\psmserviceexthost.dll+50bda|C:\\windows\\SYSTEM32\\psmserviceexthost.dll+4500a|C:\\windows\\System32\\KERNEL32.DLL+17bd4|C:\\windows\\SYSTEM32\\ntdll.dll+6ce51","SourceModuleName":"eventlog","SourceThreadId":"1064","SourceName":"Microsoft-Windows-Sysmon","SourceProcessId":"884","SeverityValue":2,"tags":["mordorDataset"],"Channel":"Microsoft-Windows-Sysmon/Operational","ProviderGuid":"{5770385F-C22A-43E0-BF4C-06F5698FFBD9}","RuleName":"-","EventID":10,"RecordNumber":539998,"Hostname":"WORKSTATION5.theshire.local","SourceImage":"C:\\windows\\system32\\svchost.exe","ProcessId":"884","SourceModuleType":"im_msvistalog","Domain":"NT AUTHORITY","port":53997,"EventTime":"2020-08-05 03:48:52","Severity":"INFO","ExecutionProcessID":3484,"AccountName":"SYSTEM","OpcodeValue":0,"@timestamp":"2020-08-05T07:48:54.833Z","Task":10,"EventType":"INFO","EventReceivedTime":"2020-08-05 03:48:54","AccountType":"User"}
