{"@version":"1","ThreadID":424,"TargetDomainName":"THESHIRE.LOCAL","Version":2,"VirtualAccount":"%%1843","Message":"An account was successfully logged on.\r\n\r\nSubject:\r\n\tSecurity ID:\t\tS-1-0-0\r\n\tAccount Name:\t\t-\r\n\tAccount Domain:\t\t-\r\n\tLogon ID:\t\t0x0\r\n\r\nLogon Information:\r\n\tLogon Type:\t\t3\r\n\tRestricted Admin Mode:\t-\r\n\tVirtual Account:\t\tNo\r\n\tElevated Token:\t\tYes\r\n\r\nImpersonation Level:\t\tDelegation\r\n\r\nNew Logon:\r\n\tSecurity ID:\t\tS-1-5-21-3669966080-2286457517-972388166-1111\r\n\tAccount Name:\t\tWEC$\r\n\tAccount Domain:\t\tTHESHIRE.LOCAL\r\n\tLogon ID:\t\t0x824281\r\n\tLinked Logon ID:\t\t0x0\r\n\tNetwork Account Name:\t-\r\n\tNetwork Account Domain:\t-\r\n\tLogon GUID:\t\t{486ee29e-5498-5038-5727-d11fad4632e6}\r\n\r\nProcess Information:\r\n\tProcess ID:\t\t0x0\r\n\tProcess Name:\t\t-\r\n\r\nNetwork Information:\r\n\tWorkstation Name:\t-\r\n\tSource Network Address:\t172.18.38.6\r\n\tSource Port:\t\t54639\r\n\r\nDetailed Authentication Information:\r\n\tLogon Process:\t\tKerberos\r\n\tAuthentication Package:\tKerberos\r\n\tTransited Services:\t-\r\n\tPackage Name (NTLM only):\t-\r\n\tKey Length:\t\t0\r\n\r\nThis event is generated when a logon session is created. It is generated on the computer that was accessed.\r\n\r\nThe subject fields indicate the account on the local system which requested the logon. This is most commonly a service such as the Server service, or a local process such as Winlogon.exe or Services.exe.\r\n\r\nThe logon type field indicates the kind of logon that occurred. The most common types are 2 (interactive) and 3 (network).\r\n\r\nThe New Logon fields indicate the account for whom the new logon was created, i.e. the account that was logged on.\r\n\r\nThe network fields indicate where a remote logon request originated. Workstation name is not always available and may be left blank in some cases.\r\n\r\nThe impersonation level field indicates the extent to which a process in the logon session can impersonate.\r\n\r\nThe authentication information fields provide detailed information about this specific logon request.\r\n\t- Logon GUID is a unique identifier that can be used to correlate this event with a KDC event.\r\n\t- Transited services indicate which intermediate services have participated in this logon request.\r\n\t- Package name indicates which sub-protocol was used among the NTLM protocols.\r\n\t- Key length indicates the length of the generated session key. This will be 0 if no session key was requested.","SourceName":"Microsoft-Windows-Security-Auditing","IpAddress":"172.18.38.6","RestrictedAdminMode":"-","SubjectLogonId":"0x0","tags":["mordorDataset"],"LogonType":"3","ProviderGuid":"{54849625-5478-4994-A5BA-3E3B0328C30D}","EventID":4624,"RecordNumber":215501,"Hostname":"MORDORDC.theshire.local","Opcode":"Info","SourceModuleType":"im_msvistalog","ImpersonationLevel":"%%1840","ExecutionProcessID":704,"TargetLinkedLogonId":"0x0","OpcodeValue":0,"ActivityID":"{D5F81413-EE55-0001-C79D-A7F5C76AD601}","TargetUserName":"WEC$","ProcessName":"-","EventType":"AUDIT_SUCCESS","SubjectUserName":"-","LogonGuid":"{486ee29e-5498-5038-5727-d11fad4632e6}","TargetOutboundDomainName":"-","LogonProcessName":"Kerberos","IpPort":"54639","SubjectUserSid":"S-1-0-0","Keywords":-9214364837600034816,"TargetLogonId":"0x824281","TransmittedServices":"-","KeyLength":"0","host":"wec.internal.cloudapp.net","SourceModuleName":"eventlog","SeverityValue":2,"Channel":"Security","AuthenticationPackageName":"Kerberos","Category":"Logon","ProcessId":"0x0","SubjectDomainName":"-","ElevatedToken":"%%1842","port":53997,"EventTime":"2020-08-05 02:09:49","Severity":"INFO","TargetUserSid":"S-1-5-21-3669966080-2286457517-972388166-1111","LmPackageName":"-","@timestamp":"2020-08-05T06:09:51.733Z","Task":12544,"WorkstationName":"-","EventReceivedTime":"2020-08-05 02:09:51","TargetOutboundUserName":"-"}
{"EventIdx":"1","SubjectUserSid":"S-1-0-0","@version":"1","Keywords":-9214364837600034816,"ThreadID":424,"TargetDomainName":"THESHIRE.LOCAL","TargetLogonId":"0x824281","Version":0,"host":"wec.internal.cloudapp.net","Message":"Group membership information.\r\n\r\nSubject:\r\n\tSecurity ID:\t\tS-1-0-0\r\n\tAccount Name:\t\t-\r\n\tAccount Domain:\t\t-\r\n\tLogon ID:\t\t0x0\r\n\r\nLogon Type:\t\t\t3\r\n\r\nNew Logon:\r\n\tSecurity ID:\t\tS-1-5-21-3669966080-2286457517-972388166-1111\r\n\tAccount Name:\t\tWEC$\r\n\tAccount Domain:\t\tTHESHIRE.LOCAL\r\n\tLogon ID:\t\t0x824281\r\n\r\nEvent in sequence:\t\t1 of 1\r\n\r\nGroup Membership:\t\t\t\r\n\t\t%{S-1-5-21-3669966080-2286457517-972388166-515}\r\n\t\t%{S-1-1-0}\r\n\t\t%{S-1-5-32-554}\r\n\t\t%{S-1-5-32-545}\r\n\t\t%{S-1-5-32-555}\r\n\t\t%{S-1-5-2}\r\n\t\t%{S-1-5-11}\r\n\t\t%{S-1-5-15}\r\n\t\t%{S-1-18-1}\r\n\t\t%{S-1-16-8448}\r\n\r\nThe subject fields indicate the account on the local system which requested the logon. This is most commonly a service such as the Server service, or a local process such as Winlogon.exe or Services.exe.\r\n\r\nThe logon type field indicates the kind of logon that occurred. The most common types are 2 (interactive) and 3 (network).\r\n\r\nThe New Logon fields indicate the account for whom the new logon was created, i.e. the account that was logged on.\r\n\r\nThis event is generated when the Audit Group Membership subcategory is configured.  The Logon ID field can be used to correlate this event with the corresponding user logon event as well as to any other security audit events generated during this logon session.","SourceModuleName":"eventlog","SourceName":"Microsoft-Windows-Security-Auditing","SubjectLogonId":"0x0","SeverityValue":2,"LogonType":"3","GroupMembership":"\r\n\t\t%{S-1-5-21-3669966080-2286457517-972388166-515}\r\n\t\t%{S-1-1-0}\r\n\t\t%{S-1-5-32-554}\r\n\t\t%{S-1-5-32-545}\r\n\t\t%{S-1-5-32-555}\r\n\t\t%{S-1-5-2}\r\n\t\t%{S-1-5-11}\r\n\t\t%{S-1-5-15}\r\n\t\t%{S-1-18-1}\r\n\t\t%{S-1-16-8448}","tags":["mordorDataset"],"Channel":"Security","ProviderGuid":"{54849625-5478-4994-A5BA-3E3B0328C30D}","EventID":4627,"RecordNumber":215502,"Hostname":"MORDORDC.theshire.local","Category":"Group Membership","Opcode":"Info","SubjectDomainName":"-","EventCountTotal":"1","SourceModuleType":"im_msvistalog","port":53997,"EventTime":"2020-08-05 02:09:49","Severity":"INFO","ExecutionProcessID":704,"TargetUserSid":"S-1-5-21-3669966080-2286457517-972388166-1111","OpcodeValue":0,"@timestamp":"2020-08-05T06:09:51.733Z","Task":12554,"ActivityID":"{D5F81413-EE55-0001-C79D-A7F5C76AD601}","EventType":"AUDIT_SUCCESS","SubjectUserName":"-","TargetUserName":"WEC$","EventReceivedTime":"2020-08-05 02:09:51"}
{"IpPort":"54639","SubjectUserSid":"S-1-5-21-3669966080-2286457517-972388166-1111","@version":"1","Keywords":-9214364837600034816,"ThreadID":472,"ObjectType":"File","AccessList":"%%4416\r\n\t\t\t\t","Version":1,"host":"wec.internal.cloudapp.net","Message":"A network share object was accessed.\r\n\t\r\nSubject:\r\n\tSecurity ID:\t\tS-1-5-21-3669966080-2286457517-972388166-1111\r\n\tAccount Name:\t\tWEC$\r\n\tAccount Domain:\t\tTHESHIRE\r\n\tLogon ID:\t\t0x824281\r\n\r\nNetwork Information:\t\r\n\tObject Type:\t\tFile\r\n\tSource Address:\t\t172.18.38.6\r\n\tSource Port:\t\t54639\r\n\t\r\nShare Information:\r\n\tShare Name:\t\t\\\\*\\IPC$\r\n\tShare Path:\t\t\r\n\r\nAccess Request Information:\r\n\tAccess Mask:\t\t0x1\r\n\tAccesses:\t\tReadData (or ListDirectory)\r\n\t\t\t\t\r\n","SourceModuleName":"eventlog","SourceName":"Microsoft-Windows-Security-Auditing","IpAddress":"172.18.38.6","SubjectLogonId":"0x824281","SeverityValue":2,"tags":["mordorDataset"],"Channel":"Security","ProviderGuid":"{54849625-5478-4994-A5BA-3E3B0328C30D}","EventID":5140,"RecordNumber":215503,"Hostname":"MORDORDC.theshire.local","Category":"File Share","Opcode":"Info","SubjectDomainName":"THESHIRE","AccessMask":"0x1","SourceModuleType":"im_msvistalog","port":53997,"EventTime":"2020-08-05 02:09:49","Severity":"INFO","ExecutionProcessID":4,"OpcodeValue":0,"@timestamp":"2020-08-05T06:09:51.734Z","Task":12808,"EventType":"AUDIT_SUCCESS","SubjectUserName":"WEC$","EventReceivedTime":"2020-08-05 02:09:51","ShareName":"\\\\*\\IPC$"}
{"@version":"1","Keywords":-9214364837600034816,"ThreadID":472,"Version":1,"DestAddress":"172.18.38.5","host":"wec.internal.cloudapp.net","LayerRTID":"44","Message":"The Windows Filtering Platform has permitted a connection.\r\n\r\nApplication Information:\r\n\tProcess ID:\t\t3588\r\n\tApplication Name:\t\\device\\harddiskvolume2\\windows\\system32\\dns.exe\r\n\r\nNetwork Information:\r\n\tDirection:\t\tInbound\r\n\tSource Address:\t\t172.18.38.6\r\n\tSource Port:\t\t59851\r\n\tDestination Address:\t172.18.38.5\r\n\tDestination Port:\t\t53\r\n\tProtocol:\t\t17\r\n\r\nFilter Information:\r\n\tFilter Run-Time ID:\t67835\r\n\tLayer Name:\t\tReceive/Accept\r\n\tLayer Run-Time ID:\t44","SourceModuleName":"eventlog","SourceName":"Microsoft-Windows-Security-Auditing","SeverityValue":2,"LayerName":"%%14610","tags":["mordorDataset"],"Channel":"Security","ProviderGuid":"{54849625-5478-4994-A5BA-3E3B0328C30D}","EventID":5156,"RecordNumber":215504,"Hostname":"MORDORDC.theshire.local","Category":"Filtering Platform Connection","Opcode":"Info","Protocol":"17","ProcessId":"3588","SourceModuleType":"im_msvistalog","port":53997,"Application":"\\device\\harddiskvolume2\\windows\\system32\\dns.exe","EventTime":"2020-08-05 02:09:50","RemoteUserID":"S-1-0-0","SourcePort":"59851","Severity":"INFO","ExecutionProcessID":4,"SourceAddress":"172.18.38.6","OpcodeValue":0,"@timestamp":"2020-08-05T06:09:51.734Z","Task":12810,"DestPort":"53","EventType":"AUDIT_SUCCESS","EventReceivedTime":"2020-08-05 02:09:51","Direction":"%%14592","RemoteMachineID":"S-1-0-0","FilterRTID":"67835"}
{"@version":"1","Keywords":-9214364837600034816,"ThreadID":472,"Version":1,"DestAddress":"40.90.4.4","host":"wec.internal.cloudapp.net","LayerRTID":"48","Message":"The Windows Filtering Platform has permitted a connection.\r\n\r\nApplication Information:\r\n\tProcess ID:\t\t3588\r\n\tApplication Name:\t\\device\\harddiskvolume2\\windows\\system32\\dns.exe\r\n\r\nNetwork Information:\r\n\tDirection:\t\tOutbound\r\n\tSource Address:\t\t172.18.38.5\r\n\tSource Port:\t\t62512\r\n\tDestination Address:\t40.90.4.4\r\n\tDestination Port:\t\t53\r\n\tProtocol:\t\t17\r\n\r\nFilter Information:\r\n\tFilter Run-Time ID:\t69199\r\n\tLayer Name:\t\tConnect\r\n\tLayer Run-Time ID:\t48","SourceModuleName":"eventlog","SourceName":"Microsoft-Windows-Security-Auditing","SeverityValue":2,"LayerName":"%%14611","tags":["mordorDataset"],"Channel":"Security","ProviderGuid":"{54849625-5478-4994-A5BA-3E3B0328C30D}","EventID":5156,"RecordNumber":215505,"Hostname":"MORDORDC.theshire.local","Category":"Filtering Platform Connection","Opcode":"Info","Protocol":"17","ProcessId":"3588","SourceModuleType":"im_msvistalog","port":53997,"Application":"\\device\\harddiskvolume2\\windows\\system32\\dns.exe","EventTime":"2020-08-05 02:09:50","RemoteUserID":"S-1-0-0","SourcePort":"62512","Severity":"INFO","ExecutionProcessID":4,"SourceAddress":"172.18.38.5","OpcodeValue":0,"@timestamp":"2020-08-05T06:09:51.734Z","Task":12810,"DestPort":"53","EventType":"AUDIT_SUCCESS","EventReceivedTime":"2020-08-05 02:09:51","Direction":"%%14593","RemoteMachineID":"S-1-0-0","FilterRTID":"69199"}
{"@version":"1","Keywords":-9214364837600034816,"ThreadID":472,"Version":1,"DestAddress":"13.107.252.10","host":"wec.internal.cloudapp.net","LayerRTID":"48","Message":"The Windows Filtering Platform has permitted a connection.\r\n\r\nApplication Information:\r\n\tProcess ID:\t\t3588\r\n\tApplication Name:\t\\device\\harddiskvolume2\\windows\\system32\\dns.exe\r\n\r\nNetwork Information:\r\n\tDirection:\t\tOutbound\r\n\tSource Address:\t\t172.18.38.5\r\n\tSource Port:\t\t61711\r\n\tDestination Address:\t13.107.252.10\r\n\tDestination Port:\t\t53\r\n\tProtocol:\t\t17\r\n\r\nFilter Information:\r\n\tFilter Run-Time ID:\t69199\r\n\tLayer Name:\t\tConnect\r\n\tLayer Run-Time ID:\t48","SourceModuleName":"eventlog","SourceName":"Microsoft-Windows-Security-Auditing","SeverityValue":2,"LayerName":"%%14611","tags":["mordorDataset"],"Channel":"Security","ProviderGuid":"{54849625-5478-4994-A5BA-3E3B0328C30D}","EventID":5156,"RecordNumber":215506,"Hostname":"MORDORDC.theshire.local","Category":"Filtering Platform Connection","Opcode":"Info","Protocol":"17","ProcessId":"3588","SourceModuleType":"im_msvistalog","port":53997,"Application":"\\device\\harddiskvolume2\\windows\\system32\\dns.exe","EventTime":"2020-08-05 02:09:50","RemoteUserID":"S-1-0-0","SourcePort":"61711","Severity":"INFO","ExecutionProcessID":4,"SourceAddress":"172.18.38.5","OpcodeValue":0,"@timestamp":"2020-08-05T06:09:51.734Z","Task":12810,"DestPort":"53","EventType":"AUDIT_SUCCESS","EventReceivedTime":"2020-08-05 02:09:51","Direction":"%%14593","RemoteMachineID":"S-1-0-0","FilterRTID":"69199"}
{"@version":"1","Keywords":-9214364837600034816,"ThreadID":472,"Version":1,"DestAddress":"64.4.48.201","host":"wec.internal.cloudapp.net","LayerRTID":"48","Message":"The Windows Filtering Platform has permitted a connection.\r\n\r\nApplication Information:\r\n\tProcess ID:\t\t3588\r\n\tApplication Name:\t\\device\\harddiskvolume2\\windows\\system32\\dns.exe\r\n\r\nNetwork Information:\r\n\tDirection:\t\tOutbound\r\n\tSource Address:\t\t172.18.38.5\r\n\tSource Port:\t\t61117\r\n\tDestination Address:\t64.4.48.201\r\n\tDestination Port:\t\t53\r\n\tProtocol:\t\t17\r\n\r\nFilter Information:\r\n\tFilter Run-Time ID:\t69199\r\n\tLayer Name:\t\tConnect\r\n\tLayer Run-Time ID:\t48","SourceModuleName":"eventlog","SourceName":"Microsoft-Windows-Security-Auditing","SeverityValue":2,"LayerName":"%%14611","tags":["mordorDataset"],"Channel":"Security","ProviderGuid":"{54849625-5478-4994-A5BA-3E3B0328C30D}","EventID":5156,"RecordNumber":215507,"Hostname":"MORDORDC.theshire.local","Category":"Filtering Platform Connection","Opcode":"Info","Protocol":"17","ProcessId":"3588","SourceModuleType":"im_msvistalog","port":53997,"Application":"\\device\\harddiskvolume2\\windows\\system32\\dns.exe","EventTime":"2020-08-05 02:09:50","RemoteUserID":"S-1-0-0","SourcePort":"61117","Severity":"INFO","ExecutionProcessID":4,"SourceAddress":"172.18.38.5","OpcodeValue":0,"@timestamp":"2020-08-05T06:09:51.735Z","Task":12810,"DestPort":"53","EventType":"AUDIT_SUCCESS","EventReceivedTime":"2020-08-05 02:09:51","Direction":"%%14593","RemoteMachineID":"S-1-0-0","FilterRTID":"69199"}
{"@version":"1","Keywords":-9214364837600034816,"ThreadID":10112,"Version":1,"DestAddress":"169.254.169.254","host":"wec.internal.cloudapp.net","LayerRTID":"48","Message":"The Windows Filtering Platform has permitted a connection.\r\n\r\nApplication Information:\r\n\tProcess ID:\t\t3316\r\n\tApplication Name:\t\\device\\harddiskvolume2\\packages\\plugins\\microsoft.azure.networkwatcher.networkwatcheragentwindows\\1.4.1587.1\\networkwatcheragent\\networkwatcheragent.exe\r\n\r\nNetwork Information:\r\n\tDirection:\t\tOutbound\r\n\tSource Address:\t\t172.18.39.6\r\n\tSource Port:\t\t49706\r\n\tDestination Address:\t169.254.169.254\r\n\tDestination Port:\t\t80\r\n\tProtocol:\t\t6\r\n\r\nFilter Information:\r\n\tFilter Run-Time ID:\t68663\r\n\tLayer Name:\t\tConnect\r\n\tLayer Run-Time ID:\t48","SourceModuleName":"eventlog","SourceName":"Microsoft-Windows-Security-Auditing","SeverityValue":2,"LayerName":"%%14611","tags":["mordorDataset"],"Channel":"Security","ProviderGuid":"{54849625-5478-4994-A5BA-3E3B0328C30D}","EventID":5156,"RecordNumber":84620,"Hostname":"WORKSTATION6.theshire.local","Category":"Filtering Platform Connection","Opcode":"Info","Protocol":"6","ProcessId":"3316","SourceModuleType":"im_msvistalog","port":53997,"Application":"\\device\\harddiskvolume2\\packages\\plugins\\microsoft.azure.networkwatcher.networkwatcheragentwindows\\1.4.1587.1\\networkwatcheragent\\networkwatcheragent.exe","EventTime":"2020-08-05 02:09:50","RemoteUserID":"S-1-0-0","SourcePort":"49706","Severity":"INFO","ExecutionProcessID":4,"SourceAddress":"172.18.39.6","OpcodeValue":0,"@timestamp":"2020-08-05T06:09:52.730Z","Task":12810,"DestPort":"80","EventType":"AUDIT_SUCCESS","EventReceivedTime":"2020-08-05 02:09:52","Direction":"%%14593","RemoteMachineID":"S-1-0-0","FilterRTID":"68663"}
{"@version":"1","Keywords":-9214364837600034816,"ThreadID":10112,"Version":1,"DestAddress":"169.254.169.254","host":"wec.internal.cloudapp.net","LayerRTID":"48","Message":"The Windows Filtering Platform has permitted a connection.\r\n\r\nApplication Information:\r\n\tProcess ID:\t\t3316\r\n\tApplication Name:\t\\device\\harddiskvolume2\\packages\\plugins\\microsoft.azure.networkwatcher.networkwatcheragentwindows\\1.4.1587.1\\networkwatcheragent\\networkwatcheragent.exe\r\n\r\nNetwork Information:\r\n\tDirection:\t\tOutbound\r\n\tSource Address:\t\t172.18.39.6\r\n\tSource Port:\t\t49706\r\n\tDestination Address:\t169.254.169.254\r\n\tDestination Port:\t\t80\r\n\tProtocol:\t\t6\r\n\r\nFilter Information:\r\n\tFilter Run-Time ID:\t68663\r\n\tLayer Name:\t\tConnect\r\n\tLayer Run-Time ID:\t48","SourceModuleName":"eventlog","SourceName":"Microsoft-Windows-Security-Auditing","SeverityValue":2,"LayerName":"%%14611","tags":["mordorDataset"],"Channel":"Security","ProviderGuid":"{54849625-5478-4994-A5BA-3E3B0328C30D}","EventID":5156,"RecordNumber":84621,"Hostname":"WORKSTATION6.theshire.local","Category":"Filtering Platform Connection","Opcode":"Info","Protocol":"6","ProcessId":"3316","SourceModuleType":"im_msvistalog","port":53997,"Application":"\\device\\harddiskvolume2\\packages\\plugins\\microsoft.azure.networkwatcher.networkwatcheragentwindows\\1.4.1587.1\\networkwatcheragent\\networkwatcheragent.exe","EventTime":"2020-08-05 02:09:50","RemoteUserID":"S-1-0-0","SourcePort":"49706","Severity":"INFO","ExecutionProcessID":4,"SourceAddress":"172.18.39.6","OpcodeValue":0,"@timestamp":"2020-08-05T06:09:52.730Z","Task":12810,"DestPort":"80","EventType":"AUDIT_SUCCESS","EventReceivedTime":"2020-08-05 02:09:52","Direction":"%%14593","RemoteMachineID":"S-1-0-0","FilterRTID":"68663"}
{"@version":"1","ThreadID":4268,"SourceIsIpv6":"false","UserID":"S-1-5-18","Version":5,"SourcePortName":"-","DestinationPortName":"-","Message":"Network connection detected:\r\nRuleName: -\r\nUtcTime: 2020-08-05 06:09:48.521\r\nProcessGuid: {2b437147-0ba4-5f2a-0100-000000000400}\r\nProcessId: 4\r\nImage: System\r\nUser: NT AUTHORITY\\SYSTEM\r\nProtocol: tcp\r\nInitiated: false\r\nSourceIsIpv6: false\r\nSourceIp: 172.18.38.6\r\nSourceHostname: -\r\nSourcePort: 54639\r\nSourcePortName: -\r\nDestinationIsIpv6: false\r\nDestinationIp: 172.18.38.5\r\nDestinationHostname: -\r\nDestinationPort: 445\r\nDestinationPortName: -","ProcessGuid":"{2b437147-0ba4-5f2a-0100-000000000400}","User":"NT AUTHORITY\\SYSTEM","SourceName":"Microsoft-Windows-Sysmon","DestinationHostname":"-","tags":["mordorDataset"],"RuleName":"-","ProviderGuid":"{5770385F-C22A-43E0-BF4C-06F5698FFBD9}","EventID":3,"RecordNumber":284950,"Hostname":"MORDORDC.theshire.local","Protocol":"tcp","SourceModuleType":"im_msvistalog","SourceHostname":"-","ExecutionProcessID":3868,"AccountName":"SYSTEM","OpcodeValue":0,"SourceIp":"172.18.38.6","EventType":"INFO","Image":"System","AccountType":"User","UtcTime":"2020-08-05 06:09:48.521","Keywords":-9223372036854775808,"host":"wec.internal.cloudapp.net","SourceModuleName":"eventlog","SeverityValue":2,"DestinationPort":"445","Channel":"Microsoft-Windows-Sysmon/Operational","ProcessId":"4","Domain":"NT AUTHORITY","port":53997,"EventTime":"2020-08-05 02:09:51","SourcePort":"54639","Severity":"INFO","@timestamp":"2020-08-05T06:09:52.731Z","Task":3,"DestinationIsIpv6":"false","DestinationIp":"172.18.38.5","Initiated":"false","EventReceivedTime":"2020-08-05 02:09:52"}
{"@version":"1","ThreadID":4268,"SourceIsIpv6":"false","UserID":"S-1-5-18","Version":5,"SourcePortName":"-","DestinationPortName":"-","Message":"Network connection detected:\r\nRuleName: -\r\nUtcTime: 2020-08-05 06:09:49.321\r\nProcessGuid: {2b437147-0bbd-5f2a-4e00-000000000400}\r\nProcessId: 3588\r\nImage: C:\\Windows\\System32\\dns.exe\r\nUser: NT AUTHORITY\\SYSTEM\r\nProtocol: udp\r\nInitiated: true\r\nSourceIsIpv6: false\r\nSourceIp: 172.18.38.5\r\nSourceHostname: -\r\nSourcePort: 61117\r\nSourcePortName: -\r\nDestinationIsIpv6: false\r\nDestinationIp: 64.4.48.201\r\nDestinationHostname: -\r\nDestinationPort: 53\r\nDestinationPortName: -","ProcessGuid":"{2b437147-0bbd-5f2a-4e00-000000000400}","User":"NT AUTHORITY\\SYSTEM","SourceName":"Microsoft-Windows-Sysmon","DestinationHostname":"-","tags":["mordorDataset"],"RuleName":"-","ProviderGuid":"{5770385F-C22A-43E0-BF4C-06F5698FFBD9}","EventID":3,"RecordNumber":284951,"Hostname":"MORDORDC.theshire.local","Protocol":"udp","SourceModuleType":"im_msvistalog","SourceHostname":"-","ExecutionProcessID":3868,"AccountName":"SYSTEM","OpcodeValue":0,"SourceIp":"172.18.38.5","EventType":"INFO","Image":"C:\\Windows\\System32\\dns.exe","AccountType":"User","UtcTime":"2020-08-05 06:09:49.321","Keywords":-9223372036854775808,"host":"wec.internal.cloudapp.net","SourceModuleName":"eventlog","SeverityValue":2,"DestinationPort":"53","Channel":"Microsoft-Windows-Sysmon/Operational","ProcessId":"3588","Domain":"NT AUTHORITY","port":53997,"EventTime":"2020-08-05 02:09:51","SourcePort":"61117","Severity":"INFO","@timestamp":"2020-08-05T06:09:52.731Z","Task":3,"DestinationIsIpv6":"false","DestinationIp":"64.4.48.201","Initiated":"true","EventReceivedTime":"2020-08-05 02:09:52"}
{"@version":"1","Keywords":-9214364837600034816,"ThreadID":5764,"Version":1,"DestAddress":"169.254.169.254","host":"wec.internal.cloudapp.net","LayerRTID":"48","Message":"The Windows Filtering Platform has permitted a connection.\r\n\r\nApplication Information:\r\n\tProcess ID:\t\t3584\r\n\tApplication Name:\t\\device\\harddiskvolume2\\packages\\plugins\\microsoft.azure.networkwatcher.networkwatcheragentwindows\\1.4.1587.1\\networkwatcheragent\\networkwatcheragent.exe\r\n\r\nNetwork Information:\r\n\tDirection:\t\tOutbound\r\n\tSource Address:\t\t172.18.39.5\r\n\tSource Port:\t\t58270\r\n\tDestination Address:\t169.254.169.254\r\n\tDestination Port:\t\t80\r\n\tProtocol:\t\t6\r\n\r\nFilter Information:\r\n\tFilter Run-Time ID:\t68779\r\n\tLayer Name:\t\tConnect\r\n\tLayer Run-Time ID:\t48","SourceModuleName":"eventlog","SourceName":"Microsoft-Windows-Security-Auditing","SeverityValue":2,"LayerName":"%%14611","tags":["mordorDataset"],"Channel":"Security","ProviderGuid":"{54849625-5478-4994-A5BA-3E3B0328C30D}","EventID":5156,"RecordNumber":110755,"Hostname":"WORKSTATION5.theshire.local","Category":"Filtering Platform Connection","Opcode":"Info","Protocol":"6","ProcessId":"3584","SourceModuleType":"im_msvistalog","port":53997,"Application":"\\device\\harddiskvolume2\\packages\\plugins\\microsoft.azure.networkwatcher.networkwatcheragentwindows\\1.4.1587.1\\networkwatcheragent\\networkwatcheragent.exe","EventTime":"2020-08-05 02:09:52","RemoteUserID":"S-1-0-0","SourcePort":"58270","Severity":"INFO","ExecutionProcessID":4,"SourceAddress":"172.18.39.5","OpcodeValue":0,"@timestamp":"2020-08-05T06:09:54.734Z","Task":12810,"DestPort":"80","EventType":"AUDIT_SUCCESS","EventReceivedTime":"2020-08-05 02:09:54","Direction":"%%14593","RemoteMachineID":"S-1-0-0","FilterRTID":"68779"}
{"@version":"1","Keywords":-9214364837600034816,"ThreadID":5764,"Version":1,"DestAddress":"169.254.169.254","host":"wec.internal.cloudapp.net","LayerRTID":"48","Message":"The Windows Filtering Platform has permitted a connection.\r\n\r\nApplication Information:\r\n\tProcess ID:\t\t3584\r\n\tApplication Name:\t\\device\\harddiskvolume2\\packages\\plugins\\microsoft.azure.networkwatcher.networkwatcheragentwindows\\1.4.1587.1\\networkwatcheragent\\networkwatcheragent.exe\r\n\r\nNetwork Information:\r\n\tDirection:\t\tOutbound\r\n\tSource Address:\t\t172.18.39.5\r\n\tSource Port:\t\t58270\r\n\tDestination Address:\t169.254.169.254\r\n\tDestination Port:\t\t80\r\n\tProtocol:\t\t6\r\n\r\nFilter Information:\r\n\tFilter Run-Time ID:\t68779\r\n\tLayer Name:\t\tConnect\r\n\tLayer Run-Time ID:\t48","SourceModuleName":"eventlog","SourceName":"Microsoft-Windows-Security-Auditing","SeverityValue":2,"LayerName":"%%14611","tags":["mordorDataset"],"Channel":"Security","ProviderGuid":"{54849625-5478-4994-A5BA-3E3B0328C30D}","EventID":5156,"RecordNumber":110756,"Hostname":"WORKSTATION5.theshire.local","Category":"Filtering Platform Connection","Opcode":"Info","Protocol":"6","ProcessId":"3584","SourceModuleType":"im_msvistalog","port":53997,"Application":"\\device\\harddiskvolume2\\packages\\plugins\\microsoft.azure.networkwatcher.networkwatcheragentwindows\\1.4.1587.1\\networkwatcheragent\\networkwatcheragent.exe","EventTime":"2020-08-05 02:09:52","RemoteUserID":"S-1-0-0","SourcePort":"58270","Severity":"INFO","ExecutionProcessID":4,"SourceAddress":"172.18.39.5","OpcodeValue":0,"@timestamp":"2020-08-05T06:09:54.734Z","Task":12810,"DestPort":"80","EventType":"AUDIT_SUCCESS","EventReceivedTime":"2020-08-05 02:09:54","Direction":"%%14593","RemoteMachineID":"S-1-0-0","FilterRTID":"68779"}
{"UtcTime":"2020-08-05 06:09:57.921","@version":"1","Keywords":-9223372036854775808,"ThreadID":4456,"UserID":"S-1-5-18","Version":2,"CreationUtcTime":"2020-08-05 01:39:56.699","host":"wec.internal.cloudapp.net","Message":"File created:\r\nRuleName: -\r\nUtcTime: 2020-08-05 06:09:57.921\r\nProcessGuid: {7d3be4b5-0dec-5f2a-1e00-000000000400}\r\nProcessId: 1368\r\nImage: C:\\windows\\System32\\svchost.exe\r\nTargetFilename: C:\\Windows\\ServiceState\\EventLog\\Data\\lastalive0.dat\r\nCreationUtcTime: 2020-08-05 01:39:56.699","SourceModuleName":"eventlog","ProcessGuid":"{7d3be4b5-0dec-5f2a-1e00-000000000400}","SourceName":"Microsoft-Windows-Sysmon","TargetFilename":"C:\\Windows\\ServiceState\\EventLog\\Data\\lastalive0.dat","SeverityValue":2,"tags":["mordorDataset"],"Channel":"Microsoft-Windows-Sysmon/Operational","ProviderGuid":"{5770385F-C22A-43E0-BF4C-06F5698FFBD9}","RuleName":"-","EventID":11,"RecordNumber":304078,"Hostname":"WORKSTATION6.theshire.local","ProcessId":"1368","SourceModuleType":"im_msvistalog","Domain":"NT AUTHORITY","port":53997,"EventTime":"2020-08-05 02:09:57","Severity":"INFO","ExecutionProcessID":3240,"AccountName":"SYSTEM","OpcodeValue":0,"@timestamp":"2020-08-05T06:10:00.763Z","Task":11,"EventType":"INFO","EventReceivedTime":"2020-08-05 02:10:00","Image":"C:\\windows\\System32\\svchost.exe","AccountType":"User"}
{"UtcTime":"2020-08-05 06:09:58.083","@version":"1","Keywords":-9223372036854775808,"EventTypeOrignal":"INFO","ThreadID":4452,"UserID":"S-1-5-18","Version":2,"host":"wec.internal.cloudapp.net","Message":"Registry object added or deleted:\r\nRuleName: -\r\nEventType: CreateKey\r\nUtcTime: 2020-08-05 06:09:58.083\r\nProcessGuid: {8715b604-2c64-5f2a-0f04-000000000400}\r\nProcessId: 7320\r\nImage: C:\\Windows\\System32\\usocoreworker.exe\r\nTargetObject: HKLM\\SOFTWARE\\Microsoft\\Windows\\CurrentVersion\\WindowsUpdate\\Orchestrator\\Scheduler","SourceModuleName":"eventlog","ProcessGuid":"{8715b604-2c64-5f2a-0f04-000000000400}","SourceName":"Microsoft-Windows-Sysmon","SeverityValue":2,"tags":["mordorDataset"],"Channel":"Microsoft-Windows-Sysmon/Operational","ProviderGuid":"{5770385F-C22A-43E0-BF4C-06F5698FFBD9}","RuleName":"-","EventID":12,"RecordNumber":479936,"TargetObject":"HKLM\\SOFTWARE\\Microsoft\\Windows\\CurrentVersion\\WindowsUpdate\\Orchestrator\\Scheduler","Hostname":"WORKSTATION5.theshire.local","ProcessId":"7320","SourceModuleType":"im_msvistalog","Domain":"NT AUTHORITY","port":53997,"EventTime":"2020-08-05 02:09:58","Severity":"INFO","ExecutionProcessID":3484,"AccountName":"SYSTEM","OpcodeValue":0,"@timestamp":"2020-08-05T06:10:00.764Z","Task":12,"EventType":"CreateKey","EventReceivedTime":"2020-08-05 02:10:00","Image":"C:\\Windows\\System32\\usocoreworker.exe","AccountType":"User"}
{"UtcTime":"2020-08-05 06:09:58.083","@version":"1","Keywords":-9223372036854775808,"EventTypeOrignal":"INFO","ThreadID":4452,"UserID":"S-1-5-18","Version":2,"Details":"QWORD (0x01d66aef-0x0bbf6930)","host":"wec.internal.cloudapp.net","Message":"Registry value set:\r\nRuleName: -\r\nEventType: SetValue\r\nUtcTime: 2020-08-05 06:09:58.083\r\nProcessGuid: {8715b604-2c64-5f2a-0f04-000000000400}\r\nProcessId: 7320\r\nImage: C:\\Windows\\System32\\usocoreworker.exe\r\nTargetObject: HKLM\\SOFTWARE\\Microsoft\\Windows\\CurrentVersion\\WindowsUpdate\\Orchestrator\\Scheduler\\Cleanup the UsoSession map\r\nDetails: QWORD (0x01d66aef-0x0bbf6930)","SourceModuleName":"eventlog","ProcessGuid":"{8715b604-2c64-5f2a-0f04-000000000400}","SourceName":"Microsoft-Windows-Sysmon","SeverityValue":2,"tags":["mordorDataset"],"Channel":"Microsoft-Windows-Sysmon/Operational","ProviderGuid":"{5770385F-C22A-43E0-BF4C-06F5698FFBD9}","RuleName":"-","EventID":13,"RecordNumber":479937,"TargetObject":"HKLM\\SOFTWARE\\Microsoft\\Windows\\CurrentVersion\\WindowsUpdate\\Orchestrator\\Scheduler\\Cleanup the UsoSession map","Hostname":"WORKSTATION5.theshire.local","ProcessId":"7320","SourceModuleType":"im_msvistalog","Domain":"NT AUTHORITY","port":53997,"EventTime":"2020-08-05 02:09:58","Severity":"INFO","ExecutionProcessID":3484,"AccountName":"SYSTEM","OpcodeValue":0,"@timestamp":"2020-08-05T06:10:00.764Z","Task":13,"EventType":"SetValue","EventReceivedTime":"2020-08-05 02:10:00","Image":"C:\\Windows\\System32\\usocoreworker.exe","AccountType":"User"}
{"@version":"1","ThreadID":4256,"UserID":"S-1-5-18","Version":3,"Message":"Image loaded:\r\nRuleName: -\r\nUtcTime: 2020-08-05 06:10:00.027\r\nProcessGuid: {2b437147-0c3a-5f2a-a900-000000000400}\r\nProcessId: 3120\r\nImage: C:\\Windows\\System32\\svchost.exe\r\nImageLoaded: C:\\Windows\\System32\\perfos.dll\r\nFileVersion: 10.0.17763.1 (WinBuild.160101.0800)\r\nDescription: Windows System Performance Objects DLL\r\nProduct: Microsoft® Windows® Operating System\r\nCompany: Microsoft Corporation\r\nOriginalFileName: PERFOS.DLL\r\nHashes: SHA1=3A839A656D9DCEDFCDFDF58AC4D923E387E671B9,MD5=E104BA77D289204B5165BBB27473F037,SHA256=9773FB5BB1A3B0D49EA900A0E840173BE876EC727711678C6A4220DDAE651E9D,IMPHASH=FCF3B3FD2696F782C0B8AB6A6DB4B2B6\r\nSigned: true\r\nSignature: Microsoft Windows\r\nSignatureStatus: Valid","ProcessGuid":"{2b437147-0c3a-5f2a-a900-000000000400}","SourceName":"Microsoft-Windows-Sysmon","Hashes":"SHA1=3A839A656D9DCEDFCDFDF58AC4D923E387E671B9,MD5=E104BA77D289204B5165BBB27473F037,SHA256=9773FB5BB1A3B0D49EA900A0E840173BE876EC727711678C6A4220DDAE651E9D,IMPHASH=FCF3B3FD2696F782C0B8AB6A6DB4B2B6","Signature":"Microsoft Windows","tags":["mordorDataset"],"RuleName":"-","ProviderGuid":"{5770385F-C22A-43E0-BF4C-06F5698FFBD9}","EventID":7,"RecordNumber":284952,"Hostname":"MORDORDC.theshire.local","SourceModuleType":"im_msvistalog","Signed":"true","ExecutionProcessID":3868,"AccountName":"SYSTEM","OpcodeValue":0,"EventType":"INFO","FileVersion":"10.0.17763.1 (WinBuild.160101.0800)","Image":"C:\\Windows\\System32\\svchost.exe","AccountType":"User","UtcTime":"2020-08-05 06:10:00.027","Keywords":-9223372036854775808,"OriginalFileName":"PERFOS.DLL","host":"wec.internal.cloudapp.net","SourceModuleName":"eventlog","SeverityValue":2,"SignatureStatus":"Valid","Channel":"Microsoft-Windows-Sysmon/Operational","Description":"Windows System Performance Objects DLL","ProcessId":"3120","Domain":"NT AUTHORITY","port":53997,"Company":"Microsoft Corporation","EventTime":"2020-08-05 02:10:00","Severity":"INFO","Product":"Microsoft® Windows® Operating System","@timestamp":"2020-08-05T06:10:01.780Z","Task":7,"ImageLoaded":"C:\\Windows\\System32\\perfos.dll","EventReceivedTime":"2020-08-05 02:10:01"}
{"SourceProcessGUID":"{7d3be4b5-0dea-5f2a-1200-000000000400}","UtcTime":"2020-08-05 06:10:00.016","GrantedAccess":"0x1000","@version":"1","Keywords":-9223372036854775808,"ThreadID":4456,"TargetProcessId":"2456","UserID":"S-1-5-18","Version":3,"TargetProcessGUID":"{7d3be4b5-0df0-5f2a-4600-000000000400}","TargetImage":"C:\\windows\\System32\\svchost.exe","CallTrace":"C:\\windows\\SYSTEM32\\ntdll.dll+9c534|C:\\windows\\System32\\KERNELBASE.dll+6a7f5|c:\\windows\\system32\\lsm.dll+10225|C:\\windows\\System32\\RPCRT4.dll+76953|C:\\windows\\System32\\RPCRT4.dll+da036|C:\\windows\\System32\\RPCRT4.dll+37a4c|C:\\windows\\System32\\RPCRT4.dll+548c8|C:\\windows\\System32\\RPCRT4.dll+2c921|C:\\windows\\System32\\RPCRT4.dll+2c1db|C:\\windows\\System32\\RPCRT4.dll+1a86f|C:\\windows\\System32\\RPCRT4.dll+19d1a|C:\\windows\\System32\\RPCRT4.dll+19301|C:\\windows\\System32\\RPCRT4.dll+18d6e|C:\\windows\\System32\\RPCRT4.dll+169a5|C:\\windows\\SYSTEM32\\ntdll.dll+333ed|C:\\windows\\SYSTEM32\\ntdll.dll+34142|C:\\windows\\System32\\KERNEL32.DLL+17bd4|C:\\windows\\SYSTEM32\\ntdll.dll+6ce51","host":"wec.internal.cloudapp.net","Message":"Process accessed:\r\nRuleName: -\r\nUtcTime: 2020-08-05 06:10:00.016\r\nSourceProcessGUID: {7d3be4b5-0dea-5f2a-1200-000000000400}\r\nSourceProcessId: 440\r\nSourceThreadId: 9744\r\nSourceImage: C:\\windows\\system32\\svchost.exe\r\nTargetProcessGUID: {7d3be4b5-0df0-5f2a-4600-000000000400}\r\nTargetProcessId: 2456\r\nTargetImage: C:\\windows\\System32\\svchost.exe\r\nGrantedAccess: 0x1000\r\nCallTrace: C:\\windows\\SYSTEM32\\ntdll.dll+9c534|C:\\windows\\System32\\KERNELBASE.dll+6a7f5|c:\\windows\\system32\\lsm.dll+10225|C:\\windows\\System32\\RPCRT4.dll+76953|C:\\windows\\System32\\RPCRT4.dll+da036|C:\\windows\\System32\\RPCRT4.dll+37a4c|C:\\windows\\System32\\RPCRT4.dll+548c8|C:\\windows\\System32\\RPCRT4.dll+2c921|C:\\windows\\System32\\RPCRT4.dll+2c1db|C:\\windows\\System32\\RPCRT4.dll+1a86f|C:\\windows\\System32\\RPCRT4.dll+19d1a|C:\\windows\\System32\\RPCRT4.dll+19301|C:\\windows\\System32\\RPCRT4.dll+18d6e|C:\\windows\\System32\\RPCRT4.dll+169a5|C:\\windows\\SYSTEM32\\ntdll.dll+333ed|C:\\windows\\SYSTEM32\\ntdll.dll+34142|C:\\windows\\System32\\KERNEL32.DLL+17bd4|C:\\windows\\SYSTEM32\\ntdll.dll+6ce51","SourceModuleName":"eventlog","SourceThreadId":"9744","SourceName":"Microsoft-Windows-Sysmon","SourceProcessId":"440","SeverityValue":2,"tags":["mordorDataset"],"Channel":"Microsoft-Windows-Sysmon/Operational","ProviderGuid":"{5770385F-C22A-43E0-BF4C-06F5698FFBD9}","RuleName":"-","EventID":10,"RecordNumber":304079,"Hostname":"WORKSTATION6.theshire.local","SourceImage":"C:\\windows\\system32\\svchost.exe","ProcessId":"440","SourceModuleType":"im_msvistalog","Domain":"NT AUTHORITY","port":53997,"EventTime":"2020-08-05 02:10:00","Severity":"INFO","ExecutionProcessID":3240,"AccountName":"SYSTEM","OpcodeValue":0,"@timestamp":"2020-08-05T06:10:01.780Z","Task":10,"EventType":"INFO","EventReceivedTime":"2020-08-05 02:10:01","AccountType":"User"}
{"SourceProcessGUID":"{8715b604-0deb-5f2a-1200-000000000400}","UtcTime":"2020-08-05 06:10:00.007","GrantedAccess":"0x1000","@version":"1","Keywords":-9223372036854775808,"ThreadID":4452,"TargetProcessId":"3328","UserID":"S-1-5-18","Version":3,"TargetProcessGUID":"{8715b604-0df2-5f2a-4600-000000000400}","TargetImage":"C:\\windows\\System32\\svchost.exe","CallTrace":"C:\\windows\\SYSTEM32\\ntdll.dll+9c534|C:\\windows\\System32\\KERNELBASE.dll+6a7f5|c:\\windows\\system32\\lsm.dll+10225|C:\\windows\\System32\\RPCRT4.dll+76953|C:\\windows\\System32\\RPCRT4.dll+da036|C:\\windows\\System32\\RPCRT4.dll+37a4c|C:\\windows\\System32\\RPCRT4.dll+548c8|C:\\windows\\System32\\RPCRT4.dll+2c921|C:\\windows\\System32\\RPCRT4.dll+2c1db|C:\\windows\\System32\\RPCRT4.dll+1a86f|C:\\windows\\System32\\RPCRT4.dll+19d1a|C:\\windows\\System32\\RPCRT4.dll+19301|C:\\windows\\System32\\RPCRT4.dll+18d6e|C:\\windows\\System32\\RPCRT4.dll+169a5|C:\\windows\\SYSTEM32\\ntdll.dll+333ed|C:\\windows\\SYSTEM32\\ntdll.dll+34142|C:\\windows\\System32\\KERNEL32.DLL+17bd4|C:\\windows\\SYSTEM32\\ntdll.dll+6ce51","host":"wec.internal.cloudapp.net","Message":"Process accessed:\r\nRuleName: -\r\nUtcTime: 2020-08-05 06:10:00.007\r\nSourceProcessGUID: {8715b604-0deb-5f2a-1200-000000000400}\r\nSourceProcessId: 448\r\nSourceThreadId: 7584\r\nSourceImage: C:\\windows\\system32\\svchost.exe\r\nTargetProcessGUID: {8715b604-0df2-5f2a-4600-000000000400}\r\nTargetProcessId: 3328\r\nTargetImage: C:\\windows\\System32\\svchost.exe\r\nGrantedAccess: 0x1000\r\nCallTrace: C:\\windows\\SYSTEM32\\ntdll.dll+9c534|C:\\windows\\System32\\KERNELBASE.dll+6a7f5|c:\\windows\\system32\\lsm.dll+10225|C:\\windows\\System32\\RPCRT4.dll+76953|C:\\windows\\System32\\RPCRT4.dll+da036|C:\\windows\\System32\\RPCRT4.dll+37a4c|C:\\windows\\System32\\RPCRT4.dll+548c8|C:\\windows\\System32\\RPCRT4.dll+2c921|C:\\windows\\System32\\RPCRT4.dll+2c1db|C:\\windows\\System32\\RPCRT4.dll+1a86f|C:\\windows\\System32\\RPCRT4.dll+19d1a|C:\\windows\\System32\\RPCRT4.dll+19301|C:\\windows\\System32\\RPCRT4.dll+18d6e|C:\\windows\\System32\\RPCRT4.dll+169a5|C:\\windows\\SYSTEM32\\ntdll.dll+333ed|C:\\windows\\SYSTEM32\\ntdll.dll+34142|C:\\windows\\System32\\KERNEL32.DLL+17bd4|C:\\windows\\SYSTEM32\\ntdll.dll+6ce51","SourceModuleName":"eventlog","SourceThreadId":"7584","SourceName":"Microsoft-Windows-Sysmon","SourceProcessId":"448","SeverityValue":2,"tags":["mordorDataset"],"Channel":"Microsoft-Windows-Sysmon/Operational","ProviderGuid":"{5770385F-C22A-43E0-BF4C-06F5698FFBD9}","RuleName":"-","EventID":10,"RecordNumber":479938,"Hostname":"WORKSTATION5.theshire.local","SourceImage":"C:\\windows\\system32\\svchost.exe","ProcessId":"448","SourceModuleType":"im_msvistalog","Domain":"NT AUTHORITY","port":53997,"EventTime":"2020-08-05 02:10:00","Severity":"INFO","ExecutionProcessID":3484,"AccountName":"SYSTEM","OpcodeValue":0,"@timestamp":"2020-08-05T06:10:01.780Z","Task":10,"EventType":"INFO","EventReceivedTime":"2020-08-05 02:10:01","AccountType":"User"}
{"SubjectUserSid":"S-1-5-19","@version":"1","Keywords":-9218868437227405312,"ThreadID":9412,"Version":0,"host":"wec.internal.cloudapp.net","Message":"A privileged service was called.\r\n\r\nSubject:\r\n\tSecurity ID:\t\tS-1-5-19\r\n\tAccount Name:\t\tLOCAL SERVICE\r\n\tAccount Domain:\t\tNT AUTHORITY\r\n\tLogon ID:\t\t0x3E5\r\n\r\nService:\r\n\tServer:\tSecurity\r\n\tService Name:\t-\r\n\r\nProcess:\r\n\tProcess ID:\t0x998\r\n\tProcess Name:\tC:\\Windows\\System32\\svchost.exe\r\n\r\nService Request Information:\r\n\tPrivileges:\t\tSeProfileSingleProcessPrivilege","SourceModuleName":"eventlog","SourceName":"Microsoft-Windows-Security-Auditing","SubjectLogonId":"0x3e5","SeverityValue":4,"tags":["mordorDataset"],"Channel":"Security","ProviderGuid":"{54849625-5478-4994-A5BA-3E3B0328C30D}","ObjectServer":"Security","EventID":4673,"RecordNumber":84622,"Hostname":"WORKSTATION6.theshire.local","Category":"Sensitive Privilege Use","Opcode":"Info","SubjectDomainName":"NT AUTHORITY","ProcessId":"0x998","SourceModuleType":"im_msvistalog","port":53997,"PrivilegeList":"SeProfileSingleProcessPrivilege","EventTime":"2020-08-05 02:10:00","Service":"-","Severity":"ERROR","ExecutionProcessID":4,"OpcodeValue":0,"@timestamp":"2020-08-05T06:10:01.781Z","Task":13056,"EventType":"AUDIT_FAILURE","SubjectUserName":"LOCAL SERVICE","ProcessName":"C:\\Windows\\System32\\svchost.exe","EventReceivedTime":"2020-08-05 02:10:01"}
{"SourceProcessGUID":"{7d3be4b5-0dea-5f2a-1200-000000000400}","UtcTime":"2020-08-05 06:10:00.016","GrantedAccess":"0x1000","@version":"1","Keywords":-9223372036854775808,"ThreadID":4456,"TargetProcessId":"2456","UserID":"S-1-5-18","Version":3,"TargetProcessGUID":"{7d3be4b5-0df0-5f2a-4600-000000000400}","TargetImage":"C:\\windows\\System32\\svchost.exe","CallTrace":"C:\\windows\\SYSTEM32\\ntdll.dll+9c534|C:\\windows\\System32\\KERNELBASE.dll+6a7f5|c:\\windows\\system32\\lsm.dll+108a0|C:\\windows\\System32\\RPCRT4.dll+76953|C:\\windows\\System32\\RPCRT4.dll+da036|C:\\windows\\System32\\RPCRT4.dll+37a4c|C:\\windows\\System32\\RPCRT4.dll+548c8|C:\\windows\\System32\\RPCRT4.dll+2c921|C:\\windows\\System32\\RPCRT4.dll+2c1db|C:\\windows\\System32\\RPCRT4.dll+1a86f|C:\\windows\\System32\\RPCRT4.dll+19d1a|C:\\windows\\System32\\RPCRT4.dll+19301|C:\\windows\\System32\\RPCRT4.dll+18d6e|C:\\windows\\System32\\RPCRT4.dll+169a5|C:\\windows\\SYSTEM32\\ntdll.dll+333ed|C:\\windows\\SYSTEM32\\ntdll.dll+34142|C:\\windows\\System32\\KERNEL32.DLL+17bd4|C:\\windows\\SYSTEM32\\ntdll.dll+6ce51","host":"wec.internal.cloudapp.net","Message":"Process accessed:\r\nRuleName: -\r\nUtcTime: 2020-08-05 06:10:00.016\r\nSourceProcessGUID: {7d3be4b5-0dea-5f2a-1200-000000000400}\r\nSourceProcessId: 440\r\nSourceThreadId: 9744\r\nSourceImage: C:\\windows\\system32\\svchost.exe\r\nTargetProcessGUID: {7d3be4b5-0df0-5f2a-4600-000000000400}\r\nTargetProcessId: 2456\r\nTargetImage: C:\\windows\\System32\\svchost.exe\r\nGrantedAccess: 0x1000\r\nCallTrace: C:\\windows\\SYSTEM32\\ntdll.dll+9c534|C:\\windows\\System32\\KERNELBASE.dll+6a7f5|c:\\windows\\system32\\lsm.dll+108a0|C:\\windows\\System32\\RPCRT4.dll+76953|C:\\windows\\System32\\RPCRT4.dll+da036|C:\\windows\\System32\\RPCRT4.dll+37a4c|C:\\windows\\System32\\RPCRT4.dll+548c8|C:\\windows\\System32\\RPCRT4.dll+2c921|C:\\windows\\System32\\RPCRT4.dll+2c1db|C:\\windows\\System32\\RPCRT4.dll+1a86f|C:\\windows\\System32\\RPCRT4.dll+19d1a|C:\\windows\\System32\\RPCRT4.dll+19301|C:\\windows\\System32\\RPCRT4.dll+18d6e|C:\\windows\\System32\\RPCRT4.dll+169a5|C:\\windows\\SYSTEM32\\ntdll.dll+333ed|C:\\windows\\SYSTEM32\\ntdll.dll+34142|C:\\windows\\System32\\KERNEL32.DLL+17bd4|C:\\windows\\SYSTEM32\\ntdll.dll+6ce51","SourceModuleName":"eventlog","SourceThreadId":"9744","SourceName":"Microsoft-Windows-Sysmon","SourceProcessId":"440","SeverityValue":2,"tags":["mordorDataset"],"Channel":"Microsoft-Windows-Sysmon/Operational","ProviderGuid":"{5770385F-C22A-43E0-BF4C-06F5698FFBD9}","RuleName":"-","EventID":10,"RecordNumber":304080,"Hostname":"WORKSTATION6.theshire.local","SourceImage":"C:\\windows\\system32\\svchost.exe","ProcessId":"440","SourceModuleType":"im_msvistalog","Domain":"NT AUTHORITY","port":53997,"EventTime":"2020-08-05 02:10:00","Severity":"INFO","ExecutionProcessID":3240,"AccountName":"SYSTEM","OpcodeValue":0,"@timestamp":"2020-08-05T06:10:01.781Z","Task":10,"EventType":"INFO","EventReceivedTime":"2020-08-05 02:10:01","AccountType":"User"}
{"SourceProcessGUID":"{8715b604-0deb-5f2a-1200-000000000400}","UtcTime":"2020-08-05 06:10:00.007","GrantedAccess":"0x1000","@version":"1","Keywords":-9223372036854775808,"ThreadID":4452,"TargetProcessId":"3328","UserID":"S-1-5-18","Version":3,"TargetProcessGUID":"{8715b604-0df2-5f2a-4600-000000000400}","TargetImage":"C:\\windows\\System32\\svchost.exe","CallTrace":"C:\\windows\\SYSTEM32\\ntdll.dll+9c534|C:\\windows\\System32\\KERNELBASE.dll+6a7f5|c:\\windows\\system32\\lsm.dll+108a0|C:\\windows\\System32\\RPCRT4.dll+76953|C:\\windows\\System32\\RPCRT4.dll+da036|C:\\windows\\System32\\RPCRT4.dll+37a4c|C:\\windows\\System32\\RPCRT4.dll+548c8|C:\\windows\\System32\\RPCRT4.dll+2c921|C:\\windows\\System32\\RPCRT4.dll+2c1db|C:\\windows\\System32\\RPCRT4.dll+1a86f|C:\\windows\\System32\\RPCRT4.dll+19d1a|C:\\windows\\System32\\RPCRT4.dll+19301|C:\\windows\\System32\\RPCRT4.dll+18d6e|C:\\windows\\System32\\RPCRT4.dll+169a5|C:\\windows\\SYSTEM32\\ntdll.dll+333ed|C:\\windows\\SYSTEM32\\ntdll.dll+34142|C:\\windows\\System32\\KERNEL32.DLL+17bd4|C:\\windows\\SYSTEM32\\ntdll.dll+6ce51","host":"wec.internal.cloudapp.net","Message":"Process accessed:\r\nRuleName: -\r\nUtcTime: 2020-08-05 06:10:00.007\r\nSourceProcessGUID: {8715b604-0deb-5f2a-1200-000000000400}\r\nSourceProcessId: 448\r\nSourceThreadId: 7584\r\nSourceImage: C:\\windows\\system32\\svchost.exe\r\nTargetProcessGUID: {8715b604-0df2-5f2a-4600-000000000400}\r\nTargetProcessId: 3328\r\nTargetImage: C:\\windows\\System32\\svchost.exe\r\nGrantedAccess: 0x1000\r\nCallTrace: C:\\windows\\SYSTEM32\\ntdll.dll+9c534|C:\\windows\\System32\\KERNELBASE.dll+6a7f5|c:\\windows\\system32\\lsm.dll+108a0|C:\\windows\\System32\\RPCRT4.dll+76953|C:\\windows\\System32\\RPCRT4.dll+da036|C:\\windows\\System32\\RPCRT4.dll+37a4c|C:\\windows\\System32\\RPCRT4.dll+548c8|C:\\windows\\System32\\RPCRT4.dll+2c921|C:\\windows\\System32\\RPCRT4.dll+2c1db|C:\\windows\\System32\\RPCRT4.dll+1a86f|C:\\windows\\System32\\RPCRT4.dll+19d1a|C:\\windows\\System32\\RPCRT4.dll+19301|C:\\windows\\System32\\RPCRT4.dll+18d6e|C:\\windows\\System32\\RPCRT4.dll+169a5|C:\\windows\\SYSTEM32\\ntdll.dll+333ed|C:\\windows\\SYSTEM32\\ntdll.dll+34142|C:\\windows\\System32\\KERNEL32.DLL+17bd4|C:\\windows\\SYSTEM32\\ntdll.dll+6ce51","SourceModuleName":"eventlog","SourceThreadId":"7584","SourceName":"Microsoft-Windows-Sysmon","SourceProcessId":"448","SeverityValue":2,"tags":["mordorDataset"],"Channel":"Microsoft-Windows-Sysmon/Operational","ProviderGuid":"{5770385F-C22A-43E0-BF4C-06F5698FFBD9}","RuleName":"-","EventID":10,"RecordNumber":479939,"Hostname":"WORKSTATION5.theshire.local","SourceImage":"C:\\windows\\system32\\svchost.exe","ProcessId":"448","SourceModuleType":"im_msvistalog","Domain":"NT AUTHORITY","port":53997,"EventTime":"2020-08-05 02:10:00","Severity":"INFO","ExecutionProcessID":3484,"AccountName":"SYSTEM","OpcodeValue":0,"@timestamp":"2020-08-05T06:10:01.781Z","Task":10,"EventType":"INFO","EventReceivedTime":"2020-08-05 02:10:01","AccountType":"User"}
{"SubjectUserSid":"S-1-5-19","@version":"1","Keywords":-9218868437227405312,"ThreadID":9412,"Version":0,"host":"wec.internal.cloudapp.net","Message":"A privileged service was called.\r\n\r\nSubject:\r\n\tSecurity ID:\t\tS-1-5-19\r\n\tAccount Name:\t\tLOCAL SERVICE\r\n\tAccount Domain:\t\tNT AUTHORITY\r\n\tLogon ID:\t\t0x3E5\r\n\r\nService:\r\n\tServer:\tSecurity\r\n\tService Name:\t-\r\n\r\nProcess:\r\n\tProcess ID:\t0x998\r\n\tProcess Name:\tC:\\Windows\\System32\\svchost.exe\r\n\r\nService Request Information:\r\n\tPrivileges:\t\tSeProfileSingleProcessPrivilege","SourceModuleName":"eventlog","SourceName":"Microsoft-Windows-Security-Auditing","SubjectLogonId":"0x3e5","SeverityValue":4,"tags":["mordorDataset"],"Channel":"Security","ProviderGuid":"{54849625-5478-4994-A5BA-3E3B0328C30D}","ObjectServer":"Security","EventID":4673,"RecordNumber":84623,"Hostname":"WORKSTATION6.theshire.local","Category":"Sensitive Privilege Use","Opcode":"Info","SubjectDomainName":"NT AUTHORITY","ProcessId":"0x998","SourceModuleType":"im_msvistalog","port":53997,"PrivilegeList":"SeProfileSingleProcessPrivilege","EventTime":"2020-08-05 02:10:00","Service":"-","Severity":"ERROR","ExecutionProcessID":4,"OpcodeValue":0,"@timestamp":"2020-08-05T06:10:01.782Z","Task":13056,"EventType":"AUDIT_FAILURE","SubjectUserName":"LOCAL SERVICE","ProcessName":"C:\\Windows\\System32\\svchost.exe","EventReceivedTime":"2020-08-05 02:10:01"}
{"SourceProcessGUID":"{8715b604-0deb-5f2a-1200-000000000400}","UtcTime":"2020-08-05 06:10:00.007","GrantedAccess":"0x1000","@version":"1","Keywords":-9223372036854775808,"ThreadID":4452,"TargetProcessId":"3328","UserID":"S-1-5-18","Version":3,"TargetProcessGUID":"{8715b604-0df2-5f2a-4600-000000000400}","TargetImage":"C:\\windows\\System32\\svchost.exe","CallTrace":"C:\\windows\\SYSTEM32\\ntdll.dll+9c534|C:\\windows\\System32\\KERNELBASE.dll+6a7f5|c:\\windows\\system32\\lsm.dll+106fe|C:\\windows\\System32\\RPCRT4.dll+76953|C:\\windows\\System32\\RPCRT4.dll+da036|C:\\windows\\System32\\RPCRT4.dll+37a4c|C:\\windows\\System32\\RPCRT4.dll+548c8|C:\\windows\\System32\\RPCRT4.dll+2c921|C:\\windows\\System32\\RPCRT4.dll+2c1db|C:\\windows\\System32\\RPCRT4.dll+1a86f|C:\\windows\\System32\\RPCRT4.dll+19d1a|C:\\windows\\System32\\RPCRT4.dll+19301|C:\\windows\\System32\\RPCRT4.dll+18d6e|C:\\windows\\System32\\RPCRT4.dll+169a5|C:\\windows\\SYSTEM32\\ntdll.dll+333ed|C:\\windows\\SYSTEM32\\ntdll.dll+34142|C:\\windows\\System32\\KERNEL32.DLL+17bd4|C:\\windows\\SYSTEM32\\ntdll.dll+6ce51","host":"wec.internal.cloudapp.net","Message":"Process accessed:\r\nRuleName: -\r\nUtcTime: 2020-08-05 06:10:00.007\r\nSourceProcessGUID: {8715b604-0deb-5f2a-1200-000000000400}\r\nSourceProcessId: 448\r\nSourceThreadId: 7584\r\nSourceImage: C:\\windows\\system32\\svchost.exe\r\nTargetProcessGUID: {8715b604-0df2-5f2a-4600-000000000400}\r\nTargetProcessId: 3328\r\nTargetImage: C:\\windows\\System32\\svchost.exe\r\nGrantedAccess: 0x1000\r\nCallTrace: C:\\windows\\SYSTEM32\\ntdll.dll+9c534|C:\\windows\\System32\\KERNELBASE.dll+6a7f5|c:\\windows\\system32\\lsm.dll+106fe|C:\\windows\\System32\\RPCRT4.dll+76953|C:\\windows\\System32\\RPCRT4.dll+da036|C:\\windows\\System32\\RPCRT4.dll+37a4c|C:\\windows\\System32\\RPCRT4.dll+548c8|C:\\windows\\System32\\RPCRT4.dll+2c921|C:\\windows\\System32\\RPCRT4.dll+2c1db|C:\\windows\\System32\\RPCRT4.dll+1a86f|C:\\windows\\System32\\RPCRT4.dll+19d1a|C:\\windows\\System32\\RPCRT4.dll+19301|C:\\windows\\System32\\RPCRT4.dll+18d6e|C:\\windows\\System32\\RPCRT4.dll+169a5|C:\\windows\\SYSTEM32\\ntdll.dll+333ed|C:\\windows\\SYSTEM32\\ntdll.dll+34142|C:\\windows\\System32\\KERNEL32.DLL+17bd4|C:\\windows\\SYSTEM32\\ntdll.dll+6ce51","SourceModuleName":"eventlog","SourceThreadId":"7584","SourceName":"Microsoft-Windows-Sysmon","SourceProcessId":"448","SeverityValue":2,"tags":["mordorDataset"],"Channel":"Microsoft-Windows-Sysmon/Operational","ProviderGuid":"{5770385F-C22A-43E0-BF4C-06F5698FFBD9}","RuleName":"-","EventID":10,"RecordNumber":479940,"Hostname":"WORKSTATION5.theshire.local","SourceImage":"C:\\windows\\system32\\svchost.exe","ProcessId":"448","SourceModuleType":"im_msvistalog","Domain":"NT AUTHORITY","port":53997,"EventTime":"2020-08-05 02:10:00","Severity":"INFO","ExecutionProcessID":3484,"AccountName":"SYSTEM","OpcodeValue":0,"@timestamp":"2020-08-05T06:10:01.782Z","Task":10,"EventType":"INFO","EventReceivedTime":"2020-08-05 02:10:01","AccountType":"User"}
