{"Version":3,"GrantedAccess":"0x1400","EventReceivedTime":"2019-12-04 23:47:52","type":"nxlog-mordor","SourceImage":"C:\\Windows\\System32\\svchost.exe","host":"ip-172-18-39-102.ec2.internal","Channel":"Microsoft-Windows-Sysmon/Operational","RecordNumber":225564,"SourceProcessId":"3620","port":49730,"ProviderGuid":"{5770385F-C22A-43E0-BF4C-06F5698FFBD9}","CallTrace":"C:\\Windows\\SYSTEM32\\ntdll.dll+9c524|C:\\Windows\\System32\\KERNELBASE.dll+2730e|c:\\windows\\system32\\rasmans.dll+3751b|c:\\windows\\system32\\rasmans.dll+36fad|c:\\windows\\system32\\rasmans.dll+10ed8|c:\\windows\\system32\\rasmans.dll+33cd5|C:\\Windows\\System32\\svchost.exe+314c|C:\\Windows\\System32\\sechost.dll+2de2|C:\\Windows\\System32\\KERNEL32.DLL+17944|C:\\Windows\\SYSTEM32\\ntdll.dll+6ce71","EventID":10,"EventType":"INFO","TargetProcessGUID":"{a158f72c-4a96-5de8-0000-001017120200}","UtcTime":"2019-12-05 04:47:50.613","UserID":"S-1-5-18","SourceThreadId":"3708","SourceName":"Microsoft-Windows-Sysmon","Domain":"NT AUTHORITY","AccountType":"User","OpcodeValue":0,"Message":"Process accessed:\r\nRuleName: \r\nUtcTime: 2019-12-05 04:47:50.613\r\nSourceProcessGUID: {a158f72c-4a98-5de8-0000-00100c790200}\r\nSourceProcessId: 3620\r\nSourceThreadId: 3708\r\nSourceImage: C:\\Windows\\System32\\svchost.exe\r\nTargetProcessGUID: {a158f72c-4a96-5de8-0000-001017120200}\r\nTargetProcessId: 2208\r\nTargetImage: C:\\Program Files\\Amazon\\Ec2ConfigService\\Ec2Config.exe\r\nGrantedAccess: 0x1400\r\nCallTrace: C:\\Windows\\SYSTEM32\\ntdll.dll+9c524|C:\\Windows\\System32\\KERNELBASE.dll+2730e|c:\\windows\\system32\\rasmans.dll+3751b|c:\\windows\\system32\\rasmans.dll+36fad|c:\\windows\\system32\\rasmans.dll+10ed8|c:\\windows\\system32\\rasmans.dll+33cd5|C:\\Windows\\System32\\svchost.exe+314c|C:\\Windows\\System32\\sechost.dll+2de2|C:\\Windows\\System32\\KERNEL32.DLL+17944|C:\\Windows\\SYSTEM32\\ntdll.dll+6ce71","Task":10,"Severity":"INFO","Keywords":-9223372036854775808,"@timestamp":"2019-12-05T04:47:52.220Z","EventTime":"2019-12-04 23:47:50","SeverityValue":2,"ProcessID":3144,"ThreadID":4584,"AccountName":"SYSTEM","TargetImage":"C:\\Program Files\\Amazon\\Ec2ConfigService\\Ec2Config.exe","SourceModuleType":"im_msvistalog","Hostname":"HR001.shire.com","SourceModuleName":"eventlog","SourceProcessGUID":"{a158f72c-4a98-5de8-0000-00100c790200}","TargetProcessId":"2208","@version":"1"}
{"Version":3,"GrantedAccess":"0x1000","EventReceivedTime":"2019-12-04 23:47:53","type":"nxlog-mordor","SourceImage":"C:\\Windows\\system32\\svchost.exe","host":"ip-172-18-39-102.ec2.internal","Channel":"Microsoft-Windows-Sysmon/Operational","RecordNumber":225565,"SourceProcessId":"968","port":49730,"ProviderGuid":"{5770385F-C22A-43E0-BF4C-06F5698FFBD9}","CallTrace":"C:\\Windows\\SYSTEM32\\ntdll.dll+9c524|C:\\Windows\\SYSTEM32\\psmserviceexthost.dll+222a3|C:\\Windows\\SYSTEM32\\psmserviceexthost.dll+1a172|C:\\Windows\\SYSTEM32\\psmserviceexthost.dll+19e3b|C:\\Windows\\SYSTEM32\\psmserviceexthost.dll+19318|C:\\Windows\\SYSTEM32\\ntdll.dll+3082d|C:\\Windows\\SYSTEM32\\ntdll.dll+345c4|C:\\Windows\\System32\\KERNEL32.DLL+17944|C:\\Windows\\SYSTEM32\\ntdll.dll+6ce71","EventID":10,"EventType":"INFO","TargetProcessGUID":"{a158f72c-4a97-5de8-0000-00105c300200}","UtcTime":"2019-12-05 04:47:51.160","UserID":"S-1-5-18","SourceThreadId":"8424","SourceName":"Microsoft-Windows-Sysmon","Domain":"NT AUTHORITY","AccountType":"User","OpcodeValue":0,"Message":"Process accessed:\r\nRuleName: \r\nUtcTime: 2019-12-05 04:47:51.160\r\nSourceProcessGUID: {a158f72c-4a94-5de8-0000-001033890000}\r\nSourceProcessId: 968\r\nSourceThreadId: 8424\r\nSourceImage: C:\\Windows\\system32\\svchost.exe\r\nTargetProcessGUID: {a158f72c-4a97-5de8-0000-00105c300200}\r\nTargetProcessId: 3236\r\nTargetImage: C:\\Windows\\System32\\svchost.exe\r\nGrantedAccess: 0x1000\r\nCallTrace: C:\\Windows\\SYSTEM32\\ntdll.dll+9c524|C:\\Windows\\SYSTEM32\\psmserviceexthost.dll+222a3|C:\\Windows\\SYSTEM32\\psmserviceexthost.dll+1a172|C:\\Windows\\SYSTEM32\\psmserviceexthost.dll+19e3b|C:\\Windows\\SYSTEM32\\psmserviceexthost.dll+19318|C:\\Windows\\SYSTEM32\\ntdll.dll+3082d|C:\\Windows\\SYSTEM32\\ntdll.dll+345c4|C:\\Windows\\System32\\KERNEL32.DLL+17944|C:\\Windows\\SYSTEM32\\ntdll.dll+6ce71","Task":10,"Severity":"INFO","Keywords":-9223372036854775808,"@timestamp":"2019-12-05T04:47:53.234Z","EventTime":"2019-12-04 23:47:51","SeverityValue":2,"ProcessID":3144,"ThreadID":4584,"AccountName":"SYSTEM","TargetImage":"C:\\Windows\\System32\\svchost.exe","SourceModuleType":"im_msvistalog","Hostname":"HR001.shire.com","SourceModuleName":"eventlog","SourceProcessGUID":"{a158f72c-4a94-5de8-0000-001033890000}","TargetProcessId":"3236","@version":"1"}
{"Version":3,"GrantedAccess":"0x1000","EventReceivedTime":"2019-12-04 23:47:53","type":"nxlog-mordor","SourceImage":"C:\\Windows\\system32\\svchost.exe","host":"ip-172-18-39-102.ec2.internal","Channel":"Microsoft-Windows-Sysmon/Operational","RecordNumber":225566,"SourceProcessId":"968","port":49730,"ProviderGuid":"{5770385F-C22A-43E0-BF4C-06F5698FFBD9}","CallTrace":"C:\\Windows\\SYSTEM32\\ntdll.dll+9c524|C:\\Windows\\SYSTEM32\\psmserviceexthost.dll+222a3|C:\\Windows\\SYSTEM32\\psmserviceexthost.dll+1a172|C:\\Windows\\SYSTEM32\\psmserviceexthost.dll+19e3b|C:\\Windows\\SYSTEM32\\psmserviceexthost.dll+19318|C:\\Windows\\SYSTEM32\\ntdll.dll+3082d|C:\\Windows\\SYSTEM32\\ntdll.dll+345c4|C:\\Windows\\System32\\KERNEL32.DLL+17944|C:\\Windows\\SYSTEM32\\ntdll.dll+6ce71","EventID":10,"EventType":"INFO","TargetProcessGUID":"{a158f72c-4a97-5de8-0000-00105c300200}","UtcTime":"2019-12-05 04:47:51.160","UserID":"S-1-5-18","SourceThreadId":"8424","SourceName":"Microsoft-Windows-Sysmon","Domain":"NT AUTHORITY","AccountType":"User","OpcodeValue":0,"Message":"Process accessed:\r\nRuleName: \r\nUtcTime: 2019-12-05 04:47:51.160\r\nSourceProcessGUID: {a158f72c-4a94-5de8-0000-001033890000}\r\nSourceProcessId: 968\r\nSourceThreadId: 8424\r\nSourceImage: C:\\Windows\\system32\\svchost.exe\r\nTargetProcessGUID: {a158f72c-4a97-5de8-0000-00105c300200}\r\nTargetProcessId: 3236\r\nTargetImage: C:\\Windows\\System32\\svchost.exe\r\nGrantedAccess: 0x1000\r\nCallTrace: C:\\Windows\\SYSTEM32\\ntdll.dll+9c524|C:\\Windows\\SYSTEM32\\psmserviceexthost.dll+222a3|C:\\Windows\\SYSTEM32\\psmserviceexthost.dll+1a172|C:\\Windows\\SYSTEM32\\psmserviceexthost.dll+19e3b|C:\\Windows\\SYSTEM32\\psmserviceexthost.dll+19318|C:\\Windows\\SYSTEM32\\ntdll.dll+3082d|C:\\Windows\\SYSTEM32\\ntdll.dll+345c4|C:\\Windows\\System32\\KERNEL32.DLL+17944|C:\\Windows\\SYSTEM32\\ntdll.dll+6ce71","Task":10,"Severity":"INFO","Keywords":-9223372036854775808,"@timestamp":"2019-12-05T04:47:53.234Z","EventTime":"2019-12-04 23:47:51","SeverityValue":2,"ProcessID":3144,"ThreadID":4584,"AccountName":"SYSTEM","TargetImage":"C:\\Windows\\System32\\svchost.exe","SourceModuleType":"im_msvistalog","Hostname":"HR001.shire.com","SourceModuleName":"eventlog","SourceProcessGUID":"{a158f72c-4a94-5de8-0000-001033890000}","TargetProcessId":"3236","@version":"1"}
{"Version":3,"GrantedAccess":"0x1000","EventReceivedTime":"2019-12-04 23:47:54","type":"nxlog-mordor","SourceImage":"C:\\Windows\\system32\\svchost.exe","host":"ip-172-18-39-102.ec2.internal","Channel":"Microsoft-Windows-Sysmon/Operational","RecordNumber":225570,"SourceProcessId":"968","port":49730,"ProviderGuid":"{5770385F-C22A-43E0-BF4C-06F5698FFBD9}","CallTrace":"C:\\Windows\\SYSTEM32\\ntdll.dll+9c524|C:\\Windows\\SYSTEM32\\psmserviceexthost.dll+222a3|C:\\Windows\\SYSTEM32\\psmserviceexthost.dll+1a172|C:\\Windows\\SYSTEM32\\psmserviceexthost.dll+19e3b|C:\\Windows\\SYSTEM32\\psmserviceexthost.dll+19318|C:\\Windows\\SYSTEM32\\ntdll.dll+3082d|C:\\Windows\\SYSTEM32\\ntdll.dll+345c4|C:\\Windows\\System32\\KERNEL32.DLL+17944|C:\\Windows\\SYSTEM32\\ntdll.dll+6ce71","EventID":10,"EventType":"INFO","TargetProcessGUID":"{a158f72c-4a97-5de8-0000-00105c300200}","UtcTime":"2019-12-05 04:47:52.160","UserID":"S-1-5-18","SourceThreadId":"5432","SourceName":"Microsoft-Windows-Sysmon","Domain":"NT AUTHORITY","AccountType":"User","OpcodeValue":0,"Message":"Process accessed:\r\nRuleName: \r\nUtcTime: 2019-12-05 04:47:52.160\r\nSourceProcessGUID: {a158f72c-4a94-5de8-0000-001033890000}\r\nSourceProcessId: 968\r\nSourceThreadId: 5432\r\nSourceImage: C:\\Windows\\system32\\svchost.exe\r\nTargetProcessGUID: {a158f72c-4a97-5de8-0000-00105c300200}\r\nTargetProcessId: 3236\r\nTargetImage: C:\\Windows\\System32\\svchost.exe\r\nGrantedAccess: 0x1000\r\nCallTrace: C:\\Windows\\SYSTEM32\\ntdll.dll+9c524|C:\\Windows\\SYSTEM32\\psmserviceexthost.dll+222a3|C:\\Windows\\SYSTEM32\\psmserviceexthost.dll+1a172|C:\\Windows\\SYSTEM32\\psmserviceexthost.dll+19e3b|C:\\Windows\\SYSTEM32\\psmserviceexthost.dll+19318|C:\\Windows\\SYSTEM32\\ntdll.dll+3082d|C:\\Windows\\SYSTEM32\\ntdll.dll+345c4|C:\\Windows\\System32\\KERNEL32.DLL+17944|C:\\Windows\\SYSTEM32\\ntdll.dll+6ce71","Task":10,"Severity":"INFO","Keywords":-9223372036854775808,"@timestamp":"2019-12-05T04:47:54.250Z","EventTime":"2019-12-04 23:47:52","SeverityValue":2,"ProcessID":3144,"ThreadID":4584,"AccountName":"SYSTEM","TargetImage":"C:\\Windows\\System32\\svchost.exe","SourceModuleType":"im_msvistalog","Hostname":"HR001.shire.com","SourceModuleName":"eventlog","SourceProcessGUID":"{a158f72c-4a94-5de8-0000-001033890000}","TargetProcessId":"3236","@version":"1"}
{"Version":3,"GrantedAccess":"0x1000","EventReceivedTime":"2019-12-04 23:47:54","type":"nxlog-mordor","SourceImage":"C:\\Windows\\system32\\svchost.exe","host":"ip-172-18-39-102.ec2.internal","Channel":"Microsoft-Windows-Sysmon/Operational","RecordNumber":225567,"SourceProcessId":"968","port":49730,"ProviderGuid":"{5770385F-C22A-43E0-BF4C-06F5698FFBD9}","CallTrace":"C:\\Windows\\SYSTEM32\\ntdll.dll+9c524|C:\\Windows\\SYSTEM32\\psmserviceexthost.dll+222a3|C:\\Windows\\SYSTEM32\\psmserviceexthost.dll+1a172|C:\\Windows\\SYSTEM32\\psmserviceexthost.dll+19e3b|C:\\Windows\\SYSTEM32\\psmserviceexthost.dll+19318|C:\\Windows\\SYSTEM32\\ntdll.dll+3082d|C:\\Windows\\SYSTEM32\\ntdll.dll+345c4|C:\\Windows\\System32\\KERNEL32.DLL+17944|C:\\Windows\\SYSTEM32\\ntdll.dll+6ce71","EventID":10,"EventType":"INFO","TargetProcessGUID":"{a158f72c-4a97-5de8-0000-00105c300200}","UtcTime":"2019-12-05 04:47:52.160","UserID":"S-1-5-18","SourceThreadId":"5432","SourceName":"Microsoft-Windows-Sysmon","Domain":"NT AUTHORITY","AccountType":"User","OpcodeValue":0,"Message":"Process accessed:\r\nRuleName: \r\nUtcTime: 2019-12-05 04:47:52.160\r\nSourceProcessGUID: {a158f72c-4a94-5de8-0000-001033890000}\r\nSourceProcessId: 968\r\nSourceThreadId: 5432\r\nSourceImage: C:\\Windows\\system32\\svchost.exe\r\nTargetProcessGUID: {a158f72c-4a97-5de8-0000-00105c300200}\r\nTargetProcessId: 3236\r\nTargetImage: C:\\Windows\\System32\\svchost.exe\r\nGrantedAccess: 0x1000\r\nCallTrace: C:\\Windows\\SYSTEM32\\ntdll.dll+9c524|C:\\Windows\\SYSTEM32\\psmserviceexthost.dll+222a3|C:\\Windows\\SYSTEM32\\psmserviceexthost.dll+1a172|C:\\Windows\\SYSTEM32\\psmserviceexthost.dll+19e3b|C:\\Windows\\SYSTEM32\\psmserviceexthost.dll+19318|C:\\Windows\\SYSTEM32\\ntdll.dll+3082d|C:\\Windows\\SYSTEM32\\ntdll.dll+345c4|C:\\Windows\\System32\\KERNEL32.DLL+17944|C:\\Windows\\SYSTEM32\\ntdll.dll+6ce71","Task":10,"Severity":"INFO","Keywords":-9223372036854775808,"@timestamp":"2019-12-05T04:47:54.250Z","EventTime":"2019-12-04 23:47:52","SeverityValue":2,"ProcessID":3144,"ThreadID":4584,"AccountName":"SYSTEM","TargetImage":"C:\\Windows\\System32\\svchost.exe","SourceModuleType":"im_msvistalog","Hostname":"HR001.shire.com","SourceModuleName":"eventlog","SourceProcessGUID":"{a158f72c-4a94-5de8-0000-001033890000}","TargetProcessId":"3236","@version":"1"}
{"Version":0,"EventReceivedTime":"2019-12-04 23:47:54","SourceAddress":"0.0.0.0","type":"nxlog-mordor","host":"ip-172-18-39-102.ec2.internal","Channel":"security","RecordNumber":41735,"Category":"Filtering Platform Connection","port":49730,"ProviderGuid":"{54849625-5478-4994-A5BA-3E3B0328C30D}","Application":"\\device\\harddiskvolume2\\windows\\system32\\svchost.exe","EventID":5158,"EventType":"AUDIT_SUCCESS","SourcePort":"51761","SourceName":"Microsoft-Windows-Security-Auditing","OpcodeValue":0,"Message":"The Windows Filtering Platform has permitted a bind to a local port.\r\n\r\nApplication Information:\r\n\tProcess ID:\t\t3236\r\n\tApplication Name:\t\\device\\harddiskvolume2\\windows\\system32\\svchost.exe\r\n\r\nNetwork Information:\r\n\tSource Address:\t\t0.0.0.0\r\n\tSource Port:\t\t51761\r\n\tProtocol:\t\t6\r\n\r\nFilter Information:\r\n\tFilter Run-Time ID:\t0\r\n\tLayer Name:\t\tResource Assignment\r\n\tLayer Run-Time ID:\t36","LayerName":"%%14608","Task":12810,"Severity":"INFO","Keywords":-9214364837600034816,"LayerRTID":"36","@timestamp":"2019-12-05T04:47:54.251Z","EventTime":"2019-12-04 23:47:52","SeverityValue":2,"ProcessID":4,"ThreadID":1564,"Opcode":"Info","Protocol":"6","SourceModuleType":"im_msvistalog","Hostname":"HR001.shire.com","SourceModuleName":"eventlog","FilterRTID":"0","@version":"1"}
{"Version":3,"GrantedAccess":"0x1000","EventReceivedTime":"2019-12-04 23:47:54","type":"nxlog-mordor","SourceImage":"C:\\Windows\\system32\\svchost.exe","host":"ip-172-18-39-102.ec2.internal","Channel":"Microsoft-Windows-Sysmon/Operational","RecordNumber":225573,"SourceProcessId":"968","port":49730,"ProviderGuid":"{5770385F-C22A-43E0-BF4C-06F5698FFBD9}","CallTrace":"C:\\Windows\\SYSTEM32\\ntdll.dll+9c524|C:\\Windows\\SYSTEM32\\psmserviceexthost.dll+222a3|C:\\Windows\\SYSTEM32\\psmserviceexthost.dll+1a172|C:\\Windows\\SYSTEM32\\psmserviceexthost.dll+19e3b|C:\\Windows\\SYSTEM32\\psmserviceexthost.dll+19318|C:\\Windows\\SYSTEM32\\ntdll.dll+3082d|C:\\Windows\\SYSTEM32\\ntdll.dll+345c4|C:\\Windows\\System32\\KERNEL32.DLL+17944|C:\\Windows\\SYSTEM32\\ntdll.dll+6ce71","EventID":10,"EventType":"INFO","TargetProcessGUID":"{a158f72c-4a97-5de8-0000-00105c300200}","UtcTime":"2019-12-05 04:47:53.176","UserID":"S-1-5-18","SourceThreadId":"8424","SourceName":"Microsoft-Windows-Sysmon","Domain":"NT AUTHORITY","AccountType":"User","OpcodeValue":0,"Message":"Process accessed:\r\nRuleName: \r\nUtcTime: 2019-12-05 04:47:53.176\r\nSourceProcessGUID: {a158f72c-4a94-5de8-0000-001033890000}\r\nSourceProcessId: 968\r\nSourceThreadId: 8424\r\nSourceImage: C:\\Windows\\system32\\svchost.exe\r\nTargetProcessGUID: {a158f72c-4a97-5de8-0000-00105c300200}\r\nTargetProcessId: 3236\r\nTargetImage: C:\\Windows\\System32\\svchost.exe\r\nGrantedAccess: 0x1000\r\nCallTrace: C:\\Windows\\SYSTEM32\\ntdll.dll+9c524|C:\\Windows\\SYSTEM32\\psmserviceexthost.dll+222a3|C:\\Windows\\SYSTEM32\\psmserviceexthost.dll+1a172|C:\\Windows\\SYSTEM32\\psmserviceexthost.dll+19e3b|C:\\Windows\\SYSTEM32\\psmserviceexthost.dll+19318|C:\\Windows\\SYSTEM32\\ntdll.dll+3082d|C:\\Windows\\SYSTEM32\\ntdll.dll+345c4|C:\\Windows\\System32\\KERNEL32.DLL+17944|C:\\Windows\\SYSTEM32\\ntdll.dll+6ce71","Task":10,"Severity":"INFO","Keywords":-9223372036854775808,"@timestamp":"2019-12-05T04:47:54.252Z","EventTime":"2019-12-04 23:47:53","SeverityValue":2,"ProcessID":3144,"ThreadID":4584,"AccountName":"SYSTEM","TargetImage":"C:\\Windows\\System32\\svchost.exe","SourceModuleType":"im_msvistalog","Hostname":"HR001.shire.com","SourceModuleName":"eventlog","SourceProcessGUID":"{a158f72c-4a94-5de8-0000-001033890000}","TargetProcessId":"3236","@version":"1"}
{"Version":3,"GrantedAccess":"0x1000","EventReceivedTime":"2019-12-04 23:47:54","type":"nxlog-mordor","SourceImage":"C:\\Windows\\system32\\svchost.exe","host":"ip-172-18-39-102.ec2.internal","Channel":"Microsoft-Windows-Sysmon/Operational","RecordNumber":225572,"SourceProcessId":"968","port":49730,"ProviderGuid":"{5770385F-C22A-43E0-BF4C-06F5698FFBD9}","CallTrace":"C:\\Windows\\SYSTEM32\\ntdll.dll+9c524|C:\\Windows\\SYSTEM32\\psmserviceexthost.dll+222a3|C:\\Windows\\SYSTEM32\\psmserviceexthost.dll+1a172|C:\\Windows\\SYSTEM32\\psmserviceexthost.dll+19e3b|C:\\Windows\\SYSTEM32\\psmserviceexthost.dll+19318|C:\\Windows\\SYSTEM32\\ntdll.dll+3082d|C:\\Windows\\SYSTEM32\\ntdll.dll+345c4|C:\\Windows\\System32\\KERNEL32.DLL+17944|C:\\Windows\\SYSTEM32\\ntdll.dll+6ce71","EventID":10,"EventType":"INFO","TargetProcessGUID":"{a158f72c-4a97-5de8-0000-00105c300200}","UtcTime":"2019-12-05 04:47:53.176","UserID":"S-1-5-18","SourceThreadId":"8424","SourceName":"Microsoft-Windows-Sysmon","Domain":"NT AUTHORITY","AccountType":"User","OpcodeValue":0,"Message":"Process accessed:\r\nRuleName: \r\nUtcTime: 2019-12-05 04:47:53.176\r\nSourceProcessGUID: {a158f72c-4a94-5de8-0000-001033890000}\r\nSourceProcessId: 968\r\nSourceThreadId: 8424\r\nSourceImage: C:\\Windows\\system32\\svchost.exe\r\nTargetProcessGUID: {a158f72c-4a97-5de8-0000-00105c300200}\r\nTargetProcessId: 3236\r\nTargetImage: C:\\Windows\\System32\\svchost.exe\r\nGrantedAccess: 0x1000\r\nCallTrace: C:\\Windows\\SYSTEM32\\ntdll.dll+9c524|C:\\Windows\\SYSTEM32\\psmserviceexthost.dll+222a3|C:\\Windows\\SYSTEM32\\psmserviceexthost.dll+1a172|C:\\Windows\\SYSTEM32\\psmserviceexthost.dll+19e3b|C:\\Windows\\SYSTEM32\\psmserviceexthost.dll+19318|C:\\Windows\\SYSTEM32\\ntdll.dll+3082d|C:\\Windows\\SYSTEM32\\ntdll.dll+345c4|C:\\Windows\\System32\\KERNEL32.DLL+17944|C:\\Windows\\SYSTEM32\\ntdll.dll+6ce71","Task":10,"Severity":"INFO","Keywords":-9223372036854775808,"@timestamp":"2019-12-05T04:47:54.252Z","EventTime":"2019-12-04 23:47:53","SeverityValue":2,"ProcessID":3144,"ThreadID":4584,"AccountName":"SYSTEM","TargetImage":"C:\\Windows\\System32\\svchost.exe","SourceModuleType":"im_msvistalog","Hostname":"HR001.shire.com","SourceModuleName":"eventlog","SourceProcessGUID":"{a158f72c-4a94-5de8-0000-001033890000}","TargetProcessId":"3236","@version":"1"}
{"Version":3,"GrantedAccess":"0x1000","EventReceivedTime":"2019-12-04 23:47:54","type":"nxlog-mordor","SourceImage":"C:\\Windows\\system32\\svchost.exe","host":"ip-172-18-39-102.ec2.internal","Channel":"Microsoft-Windows-Sysmon/Operational","RecordNumber":225568,"SourceProcessId":"968","port":49730,"ProviderGuid":"{5770385F-C22A-43E0-BF4C-06F5698FFBD9}","CallTrace":"C:\\Windows\\SYSTEM32\\ntdll.dll+9c524|C:\\Windows\\SYSTEM32\\psmserviceexthost.dll+222a3|C:\\Windows\\SYSTEM32\\psmserviceexthost.dll+1a172|C:\\Windows\\SYSTEM32\\psmserviceexthost.dll+19e3b|C:\\Windows\\SYSTEM32\\psmserviceexthost.dll+19318|C:\\Windows\\SYSTEM32\\ntdll.dll+3082d|C:\\Windows\\SYSTEM32\\ntdll.dll+345c4|C:\\Windows\\System32\\KERNEL32.DLL+17944|C:\\Windows\\SYSTEM32\\ntdll.dll+6ce71","EventID":10,"EventType":"INFO","TargetProcessGUID":"{a158f72c-4a97-5de8-0000-00105c300200}","UtcTime":"2019-12-05 04:47:52.160","UserID":"S-1-5-18","SourceThreadId":"5432","SourceName":"Microsoft-Windows-Sysmon","Domain":"NT AUTHORITY","AccountType":"User","OpcodeValue":0,"Message":"Process accessed:\r\nRuleName: \r\nUtcTime: 2019-12-05 04:47:52.160\r\nSourceProcessGUID: {a158f72c-4a94-5de8-0000-001033890000}\r\nSourceProcessId: 968\r\nSourceThreadId: 5432\r\nSourceImage: C:\\Windows\\system32\\svchost.exe\r\nTargetProcessGUID: {a158f72c-4a97-5de8-0000-00105c300200}\r\nTargetProcessId: 3236\r\nTargetImage: C:\\Windows\\System32\\svchost.exe\r\nGrantedAccess: 0x1000\r\nCallTrace: C:\\Windows\\SYSTEM32\\ntdll.dll+9c524|C:\\Windows\\SYSTEM32\\psmserviceexthost.dll+222a3|C:\\Windows\\SYSTEM32\\psmserviceexthost.dll+1a172|C:\\Windows\\SYSTEM32\\psmserviceexthost.dll+19e3b|C:\\Windows\\SYSTEM32\\psmserviceexthost.dll+19318|C:\\Windows\\SYSTEM32\\ntdll.dll+3082d|C:\\Windows\\SYSTEM32\\ntdll.dll+345c4|C:\\Windows\\System32\\KERNEL32.DLL+17944|C:\\Windows\\SYSTEM32\\ntdll.dll+6ce71","Task":10,"Severity":"INFO","Keywords":-9223372036854775808,"@timestamp":"2019-12-05T04:47:54.250Z","EventTime":"2019-12-04 23:47:52","SeverityValue":2,"ProcessID":3144,"ThreadID":4584,"AccountName":"SYSTEM","TargetImage":"C:\\Windows\\System32\\svchost.exe","SourceModuleType":"im_msvistalog","Hostname":"HR001.shire.com","SourceModuleName":"eventlog","SourceProcessGUID":"{a158f72c-4a94-5de8-0000-001033890000}","TargetProcessId":"3236","@version":"1"}
{"Version":1,"EventReceivedTime":"2019-12-04 23:47:54","SourceAddress":"172.18.39.106","type":"nxlog-mordor","DestPort":"5985","host":"ip-172-18-39-102.ec2.internal","Channel":"security","RemoteMachineID":"S-1-0-0","RecordNumber":41736,"Category":"Filtering Platform Connection","port":49730,"ProviderGuid":"{54849625-5478-4994-A5BA-3E3B0328C30D}","Application":"\\device\\harddiskvolume2\\windows\\system32\\svchost.exe","EventID":5156,"EventType":"AUDIT_SUCCESS","Direction":"%%14593","DestAddress":"172.18.39.102","SourcePort":"51761","SourceName":"Microsoft-Windows-Security-Auditing","OpcodeValue":0,"Message":"The Windows Filtering Platform has permitted a connection.\r\n\r\nApplication Information:\r\n\tProcess ID:\t\t3236\r\n\tApplication Name:\t\\device\\harddiskvolume2\\windows\\system32\\svchost.exe\r\n\r\nNetwork Information:\r\n\tDirection:\t\tOutbound\r\n\tSource Address:\t\t172.18.39.106\r\n\tSource Port:\t\t51761\r\n\tDestination Address:\t172.18.39.102\r\n\tDestination Port:\t\t5985\r\n\tProtocol:\t\t6\r\n\r\nFilter Information:\r\n\tFilter Run-Time ID:\t69049\r\n\tLayer Name:\t\tConnect\r\n\tLayer Run-Time ID:\t48","LayerName":"%%14611","Task":12810,"Severity":"INFO","Keywords":-9214364837600034816,"LayerRTID":"48","@timestamp":"2019-12-05T04:47:54.251Z","EventTime":"2019-12-04 23:47:52","SeverityValue":2,"ProcessID":4,"ThreadID":1564,"Opcode":"Info","Protocol":"6","RemoteUserID":"S-1-0-0","SourceModuleType":"im_msvistalog","Hostname":"HR001.shire.com","SourceModuleName":"eventlog","FilterRTID":"69049","@version":"1"}
{"Version":3,"GrantedAccess":"0x1000","EventReceivedTime":"2019-12-04 23:47:54","type":"nxlog-mordor","SourceImage":"C:\\Windows\\system32\\svchost.exe","host":"ip-172-18-39-102.ec2.internal","Channel":"Microsoft-Windows-Sysmon/Operational","RecordNumber":225574,"SourceProcessId":"968","port":49730,"ProviderGuid":"{5770385F-C22A-43E0-BF4C-06F5698FFBD9}","CallTrace":"C:\\Windows\\SYSTEM32\\ntdll.dll+9c524|C:\\Windows\\SYSTEM32\\psmserviceexthost.dll+222a3|C:\\Windows\\SYSTEM32\\psmserviceexthost.dll+1a172|C:\\Windows\\SYSTEM32\\psmserviceexthost.dll+19e3b|C:\\Windows\\SYSTEM32\\psmserviceexthost.dll+19318|C:\\Windows\\SYSTEM32\\ntdll.dll+3082d|C:\\Windows\\SYSTEM32\\ntdll.dll+345c4|C:\\Windows\\System32\\KERNEL32.DLL+17944|C:\\Windows\\SYSTEM32\\ntdll.dll+6ce71","EventID":10,"EventType":"INFO","TargetProcessGUID":"{a158f72c-4a97-5de8-0000-00105c300200}","UtcTime":"2019-12-05 04:47:53.176","UserID":"S-1-5-18","SourceThreadId":"8312","SourceName":"Microsoft-Windows-Sysmon","Domain":"NT AUTHORITY","AccountType":"User","OpcodeValue":0,"Message":"Process accessed:\r\nRuleName: \r\nUtcTime: 2019-12-05 04:47:53.176\r\nSourceProcessGUID: {a158f72c-4a94-5de8-0000-001033890000}\r\nSourceProcessId: 968\r\nSourceThreadId: 8312\r\nSourceImage: C:\\Windows\\system32\\svchost.exe\r\nTargetProcessGUID: {a158f72c-4a97-5de8-0000-00105c300200}\r\nTargetProcessId: 3236\r\nTargetImage: C:\\Windows\\System32\\svchost.exe\r\nGrantedAccess: 0x1000\r\nCallTrace: C:\\Windows\\SYSTEM32\\ntdll.dll+9c524|C:\\Windows\\SYSTEM32\\psmserviceexthost.dll+222a3|C:\\Windows\\SYSTEM32\\psmserviceexthost.dll+1a172|C:\\Windows\\SYSTEM32\\psmserviceexthost.dll+19e3b|C:\\Windows\\SYSTEM32\\psmserviceexthost.dll+19318|C:\\Windows\\SYSTEM32\\ntdll.dll+3082d|C:\\Windows\\SYSTEM32\\ntdll.dll+345c4|C:\\Windows\\System32\\KERNEL32.DLL+17944|C:\\Windows\\SYSTEM32\\ntdll.dll+6ce71","Task":10,"Severity":"INFO","Keywords":-9223372036854775808,"@timestamp":"2019-12-05T04:47:54.252Z","EventTime":"2019-12-04 23:47:53","SeverityValue":2,"ProcessID":3144,"ThreadID":4584,"AccountName":"SYSTEM","TargetImage":"C:\\Windows\\System32\\svchost.exe","SourceModuleType":"im_msvistalog","Hostname":"HR001.shire.com","SourceModuleName":"eventlog","SourceProcessGUID":"{a158f72c-4a94-5de8-0000-001033890000}","TargetProcessId":"3236","@version":"1"}
{"Version":3,"GrantedAccess":"0x1000","EventReceivedTime":"2019-12-04 23:47:54","type":"nxlog-mordor","SourceImage":"C:\\Windows\\system32\\svchost.exe","host":"ip-172-18-39-102.ec2.internal","Channel":"Microsoft-Windows-Sysmon/Operational","RecordNumber":225569,"SourceProcessId":"968","port":49730,"ProviderGuid":"{5770385F-C22A-43E0-BF4C-06F5698FFBD9}","CallTrace":"C:\\Windows\\SYSTEM32\\ntdll.dll+9c524|C:\\Windows\\SYSTEM32\\psmserviceexthost.dll+222a3|C:\\Windows\\SYSTEM32\\psmserviceexthost.dll+1a172|C:\\Windows\\SYSTEM32\\psmserviceexthost.dll+19e3b|C:\\Windows\\SYSTEM32\\psmserviceexthost.dll+19318|C:\\Windows\\SYSTEM32\\ntdll.dll+3082d|C:\\Windows\\SYSTEM32\\ntdll.dll+345c4|C:\\Windows\\System32\\KERNEL32.DLL+17944|C:\\Windows\\SYSTEM32\\ntdll.dll+6ce71","EventID":10,"EventType":"INFO","TargetProcessGUID":"{a158f72c-4a97-5de8-0000-00105c300200}","UtcTime":"2019-12-05 04:47:52.160","UserID":"S-1-5-18","SourceThreadId":"5432","SourceName":"Microsoft-Windows-Sysmon","Domain":"NT AUTHORITY","AccountType":"User","OpcodeValue":0,"Message":"Process accessed:\r\nRuleName: \r\nUtcTime: 2019-12-05 04:47:52.160\r\nSourceProcessGUID: {a158f72c-4a94-5de8-0000-001033890000}\r\nSourceProcessId: 968\r\nSourceThreadId: 5432\r\nSourceImage: C:\\Windows\\system32\\svchost.exe\r\nTargetProcessGUID: {a158f72c-4a97-5de8-0000-00105c300200}\r\nTargetProcessId: 3236\r\nTargetImage: C:\\Windows\\System32\\svchost.exe\r\nGrantedAccess: 0x1000\r\nCallTrace: C:\\Windows\\SYSTEM32\\ntdll.dll+9c524|C:\\Windows\\SYSTEM32\\psmserviceexthost.dll+222a3|C:\\Windows\\SYSTEM32\\psmserviceexthost.dll+1a172|C:\\Windows\\SYSTEM32\\psmserviceexthost.dll+19e3b|C:\\Windows\\SYSTEM32\\psmserviceexthost.dll+19318|C:\\Windows\\SYSTEM32\\ntdll.dll+3082d|C:\\Windows\\SYSTEM32\\ntdll.dll+345c4|C:\\Windows\\System32\\KERNEL32.DLL+17944|C:\\Windows\\SYSTEM32\\ntdll.dll+6ce71","Task":10,"Severity":"INFO","Keywords":-9223372036854775808,"@timestamp":"2019-12-05T04:47:54.250Z","EventTime":"2019-12-04 23:47:52","SeverityValue":2,"ProcessID":3144,"ThreadID":4584,"AccountName":"SYSTEM","TargetImage":"C:\\Windows\\System32\\svchost.exe","SourceModuleType":"im_msvistalog","Hostname":"HR001.shire.com","SourceModuleName":"eventlog","SourceProcessGUID":"{a158f72c-4a94-5de8-0000-001033890000}","TargetProcessId":"3236","@version":"1"}
{"Version":3,"GrantedAccess":"0x1000","EventReceivedTime":"2019-12-04 23:47:54","type":"nxlog-mordor","SourceImage":"C:\\Windows\\system32\\svchost.exe","host":"ip-172-18-39-102.ec2.internal","Channel":"Microsoft-Windows-Sysmon/Operational","RecordNumber":225571,"SourceProcessId":"968","port":49730,"ProviderGuid":"{5770385F-C22A-43E0-BF4C-06F5698FFBD9}","CallTrace":"C:\\Windows\\SYSTEM32\\ntdll.dll+9c524|C:\\Windows\\SYSTEM32\\psmserviceexthost.dll+222a3|C:\\Windows\\SYSTEM32\\psmserviceexthost.dll+1a172|C:\\Windows\\SYSTEM32\\psmserviceexthost.dll+19e3b|C:\\Windows\\SYSTEM32\\psmserviceexthost.dll+19318|C:\\Windows\\SYSTEM32\\ntdll.dll+3082d|C:\\Windows\\SYSTEM32\\ntdll.dll+345c4|C:\\Windows\\System32\\KERNEL32.DLL+17944|C:\\Windows\\SYSTEM32\\ntdll.dll+6ce71","EventID":10,"EventType":"INFO","TargetProcessGUID":"{a158f72c-4a97-5de8-0000-00105c300200}","UtcTime":"2019-12-05 04:47:53.176","UserID":"S-1-5-18","SourceThreadId":"8424","SourceName":"Microsoft-Windows-Sysmon","Domain":"NT AUTHORITY","AccountType":"User","OpcodeValue":0,"Message":"Process accessed:\r\nRuleName: \r\nUtcTime: 2019-12-05 04:47:53.176\r\nSourceProcessGUID: {a158f72c-4a94-5de8-0000-001033890000}\r\nSourceProcessId: 968\r\nSourceThreadId: 8424\r\nSourceImage: C:\\Windows\\system32\\svchost.exe\r\nTargetProcessGUID: {a158f72c-4a97-5de8-0000-00105c300200}\r\nTargetProcessId: 3236\r\nTargetImage: C:\\Windows\\System32\\svchost.exe\r\nGrantedAccess: 0x1000\r\nCallTrace: C:\\Windows\\SYSTEM32\\ntdll.dll+9c524|C:\\Windows\\SYSTEM32\\psmserviceexthost.dll+222a3|C:\\Windows\\SYSTEM32\\psmserviceexthost.dll+1a172|C:\\Windows\\SYSTEM32\\psmserviceexthost.dll+19e3b|C:\\Windows\\SYSTEM32\\psmserviceexthost.dll+19318|C:\\Windows\\SYSTEM32\\ntdll.dll+3082d|C:\\Windows\\SYSTEM32\\ntdll.dll+345c4|C:\\Windows\\System32\\KERNEL32.DLL+17944|C:\\Windows\\SYSTEM32\\ntdll.dll+6ce71","Task":10,"Severity":"INFO","Keywords":-9223372036854775808,"@timestamp":"2019-12-05T04:47:54.251Z","EventTime":"2019-12-04 23:47:53","SeverityValue":2,"ProcessID":3144,"ThreadID":4584,"AccountName":"SYSTEM","TargetImage":"C:\\Windows\\System32\\svchost.exe","SourceModuleType":"im_msvistalog","Hostname":"HR001.shire.com","SourceModuleName":"eventlog","SourceProcessGUID":"{a158f72c-4a94-5de8-0000-001033890000}","TargetProcessId":"3236","@version":"1"}
{"Channel":"Microsoft-Windows-Sysmon/Operational","RecordNumber":225575,"ProviderGuid":"{5770385F-C22A-43E0-BF4C-06F5698FFBD9}","User":"NT AUTHORITY\\NETWORK SERVICE","DestinationIp":"172.18.39.102","SourceName":"Microsoft-Windows-Sysmon","Domain":"NT AUTHORITY","AccountType":"User","OpcodeValue":0,"Message":"Network connection detected:\r\nRuleName: \r\nUtcTime: 2019-12-05 04:47:51.149\r\nProcessGuid: {a158f72c-4a97-5de8-0000-00105c300200}\r\nProcessId: 3236\r\nImage: C:\\Windows\\System32\\svchost.exe\r\nUser: NT AUTHORITY\\NETWORK SERVICE\r\nProtocol: tcp\r\nInitiated: true\r\nSourceIsIpv6: false\r\nSourceIp: 172.18.39.106\r\nSourceHostname: HR001.shire.com\r\nSourcePort: 51761\r\nSourcePortName: \r\nDestinationIsIpv6: false\r\nDestinationIp: 172.18.39.102\r\nDestinationHostname: ip-172-18-39-102.ec2.internal\r\nDestinationPort: 5985\r\nDestinationPortName: ","ProcessID":3144,"SeverityValue":2,"SourceModuleType":"im_msvistalog","DestinationPort":"5985","@version":"1","Version":5,"EventReceivedTime":"2019-12-04 23:47:54","Image":"C:\\Windows\\System32\\svchost.exe","type":"nxlog-mordor","host":"ip-172-18-39-102.ec2.internal","port":49730,"EventID":3,"EventType":"INFO","SourceHostname":"HR001.shire.com","SourceIp":"172.18.39.106","UtcTime":"2019-12-05 04:47:51.149","UserID":"S-1-5-18","ProcessGuid":"{a158f72c-4a97-5de8-0000-00105c300200}","SourcePort":"51761","Task":3,"Severity":"INFO","Keywords":-9223372036854775808,"@timestamp":"2019-12-05T04:47:54.253Z","SourceIsIpv6":"false","EventTime":"2019-12-04 23:47:53","ThreadID":4008,"Protocol":"tcp","AccountName":"SYSTEM","Initiated":"true","DestinationIsIpv6":"false","DestinationHostname":"ip-172-18-39-102.ec2.internal","Hostname":"HR001.shire.com","SourceModuleName":"eventlog"}
{"Version":3,"GrantedAccess":"0x1000","EventReceivedTime":"2019-12-04 23:47:56","type":"nxlog-mordor","SourceImage":"C:\\Windows\\system32\\svchost.exe","host":"ip-172-18-39-102.ec2.internal","Channel":"Microsoft-Windows-Sysmon/Operational","RecordNumber":225577,"SourceProcessId":"968","port":49730,"ProviderGuid":"{5770385F-C22A-43E0-BF4C-06F5698FFBD9}","CallTrace":"C:\\Windows\\SYSTEM32\\ntdll.dll+9c524|C:\\Windows\\SYSTEM32\\psmserviceexthost.dll+222a3|C:\\Windows\\SYSTEM32\\psmserviceexthost.dll+1a172|C:\\Windows\\SYSTEM32\\psmserviceexthost.dll+19e3b|C:\\Windows\\SYSTEM32\\psmserviceexthost.dll+19318|C:\\Windows\\SYSTEM32\\ntdll.dll+3082d|C:\\Windows\\SYSTEM32\\ntdll.dll+345c4|C:\\Windows\\System32\\KERNEL32.DLL+17944|C:\\Windows\\SYSTEM32\\ntdll.dll+6ce71","EventID":10,"EventType":"INFO","TargetProcessGUID":"{a158f72c-4a97-5de8-0000-00105c300200}","UtcTime":"2019-12-05 04:47:54.176","UserID":"S-1-5-18","SourceThreadId":"8424","SourceName":"Microsoft-Windows-Sysmon","Domain":"NT AUTHORITY","AccountType":"User","OpcodeValue":0,"Message":"Process accessed:\r\nRuleName: \r\nUtcTime: 2019-12-05 04:47:54.176\r\nSourceProcessGUID: {a158f72c-4a94-5de8-0000-001033890000}\r\nSourceProcessId: 968\r\nSourceThreadId: 8424\r\nSourceImage: C:\\Windows\\system32\\svchost.exe\r\nTargetProcessGUID: {a158f72c-4a97-5de8-0000-00105c300200}\r\nTargetProcessId: 3236\r\nTargetImage: C:\\Windows\\System32\\svchost.exe\r\nGrantedAccess: 0x1000\r\nCallTrace: C:\\Windows\\SYSTEM32\\ntdll.dll+9c524|C:\\Windows\\SYSTEM32\\psmserviceexthost.dll+222a3|C:\\Windows\\SYSTEM32\\psmserviceexthost.dll+1a172|C:\\Windows\\SYSTEM32\\psmserviceexthost.dll+19e3b|C:\\Windows\\SYSTEM32\\psmserviceexthost.dll+19318|C:\\Windows\\SYSTEM32\\ntdll.dll+3082d|C:\\Windows\\SYSTEM32\\ntdll.dll+345c4|C:\\Windows\\System32\\KERNEL32.DLL+17944|C:\\Windows\\SYSTEM32\\ntdll.dll+6ce71","Task":10,"Severity":"INFO","Keywords":-9223372036854775808,"@timestamp":"2019-12-05T04:47:56.282Z","EventTime":"2019-12-04 23:47:54","SeverityValue":2,"ProcessID":3144,"ThreadID":4584,"AccountName":"SYSTEM","TargetImage":"C:\\Windows\\System32\\svchost.exe","SourceModuleType":"im_msvistalog","Hostname":"HR001.shire.com","SourceModuleName":"eventlog","SourceProcessGUID":"{a158f72c-4a94-5de8-0000-001033890000}","TargetProcessId":"3236","@version":"1"}
{"Version":1,"EventReceivedTime":"2019-12-04 23:47:56","Image":"C:\\Windows\\system32\\svchost.exe","type":"nxlog-mordor","host":"ip-172-18-39-102.ec2.internal","Channel":"Microsoft-Windows-Sysmon/Operational","RecordNumber":219656,"port":49730,"ProviderGuid":"{5770385F-C22A-43E0-BF4C-06F5698FFBD9}","EventID":18,"EventType":"INFO","PipeName":"\\lsass","UtcTime":"2019-12-05 04:47:55.165","UserID":"S-1-5-18","ProcessGuid":"{a158f72c-4a89-5de8-0000-00103ac30100}","SourceName":"Microsoft-Windows-Sysmon","Domain":"NT AUTHORITY","AccountType":"User","OpcodeValue":0,"Message":"Pipe Connected:\r\nRuleName: \r\nEventType: ConnectPipe\r\nUtcTime: 2019-12-05 04:47:55.165\r\nProcessGuid: {a158f72c-4a89-5de8-0000-00103ac30100}\r\nProcessId: 2568\r\nPipeName: \\lsass\r\nImage: C:\\Windows\\system32\\svchost.exe","Task":18,"Severity":"INFO","Keywords":-9223372036854775808,"@timestamp":"2019-12-05T04:47:56.283Z","EventTime":"2019-12-04 23:47:55","SeverityValue":2,"ProcessID":3140,"ThreadID":4712,"AccountName":"SYSTEM","SourceModuleType":"im_msvistalog","Hostname":"IT001.shire.com","SourceModuleName":"eventlog","@version":"1"}
{"Version":0,"EventReceivedTime":"2019-12-04 23:47:56","SourceAddress":"0.0.0.0","type":"nxlog-mordor","host":"ip-172-18-39-102.ec2.internal","Channel":"security","RecordNumber":30532,"Category":"Filtering Platform Connection","port":49730,"ProviderGuid":"{54849625-5478-4994-A5BA-3E3B0328C30D}","Application":"\\device\\harddiskvolume2\\windows\\system32\\lsass.exe","EventID":5158,"EventType":"AUDIT_SUCCESS","SourcePort":"51710","SourceName":"Microsoft-Windows-Security-Auditing","OpcodeValue":0,"Message":"The Windows Filtering Platform has permitted a bind to a local port.\r\n\r\nApplication Information:\r\n\tProcess ID:\t\t808\r\n\tApplication Name:\t\\device\\harddiskvolume2\\windows\\system32\\lsass.exe\r\n\r\nNetwork Information:\r\n\tSource Address:\t\t0.0.0.0\r\n\tSource Port:\t\t51710\r\n\tProtocol:\t\t6\r\n\r\nFilter Information:\r\n\tFilter Run-Time ID:\t0\r\n\tLayer Name:\t\tResource Assignment\r\n\tLayer Run-Time ID:\t36","LayerName":"%%14608","Task":12810,"Severity":"INFO","Keywords":-9214364837600034816,"LayerRTID":"36","@timestamp":"2019-12-05T04:47:56.284Z","EventTime":"2019-12-04 23:47:55","SeverityValue":2,"ProcessID":4,"ThreadID":5332,"Opcode":"Info","Protocol":"6","SourceModuleType":"im_msvistalog","Hostname":"IT001.shire.com","SourceModuleName":"eventlog","FilterRTID":"0","@version":"1"}
{"Version":1,"EventReceivedTime":"2019-12-04 23:47:56","SourceAddress":"172.18.39.105","type":"nxlog-mordor","DestPort":"88","host":"ip-172-18-39-102.ec2.internal","Channel":"security","RemoteMachineID":"S-1-0-0","RecordNumber":30533,"Category":"Filtering Platform Connection","port":49730,"ProviderGuid":"{54849625-5478-4994-A5BA-3E3B0328C30D}","Application":"\\device\\harddiskvolume2\\windows\\system32\\lsass.exe","EventID":5156,"EventType":"AUDIT_SUCCESS","Direction":"%%14593","DestAddress":"172.18.39.5","SourcePort":"51710","SourceName":"Microsoft-Windows-Security-Auditing","OpcodeValue":0,"Message":"The Windows Filtering Platform has permitted a connection.\r\n\r\nApplication Information:\r\n\tProcess ID:\t\t808\r\n\tApplication Name:\t\\device\\harddiskvolume2\\windows\\system32\\lsass.exe\r\n\r\nNetwork Information:\r\n\tDirection:\t\tOutbound\r\n\tSource Address:\t\t172.18.39.105\r\n\tSource Port:\t\t51710\r\n\tDestination Address:\t172.18.39.5\r\n\tDestination Port:\t\t88\r\n\tProtocol:\t\t6\r\n\r\nFilter Information:\r\n\tFilter Run-Time ID:\t67260\r\n\tLayer Name:\t\tConnect\r\n\tLayer Run-Time ID:\t48","LayerName":"%%14611","Task":12810,"Severity":"INFO","Keywords":-9214364837600034816,"LayerRTID":"48","@timestamp":"2019-12-05T04:47:56.285Z","EventTime":"2019-12-04 23:47:55","SeverityValue":2,"ProcessID":4,"ThreadID":5332,"Opcode":"Info","Protocol":"6","RemoteUserID":"S-1-0-0","SourceModuleType":"im_msvistalog","Hostname":"IT001.shire.com","SourceModuleName":"eventlog","FilterRTID":"67260","@version":"1"}
{"Version":0,"EventReceivedTime":"2019-12-04 23:47:56","SourceAddress":"0.0.0.0","type":"nxlog-mordor","host":"ip-172-18-39-102.ec2.internal","Channel":"security","RecordNumber":30534,"Category":"Filtering Platform Connection","port":49730,"ProviderGuid":"{54849625-5478-4994-A5BA-3E3B0328C30D}","Application":"\\device\\harddiskvolume2\\windows\\system32\\lsass.exe","EventID":5158,"EventType":"AUDIT_SUCCESS","SourcePort":"51711","SourceName":"Microsoft-Windows-Security-Auditing","OpcodeValue":0,"Message":"The Windows Filtering Platform has permitted a bind to a local port.\r\n\r\nApplication Information:\r\n\tProcess ID:\t\t808\r\n\tApplication Name:\t\\device\\harddiskvolume2\\windows\\system32\\lsass.exe\r\n\r\nNetwork Information:\r\n\tSource Address:\t\t0.0.0.0\r\n\tSource Port:\t\t51711\r\n\tProtocol:\t\t6\r\n\r\nFilter Information:\r\n\tFilter Run-Time ID:\t0\r\n\tLayer Name:\t\tResource Assignment\r\n\tLayer Run-Time ID:\t36","LayerName":"%%14608","Task":12810,"Severity":"INFO","Keywords":-9214364837600034816,"LayerRTID":"36","@timestamp":"2019-12-05T04:47:56.286Z","EventTime":"2019-12-04 23:47:55","SeverityValue":2,"ProcessID":4,"ThreadID":5332,"Opcode":"Info","Protocol":"6","SourceModuleType":"im_msvistalog","Hostname":"IT001.shire.com","SourceModuleName":"eventlog","FilterRTID":"0","@version":"1"}
{"Version":0,"EventReceivedTime":"2019-12-04 23:47:56","type":"nxlog-mordor","IpPort":"-","TargetLogonGuid":"{af70a878-fdf5-616c-5637-adff9a6323a8}","host":"ip-172-18-39-102.ec2.internal","Channel":"security","RecordNumber":30536,"Category":"Logon","port":49730,"ProviderGuid":"{54849625-5478-4994-A5BA-3E3B0328C30D}","EventID":4648,"EventType":"AUDIT_SUCCESS","IpAddress":"-","TargetUserName":"pgustavo","SourceName":"Microsoft-Windows-Security-Auditing","ActivityID":"{1CB713B3-AB00-0000-3914-B71C00ABD501}","SubjectUserSid":"S-1-5-18","SubjectDomainName":"shire","OpcodeValue":0,"Message":"A logon was attempted using explicit credentials.\r\n\r\nSubject:\r\n\tSecurity ID:\t\tS-1-5-18\r\n\tAccount Name:\t\tIT001$\r\n\tAccount Domain:\t\tshire\r\n\tLogon ID:\t\t0x3E7\r\n\tLogon GUID:\t\t{00000000-0000-0000-0000-000000000000}\r\n\r\nAccount Whose Credentials Were Used:\r\n\tAccount Name:\t\tpgustavo\r\n\tAccount Domain:\t\tshire\r\n\tLogon GUID:\t\t{af70a878-fdf5-616c-5637-adff9a6323a8}\r\n\r\nTarget Server:\r\n\tTarget Server Name:\tlocalhost\r\n\tAdditional Information:\tlocalhost\r\n\r\nProcess Information:\r\n\tProcess ID:\t\t0xa08\r\n\tProcess Name:\t\tC:\\Windows\\System32\\svchost.exe\r\n\r\nNetwork Information:\r\n\tNetwork Address:\t-\r\n\tPort:\t\t\t-\r\n\r\nThis event is generated when a process attempts to log on an account by explicitly specifying that account’s credentials.  This most commonly occurs in batch-type configurations such as scheduled tasks, or when using the RUNAS command.","ProcessName":"C:\\Windows\\System32\\svchost.exe","Task":12544,"Severity":"INFO","Keywords":-9214364837600034816,"SubjectUserName":"IT001$","LogonGuid":"{00000000-0000-0000-0000-000000000000}","TargetServerName":"localhost","EventTime":"2019-12-04 23:47:55","SeverityValue":2,"ProcessID":808,"ThreadID":6348,"Opcode":"Info","SubjectLogonId":"0x3e7","TargetDomainName":"shire","SourceModuleType":"im_msvistalog","Hostname":"IT001.shire.com","@timestamp":"2019-12-05T04:47:56.287Z","SourceModuleName":"eventlog","TargetInfo":"localhost","@version":"1"}
{"Version":0,"LogonType":"3","EventReceivedTime":"2019-12-04 23:47:56","type":"nxlog-mordor","host":"ip-172-18-39-102.ec2.internal","Channel":"security","RecordNumber":30538,"Category":"Group Membership","port":49730,"ProviderGuid":"{54849625-5478-4994-A5BA-3E3B0328C30D}","EventID":4627,"EventType":"AUDIT_SUCCESS","EventIdx":"1","TargetUserName":"pgustavo","SourceName":"Microsoft-Windows-Security-Auditing","ActivityID":"{1CB713B3-AB00-0000-3914-B71C00ABD501}","SubjectUserSid":"S-1-5-18","SubjectDomainName":"shire","OpcodeValue":0,"Message":"Group membership information.\r\n\r\nSubject:\r\n\tSecurity ID:\t\tS-1-5-18\r\n\tAccount Name:\t\tIT001$\r\n\tAccount Domain:\t\tshire\r\n\tLogon ID:\t\t0x3E7\r\n\r\nLogon Type:\t\t\t3\r\n\r\nNew Logon:\r\n\tSecurity ID:\t\tS-1-5-21-791464340-1796667228-2788435825-1112\r\n\tAccount Name:\t\tpgustavo\r\n\tAccount Domain:\t\tshire\r\n\tLogon ID:\t\t0x8427FF\r\n\r\nEvent in sequence:\t\t1 of 1\r\n\r\nGroup Membership:\t\t\t\r\n\t\t%{S-1-5-21-791464340-1796667228-2788435825-513}\r\n\t\t%{S-1-1-0}\r\n\t\t%{S-1-5-32-545}\r\n\t\t%{S-1-5-32-555}\r\n\t\t%{S-1-5-32-544}\r\n\t\t%{S-1-5-2}\r\n\t\t%{S-1-5-11}\r\n\t\t%{S-1-5-15}\r\n\t\t%{S-1-5-21-791464340-1796667228-2788435825-512}\r\n\t\t%{S-1-5-21-791464340-1796667228-2788435825-519}\r\n\t\t%{S-1-5-21-791464340-1796667228-2788435825-518}\r\n\t\t%{S-1-18-2}\r\n\t\t%{S-1-5-21-791464340-1796667228-2788435825-572}\r\n\t\t%{S-1-16-12288}\r\n\r\nThe subject fields indicate the account on the local system which requested the logon. This is most commonly a service such as the Server service, or a local process such as Winlogon.exe or Services.exe.\r\n\r\nThe logon type field indicates the kind of logon that occurred. The most common types are 2 (interactive) and 3 (network).\r\n\r\nThe New Logon fields indicate the account for whom the new logon was created, i.e. the account that was logged on.\r\n\r\nThis event is generated when the Audit Group Membership subcategory is configured.  The Logon ID field can be used to correlate this event with the corresponding user logon event as well as to any other security audit events generated during this logon session.","TargetUserSid":"S-1-5-21-791464340-1796667228-2788435825-1112","Task":12554,"Severity":"INFO","Keywords":-9214364837600034816,"SubjectUserName":"IT001$","TargetLogonId":"0x8427ff","@timestamp":"2019-12-05T04:47:56.288Z","EventTime":"2019-12-04 23:47:55","SeverityValue":2,"ProcessID":808,"ThreadID":6348,"Opcode":"Info","SubjectLogonId":"0x3e7","TargetDomainName":"shire","EventCountTotal":"1","Hostname":"IT001.shire.com","GroupMembership":"\r\n\t\t%{S-1-5-21-791464340-1796667228-2788435825-513}\r\n\t\t%{S-1-1-0}\r\n\t\t%{S-1-5-32-545}\r\n\t\t%{S-1-5-32-555}\r\n\t\t%{S-1-5-32-544}\r\n\t\t%{S-1-5-2}\r\n\t\t%{S-1-5-11}\r\n\t\t%{S-1-5-15}\r\n\t\t%{S-1-5-21-791464340-1796667228-2788435825-512}\r\n\t\t%{S-1-5-21-791464340-1796667228-2788435825-519}\r\n\t\t%{S-1-5-21-791464340-1796667228-2788435825-518}\r\n\t\t%{S-1-18-2}\r\n\t\t%{S-1-5-21-791464340-1796667228-2788435825-572}\r\n\t\t%{S-1-16-12288}","SourceModuleName":"eventlog","SourceModuleType":"im_msvistalog","@version":"1"}
{"Version":0,"LogonType":"3","EventReceivedTime":"2019-12-04 23:47:56","type":"nxlog-mordor","host":"ip-172-18-39-102.ec2.internal","Channel":"security","RecordNumber":30540,"Category":"Logoff","port":49730,"ProviderGuid":"{54849625-5478-4994-A5BA-3E3B0328C30D}","EventID":4634,"EventType":"AUDIT_SUCCESS","TargetUserName":"pgustavo","SourceName":"Microsoft-Windows-Security-Auditing","TargetUserSid":"S-1-5-21-791464340-1796667228-2788435825-1112","OpcodeValue":0,"Message":"An account was logged off.\r\n\r\nSubject:\r\n\tSecurity ID:\t\tS-1-5-21-791464340-1796667228-2788435825-1112\r\n\tAccount Name:\t\tpgustavo\r\n\tAccount Domain:\t\tshire\r\n\tLogon ID:\t\t0x8427FF\r\n\r\nLogon Type:\t\t\t3\r\n\r\nThis event is generated when a logon session is destroyed. It may be positively correlated with a logon event using the Logon ID value. Logon IDs are only unique between reboots on the same computer.","TargetLogonId":"0x8427ff","Task":12545,"Severity":"INFO","Keywords":-9214364837600034816,"@timestamp":"2019-12-05T04:47:56.288Z","EventTime":"2019-12-04 23:47:55","SeverityValue":2,"ProcessID":808,"ThreadID":6348,"Opcode":"Info","TargetDomainName":"shire","SourceModuleType":"im_msvistalog","Hostname":"IT001.shire.com","SourceModuleName":"eventlog","@version":"1"}
{"Version":2,"EventReceivedTime":"2019-12-04 23:47:56","Image":"C:\\Windows\\System32\\lsass.exe","type":"nxlog-mordor","host":"ip-172-18-39-102.ec2.internal","Channel":"Microsoft-Windows-Sysmon/Operational","RecordNumber":219668,"port":49730,"ProviderGuid":"{5770385F-C22A-43E0-BF4C-06F5698FFBD9}","EventID":9,"EventType":"INFO","UtcTime":"2019-12-05 04:47:55.306","UserID":"S-1-5-18","ProcessGuid":"{a158f72c-4a86-5de8-0000-0010ff6b0000}","SourceName":"Microsoft-Windows-Sysmon","Domain":"NT AUTHORITY","AccountType":"User","OpcodeValue":0,"Message":"RawAccessRead detected:\r\nRuleName: \r\nUtcTime: 2019-12-05 04:47:55.306\r\nProcessGuid: {a158f72c-4a86-5de8-0000-0010ff6b0000}\r\nProcessId: 808\r\nImage: C:\\Windows\\System32\\lsass.exe\r\nDevice: \\Device\\HarddiskVolume1","Task":9,"Severity":"INFO","Keywords":-9223372036854775808,"@timestamp":"2019-12-05T04:47:56.290Z","EventTime":"2019-12-04 23:47:55","SeverityValue":2,"ProcessID":3140,"ThreadID":4712,"AccountName":"SYSTEM","Device":"\\Device\\HarddiskVolume1","SourceModuleType":"im_msvistalog","Hostname":"IT001.shire.com","SourceModuleName":"eventlog","@version":"1"}
{"Version":3,"EventReceivedTime":"2019-12-04 23:47:56","Image":"C:\\Windows\\System32\\svchost.exe","Description":"Event Trace Helper Library","type":"nxlog-mordor","host":"ip-172-18-39-102.ec2.internal","Channel":"Microsoft-Windows-Sysmon/Operational","RecordNumber":219670,"FileVersion":"10.0.18362.1 (WinBuild.160101.0800)","port":49730,"ProviderGuid":"{5770385F-C22A-43E0-BF4C-06F5698FFBD9}","EventID":7,"EventType":"INFO","UtcTime":"2019-12-05 04:47:55.337","UserID":"S-1-5-18","ProcessGuid":"{a158f72c-4a89-5de8-0000-00103ac30100}","SourceName":"Microsoft-Windows-Sysmon","Hashes":"SHA1=99922C7C3BFFD35C616A7CE649A1148DBE32F76B,MD5=72DD7E9ABE185939D4C26857A99BBBE7,SHA256=E98E1C0E7B23CFE0E74F10A892B99071F40B0082B8D3F5ECF1D2327B27EF92C5,IMPHASH=A738ABEE2095C9DEDAEF8E1754452FB7","Domain":"NT AUTHORITY","AccountType":"User","OpcodeValue":0,"Message":"Image loaded:\r\nRuleName: \r\nUtcTime: 2019-12-05 04:47:55.337\r\nProcessGuid: {a158f72c-4a89-5de8-0000-00103ac30100}\r\nProcessId: 2568\r\nImage: C:\\Windows\\System32\\svchost.exe\r\nImageLoaded: C:\\Windows\\System32\\tdh.dll\r\nFileVersion: 10.0.18362.1 (WinBuild.160101.0800)\r\nDescription: Event Trace Helper Library\r\nProduct: Microsoft® Windows® Operating System\r\nCompany: Microsoft Corporation\r\nOriginalFileName: tdh.dll\r\nHashes: SHA1=99922C7C3BFFD35C616A7CE649A1148DBE32F76B,MD5=72DD7E9ABE185939D4C26857A99BBBE7,SHA256=E98E1C0E7B23CFE0E74F10A892B99071F40B0082B8D3F5ECF1D2327B27EF92C5,IMPHASH=A738ABEE2095C9DEDAEF8E1754452FB7\r\nSigned: true\r\nSignature: Microsoft Windows\r\nSignatureStatus: Valid","ImageLoaded":"C:\\Windows\\System32\\tdh.dll","Task":7,"Severity":"INFO","Keywords":-9223372036854775808,"Signature":"Microsoft Windows","SignatureStatus":"Valid","@timestamp":"2019-12-05T04:47:56.292Z","EventTime":"2019-12-04 23:47:55","SeverityValue":2,"ProcessID":3140,"ThreadID":4716,"AccountName":"SYSTEM","Product":"Microsoft® Windows® Operating System","Company":"Microsoft Corporation","SourceModuleType":"im_msvistalog","Hostname":"IT001.shire.com","Signed":"true","SourceModuleName":"eventlog","OriginalFileName":"tdh.dll","@version":"1"}
{"Version":2,"EventReceivedTime":"2019-12-04 23:47:56","Image":"C:\\Windows\\System32\\lsass.exe","type":"nxlog-mordor","host":"ip-172-18-39-102.ec2.internal","Channel":"Microsoft-Windows-Sysmon/Operational","RecordNumber":219672,"port":49730,"ProviderGuid":"{5770385F-C22A-43E0-BF4C-06F5698FFBD9}","EventID":9,"EventType":"INFO","UtcTime":"2019-12-05 04:47:55.353","UserID":"S-1-5-18","ProcessGuid":"{a158f72c-4a86-5de8-0000-0010ff6b0000}","SourceName":"Microsoft-Windows-Sysmon","Domain":"NT AUTHORITY","AccountType":"User","OpcodeValue":0,"Message":"RawAccessRead detected:\r\nRuleName: \r\nUtcTime: 2019-12-05 04:47:55.353\r\nProcessGuid: {a158f72c-4a86-5de8-0000-0010ff6b0000}\r\nProcessId: 808\r\nImage: C:\\Windows\\System32\\lsass.exe\r\nDevice: \\Device\\HarddiskVolume1","Task":9,"Severity":"INFO","Keywords":-9223372036854775808,"@timestamp":"2019-12-05T04:47:56.292Z","EventTime":"2019-12-04 23:47:55","SeverityValue":2,"ProcessID":3140,"ThreadID":4712,"AccountName":"SYSTEM","Device":"\\Device\\HarddiskVolume1","SourceModuleType":"im_msvistalog","Hostname":"IT001.shire.com","SourceModuleName":"eventlog","@version":"1"}
