{"Keywords":-9223372036854775808,"SeverityValue":2,"TargetObject":"HKU\\S-1-5-20\\Software\\Microsoft\\Windows\\CurrentVersion\\DeliveryOptimization\\Usage\\DownloadMonthlyRateFrBps","EventTypeOrignal":"INFO","EventID":13,"ProviderGuid":"{5770385F-C22A-43E0-BF4C-06F5698FFBD9}","ExecutionProcessID":3392,"host":"wec.internal.cloudapp.net","Channel":"Microsoft-Windows-Sysmon/Operational","UserID":"S-1-5-18","AccountType":"User","ThreadID":5552,"ProcessGuid":"{d273d0f0-e879-5f64-5c00-000000000800}","Details":"QWORD (0x00000000-0x00dcb99c)","EventReceivedTime":"2020-09-19 21:18:12","Opcode":"Info","EventTime":"2020-09-19 21:18:10","@timestamp":"2020-09-20T01:18:12.901Z","SourceModuleType":"im_msvistalog","port":64545,"AccountName":"SYSTEM","RecordNumber":2582040,"Task":13,"Domain":"NT AUTHORITY","@version":"1","OpcodeValue":0,"SourceModuleName":"eventlog","Severity":"INFO","SourceName":"Microsoft-Windows-Sysmon","Version":2,"Image":"C:\\windows\\System32\\svchost.exe","Category":"Registry value set (rule: RegistryEvent)","UtcTime":"2020-09-20 01:18:10.099","Hostname":"WORKSTATION6.theshire.local","RuleName":"-","tags":["mordorDataset"]}
{"Keywords":-9223372036854775808,"SeverityValue":2,"TargetObject":"HKU\\S-1-5-20\\Software\\Microsoft\\Windows\\CurrentVersion\\DeliveryOptimization\\Usage\\DownloadMonthlyRateBkBps","EventTypeOrignal":"INFO","EventID":13,"ProviderGuid":"{5770385F-C22A-43E0-BF4C-06F5698FFBD9}","ExecutionProcessID":3392,"host":"wec.internal.cloudapp.net","Channel":"Microsoft-Windows-Sysmon/Operational","UserID":"S-1-5-18","AccountType":"User","ThreadID":5552,"ProcessGuid":"{d273d0f0-e879-5f64-5c00-000000000800}","Details":"QWORD (0x00000000-0x00000000)","EventReceivedTime":"2020-09-19 21:18:12","Opcode":"Info","EventTime":"2020-09-19 21:18:10","@timestamp":"2020-09-20T01:18:12.902Z","SourceModuleType":"im_msvistalog","port":64545,"AccountName":"SYSTEM","RecordNumber":2582041,"Task":13,"Domain":"NT AUTHORITY","@version":"1","OpcodeValue":0,"SourceModuleName":"eventlog","Severity":"INFO","SourceName":"Microsoft-Windows-Sysmon","Version":2,"Image":"C:\\windows\\System32\\svchost.exe","Category":"Registry value set (rule: RegistryEvent)","UtcTime":"2020-09-20 01:18:10.099","Hostname":"WORKSTATION6.theshire.local","RuleName":"-","tags":["mordorDataset"]}
{"Keywords":-9223372036854775808,"SeverityValue":2,"TargetObject":"HKU\\S-1-5-20\\Software\\Microsoft\\Windows\\CurrentVersion\\DeliveryOptimization\\Usage\\MonthID","EventTypeOrignal":"INFO","EventID":13,"ProviderGuid":"{5770385F-C22A-43E0-BF4C-06F5698FFBD9}","ExecutionProcessID":3392,"host":"wec.internal.cloudapp.net","Channel":"Microsoft-Windows-Sysmon/Operational","UserID":"S-1-5-18","AccountType":"User","ThreadID":5552,"ProcessGuid":"{d273d0f0-e879-5f64-5c00-000000000800}","Details":"DWORD (0x00000009)","EventReceivedTime":"2020-09-19 21:18:12","Opcode":"Info","EventTime":"2020-09-19 21:18:10","@timestamp":"2020-09-20T01:18:12.902Z","SourceModuleType":"im_msvistalog","port":64545,"AccountName":"SYSTEM","RecordNumber":2582042,"Task":13,"Domain":"NT AUTHORITY","@version":"1","OpcodeValue":0,"SourceModuleName":"eventlog","Severity":"INFO","SourceName":"Microsoft-Windows-Sysmon","Version":2,"Image":"C:\\windows\\System32\\svchost.exe","Category":"Registry value set (rule: RegistryEvent)","UtcTime":"2020-09-20 01:18:10.099","Hostname":"WORKSTATION6.theshire.local","RuleName":"-","tags":["mordorDataset"]}
{"Keywords":-9223372036854775808,"SeverityValue":2,"TargetObject":"HKU\\S-1-5-20\\Software\\Microsoft\\Windows\\CurrentVersion\\DeliveryOptimization\\Config\\DownloadMode_BackCompat","EventTypeOrignal":"INFO","EventID":13,"ProviderGuid":"{5770385F-C22A-43E0-BF4C-06F5698FFBD9}","ExecutionProcessID":3392,"host":"wec.internal.cloudapp.net","Channel":"Microsoft-Windows-Sysmon/Operational","UserID":"S-1-5-18","AccountType":"User","ThreadID":5552,"ProcessGuid":"{d273d0f0-e879-5f64-5c00-000000000800}","Details":"DWORD (0x00000001)","EventReceivedTime":"2020-09-19 21:18:12","Opcode":"Info","EventTime":"2020-09-19 21:18:10","@timestamp":"2020-09-20T01:18:12.903Z","SourceModuleType":"im_msvistalog","port":64545,"AccountName":"SYSTEM","RecordNumber":2582043,"Task":13,"Domain":"NT AUTHORITY","@version":"1","OpcodeValue":0,"SourceModuleName":"eventlog","Severity":"INFO","SourceName":"Microsoft-Windows-Sysmon","Version":2,"Image":"C:\\windows\\System32\\svchost.exe","Category":"Registry value set (rule: RegistryEvent)","UtcTime":"2020-09-20 01:18:10.099","Hostname":"WORKSTATION6.theshire.local","RuleName":"-","tags":["mordorDataset"]}
{"Keywords":-9223372036854775808,"SeverityValue":2,"TargetObject":"HKU\\S-1-5-20\\Software\\Microsoft\\Windows\\CurrentVersion\\DeliveryOptimization\\Config\\DODownloadMode","EventTypeOrignal":"INFO","EventID":13,"ProviderGuid":"{5770385F-C22A-43E0-BF4C-06F5698FFBD9}","ExecutionProcessID":3392,"host":"wec.internal.cloudapp.net","Channel":"Microsoft-Windows-Sysmon/Operational","UserID":"S-1-5-18","AccountType":"User","ThreadID":5552,"ProcessGuid":"{d273d0f0-e879-5f64-5c00-000000000800}","Details":"DWORD (0x00000001)","EventReceivedTime":"2020-09-19 21:18:12","Opcode":"Info","EventTime":"2020-09-19 21:18:10","@timestamp":"2020-09-20T01:18:12.904Z","SourceModuleType":"im_msvistalog","port":64545,"AccountName":"SYSTEM","RecordNumber":2582044,"Task":13,"Domain":"NT AUTHORITY","@version":"1","OpcodeValue":0,"SourceModuleName":"eventlog","Severity":"INFO","SourceName":"Microsoft-Windows-Sysmon","Version":2,"Image":"C:\\windows\\System32\\svchost.exe","Category":"Registry value set (rule: RegistryEvent)","UtcTime":"2020-09-20 01:18:10.099","Hostname":"WORKSTATION6.theshire.local","RuleName":"-","tags":["mordorDataset"]}
{"Keywords":-9223372036854775808,"SeverityValue":2,"TargetObject":"HKU\\S-1-5-20\\Software\\Microsoft\\Windows\\CurrentVersion\\DeliveryOptimization\\Config\\DownloadMode_BackCompat","EventTypeOrignal":"INFO","EventID":13,"ProviderGuid":"{5770385F-C22A-43E0-BF4C-06F5698FFBD9}","ExecutionProcessID":3392,"host":"wec.internal.cloudapp.net","Channel":"Microsoft-Windows-Sysmon/Operational","UserID":"S-1-5-18","AccountType":"User","ThreadID":5552,"ProcessGuid":"{d273d0f0-e879-5f64-5c00-000000000800}","Details":"DWORD (0x00000001)","EventReceivedTime":"2020-09-19 21:18:12","Opcode":"Info","EventTime":"2020-09-19 21:18:10","@timestamp":"2020-09-20T01:18:12.905Z","SourceModuleType":"im_msvistalog","port":64545,"AccountName":"SYSTEM","RecordNumber":2582045,"Task":13,"Domain":"NT AUTHORITY","@version":"1","OpcodeValue":0,"SourceModuleName":"eventlog","Severity":"INFO","SourceName":"Microsoft-Windows-Sysmon","Version":2,"Image":"C:\\windows\\System32\\svchost.exe","Category":"Registry value set (rule: RegistryEvent)","UtcTime":"2020-09-20 01:18:10.099","Hostname":"WORKSTATION6.theshire.local","RuleName":"-","tags":["mordorDataset"]}
{"Keywords":-9223372036854775808,"SeverityValue":2,"TargetObject":"HKU\\S-1-5-20\\Software\\Microsoft\\Windows\\CurrentVersion\\DeliveryOptimization\\Config\\DODownloadMode","EventTypeOrignal":"INFO","EventID":13,"ProviderGuid":"{5770385F-C22A-43E0-BF4C-06F5698FFBD9}","ExecutionProcessID":3392,"host":"wec.internal.cloudapp.net","Channel":"Microsoft-Windows-Sysmon/Operational","UserID":"S-1-5-18","AccountType":"User","ThreadID":5552,"ProcessGuid":"{d273d0f0-e879-5f64-5c00-000000000800}","Details":"DWORD (0x00000001)","EventReceivedTime":"2020-09-19 21:18:12","Opcode":"Info","EventTime":"2020-09-19 21:18:10","@timestamp":"2020-09-20T01:18:12.905Z","SourceModuleType":"im_msvistalog","port":64545,"AccountName":"SYSTEM","RecordNumber":2582046,"Task":13,"Domain":"NT AUTHORITY","@version":"1","OpcodeValue":0,"SourceModuleName":"eventlog","Severity":"INFO","SourceName":"Microsoft-Windows-Sysmon","Version":2,"Image":"C:\\windows\\System32\\svchost.exe","Category":"Registry value set (rule: RegistryEvent)","UtcTime":"2020-09-20 01:18:10.099","Hostname":"WORKSTATION6.theshire.local","RuleName":"-","tags":["mordorDataset"]}
{"Keywords":-9223372036854775808,"SeverityValue":2,"PipeName":"&lt;Anonymous Pipe&gt;","EventTypeOrignal":"INFO","EventID":17,"ProviderGuid":"{5770385F-C22A-43E0-BF4C-06F5698FFBD9}","ExecutionProcessID":9848,"host":"wec.internal.cloudapp.net","Channel":"Microsoft-Windows-Sysmon/Operational","UserID":"S-1-5-18","AccountType":"User","ThreadID":7976,"ProcessGuid":"{b34bc01c-0266-5f65-540c-000000000400}","EventReceivedTime":"2020-09-19 21:18:13","Opcode":"Info","EventTime":"2020-09-19 21:18:13","@timestamp":"2020-09-20T01:18:13.899Z","SourceModuleType":"im_msvistalog","port":64545,"AccountName":"SYSTEM","RecordNumber":1818945,"Task":17,"Domain":"NT AUTHORITY","@version":"1","OpcodeValue":0,"SourceModuleName":"eventlog","Severity":"INFO","SourceName":"Microsoft-Windows-Sysmon","Version":1,"Image":"C:\\Users\\pgustavo\\Desktop\\GruntHTTP.exe","Category":"Pipe Created (rule: PipeEvent)","UtcTime":"2020-09-20 01:18:13.272","Hostname":"WORKSTATION5.theshire.local","RuleName":"-","tags":["mordorDataset"]}
{"Keywords":-9223372036854775808,"SeverityValue":2,"PipeName":"&lt;Anonymous Pipe&gt;","EventTypeOrignal":"INFO","EventID":18,"ProviderGuid":"{5770385F-C22A-43E0-BF4C-06F5698FFBD9}","ExecutionProcessID":9848,"host":"wec.internal.cloudapp.net","Channel":"Microsoft-Windows-Sysmon/Operational","UserID":"S-1-5-18","AccountType":"User","ThreadID":7976,"ProcessGuid":"{b34bc01c-0266-5f65-540c-000000000400}","EventReceivedTime":"2020-09-19 21:18:13","Opcode":"Info","EventTime":"2020-09-19 21:18:13","@timestamp":"2020-09-20T01:18:13.900Z","SourceModuleType":"im_msvistalog","port":64545,"AccountName":"SYSTEM","RecordNumber":1818946,"Task":18,"Domain":"NT AUTHORITY","@version":"1","OpcodeValue":0,"SourceModuleName":"eventlog","Severity":"INFO","SourceName":"Microsoft-Windows-Sysmon","Version":1,"Image":"C:\\Users\\pgustavo\\Desktop\\GruntHTTP.exe","Category":"Pipe Connected (rule: PipeEvent)","UtcTime":"2020-09-20 01:18:13.272","Hostname":"WORKSTATION5.theshire.local","RuleName":"-","tags":["mordorDataset"]}
{"Keywords":-9223372036854775808,"SeverityValue":2,"PipeName":"&lt;Anonymous Pipe&gt;","EventTypeOrignal":"INFO","EventID":17,"ProviderGuid":"{5770385F-C22A-43E0-BF4C-06F5698FFBD9}","ExecutionProcessID":9848,"host":"wec.internal.cloudapp.net","Channel":"Microsoft-Windows-Sysmon/Operational","UserID":"S-1-5-18","AccountType":"User","ThreadID":7976,"ProcessGuid":"{b34bc01c-0266-5f65-540c-000000000400}","EventReceivedTime":"2020-09-19 21:18:13","Opcode":"Info","EventTime":"2020-09-19 21:18:13","@timestamp":"2020-09-20T01:18:13.900Z","SourceModuleType":"im_msvistalog","port":64545,"AccountName":"SYSTEM","RecordNumber":1818947,"Task":17,"Domain":"NT AUTHORITY","@version":"1","OpcodeValue":0,"SourceModuleName":"eventlog","Severity":"INFO","SourceName":"Microsoft-Windows-Sysmon","Version":1,"Image":"C:\\Users\\pgustavo\\Desktop\\GruntHTTP.exe","Category":"Pipe Created (rule: PipeEvent)","UtcTime":"2020-09-20 01:18:13.272","Hostname":"WORKSTATION5.theshire.local","RuleName":"-","tags":["mordorDataset"]}
{"Keywords":-9223372036854775808,"SeverityValue":2,"PipeName":"&lt;Anonymous Pipe&gt;","EventTypeOrignal":"INFO","EventID":18,"ProviderGuid":"{5770385F-C22A-43E0-BF4C-06F5698FFBD9}","ExecutionProcessID":9848,"host":"wec.internal.cloudapp.net","Channel":"Microsoft-Windows-Sysmon/Operational","UserID":"S-1-5-18","AccountType":"User","ThreadID":7976,"ProcessGuid":"{b34bc01c-0266-5f65-540c-000000000400}","EventReceivedTime":"2020-09-19 21:18:13","Opcode":"Info","EventTime":"2020-09-19 21:18:13","@timestamp":"2020-09-20T01:18:13.900Z","SourceModuleType":"im_msvistalog","port":64545,"AccountName":"SYSTEM","RecordNumber":1818948,"Task":18,"Domain":"NT AUTHORITY","@version":"1","OpcodeValue":0,"SourceModuleName":"eventlog","Severity":"INFO","SourceName":"Microsoft-Windows-Sysmon","Version":1,"Image":"C:\\Users\\pgustavo\\Desktop\\GruntHTTP.exe","Category":"Pipe Connected (rule: PipeEvent)","UtcTime":"2020-09-20 01:18:13.272","Hostname":"WORKSTATION5.theshire.local","RuleName":"-","tags":["mordorDataset"]}
{"Keywords":-9223372036854775808,"SeverityValue":2,"SourceImage":"C:\\windows\\system32\\svchost.exe","EventID":10,"ProviderGuid":"{5770385F-C22A-43E0-BF4C-06F5698FFBD9}","ExecutionProcessID":9848,"Channel":"Microsoft-Windows-Sysmon/Operational","host":"wec.internal.cloudapp.net","AccountType":"User","UserID":"S-1-5-18","SourceProcessGUID":"{b34bc01c-8294-5f63-8f02-000000000400}","ThreadID":7976,"TargetImage":"C:\\windows\\SYSTEM32\\cmd.exe","GrantedAccess":"0x1fffff","EventType":"INFO","Opcode":"Info","EventTime":"2020-09-19 21:18:13","EventReceivedTime":"2020-09-19 21:18:13","@timestamp":"2020-09-20T01:18:13.901Z","SourceModuleType":"im_msvistalog","port":64545,"AccountName":"SYSTEM","RecordNumber":1818949,"SourceProcessId":"3356","SourceThreadId":"8212","Task":10,"Domain":"NT AUTHORITY","@version":"1","OpcodeValue":0,"SourceModuleName":"eventlog","TargetProcessGUID":"{b34bc01c-add5-5f66-2010-000000000400}","Severity":"INFO","SourceName":"Microsoft-Windows-Sysmon","Version":3,"TargetProcessId":"3776","Category":"Process accessed (rule: ProcessAccess)","CallTrace":"C:\\windows\\SYSTEM32\\ntdll.dll+9c534|C:\\windows\\System32\\KERNELBASE.dll+305fe|c:\\windows\\system32\\pcasvc.dll+13827|c:\\windows\\system32\\pcasvc.dll+f736|c:\\windows\\system32\\pcasvc.dll+16844|C:\\windows\\System32\\KERNEL32.DLL+17bd4|C:\\windows\\SYSTEM32\\ntdll.dll+6ce51","UtcTime":"2020-09-20 01:18:13.287","Hostname":"WORKSTATION5.theshire.local","RuleName":"-","tags":["mordorDataset"]}
{"Keywords":-9223372036854775808,"SeverityValue":2,"TargetObject":"HKLM\\System\\CurrentControlSet\\Services\\bam\\State\\UserSettings\\S-1-5-21-4228717743-1032521047-1810997296-1104\\\\Device\\HarddiskVolume2\\Windows\\System32\\cmd.exe","EventTypeOrignal":"INFO","EventID":13,"ProviderGuid":"{5770385F-C22A-43E0-BF4C-06F5698FFBD9}","ExecutionProcessID":9848,"host":"wec.internal.cloudapp.net","Channel":"Microsoft-Windows-Sysmon/Operational","UserID":"S-1-5-18","AccountType":"User","ThreadID":7976,"ProcessGuid":"{b34bc01c-0266-5f65-540c-000000000400}","Details":"Binary Data","EventReceivedTime":"2020-09-19 21:18:13","Opcode":"Info","EventTime":"2020-09-19 21:18:13","@timestamp":"2020-09-20T01:18:13.902Z","SourceModuleType":"im_msvistalog","port":64545,"AccountName":"SYSTEM","RecordNumber":1818950,"Task":13,"Domain":"NT AUTHORITY","@version":"1","OpcodeValue":0,"SourceModuleName":"eventlog","Severity":"INFO","SourceName":"Microsoft-Windows-Sysmon","Version":2,"Image":"C:\\Users\\pgustavo\\Desktop\\GruntHTTP.exe","Category":"Registry value set (rule: RegistryEvent)","UtcTime":"2020-09-20 01:18:13.287","Hostname":"WORKSTATION5.theshire.local","RuleName":"-","tags":["mordorDataset"]}
{"SeverityValue":2,"EventReceivedTime":"2020-09-19 21:18:13","EventID":1,"ProviderGuid":"{5770385F-C22A-43E0-BF4C-06F5698FFBD9}","ExecutionProcessID":9848,"Channel":"Microsoft-Windows-Sysmon/Operational","host":"wec.internal.cloudapp.net","AccountType":"User","ProcessGuid":"{b34bc01c-add5-5f66-2010-000000000400}","ParentImage":"C:\\Users\\pgustavo\\Desktop\\GruntHTTP.exe","LogonGuid":"{b34bc01c-8288-5f63-cd78-2b0000000000}","Opcode":"Info","EventTime":"2020-09-19 21:18:13","SourceModuleType":"im_msvistalog","AccountName":"SYSTEM","CommandLine":"\"cmd.exe\" /c C:\\Windows\\Microsoft.NET\\Framework64\\v4.0.30319\\InstallUtil.exe /logfile= /LogToConsole=false /u c:\\ProgramData\\GruntHTTP.dll","Domain":"NT AUTHORITY","@version":"1","OpcodeValue":0,"Severity":"INFO","User":"THESHIRE\\pgustavo","Hashes":"SHA1=8DCA9749CD48D286950E7A9FA1088C937CBCCAD4,MD5=D7AB69FAD18D4A643D84A271DFC0DBDF,SHA256=FF79D3C4A0B7EB191783C323AB8363EBD1FD10BE58D8BCC96B07067743CA81D5,IMPHASH=272245E2988E1E430500B852C4FB5E18","SourceName":"Microsoft-Windows-Sysmon","CurrentDirectory":"C:\\Users\\pgustavo\\Desktop\\","Description":"Windows Command Processor","Category":"Process Create (rule: ProcessCreate)","Company":"Microsoft Corporation","Keywords":-9223372036854775808,"FileVersion":"10.0.18362.449 (WinBuild.160101.0800)","IntegrityLevel":"Medium","UserID":"S-1-5-18","TerminalSessionId":"2","ThreadID":7976,"EventType":"INFO","ParentProcessGuid":"{b34bc01c-0266-5f65-540c-000000000400}","@timestamp":"2020-09-20T01:18:13.902Z","port":64545,"ParentCommandLine":"\"C:\\Users\\pgustavo\\Desktop\\GruntHTTP.exe\" ","RecordNumber":1818951,"Task":1,"ParentProcessId":"5520","SourceModuleName":"eventlog","LogonId":"0x2b78cd","Version":5,"Product":"Microsoft Windows Operating System","Image":"C:\\Windows\\System32\\cmd.exe","OriginalFileName":"Cmd.Exe","UtcTime":"2020-09-20 01:18:13.287","Hostname":"WORKSTATION5.theshire.local","RuleName":"-","tags":["mordorDataset"]}
{"Keywords":-9223372036854775808,"SeverityValue":2,"SourceImage":"C:\\Users\\pgustavo\\Desktop\\GruntHTTP.exe","EventID":10,"ProviderGuid":"{5770385F-C22A-43E0-BF4C-06F5698FFBD9}","ExecutionProcessID":9848,"Channel":"Microsoft-Windows-Sysmon/Operational","host":"wec.internal.cloudapp.net","AccountType":"User","UserID":"S-1-5-18","SourceProcessGUID":"{b34bc01c-0266-5f65-540c-000000000400}","ThreadID":7976,"TargetImage":"C:\\windows\\SYSTEM32\\cmd.exe","GrantedAccess":"0x1fffff","EventType":"INFO","Opcode":"Info","EventTime":"2020-09-19 21:18:13","EventReceivedTime":"2020-09-19 21:18:13","@timestamp":"2020-09-20T01:18:13.902Z","SourceModuleType":"im_msvistalog","port":64545,"AccountName":"SYSTEM","RecordNumber":1818952,"SourceProcessId":"5520","SourceThreadId":"9144","Task":10,"Domain":"NT AUTHORITY","@version":"1","OpcodeValue":0,"SourceModuleName":"eventlog","TargetProcessGUID":"{b34bc01c-add5-5f66-2010-000000000400}","Severity":"INFO","SourceName":"Microsoft-Windows-Sysmon","Version":3,"TargetProcessId":"3776","Category":"Process accessed (rule: ProcessAccess)","CallTrace":"C:\\windows\\SYSTEM32\\ntdll.dll+9d8e4|C:\\windows\\System32\\KERNELBASE.dll+59e1a|C:\\windows\\System32\\KERNELBASE.dll+567b6|C:\\windows\\System32\\KERNEL32.dll+1be93|C:\\windows\\assembly\\NativeImages_v4.0.30319_64\\System\\84043d42d91958316db595f1576a37d5\\System.ni.dll+384236|C:\\windows\\assembly\\NativeImages_v4.0.30319_64\\System\\84043d42d91958316db595f1576a37d5\\System.ni.dll+2c4809|C:\\windows\\assembly\\NativeImages_v4.0.30319_64\\System\\84043d42d91958316db595f1576a37d5\\System.ni.dll+2c4179|UNKNOWN(00007FFF7B7D4DBC)","UtcTime":"2020-09-20 01:18:13.287","Hostname":"WORKSTATION5.theshire.local","RuleName":"-","tags":["mordorDataset"]}
{"Keywords":-9223372036854775808,"SeverityValue":2,"SourceImage":"C:\\windows\\system32\\csrss.exe","EventID":10,"ProviderGuid":"{5770385F-C22A-43E0-BF4C-06F5698FFBD9}","ExecutionProcessID":9848,"Channel":"Microsoft-Windows-Sysmon/Operational","host":"wec.internal.cloudapp.net","AccountType":"User","UserID":"S-1-5-18","SourceProcessGUID":"{b34bc01c-8285-5f63-6b02-000000000400}","ThreadID":7976,"TargetImage":"C:\\windows\\SYSTEM32\\cmd.exe","GrantedAccess":"0x1fffff","EventType":"INFO","Opcode":"Info","EventTime":"2020-09-19 21:18:13","EventReceivedTime":"2020-09-19 21:18:13","@timestamp":"2020-09-20T01:18:13.903Z","SourceModuleType":"im_msvistalog","port":64545,"AccountName":"SYSTEM","RecordNumber":1818953,"SourceProcessId":"1320","SourceThreadId":"2660","Task":10,"Domain":"NT AUTHORITY","@version":"1","OpcodeValue":0,"SourceModuleName":"eventlog","TargetProcessGUID":"{b34bc01c-add5-5f66-2010-000000000400}","Severity":"INFO","SourceName":"Microsoft-Windows-Sysmon","Version":3,"TargetProcessId":"3776","Category":"Process accessed (rule: ProcessAccess)","CallTrace":"C:\\windows\\SYSTEM32\\ntdll.dll+9c534|C:\\windows\\system32\\basesrv.DLL+2fba|C:\\windows\\SYSTEM32\\CSRSRV.dll+5af4|C:\\windows\\SYSTEM32\\ntdll.dll+6ce5f","UtcTime":"2020-09-20 01:18:13.287","Hostname":"WORKSTATION5.theshire.local","RuleName":"-","tags":["mordorDataset"]}
{"ImageLoaded":"C:\\Windows\\System32\\cmd.exe","SeverityValue":2,"EventReceivedTime":"2020-09-19 21:18:13","EventID":7,"ProviderGuid":"{5770385F-C22A-43E0-BF4C-06F5698FFBD9}","ExecutionProcessID":9848,"Channel":"Microsoft-Windows-Sysmon/Operational","host":"wec.internal.cloudapp.net","AccountType":"User","ProcessGuid":"{b34bc01c-add5-5f66-2010-000000000400}","Opcode":"Info","EventTime":"2020-09-19 21:18:13","Signed":"true","SourceModuleType":"im_msvistalog","AccountName":"SYSTEM","Domain":"NT AUTHORITY","@version":"1","OpcodeValue":0,"SignatureStatus":"Valid","Severity":"INFO","Hashes":"SHA1=8DCA9749CD48D286950E7A9FA1088C937CBCCAD4,MD5=D7AB69FAD18D4A643D84A271DFC0DBDF,SHA256=FF79D3C4A0B7EB191783C323AB8363EBD1FD10BE58D8BCC96B07067743CA81D5,IMPHASH=272245E2988E1E430500B852C4FB5E18","SourceName":"Microsoft-Windows-Sysmon","Description":"Windows Command Processor","Category":"Image loaded (rule: ImageLoad)","Company":"Microsoft Corporation","Keywords":-9223372036854775808,"FileVersion":"10.0.18362.449 (WinBuild.160101.0800)","UserID":"S-1-5-18","ThreadID":7976,"EventType":"INFO","@timestamp":"2020-09-20T01:18:13.904Z","port":64545,"RecordNumber":1818954,"Task":7,"Signature":"Microsoft Windows","SourceModuleName":"eventlog","Version":3,"Product":"Microsoft Windows Operating System","Image":"C:\\Windows\\System32\\cmd.exe","OriginalFileName":"Cmd.Exe","UtcTime":"2020-09-20 01:18:13.287","Hostname":"WORKSTATION5.theshire.local","RuleName":"-","tags":["mordorDataset"]}
{"ImageLoaded":"C:\\Windows\\System32\\ntdll.dll","SeverityValue":2,"EventReceivedTime":"2020-09-19 21:18:13","EventID":7,"ProviderGuid":"{5770385F-C22A-43E0-BF4C-06F5698FFBD9}","ExecutionProcessID":9848,"Channel":"Microsoft-Windows-Sysmon/Operational","host":"wec.internal.cloudapp.net","AccountType":"User","ProcessGuid":"{b34bc01c-add5-5f66-2010-000000000400}","Opcode":"Info","EventTime":"2020-09-19 21:18:13","Signed":"true","SourceModuleType":"im_msvistalog","AccountName":"SYSTEM","Domain":"NT AUTHORITY","@version":"1","OpcodeValue":0,"SignatureStatus":"Valid","Severity":"INFO","Hashes":"SHA1=BFD8EE26537D8C30A5FE2C9753AEED3BB6930004,MD5=BD5F9D4684E7BCB9D41D298297A73956,SHA256=FB9DA8BAF27DADDE620C2D8D3CADDD4CF7BF405A9BC8E870A73B6CF163046176,IMPHASH=00000000000000000000000000000000","SourceName":"Microsoft-Windows-Sysmon","Description":"NT Layer DLL","Category":"Image loaded (rule: ImageLoad)","Company":"Microsoft Corporation","Keywords":-9223372036854775808,"FileVersion":"10.0.18362.1049 (WinBuild.160101.0800)","UserID":"S-1-5-18","ThreadID":7976,"EventType":"INFO","@timestamp":"2020-09-20T01:18:13.904Z","port":64545,"RecordNumber":1818955,"Task":7,"Signature":"Microsoft Windows","SourceModuleName":"eventlog","Version":3,"Product":"Microsoft Windows Operating System","Image":"C:\\Windows\\System32\\cmd.exe","OriginalFileName":"ntdll.dll","UtcTime":"2020-09-20 01:18:13.287","Hostname":"WORKSTATION5.theshire.local","RuleName":"-","tags":["mordorDataset"]}
{"ImageLoaded":"C:\\Windows\\System32\\kernel32.dll","SeverityValue":2,"EventReceivedTime":"2020-09-19 21:18:13","EventID":7,"ProviderGuid":"{5770385F-C22A-43E0-BF4C-06F5698FFBD9}","ExecutionProcessID":9848,"Channel":"Microsoft-Windows-Sysmon/Operational","host":"wec.internal.cloudapp.net","AccountType":"User","ProcessGuid":"{b34bc01c-add5-5f66-2010-000000000400}","Opcode":"Info","EventTime":"2020-09-19 21:18:13","Signed":"true","SourceModuleType":"im_msvistalog","AccountName":"SYSTEM","Domain":"NT AUTHORITY","@version":"1","OpcodeValue":0,"SignatureStatus":"Valid","Severity":"INFO","Hashes":"SHA1=9044BFB6E7D920BB4586123237B512238F2EA726,MD5=B78D8D39F63C5B7B9A2F4BC31076C954,SHA256=08BE2EE23EE5A7722C4BACA3BD8F0EABA7A56302F0051E6802A36D35AB0BC41C,IMPHASH=F9F97E60CFCD78BE051D9570C88FFB6F","SourceName":"Microsoft-Windows-Sysmon","Description":"Windows NT BASE API Client DLL","Category":"Image loaded (rule: ImageLoad)","Company":"Microsoft Corporation","Keywords":-9223372036854775808,"FileVersion":"10.0.18362.1082 (WinBuild.160101.0800)","UserID":"S-1-5-18","ThreadID":7976,"EventType":"INFO","@timestamp":"2020-09-20T01:18:13.904Z","port":64545,"RecordNumber":1818956,"Task":7,"Signature":"Microsoft Windows","SourceModuleName":"eventlog","Version":3,"Product":"Microsoft Windows Operating System","Image":"C:\\Windows\\System32\\cmd.exe","OriginalFileName":"kernel32","UtcTime":"2020-09-20 01:18:13.287","Hostname":"WORKSTATION5.theshire.local","RuleName":"-","tags":["mordorDataset"]}
{"ImageLoaded":"C:\\Windows\\System32\\KernelBase.dll","SeverityValue":2,"EventReceivedTime":"2020-09-19 21:18:13","EventID":7,"ProviderGuid":"{5770385F-C22A-43E0-BF4C-06F5698FFBD9}","ExecutionProcessID":9848,"Channel":"Microsoft-Windows-Sysmon/Operational","host":"wec.internal.cloudapp.net","AccountType":"User","ProcessGuid":"{b34bc01c-add5-5f66-2010-000000000400}","Opcode":"Info","EventTime":"2020-09-19 21:18:13","Signed":"true","SourceModuleType":"im_msvistalog","AccountName":"SYSTEM","Domain":"NT AUTHORITY","@version":"1","OpcodeValue":0,"SignatureStatus":"Valid","Severity":"INFO","Hashes":"SHA1=0BE0E331F4F9C2ED8C9D989CDCFD10463FE3E047,MD5=D62F3401037D0D0CE1F41555B72F1B60,SHA256=B51E88CCD1517E923A7A3E21B2AFC856927D529F5C5668A072B4B12AC70AD46B,IMPHASH=16003AF856720C35351BB8C14AD0B0A8","SourceName":"Microsoft-Windows-Sysmon","Description":"Windows NT BASE API Client DLL","Category":"Image loaded (rule: ImageLoad)","Company":"Microsoft Corporation","Keywords":-9223372036854775808,"FileVersion":"10.0.18362.1049 (WinBuild.160101.0800)","UserID":"S-1-5-18","ThreadID":7976,"EventType":"INFO","@timestamp":"2020-09-20T01:18:13.905Z","port":64545,"RecordNumber":1818957,"Task":7,"Signature":"Microsoft Windows","SourceModuleName":"eventlog","Version":3,"Product":"Microsoft Windows Operating System","Image":"C:\\Windows\\System32\\cmd.exe","OriginalFileName":"Kernelbase.dll","UtcTime":"2020-09-20 01:18:13.287","Hostname":"WORKSTATION5.theshire.local","RuleName":"-","tags":["mordorDataset"]}
{"Keywords":-9223372036854775808,"SeverityValue":2,"SourceImage":"C:\\windows\\system32\\svchost.exe","EventID":10,"ProviderGuid":"{5770385F-C22A-43E0-BF4C-06F5698FFBD9}","ExecutionProcessID":9848,"Channel":"Microsoft-Windows-Sysmon/Operational","host":"wec.internal.cloudapp.net","AccountType":"User","UserID":"S-1-5-18","SourceProcessGUID":"{b34bc01c-8294-5f63-8f02-000000000400}","ThreadID":7976,"TargetImage":"C:\\windows\\system32\\conhost.exe","GrantedAccess":"0x1fffff","EventType":"INFO","Opcode":"Info","EventTime":"2020-09-19 21:18:13","EventReceivedTime":"2020-09-19 21:18:13","@timestamp":"2020-09-20T01:18:13.905Z","SourceModuleType":"im_msvistalog","port":64545,"AccountName":"SYSTEM","RecordNumber":1818958,"SourceProcessId":"3356","SourceThreadId":"8212","Task":10,"Domain":"NT AUTHORITY","@version":"1","OpcodeValue":0,"SourceModuleName":"eventlog","TargetProcessGUID":"{b34bc01c-add5-5f66-2110-000000000400}","Severity":"INFO","SourceName":"Microsoft-Windows-Sysmon","Version":3,"TargetProcessId":"10056","Category":"Process accessed (rule: ProcessAccess)","CallTrace":"C:\\windows\\SYSTEM32\\ntdll.dll+9c534|C:\\windows\\System32\\KERNELBASE.dll+305fe|c:\\windows\\system32\\pcasvc.dll+13827|c:\\windows\\system32\\pcasvc.dll+f736|c:\\windows\\system32\\pcasvc.dll+16844|C:\\windows\\System32\\KERNEL32.DLL+17bd4|C:\\windows\\SYSTEM32\\ntdll.dll+6ce51","UtcTime":"2020-09-20 01:18:13.287","Hostname":"WORKSTATION5.theshire.local","RuleName":"-","tags":["mordorDataset"]}
{"Keywords":-9223372036854775808,"SeverityValue":2,"TargetObject":"HKLM\\System\\CurrentControlSet\\Services\\bam\\State\\UserSettings\\S-1-5-21-4228717743-1032521047-1810997296-1104\\\\Device\\HarddiskVolume2\\Windows\\System32\\conhost.exe","EventTypeOrignal":"INFO","EventID":13,"ProviderGuid":"{5770385F-C22A-43E0-BF4C-06F5698FFBD9}","ExecutionProcessID":9848,"host":"wec.internal.cloudapp.net","Channel":"Microsoft-Windows-Sysmon/Operational","UserID":"S-1-5-18","AccountType":"User","ThreadID":7976,"ProcessGuid":"{b34bc01c-add5-5f66-2010-000000000400}","Details":"Binary Data","EventReceivedTime":"2020-09-19 21:18:13","Opcode":"Info","EventTime":"2020-09-19 21:18:13","@timestamp":"2020-09-20T01:18:13.906Z","SourceModuleType":"im_msvistalog","port":64545,"AccountName":"SYSTEM","RecordNumber":1818959,"Task":13,"Domain":"NT AUTHORITY","@version":"1","OpcodeValue":0,"SourceModuleName":"eventlog","Severity":"INFO","SourceName":"Microsoft-Windows-Sysmon","Version":2,"Image":"C:\\windows\\SYSTEM32\\cmd.exe","Category":"Registry value set (rule: RegistryEvent)","UtcTime":"2020-09-20 01:18:13.287","Hostname":"WORKSTATION5.theshire.local","RuleName":"-","tags":["mordorDataset"]}
{"SeverityValue":2,"EventReceivedTime":"2020-09-19 21:18:13","EventID":1,"ProviderGuid":"{5770385F-C22A-43E0-BF4C-06F5698FFBD9}","ExecutionProcessID":9848,"Channel":"Microsoft-Windows-Sysmon/Operational","host":"wec.internal.cloudapp.net","AccountType":"User","ProcessGuid":"{b34bc01c-add5-5f66-2110-000000000400}","ParentImage":"C:\\Windows\\System32\\cmd.exe","LogonGuid":"{b34bc01c-8288-5f63-cd78-2b0000000000}","Opcode":"Info","EventTime":"2020-09-19 21:18:13","SourceModuleType":"im_msvistalog","AccountName":"SYSTEM","CommandLine":"\\??\\C:\\windows\\system32\\conhost.exe 0xffffffff -ForceV1","Domain":"NT AUTHORITY","@version":"1","OpcodeValue":0,"Severity":"INFO","User":"THESHIRE\\pgustavo","Hashes":"SHA1=11996F32DD85863A8C3BFF6D520F788A9211C8F7,MD5=C5E9B1D1103EDCEA2E408E9497A5A88F,SHA256=BAF97B2A629723947539CFF84E896CD29565AB4BB68B0CEC515EB5C5D6637B69,IMPHASH=F8DD0EF565DE87D97ABF9C62EA63EC21","SourceName":"Microsoft-Windows-Sysmon","CurrentDirectory":"C:\\windows","Description":"Console Window Host","Category":"Process Create (rule: ProcessCreate)","Company":"Microsoft Corporation","Keywords":-9223372036854775808,"FileVersion":"10.0.18362.1 (WinBuild.160101.0800)","IntegrityLevel":"Medium","UserID":"S-1-5-18","TerminalSessionId":"2","ThreadID":7976,"EventType":"INFO","ParentProcessGuid":"{b34bc01c-add5-5f66-2010-000000000400}","@timestamp":"2020-09-20T01:18:13.906Z","port":64545,"ParentCommandLine":"\"cmd.exe\" /c C:\\Windows\\Microsoft.NET\\Framework64\\v4.0.30319\\InstallUtil.exe /logfile= /LogToConsole=false /u c:\\ProgramData\\GruntHTTP.dll","RecordNumber":1818960,"Task":1,"ParentProcessId":"3776","SourceModuleName":"eventlog","LogonId":"0x2b78cd","Version":5,"Product":"Microsoft Windows Operating System","Image":"C:\\Windows\\System32\\conhost.exe","OriginalFileName":"CONHOST.EXE","UtcTime":"2020-09-20 01:18:13.294","Hostname":"WORKSTATION5.theshire.local","RuleName":"-","tags":["mordorDataset"]}
{"ImageLoaded":"C:\\Windows\\System32\\conhost.exe","SeverityValue":2,"EventReceivedTime":"2020-09-19 21:18:13","EventID":7,"ProviderGuid":"{5770385F-C22A-43E0-BF4C-06F5698FFBD9}","ExecutionProcessID":9848,"Channel":"Microsoft-Windows-Sysmon/Operational","host":"wec.internal.cloudapp.net","AccountType":"User","ProcessGuid":"{b34bc01c-add5-5f66-2110-000000000400}","Opcode":"Info","EventTime":"2020-09-19 21:18:13","Signed":"true","SourceModuleType":"im_msvistalog","AccountName":"SYSTEM","Domain":"NT AUTHORITY","@version":"1","OpcodeValue":0,"SignatureStatus":"Valid","Severity":"INFO","Hashes":"SHA1=11996F32DD85863A8C3BFF6D520F788A9211C8F7,MD5=C5E9B1D1103EDCEA2E408E9497A5A88F,SHA256=BAF97B2A629723947539CFF84E896CD29565AB4BB68B0CEC515EB5C5D6637B69,IMPHASH=F8DD0EF565DE87D97ABF9C62EA63EC21","SourceName":"Microsoft-Windows-Sysmon","Description":"Console Window Host","Category":"Image loaded (rule: ImageLoad)","Company":"Microsoft Corporation","Keywords":-9223372036854775808,"FileVersion":"10.0.18362.1 (WinBuild.160101.0800)","UserID":"S-1-5-18","ThreadID":7976,"EventType":"INFO","@timestamp":"2020-09-20T01:18:13.907Z","port":64545,"RecordNumber":1818961,"Task":7,"Signature":"Microsoft Windows","SourceModuleName":"eventlog","Version":3,"Product":"Microsoft Windows Operating System","Image":"C:\\Windows\\System32\\conhost.exe","OriginalFileName":"CONHOST.EXE","UtcTime":"2020-09-20 01:18:13.287","Hostname":"WORKSTATION5.theshire.local","RuleName":"-","tags":["mordorDataset"]}
{"ImageLoaded":"C:\\Windows\\System32\\ntdll.dll","SeverityValue":2,"EventReceivedTime":"2020-09-19 21:18:13","EventID":7,"ProviderGuid":"{5770385F-C22A-43E0-BF4C-06F5698FFBD9}","ExecutionProcessID":9848,"Channel":"Microsoft-Windows-Sysmon/Operational","host":"wec.internal.cloudapp.net","AccountType":"User","ProcessGuid":"{b34bc01c-add5-5f66-2110-000000000400}","Opcode":"Info","EventTime":"2020-09-19 21:18:13","Signed":"true","SourceModuleType":"im_msvistalog","AccountName":"SYSTEM","Domain":"NT AUTHORITY","@version":"1","OpcodeValue":0,"SignatureStatus":"Valid","Severity":"INFO","Hashes":"SHA1=BFD8EE26537D8C30A5FE2C9753AEED3BB6930004,MD5=BD5F9D4684E7BCB9D41D298297A73956,SHA256=FB9DA8BAF27DADDE620C2D8D3CADDD4CF7BF405A9BC8E870A73B6CF163046176,IMPHASH=00000000000000000000000000000000","SourceName":"Microsoft-Windows-Sysmon","Description":"NT Layer DLL","Category":"Image loaded (rule: ImageLoad)","Company":"Microsoft Corporation","Keywords":-9223372036854775808,"FileVersion":"10.0.18362.1049 (WinBuild.160101.0800)","UserID":"S-1-5-18","ThreadID":7976,"EventType":"INFO","@timestamp":"2020-09-20T01:18:13.907Z","port":64545,"RecordNumber":1818962,"Task":7,"Signature":"Microsoft Windows","SourceModuleName":"eventlog","Version":3,"Product":"Microsoft Windows Operating System","Image":"C:\\Windows\\System32\\conhost.exe","OriginalFileName":"ntdll.dll","UtcTime":"2020-09-20 01:18:13.287","Hostname":"WORKSTATION5.theshire.local","RuleName":"-","tags":["mordorDataset"]}
{"ImageLoaded":"C:\\Windows\\System32\\kernel32.dll","SeverityValue":2,"EventReceivedTime":"2020-09-19 21:18:13","EventID":7,"ProviderGuid":"{5770385F-C22A-43E0-BF4C-06F5698FFBD9}","ExecutionProcessID":9848,"Channel":"Microsoft-Windows-Sysmon/Operational","host":"wec.internal.cloudapp.net","AccountType":"User","ProcessGuid":"{b34bc01c-add5-5f66-2110-000000000400}","Opcode":"Info","EventTime":"2020-09-19 21:18:13","Signed":"true","SourceModuleType":"im_msvistalog","AccountName":"SYSTEM","Domain":"NT AUTHORITY","@version":"1","OpcodeValue":0,"SignatureStatus":"Valid","Severity":"INFO","Hashes":"SHA1=9044BFB6E7D920BB4586123237B512238F2EA726,MD5=B78D8D39F63C5B7B9A2F4BC31076C954,SHA256=08BE2EE23EE5A7722C4BACA3BD8F0EABA7A56302F0051E6802A36D35AB0BC41C,IMPHASH=F9F97E60CFCD78BE051D9570C88FFB6F","SourceName":"Microsoft-Windows-Sysmon","Description":"Windows NT BASE API Client DLL","Category":"Image loaded (rule: ImageLoad)","Company":"Microsoft Corporation","Keywords":-9223372036854775808,"FileVersion":"10.0.18362.1082 (WinBuild.160101.0800)","UserID":"S-1-5-18","ThreadID":7976,"EventType":"INFO","@timestamp":"2020-09-20T01:18:13.907Z","port":64545,"RecordNumber":1818963,"Task":7,"Signature":"Microsoft Windows","SourceModuleName":"eventlog","Version":3,"Product":"Microsoft Windows Operating System","Image":"C:\\Windows\\System32\\conhost.exe","OriginalFileName":"kernel32","UtcTime":"2020-09-20 01:18:13.287","Hostname":"WORKSTATION5.theshire.local","RuleName":"-","tags":["mordorDataset"]}
{"ImageLoaded":"C:\\Windows\\System32\\KernelBase.dll","SeverityValue":2,"EventReceivedTime":"2020-09-19 21:18:13","EventID":7,"ProviderGuid":"{5770385F-C22A-43E0-BF4C-06F5698FFBD9}","ExecutionProcessID":9848,"Channel":"Microsoft-Windows-Sysmon/Operational","host":"wec.internal.cloudapp.net","AccountType":"User","ProcessGuid":"{b34bc01c-add5-5f66-2110-000000000400}","Opcode":"Info","EventTime":"2020-09-19 21:18:13","Signed":"true","SourceModuleType":"im_msvistalog","AccountName":"SYSTEM","Domain":"NT AUTHORITY","@version":"1","OpcodeValue":0,"SignatureStatus":"Valid","Severity":"INFO","Hashes":"SHA1=0BE0E331F4F9C2ED8C9D989CDCFD10463FE3E047,MD5=D62F3401037D0D0CE1F41555B72F1B60,SHA256=B51E88CCD1517E923A7A3E21B2AFC856927D529F5C5668A072B4B12AC70AD46B,IMPHASH=16003AF856720C35351BB8C14AD0B0A8","SourceName":"Microsoft-Windows-Sysmon","Description":"Windows NT BASE API Client DLL","Category":"Image loaded (rule: ImageLoad)","Company":"Microsoft Corporation","Keywords":-9223372036854775808,"FileVersion":"10.0.18362.1049 (WinBuild.160101.0800)","UserID":"S-1-5-18","ThreadID":7976,"EventType":"INFO","@timestamp":"2020-09-20T01:18:13.908Z","port":64545,"RecordNumber":1818964,"Task":7,"Signature":"Microsoft Windows","SourceModuleName":"eventlog","Version":3,"Product":"Microsoft Windows Operating System","Image":"C:\\Windows\\System32\\conhost.exe","OriginalFileName":"Kernelbase.dll","UtcTime":"2020-09-20 01:18:13.287","Hostname":"WORKSTATION5.theshire.local","RuleName":"-","tags":["mordorDataset"]}
{"Keywords":-9223372036854775808,"SeverityValue":2,"SourceImage":"C:\\windows\\system32\\csrss.exe","EventID":10,"ProviderGuid":"{5770385F-C22A-43E0-BF4C-06F5698FFBD9}","ExecutionProcessID":9848,"Channel":"Microsoft-Windows-Sysmon/Operational","host":"wec.internal.cloudapp.net","AccountType":"User","UserID":"S-1-5-18","SourceProcessGUID":"{b34bc01c-8285-5f63-6b02-000000000400}","ThreadID":7976,"TargetImage":"C:\\windows\\system32\\conhost.exe","GrantedAccess":"0x1fffff","EventType":"INFO","Opcode":"Info","EventTime":"2020-09-19 21:18:13","EventReceivedTime":"2020-09-19 21:18:13","@timestamp":"2020-09-20T01:18:13.908Z","SourceModuleType":"im_msvistalog","port":64545,"AccountName":"SYSTEM","RecordNumber":1818965,"SourceProcessId":"1320","SourceThreadId":"7808","Task":10,"Domain":"NT AUTHORITY","@version":"1","OpcodeValue":0,"SourceModuleName":"eventlog","TargetProcessGUID":"{b34bc01c-add5-5f66-2110-000000000400}","Severity":"INFO","SourceName":"Microsoft-Windows-Sysmon","Version":3,"TargetProcessId":"10056","Category":"Process accessed (rule: ProcessAccess)","CallTrace":"C:\\windows\\SYSTEM32\\ntdll.dll+9d104|C:\\windows\\SYSTEM32\\CSRSRV.dll+1430|C:\\windows\\SYSTEM32\\CSRSRV.dll+5fd9|C:\\windows\\SYSTEM32\\ntdll.dll+6ce5f","UtcTime":"2020-09-20 01:18:13.287","Hostname":"WORKSTATION5.theshire.local","RuleName":"-","tags":["mordorDataset"]}
{"ImageLoaded":"C:\\Windows\\System32\\msvcp_win.dll","SeverityValue":2,"EventReceivedTime":"2020-09-19 21:18:13","EventID":7,"ProviderGuid":"{5770385F-C22A-43E0-BF4C-06F5698FFBD9}","ExecutionProcessID":9848,"Channel":"Microsoft-Windows-Sysmon/Operational","host":"wec.internal.cloudapp.net","AccountType":"User","ProcessGuid":"{b34bc01c-add5-5f66-2110-000000000400}","Opcode":"Info","EventTime":"2020-09-19 21:18:13","Signed":"true","SourceModuleType":"im_msvistalog","AccountName":"SYSTEM","Domain":"NT AUTHORITY","@version":"1","OpcodeValue":0,"SignatureStatus":"Valid","Severity":"INFO","Hashes":"SHA1=3C9938AFD7E9E2427750B0BBF21D3905502C2416,MD5=D327A488FF346D2A2ACC7D018F80A615,SHA256=F60BA64AF20B44D13275955ECA2949C471F2C812CD3908AF63B145DEAEB4E4F3,IMPHASH=7F555C87AEA488E97B6067A0419ED3B4","SourceName":"Microsoft-Windows-Sysmon","Description":"Microsoft C Runtime Library","Category":"Image loaded (rule: ImageLoad)","Company":"Microsoft Corporation","Keywords":-9223372036854775808,"FileVersion":"10.0.18362.815 (WinBuild.160101.0800)","UserID":"S-1-5-18","ThreadID":7976,"EventType":"INFO","@timestamp":"2020-09-20T01:18:13.908Z","port":64545,"RecordNumber":1818966,"Task":7,"Signature":"Microsoft Windows","SourceModuleName":"eventlog","Version":3,"Product":"Microsoft Windows Operating System","Image":"C:\\Windows\\System32\\conhost.exe","OriginalFileName":"msvcp_win.dll","UtcTime":"2020-09-20 01:18:13.287","Hostname":"WORKSTATION5.theshire.local","RuleName":"-","tags":["mordorDataset"]}
{"ImageLoaded":"C:\\Windows\\System32\\ucrtbase.dll","SeverityValue":2,"EventReceivedTime":"2020-09-19 21:18:13","EventID":7,"ProviderGuid":"{5770385F-C22A-43E0-BF4C-06F5698FFBD9}","ExecutionProcessID":9848,"Channel":"Microsoft-Windows-Sysmon/Operational","host":"wec.internal.cloudapp.net","AccountType":"User","ProcessGuid":"{b34bc01c-add5-5f66-2110-000000000400}","Opcode":"Info","EventTime":"2020-09-19 21:18:13","Signed":"true","SourceModuleType":"im_msvistalog","AccountName":"SYSTEM","Domain":"NT AUTHORITY","@version":"1","OpcodeValue":0,"SignatureStatus":"Valid","Severity":"INFO","Hashes":"SHA1=53F8B431D10FDB2C001D58120280A417B01073BE,MD5=F0DA14E390F0CCB58EAAD34D9B309E4B,SHA256=7EE229626B22799FAA28CD7C22D4FF2AD0603C17E5F5EE9086FA7CF6483331FB,IMPHASH=5AE9A136FAFA10321F3D48251BF4F6A1","SourceName":"Microsoft-Windows-Sysmon","Description":"Microsoft C Runtime Library","Category":"Image loaded (rule: ImageLoad)","Company":"Microsoft Corporation","Keywords":-9223372036854775808,"FileVersion":"10.0.18362.815 (WinBuild.160101.0800)","UserID":"S-1-5-18","ThreadID":7976,"EventType":"INFO","@timestamp":"2020-09-20T01:18:13.909Z","port":64545,"RecordNumber":1818967,"Task":7,"Signature":"Microsoft Windows","SourceModuleName":"eventlog","Version":3,"Product":"Microsoft Windows Operating System","Image":"C:\\Windows\\System32\\conhost.exe","OriginalFileName":"ucrtbase.dll","UtcTime":"2020-09-20 01:18:13.287","Hostname":"WORKSTATION5.theshire.local","RuleName":"-","tags":["mordorDataset"]}
{"ImageLoaded":"C:\\Windows\\System32\\SHCore.dll","SeverityValue":2,"EventReceivedTime":"2020-09-19 21:18:13","EventID":7,"ProviderGuid":"{5770385F-C22A-43E0-BF4C-06F5698FFBD9}","ExecutionProcessID":9848,"Channel":"Microsoft-Windows-Sysmon/Operational","host":"wec.internal.cloudapp.net","AccountType":"User","ProcessGuid":"{b34bc01c-add5-5f66-2110-000000000400}","Opcode":"Info","EventTime":"2020-09-19 21:18:13","Signed":"true","SourceModuleType":"im_msvistalog","AccountName":"SYSTEM","Domain":"NT AUTHORITY","@version":"1","OpcodeValue":0,"SignatureStatus":"Valid","Severity":"INFO","Hashes":"SHA1=75C9F506592699E30D8ECA63F88C79E956324111,MD5=6ACBCCE095FDB475FC2B3D178E5D9208,SHA256=3F49AB1B04EE3D843E961A1B62CB695EE3FE940EE287819BBBABCC1C3A38F507,IMPHASH=0E48D88DA5B1AEFE29036ECDE5B34E8D","SourceName":"Microsoft-Windows-Sysmon","Description":"SHCORE","Category":"Image loaded (rule: ImageLoad)","Company":"Microsoft Corporation","Keywords":-9223372036854775808,"FileVersion":"10.0.18362.959 (WinBuild.160101.0800)","UserID":"S-1-5-18","ThreadID":7976,"EventType":"INFO","@timestamp":"2020-09-20T01:18:13.910Z","port":64545,"RecordNumber":1818968,"Task":7,"Signature":"Microsoft Windows","SourceModuleName":"eventlog","Version":3,"Product":"Microsoft Windows Operating System","Image":"C:\\Windows\\System32\\conhost.exe","OriginalFileName":"SHCORE.dll","UtcTime":"2020-09-20 01:18:13.287","Hostname":"WORKSTATION5.theshire.local","RuleName":"-","tags":["mordorDataset"]}
{"ImageLoaded":"C:\\Windows\\System32\\msvcrt.dll","SeverityValue":2,"EventReceivedTime":"2020-09-19 21:18:13","EventID":7,"ProviderGuid":"{5770385F-C22A-43E0-BF4C-06F5698FFBD9}","ExecutionProcessID":9848,"Channel":"Microsoft-Windows-Sysmon/Operational","host":"wec.internal.cloudapp.net","AccountType":"User","ProcessGuid":"{b34bc01c-add5-5f66-2110-000000000400}","Opcode":"Info","EventTime":"2020-09-19 21:18:13","Signed":"true","SourceModuleType":"im_msvistalog","AccountName":"SYSTEM","Domain":"NT AUTHORITY","@version":"1","OpcodeValue":0,"SignatureStatus":"Valid","Severity":"INFO","Hashes":"SHA1=0EA4B3CFB14E49CEC0D42FF0F1FA989E69647A8F,MD5=36354D9B5B0A58A4B9A19103852C00A2,SHA256=E5A863D3F4BFEFED7D73A7B1499F81B7235BC9AE3C108065041BCB8E5446B1BB,IMPHASH=1273683626EBBA703979F188A1E64237","SourceName":"Microsoft-Windows-Sysmon","Description":"Windows NT CRT DLL","Category":"Image loaded (rule: ImageLoad)","Company":"Microsoft Corporation","Keywords":-9223372036854775808,"FileVersion":"7.0.18362.1 (WinBuild.160101.0800)","UserID":"S-1-5-18","ThreadID":7976,"EventType":"INFO","@timestamp":"2020-09-20T01:18:13.910Z","port":64545,"RecordNumber":1818969,"Task":7,"Signature":"Microsoft Windows","SourceModuleName":"eventlog","Version":3,"Product":"Microsoft Windows Operating System","Image":"C:\\Windows\\System32\\conhost.exe","OriginalFileName":"msvcrt.dll","UtcTime":"2020-09-20 01:18:13.287","Hostname":"WORKSTATION5.theshire.local","RuleName":"-","tags":["mordorDataset"]}
{"ImageLoaded":"C:\\Windows\\System32\\rpcrt4.dll","SeverityValue":2,"EventReceivedTime":"2020-09-19 21:18:13","EventID":7,"ProviderGuid":"{5770385F-C22A-43E0-BF4C-06F5698FFBD9}","ExecutionProcessID":9848,"Channel":"Microsoft-Windows-Sysmon/Operational","host":"wec.internal.cloudapp.net","AccountType":"User","ProcessGuid":"{b34bc01c-add5-5f66-2110-000000000400}","Opcode":"Info","EventTime":"2020-09-19 21:18:13","Signed":"true","SourceModuleType":"im_msvistalog","AccountName":"SYSTEM","Domain":"NT AUTHORITY","@version":"1","OpcodeValue":0,"SignatureStatus":"Valid","Severity":"INFO","Hashes":"SHA1=863C24BD6E91FDCDEDE1124EFC93FDD1564F0C23,MD5=61C41B28689BB516F1CFC880507C839B,SHA256=DAF391DB91AC04B50A0C896963F5120A52C8B1B4999BF37BE80AB025AB116700,IMPHASH=88E7E7C7FA90052EC162DD37F2B7C7BD","SourceName":"Microsoft-Windows-Sysmon","Description":"Remote Procedure Call Runtime","Category":"Image loaded (rule: ImageLoad)","Company":"Microsoft Corporation","Keywords":-9223372036854775808,"FileVersion":"10.0.18362.1082 (WinBuild.160101.0800)","UserID":"S-1-5-18","ThreadID":7976,"EventType":"INFO","@timestamp":"2020-09-20T01:18:13.911Z","port":64545,"RecordNumber":1818970,"Task":7,"Signature":"Microsoft Windows","SourceModuleName":"eventlog","Version":3,"Product":"Microsoft Windows Operating System","Image":"C:\\Windows\\System32\\conhost.exe","OriginalFileName":"rpcrt4.dll","UtcTime":"2020-09-20 01:18:13.287","Hostname":"WORKSTATION5.theshire.local","RuleName":"-","tags":["mordorDataset"]}
{"ImageLoaded":"C:\\Windows\\System32\\combase.dll","SeverityValue":2,"EventReceivedTime":"2020-09-19 21:18:13","EventID":7,"ProviderGuid":"{5770385F-C22A-43E0-BF4C-06F5698FFBD9}","ExecutionProcessID":9848,"Channel":"Microsoft-Windows-Sysmon/Operational","host":"wec.internal.cloudapp.net","AccountType":"User","ProcessGuid":"{b34bc01c-add5-5f66-2110-000000000400}","Opcode":"Info","EventTime":"2020-09-19 21:18:13","Signed":"true","SourceModuleType":"im_msvistalog","AccountName":"SYSTEM","Domain":"NT AUTHORITY","@version":"1","OpcodeValue":0,"SignatureStatus":"Valid","Severity":"INFO","Hashes":"SHA1=03829F72B93B3DA8A5778A295948F2F967A8AD9A,MD5=655C13F8AA80901935F1086709E27812,SHA256=28D91C9176D50DBC4939BB21BB00DDB17B1C589EEB9E058533E6AA125E86FA4F,IMPHASH=D1A511866766E387FD0DAF3ACBB54B12","SourceName":"Microsoft-Windows-Sysmon","Description":"Microsoft COM for Windows","Category":"Image loaded (rule: ImageLoad)","Company":"Microsoft Corporation","Keywords":-9223372036854775808,"FileVersion":"10.0.18362.1082 (WinBuild.160101.0800)","UserID":"S-1-5-18","ThreadID":7976,"EventType":"INFO","@timestamp":"2020-09-20T01:18:13.911Z","port":64545,"RecordNumber":1818971,"Task":7,"Signature":"Microsoft Windows","SourceModuleName":"eventlog","Version":3,"Product":"Microsoft Windows Operating System","Image":"C:\\Windows\\System32\\conhost.exe","OriginalFileName":"COMBASE.DLL","UtcTime":"2020-09-20 01:18:13.287","Hostname":"WORKSTATION5.theshire.local","RuleName":"-","tags":["mordorDataset"]}
{"ImageLoaded":"C:\\Windows\\System32\\bcryptprimitives.dll","SeverityValue":2,"EventReceivedTime":"2020-09-19 21:18:13","EventID":7,"ProviderGuid":"{5770385F-C22A-43E0-BF4C-06F5698FFBD9}","ExecutionProcessID":9848,"Channel":"Microsoft-Windows-Sysmon/Operational","host":"wec.internal.cloudapp.net","AccountType":"User","ProcessGuid":"{b34bc01c-add5-5f66-2110-000000000400}","Opcode":"Info","EventTime":"2020-09-19 21:18:13","Signed":"true","SourceModuleType":"im_msvistalog","AccountName":"SYSTEM","Domain":"NT AUTHORITY","@version":"1","OpcodeValue":0,"SignatureStatus":"Valid","Severity":"INFO","Hashes":"SHA1=B4222C8DC3274CFC3FE54F322D827B2F01FFF036,MD5=EF2BBEAFF07D32A2EC77FB4602FA9664,SHA256=6B47F3E88CDEDF8F31F91940E38A4544818C79D153323262F9F46B21F41D262C,IMPHASH=402DA460E2AC467F4489C588A9941032","SourceName":"Microsoft-Windows-Sysmon","Description":"Windows Cryptographic Primitives Library","Category":"Image loaded (rule: ImageLoad)","Company":"Microsoft Corporation","Keywords":-9223372036854775808,"FileVersion":"10.0.18362.836 (WinBuild.160101.0800)","UserID":"S-1-5-18","ThreadID":7976,"EventType":"INFO","@timestamp":"2020-09-20T01:18:13.911Z","port":64545,"RecordNumber":1818972,"Task":7,"Signature":"Microsoft Windows","SourceModuleName":"eventlog","Version":3,"Product":"Microsoft Windows Operating System","Image":"C:\\Windows\\System32\\conhost.exe","OriginalFileName":"bcryptprimitives.dll","UtcTime":"2020-09-20 01:18:13.287","Hostname":"WORKSTATION5.theshire.local","RuleName":"-","tags":["mordorDataset"]}
{"ImageLoaded":"C:\\Windows\\System32\\advapi32.dll","SeverityValue":2,"EventReceivedTime":"2020-09-19 21:18:13","EventID":7,"ProviderGuid":"{5770385F-C22A-43E0-BF4C-06F5698FFBD9}","ExecutionProcessID":9848,"Channel":"Microsoft-Windows-Sysmon/Operational","host":"wec.internal.cloudapp.net","AccountType":"User","ProcessGuid":"{b34bc01c-add5-5f66-2110-000000000400}","Opcode":"Info","EventTime":"2020-09-19 21:18:13","Signed":"true","SourceModuleType":"im_msvistalog","AccountName":"SYSTEM","Domain":"NT AUTHORITY","@version":"1","OpcodeValue":0,"SignatureStatus":"Valid","Severity":"INFO","Hashes":"SHA1=35C61DDE6F8F4ED05F9C4837E2B91C886CA79F82,MD5=EA4F6E7961B4A402F6F5EC33C655260A,SHA256=5E2D103E7E1FD7CA0492E541F082D274EF6259AF2158A3562986C796C5C869DD,IMPHASH=8EEA175C33205685FB8A14876D7564DB","SourceName":"Microsoft-Windows-Sysmon","Description":"Advanced Windows 32 Base API","Category":"Image loaded (rule: ImageLoad)","Company":"Microsoft Corporation","Keywords":-9223372036854775808,"FileVersion":"10.0.18362.752 (WinBuild.160101.0800)","UserID":"S-1-5-18","ThreadID":7976,"EventType":"INFO","@timestamp":"2020-09-20T01:18:13.912Z","port":64545,"RecordNumber":1818973,"Task":7,"Signature":"Microsoft Windows","SourceModuleName":"eventlog","Version":3,"Product":"Microsoft Windows Operating System","Image":"C:\\Windows\\System32\\conhost.exe","OriginalFileName":"advapi32.dll","UtcTime":"2020-09-20 01:18:13.287","Hostname":"WORKSTATION5.theshire.local","RuleName":"-","tags":["mordorDataset"]}
