{"Version":0,"EventReceivedTime":"2019-12-04 23:47:39","SourceAddress":"0.0.0.0","type":"nxlog-mordor","host":"ip-172-18-39-102.ec2.internal","Channel":"security","RecordNumber":25441,"Category":"Filtering Platform Connection","port":49730,"ProviderGuid":"{54849625-5478-4994-A5BA-3E3B0328C30D}","Application":"\\device\\harddiskvolume2\\windows\\system32\\svchost.exe","EventID":5158,"EventType":"AUDIT_SUCCESS","SourcePort":"51549","SourceName":"Microsoft-Windows-Security-Auditing","OpcodeValue":0,"Message":"The Windows Filtering Platform has permitted a bind to a local port.\r\n\r\nApplication Information:\r\n\tProcess ID:\t\t5064\r\n\tApplication Name:\t\\device\\harddiskvolume2\\windows\\system32\\svchost.exe\r\n\r\nNetwork Information:\r\n\tSource Address:\t\t0.0.0.0\r\n\tSource Port:\t\t51549\r\n\tProtocol:\t\t6\r\n\r\nFilter Information:\r\n\tFilter Run-Time ID:\t0\r\n\tLayer Name:\t\tResource Assignment\r\n\tLayer Run-Time ID:\t36","LayerName":"%%14608","Task":12810,"Severity":"INFO","Keywords":-9214364837600034816,"LayerRTID":"36","@timestamp":"2019-12-05T04:47:39.080Z","EventTime":"2019-12-04 23:47:37","SeverityValue":2,"ProcessID":4,"ThreadID":6448,"Opcode":"Info","Protocol":"6","SourceModuleType":"im_msvistalog","Hostname":"ACCT001.shire.com","SourceModuleName":"eventlog","FilterRTID":"0","@version":"1"}
{"Version":1,"EventReceivedTime":"2019-12-04 23:47:39","SourceAddress":"172.18.39.100","type":"nxlog-mordor","DestPort":"53","host":"ip-172-18-39-102.ec2.internal","Channel":"Security","RemoteMachineID":"S-1-0-0","RecordNumber":88573,"Category":"Filtering Platform Connection","port":49730,"ProviderGuid":"{54849625-5478-4994-A5BA-3E3B0328C30D}","Application":"\\device\\harddiskvolume1\\windows\\system32\\dns.exe","EventID":5156,"EventType":"AUDIT_SUCCESS","Direction":"%%14592","DestAddress":"172.18.39.5","SourcePort":"60589","SourceName":"Microsoft-Windows-Security-Auditing","OpcodeValue":0,"Message":"The Windows Filtering Platform has permitted a connection.\r\n\r\nApplication Information:\r\n\tProcess ID:\t\t3068\r\n\tApplication Name:\t\\device\\harddiskvolume1\\windows\\system32\\dns.exe\r\n\r\nNetwork Information:\r\n\tDirection:\t\tInbound\r\n\tSource Address:\t\t172.18.39.100\r\n\tSource Port:\t\t60589\r\n\tDestination Address:\t172.18.39.5\r\n\tDestination Port:\t\t53\r\n\tProtocol:\t\t17\r\n\r\nFilter Information:\r\n\tFilter Run-Time ID:\t66362\r\n\tLayer Name:\t\tReceive/Accept\r\n\tLayer Run-Time ID:\t44","LayerName":"%%14610","Task":12810,"Severity":"INFO","Keywords":-9214364837600034816,"LayerRTID":"44","@timestamp":"2019-12-05T04:47:39.081Z","EventTime":"2019-12-04 23:47:37","SeverityValue":2,"ProcessID":4,"ThreadID":440,"Opcode":"Info","Protocol":"17","RemoteUserID":"S-1-0-0","SourceModuleType":"im_msvistalog","Hostname":"HFDC01.shire.com","SourceModuleName":"eventlog","FilterRTID":"66362","@version":"1"}
{"Version":3,"GrantedAccess":"0x1000","EventReceivedTime":"2019-12-04 23:47:39","type":"nxlog-mordor","SourceImage":"C:\\Windows\\system32\\svchost.exe","host":"ip-172-18-39-102.ec2.internal","Channel":"Microsoft-Windows-Sysmon/Operational","RecordNumber":102554,"SourceProcessId":"628","port":49730,"ProviderGuid":"{5770385F-C22A-43E0-BF4C-06F5698FFBD9}","CallTrace":"C:\\Windows\\SYSTEM32\\ntdll.dll+9fc24|C:\\Windows\\System32\\KERNELBASE.dll+6bcc5|c:\\windows\\system32\\lsm.dll+e575|C:\\Windows\\System32\\RPCRT4.dll+77823|C:\\Windows\\System32\\RPCRT4.dll+db4a6|C:\\Windows\\System32\\RPCRT4.dll+10d20|C:\\Windows\\System32\\RPCRT4.dll+54a38|C:\\Windows\\System32\\RPCRT4.dll+304b0|C:\\Windows\\System32\\RPCRT4.dll+2fe5b|C:\\Windows\\System32\\RPCRT4.dll+221ff|C:\\Windows\\System32\\RPCRT4.dll+2165a|C:\\Windows\\System32\\RPCRT4.dll+20c21|C:\\Windows\\System32\\RPCRT4.dll+20692|C:\\Windows\\System32\\RPCRT4.dll+17465|C:\\Windows\\SYSTEM32\\ntdll.dll+4f4c0|C:\\Windows\\SYSTEM32\\ntdll.dll+50348|C:\\Windows\\System32\\KERNEL32.DLL+17974|C:\\Windows\\SYSTEM32\\ntdll.dll+6a271","EventID":10,"EventType":"INFO","TargetProcessGUID":"{d14e8c55-47b8-5de8-0000-001047020100}","UtcTime":"2019-12-05 04:47:38.731","UserID":"S-1-5-18","SourceThreadId":"4196","SourceName":"Microsoft-Windows-Sysmon","Domain":"NT AUTHORITY","AccountType":"User","OpcodeValue":0,"Message":"Process accessed:\r\nRuleName: \r\nUtcTime: 2019-12-05 04:47:38.731\r\nSourceProcessGUID: {d14e8c55-47b8-5de8-0000-00105eb80000}\r\nSourceProcessId: 628\r\nSourceThreadId: 4196\r\nSourceImage: C:\\Windows\\system32\\svchost.exe\r\nTargetProcessGUID: {d14e8c55-47b8-5de8-0000-001047020100}\r\nTargetProcessId: 1468\r\nTargetImage: C:\\Windows\\System32\\svchost.exe\r\nGrantedAccess: 0x1000\r\nCallTrace: C:\\Windows\\SYSTEM32\\ntdll.dll+9fc24|C:\\Windows\\System32\\KERNELBASE.dll+6bcc5|c:\\windows\\system32\\lsm.dll+e575|C:\\Windows\\System32\\RPCRT4.dll+77823|C:\\Windows\\System32\\RPCRT4.dll+db4a6|C:\\Windows\\System32\\RPCRT4.dll+10d20|C:\\Windows\\System32\\RPCRT4.dll+54a38|C:\\Windows\\System32\\RPCRT4.dll+304b0|C:\\Windows\\System32\\RPCRT4.dll+2fe5b|C:\\Windows\\System32\\RPCRT4.dll+221ff|C:\\Windows\\System32\\RPCRT4.dll+2165a|C:\\Windows\\System32\\RPCRT4.dll+20c21|C:\\Windows\\System32\\RPCRT4.dll+20692|C:\\Windows\\System32\\RPCRT4.dll+17465|C:\\Windows\\SYSTEM32\\ntdll.dll+4f4c0|C:\\Windows\\SYSTEM32\\ntdll.dll+50348|C:\\Windows\\System32\\KERNEL32.DLL+17974|C:\\Windows\\SYSTEM32\\ntdll.dll+6a271","Task":10,"Severity":"INFO","Keywords":-9223372036854775808,"@timestamp":"2019-12-05T04:47:39.086Z","EventTime":"2019-12-04 23:47:38","SeverityValue":2,"ProcessID":2644,"ThreadID":3664,"AccountName":"SYSTEM","TargetImage":"C:\\Windows\\System32\\svchost.exe","SourceModuleType":"im_msvistalog","Hostname":"HFDC01.shire.com","SourceModuleName":"eventlog","SourceProcessGUID":"{d14e8c55-47b8-5de8-0000-00105eb80000}","TargetProcessId":"1468","@version":"1"}
{"Channel":"Microsoft-Windows-Sysmon/Operational","RecordNumber":102543,"ProviderGuid":"{5770385F-C22A-43E0-BF4C-06F5698FFBD9}","User":"NT AUTHORITY\\SYSTEM","DestinationIp":"172.18.39.100","SourceName":"Microsoft-Windows-Sysmon","Domain":"NT AUTHORITY","AccountType":"User","OpcodeValue":0,"Message":"Network connection detected:\r\nRuleName: \r\nUtcTime: 2019-12-05 04:47:37.446\r\nProcessGuid: {d14e8c55-47c8-5de8-0000-00108af90100}\r\nProcessId: 3068\r\nImage: C:\\Windows\\System32\\dns.exe\r\nUser: NT AUTHORITY\\SYSTEM\r\nProtocol: udp\r\nInitiated: false\r\nSourceIsIpv6: false\r\nSourceIp: 172.18.39.5\r\nSourceHostname: HFDC01.shire.com\r\nSourcePort: 53\r\nSourcePortName: domain\r\nDestinationIsIpv6: false\r\nDestinationIp: 172.18.39.100\r\nDestinationHostname: ip-172-18-39-100.ec2.internal\r\nDestinationPort: 60589\r\nDestinationPortName: ","ProcessID":2644,"SeverityValue":2,"SourceModuleType":"im_msvistalog","DestinationPort":"60589","@version":"1","Version":5,"EventReceivedTime":"2019-12-04 23:47:39","Image":"C:\\Windows\\System32\\dns.exe","type":"nxlog-mordor","host":"ip-172-18-39-102.ec2.internal","port":49730,"EventID":3,"EventType":"INFO","SourceHostname":"HFDC01.shire.com","SourceIp":"172.18.39.5","UtcTime":"2019-12-05 04:47:37.446","UserID":"S-1-5-18","ProcessGuid":"{d14e8c55-47c8-5de8-0000-00108af90100}","SourcePort":"53","Task":3,"Severity":"INFO","Keywords":-9223372036854775808,"@timestamp":"2019-12-05T04:47:39.082Z","SourceIsIpv6":"false","EventTime":"2019-12-04 23:47:38","ThreadID":3616,"Protocol":"udp","AccountName":"SYSTEM","Initiated":"false","DestinationIsIpv6":"false","DestinationHostname":"ip-172-18-39-100.ec2.internal","Hostname":"HFDC01.shire.com","SourceModuleName":"eventlog","SourcePortName":"domain"}
{"Version":3,"GrantedAccess":"0x1000","EventReceivedTime":"2019-12-04 23:47:39","type":"nxlog-mordor","SourceImage":"C:\\Windows\\system32\\svchost.exe","host":"ip-172-18-39-102.ec2.internal","Channel":"Microsoft-Windows-Sysmon/Operational","RecordNumber":102547,"SourceProcessId":"628","port":49730,"ProviderGuid":"{5770385F-C22A-43E0-BF4C-06F5698FFBD9}","CallTrace":"C:\\Windows\\SYSTEM32\\ntdll.dll+9fc24|C:\\Windows\\System32\\KERNELBASE.dll+6bcc5|c:\\windows\\system32\\lsm.dll+ea4e|C:\\Windows\\System32\\RPCRT4.dll+77823|C:\\Windows\\System32\\RPCRT4.dll+db4a6|C:\\Windows\\System32\\RPCRT4.dll+10d20|C:\\Windows\\System32\\RPCRT4.dll+54a38|C:\\Windows\\System32\\RPCRT4.dll+304b0|C:\\Windows\\System32\\RPCRT4.dll+2fe5b|C:\\Windows\\System32\\RPCRT4.dll+221ff|C:\\Windows\\System32\\RPCRT4.dll+2165a|C:\\Windows\\System32\\RPCRT4.dll+20c21|C:\\Windows\\System32\\RPCRT4.dll+20692|C:\\Windows\\System32\\RPCRT4.dll+17465|C:\\Windows\\SYSTEM32\\ntdll.dll+4f4c0|C:\\Windows\\SYSTEM32\\ntdll.dll+50348|C:\\Windows\\System32\\KERNEL32.DLL+17974|C:\\Windows\\SYSTEM32\\ntdll.dll+6a271","EventID":10,"EventType":"INFO","TargetProcessGUID":"{d14e8c55-47b8-5de8-0000-001047020100}","UtcTime":"2019-12-05 04:47:38.731","UserID":"S-1-5-18","SourceThreadId":"4196","SourceName":"Microsoft-Windows-Sysmon","Domain":"NT AUTHORITY","AccountType":"User","OpcodeValue":0,"Message":"Process accessed:\r\nRuleName: \r\nUtcTime: 2019-12-05 04:47:38.731\r\nSourceProcessGUID: {d14e8c55-47b8-5de8-0000-00105eb80000}\r\nSourceProcessId: 628\r\nSourceThreadId: 4196\r\nSourceImage: C:\\Windows\\system32\\svchost.exe\r\nTargetProcessGUID: {d14e8c55-47b8-5de8-0000-001047020100}\r\nTargetProcessId: 1468\r\nTargetImage: C:\\Windows\\System32\\svchost.exe\r\nGrantedAccess: 0x1000\r\nCallTrace: C:\\Windows\\SYSTEM32\\ntdll.dll+9fc24|C:\\Windows\\System32\\KERNELBASE.dll+6bcc5|c:\\windows\\system32\\lsm.dll+ea4e|C:\\Windows\\System32\\RPCRT4.dll+77823|C:\\Windows\\System32\\RPCRT4.dll+db4a6|C:\\Windows\\System32\\RPCRT4.dll+10d20|C:\\Windows\\System32\\RPCRT4.dll+54a38|C:\\Windows\\System32\\RPCRT4.dll+304b0|C:\\Windows\\System32\\RPCRT4.dll+2fe5b|C:\\Windows\\System32\\RPCRT4.dll+221ff|C:\\Windows\\System32\\RPCRT4.dll+2165a|C:\\Windows\\System32\\RPCRT4.dll+20c21|C:\\Windows\\System32\\RPCRT4.dll+20692|C:\\Windows\\System32\\RPCRT4.dll+17465|C:\\Windows\\SYSTEM32\\ntdll.dll+4f4c0|C:\\Windows\\SYSTEM32\\ntdll.dll+50348|C:\\Windows\\System32\\KERNEL32.DLL+17974|C:\\Windows\\SYSTEM32\\ntdll.dll+6a271","Task":10,"Severity":"INFO","Keywords":-9223372036854775808,"@timestamp":"2019-12-05T04:47:39.083Z","EventTime":"2019-12-04 23:47:38","SeverityValue":2,"ProcessID":2644,"ThreadID":3664,"AccountName":"SYSTEM","TargetImage":"C:\\Windows\\System32\\svchost.exe","SourceModuleType":"im_msvistalog","Hostname":"HFDC01.shire.com","SourceModuleName":"eventlog","SourceProcessGUID":"{d14e8c55-47b8-5de8-0000-00105eb80000}","TargetProcessId":"1468","@version":"1"}
{"Version":3,"GrantedAccess":"0x1000","EventReceivedTime":"2019-12-04 23:47:39","type":"nxlog-mordor","SourceImage":"C:\\Windows\\system32\\svchost.exe","host":"ip-172-18-39-102.ec2.internal","Channel":"Microsoft-Windows-Sysmon/Operational","RecordNumber":102551,"SourceProcessId":"628","port":49730,"ProviderGuid":"{5770385F-C22A-43E0-BF4C-06F5698FFBD9}","CallTrace":"C:\\Windows\\SYSTEM32\\ntdll.dll+9fc24|C:\\Windows\\System32\\KERNELBASE.dll+6bcc5|c:\\windows\\system32\\lsm.dll+e575|C:\\Windows\\System32\\RPCRT4.dll+77823|C:\\Windows\\System32\\RPCRT4.dll+db4a6|C:\\Windows\\System32\\RPCRT4.dll+10d20|C:\\Windows\\System32\\RPCRT4.dll+54a38|C:\\Windows\\System32\\RPCRT4.dll+304b0|C:\\Windows\\System32\\RPCRT4.dll+2fe5b|C:\\Windows\\System32\\RPCRT4.dll+221ff|C:\\Windows\\System32\\RPCRT4.dll+2165a|C:\\Windows\\System32\\RPCRT4.dll+20c21|C:\\Windows\\System32\\RPCRT4.dll+20692|C:\\Windows\\System32\\RPCRT4.dll+17465|C:\\Windows\\SYSTEM32\\ntdll.dll+4f4c0|C:\\Windows\\SYSTEM32\\ntdll.dll+50348|C:\\Windows\\System32\\KERNEL32.DLL+17974|C:\\Windows\\SYSTEM32\\ntdll.dll+6a271","EventID":10,"EventType":"INFO","TargetProcessGUID":"{d14e8c55-47b8-5de8-0000-001047020100}","UtcTime":"2019-12-05 04:47:38.731","UserID":"S-1-5-18","SourceThreadId":"4196","SourceName":"Microsoft-Windows-Sysmon","Domain":"NT AUTHORITY","AccountType":"User","OpcodeValue":0,"Message":"Process accessed:\r\nRuleName: \r\nUtcTime: 2019-12-05 04:47:38.731\r\nSourceProcessGUID: {d14e8c55-47b8-5de8-0000-00105eb80000}\r\nSourceProcessId: 628\r\nSourceThreadId: 4196\r\nSourceImage: C:\\Windows\\system32\\svchost.exe\r\nTargetProcessGUID: {d14e8c55-47b8-5de8-0000-001047020100}\r\nTargetProcessId: 1468\r\nTargetImage: C:\\Windows\\System32\\svchost.exe\r\nGrantedAccess: 0x1000\r\nCallTrace: C:\\Windows\\SYSTEM32\\ntdll.dll+9fc24|C:\\Windows\\System32\\KERNELBASE.dll+6bcc5|c:\\windows\\system32\\lsm.dll+e575|C:\\Windows\\System32\\RPCRT4.dll+77823|C:\\Windows\\System32\\RPCRT4.dll+db4a6|C:\\Windows\\System32\\RPCRT4.dll+10d20|C:\\Windows\\System32\\RPCRT4.dll+54a38|C:\\Windows\\System32\\RPCRT4.dll+304b0|C:\\Windows\\System32\\RPCRT4.dll+2fe5b|C:\\Windows\\System32\\RPCRT4.dll+221ff|C:\\Windows\\System32\\RPCRT4.dll+2165a|C:\\Windows\\System32\\RPCRT4.dll+20c21|C:\\Windows\\System32\\RPCRT4.dll+20692|C:\\Windows\\System32\\RPCRT4.dll+17465|C:\\Windows\\SYSTEM32\\ntdll.dll+4f4c0|C:\\Windows\\SYSTEM32\\ntdll.dll+50348|C:\\Windows\\System32\\KERNEL32.DLL+17974|C:\\Windows\\SYSTEM32\\ntdll.dll+6a271","Task":10,"Severity":"INFO","Keywords":-9223372036854775808,"@timestamp":"2019-12-05T04:47:39.084Z","EventTime":"2019-12-04 23:47:38","SeverityValue":2,"ProcessID":2644,"ThreadID":3664,"AccountName":"SYSTEM","TargetImage":"C:\\Windows\\System32\\svchost.exe","SourceModuleType":"im_msvistalog","Hostname":"HFDC01.shire.com","SourceModuleName":"eventlog","SourceProcessGUID":"{d14e8c55-47b8-5de8-0000-00105eb80000}","TargetProcessId":"1468","@version":"1"}
{"Version":3,"GrantedAccess":"0x1000","EventReceivedTime":"2019-12-04 23:47:39","type":"nxlog-mordor","SourceImage":"C:\\Windows\\system32\\svchost.exe","host":"ip-172-18-39-102.ec2.internal","Channel":"Microsoft-Windows-Sysmon/Operational","RecordNumber":102555,"SourceProcessId":"628","port":49730,"ProviderGuid":"{5770385F-C22A-43E0-BF4C-06F5698FFBD9}","CallTrace":"C:\\Windows\\SYSTEM32\\ntdll.dll+9fc24|C:\\Windows\\System32\\KERNELBASE.dll+6bcc5|c:\\windows\\system32\\lsm.dll+ebf0|C:\\Windows\\System32\\RPCRT4.dll+77823|C:\\Windows\\System32\\RPCRT4.dll+db4a6|C:\\Windows\\System32\\RPCRT4.dll+10d20|C:\\Windows\\System32\\RPCRT4.dll+54a38|C:\\Windows\\System32\\RPCRT4.dll+304b0|C:\\Windows\\System32\\RPCRT4.dll+2fe5b|C:\\Windows\\System32\\RPCRT4.dll+221ff|C:\\Windows\\System32\\RPCRT4.dll+2165a|C:\\Windows\\System32\\RPCRT4.dll+20c21|C:\\Windows\\System32\\RPCRT4.dll+20692|C:\\Windows\\System32\\RPCRT4.dll+17465|C:\\Windows\\SYSTEM32\\ntdll.dll+4f4c0|C:\\Windows\\SYSTEM32\\ntdll.dll+50348|C:\\Windows\\System32\\KERNEL32.DLL+17974|C:\\Windows\\SYSTEM32\\ntdll.dll+6a271","EventID":10,"EventType":"INFO","TargetProcessGUID":"{d14e8c55-47b8-5de8-0000-001047020100}","UtcTime":"2019-12-05 04:47:38.731","UserID":"S-1-5-18","SourceThreadId":"4196","SourceName":"Microsoft-Windows-Sysmon","Domain":"NT AUTHORITY","AccountType":"User","OpcodeValue":0,"Message":"Process accessed:\r\nRuleName: \r\nUtcTime: 2019-12-05 04:47:38.731\r\nSourceProcessGUID: {d14e8c55-47b8-5de8-0000-00105eb80000}\r\nSourceProcessId: 628\r\nSourceThreadId: 4196\r\nSourceImage: C:\\Windows\\system32\\svchost.exe\r\nTargetProcessGUID: {d14e8c55-47b8-5de8-0000-001047020100}\r\nTargetProcessId: 1468\r\nTargetImage: C:\\Windows\\System32\\svchost.exe\r\nGrantedAccess: 0x1000\r\nCallTrace: C:\\Windows\\SYSTEM32\\ntdll.dll+9fc24|C:\\Windows\\System32\\KERNELBASE.dll+6bcc5|c:\\windows\\system32\\lsm.dll+ebf0|C:\\Windows\\System32\\RPCRT4.dll+77823|C:\\Windows\\System32\\RPCRT4.dll+db4a6|C:\\Windows\\System32\\RPCRT4.dll+10d20|C:\\Windows\\System32\\RPCRT4.dll+54a38|C:\\Windows\\System32\\RPCRT4.dll+304b0|C:\\Windows\\System32\\RPCRT4.dll+2fe5b|C:\\Windows\\System32\\RPCRT4.dll+221ff|C:\\Windows\\System32\\RPCRT4.dll+2165a|C:\\Windows\\System32\\RPCRT4.dll+20c21|C:\\Windows\\System32\\RPCRT4.dll+20692|C:\\Windows\\System32\\RPCRT4.dll+17465|C:\\Windows\\SYSTEM32\\ntdll.dll+4f4c0|C:\\Windows\\SYSTEM32\\ntdll.dll+50348|C:\\Windows\\System32\\KERNEL32.DLL+17974|C:\\Windows\\SYSTEM32\\ntdll.dll+6a271","Task":10,"Severity":"INFO","Keywords":-9223372036854775808,"@timestamp":"2019-12-05T04:47:39.086Z","EventTime":"2019-12-04 23:47:38","SeverityValue":2,"ProcessID":2644,"ThreadID":3664,"AccountName":"SYSTEM","TargetImage":"C:\\Windows\\System32\\svchost.exe","SourceModuleType":"im_msvistalog","Hostname":"HFDC01.shire.com","SourceModuleName":"eventlog","SourceProcessGUID":"{d14e8c55-47b8-5de8-0000-00105eb80000}","TargetProcessId":"1468","@version":"1"}
{"Version":3,"GrantedAccess":"0x1000","EventReceivedTime":"2019-12-04 23:47:39","type":"nxlog-mordor","SourceImage":"C:\\Windows\\system32\\svchost.exe","host":"ip-172-18-39-102.ec2.internal","Channel":"Microsoft-Windows-Sysmon/Operational","RecordNumber":102559,"SourceProcessId":"628","port":49730,"ProviderGuid":"{5770385F-C22A-43E0-BF4C-06F5698FFBD9}","CallTrace":"C:\\Windows\\SYSTEM32\\ntdll.dll+9fc24|C:\\Windows\\System32\\KERNELBASE.dll+6bcc5|c:\\windows\\system32\\lsm.dll+ea4e|C:\\Windows\\System32\\RPCRT4.dll+77823|C:\\Windows\\System32\\RPCRT4.dll+db4a6|C:\\Windows\\System32\\RPCRT4.dll+10d20|C:\\Windows\\System32\\RPCRT4.dll+54a38|C:\\Windows\\System32\\RPCRT4.dll+304b0|C:\\Windows\\System32\\RPCRT4.dll+2fe5b|C:\\Windows\\System32\\RPCRT4.dll+221ff|C:\\Windows\\System32\\RPCRT4.dll+2165a|C:\\Windows\\System32\\RPCRT4.dll+20c21|C:\\Windows\\System32\\RPCRT4.dll+20692|C:\\Windows\\System32\\RPCRT4.dll+17465|C:\\Windows\\SYSTEM32\\ntdll.dll+4f4c0|C:\\Windows\\SYSTEM32\\ntdll.dll+50348|C:\\Windows\\System32\\KERNEL32.DLL+17974|C:\\Windows\\SYSTEM32\\ntdll.dll+6a271","EventID":10,"EventType":"INFO","TargetProcessGUID":"{d14e8c55-47b8-5de8-0000-001047020100}","UtcTime":"2019-12-05 04:47:38.731","UserID":"S-1-5-18","SourceThreadId":"4196","SourceName":"Microsoft-Windows-Sysmon","Domain":"NT AUTHORITY","AccountType":"User","OpcodeValue":0,"Message":"Process accessed:\r\nRuleName: \r\nUtcTime: 2019-12-05 04:47:38.731\r\nSourceProcessGUID: {d14e8c55-47b8-5de8-0000-00105eb80000}\r\nSourceProcessId: 628\r\nSourceThreadId: 4196\r\nSourceImage: C:\\Windows\\system32\\svchost.exe\r\nTargetProcessGUID: {d14e8c55-47b8-5de8-0000-001047020100}\r\nTargetProcessId: 1468\r\nTargetImage: C:\\Windows\\System32\\svchost.exe\r\nGrantedAccess: 0x1000\r\nCallTrace: C:\\Windows\\SYSTEM32\\ntdll.dll+9fc24|C:\\Windows\\System32\\KERNELBASE.dll+6bcc5|c:\\windows\\system32\\lsm.dll+ea4e|C:\\Windows\\System32\\RPCRT4.dll+77823|C:\\Windows\\System32\\RPCRT4.dll+db4a6|C:\\Windows\\System32\\RPCRT4.dll+10d20|C:\\Windows\\System32\\RPCRT4.dll+54a38|C:\\Windows\\System32\\RPCRT4.dll+304b0|C:\\Windows\\System32\\RPCRT4.dll+2fe5b|C:\\Windows\\System32\\RPCRT4.dll+221ff|C:\\Windows\\System32\\RPCRT4.dll+2165a|C:\\Windows\\System32\\RPCRT4.dll+20c21|C:\\Windows\\System32\\RPCRT4.dll+20692|C:\\Windows\\System32\\RPCRT4.dll+17465|C:\\Windows\\SYSTEM32\\ntdll.dll+4f4c0|C:\\Windows\\SYSTEM32\\ntdll.dll+50348|C:\\Windows\\System32\\KERNEL32.DLL+17974|C:\\Windows\\SYSTEM32\\ntdll.dll+6a271","Task":10,"Severity":"INFO","Keywords":-9223372036854775808,"@timestamp":"2019-12-05T04:47:39.088Z","EventTime":"2019-12-04 23:47:38","SeverityValue":2,"ProcessID":2644,"ThreadID":3664,"AccountName":"SYSTEM","TargetImage":"C:\\Windows\\System32\\svchost.exe","SourceModuleType":"im_msvistalog","Hostname":"HFDC01.shire.com","SourceModuleName":"eventlog","SourceProcessGUID":"{d14e8c55-47b8-5de8-0000-00105eb80000}","TargetProcessId":"1468","@version":"1"}
{"Version":3,"GrantedAccess":"0x1000","EventReceivedTime":"2019-12-04 23:47:39","type":"nxlog-mordor","SourceImage":"C:\\Windows\\system32\\svchost.exe","host":"ip-172-18-39-102.ec2.internal","Channel":"Microsoft-Windows-Sysmon/Operational","RecordNumber":102563,"SourceProcessId":"628","port":49730,"ProviderGuid":"{5770385F-C22A-43E0-BF4C-06F5698FFBD9}","CallTrace":"C:\\Windows\\SYSTEM32\\ntdll.dll+9fc24|C:\\Windows\\System32\\KERNELBASE.dll+6bcc5|c:\\windows\\system32\\lsm.dll+e575|C:\\Windows\\System32\\RPCRT4.dll+77823|C:\\Windows\\System32\\RPCRT4.dll+db4a6|C:\\Windows\\System32\\RPCRT4.dll+10d20|C:\\Windows\\System32\\RPCRT4.dll+54a38|C:\\Windows\\System32\\RPCRT4.dll+304b0|C:\\Windows\\System32\\RPCRT4.dll+2fe5b|C:\\Windows\\System32\\RPCRT4.dll+221ff|C:\\Windows\\System32\\RPCRT4.dll+2165a|C:\\Windows\\System32\\RPCRT4.dll+20c21|C:\\Windows\\System32\\RPCRT4.dll+20692|C:\\Windows\\System32\\RPCRT4.dll+17465|C:\\Windows\\SYSTEM32\\ntdll.dll+4f4c0|C:\\Windows\\SYSTEM32\\ntdll.dll+50348|C:\\Windows\\System32\\KERNEL32.DLL+17974|C:\\Windows\\SYSTEM32\\ntdll.dll+6a271","EventID":10,"EventType":"INFO","TargetProcessGUID":"{d14e8c55-47b8-5de8-0000-001047020100}","UtcTime":"2019-12-05 04:47:38.840","UserID":"S-1-5-18","SourceThreadId":"4196","SourceName":"Microsoft-Windows-Sysmon","Domain":"NT AUTHORITY","AccountType":"User","OpcodeValue":0,"Message":"Process accessed:\r\nRuleName: \r\nUtcTime: 2019-12-05 04:47:38.840\r\nSourceProcessGUID: {d14e8c55-47b8-5de8-0000-00105eb80000}\r\nSourceProcessId: 628\r\nSourceThreadId: 4196\r\nSourceImage: C:\\Windows\\system32\\svchost.exe\r\nTargetProcessGUID: {d14e8c55-47b8-5de8-0000-001047020100}\r\nTargetProcessId: 1468\r\nTargetImage: C:\\Windows\\System32\\svchost.exe\r\nGrantedAccess: 0x1000\r\nCallTrace: C:\\Windows\\SYSTEM32\\ntdll.dll+9fc24|C:\\Windows\\System32\\KERNELBASE.dll+6bcc5|c:\\windows\\system32\\lsm.dll+e575|C:\\Windows\\System32\\RPCRT4.dll+77823|C:\\Windows\\System32\\RPCRT4.dll+db4a6|C:\\Windows\\System32\\RPCRT4.dll+10d20|C:\\Windows\\System32\\RPCRT4.dll+54a38|C:\\Windows\\System32\\RPCRT4.dll+304b0|C:\\Windows\\System32\\RPCRT4.dll+2fe5b|C:\\Windows\\System32\\RPCRT4.dll+221ff|C:\\Windows\\System32\\RPCRT4.dll+2165a|C:\\Windows\\System32\\RPCRT4.dll+20c21|C:\\Windows\\System32\\RPCRT4.dll+20692|C:\\Windows\\System32\\RPCRT4.dll+17465|C:\\Windows\\SYSTEM32\\ntdll.dll+4f4c0|C:\\Windows\\SYSTEM32\\ntdll.dll+50348|C:\\Windows\\System32\\KERNEL32.DLL+17974|C:\\Windows\\SYSTEM32\\ntdll.dll+6a271","Task":10,"Severity":"INFO","Keywords":-9223372036854775808,"@timestamp":"2019-12-05T04:47:39.089Z","EventTime":"2019-12-04 23:47:38","SeverityValue":2,"ProcessID":2644,"ThreadID":3664,"AccountName":"SYSTEM","TargetImage":"C:\\Windows\\System32\\svchost.exe","SourceModuleType":"im_msvistalog","Hostname":"HFDC01.shire.com","SourceModuleName":"eventlog","SourceProcessGUID":"{d14e8c55-47b8-5de8-0000-00105eb80000}","TargetProcessId":"1468","@version":"1"}
{"Version":3,"EventReceivedTime":"2019-12-04 23:47:39","Image":"C:\\Windows\\System32\\svchost.exe","Description":"Power Profile Helper DLL","type":"nxlog-mordor","host":"ip-172-18-39-102.ec2.internal","Channel":"Microsoft-Windows-Sysmon/Operational","RecordNumber":102567,"FileVersion":"10.0.17763.1 (WinBuild.160101.0800)","port":49730,"ProviderGuid":"{5770385F-C22A-43E0-BF4C-06F5698FFBD9}","EventID":7,"EventType":"INFO","UtcTime":"2019-12-05 04:47:38.856","UserID":"S-1-5-18","ProcessGuid":"{d14e8c55-47b8-5de8-0000-0010f10b0100}","SourceName":"Microsoft-Windows-Sysmon","Hashes":"SHA1=C6BE4DBBF31A2FD2A91FDA8DA0F7ED65B413D31A,MD5=082136DC077FAD6C3D1ED64BF46888A6,SHA256=F9C97CFFAB7D3A61175F902CF0062CA945BC8CECFC825BF3B6096864855D43D9,IMPHASH=C33D8F3C33B19248E2D15B613C123D7B","Domain":"NT AUTHORITY","AccountType":"User","OpcodeValue":0,"Message":"Image loaded:\r\nRuleName: \r\nUtcTime: 2019-12-05 04:47:38.856\r\nProcessGuid: {d14e8c55-47b8-5de8-0000-0010f10b0100}\r\nProcessId: 1548\r\nImage: C:\\Windows\\System32\\svchost.exe\r\nImageLoaded: C:\\Windows\\System32\\powrprof.dll\r\nFileVersion: 10.0.17763.1 (WinBuild.160101.0800)\r\nDescription: Power Profile Helper DLL\r\nProduct: Microsoft® Windows® Operating System\r\nCompany: Microsoft Corporation\r\nOriginalFileName: POWRPROF.DLL\r\nHashes: SHA1=C6BE4DBBF31A2FD2A91FDA8DA0F7ED65B413D31A,MD5=082136DC077FAD6C3D1ED64BF46888A6,SHA256=F9C97CFFAB7D3A61175F902CF0062CA945BC8CECFC825BF3B6096864855D43D9,IMPHASH=C33D8F3C33B19248E2D15B613C123D7B\r\nSigned: true\r\nSignature: Microsoft Windows\r\nSignatureStatus: Valid","ImageLoaded":"C:\\Windows\\System32\\powrprof.dll","Task":7,"Severity":"INFO","Keywords":-9223372036854775808,"Signature":"Microsoft Windows","SignatureStatus":"Valid","@timestamp":"2019-12-05T04:47:39.090Z","EventTime":"2019-12-04 23:47:38","SeverityValue":2,"ProcessID":2644,"ThreadID":3664,"AccountName":"SYSTEM","Product":"Microsoft® Windows® Operating System","Company":"Microsoft Corporation","SourceModuleType":"im_msvistalog","Hostname":"HFDC01.shire.com","Signed":"true","SourceModuleName":"eventlog","OriginalFileName":"POWRPROF.DLL","@version":"1"}
{"Version":3,"EventReceivedTime":"2019-12-04 23:47:39","Image":"C:\\Windows\\System32\\svchost.exe","Description":"Windows Shell Common Dll","type":"nxlog-mordor","host":"ip-172-18-39-102.ec2.internal","Channel":"Microsoft-Windows-Sysmon/Operational","RecordNumber":102571,"FileVersion":"10.0.17763.678 (WinBuild.160101.0800)","port":49730,"ProviderGuid":"{5770385F-C22A-43E0-BF4C-06F5698FFBD9}","EventID":7,"EventType":"INFO","UtcTime":"2019-12-05 04:47:38.856","UserID":"S-1-5-18","ProcessGuid":"{d14e8c55-47b8-5de8-0000-0010f10b0100}","SourceName":"Microsoft-Windows-Sysmon","Hashes":"SHA1=ACFC7404782E184C3327B4560E09CD0DCA665034,MD5=2C2FFD7F1CB1046D48FB04626501F196,SHA256=EB49C6AF45CABB10EC601D54C638B361BADB0C930293B3CB7CCFEFC7D637DAF2,IMPHASH=1660DD1A4B6344B5D3253DBB56EAAA06","Domain":"NT AUTHORITY","AccountType":"User","OpcodeValue":0,"Message":"Image loaded:\r\nRuleName: \r\nUtcTime: 2019-12-05 04:47:38.856\r\nProcessGuid: {d14e8c55-47b8-5de8-0000-0010f10b0100}\r\nProcessId: 1548\r\nImage: C:\\Windows\\System32\\svchost.exe\r\nImageLoaded: C:\\Windows\\System32\\shell32.dll\r\nFileVersion: 10.0.17763.678 (WinBuild.160101.0800)\r\nDescription: Windows Shell Common Dll\r\nProduct: Microsoft® Windows® Operating System\r\nCompany: Microsoft Corporation\r\nOriginalFileName: SHELL32.DLL\r\nHashes: SHA1=ACFC7404782E184C3327B4560E09CD0DCA665034,MD5=2C2FFD7F1CB1046D48FB04626501F196,SHA256=EB49C6AF45CABB10EC601D54C638B361BADB0C930293B3CB7CCFEFC7D637DAF2,IMPHASH=1660DD1A4B6344B5D3253DBB56EAAA06\r\nSigned: true\r\nSignature: Microsoft Windows\r\nSignatureStatus: Valid","ImageLoaded":"C:\\Windows\\System32\\shell32.dll","Task":7,"Severity":"INFO","Keywords":-9223372036854775808,"Signature":"Microsoft Windows","SignatureStatus":"Valid","@timestamp":"2019-12-05T04:47:39.091Z","EventTime":"2019-12-04 23:47:38","SeverityValue":2,"ProcessID":2644,"ThreadID":3664,"AccountName":"SYSTEM","Product":"Microsoft® Windows® Operating System","Company":"Microsoft Corporation","SourceModuleType":"im_msvistalog","Hostname":"HFDC01.shire.com","Signed":"true","SourceModuleName":"eventlog","OriginalFileName":"SHELL32.DLL","@version":"1"}
{"Version":3,"EventReceivedTime":"2019-12-04 23:47:39","Image":"C:\\Windows\\System32\\svchost.exe","Description":"Security Accounts Manager Client DLL","type":"nxlog-mordor","host":"ip-172-18-39-102.ec2.internal","Channel":"Microsoft-Windows-Sysmon/Operational","RecordNumber":102575,"FileVersion":"10.0.17763.1 (WinBuild.160101.0800)","port":49730,"ProviderGuid":"{5770385F-C22A-43E0-BF4C-06F5698FFBD9}","EventID":7,"EventType":"INFO","UtcTime":"2019-12-05 04:47:38.856","UserID":"S-1-5-18","ProcessGuid":"{d14e8c55-47b8-5de8-0000-0010f10b0100}","SourceName":"Microsoft-Windows-Sysmon","Hashes":"SHA1=DA0257FDCC9F9AF913312C8F2103ACAA6845F6E0,MD5=4C89C2FDFC9FA730CC1CA5B79D45D36E,SHA256=8B2E673C80837113A598A5BDD5C6E8A44A7CAE97C53CEE587DF56FB9FA761588,IMPHASH=EE4C0C2CFFD7F999EC0FAF1376D518DD","Domain":"NT AUTHORITY","AccountType":"User","OpcodeValue":0,"Message":"Image loaded:\r\nRuleName: \r\nUtcTime: 2019-12-05 04:47:38.856\r\nProcessGuid: {d14e8c55-47b8-5de8-0000-0010f10b0100}\r\nProcessId: 1548\r\nImage: C:\\Windows\\System32\\svchost.exe\r\nImageLoaded: C:\\Windows\\System32\\samcli.dll\r\nFileVersion: 10.0.17763.1 (WinBuild.160101.0800)\r\nDescription: Security Accounts Manager Client DLL\r\nProduct: Microsoft® Windows® Operating System\r\nCompany: Microsoft Corporation\r\nOriginalFileName: SAMCLI.DLL\r\nHashes: SHA1=DA0257FDCC9F9AF913312C8F2103ACAA6845F6E0,MD5=4C89C2FDFC9FA730CC1CA5B79D45D36E,SHA256=8B2E673C80837113A598A5BDD5C6E8A44A7CAE97C53CEE587DF56FB9FA761588,IMPHASH=EE4C0C2CFFD7F999EC0FAF1376D518DD\r\nSigned: true\r\nSignature: Microsoft Windows\r\nSignatureStatus: Valid","ImageLoaded":"C:\\Windows\\System32\\samcli.dll","Task":7,"Severity":"INFO","Keywords":-9223372036854775808,"Signature":"Microsoft Windows","SignatureStatus":"Valid","@timestamp":"2019-12-05T04:47:39.092Z","EventTime":"2019-12-04 23:47:38","SeverityValue":2,"ProcessID":2644,"ThreadID":3664,"AccountName":"SYSTEM","Product":"Microsoft® Windows® Operating System","Company":"Microsoft Corporation","SourceModuleType":"im_msvistalog","Hostname":"HFDC01.shire.com","Signed":"true","SourceModuleName":"eventlog","OriginalFileName":"SAMCLI.DLL","@version":"1"}
{"Version":3,"EventReceivedTime":"2019-12-04 23:47:39","Image":"C:\\Windows\\System32\\svchost.exe","Description":"Microsoft OLE for Windows","type":"nxlog-mordor","host":"ip-172-18-39-102.ec2.internal","Channel":"Microsoft-Windows-Sysmon/Operational","RecordNumber":102579,"FileVersion":"10.0.17763.503 (WinBuild.160101.0800)","port":49730,"ProviderGuid":"{5770385F-C22A-43E0-BF4C-06F5698FFBD9}","EventID":7,"EventType":"INFO","UtcTime":"2019-12-05 04:47:38.856","UserID":"S-1-5-18","ProcessGuid":"{d14e8c55-47b8-5de8-0000-0010f10b0100}","SourceName":"Microsoft-Windows-Sysmon","Hashes":"SHA1=6A193F90394DA8DAFB30B8294E8EC1462E5FB87B,MD5=1A989F88E586431B617518F038768D13,SHA256=FD3C565AB699B837A9D8521A76310C6B9642609C15DCB8E43442B64DA55A59A6,IMPHASH=6CD38B8F8C1F27CB46F8B55A9F7237A6","Domain":"NT AUTHORITY","AccountType":"User","OpcodeValue":0,"Message":"Image loaded:\r\nRuleName: \r\nUtcTime: 2019-12-05 04:47:38.856\r\nProcessGuid: {d14e8c55-47b8-5de8-0000-0010f10b0100}\r\nProcessId: 1548\r\nImage: C:\\Windows\\System32\\svchost.exe\r\nImageLoaded: C:\\Windows\\System32\\ole32.dll\r\nFileVersion: 10.0.17763.503 (WinBuild.160101.0800)\r\nDescription: Microsoft OLE for Windows\r\nProduct: Microsoft® Windows® Operating System\r\nCompany: Microsoft Corporation\r\nOriginalFileName: OLE32.DLL\r\nHashes: SHA1=6A193F90394DA8DAFB30B8294E8EC1462E5FB87B,MD5=1A989F88E586431B617518F038768D13,SHA256=FD3C565AB699B837A9D8521A76310C6B9642609C15DCB8E43442B64DA55A59A6,IMPHASH=6CD38B8F8C1F27CB46F8B55A9F7237A6\r\nSigned: true\r\nSignature: Microsoft Windows\r\nSignatureStatus: Valid","ImageLoaded":"C:\\Windows\\System32\\ole32.dll","Task":7,"Severity":"INFO","Keywords":-9223372036854775808,"Signature":"Microsoft Windows","SignatureStatus":"Valid","@timestamp":"2019-12-05T04:47:39.093Z","EventTime":"2019-12-04 23:47:38","SeverityValue":2,"ProcessID":2644,"ThreadID":3664,"AccountName":"SYSTEM","Product":"Microsoft® Windows® Operating System","Company":"Microsoft Corporation","SourceModuleType":"im_msvistalog","Hostname":"HFDC01.shire.com","Signed":"true","SourceModuleName":"eventlog","OriginalFileName":"OLE32.DLL","@version":"1"}
{"Version":3,"EventReceivedTime":"2019-12-04 23:47:39","Image":"C:\\Windows\\System32\\svchost.exe","Description":"Microsoft XmlLite Library","type":"nxlog-mordor","host":"ip-172-18-39-102.ec2.internal","Channel":"Microsoft-Windows-Sysmon/Operational","RecordNumber":102583,"FileVersion":"10.0.17763.678 (WinBuild.160101.0800)","port":49730,"ProviderGuid":"{5770385F-C22A-43E0-BF4C-06F5698FFBD9}","EventID":7,"EventType":"INFO","UtcTime":"2019-12-05 04:47:38.856","UserID":"S-1-5-18","ProcessGuid":"{d14e8c55-47b8-5de8-0000-0010f10b0100}","SourceName":"Microsoft-Windows-Sysmon","Hashes":"SHA1=9EF6511A1E22763424A7F130FDCC226B0701B897,MD5=8594C4992AEBF839C5D5AF4858DFF34C,SHA256=9C51EC1791E80B4445E5EC08BEF746690139D5432CD4BA10CB485911B295EEED,IMPHASH=D2E0F3F026362C9BF4BA56FA26B36D50","Domain":"NT AUTHORITY","AccountType":"User","OpcodeValue":0,"Message":"Image loaded:\r\nRuleName: \r\nUtcTime: 2019-12-05 04:47:38.856\r\nProcessGuid: {d14e8c55-47b8-5de8-0000-0010f10b0100}\r\nProcessId: 1548\r\nImage: C:\\Windows\\System32\\svchost.exe\r\nImageLoaded: C:\\Windows\\System32\\xmllite.dll\r\nFileVersion: 10.0.17763.678 (WinBuild.160101.0800)\r\nDescription: Microsoft XmlLite Library\r\nProduct: Microsoft® Windows® Operating System\r\nCompany: Microsoft Corporation\r\nOriginalFileName: XmlLite.dll\r\nHashes: SHA1=9EF6511A1E22763424A7F130FDCC226B0701B897,MD5=8594C4992AEBF839C5D5AF4858DFF34C,SHA256=9C51EC1791E80B4445E5EC08BEF746690139D5432CD4BA10CB485911B295EEED,IMPHASH=D2E0F3F026362C9BF4BA56FA26B36D50\r\nSigned: true\r\nSignature: Microsoft Windows\r\nSignatureStatus: Valid","ImageLoaded":"C:\\Windows\\System32\\xmllite.dll","Task":7,"Severity":"INFO","Keywords":-9223372036854775808,"Signature":"Microsoft Windows","SignatureStatus":"Valid","@timestamp":"2019-12-05T04:47:39.094Z","EventTime":"2019-12-04 23:47:38","SeverityValue":2,"ProcessID":2644,"ThreadID":3664,"AccountName":"SYSTEM","Product":"Microsoft® Windows® Operating System","Company":"Microsoft Corporation","SourceModuleType":"im_msvistalog","Hostname":"HFDC01.shire.com","Signed":"true","SourceModuleName":"eventlog","OriginalFileName":"XmlLite.dll","@version":"1"}
{"Version":1,"EventReceivedTime":"2019-12-04 23:47:39","Image":"C:\\Windows\\system32\\svchost.exe","type":"nxlog-mordor","host":"ip-172-18-39-102.ec2.internal","Channel":"Microsoft-Windows-Sysmon/Operational","RecordNumber":102587,"port":49730,"ProviderGuid":"{5770385F-C22A-43E0-BF4C-06F5698FFBD9}","EventID":18,"EventType":"INFO","PipeName":"\\wkssvc","UtcTime":"2019-12-05 04:47:38.872","UserID":"S-1-5-18","ProcessGuid":"{d14e8c55-47b8-5de8-0000-0010f10b0100}","SourceName":"Microsoft-Windows-Sysmon","Domain":"NT AUTHORITY","AccountType":"User","OpcodeValue":0,"Message":"Pipe Connected:\r\nRuleName: \r\nEventType: ConnectPipe\r\nUtcTime: 2019-12-05 04:47:38.872\r\nProcessGuid: {d14e8c55-47b8-5de8-0000-0010f10b0100}\r\nProcessId: 1548\r\nPipeName: \\wkssvc\r\nImage: C:\\Windows\\system32\\svchost.exe","Task":18,"Severity":"INFO","Keywords":-9223372036854775808,"@timestamp":"2019-12-05T04:47:39.096Z","EventTime":"2019-12-04 23:47:38","SeverityValue":2,"ProcessID":2644,"ThreadID":3664,"AccountName":"SYSTEM","SourceModuleType":"im_msvistalog","Hostname":"HFDC01.shire.com","SourceModuleName":"eventlog","@version":"1"}
{"Version":3,"GrantedAccess":"0x1000","EventReceivedTime":"2019-12-04 23:47:39","type":"nxlog-mordor","SourceImage":"C:\\Windows\\system32\\svchost.exe","host":"ip-172-18-39-102.ec2.internal","Channel":"Microsoft-Windows-Sysmon/Operational","RecordNumber":225516,"SourceProcessId":"968","port":49730,"ProviderGuid":"{5770385F-C22A-43E0-BF4C-06F5698FFBD9}","CallTrace":"C:\\Windows\\SYSTEM32\\ntdll.dll+9c524|C:\\Windows\\SYSTEM32\\psmserviceexthost.dll+222a3|C:\\Windows\\SYSTEM32\\psmserviceexthost.dll+1a172|C:\\Windows\\SYSTEM32\\psmserviceexthost.dll+19e3b|C:\\Windows\\SYSTEM32\\psmserviceexthost.dll+19318|C:\\Windows\\SYSTEM32\\ntdll.dll+3082d|C:\\Windows\\SYSTEM32\\ntdll.dll+345c4|C:\\Windows\\System32\\KERNEL32.DLL+17944|C:\\Windows\\SYSTEM32\\ntdll.dll+6ce71","EventID":10,"EventType":"INFO","TargetProcessGUID":"{a158f72c-4a97-5de8-0000-00105c300200}","UtcTime":"2019-12-05 04:47:37.035","UserID":"S-1-5-18","SourceThreadId":"8424","SourceName":"Microsoft-Windows-Sysmon","Domain":"NT AUTHORITY","AccountType":"User","OpcodeValue":0,"Message":"Process accessed:\r\nRuleName: \r\nUtcTime: 2019-12-05 04:47:37.035\r\nSourceProcessGUID: {a158f72c-4a94-5de8-0000-001033890000}\r\nSourceProcessId: 968\r\nSourceThreadId: 8424\r\nSourceImage: C:\\Windows\\system32\\svchost.exe\r\nTargetProcessGUID: {a158f72c-4a97-5de8-0000-00105c300200}\r\nTargetProcessId: 3236\r\nTargetImage: C:\\Windows\\System32\\svchost.exe\r\nGrantedAccess: 0x1000\r\nCallTrace: C:\\Windows\\SYSTEM32\\ntdll.dll+9c524|C:\\Windows\\SYSTEM32\\psmserviceexthost.dll+222a3|C:\\Windows\\SYSTEM32\\psmserviceexthost.dll+1a172|C:\\Windows\\SYSTEM32\\psmserviceexthost.dll+19e3b|C:\\Windows\\SYSTEM32\\psmserviceexthost.dll+19318|C:\\Windows\\SYSTEM32\\ntdll.dll+3082d|C:\\Windows\\SYSTEM32\\ntdll.dll+345c4|C:\\Windows\\System32\\KERNEL32.DLL+17944|C:\\Windows\\SYSTEM32\\ntdll.dll+6ce71","Task":10,"Severity":"INFO","Keywords":-9223372036854775808,"@timestamp":"2019-12-05T04:47:39.078Z","EventTime":"2019-12-04 23:47:37","SeverityValue":2,"ProcessID":3144,"ThreadID":4584,"AccountName":"SYSTEM","TargetImage":"C:\\Windows\\System32\\svchost.exe","SourceModuleType":"im_msvistalog","Hostname":"HR001.shire.com","SourceModuleName":"eventlog","SourceProcessGUID":"{a158f72c-4a94-5de8-0000-001033890000}","TargetProcessId":"3236","@version":"1"}
{"Version":0,"EventReceivedTime":"2019-12-04 23:47:39","SourceAddress":"::","type":"nxlog-mordor","host":"ip-172-18-39-102.ec2.internal","Channel":"security","RecordNumber":25435,"Category":"Filtering Platform Connection","port":49730,"ProviderGuid":"{54849625-5478-4994-A5BA-3E3B0328C30D}","Application":"\\device\\harddiskvolume2\\windows\\system32\\svchost.exe","EventID":5158,"EventType":"AUDIT_SUCCESS","SourcePort":"60589","SourceName":"Microsoft-Windows-Security-Auditing","OpcodeValue":0,"Message":"The Windows Filtering Platform has permitted a bind to a local port.\r\n\r\nApplication Information:\r\n\tProcess ID:\t\t1468\r\n\tApplication Name:\t\\device\\harddiskvolume2\\windows\\system32\\svchost.exe\r\n\r\nNetwork Information:\r\n\tSource Address:\t\t::\r\n\tSource Port:\t\t60589\r\n\tProtocol:\t\t17\r\n\r\nFilter Information:\r\n\tFilter Run-Time ID:\t0\r\n\tLayer Name:\t\tResource Assignment\r\n\tLayer Run-Time ID:\t36","LayerName":"%%14608","Task":12810,"Severity":"INFO","Keywords":-9214364837600034816,"LayerRTID":"36","@timestamp":"2019-12-05T04:47:39.079Z","EventTime":"2019-12-04 23:47:37","SeverityValue":2,"ProcessID":4,"ThreadID":6448,"Opcode":"Info","Protocol":"17","SourceModuleType":"im_msvistalog","Hostname":"ACCT001.shire.com","SourceModuleName":"eventlog","FilterRTID":"0","@version":"1"}
{"Version":1,"EventReceivedTime":"2019-12-04 23:47:39","SourceAddress":"172.18.39.100","type":"nxlog-mordor","DestPort":"53","host":"ip-172-18-39-102.ec2.internal","Channel":"security","RemoteMachineID":"S-1-0-0","RecordNumber":25439,"Category":"Filtering Platform Connection","port":49730,"ProviderGuid":"{54849625-5478-4994-A5BA-3E3B0328C30D}","Application":"\\device\\harddiskvolume2\\windows\\system32\\svchost.exe","EventID":5156,"EventType":"AUDIT_SUCCESS","Direction":"%%14593","DestAddress":"172.18.39.5","SourcePort":"55506","SourceName":"Microsoft-Windows-Security-Auditing","OpcodeValue":0,"Message":"The Windows Filtering Platform has permitted a connection.\r\n\r\nApplication Information:\r\n\tProcess ID:\t\t1468\r\n\tApplication Name:\t\\device\\harddiskvolume2\\windows\\system32\\svchost.exe\r\n\r\nNetwork Information:\r\n\tDirection:\t\tOutbound\r\n\tSource Address:\t\t172.18.39.100\r\n\tSource Port:\t\t55506\r\n\tDestination Address:\t172.18.39.5\r\n\tDestination Port:\t\t53\r\n\tProtocol:\t\t17\r\n\r\nFilter Information:\r\n\tFilter Run-Time ID:\t67260\r\n\tLayer Name:\t\tConnect\r\n\tLayer Run-Time ID:\t48","LayerName":"%%14611","Task":12810,"Severity":"INFO","Keywords":-9214364837600034816,"LayerRTID":"48","@timestamp":"2019-12-05T04:47:39.080Z","EventTime":"2019-12-04 23:47:37","SeverityValue":2,"ProcessID":4,"ThreadID":6448,"Opcode":"Info","Protocol":"17","RemoteUserID":"S-1-0-0","SourceModuleType":"im_msvistalog","Hostname":"ACCT001.shire.com","SourceModuleName":"eventlog","FilterRTID":"67260","@version":"1"}
{"Version":1,"EventReceivedTime":"2019-12-04 23:47:39","SourceAddress":"172.18.39.100","type":"nxlog-mordor","DestPort":"443","host":"ip-172-18-39-102.ec2.internal","Channel":"security","RemoteMachineID":"S-1-0-0","RecordNumber":25443,"Category":"Filtering Platform Connection","port":49730,"ProviderGuid":"{54849625-5478-4994-A5BA-3E3B0328C30D}","Application":"\\device\\harddiskvolume2\\windows\\system32\\svchost.exe","EventID":5156,"EventType":"AUDIT_SUCCESS","Direction":"%%14593","DestAddress":"23.67.84.128","SourcePort":"51550","SourceName":"Microsoft-Windows-Security-Auditing","OpcodeValue":0,"Message":"The Windows Filtering Platform has permitted a connection.\r\n\r\nApplication Information:\r\n\tProcess ID:\t\t5064\r\n\tApplication Name:\t\\device\\harddiskvolume2\\windows\\system32\\svchost.exe\r\n\r\nNetwork Information:\r\n\tDirection:\t\tOutbound\r\n\tSource Address:\t\t172.18.39.100\r\n\tSource Port:\t\t51550\r\n\tDestination Address:\t23.67.84.128\r\n\tDestination Port:\t\t443\r\n\tProtocol:\t\t6\r\n\r\nFilter Information:\r\n\tFilter Run-Time ID:\t67260\r\n\tLayer Name:\t\tConnect\r\n\tLayer Run-Time ID:\t48","LayerName":"%%14611","Task":12810,"Severity":"INFO","Keywords":-9214364837600034816,"LayerRTID":"48","@timestamp":"2019-12-05T04:47:39.081Z","EventTime":"2019-12-04 23:47:37","SeverityValue":2,"ProcessID":4,"ThreadID":6448,"Opcode":"Info","Protocol":"6","RemoteUserID":"S-1-0-0","SourceModuleType":"im_msvistalog","Hostname":"ACCT001.shire.com","SourceModuleName":"eventlog","FilterRTID":"67260","@version":"1"}
{"Version":1,"EventReceivedTime":"2019-12-04 23:47:39","SourceAddress":"172.18.39.5","type":"nxlog-mordor","DestPort":"53","host":"ip-172-18-39-102.ec2.internal","Channel":"Security","RemoteMachineID":"S-1-0-0","RecordNumber":88575,"Category":"Filtering Platform Connection","port":49730,"ProviderGuid":"{54849625-5478-4994-A5BA-3E3B0328C30D}","Application":"\\device\\harddiskvolume1\\windows\\system32\\dns.exe","EventID":5156,"EventType":"AUDIT_SUCCESS","Direction":"%%14593","DestAddress":"172.18.0.2","SourcePort":"59918","SourceName":"Microsoft-Windows-Security-Auditing","OpcodeValue":0,"Message":"The Windows Filtering Platform has permitted a connection.\r\n\r\nApplication Information:\r\n\tProcess ID:\t\t3068\r\n\tApplication Name:\t\\device\\harddiskvolume1\\windows\\system32\\dns.exe\r\n\r\nNetwork Information:\r\n\tDirection:\t\tOutbound\r\n\tSource Address:\t\t172.18.39.5\r\n\tSource Port:\t\t59918\r\n\tDestination Address:\t172.18.0.2\r\n\tDestination Port:\t\t53\r\n\tProtocol:\t\t17\r\n\r\nFilter Information:\r\n\tFilter Run-Time ID:\t67455\r\n\tLayer Name:\t\tConnect\r\n\tLayer Run-Time ID:\t48","LayerName":"%%14611","Task":12810,"Severity":"INFO","Keywords":-9214364837600034816,"LayerRTID":"48","@timestamp":"2019-12-05T04:47:39.081Z","EventTime":"2019-12-04 23:47:37","SeverityValue":2,"ProcessID":4,"ThreadID":440,"Opcode":"Info","Protocol":"17","RemoteUserID":"S-1-0-0","SourceModuleType":"im_msvistalog","Hostname":"HFDC01.shire.com","SourceModuleName":"eventlog","FilterRTID":"67455","@version":"1"}
{"Version":3,"GrantedAccess":"0x1000","EventReceivedTime":"2019-12-04 23:47:39","type":"nxlog-mordor","SourceImage":"C:\\Windows\\system32\\svchost.exe","host":"ip-172-18-39-102.ec2.internal","Channel":"Microsoft-Windows-Sysmon/Operational","RecordNumber":102545,"SourceProcessId":"628","port":49730,"ProviderGuid":"{5770385F-C22A-43E0-BF4C-06F5698FFBD9}","CallTrace":"C:\\Windows\\SYSTEM32\\ntdll.dll+9fc24|C:\\Windows\\System32\\KERNELBASE.dll+6bcc5|c:\\windows\\system32\\lsm.dll+e575|C:\\Windows\\System32\\RPCRT4.dll+77823|C:\\Windows\\System32\\RPCRT4.dll+db4a6|C:\\Windows\\System32\\RPCRT4.dll+10d20|C:\\Windows\\System32\\RPCRT4.dll+54a38|C:\\Windows\\System32\\RPCRT4.dll+304b0|C:\\Windows\\System32\\RPCRT4.dll+2fe5b|C:\\Windows\\System32\\RPCRT4.dll+221ff|C:\\Windows\\System32\\RPCRT4.dll+2165a|C:\\Windows\\System32\\RPCRT4.dll+20c21|C:\\Windows\\System32\\RPCRT4.dll+20692|C:\\Windows\\System32\\RPCRT4.dll+17465|C:\\Windows\\SYSTEM32\\ntdll.dll+4f4c0|C:\\Windows\\SYSTEM32\\ntdll.dll+50348|C:\\Windows\\System32\\KERNEL32.DLL+17974|C:\\Windows\\SYSTEM32\\ntdll.dll+6a271","EventID":10,"EventType":"INFO","TargetProcessGUID":"{d14e8c55-47b8-5de8-0000-001047020100}","UtcTime":"2019-12-05 04:47:38.731","UserID":"S-1-5-18","SourceThreadId":"4196","SourceName":"Microsoft-Windows-Sysmon","Domain":"NT AUTHORITY","AccountType":"User","OpcodeValue":0,"Message":"Process accessed:\r\nRuleName: \r\nUtcTime: 2019-12-05 04:47:38.731\r\nSourceProcessGUID: {d14e8c55-47b8-5de8-0000-00105eb80000}\r\nSourceProcessId: 628\r\nSourceThreadId: 4196\r\nSourceImage: C:\\Windows\\system32\\svchost.exe\r\nTargetProcessGUID: {d14e8c55-47b8-5de8-0000-001047020100}\r\nTargetProcessId: 1468\r\nTargetImage: C:\\Windows\\System32\\svchost.exe\r\nGrantedAccess: 0x1000\r\nCallTrace: C:\\Windows\\SYSTEM32\\ntdll.dll+9fc24|C:\\Windows\\System32\\KERNELBASE.dll+6bcc5|c:\\windows\\system32\\lsm.dll+e575|C:\\Windows\\System32\\RPCRT4.dll+77823|C:\\Windows\\System32\\RPCRT4.dll+db4a6|C:\\Windows\\System32\\RPCRT4.dll+10d20|C:\\Windows\\System32\\RPCRT4.dll+54a38|C:\\Windows\\System32\\RPCRT4.dll+304b0|C:\\Windows\\System32\\RPCRT4.dll+2fe5b|C:\\Windows\\System32\\RPCRT4.dll+221ff|C:\\Windows\\System32\\RPCRT4.dll+2165a|C:\\Windows\\System32\\RPCRT4.dll+20c21|C:\\Windows\\System32\\RPCRT4.dll+20692|C:\\Windows\\System32\\RPCRT4.dll+17465|C:\\Windows\\SYSTEM32\\ntdll.dll+4f4c0|C:\\Windows\\SYSTEM32\\ntdll.dll+50348|C:\\Windows\\System32\\KERNEL32.DLL+17974|C:\\Windows\\SYSTEM32\\ntdll.dll+6a271","Task":10,"Severity":"INFO","Keywords":-9223372036854775808,"@timestamp":"2019-12-05T04:47:39.083Z","EventTime":"2019-12-04 23:47:38","SeverityValue":2,"ProcessID":2644,"ThreadID":3664,"AccountName":"SYSTEM","TargetImage":"C:\\Windows\\System32\\svchost.exe","SourceModuleType":"im_msvistalog","Hostname":"HFDC01.shire.com","SourceModuleName":"eventlog","SourceProcessGUID":"{d14e8c55-47b8-5de8-0000-00105eb80000}","TargetProcessId":"1468","@version":"1"}
{"Version":3,"GrantedAccess":"0x1000","EventReceivedTime":"2019-12-04 23:47:39","type":"nxlog-mordor","SourceImage":"C:\\Windows\\system32\\svchost.exe","host":"ip-172-18-39-102.ec2.internal","Channel":"Microsoft-Windows-Sysmon/Operational","RecordNumber":102549,"SourceProcessId":"628","port":49730,"ProviderGuid":"{5770385F-C22A-43E0-BF4C-06F5698FFBD9}","CallTrace":"C:\\Windows\\SYSTEM32\\ntdll.dll+9fc24|C:\\Windows\\System32\\KERNELBASE.dll+6bcc5|c:\\windows\\system32\\lsm.dll+ebf0|C:\\Windows\\System32\\RPCRT4.dll+77823|C:\\Windows\\System32\\RPCRT4.dll+db4a6|C:\\Windows\\System32\\RPCRT4.dll+10d20|C:\\Windows\\System32\\RPCRT4.dll+54a38|C:\\Windows\\System32\\RPCRT4.dll+304b0|C:\\Windows\\System32\\RPCRT4.dll+2fe5b|C:\\Windows\\System32\\RPCRT4.dll+221ff|C:\\Windows\\System32\\RPCRT4.dll+2165a|C:\\Windows\\System32\\RPCRT4.dll+20c21|C:\\Windows\\System32\\RPCRT4.dll+20692|C:\\Windows\\System32\\RPCRT4.dll+17465|C:\\Windows\\SYSTEM32\\ntdll.dll+4f4c0|C:\\Windows\\SYSTEM32\\ntdll.dll+50348|C:\\Windows\\System32\\KERNEL32.DLL+17974|C:\\Windows\\SYSTEM32\\ntdll.dll+6a271","EventID":10,"EventType":"INFO","TargetProcessGUID":"{d14e8c55-47b8-5de8-0000-001047020100}","UtcTime":"2019-12-05 04:47:38.731","UserID":"S-1-5-18","SourceThreadId":"4196","SourceName":"Microsoft-Windows-Sysmon","Domain":"NT AUTHORITY","AccountType":"User","OpcodeValue":0,"Message":"Process accessed:\r\nRuleName: \r\nUtcTime: 2019-12-05 04:47:38.731\r\nSourceProcessGUID: {d14e8c55-47b8-5de8-0000-00105eb80000}\r\nSourceProcessId: 628\r\nSourceThreadId: 4196\r\nSourceImage: C:\\Windows\\system32\\svchost.exe\r\nTargetProcessGUID: {d14e8c55-47b8-5de8-0000-001047020100}\r\nTargetProcessId: 1468\r\nTargetImage: C:\\Windows\\System32\\svchost.exe\r\nGrantedAccess: 0x1000\r\nCallTrace: C:\\Windows\\SYSTEM32\\ntdll.dll+9fc24|C:\\Windows\\System32\\KERNELBASE.dll+6bcc5|c:\\windows\\system32\\lsm.dll+ebf0|C:\\Windows\\System32\\RPCRT4.dll+77823|C:\\Windows\\System32\\RPCRT4.dll+db4a6|C:\\Windows\\System32\\RPCRT4.dll+10d20|C:\\Windows\\System32\\RPCRT4.dll+54a38|C:\\Windows\\System32\\RPCRT4.dll+304b0|C:\\Windows\\System32\\RPCRT4.dll+2fe5b|C:\\Windows\\System32\\RPCRT4.dll+221ff|C:\\Windows\\System32\\RPCRT4.dll+2165a|C:\\Windows\\System32\\RPCRT4.dll+20c21|C:\\Windows\\System32\\RPCRT4.dll+20692|C:\\Windows\\System32\\RPCRT4.dll+17465|C:\\Windows\\SYSTEM32\\ntdll.dll+4f4c0|C:\\Windows\\SYSTEM32\\ntdll.dll+50348|C:\\Windows\\System32\\KERNEL32.DLL+17974|C:\\Windows\\SYSTEM32\\ntdll.dll+6a271","Task":10,"Severity":"INFO","Keywords":-9223372036854775808,"@timestamp":"2019-12-05T04:47:39.084Z","EventTime":"2019-12-04 23:47:38","SeverityValue":2,"ProcessID":2644,"ThreadID":3664,"AccountName":"SYSTEM","TargetImage":"C:\\Windows\\System32\\svchost.exe","SourceModuleType":"im_msvistalog","Hostname":"HFDC01.shire.com","SourceModuleName":"eventlog","SourceProcessGUID":"{d14e8c55-47b8-5de8-0000-00105eb80000}","TargetProcessId":"1468","@version":"1"}
