{"@version":"1","EventType":"AUDIT_SUCCESS","ThreadID":96,"ObjectName":"\\REGISTRY\\MACHINE\\SOFTWARE\\Microsoft\\.NETFramework","ObjectType":"Key","Channel":"Security","OpcodeValue":0,"SubjectDomainName":"THESHIRE","Hostname":"MORDORDC.theshire.local","@timestamp":"2020-08-06T07:20:08.902Z","Category":"Registry","AccessMask":"0x20019","ProcessId":"0x1918","AccessList":"%%1538\r\n\t\t\t\t%%4432\r\n\t\t\t\t%%4435\r\n\t\t\t\t%%4436\r\n\t\t\t\t","ProcessName":"C:\\WindowsAzure\\Packages\\CollectGuestLogs.exe","ResourceAttributes":"-","host":"wec.internal.cloudapp.net","SubjectUserName":"MORDORDC$","Severity":"INFO","SeverityValue":2,"SourceModuleType":"im_msvistalog","TransactionId":"{00000000-0000-0000-0000-000000000000}","SubjectLogonId":"0x3e7","Version":1,"EventTime":"2020-08-06 03:20:07","Task":12801,"AccessReason":"-","PrivilegeList":"-","SourceName":"Microsoft-Windows-Security-Auditing","Opcode":"Info","Message":"A handle to an object was requested.\r\n\r\nSubject:\r\n\tSecurity ID:\t\tS-1-5-18\r\n\tAccount Name:\t\tMORDORDC$\r\n\tAccount Domain:\t\tTHESHIRE\r\n\tLogon ID:\t\t0x3E7\r\n\r\nObject:\r\n\tObject Server:\t\tSecurity\r\n\tObject Type:\t\tKey\r\n\tObject Name:\t\t\\REGISTRY\\MACHINE\\SOFTWARE\\Microsoft\\.NETFramework\r\n\tHandle ID:\t\t0x94\r\n\tResource Attributes:\t-\r\n\r\nProcess Information:\r\n\tProcess ID:\t\t0x1918\r\n\tProcess Name:\t\tC:\\WindowsAzure\\Packages\\CollectGuestLogs.exe\r\n\r\nAccess Request Information:\r\n\tTransaction ID:\t\t{00000000-0000-0000-0000-000000000000}\r\n\tAccesses:\t\tREAD_CONTROL\r\n\t\t\t\tQuery key value\r\n\t\t\t\tEnumerate sub-keys\r\n\t\t\t\tNotify about changes to keys\r\n\t\t\t\t\r\n\tAccess Reasons:\t\t-\r\n\tAccess Mask:\t\t0x20019\r\n\tPrivileges Used for Access Check:\t-\r\n\tRestricted SID Count:\t0","SourceModuleName":"eventlog","EventReceivedTime":"2020-08-06 03:20:08","port":60122,"RestrictedSidCount":"0","ExecutionProcessID":4,"ObjectServer":"Security","SubjectUserSid":"S-1-5-18","HandleId":"0x94","EventID":4656,"ProviderGuid":"{54849625-5478-4994-A5BA-3E3B0328C30D}","RecordNumber":325176,"Keywords":-9214364837600034816,"tags":["mordorDataset"]}
{"@version":"1","EventType":"INFO","AccountType":"User","ThreadID":4208,"Channel":"Microsoft-Windows-Sysmon/Operational","OpcodeValue":0,"OriginalFileName":"msvcrt.dll","Hostname":"MORDORDC.theshire.local","@timestamp":"2020-08-06T07:20:08.903Z","ProcessId":"5888","Signed":"true","host":"wec.internal.cloudapp.net","SignatureStatus":"Valid","Severity":"INFO","SeverityValue":2,"Image":"C:\\Windows\\System32\\conhost.exe","SourceModuleType":"im_msvistalog","FileVersion":"7.0.17763.475 (WinBuild.160101.0800)","Version":3,"Company":"Microsoft Corporation","EventTime":"2020-08-06 03:20:07","Task":7,"Signature":"Microsoft Windows","SourceName":"Microsoft-Windows-Sysmon","Message":"Image loaded:\r\nRuleName: -\r\nUtcTime: 2020-08-06 07:20:07.634\r\nProcessGuid: {9f85ce58-af27-5f2b-1c04-000000000400}\r\nProcessId: 5888\r\nImage: C:\\Windows\\System32\\conhost.exe\r\nImageLoaded: C:\\Windows\\System32\\msvcrt.dll\r\nFileVersion: 7.0.17763.475 (WinBuild.160101.0800)\r\nDescription: Windows NT CRT DLL\r\nProduct: Microsoft® Windows® Operating System\r\nCompany: Microsoft Corporation\r\nOriginalFileName: msvcrt.dll\r\nHashes: SHA1=ECA51F7D37874CF1029BC2FE3B0CF0E8CDF71E8E,MD5=DD0349151478B48FFCE769B50F8CDD33,SHA256=39095FE07AC2E244E2180C58BEC2898A0986DDA2BD2ABBC4F739D11E67720F2E,IMPHASH=1273683626EBBA703979F188A1E64237\r\nSigned: true\r\nSignature: Microsoft Windows\r\nSignatureStatus: Valid","SourceModuleName":"eventlog","ImageLoaded":"C:\\Windows\\System32\\msvcrt.dll","EventReceivedTime":"2020-08-06 03:20:08","port":60122,"AccountName":"SYSTEM","UtcTime":"2020-08-06 07:20:07.634","Domain":"NT AUTHORITY","ExecutionProcessID":3888,"Hashes":"SHA1=ECA51F7D37874CF1029BC2FE3B0CF0E8CDF71E8E,MD5=DD0349151478B48FFCE769B50F8CDD33,SHA256=39095FE07AC2E244E2180C58BEC2898A0986DDA2BD2ABBC4F739D11E67720F2E,IMPHASH=1273683626EBBA703979F188A1E64237","Description":"Windows NT CRT DLL","UserID":"S-1-5-18","EventID":7,"Product":"Microsoft® Windows® Operating System","ProviderGuid":"{5770385F-C22A-43E0-BF4C-06F5698FFBD9}","RecordNumber":280807,"Keywords":-9223372036854775808,"ProcessGuid":"{9f85ce58-af27-5f2b-1c04-000000000400}","tags":["mordorDataset"],"RuleName":"-"}
{"SubjectLogonId":"0x3e7","@version":"1","EventType":"AUDIT_SUCCESS","Version":0,"ThreadID":96,"EventTime":"2020-08-06 03:20:07","Task":12801,"Channel":"Security","SourceName":"Microsoft-Windows-Security-Auditing","OpcodeValue":0,"Hostname":"MORDORDC.theshire.local","@timestamp":"2020-08-06T07:20:08.903Z","Message":"The handle to an object was closed.\r\n\r\nSubject :\r\n\tSecurity ID:\t\tS-1-5-18\r\n\tAccount Name:\t\tMORDORDC$\r\n\tAccount Domain:\t\tTHESHIRE\r\n\tLogon ID:\t\t0x3E7\r\n\r\nObject:\r\n\tObject Server:\t\tSecurity\r\n\tHandle ID:\t\t0x94\r\n\r\nProcess Information:\r\n\tProcess ID:\t\t0x1918\r\n\tProcess Name:\t\tC:\\WindowsAzure\\Packages\\CollectGuestLogs.exe","Category":"Registry","Opcode":"Info","SubjectDomainName":"THESHIRE","SourceModuleName":"eventlog","ProcessId":"0x1918","EventReceivedTime":"2020-08-06 03:20:08","port":60122,"ExecutionProcessID":4,"ProcessName":"C:\\WindowsAzure\\Packages\\CollectGuestLogs.exe","ObjectServer":"Security","host":"wec.internal.cloudapp.net","SubjectUserSid":"S-1-5-18","SubjectUserName":"MORDORDC$","HandleId":"0x94","Severity":"INFO","SeverityValue":2,"EventID":4658,"ProviderGuid":"{54849625-5478-4994-A5BA-3E3B0328C30D}","RecordNumber":325177,"SourceModuleType":"im_msvistalog","Keywords":-9214364837600034816,"tags":["mordorDataset"]}
{"@version":"1","EventType":"INFO","AccountType":"User","ThreadID":4208,"Channel":"Microsoft-Windows-Sysmon/Operational","OpcodeValue":0,"OriginalFileName":"rpcrt4.dll","Hostname":"MORDORDC.theshire.local","@timestamp":"2020-08-06T07:20:08.903Z","ProcessId":"5888","Signed":"true","host":"wec.internal.cloudapp.net","SignatureStatus":"Valid","Severity":"INFO","SeverityValue":2,"Image":"C:\\Windows\\System32\\conhost.exe","SourceModuleType":"im_msvistalog","FileVersion":"10.0.17763.864 (WinBuild.160101.0800)","Version":3,"Company":"Microsoft Corporation","EventTime":"2020-08-06 03:20:07","Task":7,"Signature":"Microsoft Windows","SourceName":"Microsoft-Windows-Sysmon","Message":"Image loaded:\r\nRuleName: -\r\nUtcTime: 2020-08-06 07:20:07.634\r\nProcessGuid: {9f85ce58-af27-5f2b-1c04-000000000400}\r\nProcessId: 5888\r\nImage: C:\\Windows\\System32\\conhost.exe\r\nImageLoaded: C:\\Windows\\System32\\rpcrt4.dll\r\nFileVersion: 10.0.17763.864 (WinBuild.160101.0800)\r\nDescription: Remote Procedure Call Runtime\r\nProduct: Microsoft® Windows® Operating System\r\nCompany: Microsoft Corporation\r\nOriginalFileName: rpcrt4.dll\r\nHashes: SHA1=D71E2557D4A125514794871DC51047E039A05651,MD5=9699096051EBD27FF96F80D3615C2F7D,SHA256=116AA6DF4D985F5E2D989DFE594D96DAA7555AA3D8B68322F00BCD21667EAB95,IMPHASH=88E7E7C7FA90052EC162DD37F2B7C7BD\r\nSigned: true\r\nSignature: Microsoft Windows\r\nSignatureStatus: Valid","SourceModuleName":"eventlog","ImageLoaded":"C:\\Windows\\System32\\rpcrt4.dll","EventReceivedTime":"2020-08-06 03:20:08","port":60122,"AccountName":"SYSTEM","UtcTime":"2020-08-06 07:20:07.634","Domain":"NT AUTHORITY","ExecutionProcessID":3888,"Hashes":"SHA1=D71E2557D4A125514794871DC51047E039A05651,MD5=9699096051EBD27FF96F80D3615C2F7D,SHA256=116AA6DF4D985F5E2D989DFE594D96DAA7555AA3D8B68322F00BCD21667EAB95,IMPHASH=88E7E7C7FA90052EC162DD37F2B7C7BD","Description":"Remote Procedure Call Runtime","UserID":"S-1-5-18","EventID":7,"Product":"Microsoft® Windows® Operating System","ProviderGuid":"{5770385F-C22A-43E0-BF4C-06F5698FFBD9}","RecordNumber":280808,"Keywords":-9223372036854775808,"ProcessGuid":"{9f85ce58-af27-5f2b-1c04-000000000400}","tags":["mordorDataset"],"RuleName":"-"}
{"SubjectLogonId":"0x3e7","@version":"1","EventType":"AUDIT_SUCCESS","SourceHandleId":"0x90","Version":0,"ThreadID":96,"EventTime":"2020-08-06 03:20:07","Task":12807,"Channel":"Security","SourceName":"Microsoft-Windows-Security-Auditing","OpcodeValue":0,"Hostname":"MORDORDC.theshire.local","@timestamp":"2020-08-06T07:20:08.904Z","Message":"An attempt was made to duplicate a handle to an object.\r\n\r\nSubject:\r\n\tSecurity ID:\t\tS-1-5-18\r\n\tAccount Name:\t\tMORDORDC$\r\n\tAccount Domain:\t\tTHESHIRE\r\n\tLogon ID:\t\t0x3E7\r\n\r\nSource Handle Information:\r\n\tSource Handle ID:\t0x90\r\n\tSource Process ID:\t0x1918\r\n\r\nNew Handle Information:\r\n\tTarget Handle ID:\t0x2288\r\n\tTarget Process ID:\t0x4","Category":"Handle Manipulation","Opcode":"Info","SubjectDomainName":"THESHIRE","SourceModuleName":"eventlog","ProcessId":"0x1918","EventReceivedTime":"2020-08-06 03:20:08","port":60122,"ExecutionProcessID":4,"host":"wec.internal.cloudapp.net","SubjectUserSid":"S-1-5-18","SubjectUserName":"MORDORDC$","SourceProcessId":"0x1918","Severity":"INFO","TargetProcessId":"0x4","SeverityValue":2,"EventID":4690,"TargetHandleId":"0x2288","ProviderGuid":"{54849625-5478-4994-A5BA-3E3B0328C30D}","RecordNumber":325178,"SourceModuleType":"im_msvistalog","Keywords":-9214364837600034816,"tags":["mordorDataset"]}
{"@version":"1","EventType":"INFO","AccountType":"User","ThreadID":4208,"Channel":"Microsoft-Windows-Sysmon/Operational","OpcodeValue":0,"OriginalFileName":"COMBASE.DLL","Hostname":"MORDORDC.theshire.local","@timestamp":"2020-08-06T07:20:08.904Z","ProcessId":"5888","Signed":"true","host":"wec.internal.cloudapp.net","SignatureStatus":"Valid","Severity":"INFO","SeverityValue":2,"Image":"C:\\Windows\\System32\\conhost.exe","SourceModuleType":"im_msvistalog","FileVersion":"10.0.17763.1282 (WinBuild.160101.0800)","Version":3,"Company":"Microsoft Corporation","EventTime":"2020-08-06 03:20:07","Task":7,"Signature":"Microsoft Windows","SourceName":"Microsoft-Windows-Sysmon","Message":"Image loaded:\r\nRuleName: -\r\nUtcTime: 2020-08-06 07:20:07.634\r\nProcessGuid: {9f85ce58-af27-5f2b-1c04-000000000400}\r\nProcessId: 5888\r\nImage: C:\\Windows\\System32\\conhost.exe\r\nImageLoaded: C:\\Windows\\System32\\combase.dll\r\nFileVersion: 10.0.17763.1282 (WinBuild.160101.0800)\r\nDescription: Microsoft COM for Windows\r\nProduct: Microsoft® Windows® Operating System\r\nCompany: Microsoft Corporation\r\nOriginalFileName: COMBASE.DLL\r\nHashes: SHA1=FBE00DD00A37B43B06EFE2C1CDE3F2992B314F4F,MD5=375B06A164C86042D20AFBCCE470C3E1,SHA256=401BB487A2B1E5DD2B9880147415B20CC79640FEB72EB40B99B37F0BC431296E,IMPHASH=6227A283EC0EEFEF0EBEDC9A50BD42F5\r\nSigned: true\r\nSignature: Microsoft Windows\r\nSignatureStatus: Valid","SourceModuleName":"eventlog","ImageLoaded":"C:\\Windows\\System32\\combase.dll","EventReceivedTime":"2020-08-06 03:20:08","port":60122,"AccountName":"SYSTEM","UtcTime":"2020-08-06 07:20:07.634","Domain":"NT AUTHORITY","ExecutionProcessID":3888,"Hashes":"SHA1=FBE00DD00A37B43B06EFE2C1CDE3F2992B314F4F,MD5=375B06A164C86042D20AFBCCE470C3E1,SHA256=401BB487A2B1E5DD2B9880147415B20CC79640FEB72EB40B99B37F0BC431296E,IMPHASH=6227A283EC0EEFEF0EBEDC9A50BD42F5","Description":"Microsoft COM for Windows","UserID":"S-1-5-18","EventID":7,"Product":"Microsoft® Windows® Operating System","ProviderGuid":"{5770385F-C22A-43E0-BF4C-06F5698FFBD9}","RecordNumber":280809,"Keywords":-9223372036854775808,"ProcessGuid":"{9f85ce58-af27-5f2b-1c04-000000000400}","tags":["mordorDataset"],"RuleName":"-"}
{"SubjectLogonId":"0x3e7","@version":"1","EventType":"AUDIT_SUCCESS","Version":0,"ThreadID":96,"EventTime":"2020-08-06 03:20:07","Task":12801,"Channel":"Security","SourceName":"Microsoft-Windows-Security-Auditing","OpcodeValue":0,"Hostname":"MORDORDC.theshire.local","@timestamp":"2020-08-06T07:20:08.904Z","Message":"The handle to an object was closed.\r\n\r\nSubject :\r\n\tSecurity ID:\t\tS-1-5-18\r\n\tAccount Name:\t\tMORDORDC$\r\n\tAccount Domain:\t\tTHESHIRE\r\n\tLogon ID:\t\t0x3E7\r\n\r\nObject:\r\n\tObject Server:\t\tSecurity\r\n\tHandle ID:\t\t0x2288\r\n\r\nProcess Information:\r\n\tProcess ID:\t\t0x1918\r\n\tProcess Name:\t\tC:\\WindowsAzure\\Packages\\CollectGuestLogs.exe","Category":"Registry","Opcode":"Info","SubjectDomainName":"THESHIRE","SourceModuleName":"eventlog","ProcessId":"0x1918","EventReceivedTime":"2020-08-06 03:20:08","port":60122,"ExecutionProcessID":4,"ProcessName":"C:\\WindowsAzure\\Packages\\CollectGuestLogs.exe","ObjectServer":"Security","host":"wec.internal.cloudapp.net","SubjectUserSid":"S-1-5-18","SubjectUserName":"MORDORDC$","HandleId":"0x2288","Severity":"INFO","SeverityValue":2,"EventID":4658,"ProviderGuid":"{54849625-5478-4994-A5BA-3E3B0328C30D}","RecordNumber":325179,"SourceModuleType":"im_msvistalog","Keywords":-9214364837600034816,"tags":["mordorDataset"]}
{"@version":"1","EventType":"INFO","AccountType":"User","ThreadID":4208,"Channel":"Microsoft-Windows-Sysmon/Operational","OpcodeValue":0,"OriginalFileName":"bcryptprimitives.dll","Hostname":"MORDORDC.theshire.local","@timestamp":"2020-08-06T07:20:08.904Z","ProcessId":"5888","Signed":"true","host":"wec.internal.cloudapp.net","SignatureStatus":"Valid","Severity":"INFO","SeverityValue":2,"Image":"C:\\Windows\\System32\\conhost.exe","SourceModuleType":"im_msvistalog","FileVersion":"10.0.17763.1217 (WinBuild.160101.0800)","Version":3,"Company":"Microsoft Corporation","EventTime":"2020-08-06 03:20:07","Task":7,"Signature":"Microsoft Windows","SourceName":"Microsoft-Windows-Sysmon","Message":"Image loaded:\r\nRuleName: -\r\nUtcTime: 2020-08-06 07:20:07.634\r\nProcessGuid: {9f85ce58-af27-5f2b-1c04-000000000400}\r\nProcessId: 5888\r\nImage: C:\\Windows\\System32\\conhost.exe\r\nImageLoaded: C:\\Windows\\System32\\bcryptprimitives.dll\r\nFileVersion: 10.0.17763.1217 (WinBuild.160101.0800)\r\nDescription: Windows Cryptographic Primitives Library\r\nProduct: Microsoft® Windows® Operating System\r\nCompany: Microsoft Corporation\r\nOriginalFileName: bcryptprimitives.dll\r\nHashes: SHA1=9246070D775679AC5859F254C263596AF5ABBA19,MD5=153A92B4CCC58BA42DA1A7EC2375BA84,SHA256=47DDEAC6F08307DB378E88A946D6A390F0B7AFEDB586487C4F74F609C6373F28,IMPHASH=402DA460E2AC467F4489C588A9941032\r\nSigned: true\r\nSignature: Microsoft Windows\r\nSignatureStatus: Valid","SourceModuleName":"eventlog","ImageLoaded":"C:\\Windows\\System32\\bcryptprimitives.dll","EventReceivedTime":"2020-08-06 03:20:08","port":60122,"AccountName":"SYSTEM","UtcTime":"2020-08-06 07:20:07.634","Domain":"NT AUTHORITY","ExecutionProcessID":3888,"Hashes":"SHA1=9246070D775679AC5859F254C263596AF5ABBA19,MD5=153A92B4CCC58BA42DA1A7EC2375BA84,SHA256=47DDEAC6F08307DB378E88A946D6A390F0B7AFEDB586487C4F74F609C6373F28,IMPHASH=402DA460E2AC467F4489C588A9941032","Description":"Windows Cryptographic Primitives Library","UserID":"S-1-5-18","EventID":7,"Product":"Microsoft® Windows® Operating System","ProviderGuid":"{5770385F-C22A-43E0-BF4C-06F5698FFBD9}","RecordNumber":280810,"Keywords":-9223372036854775808,"ProcessGuid":"{9f85ce58-af27-5f2b-1c04-000000000400}","tags":["mordorDataset"],"RuleName":"-"}
{"@version":"1","EventType":"AUDIT_SUCCESS","ThreadID":96,"ObjectName":"\\REGISTRY\\MACHINE\\SOFTWARE\\Microsoft\\.NETFramework","ObjectType":"Key","Channel":"Security","OpcodeValue":0,"SubjectDomainName":"THESHIRE","Hostname":"MORDORDC.theshire.local","@timestamp":"2020-08-06T07:20:08.904Z","Category":"Registry","AccessMask":"0x20019","ProcessId":"0x1918","AccessList":"%%1538\r\n\t\t\t\t%%4432\r\n\t\t\t\t%%4435\r\n\t\t\t\t%%4436\r\n\t\t\t\t","ProcessName":"C:\\WindowsAzure\\Packages\\CollectGuestLogs.exe","ResourceAttributes":"-","host":"wec.internal.cloudapp.net","SubjectUserName":"MORDORDC$","Severity":"INFO","SeverityValue":2,"SourceModuleType":"im_msvistalog","TransactionId":"{00000000-0000-0000-0000-000000000000}","SubjectLogonId":"0x3e7","Version":1,"EventTime":"2020-08-06 03:20:07","Task":12801,"AccessReason":"-","PrivilegeList":"-","SourceName":"Microsoft-Windows-Security-Auditing","Opcode":"Info","Message":"A handle to an object was requested.\r\n\r\nSubject:\r\n\tSecurity ID:\t\tS-1-5-18\r\n\tAccount Name:\t\tMORDORDC$\r\n\tAccount Domain:\t\tTHESHIRE\r\n\tLogon ID:\t\t0x3E7\r\n\r\nObject:\r\n\tObject Server:\t\tSecurity\r\n\tObject Type:\t\tKey\r\n\tObject Name:\t\t\\REGISTRY\\MACHINE\\SOFTWARE\\Microsoft\\.NETFramework\r\n\tHandle ID:\t\t0x90\r\n\tResource Attributes:\t-\r\n\r\nProcess Information:\r\n\tProcess ID:\t\t0x1918\r\n\tProcess Name:\t\tC:\\WindowsAzure\\Packages\\CollectGuestLogs.exe\r\n\r\nAccess Request Information:\r\n\tTransaction ID:\t\t{00000000-0000-0000-0000-000000000000}\r\n\tAccesses:\t\tREAD_CONTROL\r\n\t\t\t\tQuery key value\r\n\t\t\t\tEnumerate sub-keys\r\n\t\t\t\tNotify about changes to keys\r\n\t\t\t\t\r\n\tAccess Reasons:\t\t-\r\n\tAccess Mask:\t\t0x20019\r\n\tPrivileges Used for Access Check:\t-\r\n\tRestricted SID Count:\t0","SourceModuleName":"eventlog","EventReceivedTime":"2020-08-06 03:20:08","port":60122,"RestrictedSidCount":"0","ExecutionProcessID":4,"ObjectServer":"Security","SubjectUserSid":"S-1-5-18","HandleId":"0x90","EventID":4656,"ProviderGuid":"{54849625-5478-4994-A5BA-3E3B0328C30D}","RecordNumber":325180,"Keywords":-9214364837600034816,"tags":["mordorDataset"]}
{"@version":"1","EventType":"INFO","AccountType":"User","ThreadID":4208,"Channel":"Microsoft-Windows-Sysmon/Operational","OpcodeValue":0,"OriginalFileName":"advapi32.dll","Hostname":"MORDORDC.theshire.local","@timestamp":"2020-08-06T07:20:08.905Z","ProcessId":"5888","Signed":"true","host":"wec.internal.cloudapp.net","SignatureStatus":"Valid","Severity":"INFO","SeverityValue":2,"Image":"C:\\Windows\\System32\\conhost.exe","SourceModuleType":"im_msvistalog","FileVersion":"10.0.17763.1131 (WinBuild.160101.0800)","Version":3,"Company":"Microsoft Corporation","EventTime":"2020-08-06 03:20:07","Task":7,"Signature":"Microsoft Windows","SourceName":"Microsoft-Windows-Sysmon","Message":"Image loaded:\r\nRuleName: -\r\nUtcTime: 2020-08-06 07:20:07.634\r\nProcessGuid: {9f85ce58-af27-5f2b-1c04-000000000400}\r\nProcessId: 5888\r\nImage: C:\\Windows\\System32\\conhost.exe\r\nImageLoaded: C:\\Windows\\System32\\advapi32.dll\r\nFileVersion: 10.0.17763.1131 (WinBuild.160101.0800)\r\nDescription: Advanced Windows 32 Base API\r\nProduct: Microsoft® Windows® Operating System\r\nCompany: Microsoft Corporation\r\nOriginalFileName: advapi32.dll\r\nHashes: SHA1=5C7EA03D7656EA690B668680BAC2A1A88329D781,MD5=268CCCE1619709DAB725ABFC5FD2AC07,SHA256=D6FCDDF7D6569425C470547B9E01FBB27363C12D42FE8409401E75647D6F2324,IMPHASH=3A220E81F7BE6E007402D394DD374042\r\nSigned: true\r\nSignature: Microsoft Windows\r\nSignatureStatus: Valid","SourceModuleName":"eventlog","ImageLoaded":"C:\\Windows\\System32\\advapi32.dll","EventReceivedTime":"2020-08-06 03:20:08","port":60122,"AccountName":"SYSTEM","UtcTime":"2020-08-06 07:20:07.634","Domain":"NT AUTHORITY","ExecutionProcessID":3888,"Hashes":"SHA1=5C7EA03D7656EA690B668680BAC2A1A88329D781,MD5=268CCCE1619709DAB725ABFC5FD2AC07,SHA256=D6FCDDF7D6569425C470547B9E01FBB27363C12D42FE8409401E75647D6F2324,IMPHASH=3A220E81F7BE6E007402D394DD374042","Description":"Advanced Windows 32 Base API","UserID":"S-1-5-18","EventID":7,"Product":"Microsoft® Windows® Operating System","ProviderGuid":"{5770385F-C22A-43E0-BF4C-06F5698FFBD9}","RecordNumber":280811,"Keywords":-9223372036854775808,"ProcessGuid":"{9f85ce58-af27-5f2b-1c04-000000000400}","tags":["mordorDataset"],"RuleName":"-"}
{"SubjectLogonId":"0x3e7","@version":"1","EventType":"AUDIT_SUCCESS","Version":0,"ThreadID":96,"EventTime":"2020-08-06 03:20:07","Task":12801,"Channel":"Security","SourceName":"Microsoft-Windows-Security-Auditing","OpcodeValue":0,"Hostname":"MORDORDC.theshire.local","@timestamp":"2020-08-06T07:20:08.909Z","Message":"The handle to an object was closed.\r\n\r\nSubject :\r\n\tSecurity ID:\t\tS-1-5-18\r\n\tAccount Name:\t\tMORDORDC$\r\n\tAccount Domain:\t\tTHESHIRE\r\n\tLogon ID:\t\t0x3E7\r\n\r\nObject:\r\n\tObject Server:\t\tSecurity\r\n\tHandle ID:\t\t0x90\r\n\r\nProcess Information:\r\n\tProcess ID:\t\t0x1918\r\n\tProcess Name:\t\tC:\\WindowsAzure\\Packages\\CollectGuestLogs.exe","Category":"Registry","Opcode":"Info","SubjectDomainName":"THESHIRE","SourceModuleName":"eventlog","ProcessId":"0x1918","EventReceivedTime":"2020-08-06 03:20:08","port":60122,"ExecutionProcessID":4,"ProcessName":"C:\\WindowsAzure\\Packages\\CollectGuestLogs.exe","ObjectServer":"Security","host":"wec.internal.cloudapp.net","SubjectUserSid":"S-1-5-18","SubjectUserName":"MORDORDC$","HandleId":"0x90","Severity":"INFO","SeverityValue":2,"EventID":4658,"ProviderGuid":"{54849625-5478-4994-A5BA-3E3B0328C30D}","RecordNumber":325181,"SourceModuleType":"im_msvistalog","Keywords":-9214364837600034816,"tags":["mordorDataset"]}
{"@version":"1","EventType":"INFO","AccountType":"User","ThreadID":4208,"Channel":"Microsoft-Windows-Sysmon/Operational","OpcodeValue":0,"OriginalFileName":"sechost.dll","Hostname":"MORDORDC.theshire.local","@timestamp":"2020-08-06T07:20:08.909Z","ProcessId":"5888","Signed":"true","host":"wec.internal.cloudapp.net","SignatureStatus":"Valid","Severity":"INFO","SeverityValue":2,"Image":"C:\\Windows\\System32\\conhost.exe","SourceModuleType":"im_msvistalog","FileVersion":"10.0.17763.1339 (WinBuild.160101.0800)","Version":3,"Company":"Microsoft Corporation","EventTime":"2020-08-06 03:20:07","Task":7,"Signature":"Microsoft Windows","SourceName":"Microsoft-Windows-Sysmon","Message":"Image loaded:\r\nRuleName: -\r\nUtcTime: 2020-08-06 07:20:07.634\r\nProcessGuid: {9f85ce58-af27-5f2b-1c04-000000000400}\r\nProcessId: 5888\r\nImage: C:\\Windows\\System32\\conhost.exe\r\nImageLoaded: C:\\Windows\\System32\\sechost.dll\r\nFileVersion: 10.0.17763.1339 (WinBuild.160101.0800)\r\nDescription: Host for SCM/SDDL/LSA Lookup APIs\r\nProduct: Microsoft® Windows® Operating System\r\nCompany: Microsoft Corporation\r\nOriginalFileName: sechost.dll\r\nHashes: SHA1=4FD39AD714E1C93D887D5050DBF65495A291D803,MD5=270ED637DA8BDCF746828CE1FCA8D085,SHA256=8906B092E6247F10D2C1946083F5C220B93B8C22A23030BC75860844C22F35DC,IMPHASH=5F0CBFA31042EAEC032DAB6F4E97C1FD\r\nSigned: true\r\nSignature: Microsoft Windows\r\nSignatureStatus: Valid","SourceModuleName":"eventlog","ImageLoaded":"C:\\Windows\\System32\\sechost.dll","EventReceivedTime":"2020-08-06 03:20:08","port":60122,"AccountName":"SYSTEM","UtcTime":"2020-08-06 07:20:07.634","Domain":"NT AUTHORITY","ExecutionProcessID":3888,"Hashes":"SHA1=4FD39AD714E1C93D887D5050DBF65495A291D803,MD5=270ED637DA8BDCF746828CE1FCA8D085,SHA256=8906B092E6247F10D2C1946083F5C220B93B8C22A23030BC75860844C22F35DC,IMPHASH=5F0CBFA31042EAEC032DAB6F4E97C1FD","Description":"Host for SCM/SDDL/LSA Lookup APIs","UserID":"S-1-5-18","EventID":7,"Product":"Microsoft® Windows® Operating System","ProviderGuid":"{5770385F-C22A-43E0-BF4C-06F5698FFBD9}","RecordNumber":280812,"Keywords":-9223372036854775808,"ProcessGuid":"{9f85ce58-af27-5f2b-1c04-000000000400}","tags":["mordorDataset"],"RuleName":"-"}
{"SubjectLogonId":"0x3e7","@version":"1","EventType":"AUDIT_SUCCESS","SourceHandleId":"0x90","Version":0,"ThreadID":96,"EventTime":"2020-08-06 03:20:07","Task":12807,"Channel":"Security","SourceName":"Microsoft-Windows-Security-Auditing","OpcodeValue":0,"Hostname":"MORDORDC.theshire.local","@timestamp":"2020-08-06T07:20:08.909Z","Message":"An attempt was made to duplicate a handle to an object.\r\n\r\nSubject:\r\n\tSecurity ID:\t\tS-1-5-18\r\n\tAccount Name:\t\tMORDORDC$\r\n\tAccount Domain:\t\tTHESHIRE\r\n\tLogon ID:\t\t0x3E7\r\n\r\nSource Handle Information:\r\n\tSource Handle ID:\t0x90\r\n\tSource Process ID:\t0x1918\r\n\r\nNew Handle Information:\r\n\tTarget Handle ID:\t0x2288\r\n\tTarget Process ID:\t0x4","Category":"Handle Manipulation","Opcode":"Info","SubjectDomainName":"THESHIRE","SourceModuleName":"eventlog","ProcessId":"0x1918","EventReceivedTime":"2020-08-06 03:20:08","port":60122,"ExecutionProcessID":4,"host":"wec.internal.cloudapp.net","SubjectUserSid":"S-1-5-18","SubjectUserName":"MORDORDC$","SourceProcessId":"0x1918","Severity":"INFO","TargetProcessId":"0x4","SeverityValue":2,"EventID":4690,"TargetHandleId":"0x2288","ProviderGuid":"{54849625-5478-4994-A5BA-3E3B0328C30D}","RecordNumber":325182,"SourceModuleType":"im_msvistalog","Keywords":-9214364837600034816,"tags":["mordorDataset"]}
{"@version":"1","EventType":"INFO","AccountType":"User","ThreadID":4208,"Channel":"Microsoft-Windows-Sysmon/Operational","OpcodeValue":0,"OriginalFileName":"user32","Hostname":"MORDORDC.theshire.local","@timestamp":"2020-08-06T07:20:08.909Z","ProcessId":"5888","Signed":"true","host":"wec.internal.cloudapp.net","SignatureStatus":"Valid","Severity":"INFO","SeverityValue":2,"Image":"C:\\Windows\\System32\\conhost.exe","SourceModuleType":"im_msvistalog","FileVersion":"10.0.17763.1339 (WinBuild.160101.0800)","Version":3,"Company":"Microsoft Corporation","EventTime":"2020-08-06 03:20:07","Task":7,"Signature":"Microsoft Windows","SourceName":"Microsoft-Windows-Sysmon","Message":"Image loaded:\r\nRuleName: -\r\nUtcTime: 2020-08-06 07:20:07.649\r\nProcessGuid: {9f85ce58-af27-5f2b-1c04-000000000400}\r\nProcessId: 5888\r\nImage: C:\\Windows\\System32\\conhost.exe\r\nImageLoaded: C:\\Windows\\System32\\user32.dll\r\nFileVersion: 10.0.17763.1339 (WinBuild.160101.0800)\r\nDescription: Multi-User Windows USER API Client DLL\r\nProduct: Microsoft® Windows® Operating System\r\nCompany: Microsoft Corporation\r\nOriginalFileName: user32\r\nHashes: SHA1=E993BF3117D58CC5252173CE5F964EA2CB2741E9,MD5=E4AF62ADA39087A5721148236E825D9B,SHA256=963657826B798D0D20F3641032062BB9EA74BB7384C0CAFA64BFA1A2F3B5B15B,IMPHASH=D3A4F91CCC364A2DEC64676EE19600DE\r\nSigned: true\r\nSignature: Microsoft Windows\r\nSignatureStatus: Valid","SourceModuleName":"eventlog","ImageLoaded":"C:\\Windows\\System32\\user32.dll","EventReceivedTime":"2020-08-06 03:20:08","port":60122,"AccountName":"SYSTEM","UtcTime":"2020-08-06 07:20:07.649","Domain":"NT AUTHORITY","ExecutionProcessID":3888,"Hashes":"SHA1=E993BF3117D58CC5252173CE5F964EA2CB2741E9,MD5=E4AF62ADA39087A5721148236E825D9B,SHA256=963657826B798D0D20F3641032062BB9EA74BB7384C0CAFA64BFA1A2F3B5B15B,IMPHASH=D3A4F91CCC364A2DEC64676EE19600DE","Description":"Multi-User Windows USER API Client DLL","UserID":"S-1-5-18","EventID":7,"Product":"Microsoft® Windows® Operating System","ProviderGuid":"{5770385F-C22A-43E0-BF4C-06F5698FFBD9}","RecordNumber":280813,"Keywords":-9223372036854775808,"ProcessGuid":"{9f85ce58-af27-5f2b-1c04-000000000400}","tags":["mordorDataset"],"RuleName":"-"}
{"SubjectLogonId":"0x3e7","@version":"1","EventType":"AUDIT_SUCCESS","Version":0,"ThreadID":96,"EventTime":"2020-08-06 03:20:07","Task":12801,"Channel":"Security","SourceName":"Microsoft-Windows-Security-Auditing","OpcodeValue":0,"Hostname":"MORDORDC.theshire.local","@timestamp":"2020-08-06T07:20:08.909Z","Message":"The handle to an object was closed.\r\n\r\nSubject :\r\n\tSecurity ID:\t\tS-1-5-18\r\n\tAccount Name:\t\tMORDORDC$\r\n\tAccount Domain:\t\tTHESHIRE\r\n\tLogon ID:\t\t0x3E7\r\n\r\nObject:\r\n\tObject Server:\t\tSecurity\r\n\tHandle ID:\t\t0x2288\r\n\r\nProcess Information:\r\n\tProcess ID:\t\t0x1918\r\n\tProcess Name:\t\tC:\\WindowsAzure\\Packages\\CollectGuestLogs.exe","Category":"Registry","Opcode":"Info","SubjectDomainName":"THESHIRE","SourceModuleName":"eventlog","ProcessId":"0x1918","EventReceivedTime":"2020-08-06 03:20:08","port":60122,"ExecutionProcessID":4,"ProcessName":"C:\\WindowsAzure\\Packages\\CollectGuestLogs.exe","ObjectServer":"Security","host":"wec.internal.cloudapp.net","SubjectUserSid":"S-1-5-18","SubjectUserName":"MORDORDC$","HandleId":"0x2288","Severity":"INFO","SeverityValue":2,"EventID":4658,"ProviderGuid":"{54849625-5478-4994-A5BA-3E3B0328C30D}","RecordNumber":325183,"SourceModuleType":"im_msvistalog","Keywords":-9214364837600034816,"tags":["mordorDataset"]}
{"@version":"1","EventType":"INFO","AccountType":"User","ThreadID":4208,"Channel":"Microsoft-Windows-Sysmon/Operational","OpcodeValue":0,"OriginalFileName":"Win32u.DLL","Hostname":"MORDORDC.theshire.local","@timestamp":"2020-08-06T07:20:08.910Z","ProcessId":"5888","Signed":"true","host":"wec.internal.cloudapp.net","SignatureStatus":"Valid","Severity":"INFO","SeverityValue":2,"Image":"C:\\Windows\\System32\\conhost.exe","SourceModuleType":"im_msvistalog","FileVersion":"10.0.17763.1 (WinBuild.160101.0800)","Version":3,"Company":"Microsoft Corporation","EventTime":"2020-08-06 03:20:07","Task":7,"Signature":"Microsoft Windows","SourceName":"Microsoft-Windows-Sysmon","Message":"Image loaded:\r\nRuleName: -\r\nUtcTime: 2020-08-06 07:20:07.649\r\nProcessGuid: {9f85ce58-af27-5f2b-1c04-000000000400}\r\nProcessId: 5888\r\nImage: C:\\Windows\\System32\\conhost.exe\r\nImageLoaded: C:\\Windows\\System32\\win32u.dll\r\nFileVersion: 10.0.17763.1 (WinBuild.160101.0800)\r\nDescription: Win32u\r\nProduct: Microsoft® Windows® Operating System\r\nCompany: Microsoft Corporation\r\nOriginalFileName: Win32u.DLL\r\nHashes: SHA1=E9543B315229DBB7707C52BB8506C488694D09A1,MD5=65D63D5F9A9D6988C9E3DB4862D8C1E0,SHA256=208FBE0136AEBC989748B526A4BB0C656B73A10E46EF640A93E3AB8F02358B98,IMPHASH=00000000000000000000000000000000\r\nSigned: true\r\nSignature: Microsoft Windows\r\nSignatureStatus: Valid","SourceModuleName":"eventlog","ImageLoaded":"C:\\Windows\\System32\\win32u.dll","EventReceivedTime":"2020-08-06 03:20:08","port":60122,"AccountName":"SYSTEM","UtcTime":"2020-08-06 07:20:07.649","Domain":"NT AUTHORITY","ExecutionProcessID":3888,"Hashes":"SHA1=E9543B315229DBB7707C52BB8506C488694D09A1,MD5=65D63D5F9A9D6988C9E3DB4862D8C1E0,SHA256=208FBE0136AEBC989748B526A4BB0C656B73A10E46EF640A93E3AB8F02358B98,IMPHASH=00000000000000000000000000000000","Description":"Win32u","UserID":"S-1-5-18","EventID":7,"Product":"Microsoft® Windows® Operating System","ProviderGuid":"{5770385F-C22A-43E0-BF4C-06F5698FFBD9}","RecordNumber":280814,"Keywords":-9223372036854775808,"ProcessGuid":"{9f85ce58-af27-5f2b-1c04-000000000400}","tags":["mordorDataset"],"RuleName":"-"}
{"@version":"1","EventType":"AUDIT_SUCCESS","ThreadID":96,"ObjectName":"\\REGISTRY\\MACHINE\\SOFTWARE\\Microsoft\\.NETFramework","ObjectType":"Key","Channel":"Security","OpcodeValue":0,"SubjectDomainName":"THESHIRE","Hostname":"MORDORDC.theshire.local","@timestamp":"2020-08-06T07:20:08.910Z","Category":"Registry","AccessMask":"0x20019","ProcessId":"0x1918","AccessList":"%%1538\r\n\t\t\t\t%%4432\r\n\t\t\t\t%%4435\r\n\t\t\t\t%%4436\r\n\t\t\t\t","ProcessName":"C:\\WindowsAzure\\Packages\\CollectGuestLogs.exe","ResourceAttributes":"-","host":"wec.internal.cloudapp.net","SubjectUserName":"MORDORDC$","Severity":"INFO","SeverityValue":2,"SourceModuleType":"im_msvistalog","TransactionId":"{00000000-0000-0000-0000-000000000000}","SubjectLogonId":"0x3e7","Version":1,"EventTime":"2020-08-06 03:20:07","Task":12801,"AccessReason":"-","PrivilegeList":"-","SourceName":"Microsoft-Windows-Security-Auditing","Opcode":"Info","Message":"A handle to an object was requested.\r\n\r\nSubject:\r\n\tSecurity ID:\t\tS-1-5-18\r\n\tAccount Name:\t\tMORDORDC$\r\n\tAccount Domain:\t\tTHESHIRE\r\n\tLogon ID:\t\t0x3E7\r\n\r\nObject:\r\n\tObject Server:\t\tSecurity\r\n\tObject Type:\t\tKey\r\n\tObject Name:\t\t\\REGISTRY\\MACHINE\\SOFTWARE\\Microsoft\\.NETFramework\r\n\tHandle ID:\t\t0x90\r\n\tResource Attributes:\t-\r\n\r\nProcess Information:\r\n\tProcess ID:\t\t0x1918\r\n\tProcess Name:\t\tC:\\WindowsAzure\\Packages\\CollectGuestLogs.exe\r\n\r\nAccess Request Information:\r\n\tTransaction ID:\t\t{00000000-0000-0000-0000-000000000000}\r\n\tAccesses:\t\tREAD_CONTROL\r\n\t\t\t\tQuery key value\r\n\t\t\t\tEnumerate sub-keys\r\n\t\t\t\tNotify about changes to keys\r\n\t\t\t\t\r\n\tAccess Reasons:\t\t-\r\n\tAccess Mask:\t\t0x20019\r\n\tPrivileges Used for Access Check:\t-\r\n\tRestricted SID Count:\t0","SourceModuleName":"eventlog","EventReceivedTime":"2020-08-06 03:20:08","port":60122,"RestrictedSidCount":"0","ExecutionProcessID":4,"ObjectServer":"Security","SubjectUserSid":"S-1-5-18","HandleId":"0x90","EventID":4656,"ProviderGuid":"{54849625-5478-4994-A5BA-3E3B0328C30D}","RecordNumber":325184,"Keywords":-9214364837600034816,"tags":["mordorDataset"]}
{"@version":"1","EventType":"INFO","AccountType":"User","ThreadID":4208,"Channel":"Microsoft-Windows-Sysmon/Operational","OpcodeValue":0,"OriginalFileName":"gdi32","Hostname":"MORDORDC.theshire.local","@timestamp":"2020-08-06T07:20:08.911Z","ProcessId":"5888","Signed":"true","host":"wec.internal.cloudapp.net","SignatureStatus":"Valid","Severity":"INFO","SeverityValue":2,"Image":"C:\\Windows\\System32\\conhost.exe","SourceModuleType":"im_msvistalog","FileVersion":"10.0.17763.592 (WinBuild.160101.0800)","Version":3,"Company":"Microsoft Corporation","EventTime":"2020-08-06 03:20:07","Task":7,"Signature":"Microsoft Windows","SourceName":"Microsoft-Windows-Sysmon","Message":"Image loaded:\r\nRuleName: -\r\nUtcTime: 2020-08-06 07:20:07.649\r\nProcessGuid: {9f85ce58-af27-5f2b-1c04-000000000400}\r\nProcessId: 5888\r\nImage: C:\\Windows\\System32\\conhost.exe\r\nImageLoaded: C:\\Windows\\System32\\gdi32.dll\r\nFileVersion: 10.0.17763.592 (WinBuild.160101.0800)\r\nDescription: GDI Client DLL\r\nProduct: Microsoft® Windows® Operating System\r\nCompany: Microsoft Corporation\r\nOriginalFileName: gdi32\r\nHashes: SHA1=82F3A18BAC5A53AB208659541F9488FC8567225F,MD5=AAB46B65ACC026B1A0E3AEAD988CCACE,SHA256=DFBF615C25F62504D577770C394BFB352550C81CD710CC62D61BF0CDC2457C72,IMPHASH=068515AABEE6B5C49150F5085AFD86C9\r\nSigned: true\r\nSignature: Microsoft Windows\r\nSignatureStatus: Valid","SourceModuleName":"eventlog","ImageLoaded":"C:\\Windows\\System32\\gdi32.dll","EventReceivedTime":"2020-08-06 03:20:08","port":60122,"AccountName":"SYSTEM","UtcTime":"2020-08-06 07:20:07.649","Domain":"NT AUTHORITY","ExecutionProcessID":3888,"Hashes":"SHA1=82F3A18BAC5A53AB208659541F9488FC8567225F,MD5=AAB46B65ACC026B1A0E3AEAD988CCACE,SHA256=DFBF615C25F62504D577770C394BFB352550C81CD710CC62D61BF0CDC2457C72,IMPHASH=068515AABEE6B5C49150F5085AFD86C9","Description":"GDI Client DLL","UserID":"S-1-5-18","EventID":7,"Product":"Microsoft® Windows® Operating System","ProviderGuid":"{5770385F-C22A-43E0-BF4C-06F5698FFBD9}","RecordNumber":280815,"Keywords":-9223372036854775808,"ProcessGuid":"{9f85ce58-af27-5f2b-1c04-000000000400}","tags":["mordorDataset"],"RuleName":"-"}
{"SubjectLogonId":"0x3e7","@version":"1","EventType":"AUDIT_SUCCESS","Version":0,"ThreadID":96,"EventTime":"2020-08-06 03:20:07","Task":12801,"Channel":"Security","SourceName":"Microsoft-Windows-Security-Auditing","OpcodeValue":0,"Hostname":"MORDORDC.theshire.local","@timestamp":"2020-08-06T07:20:08.911Z","Message":"The handle to an object was closed.\r\n\r\nSubject :\r\n\tSecurity ID:\t\tS-1-5-18\r\n\tAccount Name:\t\tMORDORDC$\r\n\tAccount Domain:\t\tTHESHIRE\r\n\tLogon ID:\t\t0x3E7\r\n\r\nObject:\r\n\tObject Server:\t\tSecurity\r\n\tHandle ID:\t\t0x90\r\n\r\nProcess Information:\r\n\tProcess ID:\t\t0x1918\r\n\tProcess Name:\t\tC:\\WindowsAzure\\Packages\\CollectGuestLogs.exe","Category":"Registry","Opcode":"Info","SubjectDomainName":"THESHIRE","SourceModuleName":"eventlog","ProcessId":"0x1918","EventReceivedTime":"2020-08-06 03:20:08","port":60122,"ExecutionProcessID":4,"ProcessName":"C:\\WindowsAzure\\Packages\\CollectGuestLogs.exe","ObjectServer":"Security","host":"wec.internal.cloudapp.net","SubjectUserSid":"S-1-5-18","SubjectUserName":"MORDORDC$","HandleId":"0x90","Severity":"INFO","SeverityValue":2,"EventID":4658,"ProviderGuid":"{54849625-5478-4994-A5BA-3E3B0328C30D}","RecordNumber":325185,"SourceModuleType":"im_msvistalog","Keywords":-9214364837600034816,"tags":["mordorDataset"]}
{"@version":"1","EventType":"INFO","AccountType":"User","ThreadID":4208,"Channel":"Microsoft-Windows-Sysmon/Operational","OpcodeValue":0,"OriginalFileName":"gdi32","Hostname":"MORDORDC.theshire.local","@timestamp":"2020-08-06T07:20:08.911Z","ProcessId":"5888","Signed":"true","host":"wec.internal.cloudapp.net","SignatureStatus":"Valid","Severity":"INFO","SeverityValue":2,"Image":"C:\\Windows\\System32\\conhost.exe","SourceModuleType":"im_msvistalog","FileVersion":"10.0.17763.1339 (WinBuild.160101.0800)","Version":3,"Company":"Microsoft Corporation","EventTime":"2020-08-06 03:20:07","Task":7,"Signature":"Microsoft Windows","SourceName":"Microsoft-Windows-Sysmon","Message":"Image loaded:\r\nRuleName: -\r\nUtcTime: 2020-08-06 07:20:07.649\r\nProcessGuid: {9f85ce58-af27-5f2b-1c04-000000000400}\r\nProcessId: 5888\r\nImage: C:\\Windows\\System32\\conhost.exe\r\nImageLoaded: C:\\Windows\\System32\\gdi32full.dll\r\nFileVersion: 10.0.17763.1339 (WinBuild.160101.0800)\r\nDescription: GDI Client DLL\r\nProduct: Microsoft® Windows® Operating System\r\nCompany: Microsoft Corporation\r\nOriginalFileName: gdi32\r\nHashes: SHA1=59039B9EE9B5D972AF2835840CF520EBF00CB698,MD5=49575E7699D6647011C0A73A87F6B8C3,SHA256=E71A56B0B297E38DC303436D834CD099A9CD16B39120E453F522C101647CC598,IMPHASH=6AD82D312C0BC96CF9506EB6890EBEC0\r\nSigned: true\r\nSignature: Microsoft Windows\r\nSignatureStatus: Valid","SourceModuleName":"eventlog","ImageLoaded":"C:\\Windows\\System32\\gdi32full.dll","EventReceivedTime":"2020-08-06 03:20:08","port":60122,"AccountName":"SYSTEM","UtcTime":"2020-08-06 07:20:07.649","Domain":"NT AUTHORITY","ExecutionProcessID":3888,"Hashes":"SHA1=59039B9EE9B5D972AF2835840CF520EBF00CB698,MD5=49575E7699D6647011C0A73A87F6B8C3,SHA256=E71A56B0B297E38DC303436D834CD099A9CD16B39120E453F522C101647CC598,IMPHASH=6AD82D312C0BC96CF9506EB6890EBEC0","Description":"GDI Client DLL","UserID":"S-1-5-18","EventID":7,"Product":"Microsoft® Windows® Operating System","ProviderGuid":"{5770385F-C22A-43E0-BF4C-06F5698FFBD9}","RecordNumber":280816,"Keywords":-9223372036854775808,"ProcessGuid":"{9f85ce58-af27-5f2b-1c04-000000000400}","tags":["mordorDataset"],"RuleName":"-"}
{"SubjectLogonId":"0x3e7","@version":"1","EventType":"AUDIT_SUCCESS","SourceHandleId":"0x98","Version":0,"ThreadID":96,"EventTime":"2020-08-06 03:20:07","Task":12807,"Channel":"Security","SourceName":"Microsoft-Windows-Security-Auditing","OpcodeValue":0,"Hostname":"MORDORDC.theshire.local","@timestamp":"2020-08-06T07:20:08.912Z","Message":"An attempt was made to duplicate a handle to an object.\r\n\r\nSubject:\r\n\tSecurity ID:\t\tS-1-5-18\r\n\tAccount Name:\t\tMORDORDC$\r\n\tAccount Domain:\t\tTHESHIRE\r\n\tLogon ID:\t\t0x3E7\r\n\r\nSource Handle Information:\r\n\tSource Handle ID:\t0x98\r\n\tSource Process ID:\t0x1918\r\n\r\nNew Handle Information:\r\n\tTarget Handle ID:\t0x2288\r\n\tTarget Process ID:\t0x4","Category":"Handle Manipulation","Opcode":"Info","SubjectDomainName":"THESHIRE","SourceModuleName":"eventlog","ProcessId":"0x1918","EventReceivedTime":"2020-08-06 03:20:08","port":60122,"ExecutionProcessID":4,"host":"wec.internal.cloudapp.net","SubjectUserSid":"S-1-5-18","SubjectUserName":"MORDORDC$","SourceProcessId":"0x1918","Severity":"INFO","TargetProcessId":"0x4","SeverityValue":2,"EventID":4690,"TargetHandleId":"0x2288","ProviderGuid":"{54849625-5478-4994-A5BA-3E3B0328C30D}","RecordNumber":325186,"SourceModuleType":"im_msvistalog","Keywords":-9214364837600034816,"tags":["mordorDataset"]}
{"@version":"1","EventType":"INFO","AccountType":"User","ThreadID":4208,"Channel":"Microsoft-Windows-Sysmon/Operational","OpcodeValue":0,"OriginalFileName":"SHELL32.DLL","Hostname":"MORDORDC.theshire.local","@timestamp":"2020-08-06T07:20:08.912Z","ProcessId":"5888","Signed":"true","host":"wec.internal.cloudapp.net","SignatureStatus":"Valid","Severity":"INFO","SeverityValue":2,"Image":"C:\\Windows\\System32\\conhost.exe","SourceModuleType":"im_msvistalog","FileVersion":"10.0.17763.1339 (WinBuild.160101.0800)","Version":3,"Company":"Microsoft Corporation","EventTime":"2020-08-06 03:20:07","Task":7,"Signature":"Microsoft Windows","SourceName":"Microsoft-Windows-Sysmon","Message":"Image loaded:\r\nRuleName: -\r\nUtcTime: 2020-08-06 07:20:07.649\r\nProcessGuid: {9f85ce58-af27-5f2b-1c04-000000000400}\r\nProcessId: 5888\r\nImage: C:\\Windows\\System32\\conhost.exe\r\nImageLoaded: C:\\Windows\\System32\\shell32.dll\r\nFileVersion: 10.0.17763.1339 (WinBuild.160101.0800)\r\nDescription: Windows Shell Common Dll\r\nProduct: Microsoft® Windows® Operating System\r\nCompany: Microsoft Corporation\r\nOriginalFileName: SHELL32.DLL\r\nHashes: SHA1=85FD52615FA028682620AE50FC127DE820379D03,MD5=6F77617ECC2382922DF8FA072F235AB0,SHA256=B2B00617F2D1DF5EDC85C44DFF3082D8D6051D2C39FE0AE14ABEDEFA1AD18ADC,IMPHASH=FD98A881B3A991D9946E94BE939926B6\r\nSigned: true\r\nSignature: Microsoft Windows\r\nSignatureStatus: Valid","SourceModuleName":"eventlog","ImageLoaded":"C:\\Windows\\System32\\shell32.dll","EventReceivedTime":"2020-08-06 03:20:08","port":60122,"AccountName":"SYSTEM","UtcTime":"2020-08-06 07:20:07.649","Domain":"NT AUTHORITY","ExecutionProcessID":3888,"Hashes":"SHA1=85FD52615FA028682620AE50FC127DE820379D03,MD5=6F77617ECC2382922DF8FA072F235AB0,SHA256=B2B00617F2D1DF5EDC85C44DFF3082D8D6051D2C39FE0AE14ABEDEFA1AD18ADC,IMPHASH=FD98A881B3A991D9946E94BE939926B6","Description":"Windows Shell Common Dll","UserID":"S-1-5-18","EventID":7,"Product":"Microsoft® Windows® Operating System","ProviderGuid":"{5770385F-C22A-43E0-BF4C-06F5698FFBD9}","RecordNumber":280817,"Keywords":-9223372036854775808,"ProcessGuid":"{9f85ce58-af27-5f2b-1c04-000000000400}","tags":["mordorDataset"],"RuleName":"-"}
{"SubjectLogonId":"0x3e7","@version":"1","EventType":"AUDIT_SUCCESS","Version":0,"ThreadID":96,"EventTime":"2020-08-06 03:20:07","Task":12801,"Channel":"Security","SourceName":"Microsoft-Windows-Security-Auditing","OpcodeValue":0,"Hostname":"MORDORDC.theshire.local","@timestamp":"2020-08-06T07:20:08.912Z","Message":"The handle to an object was closed.\r\n\r\nSubject :\r\n\tSecurity ID:\t\tS-1-5-18\r\n\tAccount Name:\t\tMORDORDC$\r\n\tAccount Domain:\t\tTHESHIRE\r\n\tLogon ID:\t\t0x3E7\r\n\r\nObject:\r\n\tObject Server:\t\tSecurity\r\n\tHandle ID:\t\t0x2288\r\n\r\nProcess Information:\r\n\tProcess ID:\t\t0x1918\r\n\tProcess Name:\t\tC:\\WindowsAzure\\Packages\\CollectGuestLogs.exe","Category":"Registry","Opcode":"Info","SubjectDomainName":"THESHIRE","SourceModuleName":"eventlog","ProcessId":"0x1918","EventReceivedTime":"2020-08-06 03:20:08","port":60122,"ExecutionProcessID":4,"ProcessName":"C:\\WindowsAzure\\Packages\\CollectGuestLogs.exe","ObjectServer":"Security","host":"wec.internal.cloudapp.net","SubjectUserSid":"S-1-5-18","SubjectUserName":"MORDORDC$","HandleId":"0x2288","Severity":"INFO","SeverityValue":2,"EventID":4658,"ProviderGuid":"{54849625-5478-4994-A5BA-3E3B0328C30D}","RecordNumber":325187,"SourceModuleType":"im_msvistalog","Keywords":-9214364837600034816,"tags":["mordorDataset"]}
{"@version":"1","EventType":"INFO","AccountType":"User","ThreadID":4208,"Channel":"Microsoft-Windows-Sysmon/Operational","OpcodeValue":0,"OriginalFileName":"CFGMGR32.DLL","Hostname":"MORDORDC.theshire.local","@timestamp":"2020-08-06T07:20:08.912Z","ProcessId":"5888","Signed":"true","host":"wec.internal.cloudapp.net","SignatureStatus":"Valid","Severity":"INFO","SeverityValue":2,"Image":"C:\\Windows\\System32\\conhost.exe","SourceModuleType":"im_msvistalog","FileVersion":"10.0.17763.1 (WinBuild.160101.0800)","Version":3,"Company":"Microsoft Corporation","EventTime":"2020-08-06 03:20:07","Task":7,"Signature":"Microsoft Windows","SourceName":"Microsoft-Windows-Sysmon","Message":"Image loaded:\r\nRuleName: -\r\nUtcTime: 2020-08-06 07:20:07.649\r\nProcessGuid: {9f85ce58-af27-5f2b-1c04-000000000400}\r\nProcessId: 5888\r\nImage: C:\\Windows\\System32\\conhost.exe\r\nImageLoaded: C:\\Windows\\System32\\cfgmgr32.dll\r\nFileVersion: 10.0.17763.1 (WinBuild.160101.0800)\r\nDescription: Configuration Manager DLL\r\nProduct: Microsoft® Windows® Operating System\r\nCompany: Microsoft Corporation\r\nOriginalFileName: CFGMGR32.DLL\r\nHashes: SHA1=8130861654C05723BDAB475587C7B4B131BD5FF6,MD5=02411B2016D3A537759143033C2D3AA6,SHA256=DF1C3927C42A1C7B8B5EA009783BB3FCB1FF48FC8542A1EF5D18ECAF78AD5D3E,IMPHASH=4F0B87243B310321DEE7E16AC3ABA14A\r\nSigned: true\r\nSignature: Microsoft Windows\r\nSignatureStatus: Valid","SourceModuleName":"eventlog","ImageLoaded":"C:\\Windows\\System32\\cfgmgr32.dll","EventReceivedTime":"2020-08-06 03:20:08","port":60122,"AccountName":"SYSTEM","UtcTime":"2020-08-06 07:20:07.649","Domain":"NT AUTHORITY","ExecutionProcessID":3888,"Hashes":"SHA1=8130861654C05723BDAB475587C7B4B131BD5FF6,MD5=02411B2016D3A537759143033C2D3AA6,SHA256=DF1C3927C42A1C7B8B5EA009783BB3FCB1FF48FC8542A1EF5D18ECAF78AD5D3E,IMPHASH=4F0B87243B310321DEE7E16AC3ABA14A","Description":"Configuration Manager DLL","UserID":"S-1-5-18","EventID":7,"Product":"Microsoft® Windows® Operating System","ProviderGuid":"{5770385F-C22A-43E0-BF4C-06F5698FFBD9}","RecordNumber":280818,"Keywords":-9223372036854775808,"ProcessGuid":"{9f85ce58-af27-5f2b-1c04-000000000400}","tags":["mordorDataset"],"RuleName":"-"}
{"@version":"1","EventType":"AUDIT_SUCCESS","ThreadID":96,"ObjectName":"\\REGISTRY\\MACHINE\\SOFTWARE\\Microsoft\\.NETFramework","ObjectType":"Key","Channel":"Security","OpcodeValue":0,"SubjectDomainName":"THESHIRE","Hostname":"MORDORDC.theshire.local","@timestamp":"2020-08-06T07:20:08.912Z","Category":"Registry","AccessMask":"0x20019","ProcessId":"0x1918","AccessList":"%%1538\r\n\t\t\t\t%%4432\r\n\t\t\t\t%%4435\r\n\t\t\t\t%%4436\r\n\t\t\t\t","ProcessName":"C:\\WindowsAzure\\Packages\\CollectGuestLogs.exe","ResourceAttributes":"-","host":"wec.internal.cloudapp.net","SubjectUserName":"MORDORDC$","Severity":"INFO","SeverityValue":2,"SourceModuleType":"im_msvistalog","TransactionId":"{00000000-0000-0000-0000-000000000000}","SubjectLogonId":"0x3e7","Version":1,"EventTime":"2020-08-06 03:20:07","Task":12801,"AccessReason":"-","PrivilegeList":"-","SourceName":"Microsoft-Windows-Security-Auditing","Opcode":"Info","Message":"A handle to an object was requested.\r\n\r\nSubject:\r\n\tSecurity ID:\t\tS-1-5-18\r\n\tAccount Name:\t\tMORDORDC$\r\n\tAccount Domain:\t\tTHESHIRE\r\n\tLogon ID:\t\t0x3E7\r\n\r\nObject:\r\n\tObject Server:\t\tSecurity\r\n\tObject Type:\t\tKey\r\n\tObject Name:\t\t\\REGISTRY\\MACHINE\\SOFTWARE\\Microsoft\\.NETFramework\r\n\tHandle ID:\t\t0x98\r\n\tResource Attributes:\t-\r\n\r\nProcess Information:\r\n\tProcess ID:\t\t0x1918\r\n\tProcess Name:\t\tC:\\WindowsAzure\\Packages\\CollectGuestLogs.exe\r\n\r\nAccess Request Information:\r\n\tTransaction ID:\t\t{00000000-0000-0000-0000-000000000000}\r\n\tAccesses:\t\tREAD_CONTROL\r\n\t\t\t\tQuery key value\r\n\t\t\t\tEnumerate sub-keys\r\n\t\t\t\tNotify about changes to keys\r\n\t\t\t\t\r\n\tAccess Reasons:\t\t-\r\n\tAccess Mask:\t\t0x20019\r\n\tPrivileges Used for Access Check:\t-\r\n\tRestricted SID Count:\t0","SourceModuleName":"eventlog","EventReceivedTime":"2020-08-06 03:20:08","port":60122,"RestrictedSidCount":"0","ExecutionProcessID":4,"ObjectServer":"Security","SubjectUserSid":"S-1-5-18","HandleId":"0x98","EventID":4656,"ProviderGuid":"{54849625-5478-4994-A5BA-3E3B0328C30D}","RecordNumber":325188,"Keywords":-9214364837600034816,"tags":["mordorDataset"]}
{"@version":"1","EventType":"INFO","AccountType":"User","ThreadID":4208,"Channel":"Microsoft-Windows-Sysmon/Operational","OpcodeValue":0,"OriginalFileName":"Windows.Storage.dll","Hostname":"MORDORDC.theshire.local","@timestamp":"2020-08-06T07:20:08.913Z","ProcessId":"5888","Signed":"true","host":"wec.internal.cloudapp.net","SignatureStatus":"Valid","Severity":"INFO","SeverityValue":2,"Image":"C:\\Windows\\System32\\conhost.exe","SourceModuleType":"im_msvistalog","FileVersion":"10.0.17763.1339 (WinBuild.160101.0800)","Version":3,"Company":"Microsoft Corporation","EventTime":"2020-08-06 03:20:07","Task":7,"Signature":"Microsoft Windows","SourceName":"Microsoft-Windows-Sysmon","Message":"Image loaded:\r\nRuleName: -\r\nUtcTime: 2020-08-06 07:20:07.649\r\nProcessGuid: {9f85ce58-af27-5f2b-1c04-000000000400}\r\nProcessId: 5888\r\nImage: C:\\Windows\\System32\\conhost.exe\r\nImageLoaded: C:\\Windows\\System32\\windows.storage.dll\r\nFileVersion: 10.0.17763.1339 (WinBuild.160101.0800)\r\nDescription: Microsoft WinRT Storage API\r\nProduct: Microsoft® Windows® Operating System\r\nCompany: Microsoft Corporation\r\nOriginalFileName: Windows.Storage.dll\r\nHashes: SHA1=FB928E4E6F8446F647B8D8B3B7F00B23D44BFDFB,MD5=74E82653094C5D470DE91308DBF8E352,SHA256=BCD9EE07E6E94A385C90BC42A307F989A4525DEBF25D8D68E49BCE7A628FF442,IMPHASH=3B33F0E19B4F96D9400EF29A00F21FF1\r\nSigned: true\r\nSignature: Microsoft Windows\r\nSignatureStatus: Valid","SourceModuleName":"eventlog","ImageLoaded":"C:\\Windows\\System32\\windows.storage.dll","EventReceivedTime":"2020-08-06 03:20:08","port":60122,"AccountName":"SYSTEM","UtcTime":"2020-08-06 07:20:07.649","Domain":"NT AUTHORITY","ExecutionProcessID":3888,"Hashes":"SHA1=FB928E4E6F8446F647B8D8B3B7F00B23D44BFDFB,MD5=74E82653094C5D470DE91308DBF8E352,SHA256=BCD9EE07E6E94A385C90BC42A307F989A4525DEBF25D8D68E49BCE7A628FF442,IMPHASH=3B33F0E19B4F96D9400EF29A00F21FF1","Description":"Microsoft WinRT Storage API","UserID":"S-1-5-18","EventID":7,"Product":"Microsoft® Windows® Operating System","ProviderGuid":"{5770385F-C22A-43E0-BF4C-06F5698FFBD9}","RecordNumber":280819,"Keywords":-9223372036854775808,"ProcessGuid":"{9f85ce58-af27-5f2b-1c04-000000000400}","tags":["mordorDataset"],"RuleName":"-"}
