{"RuleName":"-","@timestamp":"2020-10-13T04:26:29.049Z","SignatureStatus":"Valid","Channel":"Microsoft-Windows-Sysmon/Operational","UserID":"S-1-5-18","RecordNumber":205378,"ThreadID":4792,"Image":"C:\\Windows\\System32\\svchost.exe","ProcessId":"2928","Company":"Microsoft Corporation","Version":3,"Hostname":"WORKSTATION6.theshire.local","ImageLoaded":"C:\\Program Files\\Windows Defender\\MpClient.dll","Description":"Client Interface","EventReceivedTime":"2020-10-13 00:26:29","ProviderGuid":"{5770385F-C22A-43E0-BF4C-06F5698FFBD9}","Signed":"true","UtcTime":"2020-10-13 04:26:28.690","port":61041,"Severity":"INFO","tags":["mordorDataset"],"Task":7,"SourceModuleType":"im_msvistalog","OpcodeValue":0,"EventType":"INFO","ExecutionProcessID":3592,"Opcode":"Info","SourceName":"Microsoft-Windows-Sysmon","Product":"Microsoft® Windows® Operating System","Keywords":-9223372036854775808,"FileVersion":"4.18.1902.5 (GitEnlistment(winpbld).190221-1742)","EventID":7,"Domain":"NT AUTHORITY","Category":"Image loaded (rule: ImageLoad)","OriginalFileName":"mpclient.dll","@version":"1","AccountName":"SYSTEM","ProcessGuid":"{37c5a1b2-c15f-5f84-5902-000000000400}","host":"wec.internal.cloudapp.net","Hashes":"SHA1=20F79124CAF03B2DED236243BE70A18C93444656,MD5=255D13A3518672A178020736D3AD9FCC,SHA256=BEF221D9980AEB841562F4D195F6B3A6058D4A9745035D7E42DE3DEBB0D9A531,IMPHASH=14E15CE9180916E4E44532618B3ABC7C","SeverityValue":2,"EventTime":"2020-10-13 00:26:28","Message":"Image loaded:\r\nRuleName: -\r\nUtcTime: 2020-10-13 04:26:28.690\r\nProcessGuid: {37c5a1b2-c15f-5f84-5902-000000000400}\r\nProcessId: 2928\r\nImage: C:\\Windows\\System32\\svchost.exe\r\nImageLoaded: C:\\Program Files\\Windows Defender\\MpClient.dll\r\nFileVersion: 4.18.1902.5 (GitEnlistment(winpbld).190221-1742)\r\nDescription: Client Interface\r\nProduct: Microsoft® Windows® Operating System\r\nCompany: Microsoft Corporation\r\nOriginalFileName: mpclient.dll\r\nHashes: SHA1=20F79124CAF03B2DED236243BE70A18C93444656,MD5=255D13A3518672A178020736D3AD9FCC,SHA256=BEF221D9980AEB841562F4D195F6B3A6058D4A9745035D7E42DE3DEBB0D9A531,IMPHASH=14E15CE9180916E4E44532618B3ABC7C\r\nSigned: true\r\nSignature: Microsoft Windows\r\nSignatureStatus: Valid","SourceModuleName":"eventlog","AccountType":"User","Signature":"Microsoft Windows"}
{"@timestamp":"2020-10-13T04:26:29.050Z","port":61041,"Severity":"INFO","Task":12810,"Channel":"security","tags":["mordorDataset"],"LayerName":"%%14608","SourceModuleType":"im_msvistalog","OpcodeValue":0,"Application":"\\device\\harddiskvolume2\\windows\\system32\\svchost.exe","EventType":"AUDIT_SUCCESS","ExecutionProcessID":4,"Opcode":"Info","RecordNumber":118925,"ThreadID":4396,"FilterRTID":"0","SourceName":"Microsoft-Windows-Security-Auditing","LayerRTID":"36","Keywords":-9214364837600034816,"EventID":5158,"Category":"Filtering Platform Connection","ProcessId":"3448","Version":0,"@version":"1","host":"wec.internal.cloudapp.net","Hostname":"WORKSTATION5.theshire.local","SourcePort":"53772","EventReceivedTime":"2020-10-13 00:26:29","SeverityValue":2,"EventTime":"2020-10-13 00:26:28","ProviderGuid":"{54849625-5478-4994-A5BA-3E3B0328C30D}","Message":"The Windows Filtering Platform has permitted a bind to a local port.\r\n\r\nApplication Information:\r\n\tProcess ID:\t\t3448\r\n\tApplication Name:\t\\device\\harddiskvolume2\\windows\\system32\\svchost.exe\r\n\r\nNetwork Information:\r\n\tSource Address:\t\t0.0.0.0\r\n\tSource Port:\t\t53772\r\n\tProtocol:\t\t6\r\n\r\nFilter Information:\r\n\tFilter Run-Time ID:\t0\r\n\tLayer Name:\t\tResource Assignment\r\n\tLayer Run-Time ID:\t36","SourceAddress":"0.0.0.0","SourceModuleName":"eventlog","Protocol":"6"}
{"RuleName":"-","@timestamp":"2020-10-13T04:26:29.050Z","SignatureStatus":"Valid","Channel":"Microsoft-Windows-Sysmon/Operational","UserID":"S-1-5-18","RecordNumber":386342,"ThreadID":3216,"Image":"C:\\Users\\pgustavo\\Desktop\\GruntHTTP.exe","ProcessId":"3356","Company":"Microsoft Corporation","Version":3,"Hostname":"WORKSTATION5.theshire.local","ImageLoaded":"C:\\Windows\\System32\\WindowsPowerShell\\v1.0\\pwrshsip.dll","Description":"Crypto SIP provider for signing and verifying PowerShell script files (.ps1/.ps1xml)","EventReceivedTime":"2020-10-13 00:26:29","ProviderGuid":"{5770385F-C22A-43E0-BF4C-06F5698FFBD9}","Signed":"true","UtcTime":"2020-10-13 04:26:27.878","port":61041,"Severity":"INFO","tags":["mordorDataset"],"Task":7,"SourceModuleType":"im_msvistalog","OpcodeValue":0,"EventType":"INFO","ExecutionProcessID":3312,"Opcode":"Info","SourceName":"Microsoft-Windows-Sysmon","Product":"Microsoft® Windows® Operating System","Keywords":-9223372036854775808,"FileVersion":"10.0.18362.1 (WinBuild.160101.0800)","EventID":7,"Domain":"NT AUTHORITY","Category":"Image loaded (rule: ImageLoad)","OriginalFileName":"pwrshsip.dll","@version":"1","AccountName":"SYSTEM","ProcessGuid":"{71b87c12-d7e5-5f84-0d01-000000000500}","host":"wec.internal.cloudapp.net","Hashes":"SHA1=0CC8CB26997EF90D096F5BE0C124FBB7C84D15EF,MD5=9460482211E051F6EB157DE1D1970CC3,SHA256=B6D1290031DA360D04B10A9425FBC50BBB0ED1D303373DB4F3D8B75EE7632B78,IMPHASH=D9D7C00E2EAF03F74330D8F1204C0A12","SeverityValue":2,"EventTime":"2020-10-13 00:26:28","Message":"Image loaded:\r\nRuleName: -\r\nUtcTime: 2020-10-13 04:26:27.878\r\nProcessGuid: {71b87c12-d7e5-5f84-0d01-000000000500}\r\nProcessId: 3356\r\nImage: C:\\Users\\pgustavo\\Desktop\\GruntHTTP.exe\r\nImageLoaded: C:\\Windows\\System32\\WindowsPowerShell\\v1.0\\pwrshsip.dll\r\nFileVersion: 10.0.18362.1 (WinBuild.160101.0800)\r\nDescription: Crypto SIP provider for signing and verifying PowerShell script files (.ps1/.ps1xml)\r\nProduct: Microsoft® Windows® Operating System\r\nCompany: Microsoft Corporation\r\nOriginalFileName: pwrshsip.dll\r\nHashes: SHA1=0CC8CB26997EF90D096F5BE0C124FBB7C84D15EF,MD5=9460482211E051F6EB157DE1D1970CC3,SHA256=B6D1290031DA360D04B10A9425FBC50BBB0ED1D303373DB4F3D8B75EE7632B78,IMPHASH=D9D7C00E2EAF03F74330D8F1204C0A12\r\nSigned: true\r\nSignature: Microsoft Windows\r\nSignatureStatus: Valid","SourceModuleName":"eventlog","AccountType":"User","Signature":"Microsoft Windows"}
{"EventTypeOrignal":"INFO","RuleName":"-","@timestamp":"2020-10-13T04:26:29.051Z","port":61041,"Severity":"INFO","Task":12,"Channel":"Microsoft-Windows-Sysmon/Operational","UtcTime":"2020-10-13 04:26:28.705","UserID":"S-1-5-18","SourceModuleType":"im_msvistalog","OpcodeValue":0,"tags":["mordorDataset"],"TargetObject":"HKCR","ExecutionProcessID":3592,"Opcode":"Info","RecordNumber":205379,"ThreadID":4780,"EventType":"CreateKey","SourceName":"Microsoft-Windows-Sysmon","Keywords":-9223372036854775808,"Image":"C:\\windows\\system32\\svchost.exe","EventID":12,"Domain":"NT AUTHORITY","Category":"Registry object added or deleted (rule: RegistryEvent)","Version":2,"ProcessId":"2636","@version":"1","AccountName":"SYSTEM","ProcessGuid":"{37c5a1b2-c0ce-5f84-3c00-000000000400}","host":"wec.internal.cloudapp.net","Hostname":"WORKSTATION6.theshire.local","EventReceivedTime":"2020-10-13 00:26:29","SeverityValue":2,"EventTime":"2020-10-13 00:26:28","ProviderGuid":"{5770385F-C22A-43E0-BF4C-06F5698FFBD9}","Message":"Registry object added or deleted:\r\nRuleName: -\r\nEventType: CreateKey\r\nUtcTime: 2020-10-13 04:26:28.705\r\nProcessGuid: {37c5a1b2-c0ce-5f84-3c00-000000000400}\r\nProcessId: 2636\r\nImage: C:\\windows\\system32\\svchost.exe\r\nTargetObject: HKCR","SourceModuleName":"eventlog","AccountType":"User"}
{"RuleName":"-","@timestamp":"2020-10-13T04:26:29.051Z","SignatureStatus":"Unavailable","Channel":"Microsoft-Windows-Sysmon/Operational","UserID":"S-1-5-18","RecordNumber":386343,"ThreadID":3216,"Image":"C:\\Users\\pgustavo\\Desktop\\GruntHTTP.exe","ProcessId":"3356","Company":"Microsoft Corporation","Version":3,"Hostname":"WORKSTATION5.theshire.local","ImageLoaded":"C:\\Windows\\assembly\\NativeImages_v4.0.30319_64\\System.Confe64a9051#\\f971989d3858b0484aa9158e5bea6849\\System.Configuration.Install.ni.dll","Description":".NET Framework","EventReceivedTime":"2020-10-13 00:26:29","ProviderGuid":"{5770385F-C22A-43E0-BF4C-06F5698FFBD9}","Signed":"false","UtcTime":"2020-10-13 04:26:27.878","port":61041,"Severity":"INFO","tags":["mordorDataset"],"Task":7,"SourceModuleType":"im_msvistalog","OpcodeValue":0,"EventType":"INFO","ExecutionProcessID":3312,"Opcode":"Info","SourceName":"Microsoft-Windows-Sysmon","Product":"Microsoft® .NET Framework","Keywords":-9223372036854775808,"FileVersion":"4.8.3752.0 built by: NET48REL1","EventID":7,"Domain":"NT AUTHORITY","Category":"Image loaded (rule: ImageLoad)","OriginalFileName":"System.Configuration.Install.dll","@version":"1","AccountName":"SYSTEM","ProcessGuid":"{71b87c12-d7e5-5f84-0d01-000000000500}","host":"wec.internal.cloudapp.net","Hashes":"SHA1=654FD97B41673A7D0B9248E829AC8CEEB5AB2A1C,MD5=5D442828B633173374D955C33DE1C05F,SHA256=03A20B135408B5CA2296A337B623EFCE956B0959F728E68D5445F91C5FEE0F13,IMPHASH=00000000000000000000000000000000","SeverityValue":2,"EventTime":"2020-10-13 00:26:28","Message":"Image loaded:\r\nRuleName: -\r\nUtcTime: 2020-10-13 04:26:27.878\r\nProcessGuid: {71b87c12-d7e5-5f84-0d01-000000000500}\r\nProcessId: 3356\r\nImage: C:\\Users\\pgustavo\\Desktop\\GruntHTTP.exe\r\nImageLoaded: C:\\Windows\\assembly\\NativeImages_v4.0.30319_64\\System.Confe64a9051#\\f971989d3858b0484aa9158e5bea6849\\System.Configuration.Install.ni.dll\r\nFileVersion: 4.8.3752.0 built by: NET48REL1\r\nDescription: .NET Framework\r\nProduct: Microsoft® .NET Framework\r\nCompany: Microsoft Corporation\r\nOriginalFileName: System.Configuration.Install.dll\r\nHashes: SHA1=654FD97B41673A7D0B9248E829AC8CEEB5AB2A1C,MD5=5D442828B633173374D955C33DE1C05F,SHA256=03A20B135408B5CA2296A337B623EFCE956B0959F728E68D5445F91C5FEE0F13,IMPHASH=00000000000000000000000000000000\r\nSigned: false\r\nSignature: -\r\nSignatureStatus: Unavailable","SourceModuleName":"eventlog","AccountType":"User","Signature":"-"}
{"SourceProcessId":"0xd1c","@timestamp":"2020-10-13T04:26:29.051Z","port":61041,"Severity":"INFO","Task":12807,"Channel":"security","tags":["mordorDataset"],"SourceModuleType":"im_msvistalog","OpcodeValue":0,"TargetProcessId":"0x4","EventType":"AUDIT_SUCCESS","ExecutionProcessID":4,"Opcode":"Info","RecordNumber":118927,"ThreadID":4396,"SubjectDomainName":"THESHIRE","SubjectLogonId":"0x163d26","SourceName":"Microsoft-Windows-Security-Auditing","TargetHandleId":"0x287c","Keywords":-9214364837600034816,"EventID":4690,"Category":"Handle Manipulation","SourceHandleId":"0x834","Version":0,"ProcessId":"0xd1c","@version":"1","host":"wec.internal.cloudapp.net","Hostname":"WORKSTATION5.theshire.local","EventReceivedTime":"2020-10-13 00:26:29","SeverityValue":2,"EventTime":"2020-10-13 00:26:28","ProviderGuid":"{54849625-5478-4994-A5BA-3E3B0328C30D}","Message":"An attempt was made to duplicate a handle to an object.\r\n\r\nSubject:\r\n\tSecurity ID:\t\tS-1-5-21-4107722679-1012484280-3777968168-1104\r\n\tAccount Name:\t\tpgustavo\r\n\tAccount Domain:\t\tTHESHIRE\r\n\tLogon ID:\t\t0x163D26\r\n\r\nSource Handle Information:\r\n\tSource Handle ID:\t0x834\r\n\tSource Process ID:\t0xd1c\r\n\r\nNew Handle Information:\r\n\tTarget Handle ID:\t0x287c\r\n\tTarget Process ID:\t0x4","SubjectUserName":"pgustavo","SourceModuleName":"eventlog","SubjectUserSid":"S-1-5-21-4107722679-1012484280-3777968168-1104"}
{"EventTypeOrignal":"INFO","RuleName":"-","@timestamp":"2020-10-13T04:26:29.052Z","port":61041,"Severity":"INFO","Task":12,"Channel":"Microsoft-Windows-Sysmon/Operational","UtcTime":"2020-10-13 04:26:28.705","UserID":"S-1-5-18","SourceModuleType":"im_msvistalog","OpcodeValue":0,"tags":["mordorDataset"],"TargetObject":"HKCR","ExecutionProcessID":3592,"Opcode":"Info","RecordNumber":205380,"ThreadID":4780,"EventType":"CreateKey","SourceName":"Microsoft-Windows-Sysmon","Keywords":-9223372036854775808,"Image":"C:\\windows\\system32\\svchost.exe","EventID":12,"Domain":"NT AUTHORITY","Category":"Registry object added or deleted (rule: RegistryEvent)","Version":2,"ProcessId":"2636","@version":"1","AccountName":"SYSTEM","ProcessGuid":"{37c5a1b2-c0ce-5f84-3c00-000000000400}","host":"wec.internal.cloudapp.net","Hostname":"WORKSTATION6.theshire.local","EventReceivedTime":"2020-10-13 00:26:29","SeverityValue":2,"EventTime":"2020-10-13 00:26:28","ProviderGuid":"{5770385F-C22A-43E0-BF4C-06F5698FFBD9}","Message":"Registry object added or deleted:\r\nRuleName: -\r\nEventType: CreateKey\r\nUtcTime: 2020-10-13 04:26:28.705\r\nProcessGuid: {37c5a1b2-c0ce-5f84-3c00-000000000400}\r\nProcessId: 2636\r\nImage: C:\\windows\\system32\\svchost.exe\r\nTargetObject: HKCR","SourceModuleName":"eventlog","AccountType":"User"}
{"RuleName":"-","@timestamp":"2020-10-13T04:26:29.052Z","SignatureStatus":"Unavailable","Channel":"Microsoft-Windows-Sysmon/Operational","UserID":"S-1-5-18","RecordNumber":386344,"ThreadID":3216,"Image":"C:\\Users\\pgustavo\\Desktop\\GruntHTTP.exe","ProcessId":"3356","Company":"Microsoft Corporation","Version":3,"Hostname":"WORKSTATION5.theshire.local","ImageLoaded":"C:\\Windows\\assembly\\NativeImages_v4.0.30319_64\\Microsoft.Pb378ec07#\\262b28814cea510b38eabc83ce6225c8\\Microsoft.PowerShell.ConsoleHost.ni.dll","Description":"Microsoft.PowerShell.ConsoleHost","EventReceivedTime":"2020-10-13 00:26:29","ProviderGuid":"{5770385F-C22A-43E0-BF4C-06F5698FFBD9}","Signed":"false","UtcTime":"2020-10-13 04:26:27.894","port":61041,"Severity":"INFO","tags":["mordorDataset"],"Task":7,"SourceModuleType":"im_msvistalog","OpcodeValue":0,"EventType":"INFO","ExecutionProcessID":3312,"Opcode":"Info","SourceName":"Microsoft-Windows-Sysmon","Product":"Microsoft (R) Windows (R) Operating System","Keywords":-9223372036854775808,"FileVersion":"10.0.18362.1","EventID":7,"Domain":"NT AUTHORITY","Category":"Image loaded (rule: ImageLoad)","OriginalFileName":"Microsoft.PowerShell.ConsoleHost.dll","@version":"1","AccountName":"SYSTEM","ProcessGuid":"{71b87c12-d7e5-5f84-0d01-000000000500}","host":"wec.internal.cloudapp.net","Hashes":"SHA1=2F587323D9D9CC4277965ACE8B30224A33962E40,MD5=E91EA965632DF7EFCFBA72C6F5FD0CB4,SHA256=D49FD474D6F14C8A6B0A92EDDD126C4AC54FAC32D652D77CDD83316B2FB5D1BC,IMPHASH=00000000000000000000000000000000","SeverityValue":2,"EventTime":"2020-10-13 00:26:28","Message":"Image loaded:\r\nRuleName: -\r\nUtcTime: 2020-10-13 04:26:27.894\r\nProcessGuid: {71b87c12-d7e5-5f84-0d01-000000000500}\r\nProcessId: 3356\r\nImage: C:\\Users\\pgustavo\\Desktop\\GruntHTTP.exe\r\nImageLoaded: C:\\Windows\\assembly\\NativeImages_v4.0.30319_64\\Microsoft.Pb378ec07#\\262b28814cea510b38eabc83ce6225c8\\Microsoft.PowerShell.ConsoleHost.ni.dll\r\nFileVersion: 10.0.18362.1\r\nDescription: Microsoft.PowerShell.ConsoleHost\r\nProduct: Microsoft (R) Windows (R) Operating System\r\nCompany: Microsoft Corporation\r\nOriginalFileName: Microsoft.PowerShell.ConsoleHost.dll\r\nHashes: SHA1=2F587323D9D9CC4277965ACE8B30224A33962E40,MD5=E91EA965632DF7EFCFBA72C6F5FD0CB4,SHA256=D49FD474D6F14C8A6B0A92EDDD126C4AC54FAC32D652D77CDD83316B2FB5D1BC,IMPHASH=00000000000000000000000000000000\r\nSigned: false\r\nSignature: -\r\nSignatureStatus: Unavailable","SourceModuleName":"eventlog","AccountType":"User","Signature":"-"}
{"@timestamp":"2020-10-13T04:26:29.053Z","port":61041,"Severity":"INFO","Task":12801,"Channel":"security","tags":["mordorDataset"],"SourceModuleType":"im_msvistalog","OpcodeValue":0,"EventType":"AUDIT_SUCCESS","ExecutionProcessID":4,"Opcode":"Info","RecordNumber":118928,"ThreadID":4396,"SubjectDomainName":"THESHIRE","SubjectLogonId":"0x163d26","SourceName":"Microsoft-Windows-Security-Auditing","Keywords":-9214364837600034816,"HandleId":"0x287c","EventID":4658,"Category":"Registry","ProcessId":"0xd1c","Version":0,"@version":"1","host":"wec.internal.cloudapp.net","Hostname":"WORKSTATION5.theshire.local","ProcessName":"C:\\Users\\pgustavo\\Desktop\\GruntHTTP.exe","ObjectServer":"Security","EventReceivedTime":"2020-10-13 00:26:29","SeverityValue":2,"EventTime":"2020-10-13 00:26:28","ProviderGuid":"{54849625-5478-4994-A5BA-3E3B0328C30D}","Message":"The handle to an object was closed.\r\n\r\nSubject :\r\n\tSecurity ID:\t\tS-1-5-21-4107722679-1012484280-3777968168-1104\r\n\tAccount Name:\t\tpgustavo\r\n\tAccount Domain:\t\tTHESHIRE\r\n\tLogon ID:\t\t0x163D26\r\n\r\nObject:\r\n\tObject Server:\t\tSecurity\r\n\tHandle ID:\t\t0x287c\r\n\r\nProcess Information:\r\n\tProcess ID:\t\t0xd1c\r\n\tProcess Name:\t\tC:\\Users\\pgustavo\\Desktop\\GruntHTTP.exe","SubjectUserName":"pgustavo","SourceModuleName":"eventlog","SubjectUserSid":"S-1-5-21-4107722679-1012484280-3777968168-1104"}
{"EventTypeOrignal":"INFO","RuleName":"-","@timestamp":"2020-10-13T04:26:29.053Z","port":61041,"Severity":"INFO","Task":12,"Channel":"Microsoft-Windows-Sysmon/Operational","UtcTime":"2020-10-13 04:26:28.705","UserID":"S-1-5-18","SourceModuleType":"im_msvistalog","OpcodeValue":0,"tags":["mordorDataset"],"TargetObject":"HKCR","ExecutionProcessID":3592,"Opcode":"Info","RecordNumber":205381,"ThreadID":4780,"EventType":"CreateKey","SourceName":"Microsoft-Windows-Sysmon","Keywords":-9223372036854775808,"Image":"C:\\windows\\system32\\svchost.exe","EventID":12,"Domain":"NT AUTHORITY","Category":"Registry object added or deleted (rule: RegistryEvent)","Version":2,"ProcessId":"2636","@version":"1","AccountName":"SYSTEM","ProcessGuid":"{37c5a1b2-c0ce-5f84-3c00-000000000400}","host":"wec.internal.cloudapp.net","Hostname":"WORKSTATION6.theshire.local","EventReceivedTime":"2020-10-13 00:26:29","SeverityValue":2,"EventTime":"2020-10-13 00:26:28","ProviderGuid":"{5770385F-C22A-43E0-BF4C-06F5698FFBD9}","Message":"Registry object added or deleted:\r\nRuleName: -\r\nEventType: CreateKey\r\nUtcTime: 2020-10-13 04:26:28.705\r\nProcessGuid: {37c5a1b2-c0ce-5f84-3c00-000000000400}\r\nProcessId: 2636\r\nImage: C:\\windows\\system32\\svchost.exe\r\nTargetObject: HKCR","SourceModuleName":"eventlog","AccountType":"User"}
{"@timestamp":"2020-10-13T04:26:29.053Z","AccessReason":"-","Channel":"security","SubjectDomainName":"THESHIRE","RecordNumber":118929,"ThreadID":4396,"SubjectLogonId":"0x163d26","TransactionId":"{00000000-0000-0000-0000-000000000000}","ObjectName":"\\REGISTRY\\MACHINE\\SOFTWARE\\Microsoft\\.NETFramework","ProcessId":"0xd1c","Version":1,"Hostname":"WORKSTATION5.theshire.local","EventReceivedTime":"2020-10-13 00:26:29","ProviderGuid":"{54849625-5478-4994-A5BA-3E3B0328C30D}","SubjectUserName":"pgustavo","RestrictedSidCount":"0","port":61041,"Severity":"INFO","ResourceAttributes":"-","Task":12801,"tags":["mordorDataset"],"SourceModuleType":"im_msvistalog","OpcodeValue":0,"EventType":"AUDIT_SUCCESS","ExecutionProcessID":4,"Opcode":"Info","ObjectType":"Key","SourceName":"Microsoft-Windows-Security-Auditing","Keywords":-9214364837600034816,"AccessList":"%%1538\r\n\t\t\t\t%%4432\r\n\t\t\t\t%%4435\r\n\t\t\t\t%%4436\r\n\t\t\t\t","HandleId":"0x834","EventID":4656,"Category":"Registry","@version":"1","host":"wec.internal.cloudapp.net","AccessMask":"0x20019","ObjectServer":"Security","ProcessName":"C:\\Users\\pgustavo\\Desktop\\GruntHTTP.exe","SeverityValue":2,"EventTime":"2020-10-13 00:26:28","Message":"A handle to an object was requested.\r\n\r\nSubject:\r\n\tSecurity ID:\t\tS-1-5-21-4107722679-1012484280-3777968168-1104\r\n\tAccount Name:\t\tpgustavo\r\n\tAccount Domain:\t\tTHESHIRE\r\n\tLogon ID:\t\t0x163D26\r\n\r\nObject:\r\n\tObject Server:\t\tSecurity\r\n\tObject Type:\t\tKey\r\n\tObject Name:\t\t\\REGISTRY\\MACHINE\\SOFTWARE\\Microsoft\\.NETFramework\r\n\tHandle ID:\t\t0x834\r\n\tResource Attributes:\t-\r\n\r\nProcess Information:\r\n\tProcess ID:\t\t0xd1c\r\n\tProcess Name:\t\tC:\\Users\\pgustavo\\Desktop\\GruntHTTP.exe\r\n\r\nAccess Request Information:\r\n\tTransaction ID:\t\t{00000000-0000-0000-0000-000000000000}\r\n\tAccesses:\t\tREAD_CONTROL\r\n\t\t\t\tQuery key value\r\n\t\t\t\tEnumerate sub-keys\r\n\t\t\t\tNotify about changes to keys\r\n\t\t\t\t\r\n\tAccess Reasons:\t\t-\r\n\tAccess Mask:\t\t0x20019\r\n\tPrivileges Used for Access Check:\t-\r\n\tRestricted SID Count:\t0","PrivilegeList":"-","SourceModuleName":"eventlog","SubjectUserSid":"S-1-5-21-4107722679-1012484280-3777968168-1104"}
{"RuleName":"-","@timestamp":"2020-10-13T04:26:29.053Z","SignatureStatus":"Unavailable","Channel":"Microsoft-Windows-Sysmon/Operational","UserID":"S-1-5-18","RecordNumber":386345,"ThreadID":3216,"Image":"C:\\Users\\pgustavo\\Desktop\\GruntHTTP.exe","ProcessId":"3356","Company":"Microsoft Corporation","Version":3,"Hostname":"WORKSTATION5.theshire.local","ImageLoaded":"C:\\Windows\\assembly\\NativeImages_v4.0.30319_64\\Microsoft.P521220ea#\\1363cd89e9f32225b3cc34ece22d9666\\Microsoft.PowerShell.Commands.Utility.ni.dll","Description":"Microsoft Windows PowerShell Utility Commands","EventReceivedTime":"2020-10-13 00:26:29","ProviderGuid":"{5770385F-C22A-43E0-BF4C-06F5698FFBD9}","Signed":"false","UtcTime":"2020-10-13 04:26:28.050","port":61041,"Severity":"INFO","tags":["mordorDataset"],"Task":7,"SourceModuleType":"im_msvistalog","OpcodeValue":0,"EventType":"INFO","ExecutionProcessID":3312,"Opcode":"Info","SourceName":"Microsoft-Windows-Sysmon","Product":"Microsoft (R) Windows (R) Operating System","Keywords":-9223372036854775808,"FileVersion":"10.0.18362.1082","EventID":7,"Domain":"NT AUTHORITY","Category":"Image loaded (rule: ImageLoad)","OriginalFileName":"Microsoft.PowerShell.Commands.Utility.dll","@version":"1","AccountName":"SYSTEM","ProcessGuid":"{71b87c12-d7e5-5f84-0d01-000000000500}","host":"wec.internal.cloudapp.net","Hashes":"SHA1=D94006CC7E2EE4053F92F0F3F1CCC259B4E8A79D,MD5=08C14FF5CBF0A5A0CDEB321CB1134BF3,SHA256=96DBC22FD6803A84CBE39133537DF752E63B7514FDD129C5855B45477C50E162,IMPHASH=00000000000000000000000000000000","SeverityValue":2,"EventTime":"2020-10-13 00:26:28","Message":"Image loaded:\r\nRuleName: -\r\nUtcTime: 2020-10-13 04:26:28.050\r\nProcessGuid: {71b87c12-d7e5-5f84-0d01-000000000500}\r\nProcessId: 3356\r\nImage: C:\\Users\\pgustavo\\Desktop\\GruntHTTP.exe\r\nImageLoaded: C:\\Windows\\assembly\\NativeImages_v4.0.30319_64\\Microsoft.P521220ea#\\1363cd89e9f32225b3cc34ece22d9666\\Microsoft.PowerShell.Commands.Utility.ni.dll\r\nFileVersion: 10.0.18362.1082\r\nDescription: Microsoft Windows PowerShell Utility Commands\r\nProduct: Microsoft (R) Windows (R) Operating System\r\nCompany: Microsoft Corporation\r\nOriginalFileName: Microsoft.PowerShell.Commands.Utility.dll\r\nHashes: SHA1=D94006CC7E2EE4053F92F0F3F1CCC259B4E8A79D,MD5=08C14FF5CBF0A5A0CDEB321CB1134BF3,SHA256=96DBC22FD6803A84CBE39133537DF752E63B7514FDD129C5855B45477C50E162,IMPHASH=00000000000000000000000000000000\r\nSigned: false\r\nSignature: -\r\nSignatureStatus: Unavailable","SourceModuleName":"eventlog","AccountType":"User","Signature":"-"}
{"EventTypeOrignal":"INFO","RuleName":"-","@timestamp":"2020-10-13T04:26:29.054Z","port":61041,"Severity":"INFO","Task":12,"Channel":"Microsoft-Windows-Sysmon/Operational","UtcTime":"2020-10-13 04:26:28.705","UserID":"S-1-5-18","SourceModuleType":"im_msvistalog","OpcodeValue":0,"tags":["mordorDataset"],"TargetObject":"HKCR","ExecutionProcessID":3592,"Opcode":"Info","RecordNumber":205382,"ThreadID":4780,"EventType":"CreateKey","SourceName":"Microsoft-Windows-Sysmon","Keywords":-9223372036854775808,"Image":"C:\\windows\\system32\\svchost.exe","EventID":12,"Domain":"NT AUTHORITY","Category":"Registry object added or deleted (rule: RegistryEvent)","Version":2,"ProcessId":"2636","@version":"1","AccountName":"SYSTEM","ProcessGuid":"{37c5a1b2-c0ce-5f84-3c00-000000000400}","host":"wec.internal.cloudapp.net","Hostname":"WORKSTATION6.theshire.local","EventReceivedTime":"2020-10-13 00:26:29","SeverityValue":2,"EventTime":"2020-10-13 00:26:28","ProviderGuid":"{5770385F-C22A-43E0-BF4C-06F5698FFBD9}","Message":"Registry object added or deleted:\r\nRuleName: -\r\nEventType: CreateKey\r\nUtcTime: 2020-10-13 04:26:28.705\r\nProcessGuid: {37c5a1b2-c0ce-5f84-3c00-000000000400}\r\nProcessId: 2636\r\nImage: C:\\windows\\system32\\svchost.exe\r\nTargetObject: HKCR","SourceModuleName":"eventlog","AccountType":"User"}
{"@timestamp":"2020-10-13T04:26:29.054Z","port":61041,"Severity":"INFO","Task":12801,"Channel":"security","tags":["mordorDataset"],"SourceModuleType":"im_msvistalog","OpcodeValue":0,"EventType":"AUDIT_SUCCESS","ExecutionProcessID":4,"Opcode":"Info","RecordNumber":118930,"ThreadID":4396,"SubjectDomainName":"THESHIRE","SubjectLogonId":"0x163d26","SourceName":"Microsoft-Windows-Security-Auditing","Keywords":-9214364837600034816,"HandleId":"0x834","EventID":4658,"Category":"Registry","ProcessId":"0xd1c","Version":0,"@version":"1","host":"wec.internal.cloudapp.net","Hostname":"WORKSTATION5.theshire.local","ProcessName":"C:\\Users\\pgustavo\\Desktop\\GruntHTTP.exe","ObjectServer":"Security","EventReceivedTime":"2020-10-13 00:26:29","SeverityValue":2,"EventTime":"2020-10-13 00:26:28","ProviderGuid":"{54849625-5478-4994-A5BA-3E3B0328C30D}","Message":"The handle to an object was closed.\r\n\r\nSubject :\r\n\tSecurity ID:\t\tS-1-5-21-4107722679-1012484280-3777968168-1104\r\n\tAccount Name:\t\tpgustavo\r\n\tAccount Domain:\t\tTHESHIRE\r\n\tLogon ID:\t\t0x163D26\r\n\r\nObject:\r\n\tObject Server:\t\tSecurity\r\n\tHandle ID:\t\t0x834\r\n\r\nProcess Information:\r\n\tProcess ID:\t\t0xd1c\r\n\tProcess Name:\t\tC:\\Users\\pgustavo\\Desktop\\GruntHTTP.exe","SubjectUserName":"pgustavo","SourceModuleName":"eventlog","SubjectUserSid":"S-1-5-21-4107722679-1012484280-3777968168-1104"}
{"RuleName":"-","@timestamp":"2020-10-13T04:26:29.054Z","SignatureStatus":"Unavailable","Channel":"Microsoft-Windows-Sysmon/Operational","UserID":"S-1-5-18","RecordNumber":386346,"ThreadID":3216,"Image":"C:\\Users\\pgustavo\\Desktop\\GruntHTTP.exe","ProcessId":"3356","Company":"Microsoft Corporation","Version":3,"Hostname":"WORKSTATION5.theshire.local","ImageLoaded":"C:\\Windows\\assembly\\NativeImages_v4.0.30319_64\\Microsoft.Pae3498d9#\\bf11fb2b1f7d3f3ec08be94b238bafa6\\Microsoft.PowerShell.Commands.Management.ni.dll","Description":"Microsoft Windows PowerShell Management Commands","EventReceivedTime":"2020-10-13 00:26:29","ProviderGuid":"{5770385F-C22A-43E0-BF4C-06F5698FFBD9}","Signed":"false","UtcTime":"2020-10-13 04:26:28.081","port":61041,"Severity":"INFO","tags":["mordorDataset"],"Task":7,"SourceModuleType":"im_msvistalog","OpcodeValue":0,"EventType":"INFO","ExecutionProcessID":3312,"Opcode":"Info","SourceName":"Microsoft-Windows-Sysmon","Product":"Microsoft (R) Windows (R) Operating System","Keywords":-9223372036854775808,"FileVersion":"10.0.18362.1","EventID":7,"Domain":"NT AUTHORITY","Category":"Image loaded (rule: ImageLoad)","OriginalFileName":"Microsoft.PowerShell.Commands.Management.dll","@version":"1","AccountName":"SYSTEM","ProcessGuid":"{71b87c12-d7e5-5f84-0d01-000000000500}","host":"wec.internal.cloudapp.net","Hashes":"SHA1=64D825FE2A1ADD9BF7345A0B1E03EEC467F611FF,MD5=AABF50E0EC288F82CDFB0379EF325C5E,SHA256=788899FD73D20775AE9D931AAC3DFE273FB9CDC38430BC50CB048CB72A0F5494,IMPHASH=00000000000000000000000000000000","SeverityValue":2,"EventTime":"2020-10-13 00:26:28","Message":"Image loaded:\r\nRuleName: -\r\nUtcTime: 2020-10-13 04:26:28.081\r\nProcessGuid: {71b87c12-d7e5-5f84-0d01-000000000500}\r\nProcessId: 3356\r\nImage: C:\\Users\\pgustavo\\Desktop\\GruntHTTP.exe\r\nImageLoaded: C:\\Windows\\assembly\\NativeImages_v4.0.30319_64\\Microsoft.Pae3498d9#\\bf11fb2b1f7d3f3ec08be94b238bafa6\\Microsoft.PowerShell.Commands.Management.ni.dll\r\nFileVersion: 10.0.18362.1\r\nDescription: Microsoft Windows PowerShell Management Commands\r\nProduct: Microsoft (R) Windows (R) Operating System\r\nCompany: Microsoft Corporation\r\nOriginalFileName: Microsoft.PowerShell.Commands.Management.dll\r\nHashes: SHA1=64D825FE2A1ADD9BF7345A0B1E03EEC467F611FF,MD5=AABF50E0EC288F82CDFB0379EF325C5E,SHA256=788899FD73D20775AE9D931AAC3DFE273FB9CDC38430BC50CB048CB72A0F5494,IMPHASH=00000000000000000000000000000000\r\nSigned: false\r\nSignature: -\r\nSignatureStatus: Unavailable","SourceModuleName":"eventlog","AccountType":"User","Signature":"-"}
{"EventTypeOrignal":"INFO","RuleName":"-","@timestamp":"2020-10-13T04:26:29.055Z","port":61041,"Severity":"INFO","Task":12,"Channel":"Microsoft-Windows-Sysmon/Operational","UtcTime":"2020-10-13 04:26:28.705","UserID":"S-1-5-18","SourceModuleType":"im_msvistalog","OpcodeValue":0,"tags":["mordorDataset"],"TargetObject":"HKCR","ExecutionProcessID":3592,"Opcode":"Info","RecordNumber":205383,"ThreadID":4780,"EventType":"CreateKey","SourceName":"Microsoft-Windows-Sysmon","Keywords":-9223372036854775808,"Image":"C:\\windows\\system32\\svchost.exe","EventID":12,"Domain":"NT AUTHORITY","Category":"Registry object added or deleted (rule: RegistryEvent)","Version":2,"ProcessId":"2636","@version":"1","AccountName":"SYSTEM","ProcessGuid":"{37c5a1b2-c0ce-5f84-3c00-000000000400}","host":"wec.internal.cloudapp.net","Hostname":"WORKSTATION6.theshire.local","EventReceivedTime":"2020-10-13 00:26:29","SeverityValue":2,"EventTime":"2020-10-13 00:26:28","ProviderGuid":"{5770385F-C22A-43E0-BF4C-06F5698FFBD9}","Message":"Registry object added or deleted:\r\nRuleName: -\r\nEventType: CreateKey\r\nUtcTime: 2020-10-13 04:26:28.705\r\nProcessGuid: {37c5a1b2-c0ce-5f84-3c00-000000000400}\r\nProcessId: 2636\r\nImage: C:\\windows\\system32\\svchost.exe\r\nTargetObject: HKCR","SourceModuleName":"eventlog","AccountType":"User"}
{"SourceProcessId":"0xd1c","@timestamp":"2020-10-13T04:26:29.055Z","port":61041,"Severity":"INFO","Task":12807,"Channel":"security","tags":["mordorDataset"],"SourceModuleType":"im_msvistalog","OpcodeValue":0,"TargetProcessId":"0x4","EventType":"AUDIT_SUCCESS","ExecutionProcessID":4,"Opcode":"Info","RecordNumber":118931,"ThreadID":4396,"SubjectDomainName":"THESHIRE","SubjectLogonId":"0x163d26","SourceName":"Microsoft-Windows-Security-Auditing","TargetHandleId":"0x1778","Keywords":-9214364837600034816,"EventID":4690,"Category":"Handle Manipulation","SourceHandleId":"0x894","Version":0,"ProcessId":"0xd1c","@version":"1","host":"wec.internal.cloudapp.net","Hostname":"WORKSTATION5.theshire.local","EventReceivedTime":"2020-10-13 00:26:29","SeverityValue":2,"EventTime":"2020-10-13 00:26:28","ProviderGuid":"{54849625-5478-4994-A5BA-3E3B0328C30D}","Message":"An attempt was made to duplicate a handle to an object.\r\n\r\nSubject:\r\n\tSecurity ID:\t\tS-1-5-21-4107722679-1012484280-3777968168-1104\r\n\tAccount Name:\t\tpgustavo\r\n\tAccount Domain:\t\tTHESHIRE\r\n\tLogon ID:\t\t0x163D26\r\n\r\nSource Handle Information:\r\n\tSource Handle ID:\t0x894\r\n\tSource Process ID:\t0xd1c\r\n\r\nNew Handle Information:\r\n\tTarget Handle ID:\t0x1778\r\n\tTarget Process ID:\t0x4","SubjectUserName":"pgustavo","SourceModuleName":"eventlog","SubjectUserSid":"S-1-5-21-4107722679-1012484280-3777968168-1104"}
{"EventTypeOrignal":"INFO","RuleName":"-","@timestamp":"2020-10-13T04:26:29.056Z","port":61041,"Severity":"INFO","Task":18,"Channel":"Microsoft-Windows-Sysmon/Operational","UtcTime":"2020-10-13 04:26:28.503","UserID":"S-1-5-18","PipeName":"\\lsass","OpcodeValue":0,"SourceModuleType":"im_msvistalog","EventType":"ConnectPipe","ExecutionProcessID":3312,"Opcode":"Info","RecordNumber":386347,"ThreadID":3444,"tags":["mordorDataset"],"SourceName":"Microsoft-Windows-Sysmon","Keywords":-9223372036854775808,"Image":"C:\\Users\\pgustavo\\Desktop\\GruntHTTP.exe","EventID":18,"Domain":"NT AUTHORITY","Category":"Pipe Connected (rule: PipeEvent)","Version":1,"ProcessId":"3356","@version":"1","AccountName":"SYSTEM","ProcessGuid":"{71b87c12-d7e5-5f84-0d01-000000000500}","host":"wec.internal.cloudapp.net","Hostname":"WORKSTATION5.theshire.local","EventReceivedTime":"2020-10-13 00:26:29","SeverityValue":2,"EventTime":"2020-10-13 00:26:28","ProviderGuid":"{5770385F-C22A-43E0-BF4C-06F5698FFBD9}","Message":"Pipe Connected:\r\nRuleName: -\r\nEventType: ConnectPipe\r\nUtcTime: 2020-10-13 04:26:28.503\r\nProcessGuid: {71b87c12-d7e5-5f84-0d01-000000000500}\r\nProcessId: 3356\r\nPipeName: \\lsass\r\nImage: C:\\Users\\pgustavo\\Desktop\\GruntHTTP.exe","SourceModuleName":"eventlog","AccountType":"User"}
{"SourceProcessId":"744","RuleName":"-","@timestamp":"2020-10-13T04:26:29.056Z","Channel":"Microsoft-Windows-Sysmon/Operational","UserID":"S-1-5-18","TargetProcessId":"2636","CallTrace":"C:\\windows\\SYSTEM32\\ntdll.dll+9c534|C:\\windows\\system32\\lsasrv.dll+29e00|C:\\windows\\system32\\lsasrv.dll+1497b|C:\\windows\\SYSTEM32\\SspiSrv.dll+177c|C:\\windows\\System32\\RPCRT4.dll+76a53|C:\\windows\\System32\\RPCRT4.dll+da036|C:\\windows\\System32\\RPCRT4.dll+37b1c|C:\\windows\\System32\\RPCRT4.dll+54998|C:\\windows\\System32\\RPCRT4.dll+2c951|C:\\windows\\System32\\RPCRT4.dll+2c20b|C:\\windows\\System32\\RPCRT4.dll+1a86f|C:\\windows\\System32\\RPCRT4.dll+19d1a|C:\\windows\\System32\\RPCRT4.dll+19301|C:\\windows\\System32\\RPCRT4.dll+18d6e|C:\\windows\\System32\\RPCRT4.dll+169a5|C:\\windows\\SYSTEM32\\ntdll.dll+333ed|C:\\windows\\SYSTEM32\\ntdll.dll+34142|C:\\windows\\System32\\KERNEL32.DLL+17bd4|C:\\windows\\SYSTEM32\\ntdll.dll+6ce51","RecordNumber":205384,"ThreadID":4780,"SourceProcessGUID":"{37c5a1b2-c0c8-5f84-0c00-000000000400}","TargetImage":"C:\\windows\\system32\\svchost.exe","ProcessId":"744","Version":3,"Hostname":"WORKSTATION6.theshire.local","EventReceivedTime":"2020-10-13 00:26:29","ProviderGuid":"{5770385F-C22A-43E0-BF4C-06F5698FFBD9}","UtcTime":"2020-10-13 04:26:28.705","port":61041,"Severity":"INFO","tags":["mordorDataset"],"Task":10,"SourceThreadId":"5108","SourceModuleType":"im_msvistalog","OpcodeValue":0,"EventType":"INFO","ExecutionProcessID":3592,"Opcode":"Info","SourceName":"Microsoft-Windows-Sysmon","Keywords":-9223372036854775808,"EventID":10,"Domain":"NT AUTHORITY","Category":"Process accessed (rule: ProcessAccess)","@version":"1","AccountName":"SYSTEM","host":"wec.internal.cloudapp.net","SourceImage":"C:\\windows\\system32\\lsass.exe","SeverityValue":2,"EventTime":"2020-10-13 00:26:28","Message":"Process accessed:\r\nRuleName: -\r\nUtcTime: 2020-10-13 04:26:28.705\r\nSourceProcessGUID: {37c5a1b2-c0c8-5f84-0c00-000000000400}\r\nSourceProcessId: 744\r\nSourceThreadId: 5108\r\nSourceImage: C:\\windows\\system32\\lsass.exe\r\nTargetProcessGUID: {37c5a1b2-c0ce-5f84-3c00-000000000400}\r\nTargetProcessId: 2636\r\nTargetImage: C:\\windows\\system32\\svchost.exe\r\nGrantedAccess: 0x1000\r\nCallTrace: C:\\windows\\SYSTEM32\\ntdll.dll+9c534|C:\\windows\\system32\\lsasrv.dll+29e00|C:\\windows\\system32\\lsasrv.dll+1497b|C:\\windows\\SYSTEM32\\SspiSrv.dll+177c|C:\\windows\\System32\\RPCRT4.dll+76a53|C:\\windows\\System32\\RPCRT4.dll+da036|C:\\windows\\System32\\RPCRT4.dll+37b1c|C:\\windows\\System32\\RPCRT4.dll+54998|C:\\windows\\System32\\RPCRT4.dll+2c951|C:\\windows\\System32\\RPCRT4.dll+2c20b|C:\\windows\\System32\\RPCRT4.dll+1a86f|C:\\windows\\System32\\RPCRT4.dll+19d1a|C:\\windows\\System32\\RPCRT4.dll+19301|C:\\windows\\System32\\RPCRT4.dll+18d6e|C:\\windows\\System32\\RPCRT4.dll+169a5|C:\\windows\\SYSTEM32\\ntdll.dll+333ed|C:\\windows\\SYSTEM32\\ntdll.dll+34142|C:\\windows\\System32\\KERNEL32.DLL+17bd4|C:\\windows\\SYSTEM32\\ntdll.dll+6ce51","SourceModuleName":"eventlog","GrantedAccess":"0x1000","AccountType":"User","TargetProcessGUID":"{37c5a1b2-c0ce-5f84-3c00-000000000400}"}
{"@timestamp":"2020-10-13T04:26:29.056Z","port":61041,"Severity":"INFO","Task":12801,"Channel":"security","tags":["mordorDataset"],"SourceModuleType":"im_msvistalog","OpcodeValue":0,"EventType":"AUDIT_SUCCESS","ExecutionProcessID":4,"Opcode":"Info","RecordNumber":118932,"ThreadID":4396,"SubjectDomainName":"THESHIRE","SubjectLogonId":"0x163d26","SourceName":"Microsoft-Windows-Security-Auditing","Keywords":-9214364837600034816,"HandleId":"0x1778","EventID":4658,"Category":"Registry","ProcessId":"0xd1c","Version":0,"@version":"1","host":"wec.internal.cloudapp.net","Hostname":"WORKSTATION5.theshire.local","ProcessName":"C:\\Users\\pgustavo\\Desktop\\GruntHTTP.exe","ObjectServer":"Security","EventReceivedTime":"2020-10-13 00:26:29","SeverityValue":2,"EventTime":"2020-10-13 00:26:28","ProviderGuid":"{54849625-5478-4994-A5BA-3E3B0328C30D}","Message":"The handle to an object was closed.\r\n\r\nSubject :\r\n\tSecurity ID:\t\tS-1-5-21-4107722679-1012484280-3777968168-1104\r\n\tAccount Name:\t\tpgustavo\r\n\tAccount Domain:\t\tTHESHIRE\r\n\tLogon ID:\t\t0x163D26\r\n\r\nObject:\r\n\tObject Server:\t\tSecurity\r\n\tHandle ID:\t\t0x1778\r\n\r\nProcess Information:\r\n\tProcess ID:\t\t0xd1c\r\n\tProcess Name:\t\tC:\\Users\\pgustavo\\Desktop\\GruntHTTP.exe","SubjectUserName":"pgustavo","SourceModuleName":"eventlog","SubjectUserSid":"S-1-5-21-4107722679-1012484280-3777968168-1104"}
{"RuleName":"-","@timestamp":"2020-10-13T04:26:29.057Z","SignatureStatus":"Unavailable","Channel":"Microsoft-Windows-Sysmon/Operational","UserID":"S-1-5-18","RecordNumber":386348,"ThreadID":3216,"Image":"C:\\Users\\pgustavo\\Desktop\\GruntHTTP.exe","ProcessId":"3356","Company":"Microsoft Corporation","Version":3,"Hostname":"WORKSTATION5.theshire.local","ImageLoaded":"C:\\Windows\\assembly\\NativeImages_v4.0.30319_64\\Microsoft.Mf49f6405#\\d3b9c124a472efa56c6fc3113579e6ea\\Microsoft.Management.Infrastructure.ni.dll","Description":"cs","EventReceivedTime":"2020-10-13 00:26:29","ProviderGuid":"{5770385F-C22A-43E0-BF4C-06F5698FFBD9}","Signed":"false","UtcTime":"2020-10-13 04:26:28.081","port":61041,"Severity":"INFO","tags":["mordorDataset"],"Task":7,"SourceModuleType":"im_msvistalog","OpcodeValue":0,"EventType":"INFO","ExecutionProcessID":3312,"Opcode":"Info","SourceName":"Microsoft-Windows-Sysmon","Product":"Microsoft (R) Windows (R) Operating System","Keywords":-9223372036854775808,"FileVersion":"10.0.18362.1","EventID":7,"Domain":"NT AUTHORITY","Category":"Image loaded (rule: ImageLoad)","OriginalFileName":"Microsoft.Management.Infrastructure.dll","@version":"1","AccountName":"SYSTEM","ProcessGuid":"{71b87c12-d7e5-5f84-0d01-000000000500}","host":"wec.internal.cloudapp.net","Hashes":"SHA1=AF5A6322CED80C92A7FC911D34800887254F06E4,MD5=0F2C9E787B78FD86D86D1168A508E94E,SHA256=C2B2F1B4032133400FD4544279CF129B20BB0A28CDBEF09DCF53E8EDA24A181C,IMPHASH=00000000000000000000000000000000","SeverityValue":2,"EventTime":"2020-10-13 00:26:28","Message":"Image loaded:\r\nRuleName: -\r\nUtcTime: 2020-10-13 04:26:28.081\r\nProcessGuid: {71b87c12-d7e5-5f84-0d01-000000000500}\r\nProcessId: 3356\r\nImage: C:\\Users\\pgustavo\\Desktop\\GruntHTTP.exe\r\nImageLoaded: C:\\Windows\\assembly\\NativeImages_v4.0.30319_64\\Microsoft.Mf49f6405#\\d3b9c124a472efa56c6fc3113579e6ea\\Microsoft.Management.Infrastructure.ni.dll\r\nFileVersion: 10.0.18362.1\r\nDescription: cs\r\nProduct: Microsoft (R) Windows (R) Operating System\r\nCompany: Microsoft Corporation\r\nOriginalFileName: Microsoft.Management.Infrastructure.dll\r\nHashes: SHA1=AF5A6322CED80C92A7FC911D34800887254F06E4,MD5=0F2C9E787B78FD86D86D1168A508E94E,SHA256=C2B2F1B4032133400FD4544279CF129B20BB0A28CDBEF09DCF53E8EDA24A181C,IMPHASH=00000000000000000000000000000000\r\nSigned: false\r\nSignature: -\r\nSignatureStatus: Unavailable","SourceModuleName":"eventlog","AccountType":"User","Signature":"-"}
{"SourceProcessId":"448","RuleName":"-","@timestamp":"2020-10-13T04:26:29.057Z","Channel":"Microsoft-Windows-Sysmon/Operational","UserID":"S-1-5-18","TargetProcessId":"744","CallTrace":"C:\\windows\\SYSTEM32\\ntdll.dll+9c534|C:\\windows\\System32\\KERNELBASE.dll+6aec5|c:\\windows\\system32\\lsm.dll+ff97|C:\\windows\\System32\\RPCRT4.dll+76a53|C:\\windows\\System32\\RPCRT4.dll+da036|C:\\windows\\System32\\RPCRT4.dll+37b1c|C:\\windows\\System32\\RPCRT4.dll+54998|C:\\windows\\System32\\RPCRT4.dll+2c951|C:\\windows\\System32\\RPCRT4.dll+2c20b|C:\\windows\\System32\\RPCRT4.dll+1a86f|C:\\windows\\System32\\RPCRT4.dll+19d1a|C:\\windows\\System32\\RPCRT4.dll+19301|C:\\windows\\System32\\RPCRT4.dll+18d6e|C:\\windows\\System32\\RPCRT4.dll+169a5|C:\\windows\\SYSTEM32\\ntdll.dll+333ed|C:\\windows\\SYSTEM32\\ntdll.dll+34142|C:\\windows\\System32\\KERNEL32.DLL+17bd4|C:\\windows\\SYSTEM32\\ntdll.dll+6ce51","RecordNumber":205385,"ThreadID":4780,"SourceProcessGUID":"{37c5a1b2-c0c9-5f84-1200-000000000400}","TargetImage":"C:\\windows\\system32\\lsass.exe","ProcessId":"448","Version":3,"Hostname":"WORKSTATION6.theshire.local","EventReceivedTime":"2020-10-13 00:26:29","ProviderGuid":"{5770385F-C22A-43E0-BF4C-06F5698FFBD9}","UtcTime":"2020-10-13 04:26:28.705","port":61041,"Severity":"INFO","tags":["mordorDataset"],"Task":10,"SourceThreadId":"4336","SourceModuleType":"im_msvistalog","OpcodeValue":0,"EventType":"INFO","ExecutionProcessID":3592,"Opcode":"Info","SourceName":"Microsoft-Windows-Sysmon","Keywords":-9223372036854775808,"EventID":10,"Domain":"NT AUTHORITY","Category":"Process accessed (rule: ProcessAccess)","@version":"1","AccountName":"SYSTEM","host":"wec.internal.cloudapp.net","SourceImage":"C:\\windows\\system32\\svchost.exe","SeverityValue":2,"EventTime":"2020-10-13 00:26:28","Message":"Process accessed:\r\nRuleName: -\r\nUtcTime: 2020-10-13 04:26:28.705\r\nSourceProcessGUID: {37c5a1b2-c0c9-5f84-1200-000000000400}\r\nSourceProcessId: 448\r\nSourceThreadId: 4336\r\nSourceImage: C:\\windows\\system32\\svchost.exe\r\nTargetProcessGUID: {37c5a1b2-c0c8-5f84-0c00-000000000400}\r\nTargetProcessId: 744\r\nTargetImage: C:\\windows\\system32\\lsass.exe\r\nGrantedAccess: 0x1000\r\nCallTrace: C:\\windows\\SYSTEM32\\ntdll.dll+9c534|C:\\windows\\System32\\KERNELBASE.dll+6aec5|c:\\windows\\system32\\lsm.dll+ff97|C:\\windows\\System32\\RPCRT4.dll+76a53|C:\\windows\\System32\\RPCRT4.dll+da036|C:\\windows\\System32\\RPCRT4.dll+37b1c|C:\\windows\\System32\\RPCRT4.dll+54998|C:\\windows\\System32\\RPCRT4.dll+2c951|C:\\windows\\System32\\RPCRT4.dll+2c20b|C:\\windows\\System32\\RPCRT4.dll+1a86f|C:\\windows\\System32\\RPCRT4.dll+19d1a|C:\\windows\\System32\\RPCRT4.dll+19301|C:\\windows\\System32\\RPCRT4.dll+18d6e|C:\\windows\\System32\\RPCRT4.dll+169a5|C:\\windows\\SYSTEM32\\ntdll.dll+333ed|C:\\windows\\SYSTEM32\\ntdll.dll+34142|C:\\windows\\System32\\KERNEL32.DLL+17bd4|C:\\windows\\SYSTEM32\\ntdll.dll+6ce51","SourceModuleName":"eventlog","GrantedAccess":"0x1000","AccountType":"User","TargetProcessGUID":"{37c5a1b2-c0c8-5f84-0c00-000000000400}"}
{"SourceProcessId":"448","RuleName":"-","@timestamp":"2020-10-13T04:26:29.058Z","Channel":"Microsoft-Windows-Sysmon/Operational","UserID":"S-1-5-18","TargetProcessId":"744","CallTrace":"C:\\windows\\SYSTEM32\\ntdll.dll+9c534|C:\\windows\\System32\\KERNELBASE.dll+6aec5|c:\\windows\\system32\\lsm.dll+10daa|c:\\windows\\system32\\lsm.dll+1008d|C:\\windows\\System32\\RPCRT4.dll+76a53|C:\\windows\\System32\\RPCRT4.dll+da036|C:\\windows\\System32\\RPCRT4.dll+37b1c|C:\\windows\\System32\\RPCRT4.dll+54998|C:\\windows\\System32\\RPCRT4.dll+2c951|C:\\windows\\System32\\RPCRT4.dll+2c20b|C:\\windows\\System32\\RPCRT4.dll+1a86f|C:\\windows\\System32\\RPCRT4.dll+19d1a|C:\\windows\\System32\\RPCRT4.dll+19301|C:\\windows\\System32\\RPCRT4.dll+18d6e|C:\\windows\\System32\\RPCRT4.dll+169a5|C:\\windows\\SYSTEM32\\ntdll.dll+333ed|C:\\windows\\SYSTEM32\\ntdll.dll+34142|C:\\windows\\System32\\KERNEL32.DLL+17bd4|C:\\windows\\SYSTEM32\\ntdll.dll+6ce51","RecordNumber":205386,"ThreadID":4780,"SourceProcessGUID":"{37c5a1b2-c0c9-5f84-1200-000000000400}","TargetImage":"C:\\windows\\system32\\lsass.exe","ProcessId":"448","Version":3,"Hostname":"WORKSTATION6.theshire.local","EventReceivedTime":"2020-10-13 00:26:29","ProviderGuid":"{5770385F-C22A-43E0-BF4C-06F5698FFBD9}","UtcTime":"2020-10-13 04:26:28.705","port":61041,"Severity":"INFO","tags":["mordorDataset"],"Task":10,"SourceThreadId":"4336","SourceModuleType":"im_msvistalog","OpcodeValue":0,"EventType":"INFO","ExecutionProcessID":3592,"Opcode":"Info","SourceName":"Microsoft-Windows-Sysmon","Keywords":-9223372036854775808,"EventID":10,"Domain":"NT AUTHORITY","Category":"Process accessed (rule: ProcessAccess)","@version":"1","AccountName":"SYSTEM","host":"wec.internal.cloudapp.net","SourceImage":"C:\\windows\\system32\\svchost.exe","SeverityValue":2,"EventTime":"2020-10-13 00:26:28","Message":"Process accessed:\r\nRuleName: -\r\nUtcTime: 2020-10-13 04:26:28.705\r\nSourceProcessGUID: {37c5a1b2-c0c9-5f84-1200-000000000400}\r\nSourceProcessId: 448\r\nSourceThreadId: 4336\r\nSourceImage: C:\\windows\\system32\\svchost.exe\r\nTargetProcessGUID: {37c5a1b2-c0c8-5f84-0c00-000000000400}\r\nTargetProcessId: 744\r\nTargetImage: C:\\windows\\system32\\lsass.exe\r\nGrantedAccess: 0x1000\r\nCallTrace: C:\\windows\\SYSTEM32\\ntdll.dll+9c534|C:\\windows\\System32\\KERNELBASE.dll+6aec5|c:\\windows\\system32\\lsm.dll+10daa|c:\\windows\\system32\\lsm.dll+1008d|C:\\windows\\System32\\RPCRT4.dll+76a53|C:\\windows\\System32\\RPCRT4.dll+da036|C:\\windows\\System32\\RPCRT4.dll+37b1c|C:\\windows\\System32\\RPCRT4.dll+54998|C:\\windows\\System32\\RPCRT4.dll+2c951|C:\\windows\\System32\\RPCRT4.dll+2c20b|C:\\windows\\System32\\RPCRT4.dll+1a86f|C:\\windows\\System32\\RPCRT4.dll+19d1a|C:\\windows\\System32\\RPCRT4.dll+19301|C:\\windows\\System32\\RPCRT4.dll+18d6e|C:\\windows\\System32\\RPCRT4.dll+169a5|C:\\windows\\SYSTEM32\\ntdll.dll+333ed|C:\\windows\\SYSTEM32\\ntdll.dll+34142|C:\\windows\\System32\\KERNEL32.DLL+17bd4|C:\\windows\\SYSTEM32\\ntdll.dll+6ce51","SourceModuleName":"eventlog","GrantedAccess":"0x1000","AccountType":"User","TargetProcessGUID":"{37c5a1b2-c0c8-5f84-0c00-000000000400}"}
{"@timestamp":"2020-10-13T04:26:29.059Z","AccessReason":"-","Channel":"security","SubjectDomainName":"THESHIRE","RecordNumber":118933,"ThreadID":4396,"SubjectLogonId":"0x163d26","TransactionId":"{00000000-0000-0000-0000-000000000000}","ObjectName":"\\REGISTRY\\MACHINE\\SOFTWARE\\Microsoft\\Windows NT\\CurrentVersion\\Winlogon","ProcessId":"0xd1c","Version":1,"Hostname":"WORKSTATION5.theshire.local","EventReceivedTime":"2020-10-13 00:26:29","ProviderGuid":"{54849625-5478-4994-A5BA-3E3B0328C30D}","SubjectUserName":"pgustavo","RestrictedSidCount":"0","port":61041,"Severity":"INFO","ResourceAttributes":"-","Task":12801,"tags":["mordorDataset"],"SourceModuleType":"im_msvistalog","OpcodeValue":0,"EventType":"AUDIT_SUCCESS","ExecutionProcessID":4,"Opcode":"Info","ObjectType":"Key","SourceName":"Microsoft-Windows-Security-Auditing","Keywords":-9214364837600034816,"AccessList":"%%1538\r\n\t\t\t\t%%4432\r\n\t\t\t\t%%4435\r\n\t\t\t\t%%4436\r\n\t\t\t\t","HandleId":"0x894","EventID":4656,"Category":"Registry","@version":"1","host":"wec.internal.cloudapp.net","AccessMask":"0x20019","ObjectServer":"Security","ProcessName":"C:\\Users\\pgustavo\\Desktop\\GruntHTTP.exe","SeverityValue":2,"EventTime":"2020-10-13 00:26:28","Message":"A handle to an object was requested.\r\n\r\nSubject:\r\n\tSecurity ID:\t\tS-1-5-21-4107722679-1012484280-3777968168-1104\r\n\tAccount Name:\t\tpgustavo\r\n\tAccount Domain:\t\tTHESHIRE\r\n\tLogon ID:\t\t0x163D26\r\n\r\nObject:\r\n\tObject Server:\t\tSecurity\r\n\tObject Type:\t\tKey\r\n\tObject Name:\t\t\\REGISTRY\\MACHINE\\SOFTWARE\\Microsoft\\Windows NT\\CurrentVersion\\Winlogon\r\n\tHandle ID:\t\t0x894\r\n\tResource Attributes:\t-\r\n\r\nProcess Information:\r\n\tProcess ID:\t\t0xd1c\r\n\tProcess Name:\t\tC:\\Users\\pgustavo\\Desktop\\GruntHTTP.exe\r\n\r\nAccess Request Information:\r\n\tTransaction ID:\t\t{00000000-0000-0000-0000-000000000000}\r\n\tAccesses:\t\tREAD_CONTROL\r\n\t\t\t\tQuery key value\r\n\t\t\t\tEnumerate sub-keys\r\n\t\t\t\tNotify about changes to keys\r\n\t\t\t\t\r\n\tAccess Reasons:\t\t-\r\n\tAccess Mask:\t\t0x20019\r\n\tPrivileges Used for Access Check:\t-\r\n\tRestricted SID Count:\t0","PrivilegeList":"-","SourceModuleName":"eventlog","SubjectUserSid":"S-1-5-21-4107722679-1012484280-3777968168-1104"}
{"RuleName":"-","@timestamp":"2020-10-13T04:26:29.059Z","SignatureStatus":"Unavailable","Channel":"Microsoft-Windows-Sysmon/Operational","UserID":"S-1-5-18","RecordNumber":386349,"ThreadID":3216,"Image":"C:\\Users\\pgustavo\\Desktop\\GruntHTTP.exe","ProcessId":"3356","Company":"Microsoft Corporation","Version":3,"Hostname":"WORKSTATION5.theshire.local","ImageLoaded":"C:\\Windows\\assembly\\NativeImages_v4.0.30319_64\\Microsoft.P6f792626#\\c99d161733c1c3b7491854374cd0d325\\Microsoft.PowerShell.Security.ni.dll","Description":"Microsoft Windows PowerShell Management Commands","EventReceivedTime":"2020-10-13 00:26:29","ProviderGuid":"{5770385F-C22A-43E0-BF4C-06F5698FFBD9}","Signed":"false","UtcTime":"2020-10-13 04:26:28.097","port":61041,"Severity":"INFO","tags":["mordorDataset"],"Task":7,"SourceModuleType":"im_msvistalog","OpcodeValue":0,"EventType":"INFO","ExecutionProcessID":3312,"Opcode":"Info","SourceName":"Microsoft-Windows-Sysmon","Product":"Microsoft (R) Windows (R) Operating System","Keywords":-9223372036854775808,"FileVersion":"10.0.18362.1","EventID":7,"Domain":"NT AUTHORITY","Category":"Image loaded (rule: ImageLoad)","OriginalFileName":"Microsoft.PowerShell.Security.dll","@version":"1","AccountName":"SYSTEM","ProcessGuid":"{71b87c12-d7e5-5f84-0d01-000000000500}","host":"wec.internal.cloudapp.net","Hashes":"SHA1=87B32CF4870631D901A16F1AE343F184B18B2E40,MD5=A0A3AC02BCCB998043973D0E96083652,SHA256=F4AF19B6DCF194C077A05BDC2A23A53CA48C446CE56CE54364EA77CB60CB4774,IMPHASH=00000000000000000000000000000000","SeverityValue":2,"EventTime":"2020-10-13 00:26:28","Message":"Image loaded:\r\nRuleName: -\r\nUtcTime: 2020-10-13 04:26:28.097\r\nProcessGuid: {71b87c12-d7e5-5f84-0d01-000000000500}\r\nProcessId: 3356\r\nImage: C:\\Users\\pgustavo\\Desktop\\GruntHTTP.exe\r\nImageLoaded: C:\\Windows\\assembly\\NativeImages_v4.0.30319_64\\Microsoft.P6f792626#\\c99d161733c1c3b7491854374cd0d325\\Microsoft.PowerShell.Security.ni.dll\r\nFileVersion: 10.0.18362.1\r\nDescription: Microsoft Windows PowerShell Management Commands\r\nProduct: Microsoft (R) Windows (R) Operating System\r\nCompany: Microsoft Corporation\r\nOriginalFileName: Microsoft.PowerShell.Security.dll\r\nHashes: SHA1=87B32CF4870631D901A16F1AE343F184B18B2E40,MD5=A0A3AC02BCCB998043973D0E96083652,SHA256=F4AF19B6DCF194C077A05BDC2A23A53CA48C446CE56CE54364EA77CB60CB4774,IMPHASH=00000000000000000000000000000000\r\nSigned: false\r\nSignature: -\r\nSignatureStatus: Unavailable","SourceModuleName":"eventlog","AccountType":"User","Signature":"-"}
