{"SeverityValue":2,"SourceImage":"C:\\windows\\system32\\svchost.exe","EventReceivedTime":"2020-09-17 17:33:00","EventID":10,"ProviderGuid":"{5770385F-C22A-43E0-BF4C-06F5698FFBD9}","ExecutionProcessID":3228,"Channel":"Microsoft-Windows-Sysmon/Operational","host":"wec.internal.cloudapp.net","AccountType":"User","SourceProcessGUID":"{b34bc01c-7fb1-5f63-2c00-000000000400}","ProcessId":"1904","Opcode":"Info","EventTime":"2020-09-17 17:32:59","SourceModuleType":"im_msvistalog","AccountName":"SYSTEM","Domain":"NT AUTHORITY","@version":"1","OpcodeValue":0,"Severity":"INFO","SourceName":"Microsoft-Windows-Sysmon","TargetProcessId":"588","Category":"Process accessed (rule: ProcessAccess)","Keywords":-9223372036854775808,"TargetImage":"C:\\windows\\system32\\wininit.exe","GrantedAccess":"0x3000","UserID":"S-1-5-18","ThreadID":4288,"EventType":"INFO","Message":"Process accessed:\r\nRuleName: -\r\nUtcTime: 2020-09-17 21:32:59.300\r\nSourceProcessGUID: {b34bc01c-7fb1-5f63-2c00-000000000400}\r\nSourceProcessId: 1904\r\nSourceThreadId: 1980\r\nSourceImage: C:\\windows\\system32\\svchost.exe\r\nTargetProcessGUID: {b34bc01c-7fad-5f63-0800-000000000400}\r\nTargetProcessId: 588\r\nTargetImage: C:\\windows\\system32\\wininit.exe\r\nGrantedAccess: 0x3000\r\nCallTrace: C:\\windows\\SYSTEM32\\ntdll.dll+9c534|C:\\windows\\System32\\KERNELBASE.dll+305fe|c:\\windows\\system32\\sysmain.dll+44b1f|c:\\windows\\system32\\sysmain.dll+1e899|c:\\windows\\system32\\sysmain.dll+1e7be|c:\\windows\\system32\\sysmain.dll+1e6a5|c:\\windows\\system32\\sysmain.dll+1e509|c:\\windows\\system32\\sysmain.dll+1c32b|c:\\windows\\system32\\sysmain.dll+1bf95|c:\\windows\\system32\\sysmain.dll+74b0d|c:\\windows\\system32\\sysmain.dll+73b32|c:\\windows\\system32\\sysmain.dll+601a3|C:\\windows\\system32\\svchost.exe+314c|C:\\windows\\System32\\sechost.dll+2de2|C:\\windows\\System32\\KERNEL32.DLL+17bd4|C:\\windows\\SYSTEM32\\ntdll.dll+6ce51","@timestamp":"2020-09-17T21:33:00.623Z","port":64545,"SourceThreadId":"1980","RecordNumber":637017,"SourceProcessId":"1904","Task":10,"SourceModuleName":"eventlog","TargetProcessGUID":"{b34bc01c-7fad-5f63-0800-000000000400}","Version":3,"CallTrace":"C:\\windows\\SYSTEM32\\ntdll.dll+9c534|C:\\windows\\System32\\KERNELBASE.dll+305fe|c:\\windows\\system32\\sysmain.dll+44b1f|c:\\windows\\system32\\sysmain.dll+1e899|c:\\windows\\system32\\sysmain.dll+1e7be|c:\\windows\\system32\\sysmain.dll+1e6a5|c:\\windows\\system32\\sysmain.dll+1e509|c:\\windows\\system32\\sysmain.dll+1c32b|c:\\windows\\system32\\sysmain.dll+1bf95|c:\\windows\\system32\\sysmain.dll+74b0d|c:\\windows\\system32\\sysmain.dll+73b32|c:\\windows\\system32\\sysmain.dll+601a3|C:\\windows\\system32\\svchost.exe+314c|C:\\windows\\System32\\sechost.dll+2de2|C:\\windows\\System32\\KERNEL32.DLL+17bd4|C:\\windows\\SYSTEM32\\ntdll.dll+6ce51","UtcTime":"2020-09-17 21:32:59.300","Hostname":"WORKSTATION5.theshire.local","RuleName":"-","tags":["mordorDataset"]}
{"SeverityValue":2,"SourceImage":"C:\\windows\\system32\\svchost.exe","EventReceivedTime":"2020-09-17 17:33:00","EventID":10,"ProviderGuid":"{5770385F-C22A-43E0-BF4C-06F5698FFBD9}","ExecutionProcessID":3228,"Channel":"Microsoft-Windows-Sysmon/Operational","host":"wec.internal.cloudapp.net","AccountType":"User","SourceProcessGUID":"{b34bc01c-7fb1-5f63-2c00-000000000400}","ProcessId":"1904","Opcode":"Info","EventTime":"2020-09-17 17:32:59","SourceModuleType":"im_msvistalog","AccountName":"SYSTEM","Domain":"NT AUTHORITY","@version":"1","OpcodeValue":0,"Severity":"INFO","SourceName":"Microsoft-Windows-Sysmon","TargetProcessId":"6204","Category":"Process accessed (rule: ProcessAccess)","Keywords":-9223372036854775808,"TargetImage":"C:\\windows\\system32\\svchost.exe","GrantedAccess":"0x3000","UserID":"S-1-5-18","ThreadID":4288,"EventType":"INFO","Message":"Process accessed:\r\nRuleName: -\r\nUtcTime: 2020-09-17 21:32:59.300\r\nSourceProcessGUID: {b34bc01c-7fb1-5f63-2c00-000000000400}\r\nSourceProcessId: 1904\r\nSourceThreadId: 1980\r\nSourceImage: C:\\windows\\system32\\svchost.exe\r\nTargetProcessGUID: {b34bc01c-829b-5f63-9802-000000000400}\r\nTargetProcessId: 6204\r\nTargetImage: C:\\windows\\system32\\svchost.exe\r\nGrantedAccess: 0x3000\r\nCallTrace: C:\\windows\\SYSTEM32\\ntdll.dll+9c534|C:\\windows\\System32\\KERNELBASE.dll+305fe|c:\\windows\\system32\\sysmain.dll+44b1f|c:\\windows\\system32\\sysmain.dll+1e899|c:\\windows\\system32\\sysmain.dll+1e7be|c:\\windows\\system32\\sysmain.dll+1e6a5|c:\\windows\\system32\\sysmain.dll+1e509|c:\\windows\\system32\\sysmain.dll+1c32b|c:\\windows\\system32\\sysmain.dll+1bf95|c:\\windows\\system32\\sysmain.dll+74b0d|c:\\windows\\system32\\sysmain.dll+73b32|c:\\windows\\system32\\sysmain.dll+601a3|C:\\windows\\system32\\svchost.exe+314c|C:\\windows\\System32\\sechost.dll+2de2|C:\\windows\\System32\\KERNEL32.DLL+17bd4|C:\\windows\\SYSTEM32\\ntdll.dll+6ce51","@timestamp":"2020-09-17T21:33:00.624Z","port":64545,"SourceThreadId":"1980","RecordNumber":637018,"SourceProcessId":"1904","Task":10,"SourceModuleName":"eventlog","TargetProcessGUID":"{b34bc01c-829b-5f63-9802-000000000400}","Version":3,"CallTrace":"C:\\windows\\SYSTEM32\\ntdll.dll+9c534|C:\\windows\\System32\\KERNELBASE.dll+305fe|c:\\windows\\system32\\sysmain.dll+44b1f|c:\\windows\\system32\\sysmain.dll+1e899|c:\\windows\\system32\\sysmain.dll+1e7be|c:\\windows\\system32\\sysmain.dll+1e6a5|c:\\windows\\system32\\sysmain.dll+1e509|c:\\windows\\system32\\sysmain.dll+1c32b|c:\\windows\\system32\\sysmain.dll+1bf95|c:\\windows\\system32\\sysmain.dll+74b0d|c:\\windows\\system32\\sysmain.dll+73b32|c:\\windows\\system32\\sysmain.dll+601a3|C:\\windows\\system32\\svchost.exe+314c|C:\\windows\\System32\\sechost.dll+2de2|C:\\windows\\System32\\KERNEL32.DLL+17bd4|C:\\windows\\SYSTEM32\\ntdll.dll+6ce51","UtcTime":"2020-09-17 21:32:59.300","Hostname":"WORKSTATION5.theshire.local","RuleName":"-","tags":["mordorDataset"]}
{"SeverityValue":2,"SourceImage":"C:\\windows\\system32\\svchost.exe","EventReceivedTime":"2020-09-17 17:33:00","EventID":10,"ProviderGuid":"{5770385F-C22A-43E0-BF4C-06F5698FFBD9}","ExecutionProcessID":3228,"Channel":"Microsoft-Windows-Sysmon/Operational","host":"wec.internal.cloudapp.net","AccountType":"User","SourceProcessGUID":"{b34bc01c-7fb1-5f63-2c00-000000000400}","ProcessId":"1904","Opcode":"Info","EventTime":"2020-09-17 17:32:59","SourceModuleType":"im_msvistalog","AccountName":"SYSTEM","Domain":"NT AUTHORITY","@version":"1","OpcodeValue":0,"Severity":"INFO","SourceName":"Microsoft-Windows-Sysmon","TargetProcessId":"4868","Category":"Process accessed (rule: ProcessAccess)","Keywords":-9223372036854775808,"TargetImage":"C:\\windows\\system32\\conhost.exe","GrantedAccess":"0x3000","UserID":"S-1-5-18","ThreadID":4288,"EventType":"INFO","Message":"Process accessed:\r\nRuleName: -\r\nUtcTime: 2020-09-17 21:32:59.300\r\nSourceProcessGUID: {b34bc01c-7fb1-5f63-2c00-000000000400}\r\nSourceProcessId: 1904\r\nSourceThreadId: 1980\r\nSourceImage: C:\\windows\\system32\\svchost.exe\r\nTargetProcessGUID: {b34bc01c-d5de-5f63-3906-000000000400}\r\nTargetProcessId: 4868\r\nTargetImage: C:\\windows\\system32\\conhost.exe\r\nGrantedAccess: 0x3000\r\nCallTrace: C:\\windows\\SYSTEM32\\ntdll.dll+9c534|C:\\windows\\System32\\KERNELBASE.dll+305fe|c:\\windows\\system32\\sysmain.dll+1e689|c:\\windows\\system32\\sysmain.dll+1e509|c:\\windows\\system32\\sysmain.dll+1c32b|c:\\windows\\system32\\sysmain.dll+1bf95|c:\\windows\\system32\\sysmain.dll+74b0d|c:\\windows\\system32\\sysmain.dll+73b32|c:\\windows\\system32\\sysmain.dll+601a3|C:\\windows\\system32\\svchost.exe+314c|C:\\windows\\System32\\sechost.dll+2de2|C:\\windows\\System32\\KERNEL32.DLL+17bd4|C:\\windows\\SYSTEM32\\ntdll.dll+6ce51","@timestamp":"2020-09-17T21:33:00.624Z","port":64545,"SourceThreadId":"1980","RecordNumber":637019,"SourceProcessId":"1904","Task":10,"SourceModuleName":"eventlog","TargetProcessGUID":"{b34bc01c-d5de-5f63-3906-000000000400}","Version":3,"CallTrace":"C:\\windows\\SYSTEM32\\ntdll.dll+9c534|C:\\windows\\System32\\KERNELBASE.dll+305fe|c:\\windows\\system32\\sysmain.dll+1e689|c:\\windows\\system32\\sysmain.dll+1e509|c:\\windows\\system32\\sysmain.dll+1c32b|c:\\windows\\system32\\sysmain.dll+1bf95|c:\\windows\\system32\\sysmain.dll+74b0d|c:\\windows\\system32\\sysmain.dll+73b32|c:\\windows\\system32\\sysmain.dll+601a3|C:\\windows\\system32\\svchost.exe+314c|C:\\windows\\System32\\sechost.dll+2de2|C:\\windows\\System32\\KERNEL32.DLL+17bd4|C:\\windows\\SYSTEM32\\ntdll.dll+6ce51","UtcTime":"2020-09-17 21:32:59.300","Hostname":"WORKSTATION5.theshire.local","RuleName":"-","tags":["mordorDataset"]}
{"SeverityValue":2,"SourceImage":"C:\\windows\\system32\\svchost.exe","EventReceivedTime":"2020-09-17 17:33:00","EventID":10,"ProviderGuid":"{5770385F-C22A-43E0-BF4C-06F5698FFBD9}","ExecutionProcessID":3228,"Channel":"Microsoft-Windows-Sysmon/Operational","host":"wec.internal.cloudapp.net","AccountType":"User","SourceProcessGUID":"{b34bc01c-7fb1-5f63-2c00-000000000400}","ProcessId":"1904","Opcode":"Info","EventTime":"2020-09-17 17:32:59","SourceModuleType":"im_msvistalog","AccountName":"SYSTEM","Domain":"NT AUTHORITY","@version":"1","OpcodeValue":0,"Severity":"INFO","SourceName":"Microsoft-Windows-Sysmon","TargetProcessId":"6204","Category":"Process accessed (rule: ProcessAccess)","Keywords":-9223372036854775808,"TargetImage":"C:\\windows\\system32\\svchost.exe","GrantedAccess":"0x3000","UserID":"S-1-5-18","ThreadID":4288,"EventType":"INFO","Message":"Process accessed:\r\nRuleName: -\r\nUtcTime: 2020-09-17 21:32:59.300\r\nSourceProcessGUID: {b34bc01c-7fb1-5f63-2c00-000000000400}\r\nSourceProcessId: 1904\r\nSourceThreadId: 1980\r\nSourceImage: C:\\windows\\system32\\svchost.exe\r\nTargetProcessGUID: {b34bc01c-829b-5f63-9802-000000000400}\r\nTargetProcessId: 6204\r\nTargetImage: C:\\windows\\system32\\svchost.exe\r\nGrantedAccess: 0x3000\r\nCallTrace: C:\\windows\\SYSTEM32\\ntdll.dll+9c534|C:\\windows\\System32\\KERNELBASE.dll+305fe|c:\\windows\\system32\\sysmain.dll+44b1f|c:\\windows\\system32\\sysmain.dll+1e899|c:\\windows\\system32\\sysmain.dll+1e7be|c:\\windows\\system32\\sysmain.dll+1e6a5|c:\\windows\\system32\\sysmain.dll+1e509|c:\\windows\\system32\\sysmain.dll+1c32b|c:\\windows\\system32\\sysmain.dll+1bf95|c:\\windows\\system32\\sysmain.dll+74b0d|c:\\windows\\system32\\sysmain.dll+73b32|c:\\windows\\system32\\sysmain.dll+601a3|C:\\windows\\system32\\svchost.exe+314c|C:\\windows\\System32\\sechost.dll+2de2|C:\\windows\\System32\\KERNEL32.DLL+17bd4|C:\\windows\\SYSTEM32\\ntdll.dll+6ce51","@timestamp":"2020-09-17T21:33:00.624Z","port":64545,"SourceThreadId":"1980","RecordNumber":637020,"SourceProcessId":"1904","Task":10,"SourceModuleName":"eventlog","TargetProcessGUID":"{b34bc01c-829b-5f63-9802-000000000400}","Version":3,"CallTrace":"C:\\windows\\SYSTEM32\\ntdll.dll+9c534|C:\\windows\\System32\\KERNELBASE.dll+305fe|c:\\windows\\system32\\sysmain.dll+44b1f|c:\\windows\\system32\\sysmain.dll+1e899|c:\\windows\\system32\\sysmain.dll+1e7be|c:\\windows\\system32\\sysmain.dll+1e6a5|c:\\windows\\system32\\sysmain.dll+1e509|c:\\windows\\system32\\sysmain.dll+1c32b|c:\\windows\\system32\\sysmain.dll+1bf95|c:\\windows\\system32\\sysmain.dll+74b0d|c:\\windows\\system32\\sysmain.dll+73b32|c:\\windows\\system32\\sysmain.dll+601a3|C:\\windows\\system32\\svchost.exe+314c|C:\\windows\\System32\\sechost.dll+2de2|C:\\windows\\System32\\KERNEL32.DLL+17bd4|C:\\windows\\SYSTEM32\\ntdll.dll+6ce51","UtcTime":"2020-09-17 21:32:59.300","Hostname":"WORKSTATION5.theshire.local","RuleName":"-","tags":["mordorDataset"]}
{"SeverityValue":2,"SourceImage":"C:\\windows\\system32\\svchost.exe","EventReceivedTime":"2020-09-17 17:33:00","EventID":10,"ProviderGuid":"{5770385F-C22A-43E0-BF4C-06F5698FFBD9}","ExecutionProcessID":3228,"Channel":"Microsoft-Windows-Sysmon/Operational","host":"wec.internal.cloudapp.net","AccountType":"User","SourceProcessGUID":"{b34bc01c-7fb1-5f63-2c00-000000000400}","ProcessId":"1904","Opcode":"Info","EventTime":"2020-09-17 17:32:59","SourceModuleType":"im_msvistalog","AccountName":"SYSTEM","Domain":"NT AUTHORITY","@version":"1","OpcodeValue":0,"Severity":"INFO","SourceName":"Microsoft-Windows-Sysmon","TargetProcessId":"7400","Category":"Process accessed (rule: ProcessAccess)","Keywords":-9223372036854775808,"TargetImage":"C:\\Users\\pgustavo\\Desktop\\MoveExcel4.exe","GrantedAccess":"0x3000","UserID":"S-1-5-18","ThreadID":4288,"EventType":"INFO","Message":"Process accessed:\r\nRuleName: -\r\nUtcTime: 2020-09-17 21:32:59.300\r\nSourceProcessGUID: {b34bc01c-7fb1-5f63-2c00-000000000400}\r\nSourceProcessId: 1904\r\nSourceThreadId: 1980\r\nSourceImage: C:\\windows\\system32\\svchost.exe\r\nTargetProcessGUID: {b34bc01c-d5de-5f63-3a06-000000000400}\r\nTargetProcessId: 7400\r\nTargetImage: C:\\Users\\pgustavo\\Desktop\\MoveExcel4.exe\r\nGrantedAccess: 0x3000\r\nCallTrace: C:\\windows\\SYSTEM32\\ntdll.dll+9c534|C:\\windows\\System32\\KERNELBASE.dll+305fe|c:\\windows\\system32\\sysmain.dll+1e689|c:\\windows\\system32\\sysmain.dll+1e509|c:\\windows\\system32\\sysmain.dll+1c32b|c:\\windows\\system32\\sysmain.dll+1bf95|c:\\windows\\system32\\sysmain.dll+74b0d|c:\\windows\\system32\\sysmain.dll+73b32|c:\\windows\\system32\\sysmain.dll+601a3|C:\\windows\\system32\\svchost.exe+314c|C:\\windows\\System32\\sechost.dll+2de2|C:\\windows\\System32\\KERNEL32.DLL+17bd4|C:\\windows\\SYSTEM32\\ntdll.dll+6ce51","@timestamp":"2020-09-17T21:33:00.625Z","port":64545,"SourceThreadId":"1980","RecordNumber":637021,"SourceProcessId":"1904","Task":10,"SourceModuleName":"eventlog","TargetProcessGUID":"{b34bc01c-d5de-5f63-3a06-000000000400}","Version":3,"CallTrace":"C:\\windows\\SYSTEM32\\ntdll.dll+9c534|C:\\windows\\System32\\KERNELBASE.dll+305fe|c:\\windows\\system32\\sysmain.dll+1e689|c:\\windows\\system32\\sysmain.dll+1e509|c:\\windows\\system32\\sysmain.dll+1c32b|c:\\windows\\system32\\sysmain.dll+1bf95|c:\\windows\\system32\\sysmain.dll+74b0d|c:\\windows\\system32\\sysmain.dll+73b32|c:\\windows\\system32\\sysmain.dll+601a3|C:\\windows\\system32\\svchost.exe+314c|C:\\windows\\System32\\sechost.dll+2de2|C:\\windows\\System32\\KERNEL32.DLL+17bd4|C:\\windows\\SYSTEM32\\ntdll.dll+6ce51","UtcTime":"2020-09-17 21:32:59.300","Hostname":"WORKSTATION5.theshire.local","RuleName":"-","tags":["mordorDataset"]}
{"SeverityValue":2,"SourceImage":"C:\\windows\\system32\\svchost.exe","EventReceivedTime":"2020-09-17 17:33:00","EventID":10,"ProviderGuid":"{5770385F-C22A-43E0-BF4C-06F5698FFBD9}","ExecutionProcessID":3228,"Channel":"Microsoft-Windows-Sysmon/Operational","host":"wec.internal.cloudapp.net","AccountType":"User","SourceProcessGUID":"{b34bc01c-7fb1-5f63-2c00-000000000400}","ProcessId":"1904","Opcode":"Info","EventTime":"2020-09-17 17:32:59","SourceModuleType":"im_msvistalog","AccountName":"SYSTEM","Domain":"NT AUTHORITY","@version":"1","OpcodeValue":0,"Severity":"INFO","SourceName":"Microsoft-Windows-Sysmon","TargetProcessId":"6204","Category":"Process accessed (rule: ProcessAccess)","Keywords":-9223372036854775808,"TargetImage":"C:\\windows\\system32\\svchost.exe","GrantedAccess":"0x3000","UserID":"S-1-5-18","ThreadID":4288,"EventType":"INFO","Message":"Process accessed:\r\nRuleName: -\r\nUtcTime: 2020-09-17 21:32:59.300\r\nSourceProcessGUID: {b34bc01c-7fb1-5f63-2c00-000000000400}\r\nSourceProcessId: 1904\r\nSourceThreadId: 1980\r\nSourceImage: C:\\windows\\system32\\svchost.exe\r\nTargetProcessGUID: {b34bc01c-829b-5f63-9802-000000000400}\r\nTargetProcessId: 6204\r\nTargetImage: C:\\windows\\system32\\svchost.exe\r\nGrantedAccess: 0x3000\r\nCallTrace: C:\\windows\\SYSTEM32\\ntdll.dll+9c534|C:\\windows\\System32\\KERNELBASE.dll+305fe|c:\\windows\\system32\\sysmain.dll+44b1f|c:\\windows\\system32\\sysmain.dll+1e899|c:\\windows\\system32\\sysmain.dll+1e7be|c:\\windows\\system32\\sysmain.dll+1e6a5|c:\\windows\\system32\\sysmain.dll+1e509|c:\\windows\\system32\\sysmain.dll+1c32b|c:\\windows\\system32\\sysmain.dll+1bf95|c:\\windows\\system32\\sysmain.dll+74b0d|c:\\windows\\system32\\sysmain.dll+73b32|c:\\windows\\system32\\sysmain.dll+601a3|C:\\windows\\system32\\svchost.exe+314c|C:\\windows\\System32\\sechost.dll+2de2|C:\\windows\\System32\\KERNEL32.DLL+17bd4|C:\\windows\\SYSTEM32\\ntdll.dll+6ce51","@timestamp":"2020-09-17T21:33:00.626Z","port":64545,"SourceThreadId":"1980","RecordNumber":637022,"SourceProcessId":"1904","Task":10,"SourceModuleName":"eventlog","TargetProcessGUID":"{b34bc01c-829b-5f63-9802-000000000400}","Version":3,"CallTrace":"C:\\windows\\SYSTEM32\\ntdll.dll+9c534|C:\\windows\\System32\\KERNELBASE.dll+305fe|c:\\windows\\system32\\sysmain.dll+44b1f|c:\\windows\\system32\\sysmain.dll+1e899|c:\\windows\\system32\\sysmain.dll+1e7be|c:\\windows\\system32\\sysmain.dll+1e6a5|c:\\windows\\system32\\sysmain.dll+1e509|c:\\windows\\system32\\sysmain.dll+1c32b|c:\\windows\\system32\\sysmain.dll+1bf95|c:\\windows\\system32\\sysmain.dll+74b0d|c:\\windows\\system32\\sysmain.dll+73b32|c:\\windows\\system32\\sysmain.dll+601a3|C:\\windows\\system32\\svchost.exe+314c|C:\\windows\\System32\\sechost.dll+2de2|C:\\windows\\System32\\KERNEL32.DLL+17bd4|C:\\windows\\SYSTEM32\\ntdll.dll+6ce51","UtcTime":"2020-09-17 21:32:59.300","Hostname":"WORKSTATION5.theshire.local","RuleName":"-","tags":["mordorDataset"]}
{"Keywords":-9223372036854775808,"SeverityValue":2,"TargetObject":"HKU\\S-1-5-20\\Software\\Microsoft\\Windows\\CurrentVersion\\DeliveryOptimization\\Usage\\UploadMonthlyInternetBytes","EventTypeOrignal":"INFO","EventID":13,"ProviderGuid":"{5770385F-C22A-43E0-BF4C-06F5698FFBD9}","ExecutionProcessID":3228,"host":"wec.internal.cloudapp.net","Channel":"Microsoft-Windows-Sysmon/Operational","UserID":"S-1-5-18","AccountType":"User","ThreadID":4288,"ProcessGuid":"{b34bc01c-8526-5f63-2103-000000000400}","Details":"QWORD (0x00000000-0x00000000)","EventReceivedTime":"2020-09-17 17:33:00","Opcode":"Info","EventTime":"2020-09-17 17:32:59","Message":"Registry value set:\r\nRuleName: -\r\nEventType: SetValue\r\nUtcTime: 2020-09-17 21:32:59.825\r\nProcessGuid: {b34bc01c-8526-5f63-2103-000000000400}\r\nProcessId: 2448\r\nImage: C:\\windows\\System32\\svchost.exe\r\nTargetObject: HKU\\S-1-5-20\\Software\\Microsoft\\Windows\\CurrentVersion\\DeliveryOptimization\\Usage\\UploadMonthlyInternetBytes\r\nDetails: QWORD (0x00000000-0x00000000)","ProcessId":"2448","EventType":"SetValue","@timestamp":"2020-09-17T21:33:00.626Z","SourceModuleType":"im_msvistalog","port":64545,"AccountName":"SYSTEM","RecordNumber":637023,"Task":13,"Domain":"NT AUTHORITY","@version":"1","OpcodeValue":0,"SourceModuleName":"eventlog","Severity":"INFO","SourceName":"Microsoft-Windows-Sysmon","Version":2,"Image":"C:\\windows\\System32\\svchost.exe","Category":"Registry value set (rule: RegistryEvent)","UtcTime":"2020-09-17 21:32:59.825","Hostname":"WORKSTATION5.theshire.local","RuleName":"-","tags":["mordorDataset"]}
{"Keywords":-9223372036854775808,"SeverityValue":2,"TargetObject":"HKU\\S-1-5-20\\Software\\Microsoft\\Windows\\CurrentVersion\\DeliveryOptimization\\Usage\\UploadMonthlyLanBytes","EventTypeOrignal":"INFO","EventID":13,"ProviderGuid":"{5770385F-C22A-43E0-BF4C-06F5698FFBD9}","ExecutionProcessID":3228,"host":"wec.internal.cloudapp.net","Channel":"Microsoft-Windows-Sysmon/Operational","UserID":"S-1-5-18","AccountType":"User","ThreadID":4288,"ProcessGuid":"{b34bc01c-8526-5f63-2103-000000000400}","Details":"QWORD (0x00000000-0x00000000)","EventReceivedTime":"2020-09-17 17:33:00","Opcode":"Info","EventTime":"2020-09-17 17:32:59","Message":"Registry value set:\r\nRuleName: -\r\nEventType: SetValue\r\nUtcTime: 2020-09-17 21:32:59.825\r\nProcessGuid: {b34bc01c-8526-5f63-2103-000000000400}\r\nProcessId: 2448\r\nImage: C:\\windows\\System32\\svchost.exe\r\nTargetObject: HKU\\S-1-5-20\\Software\\Microsoft\\Windows\\CurrentVersion\\DeliveryOptimization\\Usage\\UploadMonthlyLanBytes\r\nDetails: QWORD (0x00000000-0x00000000)","ProcessId":"2448","EventType":"SetValue","@timestamp":"2020-09-17T21:33:00.627Z","SourceModuleType":"im_msvistalog","port":64545,"AccountName":"SYSTEM","RecordNumber":637024,"Task":13,"Domain":"NT AUTHORITY","@version":"1","OpcodeValue":0,"SourceModuleName":"eventlog","Severity":"INFO","SourceName":"Microsoft-Windows-Sysmon","Version":2,"Image":"C:\\windows\\System32\\svchost.exe","Category":"Registry value set (rule: RegistryEvent)","UtcTime":"2020-09-17 21:32:59.825","Hostname":"WORKSTATION5.theshire.local","RuleName":"-","tags":["mordorDataset"]}
{"Keywords":-9223372036854775808,"SeverityValue":2,"TargetObject":"HKU\\S-1-5-20\\Software\\Microsoft\\Windows\\CurrentVersion\\DeliveryOptimization\\Usage\\DownloadMonthlyInternetBytes","EventTypeOrignal":"INFO","EventID":13,"ProviderGuid":"{5770385F-C22A-43E0-BF4C-06F5698FFBD9}","ExecutionProcessID":3228,"host":"wec.internal.cloudapp.net","Channel":"Microsoft-Windows-Sysmon/Operational","UserID":"S-1-5-18","AccountType":"User","ThreadID":4288,"ProcessGuid":"{b34bc01c-8526-5f63-2103-000000000400}","Details":"QWORD (0x00000000-0x00000000)","EventReceivedTime":"2020-09-17 17:33:00","Opcode":"Info","EventTime":"2020-09-17 17:32:59","Message":"Registry value set:\r\nRuleName: -\r\nEventType: SetValue\r\nUtcTime: 2020-09-17 21:32:59.825\r\nProcessGuid: {b34bc01c-8526-5f63-2103-000000000400}\r\nProcessId: 2448\r\nImage: C:\\windows\\System32\\svchost.exe\r\nTargetObject: HKU\\S-1-5-20\\Software\\Microsoft\\Windows\\CurrentVersion\\DeliveryOptimization\\Usage\\DownloadMonthlyInternetBytes\r\nDetails: QWORD (0x00000000-0x00000000)","ProcessId":"2448","EventType":"SetValue","@timestamp":"2020-09-17T21:33:00.627Z","SourceModuleType":"im_msvistalog","port":64545,"AccountName":"SYSTEM","RecordNumber":637025,"Task":13,"Domain":"NT AUTHORITY","@version":"1","OpcodeValue":0,"SourceModuleName":"eventlog","Severity":"INFO","SourceName":"Microsoft-Windows-Sysmon","Version":2,"Image":"C:\\windows\\System32\\svchost.exe","Category":"Registry value set (rule: RegistryEvent)","UtcTime":"2020-09-17 21:32:59.825","Hostname":"WORKSTATION5.theshire.local","RuleName":"-","tags":["mordorDataset"]}
{"Keywords":-9223372036854775808,"SeverityValue":2,"TargetObject":"HKU\\S-1-5-20\\Software\\Microsoft\\Windows\\CurrentVersion\\DeliveryOptimization\\Usage\\DownloadMonthlyLanBytes","EventTypeOrignal":"INFO","EventID":13,"ProviderGuid":"{5770385F-C22A-43E0-BF4C-06F5698FFBD9}","ExecutionProcessID":3228,"host":"wec.internal.cloudapp.net","Channel":"Microsoft-Windows-Sysmon/Operational","UserID":"S-1-5-18","AccountType":"User","ThreadID":4288,"ProcessGuid":"{b34bc01c-8526-5f63-2103-000000000400}","Details":"QWORD (0x00000000-0x00000000)","EventReceivedTime":"2020-09-17 17:33:00","Opcode":"Info","EventTime":"2020-09-17 17:32:59","Message":"Registry value set:\r\nRuleName: -\r\nEventType: SetValue\r\nUtcTime: 2020-09-17 21:32:59.825\r\nProcessGuid: {b34bc01c-8526-5f63-2103-000000000400}\r\nProcessId: 2448\r\nImage: C:\\windows\\System32\\svchost.exe\r\nTargetObject: HKU\\S-1-5-20\\Software\\Microsoft\\Windows\\CurrentVersion\\DeliveryOptimization\\Usage\\DownloadMonthlyLanBytes\r\nDetails: QWORD (0x00000000-0x00000000)","ProcessId":"2448","EventType":"SetValue","@timestamp":"2020-09-17T21:33:00.628Z","SourceModuleType":"im_msvistalog","port":64545,"AccountName":"SYSTEM","RecordNumber":637026,"Task":13,"Domain":"NT AUTHORITY","@version":"1","OpcodeValue":0,"SourceModuleName":"eventlog","Severity":"INFO","SourceName":"Microsoft-Windows-Sysmon","Version":2,"Image":"C:\\windows\\System32\\svchost.exe","Category":"Registry value set (rule: RegistryEvent)","UtcTime":"2020-09-17 21:32:59.825","Hostname":"WORKSTATION5.theshire.local","RuleName":"-","tags":["mordorDataset"]}
{"Keywords":-9223372036854775808,"SeverityValue":2,"TargetObject":"HKU\\S-1-5-20\\Software\\Microsoft\\Windows\\CurrentVersion\\DeliveryOptimization\\Usage\\DownloadMonthlyCdnBytes","EventTypeOrignal":"INFO","EventID":13,"ProviderGuid":"{5770385F-C22A-43E0-BF4C-06F5698FFBD9}","ExecutionProcessID":3228,"host":"wec.internal.cloudapp.net","Channel":"Microsoft-Windows-Sysmon/Operational","UserID":"S-1-5-18","AccountType":"User","ThreadID":4288,"ProcessGuid":"{b34bc01c-8526-5f63-2103-000000000400}","Details":"QWORD (0x00000000-0x4fbbbca0)","EventReceivedTime":"2020-09-17 17:33:00","Opcode":"Info","EventTime":"2020-09-17 17:32:59","Message":"Registry value set:\r\nRuleName: -\r\nEventType: SetValue\r\nUtcTime: 2020-09-17 21:32:59.825\r\nProcessGuid: {b34bc01c-8526-5f63-2103-000000000400}\r\nProcessId: 2448\r\nImage: C:\\windows\\System32\\svchost.exe\r\nTargetObject: HKU\\S-1-5-20\\Software\\Microsoft\\Windows\\CurrentVersion\\DeliveryOptimization\\Usage\\DownloadMonthlyCdnBytes\r\nDetails: QWORD (0x00000000-0x4fbbbca0)","ProcessId":"2448","EventType":"SetValue","@timestamp":"2020-09-17T21:33:00.628Z","SourceModuleType":"im_msvistalog","port":64545,"AccountName":"SYSTEM","RecordNumber":637027,"Task":13,"Domain":"NT AUTHORITY","@version":"1","OpcodeValue":0,"SourceModuleName":"eventlog","Severity":"INFO","SourceName":"Microsoft-Windows-Sysmon","Version":2,"Image":"C:\\windows\\System32\\svchost.exe","Category":"Registry value set (rule: RegistryEvent)","UtcTime":"2020-09-17 21:32:59.825","Hostname":"WORKSTATION5.theshire.local","RuleName":"-","tags":["mordorDataset"]}
{"Keywords":-9223372036854775808,"SeverityValue":2,"TargetObject":"HKU\\S-1-5-20\\Software\\Microsoft\\Windows\\CurrentVersion\\DeliveryOptimization\\Usage\\DownloadMonthlyRateFrBps","EventTypeOrignal":"INFO","EventID":13,"ProviderGuid":"{5770385F-C22A-43E0-BF4C-06F5698FFBD9}","ExecutionProcessID":3228,"host":"wec.internal.cloudapp.net","Channel":"Microsoft-Windows-Sysmon/Operational","UserID":"S-1-5-18","AccountType":"User","ThreadID":4288,"ProcessGuid":"{b34bc01c-8526-5f63-2103-000000000400}","Details":"QWORD (0x00000000-0x00bb8cde)","EventReceivedTime":"2020-09-17 17:33:00","Opcode":"Info","EventTime":"2020-09-17 17:32:59","Message":"Registry value set:\r\nRuleName: -\r\nEventType: SetValue\r\nUtcTime: 2020-09-17 21:32:59.825\r\nProcessGuid: {b34bc01c-8526-5f63-2103-000000000400}\r\nProcessId: 2448\r\nImage: C:\\windows\\System32\\svchost.exe\r\nTargetObject: HKU\\S-1-5-20\\Software\\Microsoft\\Windows\\CurrentVersion\\DeliveryOptimization\\Usage\\DownloadMonthlyRateFrBps\r\nDetails: QWORD (0x00000000-0x00bb8cde)","ProcessId":"2448","EventType":"SetValue","@timestamp":"2020-09-17T21:33:00.628Z","SourceModuleType":"im_msvistalog","port":64545,"AccountName":"SYSTEM","RecordNumber":637028,"Task":13,"Domain":"NT AUTHORITY","@version":"1","OpcodeValue":0,"SourceModuleName":"eventlog","Severity":"INFO","SourceName":"Microsoft-Windows-Sysmon","Version":2,"Image":"C:\\windows\\System32\\svchost.exe","Category":"Registry value set (rule: RegistryEvent)","UtcTime":"2020-09-17 21:32:59.825","Hostname":"WORKSTATION5.theshire.local","RuleName":"-","tags":["mordorDataset"]}
{"Keywords":-9223372036854775808,"SeverityValue":2,"TargetObject":"HKU\\S-1-5-20\\Software\\Microsoft\\Windows\\CurrentVersion\\DeliveryOptimization\\Usage\\DownloadMonthlyRateBkBps","EventTypeOrignal":"INFO","EventID":13,"ProviderGuid":"{5770385F-C22A-43E0-BF4C-06F5698FFBD9}","ExecutionProcessID":3228,"host":"wec.internal.cloudapp.net","Channel":"Microsoft-Windows-Sysmon/Operational","UserID":"S-1-5-18","AccountType":"User","ThreadID":4288,"ProcessGuid":"{b34bc01c-8526-5f63-2103-000000000400}","Details":"QWORD (0x00000000-0x00000000)","EventReceivedTime":"2020-09-17 17:33:00","Opcode":"Info","EventTime":"2020-09-17 17:32:59","Message":"Registry value set:\r\nRuleName: -\r\nEventType: SetValue\r\nUtcTime: 2020-09-17 21:32:59.825\r\nProcessGuid: {b34bc01c-8526-5f63-2103-000000000400}\r\nProcessId: 2448\r\nImage: C:\\windows\\System32\\svchost.exe\r\nTargetObject: HKU\\S-1-5-20\\Software\\Microsoft\\Windows\\CurrentVersion\\DeliveryOptimization\\Usage\\DownloadMonthlyRateBkBps\r\nDetails: QWORD (0x00000000-0x00000000)","ProcessId":"2448","EventType":"SetValue","@timestamp":"2020-09-17T21:33:00.630Z","SourceModuleType":"im_msvistalog","port":64545,"AccountName":"SYSTEM","RecordNumber":637029,"Task":13,"Domain":"NT AUTHORITY","@version":"1","OpcodeValue":0,"SourceModuleName":"eventlog","Severity":"INFO","SourceName":"Microsoft-Windows-Sysmon","Version":2,"Image":"C:\\windows\\System32\\svchost.exe","Category":"Registry value set (rule: RegistryEvent)","UtcTime":"2020-09-17 21:32:59.825","Hostname":"WORKSTATION5.theshire.local","RuleName":"-","tags":["mordorDataset"]}
{"Keywords":-9223372036854775808,"SeverityValue":2,"TargetObject":"HKU\\S-1-5-20\\Software\\Microsoft\\Windows\\CurrentVersion\\DeliveryOptimization\\Usage\\MonthID","EventTypeOrignal":"INFO","EventID":13,"ProviderGuid":"{5770385F-C22A-43E0-BF4C-06F5698FFBD9}","ExecutionProcessID":3228,"host":"wec.internal.cloudapp.net","Channel":"Microsoft-Windows-Sysmon/Operational","UserID":"S-1-5-18","AccountType":"User","ThreadID":4288,"ProcessGuid":"{b34bc01c-8526-5f63-2103-000000000400}","Details":"DWORD (0x00000009)","EventReceivedTime":"2020-09-17 17:33:00","Opcode":"Info","EventTime":"2020-09-17 17:32:59","Message":"Registry value set:\r\nRuleName: -\r\nEventType: SetValue\r\nUtcTime: 2020-09-17 21:32:59.825\r\nProcessGuid: {b34bc01c-8526-5f63-2103-000000000400}\r\nProcessId: 2448\r\nImage: C:\\windows\\System32\\svchost.exe\r\nTargetObject: HKU\\S-1-5-20\\Software\\Microsoft\\Windows\\CurrentVersion\\DeliveryOptimization\\Usage\\MonthID\r\nDetails: DWORD (0x00000009)","ProcessId":"2448","EventType":"SetValue","@timestamp":"2020-09-17T21:33:00.630Z","SourceModuleType":"im_msvistalog","port":64545,"AccountName":"SYSTEM","RecordNumber":637030,"Task":13,"Domain":"NT AUTHORITY","@version":"1","OpcodeValue":0,"SourceModuleName":"eventlog","Severity":"INFO","SourceName":"Microsoft-Windows-Sysmon","Version":2,"Image":"C:\\windows\\System32\\svchost.exe","Category":"Registry value set (rule: RegistryEvent)","UtcTime":"2020-09-17 21:32:59.825","Hostname":"WORKSTATION5.theshire.local","RuleName":"-","tags":["mordorDataset"]}
{"Keywords":-9223372036854775808,"SeverityValue":2,"TargetObject":"HKU\\S-1-5-20\\Software\\Microsoft\\Windows\\CurrentVersion\\DeliveryOptimization\\Config\\DownloadMode_BackCompat","EventTypeOrignal":"INFO","EventID":13,"ProviderGuid":"{5770385F-C22A-43E0-BF4C-06F5698FFBD9}","ExecutionProcessID":3228,"host":"wec.internal.cloudapp.net","Channel":"Microsoft-Windows-Sysmon/Operational","UserID":"S-1-5-18","AccountType":"User","ThreadID":4288,"ProcessGuid":"{b34bc01c-8526-5f63-2103-000000000400}","Details":"DWORD (0x00000001)","EventReceivedTime":"2020-09-17 17:33:00","Opcode":"Info","EventTime":"2020-09-17 17:32:59","Message":"Registry value set:\r\nRuleName: -\r\nEventType: SetValue\r\nUtcTime: 2020-09-17 21:32:59.825\r\nProcessGuid: {b34bc01c-8526-5f63-2103-000000000400}\r\nProcessId: 2448\r\nImage: C:\\windows\\System32\\svchost.exe\r\nTargetObject: HKU\\S-1-5-20\\Software\\Microsoft\\Windows\\CurrentVersion\\DeliveryOptimization\\Config\\DownloadMode_BackCompat\r\nDetails: DWORD (0x00000001)","ProcessId":"2448","EventType":"SetValue","@timestamp":"2020-09-17T21:33:00.630Z","SourceModuleType":"im_msvistalog","port":64545,"AccountName":"SYSTEM","RecordNumber":637031,"Task":13,"Domain":"NT AUTHORITY","@version":"1","OpcodeValue":0,"SourceModuleName":"eventlog","Severity":"INFO","SourceName":"Microsoft-Windows-Sysmon","Version":2,"Image":"C:\\windows\\System32\\svchost.exe","Category":"Registry value set (rule: RegistryEvent)","UtcTime":"2020-09-17 21:32:59.825","Hostname":"WORKSTATION5.theshire.local","RuleName":"-","tags":["mordorDataset"]}
{"Keywords":-9223372036854775808,"SeverityValue":2,"TargetObject":"HKU\\S-1-5-20\\Software\\Microsoft\\Windows\\CurrentVersion\\DeliveryOptimization\\Config\\DODownloadMode","EventTypeOrignal":"INFO","EventID":13,"ProviderGuid":"{5770385F-C22A-43E0-BF4C-06F5698FFBD9}","ExecutionProcessID":3228,"host":"wec.internal.cloudapp.net","Channel":"Microsoft-Windows-Sysmon/Operational","UserID":"S-1-5-18","AccountType":"User","ThreadID":4288,"ProcessGuid":"{b34bc01c-8526-5f63-2103-000000000400}","Details":"DWORD (0x00000001)","EventReceivedTime":"2020-09-17 17:33:00","Opcode":"Info","EventTime":"2020-09-17 17:32:59","Message":"Registry value set:\r\nRuleName: -\r\nEventType: SetValue\r\nUtcTime: 2020-09-17 21:32:59.825\r\nProcessGuid: {b34bc01c-8526-5f63-2103-000000000400}\r\nProcessId: 2448\r\nImage: C:\\windows\\System32\\svchost.exe\r\nTargetObject: HKU\\S-1-5-20\\Software\\Microsoft\\Windows\\CurrentVersion\\DeliveryOptimization\\Config\\DODownloadMode\r\nDetails: DWORD (0x00000001)","ProcessId":"2448","EventType":"SetValue","@timestamp":"2020-09-17T21:33:00.630Z","SourceModuleType":"im_msvistalog","port":64545,"AccountName":"SYSTEM","RecordNumber":637032,"Task":13,"Domain":"NT AUTHORITY","@version":"1","OpcodeValue":0,"SourceModuleName":"eventlog","Severity":"INFO","SourceName":"Microsoft-Windows-Sysmon","Version":2,"Image":"C:\\windows\\System32\\svchost.exe","Category":"Registry value set (rule: RegistryEvent)","UtcTime":"2020-09-17 21:32:59.825","Hostname":"WORKSTATION5.theshire.local","RuleName":"-","tags":["mordorDataset"]}
{"Keywords":-9223372036854775808,"SeverityValue":2,"TargetObject":"HKU\\S-1-5-20\\Software\\Microsoft\\Windows\\CurrentVersion\\DeliveryOptimization\\Config\\DownloadMode_BackCompat","EventTypeOrignal":"INFO","EventID":13,"ProviderGuid":"{5770385F-C22A-43E0-BF4C-06F5698FFBD9}","ExecutionProcessID":3228,"host":"wec.internal.cloudapp.net","Channel":"Microsoft-Windows-Sysmon/Operational","UserID":"S-1-5-18","AccountType":"User","ThreadID":4288,"ProcessGuid":"{b34bc01c-8526-5f63-2103-000000000400}","Details":"DWORD (0x00000001)","EventReceivedTime":"2020-09-17 17:33:00","Opcode":"Info","EventTime":"2020-09-17 17:32:59","Message":"Registry value set:\r\nRuleName: -\r\nEventType: SetValue\r\nUtcTime: 2020-09-17 21:32:59.825\r\nProcessGuid: {b34bc01c-8526-5f63-2103-000000000400}\r\nProcessId: 2448\r\nImage: C:\\windows\\System32\\svchost.exe\r\nTargetObject: HKU\\S-1-5-20\\Software\\Microsoft\\Windows\\CurrentVersion\\DeliveryOptimization\\Config\\DownloadMode_BackCompat\r\nDetails: DWORD (0x00000001)","ProcessId":"2448","EventType":"SetValue","@timestamp":"2020-09-17T21:33:00.631Z","SourceModuleType":"im_msvistalog","port":64545,"AccountName":"SYSTEM","RecordNumber":637033,"Task":13,"Domain":"NT AUTHORITY","@version":"1","OpcodeValue":0,"SourceModuleName":"eventlog","Severity":"INFO","SourceName":"Microsoft-Windows-Sysmon","Version":2,"Image":"C:\\windows\\System32\\svchost.exe","Category":"Registry value set (rule: RegistryEvent)","UtcTime":"2020-09-17 21:32:59.825","Hostname":"WORKSTATION5.theshire.local","RuleName":"-","tags":["mordorDataset"]}
{"Keywords":-9223372036854775808,"SeverityValue":2,"TargetObject":"HKU\\S-1-5-20\\Software\\Microsoft\\Windows\\CurrentVersion\\DeliveryOptimization\\Config\\DODownloadMode","EventTypeOrignal":"INFO","EventID":13,"ProviderGuid":"{5770385F-C22A-43E0-BF4C-06F5698FFBD9}","ExecutionProcessID":3228,"host":"wec.internal.cloudapp.net","Channel":"Microsoft-Windows-Sysmon/Operational","UserID":"S-1-5-18","AccountType":"User","ThreadID":4288,"ProcessGuid":"{b34bc01c-8526-5f63-2103-000000000400}","Details":"DWORD (0x00000001)","EventReceivedTime":"2020-09-17 17:33:00","Opcode":"Info","EventTime":"2020-09-17 17:32:59","Message":"Registry value set:\r\nRuleName: -\r\nEventType: SetValue\r\nUtcTime: 2020-09-17 21:32:59.825\r\nProcessGuid: {b34bc01c-8526-5f63-2103-000000000400}\r\nProcessId: 2448\r\nImage: C:\\windows\\System32\\svchost.exe\r\nTargetObject: HKU\\S-1-5-20\\Software\\Microsoft\\Windows\\CurrentVersion\\DeliveryOptimization\\Config\\DODownloadMode\r\nDetails: DWORD (0x00000001)","ProcessId":"2448","EventType":"SetValue","@timestamp":"2020-09-17T21:33:00.631Z","SourceModuleType":"im_msvistalog","port":64545,"AccountName":"SYSTEM","RecordNumber":637034,"Task":13,"Domain":"NT AUTHORITY","@version":"1","OpcodeValue":0,"SourceModuleName":"eventlog","Severity":"INFO","SourceName":"Microsoft-Windows-Sysmon","Version":2,"Image":"C:\\windows\\System32\\svchost.exe","Category":"Registry value set (rule: RegistryEvent)","UtcTime":"2020-09-17 21:32:59.825","Hostname":"WORKSTATION5.theshire.local","RuleName":"-","tags":["mordorDataset"]}
{"Keywords":-9223372036854775808,"SeverityValue":2,"TargetObject":"HKU\\S-1-5-20\\Software\\Microsoft\\Windows\\CurrentVersion\\DeliveryOptimization\\Config\\DownloadMode_BackCompat","EventTypeOrignal":"INFO","EventID":13,"ProviderGuid":"{5770385F-C22A-43E0-BF4C-06F5698FFBD9}","ExecutionProcessID":3228,"host":"wec.internal.cloudapp.net","Channel":"Microsoft-Windows-Sysmon/Operational","UserID":"S-1-5-18","AccountType":"User","ThreadID":4288,"ProcessGuid":"{b34bc01c-8526-5f63-2103-000000000400}","Details":"DWORD (0x00000001)","EventReceivedTime":"2020-09-17 17:33:00","Opcode":"Info","EventTime":"2020-09-17 17:32:59","Message":"Registry value set:\r\nRuleName: -\r\nEventType: SetValue\r\nUtcTime: 2020-09-17 21:32:59.951\r\nProcessGuid: {b34bc01c-8526-5f63-2103-000000000400}\r\nProcessId: 2448\r\nImage: C:\\windows\\System32\\svchost.exe\r\nTargetObject: HKU\\S-1-5-20\\Software\\Microsoft\\Windows\\CurrentVersion\\DeliveryOptimization\\Config\\DownloadMode_BackCompat\r\nDetails: DWORD (0x00000001)","ProcessId":"2448","EventType":"SetValue","@timestamp":"2020-09-17T21:33:00.631Z","SourceModuleType":"im_msvistalog","port":64545,"AccountName":"SYSTEM","RecordNumber":637035,"Task":13,"Domain":"NT AUTHORITY","@version":"1","OpcodeValue":0,"SourceModuleName":"eventlog","Severity":"INFO","SourceName":"Microsoft-Windows-Sysmon","Version":2,"Image":"C:\\windows\\System32\\svchost.exe","Category":"Registry value set (rule: RegistryEvent)","UtcTime":"2020-09-17 21:32:59.951","Hostname":"WORKSTATION5.theshire.local","RuleName":"-","tags":["mordorDataset"]}
{"Keywords":-9223372036854775808,"SeverityValue":2,"TargetObject":"HKU\\S-1-5-20\\Software\\Microsoft\\Windows\\CurrentVersion\\DeliveryOptimization\\Config\\DODownloadMode","EventTypeOrignal":"INFO","EventID":13,"ProviderGuid":"{5770385F-C22A-43E0-BF4C-06F5698FFBD9}","ExecutionProcessID":3228,"host":"wec.internal.cloudapp.net","Channel":"Microsoft-Windows-Sysmon/Operational","UserID":"S-1-5-18","AccountType":"User","ThreadID":4288,"ProcessGuid":"{b34bc01c-8526-5f63-2103-000000000400}","Details":"DWORD (0x00000001)","EventReceivedTime":"2020-09-17 17:33:00","Opcode":"Info","EventTime":"2020-09-17 17:32:59","Message":"Registry value set:\r\nRuleName: -\r\nEventType: SetValue\r\nUtcTime: 2020-09-17 21:32:59.951\r\nProcessGuid: {b34bc01c-8526-5f63-2103-000000000400}\r\nProcessId: 2448\r\nImage: C:\\windows\\System32\\svchost.exe\r\nTargetObject: HKU\\S-1-5-20\\Software\\Microsoft\\Windows\\CurrentVersion\\DeliveryOptimization\\Config\\DODownloadMode\r\nDetails: DWORD (0x00000001)","ProcessId":"2448","EventType":"SetValue","@timestamp":"2020-09-17T21:33:00.632Z","SourceModuleType":"im_msvistalog","port":64545,"AccountName":"SYSTEM","RecordNumber":637036,"Task":13,"Domain":"NT AUTHORITY","@version":"1","OpcodeValue":0,"SourceModuleName":"eventlog","Severity":"INFO","SourceName":"Microsoft-Windows-Sysmon","Version":2,"Image":"C:\\windows\\System32\\svchost.exe","Category":"Registry value set (rule: RegistryEvent)","UtcTime":"2020-09-17 21:32:59.951","Hostname":"WORKSTATION5.theshire.local","RuleName":"-","tags":["mordorDataset"]}
{"SeverityValue":2,"SourceImage":"C:\\windows\\system32\\svchost.exe","EventReceivedTime":"2020-09-17 17:33:00","EventID":10,"ProviderGuid":"{5770385F-C22A-43E0-BF4C-06F5698FFBD9}","ExecutionProcessID":3228,"Channel":"Microsoft-Windows-Sysmon/Operational","host":"wec.internal.cloudapp.net","AccountType":"User","SourceProcessGUID":"{b34bc01c-7fae-5f63-1200-000000000400}","ProcessId":"60","Opcode":"Info","EventTime":"2020-09-17 17:33:00","SourceModuleType":"im_msvistalog","AccountName":"SYSTEM","Domain":"NT AUTHORITY","@version":"1","OpcodeValue":0,"Severity":"INFO","SourceName":"Microsoft-Windows-Sysmon","TargetProcessId":"2864","Category":"Process accessed (rule: ProcessAccess)","Keywords":-9223372036854775808,"TargetImage":"C:\\windows\\System32\\svchost.exe","GrantedAccess":"0x1000","UserID":"S-1-5-18","ThreadID":4288,"EventType":"INFO","Message":"Process accessed:\r\nRuleName: -\r\nUtcTime: 2020-09-17 21:32:59.999\r\nSourceProcessGUID: {b34bc01c-7fae-5f63-1200-000000000400}\r\nSourceProcessId: 60\r\nSourceThreadId: 5936\r\nSourceImage: C:\\windows\\system32\\svchost.exe\r\nTargetProcessGUID: {b34bc01c-7fb5-5f63-4300-000000000400}\r\nTargetProcessId: 2864\r\nTargetImage: C:\\windows\\System32\\svchost.exe\r\nGrantedAccess: 0x1000\r\nCallTrace: C:\\windows\\SYSTEM32\\ntdll.dll+9c534|C:\\windows\\System32\\KERNELBASE.dll+6aec5|c:\\windows\\system32\\lsm.dll+10225|C:\\windows\\System32\\RPCRT4.dll+76a53|C:\\windows\\System32\\RPCRT4.dll+da036|C:\\windows\\System32\\RPCRT4.dll+37b1c|C:\\windows\\System32\\RPCRT4.dll+54998|C:\\windows\\System32\\RPCRT4.dll+2c951|C:\\windows\\System32\\RPCRT4.dll+2c20b|C:\\windows\\System32\\RPCRT4.dll+1a86f|C:\\windows\\System32\\RPCRT4.dll+19d1a|C:\\windows\\System32\\RPCRT4.dll+19301|C:\\windows\\System32\\RPCRT4.dll+18d6e|C:\\windows\\System32\\RPCRT4.dll+169a5|C:\\windows\\SYSTEM32\\ntdll.dll+333ed|C:\\windows\\SYSTEM32\\ntdll.dll+34142|C:\\windows\\System32\\KERNEL32.DLL+17bd4|C:\\windows\\SYSTEM32\\ntdll.dll+6ce51","@timestamp":"2020-09-17T21:33:00.632Z","port":64545,"SourceThreadId":"5936","RecordNumber":637037,"SourceProcessId":"60","Task":10,"SourceModuleName":"eventlog","TargetProcessGUID":"{b34bc01c-7fb5-5f63-4300-000000000400}","Version":3,"CallTrace":"C:\\windows\\SYSTEM32\\ntdll.dll+9c534|C:\\windows\\System32\\KERNELBASE.dll+6aec5|c:\\windows\\system32\\lsm.dll+10225|C:\\windows\\System32\\RPCRT4.dll+76a53|C:\\windows\\System32\\RPCRT4.dll+da036|C:\\windows\\System32\\RPCRT4.dll+37b1c|C:\\windows\\System32\\RPCRT4.dll+54998|C:\\windows\\System32\\RPCRT4.dll+2c951|C:\\windows\\System32\\RPCRT4.dll+2c20b|C:\\windows\\System32\\RPCRT4.dll+1a86f|C:\\windows\\System32\\RPCRT4.dll+19d1a|C:\\windows\\System32\\RPCRT4.dll+19301|C:\\windows\\System32\\RPCRT4.dll+18d6e|C:\\windows\\System32\\RPCRT4.dll+169a5|C:\\windows\\SYSTEM32\\ntdll.dll+333ed|C:\\windows\\SYSTEM32\\ntdll.dll+34142|C:\\windows\\System32\\KERNEL32.DLL+17bd4|C:\\windows\\SYSTEM32\\ntdll.dll+6ce51","UtcTime":"2020-09-17 21:32:59.999","Hostname":"WORKSTATION5.theshire.local","RuleName":"-","tags":["mordorDataset"]}
{"SeverityValue":2,"SourceImage":"C:\\windows\\system32\\svchost.exe","EventReceivedTime":"2020-09-17 17:33:00","EventID":10,"ProviderGuid":"{5770385F-C22A-43E0-BF4C-06F5698FFBD9}","ExecutionProcessID":3228,"Channel":"Microsoft-Windows-Sysmon/Operational","host":"wec.internal.cloudapp.net","AccountType":"User","SourceProcessGUID":"{b34bc01c-7fae-5f63-1200-000000000400}","ProcessId":"60","Opcode":"Info","EventTime":"2020-09-17 17:33:00","SourceModuleType":"im_msvistalog","AccountName":"SYSTEM","Domain":"NT AUTHORITY","@version":"1","OpcodeValue":0,"Severity":"INFO","SourceName":"Microsoft-Windows-Sysmon","TargetProcessId":"2864","Category":"Process accessed (rule: ProcessAccess)","Keywords":-9223372036854775808,"TargetImage":"C:\\windows\\System32\\svchost.exe","GrantedAccess":"0x1000","UserID":"S-1-5-18","ThreadID":4288,"EventType":"INFO","Message":"Process accessed:\r\nRuleName: -\r\nUtcTime: 2020-09-17 21:32:59.999\r\nSourceProcessGUID: {b34bc01c-7fae-5f63-1200-000000000400}\r\nSourceProcessId: 60\r\nSourceThreadId: 5936\r\nSourceImage: C:\\windows\\system32\\svchost.exe\r\nTargetProcessGUID: {b34bc01c-7fb5-5f63-4300-000000000400}\r\nTargetProcessId: 2864\r\nTargetImage: C:\\windows\\System32\\svchost.exe\r\nGrantedAccess: 0x1000\r\nCallTrace: C:\\windows\\SYSTEM32\\ntdll.dll+9c534|C:\\windows\\System32\\KERNELBASE.dll+6aec5|c:\\windows\\system32\\lsm.dll+108a0|C:\\windows\\System32\\RPCRT4.dll+76a53|C:\\windows\\System32\\RPCRT4.dll+da036|C:\\windows\\System32\\RPCRT4.dll+37b1c|C:\\windows\\System32\\RPCRT4.dll+54998|C:\\windows\\System32\\RPCRT4.dll+2c951|C:\\windows\\System32\\RPCRT4.dll+2c20b|C:\\windows\\System32\\RPCRT4.dll+1a86f|C:\\windows\\System32\\RPCRT4.dll+19d1a|C:\\windows\\System32\\RPCRT4.dll+19301|C:\\windows\\System32\\RPCRT4.dll+18d6e|C:\\windows\\System32\\RPCRT4.dll+169a5|C:\\windows\\SYSTEM32\\ntdll.dll+333ed|C:\\windows\\SYSTEM32\\ntdll.dll+34142|C:\\windows\\System32\\KERNEL32.DLL+17bd4|C:\\windows\\SYSTEM32\\ntdll.dll+6ce51","@timestamp":"2020-09-17T21:33:00.632Z","port":64545,"SourceThreadId":"5936","RecordNumber":637038,"SourceProcessId":"60","Task":10,"SourceModuleName":"eventlog","TargetProcessGUID":"{b34bc01c-7fb5-5f63-4300-000000000400}","Version":3,"CallTrace":"C:\\windows\\SYSTEM32\\ntdll.dll+9c534|C:\\windows\\System32\\KERNELBASE.dll+6aec5|c:\\windows\\system32\\lsm.dll+108a0|C:\\windows\\System32\\RPCRT4.dll+76a53|C:\\windows\\System32\\RPCRT4.dll+da036|C:\\windows\\System32\\RPCRT4.dll+37b1c|C:\\windows\\System32\\RPCRT4.dll+54998|C:\\windows\\System32\\RPCRT4.dll+2c951|C:\\windows\\System32\\RPCRT4.dll+2c20b|C:\\windows\\System32\\RPCRT4.dll+1a86f|C:\\windows\\System32\\RPCRT4.dll+19d1a|C:\\windows\\System32\\RPCRT4.dll+19301|C:\\windows\\System32\\RPCRT4.dll+18d6e|C:\\windows\\System32\\RPCRT4.dll+169a5|C:\\windows\\SYSTEM32\\ntdll.dll+333ed|C:\\windows\\SYSTEM32\\ntdll.dll+34142|C:\\windows\\System32\\KERNEL32.DLL+17bd4|C:\\windows\\SYSTEM32\\ntdll.dll+6ce51","UtcTime":"2020-09-17 21:32:59.999","Hostname":"WORKSTATION5.theshire.local","RuleName":"-","tags":["mordorDataset"]}
{"SeverityValue":2,"SourceImage":"C:\\windows\\system32\\svchost.exe","EventReceivedTime":"2020-09-17 17:33:01","EventID":10,"ProviderGuid":"{5770385F-C22A-43E0-BF4C-06F5698FFBD9}","ExecutionProcessID":3228,"Channel":"Microsoft-Windows-Sysmon/Operational","host":"wec.internal.cloudapp.net","AccountType":"User","SourceProcessGUID":"{b34bc01c-7fae-5f63-1200-000000000400}","ProcessId":"60","Opcode":"Info","EventTime":"2020-09-17 17:33:00","SourceModuleType":"im_msvistalog","AccountName":"SYSTEM","Domain":"NT AUTHORITY","@version":"1","OpcodeValue":0,"Severity":"INFO","SourceName":"Microsoft-Windows-Sysmon","TargetProcessId":"2864","Category":"Process accessed (rule: ProcessAccess)","Keywords":-9223372036854775808,"TargetImage":"C:\\windows\\System32\\svchost.exe","GrantedAccess":"0x1000","UserID":"S-1-5-18","ThreadID":4288,"EventType":"INFO","Message":"Process accessed:\r\nRuleName: -\r\nUtcTime: 2020-09-17 21:32:59.999\r\nSourceProcessGUID: {b34bc01c-7fae-5f63-1200-000000000400}\r\nSourceProcessId: 60\r\nSourceThreadId: 5936\r\nSourceImage: C:\\windows\\system32\\svchost.exe\r\nTargetProcessGUID: {b34bc01c-7fb5-5f63-4300-000000000400}\r\nTargetProcessId: 2864\r\nTargetImage: C:\\windows\\System32\\svchost.exe\r\nGrantedAccess: 0x1000\r\nCallTrace: C:\\windows\\SYSTEM32\\ntdll.dll+9c534|C:\\windows\\System32\\KERNELBASE.dll+6aec5|c:\\windows\\system32\\lsm.dll+106fe|C:\\windows\\System32\\RPCRT4.dll+76a53|C:\\windows\\System32\\RPCRT4.dll+da036|C:\\windows\\System32\\RPCRT4.dll+37b1c|C:\\windows\\System32\\RPCRT4.dll+54998|C:\\windows\\System32\\RPCRT4.dll+2c951|C:\\windows\\System32\\RPCRT4.dll+2c20b|C:\\windows\\System32\\RPCRT4.dll+1a86f|C:\\windows\\System32\\RPCRT4.dll+19d1a|C:\\windows\\System32\\RPCRT4.dll+19301|C:\\windows\\System32\\RPCRT4.dll+18d6e|C:\\windows\\System32\\RPCRT4.dll+169a5|C:\\windows\\SYSTEM32\\ntdll.dll+333ed|C:\\windows\\SYSTEM32\\ntdll.dll+34142|C:\\windows\\System32\\KERNEL32.DLL+17bd4|C:\\windows\\SYSTEM32\\ntdll.dll+6ce51","@timestamp":"2020-09-17T21:33:01.633Z","port":64545,"SourceThreadId":"5936","RecordNumber":637039,"SourceProcessId":"60","Task":10,"SourceModuleName":"eventlog","TargetProcessGUID":"{b34bc01c-7fb5-5f63-4300-000000000400}","Version":3,"CallTrace":"C:\\windows\\SYSTEM32\\ntdll.dll+9c534|C:\\windows\\System32\\KERNELBASE.dll+6aec5|c:\\windows\\system32\\lsm.dll+106fe|C:\\windows\\System32\\RPCRT4.dll+76a53|C:\\windows\\System32\\RPCRT4.dll+da036|C:\\windows\\System32\\RPCRT4.dll+37b1c|C:\\windows\\System32\\RPCRT4.dll+54998|C:\\windows\\System32\\RPCRT4.dll+2c951|C:\\windows\\System32\\RPCRT4.dll+2c20b|C:\\windows\\System32\\RPCRT4.dll+1a86f|C:\\windows\\System32\\RPCRT4.dll+19d1a|C:\\windows\\System32\\RPCRT4.dll+19301|C:\\windows\\System32\\RPCRT4.dll+18d6e|C:\\windows\\System32\\RPCRT4.dll+169a5|C:\\windows\\SYSTEM32\\ntdll.dll+333ed|C:\\windows\\SYSTEM32\\ntdll.dll+34142|C:\\windows\\System32\\KERNEL32.DLL+17bd4|C:\\windows\\SYSTEM32\\ntdll.dll+6ce51","UtcTime":"2020-09-17 21:32:59.999","Hostname":"WORKSTATION5.theshire.local","RuleName":"-","tags":["mordorDataset"]}
