{"tags":["mordorDataset"],"@version":"1","EventType":"AUDIT_SUCCESS","Version":1,"ThreadID":7632,"EventTime":"2020-08-06 03:21:18","Task":12810,"DestAddress":"169.254.169.254","SourcePort":"50110","Channel":"Security","SourceName":"Microsoft-Windows-Security-Auditing","OpcodeValue":0,"Hostname":"WORKSTATION6.theshire.local","@timestamp":"2020-08-06T07:21:19.302Z","Message":"The Windows Filtering Platform has permitted a connection.\r\n\r\nApplication Information:\r\n\tProcess ID:\t\t3548\r\n\tApplication Name:\t\\device\\harddiskvolume2\\packages\\plugins\\microsoft.azure.networkwatcher.networkwatcheragentwindows\\1.4.1587.1\\networkwatcheragent\\networkwatcheragent.exe\r\n\r\nNetwork Information:\r\n\tDirection:\t\tOutbound\r\n\tSource Address:\t\t172.18.39.6\r\n\tSource Port:\t\t50110\r\n\tDestination Address:\t169.254.169.254\r\n\tDestination Port:\t\t80\r\n\tProtocol:\t\t6\r\n\r\nFilter Information:\r\n\tFilter Run-Time ID:\t69426\r\n\tLayer Name:\t\tConnect\r\n\tLayer Run-Time ID:\t48","Category":"Filtering Platform Connection","Opcode":"Info","SourceModuleName":"eventlog","ProcessId":"3548","EventReceivedTime":"2020-08-06 03:21:19","port":60122,"Application":"\\device\\harddiskvolume2\\packages\\plugins\\microsoft.azure.networkwatcher.networkwatcheragentwindows\\1.4.1587.1\\networkwatcheragent\\networkwatcheragent.exe","ExecutionProcessID":4,"Direction":"%%14593","RemoteMachineID":"S-1-0-0","host":"wec.internal.cloudapp.net","DestPort":"80","Severity":"INFO","LayerRTID":"48","LayerName":"%%14611","SeverityValue":2,"EventID":5156,"SourceAddress":"172.18.39.6","ProviderGuid":"{54849625-5478-4994-A5BA-3E3B0328C30D}","RecordNumber":95128,"SourceModuleType":"im_msvistalog","Keywords":-9214364837600034816,"FilterRTID":"69426","Protocol":"6","RemoteUserID":"S-1-0-0"}
{"tags":["mordorDataset"],"TargetProcessGUID":"{9f85ce58-59df-5f2b-2c00-000000000400}","@version":"1","EventType":"INFO","Version":3,"ThreadID":4208,"EventTime":"2020-08-06 03:21:18","Task":10,"AccountType":"User","SourceProcessGUID":"{9f85ce58-59dc-5f2b-1000-000000000400}","CallTrace":"C:\\windows\\SYSTEM32\\ntdll.dll+9fc24|C:\\windows\\System32\\KERNELBASE.dll+6c175|c:\\windows\\system32\\lsm.dll+f2e7|c:\\windows\\system32\\lsm.dll+10de0|C:\\windows\\System32\\RPCRT4.dll+77803|C:\\windows\\System32\\RPCRT4.dll+db4a6|C:\\windows\\System32\\RPCRT4.dll+10d20|C:\\windows\\System32\\RPCRT4.dll+54a18|C:\\windows\\System32\\RPCRT4.dll+30490|C:\\windows\\System32\\RPCRT4.dll+2fe3b|C:\\windows\\System32\\RPCRT4.dll+221ff|C:\\windows\\System32\\RPCRT4.dll+2165a|C:\\windows\\System32\\RPCRT4.dll+20c21|C:\\windows\\System32\\RPCRT4.dll+20692|C:\\windows\\System32\\RPCRT4.dll+17465|C:\\windows\\SYSTEM32\\ntdll.dll+4f4d0|C:\\windows\\SYSTEM32\\ntdll.dll+50358|C:\\windows\\System32\\KERNEL32.DLL+17974|C:\\windows\\SYSTEM32\\ntdll.dll+6a271","Channel":"Microsoft-Windows-Sysmon/Operational","SourceName":"Microsoft-Windows-Sysmon","OpcodeValue":0,"Hostname":"MORDORDC.theshire.local","@timestamp":"2020-08-06T07:21:19.303Z","Message":"Process accessed:\r\nRuleName: -\r\nUtcTime: 2020-08-06 07:21:18.676\r\nSourceProcessGUID: {9f85ce58-59dc-5f2b-1000-000000000400}\r\nSourceProcessId: 340\r\nSourceThreadId: 6748\r\nSourceImage: C:\\windows\\system32\\svchost.exe\r\nTargetProcessGUID: {9f85ce58-59df-5f2b-2c00-000000000400}\r\nTargetProcessId: 1976\r\nTargetImage: C:\\windows\\system32\\svchost.exe\r\nGrantedAccess: 0x1000\r\nCallTrace: C:\\windows\\SYSTEM32\\ntdll.dll+9fc24|C:\\windows\\System32\\KERNELBASE.dll+6c175|c:\\windows\\system32\\lsm.dll+f2e7|c:\\windows\\system32\\lsm.dll+10de0|C:\\windows\\System32\\RPCRT4.dll+77803|C:\\windows\\System32\\RPCRT4.dll+db4a6|C:\\windows\\System32\\RPCRT4.dll+10d20|C:\\windows\\System32\\RPCRT4.dll+54a18|C:\\windows\\System32\\RPCRT4.dll+30490|C:\\windows\\System32\\RPCRT4.dll+2fe3b|C:\\windows\\System32\\RPCRT4.dll+221ff|C:\\windows\\System32\\RPCRT4.dll+2165a|C:\\windows\\System32\\RPCRT4.dll+20c21|C:\\windows\\System32\\RPCRT4.dll+20692|C:\\windows\\System32\\RPCRT4.dll+17465|C:\\windows\\SYSTEM32\\ntdll.dll+4f4d0|C:\\windows\\SYSTEM32\\ntdll.dll+50358|C:\\windows\\System32\\KERNEL32.DLL+17974|C:\\windows\\SYSTEM32\\ntdll.dll+6a271","SourceModuleName":"eventlog","ProcessId":"340","SourceImage":"C:\\windows\\system32\\svchost.exe","EventReceivedTime":"2020-08-06 03:21:19","port":60122,"AccountName":"SYSTEM","UtcTime":"2020-08-06 07:21:18.676","GrantedAccess":"0x1000","Domain":"NT AUTHORITY","ExecutionProcessID":3888,"host":"wec.internal.cloudapp.net","SourceProcessId":"340","SourceThreadId":"6748","Severity":"INFO","TargetProcessId":"1976","SeverityValue":2,"EventID":10,"UserID":"S-1-5-18","ProviderGuid":"{5770385F-C22A-43E0-BF4C-06F5698FFBD9}","RecordNumber":280914,"SourceModuleType":"im_msvistalog","Keywords":-9223372036854775808,"TargetImage":"C:\\windows\\system32\\svchost.exe","RuleName":"-"}
{"tags":["mordorDataset"],"TargetProcessGUID":"{9f85ce58-59df-5f2b-2c00-000000000400}","@version":"1","EventType":"INFO","Version":3,"ThreadID":4208,"EventTime":"2020-08-06 03:21:18","Task":10,"AccountType":"User","SourceProcessGUID":"{9f85ce58-59dc-5f2b-1000-000000000400}","CallTrace":"C:\\windows\\SYSTEM32\\ntdll.dll+9fc24|C:\\windows\\System32\\KERNELBASE.dll+6c175|c:\\windows\\system32\\lsm.dll+f2e7|c:\\windows\\system32\\lsm.dll+c6f6|c:\\windows\\system32\\lsm.dll+10e5f|C:\\windows\\System32\\RPCRT4.dll+77803|C:\\windows\\System32\\RPCRT4.dll+db4a6|C:\\windows\\System32\\RPCRT4.dll+10d20|C:\\windows\\System32\\RPCRT4.dll+54a18|C:\\windows\\System32\\RPCRT4.dll+30490|C:\\windows\\System32\\RPCRT4.dll+2fe3b|C:\\windows\\System32\\RPCRT4.dll+221ff|C:\\windows\\System32\\RPCRT4.dll+2165a|C:\\windows\\System32\\RPCRT4.dll+20c21|C:\\windows\\System32\\RPCRT4.dll+20692|C:\\windows\\System32\\RPCRT4.dll+17465|C:\\windows\\SYSTEM32\\ntdll.dll+4f4d0|C:\\windows\\SYSTEM32\\ntdll.dll+50358|C:\\windows\\System32\\KERNEL32.DLL+17974|C:\\windows\\SYSTEM32\\ntdll.dll+6a271","Channel":"Microsoft-Windows-Sysmon/Operational","SourceName":"Microsoft-Windows-Sysmon","OpcodeValue":0,"Hostname":"MORDORDC.theshire.local","@timestamp":"2020-08-06T07:21:19.303Z","Message":"Process accessed:\r\nRuleName: -\r\nUtcTime: 2020-08-06 07:21:18.676\r\nSourceProcessGUID: {9f85ce58-59dc-5f2b-1000-000000000400}\r\nSourceProcessId: 340\r\nSourceThreadId: 6748\r\nSourceImage: C:\\windows\\system32\\svchost.exe\r\nTargetProcessGUID: {9f85ce58-59df-5f2b-2c00-000000000400}\r\nTargetProcessId: 1976\r\nTargetImage: C:\\windows\\system32\\svchost.exe\r\nGrantedAccess: 0x1000\r\nCallTrace: C:\\windows\\SYSTEM32\\ntdll.dll+9fc24|C:\\windows\\System32\\KERNELBASE.dll+6c175|c:\\windows\\system32\\lsm.dll+f2e7|c:\\windows\\system32\\lsm.dll+c6f6|c:\\windows\\system32\\lsm.dll+10e5f|C:\\windows\\System32\\RPCRT4.dll+77803|C:\\windows\\System32\\RPCRT4.dll+db4a6|C:\\windows\\System32\\RPCRT4.dll+10d20|C:\\windows\\System32\\RPCRT4.dll+54a18|C:\\windows\\System32\\RPCRT4.dll+30490|C:\\windows\\System32\\RPCRT4.dll+2fe3b|C:\\windows\\System32\\RPCRT4.dll+221ff|C:\\windows\\System32\\RPCRT4.dll+2165a|C:\\windows\\System32\\RPCRT4.dll+20c21|C:\\windows\\System32\\RPCRT4.dll+20692|C:\\windows\\System32\\RPCRT4.dll+17465|C:\\windows\\SYSTEM32\\ntdll.dll+4f4d0|C:\\windows\\SYSTEM32\\ntdll.dll+50358|C:\\windows\\System32\\KERNEL32.DLL+17974|C:\\windows\\SYSTEM32\\ntdll.dll+6a271","SourceModuleName":"eventlog","ProcessId":"340","SourceImage":"C:\\windows\\system32\\svchost.exe","EventReceivedTime":"2020-08-06 03:21:19","port":60122,"AccountName":"SYSTEM","UtcTime":"2020-08-06 07:21:18.676","GrantedAccess":"0x1000","Domain":"NT AUTHORITY","ExecutionProcessID":3888,"host":"wec.internal.cloudapp.net","SourceProcessId":"340","SourceThreadId":"6748","Severity":"INFO","TargetProcessId":"1976","SeverityValue":2,"EventID":10,"UserID":"S-1-5-18","ProviderGuid":"{5770385F-C22A-43E0-BF4C-06F5698FFBD9}","RecordNumber":280915,"SourceModuleType":"im_msvistalog","Keywords":-9223372036854775808,"TargetImage":"C:\\windows\\system32\\svchost.exe","RuleName":"-"}
{"@version":"1","EventType":"INFO","AccountType":"User","ThreadID":4208,"Channel":"Microsoft-Windows-Sysmon/Operational","OpcodeValue":0,"OriginalFileName":"dsregcmd.exe","Hostname":"MORDORDC.theshire.local","@timestamp":"2020-08-06T07:21:19.304Z","ParentCommandLine":"C:\\windows\\system32\\svchost.exe -k netsvcs -p -s Schedule","ProcessId":"5328","ParentProcessId":"1976","host":"wec.internal.cloudapp.net","Severity":"INFO","SeverityValue":2,"Image":"C:\\Windows\\System32\\dsregcmd.exe","LogonGuid":"{9f85ce58-59d8-5f2b-e703-000000000000}","SourceModuleType":"im_msvistalog","FileVersion":"10.0.17763.1282 (WinBuild.160101.0800)","Version":5,"Company":"Microsoft Corporation","EventTime":"2020-08-06 03:21:18","Task":1,"SourceName":"Microsoft-Windows-Sysmon","CurrentDirectory":"C:\\windows\\system32\\","Message":"Process Create:\r\nRuleName: -\r\nUtcTime: 2020-08-06 07:21:18.680\r\nProcessGuid: {9f85ce58-af6e-5f2b-1f04-000000000400}\r\nProcessId: 5328\r\nImage: C:\\Windows\\System32\\dsregcmd.exe\r\nFileVersion: 10.0.17763.1282 (WinBuild.160101.0800)\r\nDescription: DSREG commandline tool\r\nProduct: Microsoft® Windows® Operating System\r\nCompany: Microsoft Corporation\r\nOriginalFileName: dsregcmd.exe\r\nCommandLine: C:\\windows\\System32\\dsregcmd.exe $(Arg0) $(Arg1) $(Arg2)\r\nCurrentDirectory: C:\\windows\\system32\\\r\nUser: NT AUTHORITY\\SYSTEM\r\nLogonGuid: {9f85ce58-59d8-5f2b-e703-000000000000}\r\nLogonId: 0x3E7\r\nTerminalSessionId: 0\r\nIntegrityLevel: System\r\nHashes: SHA1=5215A711BF730BA57315055E6D79DA05D3D6C3DB,MD5=A3EC5E3E8F80F75CC97F74BA14C60674,SHA256=D5C2940F0F94354E4ADF8238185ECDBA91137656A634D336D9E81C7D23A5E96E,IMPHASH=97281AC8A8D49241F0356DD998A7CE2F\r\nParentProcessGuid: {9f85ce58-59df-5f2b-2c00-000000000400}\r\nParentProcessId: 1976\r\nParentImage: C:\\Windows\\System32\\svchost.exe\r\nParentCommandLine: C:\\windows\\system32\\svchost.exe -k netsvcs -p -s Schedule","IntegrityLevel":"System","CommandLine":"C:\\windows\\System32\\dsregcmd.exe $(Arg0) $(Arg1) $(Arg2)","ParentImage":"C:\\Windows\\System32\\svchost.exe","SourceModuleName":"eventlog","LogonId":"0x3e7","port":60122,"AccountName":"SYSTEM","EventReceivedTime":"2020-08-06 03:21:19","UtcTime":"2020-08-06 07:21:18.680","Domain":"NT AUTHORITY","ExecutionProcessID":3888,"User":"NT AUTHORITY\\SYSTEM","Hashes":"SHA1=5215A711BF730BA57315055E6D79DA05D3D6C3DB,MD5=A3EC5E3E8F80F75CC97F74BA14C60674,SHA256=D5C2940F0F94354E4ADF8238185ECDBA91137656A634D336D9E81C7D23A5E96E,IMPHASH=97281AC8A8D49241F0356DD998A7CE2F","Description":"DSREG commandline tool","TerminalSessionId":"0","ParentProcessGuid":"{9f85ce58-59df-5f2b-2c00-000000000400}","UserID":"S-1-5-18","EventID":1,"Product":"Microsoft® Windows® Operating System","ProviderGuid":"{5770385F-C22A-43E0-BF4C-06F5698FFBD9}","RecordNumber":280916,"Keywords":-9223372036854775808,"ProcessGuid":"{9f85ce58-af6e-5f2b-1f04-000000000400}","tags":["mordorDataset"],"RuleName":"-"}
{"tags":["mordorDataset"],"TargetProcessGUID":"{9f85ce58-af6e-5f2b-1f04-000000000400}","@version":"1","EventType":"INFO","Version":3,"ThreadID":4208,"EventTime":"2020-08-06 03:21:18","Task":10,"AccountType":"User","SourceProcessGUID":"{9f85ce58-59df-5f2b-2c00-000000000400}","CallTrace":"C:\\windows\\SYSTEM32\\ntdll.dll+a0fb4|C:\\windows\\System32\\KERNELBASE.dll+48652|C:\\windows\\System32\\KERNELBASE.dll+46046|C:\\windows\\System32\\KERNEL32.DLL+1c2e3|c:\\windows\\system32\\UBPM.dll+65c0|c:\\windows\\system32\\UBPM.dll+7577|c:\\windows\\system32\\UBPM.dll+4d18|c:\\windows\\system32\\UBPM.dll+410d|c:\\windows\\system32\\UBPM.dll+3e6a|c:\\windows\\system32\\UBPM.dll+3575|c:\\windows\\system32\\UBPM.dll+196c|c:\\windows\\system32\\EventAggregation.dll+33b8|c:\\windows\\system32\\EventAggregation.dll+3117|c:\\windows\\system32\\EventAggregation.dll+287c|c:\\windows\\system32\\EventAggregation.dll+260b|c:\\windows\\system32\\EventAggregation.dll+b168|C:\\windows\\SYSTEM32\\ntdll.dll+23548|C:\\windows\\SYSTEM32\\ntdll.dll+2323e|C:\\windows\\SYSTEM32\\ntdll.dll+230d0|C:\\windows\\SYSTEM32\\ntdll.dll+7529c|C:\\windows\\SYSTEM32\\ntdll.dll+50358|C:\\windows\\System32\\KERNEL32.DLL+17974|C:\\windows\\SYSTEM32\\ntdll.dll+6a271","Channel":"Microsoft-Windows-Sysmon/Operational","SourceName":"Microsoft-Windows-Sysmon","OpcodeValue":0,"Hostname":"MORDORDC.theshire.local","@timestamp":"2020-08-06T07:21:19.304Z","Message":"Process accessed:\r\nRuleName: -\r\nUtcTime: 2020-08-06 07:21:18.676\r\nSourceProcessGUID: {9f85ce58-59df-5f2b-2c00-000000000400}\r\nSourceProcessId: 1976\r\nSourceThreadId: 5316\r\nSourceImage: C:\\windows\\system32\\svchost.exe\r\nTargetProcessGUID: {9f85ce58-af6e-5f2b-1f04-000000000400}\r\nTargetProcessId: 5328\r\nTargetImage: C:\\windows\\System32\\dsregcmd.exe\r\nGrantedAccess: 0x1FFFFF\r\nCallTrace: C:\\windows\\SYSTEM32\\ntdll.dll+a0fb4|C:\\windows\\System32\\KERNELBASE.dll+48652|C:\\windows\\System32\\KERNELBASE.dll+46046|C:\\windows\\System32\\KERNEL32.DLL+1c2e3|c:\\windows\\system32\\UBPM.dll+65c0|c:\\windows\\system32\\UBPM.dll+7577|c:\\windows\\system32\\UBPM.dll+4d18|c:\\windows\\system32\\UBPM.dll+410d|c:\\windows\\system32\\UBPM.dll+3e6a|c:\\windows\\system32\\UBPM.dll+3575|c:\\windows\\system32\\UBPM.dll+196c|c:\\windows\\system32\\EventAggregation.dll+33b8|c:\\windows\\system32\\EventAggregation.dll+3117|c:\\windows\\system32\\EventAggregation.dll+287c|c:\\windows\\system32\\EventAggregation.dll+260b|c:\\windows\\system32\\EventAggregation.dll+b168|C:\\windows\\SYSTEM32\\ntdll.dll+23548|C:\\windows\\SYSTEM32\\ntdll.dll+2323e|C:\\windows\\SYSTEM32\\ntdll.dll+230d0|C:\\windows\\SYSTEM32\\ntdll.dll+7529c|C:\\windows\\SYSTEM32\\ntdll.dll+50358|C:\\windows\\System32\\KERNEL32.DLL+17974|C:\\windows\\SYSTEM32\\ntdll.dll+6a271","SourceModuleName":"eventlog","ProcessId":"1976","SourceImage":"C:\\windows\\system32\\svchost.exe","EventReceivedTime":"2020-08-06 03:21:19","port":60122,"AccountName":"SYSTEM","UtcTime":"2020-08-06 07:21:18.676","GrantedAccess":"0x1fffff","Domain":"NT AUTHORITY","ExecutionProcessID":3888,"host":"wec.internal.cloudapp.net","SourceProcessId":"1976","SourceThreadId":"5316","Severity":"INFO","TargetProcessId":"5328","SeverityValue":2,"EventID":10,"UserID":"S-1-5-18","ProviderGuid":"{5770385F-C22A-43E0-BF4C-06F5698FFBD9}","RecordNumber":280917,"SourceModuleType":"im_msvistalog","Keywords":-9223372036854775808,"TargetImage":"C:\\windows\\System32\\dsregcmd.exe","RuleName":"-"}
{"tags":["mordorDataset"],"TargetProcessGUID":"{9f85ce58-af6e-5f2b-1f04-000000000400}","@version":"1","EventType":"INFO","Version":3,"ThreadID":4208,"EventTime":"2020-08-06 03:21:18","Task":10,"AccountType":"User","SourceProcessGUID":"{9f85ce58-59d8-5f2b-0600-000000000400}","CallTrace":"C:\\windows\\SYSTEM32\\ntdll.dll+9fc24|C:\\windows\\system32\\basesrv.DLL+2fda|C:\\windows\\SYSTEM32\\CSRSRV.dll+5e2a|C:\\windows\\SYSTEM32\\ntdll.dll+6a27f","Channel":"Microsoft-Windows-Sysmon/Operational","SourceName":"Microsoft-Windows-Sysmon","OpcodeValue":0,"Hostname":"MORDORDC.theshire.local","@timestamp":"2020-08-06T07:21:19.304Z","Message":"Process accessed:\r\nRuleName: -\r\nUtcTime: 2020-08-06 07:21:18.676\r\nSourceProcessGUID: {9f85ce58-59d8-5f2b-0600-000000000400}\r\nSourceProcessId: 492\r\nSourceThreadId: 508\r\nSourceImage: C:\\windows\\system32\\csrss.exe\r\nTargetProcessGUID: {9f85ce58-af6e-5f2b-1f04-000000000400}\r\nTargetProcessId: 5328\r\nTargetImage: C:\\windows\\System32\\dsregcmd.exe\r\nGrantedAccess: 0x1FFFFF\r\nCallTrace: C:\\windows\\SYSTEM32\\ntdll.dll+9fc24|C:\\windows\\system32\\basesrv.DLL+2fda|C:\\windows\\SYSTEM32\\CSRSRV.dll+5e2a|C:\\windows\\SYSTEM32\\ntdll.dll+6a27f","SourceModuleName":"eventlog","ProcessId":"492","SourceImage":"C:\\windows\\system32\\csrss.exe","EventReceivedTime":"2020-08-06 03:21:19","port":60122,"AccountName":"SYSTEM","UtcTime":"2020-08-06 07:21:18.676","GrantedAccess":"0x1fffff","Domain":"NT AUTHORITY","ExecutionProcessID":3888,"host":"wec.internal.cloudapp.net","SourceProcessId":"492","SourceThreadId":"508","Severity":"INFO","TargetProcessId":"5328","SeverityValue":2,"EventID":10,"UserID":"S-1-5-18","ProviderGuid":"{5770385F-C22A-43E0-BF4C-06F5698FFBD9}","RecordNumber":280918,"SourceModuleType":"im_msvistalog","Keywords":-9223372036854775808,"TargetImage":"C:\\windows\\System32\\dsregcmd.exe","RuleName":"-"}
{"tags":["mordorDataset"],"@version":"1","EventType":"CreateKey","Version":2,"ThreadID":4208,"EventTime":"2020-08-06 03:21:18","Task":12,"AccountType":"User","Channel":"Microsoft-Windows-Sysmon/Operational","EventTypeOrignal":"INFO","SourceName":"Microsoft-Windows-Sysmon","Hostname":"MORDORDC.theshire.local","@timestamp":"2020-08-06T07:21:19.305Z","OpcodeValue":0,"Message":"Registry object added or deleted:\r\nRuleName: -\r\nEventType: CreateKey\r\nUtcTime: 2020-08-06 07:21:18.676\r\nProcessGuid: {9f85ce58-59df-5f2b-2c00-000000000400}\r\nProcessId: 1976\r\nImage: C:\\windows\\system32\\svchost.exe\r\nTargetObject: HKLM\\SOFTWARE\\Microsoft\\Windows NT\\CurrentVersion\\Schedule\\TaskCache\\Tasks\\{331DEF6C-160B-4058-B1E7-86DC90F15630}","SourceModuleName":"eventlog","ProcessId":"1976","EventReceivedTime":"2020-08-06 03:21:19","port":60122,"AccountName":"SYSTEM","UtcTime":"2020-08-06 07:21:18.676","Domain":"NT AUTHORITY","ExecutionProcessID":3888,"host":"wec.internal.cloudapp.net","Severity":"INFO","TargetObject":"HKLM\\SOFTWARE\\Microsoft\\Windows NT\\CurrentVersion\\Schedule\\TaskCache\\Tasks\\{331DEF6C-160B-4058-B1E7-86DC90F15630}","SeverityValue":2,"EventID":12,"UserID":"S-1-5-18","ProviderGuid":"{5770385F-C22A-43E0-BF4C-06F5698FFBD9}","RecordNumber":280919,"Image":"C:\\windows\\system32\\svchost.exe","Keywords":-9223372036854775808,"ProcessGuid":"{9f85ce58-59df-5f2b-2c00-000000000400}","SourceModuleType":"im_msvistalog","RuleName":"-"}
{"tags":["mordorDataset"],"@version":"1","EventType":"SetValue","Version":2,"ThreadID":4208,"EventTime":"2020-08-06 03:21:18","Task":13,"AccountType":"User","Channel":"Microsoft-Windows-Sysmon/Operational","EventTypeOrignal":"INFO","SourceName":"Microsoft-Windows-Sysmon","Hostname":"MORDORDC.theshire.local","@timestamp":"2020-08-06T07:21:19.307Z","OpcodeValue":0,"Message":"Registry value set:\r\nRuleName: -\r\nEventType: SetValue\r\nUtcTime: 2020-08-06 07:21:18.676\r\nProcessGuid: {9f85ce58-59df-5f2b-2c00-000000000400}\r\nProcessId: 1976\r\nImage: C:\\windows\\system32\\svchost.exe\r\nTargetObject: HKLM\\SOFTWARE\\Microsoft\\Windows NT\\CurrentVersion\\Schedule\\TaskCache\\Tasks\\{331DEF6C-160B-4058-B1E7-86DC90F15630}\\DynamicInfo\r\nDetails: Binary Data","SourceModuleName":"eventlog","ProcessId":"1976","Details":"Binary Data","port":60122,"AccountName":"SYSTEM","EventReceivedTime":"2020-08-06 03:21:19","UtcTime":"2020-08-06 07:21:18.676","Domain":"NT AUTHORITY","ExecutionProcessID":3888,"host":"wec.internal.cloudapp.net","Severity":"INFO","TargetObject":"HKLM\\SOFTWARE\\Microsoft\\Windows NT\\CurrentVersion\\Schedule\\TaskCache\\Tasks\\{331DEF6C-160B-4058-B1E7-86DC90F15630}\\DynamicInfo","SeverityValue":2,"EventID":13,"UserID":"S-1-5-18","ProviderGuid":"{5770385F-C22A-43E0-BF4C-06F5698FFBD9}","RecordNumber":280920,"Image":"C:\\windows\\system32\\svchost.exe","Keywords":-9223372036854775808,"ProcessGuid":"{9f85ce58-59df-5f2b-2c00-000000000400}","SourceModuleType":"im_msvistalog","RuleName":"-"}
{"@version":"1","EventType":"INFO","AccountType":"User","ThreadID":4208,"Channel":"Microsoft-Windows-Sysmon/Operational","OpcodeValue":0,"OriginalFileName":"dsregcmd.exe","Hostname":"MORDORDC.theshire.local","@timestamp":"2020-08-06T07:21:19.310Z","ProcessId":"5328","Signed":"true","host":"wec.internal.cloudapp.net","SignatureStatus":"Valid","Severity":"INFO","SeverityValue":2,"Image":"C:\\Windows\\System32\\dsregcmd.exe","SourceModuleType":"im_msvistalog","FileVersion":"10.0.17763.1282 (WinBuild.160101.0800)","Version":3,"Company":"Microsoft Corporation","EventTime":"2020-08-06 03:21:18","Task":7,"Signature":"Microsoft Windows","SourceName":"Microsoft-Windows-Sysmon","Message":"Image loaded:\r\nRuleName: -\r\nUtcTime: 2020-08-06 07:21:18.676\r\nProcessGuid: {9f85ce58-af6e-5f2b-1f04-000000000400}\r\nProcessId: 5328\r\nImage: C:\\Windows\\System32\\dsregcmd.exe\r\nImageLoaded: C:\\Windows\\System32\\dsregcmd.exe\r\nFileVersion: 10.0.17763.1282 (WinBuild.160101.0800)\r\nDescription: DSREG commandline tool\r\nProduct: Microsoft® Windows® Operating System\r\nCompany: Microsoft Corporation\r\nOriginalFileName: dsregcmd.exe\r\nHashes: SHA1=5215A711BF730BA57315055E6D79DA05D3D6C3DB,MD5=A3EC5E3E8F80F75CC97F74BA14C60674,SHA256=D5C2940F0F94354E4ADF8238185ECDBA91137656A634D336D9E81C7D23A5E96E,IMPHASH=97281AC8A8D49241F0356DD998A7CE2F\r\nSigned: true\r\nSignature: Microsoft Windows\r\nSignatureStatus: Valid","SourceModuleName":"eventlog","ImageLoaded":"C:\\Windows\\System32\\dsregcmd.exe","EventReceivedTime":"2020-08-06 03:21:19","port":60122,"AccountName":"SYSTEM","UtcTime":"2020-08-06 07:21:18.676","Domain":"NT AUTHORITY","ExecutionProcessID":3888,"Hashes":"SHA1=5215A711BF730BA57315055E6D79DA05D3D6C3DB,MD5=A3EC5E3E8F80F75CC97F74BA14C60674,SHA256=D5C2940F0F94354E4ADF8238185ECDBA91137656A634D336D9E81C7D23A5E96E,IMPHASH=97281AC8A8D49241F0356DD998A7CE2F","Description":"DSREG commandline tool","UserID":"S-1-5-18","EventID":7,"Product":"Microsoft® Windows® Operating System","ProviderGuid":"{5770385F-C22A-43E0-BF4C-06F5698FFBD9}","RecordNumber":280921,"Keywords":-9223372036854775808,"ProcessGuid":"{9f85ce58-af6e-5f2b-1f04-000000000400}","tags":["mordorDataset"],"RuleName":"-"}
{"@version":"1","EventType":"INFO","AccountType":"User","ThreadID":4208,"Channel":"Microsoft-Windows-Sysmon/Operational","OpcodeValue":0,"OriginalFileName":"ntdll.dll","Hostname":"MORDORDC.theshire.local","@timestamp":"2020-08-06T07:21:19.310Z","ProcessId":"5328","Signed":"true","host":"wec.internal.cloudapp.net","SignatureStatus":"Valid","Severity":"INFO","SeverityValue":2,"Image":"C:\\Windows\\System32\\dsregcmd.exe","SourceModuleType":"im_msvistalog","FileVersion":"10.0.17763.1192 (WinBuild.160101.0800)","Version":3,"Company":"Microsoft Corporation","EventTime":"2020-08-06 03:21:18","Task":7,"Signature":"Microsoft Windows","SourceName":"Microsoft-Windows-Sysmon","Message":"Image loaded:\r\nRuleName: -\r\nUtcTime: 2020-08-06 07:21:18.676\r\nProcessGuid: {9f85ce58-af6e-5f2b-1f04-000000000400}\r\nProcessId: 5328\r\nImage: C:\\Windows\\System32\\dsregcmd.exe\r\nImageLoaded: C:\\Windows\\System32\\ntdll.dll\r\nFileVersion: 10.0.17763.1192 (WinBuild.160101.0800)\r\nDescription: NT Layer DLL\r\nProduct: Microsoft® Windows® Operating System\r\nCompany: Microsoft Corporation\r\nOriginalFileName: ntdll.dll\r\nHashes: SHA1=9553C2FCC29993A01FAEFEAEE547B8FF59A81918,MD5=9DF042521EDC884C29459000EE214002,SHA256=5E50F578A2115A0FC5747BC738EAE811039A61A1FF24011B0E0E85DC04657939,IMPHASH=00000000000000000000000000000000\r\nSigned: true\r\nSignature: Microsoft Windows\r\nSignatureStatus: Valid","SourceModuleName":"eventlog","ImageLoaded":"C:\\Windows\\System32\\ntdll.dll","EventReceivedTime":"2020-08-06 03:21:19","port":60122,"AccountName":"SYSTEM","UtcTime":"2020-08-06 07:21:18.676","Domain":"NT AUTHORITY","ExecutionProcessID":3888,"Hashes":"SHA1=9553C2FCC29993A01FAEFEAEE547B8FF59A81918,MD5=9DF042521EDC884C29459000EE214002,SHA256=5E50F578A2115A0FC5747BC738EAE811039A61A1FF24011B0E0E85DC04657939,IMPHASH=00000000000000000000000000000000","Description":"NT Layer DLL","UserID":"S-1-5-18","EventID":7,"Product":"Microsoft® Windows® Operating System","ProviderGuid":"{5770385F-C22A-43E0-BF4C-06F5698FFBD9}","RecordNumber":280922,"Keywords":-9223372036854775808,"ProcessGuid":"{9f85ce58-af6e-5f2b-1f04-000000000400}","tags":["mordorDataset"],"RuleName":"-"}
{"@version":"1","EventType":"INFO","AccountType":"User","ThreadID":4208,"Channel":"Microsoft-Windows-Sysmon/Operational","OpcodeValue":0,"OriginalFileName":"kernel32","Hostname":"MORDORDC.theshire.local","@timestamp":"2020-08-06T07:21:19.311Z","ProcessId":"5328","Signed":"true","host":"wec.internal.cloudapp.net","SignatureStatus":"Valid","Severity":"INFO","SeverityValue":2,"Image":"C:\\Windows\\System32\\dsregcmd.exe","SourceModuleType":"im_msvistalog","FileVersion":"10.0.17763.1339 (WinBuild.160101.0800)","Version":3,"Company":"Microsoft Corporation","EventTime":"2020-08-06 03:21:18","Task":7,"Signature":"Microsoft Windows","SourceName":"Microsoft-Windows-Sysmon","Message":"Image loaded:\r\nRuleName: -\r\nUtcTime: 2020-08-06 07:21:18.676\r\nProcessGuid: {9f85ce58-af6e-5f2b-1f04-000000000400}\r\nProcessId: 5328\r\nImage: C:\\Windows\\System32\\dsregcmd.exe\r\nImageLoaded: C:\\Windows\\System32\\kernel32.dll\r\nFileVersion: 10.0.17763.1339 (WinBuild.160101.0800)\r\nDescription: Windows NT BASE API Client DLL\r\nProduct: Microsoft® Windows® Operating System\r\nCompany: Microsoft Corporation\r\nOriginalFileName: kernel32\r\nHashes: SHA1=68A1D9FE214BA35D247D87DCDE61701EE2D38005,MD5=D05BB3CC817F7BD602CFBC901711C45A,SHA256=94F8A68B8A0B28F709130EE218D33BBE2E68BD03218BDCD85DD2E83809011087,IMPHASH=5A2DEBB2344B5D6D1E742B407695A348\r\nSigned: true\r\nSignature: Microsoft Windows\r\nSignatureStatus: Valid","SourceModuleName":"eventlog","ImageLoaded":"C:\\Windows\\System32\\kernel32.dll","EventReceivedTime":"2020-08-06 03:21:19","port":60122,"AccountName":"SYSTEM","UtcTime":"2020-08-06 07:21:18.676","Domain":"NT AUTHORITY","ExecutionProcessID":3888,"Hashes":"SHA1=68A1D9FE214BA35D247D87DCDE61701EE2D38005,MD5=D05BB3CC817F7BD602CFBC901711C45A,SHA256=94F8A68B8A0B28F709130EE218D33BBE2E68BD03218BDCD85DD2E83809011087,IMPHASH=5A2DEBB2344B5D6D1E742B407695A348","Description":"Windows NT BASE API Client DLL","UserID":"S-1-5-18","EventID":7,"Product":"Microsoft® Windows® Operating System","ProviderGuid":"{5770385F-C22A-43E0-BF4C-06F5698FFBD9}","RecordNumber":280923,"Keywords":-9223372036854775808,"ProcessGuid":"{9f85ce58-af6e-5f2b-1f04-000000000400}","tags":["mordorDataset"],"RuleName":"-"}
{"@version":"1","EventType":"INFO","AccountType":"User","ThreadID":4208,"Channel":"Microsoft-Windows-Sysmon/Operational","OpcodeValue":0,"OriginalFileName":"Kernelbase.dll","Hostname":"MORDORDC.theshire.local","@timestamp":"2020-08-06T07:21:19.311Z","ProcessId":"5328","Signed":"true","host":"wec.internal.cloudapp.net","SignatureStatus":"Valid","Severity":"INFO","SeverityValue":2,"Image":"C:\\Windows\\System32\\dsregcmd.exe","SourceModuleType":"im_msvistalog","FileVersion":"10.0.17763.1339 (WinBuild.160101.0800)","Version":3,"Company":"Microsoft Corporation","EventTime":"2020-08-06 03:21:18","Task":7,"Signature":"Microsoft Windows","SourceName":"Microsoft-Windows-Sysmon","Message":"Image loaded:\r\nRuleName: -\r\nUtcTime: 2020-08-06 07:21:18.676\r\nProcessGuid: {9f85ce58-af6e-5f2b-1f04-000000000400}\r\nProcessId: 5328\r\nImage: C:\\Windows\\System32\\dsregcmd.exe\r\nImageLoaded: C:\\Windows\\System32\\KernelBase.dll\r\nFileVersion: 10.0.17763.1339 (WinBuild.160101.0800)\r\nDescription: Windows NT BASE API Client DLL\r\nProduct: Microsoft® Windows® Operating System\r\nCompany: Microsoft Corporation\r\nOriginalFileName: Kernelbase.dll\r\nHashes: SHA1=E8A57EC5E289934C9CF8AB1EF19870137C7A72E9,MD5=73A3BDCA26AA0A0A68BD860A4A881E75,SHA256=A754E7048C36C25F16D4BE216161D9FC3AF64A183423C97ED42F22162370FE9E,IMPHASH=6E4C16603083DB2E2C90D99475D4CBA5\r\nSigned: true\r\nSignature: Microsoft Windows\r\nSignatureStatus: Valid","SourceModuleName":"eventlog","ImageLoaded":"C:\\Windows\\System32\\KernelBase.dll","EventReceivedTime":"2020-08-06 03:21:19","port":60122,"AccountName":"SYSTEM","UtcTime":"2020-08-06 07:21:18.676","Domain":"NT AUTHORITY","ExecutionProcessID":3888,"Hashes":"SHA1=E8A57EC5E289934C9CF8AB1EF19870137C7A72E9,MD5=73A3BDCA26AA0A0A68BD860A4A881E75,SHA256=A754E7048C36C25F16D4BE216161D9FC3AF64A183423C97ED42F22162370FE9E,IMPHASH=6E4C16603083DB2E2C90D99475D4CBA5","Description":"Windows NT BASE API Client DLL","UserID":"S-1-5-18","EventID":7,"Product":"Microsoft® Windows® Operating System","ProviderGuid":"{5770385F-C22A-43E0-BF4C-06F5698FFBD9}","RecordNumber":280924,"Keywords":-9223372036854775808,"ProcessGuid":"{9f85ce58-af6e-5f2b-1f04-000000000400}","tags":["mordorDataset"],"RuleName":"-"}
{"@version":"1","EventType":"INFO","AccountType":"User","ThreadID":4208,"Channel":"Microsoft-Windows-Sysmon/Operational","OpcodeValue":0,"OriginalFileName":"CONHOST.EXE","Hostname":"MORDORDC.theshire.local","@timestamp":"2020-08-06T07:21:19.312Z","ParentCommandLine":"C:\\windows\\System32\\dsregcmd.exe $(Arg0) $(Arg1) $(Arg2)","ProcessId":"6828","ParentProcessId":"5328","host":"wec.internal.cloudapp.net","Severity":"INFO","SeverityValue":2,"Image":"C:\\Windows\\System32\\conhost.exe","LogonGuid":"{9f85ce58-59d8-5f2b-e703-000000000000}","SourceModuleType":"im_msvistalog","FileVersion":"10.0.17763.1075 (WinBuild.160101.0800)","Version":5,"Company":"Microsoft Corporation","EventTime":"2020-08-06 03:21:18","Task":1,"SourceName":"Microsoft-Windows-Sysmon","CurrentDirectory":"C:\\windows","Message":"Process Create:\r\nRuleName: -\r\nUtcTime: 2020-08-06 07:21:18.689\r\nProcessGuid: {9f85ce58-af6e-5f2b-2004-000000000400}\r\nProcessId: 6828\r\nImage: C:\\Windows\\System32\\conhost.exe\r\nFileVersion: 10.0.17763.1075 (WinBuild.160101.0800)\r\nDescription: Console Window Host\r\nProduct: Microsoft® Windows® Operating System\r\nCompany: Microsoft Corporation\r\nOriginalFileName: CONHOST.EXE\r\nCommandLine: \\??\\C:\\windows\\system32\\conhost.exe 0xffffffff -ForceV1\r\nCurrentDirectory: C:\\windows\r\nUser: NT AUTHORITY\\SYSTEM\r\nLogonGuid: {9f85ce58-59d8-5f2b-e703-000000000000}\r\nLogonId: 0x3E7\r\nTerminalSessionId: 0\r\nIntegrityLevel: System\r\nHashes: SHA1=74F28DD9B0DA310D85F1931DB2749A26A9A8AB02,MD5=AD99B6147CBFF1C8ECCE8CE44E742681,SHA256=912D217D9F34121BC6150A2D7F22B49D2C876942653348C671F358FF58AF0EBA,IMPHASH=76923AA1BF85799F169FC2A8BB03894A\r\nParentProcessGuid: {9f85ce58-af6e-5f2b-1f04-000000000400}\r\nParentProcessId: 5328\r\nParentImage: C:\\Windows\\System32\\dsregcmd.exe\r\nParentCommandLine: C:\\windows\\System32\\dsregcmd.exe $(Arg0) $(Arg1) $(Arg2)","IntegrityLevel":"System","CommandLine":"\\??\\C:\\windows\\system32\\conhost.exe 0xffffffff -ForceV1","ParentImage":"C:\\Windows\\System32\\dsregcmd.exe","SourceModuleName":"eventlog","LogonId":"0x3e7","port":60122,"AccountName":"SYSTEM","EventReceivedTime":"2020-08-06 03:21:19","UtcTime":"2020-08-06 07:21:18.689","Domain":"NT AUTHORITY","ExecutionProcessID":3888,"User":"NT AUTHORITY\\SYSTEM","Hashes":"SHA1=74F28DD9B0DA310D85F1931DB2749A26A9A8AB02,MD5=AD99B6147CBFF1C8ECCE8CE44E742681,SHA256=912D217D9F34121BC6150A2D7F22B49D2C876942653348C671F358FF58AF0EBA,IMPHASH=76923AA1BF85799F169FC2A8BB03894A","Description":"Console Window Host","TerminalSessionId":"0","ParentProcessGuid":"{9f85ce58-af6e-5f2b-1f04-000000000400}","UserID":"S-1-5-18","EventID":1,"Product":"Microsoft® Windows® Operating System","ProviderGuid":"{5770385F-C22A-43E0-BF4C-06F5698FFBD9}","RecordNumber":280925,"Keywords":-9223372036854775808,"ProcessGuid":"{9f85ce58-af6e-5f2b-2004-000000000400}","tags":["mordorDataset"],"RuleName":"-"}
{"@version":"1","EventType":"INFO","AccountType":"User","ThreadID":4208,"Channel":"Microsoft-Windows-Sysmon/Operational","OpcodeValue":0,"OriginalFileName":"CONHOST.EXE","Hostname":"MORDORDC.theshire.local","@timestamp":"2020-08-06T07:21:19.312Z","ProcessId":"6828","Signed":"true","host":"wec.internal.cloudapp.net","SignatureStatus":"Valid","Severity":"INFO","SeverityValue":2,"Image":"C:\\Windows\\System32\\conhost.exe","SourceModuleType":"im_msvistalog","FileVersion":"10.0.17763.1075 (WinBuild.160101.0800)","Version":3,"Company":"Microsoft Corporation","EventTime":"2020-08-06 03:21:18","Task":7,"Signature":"Microsoft Windows","SourceName":"Microsoft-Windows-Sysmon","Message":"Image loaded:\r\nRuleName: -\r\nUtcTime: 2020-08-06 07:21:18.676\r\nProcessGuid: {9f85ce58-af6e-5f2b-2004-000000000400}\r\nProcessId: 6828\r\nImage: C:\\Windows\\System32\\conhost.exe\r\nImageLoaded: C:\\Windows\\System32\\conhost.exe\r\nFileVersion: 10.0.17763.1075 (WinBuild.160101.0800)\r\nDescription: Console Window Host\r\nProduct: Microsoft® Windows® Operating System\r\nCompany: Microsoft Corporation\r\nOriginalFileName: CONHOST.EXE\r\nHashes: SHA1=74F28DD9B0DA310D85F1931DB2749A26A9A8AB02,MD5=AD99B6147CBFF1C8ECCE8CE44E742681,SHA256=912D217D9F34121BC6150A2D7F22B49D2C876942653348C671F358FF58AF0EBA,IMPHASH=76923AA1BF85799F169FC2A8BB03894A\r\nSigned: true\r\nSignature: Microsoft Windows\r\nSignatureStatus: Valid","SourceModuleName":"eventlog","ImageLoaded":"C:\\Windows\\System32\\conhost.exe","EventReceivedTime":"2020-08-06 03:21:19","port":60122,"AccountName":"SYSTEM","UtcTime":"2020-08-06 07:21:18.676","Domain":"NT AUTHORITY","ExecutionProcessID":3888,"Hashes":"SHA1=74F28DD9B0DA310D85F1931DB2749A26A9A8AB02,MD5=AD99B6147CBFF1C8ECCE8CE44E742681,SHA256=912D217D9F34121BC6150A2D7F22B49D2C876942653348C671F358FF58AF0EBA,IMPHASH=76923AA1BF85799F169FC2A8BB03894A","Description":"Console Window Host","UserID":"S-1-5-18","EventID":7,"Product":"Microsoft® Windows® Operating System","ProviderGuid":"{5770385F-C22A-43E0-BF4C-06F5698FFBD9}","RecordNumber":280926,"Keywords":-9223372036854775808,"ProcessGuid":"{9f85ce58-af6e-5f2b-2004-000000000400}","tags":["mordorDataset"],"RuleName":"-"}
{"@version":"1","EventType":"INFO","AccountType":"User","ThreadID":4208,"Channel":"Microsoft-Windows-Sysmon/Operational","OpcodeValue":0,"OriginalFileName":"ntdll.dll","Hostname":"MORDORDC.theshire.local","@timestamp":"2020-08-06T07:21:19.312Z","ProcessId":"6828","Signed":"true","host":"wec.internal.cloudapp.net","SignatureStatus":"Valid","Severity":"INFO","SeverityValue":2,"Image":"C:\\Windows\\System32\\conhost.exe","SourceModuleType":"im_msvistalog","FileVersion":"10.0.17763.1192 (WinBuild.160101.0800)","Version":3,"Company":"Microsoft Corporation","EventTime":"2020-08-06 03:21:18","Task":7,"Signature":"Microsoft Windows","SourceName":"Microsoft-Windows-Sysmon","Message":"Image loaded:\r\nRuleName: -\r\nUtcTime: 2020-08-06 07:21:18.676\r\nProcessGuid: {9f85ce58-af6e-5f2b-2004-000000000400}\r\nProcessId: 6828\r\nImage: C:\\Windows\\System32\\conhost.exe\r\nImageLoaded: C:\\Windows\\System32\\ntdll.dll\r\nFileVersion: 10.0.17763.1192 (WinBuild.160101.0800)\r\nDescription: NT Layer DLL\r\nProduct: Microsoft® Windows® Operating System\r\nCompany: Microsoft Corporation\r\nOriginalFileName: ntdll.dll\r\nHashes: SHA1=9553C2FCC29993A01FAEFEAEE547B8FF59A81918,MD5=9DF042521EDC884C29459000EE214002,SHA256=5E50F578A2115A0FC5747BC738EAE811039A61A1FF24011B0E0E85DC04657939,IMPHASH=00000000000000000000000000000000\r\nSigned: true\r\nSignature: Microsoft Windows\r\nSignatureStatus: Valid","SourceModuleName":"eventlog","ImageLoaded":"C:\\Windows\\System32\\ntdll.dll","EventReceivedTime":"2020-08-06 03:21:19","port":60122,"AccountName":"SYSTEM","UtcTime":"2020-08-06 07:21:18.676","Domain":"NT AUTHORITY","ExecutionProcessID":3888,"Hashes":"SHA1=9553C2FCC29993A01FAEFEAEE547B8FF59A81918,MD5=9DF042521EDC884C29459000EE214002,SHA256=5E50F578A2115A0FC5747BC738EAE811039A61A1FF24011B0E0E85DC04657939,IMPHASH=00000000000000000000000000000000","Description":"NT Layer DLL","UserID":"S-1-5-18","EventID":7,"Product":"Microsoft® Windows® Operating System","ProviderGuid":"{5770385F-C22A-43E0-BF4C-06F5698FFBD9}","RecordNumber":280927,"Keywords":-9223372036854775808,"ProcessGuid":"{9f85ce58-af6e-5f2b-2004-000000000400}","tags":["mordorDataset"],"RuleName":"-"}
{"@version":"1","EventType":"INFO","AccountType":"User","ThreadID":4208,"Channel":"Microsoft-Windows-Sysmon/Operational","OpcodeValue":0,"OriginalFileName":"kernel32","Hostname":"MORDORDC.theshire.local","@timestamp":"2020-08-06T07:21:19.313Z","ProcessId":"6828","Signed":"true","host":"wec.internal.cloudapp.net","SignatureStatus":"Valid","Severity":"INFO","SeverityValue":2,"Image":"C:\\Windows\\System32\\conhost.exe","SourceModuleType":"im_msvistalog","FileVersion":"10.0.17763.1339 (WinBuild.160101.0800)","Version":3,"Company":"Microsoft Corporation","EventTime":"2020-08-06 03:21:18","Task":7,"Signature":"Microsoft Windows","SourceName":"Microsoft-Windows-Sysmon","Message":"Image loaded:\r\nRuleName: -\r\nUtcTime: 2020-08-06 07:21:18.692\r\nProcessGuid: {9f85ce58-af6e-5f2b-2004-000000000400}\r\nProcessId: 6828\r\nImage: C:\\Windows\\System32\\conhost.exe\r\nImageLoaded: C:\\Windows\\System32\\kernel32.dll\r\nFileVersion: 10.0.17763.1339 (WinBuild.160101.0800)\r\nDescription: Windows NT BASE API Client DLL\r\nProduct: Microsoft® Windows® Operating System\r\nCompany: Microsoft Corporation\r\nOriginalFileName: kernel32\r\nHashes: SHA1=68A1D9FE214BA35D247D87DCDE61701EE2D38005,MD5=D05BB3CC817F7BD602CFBC901711C45A,SHA256=94F8A68B8A0B28F709130EE218D33BBE2E68BD03218BDCD85DD2E83809011087,IMPHASH=5A2DEBB2344B5D6D1E742B407695A348\r\nSigned: true\r\nSignature: Microsoft Windows\r\nSignatureStatus: Valid","SourceModuleName":"eventlog","ImageLoaded":"C:\\Windows\\System32\\kernel32.dll","EventReceivedTime":"2020-08-06 03:21:19","port":60122,"AccountName":"SYSTEM","UtcTime":"2020-08-06 07:21:18.692","Domain":"NT AUTHORITY","ExecutionProcessID":3888,"Hashes":"SHA1=68A1D9FE214BA35D247D87DCDE61701EE2D38005,MD5=D05BB3CC817F7BD602CFBC901711C45A,SHA256=94F8A68B8A0B28F709130EE218D33BBE2E68BD03218BDCD85DD2E83809011087,IMPHASH=5A2DEBB2344B5D6D1E742B407695A348","Description":"Windows NT BASE API Client DLL","UserID":"S-1-5-18","EventID":7,"Product":"Microsoft® Windows® Operating System","ProviderGuid":"{5770385F-C22A-43E0-BF4C-06F5698FFBD9}","RecordNumber":280928,"Keywords":-9223372036854775808,"ProcessGuid":"{9f85ce58-af6e-5f2b-2004-000000000400}","tags":["mordorDataset"],"RuleName":"-"}
{"@version":"1","EventType":"INFO","AccountType":"User","ThreadID":4208,"Channel":"Microsoft-Windows-Sysmon/Operational","OpcodeValue":0,"OriginalFileName":"Kernelbase.dll","Hostname":"MORDORDC.theshire.local","@timestamp":"2020-08-06T07:21:19.316Z","ProcessId":"6828","Signed":"true","host":"wec.internal.cloudapp.net","SignatureStatus":"Valid","Severity":"INFO","SeverityValue":2,"Image":"C:\\Windows\\System32\\conhost.exe","SourceModuleType":"im_msvistalog","FileVersion":"10.0.17763.1339 (WinBuild.160101.0800)","Version":3,"Company":"Microsoft Corporation","EventTime":"2020-08-06 03:21:18","Task":7,"Signature":"Microsoft Windows","SourceName":"Microsoft-Windows-Sysmon","Message":"Image loaded:\r\nRuleName: -\r\nUtcTime: 2020-08-06 07:21:18.692\r\nProcessGuid: {9f85ce58-af6e-5f2b-2004-000000000400}\r\nProcessId: 6828\r\nImage: C:\\Windows\\System32\\conhost.exe\r\nImageLoaded: C:\\Windows\\System32\\KernelBase.dll\r\nFileVersion: 10.0.17763.1339 (WinBuild.160101.0800)\r\nDescription: Windows NT BASE API Client DLL\r\nProduct: Microsoft® Windows® Operating System\r\nCompany: Microsoft Corporation\r\nOriginalFileName: Kernelbase.dll\r\nHashes: SHA1=E8A57EC5E289934C9CF8AB1EF19870137C7A72E9,MD5=73A3BDCA26AA0A0A68BD860A4A881E75,SHA256=A754E7048C36C25F16D4BE216161D9FC3AF64A183423C97ED42F22162370FE9E,IMPHASH=6E4C16603083DB2E2C90D99475D4CBA5\r\nSigned: true\r\nSignature: Microsoft Windows\r\nSignatureStatus: Valid","SourceModuleName":"eventlog","ImageLoaded":"C:\\Windows\\System32\\KernelBase.dll","EventReceivedTime":"2020-08-06 03:21:19","port":60122,"AccountName":"SYSTEM","UtcTime":"2020-08-06 07:21:18.692","Domain":"NT AUTHORITY","ExecutionProcessID":3888,"Hashes":"SHA1=E8A57EC5E289934C9CF8AB1EF19870137C7A72E9,MD5=73A3BDCA26AA0A0A68BD860A4A881E75,SHA256=A754E7048C36C25F16D4BE216161D9FC3AF64A183423C97ED42F22162370FE9E,IMPHASH=6E4C16603083DB2E2C90D99475D4CBA5","Description":"Windows NT BASE API Client DLL","UserID":"S-1-5-18","EventID":7,"Product":"Microsoft® Windows® Operating System","ProviderGuid":"{5770385F-C22A-43E0-BF4C-06F5698FFBD9}","RecordNumber":280929,"Keywords":-9223372036854775808,"ProcessGuid":"{9f85ce58-af6e-5f2b-2004-000000000400}","tags":["mordorDataset"],"RuleName":"-"}
{"tags":["mordorDataset"],"TargetProcessGUID":"{9f85ce58-af6e-5f2b-2004-000000000400}","@version":"1","EventType":"INFO","Version":3,"ThreadID":4208,"EventTime":"2020-08-06 03:21:18","Task":10,"AccountType":"User","SourceProcessGUID":"{9f85ce58-59d8-5f2b-0600-000000000400}","CallTrace":"C:\\windows\\SYSTEM32\\ntdll.dll+a07f4|C:\\windows\\SYSTEM32\\CSRSRV.dll+1c00|C:\\windows\\SYSTEM32\\CSRSRV.dll+631a|C:\\windows\\SYSTEM32\\ntdll.dll+6a27f","Channel":"Microsoft-Windows-Sysmon/Operational","SourceName":"Microsoft-Windows-Sysmon","OpcodeValue":0,"Hostname":"MORDORDC.theshire.local","@timestamp":"2020-08-06T07:21:19.316Z","Message":"Process accessed:\r\nRuleName: -\r\nUtcTime: 2020-08-06 07:21:18.692\r\nSourceProcessGUID: {9f85ce58-59d8-5f2b-0600-000000000400}\r\nSourceProcessId: 492\r\nSourceThreadId: 3904\r\nSourceImage: C:\\windows\\system32\\csrss.exe\r\nTargetProcessGUID: {9f85ce58-af6e-5f2b-2004-000000000400}\r\nTargetProcessId: 6828\r\nTargetImage: C:\\windows\\system32\\conhost.exe\r\nGrantedAccess: 0x1FFFFF\r\nCallTrace: C:\\windows\\SYSTEM32\\ntdll.dll+a07f4|C:\\windows\\SYSTEM32\\CSRSRV.dll+1c00|C:\\windows\\SYSTEM32\\CSRSRV.dll+631a|C:\\windows\\SYSTEM32\\ntdll.dll+6a27f","SourceModuleName":"eventlog","ProcessId":"492","SourceImage":"C:\\windows\\system32\\csrss.exe","EventReceivedTime":"2020-08-06 03:21:19","port":60122,"AccountName":"SYSTEM","UtcTime":"2020-08-06 07:21:18.692","GrantedAccess":"0x1fffff","Domain":"NT AUTHORITY","ExecutionProcessID":3888,"host":"wec.internal.cloudapp.net","SourceProcessId":"492","SourceThreadId":"3904","Severity":"INFO","TargetProcessId":"6828","SeverityValue":2,"EventID":10,"UserID":"S-1-5-18","ProviderGuid":"{5770385F-C22A-43E0-BF4C-06F5698FFBD9}","RecordNumber":280930,"SourceModuleType":"im_msvistalog","Keywords":-9223372036854775808,"TargetImage":"C:\\windows\\system32\\conhost.exe","RuleName":"-"}
{"@version":"1","EventType":"INFO","AccountType":"User","ThreadID":4208,"Channel":"Microsoft-Windows-Sysmon/Operational","OpcodeValue":0,"OriginalFileName":"msvcp_win.dll","Hostname":"MORDORDC.theshire.local","@timestamp":"2020-08-06T07:21:19.320Z","ProcessId":"6828","Signed":"true","host":"wec.internal.cloudapp.net","SignatureStatus":"Valid","Severity":"INFO","SeverityValue":2,"Image":"C:\\Windows\\System32\\conhost.exe","SourceModuleType":"im_msvistalog","FileVersion":"10.0.17763.348 (WinBuild.160101.0800)","Version":3,"Company":"Microsoft Corporation","EventTime":"2020-08-06 03:21:18","Task":7,"Signature":"Microsoft Windows","SourceName":"Microsoft-Windows-Sysmon","Message":"Image loaded:\r\nRuleName: -\r\nUtcTime: 2020-08-06 07:21:18.692\r\nProcessGuid: {9f85ce58-af6e-5f2b-2004-000000000400}\r\nProcessId: 6828\r\nImage: C:\\Windows\\System32\\conhost.exe\r\nImageLoaded: C:\\Windows\\System32\\msvcp_win.dll\r\nFileVersion: 10.0.17763.348 (WinBuild.160101.0800)\r\nDescription: Microsoft® C Runtime Library\r\nProduct: Microsoft® Windows® Operating System\r\nCompany: Microsoft Corporation\r\nOriginalFileName: msvcp_win.dll\r\nHashes: SHA1=AFB93DEFC8C6E399EFFC1D99BD719536A59E2510,MD5=967B050DA2325CD7BC8F7B5A3EED70ED,SHA256=2E365914142B4C0F8340594E253E8FA25F452338238B87E7D303AF89D0747D78,IMPHASH=856DC63B3063B927D2B424783B1DB1BF\r\nSigned: true\r\nSignature: Microsoft Windows\r\nSignatureStatus: Valid","SourceModuleName":"eventlog","ImageLoaded":"C:\\Windows\\System32\\msvcp_win.dll","EventReceivedTime":"2020-08-06 03:21:19","port":60122,"AccountName":"SYSTEM","UtcTime":"2020-08-06 07:21:18.692","Domain":"NT AUTHORITY","ExecutionProcessID":3888,"Hashes":"SHA1=AFB93DEFC8C6E399EFFC1D99BD719536A59E2510,MD5=967B050DA2325CD7BC8F7B5A3EED70ED,SHA256=2E365914142B4C0F8340594E253E8FA25F452338238B87E7D303AF89D0747D78,IMPHASH=856DC63B3063B927D2B424783B1DB1BF","Description":"Microsoft® C Runtime Library","UserID":"S-1-5-18","EventID":7,"Product":"Microsoft® Windows® Operating System","ProviderGuid":"{5770385F-C22A-43E0-BF4C-06F5698FFBD9}","RecordNumber":280931,"Keywords":-9223372036854775808,"ProcessGuid":"{9f85ce58-af6e-5f2b-2004-000000000400}","tags":["mordorDataset"],"RuleName":"-"}
{"@version":"1","EventType":"INFO","AccountType":"User","ThreadID":4208,"Channel":"Microsoft-Windows-Sysmon/Operational","OpcodeValue":0,"OriginalFileName":"ucrtbase.dll","Hostname":"MORDORDC.theshire.local","@timestamp":"2020-08-06T07:21:19.321Z","ProcessId":"6828","Signed":"true","host":"wec.internal.cloudapp.net","SignatureStatus":"Valid","Severity":"INFO","SeverityValue":2,"Image":"C:\\Windows\\System32\\conhost.exe","SourceModuleType":"im_msvistalog","FileVersion":"10.0.17763.719 (WinBuild.160101.0800)","Version":3,"Company":"Microsoft Corporation","EventTime":"2020-08-06 03:21:18","Task":7,"Signature":"Microsoft Windows","SourceName":"Microsoft-Windows-Sysmon","Message":"Image loaded:\r\nRuleName: -\r\nUtcTime: 2020-08-06 07:21:18.692\r\nProcessGuid: {9f85ce58-af6e-5f2b-2004-000000000400}\r\nProcessId: 6828\r\nImage: C:\\Windows\\System32\\conhost.exe\r\nImageLoaded: C:\\Windows\\System32\\ucrtbase.dll\r\nFileVersion: 10.0.17763.719 (WinBuild.160101.0800)\r\nDescription: Microsoft® C Runtime Library\r\nProduct: Microsoft® Windows® Operating System\r\nCompany: Microsoft Corporation\r\nOriginalFileName: ucrtbase.dll\r\nHashes: SHA1=E8D72CF9AFDA3AFFB9CB6E5503B4328D38E4989F,MD5=CE45F9FA43823145E4AA401750F079EC,SHA256=73CE83774509898008995C732C7AF667C6BD9FDC5E549BBC82705E443F89EF48,IMPHASH=5AE9A136FAFA10321F3D48251BF4F6A1\r\nSigned: true\r\nSignature: Microsoft Windows\r\nSignatureStatus: Valid","SourceModuleName":"eventlog","ImageLoaded":"C:\\Windows\\System32\\ucrtbase.dll","EventReceivedTime":"2020-08-06 03:21:19","port":60122,"AccountName":"SYSTEM","UtcTime":"2020-08-06 07:21:18.692","Domain":"NT AUTHORITY","ExecutionProcessID":3888,"Hashes":"SHA1=E8D72CF9AFDA3AFFB9CB6E5503B4328D38E4989F,MD5=CE45F9FA43823145E4AA401750F079EC,SHA256=73CE83774509898008995C732C7AF667C6BD9FDC5E549BBC82705E443F89EF48,IMPHASH=5AE9A136FAFA10321F3D48251BF4F6A1","Description":"Microsoft® C Runtime Library","UserID":"S-1-5-18","EventID":7,"Product":"Microsoft® Windows® Operating System","ProviderGuid":"{5770385F-C22A-43E0-BF4C-06F5698FFBD9}","RecordNumber":280932,"Keywords":-9223372036854775808,"ProcessGuid":"{9f85ce58-af6e-5f2b-2004-000000000400}","tags":["mordorDataset"],"RuleName":"-"}
{"@version":"1","EventType":"INFO","AccountType":"User","ThreadID":4208,"Channel":"Microsoft-Windows-Sysmon/Operational","OpcodeValue":0,"OriginalFileName":"SHCORE.dll","Hostname":"MORDORDC.theshire.local","@timestamp":"2020-08-06T07:21:19.321Z","ProcessId":"6828","Signed":"true","host":"wec.internal.cloudapp.net","SignatureStatus":"Valid","Severity":"INFO","SeverityValue":2,"Image":"C:\\Windows\\System32\\conhost.exe","SourceModuleType":"im_msvistalog","FileVersion":"10.0.17763.1339 (WinBuild.160101.0800)","Version":3,"Company":"Microsoft Corporation","EventTime":"2020-08-06 03:21:18","Task":7,"Signature":"Microsoft Windows","SourceName":"Microsoft-Windows-Sysmon","Message":"Image loaded:\r\nRuleName: -\r\nUtcTime: 2020-08-06 07:21:18.692\r\nProcessGuid: {9f85ce58-af6e-5f2b-2004-000000000400}\r\nProcessId: 6828\r\nImage: C:\\Windows\\System32\\conhost.exe\r\nImageLoaded: C:\\Windows\\System32\\SHCore.dll\r\nFileVersion: 10.0.17763.1339 (WinBuild.160101.0800)\r\nDescription: SHCORE\r\nProduct: Microsoft® Windows® Operating System\r\nCompany: Microsoft Corporation\r\nOriginalFileName: SHCORE.dll\r\nHashes: SHA1=AD7BB364F35E4F2A841EEE6E5C6280DEF514F6B2,MD5=F818375CF02A494111B6A5B440AB6245,SHA256=2B4305A3D5081358F5ED23E561133A0215CED05D3D6D55A61FE50D5EC0308EC7,IMPHASH=2C4CB476A1713ADF312799FAB977C9E4\r\nSigned: true\r\nSignature: Microsoft Windows\r\nSignatureStatus: Valid","SourceModuleName":"eventlog","ImageLoaded":"C:\\Windows\\System32\\SHCore.dll","EventReceivedTime":"2020-08-06 03:21:19","port":60122,"AccountName":"SYSTEM","UtcTime":"2020-08-06 07:21:18.692","Domain":"NT AUTHORITY","ExecutionProcessID":3888,"Hashes":"SHA1=AD7BB364F35E4F2A841EEE6E5C6280DEF514F6B2,MD5=F818375CF02A494111B6A5B440AB6245,SHA256=2B4305A3D5081358F5ED23E561133A0215CED05D3D6D55A61FE50D5EC0308EC7,IMPHASH=2C4CB476A1713ADF312799FAB977C9E4","Description":"SHCORE","UserID":"S-1-5-18","EventID":7,"Product":"Microsoft® Windows® Operating System","ProviderGuid":"{5770385F-C22A-43E0-BF4C-06F5698FFBD9}","RecordNumber":280933,"Keywords":-9223372036854775808,"ProcessGuid":"{9f85ce58-af6e-5f2b-2004-000000000400}","tags":["mordorDataset"],"RuleName":"-"}
