{"@version":"1","ThreadID":4452,"UserID":"S-1-5-18","Version":3,"Message":"Image loaded:\r\nRuleName: -\r\nUtcTime: 2020-08-05 07:48:29.156\r\nProcessGuid: {8715b604-644d-5f2a-9f05-000000000400}\r\nProcessId: 5000\r\nImage: C:\\Windows\\System32\\conhost.exe\r\nImageLoaded: C:\\Windows\\System32\\user32.dll\r\nFileVersion: 10.0.18362.959 (WinBuild.160101.0800)\r\nDescription: Multi-User Windows USER API Client DLL\r\nProduct: Microsoft Windows Operating System\r\nCompany: Microsoft Corporation\r\nOriginalFileName: user32\r\nHashes: SHA1=D44AD3E30CB63818C6558FF0218EF6F5682BF225,MD5=161B818B9DC72EDE0D160E49FCFD56B4,SHA256=EE22CE3375C2E2EFA9205D08A518D149084E36142E942A0E1697D7AF74435E06,IMPHASH=70F6F0466DB32D0AA9E18434AE996907\r\nSigned: true\r\nSignature: Microsoft Windows\r\nSignatureStatus: Valid","ProcessGuid":"{8715b604-644d-5f2a-9f05-000000000400}","SourceName":"Microsoft-Windows-Sysmon","Hashes":"SHA1=D44AD3E30CB63818C6558FF0218EF6F5682BF225,MD5=161B818B9DC72EDE0D160E49FCFD56B4,SHA256=EE22CE3375C2E2EFA9205D08A518D149084E36142E942A0E1697D7AF74435E06,IMPHASH=70F6F0466DB32D0AA9E18434AE996907","Signature":"Microsoft Windows","tags":["mordorDataset"],"RuleName":"-","ProviderGuid":"{5770385F-C22A-43E0-BF4C-06F5698FFBD9}","EventID":7,"RecordNumber":539832,"Hostname":"WORKSTATION5.theshire.local","SourceModuleType":"im_msvistalog","Signed":"true","ExecutionProcessID":3484,"AccountName":"SYSTEM","OpcodeValue":0,"EventType":"INFO","FileVersion":"10.0.18362.959 (WinBuild.160101.0800)","Image":"C:\\Windows\\System32\\conhost.exe","AccountType":"User","UtcTime":"2020-08-05 07:48:29.156","Keywords":-9223372036854775808,"OriginalFileName":"user32","host":"wec.internal.cloudapp.net","SourceModuleName":"eventlog","SeverityValue":2,"SignatureStatus":"Valid","Channel":"Microsoft-Windows-Sysmon/Operational","Description":"Multi-User Windows USER API Client DLL","ProcessId":"5000","Domain":"NT AUTHORITY","port":53997,"Company":"Microsoft Corporation","EventTime":"2020-08-05 03:48:29","Severity":"INFO","Product":"Microsoft Windows Operating System","@timestamp":"2020-08-05T07:48:29.671Z","Task":7,"ImageLoaded":"C:\\Windows\\System32\\user32.dll","EventReceivedTime":"2020-08-05 03:48:29"}
{"@version":"1","ThreadID":4452,"UserID":"S-1-5-18","Version":3,"Message":"Image loaded:\r\nRuleName: -\r\nUtcTime: 2020-08-05 07:48:29.156\r\nProcessGuid: {8715b604-644d-5f2a-9f05-000000000400}\r\nProcessId: 5000\r\nImage: C:\\Windows\\System32\\conhost.exe\r\nImageLoaded: C:\\Windows\\System32\\win32u.dll\r\nFileVersion: 10.0.18362.959 (WinBuild.160101.0800)\r\nDescription: Win32u\r\nProduct: Microsoft Windows Operating System\r\nCompany: Microsoft Corporation\r\nOriginalFileName: Win32u.DLL\r\nHashes: SHA1=CCD1C81ADB145891C8C71EC39145C6C2F2AC90F9,MD5=534A11687B149DF79FD1ECACA1C3622C,SHA256=1A4EC9BFE094D363444D6B6A5FBCC1532FC0B166689C37687D4B61AA4ADA66E5,IMPHASH=00000000000000000000000000000000\r\nSigned: true\r\nSignature: Microsoft Windows\r\nSignatureStatus: Valid","ProcessGuid":"{8715b604-644d-5f2a-9f05-000000000400}","SourceName":"Microsoft-Windows-Sysmon","Hashes":"SHA1=CCD1C81ADB145891C8C71EC39145C6C2F2AC90F9,MD5=534A11687B149DF79FD1ECACA1C3622C,SHA256=1A4EC9BFE094D363444D6B6A5FBCC1532FC0B166689C37687D4B61AA4ADA66E5,IMPHASH=00000000000000000000000000000000","Signature":"Microsoft Windows","tags":["mordorDataset"],"RuleName":"-","ProviderGuid":"{5770385F-C22A-43E0-BF4C-06F5698FFBD9}","EventID":7,"RecordNumber":539833,"Hostname":"WORKSTATION5.theshire.local","SourceModuleType":"im_msvistalog","Signed":"true","ExecutionProcessID":3484,"AccountName":"SYSTEM","OpcodeValue":0,"EventType":"INFO","FileVersion":"10.0.18362.959 (WinBuild.160101.0800)","Image":"C:\\Windows\\System32\\conhost.exe","AccountType":"User","UtcTime":"2020-08-05 07:48:29.156","Keywords":-9223372036854775808,"OriginalFileName":"Win32u.DLL","host":"wec.internal.cloudapp.net","SourceModuleName":"eventlog","SeverityValue":2,"SignatureStatus":"Valid","Channel":"Microsoft-Windows-Sysmon/Operational","Description":"Win32u","ProcessId":"5000","Domain":"NT AUTHORITY","port":53997,"Company":"Microsoft Corporation","EventTime":"2020-08-05 03:48:29","Severity":"INFO","Product":"Microsoft Windows Operating System","@timestamp":"2020-08-05T07:48:29.672Z","Task":7,"ImageLoaded":"C:\\Windows\\System32\\win32u.dll","EventReceivedTime":"2020-08-05 03:48:29"}
{"@version":"1","ThreadID":4452,"UserID":"S-1-5-18","Version":3,"Message":"Image loaded:\r\nRuleName: -\r\nUtcTime: 2020-08-05 07:48:29.156\r\nProcessGuid: {8715b604-644d-5f2a-9f05-000000000400}\r\nProcessId: 5000\r\nImage: C:\\Windows\\System32\\conhost.exe\r\nImageLoaded: C:\\Windows\\System32\\gdi32.dll\r\nFileVersion: 10.0.18362.1 (WinBuild.160101.0800)\r\nDescription: GDI Client DLL\r\nProduct: Microsoft Windows Operating System\r\nCompany: Microsoft Corporation\r\nOriginalFileName: gdi32\r\nHashes: SHA1=9E91D74D5B9BF64A3D4BE8C5EA3594F5DA2BC299,MD5=2839609118F48DEA292084E43FAA72D8,SHA256=4FC9460147D5A3AA1F9498863CF10BB7BE6099BEF1A3D55503164CA51E36E27E,IMPHASH=C5F30E6A06AB646153863B68366FE58A\r\nSigned: true\r\nSignature: Microsoft Windows\r\nSignatureStatus: Valid","ProcessGuid":"{8715b604-644d-5f2a-9f05-000000000400}","SourceName":"Microsoft-Windows-Sysmon","Hashes":"SHA1=9E91D74D5B9BF64A3D4BE8C5EA3594F5DA2BC299,MD5=2839609118F48DEA292084E43FAA72D8,SHA256=4FC9460147D5A3AA1F9498863CF10BB7BE6099BEF1A3D55503164CA51E36E27E,IMPHASH=C5F30E6A06AB646153863B68366FE58A","Signature":"Microsoft Windows","tags":["mordorDataset"],"RuleName":"-","ProviderGuid":"{5770385F-C22A-43E0-BF4C-06F5698FFBD9}","EventID":7,"RecordNumber":539834,"Hostname":"WORKSTATION5.theshire.local","SourceModuleType":"im_msvistalog","Signed":"true","ExecutionProcessID":3484,"AccountName":"SYSTEM","OpcodeValue":0,"EventType":"INFO","FileVersion":"10.0.18362.1 (WinBuild.160101.0800)","Image":"C:\\Windows\\System32\\conhost.exe","AccountType":"User","UtcTime":"2020-08-05 07:48:29.156","Keywords":-9223372036854775808,"OriginalFileName":"gdi32","host":"wec.internal.cloudapp.net","SourceModuleName":"eventlog","SeverityValue":2,"SignatureStatus":"Valid","Channel":"Microsoft-Windows-Sysmon/Operational","Description":"GDI Client DLL","ProcessId":"5000","Domain":"NT AUTHORITY","port":53997,"Company":"Microsoft Corporation","EventTime":"2020-08-05 03:48:29","Severity":"INFO","Product":"Microsoft Windows Operating System","@timestamp":"2020-08-05T07:48:29.672Z","Task":7,"ImageLoaded":"C:\\Windows\\System32\\gdi32.dll","EventReceivedTime":"2020-08-05 03:48:29"}
{"@version":"1","ThreadID":4452,"UserID":"S-1-5-18","Version":3,"Message":"Image loaded:\r\nRuleName: -\r\nUtcTime: 2020-08-05 07:48:29.156\r\nProcessGuid: {8715b604-644d-5f2a-9f05-000000000400}\r\nProcessId: 5000\r\nImage: C:\\Windows\\System32\\conhost.exe\r\nImageLoaded: C:\\Windows\\System32\\gdi32full.dll\r\nFileVersion: 10.0.18362.959 (WinBuild.160101.0800)\r\nDescription: GDI Client DLL\r\nProduct: Microsoft Windows Operating System\r\nCompany: Microsoft Corporation\r\nOriginalFileName: gdi32\r\nHashes: SHA1=6B15B544A6FA7786BEE05AAE7479874209071264,MD5=74237F16D369EA16BE981D10FE4C14E6,SHA256=39B84306F5BBEA44FDE17A2FB4B067832AD880316AF39564AF2483E80C4C0BF0,IMPHASH=4D32F6E2211CD04CA28C2CD4FAC607E8\r\nSigned: true\r\nSignature: Microsoft Windows\r\nSignatureStatus: Valid","ProcessGuid":"{8715b604-644d-5f2a-9f05-000000000400}","SourceName":"Microsoft-Windows-Sysmon","Hashes":"SHA1=6B15B544A6FA7786BEE05AAE7479874209071264,MD5=74237F16D369EA16BE981D10FE4C14E6,SHA256=39B84306F5BBEA44FDE17A2FB4B067832AD880316AF39564AF2483E80C4C0BF0,IMPHASH=4D32F6E2211CD04CA28C2CD4FAC607E8","Signature":"Microsoft Windows","tags":["mordorDataset"],"RuleName":"-","ProviderGuid":"{5770385F-C22A-43E0-BF4C-06F5698FFBD9}","EventID":7,"RecordNumber":539835,"Hostname":"WORKSTATION5.theshire.local","SourceModuleType":"im_msvistalog","Signed":"true","ExecutionProcessID":3484,"AccountName":"SYSTEM","OpcodeValue":0,"EventType":"INFO","FileVersion":"10.0.18362.959 (WinBuild.160101.0800)","Image":"C:\\Windows\\System32\\conhost.exe","AccountType":"User","UtcTime":"2020-08-05 07:48:29.156","Keywords":-9223372036854775808,"OriginalFileName":"gdi32","host":"wec.internal.cloudapp.net","SourceModuleName":"eventlog","SeverityValue":2,"SignatureStatus":"Valid","Channel":"Microsoft-Windows-Sysmon/Operational","Description":"GDI Client DLL","ProcessId":"5000","Domain":"NT AUTHORITY","port":53997,"Company":"Microsoft Corporation","EventTime":"2020-08-05 03:48:29","Severity":"INFO","Product":"Microsoft Windows Operating System","@timestamp":"2020-08-05T07:48:29.672Z","Task":7,"ImageLoaded":"C:\\Windows\\System32\\gdi32full.dll","EventReceivedTime":"2020-08-05 03:48:29"}
{"@version":"1","ThreadID":4452,"UserID":"S-1-5-18","Version":3,"Message":"Image loaded:\r\nRuleName: -\r\nUtcTime: 2020-08-05 07:48:29.156\r\nProcessGuid: {8715b604-644d-5f2a-9f05-000000000400}\r\nProcessId: 5000\r\nImage: C:\\Windows\\System32\\conhost.exe\r\nImageLoaded: C:\\Windows\\System32\\imm32.dll\r\nFileVersion: 10.0.18362.387 (WinBuild.160101.0800)\r\nDescription: Multi-User Windows IMM32 API Client DLL\r\nProduct: Microsoft Windows Operating System\r\nCompany: Microsoft Corporation\r\nOriginalFileName: imm32\r\nHashes: SHA1=76BB2AB8D3CB6DB6D23F4771334C9AA9C231B03A,MD5=025CC332EDC4B1A38290F3E36BCEF4FB,SHA256=0FE3C1C575EA1B0257B2EB12527EC35E3004CD88EA5BAEC7095386A9F9EB70AD,IMPHASH=24F54B6761C10BA12481CF6C780605BF\r\nSigned: true\r\nSignature: Microsoft Windows\r\nSignatureStatus: Valid","ProcessGuid":"{8715b604-644d-5f2a-9f05-000000000400}","SourceName":"Microsoft-Windows-Sysmon","Hashes":"SHA1=76BB2AB8D3CB6DB6D23F4771334C9AA9C231B03A,MD5=025CC332EDC4B1A38290F3E36BCEF4FB,SHA256=0FE3C1C575EA1B0257B2EB12527EC35E3004CD88EA5BAEC7095386A9F9EB70AD,IMPHASH=24F54B6761C10BA12481CF6C780605BF","Signature":"Microsoft Windows","tags":["mordorDataset"],"RuleName":"-","ProviderGuid":"{5770385F-C22A-43E0-BF4C-06F5698FFBD9}","EventID":7,"RecordNumber":539836,"Hostname":"WORKSTATION5.theshire.local","SourceModuleType":"im_msvistalog","Signed":"true","ExecutionProcessID":3484,"AccountName":"SYSTEM","OpcodeValue":0,"EventType":"INFO","FileVersion":"10.0.18362.387 (WinBuild.160101.0800)","Image":"C:\\Windows\\System32\\conhost.exe","AccountType":"User","UtcTime":"2020-08-05 07:48:29.156","Keywords":-9223372036854775808,"OriginalFileName":"imm32","host":"wec.internal.cloudapp.net","SourceModuleName":"eventlog","SeverityValue":2,"SignatureStatus":"Valid","Channel":"Microsoft-Windows-Sysmon/Operational","Description":"Multi-User Windows IMM32 API Client DLL","ProcessId":"5000","Domain":"NT AUTHORITY","port":53997,"Company":"Microsoft Corporation","EventTime":"2020-08-05 03:48:29","Severity":"INFO","Product":"Microsoft Windows Operating System","@timestamp":"2020-08-05T07:48:29.672Z","Task":7,"ImageLoaded":"C:\\Windows\\System32\\imm32.dll","EventReceivedTime":"2020-08-05 03:48:29"}
{"@version":"1","ThreadID":4452,"UserID":"S-1-5-18","Version":3,"Message":"Image loaded:\r\nRuleName: -\r\nUtcTime: 2020-08-05 07:48:29.171\r\nProcessGuid: {8715b604-644d-5f2a-9f05-000000000400}\r\nProcessId: 5000\r\nImage: C:\\Windows\\System32\\conhost.exe\r\nImageLoaded: C:\\Windows\\System32\\shell32.dll\r\nFileVersion: 10.0.18362.959 (WinBuild.160101.0800)\r\nDescription: Windows Shell Common Dll\r\nProduct: Microsoft Windows Operating System\r\nCompany: Microsoft Corporation\r\nOriginalFileName: SHELL32.DLL\r\nHashes: SHA1=58F8626CE55B3641A94002576D834B8CDC4BAB8F,MD5=0D1F30790D0370E30AAD4C5CD6875743,SHA256=BB359245A7753FB9B5631ECDF878B80E8234CBB84C606505383D674E95CBBA4A,IMPHASH=030A6F4B088C2827834DDA0274087CF3\r\nSigned: true\r\nSignature: Microsoft Windows\r\nSignatureStatus: Valid","ProcessGuid":"{8715b604-644d-5f2a-9f05-000000000400}","SourceName":"Microsoft-Windows-Sysmon","Hashes":"SHA1=58F8626CE55B3641A94002576D834B8CDC4BAB8F,MD5=0D1F30790D0370E30AAD4C5CD6875743,SHA256=BB359245A7753FB9B5631ECDF878B80E8234CBB84C606505383D674E95CBBA4A,IMPHASH=030A6F4B088C2827834DDA0274087CF3","Signature":"Microsoft Windows","tags":["mordorDataset"],"RuleName":"-","ProviderGuid":"{5770385F-C22A-43E0-BF4C-06F5698FFBD9}","EventID":7,"RecordNumber":539837,"Hostname":"WORKSTATION5.theshire.local","SourceModuleType":"im_msvistalog","Signed":"true","ExecutionProcessID":3484,"AccountName":"SYSTEM","OpcodeValue":0,"EventType":"INFO","FileVersion":"10.0.18362.959 (WinBuild.160101.0800)","Image":"C:\\Windows\\System32\\conhost.exe","AccountType":"User","UtcTime":"2020-08-05 07:48:29.171","Keywords":-9223372036854775808,"OriginalFileName":"SHELL32.DLL","host":"wec.internal.cloudapp.net","SourceModuleName":"eventlog","SeverityValue":2,"SignatureStatus":"Valid","Channel":"Microsoft-Windows-Sysmon/Operational","Description":"Windows Shell Common Dll","ProcessId":"5000","Domain":"NT AUTHORITY","port":53997,"Company":"Microsoft Corporation","EventTime":"2020-08-05 03:48:29","Severity":"INFO","Product":"Microsoft Windows Operating System","@timestamp":"2020-08-05T07:48:29.672Z","Task":7,"ImageLoaded":"C:\\Windows\\System32\\shell32.dll","EventReceivedTime":"2020-08-05 03:48:29"}
{"@version":"1","ThreadID":4452,"UserID":"S-1-5-18","Version":3,"Message":"Image loaded:\r\nRuleName: -\r\nUtcTime: 2020-08-05 07:48:29.171\r\nProcessGuid: {8715b604-644d-5f2a-9f05-000000000400}\r\nProcessId: 5000\r\nImage: C:\\Windows\\System32\\conhost.exe\r\nImageLoaded: C:\\Windows\\System32\\cfgmgr32.dll\r\nFileVersion: 10.0.18362.387 (WinBuild.160101.0800)\r\nDescription: Configuration Manager DLL\r\nProduct: Microsoft Windows Operating System\r\nCompany: Microsoft Corporation\r\nOriginalFileName: CFGMGR32.DLL\r\nHashes: SHA1=FA3A718BEED81C7084675E250ADC305677A6B5E4,MD5=3A99A40872AF3B87406CC57DBDF53748,SHA256=96A1DB38C74A81FBA4C4AB29020551364FD1ADA3B6FED789D193C787E757979D,IMPHASH=4B4464C7677B6F07342800F4CF0BA273\r\nSigned: true\r\nSignature: Microsoft Windows\r\nSignatureStatus: Valid","ProcessGuid":"{8715b604-644d-5f2a-9f05-000000000400}","SourceName":"Microsoft-Windows-Sysmon","Hashes":"SHA1=FA3A718BEED81C7084675E250ADC305677A6B5E4,MD5=3A99A40872AF3B87406CC57DBDF53748,SHA256=96A1DB38C74A81FBA4C4AB29020551364FD1ADA3B6FED789D193C787E757979D,IMPHASH=4B4464C7677B6F07342800F4CF0BA273","Signature":"Microsoft Windows","tags":["mordorDataset"],"RuleName":"-","ProviderGuid":"{5770385F-C22A-43E0-BF4C-06F5698FFBD9}","EventID":7,"RecordNumber":539838,"Hostname":"WORKSTATION5.theshire.local","SourceModuleType":"im_msvistalog","Signed":"true","ExecutionProcessID":3484,"AccountName":"SYSTEM","OpcodeValue":0,"EventType":"INFO","FileVersion":"10.0.18362.387 (WinBuild.160101.0800)","Image":"C:\\Windows\\System32\\conhost.exe","AccountType":"User","UtcTime":"2020-08-05 07:48:29.171","Keywords":-9223372036854775808,"OriginalFileName":"CFGMGR32.DLL","host":"wec.internal.cloudapp.net","SourceModuleName":"eventlog","SeverityValue":2,"SignatureStatus":"Valid","Channel":"Microsoft-Windows-Sysmon/Operational","Description":"Configuration Manager DLL","ProcessId":"5000","Domain":"NT AUTHORITY","port":53997,"Company":"Microsoft Corporation","EventTime":"2020-08-05 03:48:29","Severity":"INFO","Product":"Microsoft Windows Operating System","@timestamp":"2020-08-05T07:48:29.672Z","Task":7,"ImageLoaded":"C:\\Windows\\System32\\cfgmgr32.dll","EventReceivedTime":"2020-08-05 03:48:29"}
{"@version":"1","ThreadID":4452,"UserID":"S-1-5-18","Version":3,"Message":"Image loaded:\r\nRuleName: -\r\nUtcTime: 2020-08-05 07:48:29.171\r\nProcessGuid: {8715b604-644d-5f2a-9f05-000000000400}\r\nProcessId: 5000\r\nImage: C:\\Windows\\System32\\conhost.exe\r\nImageLoaded: C:\\Windows\\System32\\windows.storage.dll\r\nFileVersion: 10.0.18362.959 (WinBuild.160101.0800)\r\nDescription: Microsoft WinRT Storage API\r\nProduct: Microsoft Windows Operating System\r\nCompany: Microsoft Corporation\r\nOriginalFileName: Windows.Storage.dll\r\nHashes: SHA1=BAA71D526020896910ABC8776A92AE5963262D17,MD5=5528B3EF9677ECE021B456ED4DE58EA8,SHA256=8F5394C59188C334C43D2BD648DE1E8D1146B9AE4BA55090A0F372D2FCB6CD0C,IMPHASH=BDB3E400A78EE2D42C647E85CD2D827B\r\nSigned: true\r\nSignature: Microsoft Windows\r\nSignatureStatus: Valid","ProcessGuid":"{8715b604-644d-5f2a-9f05-000000000400}","SourceName":"Microsoft-Windows-Sysmon","Hashes":"SHA1=BAA71D526020896910ABC8776A92AE5963262D17,MD5=5528B3EF9677ECE021B456ED4DE58EA8,SHA256=8F5394C59188C334C43D2BD648DE1E8D1146B9AE4BA55090A0F372D2FCB6CD0C,IMPHASH=BDB3E400A78EE2D42C647E85CD2D827B","Signature":"Microsoft Windows","tags":["mordorDataset"],"RuleName":"-","ProviderGuid":"{5770385F-C22A-43E0-BF4C-06F5698FFBD9}","EventID":7,"RecordNumber":539839,"Hostname":"WORKSTATION5.theshire.local","SourceModuleType":"im_msvistalog","Signed":"true","ExecutionProcessID":3484,"AccountName":"SYSTEM","OpcodeValue":0,"EventType":"INFO","FileVersion":"10.0.18362.959 (WinBuild.160101.0800)","Image":"C:\\Windows\\System32\\conhost.exe","AccountType":"User","UtcTime":"2020-08-05 07:48:29.171","Keywords":-9223372036854775808,"OriginalFileName":"Windows.Storage.dll","host":"wec.internal.cloudapp.net","SourceModuleName":"eventlog","SeverityValue":2,"SignatureStatus":"Valid","Channel":"Microsoft-Windows-Sysmon/Operational","Description":"Microsoft WinRT Storage API","ProcessId":"5000","Domain":"NT AUTHORITY","port":53997,"Company":"Microsoft Corporation","EventTime":"2020-08-05 03:48:29","Severity":"INFO","Product":"Microsoft Windows Operating System","@timestamp":"2020-08-05T07:48:29.673Z","Task":7,"ImageLoaded":"C:\\Windows\\System32\\windows.storage.dll","EventReceivedTime":"2020-08-05 03:48:29"}
{"@version":"1","ThreadID":4452,"UserID":"S-1-5-18","Version":3,"Message":"Image loaded:\r\nRuleName: -\r\nUtcTime: 2020-08-05 07:48:29.171\r\nProcessGuid: {8715b604-644d-5f2a-9f05-000000000400}\r\nProcessId: 5000\r\nImage: C:\\Windows\\System32\\conhost.exe\r\nImageLoaded: C:\\Windows\\System32\\profapi.dll\r\nFileVersion: 10.0.18362.693 (WinBuild.160101.0800)\r\nDescription: User Profile Basic API\r\nProduct: Microsoft Windows Operating System\r\nCompany: Microsoft Corporation\r\nOriginalFileName: PROFAPI.DLL\r\nHashes: SHA1=387FC7660AFDEC45CFFB84980EB77D0E787ED31B,MD5=F4862E1CC68687B9D4B245512BDF8383,SHA256=A2DF0AC95B9AA338EB6062BA5739F65BFBA86658546F4C5CAC6045C363F55E24,IMPHASH=192CF98320740B7D296297054A9C3EEA\r\nSigned: true\r\nSignature: Microsoft Windows\r\nSignatureStatus: Valid","ProcessGuid":"{8715b604-644d-5f2a-9f05-000000000400}","SourceName":"Microsoft-Windows-Sysmon","Hashes":"SHA1=387FC7660AFDEC45CFFB84980EB77D0E787ED31B,MD5=F4862E1CC68687B9D4B245512BDF8383,SHA256=A2DF0AC95B9AA338EB6062BA5739F65BFBA86658546F4C5CAC6045C363F55E24,IMPHASH=192CF98320740B7D296297054A9C3EEA","Signature":"Microsoft Windows","tags":["mordorDataset"],"RuleName":"-","ProviderGuid":"{5770385F-C22A-43E0-BF4C-06F5698FFBD9}","EventID":7,"RecordNumber":539840,"Hostname":"WORKSTATION5.theshire.local","SourceModuleType":"im_msvistalog","Signed":"true","ExecutionProcessID":3484,"AccountName":"SYSTEM","OpcodeValue":0,"EventType":"INFO","FileVersion":"10.0.18362.693 (WinBuild.160101.0800)","Image":"C:\\Windows\\System32\\conhost.exe","AccountType":"User","UtcTime":"2020-08-05 07:48:29.171","Keywords":-9223372036854775808,"OriginalFileName":"PROFAPI.DLL","host":"wec.internal.cloudapp.net","SourceModuleName":"eventlog","SeverityValue":2,"SignatureStatus":"Valid","Channel":"Microsoft-Windows-Sysmon/Operational","Description":"User Profile Basic API","ProcessId":"5000","Domain":"NT AUTHORITY","port":53997,"Company":"Microsoft Corporation","EventTime":"2020-08-05 03:48:29","Severity":"INFO","Product":"Microsoft Windows Operating System","@timestamp":"2020-08-05T07:48:29.673Z","Task":7,"ImageLoaded":"C:\\Windows\\System32\\profapi.dll","EventReceivedTime":"2020-08-05 03:48:29"}
{"@version":"1","ThreadID":4452,"UserID":"S-1-5-18","Version":3,"Message":"Image loaded:\r\nRuleName: -\r\nUtcTime: 2020-08-05 07:48:29.171\r\nProcessGuid: {8715b604-644d-5f2a-9f05-000000000400}\r\nProcessId: 5000\r\nImage: C:\\Windows\\System32\\conhost.exe\r\nImageLoaded: C:\\Windows\\System32\\powrprof.dll\r\nFileVersion: 10.0.18362.1 (WinBuild.160101.0800)\r\nDescription: Power Profile Helper DLL\r\nProduct: Microsoft Windows Operating System\r\nCompany: Microsoft Corporation\r\nOriginalFileName: POWRPROF.DLL\r\nHashes: SHA1=30D5ADBC0664977C27B65622F514632581C9AF45,MD5=07B027B1E0B775FAE815E487F28137B9,SHA256=21358CE9A416C7F6DB063095102E91F014BDB85B08A4E783E17234792C9B483A,IMPHASH=817FF4748665EB442F0081A91349F764\r\nSigned: true\r\nSignature: Microsoft Windows\r\nSignatureStatus: Valid","ProcessGuid":"{8715b604-644d-5f2a-9f05-000000000400}","SourceName":"Microsoft-Windows-Sysmon","Hashes":"SHA1=30D5ADBC0664977C27B65622F514632581C9AF45,MD5=07B027B1E0B775FAE815E487F28137B9,SHA256=21358CE9A416C7F6DB063095102E91F014BDB85B08A4E783E17234792C9B483A,IMPHASH=817FF4748665EB442F0081A91349F764","Signature":"Microsoft Windows","tags":["mordorDataset"],"RuleName":"-","ProviderGuid":"{5770385F-C22A-43E0-BF4C-06F5698FFBD9}","EventID":7,"RecordNumber":539841,"Hostname":"WORKSTATION5.theshire.local","SourceModuleType":"im_msvistalog","Signed":"true","ExecutionProcessID":3484,"AccountName":"SYSTEM","OpcodeValue":0,"EventType":"INFO","FileVersion":"10.0.18362.1 (WinBuild.160101.0800)","Image":"C:\\Windows\\System32\\conhost.exe","AccountType":"User","UtcTime":"2020-08-05 07:48:29.171","Keywords":-9223372036854775808,"OriginalFileName":"POWRPROF.DLL","host":"wec.internal.cloudapp.net","SourceModuleName":"eventlog","SeverityValue":2,"SignatureStatus":"Valid","Channel":"Microsoft-Windows-Sysmon/Operational","Description":"Power Profile Helper DLL","ProcessId":"5000","Domain":"NT AUTHORITY","port":53997,"Company":"Microsoft Corporation","EventTime":"2020-08-05 03:48:29","Severity":"INFO","Product":"Microsoft Windows Operating System","@timestamp":"2020-08-05T07:48:29.673Z","Task":7,"ImageLoaded":"C:\\Windows\\System32\\powrprof.dll","EventReceivedTime":"2020-08-05 03:48:29"}
{"@version":"1","ThreadID":4452,"UserID":"S-1-5-18","Version":3,"Message":"Image loaded:\r\nRuleName: -\r\nUtcTime: 2020-08-05 07:48:29.171\r\nProcessGuid: {8715b604-644d-5f2a-9f05-000000000400}\r\nProcessId: 5000\r\nImage: C:\\Windows\\System32\\conhost.exe\r\nImageLoaded: C:\\Windows\\System32\\umpdc.dll\r\nFileVersion: -\r\nDescription: -\r\nProduct: -\r\nCompany: -\r\nOriginalFileName: -\r\nHashes: SHA1=6ABB78FB1614C12E3E9FFF3DE98B0E13E79201D9,MD5=B9A75ED4500DD953DF172FE6F63578E8,SHA256=709B99BA1DFEF6D9B2483F37D242B12F29B1E1ADE13E338B4D7041C55B55204B,IMPHASH=5A0FF5293A05BFEBAE6F2C9C302FC5E7\r\nSigned: true\r\nSignature: Microsoft Windows\r\nSignatureStatus: Valid","ProcessGuid":"{8715b604-644d-5f2a-9f05-000000000400}","SourceName":"Microsoft-Windows-Sysmon","Hashes":"SHA1=6ABB78FB1614C12E3E9FFF3DE98B0E13E79201D9,MD5=B9A75ED4500DD953DF172FE6F63578E8,SHA256=709B99BA1DFEF6D9B2483F37D242B12F29B1E1ADE13E338B4D7041C55B55204B,IMPHASH=5A0FF5293A05BFEBAE6F2C9C302FC5E7","Signature":"Microsoft Windows","tags":["mordorDataset"],"RuleName":"-","ProviderGuid":"{5770385F-C22A-43E0-BF4C-06F5698FFBD9}","EventID":7,"RecordNumber":539842,"Hostname":"WORKSTATION5.theshire.local","SourceModuleType":"im_msvistalog","Signed":"true","ExecutionProcessID":3484,"AccountName":"SYSTEM","OpcodeValue":0,"EventType":"INFO","FileVersion":"-","Image":"C:\\Windows\\System32\\conhost.exe","AccountType":"User","UtcTime":"2020-08-05 07:48:29.171","Keywords":-9223372036854775808,"OriginalFileName":"-","host":"wec.internal.cloudapp.net","SourceModuleName":"eventlog","SeverityValue":2,"SignatureStatus":"Valid","Channel":"Microsoft-Windows-Sysmon/Operational","Description":"-","ProcessId":"5000","Domain":"NT AUTHORITY","port":53997,"Company":"-","EventTime":"2020-08-05 03:48:29","Severity":"INFO","Product":"-","@timestamp":"2020-08-05T07:48:29.673Z","Task":7,"ImageLoaded":"C:\\Windows\\System32\\umpdc.dll","EventReceivedTime":"2020-08-05 03:48:29"}
{"@version":"1","ThreadID":4452,"UserID":"S-1-5-18","Version":3,"Message":"Image loaded:\r\nRuleName: -\r\nUtcTime: 2020-08-05 07:48:29.171\r\nProcessGuid: {8715b604-644d-5f2a-9f05-000000000400}\r\nProcessId: 5000\r\nImage: C:\\Windows\\System32\\conhost.exe\r\nImageLoaded: C:\\Windows\\System32\\shlwapi.dll\r\nFileVersion: 10.0.18362.1 (WinBuild.160101.0800)\r\nDescription: Shell Light-weight Utility Library\r\nProduct: Microsoft Windows Operating System\r\nCompany: Microsoft Corporation\r\nOriginalFileName: SHLWAPI.DLL\r\nHashes: SHA1=9074DF3335B785BB00B43AE76ACC66B799118FAE,MD5=BFB85A9022324E41FCEC5011BCB5FD23,SHA256=3CDA144CFB6278DA47267FE1E1FE258716A074C3D3DD8413B259DA7DA1039871,IMPHASH=6659A49ABF33952444C5A7FA22FD9032\r\nSigned: true\r\nSignature: Microsoft Windows\r\nSignatureStatus: Valid","ProcessGuid":"{8715b604-644d-5f2a-9f05-000000000400}","SourceName":"Microsoft-Windows-Sysmon","Hashes":"SHA1=9074DF3335B785BB00B43AE76ACC66B799118FAE,MD5=BFB85A9022324E41FCEC5011BCB5FD23,SHA256=3CDA144CFB6278DA47267FE1E1FE258716A074C3D3DD8413B259DA7DA1039871,IMPHASH=6659A49ABF33952444C5A7FA22FD9032","Signature":"Microsoft Windows","tags":["mordorDataset"],"RuleName":"-","ProviderGuid":"{5770385F-C22A-43E0-BF4C-06F5698FFBD9}","EventID":7,"RecordNumber":539843,"Hostname":"WORKSTATION5.theshire.local","SourceModuleType":"im_msvistalog","Signed":"true","ExecutionProcessID":3484,"AccountName":"SYSTEM","OpcodeValue":0,"EventType":"INFO","FileVersion":"10.0.18362.1 (WinBuild.160101.0800)","Image":"C:\\Windows\\System32\\conhost.exe","AccountType":"User","UtcTime":"2020-08-05 07:48:29.171","Keywords":-9223372036854775808,"OriginalFileName":"SHLWAPI.DLL","host":"wec.internal.cloudapp.net","SourceModuleName":"eventlog","SeverityValue":2,"SignatureStatus":"Valid","Channel":"Microsoft-Windows-Sysmon/Operational","Description":"Shell Light-weight Utility Library","ProcessId":"5000","Domain":"NT AUTHORITY","port":53997,"Company":"Microsoft Corporation","EventTime":"2020-08-05 03:48:29","Severity":"INFO","Product":"Microsoft Windows Operating System","@timestamp":"2020-08-05T07:48:29.674Z","Task":7,"ImageLoaded":"C:\\Windows\\System32\\shlwapi.dll","EventReceivedTime":"2020-08-05 03:48:29"}
{"@version":"1","ThreadID":4452,"UserID":"S-1-5-18","Version":3,"Message":"Image loaded:\r\nRuleName: -\r\nUtcTime: 2020-08-05 07:48:29.171\r\nProcessGuid: {8715b604-644d-5f2a-9f05-000000000400}\r\nProcessId: 5000\r\nImage: C:\\Windows\\System32\\conhost.exe\r\nImageLoaded: C:\\Windows\\System32\\kernel.appcore.dll\r\nFileVersion: 10.0.18362.1 (WinBuild.160101.0800)\r\nDescription: AppModel API Host\r\nProduct: Microsoft Windows Operating System\r\nCompany: Microsoft Corporation\r\nOriginalFileName: kernel.appcore.dll\r\nHashes: SHA1=4985EC8C3309DB6CCCCFD4D18423A84E37BEC172,MD5=EDF981437C0FD1B9DBF9EA42CE97CE60,SHA256=42164F81BC8FC2D0A6B71DAA492BE6A6D4785821AA4FDCA27B9273721EDB23D9,IMPHASH=8899216954AA228EAA7E8EEDC31DBC03\r\nSigned: true\r\nSignature: Microsoft Windows\r\nSignatureStatus: Valid","ProcessGuid":"{8715b604-644d-5f2a-9f05-000000000400}","SourceName":"Microsoft-Windows-Sysmon","Hashes":"SHA1=4985EC8C3309DB6CCCCFD4D18423A84E37BEC172,MD5=EDF981437C0FD1B9DBF9EA42CE97CE60,SHA256=42164F81BC8FC2D0A6B71DAA492BE6A6D4785821AA4FDCA27B9273721EDB23D9,IMPHASH=8899216954AA228EAA7E8EEDC31DBC03","Signature":"Microsoft Windows","tags":["mordorDataset"],"RuleName":"-","ProviderGuid":"{5770385F-C22A-43E0-BF4C-06F5698FFBD9}","EventID":7,"RecordNumber":539844,"Hostname":"WORKSTATION5.theshire.local","SourceModuleType":"im_msvistalog","Signed":"true","ExecutionProcessID":3484,"AccountName":"SYSTEM","OpcodeValue":0,"EventType":"INFO","FileVersion":"10.0.18362.1 (WinBuild.160101.0800)","Image":"C:\\Windows\\System32\\conhost.exe","AccountType":"User","UtcTime":"2020-08-05 07:48:29.171","Keywords":-9223372036854775808,"OriginalFileName":"kernel.appcore.dll","host":"wec.internal.cloudapp.net","SourceModuleName":"eventlog","SeverityValue":2,"SignatureStatus":"Valid","Channel":"Microsoft-Windows-Sysmon/Operational","Description":"AppModel API Host","ProcessId":"5000","Domain":"NT AUTHORITY","port":53997,"Company":"Microsoft Corporation","EventTime":"2020-08-05 03:48:29","Severity":"INFO","Product":"Microsoft Windows Operating System","@timestamp":"2020-08-05T07:48:29.674Z","Task":7,"ImageLoaded":"C:\\Windows\\System32\\kernel.appcore.dll","EventReceivedTime":"2020-08-05 03:48:29"}
{"@version":"1","ThreadID":4452,"UserID":"S-1-5-18","Version":3,"Message":"Image loaded:\r\nRuleName: -\r\nUtcTime: 2020-08-05 07:48:29.171\r\nProcessGuid: {8715b604-644d-5f2a-9f05-000000000400}\r\nProcessId: 5000\r\nImage: C:\\Windows\\System32\\conhost.exe\r\nImageLoaded: C:\\Windows\\System32\\cryptsp.dll\r\nFileVersion: 10.0.18362.1 (WinBuild.160101.0800)\r\nDescription: Cryptographic Service Provider API\r\nProduct: Microsoft Windows Operating System\r\nCompany: Microsoft Corporation\r\nOriginalFileName: cryptsp.dll\r\nHashes: SHA1=90F229FB5DB52DF3604195B10C48E946684929ED,MD5=ACE18C6797090A1AA259BB8713917F98,SHA256=F5E118F67745792909973717FAE1F9FE68B2619332A4451AD04E0C9072B8D605,IMPHASH=A9B9D04D0B53DC48ABB37BE77AD01B55\r\nSigned: true\r\nSignature: Microsoft Windows\r\nSignatureStatus: Valid","ProcessGuid":"{8715b604-644d-5f2a-9f05-000000000400}","SourceName":"Microsoft-Windows-Sysmon","Hashes":"SHA1=90F229FB5DB52DF3604195B10C48E946684929ED,MD5=ACE18C6797090A1AA259BB8713917F98,SHA256=F5E118F67745792909973717FAE1F9FE68B2619332A4451AD04E0C9072B8D605,IMPHASH=A9B9D04D0B53DC48ABB37BE77AD01B55","Signature":"Microsoft Windows","tags":["mordorDataset"],"RuleName":"-","ProviderGuid":"{5770385F-C22A-43E0-BF4C-06F5698FFBD9}","EventID":7,"RecordNumber":539845,"Hostname":"WORKSTATION5.theshire.local","SourceModuleType":"im_msvistalog","Signed":"true","ExecutionProcessID":3484,"AccountName":"SYSTEM","OpcodeValue":0,"EventType":"INFO","FileVersion":"10.0.18362.1 (WinBuild.160101.0800)","Image":"C:\\Windows\\System32\\conhost.exe","AccountType":"User","UtcTime":"2020-08-05 07:48:29.171","Keywords":-9223372036854775808,"OriginalFileName":"cryptsp.dll","host":"wec.internal.cloudapp.net","SourceModuleName":"eventlog","SeverityValue":2,"SignatureStatus":"Valid","Channel":"Microsoft-Windows-Sysmon/Operational","Description":"Cryptographic Service Provider API","ProcessId":"5000","Domain":"NT AUTHORITY","port":53997,"Company":"Microsoft Corporation","EventTime":"2020-08-05 03:48:29","Severity":"INFO","Product":"Microsoft Windows Operating System","@timestamp":"2020-08-05T07:48:29.674Z","Task":7,"ImageLoaded":"C:\\Windows\\System32\\cryptsp.dll","EventReceivedTime":"2020-08-05 03:48:29"}
{"@version":"1","ThreadID":4452,"UserID":"S-1-5-18","Version":3,"Message":"Image loaded:\r\nRuleName: -\r\nUtcTime: 2020-08-05 07:48:29.171\r\nProcessGuid: {8715b604-644d-5f2a-9f05-000000000400}\r\nProcessId: 5000\r\nImage: C:\\Windows\\System32\\conhost.exe\r\nImageLoaded: C:\\Windows\\System32\\uxtheme.dll\r\nFileVersion: 10.0.18362.449 (WinBuild.160101.0800)\r\nDescription: Microsoft UxTheme Library\r\nProduct: Microsoft Windows Operating System\r\nCompany: Microsoft Corporation\r\nOriginalFileName: UxTheme.dll\r\nHashes: SHA1=62956D6FAEB4EC8EA54315A8E3CC15F06165AD57,MD5=3C9D22CAE173AD19806B6A016CD4CC28,SHA256=D95E7D07EA46D7D2AEFA01CD0A64CF266BE26D40FA6BE42F7CF60F6DEB8FBAF3,IMPHASH=64BAD10B75B987F62BF08E1852DE4022\r\nSigned: true\r\nSignature: Microsoft Windows\r\nSignatureStatus: Valid","ProcessGuid":"{8715b604-644d-5f2a-9f05-000000000400}","SourceName":"Microsoft-Windows-Sysmon","Hashes":"SHA1=62956D6FAEB4EC8EA54315A8E3CC15F06165AD57,MD5=3C9D22CAE173AD19806B6A016CD4CC28,SHA256=D95E7D07EA46D7D2AEFA01CD0A64CF266BE26D40FA6BE42F7CF60F6DEB8FBAF3,IMPHASH=64BAD10B75B987F62BF08E1852DE4022","Signature":"Microsoft Windows","tags":["mordorDataset"],"RuleName":"-","ProviderGuid":"{5770385F-C22A-43E0-BF4C-06F5698FFBD9}","EventID":7,"RecordNumber":539846,"Hostname":"WORKSTATION5.theshire.local","SourceModuleType":"im_msvistalog","Signed":"true","ExecutionProcessID":3484,"AccountName":"SYSTEM","OpcodeValue":0,"EventType":"INFO","FileVersion":"10.0.18362.449 (WinBuild.160101.0800)","Image":"C:\\Windows\\System32\\conhost.exe","AccountType":"User","UtcTime":"2020-08-05 07:48:29.171","Keywords":-9223372036854775808,"OriginalFileName":"UxTheme.dll","host":"wec.internal.cloudapp.net","SourceModuleName":"eventlog","SeverityValue":2,"SignatureStatus":"Valid","Channel":"Microsoft-Windows-Sysmon/Operational","Description":"Microsoft UxTheme Library","ProcessId":"5000","Domain":"NT AUTHORITY","port":53997,"Company":"Microsoft Corporation","EventTime":"2020-08-05 03:48:29","Severity":"INFO","Product":"Microsoft Windows Operating System","@timestamp":"2020-08-05T07:48:29.674Z","Task":7,"ImageLoaded":"C:\\Windows\\System32\\uxtheme.dll","EventReceivedTime":"2020-08-05 03:48:29"}
{"SourceProcessGUID":"{8715b604-0dee-5f2a-2e00-000000000400}","UtcTime":"2020-08-05 07:48:29.171","GrantedAccess":"0x1478","@version":"1","Keywords":-9223372036854775808,"ThreadID":4452,"TargetProcessId":"5000","UserID":"S-1-5-18","Version":3,"TargetProcessGUID":"{8715b604-644d-5f2a-9f05-000000000400}","TargetImage":"C:\\windows\\system32\\conhost.exe","CallTrace":"C:\\windows\\SYSTEM32\\ntdll.dll+9c534|c:\\windows\\system32\\themeservice.dll+1a9a|c:\\windows\\system32\\themeservice.dll+1736|c:\\windows\\system32\\themeservice.dll+6026|c:\\windows\\system32\\themeservice.dll+ad9a|c:\\windows\\system32\\themeservice.dll+9dcf|C:\\windows\\System32\\svchost.exe+314c|C:\\windows\\System32\\sechost.dll+2de2|C:\\windows\\System32\\KERNEL32.DLL+17bd4|C:\\windows\\SYSTEM32\\ntdll.dll+6ce51","host":"wec.internal.cloudapp.net","Message":"Process accessed:\r\nRuleName: -\r\nUtcTime: 2020-08-05 07:48:29.171\r\nSourceProcessGUID: {8715b604-0dee-5f2a-2e00-000000000400}\r\nSourceProcessId: 2000\r\nSourceThreadId: 1104\r\nSourceImage: C:\\windows\\System32\\svchost.exe\r\nTargetProcessGUID: {8715b604-644d-5f2a-9f05-000000000400}\r\nTargetProcessId: 5000\r\nTargetImage: C:\\windows\\system32\\conhost.exe\r\nGrantedAccess: 0x1478\r\nCallTrace: C:\\windows\\SYSTEM32\\ntdll.dll+9c534|c:\\windows\\system32\\themeservice.dll+1a9a|c:\\windows\\system32\\themeservice.dll+1736|c:\\windows\\system32\\themeservice.dll+6026|c:\\windows\\system32\\themeservice.dll+ad9a|c:\\windows\\system32\\themeservice.dll+9dcf|C:\\windows\\System32\\svchost.exe+314c|C:\\windows\\System32\\sechost.dll+2de2|C:\\windows\\System32\\KERNEL32.DLL+17bd4|C:\\windows\\SYSTEM32\\ntdll.dll+6ce51","SourceModuleName":"eventlog","SourceThreadId":"1104","SourceName":"Microsoft-Windows-Sysmon","SourceProcessId":"2000","SeverityValue":2,"tags":["mordorDataset"],"Channel":"Microsoft-Windows-Sysmon/Operational","ProviderGuid":"{5770385F-C22A-43E0-BF4C-06F5698FFBD9}","RuleName":"-","EventID":10,"RecordNumber":539847,"Hostname":"WORKSTATION5.theshire.local","SourceImage":"C:\\windows\\System32\\svchost.exe","ProcessId":"2000","SourceModuleType":"im_msvistalog","Domain":"NT AUTHORITY","port":53997,"EventTime":"2020-08-05 03:48:29","Severity":"INFO","ExecutionProcessID":3484,"AccountName":"SYSTEM","OpcodeValue":0,"@timestamp":"2020-08-05T07:48:29.675Z","Task":10,"EventType":"INFO","EventReceivedTime":"2020-08-05 03:48:29","AccountType":"User"}
{"SourceProcessGUID":"{8715b604-0dee-5f2a-2e00-000000000400}","UtcTime":"2020-08-05 07:48:29.171","GrantedAccess":"0x1400","@version":"1","Keywords":-9223372036854775808,"ThreadID":4452,"TargetProcessId":"5000","UserID":"S-1-5-18","Version":3,"TargetProcessGUID":"{8715b604-644d-5f2a-9f05-000000000400}","TargetImage":"C:\\windows\\system32\\conhost.exe","CallTrace":"C:\\windows\\SYSTEM32\\ntdll.dll+9c534|c:\\windows\\system32\\themeservice.dll+1d60|c:\\windows\\system32\\themeservice.dll+1595|c:\\windows\\system32\\themeservice.dll+1461|c:\\windows\\system32\\themeservice.dll+1886|C:\\windows\\SYSTEM32\\ntdll.dll+2f655|C:\\windows\\SYSTEM32\\ntdll.dll+345b4|C:\\windows\\System32\\KERNEL32.DLL+17bd4|C:\\windows\\SYSTEM32\\ntdll.dll+6ce51","host":"wec.internal.cloudapp.net","Message":"Process accessed:\r\nRuleName: -\r\nUtcTime: 2020-08-05 07:48:29.171\r\nSourceProcessGUID: {8715b604-0dee-5f2a-2e00-000000000400}\r\nSourceProcessId: 2000\r\nSourceThreadId: 9632\r\nSourceImage: C:\\windows\\System32\\svchost.exe\r\nTargetProcessGUID: {8715b604-644d-5f2a-9f05-000000000400}\r\nTargetProcessId: 5000\r\nTargetImage: C:\\windows\\system32\\conhost.exe\r\nGrantedAccess: 0x1400\r\nCallTrace: C:\\windows\\SYSTEM32\\ntdll.dll+9c534|c:\\windows\\system32\\themeservice.dll+1d60|c:\\windows\\system32\\themeservice.dll+1595|c:\\windows\\system32\\themeservice.dll+1461|c:\\windows\\system32\\themeservice.dll+1886|C:\\windows\\SYSTEM32\\ntdll.dll+2f655|C:\\windows\\SYSTEM32\\ntdll.dll+345b4|C:\\windows\\System32\\KERNEL32.DLL+17bd4|C:\\windows\\SYSTEM32\\ntdll.dll+6ce51","SourceModuleName":"eventlog","SourceThreadId":"9632","SourceName":"Microsoft-Windows-Sysmon","SourceProcessId":"2000","SeverityValue":2,"tags":["mordorDataset"],"Channel":"Microsoft-Windows-Sysmon/Operational","ProviderGuid":"{5770385F-C22A-43E0-BF4C-06F5698FFBD9}","RuleName":"-","EventID":10,"RecordNumber":539848,"Hostname":"WORKSTATION5.theshire.local","SourceImage":"C:\\windows\\System32\\svchost.exe","ProcessId":"2000","SourceModuleType":"im_msvistalog","Domain":"NT AUTHORITY","port":53997,"EventTime":"2020-08-05 03:48:29","Severity":"INFO","ExecutionProcessID":3484,"AccountName":"SYSTEM","OpcodeValue":0,"@timestamp":"2020-08-05T07:48:29.675Z","Task":10,"EventType":"INFO","EventReceivedTime":"2020-08-05 03:48:29","AccountType":"User"}
{"@version":"1","ThreadID":4452,"UserID":"S-1-5-18","Version":3,"Message":"Image loaded:\r\nRuleName: -\r\nUtcTime: 2020-08-05 07:48:29.171\r\nProcessGuid: {8715b604-644d-5f2a-9e05-000000000400}\r\nProcessId: 6960\r\nImage: C:\\Windows\\System32\\cmd.exe\r\nImageLoaded: C:\\Windows\\System32\\msvcrt.dll\r\nFileVersion: 7.0.18362.1 (WinBuild.160101.0800)\r\nDescription: Windows NT CRT DLL\r\nProduct: Microsoft Windows Operating System\r\nCompany: Microsoft Corporation\r\nOriginalFileName: msvcrt.dll\r\nHashes: SHA1=0EA4B3CFB14E49CEC0D42FF0F1FA989E69647A8F,MD5=36354D9B5B0A58A4B9A19103852C00A2,SHA256=E5A863D3F4BFEFED7D73A7B1499F81B7235BC9AE3C108065041BCB8E5446B1BB,IMPHASH=1273683626EBBA703979F188A1E64237\r\nSigned: true\r\nSignature: Microsoft Windows\r\nSignatureStatus: Valid","ProcessGuid":"{8715b604-644d-5f2a-9e05-000000000400}","SourceName":"Microsoft-Windows-Sysmon","Hashes":"SHA1=0EA4B3CFB14E49CEC0D42FF0F1FA989E69647A8F,MD5=36354D9B5B0A58A4B9A19103852C00A2,SHA256=E5A863D3F4BFEFED7D73A7B1499F81B7235BC9AE3C108065041BCB8E5446B1BB,IMPHASH=1273683626EBBA703979F188A1E64237","Signature":"Microsoft Windows","tags":["mordorDataset"],"RuleName":"-","ProviderGuid":"{5770385F-C22A-43E0-BF4C-06F5698FFBD9}","EventID":7,"RecordNumber":539849,"Hostname":"WORKSTATION5.theshire.local","SourceModuleType":"im_msvistalog","Signed":"true","ExecutionProcessID":3484,"AccountName":"SYSTEM","OpcodeValue":0,"EventType":"INFO","FileVersion":"7.0.18362.1 (WinBuild.160101.0800)","Image":"C:\\Windows\\System32\\cmd.exe","AccountType":"User","UtcTime":"2020-08-05 07:48:29.171","Keywords":-9223372036854775808,"OriginalFileName":"msvcrt.dll","host":"wec.internal.cloudapp.net","SourceModuleName":"eventlog","SeverityValue":2,"SignatureStatus":"Valid","Channel":"Microsoft-Windows-Sysmon/Operational","Description":"Windows NT CRT DLL","ProcessId":"6960","Domain":"NT AUTHORITY","port":53997,"Company":"Microsoft Corporation","EventTime":"2020-08-05 03:48:29","Severity":"INFO","Product":"Microsoft Windows Operating System","@timestamp":"2020-08-05T07:48:29.675Z","Task":7,"ImageLoaded":"C:\\Windows\\System32\\msvcrt.dll","EventReceivedTime":"2020-08-05 03:48:29"}
{"@version":"1","ThreadID":4452,"UserID":"S-1-5-18","Version":3,"Message":"Image loaded:\r\nRuleName: -\r\nUtcTime: 2020-08-05 07:48:29.171\r\nProcessGuid: {8715b604-644d-5f2a-9e05-000000000400}\r\nProcessId: 6960\r\nImage: C:\\Windows\\System32\\cmd.exe\r\nImageLoaded: C:\\Windows\\System32\\combase.dll\r\nFileVersion: 10.0.18362.900 (WinBuild.160101.0800)\r\nDescription: Microsoft COM for Windows\r\nProduct: Microsoft Windows Operating System\r\nCompany: Microsoft Corporation\r\nOriginalFileName: COMBASE.DLL\r\nHashes: SHA1=ED26F4A1062B1312B43C1FF45AE98F37EBD50CEC,MD5=B884EC8D2915A40264689EDEB7F970AA,SHA256=C39024553D50B6F901481CF4C7D4609A616A2F6A3E60450F36FE231EFA1C7B32,IMPHASH=D1A511866766E387FD0DAF3ACBB54B12\r\nSigned: true\r\nSignature: Microsoft Windows\r\nSignatureStatus: Valid","ProcessGuid":"{8715b604-644d-5f2a-9e05-000000000400}","SourceName":"Microsoft-Windows-Sysmon","Hashes":"SHA1=ED26F4A1062B1312B43C1FF45AE98F37EBD50CEC,MD5=B884EC8D2915A40264689EDEB7F970AA,SHA256=C39024553D50B6F901481CF4C7D4609A616A2F6A3E60450F36FE231EFA1C7B32,IMPHASH=D1A511866766E387FD0DAF3ACBB54B12","Signature":"Microsoft Windows","tags":["mordorDataset"],"RuleName":"-","ProviderGuid":"{5770385F-C22A-43E0-BF4C-06F5698FFBD9}","EventID":7,"RecordNumber":539850,"Hostname":"WORKSTATION5.theshire.local","SourceModuleType":"im_msvistalog","Signed":"true","ExecutionProcessID":3484,"AccountName":"SYSTEM","OpcodeValue":0,"EventType":"INFO","FileVersion":"10.0.18362.900 (WinBuild.160101.0800)","Image":"C:\\Windows\\System32\\cmd.exe","AccountType":"User","UtcTime":"2020-08-05 07:48:29.171","Keywords":-9223372036854775808,"OriginalFileName":"COMBASE.DLL","host":"wec.internal.cloudapp.net","SourceModuleName":"eventlog","SeverityValue":2,"SignatureStatus":"Valid","Channel":"Microsoft-Windows-Sysmon/Operational","Description":"Microsoft COM for Windows","ProcessId":"6960","Domain":"NT AUTHORITY","port":53997,"Company":"Microsoft Corporation","EventTime":"2020-08-05 03:48:29","Severity":"INFO","Product":"Microsoft Windows Operating System","@timestamp":"2020-08-05T07:48:29.676Z","Task":7,"ImageLoaded":"C:\\Windows\\System32\\combase.dll","EventReceivedTime":"2020-08-05 03:48:29"}
{"@version":"1","ThreadID":4452,"UserID":"S-1-5-18","Version":3,"Message":"Image loaded:\r\nRuleName: -\r\nUtcTime: 2020-08-05 07:48:29.171\r\nProcessGuid: {8715b604-644d-5f2a-9e05-000000000400}\r\nProcessId: 6960\r\nImage: C:\\Windows\\System32\\cmd.exe\r\nImageLoaded: C:\\Windows\\System32\\ucrtbase.dll\r\nFileVersion: 10.0.18362.815 (WinBuild.160101.0800)\r\nDescription: Microsoft C Runtime Library\r\nProduct: Microsoft Windows Operating System\r\nCompany: Microsoft Corporation\r\nOriginalFileName: ucrtbase.dll\r\nHashes: SHA1=53F8B431D10FDB2C001D58120280A417B01073BE,MD5=F0DA14E390F0CCB58EAAD34D9B309E4B,SHA256=7EE229626B22799FAA28CD7C22D4FF2AD0603C17E5F5EE9086FA7CF6483331FB,IMPHASH=5AE9A136FAFA10321F3D48251BF4F6A1\r\nSigned: true\r\nSignature: Microsoft Windows\r\nSignatureStatus: Valid","ProcessGuid":"{8715b604-644d-5f2a-9e05-000000000400}","SourceName":"Microsoft-Windows-Sysmon","Hashes":"SHA1=53F8B431D10FDB2C001D58120280A417B01073BE,MD5=F0DA14E390F0CCB58EAAD34D9B309E4B,SHA256=7EE229626B22799FAA28CD7C22D4FF2AD0603C17E5F5EE9086FA7CF6483331FB,IMPHASH=5AE9A136FAFA10321F3D48251BF4F6A1","Signature":"Microsoft Windows","tags":["mordorDataset"],"RuleName":"-","ProviderGuid":"{5770385F-C22A-43E0-BF4C-06F5698FFBD9}","EventID":7,"RecordNumber":539851,"Hostname":"WORKSTATION5.theshire.local","SourceModuleType":"im_msvistalog","Signed":"true","ExecutionProcessID":3484,"AccountName":"SYSTEM","OpcodeValue":0,"EventType":"INFO","FileVersion":"10.0.18362.815 (WinBuild.160101.0800)","Image":"C:\\Windows\\System32\\cmd.exe","AccountType":"User","UtcTime":"2020-08-05 07:48:29.171","Keywords":-9223372036854775808,"OriginalFileName":"ucrtbase.dll","host":"wec.internal.cloudapp.net","SourceModuleName":"eventlog","SeverityValue":2,"SignatureStatus":"Valid","Channel":"Microsoft-Windows-Sysmon/Operational","Description":"Microsoft C Runtime Library","ProcessId":"6960","Domain":"NT AUTHORITY","port":53997,"Company":"Microsoft Corporation","EventTime":"2020-08-05 03:48:29","Severity":"INFO","Product":"Microsoft Windows Operating System","@timestamp":"2020-08-05T07:48:29.677Z","Task":7,"ImageLoaded":"C:\\Windows\\System32\\ucrtbase.dll","EventReceivedTime":"2020-08-05 03:48:29"}
{"@version":"1","ThreadID":4452,"UserID":"S-1-5-18","Version":3,"Message":"Image loaded:\r\nRuleName: -\r\nUtcTime: 2020-08-05 07:48:29.171\r\nProcessGuid: {8715b604-644d-5f2a-9e05-000000000400}\r\nProcessId: 6960\r\nImage: C:\\Windows\\System32\\cmd.exe\r\nImageLoaded: C:\\Windows\\System32\\rpcrt4.dll\r\nFileVersion: 10.0.18362.628 (WinBuild.160101.0800)\r\nDescription: Remote Procedure Call Runtime\r\nProduct: Microsoft Windows Operating System\r\nCompany: Microsoft Corporation\r\nOriginalFileName: rpcrt4.dll\r\nHashes: SHA1=D2AD4D4A061147CA2102FD1198A1AB5E81089687,MD5=8282B62C9241DAD339EDCFEDB59A0B83,SHA256=775FAEA773B0A023C724A93A3692CE5A237DC8B4B7C5A93C95412A4493CAFAA0,IMPHASH=88E7E7C7FA90052EC162DD37F2B7C7BD\r\nSigned: true\r\nSignature: Microsoft Windows\r\nSignatureStatus: Valid","ProcessGuid":"{8715b604-644d-5f2a-9e05-000000000400}","SourceName":"Microsoft-Windows-Sysmon","Hashes":"SHA1=D2AD4D4A061147CA2102FD1198A1AB5E81089687,MD5=8282B62C9241DAD339EDCFEDB59A0B83,SHA256=775FAEA773B0A023C724A93A3692CE5A237DC8B4B7C5A93C95412A4493CAFAA0,IMPHASH=88E7E7C7FA90052EC162DD37F2B7C7BD","Signature":"Microsoft Windows","tags":["mordorDataset"],"RuleName":"-","ProviderGuid":"{5770385F-C22A-43E0-BF4C-06F5698FFBD9}","EventID":7,"RecordNumber":539852,"Hostname":"WORKSTATION5.theshire.local","SourceModuleType":"im_msvistalog","Signed":"true","ExecutionProcessID":3484,"AccountName":"SYSTEM","OpcodeValue":0,"EventType":"INFO","FileVersion":"10.0.18362.628 (WinBuild.160101.0800)","Image":"C:\\Windows\\System32\\cmd.exe","AccountType":"User","UtcTime":"2020-08-05 07:48:29.171","Keywords":-9223372036854775808,"OriginalFileName":"rpcrt4.dll","host":"wec.internal.cloudapp.net","SourceModuleName":"eventlog","SeverityValue":2,"SignatureStatus":"Valid","Channel":"Microsoft-Windows-Sysmon/Operational","Description":"Remote Procedure Call Runtime","ProcessId":"6960","Domain":"NT AUTHORITY","port":53997,"Company":"Microsoft Corporation","EventTime":"2020-08-05 03:48:29","Severity":"INFO","Product":"Microsoft Windows Operating System","@timestamp":"2020-08-05T07:48:29.677Z","Task":7,"ImageLoaded":"C:\\Windows\\System32\\rpcrt4.dll","EventReceivedTime":"2020-08-05 03:48:29"}
{"@version":"1","ThreadID":4452,"UserID":"S-1-5-18","Version":3,"Message":"Image loaded:\r\nRuleName: -\r\nUtcTime: 2020-08-05 07:48:29.187\r\nProcessGuid: {8715b604-644d-5f2a-9e05-000000000400}\r\nProcessId: 6960\r\nImage: C:\\Windows\\System32\\cmd.exe\r\nImageLoaded: C:\\Windows\\System32\\bcryptprimitives.dll\r\nFileVersion: 10.0.18362.836 (WinBuild.160101.0800)\r\nDescription: Windows Cryptographic Primitives Library\r\nProduct: Microsoft Windows Operating System\r\nCompany: Microsoft Corporation\r\nOriginalFileName: bcryptprimitives.dll\r\nHashes: SHA1=B4222C8DC3274CFC3FE54F322D827B2F01FFF036,MD5=EF2BBEAFF07D32A2EC77FB4602FA9664,SHA256=6B47F3E88CDEDF8F31F91940E38A4544818C79D153323262F9F46B21F41D262C,IMPHASH=402DA460E2AC467F4489C588A9941032\r\nSigned: true\r\nSignature: Microsoft Windows\r\nSignatureStatus: Valid","ProcessGuid":"{8715b604-644d-5f2a-9e05-000000000400}","SourceName":"Microsoft-Windows-Sysmon","Hashes":"SHA1=B4222C8DC3274CFC3FE54F322D827B2F01FFF036,MD5=EF2BBEAFF07D32A2EC77FB4602FA9664,SHA256=6B47F3E88CDEDF8F31F91940E38A4544818C79D153323262F9F46B21F41D262C,IMPHASH=402DA460E2AC467F4489C588A9941032","Signature":"Microsoft Windows","tags":["mordorDataset"],"RuleName":"-","ProviderGuid":"{5770385F-C22A-43E0-BF4C-06F5698FFBD9}","EventID":7,"RecordNumber":539853,"Hostname":"WORKSTATION5.theshire.local","SourceModuleType":"im_msvistalog","Signed":"true","ExecutionProcessID":3484,"AccountName":"SYSTEM","OpcodeValue":0,"EventType":"INFO","FileVersion":"10.0.18362.836 (WinBuild.160101.0800)","Image":"C:\\Windows\\System32\\cmd.exe","AccountType":"User","UtcTime":"2020-08-05 07:48:29.187","Keywords":-9223372036854775808,"OriginalFileName":"bcryptprimitives.dll","host":"wec.internal.cloudapp.net","SourceModuleName":"eventlog","SeverityValue":2,"SignatureStatus":"Valid","Channel":"Microsoft-Windows-Sysmon/Operational","Description":"Windows Cryptographic Primitives Library","ProcessId":"6960","Domain":"NT AUTHORITY","port":53997,"Company":"Microsoft Corporation","EventTime":"2020-08-05 03:48:29","Severity":"INFO","Product":"Microsoft Windows Operating System","@timestamp":"2020-08-05T07:48:29.677Z","Task":7,"ImageLoaded":"C:\\Windows\\System32\\bcryptprimitives.dll","EventReceivedTime":"2020-08-05 03:48:29"}
