{"Version":3,"GrantedAccess":"0x1000","EventReceivedTime":"2019-12-04 23:48:27","type":"nxlog-mordor","SourceImage":"C:\\Windows\\system32\\svchost.exe","host":"ip-172-18-39-102.ec2.internal","Channel":"Microsoft-Windows-Sysmon/Operational","RecordNumber":225725,"SourceProcessId":"968","port":49730,"ProviderGuid":"{5770385F-C22A-43E0-BF4C-06F5698FFBD9}","CallTrace":"C:\\Windows\\SYSTEM32\\ntdll.dll+9c524|C:\\Windows\\SYSTEM32\\psmserviceexthost.dll+222a3|C:\\Windows\\SYSTEM32\\psmserviceexthost.dll+1a172|C:\\Windows\\SYSTEM32\\psmserviceexthost.dll+19e3b|C:\\Windows\\SYSTEM32\\psmserviceexthost.dll+19318|C:\\Windows\\SYSTEM32\\ntdll.dll+3082d|C:\\Windows\\SYSTEM32\\ntdll.dll+345c4|C:\\Windows\\System32\\KERNEL32.DLL+17944|C:\\Windows\\SYSTEM32\\ntdll.dll+6ce71","EventID":10,"EventType":"INFO","TargetProcessGUID":"{a158f72c-4a97-5de8-0000-00105c300200}","UtcTime":"2019-12-05 04:48:26.521","UserID":"S-1-5-18","SourceThreadId":"5432","SourceName":"Microsoft-Windows-Sysmon","Domain":"NT AUTHORITY","AccountType":"User","OpcodeValue":0,"Message":"Process accessed:\r\nRuleName: \r\nUtcTime: 2019-12-05 04:48:26.521\r\nSourceProcessGUID: {a158f72c-4a94-5de8-0000-001033890000}\r\nSourceProcessId: 968\r\nSourceThreadId: 5432\r\nSourceImage: C:\\Windows\\system32\\svchost.exe\r\nTargetProcessGUID: {a158f72c-4a97-5de8-0000-00105c300200}\r\nTargetProcessId: 3236\r\nTargetImage: C:\\Windows\\System32\\svchost.exe\r\nGrantedAccess: 0x1000\r\nCallTrace: C:\\Windows\\SYSTEM32\\ntdll.dll+9c524|C:\\Windows\\SYSTEM32\\psmserviceexthost.dll+222a3|C:\\Windows\\SYSTEM32\\psmserviceexthost.dll+1a172|C:\\Windows\\SYSTEM32\\psmserviceexthost.dll+19e3b|C:\\Windows\\SYSTEM32\\psmserviceexthost.dll+19318|C:\\Windows\\SYSTEM32\\ntdll.dll+3082d|C:\\Windows\\SYSTEM32\\ntdll.dll+345c4|C:\\Windows\\System32\\KERNEL32.DLL+17944|C:\\Windows\\SYSTEM32\\ntdll.dll+6ce71","Task":10,"Severity":"INFO","Keywords":-9223372036854775808,"@timestamp":"2019-12-05T04:48:27.675Z","EventTime":"2019-12-04 23:48:26","SeverityValue":2,"ProcessID":3144,"ThreadID":4584,"AccountName":"SYSTEM","TargetImage":"C:\\Windows\\System32\\svchost.exe","SourceModuleType":"im_msvistalog","Hostname":"HR001.shire.com","SourceModuleName":"eventlog","SourceProcessGUID":"{a158f72c-4a94-5de8-0000-001033890000}","TargetProcessId":"3236","@version":"1"}
{"Version":3,"GrantedAccess":"0x1000","EventReceivedTime":"2019-12-04 23:48:27","type":"nxlog-mordor","SourceImage":"C:\\Windows\\system32\\svchost.exe","host":"ip-172-18-39-102.ec2.internal","Channel":"Microsoft-Windows-Sysmon/Operational","RecordNumber":225729,"SourceProcessId":"1772","port":49730,"ProviderGuid":"{5770385F-C22A-43E0-BF4C-06F5698FFBD9}","CallTrace":"C:\\Windows\\SYSTEM32\\ntdll.dll+9c524|C:\\Windows\\System32\\KERNELBASE.dll+2730e|c:\\windows\\system32\\fwbase.dll+3b35|c:\\windows\\system32\\fwbase.dll+3a89|c:\\windows\\system32\\mpssvc.dll+b907|c:\\windows\\system32\\mpssvc.dll+b75b|c:\\windows\\system32\\mpssvc.dll+e1c2|C:\\Windows\\System32\\RPCRT4.dll+76963|C:\\Windows\\System32\\RPCRT4.dll+da036|C:\\Windows\\System32\\RPCRT4.dll+37a5c|C:\\Windows\\System32\\RPCRT4.dll+548d8|C:\\Windows\\System32\\RPCRT4.dll+2c931|C:\\Windows\\System32\\RPCRT4.dll+2c1eb|C:\\Windows\\System32\\RPCRT4.dll+1a86f|C:\\Windows\\System32\\RPCRT4.dll+19d1a|C:\\Windows\\System32\\RPCRT4.dll+19301|C:\\Windows\\System32\\RPCRT4.dll+18d6e|C:\\Windows\\System32\\RPCRT4.dll+169a5|C:\\Windows\\SYSTEM32\\ntdll.dll+333fd|C:\\Windows\\SYSTEM32\\ntdll.dll+34152|C:\\Windows\\System32\\KERNEL32.DLL+17944|C:\\Windows\\SYSTEM32\\ntdll.dll+6ce71","EventID":10,"EventType":"INFO","TargetProcessGUID":"{a158f72c-4a97-5de8-0000-00101b210200}","UtcTime":"2019-12-05 04:48:26.567","UserID":"S-1-5-18","SourceThreadId":"4140","SourceName":"Microsoft-Windows-Sysmon","Domain":"NT AUTHORITY","AccountType":"User","OpcodeValue":0,"Message":"Process accessed:\r\nRuleName: \r\nUtcTime: 2019-12-05 04:48:26.567\r\nSourceProcessGUID: {a158f72c-4a95-5de8-0000-0010cf440100}\r\nSourceProcessId: 1772\r\nSourceThreadId: 4140\r\nSourceImage: C:\\Windows\\system32\\svchost.exe\r\nTargetProcessGUID: {a158f72c-4a97-5de8-0000-00101b210200}\r\nTargetProcessId: 3100\r\nTargetImage: C:\\Windows\\system32\\svchost.exe\r\nGrantedAccess: 0x1000\r\nCallTrace: C:\\Windows\\SYSTEM32\\ntdll.dll+9c524|C:\\Windows\\System32\\KERNELBASE.dll+2730e|c:\\windows\\system32\\fwbase.dll+3b35|c:\\windows\\system32\\fwbase.dll+3a89|c:\\windows\\system32\\mpssvc.dll+b907|c:\\windows\\system32\\mpssvc.dll+b75b|c:\\windows\\system32\\mpssvc.dll+e1c2|C:\\Windows\\System32\\RPCRT4.dll+76963|C:\\Windows\\System32\\RPCRT4.dll+da036|C:\\Windows\\System32\\RPCRT4.dll+37a5c|C:\\Windows\\System32\\RPCRT4.dll+548d8|C:\\Windows\\System32\\RPCRT4.dll+2c931|C:\\Windows\\System32\\RPCRT4.dll+2c1eb|C:\\Windows\\System32\\RPCRT4.dll+1a86f|C:\\Windows\\System32\\RPCRT4.dll+19d1a|C:\\Windows\\System32\\RPCRT4.dll+19301|C:\\Windows\\System32\\RPCRT4.dll+18d6e|C:\\Windows\\System32\\RPCRT4.dll+169a5|C:\\Windows\\SYSTEM32\\ntdll.dll+333fd|C:\\Windows\\SYSTEM32\\ntdll.dll+34152|C:\\Windows\\System32\\KERNEL32.DLL+17944|C:\\Windows\\SYSTEM32\\ntdll.dll+6ce71","Task":10,"Severity":"INFO","Keywords":-9223372036854775808,"@timestamp":"2019-12-05T04:48:27.677Z","EventTime":"2019-12-04 23:48:26","SeverityValue":2,"ProcessID":3144,"ThreadID":4584,"AccountName":"SYSTEM","TargetImage":"C:\\Windows\\system32\\svchost.exe","SourceModuleType":"im_msvistalog","Hostname":"HR001.shire.com","SourceModuleName":"eventlog","SourceProcessGUID":"{a158f72c-4a95-5de8-0000-0010cf440100}","TargetProcessId":"3100","@version":"1"}
{"Version":3,"GrantedAccess":"0x1000","EventReceivedTime":"2019-12-04 23:48:27","type":"nxlog-mordor","SourceImage":"C:\\Windows\\system32\\svchost.exe","host":"ip-172-18-39-102.ec2.internal","Channel":"Microsoft-Windows-Sysmon/Operational","RecordNumber":225733,"SourceProcessId":"1772","port":49730,"ProviderGuid":"{5770385F-C22A-43E0-BF4C-06F5698FFBD9}","CallTrace":"C:\\Windows\\SYSTEM32\\ntdll.dll+9c524|C:\\Windows\\System32\\KERNELBASE.dll+2730e|c:\\windows\\system32\\fwbase.dll+3b35|c:\\windows\\system32\\fwbase.dll+3a89|c:\\windows\\system32\\mpssvc.dll+b907|c:\\windows\\system32\\mpssvc.dll+b75b|c:\\windows\\system32\\mpssvc.dll+e1c2|C:\\Windows\\System32\\RPCRT4.dll+76963|C:\\Windows\\System32\\RPCRT4.dll+da036|C:\\Windows\\System32\\RPCRT4.dll+37a5c|C:\\Windows\\System32\\RPCRT4.dll+548d8|C:\\Windows\\System32\\RPCRT4.dll+2c931|C:\\Windows\\System32\\RPCRT4.dll+2c1eb|C:\\Windows\\System32\\RPCRT4.dll+1a86f|C:\\Windows\\System32\\RPCRT4.dll+19d1a|C:\\Windows\\System32\\RPCRT4.dll+19301|C:\\Windows\\System32\\RPCRT4.dll+18d6e|C:\\Windows\\System32\\RPCRT4.dll+169a5|C:\\Windows\\SYSTEM32\\ntdll.dll+333fd|C:\\Windows\\SYSTEM32\\ntdll.dll+34152|C:\\Windows\\System32\\KERNEL32.DLL+17944|C:\\Windows\\SYSTEM32\\ntdll.dll+6ce71","EventID":10,"EventType":"INFO","TargetProcessGUID":"{a158f72c-4a97-5de8-0000-00101b210200}","UtcTime":"2019-12-05 04:48:26.567","UserID":"S-1-5-18","SourceThreadId":"4140","SourceName":"Microsoft-Windows-Sysmon","Domain":"NT AUTHORITY","AccountType":"User","OpcodeValue":0,"Message":"Process accessed:\r\nRuleName: \r\nUtcTime: 2019-12-05 04:48:26.567\r\nSourceProcessGUID: {a158f72c-4a95-5de8-0000-0010cf440100}\r\nSourceProcessId: 1772\r\nSourceThreadId: 4140\r\nSourceImage: C:\\Windows\\system32\\svchost.exe\r\nTargetProcessGUID: {a158f72c-4a97-5de8-0000-00101b210200}\r\nTargetProcessId: 3100\r\nTargetImage: C:\\Windows\\system32\\svchost.exe\r\nGrantedAccess: 0x1000\r\nCallTrace: C:\\Windows\\SYSTEM32\\ntdll.dll+9c524|C:\\Windows\\System32\\KERNELBASE.dll+2730e|c:\\windows\\system32\\fwbase.dll+3b35|c:\\windows\\system32\\fwbase.dll+3a89|c:\\windows\\system32\\mpssvc.dll+b907|c:\\windows\\system32\\mpssvc.dll+b75b|c:\\windows\\system32\\mpssvc.dll+e1c2|C:\\Windows\\System32\\RPCRT4.dll+76963|C:\\Windows\\System32\\RPCRT4.dll+da036|C:\\Windows\\System32\\RPCRT4.dll+37a5c|C:\\Windows\\System32\\RPCRT4.dll+548d8|C:\\Windows\\System32\\RPCRT4.dll+2c931|C:\\Windows\\System32\\RPCRT4.dll+2c1eb|C:\\Windows\\System32\\RPCRT4.dll+1a86f|C:\\Windows\\System32\\RPCRT4.dll+19d1a|C:\\Windows\\System32\\RPCRT4.dll+19301|C:\\Windows\\System32\\RPCRT4.dll+18d6e|C:\\Windows\\System32\\RPCRT4.dll+169a5|C:\\Windows\\SYSTEM32\\ntdll.dll+333fd|C:\\Windows\\SYSTEM32\\ntdll.dll+34152|C:\\Windows\\System32\\KERNEL32.DLL+17944|C:\\Windows\\SYSTEM32\\ntdll.dll+6ce71","Task":10,"Severity":"INFO","Keywords":-9223372036854775808,"@timestamp":"2019-12-05T04:48:27.678Z","EventTime":"2019-12-04 23:48:26","SeverityValue":2,"ProcessID":3144,"ThreadID":4584,"AccountName":"SYSTEM","TargetImage":"C:\\Windows\\system32\\svchost.exe","SourceModuleType":"im_msvistalog","Hostname":"HR001.shire.com","SourceModuleName":"eventlog","SourceProcessGUID":"{a158f72c-4a95-5de8-0000-0010cf440100}","TargetProcessId":"3100","@version":"1"}
{"Version":3,"GrantedAccess":"0x1000","EventReceivedTime":"2019-12-04 23:48:27","type":"nxlog-mordor","SourceImage":"C:\\Windows\\system32\\svchost.exe","host":"ip-172-18-39-102.ec2.internal","Channel":"Microsoft-Windows-Sysmon/Operational","RecordNumber":225737,"SourceProcessId":"1772","port":49730,"ProviderGuid":"{5770385F-C22A-43E0-BF4C-06F5698FFBD9}","CallTrace":"C:\\Windows\\SYSTEM32\\ntdll.dll+9c524|C:\\Windows\\System32\\KERNELBASE.dll+2730e|c:\\windows\\system32\\fwbase.dll+3b35|c:\\windows\\system32\\fwbase.dll+3a89|c:\\windows\\system32\\mpssvc.dll+b907|c:\\windows\\system32\\mpssvc.dll+b75b|c:\\windows\\system32\\mpssvc.dll+e1c2|C:\\Windows\\System32\\RPCRT4.dll+76963|C:\\Windows\\System32\\RPCRT4.dll+da036|C:\\Windows\\System32\\RPCRT4.dll+37a5c|C:\\Windows\\System32\\RPCRT4.dll+548d8|C:\\Windows\\System32\\RPCRT4.dll+2c931|C:\\Windows\\System32\\RPCRT4.dll+2c1eb|C:\\Windows\\System32\\RPCRT4.dll+1a86f|C:\\Windows\\System32\\RPCRT4.dll+19d1a|C:\\Windows\\System32\\RPCRT4.dll+19301|C:\\Windows\\System32\\RPCRT4.dll+18d6e|C:\\Windows\\System32\\RPCRT4.dll+169a5|C:\\Windows\\SYSTEM32\\ntdll.dll+333fd|C:\\Windows\\SYSTEM32\\ntdll.dll+34152|C:\\Windows\\System32\\KERNEL32.DLL+17944|C:\\Windows\\SYSTEM32\\ntdll.dll+6ce71","EventID":10,"EventType":"INFO","TargetProcessGUID":"{a158f72c-4a97-5de8-0000-00101b210200}","UtcTime":"2019-12-05 04:48:26.567","UserID":"S-1-5-18","SourceThreadId":"4140","SourceName":"Microsoft-Windows-Sysmon","Domain":"NT AUTHORITY","AccountType":"User","OpcodeValue":0,"Message":"Process accessed:\r\nRuleName: \r\nUtcTime: 2019-12-05 04:48:26.567\r\nSourceProcessGUID: {a158f72c-4a95-5de8-0000-0010cf440100}\r\nSourceProcessId: 1772\r\nSourceThreadId: 4140\r\nSourceImage: C:\\Windows\\system32\\svchost.exe\r\nTargetProcessGUID: {a158f72c-4a97-5de8-0000-00101b210200}\r\nTargetProcessId: 3100\r\nTargetImage: C:\\Windows\\system32\\svchost.exe\r\nGrantedAccess: 0x1000\r\nCallTrace: C:\\Windows\\SYSTEM32\\ntdll.dll+9c524|C:\\Windows\\System32\\KERNELBASE.dll+2730e|c:\\windows\\system32\\fwbase.dll+3b35|c:\\windows\\system32\\fwbase.dll+3a89|c:\\windows\\system32\\mpssvc.dll+b907|c:\\windows\\system32\\mpssvc.dll+b75b|c:\\windows\\system32\\mpssvc.dll+e1c2|C:\\Windows\\System32\\RPCRT4.dll+76963|C:\\Windows\\System32\\RPCRT4.dll+da036|C:\\Windows\\System32\\RPCRT4.dll+37a5c|C:\\Windows\\System32\\RPCRT4.dll+548d8|C:\\Windows\\System32\\RPCRT4.dll+2c931|C:\\Windows\\System32\\RPCRT4.dll+2c1eb|C:\\Windows\\System32\\RPCRT4.dll+1a86f|C:\\Windows\\System32\\RPCRT4.dll+19d1a|C:\\Windows\\System32\\RPCRT4.dll+19301|C:\\Windows\\System32\\RPCRT4.dll+18d6e|C:\\Windows\\System32\\RPCRT4.dll+169a5|C:\\Windows\\SYSTEM32\\ntdll.dll+333fd|C:\\Windows\\SYSTEM32\\ntdll.dll+34152|C:\\Windows\\System32\\KERNEL32.DLL+17944|C:\\Windows\\SYSTEM32\\ntdll.dll+6ce71","Task":10,"Severity":"INFO","Keywords":-9223372036854775808,"@timestamp":"2019-12-05T04:48:27.679Z","EventTime":"2019-12-04 23:48:26","SeverityValue":2,"ProcessID":3144,"ThreadID":4584,"AccountName":"SYSTEM","TargetImage":"C:\\Windows\\system32\\svchost.exe","SourceModuleType":"im_msvistalog","Hostname":"HR001.shire.com","SourceModuleName":"eventlog","SourceProcessGUID":"{a158f72c-4a95-5de8-0000-0010cf440100}","TargetProcessId":"3100","@version":"1"}
{"Version":3,"GrantedAccess":"0x1000","EventReceivedTime":"2019-12-04 23:48:27","type":"nxlog-mordor","SourceImage":"C:\\Windows\\system32\\svchost.exe","host":"ip-172-18-39-102.ec2.internal","Channel":"Microsoft-Windows-Sysmon/Operational","RecordNumber":225741,"SourceProcessId":"1772","port":49730,"ProviderGuid":"{5770385F-C22A-43E0-BF4C-06F5698FFBD9}","CallTrace":"C:\\Windows\\SYSTEM32\\ntdll.dll+9c524|C:\\Windows\\System32\\KERNELBASE.dll+2730e|c:\\windows\\system32\\fwbase.dll+3b35|c:\\windows\\system32\\fwbase.dll+3a89|c:\\windows\\system32\\mpssvc.dll+b907|c:\\windows\\system32\\mpssvc.dll+ac05|c:\\windows\\system32\\mpssvc.dll+a934|C:\\Windows\\System32\\RPCRT4.dll+76963|C:\\Windows\\System32\\RPCRT4.dll+da036|C:\\Windows\\System32\\RPCRT4.dll+37a5c|C:\\Windows\\System32\\RPCRT4.dll+548d8|C:\\Windows\\System32\\RPCRT4.dll+2c931|C:\\Windows\\System32\\RPCRT4.dll+2c1eb|C:\\Windows\\System32\\RPCRT4.dll+1a86f|C:\\Windows\\System32\\RPCRT4.dll+19d1a|C:\\Windows\\System32\\RPCRT4.dll+19301|C:\\Windows\\System32\\RPCRT4.dll+18d6e|C:\\Windows\\System32\\RPCRT4.dll+169a5|C:\\Windows\\SYSTEM32\\ntdll.dll+333fd|C:\\Windows\\SYSTEM32\\ntdll.dll+34152|C:\\Windows\\System32\\KERNEL32.DLL+17944|C:\\Windows\\SYSTEM32\\ntdll.dll+6ce71","EventID":10,"EventType":"INFO","TargetProcessGUID":"{a158f72c-4a97-5de8-0000-00101b210200}","UtcTime":"2019-12-05 04:48:26.567","UserID":"S-1-5-18","SourceThreadId":"4140","SourceName":"Microsoft-Windows-Sysmon","Domain":"NT AUTHORITY","AccountType":"User","OpcodeValue":0,"Message":"Process accessed:\r\nRuleName: \r\nUtcTime: 2019-12-05 04:48:26.567\r\nSourceProcessGUID: {a158f72c-4a95-5de8-0000-0010cf440100}\r\nSourceProcessId: 1772\r\nSourceThreadId: 4140\r\nSourceImage: C:\\Windows\\system32\\svchost.exe\r\nTargetProcessGUID: {a158f72c-4a97-5de8-0000-00101b210200}\r\nTargetProcessId: 3100\r\nTargetImage: C:\\Windows\\system32\\svchost.exe\r\nGrantedAccess: 0x1000\r\nCallTrace: C:\\Windows\\SYSTEM32\\ntdll.dll+9c524|C:\\Windows\\System32\\KERNELBASE.dll+2730e|c:\\windows\\system32\\fwbase.dll+3b35|c:\\windows\\system32\\fwbase.dll+3a89|c:\\windows\\system32\\mpssvc.dll+b907|c:\\windows\\system32\\mpssvc.dll+ac05|c:\\windows\\system32\\mpssvc.dll+a934|C:\\Windows\\System32\\RPCRT4.dll+76963|C:\\Windows\\System32\\RPCRT4.dll+da036|C:\\Windows\\System32\\RPCRT4.dll+37a5c|C:\\Windows\\System32\\RPCRT4.dll+548d8|C:\\Windows\\System32\\RPCRT4.dll+2c931|C:\\Windows\\System32\\RPCRT4.dll+2c1eb|C:\\Windows\\System32\\RPCRT4.dll+1a86f|C:\\Windows\\System32\\RPCRT4.dll+19d1a|C:\\Windows\\System32\\RPCRT4.dll+19301|C:\\Windows\\System32\\RPCRT4.dll+18d6e|C:\\Windows\\System32\\RPCRT4.dll+169a5|C:\\Windows\\SYSTEM32\\ntdll.dll+333fd|C:\\Windows\\SYSTEM32\\ntdll.dll+34152|C:\\Windows\\System32\\KERNEL32.DLL+17944|C:\\Windows\\SYSTEM32\\ntdll.dll+6ce71","Task":10,"Severity":"INFO","Keywords":-9223372036854775808,"@timestamp":"2019-12-05T04:48:27.680Z","EventTime":"2019-12-04 23:48:26","SeverityValue":2,"ProcessID":3144,"ThreadID":4584,"AccountName":"SYSTEM","TargetImage":"C:\\Windows\\system32\\svchost.exe","SourceModuleType":"im_msvistalog","Hostname":"HR001.shire.com","SourceModuleName":"eventlog","SourceProcessGUID":"{a158f72c-4a95-5de8-0000-0010cf440100}","TargetProcessId":"3100","@version":"1"}
{"Version":3,"GrantedAccess":"0x1000","EventReceivedTime":"2019-12-04 23:48:27","type":"nxlog-mordor","SourceImage":"C:\\Windows\\system32\\svchost.exe","host":"ip-172-18-39-102.ec2.internal","Channel":"Microsoft-Windows-Sysmon/Operational","RecordNumber":225745,"SourceProcessId":"1772","port":49730,"ProviderGuid":"{5770385F-C22A-43E0-BF4C-06F5698FFBD9}","CallTrace":"C:\\Windows\\SYSTEM32\\ntdll.dll+9c524|C:\\Windows\\System32\\KERNELBASE.dll+2730e|c:\\windows\\system32\\fwbase.dll+3b35|c:\\windows\\system32\\fwbase.dll+3a89|c:\\windows\\system32\\mpssvc.dll+b907|c:\\windows\\system32\\mpssvc.dll+b75b|c:\\windows\\system32\\mpssvc.dll+e1c2|C:\\Windows\\System32\\RPCRT4.dll+76963|C:\\Windows\\System32\\RPCRT4.dll+da036|C:\\Windows\\System32\\RPCRT4.dll+37a5c|C:\\Windows\\System32\\RPCRT4.dll+548d8|C:\\Windows\\System32\\RPCRT4.dll+2c931|C:\\Windows\\System32\\RPCRT4.dll+2c1eb|C:\\Windows\\System32\\RPCRT4.dll+1a86f|C:\\Windows\\System32\\RPCRT4.dll+19d1a|C:\\Windows\\System32\\RPCRT4.dll+19301|C:\\Windows\\System32\\RPCRT4.dll+18d6e|C:\\Windows\\System32\\RPCRT4.dll+169a5|C:\\Windows\\SYSTEM32\\ntdll.dll+333fd|C:\\Windows\\SYSTEM32\\ntdll.dll+34152|C:\\Windows\\System32\\KERNEL32.DLL+17944|C:\\Windows\\SYSTEM32\\ntdll.dll+6ce71","EventID":10,"EventType":"INFO","TargetProcessGUID":"{a158f72c-4a97-5de8-0000-00101b210200}","UtcTime":"2019-12-05 04:48:26.567","UserID":"S-1-5-18","SourceThreadId":"4140","SourceName":"Microsoft-Windows-Sysmon","Domain":"NT AUTHORITY","AccountType":"User","OpcodeValue":0,"Message":"Process accessed:\r\nRuleName: \r\nUtcTime: 2019-12-05 04:48:26.567\r\nSourceProcessGUID: {a158f72c-4a95-5de8-0000-0010cf440100}\r\nSourceProcessId: 1772\r\nSourceThreadId: 4140\r\nSourceImage: C:\\Windows\\system32\\svchost.exe\r\nTargetProcessGUID: {a158f72c-4a97-5de8-0000-00101b210200}\r\nTargetProcessId: 3100\r\nTargetImage: C:\\Windows\\system32\\svchost.exe\r\nGrantedAccess: 0x1000\r\nCallTrace: C:\\Windows\\SYSTEM32\\ntdll.dll+9c524|C:\\Windows\\System32\\KERNELBASE.dll+2730e|c:\\windows\\system32\\fwbase.dll+3b35|c:\\windows\\system32\\fwbase.dll+3a89|c:\\windows\\system32\\mpssvc.dll+b907|c:\\windows\\system32\\mpssvc.dll+b75b|c:\\windows\\system32\\mpssvc.dll+e1c2|C:\\Windows\\System32\\RPCRT4.dll+76963|C:\\Windows\\System32\\RPCRT4.dll+da036|C:\\Windows\\System32\\RPCRT4.dll+37a5c|C:\\Windows\\System32\\RPCRT4.dll+548d8|C:\\Windows\\System32\\RPCRT4.dll+2c931|C:\\Windows\\System32\\RPCRT4.dll+2c1eb|C:\\Windows\\System32\\RPCRT4.dll+1a86f|C:\\Windows\\System32\\RPCRT4.dll+19d1a|C:\\Windows\\System32\\RPCRT4.dll+19301|C:\\Windows\\System32\\RPCRT4.dll+18d6e|C:\\Windows\\System32\\RPCRT4.dll+169a5|C:\\Windows\\SYSTEM32\\ntdll.dll+333fd|C:\\Windows\\SYSTEM32\\ntdll.dll+34152|C:\\Windows\\System32\\KERNEL32.DLL+17944|C:\\Windows\\SYSTEM32\\ntdll.dll+6ce71","Task":10,"Severity":"INFO","Keywords":-9223372036854775808,"@timestamp":"2019-12-05T04:48:27.682Z","EventTime":"2019-12-04 23:48:26","SeverityValue":2,"ProcessID":3144,"ThreadID":4584,"AccountName":"SYSTEM","TargetImage":"C:\\Windows\\system32\\svchost.exe","SourceModuleType":"im_msvistalog","Hostname":"HR001.shire.com","SourceModuleName":"eventlog","SourceProcessGUID":"{a158f72c-4a95-5de8-0000-0010cf440100}","TargetProcessId":"3100","@version":"1"}
{"Version":3,"GrantedAccess":"0x1000","EventReceivedTime":"2019-12-04 23:48:28","type":"nxlog-mordor","SourceImage":"C:\\Windows\\system32\\svchost.exe","host":"ip-172-18-39-102.ec2.internal","Channel":"Microsoft-Windows-Sysmon/Operational","RecordNumber":225749,"SourceProcessId":"1772","port":49730,"ProviderGuid":"{5770385F-C22A-43E0-BF4C-06F5698FFBD9}","CallTrace":"C:\\Windows\\SYSTEM32\\ntdll.dll+9c524|C:\\Windows\\System32\\KERNELBASE.dll+2730e|c:\\windows\\system32\\fwbase.dll+3b35|c:\\windows\\system32\\fwbase.dll+3a89|c:\\windows\\system32\\mpssvc.dll+b907|c:\\windows\\system32\\mpssvc.dll+9d39|c:\\windows\\system32\\mpssvc.dll+9a96|C:\\Windows\\System32\\RPCRT4.dll+76963|C:\\Windows\\System32\\RPCRT4.dll+da036|C:\\Windows\\System32\\RPCRT4.dll+37a5c|C:\\Windows\\System32\\RPCRT4.dll+548d8|C:\\Windows\\System32\\RPCRT4.dll+2c931|C:\\Windows\\System32\\RPCRT4.dll+2c1eb|C:\\Windows\\System32\\RPCRT4.dll+1a86f|C:\\Windows\\System32\\RPCRT4.dll+19d1a|C:\\Windows\\System32\\RPCRT4.dll+19301|C:\\Windows\\System32\\RPCRT4.dll+18d6e|C:\\Windows\\System32\\RPCRT4.dll+169a5|C:\\Windows\\SYSTEM32\\ntdll.dll+333fd|C:\\Windows\\SYSTEM32\\ntdll.dll+34152|C:\\Windows\\System32\\KERNEL32.DLL+17944|C:\\Windows\\SYSTEM32\\ntdll.dll+6ce71","EventID":10,"EventType":"INFO","TargetProcessGUID":"{a158f72c-4a97-5de8-0000-00101b210200}","UtcTime":"2019-12-05 04:48:26.567","UserID":"S-1-5-18","SourceThreadId":"4140","SourceName":"Microsoft-Windows-Sysmon","Domain":"NT AUTHORITY","AccountType":"User","OpcodeValue":0,"Message":"Process accessed:\r\nRuleName: \r\nUtcTime: 2019-12-05 04:48:26.567\r\nSourceProcessGUID: {a158f72c-4a95-5de8-0000-0010cf440100}\r\nSourceProcessId: 1772\r\nSourceThreadId: 4140\r\nSourceImage: C:\\Windows\\system32\\svchost.exe\r\nTargetProcessGUID: {a158f72c-4a97-5de8-0000-00101b210200}\r\nTargetProcessId: 3100\r\nTargetImage: C:\\Windows\\system32\\svchost.exe\r\nGrantedAccess: 0x1000\r\nCallTrace: C:\\Windows\\SYSTEM32\\ntdll.dll+9c524|C:\\Windows\\System32\\KERNELBASE.dll+2730e|c:\\windows\\system32\\fwbase.dll+3b35|c:\\windows\\system32\\fwbase.dll+3a89|c:\\windows\\system32\\mpssvc.dll+b907|c:\\windows\\system32\\mpssvc.dll+9d39|c:\\windows\\system32\\mpssvc.dll+9a96|C:\\Windows\\System32\\RPCRT4.dll+76963|C:\\Windows\\System32\\RPCRT4.dll+da036|C:\\Windows\\System32\\RPCRT4.dll+37a5c|C:\\Windows\\System32\\RPCRT4.dll+548d8|C:\\Windows\\System32\\RPCRT4.dll+2c931|C:\\Windows\\System32\\RPCRT4.dll+2c1eb|C:\\Windows\\System32\\RPCRT4.dll+1a86f|C:\\Windows\\System32\\RPCRT4.dll+19d1a|C:\\Windows\\System32\\RPCRT4.dll+19301|C:\\Windows\\System32\\RPCRT4.dll+18d6e|C:\\Windows\\System32\\RPCRT4.dll+169a5|C:\\Windows\\SYSTEM32\\ntdll.dll+333fd|C:\\Windows\\SYSTEM32\\ntdll.dll+34152|C:\\Windows\\System32\\KERNEL32.DLL+17944|C:\\Windows\\SYSTEM32\\ntdll.dll+6ce71","Task":10,"Severity":"INFO","Keywords":-9223372036854775808,"@timestamp":"2019-12-05T04:48:28.687Z","EventTime":"2019-12-04 23:48:26","SeverityValue":2,"ProcessID":3144,"ThreadID":4584,"AccountName":"SYSTEM","TargetImage":"C:\\Windows\\system32\\svchost.exe","SourceModuleType":"im_msvistalog","Hostname":"HR001.shire.com","SourceModuleName":"eventlog","SourceProcessGUID":"{a158f72c-4a95-5de8-0000-0010cf440100}","TargetProcessId":"3100","@version":"1"}
{"Version":3,"GrantedAccess":"0x1000","EventReceivedTime":"2019-12-04 23:48:28","type":"nxlog-mordor","SourceImage":"C:\\Windows\\system32\\svchost.exe","host":"ip-172-18-39-102.ec2.internal","Channel":"Microsoft-Windows-Sysmon/Operational","RecordNumber":225753,"SourceProcessId":"1772","port":49730,"ProviderGuid":"{5770385F-C22A-43E0-BF4C-06F5698FFBD9}","CallTrace":"C:\\Windows\\SYSTEM32\\ntdll.dll+9c524|C:\\Windows\\System32\\KERNELBASE.dll+2730e|c:\\windows\\system32\\fwbase.dll+3b35|c:\\windows\\system32\\fwbase.dll+3a89|c:\\windows\\system32\\mpssvc.dll+b907|c:\\windows\\system32\\mpssvc.dll+a3c8|c:\\windows\\system32\\mpssvc.dll+a1a6|C:\\Windows\\System32\\RPCRT4.dll+76963|C:\\Windows\\System32\\RPCRT4.dll+da036|C:\\Windows\\System32\\RPCRT4.dll+37a5c|C:\\Windows\\System32\\RPCRT4.dll+548d8|C:\\Windows\\System32\\RPCRT4.dll+2c931|C:\\Windows\\System32\\RPCRT4.dll+2c1eb|C:\\Windows\\System32\\RPCRT4.dll+1a86f|C:\\Windows\\System32\\RPCRT4.dll+19d1a|C:\\Windows\\System32\\RPCRT4.dll+19301|C:\\Windows\\System32\\RPCRT4.dll+18d6e|C:\\Windows\\System32\\RPCRT4.dll+169a5|C:\\Windows\\SYSTEM32\\ntdll.dll+333fd|C:\\Windows\\SYSTEM32\\ntdll.dll+34152|C:\\Windows\\System32\\KERNEL32.DLL+17944|C:\\Windows\\SYSTEM32\\ntdll.dll+6ce71","EventID":10,"EventType":"INFO","TargetProcessGUID":"{a158f72c-4a97-5de8-0000-00101b210200}","UtcTime":"2019-12-05 04:48:26.567","UserID":"S-1-5-18","SourceThreadId":"4140","SourceName":"Microsoft-Windows-Sysmon","Domain":"NT AUTHORITY","AccountType":"User","OpcodeValue":0,"Message":"Process accessed:\r\nRuleName: \r\nUtcTime: 2019-12-05 04:48:26.567\r\nSourceProcessGUID: {a158f72c-4a95-5de8-0000-0010cf440100}\r\nSourceProcessId: 1772\r\nSourceThreadId: 4140\r\nSourceImage: C:\\Windows\\system32\\svchost.exe\r\nTargetProcessGUID: {a158f72c-4a97-5de8-0000-00101b210200}\r\nTargetProcessId: 3100\r\nTargetImage: C:\\Windows\\system32\\svchost.exe\r\nGrantedAccess: 0x1000\r\nCallTrace: C:\\Windows\\SYSTEM32\\ntdll.dll+9c524|C:\\Windows\\System32\\KERNELBASE.dll+2730e|c:\\windows\\system32\\fwbase.dll+3b35|c:\\windows\\system32\\fwbase.dll+3a89|c:\\windows\\system32\\mpssvc.dll+b907|c:\\windows\\system32\\mpssvc.dll+a3c8|c:\\windows\\system32\\mpssvc.dll+a1a6|C:\\Windows\\System32\\RPCRT4.dll+76963|C:\\Windows\\System32\\RPCRT4.dll+da036|C:\\Windows\\System32\\RPCRT4.dll+37a5c|C:\\Windows\\System32\\RPCRT4.dll+548d8|C:\\Windows\\System32\\RPCRT4.dll+2c931|C:\\Windows\\System32\\RPCRT4.dll+2c1eb|C:\\Windows\\System32\\RPCRT4.dll+1a86f|C:\\Windows\\System32\\RPCRT4.dll+19d1a|C:\\Windows\\System32\\RPCRT4.dll+19301|C:\\Windows\\System32\\RPCRT4.dll+18d6e|C:\\Windows\\System32\\RPCRT4.dll+169a5|C:\\Windows\\SYSTEM32\\ntdll.dll+333fd|C:\\Windows\\SYSTEM32\\ntdll.dll+34152|C:\\Windows\\System32\\KERNEL32.DLL+17944|C:\\Windows\\SYSTEM32\\ntdll.dll+6ce71","Task":10,"Severity":"INFO","Keywords":-9223372036854775808,"@timestamp":"2019-12-05T04:48:28.689Z","EventTime":"2019-12-04 23:48:26","SeverityValue":2,"ProcessID":3144,"ThreadID":4584,"AccountName":"SYSTEM","TargetImage":"C:\\Windows\\system32\\svchost.exe","SourceModuleType":"im_msvistalog","Hostname":"HR001.shire.com","SourceModuleName":"eventlog","SourceProcessGUID":"{a158f72c-4a95-5de8-0000-0010cf440100}","TargetProcessId":"3100","@version":"1"}
{"Version":3,"GrantedAccess":"0x1000","EventReceivedTime":"2019-12-04 23:48:28","type":"nxlog-mordor","SourceImage":"C:\\Windows\\system32\\svchost.exe","host":"ip-172-18-39-102.ec2.internal","Channel":"Microsoft-Windows-Sysmon/Operational","RecordNumber":225747,"SourceProcessId":"1772","port":49730,"ProviderGuid":"{5770385F-C22A-43E0-BF4C-06F5698FFBD9}","CallTrace":"C:\\Windows\\SYSTEM32\\ntdll.dll+9c524|C:\\Windows\\System32\\KERNELBASE.dll+2730e|c:\\windows\\system32\\fwbase.dll+3b35|c:\\windows\\system32\\fwbase.dll+3a89|c:\\windows\\system32\\mpssvc.dll+b907|c:\\windows\\system32\\mpssvc.dll+b75b|c:\\windows\\system32\\mpssvc.dll+e1c2|C:\\Windows\\System32\\RPCRT4.dll+76963|C:\\Windows\\System32\\RPCRT4.dll+da036|C:\\Windows\\System32\\RPCRT4.dll+37a5c|C:\\Windows\\System32\\RPCRT4.dll+548d8|C:\\Windows\\System32\\RPCRT4.dll+2c931|C:\\Windows\\System32\\RPCRT4.dll+2c1eb|C:\\Windows\\System32\\RPCRT4.dll+1a86f|C:\\Windows\\System32\\RPCRT4.dll+19d1a|C:\\Windows\\System32\\RPCRT4.dll+19301|C:\\Windows\\System32\\RPCRT4.dll+18d6e|C:\\Windows\\System32\\RPCRT4.dll+169a5|C:\\Windows\\SYSTEM32\\ntdll.dll+333fd|C:\\Windows\\SYSTEM32\\ntdll.dll+34152|C:\\Windows\\System32\\KERNEL32.DLL+17944|C:\\Windows\\SYSTEM32\\ntdll.dll+6ce71","EventID":10,"EventType":"INFO","TargetProcessGUID":"{a158f72c-4a97-5de8-0000-00101b210200}","UtcTime":"2019-12-05 04:48:26.567","UserID":"S-1-5-18","SourceThreadId":"4140","SourceName":"Microsoft-Windows-Sysmon","Domain":"NT AUTHORITY","AccountType":"User","OpcodeValue":0,"Message":"Process accessed:\r\nRuleName: \r\nUtcTime: 2019-12-05 04:48:26.567\r\nSourceProcessGUID: {a158f72c-4a95-5de8-0000-0010cf440100}\r\nSourceProcessId: 1772\r\nSourceThreadId: 4140\r\nSourceImage: C:\\Windows\\system32\\svchost.exe\r\nTargetProcessGUID: {a158f72c-4a97-5de8-0000-00101b210200}\r\nTargetProcessId: 3100\r\nTargetImage: C:\\Windows\\system32\\svchost.exe\r\nGrantedAccess: 0x1000\r\nCallTrace: C:\\Windows\\SYSTEM32\\ntdll.dll+9c524|C:\\Windows\\System32\\KERNELBASE.dll+2730e|c:\\windows\\system32\\fwbase.dll+3b35|c:\\windows\\system32\\fwbase.dll+3a89|c:\\windows\\system32\\mpssvc.dll+b907|c:\\windows\\system32\\mpssvc.dll+b75b|c:\\windows\\system32\\mpssvc.dll+e1c2|C:\\Windows\\System32\\RPCRT4.dll+76963|C:\\Windows\\System32\\RPCRT4.dll+da036|C:\\Windows\\System32\\RPCRT4.dll+37a5c|C:\\Windows\\System32\\RPCRT4.dll+548d8|C:\\Windows\\System32\\RPCRT4.dll+2c931|C:\\Windows\\System32\\RPCRT4.dll+2c1eb|C:\\Windows\\System32\\RPCRT4.dll+1a86f|C:\\Windows\\System32\\RPCRT4.dll+19d1a|C:\\Windows\\System32\\RPCRT4.dll+19301|C:\\Windows\\System32\\RPCRT4.dll+18d6e|C:\\Windows\\System32\\RPCRT4.dll+169a5|C:\\Windows\\SYSTEM32\\ntdll.dll+333fd|C:\\Windows\\SYSTEM32\\ntdll.dll+34152|C:\\Windows\\System32\\KERNEL32.DLL+17944|C:\\Windows\\SYSTEM32\\ntdll.dll+6ce71","Task":10,"Severity":"INFO","Keywords":-9223372036854775808,"@timestamp":"2019-12-05T04:48:28.687Z","EventTime":"2019-12-04 23:48:26","SeverityValue":2,"ProcessID":3144,"ThreadID":4584,"AccountName":"SYSTEM","TargetImage":"C:\\Windows\\system32\\svchost.exe","SourceModuleType":"im_msvistalog","Hostname":"HR001.shire.com","SourceModuleName":"eventlog","SourceProcessGUID":"{a158f72c-4a95-5de8-0000-0010cf440100}","TargetProcessId":"3100","@version":"1"}
{"Version":3,"GrantedAccess":"0x1000","EventReceivedTime":"2019-12-04 23:48:28","type":"nxlog-mordor","SourceImage":"C:\\Windows\\system32\\svchost.exe","host":"ip-172-18-39-102.ec2.internal","Channel":"Microsoft-Windows-Sysmon/Operational","RecordNumber":225751,"SourceProcessId":"1772","port":49730,"ProviderGuid":"{5770385F-C22A-43E0-BF4C-06F5698FFBD9}","CallTrace":"C:\\Windows\\SYSTEM32\\ntdll.dll+9c524|C:\\Windows\\System32\\KERNELBASE.dll+2730e|c:\\windows\\system32\\fwbase.dll+3b35|c:\\windows\\system32\\fwbase.dll+3a89|c:\\windows\\system32\\mpssvc.dll+b907|c:\\windows\\system32\\mpssvc.dll+b75b|c:\\windows\\system32\\mpssvc.dll+e1c2|C:\\Windows\\System32\\RPCRT4.dll+76963|C:\\Windows\\System32\\RPCRT4.dll+da036|C:\\Windows\\System32\\RPCRT4.dll+37a5c|C:\\Windows\\System32\\RPCRT4.dll+548d8|C:\\Windows\\System32\\RPCRT4.dll+2c931|C:\\Windows\\System32\\RPCRT4.dll+2c1eb|C:\\Windows\\System32\\RPCRT4.dll+1a86f|C:\\Windows\\System32\\RPCRT4.dll+19d1a|C:\\Windows\\System32\\RPCRT4.dll+19301|C:\\Windows\\System32\\RPCRT4.dll+18d6e|C:\\Windows\\System32\\RPCRT4.dll+169a5|C:\\Windows\\SYSTEM32\\ntdll.dll+333fd|C:\\Windows\\SYSTEM32\\ntdll.dll+34152|C:\\Windows\\System32\\KERNEL32.DLL+17944|C:\\Windows\\SYSTEM32\\ntdll.dll+6ce71","EventID":10,"EventType":"INFO","TargetProcessGUID":"{a158f72c-4a97-5de8-0000-00101b210200}","UtcTime":"2019-12-05 04:48:26.567","UserID":"S-1-5-18","SourceThreadId":"4140","SourceName":"Microsoft-Windows-Sysmon","Domain":"NT AUTHORITY","AccountType":"User","OpcodeValue":0,"Message":"Process accessed:\r\nRuleName: \r\nUtcTime: 2019-12-05 04:48:26.567\r\nSourceProcessGUID: {a158f72c-4a95-5de8-0000-0010cf440100}\r\nSourceProcessId: 1772\r\nSourceThreadId: 4140\r\nSourceImage: C:\\Windows\\system32\\svchost.exe\r\nTargetProcessGUID: {a158f72c-4a97-5de8-0000-00101b210200}\r\nTargetProcessId: 3100\r\nTargetImage: C:\\Windows\\system32\\svchost.exe\r\nGrantedAccess: 0x1000\r\nCallTrace: C:\\Windows\\SYSTEM32\\ntdll.dll+9c524|C:\\Windows\\System32\\KERNELBASE.dll+2730e|c:\\windows\\system32\\fwbase.dll+3b35|c:\\windows\\system32\\fwbase.dll+3a89|c:\\windows\\system32\\mpssvc.dll+b907|c:\\windows\\system32\\mpssvc.dll+b75b|c:\\windows\\system32\\mpssvc.dll+e1c2|C:\\Windows\\System32\\RPCRT4.dll+76963|C:\\Windows\\System32\\RPCRT4.dll+da036|C:\\Windows\\System32\\RPCRT4.dll+37a5c|C:\\Windows\\System32\\RPCRT4.dll+548d8|C:\\Windows\\System32\\RPCRT4.dll+2c931|C:\\Windows\\System32\\RPCRT4.dll+2c1eb|C:\\Windows\\System32\\RPCRT4.dll+1a86f|C:\\Windows\\System32\\RPCRT4.dll+19d1a|C:\\Windows\\System32\\RPCRT4.dll+19301|C:\\Windows\\System32\\RPCRT4.dll+18d6e|C:\\Windows\\System32\\RPCRT4.dll+169a5|C:\\Windows\\SYSTEM32\\ntdll.dll+333fd|C:\\Windows\\SYSTEM32\\ntdll.dll+34152|C:\\Windows\\System32\\KERNEL32.DLL+17944|C:\\Windows\\SYSTEM32\\ntdll.dll+6ce71","Task":10,"Severity":"INFO","Keywords":-9223372036854775808,"@timestamp":"2019-12-05T04:48:28.688Z","EventTime":"2019-12-04 23:48:26","SeverityValue":2,"ProcessID":3144,"ThreadID":4584,"AccountName":"SYSTEM","TargetImage":"C:\\Windows\\system32\\svchost.exe","SourceModuleType":"im_msvistalog","Hostname":"HR001.shire.com","SourceModuleName":"eventlog","SourceProcessGUID":"{a158f72c-4a95-5de8-0000-0010cf440100}","TargetProcessId":"3100","@version":"1"}
{"Version":3,"GrantedAccess":"0x1000","EventReceivedTime":"2019-12-04 23:48:28","type":"nxlog-mordor","SourceImage":"C:\\Windows\\system32\\svchost.exe","host":"ip-172-18-39-102.ec2.internal","Channel":"Microsoft-Windows-Sysmon/Operational","RecordNumber":156131,"SourceProcessId":"964","port":49730,"ProviderGuid":"{5770385F-C22A-43E0-BF4C-06F5698FFBD9}","CallTrace":"C:\\Windows\\SYSTEM32\\ntdll.dll+9c524|C:\\Windows\\SYSTEM32\\psmserviceexthost.dll+222a3|C:\\Windows\\SYSTEM32\\psmserviceexthost.dll+1a172|C:\\Windows\\SYSTEM32\\psmserviceexthost.dll+19e3b|C:\\Windows\\SYSTEM32\\psmserviceexthost.dll+19318|C:\\Windows\\SYSTEM32\\ntdll.dll+3082d|C:\\Windows\\SYSTEM32\\ntdll.dll+345c4|C:\\Windows\\System32\\KERNEL32.DLL+17944|C:\\Windows\\SYSTEM32\\ntdll.dll+6ce71","EventID":10,"EventType":"INFO","TargetProcessGUID":"{a158f72c-4a95-5de8-0000-0010e8460100}","UtcTime":"2019-12-05 04:48:27.004","UserID":"S-1-5-18","SourceThreadId":"1256","SourceName":"Microsoft-Windows-Sysmon","Domain":"NT AUTHORITY","AccountType":"User","OpcodeValue":0,"Message":"Process accessed:\r\nRuleName: \r\nUtcTime: 2019-12-05 04:48:27.004\r\nSourceProcessGUID: {a158f72c-4a93-5de8-0000-0010c9860000}\r\nSourceProcessId: 964\r\nSourceThreadId: 1256\r\nSourceImage: C:\\Windows\\system32\\svchost.exe\r\nTargetProcessGUID: {a158f72c-4a95-5de8-0000-0010e8460100}\r\nTargetProcessId: 1848\r\nTargetImage: C:\\Windows\\System32\\svchost.exe\r\nGrantedAccess: 0x1000\r\nCallTrace: C:\\Windows\\SYSTEM32\\ntdll.dll+9c524|C:\\Windows\\SYSTEM32\\psmserviceexthost.dll+222a3|C:\\Windows\\SYSTEM32\\psmserviceexthost.dll+1a172|C:\\Windows\\SYSTEM32\\psmserviceexthost.dll+19e3b|C:\\Windows\\SYSTEM32\\psmserviceexthost.dll+19318|C:\\Windows\\SYSTEM32\\ntdll.dll+3082d|C:\\Windows\\SYSTEM32\\ntdll.dll+345c4|C:\\Windows\\System32\\KERNEL32.DLL+17944|C:\\Windows\\SYSTEM32\\ntdll.dll+6ce71","Task":10,"Severity":"INFO","Keywords":-9223372036854775808,"@timestamp":"2019-12-05T04:48:28.689Z","EventTime":"2019-12-04 23:48:27","SeverityValue":2,"ProcessID":3148,"ThreadID":4772,"AccountName":"SYSTEM","TargetImage":"C:\\Windows\\System32\\svchost.exe","SourceModuleType":"im_msvistalog","Hostname":"ACCT001.shire.com","SourceModuleName":"eventlog","SourceProcessGUID":"{a158f72c-4a93-5de8-0000-0010c9860000}","TargetProcessId":"1848","@version":"1"}
{"Version":3,"GrantedAccess":"0x1000","EventReceivedTime":"2019-12-04 23:48:28","type":"nxlog-mordor","SourceImage":"C:\\Windows\\system32\\svchost.exe","host":"ip-172-18-39-102.ec2.internal","Channel":"Microsoft-Windows-Sysmon/Operational","RecordNumber":225746,"SourceProcessId":"1772","port":49730,"ProviderGuid":"{5770385F-C22A-43E0-BF4C-06F5698FFBD9}","CallTrace":"C:\\Windows\\SYSTEM32\\ntdll.dll+9c524|C:\\Windows\\System32\\KERNELBASE.dll+2730e|c:\\windows\\system32\\fwbase.dll+3b35|c:\\windows\\system32\\fwbase.dll+3a89|c:\\windows\\system32\\mpssvc.dll+b907|c:\\windows\\system32\\mpssvc.dll+b75b|c:\\windows\\system32\\mpssvc.dll+e1c2|C:\\Windows\\System32\\RPCRT4.dll+76963|C:\\Windows\\System32\\RPCRT4.dll+da036|C:\\Windows\\System32\\RPCRT4.dll+37a5c|C:\\Windows\\System32\\RPCRT4.dll+548d8|C:\\Windows\\System32\\RPCRT4.dll+2c931|C:\\Windows\\System32\\RPCRT4.dll+2c1eb|C:\\Windows\\System32\\RPCRT4.dll+1a86f|C:\\Windows\\System32\\RPCRT4.dll+19d1a|C:\\Windows\\System32\\RPCRT4.dll+19301|C:\\Windows\\System32\\RPCRT4.dll+18d6e|C:\\Windows\\System32\\RPCRT4.dll+169a5|C:\\Windows\\SYSTEM32\\ntdll.dll+333fd|C:\\Windows\\SYSTEM32\\ntdll.dll+34152|C:\\Windows\\System32\\KERNEL32.DLL+17944|C:\\Windows\\SYSTEM32\\ntdll.dll+6ce71","EventID":10,"EventType":"INFO","TargetProcessGUID":"{a158f72c-4a97-5de8-0000-00101b210200}","UtcTime":"2019-12-05 04:48:26.567","UserID":"S-1-5-18","SourceThreadId":"4140","SourceName":"Microsoft-Windows-Sysmon","Domain":"NT AUTHORITY","AccountType":"User","OpcodeValue":0,"Message":"Process accessed:\r\nRuleName: \r\nUtcTime: 2019-12-05 04:48:26.567\r\nSourceProcessGUID: {a158f72c-4a95-5de8-0000-0010cf440100}\r\nSourceProcessId: 1772\r\nSourceThreadId: 4140\r\nSourceImage: C:\\Windows\\system32\\svchost.exe\r\nTargetProcessGUID: {a158f72c-4a97-5de8-0000-00101b210200}\r\nTargetProcessId: 3100\r\nTargetImage: C:\\Windows\\system32\\svchost.exe\r\nGrantedAccess: 0x1000\r\nCallTrace: C:\\Windows\\SYSTEM32\\ntdll.dll+9c524|C:\\Windows\\System32\\KERNELBASE.dll+2730e|c:\\windows\\system32\\fwbase.dll+3b35|c:\\windows\\system32\\fwbase.dll+3a89|c:\\windows\\system32\\mpssvc.dll+b907|c:\\windows\\system32\\mpssvc.dll+b75b|c:\\windows\\system32\\mpssvc.dll+e1c2|C:\\Windows\\System32\\RPCRT4.dll+76963|C:\\Windows\\System32\\RPCRT4.dll+da036|C:\\Windows\\System32\\RPCRT4.dll+37a5c|C:\\Windows\\System32\\RPCRT4.dll+548d8|C:\\Windows\\System32\\RPCRT4.dll+2c931|C:\\Windows\\System32\\RPCRT4.dll+2c1eb|C:\\Windows\\System32\\RPCRT4.dll+1a86f|C:\\Windows\\System32\\RPCRT4.dll+19d1a|C:\\Windows\\System32\\RPCRT4.dll+19301|C:\\Windows\\System32\\RPCRT4.dll+18d6e|C:\\Windows\\System32\\RPCRT4.dll+169a5|C:\\Windows\\SYSTEM32\\ntdll.dll+333fd|C:\\Windows\\SYSTEM32\\ntdll.dll+34152|C:\\Windows\\System32\\KERNEL32.DLL+17944|C:\\Windows\\SYSTEM32\\ntdll.dll+6ce71","Task":10,"Severity":"INFO","Keywords":-9223372036854775808,"@timestamp":"2019-12-05T04:48:28.687Z","EventTime":"2019-12-04 23:48:26","SeverityValue":2,"ProcessID":3144,"ThreadID":4584,"AccountName":"SYSTEM","TargetImage":"C:\\Windows\\system32\\svchost.exe","SourceModuleType":"im_msvistalog","Hostname":"HR001.shire.com","SourceModuleName":"eventlog","SourceProcessGUID":"{a158f72c-4a95-5de8-0000-0010cf440100}","TargetProcessId":"3100","@version":"1"}
{"Version":3,"GrantedAccess":"0x1000","EventReceivedTime":"2019-12-04 23:48:28","type":"nxlog-mordor","SourceImage":"C:\\Windows\\system32\\svchost.exe","host":"ip-172-18-39-102.ec2.internal","Channel":"Microsoft-Windows-Sysmon/Operational","RecordNumber":225750,"SourceProcessId":"1772","port":49730,"ProviderGuid":"{5770385F-C22A-43E0-BF4C-06F5698FFBD9}","CallTrace":"C:\\Windows\\SYSTEM32\\ntdll.dll+9c524|C:\\Windows\\System32\\KERNELBASE.dll+2730e|c:\\windows\\system32\\fwbase.dll+3b35|c:\\windows\\system32\\fwbase.dll+3a89|c:\\windows\\system32\\mpssvc.dll+b907|c:\\windows\\system32\\mpssvc.dll+b75b|c:\\windows\\system32\\mpssvc.dll+e1c2|C:\\Windows\\System32\\RPCRT4.dll+76963|C:\\Windows\\System32\\RPCRT4.dll+da036|C:\\Windows\\System32\\RPCRT4.dll+37a5c|C:\\Windows\\System32\\RPCRT4.dll+548d8|C:\\Windows\\System32\\RPCRT4.dll+2c931|C:\\Windows\\System32\\RPCRT4.dll+2c1eb|C:\\Windows\\System32\\RPCRT4.dll+1a86f|C:\\Windows\\System32\\RPCRT4.dll+19d1a|C:\\Windows\\System32\\RPCRT4.dll+19301|C:\\Windows\\System32\\RPCRT4.dll+18d6e|C:\\Windows\\System32\\RPCRT4.dll+169a5|C:\\Windows\\SYSTEM32\\ntdll.dll+333fd|C:\\Windows\\SYSTEM32\\ntdll.dll+34152|C:\\Windows\\System32\\KERNEL32.DLL+17944|C:\\Windows\\SYSTEM32\\ntdll.dll+6ce71","EventID":10,"EventType":"INFO","TargetProcessGUID":"{a158f72c-4a97-5de8-0000-00101b210200}","UtcTime":"2019-12-05 04:48:26.567","UserID":"S-1-5-18","SourceThreadId":"4140","SourceName":"Microsoft-Windows-Sysmon","Domain":"NT AUTHORITY","AccountType":"User","OpcodeValue":0,"Message":"Process accessed:\r\nRuleName: \r\nUtcTime: 2019-12-05 04:48:26.567\r\nSourceProcessGUID: {a158f72c-4a95-5de8-0000-0010cf440100}\r\nSourceProcessId: 1772\r\nSourceThreadId: 4140\r\nSourceImage: C:\\Windows\\system32\\svchost.exe\r\nTargetProcessGUID: {a158f72c-4a97-5de8-0000-00101b210200}\r\nTargetProcessId: 3100\r\nTargetImage: C:\\Windows\\system32\\svchost.exe\r\nGrantedAccess: 0x1000\r\nCallTrace: C:\\Windows\\SYSTEM32\\ntdll.dll+9c524|C:\\Windows\\System32\\KERNELBASE.dll+2730e|c:\\windows\\system32\\fwbase.dll+3b35|c:\\windows\\system32\\fwbase.dll+3a89|c:\\windows\\system32\\mpssvc.dll+b907|c:\\windows\\system32\\mpssvc.dll+b75b|c:\\windows\\system32\\mpssvc.dll+e1c2|C:\\Windows\\System32\\RPCRT4.dll+76963|C:\\Windows\\System32\\RPCRT4.dll+da036|C:\\Windows\\System32\\RPCRT4.dll+37a5c|C:\\Windows\\System32\\RPCRT4.dll+548d8|C:\\Windows\\System32\\RPCRT4.dll+2c931|C:\\Windows\\System32\\RPCRT4.dll+2c1eb|C:\\Windows\\System32\\RPCRT4.dll+1a86f|C:\\Windows\\System32\\RPCRT4.dll+19d1a|C:\\Windows\\System32\\RPCRT4.dll+19301|C:\\Windows\\System32\\RPCRT4.dll+18d6e|C:\\Windows\\System32\\RPCRT4.dll+169a5|C:\\Windows\\SYSTEM32\\ntdll.dll+333fd|C:\\Windows\\SYSTEM32\\ntdll.dll+34152|C:\\Windows\\System32\\KERNEL32.DLL+17944|C:\\Windows\\SYSTEM32\\ntdll.dll+6ce71","Task":10,"Severity":"INFO","Keywords":-9223372036854775808,"@timestamp":"2019-12-05T04:48:28.688Z","EventTime":"2019-12-04 23:48:26","SeverityValue":2,"ProcessID":3144,"ThreadID":4584,"AccountName":"SYSTEM","TargetImage":"C:\\Windows\\system32\\svchost.exe","SourceModuleType":"im_msvistalog","Hostname":"HR001.shire.com","SourceModuleName":"eventlog","SourceProcessGUID":"{a158f72c-4a95-5de8-0000-0010cf440100}","TargetProcessId":"3100","@version":"1"}
{"Version":3,"GrantedAccess":"0x1400","EventReceivedTime":"2019-12-04 23:48:28","type":"nxlog-mordor","SourceImage":"C:\\Windows\\System32\\svchost.exe","host":"ip-172-18-39-102.ec2.internal","Channel":"Microsoft-Windows-Sysmon/Operational","RecordNumber":156130,"SourceProcessId":"3612","port":49730,"ProviderGuid":"{5770385F-C22A-43E0-BF4C-06F5698FFBD9}","CallTrace":"C:\\Windows\\SYSTEM32\\ntdll.dll+9c524|C:\\Windows\\System32\\KERNELBASE.dll+2730e|c:\\windows\\system32\\rasmans.dll+3751b|c:\\windows\\system32\\rasmans.dll+36fad|c:\\windows\\system32\\rasmans.dll+10ed8|c:\\windows\\system32\\rasmans.dll+33cd5|C:\\Windows\\System32\\svchost.exe+314c|C:\\Windows\\System32\\sechost.dll+2de2|C:\\Windows\\System32\\KERNEL32.DLL+17944|C:\\Windows\\SYSTEM32\\ntdll.dll+6ce71","EventID":10,"EventType":"INFO","TargetProcessGUID":"{a158f72c-4a97-5de8-0000-001047070200}","UtcTime":"2019-12-05 04:48:26.988","UserID":"S-1-5-18","SourceThreadId":"3732","SourceName":"Microsoft-Windows-Sysmon","Domain":"NT AUTHORITY","AccountType":"User","OpcodeValue":0,"Message":"Process accessed:\r\nRuleName: \r\nUtcTime: 2019-12-05 04:48:26.988\r\nSourceProcessGUID: {a158f72c-4a98-5de8-0000-0010385b0200}\r\nSourceProcessId: 3612\r\nSourceThreadId: 3732\r\nSourceImage: C:\\Windows\\System32\\svchost.exe\r\nTargetProcessGUID: {a158f72c-4a97-5de8-0000-001047070200}\r\nTargetProcessId: 2680\r\nTargetImage: C:\\Program Files\\Amazon\\Ec2ConfigService\\Ec2Config.exe\r\nGrantedAccess: 0x1400\r\nCallTrace: C:\\Windows\\SYSTEM32\\ntdll.dll+9c524|C:\\Windows\\System32\\KERNELBASE.dll+2730e|c:\\windows\\system32\\rasmans.dll+3751b|c:\\windows\\system32\\rasmans.dll+36fad|c:\\windows\\system32\\rasmans.dll+10ed8|c:\\windows\\system32\\rasmans.dll+33cd5|C:\\Windows\\System32\\svchost.exe+314c|C:\\Windows\\System32\\sechost.dll+2de2|C:\\Windows\\System32\\KERNEL32.DLL+17944|C:\\Windows\\SYSTEM32\\ntdll.dll+6ce71","Task":10,"Severity":"INFO","Keywords":-9223372036854775808,"@timestamp":"2019-12-05T04:48:28.689Z","EventTime":"2019-12-04 23:48:26","SeverityValue":2,"ProcessID":3148,"ThreadID":4772,"AccountName":"SYSTEM","TargetImage":"C:\\Program Files\\Amazon\\Ec2ConfigService\\Ec2Config.exe","SourceModuleType":"im_msvistalog","Hostname":"ACCT001.shire.com","SourceModuleName":"eventlog","SourceProcessGUID":"{a158f72c-4a98-5de8-0000-0010385b0200}","TargetProcessId":"2680","@version":"1"}
{"Version":3,"GrantedAccess":"0x1000","EventReceivedTime":"2019-12-04 23:48:28","type":"nxlog-mordor","SourceImage":"C:\\Windows\\system32\\svchost.exe","host":"ip-172-18-39-102.ec2.internal","Channel":"Microsoft-Windows-Sysmon/Operational","RecordNumber":225748,"SourceProcessId":"1772","port":49730,"ProviderGuid":"{5770385F-C22A-43E0-BF4C-06F5698FFBD9}","CallTrace":"C:\\Windows\\SYSTEM32\\ntdll.dll+9c524|C:\\Windows\\System32\\KERNELBASE.dll+2730e|c:\\windows\\system32\\fwbase.dll+3b35|c:\\windows\\system32\\fwbase.dll+3a89|c:\\windows\\system32\\mpssvc.dll+b907|c:\\windows\\system32\\mpssvc.dll+b75b|c:\\windows\\system32\\mpssvc.dll+e1c2|C:\\Windows\\System32\\RPCRT4.dll+76963|C:\\Windows\\System32\\RPCRT4.dll+da036|C:\\Windows\\System32\\RPCRT4.dll+37a5c|C:\\Windows\\System32\\RPCRT4.dll+548d8|C:\\Windows\\System32\\RPCRT4.dll+2c931|C:\\Windows\\System32\\RPCRT4.dll+2c1eb|C:\\Windows\\System32\\RPCRT4.dll+1a86f|C:\\Windows\\System32\\RPCRT4.dll+19d1a|C:\\Windows\\System32\\RPCRT4.dll+19301|C:\\Windows\\System32\\RPCRT4.dll+18d6e|C:\\Windows\\System32\\RPCRT4.dll+169a5|C:\\Windows\\SYSTEM32\\ntdll.dll+333fd|C:\\Windows\\SYSTEM32\\ntdll.dll+34152|C:\\Windows\\System32\\KERNEL32.DLL+17944|C:\\Windows\\SYSTEM32\\ntdll.dll+6ce71","EventID":10,"EventType":"INFO","TargetProcessGUID":"{a158f72c-4a97-5de8-0000-00101b210200}","UtcTime":"2019-12-05 04:48:26.567","UserID":"S-1-5-18","SourceThreadId":"4140","SourceName":"Microsoft-Windows-Sysmon","Domain":"NT AUTHORITY","AccountType":"User","OpcodeValue":0,"Message":"Process accessed:\r\nRuleName: \r\nUtcTime: 2019-12-05 04:48:26.567\r\nSourceProcessGUID: {a158f72c-4a95-5de8-0000-0010cf440100}\r\nSourceProcessId: 1772\r\nSourceThreadId: 4140\r\nSourceImage: C:\\Windows\\system32\\svchost.exe\r\nTargetProcessGUID: {a158f72c-4a97-5de8-0000-00101b210200}\r\nTargetProcessId: 3100\r\nTargetImage: C:\\Windows\\system32\\svchost.exe\r\nGrantedAccess: 0x1000\r\nCallTrace: C:\\Windows\\SYSTEM32\\ntdll.dll+9c524|C:\\Windows\\System32\\KERNELBASE.dll+2730e|c:\\windows\\system32\\fwbase.dll+3b35|c:\\windows\\system32\\fwbase.dll+3a89|c:\\windows\\system32\\mpssvc.dll+b907|c:\\windows\\system32\\mpssvc.dll+b75b|c:\\windows\\system32\\mpssvc.dll+e1c2|C:\\Windows\\System32\\RPCRT4.dll+76963|C:\\Windows\\System32\\RPCRT4.dll+da036|C:\\Windows\\System32\\RPCRT4.dll+37a5c|C:\\Windows\\System32\\RPCRT4.dll+548d8|C:\\Windows\\System32\\RPCRT4.dll+2c931|C:\\Windows\\System32\\RPCRT4.dll+2c1eb|C:\\Windows\\System32\\RPCRT4.dll+1a86f|C:\\Windows\\System32\\RPCRT4.dll+19d1a|C:\\Windows\\System32\\RPCRT4.dll+19301|C:\\Windows\\System32\\RPCRT4.dll+18d6e|C:\\Windows\\System32\\RPCRT4.dll+169a5|C:\\Windows\\SYSTEM32\\ntdll.dll+333fd|C:\\Windows\\SYSTEM32\\ntdll.dll+34152|C:\\Windows\\System32\\KERNEL32.DLL+17944|C:\\Windows\\SYSTEM32\\ntdll.dll+6ce71","Task":10,"Severity":"INFO","Keywords":-9223372036854775808,"@timestamp":"2019-12-05T04:48:28.687Z","EventTime":"2019-12-04 23:48:26","SeverityValue":2,"ProcessID":3144,"ThreadID":4584,"AccountName":"SYSTEM","TargetImage":"C:\\Windows\\system32\\svchost.exe","SourceModuleType":"im_msvistalog","Hostname":"HR001.shire.com","SourceModuleName":"eventlog","SourceProcessGUID":"{a158f72c-4a95-5de8-0000-0010cf440100}","TargetProcessId":"3100","@version":"1"}
{"Version":3,"GrantedAccess":"0x1000","EventReceivedTime":"2019-12-04 23:48:28","type":"nxlog-mordor","SourceImage":"C:\\Windows\\system32\\svchost.exe","host":"ip-172-18-39-102.ec2.internal","Channel":"Microsoft-Windows-Sysmon/Operational","RecordNumber":225752,"SourceProcessId":"1772","port":49730,"ProviderGuid":"{5770385F-C22A-43E0-BF4C-06F5698FFBD9}","CallTrace":"C:\\Windows\\SYSTEM32\\ntdll.dll+9c524|C:\\Windows\\System32\\KERNELBASE.dll+2730e|c:\\windows\\system32\\fwbase.dll+3b35|c:\\windows\\system32\\fwbase.dll+3a89|c:\\windows\\system32\\mpssvc.dll+b907|c:\\windows\\system32\\mpssvc.dll+b75b|c:\\windows\\system32\\mpssvc.dll+e1c2|C:\\Windows\\System32\\RPCRT4.dll+76963|C:\\Windows\\System32\\RPCRT4.dll+da036|C:\\Windows\\System32\\RPCRT4.dll+37a5c|C:\\Windows\\System32\\RPCRT4.dll+548d8|C:\\Windows\\System32\\RPCRT4.dll+2c931|C:\\Windows\\System32\\RPCRT4.dll+2c1eb|C:\\Windows\\System32\\RPCRT4.dll+1a86f|C:\\Windows\\System32\\RPCRT4.dll+19d1a|C:\\Windows\\System32\\RPCRT4.dll+19301|C:\\Windows\\System32\\RPCRT4.dll+18d6e|C:\\Windows\\System32\\RPCRT4.dll+169a5|C:\\Windows\\SYSTEM32\\ntdll.dll+333fd|C:\\Windows\\SYSTEM32\\ntdll.dll+34152|C:\\Windows\\System32\\KERNEL32.DLL+17944|C:\\Windows\\SYSTEM32\\ntdll.dll+6ce71","EventID":10,"EventType":"INFO","TargetProcessGUID":"{a158f72c-4a97-5de8-0000-00101b210200}","UtcTime":"2019-12-05 04:48:26.567","UserID":"S-1-5-18","SourceThreadId":"4140","SourceName":"Microsoft-Windows-Sysmon","Domain":"NT AUTHORITY","AccountType":"User","OpcodeValue":0,"Message":"Process accessed:\r\nRuleName: \r\nUtcTime: 2019-12-05 04:48:26.567\r\nSourceProcessGUID: {a158f72c-4a95-5de8-0000-0010cf440100}\r\nSourceProcessId: 1772\r\nSourceThreadId: 4140\r\nSourceImage: C:\\Windows\\system32\\svchost.exe\r\nTargetProcessGUID: {a158f72c-4a97-5de8-0000-00101b210200}\r\nTargetProcessId: 3100\r\nTargetImage: C:\\Windows\\system32\\svchost.exe\r\nGrantedAccess: 0x1000\r\nCallTrace: C:\\Windows\\SYSTEM32\\ntdll.dll+9c524|C:\\Windows\\System32\\KERNELBASE.dll+2730e|c:\\windows\\system32\\fwbase.dll+3b35|c:\\windows\\system32\\fwbase.dll+3a89|c:\\windows\\system32\\mpssvc.dll+b907|c:\\windows\\system32\\mpssvc.dll+b75b|c:\\windows\\system32\\mpssvc.dll+e1c2|C:\\Windows\\System32\\RPCRT4.dll+76963|C:\\Windows\\System32\\RPCRT4.dll+da036|C:\\Windows\\System32\\RPCRT4.dll+37a5c|C:\\Windows\\System32\\RPCRT4.dll+548d8|C:\\Windows\\System32\\RPCRT4.dll+2c931|C:\\Windows\\System32\\RPCRT4.dll+2c1eb|C:\\Windows\\System32\\RPCRT4.dll+1a86f|C:\\Windows\\System32\\RPCRT4.dll+19d1a|C:\\Windows\\System32\\RPCRT4.dll+19301|C:\\Windows\\System32\\RPCRT4.dll+18d6e|C:\\Windows\\System32\\RPCRT4.dll+169a5|C:\\Windows\\SYSTEM32\\ntdll.dll+333fd|C:\\Windows\\SYSTEM32\\ntdll.dll+34152|C:\\Windows\\System32\\KERNEL32.DLL+17944|C:\\Windows\\SYSTEM32\\ntdll.dll+6ce71","Task":10,"Severity":"INFO","Keywords":-9223372036854775808,"@timestamp":"2019-12-05T04:48:28.688Z","EventTime":"2019-12-04 23:48:26","SeverityValue":2,"ProcessID":3144,"ThreadID":4584,"AccountName":"SYSTEM","TargetImage":"C:\\Windows\\system32\\svchost.exe","SourceModuleType":"im_msvistalog","Hostname":"HR001.shire.com","SourceModuleName":"eventlog","SourceProcessGUID":"{a158f72c-4a95-5de8-0000-0010cf440100}","TargetProcessId":"3100","@version":"1"}
