{"Keywords":-9223372036854775808,"SeverityValue":2,"TargetObject":"\\REGISTRY\\A\\{fb57a6dd-6b5c-0658-4825-36826d1afbbb}\\DeliveryOptimization\\Swarms\\95D2EE60-C9D3-45E4-876D-BAE16D758A87_16_0_13127_20408_STREAM_X86_X_NONE\\IsPinned","EventTypeOrignal":"INFO","EventID":13,"ProviderGuid":"{5770385F-C22A-43E0-BF4C-06F5698FFBD9}","ExecutionProcessID":3228,"host":"wec.internal.cloudapp.net","Channel":"Microsoft-Windows-Sysmon/Operational","UserID":"S-1-5-18","AccountType":"User","ThreadID":4288,"ProcessGuid":"{b34bc01c-8526-5f63-2103-000000000400}","Details":"DWORD (0x00000000)","EventReceivedTime":"2020-09-17 17:31:53","Opcode":"Info","EventTime":"2020-09-17 17:31:51","Message":"Registry value set:\r\nRuleName: -\r\nEventType: SetValue\r\nUtcTime: 2020-09-17 21:31:51.320\r\nProcessGuid: {b34bc01c-8526-5f63-2103-000000000400}\r\nProcessId: 2448\r\nImage: C:\\windows\\System32\\svchost.exe\r\nTargetObject: \\REGISTRY\\A\\{fb57a6dd-6b5c-0658-4825-36826d1afbbb}\\DeliveryOptimization\\Swarms\\95D2EE60-C9D3-45E4-876D-BAE16D758A87_16_0_13127_20408_STREAM_X86_X_NONE\\IsPinned\r\nDetails: DWORD (0x00000000)","ProcessId":"2448","EventType":"SetValue","@timestamp":"2020-09-17T21:31:53.147Z","SourceModuleType":"im_msvistalog","port":64545,"AccountName":"SYSTEM","RecordNumber":636809,"Task":13,"Domain":"NT AUTHORITY","@version":"1","OpcodeValue":0,"SourceModuleName":"eventlog","Severity":"INFO","SourceName":"Microsoft-Windows-Sysmon","Version":2,"Image":"C:\\windows\\System32\\svchost.exe","Category":"Registry value set (rule: RegistryEvent)","UtcTime":"2020-09-17 21:31:51.320","Hostname":"WORKSTATION5.theshire.local","RuleName":"-","tags":["mordorDataset"]}
{"Keywords":-9223372036854775808,"SeverityValue":2,"TargetObject":"\\REGISTRY\\A\\{fb57a6dd-6b5c-0658-4825-36826d1afbbb}\\DeliveryOptimization\\Swarms\\95D2EE60-C9D3-45E4-876D-BAE16D758A87_16_0_13127_20408_STREAM_X86_X_NONE\\ExpireAtTimeFT","EventTypeOrignal":"INFO","EventID":13,"ProviderGuid":"{5770385F-C22A-43E0-BF4C-06F5698FFBD9}","ExecutionProcessID":3228,"host":"wec.internal.cloudapp.net","Channel":"Microsoft-Windows-Sysmon/Operational","UserID":"S-1-5-18","AccountType":"User","ThreadID":4288,"ProcessGuid":"{b34bc01c-8526-5f63-2103-000000000400}","Details":"QWORD (0x01d68f65-0xa90b813b)","EventReceivedTime":"2020-09-17 17:31:53","Opcode":"Info","EventTime":"2020-09-17 17:31:51","Message":"Registry value set:\r\nRuleName: -\r\nEventType: SetValue\r\nUtcTime: 2020-09-17 21:31:51.320\r\nProcessGuid: {b34bc01c-8526-5f63-2103-000000000400}\r\nProcessId: 2448\r\nImage: C:\\windows\\System32\\svchost.exe\r\nTargetObject: \\REGISTRY\\A\\{fb57a6dd-6b5c-0658-4825-36826d1afbbb}\\DeliveryOptimization\\Swarms\\95D2EE60-C9D3-45E4-876D-BAE16D758A87_16_0_13127_20408_STREAM_X86_X_NONE\\ExpireAtTimeFT\r\nDetails: QWORD (0x01d68f65-0xa90b813b)","ProcessId":"2448","EventType":"SetValue","@timestamp":"2020-09-17T21:31:53.148Z","SourceModuleType":"im_msvistalog","port":64545,"AccountName":"SYSTEM","RecordNumber":636810,"Task":13,"Domain":"NT AUTHORITY","@version":"1","OpcodeValue":0,"SourceModuleName":"eventlog","Severity":"INFO","SourceName":"Microsoft-Windows-Sysmon","Version":2,"Image":"C:\\windows\\System32\\svchost.exe","Category":"Registry value set (rule: RegistryEvent)","UtcTime":"2020-09-17 21:31:51.320","Hostname":"WORKSTATION5.theshire.local","RuleName":"-","tags":["mordorDataset"]}
{"Keywords":-9223372036854775808,"SeverityValue":2,"TargetObject":"\\REGISTRY\\A\\{fb57a6dd-6b5c-0658-4825-36826d1afbbb}\\DeliveryOptimization\\Swarms\\95D2EE60-C9D3-45E4-876D-BAE16D758A87_16_0_13127_20408_STREAM_X86_X_NONE\\ExpireAtOverride","EventTypeOrignal":"INFO","EventID":13,"ProviderGuid":"{5770385F-C22A-43E0-BF4C-06F5698FFBD9}","ExecutionProcessID":3228,"host":"wec.internal.cloudapp.net","Channel":"Microsoft-Windows-Sysmon/Operational","UserID":"S-1-5-18","AccountType":"User","ThreadID":4288,"ProcessGuid":"{b34bc01c-8526-5f63-2103-000000000400}","Details":"DWORD (0x00000000)","EventReceivedTime":"2020-09-17 17:31:53","Opcode":"Info","EventTime":"2020-09-17 17:31:51","Message":"Registry value set:\r\nRuleName: -\r\nEventType: SetValue\r\nUtcTime: 2020-09-17 21:31:51.320\r\nProcessGuid: {b34bc01c-8526-5f63-2103-000000000400}\r\nProcessId: 2448\r\nImage: C:\\windows\\System32\\svchost.exe\r\nTargetObject: \\REGISTRY\\A\\{fb57a6dd-6b5c-0658-4825-36826d1afbbb}\\DeliveryOptimization\\Swarms\\95D2EE60-C9D3-45E4-876D-BAE16D758A87_16_0_13127_20408_STREAM_X86_X_NONE\\ExpireAtOverride\r\nDetails: DWORD (0x00000000)","ProcessId":"2448","EventType":"SetValue","@timestamp":"2020-09-17T21:31:53.148Z","SourceModuleType":"im_msvistalog","port":64545,"AccountName":"SYSTEM","RecordNumber":636811,"Task":13,"Domain":"NT AUTHORITY","@version":"1","OpcodeValue":0,"SourceModuleName":"eventlog","Severity":"INFO","SourceName":"Microsoft-Windows-Sysmon","Version":2,"Image":"C:\\windows\\System32\\svchost.exe","Category":"Registry value set (rule: RegistryEvent)","UtcTime":"2020-09-17 21:31:51.320","Hostname":"WORKSTATION5.theshire.local","RuleName":"-","tags":["mordorDataset"]}
{"Keywords":-9223372036854775808,"SeverityValue":2,"TargetObject":"\\REGISTRY\\A\\{fb57a6dd-6b5c-0658-4825-36826d1afbbb}\\DeliveryOptimization\\Swarms\\95D2EE60-C9D3-45E4-876D-BAE16D758A87_16_0_13127_20408_STREAM_X86_X_NONE\\Upload","EventTypeOrignal":"INFO","EventID":13,"ProviderGuid":"{5770385F-C22A-43E0-BF4C-06F5698FFBD9}","ExecutionProcessID":3228,"host":"wec.internal.cloudapp.net","Channel":"Microsoft-Windows-Sysmon/Operational","UserID":"S-1-5-18","AccountType":"User","ThreadID":4288,"ProcessGuid":"{b34bc01c-8526-5f63-2103-000000000400}","Details":"DWORD (0x00000001)","EventReceivedTime":"2020-09-17 17:31:53","Opcode":"Info","EventTime":"2020-09-17 17:31:51","Message":"Registry value set:\r\nRuleName: -\r\nEventType: SetValue\r\nUtcTime: 2020-09-17 21:31:51.320\r\nProcessGuid: {b34bc01c-8526-5f63-2103-000000000400}\r\nProcessId: 2448\r\nImage: C:\\windows\\System32\\svchost.exe\r\nTargetObject: \\REGISTRY\\A\\{fb57a6dd-6b5c-0658-4825-36826d1afbbb}\\DeliveryOptimization\\Swarms\\95D2EE60-C9D3-45E4-876D-BAE16D758A87_16_0_13127_20408_STREAM_X86_X_NONE\\Upload\r\nDetails: DWORD (0x00000001)","ProcessId":"2448","EventType":"SetValue","@timestamp":"2020-09-17T21:31:53.148Z","SourceModuleType":"im_msvistalog","port":64545,"AccountName":"SYSTEM","RecordNumber":636812,"Task":13,"Domain":"NT AUTHORITY","@version":"1","OpcodeValue":0,"SourceModuleName":"eventlog","Severity":"INFO","SourceName":"Microsoft-Windows-Sysmon","Version":2,"Image":"C:\\windows\\System32\\svchost.exe","Category":"Registry value set (rule: RegistryEvent)","UtcTime":"2020-09-17 21:31:51.320","Hostname":"WORKSTATION5.theshire.local","RuleName":"-","tags":["mordorDataset"]}
{"Keywords":-9223372036854775808,"SeverityValue":2,"TargetObject":"\\REGISTRY\\A\\{fb57a6dd-6b5c-0658-4825-36826d1afbbb}\\DeliveryOptimization\\Swarms\\95D2EE60-C9D3-45E4-876D-BAE16D758A87_16_0_13127_20408_STREAM_X86_X_NONE\\CdnURL","EventTypeOrignal":"INFO","EventID":13,"ProviderGuid":"{5770385F-C22A-43E0-BF4C-06F5698FFBD9}","ExecutionProcessID":3228,"host":"wec.internal.cloudapp.net","Channel":"Microsoft-Windows-Sysmon/Operational","UserID":"S-1-5-18","AccountType":"User","ThreadID":4288,"ProcessGuid":"{b34bc01c-8526-5f63-2103-000000000400}","Details":"Ðèèàt^^ÞÌÌÒÆÊÆÈÜ\\ÚÒÆäÞæÞÌè\\ÆÞÚ^àä^hrdfj`ÌlZfÂ`bZhÌrnZÄrÆ`ZÆnÆlÈÈÌlnÈl`^ÌÌÒÆÊ^ÂèÂ^bl\\`\\bfbdn\\d`h`p^æèäÊÂÚ\\ðpl\\ðZÜÞÜÊ\\ÈÂè","EventReceivedTime":"2020-09-17 17:31:53","Opcode":"Info","EventTime":"2020-09-17 17:31:51","Message":"Registry value set:\r\nRuleName: -\r\nEventType: SetValue\r\nUtcTime: 2020-09-17 21:31:51.320\r\nProcessGuid: {b34bc01c-8526-5f63-2103-000000000400}\r\nProcessId: 2448\r\nImage: C:\\windows\\System32\\svchost.exe\r\nTargetObject: \\REGISTRY\\A\\{fb57a6dd-6b5c-0658-4825-36826d1afbbb}\\DeliveryOptimization\\Swarms\\95D2EE60-C9D3-45E4-876D-BAE16D758A87_16_0_13127_20408_STREAM_X86_X_NONE\\CdnURL\r\nDetails: Ðèèàt^^ÞÌÌÒÆÊÆÈÜ\\ÚÒÆäÞæÞÌè\\ÆÞÚ^àä^hrdfj`ÌlZfÂ`bZhÌrnZÄrÆ`ZÆnÆlÈÈÌlnÈl`^ÌÌÒÆÊ^ÂèÂ^bl\\`\\bfbdn\\d`h`p^æèäÊÂÚ\\ðpl\\ðZÜÞÜÊ\\ÈÂè","ProcessId":"2448","EventType":"SetValue","@timestamp":"2020-09-17T21:31:53.149Z","SourceModuleType":"im_msvistalog","port":64545,"AccountName":"SYSTEM","RecordNumber":636813,"Task":13,"Domain":"NT AUTHORITY","@version":"1","OpcodeValue":0,"SourceModuleName":"eventlog","Severity":"INFO","SourceName":"Microsoft-Windows-Sysmon","Version":2,"Image":"C:\\windows\\System32\\svchost.exe","Category":"Registry value set (rule: RegistryEvent)","UtcTime":"2020-09-17 21:31:51.320","Hostname":"WORKSTATION5.theshire.local","RuleName":"-","tags":["mordorDataset"]}
{"Keywords":-9223372036854775808,"SeverityValue":2,"TargetObject":"\\REGISTRY\\A\\{fb57a6dd-6b5c-0658-4825-36826d1afbbb}\\DeliveryOptimization\\Swarms\\95D2EE60-C9D3-45E4-876D-BAE16D758A87_16_0_13127_20408_STREAM_X86_X_NONE\\WorkingDir","EventTypeOrignal":"INFO","EventID":13,"ProviderGuid":"{5770385F-C22A-43E0-BF4C-06F5698FFBD9}","ExecutionProcessID":3228,"host":"wec.internal.cloudapp.net","Channel":"Microsoft-Windows-Sysmon/Operational","UserID":"S-1-5-18","AccountType":"User","ThreadID":4288,"ProcessGuid":"{b34bc01c-8526-5f63-2103-000000000400}","Details":"C:\\windows\\ServiceProfiles\\NetworkService\\AppData\\Local\\Microsoft\\Windows\\DeliveryOptimization\\Cache\\382443b8cc20841e5b19d123ebbf9d012d4eaa5c","EventReceivedTime":"2020-09-17 17:31:53","Opcode":"Info","EventTime":"2020-09-17 17:31:51","Message":"Registry value set:\r\nRuleName: -\r\nEventType: SetValue\r\nUtcTime: 2020-09-17 21:31:51.320\r\nProcessGuid: {b34bc01c-8526-5f63-2103-000000000400}\r\nProcessId: 2448\r\nImage: C:\\windows\\System32\\svchost.exe\r\nTargetObject: \\REGISTRY\\A\\{fb57a6dd-6b5c-0658-4825-36826d1afbbb}\\DeliveryOptimization\\Swarms\\95D2EE60-C9D3-45E4-876D-BAE16D758A87_16_0_13127_20408_STREAM_X86_X_NONE\\WorkingDir\r\nDetails: C:\\windows\\ServiceProfiles\\NetworkService\\AppData\\Local\\Microsoft\\Windows\\DeliveryOptimization\\Cache\\382443b8cc20841e5b19d123ebbf9d012d4eaa5c","ProcessId":"2448","EventType":"SetValue","@timestamp":"2020-09-17T21:31:53.149Z","SourceModuleType":"im_msvistalog","port":64545,"AccountName":"SYSTEM","RecordNumber":636814,"Task":13,"Domain":"NT AUTHORITY","@version":"1","OpcodeValue":0,"SourceModuleName":"eventlog","Severity":"INFO","SourceName":"Microsoft-Windows-Sysmon","Version":2,"Image":"C:\\windows\\System32\\svchost.exe","Category":"Registry value set (rule: RegistryEvent)","UtcTime":"2020-09-17 21:31:51.320","Hostname":"WORKSTATION5.theshire.local","RuleName":"-","tags":["mordorDataset"]}
{"Keywords":-9223372036854775808,"SeverityValue":2,"TargetObject":"\\REGISTRY\\A\\{fb57a6dd-6b5c-0658-4825-36826d1afbbb}\\DeliveryOptimization\\Swarms\\95D2EE60-C9D3-45E4-876D-BAE16D758A87_16_0_13127_20408_STREAM_X86_X_NONE\\PeerId","EventTypeOrignal":"INFO","EventID":13,"ProviderGuid":"{5770385F-C22A-43E0-BF4C-06F5698FFBD9}","ExecutionProcessID":3228,"host":"wec.internal.cloudapp.net","Channel":"Microsoft-Windows-Sysmon/Operational","UserID":"S-1-5-18","AccountType":"User","ThreadID":4288,"ProcessGuid":"{b34bc01c-8526-5f63-2103-000000000400}","Details":"Binary Data","EventReceivedTime":"2020-09-17 17:31:53","Opcode":"Info","EventTime":"2020-09-17 17:31:51","Message":"Registry value set:\r\nRuleName: -\r\nEventType: SetValue\r\nUtcTime: 2020-09-17 21:31:51.320\r\nProcessGuid: {b34bc01c-8526-5f63-2103-000000000400}\r\nProcessId: 2448\r\nImage: C:\\windows\\System32\\svchost.exe\r\nTargetObject: \\REGISTRY\\A\\{fb57a6dd-6b5c-0658-4825-36826d1afbbb}\\DeliveryOptimization\\Swarms\\95D2EE60-C9D3-45E4-876D-BAE16D758A87_16_0_13127_20408_STREAM_X86_X_NONE\\PeerId\r\nDetails: Binary Data","ProcessId":"2448","EventType":"SetValue","@timestamp":"2020-09-17T21:31:53.149Z","SourceModuleType":"im_msvistalog","port":64545,"AccountName":"SYSTEM","RecordNumber":636815,"Task":13,"Domain":"NT AUTHORITY","@version":"1","OpcodeValue":0,"SourceModuleName":"eventlog","Severity":"INFO","SourceName":"Microsoft-Windows-Sysmon","Version":2,"Image":"C:\\windows\\System32\\svchost.exe","Category":"Registry value set (rule: RegistryEvent)","UtcTime":"2020-09-17 21:31:51.320","Hostname":"WORKSTATION5.theshire.local","RuleName":"-","tags":["mordorDataset"]}
{"Keywords":-9223372036854775808,"SeverityValue":2,"TargetObject":"\\REGISTRY\\A\\{fb57a6dd-6b5c-0658-4825-36826d1afbbb}\\DeliveryOptimization\\Swarms\\95D2EE60-C9D3-45E4-876D-BAE16D758A87_16_0_13127_20408_STREAM_X86_X_NONE\\SessionId","EventTypeOrignal":"INFO","EventID":13,"ProviderGuid":"{5770385F-C22A-43E0-BF4C-06F5698FFBD9}","ExecutionProcessID":3228,"host":"wec.internal.cloudapp.net","Channel":"Microsoft-Windows-Sysmon/Operational","UserID":"S-1-5-18","AccountType":"User","ThreadID":4288,"ProcessGuid":"{b34bc01c-8526-5f63-2103-000000000400}","Details":"Binary Data","EventReceivedTime":"2020-09-17 17:31:53","Opcode":"Info","EventTime":"2020-09-17 17:31:51","Message":"Registry value set:\r\nRuleName: -\r\nEventType: SetValue\r\nUtcTime: 2020-09-17 21:31:51.320\r\nProcessGuid: {b34bc01c-8526-5f63-2103-000000000400}\r\nProcessId: 2448\r\nImage: C:\\windows\\System32\\svchost.exe\r\nTargetObject: \\REGISTRY\\A\\{fb57a6dd-6b5c-0658-4825-36826d1afbbb}\\DeliveryOptimization\\Swarms\\95D2EE60-C9D3-45E4-876D-BAE16D758A87_16_0_13127_20408_STREAM_X86_X_NONE\\SessionId\r\nDetails: Binary Data","ProcessId":"2448","EventType":"SetValue","@timestamp":"2020-09-17T21:31:53.150Z","SourceModuleType":"im_msvistalog","port":64545,"AccountName":"SYSTEM","RecordNumber":636816,"Task":13,"Domain":"NT AUTHORITY","@version":"1","OpcodeValue":0,"SourceModuleName":"eventlog","Severity":"INFO","SourceName":"Microsoft-Windows-Sysmon","Version":2,"Image":"C:\\windows\\System32\\svchost.exe","Category":"Registry value set (rule: RegistryEvent)","UtcTime":"2020-09-17 21:31:51.320","Hostname":"WORKSTATION5.theshire.local","RuleName":"-","tags":["mordorDataset"]}
{"Keywords":-9223372036854775808,"SeverityValue":2,"TargetObject":"\\REGISTRY\\A\\{fb57a6dd-6b5c-0658-4825-36826d1afbbb}\\DeliveryOptimization\\Swarms\\95D2EE60-C9D3-45E4-876D-BAE16D758A87_16_0_13127_20408_STREAM_X86_X_NONE\\CallerName","EventTypeOrignal":"INFO","EventID":13,"ProviderGuid":"{5770385F-C22A-43E0-BF4C-06F5698FFBD9}","ExecutionProcessID":3228,"host":"wec.internal.cloudapp.net","Channel":"Microsoft-Windows-Sysmon/Operational","UserID":"S-1-5-18","AccountType":"User","ThreadID":4288,"ProcessGuid":"{b34bc01c-8526-5f63-2103-000000000400}","Details":"Microsoft Office Click-to-Run","EventReceivedTime":"2020-09-17 17:31:53","Opcode":"Info","EventTime":"2020-09-17 17:31:51","Message":"Registry value set:\r\nRuleName: -\r\nEventType: SetValue\r\nUtcTime: 2020-09-17 21:31:51.320\r\nProcessGuid: {b34bc01c-8526-5f63-2103-000000000400}\r\nProcessId: 2448\r\nImage: C:\\windows\\System32\\svchost.exe\r\nTargetObject: \\REGISTRY\\A\\{fb57a6dd-6b5c-0658-4825-36826d1afbbb}\\DeliveryOptimization\\Swarms\\95D2EE60-C9D3-45E4-876D-BAE16D758A87_16_0_13127_20408_STREAM_X86_X_NONE\\CallerName\r\nDetails: Microsoft Office Click-to-Run","ProcessId":"2448","EventType":"SetValue","@timestamp":"2020-09-17T21:31:53.150Z","SourceModuleType":"im_msvistalog","port":64545,"AccountName":"SYSTEM","RecordNumber":636817,"Task":13,"Domain":"NT AUTHORITY","@version":"1","OpcodeValue":0,"SourceModuleName":"eventlog","Severity":"INFO","SourceName":"Microsoft-Windows-Sysmon","Version":2,"Image":"C:\\windows\\System32\\svchost.exe","Category":"Registry value set (rule: RegistryEvent)","UtcTime":"2020-09-17 21:31:51.320","Hostname":"WORKSTATION5.theshire.local","RuleName":"-","tags":["mordorDataset"]}
{"Keywords":-9223372036854775808,"SeverityValue":2,"TargetObject":"\\REGISTRY\\A\\{fb57a6dd-6b5c-0658-4825-36826d1afbbb}\\DeliveryOptimization\\Swarms\\95D2EE60-C9D3-45E4-876D-BAE16D758A87_16_0_13127_20408_STREAM_X86_X_NONE\\Status","EventTypeOrignal":"INFO","EventID":13,"ProviderGuid":"{5770385F-C22A-43E0-BF4C-06F5698FFBD9}","ExecutionProcessID":3228,"host":"wec.internal.cloudapp.net","Channel":"Microsoft-Windows-Sysmon/Operational","UserID":"S-1-5-18","AccountType":"User","ThreadID":4288,"ProcessGuid":"{b34bc01c-8526-5f63-2103-000000000400}","Details":"DWORD (0x00000002)","EventReceivedTime":"2020-09-17 17:31:53","Opcode":"Info","EventTime":"2020-09-17 17:31:51","Message":"Registry value set:\r\nRuleName: -\r\nEventType: SetValue\r\nUtcTime: 2020-09-17 21:31:51.320\r\nProcessGuid: {b34bc01c-8526-5f63-2103-000000000400}\r\nProcessId: 2448\r\nImage: C:\\windows\\System32\\svchost.exe\r\nTargetObject: \\REGISTRY\\A\\{fb57a6dd-6b5c-0658-4825-36826d1afbbb}\\DeliveryOptimization\\Swarms\\95D2EE60-C9D3-45E4-876D-BAE16D758A87_16_0_13127_20408_STREAM_X86_X_NONE\\Status\r\nDetails: DWORD (0x00000002)","ProcessId":"2448","EventType":"SetValue","@timestamp":"2020-09-17T21:31:53.151Z","SourceModuleType":"im_msvistalog","port":64545,"AccountName":"SYSTEM","RecordNumber":636818,"Task":13,"Domain":"NT AUTHORITY","@version":"1","OpcodeValue":0,"SourceModuleName":"eventlog","Severity":"INFO","SourceName":"Microsoft-Windows-Sysmon","Version":2,"Image":"C:\\windows\\System32\\svchost.exe","Category":"Registry value set (rule: RegistryEvent)","UtcTime":"2020-09-17 21:31:51.320","Hostname":"WORKSTATION5.theshire.local","RuleName":"-","tags":["mordorDataset"]}
{"Keywords":-9223372036854775808,"SeverityValue":2,"TargetObject":"\\REGISTRY\\A\\{fb57a6dd-6b5c-0658-4825-36826d1afbbb}\\DeliveryOptimization\\Swarms\\95D2EE60-C9D3-45E4-876D-BAE16D758A87_16_0_13127_20408_STREAM_X86_X_NONE\\DownloadDurationMsecs","EventTypeOrignal":"INFO","EventID":13,"ProviderGuid":"{5770385F-C22A-43E0-BF4C-06F5698FFBD9}","ExecutionProcessID":3228,"host":"wec.internal.cloudapp.net","Channel":"Microsoft-Windows-Sysmon/Operational","UserID":"S-1-5-18","AccountType":"User","ThreadID":4288,"ProcessGuid":"{b34bc01c-8526-5f63-2103-000000000400}","Details":"QWORD (0x00000000-0x00015649)","EventReceivedTime":"2020-09-17 17:31:53","Opcode":"Info","EventTime":"2020-09-17 17:31:51","Message":"Registry value set:\r\nRuleName: -\r\nEventType: SetValue\r\nUtcTime: 2020-09-17 21:31:51.320\r\nProcessGuid: {b34bc01c-8526-5f63-2103-000000000400}\r\nProcessId: 2448\r\nImage: C:\\windows\\System32\\svchost.exe\r\nTargetObject: \\REGISTRY\\A\\{fb57a6dd-6b5c-0658-4825-36826d1afbbb}\\DeliveryOptimization\\Swarms\\95D2EE60-C9D3-45E4-876D-BAE16D758A87_16_0_13127_20408_STREAM_X86_X_NONE\\DownloadDurationMsecs\r\nDetails: QWORD (0x00000000-0x00015649)","ProcessId":"2448","EventType":"SetValue","@timestamp":"2020-09-17T21:31:53.151Z","SourceModuleType":"im_msvistalog","port":64545,"AccountName":"SYSTEM","RecordNumber":636819,"Task":13,"Domain":"NT AUTHORITY","@version":"1","OpcodeValue":0,"SourceModuleName":"eventlog","Severity":"INFO","SourceName":"Microsoft-Windows-Sysmon","Version":2,"Image":"C:\\windows\\System32\\svchost.exe","Category":"Registry value set (rule: RegistryEvent)","UtcTime":"2020-09-17 21:31:51.320","Hostname":"WORKSTATION5.theshire.local","RuleName":"-","tags":["mordorDataset"]}
{"Keywords":-9223372036854775808,"SeverityValue":2,"TargetObject":"\\REGISTRY\\A\\{fb57a6dd-6b5c-0658-4825-36826d1afbbb}\\DeliveryOptimization\\Swarms\\95D2EE60-C9D3-45E4-876D-BAE16D758A87_16_0_13127_20408_STREAM_X86_X_NONE\\CacheServerConnectionCount","EventTypeOrignal":"INFO","EventID":13,"ProviderGuid":"{5770385F-C22A-43E0-BF4C-06F5698FFBD9}","ExecutionProcessID":3228,"host":"wec.internal.cloudapp.net","Channel":"Microsoft-Windows-Sysmon/Operational","UserID":"S-1-5-18","AccountType":"User","ThreadID":4288,"ProcessGuid":"{b34bc01c-8526-5f63-2103-000000000400}","Details":"DWORD (0x00000000)","EventReceivedTime":"2020-09-17 17:31:53","Opcode":"Info","EventTime":"2020-09-17 17:31:51","Message":"Registry value set:\r\nRuleName: -\r\nEventType: SetValue\r\nUtcTime: 2020-09-17 21:31:51.320\r\nProcessGuid: {b34bc01c-8526-5f63-2103-000000000400}\r\nProcessId: 2448\r\nImage: C:\\windows\\System32\\svchost.exe\r\nTargetObject: \\REGISTRY\\A\\{fb57a6dd-6b5c-0658-4825-36826d1afbbb}\\DeliveryOptimization\\Swarms\\95D2EE60-C9D3-45E4-876D-BAE16D758A87_16_0_13127_20408_STREAM_X86_X_NONE\\CacheServerConnectionCount\r\nDetails: DWORD (0x00000000)","ProcessId":"2448","EventType":"SetValue","@timestamp":"2020-09-17T21:31:53.152Z","SourceModuleType":"im_msvistalog","port":64545,"AccountName":"SYSTEM","RecordNumber":636820,"Task":13,"Domain":"NT AUTHORITY","@version":"1","OpcodeValue":0,"SourceModuleName":"eventlog","Severity":"INFO","SourceName":"Microsoft-Windows-Sysmon","Version":2,"Image":"C:\\windows\\System32\\svchost.exe","Category":"Registry value set (rule: RegistryEvent)","UtcTime":"2020-09-17 21:31:51.320","Hostname":"WORKSTATION5.theshire.local","RuleName":"-","tags":["mordorDataset"]}
{"Keywords":-9223372036854775808,"SeverityValue":2,"TargetObject":"\\REGISTRY\\A\\{fb57a6dd-6b5c-0658-4825-36826d1afbbb}\\DeliveryOptimization\\Swarms\\95D2EE60-C9D3-45E4-876D-BAE16D758A87_16_0_13127_20408_STREAM_X86_X_NONE\\GroupConnectionCount","EventTypeOrignal":"INFO","EventID":13,"ProviderGuid":"{5770385F-C22A-43E0-BF4C-06F5698FFBD9}","ExecutionProcessID":3228,"host":"wec.internal.cloudapp.net","Channel":"Microsoft-Windows-Sysmon/Operational","UserID":"S-1-5-18","AccountType":"User","ThreadID":4288,"ProcessGuid":"{b34bc01c-8526-5f63-2103-000000000400}","Details":"DWORD (0x00000000)","EventReceivedTime":"2020-09-17 17:31:53","Opcode":"Info","EventTime":"2020-09-17 17:31:51","Message":"Registry value set:\r\nRuleName: -\r\nEventType: SetValue\r\nUtcTime: 2020-09-17 21:31:51.320\r\nProcessGuid: {b34bc01c-8526-5f63-2103-000000000400}\r\nProcessId: 2448\r\nImage: C:\\windows\\System32\\svchost.exe\r\nTargetObject: \\REGISTRY\\A\\{fb57a6dd-6b5c-0658-4825-36826d1afbbb}\\DeliveryOptimization\\Swarms\\95D2EE60-C9D3-45E4-876D-BAE16D758A87_16_0_13127_20408_STREAM_X86_X_NONE\\GroupConnectionCount\r\nDetails: DWORD (0x00000000)","ProcessId":"2448","EventType":"SetValue","@timestamp":"2020-09-17T21:31:53.152Z","SourceModuleType":"im_msvistalog","port":64545,"AccountName":"SYSTEM","RecordNumber":636821,"Task":13,"Domain":"NT AUTHORITY","@version":"1","OpcodeValue":0,"SourceModuleName":"eventlog","Severity":"INFO","SourceName":"Microsoft-Windows-Sysmon","Version":2,"Image":"C:\\windows\\System32\\svchost.exe","Category":"Registry value set (rule: RegistryEvent)","UtcTime":"2020-09-17 21:31:51.320","Hostname":"WORKSTATION5.theshire.local","RuleName":"-","tags":["mordorDataset"]}
{"Keywords":-9223372036854775808,"SeverityValue":2,"TargetObject":"\\REGISTRY\\A\\{fb57a6dd-6b5c-0658-4825-36826d1afbbb}\\DeliveryOptimization\\Swarms\\95D2EE60-C9D3-45E4-876D-BAE16D758A87_16_0_13127_20408_STREAM_X86_X_NONE\\HttpConnectionCount","EventTypeOrignal":"INFO","EventID":13,"ProviderGuid":"{5770385F-C22A-43E0-BF4C-06F5698FFBD9}","ExecutionProcessID":3228,"host":"wec.internal.cloudapp.net","Channel":"Microsoft-Windows-Sysmon/Operational","UserID":"S-1-5-18","AccountType":"User","ThreadID":4288,"ProcessGuid":"{b34bc01c-8526-5f63-2103-000000000400}","Details":"DWORD (0x00000001)","EventReceivedTime":"2020-09-17 17:31:53","Opcode":"Info","EventTime":"2020-09-17 17:31:51","Message":"Registry value set:\r\nRuleName: -\r\nEventType: SetValue\r\nUtcTime: 2020-09-17 21:31:51.320\r\nProcessGuid: {b34bc01c-8526-5f63-2103-000000000400}\r\nProcessId: 2448\r\nImage: C:\\windows\\System32\\svchost.exe\r\nTargetObject: \\REGISTRY\\A\\{fb57a6dd-6b5c-0658-4825-36826d1afbbb}\\DeliveryOptimization\\Swarms\\95D2EE60-C9D3-45E4-876D-BAE16D758A87_16_0_13127_20408_STREAM_X86_X_NONE\\HttpConnectionCount\r\nDetails: DWORD (0x00000001)","ProcessId":"2448","EventType":"SetValue","@timestamp":"2020-09-17T21:31:53.153Z","SourceModuleType":"im_msvistalog","port":64545,"AccountName":"SYSTEM","RecordNumber":636822,"Task":13,"Domain":"NT AUTHORITY","@version":"1","OpcodeValue":0,"SourceModuleName":"eventlog","Severity":"INFO","SourceName":"Microsoft-Windows-Sysmon","Version":2,"Image":"C:\\windows\\System32\\svchost.exe","Category":"Registry value set (rule: RegistryEvent)","UtcTime":"2020-09-17 21:31:51.320","Hostname":"WORKSTATION5.theshire.local","RuleName":"-","tags":["mordorDataset"]}
{"Keywords":-9223372036854775808,"SeverityValue":2,"TargetObject":"\\REGISTRY\\A\\{fb57a6dd-6b5c-0658-4825-36826d1afbbb}\\DeliveryOptimization\\Swarms\\95D2EE60-C9D3-45E4-876D-BAE16D758A87_16_0_13127_20408_STREAM_X86_X_NONE\\InternetConnectionCount","EventTypeOrignal":"INFO","EventID":13,"ProviderGuid":"{5770385F-C22A-43E0-BF4C-06F5698FFBD9}","ExecutionProcessID":3228,"host":"wec.internal.cloudapp.net","Channel":"Microsoft-Windows-Sysmon/Operational","UserID":"S-1-5-18","AccountType":"User","ThreadID":4288,"ProcessGuid":"{b34bc01c-8526-5f63-2103-000000000400}","Details":"DWORD (0x00000000)","EventReceivedTime":"2020-09-17 17:31:53","Opcode":"Info","EventTime":"2020-09-17 17:31:51","Message":"Registry value set:\r\nRuleName: -\r\nEventType: SetValue\r\nUtcTime: 2020-09-17 21:31:51.320\r\nProcessGuid: {b34bc01c-8526-5f63-2103-000000000400}\r\nProcessId: 2448\r\nImage: C:\\windows\\System32\\svchost.exe\r\nTargetObject: \\REGISTRY\\A\\{fb57a6dd-6b5c-0658-4825-36826d1afbbb}\\DeliveryOptimization\\Swarms\\95D2EE60-C9D3-45E4-876D-BAE16D758A87_16_0_13127_20408_STREAM_X86_X_NONE\\InternetConnectionCount\r\nDetails: DWORD (0x00000000)","ProcessId":"2448","EventType":"SetValue","@timestamp":"2020-09-17T21:31:53.153Z","SourceModuleType":"im_msvistalog","port":64545,"AccountName":"SYSTEM","RecordNumber":636823,"Task":13,"Domain":"NT AUTHORITY","@version":"1","OpcodeValue":0,"SourceModuleName":"eventlog","Severity":"INFO","SourceName":"Microsoft-Windows-Sysmon","Version":2,"Image":"C:\\windows\\System32\\svchost.exe","Category":"Registry value set (rule: RegistryEvent)","UtcTime":"2020-09-17 21:31:51.320","Hostname":"WORKSTATION5.theshire.local","RuleName":"-","tags":["mordorDataset"]}
{"Keywords":-9223372036854775808,"SeverityValue":2,"TargetObject":"\\REGISTRY\\A\\{fb57a6dd-6b5c-0658-4825-36826d1afbbb}\\DeliveryOptimization\\Swarms\\95D2EE60-C9D3-45E4-876D-BAE16D758A87_16_0_13127_20408_STREAM_X86_X_NONE\\LanConnectionCount","EventTypeOrignal":"INFO","EventID":13,"ProviderGuid":"{5770385F-C22A-43E0-BF4C-06F5698FFBD9}","ExecutionProcessID":3228,"host":"wec.internal.cloudapp.net","Channel":"Microsoft-Windows-Sysmon/Operational","UserID":"S-1-5-18","AccountType":"User","ThreadID":4288,"ProcessGuid":"{b34bc01c-8526-5f63-2103-000000000400}","Details":"DWORD (0x00000000)","EventReceivedTime":"2020-09-17 17:31:53","Opcode":"Info","EventTime":"2020-09-17 17:31:51","Message":"Registry value set:\r\nRuleName: -\r\nEventType: SetValue\r\nUtcTime: 2020-09-17 21:31:51.320\r\nProcessGuid: {b34bc01c-8526-5f63-2103-000000000400}\r\nProcessId: 2448\r\nImage: C:\\windows\\System32\\svchost.exe\r\nTargetObject: \\REGISTRY\\A\\{fb57a6dd-6b5c-0658-4825-36826d1afbbb}\\DeliveryOptimization\\Swarms\\95D2EE60-C9D3-45E4-876D-BAE16D758A87_16_0_13127_20408_STREAM_X86_X_NONE\\LanConnectionCount\r\nDetails: DWORD (0x00000000)","ProcessId":"2448","EventType":"SetValue","@timestamp":"2020-09-17T21:31:53.153Z","SourceModuleType":"im_msvistalog","port":64545,"AccountName":"SYSTEM","RecordNumber":636824,"Task":13,"Domain":"NT AUTHORITY","@version":"1","OpcodeValue":0,"SourceModuleName":"eventlog","Severity":"INFO","SourceName":"Microsoft-Windows-Sysmon","Version":2,"Image":"C:\\windows\\System32\\svchost.exe","Category":"Registry value set (rule: RegistryEvent)","UtcTime":"2020-09-17 21:31:51.320","Hostname":"WORKSTATION5.theshire.local","RuleName":"-","tags":["mordorDataset"]}
{"Keywords":-9223372036854775808,"SeverityValue":2,"TargetObject":"\\REGISTRY\\A\\{fb57a6dd-6b5c-0658-4825-36826d1afbbb}\\DeliveryOptimization\\Swarms\\95D2EE60-C9D3-45E4-876D-BAE16D758A87_16_0_13127_20408_STREAM_X86_X_NONE\\LinkLocalConnectionCount","EventTypeOrignal":"INFO","EventID":13,"ProviderGuid":"{5770385F-C22A-43E0-BF4C-06F5698FFBD9}","ExecutionProcessID":3228,"host":"wec.internal.cloudapp.net","Channel":"Microsoft-Windows-Sysmon/Operational","UserID":"S-1-5-18","AccountType":"User","ThreadID":4288,"ProcessGuid":"{b34bc01c-8526-5f63-2103-000000000400}","Details":"DWORD (0x00000000)","EventReceivedTime":"2020-09-17 17:31:53","Opcode":"Info","EventTime":"2020-09-17 17:31:51","Message":"Registry value set:\r\nRuleName: -\r\nEventType: SetValue\r\nUtcTime: 2020-09-17 21:31:51.320\r\nProcessGuid: {b34bc01c-8526-5f63-2103-000000000400}\r\nProcessId: 2448\r\nImage: C:\\windows\\System32\\svchost.exe\r\nTargetObject: \\REGISTRY\\A\\{fb57a6dd-6b5c-0658-4825-36826d1afbbb}\\DeliveryOptimization\\Swarms\\95D2EE60-C9D3-45E4-876D-BAE16D758A87_16_0_13127_20408_STREAM_X86_X_NONE\\LinkLocalConnectionCount\r\nDetails: DWORD (0x00000000)","ProcessId":"2448","EventType":"SetValue","@timestamp":"2020-09-17T21:31:53.154Z","SourceModuleType":"im_msvistalog","port":64545,"AccountName":"SYSTEM","RecordNumber":636825,"Task":13,"Domain":"NT AUTHORITY","@version":"1","OpcodeValue":0,"SourceModuleName":"eventlog","Severity":"INFO","SourceName":"Microsoft-Windows-Sysmon","Version":2,"Image":"C:\\windows\\System32\\svchost.exe","Category":"Registry value set (rule: RegistryEvent)","UtcTime":"2020-09-17 21:31:51.320","Hostname":"WORKSTATION5.theshire.local","RuleName":"-","tags":["mordorDataset"]}
{"Keywords":-9223372036854775808,"SeverityValue":2,"TargetObject":"\\REGISTRY\\A\\{fb57a6dd-6b5c-0658-4825-36826d1afbbb}\\DeliveryOptimization\\Swarms\\95D2EE60-C9D3-45E4-876D-BAE16D758A87_16_0_13127_20408_STREAM_X86_X_NONE\\PeerCount","EventTypeOrignal":"INFO","EventID":13,"ProviderGuid":"{5770385F-C22A-43E0-BF4C-06F5698FFBD9}","ExecutionProcessID":3228,"host":"wec.internal.cloudapp.net","Channel":"Microsoft-Windows-Sysmon/Operational","UserID":"S-1-5-18","AccountType":"User","ThreadID":4288,"ProcessGuid":"{b34bc01c-8526-5f63-2103-000000000400}","Details":"DWORD (0x00000000)","EventReceivedTime":"2020-09-17 17:31:53","Opcode":"Info","EventTime":"2020-09-17 17:31:51","Message":"Registry value set:\r\nRuleName: -\r\nEventType: SetValue\r\nUtcTime: 2020-09-17 21:31:51.320\r\nProcessGuid: {b34bc01c-8526-5f63-2103-000000000400}\r\nProcessId: 2448\r\nImage: C:\\windows\\System32\\svchost.exe\r\nTargetObject: \\REGISTRY\\A\\{fb57a6dd-6b5c-0658-4825-36826d1afbbb}\\DeliveryOptimization\\Swarms\\95D2EE60-C9D3-45E4-876D-BAE16D758A87_16_0_13127_20408_STREAM_X86_X_NONE\\PeerCount\r\nDetails: DWORD (0x00000000)","ProcessId":"2448","EventType":"SetValue","@timestamp":"2020-09-17T21:31:53.154Z","SourceModuleType":"im_msvistalog","port":64545,"AccountName":"SYSTEM","RecordNumber":636826,"Task":13,"Domain":"NT AUTHORITY","@version":"1","OpcodeValue":0,"SourceModuleName":"eventlog","Severity":"INFO","SourceName":"Microsoft-Windows-Sysmon","Version":2,"Image":"C:\\windows\\System32\\svchost.exe","Category":"Registry value set (rule: RegistryEvent)","UtcTime":"2020-09-17 21:31:51.320","Hostname":"WORKSTATION5.theshire.local","RuleName":"-","tags":["mordorDataset"]}
{"Keywords":-9223372036854775808,"SeverityValue":2,"TargetObject":"\\REGISTRY\\A\\{fb57a6dd-6b5c-0658-4825-36826d1afbbb}\\DeliveryOptimization\\Swarms\\95D2EE60-C9D3-45E4-876D-BAE16D758A87_16_0_13127_20408_STREAM_X86_X_NONE\\CorrelationVector","EventTypeOrignal":"INFO","EventID":13,"ProviderGuid":"{5770385F-C22A-43E0-BF4C-06F5698FFBD9}","ExecutionProcessID":3228,"host":"wec.internal.cloudapp.net","Channel":"Microsoft-Windows-Sysmon/Operational","UserID":"S-1-5-18","AccountType":"User","ThreadID":4288,"ProcessGuid":"{b34bc01c-8526-5f63-2103-000000000400}","Details":"UDo5Isq+PkSdxqsV.2.15","EventReceivedTime":"2020-09-17 17:31:53","Opcode":"Info","EventTime":"2020-09-17 17:31:51","Message":"Registry value set:\r\nRuleName: -\r\nEventType: SetValue\r\nUtcTime: 2020-09-17 21:31:51.320\r\nProcessGuid: {b34bc01c-8526-5f63-2103-000000000400}\r\nProcessId: 2448\r\nImage: C:\\windows\\System32\\svchost.exe\r\nTargetObject: \\REGISTRY\\A\\{fb57a6dd-6b5c-0658-4825-36826d1afbbb}\\DeliveryOptimization\\Swarms\\95D2EE60-C9D3-45E4-876D-BAE16D758A87_16_0_13127_20408_STREAM_X86_X_NONE\\CorrelationVector\r\nDetails: UDo5Isq+PkSdxqsV.2.15","ProcessId":"2448","EventType":"SetValue","@timestamp":"2020-09-17T21:31:53.155Z","SourceModuleType":"im_msvistalog","port":64545,"AccountName":"SYSTEM","RecordNumber":636827,"Task":13,"Domain":"NT AUTHORITY","@version":"1","OpcodeValue":0,"SourceModuleName":"eventlog","Severity":"INFO","SourceName":"Microsoft-Windows-Sysmon","Version":2,"Image":"C:\\windows\\System32\\svchost.exe","Category":"Registry value set (rule: RegistryEvent)","UtcTime":"2020-09-17 21:31:51.320","Hostname":"WORKSTATION5.theshire.local","RuleName":"-","tags":["mordorDataset"]}
{"Keywords":-9223372036854775808,"SeverityValue":2,"TargetObject":"\\REGISTRY\\A\\{fb57a6dd-6b5c-0658-4825-36826d1afbbb}\\DeliveryOptimization\\Swarms\\95D2EE60-C9D3-45E4-876D-BAE16D758A87_16_0_13127_20408_STREAM_X86_X_NONE\\DownloadStats\\RawBytes","EventTypeOrignal":"INFO","EventID":12,"ProviderGuid":"{5770385F-C22A-43E0-BF4C-06F5698FFBD9}","ExecutionProcessID":3228,"host":"wec.internal.cloudapp.net","Channel":"Microsoft-Windows-Sysmon/Operational","UserID":"S-1-5-18","AccountType":"User","ThreadID":4288,"ProcessGuid":"{b34bc01c-8526-5f63-2103-000000000400}","EventReceivedTime":"2020-09-17 17:31:53","ProcessId":"2448","Opcode":"Info","EventTime":"2020-09-17 17:31:51","Message":"Registry object added or deleted:\r\nRuleName: -\r\nEventType: CreateKey\r\nUtcTime: 2020-09-17 21:31:51.320\r\nProcessGuid: {b34bc01c-8526-5f63-2103-000000000400}\r\nProcessId: 2448\r\nImage: C:\\windows\\System32\\svchost.exe\r\nTargetObject: \\REGISTRY\\A\\{fb57a6dd-6b5c-0658-4825-36826d1afbbb}\\DeliveryOptimization\\Swarms\\95D2EE60-C9D3-45E4-876D-BAE16D758A87_16_0_13127_20408_STREAM_X86_X_NONE\\DownloadStats\\RawBytes","EventType":"CreateKey","@timestamp":"2020-09-17T21:31:53.155Z","SourceModuleType":"im_msvistalog","port":64545,"AccountName":"SYSTEM","RecordNumber":636828,"Task":12,"Domain":"NT AUTHORITY","@version":"1","OpcodeValue":0,"SourceModuleName":"eventlog","Severity":"INFO","SourceName":"Microsoft-Windows-Sysmon","Version":2,"Image":"C:\\windows\\System32\\svchost.exe","Category":"Registry object added or deleted (rule: RegistryEvent)","UtcTime":"2020-09-17 21:31:51.320","Hostname":"WORKSTATION5.theshire.local","RuleName":"-","tags":["mordorDataset"]}
{"Keywords":-9223372036854775808,"SeverityValue":2,"TargetObject":"\\REGISTRY\\A\\{fb57a6dd-6b5c-0658-4825-36826d1afbbb}\\DeliveryOptimization\\Swarms\\95D2EE60-C9D3-45E4-876D-BAE16D758A87_16_0_13127_20408_STREAM_X86_X_NONE\\DownloadStats\\RawBytes\\peerHttp","EventTypeOrignal":"INFO","EventID":13,"ProviderGuid":"{5770385F-C22A-43E0-BF4C-06F5698FFBD9}","ExecutionProcessID":3228,"host":"wec.internal.cloudapp.net","Channel":"Microsoft-Windows-Sysmon/Operational","UserID":"S-1-5-18","AccountType":"User","ThreadID":4288,"ProcessGuid":"{b34bc01c-8526-5f63-2103-000000000400}","Details":"QWORD (0x00000000-0x45100000)","EventReceivedTime":"2020-09-17 17:31:53","Opcode":"Info","EventTime":"2020-09-17 17:31:51","Message":"Registry value set:\r\nRuleName: -\r\nEventType: SetValue\r\nUtcTime: 2020-09-17 21:31:51.320\r\nProcessGuid: {b34bc01c-8526-5f63-2103-000000000400}\r\nProcessId: 2448\r\nImage: C:\\windows\\System32\\svchost.exe\r\nTargetObject: \\REGISTRY\\A\\{fb57a6dd-6b5c-0658-4825-36826d1afbbb}\\DeliveryOptimization\\Swarms\\95D2EE60-C9D3-45E4-876D-BAE16D758A87_16_0_13127_20408_STREAM_X86_X_NONE\\DownloadStats\\RawBytes\\peerHttp\r\nDetails: QWORD (0x00000000-0x45100000)","ProcessId":"2448","EventType":"SetValue","@timestamp":"2020-09-17T21:31:53.156Z","SourceModuleType":"im_msvistalog","port":64545,"AccountName":"SYSTEM","RecordNumber":636829,"Task":13,"Domain":"NT AUTHORITY","@version":"1","OpcodeValue":0,"SourceModuleName":"eventlog","Severity":"INFO","SourceName":"Microsoft-Windows-Sysmon","Version":2,"Image":"C:\\windows\\System32\\svchost.exe","Category":"Registry value set (rule: RegistryEvent)","UtcTime":"2020-09-17 21:31:51.320","Hostname":"WORKSTATION5.theshire.local","RuleName":"-","tags":["mordorDataset"]}
{"Keywords":-9223372036854775808,"SeverityValue":2,"TargetObject":"\\REGISTRY\\A\\{fb57a6dd-6b5c-0658-4825-36826d1afbbb}\\DeliveryOptimization\\Swarms\\95D2EE60-C9D3-45E4-876D-BAE16D758A87_16_0_13127_20408_STREAM_X86_X_NONE\\DownloadStats\\ValidBytes","EventTypeOrignal":"INFO","EventID":12,"ProviderGuid":"{5770385F-C22A-43E0-BF4C-06F5698FFBD9}","ExecutionProcessID":3228,"host":"wec.internal.cloudapp.net","Channel":"Microsoft-Windows-Sysmon/Operational","UserID":"S-1-5-18","AccountType":"User","ThreadID":4288,"ProcessGuid":"{b34bc01c-8526-5f63-2103-000000000400}","EventReceivedTime":"2020-09-17 17:31:53","ProcessId":"2448","Opcode":"Info","EventTime":"2020-09-17 17:31:51","Message":"Registry object added or deleted:\r\nRuleName: -\r\nEventType: CreateKey\r\nUtcTime: 2020-09-17 21:31:51.320\r\nProcessGuid: {b34bc01c-8526-5f63-2103-000000000400}\r\nProcessId: 2448\r\nImage: C:\\windows\\System32\\svchost.exe\r\nTargetObject: \\REGISTRY\\A\\{fb57a6dd-6b5c-0658-4825-36826d1afbbb}\\DeliveryOptimization\\Swarms\\95D2EE60-C9D3-45E4-876D-BAE16D758A87_16_0_13127_20408_STREAM_X86_X_NONE\\DownloadStats\\ValidBytes","EventType":"CreateKey","@timestamp":"2020-09-17T21:31:53.156Z","SourceModuleType":"im_msvistalog","port":64545,"AccountName":"SYSTEM","RecordNumber":636830,"Task":12,"Domain":"NT AUTHORITY","@version":"1","OpcodeValue":0,"SourceModuleName":"eventlog","Severity":"INFO","SourceName":"Microsoft-Windows-Sysmon","Version":2,"Image":"C:\\windows\\System32\\svchost.exe","Category":"Registry object added or deleted (rule: RegistryEvent)","UtcTime":"2020-09-17 21:31:51.320","Hostname":"WORKSTATION5.theshire.local","RuleName":"-","tags":["mordorDataset"]}
{"Keywords":-9223372036854775808,"SeverityValue":2,"TargetObject":"\\REGISTRY\\A\\{fb57a6dd-6b5c-0658-4825-36826d1afbbb}\\DeliveryOptimization\\Swarms\\95D2EE60-C9D3-45E4-876D-BAE16D758A87_16_0_13127_20408_STREAM_X86_X_NONE\\DownloadStats\\ValidBytes\\peerHttp","EventTypeOrignal":"INFO","EventID":13,"ProviderGuid":"{5770385F-C22A-43E0-BF4C-06F5698FFBD9}","ExecutionProcessID":3228,"host":"wec.internal.cloudapp.net","Channel":"Microsoft-Windows-Sysmon/Operational","UserID":"S-1-5-18","AccountType":"User","ThreadID":4288,"ProcessGuid":"{b34bc01c-8526-5f63-2103-000000000400}","Details":"QWORD (0x00000000-0x45100000)","EventReceivedTime":"2020-09-17 17:31:53","Opcode":"Info","EventTime":"2020-09-17 17:31:51","Message":"Registry value set:\r\nRuleName: -\r\nEventType: SetValue\r\nUtcTime: 2020-09-17 21:31:51.320\r\nProcessGuid: {b34bc01c-8526-5f63-2103-000000000400}\r\nProcessId: 2448\r\nImage: C:\\windows\\System32\\svchost.exe\r\nTargetObject: \\REGISTRY\\A\\{fb57a6dd-6b5c-0658-4825-36826d1afbbb}\\DeliveryOptimization\\Swarms\\95D2EE60-C9D3-45E4-876D-BAE16D758A87_16_0_13127_20408_STREAM_X86_X_NONE\\DownloadStats\\ValidBytes\\peerHttp\r\nDetails: QWORD (0x00000000-0x45100000)","ProcessId":"2448","EventType":"SetValue","@timestamp":"2020-09-17T21:31:53.157Z","SourceModuleType":"im_msvistalog","port":64545,"AccountName":"SYSTEM","RecordNumber":636831,"Task":13,"Domain":"NT AUTHORITY","@version":"1","OpcodeValue":0,"SourceModuleName":"eventlog","Severity":"INFO","SourceName":"Microsoft-Windows-Sysmon","Version":2,"Image":"C:\\windows\\System32\\svchost.exe","Category":"Registry value set (rule: RegistryEvent)","UtcTime":"2020-09-17 21:31:51.320","Hostname":"WORKSTATION5.theshire.local","RuleName":"-","tags":["mordorDataset"]}
{"Keywords":-9223372036854775808,"SeverityValue":2,"TargetObject":"\\REGISTRY\\A\\{fb57a6dd-6b5c-0658-4825-36826d1afbbb}\\DeliveryOptimization\\Swarms\\95D2EE60-C9D3-45E4-876D-BAE16D758A87_16_0_13127_20408_STREAM_X86_X_NONE\\UploadStats","EventTypeOrignal":"INFO","EventID":12,"ProviderGuid":"{5770385F-C22A-43E0-BF4C-06F5698FFBD9}","ExecutionProcessID":3228,"host":"wec.internal.cloudapp.net","Channel":"Microsoft-Windows-Sysmon/Operational","UserID":"S-1-5-18","AccountType":"User","ThreadID":4288,"ProcessGuid":"{b34bc01c-8526-5f63-2103-000000000400}","EventReceivedTime":"2020-09-17 17:31:53","ProcessId":"2448","Opcode":"Info","EventTime":"2020-09-17 17:31:51","Message":"Registry object added or deleted:\r\nRuleName: -\r\nEventType: CreateKey\r\nUtcTime: 2020-09-17 21:31:51.320\r\nProcessGuid: {b34bc01c-8526-5f63-2103-000000000400}\r\nProcessId: 2448\r\nImage: C:\\windows\\System32\\svchost.exe\r\nTargetObject: \\REGISTRY\\A\\{fb57a6dd-6b5c-0658-4825-36826d1afbbb}\\DeliveryOptimization\\Swarms\\95D2EE60-C9D3-45E4-876D-BAE16D758A87_16_0_13127_20408_STREAM_X86_X_NONE\\UploadStats","EventType":"CreateKey","@timestamp":"2020-09-17T21:31:53.157Z","SourceModuleType":"im_msvistalog","port":64545,"AccountName":"SYSTEM","RecordNumber":636832,"Task":12,"Domain":"NT AUTHORITY","@version":"1","OpcodeValue":0,"SourceModuleName":"eventlog","Severity":"INFO","SourceName":"Microsoft-Windows-Sysmon","Version":2,"Image":"C:\\windows\\System32\\svchost.exe","Category":"Registry object added or deleted (rule: RegistryEvent)","UtcTime":"2020-09-17 21:31:51.320","Hostname":"WORKSTATION5.theshire.local","RuleName":"-","tags":["mordorDataset"]}
{"Keywords":-9223372036854775808,"SeverityValue":2,"EventReceivedTime":"2020-09-17 17:31:57","EventID":11,"ProviderGuid":"{5770385F-C22A-43E0-BF4C-06F5698FFBD9}","ExecutionProcessID":3628,"Channel":"Microsoft-Windows-Sysmon/Operational","host":"wec.internal.cloudapp.net","AccountType":"User","UserID":"S-1-5-18","ProcessGuid":"{b3ab91eb-7d6a-5f63-2100-000000000300}","ThreadID":3104,"ProcessId":"1560","EventType":"INFO","Opcode":"Info","EventTime":"2020-09-17 17:31:54","Message":"File created:\r\nRuleName: -\r\nUtcTime: 2020-09-17 21:31:54.643\r\nProcessGuid: {b3ab91eb-7d6a-5f63-2100-000000000300}\r\nProcessId: 1560\r\nImage: C:\\windows\\System32\\svchost.exe\r\nTargetFilename: C:\\Windows\\ServiceState\\EventLog\\Data\\lastalive1.dat\r\nCreationUtcTime: 2020-09-17 15:15:51.135","@timestamp":"2020-09-17T21:31:57.189Z","TargetFilename":"C:\\Windows\\ServiceState\\EventLog\\Data\\lastalive1.dat","SourceModuleType":"im_msvistalog","port":64545,"AccountName":"SYSTEM","RecordNumber":317648,"Task":11,"Domain":"NT AUTHORITY","@version":"1","OpcodeValue":0,"CreationUtcTime":"2020-09-17 15:15:51.135","SourceModuleName":"eventlog","Severity":"INFO","SourceName":"Microsoft-Windows-Sysmon","Version":2,"Image":"C:\\windows\\System32\\svchost.exe","Category":"File created (rule: FileCreate)","UtcTime":"2020-09-17 21:31:54.643","Hostname":"MORDORDC.theshire.local","RuleName":"-","tags":["mordorDataset"]}
{"Keywords":-9214364837600034816,"SeverityValue":2,"Application":"\\device\\harddiskvolume2\\windows\\system32\\svchost.exe","EventID":5158,"ProviderGuid":"{54849625-5478-4994-A5BA-3E3B0328C30D}","ExecutionProcessID":4,"Channel":"Security","host":"wec.internal.cloudapp.net","EventReceivedTime":"2020-09-17 17:31:57","ProcessId":"704","ThreadID":9832,"EventType":"AUDIT_SUCCESS","Opcode":"Info","EventTime":"2020-09-17 17:31:55","Message":"The Windows Filtering Platform has permitted a bind to a local port.\r\n\r\nApplication Information:\r\n\tProcess ID:\t\t704\r\n\tApplication Name:\t\\device\\harddiskvolume2\\windows\\system32\\svchost.exe\r\n\r\nNetwork Information:\r\n\tSource Address:\t\t0.0.0.0\r\n\tSource Port:\t\t61391\r\n\tProtocol:\t\t6\r\n\r\nFilter Information:\r\n\tFilter Run-Time ID:\t0\r\n\tLayer Name:\t\tResource Assignment\r\n\tLayer Run-Time ID:\t36","FilterRTID":"0","@timestamp":"2020-09-17T21:31:57.189Z","LayerRTID":"36","SourceModuleType":"im_msvistalog","port":64545,"RecordNumber":166028,"Task":12810,"Protocol":"6","@version":"1","OpcodeValue":0,"SourcePort":"61391","SourceModuleName":"eventlog","Severity":"INFO","SourceName":"Microsoft-Windows-Security-Auditing","Version":0,"LayerName":"%%14608","Category":"Filtering Platform Connection","SourceAddress":"0.0.0.0","tags":["mordorDataset"],"Hostname":"WORKSTATION5.theshire.local"}
{"Keywords":-9214364837600034816,"SeverityValue":2,"Application":"\\device\\harddiskvolume2\\windows\\system32\\svchost.exe","EventID":5158,"ProviderGuid":"{54849625-5478-4994-A5BA-3E3B0328C30D}","ExecutionProcessID":4,"Channel":"Security","host":"wec.internal.cloudapp.net","EventReceivedTime":"2020-09-17 17:31:57","ProcessId":"704","ThreadID":9832,"EventType":"AUDIT_SUCCESS","Opcode":"Info","EventTime":"2020-09-17 17:31:55","Message":"The Windows Filtering Platform has permitted a bind to a local port.\r\n\r\nApplication Information:\r\n\tProcess ID:\t\t704\r\n\tApplication Name:\t\\device\\harddiskvolume2\\windows\\system32\\svchost.exe\r\n\r\nNetwork Information:\r\n\tSource Address:\t\t0.0.0.0\r\n\tSource Port:\t\t61392\r\n\tProtocol:\t\t6\r\n\r\nFilter Information:\r\n\tFilter Run-Time ID:\t0\r\n\tLayer Name:\t\tResource Assignment\r\n\tLayer Run-Time ID:\t36","FilterRTID":"0","@timestamp":"2020-09-17T21:31:57.189Z","LayerRTID":"36","SourceModuleType":"im_msvistalog","port":64545,"RecordNumber":166030,"Task":12810,"Protocol":"6","@version":"1","OpcodeValue":0,"SourcePort":"61392","SourceModuleName":"eventlog","Severity":"INFO","SourceName":"Microsoft-Windows-Security-Auditing","Version":0,"LayerName":"%%14608","Category":"Filtering Platform Connection","SourceAddress":"0.0.0.0","tags":["mordorDataset"],"Hostname":"WORKSTATION5.theshire.local"}
{"Keywords":-9214364837600034816,"SeverityValue":2,"Application":"\\device\\harddiskvolume2\\windows\\system32\\svchost.exe","EventID":5158,"ProviderGuid":"{54849625-5478-4994-A5BA-3E3B0328C30D}","ExecutionProcessID":4,"Channel":"Security","host":"wec.internal.cloudapp.net","EventReceivedTime":"2020-09-17 17:31:57","ProcessId":"704","ThreadID":9832,"EventType":"AUDIT_SUCCESS","Opcode":"Info","EventTime":"2020-09-17 17:31:55","Message":"The Windows Filtering Platform has permitted a bind to a local port.\r\n\r\nApplication Information:\r\n\tProcess ID:\t\t704\r\n\tApplication Name:\t\\device\\harddiskvolume2\\windows\\system32\\svchost.exe\r\n\r\nNetwork Information:\r\n\tSource Address:\t\t0.0.0.0\r\n\tSource Port:\t\t61393\r\n\tProtocol:\t\t6\r\n\r\nFilter Information:\r\n\tFilter Run-Time ID:\t0\r\n\tLayer Name:\t\tResource Assignment\r\n\tLayer Run-Time ID:\t36","FilterRTID":"0","@timestamp":"2020-09-17T21:31:57.190Z","LayerRTID":"36","SourceModuleType":"im_msvistalog","port":64545,"RecordNumber":166032,"Task":12810,"Protocol":"6","@version":"1","OpcodeValue":0,"SourcePort":"61393","SourceModuleName":"eventlog","Severity":"INFO","SourceName":"Microsoft-Windows-Security-Auditing","Version":0,"LayerName":"%%14608","Category":"Filtering Platform Connection","SourceAddress":"0.0.0.0","tags":["mordorDataset"],"Hostname":"WORKSTATION5.theshire.local"}
{"Keywords":-9214364837600034816,"SeverityValue":2,"Application":"\\device\\harddiskvolume2\\windows\\system32\\svchost.exe","EventID":5158,"ProviderGuid":"{54849625-5478-4994-A5BA-3E3B0328C30D}","ExecutionProcessID":4,"Channel":"Security","host":"wec.internal.cloudapp.net","EventReceivedTime":"2020-09-17 17:31:57","ProcessId":"704","ThreadID":9832,"EventType":"AUDIT_SUCCESS","Opcode":"Info","EventTime":"2020-09-17 17:31:55","Message":"The Windows Filtering Platform has permitted a bind to a local port.\r\n\r\nApplication Information:\r\n\tProcess ID:\t\t704\r\n\tApplication Name:\t\\device\\harddiskvolume2\\windows\\system32\\svchost.exe\r\n\r\nNetwork Information:\r\n\tSource Address:\t\t0.0.0.0\r\n\tSource Port:\t\t61394\r\n\tProtocol:\t\t6\r\n\r\nFilter Information:\r\n\tFilter Run-Time ID:\t0\r\n\tLayer Name:\t\tResource Assignment\r\n\tLayer Run-Time ID:\t36","FilterRTID":"0","@timestamp":"2020-09-17T21:31:57.190Z","LayerRTID":"36","SourceModuleType":"im_msvistalog","port":64545,"RecordNumber":166034,"Task":12810,"Protocol":"6","@version":"1","OpcodeValue":0,"SourcePort":"61394","SourceModuleName":"eventlog","Severity":"INFO","SourceName":"Microsoft-Windows-Security-Auditing","Version":0,"LayerName":"%%14608","Category":"Filtering Platform Connection","SourceAddress":"0.0.0.0","tags":["mordorDataset"],"Hostname":"WORKSTATION5.theshire.local"}
{"Keywords":-9214364837600034816,"SeverityValue":2,"Application":"\\device\\harddiskvolume2\\windows\\system32\\svchost.exe","EventID":5158,"ProviderGuid":"{54849625-5478-4994-A5BA-3E3B0328C30D}","ExecutionProcessID":4,"Channel":"Security","host":"wec.internal.cloudapp.net","EventReceivedTime":"2020-09-17 17:31:57","ProcessId":"704","ThreadID":9832,"EventType":"AUDIT_SUCCESS","Opcode":"Info","EventTime":"2020-09-17 17:31:55","Message":"The Windows Filtering Platform has permitted a bind to a local port.\r\n\r\nApplication Information:\r\n\tProcess ID:\t\t704\r\n\tApplication Name:\t\\device\\harddiskvolume2\\windows\\system32\\svchost.exe\r\n\r\nNetwork Information:\r\n\tSource Address:\t\t0.0.0.0\r\n\tSource Port:\t\t61395\r\n\tProtocol:\t\t6\r\n\r\nFilter Information:\r\n\tFilter Run-Time ID:\t0\r\n\tLayer Name:\t\tResource Assignment\r\n\tLayer Run-Time ID:\t36","FilterRTID":"0","@timestamp":"2020-09-17T21:31:57.190Z","LayerRTID":"36","SourceModuleType":"im_msvistalog","port":64545,"RecordNumber":166036,"Task":12810,"Protocol":"6","@version":"1","OpcodeValue":0,"SourcePort":"61395","SourceModuleName":"eventlog","Severity":"INFO","SourceName":"Microsoft-Windows-Security-Auditing","Version":0,"LayerName":"%%14608","Category":"Filtering Platform Connection","SourceAddress":"0.0.0.0","tags":["mordorDataset"],"Hostname":"WORKSTATION5.theshire.local"}
