{"Keywords":-9223372036854775808,"SeverityValue":2,"TargetObject":"HKU\\S-1-5-20\\Software\\Microsoft\\Windows\\CurrentVersion\\DeliveryOptimization\\Config\\DODownloadMode","EventTypeOrignal":"INFO","EventID":13,"ProviderGuid":"{5770385F-C22A-43E0-BF4C-06F5698FFBD9}","ExecutionProcessID":3392,"host":"wec.internal.cloudapp.net","Channel":"Microsoft-Windows-Sysmon/Operational","UserID":"S-1-5-18","AccountType":"User","ThreadID":5552,"ProcessGuid":"{d273d0f0-e879-5f64-5c00-000000000800}","Details":"DWORD (0x00000001)","EventReceivedTime":"2020-09-19 21:17:27","Opcode":"Info","EventTime":"2020-09-19 21:17:24","@timestamp":"2020-09-20T01:17:27.498Z","SourceModuleType":"im_msvistalog","port":64545,"AccountName":"SYSTEM","RecordNumber":2581854,"Task":13,"Domain":"NT AUTHORITY","@version":"1","OpcodeValue":0,"SourceModuleName":"eventlog","Severity":"INFO","SourceName":"Microsoft-Windows-Sysmon","Version":2,"Image":"C:\\windows\\System32\\svchost.exe","Category":"Registry value set (rule: RegistryEvent)","UtcTime":"2020-09-20 01:17:24.659","Hostname":"WORKSTATION6.theshire.local","RuleName":"-","tags":["mordorDataset"]}
{"Keywords":-9214364837600034816,"SeverityValue":2,"Application":"\\device\\harddiskvolume2\\windowsazure\\guestagent_2.7.41491.993_2020-09-17_150921\\guestagent\\windowsazureguestagent.exe","EventID":5158,"ProviderGuid":"{54849625-5478-4994-A5BA-3E3B0328C30D}","ExecutionProcessID":4,"Channel":"security","host":"wec.internal.cloudapp.net","EventReceivedTime":"2020-09-19 21:17:27","ProcessId":"3476","ThreadID":8028,"EventType":"AUDIT_SUCCESS","Opcode":"Info","EventTime":"2020-09-19 21:17:24","Message":"The Windows Filtering Platform has permitted a bind to a local port.\r\n\r\nApplication Information:\r\n\tProcess ID:\t\t3476\r\n\tApplication Name:\t\\device\\harddiskvolume2\\windowsazure\\guestagent_2.7.41491.993_2020-09-17_150921\\guestagent\\windowsazureguestagent.exe\r\n\r\nNetwork Information:\r\n\tSource Address:\t\t0.0.0.0\r\n\tSource Port:\t\t54090\r\n\tProtocol:\t\t6\r\n\r\nFilter Information:\r\n\tFilter Run-Time ID:\t0\r\n\tLayer Name:\t\tResource Assignment\r\n\tLayer Run-Time ID:\t36","FilterRTID":"0","@timestamp":"2020-09-20T01:17:27.498Z","LayerRTID":"36","SourceModuleType":"im_msvistalog","port":64545,"RecordNumber":616191,"Task":12810,"Protocol":"6","@version":"1","OpcodeValue":0,"SourcePort":"54090","SourceModuleName":"eventlog","Severity":"INFO","SourceName":"Microsoft-Windows-Security-Auditing","Version":0,"LayerName":"%%14608","Category":"Filtering Platform Connection","SourceAddress":"0.0.0.0","tags":["mordorDataset"],"Hostname":"WORKSTATION6.theshire.local"}
{"Keywords":-9214364837600034816,"SeverityValue":2,"Application":"\\device\\harddiskvolume2\\windowsazure\\guestagent_2.7.41491.993_2020-09-17_150921\\guestagent\\windowsazureguestagent.exe","EventID":5156,"ProviderGuid":"{54849625-5478-4994-A5BA-3E3B0328C30D}","ExecutionProcessID":4,"Channel":"security","host":"wec.internal.cloudapp.net","EventReceivedTime":"2020-09-19 21:17:27","ProcessId":"3476","ThreadID":8028,"EventType":"AUDIT_SUCCESS","Opcode":"Info","EventTime":"2020-09-19 21:17:24","Message":"The Windows Filtering Platform has permitted a connection.\r\n\r\nApplication Information:\r\n\tProcess ID:\t\t3476\r\n\tApplication Name:\t\\device\\harddiskvolume2\\windowsazure\\guestagent_2.7.41491.993_2020-09-17_150921\\guestagent\\windowsazureguestagent.exe\r\n\r\nNetwork Information:\r\n\tDirection:\t\tOutbound\r\n\tSource Address:\t\t172.18.39.6\r\n\tSource Port:\t\t54090\r\n\tDestination Address:\t168.63.129.16\r\n\tDestination Port:\t\t80\r\n\tProtocol:\t\t6\r\n\r\nFilter Information:\r\n\tFilter Run-Time ID:\t79916\r\n\tLayer Name:\t\tConnect\r\n\tLayer Run-Time ID:\t48","FilterRTID":"79916","RemoteUserID":"S-1-0-0","@timestamp":"2020-09-20T01:17:27.498Z","LayerRTID":"48","SourceModuleType":"im_msvistalog","port":64545,"RecordNumber":616192,"Task":12810,"Direction":"%%14593","@version":"1","OpcodeValue":0,"SourcePort":"54090","DestPort":"80","Protocol":"6","SourceModuleName":"eventlog","Severity":"INFO","DestAddress":"168.63.129.16","SourceName":"Microsoft-Windows-Security-Auditing","Version":1,"LayerName":"%%14611","RemoteMachineID":"S-1-0-0","Category":"Filtering Platform Connection","SourceAddress":"172.18.39.6","tags":["mordorDataset"],"Hostname":"WORKSTATION6.theshire.local"}
{"Keywords":-9223372036854775808,"SeverityValue":2,"TargetObject":"HKU\\S-1-5-20\\Software\\Microsoft\\Windows\\CurrentVersion\\DeliveryOptimization\\Config\\DownloadMode_BackCompat","EventTypeOrignal":"INFO","EventID":13,"ProviderGuid":"{5770385F-C22A-43E0-BF4C-06F5698FFBD9}","ExecutionProcessID":9848,"host":"wec.internal.cloudapp.net","Channel":"Microsoft-Windows-Sysmon/Operational","UserID":"S-1-5-18","AccountType":"User","ThreadID":7976,"ProcessGuid":"{b34bc01c-8526-5f63-2103-000000000400}","Details":"DWORD (0x00000001)","EventReceivedTime":"2020-09-19 21:17:28","Opcode":"Info","EventTime":"2020-09-19 21:17:25","@timestamp":"2020-09-20T01:17:28.498Z","SourceModuleType":"im_msvistalog","port":64545,"AccountName":"SYSTEM","RecordNumber":1818786,"Task":13,"Domain":"NT AUTHORITY","@version":"1","OpcodeValue":0,"SourceModuleName":"eventlog","Severity":"INFO","SourceName":"Microsoft-Windows-Sysmon","Version":2,"Image":"C:\\windows\\System32\\svchost.exe","Category":"Registry value set (rule: RegistryEvent)","UtcTime":"2020-09-20 01:17:25.858","Hostname":"WORKSTATION5.theshire.local","RuleName":"-","tags":["mordorDataset"]}
{"Keywords":-9223372036854775808,"SeverityValue":2,"TargetObject":"HKU\\S-1-5-20\\Software\\Microsoft\\Windows\\CurrentVersion\\DeliveryOptimization\\Config\\DODownloadMode","EventTypeOrignal":"INFO","EventID":13,"ProviderGuid":"{5770385F-C22A-43E0-BF4C-06F5698FFBD9}","ExecutionProcessID":9848,"host":"wec.internal.cloudapp.net","Channel":"Microsoft-Windows-Sysmon/Operational","UserID":"S-1-5-18","AccountType":"User","ThreadID":7976,"ProcessGuid":"{b34bc01c-8526-5f63-2103-000000000400}","Details":"DWORD (0x00000001)","EventReceivedTime":"2020-09-19 21:17:28","Opcode":"Info","EventTime":"2020-09-19 21:17:25","@timestamp":"2020-09-20T01:17:28.499Z","SourceModuleType":"im_msvistalog","port":64545,"AccountName":"SYSTEM","RecordNumber":1818787,"Task":13,"Domain":"NT AUTHORITY","@version":"1","OpcodeValue":0,"SourceModuleName":"eventlog","Severity":"INFO","SourceName":"Microsoft-Windows-Sysmon","Version":2,"Image":"C:\\windows\\System32\\svchost.exe","Category":"Registry value set (rule: RegistryEvent)","UtcTime":"2020-09-20 01:17:25.858","Hostname":"WORKSTATION5.theshire.local","RuleName":"-","tags":["mordorDataset"]}
{"Keywords":-9223372036854775808,"SeverityValue":2,"SourceImage":"C:\\windows\\system32\\svchost.exe","EventID":10,"ProviderGuid":"{5770385F-C22A-43E0-BF4C-06F5698FFBD9}","ExecutionProcessID":3392,"Channel":"Microsoft-Windows-Sysmon/Operational","host":"wec.internal.cloudapp.net","AccountType":"User","UserID":"S-1-5-18","SourceProcessGUID":"{d273d0f0-e867-5f64-1300-000000000800}","ThreadID":5552,"TargetImage":"C:\\windows\\System32\\svchost.exe","GrantedAccess":"0x1000","EventType":"INFO","Opcode":"Info","EventTime":"2020-09-19 21:17:28","EventReceivedTime":"2020-09-19 21:17:31","@timestamp":"2020-09-20T01:17:31.514Z","SourceModuleType":"im_msvistalog","port":64545,"AccountName":"SYSTEM","RecordNumber":2581855,"SourceProcessId":"428","SourceThreadId":"5864","Task":10,"Domain":"NT AUTHORITY","@version":"1","OpcodeValue":0,"SourceModuleName":"eventlog","TargetProcessGUID":"{d273d0f0-e899-5f64-9e00-000000000800}","Severity":"INFO","SourceName":"Microsoft-Windows-Sysmon","Version":3,"TargetProcessId":"6604","Category":"Process accessed (rule: ProcessAccess)","CallTrace":"C:\\windows\\SYSTEM32\\ntdll.dll+9c534|C:\\windows\\System32\\KERNELBASE.dll+6aec5|c:\\windows\\system32\\lsm.dll+1184f|c:\\windows\\system32\\lsm.dll+1172e|C:\\windows\\System32\\RPCRT4.dll+76a53|C:\\windows\\System32\\RPCRT4.dll+da036|C:\\windows\\System32\\RPCRT4.dll+37b1c|C:\\windows\\System32\\RPCRT4.dll+54998|C:\\windows\\System32\\RPCRT4.dll+2c951|C:\\windows\\System32\\RPCRT4.dll+2c20b|C:\\windows\\System32\\RPCRT4.dll+1a86f|C:\\windows\\System32\\RPCRT4.dll+19d1a|C:\\windows\\System32\\RPCRT4.dll+19301|C:\\windows\\System32\\RPCRT4.dll+18d6e|C:\\windows\\System32\\RPCRT4.dll+169a5|C:\\windows\\SYSTEM32\\ntdll.dll+333ed|C:\\windows\\SYSTEM32\\ntdll.dll+34142|C:\\windows\\System32\\KERNEL32.DLL+17bd4|C:\\windows\\SYSTEM32\\ntdll.dll+6ce51","UtcTime":"2020-09-20 01:17:28.509","Hostname":"WORKSTATION6.theshire.local","RuleName":"-","tags":["mordorDataset"]}
{"Keywords":-9214364837600034816,"SeverityValue":2,"Application":"\\device\\harddiskvolume2\\windowsazure\\guestagent_2.7.41491.993_2020-09-17_150921\\waappagent.exe","EventID":5158,"ProviderGuid":"{54849625-5478-4994-A5BA-3E3B0328C30D}","ExecutionProcessID":4,"Channel":"security","host":"wec.internal.cloudapp.net","EventReceivedTime":"2020-09-19 21:17:32","ProcessId":"3368","ThreadID":8028,"EventType":"AUDIT_SUCCESS","Opcode":"Info","EventTime":"2020-09-19 21:17:29","Message":"The Windows Filtering Platform has permitted a bind to a local port.\r\n\r\nApplication Information:\r\n\tProcess ID:\t\t3368\r\n\tApplication Name:\t\\device\\harddiskvolume2\\windowsazure\\guestagent_2.7.41491.993_2020-09-17_150921\\waappagent.exe\r\n\r\nNetwork Information:\r\n\tSource Address:\t\t0.0.0.0\r\n\tSource Port:\t\t54091\r\n\tProtocol:\t\t6\r\n\r\nFilter Information:\r\n\tFilter Run-Time ID:\t0\r\n\tLayer Name:\t\tResource Assignment\r\n\tLayer Run-Time ID:\t36","FilterRTID":"0","@timestamp":"2020-09-20T01:17:32.527Z","LayerRTID":"36","SourceModuleType":"im_msvistalog","port":64545,"RecordNumber":616193,"Task":12810,"Protocol":"6","@version":"1","OpcodeValue":0,"SourcePort":"54091","SourceModuleName":"eventlog","Severity":"INFO","SourceName":"Microsoft-Windows-Security-Auditing","Version":0,"LayerName":"%%14608","Category":"Filtering Platform Connection","SourceAddress":"0.0.0.0","tags":["mordorDataset"],"Hostname":"WORKSTATION6.theshire.local"}
{"Keywords":-9214364837600034816,"SeverityValue":2,"Application":"\\device\\harddiskvolume2\\windowsazure\\guestagent_2.7.41491.993_2020-09-17_150921\\waappagent.exe","EventID":5156,"ProviderGuid":"{54849625-5478-4994-A5BA-3E3B0328C30D}","ExecutionProcessID":4,"Channel":"security","host":"wec.internal.cloudapp.net","EventReceivedTime":"2020-09-19 21:17:32","ProcessId":"3368","ThreadID":8028,"EventType":"AUDIT_SUCCESS","Opcode":"Info","EventTime":"2020-09-19 21:17:29","Message":"The Windows Filtering Platform has permitted a connection.\r\n\r\nApplication Information:\r\n\tProcess ID:\t\t3368\r\n\tApplication Name:\t\\device\\harddiskvolume2\\windowsazure\\guestagent_2.7.41491.993_2020-09-17_150921\\waappagent.exe\r\n\r\nNetwork Information:\r\n\tDirection:\t\tOutbound\r\n\tSource Address:\t\t172.18.39.6\r\n\tSource Port:\t\t54091\r\n\tDestination Address:\t168.63.129.16\r\n\tDestination Port:\t\t80\r\n\tProtocol:\t\t6\r\n\r\nFilter Information:\r\n\tFilter Run-Time ID:\t79916\r\n\tLayer Name:\t\tConnect\r\n\tLayer Run-Time ID:\t48","FilterRTID":"79916","RemoteUserID":"S-1-0-0","@timestamp":"2020-09-20T01:17:32.527Z","LayerRTID":"48","SourceModuleType":"im_msvistalog","port":64545,"RecordNumber":616194,"Task":12810,"Direction":"%%14593","@version":"1","OpcodeValue":0,"SourcePort":"54091","DestPort":"80","Protocol":"6","SourceModuleName":"eventlog","Severity":"INFO","DestAddress":"168.63.129.16","SourceName":"Microsoft-Windows-Security-Auditing","Version":1,"LayerName":"%%14611","RemoteMachineID":"S-1-0-0","Category":"Filtering Platform Connection","SourceAddress":"172.18.39.6","tags":["mordorDataset"],"Hostname":"WORKSTATION6.theshire.local"}
{"Keywords":-9223372036854775808,"SeverityValue":2,"TargetObject":"HKU\\S-1-5-20\\Software\\Microsoft\\Windows\\CurrentVersion\\DeliveryOptimization\\Usage\\UploadMonthlyInternetBytes","EventTypeOrignal":"INFO","EventID":13,"ProviderGuid":"{5770385F-C22A-43E0-BF4C-06F5698FFBD9}","ExecutionProcessID":3392,"host":"wec.internal.cloudapp.net","Channel":"Microsoft-Windows-Sysmon/Operational","UserID":"S-1-5-18","AccountType":"User","ThreadID":5552,"ProcessGuid":"{d273d0f0-e879-5f64-5c00-000000000800}","Details":"QWORD (0x00000000-0x00000000)","EventReceivedTime":"2020-09-19 21:17:32","Opcode":"Info","EventTime":"2020-09-19 21:17:30","@timestamp":"2020-09-20T01:17:32.528Z","SourceModuleType":"im_msvistalog","port":64545,"AccountName":"SYSTEM","RecordNumber":2581856,"Task":13,"Domain":"NT AUTHORITY","@version":"1","OpcodeValue":0,"SourceModuleName":"eventlog","Severity":"INFO","SourceName":"Microsoft-Windows-Sysmon","Version":2,"Image":"C:\\windows\\System32\\svchost.exe","Category":"Registry value set (rule: RegistryEvent)","UtcTime":"2020-09-20 01:17:30.098","Hostname":"WORKSTATION6.theshire.local","RuleName":"-","tags":["mordorDataset"]}
{"Keywords":-9223372036854775808,"SeverityValue":2,"TargetObject":"HKU\\S-1-5-20\\Software\\Microsoft\\Windows\\CurrentVersion\\DeliveryOptimization\\Usage\\UploadMonthlyLanBytes","EventTypeOrignal":"INFO","EventID":13,"ProviderGuid":"{5770385F-C22A-43E0-BF4C-06F5698FFBD9}","ExecutionProcessID":3392,"host":"wec.internal.cloudapp.net","Channel":"Microsoft-Windows-Sysmon/Operational","UserID":"S-1-5-18","AccountType":"User","ThreadID":5552,"ProcessGuid":"{d273d0f0-e879-5f64-5c00-000000000800}","Details":"QWORD (0x00000000-0x00000000)","EventReceivedTime":"2020-09-19 21:17:32","Opcode":"Info","EventTime":"2020-09-19 21:17:30","@timestamp":"2020-09-20T01:17:32.528Z","SourceModuleType":"im_msvistalog","port":64545,"AccountName":"SYSTEM","RecordNumber":2581857,"Task":13,"Domain":"NT AUTHORITY","@version":"1","OpcodeValue":0,"SourceModuleName":"eventlog","Severity":"INFO","SourceName":"Microsoft-Windows-Sysmon","Version":2,"Image":"C:\\windows\\System32\\svchost.exe","Category":"Registry value set (rule: RegistryEvent)","UtcTime":"2020-09-20 01:17:30.098","Hostname":"WORKSTATION6.theshire.local","RuleName":"-","tags":["mordorDataset"]}
{"Keywords":-9223372036854775808,"SeverityValue":2,"TargetObject":"HKU\\S-1-5-20\\Software\\Microsoft\\Windows\\CurrentVersion\\DeliveryOptimization\\Usage\\DownloadMonthlyInternetBytes","EventTypeOrignal":"INFO","EventID":13,"ProviderGuid":"{5770385F-C22A-43E0-BF4C-06F5698FFBD9}","ExecutionProcessID":3392,"host":"wec.internal.cloudapp.net","Channel":"Microsoft-Windows-Sysmon/Operational","UserID":"S-1-5-18","AccountType":"User","ThreadID":5552,"ProcessGuid":"{d273d0f0-e879-5f64-5c00-000000000800}","Details":"QWORD (0x00000000-0x00000000)","EventReceivedTime":"2020-09-19 21:17:32","Opcode":"Info","EventTime":"2020-09-19 21:17:30","@timestamp":"2020-09-20T01:17:32.529Z","SourceModuleType":"im_msvistalog","port":64545,"AccountName":"SYSTEM","RecordNumber":2581858,"Task":13,"Domain":"NT AUTHORITY","@version":"1","OpcodeValue":0,"SourceModuleName":"eventlog","Severity":"INFO","SourceName":"Microsoft-Windows-Sysmon","Version":2,"Image":"C:\\windows\\System32\\svchost.exe","Category":"Registry value set (rule: RegistryEvent)","UtcTime":"2020-09-20 01:17:30.098","Hostname":"WORKSTATION6.theshire.local","RuleName":"-","tags":["mordorDataset"]}
{"Keywords":-9223372036854775808,"SeverityValue":2,"TargetObject":"HKU\\S-1-5-20\\Software\\Microsoft\\Windows\\CurrentVersion\\DeliveryOptimization\\Usage\\DownloadMonthlyLanBytes","EventTypeOrignal":"INFO","EventID":13,"ProviderGuid":"{5770385F-C22A-43E0-BF4C-06F5698FFBD9}","ExecutionProcessID":3392,"host":"wec.internal.cloudapp.net","Channel":"Microsoft-Windows-Sysmon/Operational","UserID":"S-1-5-18","AccountType":"User","ThreadID":5552,"ProcessGuid":"{d273d0f0-e879-5f64-5c00-000000000800}","Details":"QWORD (0x00000000-0x00000000)","EventReceivedTime":"2020-09-19 21:17:32","Opcode":"Info","EventTime":"2020-09-19 21:17:30","@timestamp":"2020-09-20T01:17:32.530Z","SourceModuleType":"im_msvistalog","port":64545,"AccountName":"SYSTEM","RecordNumber":2581859,"Task":13,"Domain":"NT AUTHORITY","@version":"1","OpcodeValue":0,"SourceModuleName":"eventlog","Severity":"INFO","SourceName":"Microsoft-Windows-Sysmon","Version":2,"Image":"C:\\windows\\System32\\svchost.exe","Category":"Registry value set (rule: RegistryEvent)","UtcTime":"2020-09-20 01:17:30.098","Hostname":"WORKSTATION6.theshire.local","RuleName":"-","tags":["mordorDataset"]}
{"Keywords":-9223372036854775808,"SeverityValue":2,"TargetObject":"HKU\\S-1-5-20\\Software\\Microsoft\\Windows\\CurrentVersion\\DeliveryOptimization\\Usage\\DownloadMonthlyCdnBytes","EventTypeOrignal":"INFO","EventID":13,"ProviderGuid":"{5770385F-C22A-43E0-BF4C-06F5698FFBD9}","ExecutionProcessID":3392,"host":"wec.internal.cloudapp.net","Channel":"Microsoft-Windows-Sysmon/Operational","UserID":"S-1-5-18","AccountType":"User","ThreadID":5552,"ProcessGuid":"{d273d0f0-e879-5f64-5c00-000000000800}","Details":"QWORD (0x00000000-0x4fbbbca0)","EventReceivedTime":"2020-09-19 21:17:32","Opcode":"Info","EventTime":"2020-09-19 21:17:30","@timestamp":"2020-09-20T01:17:32.530Z","SourceModuleType":"im_msvistalog","port":64545,"AccountName":"SYSTEM","RecordNumber":2581860,"Task":13,"Domain":"NT AUTHORITY","@version":"1","OpcodeValue":0,"SourceModuleName":"eventlog","Severity":"INFO","SourceName":"Microsoft-Windows-Sysmon","Version":2,"Image":"C:\\windows\\System32\\svchost.exe","Category":"Registry value set (rule: RegistryEvent)","UtcTime":"2020-09-20 01:17:30.098","Hostname":"WORKSTATION6.theshire.local","RuleName":"-","tags":["mordorDataset"]}
{"Keywords":-9223372036854775808,"SeverityValue":2,"TargetObject":"HKU\\S-1-5-20\\Software\\Microsoft\\Windows\\CurrentVersion\\DeliveryOptimization\\Usage\\DownloadMonthlyRateFrBps","EventTypeOrignal":"INFO","EventID":13,"ProviderGuid":"{5770385F-C22A-43E0-BF4C-06F5698FFBD9}","ExecutionProcessID":3392,"host":"wec.internal.cloudapp.net","Channel":"Microsoft-Windows-Sysmon/Operational","UserID":"S-1-5-18","AccountType":"User","ThreadID":5552,"ProcessGuid":"{d273d0f0-e879-5f64-5c00-000000000800}","Details":"QWORD (0x00000000-0x00dcb99c)","EventReceivedTime":"2020-09-19 21:17:32","Opcode":"Info","EventTime":"2020-09-19 21:17:30","@timestamp":"2020-09-20T01:17:32.530Z","SourceModuleType":"im_msvistalog","port":64545,"AccountName":"SYSTEM","RecordNumber":2581861,"Task":13,"Domain":"NT AUTHORITY","@version":"1","OpcodeValue":0,"SourceModuleName":"eventlog","Severity":"INFO","SourceName":"Microsoft-Windows-Sysmon","Version":2,"Image":"C:\\windows\\System32\\svchost.exe","Category":"Registry value set (rule: RegistryEvent)","UtcTime":"2020-09-20 01:17:30.098","Hostname":"WORKSTATION6.theshire.local","RuleName":"-","tags":["mordorDataset"]}
{"Keywords":-9223372036854775808,"SeverityValue":2,"TargetObject":"HKU\\S-1-5-20\\Software\\Microsoft\\Windows\\CurrentVersion\\DeliveryOptimization\\Usage\\DownloadMonthlyRateBkBps","EventTypeOrignal":"INFO","EventID":13,"ProviderGuid":"{5770385F-C22A-43E0-BF4C-06F5698FFBD9}","ExecutionProcessID":3392,"host":"wec.internal.cloudapp.net","Channel":"Microsoft-Windows-Sysmon/Operational","UserID":"S-1-5-18","AccountType":"User","ThreadID":5552,"ProcessGuid":"{d273d0f0-e879-5f64-5c00-000000000800}","Details":"QWORD (0x00000000-0x00000000)","EventReceivedTime":"2020-09-19 21:17:32","Opcode":"Info","EventTime":"2020-09-19 21:17:30","@timestamp":"2020-09-20T01:17:32.533Z","SourceModuleType":"im_msvistalog","port":64545,"AccountName":"SYSTEM","RecordNumber":2581862,"Task":13,"Domain":"NT AUTHORITY","@version":"1","OpcodeValue":0,"SourceModuleName":"eventlog","Severity":"INFO","SourceName":"Microsoft-Windows-Sysmon","Version":2,"Image":"C:\\windows\\System32\\svchost.exe","Category":"Registry value set (rule: RegistryEvent)","UtcTime":"2020-09-20 01:17:30.098","Hostname":"WORKSTATION6.theshire.local","RuleName":"-","tags":["mordorDataset"]}
{"Keywords":-9223372036854775808,"SeverityValue":2,"TargetObject":"HKU\\S-1-5-20\\Software\\Microsoft\\Windows\\CurrentVersion\\DeliveryOptimization\\Usage\\MonthID","EventTypeOrignal":"INFO","EventID":13,"ProviderGuid":"{5770385F-C22A-43E0-BF4C-06F5698FFBD9}","ExecutionProcessID":3392,"host":"wec.internal.cloudapp.net","Channel":"Microsoft-Windows-Sysmon/Operational","UserID":"S-1-5-18","AccountType":"User","ThreadID":5552,"ProcessGuid":"{d273d0f0-e879-5f64-5c00-000000000800}","Details":"DWORD (0x00000009)","EventReceivedTime":"2020-09-19 21:17:32","Opcode":"Info","EventTime":"2020-09-19 21:17:30","@timestamp":"2020-09-20T01:17:32.533Z","SourceModuleType":"im_msvistalog","port":64545,"AccountName":"SYSTEM","RecordNumber":2581863,"Task":13,"Domain":"NT AUTHORITY","@version":"1","OpcodeValue":0,"SourceModuleName":"eventlog","Severity":"INFO","SourceName":"Microsoft-Windows-Sysmon","Version":2,"Image":"C:\\windows\\System32\\svchost.exe","Category":"Registry value set (rule: RegistryEvent)","UtcTime":"2020-09-20 01:17:30.098","Hostname":"WORKSTATION6.theshire.local","RuleName":"-","tags":["mordorDataset"]}
{"Keywords":-9223372036854775808,"SeverityValue":2,"TargetObject":"HKU\\S-1-5-20\\Software\\Microsoft\\Windows\\CurrentVersion\\DeliveryOptimization\\Config\\DownloadMode_BackCompat","EventTypeOrignal":"INFO","EventID":13,"ProviderGuid":"{5770385F-C22A-43E0-BF4C-06F5698FFBD9}","ExecutionProcessID":3392,"host":"wec.internal.cloudapp.net","Channel":"Microsoft-Windows-Sysmon/Operational","UserID":"S-1-5-18","AccountType":"User","ThreadID":5552,"ProcessGuid":"{d273d0f0-e879-5f64-5c00-000000000800}","Details":"DWORD (0x00000001)","EventReceivedTime":"2020-09-19 21:17:32","Opcode":"Info","EventTime":"2020-09-19 21:17:30","@timestamp":"2020-09-20T01:17:32.533Z","SourceModuleType":"im_msvistalog","port":64545,"AccountName":"SYSTEM","RecordNumber":2581864,"Task":13,"Domain":"NT AUTHORITY","@version":"1","OpcodeValue":0,"SourceModuleName":"eventlog","Severity":"INFO","SourceName":"Microsoft-Windows-Sysmon","Version":2,"Image":"C:\\windows\\System32\\svchost.exe","Category":"Registry value set (rule: RegistryEvent)","UtcTime":"2020-09-20 01:17:30.098","Hostname":"WORKSTATION6.theshire.local","RuleName":"-","tags":["mordorDataset"]}
{"Keywords":-9223372036854775808,"SeverityValue":2,"TargetObject":"HKU\\S-1-5-20\\Software\\Microsoft\\Windows\\CurrentVersion\\DeliveryOptimization\\Config\\DODownloadMode","EventTypeOrignal":"INFO","EventID":13,"ProviderGuid":"{5770385F-C22A-43E0-BF4C-06F5698FFBD9}","ExecutionProcessID":3392,"host":"wec.internal.cloudapp.net","Channel":"Microsoft-Windows-Sysmon/Operational","UserID":"S-1-5-18","AccountType":"User","ThreadID":5552,"ProcessGuid":"{d273d0f0-e879-5f64-5c00-000000000800}","Details":"DWORD (0x00000001)","EventReceivedTime":"2020-09-19 21:17:32","Opcode":"Info","EventTime":"2020-09-19 21:17:30","@timestamp":"2020-09-20T01:17:32.533Z","SourceModuleType":"im_msvistalog","port":64545,"AccountName":"SYSTEM","RecordNumber":2581865,"Task":13,"Domain":"NT AUTHORITY","@version":"1","OpcodeValue":0,"SourceModuleName":"eventlog","Severity":"INFO","SourceName":"Microsoft-Windows-Sysmon","Version":2,"Image":"C:\\windows\\System32\\svchost.exe","Category":"Registry value set (rule: RegistryEvent)","UtcTime":"2020-09-20 01:17:30.098","Hostname":"WORKSTATION6.theshire.local","RuleName":"-","tags":["mordorDataset"]}
{"Keywords":-9223372036854775808,"SeverityValue":2,"TargetObject":"HKU\\S-1-5-20\\Software\\Microsoft\\Windows\\CurrentVersion\\DeliveryOptimization\\Config\\DownloadMode_BackCompat","EventTypeOrignal":"INFO","EventID":13,"ProviderGuid":"{5770385F-C22A-43E0-BF4C-06F5698FFBD9}","ExecutionProcessID":3392,"host":"wec.internal.cloudapp.net","Channel":"Microsoft-Windows-Sysmon/Operational","UserID":"S-1-5-18","AccountType":"User","ThreadID":5552,"ProcessGuid":"{d273d0f0-e879-5f64-5c00-000000000800}","Details":"DWORD (0x00000001)","EventReceivedTime":"2020-09-19 21:17:32","Opcode":"Info","EventTime":"2020-09-19 21:17:30","@timestamp":"2020-09-20T01:17:32.533Z","SourceModuleType":"im_msvistalog","port":64545,"AccountName":"SYSTEM","RecordNumber":2581866,"Task":13,"Domain":"NT AUTHORITY","@version":"1","OpcodeValue":0,"SourceModuleName":"eventlog","Severity":"INFO","SourceName":"Microsoft-Windows-Sysmon","Version":2,"Image":"C:\\windows\\System32\\svchost.exe","Category":"Registry value set (rule: RegistryEvent)","UtcTime":"2020-09-20 01:17:30.098","Hostname":"WORKSTATION6.theshire.local","RuleName":"-","tags":["mordorDataset"]}
{"Keywords":-9223372036854775808,"SeverityValue":2,"TargetObject":"HKU\\S-1-5-20\\Software\\Microsoft\\Windows\\CurrentVersion\\DeliveryOptimization\\Config\\DODownloadMode","EventTypeOrignal":"INFO","EventID":13,"ProviderGuid":"{5770385F-C22A-43E0-BF4C-06F5698FFBD9}","ExecutionProcessID":3392,"host":"wec.internal.cloudapp.net","Channel":"Microsoft-Windows-Sysmon/Operational","UserID":"S-1-5-18","AccountType":"User","ThreadID":5552,"ProcessGuid":"{d273d0f0-e879-5f64-5c00-000000000800}","Details":"DWORD (0x00000001)","EventReceivedTime":"2020-09-19 21:17:32","Opcode":"Info","EventTime":"2020-09-19 21:17:30","@timestamp":"2020-09-20T01:17:32.534Z","SourceModuleType":"im_msvistalog","port":64545,"AccountName":"SYSTEM","RecordNumber":2581867,"Task":13,"Domain":"NT AUTHORITY","@version":"1","OpcodeValue":0,"SourceModuleName":"eventlog","Severity":"INFO","SourceName":"Microsoft-Windows-Sysmon","Version":2,"Image":"C:\\windows\\System32\\svchost.exe","Category":"Registry value set (rule: RegistryEvent)","UtcTime":"2020-09-20 01:17:30.098","Hostname":"WORKSTATION6.theshire.local","RuleName":"-","tags":["mordorDataset"]}
{"Keywords":-9214364837600034816,"SeverityValue":2,"Application":"\\device\\harddiskvolume2\\windowsazure\\guestagent_2.7.41491.993_2020-09-17_150607\\waappagent.exe","EventID":5158,"ProviderGuid":"{54849625-5478-4994-A5BA-3E3B0328C30D}","ExecutionProcessID":4,"Channel":"Security","host":"wec.internal.cloudapp.net","EventReceivedTime":"2020-09-19 21:17:33","ProcessId":"3572","ThreadID":1872,"EventType":"AUDIT_SUCCESS","Opcode":"Info","EventTime":"2020-09-19 21:17:30","Message":"The Windows Filtering Platform has permitted a bind to a local port.\r\n\r\nApplication Information:\r\n\tProcess ID:\t\t3572\r\n\tApplication Name:\t\\device\\harddiskvolume2\\windowsazure\\guestagent_2.7.41491.993_2020-09-17_150607\\waappagent.exe\r\n\r\nNetwork Information:\r\n\tSource Address:\t\t0.0.0.0\r\n\tSource Port:\t\t58248\r\n\tProtocol:\t\t6\r\n\r\nFilter Information:\r\n\tFilter Run-Time ID:\t0\r\n\tLayer Name:\t\tResource Assignment\r\n\tLayer Run-Time ID:\t36","FilterRTID":"0","@timestamp":"2020-09-20T01:17:33.529Z","LayerRTID":"36","SourceModuleType":"im_msvistalog","port":64545,"RecordNumber":1103001,"Task":12810,"Protocol":"6","@version":"1","OpcodeValue":0,"SourcePort":"58248","SourceModuleName":"eventlog","Severity":"INFO","SourceName":"Microsoft-Windows-Security-Auditing","Version":0,"LayerName":"%%14608","Category":"Filtering Platform Connection","SourceAddress":"0.0.0.0","tags":["mordorDataset"],"Hostname":"MORDORDC.theshire.local"}
{"Keywords":-9214364837600034816,"SeverityValue":2,"Application":"\\device\\harddiskvolume2\\windowsazure\\guestagent_2.7.41491.993_2020-09-17_150607\\waappagent.exe","EventID":5156,"ProviderGuid":"{54849625-5478-4994-A5BA-3E3B0328C30D}","ExecutionProcessID":4,"Channel":"Security","host":"wec.internal.cloudapp.net","EventReceivedTime":"2020-09-19 21:17:33","ProcessId":"3572","ThreadID":1872,"EventType":"AUDIT_SUCCESS","Opcode":"Info","EventTime":"2020-09-19 21:17:30","Message":"The Windows Filtering Platform has permitted a connection.\r\n\r\nApplication Information:\r\n\tProcess ID:\t\t3572\r\n\tApplication Name:\t\\device\\harddiskvolume2\\windowsazure\\guestagent_2.7.41491.993_2020-09-17_150607\\waappagent.exe\r\n\r\nNetwork Information:\r\n\tDirection:\t\tOutbound\r\n\tSource Address:\t\t172.18.38.5\r\n\tSource Port:\t\t58248\r\n\tDestination Address:\t168.63.129.16\r\n\tDestination Port:\t\t80\r\n\tProtocol:\t\t6\r\n\r\nFilter Information:\r\n\tFilter Run-Time ID:\t71130\r\n\tLayer Name:\t\tConnect\r\n\tLayer Run-Time ID:\t48","FilterRTID":"71130","RemoteUserID":"S-1-0-0","@timestamp":"2020-09-20T01:17:33.529Z","LayerRTID":"48","SourceModuleType":"im_msvistalog","port":64545,"RecordNumber":1103002,"Task":12810,"Direction":"%%14593","@version":"1","OpcodeValue":0,"SourcePort":"58248","DestPort":"80","Protocol":"6","SourceModuleName":"eventlog","Severity":"INFO","DestAddress":"168.63.129.16","SourceName":"Microsoft-Windows-Security-Auditing","Version":1,"LayerName":"%%14611","RemoteMachineID":"S-1-0-0","Category":"Filtering Platform Connection","SourceAddress":"172.18.38.5","tags":["mordorDataset"],"Hostname":"MORDORDC.theshire.local"}
{"Keywords":-9223372036854775808,"SeverityValue":2,"SourceImage":"C:\\windows\\system32\\svchost.exe","EventID":10,"ProviderGuid":"{5770385F-C22A-43E0-BF4C-06F5698FFBD9}","ExecutionProcessID":3392,"Channel":"Microsoft-Windows-Sysmon/Operational","host":"wec.internal.cloudapp.net","AccountType":"User","UserID":"S-1-5-18","SourceProcessGUID":"{d273d0f0-e867-5f64-1300-000000000800}","ThreadID":5552,"TargetImage":"C:\\windows\\System32\\svchost.exe","GrantedAccess":"0x1000","EventType":"INFO","Opcode":"Info","EventTime":"2020-09-19 21:17:33","EventReceivedTime":"2020-09-19 21:17:36","@timestamp":"2020-09-20T01:17:36.530Z","SourceModuleType":"im_msvistalog","port":64545,"AccountName":"SYSTEM","RecordNumber":2581868,"SourceProcessId":"428","SourceThreadId":"5864","Task":10,"Domain":"NT AUTHORITY","@version":"1","OpcodeValue":0,"SourceModuleName":"eventlog","TargetProcessGUID":"{d273d0f0-e899-5f64-9e00-000000000800}","Severity":"INFO","SourceName":"Microsoft-Windows-Sysmon","Version":3,"TargetProcessId":"6604","Category":"Process accessed (rule: ProcessAccess)","CallTrace":"C:\\windows\\SYSTEM32\\ntdll.dll+9c534|C:\\windows\\System32\\KERNELBASE.dll+6aec5|c:\\windows\\system32\\lsm.dll+1184f|c:\\windows\\system32\\lsm.dll+1172e|C:\\windows\\System32\\RPCRT4.dll+76a53|C:\\windows\\System32\\RPCRT4.dll+da036|C:\\windows\\System32\\RPCRT4.dll+37b1c|C:\\windows\\System32\\RPCRT4.dll+54998|C:\\windows\\System32\\RPCRT4.dll+2c951|C:\\windows\\System32\\RPCRT4.dll+2c20b|C:\\windows\\System32\\RPCRT4.dll+1a86f|C:\\windows\\System32\\RPCRT4.dll+19d1a|C:\\windows\\System32\\RPCRT4.dll+19301|C:\\windows\\System32\\RPCRT4.dll+18d6e|C:\\windows\\System32\\RPCRT4.dll+169a5|C:\\windows\\SYSTEM32\\ntdll.dll+333ed|C:\\windows\\SYSTEM32\\ntdll.dll+34142|C:\\windows\\System32\\KERNEL32.DLL+17bd4|C:\\windows\\SYSTEM32\\ntdll.dll+6ce51","UtcTime":"2020-09-20 01:17:33.518","Hostname":"WORKSTATION6.theshire.local","RuleName":"-","tags":["mordorDataset"]}
{"Keywords":-9223372036854775808,"SeverityValue":2,"TargetObject":"HKU\\S-1-5-20\\Software\\Microsoft\\Windows\\CurrentVersion\\DeliveryOptimization\\Usage\\UploadMonthlyInternetBytes","EventTypeOrignal":"INFO","EventID":13,"ProviderGuid":"{5770385F-C22A-43E0-BF4C-06F5698FFBD9}","ExecutionProcessID":9848,"host":"wec.internal.cloudapp.net","Channel":"Microsoft-Windows-Sysmon/Operational","UserID":"S-1-5-18","AccountType":"User","ThreadID":7976,"ProcessGuid":"{b34bc01c-8526-5f63-2103-000000000400}","Details":"QWORD (0x00000000-0x00000000)","EventReceivedTime":"2020-09-19 21:17:37","Opcode":"Info","EventTime":"2020-09-19 21:17:34","@timestamp":"2020-09-20T01:17:37.530Z","SourceModuleType":"im_msvistalog","port":64545,"AccountName":"SYSTEM","RecordNumber":1818788,"Task":13,"Domain":"NT AUTHORITY","@version":"1","OpcodeValue":0,"SourceModuleName":"eventlog","Severity":"INFO","SourceName":"Microsoft-Windows-Sysmon","Version":2,"Image":"C:\\windows\\System32\\svchost.exe","Category":"Registry value set (rule: RegistryEvent)","UtcTime":"2020-09-20 01:17:34.613","Hostname":"WORKSTATION5.theshire.local","RuleName":"-","tags":["mordorDataset"]}
{"Keywords":-9223372036854775808,"SeverityValue":2,"TargetObject":"HKU\\S-1-5-20\\Software\\Microsoft\\Windows\\CurrentVersion\\DeliveryOptimization\\Usage\\UploadMonthlyLanBytes","EventTypeOrignal":"INFO","EventID":13,"ProviderGuid":"{5770385F-C22A-43E0-BF4C-06F5698FFBD9}","ExecutionProcessID":9848,"host":"wec.internal.cloudapp.net","Channel":"Microsoft-Windows-Sysmon/Operational","UserID":"S-1-5-18","AccountType":"User","ThreadID":7976,"ProcessGuid":"{b34bc01c-8526-5f63-2103-000000000400}","Details":"QWORD (0x00000000-0x00000000)","EventReceivedTime":"2020-09-19 21:17:37","Opcode":"Info","EventTime":"2020-09-19 21:17:34","@timestamp":"2020-09-20T01:17:37.531Z","SourceModuleType":"im_msvistalog","port":64545,"AccountName":"SYSTEM","RecordNumber":1818789,"Task":13,"Domain":"NT AUTHORITY","@version":"1","OpcodeValue":0,"SourceModuleName":"eventlog","Severity":"INFO","SourceName":"Microsoft-Windows-Sysmon","Version":2,"Image":"C:\\windows\\System32\\svchost.exe","Category":"Registry value set (rule: RegistryEvent)","UtcTime":"2020-09-20 01:17:34.613","Hostname":"WORKSTATION5.theshire.local","RuleName":"-","tags":["mordorDataset"]}
{"Keywords":-9223372036854775808,"SeverityValue":2,"TargetObject":"HKU\\S-1-5-20\\Software\\Microsoft\\Windows\\CurrentVersion\\DeliveryOptimization\\Usage\\DownloadMonthlyInternetBytes","EventTypeOrignal":"INFO","EventID":13,"ProviderGuid":"{5770385F-C22A-43E0-BF4C-06F5698FFBD9}","ExecutionProcessID":9848,"host":"wec.internal.cloudapp.net","Channel":"Microsoft-Windows-Sysmon/Operational","UserID":"S-1-5-18","AccountType":"User","ThreadID":7976,"ProcessGuid":"{b34bc01c-8526-5f63-2103-000000000400}","Details":"QWORD (0x00000000-0x00000000)","EventReceivedTime":"2020-09-19 21:17:37","Opcode":"Info","EventTime":"2020-09-19 21:17:34","@timestamp":"2020-09-20T01:17:37.531Z","SourceModuleType":"im_msvistalog","port":64545,"AccountName":"SYSTEM","RecordNumber":1818790,"Task":13,"Domain":"NT AUTHORITY","@version":"1","OpcodeValue":0,"SourceModuleName":"eventlog","Severity":"INFO","SourceName":"Microsoft-Windows-Sysmon","Version":2,"Image":"C:\\windows\\System32\\svchost.exe","Category":"Registry value set (rule: RegistryEvent)","UtcTime":"2020-09-20 01:17:34.613","Hostname":"WORKSTATION5.theshire.local","RuleName":"-","tags":["mordorDataset"]}
{"Keywords":-9223372036854775808,"SeverityValue":2,"TargetObject":"HKU\\S-1-5-20\\Software\\Microsoft\\Windows\\CurrentVersion\\DeliveryOptimization\\Usage\\DownloadMonthlyLanBytes","EventTypeOrignal":"INFO","EventID":13,"ProviderGuid":"{5770385F-C22A-43E0-BF4C-06F5698FFBD9}","ExecutionProcessID":9848,"host":"wec.internal.cloudapp.net","Channel":"Microsoft-Windows-Sysmon/Operational","UserID":"S-1-5-18","AccountType":"User","ThreadID":7976,"ProcessGuid":"{b34bc01c-8526-5f63-2103-000000000400}","Details":"QWORD (0x00000000-0x00000000)","EventReceivedTime":"2020-09-19 21:17:37","Opcode":"Info","EventTime":"2020-09-19 21:17:34","@timestamp":"2020-09-20T01:17:37.531Z","SourceModuleType":"im_msvistalog","port":64545,"AccountName":"SYSTEM","RecordNumber":1818791,"Task":13,"Domain":"NT AUTHORITY","@version":"1","OpcodeValue":0,"SourceModuleName":"eventlog","Severity":"INFO","SourceName":"Microsoft-Windows-Sysmon","Version":2,"Image":"C:\\windows\\System32\\svchost.exe","Category":"Registry value set (rule: RegistryEvent)","UtcTime":"2020-09-20 01:17:34.613","Hostname":"WORKSTATION5.theshire.local","RuleName":"-","tags":["mordorDataset"]}
{"Keywords":-9223372036854775808,"SeverityValue":2,"TargetObject":"HKU\\S-1-5-20\\Software\\Microsoft\\Windows\\CurrentVersion\\DeliveryOptimization\\Usage\\DownloadMonthlyCdnBytes","EventTypeOrignal":"INFO","EventID":13,"ProviderGuid":"{5770385F-C22A-43E0-BF4C-06F5698FFBD9}","ExecutionProcessID":9848,"host":"wec.internal.cloudapp.net","Channel":"Microsoft-Windows-Sysmon/Operational","UserID":"S-1-5-18","AccountType":"User","ThreadID":7976,"ProcessGuid":"{b34bc01c-8526-5f63-2103-000000000400}","Details":"QWORD (0x00000000-0x4fbbbca0)","EventReceivedTime":"2020-09-19 21:17:37","Opcode":"Info","EventTime":"2020-09-19 21:17:34","@timestamp":"2020-09-20T01:17:37.532Z","SourceModuleType":"im_msvistalog","port":64545,"AccountName":"SYSTEM","RecordNumber":1818792,"Task":13,"Domain":"NT AUTHORITY","@version":"1","OpcodeValue":0,"SourceModuleName":"eventlog","Severity":"INFO","SourceName":"Microsoft-Windows-Sysmon","Version":2,"Image":"C:\\windows\\System32\\svchost.exe","Category":"Registry value set (rule: RegistryEvent)","UtcTime":"2020-09-20 01:17:34.613","Hostname":"WORKSTATION5.theshire.local","RuleName":"-","tags":["mordorDataset"]}
{"Keywords":-9223372036854775808,"SeverityValue":2,"TargetObject":"HKU\\S-1-5-20\\Software\\Microsoft\\Windows\\CurrentVersion\\DeliveryOptimization\\Usage\\DownloadMonthlyRateFrBps","EventTypeOrignal":"INFO","EventID":13,"ProviderGuid":"{5770385F-C22A-43E0-BF4C-06F5698FFBD9}","ExecutionProcessID":9848,"host":"wec.internal.cloudapp.net","Channel":"Microsoft-Windows-Sysmon/Operational","UserID":"S-1-5-18","AccountType":"User","ThreadID":7976,"ProcessGuid":"{b34bc01c-8526-5f63-2103-000000000400}","Details":"QWORD (0x00000000-0x00bb8cde)","EventReceivedTime":"2020-09-19 21:17:37","Opcode":"Info","EventTime":"2020-09-19 21:17:34","@timestamp":"2020-09-20T01:17:37.532Z","SourceModuleType":"im_msvistalog","port":64545,"AccountName":"SYSTEM","RecordNumber":1818793,"Task":13,"Domain":"NT AUTHORITY","@version":"1","OpcodeValue":0,"SourceModuleName":"eventlog","Severity":"INFO","SourceName":"Microsoft-Windows-Sysmon","Version":2,"Image":"C:\\windows\\System32\\svchost.exe","Category":"Registry value set (rule: RegistryEvent)","UtcTime":"2020-09-20 01:17:34.613","Hostname":"WORKSTATION5.theshire.local","RuleName":"-","tags":["mordorDataset"]}
{"Keywords":-9223372036854775808,"SeverityValue":2,"TargetObject":"HKU\\S-1-5-20\\Software\\Microsoft\\Windows\\CurrentVersion\\DeliveryOptimization\\Usage\\DownloadMonthlyRateBkBps","EventTypeOrignal":"INFO","EventID":13,"ProviderGuid":"{5770385F-C22A-43E0-BF4C-06F5698FFBD9}","ExecutionProcessID":9848,"host":"wec.internal.cloudapp.net","Channel":"Microsoft-Windows-Sysmon/Operational","UserID":"S-1-5-18","AccountType":"User","ThreadID":7976,"ProcessGuid":"{b34bc01c-8526-5f63-2103-000000000400}","Details":"QWORD (0x00000000-0x00000000)","EventReceivedTime":"2020-09-19 21:17:37","Opcode":"Info","EventTime":"2020-09-19 21:17:34","@timestamp":"2020-09-20T01:17:37.533Z","SourceModuleType":"im_msvistalog","port":64545,"AccountName":"SYSTEM","RecordNumber":1818794,"Task":13,"Domain":"NT AUTHORITY","@version":"1","OpcodeValue":0,"SourceModuleName":"eventlog","Severity":"INFO","SourceName":"Microsoft-Windows-Sysmon","Version":2,"Image":"C:\\windows\\System32\\svchost.exe","Category":"Registry value set (rule: RegistryEvent)","UtcTime":"2020-09-20 01:17:34.613","Hostname":"WORKSTATION5.theshire.local","RuleName":"-","tags":["mordorDataset"]}
{"Keywords":-9223372036854775808,"SeverityValue":2,"TargetObject":"HKU\\S-1-5-20\\Software\\Microsoft\\Windows\\CurrentVersion\\DeliveryOptimization\\Usage\\MonthID","EventTypeOrignal":"INFO","EventID":13,"ProviderGuid":"{5770385F-C22A-43E0-BF4C-06F5698FFBD9}","ExecutionProcessID":9848,"host":"wec.internal.cloudapp.net","Channel":"Microsoft-Windows-Sysmon/Operational","UserID":"S-1-5-18","AccountType":"User","ThreadID":7976,"ProcessGuid":"{b34bc01c-8526-5f63-2103-000000000400}","Details":"DWORD (0x00000009)","EventReceivedTime":"2020-09-19 21:17:37","Opcode":"Info","EventTime":"2020-09-19 21:17:34","@timestamp":"2020-09-20T01:17:37.533Z","SourceModuleType":"im_msvistalog","port":64545,"AccountName":"SYSTEM","RecordNumber":1818795,"Task":13,"Domain":"NT AUTHORITY","@version":"1","OpcodeValue":0,"SourceModuleName":"eventlog","Severity":"INFO","SourceName":"Microsoft-Windows-Sysmon","Version":2,"Image":"C:\\windows\\System32\\svchost.exe","Category":"Registry value set (rule: RegistryEvent)","UtcTime":"2020-09-20 01:17:34.613","Hostname":"WORKSTATION5.theshire.local","RuleName":"-","tags":["mordorDataset"]}
{"Keywords":-9223372036854775808,"SeverityValue":2,"TargetObject":"HKU\\S-1-5-20\\Software\\Microsoft\\Windows\\CurrentVersion\\DeliveryOptimization\\Config\\DownloadMode_BackCompat","EventTypeOrignal":"INFO","EventID":13,"ProviderGuid":"{5770385F-C22A-43E0-BF4C-06F5698FFBD9}","ExecutionProcessID":9848,"host":"wec.internal.cloudapp.net","Channel":"Microsoft-Windows-Sysmon/Operational","UserID":"S-1-5-18","AccountType":"User","ThreadID":7976,"ProcessGuid":"{b34bc01c-8526-5f63-2103-000000000400}","Details":"DWORD (0x00000001)","EventReceivedTime":"2020-09-19 21:17:37","Opcode":"Info","EventTime":"2020-09-19 21:17:34","@timestamp":"2020-09-20T01:17:37.534Z","SourceModuleType":"im_msvistalog","port":64545,"AccountName":"SYSTEM","RecordNumber":1818796,"Task":13,"Domain":"NT AUTHORITY","@version":"1","OpcodeValue":0,"SourceModuleName":"eventlog","Severity":"INFO","SourceName":"Microsoft-Windows-Sysmon","Version":2,"Image":"C:\\windows\\System32\\svchost.exe","Category":"Registry value set (rule: RegistryEvent)","UtcTime":"2020-09-20 01:17:34.613","Hostname":"WORKSTATION5.theshire.local","RuleName":"-","tags":["mordorDataset"]}
{"Keywords":-9223372036854775808,"SeverityValue":2,"TargetObject":"HKU\\S-1-5-20\\Software\\Microsoft\\Windows\\CurrentVersion\\DeliveryOptimization\\Config\\DODownloadMode","EventTypeOrignal":"INFO","EventID":13,"ProviderGuid":"{5770385F-C22A-43E0-BF4C-06F5698FFBD9}","ExecutionProcessID":9848,"host":"wec.internal.cloudapp.net","Channel":"Microsoft-Windows-Sysmon/Operational","UserID":"S-1-5-18","AccountType":"User","ThreadID":7976,"ProcessGuid":"{b34bc01c-8526-5f63-2103-000000000400}","Details":"DWORD (0x00000001)","EventReceivedTime":"2020-09-19 21:17:37","Opcode":"Info","EventTime":"2020-09-19 21:17:34","@timestamp":"2020-09-20T01:17:37.534Z","SourceModuleType":"im_msvistalog","port":64545,"AccountName":"SYSTEM","RecordNumber":1818797,"Task":13,"Domain":"NT AUTHORITY","@version":"1","OpcodeValue":0,"SourceModuleName":"eventlog","Severity":"INFO","SourceName":"Microsoft-Windows-Sysmon","Version":2,"Image":"C:\\windows\\System32\\svchost.exe","Category":"Registry value set (rule: RegistryEvent)","UtcTime":"2020-09-20 01:17:34.613","Hostname":"WORKSTATION5.theshire.local","RuleName":"-","tags":["mordorDataset"]}
{"Keywords":-9223372036854775808,"SeverityValue":2,"TargetObject":"HKU\\S-1-5-20\\Software\\Microsoft\\Windows\\CurrentVersion\\DeliveryOptimization\\Config\\DownloadMode_BackCompat","EventTypeOrignal":"INFO","EventID":13,"ProviderGuid":"{5770385F-C22A-43E0-BF4C-06F5698FFBD9}","ExecutionProcessID":9848,"host":"wec.internal.cloudapp.net","Channel":"Microsoft-Windows-Sysmon/Operational","UserID":"S-1-5-18","AccountType":"User","ThreadID":7976,"ProcessGuid":"{b34bc01c-8526-5f63-2103-000000000400}","Details":"DWORD (0x00000001)","EventReceivedTime":"2020-09-19 21:17:37","Opcode":"Info","EventTime":"2020-09-19 21:17:34","@timestamp":"2020-09-20T01:17:37.535Z","SourceModuleType":"im_msvistalog","port":64545,"AccountName":"SYSTEM","RecordNumber":1818798,"Task":13,"Domain":"NT AUTHORITY","@version":"1","OpcodeValue":0,"SourceModuleName":"eventlog","Severity":"INFO","SourceName":"Microsoft-Windows-Sysmon","Version":2,"Image":"C:\\windows\\System32\\svchost.exe","Category":"Registry value set (rule: RegistryEvent)","UtcTime":"2020-09-20 01:17:34.613","Hostname":"WORKSTATION5.theshire.local","RuleName":"-","tags":["mordorDataset"]}
{"Keywords":-9223372036854775808,"SeverityValue":2,"TargetObject":"HKU\\S-1-5-20\\Software\\Microsoft\\Windows\\CurrentVersion\\DeliveryOptimization\\Config\\DODownloadMode","EventTypeOrignal":"INFO","EventID":13,"ProviderGuid":"{5770385F-C22A-43E0-BF4C-06F5698FFBD9}","ExecutionProcessID":9848,"host":"wec.internal.cloudapp.net","Channel":"Microsoft-Windows-Sysmon/Operational","UserID":"S-1-5-18","AccountType":"User","ThreadID":7976,"ProcessGuid":"{b34bc01c-8526-5f63-2103-000000000400}","Details":"DWORD (0x00000001)","EventReceivedTime":"2020-09-19 21:17:37","Opcode":"Info","EventTime":"2020-09-19 21:17:34","@timestamp":"2020-09-20T01:17:37.535Z","SourceModuleType":"im_msvistalog","port":64545,"AccountName":"SYSTEM","RecordNumber":1818799,"Task":13,"Domain":"NT AUTHORITY","@version":"1","OpcodeValue":0,"SourceModuleName":"eventlog","Severity":"INFO","SourceName":"Microsoft-Windows-Sysmon","Version":2,"Image":"C:\\windows\\System32\\svchost.exe","Category":"Registry value set (rule: RegistryEvent)","UtcTime":"2020-09-20 01:17:34.613","Hostname":"WORKSTATION5.theshire.local","RuleName":"-","tags":["mordorDataset"]}
{"Keywords":-9214364837600034816,"SeverityValue":2,"Application":"\\device\\harddiskvolume2\\windowsazure\\guestagent_2.7.41491.993_2020-09-17_150607\\guestagent\\windowsazureguestagent.exe","EventID":5158,"ProviderGuid":"{54849625-5478-4994-A5BA-3E3B0328C30D}","ExecutionProcessID":4,"Channel":"Security","host":"wec.internal.cloudapp.net","EventReceivedTime":"2020-09-19 21:17:37","ProcessId":"3596","ThreadID":1436,"EventType":"AUDIT_SUCCESS","Opcode":"Info","EventTime":"2020-09-19 21:17:34","Message":"The Windows Filtering Platform has permitted a bind to a local port.\r\n\r\nApplication Information:\r\n\tProcess ID:\t\t3596\r\n\tApplication Name:\t\\device\\harddiskvolume2\\windowsazure\\guestagent_2.7.41491.993_2020-09-17_150607\\guestagent\\windowsazureguestagent.exe\r\n\r\nNetwork Information:\r\n\tSource Address:\t\t0.0.0.0\r\n\tSource Port:\t\t58249\r\n\tProtocol:\t\t6\r\n\r\nFilter Information:\r\n\tFilter Run-Time ID:\t0\r\n\tLayer Name:\t\tResource Assignment\r\n\tLayer Run-Time ID:\t36","FilterRTID":"0","@timestamp":"2020-09-20T01:17:37.536Z","LayerRTID":"36","SourceModuleType":"im_msvistalog","port":64545,"RecordNumber":1103003,"Task":12810,"Protocol":"6","@version":"1","OpcodeValue":0,"SourcePort":"58249","SourceModuleName":"eventlog","Severity":"INFO","SourceName":"Microsoft-Windows-Security-Auditing","Version":0,"LayerName":"%%14608","Category":"Filtering Platform Connection","SourceAddress":"0.0.0.0","tags":["mordorDataset"],"Hostname":"MORDORDC.theshire.local"}
{"Keywords":-9214364837600034816,"SeverityValue":2,"Application":"\\device\\harddiskvolume2\\windowsazure\\guestagent_2.7.41491.993_2020-09-17_150607\\guestagent\\windowsazureguestagent.exe","EventID":5156,"ProviderGuid":"{54849625-5478-4994-A5BA-3E3B0328C30D}","ExecutionProcessID":4,"Channel":"Security","host":"wec.internal.cloudapp.net","EventReceivedTime":"2020-09-19 21:17:37","ProcessId":"3596","ThreadID":2612,"EventType":"AUDIT_SUCCESS","Opcode":"Info","EventTime":"2020-09-19 21:17:34","Message":"The Windows Filtering Platform has permitted a connection.\r\n\r\nApplication Information:\r\n\tProcess ID:\t\t3596\r\n\tApplication Name:\t\\device\\harddiskvolume2\\windowsazure\\guestagent_2.7.41491.993_2020-09-17_150607\\guestagent\\windowsazureguestagent.exe\r\n\r\nNetwork Information:\r\n\tDirection:\t\tOutbound\r\n\tSource Address:\t\t172.18.38.5\r\n\tSource Port:\t\t58249\r\n\tDestination Address:\t168.63.129.16\r\n\tDestination Port:\t\t80\r\n\tProtocol:\t\t6\r\n\r\nFilter Information:\r\n\tFilter Run-Time ID:\t71130\r\n\tLayer Name:\t\tConnect\r\n\tLayer Run-Time ID:\t48","FilterRTID":"71130","RemoteUserID":"S-1-0-0","@timestamp":"2020-09-20T01:17:37.536Z","LayerRTID":"48","SourceModuleType":"im_msvistalog","port":64545,"RecordNumber":1103004,"Task":12810,"Direction":"%%14593","@version":"1","OpcodeValue":0,"SourcePort":"58249","DestPort":"80","Protocol":"6","SourceModuleName":"eventlog","Severity":"INFO","DestAddress":"168.63.129.16","SourceName":"Microsoft-Windows-Security-Auditing","Version":1,"LayerName":"%%14611","RemoteMachineID":"S-1-0-0","Category":"Filtering Platform Connection","SourceAddress":"172.18.38.5","tags":["mordorDataset"],"Hostname":"MORDORDC.theshire.local"}
{"Keywords":-9214364837600034816,"SeverityValue":2,"Application":"\\device\\harddiskvolume2\\windowsazure\\guestagent_2.7.41491.993_2020-09-17_150914\\guestagent\\windowsazureguestagent.exe","EventID":5158,"ProviderGuid":"{54849625-5478-4994-A5BA-3E3B0328C30D}","ExecutionProcessID":4,"Channel":"Security","host":"wec.internal.cloudapp.net","EventReceivedTime":"2020-09-19 21:17:39","ProcessId":"3192","ThreadID":7796,"EventType":"AUDIT_SUCCESS","Opcode":"Info","EventTime":"2020-09-19 21:17:37","Message":"The Windows Filtering Platform has permitted a bind to a local port.\r\n\r\nApplication Information:\r\n\tProcess ID:\t\t3192\r\n\tApplication Name:\t\\device\\harddiskvolume2\\windowsazure\\guestagent_2.7.41491.993_2020-09-17_150914\\guestagent\\windowsazureguestagent.exe\r\n\r\nNetwork Information:\r\n\tSource Address:\t\t0.0.0.0\r\n\tSource Port:\t\t63097\r\n\tProtocol:\t\t6\r\n\r\nFilter Information:\r\n\tFilter Run-Time ID:\t0\r\n\tLayer Name:\t\tResource Assignment\r\n\tLayer Run-Time ID:\t36","FilterRTID":"0","@timestamp":"2020-09-20T01:17:39.532Z","LayerRTID":"36","SourceModuleType":"im_msvistalog","port":64545,"RecordNumber":466850,"Task":12810,"Protocol":"6","@version":"1","OpcodeValue":0,"SourcePort":"63097","SourceModuleName":"eventlog","Severity":"INFO","SourceName":"Microsoft-Windows-Security-Auditing","Version":0,"LayerName":"%%14608","Category":"Filtering Platform Connection","SourceAddress":"0.0.0.0","tags":["mordorDataset"],"Hostname":"WORKSTATION5.theshire.local"}
