{"tags":["mordorDataset"],"TargetProcessGUID":"{297bc33e-5c30-5f2b-1600-000000000400}","@version":"1","EventType":"INFO","Version":3,"ThreadID":4364,"EventTime":"2020-08-06 03:20:00","Task":10,"AccountType":"User","SourceProcessGUID":"{297bc33e-5c2f-5f2b-1200-000000000400}","CallTrace":"C:\\windows\\SYSTEM32\\ntdll.dll+9c534|C:\\windows\\System32\\KERNELBASE.dll+2726e|c:\\windows\\system32\\lsm.dll+1a207|C:\\windows\\System32\\RPCRT4.dll+76953|C:\\windows\\System32\\RPCRT4.dll+da036|C:\\windows\\System32\\RPCRT4.dll+38289|C:\\windows\\System32\\combase.dll+9e2bf|C:\\windows\\System32\\combase.dll+154c3|C:\\windows\\System32\\combase.dll+152b3|C:\\windows\\System32\\combase.dll+a1166|C:\\windows\\System32\\combase.dll+3c3fa|C:\\windows\\System32\\combase.dll+9cdad|C:\\windows\\System32\\combase.dll+52acc|C:\\windows\\System32\\combase.dll+53331|C:\\windows\\System32\\combase.dll+54ad8|C:\\windows\\System32\\RPCRT4.dll+548c8|C:\\windows\\System32\\RPCRT4.dll+2c921|C:\\windows\\System32\\RPCRT4.dll+2c470|C:\\windows\\System32\\RPCRT4.dll+1a6bf|C:\\windows\\System32\\RPCRT4.dll+19d1a|C:\\windows\\System32\\RPCRT4.dll+19301|C:\\windows\\System32\\RPCRT4.dll+18d6e|C:\\windows\\System32\\RPCRT4.dll+169a5|C:\\windows\\SYSTEM32\\ntdll.dll+333ed","Channel":"Microsoft-Windows-Sysmon/Operational","SourceName":"Microsoft-Windows-Sysmon","OpcodeValue":0,"Hostname":"WORKSTATION5.theshire.local","@timestamp":"2020-08-06T07:20:02.870Z","Message":"Process accessed:\r\nRuleName: -\r\nUtcTime: 2020-08-06 07:20:00.006\r\nSourceProcessGUID: {297bc33e-5c2f-5f2b-1200-000000000400}\r\nSourceProcessId: 452\r\nSourceThreadId: 7884\r\nSourceImage: C:\\windows\\system32\\svchost.exe\r\nTargetProcessGUID: {297bc33e-5c30-5f2b-1600-000000000400}\r\nTargetProcessId: 1032\r\nTargetImage: C:\\windows\\System32\\svchost.exe\r\nGrantedAccess: 0x40\r\nCallTrace: C:\\windows\\SYSTEM32\\ntdll.dll+9c534|C:\\windows\\System32\\KERNELBASE.dll+2726e|c:\\windows\\system32\\lsm.dll+1a207|C:\\windows\\System32\\RPCRT4.dll+76953|C:\\windows\\System32\\RPCRT4.dll+da036|C:\\windows\\System32\\RPCRT4.dll+38289|C:\\windows\\System32\\combase.dll+9e2bf|C:\\windows\\System32\\combase.dll+154c3|C:\\windows\\System32\\combase.dll+152b3|C:\\windows\\System32\\combase.dll+a1166|C:\\windows\\System32\\combase.dll+3c3fa|C:\\windows\\System32\\combase.dll+9cdad|C:\\windows\\System32\\combase.dll+52acc|C:\\windows\\System32\\combase.dll+53331|C:\\windows\\System32\\combase.dll+54ad8|C:\\windows\\System32\\RPCRT4.dll+548c8|C:\\windows\\System32\\RPCRT4.dll+2c921|C:\\windows\\System32\\RPCRT4.dll+2c470|C:\\windows\\System32\\RPCRT4.dll+1a6bf|C:\\windows\\System32\\RPCRT4.dll+19d1a|C:\\windows\\System32\\RPCRT4.dll+19301|C:\\windows\\System32\\RPCRT4.dll+18d6e|C:\\windows\\System32\\RPCRT4.dll+169a5|C:\\windows\\SYSTEM32\\ntdll.dll+333ed","SourceModuleName":"eventlog","ProcessId":"452","SourceImage":"C:\\windows\\system32\\svchost.exe","EventReceivedTime":"2020-08-06 03:20:02","port":60122,"AccountName":"SYSTEM","UtcTime":"2020-08-06 07:20:00.006","GrantedAccess":"0x40","Domain":"NT AUTHORITY","ExecutionProcessID":3284,"host":"wec.internal.cloudapp.net","SourceProcessId":"452","SourceThreadId":"7884","Severity":"INFO","TargetProcessId":"1032","SeverityValue":2,"EventID":10,"UserID":"S-1-5-18","ProviderGuid":"{5770385F-C22A-43E0-BF4C-06F5698FFBD9}","RecordNumber":326540,"SourceModuleType":"im_msvistalog","Keywords":-9223372036854775808,"TargetImage":"C:\\windows\\System32\\svchost.exe","RuleName":"-"}
{"tags":["mordorDataset"],"TargetProcessGUID":"{297bc33e-5c35-5f2b-4700-000000000400}","@version":"1","EventType":"INFO","Version":3,"ThreadID":4364,"EventTime":"2020-08-06 03:20:00","Task":10,"AccountType":"User","SourceProcessGUID":"{297bc33e-5c2f-5f2b-1200-000000000400}","CallTrace":"C:\\windows\\SYSTEM32\\ntdll.dll+9c534|C:\\windows\\System32\\KERNELBASE.dll+6a7f5|c:\\windows\\system32\\lsm.dll+111b6|C:\\windows\\System32\\RPCRT4.dll+76953|C:\\windows\\System32\\RPCRT4.dll+da036|C:\\windows\\System32\\RPCRT4.dll+37a4c|C:\\windows\\System32\\RPCRT4.dll+548c8|C:\\windows\\System32\\RPCRT4.dll+2c921|C:\\windows\\System32\\RPCRT4.dll+2c1db|C:\\windows\\System32\\RPCRT4.dll+1a86f|C:\\windows\\System32\\RPCRT4.dll+19d1a|C:\\windows\\System32\\RPCRT4.dll+19301|C:\\windows\\System32\\RPCRT4.dll+18d6e|C:\\windows\\System32\\RPCRT4.dll+169a5|C:\\windows\\SYSTEM32\\ntdll.dll+333ed|C:\\windows\\SYSTEM32\\ntdll.dll+34142|C:\\windows\\System32\\KERNEL32.DLL+17bd4|C:\\windows\\SYSTEM32\\ntdll.dll+6ce51","Channel":"Microsoft-Windows-Sysmon/Operational","SourceName":"Microsoft-Windows-Sysmon","OpcodeValue":0,"Hostname":"WORKSTATION5.theshire.local","@timestamp":"2020-08-06T07:20:02.870Z","Message":"Process accessed:\r\nRuleName: -\r\nUtcTime: 2020-08-06 07:20:00.006\r\nSourceProcessGUID: {297bc33e-5c2f-5f2b-1200-000000000400}\r\nSourceProcessId: 452\r\nSourceThreadId: 7884\r\nSourceImage: C:\\windows\\system32\\svchost.exe\r\nTargetProcessGUID: {297bc33e-5c35-5f2b-4700-000000000400}\r\nTargetProcessId: 3140\r\nTargetImage: C:\\windows\\System32\\svchost.exe\r\nGrantedAccess: 0x1000\r\nCallTrace: C:\\windows\\SYSTEM32\\ntdll.dll+9c534|C:\\windows\\System32\\KERNELBASE.dll+6a7f5|c:\\windows\\system32\\lsm.dll+111b6|C:\\windows\\System32\\RPCRT4.dll+76953|C:\\windows\\System32\\RPCRT4.dll+da036|C:\\windows\\System32\\RPCRT4.dll+37a4c|C:\\windows\\System32\\RPCRT4.dll+548c8|C:\\windows\\System32\\RPCRT4.dll+2c921|C:\\windows\\System32\\RPCRT4.dll+2c1db|C:\\windows\\System32\\RPCRT4.dll+1a86f|C:\\windows\\System32\\RPCRT4.dll+19d1a|C:\\windows\\System32\\RPCRT4.dll+19301|C:\\windows\\System32\\RPCRT4.dll+18d6e|C:\\windows\\System32\\RPCRT4.dll+169a5|C:\\windows\\SYSTEM32\\ntdll.dll+333ed|C:\\windows\\SYSTEM32\\ntdll.dll+34142|C:\\windows\\System32\\KERNEL32.DLL+17bd4|C:\\windows\\SYSTEM32\\ntdll.dll+6ce51","SourceModuleName":"eventlog","ProcessId":"452","SourceImage":"C:\\windows\\system32\\svchost.exe","EventReceivedTime":"2020-08-06 03:20:02","port":60122,"AccountName":"SYSTEM","UtcTime":"2020-08-06 07:20:00.006","GrantedAccess":"0x1000","Domain":"NT AUTHORITY","ExecutionProcessID":3284,"host":"wec.internal.cloudapp.net","SourceProcessId":"452","SourceThreadId":"7884","Severity":"INFO","TargetProcessId":"3140","SeverityValue":2,"EventID":10,"UserID":"S-1-5-18","ProviderGuid":"{5770385F-C22A-43E0-BF4C-06F5698FFBD9}","RecordNumber":326541,"SourceModuleType":"im_msvistalog","Keywords":-9223372036854775808,"TargetImage":"C:\\windows\\System32\\svchost.exe","RuleName":"-"}
{"tags":["mordorDataset"],"TargetProcessGUID":"{297bc33e-5c35-5f2b-4700-000000000400}","@version":"1","EventType":"INFO","Version":3,"ThreadID":4364,"EventTime":"2020-08-06 03:20:00","Task":10,"AccountType":"User","SourceProcessGUID":"{297bc33e-5c2f-5f2b-1200-000000000400}","CallTrace":"C:\\windows\\SYSTEM32\\ntdll.dll+9c534|C:\\windows\\System32\\KERNELBASE.dll+6a7f5|c:\\windows\\system32\\lsm.dll+111b6|C:\\windows\\System32\\RPCRT4.dll+76953|C:\\windows\\System32\\RPCRT4.dll+da036|C:\\windows\\System32\\RPCRT4.dll+37a4c|C:\\windows\\System32\\RPCRT4.dll+548c8|C:\\windows\\System32\\RPCRT4.dll+2c921|C:\\windows\\System32\\RPCRT4.dll+2c1db|C:\\windows\\System32\\RPCRT4.dll+1a86f|C:\\windows\\System32\\RPCRT4.dll+19d1a|C:\\windows\\System32\\RPCRT4.dll+19301|C:\\windows\\System32\\RPCRT4.dll+18d6e|C:\\windows\\System32\\RPCRT4.dll+169a5|C:\\windows\\SYSTEM32\\ntdll.dll+333ed|C:\\windows\\SYSTEM32\\ntdll.dll+34142|C:\\windows\\System32\\KERNEL32.DLL+17bd4|C:\\windows\\SYSTEM32\\ntdll.dll+6ce51","Channel":"Microsoft-Windows-Sysmon/Operational","SourceName":"Microsoft-Windows-Sysmon","OpcodeValue":0,"Hostname":"WORKSTATION5.theshire.local","@timestamp":"2020-08-06T07:20:02.871Z","Message":"Process accessed:\r\nRuleName: -\r\nUtcTime: 2020-08-06 07:20:00.006\r\nSourceProcessGUID: {297bc33e-5c2f-5f2b-1200-000000000400}\r\nSourceProcessId: 452\r\nSourceThreadId: 7884\r\nSourceImage: C:\\windows\\system32\\svchost.exe\r\nTargetProcessGUID: {297bc33e-5c35-5f2b-4700-000000000400}\r\nTargetProcessId: 3140\r\nTargetImage: C:\\windows\\System32\\svchost.exe\r\nGrantedAccess: 0x1000\r\nCallTrace: C:\\windows\\SYSTEM32\\ntdll.dll+9c534|C:\\windows\\System32\\KERNELBASE.dll+6a7f5|c:\\windows\\system32\\lsm.dll+111b6|C:\\windows\\System32\\RPCRT4.dll+76953|C:\\windows\\System32\\RPCRT4.dll+da036|C:\\windows\\System32\\RPCRT4.dll+37a4c|C:\\windows\\System32\\RPCRT4.dll+548c8|C:\\windows\\System32\\RPCRT4.dll+2c921|C:\\windows\\System32\\RPCRT4.dll+2c1db|C:\\windows\\System32\\RPCRT4.dll+1a86f|C:\\windows\\System32\\RPCRT4.dll+19d1a|C:\\windows\\System32\\RPCRT4.dll+19301|C:\\windows\\System32\\RPCRT4.dll+18d6e|C:\\windows\\System32\\RPCRT4.dll+169a5|C:\\windows\\SYSTEM32\\ntdll.dll+333ed|C:\\windows\\SYSTEM32\\ntdll.dll+34142|C:\\windows\\System32\\KERNEL32.DLL+17bd4|C:\\windows\\SYSTEM32\\ntdll.dll+6ce51","SourceModuleName":"eventlog","ProcessId":"452","SourceImage":"C:\\windows\\system32\\svchost.exe","EventReceivedTime":"2020-08-06 03:20:02","port":60122,"AccountName":"SYSTEM","UtcTime":"2020-08-06 07:20:00.006","GrantedAccess":"0x1000","Domain":"NT AUTHORITY","ExecutionProcessID":3284,"host":"wec.internal.cloudapp.net","SourceProcessId":"452","SourceThreadId":"7884","Severity":"INFO","TargetProcessId":"3140","SeverityValue":2,"EventID":10,"UserID":"S-1-5-18","ProviderGuid":"{5770385F-C22A-43E0-BF4C-06F5698FFBD9}","RecordNumber":326542,"SourceModuleType":"im_msvistalog","Keywords":-9223372036854775808,"TargetImage":"C:\\windows\\System32\\svchost.exe","RuleName":"-"}
{"tags":["mordorDataset"],"@version":"1","EventType":"CreateKey","Version":2,"ThreadID":4364,"EventTime":"2020-08-06 03:20:00","Task":12,"AccountType":"User","Channel":"Microsoft-Windows-Sysmon/Operational","EventTypeOrignal":"INFO","SourceName":"Microsoft-Windows-Sysmon","Hostname":"WORKSTATION5.theshire.local","@timestamp":"2020-08-06T07:20:02.872Z","OpcodeValue":0,"Message":"Registry object added or deleted:\r\nRuleName: -\r\nEventType: CreateKey\r\nUtcTime: 2020-08-06 07:20:00.021\r\nProcessGuid: {297bc33e-5c35-5f2b-4700-000000000400}\r\nProcessId: 3140\r\nImage: C:\\windows\\System32\\svchost.exe\r\nTargetObject: HKLM\\SOFTWARE\\Microsoft\\Windows\\CurrentVersion\\VFUProvider","SourceModuleName":"eventlog","ProcessId":"3140","EventReceivedTime":"2020-08-06 03:20:02","port":60122,"AccountName":"SYSTEM","UtcTime":"2020-08-06 07:20:00.021","Domain":"NT AUTHORITY","ExecutionProcessID":3284,"host":"wec.internal.cloudapp.net","Severity":"INFO","TargetObject":"HKLM\\SOFTWARE\\Microsoft\\Windows\\CurrentVersion\\VFUProvider","SeverityValue":2,"EventID":12,"UserID":"S-1-5-18","ProviderGuid":"{5770385F-C22A-43E0-BF4C-06F5698FFBD9}","RecordNumber":326543,"Image":"C:\\windows\\System32\\svchost.exe","Keywords":-9223372036854775808,"ProcessGuid":"{297bc33e-5c35-5f2b-4700-000000000400}","SourceModuleType":"im_msvistalog","RuleName":"-"}
{"tags":["mordorDataset"],"@version":"1","EventType":"SetValue","Version":2,"ThreadID":4364,"EventTime":"2020-08-06 03:20:00","Task":13,"AccountType":"User","Channel":"Microsoft-Windows-Sysmon/Operational","EventTypeOrignal":"INFO","SourceName":"Microsoft-Windows-Sysmon","Hostname":"WORKSTATION5.theshire.local","@timestamp":"2020-08-06T07:20:02.872Z","OpcodeValue":0,"Message":"Registry value set:\r\nRuleName: -\r\nEventType: SetValue\r\nUtcTime: 2020-08-06 07:20:00.021\r\nProcessGuid: {297bc33e-5c35-5f2b-4700-000000000400}\r\nProcessId: 3140\r\nImage: C:\\windows\\System32\\svchost.exe\r\nTargetObject: HKLM\\SOFTWARE\\Microsoft\\Windows\\CurrentVersion\\VFUProvider\\StartTime\r\nDetails: QWORD (0x01d66bc1-0xfeb61d08)","SourceModuleName":"eventlog","ProcessId":"3140","Details":"QWORD (0x01d66bc1-0xfeb61d08)","port":60122,"AccountName":"SYSTEM","EventReceivedTime":"2020-08-06 03:20:02","UtcTime":"2020-08-06 07:20:00.021","Domain":"NT AUTHORITY","ExecutionProcessID":3284,"host":"wec.internal.cloudapp.net","Severity":"INFO","TargetObject":"HKLM\\SOFTWARE\\Microsoft\\Windows\\CurrentVersion\\VFUProvider\\StartTime","SeverityValue":2,"EventID":13,"UserID":"S-1-5-18","ProviderGuid":"{5770385F-C22A-43E0-BF4C-06F5698FFBD9}","RecordNumber":326544,"Image":"C:\\windows\\System32\\svchost.exe","Keywords":-9223372036854775808,"ProcessGuid":"{297bc33e-5c35-5f2b-4700-000000000400}","SourceModuleType":"im_msvistalog","RuleName":"-"}
{"@version":"1","EventType":"INFO","AccountType":"User","ThreadID":4208,"Channel":"Microsoft-Windows-Sysmon/Operational","OpcodeValue":0,"OriginalFileName":"wmidcom.dll","Hostname":"MORDORDC.theshire.local","@timestamp":"2020-08-06T07:20:03.869Z","ProcessId":"4164","Signed":"true","host":"wec.internal.cloudapp.net","SignatureStatus":"Valid","Severity":"INFO","SeverityValue":2,"Image":"C:\\Windows\\System32\\svchost.exe","SourceModuleType":"im_msvistalog","FileVersion":"10.0.17763.1 (WinBuild.160101.0800)","Version":3,"Company":"Microsoft Corporation","EventTime":"2020-08-06 03:20:00","Task":7,"Signature":"Microsoft Windows","SourceName":"Microsoft-Windows-Sysmon","Message":"Image loaded:\r\nRuleName: -\r\nUtcTime: 2020-08-06 07:20:00.958\r\nProcessGuid: {9f85ce58-5cd3-5f2b-7402-000000000400}\r\nProcessId: 4164\r\nImage: C:\\Windows\\System32\\svchost.exe\r\nImageLoaded: C:\\Windows\\System32\\wmidcom.dll\r\nFileVersion: 10.0.17763.1 (WinBuild.160101.0800)\r\nDescription: WMI\r\nProduct: Microsoft® Windows® Operating System\r\nCompany: Microsoft Corporation\r\nOriginalFileName: wmidcom.dll\r\nHashes: SHA1=4C7308C2A323D850C3E5DCB88A32A1C7DF9CBE4F,MD5=A9BC5F3E3C6406C3C5ABE804FBF7BC76,SHA256=A0177FD4B7690A680E5EAC9BDC78E21117B523622607BCA47305EB74984CF901,IMPHASH=8461651332BA942E21A64DBF3E9E80F8\r\nSigned: true\r\nSignature: Microsoft Windows\r\nSignatureStatus: Valid","SourceModuleName":"eventlog","ImageLoaded":"C:\\Windows\\System32\\wmidcom.dll","EventReceivedTime":"2020-08-06 03:20:03","port":60122,"AccountName":"SYSTEM","UtcTime":"2020-08-06 07:20:00.958","Domain":"NT AUTHORITY","ExecutionProcessID":3888,"Hashes":"SHA1=4C7308C2A323D850C3E5DCB88A32A1C7DF9CBE4F,MD5=A9BC5F3E3C6406C3C5ABE804FBF7BC76,SHA256=A0177FD4B7690A680E5EAC9BDC78E21117B523622607BCA47305EB74984CF901,IMPHASH=8461651332BA942E21A64DBF3E9E80F8","Description":"WMI","UserID":"S-1-5-18","EventID":7,"Product":"Microsoft® Windows® Operating System","ProviderGuid":"{5770385F-C22A-43E0-BF4C-06F5698FFBD9}","RecordNumber":280791,"Keywords":-9223372036854775808,"ProcessGuid":"{9f85ce58-5cd3-5f2b-7402-000000000400}","tags":["mordorDataset"],"RuleName":"-"}
{"@version":"1","EventType":"INFO","AccountType":"User","ThreadID":4208,"Channel":"Microsoft-Windows-Sysmon/Operational","OpcodeValue":0,"OriginalFileName":"dpapi.dll","Hostname":"MORDORDC.theshire.local","@timestamp":"2020-08-06T07:20:03.869Z","ProcessId":"4164","Signed":"true","host":"wec.internal.cloudapp.net","SignatureStatus":"Valid","Severity":"INFO","SeverityValue":2,"Image":"C:\\Windows\\System32\\svchost.exe","SourceModuleType":"im_msvistalog","FileVersion":"10.0.17763.1 (WinBuild.160101.0800)","Version":3,"Company":"Microsoft Corporation","EventTime":"2020-08-06 03:20:00","Task":7,"Signature":"Microsoft Windows","SourceName":"Microsoft-Windows-Sysmon","Message":"Image loaded:\r\nRuleName: -\r\nUtcTime: 2020-08-06 07:20:00.958\r\nProcessGuid: {9f85ce58-5cd3-5f2b-7402-000000000400}\r\nProcessId: 4164\r\nImage: C:\\Windows\\System32\\svchost.exe\r\nImageLoaded: C:\\Windows\\System32\\dpapi.dll\r\nFileVersion: 10.0.17763.1 (WinBuild.160101.0800)\r\nDescription: Data Protection API\r\nProduct: Microsoft® Windows® Operating System\r\nCompany: Microsoft Corporation\r\nOriginalFileName: dpapi.dll\r\nHashes: SHA1=C50FDD4A17CA9451C66413BA04ED2CC79883AD16,MD5=CF864B08CEA15894A4E6E676A7FE89A3,SHA256=0D1488B2FF471C1EF2F8F2742D685A8778B2C1512A044BDF2606C3ED92E0B512,IMPHASH=C591E3A4DDFE145A26EEC16DB70623B7\r\nSigned: true\r\nSignature: Microsoft Windows\r\nSignatureStatus: Valid","SourceModuleName":"eventlog","ImageLoaded":"C:\\Windows\\System32\\dpapi.dll","EventReceivedTime":"2020-08-06 03:20:03","port":60122,"AccountName":"SYSTEM","UtcTime":"2020-08-06 07:20:00.958","Domain":"NT AUTHORITY","ExecutionProcessID":3888,"Hashes":"SHA1=C50FDD4A17CA9451C66413BA04ED2CC79883AD16,MD5=CF864B08CEA15894A4E6E676A7FE89A3,SHA256=0D1488B2FF471C1EF2F8F2742D685A8778B2C1512A044BDF2606C3ED92E0B512,IMPHASH=C591E3A4DDFE145A26EEC16DB70623B7","Description":"Data Protection API","UserID":"S-1-5-18","EventID":7,"Product":"Microsoft® Windows® Operating System","ProviderGuid":"{5770385F-C22A-43E0-BF4C-06F5698FFBD9}","RecordNumber":280792,"Keywords":-9223372036854775808,"ProcessGuid":"{9f85ce58-5cd3-5f2b-7402-000000000400}","tags":["mordorDataset"],"RuleName":"-"}
{"tags":["mordorDataset"],"@version":"1","EventType":"INFO","AccountType":"User","ThreadID":4204,"DestinationPortName":"-","DestinationIp":"0:0:0:0:0:0:0:1","SourcePort":"65490","Channel":"Microsoft-Windows-Sysmon/Operational","OpcodeValue":0,"Hostname":"MORDORDC.theshire.local","@timestamp":"2020-08-06T07:20:03.870Z","SourceIp":"0:0:0:0:0:0:0:1","ProcessId":"3532","Initiated":"true","DestinationHostname":"-","host":"wec.internal.cloudapp.net","Severity":"INFO","SourceHostname":"-","SeverityValue":2,"Image":"C:\\Windows\\ADWS\\Microsoft.ActiveDirectory.WebServices.exe","SourceModuleType":"im_msvistalog","Version":5,"EventTime":"2020-08-06 03:20:01","Task":3,"DestinationPort":"389","SourceIsIpv6":"true","SourceName":"Microsoft-Windows-Sysmon","Message":"Network connection detected:\r\nRuleName: -\r\nUtcTime: 2020-08-06 07:19:58.984\r\nProcessGuid: {9f85ce58-59ed-5f2b-4b00-000000000400}\r\nProcessId: 3532\r\nImage: C:\\Windows\\ADWS\\Microsoft.ActiveDirectory.WebServices.exe\r\nUser: NT AUTHORITY\\SYSTEM\r\nProtocol: tcp\r\nInitiated: true\r\nSourceIsIpv6: true\r\nSourceIp: 0:0:0:0:0:0:0:1\r\nSourceHostname: -\r\nSourcePort: 65490\r\nSourcePortName: -\r\nDestinationIsIpv6: true\r\nDestinationIp: 0:0:0:0:0:0:0:1\r\nDestinationHostname: -\r\nDestinationPort: 389\r\nDestinationPortName: -","SourceModuleName":"eventlog","EventReceivedTime":"2020-08-06 03:20:03","port":60122,"AccountName":"SYSTEM","UtcTime":"2020-08-06 07:19:58.984","Domain":"NT AUTHORITY","ExecutionProcessID":3888,"User":"NT AUTHORITY\\SYSTEM","DestinationIsIpv6":"true","SourcePortName":"-","UserID":"S-1-5-18","EventID":3,"ProviderGuid":"{5770385F-C22A-43E0-BF4C-06F5698FFBD9}","RecordNumber":280793,"Keywords":-9223372036854775808,"ProcessGuid":"{9f85ce58-59ed-5f2b-4b00-000000000400}","Protocol":"tcp","RuleName":"-"}
{"tags":["mordorDataset"],"@version":"1","EventType":"INFO","AccountType":"User","ThreadID":4204,"DestinationPortName":"-","DestinationIp":"0:0:0:0:0:0:0:1","SourcePort":"65490","Channel":"Microsoft-Windows-Sysmon/Operational","OpcodeValue":0,"Hostname":"MORDORDC.theshire.local","@timestamp":"2020-08-06T07:20:03.870Z","SourceIp":"0:0:0:0:0:0:0:1","ProcessId":"704","Initiated":"false","DestinationHostname":"-","host":"wec.internal.cloudapp.net","Severity":"INFO","SourceHostname":"-","SeverityValue":2,"Image":"C:\\Windows\\System32\\lsass.exe","SourceModuleType":"im_msvistalog","Version":5,"EventTime":"2020-08-06 03:20:01","Task":3,"DestinationPort":"389","SourceIsIpv6":"true","SourceName":"Microsoft-Windows-Sysmon","Message":"Network connection detected:\r\nRuleName: -\r\nUtcTime: 2020-08-06 07:19:58.984\r\nProcessGuid: {9f85ce58-59d8-5f2b-0c00-000000000400}\r\nProcessId: 704\r\nImage: C:\\Windows\\System32\\lsass.exe\r\nUser: NT AUTHORITY\\SYSTEM\r\nProtocol: tcp\r\nInitiated: false\r\nSourceIsIpv6: true\r\nSourceIp: 0:0:0:0:0:0:0:1\r\nSourceHostname: -\r\nSourcePort: 65490\r\nSourcePortName: -\r\nDestinationIsIpv6: true\r\nDestinationIp: 0:0:0:0:0:0:0:1\r\nDestinationHostname: -\r\nDestinationPort: 389\r\nDestinationPortName: -","SourceModuleName":"eventlog","EventReceivedTime":"2020-08-06 03:20:03","port":60122,"AccountName":"SYSTEM","UtcTime":"2020-08-06 07:19:58.984","Domain":"NT AUTHORITY","ExecutionProcessID":3888,"User":"NT AUTHORITY\\SYSTEM","DestinationIsIpv6":"true","SourcePortName":"-","UserID":"S-1-5-18","EventID":3,"ProviderGuid":"{5770385F-C22A-43E0-BF4C-06F5698FFBD9}","RecordNumber":280794,"Keywords":-9223372036854775808,"ProcessGuid":"{9f85ce58-59d8-5f2b-0c00-000000000400}","Protocol":"tcp","RuleName":"-"}
{"tags":["mordorDataset"],"@version":"1","EventType":"ConnectPipe","Version":1,"ThreadID":4208,"EventTime":"2020-08-06 03:20:01","Task":18,"AccountType":"User","PipeName":"\\lsass","Channel":"Microsoft-Windows-Sysmon/Operational","EventTypeOrignal":"INFO","SourceName":"Microsoft-Windows-Sysmon","Hostname":"MORDORDC.theshire.local","@timestamp":"2020-08-06T07:20:03.871Z","OpcodeValue":0,"Message":"Pipe Connected:\r\nRuleName: -\r\nEventType: ConnectPipe\r\nUtcTime: 2020-08-06 07:20:01.521\r\nProcessGuid: {9f85ce58-59ed-5f2b-5000-000000000400}\r\nProcessId: 3616\r\nPipeName: \\lsass\r\nImage: C:\\windows\\system32\\dns.exe","SourceModuleName":"eventlog","ProcessId":"3616","EventReceivedTime":"2020-08-06 03:20:03","port":60122,"AccountName":"SYSTEM","UtcTime":"2020-08-06 07:20:01.521","Domain":"NT AUTHORITY","ExecutionProcessID":3888,"host":"wec.internal.cloudapp.net","Severity":"INFO","SeverityValue":2,"EventID":18,"UserID":"S-1-5-18","ProviderGuid":"{5770385F-C22A-43E0-BF4C-06F5698FFBD9}","RecordNumber":280795,"Image":"C:\\windows\\system32\\dns.exe","Keywords":-9223372036854775808,"ProcessGuid":"{9f85ce58-59ed-5f2b-5000-000000000400}","SourceModuleType":"im_msvistalog","RuleName":"-"}
{"tags":["mordorDataset"],"TargetProcessGUID":"{49a15388-5ccf-5f2b-5502-000000000400}","@version":"1","EventType":"INFO","Version":3,"ThreadID":4496,"EventTime":"2020-08-06 03:20:01","Task":10,"AccountType":"User","SourceProcessGUID":"{49a15388-5c39-5f2b-1000-000000000400}","CallTrace":"C:\\windows\\SYSTEM32\\ntdll.dll+9c534|C:\\windows\\SYSTEM32\\psmserviceexthost.dll+222a3|C:\\windows\\SYSTEM32\\psmserviceexthost.dll+1a172|C:\\windows\\SYSTEM32\\psmserviceexthost.dll+19e3b|C:\\windows\\SYSTEM32\\psmserviceexthost.dll+19318|C:\\windows\\SYSTEM32\\ntdll.dll+3081d|C:\\windows\\SYSTEM32\\ntdll.dll+345b4|C:\\windows\\System32\\KERNEL32.DLL+17bd4|C:\\windows\\SYSTEM32\\ntdll.dll+6ce51","Channel":"Microsoft-Windows-Sysmon/Operational","SourceName":"Microsoft-Windows-Sysmon","OpcodeValue":0,"Hostname":"WORKSTATION6.theshire.local","@timestamp":"2020-08-06T07:20:03.872Z","Message":"Process accessed:\r\nRuleName: -\r\nUtcTime: 2020-08-06 07:20:01.012\r\nSourceProcessGUID: {49a15388-5c39-5f2b-1000-000000000400}\r\nSourceProcessId: 896\r\nSourceThreadId: 4660\r\nSourceImage: C:\\windows\\system32\\svchost.exe\r\nTargetProcessGUID: {49a15388-5ccf-5f2b-5502-000000000400}\r\nTargetProcessId: 3120\r\nTargetImage: C:\\windows\\System32\\svchost.exe\r\nGrantedAccess: 0x1000\r\nCallTrace: C:\\windows\\SYSTEM32\\ntdll.dll+9c534|C:\\windows\\SYSTEM32\\psmserviceexthost.dll+222a3|C:\\windows\\SYSTEM32\\psmserviceexthost.dll+1a172|C:\\windows\\SYSTEM32\\psmserviceexthost.dll+19e3b|C:\\windows\\SYSTEM32\\psmserviceexthost.dll+19318|C:\\windows\\SYSTEM32\\ntdll.dll+3081d|C:\\windows\\SYSTEM32\\ntdll.dll+345b4|C:\\windows\\System32\\KERNEL32.DLL+17bd4|C:\\windows\\SYSTEM32\\ntdll.dll+6ce51","SourceModuleName":"eventlog","ProcessId":"896","SourceImage":"C:\\windows\\system32\\svchost.exe","EventReceivedTime":"2020-08-06 03:20:03","port":60122,"AccountName":"SYSTEM","UtcTime":"2020-08-06 07:20:01.012","GrantedAccess":"0x1000","Domain":"NT AUTHORITY","ExecutionProcessID":3432,"host":"wec.internal.cloudapp.net","SourceProcessId":"896","SourceThreadId":"4660","Severity":"INFO","TargetProcessId":"3120","SeverityValue":2,"EventID":10,"UserID":"S-1-5-18","ProviderGuid":"{5770385F-C22A-43E0-BF4C-06F5698FFBD9}","RecordNumber":322200,"SourceModuleType":"im_msvistalog","Keywords":-9223372036854775808,"TargetImage":"C:\\windows\\System32\\svchost.exe","RuleName":"-"}
{"tags":["mordorDataset"],"TargetProcessGUID":"{49a15388-5ccf-5f2b-5502-000000000400}","@version":"1","EventType":"INFO","Version":3,"ThreadID":4496,"EventTime":"2020-08-06 03:20:01","Task":10,"AccountType":"User","SourceProcessGUID":"{49a15388-5c39-5f2b-1000-000000000400}","CallTrace":"C:\\windows\\SYSTEM32\\ntdll.dll+9c534|C:\\windows\\SYSTEM32\\psmserviceexthost.dll+222a3|C:\\windows\\SYSTEM32\\psmserviceexthost.dll+1a172|C:\\windows\\SYSTEM32\\psmserviceexthost.dll+19e3b|C:\\windows\\SYSTEM32\\psmserviceexthost.dll+19318|C:\\windows\\SYSTEM32\\ntdll.dll+3081d|C:\\windows\\SYSTEM32\\ntdll.dll+345b4|C:\\windows\\System32\\KERNEL32.DLL+17bd4|C:\\windows\\SYSTEM32\\ntdll.dll+6ce51","Channel":"Microsoft-Windows-Sysmon/Operational","SourceName":"Microsoft-Windows-Sysmon","OpcodeValue":0,"Hostname":"WORKSTATION6.theshire.local","@timestamp":"2020-08-06T07:20:03.872Z","Message":"Process accessed:\r\nRuleName: -\r\nUtcTime: 2020-08-06 07:20:01.012\r\nSourceProcessGUID: {49a15388-5c39-5f2b-1000-000000000400}\r\nSourceProcessId: 896\r\nSourceThreadId: 4660\r\nSourceImage: C:\\windows\\system32\\svchost.exe\r\nTargetProcessGUID: {49a15388-5ccf-5f2b-5502-000000000400}\r\nTargetProcessId: 3120\r\nTargetImage: C:\\windows\\System32\\svchost.exe\r\nGrantedAccess: 0x1000\r\nCallTrace: C:\\windows\\SYSTEM32\\ntdll.dll+9c534|C:\\windows\\SYSTEM32\\psmserviceexthost.dll+222a3|C:\\windows\\SYSTEM32\\psmserviceexthost.dll+1a172|C:\\windows\\SYSTEM32\\psmserviceexthost.dll+19e3b|C:\\windows\\SYSTEM32\\psmserviceexthost.dll+19318|C:\\windows\\SYSTEM32\\ntdll.dll+3081d|C:\\windows\\SYSTEM32\\ntdll.dll+345b4|C:\\windows\\System32\\KERNEL32.DLL+17bd4|C:\\windows\\SYSTEM32\\ntdll.dll+6ce51","SourceModuleName":"eventlog","ProcessId":"896","SourceImage":"C:\\windows\\system32\\svchost.exe","EventReceivedTime":"2020-08-06 03:20:03","port":60122,"AccountName":"SYSTEM","UtcTime":"2020-08-06 07:20:01.012","GrantedAccess":"0x1000","Domain":"NT AUTHORITY","ExecutionProcessID":3432,"host":"wec.internal.cloudapp.net","SourceProcessId":"896","SourceThreadId":"4660","Severity":"INFO","TargetProcessId":"3120","SeverityValue":2,"EventID":10,"UserID":"S-1-5-18","ProviderGuid":"{5770385F-C22A-43E0-BF4C-06F5698FFBD9}","RecordNumber":322201,"SourceModuleType":"im_msvistalog","Keywords":-9223372036854775808,"TargetImage":"C:\\windows\\System32\\svchost.exe","RuleName":"-"}
{"tags":["mordorDataset"],"TargetProcessGUID":"{49a15388-5ccf-5f2b-5502-000000000400}","@version":"1","EventType":"INFO","Version":3,"ThreadID":4496,"EventTime":"2020-08-06 03:20:02","Task":10,"AccountType":"User","SourceProcessGUID":"{49a15388-5c39-5f2b-1000-000000000400}","CallTrace":"C:\\windows\\SYSTEM32\\ntdll.dll+9c534|C:\\windows\\SYSTEM32\\psmserviceexthost.dll+222a3|C:\\windows\\SYSTEM32\\psmserviceexthost.dll+1a172|C:\\windows\\SYSTEM32\\psmserviceexthost.dll+19e3b|C:\\windows\\SYSTEM32\\psmserviceexthost.dll+19318|C:\\windows\\SYSTEM32\\ntdll.dll+3081d|C:\\windows\\SYSTEM32\\ntdll.dll+345b4|C:\\windows\\System32\\KERNEL32.DLL+17bd4|C:\\windows\\SYSTEM32\\ntdll.dll+6ce51","Channel":"Microsoft-Windows-Sysmon/Operational","SourceName":"Microsoft-Windows-Sysmon","OpcodeValue":0,"Hostname":"WORKSTATION6.theshire.local","@timestamp":"2020-08-06T07:20:04.868Z","Message":"Process accessed:\r\nRuleName: -\r\nUtcTime: 2020-08-06 07:20:02.028\r\nSourceProcessGUID: {49a15388-5c39-5f2b-1000-000000000400}\r\nSourceProcessId: 896\r\nSourceThreadId: 2644\r\nSourceImage: C:\\windows\\system32\\svchost.exe\r\nTargetProcessGUID: {49a15388-5ccf-5f2b-5502-000000000400}\r\nTargetProcessId: 3120\r\nTargetImage: C:\\windows\\System32\\svchost.exe\r\nGrantedAccess: 0x1000\r\nCallTrace: C:\\windows\\SYSTEM32\\ntdll.dll+9c534|C:\\windows\\SYSTEM32\\psmserviceexthost.dll+222a3|C:\\windows\\SYSTEM32\\psmserviceexthost.dll+1a172|C:\\windows\\SYSTEM32\\psmserviceexthost.dll+19e3b|C:\\windows\\SYSTEM32\\psmserviceexthost.dll+19318|C:\\windows\\SYSTEM32\\ntdll.dll+3081d|C:\\windows\\SYSTEM32\\ntdll.dll+345b4|C:\\windows\\System32\\KERNEL32.DLL+17bd4|C:\\windows\\SYSTEM32\\ntdll.dll+6ce51","SourceModuleName":"eventlog","ProcessId":"896","SourceImage":"C:\\windows\\system32\\svchost.exe","EventReceivedTime":"2020-08-06 03:20:04","port":60122,"AccountName":"SYSTEM","UtcTime":"2020-08-06 07:20:02.028","GrantedAccess":"0x1000","Domain":"NT AUTHORITY","ExecutionProcessID":3432,"host":"wec.internal.cloudapp.net","SourceProcessId":"896","SourceThreadId":"2644","Severity":"INFO","TargetProcessId":"3120","SeverityValue":2,"EventID":10,"UserID":"S-1-5-18","ProviderGuid":"{5770385F-C22A-43E0-BF4C-06F5698FFBD9}","RecordNumber":322202,"SourceModuleType":"im_msvistalog","Keywords":-9223372036854775808,"TargetImage":"C:\\windows\\System32\\svchost.exe","RuleName":"-"}
{"tags":["mordorDataset"],"TargetProcessGUID":"{49a15388-5ccf-5f2b-5502-000000000400}","@version":"1","EventType":"INFO","Version":3,"ThreadID":4496,"EventTime":"2020-08-06 03:20:02","Task":10,"AccountType":"User","SourceProcessGUID":"{49a15388-5c39-5f2b-1000-000000000400}","CallTrace":"C:\\windows\\SYSTEM32\\ntdll.dll+9c534|C:\\windows\\SYSTEM32\\psmserviceexthost.dll+222a3|C:\\windows\\SYSTEM32\\psmserviceexthost.dll+1a172|C:\\windows\\SYSTEM32\\psmserviceexthost.dll+19e3b|C:\\windows\\SYSTEM32\\psmserviceexthost.dll+19318|C:\\windows\\SYSTEM32\\ntdll.dll+3081d|C:\\windows\\SYSTEM32\\ntdll.dll+345b4|C:\\windows\\System32\\KERNEL32.DLL+17bd4|C:\\windows\\SYSTEM32\\ntdll.dll+6ce51","Channel":"Microsoft-Windows-Sysmon/Operational","SourceName":"Microsoft-Windows-Sysmon","OpcodeValue":0,"Hostname":"WORKSTATION6.theshire.local","@timestamp":"2020-08-06T07:20:04.868Z","Message":"Process accessed:\r\nRuleName: -\r\nUtcTime: 2020-08-06 07:20:02.028\r\nSourceProcessGUID: {49a15388-5c39-5f2b-1000-000000000400}\r\nSourceProcessId: 896\r\nSourceThreadId: 2644\r\nSourceImage: C:\\windows\\system32\\svchost.exe\r\nTargetProcessGUID: {49a15388-5ccf-5f2b-5502-000000000400}\r\nTargetProcessId: 3120\r\nTargetImage: C:\\windows\\System32\\svchost.exe\r\nGrantedAccess: 0x1000\r\nCallTrace: C:\\windows\\SYSTEM32\\ntdll.dll+9c534|C:\\windows\\SYSTEM32\\psmserviceexthost.dll+222a3|C:\\windows\\SYSTEM32\\psmserviceexthost.dll+1a172|C:\\windows\\SYSTEM32\\psmserviceexthost.dll+19e3b|C:\\windows\\SYSTEM32\\psmserviceexthost.dll+19318|C:\\windows\\SYSTEM32\\ntdll.dll+3081d|C:\\windows\\SYSTEM32\\ntdll.dll+345b4|C:\\windows\\System32\\KERNEL32.DLL+17bd4|C:\\windows\\SYSTEM32\\ntdll.dll+6ce51","SourceModuleName":"eventlog","ProcessId":"896","SourceImage":"C:\\windows\\system32\\svchost.exe","EventReceivedTime":"2020-08-06 03:20:04","port":60122,"AccountName":"SYSTEM","UtcTime":"2020-08-06 07:20:02.028","GrantedAccess":"0x1000","Domain":"NT AUTHORITY","ExecutionProcessID":3432,"host":"wec.internal.cloudapp.net","SourceProcessId":"896","SourceThreadId":"2644","Severity":"INFO","TargetProcessId":"3120","SeverityValue":2,"EventID":10,"UserID":"S-1-5-18","ProviderGuid":"{5770385F-C22A-43E0-BF4C-06F5698FFBD9}","RecordNumber":322203,"SourceModuleType":"im_msvistalog","Keywords":-9223372036854775808,"TargetImage":"C:\\windows\\System32\\svchost.exe","RuleName":"-"}
{"tags":["mordorDataset"],"@version":"1","EventType":"CreatePipe","Version":1,"ThreadID":4364,"EventTime":"2020-08-06 03:20:03","Task":17,"AccountType":"User","PipeName":"&lt;Anonymous Pipe&gt;","Channel":"Microsoft-Windows-Sysmon/Operational","EventTypeOrignal":"INFO","SourceName":"Microsoft-Windows-Sysmon","Hostname":"WORKSTATION5.theshire.local","@timestamp":"2020-08-06T07:20:05.870Z","OpcodeValue":0,"Message":"Pipe Created:\r\nRuleName: -\r\nEventType: CreatePipe\r\nUtcTime: 2020-08-06 07:20:03.479\r\nProcessGuid: {297bc33e-7d2a-5f2b-6003-000000000400}\r\nProcessId: 7240\r\nPipeName: <Anonymous Pipe>\r\nImage: C:\\Users\\pgustavo\\Desktop\\GruntHTTP.exe","SourceModuleName":"eventlog","ProcessId":"7240","EventReceivedTime":"2020-08-06 03:20:05","port":60122,"AccountName":"SYSTEM","UtcTime":"2020-08-06 07:20:03.479","Domain":"NT AUTHORITY","ExecutionProcessID":3284,"host":"wec.internal.cloudapp.net","Severity":"INFO","SeverityValue":2,"EventID":17,"UserID":"S-1-5-18","ProviderGuid":"{5770385F-C22A-43E0-BF4C-06F5698FFBD9}","RecordNumber":326545,"Image":"C:\\Users\\pgustavo\\Desktop\\GruntHTTP.exe","Keywords":-9223372036854775808,"ProcessGuid":"{297bc33e-7d2a-5f2b-6003-000000000400}","SourceModuleType":"im_msvistalog","RuleName":"-"}
{"tags":["mordorDataset"],"@version":"1","EventType":"ConnectPipe","Version":1,"ThreadID":4364,"EventTime":"2020-08-06 03:20:03","Task":18,"AccountType":"User","PipeName":"&lt;Anonymous Pipe&gt;","Channel":"Microsoft-Windows-Sysmon/Operational","EventTypeOrignal":"INFO","SourceName":"Microsoft-Windows-Sysmon","Hostname":"WORKSTATION5.theshire.local","@timestamp":"2020-08-06T07:20:05.870Z","OpcodeValue":0,"Message":"Pipe Connected:\r\nRuleName: -\r\nEventType: ConnectPipe\r\nUtcTime: 2020-08-06 07:20:03.479\r\nProcessGuid: {297bc33e-7d2a-5f2b-6003-000000000400}\r\nProcessId: 7240\r\nPipeName: <Anonymous Pipe>\r\nImage: C:\\Users\\pgustavo\\Desktop\\GruntHTTP.exe","SourceModuleName":"eventlog","ProcessId":"7240","EventReceivedTime":"2020-08-06 03:20:05","port":60122,"AccountName":"SYSTEM","UtcTime":"2020-08-06 07:20:03.479","Domain":"NT AUTHORITY","ExecutionProcessID":3284,"host":"wec.internal.cloudapp.net","Severity":"INFO","SeverityValue":2,"EventID":18,"UserID":"S-1-5-18","ProviderGuid":"{5770385F-C22A-43E0-BF4C-06F5698FFBD9}","RecordNumber":326546,"Image":"C:\\Users\\pgustavo\\Desktop\\GruntHTTP.exe","Keywords":-9223372036854775808,"ProcessGuid":"{297bc33e-7d2a-5f2b-6003-000000000400}","SourceModuleType":"im_msvistalog","RuleName":"-"}
{"@version":"1","EventType":"AUDIT_SUCCESS","Version":0,"ThreadID":6672,"EventTime":"2020-08-06 03:20:03","Task":12810,"SourcePort":"55028","Channel":"Security","SourceName":"Microsoft-Windows-Security-Auditing","OpcodeValue":0,"Hostname":"WORKSTATION5.theshire.local","@timestamp":"2020-08-06T07:20:05.870Z","Message":"The Windows Filtering Platform has permitted a bind to a local port.\r\n\r\nApplication Information:\r\n\tProcess ID:\t\t7240\r\n\tApplication Name:\t\\device\\harddiskvolume2\\users\\pgustavo\\desktop\\grunthttp.exe\r\n\r\nNetwork Information:\r\n\tSource Address:\t\t0.0.0.0\r\n\tSource Port:\t\t55028\r\n\tProtocol:\t\t6\r\n\r\nFilter Information:\r\n\tFilter Run-Time ID:\t0\r\n\tLayer Name:\t\tResource Assignment\r\n\tLayer Run-Time ID:\t36","Category":"Filtering Platform Connection","Opcode":"Info","SourceModuleName":"eventlog","ProcessId":"7240","EventReceivedTime":"2020-08-06 03:20:05","port":60122,"Application":"\\device\\harddiskvolume2\\users\\pgustavo\\desktop\\grunthttp.exe","ExecutionProcessID":4,"host":"wec.internal.cloudapp.net","Severity":"INFO","LayerRTID":"36","LayerName":"%%14608","SeverityValue":2,"EventID":5158,"SourceAddress":"0.0.0.0","ProviderGuid":"{54849625-5478-4994-A5BA-3E3B0328C30D}","RecordNumber":88065,"SourceModuleType":"im_msvistalog","Keywords":-9214364837600034816,"FilterRTID":"0","Protocol":"6","tags":["mordorDataset"]}
{"tags":["mordorDataset"],"@version":"1","EventType":"AUDIT_SUCCESS","Version":1,"ThreadID":6672,"EventTime":"2020-08-06 03:20:03","Task":12810,"DestAddress":"172.18.39.6","SourcePort":"55028","Channel":"Security","SourceName":"Microsoft-Windows-Security-Auditing","OpcodeValue":0,"Hostname":"WORKSTATION5.theshire.local","@timestamp":"2020-08-06T07:20:05.870Z","Message":"The Windows Filtering Platform has permitted a connection.\r\n\r\nApplication Information:\r\n\tProcess ID:\t\t7240\r\n\tApplication Name:\t\\device\\harddiskvolume2\\users\\pgustavo\\desktop\\grunthttp.exe\r\n\r\nNetwork Information:\r\n\tDirection:\t\tOutbound\r\n\tSource Address:\t\t172.18.39.5\r\n\tSource Port:\t\t55028\r\n\tDestination Address:\t172.18.39.6\r\n\tDestination Port:\t\t135\r\n\tProtocol:\t\t6\r\n\r\nFilter Information:\r\n\tFilter Run-Time ID:\t69420\r\n\tLayer Name:\t\tConnect\r\n\tLayer Run-Time ID:\t48","Category":"Filtering Platform Connection","Opcode":"Info","SourceModuleName":"eventlog","ProcessId":"7240","EventReceivedTime":"2020-08-06 03:20:05","port":60122,"Application":"\\device\\harddiskvolume2\\users\\pgustavo\\desktop\\grunthttp.exe","ExecutionProcessID":4,"Direction":"%%14593","RemoteMachineID":"S-1-0-0","host":"wec.internal.cloudapp.net","DestPort":"135","Severity":"INFO","LayerRTID":"48","LayerName":"%%14611","SeverityValue":2,"EventID":5156,"SourceAddress":"172.18.39.5","ProviderGuid":"{54849625-5478-4994-A5BA-3E3B0328C30D}","RecordNumber":88066,"SourceModuleType":"im_msvistalog","Keywords":-9214364837600034816,"FilterRTID":"69420","Protocol":"6","RemoteUserID":"S-1-0-0"}
{"@version":"1","EventType":"AUDIT_SUCCESS","Version":0,"ThreadID":6672,"EventTime":"2020-08-06 03:20:03","Task":12810,"SourcePort":"55029","Channel":"Security","SourceName":"Microsoft-Windows-Security-Auditing","OpcodeValue":0,"Hostname":"WORKSTATION5.theshire.local","@timestamp":"2020-08-06T07:20:05.871Z","Message":"The Windows Filtering Platform has permitted a bind to a local port.\r\n\r\nApplication Information:\r\n\tProcess ID:\t\t7240\r\n\tApplication Name:\t\\device\\harddiskvolume2\\users\\pgustavo\\desktop\\grunthttp.exe\r\n\r\nNetwork Information:\r\n\tSource Address:\t\t0.0.0.0\r\n\tSource Port:\t\t55029\r\n\tProtocol:\t\t6\r\n\r\nFilter Information:\r\n\tFilter Run-Time ID:\t0\r\n\tLayer Name:\t\tResource Assignment\r\n\tLayer Run-Time ID:\t36","Category":"Filtering Platform Connection","Opcode":"Info","SourceModuleName":"eventlog","ProcessId":"7240","EventReceivedTime":"2020-08-06 03:20:05","port":60122,"Application":"\\device\\harddiskvolume2\\users\\pgustavo\\desktop\\grunthttp.exe","ExecutionProcessID":4,"host":"wec.internal.cloudapp.net","Severity":"INFO","LayerRTID":"36","LayerName":"%%14608","SeverityValue":2,"EventID":5158,"SourceAddress":"0.0.0.0","ProviderGuid":"{54849625-5478-4994-A5BA-3E3B0328C30D}","RecordNumber":88067,"SourceModuleType":"im_msvistalog","Keywords":-9214364837600034816,"FilterRTID":"0","Protocol":"6","tags":["mordorDataset"]}
{"tags":["mordorDataset"],"@version":"1","EventType":"AUDIT_SUCCESS","Version":1,"ThreadID":6672,"EventTime":"2020-08-06 03:20:03","Task":12810,"DestAddress":"172.18.39.6","SourcePort":"55029","Channel":"Security","SourceName":"Microsoft-Windows-Security-Auditing","OpcodeValue":0,"Hostname":"WORKSTATION5.theshire.local","@timestamp":"2020-08-06T07:20:05.871Z","Message":"The Windows Filtering Platform has permitted a connection.\r\n\r\nApplication Information:\r\n\tProcess ID:\t\t7240\r\n\tApplication Name:\t\\device\\harddiskvolume2\\users\\pgustavo\\desktop\\grunthttp.exe\r\n\r\nNetwork Information:\r\n\tDirection:\t\tOutbound\r\n\tSource Address:\t\t172.18.39.5\r\n\tSource Port:\t\t55029\r\n\tDestination Address:\t172.18.39.6\r\n\tDestination Port:\t\t50115\r\n\tProtocol:\t\t6\r\n\r\nFilter Information:\r\n\tFilter Run-Time ID:\t69420\r\n\tLayer Name:\t\tConnect\r\n\tLayer Run-Time ID:\t48","Category":"Filtering Platform Connection","Opcode":"Info","SourceModuleName":"eventlog","ProcessId":"7240","EventReceivedTime":"2020-08-06 03:20:05","port":60122,"Application":"\\device\\harddiskvolume2\\users\\pgustavo\\desktop\\grunthttp.exe","ExecutionProcessID":4,"Direction":"%%14593","RemoteMachineID":"S-1-0-0","host":"wec.internal.cloudapp.net","DestPort":"50115","Severity":"INFO","LayerRTID":"48","LayerName":"%%14611","SeverityValue":2,"EventID":5156,"SourceAddress":"172.18.39.5","ProviderGuid":"{54849625-5478-4994-A5BA-3E3B0328C30D}","RecordNumber":88068,"SourceModuleType":"im_msvistalog","Keywords":-9214364837600034816,"FilterRTID":"69420","Protocol":"6","RemoteUserID":"S-1-0-0"}
{"tags":["mordorDataset"],"@version":"1","EventType":"AUDIT_SUCCESS","Version":1,"ThreadID":6204,"EventTime":"2020-08-06 03:20:03","Task":12810,"DestAddress":"172.18.39.6","SourcePort":"55028","Channel":"Security","SourceName":"Microsoft-Windows-Security-Auditing","OpcodeValue":0,"Hostname":"WORKSTATION6.theshire.local","@timestamp":"2020-08-06T07:20:05.871Z","Message":"The Windows Filtering Platform has permitted a connection.\r\n\r\nApplication Information:\r\n\tProcess ID:\t\t992\r\n\tApplication Name:\t\\device\\harddiskvolume2\\windows\\system32\\svchost.exe\r\n\r\nNetwork Information:\r\n\tDirection:\t\tInbound\r\n\tSource Address:\t\t172.18.39.5\r\n\tSource Port:\t\t55028\r\n\tDestination Address:\t172.18.39.6\r\n\tDestination Port:\t\t135\r\n\tProtocol:\t\t6\r\n\r\nFilter Information:\r\n\tFilter Run-Time ID:\t68894\r\n\tLayer Name:\t\tReceive/Accept\r\n\tLayer Run-Time ID:\t44","Category":"Filtering Platform Connection","Opcode":"Info","SourceModuleName":"eventlog","ProcessId":"992","EventReceivedTime":"2020-08-06 03:20:05","port":60122,"Application":"\\device\\harddiskvolume2\\windows\\system32\\svchost.exe","ExecutionProcessID":4,"Direction":"%%14592","RemoteMachineID":"S-1-0-0","host":"wec.internal.cloudapp.net","DestPort":"135","Severity":"INFO","LayerRTID":"44","LayerName":"%%14610","SeverityValue":2,"EventID":5156,"SourceAddress":"172.18.39.5","ProviderGuid":"{54849625-5478-4994-A5BA-3E3B0328C30D}","RecordNumber":95012,"SourceModuleType":"im_msvistalog","Keywords":-9214364837600034816,"FilterRTID":"68894","Protocol":"6","RemoteUserID":"S-1-0-0"}
{"tags":["mordorDataset"],"@version":"1","EventType":"AUDIT_FAILURE","Version":1,"ThreadID":6204,"EventTime":"2020-08-06 03:20:03","Task":12810,"DestAddress":"172.18.39.6","SourcePort":"55029","Channel":"Security","SourceName":"Microsoft-Windows-Security-Auditing","OpcodeValue":0,"Hostname":"WORKSTATION6.theshire.local","@timestamp":"2020-08-06T07:20:05.871Z","Message":"The Windows Filtering Platform has blocked a connection.\r\n\r\nApplication Information:\r\n\tProcess ID:\t\t732\r\n\tApplication Name:\t\\device\\harddiskvolume2\\windows\\system32\\services.exe\r\n\r\nNetwork Information:\r\n\tDirection:\t\tInbound\r\n\tSource Address:\t\t172.18.39.5\r\n\tSource Port:\t\t55029\r\n\tDestination Address:\t172.18.39.6\r\n\tDestination Port:\t\t50115\r\n\tProtocol:\t\t6\r\n\r\nFilter Information:\r\n\tFilter Run-Time ID:\t69408\r\n\tLayer Name:\t\tReceive/Accept\r\n\tLayer Run-Time ID:\t44","Category":"Filtering Platform Connection","Opcode":"Info","SourceModuleName":"eventlog","ProcessId":"732","EventReceivedTime":"2020-08-06 03:20:05","port":60122,"Application":"\\device\\harddiskvolume2\\windows\\system32\\services.exe","ExecutionProcessID":4,"Direction":"%%14592","RemoteMachineID":"S-1-0-0","host":"wec.internal.cloudapp.net","DestPort":"50115","Severity":"ERROR","LayerRTID":"44","LayerName":"%%14610","SeverityValue":4,"EventID":5157,"SourceAddress":"172.18.39.5","ProviderGuid":"{54849625-5478-4994-A5BA-3E3B0328C30D}","RecordNumber":95013,"SourceModuleType":"im_msvistalog","Keywords":-9218868437227405312,"FilterRTID":"69408","Protocol":"6","RemoteUserID":"S-1-0-0"}
{"tags":["mordorDataset"],"@version":"1","EventType":"AUDIT_FAILURE","Version":1,"ThreadID":6204,"EventTime":"2020-08-06 03:20:04","Task":12810,"DestAddress":"172.18.39.6","SourcePort":"55029","Channel":"Security","SourceName":"Microsoft-Windows-Security-Auditing","OpcodeValue":0,"Hostname":"WORKSTATION6.theshire.local","@timestamp":"2020-08-06T07:20:05.871Z","Message":"The Windows Filtering Platform has blocked a connection.\r\n\r\nApplication Information:\r\n\tProcess ID:\t\t732\r\n\tApplication Name:\t\\device\\harddiskvolume2\\windows\\system32\\services.exe\r\n\r\nNetwork Information:\r\n\tDirection:\t\tInbound\r\n\tSource Address:\t\t172.18.39.5\r\n\tSource Port:\t\t55029\r\n\tDestination Address:\t172.18.39.6\r\n\tDestination Port:\t\t50115\r\n\tProtocol:\t\t6\r\n\r\nFilter Information:\r\n\tFilter Run-Time ID:\t69408\r\n\tLayer Name:\t\tReceive/Accept\r\n\tLayer Run-Time ID:\t44","Category":"Filtering Platform Connection","Opcode":"Info","SourceModuleName":"eventlog","ProcessId":"732","EventReceivedTime":"2020-08-06 03:20:05","port":60122,"Application":"\\device\\harddiskvolume2\\windows\\system32\\services.exe","ExecutionProcessID":4,"Direction":"%%14592","RemoteMachineID":"S-1-0-0","host":"wec.internal.cloudapp.net","DestPort":"50115","Severity":"ERROR","LayerRTID":"44","LayerName":"%%14610","SeverityValue":4,"EventID":5157,"SourceAddress":"172.18.39.5","ProviderGuid":"{54849625-5478-4994-A5BA-3E3B0328C30D}","RecordNumber":95014,"SourceModuleType":"im_msvistalog","Keywords":-9218868437227405312,"FilterRTID":"69408","Protocol":"6","RemoteUserID":"S-1-0-0"}
{"tags":["mordorDataset"],"@version":"1","EventType":"AUDIT_SUCCESS","Version":1,"ThreadID":6672,"EventTime":"2020-08-06 03:20:04","Task":12810,"DestAddress":"169.254.169.254","SourcePort":"52810","Channel":"Security","SourceName":"Microsoft-Windows-Security-Auditing","OpcodeValue":0,"Hostname":"WORKSTATION5.theshire.local","@timestamp":"2020-08-06T07:20:06.871Z","Message":"The Windows Filtering Platform has permitted a connection.\r\n\r\nApplication Information:\r\n\tProcess ID:\t\t3472\r\n\tApplication Name:\t\\device\\harddiskvolume2\\packages\\plugins\\microsoft.azure.networkwatcher.networkwatcheragentwindows\\1.4.1587.1\\networkwatcheragent\\networkwatcheragent.exe\r\n\r\nNetwork Information:\r\n\tDirection:\t\tOutbound\r\n\tSource Address:\t\t172.18.39.5\r\n\tSource Port:\t\t52810\r\n\tDestination Address:\t169.254.169.254\r\n\tDestination Port:\t\t80\r\n\tProtocol:\t\t6\r\n\r\nFilter Information:\r\n\tFilter Run-Time ID:\t69424\r\n\tLayer Name:\t\tConnect\r\n\tLayer Run-Time ID:\t48","Category":"Filtering Platform Connection","Opcode":"Info","SourceModuleName":"eventlog","ProcessId":"3472","EventReceivedTime":"2020-08-06 03:20:06","port":60122,"Application":"\\device\\harddiskvolume2\\packages\\plugins\\microsoft.azure.networkwatcher.networkwatcheragentwindows\\1.4.1587.1\\networkwatcheragent\\networkwatcheragent.exe","ExecutionProcessID":4,"Direction":"%%14593","RemoteMachineID":"S-1-0-0","host":"wec.internal.cloudapp.net","DestPort":"80","Severity":"INFO","LayerRTID":"48","LayerName":"%%14611","SeverityValue":2,"EventID":5156,"SourceAddress":"172.18.39.5","ProviderGuid":"{54849625-5478-4994-A5BA-3E3B0328C30D}","RecordNumber":88069,"SourceModuleType":"im_msvistalog","Keywords":-9214364837600034816,"FilterRTID":"69424","Protocol":"6","RemoteUserID":"S-1-0-0"}
{"tags":["mordorDataset"],"@version":"1","EventType":"AUDIT_SUCCESS","Version":1,"ThreadID":6672,"EventTime":"2020-08-06 03:20:04","Task":12810,"DestAddress":"169.254.169.254","SourcePort":"52810","Channel":"Security","SourceName":"Microsoft-Windows-Security-Auditing","OpcodeValue":0,"Hostname":"WORKSTATION5.theshire.local","@timestamp":"2020-08-06T07:20:06.871Z","Message":"The Windows Filtering Platform has permitted a connection.\r\n\r\nApplication Information:\r\n\tProcess ID:\t\t3472\r\n\tApplication Name:\t\\device\\harddiskvolume2\\packages\\plugins\\microsoft.azure.networkwatcher.networkwatcheragentwindows\\1.4.1587.1\\networkwatcheragent\\networkwatcheragent.exe\r\n\r\nNetwork Information:\r\n\tDirection:\t\tOutbound\r\n\tSource Address:\t\t172.18.39.5\r\n\tSource Port:\t\t52810\r\n\tDestination Address:\t169.254.169.254\r\n\tDestination Port:\t\t80\r\n\tProtocol:\t\t6\r\n\r\nFilter Information:\r\n\tFilter Run-Time ID:\t69424\r\n\tLayer Name:\t\tConnect\r\n\tLayer Run-Time ID:\t48","Category":"Filtering Platform Connection","Opcode":"Info","SourceModuleName":"eventlog","ProcessId":"3472","EventReceivedTime":"2020-08-06 03:20:06","port":60122,"Application":"\\device\\harddiskvolume2\\packages\\plugins\\microsoft.azure.networkwatcher.networkwatcheragentwindows\\1.4.1587.1\\networkwatcheragent\\networkwatcheragent.exe","ExecutionProcessID":4,"Direction":"%%14593","RemoteMachineID":"S-1-0-0","host":"wec.internal.cloudapp.net","DestPort":"80","Severity":"INFO","LayerRTID":"48","LayerName":"%%14611","SeverityValue":2,"EventID":5156,"SourceAddress":"172.18.39.5","ProviderGuid":"{54849625-5478-4994-A5BA-3E3B0328C30D}","RecordNumber":88070,"SourceModuleType":"im_msvistalog","Keywords":-9214364837600034816,"FilterRTID":"69424","Protocol":"6","RemoteUserID":"S-1-0-0"}
{"tags":["mordorDataset"],"@version":"1","EventType":"INFO","AccountType":"User","ThreadID":4512,"DestinationPortName":"-","DestinationIp":"172.18.39.6","SourcePort":"55028","Channel":"Microsoft-Windows-Sysmon/Operational","OpcodeValue":0,"Hostname":"WORKSTATION6.theshire.local","@timestamp":"2020-08-06T07:20:06.871Z","SourceIp":"172.18.39.5","ProcessId":"992","Initiated":"false","DestinationHostname":"-","host":"wec.internal.cloudapp.net","Severity":"INFO","SourceHostname":"-","SeverityValue":2,"Image":"C:\\Windows\\System32\\svchost.exe","SourceModuleType":"im_msvistalog","Version":5,"EventTime":"2020-08-06 03:20:04","Task":3,"DestinationPort":"135","SourceIsIpv6":"false","SourceName":"Microsoft-Windows-Sysmon","Message":"Network connection detected:\r\nRuleName: -\r\nUtcTime: 2020-08-06 07:20:04.198\r\nProcessGuid: {49a15388-5c39-5f2b-1100-000000000400}\r\nProcessId: 992\r\nImage: C:\\Windows\\System32\\svchost.exe\r\nUser: NT AUTHORITY\\NETWORK SERVICE\r\nProtocol: tcp\r\nInitiated: false\r\nSourceIsIpv6: false\r\nSourceIp: 172.18.39.5\r\nSourceHostname: -\r\nSourcePort: 55028\r\nSourcePortName: -\r\nDestinationIsIpv6: false\r\nDestinationIp: 172.18.39.6\r\nDestinationHostname: -\r\nDestinationPort: 135\r\nDestinationPortName: -","SourceModuleName":"eventlog","EventReceivedTime":"2020-08-06 03:20:06","port":60122,"AccountName":"SYSTEM","UtcTime":"2020-08-06 07:20:04.198","Domain":"NT AUTHORITY","ExecutionProcessID":3432,"User":"NT AUTHORITY\\NETWORK SERVICE","DestinationIsIpv6":"false","SourcePortName":"-","UserID":"S-1-5-18","EventID":3,"ProviderGuid":"{5770385F-C22A-43E0-BF4C-06F5698FFBD9}","RecordNumber":322204,"Keywords":-9223372036854775808,"ProcessGuid":"{49a15388-5c39-5f2b-1100-000000000400}","Protocol":"tcp","RuleName":"-"}
