{"Keywords":-9223372036854775808,"SeverityValue":2,"TargetObject":"\\REGISTRY\\A\\{fb57a6dd-6b5c-0658-4825-36826d1afbbb}\\DeliveryOptimization\\Swarms\\95D2EE60-C9D3-45E4-876D-BAE16D758A87_16_0_13127_20408_STREAM_X86_X_NONE\\UploadForSecs","EventTypeOrignal":"INFO","EventID":13,"ProviderGuid":"{5770385F-C22A-43E0-BF4C-06F5698FFBD9}","ExecutionProcessID":3228,"host":"wec.internal.cloudapp.net","Channel":"Microsoft-Windows-Sysmon/Operational","UserID":"S-1-5-18","AccountType":"User","ThreadID":4288,"ProcessGuid":"{b34bc01c-8526-5f63-2103-000000000400}","Details":"DWORD (0x0003f480)","EventReceivedTime":"2020-09-17 17:33:52","Opcode":"Info","EventTime":"2020-09-17 17:33:51","Message":"Registry value set:\r\nRuleName: -\r\nEventType: SetValue\r\nUtcTime: 2020-09-17 21:33:51.323\r\nProcessGuid: {b34bc01c-8526-5f63-2103-000000000400}\r\nProcessId: 2448\r\nImage: C:\\windows\\System32\\svchost.exe\r\nTargetObject: \\REGISTRY\\A\\{fb57a6dd-6b5c-0658-4825-36826d1afbbb}\\DeliveryOptimization\\Swarms\\95D2EE60-C9D3-45E4-876D-BAE16D758A87_16_0_13127_20408_STREAM_X86_X_NONE\\UploadForSecs\r\nDetails: DWORD (0x0003f480)","ProcessId":"2448","EventType":"SetValue","@timestamp":"2020-09-17T21:33:52.937Z","SourceModuleType":"im_msvistalog","port":64545,"AccountName":"SYSTEM","RecordNumber":637153,"Task":13,"Domain":"NT AUTHORITY","@version":"1","OpcodeValue":0,"SourceModuleName":"eventlog","Severity":"INFO","SourceName":"Microsoft-Windows-Sysmon","Version":2,"Image":"C:\\windows\\System32\\svchost.exe","Category":"Registry value set (rule: RegistryEvent)","UtcTime":"2020-09-17 21:33:51.323","Hostname":"WORKSTATION5.theshire.local","RuleName":"-","tags":["mordorDataset"]}
{"Keywords":-9223372036854775808,"SeverityValue":2,"TargetObject":"\\REGISTRY\\A\\{fb57a6dd-6b5c-0658-4825-36826d1afbbb}\\DeliveryOptimization\\Swarms\\95D2EE60-C9D3-45E4-876D-BAE16D758A87_16_0_13127_20408_STREAM_X86_X_NONE\\IsPinned","EventTypeOrignal":"INFO","EventID":13,"ProviderGuid":"{5770385F-C22A-43E0-BF4C-06F5698FFBD9}","ExecutionProcessID":3228,"host":"wec.internal.cloudapp.net","Channel":"Microsoft-Windows-Sysmon/Operational","UserID":"S-1-5-18","AccountType":"User","ThreadID":4288,"ProcessGuid":"{b34bc01c-8526-5f63-2103-000000000400}","Details":"DWORD (0x00000000)","EventReceivedTime":"2020-09-17 17:33:52","Opcode":"Info","EventTime":"2020-09-17 17:33:51","Message":"Registry value set:\r\nRuleName: -\r\nEventType: SetValue\r\nUtcTime: 2020-09-17 21:33:51.323\r\nProcessGuid: {b34bc01c-8526-5f63-2103-000000000400}\r\nProcessId: 2448\r\nImage: C:\\windows\\System32\\svchost.exe\r\nTargetObject: \\REGISTRY\\A\\{fb57a6dd-6b5c-0658-4825-36826d1afbbb}\\DeliveryOptimization\\Swarms\\95D2EE60-C9D3-45E4-876D-BAE16D758A87_16_0_13127_20408_STREAM_X86_X_NONE\\IsPinned\r\nDetails: DWORD (0x00000000)","ProcessId":"2448","EventType":"SetValue","@timestamp":"2020-09-17T21:33:52.938Z","SourceModuleType":"im_msvistalog","port":64545,"AccountName":"SYSTEM","RecordNumber":637154,"Task":13,"Domain":"NT AUTHORITY","@version":"1","OpcodeValue":0,"SourceModuleName":"eventlog","Severity":"INFO","SourceName":"Microsoft-Windows-Sysmon","Version":2,"Image":"C:\\windows\\System32\\svchost.exe","Category":"Registry value set (rule: RegistryEvent)","UtcTime":"2020-09-17 21:33:51.323","Hostname":"WORKSTATION5.theshire.local","RuleName":"-","tags":["mordorDataset"]}
{"Keywords":-9223372036854775808,"SeverityValue":2,"TargetObject":"\\REGISTRY\\A\\{fb57a6dd-6b5c-0658-4825-36826d1afbbb}\\DeliveryOptimization\\Swarms\\95D2EE60-C9D3-45E4-876D-BAE16D758A87_16_0_13127_20408_STREAM_X86_X_NONE\\ExpireAtTimeFT","EventTypeOrignal":"INFO","EventID":13,"ProviderGuid":"{5770385F-C22A-43E0-BF4C-06F5698FFBD9}","ExecutionProcessID":3228,"host":"wec.internal.cloudapp.net","Channel":"Microsoft-Windows-Sysmon/Operational","UserID":"S-1-5-18","AccountType":"User","ThreadID":4288,"ProcessGuid":"{b34bc01c-8526-5f63-2103-000000000400}","Details":"QWORD (0x01d68f65-0xa90b813b)","EventReceivedTime":"2020-09-17 17:33:52","Opcode":"Info","EventTime":"2020-09-17 17:33:51","Message":"Registry value set:\r\nRuleName: -\r\nEventType: SetValue\r\nUtcTime: 2020-09-17 21:33:51.323\r\nProcessGuid: {b34bc01c-8526-5f63-2103-000000000400}\r\nProcessId: 2448\r\nImage: C:\\windows\\System32\\svchost.exe\r\nTargetObject: \\REGISTRY\\A\\{fb57a6dd-6b5c-0658-4825-36826d1afbbb}\\DeliveryOptimization\\Swarms\\95D2EE60-C9D3-45E4-876D-BAE16D758A87_16_0_13127_20408_STREAM_X86_X_NONE\\ExpireAtTimeFT\r\nDetails: QWORD (0x01d68f65-0xa90b813b)","ProcessId":"2448","EventType":"SetValue","@timestamp":"2020-09-17T21:33:52.938Z","SourceModuleType":"im_msvistalog","port":64545,"AccountName":"SYSTEM","RecordNumber":637155,"Task":13,"Domain":"NT AUTHORITY","@version":"1","OpcodeValue":0,"SourceModuleName":"eventlog","Severity":"INFO","SourceName":"Microsoft-Windows-Sysmon","Version":2,"Image":"C:\\windows\\System32\\svchost.exe","Category":"Registry value set (rule: RegistryEvent)","UtcTime":"2020-09-17 21:33:51.323","Hostname":"WORKSTATION5.theshire.local","RuleName":"-","tags":["mordorDataset"]}
{"Keywords":-9223372036854775808,"SeverityValue":2,"TargetObject":"\\REGISTRY\\A\\{fb57a6dd-6b5c-0658-4825-36826d1afbbb}\\DeliveryOptimization\\Swarms\\95D2EE60-C9D3-45E4-876D-BAE16D758A87_16_0_13127_20408_STREAM_X86_X_NONE\\ExpireAtOverride","EventTypeOrignal":"INFO","EventID":13,"ProviderGuid":"{5770385F-C22A-43E0-BF4C-06F5698FFBD9}","ExecutionProcessID":3228,"host":"wec.internal.cloudapp.net","Channel":"Microsoft-Windows-Sysmon/Operational","UserID":"S-1-5-18","AccountType":"User","ThreadID":4288,"ProcessGuid":"{b34bc01c-8526-5f63-2103-000000000400}","Details":"DWORD (0x00000000)","EventReceivedTime":"2020-09-17 17:33:52","Opcode":"Info","EventTime":"2020-09-17 17:33:51","Message":"Registry value set:\r\nRuleName: -\r\nEventType: SetValue\r\nUtcTime: 2020-09-17 21:33:51.323\r\nProcessGuid: {b34bc01c-8526-5f63-2103-000000000400}\r\nProcessId: 2448\r\nImage: C:\\windows\\System32\\svchost.exe\r\nTargetObject: \\REGISTRY\\A\\{fb57a6dd-6b5c-0658-4825-36826d1afbbb}\\DeliveryOptimization\\Swarms\\95D2EE60-C9D3-45E4-876D-BAE16D758A87_16_0_13127_20408_STREAM_X86_X_NONE\\ExpireAtOverride\r\nDetails: DWORD (0x00000000)","ProcessId":"2448","EventType":"SetValue","@timestamp":"2020-09-17T21:33:52.939Z","SourceModuleType":"im_msvistalog","port":64545,"AccountName":"SYSTEM","RecordNumber":637156,"Task":13,"Domain":"NT AUTHORITY","@version":"1","OpcodeValue":0,"SourceModuleName":"eventlog","Severity":"INFO","SourceName":"Microsoft-Windows-Sysmon","Version":2,"Image":"C:\\windows\\System32\\svchost.exe","Category":"Registry value set (rule: RegistryEvent)","UtcTime":"2020-09-17 21:33:51.323","Hostname":"WORKSTATION5.theshire.local","RuleName":"-","tags":["mordorDataset"]}
{"Keywords":-9223372036854775808,"SeverityValue":2,"TargetObject":"\\REGISTRY\\A\\{fb57a6dd-6b5c-0658-4825-36826d1afbbb}\\DeliveryOptimization\\Swarms\\95D2EE60-C9D3-45E4-876D-BAE16D758A87_16_0_13127_20408_STREAM_X86_X_NONE\\Upload","EventTypeOrignal":"INFO","EventID":13,"ProviderGuid":"{5770385F-C22A-43E0-BF4C-06F5698FFBD9}","ExecutionProcessID":3228,"host":"wec.internal.cloudapp.net","Channel":"Microsoft-Windows-Sysmon/Operational","UserID":"S-1-5-18","AccountType":"User","ThreadID":4288,"ProcessGuid":"{b34bc01c-8526-5f63-2103-000000000400}","Details":"DWORD (0x00000001)","EventReceivedTime":"2020-09-17 17:33:52","Opcode":"Info","EventTime":"2020-09-17 17:33:51","Message":"Registry value set:\r\nRuleName: -\r\nEventType: SetValue\r\nUtcTime: 2020-09-17 21:33:51.323\r\nProcessGuid: {b34bc01c-8526-5f63-2103-000000000400}\r\nProcessId: 2448\r\nImage: C:\\windows\\System32\\svchost.exe\r\nTargetObject: \\REGISTRY\\A\\{fb57a6dd-6b5c-0658-4825-36826d1afbbb}\\DeliveryOptimization\\Swarms\\95D2EE60-C9D3-45E4-876D-BAE16D758A87_16_0_13127_20408_STREAM_X86_X_NONE\\Upload\r\nDetails: DWORD (0x00000001)","ProcessId":"2448","EventType":"SetValue","@timestamp":"2020-09-17T21:33:52.939Z","SourceModuleType":"im_msvistalog","port":64545,"AccountName":"SYSTEM","RecordNumber":637157,"Task":13,"Domain":"NT AUTHORITY","@version":"1","OpcodeValue":0,"SourceModuleName":"eventlog","Severity":"INFO","SourceName":"Microsoft-Windows-Sysmon","Version":2,"Image":"C:\\windows\\System32\\svchost.exe","Category":"Registry value set (rule: RegistryEvent)","UtcTime":"2020-09-17 21:33:51.323","Hostname":"WORKSTATION5.theshire.local","RuleName":"-","tags":["mordorDataset"]}
{"Keywords":-9223372036854775808,"SeverityValue":2,"TargetObject":"\\REGISTRY\\A\\{fb57a6dd-6b5c-0658-4825-36826d1afbbb}\\DeliveryOptimization\\Swarms\\95D2EE60-C9D3-45E4-876D-BAE16D758A87_16_0_13127_20408_STREAM_X86_X_NONE\\CdnURL","EventTypeOrignal":"INFO","EventID":13,"ProviderGuid":"{5770385F-C22A-43E0-BF4C-06F5698FFBD9}","ExecutionProcessID":3228,"host":"wec.internal.cloudapp.net","Channel":"Microsoft-Windows-Sysmon/Operational","UserID":"S-1-5-18","AccountType":"User","ThreadID":4288,"ProcessGuid":"{b34bc01c-8526-5f63-2103-000000000400}","Details":"Ðèèàt^^ÞÌÌÒÆÊÆÈÜ\\ÚÒÆäÞæÞÌè\\ÆÞÚ^àä^hrdfj`ÌlZfÂ`bZhÌrnZÄrÆ`ZÆnÆlÈÈÌlnÈl`^ÌÌÒÆÊ^ÂèÂ^bl\\`\\bfbdn\\d`h`p^æèäÊÂÚ\\ðpl\\ðZÜÞÜÊ\\ÈÂè","EventReceivedTime":"2020-09-17 17:33:52","Opcode":"Info","EventTime":"2020-09-17 17:33:51","Message":"Registry value set:\r\nRuleName: -\r\nEventType: SetValue\r\nUtcTime: 2020-09-17 21:33:51.323\r\nProcessGuid: {b34bc01c-8526-5f63-2103-000000000400}\r\nProcessId: 2448\r\nImage: C:\\windows\\System32\\svchost.exe\r\nTargetObject: \\REGISTRY\\A\\{fb57a6dd-6b5c-0658-4825-36826d1afbbb}\\DeliveryOptimization\\Swarms\\95D2EE60-C9D3-45E4-876D-BAE16D758A87_16_0_13127_20408_STREAM_X86_X_NONE\\CdnURL\r\nDetails: Ðèèàt^^ÞÌÌÒÆÊÆÈÜ\\ÚÒÆäÞæÞÌè\\ÆÞÚ^àä^hrdfj`ÌlZfÂ`bZhÌrnZÄrÆ`ZÆnÆlÈÈÌlnÈl`^ÌÌÒÆÊ^ÂèÂ^bl\\`\\bfbdn\\d`h`p^æèäÊÂÚ\\ðpl\\ðZÜÞÜÊ\\ÈÂè","ProcessId":"2448","EventType":"SetValue","@timestamp":"2020-09-17T21:33:52.940Z","SourceModuleType":"im_msvistalog","port":64545,"AccountName":"SYSTEM","RecordNumber":637158,"Task":13,"Domain":"NT AUTHORITY","@version":"1","OpcodeValue":0,"SourceModuleName":"eventlog","Severity":"INFO","SourceName":"Microsoft-Windows-Sysmon","Version":2,"Image":"C:\\windows\\System32\\svchost.exe","Category":"Registry value set (rule: RegistryEvent)","UtcTime":"2020-09-17 21:33:51.323","Hostname":"WORKSTATION5.theshire.local","RuleName":"-","tags":["mordorDataset"]}
{"Keywords":-9223372036854775808,"SeverityValue":2,"TargetObject":"\\REGISTRY\\A\\{fb57a6dd-6b5c-0658-4825-36826d1afbbb}\\DeliveryOptimization\\Swarms\\95D2EE60-C9D3-45E4-876D-BAE16D758A87_16_0_13127_20408_STREAM_X86_X_NONE\\WorkingDir","EventTypeOrignal":"INFO","EventID":13,"ProviderGuid":"{5770385F-C22A-43E0-BF4C-06F5698FFBD9}","ExecutionProcessID":3228,"host":"wec.internal.cloudapp.net","Channel":"Microsoft-Windows-Sysmon/Operational","UserID":"S-1-5-18","AccountType":"User","ThreadID":4288,"ProcessGuid":"{b34bc01c-8526-5f63-2103-000000000400}","Details":"C:\\windows\\ServiceProfiles\\NetworkService\\AppData\\Local\\Microsoft\\Windows\\DeliveryOptimization\\Cache\\382443b8cc20841e5b19d123ebbf9d012d4eaa5c","EventReceivedTime":"2020-09-17 17:33:52","Opcode":"Info","EventTime":"2020-09-17 17:33:51","Message":"Registry value set:\r\nRuleName: -\r\nEventType: SetValue\r\nUtcTime: 2020-09-17 21:33:51.323\r\nProcessGuid: {b34bc01c-8526-5f63-2103-000000000400}\r\nProcessId: 2448\r\nImage: C:\\windows\\System32\\svchost.exe\r\nTargetObject: \\REGISTRY\\A\\{fb57a6dd-6b5c-0658-4825-36826d1afbbb}\\DeliveryOptimization\\Swarms\\95D2EE60-C9D3-45E4-876D-BAE16D758A87_16_0_13127_20408_STREAM_X86_X_NONE\\WorkingDir\r\nDetails: C:\\windows\\ServiceProfiles\\NetworkService\\AppData\\Local\\Microsoft\\Windows\\DeliveryOptimization\\Cache\\382443b8cc20841e5b19d123ebbf9d012d4eaa5c","ProcessId":"2448","EventType":"SetValue","@timestamp":"2020-09-17T21:33:52.941Z","SourceModuleType":"im_msvistalog","port":64545,"AccountName":"SYSTEM","RecordNumber":637159,"Task":13,"Domain":"NT AUTHORITY","@version":"1","OpcodeValue":0,"SourceModuleName":"eventlog","Severity":"INFO","SourceName":"Microsoft-Windows-Sysmon","Version":2,"Image":"C:\\windows\\System32\\svchost.exe","Category":"Registry value set (rule: RegistryEvent)","UtcTime":"2020-09-17 21:33:51.323","Hostname":"WORKSTATION5.theshire.local","RuleName":"-","tags":["mordorDataset"]}
{"Keywords":-9223372036854775808,"SeverityValue":2,"TargetObject":"\\REGISTRY\\A\\{fb57a6dd-6b5c-0658-4825-36826d1afbbb}\\DeliveryOptimization\\Swarms\\95D2EE60-C9D3-45E4-876D-BAE16D758A87_16_0_13127_20408_STREAM_X86_X_NONE\\PeerId","EventTypeOrignal":"INFO","EventID":13,"ProviderGuid":"{5770385F-C22A-43E0-BF4C-06F5698FFBD9}","ExecutionProcessID":3228,"host":"wec.internal.cloudapp.net","Channel":"Microsoft-Windows-Sysmon/Operational","UserID":"S-1-5-18","AccountType":"User","ThreadID":4288,"ProcessGuid":"{b34bc01c-8526-5f63-2103-000000000400}","Details":"Binary Data","EventReceivedTime":"2020-09-17 17:33:52","Opcode":"Info","EventTime":"2020-09-17 17:33:51","Message":"Registry value set:\r\nRuleName: -\r\nEventType: SetValue\r\nUtcTime: 2020-09-17 21:33:51.323\r\nProcessGuid: {b34bc01c-8526-5f63-2103-000000000400}\r\nProcessId: 2448\r\nImage: C:\\windows\\System32\\svchost.exe\r\nTargetObject: \\REGISTRY\\A\\{fb57a6dd-6b5c-0658-4825-36826d1afbbb}\\DeliveryOptimization\\Swarms\\95D2EE60-C9D3-45E4-876D-BAE16D758A87_16_0_13127_20408_STREAM_X86_X_NONE\\PeerId\r\nDetails: Binary Data","ProcessId":"2448","EventType":"SetValue","@timestamp":"2020-09-17T21:33:52.941Z","SourceModuleType":"im_msvistalog","port":64545,"AccountName":"SYSTEM","RecordNumber":637160,"Task":13,"Domain":"NT AUTHORITY","@version":"1","OpcodeValue":0,"SourceModuleName":"eventlog","Severity":"INFO","SourceName":"Microsoft-Windows-Sysmon","Version":2,"Image":"C:\\windows\\System32\\svchost.exe","Category":"Registry value set (rule: RegistryEvent)","UtcTime":"2020-09-17 21:33:51.323","Hostname":"WORKSTATION5.theshire.local","RuleName":"-","tags":["mordorDataset"]}
{"Keywords":-9223372036854775808,"SeverityValue":2,"TargetObject":"\\REGISTRY\\A\\{fb57a6dd-6b5c-0658-4825-36826d1afbbb}\\DeliveryOptimization\\Swarms\\95D2EE60-C9D3-45E4-876D-BAE16D758A87_16_0_13127_20408_STREAM_X86_X_NONE\\SessionId","EventTypeOrignal":"INFO","EventID":13,"ProviderGuid":"{5770385F-C22A-43E0-BF4C-06F5698FFBD9}","ExecutionProcessID":3228,"host":"wec.internal.cloudapp.net","Channel":"Microsoft-Windows-Sysmon/Operational","UserID":"S-1-5-18","AccountType":"User","ThreadID":4288,"ProcessGuid":"{b34bc01c-8526-5f63-2103-000000000400}","Details":"Binary Data","EventReceivedTime":"2020-09-17 17:33:52","Opcode":"Info","EventTime":"2020-09-17 17:33:51","Message":"Registry value set:\r\nRuleName: -\r\nEventType: SetValue\r\nUtcTime: 2020-09-17 21:33:51.323\r\nProcessGuid: {b34bc01c-8526-5f63-2103-000000000400}\r\nProcessId: 2448\r\nImage: C:\\windows\\System32\\svchost.exe\r\nTargetObject: \\REGISTRY\\A\\{fb57a6dd-6b5c-0658-4825-36826d1afbbb}\\DeliveryOptimization\\Swarms\\95D2EE60-C9D3-45E4-876D-BAE16D758A87_16_0_13127_20408_STREAM_X86_X_NONE\\SessionId\r\nDetails: Binary Data","ProcessId":"2448","EventType":"SetValue","@timestamp":"2020-09-17T21:33:52.942Z","SourceModuleType":"im_msvistalog","port":64545,"AccountName":"SYSTEM","RecordNumber":637161,"Task":13,"Domain":"NT AUTHORITY","@version":"1","OpcodeValue":0,"SourceModuleName":"eventlog","Severity":"INFO","SourceName":"Microsoft-Windows-Sysmon","Version":2,"Image":"C:\\windows\\System32\\svchost.exe","Category":"Registry value set (rule: RegistryEvent)","UtcTime":"2020-09-17 21:33:51.323","Hostname":"WORKSTATION5.theshire.local","RuleName":"-","tags":["mordorDataset"]}
{"Keywords":-9223372036854775808,"SeverityValue":2,"TargetObject":"\\REGISTRY\\A\\{fb57a6dd-6b5c-0658-4825-36826d1afbbb}\\DeliveryOptimization\\Swarms\\95D2EE60-C9D3-45E4-876D-BAE16D758A87_16_0_13127_20408_STREAM_X86_X_NONE\\CallerName","EventTypeOrignal":"INFO","EventID":13,"ProviderGuid":"{5770385F-C22A-43E0-BF4C-06F5698FFBD9}","ExecutionProcessID":3228,"host":"wec.internal.cloudapp.net","Channel":"Microsoft-Windows-Sysmon/Operational","UserID":"S-1-5-18","AccountType":"User","ThreadID":4288,"ProcessGuid":"{b34bc01c-8526-5f63-2103-000000000400}","Details":"Microsoft Office Click-to-Run","EventReceivedTime":"2020-09-17 17:33:52","Opcode":"Info","EventTime":"2020-09-17 17:33:51","Message":"Registry value set:\r\nRuleName: -\r\nEventType: SetValue\r\nUtcTime: 2020-09-17 21:33:51.323\r\nProcessGuid: {b34bc01c-8526-5f63-2103-000000000400}\r\nProcessId: 2448\r\nImage: C:\\windows\\System32\\svchost.exe\r\nTargetObject: \\REGISTRY\\A\\{fb57a6dd-6b5c-0658-4825-36826d1afbbb}\\DeliveryOptimization\\Swarms\\95D2EE60-C9D3-45E4-876D-BAE16D758A87_16_0_13127_20408_STREAM_X86_X_NONE\\CallerName\r\nDetails: Microsoft Office Click-to-Run","ProcessId":"2448","EventType":"SetValue","@timestamp":"2020-09-17T21:33:52.942Z","SourceModuleType":"im_msvistalog","port":64545,"AccountName":"SYSTEM","RecordNumber":637162,"Task":13,"Domain":"NT AUTHORITY","@version":"1","OpcodeValue":0,"SourceModuleName":"eventlog","Severity":"INFO","SourceName":"Microsoft-Windows-Sysmon","Version":2,"Image":"C:\\windows\\System32\\svchost.exe","Category":"Registry value set (rule: RegistryEvent)","UtcTime":"2020-09-17 21:33:51.323","Hostname":"WORKSTATION5.theshire.local","RuleName":"-","tags":["mordorDataset"]}
{"Keywords":-9223372036854775808,"SeverityValue":2,"TargetObject":"\\REGISTRY\\A\\{fb57a6dd-6b5c-0658-4825-36826d1afbbb}\\DeliveryOptimization\\Swarms\\95D2EE60-C9D3-45E4-876D-BAE16D758A87_16_0_13127_20408_STREAM_X86_X_NONE\\Status","EventTypeOrignal":"INFO","EventID":13,"ProviderGuid":"{5770385F-C22A-43E0-BF4C-06F5698FFBD9}","ExecutionProcessID":3228,"host":"wec.internal.cloudapp.net","Channel":"Microsoft-Windows-Sysmon/Operational","UserID":"S-1-5-18","AccountType":"User","ThreadID":4288,"ProcessGuid":"{b34bc01c-8526-5f63-2103-000000000400}","Details":"DWORD (0x00000002)","EventReceivedTime":"2020-09-17 17:33:52","Opcode":"Info","EventTime":"2020-09-17 17:33:51","Message":"Registry value set:\r\nRuleName: -\r\nEventType: SetValue\r\nUtcTime: 2020-09-17 21:33:51.323\r\nProcessGuid: {b34bc01c-8526-5f63-2103-000000000400}\r\nProcessId: 2448\r\nImage: C:\\windows\\System32\\svchost.exe\r\nTargetObject: \\REGISTRY\\A\\{fb57a6dd-6b5c-0658-4825-36826d1afbbb}\\DeliveryOptimization\\Swarms\\95D2EE60-C9D3-45E4-876D-BAE16D758A87_16_0_13127_20408_STREAM_X86_X_NONE\\Status\r\nDetails: DWORD (0x00000002)","ProcessId":"2448","EventType":"SetValue","@timestamp":"2020-09-17T21:33:52.942Z","SourceModuleType":"im_msvistalog","port":64545,"AccountName":"SYSTEM","RecordNumber":637163,"Task":13,"Domain":"NT AUTHORITY","@version":"1","OpcodeValue":0,"SourceModuleName":"eventlog","Severity":"INFO","SourceName":"Microsoft-Windows-Sysmon","Version":2,"Image":"C:\\windows\\System32\\svchost.exe","Category":"Registry value set (rule: RegistryEvent)","UtcTime":"2020-09-17 21:33:51.323","Hostname":"WORKSTATION5.theshire.local","RuleName":"-","tags":["mordorDataset"]}
{"Keywords":-9223372036854775808,"SeverityValue":2,"TargetObject":"\\REGISTRY\\A\\{fb57a6dd-6b5c-0658-4825-36826d1afbbb}\\DeliveryOptimization\\Swarms\\95D2EE60-C9D3-45E4-876D-BAE16D758A87_16_0_13127_20408_STREAM_X86_X_NONE\\DownloadDurationMsecs","EventTypeOrignal":"INFO","EventID":13,"ProviderGuid":"{5770385F-C22A-43E0-BF4C-06F5698FFBD9}","ExecutionProcessID":3228,"host":"wec.internal.cloudapp.net","Channel":"Microsoft-Windows-Sysmon/Operational","UserID":"S-1-5-18","AccountType":"User","ThreadID":4288,"ProcessGuid":"{b34bc01c-8526-5f63-2103-000000000400}","Details":"QWORD (0x00000000-0x00015649)","EventReceivedTime":"2020-09-17 17:33:52","Opcode":"Info","EventTime":"2020-09-17 17:33:51","Message":"Registry value set:\r\nRuleName: -\r\nEventType: SetValue\r\nUtcTime: 2020-09-17 21:33:51.323\r\nProcessGuid: {b34bc01c-8526-5f63-2103-000000000400}\r\nProcessId: 2448\r\nImage: C:\\windows\\System32\\svchost.exe\r\nTargetObject: \\REGISTRY\\A\\{fb57a6dd-6b5c-0658-4825-36826d1afbbb}\\DeliveryOptimization\\Swarms\\95D2EE60-C9D3-45E4-876D-BAE16D758A87_16_0_13127_20408_STREAM_X86_X_NONE\\DownloadDurationMsecs\r\nDetails: QWORD (0x00000000-0x00015649)","ProcessId":"2448","EventType":"SetValue","@timestamp":"2020-09-17T21:33:52.942Z","SourceModuleType":"im_msvistalog","port":64545,"AccountName":"SYSTEM","RecordNumber":637164,"Task":13,"Domain":"NT AUTHORITY","@version":"1","OpcodeValue":0,"SourceModuleName":"eventlog","Severity":"INFO","SourceName":"Microsoft-Windows-Sysmon","Version":2,"Image":"C:\\windows\\System32\\svchost.exe","Category":"Registry value set (rule: RegistryEvent)","UtcTime":"2020-09-17 21:33:51.323","Hostname":"WORKSTATION5.theshire.local","RuleName":"-","tags":["mordorDataset"]}
{"Keywords":-9223372036854775808,"SeverityValue":2,"TargetObject":"\\REGISTRY\\A\\{fb57a6dd-6b5c-0658-4825-36826d1afbbb}\\DeliveryOptimization\\Swarms\\95D2EE60-C9D3-45E4-876D-BAE16D758A87_16_0_13127_20408_STREAM_X86_X_NONE\\CacheServerConnectionCount","EventTypeOrignal":"INFO","EventID":13,"ProviderGuid":"{5770385F-C22A-43E0-BF4C-06F5698FFBD9}","ExecutionProcessID":3228,"host":"wec.internal.cloudapp.net","Channel":"Microsoft-Windows-Sysmon/Operational","UserID":"S-1-5-18","AccountType":"User","ThreadID":4288,"ProcessGuid":"{b34bc01c-8526-5f63-2103-000000000400}","Details":"DWORD (0x00000000)","EventReceivedTime":"2020-09-17 17:33:52","Opcode":"Info","EventTime":"2020-09-17 17:33:51","Message":"Registry value set:\r\nRuleName: -\r\nEventType: SetValue\r\nUtcTime: 2020-09-17 21:33:51.323\r\nProcessGuid: {b34bc01c-8526-5f63-2103-000000000400}\r\nProcessId: 2448\r\nImage: C:\\windows\\System32\\svchost.exe\r\nTargetObject: \\REGISTRY\\A\\{fb57a6dd-6b5c-0658-4825-36826d1afbbb}\\DeliveryOptimization\\Swarms\\95D2EE60-C9D3-45E4-876D-BAE16D758A87_16_0_13127_20408_STREAM_X86_X_NONE\\CacheServerConnectionCount\r\nDetails: DWORD (0x00000000)","ProcessId":"2448","EventType":"SetValue","@timestamp":"2020-09-17T21:33:52.943Z","SourceModuleType":"im_msvistalog","port":64545,"AccountName":"SYSTEM","RecordNumber":637165,"Task":13,"Domain":"NT AUTHORITY","@version":"1","OpcodeValue":0,"SourceModuleName":"eventlog","Severity":"INFO","SourceName":"Microsoft-Windows-Sysmon","Version":2,"Image":"C:\\windows\\System32\\svchost.exe","Category":"Registry value set (rule: RegistryEvent)","UtcTime":"2020-09-17 21:33:51.323","Hostname":"WORKSTATION5.theshire.local","RuleName":"-","tags":["mordorDataset"]}
{"Keywords":-9223372036854775808,"SeverityValue":2,"TargetObject":"\\REGISTRY\\A\\{fb57a6dd-6b5c-0658-4825-36826d1afbbb}\\DeliveryOptimization\\Swarms\\95D2EE60-C9D3-45E4-876D-BAE16D758A87_16_0_13127_20408_STREAM_X86_X_NONE\\GroupConnectionCount","EventTypeOrignal":"INFO","EventID":13,"ProviderGuid":"{5770385F-C22A-43E0-BF4C-06F5698FFBD9}","ExecutionProcessID":3228,"host":"wec.internal.cloudapp.net","Channel":"Microsoft-Windows-Sysmon/Operational","UserID":"S-1-5-18","AccountType":"User","ThreadID":4288,"ProcessGuid":"{b34bc01c-8526-5f63-2103-000000000400}","Details":"DWORD (0x00000000)","EventReceivedTime":"2020-09-17 17:33:52","Opcode":"Info","EventTime":"2020-09-17 17:33:51","Message":"Registry value set:\r\nRuleName: -\r\nEventType: SetValue\r\nUtcTime: 2020-09-17 21:33:51.323\r\nProcessGuid: {b34bc01c-8526-5f63-2103-000000000400}\r\nProcessId: 2448\r\nImage: C:\\windows\\System32\\svchost.exe\r\nTargetObject: \\REGISTRY\\A\\{fb57a6dd-6b5c-0658-4825-36826d1afbbb}\\DeliveryOptimization\\Swarms\\95D2EE60-C9D3-45E4-876D-BAE16D758A87_16_0_13127_20408_STREAM_X86_X_NONE\\GroupConnectionCount\r\nDetails: DWORD (0x00000000)","ProcessId":"2448","EventType":"SetValue","@timestamp":"2020-09-17T21:33:52.943Z","SourceModuleType":"im_msvistalog","port":64545,"AccountName":"SYSTEM","RecordNumber":637166,"Task":13,"Domain":"NT AUTHORITY","@version":"1","OpcodeValue":0,"SourceModuleName":"eventlog","Severity":"INFO","SourceName":"Microsoft-Windows-Sysmon","Version":2,"Image":"C:\\windows\\System32\\svchost.exe","Category":"Registry value set (rule: RegistryEvent)","UtcTime":"2020-09-17 21:33:51.323","Hostname":"WORKSTATION5.theshire.local","RuleName":"-","tags":["mordorDataset"]}
{"Keywords":-9223372036854775808,"SeverityValue":2,"TargetObject":"\\REGISTRY\\A\\{fb57a6dd-6b5c-0658-4825-36826d1afbbb}\\DeliveryOptimization\\Swarms\\95D2EE60-C9D3-45E4-876D-BAE16D758A87_16_0_13127_20408_STREAM_X86_X_NONE\\HttpConnectionCount","EventTypeOrignal":"INFO","EventID":13,"ProviderGuid":"{5770385F-C22A-43E0-BF4C-06F5698FFBD9}","ExecutionProcessID":3228,"host":"wec.internal.cloudapp.net","Channel":"Microsoft-Windows-Sysmon/Operational","UserID":"S-1-5-18","AccountType":"User","ThreadID":4288,"ProcessGuid":"{b34bc01c-8526-5f63-2103-000000000400}","Details":"DWORD (0x00000001)","EventReceivedTime":"2020-09-17 17:33:52","Opcode":"Info","EventTime":"2020-09-17 17:33:51","Message":"Registry value set:\r\nRuleName: -\r\nEventType: SetValue\r\nUtcTime: 2020-09-17 21:33:51.323\r\nProcessGuid: {b34bc01c-8526-5f63-2103-000000000400}\r\nProcessId: 2448\r\nImage: C:\\windows\\System32\\svchost.exe\r\nTargetObject: \\REGISTRY\\A\\{fb57a6dd-6b5c-0658-4825-36826d1afbbb}\\DeliveryOptimization\\Swarms\\95D2EE60-C9D3-45E4-876D-BAE16D758A87_16_0_13127_20408_STREAM_X86_X_NONE\\HttpConnectionCount\r\nDetails: DWORD (0x00000001)","ProcessId":"2448","EventType":"SetValue","@timestamp":"2020-09-17T21:33:52.944Z","SourceModuleType":"im_msvistalog","port":64545,"AccountName":"SYSTEM","RecordNumber":637167,"Task":13,"Domain":"NT AUTHORITY","@version":"1","OpcodeValue":0,"SourceModuleName":"eventlog","Severity":"INFO","SourceName":"Microsoft-Windows-Sysmon","Version":2,"Image":"C:\\windows\\System32\\svchost.exe","Category":"Registry value set (rule: RegistryEvent)","UtcTime":"2020-09-17 21:33:51.323","Hostname":"WORKSTATION5.theshire.local","RuleName":"-","tags":["mordorDataset"]}
{"Keywords":-9223372036854775808,"SeverityValue":2,"TargetObject":"\\REGISTRY\\A\\{fb57a6dd-6b5c-0658-4825-36826d1afbbb}\\DeliveryOptimization\\Swarms\\95D2EE60-C9D3-45E4-876D-BAE16D758A87_16_0_13127_20408_STREAM_X86_X_NONE\\InternetConnectionCount","EventTypeOrignal":"INFO","EventID":13,"ProviderGuid":"{5770385F-C22A-43E0-BF4C-06F5698FFBD9}","ExecutionProcessID":3228,"host":"wec.internal.cloudapp.net","Channel":"Microsoft-Windows-Sysmon/Operational","UserID":"S-1-5-18","AccountType":"User","ThreadID":4288,"ProcessGuid":"{b34bc01c-8526-5f63-2103-000000000400}","Details":"DWORD (0x00000000)","EventReceivedTime":"2020-09-17 17:33:52","Opcode":"Info","EventTime":"2020-09-17 17:33:51","Message":"Registry value set:\r\nRuleName: -\r\nEventType: SetValue\r\nUtcTime: 2020-09-17 21:33:51.323\r\nProcessGuid: {b34bc01c-8526-5f63-2103-000000000400}\r\nProcessId: 2448\r\nImage: C:\\windows\\System32\\svchost.exe\r\nTargetObject: \\REGISTRY\\A\\{fb57a6dd-6b5c-0658-4825-36826d1afbbb}\\DeliveryOptimization\\Swarms\\95D2EE60-C9D3-45E4-876D-BAE16D758A87_16_0_13127_20408_STREAM_X86_X_NONE\\InternetConnectionCount\r\nDetails: DWORD (0x00000000)","ProcessId":"2448","EventType":"SetValue","@timestamp":"2020-09-17T21:33:52.944Z","SourceModuleType":"im_msvistalog","port":64545,"AccountName":"SYSTEM","RecordNumber":637168,"Task":13,"Domain":"NT AUTHORITY","@version":"1","OpcodeValue":0,"SourceModuleName":"eventlog","Severity":"INFO","SourceName":"Microsoft-Windows-Sysmon","Version":2,"Image":"C:\\windows\\System32\\svchost.exe","Category":"Registry value set (rule: RegistryEvent)","UtcTime":"2020-09-17 21:33:51.323","Hostname":"WORKSTATION5.theshire.local","RuleName":"-","tags":["mordorDataset"]}
{"Keywords":-9223372036854775808,"SeverityValue":2,"TargetObject":"\\REGISTRY\\A\\{fb57a6dd-6b5c-0658-4825-36826d1afbbb}\\DeliveryOptimization\\Swarms\\95D2EE60-C9D3-45E4-876D-BAE16D758A87_16_0_13127_20408_STREAM_X86_X_NONE\\LanConnectionCount","EventTypeOrignal":"INFO","EventID":13,"ProviderGuid":"{5770385F-C22A-43E0-BF4C-06F5698FFBD9}","ExecutionProcessID":3228,"host":"wec.internal.cloudapp.net","Channel":"Microsoft-Windows-Sysmon/Operational","UserID":"S-1-5-18","AccountType":"User","ThreadID":4288,"ProcessGuid":"{b34bc01c-8526-5f63-2103-000000000400}","Details":"DWORD (0x00000000)","EventReceivedTime":"2020-09-17 17:33:52","Opcode":"Info","EventTime":"2020-09-17 17:33:51","Message":"Registry value set:\r\nRuleName: -\r\nEventType: SetValue\r\nUtcTime: 2020-09-17 21:33:51.323\r\nProcessGuid: {b34bc01c-8526-5f63-2103-000000000400}\r\nProcessId: 2448\r\nImage: C:\\windows\\System32\\svchost.exe\r\nTargetObject: \\REGISTRY\\A\\{fb57a6dd-6b5c-0658-4825-36826d1afbbb}\\DeliveryOptimization\\Swarms\\95D2EE60-C9D3-45E4-876D-BAE16D758A87_16_0_13127_20408_STREAM_X86_X_NONE\\LanConnectionCount\r\nDetails: DWORD (0x00000000)","ProcessId":"2448","EventType":"SetValue","@timestamp":"2020-09-17T21:33:52.945Z","SourceModuleType":"im_msvistalog","port":64545,"AccountName":"SYSTEM","RecordNumber":637169,"Task":13,"Domain":"NT AUTHORITY","@version":"1","OpcodeValue":0,"SourceModuleName":"eventlog","Severity":"INFO","SourceName":"Microsoft-Windows-Sysmon","Version":2,"Image":"C:\\windows\\System32\\svchost.exe","Category":"Registry value set (rule: RegistryEvent)","UtcTime":"2020-09-17 21:33:51.323","Hostname":"WORKSTATION5.theshire.local","RuleName":"-","tags":["mordorDataset"]}
{"Keywords":-9223372036854775808,"SeverityValue":2,"TargetObject":"\\REGISTRY\\A\\{fb57a6dd-6b5c-0658-4825-36826d1afbbb}\\DeliveryOptimization\\Swarms\\95D2EE60-C9D3-45E4-876D-BAE16D758A87_16_0_13127_20408_STREAM_X86_X_NONE\\LinkLocalConnectionCount","EventTypeOrignal":"INFO","EventID":13,"ProviderGuid":"{5770385F-C22A-43E0-BF4C-06F5698FFBD9}","ExecutionProcessID":3228,"host":"wec.internal.cloudapp.net","Channel":"Microsoft-Windows-Sysmon/Operational","UserID":"S-1-5-18","AccountType":"User","ThreadID":4288,"ProcessGuid":"{b34bc01c-8526-5f63-2103-000000000400}","Details":"DWORD (0x00000000)","EventReceivedTime":"2020-09-17 17:33:52","Opcode":"Info","EventTime":"2020-09-17 17:33:51","Message":"Registry value set:\r\nRuleName: -\r\nEventType: SetValue\r\nUtcTime: 2020-09-17 21:33:51.323\r\nProcessGuid: {b34bc01c-8526-5f63-2103-000000000400}\r\nProcessId: 2448\r\nImage: C:\\windows\\System32\\svchost.exe\r\nTargetObject: \\REGISTRY\\A\\{fb57a6dd-6b5c-0658-4825-36826d1afbbb}\\DeliveryOptimization\\Swarms\\95D2EE60-C9D3-45E4-876D-BAE16D758A87_16_0_13127_20408_STREAM_X86_X_NONE\\LinkLocalConnectionCount\r\nDetails: DWORD (0x00000000)","ProcessId":"2448","EventType":"SetValue","@timestamp":"2020-09-17T21:33:52.945Z","SourceModuleType":"im_msvistalog","port":64545,"AccountName":"SYSTEM","RecordNumber":637170,"Task":13,"Domain":"NT AUTHORITY","@version":"1","OpcodeValue":0,"SourceModuleName":"eventlog","Severity":"INFO","SourceName":"Microsoft-Windows-Sysmon","Version":2,"Image":"C:\\windows\\System32\\svchost.exe","Category":"Registry value set (rule: RegistryEvent)","UtcTime":"2020-09-17 21:33:51.323","Hostname":"WORKSTATION5.theshire.local","RuleName":"-","tags":["mordorDataset"]}
{"Keywords":-9223372036854775808,"SeverityValue":2,"TargetObject":"\\REGISTRY\\A\\{fb57a6dd-6b5c-0658-4825-36826d1afbbb}\\DeliveryOptimization\\Swarms\\95D2EE60-C9D3-45E4-876D-BAE16D758A87_16_0_13127_20408_STREAM_X86_X_NONE\\PeerCount","EventTypeOrignal":"INFO","EventID":13,"ProviderGuid":"{5770385F-C22A-43E0-BF4C-06F5698FFBD9}","ExecutionProcessID":3228,"host":"wec.internal.cloudapp.net","Channel":"Microsoft-Windows-Sysmon/Operational","UserID":"S-1-5-18","AccountType":"User","ThreadID":4288,"ProcessGuid":"{b34bc01c-8526-5f63-2103-000000000400}","Details":"DWORD (0x00000000)","EventReceivedTime":"2020-09-17 17:33:52","Opcode":"Info","EventTime":"2020-09-17 17:33:51","Message":"Registry value set:\r\nRuleName: -\r\nEventType: SetValue\r\nUtcTime: 2020-09-17 21:33:51.323\r\nProcessGuid: {b34bc01c-8526-5f63-2103-000000000400}\r\nProcessId: 2448\r\nImage: C:\\windows\\System32\\svchost.exe\r\nTargetObject: \\REGISTRY\\A\\{fb57a6dd-6b5c-0658-4825-36826d1afbbb}\\DeliveryOptimization\\Swarms\\95D2EE60-C9D3-45E4-876D-BAE16D758A87_16_0_13127_20408_STREAM_X86_X_NONE\\PeerCount\r\nDetails: DWORD (0x00000000)","ProcessId":"2448","EventType":"SetValue","@timestamp":"2020-09-17T21:33:52.946Z","SourceModuleType":"im_msvistalog","port":64545,"AccountName":"SYSTEM","RecordNumber":637171,"Task":13,"Domain":"NT AUTHORITY","@version":"1","OpcodeValue":0,"SourceModuleName":"eventlog","Severity":"INFO","SourceName":"Microsoft-Windows-Sysmon","Version":2,"Image":"C:\\windows\\System32\\svchost.exe","Category":"Registry value set (rule: RegistryEvent)","UtcTime":"2020-09-17 21:33:51.323","Hostname":"WORKSTATION5.theshire.local","RuleName":"-","tags":["mordorDataset"]}
{"Keywords":-9223372036854775808,"SeverityValue":2,"TargetObject":"\\REGISTRY\\A\\{fb57a6dd-6b5c-0658-4825-36826d1afbbb}\\DeliveryOptimization\\Swarms\\95D2EE60-C9D3-45E4-876D-BAE16D758A87_16_0_13127_20408_STREAM_X86_X_NONE\\CorrelationVector","EventTypeOrignal":"INFO","EventID":13,"ProviderGuid":"{5770385F-C22A-43E0-BF4C-06F5698FFBD9}","ExecutionProcessID":3228,"host":"wec.internal.cloudapp.net","Channel":"Microsoft-Windows-Sysmon/Operational","UserID":"S-1-5-18","AccountType":"User","ThreadID":4288,"ProcessGuid":"{b34bc01c-8526-5f63-2103-000000000400}","Details":"UDo5Isq+PkSdxqsV.2.15","EventReceivedTime":"2020-09-17 17:33:52","Opcode":"Info","EventTime":"2020-09-17 17:33:51","Message":"Registry value set:\r\nRuleName: -\r\nEventType: SetValue\r\nUtcTime: 2020-09-17 21:33:51.323\r\nProcessGuid: {b34bc01c-8526-5f63-2103-000000000400}\r\nProcessId: 2448\r\nImage: C:\\windows\\System32\\svchost.exe\r\nTargetObject: \\REGISTRY\\A\\{fb57a6dd-6b5c-0658-4825-36826d1afbbb}\\DeliveryOptimization\\Swarms\\95D2EE60-C9D3-45E4-876D-BAE16D758A87_16_0_13127_20408_STREAM_X86_X_NONE\\CorrelationVector\r\nDetails: UDo5Isq+PkSdxqsV.2.15","ProcessId":"2448","EventType":"SetValue","@timestamp":"2020-09-17T21:33:52.946Z","SourceModuleType":"im_msvistalog","port":64545,"AccountName":"SYSTEM","RecordNumber":637172,"Task":13,"Domain":"NT AUTHORITY","@version":"1","OpcodeValue":0,"SourceModuleName":"eventlog","Severity":"INFO","SourceName":"Microsoft-Windows-Sysmon","Version":2,"Image":"C:\\windows\\System32\\svchost.exe","Category":"Registry value set (rule: RegistryEvent)","UtcTime":"2020-09-17 21:33:51.323","Hostname":"WORKSTATION5.theshire.local","RuleName":"-","tags":["mordorDataset"]}
{"Keywords":-9223372036854775808,"SeverityValue":2,"TargetObject":"\\REGISTRY\\A\\{fb57a6dd-6b5c-0658-4825-36826d1afbbb}\\DeliveryOptimization\\Swarms\\95D2EE60-C9D3-45E4-876D-BAE16D758A87_16_0_13127_20408_STREAM_X86_X_NONE\\DownloadStats\\RawBytes","EventTypeOrignal":"INFO","EventID":12,"ProviderGuid":"{5770385F-C22A-43E0-BF4C-06F5698FFBD9}","ExecutionProcessID":3228,"host":"wec.internal.cloudapp.net","Channel":"Microsoft-Windows-Sysmon/Operational","UserID":"S-1-5-18","AccountType":"User","ThreadID":4288,"ProcessGuid":"{b34bc01c-8526-5f63-2103-000000000400}","EventReceivedTime":"2020-09-17 17:33:52","ProcessId":"2448","Opcode":"Info","EventTime":"2020-09-17 17:33:51","Message":"Registry object added or deleted:\r\nRuleName: -\r\nEventType: CreateKey\r\nUtcTime: 2020-09-17 21:33:51.323\r\nProcessGuid: {b34bc01c-8526-5f63-2103-000000000400}\r\nProcessId: 2448\r\nImage: C:\\windows\\System32\\svchost.exe\r\nTargetObject: \\REGISTRY\\A\\{fb57a6dd-6b5c-0658-4825-36826d1afbbb}\\DeliveryOptimization\\Swarms\\95D2EE60-C9D3-45E4-876D-BAE16D758A87_16_0_13127_20408_STREAM_X86_X_NONE\\DownloadStats\\RawBytes","EventType":"CreateKey","@timestamp":"2020-09-17T21:33:52.946Z","SourceModuleType":"im_msvistalog","port":64545,"AccountName":"SYSTEM","RecordNumber":637173,"Task":12,"Domain":"NT AUTHORITY","@version":"1","OpcodeValue":0,"SourceModuleName":"eventlog","Severity":"INFO","SourceName":"Microsoft-Windows-Sysmon","Version":2,"Image":"C:\\windows\\System32\\svchost.exe","Category":"Registry object added or deleted (rule: RegistryEvent)","UtcTime":"2020-09-17 21:33:51.323","Hostname":"WORKSTATION5.theshire.local","RuleName":"-","tags":["mordorDataset"]}
{"Keywords":-9223372036854775808,"SeverityValue":2,"TargetObject":"\\REGISTRY\\A\\{fb57a6dd-6b5c-0658-4825-36826d1afbbb}\\DeliveryOptimization\\Swarms\\95D2EE60-C9D3-45E4-876D-BAE16D758A87_16_0_13127_20408_STREAM_X86_X_NONE\\DownloadStats\\RawBytes\\peerHttp","EventTypeOrignal":"INFO","EventID":13,"ProviderGuid":"{5770385F-C22A-43E0-BF4C-06F5698FFBD9}","ExecutionProcessID":3228,"host":"wec.internal.cloudapp.net","Channel":"Microsoft-Windows-Sysmon/Operational","UserID":"S-1-5-18","AccountType":"User","ThreadID":4288,"ProcessGuid":"{b34bc01c-8526-5f63-2103-000000000400}","Details":"QWORD (0x00000000-0x45100000)","EventReceivedTime":"2020-09-17 17:33:53","Opcode":"Info","EventTime":"2020-09-17 17:33:51","Message":"Registry value set:\r\nRuleName: -\r\nEventType: SetValue\r\nUtcTime: 2020-09-17 21:33:51.323\r\nProcessGuid: {b34bc01c-8526-5f63-2103-000000000400}\r\nProcessId: 2448\r\nImage: C:\\windows\\System32\\svchost.exe\r\nTargetObject: \\REGISTRY\\A\\{fb57a6dd-6b5c-0658-4825-36826d1afbbb}\\DeliveryOptimization\\Swarms\\95D2EE60-C9D3-45E4-876D-BAE16D758A87_16_0_13127_20408_STREAM_X86_X_NONE\\DownloadStats\\RawBytes\\peerHttp\r\nDetails: QWORD (0x00000000-0x45100000)","ProcessId":"2448","EventType":"SetValue","@timestamp":"2020-09-17T21:33:53.935Z","SourceModuleType":"im_msvistalog","port":64545,"AccountName":"SYSTEM","RecordNumber":637174,"Task":13,"Domain":"NT AUTHORITY","@version":"1","OpcodeValue":0,"SourceModuleName":"eventlog","Severity":"INFO","SourceName":"Microsoft-Windows-Sysmon","Version":2,"Image":"C:\\windows\\System32\\svchost.exe","Category":"Registry value set (rule: RegistryEvent)","UtcTime":"2020-09-17 21:33:51.323","Hostname":"WORKSTATION5.theshire.local","RuleName":"-","tags":["mordorDataset"]}
{"Keywords":-9223372036854775808,"SeverityValue":2,"TargetObject":"\\REGISTRY\\A\\{fb57a6dd-6b5c-0658-4825-36826d1afbbb}\\DeliveryOptimization\\Swarms\\95D2EE60-C9D3-45E4-876D-BAE16D758A87_16_0_13127_20408_STREAM_X86_X_NONE\\DownloadStats\\ValidBytes","EventTypeOrignal":"INFO","EventID":12,"ProviderGuid":"{5770385F-C22A-43E0-BF4C-06F5698FFBD9}","ExecutionProcessID":3228,"host":"wec.internal.cloudapp.net","Channel":"Microsoft-Windows-Sysmon/Operational","UserID":"S-1-5-18","AccountType":"User","ThreadID":4288,"ProcessGuid":"{b34bc01c-8526-5f63-2103-000000000400}","EventReceivedTime":"2020-09-17 17:33:53","ProcessId":"2448","Opcode":"Info","EventTime":"2020-09-17 17:33:51","Message":"Registry object added or deleted:\r\nRuleName: -\r\nEventType: CreateKey\r\nUtcTime: 2020-09-17 21:33:51.323\r\nProcessGuid: {b34bc01c-8526-5f63-2103-000000000400}\r\nProcessId: 2448\r\nImage: C:\\windows\\System32\\svchost.exe\r\nTargetObject: \\REGISTRY\\A\\{fb57a6dd-6b5c-0658-4825-36826d1afbbb}\\DeliveryOptimization\\Swarms\\95D2EE60-C9D3-45E4-876D-BAE16D758A87_16_0_13127_20408_STREAM_X86_X_NONE\\DownloadStats\\ValidBytes","EventType":"CreateKey","@timestamp":"2020-09-17T21:33:53.935Z","SourceModuleType":"im_msvistalog","port":64545,"AccountName":"SYSTEM","RecordNumber":637175,"Task":12,"Domain":"NT AUTHORITY","@version":"1","OpcodeValue":0,"SourceModuleName":"eventlog","Severity":"INFO","SourceName":"Microsoft-Windows-Sysmon","Version":2,"Image":"C:\\windows\\System32\\svchost.exe","Category":"Registry object added or deleted (rule: RegistryEvent)","UtcTime":"2020-09-17 21:33:51.323","Hostname":"WORKSTATION5.theshire.local","RuleName":"-","tags":["mordorDataset"]}
{"Keywords":-9223372036854775808,"SeverityValue":2,"TargetObject":"\\REGISTRY\\A\\{fb57a6dd-6b5c-0658-4825-36826d1afbbb}\\DeliveryOptimization\\Swarms\\95D2EE60-C9D3-45E4-876D-BAE16D758A87_16_0_13127_20408_STREAM_X86_X_NONE\\DownloadStats\\ValidBytes\\peerHttp","EventTypeOrignal":"INFO","EventID":13,"ProviderGuid":"{5770385F-C22A-43E0-BF4C-06F5698FFBD9}","ExecutionProcessID":3228,"host":"wec.internal.cloudapp.net","Channel":"Microsoft-Windows-Sysmon/Operational","UserID":"S-1-5-18","AccountType":"User","ThreadID":4288,"ProcessGuid":"{b34bc01c-8526-5f63-2103-000000000400}","Details":"QWORD (0x00000000-0x45100000)","EventReceivedTime":"2020-09-17 17:33:53","Opcode":"Info","EventTime":"2020-09-17 17:33:51","Message":"Registry value set:\r\nRuleName: -\r\nEventType: SetValue\r\nUtcTime: 2020-09-17 21:33:51.323\r\nProcessGuid: {b34bc01c-8526-5f63-2103-000000000400}\r\nProcessId: 2448\r\nImage: C:\\windows\\System32\\svchost.exe\r\nTargetObject: \\REGISTRY\\A\\{fb57a6dd-6b5c-0658-4825-36826d1afbbb}\\DeliveryOptimization\\Swarms\\95D2EE60-C9D3-45E4-876D-BAE16D758A87_16_0_13127_20408_STREAM_X86_X_NONE\\DownloadStats\\ValidBytes\\peerHttp\r\nDetails: QWORD (0x00000000-0x45100000)","ProcessId":"2448","EventType":"SetValue","@timestamp":"2020-09-17T21:33:53.935Z","SourceModuleType":"im_msvistalog","port":64545,"AccountName":"SYSTEM","RecordNumber":637176,"Task":13,"Domain":"NT AUTHORITY","@version":"1","OpcodeValue":0,"SourceModuleName":"eventlog","Severity":"INFO","SourceName":"Microsoft-Windows-Sysmon","Version":2,"Image":"C:\\windows\\System32\\svchost.exe","Category":"Registry value set (rule: RegistryEvent)","UtcTime":"2020-09-17 21:33:51.323","Hostname":"WORKSTATION5.theshire.local","RuleName":"-","tags":["mordorDataset"]}
{"Keywords":-9223372036854775808,"SeverityValue":2,"TargetObject":"\\REGISTRY\\A\\{fb57a6dd-6b5c-0658-4825-36826d1afbbb}\\DeliveryOptimization\\Swarms\\95D2EE60-C9D3-45E4-876D-BAE16D758A87_16_0_13127_20408_STREAM_X86_X_NONE\\UploadStats","EventTypeOrignal":"INFO","EventID":12,"ProviderGuid":"{5770385F-C22A-43E0-BF4C-06F5698FFBD9}","ExecutionProcessID":3228,"host":"wec.internal.cloudapp.net","Channel":"Microsoft-Windows-Sysmon/Operational","UserID":"S-1-5-18","AccountType":"User","ThreadID":4288,"ProcessGuid":"{b34bc01c-8526-5f63-2103-000000000400}","EventReceivedTime":"2020-09-17 17:33:53","ProcessId":"2448","Opcode":"Info","EventTime":"2020-09-17 17:33:51","Message":"Registry object added or deleted:\r\nRuleName: -\r\nEventType: CreateKey\r\nUtcTime: 2020-09-17 21:33:51.323\r\nProcessGuid: {b34bc01c-8526-5f63-2103-000000000400}\r\nProcessId: 2448\r\nImage: C:\\windows\\System32\\svchost.exe\r\nTargetObject: \\REGISTRY\\A\\{fb57a6dd-6b5c-0658-4825-36826d1afbbb}\\DeliveryOptimization\\Swarms\\95D2EE60-C9D3-45E4-876D-BAE16D758A87_16_0_13127_20408_STREAM_X86_X_NONE\\UploadStats","EventType":"CreateKey","@timestamp":"2020-09-17T21:33:53.937Z","SourceModuleType":"im_msvistalog","port":64545,"AccountName":"SYSTEM","RecordNumber":637177,"Task":12,"Domain":"NT AUTHORITY","@version":"1","OpcodeValue":0,"SourceModuleName":"eventlog","Severity":"INFO","SourceName":"Microsoft-Windows-Sysmon","Version":2,"Image":"C:\\windows\\System32\\svchost.exe","Category":"Registry object added or deleted (rule: RegistryEvent)","UtcTime":"2020-09-17 21:33:51.323","Hostname":"WORKSTATION5.theshire.local","RuleName":"-","tags":["mordorDataset"]}
{"Keywords":-9214364837600034816,"SeverityValue":2,"Application":"System","EventID":5158,"ProviderGuid":"{54849625-5478-4994-A5BA-3E3B0328C30D}","ExecutionProcessID":4,"Channel":"Security","host":"wec.internal.cloudapp.net","EventReceivedTime":"2020-09-17 17:33:56","ProcessId":"4","ThreadID":108,"EventType":"AUDIT_SUCCESS","Opcode":"Info","EventTime":"2020-09-17 17:33:54","Message":"The Windows Filtering Platform has permitted a bind to a local port.\r\n\r\nApplication Information:\r\n\tProcess ID:\t\t4\r\n\tApplication Name:\tSystem\r\n\r\nNetwork Information:\r\n\tSource Address:\t\t::\r\n\tSource Port:\t\t56404\r\n\tProtocol:\t\t6\r\n\r\nFilter Information:\r\n\tFilter Run-Time ID:\t0\r\n\tLayer Name:\t\tResource Assignment\r\n\tLayer Run-Time ID:\t38","FilterRTID":"0","@timestamp":"2020-09-17T21:33:56.938Z","LayerRTID":"38","SourceModuleType":"im_msvistalog","port":64545,"RecordNumber":239223,"Task":12810,"Protocol":"6","@version":"1","OpcodeValue":0,"SourcePort":"56404","SourceModuleName":"eventlog","Severity":"INFO","SourceName":"Microsoft-Windows-Security-Auditing","Version":0,"LayerName":"%%14608","Category":"Filtering Platform Connection","SourceAddress":"::","tags":["mordorDataset"],"Hostname":"MORDORDC.theshire.local"}
{"Keywords":-9223372036854775808,"SeverityValue":2,"PipeName":"\\lsass","EventTypeOrignal":"INFO","EventID":18,"ProviderGuid":"{5770385F-C22A-43E0-BF4C-06F5698FFBD9}","ExecutionProcessID":3628,"host":"wec.internal.cloudapp.net","Channel":"Microsoft-Windows-Sysmon/Operational","UserID":"S-1-5-18","AccountType":"User","ThreadID":3104,"ProcessGuid":"{b3ab91eb-7d6b-5f63-3200-000000000300}","EventReceivedTime":"2020-09-17 17:33:56","ProcessId":"2212","Opcode":"Info","EventTime":"2020-09-17 17:33:54","Message":"Pipe Connected:\r\nRuleName: -\r\nEventType: ConnectPipe\r\nUtcTime: 2020-09-17 21:33:54.092\r\nProcessGuid: {b3ab91eb-7d6b-5f63-3200-000000000300}\r\nProcessId: 2212\r\nPipeName: \\lsass\r\nImage: C:\\windows\\System32\\svchost.exe","EventType":"ConnectPipe","@timestamp":"2020-09-17T21:33:56.939Z","SourceModuleType":"im_msvistalog","port":64545,"AccountName":"SYSTEM","RecordNumber":317686,"Task":18,"Domain":"NT AUTHORITY","@version":"1","OpcodeValue":0,"SourceModuleName":"eventlog","Severity":"INFO","SourceName":"Microsoft-Windows-Sysmon","Version":1,"Image":"C:\\windows\\System32\\svchost.exe","Category":"Pipe Connected (rule: PipeEvent)","UtcTime":"2020-09-17 21:33:54.092","Hostname":"MORDORDC.theshire.local","RuleName":"-","tags":["mordorDataset"]}
{"Keywords":-9214364837600034816,"SeverityValue":2,"Application":"System","EventID":5156,"ProviderGuid":"{54849625-5478-4994-A5BA-3E3B0328C30D}","ExecutionProcessID":4,"Channel":"Security","host":"wec.internal.cloudapp.net","EventReceivedTime":"2020-09-17 17:33:56","ProcessId":"4","ThreadID":108,"EventType":"AUDIT_SUCCESS","Opcode":"Info","EventTime":"2020-09-17 17:33:54","Message":"The Windows Filtering Platform has permitted a connection.\r\n\r\nApplication Information:\r\n\tProcess ID:\t\t4\r\n\tApplication Name:\tSystem\r\n\r\nNetwork Information:\r\n\tDirection:\t\tOutbound\r\n\tSource Address:\t\tfe80::9582:39e0:356b:ef4e\r\n\tSource Port:\t\t56404\r\n\tDestination Address:\tfe80::9582:39e0:356b:ef4e\r\n\tDestination Port:\t\t445\r\n\tProtocol:\t\t6\r\n\r\nFilter Information:\r\n\tFilter Run-Time ID:\t65853\r\n\tLayer Name:\t\tConnect\r\n\tLayer Run-Time ID:\t50","FilterRTID":"65853","RemoteUserID":"S-1-0-0","@timestamp":"2020-09-17T21:33:56.939Z","LayerRTID":"50","SourceModuleType":"im_msvistalog","port":64545,"RecordNumber":239224,"Task":12810,"Direction":"%%14593","@version":"1","OpcodeValue":0,"SourcePort":"56404","DestPort":"445","Protocol":"6","SourceModuleName":"eventlog","Severity":"INFO","DestAddress":"fe80::9582:39e0:356b:ef4e","SourceName":"Microsoft-Windows-Security-Auditing","Version":1,"LayerName":"%%14611","RemoteMachineID":"S-1-0-0","Category":"Filtering Platform Connection","SourceAddress":"fe80::9582:39e0:356b:ef4e","tags":["mordorDataset"],"Hostname":"MORDORDC.theshire.local"}
{"Keywords":-9223372036854775808,"SeverityValue":2,"TargetObject":"HKLM\\System\\CurrentControlSet\\Services\\Tcpip\\Parameters","EventTypeOrignal":"INFO","EventID":12,"ProviderGuid":"{5770385F-C22A-43E0-BF4C-06F5698FFBD9}","ExecutionProcessID":3628,"host":"wec.internal.cloudapp.net","Channel":"Microsoft-Windows-Sysmon/Operational","UserID":"S-1-5-18","AccountType":"User","ThreadID":3104,"ProcessGuid":"{b3ab91eb-7d63-5f63-0c00-000000000300}","EventReceivedTime":"2020-09-17 17:33:56","ProcessId":"696","Opcode":"Info","EventTime":"2020-09-17 17:33:54","Message":"Registry object added or deleted:\r\nRuleName: -\r\nEventType: CreateKey\r\nUtcTime: 2020-09-17 21:33:54.092\r\nProcessGuid: {b3ab91eb-7d63-5f63-0c00-000000000300}\r\nProcessId: 696\r\nImage: C:\\windows\\system32\\lsass.exe\r\nTargetObject: HKLM\\System\\CurrentControlSet\\Services\\Tcpip\\Parameters","EventType":"CreateKey","@timestamp":"2020-09-17T21:33:56.940Z","SourceModuleType":"im_msvistalog","port":64545,"AccountName":"SYSTEM","RecordNumber":317687,"Task":12,"Domain":"NT AUTHORITY","@version":"1","OpcodeValue":0,"SourceModuleName":"eventlog","Severity":"INFO","SourceName":"Microsoft-Windows-Sysmon","Version":2,"Image":"C:\\windows\\system32\\lsass.exe","Category":"Registry object added or deleted (rule: RegistryEvent)","UtcTime":"2020-09-17 21:33:54.092","Hostname":"MORDORDC.theshire.local","RuleName":"-","tags":["mordorDataset"]}
{"Keywords":-9214364837600034816,"SeverityValue":2,"Application":"System","EventID":5156,"ProviderGuid":"{54849625-5478-4994-A5BA-3E3B0328C30D}","ExecutionProcessID":4,"Channel":"Security","host":"wec.internal.cloudapp.net","EventReceivedTime":"2020-09-17 17:33:56","ProcessId":"4","ThreadID":108,"EventType":"AUDIT_SUCCESS","Opcode":"Info","EventTime":"2020-09-17 17:33:54","Message":"The Windows Filtering Platform has permitted a connection.\r\n\r\nApplication Information:\r\n\tProcess ID:\t\t4\r\n\tApplication Name:\tSystem\r\n\r\nNetwork Information:\r\n\tDirection:\t\tInbound\r\n\tSource Address:\t\tfe80::9582:39e0:356b:ef4e\r\n\tSource Port:\t\t56404\r\n\tDestination Address:\tfe80::9582:39e0:356b:ef4e\r\n\tDestination Port:\t\t445\r\n\tProtocol:\t\t6\r\n\r\nFilter Information:\r\n\tFilter Run-Time ID:\t65851\r\n\tLayer Name:\t\tReceive/Accept\r\n\tLayer Run-Time ID:\t46","FilterRTID":"65851","RemoteUserID":"S-1-0-0","@timestamp":"2020-09-17T21:33:56.940Z","LayerRTID":"46","SourceModuleType":"im_msvistalog","port":64545,"RecordNumber":239225,"Task":12810,"Direction":"%%14592","@version":"1","OpcodeValue":0,"SourcePort":"56404","DestPort":"445","Protocol":"6","SourceModuleName":"eventlog","Severity":"INFO","DestAddress":"fe80::9582:39e0:356b:ef4e","SourceName":"Microsoft-Windows-Security-Auditing","Version":1,"LayerName":"%%14610","RemoteMachineID":"S-1-0-0","Category":"Filtering Platform Connection","SourceAddress":"fe80::9582:39e0:356b:ef4e","tags":["mordorDataset"],"Hostname":"MORDORDC.theshire.local"}
