{"@version":"1","Keywords":-9214364837600034816,"ThreadID":5764,"Version":0,"host":"wec.internal.cloudapp.net","LayerRTID":"36","Message":"The Windows Filtering Platform has permitted a bind to a local port.\r\n\r\nApplication Information:\r\n\tProcess ID:\t\t760\r\n\tApplication Name:\t\\device\\harddiskvolume2\\windows\\system32\\lsass.exe\r\n\r\nNetwork Information:\r\n\tSource Address:\t\t0.0.0.0\r\n\tSource Port:\t\t59697\r\n\tProtocol:\t\t6\r\n\r\nFilter Information:\r\n\tFilter Run-Time ID:\t0\r\n\tLayer Name:\t\tResource Assignment\r\n\tLayer Run-Time ID:\t36","SourceModuleName":"eventlog","SourceName":"Microsoft-Windows-Security-Auditing","SeverityValue":2,"LayerName":"%%14608","tags":["mordorDataset"],"Channel":"Security","ProviderGuid":"{54849625-5478-4994-A5BA-3E3B0328C30D}","EventID":5158,"RecordNumber":110767,"Hostname":"WORKSTATION5.theshire.local","Category":"Filtering Platform Connection","Opcode":"Info","Protocol":"6","ProcessId":"760","SourceModuleType":"im_msvistalog","port":53997,"Application":"\\device\\harddiskvolume2\\windows\\system32\\lsass.exe","EventTime":"2020-08-05 02:10:02","SourcePort":"59697","Severity":"INFO","ExecutionProcessID":4,"SourceAddress":"0.0.0.0","OpcodeValue":0,"@timestamp":"2020-08-05T06:10:03.792Z","Task":12810,"EventType":"AUDIT_SUCCESS","EventReceivedTime":"2020-08-05 02:10:03","FilterRTID":"0"}
{"@version":"1","Keywords":-9214364837600034816,"ThreadID":5764,"Version":1,"DestAddress":"172.18.38.5","host":"wec.internal.cloudapp.net","LayerRTID":"48","Message":"The Windows Filtering Platform has permitted a connection.\r\n\r\nApplication Information:\r\n\tProcess ID:\t\t760\r\n\tApplication Name:\t\\device\\harddiskvolume2\\windows\\system32\\lsass.exe\r\n\r\nNetwork Information:\r\n\tDirection:\t\tOutbound\r\n\tSource Address:\t\t172.18.39.5\r\n\tSource Port:\t\t59697\r\n\tDestination Address:\t172.18.38.5\r\n\tDestination Port:\t\t88\r\n\tProtocol:\t\t6\r\n\r\nFilter Information:\r\n\tFilter Run-Time ID:\t68775\r\n\tLayer Name:\t\tConnect\r\n\tLayer Run-Time ID:\t48","SourceModuleName":"eventlog","SourceName":"Microsoft-Windows-Security-Auditing","SeverityValue":2,"LayerName":"%%14611","tags":["mordorDataset"],"Channel":"Security","ProviderGuid":"{54849625-5478-4994-A5BA-3E3B0328C30D}","EventID":5156,"RecordNumber":110768,"Hostname":"WORKSTATION5.theshire.local","Category":"Filtering Platform Connection","Opcode":"Info","Protocol":"6","ProcessId":"760","SourceModuleType":"im_msvistalog","port":53997,"Application":"\\device\\harddiskvolume2\\windows\\system32\\lsass.exe","EventTime":"2020-08-05 02:10:02","RemoteUserID":"S-1-0-0","SourcePort":"59697","Severity":"INFO","ExecutionProcessID":4,"SourceAddress":"172.18.39.5","OpcodeValue":0,"@timestamp":"2020-08-05T06:10:03.792Z","Task":12810,"DestPort":"88","EventType":"AUDIT_SUCCESS","EventReceivedTime":"2020-08-05 02:10:03","Direction":"%%14593","RemoteMachineID":"S-1-0-0","FilterRTID":"68775"}
{"@version":"1","ThreadID":4452,"UserID":"S-1-5-18","Version":3,"Message":"Image loaded:\r\nRuleName: -\r\nUtcTime: 2020-08-05 06:10:02.432\r\nProcessGuid: {8715b604-458d-5f2a-3905-000000000400}\r\nProcessId: 2064\r\nImage: C:\\Users\\pgustavo\\Desktop\\GruntHTTP.exe\r\nImageLoaded: C:\\Windows\\System32\\cabinet.dll\r\nFileVersion: 5.00 (WinBuild.160101.0800)\r\nDescription: Microsoft® Cabinet File API\r\nProduct: Microsoft® Windows® Operating System\r\nCompany: Microsoft Corporation\r\nOriginalFileName: cabinet.dll\r\nHashes: SHA1=9E71C7231C6DAB9864AF90E8A10FA419577E835F,MD5=D52CE4DBB7605E76EE088CC7EB19D147,SHA256=86609D073F7F769DAF0C3B3E8EC32503D727932896C9C62925FD7979ECC42366,IMPHASH=70C2163A31BA0B9482E5CE33E0D2BEBF\r\nSigned: true\r\nSignature: Microsoft Windows\r\nSignatureStatus: Valid","ProcessGuid":"{8715b604-458d-5f2a-3905-000000000400}","SourceName":"Microsoft-Windows-Sysmon","Hashes":"SHA1=9E71C7231C6DAB9864AF90E8A10FA419577E835F,MD5=D52CE4DBB7605E76EE088CC7EB19D147,SHA256=86609D073F7F769DAF0C3B3E8EC32503D727932896C9C62925FD7979ECC42366,IMPHASH=70C2163A31BA0B9482E5CE33E0D2BEBF","Signature":"Microsoft Windows","tags":["mordorDataset"],"RuleName":"-","ProviderGuid":"{5770385F-C22A-43E0-BF4C-06F5698FFBD9}","EventID":7,"RecordNumber":479956,"Hostname":"WORKSTATION5.theshire.local","SourceModuleType":"im_msvistalog","Signed":"true","ExecutionProcessID":3484,"AccountName":"SYSTEM","OpcodeValue":0,"EventType":"INFO","FileVersion":"5.00 (WinBuild.160101.0800)","Image":"C:\\Users\\pgustavo\\Desktop\\GruntHTTP.exe","AccountType":"User","UtcTime":"2020-08-05 06:10:02.432","Keywords":-9223372036854775808,"OriginalFileName":"cabinet.dll","host":"wec.internal.cloudapp.net","SourceModuleName":"eventlog","SeverityValue":2,"SignatureStatus":"Valid","Channel":"Microsoft-Windows-Sysmon/Operational","Description":"Microsoft® Cabinet File API","ProcessId":"2064","Domain":"NT AUTHORITY","port":53997,"Company":"Microsoft Corporation","EventTime":"2020-08-05 02:10:02","Severity":"INFO","Product":"Microsoft® Windows® Operating System","@timestamp":"2020-08-05T06:10:03.793Z","Task":7,"ImageLoaded":"C:\\Windows\\System32\\cabinet.dll","EventReceivedTime":"2020-08-05 02:10:03"}
{"@version":"1","ThreadID":4456,"UserID":"S-1-5-18","Version":3,"Message":"Image loaded:\r\nRuleName: -\r\nUtcTime: 2020-08-05 06:10:02.442\r\nProcessGuid: {8715b604-458d-5f2a-3905-000000000400}\r\nProcessId: 2064\r\nImage: C:\\Users\\pgustavo\\Desktop\\GruntHTTP.exe\r\nImageLoaded: C:\\Windows\\System32\\cryptdll.dll\r\nFileVersion: 10.0.18362.113 (WinBuild.160101.0800)\r\nDescription: Cryptography Manager\r\nProduct: Microsoft® Windows® Operating System\r\nCompany: Microsoft Corporation\r\nOriginalFileName: cryptdll.dll\r\nHashes: SHA1=BE97D68743A482E079B2444C526B2807A1A4944B,MD5=D688CD24DFA347ED9C3EFD8F7756D404,SHA256=F4BA3B1A3CFE6C67562642F012D1567510DA4BEFFA27FD4B4257A500158FC011,IMPHASH=EEE9E3C69E3AA8A672BA845111314DF0\r\nSigned: true\r\nSignature: Microsoft Windows\r\nSignatureStatus: Valid","ProcessGuid":"{8715b604-458d-5f2a-3905-000000000400}","SourceName":"Microsoft-Windows-Sysmon","Hashes":"SHA1=BE97D68743A482E079B2444C526B2807A1A4944B,MD5=D688CD24DFA347ED9C3EFD8F7756D404,SHA256=F4BA3B1A3CFE6C67562642F012D1567510DA4BEFFA27FD4B4257A500158FC011,IMPHASH=EEE9E3C69E3AA8A672BA845111314DF0","Signature":"Microsoft Windows","tags":["mordorDataset"],"RuleName":"-","ProviderGuid":"{5770385F-C22A-43E0-BF4C-06F5698FFBD9}","EventID":7,"RecordNumber":479957,"Hostname":"WORKSTATION5.theshire.local","SourceModuleType":"im_msvistalog","Signed":"true","ExecutionProcessID":3484,"AccountName":"SYSTEM","OpcodeValue":0,"EventType":"INFO","FileVersion":"10.0.18362.113 (WinBuild.160101.0800)","Image":"C:\\Users\\pgustavo\\Desktop\\GruntHTTP.exe","AccountType":"User","UtcTime":"2020-08-05 06:10:02.442","Keywords":-9223372036854775808,"OriginalFileName":"cryptdll.dll","host":"wec.internal.cloudapp.net","SourceModuleName":"eventlog","SeverityValue":2,"SignatureStatus":"Valid","Channel":"Microsoft-Windows-Sysmon/Operational","Description":"Cryptography Manager","ProcessId":"2064","Domain":"NT AUTHORITY","port":53997,"Company":"Microsoft Corporation","EventTime":"2020-08-05 02:10:02","Severity":"INFO","Product":"Microsoft® Windows® Operating System","@timestamp":"2020-08-05T06:10:03.793Z","Task":7,"ImageLoaded":"C:\\Windows\\System32\\cryptdll.dll","EventReceivedTime":"2020-08-05 02:10:03"}
{"@version":"1","Keywords":-9214364837600034816,"ThreadID":2352,"Version":1,"DestAddress":"172.18.38.5","host":"wec.internal.cloudapp.net","LayerRTID":"44","Message":"The Windows Filtering Platform has permitted a connection.\r\n\r\nApplication Information:\r\n\tProcess ID:\t\t980\r\n\tApplication Name:\t\\device\\harddiskvolume2\\windows\\system32\\svchost.exe\r\n\r\nNetwork Information:\r\n\tDirection:\t\tInbound\r\n\tSource Address:\t\t172.18.39.5\r\n\tSource Port:\t\t59695\r\n\tDestination Address:\t172.18.38.5\r\n\tDestination Port:\t\t135\r\n\tProtocol:\t\t6\r\n\r\nFilter Information:\r\n\tFilter Run-Time ID:\t67835\r\n\tLayer Name:\t\tReceive/Accept\r\n\tLayer Run-Time ID:\t44","SourceModuleName":"eventlog","SourceName":"Microsoft-Windows-Security-Auditing","SeverityValue":2,"LayerName":"%%14610","tags":["mordorDataset"],"Channel":"Security","ProviderGuid":"{54849625-5478-4994-A5BA-3E3B0328C30D}","EventID":5156,"RecordNumber":215509,"Hostname":"MORDORDC.theshire.local","Category":"Filtering Platform Connection","Opcode":"Info","Protocol":"6","ProcessId":"980","SourceModuleType":"im_msvistalog","port":53997,"Application":"\\device\\harddiskvolume2\\windows\\system32\\svchost.exe","EventTime":"2020-08-05 02:10:02","RemoteUserID":"S-1-0-0","SourcePort":"59695","Severity":"INFO","ExecutionProcessID":4,"SourceAddress":"172.18.39.5","OpcodeValue":0,"@timestamp":"2020-08-05T06:10:03.793Z","Task":12810,"DestPort":"135","EventType":"AUDIT_SUCCESS","EventReceivedTime":"2020-08-05 02:10:03","Direction":"%%14592","RemoteMachineID":"S-1-0-0","FilterRTID":"67835"}
{"@version":"1","ThreadID":4452,"UserID":"S-1-5-18","Version":3,"Message":"Image loaded:\r\nRuleName: -\r\nUtcTime: 2020-08-05 06:10:02.443\r\nProcessGuid: {8715b604-458d-5f2a-3905-000000000400}\r\nProcessId: 2064\r\nImage: C:\\Users\\pgustavo\\Desktop\\GruntHTTP.exe\r\nImageLoaded: C:\\Windows\\System32\\netapi32.dll\r\nFileVersion: 10.0.18362.1 (WinBuild.160101.0800)\r\nDescription: Net Win32 API DLL\r\nProduct: Microsoft® Windows® Operating System\r\nCompany: Microsoft Corporation\r\nOriginalFileName: NetApi32.DLL\r\nHashes: SHA1=7DFDD188B30162DAA87FDD3E5B7A55C80CD839F1,MD5=86A9DF3FA9D5FCAC8EF57601FCCD78F9,SHA256=F8CDA38FD3FF371E772875EA657A37662321EBB7AD8D6978DBCCCA7FC6DB64F1,IMPHASH=7D4E1695394CF47BD397AFD45A40E55D\r\nSigned: true\r\nSignature: Microsoft Windows\r\nSignatureStatus: Valid","ProcessGuid":"{8715b604-458d-5f2a-3905-000000000400}","SourceName":"Microsoft-Windows-Sysmon","Hashes":"SHA1=7DFDD188B30162DAA87FDD3E5B7A55C80CD839F1,MD5=86A9DF3FA9D5FCAC8EF57601FCCD78F9,SHA256=F8CDA38FD3FF371E772875EA657A37662321EBB7AD8D6978DBCCCA7FC6DB64F1,IMPHASH=7D4E1695394CF47BD397AFD45A40E55D","Signature":"Microsoft Windows","tags":["mordorDataset"],"RuleName":"-","ProviderGuid":"{5770385F-C22A-43E0-BF4C-06F5698FFBD9}","EventID":7,"RecordNumber":479958,"Hostname":"WORKSTATION5.theshire.local","SourceModuleType":"im_msvistalog","Signed":"true","ExecutionProcessID":3484,"AccountName":"SYSTEM","OpcodeValue":0,"EventType":"INFO","FileVersion":"10.0.18362.1 (WinBuild.160101.0800)","Image":"C:\\Users\\pgustavo\\Desktop\\GruntHTTP.exe","AccountType":"User","UtcTime":"2020-08-05 06:10:02.443","Keywords":-9223372036854775808,"OriginalFileName":"NetApi32.DLL","host":"wec.internal.cloudapp.net","SourceModuleName":"eventlog","SeverityValue":2,"SignatureStatus":"Valid","Channel":"Microsoft-Windows-Sysmon/Operational","Description":"Net Win32 API DLL","ProcessId":"2064","Domain":"NT AUTHORITY","port":53997,"Company":"Microsoft Corporation","EventTime":"2020-08-05 02:10:02","Severity":"INFO","Product":"Microsoft® Windows® Operating System","@timestamp":"2020-08-05T06:10:03.793Z","Task":7,"ImageLoaded":"C:\\Windows\\System32\\netapi32.dll","EventReceivedTime":"2020-08-05 02:10:03"}
{"@version":"1","Keywords":-9214364837600034816,"ThreadID":2352,"Version":1,"DestAddress":"172.18.38.5","host":"wec.internal.cloudapp.net","LayerRTID":"44","Message":"The Windows Filtering Platform has permitted a connection.\r\n\r\nApplication Information:\r\n\tProcess ID:\t\t704\r\n\tApplication Name:\t\\device\\harddiskvolume2\\windows\\system32\\lsass.exe\r\n\r\nNetwork Information:\r\n\tDirection:\t\tInbound\r\n\tSource Address:\t\t172.18.39.5\r\n\tSource Port:\t\t59696\r\n\tDestination Address:\t172.18.38.5\r\n\tDestination Port:\t\t49674\r\n\tProtocol:\t\t6\r\n\r\nFilter Information:\r\n\tFilter Run-Time ID:\t67835\r\n\tLayer Name:\t\tReceive/Accept\r\n\tLayer Run-Time ID:\t44","SourceModuleName":"eventlog","SourceName":"Microsoft-Windows-Security-Auditing","SeverityValue":2,"LayerName":"%%14610","tags":["mordorDataset"],"Channel":"Security","ProviderGuid":"{54849625-5478-4994-A5BA-3E3B0328C30D}","EventID":5156,"RecordNumber":215510,"Hostname":"MORDORDC.theshire.local","Category":"Filtering Platform Connection","Opcode":"Info","Protocol":"6","ProcessId":"704","SourceModuleType":"im_msvistalog","port":53997,"Application":"\\device\\harddiskvolume2\\windows\\system32\\lsass.exe","EventTime":"2020-08-05 02:10:02","RemoteUserID":"S-1-0-0","SourcePort":"59696","Severity":"INFO","ExecutionProcessID":4,"SourceAddress":"172.18.39.5","OpcodeValue":0,"@timestamp":"2020-08-05T06:10:03.793Z","Task":12810,"DestPort":"49674","EventType":"AUDIT_SUCCESS","EventReceivedTime":"2020-08-05 02:10:03","Direction":"%%14592","RemoteMachineID":"S-1-0-0","FilterRTID":"67835"}
{"@version":"1","Keywords":-9214364837600034816,"ThreadID":2352,"Version":1,"DestAddress":"172.18.38.5","host":"wec.internal.cloudapp.net","LayerRTID":"44","Message":"The Windows Filtering Platform has permitted a connection.\r\n\r\nApplication Information:\r\n\tProcess ID:\t\t704\r\n\tApplication Name:\t\\device\\harddiskvolume2\\windows\\system32\\lsass.exe\r\n\r\nNetwork Information:\r\n\tDirection:\t\tInbound\r\n\tSource Address:\t\t172.18.39.5\r\n\tSource Port:\t\t60748\r\n\tDestination Address:\t172.18.38.5\r\n\tDestination Port:\t\t389\r\n\tProtocol:\t\t17\r\n\r\nFilter Information:\r\n\tFilter Run-Time ID:\t67835\r\n\tLayer Name:\t\tReceive/Accept\r\n\tLayer Run-Time ID:\t44","SourceModuleName":"eventlog","SourceName":"Microsoft-Windows-Security-Auditing","SeverityValue":2,"LayerName":"%%14610","tags":["mordorDataset"],"Channel":"Security","ProviderGuid":"{54849625-5478-4994-A5BA-3E3B0328C30D}","EventID":5156,"RecordNumber":215511,"Hostname":"MORDORDC.theshire.local","Category":"Filtering Platform Connection","Opcode":"Info","Protocol":"17","ProcessId":"704","SourceModuleType":"im_msvistalog","port":53997,"Application":"\\device\\harddiskvolume2\\windows\\system32\\lsass.exe","EventTime":"2020-08-05 02:10:02","RemoteUserID":"S-1-0-0","SourcePort":"60748","Severity":"INFO","ExecutionProcessID":4,"SourceAddress":"172.18.39.5","OpcodeValue":0,"@timestamp":"2020-08-05T06:10:03.794Z","Task":12810,"DestPort":"389","EventType":"AUDIT_SUCCESS","EventReceivedTime":"2020-08-05 02:10:03","Direction":"%%14592","RemoteMachineID":"S-1-0-0","FilterRTID":"67835"}
{"@version":"1","ThreadID":4452,"UserID":"S-1-5-18","Version":3,"Message":"Image loaded:\r\nRuleName: -\r\nUtcTime: 2020-08-05 06:10:02.444\r\nProcessGuid: {8715b604-458d-5f2a-3905-000000000400}\r\nProcessId: 2064\r\nImage: C:\\Users\\pgustavo\\Desktop\\GruntHTTP.exe\r\nImageLoaded: C:\\Windows\\System32\\logoncli.dll\r\nFileVersion: 10.0.18362.959 (WinBuild.160101.0800)\r\nDescription: Net Logon Client DLL\r\nProduct: Microsoft® Windows® Operating System\r\nCompany: Microsoft Corporation\r\nOriginalFileName: LOGONCLI.DLL\r\nHashes: SHA1=7ECC71CB7CE9147DD657AB1AE35886BA7DC756B4,MD5=F6C3A9388EAA0F34A4F96B21C0758FD2,SHA256=922455AD67DB41092375EEBF257F2FAF7C4533F7D387C3BE148EC46314FE765F,IMPHASH=B27E185C2CB3C781CFC023BF7643672A\r\nSigned: true\r\nSignature: Microsoft Windows\r\nSignatureStatus: Valid","ProcessGuid":"{8715b604-458d-5f2a-3905-000000000400}","SourceName":"Microsoft-Windows-Sysmon","Hashes":"SHA1=7ECC71CB7CE9147DD657AB1AE35886BA7DC756B4,MD5=F6C3A9388EAA0F34A4F96B21C0758FD2,SHA256=922455AD67DB41092375EEBF257F2FAF7C4533F7D387C3BE148EC46314FE765F,IMPHASH=B27E185C2CB3C781CFC023BF7643672A","Signature":"Microsoft Windows","tags":["mordorDataset"],"RuleName":"-","ProviderGuid":"{5770385F-C22A-43E0-BF4C-06F5698FFBD9}","EventID":7,"RecordNumber":479959,"Hostname":"WORKSTATION5.theshire.local","SourceModuleType":"im_msvistalog","Signed":"true","ExecutionProcessID":3484,"AccountName":"SYSTEM","OpcodeValue":0,"EventType":"INFO","FileVersion":"10.0.18362.959 (WinBuild.160101.0800)","Image":"C:\\Users\\pgustavo\\Desktop\\GruntHTTP.exe","AccountType":"User","UtcTime":"2020-08-05 06:10:02.444","Keywords":-9223372036854775808,"OriginalFileName":"LOGONCLI.DLL","host":"wec.internal.cloudapp.net","SourceModuleName":"eventlog","SeverityValue":2,"SignatureStatus":"Valid","Channel":"Microsoft-Windows-Sysmon/Operational","Description":"Net Logon Client DLL","ProcessId":"2064","Domain":"NT AUTHORITY","port":53997,"Company":"Microsoft Corporation","EventTime":"2020-08-05 02:10:02","Severity":"INFO","Product":"Microsoft® Windows® Operating System","@timestamp":"2020-08-05T06:10:03.794Z","Task":7,"ImageLoaded":"C:\\Windows\\System32\\logoncli.dll","EventReceivedTime":"2020-08-05 02:10:03"}
{"@version":"1","Keywords":-9214364837600034816,"ThreadID":2352,"Version":1,"DestAddress":"172.18.38.5","host":"wec.internal.cloudapp.net","LayerRTID":"44","Message":"The Windows Filtering Platform has permitted a connection.\r\n\r\nApplication Information:\r\n\tProcess ID:\t\t704\r\n\tApplication Name:\t\\device\\harddiskvolume2\\windows\\system32\\lsass.exe\r\n\r\nNetwork Information:\r\n\tDirection:\t\tInbound\r\n\tSource Address:\t\t172.18.39.5\r\n\tSource Port:\t\t59697\r\n\tDestination Address:\t172.18.38.5\r\n\tDestination Port:\t\t88\r\n\tProtocol:\t\t6\r\n\r\nFilter Information:\r\n\tFilter Run-Time ID:\t67835\r\n\tLayer Name:\t\tReceive/Accept\r\n\tLayer Run-Time ID:\t44","SourceModuleName":"eventlog","SourceName":"Microsoft-Windows-Security-Auditing","SeverityValue":2,"LayerName":"%%14610","tags":["mordorDataset"],"Channel":"Security","ProviderGuid":"{54849625-5478-4994-A5BA-3E3B0328C30D}","EventID":5156,"RecordNumber":215512,"Hostname":"MORDORDC.theshire.local","Category":"Filtering Platform Connection","Opcode":"Info","Protocol":"6","ProcessId":"704","SourceModuleType":"im_msvistalog","port":53997,"Application":"\\device\\harddiskvolume2\\windows\\system32\\lsass.exe","EventTime":"2020-08-05 02:10:02","RemoteUserID":"S-1-0-0","SourcePort":"59697","Severity":"INFO","ExecutionProcessID":4,"SourceAddress":"172.18.39.5","OpcodeValue":0,"@timestamp":"2020-08-05T06:10:03.794Z","Task":12810,"DestPort":"88","EventType":"AUDIT_SUCCESS","EventReceivedTime":"2020-08-05 02:10:03","Direction":"%%14592","RemoteMachineID":"S-1-0-0","FilterRTID":"67835"}
{"@version":"1","ThreadID":4452,"UserID":"S-1-5-18","Version":3,"Message":"Image loaded:\r\nRuleName: -\r\nUtcTime: 2020-08-05 06:10:02.444\r\nProcessGuid: {8715b604-458d-5f2a-3905-000000000400}\r\nProcessId: 2064\r\nImage: C:\\Users\\pgustavo\\Desktop\\GruntHTTP.exe\r\nImageLoaded: C:\\Windows\\System32\\srvcli.dll\r\nFileVersion: 10.0.18362.1 (WinBuild.160101.0800)\r\nDescription: Server Service Client DLL\r\nProduct: Microsoft® Windows® Operating System\r\nCompany: Microsoft Corporation\r\nOriginalFileName: SRVCLI.DLL\r\nHashes: SHA1=362C9F3CF727083176FAFA9F1C617DBB74A21D94,MD5=7EF028BF08D65A648CA1CCB990F56E76,SHA256=7C0BB0E011E290FEBEB41C12224C8D68809D41B38478A3FD570D040893D57BEF,IMPHASH=E32350B7225B622F35EF63D2D7D7E728\r\nSigned: true\r\nSignature: Microsoft Windows\r\nSignatureStatus: Valid","ProcessGuid":"{8715b604-458d-5f2a-3905-000000000400}","SourceName":"Microsoft-Windows-Sysmon","Hashes":"SHA1=362C9F3CF727083176FAFA9F1C617DBB74A21D94,MD5=7EF028BF08D65A648CA1CCB990F56E76,SHA256=7C0BB0E011E290FEBEB41C12224C8D68809D41B38478A3FD570D040893D57BEF,IMPHASH=E32350B7225B622F35EF63D2D7D7E728","Signature":"Microsoft Windows","tags":["mordorDataset"],"RuleName":"-","ProviderGuid":"{5770385F-C22A-43E0-BF4C-06F5698FFBD9}","EventID":7,"RecordNumber":479960,"Hostname":"WORKSTATION5.theshire.local","SourceModuleType":"im_msvistalog","Signed":"true","ExecutionProcessID":3484,"AccountName":"SYSTEM","OpcodeValue":0,"EventType":"INFO","FileVersion":"10.0.18362.1 (WinBuild.160101.0800)","Image":"C:\\Users\\pgustavo\\Desktop\\GruntHTTP.exe","AccountType":"User","UtcTime":"2020-08-05 06:10:02.444","Keywords":-9223372036854775808,"OriginalFileName":"SRVCLI.DLL","host":"wec.internal.cloudapp.net","SourceModuleName":"eventlog","SeverityValue":2,"SignatureStatus":"Valid","Channel":"Microsoft-Windows-Sysmon/Operational","Description":"Server Service Client DLL","ProcessId":"2064","Domain":"NT AUTHORITY","port":53997,"Company":"Microsoft Corporation","EventTime":"2020-08-05 02:10:02","Severity":"INFO","Product":"Microsoft® Windows® Operating System","@timestamp":"2020-08-05T06:10:03.794Z","Task":7,"ImageLoaded":"C:\\Windows\\System32\\srvcli.dll","EventReceivedTime":"2020-08-05 02:10:03"}
{"IpPort":"59697","@version":"1","Keywords":-9214364837600034816,"ThreadID":3976,"TargetDomainName":"THESHIRE.LOCAL","TransmittedServices":"-","Version":0,"host":"wec.internal.cloudapp.net","Message":"A Kerberos service ticket was requested.\r\n\r\nAccount Information:\r\n\tAccount Name:\t\tpgustavo@THESHIRE.LOCAL\r\n\tAccount Domain:\t\tTHESHIRE.LOCAL\r\n\tLogon GUID:\t\t{f6d1cc3a-512e-e489-ae9e-8b993f455d88}\r\n\r\nService Information:\r\n\tService Name:\t\tMORDORDC$\r\n\tService ID:\t\tS-1-5-21-3669966080-2286457517-972388166-1000\r\n\r\nNetwork Information:\r\n\tClient Address:\t\t::ffff:172.18.39.5\r\n\tClient Port:\t\t59697\r\n\r\nAdditional Information:\r\n\tTicket Options:\t\t0x40810000\r\n\tTicket Encryption Type:\t0x12\r\n\tFailure Code:\t\t0x0\r\n\tTransited Services:\t-\r\n\r\nThis event is generated every time access is requested to a resource such as a computer or a Windows service.  The service name indicates the resource to which access was requested.\r\n\r\nThis event can be correlated with Windows logon events by comparing the Logon GUID fields in each event.  The logon event occurs on the machine that was accessed, which is often a different machine than the domain controller which issued the service ticket.\r\n\r\nTicket options, encryption types, and failure codes are defined in RFC 4120.","TicketEncryptionType":"0x12","SourceModuleName":"eventlog","SourceName":"Microsoft-Windows-Security-Auditing","IpAddress":"::ffff:172.18.39.5","SeverityValue":2,"tags":["mordorDataset"],"ServiceSid":"S-1-5-21-3669966080-2286457517-972388166-1000","Channel":"Security","ProviderGuid":"{54849625-5478-4994-A5BA-3E3B0328C30D}","EventID":4769,"RecordNumber":215513,"Hostname":"MORDORDC.theshire.local","Category":"Kerberos Service Ticket Operations","Opcode":"Info","TicketOptions":"0x40810000","Status":"0x0","SourceModuleType":"im_msvistalog","port":53997,"EventTime":"2020-08-05 02:10:02","ServiceName":"MORDORDC$","Severity":"INFO","ExecutionProcessID":704,"OpcodeValue":0,"@timestamp":"2020-08-05T06:10:03.794Z","Task":14337,"TargetUserName":"pgustavo@THESHIRE.LOCAL","EventType":"AUDIT_SUCCESS","EventReceivedTime":"2020-08-05 02:10:03","LogonGuid":"{f6d1cc3a-512e-e489-ae9e-8b993f455d88}"}
{"@version":"1","ThreadID":4452,"UserID":"S-1-5-18","Version":3,"Message":"Image loaded:\r\nRuleName: -\r\nUtcTime: 2020-08-05 06:10:02.445\r\nProcessGuid: {8715b604-458d-5f2a-3905-000000000400}\r\nProcessId: 2064\r\nImage: C:\\Users\\pgustavo\\Desktop\\GruntHTTP.exe\r\nImageLoaded: C:\\Windows\\System32\\wkscli.dll\r\nFileVersion: 10.0.18362.1 (WinBuild.160101.0800)\r\nDescription: Workstation Service Client DLL\r\nProduct: Microsoft® Windows® Operating System\r\nCompany: Microsoft Corporation\r\nOriginalFileName: WKSCLI.DLL\r\nHashes: SHA1=A857A75B030C2E2031EBFD26E23B2A8E69E4999A,MD5=9C24FF0EDBEB9DCDF269C0E8C2BA7EBB,SHA256=4E901CEA73190D8FA0F2A8AF40855215F8E4416CB5D9813BFF3E4432A4FC3F5C,IMPHASH=6C8F580B502F3E16CF5699B98EAEA4C9\r\nSigned: true\r\nSignature: Microsoft Windows\r\nSignatureStatus: Valid","ProcessGuid":"{8715b604-458d-5f2a-3905-000000000400}","SourceName":"Microsoft-Windows-Sysmon","Hashes":"SHA1=A857A75B030C2E2031EBFD26E23B2A8E69E4999A,MD5=9C24FF0EDBEB9DCDF269C0E8C2BA7EBB,SHA256=4E901CEA73190D8FA0F2A8AF40855215F8E4416CB5D9813BFF3E4432A4FC3F5C,IMPHASH=6C8F580B502F3E16CF5699B98EAEA4C9","Signature":"Microsoft Windows","tags":["mordorDataset"],"RuleName":"-","ProviderGuid":"{5770385F-C22A-43E0-BF4C-06F5698FFBD9}","EventID":7,"RecordNumber":479961,"Hostname":"WORKSTATION5.theshire.local","SourceModuleType":"im_msvistalog","Signed":"true","ExecutionProcessID":3484,"AccountName":"SYSTEM","OpcodeValue":0,"EventType":"INFO","FileVersion":"10.0.18362.1 (WinBuild.160101.0800)","Image":"C:\\Users\\pgustavo\\Desktop\\GruntHTTP.exe","AccountType":"User","UtcTime":"2020-08-05 06:10:02.445","Keywords":-9223372036854775808,"OriginalFileName":"WKSCLI.DLL","host":"wec.internal.cloudapp.net","SourceModuleName":"eventlog","SeverityValue":2,"SignatureStatus":"Valid","Channel":"Microsoft-Windows-Sysmon/Operational","Description":"Workstation Service Client DLL","ProcessId":"2064","Domain":"NT AUTHORITY","port":53997,"Company":"Microsoft Corporation","EventTime":"2020-08-05 02:10:02","Severity":"INFO","Product":"Microsoft® Windows® Operating System","@timestamp":"2020-08-05T06:10:03.795Z","Task":7,"ImageLoaded":"C:\\Windows\\System32\\wkscli.dll","EventReceivedTime":"2020-08-05 02:10:03"}
{"SubjectUserSid":"S-1-5-21-3669966080-2286457517-972388166-1104","@version":"1","Keywords":-9214364837600034816,"ThreadID":1176,"Version":0,"host":"wec.internal.cloudapp.net","Message":"Special privileges assigned to new logon.\r\n\r\nSubject:\r\n\tSecurity ID:\t\tS-1-5-21-3669966080-2286457517-972388166-1104\r\n\tAccount Name:\t\tpgustavo\r\n\tAccount Domain:\t\tTHESHIRE\r\n\tLogon ID:\t\t0x824909\r\n\r\nPrivileges:\t\tSeSecurityPrivilege\r\n\t\t\tSeBackupPrivilege\r\n\t\t\tSeRestorePrivilege\r\n\t\t\tSeTakeOwnershipPrivilege\r\n\t\t\tSeDebugPrivilege\r\n\t\t\tSeSystemEnvironmentPrivilege\r\n\t\t\tSeLoadDriverPrivilege\r\n\t\t\tSeImpersonatePrivilege\r\n\t\t\tSeDelegateSessionUserImpersonatePrivilege\r\n\t\t\tSeEnableDelegationPrivilege","SourceModuleName":"eventlog","SourceName":"Microsoft-Windows-Security-Auditing","SubjectLogonId":"0x824909","SeverityValue":2,"tags":["mordorDataset"],"Channel":"Security","ProviderGuid":"{54849625-5478-4994-A5BA-3E3B0328C30D}","EventID":4672,"RecordNumber":215514,"Hostname":"MORDORDC.theshire.local","Category":"Special Logon","Opcode":"Info","SubjectDomainName":"THESHIRE","SourceModuleType":"im_msvistalog","port":53997,"PrivilegeList":"SeSecurityPrivilege\r\n\t\t\tSeBackupPrivilege\r\n\t\t\tSeRestorePrivilege\r\n\t\t\tSeTakeOwnershipPrivilege\r\n\t\t\tSeDebugPrivilege\r\n\t\t\tSeSystemEnvironmentPrivilege\r\n\t\t\tSeLoadDriverPrivilege\r\n\t\t\tSeImpersonatePrivilege\r\n\t\t\tSeDelegateSessionUserImpersonatePrivilege\r\n\t\t\tSeEnableDelegationPrivilege","EventTime":"2020-08-05 02:10:02","Severity":"INFO","ExecutionProcessID":704,"OpcodeValue":0,"@timestamp":"2020-08-05T06:10:03.795Z","Task":12548,"EventType":"AUDIT_SUCCESS","SubjectUserName":"pgustavo","EventReceivedTime":"2020-08-05 02:10:03"}
{"@version":"1","ThreadID":4456,"UserID":"S-1-5-18","Version":3,"Message":"Image loaded:\r\nRuleName: -\r\nUtcTime: 2020-08-05 06:10:02.443\r\nProcessGuid: {8715b604-458d-5f2a-3905-000000000400}\r\nProcessId: 2064\r\nImage: C:\\Users\\pgustavo\\Desktop\\GruntHTTP.exe\r\nImageLoaded: C:\\Windows\\System32\\fltLib.dll\r\nFileVersion: 10.0.18362.1 (WinBuild.160101.0800)\r\nDescription: Filter Library\r\nProduct: Microsoft® Windows® Operating System\r\nCompany: Microsoft Corporation\r\nOriginalFileName: filterLib.dll\r\nHashes: SHA1=271C76A65E9B4EEB235A7160D5B1286CCE8C13FF,MD5=E202DD92848C5103C9ABF8ECD22BC539,SHA256=353F8D4E647A11F235F4262D913F7BAC4C4F266EAC4601EA416E861AFD611912,IMPHASH=1AC90E68C7E7F27FB14870BE142D19C0\r\nSigned: true\r\nSignature: Microsoft Windows\r\nSignatureStatus: Valid","ProcessGuid":"{8715b604-458d-5f2a-3905-000000000400}","SourceName":"Microsoft-Windows-Sysmon","Hashes":"SHA1=271C76A65E9B4EEB235A7160D5B1286CCE8C13FF,MD5=E202DD92848C5103C9ABF8ECD22BC539,SHA256=353F8D4E647A11F235F4262D913F7BAC4C4F266EAC4601EA416E861AFD611912,IMPHASH=1AC90E68C7E7F27FB14870BE142D19C0","Signature":"Microsoft Windows","tags":["mordorDataset"],"RuleName":"-","ProviderGuid":"{5770385F-C22A-43E0-BF4C-06F5698FFBD9}","EventID":7,"RecordNumber":479962,"Hostname":"WORKSTATION5.theshire.local","SourceModuleType":"im_msvistalog","Signed":"true","ExecutionProcessID":3484,"AccountName":"SYSTEM","OpcodeValue":0,"EventType":"INFO","FileVersion":"10.0.18362.1 (WinBuild.160101.0800)","Image":"C:\\Users\\pgustavo\\Desktop\\GruntHTTP.exe","AccountType":"User","UtcTime":"2020-08-05 06:10:02.443","Keywords":-9223372036854775808,"OriginalFileName":"filterLib.dll","host":"wec.internal.cloudapp.net","SourceModuleName":"eventlog","SeverityValue":2,"SignatureStatus":"Valid","Channel":"Microsoft-Windows-Sysmon/Operational","Description":"Filter Library","ProcessId":"2064","Domain":"NT AUTHORITY","port":53997,"Company":"Microsoft Corporation","EventTime":"2020-08-05 02:10:02","Severity":"INFO","Product":"Microsoft® Windows® Operating System","@timestamp":"2020-08-05T06:10:03.795Z","Task":7,"ImageLoaded":"C:\\Windows\\System32\\fltLib.dll","EventReceivedTime":"2020-08-05 02:10:03"}
{"@version":"1","ThreadID":1176,"TargetDomainName":"THESHIRE.LOCAL","Version":2,"VirtualAccount":"%%1843","Message":"An account was successfully logged on.\r\n\r\nSubject:\r\n\tSecurity ID:\t\tS-1-0-0\r\n\tAccount Name:\t\t-\r\n\tAccount Domain:\t\t-\r\n\tLogon ID:\t\t0x0\r\n\r\nLogon Information:\r\n\tLogon Type:\t\t3\r\n\tRestricted Admin Mode:\t-\r\n\tVirtual Account:\t\tNo\r\n\tElevated Token:\t\tYes\r\n\r\nImpersonation Level:\t\tIdentification\r\n\r\nNew Logon:\r\n\tSecurity ID:\t\tS-1-5-21-3669966080-2286457517-972388166-1104\r\n\tAccount Name:\t\tpgustavo\r\n\tAccount Domain:\t\tTHESHIRE.LOCAL\r\n\tLogon ID:\t\t0x824909\r\n\tLinked Logon ID:\t\t0x0\r\n\tNetwork Account Name:\t-\r\n\tNetwork Account Domain:\t-\r\n\tLogon GUID:\t\t{0b5281da-7faf-f558-7288-fc6ee53ccdd5}\r\n\r\nProcess Information:\r\n\tProcess ID:\t\t0x0\r\n\tProcess Name:\t\t-\r\n\r\nNetwork Information:\r\n\tWorkstation Name:\t-\r\n\tSource Network Address:\t172.18.39.5\r\n\tSource Port:\t\t59696\r\n\r\nDetailed Authentication Information:\r\n\tLogon Process:\t\tKerberos\r\n\tAuthentication Package:\tKerberos\r\n\tTransited Services:\t-\r\n\tPackage Name (NTLM only):\t-\r\n\tKey Length:\t\t0\r\n\r\nThis event is generated when a logon session is created. It is generated on the computer that was accessed.\r\n\r\nThe subject fields indicate the account on the local system which requested the logon. This is most commonly a service such as the Server service, or a local process such as Winlogon.exe or Services.exe.\r\n\r\nThe logon type field indicates the kind of logon that occurred. The most common types are 2 (interactive) and 3 (network).\r\n\r\nThe New Logon fields indicate the account for whom the new logon was created, i.e. the account that was logged on.\r\n\r\nThe network fields indicate where a remote logon request originated. Workstation name is not always available and may be left blank in some cases.\r\n\r\nThe impersonation level field indicates the extent to which a process in the logon session can impersonate.\r\n\r\nThe authentication information fields provide detailed information about this specific logon request.\r\n\t- Logon GUID is a unique identifier that can be used to correlate this event with a KDC event.\r\n\t- Transited services indicate which intermediate services have participated in this logon request.\r\n\t- Package name indicates which sub-protocol was used among the NTLM protocols.\r\n\t- Key length indicates the length of the generated session key. This will be 0 if no session key was requested.","SourceName":"Microsoft-Windows-Security-Auditing","IpAddress":"172.18.39.5","RestrictedAdminMode":"-","SubjectLogonId":"0x0","tags":["mordorDataset"],"LogonType":"3","ProviderGuid":"{54849625-5478-4994-A5BA-3E3B0328C30D}","EventID":4624,"RecordNumber":215515,"Hostname":"MORDORDC.theshire.local","Opcode":"Info","SourceModuleType":"im_msvistalog","ImpersonationLevel":"%%1832","ExecutionProcessID":704,"TargetLinkedLogonId":"0x0","OpcodeValue":0,"TargetOutboundDomainName":"-","TargetUserName":"pgustavo","EventType":"AUDIT_SUCCESS","SubjectUserName":"-","ProcessName":"-","LogonGuid":"{0b5281da-7faf-f558-7288-fc6ee53ccdd5}","LogonProcessName":"Kerberos","IpPort":"59696","SubjectUserSid":"S-1-0-0","Keywords":-9214364837600034816,"TargetLogonId":"0x824909","TransmittedServices":"-","KeyLength":"0","host":"wec.internal.cloudapp.net","SourceModuleName":"eventlog","SeverityValue":2,"Channel":"Security","AuthenticationPackageName":"Kerberos","Category":"Logon","ProcessId":"0x0","SubjectDomainName":"-","ElevatedToken":"%%1842","port":53997,"EventTime":"2020-08-05 02:10:02","Severity":"INFO","TargetUserSid":"S-1-5-21-3669966080-2286457517-972388166-1104","LmPackageName":"-","@timestamp":"2020-08-05T06:10:03.795Z","Task":12544,"WorkstationName":"-","EventReceivedTime":"2020-08-05 02:10:03","TargetOutboundUserName":"-"}
{"EventIdx":"1","SubjectUserSid":"S-1-0-0","@version":"1","Keywords":-9214364837600034816,"ThreadID":1176,"TargetDomainName":"THESHIRE.LOCAL","TargetLogonId":"0x824909","Version":0,"host":"wec.internal.cloudapp.net","Message":"Group membership information.\r\n\r\nSubject:\r\n\tSecurity ID:\t\tS-1-0-0\r\n\tAccount Name:\t\t-\r\n\tAccount Domain:\t\t-\r\n\tLogon ID:\t\t0x0\r\n\r\nLogon Type:\t\t\t3\r\n\r\nNew Logon:\r\n\tSecurity ID:\t\tS-1-5-21-3669966080-2286457517-972388166-1104\r\n\tAccount Name:\t\tpgustavo\r\n\tAccount Domain:\t\tTHESHIRE.LOCAL\r\n\tLogon ID:\t\t0x824909\r\n\r\nEvent in sequence:\t\t1 of 1\r\n\r\nGroup Membership:\t\t\t\r\n\t\t%{S-1-5-21-3669966080-2286457517-972388166-513}\r\n\t\t%{S-1-1-0}\r\n\t\t%{S-1-5-32-545}\r\n\t\t%{S-1-5-32-554}\r\n\t\t%{S-1-5-32-555}\r\n\t\t%{S-1-5-32-544}\r\n\t\t%{S-1-5-2}\r\n\t\t%{S-1-5-11}\r\n\t\t%{S-1-5-15}\r\n\t\t%{S-1-5-21-3669966080-2286457517-972388166-512}\r\n\t\t%{S-1-5-21-3669966080-2286457517-972388166-519}\r\n\t\t%{S-1-5-21-3669966080-2286457517-972388166-518}\r\n\t\t%{S-1-18-1}\r\n\t\t%{S-1-5-21-3669966080-2286457517-972388166-572}\r\n\t\t%{S-1-16-12288}\r\n\r\nThe subject fields indicate the account on the local system which requested the logon. This is most commonly a service such as the Server service, or a local process such as Winlogon.exe or Services.exe.\r\n\r\nThe logon type field indicates the kind of logon that occurred. The most common types are 2 (interactive) and 3 (network).\r\n\r\nThe New Logon fields indicate the account for whom the new logon was created, i.e. the account that was logged on.\r\n\r\nThis event is generated when the Audit Group Membership subcategory is configured.  The Logon ID field can be used to correlate this event with the corresponding user logon event as well as to any other security audit events generated during this logon session.","SourceModuleName":"eventlog","SourceName":"Microsoft-Windows-Security-Auditing","SubjectLogonId":"0x0","SeverityValue":2,"LogonType":"3","GroupMembership":"\r\n\t\t%{S-1-5-21-3669966080-2286457517-972388166-513}\r\n\t\t%{S-1-1-0}\r\n\t\t%{S-1-5-32-545}\r\n\t\t%{S-1-5-32-554}\r\n\t\t%{S-1-5-32-555}\r\n\t\t%{S-1-5-32-544}\r\n\t\t%{S-1-5-2}\r\n\t\t%{S-1-5-11}\r\n\t\t%{S-1-5-15}\r\n\t\t%{S-1-5-21-3669966080-2286457517-972388166-512}\r\n\t\t%{S-1-5-21-3669966080-2286457517-972388166-519}\r\n\t\t%{S-1-5-21-3669966080-2286457517-972388166-518}\r\n\t\t%{S-1-18-1}\r\n\t\t%{S-1-5-21-3669966080-2286457517-972388166-572}\r\n\t\t%{S-1-16-12288}","tags":["mordorDataset"],"Channel":"Security","ProviderGuid":"{54849625-5478-4994-A5BA-3E3B0328C30D}","EventID":4627,"RecordNumber":215516,"Hostname":"MORDORDC.theshire.local","Category":"Group Membership","Opcode":"Info","SubjectDomainName":"-","EventCountTotal":"1","SourceModuleType":"im_msvistalog","port":53997,"EventTime":"2020-08-05 02:10:02","Severity":"INFO","ExecutionProcessID":704,"TargetUserSid":"S-1-5-21-3669966080-2286457517-972388166-1104","OpcodeValue":0,"@timestamp":"2020-08-05T06:10:03.795Z","Task":12554,"TargetUserName":"pgustavo","EventType":"AUDIT_SUCCESS","SubjectUserName":"-","EventReceivedTime":"2020-08-05 02:10:03"}
{"@version":"1","ThreadID":4452,"UserID":"S-1-5-18","Version":3,"Message":"Image loaded:\r\nRuleName: -\r\nUtcTime: 2020-08-05 06:10:02.446\r\nProcessGuid: {8715b604-458d-5f2a-3905-000000000400}\r\nProcessId: 2064\r\nImage: C:\\Users\\pgustavo\\Desktop\\GruntHTTP.exe\r\nImageLoaded: C:\\Windows\\System32\\netutils.dll\r\nFileVersion: 10.0.18362.1 (WinBuild.160101.0800)\r\nDescription: Net Win32 API Helpers DLL\r\nProduct: Microsoft® Windows® Operating System\r\nCompany: Microsoft Corporation\r\nOriginalFileName: NETUTILS.DLL\r\nHashes: SHA1=F2859AF15CED4F162359CC8C1BA1B1FE85DC8867,MD5=56B24BF15E6E88A2D6EF9AFC26BF7FCF,SHA256=74DC0C738188BBF385E9C3295C9904A6CEF4A947AFB71F2A0825037BBB27C92A,IMPHASH=06BB7C9ADD27BBA7B9DE3ADCE76673AB\r\nSigned: true\r\nSignature: Microsoft Windows\r\nSignatureStatus: Valid","ProcessGuid":"{8715b604-458d-5f2a-3905-000000000400}","SourceName":"Microsoft-Windows-Sysmon","Hashes":"SHA1=F2859AF15CED4F162359CC8C1BA1B1FE85DC8867,MD5=56B24BF15E6E88A2D6EF9AFC26BF7FCF,SHA256=74DC0C738188BBF385E9C3295C9904A6CEF4A947AFB71F2A0825037BBB27C92A,IMPHASH=06BB7C9ADD27BBA7B9DE3ADCE76673AB","Signature":"Microsoft Windows","tags":["mordorDataset"],"RuleName":"-","ProviderGuid":"{5770385F-C22A-43E0-BF4C-06F5698FFBD9}","EventID":7,"RecordNumber":479963,"Hostname":"WORKSTATION5.theshire.local","SourceModuleType":"im_msvistalog","Signed":"true","ExecutionProcessID":3484,"AccountName":"SYSTEM","OpcodeValue":0,"EventType":"INFO","FileVersion":"10.0.18362.1 (WinBuild.160101.0800)","Image":"C:\\Users\\pgustavo\\Desktop\\GruntHTTP.exe","AccountType":"User","UtcTime":"2020-08-05 06:10:02.446","Keywords":-9223372036854775808,"OriginalFileName":"NETUTILS.DLL","host":"wec.internal.cloudapp.net","SourceModuleName":"eventlog","SeverityValue":2,"SignatureStatus":"Valid","Channel":"Microsoft-Windows-Sysmon/Operational","Description":"Net Win32 API Helpers DLL","ProcessId":"2064","Domain":"NT AUTHORITY","port":53997,"Company":"Microsoft Corporation","EventTime":"2020-08-05 02:10:02","Severity":"INFO","Product":"Microsoft® Windows® Operating System","@timestamp":"2020-08-05T06:10:03.796Z","Task":7,"ImageLoaded":"C:\\Windows\\System32\\netutils.dll","EventReceivedTime":"2020-08-05 02:10:03"}
{"SubjectUserSid":"S-1-5-18","@version":"1","Keywords":-9214364837600034816,"ThreadID":2352,"TargetHandleId":"0x1620","TargetProcessId":"0x4","Version":0,"host":"wec.internal.cloudapp.net","Message":"An attempt was made to duplicate a handle to an object.\r\n\r\nSubject:\r\n\tSecurity ID:\t\tS-1-5-18\r\n\tAccount Name:\t\tMORDORDC$\r\n\tAccount Domain:\t\tTHESHIRE\r\n\tLogon ID:\t\t0x3E7\r\n\r\nSource Handle Information:\r\n\tSource Handle ID:\t0xfa8\r\n\tSource Process ID:\t0x2c0\r\n\r\nNew Handle Information:\r\n\tTarget Handle ID:\t0x1620\r\n\tTarget Process ID:\t0x4","SourceModuleName":"eventlog","SourceName":"Microsoft-Windows-Security-Auditing","SubjectLogonId":"0x3e7","SeverityValue":2,"SourceProcessId":"0x2c0","tags":["mordorDataset"],"Channel":"Security","ProviderGuid":"{54849625-5478-4994-A5BA-3E3B0328C30D}","EventID":4690,"RecordNumber":215517,"Hostname":"MORDORDC.theshire.local","Category":"Handle Manipulation","Opcode":"Info","SubjectDomainName":"THESHIRE","ProcessId":"0x2c0","SourceModuleType":"im_msvistalog","port":53997,"EventTime":"2020-08-05 02:10:02","Severity":"INFO","ExecutionProcessID":4,"SourceHandleId":"0xfa8","OpcodeValue":0,"@timestamp":"2020-08-05T06:10:03.796Z","Task":12807,"EventType":"AUDIT_SUCCESS","SubjectUserName":"MORDORDC$","EventReceivedTime":"2020-08-05 02:10:03"}
{"SubjectUserSid":"S-1-5-18","@version":"1","Keywords":-9214364837600034816,"ThreadID":2352,"Version":0,"host":"wec.internal.cloudapp.net","Message":"The handle to an object was closed.\r\n\r\nSubject :\r\n\tSecurity ID:\t\tS-1-5-18\r\n\tAccount Name:\t\tMORDORDC$\r\n\tAccount Domain:\t\tTHESHIRE\r\n\tLogon ID:\t\t0x3E7\r\n\r\nObject:\r\n\tObject Server:\t\tSecurity\r\n\tHandle ID:\t\t0x1620\r\n\r\nProcess Information:\r\n\tProcess ID:\t\t0x2c0\r\n\tProcess Name:\t\tC:\\Windows\\System32\\lsass.exe","SourceModuleName":"eventlog","SourceName":"Microsoft-Windows-Security-Auditing","SubjectLogonId":"0x3e7","SeverityValue":2,"tags":["mordorDataset"],"Channel":"Security","ProviderGuid":"{54849625-5478-4994-A5BA-3E3B0328C30D}","ObjectServer":"Security","EventID":4658,"RecordNumber":215518,"Hostname":"MORDORDC.theshire.local","Category":"Registry","Opcode":"Info","SubjectDomainName":"THESHIRE","ProcessId":"0x2c0","SourceModuleType":"im_msvistalog","port":53997,"HandleId":"0x1620","EventTime":"2020-08-05 02:10:02","Severity":"INFO","ExecutionProcessID":4,"OpcodeValue":0,"@timestamp":"2020-08-05T06:10:03.796Z","Task":12801,"EventType":"AUDIT_SUCCESS","SubjectUserName":"MORDORDC$","ProcessName":"C:\\Windows\\System32\\lsass.exe","EventReceivedTime":"2020-08-05 02:10:03"}
{"@version":"1","ThreadID":4452,"UserID":"S-1-5-18","Version":3,"Message":"Image loaded:\r\nRuleName: -\r\nUtcTime: 2020-08-05 06:10:02.446\r\nProcessGuid: {8715b604-458d-5f2a-3905-000000000400}\r\nProcessId: 2064\r\nImage: C:\\Users\\pgustavo\\Desktop\\GruntHTTP.exe\r\nImageLoaded: C:\\Windows\\System32\\samlib.dll\r\nFileVersion: 10.0.18362.752 (WinBuild.160101.0800)\r\nDescription: SAM Library DLL\r\nProduct: Microsoft® Windows® Operating System\r\nCompany: Microsoft Corporation\r\nOriginalFileName: SAMLib.DLL\r\nHashes: SHA1=8D98809483E27D5119F3373887D204012BCEBA71,MD5=D300A64CC99C272F94EA040930B4F739,SHA256=C515B46B258B80A56426BD11E283374C9627BFC17E9E5DC60300FC46ACBA8445,IMPHASH=3B8923EB77916A851639B50DFA19881B\r\nSigned: true\r\nSignature: Microsoft Windows\r\nSignatureStatus: Valid","ProcessGuid":"{8715b604-458d-5f2a-3905-000000000400}","SourceName":"Microsoft-Windows-Sysmon","Hashes":"SHA1=8D98809483E27D5119F3373887D204012BCEBA71,MD5=D300A64CC99C272F94EA040930B4F739,SHA256=C515B46B258B80A56426BD11E283374C9627BFC17E9E5DC60300FC46ACBA8445,IMPHASH=3B8923EB77916A851639B50DFA19881B","Signature":"Microsoft Windows","tags":["mordorDataset"],"RuleName":"-","ProviderGuid":"{5770385F-C22A-43E0-BF4C-06F5698FFBD9}","EventID":7,"RecordNumber":479964,"Hostname":"WORKSTATION5.theshire.local","SourceModuleType":"im_msvistalog","Signed":"true","ExecutionProcessID":3484,"AccountName":"SYSTEM","OpcodeValue":0,"EventType":"INFO","FileVersion":"10.0.18362.752 (WinBuild.160101.0800)","Image":"C:\\Users\\pgustavo\\Desktop\\GruntHTTP.exe","AccountType":"User","UtcTime":"2020-08-05 06:10:02.446","Keywords":-9223372036854775808,"OriginalFileName":"SAMLib.DLL","host":"wec.internal.cloudapp.net","SourceModuleName":"eventlog","SeverityValue":2,"SignatureStatus":"Valid","Channel":"Microsoft-Windows-Sysmon/Operational","Description":"SAM Library DLL","ProcessId":"2064","Domain":"NT AUTHORITY","port":53997,"Company":"Microsoft Corporation","EventTime":"2020-08-05 02:10:02","Severity":"INFO","Product":"Microsoft® Windows® Operating System","@timestamp":"2020-08-05T06:10:03.796Z","Task":7,"ImageLoaded":"C:\\Windows\\System32\\samlib.dll","EventReceivedTime":"2020-08-05 02:10:03"}
{"@version":"1","ThreadID":2352,"AccessList":"%%1537\r\n\t\t\t\t%%1538\r\n\t\t\t\t%%1539\r\n\t\t\t\t%%1540\r\n\t\t\t\t%%4432\r\n\t\t\t\t%%4433\r\n\t\t\t\t%%4434\r\n\t\t\t\t%%4435\r\n\t\t\t\t%%4436\r\n\t\t\t\t%%4437\r\n\t\t\t\t","ObjectName":"\\REGISTRY\\MACHINE\\SYSTEM\\ControlSet001\\Control\\Lsa","AccessReason":"-","Version":1,"Message":"A handle to an object was requested.\r\n\r\nSubject:\r\n\tSecurity ID:\t\tS-1-5-18\r\n\tAccount Name:\t\tMORDORDC$\r\n\tAccount Domain:\t\tTHESHIRE\r\n\tLogon ID:\t\t0x3E7\r\n\r\nObject:\r\n\tObject Server:\t\tSecurity\r\n\tObject Type:\t\tKey\r\n\tObject Name:\t\t\\REGISTRY\\MACHINE\\SYSTEM\\ControlSet001\\Control\\Lsa\r\n\tHandle ID:\t\t0xfa8\r\n\tResource Attributes:\t-\r\n\r\nProcess Information:\r\n\tProcess ID:\t\t0x2c0\r\n\tProcess Name:\t\tC:\\Windows\\System32\\lsass.exe\r\n\r\nAccess Request Information:\r\n\tTransaction ID:\t\t{00000000-0000-0000-0000-000000000000}\r\n\tAccesses:\t\tDELETE\r\n\t\t\t\tREAD_CONTROL\r\n\t\t\t\tWRITE_DAC\r\n\t\t\t\tWRITE_OWNER\r\n\t\t\t\tQuery key value\r\n\t\t\t\tSet key value\r\n\t\t\t\tCreate sub-key\r\n\t\t\t\tEnumerate sub-keys\r\n\t\t\t\tNotify about changes to keys\r\n\t\t\t\tCreate Link\r\n\t\t\t\t\r\n\tAccess Reasons:\t\t-\r\n\tAccess Mask:\t\t0xF003F\r\n\tPrivileges Used for Access Check:\t-\r\n\tRestricted SID Count:\t0","SourceName":"Microsoft-Windows-Security-Auditing","SubjectLogonId":"0x3e7","tags":["mordorDataset"],"ProviderGuid":"{54849625-5478-4994-A5BA-3E3B0328C30D}","EventID":4656,"RecordNumber":215519,"Hostname":"MORDORDC.theshire.local","Opcode":"Info","SourceModuleType":"im_msvistalog","PrivilegeList":"-","ExecutionProcessID":4,"OpcodeValue":0,"EventType":"AUDIT_SUCCESS","SubjectUserName":"MORDORDC$","ProcessName":"C:\\Windows\\System32\\lsass.exe","SubjectUserSid":"S-1-5-18","Keywords":-9214364837600034816,"ObjectType":"Key","host":"wec.internal.cloudapp.net","SourceModuleName":"eventlog","RestrictedSidCount":"0","SeverityValue":2,"Channel":"Security","ObjectServer":"Security","Category":"Registry","AccessMask":"0xf003f","ResourceAttributes":"-","SubjectDomainName":"THESHIRE","TransactionId":"{00000000-0000-0000-0000-000000000000}","ProcessId":"0x2c0","port":53997,"HandleId":"0xfa8","EventTime":"2020-08-05 02:10:02","Severity":"INFO","@timestamp":"2020-08-05T06:10:03.798Z","Task":12801,"EventReceivedTime":"2020-08-05 02:10:03"}
{"@version":"1","ThreadID":4452,"UserID":"S-1-5-18","Version":3,"Message":"Image loaded:\r\nRuleName: -\r\nUtcTime: 2020-08-05 06:10:02.449\r\nProcessGuid: {8715b604-458d-5f2a-3905-000000000400}\r\nProcessId: 2064\r\nImage: C:\\Users\\pgustavo\\Desktop\\GruntHTTP.exe\r\nImageLoaded: C:\\Windows\\System32\\setupapi.dll\r\nFileVersion: 10.0.18362.1 (WinBuild.160101.0800)\r\nDescription: Windows Setup API\r\nProduct: Microsoft® Windows® Operating System\r\nCompany: Microsoft Corporation\r\nOriginalFileName: SETUPAPI.DLL\r\nHashes: SHA1=2EB4B872612BFEF3697F7CD2948044A16B98B51B,MD5=04B058D188908EB631CED20F7B2EA3D9,SHA256=F9AA66AA0B302FD79D34447C371816237D8915F371CD53F19744B720B6A03B99,IMPHASH=C99B549EFE7A882B1FC7F457615E8522\r\nSigned: true\r\nSignature: Microsoft Windows\r\nSignatureStatus: Valid","ProcessGuid":"{8715b604-458d-5f2a-3905-000000000400}","SourceName":"Microsoft-Windows-Sysmon","Hashes":"SHA1=2EB4B872612BFEF3697F7CD2948044A16B98B51B,MD5=04B058D188908EB631CED20F7B2EA3D9,SHA256=F9AA66AA0B302FD79D34447C371816237D8915F371CD53F19744B720B6A03B99,IMPHASH=C99B549EFE7A882B1FC7F457615E8522","Signature":"Microsoft Windows","tags":["mordorDataset"],"RuleName":"-","ProviderGuid":"{5770385F-C22A-43E0-BF4C-06F5698FFBD9}","EventID":7,"RecordNumber":479965,"Hostname":"WORKSTATION5.theshire.local","SourceModuleType":"im_msvistalog","Signed":"true","ExecutionProcessID":3484,"AccountName":"SYSTEM","OpcodeValue":0,"EventType":"INFO","FileVersion":"10.0.18362.1 (WinBuild.160101.0800)","Image":"C:\\Users\\pgustavo\\Desktop\\GruntHTTP.exe","AccountType":"User","UtcTime":"2020-08-05 06:10:02.449","Keywords":-9223372036854775808,"OriginalFileName":"SETUPAPI.DLL","host":"wec.internal.cloudapp.net","SourceModuleName":"eventlog","SeverityValue":2,"SignatureStatus":"Valid","Channel":"Microsoft-Windows-Sysmon/Operational","Description":"Windows Setup API","ProcessId":"2064","Domain":"NT AUTHORITY","port":53997,"Company":"Microsoft Corporation","EventTime":"2020-08-05 02:10:02","Severity":"INFO","Product":"Microsoft® Windows® Operating System","@timestamp":"2020-08-05T06:10:03.798Z","Task":7,"ImageLoaded":"C:\\Windows\\System32\\setupapi.dll","EventReceivedTime":"2020-08-05 02:10:03"}
{"SubjectUserSid":"S-1-5-18","@version":"1","Keywords":-9214364837600034816,"ThreadID":2352,"ObjectType":"Key","ObjectName":"\\REGISTRY\\MACHINE\\SYSTEM\\ControlSet001\\Control\\Lsa","Version":1,"AccessList":"%%4432\r\n\t\t\t\t","host":"wec.internal.cloudapp.net","Message":"An attempt was made to access an object.\r\n\r\nSubject:\r\n\tSecurity ID:\t\tS-1-5-18\r\n\tAccount Name:\t\tMORDORDC$\r\n\tAccount Domain:\t\tTHESHIRE\r\n\tLogon ID:\t\t0x3E7\r\n\r\nObject:\r\n\tObject Server:\t\tSecurity\r\n\tObject Type:\t\tKey\r\n\tObject Name:\t\t\\REGISTRY\\MACHINE\\SYSTEM\\ControlSet001\\Control\\Lsa\r\n\tHandle ID:\t\t0xfa8\r\n\tResource Attributes:\t-\r\n\r\nProcess Information:\r\n\tProcess ID:\t\t0x2c0\r\n\tProcess Name:\t\tC:\\Windows\\System32\\lsass.exe\r\n\r\nAccess Request Information:\r\n\tAccesses:\t\tQuery key value\r\n\t\t\t\t\r\n\tAccess Mask:\t\t0x1","SourceModuleName":"eventlog","SourceName":"Microsoft-Windows-Security-Auditing","SubjectLogonId":"0x3e7","SeverityValue":2,"tags":["mordorDataset"],"Channel":"Security","ProviderGuid":"{54849625-5478-4994-A5BA-3E3B0328C30D}","ObjectServer":"Security","EventID":4663,"RecordNumber":215520,"Hostname":"MORDORDC.theshire.local","Category":"Registry","Opcode":"Info","SubjectDomainName":"THESHIRE","AccessMask":"0x1","ResourceAttributes":"-","SourceModuleType":"im_msvistalog","port":53997,"HandleId":"0xfa8","EventTime":"2020-08-05 02:10:02","ProcessId":"0x2c0","Severity":"INFO","ExecutionProcessID":4,"OpcodeValue":0,"@timestamp":"2020-08-05T06:10:03.798Z","Task":12801,"EventType":"AUDIT_SUCCESS","SubjectUserName":"MORDORDC$","ProcessName":"C:\\Windows\\System32\\lsass.exe","EventReceivedTime":"2020-08-05 02:10:03"}
