{"@version":"1","Keywords":-9214364837600034816,"ThreadID":2036,"Version":0,"host":"wec.internal.cloudapp.net","LayerRTID":"36","Message":"The Windows Filtering Platform has permitted a bind to a local port.\r\n\r\nApplication Information:\r\n\tProcess ID:\t\t1396\r\n\tApplication Name:\t\\device\\harddiskvolume2\\windows\\system32\\svchost.exe\r\n\r\nNetwork Information:\r\n\tSource Address:\t\t0.0.0.0\r\n\tSource Port:\t\t60342\r\n\tProtocol:\t\t6\r\n\r\nFilter Information:\r\n\tFilter Run-Time ID:\t0\r\n\tLayer Name:\t\tResource Assignment\r\n\tLayer Run-Time ID:\t36","SourceModuleName":"eventlog","SourceName":"Microsoft-Windows-Security-Auditing","SeverityValue":2,"LayerName":"%%14608","tags":["mordorDataset"],"Channel":"Security","ProviderGuid":"{54849625-5478-4994-A5BA-3E3B0328C30D}","EventID":5158,"RecordNumber":117381,"Hostname":"WORKSTATION5.theshire.local","Category":"Filtering Platform Connection","Opcode":"Info","Protocol":"6","ProcessId":"1396","SourceModuleType":"im_msvistalog","port":53997,"Application":"\\device\\harddiskvolume2\\windows\\system32\\svchost.exe","EventTime":"2020-08-05 03:49:16","SourcePort":"60342","Severity":"INFO","ExecutionProcessID":4,"SourceAddress":"0.0.0.0","OpcodeValue":0,"@timestamp":"2020-08-05T07:49:18.961Z","Task":12810,"EventType":"AUDIT_SUCCESS","EventReceivedTime":"2020-08-05 03:49:18","FilterRTID":"0"}
{"@version":"1","Keywords":-9214364837600034816,"ThreadID":2036,"Version":0,"host":"wec.internal.cloudapp.net","LayerRTID":"36","Message":"The Windows Filtering Platform has permitted a bind to a local port.\r\n\r\nApplication Information:\r\n\tProcess ID:\t\t1396\r\n\tApplication Name:\t\\device\\harddiskvolume2\\windows\\system32\\svchost.exe\r\n\r\nNetwork Information:\r\n\tSource Address:\t\t0.0.0.0\r\n\tSource Port:\t\t60343\r\n\tProtocol:\t\t6\r\n\r\nFilter Information:\r\n\tFilter Run-Time ID:\t0\r\n\tLayer Name:\t\tResource Assignment\r\n\tLayer Run-Time ID:\t36","SourceModuleName":"eventlog","SourceName":"Microsoft-Windows-Security-Auditing","SeverityValue":2,"LayerName":"%%14608","tags":["mordorDataset"],"Channel":"Security","ProviderGuid":"{54849625-5478-4994-A5BA-3E3B0328C30D}","EventID":5158,"RecordNumber":117383,"Hostname":"WORKSTATION5.theshire.local","Category":"Filtering Platform Connection","Opcode":"Info","Protocol":"6","ProcessId":"1396","SourceModuleType":"im_msvistalog","port":53997,"Application":"\\device\\harddiskvolume2\\windows\\system32\\svchost.exe","EventTime":"2020-08-05 03:49:17","SourcePort":"60343","Severity":"INFO","ExecutionProcessID":4,"SourceAddress":"0.0.0.0","OpcodeValue":0,"@timestamp":"2020-08-05T07:49:18.962Z","Task":12810,"EventType":"AUDIT_SUCCESS","EventReceivedTime":"2020-08-05 03:49:18","FilterRTID":"0"}
{"@version":"1","Keywords":-9214364837600034816,"ThreadID":2036,"Version":0,"host":"wec.internal.cloudapp.net","LayerRTID":"36","Message":"The Windows Filtering Platform has permitted a bind to a local port.\r\n\r\nApplication Information:\r\n\tProcess ID:\t\t1396\r\n\tApplication Name:\t\\device\\harddiskvolume2\\windows\\system32\\svchost.exe\r\n\r\nNetwork Information:\r\n\tSource Address:\t\t0.0.0.0\r\n\tSource Port:\t\t60344\r\n\tProtocol:\t\t6\r\n\r\nFilter Information:\r\n\tFilter Run-Time ID:\t0\r\n\tLayer Name:\t\tResource Assignment\r\n\tLayer Run-Time ID:\t36","SourceModuleName":"eventlog","SourceName":"Microsoft-Windows-Security-Auditing","SeverityValue":2,"LayerName":"%%14608","tags":["mordorDataset"],"Channel":"Security","ProviderGuid":"{54849625-5478-4994-A5BA-3E3B0328C30D}","EventID":5158,"RecordNumber":117384,"Hostname":"WORKSTATION5.theshire.local","Category":"Filtering Platform Connection","Opcode":"Info","Protocol":"6","ProcessId":"1396","SourceModuleType":"im_msvistalog","port":53997,"Application":"\\device\\harddiskvolume2\\windows\\system32\\svchost.exe","EventTime":"2020-08-05 03:49:17","SourcePort":"60344","Severity":"INFO","ExecutionProcessID":4,"SourceAddress":"0.0.0.0","OpcodeValue":0,"@timestamp":"2020-08-05T07:49:18.962Z","Task":12810,"EventType":"AUDIT_SUCCESS","EventReceivedTime":"2020-08-05 03:49:18","FilterRTID":"0"}
{"@version":"1","Keywords":-9214364837600034816,"ThreadID":2036,"Version":0,"host":"wec.internal.cloudapp.net","LayerRTID":"36","Message":"The Windows Filtering Platform has permitted a bind to a local port.\r\n\r\nApplication Information:\r\n\tProcess ID:\t\t1396\r\n\tApplication Name:\t\\device\\harddiskvolume2\\windows\\system32\\svchost.exe\r\n\r\nNetwork Information:\r\n\tSource Address:\t\t0.0.0.0\r\n\tSource Port:\t\t60345\r\n\tProtocol:\t\t6\r\n\r\nFilter Information:\r\n\tFilter Run-Time ID:\t0\r\n\tLayer Name:\t\tResource Assignment\r\n\tLayer Run-Time ID:\t36","SourceModuleName":"eventlog","SourceName":"Microsoft-Windows-Security-Auditing","SeverityValue":2,"LayerName":"%%14608","tags":["mordorDataset"],"Channel":"Security","ProviderGuid":"{54849625-5478-4994-A5BA-3E3B0328C30D}","EventID":5158,"RecordNumber":117387,"Hostname":"WORKSTATION5.theshire.local","Category":"Filtering Platform Connection","Opcode":"Info","Protocol":"6","ProcessId":"1396","SourceModuleType":"im_msvistalog","port":53997,"Application":"\\device\\harddiskvolume2\\windows\\system32\\svchost.exe","EventTime":"2020-08-05 03:49:17","SourcePort":"60345","Severity":"INFO","ExecutionProcessID":4,"SourceAddress":"0.0.0.0","OpcodeValue":0,"@timestamp":"2020-08-05T07:49:18.962Z","Task":12810,"EventType":"AUDIT_SUCCESS","EventReceivedTime":"2020-08-05 03:49:18","FilterRTID":"0"}
{"@version":"1","Keywords":-9214364837600034816,"ThreadID":2036,"Version":0,"host":"wec.internal.cloudapp.net","LayerRTID":"36","Message":"The Windows Filtering Platform has permitted a bind to a local port.\r\n\r\nApplication Information:\r\n\tProcess ID:\t\t1396\r\n\tApplication Name:\t\\device\\harddiskvolume2\\windows\\system32\\svchost.exe\r\n\r\nNetwork Information:\r\n\tSource Address:\t\t0.0.0.0\r\n\tSource Port:\t\t60346\r\n\tProtocol:\t\t6\r\n\r\nFilter Information:\r\n\tFilter Run-Time ID:\t0\r\n\tLayer Name:\t\tResource Assignment\r\n\tLayer Run-Time ID:\t36","SourceModuleName":"eventlog","SourceName":"Microsoft-Windows-Security-Auditing","SeverityValue":2,"LayerName":"%%14608","tags":["mordorDataset"],"Channel":"Security","ProviderGuid":"{54849625-5478-4994-A5BA-3E3B0328C30D}","EventID":5158,"RecordNumber":117388,"Hostname":"WORKSTATION5.theshire.local","Category":"Filtering Platform Connection","Opcode":"Info","Protocol":"6","ProcessId":"1396","SourceModuleType":"im_msvistalog","port":53997,"Application":"\\device\\harddiskvolume2\\windows\\system32\\svchost.exe","EventTime":"2020-08-05 03:49:17","SourcePort":"60346","Severity":"INFO","ExecutionProcessID":4,"SourceAddress":"0.0.0.0","OpcodeValue":0,"@timestamp":"2020-08-05T07:49:18.962Z","Task":12810,"EventType":"AUDIT_SUCCESS","EventReceivedTime":"2020-08-05 03:49:18","FilterRTID":"0"}
{"@version":"1","Keywords":-9214364837600034816,"ThreadID":2036,"Version":0,"host":"wec.internal.cloudapp.net","LayerRTID":"36","Message":"The Windows Filtering Platform has permitted a bind to a local port.\r\n\r\nApplication Information:\r\n\tProcess ID:\t\t1396\r\n\tApplication Name:\t\\device\\harddiskvolume2\\windows\\system32\\svchost.exe\r\n\r\nNetwork Information:\r\n\tSource Address:\t\t0.0.0.0\r\n\tSource Port:\t\t60347\r\n\tProtocol:\t\t6\r\n\r\nFilter Information:\r\n\tFilter Run-Time ID:\t0\r\n\tLayer Name:\t\tResource Assignment\r\n\tLayer Run-Time ID:\t36","SourceModuleName":"eventlog","SourceName":"Microsoft-Windows-Security-Auditing","SeverityValue":2,"LayerName":"%%14608","tags":["mordorDataset"],"Channel":"Security","ProviderGuid":"{54849625-5478-4994-A5BA-3E3B0328C30D}","EventID":5158,"RecordNumber":117391,"Hostname":"WORKSTATION5.theshire.local","Category":"Filtering Platform Connection","Opcode":"Info","Protocol":"6","ProcessId":"1396","SourceModuleType":"im_msvistalog","port":53997,"Application":"\\device\\harddiskvolume2\\windows\\system32\\svchost.exe","EventTime":"2020-08-05 03:49:17","SourcePort":"60347","Severity":"INFO","ExecutionProcessID":4,"SourceAddress":"0.0.0.0","OpcodeValue":0,"@timestamp":"2020-08-05T07:49:18.963Z","Task":12810,"EventType":"AUDIT_SUCCESS","EventReceivedTime":"2020-08-05 03:49:18","FilterRTID":"0"}
{"@version":"1","Keywords":-9214364837600034816,"ThreadID":2036,"Version":0,"host":"wec.internal.cloudapp.net","LayerRTID":"36","Message":"The Windows Filtering Platform has permitted a bind to a local port.\r\n\r\nApplication Information:\r\n\tProcess ID:\t\t1396\r\n\tApplication Name:\t\\device\\harddiskvolume2\\windows\\system32\\svchost.exe\r\n\r\nNetwork Information:\r\n\tSource Address:\t\t0.0.0.0\r\n\tSource Port:\t\t60348\r\n\tProtocol:\t\t6\r\n\r\nFilter Information:\r\n\tFilter Run-Time ID:\t0\r\n\tLayer Name:\t\tResource Assignment\r\n\tLayer Run-Time ID:\t36","SourceModuleName":"eventlog","SourceName":"Microsoft-Windows-Security-Auditing","SeverityValue":2,"LayerName":"%%14608","tags":["mordorDataset"],"Channel":"Security","ProviderGuid":"{54849625-5478-4994-A5BA-3E3B0328C30D}","EventID":5158,"RecordNumber":117393,"Hostname":"WORKSTATION5.theshire.local","Category":"Filtering Platform Connection","Opcode":"Info","Protocol":"6","ProcessId":"1396","SourceModuleType":"im_msvistalog","port":53997,"Application":"\\device\\harddiskvolume2\\windows\\system32\\svchost.exe","EventTime":"2020-08-05 03:49:17","SourcePort":"60348","Severity":"INFO","ExecutionProcessID":4,"SourceAddress":"0.0.0.0","OpcodeValue":0,"@timestamp":"2020-08-05T07:49:18.963Z","Task":12810,"EventType":"AUDIT_SUCCESS","EventReceivedTime":"2020-08-05 03:49:18","FilterRTID":"0"}
{"@version":"1","Keywords":-9214364837600034816,"ThreadID":2036,"Version":0,"host":"wec.internal.cloudapp.net","LayerRTID":"36","Message":"The Windows Filtering Platform has permitted a bind to a local port.\r\n\r\nApplication Information:\r\n\tProcess ID:\t\t1396\r\n\tApplication Name:\t\\device\\harddiskvolume2\\windows\\system32\\svchost.exe\r\n\r\nNetwork Information:\r\n\tSource Address:\t\t0.0.0.0\r\n\tSource Port:\t\t60349\r\n\tProtocol:\t\t6\r\n\r\nFilter Information:\r\n\tFilter Run-Time ID:\t0\r\n\tLayer Name:\t\tResource Assignment\r\n\tLayer Run-Time ID:\t36","SourceModuleName":"eventlog","SourceName":"Microsoft-Windows-Security-Auditing","SeverityValue":2,"LayerName":"%%14608","tags":["mordorDataset"],"Channel":"Security","ProviderGuid":"{54849625-5478-4994-A5BA-3E3B0328C30D}","EventID":5158,"RecordNumber":117395,"Hostname":"WORKSTATION5.theshire.local","Category":"Filtering Platform Connection","Opcode":"Info","Protocol":"6","ProcessId":"1396","SourceModuleType":"im_msvistalog","port":53997,"Application":"\\device\\harddiskvolume2\\windows\\system32\\svchost.exe","EventTime":"2020-08-05 03:49:17","SourcePort":"60349","Severity":"INFO","ExecutionProcessID":4,"SourceAddress":"0.0.0.0","OpcodeValue":0,"@timestamp":"2020-08-05T07:49:18.963Z","Task":12810,"EventType":"AUDIT_SUCCESS","EventReceivedTime":"2020-08-05 03:49:18","FilterRTID":"0"}
{"@version":"1","Keywords":-9214364837600034816,"ThreadID":2036,"Version":0,"host":"wec.internal.cloudapp.net","LayerRTID":"36","Message":"The Windows Filtering Platform has permitted a bind to a local port.\r\n\r\nApplication Information:\r\n\tProcess ID:\t\t1396\r\n\tApplication Name:\t\\device\\harddiskvolume2\\windows\\system32\\svchost.exe\r\n\r\nNetwork Information:\r\n\tSource Address:\t\t0.0.0.0\r\n\tSource Port:\t\t60350\r\n\tProtocol:\t\t6\r\n\r\nFilter Information:\r\n\tFilter Run-Time ID:\t0\r\n\tLayer Name:\t\tResource Assignment\r\n\tLayer Run-Time ID:\t36","SourceModuleName":"eventlog","SourceName":"Microsoft-Windows-Security-Auditing","SeverityValue":2,"LayerName":"%%14608","tags":["mordorDataset"],"Channel":"Security","ProviderGuid":"{54849625-5478-4994-A5BA-3E3B0328C30D}","EventID":5158,"RecordNumber":117397,"Hostname":"WORKSTATION5.theshire.local","Category":"Filtering Platform Connection","Opcode":"Info","Protocol":"6","ProcessId":"1396","SourceModuleType":"im_msvistalog","port":53997,"Application":"\\device\\harddiskvolume2\\windows\\system32\\svchost.exe","EventTime":"2020-08-05 03:49:17","SourcePort":"60350","Severity":"INFO","ExecutionProcessID":4,"SourceAddress":"0.0.0.0","OpcodeValue":0,"@timestamp":"2020-08-05T07:49:18.964Z","Task":12810,"EventType":"AUDIT_SUCCESS","EventReceivedTime":"2020-08-05 03:49:18","FilterRTID":"0"}
{"@version":"1","Keywords":-9214364837600034816,"ThreadID":2036,"Version":0,"host":"wec.internal.cloudapp.net","LayerRTID":"36","Message":"The Windows Filtering Platform has permitted a bind to a local port.\r\n\r\nApplication Information:\r\n\tProcess ID:\t\t1396\r\n\tApplication Name:\t\\device\\harddiskvolume2\\windows\\system32\\svchost.exe\r\n\r\nNetwork Information:\r\n\tSource Address:\t\t0.0.0.0\r\n\tSource Port:\t\t60351\r\n\tProtocol:\t\t6\r\n\r\nFilter Information:\r\n\tFilter Run-Time ID:\t0\r\n\tLayer Name:\t\tResource Assignment\r\n\tLayer Run-Time ID:\t36","SourceModuleName":"eventlog","SourceName":"Microsoft-Windows-Security-Auditing","SeverityValue":2,"LayerName":"%%14608","tags":["mordorDataset"],"Channel":"Security","ProviderGuid":"{54849625-5478-4994-A5BA-3E3B0328C30D}","EventID":5158,"RecordNumber":117399,"Hostname":"WORKSTATION5.theshire.local","Category":"Filtering Platform Connection","Opcode":"Info","Protocol":"6","ProcessId":"1396","SourceModuleType":"im_msvistalog","port":53997,"Application":"\\device\\harddiskvolume2\\windows\\system32\\svchost.exe","EventTime":"2020-08-05 03:49:17","SourcePort":"60351","Severity":"INFO","ExecutionProcessID":4,"SourceAddress":"0.0.0.0","OpcodeValue":0,"@timestamp":"2020-08-05T07:49:18.964Z","Task":12810,"EventType":"AUDIT_SUCCESS","EventReceivedTime":"2020-08-05 03:49:18","FilterRTID":"0"}
{"@version":"1","Keywords":-9214364837600034816,"ThreadID":2036,"Version":0,"host":"wec.internal.cloudapp.net","LayerRTID":"36","Message":"The Windows Filtering Platform has permitted a bind to a local port.\r\n\r\nApplication Information:\r\n\tProcess ID:\t\t1396\r\n\tApplication Name:\t\\device\\harddiskvolume2\\windows\\system32\\svchost.exe\r\n\r\nNetwork Information:\r\n\tSource Address:\t\t0.0.0.0\r\n\tSource Port:\t\t60352\r\n\tProtocol:\t\t6\r\n\r\nFilter Information:\r\n\tFilter Run-Time ID:\t0\r\n\tLayer Name:\t\tResource Assignment\r\n\tLayer Run-Time ID:\t36","SourceModuleName":"eventlog","SourceName":"Microsoft-Windows-Security-Auditing","SeverityValue":2,"LayerName":"%%14608","tags":["mordorDataset"],"Channel":"Security","ProviderGuid":"{54849625-5478-4994-A5BA-3E3B0328C30D}","EventID":5158,"RecordNumber":117401,"Hostname":"WORKSTATION5.theshire.local","Category":"Filtering Platform Connection","Opcode":"Info","Protocol":"6","ProcessId":"1396","SourceModuleType":"im_msvistalog","port":53997,"Application":"\\device\\harddiskvolume2\\windows\\system32\\svchost.exe","EventTime":"2020-08-05 03:49:17","SourcePort":"60352","Severity":"INFO","ExecutionProcessID":4,"SourceAddress":"0.0.0.0","OpcodeValue":0,"@timestamp":"2020-08-05T07:49:18.964Z","Task":12810,"EventType":"AUDIT_SUCCESS","EventReceivedTime":"2020-08-05 03:49:18","FilterRTID":"0"}
{"SourceProcessGUID":"{8715b604-0dea-5f2a-0e00-000000000400}","UtcTime":"2020-08-05 07:49:17.114","GrantedAccess":"0x1000","@version":"1","Keywords":-9223372036854775808,"ThreadID":4452,"TargetProcessId":"4400","UserID":"S-1-5-18","Version":3,"TargetProcessGUID":"{8715b604-104c-5f2a-c702-000000000400}","TargetImage":"C:\\Windows\\SystemApps\\InputApp_cw5n1h2txyewy\\WindowsInternal.ComposableShell.Experiences.TextInput.InputApp.exe","CallTrace":"C:\\windows\\SYSTEM32\\ntdll.dll+9c534|C:\\windows\\SYSTEM32\\psmserviceexthost.dll+222a3|C:\\windows\\SYSTEM32\\psmserviceexthost.dll+37ea0|C:\\windows\\SYSTEM32\\psmserviceexthost.dll+37929|C:\\windows\\SYSTEM32\\psmserviceexthost.dll+686f8|C:\\windows\\SYSTEM32\\psmserviceexthost.dll+6e84a|C:\\windows\\SYSTEM32\\psmserviceexthost.dll+6f700|C:\\windows\\SYSTEM32\\psmserviceexthost.dll+34be4|C:\\windows\\SYSTEM32\\psmserviceexthost.dll+6f63e|C:\\windows\\SYSTEM32\\psmserviceexthost.dll+713b5|C:\\windows\\SYSTEM32\\psmserviceexthost.dll+50bda|C:\\windows\\SYSTEM32\\psmserviceexthost.dll+4500a|C:\\windows\\System32\\KERNEL32.DLL+17bd4|C:\\windows\\SYSTEM32\\ntdll.dll+6ce51","host":"wec.internal.cloudapp.net","Message":"Process accessed:\r\nRuleName: -\r\nUtcTime: 2020-08-05 07:49:17.114\r\nSourceProcessGUID: {8715b604-0dea-5f2a-0e00-000000000400}\r\nSourceProcessId: 884\r\nSourceThreadId: 1064\r\nSourceImage: C:\\windows\\system32\\svchost.exe\r\nTargetProcessGUID: {8715b604-104c-5f2a-c702-000000000400}\r\nTargetProcessId: 4400\r\nTargetImage: C:\\Windows\\SystemApps\\InputApp_cw5n1h2txyewy\\WindowsInternal.ComposableShell.Experiences.TextInput.InputApp.exe\r\nGrantedAccess: 0x1000\r\nCallTrace: C:\\windows\\SYSTEM32\\ntdll.dll+9c534|C:\\windows\\SYSTEM32\\psmserviceexthost.dll+222a3|C:\\windows\\SYSTEM32\\psmserviceexthost.dll+37ea0|C:\\windows\\SYSTEM32\\psmserviceexthost.dll+37929|C:\\windows\\SYSTEM32\\psmserviceexthost.dll+686f8|C:\\windows\\SYSTEM32\\psmserviceexthost.dll+6e84a|C:\\windows\\SYSTEM32\\psmserviceexthost.dll+6f700|C:\\windows\\SYSTEM32\\psmserviceexthost.dll+34be4|C:\\windows\\SYSTEM32\\psmserviceexthost.dll+6f63e|C:\\windows\\SYSTEM32\\psmserviceexthost.dll+713b5|C:\\windows\\SYSTEM32\\psmserviceexthost.dll+50bda|C:\\windows\\SYSTEM32\\psmserviceexthost.dll+4500a|C:\\windows\\System32\\KERNEL32.DLL+17bd4|C:\\windows\\SYSTEM32\\ntdll.dll+6ce51","SourceModuleName":"eventlog","SourceThreadId":"1064","SourceName":"Microsoft-Windows-Sysmon","SourceProcessId":"884","SeverityValue":2,"tags":["mordorDataset"],"Channel":"Microsoft-Windows-Sysmon/Operational","ProviderGuid":"{5770385F-C22A-43E0-BF4C-06F5698FFBD9}","RuleName":"-","EventID":10,"RecordNumber":540114,"Hostname":"WORKSTATION5.theshire.local","SourceImage":"C:\\windows\\system32\\svchost.exe","ProcessId":"884","SourceModuleType":"im_msvistalog","Domain":"NT AUTHORITY","port":53997,"EventTime":"2020-08-05 03:49:17","Severity":"INFO","ExecutionProcessID":3484,"AccountName":"SYSTEM","OpcodeValue":0,"@timestamp":"2020-08-05T07:49:18.965Z","Task":10,"EventType":"INFO","EventReceivedTime":"2020-08-05 03:49:18","AccountType":"User"}
{"SourceProcessGUID":"{8715b604-0dea-5f2a-0e00-000000000400}","UtcTime":"2020-08-05 07:49:17.114","GrantedAccess":"0x1000","@version":"1","Keywords":-9223372036854775808,"ThreadID":4452,"TargetProcessId":"2764","UserID":"S-1-5-18","Version":3,"TargetProcessGUID":"{8715b604-2c5e-5f2a-0904-000000000400}","TargetImage":"C:\\Windows\\ImmersiveControlPanel\\SystemSettings.exe","CallTrace":"C:\\windows\\SYSTEM32\\ntdll.dll+9c534|C:\\windows\\SYSTEM32\\psmserviceexthost.dll+222a3|C:\\windows\\SYSTEM32\\psmserviceexthost.dll+37ea0|C:\\windows\\SYSTEM32\\psmserviceexthost.dll+37929|C:\\windows\\SYSTEM32\\psmserviceexthost.dll+686f8|C:\\windows\\SYSTEM32\\psmserviceexthost.dll+6e84a|C:\\windows\\SYSTEM32\\psmserviceexthost.dll+6f700|C:\\windows\\SYSTEM32\\psmserviceexthost.dll+34be4|C:\\windows\\SYSTEM32\\psmserviceexthost.dll+6f63e|C:\\windows\\SYSTEM32\\psmserviceexthost.dll+713b5|C:\\windows\\SYSTEM32\\psmserviceexthost.dll+50bda|C:\\windows\\SYSTEM32\\psmserviceexthost.dll+4500a|C:\\windows\\System32\\KERNEL32.DLL+17bd4|C:\\windows\\SYSTEM32\\ntdll.dll+6ce51","host":"wec.internal.cloudapp.net","Message":"Process accessed:\r\nRuleName: -\r\nUtcTime: 2020-08-05 07:49:17.114\r\nSourceProcessGUID: {8715b604-0dea-5f2a-0e00-000000000400}\r\nSourceProcessId: 884\r\nSourceThreadId: 1064\r\nSourceImage: C:\\windows\\system32\\svchost.exe\r\nTargetProcessGUID: {8715b604-2c5e-5f2a-0904-000000000400}\r\nTargetProcessId: 2764\r\nTargetImage: C:\\Windows\\ImmersiveControlPanel\\SystemSettings.exe\r\nGrantedAccess: 0x1000\r\nCallTrace: C:\\windows\\SYSTEM32\\ntdll.dll+9c534|C:\\windows\\SYSTEM32\\psmserviceexthost.dll+222a3|C:\\windows\\SYSTEM32\\psmserviceexthost.dll+37ea0|C:\\windows\\SYSTEM32\\psmserviceexthost.dll+37929|C:\\windows\\SYSTEM32\\psmserviceexthost.dll+686f8|C:\\windows\\SYSTEM32\\psmserviceexthost.dll+6e84a|C:\\windows\\SYSTEM32\\psmserviceexthost.dll+6f700|C:\\windows\\SYSTEM32\\psmserviceexthost.dll+34be4|C:\\windows\\SYSTEM32\\psmserviceexthost.dll+6f63e|C:\\windows\\SYSTEM32\\psmserviceexthost.dll+713b5|C:\\windows\\SYSTEM32\\psmserviceexthost.dll+50bda|C:\\windows\\SYSTEM32\\psmserviceexthost.dll+4500a|C:\\windows\\System32\\KERNEL32.DLL+17bd4|C:\\windows\\SYSTEM32\\ntdll.dll+6ce51","SourceModuleName":"eventlog","SourceThreadId":"1064","SourceName":"Microsoft-Windows-Sysmon","SourceProcessId":"884","SeverityValue":2,"tags":["mordorDataset"],"Channel":"Microsoft-Windows-Sysmon/Operational","ProviderGuid":"{5770385F-C22A-43E0-BF4C-06F5698FFBD9}","RuleName":"-","EventID":10,"RecordNumber":540115,"Hostname":"WORKSTATION5.theshire.local","SourceImage":"C:\\windows\\system32\\svchost.exe","ProcessId":"884","SourceModuleType":"im_msvistalog","Domain":"NT AUTHORITY","port":53997,"EventTime":"2020-08-05 03:49:17","Severity":"INFO","ExecutionProcessID":3484,"AccountName":"SYSTEM","OpcodeValue":0,"@timestamp":"2020-08-05T07:49:18.965Z","Task":10,"EventType":"INFO","EventReceivedTime":"2020-08-05 03:49:18","AccountType":"User"}
{"SourceProcessGUID":"{8715b604-0dea-5f2a-0e00-000000000400}","UtcTime":"2020-08-05 07:49:17.114","GrantedAccess":"0x1000","@version":"1","Keywords":-9223372036854775808,"ThreadID":4452,"TargetProcessId":"6408","UserID":"S-1-5-18","Version":3,"TargetProcessGUID":"{8715b604-2bdc-5f2a-e503-000000000400}","TargetImage":"C:\\Windows\\SystemApps\\Microsoft.Windows.SecHealthUI_cw5n1h2txyewy\\SecHealthUI.exe","CallTrace":"C:\\windows\\SYSTEM32\\ntdll.dll+9c534|C:\\windows\\SYSTEM32\\psmserviceexthost.dll+222a3|C:\\windows\\SYSTEM32\\psmserviceexthost.dll+37ea0|C:\\windows\\SYSTEM32\\psmserviceexthost.dll+37929|C:\\windows\\SYSTEM32\\psmserviceexthost.dll+686f8|C:\\windows\\SYSTEM32\\psmserviceexthost.dll+6e84a|C:\\windows\\SYSTEM32\\psmserviceexthost.dll+6f700|C:\\windows\\SYSTEM32\\psmserviceexthost.dll+34be4|C:\\windows\\SYSTEM32\\psmserviceexthost.dll+6f63e|C:\\windows\\SYSTEM32\\psmserviceexthost.dll+713b5|C:\\windows\\SYSTEM32\\psmserviceexthost.dll+50bda|C:\\windows\\SYSTEM32\\psmserviceexthost.dll+4500a|C:\\windows\\System32\\KERNEL32.DLL+17bd4|C:\\windows\\SYSTEM32\\ntdll.dll+6ce51","host":"wec.internal.cloudapp.net","Message":"Process accessed:\r\nRuleName: -\r\nUtcTime: 2020-08-05 07:49:17.114\r\nSourceProcessGUID: {8715b604-0dea-5f2a-0e00-000000000400}\r\nSourceProcessId: 884\r\nSourceThreadId: 1064\r\nSourceImage: C:\\windows\\system32\\svchost.exe\r\nTargetProcessGUID: {8715b604-2bdc-5f2a-e503-000000000400}\r\nTargetProcessId: 6408\r\nTargetImage: C:\\Windows\\SystemApps\\Microsoft.Windows.SecHealthUI_cw5n1h2txyewy\\SecHealthUI.exe\r\nGrantedAccess: 0x1000\r\nCallTrace: C:\\windows\\SYSTEM32\\ntdll.dll+9c534|C:\\windows\\SYSTEM32\\psmserviceexthost.dll+222a3|C:\\windows\\SYSTEM32\\psmserviceexthost.dll+37ea0|C:\\windows\\SYSTEM32\\psmserviceexthost.dll+37929|C:\\windows\\SYSTEM32\\psmserviceexthost.dll+686f8|C:\\windows\\SYSTEM32\\psmserviceexthost.dll+6e84a|C:\\windows\\SYSTEM32\\psmserviceexthost.dll+6f700|C:\\windows\\SYSTEM32\\psmserviceexthost.dll+34be4|C:\\windows\\SYSTEM32\\psmserviceexthost.dll+6f63e|C:\\windows\\SYSTEM32\\psmserviceexthost.dll+713b5|C:\\windows\\SYSTEM32\\psmserviceexthost.dll+50bda|C:\\windows\\SYSTEM32\\psmserviceexthost.dll+4500a|C:\\windows\\System32\\KERNEL32.DLL+17bd4|C:\\windows\\SYSTEM32\\ntdll.dll+6ce51","SourceModuleName":"eventlog","SourceThreadId":"1064","SourceName":"Microsoft-Windows-Sysmon","SourceProcessId":"884","SeverityValue":2,"tags":["mordorDataset"],"Channel":"Microsoft-Windows-Sysmon/Operational","ProviderGuid":"{5770385F-C22A-43E0-BF4C-06F5698FFBD9}","RuleName":"-","EventID":10,"RecordNumber":540116,"Hostname":"WORKSTATION5.theshire.local","SourceImage":"C:\\windows\\system32\\svchost.exe","ProcessId":"884","SourceModuleType":"im_msvistalog","Domain":"NT AUTHORITY","port":53997,"EventTime":"2020-08-05 03:49:17","Severity":"INFO","ExecutionProcessID":3484,"AccountName":"SYSTEM","OpcodeValue":0,"@timestamp":"2020-08-05T07:49:18.966Z","Task":10,"EventType":"INFO","EventReceivedTime":"2020-08-05 03:49:18","AccountType":"User"}
{"SourceProcessGUID":"{8715b604-0dea-5f2a-0e00-000000000400}","UtcTime":"2020-08-05 07:49:17.114","GrantedAccess":"0x1000","@version":"1","Keywords":-9223372036854775808,"ThreadID":4452,"TargetProcessId":"6244","UserID":"S-1-5-18","Version":3,"TargetProcessGUID":"{8715b604-2975-5f2a-9603-000000000400}","TargetImage":"C:\\Windows\\SystemApps\\InputApp_cw5n1h2txyewy\\WindowsInternal.ComposableShell.Experiences.TextInput.InputApp.exe","CallTrace":"C:\\windows\\SYSTEM32\\ntdll.dll+9c534|C:\\windows\\SYSTEM32\\psmserviceexthost.dll+222a3|C:\\windows\\SYSTEM32\\psmserviceexthost.dll+37ea0|C:\\windows\\SYSTEM32\\psmserviceexthost.dll+37929|C:\\windows\\SYSTEM32\\psmserviceexthost.dll+686f8|C:\\windows\\SYSTEM32\\psmserviceexthost.dll+6e84a|C:\\windows\\SYSTEM32\\psmserviceexthost.dll+6f700|C:\\windows\\SYSTEM32\\psmserviceexthost.dll+34be4|C:\\windows\\SYSTEM32\\psmserviceexthost.dll+6f63e|C:\\windows\\SYSTEM32\\psmserviceexthost.dll+713b5|C:\\windows\\SYSTEM32\\psmserviceexthost.dll+50bda|C:\\windows\\SYSTEM32\\psmserviceexthost.dll+4500a|C:\\windows\\System32\\KERNEL32.DLL+17bd4|C:\\windows\\SYSTEM32\\ntdll.dll+6ce51","host":"wec.internal.cloudapp.net","Message":"Process accessed:\r\nRuleName: -\r\nUtcTime: 2020-08-05 07:49:17.114\r\nSourceProcessGUID: {8715b604-0dea-5f2a-0e00-000000000400}\r\nSourceProcessId: 884\r\nSourceThreadId: 1064\r\nSourceImage: C:\\windows\\system32\\svchost.exe\r\nTargetProcessGUID: {8715b604-2975-5f2a-9603-000000000400}\r\nTargetProcessId: 6244\r\nTargetImage: C:\\Windows\\SystemApps\\InputApp_cw5n1h2txyewy\\WindowsInternal.ComposableShell.Experiences.TextInput.InputApp.exe\r\nGrantedAccess: 0x1000\r\nCallTrace: C:\\windows\\SYSTEM32\\ntdll.dll+9c534|C:\\windows\\SYSTEM32\\psmserviceexthost.dll+222a3|C:\\windows\\SYSTEM32\\psmserviceexthost.dll+37ea0|C:\\windows\\SYSTEM32\\psmserviceexthost.dll+37929|C:\\windows\\SYSTEM32\\psmserviceexthost.dll+686f8|C:\\windows\\SYSTEM32\\psmserviceexthost.dll+6e84a|C:\\windows\\SYSTEM32\\psmserviceexthost.dll+6f700|C:\\windows\\SYSTEM32\\psmserviceexthost.dll+34be4|C:\\windows\\SYSTEM32\\psmserviceexthost.dll+6f63e|C:\\windows\\SYSTEM32\\psmserviceexthost.dll+713b5|C:\\windows\\SYSTEM32\\psmserviceexthost.dll+50bda|C:\\windows\\SYSTEM32\\psmserviceexthost.dll+4500a|C:\\windows\\System32\\KERNEL32.DLL+17bd4|C:\\windows\\SYSTEM32\\ntdll.dll+6ce51","SourceModuleName":"eventlog","SourceThreadId":"1064","SourceName":"Microsoft-Windows-Sysmon","SourceProcessId":"884","SeverityValue":2,"tags":["mordorDataset"],"Channel":"Microsoft-Windows-Sysmon/Operational","ProviderGuid":"{5770385F-C22A-43E0-BF4C-06F5698FFBD9}","RuleName":"-","EventID":10,"RecordNumber":540117,"Hostname":"WORKSTATION5.theshire.local","SourceImage":"C:\\windows\\system32\\svchost.exe","ProcessId":"884","SourceModuleType":"im_msvistalog","Domain":"NT AUTHORITY","port":53997,"EventTime":"2020-08-05 03:49:17","Severity":"INFO","ExecutionProcessID":3484,"AccountName":"SYSTEM","OpcodeValue":0,"@timestamp":"2020-08-05T07:49:18.966Z","Task":10,"EventType":"INFO","EventReceivedTime":"2020-08-05 03:49:18","AccountType":"User"}
{"SourceProcessGUID":"{8715b604-0dea-5f2a-0e00-000000000400}","UtcTime":"2020-08-05 07:49:18.114","GrantedAccess":"0x1000","@version":"1","Keywords":-9223372036854775808,"ThreadID":4452,"TargetProcessId":"4400","UserID":"S-1-5-18","Version":3,"TargetProcessGUID":"{8715b604-104c-5f2a-c702-000000000400}","TargetImage":"C:\\Windows\\SystemApps\\InputApp_cw5n1h2txyewy\\WindowsInternal.ComposableShell.Experiences.TextInput.InputApp.exe","CallTrace":"C:\\windows\\SYSTEM32\\ntdll.dll+9c534|C:\\windows\\SYSTEM32\\psmserviceexthost.dll+222a3|C:\\windows\\SYSTEM32\\psmserviceexthost.dll+37ea0|C:\\windows\\SYSTEM32\\psmserviceexthost.dll+37929|C:\\windows\\SYSTEM32\\psmserviceexthost.dll+686f8|C:\\windows\\SYSTEM32\\psmserviceexthost.dll+6e84a|C:\\windows\\SYSTEM32\\psmserviceexthost.dll+6f700|C:\\windows\\SYSTEM32\\psmserviceexthost.dll+34be4|C:\\windows\\SYSTEM32\\psmserviceexthost.dll+6f63e|C:\\windows\\SYSTEM32\\psmserviceexthost.dll+713b5|C:\\windows\\SYSTEM32\\psmserviceexthost.dll+50bda|C:\\windows\\SYSTEM32\\psmserviceexthost.dll+4500a|C:\\windows\\System32\\KERNEL32.DLL+17bd4|C:\\windows\\SYSTEM32\\ntdll.dll+6ce51","host":"wec.internal.cloudapp.net","Message":"Process accessed:\r\nRuleName: -\r\nUtcTime: 2020-08-05 07:49:18.114\r\nSourceProcessGUID: {8715b604-0dea-5f2a-0e00-000000000400}\r\nSourceProcessId: 884\r\nSourceThreadId: 1064\r\nSourceImage: C:\\windows\\system32\\svchost.exe\r\nTargetProcessGUID: {8715b604-104c-5f2a-c702-000000000400}\r\nTargetProcessId: 4400\r\nTargetImage: C:\\Windows\\SystemApps\\InputApp_cw5n1h2txyewy\\WindowsInternal.ComposableShell.Experiences.TextInput.InputApp.exe\r\nGrantedAccess: 0x1000\r\nCallTrace: C:\\windows\\SYSTEM32\\ntdll.dll+9c534|C:\\windows\\SYSTEM32\\psmserviceexthost.dll+222a3|C:\\windows\\SYSTEM32\\psmserviceexthost.dll+37ea0|C:\\windows\\SYSTEM32\\psmserviceexthost.dll+37929|C:\\windows\\SYSTEM32\\psmserviceexthost.dll+686f8|C:\\windows\\SYSTEM32\\psmserviceexthost.dll+6e84a|C:\\windows\\SYSTEM32\\psmserviceexthost.dll+6f700|C:\\windows\\SYSTEM32\\psmserviceexthost.dll+34be4|C:\\windows\\SYSTEM32\\psmserviceexthost.dll+6f63e|C:\\windows\\SYSTEM32\\psmserviceexthost.dll+713b5|C:\\windows\\SYSTEM32\\psmserviceexthost.dll+50bda|C:\\windows\\SYSTEM32\\psmserviceexthost.dll+4500a|C:\\windows\\System32\\KERNEL32.DLL+17bd4|C:\\windows\\SYSTEM32\\ntdll.dll+6ce51","SourceModuleName":"eventlog","SourceThreadId":"1064","SourceName":"Microsoft-Windows-Sysmon","SourceProcessId":"884","SeverityValue":2,"tags":["mordorDataset"],"Channel":"Microsoft-Windows-Sysmon/Operational","ProviderGuid":"{5770385F-C22A-43E0-BF4C-06F5698FFBD9}","RuleName":"-","EventID":10,"RecordNumber":540118,"Hostname":"WORKSTATION5.theshire.local","SourceImage":"C:\\windows\\system32\\svchost.exe","ProcessId":"884","SourceModuleType":"im_msvistalog","Domain":"NT AUTHORITY","port":53997,"EventTime":"2020-08-05 03:49:18","Severity":"INFO","ExecutionProcessID":3484,"AccountName":"SYSTEM","OpcodeValue":0,"@timestamp":"2020-08-05T07:49:20.974Z","Task":10,"EventType":"INFO","EventReceivedTime":"2020-08-05 03:49:20","AccountType":"User"}
{"SourceProcessGUID":"{8715b604-0dea-5f2a-0e00-000000000400}","UtcTime":"2020-08-05 07:49:18.114","GrantedAccess":"0x1000","@version":"1","Keywords":-9223372036854775808,"ThreadID":4452,"TargetProcessId":"2764","UserID":"S-1-5-18","Version":3,"TargetProcessGUID":"{8715b604-2c5e-5f2a-0904-000000000400}","TargetImage":"C:\\Windows\\ImmersiveControlPanel\\SystemSettings.exe","CallTrace":"C:\\windows\\SYSTEM32\\ntdll.dll+9c534|C:\\windows\\SYSTEM32\\psmserviceexthost.dll+222a3|C:\\windows\\SYSTEM32\\psmserviceexthost.dll+37ea0|C:\\windows\\SYSTEM32\\psmserviceexthost.dll+37929|C:\\windows\\SYSTEM32\\psmserviceexthost.dll+686f8|C:\\windows\\SYSTEM32\\psmserviceexthost.dll+6e84a|C:\\windows\\SYSTEM32\\psmserviceexthost.dll+6f700|C:\\windows\\SYSTEM32\\psmserviceexthost.dll+34be4|C:\\windows\\SYSTEM32\\psmserviceexthost.dll+6f63e|C:\\windows\\SYSTEM32\\psmserviceexthost.dll+713b5|C:\\windows\\SYSTEM32\\psmserviceexthost.dll+50bda|C:\\windows\\SYSTEM32\\psmserviceexthost.dll+4500a|C:\\windows\\System32\\KERNEL32.DLL+17bd4|C:\\windows\\SYSTEM32\\ntdll.dll+6ce51","host":"wec.internal.cloudapp.net","Message":"Process accessed:\r\nRuleName: -\r\nUtcTime: 2020-08-05 07:49:18.114\r\nSourceProcessGUID: {8715b604-0dea-5f2a-0e00-000000000400}\r\nSourceProcessId: 884\r\nSourceThreadId: 1064\r\nSourceImage: C:\\windows\\system32\\svchost.exe\r\nTargetProcessGUID: {8715b604-2c5e-5f2a-0904-000000000400}\r\nTargetProcessId: 2764\r\nTargetImage: C:\\Windows\\ImmersiveControlPanel\\SystemSettings.exe\r\nGrantedAccess: 0x1000\r\nCallTrace: C:\\windows\\SYSTEM32\\ntdll.dll+9c534|C:\\windows\\SYSTEM32\\psmserviceexthost.dll+222a3|C:\\windows\\SYSTEM32\\psmserviceexthost.dll+37ea0|C:\\windows\\SYSTEM32\\psmserviceexthost.dll+37929|C:\\windows\\SYSTEM32\\psmserviceexthost.dll+686f8|C:\\windows\\SYSTEM32\\psmserviceexthost.dll+6e84a|C:\\windows\\SYSTEM32\\psmserviceexthost.dll+6f700|C:\\windows\\SYSTEM32\\psmserviceexthost.dll+34be4|C:\\windows\\SYSTEM32\\psmserviceexthost.dll+6f63e|C:\\windows\\SYSTEM32\\psmserviceexthost.dll+713b5|C:\\windows\\SYSTEM32\\psmserviceexthost.dll+50bda|C:\\windows\\SYSTEM32\\psmserviceexthost.dll+4500a|C:\\windows\\System32\\KERNEL32.DLL+17bd4|C:\\windows\\SYSTEM32\\ntdll.dll+6ce51","SourceModuleName":"eventlog","SourceThreadId":"1064","SourceName":"Microsoft-Windows-Sysmon","SourceProcessId":"884","SeverityValue":2,"tags":["mordorDataset"],"Channel":"Microsoft-Windows-Sysmon/Operational","ProviderGuid":"{5770385F-C22A-43E0-BF4C-06F5698FFBD9}","RuleName":"-","EventID":10,"RecordNumber":540119,"Hostname":"WORKSTATION5.theshire.local","SourceImage":"C:\\windows\\system32\\svchost.exe","ProcessId":"884","SourceModuleType":"im_msvistalog","Domain":"NT AUTHORITY","port":53997,"EventTime":"2020-08-05 03:49:18","Severity":"INFO","ExecutionProcessID":3484,"AccountName":"SYSTEM","OpcodeValue":0,"@timestamp":"2020-08-05T07:49:20.974Z","Task":10,"EventType":"INFO","EventReceivedTime":"2020-08-05 03:49:20","AccountType":"User"}
{"SourceProcessGUID":"{8715b604-0dea-5f2a-0e00-000000000400}","UtcTime":"2020-08-05 07:49:18.114","GrantedAccess":"0x1000","@version":"1","Keywords":-9223372036854775808,"ThreadID":4452,"TargetProcessId":"6408","UserID":"S-1-5-18","Version":3,"TargetProcessGUID":"{8715b604-2bdc-5f2a-e503-000000000400}","TargetImage":"C:\\Windows\\SystemApps\\Microsoft.Windows.SecHealthUI_cw5n1h2txyewy\\SecHealthUI.exe","CallTrace":"C:\\windows\\SYSTEM32\\ntdll.dll+9c534|C:\\windows\\SYSTEM32\\psmserviceexthost.dll+222a3|C:\\windows\\SYSTEM32\\psmserviceexthost.dll+37ea0|C:\\windows\\SYSTEM32\\psmserviceexthost.dll+37929|C:\\windows\\SYSTEM32\\psmserviceexthost.dll+686f8|C:\\windows\\SYSTEM32\\psmserviceexthost.dll+6e84a|C:\\windows\\SYSTEM32\\psmserviceexthost.dll+6f700|C:\\windows\\SYSTEM32\\psmserviceexthost.dll+34be4|C:\\windows\\SYSTEM32\\psmserviceexthost.dll+6f63e|C:\\windows\\SYSTEM32\\psmserviceexthost.dll+713b5|C:\\windows\\SYSTEM32\\psmserviceexthost.dll+50bda|C:\\windows\\SYSTEM32\\psmserviceexthost.dll+4500a|C:\\windows\\System32\\KERNEL32.DLL+17bd4|C:\\windows\\SYSTEM32\\ntdll.dll+6ce51","host":"wec.internal.cloudapp.net","Message":"Process accessed:\r\nRuleName: -\r\nUtcTime: 2020-08-05 07:49:18.114\r\nSourceProcessGUID: {8715b604-0dea-5f2a-0e00-000000000400}\r\nSourceProcessId: 884\r\nSourceThreadId: 1064\r\nSourceImage: C:\\windows\\system32\\svchost.exe\r\nTargetProcessGUID: {8715b604-2bdc-5f2a-e503-000000000400}\r\nTargetProcessId: 6408\r\nTargetImage: C:\\Windows\\SystemApps\\Microsoft.Windows.SecHealthUI_cw5n1h2txyewy\\SecHealthUI.exe\r\nGrantedAccess: 0x1000\r\nCallTrace: C:\\windows\\SYSTEM32\\ntdll.dll+9c534|C:\\windows\\SYSTEM32\\psmserviceexthost.dll+222a3|C:\\windows\\SYSTEM32\\psmserviceexthost.dll+37ea0|C:\\windows\\SYSTEM32\\psmserviceexthost.dll+37929|C:\\windows\\SYSTEM32\\psmserviceexthost.dll+686f8|C:\\windows\\SYSTEM32\\psmserviceexthost.dll+6e84a|C:\\windows\\SYSTEM32\\psmserviceexthost.dll+6f700|C:\\windows\\SYSTEM32\\psmserviceexthost.dll+34be4|C:\\windows\\SYSTEM32\\psmserviceexthost.dll+6f63e|C:\\windows\\SYSTEM32\\psmserviceexthost.dll+713b5|C:\\windows\\SYSTEM32\\psmserviceexthost.dll+50bda|C:\\windows\\SYSTEM32\\psmserviceexthost.dll+4500a|C:\\windows\\System32\\KERNEL32.DLL+17bd4|C:\\windows\\SYSTEM32\\ntdll.dll+6ce51","SourceModuleName":"eventlog","SourceThreadId":"1064","SourceName":"Microsoft-Windows-Sysmon","SourceProcessId":"884","SeverityValue":2,"tags":["mordorDataset"],"Channel":"Microsoft-Windows-Sysmon/Operational","ProviderGuid":"{5770385F-C22A-43E0-BF4C-06F5698FFBD9}","RuleName":"-","EventID":10,"RecordNumber":540120,"Hostname":"WORKSTATION5.theshire.local","SourceImage":"C:\\windows\\system32\\svchost.exe","ProcessId":"884","SourceModuleType":"im_msvistalog","Domain":"NT AUTHORITY","port":53997,"EventTime":"2020-08-05 03:49:18","Severity":"INFO","ExecutionProcessID":3484,"AccountName":"SYSTEM","OpcodeValue":0,"@timestamp":"2020-08-05T07:49:20.975Z","Task":10,"EventType":"INFO","EventReceivedTime":"2020-08-05 03:49:20","AccountType":"User"}
{"SourceProcessGUID":"{8715b604-0dea-5f2a-0e00-000000000400}","UtcTime":"2020-08-05 07:49:18.114","GrantedAccess":"0x1000","@version":"1","Keywords":-9223372036854775808,"ThreadID":4452,"TargetProcessId":"6244","UserID":"S-1-5-18","Version":3,"TargetProcessGUID":"{8715b604-2975-5f2a-9603-000000000400}","TargetImage":"C:\\Windows\\SystemApps\\InputApp_cw5n1h2txyewy\\WindowsInternal.ComposableShell.Experiences.TextInput.InputApp.exe","CallTrace":"C:\\windows\\SYSTEM32\\ntdll.dll+9c534|C:\\windows\\SYSTEM32\\psmserviceexthost.dll+222a3|C:\\windows\\SYSTEM32\\psmserviceexthost.dll+37ea0|C:\\windows\\SYSTEM32\\psmserviceexthost.dll+37929|C:\\windows\\SYSTEM32\\psmserviceexthost.dll+686f8|C:\\windows\\SYSTEM32\\psmserviceexthost.dll+6e84a|C:\\windows\\SYSTEM32\\psmserviceexthost.dll+6f700|C:\\windows\\SYSTEM32\\psmserviceexthost.dll+34be4|C:\\windows\\SYSTEM32\\psmserviceexthost.dll+6f63e|C:\\windows\\SYSTEM32\\psmserviceexthost.dll+713b5|C:\\windows\\SYSTEM32\\psmserviceexthost.dll+50bda|C:\\windows\\SYSTEM32\\psmserviceexthost.dll+4500a|C:\\windows\\System32\\KERNEL32.DLL+17bd4|C:\\windows\\SYSTEM32\\ntdll.dll+6ce51","host":"wec.internal.cloudapp.net","Message":"Process accessed:\r\nRuleName: -\r\nUtcTime: 2020-08-05 07:49:18.114\r\nSourceProcessGUID: {8715b604-0dea-5f2a-0e00-000000000400}\r\nSourceProcessId: 884\r\nSourceThreadId: 1064\r\nSourceImage: C:\\windows\\system32\\svchost.exe\r\nTargetProcessGUID: {8715b604-2975-5f2a-9603-000000000400}\r\nTargetProcessId: 6244\r\nTargetImage: C:\\Windows\\SystemApps\\InputApp_cw5n1h2txyewy\\WindowsInternal.ComposableShell.Experiences.TextInput.InputApp.exe\r\nGrantedAccess: 0x1000\r\nCallTrace: C:\\windows\\SYSTEM32\\ntdll.dll+9c534|C:\\windows\\SYSTEM32\\psmserviceexthost.dll+222a3|C:\\windows\\SYSTEM32\\psmserviceexthost.dll+37ea0|C:\\windows\\SYSTEM32\\psmserviceexthost.dll+37929|C:\\windows\\SYSTEM32\\psmserviceexthost.dll+686f8|C:\\windows\\SYSTEM32\\psmserviceexthost.dll+6e84a|C:\\windows\\SYSTEM32\\psmserviceexthost.dll+6f700|C:\\windows\\SYSTEM32\\psmserviceexthost.dll+34be4|C:\\windows\\SYSTEM32\\psmserviceexthost.dll+6f63e|C:\\windows\\SYSTEM32\\psmserviceexthost.dll+713b5|C:\\windows\\SYSTEM32\\psmserviceexthost.dll+50bda|C:\\windows\\SYSTEM32\\psmserviceexthost.dll+4500a|C:\\windows\\System32\\KERNEL32.DLL+17bd4|C:\\windows\\SYSTEM32\\ntdll.dll+6ce51","SourceModuleName":"eventlog","SourceThreadId":"1064","SourceName":"Microsoft-Windows-Sysmon","SourceProcessId":"884","SeverityValue":2,"tags":["mordorDataset"],"Channel":"Microsoft-Windows-Sysmon/Operational","ProviderGuid":"{5770385F-C22A-43E0-BF4C-06F5698FFBD9}","RuleName":"-","EventID":10,"RecordNumber":540121,"Hostname":"WORKSTATION5.theshire.local","SourceImage":"C:\\windows\\system32\\svchost.exe","ProcessId":"884","SourceModuleType":"im_msvistalog","Domain":"NT AUTHORITY","port":53997,"EventTime":"2020-08-05 03:49:18","Severity":"INFO","ExecutionProcessID":3484,"AccountName":"SYSTEM","OpcodeValue":0,"@timestamp":"2020-08-05T07:49:20.975Z","Task":10,"EventType":"INFO","EventReceivedTime":"2020-08-05 03:49:20","AccountType":"User"}
{"SourceProcessGUID":"{8715b604-0dea-5f2a-0e00-000000000400}","UtcTime":"2020-08-05 07:49:19.127","GrantedAccess":"0x1000","@version":"1","Keywords":-9223372036854775808,"ThreadID":4452,"TargetProcessId":"4400","UserID":"S-1-5-18","Version":3,"TargetProcessGUID":"{8715b604-104c-5f2a-c702-000000000400}","TargetImage":"C:\\Windows\\SystemApps\\InputApp_cw5n1h2txyewy\\WindowsInternal.ComposableShell.Experiences.TextInput.InputApp.exe","CallTrace":"C:\\windows\\SYSTEM32\\ntdll.dll+9c534|C:\\windows\\SYSTEM32\\psmserviceexthost.dll+222a3|C:\\windows\\SYSTEM32\\psmserviceexthost.dll+37ea0|C:\\windows\\SYSTEM32\\psmserviceexthost.dll+37929|C:\\windows\\SYSTEM32\\psmserviceexthost.dll+686f8|C:\\windows\\SYSTEM32\\psmserviceexthost.dll+6e84a|C:\\windows\\SYSTEM32\\psmserviceexthost.dll+6f700|C:\\windows\\SYSTEM32\\psmserviceexthost.dll+34be4|C:\\windows\\SYSTEM32\\psmserviceexthost.dll+6f63e|C:\\windows\\SYSTEM32\\psmserviceexthost.dll+713b5|C:\\windows\\SYSTEM32\\psmserviceexthost.dll+50bda|C:\\windows\\SYSTEM32\\psmserviceexthost.dll+4500a|C:\\windows\\System32\\KERNEL32.DLL+17bd4|C:\\windows\\SYSTEM32\\ntdll.dll+6ce51","host":"wec.internal.cloudapp.net","Message":"Process accessed:\r\nRuleName: -\r\nUtcTime: 2020-08-05 07:49:19.127\r\nSourceProcessGUID: {8715b604-0dea-5f2a-0e00-000000000400}\r\nSourceProcessId: 884\r\nSourceThreadId: 1064\r\nSourceImage: C:\\windows\\system32\\svchost.exe\r\nTargetProcessGUID: {8715b604-104c-5f2a-c702-000000000400}\r\nTargetProcessId: 4400\r\nTargetImage: C:\\Windows\\SystemApps\\InputApp_cw5n1h2txyewy\\WindowsInternal.ComposableShell.Experiences.TextInput.InputApp.exe\r\nGrantedAccess: 0x1000\r\nCallTrace: C:\\windows\\SYSTEM32\\ntdll.dll+9c534|C:\\windows\\SYSTEM32\\psmserviceexthost.dll+222a3|C:\\windows\\SYSTEM32\\psmserviceexthost.dll+37ea0|C:\\windows\\SYSTEM32\\psmserviceexthost.dll+37929|C:\\windows\\SYSTEM32\\psmserviceexthost.dll+686f8|C:\\windows\\SYSTEM32\\psmserviceexthost.dll+6e84a|C:\\windows\\SYSTEM32\\psmserviceexthost.dll+6f700|C:\\windows\\SYSTEM32\\psmserviceexthost.dll+34be4|C:\\windows\\SYSTEM32\\psmserviceexthost.dll+6f63e|C:\\windows\\SYSTEM32\\psmserviceexthost.dll+713b5|C:\\windows\\SYSTEM32\\psmserviceexthost.dll+50bda|C:\\windows\\SYSTEM32\\psmserviceexthost.dll+4500a|C:\\windows\\System32\\KERNEL32.DLL+17bd4|C:\\windows\\SYSTEM32\\ntdll.dll+6ce51","SourceModuleName":"eventlog","SourceThreadId":"1064","SourceName":"Microsoft-Windows-Sysmon","SourceProcessId":"884","SeverityValue":2,"tags":["mordorDataset"],"Channel":"Microsoft-Windows-Sysmon/Operational","ProviderGuid":"{5770385F-C22A-43E0-BF4C-06F5698FFBD9}","RuleName":"-","EventID":10,"RecordNumber":540122,"Hostname":"WORKSTATION5.theshire.local","SourceImage":"C:\\windows\\system32\\svchost.exe","ProcessId":"884","SourceModuleType":"im_msvistalog","Domain":"NT AUTHORITY","port":53997,"EventTime":"2020-08-05 03:49:19","Severity":"INFO","ExecutionProcessID":3484,"AccountName":"SYSTEM","OpcodeValue":0,"@timestamp":"2020-08-05T07:49:20.975Z","Task":10,"EventType":"INFO","EventReceivedTime":"2020-08-05 03:49:20","AccountType":"User"}
{"SourceProcessGUID":"{8715b604-0dea-5f2a-0e00-000000000400}","UtcTime":"2020-08-05 07:49:19.127","GrantedAccess":"0x1000","@version":"1","Keywords":-9223372036854775808,"ThreadID":4452,"TargetProcessId":"2764","UserID":"S-1-5-18","Version":3,"TargetProcessGUID":"{8715b604-2c5e-5f2a-0904-000000000400}","TargetImage":"C:\\Windows\\ImmersiveControlPanel\\SystemSettings.exe","CallTrace":"C:\\windows\\SYSTEM32\\ntdll.dll+9c534|C:\\windows\\SYSTEM32\\psmserviceexthost.dll+222a3|C:\\windows\\SYSTEM32\\psmserviceexthost.dll+37ea0|C:\\windows\\SYSTEM32\\psmserviceexthost.dll+37929|C:\\windows\\SYSTEM32\\psmserviceexthost.dll+686f8|C:\\windows\\SYSTEM32\\psmserviceexthost.dll+6e84a|C:\\windows\\SYSTEM32\\psmserviceexthost.dll+6f700|C:\\windows\\SYSTEM32\\psmserviceexthost.dll+34be4|C:\\windows\\SYSTEM32\\psmserviceexthost.dll+6f63e|C:\\windows\\SYSTEM32\\psmserviceexthost.dll+713b5|C:\\windows\\SYSTEM32\\psmserviceexthost.dll+50bda|C:\\windows\\SYSTEM32\\psmserviceexthost.dll+4500a|C:\\windows\\System32\\KERNEL32.DLL+17bd4|C:\\windows\\SYSTEM32\\ntdll.dll+6ce51","host":"wec.internal.cloudapp.net","Message":"Process accessed:\r\nRuleName: -\r\nUtcTime: 2020-08-05 07:49:19.127\r\nSourceProcessGUID: {8715b604-0dea-5f2a-0e00-000000000400}\r\nSourceProcessId: 884\r\nSourceThreadId: 1064\r\nSourceImage: C:\\windows\\system32\\svchost.exe\r\nTargetProcessGUID: {8715b604-2c5e-5f2a-0904-000000000400}\r\nTargetProcessId: 2764\r\nTargetImage: C:\\Windows\\ImmersiveControlPanel\\SystemSettings.exe\r\nGrantedAccess: 0x1000\r\nCallTrace: C:\\windows\\SYSTEM32\\ntdll.dll+9c534|C:\\windows\\SYSTEM32\\psmserviceexthost.dll+222a3|C:\\windows\\SYSTEM32\\psmserviceexthost.dll+37ea0|C:\\windows\\SYSTEM32\\psmserviceexthost.dll+37929|C:\\windows\\SYSTEM32\\psmserviceexthost.dll+686f8|C:\\windows\\SYSTEM32\\psmserviceexthost.dll+6e84a|C:\\windows\\SYSTEM32\\psmserviceexthost.dll+6f700|C:\\windows\\SYSTEM32\\psmserviceexthost.dll+34be4|C:\\windows\\SYSTEM32\\psmserviceexthost.dll+6f63e|C:\\windows\\SYSTEM32\\psmserviceexthost.dll+713b5|C:\\windows\\SYSTEM32\\psmserviceexthost.dll+50bda|C:\\windows\\SYSTEM32\\psmserviceexthost.dll+4500a|C:\\windows\\System32\\KERNEL32.DLL+17bd4|C:\\windows\\SYSTEM32\\ntdll.dll+6ce51","SourceModuleName":"eventlog","SourceThreadId":"1064","SourceName":"Microsoft-Windows-Sysmon","SourceProcessId":"884","SeverityValue":2,"tags":["mordorDataset"],"Channel":"Microsoft-Windows-Sysmon/Operational","ProviderGuid":"{5770385F-C22A-43E0-BF4C-06F5698FFBD9}","RuleName":"-","EventID":10,"RecordNumber":540123,"Hostname":"WORKSTATION5.theshire.local","SourceImage":"C:\\windows\\system32\\svchost.exe","ProcessId":"884","SourceModuleType":"im_msvistalog","Domain":"NT AUTHORITY","port":53997,"EventTime":"2020-08-05 03:49:19","Severity":"INFO","ExecutionProcessID":3484,"AccountName":"SYSTEM","OpcodeValue":0,"@timestamp":"2020-08-05T07:49:21.982Z","Task":10,"EventType":"INFO","EventReceivedTime":"2020-08-05 03:49:21","AccountType":"User"}
{"SourceProcessGUID":"{8715b604-0dea-5f2a-0e00-000000000400}","UtcTime":"2020-08-05 07:49:19.127","GrantedAccess":"0x1000","@version":"1","Keywords":-9223372036854775808,"ThreadID":4452,"TargetProcessId":"6408","UserID":"S-1-5-18","Version":3,"TargetProcessGUID":"{8715b604-2bdc-5f2a-e503-000000000400}","TargetImage":"C:\\Windows\\SystemApps\\Microsoft.Windows.SecHealthUI_cw5n1h2txyewy\\SecHealthUI.exe","CallTrace":"C:\\windows\\SYSTEM32\\ntdll.dll+9c534|C:\\windows\\SYSTEM32\\psmserviceexthost.dll+222a3|C:\\windows\\SYSTEM32\\psmserviceexthost.dll+37ea0|C:\\windows\\SYSTEM32\\psmserviceexthost.dll+37929|C:\\windows\\SYSTEM32\\psmserviceexthost.dll+686f8|C:\\windows\\SYSTEM32\\psmserviceexthost.dll+6e84a|C:\\windows\\SYSTEM32\\psmserviceexthost.dll+6f700|C:\\windows\\SYSTEM32\\psmserviceexthost.dll+34be4|C:\\windows\\SYSTEM32\\psmserviceexthost.dll+6f63e|C:\\windows\\SYSTEM32\\psmserviceexthost.dll+713b5|C:\\windows\\SYSTEM32\\psmserviceexthost.dll+50bda|C:\\windows\\SYSTEM32\\psmserviceexthost.dll+4500a|C:\\windows\\System32\\KERNEL32.DLL+17bd4|C:\\windows\\SYSTEM32\\ntdll.dll+6ce51","host":"wec.internal.cloudapp.net","Message":"Process accessed:\r\nRuleName: -\r\nUtcTime: 2020-08-05 07:49:19.127\r\nSourceProcessGUID: {8715b604-0dea-5f2a-0e00-000000000400}\r\nSourceProcessId: 884\r\nSourceThreadId: 1064\r\nSourceImage: C:\\windows\\system32\\svchost.exe\r\nTargetProcessGUID: {8715b604-2bdc-5f2a-e503-000000000400}\r\nTargetProcessId: 6408\r\nTargetImage: C:\\Windows\\SystemApps\\Microsoft.Windows.SecHealthUI_cw5n1h2txyewy\\SecHealthUI.exe\r\nGrantedAccess: 0x1000\r\nCallTrace: C:\\windows\\SYSTEM32\\ntdll.dll+9c534|C:\\windows\\SYSTEM32\\psmserviceexthost.dll+222a3|C:\\windows\\SYSTEM32\\psmserviceexthost.dll+37ea0|C:\\windows\\SYSTEM32\\psmserviceexthost.dll+37929|C:\\windows\\SYSTEM32\\psmserviceexthost.dll+686f8|C:\\windows\\SYSTEM32\\psmserviceexthost.dll+6e84a|C:\\windows\\SYSTEM32\\psmserviceexthost.dll+6f700|C:\\windows\\SYSTEM32\\psmserviceexthost.dll+34be4|C:\\windows\\SYSTEM32\\psmserviceexthost.dll+6f63e|C:\\windows\\SYSTEM32\\psmserviceexthost.dll+713b5|C:\\windows\\SYSTEM32\\psmserviceexthost.dll+50bda|C:\\windows\\SYSTEM32\\psmserviceexthost.dll+4500a|C:\\windows\\System32\\KERNEL32.DLL+17bd4|C:\\windows\\SYSTEM32\\ntdll.dll+6ce51","SourceModuleName":"eventlog","SourceThreadId":"1064","SourceName":"Microsoft-Windows-Sysmon","SourceProcessId":"884","SeverityValue":2,"tags":["mordorDataset"],"Channel":"Microsoft-Windows-Sysmon/Operational","ProviderGuid":"{5770385F-C22A-43E0-BF4C-06F5698FFBD9}","RuleName":"-","EventID":10,"RecordNumber":540124,"Hostname":"WORKSTATION5.theshire.local","SourceImage":"C:\\windows\\system32\\svchost.exe","ProcessId":"884","SourceModuleType":"im_msvistalog","Domain":"NT AUTHORITY","port":53997,"EventTime":"2020-08-05 03:49:19","Severity":"INFO","ExecutionProcessID":3484,"AccountName":"SYSTEM","OpcodeValue":0,"@timestamp":"2020-08-05T07:49:21.982Z","Task":10,"EventType":"INFO","EventReceivedTime":"2020-08-05 03:49:21","AccountType":"User"}
