{"Version":3,"GrantedAccess":"0x1000","EventReceivedTime":"2019-12-04 23:47:40","type":"nxlog-mordor","SourceImage":"C:\\Windows\\system32\\svchost.exe","host":"ip-172-18-39-102.ec2.internal","Channel":"Microsoft-Windows-Sysmon/Operational","RecordNumber":102602,"SourceProcessId":"628","port":49730,"ProviderGuid":"{5770385F-C22A-43E0-BF4C-06F5698FFBD9}","CallTrace":"C:\\Windows\\SYSTEM32\\ntdll.dll+9fc24|C:\\Windows\\System32\\KERNELBASE.dll+6bcc5|c:\\windows\\system32\\lsm.dll+ea4e|C:\\Windows\\System32\\RPCRT4.dll+77823|C:\\Windows\\System32\\RPCRT4.dll+db4a6|C:\\Windows\\System32\\RPCRT4.dll+10d20|C:\\Windows\\System32\\RPCRT4.dll+54a38|C:\\Windows\\System32\\RPCRT4.dll+304b0|C:\\Windows\\System32\\RPCRT4.dll+2fe5b|C:\\Windows\\System32\\RPCRT4.dll+221ff|C:\\Windows\\System32\\RPCRT4.dll+2165a|C:\\Windows\\System32\\RPCRT4.dll+20c21|C:\\Windows\\System32\\RPCRT4.dll+20692|C:\\Windows\\System32\\RPCRT4.dll+17465|C:\\Windows\\SYSTEM32\\ntdll.dll+4f4c0|C:\\Windows\\SYSTEM32\\ntdll.dll+50348|C:\\Windows\\System32\\KERNEL32.DLL+17974|C:\\Windows\\SYSTEM32\\ntdll.dll+6a271","EventID":10,"EventType":"INFO","TargetProcessGUID":"{d14e8c55-47b8-5de8-0000-0010f10b0100}","UtcTime":"2019-12-05 04:47:38.965","UserID":"S-1-5-18","SourceThreadId":"4196","SourceName":"Microsoft-Windows-Sysmon","Domain":"NT AUTHORITY","AccountType":"User","OpcodeValue":0,"Message":"Process accessed:\r\nRuleName: \r\nUtcTime: 2019-12-05 04:47:38.965\r\nSourceProcessGUID: {d14e8c55-47b8-5de8-0000-00105eb80000}\r\nSourceProcessId: 628\r\nSourceThreadId: 4196\r\nSourceImage: C:\\Windows\\system32\\svchost.exe\r\nTargetProcessGUID: {d14e8c55-47b8-5de8-0000-0010f10b0100}\r\nTargetProcessId: 1548\r\nTargetImage: C:\\Windows\\system32\\svchost.exe\r\nGrantedAccess: 0x1000\r\nCallTrace: C:\\Windows\\SYSTEM32\\ntdll.dll+9fc24|C:\\Windows\\System32\\KERNELBASE.dll+6bcc5|c:\\windows\\system32\\lsm.dll+ea4e|C:\\Windows\\System32\\RPCRT4.dll+77823|C:\\Windows\\System32\\RPCRT4.dll+db4a6|C:\\Windows\\System32\\RPCRT4.dll+10d20|C:\\Windows\\System32\\RPCRT4.dll+54a38|C:\\Windows\\System32\\RPCRT4.dll+304b0|C:\\Windows\\System32\\RPCRT4.dll+2fe5b|C:\\Windows\\System32\\RPCRT4.dll+221ff|C:\\Windows\\System32\\RPCRT4.dll+2165a|C:\\Windows\\System32\\RPCRT4.dll+20c21|C:\\Windows\\System32\\RPCRT4.dll+20692|C:\\Windows\\System32\\RPCRT4.dll+17465|C:\\Windows\\SYSTEM32\\ntdll.dll+4f4c0|C:\\Windows\\SYSTEM32\\ntdll.dll+50348|C:\\Windows\\System32\\KERNEL32.DLL+17974|C:\\Windows\\SYSTEM32\\ntdll.dll+6a271","Task":10,"Severity":"INFO","Keywords":-9223372036854775808,"@timestamp":"2019-12-05T04:47:40.118Z","EventTime":"2019-12-04 23:47:38","SeverityValue":2,"ProcessID":2644,"ThreadID":3664,"AccountName":"SYSTEM","TargetImage":"C:\\Windows\\system32\\svchost.exe","SourceModuleType":"im_msvistalog","Hostname":"HFDC01.shire.com","SourceModuleName":"eventlog","SourceProcessGUID":"{d14e8c55-47b8-5de8-0000-00105eb80000}","TargetProcessId":"1548","@version":"1"}
{"Version":0,"EventReceivedTime":"2019-12-04 23:47:40","type":"nxlog-mordor","IpPort":"49637","ShareLocalPath":"\\??\\C:\\Windows\\SYSVOL\\sysvol","host":"ip-172-18-39-102.ec2.internal","Channel":"Security","AccessReason":"%%1538:\t%%1804\r\n\t\t\t\t%%1541:\t%%1801\tD:(A;;0x1200a9;;;WD)\r\n\t\t\t\t%%4416:\t%%1801\tD:(A;;0x1200a9;;;WD)\r\n\t\t\t\t%%4419:\t%%1801\tD:(A;;0x1200a9;;;WD)\r\n\t\t\t\t%%4423:\t%%1801\tD:(A;;0x1200a9;;;WD)\r\n\t\t\t\t","RecordNumber":88601,"Category":"Detailed File Share","port":49730,"ProviderGuid":"{54849625-5478-4994-A5BA-3E3B0328C30D}","EventID":5145,"EventType":"AUDIT_SUCCESS","IpAddress":"fe80::44af:a0ee:c7f9:e9ed","SourceName":"Microsoft-Windows-Security-Auditing","SubjectDomainName":"shire","SubjectUserSid":"S-1-5-18","OpcodeValue":0,"Message":"A network share object was checked to see whether client can be granted desired access.\r\n\t\r\nSubject:\r\n\tSecurity ID:\t\tS-1-5-18\r\n\tAccount Name:\t\tHFDC01$\r\n\tAccount Domain:\t\tshire\r\n\tLogon ID:\t\t0x687D64\r\n\r\nNetwork Information:\t\r\n\tObject Type:\t\tFile\r\n\tSource Address:\t\tfe80::44af:a0ee:c7f9:e9ed\r\n\tSource Port:\t\t49637\r\n\t\r\nShare Information:\r\n\tShare Name:\t\t\\\\*\\SYSVOL\r\n\tShare Path:\t\t\\??\\C:\\Windows\\SYSVOL\\sysvol\r\n\tRelative Target Name:\tshire.com\\Policies\\{B8F60072-2A07-4323-9C8C-71E74DC1A477}\\gpt.ini\r\n\r\nAccess Request Information:\r\n\tAccess Mask:\t\t0x120089\r\n\tAccesses:\t\tREAD_CONTROL\r\n\t\t\t\tSYNCHRONIZE\r\n\t\t\t\tReadData (or ListDirectory)\r\n\t\t\t\tReadEA\r\n\t\t\t\tReadAttributes\r\n\t\t\t\t\r\nAccess Check Results:\r\n\tREAD_CONTROL:\tGranted by Ownership\r\n\t\t\t\tSYNCHRONIZE:\tGranted by\tD:(A;;0x1200a9;;;WD)\r\n\t\t\t\tReadData (or ListDirectory):\tGranted by\tD:(A;;0x1200a9;;;WD)\r\n\t\t\t\tReadEA:\tGranted by\tD:(A;;0x1200a9;;;WD)\r\n\t\t\t\tReadAttributes:\tGranted by\tD:(A;;0x1200a9;;;WD)\r\n\t\t\t\t\r\n","ShareName":"\\\\*\\SYSVOL","Task":12811,"Severity":"INFO","Keywords":-9214364837600034816,"SubjectUserName":"HFDC01$","RelativeTargetName":"shire.com\\Policies\\{B8F60072-2A07-4323-9C8C-71E74DC1A477}\\gpt.ini","ObjectType":"File","EventTime":"2019-12-04 23:47:38","SeverityValue":2,"ProcessID":4,"ThreadID":2448,"Opcode":"Info","SubjectLogonId":"0x687d64","AccessList":"%%1538\r\n\t\t\t\t%%1541\r\n\t\t\t\t%%4416\r\n\t\t\t\t%%4419\r\n\t\t\t\t%%4423\r\n\t\t\t\t","AccessMask":"0x120089","Hostname":"HFDC01.shire.com","SourceModuleType":"im_msvistalog","SourceModuleName":"eventlog","@timestamp":"2019-12-05T04:47:40.119Z","@version":"1"}
{"Version":0,"EventReceivedTime":"2019-12-04 23:47:40","type":"nxlog-mordor","IpPort":"49637","ShareLocalPath":"\\??\\C:\\Windows\\SYSVOL\\sysvol","host":"ip-172-18-39-102.ec2.internal","Channel":"Security","AccessReason":"%%1538:\t%%1804\r\n\t\t\t\t%%1541:\t%%1801\tD:(A;;0x1200a9;;;WD)\r\n\t\t\t\t%%4416:\t%%1801\tD:(A;;0x1200a9;;;WD)\r\n\t\t\t\t%%4419:\t%%1801\tD:(A;;0x1200a9;;;WD)\r\n\t\t\t\t%%4423:\t%%1801\tD:(A;;0x1200a9;;;WD)\r\n\t\t\t\t","RecordNumber":88605,"Category":"Detailed File Share","port":49730,"ProviderGuid":"{54849625-5478-4994-A5BA-3E3B0328C30D}","EventID":5145,"EventType":"AUDIT_SUCCESS","IpAddress":"fe80::44af:a0ee:c7f9:e9ed","SourceName":"Microsoft-Windows-Security-Auditing","SubjectDomainName":"shire","SubjectUserSid":"S-1-5-18","OpcodeValue":0,"Message":"A network share object was checked to see whether client can be granted desired access.\r\n\t\r\nSubject:\r\n\tSecurity ID:\t\tS-1-5-18\r\n\tAccount Name:\t\tHFDC01$\r\n\tAccount Domain:\t\tshire\r\n\tLogon ID:\t\t0x687D64\r\n\r\nNetwork Information:\t\r\n\tObject Type:\t\tFile\r\n\tSource Address:\t\tfe80::44af:a0ee:c7f9:e9ed\r\n\tSource Port:\t\t49637\r\n\t\r\nShare Information:\r\n\tShare Name:\t\t\\\\*\\SYSVOL\r\n\tShare Path:\t\t\\??\\C:\\Windows\\SYSVOL\\sysvol\r\n\tRelative Target Name:\tshire.com\\Policies\\{E534A384-34C7-4F8E-A049-5B119279BBDC}\\gpt.ini\r\n\r\nAccess Request Information:\r\n\tAccess Mask:\t\t0x120089\r\n\tAccesses:\t\tREAD_CONTROL\r\n\t\t\t\tSYNCHRONIZE\r\n\t\t\t\tReadData (or ListDirectory)\r\n\t\t\t\tReadEA\r\n\t\t\t\tReadAttributes\r\n\t\t\t\t\r\nAccess Check Results:\r\n\tREAD_CONTROL:\tGranted by Ownership\r\n\t\t\t\tSYNCHRONIZE:\tGranted by\tD:(A;;0x1200a9;;;WD)\r\n\t\t\t\tReadData (or ListDirectory):\tGranted by\tD:(A;;0x1200a9;;;WD)\r\n\t\t\t\tReadEA:\tGranted by\tD:(A;;0x1200a9;;;WD)\r\n\t\t\t\tReadAttributes:\tGranted by\tD:(A;;0x1200a9;;;WD)\r\n\t\t\t\t\r\n","ShareName":"\\\\*\\SYSVOL","Task":12811,"Severity":"INFO","Keywords":-9214364837600034816,"SubjectUserName":"HFDC01$","RelativeTargetName":"shire.com\\Policies\\{E534A384-34C7-4F8E-A049-5B119279BBDC}\\gpt.ini","ObjectType":"File","EventTime":"2019-12-04 23:47:38","SeverityValue":2,"ProcessID":4,"ThreadID":2448,"Opcode":"Info","SubjectLogonId":"0x687d64","AccessList":"%%1538\r\n\t\t\t\t%%1541\r\n\t\t\t\t%%4416\r\n\t\t\t\t%%4419\r\n\t\t\t\t%%4423\r\n\t\t\t\t","AccessMask":"0x120089","Hostname":"HFDC01.shire.com","SourceModuleType":"im_msvistalog","SourceModuleName":"eventlog","@timestamp":"2019-12-05T04:47:40.119Z","@version":"1"}
{"Version":0,"EventReceivedTime":"2019-12-04 23:47:40","type":"nxlog-mordor","IpPort":"49637","ShareLocalPath":"\\??\\C:\\Windows\\SYSVOL\\sysvol","host":"ip-172-18-39-102.ec2.internal","Channel":"Security","AccessReason":"%%1538:\t%%1804\r\n\t\t\t\t%%1541:\t%%1801\tD:(A;;0x1200a9;;;WD)\r\n\t\t\t\t%%4416:\t%%1801\tD:(A;;0x1200a9;;;WD)\r\n\t\t\t\t%%4419:\t%%1801\tD:(A;;0x1200a9;;;WD)\r\n\t\t\t\t%%4423:\t%%1801\tD:(A;;0x1200a9;;;WD)\r\n\t\t\t\t","RecordNumber":88609,"Category":"Detailed File Share","port":49730,"ProviderGuid":"{54849625-5478-4994-A5BA-3E3B0328C30D}","EventID":5145,"EventType":"AUDIT_SUCCESS","IpAddress":"fe80::44af:a0ee:c7f9:e9ed","SourceName":"Microsoft-Windows-Security-Auditing","SubjectDomainName":"shire","SubjectUserSid":"S-1-5-18","OpcodeValue":0,"Message":"A network share object was checked to see whether client can be granted desired access.\r\n\t\r\nSubject:\r\n\tSecurity ID:\t\tS-1-5-18\r\n\tAccount Name:\t\tHFDC01$\r\n\tAccount Domain:\t\tshire\r\n\tLogon ID:\t\t0x687D64\r\n\r\nNetwork Information:\t\r\n\tObject Type:\t\tFile\r\n\tSource Address:\t\tfe80::44af:a0ee:c7f9:e9ed\r\n\tSource Port:\t\t49637\r\n\t\r\nShare Information:\r\n\tShare Name:\t\t\\\\*\\SYSVOL\r\n\tShare Path:\t\t\\??\\C:\\Windows\\SYSVOL\\sysvol\r\n\tRelative Target Name:\tshire.com\\Policies\\{DB3FEAF0-83B9-4615-AD04-7FB5ABE0ADF1}\\gpt.ini\r\n\r\nAccess Request Information:\r\n\tAccess Mask:\t\t0x120089\r\n\tAccesses:\t\tREAD_CONTROL\r\n\t\t\t\tSYNCHRONIZE\r\n\t\t\t\tReadData (or ListDirectory)\r\n\t\t\t\tReadEA\r\n\t\t\t\tReadAttributes\r\n\t\t\t\t\r\nAccess Check Results:\r\n\tREAD_CONTROL:\tGranted by Ownership\r\n\t\t\t\tSYNCHRONIZE:\tGranted by\tD:(A;;0x1200a9;;;WD)\r\n\t\t\t\tReadData (or ListDirectory):\tGranted by\tD:(A;;0x1200a9;;;WD)\r\n\t\t\t\tReadEA:\tGranted by\tD:(A;;0x1200a9;;;WD)\r\n\t\t\t\tReadAttributes:\tGranted by\tD:(A;;0x1200a9;;;WD)\r\n\t\t\t\t\r\n","ShareName":"\\\\*\\SYSVOL","Task":12811,"Severity":"INFO","Keywords":-9214364837600034816,"SubjectUserName":"HFDC01$","RelativeTargetName":"shire.com\\Policies\\{DB3FEAF0-83B9-4615-AD04-7FB5ABE0ADF1}\\gpt.ini","ObjectType":"File","EventTime":"2019-12-04 23:47:38","SeverityValue":2,"ProcessID":4,"ThreadID":2448,"Opcode":"Info","SubjectLogonId":"0x687d64","AccessList":"%%1538\r\n\t\t\t\t%%1541\r\n\t\t\t\t%%4416\r\n\t\t\t\t%%4419\r\n\t\t\t\t%%4423\r\n\t\t\t\t","AccessMask":"0x120089","Hostname":"HFDC01.shire.com","SourceModuleType":"im_msvistalog","SourceModuleName":"eventlog","@timestamp":"2019-12-05T04:47:40.120Z","@version":"1"}
{"Version":0,"LogonType":"3","EventReceivedTime":"2019-12-04 23:47:40","type":"nxlog-mordor","host":"ip-172-18-39-102.ec2.internal","Channel":"Security","RecordNumber":88613,"Category":"Logoff","port":49730,"ProviderGuid":"{54849625-5478-4994-A5BA-3E3B0328C30D}","EventID":4634,"EventType":"AUDIT_SUCCESS","TargetUserName":"HFDC01$","SourceName":"Microsoft-Windows-Security-Auditing","TargetUserSid":"S-1-5-18","OpcodeValue":0,"Message":"An account was logged off.\r\n\r\nSubject:\r\n\tSecurity ID:\t\tS-1-5-18\r\n\tAccount Name:\t\tHFDC01$\r\n\tAccount Domain:\t\tshire\r\n\tLogon ID:\t\t0x687CA8\r\n\r\nLogon Type:\t\t\t3\r\n\r\nThis event is generated when a logon session is destroyed. It may be positively correlated with a logon event using the Logon ID value. Logon IDs are only unique between reboots on the same computer.","TargetLogonId":"0x687ca8","Task":12545,"Severity":"INFO","Keywords":-9214364837600034816,"@timestamp":"2019-12-05T04:47:40.120Z","EventTime":"2019-12-04 23:47:38","SeverityValue":2,"ProcessID":780,"ThreadID":4140,"Opcode":"Info","TargetDomainName":"shire","SourceModuleType":"im_msvistalog","Hostname":"HFDC01.shire.com","SourceModuleName":"eventlog","@version":"1"}
{"Version":0,"EventReceivedTime":"2019-12-04 23:47:40","type":"nxlog-mordor","host":"ip-172-18-39-102.ec2.internal","Channel":"Security","RecordNumber":88617,"Category":"Special Logon","port":49730,"ProviderGuid":"{54849625-5478-4994-A5BA-3E3B0328C30D}","EventID":4672,"EventType":"AUDIT_SUCCESS","SourceName":"Microsoft-Windows-Security-Auditing","SubjectDomainName":"shire","SubjectUserSid":"S-1-5-18","OpcodeValue":0,"Message":"Special privileges assigned to new logon.\r\n\r\nSubject:\r\n\tSecurity ID:\t\tS-1-5-18\r\n\tAccount Name:\t\tHFDC01$\r\n\tAccount Domain:\t\tshire\r\n\tLogon ID:\t\t0x6881DB\r\n\r\nPrivileges:\t\tSeSecurityPrivilege\r\n\t\t\tSeBackupPrivilege\r\n\t\t\tSeRestorePrivilege\r\n\t\t\tSeTakeOwnershipPrivilege\r\n\t\t\tSeDebugPrivilege\r\n\t\t\tSeSystemEnvironmentPrivilege\r\n\t\t\tSeLoadDriverPrivilege\r\n\t\t\tSeImpersonatePrivilege\r\n\t\t\tSeDelegateSessionUserImpersonatePrivilege\r\n\t\t\tSeEnableDelegationPrivilege","PrivilegeList":"SeSecurityPrivilege\r\n\t\t\tSeBackupPrivilege\r\n\t\t\tSeRestorePrivilege\r\n\t\t\tSeTakeOwnershipPrivilege\r\n\t\t\tSeDebugPrivilege\r\n\t\t\tSeSystemEnvironmentPrivilege\r\n\t\t\tSeLoadDriverPrivilege\r\n\t\t\tSeImpersonatePrivilege\r\n\t\t\tSeDelegateSessionUserImpersonatePrivilege\r\n\t\t\tSeEnableDelegationPrivilege","Task":12548,"Severity":"INFO","Keywords":-9214364837600034816,"SubjectUserName":"HFDC01$","@timestamp":"2019-12-05T04:47:40.121Z","EventTime":"2019-12-04 23:47:38","SeverityValue":2,"ProcessID":780,"ThreadID":2824,"Opcode":"Info","SubjectLogonId":"0x6881db","SourceModuleType":"im_msvistalog","Hostname":"HFDC01.shire.com","SourceModuleName":"eventlog","@version":"1"}
{"Version":0,"EventReceivedTime":"2019-12-04 23:47:40","SourceAddress":"::","type":"nxlog-mordor","host":"ip-172-18-39-102.ec2.internal","Channel":"Security","RecordNumber":88621,"Category":"Filtering Platform Connection","port":49730,"ProviderGuid":"{54849625-5478-4994-A5BA-3E3B0328C30D}","Application":"\\device\\harddiskvolume1\\windows\\system32\\svchost.exe","EventID":5158,"EventType":"AUDIT_SUCCESS","SourcePort":"49639","SourceName":"Microsoft-Windows-Security-Auditing","OpcodeValue":0,"Message":"The Windows Filtering Platform has permitted a bind to a local port.\r\n\r\nApplication Information:\r\n\tProcess ID:\t\t1548\r\n\tApplication Name:\t\\device\\harddiskvolume1\\windows\\system32\\svchost.exe\r\n\r\nNetwork Information:\r\n\tSource Address:\t\t::\r\n\tSource Port:\t\t49639\r\n\tProtocol:\t\t6\r\n\r\nFilter Information:\r\n\tFilter Run-Time ID:\t0\r\n\tLayer Name:\t\tResource Assignment\r\n\tLayer Run-Time ID:\t38","LayerName":"%%14608","Task":12810,"Severity":"INFO","Keywords":-9214364837600034816,"LayerRTID":"38","@timestamp":"2019-12-05T04:47:40.122Z","EventTime":"2019-12-04 23:47:38","SeverityValue":2,"ProcessID":4,"ThreadID":3884,"Opcode":"Info","Protocol":"6","SourceModuleType":"im_msvistalog","Hostname":"HFDC01.shire.com","SourceModuleName":"eventlog","FilterRTID":"0","@version":"1"}
{"ImpersonationLevel":"%%1833","IpPort":"49639","Channel":"Security","RecordNumber":88625,"ProviderGuid":"{54849625-5478-4994-A5BA-3E3B0328C30D}","AuthenticationPackageName":"Kerberos","WorkstationName":"-","IpAddress":"fe80::44af:a0ee:c7f9:e9ed","TargetUserName":"HFDC01$","SourceName":"Microsoft-Windows-Security-Auditing","SubjectDomainName":"-","TargetUserSid":"S-1-5-18","ProcessName":"-","OpcodeValue":0,"Message":"An account was successfully logged on.\r\n\r\nSubject:\r\n\tSecurity ID:\t\tS-1-0-0\r\n\tAccount Name:\t\t-\r\n\tAccount Domain:\t\t-\r\n\tLogon ID:\t\t0x0\r\n\r\nLogon Information:\r\n\tLogon Type:\t\t3\r\n\tRestricted Admin Mode:\t-\r\n\tVirtual Account:\t\tNo\r\n\tElevated Token:\t\tYes\r\n\r\nImpersonation Level:\t\tImpersonation\r\n\r\nNew Logon:\r\n\tSecurity ID:\t\tS-1-5-18\r\n\tAccount Name:\t\tHFDC01$\r\n\tAccount Domain:\t\tSHIRE.COM\r\n\tLogon ID:\t\t0x688351\r\n\tLinked Logon ID:\t\t0x0\r\n\tNetwork Account Name:\t-\r\n\tNetwork Account Domain:\t-\r\n\tLogon GUID:\t\t{2f6eb511-3366-b571-b482-d2d80b5eeee7}\r\n\r\nProcess Information:\r\n\tProcess ID:\t\t0x0\r\n\tProcess Name:\t\t-\r\n\r\nNetwork Information:\r\n\tWorkstation Name:\t-\r\n\tSource Network Address:\tfe80::44af:a0ee:c7f9:e9ed\r\n\tSource Port:\t\t49639\r\n\r\nDetailed Authentication Information:\r\n\tLogon Process:\t\tKerberos\r\n\tAuthentication Package:\tKerberos\r\n\tTransited Services:\t-\r\n\tPackage Name (NTLM only):\t-\r\n\tKey Length:\t\t0\r\n\r\nThis event is generated when a logon session is created. It is generated on the computer that was accessed.\r\n\r\nThe subject fields indicate the account on the local system which requested the logon. This is most commonly a service such as the Server service, or a local process such as Winlogon.exe or Services.exe.\r\n\r\nThe logon type field indicates the kind of logon that occurred. The most common types are 2 (interactive) and 3 (network).\r\n\r\nThe New Logon fields indicate the account for whom the new logon was created, i.e. the account that was logged on.\r\n\r\nThe network fields indicate where a remote logon request originated. Workstation name is not always available and may be left blank in some cases.\r\n\r\nThe impersonation level field indicates the extent to which a process in the logon session can impersonate.\r\n\r\nThe authentication information fields provide detailed information about this specific logon request.\r\n\t- Logon GUID is a unique identifier that can be used to correlate this event with a KDC event.\r\n\t- Transited services indicate which intermediate services have participated in this logon request.\r\n\t- Package name indicates which sub-protocol was used among the NTLM protocols.\r\n\t- Key length indicates the length of the generated session key. This will be 0 if no session key was requested.","TargetLogonId":"0x688351","VirtualAccount":"%%1843","SubjectUserName":"-","ProcessID":780,"SeverityValue":2,"KeyLength":"0","Opcode":"Info","SubjectLogonId":"0x0","SourceModuleType":"im_msvistalog","@version":"1","Version":2,"LogonType":"3","LmPackageName":"-","EventReceivedTime":"2019-12-04 23:47:40","type":"nxlog-mordor","host":"ip-172-18-39-102.ec2.internal","TargetOutboundUserName":"-","Category":"Logon","port":49730,"TransmittedServices":"-","EventID":4624,"EventType":"AUDIT_SUCCESS","ElevatedToken":"%%1842","TargetOutboundDomainName":"-","SubjectUserSid":"S-1-0-0","Task":12544,"Severity":"INFO","Keywords":-9214364837600034816,"LogonGuid":"{2f6eb511-3366-b571-b482-d2d80b5eeee7}","@timestamp":"2019-12-05T04:47:40.123Z","EventTime":"2019-12-04 23:47:38","ThreadID":2820,"TargetDomainName":"SHIRE.COM","Hostname":"HFDC01.shire.com","LogonProcessName":"Kerberos","SourceModuleName":"eventlog","RestrictedAdminMode":"-","TargetLinkedLogonId":"0x0"}
{"Version":0,"EventReceivedTime":"2019-12-04 23:47:40","type":"nxlog-mordor","IpPort":"49637","ShareLocalPath":"\\??\\C:\\Windows\\SYSVOL\\sysvol","host":"ip-172-18-39-102.ec2.internal","Channel":"Security","AccessReason":"%%1538:\t%%1804\r\n\t\t\t\t%%1541:\t%%1801\tD:(A;;0x1200a9;;;WD)\r\n\t\t\t\t%%4416:\t%%1801\tD:(A;;0x1200a9;;;WD)\r\n\t\t\t\t%%4419:\t%%1801\tD:(A;;0x1200a9;;;WD)\r\n\t\t\t\t%%4423:\t%%1801\tD:(A;;0x1200a9;;;WD)\r\n\t\t\t\t","RecordNumber":88629,"Category":"Detailed File Share","port":49730,"ProviderGuid":"{54849625-5478-4994-A5BA-3E3B0328C30D}","EventID":5145,"EventType":"AUDIT_SUCCESS","IpAddress":"fe80::44af:a0ee:c7f9:e9ed","SourceName":"Microsoft-Windows-Security-Auditing","SubjectDomainName":"shire","SubjectUserSid":"S-1-5-18","OpcodeValue":0,"Message":"A network share object was checked to see whether client can be granted desired access.\r\n\t\r\nSubject:\r\n\tSecurity ID:\t\tS-1-5-18\r\n\tAccount Name:\t\tHFDC01$\r\n\tAccount Domain:\t\tshire\r\n\tLogon ID:\t\t0x687D64\r\n\r\nNetwork Information:\t\r\n\tObject Type:\t\tFile\r\n\tSource Address:\t\tfe80::44af:a0ee:c7f9:e9ed\r\n\tSource Port:\t\t49637\r\n\t\r\nShare Information:\r\n\tShare Name:\t\t\\\\*\\SYSVOL\r\n\tShare Path:\t\t\\??\\C:\\Windows\\SYSVOL\\sysvol\r\n\tRelative Target Name:\tshire.com\\Policies\\{B8F60072-2A07-4323-9C8C-71E74DC1A477}\\Machine\\Preferences\\Registry\\Registry.xml\r\n\r\nAccess Request Information:\r\n\tAccess Mask:\t\t0x120089\r\n\tAccesses:\t\tREAD_CONTROL\r\n\t\t\t\tSYNCHRONIZE\r\n\t\t\t\tReadData (or ListDirectory)\r\n\t\t\t\tReadEA\r\n\t\t\t\tReadAttributes\r\n\t\t\t\t\r\nAccess Check Results:\r\n\tREAD_CONTROL:\tGranted by Ownership\r\n\t\t\t\tSYNCHRONIZE:\tGranted by\tD:(A;;0x1200a9;;;WD)\r\n\t\t\t\tReadData (or ListDirectory):\tGranted by\tD:(A;;0x1200a9;;;WD)\r\n\t\t\t\tReadEA:\tGranted by\tD:(A;;0x1200a9;;;WD)\r\n\t\t\t\tReadAttributes:\tGranted by\tD:(A;;0x1200a9;;;WD)\r\n\t\t\t\t\r\n","ShareName":"\\\\*\\SYSVOL","Task":12811,"Severity":"INFO","Keywords":-9214364837600034816,"SubjectUserName":"HFDC01$","RelativeTargetName":"shire.com\\Policies\\{B8F60072-2A07-4323-9C8C-71E74DC1A477}\\Machine\\Preferences\\Registry\\Registry.xml","ObjectType":"File","EventTime":"2019-12-04 23:47:38","SeverityValue":2,"ProcessID":4,"ThreadID":3884,"Opcode":"Info","SubjectLogonId":"0x687d64","AccessList":"%%1538\r\n\t\t\t\t%%1541\r\n\t\t\t\t%%4416\r\n\t\t\t\t%%4419\r\n\t\t\t\t%%4423\r\n\t\t\t\t","AccessMask":"0x120089","Hostname":"HFDC01.shire.com","SourceModuleType":"im_msvistalog","SourceModuleName":"eventlog","@timestamp":"2019-12-05T04:47:40.124Z","@version":"1"}
{"Version":0,"EventReceivedTime":"2019-12-04 23:47:40","type":"nxlog-mordor","host":"ip-172-18-39-102.ec2.internal","Channel":"Security","RecordNumber":88633,"Category":"Token Right Adjusted Events","port":49730,"ProviderGuid":"{54849625-5478-4994-A5BA-3E3B0328C30D}","EventID":4703,"EventType":"AUDIT_SUCCESS","TargetUserName":"HFDC01$","SourceName":"Microsoft-Windows-Security-Auditing","SubjectDomainName":"shire","SubjectUserSid":"S-1-5-18","TargetUserSid":"S-1-0-0","OpcodeValue":0,"Message":"A token right was adjusted.\r\n\r\nSubject:\r\n\tSecurity ID:\t\tS-1-5-18\r\n\tAccount Name:\t\tHFDC01$\r\n\tAccount Domain:\t\tshire\r\n\tLogon ID:\t\t0x3E7\r\n\r\nTarget Account:\r\n\tSecurity ID:\t\tS-1-0-0\r\n\tAccount Name:\t\tHFDC01$\r\n\tAccount Domain:\t\tshire\r\n\tLogon ID:\t\t0x3E7\r\n\r\nProcess Information:\r\n\tProcess ID:\t\t0x8cc\r\n\tProcess Name:\t\tC:\\Windows\\System32\\svchost.exe\r\n\r\nEnabled Privileges:\r\n\t\t\tSeAssignPrimaryTokenPrivilege\r\n\t\t\tSeIncreaseQuotaPrivilege\r\n\t\t\tSeSecurityPrivilege\r\n\t\t\tSeTakeOwnershipPrivilege\r\n\t\t\tSeLoadDriverPrivilege\r\n\t\t\tSeBackupPrivilege\r\n\t\t\tSeRestorePrivilege\r\n\t\t\tSeShutdownPrivilege\r\n\r\nDisabled Privileges:\r\n\t\t\t-","TargetLogonId":"0x3e7","Task":13317,"Severity":"INFO","Keywords":-9214364837600034816,"SubjectUserName":"HFDC01$","ProcessName":"C:\\Windows\\System32\\svchost.exe","EnabledPrivilegeList":"SeAssignPrimaryTokenPrivilege\r\n\t\t\tSeIncreaseQuotaPrivilege\r\n\t\t\tSeSecurityPrivilege\r\n\t\t\tSeTakeOwnershipPrivilege\r\n\t\t\tSeLoadDriverPrivilege\r\n\t\t\tSeBackupPrivilege\r\n\t\t\tSeRestorePrivilege\r\n\t\t\tSeShutdownPrivilege","EventTime":"2019-12-04 23:47:38","SeverityValue":2,"ProcessID":4,"ThreadID":3884,"Opcode":"Info","SubjectLogonId":"0x3e7","TargetDomainName":"shire","SourceModuleType":"im_msvistalog","Hostname":"HFDC01.shire.com","@timestamp":"2019-12-05T04:47:40.124Z","SourceModuleName":"eventlog","DisabledPrivilegeList":"-","@version":"1"}
{"Version":1,"EventReceivedTime":"2019-12-04 23:47:40","SourceAddress":"172.18.39.5","type":"nxlog-mordor","DestPort":"53","host":"ip-172-18-39-102.ec2.internal","Channel":"Security","RemoteMachineID":"S-1-0-0","RecordNumber":88637,"Category":"Filtering Platform Connection","port":49730,"ProviderGuid":"{54849625-5478-4994-A5BA-3E3B0328C30D}","Application":"\\device\\harddiskvolume1\\windows\\system32\\dns.exe","EventID":5156,"EventType":"AUDIT_SUCCESS","Direction":"%%14593","DestAddress":"172.18.0.2","SourcePort":"59942","SourceName":"Microsoft-Windows-Security-Auditing","OpcodeValue":0,"Message":"The Windows Filtering Platform has permitted a connection.\r\n\r\nApplication Information:\r\n\tProcess ID:\t\t3068\r\n\tApplication Name:\t\\device\\harddiskvolume1\\windows\\system32\\dns.exe\r\n\r\nNetwork Information:\r\n\tDirection:\t\tOutbound\r\n\tSource Address:\t\t172.18.39.5\r\n\tSource Port:\t\t59942\r\n\tDestination Address:\t172.18.0.2\r\n\tDestination Port:\t\t53\r\n\tProtocol:\t\t17\r\n\r\nFilter Information:\r\n\tFilter Run-Time ID:\t67455\r\n\tLayer Name:\t\tConnect\r\n\tLayer Run-Time ID:\t48","LayerName":"%%14611","Task":12810,"Severity":"INFO","Keywords":-9214364837600034816,"LayerRTID":"48","@timestamp":"2019-12-05T04:47:40.168Z","EventTime":"2019-12-04 23:47:39","SeverityValue":2,"ProcessID":4,"ThreadID":3884,"Opcode":"Info","Protocol":"17","RemoteUserID":"S-1-0-0","SourceModuleType":"im_msvistalog","Hostname":"HFDC01.shire.com","SourceModuleName":"eventlog","FilterRTID":"67455","@version":"1"}
{"Version":3,"GrantedAccess":"0x1000","EventReceivedTime":"2019-12-04 23:47:41","type":"nxlog-mordor","SourceImage":"C:\\Windows\\system32\\svchost.exe","host":"ip-172-18-39-102.ec2.internal","Channel":"Microsoft-Windows-Sysmon/Operational","RecordNumber":225523,"SourceProcessId":"968","port":49730,"ProviderGuid":"{5770385F-C22A-43E0-BF4C-06F5698FFBD9}","CallTrace":"C:\\Windows\\SYSTEM32\\ntdll.dll+9c524|C:\\Windows\\SYSTEM32\\psmserviceexthost.dll+222a3|C:\\Windows\\SYSTEM32\\psmserviceexthost.dll+1a172|C:\\Windows\\SYSTEM32\\psmserviceexthost.dll+19e3b|C:\\Windows\\SYSTEM32\\psmserviceexthost.dll+19318|C:\\Windows\\SYSTEM32\\ntdll.dll+3082d|C:\\Windows\\SYSTEM32\\ntdll.dll+345c4|C:\\Windows\\System32\\KERNEL32.DLL+17944|C:\\Windows\\SYSTEM32\\ntdll.dll+6ce71","EventID":10,"EventType":"INFO","TargetProcessGUID":"{a158f72c-4a97-5de8-0000-00105c300200}","UtcTime":"2019-12-05 04:47:39.050","UserID":"S-1-5-18","SourceThreadId":"8312","SourceName":"Microsoft-Windows-Sysmon","Domain":"NT AUTHORITY","AccountType":"User","OpcodeValue":0,"Message":"Process accessed:\r\nRuleName: \r\nUtcTime: 2019-12-05 04:47:39.050\r\nSourceProcessGUID: {a158f72c-4a94-5de8-0000-001033890000}\r\nSourceProcessId: 968\r\nSourceThreadId: 8312\r\nSourceImage: C:\\Windows\\system32\\svchost.exe\r\nTargetProcessGUID: {a158f72c-4a97-5de8-0000-00105c300200}\r\nTargetProcessId: 3236\r\nTargetImage: C:\\Windows\\System32\\svchost.exe\r\nGrantedAccess: 0x1000\r\nCallTrace: C:\\Windows\\SYSTEM32\\ntdll.dll+9c524|C:\\Windows\\SYSTEM32\\psmserviceexthost.dll+222a3|C:\\Windows\\SYSTEM32\\psmserviceexthost.dll+1a172|C:\\Windows\\SYSTEM32\\psmserviceexthost.dll+19e3b|C:\\Windows\\SYSTEM32\\psmserviceexthost.dll+19318|C:\\Windows\\SYSTEM32\\ntdll.dll+3082d|C:\\Windows\\SYSTEM32\\ntdll.dll+345c4|C:\\Windows\\System32\\KERNEL32.DLL+17944|C:\\Windows\\SYSTEM32\\ntdll.dll+6ce71","Task":10,"Severity":"INFO","Keywords":-9223372036854775808,"@timestamp":"2019-12-05T04:47:41.125Z","EventTime":"2019-12-04 23:47:39","SeverityValue":2,"ProcessID":3144,"ThreadID":4584,"AccountName":"SYSTEM","TargetImage":"C:\\Windows\\System32\\svchost.exe","SourceModuleType":"im_msvistalog","Hostname":"HR001.shire.com","SourceModuleName":"eventlog","SourceProcessGUID":"{a158f72c-4a94-5de8-0000-001033890000}","TargetProcessId":"3236","@version":"1"}
{"Version":3,"GrantedAccess":"0x1000","EventReceivedTime":"2019-12-04 23:47:41","type":"nxlog-mordor","SourceImage":"C:\\Windows\\system32\\svchost.exe","host":"ip-172-18-39-102.ec2.internal","Channel":"Microsoft-Windows-Sysmon/Operational","RecordNumber":225524,"SourceProcessId":"968","port":49730,"ProviderGuid":"{5770385F-C22A-43E0-BF4C-06F5698FFBD9}","CallTrace":"C:\\Windows\\SYSTEM32\\ntdll.dll+9c524|C:\\Windows\\SYSTEM32\\psmserviceexthost.dll+222a3|C:\\Windows\\SYSTEM32\\psmserviceexthost.dll+1a172|C:\\Windows\\SYSTEM32\\psmserviceexthost.dll+19e3b|C:\\Windows\\SYSTEM32\\psmserviceexthost.dll+19318|C:\\Windows\\SYSTEM32\\ntdll.dll+3082d|C:\\Windows\\SYSTEM32\\ntdll.dll+345c4|C:\\Windows\\System32\\KERNEL32.DLL+17944|C:\\Windows\\SYSTEM32\\ntdll.dll+6ce71","EventID":10,"EventType":"INFO","TargetProcessGUID":"{a158f72c-4a97-5de8-0000-00105c300200}","UtcTime":"2019-12-05 04:47:39.050","UserID":"S-1-5-18","SourceThreadId":"8312","SourceName":"Microsoft-Windows-Sysmon","Domain":"NT AUTHORITY","AccountType":"User","OpcodeValue":0,"Message":"Process accessed:\r\nRuleName: \r\nUtcTime: 2019-12-05 04:47:39.050\r\nSourceProcessGUID: {a158f72c-4a94-5de8-0000-001033890000}\r\nSourceProcessId: 968\r\nSourceThreadId: 8312\r\nSourceImage: C:\\Windows\\system32\\svchost.exe\r\nTargetProcessGUID: {a158f72c-4a97-5de8-0000-00105c300200}\r\nTargetProcessId: 3236\r\nTargetImage: C:\\Windows\\System32\\svchost.exe\r\nGrantedAccess: 0x1000\r\nCallTrace: C:\\Windows\\SYSTEM32\\ntdll.dll+9c524|C:\\Windows\\SYSTEM32\\psmserviceexthost.dll+222a3|C:\\Windows\\SYSTEM32\\psmserviceexthost.dll+1a172|C:\\Windows\\SYSTEM32\\psmserviceexthost.dll+19e3b|C:\\Windows\\SYSTEM32\\psmserviceexthost.dll+19318|C:\\Windows\\SYSTEM32\\ntdll.dll+3082d|C:\\Windows\\SYSTEM32\\ntdll.dll+345c4|C:\\Windows\\System32\\KERNEL32.DLL+17944|C:\\Windows\\SYSTEM32\\ntdll.dll+6ce71","Task":10,"Severity":"INFO","Keywords":-9223372036854775808,"@timestamp":"2019-12-05T04:47:41.125Z","EventTime":"2019-12-04 23:47:39","SeverityValue":2,"ProcessID":3144,"ThreadID":4584,"AccountName":"SYSTEM","TargetImage":"C:\\Windows\\System32\\svchost.exe","SourceModuleType":"im_msvistalog","Hostname":"HR001.shire.com","SourceModuleName":"eventlog","SourceProcessGUID":"{a158f72c-4a94-5de8-0000-001033890000}","TargetProcessId":"3236","@version":"1"}
{"Version":0,"EventReceivedTime":"2019-12-04 23:47:41","SourceAddress":"::","type":"nxlog-mordor","host":"ip-172-18-39-102.ec2.internal","Channel":"security","RecordNumber":25446,"Category":"Filtering Platform Connection","port":49730,"ProviderGuid":"{54849625-5478-4994-A5BA-3E3B0328C30D}","Application":"\\device\\harddiskvolume2\\windows\\system32\\svchost.exe","EventID":5158,"EventType":"AUDIT_SUCCESS","SourcePort":"53248","SourceName":"Microsoft-Windows-Security-Auditing","OpcodeValue":0,"Message":"The Windows Filtering Platform has permitted a bind to a local port.\r\n\r\nApplication Information:\r\n\tProcess ID:\t\t1468\r\n\tApplication Name:\t\\device\\harddiskvolume2\\windows\\system32\\svchost.exe\r\n\r\nNetwork Information:\r\n\tSource Address:\t\t::\r\n\tSource Port:\t\t53248\r\n\tProtocol:\t\t17\r\n\r\nFilter Information:\r\n\tFilter Run-Time ID:\t0\r\n\tLayer Name:\t\tResource Assignment\r\n\tLayer Run-Time ID:\t36","LayerName":"%%14608","Task":12810,"Severity":"INFO","Keywords":-9214364837600034816,"LayerRTID":"36","@timestamp":"2019-12-05T04:47:41.126Z","EventTime":"2019-12-04 23:47:39","SeverityValue":2,"ProcessID":4,"ThreadID":6448,"Opcode":"Info","Protocol":"17","SourceModuleType":"im_msvistalog","Hostname":"ACCT001.shire.com","SourceModuleName":"eventlog","FilterRTID":"0","@version":"1"}
{"Version":1,"EventReceivedTime":"2019-12-04 23:47:41","SourceAddress":"172.18.39.100","type":"nxlog-mordor","DestPort":"53","host":"ip-172-18-39-102.ec2.internal","Channel":"security","RemoteMachineID":"S-1-0-0","RecordNumber":25450,"Category":"Filtering Platform Connection","port":49730,"ProviderGuid":"{54849625-5478-4994-A5BA-3E3B0328C30D}","Application":"\\device\\harddiskvolume2\\windows\\system32\\svchost.exe","EventID":5156,"EventType":"AUDIT_SUCCESS","Direction":"%%14593","DestAddress":"172.18.39.5","SourcePort":"60051","SourceName":"Microsoft-Windows-Security-Auditing","OpcodeValue":0,"Message":"The Windows Filtering Platform has permitted a connection.\r\n\r\nApplication Information:\r\n\tProcess ID:\t\t1468\r\n\tApplication Name:\t\\device\\harddiskvolume2\\windows\\system32\\svchost.exe\r\n\r\nNetwork Information:\r\n\tDirection:\t\tOutbound\r\n\tSource Address:\t\t172.18.39.100\r\n\tSource Port:\t\t60051\r\n\tDestination Address:\t172.18.39.5\r\n\tDestination Port:\t\t53\r\n\tProtocol:\t\t17\r\n\r\nFilter Information:\r\n\tFilter Run-Time ID:\t67260\r\n\tLayer Name:\t\tConnect\r\n\tLayer Run-Time ID:\t48","LayerName":"%%14611","Task":12810,"Severity":"INFO","Keywords":-9214364837600034816,"LayerRTID":"48","@timestamp":"2019-12-05T04:47:41.126Z","EventTime":"2019-12-04 23:47:39","SeverityValue":2,"ProcessID":4,"ThreadID":6448,"Opcode":"Info","Protocol":"17","RemoteUserID":"S-1-0-0","SourceModuleType":"im_msvistalog","Hostname":"ACCT001.shire.com","SourceModuleName":"eventlog","FilterRTID":"67260","@version":"1"}
{"Channel":"Microsoft-Windows-Sysmon/Operational","RecordNumber":156097,"ProviderGuid":"{5770385F-C22A-43E0-BF4C-06F5698FFBD9}","User":"shire\\lrodriguez","DestinationIp":"104.100.30.229","SourceName":"Microsoft-Windows-Sysmon","Domain":"NT AUTHORITY","AccountType":"User","OpcodeValue":0,"Message":"Network connection detected:\r\nRuleName: \r\nUtcTime: 2019-12-05 04:47:37.023\r\nProcessGuid: {a158f72c-4aa1-5de8-0000-00100ec60500}\r\nProcessId: 5064\r\nImage: C:\\Windows\\System32\\svchost.exe\r\nUser: shire\\lrodriguez\r\nProtocol: tcp\r\nInitiated: true\r\nSourceIsIpv6: false\r\nSourceIp: 172.18.39.100\r\nSourceHostname: ACCT001.shire.com\r\nSourcePort: 51549\r\nSourcePortName: \r\nDestinationIsIpv6: false\r\nDestinationIp: 104.100.30.229\r\nDestinationHostname: a104-100-30-229.deploy.static.akamaitechnologies.com\r\nDestinationPort: 80\r\nDestinationPortName: http","ProcessID":3148,"SeverityValue":2,"SourceModuleType":"im_msvistalog","DestinationPort":"80","@version":"1","Version":5,"EventReceivedTime":"2019-12-04 23:47:41","Image":"C:\\Windows\\System32\\svchost.exe","type":"nxlog-mordor","host":"ip-172-18-39-102.ec2.internal","DestinationPortName":"http","port":49730,"EventID":3,"EventType":"INFO","SourceHostname":"ACCT001.shire.com","SourceIp":"172.18.39.100","UtcTime":"2019-12-05 04:47:37.023","UserID":"S-1-5-18","ProcessGuid":"{a158f72c-4aa1-5de8-0000-00100ec60500}","SourcePort":"51549","Task":3,"Severity":"INFO","Keywords":-9223372036854775808,"@timestamp":"2019-12-05T04:47:41.127Z","SourceIsIpv6":"false","EventTime":"2019-12-04 23:47:39","ThreadID":4084,"Protocol":"tcp","AccountName":"SYSTEM","Initiated":"true","DestinationIsIpv6":"false","DestinationHostname":"a104-100-30-229.deploy.static.akamaitechnologies.com","Hostname":"ACCT001.shire.com","SourceModuleName":"eventlog"}
{"Version":0,"EventReceivedTime":"2019-12-04 23:47:41","SourceAddress":"::","type":"nxlog-mordor","host":"ip-172-18-39-102.ec2.internal","Channel":"security","RecordNumber":25445,"Category":"Filtering Platform Connection","port":49730,"ProviderGuid":"{54849625-5478-4994-A5BA-3E3B0328C30D}","Application":"\\device\\harddiskvolume2\\windows\\system32\\svchost.exe","EventID":5158,"EventType":"AUDIT_SUCCESS","SourcePort":"60051","SourceName":"Microsoft-Windows-Security-Auditing","OpcodeValue":0,"Message":"The Windows Filtering Platform has permitted a bind to a local port.\r\n\r\nApplication Information:\r\n\tProcess ID:\t\t1468\r\n\tApplication Name:\t\\device\\harddiskvolume2\\windows\\system32\\svchost.exe\r\n\r\nNetwork Information:\r\n\tSource Address:\t\t::\r\n\tSource Port:\t\t60051\r\n\tProtocol:\t\t17\r\n\r\nFilter Information:\r\n\tFilter Run-Time ID:\t0\r\n\tLayer Name:\t\tResource Assignment\r\n\tLayer Run-Time ID:\t36","LayerName":"%%14608","Task":12810,"Severity":"INFO","Keywords":-9214364837600034816,"LayerRTID":"36","@timestamp":"2019-12-05T04:47:41.125Z","EventTime":"2019-12-04 23:47:39","SeverityValue":2,"ProcessID":4,"ThreadID":6448,"Opcode":"Info","Protocol":"17","SourceModuleType":"im_msvistalog","Hostname":"ACCT001.shire.com","SourceModuleName":"eventlog","FilterRTID":"0","@version":"1"}
{"Channel":"Microsoft-Windows-Sysmon/Operational","RecordNumber":102606,"ProviderGuid":"{5770385F-C22A-43E0-BF4C-06F5698FFBD9}","User":"NT AUTHORITY\\SYSTEM","DestinationIp":"172.18.39.5","SourceName":"Microsoft-Windows-Sysmon","Domain":"NT AUTHORITY","AccountType":"User","OpcodeValue":0,"Message":"Network connection detected:\r\nRuleName: \r\nUtcTime: 2019-12-05 04:47:38.789\r\nProcessGuid: {d14e8c55-47b5-5de8-0000-0010cb5a0000}\r\nProcessId: 780\r\nImage: C:\\Windows\\System32\\lsass.exe\r\nUser: NT AUTHORITY\\SYSTEM\r\nProtocol: tcp\r\nInitiated: false\r\nSourceIsIpv6: false\r\nSourceIp: 172.18.39.5\r\nSourceHostname: HFDC01.shire.com\r\nSourcePort: 49636\r\nSourcePortName: \r\nDestinationIsIpv6: false\r\nDestinationIp: 172.18.39.5\r\nDestinationHostname: HFDC01.shire.com\r\nDestinationPort: 389\r\nDestinationPortName: ldap","ProcessID":2644,"SeverityValue":2,"SourceModuleType":"im_msvistalog","DestinationPort":"389","@version":"1","Version":5,"EventReceivedTime":"2019-12-04 23:47:41","Image":"C:\\Windows\\System32\\lsass.exe","type":"nxlog-mordor","host":"ip-172-18-39-102.ec2.internal","DestinationPortName":"ldap","port":49730,"EventID":3,"EventType":"INFO","SourceHostname":"HFDC01.shire.com","SourceIp":"172.18.39.5","UtcTime":"2019-12-05 04:47:38.789","UserID":"S-1-5-18","ProcessGuid":"{d14e8c55-47b5-5de8-0000-0010cb5a0000}","SourcePort":"49636","Task":3,"Severity":"INFO","Keywords":-9223372036854775808,"@timestamp":"2019-12-05T04:47:41.129Z","SourceIsIpv6":"false","EventTime":"2019-12-04 23:47:39","ThreadID":3616,"Protocol":"tcp","AccountName":"SYSTEM","Initiated":"false","DestinationIsIpv6":"false","DestinationHostname":"HFDC01.shire.com","Hostname":"HFDC01.shire.com","SourceModuleName":"eventlog"}
{"Version":1,"EventReceivedTime":"2019-12-04 23:47:41","SourceAddress":"172.18.39.100","type":"nxlog-mordor","DestPort":"53","host":"ip-172-18-39-102.ec2.internal","Channel":"security","RemoteMachineID":"S-1-0-0","RecordNumber":25449,"Category":"Filtering Platform Connection","port":49730,"ProviderGuid":"{54849625-5478-4994-A5BA-3E3B0328C30D}","Application":"\\device\\harddiskvolume2\\windows\\system32\\svchost.exe","EventID":5156,"EventType":"AUDIT_SUCCESS","Direction":"%%14593","DestAddress":"172.18.39.5","SourcePort":"53248","SourceName":"Microsoft-Windows-Security-Auditing","OpcodeValue":0,"Message":"The Windows Filtering Platform has permitted a connection.\r\n\r\nApplication Information:\r\n\tProcess ID:\t\t1468\r\n\tApplication Name:\t\\device\\harddiskvolume2\\windows\\system32\\svchost.exe\r\n\r\nNetwork Information:\r\n\tDirection:\t\tOutbound\r\n\tSource Address:\t\t172.18.39.100\r\n\tSource Port:\t\t53248\r\n\tDestination Address:\t172.18.39.5\r\n\tDestination Port:\t\t53\r\n\tProtocol:\t\t17\r\n\r\nFilter Information:\r\n\tFilter Run-Time ID:\t67260\r\n\tLayer Name:\t\tConnect\r\n\tLayer Run-Time ID:\t48","LayerName":"%%14611","Task":12810,"Severity":"INFO","Keywords":-9214364837600034816,"LayerRTID":"48","@timestamp":"2019-12-05T04:47:41.126Z","EventTime":"2019-12-04 23:47:39","SeverityValue":2,"ProcessID":4,"ThreadID":6448,"Opcode":"Info","Protocol":"17","RemoteUserID":"S-1-0-0","SourceModuleType":"im_msvistalog","Hostname":"ACCT001.shire.com","SourceModuleName":"eventlog","FilterRTID":"67260","@version":"1"}
{"Channel":"Microsoft-Windows-Sysmon/Operational","RecordNumber":102610,"ProviderGuid":"{5770385F-C22A-43E0-BF4C-06F5698FFBD9}","User":"NT AUTHORITY\\SYSTEM","DestinationIp":"fe80:0:0:0:44af:a0ee:c7f9:e9ed","SourceName":"Microsoft-Windows-Sysmon","Domain":"NT AUTHORITY","AccountType":"User","OpcodeValue":0,"Message":"Network connection detected:\r\nRuleName: \r\nUtcTime: 2019-12-05 04:47:38.921\r\nProcessGuid: {d14e8c55-47b5-5de8-0000-0010cb5a0000}\r\nProcessId: 780\r\nImage: C:\\Windows\\System32\\lsass.exe\r\nUser: NT AUTHORITY\\SYSTEM\r\nProtocol: tcp\r\nInitiated: false\r\nSourceIsIpv6: true\r\nSourceIp: fe80:0:0:0:44af:a0ee:c7f9:e9ed\r\nSourceHostname: HFDC01.shire.com\r\nSourcePort: 49638\r\nSourcePortName: \r\nDestinationIsIpv6: true\r\nDestinationIp: fe80:0:0:0:44af:a0ee:c7f9:e9ed\r\nDestinationHostname: HFDC01.shire.com\r\nDestinationPort: 389\r\nDestinationPortName: ldap","ProcessID":2644,"SeverityValue":2,"SourceModuleType":"im_msvistalog","DestinationPort":"389","@version":"1","Version":5,"EventReceivedTime":"2019-12-04 23:47:41","Image":"C:\\Windows\\System32\\lsass.exe","type":"nxlog-mordor","host":"ip-172-18-39-102.ec2.internal","DestinationPortName":"ldap","port":49730,"EventID":3,"EventType":"INFO","SourceHostname":"HFDC01.shire.com","SourceIp":"fe80:0:0:0:44af:a0ee:c7f9:e9ed","UtcTime":"2019-12-05 04:47:38.921","UserID":"S-1-5-18","ProcessGuid":"{d14e8c55-47b5-5de8-0000-0010cb5a0000}","SourcePort":"49638","Task":3,"Severity":"INFO","Keywords":-9223372036854775808,"@timestamp":"2019-12-05T04:47:41.130Z","SourceIsIpv6":"true","EventTime":"2019-12-04 23:47:39","ThreadID":3616,"Protocol":"tcp","AccountName":"SYSTEM","Initiated":"false","DestinationIsIpv6":"true","DestinationHostname":"HFDC01.shire.com","Hostname":"HFDC01.shire.com","SourceModuleName":"eventlog"}
{"Channel":"Microsoft-Windows-Sysmon/Operational","RecordNumber":156096,"ProviderGuid":"{5770385F-C22A-43E0-BF4C-06F5698FFBD9}","User":"shire\\lrodriguez","DestinationIp":"23.67.84.128","SourceName":"Microsoft-Windows-Sysmon","Domain":"NT AUTHORITY","AccountType":"User","OpcodeValue":0,"Message":"Network connection detected:\r\nRuleName: \r\nUtcTime: 2019-12-05 04:47:37.023\r\nProcessGuid: {a158f72c-4aa1-5de8-0000-00100ec60500}\r\nProcessId: 5064\r\nImage: C:\\Windows\\System32\\svchost.exe\r\nUser: shire\\lrodriguez\r\nProtocol: tcp\r\nInitiated: true\r\nSourceIsIpv6: false\r\nSourceIp: 172.18.39.100\r\nSourceHostname: ACCT001.shire.com\r\nSourcePort: 51550\r\nSourcePortName: \r\nDestinationIsIpv6: false\r\nDestinationIp: 23.67.84.128\r\nDestinationHostname: a23-67-84-128.deploy.static.akamaitechnologies.com\r\nDestinationPort: 443\r\nDestinationPortName: https","ProcessID":3148,"SeverityValue":2,"SourceModuleType":"im_msvistalog","DestinationPort":"443","@version":"1","Version":5,"EventReceivedTime":"2019-12-04 23:47:41","Image":"C:\\Windows\\System32\\svchost.exe","type":"nxlog-mordor","host":"ip-172-18-39-102.ec2.internal","DestinationPortName":"https","port":49730,"EventID":3,"EventType":"INFO","SourceHostname":"ACCT001.shire.com","SourceIp":"172.18.39.100","UtcTime":"2019-12-05 04:47:37.023","UserID":"S-1-5-18","ProcessGuid":"{a158f72c-4aa1-5de8-0000-00100ec60500}","SourcePort":"51550","Task":3,"Severity":"INFO","Keywords":-9223372036854775808,"@timestamp":"2019-12-05T04:47:41.127Z","SourceIsIpv6":"false","EventTime":"2019-12-04 23:47:39","ThreadID":4084,"Protocol":"tcp","AccountName":"SYSTEM","Initiated":"true","DestinationIsIpv6":"false","DestinationHostname":"a23-67-84-128.deploy.static.akamaitechnologies.com","Hostname":"ACCT001.shire.com","SourceModuleName":"eventlog"}
{"Channel":"Microsoft-Windows-Sysmon/Operational","RecordNumber":102614,"ProviderGuid":"{5770385F-C22A-43E0-BF4C-06F5698FFBD9}","User":"NT AUTHORITY\\SYSTEM","DestinationIp":"172.18.39.100","SourceName":"Microsoft-Windows-Sysmon","Domain":"NT AUTHORITY","AccountType":"User","OpcodeValue":0,"Message":"Network connection detected:\r\nRuleName: \r\nUtcTime: 2019-12-05 04:47:39.428\r\nProcessGuid: {d14e8c55-47c8-5de8-0000-00108af90100}\r\nProcessId: 3068\r\nImage: C:\\Windows\\System32\\dns.exe\r\nUser: NT AUTHORITY\\SYSTEM\r\nProtocol: udp\r\nInitiated: false\r\nSourceIsIpv6: false\r\nSourceIp: 172.18.39.5\r\nSourceHostname: HFDC01.shire.com\r\nSourcePort: 53\r\nSourcePortName: domain\r\nDestinationIsIpv6: false\r\nDestinationIp: 172.18.39.100\r\nDestinationHostname: ip-172-18-39-100.ec2.internal\r\nDestinationPort: 60051\r\nDestinationPortName: ","ProcessID":2644,"SeverityValue":2,"SourceModuleType":"im_msvistalog","DestinationPort":"60051","@version":"1","Version":5,"EventReceivedTime":"2019-12-04 23:47:41","Image":"C:\\Windows\\System32\\dns.exe","type":"nxlog-mordor","host":"ip-172-18-39-102.ec2.internal","port":49730,"EventID":3,"EventType":"INFO","SourceHostname":"HFDC01.shire.com","SourceIp":"172.18.39.5","UtcTime":"2019-12-05 04:47:39.428","UserID":"S-1-5-18","ProcessGuid":"{d14e8c55-47c8-5de8-0000-00108af90100}","SourcePort":"53","Task":3,"Severity":"INFO","Keywords":-9223372036854775808,"@timestamp":"2019-12-05T04:47:41.131Z","SourceIsIpv6":"false","EventTime":"2019-12-04 23:47:40","ThreadID":3616,"Protocol":"udp","AccountName":"SYSTEM","Initiated":"false","DestinationIsIpv6":"false","DestinationHostname":"ip-172-18-39-100.ec2.internal","Hostname":"HFDC01.shire.com","SourceModuleName":"eventlog","SourcePortName":"domain"}
{"Channel":"Microsoft-Windows-Sysmon/Operational","RecordNumber":102605,"ProviderGuid":"{5770385F-C22A-43E0-BF4C-06F5698FFBD9}","User":"NT AUTHORITY\\SYSTEM","DestinationIp":"172.18.39.5","SourceName":"Microsoft-Windows-Sysmon","Domain":"NT AUTHORITY","AccountType":"User","OpcodeValue":0,"Message":"Network connection detected:\r\nRuleName: \r\nUtcTime: 2019-12-05 04:47:38.788\r\nProcessGuid: {d14e8c55-47b8-5de8-0000-0010f10b0100}\r\nProcessId: 1548\r\nImage: C:\\Windows\\System32\\svchost.exe\r\nUser: NT AUTHORITY\\SYSTEM\r\nProtocol: tcp\r\nInitiated: true\r\nSourceIsIpv6: false\r\nSourceIp: 172.18.39.5\r\nSourceHostname: HFDC01.shire.com\r\nSourcePort: 49636\r\nSourcePortName: \r\nDestinationIsIpv6: false\r\nDestinationIp: 172.18.39.5\r\nDestinationHostname: HFDC01.shire.com\r\nDestinationPort: 389\r\nDestinationPortName: ldap","ProcessID":2644,"SeverityValue":2,"SourceModuleType":"im_msvistalog","DestinationPort":"389","@version":"1","Version":5,"EventReceivedTime":"2019-12-04 23:47:41","Image":"C:\\Windows\\System32\\svchost.exe","type":"nxlog-mordor","host":"ip-172-18-39-102.ec2.internal","DestinationPortName":"ldap","port":49730,"EventID":3,"EventType":"INFO","SourceHostname":"HFDC01.shire.com","SourceIp":"172.18.39.5","UtcTime":"2019-12-05 04:47:38.788","UserID":"S-1-5-18","ProcessGuid":"{d14e8c55-47b8-5de8-0000-0010f10b0100}","SourcePort":"49636","Task":3,"Severity":"INFO","Keywords":-9223372036854775808,"@timestamp":"2019-12-05T04:47:41.128Z","SourceIsIpv6":"false","EventTime":"2019-12-04 23:47:39","ThreadID":3616,"Protocol":"tcp","AccountName":"SYSTEM","Initiated":"true","DestinationIsIpv6":"false","DestinationHostname":"HFDC01.shire.com","Hostname":"HFDC01.shire.com","SourceModuleName":"eventlog"}
{"Channel":"Microsoft-Windows-Sysmon/Operational","RecordNumber":102609,"ProviderGuid":"{5770385F-C22A-43E0-BF4C-06F5698FFBD9}","User":"NT AUTHORITY\\SYSTEM","DestinationIp":"fe80:0:0:0:44af:a0ee:c7f9:e9ed","SourceName":"Microsoft-Windows-Sysmon","Domain":"NT AUTHORITY","AccountType":"User","OpcodeValue":0,"Message":"Network connection detected:\r\nRuleName: \r\nUtcTime: 2019-12-05 04:47:38.921\r\nProcessGuid: {d14e8c55-47b8-5de8-0000-0010f10b0100}\r\nProcessId: 1548\r\nImage: C:\\Windows\\System32\\svchost.exe\r\nUser: NT AUTHORITY\\SYSTEM\r\nProtocol: tcp\r\nInitiated: true\r\nSourceIsIpv6: true\r\nSourceIp: fe80:0:0:0:44af:a0ee:c7f9:e9ed\r\nSourceHostname: HFDC01.shire.com\r\nSourcePort: 49638\r\nSourcePortName: \r\nDestinationIsIpv6: true\r\nDestinationIp: fe80:0:0:0:44af:a0ee:c7f9:e9ed\r\nDestinationHostname: HFDC01.shire.com\r\nDestinationPort: 389\r\nDestinationPortName: ldap","ProcessID":2644,"SeverityValue":2,"SourceModuleType":"im_msvistalog","DestinationPort":"389","@version":"1","Version":5,"EventReceivedTime":"2019-12-04 23:47:41","Image":"C:\\Windows\\System32\\svchost.exe","type":"nxlog-mordor","host":"ip-172-18-39-102.ec2.internal","DestinationPortName":"ldap","port":49730,"EventID":3,"EventType":"INFO","SourceHostname":"HFDC01.shire.com","SourceIp":"fe80:0:0:0:44af:a0ee:c7f9:e9ed","UtcTime":"2019-12-05 04:47:38.921","UserID":"S-1-5-18","ProcessGuid":"{d14e8c55-47b8-5de8-0000-0010f10b0100}","SourcePort":"49638","Task":3,"Severity":"INFO","Keywords":-9223372036854775808,"@timestamp":"2019-12-05T04:47:41.130Z","SourceIsIpv6":"true","EventTime":"2019-12-04 23:47:39","ThreadID":3616,"Protocol":"tcp","AccountName":"SYSTEM","Initiated":"true","DestinationIsIpv6":"true","DestinationHostname":"HFDC01.shire.com","Hostname":"HFDC01.shire.com","SourceModuleName":"eventlog"}
{"Channel":"Microsoft-Windows-Sysmon/Operational","RecordNumber":102613,"ProviderGuid":"{5770385F-C22A-43E0-BF4C-06F5698FFBD9}","User":"NT AUTHORITY\\SYSTEM","DestinationIp":"172.18.39.100","SourceName":"Microsoft-Windows-Sysmon","Domain":"NT AUTHORITY","AccountType":"User","OpcodeValue":0,"Message":"Network connection detected:\r\nRuleName: \r\nUtcTime: 2019-12-05 04:47:39.428\r\nProcessGuid: {d14e8c55-47c8-5de8-0000-00108af90100}\r\nProcessId: 3068\r\nImage: C:\\Windows\\System32\\dns.exe\r\nUser: NT AUTHORITY\\SYSTEM\r\nProtocol: udp\r\nInitiated: false\r\nSourceIsIpv6: false\r\nSourceIp: 172.18.39.5\r\nSourceHostname: HFDC01.shire.com\r\nSourcePort: 53\r\nSourcePortName: domain\r\nDestinationIsIpv6: false\r\nDestinationIp: 172.18.39.100\r\nDestinationHostname: ip-172-18-39-100.ec2.internal\r\nDestinationPort: 53248\r\nDestinationPortName: ","ProcessID":2644,"SeverityValue":2,"SourceModuleType":"im_msvistalog","DestinationPort":"53248","@version":"1","Version":5,"EventReceivedTime":"2019-12-04 23:47:41","Image":"C:\\Windows\\System32\\dns.exe","type":"nxlog-mordor","host":"ip-172-18-39-102.ec2.internal","port":49730,"EventID":3,"EventType":"INFO","SourceHostname":"HFDC01.shire.com","SourceIp":"172.18.39.5","UtcTime":"2019-12-05 04:47:39.428","UserID":"S-1-5-18","ProcessGuid":"{d14e8c55-47c8-5de8-0000-00108af90100}","SourcePort":"53","Task":3,"Severity":"INFO","Keywords":-9223372036854775808,"@timestamp":"2019-12-05T04:47:41.131Z","SourceIsIpv6":"false","EventTime":"2019-12-04 23:47:40","ThreadID":3616,"Protocol":"udp","AccountName":"SYSTEM","Initiated":"false","DestinationIsIpv6":"false","DestinationHostname":"ip-172-18-39-100.ec2.internal","Hostname":"HFDC01.shire.com","SourceModuleName":"eventlog","SourcePortName":"domain"}
