{"RuleName":"-","@timestamp":"2020-10-13T04:26:29.070Z","SignatureStatus":"Valid","Channel":"Microsoft-Windows-Sysmon/Operational","UserID":"S-1-5-18","RecordNumber":205396,"ThreadID":4780,"Image":"C:\\Windows\\System32\\wbem\\WmiPrvSE.exe","ProcessId":"2440","Company":"Microsoft Corporation","Version":3,"Hostname":"WORKSTATION6.theshire.local","ImageLoaded":"C:\\Windows\\System32\\msvcrt.dll","Description":"Windows NT CRT DLL","EventReceivedTime":"2020-10-13 00:26:29","ProviderGuid":"{5770385F-C22A-43E0-BF4C-06F5698FFBD9}","Signed":"true","UtcTime":"2020-10-13 04:26:28.721","port":61041,"Severity":"INFO","tags":["mordorDataset"],"Task":7,"SourceModuleType":"im_msvistalog","OpcodeValue":0,"EventType":"INFO","ExecutionProcessID":3592,"Opcode":"Info","SourceName":"Microsoft-Windows-Sysmon","Product":"Microsoft® Windows® Operating System","Keywords":-9223372036854775808,"FileVersion":"7.0.18362.1 (WinBuild.160101.0800)","EventID":7,"Domain":"NT AUTHORITY","Category":"Image loaded (rule: ImageLoad)","OriginalFileName":"msvcrt.dll","@version":"1","AccountName":"SYSTEM","ProcessGuid":"{37c5a1b2-2c74-5f85-3203-000000000400}","host":"wec.internal.cloudapp.net","Hashes":"SHA1=0EA4B3CFB14E49CEC0D42FF0F1FA989E69647A8F,MD5=36354D9B5B0A58A4B9A19103852C00A2,SHA256=E5A863D3F4BFEFED7D73A7B1499F81B7235BC9AE3C108065041BCB8E5446B1BB,IMPHASH=1273683626EBBA703979F188A1E64237","SeverityValue":2,"EventTime":"2020-10-13 00:26:28","Message":"Image loaded:\r\nRuleName: -\r\nUtcTime: 2020-10-13 04:26:28.721\r\nProcessGuid: {37c5a1b2-2c74-5f85-3203-000000000400}\r\nProcessId: 2440\r\nImage: C:\\Windows\\System32\\wbem\\WmiPrvSE.exe\r\nImageLoaded: C:\\Windows\\System32\\msvcrt.dll\r\nFileVersion: 7.0.18362.1 (WinBuild.160101.0800)\r\nDescription: Windows NT CRT DLL\r\nProduct: Microsoft® Windows® Operating System\r\nCompany: Microsoft Corporation\r\nOriginalFileName: msvcrt.dll\r\nHashes: SHA1=0EA4B3CFB14E49CEC0D42FF0F1FA989E69647A8F,MD5=36354D9B5B0A58A4B9A19103852C00A2,SHA256=E5A863D3F4BFEFED7D73A7B1499F81B7235BC9AE3C108065041BCB8E5446B1BB,IMPHASH=1273683626EBBA703979F188A1E64237\r\nSigned: true\r\nSignature: Microsoft Windows\r\nSignatureStatus: Valid","SourceModuleName":"eventlog","AccountType":"User","Signature":"Microsoft Windows"}
{"RuleName":"-","@timestamp":"2020-10-13T04:26:29.070Z","SignatureStatus":"Unavailable","Channel":"Microsoft-Windows-Sysmon/Operational","UserID":"S-1-5-18","RecordNumber":386358,"ThreadID":3216,"Image":"C:\\Users\\pgustavo\\Desktop\\GruntHTTP.exe","ProcessId":"3356","Company":"Microsoft Corporation","Version":3,"Hostname":"WORKSTATION5.theshire.local","ImageLoaded":"C:\\Windows\\assembly\\NativeImages_v4.0.30319_64\\System.Management\\2b9aee66f8313ffd91656b476a887f49\\System.Management.ni.dll","Description":".NET Framework","EventReceivedTime":"2020-10-13 00:26:29","ProviderGuid":"{5770385F-C22A-43E0-BF4C-06F5698FFBD9}","Signed":"false","UtcTime":"2020-10-13 04:26:28.300","port":61041,"Severity":"INFO","tags":["mordorDataset"],"Task":7,"SourceModuleType":"im_msvistalog","OpcodeValue":0,"EventType":"INFO","ExecutionProcessID":3312,"Opcode":"Info","SourceName":"Microsoft-Windows-Sysmon","Product":"Microsoft® .NET Framework","Keywords":-9223372036854775808,"FileVersion":"4.8.3752.0 built by: NET48REL1","EventID":7,"Domain":"NT AUTHORITY","Category":"Image loaded (rule: ImageLoad)","OriginalFileName":"System.Management.dll","@version":"1","AccountName":"SYSTEM","ProcessGuid":"{71b87c12-d7e5-5f84-0d01-000000000500}","host":"wec.internal.cloudapp.net","Hashes":"SHA1=27274A4ACF3E7339307CCAF798EEE3F34871BDD2,MD5=878B637E591D887A45DBDEDC17FC1010,SHA256=6EDAF4B16897F6E6A414293372D905B7C938992D059B7A05F777CB8EAE158F04,IMPHASH=00000000000000000000000000000000","SeverityValue":2,"EventTime":"2020-10-13 00:26:28","Message":"Image loaded:\r\nRuleName: -\r\nUtcTime: 2020-10-13 04:26:28.300\r\nProcessGuid: {71b87c12-d7e5-5f84-0d01-000000000500}\r\nProcessId: 3356\r\nImage: C:\\Users\\pgustavo\\Desktop\\GruntHTTP.exe\r\nImageLoaded: C:\\Windows\\assembly\\NativeImages_v4.0.30319_64\\System.Management\\2b9aee66f8313ffd91656b476a887f49\\System.Management.ni.dll\r\nFileVersion: 4.8.3752.0 built by: NET48REL1\r\nDescription: .NET Framework\r\nProduct: Microsoft® .NET Framework\r\nCompany: Microsoft Corporation\r\nOriginalFileName: System.Management.dll\r\nHashes: SHA1=27274A4ACF3E7339307CCAF798EEE3F34871BDD2,MD5=878B637E591D887A45DBDEDC17FC1010,SHA256=6EDAF4B16897F6E6A414293372D905B7C938992D059B7A05F777CB8EAE158F04,IMPHASH=00000000000000000000000000000000\r\nSigned: false\r\nSignature: -\r\nSignatureStatus: Unavailable","SourceModuleName":"eventlog","AccountType":"User","Signature":"-"}
{"RuleName":"-","@timestamp":"2020-10-13T04:26:29.072Z","SignatureStatus":"Valid","Channel":"Microsoft-Windows-Sysmon/Operational","UserID":"S-1-5-18","RecordNumber":205397,"ThreadID":4780,"Image":"C:\\Windows\\System32\\wbem\\WmiPrvSE.exe","ProcessId":"2440","Company":"Microsoft Corporation","Version":3,"Hostname":"WORKSTATION6.theshire.local","ImageLoaded":"C:\\Windows\\System32\\wbem\\fastprox.dll","Description":"WMI Custom Marshaller","EventReceivedTime":"2020-10-13 00:26:29","ProviderGuid":"{5770385F-C22A-43E0-BF4C-06F5698FFBD9}","Signed":"true","UtcTime":"2020-10-13 04:26:28.721","port":61041,"Severity":"INFO","tags":["mordorDataset"],"Task":7,"SourceModuleType":"im_msvistalog","OpcodeValue":0,"EventType":"INFO","ExecutionProcessID":3592,"Opcode":"Info","SourceName":"Microsoft-Windows-Sysmon","Product":"Microsoft® Windows® Operating System","Keywords":-9223372036854775808,"FileVersion":"10.0.18362.1 (WinBuild.160101.0800)","EventID":7,"Domain":"NT AUTHORITY","Category":"Image loaded (rule: ImageLoad)","OriginalFileName":"fastprox.dll","@version":"1","AccountName":"SYSTEM","ProcessGuid":"{37c5a1b2-2c74-5f85-3203-000000000400}","host":"wec.internal.cloudapp.net","Hashes":"SHA1=EC1D3D11835E845616264EC5DB8C1F64A5F5D9F9,MD5=18EB21F581376F1DE995FC8EEACD9C52,SHA256=C2B08EA50344FFA822EC7594C0EC7237416465B444F0FE90D6889A0126898FD8,IMPHASH=826E98CB0ED4EFA13382853984A1F38C","SeverityValue":2,"EventTime":"2020-10-13 00:26:28","Message":"Image loaded:\r\nRuleName: -\r\nUtcTime: 2020-10-13 04:26:28.721\r\nProcessGuid: {37c5a1b2-2c74-5f85-3203-000000000400}\r\nProcessId: 2440\r\nImage: C:\\Windows\\System32\\wbem\\WmiPrvSE.exe\r\nImageLoaded: C:\\Windows\\System32\\wbem\\fastprox.dll\r\nFileVersion: 10.0.18362.1 (WinBuild.160101.0800)\r\nDescription: WMI Custom Marshaller\r\nProduct: Microsoft® Windows® Operating System\r\nCompany: Microsoft Corporation\r\nOriginalFileName: fastprox.dll\r\nHashes: SHA1=EC1D3D11835E845616264EC5DB8C1F64A5F5D9F9,MD5=18EB21F581376F1DE995FC8EEACD9C52,SHA256=C2B08EA50344FFA822EC7594C0EC7237416465B444F0FE90D6889A0126898FD8,IMPHASH=826E98CB0ED4EFA13382853984A1F38C\r\nSigned: true\r\nSignature: Microsoft Windows\r\nSignatureStatus: Valid","SourceModuleName":"eventlog","AccountType":"User","Signature":"Microsoft Windows"}
{"RuleName":"-","@timestamp":"2020-10-13T04:26:29.072Z","SignatureStatus":"Unavailable","Channel":"Microsoft-Windows-Sysmon/Operational","UserID":"S-1-5-18","RecordNumber":386359,"ThreadID":3216,"Image":"C:\\Users\\pgustavo\\Desktop\\GruntHTTP.exe","ProcessId":"3356","Company":"Microsoft Corporation","Version":3,"Hostname":"WORKSTATION5.theshire.local","ImageLoaded":"C:\\Windows\\assembly\\NativeImages_v4.0.30319_64\\System.Dired13b18a9#\\8dec2e61ad04c10113f4445a402ed411\\System.DirectoryServices.ni.dll","Description":".NET Framework","EventReceivedTime":"2020-10-13 00:26:29","ProviderGuid":"{5770385F-C22A-43E0-BF4C-06F5698FFBD9}","Signed":"false","UtcTime":"2020-10-13 04:26:28.316","port":61041,"Severity":"INFO","tags":["mordorDataset"],"Task":7,"SourceModuleType":"im_msvistalog","OpcodeValue":0,"EventType":"INFO","ExecutionProcessID":3312,"Opcode":"Info","SourceName":"Microsoft-Windows-Sysmon","Product":"Microsoft® .NET Framework","Keywords":-9223372036854775808,"FileVersion":"4.8.3752.0 built by: NET48REL1","EventID":7,"Domain":"NT AUTHORITY","Category":"Image loaded (rule: ImageLoad)","OriginalFileName":"System.DirectoryServices.dll","@version":"1","AccountName":"SYSTEM","ProcessGuid":"{71b87c12-d7e5-5f84-0d01-000000000500}","host":"wec.internal.cloudapp.net","Hashes":"SHA1=059BBC25290E43A80807842771970B90E6CEA596,MD5=B5EA8C9F6543FEA523960FFC0CBCFF1F,SHA256=5F87C9001D1DDAA91BD04E69D9046ACBCDCE40F4CF19343A89B220845B3FC9C5,IMPHASH=00000000000000000000000000000000","SeverityValue":2,"EventTime":"2020-10-13 00:26:28","Message":"Image loaded:\r\nRuleName: -\r\nUtcTime: 2020-10-13 04:26:28.316\r\nProcessGuid: {71b87c12-d7e5-5f84-0d01-000000000500}\r\nProcessId: 3356\r\nImage: C:\\Users\\pgustavo\\Desktop\\GruntHTTP.exe\r\nImageLoaded: C:\\Windows\\assembly\\NativeImages_v4.0.30319_64\\System.Dired13b18a9#\\8dec2e61ad04c10113f4445a402ed411\\System.DirectoryServices.ni.dll\r\nFileVersion: 4.8.3752.0 built by: NET48REL1\r\nDescription: .NET Framework\r\nProduct: Microsoft® .NET Framework\r\nCompany: Microsoft Corporation\r\nOriginalFileName: System.DirectoryServices.dll\r\nHashes: SHA1=059BBC25290E43A80807842771970B90E6CEA596,MD5=B5EA8C9F6543FEA523960FFC0CBCFF1F,SHA256=5F87C9001D1DDAA91BD04E69D9046ACBCDCE40F4CF19343A89B220845B3FC9C5,IMPHASH=00000000000000000000000000000000\r\nSigned: false\r\nSignature: -\r\nSignatureStatus: Unavailable","SourceModuleName":"eventlog","AccountType":"User","Signature":"-"}
{"RuleName":"-","@timestamp":"2020-10-13T04:26:29.073Z","SignatureStatus":"Valid","Channel":"Microsoft-Windows-Sysmon/Operational","UserID":"S-1-5-18","RecordNumber":205398,"ThreadID":4780,"Image":"C:\\Windows\\System32\\wbem\\WmiPrvSE.exe","ProcessId":"2440","Company":"Microsoft Corporation","Version":3,"Hostname":"WORKSTATION6.theshire.local","ImageLoaded":"C:\\Windows\\System32\\combase.dll","Description":"Microsoft COM for Windows","EventReceivedTime":"2020-10-13 00:26:29","ProviderGuid":"{5770385F-C22A-43E0-BF4C-06F5698FFBD9}","Signed":"true","UtcTime":"2020-10-13 04:26:28.721","port":61041,"Severity":"INFO","tags":["mordorDataset"],"Task":7,"SourceModuleType":"im_msvistalog","OpcodeValue":0,"EventType":"INFO","ExecutionProcessID":3592,"Opcode":"Info","SourceName":"Microsoft-Windows-Sysmon","Product":"Microsoft® Windows® Operating System","Keywords":-9223372036854775808,"FileVersion":"10.0.18362.1082 (WinBuild.160101.0800)","EventID":7,"Domain":"NT AUTHORITY","Category":"Image loaded (rule: ImageLoad)","OriginalFileName":"COMBASE.DLL","@version":"1","AccountName":"SYSTEM","ProcessGuid":"{37c5a1b2-2c74-5f85-3203-000000000400}","host":"wec.internal.cloudapp.net","Hashes":"SHA1=03829F72B93B3DA8A5778A295948F2F967A8AD9A,MD5=655C13F8AA80901935F1086709E27812,SHA256=28D91C9176D50DBC4939BB21BB00DDB17B1C589EEB9E058533E6AA125E86FA4F,IMPHASH=D1A511866766E387FD0DAF3ACBB54B12","SeverityValue":2,"EventTime":"2020-10-13 00:26:28","Message":"Image loaded:\r\nRuleName: -\r\nUtcTime: 2020-10-13 04:26:28.721\r\nProcessGuid: {37c5a1b2-2c74-5f85-3203-000000000400}\r\nProcessId: 2440\r\nImage: C:\\Windows\\System32\\wbem\\WmiPrvSE.exe\r\nImageLoaded: C:\\Windows\\System32\\combase.dll\r\nFileVersion: 10.0.18362.1082 (WinBuild.160101.0800)\r\nDescription: Microsoft COM for Windows\r\nProduct: Microsoft® Windows® Operating System\r\nCompany: Microsoft Corporation\r\nOriginalFileName: COMBASE.DLL\r\nHashes: SHA1=03829F72B93B3DA8A5778A295948F2F967A8AD9A,MD5=655C13F8AA80901935F1086709E27812,SHA256=28D91C9176D50DBC4939BB21BB00DDB17B1C589EEB9E058533E6AA125E86FA4F,IMPHASH=D1A511866766E387FD0DAF3ACBB54B12\r\nSigned: true\r\nSignature: Microsoft Windows\r\nSignatureStatus: Valid","SourceModuleName":"eventlog","AccountType":"User","Signature":"Microsoft Windows"}
{"RuleName":"-","@timestamp":"2020-10-13T04:26:29.073Z","SignatureStatus":"Unavailable","Channel":"Microsoft-Windows-Sysmon/Operational","UserID":"S-1-5-18","RecordNumber":386360,"ThreadID":3216,"Image":"C:\\Users\\pgustavo\\Desktop\\GruntHTTP.exe","ProcessId":"3356","Company":"Microsoft Corporation","Version":3,"Hostname":"WORKSTATION5.theshire.local","ImageLoaded":"C:\\Windows\\assembly\\NativeImages_v4.0.30319_64\\System.Numerics\\c8552275efa9cb39de1e86da5624f2d8\\System.Numerics.ni.dll","Description":".NET Framework","EventReceivedTime":"2020-10-13 00:26:29","ProviderGuid":"{5770385F-C22A-43E0-BF4C-06F5698FFBD9}","Signed":"false","UtcTime":"2020-10-13 04:26:28.332","port":61041,"Severity":"INFO","tags":["mordorDataset"],"Task":7,"SourceModuleType":"im_msvistalog","OpcodeValue":0,"EventType":"INFO","ExecutionProcessID":3312,"Opcode":"Info","SourceName":"Microsoft-Windows-Sysmon","Product":"Microsoft® .NET Framework","Keywords":-9223372036854775808,"FileVersion":"4.8.3752.0 built by: NET48REL1","EventID":7,"Domain":"NT AUTHORITY","Category":"Image loaded (rule: ImageLoad)","OriginalFileName":"System.Numerics.dll","@version":"1","AccountName":"SYSTEM","ProcessGuid":"{71b87c12-d7e5-5f84-0d01-000000000500}","host":"wec.internal.cloudapp.net","Hashes":"SHA1=8587E701798325102B8794010406E2E22292C722,MD5=285BDCFFCCA88B56A61EADB81CD5BD3E,SHA256=4F9973A5A1F7B945E856C63884C1B405BA8201A1BDDD1A43F48707247916C2D3,IMPHASH=00000000000000000000000000000000","SeverityValue":2,"EventTime":"2020-10-13 00:26:28","Message":"Image loaded:\r\nRuleName: -\r\nUtcTime: 2020-10-13 04:26:28.332\r\nProcessGuid: {71b87c12-d7e5-5f84-0d01-000000000500}\r\nProcessId: 3356\r\nImage: C:\\Users\\pgustavo\\Desktop\\GruntHTTP.exe\r\nImageLoaded: C:\\Windows\\assembly\\NativeImages_v4.0.30319_64\\System.Numerics\\c8552275efa9cb39de1e86da5624f2d8\\System.Numerics.ni.dll\r\nFileVersion: 4.8.3752.0 built by: NET48REL1\r\nDescription: .NET Framework\r\nProduct: Microsoft® .NET Framework\r\nCompany: Microsoft Corporation\r\nOriginalFileName: System.Numerics.dll\r\nHashes: SHA1=8587E701798325102B8794010406E2E22292C722,MD5=285BDCFFCCA88B56A61EADB81CD5BD3E,SHA256=4F9973A5A1F7B945E856C63884C1B405BA8201A1BDDD1A43F48707247916C2D3,IMPHASH=00000000000000000000000000000000\r\nSigned: false\r\nSignature: -\r\nSignatureStatus: Unavailable","SourceModuleName":"eventlog","AccountType":"User","Signature":"-"}
{"RuleName":"-","@timestamp":"2020-10-13T04:26:29.074Z","SignatureStatus":"Valid","Channel":"Microsoft-Windows-Sysmon/Operational","UserID":"S-1-5-18","RecordNumber":205399,"ThreadID":4780,"Image":"C:\\Windows\\System32\\wbem\\WmiPrvSE.exe","ProcessId":"2440","Company":"Microsoft Corporation","Version":3,"Hostname":"WORKSTATION6.theshire.local","ImageLoaded":"C:\\Windows\\System32\\ucrtbase.dll","Description":"Microsoft® C Runtime Library","EventReceivedTime":"2020-10-13 00:26:29","ProviderGuid":"{5770385F-C22A-43E0-BF4C-06F5698FFBD9}","Signed":"true","UtcTime":"2020-10-13 04:26:28.721","port":61041,"Severity":"INFO","tags":["mordorDataset"],"Task":7,"SourceModuleType":"im_msvistalog","OpcodeValue":0,"EventType":"INFO","ExecutionProcessID":3592,"Opcode":"Info","SourceName":"Microsoft-Windows-Sysmon","Product":"Microsoft® Windows® Operating System","Keywords":-9223372036854775808,"FileVersion":"10.0.18362.815 (WinBuild.160101.0800)","EventID":7,"Domain":"NT AUTHORITY","Category":"Image loaded (rule: ImageLoad)","OriginalFileName":"ucrtbase.dll","@version":"1","AccountName":"SYSTEM","ProcessGuid":"{37c5a1b2-2c74-5f85-3203-000000000400}","host":"wec.internal.cloudapp.net","Hashes":"SHA1=53F8B431D10FDB2C001D58120280A417B01073BE,MD5=F0DA14E390F0CCB58EAAD34D9B309E4B,SHA256=7EE229626B22799FAA28CD7C22D4FF2AD0603C17E5F5EE9086FA7CF6483331FB,IMPHASH=5AE9A136FAFA10321F3D48251BF4F6A1","SeverityValue":2,"EventTime":"2020-10-13 00:26:28","Message":"Image loaded:\r\nRuleName: -\r\nUtcTime: 2020-10-13 04:26:28.721\r\nProcessGuid: {37c5a1b2-2c74-5f85-3203-000000000400}\r\nProcessId: 2440\r\nImage: C:\\Windows\\System32\\wbem\\WmiPrvSE.exe\r\nImageLoaded: C:\\Windows\\System32\\ucrtbase.dll\r\nFileVersion: 10.0.18362.815 (WinBuild.160101.0800)\r\nDescription: Microsoft® C Runtime Library\r\nProduct: Microsoft® Windows® Operating System\r\nCompany: Microsoft Corporation\r\nOriginalFileName: ucrtbase.dll\r\nHashes: SHA1=53F8B431D10FDB2C001D58120280A417B01073BE,MD5=F0DA14E390F0CCB58EAAD34D9B309E4B,SHA256=7EE229626B22799FAA28CD7C22D4FF2AD0603C17E5F5EE9086FA7CF6483331FB,IMPHASH=5AE9A136FAFA10321F3D48251BF4F6A1\r\nSigned: true\r\nSignature: Microsoft Windows\r\nSignatureStatus: Valid","SourceModuleName":"eventlog","AccountType":"User","Signature":"Microsoft Windows"}
{"RuleName":"-","@timestamp":"2020-10-13T04:26:29.074Z","SignatureStatus":"Unavailable","Channel":"Microsoft-Windows-Sysmon/Operational","UserID":"S-1-5-18","RecordNumber":386361,"ThreadID":3216,"Image":"C:\\Users\\pgustavo\\Desktop\\GruntHTTP.exe","ProcessId":"3356","Company":"Microsoft Corporation","Version":3,"Hostname":"WORKSTATION5.theshire.local","ImageLoaded":"C:\\Windows\\assembly\\NativeImages_v4.0.30319_64\\System.Transactions\\617cf3ac26f5a6a6bcea580203f74b6a\\System.Transactions.ni.dll","Description":".NET Framework","EventReceivedTime":"2020-10-13 00:26:29","ProviderGuid":"{5770385F-C22A-43E0-BF4C-06F5698FFBD9}","Signed":"false","UtcTime":"2020-10-13 04:26:28.363","port":61041,"Severity":"INFO","tags":["mordorDataset"],"Task":7,"SourceModuleType":"im_msvistalog","OpcodeValue":0,"EventType":"INFO","ExecutionProcessID":3312,"Opcode":"Info","SourceName":"Microsoft-Windows-Sysmon","Product":"Microsoft® .NET Framework","Keywords":-9223372036854775808,"FileVersion":"4.8.3752.0 built by: NET48REL1","EventID":7,"Domain":"NT AUTHORITY","Category":"Image loaded (rule: ImageLoad)","OriginalFileName":"system.transactions.dll","@version":"1","AccountName":"SYSTEM","ProcessGuid":"{71b87c12-d7e5-5f84-0d01-000000000500}","host":"wec.internal.cloudapp.net","Hashes":"SHA1=BE15F372AAC2B3ED3AB532E7D225D3908F426ADE,MD5=02AAC4AF2A8921A75435FC8A342D8392,SHA256=D2B0BDA5C5B8CC68EE4E666527A00D68A78F87CC78EE2580D7F56CE20ECFBA1D,IMPHASH=00000000000000000000000000000000","SeverityValue":2,"EventTime":"2020-10-13 00:26:28","Message":"Image loaded:\r\nRuleName: -\r\nUtcTime: 2020-10-13 04:26:28.363\r\nProcessGuid: {71b87c12-d7e5-5f84-0d01-000000000500}\r\nProcessId: 3356\r\nImage: C:\\Users\\pgustavo\\Desktop\\GruntHTTP.exe\r\nImageLoaded: C:\\Windows\\assembly\\NativeImages_v4.0.30319_64\\System.Transactions\\617cf3ac26f5a6a6bcea580203f74b6a\\System.Transactions.ni.dll\r\nFileVersion: 4.8.3752.0 built by: NET48REL1\r\nDescription: .NET Framework\r\nProduct: Microsoft® .NET Framework\r\nCompany: Microsoft Corporation\r\nOriginalFileName: system.transactions.dll\r\nHashes: SHA1=BE15F372AAC2B3ED3AB532E7D225D3908F426ADE,MD5=02AAC4AF2A8921A75435FC8A342D8392,SHA256=D2B0BDA5C5B8CC68EE4E666527A00D68A78F87CC78EE2580D7F56CE20ECFBA1D,IMPHASH=00000000000000000000000000000000\r\nSigned: false\r\nSignature: -\r\nSignatureStatus: Unavailable","SourceModuleName":"eventlog","AccountType":"User","Signature":"-"}
{"RuleName":"-","@timestamp":"2020-10-13T04:26:29.074Z","SignatureStatus":"Valid","Channel":"Microsoft-Windows-Sysmon/Operational","UserID":"S-1-5-18","RecordNumber":205400,"ThreadID":4780,"Image":"C:\\Windows\\System32\\wbem\\WmiPrvSE.exe","ProcessId":"2440","Company":"Microsoft Corporation","Version":3,"Hostname":"WORKSTATION6.theshire.local","ImageLoaded":"C:\\Windows\\System32\\rpcrt4.dll","Description":"Remote Procedure Call Runtime","EventReceivedTime":"2020-10-13 00:26:29","ProviderGuid":"{5770385F-C22A-43E0-BF4C-06F5698FFBD9}","Signed":"true","UtcTime":"2020-10-13 04:26:28.721","port":61041,"Severity":"INFO","tags":["mordorDataset"],"Task":7,"SourceModuleType":"im_msvistalog","OpcodeValue":0,"EventType":"INFO","ExecutionProcessID":3592,"Opcode":"Info","SourceName":"Microsoft-Windows-Sysmon","Product":"Microsoft® Windows® Operating System","Keywords":-9223372036854775808,"FileVersion":"10.0.18362.1082 (WinBuild.160101.0800)","EventID":7,"Domain":"NT AUTHORITY","Category":"Image loaded (rule: ImageLoad)","OriginalFileName":"rpcrt4.dll","@version":"1","AccountName":"SYSTEM","ProcessGuid":"{37c5a1b2-2c74-5f85-3203-000000000400}","host":"wec.internal.cloudapp.net","Hashes":"SHA1=863C24BD6E91FDCDEDE1124EFC93FDD1564F0C23,MD5=61C41B28689BB516F1CFC880507C839B,SHA256=DAF391DB91AC04B50A0C896963F5120A52C8B1B4999BF37BE80AB025AB116700,IMPHASH=88E7E7C7FA90052EC162DD37F2B7C7BD","SeverityValue":2,"EventTime":"2020-10-13 00:26:28","Message":"Image loaded:\r\nRuleName: -\r\nUtcTime: 2020-10-13 04:26:28.721\r\nProcessGuid: {37c5a1b2-2c74-5f85-3203-000000000400}\r\nProcessId: 2440\r\nImage: C:\\Windows\\System32\\wbem\\WmiPrvSE.exe\r\nImageLoaded: C:\\Windows\\System32\\rpcrt4.dll\r\nFileVersion: 10.0.18362.1082 (WinBuild.160101.0800)\r\nDescription: Remote Procedure Call Runtime\r\nProduct: Microsoft® Windows® Operating System\r\nCompany: Microsoft Corporation\r\nOriginalFileName: rpcrt4.dll\r\nHashes: SHA1=863C24BD6E91FDCDEDE1124EFC93FDD1564F0C23,MD5=61C41B28689BB516F1CFC880507C839B,SHA256=DAF391DB91AC04B50A0C896963F5120A52C8B1B4999BF37BE80AB025AB116700,IMPHASH=88E7E7C7FA90052EC162DD37F2B7C7BD\r\nSigned: true\r\nSignature: Microsoft Windows\r\nSignatureStatus: Valid","SourceModuleName":"eventlog","AccountType":"User","Signature":"Microsoft Windows"}
{"RuleName":"-","@timestamp":"2020-10-13T04:26:29.075Z","SignatureStatus":"Valid","Channel":"Microsoft-Windows-Sysmon/Operational","UserID":"S-1-5-18","RecordNumber":386362,"ThreadID":3216,"Image":"C:\\Users\\pgustavo\\Desktop\\GruntHTTP.exe","ProcessId":"3356","Company":"Microsoft Corporation","Version":3,"Hostname":"WORKSTATION5.theshire.local","ImageLoaded":"C:\\Windows\\Microsoft.NET\\assembly\\GAC_64\\System.Transactions\\v4.0_4.0.0.0__b77a5c561934e089\\System.Transactions.dll","Description":".NET Framework","EventReceivedTime":"2020-10-13 00:26:29","ProviderGuid":"{5770385F-C22A-43E0-BF4C-06F5698FFBD9}","Signed":"true","UtcTime":"2020-10-13 04:26:28.363","port":61041,"Severity":"INFO","tags":["mordorDataset"],"Task":7,"SourceModuleType":"im_msvistalog","OpcodeValue":0,"EventType":"INFO","ExecutionProcessID":3312,"Opcode":"Info","SourceName":"Microsoft-Windows-Sysmon","Product":"Microsoft® .NET Framework","Keywords":-9223372036854775808,"FileVersion":"4.8.3752.0 built by: NET48REL1","EventID":7,"Domain":"NT AUTHORITY","Category":"Image loaded (rule: ImageLoad)","OriginalFileName":"system.transactions.dll","@version":"1","AccountName":"SYSTEM","ProcessGuid":"{71b87c12-d7e5-5f84-0d01-000000000500}","host":"wec.internal.cloudapp.net","Hashes":"SHA1=6E80248FAA4F43FC7E532ABB2B8BDD78D9769600,MD5=5A776842CAE054D8D7C1ACB7A582E3CC,SHA256=2FD72F0AD516158E0DFBBC31C114F685D1B117318F9F184A2AF903744F1107AB,IMPHASH=1C67DA46DE146D5C03F7C75A4E4CCCA4","SeverityValue":2,"EventTime":"2020-10-13 00:26:28","Message":"Image loaded:\r\nRuleName: -\r\nUtcTime: 2020-10-13 04:26:28.363\r\nProcessGuid: {71b87c12-d7e5-5f84-0d01-000000000500}\r\nProcessId: 3356\r\nImage: C:\\Users\\pgustavo\\Desktop\\GruntHTTP.exe\r\nImageLoaded: C:\\Windows\\Microsoft.NET\\assembly\\GAC_64\\System.Transactions\\v4.0_4.0.0.0__b77a5c561934e089\\System.Transactions.dll\r\nFileVersion: 4.8.3752.0 built by: NET48REL1\r\nDescription: .NET Framework\r\nProduct: Microsoft® .NET Framework\r\nCompany: Microsoft Corporation\r\nOriginalFileName: system.transactions.dll\r\nHashes: SHA1=6E80248FAA4F43FC7E532ABB2B8BDD78D9769600,MD5=5A776842CAE054D8D7C1ACB7A582E3CC,SHA256=2FD72F0AD516158E0DFBBC31C114F685D1B117318F9F184A2AF903744F1107AB,IMPHASH=1C67DA46DE146D5C03F7C75A4E4CCCA4\r\nSigned: true\r\nSignature: Microsoft Corporation\r\nSignatureStatus: Valid","SourceModuleName":"eventlog","AccountType":"User","Signature":"Microsoft Corporation"}
{"RuleName":"-","@timestamp":"2020-10-13T04:26:29.075Z","SignatureStatus":"Valid","Channel":"Microsoft-Windows-Sysmon/Operational","UserID":"S-1-5-18","RecordNumber":205401,"ThreadID":4780,"Image":"C:\\Windows\\System32\\wbem\\WmiPrvSE.exe","ProcessId":"2440","Company":"Microsoft Corporation","Version":3,"Hostname":"WORKSTATION6.theshire.local","ImageLoaded":"C:\\Windows\\System32\\bcryptprimitives.dll","Description":"Windows Cryptographic Primitives Library","EventReceivedTime":"2020-10-13 00:26:29","ProviderGuid":"{5770385F-C22A-43E0-BF4C-06F5698FFBD9}","Signed":"true","UtcTime":"2020-10-13 04:26:28.721","port":61041,"Severity":"INFO","tags":["mordorDataset"],"Task":7,"SourceModuleType":"im_msvistalog","OpcodeValue":0,"EventType":"INFO","ExecutionProcessID":3592,"Opcode":"Info","SourceName":"Microsoft-Windows-Sysmon","Product":"Microsoft® Windows® Operating System","Keywords":-9223372036854775808,"FileVersion":"10.0.18362.836 (WinBuild.160101.0800)","EventID":7,"Domain":"NT AUTHORITY","Category":"Image loaded (rule: ImageLoad)","OriginalFileName":"bcryptprimitives.dll","@version":"1","AccountName":"SYSTEM","ProcessGuid":"{37c5a1b2-2c74-5f85-3203-000000000400}","host":"wec.internal.cloudapp.net","Hashes":"SHA1=B4222C8DC3274CFC3FE54F322D827B2F01FFF036,MD5=EF2BBEAFF07D32A2EC77FB4602FA9664,SHA256=6B47F3E88CDEDF8F31F91940E38A4544818C79D153323262F9F46B21F41D262C,IMPHASH=402DA460E2AC467F4489C588A9941032","SeverityValue":2,"EventTime":"2020-10-13 00:26:28","Message":"Image loaded:\r\nRuleName: -\r\nUtcTime: 2020-10-13 04:26:28.721\r\nProcessGuid: {37c5a1b2-2c74-5f85-3203-000000000400}\r\nProcessId: 2440\r\nImage: C:\\Windows\\System32\\wbem\\WmiPrvSE.exe\r\nImageLoaded: C:\\Windows\\System32\\bcryptprimitives.dll\r\nFileVersion: 10.0.18362.836 (WinBuild.160101.0800)\r\nDescription: Windows Cryptographic Primitives Library\r\nProduct: Microsoft® Windows® Operating System\r\nCompany: Microsoft Corporation\r\nOriginalFileName: bcryptprimitives.dll\r\nHashes: SHA1=B4222C8DC3274CFC3FE54F322D827B2F01FFF036,MD5=EF2BBEAFF07D32A2EC77FB4602FA9664,SHA256=6B47F3E88CDEDF8F31F91940E38A4544818C79D153323262F9F46B21F41D262C,IMPHASH=402DA460E2AC467F4489C588A9941032\r\nSigned: true\r\nSignature: Microsoft Windows\r\nSignatureStatus: Valid","SourceModuleName":"eventlog","AccountType":"User","Signature":"Microsoft Windows"}
{"RuleName":"-","@timestamp":"2020-10-13T04:26:29.076Z","SignatureStatus":"Valid","Channel":"Microsoft-Windows-Sysmon/Operational","UserID":"S-1-5-18","RecordNumber":386363,"ThreadID":3216,"Image":"C:\\Users\\pgustavo\\Desktop\\GruntHTTP.exe","ProcessId":"3356","Company":"Microsoft Corporation","Version":3,"Hostname":"WORKSTATION5.theshire.local","ImageLoaded":"C:\\Windows\\System32\\sxs.dll","Description":"Fusion 2.5","EventReceivedTime":"2020-10-13 00:26:29","ProviderGuid":"{5770385F-C22A-43E0-BF4C-06F5698FFBD9}","Signed":"true","UtcTime":"2020-10-13 04:26:28.425","port":61041,"Severity":"INFO","tags":["mordorDataset"],"Task":7,"SourceModuleType":"im_msvistalog","OpcodeValue":0,"EventType":"INFO","ExecutionProcessID":3312,"Opcode":"Info","SourceName":"Microsoft-Windows-Sysmon","Product":"Microsoft® Windows® Operating System","Keywords":-9223372036854775808,"FileVersion":"10.0.18362.719 (WinBuild.160101.0800)","EventID":7,"Domain":"NT AUTHORITY","Category":"Image loaded (rule: ImageLoad)","OriginalFileName":"SXS.DLL","@version":"1","AccountName":"SYSTEM","ProcessGuid":"{71b87c12-d7e5-5f84-0d01-000000000500}","host":"wec.internal.cloudapp.net","Hashes":"SHA1=1110A9AACDF5EDCFABF037A0A209FC71C8A18203,MD5=568476BC28A516F8DB70ABF3EB944F96,SHA256=96FAF5D1ADB3CF056CA7F48242058534EAE641FB88F53C4F9CCB5ED68C0C4CDF,IMPHASH=D862FCE5077DFE4E06485A219A56323D","SeverityValue":2,"EventTime":"2020-10-13 00:26:28","Message":"Image loaded:\r\nRuleName: -\r\nUtcTime: 2020-10-13 04:26:28.425\r\nProcessGuid: {71b87c12-d7e5-5f84-0d01-000000000500}\r\nProcessId: 3356\r\nImage: C:\\Users\\pgustavo\\Desktop\\GruntHTTP.exe\r\nImageLoaded: C:\\Windows\\System32\\sxs.dll\r\nFileVersion: 10.0.18362.719 (WinBuild.160101.0800)\r\nDescription: Fusion 2.5\r\nProduct: Microsoft® Windows® Operating System\r\nCompany: Microsoft Corporation\r\nOriginalFileName: SXS.DLL\r\nHashes: SHA1=1110A9AACDF5EDCFABF037A0A209FC71C8A18203,MD5=568476BC28A516F8DB70ABF3EB944F96,SHA256=96FAF5D1ADB3CF056CA7F48242058534EAE641FB88F53C4F9CCB5ED68C0C4CDF,IMPHASH=D862FCE5077DFE4E06485A219A56323D\r\nSigned: true\r\nSignature: Microsoft Windows\r\nSignatureStatus: Valid","SourceModuleName":"eventlog","AccountType":"User","Signature":"Microsoft Windows"}
{"RuleName":"-","@timestamp":"2020-10-13T04:26:29.076Z","SignatureStatus":"Valid","Channel":"Microsoft-Windows-Sysmon/Operational","UserID":"S-1-5-18","RecordNumber":205402,"ThreadID":4780,"Image":"C:\\Windows\\System32\\wbem\\WmiPrvSE.exe","ProcessId":"2440","Company":"Microsoft Corporation","Version":3,"Hostname":"WORKSTATION6.theshire.local","ImageLoaded":"C:\\Windows\\System32\\wbemcomn.dll","Description":"WMI","EventReceivedTime":"2020-10-13 00:26:29","ProviderGuid":"{5770385F-C22A-43E0-BF4C-06F5698FFBD9}","Signed":"true","UtcTime":"2020-10-13 04:26:28.721","port":61041,"Severity":"INFO","tags":["mordorDataset"],"Task":7,"SourceModuleType":"im_msvistalog","OpcodeValue":0,"EventType":"INFO","ExecutionProcessID":3592,"Opcode":"Info","SourceName":"Microsoft-Windows-Sysmon","Product":"Microsoft® Windows® Operating System","Keywords":-9223372036854775808,"FileVersion":"10.0.18362.1 (WinBuild.160101.0800)","EventID":7,"Domain":"NT AUTHORITY","Category":"Image loaded (rule: ImageLoad)","OriginalFileName":"wbemcomn.dll","@version":"1","AccountName":"SYSTEM","ProcessGuid":"{37c5a1b2-2c74-5f85-3203-000000000400}","host":"wec.internal.cloudapp.net","Hashes":"SHA1=55E3CFD45165D85D68E41DCFA8CDEE7A49748535,MD5=AF1FF79545FD839C3DD08BE291DCDFA0,SHA256=5E3CA3FB6DF4300CE08FAA4DDE075E0289546FA22091C11B2041A2F326B4CF6B,IMPHASH=1DA3FF19E9F7A598F95DC9DD3B4992F3","SeverityValue":2,"EventTime":"2020-10-13 00:26:28","Message":"Image loaded:\r\nRuleName: -\r\nUtcTime: 2020-10-13 04:26:28.721\r\nProcessGuid: {37c5a1b2-2c74-5f85-3203-000000000400}\r\nProcessId: 2440\r\nImage: C:\\Windows\\System32\\wbem\\WmiPrvSE.exe\r\nImageLoaded: C:\\Windows\\System32\\wbemcomn.dll\r\nFileVersion: 10.0.18362.1 (WinBuild.160101.0800)\r\nDescription: WMI\r\nProduct: Microsoft® Windows® Operating System\r\nCompany: Microsoft Corporation\r\nOriginalFileName: wbemcomn.dll\r\nHashes: SHA1=55E3CFD45165D85D68E41DCFA8CDEE7A49748535,MD5=AF1FF79545FD839C3DD08BE291DCDFA0,SHA256=5E3CA3FB6DF4300CE08FAA4DDE075E0289546FA22091C11B2041A2F326B4CF6B,IMPHASH=1DA3FF19E9F7A598F95DC9DD3B4992F3\r\nSigned: true\r\nSignature: Microsoft Windows\r\nSignatureStatus: Valid","SourceModuleName":"eventlog","AccountType":"User","Signature":"Microsoft Windows"}
{"RuleName":"-","@timestamp":"2020-10-13T04:26:29.077Z","SignatureStatus":"Valid","Channel":"Microsoft-Windows-Sysmon/Operational","UserID":"S-1-5-18","RecordNumber":205403,"ThreadID":4780,"Image":"C:\\Windows\\System32\\wbem\\WmiPrvSE.exe","ProcessId":"2440","Company":"Microsoft Corporation","Version":3,"Hostname":"WORKSTATION6.theshire.local","ImageLoaded":"C:\\Windows\\System32\\wbemcomn.dll","Description":"WMI","EventReceivedTime":"2020-10-13 00:26:29","ProviderGuid":"{5770385F-C22A-43E0-BF4C-06F5698FFBD9}","Signed":"true","UtcTime":"2020-10-13 04:26:28.721","port":61041,"Severity":"INFO","tags":["mordorDataset"],"Task":7,"SourceModuleType":"im_msvistalog","OpcodeValue":0,"EventType":"INFO","ExecutionProcessID":3592,"Opcode":"Info","SourceName":"Microsoft-Windows-Sysmon","Product":"Microsoft® Windows® Operating System","Keywords":-9223372036854775808,"FileVersion":"10.0.18362.1 (WinBuild.160101.0800)","EventID":7,"Domain":"NT AUTHORITY","Category":"Image loaded (rule: ImageLoad)","OriginalFileName":"wbemcomn.dll","@version":"1","AccountName":"SYSTEM","ProcessGuid":"{37c5a1b2-2c74-5f85-3203-000000000400}","host":"wec.internal.cloudapp.net","Hashes":"SHA1=55E3CFD45165D85D68E41DCFA8CDEE7A49748535,MD5=AF1FF79545FD839C3DD08BE291DCDFA0,SHA256=5E3CA3FB6DF4300CE08FAA4DDE075E0289546FA22091C11B2041A2F326B4CF6B,IMPHASH=1DA3FF19E9F7A598F95DC9DD3B4992F3","SeverityValue":2,"EventTime":"2020-10-13 00:26:28","Message":"Image loaded:\r\nRuleName: -\r\nUtcTime: 2020-10-13 04:26:28.721\r\nProcessGuid: {37c5a1b2-2c74-5f85-3203-000000000400}\r\nProcessId: 2440\r\nImage: C:\\Windows\\System32\\wbem\\WmiPrvSE.exe\r\nImageLoaded: C:\\Windows\\System32\\wbemcomn.dll\r\nFileVersion: 10.0.18362.1 (WinBuild.160101.0800)\r\nDescription: WMI\r\nProduct: Microsoft® Windows® Operating System\r\nCompany: Microsoft Corporation\r\nOriginalFileName: wbemcomn.dll\r\nHashes: SHA1=55E3CFD45165D85D68E41DCFA8CDEE7A49748535,MD5=AF1FF79545FD839C3DD08BE291DCDFA0,SHA256=5E3CA3FB6DF4300CE08FAA4DDE075E0289546FA22091C11B2041A2F326B4CF6B,IMPHASH=1DA3FF19E9F7A598F95DC9DD3B4992F3\r\nSigned: true\r\nSignature: Microsoft Windows\r\nSignatureStatus: Valid","SourceModuleName":"eventlog","AccountType":"User","Signature":"Microsoft Windows"}
{"RuleName":"-","@timestamp":"2020-10-13T04:26:29.077Z","SignatureStatus":"Valid","Channel":"Microsoft-Windows-Sysmon/Operational","UserID":"S-1-5-18","RecordNumber":386364,"ThreadID":3216,"Image":"C:\\Users\\pgustavo\\Desktop\\GruntHTTP.exe","ProcessId":"3356","Company":"Microsoft Corporation","Version":3,"Hostname":"WORKSTATION5.theshire.local","ImageLoaded":"C:\\Windows\\System32\\WsmAuto.dll","Description":"WSMAN Automation","EventReceivedTime":"2020-10-13 00:26:29","ProviderGuid":"{5770385F-C22A-43E0-BF4C-06F5698FFBD9}","Signed":"true","UtcTime":"2020-10-13 04:26:28.425","port":61041,"Severity":"INFO","tags":["mordorDataset"],"Task":7,"SourceModuleType":"im_msvistalog","OpcodeValue":0,"EventType":"INFO","ExecutionProcessID":3312,"Opcode":"Info","SourceName":"Microsoft-Windows-Sysmon","Product":"Microsoft® Windows® Operating System","Keywords":-9223372036854775808,"FileVersion":"10.0.18362.997 (WinBuild.160101.0800)","EventID":7,"Domain":"NT AUTHORITY","Category":"Image loaded (rule: ImageLoad)","OriginalFileName":"WSMANAUTOMATION.DLL","@version":"1","AccountName":"SYSTEM","ProcessGuid":"{71b87c12-d7e5-5f84-0d01-000000000500}","host":"wec.internal.cloudapp.net","Hashes":"SHA1=EF2C4658C53F753A17EA2285EFA63620CE8DE375,MD5=559A5FF0E8BDD033EA27B87D4701A560,SHA256=181A029F014BF12C9F644EB39214D6D512E48455CB36094EF7C479DBFB15DA7A,IMPHASH=B025BDF27A70E332FAC83D68EAEE1DB2","SeverityValue":2,"EventTime":"2020-10-13 00:26:28","Message":"Image loaded:\r\nRuleName: -\r\nUtcTime: 2020-10-13 04:26:28.425\r\nProcessGuid: {71b87c12-d7e5-5f84-0d01-000000000500}\r\nProcessId: 3356\r\nImage: C:\\Users\\pgustavo\\Desktop\\GruntHTTP.exe\r\nImageLoaded: C:\\Windows\\System32\\WsmAuto.dll\r\nFileVersion: 10.0.18362.997 (WinBuild.160101.0800)\r\nDescription: WSMAN Automation\r\nProduct: Microsoft® Windows® Operating System\r\nCompany: Microsoft Corporation\r\nOriginalFileName: WSMANAUTOMATION.DLL\r\nHashes: SHA1=EF2C4658C53F753A17EA2285EFA63620CE8DE375,MD5=559A5FF0E8BDD033EA27B87D4701A560,SHA256=181A029F014BF12C9F644EB39214D6D512E48455CB36094EF7C479DBFB15DA7A,IMPHASH=B025BDF27A70E332FAC83D68EAEE1DB2\r\nSigned: true\r\nSignature: Microsoft Windows\r\nSignatureStatus: Valid","SourceModuleName":"eventlog","AccountType":"User","Signature":"Microsoft Windows"}
{"RuleName":"-","@timestamp":"2020-10-13T04:26:29.078Z","SignatureStatus":"Valid","Channel":"Microsoft-Windows-Sysmon/Operational","UserID":"S-1-5-18","RecordNumber":205404,"ThreadID":4780,"Image":"C:\\Windows\\System32\\wbem\\WmiPrvSE.exe","ProcessId":"2440","Company":"Microsoft Corporation","Version":3,"Hostname":"WORKSTATION6.theshire.local","ImageLoaded":"C:\\Windows\\System32\\bcrypt.dll","Description":"Windows Cryptographic Primitives Library","EventReceivedTime":"2020-10-13 00:26:29","ProviderGuid":"{5770385F-C22A-43E0-BF4C-06F5698FFBD9}","Signed":"true","UtcTime":"2020-10-13 04:26:28.721","port":61041,"Severity":"INFO","tags":["mordorDataset"],"Task":7,"SourceModuleType":"im_msvistalog","OpcodeValue":0,"EventType":"INFO","ExecutionProcessID":3592,"Opcode":"Info","SourceName":"Microsoft-Windows-Sysmon","Product":"Microsoft® Windows® Operating System","Keywords":-9223372036854775808,"FileVersion":"10.0.18362.267 (WinBuild.160101.0800)","EventID":7,"Domain":"NT AUTHORITY","Category":"Image loaded (rule: ImageLoad)","OriginalFileName":"bcrypt.dll","@version":"1","AccountName":"SYSTEM","ProcessGuid":"{37c5a1b2-2c74-5f85-3203-000000000400}","host":"wec.internal.cloudapp.net","Hashes":"SHA1=421C35E0949143DE72C8F98776565D24815AD47E,MD5=F46778029BE7D755EBDCDF048EA62A4B,SHA256=907A4D1D405283AD24BBA1F9A763C5118A33574F3E0EC7FC543F65B24CC0A748,IMPHASH=E5649DCD6FA9472DB9A89CCD123913C0","SeverityValue":2,"EventTime":"2020-10-13 00:26:28","Message":"Image loaded:\r\nRuleName: -\r\nUtcTime: 2020-10-13 04:26:28.721\r\nProcessGuid: {37c5a1b2-2c74-5f85-3203-000000000400}\r\nProcessId: 2440\r\nImage: C:\\Windows\\System32\\wbem\\WmiPrvSE.exe\r\nImageLoaded: C:\\Windows\\System32\\bcrypt.dll\r\nFileVersion: 10.0.18362.267 (WinBuild.160101.0800)\r\nDescription: Windows Cryptographic Primitives Library\r\nProduct: Microsoft® Windows® Operating System\r\nCompany: Microsoft Corporation\r\nOriginalFileName: bcrypt.dll\r\nHashes: SHA1=421C35E0949143DE72C8F98776565D24815AD47E,MD5=F46778029BE7D755EBDCDF048EA62A4B,SHA256=907A4D1D405283AD24BBA1F9A763C5118A33574F3E0EC7FC543F65B24CC0A748,IMPHASH=E5649DCD6FA9472DB9A89CCD123913C0\r\nSigned: true\r\nSignature: Microsoft Windows\r\nSignatureStatus: Valid","SourceModuleName":"eventlog","AccountType":"User","Signature":"Microsoft Windows"}
{"RuleName":"-","@timestamp":"2020-10-13T04:26:29.078Z","SignatureStatus":"Valid","Channel":"Microsoft-Windows-Sysmon/Operational","UserID":"S-1-5-18","RecordNumber":386365,"ThreadID":3216,"Image":"C:\\Users\\pgustavo\\Desktop\\GruntHTTP.exe","ProcessId":"3356","Company":"Microsoft Corporation","Version":3,"Hostname":"WORKSTATION5.theshire.local","ImageLoaded":"C:\\Windows\\System32\\miutils.dll","Description":"Management Infrastructure","EventReceivedTime":"2020-10-13 00:26:29","ProviderGuid":"{5770385F-C22A-43E0-BF4C-06F5698FFBD9}","Signed":"true","UtcTime":"2020-10-13 04:26:28.441","port":61041,"Severity":"INFO","tags":["mordorDataset"],"Task":7,"SourceModuleType":"im_msvistalog","OpcodeValue":0,"EventType":"INFO","ExecutionProcessID":3312,"Opcode":"Info","SourceName":"Microsoft-Windows-Sysmon","Product":"Microsoft® Windows® Operating System","Keywords":-9223372036854775808,"FileVersion":"10.0.18362.1 (WinBuild.160101.0800)","EventID":7,"Domain":"NT AUTHORITY","Category":"Image loaded (rule: ImageLoad)","OriginalFileName":"miutils.dll","@version":"1","AccountName":"SYSTEM","ProcessGuid":"{71b87c12-d7e5-5f84-0d01-000000000500}","host":"wec.internal.cloudapp.net","Hashes":"SHA1=F441F65BCA44665B17ED2E8885D67CAF03AB25CF,MD5=FA83F6215D5AAD7B601AA5A50DE35750,SHA256=C2DC55884E167B603336C4494A5D783BB091A0186ACB2CF26AC8BDD27EBC49B1,IMPHASH=82388C8C95B6A41C7CE3802CBA3F3228","SeverityValue":2,"EventTime":"2020-10-13 00:26:28","Message":"Image loaded:\r\nRuleName: -\r\nUtcTime: 2020-10-13 04:26:28.441\r\nProcessGuid: {71b87c12-d7e5-5f84-0d01-000000000500}\r\nProcessId: 3356\r\nImage: C:\\Users\\pgustavo\\Desktop\\GruntHTTP.exe\r\nImageLoaded: C:\\Windows\\System32\\miutils.dll\r\nFileVersion: 10.0.18362.1 (WinBuild.160101.0800)\r\nDescription: Management Infrastructure\r\nProduct: Microsoft® Windows® Operating System\r\nCompany: Microsoft Corporation\r\nOriginalFileName: miutils.dll\r\nHashes: SHA1=F441F65BCA44665B17ED2E8885D67CAF03AB25CF,MD5=FA83F6215D5AAD7B601AA5A50DE35750,SHA256=C2DC55884E167B603336C4494A5D783BB091A0186ACB2CF26AC8BDD27EBC49B1,IMPHASH=82388C8C95B6A41C7CE3802CBA3F3228\r\nSigned: true\r\nSignature: Microsoft Windows\r\nSignatureStatus: Valid","SourceModuleName":"eventlog","AccountType":"User","Signature":"Microsoft Windows"}
{"RuleName":"-","@timestamp":"2020-10-13T04:26:29.078Z","SignatureStatus":"Valid","Channel":"Microsoft-Windows-Sysmon/Operational","UserID":"S-1-5-18","RecordNumber":205405,"ThreadID":4780,"Image":"C:\\Windows\\System32\\wbem\\WmiPrvSE.exe","ProcessId":"2440","Company":"Microsoft Corporation","Version":3,"Hostname":"WORKSTATION6.theshire.local","ImageLoaded":"C:\\Windows\\System32\\ws2_32.dll","Description":"Windows Socket 2.0 32-Bit DLL","EventReceivedTime":"2020-10-13 00:26:29","ProviderGuid":"{5770385F-C22A-43E0-BF4C-06F5698FFBD9}","Signed":"true","UtcTime":"2020-10-13 04:26:28.736","port":61041,"Severity":"INFO","tags":["mordorDataset"],"Task":7,"SourceModuleType":"im_msvistalog","OpcodeValue":0,"EventType":"INFO","ExecutionProcessID":3592,"Opcode":"Info","SourceName":"Microsoft-Windows-Sysmon","Product":"Microsoft® Windows® Operating System","Keywords":-9223372036854775808,"FileVersion":"10.0.18362.387 (WinBuild.160101.0800)","EventID":7,"Domain":"NT AUTHORITY","Category":"Image loaded (rule: ImageLoad)","OriginalFileName":"ws2_32.dll","@version":"1","AccountName":"SYSTEM","ProcessGuid":"{37c5a1b2-2c74-5f85-3203-000000000400}","host":"wec.internal.cloudapp.net","Hashes":"SHA1=0E931ED820C96CCAD23D4AFCB0ACD97C99155D11,MD5=C0F8DA7568D2F1534E0ABB0E69DC3280,SHA256=E419A4BBDF1D5E0601E90BAFC1558DBD7414CD44E098B581C1915EF2C6E38D0B,IMPHASH=70D7A835AF4CA9F98A94AAF1B60BF88F","SeverityValue":2,"EventTime":"2020-10-13 00:26:28","Message":"Image loaded:\r\nRuleName: -\r\nUtcTime: 2020-10-13 04:26:28.736\r\nProcessGuid: {37c5a1b2-2c74-5f85-3203-000000000400}\r\nProcessId: 2440\r\nImage: C:\\Windows\\System32\\wbem\\WmiPrvSE.exe\r\nImageLoaded: C:\\Windows\\System32\\ws2_32.dll\r\nFileVersion: 10.0.18362.387 (WinBuild.160101.0800)\r\nDescription: Windows Socket 2.0 32-Bit DLL\r\nProduct: Microsoft® Windows® Operating System\r\nCompany: Microsoft Corporation\r\nOriginalFileName: ws2_32.dll\r\nHashes: SHA1=0E931ED820C96CCAD23D4AFCB0ACD97C99155D11,MD5=C0F8DA7568D2F1534E0ABB0E69DC3280,SHA256=E419A4BBDF1D5E0601E90BAFC1558DBD7414CD44E098B581C1915EF2C6E38D0B,IMPHASH=70D7A835AF4CA9F98A94AAF1B60BF88F\r\nSigned: true\r\nSignature: Microsoft Windows\r\nSignatureStatus: Valid","SourceModuleName":"eventlog","AccountType":"User","Signature":"Microsoft Windows"}
{"RuleName":"-","@timestamp":"2020-10-13T04:26:29.079Z","SignatureStatus":"Valid","Channel":"Microsoft-Windows-Sysmon/Operational","UserID":"S-1-5-18","RecordNumber":386366,"ThreadID":3216,"Image":"C:\\Users\\pgustavo\\Desktop\\GruntHTTP.exe","ProcessId":"3356","Company":"Microsoft Corporation","Version":3,"Hostname":"WORKSTATION5.theshire.local","ImageLoaded":"C:\\Windows\\System32\\WsmSvc.dll","Description":"WSMan Service","EventReceivedTime":"2020-10-13 00:26:29","ProviderGuid":"{5770385F-C22A-43E0-BF4C-06F5698FFBD9}","Signed":"true","UtcTime":"2020-10-13 04:26:28.472","port":61041,"Severity":"INFO","tags":["mordorDataset"],"Task":7,"SourceModuleType":"im_msvistalog","OpcodeValue":0,"EventType":"INFO","ExecutionProcessID":3312,"Opcode":"Info","SourceName":"Microsoft-Windows-Sysmon","Product":"Microsoft® Windows® Operating System","Keywords":-9223372036854775808,"FileVersion":"10.0.18362.997 (WinBuild.160101.0800)","EventID":7,"Domain":"NT AUTHORITY","Category":"Image loaded (rule: ImageLoad)","OriginalFileName":"WsmSvc.dll","@version":"1","AccountName":"SYSTEM","ProcessGuid":"{71b87c12-d7e5-5f84-0d01-000000000500}","host":"wec.internal.cloudapp.net","Hashes":"SHA1=792A39CBA068B5BA4393728392DA5507CA63E92B,MD5=CF0FDBC12BE18ADEA709F335C390C263,SHA256=890AA055DE3291A5DE31636F00C70473A8A1A184B77ECF27AAEFDCACA1647B90,IMPHASH=80B8F4D6B69BDFF7CF0EE11866716275","SeverityValue":2,"EventTime":"2020-10-13 00:26:28","Message":"Image loaded:\r\nRuleName: -\r\nUtcTime: 2020-10-13 04:26:28.472\r\nProcessGuid: {71b87c12-d7e5-5f84-0d01-000000000500}\r\nProcessId: 3356\r\nImage: C:\\Users\\pgustavo\\Desktop\\GruntHTTP.exe\r\nImageLoaded: C:\\Windows\\System32\\WsmSvc.dll\r\nFileVersion: 10.0.18362.997 (WinBuild.160101.0800)\r\nDescription: WSMan Service\r\nProduct: Microsoft® Windows® Operating System\r\nCompany: Microsoft Corporation\r\nOriginalFileName: WsmSvc.dll\r\nHashes: SHA1=792A39CBA068B5BA4393728392DA5507CA63E92B,MD5=CF0FDBC12BE18ADEA709F335C390C263,SHA256=890AA055DE3291A5DE31636F00C70473A8A1A184B77ECF27AAEFDCACA1647B90,IMPHASH=80B8F4D6B69BDFF7CF0EE11866716275\r\nSigned: true\r\nSignature: Microsoft Windows\r\nSignatureStatus: Valid","SourceModuleName":"eventlog","AccountType":"User","Signature":"Microsoft Windows"}
{"RuleName":"-","@timestamp":"2020-10-13T04:26:29.080Z","SignatureStatus":"Valid","Channel":"Microsoft-Windows-Sysmon/Operational","UserID":"S-1-5-18","RecordNumber":205406,"ThreadID":4780,"Image":"C:\\Windows\\System32\\wbem\\WmiPrvSE.exe","ProcessId":"2440","Company":"Microsoft Corporation","Version":3,"Hostname":"WORKSTATION6.theshire.local","ImageLoaded":"C:\\Windows\\System32\\sechost.dll","Description":"Host for SCM/SDDL/LSA Lookup APIs","EventReceivedTime":"2020-10-13 00:26:29","ProviderGuid":"{5770385F-C22A-43E0-BF4C-06F5698FFBD9}","Signed":"true","UtcTime":"2020-10-13 04:26:28.736","port":61041,"Severity":"INFO","tags":["mordorDataset"],"Task":7,"SourceModuleType":"im_msvistalog","OpcodeValue":0,"EventType":"INFO","ExecutionProcessID":3592,"Opcode":"Info","SourceName":"Microsoft-Windows-Sysmon","Product":"Microsoft® Windows® Operating System","Keywords":-9223372036854775808,"FileVersion":"10.0.18362.959 (WinBuild.160101.0800)","EventID":7,"Domain":"NT AUTHORITY","Category":"Image loaded (rule: ImageLoad)","OriginalFileName":"sechost.dll","@version":"1","AccountName":"SYSTEM","ProcessGuid":"{37c5a1b2-2c74-5f85-3203-000000000400}","host":"wec.internal.cloudapp.net","Hashes":"SHA1=A330EDE32DFA03AE6808EE7FB6916D8DEB8F5DDE,MD5=A094E2B38D3DD864B07580D243CB6E43,SHA256=C441E19D20961D4E990E117A300ED318BEDBF2F8BA0FF07BEE7832AC502CDDF2,IMPHASH=CE4BD072766253F6A267D0284CA82002","SeverityValue":2,"EventTime":"2020-10-13 00:26:28","Message":"Image loaded:\r\nRuleName: -\r\nUtcTime: 2020-10-13 04:26:28.736\r\nProcessGuid: {37c5a1b2-2c74-5f85-3203-000000000400}\r\nProcessId: 2440\r\nImage: C:\\Windows\\System32\\wbem\\WmiPrvSE.exe\r\nImageLoaded: C:\\Windows\\System32\\sechost.dll\r\nFileVersion: 10.0.18362.959 (WinBuild.160101.0800)\r\nDescription: Host for SCM/SDDL/LSA Lookup APIs\r\nProduct: Microsoft® Windows® Operating System\r\nCompany: Microsoft Corporation\r\nOriginalFileName: sechost.dll\r\nHashes: SHA1=A330EDE32DFA03AE6808EE7FB6916D8DEB8F5DDE,MD5=A094E2B38D3DD864B07580D243CB6E43,SHA256=C441E19D20961D4E990E117A300ED318BEDBF2F8BA0FF07BEE7832AC502CDDF2,IMPHASH=CE4BD072766253F6A267D0284CA82002\r\nSigned: true\r\nSignature: Microsoft Windows\r\nSignatureStatus: Valid","SourceModuleName":"eventlog","AccountType":"User","Signature":"Microsoft Windows"}
{"EventTypeOrignal":"INFO","RuleName":"-","@timestamp":"2020-10-13T04:26:29.080Z","port":61041,"Severity":"INFO","Task":12,"Channel":"Microsoft-Windows-Sysmon/Operational","UtcTime":"2020-10-13 04:26:28.736","UserID":"S-1-5-18","SourceModuleType":"im_msvistalog","OpcodeValue":0,"tags":["mordorDataset"],"TargetObject":"HKLM\\SOFTWARE","ExecutionProcessID":3592,"Opcode":"Info","RecordNumber":205407,"ThreadID":4780,"EventType":"CreateKey","SourceName":"Microsoft-Windows-Sysmon","Keywords":-9223372036854775808,"Image":"C:\\windows\\system32\\wbem\\wmiprvse.exe","EventID":12,"Domain":"NT AUTHORITY","Category":"Registry object added or deleted (rule: RegistryEvent)","Version":2,"ProcessId":"2440","@version":"1","AccountName":"SYSTEM","ProcessGuid":"{37c5a1b2-2c74-5f85-3203-000000000400}","host":"wec.internal.cloudapp.net","Hostname":"WORKSTATION6.theshire.local","EventReceivedTime":"2020-10-13 00:26:29","SeverityValue":2,"EventTime":"2020-10-13 00:26:28","ProviderGuid":"{5770385F-C22A-43E0-BF4C-06F5698FFBD9}","Message":"Registry object added or deleted:\r\nRuleName: -\r\nEventType: CreateKey\r\nUtcTime: 2020-10-13 04:26:28.736\r\nProcessGuid: {37c5a1b2-2c74-5f85-3203-000000000400}\r\nProcessId: 2440\r\nImage: C:\\windows\\system32\\wbem\\wmiprvse.exe\r\nTargetObject: HKLM\\SOFTWARE","SourceModuleName":"eventlog","AccountType":"User"}
{"RuleName":"-","@timestamp":"2020-10-13T04:26:29.080Z","SignatureStatus":"Valid","Channel":"Microsoft-Windows-Sysmon/Operational","UserID":"S-1-5-18","RecordNumber":386367,"ThreadID":3216,"Image":"C:\\Users\\pgustavo\\Desktop\\GruntHTTP.exe","ProcessId":"3356","Company":"Microsoft Corporation","Version":3,"Hostname":"WORKSTATION5.theshire.local","ImageLoaded":"C:\\Windows\\System32\\dsrole.dll","Description":"DS Setup Client DLL","EventReceivedTime":"2020-10-13 00:26:29","ProviderGuid":"{5770385F-C22A-43E0-BF4C-06F5698FFBD9}","Signed":"true","UtcTime":"2020-10-13 04:26:28.472","port":61041,"Severity":"INFO","tags":["mordorDataset"],"Task":7,"SourceModuleType":"im_msvistalog","OpcodeValue":0,"EventType":"INFO","ExecutionProcessID":3312,"Opcode":"Info","SourceName":"Microsoft-Windows-Sysmon","Product":"Microsoft® Windows® Operating System","Keywords":-9223372036854775808,"FileVersion":"10.0.18362.1 (WinBuild.160101.0800)","EventID":7,"Domain":"NT AUTHORITY","Category":"Image loaded (rule: ImageLoad)","OriginalFileName":"DSROLE.DLL","@version":"1","AccountName":"SYSTEM","ProcessGuid":"{71b87c12-d7e5-5f84-0d01-000000000500}","host":"wec.internal.cloudapp.net","Hashes":"SHA1=89C99ECF6EEEBE6158E4853115E17E71730780D8,MD5=609AC3B4E090CB1894F56D978E74C4F1,SHA256=108A9798E55A91928F7FE8EBC5087EEDBB6C023D958F18A6CEFD46BA5399BE61,IMPHASH=CA2E5F1683005B67E0843A76EE3BADA8","SeverityValue":2,"EventTime":"2020-10-13 00:26:28","Message":"Image loaded:\r\nRuleName: -\r\nUtcTime: 2020-10-13 04:26:28.472\r\nProcessGuid: {71b87c12-d7e5-5f84-0d01-000000000500}\r\nProcessId: 3356\r\nImage: C:\\Users\\pgustavo\\Desktop\\GruntHTTP.exe\r\nImageLoaded: C:\\Windows\\System32\\dsrole.dll\r\nFileVersion: 10.0.18362.1 (WinBuild.160101.0800)\r\nDescription: DS Setup Client DLL\r\nProduct: Microsoft® Windows® Operating System\r\nCompany: Microsoft Corporation\r\nOriginalFileName: DSROLE.DLL\r\nHashes: SHA1=89C99ECF6EEEBE6158E4853115E17E71730780D8,MD5=609AC3B4E090CB1894F56D978E74C4F1,SHA256=108A9798E55A91928F7FE8EBC5087EEDBB6C023D958F18A6CEFD46BA5399BE61,IMPHASH=CA2E5F1683005B67E0843A76EE3BADA8\r\nSigned: true\r\nSignature: Microsoft Windows\r\nSignatureStatus: Valid","SourceModuleName":"eventlog","AccountType":"User","Signature":"Microsoft Windows"}
