{"Keywords":-9214364837600034816,"SeverityValue":2,"Application":"\\device\\harddiskvolume2\\windowsazure\\guestagent_2.7.41491.993_2020-09-17_150921\\waappagent.exe","EventID":5156,"ProviderGuid":"{54849625-5478-4994-A5BA-3E3B0328C30D}","ExecutionProcessID":4,"Channel":"security","host":"wec.internal.cloudapp.net","EventReceivedTime":"2020-09-22 14:10:35","ProcessId":"3368","ThreadID":8008,"EventType":"AUDIT_SUCCESS","Opcode":"Info","EventTime":"2020-09-22 14:10:33","Message":"The Windows Filtering Platform has permitted a connection.\r\n\r\nApplication Information:\r\n\tProcess ID:\t\t3368\r\n\tApplication Name:\t\\device\\harddiskvolume2\\windowsazure\\guestagent_2.7.41491.993_2020-09-17_150921\\waappagent.exe\r\n\r\nNetwork Information:\r\n\tDirection:\t\tOutbound\r\n\tSource Address:\t\t172.18.39.6\r\n\tSource Port:\t\t63415\r\n\tDestination Address:\t168.63.129.16\r\n\tDestination Port:\t\t80\r\n\tProtocol:\t\t6\r\n\r\nFilter Information:\r\n\tFilter Run-Time ID:\t79916\r\n\tLayer Name:\t\tConnect\r\n\tLayer Run-Time ID:\t48","FilterRTID":"79916","RemoteUserID":"S-1-0-0","@timestamp":"2020-09-22T18:10:35.217Z","LayerRTID":"48","SourceModuleType":"im_msvistalog","port":64545,"RecordNumber":929216,"Task":12810,"Direction":"%%14593","@version":"1","OpcodeValue":0,"SourcePort":"63415","DestPort":"80","Protocol":"6","SourceModuleName":"eventlog","Severity":"INFO","DestAddress":"168.63.129.16","SourceName":"Microsoft-Windows-Security-Auditing","Version":1,"LayerName":"%%14611","RemoteMachineID":"S-1-0-0","Category":"Filtering Platform Connection","SourceAddress":"172.18.39.6","tags":["mordorDataset"],"Hostname":"WORKSTATION6.theshire.local"}
{"Keywords":-9214364837600034816,"SeverityValue":2,"Application":"\\device\\harddiskvolume2\\windows\\system32\\dns.exe","EventID":5156,"ProviderGuid":"{54849625-5478-4994-A5BA-3E3B0328C30D}","ExecutionProcessID":4,"Channel":"Security","host":"wec.internal.cloudapp.net","EventReceivedTime":"2020-09-22 14:10:35","ProcessId":"3340","ThreadID":6556,"EventType":"AUDIT_SUCCESS","Opcode":"Info","EventTime":"2020-09-22 14:10:33","Message":"The Windows Filtering Platform has permitted a connection.\r\n\r\nApplication Information:\r\n\tProcess ID:\t\t3340\r\n\tApplication Name:\t\\device\\harddiskvolume2\\windows\\system32\\dns.exe\r\n\r\nNetwork Information:\r\n\tDirection:\t\tInbound\r\n\tSource Address:\t\t172.18.39.5\r\n\tSource Port:\t\t52053\r\n\tDestination Address:\t172.18.38.5\r\n\tDestination Port:\t\t53\r\n\tProtocol:\t\t17\r\n\r\nFilter Information:\r\n\tFilter Run-Time ID:\t69686\r\n\tLayer Name:\t\tReceive/Accept\r\n\tLayer Run-Time ID:\t44","FilterRTID":"69686","RemoteUserID":"S-1-0-0","@timestamp":"2020-09-22T18:10:35.218Z","LayerRTID":"44","SourceModuleType":"im_msvistalog","port":64545,"RecordNumber":2181685,"Task":12810,"Direction":"%%14592","@version":"1","OpcodeValue":0,"SourcePort":"52053","DestPort":"53","Protocol":"17","SourceModuleName":"eventlog","Severity":"INFO","DestAddress":"172.18.38.5","SourceName":"Microsoft-Windows-Security-Auditing","Version":1,"LayerName":"%%14610","RemoteMachineID":"S-1-0-0","Category":"Filtering Platform Connection","SourceAddress":"172.18.39.5","tags":["mordorDataset"],"Hostname":"MORDORDC.theshire.local"}
{"Keywords":-9214364837600034816,"SeverityValue":2,"Application":"\\device\\harddiskvolume2\\windows\\system32\\svchost.exe","EventID":5158,"ProviderGuid":"{54849625-5478-4994-A5BA-3E3B0328C30D}","ExecutionProcessID":4,"Channel":"security","host":"wec.internal.cloudapp.net","EventReceivedTime":"2020-09-22 14:10:35","ProcessId":"1428","ThreadID":5156,"EventType":"AUDIT_SUCCESS","Opcode":"Info","EventTime":"2020-09-22 14:10:33","Message":"The Windows Filtering Platform has permitted a bind to a local port.\r\n\r\nApplication Information:\r\n\tProcess ID:\t\t1428\r\n\tApplication Name:\t\\device\\harddiskvolume2\\windows\\system32\\svchost.exe\r\n\r\nNetwork Information:\r\n\tSource Address:\t\t::\r\n\tSource Port:\t\t52053\r\n\tProtocol:\t\t17\r\n\r\nFilter Information:\r\n\tFilter Run-Time ID:\t0\r\n\tLayer Name:\t\tResource Assignment\r\n\tLayer Run-Time ID:\t36","FilterRTID":"0","@timestamp":"2020-09-22T18:10:35.218Z","LayerRTID":"36","SourceModuleType":"im_msvistalog","port":64545,"RecordNumber":851794,"Task":12810,"Protocol":"17","@version":"1","OpcodeValue":0,"SourcePort":"52053","SourceModuleName":"eventlog","Severity":"INFO","SourceName":"Microsoft-Windows-Security-Auditing","Version":0,"LayerName":"%%14608","Category":"Filtering Platform Connection","SourceAddress":"::","tags":["mordorDataset"],"Hostname":"WORKSTATION5.theshire.local"}
{"ImageLoaded":"C:\\Windows\\System32\\OnDemandConnRouteHelper.dll","SeverityValue":2,"EventReceivedTime":"2020-09-22 14:10:35","EventID":7,"ProviderGuid":"{5770385F-C22A-43E0-BF4C-06F5698FFBD9}","ExecutionProcessID":3172,"Channel":"Microsoft-Windows-Sysmon/Operational","host":"wec.internal.cloudapp.net","AccountType":"User","ProcessGuid":"{b34bc01c-2271-5f69-4800-000000000900}","Opcode":"Info","EventTime":"2020-09-22 14:10:33","Signed":"true","SourceModuleType":"im_msvistalog","AccountName":"SYSTEM","Domain":"NT AUTHORITY","@version":"1","OpcodeValue":0,"SignatureStatus":"Valid","Severity":"INFO","Hashes":"SHA1=CB0FED80A33581425BBEA334D9185F63C5EE315F,MD5=9D1E318E09783AFBBF2F51D6E9950662,SHA256=48C0E264A522173740EBD7627900BE7E6FEDAEE2264F67A00E78D4A6D76865D8,IMPHASH=83BEA6248DF8A10A1D9DF229B452B69F","SourceName":"Microsoft-Windows-Sysmon","Description":"On Demand Connctiond Route Helper","Category":"Image loaded (rule: ImageLoad)","Company":"Microsoft Corporation","Keywords":-9223372036854775808,"FileVersion":"10.0.18362.1 (WinBuild.160101.0800)","UserID":"S-1-5-18","ThreadID":4048,"EventType":"INFO","@timestamp":"2020-09-22T18:10:35.219Z","port":64545,"RecordNumber":3506123,"Task":7,"Signature":"Microsoft Windows","SourceModuleName":"eventlog","Version":3,"Product":"Microsoft Windows Operating System","Image":"C:\\Windows\\System32\\svchost.exe","OriginalFileName":"OnDemandConnRouteHelper.dll","UtcTime":"2020-09-22 18:10:33.555","Hostname":"WORKSTATION5.theshire.local","RuleName":"-","tags":["mordorDataset"]}
{"Keywords":-9214364837600034816,"SeverityValue":2,"Application":"\\device\\harddiskvolume2\\windows\\system32\\dns.exe","EventID":5156,"ProviderGuid":"{54849625-5478-4994-A5BA-3E3B0328C30D}","ExecutionProcessID":4,"Channel":"Security","host":"wec.internal.cloudapp.net","EventReceivedTime":"2020-09-22 14:10:35","ProcessId":"3340","ThreadID":6556,"EventType":"AUDIT_SUCCESS","Opcode":"Info","EventTime":"2020-09-22 14:10:33","Message":"The Windows Filtering Platform has permitted a connection.\r\n\r\nApplication Information:\r\n\tProcess ID:\t\t3340\r\n\tApplication Name:\t\\device\\harddiskvolume2\\windows\\system32\\dns.exe\r\n\r\nNetwork Information:\r\n\tDirection:\t\tOutbound\r\n\tSource Address:\t\t172.18.38.5\r\n\tSource Port:\t\t51214\r\n\tDestination Address:\t64.4.48.205\r\n\tDestination Port:\t\t53\r\n\tProtocol:\t\t17\r\n\r\nFilter Information:\r\n\tFilter Run-Time ID:\t76447\r\n\tLayer Name:\t\tConnect\r\n\tLayer Run-Time ID:\t48","FilterRTID":"76447","RemoteUserID":"S-1-0-0","@timestamp":"2020-09-22T18:10:35.219Z","LayerRTID":"48","SourceModuleType":"im_msvistalog","port":64545,"RecordNumber":2181686,"Task":12810,"Direction":"%%14593","@version":"1","OpcodeValue":0,"SourcePort":"51214","DestPort":"53","Protocol":"17","SourceModuleName":"eventlog","Severity":"INFO","DestAddress":"64.4.48.205","SourceName":"Microsoft-Windows-Security-Auditing","Version":1,"LayerName":"%%14611","RemoteMachineID":"S-1-0-0","Category":"Filtering Platform Connection","SourceAddress":"172.18.38.5","tags":["mordorDataset"],"Hostname":"MORDORDC.theshire.local"}
{"Keywords":-9223372036854775808,"SeverityValue":2,"TargetObject":"HKU\\.DEFAULT\\Software\\Microsoft\\Windows\\CurrentVersion\\Internet Settings\\Connections","EventTypeOrignal":"INFO","EventID":12,"ProviderGuid":"{5770385F-C22A-43E0-BF4C-06F5698FFBD9}","ExecutionProcessID":3172,"host":"wec.internal.cloudapp.net","Channel":"Microsoft-Windows-Sysmon/Operational","UserID":"S-1-5-18","AccountType":"User","ThreadID":4048,"ProcessGuid":"{b34bc01c-2270-5f69-4000-000000000900}","EventReceivedTime":"2020-09-22 14:10:35","Opcode":"Info","EventTime":"2020-09-22 14:10:33","@timestamp":"2020-09-22T18:10:35.220Z","SourceModuleType":"im_msvistalog","port":64545,"AccountName":"SYSTEM","RecordNumber":3506124,"Task":12,"Domain":"NT AUTHORITY","@version":"1","OpcodeValue":0,"SourceModuleName":"eventlog","Severity":"INFO","SourceName":"Microsoft-Windows-Sysmon","Version":2,"Image":"C:\\windows\\system32\\svchost.exe","Category":"Registry object added or deleted (rule: RegistryEvent)","UtcTime":"2020-09-22 18:10:33.555","Hostname":"WORKSTATION5.theshire.local","RuleName":"-","tags":["mordorDataset"]}
{"Keywords":-9214364837600034816,"SeverityValue":2,"Application":"\\device\\harddiskvolume2\\windows\\system32\\svchost.exe","EventID":5158,"ProviderGuid":"{54849625-5478-4994-A5BA-3E3B0328C30D}","ExecutionProcessID":4,"Channel":"security","host":"wec.internal.cloudapp.net","EventReceivedTime":"2020-09-22 14:10:35","ProcessId":"1428","ThreadID":5156,"EventType":"AUDIT_SUCCESS","Opcode":"Info","EventTime":"2020-09-22 14:10:33","Message":"The Windows Filtering Platform has permitted a bind to a local port.\r\n\r\nApplication Information:\r\n\tProcess ID:\t\t1428\r\n\tApplication Name:\t\\device\\harddiskvolume2\\windows\\system32\\svchost.exe\r\n\r\nNetwork Information:\r\n\tSource Address:\t\t::\r\n\tSource Port:\t\t52053\r\n\tProtocol:\t\t17\r\n\r\nFilter Information:\r\n\tFilter Run-Time ID:\t0\r\n\tLayer Name:\t\tResource Assignment\r\n\tLayer Run-Time ID:\t38","FilterRTID":"0","@timestamp":"2020-09-22T18:10:35.220Z","LayerRTID":"38","SourceModuleType":"im_msvistalog","port":64545,"RecordNumber":851795,"Task":12810,"Protocol":"17","@version":"1","OpcodeValue":0,"SourcePort":"52053","SourceModuleName":"eventlog","Severity":"INFO","SourceName":"Microsoft-Windows-Security-Auditing","Version":0,"LayerName":"%%14608","Category":"Filtering Platform Connection","SourceAddress":"::","tags":["mordorDataset"],"Hostname":"WORKSTATION5.theshire.local"}
{"Keywords":-9214364837600034816,"SeverityValue":2,"Application":"\\device\\harddiskvolume2\\windows\\system32\\dns.exe","EventID":5156,"ProviderGuid":"{54849625-5478-4994-A5BA-3E3B0328C30D}","ExecutionProcessID":4,"Channel":"Security","host":"wec.internal.cloudapp.net","EventReceivedTime":"2020-09-22 14:10:35","ProcessId":"3340","ThreadID":6556,"EventType":"AUDIT_SUCCESS","Opcode":"Info","EventTime":"2020-09-22 14:10:33","Message":"The Windows Filtering Platform has permitted a connection.\r\n\r\nApplication Information:\r\n\tProcess ID:\t\t3340\r\n\tApplication Name:\t\\device\\harddiskvolume2\\windows\\system32\\dns.exe\r\n\r\nNetwork Information:\r\n\tDirection:\t\tOutbound\r\n\tSource Address:\t\t172.18.38.5\r\n\tSource Port:\t\t50126\r\n\tDestination Address:\t13.107.252.10\r\n\tDestination Port:\t\t53\r\n\tProtocol:\t\t17\r\n\r\nFilter Information:\r\n\tFilter Run-Time ID:\t76447\r\n\tLayer Name:\t\tConnect\r\n\tLayer Run-Time ID:\t48","FilterRTID":"76447","RemoteUserID":"S-1-0-0","@timestamp":"2020-09-22T18:10:35.220Z","LayerRTID":"48","SourceModuleType":"im_msvistalog","port":64545,"RecordNumber":2181687,"Task":12810,"Direction":"%%14593","@version":"1","OpcodeValue":0,"SourcePort":"50126","DestPort":"53","Protocol":"17","SourceModuleName":"eventlog","Severity":"INFO","DestAddress":"13.107.252.10","SourceName":"Microsoft-Windows-Security-Auditing","Version":1,"LayerName":"%%14611","RemoteMachineID":"S-1-0-0","Category":"Filtering Platform Connection","SourceAddress":"172.18.38.5","tags":["mordorDataset"],"Hostname":"MORDORDC.theshire.local"}
{"Keywords":-9214364837600034816,"SeverityValue":2,"Application":"\\device\\harddiskvolume2\\windows\\system32\\svchost.exe","EventID":5156,"ProviderGuid":"{54849625-5478-4994-A5BA-3E3B0328C30D}","ExecutionProcessID":4,"Channel":"security","host":"wec.internal.cloudapp.net","EventReceivedTime":"2020-09-22 14:10:35","ProcessId":"1428","ThreadID":5156,"EventType":"AUDIT_SUCCESS","Opcode":"Info","EventTime":"2020-09-22 14:10:33","Message":"The Windows Filtering Platform has permitted a connection.\r\n\r\nApplication Information:\r\n\tProcess ID:\t\t1428\r\n\tApplication Name:\t\\device\\harddiskvolume2\\windows\\system32\\svchost.exe\r\n\r\nNetwork Information:\r\n\tDirection:\t\tOutbound\r\n\tSource Address:\t\t172.18.39.5\r\n\tSource Port:\t\t52053\r\n\tDestination Address:\t172.18.38.5\r\n\tDestination Port:\t\t53\r\n\tProtocol:\t\t17\r\n\r\nFilter Information:\r\n\tFilter Run-Time ID:\t79456\r\n\tLayer Name:\t\tConnect\r\n\tLayer Run-Time ID:\t48","FilterRTID":"79456","RemoteUserID":"S-1-0-0","@timestamp":"2020-09-22T18:10:35.221Z","LayerRTID":"48","SourceModuleType":"im_msvistalog","port":64545,"RecordNumber":851796,"Task":12810,"Direction":"%%14593","@version":"1","OpcodeValue":0,"SourcePort":"52053","DestPort":"53","Protocol":"17","SourceModuleName":"eventlog","Severity":"INFO","DestAddress":"172.18.38.5","SourceName":"Microsoft-Windows-Security-Auditing","Version":1,"LayerName":"%%14611","RemoteMachineID":"S-1-0-0","Category":"Filtering Platform Connection","SourceAddress":"172.18.39.5","tags":["mordorDataset"],"Hostname":"WORKSTATION5.theshire.local"}
{"Keywords":-9223372036854775808,"SeverityValue":2,"TargetObject":"HKLM\\System\\CurrentControlSet\\Services\\Tcpip\\Parameters","EventTypeOrignal":"INFO","EventID":12,"ProviderGuid":"{5770385F-C22A-43E0-BF4C-06F5698FFBD9}","ExecutionProcessID":3172,"host":"wec.internal.cloudapp.net","Channel":"Microsoft-Windows-Sysmon/Operational","UserID":"S-1-5-18","AccountType":"User","ThreadID":4048,"ProcessGuid":"{b34bc01c-2271-5f69-4800-000000000900}","EventReceivedTime":"2020-09-22 14:10:35","Opcode":"Info","EventTime":"2020-09-22 14:10:33","@timestamp":"2020-09-22T18:10:35.222Z","SourceModuleType":"im_msvistalog","port":64545,"AccountName":"SYSTEM","RecordNumber":3506125,"Task":12,"Domain":"NT AUTHORITY","@version":"1","OpcodeValue":0,"SourceModuleName":"eventlog","Severity":"INFO","SourceName":"Microsoft-Windows-Sysmon","Version":2,"Image":"C:\\windows\\system32\\svchost.exe","Category":"Registry object added or deleted (rule: RegistryEvent)","UtcTime":"2020-09-22 18:10:33.555","Hostname":"WORKSTATION5.theshire.local","RuleName":"-","tags":["mordorDataset"]}
{"Keywords":-9214364837600034816,"SeverityValue":2,"Application":"\\device\\harddiskvolume2\\windows\\system32\\dns.exe","EventID":5156,"ProviderGuid":"{54849625-5478-4994-A5BA-3E3B0328C30D}","ExecutionProcessID":4,"Channel":"Security","host":"wec.internal.cloudapp.net","EventReceivedTime":"2020-09-22 14:10:35","ProcessId":"3340","ThreadID":6556,"EventType":"AUDIT_SUCCESS","Opcode":"Info","EventTime":"2020-09-22 14:10:33","Message":"The Windows Filtering Platform has permitted a connection.\r\n\r\nApplication Information:\r\n\tProcess ID:\t\t3340\r\n\tApplication Name:\t\\device\\harddiskvolume2\\windows\\system32\\dns.exe\r\n\r\nNetwork Information:\r\n\tDirection:\t\tOutbound\r\n\tSource Address:\t\t172.18.38.5\r\n\tSource Port:\t\t50690\r\n\tDestination Address:\t13.107.4.2\r\n\tDestination Port:\t\t53\r\n\tProtocol:\t\t17\r\n\r\nFilter Information:\r\n\tFilter Run-Time ID:\t76447\r\n\tLayer Name:\t\tConnect\r\n\tLayer Run-Time ID:\t48","FilterRTID":"76447","RemoteUserID":"S-1-0-0","@timestamp":"2020-09-22T18:10:35.222Z","LayerRTID":"48","SourceModuleType":"im_msvistalog","port":64545,"RecordNumber":2181688,"Task":12810,"Direction":"%%14593","@version":"1","OpcodeValue":0,"SourcePort":"50690","DestPort":"53","Protocol":"17","SourceModuleName":"eventlog","Severity":"INFO","DestAddress":"13.107.4.2","SourceName":"Microsoft-Windows-Security-Auditing","Version":1,"LayerName":"%%14611","RemoteMachineID":"S-1-0-0","Category":"Filtering Platform Connection","SourceAddress":"172.18.38.5","tags":["mordorDataset"],"Hostname":"MORDORDC.theshire.local"}
{"Keywords":-9214364837600034816,"SeverityValue":2,"Application":"\\device\\harddiskvolume2\\windows\\system32\\svchost.exe","EventID":5158,"ProviderGuid":"{54849625-5478-4994-A5BA-3E3B0328C30D}","ExecutionProcessID":4,"Channel":"security","host":"wec.internal.cloudapp.net","EventReceivedTime":"2020-09-22 14:10:35","ProcessId":"2264","ThreadID":5156,"EventType":"AUDIT_SUCCESS","Opcode":"Info","EventTime":"2020-09-22 14:10:33","Message":"The Windows Filtering Platform has permitted a bind to a local port.\r\n\r\nApplication Information:\r\n\tProcess ID:\t\t2264\r\n\tApplication Name:\t\\device\\harddiskvolume2\\windows\\system32\\svchost.exe\r\n\r\nNetwork Information:\r\n\tSource Address:\t\t0.0.0.0\r\n\tSource Port:\t\t62325\r\n\tProtocol:\t\t6\r\n\r\nFilter Information:\r\n\tFilter Run-Time ID:\t0\r\n\tLayer Name:\t\tResource Assignment\r\n\tLayer Run-Time ID:\t36","FilterRTID":"0","@timestamp":"2020-09-22T18:10:35.223Z","LayerRTID":"36","SourceModuleType":"im_msvistalog","port":64545,"RecordNumber":851797,"Task":12810,"Protocol":"6","@version":"1","OpcodeValue":0,"SourcePort":"62325","SourceModuleName":"eventlog","Severity":"INFO","SourceName":"Microsoft-Windows-Security-Auditing","Version":0,"LayerName":"%%14608","Category":"Filtering Platform Connection","SourceAddress":"0.0.0.0","tags":["mordorDataset"],"Hostname":"WORKSTATION5.theshire.local"}
{"Keywords":-9223372036854775808,"SeverityValue":2,"TargetObject":"HKLM\\System\\CurrentControlSet\\Services\\Tcpip\\Parameters","EventTypeOrignal":"INFO","EventID":12,"ProviderGuid":"{5770385F-C22A-43E0-BF4C-06F5698FFBD9}","ExecutionProcessID":3172,"host":"wec.internal.cloudapp.net","Channel":"Microsoft-Windows-Sysmon/Operational","UserID":"S-1-5-18","AccountType":"User","ThreadID":4048,"ProcessGuid":"{b34bc01c-2271-5f69-4800-000000000900}","EventReceivedTime":"2020-09-22 14:10:35","Opcode":"Info","EventTime":"2020-09-22 14:10:33","@timestamp":"2020-09-22T18:10:35.223Z","SourceModuleType":"im_msvistalog","port":64545,"AccountName":"SYSTEM","RecordNumber":3506126,"Task":12,"Domain":"NT AUTHORITY","@version":"1","OpcodeValue":0,"SourceModuleName":"eventlog","Severity":"INFO","SourceName":"Microsoft-Windows-Sysmon","Version":2,"Image":"C:\\windows\\system32\\svchost.exe","Category":"Registry object added or deleted (rule: RegistryEvent)","UtcTime":"2020-09-22 18:10:33.555","Hostname":"WORKSTATION5.theshire.local","RuleName":"-","tags":["mordorDataset"]}
{"Keywords":-9214364837600034816,"SeverityValue":2,"Application":"\\device\\harddiskvolume2\\windows\\system32\\dns.exe","EventID":5156,"ProviderGuid":"{54849625-5478-4994-A5BA-3E3B0328C30D}","ExecutionProcessID":4,"Channel":"Security","host":"wec.internal.cloudapp.net","EventReceivedTime":"2020-09-22 14:10:35","ProcessId":"3340","ThreadID":6556,"EventType":"AUDIT_SUCCESS","Opcode":"Info","EventTime":"2020-09-22 14:10:33","Message":"The Windows Filtering Platform has permitted a connection.\r\n\r\nApplication Information:\r\n\tProcess ID:\t\t3340\r\n\tApplication Name:\t\\device\\harddiskvolume2\\windows\\system32\\dns.exe\r\n\r\nNetwork Information:\r\n\tDirection:\t\tOutbound\r\n\tSource Address:\t\t172.18.38.5\r\n\tSource Port:\t\t50194\r\n\tDestination Address:\t131.253.33.1\r\n\tDestination Port:\t\t53\r\n\tProtocol:\t\t17\r\n\r\nFilter Information:\r\n\tFilter Run-Time ID:\t76447\r\n\tLayer Name:\t\tConnect\r\n\tLayer Run-Time ID:\t48","FilterRTID":"76447","RemoteUserID":"S-1-0-0","@timestamp":"2020-09-22T18:10:35.223Z","LayerRTID":"48","SourceModuleType":"im_msvistalog","port":64545,"RecordNumber":2181689,"Task":12810,"Direction":"%%14593","@version":"1","OpcodeValue":0,"SourcePort":"50194","DestPort":"53","Protocol":"17","SourceModuleName":"eventlog","Severity":"INFO","DestAddress":"131.253.33.1","SourceName":"Microsoft-Windows-Security-Auditing","Version":1,"LayerName":"%%14611","RemoteMachineID":"S-1-0-0","Category":"Filtering Platform Connection","SourceAddress":"172.18.38.5","tags":["mordorDataset"],"Hostname":"MORDORDC.theshire.local"}
{"Keywords":-9223372036854775808,"SeverityValue":2,"TargetObject":"HKLM\\System\\CurrentControlSet\\Services\\Tcpip\\Parameters","EventTypeOrignal":"INFO","EventID":12,"ProviderGuid":"{5770385F-C22A-43E0-BF4C-06F5698FFBD9}","ExecutionProcessID":3172,"host":"wec.internal.cloudapp.net","Channel":"Microsoft-Windows-Sysmon/Operational","UserID":"S-1-5-18","AccountType":"User","ThreadID":4048,"ProcessGuid":"{b34bc01c-2271-5f69-4800-000000000900}","EventReceivedTime":"2020-09-22 14:10:35","Opcode":"Info","EventTime":"2020-09-22 14:10:33","@timestamp":"2020-09-22T18:10:35.224Z","SourceModuleType":"im_msvistalog","port":64545,"AccountName":"SYSTEM","RecordNumber":3506127,"Task":12,"Domain":"NT AUTHORITY","@version":"1","OpcodeValue":0,"SourceModuleName":"eventlog","Severity":"INFO","SourceName":"Microsoft-Windows-Sysmon","Version":2,"Image":"C:\\windows\\system32\\svchost.exe","Category":"Registry object added or deleted (rule: RegistryEvent)","UtcTime":"2020-09-22 18:10:33.555","Hostname":"WORKSTATION5.theshire.local","RuleName":"-","tags":["mordorDataset"]}
{"Keywords":-9214364837600034816,"SeverityValue":2,"Application":"\\device\\harddiskvolume2\\windows\\system32\\svchost.exe","EventID":5156,"ProviderGuid":"{54849625-5478-4994-A5BA-3E3B0328C30D}","ExecutionProcessID":4,"Channel":"security","host":"wec.internal.cloudapp.net","EventReceivedTime":"2020-09-22 14:10:35","ProcessId":"2264","ThreadID":5156,"EventType":"AUDIT_SUCCESS","Opcode":"Info","EventTime":"2020-09-22 14:10:33","Message":"The Windows Filtering Platform has permitted a connection.\r\n\r\nApplication Information:\r\n\tProcess ID:\t\t2264\r\n\tApplication Name:\t\\device\\harddiskvolume2\\windows\\system32\\svchost.exe\r\n\r\nNetwork Information:\r\n\tDirection:\t\tOutbound\r\n\tSource Address:\t\t172.18.39.5\r\n\tSource Port:\t\t62325\r\n\tDestination Address:\t13.107.12.50\r\n\tDestination Port:\t\t80\r\n\tProtocol:\t\t6\r\n\r\nFilter Information:\r\n\tFilter Run-Time ID:\t79456\r\n\tLayer Name:\t\tConnect\r\n\tLayer Run-Time ID:\t48","FilterRTID":"79456","RemoteUserID":"S-1-0-0","@timestamp":"2020-09-22T18:10:35.224Z","LayerRTID":"48","SourceModuleType":"im_msvistalog","port":64545,"RecordNumber":851798,"Task":12810,"Direction":"%%14593","@version":"1","OpcodeValue":0,"SourcePort":"62325","DestPort":"80","Protocol":"6","SourceModuleName":"eventlog","Severity":"INFO","DestAddress":"13.107.12.50","SourceName":"Microsoft-Windows-Security-Auditing","Version":1,"LayerName":"%%14611","RemoteMachineID":"S-1-0-0","Category":"Filtering Platform Connection","SourceAddress":"172.18.39.5","tags":["mordorDataset"],"Hostname":"WORKSTATION5.theshire.local"}
{"ImageLoaded":"C:\\Windows\\System32\\FWPUCLNT.DLL","SeverityValue":2,"EventReceivedTime":"2020-09-22 14:10:35","EventID":7,"ProviderGuid":"{5770385F-C22A-43E0-BF4C-06F5698FFBD9}","ExecutionProcessID":3172,"Channel":"Microsoft-Windows-Sysmon/Operational","host":"wec.internal.cloudapp.net","AccountType":"User","ProcessGuid":"{b34bc01c-2271-5f69-4800-000000000900}","Opcode":"Info","EventTime":"2020-09-22 14:10:33","Signed":"true","SourceModuleType":"im_msvistalog","AccountName":"SYSTEM","Domain":"NT AUTHORITY","@version":"1","OpcodeValue":0,"SignatureStatus":"Valid","Severity":"INFO","Hashes":"SHA1=64CC9E48F979B833AF5135CB528C68500D2487AF,MD5=8DE4320C63049386489277DC983958D4,SHA256=BFD0137D9615A3C2B02FF8E1B5B33221A8F7DEEC573AC27CDCDAE68DEA72CD95,IMPHASH=AFD4C9F86C7354898594DD6BBF32C51F","SourceName":"Microsoft-Windows-Sysmon","Description":"FWP/IPsec User-Mode API","Category":"Image loaded (rule: ImageLoad)","Company":"Microsoft Corporation","Keywords":-9223372036854775808,"FileVersion":"10.0.18362.207 (WinBuild.160101.0800)","UserID":"S-1-5-18","ThreadID":4048,"EventType":"INFO","@timestamp":"2020-09-22T18:10:35.224Z","port":64545,"RecordNumber":3506128,"Task":7,"Signature":"Microsoft Windows","SourceModuleName":"eventlog","Version":3,"Product":"Microsoft Windows Operating System","Image":"C:\\Windows\\System32\\svchost.exe","OriginalFileName":"fwpuclnt.dll","UtcTime":"2020-09-22 18:10:33.586","Hostname":"WORKSTATION5.theshire.local","RuleName":"-","tags":["mordorDataset"]}
{"ImageLoaded":"C:\\Windows\\System32\\OnDemandConnRouteHelper.dll","SeverityValue":2,"EventReceivedTime":"2020-09-22 14:10:35","EventID":7,"ProviderGuid":"{5770385F-C22A-43E0-BF4C-06F5698FFBD9}","ExecutionProcessID":3172,"Channel":"Microsoft-Windows-Sysmon/Operational","host":"wec.internal.cloudapp.net","AccountType":"User","ProcessGuid":"{b34bc01c-2271-5f69-4800-000000000900}","Opcode":"Info","EventTime":"2020-09-22 14:10:33","Signed":"true","SourceModuleType":"im_msvistalog","AccountName":"SYSTEM","Domain":"NT AUTHORITY","@version":"1","OpcodeValue":0,"SignatureStatus":"Valid","Severity":"INFO","Hashes":"SHA1=CB0FED80A33581425BBEA334D9185F63C5EE315F,MD5=9D1E318E09783AFBBF2F51D6E9950662,SHA256=48C0E264A522173740EBD7627900BE7E6FEDAEE2264F67A00E78D4A6D76865D8,IMPHASH=83BEA6248DF8A10A1D9DF229B452B69F","SourceName":"Microsoft-Windows-Sysmon","Description":"On Demand Connctiond Route Helper","Category":"Image loaded (rule: ImageLoad)","Company":"Microsoft Corporation","Keywords":-9223372036854775808,"FileVersion":"10.0.18362.1 (WinBuild.160101.0800)","UserID":"S-1-5-18","ThreadID":4048,"EventType":"INFO","@timestamp":"2020-09-22T18:10:35.224Z","port":64545,"RecordNumber":3506129,"Task":7,"Signature":"Microsoft Windows","SourceModuleName":"eventlog","Version":3,"Product":"Microsoft Windows Operating System","Image":"C:\\Windows\\System32\\svchost.exe","OriginalFileName":"OnDemandConnRouteHelper.dll","UtcTime":"2020-09-22 18:10:33.586","Hostname":"WORKSTATION5.theshire.local","RuleName":"-","tags":["mordorDataset"]}
{"Keywords":-9223372036854775808,"SeverityValue":2,"TargetObject":"HKLM\\SOFTWARE\\Microsoft\\SystemCertificates\\AuthRoot\\AutoUpdate","EventTypeOrignal":"INFO","EventID":12,"ProviderGuid":"{5770385F-C22A-43E0-BF4C-06F5698FFBD9}","ExecutionProcessID":3172,"host":"wec.internal.cloudapp.net","Channel":"Microsoft-Windows-Sysmon/Operational","UserID":"S-1-5-18","AccountType":"User","ThreadID":4048,"ProcessGuid":"{b34bc01c-2271-5f69-4800-000000000900}","EventReceivedTime":"2020-09-22 14:10:35","Opcode":"Info","EventTime":"2020-09-22 14:10:33","@timestamp":"2020-09-22T18:10:35.225Z","SourceModuleType":"im_msvistalog","port":64545,"AccountName":"SYSTEM","RecordNumber":3506130,"Task":12,"Domain":"NT AUTHORITY","@version":"1","OpcodeValue":0,"SourceModuleName":"eventlog","Severity":"INFO","SourceName":"Microsoft-Windows-Sysmon","Version":2,"Image":"C:\\windows\\system32\\svchost.exe","Category":"Registry object added or deleted (rule: RegistryEvent)","UtcTime":"2020-09-22 18:10:33.601","Hostname":"WORKSTATION5.theshire.local","RuleName":"-","tags":["mordorDataset"]}
{"Keywords":-9223372036854775808,"SeverityValue":2,"TargetObject":"HKLM\\SOFTWARE\\Microsoft\\SystemCertificates\\AuthRoot\\AutoUpdate\\PinRulesLastSyncTime","EventTypeOrignal":"INFO","EventID":13,"ProviderGuid":"{5770385F-C22A-43E0-BF4C-06F5698FFBD9}","ExecutionProcessID":3172,"host":"wec.internal.cloudapp.net","Channel":"Microsoft-Windows-Sysmon/Operational","UserID":"S-1-5-18","AccountType":"User","ThreadID":4048,"ProcessGuid":"{b34bc01c-2271-5f69-4800-000000000900}","Details":"Binary Data","EventReceivedTime":"2020-09-22 14:10:35","Opcode":"Info","EventTime":"2020-09-22 14:10:33","@timestamp":"2020-09-22T18:10:35.225Z","SourceModuleType":"im_msvistalog","port":64545,"AccountName":"SYSTEM","RecordNumber":3506131,"Task":13,"Domain":"NT AUTHORITY","@version":"1","OpcodeValue":0,"SourceModuleName":"eventlog","Severity":"INFO","SourceName":"Microsoft-Windows-Sysmon","Version":2,"Image":"C:\\windows\\system32\\svchost.exe","Category":"Registry value set (rule: RegistryEvent)","UtcTime":"2020-09-22 18:10:33.601","Hostname":"WORKSTATION5.theshire.local","RuleName":"-","tags":["mordorDataset"]}
{"Keywords":-9223372036854775808,"SeverityValue":2,"SourceImage":"C:\\windows\\system32\\svchost.exe","EventID":10,"ProviderGuid":"{5770385F-C22A-43E0-BF4C-06F5698FFBD9}","ExecutionProcessID":3172,"Channel":"Microsoft-Windows-Sysmon/Operational","host":"wec.internal.cloudapp.net","AccountType":"User","UserID":"S-1-5-18","SourceProcessGUID":"{b34bc01c-226b-5f69-1000-000000000900}","ThreadID":4048,"TargetImage":"C:\\windows\\system32\\svchost.exe","GrantedAccess":"0x1000","EventType":"INFO","Opcode":"Info","EventTime":"2020-09-22 14:10:33","EventReceivedTime":"2020-09-22 14:10:35","@timestamp":"2020-09-22T18:10:35.226Z","SourceModuleType":"im_msvistalog","port":64545,"AccountName":"SYSTEM","RecordNumber":3506132,"SourceProcessId":"908","SourceThreadId":"6220","Task":10,"Domain":"NT AUTHORITY","@version":"1","OpcodeValue":0,"SourceModuleName":"eventlog","TargetProcessGUID":"{b34bc01c-2271-5f69-4800-000000000900}","Severity":"INFO","SourceName":"Microsoft-Windows-Sysmon","Version":3,"TargetProcessId":"2264","Category":"Process accessed (rule: ProcessAccess)","CallTrace":"C:\\windows\\SYSTEM32\\ntdll.dll+9c534|C:\\windows\\SYSTEM32\\psmserviceexthost.dll+222a3|C:\\windows\\SYSTEM32\\psmserviceexthost.dll+1a172|C:\\windows\\SYSTEM32\\psmserviceexthost.dll+19e3b|C:\\windows\\SYSTEM32\\psmserviceexthost.dll+19318|C:\\windows\\SYSTEM32\\ntdll.dll+3081d|C:\\windows\\SYSTEM32\\ntdll.dll+345b4|C:\\windows\\System32\\KERNEL32.DLL+17bd4|C:\\windows\\SYSTEM32\\ntdll.dll+6ce51","UtcTime":"2020-09-22 18:10:33.601","Hostname":"WORKSTATION5.theshire.local","RuleName":"-","tags":["mordorDataset"]}
{"Keywords":-9223372036854775808,"SeverityValue":2,"SourceImage":"C:\\windows\\system32\\svchost.exe","EventID":10,"ProviderGuid":"{5770385F-C22A-43E0-BF4C-06F5698FFBD9}","ExecutionProcessID":3172,"Channel":"Microsoft-Windows-Sysmon/Operational","host":"wec.internal.cloudapp.net","AccountType":"User","UserID":"S-1-5-18","SourceProcessGUID":"{b34bc01c-226b-5f69-1000-000000000900}","ThreadID":4048,"TargetImage":"C:\\windows\\system32\\svchost.exe","GrantedAccess":"0x1000","EventType":"INFO","Opcode":"Info","EventTime":"2020-09-22 14:10:33","EventReceivedTime":"2020-09-22 14:10:35","@timestamp":"2020-09-22T18:10:35.226Z","SourceModuleType":"im_msvistalog","port":64545,"AccountName":"SYSTEM","RecordNumber":3506133,"SourceProcessId":"908","SourceThreadId":"6220","Task":10,"Domain":"NT AUTHORITY","@version":"1","OpcodeValue":0,"SourceModuleName":"eventlog","TargetProcessGUID":"{b34bc01c-2271-5f69-4800-000000000900}","Severity":"INFO","SourceName":"Microsoft-Windows-Sysmon","Version":3,"TargetProcessId":"2264","Category":"Process accessed (rule: ProcessAccess)","CallTrace":"C:\\windows\\SYSTEM32\\ntdll.dll+9c534|C:\\windows\\SYSTEM32\\psmserviceexthost.dll+222a3|C:\\windows\\SYSTEM32\\psmserviceexthost.dll+1a172|C:\\windows\\SYSTEM32\\psmserviceexthost.dll+19e3b|C:\\windows\\SYSTEM32\\psmserviceexthost.dll+19318|C:\\windows\\SYSTEM32\\ntdll.dll+3081d|C:\\windows\\SYSTEM32\\ntdll.dll+345b4|C:\\windows\\System32\\KERNEL32.DLL+17bd4|C:\\windows\\SYSTEM32\\ntdll.dll+6ce51","UtcTime":"2020-09-22 18:10:33.601","Hostname":"WORKSTATION5.theshire.local","RuleName":"-","tags":["mordorDataset"]}
{"Keywords":-9223372036854775808,"SeverityValue":2,"TargetObject":"HKU\\.DEFAULT\\Software\\Microsoft\\Windows\\CurrentVersion\\Internet Settings\\Connections","EventTypeOrignal":"INFO","EventID":12,"ProviderGuid":"{5770385F-C22A-43E0-BF4C-06F5698FFBD9}","ExecutionProcessID":3172,"host":"wec.internal.cloudapp.net","Channel":"Microsoft-Windows-Sysmon/Operational","UserID":"S-1-5-18","AccountType":"User","ThreadID":4048,"ProcessGuid":"{b34bc01c-2270-5f69-4000-000000000900}","EventReceivedTime":"2020-09-22 14:10:35","Opcode":"Info","EventTime":"2020-09-22 14:10:33","@timestamp":"2020-09-22T18:10:35.226Z","SourceModuleType":"im_msvistalog","port":64545,"AccountName":"SYSTEM","RecordNumber":3506134,"Task":12,"Domain":"NT AUTHORITY","@version":"1","OpcodeValue":0,"SourceModuleName":"eventlog","Severity":"INFO","SourceName":"Microsoft-Windows-Sysmon","Version":2,"Image":"C:\\windows\\system32\\svchost.exe","Category":"Registry object added or deleted (rule: RegistryEvent)","UtcTime":"2020-09-22 18:10:33.601","Hostname":"WORKSTATION5.theshire.local","RuleName":"-","tags":["mordorDataset"]}
{"Keywords":-9223372036854775808,"SeverityValue":2,"SourceImage":"C:\\windows\\system32\\svchost.exe","EventID":10,"ProviderGuid":"{5770385F-C22A-43E0-BF4C-06F5698FFBD9}","ExecutionProcessID":3172,"Channel":"Microsoft-Windows-Sysmon/Operational","host":"wec.internal.cloudapp.net","AccountType":"User","UserID":"S-1-5-18","SourceProcessGUID":"{b34bc01c-226b-5f69-1000-000000000900}","ThreadID":4048,"TargetImage":"C:\\windows\\system32\\svchost.exe","GrantedAccess":"0x1000","EventType":"INFO","Opcode":"Info","EventTime":"2020-09-22 14:10:33","EventReceivedTime":"2020-09-22 14:10:35","@timestamp":"2020-09-22T18:10:35.227Z","SourceModuleType":"im_msvistalog","port":64545,"AccountName":"SYSTEM","RecordNumber":3506135,"SourceProcessId":"908","SourceThreadId":"2484","Task":10,"Domain":"NT AUTHORITY","@version":"1","OpcodeValue":0,"SourceModuleName":"eventlog","TargetProcessGUID":"{b34bc01c-2271-5f69-4800-000000000900}","Severity":"INFO","SourceName":"Microsoft-Windows-Sysmon","Version":3,"TargetProcessId":"2264","Category":"Process accessed (rule: ProcessAccess)","CallTrace":"C:\\windows\\SYSTEM32\\ntdll.dll+9c534|C:\\windows\\SYSTEM32\\psmserviceexthost.dll+222a3|C:\\windows\\SYSTEM32\\psmserviceexthost.dll+1a172|C:\\windows\\SYSTEM32\\psmserviceexthost.dll+19e3b|C:\\windows\\SYSTEM32\\psmserviceexthost.dll+19318|C:\\windows\\SYSTEM32\\ntdll.dll+3081d|C:\\windows\\SYSTEM32\\ntdll.dll+345b4|C:\\windows\\System32\\KERNEL32.DLL+17bd4|C:\\windows\\SYSTEM32\\ntdll.dll+6ce51","UtcTime":"2020-09-22 18:10:33.601","Hostname":"WORKSTATION5.theshire.local","RuleName":"-","tags":["mordorDataset"]}
{"Keywords":-9223372036854775808,"SeverityValue":2,"SourceImage":"C:\\windows\\system32\\svchost.exe","EventID":10,"ProviderGuid":"{5770385F-C22A-43E0-BF4C-06F5698FFBD9}","ExecutionProcessID":3172,"Channel":"Microsoft-Windows-Sysmon/Operational","host":"wec.internal.cloudapp.net","AccountType":"User","UserID":"S-1-5-18","SourceProcessGUID":"{b34bc01c-226b-5f69-1000-000000000900}","ThreadID":4048,"TargetImage":"C:\\windows\\system32\\svchost.exe","GrantedAccess":"0x1000","EventType":"INFO","Opcode":"Info","EventTime":"2020-09-22 14:10:33","EventReceivedTime":"2020-09-22 14:10:35","@timestamp":"2020-09-22T18:10:35.227Z","SourceModuleType":"im_msvistalog","port":64545,"AccountName":"SYSTEM","RecordNumber":3506136,"SourceProcessId":"908","SourceThreadId":"2484","Task":10,"Domain":"NT AUTHORITY","@version":"1","OpcodeValue":0,"SourceModuleName":"eventlog","TargetProcessGUID":"{b34bc01c-2271-5f69-4800-000000000900}","Severity":"INFO","SourceName":"Microsoft-Windows-Sysmon","Version":3,"TargetProcessId":"2264","Category":"Process accessed (rule: ProcessAccess)","CallTrace":"C:\\windows\\SYSTEM32\\ntdll.dll+9c534|C:\\windows\\SYSTEM32\\psmserviceexthost.dll+222a3|C:\\windows\\SYSTEM32\\psmserviceexthost.dll+1a172|C:\\windows\\SYSTEM32\\psmserviceexthost.dll+19e3b|C:\\windows\\SYSTEM32\\psmserviceexthost.dll+19318|C:\\windows\\SYSTEM32\\ntdll.dll+3081d|C:\\windows\\SYSTEM32\\ntdll.dll+345b4|C:\\windows\\System32\\KERNEL32.DLL+17bd4|C:\\windows\\SYSTEM32\\ntdll.dll+6ce51","UtcTime":"2020-09-22 18:10:33.601","Hostname":"WORKSTATION5.theshire.local","RuleName":"-","tags":["mordorDataset"]}
{"Keywords":-9223372036854775808,"SeverityValue":2,"TargetObject":"HKLM\\SOFTWARE\\Microsoft\\SystemCertificates\\AuthRoot\\AutoUpdate","EventTypeOrignal":"INFO","EventID":12,"ProviderGuid":"{5770385F-C22A-43E0-BF4C-06F5698FFBD9}","ExecutionProcessID":3172,"host":"wec.internal.cloudapp.net","Channel":"Microsoft-Windows-Sysmon/Operational","UserID":"S-1-5-18","AccountType":"User","ThreadID":4048,"ProcessGuid":"{b34bc01c-2271-5f69-4800-000000000900}","EventReceivedTime":"2020-09-22 14:10:36","Opcode":"Info","EventTime":"2020-09-22 14:10:33","@timestamp":"2020-09-22T18:10:36.216Z","SourceModuleType":"im_msvistalog","port":64545,"AccountName":"SYSTEM","RecordNumber":3506137,"Task":12,"Domain":"NT AUTHORITY","@version":"1","OpcodeValue":0,"SourceModuleName":"eventlog","Severity":"INFO","SourceName":"Microsoft-Windows-Sysmon","Version":2,"Image":"C:\\windows\\system32\\svchost.exe","Category":"Registry object added or deleted (rule: RegistryEvent)","UtcTime":"2020-09-22 18:10:33.601","Hostname":"WORKSTATION5.theshire.local","RuleName":"-","tags":["mordorDataset"]}
{"Keywords":-9223372036854775808,"SeverityValue":2,"TargetObject":"HKLM\\SOFTWARE\\Microsoft\\SystemCertificates\\AuthRoot\\AutoUpdate\\DisallowedCertLastSyncTime","EventTypeOrignal":"INFO","EventID":13,"ProviderGuid":"{5770385F-C22A-43E0-BF4C-06F5698FFBD9}","ExecutionProcessID":3172,"host":"wec.internal.cloudapp.net","Channel":"Microsoft-Windows-Sysmon/Operational","UserID":"S-1-5-18","AccountType":"User","ThreadID":4048,"ProcessGuid":"{b34bc01c-2271-5f69-4800-000000000900}","Details":"Binary Data","EventReceivedTime":"2020-09-22 14:10:36","Opcode":"Info","EventTime":"2020-09-22 14:10:33","@timestamp":"2020-09-22T18:10:36.217Z","SourceModuleType":"im_msvistalog","port":64545,"AccountName":"SYSTEM","RecordNumber":3506138,"Task":13,"Domain":"NT AUTHORITY","@version":"1","OpcodeValue":0,"SourceModuleName":"eventlog","Severity":"INFO","SourceName":"Microsoft-Windows-Sysmon","Version":2,"Image":"C:\\windows\\system32\\svchost.exe","Category":"Registry value set (rule: RegistryEvent)","UtcTime":"2020-09-22 18:10:33.601","Hostname":"WORKSTATION5.theshire.local","RuleName":"-","tags":["mordorDataset"]}
{"SourcePortName":"-","tags":["mordorDataset"],"SeverityValue":2,"EventReceivedTime":"2020-09-22 14:10:38","EventID":3,"ProviderGuid":"{5770385F-C22A-43E0-BF4C-06F5698FFBD9}","ExecutionProcessID":3172,"Channel":"Microsoft-Windows-Sysmon/Operational","host":"wec.internal.cloudapp.net","AccountType":"User","ProcessGuid":"{b34bc01c-2271-5f69-4800-000000000900}","Opcode":"Info","EventTime":"2020-09-22 14:10:35","SourceModuleType":"im_msvistalog","AccountName":"SYSTEM","Domain":"NT AUTHORITY","Protocol":"tcp","@version":"1","OpcodeValue":0,"SourcePort":"62325","DestinationPort":"80","Severity":"INFO","User":"NT AUTHORITY\\NETWORK SERVICE","SourceName":"Microsoft-Windows-Sysmon","Category":"Network connection detected (rule: NetworkConnect)","SourceHostname":"-","DestinationIp":"13.107.12.50","SourceIp":"172.18.39.5","Keywords":-9223372036854775808,"UserID":"S-1-5-18","ThreadID":4012,"DestinationIsIpv6":"false","EventType":"INFO","@timestamp":"2020-09-22T18:10:38.222Z","port":64545,"RecordNumber":3506139,"Task":3,"SourceModuleName":"eventlog","Initiated":"true","Version":5,"Image":"C:\\Windows\\System32\\svchost.exe","SourceIsIpv6":"false","DestinationPortName":"-","UtcTime":"2020-09-22 18:10:34.377","Hostname":"WORKSTATION5.theshire.local","DestinationHostname":"-","RuleName":"-"}
{"Keywords":-9214364837600034816,"SeverityValue":2,"SubjectDomainName":"NT AUTHORITY","EventID":4690,"ProviderGuid":"{54849625-5478-4994-A5BA-3E3B0328C30D}","ExecutionProcessID":4,"Channel":"Security","host":"wec.internal.cloudapp.net","SubjectUserSid":"S-1-5-19","EventReceivedTime":"2020-09-22 14:10:38","ProcessId":"0x5f4","ThreadID":1536,"EventType":"AUDIT_SUCCESS","Opcode":"Info","EventTime":"2020-09-22 14:10:36","Message":"An attempt was made to duplicate a handle to an object.\r\n\r\nSubject:\r\n\tSecurity ID:\t\tS-1-5-19\r\n\tAccount Name:\t\tLOCAL SERVICE\r\n\tAccount Domain:\t\tNT AUTHORITY\r\n\tLogon ID:\t\t0x3E5\r\n\r\nSource Handle Information:\r\n\tSource Handle ID:\t0x7ec\r\n\tSource Process ID:\t0x5f4\r\n\r\nNew Handle Information:\r\n\tTarget Handle ID:\t0x1ea8\r\n\tTarget Process ID:\t0x4","SourceHandleId":"0x7ec","TargetHandleId":"0x1ea8","@timestamp":"2020-09-22T18:10:38.223Z","SubjectLogonId":"0x3e5","SourceModuleType":"im_msvistalog","port":64545,"RecordNumber":2181690,"SubjectUserName":"LOCAL SERVICE","SourceProcessId":"0x5f4","Task":12807,"@version":"1","OpcodeValue":0,"SourceModuleName":"eventlog","Severity":"INFO","SourceName":"Microsoft-Windows-Security-Auditing","Version":0,"TargetProcessId":"0x4","Category":"Handle Manipulation","tags":["mordorDataset"],"Hostname":"MORDORDC.theshire.local"}
{"Keywords":-9214364837600034816,"SeverityValue":2,"SubjectDomainName":"NT AUTHORITY","EventID":4658,"ProviderGuid":"{54849625-5478-4994-A5BA-3E3B0328C30D}","ExecutionProcessID":4,"Channel":"Security","host":"wec.internal.cloudapp.net","SubjectUserSid":"S-1-5-19","EventReceivedTime":"2020-09-22 14:10:38","ProcessId":"0x5f4","ThreadID":1536,"EventType":"AUDIT_SUCCESS","Opcode":"Info","EventTime":"2020-09-22 14:10:36","Message":"The handle to an object was closed.\r\n\r\nSubject :\r\n\tSecurity ID:\t\tS-1-5-19\r\n\tAccount Name:\t\tLOCAL SERVICE\r\n\tAccount Domain:\t\tNT AUTHORITY\r\n\tLogon ID:\t\t0x3E5\r\n\r\nObject:\r\n\tObject Server:\t\tSecurity\r\n\tHandle ID:\t\t0x1ea8\r\n\r\nProcess Information:\r\n\tProcess ID:\t\t0x5f4\r\n\tProcess Name:\t\tC:\\Windows\\System32\\svchost.exe","@timestamp":"2020-09-22T18:10:38.223Z","ObjectServer":"Security","SubjectLogonId":"0x3e5","SourceModuleType":"im_msvistalog","port":64545,"ProcessName":"C:\\Windows\\System32\\svchost.exe","RecordNumber":2181691,"SubjectUserName":"LOCAL SERVICE","Task":12801,"@version":"1","OpcodeValue":0,"SourceModuleName":"eventlog","Severity":"INFO","HandleId":"0x1ea8","SourceName":"Microsoft-Windows-Security-Auditing","Version":0,"Category":"Registry","tags":["mordorDataset"],"Hostname":"MORDORDC.theshire.local"}
{"SeverityValue":2,"SubjectDomainName":"NT AUTHORITY","EventReceivedTime":"2020-09-22 14:10:38","EventID":4656,"ProviderGuid":"{54849625-5478-4994-A5BA-3E3B0328C30D}","ExecutionProcessID":4,"Channel":"Security","host":"wec.internal.cloudapp.net","ProcessId":"0x5f4","Opcode":"Info","EventTime":"2020-09-22 14:10:36","TransactionId":"{00000000-0000-0000-0000-000000000000}","ObjectServer":"Security","AccessMask":"0x1","SourceModuleType":"im_msvistalog","ProcessName":"C:\\Windows\\System32\\svchost.exe","@version":"1","OpcodeValue":0,"Severity":"INFO","HandleId":"0x7ec","ObjectName":"\\REGISTRY\\MACHINE\\SYSTEM\\ControlSet001\\Control\\Lsa","SourceName":"Microsoft-Windows-Security-Auditing","Category":"Registry","Keywords":-9214364837600034816,"ObjectType":"Key","SubjectUserSid":"S-1-5-19","ThreadID":1536,"EventType":"AUDIT_SUCCESS","Message":"A handle to an object was requested.\r\n\r\nSubject:\r\n\tSecurity ID:\t\tS-1-5-19\r\n\tAccount Name:\t\tLOCAL SERVICE\r\n\tAccount Domain:\t\tNT AUTHORITY\r\n\tLogon ID:\t\t0x3E5\r\n\r\nObject:\r\n\tObject Server:\t\tSecurity\r\n\tObject Type:\t\tKey\r\n\tObject Name:\t\t\\REGISTRY\\MACHINE\\SYSTEM\\ControlSet001\\Control\\Lsa\r\n\tHandle ID:\t\t0x7ec\r\n\tResource Attributes:\t-\r\n\r\nProcess Information:\r\n\tProcess ID:\t\t0x5f4\r\n\tProcess Name:\t\tC:\\Windows\\System32\\svchost.exe\r\n\r\nAccess Request Information:\r\n\tTransaction ID:\t\t{00000000-0000-0000-0000-000000000000}\r\n\tAccesses:\t\tQuery key value\r\n\t\t\t\t\r\n\tAccess Reasons:\t\t-\r\n\tAccess Mask:\t\t0x1\r\n\tPrivileges Used for Access Check:\t-\r\n\tRestricted SID Count:\t5","AccessReason":"-","PrivilegeList":"-","@timestamp":"2020-09-22T18:10:38.223Z","SubjectLogonId":"0x3e5","port":64545,"RecordNumber":2181692,"SubjectUserName":"LOCAL SERVICE","Task":12801,"SourceModuleName":"eventlog","Version":1,"AccessList":"%%4432\r\n\t\t\t\t","RestrictedSidCount":"5","ResourceAttributes":"-","Hostname":"MORDORDC.theshire.local","tags":["mordorDataset"]}
{"Keywords":-9214364837600034816,"SeverityValue":2,"SubjectDomainName":"NT AUTHORITY","EventID":4663,"ProviderGuid":"{54849625-5478-4994-A5BA-3E3B0328C30D}","ExecutionProcessID":4,"Channel":"Security","host":"wec.internal.cloudapp.net","SubjectUserSid":"S-1-5-19","ObjectType":"Key","EventReceivedTime":"2020-09-22 14:10:38","ThreadID":1536,"ProcessId":"0x5f4","EventType":"AUDIT_SUCCESS","Opcode":"Info","EventTime":"2020-09-22 14:10:36","Message":"An attempt was made to access an object.\r\n\r\nSubject:\r\n\tSecurity ID:\t\tS-1-5-19\r\n\tAccount Name:\t\tLOCAL SERVICE\r\n\tAccount Domain:\t\tNT AUTHORITY\r\n\tLogon ID:\t\t0x3E5\r\n\r\nObject:\r\n\tObject Server:\t\tSecurity\r\n\tObject Type:\t\tKey\r\n\tObject Name:\t\t\\REGISTRY\\MACHINE\\SYSTEM\\ControlSet001\\Control\\Lsa\r\n\tHandle ID:\t\t0x7ec\r\n\tResource Attributes:\t-\r\n\r\nProcess Information:\r\n\tProcess ID:\t\t0x5f4\r\n\tProcess Name:\t\tC:\\Windows\\System32\\svchost.exe\r\n\r\nAccess Request Information:\r\n\tAccesses:\t\tQuery key value\r\n\t\t\t\t\r\n\tAccess Mask:\t\t0x1","@timestamp":"2020-09-22T18:10:38.223Z","ObjectServer":"Security","SubjectLogonId":"0x3e5","AccessMask":"0x1","port":64545,"ProcessName":"C:\\Windows\\System32\\svchost.exe","RecordNumber":2181693,"SubjectUserName":"LOCAL SERVICE","SourceModuleType":"im_msvistalog","Task":12801,"@version":"1","OpcodeValue":0,"SourceModuleName":"eventlog","Severity":"INFO","HandleId":"0x7ec","ObjectName":"\\REGISTRY\\MACHINE\\SYSTEM\\ControlSet001\\Control\\Lsa","SourceName":"Microsoft-Windows-Security-Auditing","Version":1,"AccessList":"%%4432\r\n\t\t\t\t","Category":"Registry","ResourceAttributes":"-","Hostname":"MORDORDC.theshire.local","tags":["mordorDataset"]}
{"Keywords":-9214364837600034816,"SeverityValue":2,"SubjectDomainName":"NT AUTHORITY","EventID":4658,"ProviderGuid":"{54849625-5478-4994-A5BA-3E3B0328C30D}","ExecutionProcessID":4,"Channel":"Security","host":"wec.internal.cloudapp.net","SubjectUserSid":"S-1-5-19","EventReceivedTime":"2020-09-22 14:10:38","ProcessId":"0x5f4","ThreadID":1536,"EventType":"AUDIT_SUCCESS","Opcode":"Info","EventTime":"2020-09-22 14:10:36","Message":"The handle to an object was closed.\r\n\r\nSubject :\r\n\tSecurity ID:\t\tS-1-5-19\r\n\tAccount Name:\t\tLOCAL SERVICE\r\n\tAccount Domain:\t\tNT AUTHORITY\r\n\tLogon ID:\t\t0x3E5\r\n\r\nObject:\r\n\tObject Server:\t\tSecurity\r\n\tHandle ID:\t\t0x7ec\r\n\r\nProcess Information:\r\n\tProcess ID:\t\t0x5f4\r\n\tProcess Name:\t\tC:\\Windows\\System32\\svchost.exe","@timestamp":"2020-09-22T18:10:38.224Z","ObjectServer":"Security","SubjectLogonId":"0x3e5","SourceModuleType":"im_msvistalog","port":64545,"ProcessName":"C:\\Windows\\System32\\svchost.exe","RecordNumber":2181694,"SubjectUserName":"LOCAL SERVICE","Task":12801,"@version":"1","OpcodeValue":0,"SourceModuleName":"eventlog","Severity":"INFO","HandleId":"0x7ec","SourceName":"Microsoft-Windows-Security-Auditing","Version":0,"Category":"Registry","tags":["mordorDataset"],"Hostname":"MORDORDC.theshire.local"}
{"Keywords":-9214364837600034816,"SeverityValue":2,"SubjectDomainName":"NT AUTHORITY","EventID":4690,"ProviderGuid":"{54849625-5478-4994-A5BA-3E3B0328C30D}","ExecutionProcessID":4,"Channel":"Security","host":"wec.internal.cloudapp.net","SubjectUserSid":"S-1-5-19","EventReceivedTime":"2020-09-22 14:10:38","ProcessId":"0x5f4","ThreadID":1536,"EventType":"AUDIT_SUCCESS","Opcode":"Info","EventTime":"2020-09-22 14:10:36","Message":"An attempt was made to duplicate a handle to an object.\r\n\r\nSubject:\r\n\tSecurity ID:\t\tS-1-5-19\r\n\tAccount Name:\t\tLOCAL SERVICE\r\n\tAccount Domain:\t\tNT AUTHORITY\r\n\tLogon ID:\t\t0x3E5\r\n\r\nSource Handle Information:\r\n\tSource Handle ID:\t0x748\r\n\tSource Process ID:\t0x5f4\r\n\r\nNew Handle Information:\r\n\tTarget Handle ID:\t0x2abc\r\n\tTarget Process ID:\t0x4","SourceHandleId":"0x748","TargetHandleId":"0x2abc","@timestamp":"2020-09-22T18:10:38.224Z","SubjectLogonId":"0x3e5","SourceModuleType":"im_msvistalog","port":64545,"RecordNumber":2181695,"SubjectUserName":"LOCAL SERVICE","SourceProcessId":"0x5f4","Task":12807,"@version":"1","OpcodeValue":0,"SourceModuleName":"eventlog","Severity":"INFO","SourceName":"Microsoft-Windows-Security-Auditing","Version":0,"TargetProcessId":"0x4","Category":"Handle Manipulation","tags":["mordorDataset"],"Hostname":"MORDORDC.theshire.local"}
{"Keywords":-9214364837600034816,"SeverityValue":2,"SubjectDomainName":"NT AUTHORITY","EventID":4658,"ProviderGuid":"{54849625-5478-4994-A5BA-3E3B0328C30D}","ExecutionProcessID":4,"Channel":"Security","host":"wec.internal.cloudapp.net","SubjectUserSid":"S-1-5-19","EventReceivedTime":"2020-09-22 14:10:38","ProcessId":"0x5f4","ThreadID":1536,"EventType":"AUDIT_SUCCESS","Opcode":"Info","EventTime":"2020-09-22 14:10:36","Message":"The handle to an object was closed.\r\n\r\nSubject :\r\n\tSecurity ID:\t\tS-1-5-19\r\n\tAccount Name:\t\tLOCAL SERVICE\r\n\tAccount Domain:\t\tNT AUTHORITY\r\n\tLogon ID:\t\t0x3E5\r\n\r\nObject:\r\n\tObject Server:\t\tSecurity\r\n\tHandle ID:\t\t0x2abc\r\n\r\nProcess Information:\r\n\tProcess ID:\t\t0x5f4\r\n\tProcess Name:\t\tC:\\Windows\\System32\\svchost.exe","@timestamp":"2020-09-22T18:10:38.224Z","ObjectServer":"Security","SubjectLogonId":"0x3e5","SourceModuleType":"im_msvistalog","port":64545,"ProcessName":"C:\\Windows\\System32\\svchost.exe","RecordNumber":2181696,"SubjectUserName":"LOCAL SERVICE","Task":12801,"@version":"1","OpcodeValue":0,"SourceModuleName":"eventlog","Severity":"INFO","HandleId":"0x2abc","SourceName":"Microsoft-Windows-Security-Auditing","Version":0,"Category":"Registry","tags":["mordorDataset"],"Hostname":"MORDORDC.theshire.local"}
