{"@version":"1","ThreadID":4452,"UserID":"S-1-5-18","Version":3,"Message":"Image loaded:\r\nRuleName: -\r\nUtcTime: 2020-08-05 07:48:29.203\r\nProcessGuid: {8715b604-644d-5f2a-a005-000000000400}\r\nProcessId: 3108\r\nImage: C:\\Windows\\System32\\sc.exe\r\nImageLoaded: C:\\Windows\\System32\\IPHLPAPI.DLL\r\nFileVersion: 10.0.18362.1 (WinBuild.160101.0800)\r\nDescription: IP Helper API\r\nProduct: Microsoft Windows Operating System\r\nCompany: Microsoft Corporation\r\nOriginalFileName: iphlpapi.dll\r\nHashes: SHA1=9414EC114C3389E0A7BC2FD986E00946E1A2A299,MD5=3929147A2A34B0902152C7D0F241B02A,SHA256=AD1C5309AA873F6A284EABE382812868E20C3D3D64197F3E6EF9D015EA060CAA,IMPHASH=6EC28633CC4ECB9F457795DD7E00B34B\r\nSigned: true\r\nSignature: Microsoft Windows\r\nSignatureStatus: Valid","ProcessGuid":"{8715b604-644d-5f2a-a005-000000000400}","SourceName":"Microsoft-Windows-Sysmon","Hashes":"SHA1=9414EC114C3389E0A7BC2FD986E00946E1A2A299,MD5=3929147A2A34B0902152C7D0F241B02A,SHA256=AD1C5309AA873F6A284EABE382812868E20C3D3D64197F3E6EF9D015EA060CAA,IMPHASH=6EC28633CC4ECB9F457795DD7E00B34B","Signature":"Microsoft Windows","tags":["mordorDataset"],"RuleName":"-","ProviderGuid":"{5770385F-C22A-43E0-BF4C-06F5698FFBD9}","EventID":7,"RecordNumber":539877,"Hostname":"WORKSTATION5.theshire.local","SourceModuleType":"im_msvistalog","Signed":"true","ExecutionProcessID":3484,"AccountName":"SYSTEM","OpcodeValue":0,"EventType":"INFO","FileVersion":"10.0.18362.1 (WinBuild.160101.0800)","Image":"C:\\Windows\\System32\\sc.exe","AccountType":"User","UtcTime":"2020-08-05 07:48:29.203","Keywords":-9223372036854775808,"OriginalFileName":"iphlpapi.dll","host":"wec.internal.cloudapp.net","SourceModuleName":"eventlog","SeverityValue":2,"SignatureStatus":"Valid","Channel":"Microsoft-Windows-Sysmon/Operational","Description":"IP Helper API","ProcessId":"3108","Domain":"NT AUTHORITY","port":53997,"Company":"Microsoft Corporation","EventTime":"2020-08-05 03:48:29","Severity":"INFO","Product":"Microsoft Windows Operating System","@timestamp":"2020-08-05T07:48:30.678Z","Task":7,"ImageLoaded":"C:\\Windows\\System32\\IPHLPAPI.DLL","EventReceivedTime":"2020-08-05 03:48:30"}
{"UtcTime":"2020-08-05 07:48:29.203","@version":"1","Keywords":-9223372036854775808,"EventTypeOrignal":"INFO","ThreadID":4452,"UserID":"S-1-5-18","Version":2,"host":"wec.internal.cloudapp.net","Message":"Registry object added or deleted:\r\nRuleName: -\r\nEventType: CreateKey\r\nUtcTime: 2020-08-05 07:48:29.203\r\nProcessGuid: {8715b604-644d-5f2a-a005-000000000400}\r\nProcessId: 3108\r\nImage: C:\\windows\\system32\\sc.exe\r\nTargetObject: HKLM\\System\\CurrentControlSet\\Services\\Tcpip\\Parameters","SourceModuleName":"eventlog","ProcessGuid":"{8715b604-644d-5f2a-a005-000000000400}","SourceName":"Microsoft-Windows-Sysmon","SeverityValue":2,"tags":["mordorDataset"],"Channel":"Microsoft-Windows-Sysmon/Operational","ProviderGuid":"{5770385F-C22A-43E0-BF4C-06F5698FFBD9}","RuleName":"-","EventID":12,"RecordNumber":539878,"TargetObject":"HKLM\\System\\CurrentControlSet\\Services\\Tcpip\\Parameters","Hostname":"WORKSTATION5.theshire.local","ProcessId":"3108","SourceModuleType":"im_msvistalog","Domain":"NT AUTHORITY","port":53997,"EventTime":"2020-08-05 03:48:29","Severity":"INFO","ExecutionProcessID":3484,"AccountName":"SYSTEM","OpcodeValue":0,"@timestamp":"2020-08-05T07:48:30.679Z","Task":12,"EventType":"CreateKey","EventReceivedTime":"2020-08-05 03:48:30","Image":"C:\\windows\\system32\\sc.exe","AccountType":"User"}
{"UtcTime":"2020-08-05 07:48:29.203","@version":"1","Keywords":-9223372036854775808,"EventTypeOrignal":"INFO","ThreadID":4452,"UserID":"S-1-5-18","Version":2,"host":"wec.internal.cloudapp.net","Message":"Registry object added or deleted:\r\nRuleName: -\r\nEventType: CreateKey\r\nUtcTime: 2020-08-05 07:48:29.203\r\nProcessGuid: {8715b604-644d-5f2a-a005-000000000400}\r\nProcessId: 3108\r\nImage: C:\\windows\\system32\\sc.exe\r\nTargetObject: HKLM\\System\\CurrentControlSet\\Services\\Tcpip\\Parameters","SourceModuleName":"eventlog","ProcessGuid":"{8715b604-644d-5f2a-a005-000000000400}","SourceName":"Microsoft-Windows-Sysmon","SeverityValue":2,"tags":["mordorDataset"],"Channel":"Microsoft-Windows-Sysmon/Operational","ProviderGuid":"{5770385F-C22A-43E0-BF4C-06F5698FFBD9}","RuleName":"-","EventID":12,"RecordNumber":539879,"TargetObject":"HKLM\\System\\CurrentControlSet\\Services\\Tcpip\\Parameters","Hostname":"WORKSTATION5.theshire.local","ProcessId":"3108","SourceModuleType":"im_msvistalog","Domain":"NT AUTHORITY","port":53997,"EventTime":"2020-08-05 03:48:29","Severity":"INFO","ExecutionProcessID":3484,"AccountName":"SYSTEM","OpcodeValue":0,"@timestamp":"2020-08-05T07:48:30.679Z","Task":12,"EventType":"CreateKey","EventReceivedTime":"2020-08-05 03:48:30","Image":"C:\\windows\\system32\\sc.exe","AccountType":"User"}
{"UtcTime":"2020-08-05 07:48:29.203","@version":"1","Keywords":-9223372036854775808,"EventTypeOrignal":"INFO","ThreadID":4452,"UserID":"S-1-5-18","Version":2,"host":"wec.internal.cloudapp.net","Message":"Registry object added or deleted:\r\nRuleName: -\r\nEventType: CreateKey\r\nUtcTime: 2020-08-05 07:48:29.203\r\nProcessGuid: {8715b604-644d-5f2a-a005-000000000400}\r\nProcessId: 3108\r\nImage: C:\\windows\\system32\\sc.exe\r\nTargetObject: HKLM\\System\\CurrentControlSet\\Services\\Tcpip\\Parameters","SourceModuleName":"eventlog","ProcessGuid":"{8715b604-644d-5f2a-a005-000000000400}","SourceName":"Microsoft-Windows-Sysmon","SeverityValue":2,"tags":["mordorDataset"],"Channel":"Microsoft-Windows-Sysmon/Operational","ProviderGuid":"{5770385F-C22A-43E0-BF4C-06F5698FFBD9}","RuleName":"-","EventID":12,"RecordNumber":539880,"TargetObject":"HKLM\\System\\CurrentControlSet\\Services\\Tcpip\\Parameters","Hostname":"WORKSTATION5.theshire.local","ProcessId":"3108","SourceModuleType":"im_msvistalog","Domain":"NT AUTHORITY","port":53997,"EventTime":"2020-08-05 03:48:29","Severity":"INFO","ExecutionProcessID":3484,"AccountName":"SYSTEM","OpcodeValue":0,"@timestamp":"2020-08-05T07:48:30.679Z","Task":12,"EventType":"CreateKey","EventReceivedTime":"2020-08-05 03:48:30","Image":"C:\\windows\\system32\\sc.exe","AccountType":"User"}
{"@version":"1","ThreadID":4452,"UserID":"S-1-5-18","Version":3,"Message":"Image loaded:\r\nRuleName: -\r\nUtcTime: 2020-08-05 07:48:29.203\r\nProcessGuid: {8715b604-644d-5f2a-a005-000000000400}\r\nProcessId: 3108\r\nImage: C:\\Windows\\System32\\sc.exe\r\nImageLoaded: C:\\Windows\\System32\\rasadhlp.dll\r\nFileVersion: 10.0.18362.1 (WinBuild.160101.0800)\r\nDescription: Remote Access AutoDial Helper\r\nProduct: Microsoft Windows Operating System\r\nCompany: Microsoft Corporation\r\nOriginalFileName: rasadhlp.dll\r\nHashes: SHA1=1BC9FA692CFFE0F829EF0093FC1EC1A7CDE0FEDF,MD5=285EB69E85F9C587B55DDD5816B827A4,SHA256=B009AF1CFFE8441149B1903B7841DA14B15BEE931F6709C20655668F2019F9D8,IMPHASH=FEAF8EF2A61D5237FD324D1624A3894B\r\nSigned: true\r\nSignature: Microsoft Windows\r\nSignatureStatus: Valid","ProcessGuid":"{8715b604-644d-5f2a-a005-000000000400}","SourceName":"Microsoft-Windows-Sysmon","Hashes":"SHA1=1BC9FA692CFFE0F829EF0093FC1EC1A7CDE0FEDF,MD5=285EB69E85F9C587B55DDD5816B827A4,SHA256=B009AF1CFFE8441149B1903B7841DA14B15BEE931F6709C20655668F2019F9D8,IMPHASH=FEAF8EF2A61D5237FD324D1624A3894B","Signature":"Microsoft Windows","tags":["mordorDataset"],"RuleName":"-","ProviderGuid":"{5770385F-C22A-43E0-BF4C-06F5698FFBD9}","EventID":7,"RecordNumber":539881,"Hostname":"WORKSTATION5.theshire.local","SourceModuleType":"im_msvistalog","Signed":"true","ExecutionProcessID":3484,"AccountName":"SYSTEM","OpcodeValue":0,"EventType":"INFO","FileVersion":"10.0.18362.1 (WinBuild.160101.0800)","Image":"C:\\Windows\\System32\\sc.exe","AccountType":"User","UtcTime":"2020-08-05 07:48:29.203","Keywords":-9223372036854775808,"OriginalFileName":"rasadhlp.dll","host":"wec.internal.cloudapp.net","SourceModuleName":"eventlog","SeverityValue":2,"SignatureStatus":"Valid","Channel":"Microsoft-Windows-Sysmon/Operational","Description":"Remote Access AutoDial Helper","ProcessId":"3108","Domain":"NT AUTHORITY","port":53997,"Company":"Microsoft Corporation","EventTime":"2020-08-05 03:48:29","Severity":"INFO","Product":"Microsoft Windows Operating System","@timestamp":"2020-08-05T07:48:30.679Z","Task":7,"ImageLoaded":"C:\\Windows\\System32\\rasadhlp.dll","EventReceivedTime":"2020-08-05 03:48:30"}
{"UtcTime":"2020-08-05 07:48:29.203","@version":"1","Keywords":-9223372036854775808,"EventTypeOrignal":"INFO","ThreadID":4452,"UserID":"S-1-5-18","Version":2,"host":"wec.internal.cloudapp.net","Message":"Registry object added or deleted:\r\nRuleName: -\r\nEventType: CreateKey\r\nUtcTime: 2020-08-05 07:48:29.203\r\nProcessGuid: {8715b604-644d-5f2a-a005-000000000400}\r\nProcessId: 3108\r\nImage: C:\\windows\\system32\\sc.exe\r\nTargetObject: HKLM\\System\\CurrentControlSet\\Services\\Tcpip\\Parameters","SourceModuleName":"eventlog","ProcessGuid":"{8715b604-644d-5f2a-a005-000000000400}","SourceName":"Microsoft-Windows-Sysmon","SeverityValue":2,"tags":["mordorDataset"],"Channel":"Microsoft-Windows-Sysmon/Operational","ProviderGuid":"{5770385F-C22A-43E0-BF4C-06F5698FFBD9}","RuleName":"-","EventID":12,"RecordNumber":539882,"TargetObject":"HKLM\\System\\CurrentControlSet\\Services\\Tcpip\\Parameters","Hostname":"WORKSTATION5.theshire.local","ProcessId":"3108","SourceModuleType":"im_msvistalog","Domain":"NT AUTHORITY","port":53997,"EventTime":"2020-08-05 03:48:29","Severity":"INFO","ExecutionProcessID":3484,"AccountName":"SYSTEM","OpcodeValue":0,"@timestamp":"2020-08-05T07:48:30.680Z","Task":12,"EventType":"CreateKey","EventReceivedTime":"2020-08-05 03:48:30","Image":"C:\\windows\\system32\\sc.exe","AccountType":"User"}
{"UtcTime":"2020-08-05 07:48:29.203","@version":"1","Keywords":-9223372036854775808,"EventTypeOrignal":"INFO","ThreadID":4452,"UserID":"S-1-5-18","Version":2,"host":"wec.internal.cloudapp.net","Message":"Registry object added or deleted:\r\nRuleName: -\r\nEventType: CreateKey\r\nUtcTime: 2020-08-05 07:48:29.203\r\nProcessGuid: {8715b604-644d-5f2a-a005-000000000400}\r\nProcessId: 3108\r\nImage: C:\\windows\\system32\\sc.exe\r\nTargetObject: HKLM\\System\\CurrentControlSet\\Services\\Tcpip\\Parameters","SourceModuleName":"eventlog","ProcessGuid":"{8715b604-644d-5f2a-a005-000000000400}","SourceName":"Microsoft-Windows-Sysmon","SeverityValue":2,"tags":["mordorDataset"],"Channel":"Microsoft-Windows-Sysmon/Operational","ProviderGuid":"{5770385F-C22A-43E0-BF4C-06F5698FFBD9}","RuleName":"-","EventID":12,"RecordNumber":539883,"TargetObject":"HKLM\\System\\CurrentControlSet\\Services\\Tcpip\\Parameters","Hostname":"WORKSTATION5.theshire.local","ProcessId":"3108","SourceModuleType":"im_msvistalog","Domain":"NT AUTHORITY","port":53997,"EventTime":"2020-08-05 03:48:29","Severity":"INFO","ExecutionProcessID":3484,"AccountName":"SYSTEM","OpcodeValue":0,"@timestamp":"2020-08-05T07:48:30.680Z","Task":12,"EventType":"CreateKey","EventReceivedTime":"2020-08-05 03:48:30","Image":"C:\\windows\\system32\\sc.exe","AccountType":"User"}
{"UtcTime":"2020-08-05 07:48:29.203","@version":"1","Keywords":-9223372036854775808,"EventTypeOrignal":"INFO","ThreadID":4452,"UserID":"S-1-5-18","Version":2,"host":"wec.internal.cloudapp.net","Message":"Registry object added or deleted:\r\nRuleName: -\r\nEventType: CreateKey\r\nUtcTime: 2020-08-05 07:48:29.203\r\nProcessGuid: {8715b604-644d-5f2a-a005-000000000400}\r\nProcessId: 3108\r\nImage: C:\\windows\\system32\\sc.exe\r\nTargetObject: HKLM\\System\\CurrentControlSet\\Services\\Tcpip\\Parameters","SourceModuleName":"eventlog","ProcessGuid":"{8715b604-644d-5f2a-a005-000000000400}","SourceName":"Microsoft-Windows-Sysmon","SeverityValue":2,"tags":["mordorDataset"],"Channel":"Microsoft-Windows-Sysmon/Operational","ProviderGuid":"{5770385F-C22A-43E0-BF4C-06F5698FFBD9}","RuleName":"-","EventID":12,"RecordNumber":539884,"TargetObject":"HKLM\\System\\CurrentControlSet\\Services\\Tcpip\\Parameters","Hostname":"WORKSTATION5.theshire.local","ProcessId":"3108","SourceModuleType":"im_msvistalog","Domain":"NT AUTHORITY","port":53997,"EventTime":"2020-08-05 03:48:29","Severity":"INFO","ExecutionProcessID":3484,"AccountName":"SYSTEM","OpcodeValue":0,"@timestamp":"2020-08-05T07:48:30.680Z","Task":12,"EventType":"CreateKey","EventReceivedTime":"2020-08-05 03:48:30","Image":"C:\\windows\\system32\\sc.exe","AccountType":"User"}
{"UtcTime":"2020-08-05 07:48:29.203","@version":"1","Keywords":-9223372036854775808,"EventTypeOrignal":"INFO","ThreadID":4452,"UserID":"S-1-5-18","Version":2,"host":"wec.internal.cloudapp.net","Message":"Registry object added or deleted:\r\nRuleName: -\r\nEventType: CreateKey\r\nUtcTime: 2020-08-05 07:48:29.203\r\nProcessGuid: {8715b604-644d-5f2a-a005-000000000400}\r\nProcessId: 3108\r\nImage: C:\\windows\\system32\\sc.exe\r\nTargetObject: HKLM\\System\\CurrentControlSet\\Services\\Tcpip\\Parameters","SourceModuleName":"eventlog","ProcessGuid":"{8715b604-644d-5f2a-a005-000000000400}","SourceName":"Microsoft-Windows-Sysmon","SeverityValue":2,"tags":["mordorDataset"],"Channel":"Microsoft-Windows-Sysmon/Operational","ProviderGuid":"{5770385F-C22A-43E0-BF4C-06F5698FFBD9}","RuleName":"-","EventID":12,"RecordNumber":539885,"TargetObject":"HKLM\\System\\CurrentControlSet\\Services\\Tcpip\\Parameters","Hostname":"WORKSTATION5.theshire.local","ProcessId":"3108","SourceModuleType":"im_msvistalog","Domain":"NT AUTHORITY","port":53997,"EventTime":"2020-08-05 03:48:29","Severity":"INFO","ExecutionProcessID":3484,"AccountName":"SYSTEM","OpcodeValue":0,"@timestamp":"2020-08-05T07:48:30.681Z","Task":12,"EventType":"CreateKey","EventReceivedTime":"2020-08-05 03:48:30","Image":"C:\\windows\\system32\\sc.exe","AccountType":"User"}
{"@version":"1","ThreadID":4452,"UserID":"S-1-5-18","Version":3,"Message":"Image loaded:\r\nRuleName: -\r\nUtcTime: 2020-08-05 07:48:29.203\r\nProcessGuid: {8715b604-644d-5f2a-a005-000000000400}\r\nProcessId: 3108\r\nImage: C:\\Windows\\System32\\sc.exe\r\nImageLoaded: C:\\Windows\\System32\\FWPUCLNT.DLL\r\nFileVersion: 10.0.18362.207 (WinBuild.160101.0800)\r\nDescription: FWP/IPsec User-Mode API\r\nProduct: Microsoft Windows Operating System\r\nCompany: Microsoft Corporation\r\nOriginalFileName: fwpuclnt.dll\r\nHashes: SHA1=64CC9E48F979B833AF5135CB528C68500D2487AF,MD5=8DE4320C63049386489277DC983958D4,SHA256=BFD0137D9615A3C2B02FF8E1B5B33221A8F7DEEC573AC27CDCDAE68DEA72CD95,IMPHASH=AFD4C9F86C7354898594DD6BBF32C51F\r\nSigned: true\r\nSignature: Microsoft Windows\r\nSignatureStatus: Valid","ProcessGuid":"{8715b604-644d-5f2a-a005-000000000400}","SourceName":"Microsoft-Windows-Sysmon","Hashes":"SHA1=64CC9E48F979B833AF5135CB528C68500D2487AF,MD5=8DE4320C63049386489277DC983958D4,SHA256=BFD0137D9615A3C2B02FF8E1B5B33221A8F7DEEC573AC27CDCDAE68DEA72CD95,IMPHASH=AFD4C9F86C7354898594DD6BBF32C51F","Signature":"Microsoft Windows","tags":["mordorDataset"],"RuleName":"-","ProviderGuid":"{5770385F-C22A-43E0-BF4C-06F5698FFBD9}","EventID":7,"RecordNumber":539886,"Hostname":"WORKSTATION5.theshire.local","SourceModuleType":"im_msvistalog","Signed":"true","ExecutionProcessID":3484,"AccountName":"SYSTEM","OpcodeValue":0,"EventType":"INFO","FileVersion":"10.0.18362.207 (WinBuild.160101.0800)","Image":"C:\\Windows\\System32\\sc.exe","AccountType":"User","UtcTime":"2020-08-05 07:48:29.203","Keywords":-9223372036854775808,"OriginalFileName":"fwpuclnt.dll","host":"wec.internal.cloudapp.net","SourceModuleName":"eventlog","SeverityValue":2,"SignatureStatus":"Valid","Channel":"Microsoft-Windows-Sysmon/Operational","Description":"FWP/IPsec User-Mode API","ProcessId":"3108","Domain":"NT AUTHORITY","port":53997,"Company":"Microsoft Corporation","EventTime":"2020-08-05 03:48:29","Severity":"INFO","Product":"Microsoft Windows Operating System","@timestamp":"2020-08-05T07:48:30.681Z","Task":7,"ImageLoaded":"C:\\Windows\\System32\\FWPUCLNT.DLL","EventReceivedTime":"2020-08-05 03:48:30"}
{"@version":"1","ThreadID":4452,"UserID":"S-1-5-18","Version":3,"Message":"Image loaded:\r\nRuleName: -\r\nUtcTime: 2020-08-05 07:48:29.203\r\nProcessGuid: {8715b604-644d-5f2a-a005-000000000400}\r\nProcessId: 3108\r\nImage: C:\\Windows\\System32\\sc.exe\r\nImageLoaded: C:\\Windows\\System32\\bcrypt.dll\r\nFileVersion: 10.0.18362.267 (WinBuild.160101.0800)\r\nDescription: Windows Cryptographic Primitives Library\r\nProduct: Microsoft Windows Operating System\r\nCompany: Microsoft Corporation\r\nOriginalFileName: bcrypt.dll\r\nHashes: SHA1=421C35E0949143DE72C8F98776565D24815AD47E,MD5=F46778029BE7D755EBDCDF048EA62A4B,SHA256=907A4D1D405283AD24BBA1F9A763C5118A33574F3E0EC7FC543F65B24CC0A748,IMPHASH=E5649DCD6FA9472DB9A89CCD123913C0\r\nSigned: true\r\nSignature: Microsoft Windows\r\nSignatureStatus: Valid","ProcessGuid":"{8715b604-644d-5f2a-a005-000000000400}","SourceName":"Microsoft-Windows-Sysmon","Hashes":"SHA1=421C35E0949143DE72C8F98776565D24815AD47E,MD5=F46778029BE7D755EBDCDF048EA62A4B,SHA256=907A4D1D405283AD24BBA1F9A763C5118A33574F3E0EC7FC543F65B24CC0A748,IMPHASH=E5649DCD6FA9472DB9A89CCD123913C0","Signature":"Microsoft Windows","tags":["mordorDataset"],"RuleName":"-","ProviderGuid":"{5770385F-C22A-43E0-BF4C-06F5698FFBD9}","EventID":7,"RecordNumber":539887,"Hostname":"WORKSTATION5.theshire.local","SourceModuleType":"im_msvistalog","Signed":"true","ExecutionProcessID":3484,"AccountName":"SYSTEM","OpcodeValue":0,"EventType":"INFO","FileVersion":"10.0.18362.267 (WinBuild.160101.0800)","Image":"C:\\Windows\\System32\\sc.exe","AccountType":"User","UtcTime":"2020-08-05 07:48:29.203","Keywords":-9223372036854775808,"OriginalFileName":"bcrypt.dll","host":"wec.internal.cloudapp.net","SourceModuleName":"eventlog","SeverityValue":2,"SignatureStatus":"Valid","Channel":"Microsoft-Windows-Sysmon/Operational","Description":"Windows Cryptographic Primitives Library","ProcessId":"3108","Domain":"NT AUTHORITY","port":53997,"Company":"Microsoft Corporation","EventTime":"2020-08-05 03:48:29","Severity":"INFO","Product":"Microsoft Windows Operating System","@timestamp":"2020-08-05T07:48:30.681Z","Task":7,"ImageLoaded":"C:\\Windows\\System32\\bcrypt.dll","EventReceivedTime":"2020-08-05 03:48:30"}
{"SubjectUserSid":"S-1-5-21-3669966080-2286457517-972388166-1104","@version":"1","Keywords":-9214364837600034816,"ThreadID":10060,"TargetDomainName":"-","TargetLogonId":"0x0","Version":2,"host":"wec.internal.cloudapp.net","Message":"A new process has been created.\r\n\r\nCreator Subject:\r\n\tSecurity ID:\t\tS-1-5-21-3669966080-2286457517-972388166-1104\r\n\tAccount Name:\t\tpgustavo\r\n\tAccount Domain:\t\tTHESHIRE\r\n\tLogon ID:\t\t0x1FD3FC\r\n\r\nTarget Subject:\r\n\tSecurity ID:\t\tS-1-0-0\r\n\tAccount Name:\t\t-\r\n\tAccount Domain:\t\t-\r\n\tLogon ID:\t\t0x0\r\n\r\nProcess Information:\r\n\tNew Process ID:\t\t0x1b30\r\n\tNew Process Name:\tC:\\Windows\\System32\\cmd.exe\r\n\tToken Elevation Type:\t%%1938\r\n\tMandatory Label:\t\tS-1-16-8192\r\n\tCreator Process ID:\t0x810\r\n\tCreator Process Name:\tC:\\Users\\pgustavo\\Desktop\\GruntHTTP.exe\r\n\tProcess Command Line:\t\"cmd.exe\" /c sc.exe \\\\MORDORDC.theshire.local query IKEEXT\r\n\r\nToken Elevation Type indicates the type of token that was assigned to the new process in accordance with User Account Control policy.\r\n\r\nType 1 is a full token with no privileges removed or groups disabled.  A full token is only used if User Account Control is disabled or if the user is the built-in Administrator account or a service account.\r\n\r\nType 2 is an elevated token with no privileges removed or groups disabled.  An elevated token is used when User Account Control is enabled and the user chooses to start the program using Run as administrator.  An elevated token is also used when an application is configured to always require administrative privilege or to always require maximum privilege, and the user is a member of the Administrators group.\r\n\r\nType 3 is a limited token with administrative privileges removed and administrative groups disabled.  The limited token is used when User Account Control is enabled, the application does not require administrative privilege, and the user does not choose to start the program using Run as administrator.","SourceModuleName":"eventlog","MandatoryLabel":"S-1-16-8192","SourceName":"Microsoft-Windows-Security-Auditing","SubjectLogonId":"0x1fd3fc","SeverityValue":2,"tags":["mordorDataset"],"NewProcessName":"C:\\Windows\\System32\\cmd.exe","Channel":"Security","ProviderGuid":"{54849625-5478-4994-A5BA-3E3B0328C30D}","EventID":4688,"RecordNumber":117337,"Hostname":"WORKSTATION5.theshire.local","Category":"Process Creation","Opcode":"Info","SubjectDomainName":"THESHIRE","NewProcessId":"0x1b30","SourceModuleType":"im_msvistalog","ProcessId":"0x810","port":53997,"EventTime":"2020-08-05 03:48:29","TokenElevationType":"%%1938","Severity":"INFO","ExecutionProcessID":4,"CommandLine":"\"cmd.exe\" /c sc.exe \\\\MORDORDC.theshire.local query IKEEXT","OpcodeValue":0,"@timestamp":"2020-08-05T07:48:30.681Z","Task":13312,"TargetUserSid":"S-1-0-0","EventType":"AUDIT_SUCCESS","SubjectUserName":"pgustavo","TargetUserName":"-","ParentProcessName":"C:\\Users\\pgustavo\\Desktop\\GruntHTTP.exe","EventReceivedTime":"2020-08-05 03:48:30"}
{"SubjectUserSid":"S-1-5-21-3669966080-2286457517-972388166-1104","@version":"1","Keywords":-9218868437227405312,"ThreadID":4720,"Version":0,"host":"wec.internal.cloudapp.net","Message":"A privileged service was called.\r\n\r\nSubject:\r\n\tSecurity ID:\t\tS-1-5-21-3669966080-2286457517-972388166-1104\r\n\tAccount Name:\t\tpgustavo\r\n\tAccount Domain:\t\tTHESHIRE\r\n\tLogon ID:\t\t0x1FD3FC\r\n\r\nService:\r\n\tServer:\tSecurity\r\n\tService Name:\t-\r\n\r\nProcess:\r\n\tProcess ID:\t0x1b30\r\n\tProcess Name:\tC:\\Windows\\System32\\cmd.exe\r\n\r\nService Request Information:\r\n\tPrivileges:\t\tSeProfileSingleProcessPrivilege","SourceModuleName":"eventlog","SourceName":"Microsoft-Windows-Security-Auditing","SubjectLogonId":"0x1fd3fc","SeverityValue":4,"tags":["mordorDataset"],"Channel":"Security","ProviderGuid":"{54849625-5478-4994-A5BA-3E3B0328C30D}","ObjectServer":"Security","EventID":4673,"RecordNumber":117338,"Hostname":"WORKSTATION5.theshire.local","Category":"Sensitive Privilege Use","Opcode":"Info","SubjectDomainName":"THESHIRE","ProcessId":"0x1b30","SourceModuleType":"im_msvistalog","port":53997,"PrivilegeList":"SeProfileSingleProcessPrivilege","EventTime":"2020-08-05 03:48:29","Service":"-","Severity":"ERROR","ExecutionProcessID":4,"OpcodeValue":0,"@timestamp":"2020-08-05T07:48:30.682Z","Task":13056,"EventType":"AUDIT_FAILURE","SubjectUserName":"pgustavo","ProcessName":"C:\\Windows\\System32\\cmd.exe","EventReceivedTime":"2020-08-05 03:48:30"}
{"SubjectUserSid":"S-1-5-21-3669966080-2286457517-972388166-1104","@version":"1","Keywords":-9214364837600034816,"ThreadID":4720,"TargetDomainName":"-","TargetLogonId":"0x0","Version":2,"host":"wec.internal.cloudapp.net","Message":"A new process has been created.\r\n\r\nCreator Subject:\r\n\tSecurity ID:\t\tS-1-5-21-3669966080-2286457517-972388166-1104\r\n\tAccount Name:\t\tpgustavo\r\n\tAccount Domain:\t\tTHESHIRE\r\n\tLogon ID:\t\t0x1FD3FC\r\n\r\nTarget Subject:\r\n\tSecurity ID:\t\tS-1-0-0\r\n\tAccount Name:\t\t-\r\n\tAccount Domain:\t\t-\r\n\tLogon ID:\t\t0x0\r\n\r\nProcess Information:\r\n\tNew Process ID:\t\t0x1388\r\n\tNew Process Name:\tC:\\Windows\\System32\\conhost.exe\r\n\tToken Elevation Type:\t%%1938\r\n\tMandatory Label:\t\tS-1-16-8192\r\n\tCreator Process ID:\t0x1b30\r\n\tCreator Process Name:\tC:\\Windows\\System32\\cmd.exe\r\n\tProcess Command Line:\t\\??\\C:\\windows\\system32\\conhost.exe 0xffffffff -ForceV1\r\n\r\nToken Elevation Type indicates the type of token that was assigned to the new process in accordance with User Account Control policy.\r\n\r\nType 1 is a full token with no privileges removed or groups disabled.  A full token is only used if User Account Control is disabled or if the user is the built-in Administrator account or a service account.\r\n\r\nType 2 is an elevated token with no privileges removed or groups disabled.  An elevated token is used when User Account Control is enabled and the user chooses to start the program using Run as administrator.  An elevated token is also used when an application is configured to always require administrative privilege or to always require maximum privilege, and the user is a member of the Administrators group.\r\n\r\nType 3 is a limited token with administrative privileges removed and administrative groups disabled.  The limited token is used when User Account Control is enabled, the application does not require administrative privilege, and the user does not choose to start the program using Run as administrator.","SourceModuleName":"eventlog","MandatoryLabel":"S-1-16-8192","SourceName":"Microsoft-Windows-Security-Auditing","SubjectLogonId":"0x1fd3fc","SeverityValue":2,"tags":["mordorDataset"],"NewProcessName":"C:\\Windows\\System32\\conhost.exe","Channel":"Security","ProviderGuid":"{54849625-5478-4994-A5BA-3E3B0328C30D}","EventID":4688,"RecordNumber":117339,"Hostname":"WORKSTATION5.theshire.local","Category":"Process Creation","Opcode":"Info","SubjectDomainName":"THESHIRE","NewProcessId":"0x1388","SourceModuleType":"im_msvistalog","ProcessId":"0x1b30","port":53997,"EventTime":"2020-08-05 03:48:29","TokenElevationType":"%%1938","Severity":"INFO","ExecutionProcessID":4,"CommandLine":"\\??\\C:\\windows\\system32\\conhost.exe 0xffffffff -ForceV1","OpcodeValue":0,"@timestamp":"2020-08-05T07:48:30.682Z","Task":13312,"TargetUserSid":"S-1-0-0","EventType":"AUDIT_SUCCESS","SubjectUserName":"pgustavo","TargetUserName":"-","ParentProcessName":"C:\\Windows\\System32\\cmd.exe","EventReceivedTime":"2020-08-05 03:48:30"}
{"SubjectUserSid":"S-1-5-21-3669966080-2286457517-972388166-1104","@version":"1","Keywords":-9218868437227405312,"ThreadID":4720,"Version":0,"host":"wec.internal.cloudapp.net","Message":"A privileged service was called.\r\n\r\nSubject:\r\n\tSecurity ID:\t\tS-1-5-21-3669966080-2286457517-972388166-1104\r\n\tAccount Name:\t\tpgustavo\r\n\tAccount Domain:\t\tTHESHIRE\r\n\tLogon ID:\t\t0x1FD3FC\r\n\r\nService:\r\n\tServer:\tSecurity\r\n\tService Name:\t-\r\n\r\nProcess:\r\n\tProcess ID:\t0x1388\r\n\tProcess Name:\tC:\\Windows\\System32\\conhost.exe\r\n\r\nService Request Information:\r\n\tPrivileges:\t\tSeProfileSingleProcessPrivilege","SourceModuleName":"eventlog","SourceName":"Microsoft-Windows-Security-Auditing","SubjectLogonId":"0x1fd3fc","SeverityValue":4,"tags":["mordorDataset"],"Channel":"Security","ProviderGuid":"{54849625-5478-4994-A5BA-3E3B0328C30D}","ObjectServer":"Security","EventID":4673,"RecordNumber":117340,"Hostname":"WORKSTATION5.theshire.local","Category":"Sensitive Privilege Use","Opcode":"Info","SubjectDomainName":"THESHIRE","ProcessId":"0x1388","SourceModuleType":"im_msvistalog","port":53997,"PrivilegeList":"SeProfileSingleProcessPrivilege","EventTime":"2020-08-05 03:48:29","Service":"-","Severity":"ERROR","ExecutionProcessID":4,"OpcodeValue":0,"@timestamp":"2020-08-05T07:48:30.682Z","Task":13056,"EventType":"AUDIT_FAILURE","SubjectUserName":"pgustavo","ProcessName":"C:\\Windows\\System32\\conhost.exe","EventReceivedTime":"2020-08-05 03:48:30"}
{"SubjectUserSid":"S-1-5-21-3669966080-2286457517-972388166-1104","@version":"1","Keywords":-9214364837600034816,"ThreadID":4720,"TargetHandleId":"0x18b8","TargetProcessId":"0x4","Version":0,"host":"wec.internal.cloudapp.net","Message":"An attempt was made to duplicate a handle to an object.\r\n\r\nSubject:\r\n\tSecurity ID:\t\tS-1-5-21-3669966080-2286457517-972388166-1104\r\n\tAccount Name:\t\tpgustavo\r\n\tAccount Domain:\t\tTHESHIRE\r\n\tLogon ID:\t\t0x1FD3FC\r\n\r\nSource Handle Information:\r\n\tSource Handle ID:\t0x80\r\n\tSource Process ID:\t0x1388\r\n\r\nNew Handle Information:\r\n\tTarget Handle ID:\t0x18b8\r\n\tTarget Process ID:\t0x4","SourceModuleName":"eventlog","SourceName":"Microsoft-Windows-Security-Auditing","SubjectLogonId":"0x1fd3fc","SeverityValue":2,"SourceProcessId":"0x1388","tags":["mordorDataset"],"Channel":"Security","ProviderGuid":"{54849625-5478-4994-A5BA-3E3B0328C30D}","EventID":4690,"RecordNumber":117341,"Hostname":"WORKSTATION5.theshire.local","Category":"Handle Manipulation","Opcode":"Info","SubjectDomainName":"THESHIRE","ProcessId":"0x1388","SourceModuleType":"im_msvistalog","port":53997,"EventTime":"2020-08-05 03:48:29","Severity":"INFO","ExecutionProcessID":4,"SourceHandleId":"0x80","OpcodeValue":0,"@timestamp":"2020-08-05T07:48:30.682Z","Task":12807,"EventType":"AUDIT_SUCCESS","SubjectUserName":"pgustavo","EventReceivedTime":"2020-08-05 03:48:30"}
{"SubjectUserSid":"S-1-5-21-3669966080-2286457517-972388166-1104","@version":"1","Keywords":-9214364837600034816,"ThreadID":4720,"Version":0,"host":"wec.internal.cloudapp.net","Message":"The handle to an object was closed.\r\n\r\nSubject :\r\n\tSecurity ID:\t\tS-1-5-21-3669966080-2286457517-972388166-1104\r\n\tAccount Name:\t\tpgustavo\r\n\tAccount Domain:\t\tTHESHIRE\r\n\tLogon ID:\t\t0x1FD3FC\r\n\r\nObject:\r\n\tObject Server:\t\tSecurity\r\n\tHandle ID:\t\t0x18b8\r\n\r\nProcess Information:\r\n\tProcess ID:\t\t0x1388\r\n\tProcess Name:\t\tC:\\Windows\\System32\\conhost.exe","SourceModuleName":"eventlog","SourceName":"Microsoft-Windows-Security-Auditing","SubjectLogonId":"0x1fd3fc","SeverityValue":2,"tags":["mordorDataset"],"Channel":"Security","ProviderGuid":"{54849625-5478-4994-A5BA-3E3B0328C30D}","ObjectServer":"Security","EventID":4658,"RecordNumber":117342,"Hostname":"WORKSTATION5.theshire.local","Category":"Registry","Opcode":"Info","SubjectDomainName":"THESHIRE","ProcessId":"0x1388","SourceModuleType":"im_msvistalog","port":53997,"HandleId":"0x18b8","EventTime":"2020-08-05 03:48:29","Severity":"INFO","ExecutionProcessID":4,"OpcodeValue":0,"@timestamp":"2020-08-05T07:48:30.683Z","Task":12801,"EventType":"AUDIT_SUCCESS","SubjectUserName":"pgustavo","ProcessName":"C:\\Windows\\System32\\conhost.exe","EventReceivedTime":"2020-08-05 03:48:30"}
{"@version":"1","ThreadID":4720,"AccessList":"%%4432\r\n\t\t\t\t","ObjectName":"\\REGISTRY\\MACHINE\\SYSTEM\\ControlSet001\\Control\\Lsa","AccessReason":"-","Version":1,"Message":"A handle to an object was requested.\r\n\r\nSubject:\r\n\tSecurity ID:\t\tS-1-5-21-3669966080-2286457517-972388166-1104\r\n\tAccount Name:\t\tpgustavo\r\n\tAccount Domain:\t\tTHESHIRE\r\n\tLogon ID:\t\t0x1FD3FC\r\n\r\nObject:\r\n\tObject Server:\t\tSecurity\r\n\tObject Type:\t\tKey\r\n\tObject Name:\t\t\\REGISTRY\\MACHINE\\SYSTEM\\ControlSet001\\Control\\Lsa\r\n\tHandle ID:\t\t0x80\r\n\tResource Attributes:\t-\r\n\r\nProcess Information:\r\n\tProcess ID:\t\t0x1388\r\n\tProcess Name:\t\tC:\\Windows\\System32\\conhost.exe\r\n\r\nAccess Request Information:\r\n\tTransaction ID:\t\t{00000000-0000-0000-0000-000000000000}\r\n\tAccesses:\t\tQuery key value\r\n\t\t\t\t\r\n\tAccess Reasons:\t\t-\r\n\tAccess Mask:\t\t0x1\r\n\tPrivileges Used for Access Check:\t-\r\n\tRestricted SID Count:\t0","SourceName":"Microsoft-Windows-Security-Auditing","SubjectLogonId":"0x1fd3fc","tags":["mordorDataset"],"ProviderGuid":"{54849625-5478-4994-A5BA-3E3B0328C30D}","EventID":4656,"RecordNumber":117343,"Hostname":"WORKSTATION5.theshire.local","Opcode":"Info","SourceModuleType":"im_msvistalog","PrivilegeList":"-","ExecutionProcessID":4,"OpcodeValue":0,"EventType":"AUDIT_SUCCESS","SubjectUserName":"pgustavo","ProcessName":"C:\\Windows\\System32\\conhost.exe","SubjectUserSid":"S-1-5-21-3669966080-2286457517-972388166-1104","Keywords":-9214364837600034816,"ObjectType":"Key","host":"wec.internal.cloudapp.net","SourceModuleName":"eventlog","RestrictedSidCount":"0","SeverityValue":2,"Channel":"Security","ObjectServer":"Security","Category":"Registry","AccessMask":"0x1","ResourceAttributes":"-","SubjectDomainName":"THESHIRE","TransactionId":"{00000000-0000-0000-0000-000000000000}","ProcessId":"0x1388","port":53997,"HandleId":"0x80","EventTime":"2020-08-05 03:48:29","Severity":"INFO","@timestamp":"2020-08-05T07:48:30.683Z","Task":12801,"EventReceivedTime":"2020-08-05 03:48:30"}
{"SubjectUserSid":"S-1-5-21-3669966080-2286457517-972388166-1104","@version":"1","Keywords":-9214364837600034816,"ThreadID":4720,"ObjectType":"Key","ObjectName":"\\REGISTRY\\MACHINE\\SYSTEM\\ControlSet001\\Control\\Lsa","Version":1,"AccessList":"%%4432\r\n\t\t\t\t","host":"wec.internal.cloudapp.net","Message":"An attempt was made to access an object.\r\n\r\nSubject:\r\n\tSecurity ID:\t\tS-1-5-21-3669966080-2286457517-972388166-1104\r\n\tAccount Name:\t\tpgustavo\r\n\tAccount Domain:\t\tTHESHIRE\r\n\tLogon ID:\t\t0x1FD3FC\r\n\r\nObject:\r\n\tObject Server:\t\tSecurity\r\n\tObject Type:\t\tKey\r\n\tObject Name:\t\t\\REGISTRY\\MACHINE\\SYSTEM\\ControlSet001\\Control\\Lsa\r\n\tHandle ID:\t\t0x80\r\n\tResource Attributes:\t-\r\n\r\nProcess Information:\r\n\tProcess ID:\t\t0x1388\r\n\tProcess Name:\t\tC:\\Windows\\System32\\conhost.exe\r\n\r\nAccess Request Information:\r\n\tAccesses:\t\tQuery key value\r\n\t\t\t\t\r\n\tAccess Mask:\t\t0x1","SourceModuleName":"eventlog","SourceName":"Microsoft-Windows-Security-Auditing","SubjectLogonId":"0x1fd3fc","SeverityValue":2,"tags":["mordorDataset"],"Channel":"Security","ProviderGuid":"{54849625-5478-4994-A5BA-3E3B0328C30D}","ObjectServer":"Security","EventID":4663,"RecordNumber":117344,"Hostname":"WORKSTATION5.theshire.local","Category":"Registry","Opcode":"Info","SubjectDomainName":"THESHIRE","AccessMask":"0x1","ResourceAttributes":"-","SourceModuleType":"im_msvistalog","port":53997,"HandleId":"0x80","EventTime":"2020-08-05 03:48:29","ProcessId":"0x1388","Severity":"INFO","ExecutionProcessID":4,"OpcodeValue":0,"@timestamp":"2020-08-05T07:48:30.683Z","Task":12801,"EventType":"AUDIT_SUCCESS","SubjectUserName":"pgustavo","ProcessName":"C:\\Windows\\System32\\conhost.exe","EventReceivedTime":"2020-08-05 03:48:30"}
{"SubjectUserSid":"S-1-5-21-3669966080-2286457517-972388166-1104","@version":"1","Keywords":-9214364837600034816,"ThreadID":4720,"Version":0,"host":"wec.internal.cloudapp.net","Message":"The handle to an object was closed.\r\n\r\nSubject :\r\n\tSecurity ID:\t\tS-1-5-21-3669966080-2286457517-972388166-1104\r\n\tAccount Name:\t\tpgustavo\r\n\tAccount Domain:\t\tTHESHIRE\r\n\tLogon ID:\t\t0x1FD3FC\r\n\r\nObject:\r\n\tObject Server:\t\tSecurity\r\n\tHandle ID:\t\t0x80\r\n\r\nProcess Information:\r\n\tProcess ID:\t\t0x1388\r\n\tProcess Name:\t\tC:\\Windows\\System32\\conhost.exe","SourceModuleName":"eventlog","SourceName":"Microsoft-Windows-Security-Auditing","SubjectLogonId":"0x1fd3fc","SeverityValue":2,"tags":["mordorDataset"],"Channel":"Security","ProviderGuid":"{54849625-5478-4994-A5BA-3E3B0328C30D}","ObjectServer":"Security","EventID":4658,"RecordNumber":117345,"Hostname":"WORKSTATION5.theshire.local","Category":"Registry","Opcode":"Info","SubjectDomainName":"THESHIRE","ProcessId":"0x1388","SourceModuleType":"im_msvistalog","port":53997,"HandleId":"0x80","EventTime":"2020-08-05 03:48:29","Severity":"INFO","ExecutionProcessID":4,"OpcodeValue":0,"@timestamp":"2020-08-05T07:48:30.683Z","Task":12801,"EventType":"AUDIT_SUCCESS","SubjectUserName":"pgustavo","ProcessName":"C:\\Windows\\System32\\conhost.exe","EventReceivedTime":"2020-08-05 03:48:30"}
{"SubjectUserSid":"S-1-5-21-3669966080-2286457517-972388166-1104","@version":"1","Keywords":-9214364837600034816,"ThreadID":10060,"TargetHandleId":"0x3664","TargetProcessId":"0x4","Version":0,"host":"wec.internal.cloudapp.net","Message":"An attempt was made to duplicate a handle to an object.\r\n\r\nSubject:\r\n\tSecurity ID:\t\tS-1-5-21-3669966080-2286457517-972388166-1104\r\n\tAccount Name:\t\tpgustavo\r\n\tAccount Domain:\t\tTHESHIRE\r\n\tLogon ID:\t\t0x1FD3FC\r\n\r\nSource Handle Information:\r\n\tSource Handle ID:\t0x90\r\n\tSource Process ID:\t0x1b30\r\n\r\nNew Handle Information:\r\n\tTarget Handle ID:\t0x3664\r\n\tTarget Process ID:\t0x4","SourceModuleName":"eventlog","SourceName":"Microsoft-Windows-Security-Auditing","SubjectLogonId":"0x1fd3fc","SeverityValue":2,"SourceProcessId":"0x1b30","tags":["mordorDataset"],"Channel":"Security","ProviderGuid":"{54849625-5478-4994-A5BA-3E3B0328C30D}","EventID":4690,"RecordNumber":117346,"Hostname":"WORKSTATION5.theshire.local","Category":"Handle Manipulation","Opcode":"Info","SubjectDomainName":"THESHIRE","ProcessId":"0x1b30","SourceModuleType":"im_msvistalog","port":53997,"EventTime":"2020-08-05 03:48:29","Severity":"INFO","ExecutionProcessID":4,"SourceHandleId":"0x90","OpcodeValue":0,"@timestamp":"2020-08-05T07:48:30.683Z","Task":12807,"EventType":"AUDIT_SUCCESS","SubjectUserName":"pgustavo","EventReceivedTime":"2020-08-05 03:48:30"}
{"SubjectUserSid":"S-1-5-21-3669966080-2286457517-972388166-1104","@version":"1","Keywords":-9214364837600034816,"ThreadID":10060,"Version":0,"host":"wec.internal.cloudapp.net","Message":"The handle to an object was closed.\r\n\r\nSubject :\r\n\tSecurity ID:\t\tS-1-5-21-3669966080-2286457517-972388166-1104\r\n\tAccount Name:\t\tpgustavo\r\n\tAccount Domain:\t\tTHESHIRE\r\n\tLogon ID:\t\t0x1FD3FC\r\n\r\nObject:\r\n\tObject Server:\t\tSecurity\r\n\tHandle ID:\t\t0x3664\r\n\r\nProcess Information:\r\n\tProcess ID:\t\t0x1b30\r\n\tProcess Name:\t\tC:\\Windows\\System32\\cmd.exe","SourceModuleName":"eventlog","SourceName":"Microsoft-Windows-Security-Auditing","SubjectLogonId":"0x1fd3fc","SeverityValue":2,"tags":["mordorDataset"],"Channel":"Security","ProviderGuid":"{54849625-5478-4994-A5BA-3E3B0328C30D}","ObjectServer":"Security","EventID":4658,"RecordNumber":117347,"Hostname":"WORKSTATION5.theshire.local","Category":"Registry","Opcode":"Info","SubjectDomainName":"THESHIRE","ProcessId":"0x1b30","SourceModuleType":"im_msvistalog","port":53997,"HandleId":"0x3664","EventTime":"2020-08-05 03:48:29","Severity":"INFO","ExecutionProcessID":4,"OpcodeValue":0,"@timestamp":"2020-08-05T07:48:30.683Z","Task":12801,"EventType":"AUDIT_SUCCESS","SubjectUserName":"pgustavo","ProcessName":"C:\\Windows\\System32\\cmd.exe","EventReceivedTime":"2020-08-05 03:48:30"}
{"@version":"1","ThreadID":10060,"AccessList":"%%4432\r\n\t\t\t\t","ObjectName":"\\REGISTRY\\MACHINE\\SYSTEM\\ControlSet001\\Control\\Lsa","AccessReason":"-","Version":1,"Message":"A handle to an object was requested.\r\n\r\nSubject:\r\n\tSecurity ID:\t\tS-1-5-21-3669966080-2286457517-972388166-1104\r\n\tAccount Name:\t\tpgustavo\r\n\tAccount Domain:\t\tTHESHIRE\r\n\tLogon ID:\t\t0x1FD3FC\r\n\r\nObject:\r\n\tObject Server:\t\tSecurity\r\n\tObject Type:\t\tKey\r\n\tObject Name:\t\t\\REGISTRY\\MACHINE\\SYSTEM\\ControlSet001\\Control\\Lsa\r\n\tHandle ID:\t\t0x90\r\n\tResource Attributes:\t-\r\n\r\nProcess Information:\r\n\tProcess ID:\t\t0x1b30\r\n\tProcess Name:\t\tC:\\Windows\\System32\\cmd.exe\r\n\r\nAccess Request Information:\r\n\tTransaction ID:\t\t{00000000-0000-0000-0000-000000000000}\r\n\tAccesses:\t\tQuery key value\r\n\t\t\t\t\r\n\tAccess Reasons:\t\t-\r\n\tAccess Mask:\t\t0x1\r\n\tPrivileges Used for Access Check:\t-\r\n\tRestricted SID Count:\t0","SourceName":"Microsoft-Windows-Security-Auditing","SubjectLogonId":"0x1fd3fc","tags":["mordorDataset"],"ProviderGuid":"{54849625-5478-4994-A5BA-3E3B0328C30D}","EventID":4656,"RecordNumber":117348,"Hostname":"WORKSTATION5.theshire.local","Opcode":"Info","SourceModuleType":"im_msvistalog","PrivilegeList":"-","ExecutionProcessID":4,"OpcodeValue":0,"EventType":"AUDIT_SUCCESS","SubjectUserName":"pgustavo","ProcessName":"C:\\Windows\\System32\\cmd.exe","SubjectUserSid":"S-1-5-21-3669966080-2286457517-972388166-1104","Keywords":-9214364837600034816,"ObjectType":"Key","host":"wec.internal.cloudapp.net","SourceModuleName":"eventlog","RestrictedSidCount":"0","SeverityValue":2,"Channel":"Security","ObjectServer":"Security","Category":"Registry","AccessMask":"0x1","ResourceAttributes":"-","SubjectDomainName":"THESHIRE","TransactionId":"{00000000-0000-0000-0000-000000000000}","ProcessId":"0x1b30","port":53997,"HandleId":"0x90","EventTime":"2020-08-05 03:48:29","Severity":"INFO","@timestamp":"2020-08-05T07:48:30.683Z","Task":12801,"EventReceivedTime":"2020-08-05 03:48:30"}
{"SubjectUserSid":"S-1-5-21-3669966080-2286457517-972388166-1104","@version":"1","Keywords":-9214364837600034816,"ThreadID":10060,"ObjectType":"Key","ObjectName":"\\REGISTRY\\MACHINE\\SYSTEM\\ControlSet001\\Control\\Lsa","Version":1,"AccessList":"%%4432\r\n\t\t\t\t","host":"wec.internal.cloudapp.net","Message":"An attempt was made to access an object.\r\n\r\nSubject:\r\n\tSecurity ID:\t\tS-1-5-21-3669966080-2286457517-972388166-1104\r\n\tAccount Name:\t\tpgustavo\r\n\tAccount Domain:\t\tTHESHIRE\r\n\tLogon ID:\t\t0x1FD3FC\r\n\r\nObject:\r\n\tObject Server:\t\tSecurity\r\n\tObject Type:\t\tKey\r\n\tObject Name:\t\t\\REGISTRY\\MACHINE\\SYSTEM\\ControlSet001\\Control\\Lsa\r\n\tHandle ID:\t\t0x90\r\n\tResource Attributes:\t-\r\n\r\nProcess Information:\r\n\tProcess ID:\t\t0x1b30\r\n\tProcess Name:\t\tC:\\Windows\\System32\\cmd.exe\r\n\r\nAccess Request Information:\r\n\tAccesses:\t\tQuery key value\r\n\t\t\t\t\r\n\tAccess Mask:\t\t0x1","SourceModuleName":"eventlog","SourceName":"Microsoft-Windows-Security-Auditing","SubjectLogonId":"0x1fd3fc","SeverityValue":2,"tags":["mordorDataset"],"Channel":"Security","ProviderGuid":"{54849625-5478-4994-A5BA-3E3B0328C30D}","ObjectServer":"Security","EventID":4663,"RecordNumber":117349,"Hostname":"WORKSTATION5.theshire.local","Category":"Registry","Opcode":"Info","SubjectDomainName":"THESHIRE","AccessMask":"0x1","ResourceAttributes":"-","SourceModuleType":"im_msvistalog","port":53997,"HandleId":"0x90","EventTime":"2020-08-05 03:48:29","ProcessId":"0x1b30","Severity":"INFO","ExecutionProcessID":4,"OpcodeValue":0,"@timestamp":"2020-08-05T07:48:30.683Z","Task":12801,"EventType":"AUDIT_SUCCESS","SubjectUserName":"pgustavo","ProcessName":"C:\\Windows\\System32\\cmd.exe","EventReceivedTime":"2020-08-05 03:48:30"}
{"SubjectUserSid":"S-1-5-21-3669966080-2286457517-972388166-1104","@version":"1","Keywords":-9214364837600034816,"ThreadID":10060,"Version":0,"host":"wec.internal.cloudapp.net","Message":"The handle to an object was closed.\r\n\r\nSubject :\r\n\tSecurity ID:\t\tS-1-5-21-3669966080-2286457517-972388166-1104\r\n\tAccount Name:\t\tpgustavo\r\n\tAccount Domain:\t\tTHESHIRE\r\n\tLogon ID:\t\t0x1FD3FC\r\n\r\nObject:\r\n\tObject Server:\t\tSecurity\r\n\tHandle ID:\t\t0x90\r\n\r\nProcess Information:\r\n\tProcess ID:\t\t0x1b30\r\n\tProcess Name:\t\tC:\\Windows\\System32\\cmd.exe","SourceModuleName":"eventlog","SourceName":"Microsoft-Windows-Security-Auditing","SubjectLogonId":"0x1fd3fc","SeverityValue":2,"tags":["mordorDataset"],"Channel":"Security","ProviderGuid":"{54849625-5478-4994-A5BA-3E3B0328C30D}","ObjectServer":"Security","EventID":4658,"RecordNumber":117350,"Hostname":"WORKSTATION5.theshire.local","Category":"Registry","Opcode":"Info","SubjectDomainName":"THESHIRE","ProcessId":"0x1b30","SourceModuleType":"im_msvistalog","port":53997,"HandleId":"0x90","EventTime":"2020-08-05 03:48:29","Severity":"INFO","ExecutionProcessID":4,"OpcodeValue":0,"@timestamp":"2020-08-05T07:48:30.683Z","Task":12801,"EventType":"AUDIT_SUCCESS","SubjectUserName":"pgustavo","ProcessName":"C:\\Windows\\System32\\cmd.exe","EventReceivedTime":"2020-08-05 03:48:30"}
{"SubjectUserSid":"S-1-5-21-3669966080-2286457517-972388166-1104","@version":"1","Keywords":-9214364837600034816,"ThreadID":10060,"TargetDomainName":"-","TargetLogonId":"0x0","Version":2,"host":"wec.internal.cloudapp.net","Message":"A new process has been created.\r\n\r\nCreator Subject:\r\n\tSecurity ID:\t\tS-1-5-21-3669966080-2286457517-972388166-1104\r\n\tAccount Name:\t\tpgustavo\r\n\tAccount Domain:\t\tTHESHIRE\r\n\tLogon ID:\t\t0x1FD3FC\r\n\r\nTarget Subject:\r\n\tSecurity ID:\t\tS-1-0-0\r\n\tAccount Name:\t\t-\r\n\tAccount Domain:\t\t-\r\n\tLogon ID:\t\t0x0\r\n\r\nProcess Information:\r\n\tNew Process ID:\t\t0xc24\r\n\tNew Process Name:\tC:\\Windows\\System32\\sc.exe\r\n\tToken Elevation Type:\t%%1938\r\n\tMandatory Label:\t\tS-1-16-8192\r\n\tCreator Process ID:\t0x1b30\r\n\tCreator Process Name:\tC:\\Windows\\System32\\cmd.exe\r\n\tProcess Command Line:\tsc.exe  \\\\MORDORDC.theshire.local query IKEEXT\r\n\r\nToken Elevation Type indicates the type of token that was assigned to the new process in accordance with User Account Control policy.\r\n\r\nType 1 is a full token with no privileges removed or groups disabled.  A full token is only used if User Account Control is disabled or if the user is the built-in Administrator account or a service account.\r\n\r\nType 2 is an elevated token with no privileges removed or groups disabled.  An elevated token is used when User Account Control is enabled and the user chooses to start the program using Run as administrator.  An elevated token is also used when an application is configured to always require administrative privilege or to always require maximum privilege, and the user is a member of the Administrators group.\r\n\r\nType 3 is a limited token with administrative privileges removed and administrative groups disabled.  The limited token is used when User Account Control is enabled, the application does not require administrative privilege, and the user does not choose to start the program using Run as administrator.","SourceModuleName":"eventlog","MandatoryLabel":"S-1-16-8192","SourceName":"Microsoft-Windows-Security-Auditing","SubjectLogonId":"0x1fd3fc","SeverityValue":2,"tags":["mordorDataset"],"NewProcessName":"C:\\Windows\\System32\\sc.exe","Channel":"Security","ProviderGuid":"{54849625-5478-4994-A5BA-3E3B0328C30D}","EventID":4688,"RecordNumber":117351,"Hostname":"WORKSTATION5.theshire.local","Category":"Process Creation","Opcode":"Info","SubjectDomainName":"THESHIRE","NewProcessId":"0xc24","SourceModuleType":"im_msvistalog","ProcessId":"0x1b30","port":53997,"EventTime":"2020-08-05 03:48:29","TokenElevationType":"%%1938","Severity":"INFO","ExecutionProcessID":4,"CommandLine":"sc.exe  \\\\MORDORDC.theshire.local query IKEEXT","OpcodeValue":0,"@timestamp":"2020-08-05T07:48:30.684Z","Task":13312,"TargetUserSid":"S-1-0-0","EventType":"AUDIT_SUCCESS","SubjectUserName":"pgustavo","TargetUserName":"-","ParentProcessName":"C:\\Windows\\System32\\cmd.exe","EventReceivedTime":"2020-08-05 03:48:30"}
{"SubjectUserSid":"S-1-5-21-3669966080-2286457517-972388166-1104","@version":"1","Keywords":-9218868437227405312,"ThreadID":10060,"Version":0,"host":"wec.internal.cloudapp.net","Message":"A privileged service was called.\r\n\r\nSubject:\r\n\tSecurity ID:\t\tS-1-5-21-3669966080-2286457517-972388166-1104\r\n\tAccount Name:\t\tpgustavo\r\n\tAccount Domain:\t\tTHESHIRE\r\n\tLogon ID:\t\t0x1FD3FC\r\n\r\nService:\r\n\tServer:\tSecurity\r\n\tService Name:\t-\r\n\r\nProcess:\r\n\tProcess ID:\t0xc24\r\n\tProcess Name:\tC:\\Windows\\System32\\sc.exe\r\n\r\nService Request Information:\r\n\tPrivileges:\t\tSeProfileSingleProcessPrivilege","SourceModuleName":"eventlog","SourceName":"Microsoft-Windows-Security-Auditing","SubjectLogonId":"0x1fd3fc","SeverityValue":4,"tags":["mordorDataset"],"Channel":"Security","ProviderGuid":"{54849625-5478-4994-A5BA-3E3B0328C30D}","ObjectServer":"Security","EventID":4673,"RecordNumber":117352,"Hostname":"WORKSTATION5.theshire.local","Category":"Sensitive Privilege Use","Opcode":"Info","SubjectDomainName":"THESHIRE","ProcessId":"0xc24","SourceModuleType":"im_msvistalog","port":53997,"PrivilegeList":"SeProfileSingleProcessPrivilege","EventTime":"2020-08-05 03:48:29","Service":"-","Severity":"ERROR","ExecutionProcessID":4,"OpcodeValue":0,"@timestamp":"2020-08-05T07:48:31.677Z","Task":13056,"EventType":"AUDIT_FAILURE","SubjectUserName":"pgustavo","ProcessName":"C:\\Windows\\System32\\sc.exe","EventReceivedTime":"2020-08-05 03:48:31"}
{"@version":"1","Keywords":-9214364837600034816,"ThreadID":10060,"Version":0,"host":"wec.internal.cloudapp.net","LayerRTID":"36","Message":"The Windows Filtering Platform has permitted a bind to a local port.\r\n\r\nApplication Information:\r\n\tProcess ID:\t\t3108\r\n\tApplication Name:\t\\device\\harddiskvolume2\\windows\\system32\\sc.exe\r\n\r\nNetwork Information:\r\n\tSource Address:\t\t0.0.0.0\r\n\tSource Port:\t\t60336\r\n\tProtocol:\t\t6\r\n\r\nFilter Information:\r\n\tFilter Run-Time ID:\t0\r\n\tLayer Name:\t\tResource Assignment\r\n\tLayer Run-Time ID:\t36","SourceModuleName":"eventlog","SourceName":"Microsoft-Windows-Security-Auditing","SeverityValue":2,"LayerName":"%%14608","tags":["mordorDataset"],"Channel":"Security","ProviderGuid":"{54849625-5478-4994-A5BA-3E3B0328C30D}","EventID":5158,"RecordNumber":117353,"Hostname":"WORKSTATION5.theshire.local","Category":"Filtering Platform Connection","Opcode":"Info","Protocol":"6","ProcessId":"3108","SourceModuleType":"im_msvistalog","port":53997,"Application":"\\device\\harddiskvolume2\\windows\\system32\\sc.exe","EventTime":"2020-08-05 03:48:29","SourcePort":"60336","Severity":"INFO","ExecutionProcessID":4,"SourceAddress":"0.0.0.0","OpcodeValue":0,"@timestamp":"2020-08-05T07:48:31.677Z","Task":12810,"EventType":"AUDIT_SUCCESS","EventReceivedTime":"2020-08-05 03:48:31","FilterRTID":"0"}
