{"Version":3,"EventReceivedTime":"2019-12-04 23:47:56","type":"nxlog-mordor","host":"ip-172-18-39-102.ec2.internal","Channel":"Microsoft-Windows-Sysmon/Operational","RecordNumber":219673,"port":49730,"ProviderGuid":"{5770385F-C22A-43E0-BF4C-06F5698FFBD9}","EventID":21,"EventType":"INFO","Consumer":" \"CommandLineEventConsumer.Name=\\\"Evil Persistence\\\"\"","User":"shire\\pgustavo","Operation":"Created","UtcTime":"2019-12-05 04:47:55.353","UserID":"S-1-5-18","SourceName":"Microsoft-Windows-Sysmon","Domain":"NT AUTHORITY","AccountType":"User","OpcodeValue":0,"Message":"WmiEventConsumerToFilter activity detected:\r\nRuleName: \r\nEventType: WmiBindingEvent\r\nUtcTime: 2019-12-05 04:47:55.353\r\nOperation: Created\r\nUser: shire\\pgustavo\r\nConsumer:  \"CommandLineEventConsumer.Name=\\\"Evil Persistence\\\"\"\r\nFilter:  \"__EventFilter.Name=\\\"Evil Persistence\\\"\"","Task":21,"Severity":"INFO","Keywords":-9223372036854775808,"Filter":" \"__EventFilter.Name=\\\"Evil Persistence\\\"\"","@timestamp":"2019-12-05T04:47:56.293Z","EventTime":"2019-12-04 23:47:55","SeverityValue":2,"ProcessID":3140,"ThreadID":2648,"AccountName":"SYSTEM","SourceModuleType":"im_msvistalog","Hostname":"IT001.shire.com","SourceModuleName":"eventlog","@version":"1"}
{"Version":0,"EventReceivedTime":"2019-12-04 23:47:56","type":"nxlog-mordor","host":"ip-172-18-39-102.ec2.internal","Channel":"security","ObjectServer":"NT Local Security Authority / Authentication Service","RecordNumber":30549,"Category":"Sensitive Privilege Use","port":49730,"ProviderGuid":"{54849625-5478-4994-A5BA-3E3B0328C30D}","EventID":4673,"EventType":"AUDIT_SUCCESS","SourceName":"Microsoft-Windows-Security-Auditing","SubjectDomainName":"shire","SubjectUserSid":"S-1-5-18","ProcessName":"C:\\Windows\\System32\\lsass.exe","OpcodeValue":0,"Message":"A privileged service was called.\r\n\r\nSubject:\r\n\tSecurity ID:\t\tS-1-5-18\r\n\tAccount Name:\t\tIT001$\r\n\tAccount Domain:\t\tshire\r\n\tLogon ID:\t\t0x3E7\r\n\r\nService:\r\n\tServer:\tNT Local Security Authority / Authentication Service\r\n\tService Name:\tLsaRegisterLogonProcess()\r\n\r\nProcess:\r\n\tProcess ID:\t0x328\r\n\tProcess Name:\tC:\\Windows\\System32\\lsass.exe\r\n\r\nService Request Information:\r\n\tPrivileges:\t\tSeTcbPrivilege","PrivilegeList":"SeTcbPrivilege","Task":13056,"Severity":"INFO","Keywords":-9214364837600034816,"SubjectUserName":"IT001$","@timestamp":"2019-12-05T04:47:56.294Z","EventTime":"2019-12-04 23:47:55","SeverityValue":2,"ProcessID":4,"ThreadID":5332,"Opcode":"Info","SubjectLogonId":"0x3e7","SourceModuleType":"im_msvistalog","Hostname":"IT001.shire.com","SourceModuleName":"eventlog","Service":"LsaRegisterLogonProcess()","@version":"1"}
{"ImpersonationLevel":"%%1832","IpPort":"-","Channel":"security","RecordNumber":30551,"ProviderGuid":"{54849625-5478-4994-A5BA-3E3B0328C30D}","AuthenticationPackageName":"Kerberos","WorkstationName":"IT001","IpAddress":"-","TargetUserName":"pgustavo","SourceName":"Microsoft-Windows-Security-Auditing","ActivityID":"{1CB713B3-AB00-0000-3914-B71C00ABD501}","SubjectDomainName":"shire","TargetUserSid":"S-1-5-21-791464340-1796667228-2788435825-1112","OpcodeValue":0,"Message":"An account was successfully logged on.\r\n\r\nSubject:\r\n\tSecurity ID:\t\tS-1-5-18\r\n\tAccount Name:\t\tIT001$\r\n\tAccount Domain:\t\tshire\r\n\tLogon ID:\t\t0x3E7\r\n\r\nLogon Information:\r\n\tLogon Type:\t\t3\r\n\tRestricted Admin Mode:\t-\r\n\tVirtual Account:\t\tNo\r\n\tElevated Token:\t\tYes\r\n\r\nImpersonation Level:\t\tIdentification\r\n\r\nNew Logon:\r\n\tSecurity ID:\t\tS-1-5-21-791464340-1796667228-2788435825-1112\r\n\tAccount Name:\t\tpgustavo\r\n\tAccount Domain:\t\tshire\r\n\tLogon ID:\t\t0x842B63\r\n\tLinked Logon ID:\t\t0x0\r\n\tNetwork Account Name:\t-\r\n\tNetwork Account Domain:\t-\r\n\tLogon GUID:\t\t{af70a878-fdf5-616c-5637-adff9a6323a8}\r\n\r\nProcess Information:\r\n\tProcess ID:\t\t0xa08\r\n\tProcess Name:\t\tC:\\Windows\\System32\\svchost.exe\r\n\r\nNetwork Information:\r\n\tWorkstation Name:\tIT001\r\n\tSource Network Address:\t-\r\n\tSource Port:\t\t-\r\n\r\nDetailed Authentication Information:\r\n\tLogon Process:\t\tAuthz   \r\n\tAuthentication Package:\tKerberos\r\n\tTransited Services:\t-\r\n\tPackage Name (NTLM only):\t-\r\n\tKey Length:\t\t0\r\n\r\nThis event is generated when a logon session is created. It is generated on the computer that was accessed.\r\n\r\nThe subject fields indicate the account on the local system which requested the logon. This is most commonly a service such as the Server service, or a local process such as Winlogon.exe or Services.exe.\r\n\r\nThe logon type field indicates the kind of logon that occurred. The most common types are 2 (interactive) and 3 (network).\r\n\r\nThe New Logon fields indicate the account for whom the new logon was created, i.e. the account that was logged on.\r\n\r\nThe network fields indicate where a remote logon request originated. Workstation name is not always available and may be left blank in some cases.\r\n\r\nThe impersonation level field indicates the extent to which a process in the logon session can impersonate.\r\n\r\nThe authentication information fields provide detailed information about this specific logon request.\r\n\t- Logon GUID is a unique identifier that can be used to correlate this event with a KDC event.\r\n\t- Transited services indicate which intermediate services have participated in this logon request.\r\n\t- Package name indicates which sub-protocol was used among the NTLM protocols.\r\n\t- Key length indicates the length of the generated session key. This will be 0 if no session key was requested.","TargetLogonId":"0x842b63","ProcessName":"C:\\Windows\\System32\\svchost.exe","SubjectUserName":"IT001$","VirtualAccount":"%%1843","ProcessID":808,"SeverityValue":2,"KeyLength":"0","Opcode":"Info","SubjectLogonId":"0x3e7","SourceModuleType":"im_msvistalog","@version":"1","Version":2,"LogonType":"3","LmPackageName":"-","EventReceivedTime":"2019-12-04 23:47:56","type":"nxlog-mordor","host":"ip-172-18-39-102.ec2.internal","TargetOutboundUserName":"-","Category":"Logon","port":49730,"TransmittedServices":"-","EventID":4624,"EventType":"AUDIT_SUCCESS","ElevatedToken":"%%1842","TargetOutboundDomainName":"-","SubjectUserSid":"S-1-5-18","Task":12544,"Severity":"INFO","Keywords":-9214364837600034816,"LogonGuid":"{af70a878-fdf5-616c-5637-adff9a6323a8}","@timestamp":"2019-12-05T04:47:56.295Z","EventTime":"2019-12-04 23:47:55","ThreadID":3664,"TargetDomainName":"shire","Hostname":"IT001.shire.com","LogonProcessName":"Authz   ","SourceModuleName":"eventlog","RestrictedAdminMode":"-","TargetLinkedLogonId":"0x0"}
{"Version":0,"LogonType":"3","EventReceivedTime":"2019-12-04 23:47:56","type":"nxlog-mordor","host":"ip-172-18-39-102.ec2.internal","Channel":"security","RecordNumber":30554,"Category":"Logoff","port":49730,"ProviderGuid":"{54849625-5478-4994-A5BA-3E3B0328C30D}","EventID":4634,"EventType":"AUDIT_SUCCESS","TargetUserName":"pgustavo","SourceName":"Microsoft-Windows-Security-Auditing","TargetUserSid":"S-1-5-21-791464340-1796667228-2788435825-1112","OpcodeValue":0,"Message":"An account was logged off.\r\n\r\nSubject:\r\n\tSecurity ID:\t\tS-1-5-21-791464340-1796667228-2788435825-1112\r\n\tAccount Name:\t\tpgustavo\r\n\tAccount Domain:\t\tshire\r\n\tLogon ID:\t\t0x842B63\r\n\r\nLogon Type:\t\t\t3\r\n\r\nThis event is generated when a logon session is destroyed. It may be positively correlated with a logon event using the Logon ID value. Logon IDs are only unique between reboots on the same computer.","TargetLogonId":"0x842b63","Task":12545,"Severity":"INFO","Keywords":-9214364837600034816,"@timestamp":"2019-12-05T04:47:56.296Z","EventTime":"2019-12-04 23:47:55","SeverityValue":2,"ProcessID":808,"ThreadID":3664,"Opcode":"Info","TargetDomainName":"shire","SourceModuleType":"im_msvistalog","Hostname":"IT001.shire.com","SourceModuleName":"eventlog","@version":"1"}
{"Version":0,"EventReceivedTime":"2019-12-04 23:47:56","type":"nxlog-mordor","host":"ip-172-18-39-102.ec2.internal","Channel":"security","RecordNumber":30558,"Category":"Token Right Adjusted Events","port":49730,"ProviderGuid":"{54849625-5478-4994-A5BA-3E3B0328C30D}","EventID":4703,"EventType":"AUDIT_SUCCESS","TargetUserName":"IT001$","SourceName":"Microsoft-Windows-Security-Auditing","SubjectDomainName":"shire","SubjectUserSid":"S-1-5-18","TargetUserSid":"S-1-5-18","OpcodeValue":0,"Message":"A token right was adjusted.\r\n\r\nSubject:\r\n\tSecurity ID:\t\tS-1-5-18\r\n\tAccount Name:\t\tIT001$\r\n\tAccount Domain:\t\tshire\r\n\tLogon ID:\t\t0x3E7\r\n\r\nTarget Account:\r\n\tSecurity ID:\t\tS-1-5-18\r\n\tAccount Name:\t\tIT001$\r\n\tAccount Domain:\t\tshire\r\n\tLogon ID:\t\t0x3E7\r\n\r\nProcess Information:\r\n\tProcess ID:\t\t0xa08\r\n\tProcess Name:\t\tC:\\Windows\\System32\\svchost.exe\r\n\r\nEnabled Privileges:\r\n\t\t\tSeAssignPrimaryTokenPrivilege\r\n\t\t\tSeIncreaseQuotaPrivilege\r\n\t\t\tSeSecurityPrivilege\r\n\t\t\tSeTakeOwnershipPrivilege\r\n\t\t\tSeLoadDriverPrivilege\r\n\t\t\tSeSystemtimePrivilege\r\n\t\t\tSeBackupPrivilege\r\n\t\t\tSeRestorePrivilege\r\n\t\t\tSeShutdownPrivilege\r\n\t\t\tSeSystemEnvironmentPrivilege\r\n\t\t\tSeUndockPrivilege\r\n\t\t\tSeManageVolumePrivilege\r\n\r\nDisabled Privileges:\r\n\t\t\t-","TargetLogonId":"0x3e7","Task":13317,"Severity":"INFO","Keywords":-9214364837600034816,"SubjectUserName":"IT001$","ProcessName":"C:\\Windows\\System32\\svchost.exe","EnabledPrivilegeList":"SeAssignPrimaryTokenPrivilege\r\n\t\t\tSeIncreaseQuotaPrivilege\r\n\t\t\tSeSecurityPrivilege\r\n\t\t\tSeTakeOwnershipPrivilege\r\n\t\t\tSeLoadDriverPrivilege\r\n\t\t\tSeSystemtimePrivilege\r\n\t\t\tSeBackupPrivilege\r\n\t\t\tSeRestorePrivilege\r\n\t\t\tSeShutdownPrivilege\r\n\t\t\tSeSystemEnvironmentPrivilege\r\n\t\t\tSeUndockPrivilege\r\n\t\t\tSeManageVolumePrivilege","EventTime":"2019-12-04 23:47:55","SeverityValue":2,"ProcessID":4,"ThreadID":5332,"Opcode":"Info","SubjectLogonId":"0x3e7","TargetDomainName":"shire","SourceModuleType":"im_msvistalog","Hostname":"IT001.shire.com","@timestamp":"2019-12-05T04:47:56.297Z","SourceModuleName":"eventlog","DisabledPrivilegeList":"-","@version":"1"}
{"Version":0,"EventReceivedTime":"2019-12-04 23:47:56","type":"nxlog-mordor","host":"ip-172-18-39-102.ec2.internal","Channel":"security","ObjectServer":"NT Local Security Authority / Authentication Service","RecordNumber":30529,"Category":"Sensitive Privilege Use","port":49730,"ProviderGuid":"{54849625-5478-4994-A5BA-3E3B0328C30D}","EventID":4673,"EventType":"AUDIT_SUCCESS","SourceName":"Microsoft-Windows-Security-Auditing","SubjectDomainName":"shire","SubjectUserSid":"S-1-5-18","ProcessName":"C:\\Windows\\System32\\lsass.exe","OpcodeValue":0,"Message":"A privileged service was called.\r\n\r\nSubject:\r\n\tSecurity ID:\t\tS-1-5-18\r\n\tAccount Name:\t\tIT001$\r\n\tAccount Domain:\t\tshire\r\n\tLogon ID:\t\t0x3E7\r\n\r\nService:\r\n\tServer:\tNT Local Security Authority / Authentication Service\r\n\tService Name:\tLsaRegisterLogonProcess()\r\n\r\nProcess:\r\n\tProcess ID:\t0x328\r\n\tProcess Name:\tC:\\Windows\\System32\\lsass.exe\r\n\r\nService Request Information:\r\n\tPrivileges:\t\tSeTcbPrivilege","PrivilegeList":"SeTcbPrivilege","Task":13056,"Severity":"INFO","Keywords":-9214364837600034816,"SubjectUserName":"IT001$","@timestamp":"2019-12-05T04:47:56.282Z","EventTime":"2019-12-04 23:47:55","SeverityValue":2,"ProcessID":4,"ThreadID":5332,"Opcode":"Info","SubjectLogonId":"0x3e7","SourceModuleType":"im_msvistalog","Hostname":"IT001.shire.com","SourceModuleName":"eventlog","Service":"LsaRegisterLogonProcess()","@version":"1"}
{"Version":1,"EventReceivedTime":"2019-12-04 23:47:56","SourceAddress":"172.18.39.105","type":"nxlog-mordor","DestPort":"389","host":"ip-172-18-39-102.ec2.internal","Channel":"security","RemoteMachineID":"S-1-0-0","RecordNumber":30531,"Category":"Filtering Platform Connection","port":49730,"ProviderGuid":"{54849625-5478-4994-A5BA-3E3B0328C30D}","Application":"\\device\\harddiskvolume2\\windows\\system32\\lsass.exe","EventID":5156,"EventType":"AUDIT_SUCCESS","Direction":"%%14593","DestAddress":"172.18.39.5","SourcePort":"49346","SourceName":"Microsoft-Windows-Security-Auditing","OpcodeValue":0,"Message":"The Windows Filtering Platform has permitted a connection.\r\n\r\nApplication Information:\r\n\tProcess ID:\t\t808\r\n\tApplication Name:\t\\device\\harddiskvolume2\\windows\\system32\\lsass.exe\r\n\r\nNetwork Information:\r\n\tDirection:\t\tOutbound\r\n\tSource Address:\t\t172.18.39.105\r\n\tSource Port:\t\t49346\r\n\tDestination Address:\t172.18.39.5\r\n\tDestination Port:\t\t389\r\n\tProtocol:\t\t17\r\n\r\nFilter Information:\r\n\tFilter Run-Time ID:\t67260\r\n\tLayer Name:\t\tConnect\r\n\tLayer Run-Time ID:\t48","LayerName":"%%14611","Task":12810,"Severity":"INFO","Keywords":-9214364837600034816,"LayerRTID":"48","@timestamp":"2019-12-05T04:47:56.283Z","EventTime":"2019-12-04 23:47:55","SeverityValue":2,"ProcessID":4,"ThreadID":5332,"Opcode":"Info","Protocol":"17","RemoteUserID":"S-1-0-0","SourceModuleType":"im_msvistalog","Hostname":"IT001.shire.com","SourceModuleName":"eventlog","FilterRTID":"67260","@version":"1"}
{"Version":2,"EventReceivedTime":"2019-12-04 23:47:56","Image":"C:\\Windows\\System32\\lsass.exe","type":"nxlog-mordor","host":"ip-172-18-39-102.ec2.internal","Channel":"Microsoft-Windows-Sysmon/Operational","RecordNumber":219658,"port":49730,"ProviderGuid":"{5770385F-C22A-43E0-BF4C-06F5698FFBD9}","EventID":9,"EventType":"INFO","UtcTime":"2019-12-05 04:47:55.165","UserID":"S-1-5-18","ProcessGuid":"{a158f72c-4a86-5de8-0000-0010ff6b0000}","SourceName":"Microsoft-Windows-Sysmon","Domain":"NT AUTHORITY","AccountType":"User","OpcodeValue":0,"Message":"RawAccessRead detected:\r\nRuleName: \r\nUtcTime: 2019-12-05 04:47:55.165\r\nProcessGuid: {a158f72c-4a86-5de8-0000-0010ff6b0000}\r\nProcessId: 808\r\nImage: C:\\Windows\\System32\\lsass.exe\r\nDevice: \\Device\\HarddiskVolume1","Task":9,"Severity":"INFO","Keywords":-9223372036854775808,"@timestamp":"2019-12-05T04:47:56.284Z","EventTime":"2019-12-04 23:47:55","SeverityValue":2,"ProcessID":3140,"ThreadID":4712,"AccountName":"SYSTEM","Device":"\\Device\\HarddiskVolume1","SourceModuleType":"im_msvistalog","Hostname":"IT001.shire.com","SourceModuleName":"eventlog","@version":"1"}
{"Version":0,"EventReceivedTime":"2019-12-04 23:47:56","type":"nxlog-mordor","IpPort":"51710","ServiceName":"krbtgt","host":"ip-172-18-39-102.ec2.internal","Channel":"Security","RecordNumber":88658,"Category":"Kerberos Service Ticket Operations","port":49730,"ProviderGuid":"{54849625-5478-4994-A5BA-3E3B0328C30D}","Status":"0x0","TransmittedServices":"-","EventID":4769,"EventType":"AUDIT_SUCCESS","IpAddress":"::ffff:172.18.39.105","TargetUserName":"IT001$@SHIRE.COM","SourceName":"Microsoft-Windows-Security-Auditing","OpcodeValue":0,"Message":"A Kerberos service ticket was requested.\r\n\r\nAccount Information:\r\n\tAccount Name:\t\tIT001$@SHIRE.COM\r\n\tAccount Domain:\t\tSHIRE.COM\r\n\tLogon GUID:\t\t{be3158a0-8a17-19bf-754a-2073a6badd57}\r\n\r\nService Information:\r\n\tService Name:\t\tkrbtgt\r\n\tService ID:\t\tS-1-5-21-791464340-1796667228-2788435825-502\r\n\r\nNetwork Information:\r\n\tClient Address:\t\t::ffff:172.18.39.105\r\n\tClient Port:\t\t51710\r\n\r\nAdditional Information:\r\n\tTicket Options:\t\t0x40810000\r\n\tTicket Encryption Type:\t0x12\r\n\tFailure Code:\t\t0x0\r\n\tTransited Services:\t-\r\n\r\nThis event is generated every time access is requested to a resource such as a computer or a Windows service.  The service name indicates the resource to which access was requested.\r\n\r\nThis event can be correlated with Windows logon events by comparing the Logon GUID fields in each event.  The logon event occurs on the machine that was accessed, which is often a different machine than the domain controller which issued the service ticket.\r\n\r\nTicket options, encryption types, and failure codes are defined in RFC 4120.","Task":14337,"Severity":"INFO","Keywords":-9214364837600034816,"TicketOptions":"0x40810000","LogonGuid":"{be3158a0-8a17-19bf-754a-2073a6badd57}","ServiceSid":"S-1-5-21-791464340-1796667228-2788435825-502","EventTime":"2019-12-04 23:47:55","SeverityValue":2,"ProcessID":780,"ThreadID":2824,"Opcode":"Info","TargetDomainName":"SHIRE.COM","@timestamp":"2019-12-05T04:47:56.285Z","SourceModuleType":"im_msvistalog","Hostname":"HFDC01.shire.com","SourceModuleName":"eventlog","@version":"1","TicketEncryptionType":"0x12"}
{"Version":0,"EventReceivedTime":"2019-12-04 23:47:56","type":"nxlog-mordor","IpPort":"51711","ServiceName":"IT001$","host":"ip-172-18-39-102.ec2.internal","Channel":"Security","RecordNumber":88660,"Category":"Kerberos Service Ticket Operations","port":49730,"ProviderGuid":"{54849625-5478-4994-A5BA-3E3B0328C30D}","Status":"0x0","TransmittedServices":"-","EventID":4769,"EventType":"AUDIT_SUCCESS","IpAddress":"::ffff:172.18.39.105","TargetUserName":"IT001$@SHIRE.COM","SourceName":"Microsoft-Windows-Security-Auditing","OpcodeValue":0,"Message":"A Kerberos service ticket was requested.\r\n\r\nAccount Information:\r\n\tAccount Name:\t\tIT001$@SHIRE.COM\r\n\tAccount Domain:\t\tSHIRE.COM\r\n\tLogon GUID:\t\t{be3158a0-8a17-19bf-754a-2073a6badd57}\r\n\r\nService Information:\r\n\tService Name:\t\tIT001$\r\n\tService ID:\t\tS-1-5-21-791464340-1796667228-2788435825-1119\r\n\r\nNetwork Information:\r\n\tClient Address:\t\t::ffff:172.18.39.105\r\n\tClient Port:\t\t51711\r\n\r\nAdditional Information:\r\n\tTicket Options:\t\t0x40810000\r\n\tTicket Encryption Type:\t0x12\r\n\tFailure Code:\t\t0x0\r\n\tTransited Services:\t-\r\n\r\nThis event is generated every time access is requested to a resource such as a computer or a Windows service.  The service name indicates the resource to which access was requested.\r\n\r\nThis event can be correlated with Windows logon events by comparing the Logon GUID fields in each event.  The logon event occurs on the machine that was accessed, which is often a different machine than the domain controller which issued the service ticket.\r\n\r\nTicket options, encryption types, and failure codes are defined in RFC 4120.","Task":14337,"Severity":"INFO","Keywords":-9214364837600034816,"TicketOptions":"0x40810000","LogonGuid":"{be3158a0-8a17-19bf-754a-2073a6badd57}","ServiceSid":"S-1-5-21-791464340-1796667228-2788435825-1119","EventTime":"2019-12-04 23:47:55","SeverityValue":2,"ProcessID":780,"ThreadID":2824,"Opcode":"Info","TargetDomainName":"SHIRE.COM","@timestamp":"2019-12-05T04:47:56.286Z","SourceModuleType":"im_msvistalog","Hostname":"HFDC01.shire.com","SourceModuleName":"eventlog","@version":"1","TicketEncryptionType":"0x12"}
{"Version":3,"Name":" \"Evil Persistence\"","EventReceivedTime":"2019-12-04 23:47:56","type":"nxlog-mordor","host":"ip-172-18-39-102.ec2.internal","Channel":"Microsoft-Windows-Sysmon/Operational","RecordNumber":219662,"port":49730,"ProviderGuid":"{5770385F-C22A-43E0-BF4C-06F5698FFBD9}","EventID":19,"EventType":"INFO","User":"shire\\pgustavo","Operation":"Created","UtcTime":"2019-12-05 04:47:55.290","UserID":"S-1-5-18","SourceName":"Microsoft-Windows-Sysmon","Query":" \"select * from Win32_ProcessStartTrace where ProcessName='notepad.exe'\"","Domain":"NT AUTHORITY","AccountType":"User","OpcodeValue":0,"Message":"WmiEventFilter activity detected:\r\nRuleName: \r\nEventType: WmiFilterEvent\r\nUtcTime: 2019-12-05 04:47:55.290\r\nOperation: Created\r\nUser: shire\\pgustavo\r\nEventNamespace:  \"root/cimv2\"\r\nName:  \"Evil Persistence\"\r\nQuery:  \"select * from Win32_ProcessStartTrace where ProcessName='notepad.exe'\"","Task":19,"Severity":"INFO","Keywords":-9223372036854775808,"@timestamp":"2019-12-05T04:47:56.287Z","EventTime":"2019-12-04 23:47:55","SeverityValue":2,"ProcessID":3140,"ThreadID":5564,"AccountName":"SYSTEM","EventNamespace":" \"root/cimv2\"","SourceModuleType":"im_msvistalog","Hostname":"IT001.shire.com","SourceModuleName":"eventlog","@version":"1"}
{"Version":2,"EventReceivedTime":"2019-12-04 23:47:56","Image":"C:\\Windows\\System32\\lsass.exe","type":"nxlog-mordor","host":"ip-172-18-39-102.ec2.internal","Channel":"Microsoft-Windows-Sysmon/Operational","RecordNumber":219664,"port":49730,"ProviderGuid":"{5770385F-C22A-43E0-BF4C-06F5698FFBD9}","EventID":9,"EventType":"INFO","UtcTime":"2019-12-05 04:47:55.290","UserID":"S-1-5-18","ProcessGuid":"{a158f72c-4a86-5de8-0000-0010ff6b0000}","SourceName":"Microsoft-Windows-Sysmon","Domain":"NT AUTHORITY","AccountType":"User","OpcodeValue":0,"Message":"RawAccessRead detected:\r\nRuleName: \r\nUtcTime: 2019-12-05 04:47:55.290\r\nProcessGuid: {a158f72c-4a86-5de8-0000-0010ff6b0000}\r\nProcessId: 808\r\nImage: C:\\Windows\\System32\\lsass.exe\r\nDevice: \\Device\\HarddiskVolume1","Task":9,"Severity":"INFO","Keywords":-9223372036854775808,"@timestamp":"2019-12-05T04:47:56.288Z","EventTime":"2019-12-04 23:47:55","SeverityValue":2,"ProcessID":3140,"ThreadID":4712,"AccountName":"SYSTEM","Device":"\\Device\\HarddiskVolume1","SourceModuleType":"im_msvistalog","Hostname":"IT001.shire.com","SourceModuleName":"eventlog","@version":"1"}
{"Version":3,"Name":" \"Evil Persistence\"","EventReceivedTime":"2019-12-04 23:47:56","type":"nxlog-mordor","host":"ip-172-18-39-102.ec2.internal","Channel":"Microsoft-Windows-Sysmon/Operational","RecordNumber":219666,"port":49730,"ProviderGuid":"{5770385F-C22A-43E0-BF4C-06F5698FFBD9}","EventID":20,"EventType":"INFO","User":"shire\\pgustavo","Destination":" \"powershell -Sta -Nop -Window Hidden -EncodedCommand &lt;blah&gt;\"","Operation":"Created","UtcTime":"2019-12-05 04:47:55.290","UserID":"S-1-5-18","SourceName":"Microsoft-Windows-Sysmon","Type":"Command Line","Domain":"NT AUTHORITY","AccountType":"User","OpcodeValue":0,"Message":"WmiEventConsumer activity detected:\r\nRuleName: \r\nEventType: WmiConsumerEvent\r\nUtcTime: 2019-12-05 04:47:55.290\r\nOperation: Created\r\nUser: shire\\pgustavo\r\nName:  \"Evil Persistence\"\r\nType: Command Line\r\nDestination:  \"powershell -Sta -Nop -Window Hidden -EncodedCommand <blah>\"","Task":20,"Severity":"INFO","Keywords":-9223372036854775808,"@timestamp":"2019-12-05T04:47:56.289Z","EventTime":"2019-12-04 23:47:55","SeverityValue":2,"ProcessID":3140,"ThreadID":2648,"AccountName":"SYSTEM","SourceModuleType":"im_msvistalog","Hostname":"IT001.shire.com","SourceModuleName":"eventlog","@version":"1"}
{"Version":0,"EventReceivedTime":"2019-12-04 23:47:56","type":"nxlog-mordor","host":"ip-172-18-39-102.ec2.internal","Channel":"security","RecordNumber":30542,"Category":"Token Right Adjusted Events","port":49730,"ProviderGuid":"{54849625-5478-4994-A5BA-3E3B0328C30D}","EventID":4703,"EventType":"AUDIT_SUCCESS","TargetUserName":"IT001$","SourceName":"Microsoft-Windows-Security-Auditing","SubjectDomainName":"shire","SubjectUserSid":"S-1-5-18","TargetUserSid":"S-1-5-18","OpcodeValue":0,"Message":"A token right was adjusted.\r\n\r\nSubject:\r\n\tSecurity ID:\t\tS-1-5-18\r\n\tAccount Name:\t\tIT001$\r\n\tAccount Domain:\t\tshire\r\n\tLogon ID:\t\t0x3E7\r\n\r\nTarget Account:\r\n\tSecurity ID:\t\tS-1-5-18\r\n\tAccount Name:\t\tIT001$\r\n\tAccount Domain:\t\tshire\r\n\tLogon ID:\t\t0x3E7\r\n\r\nProcess Information:\r\n\tProcess ID:\t\t0xa08\r\n\tProcess Name:\t\tC:\\Windows\\System32\\svchost.exe\r\n\r\nEnabled Privileges:\r\n\t\t\tSeAssignPrimaryTokenPrivilege\r\n\t\t\tSeIncreaseQuotaPrivilege\r\n\t\t\tSeSecurityPrivilege\r\n\t\t\tSeTakeOwnershipPrivilege\r\n\t\t\tSeLoadDriverPrivilege\r\n\t\t\tSeSystemtimePrivilege\r\n\t\t\tSeBackupPrivilege\r\n\t\t\tSeRestorePrivilege\r\n\t\t\tSeShutdownPrivilege\r\n\t\t\tSeSystemEnvironmentPrivilege\r\n\t\t\tSeUndockPrivilege\r\n\t\t\tSeManageVolumePrivilege\r\n\r\nDisabled Privileges:\r\n\t\t\t-","TargetLogonId":"0x3e7","Task":13317,"Severity":"INFO","Keywords":-9214364837600034816,"SubjectUserName":"IT001$","ProcessName":"C:\\Windows\\System32\\svchost.exe","EnabledPrivilegeList":"SeAssignPrimaryTokenPrivilege\r\n\t\t\tSeIncreaseQuotaPrivilege\r\n\t\t\tSeSecurityPrivilege\r\n\t\t\tSeTakeOwnershipPrivilege\r\n\t\t\tSeLoadDriverPrivilege\r\n\t\t\tSeSystemtimePrivilege\r\n\t\t\tSeBackupPrivilege\r\n\t\t\tSeRestorePrivilege\r\n\t\t\tSeShutdownPrivilege\r\n\t\t\tSeSystemEnvironmentPrivilege\r\n\t\t\tSeUndockPrivilege\r\n\t\t\tSeManageVolumePrivilege","EventTime":"2019-12-04 23:47:55","SeverityValue":2,"ProcessID":4,"ThreadID":5332,"Opcode":"Info","SubjectLogonId":"0x3e7","TargetDomainName":"shire","SourceModuleType":"im_msvistalog","Hostname":"IT001.shire.com","@timestamp":"2019-12-05T04:47:56.291Z","SourceModuleName":"eventlog","DisabledPrivilegeList":"-","@version":"1"}
{"Version":0,"EventReceivedTime":"2019-12-04 23:47:56","type":"nxlog-mordor","IpPort":"-","TargetLogonGuid":"{af70a878-fdf5-616c-5637-adff9a6323a8}","host":"ip-172-18-39-102.ec2.internal","Channel":"security","RecordNumber":30544,"Category":"Logon","port":49730,"ProviderGuid":"{54849625-5478-4994-A5BA-3E3B0328C30D}","EventID":4648,"EventType":"AUDIT_SUCCESS","IpAddress":"-","TargetUserName":"pgustavo","SourceName":"Microsoft-Windows-Security-Auditing","ActivityID":"{1CB713B3-AB00-0000-3914-B71C00ABD501}","SubjectUserSid":"S-1-5-18","SubjectDomainName":"shire","OpcodeValue":0,"Message":"A logon was attempted using explicit credentials.\r\n\r\nSubject:\r\n\tSecurity ID:\t\tS-1-5-18\r\n\tAccount Name:\t\tIT001$\r\n\tAccount Domain:\t\tshire\r\n\tLogon ID:\t\t0x3E7\r\n\tLogon GUID:\t\t{00000000-0000-0000-0000-000000000000}\r\n\r\nAccount Whose Credentials Were Used:\r\n\tAccount Name:\t\tpgustavo\r\n\tAccount Domain:\t\tshire\r\n\tLogon GUID:\t\t{af70a878-fdf5-616c-5637-adff9a6323a8}\r\n\r\nTarget Server:\r\n\tTarget Server Name:\tlocalhost\r\n\tAdditional Information:\tlocalhost\r\n\r\nProcess Information:\r\n\tProcess ID:\t\t0xa08\r\n\tProcess Name:\t\tC:\\Windows\\System32\\svchost.exe\r\n\r\nNetwork Information:\r\n\tNetwork Address:\t-\r\n\tPort:\t\t\t-\r\n\r\nThis event is generated when a process attempts to log on an account by explicitly specifying that account’s credentials.  This most commonly occurs in batch-type configurations such as scheduled tasks, or when using the RUNAS command.","ProcessName":"C:\\Windows\\System32\\svchost.exe","Task":12544,"Severity":"INFO","Keywords":-9214364837600034816,"SubjectUserName":"IT001$","LogonGuid":"{00000000-0000-0000-0000-000000000000}","TargetServerName":"localhost","EventTime":"2019-12-04 23:47:55","SeverityValue":2,"ProcessID":808,"ThreadID":3664,"Opcode":"Info","SubjectLogonId":"0x3e7","TargetDomainName":"shire","SourceModuleType":"im_msvistalog","Hostname":"IT001.shire.com","@timestamp":"2019-12-05T04:47:56.292Z","SourceModuleName":"eventlog","TargetInfo":"localhost","@version":"1"}
{"Version":0,"LogonType":"3","EventReceivedTime":"2019-12-04 23:47:56","type":"nxlog-mordor","host":"ip-172-18-39-102.ec2.internal","Channel":"security","RecordNumber":30546,"Category":"Group Membership","port":49730,"ProviderGuid":"{54849625-5478-4994-A5BA-3E3B0328C30D}","EventID":4627,"EventType":"AUDIT_SUCCESS","EventIdx":"1","TargetUserName":"pgustavo","SourceName":"Microsoft-Windows-Security-Auditing","ActivityID":"{1CB713B3-AB00-0000-3914-B71C00ABD501}","SubjectUserSid":"S-1-5-18","SubjectDomainName":"shire","OpcodeValue":0,"Message":"Group membership information.\r\n\r\nSubject:\r\n\tSecurity ID:\t\tS-1-5-18\r\n\tAccount Name:\t\tIT001$\r\n\tAccount Domain:\t\tshire\r\n\tLogon ID:\t\t0x3E7\r\n\r\nLogon Type:\t\t\t3\r\n\r\nNew Logon:\r\n\tSecurity ID:\t\tS-1-5-21-791464340-1796667228-2788435825-1112\r\n\tAccount Name:\t\tpgustavo\r\n\tAccount Domain:\t\tshire\r\n\tLogon ID:\t\t0x8429F2\r\n\r\nEvent in sequence:\t\t1 of 1\r\n\r\nGroup Membership:\t\t\t\r\n\t\t%{S-1-5-21-791464340-1796667228-2788435825-513}\r\n\t\t%{S-1-1-0}\r\n\t\t%{S-1-5-32-545}\r\n\t\t%{S-1-5-32-555}\r\n\t\t%{S-1-5-32-544}\r\n\t\t%{S-1-5-2}\r\n\t\t%{S-1-5-11}\r\n\t\t%{S-1-5-15}\r\n\t\t%{S-1-5-21-791464340-1796667228-2788435825-512}\r\n\t\t%{S-1-5-21-791464340-1796667228-2788435825-519}\r\n\t\t%{S-1-5-21-791464340-1796667228-2788435825-518}\r\n\t\t%{S-1-18-2}\r\n\t\t%{S-1-5-21-791464340-1796667228-2788435825-572}\r\n\t\t%{S-1-16-12288}\r\n\r\nThe subject fields indicate the account on the local system which requested the logon. This is most commonly a service such as the Server service, or a local process such as Winlogon.exe or Services.exe.\r\n\r\nThe logon type field indicates the kind of logon that occurred. The most common types are 2 (interactive) and 3 (network).\r\n\r\nThe New Logon fields indicate the account for whom the new logon was created, i.e. the account that was logged on.\r\n\r\nThis event is generated when the Audit Group Membership subcategory is configured.  The Logon ID field can be used to correlate this event with the corresponding user logon event as well as to any other security audit events generated during this logon session.","TargetUserSid":"S-1-5-21-791464340-1796667228-2788435825-1112","Task":12554,"Severity":"INFO","Keywords":-9214364837600034816,"SubjectUserName":"IT001$","TargetLogonId":"0x8429f2","@timestamp":"2019-12-05T04:47:56.293Z","EventTime":"2019-12-04 23:47:55","SeverityValue":2,"ProcessID":808,"ThreadID":3664,"Opcode":"Info","SubjectLogonId":"0x3e7","TargetDomainName":"shire","EventCountTotal":"1","Hostname":"IT001.shire.com","GroupMembership":"\r\n\t\t%{S-1-5-21-791464340-1796667228-2788435825-513}\r\n\t\t%{S-1-1-0}\r\n\t\t%{S-1-5-32-545}\r\n\t\t%{S-1-5-32-555}\r\n\t\t%{S-1-5-32-544}\r\n\t\t%{S-1-5-2}\r\n\t\t%{S-1-5-11}\r\n\t\t%{S-1-5-15}\r\n\t\t%{S-1-5-21-791464340-1796667228-2788435825-512}\r\n\t\t%{S-1-5-21-791464340-1796667228-2788435825-519}\r\n\t\t%{S-1-5-21-791464340-1796667228-2788435825-518}\r\n\t\t%{S-1-18-2}\r\n\t\t%{S-1-5-21-791464340-1796667228-2788435825-572}\r\n\t\t%{S-1-16-12288}","SourceModuleName":"eventlog","SourceModuleType":"im_msvistalog","@version":"1"}
{"Version":3,"GrantedAccess":"0x1000","EventReceivedTime":"2019-12-04 23:47:56","type":"nxlog-mordor","SourceImage":"C:\\Windows\\system32\\svchost.exe","host":"ip-172-18-39-102.ec2.internal","Channel":"Microsoft-Windows-Sysmon/Operational","RecordNumber":225579,"SourceProcessId":"968","port":49730,"ProviderGuid":"{5770385F-C22A-43E0-BF4C-06F5698FFBD9}","CallTrace":"C:\\Windows\\SYSTEM32\\ntdll.dll+9c524|C:\\Windows\\SYSTEM32\\psmserviceexthost.dll+222a3|C:\\Windows\\SYSTEM32\\psmserviceexthost.dll+1a172|C:\\Windows\\SYSTEM32\\psmserviceexthost.dll+19e3b|C:\\Windows\\SYSTEM32\\psmserviceexthost.dll+19318|C:\\Windows\\SYSTEM32\\ntdll.dll+3082d|C:\\Windows\\SYSTEM32\\ntdll.dll+345c4|C:\\Windows\\System32\\KERNEL32.DLL+17944|C:\\Windows\\SYSTEM32\\ntdll.dll+6ce71","EventID":10,"EventType":"INFO","TargetProcessGUID":"{a158f72c-4a97-5de8-0000-00105c300200}","UtcTime":"2019-12-05 04:47:55.192","UserID":"S-1-5-18","SourceThreadId":"5432","SourceName":"Microsoft-Windows-Sysmon","Domain":"NT AUTHORITY","AccountType":"User","OpcodeValue":0,"Message":"Process accessed:\r\nRuleName: \r\nUtcTime: 2019-12-05 04:47:55.192\r\nSourceProcessGUID: {a158f72c-4a94-5de8-0000-001033890000}\r\nSourceProcessId: 968\r\nSourceThreadId: 5432\r\nSourceImage: C:\\Windows\\system32\\svchost.exe\r\nTargetProcessGUID: {a158f72c-4a97-5de8-0000-00105c300200}\r\nTargetProcessId: 3236\r\nTargetImage: C:\\Windows\\System32\\svchost.exe\r\nGrantedAccess: 0x1000\r\nCallTrace: C:\\Windows\\SYSTEM32\\ntdll.dll+9c524|C:\\Windows\\SYSTEM32\\psmserviceexthost.dll+222a3|C:\\Windows\\SYSTEM32\\psmserviceexthost.dll+1a172|C:\\Windows\\SYSTEM32\\psmserviceexthost.dll+19e3b|C:\\Windows\\SYSTEM32\\psmserviceexthost.dll+19318|C:\\Windows\\SYSTEM32\\ntdll.dll+3082d|C:\\Windows\\SYSTEM32\\ntdll.dll+345c4|C:\\Windows\\System32\\KERNEL32.DLL+17944|C:\\Windows\\SYSTEM32\\ntdll.dll+6ce71","Task":10,"Severity":"INFO","Keywords":-9223372036854775808,"@timestamp":"2019-12-05T04:47:56.294Z","EventTime":"2019-12-04 23:47:55","SeverityValue":2,"ProcessID":3144,"ThreadID":4584,"AccountName":"SYSTEM","TargetImage":"C:\\Windows\\System32\\svchost.exe","SourceModuleType":"im_msvistalog","Hostname":"HR001.shire.com","SourceModuleName":"eventlog","SourceProcessGUID":"{a158f72c-4a94-5de8-0000-001033890000}","TargetProcessId":"3236","@version":"1"}
{"Version":3,"EventReceivedTime":"2019-12-04 23:47:56","Image":"C:\\Windows\\System32\\svchost.exe","Description":"Event Trace Helper Library","type":"nxlog-mordor","host":"ip-172-18-39-102.ec2.internal","Channel":"Microsoft-Windows-Sysmon/Operational","RecordNumber":219675,"FileVersion":"10.0.18362.1 (WinBuild.160101.0800)","port":49730,"ProviderGuid":"{5770385F-C22A-43E0-BF4C-06F5698FFBD9}","EventID":7,"EventType":"INFO","UtcTime":"2019-12-05 04:47:55.353","UserID":"S-1-5-18","ProcessGuid":"{a158f72c-4a89-5de8-0000-00103ac30100}","SourceName":"Microsoft-Windows-Sysmon","Hashes":"SHA1=756686FFA8B623C0D363F1104CD992C976D2646C,MD5=431151D8C73561916A3B94F999FA7588,SHA256=6AE30B39DA6C511DF8D87C34008F00E800AF598B9420159B4C6E821366675FEB,IMPHASH=084B9FD27C42398DF063BD1A6C45BF11","Domain":"NT AUTHORITY","AccountType":"User","OpcodeValue":0,"Message":"Image loaded:\r\nRuleName: \r\nUtcTime: 2019-12-05 04:47:55.353\r\nProcessGuid: {a158f72c-4a89-5de8-0000-00103ac30100}\r\nProcessId: 2568\r\nImage: C:\\Windows\\System32\\svchost.exe\r\nImageLoaded: C:\\Windows\\System32\\mintdh.dll\r\nFileVersion: 10.0.18362.1 (WinBuild.160101.0800)\r\nDescription: Event Trace Helper Library\r\nProduct: Microsoft® Windows® Operating System\r\nCompany: Microsoft Corporation\r\nOriginalFileName: mintdh.dll\r\nHashes: SHA1=756686FFA8B623C0D363F1104CD992C976D2646C,MD5=431151D8C73561916A3B94F999FA7588,SHA256=6AE30B39DA6C511DF8D87C34008F00E800AF598B9420159B4C6E821366675FEB,IMPHASH=084B9FD27C42398DF063BD1A6C45BF11\r\nSigned: true\r\nSignature: Microsoft Windows\r\nSignatureStatus: Valid","ImageLoaded":"C:\\Windows\\System32\\mintdh.dll","Task":7,"Severity":"INFO","Keywords":-9223372036854775808,"Signature":"Microsoft Windows","SignatureStatus":"Valid","@timestamp":"2019-12-05T04:47:56.295Z","EventTime":"2019-12-04 23:47:55","SeverityValue":2,"ProcessID":3140,"ThreadID":4716,"AccountName":"SYSTEM","Product":"Microsoft® Windows® Operating System","Company":"Microsoft Corporation","SourceModuleType":"im_msvistalog","Hostname":"IT001.shire.com","Signed":"true","SourceModuleName":"eventlog","OriginalFileName":"mintdh.dll","@version":"1"}
{"Version":3,"GrantedAccess":"0x1400","EventReceivedTime":"2019-12-04 23:47:56","type":"nxlog-mordor","SourceImage":"C:\\Windows\\System32\\svchost.exe","host":"ip-172-18-39-102.ec2.internal","Channel":"Microsoft-Windows-Sysmon/Operational","RecordNumber":219677,"SourceProcessId":"3492","port":49730,"ProviderGuid":"{5770385F-C22A-43E0-BF4C-06F5698FFBD9}","CallTrace":"C:\\Windows\\SYSTEM32\\ntdll.dll+9c524|C:\\Windows\\System32\\KERNELBASE.dll+2730e|c:\\windows\\system32\\rasmans.dll+3751b|c:\\windows\\system32\\rasmans.dll+36fad|c:\\windows\\system32\\rasmans.dll+10ed8|c:\\windows\\system32\\rasmans.dll+33cd5|C:\\Windows\\System32\\svchost.exe+314c|C:\\Windows\\System32\\sechost.dll+2de2|C:\\Windows\\System32\\KERNEL32.DLL+17944|C:\\Windows\\SYSTEM32\\ntdll.dll+6ce71","EventID":10,"EventType":"INFO","TargetProcessGUID":"{a158f72c-5898-5de8-0000-0010a6ba6d00}","UtcTime":"2019-12-05 04:47:55.915","UserID":"S-1-5-18","SourceThreadId":"3616","SourceName":"Microsoft-Windows-Sysmon","Domain":"NT AUTHORITY","AccountType":"User","OpcodeValue":0,"Message":"Process accessed:\r\nRuleName: \r\nUtcTime: 2019-12-05 04:47:55.915\r\nSourceProcessGUID: {a158f72c-4a8b-5de8-0000-0010df500200}\r\nSourceProcessId: 3492\r\nSourceThreadId: 3616\r\nSourceImage: C:\\Windows\\System32\\svchost.exe\r\nTargetProcessGUID: {a158f72c-5898-5de8-0000-0010a6ba6d00}\r\nTargetProcessId: 1332\r\nTargetImage: C:\\Windows\\System32\\WindowsPowerShell\\v1.0\\powershell.exe\r\nGrantedAccess: 0x1400\r\nCallTrace: C:\\Windows\\SYSTEM32\\ntdll.dll+9c524|C:\\Windows\\System32\\KERNELBASE.dll+2730e|c:\\windows\\system32\\rasmans.dll+3751b|c:\\windows\\system32\\rasmans.dll+36fad|c:\\windows\\system32\\rasmans.dll+10ed8|c:\\windows\\system32\\rasmans.dll+33cd5|C:\\Windows\\System32\\svchost.exe+314c|C:\\Windows\\System32\\sechost.dll+2de2|C:\\Windows\\System32\\KERNEL32.DLL+17944|C:\\Windows\\SYSTEM32\\ntdll.dll+6ce71","Task":10,"Severity":"INFO","Keywords":-9223372036854775808,"@timestamp":"2019-12-05T04:47:56.295Z","EventTime":"2019-12-04 23:47:55","SeverityValue":2,"ProcessID":3140,"ThreadID":4712,"AccountName":"SYSTEM","TargetImage":"C:\\Windows\\System32\\WindowsPowerShell\\v1.0\\powershell.exe","SourceModuleType":"im_msvistalog","Hostname":"IT001.shire.com","SourceModuleName":"eventlog","SourceProcessGUID":"{a158f72c-4a8b-5de8-0000-0010df500200}","TargetProcessId":"1332","@version":"1"}
{"Version":0,"EventReceivedTime":"2019-12-04 23:47:56","type":"nxlog-mordor","host":"ip-172-18-39-102.ec2.internal","Channel":"security","RecordNumber":30555,"Category":"Token Right Adjusted Events","port":49730,"ProviderGuid":"{54849625-5478-4994-A5BA-3E3B0328C30D}","EventID":4703,"EventType":"AUDIT_SUCCESS","TargetUserName":"IT001$","SourceName":"Microsoft-Windows-Security-Auditing","SubjectDomainName":"shire","SubjectUserSid":"S-1-5-18","TargetUserSid":"S-1-5-18","OpcodeValue":0,"Message":"A token right was adjusted.\r\n\r\nSubject:\r\n\tSecurity ID:\t\tS-1-5-18\r\n\tAccount Name:\t\tIT001$\r\n\tAccount Domain:\t\tshire\r\n\tLogon ID:\t\t0x3E7\r\n\r\nTarget Account:\r\n\tSecurity ID:\t\tS-1-5-18\r\n\tAccount Name:\t\tIT001$\r\n\tAccount Domain:\t\tshire\r\n\tLogon ID:\t\t0x3E7\r\n\r\nProcess Information:\r\n\tProcess ID:\t\t0xa08\r\n\tProcess Name:\t\tC:\\Windows\\System32\\svchost.exe\r\n\r\nEnabled Privileges:\r\n\t\t\tSeAssignPrimaryTokenPrivilege\r\n\t\t\tSeIncreaseQuotaPrivilege\r\n\t\t\tSeSecurityPrivilege\r\n\t\t\tSeTakeOwnershipPrivilege\r\n\t\t\tSeLoadDriverPrivilege\r\n\t\t\tSeSystemtimePrivilege\r\n\t\t\tSeBackupPrivilege\r\n\t\t\tSeRestorePrivilege\r\n\t\t\tSeShutdownPrivilege\r\n\t\t\tSeSystemEnvironmentPrivilege\r\n\t\t\tSeUndockPrivilege\r\n\t\t\tSeManageVolumePrivilege\r\n\r\nDisabled Privileges:\r\n\t\t\t-","TargetLogonId":"0x3e7","Task":13317,"Severity":"INFO","Keywords":-9214364837600034816,"SubjectUserName":"IT001$","ProcessName":"C:\\Windows\\System32\\svchost.exe","EnabledPrivilegeList":"SeAssignPrimaryTokenPrivilege\r\n\t\t\tSeIncreaseQuotaPrivilege\r\n\t\t\tSeSecurityPrivilege\r\n\t\t\tSeTakeOwnershipPrivilege\r\n\t\t\tSeLoadDriverPrivilege\r\n\t\t\tSeSystemtimePrivilege\r\n\t\t\tSeBackupPrivilege\r\n\t\t\tSeRestorePrivilege\r\n\t\t\tSeShutdownPrivilege\r\n\t\t\tSeSystemEnvironmentPrivilege\r\n\t\t\tSeUndockPrivilege\r\n\t\t\tSeManageVolumePrivilege","EventTime":"2019-12-04 23:47:55","SeverityValue":2,"ProcessID":4,"ThreadID":5332,"Opcode":"Info","SubjectLogonId":"0x3e7","TargetDomainName":"shire","SourceModuleType":"im_msvistalog","Hostname":"IT001.shire.com","@timestamp":"2019-12-05T04:47:56.296Z","SourceModuleName":"eventlog","DisabledPrivilegeList":"-","@version":"1"}
{"Version":0,"EventReceivedTime":"2019-12-04 23:47:56","type":"nxlog-mordor","host":"ip-172-18-39-102.ec2.internal","Channel":"security","RecordNumber":30559,"Category":"Token Right Adjusted Events","port":49730,"ProviderGuid":"{54849625-5478-4994-A5BA-3E3B0328C30D}","EventID":4703,"EventType":"AUDIT_SUCCESS","TargetUserName":"IT001$","SourceName":"Microsoft-Windows-Security-Auditing","SubjectDomainName":"shire","SubjectUserSid":"S-1-5-18","TargetUserSid":"S-1-5-18","OpcodeValue":0,"Message":"A token right was adjusted.\r\n\r\nSubject:\r\n\tSecurity ID:\t\tS-1-5-18\r\n\tAccount Name:\t\tIT001$\r\n\tAccount Domain:\t\tshire\r\n\tLogon ID:\t\t0x3E7\r\n\r\nTarget Account:\r\n\tSecurity ID:\t\tS-1-5-18\r\n\tAccount Name:\t\tIT001$\r\n\tAccount Domain:\t\tshire\r\n\tLogon ID:\t\t0x3E7\r\n\r\nProcess Information:\r\n\tProcess ID:\t\t0xa08\r\n\tProcess Name:\t\tC:\\Windows\\System32\\svchost.exe\r\n\r\nEnabled Privileges:\r\n\t\t\tSeAssignPrimaryTokenPrivilege\r\n\t\t\tSeIncreaseQuotaPrivilege\r\n\t\t\tSeSecurityPrivilege\r\n\t\t\tSeTakeOwnershipPrivilege\r\n\t\t\tSeLoadDriverPrivilege\r\n\t\t\tSeSystemtimePrivilege\r\n\t\t\tSeBackupPrivilege\r\n\t\t\tSeRestorePrivilege\r\n\t\t\tSeShutdownPrivilege\r\n\t\t\tSeSystemEnvironmentPrivilege\r\n\t\t\tSeUndockPrivilege\r\n\t\t\tSeManageVolumePrivilege\r\n\r\nDisabled Privileges:\r\n\t\t\t-","TargetLogonId":"0x3e7","Task":13317,"Severity":"INFO","Keywords":-9214364837600034816,"SubjectUserName":"IT001$","ProcessName":"C:\\Windows\\System32\\svchost.exe","EnabledPrivilegeList":"SeAssignPrimaryTokenPrivilege\r\n\t\t\tSeIncreaseQuotaPrivilege\r\n\t\t\tSeSecurityPrivilege\r\n\t\t\tSeTakeOwnershipPrivilege\r\n\t\t\tSeLoadDriverPrivilege\r\n\t\t\tSeSystemtimePrivilege\r\n\t\t\tSeBackupPrivilege\r\n\t\t\tSeRestorePrivilege\r\n\t\t\tSeShutdownPrivilege\r\n\t\t\tSeSystemEnvironmentPrivilege\r\n\t\t\tSeUndockPrivilege\r\n\t\t\tSeManageVolumePrivilege","EventTime":"2019-12-04 23:47:55","SeverityValue":2,"ProcessID":4,"ThreadID":5332,"Opcode":"Info","SubjectLogonId":"0x3e7","TargetDomainName":"shire","SourceModuleType":"im_msvistalog","Hostname":"IT001.shire.com","@timestamp":"2019-12-05T04:47:56.297Z","SourceModuleName":"eventlog","DisabledPrivilegeList":"-","@version":"1"}
{"Version":3,"EventReceivedTime":"2019-12-04 23:47:56","Image":"C:\\Windows\\System32\\svchost.exe","Description":"DS Setup Client DLL","type":"nxlog-mordor","host":"ip-172-18-39-102.ec2.internal","Channel":"Microsoft-Windows-Sysmon/Operational","RecordNumber":219655,"FileVersion":"10.0.18362.1 (WinBuild.160101.0800)","port":49730,"ProviderGuid":"{5770385F-C22A-43E0-BF4C-06F5698FFBD9}","EventID":7,"EventType":"INFO","UtcTime":"2019-12-05 04:47:55.165","UserID":"S-1-5-18","ProcessGuid":"{a158f72c-4a89-5de8-0000-00103ac30100}","SourceName":"Microsoft-Windows-Sysmon","Hashes":"SHA1=89C99ECF6EEEBE6158E4853115E17E71730780D8,MD5=609AC3B4E090CB1894F56D978E74C4F1,SHA256=108A9798E55A91928F7FE8EBC5087EEDBB6C023D958F18A6CEFD46BA5399BE61,IMPHASH=CA2E5F1683005B67E0843A76EE3BADA8","Domain":"NT AUTHORITY","AccountType":"User","OpcodeValue":0,"Message":"Image loaded:\r\nRuleName: \r\nUtcTime: 2019-12-05 04:47:55.165\r\nProcessGuid: {a158f72c-4a89-5de8-0000-00103ac30100}\r\nProcessId: 2568\r\nImage: C:\\Windows\\System32\\svchost.exe\r\nImageLoaded: C:\\Windows\\System32\\dsrole.dll\r\nFileVersion: 10.0.18362.1 (WinBuild.160101.0800)\r\nDescription: DS Setup Client DLL\r\nProduct: Microsoft® Windows® Operating System\r\nCompany: Microsoft Corporation\r\nOriginalFileName: DSROLE.DLL\r\nHashes: SHA1=89C99ECF6EEEBE6158E4853115E17E71730780D8,MD5=609AC3B4E090CB1894F56D978E74C4F1,SHA256=108A9798E55A91928F7FE8EBC5087EEDBB6C023D958F18A6CEFD46BA5399BE61,IMPHASH=CA2E5F1683005B67E0843A76EE3BADA8\r\nSigned: true\r\nSignature: Microsoft Windows\r\nSignatureStatus: Valid","ImageLoaded":"C:\\Windows\\System32\\dsrole.dll","Task":7,"Severity":"INFO","Keywords":-9223372036854775808,"Signature":"Microsoft Windows","SignatureStatus":"Valid","@timestamp":"2019-12-05T04:47:56.283Z","EventTime":"2019-12-04 23:47:55","SeverityValue":2,"ProcessID":3140,"ThreadID":4712,"AccountName":"SYSTEM","Product":"Microsoft® Windows® Operating System","Company":"Microsoft Corporation","SourceModuleType":"im_msvistalog","Hostname":"IT001.shire.com","Signed":"true","SourceModuleName":"eventlog","OriginalFileName":"DSROLE.DLL","@version":"1"}
{"Version":2,"EventReceivedTime":"2019-12-04 23:47:56","Image":"C:\\Windows\\System32\\lsass.exe","type":"nxlog-mordor","host":"ip-172-18-39-102.ec2.internal","Channel":"Microsoft-Windows-Sysmon/Operational","RecordNumber":219657,"port":49730,"ProviderGuid":"{5770385F-C22A-43E0-BF4C-06F5698FFBD9}","EventID":9,"EventType":"INFO","UtcTime":"2019-12-05 04:47:55.165","UserID":"S-1-5-18","ProcessGuid":"{a158f72c-4a86-5de8-0000-0010ff6b0000}","SourceName":"Microsoft-Windows-Sysmon","Domain":"NT AUTHORITY","AccountType":"User","OpcodeValue":0,"Message":"RawAccessRead detected:\r\nRuleName: \r\nUtcTime: 2019-12-05 04:47:55.165\r\nProcessGuid: {a158f72c-4a86-5de8-0000-0010ff6b0000}\r\nProcessId: 808\r\nImage: C:\\Windows\\System32\\lsass.exe\r\nDevice: \\Device\\HarddiskVolume1","Task":9,"Severity":"INFO","Keywords":-9223372036854775808,"@timestamp":"2019-12-05T04:47:56.284Z","EventTime":"2019-12-04 23:47:55","SeverityValue":2,"ProcessID":3140,"ThreadID":4712,"AccountName":"SYSTEM","Device":"\\Device\\HarddiskVolume1","SourceModuleType":"im_msvistalog","Hostname":"IT001.shire.com","SourceModuleName":"eventlog","@version":"1"}
{"Version":1,"EventReceivedTime":"2019-12-04 23:47:56","SourceAddress":"172.18.39.105","type":"nxlog-mordor","DestPort":"88","host":"ip-172-18-39-102.ec2.internal","Channel":"Security","RemoteMachineID":"S-1-0-0","RecordNumber":88657,"Category":"Filtering Platform Connection","port":49730,"ProviderGuid":"{54849625-5478-4994-A5BA-3E3B0328C30D}","Application":"\\device\\harddiskvolume1\\windows\\system32\\lsass.exe","EventID":5156,"EventType":"AUDIT_SUCCESS","Direction":"%%14592","DestAddress":"172.18.39.5","SourcePort":"51710","SourceName":"Microsoft-Windows-Security-Auditing","OpcodeValue":0,"Message":"The Windows Filtering Platform has permitted a connection.\r\n\r\nApplication Information:\r\n\tProcess ID:\t\t780\r\n\tApplication Name:\t\\device\\harddiskvolume1\\windows\\system32\\lsass.exe\r\n\r\nNetwork Information:\r\n\tDirection:\t\tInbound\r\n\tSource Address:\t\t172.18.39.105\r\n\tSource Port:\t\t51710\r\n\tDestination Address:\t172.18.39.5\r\n\tDestination Port:\t\t88\r\n\tProtocol:\t\t6\r\n\r\nFilter Information:\r\n\tFilter Run-Time ID:\t66362\r\n\tLayer Name:\t\tReceive/Accept\r\n\tLayer Run-Time ID:\t44","LayerName":"%%14610","Task":12810,"Severity":"INFO","Keywords":-9214364837600034816,"LayerRTID":"44","@timestamp":"2019-12-05T04:47:56.285Z","EventTime":"2019-12-04 23:47:55","SeverityValue":2,"ProcessID":4,"ThreadID":3884,"Opcode":"Info","Protocol":"6","RemoteUserID":"S-1-0-0","SourceModuleType":"im_msvistalog","Hostname":"HFDC01.shire.com","SourceModuleName":"eventlog","FilterRTID":"66362","@version":"1"}
{"Version":1,"EventReceivedTime":"2019-12-04 23:47:56","SourceAddress":"172.18.39.105","type":"nxlog-mordor","DestPort":"88","host":"ip-172-18-39-102.ec2.internal","Channel":"Security","RemoteMachineID":"S-1-0-0","RecordNumber":88659,"Category":"Filtering Platform Connection","port":49730,"ProviderGuid":"{54849625-5478-4994-A5BA-3E3B0328C30D}","Application":"\\device\\harddiskvolume1\\windows\\system32\\lsass.exe","EventID":5156,"EventType":"AUDIT_SUCCESS","Direction":"%%14592","DestAddress":"172.18.39.5","SourcePort":"51711","SourceName":"Microsoft-Windows-Security-Auditing","OpcodeValue":0,"Message":"The Windows Filtering Platform has permitted a connection.\r\n\r\nApplication Information:\r\n\tProcess ID:\t\t780\r\n\tApplication Name:\t\\device\\harddiskvolume1\\windows\\system32\\lsass.exe\r\n\r\nNetwork Information:\r\n\tDirection:\t\tInbound\r\n\tSource Address:\t\t172.18.39.105\r\n\tSource Port:\t\t51711\r\n\tDestination Address:\t172.18.39.5\r\n\tDestination Port:\t\t88\r\n\tProtocol:\t\t6\r\n\r\nFilter Information:\r\n\tFilter Run-Time ID:\t66362\r\n\tLayer Name:\t\tReceive/Accept\r\n\tLayer Run-Time ID:\t44","LayerName":"%%14610","Task":12810,"Severity":"INFO","Keywords":-9214364837600034816,"LayerRTID":"44","@timestamp":"2019-12-05T04:47:56.285Z","EventTime":"2019-12-04 23:47:55","SeverityValue":2,"ProcessID":4,"ThreadID":3884,"Opcode":"Info","Protocol":"6","RemoteUserID":"S-1-0-0","SourceModuleType":"im_msvistalog","Hostname":"HFDC01.shire.com","SourceModuleName":"eventlog","FilterRTID":"66362","@version":"1"}
{"Version":1,"EventReceivedTime":"2019-12-04 23:47:56","SourceAddress":"172.18.39.105","type":"nxlog-mordor","DestPort":"88","host":"ip-172-18-39-102.ec2.internal","Channel":"security","RemoteMachineID":"S-1-0-0","RecordNumber":30535,"Category":"Filtering Platform Connection","port":49730,"ProviderGuid":"{54849625-5478-4994-A5BA-3E3B0328C30D}","Application":"\\device\\harddiskvolume2\\windows\\system32\\lsass.exe","EventID":5156,"EventType":"AUDIT_SUCCESS","Direction":"%%14593","DestAddress":"172.18.39.5","SourcePort":"51711","SourceName":"Microsoft-Windows-Security-Auditing","OpcodeValue":0,"Message":"The Windows Filtering Platform has permitted a connection.\r\n\r\nApplication Information:\r\n\tProcess ID:\t\t808\r\n\tApplication Name:\t\\device\\harddiskvolume2\\windows\\system32\\lsass.exe\r\n\r\nNetwork Information:\r\n\tDirection:\t\tOutbound\r\n\tSource Address:\t\t172.18.39.105\r\n\tSource Port:\t\t51711\r\n\tDestination Address:\t172.18.39.5\r\n\tDestination Port:\t\t88\r\n\tProtocol:\t\t6\r\n\r\nFilter Information:\r\n\tFilter Run-Time ID:\t67260\r\n\tLayer Name:\t\tConnect\r\n\tLayer Run-Time ID:\t48","LayerName":"%%14611","Task":12810,"Severity":"INFO","Keywords":-9214364837600034816,"LayerRTID":"48","@timestamp":"2019-12-05T04:47:56.286Z","EventTime":"2019-12-04 23:47:55","SeverityValue":2,"ProcessID":4,"ThreadID":5332,"Opcode":"Info","Protocol":"6","RemoteUserID":"S-1-0-0","SourceModuleType":"im_msvistalog","Hostname":"IT001.shire.com","SourceModuleName":"eventlog","FilterRTID":"67260","@version":"1"}
