{"tags":["mordorDataset"],"TargetProcessGUID":"{49a15388-5ccf-5f2b-5502-000000000400}","@version":"1","EventType":"INFO","Version":3,"ThreadID":4496,"EventTime":"2020-08-06 03:21:18","Task":10,"AccountType":"User","SourceProcessGUID":"{49a15388-5c39-5f2b-1000-000000000400}","CallTrace":"C:\\windows\\SYSTEM32\\ntdll.dll+9c534|C:\\windows\\SYSTEM32\\psmserviceexthost.dll+222a3|C:\\windows\\SYSTEM32\\psmserviceexthost.dll+1a172|C:\\windows\\SYSTEM32\\psmserviceexthost.dll+19e3b|C:\\windows\\SYSTEM32\\psmserviceexthost.dll+19318|C:\\windows\\SYSTEM32\\ntdll.dll+3081d|C:\\windows\\SYSTEM32\\ntdll.dll+345b4|C:\\windows\\System32\\KERNEL32.DLL+17bd4|C:\\windows\\SYSTEM32\\ntdll.dll+6ce51","Channel":"Microsoft-Windows-Sysmon/Operational","SourceName":"Microsoft-Windows-Sysmon","OpcodeValue":0,"Hostname":"WORKSTATION6.theshire.local","@timestamp":"2020-08-06T07:21:20.333Z","Message":"Process accessed:\r\nRuleName: -\r\nUtcTime: 2020-08-06 07:21:18.403\r\nSourceProcessGUID: {49a15388-5c39-5f2b-1000-000000000400}\r\nSourceProcessId: 896\r\nSourceThreadId: 2644\r\nSourceImage: C:\\windows\\system32\\svchost.exe\r\nTargetProcessGUID: {49a15388-5ccf-5f2b-5502-000000000400}\r\nTargetProcessId: 3120\r\nTargetImage: C:\\windows\\System32\\svchost.exe\r\nGrantedAccess: 0x1000\r\nCallTrace: C:\\windows\\SYSTEM32\\ntdll.dll+9c534|C:\\windows\\SYSTEM32\\psmserviceexthost.dll+222a3|C:\\windows\\SYSTEM32\\psmserviceexthost.dll+1a172|C:\\windows\\SYSTEM32\\psmserviceexthost.dll+19e3b|C:\\windows\\SYSTEM32\\psmserviceexthost.dll+19318|C:\\windows\\SYSTEM32\\ntdll.dll+3081d|C:\\windows\\SYSTEM32\\ntdll.dll+345b4|C:\\windows\\System32\\KERNEL32.DLL+17bd4|C:\\windows\\SYSTEM32\\ntdll.dll+6ce51","SourceModuleName":"eventlog","ProcessId":"896","SourceImage":"C:\\windows\\system32\\svchost.exe","EventReceivedTime":"2020-08-06 03:21:20","port":60122,"AccountName":"SYSTEM","UtcTime":"2020-08-06 07:21:18.403","GrantedAccess":"0x1000","Domain":"NT AUTHORITY","ExecutionProcessID":3432,"host":"wec.internal.cloudapp.net","SourceProcessId":"896","SourceThreadId":"2644","Severity":"INFO","TargetProcessId":"3120","SeverityValue":2,"EventID":10,"UserID":"S-1-5-18","ProviderGuid":"{5770385F-C22A-43E0-BF4C-06F5698FFBD9}","RecordNumber":322475,"SourceModuleType":"im_msvistalog","Keywords":-9223372036854775808,"TargetImage":"C:\\windows\\System32\\svchost.exe","RuleName":"-"}
{"@version":"1","EventType":"INFO","Version":0,"ThreadID":5316,"EventTime":"2020-08-06 03:21:18","Task":129,"AccountType":"User","Channel":"Microsoft-Windows-TaskScheduler/Operational","SourceName":"Microsoft-Windows-TaskScheduler","OpcodeValue":0,"Hostname":"MORDORDC.theshire.local","@timestamp":"2020-08-06T07:21:20.334Z","Message":"Task Scheduler launch task \"\\Microsoft\\Windows\\Workplace Join\\Automatic-Device-Join\" , instance \"%SystemRoot%\\System32\\dsregcmd.exe\"  with process ID 5328.","Category":"Created Task Process","Opcode":"Info","SourceModuleName":"eventlog","EventReceivedTime":"2020-08-06 03:21:20","port":60122,"AccountName":"SYSTEM","Path":"%SystemRoot%\\System32\\dsregcmd.exe","Domain":"NT AUTHORITY","ExecutionProcessID":1976,"Priority":"16384","host":"wec.internal.cloudapp.net","TaskName":"\\Microsoft\\Windows\\Workplace Join\\Automatic-Device-Join","Severity":"INFO","SeverityValue":2,"EventID":129,"UserID":"S-1-5-18","ProviderGuid":"{DE7B24EA-73C8-4A09-985D-5BDADCFA9017}","RecordNumber":301,"SourceModuleType":"im_msvistalog","Keywords":-9223372036854775808,"tags":["mordorDataset"]}
{"SubjectLogonId":"0x3e7","@version":"1","EventType":"AUDIT_SUCCESS","SourceHandleId":"0x674","Version":0,"ThreadID":6612,"EventTime":"2020-08-06 03:21:18","Task":12807,"Channel":"Security","SourceName":"Microsoft-Windows-Security-Auditing","OpcodeValue":0,"Hostname":"MORDORDC.theshire.local","@timestamp":"2020-08-06T07:21:20.334Z","Message":"An attempt was made to duplicate a handle to an object.\r\n\r\nSubject:\r\n\tSecurity ID:\t\tS-1-5-18\r\n\tAccount Name:\t\tMORDORDC$\r\n\tAccount Domain:\t\tTHESHIRE\r\n\tLogon ID:\t\t0x3E7\r\n\r\nSource Handle Information:\r\n\tSource Handle ID:\t0x674\r\n\tSource Process ID:\t0x7b8\r\n\r\nNew Handle Information:\r\n\tTarget Handle ID:\t0x2640\r\n\tTarget Process ID:\t0x4","Category":"Handle Manipulation","Opcode":"Info","SubjectDomainName":"THESHIRE","SourceModuleName":"eventlog","ProcessId":"0x7b8","EventReceivedTime":"2020-08-06 03:21:20","port":60122,"ExecutionProcessID":4,"host":"wec.internal.cloudapp.net","SubjectUserSid":"S-1-5-18","SubjectUserName":"MORDORDC$","SourceProcessId":"0x7b8","Severity":"INFO","TargetProcessId":"0x4","SeverityValue":2,"EventID":4690,"TargetHandleId":"0x2640","ProviderGuid":"{54849625-5478-4994-A5BA-3E3B0328C30D}","RecordNumber":325313,"SourceModuleType":"im_msvistalog","Keywords":-9214364837600034816,"tags":["mordorDataset"]}
{"@version":"1","EventType":"INFO","AccountType":"User","ThreadID":4208,"Channel":"Microsoft-Windows-Sysmon/Operational","OpcodeValue":0,"OriginalFileName":"ncrypt.dll","Hostname":"MORDORDC.theshire.local","@timestamp":"2020-08-06T07:21:20.334Z","ProcessId":"5328","Signed":"true","host":"wec.internal.cloudapp.net","SignatureStatus":"Valid","Severity":"INFO","SeverityValue":2,"Image":"C:\\Windows\\System32\\dsregcmd.exe","SourceModuleType":"im_msvistalog","FileVersion":"10.0.17763.1 (WinBuild.160101.0800)","Version":3,"Company":"Microsoft Corporation","EventTime":"2020-08-06 03:21:18","Task":7,"Signature":"Microsoft Windows","SourceName":"Microsoft-Windows-Sysmon","Message":"Image loaded:\r\nRuleName: -\r\nUtcTime: 2020-08-06 07:21:18.723\r\nProcessGuid: {9f85ce58-af6e-5f2b-1f04-000000000400}\r\nProcessId: 5328\r\nImage: C:\\Windows\\System32\\dsregcmd.exe\r\nImageLoaded: C:\\Windows\\System32\\ncrypt.dll\r\nFileVersion: 10.0.17763.1 (WinBuild.160101.0800)\r\nDescription: Windows NCrypt Router\r\nProduct: Microsoft® Windows® Operating System\r\nCompany: Microsoft Corporation\r\nOriginalFileName: ncrypt.dll\r\nHashes: SHA1=8004DE486D0BBA31DD0DAABA15CE70386AAD357B,MD5=5E2B0EE7F62779521BBECF6EF4B7B3AC,SHA256=78CAA858F31D6514BEF3AF9B2FA374F6FB1F0650B7DD381148447A834BD88ED2,IMPHASH=4458CB6DE6246C2447EE885DE013644D\r\nSigned: true\r\nSignature: Microsoft Windows\r\nSignatureStatus: Valid","SourceModuleName":"eventlog","ImageLoaded":"C:\\Windows\\System32\\ncrypt.dll","EventReceivedTime":"2020-08-06 03:21:20","port":60122,"AccountName":"SYSTEM","UtcTime":"2020-08-06 07:21:18.723","Domain":"NT AUTHORITY","ExecutionProcessID":3888,"Hashes":"SHA1=8004DE486D0BBA31DD0DAABA15CE70386AAD357B,MD5=5E2B0EE7F62779521BBECF6EF4B7B3AC,SHA256=78CAA858F31D6514BEF3AF9B2FA374F6FB1F0650B7DD381148447A834BD88ED2,IMPHASH=4458CB6DE6246C2447EE885DE013644D","Description":"Windows NCrypt Router","UserID":"S-1-5-18","EventID":7,"Product":"Microsoft® Windows® Operating System","ProviderGuid":"{5770385F-C22A-43E0-BF4C-06F5698FFBD9}","RecordNumber":280976,"Keywords":-9223372036854775808,"ProcessGuid":"{9f85ce58-af6e-5f2b-1f04-000000000400}","tags":["mordorDataset"],"RuleName":"-"}
{"@version":"1","EventType":"INFO","AccountType":"User","ThreadID":4208,"Channel":"Microsoft-Windows-Sysmon/Operational","OpcodeValue":0,"OriginalFileName":"NETUTILS.DLL","Hostname":"MORDORDC.theshire.local","@timestamp":"2020-08-06T07:21:20.335Z","ProcessId":"5328","Signed":"true","host":"wec.internal.cloudapp.net","SignatureStatus":"Valid","Severity":"INFO","SeverityValue":2,"Image":"C:\\Windows\\System32\\dsregcmd.exe","SourceModuleType":"im_msvistalog","FileVersion":"10.0.17763.1 (WinBuild.160101.0800)","Version":3,"Company":"Microsoft Corporation","EventTime":"2020-08-06 03:21:18","Task":7,"Signature":"Microsoft Windows","SourceName":"Microsoft-Windows-Sysmon","Message":"Image loaded:\r\nRuleName: -\r\nUtcTime: 2020-08-06 07:21:18.723\r\nProcessGuid: {9f85ce58-af6e-5f2b-1f04-000000000400}\r\nProcessId: 5328\r\nImage: C:\\Windows\\System32\\dsregcmd.exe\r\nImageLoaded: C:\\Windows\\System32\\netutils.dll\r\nFileVersion: 10.0.17763.1 (WinBuild.160101.0800)\r\nDescription: Net Win32 API Helpers DLL\r\nProduct: Microsoft® Windows® Operating System\r\nCompany: Microsoft Corporation\r\nOriginalFileName: NETUTILS.DLL\r\nHashes: SHA1=BEDEAD6F57891986F543B2D668A332DE6D735CFC,MD5=6BD99B341B0749CD702EF46B372AB2AA,SHA256=FA48DDB46AA0B5CD64AC0D9FEBA77A94CF0A0DA554ACB9DC9C80FB8104414C2D,IMPHASH=06BB7C9ADD27BBA7B9DE3ADCE76673AB\r\nSigned: true\r\nSignature: Microsoft Windows\r\nSignatureStatus: Valid","SourceModuleName":"eventlog","ImageLoaded":"C:\\Windows\\System32\\netutils.dll","EventReceivedTime":"2020-08-06 03:21:20","port":60122,"AccountName":"SYSTEM","UtcTime":"2020-08-06 07:21:18.723","Domain":"NT AUTHORITY","ExecutionProcessID":3888,"Hashes":"SHA1=BEDEAD6F57891986F543B2D668A332DE6D735CFC,MD5=6BD99B341B0749CD702EF46B372AB2AA,SHA256=FA48DDB46AA0B5CD64AC0D9FEBA77A94CF0A0DA554ACB9DC9C80FB8104414C2D,IMPHASH=06BB7C9ADD27BBA7B9DE3ADCE76673AB","Description":"Net Win32 API Helpers DLL","UserID":"S-1-5-18","EventID":7,"Product":"Microsoft® Windows® Operating System","ProviderGuid":"{5770385F-C22A-43E0-BF4C-06F5698FFBD9}","RecordNumber":280977,"Keywords":-9223372036854775808,"ProcessGuid":"{9f85ce58-af6e-5f2b-1f04-000000000400}","tags":["mordorDataset"],"RuleName":"-"}
{"SubjectLogonId":"0x3e7","@version":"1","EventType":"AUDIT_SUCCESS","Version":0,"ThreadID":6612,"EventTime":"2020-08-06 03:21:18","Task":12801,"Channel":"Security","SourceName":"Microsoft-Windows-Security-Auditing","OpcodeValue":0,"Hostname":"MORDORDC.theshire.local","@timestamp":"2020-08-06T07:21:20.335Z","Message":"The handle to an object was closed.\r\n\r\nSubject :\r\n\tSecurity ID:\t\tS-1-5-18\r\n\tAccount Name:\t\tMORDORDC$\r\n\tAccount Domain:\t\tTHESHIRE\r\n\tLogon ID:\t\t0x3E7\r\n\r\nObject:\r\n\tObject Server:\t\tSecurity\r\n\tHandle ID:\t\t0x2640\r\n\r\nProcess Information:\r\n\tProcess ID:\t\t0x7b8\r\n\tProcess Name:\t\tC:\\Windows\\System32\\svchost.exe","Category":"Registry","Opcode":"Info","SubjectDomainName":"THESHIRE","SourceModuleName":"eventlog","ProcessId":"0x7b8","EventReceivedTime":"2020-08-06 03:21:20","port":60122,"ExecutionProcessID":4,"ProcessName":"C:\\Windows\\System32\\svchost.exe","ObjectServer":"Security","host":"wec.internal.cloudapp.net","SubjectUserSid":"S-1-5-18","SubjectUserName":"MORDORDC$","HandleId":"0x2640","Severity":"INFO","SeverityValue":2,"EventID":4658,"ProviderGuid":"{54849625-5478-4994-A5BA-3E3B0328C30D}","RecordNumber":325314,"SourceModuleType":"im_msvistalog","Keywords":-9214364837600034816,"tags":["mordorDataset"]}
{"@version":"1","EventType":"AUDIT_SUCCESS","ThreadID":6612,"ObjectName":"\\REGISTRY\\MACHINE\\SYSTEM\\ControlSet001\\Control\\Session Manager\\Environment","ObjectType":"Key","Channel":"Security","OpcodeValue":0,"SubjectDomainName":"THESHIRE","Hostname":"MORDORDC.theshire.local","@timestamp":"2020-08-06T07:21:20.335Z","Category":"Registry","AccessMask":"0x20019","ProcessId":"0x7b8","AccessList":"%%1538\r\n\t\t\t\t%%4432\r\n\t\t\t\t%%4435\r\n\t\t\t\t%%4436\r\n\t\t\t\t","ProcessName":"C:\\Windows\\System32\\svchost.exe","ResourceAttributes":"-","host":"wec.internal.cloudapp.net","SubjectUserName":"MORDORDC$","Severity":"INFO","SeverityValue":2,"SourceModuleType":"im_msvistalog","TransactionId":"{00000000-0000-0000-0000-000000000000}","SubjectLogonId":"0x3e7","Version":1,"EventTime":"2020-08-06 03:21:18","Task":12801,"AccessReason":"-","PrivilegeList":"-","SourceName":"Microsoft-Windows-Security-Auditing","Opcode":"Info","Message":"A handle to an object was requested.\r\n\r\nSubject:\r\n\tSecurity ID:\t\tS-1-5-18\r\n\tAccount Name:\t\tMORDORDC$\r\n\tAccount Domain:\t\tTHESHIRE\r\n\tLogon ID:\t\t0x3E7\r\n\r\nObject:\r\n\tObject Server:\t\tSecurity\r\n\tObject Type:\t\tKey\r\n\tObject Name:\t\t\\REGISTRY\\MACHINE\\SYSTEM\\ControlSet001\\Control\\Session Manager\\Environment\r\n\tHandle ID:\t\t0x674\r\n\tResource Attributes:\t-\r\n\r\nProcess Information:\r\n\tProcess ID:\t\t0x7b8\r\n\tProcess Name:\t\tC:\\Windows\\System32\\svchost.exe\r\n\r\nAccess Request Information:\r\n\tTransaction ID:\t\t{00000000-0000-0000-0000-000000000000}\r\n\tAccesses:\t\tREAD_CONTROL\r\n\t\t\t\tQuery key value\r\n\t\t\t\tEnumerate sub-keys\r\n\t\t\t\tNotify about changes to keys\r\n\t\t\t\t\r\n\tAccess Reasons:\t\t-\r\n\tAccess Mask:\t\t0x20019\r\n\tPrivileges Used for Access Check:\t-\r\n\tRestricted SID Count:\t0","SourceModuleName":"eventlog","EventReceivedTime":"2020-08-06 03:21:20","port":60122,"RestrictedSidCount":"0","ExecutionProcessID":4,"ObjectServer":"Security","SubjectUserSid":"S-1-5-18","HandleId":"0x674","EventID":4656,"ProviderGuid":"{54849625-5478-4994-A5BA-3E3B0328C30D}","RecordNumber":325315,"Keywords":-9214364837600034816,"tags":["mordorDataset"]}
{"@version":"1","EventType":"INFO","AccountType":"User","ThreadID":4208,"Channel":"Microsoft-Windows-Sysmon/Operational","OpcodeValue":0,"OriginalFileName":"winhttp.dll","Hostname":"MORDORDC.theshire.local","@timestamp":"2020-08-06T07:21:20.335Z","ProcessId":"5328","Signed":"true","host":"wec.internal.cloudapp.net","SignatureStatus":"Valid","Severity":"INFO","SeverityValue":2,"Image":"C:\\Windows\\System32\\dsregcmd.exe","SourceModuleType":"im_msvistalog","FileVersion":"10.0.17763.1158 (WinBuild.160101.0800)","Version":3,"Company":"Microsoft Corporation","EventTime":"2020-08-06 03:21:18","Task":7,"Signature":"Microsoft Windows","SourceName":"Microsoft-Windows-Sysmon","Message":"Image loaded:\r\nRuleName: -\r\nUtcTime: 2020-08-06 07:21:18.723\r\nProcessGuid: {9f85ce58-af6e-5f2b-1f04-000000000400}\r\nProcessId: 5328\r\nImage: C:\\Windows\\System32\\dsregcmd.exe\r\nImageLoaded: C:\\Windows\\System32\\winhttp.dll\r\nFileVersion: 10.0.17763.1158 (WinBuild.160101.0800)\r\nDescription: Windows HTTP Services\r\nProduct: Microsoft® Windows® Operating System\r\nCompany: Microsoft Corporation\r\nOriginalFileName: winhttp.dll\r\nHashes: SHA1=9803D2DB3E00613BFCF5B7370E9AED9344CC18CE,MD5=28BA2F1F94FF9CBFCD349C32BFD6795D,SHA256=1AB2F1DECA9D123A4DF43F9FAEC19E0AC38EEE653AA32B4E21363150F1653A7E,IMPHASH=C386318770EA06F9A0F4AAA99885DF24\r\nSigned: true\r\nSignature: Microsoft Windows\r\nSignatureStatus: Valid","SourceModuleName":"eventlog","ImageLoaded":"C:\\Windows\\System32\\winhttp.dll","EventReceivedTime":"2020-08-06 03:21:20","port":60122,"AccountName":"SYSTEM","UtcTime":"2020-08-06 07:21:18.723","Domain":"NT AUTHORITY","ExecutionProcessID":3888,"Hashes":"SHA1=9803D2DB3E00613BFCF5B7370E9AED9344CC18CE,MD5=28BA2F1F94FF9CBFCD349C32BFD6795D,SHA256=1AB2F1DECA9D123A4DF43F9FAEC19E0AC38EEE653AA32B4E21363150F1653A7E,IMPHASH=C386318770EA06F9A0F4AAA99885DF24","Description":"Windows HTTP Services","UserID":"S-1-5-18","EventID":7,"Product":"Microsoft® Windows® Operating System","ProviderGuid":"{5770385F-C22A-43E0-BF4C-06F5698FFBD9}","RecordNumber":280978,"Keywords":-9223372036854775808,"ProcessGuid":"{9f85ce58-af6e-5f2b-1f04-000000000400}","tags":["mordorDataset"],"RuleName":"-"}
{"SubjectLogonId":"0x3e7","@version":"1","EventType":"AUDIT_SUCCESS","Version":1,"ThreadID":6612,"EventTime":"2020-08-06 03:21:18","Task":12801,"ObjectName":"\\REGISTRY\\MACHINE\\SYSTEM\\ControlSet001\\Control\\Session Manager\\Environment","ObjectType":"Key","Channel":"Security","SourceName":"Microsoft-Windows-Security-Auditing","OpcodeValue":0,"Hostname":"MORDORDC.theshire.local","@timestamp":"2020-08-06T07:21:20.335Z","Message":"An attempt was made to access an object.\r\n\r\nSubject:\r\n\tSecurity ID:\t\tS-1-5-18\r\n\tAccount Name:\t\tMORDORDC$\r\n\tAccount Domain:\t\tTHESHIRE\r\n\tLogon ID:\t\t0x3E7\r\n\r\nObject:\r\n\tObject Server:\t\tSecurity\r\n\tObject Type:\t\tKey\r\n\tObject Name:\t\t\\REGISTRY\\MACHINE\\SYSTEM\\ControlSet001\\Control\\Session Manager\\Environment\r\n\tHandle ID:\t\t0x674\r\n\tResource Attributes:\t-\r\n\r\nProcess Information:\r\n\tProcess ID:\t\t0x7b8\r\n\tProcess Name:\t\tC:\\Windows\\System32\\svchost.exe\r\n\r\nAccess Request Information:\r\n\tAccesses:\t\tQuery key value\r\n\t\t\t\t\r\n\tAccess Mask:\t\t0x1","Category":"Registry","Opcode":"Info","SubjectDomainName":"THESHIRE","AccessMask":"0x1","SourceModuleName":"eventlog","EventReceivedTime":"2020-08-06 03:21:20","port":60122,"ProcessId":"0x7b8","ExecutionProcessID":4,"AccessList":"%%4432\r\n\t\t\t\t","ProcessName":"C:\\Windows\\System32\\svchost.exe","ObjectServer":"Security","ResourceAttributes":"-","host":"wec.internal.cloudapp.net","SubjectUserSid":"S-1-5-18","SubjectUserName":"MORDORDC$","HandleId":"0x674","Severity":"INFO","SeverityValue":2,"EventID":4663,"ProviderGuid":"{54849625-5478-4994-A5BA-3E3B0328C30D}","RecordNumber":325316,"SourceModuleType":"im_msvistalog","Keywords":-9214364837600034816,"tags":["mordorDataset"]}
{"@version":"1","EventType":"INFO","AccountType":"User","ThreadID":4208,"Channel":"Microsoft-Windows-Sysmon/Operational","OpcodeValue":0,"OriginalFileName":"WKSCLI.DLL","Hostname":"MORDORDC.theshire.local","@timestamp":"2020-08-06T07:21:20.336Z","ProcessId":"5328","Signed":"true","host":"wec.internal.cloudapp.net","SignatureStatus":"Valid","Severity":"INFO","SeverityValue":2,"Image":"C:\\Windows\\System32\\dsregcmd.exe","SourceModuleType":"im_msvistalog","FileVersion":"10.0.17763.1 (WinBuild.160101.0800)","Version":3,"Company":"Microsoft Corporation","EventTime":"2020-08-06 03:21:18","Task":7,"Signature":"Microsoft Windows","SourceName":"Microsoft-Windows-Sysmon","Message":"Image loaded:\r\nRuleName: -\r\nUtcTime: 2020-08-06 07:21:18.738\r\nProcessGuid: {9f85ce58-af6e-5f2b-1f04-000000000400}\r\nProcessId: 5328\r\nImage: C:\\Windows\\System32\\dsregcmd.exe\r\nImageLoaded: C:\\Windows\\System32\\wkscli.dll\r\nFileVersion: 10.0.17763.1 (WinBuild.160101.0800)\r\nDescription: Workstation Service Client DLL\r\nProduct: Microsoft® Windows® Operating System\r\nCompany: Microsoft Corporation\r\nOriginalFileName: WKSCLI.DLL\r\nHashes: SHA1=CFA00904659A047C74169C691ED46C130C5382F4,MD5=1C48440F540AB6870E7810E0ED59B47A,SHA256=23CB8D1D0A35324E145F88F4E9AA37B66DAD597A9F3A85BEEC8DF99A30E41FAB,IMPHASH=6C8F580B502F3E16CF5699B98EAEA4C9\r\nSigned: true\r\nSignature: Microsoft Windows\r\nSignatureStatus: Valid","SourceModuleName":"eventlog","ImageLoaded":"C:\\Windows\\System32\\wkscli.dll","EventReceivedTime":"2020-08-06 03:21:20","port":60122,"AccountName":"SYSTEM","UtcTime":"2020-08-06 07:21:18.738","Domain":"NT AUTHORITY","ExecutionProcessID":3888,"Hashes":"SHA1=CFA00904659A047C74169C691ED46C130C5382F4,MD5=1C48440F540AB6870E7810E0ED59B47A,SHA256=23CB8D1D0A35324E145F88F4E9AA37B66DAD597A9F3A85BEEC8DF99A30E41FAB,IMPHASH=6C8F580B502F3E16CF5699B98EAEA4C9","Description":"Workstation Service Client DLL","UserID":"S-1-5-18","EventID":7,"Product":"Microsoft® Windows® Operating System","ProviderGuid":"{5770385F-C22A-43E0-BF4C-06F5698FFBD9}","RecordNumber":280979,"Keywords":-9223372036854775808,"ProcessGuid":"{9f85ce58-af6e-5f2b-1f04-000000000400}","tags":["mordorDataset"],"RuleName":"-"}
{"SubjectLogonId":"0x3e7","@version":"1","EventType":"AUDIT_SUCCESS","Version":0,"ThreadID":6612,"EventTime":"2020-08-06 03:21:18","Task":12801,"Channel":"Security","SourceName":"Microsoft-Windows-Security-Auditing","OpcodeValue":0,"Hostname":"MORDORDC.theshire.local","@timestamp":"2020-08-06T07:21:20.337Z","Message":"The handle to an object was closed.\r\n\r\nSubject :\r\n\tSecurity ID:\t\tS-1-5-18\r\n\tAccount Name:\t\tMORDORDC$\r\n\tAccount Domain:\t\tTHESHIRE\r\n\tLogon ID:\t\t0x3E7\r\n\r\nObject:\r\n\tObject Server:\t\tSecurity\r\n\tHandle ID:\t\t0x674\r\n\r\nProcess Information:\r\n\tProcess ID:\t\t0x7b8\r\n\tProcess Name:\t\tC:\\Windows\\System32\\svchost.exe","Category":"Registry","Opcode":"Info","SubjectDomainName":"THESHIRE","SourceModuleName":"eventlog","ProcessId":"0x7b8","EventReceivedTime":"2020-08-06 03:21:20","port":60122,"ExecutionProcessID":4,"ProcessName":"C:\\Windows\\System32\\svchost.exe","ObjectServer":"Security","host":"wec.internal.cloudapp.net","SubjectUserSid":"S-1-5-18","SubjectUserName":"MORDORDC$","HandleId":"0x674","Severity":"INFO","SeverityValue":2,"EventID":4658,"ProviderGuid":"{54849625-5478-4994-A5BA-3E3B0328C30D}","RecordNumber":325317,"SourceModuleType":"im_msvistalog","Keywords":-9214364837600034816,"tags":["mordorDataset"]}
{"@version":"1","EventType":"INFO","AccountType":"User","ThreadID":4208,"Channel":"Microsoft-Windows-Sysmon/Operational","OpcodeValue":0,"OriginalFileName":"propsys.dll","Hostname":"MORDORDC.theshire.local","@timestamp":"2020-08-06T07:21:20.337Z","ProcessId":"5328","Signed":"true","host":"wec.internal.cloudapp.net","SignatureStatus":"Valid","Severity":"INFO","SeverityValue":2,"Image":"C:\\Windows\\System32\\dsregcmd.exe","SourceModuleType":"im_msvistalog","FileVersion":"7.0.17763.1075 (WinBuild.160101.0800)","Version":3,"Company":"Microsoft Corporation","EventTime":"2020-08-06 03:21:18","Task":7,"Signature":"Microsoft Windows","SourceName":"Microsoft-Windows-Sysmon","Message":"Image loaded:\r\nRuleName: -\r\nUtcTime: 2020-08-06 07:21:18.738\r\nProcessGuid: {9f85ce58-af6e-5f2b-1f04-000000000400}\r\nProcessId: 5328\r\nImage: C:\\Windows\\System32\\dsregcmd.exe\r\nImageLoaded: C:\\Windows\\System32\\propsys.dll\r\nFileVersion: 7.0.17763.1075 (WinBuild.160101.0800)\r\nDescription: Microsoft Property System\r\nProduct: Windows® Search\r\nCompany: Microsoft Corporation\r\nOriginalFileName: propsys.dll\r\nHashes: SHA1=C5B7CEAA081B3FA5A19489C88BD3DEF5ECE003E3,MD5=C2DCF8167D0A17601B5F638ADE4BBFA9,SHA256=C5D134304431C4850CFDB47006C3EBFF081BF3A29371C87CA6C52BA00DF645E1,IMPHASH=3F434909D94C6AEE6F5F1D200D75049A\r\nSigned: true\r\nSignature: Microsoft Windows\r\nSignatureStatus: Valid","SourceModuleName":"eventlog","ImageLoaded":"C:\\Windows\\System32\\propsys.dll","EventReceivedTime":"2020-08-06 03:21:20","port":60122,"AccountName":"SYSTEM","UtcTime":"2020-08-06 07:21:18.738","Domain":"NT AUTHORITY","ExecutionProcessID":3888,"Hashes":"SHA1=C5B7CEAA081B3FA5A19489C88BD3DEF5ECE003E3,MD5=C2DCF8167D0A17601B5F638ADE4BBFA9,SHA256=C5D134304431C4850CFDB47006C3EBFF081BF3A29371C87CA6C52BA00DF645E1,IMPHASH=3F434909D94C6AEE6F5F1D200D75049A","Description":"Microsoft Property System","UserID":"S-1-5-18","EventID":7,"Product":"Windows® Search","ProviderGuid":"{5770385F-C22A-43E0-BF4C-06F5698FFBD9}","RecordNumber":280980,"Keywords":-9223372036854775808,"ProcessGuid":"{9f85ce58-af6e-5f2b-1f04-000000000400}","tags":["mordorDataset"],"RuleName":"-"}
{"TargetDomainName":"-","SubjectLogonId":"0x3e7","@version":"1","EventType":"AUDIT_SUCCESS","Version":2,"ThreadID":6612,"EventTime":"2020-08-06 03:21:18","Task":13312,"NewProcessName":"C:\\Windows\\System32\\dsregcmd.exe","Channel":"Security","SourceName":"Microsoft-Windows-Security-Auditing","OpcodeValue":0,"Hostname":"MORDORDC.theshire.local","@timestamp":"2020-08-06T07:21:20.337Z","Message":"A new process has been created.\r\n\r\nCreator Subject:\r\n\tSecurity ID:\t\tS-1-5-18\r\n\tAccount Name:\t\tMORDORDC$\r\n\tAccount Domain:\t\tTHESHIRE\r\n\tLogon ID:\t\t0x3E7\r\n\r\nTarget Subject:\r\n\tSecurity ID:\t\tS-1-0-0\r\n\tAccount Name:\t\t-\r\n\tAccount Domain:\t\t-\r\n\tLogon ID:\t\t0x0\r\n\r\nProcess Information:\r\n\tNew Process ID:\t\t0x14d0\r\n\tNew Process Name:\tC:\\Windows\\System32\\dsregcmd.exe\r\n\tToken Elevation Type:\t%%1936\r\n\tMandatory Label:\t\tS-1-16-16384\r\n\tCreator Process ID:\t0x7b8\r\n\tCreator Process Name:\tC:\\Windows\\System32\\svchost.exe\r\n\tProcess Command Line:\tC:\\windows\\System32\\dsregcmd.exe $(Arg0) $(Arg1) $(Arg2)\r\n\r\nToken Elevation Type indicates the type of token that was assigned to the new process in accordance with User Account Control policy.\r\n\r\nType 1 is a full token with no privileges removed or groups disabled.  A full token is only used if User Account Control is disabled or if the user is the built-in Administrator account or a service account.\r\n\r\nType 2 is an elevated token with no privileges removed or groups disabled.  An elevated token is used when User Account Control is enabled and the user chooses to start the program using Run as administrator.  An elevated token is also used when an application is configured to always require administrative privilege or to always require maximum privilege, and the user is a member of the Administrators group.\r\n\r\nType 3 is a limited token with administrative privileges removed and administrative groups disabled.  The limited token is used when User Account Control is enabled, the application does not require administrative privilege, and the user does not choose to start the program using Run as administrator.","Category":"Process Creation","Opcode":"Info","SubjectDomainName":"THESHIRE","CommandLine":"C:\\windows\\System32\\dsregcmd.exe $(Arg0) $(Arg1) $(Arg2)","TargetUserSid":"S-1-0-0","TargetLogonId":"0x0","port":60122,"EventReceivedTime":"2020-08-06 03:21:20","SourceModuleName":"eventlog","NewProcessId":"0x14d0","TokenElevationType":"%%1936","ProcessId":"0x7b8","ExecutionProcessID":4,"host":"wec.internal.cloudapp.net","SubjectUserSid":"S-1-5-18","SubjectUserName":"MORDORDC$","Severity":"INFO","MandatoryLabel":"S-1-16-16384","TargetUserName":"-","SeverityValue":2,"EventID":4688,"ProviderGuid":"{54849625-5478-4994-A5BA-3E3B0328C30D}","RecordNumber":325318,"ParentProcessName":"C:\\Windows\\System32\\svchost.exe","Keywords":-9214364837600034816,"SourceModuleType":"im_msvistalog","tags":["mordorDataset"]}
{"@version":"1","EventType":"INFO","AccountType":"User","ThreadID":4208,"Channel":"Microsoft-Windows-Sysmon/Operational","OpcodeValue":0,"OriginalFileName":"SHCORE.dll","Hostname":"MORDORDC.theshire.local","@timestamp":"2020-08-06T07:21:20.337Z","ProcessId":"5328","Signed":"true","host":"wec.internal.cloudapp.net","SignatureStatus":"Valid","Severity":"INFO","SeverityValue":2,"Image":"C:\\Windows\\System32\\dsregcmd.exe","SourceModuleType":"im_msvistalog","FileVersion":"10.0.17763.1339 (WinBuild.160101.0800)","Version":3,"Company":"Microsoft Corporation","EventTime":"2020-08-06 03:21:18","Task":7,"Signature":"Microsoft Windows","SourceName":"Microsoft-Windows-Sysmon","Message":"Image loaded:\r\nRuleName: -\r\nUtcTime: 2020-08-06 07:21:18.738\r\nProcessGuid: {9f85ce58-af6e-5f2b-1f04-000000000400}\r\nProcessId: 5328\r\nImage: C:\\Windows\\System32\\dsregcmd.exe\r\nImageLoaded: C:\\Windows\\System32\\SHCore.dll\r\nFileVersion: 10.0.17763.1339 (WinBuild.160101.0800)\r\nDescription: SHCORE\r\nProduct: Microsoft® Windows® Operating System\r\nCompany: Microsoft Corporation\r\nOriginalFileName: SHCORE.dll\r\nHashes: SHA1=AD7BB364F35E4F2A841EEE6E5C6280DEF514F6B2,MD5=F818375CF02A494111B6A5B440AB6245,SHA256=2B4305A3D5081358F5ED23E561133A0215CED05D3D6D55A61FE50D5EC0308EC7,IMPHASH=2C4CB476A1713ADF312799FAB977C9E4\r\nSigned: true\r\nSignature: Microsoft Windows\r\nSignatureStatus: Valid","SourceModuleName":"eventlog","ImageLoaded":"C:\\Windows\\System32\\SHCore.dll","EventReceivedTime":"2020-08-06 03:21:20","port":60122,"AccountName":"SYSTEM","UtcTime":"2020-08-06 07:21:18.738","Domain":"NT AUTHORITY","ExecutionProcessID":3888,"Hashes":"SHA1=AD7BB364F35E4F2A841EEE6E5C6280DEF514F6B2,MD5=F818375CF02A494111B6A5B440AB6245,SHA256=2B4305A3D5081358F5ED23E561133A0215CED05D3D6D55A61FE50D5EC0308EC7,IMPHASH=2C4CB476A1713ADF312799FAB977C9E4","Description":"SHCORE","UserID":"S-1-5-18","EventID":7,"Product":"Microsoft® Windows® Operating System","ProviderGuid":"{5770385F-C22A-43E0-BF4C-06F5698FFBD9}","RecordNumber":280981,"Keywords":-9223372036854775808,"ProcessGuid":"{9f85ce58-af6e-5f2b-1f04-000000000400}","tags":["mordorDataset"],"RuleName":"-"}
{"TargetDomainName":"-","SubjectLogonId":"0x3e7","@version":"1","EventType":"AUDIT_SUCCESS","Version":2,"ThreadID":6612,"EventTime":"2020-08-06 03:21:18","Task":13312,"NewProcessName":"C:\\Windows\\System32\\conhost.exe","Channel":"Security","SourceName":"Microsoft-Windows-Security-Auditing","OpcodeValue":0,"Hostname":"MORDORDC.theshire.local","@timestamp":"2020-08-06T07:21:20.337Z","Message":"A new process has been created.\r\n\r\nCreator Subject:\r\n\tSecurity ID:\t\tS-1-5-18\r\n\tAccount Name:\t\tMORDORDC$\r\n\tAccount Domain:\t\tTHESHIRE\r\n\tLogon ID:\t\t0x3E7\r\n\r\nTarget Subject:\r\n\tSecurity ID:\t\tS-1-0-0\r\n\tAccount Name:\t\t-\r\n\tAccount Domain:\t\t-\r\n\tLogon ID:\t\t0x0\r\n\r\nProcess Information:\r\n\tNew Process ID:\t\t0x1aac\r\n\tNew Process Name:\tC:\\Windows\\System32\\conhost.exe\r\n\tToken Elevation Type:\t%%1936\r\n\tMandatory Label:\t\tS-1-16-16384\r\n\tCreator Process ID:\t0x14d0\r\n\tCreator Process Name:\tC:\\Windows\\System32\\dsregcmd.exe\r\n\tProcess Command Line:\t\\??\\C:\\windows\\system32\\conhost.exe 0xffffffff -ForceV1\r\n\r\nToken Elevation Type indicates the type of token that was assigned to the new process in accordance with User Account Control policy.\r\n\r\nType 1 is a full token with no privileges removed or groups disabled.  A full token is only used if User Account Control is disabled or if the user is the built-in Administrator account or a service account.\r\n\r\nType 2 is an elevated token with no privileges removed or groups disabled.  An elevated token is used when User Account Control is enabled and the user chooses to start the program using Run as administrator.  An elevated token is also used when an application is configured to always require administrative privilege or to always require maximum privilege, and the user is a member of the Administrators group.\r\n\r\nType 3 is a limited token with administrative privileges removed and administrative groups disabled.  The limited token is used when User Account Control is enabled, the application does not require administrative privilege, and the user does not choose to start the program using Run as administrator.","Category":"Process Creation","Opcode":"Info","SubjectDomainName":"THESHIRE","CommandLine":"\\??\\C:\\windows\\system32\\conhost.exe 0xffffffff -ForceV1","TargetUserSid":"S-1-0-0","TargetLogonId":"0x0","port":60122,"EventReceivedTime":"2020-08-06 03:21:20","SourceModuleName":"eventlog","NewProcessId":"0x1aac","TokenElevationType":"%%1936","ProcessId":"0x14d0","ExecutionProcessID":4,"host":"wec.internal.cloudapp.net","SubjectUserSid":"S-1-5-18","SubjectUserName":"MORDORDC$","Severity":"INFO","MandatoryLabel":"S-1-16-16384","TargetUserName":"-","SeverityValue":2,"EventID":4688,"ProviderGuid":"{54849625-5478-4994-A5BA-3E3B0328C30D}","RecordNumber":325319,"ParentProcessName":"C:\\Windows\\System32\\dsregcmd.exe","Keywords":-9214364837600034816,"SourceModuleType":"im_msvistalog","tags":["mordorDataset"]}
{"@version":"1","EventType":"INFO","AccountType":"User","ThreadID":4208,"Channel":"Microsoft-Windows-Sysmon/Operational","OpcodeValue":0,"OriginalFileName":"LOGONCLI.DLL","Hostname":"MORDORDC.theshire.local","@timestamp":"2020-08-06T07:21:20.337Z","ProcessId":"5328","Signed":"true","host":"wec.internal.cloudapp.net","SignatureStatus":"Valid","Severity":"INFO","SeverityValue":2,"Image":"C:\\Windows\\System32\\dsregcmd.exe","SourceModuleType":"im_msvistalog","FileVersion":"10.0.17763.1339 (WinBuild.160101.0800)","Version":3,"Company":"Microsoft Corporation","EventTime":"2020-08-06 03:21:18","Task":7,"Signature":"Microsoft Windows","SourceName":"Microsoft-Windows-Sysmon","Message":"Image loaded:\r\nRuleName: -\r\nUtcTime: 2020-08-06 07:21:18.738\r\nProcessGuid: {9f85ce58-af6e-5f2b-1f04-000000000400}\r\nProcessId: 5328\r\nImage: C:\\Windows\\System32\\dsregcmd.exe\r\nImageLoaded: C:\\Windows\\System32\\logoncli.dll\r\nFileVersion: 10.0.17763.1339 (WinBuild.160101.0800)\r\nDescription: Net Logon Client DLL\r\nProduct: Microsoft® Windows® Operating System\r\nCompany: Microsoft Corporation\r\nOriginalFileName: LOGONCLI.DLL\r\nHashes: SHA1=B2998619D5D2D690F5B33608CDC86C372A641B97,MD5=EE498612128DC17EB594881234F2CE68,SHA256=9FF8A8D29C6A59D9C94D9B5E1D8619E95D594ABB341EC3294E74B15AC409B7A9,IMPHASH=B89844D058A611AF10591A202BFB6E57\r\nSigned: true\r\nSignature: Microsoft Windows\r\nSignatureStatus: Valid","SourceModuleName":"eventlog","ImageLoaded":"C:\\Windows\\System32\\logoncli.dll","EventReceivedTime":"2020-08-06 03:21:20","port":60122,"AccountName":"SYSTEM","UtcTime":"2020-08-06 07:21:18.738","Domain":"NT AUTHORITY","ExecutionProcessID":3888,"Hashes":"SHA1=B2998619D5D2D690F5B33608CDC86C372A641B97,MD5=EE498612128DC17EB594881234F2CE68,SHA256=9FF8A8D29C6A59D9C94D9B5E1D8619E95D594ABB341EC3294E74B15AC409B7A9,IMPHASH=B89844D058A611AF10591A202BFB6E57","Description":"Net Logon Client DLL","UserID":"S-1-5-18","EventID":7,"Product":"Microsoft® Windows® Operating System","ProviderGuid":"{5770385F-C22A-43E0-BF4C-06F5698FFBD9}","RecordNumber":280982,"Keywords":-9223372036854775808,"ProcessGuid":"{9f85ce58-af6e-5f2b-1f04-000000000400}","tags":["mordorDataset"],"RuleName":"-"}
{"SubjectLogonId":"0x3e7","@version":"1","EventType":"AUDIT_SUCCESS","SourceHandleId":"0x74","Version":0,"ThreadID":6612,"EventTime":"2020-08-06 03:21:18","Task":12807,"Channel":"Security","SourceName":"Microsoft-Windows-Security-Auditing","OpcodeValue":0,"Hostname":"MORDORDC.theshire.local","@timestamp":"2020-08-06T07:21:20.338Z","Message":"An attempt was made to duplicate a handle to an object.\r\n\r\nSubject:\r\n\tSecurity ID:\t\tS-1-5-18\r\n\tAccount Name:\t\tMORDORDC$\r\n\tAccount Domain:\t\tTHESHIRE\r\n\tLogon ID:\t\t0x3E7\r\n\r\nSource Handle Information:\r\n\tSource Handle ID:\t0x74\r\n\tSource Process ID:\t0x1aac\r\n\r\nNew Handle Information:\r\n\tTarget Handle ID:\t0x2640\r\n\tTarget Process ID:\t0x4","Category":"Handle Manipulation","Opcode":"Info","SubjectDomainName":"THESHIRE","SourceModuleName":"eventlog","ProcessId":"0x1aac","EventReceivedTime":"2020-08-06 03:21:20","port":60122,"ExecutionProcessID":4,"host":"wec.internal.cloudapp.net","SubjectUserSid":"S-1-5-18","SubjectUserName":"MORDORDC$","SourceProcessId":"0x1aac","Severity":"INFO","TargetProcessId":"0x4","SeverityValue":2,"EventID":4690,"TargetHandleId":"0x2640","ProviderGuid":"{54849625-5478-4994-A5BA-3E3B0328C30D}","RecordNumber":325320,"SourceModuleType":"im_msvistalog","Keywords":-9214364837600034816,"tags":["mordorDataset"]}
{"@version":"1","EventType":"INFO","AccountType":"User","ThreadID":4212,"Channel":"Microsoft-Windows-Sysmon/Operational","OpcodeValue":0,"OriginalFileName":"dsreg.dll","Hostname":"MORDORDC.theshire.local","@timestamp":"2020-08-06T07:21:20.338Z","ProcessId":"5328","Signed":"true","host":"wec.internal.cloudapp.net","SignatureStatus":"Valid","Severity":"INFO","SeverityValue":2,"Image":"C:\\Windows\\System32\\dsregcmd.exe","SourceModuleType":"im_msvistalog","FileVersion":"10.0.17763.1217 (WinBuild.160101.0800)","Version":3,"Company":"Microsoft Corporation","EventTime":"2020-08-06 03:21:18","Task":7,"Signature":"Microsoft Windows","SourceName":"Microsoft-Windows-Sysmon","Message":"Image loaded:\r\nRuleName: -\r\nUtcTime: 2020-08-06 07:21:18.738\r\nProcessGuid: {9f85ce58-af6e-5f2b-1f04-000000000400}\r\nProcessId: 5328\r\nImage: C:\\Windows\\System32\\dsregcmd.exe\r\nImageLoaded: C:\\Windows\\System32\\dsreg.dll\r\nFileVersion: 10.0.17763.1217 (WinBuild.160101.0800)\r\nDescription: AD/AAD User Device Registration\r\nProduct: Microsoft® Windows® Operating System\r\nCompany: Microsoft Corporation\r\nOriginalFileName: dsreg.dll\r\nHashes: SHA1=43D59E59F69E0D5432153D8E81B2A7BD75B3AFA1,MD5=E9187DA17091CD15F2C0038E8647802C,SHA256=4BFA08733B51EAFB4D99AA2F3E9EB2C9F78EBAD74AF22F95FC50F21DE4F99D3B,IMPHASH=572D50C022D0723D7676F18CABFC1515\r\nSigned: true\r\nSignature: Microsoft Windows\r\nSignatureStatus: Valid","SourceModuleName":"eventlog","ImageLoaded":"C:\\Windows\\System32\\dsreg.dll","EventReceivedTime":"2020-08-06 03:21:20","port":60122,"AccountName":"SYSTEM","UtcTime":"2020-08-06 07:21:18.738","Domain":"NT AUTHORITY","ExecutionProcessID":3888,"Hashes":"SHA1=43D59E59F69E0D5432153D8E81B2A7BD75B3AFA1,MD5=E9187DA17091CD15F2C0038E8647802C,SHA256=4BFA08733B51EAFB4D99AA2F3E9EB2C9F78EBAD74AF22F95FC50F21DE4F99D3B,IMPHASH=572D50C022D0723D7676F18CABFC1515","Description":"AD/AAD User Device Registration","UserID":"S-1-5-18","EventID":7,"Product":"Microsoft® Windows® Operating System","ProviderGuid":"{5770385F-C22A-43E0-BF4C-06F5698FFBD9}","RecordNumber":280983,"Keywords":-9223372036854775808,"ProcessGuid":"{9f85ce58-af6e-5f2b-1f04-000000000400}","tags":["mordorDataset"],"RuleName":"-"}
{"SourceModuleType":"im_msvistalog","tags":["mordorDataset"],"@version":"1","EventType":"INFO","Version":2,"ThreadID":4208,"EventTime":"2020-08-06 03:21:18","Task":11,"AccountType":"User","Channel":"Microsoft-Windows-Sysmon/Operational","SourceName":"Microsoft-Windows-Sysmon","OpcodeValue":0,"Hostname":"MORDORDC.theshire.local","@timestamp":"2020-08-06T07:21:20.339Z","Message":"File created:\r\nRuleName: -\r\nUtcTime: 2020-08-06 07:21:18.754\r\nProcessGuid: {9f85ce58-59de-5f2b-2300-000000000400}\r\nProcessId: 1560\r\nImage: C:\\windows\\System32\\svchost.exe\r\nTargetFilename: C:\\Windows\\ServiceState\\EventLog\\Data\\lastalive1.dat\r\nCreationUtcTime: 2020-08-06 01:17:14.818","SourceModuleName":"eventlog","ProcessId":"1560","EventReceivedTime":"2020-08-06 03:21:20","port":60122,"AccountName":"SYSTEM","UtcTime":"2020-08-06 07:21:18.754","Domain":"NT AUTHORITY","ExecutionProcessID":3888,"TargetFilename":"C:\\Windows\\ServiceState\\EventLog\\Data\\lastalive1.dat","host":"wec.internal.cloudapp.net","Severity":"INFO","SeverityValue":2,"EventID":11,"UserID":"S-1-5-18","ProviderGuid":"{5770385F-C22A-43E0-BF4C-06F5698FFBD9}","RecordNumber":280984,"Image":"C:\\windows\\System32\\svchost.exe","Keywords":-9223372036854775808,"ProcessGuid":"{9f85ce58-59de-5f2b-2300-000000000400}","CreationUtcTime":"2020-08-06 01:17:14.818","RuleName":"-"}
{"SubjectLogonId":"0x3e7","@version":"1","EventType":"AUDIT_SUCCESS","Version":0,"ThreadID":6612,"EventTime":"2020-08-06 03:21:18","Task":12801,"Channel":"Security","SourceName":"Microsoft-Windows-Security-Auditing","OpcodeValue":0,"Hostname":"MORDORDC.theshire.local","@timestamp":"2020-08-06T07:21:20.339Z","Message":"The handle to an object was closed.\r\n\r\nSubject :\r\n\tSecurity ID:\t\tS-1-5-18\r\n\tAccount Name:\t\tMORDORDC$\r\n\tAccount Domain:\t\tTHESHIRE\r\n\tLogon ID:\t\t0x3E7\r\n\r\nObject:\r\n\tObject Server:\t\tSecurity\r\n\tHandle ID:\t\t0x2640\r\n\r\nProcess Information:\r\n\tProcess ID:\t\t0x1aac\r\n\tProcess Name:\t\tC:\\Windows\\System32\\conhost.exe","Category":"Registry","Opcode":"Info","SubjectDomainName":"THESHIRE","SourceModuleName":"eventlog","ProcessId":"0x1aac","EventReceivedTime":"2020-08-06 03:21:20","port":60122,"ExecutionProcessID":4,"ProcessName":"C:\\Windows\\System32\\conhost.exe","ObjectServer":"Security","host":"wec.internal.cloudapp.net","SubjectUserSid":"S-1-5-18","SubjectUserName":"MORDORDC$","HandleId":"0x2640","Severity":"INFO","SeverityValue":2,"EventID":4658,"ProviderGuid":"{54849625-5478-4994-A5BA-3E3B0328C30D}","RecordNumber":325321,"SourceModuleType":"im_msvistalog","Keywords":-9214364837600034816,"tags":["mordorDataset"]}
{"@version":"1","EventType":"AUDIT_SUCCESS","ThreadID":6612,"ObjectName":"\\REGISTRY\\MACHINE\\SYSTEM\\ControlSet001\\Control\\Lsa","ObjectType":"Key","Channel":"Security","OpcodeValue":0,"SubjectDomainName":"THESHIRE","Hostname":"MORDORDC.theshire.local","@timestamp":"2020-08-06T07:21:20.339Z","Category":"Registry","AccessMask":"0x1","ProcessId":"0x1aac","AccessList":"%%4432\r\n\t\t\t\t","ProcessName":"C:\\Windows\\System32\\conhost.exe","ResourceAttributes":"-","host":"wec.internal.cloudapp.net","SubjectUserName":"MORDORDC$","Severity":"INFO","SeverityValue":2,"SourceModuleType":"im_msvistalog","TransactionId":"{00000000-0000-0000-0000-000000000000}","SubjectLogonId":"0x3e7","Version":1,"EventTime":"2020-08-06 03:21:18","Task":12801,"AccessReason":"-","PrivilegeList":"-","SourceName":"Microsoft-Windows-Security-Auditing","Opcode":"Info","Message":"A handle to an object was requested.\r\n\r\nSubject:\r\n\tSecurity ID:\t\tS-1-5-18\r\n\tAccount Name:\t\tMORDORDC$\r\n\tAccount Domain:\t\tTHESHIRE\r\n\tLogon ID:\t\t0x3E7\r\n\r\nObject:\r\n\tObject Server:\t\tSecurity\r\n\tObject Type:\t\tKey\r\n\tObject Name:\t\t\\REGISTRY\\MACHINE\\SYSTEM\\ControlSet001\\Control\\Lsa\r\n\tHandle ID:\t\t0x74\r\n\tResource Attributes:\t-\r\n\r\nProcess Information:\r\n\tProcess ID:\t\t0x1aac\r\n\tProcess Name:\t\tC:\\Windows\\System32\\conhost.exe\r\n\r\nAccess Request Information:\r\n\tTransaction ID:\t\t{00000000-0000-0000-0000-000000000000}\r\n\tAccesses:\t\tQuery key value\r\n\t\t\t\t\r\n\tAccess Reasons:\t\t-\r\n\tAccess Mask:\t\t0x1\r\n\tPrivileges Used for Access Check:\t-\r\n\tRestricted SID Count:\t0","SourceModuleName":"eventlog","EventReceivedTime":"2020-08-06 03:21:20","port":60122,"RestrictedSidCount":"0","ExecutionProcessID":4,"ObjectServer":"Security","SubjectUserSid":"S-1-5-18","HandleId":"0x74","EventID":4656,"ProviderGuid":"{54849625-5478-4994-A5BA-3E3B0328C30D}","RecordNumber":325322,"Keywords":-9214364837600034816,"tags":["mordorDataset"]}
{"@version":"1","EventType":"INFO","AccountType":"User","ThreadID":4208,"Channel":"Microsoft-Windows-Sysmon/Operational","OpcodeValue":0,"OriginalFileName":"wininet.dll","Hostname":"MORDORDC.theshire.local","@timestamp":"2020-08-06T07:21:20.339Z","ProcessId":"5328","Signed":"true","host":"wec.internal.cloudapp.net","SignatureStatus":"Valid","Severity":"INFO","SeverityValue":2,"Image":"C:\\Windows\\System32\\dsregcmd.exe","SourceModuleType":"im_msvistalog","FileVersion":"11.00.17763.1132 (WinBuild.160101.0800)","Version":3,"Company":"Microsoft Corporation","EventTime":"2020-08-06 03:21:18","Task":7,"Signature":"Microsoft Windows","SourceName":"Microsoft-Windows-Sysmon","Message":"Image loaded:\r\nRuleName: -\r\nUtcTime: 2020-08-06 07:21:18.754\r\nProcessGuid: {9f85ce58-af6e-5f2b-1f04-000000000400}\r\nProcessId: 5328\r\nImage: C:\\Windows\\System32\\dsregcmd.exe\r\nImageLoaded: C:\\Windows\\System32\\wininet.dll\r\nFileVersion: 11.00.17763.1132 (WinBuild.160101.0800)\r\nDescription: Internet Extensions for Win32\r\nProduct: Internet Explorer\r\nCompany: Microsoft Corporation\r\nOriginalFileName: wininet.dll\r\nHashes: SHA1=53BC6FAAA0BCC1E1E1F4AFE59229F38E023D7FC6,MD5=341A4D6A574D549D949541DE69CF902F,SHA256=A2E7FD435440DEC56AC63179A2D833A0C964688CD88B8149EBAA1DAF826A26FD,IMPHASH=2D8B0D92EFCC87131C3135E4147419A8\r\nSigned: true\r\nSignature: Microsoft Windows\r\nSignatureStatus: Valid","SourceModuleName":"eventlog","ImageLoaded":"C:\\Windows\\System32\\wininet.dll","EventReceivedTime":"2020-08-06 03:21:20","port":60122,"AccountName":"SYSTEM","UtcTime":"2020-08-06 07:21:18.754","Domain":"NT AUTHORITY","ExecutionProcessID":3888,"Hashes":"SHA1=53BC6FAAA0BCC1E1E1F4AFE59229F38E023D7FC6,MD5=341A4D6A574D549D949541DE69CF902F,SHA256=A2E7FD435440DEC56AC63179A2D833A0C964688CD88B8149EBAA1DAF826A26FD,IMPHASH=2D8B0D92EFCC87131C3135E4147419A8","Description":"Internet Extensions for Win32","UserID":"S-1-5-18","EventID":7,"Product":"Internet Explorer","ProviderGuid":"{5770385F-C22A-43E0-BF4C-06F5698FFBD9}","RecordNumber":280985,"Keywords":-9223372036854775808,"ProcessGuid":"{9f85ce58-af6e-5f2b-1f04-000000000400}","tags":["mordorDataset"],"RuleName":"-"}
{"SubjectLogonId":"0x3e7","@version":"1","EventType":"AUDIT_SUCCESS","Version":1,"ThreadID":6612,"EventTime":"2020-08-06 03:21:18","Task":12801,"ObjectName":"\\REGISTRY\\MACHINE\\SYSTEM\\ControlSet001\\Control\\Lsa","ObjectType":"Key","Channel":"Security","SourceName":"Microsoft-Windows-Security-Auditing","OpcodeValue":0,"Hostname":"MORDORDC.theshire.local","@timestamp":"2020-08-06T07:21:20.340Z","Message":"An attempt was made to access an object.\r\n\r\nSubject:\r\n\tSecurity ID:\t\tS-1-5-18\r\n\tAccount Name:\t\tMORDORDC$\r\n\tAccount Domain:\t\tTHESHIRE\r\n\tLogon ID:\t\t0x3E7\r\n\r\nObject:\r\n\tObject Server:\t\tSecurity\r\n\tObject Type:\t\tKey\r\n\tObject Name:\t\t\\REGISTRY\\MACHINE\\SYSTEM\\ControlSet001\\Control\\Lsa\r\n\tHandle ID:\t\t0x74\r\n\tResource Attributes:\t-\r\n\r\nProcess Information:\r\n\tProcess ID:\t\t0x1aac\r\n\tProcess Name:\t\tC:\\Windows\\System32\\conhost.exe\r\n\r\nAccess Request Information:\r\n\tAccesses:\t\tQuery key value\r\n\t\t\t\t\r\n\tAccess Mask:\t\t0x1","Category":"Registry","Opcode":"Info","SubjectDomainName":"THESHIRE","AccessMask":"0x1","SourceModuleName":"eventlog","EventReceivedTime":"2020-08-06 03:21:20","port":60122,"ProcessId":"0x1aac","ExecutionProcessID":4,"AccessList":"%%4432\r\n\t\t\t\t","ProcessName":"C:\\Windows\\System32\\conhost.exe","ObjectServer":"Security","ResourceAttributes":"-","host":"wec.internal.cloudapp.net","SubjectUserSid":"S-1-5-18","SubjectUserName":"MORDORDC$","HandleId":"0x74","Severity":"INFO","SeverityValue":2,"EventID":4663,"ProviderGuid":"{54849625-5478-4994-A5BA-3E3B0328C30D}","RecordNumber":325323,"SourceModuleType":"im_msvistalog","Keywords":-9214364837600034816,"tags":["mordorDataset"]}
{"@version":"1","EventType":"INFO","AccountType":"User","ThreadID":4208,"Channel":"Microsoft-Windows-Sysmon/Operational","OpcodeValue":0,"OriginalFileName":"userenv.dll","Hostname":"MORDORDC.theshire.local","@timestamp":"2020-08-06T07:21:20.340Z","ProcessId":"5328","Signed":"true","host":"wec.internal.cloudapp.net","SignatureStatus":"Valid","Severity":"INFO","SeverityValue":2,"Image":"C:\\Windows\\System32\\dsregcmd.exe","SourceModuleType":"im_msvistalog","FileVersion":"10.0.17763.831 (WinBuild.160101.0800)","Version":3,"Company":"Microsoft Corporation","EventTime":"2020-08-06 03:21:18","Task":7,"Signature":"Microsoft Windows","SourceName":"Microsoft-Windows-Sysmon","Message":"Image loaded:\r\nRuleName: -\r\nUtcTime: 2020-08-06 07:21:18.754\r\nProcessGuid: {9f85ce58-af6e-5f2b-1f04-000000000400}\r\nProcessId: 5328\r\nImage: C:\\Windows\\System32\\dsregcmd.exe\r\nImageLoaded: C:\\Windows\\System32\\userenv.dll\r\nFileVersion: 10.0.17763.831 (WinBuild.160101.0800)\r\nDescription: Userenv\r\nProduct: Microsoft® Windows® Operating System\r\nCompany: Microsoft Corporation\r\nOriginalFileName: userenv.dll\r\nHashes: SHA1=A8229CD81EE9B1E37E0A766AFD450D86EA43160A,MD5=7930A50C0833F22385DC31384B52F402,SHA256=2E04E58DE1EA2DFD14BE98466478EE8B738C6E202485FD02AC8D9A6C9DDE9CBB,IMPHASH=B791B67E566C7D7E041EC14ADDBE35BD\r\nSigned: true\r\nSignature: Microsoft Windows\r\nSignatureStatus: Valid","SourceModuleName":"eventlog","ImageLoaded":"C:\\Windows\\System32\\userenv.dll","EventReceivedTime":"2020-08-06 03:21:20","port":60122,"AccountName":"SYSTEM","UtcTime":"2020-08-06 07:21:18.754","Domain":"NT AUTHORITY","ExecutionProcessID":3888,"Hashes":"SHA1=A8229CD81EE9B1E37E0A766AFD450D86EA43160A,MD5=7930A50C0833F22385DC31384B52F402,SHA256=2E04E58DE1EA2DFD14BE98466478EE8B738C6E202485FD02AC8D9A6C9DDE9CBB,IMPHASH=B791B67E566C7D7E041EC14ADDBE35BD","Description":"Userenv","UserID":"S-1-5-18","EventID":7,"Product":"Microsoft® Windows® Operating System","ProviderGuid":"{5770385F-C22A-43E0-BF4C-06F5698FFBD9}","RecordNumber":280986,"Keywords":-9223372036854775808,"ProcessGuid":"{9f85ce58-af6e-5f2b-1f04-000000000400}","tags":["mordorDataset"],"RuleName":"-"}
{"SubjectLogonId":"0x3e7","@version":"1","EventType":"AUDIT_SUCCESS","Version":0,"ThreadID":6612,"EventTime":"2020-08-06 03:21:18","Task":12801,"Channel":"Security","SourceName":"Microsoft-Windows-Security-Auditing","OpcodeValue":0,"Hostname":"MORDORDC.theshire.local","@timestamp":"2020-08-06T07:21:20.340Z","Message":"The handle to an object was closed.\r\n\r\nSubject :\r\n\tSecurity ID:\t\tS-1-5-18\r\n\tAccount Name:\t\tMORDORDC$\r\n\tAccount Domain:\t\tTHESHIRE\r\n\tLogon ID:\t\t0x3E7\r\n\r\nObject:\r\n\tObject Server:\t\tSecurity\r\n\tHandle ID:\t\t0x74\r\n\r\nProcess Information:\r\n\tProcess ID:\t\t0x1aac\r\n\tProcess Name:\t\tC:\\Windows\\System32\\conhost.exe","Category":"Registry","Opcode":"Info","SubjectDomainName":"THESHIRE","SourceModuleName":"eventlog","ProcessId":"0x1aac","EventReceivedTime":"2020-08-06 03:21:20","port":60122,"ExecutionProcessID":4,"ProcessName":"C:\\Windows\\System32\\conhost.exe","ObjectServer":"Security","host":"wec.internal.cloudapp.net","SubjectUserSid":"S-1-5-18","SubjectUserName":"MORDORDC$","HandleId":"0x74","Severity":"INFO","SeverityValue":2,"EventID":4658,"ProviderGuid":"{54849625-5478-4994-A5BA-3E3B0328C30D}","RecordNumber":325324,"SourceModuleType":"im_msvistalog","Keywords":-9214364837600034816,"tags":["mordorDataset"]}
