{"@version":"1","EventType":"INFO","AccountType":"User","ThreadID":4496,"Channel":"Microsoft-Windows-Sysmon/Operational","OpcodeValue":0,"OriginalFileName":"TiWorker.exe","Hostname":"WORKSTATION6.theshire.local","@timestamp":"2020-08-06T07:21:17.288Z","ProcessId":"2568","Signed":"true","host":"wec.internal.cloudapp.net","SignatureStatus":"Valid","Severity":"INFO","SeverityValue":2,"Image":"C:\\Windows\\WinSxS\\amd64_microsoft-windows-servicingstack_31bf3856ad364e35_10.0.18362.957_none_5f2e9e6258ea82f2\\TiWorker.exe","SourceModuleType":"im_msvistalog","FileVersion":"10.0.18362.957 (WinBuild.160101.0800)","Version":3,"Company":"Microsoft Corporation","EventTime":"2020-08-06 03:21:16","Task":7,"Signature":"Microsoft Windows","SourceName":"Microsoft-Windows-Sysmon","Message":"Image loaded:\r\nRuleName: -\r\nUtcTime: 2020-08-06 07:21:16.434\r\nProcessGuid: {49a15388-af6c-5f2b-5f04-000000000400}\r\nProcessId: 2568\r\nImage: C:\\Windows\\WinSxS\\amd64_microsoft-windows-servicingstack_31bf3856ad364e35_10.0.18362.957_none_5f2e9e6258ea82f2\\TiWorker.exe\r\nImageLoaded: C:\\Windows\\WinSxS\\amd64_microsoft-windows-servicingstack_31bf3856ad364e35_10.0.18362.957_none_5f2e9e6258ea82f2\\TiWorker.exe\r\nFileVersion: 10.0.18362.957 (WinBuild.160101.0800)\r\nDescription: Windows Modules Installer Worker\r\nProduct: Microsoft® Windows® Operating System\r\nCompany: Microsoft Corporation\r\nOriginalFileName: TiWorker.exe\r\nHashes: SHA1=D0F646E41B22F769B09E3389CF1B88D7EB316FC0,MD5=C297EBE005FD0942CF7CCAE2420C5387,SHA256=C65EA7B7ABDB8A8358624E3CB620F44D66F0C04B1B2861FCE282F3D05F4E45E5,IMPHASH=5C119443B09CF04CA999CBD8CA2382AC\r\nSigned: true\r\nSignature: Microsoft Windows\r\nSignatureStatus: Valid","SourceModuleName":"eventlog","ImageLoaded":"C:\\Windows\\WinSxS\\amd64_microsoft-windows-servicingstack_31bf3856ad364e35_10.0.18362.957_none_5f2e9e6258ea82f2\\TiWorker.exe","EventReceivedTime":"2020-08-06 03:21:17","port":60122,"AccountName":"SYSTEM","UtcTime":"2020-08-06 07:21:16.434","Domain":"NT AUTHORITY","ExecutionProcessID":3432,"Hashes":"SHA1=D0F646E41B22F769B09E3389CF1B88D7EB316FC0,MD5=C297EBE005FD0942CF7CCAE2420C5387,SHA256=C65EA7B7ABDB8A8358624E3CB620F44D66F0C04B1B2861FCE282F3D05F4E45E5,IMPHASH=5C119443B09CF04CA999CBD8CA2382AC","Description":"Windows Modules Installer Worker","UserID":"S-1-5-18","EventID":7,"Product":"Microsoft® Windows® Operating System","ProviderGuid":"{5770385F-C22A-43E0-BF4C-06F5698FFBD9}","RecordNumber":322401,"Keywords":-9223372036854775808,"ProcessGuid":"{49a15388-af6c-5f2b-5f04-000000000400}","tags":["mordorDataset"],"RuleName":"-"}
{"@version":"1","EventType":"INFO","AccountType":"User","ThreadID":4496,"Channel":"Microsoft-Windows-Sysmon/Operational","OpcodeValue":0,"OriginalFileName":"ntdll.dll","Hostname":"WORKSTATION6.theshire.local","@timestamp":"2020-08-06T07:21:17.288Z","ProcessId":"2568","Signed":"true","host":"wec.internal.cloudapp.net","SignatureStatus":"Valid","Severity":"INFO","SeverityValue":2,"Image":"C:\\Windows\\WinSxS\\amd64_microsoft-windows-servicingstack_31bf3856ad364e35_10.0.18362.957_none_5f2e9e6258ea82f2\\TiWorker.exe","SourceModuleType":"im_msvistalog","FileVersion":"10.0.18362.815 (WinBuild.160101.0800)","Version":3,"Company":"Microsoft Corporation","EventTime":"2020-08-06 03:21:16","Task":7,"Signature":"Microsoft Windows","SourceName":"Microsoft-Windows-Sysmon","Message":"Image loaded:\r\nRuleName: -\r\nUtcTime: 2020-08-06 07:21:16.434\r\nProcessGuid: {49a15388-af6c-5f2b-5f04-000000000400}\r\nProcessId: 2568\r\nImage: C:\\Windows\\WinSxS\\amd64_microsoft-windows-servicingstack_31bf3856ad364e35_10.0.18362.957_none_5f2e9e6258ea82f2\\TiWorker.exe\r\nImageLoaded: C:\\Windows\\System32\\ntdll.dll\r\nFileVersion: 10.0.18362.815 (WinBuild.160101.0800)\r\nDescription: NT Layer DLL\r\nProduct: Microsoft® Windows® Operating System\r\nCompany: Microsoft Corporation\r\nOriginalFileName: ntdll.dll\r\nHashes: SHA1=DA6F07ACD354EBADE6A2BF11BD07636743E5D533,MD5=EFEB7F6C44B3EF7F5ADAAD87D52BBBF4,SHA256=BD6F1360F1C3BBD80117CF17E5FB0B5FE48141E1DEEA217D406CB4DB31B45EEB,IMPHASH=00000000000000000000000000000000\r\nSigned: true\r\nSignature: Microsoft Windows\r\nSignatureStatus: Valid","SourceModuleName":"eventlog","ImageLoaded":"C:\\Windows\\System32\\ntdll.dll","EventReceivedTime":"2020-08-06 03:21:17","port":60122,"AccountName":"SYSTEM","UtcTime":"2020-08-06 07:21:16.434","Domain":"NT AUTHORITY","ExecutionProcessID":3432,"Hashes":"SHA1=DA6F07ACD354EBADE6A2BF11BD07636743E5D533,MD5=EFEB7F6C44B3EF7F5ADAAD87D52BBBF4,SHA256=BD6F1360F1C3BBD80117CF17E5FB0B5FE48141E1DEEA217D406CB4DB31B45EEB,IMPHASH=00000000000000000000000000000000","Description":"NT Layer DLL","UserID":"S-1-5-18","EventID":7,"Product":"Microsoft® Windows® Operating System","ProviderGuid":"{5770385F-C22A-43E0-BF4C-06F5698FFBD9}","RecordNumber":322402,"Keywords":-9223372036854775808,"ProcessGuid":"{49a15388-af6c-5f2b-5f04-000000000400}","tags":["mordorDataset"],"RuleName":"-"}
{"@version":"1","EventType":"INFO","AccountType":"User","ThreadID":4496,"Channel":"Microsoft-Windows-Sysmon/Operational","OpcodeValue":0,"OriginalFileName":"kernel32","Hostname":"WORKSTATION6.theshire.local","@timestamp":"2020-08-06T07:21:17.289Z","ProcessId":"2568","Signed":"true","host":"wec.internal.cloudapp.net","SignatureStatus":"Valid","Severity":"INFO","SeverityValue":2,"Image":"C:\\Windows\\WinSxS\\amd64_microsoft-windows-servicingstack_31bf3856ad364e35_10.0.18362.957_none_5f2e9e6258ea82f2\\TiWorker.exe","SourceModuleType":"im_msvistalog","FileVersion":"10.0.18362.959 (WinBuild.160101.0800)","Version":3,"Company":"Microsoft Corporation","EventTime":"2020-08-06 03:21:16","Task":7,"Signature":"Microsoft Windows","SourceName":"Microsoft-Windows-Sysmon","Message":"Image loaded:\r\nRuleName: -\r\nUtcTime: 2020-08-06 07:21:16.434\r\nProcessGuid: {49a15388-af6c-5f2b-5f04-000000000400}\r\nProcessId: 2568\r\nImage: C:\\Windows\\WinSxS\\amd64_microsoft-windows-servicingstack_31bf3856ad364e35_10.0.18362.957_none_5f2e9e6258ea82f2\\TiWorker.exe\r\nImageLoaded: C:\\Windows\\System32\\kernel32.dll\r\nFileVersion: 10.0.18362.959 (WinBuild.160101.0800)\r\nDescription: Windows NT BASE API Client DLL\r\nProduct: Microsoft® Windows® Operating System\r\nCompany: Microsoft Corporation\r\nOriginalFileName: kernel32\r\nHashes: SHA1=861B3BED1C7A310693C4DBE6B83D2241799B8ADF,MD5=30FB387E4FE35F85A609C916A828632C,SHA256=A3A98D05125F1BABF3D9F2D2C50A4D2EF5FE240BE97BD8E0B285F3BDCAE6E79F,IMPHASH=F9F97E60CFCD78BE051D9570C88FFB6F\r\nSigned: true\r\nSignature: Microsoft Windows\r\nSignatureStatus: Valid","SourceModuleName":"eventlog","ImageLoaded":"C:\\Windows\\System32\\kernel32.dll","EventReceivedTime":"2020-08-06 03:21:17","port":60122,"AccountName":"SYSTEM","UtcTime":"2020-08-06 07:21:16.434","Domain":"NT AUTHORITY","ExecutionProcessID":3432,"Hashes":"SHA1=861B3BED1C7A310693C4DBE6B83D2241799B8ADF,MD5=30FB387E4FE35F85A609C916A828632C,SHA256=A3A98D05125F1BABF3D9F2D2C50A4D2EF5FE240BE97BD8E0B285F3BDCAE6E79F,IMPHASH=F9F97E60CFCD78BE051D9570C88FFB6F","Description":"Windows NT BASE API Client DLL","UserID":"S-1-5-18","EventID":7,"Product":"Microsoft® Windows® Operating System","ProviderGuid":"{5770385F-C22A-43E0-BF4C-06F5698FFBD9}","RecordNumber":322403,"Keywords":-9223372036854775808,"ProcessGuid":"{49a15388-af6c-5f2b-5f04-000000000400}","tags":["mordorDataset"],"RuleName":"-"}
{"@version":"1","EventType":"INFO","AccountType":"User","ThreadID":4496,"Channel":"Microsoft-Windows-Sysmon/Operational","OpcodeValue":0,"OriginalFileName":"Kernelbase.dll","Hostname":"WORKSTATION6.theshire.local","@timestamp":"2020-08-06T07:21:17.289Z","ProcessId":"2568","Signed":"true","host":"wec.internal.cloudapp.net","SignatureStatus":"Valid","Severity":"INFO","SeverityValue":2,"Image":"C:\\Windows\\WinSxS\\amd64_microsoft-windows-servicingstack_31bf3856ad364e35_10.0.18362.957_none_5f2e9e6258ea82f2\\TiWorker.exe","SourceModuleType":"im_msvistalog","FileVersion":"10.0.18362.959 (WinBuild.160101.0800)","Version":3,"Company":"Microsoft Corporation","EventTime":"2020-08-06 03:21:16","Task":7,"Signature":"Microsoft Windows","SourceName":"Microsoft-Windows-Sysmon","Message":"Image loaded:\r\nRuleName: -\r\nUtcTime: 2020-08-06 07:21:16.434\r\nProcessGuid: {49a15388-af6c-5f2b-5f04-000000000400}\r\nProcessId: 2568\r\nImage: C:\\Windows\\WinSxS\\amd64_microsoft-windows-servicingstack_31bf3856ad364e35_10.0.18362.957_none_5f2e9e6258ea82f2\\TiWorker.exe\r\nImageLoaded: C:\\Windows\\System32\\KernelBase.dll\r\nFileVersion: 10.0.18362.959 (WinBuild.160101.0800)\r\nDescription: Windows NT BASE API Client DLL\r\nProduct: Microsoft® Windows® Operating System\r\nCompany: Microsoft Corporation\r\nOriginalFileName: Kernelbase.dll\r\nHashes: SHA1=7EB3D299175654830C4EA067287E1DB6AE2910FE,MD5=DCF8378DFF8EE1AE20149C9FD3E8F272,SHA256=9C495442B2F0BE678EB4F28A04290B2CEB11197B46B7332F957BCC8D6FD7AEF1,IMPHASH=EE04B80B0375B4716981CFBD3F0E9003\r\nSigned: true\r\nSignature: Microsoft Windows\r\nSignatureStatus: Valid","SourceModuleName":"eventlog","ImageLoaded":"C:\\Windows\\System32\\KernelBase.dll","EventReceivedTime":"2020-08-06 03:21:17","port":60122,"AccountName":"SYSTEM","UtcTime":"2020-08-06 07:21:16.434","Domain":"NT AUTHORITY","ExecutionProcessID":3432,"Hashes":"SHA1=7EB3D299175654830C4EA067287E1DB6AE2910FE,MD5=DCF8378DFF8EE1AE20149C9FD3E8F272,SHA256=9C495442B2F0BE678EB4F28A04290B2CEB11197B46B7332F957BCC8D6FD7AEF1,IMPHASH=EE04B80B0375B4716981CFBD3F0E9003","Description":"Windows NT BASE API Client DLL","UserID":"S-1-5-18","EventID":7,"Product":"Microsoft® Windows® Operating System","ProviderGuid":"{5770385F-C22A-43E0-BF4C-06F5698FFBD9}","RecordNumber":322404,"Keywords":-9223372036854775808,"ProcessGuid":"{49a15388-af6c-5f2b-5f04-000000000400}","tags":["mordorDataset"],"RuleName":"-"}
{"@version":"1","EventType":"INFO","AccountType":"User","ThreadID":4496,"Channel":"Microsoft-Windows-Sysmon/Operational","OpcodeValue":0,"OriginalFileName":"ucrtbase.dll","Hostname":"WORKSTATION6.theshire.local","@timestamp":"2020-08-06T07:21:17.290Z","ProcessId":"2568","Signed":"true","host":"wec.internal.cloudapp.net","SignatureStatus":"Valid","Severity":"INFO","SeverityValue":2,"Image":"C:\\Windows\\WinSxS\\amd64_microsoft-windows-servicingstack_31bf3856ad364e35_10.0.18362.957_none_5f2e9e6258ea82f2\\TiWorker.exe","SourceModuleType":"im_msvistalog","FileVersion":"10.0.18362.815 (WinBuild.160101.0800)","Version":3,"Company":"Microsoft Corporation","EventTime":"2020-08-06 03:21:16","Task":7,"Signature":"Microsoft Windows","SourceName":"Microsoft-Windows-Sysmon","Message":"Image loaded:\r\nRuleName: -\r\nUtcTime: 2020-08-06 07:21:16.434\r\nProcessGuid: {49a15388-af6c-5f2b-5f04-000000000400}\r\nProcessId: 2568\r\nImage: C:\\Windows\\WinSxS\\amd64_microsoft-windows-servicingstack_31bf3856ad364e35_10.0.18362.957_none_5f2e9e6258ea82f2\\TiWorker.exe\r\nImageLoaded: C:\\Windows\\System32\\ucrtbase.dll\r\nFileVersion: 10.0.18362.815 (WinBuild.160101.0800)\r\nDescription: Microsoft® C Runtime Library\r\nProduct: Microsoft® Windows® Operating System\r\nCompany: Microsoft Corporation\r\nOriginalFileName: ucrtbase.dll\r\nHashes: SHA1=53F8B431D10FDB2C001D58120280A417B01073BE,MD5=F0DA14E390F0CCB58EAAD34D9B309E4B,SHA256=7EE229626B22799FAA28CD7C22D4FF2AD0603C17E5F5EE9086FA7CF6483331FB,IMPHASH=5AE9A136FAFA10321F3D48251BF4F6A1\r\nSigned: true\r\nSignature: Microsoft Windows\r\nSignatureStatus: Valid","SourceModuleName":"eventlog","ImageLoaded":"C:\\Windows\\System32\\ucrtbase.dll","EventReceivedTime":"2020-08-06 03:21:17","port":60122,"AccountName":"SYSTEM","UtcTime":"2020-08-06 07:21:16.434","Domain":"NT AUTHORITY","ExecutionProcessID":3432,"Hashes":"SHA1=53F8B431D10FDB2C001D58120280A417B01073BE,MD5=F0DA14E390F0CCB58EAAD34D9B309E4B,SHA256=7EE229626B22799FAA28CD7C22D4FF2AD0603C17E5F5EE9086FA7CF6483331FB,IMPHASH=5AE9A136FAFA10321F3D48251BF4F6A1","Description":"Microsoft® C Runtime Library","UserID":"S-1-5-18","EventID":7,"Product":"Microsoft® Windows® Operating System","ProviderGuid":"{5770385F-C22A-43E0-BF4C-06F5698FFBD9}","RecordNumber":322405,"Keywords":-9223372036854775808,"ProcessGuid":"{49a15388-af6c-5f2b-5f04-000000000400}","tags":["mordorDataset"],"RuleName":"-"}
{"@version":"1","EventType":"INFO","AccountType":"User","ThreadID":4496,"Channel":"Microsoft-Windows-Sysmon/Operational","OpcodeValue":0,"OriginalFileName":"COMBASE.DLL","Hostname":"WORKSTATION6.theshire.local","@timestamp":"2020-08-06T07:21:17.290Z","ProcessId":"2568","Signed":"true","host":"wec.internal.cloudapp.net","SignatureStatus":"Valid","Severity":"INFO","SeverityValue":2,"Image":"C:\\Windows\\WinSxS\\amd64_microsoft-windows-servicingstack_31bf3856ad364e35_10.0.18362.957_none_5f2e9e6258ea82f2\\TiWorker.exe","SourceModuleType":"im_msvistalog","FileVersion":"10.0.18362.900 (WinBuild.160101.0800)","Version":3,"Company":"Microsoft Corporation","EventTime":"2020-08-06 03:21:16","Task":7,"Signature":"Microsoft Windows","SourceName":"Microsoft-Windows-Sysmon","Message":"Image loaded:\r\nRuleName: -\r\nUtcTime: 2020-08-06 07:21:16.434\r\nProcessGuid: {49a15388-af6c-5f2b-5f04-000000000400}\r\nProcessId: 2568\r\nImage: C:\\Windows\\WinSxS\\amd64_microsoft-windows-servicingstack_31bf3856ad364e35_10.0.18362.957_none_5f2e9e6258ea82f2\\TiWorker.exe\r\nImageLoaded: C:\\Windows\\System32\\combase.dll\r\nFileVersion: 10.0.18362.900 (WinBuild.160101.0800)\r\nDescription: Microsoft COM for Windows\r\nProduct: Microsoft® Windows® Operating System\r\nCompany: Microsoft Corporation\r\nOriginalFileName: COMBASE.DLL\r\nHashes: SHA1=ED26F4A1062B1312B43C1FF45AE98F37EBD50CEC,MD5=B884EC8D2915A40264689EDEB7F970AA,SHA256=C39024553D50B6F901481CF4C7D4609A616A2F6A3E60450F36FE231EFA1C7B32,IMPHASH=D1A511866766E387FD0DAF3ACBB54B12\r\nSigned: true\r\nSignature: Microsoft Windows\r\nSignatureStatus: Valid","SourceModuleName":"eventlog","ImageLoaded":"C:\\Windows\\System32\\combase.dll","EventReceivedTime":"2020-08-06 03:21:17","port":60122,"AccountName":"SYSTEM","UtcTime":"2020-08-06 07:21:16.434","Domain":"NT AUTHORITY","ExecutionProcessID":3432,"Hashes":"SHA1=ED26F4A1062B1312B43C1FF45AE98F37EBD50CEC,MD5=B884EC8D2915A40264689EDEB7F970AA,SHA256=C39024553D50B6F901481CF4C7D4609A616A2F6A3E60450F36FE231EFA1C7B32,IMPHASH=D1A511866766E387FD0DAF3ACBB54B12","Description":"Microsoft COM for Windows","UserID":"S-1-5-18","EventID":7,"Product":"Microsoft® Windows® Operating System","ProviderGuid":"{5770385F-C22A-43E0-BF4C-06F5698FFBD9}","RecordNumber":322406,"Keywords":-9223372036854775808,"ProcessGuid":"{49a15388-af6c-5f2b-5f04-000000000400}","tags":["mordorDataset"],"RuleName":"-"}
{"@version":"1","EventType":"INFO","AccountType":"User","ThreadID":4496,"Channel":"Microsoft-Windows-Sysmon/Operational","OpcodeValue":0,"OriginalFileName":"rpcrt4.dll","Hostname":"WORKSTATION6.theshire.local","@timestamp":"2020-08-06T07:21:17.290Z","ProcessId":"2568","Signed":"true","host":"wec.internal.cloudapp.net","SignatureStatus":"Valid","Severity":"INFO","SeverityValue":2,"Image":"C:\\Windows\\WinSxS\\amd64_microsoft-windows-servicingstack_31bf3856ad364e35_10.0.18362.957_none_5f2e9e6258ea82f2\\TiWorker.exe","SourceModuleType":"im_msvistalog","FileVersion":"10.0.18362.628 (WinBuild.160101.0800)","Version":3,"Company":"Microsoft Corporation","EventTime":"2020-08-06 03:21:16","Task":7,"Signature":"Microsoft Windows","SourceName":"Microsoft-Windows-Sysmon","Message":"Image loaded:\r\nRuleName: -\r\nUtcTime: 2020-08-06 07:21:16.434\r\nProcessGuid: {49a15388-af6c-5f2b-5f04-000000000400}\r\nProcessId: 2568\r\nImage: C:\\Windows\\WinSxS\\amd64_microsoft-windows-servicingstack_31bf3856ad364e35_10.0.18362.957_none_5f2e9e6258ea82f2\\TiWorker.exe\r\nImageLoaded: C:\\Windows\\System32\\rpcrt4.dll\r\nFileVersion: 10.0.18362.628 (WinBuild.160101.0800)\r\nDescription: Remote Procedure Call Runtime\r\nProduct: Microsoft® Windows® Operating System\r\nCompany: Microsoft Corporation\r\nOriginalFileName: rpcrt4.dll\r\nHashes: SHA1=D2AD4D4A061147CA2102FD1198A1AB5E81089687,MD5=8282B62C9241DAD339EDCFEDB59A0B83,SHA256=775FAEA773B0A023C724A93A3692CE5A237DC8B4B7C5A93C95412A4493CAFAA0,IMPHASH=88E7E7C7FA90052EC162DD37F2B7C7BD\r\nSigned: true\r\nSignature: Microsoft Windows\r\nSignatureStatus: Valid","SourceModuleName":"eventlog","ImageLoaded":"C:\\Windows\\System32\\rpcrt4.dll","EventReceivedTime":"2020-08-06 03:21:17","port":60122,"AccountName":"SYSTEM","UtcTime":"2020-08-06 07:21:16.434","Domain":"NT AUTHORITY","ExecutionProcessID":3432,"Hashes":"SHA1=D2AD4D4A061147CA2102FD1198A1AB5E81089687,MD5=8282B62C9241DAD339EDCFEDB59A0B83,SHA256=775FAEA773B0A023C724A93A3692CE5A237DC8B4B7C5A93C95412A4493CAFAA0,IMPHASH=88E7E7C7FA90052EC162DD37F2B7C7BD","Description":"Remote Procedure Call Runtime","UserID":"S-1-5-18","EventID":7,"Product":"Microsoft® Windows® Operating System","ProviderGuid":"{5770385F-C22A-43E0-BF4C-06F5698FFBD9}","RecordNumber":322407,"Keywords":-9223372036854775808,"ProcessGuid":"{49a15388-af6c-5f2b-5f04-000000000400}","tags":["mordorDataset"],"RuleName":"-"}
{"@version":"1","EventType":"INFO","AccountType":"User","ThreadID":4496,"Channel":"Microsoft-Windows-Sysmon/Operational","OpcodeValue":0,"OriginalFileName":"bcryptprimitives.dll","Hostname":"WORKSTATION6.theshire.local","@timestamp":"2020-08-06T07:21:17.291Z","ProcessId":"2568","Signed":"true","host":"wec.internal.cloudapp.net","SignatureStatus":"Valid","Severity":"INFO","SeverityValue":2,"Image":"C:\\Windows\\WinSxS\\amd64_microsoft-windows-servicingstack_31bf3856ad364e35_10.0.18362.957_none_5f2e9e6258ea82f2\\TiWorker.exe","SourceModuleType":"im_msvistalog","FileVersion":"10.0.18362.836 (WinBuild.160101.0800)","Version":3,"Company":"Microsoft Corporation","EventTime":"2020-08-06 03:21:16","Task":7,"Signature":"Microsoft Windows","SourceName":"Microsoft-Windows-Sysmon","Message":"Image loaded:\r\nRuleName: -\r\nUtcTime: 2020-08-06 07:21:16.434\r\nProcessGuid: {49a15388-af6c-5f2b-5f04-000000000400}\r\nProcessId: 2568\r\nImage: C:\\Windows\\WinSxS\\amd64_microsoft-windows-servicingstack_31bf3856ad364e35_10.0.18362.957_none_5f2e9e6258ea82f2\\TiWorker.exe\r\nImageLoaded: C:\\Windows\\System32\\bcryptprimitives.dll\r\nFileVersion: 10.0.18362.836 (WinBuild.160101.0800)\r\nDescription: Windows Cryptographic Primitives Library\r\nProduct: Microsoft® Windows® Operating System\r\nCompany: Microsoft Corporation\r\nOriginalFileName: bcryptprimitives.dll\r\nHashes: SHA1=B4222C8DC3274CFC3FE54F322D827B2F01FFF036,MD5=EF2BBEAFF07D32A2EC77FB4602FA9664,SHA256=6B47F3E88CDEDF8F31F91940E38A4544818C79D153323262F9F46B21F41D262C,IMPHASH=402DA460E2AC467F4489C588A9941032\r\nSigned: true\r\nSignature: Microsoft Windows\r\nSignatureStatus: Valid","SourceModuleName":"eventlog","ImageLoaded":"C:\\Windows\\System32\\bcryptprimitives.dll","EventReceivedTime":"2020-08-06 03:21:17","port":60122,"AccountName":"SYSTEM","UtcTime":"2020-08-06 07:21:16.434","Domain":"NT AUTHORITY","ExecutionProcessID":3432,"Hashes":"SHA1=B4222C8DC3274CFC3FE54F322D827B2F01FFF036,MD5=EF2BBEAFF07D32A2EC77FB4602FA9664,SHA256=6B47F3E88CDEDF8F31F91940E38A4544818C79D153323262F9F46B21F41D262C,IMPHASH=402DA460E2AC467F4489C588A9941032","Description":"Windows Cryptographic Primitives Library","UserID":"S-1-5-18","EventID":7,"Product":"Microsoft® Windows® Operating System","ProviderGuid":"{5770385F-C22A-43E0-BF4C-06F5698FFBD9}","RecordNumber":322408,"Keywords":-9223372036854775808,"ProcessGuid":"{49a15388-af6c-5f2b-5f04-000000000400}","tags":["mordorDataset"],"RuleName":"-"}
{"@version":"1","EventType":"INFO","AccountType":"User","ThreadID":4496,"Channel":"Microsoft-Windows-Sysmon/Operational","OpcodeValue":0,"OriginalFileName":"sechost.dll","Hostname":"WORKSTATION6.theshire.local","@timestamp":"2020-08-06T07:21:17.292Z","ProcessId":"2568","Signed":"true","host":"wec.internal.cloudapp.net","SignatureStatus":"Valid","Severity":"INFO","SeverityValue":2,"Image":"C:\\Windows\\WinSxS\\amd64_microsoft-windows-servicingstack_31bf3856ad364e35_10.0.18362.957_none_5f2e9e6258ea82f2\\TiWorker.exe","SourceModuleType":"im_msvistalog","FileVersion":"10.0.18362.959 (WinBuild.160101.0800)","Version":3,"Company":"Microsoft Corporation","EventTime":"2020-08-06 03:21:16","Task":7,"Signature":"Microsoft Windows","SourceName":"Microsoft-Windows-Sysmon","Message":"Image loaded:\r\nRuleName: -\r\nUtcTime: 2020-08-06 07:21:16.434\r\nProcessGuid: {49a15388-af6c-5f2b-5f04-000000000400}\r\nProcessId: 2568\r\nImage: C:\\Windows\\WinSxS\\amd64_microsoft-windows-servicingstack_31bf3856ad364e35_10.0.18362.957_none_5f2e9e6258ea82f2\\TiWorker.exe\r\nImageLoaded: C:\\Windows\\System32\\sechost.dll\r\nFileVersion: 10.0.18362.959 (WinBuild.160101.0800)\r\nDescription: Host for SCM/SDDL/LSA Lookup APIs\r\nProduct: Microsoft® Windows® Operating System\r\nCompany: Microsoft Corporation\r\nOriginalFileName: sechost.dll\r\nHashes: SHA1=A330EDE32DFA03AE6808EE7FB6916D8DEB8F5DDE,MD5=A094E2B38D3DD864B07580D243CB6E43,SHA256=C441E19D20961D4E990E117A300ED318BEDBF2F8BA0FF07BEE7832AC502CDDF2,IMPHASH=CE4BD072766253F6A267D0284CA82002\r\nSigned: true\r\nSignature: Microsoft Windows\r\nSignatureStatus: Valid","SourceModuleName":"eventlog","ImageLoaded":"C:\\Windows\\System32\\sechost.dll","EventReceivedTime":"2020-08-06 03:21:17","port":60122,"AccountName":"SYSTEM","UtcTime":"2020-08-06 07:21:16.434","Domain":"NT AUTHORITY","ExecutionProcessID":3432,"Hashes":"SHA1=A330EDE32DFA03AE6808EE7FB6916D8DEB8F5DDE,MD5=A094E2B38D3DD864B07580D243CB6E43,SHA256=C441E19D20961D4E990E117A300ED318BEDBF2F8BA0FF07BEE7832AC502CDDF2,IMPHASH=CE4BD072766253F6A267D0284CA82002","Description":"Host for SCM/SDDL/LSA Lookup APIs","UserID":"S-1-5-18","EventID":7,"Product":"Microsoft® Windows® Operating System","ProviderGuid":"{5770385F-C22A-43E0-BF4C-06F5698FFBD9}","RecordNumber":322409,"Keywords":-9223372036854775808,"ProcessGuid":"{49a15388-af6c-5f2b-5f04-000000000400}","tags":["mordorDataset"],"RuleName":"-"}
{"@version":"1","EventType":"INFO","AccountType":"User","ThreadID":4496,"Channel":"Microsoft-Windows-Sysmon/Operational","OpcodeValue":0,"OriginalFileName":"WDSCORE.DLL","Hostname":"WORKSTATION6.theshire.local","@timestamp":"2020-08-06T07:21:17.292Z","ProcessId":"2568","Signed":"true","host":"wec.internal.cloudapp.net","SignatureStatus":"Valid","Severity":"INFO","SeverityValue":2,"Image":"C:\\Windows\\WinSxS\\amd64_microsoft-windows-servicingstack_31bf3856ad364e35_10.0.18362.957_none_5f2e9e6258ea82f2\\TiWorker.exe","SourceModuleType":"im_msvistalog","FileVersion":"10.0.18362.957 (WinBuild.160101.0800)","Version":3,"Company":"Microsoft Corporation","EventTime":"2020-08-06 03:21:16","Task":7,"Signature":"Microsoft Windows","SourceName":"Microsoft-Windows-Sysmon","Message":"Image loaded:\r\nRuleName: -\r\nUtcTime: 2020-08-06 07:21:16.434\r\nProcessGuid: {49a15388-af6c-5f2b-5f04-000000000400}\r\nProcessId: 2568\r\nImage: C:\\Windows\\WinSxS\\amd64_microsoft-windows-servicingstack_31bf3856ad364e35_10.0.18362.957_none_5f2e9e6258ea82f2\\TiWorker.exe\r\nImageLoaded: C:\\Windows\\WinSxS\\amd64_microsoft-windows-servicingstack_31bf3856ad364e35_10.0.18362.957_none_5f2e9e6258ea82f2\\wdscore.dll\r\nFileVersion: 10.0.18362.957 (WinBuild.160101.0800)\r\nDescription: Panther Engine Module\r\nProduct: Microsoft® Windows® Operating System\r\nCompany: Microsoft Corporation\r\nOriginalFileName: WDSCORE.DLL\r\nHashes: SHA1=A78E761BCB071FF55C0081CE9A7123157C31B8F6,MD5=4AD771D6E8E4E2768254FA3FE7734D05,SHA256=06D28895A062784C832C3B77FA0921797AFDFEE18F5486B3E739B8B0CE68C623,IMPHASH=949BE2C2C59476DD434581E436147EBC\r\nSigned: true\r\nSignature: Microsoft Windows\r\nSignatureStatus: Valid","SourceModuleName":"eventlog","ImageLoaded":"C:\\Windows\\WinSxS\\amd64_microsoft-windows-servicingstack_31bf3856ad364e35_10.0.18362.957_none_5f2e9e6258ea82f2\\wdscore.dll","EventReceivedTime":"2020-08-06 03:21:17","port":60122,"AccountName":"SYSTEM","UtcTime":"2020-08-06 07:21:16.434","Domain":"NT AUTHORITY","ExecutionProcessID":3432,"Hashes":"SHA1=A78E761BCB071FF55C0081CE9A7123157C31B8F6,MD5=4AD771D6E8E4E2768254FA3FE7734D05,SHA256=06D28895A062784C832C3B77FA0921797AFDFEE18F5486B3E739B8B0CE68C623,IMPHASH=949BE2C2C59476DD434581E436147EBC","Description":"Panther Engine Module","UserID":"S-1-5-18","EventID":7,"Product":"Microsoft® Windows® Operating System","ProviderGuid":"{5770385F-C22A-43E0-BF4C-06F5698FFBD9}","RecordNumber":322410,"Keywords":-9223372036854775808,"ProcessGuid":"{49a15388-af6c-5f2b-5f04-000000000400}","tags":["mordorDataset"],"RuleName":"-"}
{"@version":"1","EventType":"INFO","AccountType":"User","ThreadID":4496,"Channel":"Microsoft-Windows-Sysmon/Operational","OpcodeValue":0,"OriginalFileName":"msvcrt.dll","Hostname":"WORKSTATION6.theshire.local","@timestamp":"2020-08-06T07:21:17.292Z","ProcessId":"2568","Signed":"true","host":"wec.internal.cloudapp.net","SignatureStatus":"Valid","Severity":"INFO","SeverityValue":2,"Image":"C:\\Windows\\WinSxS\\amd64_microsoft-windows-servicingstack_31bf3856ad364e35_10.0.18362.957_none_5f2e9e6258ea82f2\\TiWorker.exe","SourceModuleType":"im_msvistalog","FileVersion":"7.0.18362.1 (WinBuild.160101.0800)","Version":3,"Company":"Microsoft Corporation","EventTime":"2020-08-06 03:21:16","Task":7,"Signature":"Microsoft Windows","SourceName":"Microsoft-Windows-Sysmon","Message":"Image loaded:\r\nRuleName: -\r\nUtcTime: 2020-08-06 07:21:16.434\r\nProcessGuid: {49a15388-af6c-5f2b-5f04-000000000400}\r\nProcessId: 2568\r\nImage: C:\\Windows\\WinSxS\\amd64_microsoft-windows-servicingstack_31bf3856ad364e35_10.0.18362.957_none_5f2e9e6258ea82f2\\TiWorker.exe\r\nImageLoaded: C:\\Windows\\System32\\msvcrt.dll\r\nFileVersion: 7.0.18362.1 (WinBuild.160101.0800)\r\nDescription: Windows NT CRT DLL\r\nProduct: Microsoft® Windows® Operating System\r\nCompany: Microsoft Corporation\r\nOriginalFileName: msvcrt.dll\r\nHashes: SHA1=0EA4B3CFB14E49CEC0D42FF0F1FA989E69647A8F,MD5=36354D9B5B0A58A4B9A19103852C00A2,SHA256=E5A863D3F4BFEFED7D73A7B1499F81B7235BC9AE3C108065041BCB8E5446B1BB,IMPHASH=1273683626EBBA703979F188A1E64237\r\nSigned: true\r\nSignature: Microsoft Windows\r\nSignatureStatus: Valid","SourceModuleName":"eventlog","ImageLoaded":"C:\\Windows\\System32\\msvcrt.dll","EventReceivedTime":"2020-08-06 03:21:17","port":60122,"AccountName":"SYSTEM","UtcTime":"2020-08-06 07:21:16.434","Domain":"NT AUTHORITY","ExecutionProcessID":3432,"Hashes":"SHA1=0EA4B3CFB14E49CEC0D42FF0F1FA989E69647A8F,MD5=36354D9B5B0A58A4B9A19103852C00A2,SHA256=E5A863D3F4BFEFED7D73A7B1499F81B7235BC9AE3C108065041BCB8E5446B1BB,IMPHASH=1273683626EBBA703979F188A1E64237","Description":"Windows NT CRT DLL","UserID":"S-1-5-18","EventID":7,"Product":"Microsoft® Windows® Operating System","ProviderGuid":"{5770385F-C22A-43E0-BF4C-06F5698FFBD9}","RecordNumber":322411,"Keywords":-9223372036854775808,"ProcessGuid":"{49a15388-af6c-5f2b-5f04-000000000400}","tags":["mordorDataset"],"RuleName":"-"}
{"@version":"1","EventType":"INFO","AccountType":"User","ThreadID":4496,"Channel":"Microsoft-Windows-Sysmon/Operational","OpcodeValue":0,"OriginalFileName":"OLEAUT32.DLL","Hostname":"WORKSTATION6.theshire.local","@timestamp":"2020-08-06T07:21:17.294Z","ProcessId":"2568","Signed":"true","host":"wec.internal.cloudapp.net","SignatureStatus":"Valid","Severity":"INFO","SeverityValue":2,"Image":"C:\\Windows\\WinSxS\\amd64_microsoft-windows-servicingstack_31bf3856ad364e35_10.0.18362.957_none_5f2e9e6258ea82f2\\TiWorker.exe","SourceModuleType":"im_msvistalog","FileVersion":"10.0.18362.959 (WinBuild.160101.0800)","Version":3,"Company":"Microsoft Corporation","EventTime":"2020-08-06 03:21:16","Task":7,"Signature":"Microsoft Windows","SourceName":"Microsoft-Windows-Sysmon","Message":"Image loaded:\r\nRuleName: -\r\nUtcTime: 2020-08-06 07:21:16.434\r\nProcessGuid: {49a15388-af6c-5f2b-5f04-000000000400}\r\nProcessId: 2568\r\nImage: C:\\Windows\\WinSxS\\amd64_microsoft-windows-servicingstack_31bf3856ad364e35_10.0.18362.957_none_5f2e9e6258ea82f2\\TiWorker.exe\r\nImageLoaded: C:\\Windows\\System32\\oleaut32.dll\r\nFileVersion: 10.0.18362.959 (WinBuild.160101.0800)\r\nDescription: OLEAUT32.DLL\r\nProduct: Microsoft® Windows® Operating System\r\nCompany: Microsoft Corporation\r\nOriginalFileName: OLEAUT32.DLL\r\nHashes: SHA1=EF5BE564B84A7DE92B12ACBCD69D5F580FABCD89,MD5=9EE967CF9B388C7FAAEC9F04700EB47B,SHA256=CF34BADD43D9E69CA9F01352C4D89C9FD9F4AB53832B1589215A8544462F346D,IMPHASH=F010E2DB51A2E86CCF6052A1ACC0854F\r\nSigned: true\r\nSignature: Microsoft Windows\r\nSignatureStatus: Valid","SourceModuleName":"eventlog","ImageLoaded":"C:\\Windows\\System32\\oleaut32.dll","EventReceivedTime":"2020-08-06 03:21:17","port":60122,"AccountName":"SYSTEM","UtcTime":"2020-08-06 07:21:16.434","Domain":"NT AUTHORITY","ExecutionProcessID":3432,"Hashes":"SHA1=EF5BE564B84A7DE92B12ACBCD69D5F580FABCD89,MD5=9EE967CF9B388C7FAAEC9F04700EB47B,SHA256=CF34BADD43D9E69CA9F01352C4D89C9FD9F4AB53832B1589215A8544462F346D,IMPHASH=F010E2DB51A2E86CCF6052A1ACC0854F","Description":"OLEAUT32.DLL","UserID":"S-1-5-18","EventID":7,"Product":"Microsoft® Windows® Operating System","ProviderGuid":"{5770385F-C22A-43E0-BF4C-06F5698FFBD9}","RecordNumber":322412,"Keywords":-9223372036854775808,"ProcessGuid":"{49a15388-af6c-5f2b-5f04-000000000400}","tags":["mordorDataset"],"RuleName":"-"}
{"@version":"1","EventType":"INFO","AccountType":"User","ThreadID":4496,"Channel":"Microsoft-Windows-Sysmon/Operational","OpcodeValue":0,"OriginalFileName":"msvcp_win.dll","Hostname":"WORKSTATION6.theshire.local","@timestamp":"2020-08-06T07:21:17.294Z","ProcessId":"2568","Signed":"true","host":"wec.internal.cloudapp.net","SignatureStatus":"Valid","Severity":"INFO","SeverityValue":2,"Image":"C:\\Windows\\WinSxS\\amd64_microsoft-windows-servicingstack_31bf3856ad364e35_10.0.18362.957_none_5f2e9e6258ea82f2\\TiWorker.exe","SourceModuleType":"im_msvistalog","FileVersion":"10.0.18362.815 (WinBuild.160101.0800)","Version":3,"Company":"Microsoft Corporation","EventTime":"2020-08-06 03:21:16","Task":7,"Signature":"Microsoft Windows","SourceName":"Microsoft-Windows-Sysmon","Message":"Image loaded:\r\nRuleName: -\r\nUtcTime: 2020-08-06 07:21:16.434\r\nProcessGuid: {49a15388-af6c-5f2b-5f04-000000000400}\r\nProcessId: 2568\r\nImage: C:\\Windows\\WinSxS\\amd64_microsoft-windows-servicingstack_31bf3856ad364e35_10.0.18362.957_none_5f2e9e6258ea82f2\\TiWorker.exe\r\nImageLoaded: C:\\Windows\\System32\\msvcp_win.dll\r\nFileVersion: 10.0.18362.815 (WinBuild.160101.0800)\r\nDescription: Microsoft® C Runtime Library\r\nProduct: Microsoft® Windows® Operating System\r\nCompany: Microsoft Corporation\r\nOriginalFileName: msvcp_win.dll\r\nHashes: SHA1=3C9938AFD7E9E2427750B0BBF21D3905502C2416,MD5=D327A488FF346D2A2ACC7D018F80A615,SHA256=F60BA64AF20B44D13275955ECA2949C471F2C812CD3908AF63B145DEAEB4E4F3,IMPHASH=7F555C87AEA488E97B6067A0419ED3B4\r\nSigned: true\r\nSignature: Microsoft Windows\r\nSignatureStatus: Valid","SourceModuleName":"eventlog","ImageLoaded":"C:\\Windows\\System32\\msvcp_win.dll","EventReceivedTime":"2020-08-06 03:21:17","port":60122,"AccountName":"SYSTEM","UtcTime":"2020-08-06 07:21:16.434","Domain":"NT AUTHORITY","ExecutionProcessID":3432,"Hashes":"SHA1=3C9938AFD7E9E2427750B0BBF21D3905502C2416,MD5=D327A488FF346D2A2ACC7D018F80A615,SHA256=F60BA64AF20B44D13275955ECA2949C471F2C812CD3908AF63B145DEAEB4E4F3,IMPHASH=7F555C87AEA488E97B6067A0419ED3B4","Description":"Microsoft® C Runtime Library","UserID":"S-1-5-18","EventID":7,"Product":"Microsoft® Windows® Operating System","ProviderGuid":"{5770385F-C22A-43E0-BF4C-06F5698FFBD9}","RecordNumber":322413,"Keywords":-9223372036854775808,"ProcessGuid":"{49a15388-af6c-5f2b-5f04-000000000400}","tags":["mordorDataset"],"RuleName":"-"}
{"@version":"1","EventType":"INFO","AccountType":"User","ThreadID":4496,"Channel":"Microsoft-Windows-Sysmon/Operational","OpcodeValue":0,"OriginalFileName":"DBGHELP.DLL","Hostname":"WORKSTATION6.theshire.local","@timestamp":"2020-08-06T07:21:17.295Z","ProcessId":"2568","Signed":"true","host":"wec.internal.cloudapp.net","SignatureStatus":"Valid","Severity":"INFO","SeverityValue":2,"Image":"C:\\Windows\\WinSxS\\amd64_microsoft-windows-servicingstack_31bf3856ad364e35_10.0.18362.957_none_5f2e9e6258ea82f2\\TiWorker.exe","SourceModuleType":"im_msvistalog","FileVersion":"10.0.18362.1 (WinBuild.160101.0800)","Version":3,"Company":"Microsoft Corporation","EventTime":"2020-08-06 03:21:16","Task":7,"Signature":"Microsoft Windows","SourceName":"Microsoft-Windows-Sysmon","Message":"Image loaded:\r\nRuleName: -\r\nUtcTime: 2020-08-06 07:21:16.450\r\nProcessGuid: {49a15388-af6c-5f2b-5f04-000000000400}\r\nProcessId: 2568\r\nImage: C:\\Windows\\WinSxS\\amd64_microsoft-windows-servicingstack_31bf3856ad364e35_10.0.18362.957_none_5f2e9e6258ea82f2\\TiWorker.exe\r\nImageLoaded: C:\\Windows\\System32\\dbghelp.dll\r\nFileVersion: 10.0.18362.1 (WinBuild.160101.0800)\r\nDescription: Windows Image Helper\r\nProduct: Microsoft® Windows® Operating System\r\nCompany: Microsoft Corporation\r\nOriginalFileName: DBGHELP.DLL\r\nHashes: SHA1=85700F95854AB3F3B4B2EBB5DEA4FE0A3B251557,MD5=F8CB6126D000DD2DC064972C83D5B8ED,SHA256=9118037F947403A2C87283CDC0CE0B9D0D5F543AEA2A981B2AFC6251E6760796,IMPHASH=A3BCCB56DF3A7F1398A01550180F0559\r\nSigned: true\r\nSignature: Microsoft Windows\r\nSignatureStatus: Valid","SourceModuleName":"eventlog","ImageLoaded":"C:\\Windows\\System32\\dbghelp.dll","EventReceivedTime":"2020-08-06 03:21:17","port":60122,"AccountName":"SYSTEM","UtcTime":"2020-08-06 07:21:16.450","Domain":"NT AUTHORITY","ExecutionProcessID":3432,"Hashes":"SHA1=85700F95854AB3F3B4B2EBB5DEA4FE0A3B251557,MD5=F8CB6126D000DD2DC064972C83D5B8ED,SHA256=9118037F947403A2C87283CDC0CE0B9D0D5F543AEA2A981B2AFC6251E6760796,IMPHASH=A3BCCB56DF3A7F1398A01550180F0559","Description":"Windows Image Helper","UserID":"S-1-5-18","EventID":7,"Product":"Microsoft® Windows® Operating System","ProviderGuid":"{5770385F-C22A-43E0-BF4C-06F5698FFBD9}","RecordNumber":322414,"Keywords":-9223372036854775808,"ProcessGuid":"{49a15388-af6c-5f2b-5f04-000000000400}","tags":["mordorDataset"],"RuleName":"-"}
{"@version":"1","EventType":"INFO","AccountType":"User","ThreadID":4496,"Channel":"Microsoft-Windows-Sysmon/Operational","OpcodeValue":0,"OriginalFileName":"DBGCORE.DLL","Hostname":"WORKSTATION6.theshire.local","@timestamp":"2020-08-06T07:21:17.295Z","ProcessId":"2568","Signed":"true","host":"wec.internal.cloudapp.net","SignatureStatus":"Valid","Severity":"INFO","SeverityValue":2,"Image":"C:\\Windows\\WinSxS\\amd64_microsoft-windows-servicingstack_31bf3856ad364e35_10.0.18362.957_none_5f2e9e6258ea82f2\\TiWorker.exe","SourceModuleType":"im_msvistalog","FileVersion":"10.0.18362.1 (WinBuild.160101.0800)","Version":3,"Company":"Microsoft Corporation","EventTime":"2020-08-06 03:21:16","Task":7,"Signature":"Microsoft Windows","SourceName":"Microsoft-Windows-Sysmon","Message":"Image loaded:\r\nRuleName: -\r\nUtcTime: 2020-08-06 07:21:16.450\r\nProcessGuid: {49a15388-af6c-5f2b-5f04-000000000400}\r\nProcessId: 2568\r\nImage: C:\\Windows\\WinSxS\\amd64_microsoft-windows-servicingstack_31bf3856ad364e35_10.0.18362.957_none_5f2e9e6258ea82f2\\TiWorker.exe\r\nImageLoaded: C:\\Windows\\System32\\dbgcore.dll\r\nFileVersion: 10.0.18362.1 (WinBuild.160101.0800)\r\nDescription: Windows Core Debugging Helpers\r\nProduct: Microsoft® Windows® Operating System\r\nCompany: Microsoft Corporation\r\nOriginalFileName: DBGCORE.DLL\r\nHashes: SHA1=108943FBF8312BBB0C9CAC3931C227CD3C60E87C,MD5=AD92544DB12E3B50ECBD9B0F8FF1331F,SHA256=CC7DCCBAE53DD4EF0521A9AD260B5094D91F2C5A631072687279C03281C1579C,IMPHASH=5203F507E4A303D63F015849CE72F6B2\r\nSigned: true\r\nSignature: Microsoft Windows\r\nSignatureStatus: Valid","SourceModuleName":"eventlog","ImageLoaded":"C:\\Windows\\System32\\dbgcore.dll","EventReceivedTime":"2020-08-06 03:21:17","port":60122,"AccountName":"SYSTEM","UtcTime":"2020-08-06 07:21:16.450","Domain":"NT AUTHORITY","ExecutionProcessID":3432,"Hashes":"SHA1=108943FBF8312BBB0C9CAC3931C227CD3C60E87C,MD5=AD92544DB12E3B50ECBD9B0F8FF1331F,SHA256=CC7DCCBAE53DD4EF0521A9AD260B5094D91F2C5A631072687279C03281C1579C,IMPHASH=5203F507E4A303D63F015849CE72F6B2","Description":"Windows Core Debugging Helpers","UserID":"S-1-5-18","EventID":7,"Product":"Microsoft® Windows® Operating System","ProviderGuid":"{5770385F-C22A-43E0-BF4C-06F5698FFBD9}","RecordNumber":322415,"Keywords":-9223372036854775808,"ProcessGuid":"{49a15388-af6c-5f2b-5f04-000000000400}","tags":["mordorDataset"],"RuleName":"-"}
{"@version":"1","EventType":"INFO","AccountType":"User","ThreadID":4496,"Channel":"Microsoft-Windows-Sysmon/Operational","OpcodeValue":0,"OriginalFileName":"kernel.appcore.dll","Hostname":"WORKSTATION6.theshire.local","@timestamp":"2020-08-06T07:21:17.296Z","ProcessId":"2568","Signed":"true","host":"wec.internal.cloudapp.net","SignatureStatus":"Valid","Severity":"INFO","SeverityValue":2,"Image":"C:\\Windows\\WinSxS\\amd64_microsoft-windows-servicingstack_31bf3856ad364e35_10.0.18362.957_none_5f2e9e6258ea82f2\\TiWorker.exe","SourceModuleType":"im_msvistalog","FileVersion":"10.0.18362.1 (WinBuild.160101.0800)","Version":3,"Company":"Microsoft Corporation","EventTime":"2020-08-06 03:21:16","Task":7,"Signature":"Microsoft Windows","SourceName":"Microsoft-Windows-Sysmon","Message":"Image loaded:\r\nRuleName: -\r\nUtcTime: 2020-08-06 07:21:16.450\r\nProcessGuid: {49a15388-af6c-5f2b-5f04-000000000400}\r\nProcessId: 2568\r\nImage: C:\\Windows\\WinSxS\\amd64_microsoft-windows-servicingstack_31bf3856ad364e35_10.0.18362.957_none_5f2e9e6258ea82f2\\TiWorker.exe\r\nImageLoaded: C:\\Windows\\System32\\kernel.appcore.dll\r\nFileVersion: 10.0.18362.1 (WinBuild.160101.0800)\r\nDescription: AppModel API Host\r\nProduct: Microsoft® Windows® Operating System\r\nCompany: Microsoft Corporation\r\nOriginalFileName: kernel.appcore.dll\r\nHashes: SHA1=4985EC8C3309DB6CCCCFD4D18423A84E37BEC172,MD5=EDF981437C0FD1B9DBF9EA42CE97CE60,SHA256=42164F81BC8FC2D0A6B71DAA492BE6A6D4785821AA4FDCA27B9273721EDB23D9,IMPHASH=8899216954AA228EAA7E8EEDC31DBC03\r\nSigned: true\r\nSignature: Microsoft Windows\r\nSignatureStatus: Valid","SourceModuleName":"eventlog","ImageLoaded":"C:\\Windows\\System32\\kernel.appcore.dll","EventReceivedTime":"2020-08-06 03:21:17","port":60122,"AccountName":"SYSTEM","UtcTime":"2020-08-06 07:21:16.450","Domain":"NT AUTHORITY","ExecutionProcessID":3432,"Hashes":"SHA1=4985EC8C3309DB6CCCCFD4D18423A84E37BEC172,MD5=EDF981437C0FD1B9DBF9EA42CE97CE60,SHA256=42164F81BC8FC2D0A6B71DAA492BE6A6D4785821AA4FDCA27B9273721EDB23D9,IMPHASH=8899216954AA228EAA7E8EEDC31DBC03","Description":"AppModel API Host","UserID":"S-1-5-18","EventID":7,"Product":"Microsoft® Windows® Operating System","ProviderGuid":"{5770385F-C22A-43E0-BF4C-06F5698FFBD9}","RecordNumber":322416,"Keywords":-9223372036854775808,"ProcessGuid":"{49a15388-af6c-5f2b-5f04-000000000400}","tags":["mordorDataset"],"RuleName":"-"}
{"tags":["mordorDataset"],"TargetProcessGUID":"{49a15388-af6c-5f2b-5f04-000000000400}","@version":"1","EventType":"INFO","Version":3,"ThreadID":4496,"EventTime":"2020-08-06 03:21:16","Task":10,"AccountType":"User","SourceProcessGUID":"{49a15388-5c39-5f2b-1000-000000000400}","CallTrace":"C:\\windows\\SYSTEM32\\ntdll.dll+9c534|C:\\windows\\System32\\KERNELBASE.dll+2726e|c:\\windows\\system32\\rpcss.dll+47d62|c:\\windows\\system32\\rpcss.dll+47d23|C:\\windows\\System32\\RPCRT4.dll+76953|C:\\windows\\System32\\RPCRT4.dll+1364b|C:\\windows\\System32\\RPCRT4.dll+1451a|C:\\windows\\System32\\RPCRT4.dll+548c8|C:\\windows\\System32\\RPCRT4.dll+2c921|C:\\windows\\System32\\RPCRT4.dll+2c1db|C:\\windows\\System32\\RPCRT4.dll+1a86f|C:\\windows\\System32\\RPCRT4.dll+19d1a|C:\\windows\\System32\\RPCRT4.dll+19301|C:\\windows\\System32\\RPCRT4.dll+18d6e|C:\\windows\\System32\\RPCRT4.dll+169a5|C:\\windows\\SYSTEM32\\ntdll.dll+333ed|C:\\windows\\SYSTEM32\\ntdll.dll+34142|C:\\windows\\System32\\KERNEL32.DLL+17bd4|C:\\windows\\SYSTEM32\\ntdll.dll+6ce51","Channel":"Microsoft-Windows-Sysmon/Operational","SourceName":"Microsoft-Windows-Sysmon","OpcodeValue":0,"Hostname":"WORKSTATION6.theshire.local","@timestamp":"2020-08-06T07:21:17.296Z","Message":"Process accessed:\r\nRuleName: -\r\nUtcTime: 2020-08-06 07:21:16.450\r\nSourceProcessGUID: {49a15388-5c39-5f2b-1000-000000000400}\r\nSourceProcessId: 896\r\nSourceThreadId: 4660\r\nSourceImage: C:\\windows\\system32\\svchost.exe\r\nTargetProcessGUID: {49a15388-af6c-5f2b-5f04-000000000400}\r\nTargetProcessId: 2568\r\nTargetImage: C:\\windows\\winsxs\\amd64_microsoft-windows-servicingstack_31bf3856ad364e35_10.0.18362.957_none_5f2e9e6258ea82f2\\TiWorker.exe\r\nGrantedAccess: 0x1000\r\nCallTrace: C:\\windows\\SYSTEM32\\ntdll.dll+9c534|C:\\windows\\System32\\KERNELBASE.dll+2726e|c:\\windows\\system32\\rpcss.dll+47d62|c:\\windows\\system32\\rpcss.dll+47d23|C:\\windows\\System32\\RPCRT4.dll+76953|C:\\windows\\System32\\RPCRT4.dll+1364b|C:\\windows\\System32\\RPCRT4.dll+1451a|C:\\windows\\System32\\RPCRT4.dll+548c8|C:\\windows\\System32\\RPCRT4.dll+2c921|C:\\windows\\System32\\RPCRT4.dll+2c1db|C:\\windows\\System32\\RPCRT4.dll+1a86f|C:\\windows\\System32\\RPCRT4.dll+19d1a|C:\\windows\\System32\\RPCRT4.dll+19301|C:\\windows\\System32\\RPCRT4.dll+18d6e|C:\\windows\\System32\\RPCRT4.dll+169a5|C:\\windows\\SYSTEM32\\ntdll.dll+333ed|C:\\windows\\SYSTEM32\\ntdll.dll+34142|C:\\windows\\System32\\KERNEL32.DLL+17bd4|C:\\windows\\SYSTEM32\\ntdll.dll+6ce51","SourceModuleName":"eventlog","ProcessId":"896","SourceImage":"C:\\windows\\system32\\svchost.exe","EventReceivedTime":"2020-08-06 03:21:17","port":60122,"AccountName":"SYSTEM","UtcTime":"2020-08-06 07:21:16.450","GrantedAccess":"0x1000","Domain":"NT AUTHORITY","ExecutionProcessID":3432,"host":"wec.internal.cloudapp.net","SourceProcessId":"896","SourceThreadId":"4660","Severity":"INFO","TargetProcessId":"2568","SeverityValue":2,"EventID":10,"UserID":"S-1-5-18","ProviderGuid":"{5770385F-C22A-43E0-BF4C-06F5698FFBD9}","RecordNumber":322417,"SourceModuleType":"im_msvistalog","Keywords":-9223372036854775808,"TargetImage":"C:\\windows\\winsxs\\amd64_microsoft-windows-servicingstack_31bf3856ad364e35_10.0.18362.957_none_5f2e9e6258ea82f2\\TiWorker.exe","RuleName":"-"}
{"tags":["mordorDataset"],"TargetProcessGUID":"{49a15388-af6c-5f2b-5f04-000000000400}","@version":"1","EventType":"INFO","Version":3,"ThreadID":4496,"EventTime":"2020-08-06 03:21:16","Task":10,"AccountType":"User","SourceProcessGUID":"{49a15388-5c39-5f2b-1100-000000000400}","CallTrace":"C:\\windows\\SYSTEM32\\ntdll.dll+9d104|C:\\windows\\System32\\RPCRT4.dll+2d2c4|c:\\windows\\system32\\rpcss.dll+314c9|c:\\windows\\system32\\rpcss.dll+30b5b|C:\\windows\\System32\\RPCRT4.dll+76953|C:\\windows\\System32\\RPCRT4.dll+1364b|C:\\windows\\System32\\RPCRT4.dll+1451a|C:\\windows\\System32\\RPCRT4.dll+548c8|C:\\windows\\System32\\RPCRT4.dll+2c921|C:\\windows\\System32\\RPCRT4.dll+2c1db|C:\\windows\\System32\\RPCRT4.dll+1a86f|C:\\windows\\System32\\RPCRT4.dll+19d1a|C:\\windows\\System32\\RPCRT4.dll+19301|C:\\windows\\System32\\RPCRT4.dll+18d6e|C:\\windows\\System32\\RPCRT4.dll+169a5|C:\\windows\\SYSTEM32\\ntdll.dll+333ed|C:\\windows\\SYSTEM32\\ntdll.dll+34142|C:\\windows\\System32\\KERNEL32.DLL+17bd4|C:\\windows\\SYSTEM32\\ntdll.dll+6ce51","Channel":"Microsoft-Windows-Sysmon/Operational","SourceName":"Microsoft-Windows-Sysmon","OpcodeValue":0,"Hostname":"WORKSTATION6.theshire.local","@timestamp":"2020-08-06T07:21:17.296Z","Message":"Process accessed:\r\nRuleName: -\r\nUtcTime: 2020-08-06 07:21:16.450\r\nSourceProcessGUID: {49a15388-5c39-5f2b-1100-000000000400}\r\nSourceProcessId: 992\r\nSourceThreadId: 6056\r\nSourceImage: C:\\windows\\system32\\svchost.exe\r\nTargetProcessGUID: {49a15388-af6c-5f2b-5f04-000000000400}\r\nTargetProcessId: 2568\r\nTargetImage: C:\\windows\\winsxs\\amd64_microsoft-windows-servicingstack_31bf3856ad364e35_10.0.18362.957_none_5f2e9e6258ea82f2\\TiWorker.exe\r\nGrantedAccess: 0x100000\r\nCallTrace: C:\\windows\\SYSTEM32\\ntdll.dll+9d104|C:\\windows\\System32\\RPCRT4.dll+2d2c4|c:\\windows\\system32\\rpcss.dll+314c9|c:\\windows\\system32\\rpcss.dll+30b5b|C:\\windows\\System32\\RPCRT4.dll+76953|C:\\windows\\System32\\RPCRT4.dll+1364b|C:\\windows\\System32\\RPCRT4.dll+1451a|C:\\windows\\System32\\RPCRT4.dll+548c8|C:\\windows\\System32\\RPCRT4.dll+2c921|C:\\windows\\System32\\RPCRT4.dll+2c1db|C:\\windows\\System32\\RPCRT4.dll+1a86f|C:\\windows\\System32\\RPCRT4.dll+19d1a|C:\\windows\\System32\\RPCRT4.dll+19301|C:\\windows\\System32\\RPCRT4.dll+18d6e|C:\\windows\\System32\\RPCRT4.dll+169a5|C:\\windows\\SYSTEM32\\ntdll.dll+333ed|C:\\windows\\SYSTEM32\\ntdll.dll+34142|C:\\windows\\System32\\KERNEL32.DLL+17bd4|C:\\windows\\SYSTEM32\\ntdll.dll+6ce51","SourceModuleName":"eventlog","ProcessId":"992","SourceImage":"C:\\windows\\system32\\svchost.exe","EventReceivedTime":"2020-08-06 03:21:17","port":60122,"AccountName":"SYSTEM","UtcTime":"2020-08-06 07:21:16.450","GrantedAccess":"0x100000","Domain":"NT AUTHORITY","ExecutionProcessID":3432,"host":"wec.internal.cloudapp.net","SourceProcessId":"992","SourceThreadId":"6056","Severity":"INFO","TargetProcessId":"2568","SeverityValue":2,"EventID":10,"UserID":"S-1-5-18","ProviderGuid":"{5770385F-C22A-43E0-BF4C-06F5698FFBD9}","RecordNumber":322418,"SourceModuleType":"im_msvistalog","Keywords":-9223372036854775808,"TargetImage":"C:\\windows\\winsxs\\amd64_microsoft-windows-servicingstack_31bf3856ad364e35_10.0.18362.957_none_5f2e9e6258ea82f2\\TiWorker.exe","RuleName":"-"}
{"@version":"1","EventType":"INFO","AccountType":"User","ThreadID":4496,"Channel":"Microsoft-Windows-Sysmon/Operational","OpcodeValue":0,"OriginalFileName":"CLBCATQ.DLL","Hostname":"WORKSTATION6.theshire.local","@timestamp":"2020-08-06T07:21:17.297Z","ProcessId":"2568","Signed":"true","host":"wec.internal.cloudapp.net","SignatureStatus":"Valid","Severity":"INFO","SeverityValue":2,"Image":"C:\\Windows\\WinSxS\\amd64_microsoft-windows-servicingstack_31bf3856ad364e35_10.0.18362.957_none_5f2e9e6258ea82f2\\TiWorker.exe","SourceModuleType":"im_msvistalog","FileVersion":"2001.12.10941.16384 (WinBuild.160101.0800)","Version":3,"Company":"Microsoft Corporation","EventTime":"2020-08-06 03:21:16","Task":7,"Signature":"Microsoft Windows","SourceName":"Microsoft-Windows-Sysmon","Message":"Image loaded:\r\nRuleName: -\r\nUtcTime: 2020-08-06 07:21:16.450\r\nProcessGuid: {49a15388-af6c-5f2b-5f04-000000000400}\r\nProcessId: 2568\r\nImage: C:\\Windows\\WinSxS\\amd64_microsoft-windows-servicingstack_31bf3856ad364e35_10.0.18362.957_none_5f2e9e6258ea82f2\\TiWorker.exe\r\nImageLoaded: C:\\Windows\\System32\\clbcatq.dll\r\nFileVersion: 2001.12.10941.16384 (WinBuild.160101.0800)\r\nDescription: COM+ Configuration Catalog\r\nProduct: Microsoft® Windows® Operating System\r\nCompany: Microsoft Corporation\r\nOriginalFileName: CLBCATQ.DLL\r\nHashes: SHA1=7DE7C7E87CFA639E8C4DF269E38FB69A391D6790,MD5=4B179D7C6AA9424831847BA6BACDB260,SHA256=F0541B07D7B00C8D09BC72DF7E2D974F83482E42CD88B4E8260B832B7A71682E,IMPHASH=70F94828FF194145825265FE7BA88C95\r\nSigned: true\r\nSignature: Microsoft Windows\r\nSignatureStatus: Valid","SourceModuleName":"eventlog","ImageLoaded":"C:\\Windows\\System32\\clbcatq.dll","EventReceivedTime":"2020-08-06 03:21:17","port":60122,"AccountName":"SYSTEM","UtcTime":"2020-08-06 07:21:16.450","Domain":"NT AUTHORITY","ExecutionProcessID":3432,"Hashes":"SHA1=7DE7C7E87CFA639E8C4DF269E38FB69A391D6790,MD5=4B179D7C6AA9424831847BA6BACDB260,SHA256=F0541B07D7B00C8D09BC72DF7E2D974F83482E42CD88B4E8260B832B7A71682E,IMPHASH=70F94828FF194145825265FE7BA88C95","Description":"COM+ Configuration Catalog","UserID":"S-1-5-18","EventID":7,"Product":"Microsoft® Windows® Operating System","ProviderGuid":"{5770385F-C22A-43E0-BF4C-06F5698FFBD9}","RecordNumber":322419,"Keywords":-9223372036854775808,"ProcessGuid":"{49a15388-af6c-5f2b-5f04-000000000400}","tags":["mordorDataset"],"RuleName":"-"}
{"@version":"1","EventType":"INFO","AccountType":"User","ThreadID":4496,"Channel":"Microsoft-Windows-Sysmon/Operational","OpcodeValue":0,"OriginalFileName":"cbsapi.dll","Hostname":"WORKSTATION6.theshire.local","@timestamp":"2020-08-06T07:21:17.297Z","ProcessId":"2568","Signed":"true","host":"wec.internal.cloudapp.net","SignatureStatus":"Valid","Severity":"INFO","SeverityValue":2,"Image":"C:\\Windows\\WinSxS\\amd64_microsoft-windows-servicingstack_31bf3856ad364e35_10.0.18362.957_none_5f2e9e6258ea82f2\\TiWorker.exe","SourceModuleType":"im_msvistalog","FileVersion":"10.0.18362.1 (WinBuild.160101.0800)","Version":3,"Company":"Microsoft Corporation","EventTime":"2020-08-06 03:21:16","Task":7,"Signature":"Microsoft Windows","SourceName":"Microsoft-Windows-Sysmon","Message":"Image loaded:\r\nRuleName: -\r\nUtcTime: 2020-08-06 07:21:16.450\r\nProcessGuid: {49a15388-af6c-5f2b-5f04-000000000400}\r\nProcessId: 2568\r\nImage: C:\\Windows\\WinSxS\\amd64_microsoft-windows-servicingstack_31bf3856ad364e35_10.0.18362.957_none_5f2e9e6258ea82f2\\TiWorker.exe\r\nImageLoaded: C:\\Windows\\servicing\\CbsApi.dll\r\nFileVersion: 10.0.18362.1 (WinBuild.160101.0800)\r\nDescription: Component Based Servicing API DLL\r\nProduct: Microsoft® Windows® Operating System\r\nCompany: Microsoft Corporation\r\nOriginalFileName: cbsapi.dll\r\nHashes: SHA1=F99723A6F9B018D970499A8366A2F7BA338BCD32,MD5=9864E49DF596F18573E9C221420C9488,SHA256=19212817C83CC4FEDF521BA4B60E148EC0AC73C1CA7E0DB1A3EC716E66C9C705,IMPHASH=ABCA1CAB930ADF1261E17C4D7D618ECB\r\nSigned: true\r\nSignature: Microsoft Windows\r\nSignatureStatus: Valid","SourceModuleName":"eventlog","ImageLoaded":"C:\\Windows\\servicing\\CbsApi.dll","EventReceivedTime":"2020-08-06 03:21:17","port":60122,"AccountName":"SYSTEM","UtcTime":"2020-08-06 07:21:16.450","Domain":"NT AUTHORITY","ExecutionProcessID":3432,"Hashes":"SHA1=F99723A6F9B018D970499A8366A2F7BA338BCD32,MD5=9864E49DF596F18573E9C221420C9488,SHA256=19212817C83CC4FEDF521BA4B60E148EC0AC73C1CA7E0DB1A3EC716E66C9C705,IMPHASH=ABCA1CAB930ADF1261E17C4D7D618ECB","Description":"Component Based Servicing API DLL","UserID":"S-1-5-18","EventID":7,"Product":"Microsoft® Windows® Operating System","ProviderGuid":"{5770385F-C22A-43E0-BF4C-06F5698FFBD9}","RecordNumber":322420,"Keywords":-9223372036854775808,"ProcessGuid":"{49a15388-af6c-5f2b-5f04-000000000400}","tags":["mordorDataset"],"RuleName":"-"}
