{"@version":"1","ThreadID":4452,"UserID":"S-1-5-18","Version":3,"Message":"Image loaded:\r\nRuleName: -\r\nUtcTime: 2020-08-05 06:10:02.450\r\nProcessGuid: {8715b604-458d-5f2a-3905-000000000400}\r\nProcessId: 2064\r\nImage: C:\\Users\\pgustavo\\Desktop\\GruntHTTP.exe\r\nImageLoaded: C:\\Windows\\System32\\WinSCard.dll\r\nFileVersion: 10.0.18362.1 (WinBuild.160101.0800)\r\nDescription: Microsoft Smart Card API\r\nProduct: Microsoft® Windows® Operating System\r\nCompany: Microsoft Corporation\r\nOriginalFileName: winscard.dll\r\nHashes: SHA1=FD54EB073459BA8E7C27963AD904DC2082A775E5,MD5=BE2F50F882FB563F4136AA5D68BAD9F9,SHA256=ED133C149DC0824462148478CE947D22B56DAAC57A8E480F3BA42D3D076BCF15,IMPHASH=35E4FED4D4FD8961F3E5EE53CC15915E\r\nSigned: true\r\nSignature: Microsoft Windows\r\nSignatureStatus: Valid","ProcessGuid":"{8715b604-458d-5f2a-3905-000000000400}","SourceName":"Microsoft-Windows-Sysmon","Hashes":"SHA1=FD54EB073459BA8E7C27963AD904DC2082A775E5,MD5=BE2F50F882FB563F4136AA5D68BAD9F9,SHA256=ED133C149DC0824462148478CE947D22B56DAAC57A8E480F3BA42D3D076BCF15,IMPHASH=35E4FED4D4FD8961F3E5EE53CC15915E","Signature":"Microsoft Windows","tags":["mordorDataset"],"RuleName":"-","ProviderGuid":"{5770385F-C22A-43E0-BF4C-06F5698FFBD9}","EventID":7,"RecordNumber":479966,"Hostname":"WORKSTATION5.theshire.local","SourceModuleType":"im_msvistalog","Signed":"true","ExecutionProcessID":3484,"AccountName":"SYSTEM","OpcodeValue":0,"EventType":"INFO","FileVersion":"10.0.18362.1 (WinBuild.160101.0800)","Image":"C:\\Users\\pgustavo\\Desktop\\GruntHTTP.exe","AccountType":"User","UtcTime":"2020-08-05 06:10:02.450","Keywords":-9223372036854775808,"OriginalFileName":"winscard.dll","host":"wec.internal.cloudapp.net","SourceModuleName":"eventlog","SeverityValue":2,"SignatureStatus":"Valid","Channel":"Microsoft-Windows-Sysmon/Operational","Description":"Microsoft Smart Card API","ProcessId":"2064","Domain":"NT AUTHORITY","port":53997,"Company":"Microsoft Corporation","EventTime":"2020-08-05 02:10:02","Severity":"INFO","Product":"Microsoft® Windows® Operating System","@timestamp":"2020-08-05T06:10:03.798Z","Task":7,"ImageLoaded":"C:\\Windows\\System32\\WinSCard.dll","EventReceivedTime":"2020-08-05 02:10:03"}
{"SubjectUserSid":"S-1-5-18","@version":"1","Keywords":-9214364837600034816,"ThreadID":2352,"Version":0,"host":"wec.internal.cloudapp.net","Message":"The handle to an object was closed.\r\n\r\nSubject :\r\n\tSecurity ID:\t\tS-1-5-18\r\n\tAccount Name:\t\tMORDORDC$\r\n\tAccount Domain:\t\tTHESHIRE\r\n\tLogon ID:\t\t0x3E7\r\n\r\nObject:\r\n\tObject Server:\t\tSecurity\r\n\tHandle ID:\t\t0xfa8\r\n\r\nProcess Information:\r\n\tProcess ID:\t\t0x2c0\r\n\tProcess Name:\t\tC:\\Windows\\System32\\lsass.exe","SourceModuleName":"eventlog","SourceName":"Microsoft-Windows-Security-Auditing","SubjectLogonId":"0x3e7","SeverityValue":2,"tags":["mordorDataset"],"Channel":"Security","ProviderGuid":"{54849625-5478-4994-A5BA-3E3B0328C30D}","ObjectServer":"Security","EventID":4658,"RecordNumber":215521,"Hostname":"MORDORDC.theshire.local","Category":"Registry","Opcode":"Info","SubjectDomainName":"THESHIRE","ProcessId":"0x2c0","SourceModuleType":"im_msvistalog","port":53997,"HandleId":"0xfa8","EventTime":"2020-08-05 02:10:02","Severity":"INFO","ExecutionProcessID":4,"OpcodeValue":0,"@timestamp":"2020-08-05T06:10:03.798Z","Task":12801,"EventType":"AUDIT_SUCCESS","SubjectUserName":"MORDORDC$","ProcessName":"C:\\Windows\\System32\\lsass.exe","EventReceivedTime":"2020-08-05 02:10:03"}
{"SubjectUserSid":"S-1-5-21-3669966080-2286457517-972388166-1104","@version":"1","Keywords":-9214364837600034816,"ThreadID":820,"ObjectType":"%{19195a5b-6da0-11d0-afd3-00c04fd930c9}","ObjectName":"%{3933c65d-ac7f-4c79-b5b7-ad0fb941333c}","Version":0,"AccessList":"%%7688\r\n\t\t\t\t","host":"wec.internal.cloudapp.net","Message":"An operation was performed on an object.\r\n\r\nSubject :\r\n\tSecurity ID:\t\tS-1-5-21-3669966080-2286457517-972388166-1104\r\n\tAccount Name:\t\tpgustavo\r\n\tAccount Domain:\t\tTHESHIRE\r\n\tLogon ID:\t\t0x824909\r\n\r\nObject:\r\n\tObject Server:\t\tDS\r\n\tObject Type:\t\t%{19195a5b-6da0-11d0-afd3-00c04fd930c9}\r\n\tObject Name:\t\t%{3933c65d-ac7f-4c79-b5b7-ad0fb941333c}\r\n\tHandle ID:\t\t0x0\r\n\r\nOperation:\r\n\tOperation Type:\t\tObject Access\r\n\tAccesses:\t\tControl Access\r\n\t\t\t\t\r\n\tAccess Mask:\t\t0x100\r\n\tProperties:\t\tControl Access\r\n\t\t{1131f6aa-9c07-11d1-f79f-00c04fc2dcd2}\r\n\t{19195a5b-6da0-11d0-afd3-00c04fd930c9}\r\n\r\n\r\nAdditional Information:\r\n\tParameter 1:\t\t-\r\n\tParameter 2:\t\t","SourceModuleName":"eventlog","AdditionalInfo":"-","SourceName":"Microsoft-Windows-Security-Auditing","Properties":"%%7688\r\n\t\t{1131f6aa-9c07-11d1-f79f-00c04fc2dcd2}\r\n\t{19195a5b-6da0-11d0-afd3-00c04fd930c9}\r\n","SubjectLogonId":"0x824909","SeverityValue":2,"tags":["mordorDataset"],"Channel":"Security","ProviderGuid":"{54849625-5478-4994-A5BA-3E3B0328C30D}","ObjectServer":"DS","EventID":4662,"RecordNumber":215522,"OperationType":"Object Access","Hostname":"MORDORDC.theshire.local","Category":"Directory Service Access","Opcode":"Info","SubjectDomainName":"THESHIRE","AccessMask":"0x100","SourceModuleType":"im_msvistalog","port":53997,"HandleId":"0x0","EventTime":"2020-08-05 02:10:02","Severity":"INFO","ExecutionProcessID":704,"OpcodeValue":0,"@timestamp":"2020-08-05T06:10:03.798Z","Task":14080,"EventType":"AUDIT_SUCCESS","SubjectUserName":"pgustavo","EventReceivedTime":"2020-08-05 02:10:03"}
{"@version":"1","ThreadID":4452,"UserID":"S-1-5-18","Version":3,"Message":"Image loaded:\r\nRuleName: -\r\nUtcTime: 2020-08-05 06:10:02.451\r\nProcessGuid: {8715b604-458d-5f2a-3905-000000000400}\r\nProcessId: 2064\r\nImage: C:\\Users\\pgustavo\\Desktop\\GruntHTTP.exe\r\nImageLoaded: C:\\Windows\\System32\\devobj.dll\r\nFileVersion: 10.0.18362.387 (WinBuild.160101.0800)\r\nDescription: Device Information Set DLL\r\nProduct: Microsoft® Windows® Operating System\r\nCompany: Microsoft Corporation\r\nOriginalFileName: devinfoset.DLL\r\nHashes: SHA1=A0DA12E5DBE104959EE476F12FE63BA806EEC7FF,MD5=B59AFF332AF38FD472FE4FCE92242643,SHA256=3C079BAE94E2CE9C252B7CDC2F09A1C7AB6800C76472E27E80F6B1A319031273,IMPHASH=447F0775F553C78E0D9E8F85CDE9E875\r\nSigned: true\r\nSignature: Microsoft Windows\r\nSignatureStatus: Valid","ProcessGuid":"{8715b604-458d-5f2a-3905-000000000400}","SourceName":"Microsoft-Windows-Sysmon","Hashes":"SHA1=A0DA12E5DBE104959EE476F12FE63BA806EEC7FF,MD5=B59AFF332AF38FD472FE4FCE92242643,SHA256=3C079BAE94E2CE9C252B7CDC2F09A1C7AB6800C76472E27E80F6B1A319031273,IMPHASH=447F0775F553C78E0D9E8F85CDE9E875","Signature":"Microsoft Windows","tags":["mordorDataset"],"RuleName":"-","ProviderGuid":"{5770385F-C22A-43E0-BF4C-06F5698FFBD9}","EventID":7,"RecordNumber":479967,"Hostname":"WORKSTATION5.theshire.local","SourceModuleType":"im_msvistalog","Signed":"true","ExecutionProcessID":3484,"AccountName":"SYSTEM","OpcodeValue":0,"EventType":"INFO","FileVersion":"10.0.18362.387 (WinBuild.160101.0800)","Image":"C:\\Users\\pgustavo\\Desktop\\GruntHTTP.exe","AccountType":"User","UtcTime":"2020-08-05 06:10:02.451","Keywords":-9223372036854775808,"OriginalFileName":"devinfoset.DLL","host":"wec.internal.cloudapp.net","SourceModuleName":"eventlog","SeverityValue":2,"SignatureStatus":"Valid","Channel":"Microsoft-Windows-Sysmon/Operational","Description":"Device Information Set DLL","ProcessId":"2064","Domain":"NT AUTHORITY","port":53997,"Company":"Microsoft Corporation","EventTime":"2020-08-05 02:10:02","Severity":"INFO","Product":"Microsoft® Windows® Operating System","@timestamp":"2020-08-05T06:10:03.798Z","Task":7,"ImageLoaded":"C:\\Windows\\System32\\devobj.dll","EventReceivedTime":"2020-08-05 02:10:03"}
{"SubjectUserSid":"S-1-5-21-3669966080-2286457517-972388166-1104","@version":"1","Keywords":-9214364837600034816,"ThreadID":820,"ObjectType":"%{19195a5b-6da0-11d0-afd3-00c04fd930c9}","ObjectName":"%{3933c65d-ac7f-4c79-b5b7-ad0fb941333c}","Version":0,"AccessList":"%%7688\r\n\t\t\t\t","host":"wec.internal.cloudapp.net","Message":"An operation was performed on an object.\r\n\r\nSubject :\r\n\tSecurity ID:\t\tS-1-5-21-3669966080-2286457517-972388166-1104\r\n\tAccount Name:\t\tpgustavo\r\n\tAccount Domain:\t\tTHESHIRE\r\n\tLogon ID:\t\t0x824909\r\n\r\nObject:\r\n\tObject Server:\t\tDS\r\n\tObject Type:\t\t%{19195a5b-6da0-11d0-afd3-00c04fd930c9}\r\n\tObject Name:\t\t%{3933c65d-ac7f-4c79-b5b7-ad0fb941333c}\r\n\tHandle ID:\t\t0x0\r\n\r\nOperation:\r\n\tOperation Type:\t\tObject Access\r\n\tAccesses:\t\tControl Access\r\n\t\t\t\t\r\n\tAccess Mask:\t\t0x100\r\n\tProperties:\t\tControl Access\r\n\t\t{1131f6aa-9c07-11d1-f79f-00c04fc2dcd2}\r\n\t{19195a5b-6da0-11d0-afd3-00c04fd930c9}\r\n\r\n\r\nAdditional Information:\r\n\tParameter 1:\t\t-\r\n\tParameter 2:\t\t","SourceModuleName":"eventlog","AdditionalInfo":"-","SourceName":"Microsoft-Windows-Security-Auditing","Properties":"%%7688\r\n\t\t{1131f6aa-9c07-11d1-f79f-00c04fc2dcd2}\r\n\t{19195a5b-6da0-11d0-afd3-00c04fd930c9}\r\n","SubjectLogonId":"0x824909","SeverityValue":2,"tags":["mordorDataset"],"Channel":"Security","ProviderGuid":"{54849625-5478-4994-A5BA-3E3B0328C30D}","ObjectServer":"DS","EventID":4662,"RecordNumber":215523,"OperationType":"Object Access","Hostname":"MORDORDC.theshire.local","Category":"Directory Service Access","Opcode":"Info","SubjectDomainName":"THESHIRE","AccessMask":"0x100","SourceModuleType":"im_msvistalog","port":53997,"HandleId":"0x0","EventTime":"2020-08-05 02:10:02","Severity":"INFO","ExecutionProcessID":704,"OpcodeValue":0,"@timestamp":"2020-08-05T06:10:03.799Z","Task":14080,"EventType":"AUDIT_SUCCESS","SubjectUserName":"pgustavo","EventReceivedTime":"2020-08-05 02:10:03"}
{"@version":"1","ThreadID":4452,"UserID":"S-1-5-18","Version":3,"Message":"Image loaded:\r\nRuleName: -\r\nUtcTime: 2020-08-05 06:10:02.456\r\nProcessGuid: {8715b604-458d-5f2a-3905-000000000400}\r\nProcessId: 2064\r\nImage: C:\\Users\\pgustavo\\Desktop\\GruntHTTP.exe\r\nImageLoaded: C:\\Windows\\System32\\winsta.dll\r\nFileVersion: 10.0.18362.836 (WinBuild.160101.0800)\r\nDescription: Winstation Library\r\nProduct: Microsoft® Windows® Operating System\r\nCompany: Microsoft Corporation\r\nOriginalFileName: winsta.dll\r\nHashes: SHA1=BC666F6AC9985FD99FA974398A63EFDF68E5F766,MD5=7F83AD032FE8C2A85FD1BFC6A2C8ECCA,SHA256=3F597058770B12ABF3697B01237FDB79E7EEAE3A4038E76B7EFCCAADEA633952,IMPHASH=804811DBB54325C74F39C5B286FBDF29\r\nSigned: true\r\nSignature: Microsoft Windows\r\nSignatureStatus: Valid","ProcessGuid":"{8715b604-458d-5f2a-3905-000000000400}","SourceName":"Microsoft-Windows-Sysmon","Hashes":"SHA1=BC666F6AC9985FD99FA974398A63EFDF68E5F766,MD5=7F83AD032FE8C2A85FD1BFC6A2C8ECCA,SHA256=3F597058770B12ABF3697B01237FDB79E7EEAE3A4038E76B7EFCCAADEA633952,IMPHASH=804811DBB54325C74F39C5B286FBDF29","Signature":"Microsoft Windows","tags":["mordorDataset"],"RuleName":"-","ProviderGuid":"{5770385F-C22A-43E0-BF4C-06F5698FFBD9}","EventID":7,"RecordNumber":479968,"Hostname":"WORKSTATION5.theshire.local","SourceModuleType":"im_msvistalog","Signed":"true","ExecutionProcessID":3484,"AccountName":"SYSTEM","OpcodeValue":0,"EventType":"INFO","FileVersion":"10.0.18362.836 (WinBuild.160101.0800)","Image":"C:\\Users\\pgustavo\\Desktop\\GruntHTTP.exe","AccountType":"User","UtcTime":"2020-08-05 06:10:02.456","Keywords":-9223372036854775808,"OriginalFileName":"winsta.dll","host":"wec.internal.cloudapp.net","SourceModuleName":"eventlog","SeverityValue":2,"SignatureStatus":"Valid","Channel":"Microsoft-Windows-Sysmon/Operational","Description":"Winstation Library","ProcessId":"2064","Domain":"NT AUTHORITY","port":53997,"Company":"Microsoft Corporation","EventTime":"2020-08-05 02:10:02","Severity":"INFO","Product":"Microsoft® Windows® Operating System","@timestamp":"2020-08-05T06:10:03.799Z","Task":7,"ImageLoaded":"C:\\Windows\\System32\\winsta.dll","EventReceivedTime":"2020-08-05 02:10:03"}
{"SubjectUserSid":"S-1-5-21-3669966080-2286457517-972388166-1104","@version":"1","Keywords":-9214364837600034816,"ThreadID":820,"ObjectType":"%{19195a5b-6da0-11d0-afd3-00c04fd930c9}","ObjectName":"%{3933c65d-ac7f-4c79-b5b7-ad0fb941333c}","Version":0,"AccessList":"%%7688\r\n\t\t\t\t","host":"wec.internal.cloudapp.net","Message":"An operation was performed on an object.\r\n\r\nSubject :\r\n\tSecurity ID:\t\tS-1-5-21-3669966080-2286457517-972388166-1104\r\n\tAccount Name:\t\tpgustavo\r\n\tAccount Domain:\t\tTHESHIRE\r\n\tLogon ID:\t\t0x824909\r\n\r\nObject:\r\n\tObject Server:\t\tDS\r\n\tObject Type:\t\t%{19195a5b-6da0-11d0-afd3-00c04fd930c9}\r\n\tObject Name:\t\t%{3933c65d-ac7f-4c79-b5b7-ad0fb941333c}\r\n\tHandle ID:\t\t0x0\r\n\r\nOperation:\r\n\tOperation Type:\t\tObject Access\r\n\tAccesses:\t\tControl Access\r\n\t\t\t\t\r\n\tAccess Mask:\t\t0x100\r\n\tProperties:\t\tControl Access\r\n\t\t{1131f6ad-9c07-11d1-f79f-00c04fc2dcd2}\r\n\t{19195a5b-6da0-11d0-afd3-00c04fd930c9}\r\n\r\n\r\nAdditional Information:\r\n\tParameter 1:\t\t-\r\n\tParameter 2:\t\t","SourceModuleName":"eventlog","AdditionalInfo":"-","SourceName":"Microsoft-Windows-Security-Auditing","Properties":"%%7688\r\n\t\t{1131f6ad-9c07-11d1-f79f-00c04fc2dcd2}\r\n\t{19195a5b-6da0-11d0-afd3-00c04fd930c9}\r\n","SubjectLogonId":"0x824909","SeverityValue":2,"tags":["mordorDataset"],"Channel":"Security","ProviderGuid":"{54849625-5478-4994-A5BA-3E3B0328C30D}","ObjectServer":"DS","EventID":4662,"RecordNumber":215524,"OperationType":"Object Access","Hostname":"MORDORDC.theshire.local","Category":"Directory Service Access","Opcode":"Info","SubjectDomainName":"THESHIRE","AccessMask":"0x100","SourceModuleType":"im_msvistalog","port":53997,"HandleId":"0x0","EventTime":"2020-08-05 02:10:02","Severity":"INFO","ExecutionProcessID":704,"OpcodeValue":0,"@timestamp":"2020-08-05T06:10:03.799Z","Task":14080,"EventType":"AUDIT_SUCCESS","SubjectUserName":"pgustavo","EventReceivedTime":"2020-08-05 02:10:03"}
{"@version":"1","ThreadID":4456,"UserID":"S-1-5-18","Version":3,"Message":"Image loaded:\r\nRuleName: -\r\nUtcTime: 2020-08-05 06:10:02.449\r\nProcessGuid: {8715b604-458d-5f2a-3905-000000000400}\r\nProcessId: 2064\r\nImage: C:\\Users\\pgustavo\\Desktop\\GruntHTTP.exe\r\nImageLoaded: C:\\Windows\\System32\\hid.dll\r\nFileVersion: 10.0.18362.1 (WinBuild.160101.0800)\r\nDescription: Hid User Library\r\nProduct: Microsoft® Windows® Operating System\r\nCompany: Microsoft Corporation\r\nOriginalFileName: hid.dll\r\nHashes: SHA1=943BEA1197D2315956AB9CB157026DEB22F1AFB4,MD5=A5AE4AE12AE7CADA9B6A8CF9D28E3F6F,SHA256=A2DC3039C8C8618822C2940EAD78B9961C6EC25A82375C2A8A41FE1EAA370AC1,IMPHASH=EFF72FC915DA9B8FB7144C32F49500CC\r\nSigned: true\r\nSignature: Microsoft Windows\r\nSignatureStatus: Valid","ProcessGuid":"{8715b604-458d-5f2a-3905-000000000400}","SourceName":"Microsoft-Windows-Sysmon","Hashes":"SHA1=943BEA1197D2315956AB9CB157026DEB22F1AFB4,MD5=A5AE4AE12AE7CADA9B6A8CF9D28E3F6F,SHA256=A2DC3039C8C8618822C2940EAD78B9961C6EC25A82375C2A8A41FE1EAA370AC1,IMPHASH=EFF72FC915DA9B8FB7144C32F49500CC","Signature":"Microsoft Windows","tags":["mordorDataset"],"RuleName":"-","ProviderGuid":"{5770385F-C22A-43E0-BF4C-06F5698FFBD9}","EventID":7,"RecordNumber":479969,"Hostname":"WORKSTATION5.theshire.local","SourceModuleType":"im_msvistalog","Signed":"true","ExecutionProcessID":3484,"AccountName":"SYSTEM","OpcodeValue":0,"EventType":"INFO","FileVersion":"10.0.18362.1 (WinBuild.160101.0800)","Image":"C:\\Users\\pgustavo\\Desktop\\GruntHTTP.exe","AccountType":"User","UtcTime":"2020-08-05 06:10:02.449","Keywords":-9223372036854775808,"OriginalFileName":"hid.dll","host":"wec.internal.cloudapp.net","SourceModuleName":"eventlog","SeverityValue":2,"SignatureStatus":"Valid","Channel":"Microsoft-Windows-Sysmon/Operational","Description":"Hid User Library","ProcessId":"2064","Domain":"NT AUTHORITY","port":53997,"Company":"Microsoft Corporation","EventTime":"2020-08-05 02:10:02","Severity":"INFO","Product":"Microsoft® Windows® Operating System","@timestamp":"2020-08-05T06:10:03.799Z","Task":7,"ImageLoaded":"C:\\Windows\\System32\\hid.dll","EventReceivedTime":"2020-08-05 02:10:03"}
{"SourceProcessGUID":"{8715b604-0de9-5f2a-0c00-000000000400}","UtcTime":"2020-08-05 06:10:02.468","GrantedAccess":"0x1000","@version":"1","Keywords":-9223372036854775808,"ThreadID":4452,"TargetProcessId":"2064","UserID":"S-1-5-18","Version":3,"TargetProcessGUID":"{8715b604-458d-5f2a-3905-000000000400}","TargetImage":"C:\\Users\\pgustavo\\Desktop\\GruntHTTP.exe","CallTrace":"C:\\windows\\SYSTEM32\\ntdll.dll+9d104|C:\\windows\\System32\\RPCRT4.dll+2d2c4|C:\\windows\\system32\\lsasrv.dll+176ae|C:\\windows\\SYSTEM32\\SspiSrv.dll+1a72|C:\\windows\\System32\\RPCRT4.dll+76953|C:\\windows\\System32\\RPCRT4.dll+da036|C:\\windows\\System32\\RPCRT4.dll+37a4c|C:\\windows\\System32\\RPCRT4.dll+548c8|C:\\windows\\System32\\RPCRT4.dll+2c921|C:\\windows\\System32\\RPCRT4.dll+2c1db|C:\\windows\\System32\\RPCRT4.dll+1a86f|C:\\windows\\System32\\RPCRT4.dll+19d1a|C:\\windows\\System32\\RPCRT4.dll+19301|C:\\windows\\System32\\RPCRT4.dll+18d6e|C:\\windows\\System32\\RPCRT4.dll+169a5|C:\\windows\\SYSTEM32\\ntdll.dll+333ed|C:\\windows\\SYSTEM32\\ntdll.dll+34142|C:\\windows\\System32\\KERNEL32.DLL+17bd4|C:\\windows\\SYSTEM32\\ntdll.dll+6ce51","host":"wec.internal.cloudapp.net","Message":"Process accessed:\r\nRuleName: -\r\nUtcTime: 2020-08-05 06:10:02.468\r\nSourceProcessGUID: {8715b604-0de9-5f2a-0c00-000000000400}\r\nSourceProcessId: 760\r\nSourceThreadId: 2656\r\nSourceImage: C:\\windows\\system32\\lsass.exe\r\nTargetProcessGUID: {8715b604-458d-5f2a-3905-000000000400}\r\nTargetProcessId: 2064\r\nTargetImage: C:\\Users\\pgustavo\\Desktop\\GruntHTTP.exe\r\nGrantedAccess: 0x1000\r\nCallTrace: C:\\windows\\SYSTEM32\\ntdll.dll+9d104|C:\\windows\\System32\\RPCRT4.dll+2d2c4|C:\\windows\\system32\\lsasrv.dll+176ae|C:\\windows\\SYSTEM32\\SspiSrv.dll+1a72|C:\\windows\\System32\\RPCRT4.dll+76953|C:\\windows\\System32\\RPCRT4.dll+da036|C:\\windows\\System32\\RPCRT4.dll+37a4c|C:\\windows\\System32\\RPCRT4.dll+548c8|C:\\windows\\System32\\RPCRT4.dll+2c921|C:\\windows\\System32\\RPCRT4.dll+2c1db|C:\\windows\\System32\\RPCRT4.dll+1a86f|C:\\windows\\System32\\RPCRT4.dll+19d1a|C:\\windows\\System32\\RPCRT4.dll+19301|C:\\windows\\System32\\RPCRT4.dll+18d6e|C:\\windows\\System32\\RPCRT4.dll+169a5|C:\\windows\\SYSTEM32\\ntdll.dll+333ed|C:\\windows\\SYSTEM32\\ntdll.dll+34142|C:\\windows\\System32\\KERNEL32.DLL+17bd4|C:\\windows\\SYSTEM32\\ntdll.dll+6ce51","SourceModuleName":"eventlog","SourceThreadId":"2656","SourceName":"Microsoft-Windows-Sysmon","SourceProcessId":"760","SeverityValue":2,"tags":["mordorDataset"],"Channel":"Microsoft-Windows-Sysmon/Operational","ProviderGuid":"{5770385F-C22A-43E0-BF4C-06F5698FFBD9}","RuleName":"-","EventID":10,"RecordNumber":479970,"Hostname":"WORKSTATION5.theshire.local","SourceImage":"C:\\windows\\system32\\lsass.exe","ProcessId":"760","SourceModuleType":"im_msvistalog","Domain":"NT AUTHORITY","port":53997,"EventTime":"2020-08-05 02:10:02","Severity":"INFO","ExecutionProcessID":3484,"AccountName":"SYSTEM","OpcodeValue":0,"@timestamp":"2020-08-05T06:10:04.789Z","Task":10,"EventType":"INFO","EventReceivedTime":"2020-08-05 02:10:04","AccountType":"User"}
{"SourceProcessGUID":"{8715b604-0de9-5f2a-0c00-000000000400}","UtcTime":"2020-08-05 06:10:02.468","GrantedAccess":"0x1478","@version":"1","Keywords":-9223372036854775808,"ThreadID":4452,"TargetProcessId":"2064","UserID":"S-1-5-18","Version":3,"TargetProcessGUID":"{8715b604-458d-5f2a-3905-000000000400}","TargetImage":"C:\\Users\\pgustavo\\Desktop\\GruntHTTP.exe","CallTrace":"C:\\windows\\SYSTEM32\\ntdll.dll+9c534|C:\\windows\\system32\\lsasrv.dll+1792a|C:\\windows\\system32\\lsasrv.dll+184bf|C:\\windows\\system32\\lsasrv.dll+17783|C:\\windows\\SYSTEM32\\SspiSrv.dll+1a72|C:\\windows\\System32\\RPCRT4.dll+76953|C:\\windows\\System32\\RPCRT4.dll+da036|C:\\windows\\System32\\RPCRT4.dll+37a4c|C:\\windows\\System32\\RPCRT4.dll+548c8|C:\\windows\\System32\\RPCRT4.dll+2c921|C:\\windows\\System32\\RPCRT4.dll+2c1db|C:\\windows\\System32\\RPCRT4.dll+1a86f|C:\\windows\\System32\\RPCRT4.dll+19d1a|C:\\windows\\System32\\RPCRT4.dll+19301|C:\\windows\\System32\\RPCRT4.dll+18d6e|C:\\windows\\System32\\RPCRT4.dll+169a5|C:\\windows\\SYSTEM32\\ntdll.dll+333ed|C:\\windows\\SYSTEM32\\ntdll.dll+34142|C:\\windows\\System32\\KERNEL32.DLL+17bd4|C:\\windows\\SYSTEM32\\ntdll.dll+6ce51","host":"wec.internal.cloudapp.net","Message":"Process accessed:\r\nRuleName: -\r\nUtcTime: 2020-08-05 06:10:02.468\r\nSourceProcessGUID: {8715b604-0de9-5f2a-0c00-000000000400}\r\nSourceProcessId: 760\r\nSourceThreadId: 2656\r\nSourceImage: C:\\windows\\system32\\lsass.exe\r\nTargetProcessGUID: {8715b604-458d-5f2a-3905-000000000400}\r\nTargetProcessId: 2064\r\nTargetImage: C:\\Users\\pgustavo\\Desktop\\GruntHTTP.exe\r\nGrantedAccess: 0x1478\r\nCallTrace: C:\\windows\\SYSTEM32\\ntdll.dll+9c534|C:\\windows\\system32\\lsasrv.dll+1792a|C:\\windows\\system32\\lsasrv.dll+184bf|C:\\windows\\system32\\lsasrv.dll+17783|C:\\windows\\SYSTEM32\\SspiSrv.dll+1a72|C:\\windows\\System32\\RPCRT4.dll+76953|C:\\windows\\System32\\RPCRT4.dll+da036|C:\\windows\\System32\\RPCRT4.dll+37a4c|C:\\windows\\System32\\RPCRT4.dll+548c8|C:\\windows\\System32\\RPCRT4.dll+2c921|C:\\windows\\System32\\RPCRT4.dll+2c1db|C:\\windows\\System32\\RPCRT4.dll+1a86f|C:\\windows\\System32\\RPCRT4.dll+19d1a|C:\\windows\\System32\\RPCRT4.dll+19301|C:\\windows\\System32\\RPCRT4.dll+18d6e|C:\\windows\\System32\\RPCRT4.dll+169a5|C:\\windows\\SYSTEM32\\ntdll.dll+333ed|C:\\windows\\SYSTEM32\\ntdll.dll+34142|C:\\windows\\System32\\KERNEL32.DLL+17bd4|C:\\windows\\SYSTEM32\\ntdll.dll+6ce51","SourceModuleName":"eventlog","SourceThreadId":"2656","SourceName":"Microsoft-Windows-Sysmon","SourceProcessId":"760","SeverityValue":2,"tags":["mordorDataset"],"Channel":"Microsoft-Windows-Sysmon/Operational","ProviderGuid":"{5770385F-C22A-43E0-BF4C-06F5698FFBD9}","RuleName":"-","EventID":10,"RecordNumber":479971,"Hostname":"WORKSTATION5.theshire.local","SourceImage":"C:\\windows\\system32\\lsass.exe","ProcessId":"760","SourceModuleType":"im_msvistalog","Domain":"NT AUTHORITY","port":53997,"EventTime":"2020-08-05 02:10:02","Severity":"INFO","ExecutionProcessID":3484,"AccountName":"SYSTEM","OpcodeValue":0,"@timestamp":"2020-08-05T06:10:04.789Z","Task":10,"EventType":"INFO","EventReceivedTime":"2020-08-05 02:10:04","AccountType":"User"}
{"@version":"1","ThreadID":4452,"UserID":"S-1-5-18","Version":3,"Message":"Image loaded:\r\nRuleName: -\r\nUtcTime: 2020-08-05 06:10:02.472\r\nProcessGuid: {8715b604-458d-5f2a-3905-000000000400}\r\nProcessId: 2064\r\nImage: C:\\Users\\pgustavo\\Desktop\\GruntHTTP.exe\r\nImageLoaded: C:\\Windows\\System32\\vaultcli.dll\r\nFileVersion: 10.0.18362.959 (WinBuild.160101.0800)\r\nDescription: Credential Vault Client Library\r\nProduct: Microsoft® Windows® Operating System\r\nCompany: Microsoft Corporation\r\nOriginalFileName: vaultcli.dll\r\nHashes: SHA1=41D6E56CDD1BD745305B55033DE6D71A0C816A2A,MD5=A750374BAAA96BDA7CB3B772C67446D6,SHA256=BB2899DF3D213D2576FFDAD1C85882BDA08B0920FD5FCCC8A798C4C39030AFAC,IMPHASH=049C44E17034082CE0064BAFC2524399\r\nSigned: true\r\nSignature: Microsoft Windows\r\nSignatureStatus: Valid","ProcessGuid":"{8715b604-458d-5f2a-3905-000000000400}","SourceName":"Microsoft-Windows-Sysmon","Hashes":"SHA1=41D6E56CDD1BD745305B55033DE6D71A0C816A2A,MD5=A750374BAAA96BDA7CB3B772C67446D6,SHA256=BB2899DF3D213D2576FFDAD1C85882BDA08B0920FD5FCCC8A798C4C39030AFAC,IMPHASH=049C44E17034082CE0064BAFC2524399","Signature":"Microsoft Windows","tags":["mordorDataset"],"RuleName":"-","ProviderGuid":"{5770385F-C22A-43E0-BF4C-06F5698FFBD9}","EventID":7,"RecordNumber":479972,"Hostname":"WORKSTATION5.theshire.local","SourceModuleType":"im_msvistalog","Signed":"true","ExecutionProcessID":3484,"AccountName":"SYSTEM","OpcodeValue":0,"EventType":"INFO","FileVersion":"10.0.18362.959 (WinBuild.160101.0800)","Image":"C:\\Users\\pgustavo\\Desktop\\GruntHTTP.exe","AccountType":"User","UtcTime":"2020-08-05 06:10:02.472","Keywords":-9223372036854775808,"OriginalFileName":"vaultcli.dll","host":"wec.internal.cloudapp.net","SourceModuleName":"eventlog","SeverityValue":2,"SignatureStatus":"Valid","Channel":"Microsoft-Windows-Sysmon/Operational","Description":"Credential Vault Client Library","ProcessId":"2064","Domain":"NT AUTHORITY","port":53997,"Company":"Microsoft Corporation","EventTime":"2020-08-05 02:10:02","Severity":"INFO","Product":"Microsoft® Windows® Operating System","@timestamp":"2020-08-05T06:10:04.789Z","Task":7,"ImageLoaded":"C:\\Windows\\System32\\vaultcli.dll","EventReceivedTime":"2020-08-05 02:10:04"}
{"UtcTime":"2020-08-05 06:10:02.476","@version":"1","Keywords":-9223372036854775808,"EventTypeOrignal":"INFO","ThreadID":4452,"UserID":"S-1-5-18","Version":2,"host":"wec.internal.cloudapp.net","Message":"Registry object added or deleted:\r\nRuleName: -\r\nEventType: CreateKey\r\nUtcTime: 2020-08-05 06:10:02.476\r\nProcessGuid: {8715b604-0dec-5f2a-2200-000000000400}\r\nProcessId: 1432\r\nImage: C:\\windows\\system32\\svchost.exe\r\nTargetObject: HKLM\\System\\CurrentControlSet\\Services\\Tcpip\\Parameters","SourceModuleName":"eventlog","ProcessGuid":"{8715b604-0dec-5f2a-2200-000000000400}","SourceName":"Microsoft-Windows-Sysmon","SeverityValue":2,"tags":["mordorDataset"],"Channel":"Microsoft-Windows-Sysmon/Operational","ProviderGuid":"{5770385F-C22A-43E0-BF4C-06F5698FFBD9}","RuleName":"-","EventID":12,"RecordNumber":479973,"TargetObject":"HKLM\\System\\CurrentControlSet\\Services\\Tcpip\\Parameters","Hostname":"WORKSTATION5.theshire.local","ProcessId":"1432","SourceModuleType":"im_msvistalog","Domain":"NT AUTHORITY","port":53997,"EventTime":"2020-08-05 02:10:02","Severity":"INFO","ExecutionProcessID":3484,"AccountName":"SYSTEM","OpcodeValue":0,"@timestamp":"2020-08-05T06:10:04.790Z","Task":12,"EventType":"CreateKey","EventReceivedTime":"2020-08-05 02:10:04","Image":"C:\\windows\\system32\\svchost.exe","AccountType":"User"}
{"@version":"1","ThreadID":4456,"UserID":"S-1-5-18","Version":3,"Message":"Image loaded:\r\nRuleName: -\r\nUtcTime: 2020-08-05 06:10:02.462\r\nProcessGuid: {8715b604-458d-5f2a-3905-000000000400}\r\nProcessId: 2064\r\nImage: C:\\Users\\pgustavo\\Desktop\\GruntHTTP.exe\r\nImageLoaded: C:\\Windows\\System32\\Wldap32.dll\r\nFileVersion: 10.0.18362.449 (WinBuild.160101.0800)\r\nDescription: Win32 LDAP API DLL\r\nProduct: Microsoft® Windows® Operating System\r\nCompany: Microsoft Corporation\r\nOriginalFileName: WLDAP32.DLL\r\nHashes: SHA1=FC578336307198EB7705E51CB41B7F8D1E7005F3,MD5=B5279E0D137AB95A787539323646954E,SHA256=E710817B205BE4D9F6857C62C2C8DB4995AD7D122B8C29552C6CD5DDC55FE78E,IMPHASH=F7AEA6F23FD3BA4DA0381D63C6FC222E\r\nSigned: true\r\nSignature: Microsoft Windows\r\nSignatureStatus: Valid","ProcessGuid":"{8715b604-458d-5f2a-3905-000000000400}","SourceName":"Microsoft-Windows-Sysmon","Hashes":"SHA1=FC578336307198EB7705E51CB41B7F8D1E7005F3,MD5=B5279E0D137AB95A787539323646954E,SHA256=E710817B205BE4D9F6857C62C2C8DB4995AD7D122B8C29552C6CD5DDC55FE78E,IMPHASH=F7AEA6F23FD3BA4DA0381D63C6FC222E","Signature":"Microsoft Windows","tags":["mordorDataset"],"RuleName":"-","ProviderGuid":"{5770385F-C22A-43E0-BF4C-06F5698FFBD9}","EventID":7,"RecordNumber":479974,"Hostname":"WORKSTATION5.theshire.local","SourceModuleType":"im_msvistalog","Signed":"true","ExecutionProcessID":3484,"AccountName":"SYSTEM","OpcodeValue":0,"EventType":"INFO","FileVersion":"10.0.18362.449 (WinBuild.160101.0800)","Image":"C:\\Users\\pgustavo\\Desktop\\GruntHTTP.exe","AccountType":"User","UtcTime":"2020-08-05 06:10:02.462","Keywords":-9223372036854775808,"OriginalFileName":"WLDAP32.DLL","host":"wec.internal.cloudapp.net","SourceModuleName":"eventlog","SeverityValue":2,"SignatureStatus":"Valid","Channel":"Microsoft-Windows-Sysmon/Operational","Description":"Win32 LDAP API DLL","ProcessId":"2064","Domain":"NT AUTHORITY","port":53997,"Company":"Microsoft Corporation","EventTime":"2020-08-05 02:10:02","Severity":"INFO","Product":"Microsoft® Windows® Operating System","@timestamp":"2020-08-05T06:10:04.790Z","Task":7,"ImageLoaded":"C:\\Windows\\System32\\Wldap32.dll","EventReceivedTime":"2020-08-05 02:10:04"}
{"UtcTime":"2020-08-05 06:10:02.485","@version":"1","Keywords":-9223372036854775808,"EventTypeOrignal":"INFO","ThreadID":4452,"UserID":"S-1-5-18","Version":2,"host":"wec.internal.cloudapp.net","Message":"Registry object added or deleted:\r\nRuleName: -\r\nEventType: CreateKey\r\nUtcTime: 2020-08-05 06:10:02.485\r\nProcessGuid: {8715b604-0de9-5f2a-0c00-000000000400}\r\nProcessId: 760\r\nImage: C:\\windows\\system32\\lsass.exe\r\nTargetObject: HKLM\\System\\CurrentControlSet\\Services\\Tcpip\\Parameters","SourceModuleName":"eventlog","ProcessGuid":"{8715b604-0de9-5f2a-0c00-000000000400}","SourceName":"Microsoft-Windows-Sysmon","SeverityValue":2,"tags":["mordorDataset"],"Channel":"Microsoft-Windows-Sysmon/Operational","ProviderGuid":"{5770385F-C22A-43E0-BF4C-06F5698FFBD9}","RuleName":"-","EventID":12,"RecordNumber":479975,"TargetObject":"HKLM\\System\\CurrentControlSet\\Services\\Tcpip\\Parameters","Hostname":"WORKSTATION5.theshire.local","ProcessId":"760","SourceModuleType":"im_msvistalog","Domain":"NT AUTHORITY","port":53997,"EventTime":"2020-08-05 02:10:02","Severity":"INFO","ExecutionProcessID":3484,"AccountName":"SYSTEM","OpcodeValue":0,"@timestamp":"2020-08-05T06:10:04.791Z","Task":12,"EventType":"CreateKey","EventReceivedTime":"2020-08-05 02:10:04","Image":"C:\\windows\\system32\\lsass.exe","AccountType":"User"}
{"@version":"1","ThreadID":4456,"UserID":"S-1-5-18","Version":3,"Message":"Image loaded:\r\nRuleName: -\r\nUtcTime: 2020-08-05 06:10:02.473\r\nProcessGuid: {8715b604-458d-5f2a-3905-000000000400}\r\nProcessId: 2064\r\nImage: C:\\Users\\pgustavo\\Desktop\\GruntHTTP.exe\r\nImageLoaded: C:\\Windows\\System32\\WinTypes.dll\r\nFileVersion: 10.0.18362.900 (WinBuild.160101.0800)\r\nDescription: Windows Base Types DLL\r\nProduct: Microsoft® Windows® Operating System\r\nCompany: Microsoft Corporation\r\nOriginalFileName: WinTypes.dll\r\nHashes: SHA1=07F94F6DEA4D7DF794A9AF37FEBD99C9933F735B,MD5=CF0ED3093181ECD7EFA7C438028C933F,SHA256=666DCE82A043ACC4BA40F4BC5CAA008FDA6EA0F4096DB11CB28E885D12174FB0,IMPHASH=554A9752315AC45D1DA4038F3CB03786\r\nSigned: true\r\nSignature: Microsoft Windows\r\nSignatureStatus: Valid","ProcessGuid":"{8715b604-458d-5f2a-3905-000000000400}","SourceName":"Microsoft-Windows-Sysmon","Hashes":"SHA1=07F94F6DEA4D7DF794A9AF37FEBD99C9933F735B,MD5=CF0ED3093181ECD7EFA7C438028C933F,SHA256=666DCE82A043ACC4BA40F4BC5CAA008FDA6EA0F4096DB11CB28E885D12174FB0,IMPHASH=554A9752315AC45D1DA4038F3CB03786","Signature":"Microsoft Windows","tags":["mordorDataset"],"RuleName":"-","ProviderGuid":"{5770385F-C22A-43E0-BF4C-06F5698FFBD9}","EventID":7,"RecordNumber":479976,"Hostname":"WORKSTATION5.theshire.local","SourceModuleType":"im_msvistalog","Signed":"true","ExecutionProcessID":3484,"AccountName":"SYSTEM","OpcodeValue":0,"EventType":"INFO","FileVersion":"10.0.18362.900 (WinBuild.160101.0800)","Image":"C:\\Users\\pgustavo\\Desktop\\GruntHTTP.exe","AccountType":"User","UtcTime":"2020-08-05 06:10:02.473","Keywords":-9223372036854775808,"OriginalFileName":"WinTypes.dll","host":"wec.internal.cloudapp.net","SourceModuleName":"eventlog","SeverityValue":2,"SignatureStatus":"Valid","Channel":"Microsoft-Windows-Sysmon/Operational","Description":"Windows Base Types DLL","ProcessId":"2064","Domain":"NT AUTHORITY","port":53997,"Company":"Microsoft Corporation","EventTime":"2020-08-05 02:10:02","Severity":"INFO","Product":"Microsoft® Windows® Operating System","@timestamp":"2020-08-05T06:10:04.791Z","Task":7,"ImageLoaded":"C:\\Windows\\System32\\WinTypes.dll","EventReceivedTime":"2020-08-05 02:10:04"}
{"@version":"1","ThreadID":4456,"UserID":"S-1-5-18","Version":3,"Message":"Image loaded:\r\nRuleName: -\r\nUtcTime: 2020-08-05 06:10:02.609\r\nProcessGuid: {8715b604-458d-5f2a-3905-000000000400}\r\nProcessId: 2064\r\nImage: C:\\Users\\pgustavo\\Desktop\\GruntHTTP.exe\r\nImageLoaded: C:\\Windows\\System32\\kerberos.dll\r\nFileVersion: 10.0.18362.959 (WinBuild.160101.0800)\r\nDescription: Kerberos Security Package\r\nProduct: Microsoft® Windows® Operating System\r\nCompany: Microsoft Corporation\r\nOriginalFileName: kerberos.dll\r\nHashes: SHA1=2895BDD9B52F31AF201A0DA03233E02D4DC7A895,MD5=8BC9372944EBF6127F96A2B2B16185C7,SHA256=BEA335C79615C485C6AD1743A99D8C4D06154897B2D9067679227581751EE618,IMPHASH=B50B0756F7F0C467D73295C6BD962D8C\r\nSigned: true\r\nSignature: Microsoft Windows\r\nSignatureStatus: Valid","ProcessGuid":"{8715b604-458d-5f2a-3905-000000000400}","SourceName":"Microsoft-Windows-Sysmon","Hashes":"SHA1=2895BDD9B52F31AF201A0DA03233E02D4DC7A895,MD5=8BC9372944EBF6127F96A2B2B16185C7,SHA256=BEA335C79615C485C6AD1743A99D8C4D06154897B2D9067679227581751EE618,IMPHASH=B50B0756F7F0C467D73295C6BD962D8C","Signature":"Microsoft Windows","tags":["mordorDataset"],"RuleName":"-","ProviderGuid":"{5770385F-C22A-43E0-BF4C-06F5698FFBD9}","EventID":7,"RecordNumber":479977,"Hostname":"WORKSTATION5.theshire.local","SourceModuleType":"im_msvistalog","Signed":"true","ExecutionProcessID":3484,"AccountName":"SYSTEM","OpcodeValue":0,"EventType":"INFO","FileVersion":"10.0.18362.959 (WinBuild.160101.0800)","Image":"C:\\Users\\pgustavo\\Desktop\\GruntHTTP.exe","AccountType":"User","UtcTime":"2020-08-05 06:10:02.609","Keywords":-9223372036854775808,"OriginalFileName":"kerberos.dll","host":"wec.internal.cloudapp.net","SourceModuleName":"eventlog","SeverityValue":2,"SignatureStatus":"Valid","Channel":"Microsoft-Windows-Sysmon/Operational","Description":"Kerberos Security Package","ProcessId":"2064","Domain":"NT AUTHORITY","port":53997,"Company":"Microsoft Corporation","EventTime":"2020-08-05 02:10:02","Severity":"INFO","Product":"Microsoft® Windows® Operating System","@timestamp":"2020-08-05T06:10:04.791Z","Task":7,"ImageLoaded":"C:\\Windows\\System32\\kerberos.dll","EventReceivedTime":"2020-08-05 02:10:04"}
{"SourceProcessGUID":"{8715b604-0deb-5f2a-1200-000000000400}","UtcTime":"2020-08-05 06:10:03.405","GrantedAccess":"0x1000","@version":"1","Keywords":-9223372036854775808,"ThreadID":4452,"TargetProcessId":"1988","UserID":"S-1-5-18","Version":3,"TargetProcessGUID":"{8715b604-0dee-5f2a-2d00-000000000400}","TargetImage":"C:\\windows\\system32\\svchost.exe","CallTrace":"C:\\windows\\SYSTEM32\\ntdll.dll+9c534|C:\\windows\\System32\\KERNELBASE.dll+6a7f5|c:\\windows\\system32\\lsm.dll+1184f|c:\\windows\\system32\\lsm.dll+1172e|C:\\windows\\System32\\RPCRT4.dll+76953|C:\\windows\\System32\\RPCRT4.dll+da036|C:\\windows\\System32\\RPCRT4.dll+37a4c|C:\\windows\\System32\\RPCRT4.dll+548c8|C:\\windows\\System32\\RPCRT4.dll+2c921|C:\\windows\\System32\\RPCRT4.dll+2c1db|C:\\windows\\System32\\RPCRT4.dll+1a86f|C:\\windows\\System32\\RPCRT4.dll+19d1a|C:\\windows\\System32\\RPCRT4.dll+19301|C:\\windows\\System32\\RPCRT4.dll+18d6e|C:\\windows\\System32\\RPCRT4.dll+169a5|C:\\windows\\SYSTEM32\\ntdll.dll+333ed|C:\\windows\\SYSTEM32\\ntdll.dll+34142|C:\\windows\\System32\\KERNEL32.DLL+17bd4|C:\\windows\\SYSTEM32\\ntdll.dll+6ce51","host":"wec.internal.cloudapp.net","Message":"Process accessed:\r\nRuleName: -\r\nUtcTime: 2020-08-05 06:10:03.405\r\nSourceProcessGUID: {8715b604-0deb-5f2a-1200-000000000400}\r\nSourceProcessId: 448\r\nSourceThreadId: 7584\r\nSourceImage: C:\\windows\\system32\\svchost.exe\r\nTargetProcessGUID: {8715b604-0dee-5f2a-2d00-000000000400}\r\nTargetProcessId: 1988\r\nTargetImage: C:\\windows\\system32\\svchost.exe\r\nGrantedAccess: 0x1000\r\nCallTrace: C:\\windows\\SYSTEM32\\ntdll.dll+9c534|C:\\windows\\System32\\KERNELBASE.dll+6a7f5|c:\\windows\\system32\\lsm.dll+1184f|c:\\windows\\system32\\lsm.dll+1172e|C:\\windows\\System32\\RPCRT4.dll+76953|C:\\windows\\System32\\RPCRT4.dll+da036|C:\\windows\\System32\\RPCRT4.dll+37a4c|C:\\windows\\System32\\RPCRT4.dll+548c8|C:\\windows\\System32\\RPCRT4.dll+2c921|C:\\windows\\System32\\RPCRT4.dll+2c1db|C:\\windows\\System32\\RPCRT4.dll+1a86f|C:\\windows\\System32\\RPCRT4.dll+19d1a|C:\\windows\\System32\\RPCRT4.dll+19301|C:\\windows\\System32\\RPCRT4.dll+18d6e|C:\\windows\\System32\\RPCRT4.dll+169a5|C:\\windows\\SYSTEM32\\ntdll.dll+333ed|C:\\windows\\SYSTEM32\\ntdll.dll+34142|C:\\windows\\System32\\KERNEL32.DLL+17bd4|C:\\windows\\SYSTEM32\\ntdll.dll+6ce51","SourceModuleName":"eventlog","SourceThreadId":"7584","SourceName":"Microsoft-Windows-Sysmon","SourceProcessId":"448","SeverityValue":2,"tags":["mordorDataset"],"Channel":"Microsoft-Windows-Sysmon/Operational","ProviderGuid":"{5770385F-C22A-43E0-BF4C-06F5698FFBD9}","RuleName":"-","EventID":10,"RecordNumber":479978,"Hostname":"WORKSTATION5.theshire.local","SourceImage":"C:\\windows\\system32\\svchost.exe","ProcessId":"448","SourceModuleType":"im_msvistalog","Domain":"NT AUTHORITY","port":53997,"EventTime":"2020-08-05 02:10:03","Severity":"INFO","ExecutionProcessID":3484,"AccountName":"SYSTEM","OpcodeValue":0,"@timestamp":"2020-08-05T06:10:04.792Z","Task":10,"EventType":"INFO","EventReceivedTime":"2020-08-05 02:10:04","AccountType":"User"}
{"SourceProcessGUID":"{7d3be4b5-0dea-5f2a-1200-000000000400}","UtcTime":"2020-08-05 06:10:03.095","GrantedAccess":"0x1000","@version":"1","Keywords":-9223372036854775808,"ThreadID":4456,"TargetProcessId":"1900","UserID":"S-1-5-18","Version":3,"TargetProcessGUID":"{7d3be4b5-0ded-5f2a-2d00-000000000400}","TargetImage":"C:\\windows\\system32\\svchost.exe","CallTrace":"C:\\windows\\SYSTEM32\\ntdll.dll+9c534|C:\\windows\\System32\\KERNELBASE.dll+6a7f5|c:\\windows\\system32\\lsm.dll+1184f|c:\\windows\\system32\\lsm.dll+1172e|C:\\windows\\System32\\RPCRT4.dll+76953|C:\\windows\\System32\\RPCRT4.dll+da036|C:\\windows\\System32\\RPCRT4.dll+37a4c|C:\\windows\\System32\\RPCRT4.dll+548c8|C:\\windows\\System32\\RPCRT4.dll+2c921|C:\\windows\\System32\\RPCRT4.dll+2c1db|C:\\windows\\System32\\RPCRT4.dll+1a86f|C:\\windows\\System32\\RPCRT4.dll+19d1a|C:\\windows\\System32\\RPCRT4.dll+19301|C:\\windows\\System32\\RPCRT4.dll+18d6e|C:\\windows\\System32\\RPCRT4.dll+169a5|C:\\windows\\SYSTEM32\\ntdll.dll+333ed|C:\\windows\\SYSTEM32\\ntdll.dll+34142|C:\\windows\\System32\\KERNEL32.DLL+17bd4|C:\\windows\\SYSTEM32\\ntdll.dll+6ce51","host":"wec.internal.cloudapp.net","Message":"Process accessed:\r\nRuleName: -\r\nUtcTime: 2020-08-05 06:10:03.095\r\nSourceProcessGUID: {7d3be4b5-0dea-5f2a-1200-000000000400}\r\nSourceProcessId: 440\r\nSourceThreadId: 9744\r\nSourceImage: C:\\windows\\system32\\svchost.exe\r\nTargetProcessGUID: {7d3be4b5-0ded-5f2a-2d00-000000000400}\r\nTargetProcessId: 1900\r\nTargetImage: C:\\windows\\system32\\svchost.exe\r\nGrantedAccess: 0x1000\r\nCallTrace: C:\\windows\\SYSTEM32\\ntdll.dll+9c534|C:\\windows\\System32\\KERNELBASE.dll+6a7f5|c:\\windows\\system32\\lsm.dll+1184f|c:\\windows\\system32\\lsm.dll+1172e|C:\\windows\\System32\\RPCRT4.dll+76953|C:\\windows\\System32\\RPCRT4.dll+da036|C:\\windows\\System32\\RPCRT4.dll+37a4c|C:\\windows\\System32\\RPCRT4.dll+548c8|C:\\windows\\System32\\RPCRT4.dll+2c921|C:\\windows\\System32\\RPCRT4.dll+2c1db|C:\\windows\\System32\\RPCRT4.dll+1a86f|C:\\windows\\System32\\RPCRT4.dll+19d1a|C:\\windows\\System32\\RPCRT4.dll+19301|C:\\windows\\System32\\RPCRT4.dll+18d6e|C:\\windows\\System32\\RPCRT4.dll+169a5|C:\\windows\\SYSTEM32\\ntdll.dll+333ed|C:\\windows\\SYSTEM32\\ntdll.dll+34142|C:\\windows\\System32\\KERNEL32.DLL+17bd4|C:\\windows\\SYSTEM32\\ntdll.dll+6ce51","SourceModuleName":"eventlog","SourceThreadId":"9744","SourceName":"Microsoft-Windows-Sysmon","SourceProcessId":"440","SeverityValue":2,"tags":["mordorDataset"],"Channel":"Microsoft-Windows-Sysmon/Operational","ProviderGuid":"{5770385F-C22A-43E0-BF4C-06F5698FFBD9}","RuleName":"-","EventID":10,"RecordNumber":304094,"Hostname":"WORKSTATION6.theshire.local","SourceImage":"C:\\windows\\system32\\svchost.exe","ProcessId":"440","SourceModuleType":"im_msvistalog","Domain":"NT AUTHORITY","port":53997,"EventTime":"2020-08-05 02:10:03","Severity":"INFO","ExecutionProcessID":3240,"AccountName":"SYSTEM","OpcodeValue":0,"@timestamp":"2020-08-05T06:10:05.796Z","Task":10,"EventType":"INFO","EventReceivedTime":"2020-08-05 02:10:05","AccountType":"User"}
{"@version":"1","ThreadID":4392,"SourceIsIpv6":"false","UserID":"S-1-5-18","Version":5,"SourcePortName":"-","DestinationPortName":"-","Message":"Network connection detected:\r\nRuleName: -\r\nUtcTime: 2020-08-05 06:10:01.065\r\nProcessGuid: {8715b604-458d-5f2a-3905-000000000400}\r\nProcessId: 2064\r\nImage: C:\\Users\\pgustavo\\Desktop\\GruntHTTP.exe\r\nUser: THESHIRE\\pgustavo\r\nProtocol: tcp\r\nInitiated: true\r\nSourceIsIpv6: false\r\nSourceIp: 172.18.39.5\r\nSourceHostname: -\r\nSourcePort: 59695\r\nSourcePortName: -\r\nDestinationIsIpv6: false\r\nDestinationIp: 172.18.38.5\r\nDestinationHostname: -\r\nDestinationPort: 135\r\nDestinationPortName: -","ProcessGuid":"{8715b604-458d-5f2a-3905-000000000400}","User":"THESHIRE\\pgustavo","SourceName":"Microsoft-Windows-Sysmon","DestinationHostname":"-","tags":["mordorDataset"],"RuleName":"-","ProviderGuid":"{5770385F-C22A-43E0-BF4C-06F5698FFBD9}","EventID":3,"RecordNumber":479979,"Hostname":"WORKSTATION5.theshire.local","Protocol":"tcp","SourceModuleType":"im_msvistalog","SourceHostname":"-","ExecutionProcessID":3484,"AccountName":"SYSTEM","OpcodeValue":0,"SourceIp":"172.18.39.5","EventType":"INFO","Image":"C:\\Users\\pgustavo\\Desktop\\GruntHTTP.exe","AccountType":"User","UtcTime":"2020-08-05 06:10:01.065","Keywords":-9223372036854775808,"host":"wec.internal.cloudapp.net","SourceModuleName":"eventlog","SeverityValue":2,"DestinationPort":"135","Channel":"Microsoft-Windows-Sysmon/Operational","ProcessId":"2064","Domain":"NT AUTHORITY","port":53997,"EventTime":"2020-08-05 02:10:03","SourcePort":"59695","Severity":"INFO","@timestamp":"2020-08-05T06:10:05.796Z","Task":3,"DestinationIsIpv6":"false","DestinationIp":"172.18.38.5","Initiated":"true","EventReceivedTime":"2020-08-05 02:10:05"}
{"@version":"1","ThreadID":4392,"SourceIsIpv6":"false","UserID":"S-1-5-18","Version":5,"SourcePortName":"-","DestinationPortName":"-","Message":"Network connection detected:\r\nRuleName: -\r\nUtcTime: 2020-08-05 06:10:01.069\r\nProcessGuid: {8715b604-458d-5f2a-3905-000000000400}\r\nProcessId: 2064\r\nImage: C:\\Users\\pgustavo\\Desktop\\GruntHTTP.exe\r\nUser: THESHIRE\\pgustavo\r\nProtocol: tcp\r\nInitiated: true\r\nSourceIsIpv6: false\r\nSourceIp: 172.18.39.5\r\nSourceHostname: -\r\nSourcePort: 59696\r\nSourcePortName: -\r\nDestinationIsIpv6: false\r\nDestinationIp: 172.18.38.5\r\nDestinationHostname: -\r\nDestinationPort: 49674\r\nDestinationPortName: -","ProcessGuid":"{8715b604-458d-5f2a-3905-000000000400}","User":"THESHIRE\\pgustavo","SourceName":"Microsoft-Windows-Sysmon","DestinationHostname":"-","tags":["mordorDataset"],"RuleName":"-","ProviderGuid":"{5770385F-C22A-43E0-BF4C-06F5698FFBD9}","EventID":3,"RecordNumber":479980,"Hostname":"WORKSTATION5.theshire.local","Protocol":"tcp","SourceModuleType":"im_msvistalog","SourceHostname":"-","ExecutionProcessID":3484,"AccountName":"SYSTEM","OpcodeValue":0,"SourceIp":"172.18.39.5","EventType":"INFO","Image":"C:\\Users\\pgustavo\\Desktop\\GruntHTTP.exe","AccountType":"User","UtcTime":"2020-08-05 06:10:01.069","Keywords":-9223372036854775808,"host":"wec.internal.cloudapp.net","SourceModuleName":"eventlog","SeverityValue":2,"DestinationPort":"49674","Channel":"Microsoft-Windows-Sysmon/Operational","ProcessId":"2064","Domain":"NT AUTHORITY","port":53997,"EventTime":"2020-08-05 02:10:03","SourcePort":"59696","Severity":"INFO","@timestamp":"2020-08-05T06:10:05.797Z","Task":3,"DestinationIsIpv6":"false","DestinationIp":"172.18.38.5","Initiated":"true","EventReceivedTime":"2020-08-05 02:10:05"}
{"@version":"1","ThreadID":4392,"SourceIsIpv6":"false","UserID":"S-1-5-18","Version":5,"SourcePortName":"-","DestinationPortName":"-","Message":"Network connection detected:\r\nRuleName: -\r\nUtcTime: 2020-08-05 06:10:01.070\r\nProcessGuid: {8715b604-0de9-5f2a-0c00-000000000400}\r\nProcessId: 760\r\nImage: C:\\Windows\\System32\\lsass.exe\r\nUser: NT AUTHORITY\\SYSTEM\r\nProtocol: udp\r\nInitiated: true\r\nSourceIsIpv6: false\r\nSourceIp: 172.18.39.5\r\nSourceHostname: -\r\nSourcePort: 60748\r\nSourcePortName: -\r\nDestinationIsIpv6: false\r\nDestinationIp: 172.18.38.5\r\nDestinationHostname: -\r\nDestinationPort: 389\r\nDestinationPortName: -","ProcessGuid":"{8715b604-0de9-5f2a-0c00-000000000400}","User":"NT AUTHORITY\\SYSTEM","SourceName":"Microsoft-Windows-Sysmon","DestinationHostname":"-","tags":["mordorDataset"],"RuleName":"-","ProviderGuid":"{5770385F-C22A-43E0-BF4C-06F5698FFBD9}","EventID":3,"RecordNumber":479981,"Hostname":"WORKSTATION5.theshire.local","Protocol":"udp","SourceModuleType":"im_msvistalog","SourceHostname":"-","ExecutionProcessID":3484,"AccountName":"SYSTEM","OpcodeValue":0,"SourceIp":"172.18.39.5","EventType":"INFO","Image":"C:\\Windows\\System32\\lsass.exe","AccountType":"User","UtcTime":"2020-08-05 06:10:01.070","Keywords":-9223372036854775808,"host":"wec.internal.cloudapp.net","SourceModuleName":"eventlog","SeverityValue":2,"DestinationPort":"389","Channel":"Microsoft-Windows-Sysmon/Operational","ProcessId":"760","Domain":"NT AUTHORITY","port":53997,"EventTime":"2020-08-05 02:10:03","SourcePort":"60748","Severity":"INFO","@timestamp":"2020-08-05T06:10:05.797Z","Task":3,"DestinationIsIpv6":"false","DestinationIp":"172.18.38.5","Initiated":"true","EventReceivedTime":"2020-08-05 02:10:05"}
{"QueryName":"MORDORDC","UtcTime":"2020-08-05 06:10:01.070","@version":"1","Keywords":-9223372036854775808,"ThreadID":4468,"UserID":"S-1-5-18","Version":5,"QueryResults":"::ffff:172.18.38.5;","host":"wec.internal.cloudapp.net","Message":"Dns query:\r\nRuleName: -\r\nUtcTime: 2020-08-05 06:10:01.070\r\nProcessGuid: {8715b604-458d-5f2a-3905-000000000400}\r\nProcessId: 2064\r\nQueryName: MORDORDC\r\nQueryStatus: 0\r\nQueryResults: ::ffff:172.18.38.5;\r\nImage: C:\\Users\\pgustavo\\Desktop\\GruntHTTP.exe","SourceModuleName":"eventlog","ProcessGuid":"{8715b604-458d-5f2a-3905-000000000400}","SourceName":"Microsoft-Windows-Sysmon","QueryStatus":"0","SeverityValue":2,"tags":["mordorDataset"],"Channel":"Microsoft-Windows-Sysmon/Operational","ProviderGuid":"{5770385F-C22A-43E0-BF4C-06F5698FFBD9}","RuleName":"-","EventID":22,"RecordNumber":479982,"Hostname":"WORKSTATION5.theshire.local","ProcessId":"2064","SourceModuleType":"im_msvistalog","Domain":"NT AUTHORITY","port":53997,"EventTime":"2020-08-05 02:10:03","Severity":"INFO","ExecutionProcessID":3484,"AccountName":"SYSTEM","OpcodeValue":0,"@timestamp":"2020-08-05T06:10:05.798Z","Task":22,"EventType":"INFO","EventReceivedTime":"2020-08-05 02:10:05","Image":"C:\\Users\\pgustavo\\Desktop\\GruntHTTP.exe","AccountType":"User"}
{"@version":"1","ThreadID":4392,"SourceIsIpv6":"false","UserID":"S-1-5-18","Version":5,"SourcePortName":"-","DestinationPortName":"-","Message":"Network connection detected:\r\nRuleName: -\r\nUtcTime: 2020-08-05 06:10:01.172\r\nProcessGuid: {8715b604-0de9-5f2a-0c00-000000000400}\r\nProcessId: 760\r\nImage: C:\\Windows\\System32\\lsass.exe\r\nUser: NT AUTHORITY\\SYSTEM\r\nProtocol: tcp\r\nInitiated: true\r\nSourceIsIpv6: false\r\nSourceIp: 172.18.39.5\r\nSourceHostname: -\r\nSourcePort: 59697\r\nSourcePortName: -\r\nDestinationIsIpv6: false\r\nDestinationIp: 172.18.38.5\r\nDestinationHostname: -\r\nDestinationPort: 88\r\nDestinationPortName: -","ProcessGuid":"{8715b604-0de9-5f2a-0c00-000000000400}","User":"NT AUTHORITY\\SYSTEM","SourceName":"Microsoft-Windows-Sysmon","DestinationHostname":"-","tags":["mordorDataset"],"RuleName":"-","ProviderGuid":"{5770385F-C22A-43E0-BF4C-06F5698FFBD9}","EventID":3,"RecordNumber":479983,"Hostname":"WORKSTATION5.theshire.local","Protocol":"tcp","SourceModuleType":"im_msvistalog","SourceHostname":"-","ExecutionProcessID":3484,"AccountName":"SYSTEM","OpcodeValue":0,"SourceIp":"172.18.39.5","EventType":"INFO","Image":"C:\\Windows\\System32\\lsass.exe","AccountType":"User","UtcTime":"2020-08-05 06:10:01.172","Keywords":-9223372036854775808,"host":"wec.internal.cloudapp.net","SourceModuleName":"eventlog","SeverityValue":2,"DestinationPort":"88","Channel":"Microsoft-Windows-Sysmon/Operational","ProcessId":"760","Domain":"NT AUTHORITY","port":53997,"EventTime":"2020-08-05 02:10:03","SourcePort":"59697","Severity":"INFO","@timestamp":"2020-08-05T06:10:05.798Z","Task":3,"DestinationIsIpv6":"false","DestinationIp":"172.18.38.5","Initiated":"true","EventReceivedTime":"2020-08-05 02:10:05"}
