{"tags":["mordorDataset"],"@version":"1","EventType":"AUDIT_SUCCESS","Version":1,"ThreadID":6176,"EventTime":"2020-08-07 11:07:47","Task":12810,"DestAddress":"169.254.169.254","SourcePort":"50110","Channel":"Security","SourceName":"Microsoft-Windows-Security-Auditing","OpcodeValue":0,"Hostname":"WORKSTATION6.theshire.local","@timestamp":"2020-08-07T15:07:49.299Z","Message":"The Windows Filtering Platform has permitted a connection.\r\n\r\nApplication Information:\r\n\tProcess ID:\t\t3548\r\n\tApplication Name:\t\\device\\harddiskvolume2\\packages\\plugins\\microsoft.azure.networkwatcher.networkwatcheragentwindows\\1.4.1587.1\\networkwatcheragent\\networkwatcheragent.exe\r\n\r\nNetwork Information:\r\n\tDirection:\t\tOutbound\r\n\tSource Address:\t\t172.18.39.6\r\n\tSource Port:\t\t50110\r\n\tDestination Address:\t169.254.169.254\r\n\tDestination Port:\t\t80\r\n\tProtocol:\t\t6\r\n\r\nFilter Information:\r\n\tFilter Run-Time ID:\t69426\r\n\tLayer Name:\t\tConnect\r\n\tLayer Run-Time ID:\t48","Category":"Filtering Platform Connection","Opcode":"Info","SourceModuleName":"eventlog","ProcessId":"3548","EventReceivedTime":"2020-08-07 11:07:49","port":60122,"Application":"\\device\\harddiskvolume2\\packages\\plugins\\microsoft.azure.networkwatcher.networkwatcheragentwindows\\1.4.1587.1\\networkwatcheragent\\networkwatcheragent.exe","ExecutionProcessID":4,"Direction":"%%14593","RemoteMachineID":"S-1-0-0","host":"wec.internal.cloudapp.net","DestPort":"80","Severity":"INFO","LayerRTID":"48","LayerName":"%%14611","SeverityValue":2,"EventID":5156,"SourceAddress":"172.18.39.6","ProviderGuid":"{54849625-5478-4994-A5BA-3E3B0328C30D}","RecordNumber":236767,"SourceModuleType":"im_msvistalog","Keywords":-9214364837600034816,"FilterRTID":"69426","Protocol":"6","RemoteUserID":"S-1-0-0"}
{"tags":["mordorDataset"],"@version":"1","EventType":"INFO","AccountType":"User","ThreadID":4204,"DestinationPortName":"-","DestinationIp":"fe80:0:0:0:3816:b2ee:1b9b:324b","SourcePort":"54510","Channel":"Microsoft-Windows-Sysmon/Operational","OpcodeValue":0,"Hostname":"MORDORDC.theshire.local","@timestamp":"2020-08-07T15:07:51.301Z","SourceIp":"fe80:0:0:0:3816:b2ee:1b9b:324b","ProcessId":"1696","Initiated":"true","DestinationHostname":"-","host":"wec.internal.cloudapp.net","Severity":"INFO","SourceHostname":"-","SeverityValue":2,"Image":"C:\\Windows\\System32\\svchost.exe","SourceModuleType":"im_msvistalog","Version":5,"EventTime":"2020-08-07 11:07:48","Task":3,"DestinationPort":"389","SourceIsIpv6":"true","SourceName":"Microsoft-Windows-Sysmon","Message":"Network connection detected:\r\nRuleName: -\r\nUtcTime: 2020-08-07 15:07:39.320\r\nProcessGuid: {9f85ce58-59de-5f2b-2400-000000000400}\r\nProcessId: 1696\r\nImage: C:\\Windows\\System32\\svchost.exe\r\nUser: NT AUTHORITY\\SYSTEM\r\nProtocol: tcp\r\nInitiated: true\r\nSourceIsIpv6: true\r\nSourceIp: fe80:0:0:0:3816:b2ee:1b9b:324b\r\nSourceHostname: -\r\nSourcePort: 54510\r\nSourcePortName: -\r\nDestinationIsIpv6: true\r\nDestinationIp: fe80:0:0:0:3816:b2ee:1b9b:324b\r\nDestinationHostname: -\r\nDestinationPort: 389\r\nDestinationPortName: -","SourceModuleName":"eventlog","EventReceivedTime":"2020-08-07 11:07:51","port":60122,"AccountName":"SYSTEM","UtcTime":"2020-08-07 15:07:39.320","Domain":"NT AUTHORITY","ExecutionProcessID":3888,"User":"NT AUTHORITY\\SYSTEM","DestinationIsIpv6":"true","SourcePortName":"-","UserID":"S-1-5-18","EventID":3,"ProviderGuid":"{5770385F-C22A-43E0-BF4C-06F5698FFBD9}","RecordNumber":764790,"Keywords":-9223372036854775808,"ProcessGuid":"{9f85ce58-59de-5f2b-2400-000000000400}","Protocol":"tcp","RuleName":"-"}
{"tags":["mordorDataset"],"@version":"1","EventType":"INFO","AccountType":"User","ThreadID":4204,"DestinationPortName":"-","DestinationIp":"fe80:0:0:0:3816:b2ee:1b9b:324b","SourcePort":"54510","Channel":"Microsoft-Windows-Sysmon/Operational","OpcodeValue":0,"Hostname":"MORDORDC.theshire.local","@timestamp":"2020-08-07T15:07:51.302Z","SourceIp":"fe80:0:0:0:3816:b2ee:1b9b:324b","ProcessId":"704","Initiated":"false","DestinationHostname":"-","host":"wec.internal.cloudapp.net","Severity":"INFO","SourceHostname":"-","SeverityValue":2,"Image":"C:\\Windows\\System32\\lsass.exe","SourceModuleType":"im_msvistalog","Version":5,"EventTime":"2020-08-07 11:07:48","Task":3,"DestinationPort":"389","SourceIsIpv6":"true","SourceName":"Microsoft-Windows-Sysmon","Message":"Network connection detected:\r\nRuleName: -\r\nUtcTime: 2020-08-07 15:07:39.320\r\nProcessGuid: {9f85ce58-59d8-5f2b-0c00-000000000400}\r\nProcessId: 704\r\nImage: C:\\Windows\\System32\\lsass.exe\r\nUser: NT AUTHORITY\\SYSTEM\r\nProtocol: tcp\r\nInitiated: false\r\nSourceIsIpv6: true\r\nSourceIp: fe80:0:0:0:3816:b2ee:1b9b:324b\r\nSourceHostname: -\r\nSourcePort: 54510\r\nSourcePortName: -\r\nDestinationIsIpv6: true\r\nDestinationIp: fe80:0:0:0:3816:b2ee:1b9b:324b\r\nDestinationHostname: -\r\nDestinationPort: 389\r\nDestinationPortName: -","SourceModuleName":"eventlog","EventReceivedTime":"2020-08-07 11:07:51","port":60122,"AccountName":"SYSTEM","UtcTime":"2020-08-07 15:07:39.320","Domain":"NT AUTHORITY","ExecutionProcessID":3888,"User":"NT AUTHORITY\\SYSTEM","DestinationIsIpv6":"true","SourcePortName":"-","UserID":"S-1-5-18","EventID":3,"ProviderGuid":"{5770385F-C22A-43E0-BF4C-06F5698FFBD9}","RecordNumber":764791,"Keywords":-9223372036854775808,"ProcessGuid":"{9f85ce58-59d8-5f2b-0c00-000000000400}","Protocol":"tcp","RuleName":"-"}
{"tags":["mordorDataset"],"@version":"1","EventType":"INFO","AccountType":"User","ThreadID":4204,"DestinationPortName":"-","DestinationIp":"172.18.38.5","SourcePort":"54511","Channel":"Microsoft-Windows-Sysmon/Operational","OpcodeValue":0,"Hostname":"MORDORDC.theshire.local","@timestamp":"2020-08-07T15:07:51.302Z","SourceIp":"172.18.38.5","ProcessId":"1696","Initiated":"true","DestinationHostname":"-","host":"wec.internal.cloudapp.net","Severity":"INFO","SourceHostname":"-","SeverityValue":2,"Image":"C:\\Windows\\System32\\svchost.exe","SourceModuleType":"im_msvistalog","Version":5,"EventTime":"2020-08-07 11:07:48","Task":3,"DestinationPort":"389","SourceIsIpv6":"false","SourceName":"Microsoft-Windows-Sysmon","Message":"Network connection detected:\r\nRuleName: -\r\nUtcTime: 2020-08-07 15:07:39.335\r\nProcessGuid: {9f85ce58-59de-5f2b-2400-000000000400}\r\nProcessId: 1696\r\nImage: C:\\Windows\\System32\\svchost.exe\r\nUser: NT AUTHORITY\\SYSTEM\r\nProtocol: tcp\r\nInitiated: true\r\nSourceIsIpv6: false\r\nSourceIp: 172.18.38.5\r\nSourceHostname: -\r\nSourcePort: 54511\r\nSourcePortName: -\r\nDestinationIsIpv6: false\r\nDestinationIp: 172.18.38.5\r\nDestinationHostname: -\r\nDestinationPort: 389\r\nDestinationPortName: -","SourceModuleName":"eventlog","EventReceivedTime":"2020-08-07 11:07:51","port":60122,"AccountName":"SYSTEM","UtcTime":"2020-08-07 15:07:39.335","Domain":"NT AUTHORITY","ExecutionProcessID":3888,"User":"NT AUTHORITY\\SYSTEM","DestinationIsIpv6":"false","SourcePortName":"-","UserID":"S-1-5-18","EventID":3,"ProviderGuid":"{5770385F-C22A-43E0-BF4C-06F5698FFBD9}","RecordNumber":764792,"Keywords":-9223372036854775808,"ProcessGuid":"{9f85ce58-59de-5f2b-2400-000000000400}","Protocol":"tcp","RuleName":"-"}
{"tags":["mordorDataset"],"@version":"1","EventType":"INFO","AccountType":"User","ThreadID":4204,"DestinationPortName":"-","DestinationIp":"172.18.38.5","SourcePort":"54511","Channel":"Microsoft-Windows-Sysmon/Operational","OpcodeValue":0,"Hostname":"MORDORDC.theshire.local","@timestamp":"2020-08-07T15:07:51.302Z","SourceIp":"172.18.38.5","ProcessId":"704","Initiated":"false","DestinationHostname":"-","host":"wec.internal.cloudapp.net","Severity":"INFO","SourceHostname":"-","SeverityValue":2,"Image":"C:\\Windows\\System32\\lsass.exe","SourceModuleType":"im_msvistalog","Version":5,"EventTime":"2020-08-07 11:07:48","Task":3,"DestinationPort":"389","SourceIsIpv6":"false","SourceName":"Microsoft-Windows-Sysmon","Message":"Network connection detected:\r\nRuleName: -\r\nUtcTime: 2020-08-07 15:07:39.335\r\nProcessGuid: {9f85ce58-59d8-5f2b-0c00-000000000400}\r\nProcessId: 704\r\nImage: C:\\Windows\\System32\\lsass.exe\r\nUser: NT AUTHORITY\\SYSTEM\r\nProtocol: tcp\r\nInitiated: false\r\nSourceIsIpv6: false\r\nSourceIp: 172.18.38.5\r\nSourceHostname: -\r\nSourcePort: 54511\r\nSourcePortName: -\r\nDestinationIsIpv6: false\r\nDestinationIp: 172.18.38.5\r\nDestinationHostname: -\r\nDestinationPort: 389\r\nDestinationPortName: -","SourceModuleName":"eventlog","EventReceivedTime":"2020-08-07 11:07:51","port":60122,"AccountName":"SYSTEM","UtcTime":"2020-08-07 15:07:39.335","Domain":"NT AUTHORITY","ExecutionProcessID":3888,"User":"NT AUTHORITY\\SYSTEM","DestinationIsIpv6":"false","SourcePortName":"-","UserID":"S-1-5-18","EventID":3,"ProviderGuid":"{5770385F-C22A-43E0-BF4C-06F5698FFBD9}","RecordNumber":764793,"Keywords":-9223372036854775808,"ProcessGuid":"{9f85ce58-59d8-5f2b-0c00-000000000400}","Protocol":"tcp","RuleName":"-"}
{"tags":["mordorDataset"],"@version":"1","EventType":"INFO","AccountType":"User","ThreadID":4204,"DestinationPortName":"-","DestinationIp":"fe80:0:0:0:3816:b2ee:1b9b:324b","SourcePort":"54512","Channel":"Microsoft-Windows-Sysmon/Operational","OpcodeValue":0,"Hostname":"MORDORDC.theshire.local","@timestamp":"2020-08-07T15:07:51.302Z","SourceIp":"fe80:0:0:0:3816:b2ee:1b9b:324b","ProcessId":"4","Initiated":"true","DestinationHostname":"-","host":"wec.internal.cloudapp.net","Severity":"INFO","SourceHostname":"-","SeverityValue":2,"Image":"System","SourceModuleType":"im_msvistalog","Version":5,"EventTime":"2020-08-07 11:07:48","Task":3,"DestinationPort":"445","SourceIsIpv6":"true","SourceName":"Microsoft-Windows-Sysmon","Message":"Network connection detected:\r\nRuleName: -\r\nUtcTime: 2020-08-07 15:07:39.430\r\nProcessGuid: {9f85ce58-59d1-5f2b-0100-000000000400}\r\nProcessId: 4\r\nImage: System\r\nUser: NT AUTHORITY\\SYSTEM\r\nProtocol: tcp\r\nInitiated: true\r\nSourceIsIpv6: true\r\nSourceIp: fe80:0:0:0:3816:b2ee:1b9b:324b\r\nSourceHostname: -\r\nSourcePort: 54512\r\nSourcePortName: -\r\nDestinationIsIpv6: true\r\nDestinationIp: fe80:0:0:0:3816:b2ee:1b9b:324b\r\nDestinationHostname: -\r\nDestinationPort: 445\r\nDestinationPortName: -","SourceModuleName":"eventlog","EventReceivedTime":"2020-08-07 11:07:51","port":60122,"AccountName":"SYSTEM","UtcTime":"2020-08-07 15:07:39.430","Domain":"NT AUTHORITY","ExecutionProcessID":3888,"User":"NT AUTHORITY\\SYSTEM","DestinationIsIpv6":"true","SourcePortName":"-","UserID":"S-1-5-18","EventID":3,"ProviderGuid":"{5770385F-C22A-43E0-BF4C-06F5698FFBD9}","RecordNumber":764794,"Keywords":-9223372036854775808,"ProcessGuid":"{9f85ce58-59d1-5f2b-0100-000000000400}","Protocol":"tcp","RuleName":"-"}
{"tags":["mordorDataset"],"@version":"1","EventType":"INFO","AccountType":"User","ThreadID":4204,"DestinationPortName":"-","DestinationIp":"fe80:0:0:0:3816:b2ee:1b9b:324b","SourcePort":"54512","Channel":"Microsoft-Windows-Sysmon/Operational","OpcodeValue":0,"Hostname":"MORDORDC.theshire.local","@timestamp":"2020-08-07T15:07:51.303Z","SourceIp":"fe80:0:0:0:3816:b2ee:1b9b:324b","ProcessId":"4","Initiated":"false","DestinationHostname":"-","host":"wec.internal.cloudapp.net","Severity":"INFO","SourceHostname":"-","SeverityValue":2,"Image":"System","SourceModuleType":"im_msvistalog","Version":5,"EventTime":"2020-08-07 11:07:48","Task":3,"DestinationPort":"445","SourceIsIpv6":"true","SourceName":"Microsoft-Windows-Sysmon","Message":"Network connection detected:\r\nRuleName: -\r\nUtcTime: 2020-08-07 15:07:39.431\r\nProcessGuid: {9f85ce58-59d1-5f2b-0100-000000000400}\r\nProcessId: 4\r\nImage: System\r\nUser: NT AUTHORITY\\SYSTEM\r\nProtocol: tcp\r\nInitiated: false\r\nSourceIsIpv6: true\r\nSourceIp: fe80:0:0:0:3816:b2ee:1b9b:324b\r\nSourceHostname: -\r\nSourcePort: 54512\r\nSourcePortName: -\r\nDestinationIsIpv6: true\r\nDestinationIp: fe80:0:0:0:3816:b2ee:1b9b:324b\r\nDestinationHostname: -\r\nDestinationPort: 445\r\nDestinationPortName: -","SourceModuleName":"eventlog","EventReceivedTime":"2020-08-07 11:07:51","port":60122,"AccountName":"SYSTEM","UtcTime":"2020-08-07 15:07:39.431","Domain":"NT AUTHORITY","ExecutionProcessID":3888,"User":"NT AUTHORITY\\SYSTEM","DestinationIsIpv6":"true","SourcePortName":"-","UserID":"S-1-5-18","EventID":3,"ProviderGuid":"{5770385F-C22A-43E0-BF4C-06F5698FFBD9}","RecordNumber":764795,"Keywords":-9223372036854775808,"ProcessGuid":"{9f85ce58-59d1-5f2b-0100-000000000400}","Protocol":"tcp","RuleName":"-"}
{"@version":"1","EventType":"INFO","AccountType":"User","ThreadID":4208,"Channel":"Microsoft-Windows-Sysmon/Operational","OpcodeValue":0,"OriginalFileName":"wmidcom.dll","Hostname":"MORDORDC.theshire.local","@timestamp":"2020-08-07T15:07:53.322Z","ProcessId":"4164","Signed":"true","host":"wec.internal.cloudapp.net","SignatureStatus":"Valid","Severity":"INFO","SeverityValue":2,"Image":"C:\\Windows\\System32\\svchost.exe","SourceModuleType":"im_msvistalog","FileVersion":"10.0.17763.1 (WinBuild.160101.0800)","Version":3,"Company":"Microsoft Corporation","EventTime":"2020-08-07 11:07:50","Task":7,"Signature":"Microsoft Windows","SourceName":"Microsoft-Windows-Sysmon","Message":"Image loaded:\r\nRuleName: -\r\nUtcTime: 2020-08-07 15:07:50.563\r\nProcessGuid: {9f85ce58-5cd3-5f2b-7402-000000000400}\r\nProcessId: 4164\r\nImage: C:\\Windows\\System32\\svchost.exe\r\nImageLoaded: C:\\Windows\\System32\\wmidcom.dll\r\nFileVersion: 10.0.17763.1 (WinBuild.160101.0800)\r\nDescription: WMI\r\nProduct: Microsoft® Windows® Operating System\r\nCompany: Microsoft Corporation\r\nOriginalFileName: wmidcom.dll\r\nHashes: SHA1=4C7308C2A323D850C3E5DCB88A32A1C7DF9CBE4F,MD5=A9BC5F3E3C6406C3C5ABE804FBF7BC76,SHA256=A0177FD4B7690A680E5EAC9BDC78E21117B523622607BCA47305EB74984CF901,IMPHASH=8461651332BA942E21A64DBF3E9E80F8\r\nSigned: true\r\nSignature: Microsoft Windows\r\nSignatureStatus: Valid","SourceModuleName":"eventlog","ImageLoaded":"C:\\Windows\\System32\\wmidcom.dll","EventReceivedTime":"2020-08-07 11:07:53","port":60122,"AccountName":"SYSTEM","UtcTime":"2020-08-07 15:07:50.563","Domain":"NT AUTHORITY","ExecutionProcessID":3888,"Hashes":"SHA1=4C7308C2A323D850C3E5DCB88A32A1C7DF9CBE4F,MD5=A9BC5F3E3C6406C3C5ABE804FBF7BC76,SHA256=A0177FD4B7690A680E5EAC9BDC78E21117B523622607BCA47305EB74984CF901,IMPHASH=8461651332BA942E21A64DBF3E9E80F8","Description":"WMI","UserID":"S-1-5-18","EventID":7,"Product":"Microsoft® Windows® Operating System","ProviderGuid":"{5770385F-C22A-43E0-BF4C-06F5698FFBD9}","RecordNumber":764796,"Keywords":-9223372036854775808,"ProcessGuid":"{9f85ce58-5cd3-5f2b-7402-000000000400}","tags":["mordorDataset"],"RuleName":"-"}
{"@version":"1","EventType":"INFO","AccountType":"User","ThreadID":4208,"Channel":"Microsoft-Windows-Sysmon/Operational","OpcodeValue":0,"OriginalFileName":"dpapi.dll","Hostname":"MORDORDC.theshire.local","@timestamp":"2020-08-07T15:07:53.322Z","ProcessId":"4164","Signed":"true","host":"wec.internal.cloudapp.net","SignatureStatus":"Valid","Severity":"INFO","SeverityValue":2,"Image":"C:\\Windows\\System32\\svchost.exe","SourceModuleType":"im_msvistalog","FileVersion":"10.0.17763.1 (WinBuild.160101.0800)","Version":3,"Company":"Microsoft Corporation","EventTime":"2020-08-07 11:07:50","Task":7,"Signature":"Microsoft Windows","SourceName":"Microsoft-Windows-Sysmon","Message":"Image loaded:\r\nRuleName: -\r\nUtcTime: 2020-08-07 15:07:50.563\r\nProcessGuid: {9f85ce58-5cd3-5f2b-7402-000000000400}\r\nProcessId: 4164\r\nImage: C:\\Windows\\System32\\svchost.exe\r\nImageLoaded: C:\\Windows\\System32\\dpapi.dll\r\nFileVersion: 10.0.17763.1 (WinBuild.160101.0800)\r\nDescription: Data Protection API\r\nProduct: Microsoft® Windows® Operating System\r\nCompany: Microsoft Corporation\r\nOriginalFileName: dpapi.dll\r\nHashes: SHA1=C50FDD4A17CA9451C66413BA04ED2CC79883AD16,MD5=CF864B08CEA15894A4E6E676A7FE89A3,SHA256=0D1488B2FF471C1EF2F8F2742D685A8778B2C1512A044BDF2606C3ED92E0B512,IMPHASH=C591E3A4DDFE145A26EEC16DB70623B7\r\nSigned: true\r\nSignature: Microsoft Windows\r\nSignatureStatus: Valid","SourceModuleName":"eventlog","ImageLoaded":"C:\\Windows\\System32\\dpapi.dll","EventReceivedTime":"2020-08-07 11:07:53","port":60122,"AccountName":"SYSTEM","UtcTime":"2020-08-07 15:07:50.563","Domain":"NT AUTHORITY","ExecutionProcessID":3888,"Hashes":"SHA1=C50FDD4A17CA9451C66413BA04ED2CC79883AD16,MD5=CF864B08CEA15894A4E6E676A7FE89A3,SHA256=0D1488B2FF471C1EF2F8F2742D685A8778B2C1512A044BDF2606C3ED92E0B512,IMPHASH=C591E3A4DDFE145A26EEC16DB70623B7","Description":"Data Protection API","UserID":"S-1-5-18","EventID":7,"Product":"Microsoft® Windows® Operating System","ProviderGuid":"{5770385F-C22A-43E0-BF4C-06F5698FFBD9}","RecordNumber":764797,"Keywords":-9223372036854775808,"ProcessGuid":"{9f85ce58-5cd3-5f2b-7402-000000000400}","tags":["mordorDataset"],"RuleName":"-"}
{"tags":["mordorDataset"],"TargetProcessGUID":"{49a15388-e5fe-5f2c-2307-000000000400}","@version":"1","EventType":"INFO","Version":3,"ThreadID":4496,"EventTime":"2020-08-07 11:07:52","Task":10,"AccountType":"User","SourceProcessGUID":"{49a15388-7e4f-5f2b-b403-000000000400}","CallTrace":"C:\\windows\\SYSTEM32\\ntdll.dll+9c534|C:\\windows\\System32\\KERNELBASE.dll+2726e|C:\\ProgramData\\Microsoft\\Windows Defender\\platform\\4.18.2007.8-0\\mpsvc.dll+19c1f3|C:\\ProgramData\\Microsoft\\Windows Defender\\platform\\4.18.2007.8-0\\mpsvc.dll+ebc9e|C:\\ProgramData\\Microsoft\\Windows Defender\\platform\\4.18.2007.8-0\\mpsvc.dll+f0546|C:\\windows\\System32\\ucrtbase.dll+20e82|C:\\windows\\System32\\KERNEL32.DLL+17bd4|C:\\windows\\SYSTEM32\\ntdll.dll+6ce51","Channel":"Microsoft-Windows-Sysmon/Operational","SourceName":"Microsoft-Windows-Sysmon","OpcodeValue":0,"Hostname":"WORKSTATION6.theshire.local","@timestamp":"2020-08-07T15:07:55.336Z","Message":"Process accessed:\r\nRuleName: -\r\nUtcTime: 2020-08-07 15:07:52.978\r\nSourceProcessGUID: {49a15388-7e4f-5f2b-b403-000000000400}\r\nSourceProcessId: 860\r\nSourceThreadId: 4436\r\nSourceImage: C:\\ProgramData\\Microsoft\\Windows Defender\\platform\\4.18.2007.8-0\\MsMpEng.exe\r\nTargetProcessGUID: {49a15388-e5fe-5f2c-2307-000000000400}\r\nTargetProcessId: 5880\r\nTargetImage: C:\\ProgramData\\Microsoft\\Windows Defender\\platform\\4.18.2007.8-0\\NisSrv.exe\r\nGrantedAccess: 0x1400\r\nCallTrace: C:\\windows\\SYSTEM32\\ntdll.dll+9c534|C:\\windows\\System32\\KERNELBASE.dll+2726e|C:\\ProgramData\\Microsoft\\Windows Defender\\platform\\4.18.2007.8-0\\mpsvc.dll+19c1f3|C:\\ProgramData\\Microsoft\\Windows Defender\\platform\\4.18.2007.8-0\\mpsvc.dll+ebc9e|C:\\ProgramData\\Microsoft\\Windows Defender\\platform\\4.18.2007.8-0\\mpsvc.dll+f0546|C:\\windows\\System32\\ucrtbase.dll+20e82|C:\\windows\\System32\\KERNEL32.DLL+17bd4|C:\\windows\\SYSTEM32\\ntdll.dll+6ce51","SourceModuleName":"eventlog","ProcessId":"860","SourceImage":"C:\\ProgramData\\Microsoft\\Windows Defender\\platform\\4.18.2007.8-0\\MsMpEng.exe","EventReceivedTime":"2020-08-07 11:07:55","port":60122,"AccountName":"SYSTEM","UtcTime":"2020-08-07 15:07:52.978","GrantedAccess":"0x1400","Domain":"NT AUTHORITY","ExecutionProcessID":3432,"host":"wec.internal.cloudapp.net","SourceProcessId":"860","SourceThreadId":"4436","Severity":"INFO","TargetProcessId":"5880","SeverityValue":2,"EventID":10,"UserID":"S-1-5-18","ProviderGuid":"{5770385F-C22A-43E0-BF4C-06F5698FFBD9}","RecordNumber":661056,"SourceModuleType":"im_msvistalog","Keywords":-9223372036854775808,"TargetImage":"C:\\ProgramData\\Microsoft\\Windows Defender\\platform\\4.18.2007.8-0\\NisSrv.exe","RuleName":"-"}
{"@version":"1","EventType":"AUDIT_SUCCESS","ThreadID":6176,"ObjectName":"ServicesActive","ObjectType":"SC_MANAGER OBJECT","Channel":"Security","OpcodeValue":0,"SubjectDomainName":"THESHIRE","Hostname":"WORKSTATION6.theshire.local","@timestamp":"2020-08-07T15:07:55.336Z","Category":"Other Object Access Events","AccessMask":"0x1","ProcessId":"0x2dc","AccessList":"%%7168\r\n\t\t\t\t","ProcessName":"C:\\Windows\\System32\\services.exe","ResourceAttributes":"-","host":"wec.internal.cloudapp.net","SubjectUserName":"WORKSTATION6$","Severity":"INFO","SeverityValue":2,"SourceModuleType":"im_msvistalog","TransactionId":"{00000000-0000-0000-0000-000000000000}","SubjectLogonId":"0x3e7","Version":1,"EventTime":"2020-08-07 11:07:52","Task":12804,"AccessReason":"-","PrivilegeList":"-","SourceName":"Microsoft-Windows-Security-Auditing","Opcode":"Info","Message":"A handle to an object was requested.\r\n\r\nSubject:\r\n\tSecurity ID:\t\tS-1-5-18\r\n\tAccount Name:\t\tWORKSTATION6$\r\n\tAccount Domain:\t\tTHESHIRE\r\n\tLogon ID:\t\t0x3E7\r\n\r\nObject:\r\n\tObject Server:\t\tSC Manager\r\n\tObject Type:\t\tSC_MANAGER OBJECT\r\n\tObject Name:\t\tServicesActive\r\n\tHandle ID:\t\t0x21849e4c5a0\r\n\tResource Attributes:\t-\r\n\r\nProcess Information:\r\n\tProcess ID:\t\t0x2dc\r\n\tProcess Name:\t\tC:\\Windows\\System32\\services.exe\r\n\r\nAccess Request Information:\r\n\tTransaction ID:\t\t{00000000-0000-0000-0000-000000000000}\r\n\tAccesses:\t\tConnect to service controller\r\n\t\t\t\t\r\n\tAccess Reasons:\t\t-\r\n\tAccess Mask:\t\t0x1\r\n\tPrivileges Used for Access Check:\t-\r\n\tRestricted SID Count:\t0","SourceModuleName":"eventlog","EventReceivedTime":"2020-08-07 11:07:55","port":60122,"RestrictedSidCount":"0","ExecutionProcessID":4,"ObjectServer":"SC Manager","SubjectUserSid":"S-1-5-18","HandleId":"0x21849e4c5a0","EventID":4656,"ProviderGuid":"{54849625-5478-4994-A5BA-3E3B0328C30D}","RecordNumber":236768,"Keywords":-9214364837600034816,"tags":["mordorDataset"]}
{"tags":["mordorDataset"],"@version":"1","EventType":"SetValue","Version":2,"ThreadID":4364,"EventTime":"2020-08-07 11:07:57","Task":13,"AccountType":"User","Channel":"Microsoft-Windows-Sysmon/Operational","EventTypeOrignal":"INFO","SourceName":"Microsoft-Windows-Sysmon","Hostname":"WORKSTATION5.theshire.local","@timestamp":"2020-08-07T15:07:59.360Z","OpcodeValue":0,"Message":"Registry value set:\r\nRuleName: -\r\nEventType: SetValue\r\nUtcTime: 2020-08-07 15:07:57.124\r\nProcessGuid: {297bc33e-60f7-5f2b-8a02-000000000400}\r\nProcessId: 4472\r\nImage: C:\\windows\\Explorer.EXE\r\nTargetObject: HKLM\\SOFTWARE\\Microsoft\\Windows NT\\CurrentVersion\\Notifications\\Data\\418A073AA3BC1C75\r\nDetails: Binary Data","SourceModuleName":"eventlog","ProcessId":"4472","Details":"Binary Data","port":60122,"AccountName":"SYSTEM","EventReceivedTime":"2020-08-07 11:07:59","UtcTime":"2020-08-07 15:07:57.124","Domain":"NT AUTHORITY","ExecutionProcessID":3284,"host":"wec.internal.cloudapp.net","Severity":"INFO","TargetObject":"HKLM\\SOFTWARE\\Microsoft\\Windows NT\\CurrentVersion\\Notifications\\Data\\418A073AA3BC1C75","SeverityValue":2,"EventID":13,"UserID":"S-1-5-18","ProviderGuid":"{5770385F-C22A-43E0-BF4C-06F5698FFBD9}","RecordNumber":743703,"Image":"C:\\windows\\Explorer.EXE","Keywords":-9223372036854775808,"ProcessGuid":"{297bc33e-60f7-5f2b-8a02-000000000400}","SourceModuleType":"im_msvistalog","RuleName":"-"}
{"tags":["mordorDataset"],"@version":"1","EventType":"AUDIT_SUCCESS","Version":1,"ThreadID":3184,"EventTime":"2020-08-07 11:07:57","Task":12810,"DestAddress":"169.254.169.254","SourcePort":"52810","Channel":"Security","SourceName":"Microsoft-Windows-Security-Auditing","OpcodeValue":0,"Hostname":"WORKSTATION5.theshire.local","@timestamp":"2020-08-07T15:07:59.360Z","Message":"The Windows Filtering Platform has permitted a connection.\r\n\r\nApplication Information:\r\n\tProcess ID:\t\t3472\r\n\tApplication Name:\t\\device\\harddiskvolume2\\packages\\plugins\\microsoft.azure.networkwatcher.networkwatcheragentwindows\\1.4.1587.1\\networkwatcheragent\\networkwatcheragent.exe\r\n\r\nNetwork Information:\r\n\tDirection:\t\tOutbound\r\n\tSource Address:\t\t172.18.39.5\r\n\tSource Port:\t\t52810\r\n\tDestination Address:\t169.254.169.254\r\n\tDestination Port:\t\t80\r\n\tProtocol:\t\t6\r\n\r\nFilter Information:\r\n\tFilter Run-Time ID:\t69424\r\n\tLayer Name:\t\tConnect\r\n\tLayer Run-Time ID:\t48","Category":"Filtering Platform Connection","Opcode":"Info","SourceModuleName":"eventlog","ProcessId":"3472","EventReceivedTime":"2020-08-07 11:07:59","port":60122,"Application":"\\device\\harddiskvolume2\\packages\\plugins\\microsoft.azure.networkwatcher.networkwatcheragentwindows\\1.4.1587.1\\networkwatcheragent\\networkwatcheragent.exe","ExecutionProcessID":4,"Direction":"%%14593","RemoteMachineID":"S-1-0-0","host":"wec.internal.cloudapp.net","DestPort":"80","Severity":"INFO","LayerRTID":"48","LayerName":"%%14611","SeverityValue":2,"EventID":5156,"SourceAddress":"172.18.39.5","ProviderGuid":"{54849625-5478-4994-A5BA-3E3B0328C30D}","RecordNumber":209880,"SourceModuleType":"im_msvistalog","Keywords":-9214364837600034816,"FilterRTID":"69424","Protocol":"6","RemoteUserID":"S-1-0-0"}
{"tags":["mordorDataset"],"@version":"1","EventType":"AUDIT_SUCCESS","Version":1,"ThreadID":3184,"EventTime":"2020-08-07 11:07:57","Task":12810,"DestAddress":"169.254.169.254","SourcePort":"52810","Channel":"Security","SourceName":"Microsoft-Windows-Security-Auditing","OpcodeValue":0,"Hostname":"WORKSTATION5.theshire.local","@timestamp":"2020-08-07T15:07:59.360Z","Message":"The Windows Filtering Platform has permitted a connection.\r\n\r\nApplication Information:\r\n\tProcess ID:\t\t3472\r\n\tApplication Name:\t\\device\\harddiskvolume2\\packages\\plugins\\microsoft.azure.networkwatcher.networkwatcheragentwindows\\1.4.1587.1\\networkwatcheragent\\networkwatcheragent.exe\r\n\r\nNetwork Information:\r\n\tDirection:\t\tOutbound\r\n\tSource Address:\t\t172.18.39.5\r\n\tSource Port:\t\t52810\r\n\tDestination Address:\t169.254.169.254\r\n\tDestination Port:\t\t80\r\n\tProtocol:\t\t6\r\n\r\nFilter Information:\r\n\tFilter Run-Time ID:\t69424\r\n\tLayer Name:\t\tConnect\r\n\tLayer Run-Time ID:\t48","Category":"Filtering Platform Connection","Opcode":"Info","SourceModuleName":"eventlog","ProcessId":"3472","EventReceivedTime":"2020-08-07 11:07:59","port":60122,"Application":"\\device\\harddiskvolume2\\packages\\plugins\\microsoft.azure.networkwatcher.networkwatcheragentwindows\\1.4.1587.1\\networkwatcheragent\\networkwatcheragent.exe","ExecutionProcessID":4,"Direction":"%%14593","RemoteMachineID":"S-1-0-0","host":"wec.internal.cloudapp.net","DestPort":"80","Severity":"INFO","LayerRTID":"48","LayerName":"%%14611","SeverityValue":2,"EventID":5156,"SourceAddress":"172.18.39.5","ProviderGuid":"{54849625-5478-4994-A5BA-3E3B0328C30D}","RecordNumber":209881,"SourceModuleType":"im_msvistalog","Keywords":-9214364837600034816,"FilterRTID":"69424","Protocol":"6","RemoteUserID":"S-1-0-0"}
{"SubjectLogonId":"0x2bc327","@version":"1","EventType":"AUDIT_FAILURE","Version":0,"ThreadID":3184,"EventTime":"2020-08-07 11:07:57","Task":13056,"PrivilegeList":"SeProfileSingleProcessPrivilege","Channel":"Security","SourceName":"Microsoft-Windows-Security-Auditing","OpcodeValue":0,"Hostname":"WORKSTATION5.theshire.local","@timestamp":"2020-08-07T15:07:59.360Z","Message":"A privileged service was called.\r\n\r\nSubject:\r\n\tSecurity ID:\t\tS-1-5-21-1363495622-3806888128-621328882-1104\r\n\tAccount Name:\t\tpgustavo\r\n\tAccount Domain:\t\tTHESHIRE\r\n\tLogon ID:\t\t0x2BC327\r\n\r\nService:\r\n\tServer:\tSecurity\r\n\tService Name:\t-\r\n\r\nProcess:\r\n\tProcess ID:\t0x1ca4\r\n\tProcess Name:\tC:\\Windows\\System32\\dllhost.exe\r\n\r\nService Request Information:\r\n\tPrivileges:\t\tSeProfileSingleProcessPrivilege","Category":"Sensitive Privilege Use","Opcode":"Info","SubjectDomainName":"THESHIRE","Service":"-","SourceModuleName":"eventlog","EventReceivedTime":"2020-08-07 11:07:59","port":60122,"ProcessId":"0x1ca4","ExecutionProcessID":4,"ProcessName":"C:\\Windows\\System32\\dllhost.exe","ObjectServer":"Security","host":"wec.internal.cloudapp.net","SubjectUserSid":"S-1-5-21-1363495622-3806888128-621328882-1104","SubjectUserName":"pgustavo","Severity":"ERROR","SeverityValue":4,"EventID":4673,"ProviderGuid":"{54849625-5478-4994-A5BA-3E3B0328C30D}","RecordNumber":209882,"SourceModuleType":"im_msvistalog","Keywords":-9218868437227405312,"tags":["mordorDataset"]}
{"tags":["mordorDataset"],"@version":"1","EventType":"AUDIT_SUCCESS","Version":1,"ThreadID":6176,"EventTime":"2020-08-07 11:07:57","Task":12810,"DestAddress":"169.254.169.254","SourcePort":"50110","Channel":"Security","SourceName":"Microsoft-Windows-Security-Auditing","OpcodeValue":0,"Hostname":"WORKSTATION6.theshire.local","@timestamp":"2020-08-07T15:07:59.360Z","Message":"The Windows Filtering Platform has permitted a connection.\r\n\r\nApplication Information:\r\n\tProcess ID:\t\t3548\r\n\tApplication Name:\t\\device\\harddiskvolume2\\packages\\plugins\\microsoft.azure.networkwatcher.networkwatcheragentwindows\\1.4.1587.1\\networkwatcheragent\\networkwatcheragent.exe\r\n\r\nNetwork Information:\r\n\tDirection:\t\tOutbound\r\n\tSource Address:\t\t172.18.39.6\r\n\tSource Port:\t\t50110\r\n\tDestination Address:\t169.254.169.254\r\n\tDestination Port:\t\t80\r\n\tProtocol:\t\t6\r\n\r\nFilter Information:\r\n\tFilter Run-Time ID:\t69426\r\n\tLayer Name:\t\tConnect\r\n\tLayer Run-Time ID:\t48","Category":"Filtering Platform Connection","Opcode":"Info","SourceModuleName":"eventlog","ProcessId":"3548","EventReceivedTime":"2020-08-07 11:07:59","port":60122,"Application":"\\device\\harddiskvolume2\\packages\\plugins\\microsoft.azure.networkwatcher.networkwatcheragentwindows\\1.4.1587.1\\networkwatcheragent\\networkwatcheragent.exe","ExecutionProcessID":4,"Direction":"%%14593","RemoteMachineID":"S-1-0-0","host":"wec.internal.cloudapp.net","DestPort":"80","Severity":"INFO","LayerRTID":"48","LayerName":"%%14611","SeverityValue":2,"EventID":5156,"SourceAddress":"172.18.39.6","ProviderGuid":"{54849625-5478-4994-A5BA-3E3B0328C30D}","RecordNumber":236769,"SourceModuleType":"im_msvistalog","Keywords":-9214364837600034816,"FilterRTID":"69426","Protocol":"6","RemoteUserID":"S-1-0-0"}
{"tags":["mordorDataset"],"@version":"1","EventType":"AUDIT_SUCCESS","Version":1,"ThreadID":6176,"EventTime":"2020-08-07 11:07:57","Task":12810,"DestAddress":"169.254.169.254","SourcePort":"50110","Channel":"Security","SourceName":"Microsoft-Windows-Security-Auditing","OpcodeValue":0,"Hostname":"WORKSTATION6.theshire.local","@timestamp":"2020-08-07T15:07:59.360Z","Message":"The Windows Filtering Platform has permitted a connection.\r\n\r\nApplication Information:\r\n\tProcess ID:\t\t3548\r\n\tApplication Name:\t\\device\\harddiskvolume2\\packages\\plugins\\microsoft.azure.networkwatcher.networkwatcheragentwindows\\1.4.1587.1\\networkwatcheragent\\networkwatcheragent.exe\r\n\r\nNetwork Information:\r\n\tDirection:\t\tOutbound\r\n\tSource Address:\t\t172.18.39.6\r\n\tSource Port:\t\t50110\r\n\tDestination Address:\t169.254.169.254\r\n\tDestination Port:\t\t80\r\n\tProtocol:\t\t6\r\n\r\nFilter Information:\r\n\tFilter Run-Time ID:\t69426\r\n\tLayer Name:\t\tConnect\r\n\tLayer Run-Time ID:\t48","Category":"Filtering Platform Connection","Opcode":"Info","SourceModuleName":"eventlog","ProcessId":"3548","EventReceivedTime":"2020-08-07 11:07:59","port":60122,"Application":"\\device\\harddiskvolume2\\packages\\plugins\\microsoft.azure.networkwatcher.networkwatcheragentwindows\\1.4.1587.1\\networkwatcheragent\\networkwatcheragent.exe","ExecutionProcessID":4,"Direction":"%%14593","RemoteMachineID":"S-1-0-0","host":"wec.internal.cloudapp.net","DestPort":"80","Severity":"INFO","LayerRTID":"48","LayerName":"%%14611","SeverityValue":2,"EventID":5156,"SourceAddress":"172.18.39.6","ProviderGuid":"{54849625-5478-4994-A5BA-3E3B0328C30D}","RecordNumber":236770,"SourceModuleType":"im_msvistalog","Keywords":-9214364837600034816,"FilterRTID":"69426","Protocol":"6","RemoteUserID":"S-1-0-0"}
{"TargetDomainName":"THESHIRE","@version":"1","EventType":"AUDIT_SUCCESS","Version":0,"ThreadID":5124,"EventTime":"2020-08-07 11:07:58","Task":12545,"Channel":"Security","SourceName":"Microsoft-Windows-Security-Auditing","OpcodeValue":0,"Hostname":"MORDORDC.theshire.local","@timestamp":"2020-08-07T15:08:01.384Z","Message":"An account was logged off.\r\n\r\nSubject:\r\n\tSecurity ID:\t\tS-1-5-18\r\n\tAccount Name:\t\tMORDORDC$\r\n\tAccount Domain:\t\tTHESHIRE\r\n\tLogon ID:\t\t0x2BECCE5\r\n\r\nLogon Type:\t\t\t3\r\n\r\nThis event is generated when a logon session is destroyed. It may be positively correlated with a logon event using the Logon ID value. Logon IDs are only unique between reboots on the same computer.","Category":"Logoff","Opcode":"Info","TargetUserSid":"S-1-5-18","TargetLogonId":"0x2becce5","SourceModuleName":"eventlog","EventReceivedTime":"2020-08-07 11:08:01","port":60122,"ExecutionProcessID":704,"host":"wec.internal.cloudapp.net","Severity":"INFO","TargetUserName":"MORDORDC$","SeverityValue":2,"EventID":4634,"ProviderGuid":"{54849625-5478-4994-A5BA-3E3B0328C30D}","RecordNumber":772807,"SourceModuleType":"im_msvistalog","Keywords":-9214364837600034816,"tags":["mordorDataset"],"LogonType":"3"}
{"tags":["mordorDataset"],"@version":"1","EventType":"SetValue","Version":2,"ThreadID":4364,"EventTime":"2020-08-07 11:07:58","Task":13,"AccountType":"User","Channel":"Microsoft-Windows-Sysmon/Operational","EventTypeOrignal":"INFO","SourceName":"Microsoft-Windows-Sysmon","Hostname":"WORKSTATION5.theshire.local","@timestamp":"2020-08-07T15:08:01.385Z","OpcodeValue":0,"Message":"Registry value set:\r\nRuleName: -\r\nEventType: SetValue\r\nUtcTime: 2020-08-07 15:07:58.640\r\nProcessGuid: {297bc33e-60f7-5f2b-8a02-000000000400}\r\nProcessId: 4472\r\nImage: C:\\windows\\Explorer.EXE\r\nTargetObject: HKLM\\SOFTWARE\\Microsoft\\Windows NT\\CurrentVersion\\Notifications\\Data\\418A073AA3BC3475\r\nDetails: Binary Data","SourceModuleName":"eventlog","ProcessId":"4472","Details":"Binary Data","port":60122,"AccountName":"SYSTEM","EventReceivedTime":"2020-08-07 11:08:01","UtcTime":"2020-08-07 15:07:58.640","Domain":"NT AUTHORITY","ExecutionProcessID":3284,"host":"wec.internal.cloudapp.net","Severity":"INFO","TargetObject":"HKLM\\SOFTWARE\\Microsoft\\Windows NT\\CurrentVersion\\Notifications\\Data\\418A073AA3BC3475","SeverityValue":2,"EventID":13,"UserID":"S-1-5-18","ProviderGuid":"{5770385F-C22A-43E0-BF4C-06F5698FFBD9}","RecordNumber":743704,"Image":"C:\\windows\\Explorer.EXE","Keywords":-9223372036854775808,"ProcessGuid":"{297bc33e-60f7-5f2b-8a02-000000000400}","SourceModuleType":"im_msvistalog","RuleName":"-"}
{"@version":"1","EventType":"AUDIT_SUCCESS","ThreadID":6176,"ObjectName":"ServicesActive","ObjectType":"SC_MANAGER OBJECT","Channel":"Security","OpcodeValue":0,"SubjectDomainName":"NT AUTHORITY","Hostname":"WORKSTATION6.theshire.local","@timestamp":"2020-08-07T15:08:01.385Z","Category":"Other Object Access Events","AccessMask":"0x5","ProcessId":"0x2dc","AccessList":"%%7168\r\n\t\t\t\t%%7170\r\n\t\t\t\t","ProcessName":"C:\\Windows\\System32\\services.exe","ResourceAttributes":"-","host":"wec.internal.cloudapp.net","SubjectUserName":"LOCAL SERVICE","Severity":"INFO","SeverityValue":2,"SourceModuleType":"im_msvistalog","TransactionId":"{00000000-0000-0000-0000-000000000000}","SubjectLogonId":"0x3e5","Version":1,"EventTime":"2020-08-07 11:08:00","Task":12804,"AccessReason":"-","PrivilegeList":"-","SourceName":"Microsoft-Windows-Security-Auditing","Opcode":"Info","Message":"A handle to an object was requested.\r\n\r\nSubject:\r\n\tSecurity ID:\t\tS-1-5-19\r\n\tAccount Name:\t\tLOCAL SERVICE\r\n\tAccount Domain:\t\tNT AUTHORITY\r\n\tLogon ID:\t\t0x3E5\r\n\r\nObject:\r\n\tObject Server:\t\tSC Manager\r\n\tObject Type:\t\tSC_MANAGER OBJECT\r\n\tObject Name:\t\tServicesActive\r\n\tHandle ID:\t\t0x21849e4c5a0\r\n\tResource Attributes:\t-\r\n\r\nProcess Information:\r\n\tProcess ID:\t\t0x2dc\r\n\tProcess Name:\t\tC:\\Windows\\System32\\services.exe\r\n\r\nAccess Request Information:\r\n\tTransaction ID:\t\t{00000000-0000-0000-0000-000000000000}\r\n\tAccesses:\t\tConnect to service controller\r\n\t\t\t\tEnumerate services\r\n\t\t\t\t\r\n\tAccess Reasons:\t\t-\r\n\tAccess Mask:\t\t0x5\r\n\tPrivileges Used for Access Check:\t-\r\n\tRestricted SID Count:\t0","SourceModuleName":"eventlog","EventReceivedTime":"2020-08-07 11:08:01","port":60122,"RestrictedSidCount":"0","ExecutionProcessID":4,"ObjectServer":"SC Manager","SubjectUserSid":"S-1-5-19","HandleId":"0x21849e4c5a0","EventID":4656,"ProviderGuid":"{54849625-5478-4994-A5BA-3E3B0328C30D}","RecordNumber":236771,"Keywords":-9214364837600034816,"tags":["mordorDataset"]}
{"tags":["mordorDataset"],"TargetProcessGUID":"{49a15388-5c40-5f2b-4700-000000000400}","@version":"1","EventType":"INFO","Version":3,"ThreadID":4496,"EventTime":"2020-08-07 11:08:00","Task":10,"AccountType":"User","SourceProcessGUID":"{49a15388-5c39-5f2b-1200-000000000400}","CallTrace":"C:\\windows\\SYSTEM32\\ntdll.dll+9c534|C:\\windows\\System32\\KERNELBASE.dll+6a7f5|c:\\windows\\system32\\lsm.dll+10225|C:\\windows\\System32\\RPCRT4.dll+76953|C:\\windows\\System32\\RPCRT4.dll+da036|C:\\windows\\System32\\RPCRT4.dll+37a4c|C:\\windows\\System32\\RPCRT4.dll+548c8|C:\\windows\\System32\\RPCRT4.dll+2c921|C:\\windows\\System32\\RPCRT4.dll+2c1db|C:\\windows\\System32\\RPCRT4.dll+1a86f|C:\\windows\\System32\\RPCRT4.dll+19d1a|C:\\windows\\System32\\RPCRT4.dll+19301|C:\\windows\\System32\\RPCRT4.dll+18d6e|C:\\windows\\System32\\RPCRT4.dll+169a5|C:\\windows\\SYSTEM32\\ntdll.dll+333ed|C:\\windows\\SYSTEM32\\ntdll.dll+34142|C:\\windows\\System32\\KERNEL32.DLL+17bd4|C:\\windows\\SYSTEM32\\ntdll.dll+6ce51","Channel":"Microsoft-Windows-Sysmon/Operational","SourceName":"Microsoft-Windows-Sysmon","OpcodeValue":0,"Hostname":"WORKSTATION6.theshire.local","@timestamp":"2020-08-07T15:08:01.385Z","Message":"Process accessed:\r\nRuleName: -\r\nUtcTime: 2020-08-07 15:08:00.000\r\nSourceProcessGUID: {49a15388-5c39-5f2b-1200-000000000400}\r\nSourceProcessId: 380\r\nSourceThreadId: 7488\r\nSourceImage: C:\\windows\\system32\\svchost.exe\r\nTargetProcessGUID: {49a15388-5c40-5f2b-4700-000000000400}\r\nTargetProcessId: 3268\r\nTargetImage: C:\\windows\\System32\\svchost.exe\r\nGrantedAccess: 0x1000\r\nCallTrace: C:\\windows\\SYSTEM32\\ntdll.dll+9c534|C:\\windows\\System32\\KERNELBASE.dll+6a7f5|c:\\windows\\system32\\lsm.dll+10225|C:\\windows\\System32\\RPCRT4.dll+76953|C:\\windows\\System32\\RPCRT4.dll+da036|C:\\windows\\System32\\RPCRT4.dll+37a4c|C:\\windows\\System32\\RPCRT4.dll+548c8|C:\\windows\\System32\\RPCRT4.dll+2c921|C:\\windows\\System32\\RPCRT4.dll+2c1db|C:\\windows\\System32\\RPCRT4.dll+1a86f|C:\\windows\\System32\\RPCRT4.dll+19d1a|C:\\windows\\System32\\RPCRT4.dll+19301|C:\\windows\\System32\\RPCRT4.dll+18d6e|C:\\windows\\System32\\RPCRT4.dll+169a5|C:\\windows\\SYSTEM32\\ntdll.dll+333ed|C:\\windows\\SYSTEM32\\ntdll.dll+34142|C:\\windows\\System32\\KERNEL32.DLL+17bd4|C:\\windows\\SYSTEM32\\ntdll.dll+6ce51","SourceModuleName":"eventlog","ProcessId":"380","SourceImage":"C:\\windows\\system32\\svchost.exe","EventReceivedTime":"2020-08-07 11:08:01","port":60122,"AccountName":"SYSTEM","UtcTime":"2020-08-07 15:08:00.000","GrantedAccess":"0x1000","Domain":"NT AUTHORITY","ExecutionProcessID":3432,"host":"wec.internal.cloudapp.net","SourceProcessId":"380","SourceThreadId":"7488","Severity":"INFO","TargetProcessId":"3268","SeverityValue":2,"EventID":10,"UserID":"S-1-5-18","ProviderGuid":"{5770385F-C22A-43E0-BF4C-06F5698FFBD9}","RecordNumber":661057,"SourceModuleType":"im_msvistalog","Keywords":-9223372036854775808,"TargetImage":"C:\\windows\\System32\\svchost.exe","RuleName":"-"}
{"SubjectLogonId":"0x3e5","@version":"1","EventType":"AUDIT_FAILURE","Version":0,"ThreadID":6176,"EventTime":"2020-08-07 11:08:00","Task":13056,"PrivilegeList":"SeProfileSingleProcessPrivilege","Channel":"Security","SourceName":"Microsoft-Windows-Security-Auditing","OpcodeValue":0,"Hostname":"WORKSTATION6.theshire.local","@timestamp":"2020-08-07T15:08:01.385Z","Message":"A privileged service was called.\r\n\r\nSubject:\r\n\tSecurity ID:\t\tS-1-5-19\r\n\tAccount Name:\t\tLOCAL SERVICE\r\n\tAccount Domain:\t\tNT AUTHORITY\r\n\tLogon ID:\t\t0x3E5\r\n\r\nService:\r\n\tServer:\tSecurity\r\n\tService Name:\t-\r\n\r\nProcess:\r\n\tProcess ID:\t0xcc4\r\n\tProcess Name:\tC:\\Windows\\System32\\svchost.exe\r\n\r\nService Request Information:\r\n\tPrivileges:\t\tSeProfileSingleProcessPrivilege","Category":"Sensitive Privilege Use","Opcode":"Info","SubjectDomainName":"NT AUTHORITY","Service":"-","SourceModuleName":"eventlog","EventReceivedTime":"2020-08-07 11:08:01","port":60122,"ProcessId":"0xcc4","ExecutionProcessID":4,"ProcessName":"C:\\Windows\\System32\\svchost.exe","ObjectServer":"Security","host":"wec.internal.cloudapp.net","SubjectUserSid":"S-1-5-19","SubjectUserName":"LOCAL SERVICE","Severity":"ERROR","SeverityValue":4,"EventID":4673,"ProviderGuid":"{54849625-5478-4994-A5BA-3E3B0328C30D}","RecordNumber":236772,"SourceModuleType":"im_msvistalog","Keywords":-9218868437227405312,"tags":["mordorDataset"]}
{"tags":["mordorDataset"],"TargetProcessGUID":"{49a15388-5c40-5f2b-4700-000000000400}","@version":"1","EventType":"INFO","Version":3,"ThreadID":4496,"EventTime":"2020-08-07 11:08:00","Task":10,"AccountType":"User","SourceProcessGUID":"{49a15388-5c39-5f2b-1200-000000000400}","CallTrace":"C:\\windows\\SYSTEM32\\ntdll.dll+9c534|C:\\windows\\System32\\KERNELBASE.dll+6a7f5|c:\\windows\\system32\\lsm.dll+108a0|C:\\windows\\System32\\RPCRT4.dll+76953|C:\\windows\\System32\\RPCRT4.dll+da036|C:\\windows\\System32\\RPCRT4.dll+37a4c|C:\\windows\\System32\\RPCRT4.dll+548c8|C:\\windows\\System32\\RPCRT4.dll+2c921|C:\\windows\\System32\\RPCRT4.dll+2c1db|C:\\windows\\System32\\RPCRT4.dll+1a86f|C:\\windows\\System32\\RPCRT4.dll+19d1a|C:\\windows\\System32\\RPCRT4.dll+19301|C:\\windows\\System32\\RPCRT4.dll+18d6e|C:\\windows\\System32\\RPCRT4.dll+169a5|C:\\windows\\SYSTEM32\\ntdll.dll+333ed|C:\\windows\\SYSTEM32\\ntdll.dll+34142|C:\\windows\\System32\\KERNEL32.DLL+17bd4|C:\\windows\\SYSTEM32\\ntdll.dll+6ce51","Channel":"Microsoft-Windows-Sysmon/Operational","SourceName":"Microsoft-Windows-Sysmon","OpcodeValue":0,"Hostname":"WORKSTATION6.theshire.local","@timestamp":"2020-08-07T15:08:01.386Z","Message":"Process accessed:\r\nRuleName: -\r\nUtcTime: 2020-08-07 15:08:00.000\r\nSourceProcessGUID: {49a15388-5c39-5f2b-1200-000000000400}\r\nSourceProcessId: 380\r\nSourceThreadId: 7488\r\nSourceImage: C:\\windows\\system32\\svchost.exe\r\nTargetProcessGUID: {49a15388-5c40-5f2b-4700-000000000400}\r\nTargetProcessId: 3268\r\nTargetImage: C:\\windows\\System32\\svchost.exe\r\nGrantedAccess: 0x1000\r\nCallTrace: C:\\windows\\SYSTEM32\\ntdll.dll+9c534|C:\\windows\\System32\\KERNELBASE.dll+6a7f5|c:\\windows\\system32\\lsm.dll+108a0|C:\\windows\\System32\\RPCRT4.dll+76953|C:\\windows\\System32\\RPCRT4.dll+da036|C:\\windows\\System32\\RPCRT4.dll+37a4c|C:\\windows\\System32\\RPCRT4.dll+548c8|C:\\windows\\System32\\RPCRT4.dll+2c921|C:\\windows\\System32\\RPCRT4.dll+2c1db|C:\\windows\\System32\\RPCRT4.dll+1a86f|C:\\windows\\System32\\RPCRT4.dll+19d1a|C:\\windows\\System32\\RPCRT4.dll+19301|C:\\windows\\System32\\RPCRT4.dll+18d6e|C:\\windows\\System32\\RPCRT4.dll+169a5|C:\\windows\\SYSTEM32\\ntdll.dll+333ed|C:\\windows\\SYSTEM32\\ntdll.dll+34142|C:\\windows\\System32\\KERNEL32.DLL+17bd4|C:\\windows\\SYSTEM32\\ntdll.dll+6ce51","SourceModuleName":"eventlog","ProcessId":"380","SourceImage":"C:\\windows\\system32\\svchost.exe","EventReceivedTime":"2020-08-07 11:08:01","port":60122,"AccountName":"SYSTEM","UtcTime":"2020-08-07 15:08:00.000","GrantedAccess":"0x1000","Domain":"NT AUTHORITY","ExecutionProcessID":3432,"host":"wec.internal.cloudapp.net","SourceProcessId":"380","SourceThreadId":"7488","Severity":"INFO","TargetProcessId":"3268","SeverityValue":2,"EventID":10,"UserID":"S-1-5-18","ProviderGuid":"{5770385F-C22A-43E0-BF4C-06F5698FFBD9}","RecordNumber":661058,"SourceModuleType":"im_msvistalog","Keywords":-9223372036854775808,"TargetImage":"C:\\windows\\System32\\svchost.exe","RuleName":"-"}
{"SubjectLogonId":"0x3e5","@version":"1","EventType":"AUDIT_FAILURE","Version":0,"ThreadID":6176,"EventTime":"2020-08-07 11:08:00","Task":13056,"PrivilegeList":"SeProfileSingleProcessPrivilege","Channel":"Security","SourceName":"Microsoft-Windows-Security-Auditing","OpcodeValue":0,"Hostname":"WORKSTATION6.theshire.local","@timestamp":"2020-08-07T15:08:01.386Z","Message":"A privileged service was called.\r\n\r\nSubject:\r\n\tSecurity ID:\t\tS-1-5-19\r\n\tAccount Name:\t\tLOCAL SERVICE\r\n\tAccount Domain:\t\tNT AUTHORITY\r\n\tLogon ID:\t\t0x3E5\r\n\r\nService:\r\n\tServer:\tSecurity\r\n\tService Name:\t-\r\n\r\nProcess:\r\n\tProcess ID:\t0xcc4\r\n\tProcess Name:\tC:\\Windows\\System32\\svchost.exe\r\n\r\nService Request Information:\r\n\tPrivileges:\t\tSeProfileSingleProcessPrivilege","Category":"Sensitive Privilege Use","Opcode":"Info","SubjectDomainName":"NT AUTHORITY","Service":"-","SourceModuleName":"eventlog","EventReceivedTime":"2020-08-07 11:08:01","port":60122,"ProcessId":"0xcc4","ExecutionProcessID":4,"ProcessName":"C:\\Windows\\System32\\svchost.exe","ObjectServer":"Security","host":"wec.internal.cloudapp.net","SubjectUserSid":"S-1-5-19","SubjectUserName":"LOCAL SERVICE","Severity":"ERROR","SeverityValue":4,"EventID":4673,"ProviderGuid":"{54849625-5478-4994-A5BA-3E3B0328C30D}","RecordNumber":236773,"SourceModuleType":"im_msvistalog","Keywords":-9218868437227405312,"tags":["mordorDataset"]}
{"tags":["mordorDataset"],"TargetProcessGUID":"{49a15388-5c40-5f2b-4700-000000000400}","@version":"1","EventType":"INFO","Version":3,"ThreadID":4496,"EventTime":"2020-08-07 11:08:00","Task":10,"AccountType":"User","SourceProcessGUID":"{49a15388-5c39-5f2b-1200-000000000400}","CallTrace":"C:\\windows\\SYSTEM32\\ntdll.dll+9c534|C:\\windows\\System32\\KERNELBASE.dll+6a7f5|c:\\windows\\system32\\lsm.dll+106fe|C:\\windows\\System32\\RPCRT4.dll+76953|C:\\windows\\System32\\RPCRT4.dll+da036|C:\\windows\\System32\\RPCRT4.dll+37a4c|C:\\windows\\System32\\RPCRT4.dll+548c8|C:\\windows\\System32\\RPCRT4.dll+2c921|C:\\windows\\System32\\RPCRT4.dll+2c1db|C:\\windows\\System32\\RPCRT4.dll+1a86f|C:\\windows\\System32\\RPCRT4.dll+19d1a|C:\\windows\\System32\\RPCRT4.dll+19301|C:\\windows\\System32\\RPCRT4.dll+18d6e|C:\\windows\\System32\\RPCRT4.dll+169a5|C:\\windows\\SYSTEM32\\ntdll.dll+333ed|C:\\windows\\SYSTEM32\\ntdll.dll+34142|C:\\windows\\System32\\KERNEL32.DLL+17bd4|C:\\windows\\SYSTEM32\\ntdll.dll+6ce51","Channel":"Microsoft-Windows-Sysmon/Operational","SourceName":"Microsoft-Windows-Sysmon","OpcodeValue":0,"Hostname":"WORKSTATION6.theshire.local","@timestamp":"2020-08-07T15:08:01.386Z","Message":"Process accessed:\r\nRuleName: -\r\nUtcTime: 2020-08-07 15:08:00.000\r\nSourceProcessGUID: {49a15388-5c39-5f2b-1200-000000000400}\r\nSourceProcessId: 380\r\nSourceThreadId: 5924\r\nSourceImage: C:\\windows\\system32\\svchost.exe\r\nTargetProcessGUID: {49a15388-5c40-5f2b-4700-000000000400}\r\nTargetProcessId: 3268\r\nTargetImage: C:\\windows\\System32\\svchost.exe\r\nGrantedAccess: 0x1000\r\nCallTrace: C:\\windows\\SYSTEM32\\ntdll.dll+9c534|C:\\windows\\System32\\KERNELBASE.dll+6a7f5|c:\\windows\\system32\\lsm.dll+106fe|C:\\windows\\System32\\RPCRT4.dll+76953|C:\\windows\\System32\\RPCRT4.dll+da036|C:\\windows\\System32\\RPCRT4.dll+37a4c|C:\\windows\\System32\\RPCRT4.dll+548c8|C:\\windows\\System32\\RPCRT4.dll+2c921|C:\\windows\\System32\\RPCRT4.dll+2c1db|C:\\windows\\System32\\RPCRT4.dll+1a86f|C:\\windows\\System32\\RPCRT4.dll+19d1a|C:\\windows\\System32\\RPCRT4.dll+19301|C:\\windows\\System32\\RPCRT4.dll+18d6e|C:\\windows\\System32\\RPCRT4.dll+169a5|C:\\windows\\SYSTEM32\\ntdll.dll+333ed|C:\\windows\\SYSTEM32\\ntdll.dll+34142|C:\\windows\\System32\\KERNEL32.DLL+17bd4|C:\\windows\\SYSTEM32\\ntdll.dll+6ce51","SourceModuleName":"eventlog","ProcessId":"380","SourceImage":"C:\\windows\\system32\\svchost.exe","EventReceivedTime":"2020-08-07 11:08:01","port":60122,"AccountName":"SYSTEM","UtcTime":"2020-08-07 15:08:00.000","GrantedAccess":"0x1000","Domain":"NT AUTHORITY","ExecutionProcessID":3432,"host":"wec.internal.cloudapp.net","SourceProcessId":"380","SourceThreadId":"5924","Severity":"INFO","TargetProcessId":"3268","SeverityValue":2,"EventID":10,"UserID":"S-1-5-18","ProviderGuid":"{5770385F-C22A-43E0-BF4C-06F5698FFBD9}","RecordNumber":661059,"SourceModuleType":"im_msvistalog","Keywords":-9223372036854775808,"TargetImage":"C:\\windows\\System32\\svchost.exe","RuleName":"-"}
