{"EventReceivedTime":"2020-07-22 00:19:06","port":55069,"PrivilegeList":"-","SeverityValue":2,"SubjectUserSid":"S-1-5-21-2253742117-2054739524-205962475-1104","Keywords":-9214364837600034816,"ProviderGuid":"{54849625-5478-4994-A5BA-3E3B0328C30D}","Version":1,"ObjectServer":"Security","ProcessId":"0x2374","Channel":"Security","Message":"A handle to an object was requested.\r\n\r\nSubject:\r\n\tSecurity ID:\t\tS-1-5-21-2253742117-2054739524-205962475-1104\r\n\tAccount Name:\t\tpgustavo\r\n\tAccount Domain:\t\tMORDOR\r\n\tLogon ID:\t\t0x24579A8\r\n\r\nObject:\r\n\tObject Server:\t\tSecurity\r\n\tObject Type:\t\tKey\r\n\tObject Name:\t\t\\REGISTRY\\MACHINE\\SOFTWARE\\Microsoft\\Windows\\CurrentVersion\\Run\r\n\tHandle ID:\t\t0x2318\r\n\tResource Attributes:\t-\r\n\r\nProcess Information:\r\n\tProcess ID:\t\t0x2374\r\n\tProcess Name:\t\tC:\\Windows\\System32\\WindowsPowerShell\\v1.0\\powershell.exe\r\n\r\nAccess Request Information:\r\n\tTransaction ID:\t\t{00000000-0000-0000-0000-000000000000}\r\n\tAccesses:\t\tREAD_CONTROL\r\n\t\t\t\tQuery key value\r\n\t\t\t\tEnumerate sub-keys\r\n\t\t\t\tNotify about changes to keys\r\n\t\t\t\t\r\n\tAccess Reasons:\t\t-\r\n\tAccess Mask:\t\t0x20019\r\n\tPrivileges Used for Access Check:\t-\r\n\tRestricted SID Count:\t0","Category":"Registry","@timestamp":"2020-07-22T04:19:06.162Z","SubjectLogonId":"0x24579a8","ProcessName":"C:\\Windows\\System32\\WindowsPowerShell\\v1.0\\powershell.exe","ResourceAttributes":"-","RestrictedSidCount":"0","ThreadID":7184,"Task":12801,"RecordNumber":258783,"Opcode":"Info","TransactionId":"{00000000-0000-0000-0000-000000000000}","@version":"1","SourceModuleType":"im_msvistalog","AccessList":"%%1538\r\n\t\t\t\t%%4432\r\n\t\t\t\t%%4435\r\n\t\t\t\t%%4436\r\n\t\t\t\t","tags":["mordorDataset"],"SubjectUserName":"pgustavo","SourceName":"Microsoft-Windows-Security-Auditing","HandleId":"0x2318","AccessMask":"0x20019","SourceModuleName":"eventlog","ObjectType":"Key","ObjectName":"\\REGISTRY\\MACHINE\\SOFTWARE\\Microsoft\\Windows\\CurrentVersion\\Run","SubjectDomainName":"MORDOR","Hostname":"WORKSTATION5.mordor.local","host":"wec.internal.cloudapp.net","ExecutionProcessID":4,"EventType":"AUDIT_SUCCESS","OpcodeValue":0,"AccessReason":"-","EventTime":"2020-07-22 00:19:04","Severity":"INFO","EventID":4656}
{"Task":12801,"EventReceivedTime":"2020-07-22 00:19:06","Opcode":"Info","port":55069,"SeverityValue":2,"SubjectUserSid":"S-1-5-21-2253742117-2054739524-205962475-1104","Keywords":-9214364837600034816,"ProviderGuid":"{54849625-5478-4994-A5BA-3E3B0328C30D}","@version":"1","SourceModuleType":"im_msvistalog","Version":0,"ObjectServer":"Security","tags":["mordorDataset"],"SubjectUserName":"pgustavo","SourceName":"Microsoft-Windows-Security-Auditing","ProcessId":"0x2374","HandleId":"0x2318","Channel":"Security","SourceModuleName":"eventlog","Message":"The handle to an object was closed.\r\n\r\nSubject :\r\n\tSecurity ID:\t\tS-1-5-21-2253742117-2054739524-205962475-1104\r\n\tAccount Name:\t\tpgustavo\r\n\tAccount Domain:\t\tMORDOR\r\n\tLogon ID:\t\t0x24579A8\r\n\r\nObject:\r\n\tObject Server:\t\tSecurity\r\n\tHandle ID:\t\t0x2318\r\n\r\nProcess Information:\r\n\tProcess ID:\t\t0x2374\r\n\tProcess Name:\t\tC:\\Windows\\System32\\WindowsPowerShell\\v1.0\\powershell.exe","Category":"Registry","SubjectDomainName":"MORDOR","@timestamp":"2020-07-22T04:19:06.163Z","Hostname":"WORKSTATION5.mordor.local","SubjectLogonId":"0x24579a8","host":"wec.internal.cloudapp.net","ProcessName":"C:\\Windows\\System32\\WindowsPowerShell\\v1.0\\powershell.exe","ExecutionProcessID":4,"EventType":"AUDIT_SUCCESS","OpcodeValue":0,"EventTime":"2020-07-22 00:19:04","Severity":"INFO","EventID":4658,"ThreadID":7184,"RecordNumber":258784}
{"Task":12807,"EventReceivedTime":"2020-07-22 00:19:06","Opcode":"Info","port":55069,"TargetHandleId":"0x3fd4","SeverityValue":2,"SubjectUserSid":"S-1-5-21-2253742117-2054739524-205962475-1104","Keywords":-9214364837600034816,"ProviderGuid":"{54849625-5478-4994-A5BA-3E3B0328C30D}","@version":"1","SourceProcessId":"0x2374","TargetProcessId":"0x4","Version":0,"SourceModuleType":"im_msvistalog","tags":["mordorDataset"],"SubjectUserName":"pgustavo","SourceName":"Microsoft-Windows-Security-Auditing","ProcessId":"0x2374","Channel":"Security","SourceModuleName":"eventlog","Message":"An attempt was made to duplicate a handle to an object.\r\n\r\nSubject:\r\n\tSecurity ID:\t\tS-1-5-21-2253742117-2054739524-205962475-1104\r\n\tAccount Name:\t\tpgustavo\r\n\tAccount Domain:\t\tMORDOR\r\n\tLogon ID:\t\t0x24579A8\r\n\r\nSource Handle Information:\r\n\tSource Handle ID:\t0x2318\r\n\tSource Process ID:\t0x2374\r\n\r\nNew Handle Information:\r\n\tTarget Handle ID:\t0x3fd4\r\n\tTarget Process ID:\t0x4","Category":"Handle Manipulation","SubjectDomainName":"MORDOR","@timestamp":"2020-07-22T04:19:06.163Z","Hostname":"WORKSTATION5.mordor.local","SubjectLogonId":"0x24579a8","host":"wec.internal.cloudapp.net","SourceHandleId":"0x2318","ExecutionProcessID":4,"EventType":"AUDIT_SUCCESS","OpcodeValue":0,"EventTime":"2020-07-22 00:19:04","Severity":"INFO","EventID":4690,"ThreadID":7184,"RecordNumber":258785}
{"Task":12801,"EventReceivedTime":"2020-07-22 00:19:06","Opcode":"Info","port":55069,"SeverityValue":2,"SubjectUserSid":"S-1-5-21-2253742117-2054739524-205962475-1104","Keywords":-9214364837600034816,"ProviderGuid":"{54849625-5478-4994-A5BA-3E3B0328C30D}","@version":"1","SourceModuleType":"im_msvistalog","Version":0,"ObjectServer":"Security","tags":["mordorDataset"],"SubjectUserName":"pgustavo","SourceName":"Microsoft-Windows-Security-Auditing","ProcessId":"0x2374","HandleId":"0x3fd4","Channel":"Security","SourceModuleName":"eventlog","Message":"The handle to an object was closed.\r\n\r\nSubject :\r\n\tSecurity ID:\t\tS-1-5-21-2253742117-2054739524-205962475-1104\r\n\tAccount Name:\t\tpgustavo\r\n\tAccount Domain:\t\tMORDOR\r\n\tLogon ID:\t\t0x24579A8\r\n\r\nObject:\r\n\tObject Server:\t\tSecurity\r\n\tHandle ID:\t\t0x3fd4\r\n\r\nProcess Information:\r\n\tProcess ID:\t\t0x2374\r\n\tProcess Name:\t\tC:\\Windows\\System32\\WindowsPowerShell\\v1.0\\powershell.exe","Category":"Registry","SubjectDomainName":"MORDOR","@timestamp":"2020-07-22T04:19:06.163Z","Hostname":"WORKSTATION5.mordor.local","SubjectLogonId":"0x24579a8","host":"wec.internal.cloudapp.net","ProcessName":"C:\\Windows\\System32\\WindowsPowerShell\\v1.0\\powershell.exe","ExecutionProcessID":4,"EventType":"AUDIT_SUCCESS","OpcodeValue":0,"EventTime":"2020-07-22 00:19:04","Severity":"INFO","EventID":4658,"ThreadID":7184,"RecordNumber":258786}
{"EventReceivedTime":"2020-07-22 00:19:06","port":55069,"PrivilegeList":"-","SeverityValue":2,"SubjectUserSid":"S-1-5-21-2253742117-2054739524-205962475-1104","Keywords":-9214364837600034816,"ProviderGuid":"{54849625-5478-4994-A5BA-3E3B0328C30D}","Version":1,"ObjectServer":"Security","ProcessId":"0x2374","Channel":"Security","Message":"A handle to an object was requested.\r\n\r\nSubject:\r\n\tSecurity ID:\t\tS-1-5-21-2253742117-2054739524-205962475-1104\r\n\tAccount Name:\t\tpgustavo\r\n\tAccount Domain:\t\tMORDOR\r\n\tLogon ID:\t\t0x24579A8\r\n\r\nObject:\r\n\tObject Server:\t\tSecurity\r\n\tObject Type:\t\tKey\r\n\tObject Name:\t\t\\REGISTRY\\MACHINE\\SOFTWARE\\Microsoft\\Windows\\CurrentVersion\\Run\r\n\tHandle ID:\t\t0x2318\r\n\tResource Attributes:\t-\r\n\r\nProcess Information:\r\n\tProcess ID:\t\t0x2374\r\n\tProcess Name:\t\tC:\\Windows\\System32\\WindowsPowerShell\\v1.0\\powershell.exe\r\n\r\nAccess Request Information:\r\n\tTransaction ID:\t\t{00000000-0000-0000-0000-000000000000}\r\n\tAccesses:\t\tREAD_CONTROL\r\n\t\t\t\tQuery key value\r\n\t\t\t\tEnumerate sub-keys\r\n\t\t\t\tNotify about changes to keys\r\n\t\t\t\t\r\n\tAccess Reasons:\t\t-\r\n\tAccess Mask:\t\t0x20019\r\n\tPrivileges Used for Access Check:\t-\r\n\tRestricted SID Count:\t0","Category":"Registry","@timestamp":"2020-07-22T04:19:06.163Z","SubjectLogonId":"0x24579a8","ProcessName":"C:\\Windows\\System32\\WindowsPowerShell\\v1.0\\powershell.exe","ResourceAttributes":"-","RestrictedSidCount":"0","ThreadID":7184,"Task":12801,"RecordNumber":258787,"Opcode":"Info","TransactionId":"{00000000-0000-0000-0000-000000000000}","@version":"1","SourceModuleType":"im_msvistalog","AccessList":"%%1538\r\n\t\t\t\t%%4432\r\n\t\t\t\t%%4435\r\n\t\t\t\t%%4436\r\n\t\t\t\t","tags":["mordorDataset"],"SubjectUserName":"pgustavo","SourceName":"Microsoft-Windows-Security-Auditing","HandleId":"0x2318","AccessMask":"0x20019","SourceModuleName":"eventlog","ObjectType":"Key","ObjectName":"\\REGISTRY\\MACHINE\\SOFTWARE\\Microsoft\\Windows\\CurrentVersion\\Run","SubjectDomainName":"MORDOR","Hostname":"WORKSTATION5.mordor.local","host":"wec.internal.cloudapp.net","ExecutionProcessID":4,"EventType":"AUDIT_SUCCESS","OpcodeValue":0,"AccessReason":"-","EventTime":"2020-07-22 00:19:04","Severity":"INFO","EventID":4656}
{"Task":12801,"EventReceivedTime":"2020-07-22 00:19:06","Opcode":"Info","port":55069,"SeverityValue":2,"SubjectUserSid":"S-1-5-21-2253742117-2054739524-205962475-1104","Keywords":-9214364837600034816,"ProviderGuid":"{54849625-5478-4994-A5BA-3E3B0328C30D}","@version":"1","SourceModuleType":"im_msvistalog","Version":0,"ObjectServer":"Security","tags":["mordorDataset"],"SubjectUserName":"pgustavo","SourceName":"Microsoft-Windows-Security-Auditing","ProcessId":"0x2374","HandleId":"0x2318","Channel":"Security","SourceModuleName":"eventlog","Message":"The handle to an object was closed.\r\n\r\nSubject :\r\n\tSecurity ID:\t\tS-1-5-21-2253742117-2054739524-205962475-1104\r\n\tAccount Name:\t\tpgustavo\r\n\tAccount Domain:\t\tMORDOR\r\n\tLogon ID:\t\t0x24579A8\r\n\r\nObject:\r\n\tObject Server:\t\tSecurity\r\n\tHandle ID:\t\t0x2318\r\n\r\nProcess Information:\r\n\tProcess ID:\t\t0x2374\r\n\tProcess Name:\t\tC:\\Windows\\System32\\WindowsPowerShell\\v1.0\\powershell.exe","Category":"Registry","SubjectDomainName":"MORDOR","@timestamp":"2020-07-22T04:19:06.163Z","Hostname":"WORKSTATION5.mordor.local","SubjectLogonId":"0x24579a8","host":"wec.internal.cloudapp.net","ProcessName":"C:\\Windows\\System32\\WindowsPowerShell\\v1.0\\powershell.exe","ExecutionProcessID":4,"EventType":"AUDIT_SUCCESS","OpcodeValue":0,"EventTime":"2020-07-22 00:19:04","Severity":"INFO","EventID":4658,"ThreadID":7184,"RecordNumber":258788}
{"Task":12801,"EventReceivedTime":"2020-07-22 00:19:06","Opcode":"Info","port":55069,"SeverityValue":2,"SubjectUserSid":"S-1-5-21-2253742117-2054739524-205962475-1104","Keywords":-9214364837600034816,"ProviderGuid":"{54849625-5478-4994-A5BA-3E3B0328C30D}","@version":"1","SourceModuleType":"im_msvistalog","Version":0,"ObjectServer":"Security","tags":["mordorDataset"],"SubjectUserName":"pgustavo","SourceName":"Microsoft-Windows-Security-Auditing","ProcessId":"0x2374","HandleId":"0x1184","Channel":"Security","SourceModuleName":"eventlog","Message":"The handle to an object was closed.\r\n\r\nSubject :\r\n\tSecurity ID:\t\tS-1-5-21-2253742117-2054739524-205962475-1104\r\n\tAccount Name:\t\tpgustavo\r\n\tAccount Domain:\t\tMORDOR\r\n\tLogon ID:\t\t0x24579A8\r\n\r\nObject:\r\n\tObject Server:\t\tSecurity\r\n\tHandle ID:\t\t0x1184\r\n\r\nProcess Information:\r\n\tProcess ID:\t\t0x2374\r\n\tProcess Name:\t\tC:\\Windows\\System32\\WindowsPowerShell\\v1.0\\powershell.exe","Category":"Registry","SubjectDomainName":"MORDOR","@timestamp":"2020-07-22T04:19:06.164Z","Hostname":"WORKSTATION5.mordor.local","SubjectLogonId":"0x24579a8","host":"wec.internal.cloudapp.net","ProcessName":"C:\\Windows\\System32\\WindowsPowerShell\\v1.0\\powershell.exe","ExecutionProcessID":4,"EventType":"AUDIT_SUCCESS","OpcodeValue":0,"EventTime":"2020-07-22 00:19:04","Severity":"INFO","EventID":4658,"ThreadID":7184,"RecordNumber":258789}
{"Task":12810,"SourcePort":"51074","Opcode":"Info","FilterRTID":"0","LayerName":"%%14608","EventReceivedTime":"2020-07-22 00:19:06","port":55069,"SeverityValue":2,"Keywords":-9214364837600034816,"ProviderGuid":"{54849625-5478-4994-A5BA-3E3B0328C30D}","@version":"1","SourceModuleType":"im_msvistalog","Version":0,"tags":["mordorDataset"],"SourceName":"Microsoft-Windows-Security-Auditing","SourceAddress":"0.0.0.0","ProcessId":"9076","Protocol":"6","Channel":"Security","SourceModuleName":"eventlog","Application":"\\device\\harddiskvolume2\\windows\\system32\\windowspowershell\\v1.0\\powershell.exe","Message":"The Windows Filtering Platform has permitted a bind to a local port.\r\n\r\nApplication Information:\r\n\tProcess ID:\t\t9076\r\n\tApplication Name:\t\\device\\harddiskvolume2\\windows\\system32\\windowspowershell\\v1.0\\powershell.exe\r\n\r\nNetwork Information:\r\n\tSource Address:\t\t0.0.0.0\r\n\tSource Port:\t\t51074\r\n\tProtocol:\t\t6\r\n\r\nFilter Information:\r\n\tFilter Run-Time ID:\t0\r\n\tLayer Name:\t\tResource Assignment\r\n\tLayer Run-Time ID:\t36","Category":"Filtering Platform Connection","@timestamp":"2020-07-22T04:19:06.164Z","LayerRTID":"36","Hostname":"WORKSTATION5.mordor.local","host":"wec.internal.cloudapp.net","ExecutionProcessID":4,"EventType":"AUDIT_SUCCESS","OpcodeValue":0,"EventTime":"2020-07-22 00:19:04","Severity":"INFO","EventID":5158,"ThreadID":7184,"RecordNumber":258790}
{"Task":12810,"Direction":"%%14593","Opcode":"Info","SourcePort":"51074","FilterRTID":"71481","LayerName":"%%14611","EventReceivedTime":"2020-07-22 00:19:06","port":55069,"RemoteUserID":"S-1-0-0","SeverityValue":2,"Keywords":-9214364837600034816,"ProviderGuid":"{54849625-5478-4994-A5BA-3E3B0328C30D}","@version":"1","RemoteMachineID":"S-1-0-0","SourceModuleType":"im_msvistalog","Version":1,"tags":["mordorDataset"],"SourceName":"Microsoft-Windows-Security-Auditing","SourceAddress":"172.18.39.5","ProcessId":"9076","DestAddress":"10.10.10.5","Protocol":"6","Channel":"Security","SourceModuleName":"eventlog","Application":"\\device\\harddiskvolume2\\windows\\system32\\windowspowershell\\v1.0\\powershell.exe","Message":"The Windows Filtering Platform has permitted a connection.\r\n\r\nApplication Information:\r\n\tProcess ID:\t\t9076\r\n\tApplication Name:\t\\device\\harddiskvolume2\\windows\\system32\\windowspowershell\\v1.0\\powershell.exe\r\n\r\nNetwork Information:\r\n\tDirection:\t\tOutbound\r\n\tSource Address:\t\t172.18.39.5\r\n\tSource Port:\t\t51074\r\n\tDestination Address:\t10.10.10.5\r\n\tDestination Port:\t\t80\r\n\tProtocol:\t\t6\r\n\r\nFilter Information:\r\n\tFilter Run-Time ID:\t71481\r\n\tLayer Name:\t\tConnect\r\n\tLayer Run-Time ID:\t48","Category":"Filtering Platform Connection","@timestamp":"2020-07-22T04:19:06.164Z","LayerRTID":"48","Hostname":"WORKSTATION5.mordor.local","host":"wec.internal.cloudapp.net","ExecutionProcessID":4,"EventType":"AUDIT_SUCCESS","OpcodeValue":0,"EventTime":"2020-07-22 00:19:04","Severity":"INFO","EventID":5156,"DestPort":"80","ThreadID":7184,"RecordNumber":258791}
{"Task":12810,"Direction":"%%14593","Opcode":"Info","SourcePort":"49685","FilterRTID":"69279","LayerName":"%%14611","EventReceivedTime":"2020-07-22 00:19:06","port":55069,"RemoteUserID":"S-1-0-0","SeverityValue":2,"Keywords":-9214364837600034816,"ProviderGuid":"{54849625-5478-4994-A5BA-3E3B0328C30D}","@version":"1","RemoteMachineID":"S-1-0-0","SourceModuleType":"im_msvistalog","Version":1,"tags":["mordorDataset"],"SourceName":"Microsoft-Windows-Security-Auditing","SourceAddress":"172.18.38.5","ProcessId":"3732","DestAddress":"168.63.129.16","Protocol":"6","Channel":"Security","SourceModuleName":"eventlog","Application":"\\device\\harddiskvolume4\\windowsazure\\packages\\guestagent\\windowsazureguestagent.exe","Message":"The Windows Filtering Platform has permitted a connection.\r\n\r\nApplication Information:\r\n\tProcess ID:\t\t3732\r\n\tApplication Name:\t\\device\\harddiskvolume4\\windowsazure\\packages\\guestagent\\windowsazureguestagent.exe\r\n\r\nNetwork Information:\r\n\tDirection:\t\tOutbound\r\n\tSource Address:\t\t172.18.38.5\r\n\tSource Port:\t\t49685\r\n\tDestination Address:\t168.63.129.16\r\n\tDestination Port:\t\t80\r\n\tProtocol:\t\t6\r\n\r\nFilter Information:\r\n\tFilter Run-Time ID:\t69279\r\n\tLayer Name:\t\tConnect\r\n\tLayer Run-Time ID:\t48","Category":"Filtering Platform Connection","@timestamp":"2020-07-22T04:19:06.164Z","LayerRTID":"48","Hostname":"MORDORDC.mordor.local","host":"wec.internal.cloudapp.net","ExecutionProcessID":4,"EventType":"AUDIT_SUCCESS","OpcodeValue":0,"EventTime":"2020-07-22 00:19:04","Severity":"INFO","EventID":5156,"DestPort":"80","ThreadID":4572,"RecordNumber":9020883}
{"Task":12810,"Direction":"%%14593","Opcode":"Info","SourcePort":"49685","FilterRTID":"69279","LayerName":"%%14611","EventReceivedTime":"2020-07-22 00:19:06","port":55069,"RemoteUserID":"S-1-0-0","SeverityValue":2,"Keywords":-9214364837600034816,"ProviderGuid":"{54849625-5478-4994-A5BA-3E3B0328C30D}","@version":"1","RemoteMachineID":"S-1-0-0","SourceModuleType":"im_msvistalog","Version":1,"tags":["mordorDataset"],"SourceName":"Microsoft-Windows-Security-Auditing","SourceAddress":"172.18.38.5","ProcessId":"3732","DestAddress":"168.63.129.16","Protocol":"6","Channel":"Security","SourceModuleName":"eventlog","Application":"\\device\\harddiskvolume4\\windowsazure\\packages\\guestagent\\windowsazureguestagent.exe","Message":"The Windows Filtering Platform has permitted a connection.\r\n\r\nApplication Information:\r\n\tProcess ID:\t\t3732\r\n\tApplication Name:\t\\device\\harddiskvolume4\\windowsazure\\packages\\guestagent\\windowsazureguestagent.exe\r\n\r\nNetwork Information:\r\n\tDirection:\t\tOutbound\r\n\tSource Address:\t\t172.18.38.5\r\n\tSource Port:\t\t49685\r\n\tDestination Address:\t168.63.129.16\r\n\tDestination Port:\t\t80\r\n\tProtocol:\t\t6\r\n\r\nFilter Information:\r\n\tFilter Run-Time ID:\t69279\r\n\tLayer Name:\t\tConnect\r\n\tLayer Run-Time ID:\t48","Category":"Filtering Platform Connection","@timestamp":"2020-07-22T04:19:06.164Z","LayerRTID":"48","Hostname":"MORDORDC.mordor.local","host":"wec.internal.cloudapp.net","ExecutionProcessID":4,"EventType":"AUDIT_SUCCESS","OpcodeValue":0,"EventTime":"2020-07-22 00:19:04","Severity":"INFO","EventID":5156,"DestPort":"80","ThreadID":4572,"RecordNumber":9020884}
{"Task":12810,"Direction":"%%14593","Opcode":"Info","SourcePort":"63406","FilterRTID":"69282","LayerName":"%%14611","EventReceivedTime":"2020-07-22 00:19:06","port":55069,"RemoteUserID":"S-1-0-0","SeverityValue":2,"Keywords":-9214364837600034816,"ProviderGuid":"{54849625-5478-4994-A5BA-3E3B0328C30D}","@version":"1","RemoteMachineID":"S-1-0-0","SourceModuleType":"im_msvistalog","Version":1,"tags":["mordorDataset"],"SourceName":"Microsoft-Windows-Security-Auditing","SourceAddress":"172.18.38.5","ProcessId":"3732","DestAddress":"168.63.129.16","Protocol":"6","Channel":"Security","SourceModuleName":"eventlog","Application":"\\device\\harddiskvolume4\\windowsazure\\packages\\guestagent\\windowsazureguestagent.exe","Message":"The Windows Filtering Platform has permitted a connection.\r\n\r\nApplication Information:\r\n\tProcess ID:\t\t3732\r\n\tApplication Name:\t\\device\\harddiskvolume4\\windowsazure\\packages\\guestagent\\windowsazureguestagent.exe\r\n\r\nNetwork Information:\r\n\tDirection:\t\tOutbound\r\n\tSource Address:\t\t172.18.38.5\r\n\tSource Port:\t\t63406\r\n\tDestination Address:\t168.63.129.16\r\n\tDestination Port:\t\t32526\r\n\tProtocol:\t\t6\r\n\r\nFilter Information:\r\n\tFilter Run-Time ID:\t69282\r\n\tLayer Name:\t\tConnect\r\n\tLayer Run-Time ID:\t48","Category":"Filtering Platform Connection","@timestamp":"2020-07-22T04:19:06.164Z","LayerRTID":"48","Hostname":"MORDORDC.mordor.local","host":"wec.internal.cloudapp.net","ExecutionProcessID":4,"EventType":"AUDIT_SUCCESS","OpcodeValue":0,"EventTime":"2020-07-22 00:19:04","Severity":"INFO","EventID":5156,"DestPort":"32526","ThreadID":4572,"RecordNumber":9020885}
{"Task":12810,"Direction":"%%14593","Opcode":"Info","SourcePort":"63406","FilterRTID":"69282","LayerName":"%%14611","EventReceivedTime":"2020-07-22 00:19:06","port":55069,"RemoteUserID":"S-1-0-0","SeverityValue":2,"Keywords":-9214364837600034816,"ProviderGuid":"{54849625-5478-4994-A5BA-3E3B0328C30D}","@version":"1","RemoteMachineID":"S-1-0-0","SourceModuleType":"im_msvistalog","Version":1,"tags":["mordorDataset"],"SourceName":"Microsoft-Windows-Security-Auditing","SourceAddress":"172.18.38.5","ProcessId":"3732","DestAddress":"168.63.129.16","Protocol":"6","Channel":"Security","SourceModuleName":"eventlog","Application":"\\device\\harddiskvolume4\\windowsazure\\packages\\guestagent\\windowsazureguestagent.exe","Message":"The Windows Filtering Platform has permitted a connection.\r\n\r\nApplication Information:\r\n\tProcess ID:\t\t3732\r\n\tApplication Name:\t\\device\\harddiskvolume4\\windowsazure\\packages\\guestagent\\windowsazureguestagent.exe\r\n\r\nNetwork Information:\r\n\tDirection:\t\tOutbound\r\n\tSource Address:\t\t172.18.38.5\r\n\tSource Port:\t\t63406\r\n\tDestination Address:\t168.63.129.16\r\n\tDestination Port:\t\t32526\r\n\tProtocol:\t\t6\r\n\r\nFilter Information:\r\n\tFilter Run-Time ID:\t69282\r\n\tLayer Name:\t\tConnect\r\n\tLayer Run-Time ID:\t48","Category":"Filtering Platform Connection","@timestamp":"2020-07-22T04:19:06.164Z","LayerRTID":"48","Hostname":"MORDORDC.mordor.local","host":"wec.internal.cloudapp.net","ExecutionProcessID":4,"EventType":"AUDIT_SUCCESS","OpcodeValue":0,"EventTime":"2020-07-22 00:19:04","Severity":"INFO","EventID":5156,"DestPort":"32526","ThreadID":4572,"RecordNumber":9020886}
{"Task":12810,"Direction":"%%14593","Opcode":"Info","SourcePort":"63406","FilterRTID":"69282","LayerName":"%%14611","EventReceivedTime":"2020-07-22 00:19:06","port":55069,"RemoteUserID":"S-1-0-0","SeverityValue":2,"Keywords":-9214364837600034816,"ProviderGuid":"{54849625-5478-4994-A5BA-3E3B0328C30D}","@version":"1","RemoteMachineID":"S-1-0-0","SourceModuleType":"im_msvistalog","Version":1,"tags":["mordorDataset"],"SourceName":"Microsoft-Windows-Security-Auditing","SourceAddress":"172.18.38.5","ProcessId":"3732","DestAddress":"168.63.129.16","Protocol":"6","Channel":"Security","SourceModuleName":"eventlog","Application":"\\device\\harddiskvolume4\\windowsazure\\packages\\guestagent\\windowsazureguestagent.exe","Message":"The Windows Filtering Platform has permitted a connection.\r\n\r\nApplication Information:\r\n\tProcess ID:\t\t3732\r\n\tApplication Name:\t\\device\\harddiskvolume4\\windowsazure\\packages\\guestagent\\windowsazureguestagent.exe\r\n\r\nNetwork Information:\r\n\tDirection:\t\tOutbound\r\n\tSource Address:\t\t172.18.38.5\r\n\tSource Port:\t\t63406\r\n\tDestination Address:\t168.63.129.16\r\n\tDestination Port:\t\t32526\r\n\tProtocol:\t\t6\r\n\r\nFilter Information:\r\n\tFilter Run-Time ID:\t69282\r\n\tLayer Name:\t\tConnect\r\n\tLayer Run-Time ID:\t48","Category":"Filtering Platform Connection","@timestamp":"2020-07-22T04:19:06.164Z","LayerRTID":"48","Hostname":"MORDORDC.mordor.local","host":"wec.internal.cloudapp.net","ExecutionProcessID":4,"EventType":"AUDIT_SUCCESS","OpcodeValue":0,"EventTime":"2020-07-22 00:19:04","Severity":"INFO","EventID":5156,"DestPort":"32526","ThreadID":4572,"RecordNumber":9020887}
{"Task":12810,"Direction":"%%14593","Opcode":"Info","SourcePort":"63406","FilterRTID":"69282","LayerName":"%%14611","EventReceivedTime":"2020-07-22 00:19:06","port":55069,"RemoteUserID":"S-1-0-0","SeverityValue":2,"Keywords":-9214364837600034816,"ProviderGuid":"{54849625-5478-4994-A5BA-3E3B0328C30D}","@version":"1","RemoteMachineID":"S-1-0-0","SourceModuleType":"im_msvistalog","Version":1,"tags":["mordorDataset"],"SourceName":"Microsoft-Windows-Security-Auditing","SourceAddress":"172.18.38.5","ProcessId":"3732","DestAddress":"168.63.129.16","Protocol":"6","Channel":"Security","SourceModuleName":"eventlog","Application":"\\device\\harddiskvolume4\\windowsazure\\packages\\guestagent\\windowsazureguestagent.exe","Message":"The Windows Filtering Platform has permitted a connection.\r\n\r\nApplication Information:\r\n\tProcess ID:\t\t3732\r\n\tApplication Name:\t\\device\\harddiskvolume4\\windowsazure\\packages\\guestagent\\windowsazureguestagent.exe\r\n\r\nNetwork Information:\r\n\tDirection:\t\tOutbound\r\n\tSource Address:\t\t172.18.38.5\r\n\tSource Port:\t\t63406\r\n\tDestination Address:\t168.63.129.16\r\n\tDestination Port:\t\t32526\r\n\tProtocol:\t\t6\r\n\r\nFilter Information:\r\n\tFilter Run-Time ID:\t69282\r\n\tLayer Name:\t\tConnect\r\n\tLayer Run-Time ID:\t48","Category":"Filtering Platform Connection","@timestamp":"2020-07-22T04:19:06.165Z","LayerRTID":"48","Hostname":"MORDORDC.mordor.local","host":"wec.internal.cloudapp.net","ExecutionProcessID":4,"EventType":"AUDIT_SUCCESS","OpcodeValue":0,"EventTime":"2020-07-22 00:19:04","Severity":"INFO","EventID":5156,"DestPort":"32526","ThreadID":4572,"RecordNumber":9020888}
{"Task":12810,"Direction":"%%14593","Opcode":"Info","SourcePort":"63406","FilterRTID":"69282","LayerName":"%%14611","EventReceivedTime":"2020-07-22 00:19:06","port":55069,"RemoteUserID":"S-1-0-0","SeverityValue":2,"Keywords":-9214364837600034816,"ProviderGuid":"{54849625-5478-4994-A5BA-3E3B0328C30D}","@version":"1","RemoteMachineID":"S-1-0-0","SourceModuleType":"im_msvistalog","Version":1,"tags":["mordorDataset"],"SourceName":"Microsoft-Windows-Security-Auditing","SourceAddress":"172.18.38.5","ProcessId":"3732","DestAddress":"168.63.129.16","Protocol":"6","Channel":"Security","SourceModuleName":"eventlog","Application":"\\device\\harddiskvolume4\\windowsazure\\packages\\guestagent\\windowsazureguestagent.exe","Message":"The Windows Filtering Platform has permitted a connection.\r\n\r\nApplication Information:\r\n\tProcess ID:\t\t3732\r\n\tApplication Name:\t\\device\\harddiskvolume4\\windowsazure\\packages\\guestagent\\windowsazureguestagent.exe\r\n\r\nNetwork Information:\r\n\tDirection:\t\tOutbound\r\n\tSource Address:\t\t172.18.38.5\r\n\tSource Port:\t\t63406\r\n\tDestination Address:\t168.63.129.16\r\n\tDestination Port:\t\t32526\r\n\tProtocol:\t\t6\r\n\r\nFilter Information:\r\n\tFilter Run-Time ID:\t69282\r\n\tLayer Name:\t\tConnect\r\n\tLayer Run-Time ID:\t48","Category":"Filtering Platform Connection","@timestamp":"2020-07-22T04:19:06.165Z","LayerRTID":"48","Hostname":"MORDORDC.mordor.local","host":"wec.internal.cloudapp.net","ExecutionProcessID":4,"EventType":"AUDIT_SUCCESS","OpcodeValue":0,"EventTime":"2020-07-22 00:19:04","Severity":"INFO","EventID":5156,"DestPort":"32526","ThreadID":4572,"RecordNumber":9020889}
{"DestinationPort":"80","EventReceivedTime":"2020-07-22 00:19:08","SourceIp":"172.18.39.5","SourceHostname":"-","port":55069,"SeverityValue":2,"RuleName":"-","Keywords":-9223372036854775808,"ProviderGuid":"{5770385F-C22A-43E0-BF4C-06F5698FFBD9}","Version":5,"SourceIsIpv6":"false","ProcessGuid":"{b59756a9-b239-5f17-5307-000000000400}","ProcessId":"9076","Channel":"Microsoft-Windows-Sysmon/Operational","Message":"Network connection detected:\r\nRuleName: -\r\nUtcTime: 2020-07-22 04:19:03.884\r\nProcessGuid: {b59756a9-b239-5f17-5307-000000000400}\r\nProcessId: 9076\r\nImage: C:\\Windows\\System32\\WindowsPowerShell\\v1.0\\powershell.exe\r\nUser: MORDOR\\pgustavo\r\nProtocol: tcp\r\nInitiated: true\r\nSourceIsIpv6: false\r\nSourceIp: 172.18.39.5\r\nSourceHostname: -\r\nSourcePort: 51073\r\nSourcePortName: -\r\nDestinationIsIpv6: false\r\nDestinationIp: 10.10.10.5\r\nDestinationHostname: -\r\nDestinationPort: 80\r\nDestinationPortName: -","@timestamp":"2020-07-22T04:19:08.179Z","DestinationPortName":"-","AccountType":"User","AccountName":"SYSTEM","ThreadID":6108,"Task":3,"RecordNumber":1782148,"Initiated":"true","DestinationIp":"10.10.10.5","@version":"1","SourceModuleType":"im_msvistalog","tags":["mordorDataset"],"Domain":"NT AUTHORITY","DestinationHostname":"-","SourceName":"Microsoft-Windows-Sysmon","UserID":"S-1-5-18","Protocol":"tcp","SourceModuleName":"eventlog","Image":"C:\\Windows\\System32\\WindowsPowerShell\\v1.0\\powershell.exe","UtcTime":"2020-07-22 04:19:03.884","Hostname":"WORKSTATION5.mordor.local","SourcePortName":"-","DestinationIsIpv6":"false","host":"wec.internal.cloudapp.net","ExecutionProcessID":9368,"EventType":"INFO","OpcodeValue":0,"EventTime":"2020-07-22 00:19:05","Severity":"INFO","EventID":3,"User":"MORDOR\\pgustavo","SourcePort":"51073"}
{"DestinationPort":"80","EventReceivedTime":"2020-07-22 00:19:08","SourceIp":"172.18.39.5","SourceHostname":"-","port":55069,"SeverityValue":2,"RuleName":"-","Keywords":-9223372036854775808,"ProviderGuid":"{5770385F-C22A-43E0-BF4C-06F5698FFBD9}","Version":5,"SourceIsIpv6":"false","ProcessGuid":"{b59756a9-b239-5f17-5307-000000000400}","ProcessId":"9076","Channel":"Microsoft-Windows-Sysmon/Operational","Message":"Network connection detected:\r\nRuleName: -\r\nUtcTime: 2020-07-22 04:19:04.078\r\nProcessGuid: {b59756a9-b239-5f17-5307-000000000400}\r\nProcessId: 9076\r\nImage: C:\\Windows\\System32\\WindowsPowerShell\\v1.0\\powershell.exe\r\nUser: MORDOR\\pgustavo\r\nProtocol: tcp\r\nInitiated: true\r\nSourceIsIpv6: false\r\nSourceIp: 172.18.39.5\r\nSourceHostname: -\r\nSourcePort: 51074\r\nSourcePortName: -\r\nDestinationIsIpv6: false\r\nDestinationIp: 10.10.10.5\r\nDestinationHostname: -\r\nDestinationPort: 80\r\nDestinationPortName: -","@timestamp":"2020-07-22T04:19:08.179Z","DestinationPortName":"-","AccountType":"User","AccountName":"SYSTEM","ThreadID":6108,"Task":3,"RecordNumber":1782149,"Initiated":"true","DestinationIp":"10.10.10.5","@version":"1","SourceModuleType":"im_msvistalog","tags":["mordorDataset"],"Domain":"NT AUTHORITY","DestinationHostname":"-","SourceName":"Microsoft-Windows-Sysmon","UserID":"S-1-5-18","Protocol":"tcp","SourceModuleName":"eventlog","Image":"C:\\Windows\\System32\\WindowsPowerShell\\v1.0\\powershell.exe","UtcTime":"2020-07-22 04:19:04.078","Hostname":"WORKSTATION5.mordor.local","SourcePortName":"-","DestinationIsIpv6":"false","host":"wec.internal.cloudapp.net","ExecutionProcessID":9368,"EventType":"INFO","OpcodeValue":0,"EventTime":"2020-07-22 00:19:05","Severity":"INFO","EventID":3,"User":"MORDOR\\pgustavo","SourcePort":"51074"}
{"Task":12810,"SourcePort":"51075","Opcode":"Info","FilterRTID":"0","LayerName":"%%14608","EventReceivedTime":"2020-07-22 00:19:10","port":55069,"SeverityValue":2,"Keywords":-9214364837600034816,"ProviderGuid":"{54849625-5478-4994-A5BA-3E3B0328C30D}","@version":"1","SourceModuleType":"im_msvistalog","Version":0,"tags":["mordorDataset"],"SourceName":"Microsoft-Windows-Security-Auditing","SourceAddress":"0.0.0.0","ProcessId":"5148","Protocol":"6","Channel":"Security","SourceModuleName":"eventlog","Application":"\\device\\harddiskvolume2\\windows\\system32\\svchost.exe","Message":"The Windows Filtering Platform has permitted a bind to a local port.\r\n\r\nApplication Information:\r\n\tProcess ID:\t\t5148\r\n\tApplication Name:\t\\device\\harddiskvolume2\\windows\\system32\\svchost.exe\r\n\r\nNetwork Information:\r\n\tSource Address:\t\t0.0.0.0\r\n\tSource Port:\t\t51075\r\n\tProtocol:\t\t6\r\n\r\nFilter Information:\r\n\tFilter Run-Time ID:\t0\r\n\tLayer Name:\t\tResource Assignment\r\n\tLayer Run-Time ID:\t36","Category":"Filtering Platform Connection","@timestamp":"2020-07-22T04:19:10.197Z","LayerRTID":"36","Hostname":"WORKSTATION5.mordor.local","host":"wec.internal.cloudapp.net","ExecutionProcessID":4,"EventType":"AUDIT_SUCCESS","OpcodeValue":0,"EventTime":"2020-07-22 00:19:07","Severity":"INFO","EventID":5158,"ThreadID":3276,"RecordNumber":258792}
{"Task":12810,"SourcePort":"51076","Opcode":"Info","FilterRTID":"0","LayerName":"%%14608","EventReceivedTime":"2020-07-22 00:19:10","port":55069,"SeverityValue":2,"Keywords":-9214364837600034816,"ProviderGuid":"{54849625-5478-4994-A5BA-3E3B0328C30D}","@version":"1","SourceModuleType":"im_msvistalog","Version":0,"tags":["mordorDataset"],"SourceName":"Microsoft-Windows-Security-Auditing","SourceAddress":"0.0.0.0","ProcessId":"5148","Protocol":"6","Channel":"Security","SourceModuleName":"eventlog","Application":"\\device\\harddiskvolume2\\windows\\system32\\svchost.exe","Message":"The Windows Filtering Platform has permitted a bind to a local port.\r\n\r\nApplication Information:\r\n\tProcess ID:\t\t5148\r\n\tApplication Name:\t\\device\\harddiskvolume2\\windows\\system32\\svchost.exe\r\n\r\nNetwork Information:\r\n\tSource Address:\t\t0.0.0.0\r\n\tSource Port:\t\t51076\r\n\tProtocol:\t\t6\r\n\r\nFilter Information:\r\n\tFilter Run-Time ID:\t0\r\n\tLayer Name:\t\tResource Assignment\r\n\tLayer Run-Time ID:\t36","Category":"Filtering Platform Connection","@timestamp":"2020-07-22T04:19:10.197Z","LayerRTID":"36","Hostname":"WORKSTATION5.mordor.local","host":"wec.internal.cloudapp.net","ExecutionProcessID":4,"EventType":"AUDIT_SUCCESS","OpcodeValue":0,"EventTime":"2020-07-22 00:19:07","Severity":"INFO","EventID":5158,"ThreadID":3276,"RecordNumber":258794}
{"Task":12810,"Direction":"%%14593","Opcode":"Info","SourcePort":"49685","FilterRTID":"69279","LayerName":"%%14611","EventReceivedTime":"2020-07-22 00:19:10","port":55069,"RemoteUserID":"S-1-0-0","SeverityValue":2,"Keywords":-9214364837600034816,"ProviderGuid":"{54849625-5478-4994-A5BA-3E3B0328C30D}","@version":"1","RemoteMachineID":"S-1-0-0","SourceModuleType":"im_msvistalog","Version":1,"tags":["mordorDataset"],"SourceName":"Microsoft-Windows-Security-Auditing","SourceAddress":"172.18.38.5","ProcessId":"3732","DestAddress":"168.63.129.16","Protocol":"6","Channel":"Security","SourceModuleName":"eventlog","Application":"\\device\\harddiskvolume4\\windowsazure\\packages\\guestagent\\windowsazureguestagent.exe","Message":"The Windows Filtering Platform has permitted a connection.\r\n\r\nApplication Information:\r\n\tProcess ID:\t\t3732\r\n\tApplication Name:\t\\device\\harddiskvolume4\\windowsazure\\packages\\guestagent\\windowsazureguestagent.exe\r\n\r\nNetwork Information:\r\n\tDirection:\t\tOutbound\r\n\tSource Address:\t\t172.18.38.5\r\n\tSource Port:\t\t49685\r\n\tDestination Address:\t168.63.129.16\r\n\tDestination Port:\t\t80\r\n\tProtocol:\t\t6\r\n\r\nFilter Information:\r\n\tFilter Run-Time ID:\t69279\r\n\tLayer Name:\t\tConnect\r\n\tLayer Run-Time ID:\t48","Category":"Filtering Platform Connection","@timestamp":"2020-07-22T04:19:10.197Z","LayerRTID":"48","Hostname":"MORDORDC.mordor.local","host":"wec.internal.cloudapp.net","ExecutionProcessID":4,"EventType":"AUDIT_SUCCESS","OpcodeValue":0,"EventTime":"2020-07-22 00:19:07","Severity":"INFO","EventID":5156,"DestPort":"80","ThreadID":2712,"RecordNumber":9020890}
{"Task":12810,"Direction":"%%14593","Opcode":"Info","SourcePort":"49685","FilterRTID":"69279","LayerName":"%%14611","EventReceivedTime":"2020-07-22 00:19:10","port":55069,"RemoteUserID":"S-1-0-0","SeverityValue":2,"Keywords":-9214364837600034816,"ProviderGuid":"{54849625-5478-4994-A5BA-3E3B0328C30D}","@version":"1","RemoteMachineID":"S-1-0-0","SourceModuleType":"im_msvistalog","Version":1,"tags":["mordorDataset"],"SourceName":"Microsoft-Windows-Security-Auditing","SourceAddress":"172.18.38.5","ProcessId":"3732","DestAddress":"168.63.129.16","Protocol":"6","Channel":"Security","SourceModuleName":"eventlog","Application":"\\device\\harddiskvolume4\\windowsazure\\packages\\guestagent\\windowsazureguestagent.exe","Message":"The Windows Filtering Platform has permitted a connection.\r\n\r\nApplication Information:\r\n\tProcess ID:\t\t3732\r\n\tApplication Name:\t\\device\\harddiskvolume4\\windowsazure\\packages\\guestagent\\windowsazureguestagent.exe\r\n\r\nNetwork Information:\r\n\tDirection:\t\tOutbound\r\n\tSource Address:\t\t172.18.38.5\r\n\tSource Port:\t\t49685\r\n\tDestination Address:\t168.63.129.16\r\n\tDestination Port:\t\t80\r\n\tProtocol:\t\t6\r\n\r\nFilter Information:\r\n\tFilter Run-Time ID:\t69279\r\n\tLayer Name:\t\tConnect\r\n\tLayer Run-Time ID:\t48","Category":"Filtering Platform Connection","@timestamp":"2020-07-22T04:19:10.197Z","LayerRTID":"48","Hostname":"MORDORDC.mordor.local","host":"wec.internal.cloudapp.net","ExecutionProcessID":4,"EventType":"AUDIT_SUCCESS","OpcodeValue":0,"EventTime":"2020-07-22 00:19:07","Severity":"INFO","EventID":5156,"DestPort":"80","ThreadID":2712,"RecordNumber":9020891}
{"Task":12810,"Direction":"%%14593","Opcode":"Info","SourcePort":"63406","FilterRTID":"69282","LayerName":"%%14611","EventReceivedTime":"2020-07-22 00:19:10","port":55069,"RemoteUserID":"S-1-0-0","SeverityValue":2,"Keywords":-9214364837600034816,"ProviderGuid":"{54849625-5478-4994-A5BA-3E3B0328C30D}","@version":"1","RemoteMachineID":"S-1-0-0","SourceModuleType":"im_msvistalog","Version":1,"tags":["mordorDataset"],"SourceName":"Microsoft-Windows-Security-Auditing","SourceAddress":"172.18.38.5","ProcessId":"3732","DestAddress":"168.63.129.16","Protocol":"6","Channel":"Security","SourceModuleName":"eventlog","Application":"\\device\\harddiskvolume4\\windowsazure\\packages\\guestagent\\windowsazureguestagent.exe","Message":"The Windows Filtering Platform has permitted a connection.\r\n\r\nApplication Information:\r\n\tProcess ID:\t\t3732\r\n\tApplication Name:\t\\device\\harddiskvolume4\\windowsazure\\packages\\guestagent\\windowsazureguestagent.exe\r\n\r\nNetwork Information:\r\n\tDirection:\t\tOutbound\r\n\tSource Address:\t\t172.18.38.5\r\n\tSource Port:\t\t63406\r\n\tDestination Address:\t168.63.129.16\r\n\tDestination Port:\t\t32526\r\n\tProtocol:\t\t6\r\n\r\nFilter Information:\r\n\tFilter Run-Time ID:\t69282\r\n\tLayer Name:\t\tConnect\r\n\tLayer Run-Time ID:\t48","Category":"Filtering Platform Connection","@timestamp":"2020-07-22T04:19:10.197Z","LayerRTID":"48","Hostname":"MORDORDC.mordor.local","host":"wec.internal.cloudapp.net","ExecutionProcessID":4,"EventType":"AUDIT_SUCCESS","OpcodeValue":0,"EventTime":"2020-07-22 00:19:07","Severity":"INFO","EventID":5156,"DestPort":"32526","ThreadID":2712,"RecordNumber":9020892}
{"Task":12810,"Direction":"%%14593","Opcode":"Info","SourcePort":"63406","FilterRTID":"69282","LayerName":"%%14611","EventReceivedTime":"2020-07-22 00:19:10","port":55069,"RemoteUserID":"S-1-0-0","SeverityValue":2,"Keywords":-9214364837600034816,"ProviderGuid":"{54849625-5478-4994-A5BA-3E3B0328C30D}","@version":"1","RemoteMachineID":"S-1-0-0","SourceModuleType":"im_msvistalog","Version":1,"tags":["mordorDataset"],"SourceName":"Microsoft-Windows-Security-Auditing","SourceAddress":"172.18.38.5","ProcessId":"3732","DestAddress":"168.63.129.16","Protocol":"6","Channel":"Security","SourceModuleName":"eventlog","Application":"\\device\\harddiskvolume4\\windowsazure\\packages\\guestagent\\windowsazureguestagent.exe","Message":"The Windows Filtering Platform has permitted a connection.\r\n\r\nApplication Information:\r\n\tProcess ID:\t\t3732\r\n\tApplication Name:\t\\device\\harddiskvolume4\\windowsazure\\packages\\guestagent\\windowsazureguestagent.exe\r\n\r\nNetwork Information:\r\n\tDirection:\t\tOutbound\r\n\tSource Address:\t\t172.18.38.5\r\n\tSource Port:\t\t63406\r\n\tDestination Address:\t168.63.129.16\r\n\tDestination Port:\t\t32526\r\n\tProtocol:\t\t6\r\n\r\nFilter Information:\r\n\tFilter Run-Time ID:\t69282\r\n\tLayer Name:\t\tConnect\r\n\tLayer Run-Time ID:\t48","Category":"Filtering Platform Connection","@timestamp":"2020-07-22T04:19:10.197Z","LayerRTID":"48","Hostname":"MORDORDC.mordor.local","host":"wec.internal.cloudapp.net","ExecutionProcessID":4,"EventType":"AUDIT_SUCCESS","OpcodeValue":0,"EventTime":"2020-07-22 00:19:07","Severity":"INFO","EventID":5156,"DestPort":"32526","ThreadID":2712,"RecordNumber":9020893}
{"Task":12810,"Direction":"%%14593","Opcode":"Info","SourcePort":"63406","FilterRTID":"69282","LayerName":"%%14611","EventReceivedTime":"2020-07-22 00:19:10","port":55069,"RemoteUserID":"S-1-0-0","SeverityValue":2,"Keywords":-9214364837600034816,"ProviderGuid":"{54849625-5478-4994-A5BA-3E3B0328C30D}","@version":"1","RemoteMachineID":"S-1-0-0","SourceModuleType":"im_msvistalog","Version":1,"tags":["mordorDataset"],"SourceName":"Microsoft-Windows-Security-Auditing","SourceAddress":"172.18.38.5","ProcessId":"3732","DestAddress":"168.63.129.16","Protocol":"6","Channel":"Security","SourceModuleName":"eventlog","Application":"\\device\\harddiskvolume4\\windowsazure\\packages\\guestagent\\windowsazureguestagent.exe","Message":"The Windows Filtering Platform has permitted a connection.\r\n\r\nApplication Information:\r\n\tProcess ID:\t\t3732\r\n\tApplication Name:\t\\device\\harddiskvolume4\\windowsazure\\packages\\guestagent\\windowsazureguestagent.exe\r\n\r\nNetwork Information:\r\n\tDirection:\t\tOutbound\r\n\tSource Address:\t\t172.18.38.5\r\n\tSource Port:\t\t63406\r\n\tDestination Address:\t168.63.129.16\r\n\tDestination Port:\t\t32526\r\n\tProtocol:\t\t6\r\n\r\nFilter Information:\r\n\tFilter Run-Time ID:\t69282\r\n\tLayer Name:\t\tConnect\r\n\tLayer Run-Time ID:\t48","Category":"Filtering Platform Connection","@timestamp":"2020-07-22T04:19:10.197Z","LayerRTID":"48","Hostname":"MORDORDC.mordor.local","host":"wec.internal.cloudapp.net","ExecutionProcessID":4,"EventType":"AUDIT_SUCCESS","OpcodeValue":0,"EventTime":"2020-07-22 00:19:07","Severity":"INFO","EventID":5156,"DestPort":"32526","ThreadID":2712,"RecordNumber":9020894}
{"Task":12810,"Direction":"%%14593","Opcode":"Info","SourcePort":"63406","FilterRTID":"69282","LayerName":"%%14611","EventReceivedTime":"2020-07-22 00:19:10","port":55069,"RemoteUserID":"S-1-0-0","SeverityValue":2,"Keywords":-9214364837600034816,"ProviderGuid":"{54849625-5478-4994-A5BA-3E3B0328C30D}","@version":"1","RemoteMachineID":"S-1-0-0","SourceModuleType":"im_msvistalog","Version":1,"tags":["mordorDataset"],"SourceName":"Microsoft-Windows-Security-Auditing","SourceAddress":"172.18.38.5","ProcessId":"3732","DestAddress":"168.63.129.16","Protocol":"6","Channel":"Security","SourceModuleName":"eventlog","Application":"\\device\\harddiskvolume4\\windowsazure\\packages\\guestagent\\windowsazureguestagent.exe","Message":"The Windows Filtering Platform has permitted a connection.\r\n\r\nApplication Information:\r\n\tProcess ID:\t\t3732\r\n\tApplication Name:\t\\device\\harddiskvolume4\\windowsazure\\packages\\guestagent\\windowsazureguestagent.exe\r\n\r\nNetwork Information:\r\n\tDirection:\t\tOutbound\r\n\tSource Address:\t\t172.18.38.5\r\n\tSource Port:\t\t63406\r\n\tDestination Address:\t168.63.129.16\r\n\tDestination Port:\t\t32526\r\n\tProtocol:\t\t6\r\n\r\nFilter Information:\r\n\tFilter Run-Time ID:\t69282\r\n\tLayer Name:\t\tConnect\r\n\tLayer Run-Time ID:\t48","Category":"Filtering Platform Connection","@timestamp":"2020-07-22T04:19:10.197Z","LayerRTID":"48","Hostname":"MORDORDC.mordor.local","host":"wec.internal.cloudapp.net","ExecutionProcessID":4,"EventType":"AUDIT_SUCCESS","OpcodeValue":0,"EventTime":"2020-07-22 00:19:07","Severity":"INFO","EventID":5156,"DestPort":"32526","ThreadID":2712,"RecordNumber":9020895}
{"Task":12810,"Direction":"%%14593","Opcode":"Info","SourcePort":"63406","FilterRTID":"69282","LayerName":"%%14611","EventReceivedTime":"2020-07-22 00:19:10","port":55069,"RemoteUserID":"S-1-0-0","SeverityValue":2,"Keywords":-9214364837600034816,"ProviderGuid":"{54849625-5478-4994-A5BA-3E3B0328C30D}","@version":"1","RemoteMachineID":"S-1-0-0","SourceModuleType":"im_msvistalog","Version":1,"tags":["mordorDataset"],"SourceName":"Microsoft-Windows-Security-Auditing","SourceAddress":"172.18.38.5","ProcessId":"3732","DestAddress":"168.63.129.16","Protocol":"6","Channel":"Security","SourceModuleName":"eventlog","Application":"\\device\\harddiskvolume4\\windowsazure\\packages\\guestagent\\windowsazureguestagent.exe","Message":"The Windows Filtering Platform has permitted a connection.\r\n\r\nApplication Information:\r\n\tProcess ID:\t\t3732\r\n\tApplication Name:\t\\device\\harddiskvolume4\\windowsazure\\packages\\guestagent\\windowsazureguestagent.exe\r\n\r\nNetwork Information:\r\n\tDirection:\t\tOutbound\r\n\tSource Address:\t\t172.18.38.5\r\n\tSource Port:\t\t63406\r\n\tDestination Address:\t168.63.129.16\r\n\tDestination Port:\t\t32526\r\n\tProtocol:\t\t6\r\n\r\nFilter Information:\r\n\tFilter Run-Time ID:\t69282\r\n\tLayer Name:\t\tConnect\r\n\tLayer Run-Time ID:\t48","Category":"Filtering Platform Connection","@timestamp":"2020-07-22T04:19:10.198Z","LayerRTID":"48","Hostname":"MORDORDC.mordor.local","host":"wec.internal.cloudapp.net","ExecutionProcessID":4,"EventType":"AUDIT_SUCCESS","OpcodeValue":0,"EventTime":"2020-07-22 00:19:07","Severity":"INFO","EventID":5156,"DestPort":"32526","ThreadID":2712,"RecordNumber":9020896}
{"Task":12810,"SourcePort":"64884","Opcode":"Info","FilterRTID":"0","LayerName":"%%14608","EventReceivedTime":"2020-07-22 00:19:10","port":55069,"SeverityValue":2,"Keywords":-9214364837600034816,"ProviderGuid":"{54849625-5478-4994-A5BA-3E3B0328C30D}","@version":"1","SourceModuleType":"im_msvistalog","Version":0,"tags":["mordorDataset"],"SourceName":"Microsoft-Windows-Security-Auditing","SourceAddress":"0.0.0.0","ProcessId":"1420","Protocol":"6","Channel":"Security","SourceModuleName":"eventlog","Application":"\\device\\harddiskvolume4\\windows\\system32\\svchost.exe","Message":"The Windows Filtering Platform has permitted a bind to a local port.\r\n\r\nApplication Information:\r\n\tProcess ID:\t\t1420\r\n\tApplication Name:\t\\device\\harddiskvolume4\\windows\\system32\\svchost.exe\r\n\r\nNetwork Information:\r\n\tSource Address:\t\t0.0.0.0\r\n\tSource Port:\t\t64884\r\n\tProtocol:\t\t6\r\n\r\nFilter Information:\r\n\tFilter Run-Time ID:\t0\r\n\tLayer Name:\t\tResource Assignment\r\n\tLayer Run-Time ID:\t36","Category":"Filtering Platform Connection","@timestamp":"2020-07-22T04:19:10.198Z","LayerRTID":"36","Hostname":"MORDORDC.mordor.local","host":"wec.internal.cloudapp.net","ExecutionProcessID":4,"EventType":"AUDIT_SUCCESS","OpcodeValue":0,"EventTime":"2020-07-22 00:19:07","Severity":"INFO","EventID":5158,"ThreadID":2712,"RecordNumber":9020897}
{"Task":12,"EventReceivedTime":"2020-07-22 00:19:10","port":55069,"SeverityValue":2,"RuleName":"-","Keywords":-9223372036854775808,"ProviderGuid":"{5770385F-C22A-43E0-BF4C-06F5698FFBD9}","@version":"1","SourceModuleType":"im_msvistalog","Version":2,"tags":["mordorDataset"],"Domain":"NT AUTHORITY","ProcessGuid":"{47b21e2e-99b3-5f14-3303-000000000400}","SourceName":"Microsoft-Windows-Sysmon","ProcessId":"1420","UserID":"S-1-5-18","Channel":"Microsoft-Windows-Sysmon/Operational","SourceModuleName":"eventlog","TargetObject":"HKLM\\SOFTWARE\\Microsoft\\Windows\\CurrentVersion\\Internet Settings\\Connections","Message":"Registry object added or deleted:\r\nRuleName: -\r\nEventType: CreateKey\r\nUtcTime: 2020-07-22 04:19:07.968\r\nProcessGuid: {47b21e2e-99b3-5f14-3303-000000000400}\r\nProcessId: 1420\r\nImage: C:\\windows\\System32\\svchost.exe\r\nTargetObject: HKLM\\SOFTWARE\\Microsoft\\Windows\\CurrentVersion\\Internet Settings\\Connections","Image":"C:\\windows\\System32\\svchost.exe","EventTypeOrignal":"INFO","UtcTime":"2020-07-22 04:19:07.968","@timestamp":"2020-07-22T04:19:10.198Z","Hostname":"MORDORDC.mordor.local","host":"wec.internal.cloudapp.net","AccountType":"User","AccountName":"SYSTEM","ExecutionProcessID":5068,"OpcodeValue":0,"EventType":"CreateKey","EventTime":"2020-07-22 00:19:07","Severity":"INFO","EventID":12,"ThreadID":3296,"RecordNumber":1482105}
