{"Task":10,"EventReceivedTime":"2020-07-22 00:19:01","SourceProcessGUID":"{03255e25-9966-5f14-1200-000000000400}","SourceThreadId":"2784","port":55069,"SeverityValue":2,"RuleName":"-","Keywords":-9223372036854775808,"ProviderGuid":"{5770385F-C22A-43E0-BF4C-06F5698FFBD9}","@version":"1","SourceProcessId":"444","TargetProcessId":"3232","Version":3,"SourceModuleType":"im_msvistalog","tags":["mordorDataset"],"Domain":"NT AUTHORITY","SourceName":"Microsoft-Windows-Sysmon","ProcessId":"444","UserID":"S-1-5-18","GrantedAccess":"0x1000","Channel":"Microsoft-Windows-Sysmon/Operational","SourceModuleName":"eventlog","Message":"Process accessed:\r\nRuleName: -\r\nUtcTime: 2020-07-22 04:19:00.001\r\nSourceProcessGUID: {03255e25-9966-5f14-1200-000000000400}\r\nSourceProcessId: 444\r\nSourceThreadId: 2784\r\nSourceImage: C:\\windows\\system32\\svchost.exe\r\nTargetProcessGUID: {03255e25-996e-5f14-4700-000000000400}\r\nTargetProcessId: 3232\r\nTargetImage: C:\\windows\\System32\\svchost.exe\r\nGrantedAccess: 0x1000\r\nCallTrace: C:\\windows\\SYSTEM32\\ntdll.dll+9c534|C:\\windows\\System32\\KERNELBASE.dll+6a7f5|c:\\windows\\system32\\lsm.dll+f6ba|C:\\windows\\System32\\RPCRT4.dll+76953|C:\\windows\\System32\\RPCRT4.dll+da036|C:\\windows\\System32\\RPCRT4.dll+37a4c|C:\\windows\\System32\\RPCRT4.dll+548c8|C:\\windows\\System32\\RPCRT4.dll+2c921|C:\\windows\\System32\\RPCRT4.dll+2c1db|C:\\windows\\System32\\RPCRT4.dll+1a86f|C:\\windows\\System32\\RPCRT4.dll+19d1a|C:\\windows\\System32\\RPCRT4.dll+19301|C:\\windows\\System32\\RPCRT4.dll+18d6e|C:\\windows\\System32\\RPCRT4.dll+169a5|C:\\windows\\SYSTEM32\\ntdll.dll+333ed|C:\\windows\\SYSTEM32\\ntdll.dll+34142|C:\\windows\\System32\\KERNEL32.DLL+17bd4|C:\\windows\\SYSTEM32\\ntdll.dll+6ce51","UtcTime":"2020-07-22 04:19:00.001","TargetImage":"C:\\windows\\System32\\svchost.exe","@timestamp":"2020-07-22T04:19:01.097Z","TargetProcessGUID":"{03255e25-996e-5f14-4700-000000000400}","Hostname":"WORKSTATION6.mordor.local","CallTrace":"C:\\windows\\SYSTEM32\\ntdll.dll+9c534|C:\\windows\\System32\\KERNELBASE.dll+6a7f5|c:\\windows\\system32\\lsm.dll+f6ba|C:\\windows\\System32\\RPCRT4.dll+76953|C:\\windows\\System32\\RPCRT4.dll+da036|C:\\windows\\System32\\RPCRT4.dll+37a4c|C:\\windows\\System32\\RPCRT4.dll+548c8|C:\\windows\\System32\\RPCRT4.dll+2c921|C:\\windows\\System32\\RPCRT4.dll+2c1db|C:\\windows\\System32\\RPCRT4.dll+1a86f|C:\\windows\\System32\\RPCRT4.dll+19d1a|C:\\windows\\System32\\RPCRT4.dll+19301|C:\\windows\\System32\\RPCRT4.dll+18d6e|C:\\windows\\System32\\RPCRT4.dll+169a5|C:\\windows\\SYSTEM32\\ntdll.dll+333ed|C:\\windows\\SYSTEM32\\ntdll.dll+34142|C:\\windows\\System32\\KERNEL32.DLL+17bd4|C:\\windows\\SYSTEM32\\ntdll.dll+6ce51","host":"wec.internal.cloudapp.net","AccountType":"User","AccountName":"SYSTEM","ExecutionProcessID":7856,"EventType":"INFO","OpcodeValue":0,"EventTime":"2020-07-22 00:19:00","Severity":"INFO","EventID":10,"SourceImage":"C:\\windows\\system32\\svchost.exe","ThreadID":6664,"RecordNumber":706025}
{"Task":10,"EventReceivedTime":"2020-07-22 00:19:01","SourceProcessGUID":"{b59756a9-9966-5f14-1200-000000000400}","SourceThreadId":"6168","port":55069,"SeverityValue":2,"RuleName":"-","Keywords":-9223372036854775808,"ProviderGuid":"{5770385F-C22A-43E0-BF4C-06F5698FFBD9}","@version":"1","SourceProcessId":"396","TargetProcessId":"3284","Version":3,"SourceModuleType":"im_msvistalog","tags":["mordorDataset"],"Domain":"NT AUTHORITY","SourceName":"Microsoft-Windows-Sysmon","ProcessId":"396","UserID":"S-1-5-18","GrantedAccess":"0x1000","Channel":"Microsoft-Windows-Sysmon/Operational","SourceModuleName":"eventlog","Message":"Process accessed:\r\nRuleName: -\r\nUtcTime: 2020-07-22 04:19:00.008\r\nSourceProcessGUID: {b59756a9-9966-5f14-1200-000000000400}\r\nSourceProcessId: 396\r\nSourceThreadId: 6168\r\nSourceImage: C:\\windows\\system32\\svchost.exe\r\nTargetProcessGUID: {b59756a9-996d-5f14-4700-000000000400}\r\nTargetProcessId: 3284\r\nTargetImage: C:\\windows\\System32\\svchost.exe\r\nGrantedAccess: 0x1000\r\nCallTrace: C:\\windows\\SYSTEM32\\ntdll.dll+9c534|C:\\windows\\System32\\KERNELBASE.dll+6a7f5|c:\\windows\\system32\\lsm.dll+f6ba|C:\\windows\\System32\\RPCRT4.dll+76953|C:\\windows\\System32\\RPCRT4.dll+da036|C:\\windows\\System32\\RPCRT4.dll+37a4c|C:\\windows\\System32\\RPCRT4.dll+548c8|C:\\windows\\System32\\RPCRT4.dll+2c921|C:\\windows\\System32\\RPCRT4.dll+2c1db|C:\\windows\\System32\\RPCRT4.dll+1a86f|C:\\windows\\System32\\RPCRT4.dll+19d1a|C:\\windows\\System32\\RPCRT4.dll+19301|C:\\windows\\System32\\RPCRT4.dll+18d6e|C:\\windows\\System32\\RPCRT4.dll+169a5|C:\\windows\\SYSTEM32\\ntdll.dll+333ed|C:\\windows\\SYSTEM32\\ntdll.dll+34142|C:\\windows\\System32\\KERNEL32.DLL+17bd4|C:\\windows\\SYSTEM32\\ntdll.dll+6ce51","UtcTime":"2020-07-22 04:19:00.008","TargetImage":"C:\\windows\\System32\\svchost.exe","@timestamp":"2020-07-22T04:19:01.097Z","TargetProcessGUID":"{b59756a9-996d-5f14-4700-000000000400}","Hostname":"WORKSTATION5.mordor.local","CallTrace":"C:\\windows\\SYSTEM32\\ntdll.dll+9c534|C:\\windows\\System32\\KERNELBASE.dll+6a7f5|c:\\windows\\system32\\lsm.dll+f6ba|C:\\windows\\System32\\RPCRT4.dll+76953|C:\\windows\\System32\\RPCRT4.dll+da036|C:\\windows\\System32\\RPCRT4.dll+37a4c|C:\\windows\\System32\\RPCRT4.dll+548c8|C:\\windows\\System32\\RPCRT4.dll+2c921|C:\\windows\\System32\\RPCRT4.dll+2c1db|C:\\windows\\System32\\RPCRT4.dll+1a86f|C:\\windows\\System32\\RPCRT4.dll+19d1a|C:\\windows\\System32\\RPCRT4.dll+19301|C:\\windows\\System32\\RPCRT4.dll+18d6e|C:\\windows\\System32\\RPCRT4.dll+169a5|C:\\windows\\SYSTEM32\\ntdll.dll+333ed|C:\\windows\\SYSTEM32\\ntdll.dll+34142|C:\\windows\\System32\\KERNEL32.DLL+17bd4|C:\\windows\\SYSTEM32\\ntdll.dll+6ce51","host":"wec.internal.cloudapp.net","AccountType":"User","AccountName":"SYSTEM","ExecutionProcessID":9368,"EventType":"INFO","OpcodeValue":0,"EventTime":"2020-07-22 00:19:00","Severity":"INFO","EventID":10,"SourceImage":"C:\\windows\\system32\\svchost.exe","ThreadID":6244,"RecordNumber":1782132}
{"Task":10,"EventReceivedTime":"2020-07-22 00:19:01","SourceProcessGUID":"{b59756a9-9966-5f14-1200-000000000400}","SourceThreadId":"6168","port":55069,"SeverityValue":2,"RuleName":"-","Keywords":-9223372036854775808,"ProviderGuid":"{5770385F-C22A-43E0-BF4C-06F5698FFBD9}","@version":"1","SourceProcessId":"396","TargetProcessId":"3284","Version":3,"SourceModuleType":"im_msvistalog","tags":["mordorDataset"],"Domain":"NT AUTHORITY","SourceName":"Microsoft-Windows-Sysmon","ProcessId":"396","UserID":"S-1-5-18","GrantedAccess":"0x1000","Channel":"Microsoft-Windows-Sysmon/Operational","SourceModuleName":"eventlog","Message":"Process accessed:\r\nRuleName: -\r\nUtcTime: 2020-07-22 04:19:00.008\r\nSourceProcessGUID: {b59756a9-9966-5f14-1200-000000000400}\r\nSourceProcessId: 396\r\nSourceThreadId: 6168\r\nSourceImage: C:\\windows\\system32\\svchost.exe\r\nTargetProcessGUID: {b59756a9-996d-5f14-4700-000000000400}\r\nTargetProcessId: 3284\r\nTargetImage: C:\\windows\\System32\\svchost.exe\r\nGrantedAccess: 0x1000\r\nCallTrace: C:\\windows\\SYSTEM32\\ntdll.dll+9c534|C:\\windows\\System32\\KERNELBASE.dll+6a7f5|c:\\windows\\system32\\lsm.dll+f97f|c:\\windows\\system32\\lsm.dll+f7ad|C:\\windows\\System32\\RPCRT4.dll+76953|C:\\windows\\System32\\RPCRT4.dll+da036|C:\\windows\\System32\\RPCRT4.dll+37a4c|C:\\windows\\System32\\RPCRT4.dll+548c8|C:\\windows\\System32\\RPCRT4.dll+2c921|C:\\windows\\System32\\RPCRT4.dll+2c1db|C:\\windows\\System32\\RPCRT4.dll+1a86f|C:\\windows\\System32\\RPCRT4.dll+19d1a|C:\\windows\\System32\\RPCRT4.dll+19301|C:\\windows\\System32\\RPCRT4.dll+18d6e|C:\\windows\\System32\\RPCRT4.dll+169a5|C:\\windows\\SYSTEM32\\ntdll.dll+333ed|C:\\windows\\SYSTEM32\\ntdll.dll+34142|C:\\windows\\System32\\KERNEL32.DLL+17bd4|C:\\windows\\SYSTEM32\\ntdll.dll+6ce51","UtcTime":"2020-07-22 04:19:00.008","TargetImage":"C:\\windows\\System32\\svchost.exe","@timestamp":"2020-07-22T04:19:01.098Z","TargetProcessGUID":"{b59756a9-996d-5f14-4700-000000000400}","Hostname":"WORKSTATION5.mordor.local","CallTrace":"C:\\windows\\SYSTEM32\\ntdll.dll+9c534|C:\\windows\\System32\\KERNELBASE.dll+6a7f5|c:\\windows\\system32\\lsm.dll+f97f|c:\\windows\\system32\\lsm.dll+f7ad|C:\\windows\\System32\\RPCRT4.dll+76953|C:\\windows\\System32\\RPCRT4.dll+da036|C:\\windows\\System32\\RPCRT4.dll+37a4c|C:\\windows\\System32\\RPCRT4.dll+548c8|C:\\windows\\System32\\RPCRT4.dll+2c921|C:\\windows\\System32\\RPCRT4.dll+2c1db|C:\\windows\\System32\\RPCRT4.dll+1a86f|C:\\windows\\System32\\RPCRT4.dll+19d1a|C:\\windows\\System32\\RPCRT4.dll+19301|C:\\windows\\System32\\RPCRT4.dll+18d6e|C:\\windows\\System32\\RPCRT4.dll+169a5|C:\\windows\\SYSTEM32\\ntdll.dll+333ed|C:\\windows\\SYSTEM32\\ntdll.dll+34142|C:\\windows\\System32\\KERNEL32.DLL+17bd4|C:\\windows\\SYSTEM32\\ntdll.dll+6ce51","host":"wec.internal.cloudapp.net","AccountType":"User","AccountName":"SYSTEM","ExecutionProcessID":9368,"EventType":"INFO","OpcodeValue":0,"EventTime":"2020-07-22 00:19:00","Severity":"INFO","EventID":10,"SourceImage":"C:\\windows\\system32\\svchost.exe","ThreadID":6244,"RecordNumber":1782133}
{"Task":10,"EventReceivedTime":"2020-07-22 00:19:01","SourceProcessGUID":"{03255e25-9966-5f14-1200-000000000400}","SourceThreadId":"2784","port":55069,"SeverityValue":2,"RuleName":"-","Keywords":-9223372036854775808,"ProviderGuid":"{5770385F-C22A-43E0-BF4C-06F5698FFBD9}","@version":"1","SourceProcessId":"444","TargetProcessId":"3232","Version":3,"SourceModuleType":"im_msvistalog","tags":["mordorDataset"],"Domain":"NT AUTHORITY","SourceName":"Microsoft-Windows-Sysmon","ProcessId":"444","UserID":"S-1-5-18","GrantedAccess":"0x1000","Channel":"Microsoft-Windows-Sysmon/Operational","SourceModuleName":"eventlog","Message":"Process accessed:\r\nRuleName: -\r\nUtcTime: 2020-07-22 04:19:00.001\r\nSourceProcessGUID: {03255e25-9966-5f14-1200-000000000400}\r\nSourceProcessId: 444\r\nSourceThreadId: 2784\r\nSourceImage: C:\\windows\\system32\\svchost.exe\r\nTargetProcessGUID: {03255e25-996e-5f14-4700-000000000400}\r\nTargetProcessId: 3232\r\nTargetImage: C:\\windows\\System32\\svchost.exe\r\nGrantedAccess: 0x1000\r\nCallTrace: C:\\windows\\SYSTEM32\\ntdll.dll+9c534|C:\\windows\\System32\\KERNELBASE.dll+6a7f5|c:\\windows\\system32\\lsm.dll+f97f|c:\\windows\\system32\\lsm.dll+f7ad|C:\\windows\\System32\\RPCRT4.dll+76953|C:\\windows\\System32\\RPCRT4.dll+da036|C:\\windows\\System32\\RPCRT4.dll+37a4c|C:\\windows\\System32\\RPCRT4.dll+548c8|C:\\windows\\System32\\RPCRT4.dll+2c921|C:\\windows\\System32\\RPCRT4.dll+2c1db|C:\\windows\\System32\\RPCRT4.dll+1a86f|C:\\windows\\System32\\RPCRT4.dll+19d1a|C:\\windows\\System32\\RPCRT4.dll+19301|C:\\windows\\System32\\RPCRT4.dll+18d6e|C:\\windows\\System32\\RPCRT4.dll+169a5|C:\\windows\\SYSTEM32\\ntdll.dll+333ed|C:\\windows\\SYSTEM32\\ntdll.dll+34142|C:\\windows\\System32\\KERNEL32.DLL+17bd4|C:\\windows\\SYSTEM32\\ntdll.dll+6ce51","UtcTime":"2020-07-22 04:19:00.001","TargetImage":"C:\\windows\\System32\\svchost.exe","@timestamp":"2020-07-22T04:19:01.098Z","TargetProcessGUID":"{03255e25-996e-5f14-4700-000000000400}","Hostname":"WORKSTATION6.mordor.local","CallTrace":"C:\\windows\\SYSTEM32\\ntdll.dll+9c534|C:\\windows\\System32\\KERNELBASE.dll+6a7f5|c:\\windows\\system32\\lsm.dll+f97f|c:\\windows\\system32\\lsm.dll+f7ad|C:\\windows\\System32\\RPCRT4.dll+76953|C:\\windows\\System32\\RPCRT4.dll+da036|C:\\windows\\System32\\RPCRT4.dll+37a4c|C:\\windows\\System32\\RPCRT4.dll+548c8|C:\\windows\\System32\\RPCRT4.dll+2c921|C:\\windows\\System32\\RPCRT4.dll+2c1db|C:\\windows\\System32\\RPCRT4.dll+1a86f|C:\\windows\\System32\\RPCRT4.dll+19d1a|C:\\windows\\System32\\RPCRT4.dll+19301|C:\\windows\\System32\\RPCRT4.dll+18d6e|C:\\windows\\System32\\RPCRT4.dll+169a5|C:\\windows\\SYSTEM32\\ntdll.dll+333ed|C:\\windows\\SYSTEM32\\ntdll.dll+34142|C:\\windows\\System32\\KERNEL32.DLL+17bd4|C:\\windows\\SYSTEM32\\ntdll.dll+6ce51","host":"wec.internal.cloudapp.net","AccountType":"User","AccountName":"SYSTEM","ExecutionProcessID":7856,"EventType":"INFO","OpcodeValue":0,"EventTime":"2020-07-22 00:19:00","Severity":"INFO","EventID":10,"SourceImage":"C:\\windows\\system32\\svchost.exe","ThreadID":6664,"RecordNumber":706026}
{"Task":10,"EventReceivedTime":"2020-07-22 00:19:01","SourceProcessGUID":"{b59756a9-9966-5f14-1200-000000000400}","SourceThreadId":"6168","port":55069,"SeverityValue":2,"RuleName":"-","Keywords":-9223372036854775808,"ProviderGuid":"{5770385F-C22A-43E0-BF4C-06F5698FFBD9}","@version":"1","SourceProcessId":"396","TargetProcessId":"3284","Version":3,"SourceModuleType":"im_msvistalog","tags":["mordorDataset"],"Domain":"NT AUTHORITY","SourceName":"Microsoft-Windows-Sysmon","ProcessId":"396","UserID":"S-1-5-18","GrantedAccess":"0x1000","Channel":"Microsoft-Windows-Sysmon/Operational","SourceModuleName":"eventlog","Message":"Process accessed:\r\nRuleName: -\r\nUtcTime: 2020-07-22 04:19:00.008\r\nSourceProcessGUID: {b59756a9-9966-5f14-1200-000000000400}\r\nSourceProcessId: 396\r\nSourceThreadId: 6168\r\nSourceImage: C:\\windows\\system32\\svchost.exe\r\nTargetProcessGUID: {b59756a9-996d-5f14-4700-000000000400}\r\nTargetProcessId: 3284\r\nTargetImage: C:\\windows\\System32\\svchost.exe\r\nGrantedAccess: 0x1000\r\nCallTrace: C:\\windows\\SYSTEM32\\ntdll.dll+9c534|C:\\windows\\System32\\KERNELBASE.dll+6a7f5|c:\\windows\\system32\\lsm.dll+f6ba|C:\\windows\\System32\\RPCRT4.dll+76953|C:\\windows\\System32\\RPCRT4.dll+da036|C:\\windows\\System32\\RPCRT4.dll+37a4c|C:\\windows\\System32\\RPCRT4.dll+548c8|C:\\windows\\System32\\RPCRT4.dll+2c921|C:\\windows\\System32\\RPCRT4.dll+2c1db|C:\\windows\\System32\\RPCRT4.dll+1a86f|C:\\windows\\System32\\RPCRT4.dll+19d1a|C:\\windows\\System32\\RPCRT4.dll+19301|C:\\windows\\System32\\RPCRT4.dll+18d6e|C:\\windows\\System32\\RPCRT4.dll+169a5|C:\\windows\\SYSTEM32\\ntdll.dll+333ed|C:\\windows\\SYSTEM32\\ntdll.dll+34142|C:\\windows\\System32\\KERNEL32.DLL+17bd4|C:\\windows\\SYSTEM32\\ntdll.dll+6ce51","UtcTime":"2020-07-22 04:19:00.008","TargetImage":"C:\\windows\\System32\\svchost.exe","@timestamp":"2020-07-22T04:19:01.098Z","TargetProcessGUID":"{b59756a9-996d-5f14-4700-000000000400}","Hostname":"WORKSTATION5.mordor.local","CallTrace":"C:\\windows\\SYSTEM32\\ntdll.dll+9c534|C:\\windows\\System32\\KERNELBASE.dll+6a7f5|c:\\windows\\system32\\lsm.dll+f6ba|C:\\windows\\System32\\RPCRT4.dll+76953|C:\\windows\\System32\\RPCRT4.dll+da036|C:\\windows\\System32\\RPCRT4.dll+37a4c|C:\\windows\\System32\\RPCRT4.dll+548c8|C:\\windows\\System32\\RPCRT4.dll+2c921|C:\\windows\\System32\\RPCRT4.dll+2c1db|C:\\windows\\System32\\RPCRT4.dll+1a86f|C:\\windows\\System32\\RPCRT4.dll+19d1a|C:\\windows\\System32\\RPCRT4.dll+19301|C:\\windows\\System32\\RPCRT4.dll+18d6e|C:\\windows\\System32\\RPCRT4.dll+169a5|C:\\windows\\SYSTEM32\\ntdll.dll+333ed|C:\\windows\\SYSTEM32\\ntdll.dll+34142|C:\\windows\\System32\\KERNEL32.DLL+17bd4|C:\\windows\\SYSTEM32\\ntdll.dll+6ce51","host":"wec.internal.cloudapp.net","AccountType":"User","AccountName":"SYSTEM","ExecutionProcessID":9368,"EventType":"INFO","OpcodeValue":0,"EventTime":"2020-07-22 00:19:00","Severity":"INFO","EventID":10,"SourceImage":"C:\\windows\\system32\\svchost.exe","ThreadID":6244,"RecordNumber":1782134}
{"Task":10,"EventReceivedTime":"2020-07-22 00:19:01","SourceProcessGUID":"{03255e25-9966-5f14-1200-000000000400}","SourceThreadId":"2784","port":55069,"SeverityValue":2,"RuleName":"-","Keywords":-9223372036854775808,"ProviderGuid":"{5770385F-C22A-43E0-BF4C-06F5698FFBD9}","@version":"1","SourceProcessId":"444","TargetProcessId":"3232","Version":3,"SourceModuleType":"im_msvistalog","tags":["mordorDataset"],"Domain":"NT AUTHORITY","SourceName":"Microsoft-Windows-Sysmon","ProcessId":"444","UserID":"S-1-5-18","GrantedAccess":"0x1000","Channel":"Microsoft-Windows-Sysmon/Operational","SourceModuleName":"eventlog","Message":"Process accessed:\r\nRuleName: -\r\nUtcTime: 2020-07-22 04:19:00.001\r\nSourceProcessGUID: {03255e25-9966-5f14-1200-000000000400}\r\nSourceProcessId: 444\r\nSourceThreadId: 2784\r\nSourceImage: C:\\windows\\system32\\svchost.exe\r\nTargetProcessGUID: {03255e25-996e-5f14-4700-000000000400}\r\nTargetProcessId: 3232\r\nTargetImage: C:\\windows\\System32\\svchost.exe\r\nGrantedAccess: 0x1000\r\nCallTrace: C:\\windows\\SYSTEM32\\ntdll.dll+9c534|C:\\windows\\System32\\KERNELBASE.dll+6a7f5|c:\\windows\\system32\\lsm.dll+f6ba|C:\\windows\\System32\\RPCRT4.dll+76953|C:\\windows\\System32\\RPCRT4.dll+da036|C:\\windows\\System32\\RPCRT4.dll+37a4c|C:\\windows\\System32\\RPCRT4.dll+548c8|C:\\windows\\System32\\RPCRT4.dll+2c921|C:\\windows\\System32\\RPCRT4.dll+2c1db|C:\\windows\\System32\\RPCRT4.dll+1a86f|C:\\windows\\System32\\RPCRT4.dll+19d1a|C:\\windows\\System32\\RPCRT4.dll+19301|C:\\windows\\System32\\RPCRT4.dll+18d6e|C:\\windows\\System32\\RPCRT4.dll+169a5|C:\\windows\\SYSTEM32\\ntdll.dll+333ed|C:\\windows\\SYSTEM32\\ntdll.dll+34142|C:\\windows\\System32\\KERNEL32.DLL+17bd4|C:\\windows\\SYSTEM32\\ntdll.dll+6ce51","UtcTime":"2020-07-22 04:19:00.001","TargetImage":"C:\\windows\\System32\\svchost.exe","@timestamp":"2020-07-22T04:19:01.099Z","TargetProcessGUID":"{03255e25-996e-5f14-4700-000000000400}","Hostname":"WORKSTATION6.mordor.local","CallTrace":"C:\\windows\\SYSTEM32\\ntdll.dll+9c534|C:\\windows\\System32\\KERNELBASE.dll+6a7f5|c:\\windows\\system32\\lsm.dll+f6ba|C:\\windows\\System32\\RPCRT4.dll+76953|C:\\windows\\System32\\RPCRT4.dll+da036|C:\\windows\\System32\\RPCRT4.dll+37a4c|C:\\windows\\System32\\RPCRT4.dll+548c8|C:\\windows\\System32\\RPCRT4.dll+2c921|C:\\windows\\System32\\RPCRT4.dll+2c1db|C:\\windows\\System32\\RPCRT4.dll+1a86f|C:\\windows\\System32\\RPCRT4.dll+19d1a|C:\\windows\\System32\\RPCRT4.dll+19301|C:\\windows\\System32\\RPCRT4.dll+18d6e|C:\\windows\\System32\\RPCRT4.dll+169a5|C:\\windows\\SYSTEM32\\ntdll.dll+333ed|C:\\windows\\SYSTEM32\\ntdll.dll+34142|C:\\windows\\System32\\KERNEL32.DLL+17bd4|C:\\windows\\SYSTEM32\\ntdll.dll+6ce51","host":"wec.internal.cloudapp.net","AccountType":"User","AccountName":"SYSTEM","ExecutionProcessID":7856,"EventType":"INFO","OpcodeValue":0,"EventTime":"2020-07-22 00:19:00","Severity":"INFO","EventID":10,"SourceImage":"C:\\windows\\system32\\svchost.exe","ThreadID":6664,"RecordNumber":706027}
{"Task":10,"EventReceivedTime":"2020-07-22 00:19:01","SourceProcessGUID":"{03255e25-9966-5f14-1200-000000000400}","SourceThreadId":"2784","port":55069,"SeverityValue":2,"RuleName":"-","Keywords":-9223372036854775808,"ProviderGuid":"{5770385F-C22A-43E0-BF4C-06F5698FFBD9}","@version":"1","SourceProcessId":"444","TargetProcessId":"3232","Version":3,"SourceModuleType":"im_msvistalog","tags":["mordorDataset"],"Domain":"NT AUTHORITY","SourceName":"Microsoft-Windows-Sysmon","ProcessId":"444","UserID":"S-1-5-18","GrantedAccess":"0x1000","Channel":"Microsoft-Windows-Sysmon/Operational","SourceModuleName":"eventlog","Message":"Process accessed:\r\nRuleName: -\r\nUtcTime: 2020-07-22 04:19:00.001\r\nSourceProcessGUID: {03255e25-9966-5f14-1200-000000000400}\r\nSourceProcessId: 444\r\nSourceThreadId: 2784\r\nSourceImage: C:\\windows\\system32\\svchost.exe\r\nTargetProcessGUID: {03255e25-996e-5f14-4700-000000000400}\r\nTargetProcessId: 3232\r\nTargetImage: C:\\windows\\System32\\svchost.exe\r\nGrantedAccess: 0x1000\r\nCallTrace: C:\\windows\\SYSTEM32\\ntdll.dll+9c534|C:\\windows\\System32\\KERNELBASE.dll+6a7f5|c:\\windows\\system32\\lsm.dll+f97f|c:\\windows\\system32\\lsm.dll+f7ad|C:\\windows\\System32\\RPCRT4.dll+76953|C:\\windows\\System32\\RPCRT4.dll+da036|C:\\windows\\System32\\RPCRT4.dll+37a4c|C:\\windows\\System32\\RPCRT4.dll+548c8|C:\\windows\\System32\\RPCRT4.dll+2c921|C:\\windows\\System32\\RPCRT4.dll+2c1db|C:\\windows\\System32\\RPCRT4.dll+1a86f|C:\\windows\\System32\\RPCRT4.dll+19d1a|C:\\windows\\System32\\RPCRT4.dll+19301|C:\\windows\\System32\\RPCRT4.dll+18d6e|C:\\windows\\System32\\RPCRT4.dll+169a5|C:\\windows\\SYSTEM32\\ntdll.dll+333ed|C:\\windows\\SYSTEM32\\ntdll.dll+34142|C:\\windows\\System32\\KERNEL32.DLL+17bd4|C:\\windows\\SYSTEM32\\ntdll.dll+6ce51","UtcTime":"2020-07-22 04:19:00.001","TargetImage":"C:\\windows\\System32\\svchost.exe","@timestamp":"2020-07-22T04:19:01.099Z","TargetProcessGUID":"{03255e25-996e-5f14-4700-000000000400}","Hostname":"WORKSTATION6.mordor.local","CallTrace":"C:\\windows\\SYSTEM32\\ntdll.dll+9c534|C:\\windows\\System32\\KERNELBASE.dll+6a7f5|c:\\windows\\system32\\lsm.dll+f97f|c:\\windows\\system32\\lsm.dll+f7ad|C:\\windows\\System32\\RPCRT4.dll+76953|C:\\windows\\System32\\RPCRT4.dll+da036|C:\\windows\\System32\\RPCRT4.dll+37a4c|C:\\windows\\System32\\RPCRT4.dll+548c8|C:\\windows\\System32\\RPCRT4.dll+2c921|C:\\windows\\System32\\RPCRT4.dll+2c1db|C:\\windows\\System32\\RPCRT4.dll+1a86f|C:\\windows\\System32\\RPCRT4.dll+19d1a|C:\\windows\\System32\\RPCRT4.dll+19301|C:\\windows\\System32\\RPCRT4.dll+18d6e|C:\\windows\\System32\\RPCRT4.dll+169a5|C:\\windows\\SYSTEM32\\ntdll.dll+333ed|C:\\windows\\SYSTEM32\\ntdll.dll+34142|C:\\windows\\System32\\KERNEL32.DLL+17bd4|C:\\windows\\SYSTEM32\\ntdll.dll+6ce51","host":"wec.internal.cloudapp.net","AccountType":"User","AccountName":"SYSTEM","ExecutionProcessID":7856,"EventType":"INFO","OpcodeValue":0,"EventTime":"2020-07-22 00:19:00","Severity":"INFO","EventID":10,"SourceImage":"C:\\windows\\system32\\svchost.exe","ThreadID":6664,"RecordNumber":706028}
{"Task":10,"EventReceivedTime":"2020-07-22 00:19:01","SourceProcessGUID":"{b59756a9-9966-5f14-1200-000000000400}","SourceThreadId":"6168","port":55069,"SeverityValue":2,"RuleName":"-","Keywords":-9223372036854775808,"ProviderGuid":"{5770385F-C22A-43E0-BF4C-06F5698FFBD9}","@version":"1","SourceProcessId":"396","TargetProcessId":"3284","Version":3,"SourceModuleType":"im_msvistalog","tags":["mordorDataset"],"Domain":"NT AUTHORITY","SourceName":"Microsoft-Windows-Sysmon","ProcessId":"396","UserID":"S-1-5-18","GrantedAccess":"0x1000","Channel":"Microsoft-Windows-Sysmon/Operational","SourceModuleName":"eventlog","Message":"Process accessed:\r\nRuleName: -\r\nUtcTime: 2020-07-22 04:19:00.008\r\nSourceProcessGUID: {b59756a9-9966-5f14-1200-000000000400}\r\nSourceProcessId: 396\r\nSourceThreadId: 6168\r\nSourceImage: C:\\windows\\system32\\svchost.exe\r\nTargetProcessGUID: {b59756a9-996d-5f14-4700-000000000400}\r\nTargetProcessId: 3284\r\nTargetImage: C:\\windows\\System32\\svchost.exe\r\nGrantedAccess: 0x1000\r\nCallTrace: C:\\windows\\SYSTEM32\\ntdll.dll+9c534|C:\\windows\\System32\\KERNELBASE.dll+6a7f5|c:\\windows\\system32\\lsm.dll+f97f|c:\\windows\\system32\\lsm.dll+f7ad|C:\\windows\\System32\\RPCRT4.dll+76953|C:\\windows\\System32\\RPCRT4.dll+da036|C:\\windows\\System32\\RPCRT4.dll+37a4c|C:\\windows\\System32\\RPCRT4.dll+548c8|C:\\windows\\System32\\RPCRT4.dll+2c921|C:\\windows\\System32\\RPCRT4.dll+2c1db|C:\\windows\\System32\\RPCRT4.dll+1a86f|C:\\windows\\System32\\RPCRT4.dll+19d1a|C:\\windows\\System32\\RPCRT4.dll+19301|C:\\windows\\System32\\RPCRT4.dll+18d6e|C:\\windows\\System32\\RPCRT4.dll+169a5|C:\\windows\\SYSTEM32\\ntdll.dll+333ed|C:\\windows\\SYSTEM32\\ntdll.dll+34142|C:\\windows\\System32\\KERNEL32.DLL+17bd4|C:\\windows\\SYSTEM32\\ntdll.dll+6ce51","UtcTime":"2020-07-22 04:19:00.008","TargetImage":"C:\\windows\\System32\\svchost.exe","@timestamp":"2020-07-22T04:19:01.099Z","TargetProcessGUID":"{b59756a9-996d-5f14-4700-000000000400}","Hostname":"WORKSTATION5.mordor.local","CallTrace":"C:\\windows\\SYSTEM32\\ntdll.dll+9c534|C:\\windows\\System32\\KERNELBASE.dll+6a7f5|c:\\windows\\system32\\lsm.dll+f97f|c:\\windows\\system32\\lsm.dll+f7ad|C:\\windows\\System32\\RPCRT4.dll+76953|C:\\windows\\System32\\RPCRT4.dll+da036|C:\\windows\\System32\\RPCRT4.dll+37a4c|C:\\windows\\System32\\RPCRT4.dll+548c8|C:\\windows\\System32\\RPCRT4.dll+2c921|C:\\windows\\System32\\RPCRT4.dll+2c1db|C:\\windows\\System32\\RPCRT4.dll+1a86f|C:\\windows\\System32\\RPCRT4.dll+19d1a|C:\\windows\\System32\\RPCRT4.dll+19301|C:\\windows\\System32\\RPCRT4.dll+18d6e|C:\\windows\\System32\\RPCRT4.dll+169a5|C:\\windows\\SYSTEM32\\ntdll.dll+333ed|C:\\windows\\SYSTEM32\\ntdll.dll+34142|C:\\windows\\System32\\KERNEL32.DLL+17bd4|C:\\windows\\SYSTEM32\\ntdll.dll+6ce51","host":"wec.internal.cloudapp.net","AccountType":"User","AccountName":"SYSTEM","ExecutionProcessID":9368,"EventType":"INFO","OpcodeValue":0,"EventTime":"2020-07-22 00:19:00","Severity":"INFO","EventID":10,"SourceImage":"C:\\windows\\system32\\svchost.exe","ThreadID":6244,"RecordNumber":1782135}
{"Task":10,"EventReceivedTime":"2020-07-22 00:19:01","SourceProcessGUID":"{03255e25-9966-5f14-1200-000000000400}","SourceThreadId":"5184","port":55069,"SeverityValue":2,"RuleName":"-","Keywords":-9223372036854775808,"ProviderGuid":"{5770385F-C22A-43E0-BF4C-06F5698FFBD9}","@version":"1","SourceProcessId":"444","TargetProcessId":"3232","Version":3,"SourceModuleType":"im_msvistalog","tags":["mordorDataset"],"Domain":"NT AUTHORITY","SourceName":"Microsoft-Windows-Sysmon","ProcessId":"444","UserID":"S-1-5-18","GrantedAccess":"0x1000","Channel":"Microsoft-Windows-Sysmon/Operational","SourceModuleName":"eventlog","Message":"Process accessed:\r\nRuleName: -\r\nUtcTime: 2020-07-22 04:19:00.001\r\nSourceProcessGUID: {03255e25-9966-5f14-1200-000000000400}\r\nSourceProcessId: 444\r\nSourceThreadId: 5184\r\nSourceImage: C:\\windows\\system32\\svchost.exe\r\nTargetProcessGUID: {03255e25-996e-5f14-4700-000000000400}\r\nTargetProcessId: 3232\r\nTargetImage: C:\\windows\\System32\\svchost.exe\r\nGrantedAccess: 0x1000\r\nCallTrace: C:\\windows\\SYSTEM32\\ntdll.dll+9c534|C:\\windows\\System32\\KERNELBASE.dll+6a7f5|c:\\windows\\system32\\lsm.dll+111b6|C:\\windows\\System32\\RPCRT4.dll+76953|C:\\windows\\System32\\RPCRT4.dll+da036|C:\\windows\\System32\\RPCRT4.dll+37a4c|C:\\windows\\System32\\RPCRT4.dll+548c8|C:\\windows\\System32\\RPCRT4.dll+2c921|C:\\windows\\System32\\RPCRT4.dll+2c1db|C:\\windows\\System32\\RPCRT4.dll+1a86f|C:\\windows\\System32\\RPCRT4.dll+19d1a|C:\\windows\\System32\\RPCRT4.dll+19301|C:\\windows\\System32\\RPCRT4.dll+18d6e|C:\\windows\\System32\\RPCRT4.dll+169a5|C:\\windows\\SYSTEM32\\ntdll.dll+333ed|C:\\windows\\SYSTEM32\\ntdll.dll+34142|C:\\windows\\System32\\KERNEL32.DLL+17bd4|C:\\windows\\SYSTEM32\\ntdll.dll+6ce51","UtcTime":"2020-07-22 04:19:00.001","TargetImage":"C:\\windows\\System32\\svchost.exe","@timestamp":"2020-07-22T04:19:01.100Z","TargetProcessGUID":"{03255e25-996e-5f14-4700-000000000400}","Hostname":"WORKSTATION6.mordor.local","CallTrace":"C:\\windows\\SYSTEM32\\ntdll.dll+9c534|C:\\windows\\System32\\KERNELBASE.dll+6a7f5|c:\\windows\\system32\\lsm.dll+111b6|C:\\windows\\System32\\RPCRT4.dll+76953|C:\\windows\\System32\\RPCRT4.dll+da036|C:\\windows\\System32\\RPCRT4.dll+37a4c|C:\\windows\\System32\\RPCRT4.dll+548c8|C:\\windows\\System32\\RPCRT4.dll+2c921|C:\\windows\\System32\\RPCRT4.dll+2c1db|C:\\windows\\System32\\RPCRT4.dll+1a86f|C:\\windows\\System32\\RPCRT4.dll+19d1a|C:\\windows\\System32\\RPCRT4.dll+19301|C:\\windows\\System32\\RPCRT4.dll+18d6e|C:\\windows\\System32\\RPCRT4.dll+169a5|C:\\windows\\SYSTEM32\\ntdll.dll+333ed|C:\\windows\\SYSTEM32\\ntdll.dll+34142|C:\\windows\\System32\\KERNEL32.DLL+17bd4|C:\\windows\\SYSTEM32\\ntdll.dll+6ce51","host":"wec.internal.cloudapp.net","AccountType":"User","AccountName":"SYSTEM","ExecutionProcessID":7856,"EventType":"INFO","OpcodeValue":0,"EventTime":"2020-07-22 00:19:00","Severity":"INFO","EventID":10,"SourceImage":"C:\\windows\\system32\\svchost.exe","ThreadID":6664,"RecordNumber":706029}
{"Task":10,"EventReceivedTime":"2020-07-22 00:19:01","SourceProcessGUID":"{b59756a9-9966-5f14-1200-000000000400}","SourceThreadId":"8808","port":55069,"SeverityValue":2,"RuleName":"-","Keywords":-9223372036854775808,"ProviderGuid":"{5770385F-C22A-43E0-BF4C-06F5698FFBD9}","@version":"1","SourceProcessId":"396","TargetProcessId":"3284","Version":3,"SourceModuleType":"im_msvistalog","tags":["mordorDataset"],"Domain":"NT AUTHORITY","SourceName":"Microsoft-Windows-Sysmon","ProcessId":"396","UserID":"S-1-5-18","GrantedAccess":"0x1000","Channel":"Microsoft-Windows-Sysmon/Operational","SourceModuleName":"eventlog","Message":"Process accessed:\r\nRuleName: -\r\nUtcTime: 2020-07-22 04:19:00.008\r\nSourceProcessGUID: {b59756a9-9966-5f14-1200-000000000400}\r\nSourceProcessId: 396\r\nSourceThreadId: 8808\r\nSourceImage: C:\\windows\\system32\\svchost.exe\r\nTargetProcessGUID: {b59756a9-996d-5f14-4700-000000000400}\r\nTargetProcessId: 3284\r\nTargetImage: C:\\windows\\System32\\svchost.exe\r\nGrantedAccess: 0x1000\r\nCallTrace: C:\\windows\\SYSTEM32\\ntdll.dll+9c534|C:\\windows\\System32\\KERNELBASE.dll+6a7f5|c:\\windows\\system32\\lsm.dll+111b6|C:\\windows\\System32\\RPCRT4.dll+76953|C:\\windows\\System32\\RPCRT4.dll+da036|C:\\windows\\System32\\RPCRT4.dll+37a4c|C:\\windows\\System32\\RPCRT4.dll+548c8|C:\\windows\\System32\\RPCRT4.dll+2c921|C:\\windows\\System32\\RPCRT4.dll+2c1db|C:\\windows\\System32\\RPCRT4.dll+1a86f|C:\\windows\\System32\\RPCRT4.dll+19d1a|C:\\windows\\System32\\RPCRT4.dll+19301|C:\\windows\\System32\\RPCRT4.dll+18d6e|C:\\windows\\System32\\RPCRT4.dll+169a5|C:\\windows\\SYSTEM32\\ntdll.dll+333ed|C:\\windows\\SYSTEM32\\ntdll.dll+34142|C:\\windows\\System32\\KERNEL32.DLL+17bd4|C:\\windows\\SYSTEM32\\ntdll.dll+6ce51","UtcTime":"2020-07-22 04:19:00.008","TargetImage":"C:\\windows\\System32\\svchost.exe","@timestamp":"2020-07-22T04:19:01.100Z","TargetProcessGUID":"{b59756a9-996d-5f14-4700-000000000400}","Hostname":"WORKSTATION5.mordor.local","CallTrace":"C:\\windows\\SYSTEM32\\ntdll.dll+9c534|C:\\windows\\System32\\KERNELBASE.dll+6a7f5|c:\\windows\\system32\\lsm.dll+111b6|C:\\windows\\System32\\RPCRT4.dll+76953|C:\\windows\\System32\\RPCRT4.dll+da036|C:\\windows\\System32\\RPCRT4.dll+37a4c|C:\\windows\\System32\\RPCRT4.dll+548c8|C:\\windows\\System32\\RPCRT4.dll+2c921|C:\\windows\\System32\\RPCRT4.dll+2c1db|C:\\windows\\System32\\RPCRT4.dll+1a86f|C:\\windows\\System32\\RPCRT4.dll+19d1a|C:\\windows\\System32\\RPCRT4.dll+19301|C:\\windows\\System32\\RPCRT4.dll+18d6e|C:\\windows\\System32\\RPCRT4.dll+169a5|C:\\windows\\SYSTEM32\\ntdll.dll+333ed|C:\\windows\\SYSTEM32\\ntdll.dll+34142|C:\\windows\\System32\\KERNEL32.DLL+17bd4|C:\\windows\\SYSTEM32\\ntdll.dll+6ce51","host":"wec.internal.cloudapp.net","AccountType":"User","AccountName":"SYSTEM","ExecutionProcessID":9368,"EventType":"INFO","OpcodeValue":0,"EventTime":"2020-07-22 00:19:00","Severity":"INFO","EventID":10,"SourceImage":"C:\\windows\\system32\\svchost.exe","ThreadID":6244,"RecordNumber":1782136}
{"Task":10,"EventReceivedTime":"2020-07-22 00:19:01","SourceProcessGUID":"{03255e25-9966-5f14-1200-000000000400}","SourceThreadId":"5184","port":55069,"SeverityValue":2,"RuleName":"-","Keywords":-9223372036854775808,"ProviderGuid":"{5770385F-C22A-43E0-BF4C-06F5698FFBD9}","@version":"1","SourceProcessId":"444","TargetProcessId":"1048","Version":3,"SourceModuleType":"im_msvistalog","tags":["mordorDataset"],"Domain":"NT AUTHORITY","SourceName":"Microsoft-Windows-Sysmon","ProcessId":"444","UserID":"S-1-5-18","GrantedAccess":"0x40","Channel":"Microsoft-Windows-Sysmon/Operational","SourceModuleName":"eventlog","Message":"Process accessed:\r\nRuleName: -\r\nUtcTime: 2020-07-22 04:19:00.001\r\nSourceProcessGUID: {03255e25-9966-5f14-1200-000000000400}\r\nSourceProcessId: 444\r\nSourceThreadId: 5184\r\nSourceImage: C:\\windows\\system32\\svchost.exe\r\nTargetProcessGUID: {03255e25-9967-5f14-1600-000000000400}\r\nTargetProcessId: 1048\r\nTargetImage: C:\\windows\\System32\\svchost.exe\r\nGrantedAccess: 0x40\r\nCallTrace: C:\\windows\\SYSTEM32\\ntdll.dll+9c534|C:\\windows\\System32\\KERNELBASE.dll+2726e|c:\\windows\\system32\\lsm.dll+1a207|C:\\windows\\System32\\RPCRT4.dll+76953|C:\\windows\\System32\\RPCRT4.dll+da036|C:\\windows\\System32\\RPCRT4.dll+38289|C:\\windows\\System32\\combase.dll+9e2bf|C:\\windows\\System32\\combase.dll+154c3|C:\\windows\\System32\\combase.dll+152b3|C:\\windows\\System32\\combase.dll+a1166|C:\\windows\\System32\\combase.dll+3c3fa|C:\\windows\\System32\\combase.dll+9cdad|C:\\windows\\System32\\combase.dll+52acc|C:\\windows\\System32\\combase.dll+53331|C:\\windows\\System32\\combase.dll+54ad8|C:\\windows\\System32\\RPCRT4.dll+548c8|C:\\windows\\System32\\RPCRT4.dll+2c921|C:\\windows\\System32\\RPCRT4.dll+2c470|C:\\windows\\System32\\RPCRT4.dll+1a6bf|C:\\windows\\System32\\RPCRT4.dll+19d1a|C:\\windows\\System32\\RPCRT4.dll+19301|C:\\windows\\System32\\RPCRT4.dll+18d6e|C:\\windows\\System32\\RPCRT4.dll+169a5|C:\\windows\\SYSTEM32\\ntdll.dll+333ed","UtcTime":"2020-07-22 04:19:00.001","TargetImage":"C:\\windows\\System32\\svchost.exe","@timestamp":"2020-07-22T04:19:01.100Z","TargetProcessGUID":"{03255e25-9967-5f14-1600-000000000400}","Hostname":"WORKSTATION6.mordor.local","CallTrace":"C:\\windows\\SYSTEM32\\ntdll.dll+9c534|C:\\windows\\System32\\KERNELBASE.dll+2726e|c:\\windows\\system32\\lsm.dll+1a207|C:\\windows\\System32\\RPCRT4.dll+76953|C:\\windows\\System32\\RPCRT4.dll+da036|C:\\windows\\System32\\RPCRT4.dll+38289|C:\\windows\\System32\\combase.dll+9e2bf|C:\\windows\\System32\\combase.dll+154c3|C:\\windows\\System32\\combase.dll+152b3|C:\\windows\\System32\\combase.dll+a1166|C:\\windows\\System32\\combase.dll+3c3fa|C:\\windows\\System32\\combase.dll+9cdad|C:\\windows\\System32\\combase.dll+52acc|C:\\windows\\System32\\combase.dll+53331|C:\\windows\\System32\\combase.dll+54ad8|C:\\windows\\System32\\RPCRT4.dll+548c8|C:\\windows\\System32\\RPCRT4.dll+2c921|C:\\windows\\System32\\RPCRT4.dll+2c470|C:\\windows\\System32\\RPCRT4.dll+1a6bf|C:\\windows\\System32\\RPCRT4.dll+19d1a|C:\\windows\\System32\\RPCRT4.dll+19301|C:\\windows\\System32\\RPCRT4.dll+18d6e|C:\\windows\\System32\\RPCRT4.dll+169a5|C:\\windows\\SYSTEM32\\ntdll.dll+333ed","host":"wec.internal.cloudapp.net","AccountType":"User","AccountName":"SYSTEM","ExecutionProcessID":7856,"EventType":"INFO","OpcodeValue":0,"EventTime":"2020-07-22 00:19:00","Severity":"INFO","EventID":10,"SourceImage":"C:\\windows\\system32\\svchost.exe","ThreadID":6664,"RecordNumber":706030}
{"Task":10,"EventReceivedTime":"2020-07-22 00:19:01","SourceProcessGUID":"{03255e25-9966-5f14-1200-000000000400}","SourceThreadId":"5184","port":55069,"SeverityValue":2,"RuleName":"-","Keywords":-9223372036854775808,"ProviderGuid":"{5770385F-C22A-43E0-BF4C-06F5698FFBD9}","@version":"1","SourceProcessId":"444","TargetProcessId":"3232","Version":3,"SourceModuleType":"im_msvistalog","tags":["mordorDataset"],"Domain":"NT AUTHORITY","SourceName":"Microsoft-Windows-Sysmon","ProcessId":"444","UserID":"S-1-5-18","GrantedAccess":"0x1000","Channel":"Microsoft-Windows-Sysmon/Operational","SourceModuleName":"eventlog","Message":"Process accessed:\r\nRuleName: -\r\nUtcTime: 2020-07-22 04:19:00.001\r\nSourceProcessGUID: {03255e25-9966-5f14-1200-000000000400}\r\nSourceProcessId: 444\r\nSourceThreadId: 5184\r\nSourceImage: C:\\windows\\system32\\svchost.exe\r\nTargetProcessGUID: {03255e25-996e-5f14-4700-000000000400}\r\nTargetProcessId: 3232\r\nTargetImage: C:\\windows\\System32\\svchost.exe\r\nGrantedAccess: 0x1000\r\nCallTrace: C:\\windows\\SYSTEM32\\ntdll.dll+9c534|C:\\windows\\System32\\KERNELBASE.dll+6a7f5|c:\\windows\\system32\\lsm.dll+111b6|C:\\windows\\System32\\RPCRT4.dll+76953|C:\\windows\\System32\\RPCRT4.dll+da036|C:\\windows\\System32\\RPCRT4.dll+37a4c|C:\\windows\\System32\\RPCRT4.dll+548c8|C:\\windows\\System32\\RPCRT4.dll+2c921|C:\\windows\\System32\\RPCRT4.dll+2c1db|C:\\windows\\System32\\RPCRT4.dll+1a86f|C:\\windows\\System32\\RPCRT4.dll+19d1a|C:\\windows\\System32\\RPCRT4.dll+19301|C:\\windows\\System32\\RPCRT4.dll+18d6e|C:\\windows\\System32\\RPCRT4.dll+169a5|C:\\windows\\SYSTEM32\\ntdll.dll+333ed|C:\\windows\\SYSTEM32\\ntdll.dll+34142|C:\\windows\\System32\\KERNEL32.DLL+17bd4|C:\\windows\\SYSTEM32\\ntdll.dll+6ce51","UtcTime":"2020-07-22 04:19:00.001","TargetImage":"C:\\windows\\System32\\svchost.exe","@timestamp":"2020-07-22T04:19:01.101Z","TargetProcessGUID":"{03255e25-996e-5f14-4700-000000000400}","Hostname":"WORKSTATION6.mordor.local","CallTrace":"C:\\windows\\SYSTEM32\\ntdll.dll+9c534|C:\\windows\\System32\\KERNELBASE.dll+6a7f5|c:\\windows\\system32\\lsm.dll+111b6|C:\\windows\\System32\\RPCRT4.dll+76953|C:\\windows\\System32\\RPCRT4.dll+da036|C:\\windows\\System32\\RPCRT4.dll+37a4c|C:\\windows\\System32\\RPCRT4.dll+548c8|C:\\windows\\System32\\RPCRT4.dll+2c921|C:\\windows\\System32\\RPCRT4.dll+2c1db|C:\\windows\\System32\\RPCRT4.dll+1a86f|C:\\windows\\System32\\RPCRT4.dll+19d1a|C:\\windows\\System32\\RPCRT4.dll+19301|C:\\windows\\System32\\RPCRT4.dll+18d6e|C:\\windows\\System32\\RPCRT4.dll+169a5|C:\\windows\\SYSTEM32\\ntdll.dll+333ed|C:\\windows\\SYSTEM32\\ntdll.dll+34142|C:\\windows\\System32\\KERNEL32.DLL+17bd4|C:\\windows\\SYSTEM32\\ntdll.dll+6ce51","host":"wec.internal.cloudapp.net","AccountType":"User","AccountName":"SYSTEM","ExecutionProcessID":7856,"EventType":"INFO","OpcodeValue":0,"EventTime":"2020-07-22 00:19:00","Severity":"INFO","EventID":10,"SourceImage":"C:\\windows\\system32\\svchost.exe","ThreadID":6664,"RecordNumber":706031}
{"Task":10,"EventReceivedTime":"2020-07-22 00:19:01","SourceProcessGUID":"{b59756a9-9966-5f14-1200-000000000400}","SourceThreadId":"8808","port":55069,"SeverityValue":2,"RuleName":"-","Keywords":-9223372036854775808,"ProviderGuid":"{5770385F-C22A-43E0-BF4C-06F5698FFBD9}","@version":"1","SourceProcessId":"396","TargetProcessId":"1056","Version":3,"SourceModuleType":"im_msvistalog","tags":["mordorDataset"],"Domain":"NT AUTHORITY","SourceName":"Microsoft-Windows-Sysmon","ProcessId":"396","UserID":"S-1-5-18","GrantedAccess":"0x40","Channel":"Microsoft-Windows-Sysmon/Operational","SourceModuleName":"eventlog","Message":"Process accessed:\r\nRuleName: -\r\nUtcTime: 2020-07-22 04:19:00.008\r\nSourceProcessGUID: {b59756a9-9966-5f14-1200-000000000400}\r\nSourceProcessId: 396\r\nSourceThreadId: 8808\r\nSourceImage: C:\\windows\\system32\\svchost.exe\r\nTargetProcessGUID: {b59756a9-9967-5f14-1600-000000000400}\r\nTargetProcessId: 1056\r\nTargetImage: C:\\windows\\System32\\svchost.exe\r\nGrantedAccess: 0x40\r\nCallTrace: C:\\windows\\SYSTEM32\\ntdll.dll+9c534|C:\\windows\\System32\\KERNELBASE.dll+2726e|c:\\windows\\system32\\lsm.dll+1a207|C:\\windows\\System32\\RPCRT4.dll+76953|C:\\windows\\System32\\RPCRT4.dll+da036|C:\\windows\\System32\\RPCRT4.dll+38289|C:\\windows\\System32\\combase.dll+9e2bf|C:\\windows\\System32\\combase.dll+154c3|C:\\windows\\System32\\combase.dll+152b3|C:\\windows\\System32\\combase.dll+a1166|C:\\windows\\System32\\combase.dll+3c3fa|C:\\windows\\System32\\combase.dll+9cdad|C:\\windows\\System32\\combase.dll+52acc|C:\\windows\\System32\\combase.dll+53331|C:\\windows\\System32\\combase.dll+54ad8|C:\\windows\\System32\\RPCRT4.dll+548c8|C:\\windows\\System32\\RPCRT4.dll+2c921|C:\\windows\\System32\\RPCRT4.dll+2c470|C:\\windows\\System32\\RPCRT4.dll+1a6bf|C:\\windows\\System32\\RPCRT4.dll+19d1a|C:\\windows\\System32\\RPCRT4.dll+19301|C:\\windows\\System32\\RPCRT4.dll+18d6e|C:\\windows\\System32\\RPCRT4.dll+169a5|C:\\windows\\SYSTEM32\\ntdll.dll+333ed","UtcTime":"2020-07-22 04:19:00.008","TargetImage":"C:\\windows\\System32\\svchost.exe","@timestamp":"2020-07-22T04:19:01.101Z","TargetProcessGUID":"{b59756a9-9967-5f14-1600-000000000400}","Hostname":"WORKSTATION5.mordor.local","CallTrace":"C:\\windows\\SYSTEM32\\ntdll.dll+9c534|C:\\windows\\System32\\KERNELBASE.dll+2726e|c:\\windows\\system32\\lsm.dll+1a207|C:\\windows\\System32\\RPCRT4.dll+76953|C:\\windows\\System32\\RPCRT4.dll+da036|C:\\windows\\System32\\RPCRT4.dll+38289|C:\\windows\\System32\\combase.dll+9e2bf|C:\\windows\\System32\\combase.dll+154c3|C:\\windows\\System32\\combase.dll+152b3|C:\\windows\\System32\\combase.dll+a1166|C:\\windows\\System32\\combase.dll+3c3fa|C:\\windows\\System32\\combase.dll+9cdad|C:\\windows\\System32\\combase.dll+52acc|C:\\windows\\System32\\combase.dll+53331|C:\\windows\\System32\\combase.dll+54ad8|C:\\windows\\System32\\RPCRT4.dll+548c8|C:\\windows\\System32\\RPCRT4.dll+2c921|C:\\windows\\System32\\RPCRT4.dll+2c470|C:\\windows\\System32\\RPCRT4.dll+1a6bf|C:\\windows\\System32\\RPCRT4.dll+19d1a|C:\\windows\\System32\\RPCRT4.dll+19301|C:\\windows\\System32\\RPCRT4.dll+18d6e|C:\\windows\\System32\\RPCRT4.dll+169a5|C:\\windows\\SYSTEM32\\ntdll.dll+333ed","host":"wec.internal.cloudapp.net","AccountType":"User","AccountName":"SYSTEM","ExecutionProcessID":9368,"EventType":"INFO","OpcodeValue":0,"EventTime":"2020-07-22 00:19:00","Severity":"INFO","EventID":10,"SourceImage":"C:\\windows\\system32\\svchost.exe","ThreadID":6244,"RecordNumber":1782137}
{"Task":10,"EventReceivedTime":"2020-07-22 00:19:01","SourceProcessGUID":"{b59756a9-9966-5f14-1200-000000000400}","SourceThreadId":"8808","port":55069,"SeverityValue":2,"RuleName":"-","Keywords":-9223372036854775808,"ProviderGuid":"{5770385F-C22A-43E0-BF4C-06F5698FFBD9}","@version":"1","SourceProcessId":"396","TargetProcessId":"3284","Version":3,"SourceModuleType":"im_msvistalog","tags":["mordorDataset"],"Domain":"NT AUTHORITY","SourceName":"Microsoft-Windows-Sysmon","ProcessId":"396","UserID":"S-1-5-18","GrantedAccess":"0x1000","Channel":"Microsoft-Windows-Sysmon/Operational","SourceModuleName":"eventlog","Message":"Process accessed:\r\nRuleName: -\r\nUtcTime: 2020-07-22 04:19:00.008\r\nSourceProcessGUID: {b59756a9-9966-5f14-1200-000000000400}\r\nSourceProcessId: 396\r\nSourceThreadId: 8808\r\nSourceImage: C:\\windows\\system32\\svchost.exe\r\nTargetProcessGUID: {b59756a9-996d-5f14-4700-000000000400}\r\nTargetProcessId: 3284\r\nTargetImage: C:\\windows\\System32\\svchost.exe\r\nGrantedAccess: 0x1000\r\nCallTrace: C:\\windows\\SYSTEM32\\ntdll.dll+9c534|C:\\windows\\System32\\KERNELBASE.dll+6a7f5|c:\\windows\\system32\\lsm.dll+111b6|C:\\windows\\System32\\RPCRT4.dll+76953|C:\\windows\\System32\\RPCRT4.dll+da036|C:\\windows\\System32\\RPCRT4.dll+37a4c|C:\\windows\\System32\\RPCRT4.dll+548c8|C:\\windows\\System32\\RPCRT4.dll+2c921|C:\\windows\\System32\\RPCRT4.dll+2c1db|C:\\windows\\System32\\RPCRT4.dll+1a86f|C:\\windows\\System32\\RPCRT4.dll+19d1a|C:\\windows\\System32\\RPCRT4.dll+19301|C:\\windows\\System32\\RPCRT4.dll+18d6e|C:\\windows\\System32\\RPCRT4.dll+169a5|C:\\windows\\SYSTEM32\\ntdll.dll+333ed|C:\\windows\\SYSTEM32\\ntdll.dll+34142|C:\\windows\\System32\\KERNEL32.DLL+17bd4|C:\\windows\\SYSTEM32\\ntdll.dll+6ce51","UtcTime":"2020-07-22 04:19:00.008","TargetImage":"C:\\windows\\System32\\svchost.exe","@timestamp":"2020-07-22T04:19:01.101Z","TargetProcessGUID":"{b59756a9-996d-5f14-4700-000000000400}","Hostname":"WORKSTATION5.mordor.local","CallTrace":"C:\\windows\\SYSTEM32\\ntdll.dll+9c534|C:\\windows\\System32\\KERNELBASE.dll+6a7f5|c:\\windows\\system32\\lsm.dll+111b6|C:\\windows\\System32\\RPCRT4.dll+76953|C:\\windows\\System32\\RPCRT4.dll+da036|C:\\windows\\System32\\RPCRT4.dll+37a4c|C:\\windows\\System32\\RPCRT4.dll+548c8|C:\\windows\\System32\\RPCRT4.dll+2c921|C:\\windows\\System32\\RPCRT4.dll+2c1db|C:\\windows\\System32\\RPCRT4.dll+1a86f|C:\\windows\\System32\\RPCRT4.dll+19d1a|C:\\windows\\System32\\RPCRT4.dll+19301|C:\\windows\\System32\\RPCRT4.dll+18d6e|C:\\windows\\System32\\RPCRT4.dll+169a5|C:\\windows\\SYSTEM32\\ntdll.dll+333ed|C:\\windows\\SYSTEM32\\ntdll.dll+34142|C:\\windows\\System32\\KERNEL32.DLL+17bd4|C:\\windows\\SYSTEM32\\ntdll.dll+6ce51","host":"wec.internal.cloudapp.net","AccountType":"User","AccountName":"SYSTEM","ExecutionProcessID":9368,"EventType":"INFO","OpcodeValue":0,"EventTime":"2020-07-22 00:19:00","Severity":"INFO","EventID":10,"SourceImage":"C:\\windows\\system32\\svchost.exe","ThreadID":6244,"RecordNumber":1782138}
{"Task":10,"EventReceivedTime":"2020-07-22 00:19:01","SourceProcessGUID":"{03255e25-9966-5f14-1200-000000000400}","SourceThreadId":"5184","port":55069,"SeverityValue":2,"RuleName":"-","Keywords":-9223372036854775808,"ProviderGuid":"{5770385F-C22A-43E0-BF4C-06F5698FFBD9}","@version":"1","SourceProcessId":"444","TargetProcessId":"1048","Version":3,"SourceModuleType":"im_msvistalog","tags":["mordorDataset"],"Domain":"NT AUTHORITY","SourceName":"Microsoft-Windows-Sysmon","ProcessId":"444","UserID":"S-1-5-18","GrantedAccess":"0x40","Channel":"Microsoft-Windows-Sysmon/Operational","SourceModuleName":"eventlog","Message":"Process accessed:\r\nRuleName: -\r\nUtcTime: 2020-07-22 04:19:00.001\r\nSourceProcessGUID: {03255e25-9966-5f14-1200-000000000400}\r\nSourceProcessId: 444\r\nSourceThreadId: 5184\r\nSourceImage: C:\\windows\\system32\\svchost.exe\r\nTargetProcessGUID: {03255e25-9967-5f14-1600-000000000400}\r\nTargetProcessId: 1048\r\nTargetImage: C:\\windows\\System32\\svchost.exe\r\nGrantedAccess: 0x40\r\nCallTrace: C:\\windows\\SYSTEM32\\ntdll.dll+9c534|C:\\windows\\System32\\KERNELBASE.dll+2726e|c:\\windows\\system32\\lsm.dll+1a207|C:\\windows\\System32\\RPCRT4.dll+76953|C:\\windows\\System32\\RPCRT4.dll+da036|C:\\windows\\System32\\RPCRT4.dll+38289|C:\\windows\\System32\\combase.dll+9e2bf|C:\\windows\\System32\\combase.dll+154c3|C:\\windows\\System32\\combase.dll+152b3|C:\\windows\\System32\\combase.dll+a1166|C:\\windows\\System32\\combase.dll+3c3fa|C:\\windows\\System32\\combase.dll+9cdad|C:\\windows\\System32\\combase.dll+52acc|C:\\windows\\System32\\combase.dll+53331|C:\\windows\\System32\\combase.dll+54ad8|C:\\windows\\System32\\RPCRT4.dll+548c8|C:\\windows\\System32\\RPCRT4.dll+2c921|C:\\windows\\System32\\RPCRT4.dll+2c470|C:\\windows\\System32\\RPCRT4.dll+1a6bf|C:\\windows\\System32\\RPCRT4.dll+19d1a|C:\\windows\\System32\\RPCRT4.dll+19301|C:\\windows\\System32\\RPCRT4.dll+18d6e|C:\\windows\\System32\\RPCRT4.dll+169a5|C:\\windows\\SYSTEM32\\ntdll.dll+333ed","UtcTime":"2020-07-22 04:19:00.001","TargetImage":"C:\\windows\\System32\\svchost.exe","@timestamp":"2020-07-22T04:19:01.102Z","TargetProcessGUID":"{03255e25-9967-5f14-1600-000000000400}","Hostname":"WORKSTATION6.mordor.local","CallTrace":"C:\\windows\\SYSTEM32\\ntdll.dll+9c534|C:\\windows\\System32\\KERNELBASE.dll+2726e|c:\\windows\\system32\\lsm.dll+1a207|C:\\windows\\System32\\RPCRT4.dll+76953|C:\\windows\\System32\\RPCRT4.dll+da036|C:\\windows\\System32\\RPCRT4.dll+38289|C:\\windows\\System32\\combase.dll+9e2bf|C:\\windows\\System32\\combase.dll+154c3|C:\\windows\\System32\\combase.dll+152b3|C:\\windows\\System32\\combase.dll+a1166|C:\\windows\\System32\\combase.dll+3c3fa|C:\\windows\\System32\\combase.dll+9cdad|C:\\windows\\System32\\combase.dll+52acc|C:\\windows\\System32\\combase.dll+53331|C:\\windows\\System32\\combase.dll+54ad8|C:\\windows\\System32\\RPCRT4.dll+548c8|C:\\windows\\System32\\RPCRT4.dll+2c921|C:\\windows\\System32\\RPCRT4.dll+2c470|C:\\windows\\System32\\RPCRT4.dll+1a6bf|C:\\windows\\System32\\RPCRT4.dll+19d1a|C:\\windows\\System32\\RPCRT4.dll+19301|C:\\windows\\System32\\RPCRT4.dll+18d6e|C:\\windows\\System32\\RPCRT4.dll+169a5|C:\\windows\\SYSTEM32\\ntdll.dll+333ed","host":"wec.internal.cloudapp.net","AccountType":"User","AccountName":"SYSTEM","ExecutionProcessID":7856,"EventType":"INFO","OpcodeValue":0,"EventTime":"2020-07-22 00:19:00","Severity":"INFO","EventID":10,"SourceImage":"C:\\windows\\system32\\svchost.exe","ThreadID":6664,"RecordNumber":706032}
