{"ImageLoaded":"C:\\Windows\\System32\\advapi32.dll","SeverityValue":2,"EventReceivedTime":"2020-09-22 04:22:44","EventID":7,"ProviderGuid":"{5770385F-C22A-43E0-BF4C-06F5698FFBD9}","ExecutionProcessID":3172,"Channel":"Microsoft-Windows-Sysmon/Operational","host":"wec.internal.cloudapp.net","AccountType":"User","ProcessGuid":"{b34bc01c-b453-5f69-c802-000000000900}","Opcode":"Info","EventTime":"2020-09-22 04:22:43","Signed":"true","SourceModuleType":"im_msvistalog","AccountName":"SYSTEM","Domain":"NT AUTHORITY","@version":"1","OpcodeValue":0,"SignatureStatus":"Valid","Severity":"INFO","Hashes":"SHA1=35C61DDE6F8F4ED05F9C4837E2B91C886CA79F82,MD5=EA4F6E7961B4A402F6F5EC33C655260A,SHA256=5E2D103E7E1FD7CA0492E541F082D274EF6259AF2158A3562986C796C5C869DD,IMPHASH=8EEA175C33205685FB8A14876D7564DB","SourceName":"Microsoft-Windows-Sysmon","Description":"Advanced Windows 32 Base API","Category":"Image loaded (rule: ImageLoad)","Company":"Microsoft Corporation","Keywords":-9223372036854775808,"FileVersion":"10.0.18362.752 (WinBuild.160101.0800)","UserID":"S-1-5-18","ThreadID":4048,"EventType":"INFO","@timestamp":"2020-09-22T08:22:44.369Z","port":64545,"RecordNumber":3399352,"Task":7,"Signature":"Microsoft Windows","SourceModuleName":"eventlog","Version":3,"Product":"Microsoft Windows Operating System","Image":"C:\\Windows\\Microsoft.NET\\Framework64\\v4.0.30319\\cvtres.exe","OriginalFileName":"advapi32.dll","UtcTime":"2020-09-22 08:22:43.413","Hostname":"WORKSTATION5.theshire.local","RuleName":"-","tags":["mordorDataset"]}
{"Keywords":-9214364837600034816,"SeverityValue":2,"SubjectDomainName":"THESHIRE","EventID":4690,"ProviderGuid":"{54849625-5478-4994-A5BA-3E3B0328C30D}","ExecutionProcessID":4,"Channel":"security","host":"wec.internal.cloudapp.net","SubjectUserSid":"S-1-5-21-4228717743-1032521047-1810997296-1104","EventReceivedTime":"2020-09-22 04:22:44","ProcessId":"0x704","ThreadID":6776,"EventType":"AUDIT_SUCCESS","Opcode":"Info","EventTime":"2020-09-22 04:22:42","Message":"An attempt was made to duplicate a handle to an object.\r\n\r\nSubject:\r\n\tSecurity ID:\t\tS-1-5-21-4228717743-1032521047-1810997296-1104\r\n\tAccount Name:\t\tpgustavo\r\n\tAccount Domain:\t\tTHESHIRE\r\n\tLogon ID:\t\t0x10A7DF\r\n\r\nSource Handle Information:\r\n\tSource Handle ID:\t0x168\r\n\tSource Process ID:\t0x704\r\n\r\nNew Handle Information:\r\n\tTarget Handle ID:\t0x3128\r\n\tTarget Process ID:\t0x4","SourceHandleId":"0x168","TargetHandleId":"0x3128","@timestamp":"2020-09-22T08:22:44.369Z","SubjectLogonId":"0x10a7df","SourceModuleType":"im_msvistalog","port":64545,"RecordNumber":820492,"SubjectUserName":"pgustavo","SourceProcessId":"0x704","Task":12807,"@version":"1","OpcodeValue":0,"SourceModuleName":"eventlog","Severity":"INFO","SourceName":"Microsoft-Windows-Security-Auditing","Version":0,"TargetProcessId":"0x4","Category":"Handle Manipulation","tags":["mordorDataset"],"Hostname":"WORKSTATION5.theshire.local"}
{"ImageLoaded":"C:\\Windows\\System32\\msvcrt.dll","SeverityValue":2,"EventReceivedTime":"2020-09-22 04:22:44","EventID":7,"ProviderGuid":"{5770385F-C22A-43E0-BF4C-06F5698FFBD9}","ExecutionProcessID":3172,"Channel":"Microsoft-Windows-Sysmon/Operational","host":"wec.internal.cloudapp.net","AccountType":"User","ProcessGuid":"{b34bc01c-b453-5f69-c802-000000000900}","Opcode":"Info","EventTime":"2020-09-22 04:22:43","Signed":"true","SourceModuleType":"im_msvistalog","AccountName":"SYSTEM","Domain":"NT AUTHORITY","@version":"1","OpcodeValue":0,"SignatureStatus":"Valid","Severity":"INFO","Hashes":"SHA1=0EA4B3CFB14E49CEC0D42FF0F1FA989E69647A8F,MD5=36354D9B5B0A58A4B9A19103852C00A2,SHA256=E5A863D3F4BFEFED7D73A7B1499F81B7235BC9AE3C108065041BCB8E5446B1BB,IMPHASH=1273683626EBBA703979F188A1E64237","SourceName":"Microsoft-Windows-Sysmon","Description":"Windows NT CRT DLL","Category":"Image loaded (rule: ImageLoad)","Company":"Microsoft Corporation","Keywords":-9223372036854775808,"FileVersion":"7.0.18362.1 (WinBuild.160101.0800)","UserID":"S-1-5-18","ThreadID":4048,"EventType":"INFO","@timestamp":"2020-09-22T08:22:44.370Z","port":64545,"RecordNumber":3399353,"Task":7,"Signature":"Microsoft Windows","SourceModuleName":"eventlog","Version":3,"Product":"Microsoft Windows Operating System","Image":"C:\\Windows\\Microsoft.NET\\Framework64\\v4.0.30319\\cvtres.exe","OriginalFileName":"msvcrt.dll","UtcTime":"2020-09-22 08:22:43.413","Hostname":"WORKSTATION5.theshire.local","RuleName":"-","tags":["mordorDataset"]}
{"Keywords":-9214364837600034816,"SeverityValue":2,"SubjectDomainName":"THESHIRE","EventID":4658,"ProviderGuid":"{54849625-5478-4994-A5BA-3E3B0328C30D}","ExecutionProcessID":4,"Channel":"security","host":"wec.internal.cloudapp.net","SubjectUserSid":"S-1-5-21-4228717743-1032521047-1810997296-1104","EventReceivedTime":"2020-09-22 04:22:44","ProcessId":"0x704","ThreadID":6776,"EventType":"AUDIT_SUCCESS","Opcode":"Info","EventTime":"2020-09-22 04:22:42","Message":"The handle to an object was closed.\r\n\r\nSubject :\r\n\tSecurity ID:\t\tS-1-5-21-4228717743-1032521047-1810997296-1104\r\n\tAccount Name:\t\tpgustavo\r\n\tAccount Domain:\t\tTHESHIRE\r\n\tLogon ID:\t\t0x10A7DF\r\n\r\nObject:\r\n\tObject Server:\t\tSecurity\r\n\tHandle ID:\t\t0x3128\r\n\r\nProcess Information:\r\n\tProcess ID:\t\t0x704\r\n\tProcess Name:\t\tC:\\Windows\\Microsoft.NET\\Framework64\\v4.0.30319\\csc.exe","@timestamp":"2020-09-22T08:22:44.370Z","ObjectServer":"Security","SubjectLogonId":"0x10a7df","SourceModuleType":"im_msvistalog","port":64545,"ProcessName":"C:\\Windows\\Microsoft.NET\\Framework64\\v4.0.30319\\csc.exe","RecordNumber":820493,"SubjectUserName":"pgustavo","Task":12801,"@version":"1","OpcodeValue":0,"SourceModuleName":"eventlog","Severity":"INFO","HandleId":"0x3128","SourceName":"Microsoft-Windows-Security-Auditing","Version":0,"Category":"Registry","tags":["mordorDataset"],"Hostname":"WORKSTATION5.theshire.local"}
{"SeverityValue":2,"SubjectDomainName":"THESHIRE","EventReceivedTime":"2020-09-22 04:22:44","EventID":4656,"ProviderGuid":"{54849625-5478-4994-A5BA-3E3B0328C30D}","ExecutionProcessID":4,"Channel":"security","host":"wec.internal.cloudapp.net","ProcessId":"0x704","Opcode":"Info","EventTime":"2020-09-22 04:22:42","TransactionId":"{00000000-0000-0000-0000-000000000000}","ObjectServer":"Security","AccessMask":"0x20019","SourceModuleType":"im_msvistalog","ProcessName":"C:\\Windows\\Microsoft.NET\\Framework64\\v4.0.30319\\csc.exe","@version":"1","OpcodeValue":0,"Severity":"INFO","HandleId":"0x168","ObjectName":"\\REGISTRY\\MACHINE\\SOFTWARE\\Microsoft\\.NETFramework","SourceName":"Microsoft-Windows-Security-Auditing","Category":"Registry","Keywords":-9214364837600034816,"ObjectType":"Key","SubjectUserSid":"S-1-5-21-4228717743-1032521047-1810997296-1104","ThreadID":6776,"EventType":"AUDIT_SUCCESS","Message":"A handle to an object was requested.\r\n\r\nSubject:\r\n\tSecurity ID:\t\tS-1-5-21-4228717743-1032521047-1810997296-1104\r\n\tAccount Name:\t\tpgustavo\r\n\tAccount Domain:\t\tTHESHIRE\r\n\tLogon ID:\t\t0x10A7DF\r\n\r\nObject:\r\n\tObject Server:\t\tSecurity\r\n\tObject Type:\t\tKey\r\n\tObject Name:\t\t\\REGISTRY\\MACHINE\\SOFTWARE\\Microsoft\\.NETFramework\r\n\tHandle ID:\t\t0x168\r\n\tResource Attributes:\t-\r\n\r\nProcess Information:\r\n\tProcess ID:\t\t0x704\r\n\tProcess Name:\t\tC:\\Windows\\Microsoft.NET\\Framework64\\v4.0.30319\\csc.exe\r\n\r\nAccess Request Information:\r\n\tTransaction ID:\t\t{00000000-0000-0000-0000-000000000000}\r\n\tAccesses:\t\tREAD_CONTROL\r\n\t\t\t\tQuery key value\r\n\t\t\t\tEnumerate sub-keys\r\n\t\t\t\tNotify about changes to keys\r\n\t\t\t\t\r\n\tAccess Reasons:\t\t-\r\n\tAccess Mask:\t\t0x20019\r\n\tPrivileges Used for Access Check:\t-\r\n\tRestricted SID Count:\t0","AccessReason":"-","PrivilegeList":"-","@timestamp":"2020-09-22T08:22:44.370Z","SubjectLogonId":"0x10a7df","port":64545,"RecordNumber":820494,"SubjectUserName":"pgustavo","Task":12801,"SourceModuleName":"eventlog","Version":1,"AccessList":"%%1538\r\n\t\t\t\t%%4432\r\n\t\t\t\t%%4435\r\n\t\t\t\t%%4436\r\n\t\t\t\t","RestrictedSidCount":"0","ResourceAttributes":"-","Hostname":"WORKSTATION5.theshire.local","tags":["mordorDataset"]}
{"ImageLoaded":"C:\\Windows\\System32\\sechost.dll","SeverityValue":2,"EventReceivedTime":"2020-09-22 04:22:44","EventID":7,"ProviderGuid":"{5770385F-C22A-43E0-BF4C-06F5698FFBD9}","ExecutionProcessID":3172,"Channel":"Microsoft-Windows-Sysmon/Operational","host":"wec.internal.cloudapp.net","AccountType":"User","ProcessGuid":"{b34bc01c-b453-5f69-c802-000000000900}","Opcode":"Info","EventTime":"2020-09-22 04:22:43","Signed":"true","SourceModuleType":"im_msvistalog","AccountName":"SYSTEM","Domain":"NT AUTHORITY","@version":"1","OpcodeValue":0,"SignatureStatus":"Valid","Severity":"INFO","Hashes":"SHA1=A330EDE32DFA03AE6808EE7FB6916D8DEB8F5DDE,MD5=A094E2B38D3DD864B07580D243CB6E43,SHA256=C441E19D20961D4E990E117A300ED318BEDBF2F8BA0FF07BEE7832AC502CDDF2,IMPHASH=CE4BD072766253F6A267D0284CA82002","SourceName":"Microsoft-Windows-Sysmon","Description":"Host for SCM/SDDL/LSA Lookup APIs","Category":"Image loaded (rule: ImageLoad)","Company":"Microsoft Corporation","Keywords":-9223372036854775808,"FileVersion":"10.0.18362.959 (WinBuild.160101.0800)","UserID":"S-1-5-18","ThreadID":4048,"EventType":"INFO","@timestamp":"2020-09-22T08:22:44.371Z","port":64545,"RecordNumber":3399354,"Task":7,"Signature":"Microsoft Windows","SourceModuleName":"eventlog","Version":3,"Product":"Microsoft Windows Operating System","Image":"C:\\Windows\\Microsoft.NET\\Framework64\\v4.0.30319\\cvtres.exe","OriginalFileName":"sechost.dll","UtcTime":"2020-09-22 08:22:43.413","Hostname":"WORKSTATION5.theshire.local","RuleName":"-","tags":["mordorDataset"]}
{"Keywords":-9214364837600034816,"SeverityValue":2,"SubjectDomainName":"THESHIRE","EventID":4658,"ProviderGuid":"{54849625-5478-4994-A5BA-3E3B0328C30D}","ExecutionProcessID":4,"Channel":"security","host":"wec.internal.cloudapp.net","SubjectUserSid":"S-1-5-21-4228717743-1032521047-1810997296-1104","EventReceivedTime":"2020-09-22 04:22:44","ProcessId":"0x704","ThreadID":6776,"EventType":"AUDIT_SUCCESS","Opcode":"Info","EventTime":"2020-09-22 04:22:42","Message":"The handle to an object was closed.\r\n\r\nSubject :\r\n\tSecurity ID:\t\tS-1-5-21-4228717743-1032521047-1810997296-1104\r\n\tAccount Name:\t\tpgustavo\r\n\tAccount Domain:\t\tTHESHIRE\r\n\tLogon ID:\t\t0x10A7DF\r\n\r\nObject:\r\n\tObject Server:\t\tSecurity\r\n\tHandle ID:\t\t0x168\r\n\r\nProcess Information:\r\n\tProcess ID:\t\t0x704\r\n\tProcess Name:\t\tC:\\Windows\\Microsoft.NET\\Framework64\\v4.0.30319\\csc.exe","@timestamp":"2020-09-22T08:22:44.371Z","ObjectServer":"Security","SubjectLogonId":"0x10a7df","SourceModuleType":"im_msvistalog","port":64545,"ProcessName":"C:\\Windows\\Microsoft.NET\\Framework64\\v4.0.30319\\csc.exe","RecordNumber":820495,"SubjectUserName":"pgustavo","Task":12801,"@version":"1","OpcodeValue":0,"SourceModuleName":"eventlog","Severity":"INFO","HandleId":"0x168","SourceName":"Microsoft-Windows-Security-Auditing","Version":0,"Category":"Registry","tags":["mordorDataset"],"Hostname":"WORKSTATION5.theshire.local"}
{"ImageLoaded":"C:\\Windows\\System32\\rpcrt4.dll","SeverityValue":2,"EventReceivedTime":"2020-09-22 04:22:44","EventID":7,"ProviderGuid":"{5770385F-C22A-43E0-BF4C-06F5698FFBD9}","ExecutionProcessID":3172,"Channel":"Microsoft-Windows-Sysmon/Operational","host":"wec.internal.cloudapp.net","AccountType":"User","ProcessGuid":"{b34bc01c-b453-5f69-c802-000000000900}","Opcode":"Info","EventTime":"2020-09-22 04:22:43","Signed":"true","SourceModuleType":"im_msvistalog","AccountName":"SYSTEM","Domain":"NT AUTHORITY","@version":"1","OpcodeValue":0,"SignatureStatus":"Valid","Severity":"INFO","Hashes":"SHA1=863C24BD6E91FDCDEDE1124EFC93FDD1564F0C23,MD5=61C41B28689BB516F1CFC880507C839B,SHA256=DAF391DB91AC04B50A0C896963F5120A52C8B1B4999BF37BE80AB025AB116700,IMPHASH=88E7E7C7FA90052EC162DD37F2B7C7BD","SourceName":"Microsoft-Windows-Sysmon","Description":"Remote Procedure Call Runtime","Category":"Image loaded (rule: ImageLoad)","Company":"Microsoft Corporation","Keywords":-9223372036854775808,"FileVersion":"10.0.18362.1082 (WinBuild.160101.0800)","UserID":"S-1-5-18","ThreadID":4048,"EventType":"INFO","@timestamp":"2020-09-22T08:22:44.372Z","port":64545,"RecordNumber":3399355,"Task":7,"Signature":"Microsoft Windows","SourceModuleName":"eventlog","Version":3,"Product":"Microsoft Windows Operating System","Image":"C:\\Windows\\Microsoft.NET\\Framework64\\v4.0.30319\\cvtres.exe","OriginalFileName":"rpcrt4.dll","UtcTime":"2020-09-22 08:22:43.436","Hostname":"WORKSTATION5.theshire.local","RuleName":"-","tags":["mordorDataset"]}
{"Keywords":-9214364837600034816,"SeverityValue":2,"SubjectDomainName":"THESHIRE","EventID":4690,"ProviderGuid":"{54849625-5478-4994-A5BA-3E3B0328C30D}","ExecutionProcessID":4,"Channel":"security","host":"wec.internal.cloudapp.net","SubjectUserSid":"S-1-5-21-4228717743-1032521047-1810997296-1104","EventReceivedTime":"2020-09-22 04:22:44","ProcessId":"0x704","ThreadID":6776,"EventType":"AUDIT_SUCCESS","Opcode":"Info","EventTime":"2020-09-22 04:22:42","Message":"An attempt was made to duplicate a handle to an object.\r\n\r\nSubject:\r\n\tSecurity ID:\t\tS-1-5-21-4228717743-1032521047-1810997296-1104\r\n\tAccount Name:\t\tpgustavo\r\n\tAccount Domain:\t\tTHESHIRE\r\n\tLogon ID:\t\t0x10A7DF\r\n\r\nSource Handle Information:\r\n\tSource Handle ID:\t0x148\r\n\tSource Process ID:\t0x704\r\n\r\nNew Handle Information:\r\n\tTarget Handle ID:\t0x24d4\r\n\tTarget Process ID:\t0x4","SourceHandleId":"0x148","TargetHandleId":"0x24d4","@timestamp":"2020-09-22T08:22:44.372Z","SubjectLogonId":"0x10a7df","SourceModuleType":"im_msvistalog","port":64545,"RecordNumber":820496,"SubjectUserName":"pgustavo","SourceProcessId":"0x704","Task":12807,"@version":"1","OpcodeValue":0,"SourceModuleName":"eventlog","Severity":"INFO","SourceName":"Microsoft-Windows-Security-Auditing","Version":0,"TargetProcessId":"0x4","Category":"Handle Manipulation","tags":["mordorDataset"],"Hostname":"WORKSTATION5.theshire.local"}
{"ImageLoaded":"C:\\Windows\\System32\\vcruntime140_clr0400.dll","SeverityValue":2,"EventReceivedTime":"2020-09-22 04:22:44","EventID":7,"ProviderGuid":"{5770385F-C22A-43E0-BF4C-06F5698FFBD9}","ExecutionProcessID":3172,"Channel":"Microsoft-Windows-Sysmon/Operational","host":"wec.internal.cloudapp.net","AccountType":"User","ProcessGuid":"{b34bc01c-b453-5f69-c802-000000000900}","Opcode":"Info","EventTime":"2020-09-22 04:22:43","Signed":"true","SourceModuleType":"im_msvistalog","AccountName":"SYSTEM","Domain":"NT AUTHORITY","@version":"1","OpcodeValue":0,"SignatureStatus":"Valid","Severity":"INFO","Hashes":"SHA1=6790994B2E72E7FE8690CD8EBA1FCF4577389280,MD5=63936588122BDEE9624D02CE3F8F54EA,SHA256=21F7E6165CE8DD92DB8CDF48CEE83DE64B2B0807B7B499CF87678B70C6F8C32F,IMPHASH=CD244BF7A749BF0B13E038D2EE842BFC","SourceName":"Microsoft-Windows-Sysmon","Description":"Microsoft C Runtime Library","Category":"Image loaded (rule: ImageLoad)","Company":"Microsoft Corporation","Keywords":-9223372036854775808,"FileVersion":"14.10.25028.0 built by: VCTOOLSD15RTM","UserID":"S-1-5-18","ThreadID":4048,"EventType":"INFO","@timestamp":"2020-09-22T08:22:44.373Z","port":64545,"RecordNumber":3399356,"Task":7,"Signature":"Microsoft Corporation","SourceModuleName":"eventlog","Version":3,"Product":"Microsoft Visual Studio 2017","Image":"C:\\Windows\\Microsoft.NET\\Framework64\\v4.0.30319\\cvtres.exe","OriginalFileName":"vcruntime140_clr0400.dll","UtcTime":"2020-09-22 08:22:43.436","Hostname":"WORKSTATION5.theshire.local","RuleName":"-","tags":["mordorDataset"]}
{"Keywords":-9214364837600034816,"SeverityValue":2,"SubjectDomainName":"THESHIRE","EventID":4658,"ProviderGuid":"{54849625-5478-4994-A5BA-3E3B0328C30D}","ExecutionProcessID":4,"Channel":"security","host":"wec.internal.cloudapp.net","SubjectUserSid":"S-1-5-21-4228717743-1032521047-1810997296-1104","EventReceivedTime":"2020-09-22 04:22:44","ProcessId":"0x704","ThreadID":6776,"EventType":"AUDIT_SUCCESS","Opcode":"Info","EventTime":"2020-09-22 04:22:42","Message":"The handle to an object was closed.\r\n\r\nSubject :\r\n\tSecurity ID:\t\tS-1-5-21-4228717743-1032521047-1810997296-1104\r\n\tAccount Name:\t\tpgustavo\r\n\tAccount Domain:\t\tTHESHIRE\r\n\tLogon ID:\t\t0x10A7DF\r\n\r\nObject:\r\n\tObject Server:\t\tSecurity\r\n\tHandle ID:\t\t0x24d4\r\n\r\nProcess Information:\r\n\tProcess ID:\t\t0x704\r\n\tProcess Name:\t\tC:\\Windows\\Microsoft.NET\\Framework64\\v4.0.30319\\csc.exe","@timestamp":"2020-09-22T08:22:44.373Z","ObjectServer":"Security","SubjectLogonId":"0x10a7df","SourceModuleType":"im_msvistalog","port":64545,"ProcessName":"C:\\Windows\\Microsoft.NET\\Framework64\\v4.0.30319\\csc.exe","RecordNumber":820497,"SubjectUserName":"pgustavo","Task":12801,"@version":"1","OpcodeValue":0,"SourceModuleName":"eventlog","Severity":"INFO","HandleId":"0x24d4","SourceName":"Microsoft-Windows-Security-Auditing","Version":0,"Category":"Registry","tags":["mordorDataset"],"Hostname":"WORKSTATION5.theshire.local"}
{"ImageLoaded":"C:\\Windows\\System32\\ucrtbase_clr0400.dll","SeverityValue":2,"EventReceivedTime":"2020-09-22 04:22:44","EventID":7,"ProviderGuid":"{5770385F-C22A-43E0-BF4C-06F5698FFBD9}","ExecutionProcessID":3172,"Channel":"Microsoft-Windows-Sysmon/Operational","host":"wec.internal.cloudapp.net","AccountType":"User","ProcessGuid":"{b34bc01c-b453-5f69-c802-000000000900}","Opcode":"Info","EventTime":"2020-09-22 04:22:43","Signed":"true","SourceModuleType":"im_msvistalog","AccountName":"SYSTEM","Domain":"NT AUTHORITY","@version":"1","OpcodeValue":0,"SignatureStatus":"Valid","Severity":"INFO","Hashes":"SHA1=FF572BE9C4959684F64CF1EAD2636FE983E59627,MD5=F8F171BE1820544E15B555847005355C,SHA256=CDDF9A2BF085AE59BA464B3BA6394AACFC342DA5F17D77FD5306054C8AABF153,IMPHASH=0524DC27AA10ADA72FFB6F88F5FD8829","SourceName":"Microsoft-Windows-Sysmon","Description":"Microsoft C Runtime Library","Category":"Image loaded (rule: ImageLoad)","Company":"Microsoft Corporation","Keywords":-9223372036854775808,"FileVersion":"14.10.25028.0 built by: VCTOOLSD15RTM","UserID":"S-1-5-18","ThreadID":4048,"EventType":"INFO","@timestamp":"2020-09-22T08:22:44.373Z","port":64545,"RecordNumber":3399357,"Task":7,"Signature":"Microsoft Corporation","SourceModuleName":"eventlog","Version":3,"Product":"Microsoft Visual Studio 2017","Image":"C:\\Windows\\Microsoft.NET\\Framework64\\v4.0.30319\\cvtres.exe","OriginalFileName":"ucrtbase_clr0400.dll","UtcTime":"2020-09-22 08:22:43.436","Hostname":"WORKSTATION5.theshire.local","RuleName":"-","tags":["mordorDataset"]}
{"SeverityValue":2,"SubjectDomainName":"THESHIRE","EventReceivedTime":"2020-09-22 04:22:44","EventID":4656,"ProviderGuid":"{54849625-5478-4994-A5BA-3E3B0328C30D}","ExecutionProcessID":4,"Channel":"security","host":"wec.internal.cloudapp.net","ProcessId":"0x704","Opcode":"Info","EventTime":"2020-09-22 04:22:42","TransactionId":"{00000000-0000-0000-0000-000000000000}","ObjectServer":"Security","AccessMask":"0x20019","SourceModuleType":"im_msvistalog","ProcessName":"C:\\Windows\\Microsoft.NET\\Framework64\\v4.0.30319\\csc.exe","@version":"1","OpcodeValue":0,"Severity":"INFO","HandleId":"0x148","ObjectName":"\\REGISTRY\\MACHINE\\SOFTWARE\\Microsoft\\.NETFramework","SourceName":"Microsoft-Windows-Security-Auditing","Category":"Registry","Keywords":-9214364837600034816,"ObjectType":"Key","SubjectUserSid":"S-1-5-21-4228717743-1032521047-1810997296-1104","ThreadID":6776,"EventType":"AUDIT_SUCCESS","Message":"A handle to an object was requested.\r\n\r\nSubject:\r\n\tSecurity ID:\t\tS-1-5-21-4228717743-1032521047-1810997296-1104\r\n\tAccount Name:\t\tpgustavo\r\n\tAccount Domain:\t\tTHESHIRE\r\n\tLogon ID:\t\t0x10A7DF\r\n\r\nObject:\r\n\tObject Server:\t\tSecurity\r\n\tObject Type:\t\tKey\r\n\tObject Name:\t\t\\REGISTRY\\MACHINE\\SOFTWARE\\Microsoft\\.NETFramework\r\n\tHandle ID:\t\t0x148\r\n\tResource Attributes:\t-\r\n\r\nProcess Information:\r\n\tProcess ID:\t\t0x704\r\n\tProcess Name:\t\tC:\\Windows\\Microsoft.NET\\Framework64\\v4.0.30319\\csc.exe\r\n\r\nAccess Request Information:\r\n\tTransaction ID:\t\t{00000000-0000-0000-0000-000000000000}\r\n\tAccesses:\t\tREAD_CONTROL\r\n\t\t\t\tQuery key value\r\n\t\t\t\tEnumerate sub-keys\r\n\t\t\t\tNotify about changes to keys\r\n\t\t\t\t\r\n\tAccess Reasons:\t\t-\r\n\tAccess Mask:\t\t0x20019\r\n\tPrivileges Used for Access Check:\t-\r\n\tRestricted SID Count:\t0","AccessReason":"-","PrivilegeList":"-","@timestamp":"2020-09-22T08:22:44.374Z","SubjectLogonId":"0x10a7df","port":64545,"RecordNumber":820498,"SubjectUserName":"pgustavo","Task":12801,"SourceModuleName":"eventlog","Version":1,"AccessList":"%%1538\r\n\t\t\t\t%%4432\r\n\t\t\t\t%%4435\r\n\t\t\t\t%%4436\r\n\t\t\t\t","RestrictedSidCount":"0","ResourceAttributes":"-","Hostname":"WORKSTATION5.theshire.local","tags":["mordorDataset"]}
{"ImageLoaded":"C:\\Windows\\System32\\ucrtbase_clr0400.dll","SeverityValue":2,"EventReceivedTime":"2020-09-22 04:22:44","EventID":7,"ProviderGuid":"{5770385F-C22A-43E0-BF4C-06F5698FFBD9}","ExecutionProcessID":3172,"Channel":"Microsoft-Windows-Sysmon/Operational","host":"wec.internal.cloudapp.net","AccountType":"User","ProcessGuid":"{b34bc01c-b453-5f69-c802-000000000900}","Opcode":"Info","EventTime":"2020-09-22 04:22:43","Signed":"true","SourceModuleType":"im_msvistalog","AccountName":"SYSTEM","Domain":"NT AUTHORITY","@version":"1","OpcodeValue":0,"SignatureStatus":"Valid","Severity":"INFO","Hashes":"SHA1=FF572BE9C4959684F64CF1EAD2636FE983E59627,MD5=F8F171BE1820544E15B555847005355C,SHA256=CDDF9A2BF085AE59BA464B3BA6394AACFC342DA5F17D77FD5306054C8AABF153,IMPHASH=0524DC27AA10ADA72FFB6F88F5FD8829","SourceName":"Microsoft-Windows-Sysmon","Description":"Microsoft C Runtime Library","Category":"Image loaded (rule: ImageLoad)","Company":"Microsoft Corporation","Keywords":-9223372036854775808,"FileVersion":"14.10.25028.0 built by: VCTOOLSD15RTM","UserID":"S-1-5-18","ThreadID":4048,"EventType":"INFO","@timestamp":"2020-09-22T08:22:44.375Z","port":64545,"RecordNumber":3399358,"Task":7,"Signature":"Microsoft Corporation","SourceModuleName":"eventlog","Version":3,"Product":"Microsoft Visual Studio 2017","Image":"C:\\Windows\\Microsoft.NET\\Framework64\\v4.0.30319\\cvtres.exe","OriginalFileName":"ucrtbase_clr0400.dll","UtcTime":"2020-09-22 08:22:43.436","Hostname":"WORKSTATION5.theshire.local","RuleName":"-","tags":["mordorDataset"]}
{"Keywords":-9214364837600034816,"SeverityValue":2,"SubjectDomainName":"THESHIRE","EventID":4658,"ProviderGuid":"{54849625-5478-4994-A5BA-3E3B0328C30D}","ExecutionProcessID":4,"Channel":"security","host":"wec.internal.cloudapp.net","SubjectUserSid":"S-1-5-21-4228717743-1032521047-1810997296-1104","EventReceivedTime":"2020-09-22 04:22:44","ProcessId":"0x704","ThreadID":6776,"EventType":"AUDIT_SUCCESS","Opcode":"Info","EventTime":"2020-09-22 04:22:42","Message":"The handle to an object was closed.\r\n\r\nSubject :\r\n\tSecurity ID:\t\tS-1-5-21-4228717743-1032521047-1810997296-1104\r\n\tAccount Name:\t\tpgustavo\r\n\tAccount Domain:\t\tTHESHIRE\r\n\tLogon ID:\t\t0x10A7DF\r\n\r\nObject:\r\n\tObject Server:\t\tSecurity\r\n\tHandle ID:\t\t0x148\r\n\r\nProcess Information:\r\n\tProcess ID:\t\t0x704\r\n\tProcess Name:\t\tC:\\Windows\\Microsoft.NET\\Framework64\\v4.0.30319\\csc.exe","@timestamp":"2020-09-22T08:22:44.375Z","ObjectServer":"Security","SubjectLogonId":"0x10a7df","SourceModuleType":"im_msvistalog","port":64545,"ProcessName":"C:\\Windows\\Microsoft.NET\\Framework64\\v4.0.30319\\csc.exe","RecordNumber":820499,"SubjectUserName":"pgustavo","Task":12801,"@version":"1","OpcodeValue":0,"SourceModuleName":"eventlog","Severity":"INFO","HandleId":"0x148","SourceName":"Microsoft-Windows-Security-Auditing","Version":0,"Category":"Registry","tags":["mordorDataset"],"Hostname":"WORKSTATION5.theshire.local"}
{"Keywords":-9214364837600034816,"SeverityValue":2,"SubjectDomainName":"THESHIRE","EventID":4690,"ProviderGuid":"{54849625-5478-4994-A5BA-3E3B0328C30D}","ExecutionProcessID":4,"Channel":"security","host":"wec.internal.cloudapp.net","SubjectUserSid":"S-1-5-21-4228717743-1032521047-1810997296-1104","EventReceivedTime":"2020-09-22 04:22:44","ProcessId":"0x704","ThreadID":6776,"EventType":"AUDIT_SUCCESS","Opcode":"Info","EventTime":"2020-09-22 04:22:42","Message":"An attempt was made to duplicate a handle to an object.\r\n\r\nSubject:\r\n\tSecurity ID:\t\tS-1-5-21-4228717743-1032521047-1810997296-1104\r\n\tAccount Name:\t\tpgustavo\r\n\tAccount Domain:\t\tTHESHIRE\r\n\tLogon ID:\t\t0x10A7DF\r\n\r\nSource Handle Information:\r\n\tSource Handle ID:\t0x148\r\n\tSource Process ID:\t0x704\r\n\r\nNew Handle Information:\r\n\tTarget Handle ID:\t0x24d4\r\n\tTarget Process ID:\t0x4","SourceHandleId":"0x148","TargetHandleId":"0x24d4","@timestamp":"2020-09-22T08:22:44.376Z","SubjectLogonId":"0x10a7df","SourceModuleType":"im_msvistalog","port":64545,"RecordNumber":820500,"SubjectUserName":"pgustavo","SourceProcessId":"0x704","Task":12807,"@version":"1","OpcodeValue":0,"SourceModuleName":"eventlog","Severity":"INFO","SourceName":"Microsoft-Windows-Security-Auditing","Version":0,"TargetProcessId":"0x4","Category":"Handle Manipulation","tags":["mordorDataset"],"Hostname":"WORKSTATION5.theshire.local"}
{"ImageLoaded":"C:\\Windows\\System32\\cryptsp.dll","SeverityValue":2,"EventReceivedTime":"2020-09-22 04:22:44","EventID":7,"ProviderGuid":"{5770385F-C22A-43E0-BF4C-06F5698FFBD9}","ExecutionProcessID":3172,"Channel":"Microsoft-Windows-Sysmon/Operational","host":"wec.internal.cloudapp.net","AccountType":"User","ProcessGuid":"{b34bc01c-b453-5f69-c802-000000000900}","Opcode":"Info","EventTime":"2020-09-22 04:22:43","Signed":"true","SourceModuleType":"im_msvistalog","AccountName":"SYSTEM","Domain":"NT AUTHORITY","@version":"1","OpcodeValue":0,"SignatureStatus":"Valid","Severity":"INFO","Hashes":"SHA1=90F229FB5DB52DF3604195B10C48E946684929ED,MD5=ACE18C6797090A1AA259BB8713917F98,SHA256=F5E118F67745792909973717FAE1F9FE68B2619332A4451AD04E0C9072B8D605,IMPHASH=A9B9D04D0B53DC48ABB37BE77AD01B55","SourceName":"Microsoft-Windows-Sysmon","Description":"Cryptographic Service Provider API","Category":"Image loaded (rule: ImageLoad)","Company":"Microsoft Corporation","Keywords":-9223372036854775808,"FileVersion":"10.0.18362.1 (WinBuild.160101.0800)","UserID":"S-1-5-18","ThreadID":4048,"EventType":"INFO","@timestamp":"2020-09-22T08:22:44.376Z","port":64545,"RecordNumber":3399359,"Task":7,"Signature":"Microsoft Windows","SourceModuleName":"eventlog","Version":3,"Product":"Microsoft Windows Operating System","Image":"C:\\Windows\\Microsoft.NET\\Framework64\\v4.0.30319\\cvtres.exe","OriginalFileName":"cryptsp.dll","UtcTime":"2020-09-22 08:22:43.436","Hostname":"WORKSTATION5.theshire.local","RuleName":"-","tags":["mordorDataset"]}
{"ImageLoaded":"C:\\Windows\\System32\\rsaenh.dll","SeverityValue":2,"EventReceivedTime":"2020-09-22 04:22:44","EventID":7,"ProviderGuid":"{5770385F-C22A-43E0-BF4C-06F5698FFBD9}","ExecutionProcessID":3172,"Channel":"Microsoft-Windows-Sysmon/Operational","host":"wec.internal.cloudapp.net","AccountType":"User","ProcessGuid":"{b34bc01c-b453-5f69-c802-000000000900}","Opcode":"Info","EventTime":"2020-09-22 04:22:43","Signed":"true","SourceModuleType":"im_msvistalog","AccountName":"SYSTEM","Domain":"NT AUTHORITY","@version":"1","OpcodeValue":0,"SignatureStatus":"Valid","Severity":"INFO","Hashes":"SHA1=09310F93E62D8B8BCBBEA36CB3AAF78CB98798EF,MD5=D3102BD5CD3C24E02C68CF6770379402,SHA256=49BF93C5C4D0D4AEE050ED83193DCF3FCB08D50DB5F0B7740436B24B83D14023,IMPHASH=A4C20B1A7B632846186AD47A0810709E","SourceName":"Microsoft-Windows-Sysmon","Description":"Microsoft Enhanced Cryptographic Provider","Category":"Image loaded (rule: ImageLoad)","Company":"Microsoft Corporation","Keywords":-9223372036854775808,"FileVersion":"10.0.18362.1 (WinBuild.160101.0800)","UserID":"S-1-5-18","ThreadID":4048,"EventType":"INFO","@timestamp":"2020-09-22T08:22:44.376Z","port":64545,"RecordNumber":3399360,"Task":7,"Signature":"Microsoft Windows","SourceModuleName":"eventlog","Version":3,"Product":"Microsoft Windows Operating System","Image":"C:\\Windows\\Microsoft.NET\\Framework64\\v4.0.30319\\cvtres.exe","OriginalFileName":"rsaenh.dll","UtcTime":"2020-09-22 08:22:43.436","Hostname":"WORKSTATION5.theshire.local","RuleName":"-","tags":["mordorDataset"]}
{"Keywords":-9214364837600034816,"SeverityValue":2,"SubjectDomainName":"THESHIRE","EventID":4658,"ProviderGuid":"{54849625-5478-4994-A5BA-3E3B0328C30D}","ExecutionProcessID":4,"Channel":"security","host":"wec.internal.cloudapp.net","SubjectUserSid":"S-1-5-21-4228717743-1032521047-1810997296-1104","EventReceivedTime":"2020-09-22 04:22:44","ProcessId":"0x704","ThreadID":6776,"EventType":"AUDIT_SUCCESS","Opcode":"Info","EventTime":"2020-09-22 04:22:42","Message":"The handle to an object was closed.\r\n\r\nSubject :\r\n\tSecurity ID:\t\tS-1-5-21-4228717743-1032521047-1810997296-1104\r\n\tAccount Name:\t\tpgustavo\r\n\tAccount Domain:\t\tTHESHIRE\r\n\tLogon ID:\t\t0x10A7DF\r\n\r\nObject:\r\n\tObject Server:\t\tSecurity\r\n\tHandle ID:\t\t0x24d4\r\n\r\nProcess Information:\r\n\tProcess ID:\t\t0x704\r\n\tProcess Name:\t\tC:\\Windows\\Microsoft.NET\\Framework64\\v4.0.30319\\csc.exe","@timestamp":"2020-09-22T08:22:44.377Z","ObjectServer":"Security","SubjectLogonId":"0x10a7df","SourceModuleType":"im_msvistalog","port":64545,"ProcessName":"C:\\Windows\\Microsoft.NET\\Framework64\\v4.0.30319\\csc.exe","RecordNumber":820501,"SubjectUserName":"pgustavo","Task":12801,"@version":"1","OpcodeValue":0,"SourceModuleName":"eventlog","Severity":"INFO","HandleId":"0x24d4","SourceName":"Microsoft-Windows-Security-Auditing","Version":0,"Category":"Registry","tags":["mordorDataset"],"Hostname":"WORKSTATION5.theshire.local"}
{"ImageLoaded":"C:\\Windows\\System32\\bcrypt.dll","SeverityValue":2,"EventReceivedTime":"2020-09-22 04:22:44","EventID":7,"ProviderGuid":"{5770385F-C22A-43E0-BF4C-06F5698FFBD9}","ExecutionProcessID":3172,"Channel":"Microsoft-Windows-Sysmon/Operational","host":"wec.internal.cloudapp.net","AccountType":"User","ProcessGuid":"{b34bc01c-b453-5f69-c802-000000000900}","Opcode":"Info","EventTime":"2020-09-22 04:22:43","Signed":"true","SourceModuleType":"im_msvistalog","AccountName":"SYSTEM","Domain":"NT AUTHORITY","@version":"1","OpcodeValue":0,"SignatureStatus":"Valid","Severity":"INFO","Hashes":"SHA1=421C35E0949143DE72C8F98776565D24815AD47E,MD5=F46778029BE7D755EBDCDF048EA62A4B,SHA256=907A4D1D405283AD24BBA1F9A763C5118A33574F3E0EC7FC543F65B24CC0A748,IMPHASH=E5649DCD6FA9472DB9A89CCD123913C0","SourceName":"Microsoft-Windows-Sysmon","Description":"Windows Cryptographic Primitives Library","Category":"Image loaded (rule: ImageLoad)","Company":"Microsoft Corporation","Keywords":-9223372036854775808,"FileVersion":"10.0.18362.267 (WinBuild.160101.0800)","UserID":"S-1-5-18","ThreadID":4048,"EventType":"INFO","@timestamp":"2020-09-22T08:22:44.377Z","port":64545,"RecordNumber":3399361,"Task":7,"Signature":"Microsoft Windows","SourceModuleName":"eventlog","Version":3,"Product":"Microsoft Windows Operating System","Image":"C:\\Windows\\Microsoft.NET\\Framework64\\v4.0.30319\\cvtres.exe","OriginalFileName":"bcrypt.dll","UtcTime":"2020-09-22 08:22:43.436","Hostname":"WORKSTATION5.theshire.local","RuleName":"-","tags":["mordorDataset"]}
{"SeverityValue":2,"SubjectDomainName":"THESHIRE","EventReceivedTime":"2020-09-22 04:22:44","EventID":4656,"ProviderGuid":"{54849625-5478-4994-A5BA-3E3B0328C30D}","ExecutionProcessID":4,"Channel":"security","host":"wec.internal.cloudapp.net","ProcessId":"0x704","Opcode":"Info","EventTime":"2020-09-22 04:22:42","TransactionId":"{00000000-0000-0000-0000-000000000000}","ObjectServer":"Security","AccessMask":"0x20019","SourceModuleType":"im_msvistalog","ProcessName":"C:\\Windows\\Microsoft.NET\\Framework64\\v4.0.30319\\csc.exe","@version":"1","OpcodeValue":0,"Severity":"INFO","HandleId":"0x148","ObjectName":"\\REGISTRY\\MACHINE\\SOFTWARE\\Microsoft\\.NETFramework","SourceName":"Microsoft-Windows-Security-Auditing","Category":"Registry","Keywords":-9214364837600034816,"ObjectType":"Key","SubjectUserSid":"S-1-5-21-4228717743-1032521047-1810997296-1104","ThreadID":6776,"EventType":"AUDIT_SUCCESS","Message":"A handle to an object was requested.\r\n\r\nSubject:\r\n\tSecurity ID:\t\tS-1-5-21-4228717743-1032521047-1810997296-1104\r\n\tAccount Name:\t\tpgustavo\r\n\tAccount Domain:\t\tTHESHIRE\r\n\tLogon ID:\t\t0x10A7DF\r\n\r\nObject:\r\n\tObject Server:\t\tSecurity\r\n\tObject Type:\t\tKey\r\n\tObject Name:\t\t\\REGISTRY\\MACHINE\\SOFTWARE\\Microsoft\\.NETFramework\r\n\tHandle ID:\t\t0x148\r\n\tResource Attributes:\t-\r\n\r\nProcess Information:\r\n\tProcess ID:\t\t0x704\r\n\tProcess Name:\t\tC:\\Windows\\Microsoft.NET\\Framework64\\v4.0.30319\\csc.exe\r\n\r\nAccess Request Information:\r\n\tTransaction ID:\t\t{00000000-0000-0000-0000-000000000000}\r\n\tAccesses:\t\tREAD_CONTROL\r\n\t\t\t\tQuery key value\r\n\t\t\t\tEnumerate sub-keys\r\n\t\t\t\tNotify about changes to keys\r\n\t\t\t\t\r\n\tAccess Reasons:\t\t-\r\n\tAccess Mask:\t\t0x20019\r\n\tPrivileges Used for Access Check:\t-\r\n\tRestricted SID Count:\t0","AccessReason":"-","PrivilegeList":"-","@timestamp":"2020-09-22T08:22:44.378Z","SubjectLogonId":"0x10a7df","port":64545,"RecordNumber":820502,"SubjectUserName":"pgustavo","Task":12801,"SourceModuleName":"eventlog","Version":1,"AccessList":"%%1538\r\n\t\t\t\t%%4432\r\n\t\t\t\t%%4435\r\n\t\t\t\t%%4436\r\n\t\t\t\t","RestrictedSidCount":"0","ResourceAttributes":"-","Hostname":"WORKSTATION5.theshire.local","tags":["mordorDataset"]}
{"Keywords":-9214364837600034816,"SeverityValue":2,"SubjectDomainName":"THESHIRE","EventID":4658,"ProviderGuid":"{54849625-5478-4994-A5BA-3E3B0328C30D}","ExecutionProcessID":4,"Channel":"security","host":"wec.internal.cloudapp.net","SubjectUserSid":"S-1-5-21-4228717743-1032521047-1810997296-1104","EventReceivedTime":"2020-09-22 04:22:44","ProcessId":"0x704","ThreadID":6776,"EventType":"AUDIT_SUCCESS","Opcode":"Info","EventTime":"2020-09-22 04:22:42","Message":"The handle to an object was closed.\r\n\r\nSubject :\r\n\tSecurity ID:\t\tS-1-5-21-4228717743-1032521047-1810997296-1104\r\n\tAccount Name:\t\tpgustavo\r\n\tAccount Domain:\t\tTHESHIRE\r\n\tLogon ID:\t\t0x10A7DF\r\n\r\nObject:\r\n\tObject Server:\t\tSecurity\r\n\tHandle ID:\t\t0x148\r\n\r\nProcess Information:\r\n\tProcess ID:\t\t0x704\r\n\tProcess Name:\t\tC:\\Windows\\Microsoft.NET\\Framework64\\v4.0.30319\\csc.exe","@timestamp":"2020-09-22T08:22:44.379Z","ObjectServer":"Security","SubjectLogonId":"0x10a7df","SourceModuleType":"im_msvistalog","port":64545,"ProcessName":"C:\\Windows\\Microsoft.NET\\Framework64\\v4.0.30319\\csc.exe","RecordNumber":820503,"SubjectUserName":"pgustavo","Task":12801,"@version":"1","OpcodeValue":0,"SourceModuleName":"eventlog","Severity":"INFO","HandleId":"0x148","SourceName":"Microsoft-Windows-Security-Auditing","Version":0,"Category":"Registry","tags":["mordorDataset"],"Hostname":"WORKSTATION5.theshire.local"}
{"ImageLoaded":"C:\\Windows\\System32\\cryptbase.dll","SeverityValue":2,"EventReceivedTime":"2020-09-22 04:22:44","EventID":7,"ProviderGuid":"{5770385F-C22A-43E0-BF4C-06F5698FFBD9}","ExecutionProcessID":3172,"Channel":"Microsoft-Windows-Sysmon/Operational","host":"wec.internal.cloudapp.net","AccountType":"User","ProcessGuid":"{b34bc01c-b453-5f69-c802-000000000900}","Opcode":"Info","EventTime":"2020-09-22 04:22:43","Signed":"true","SourceModuleType":"im_msvistalog","AccountName":"SYSTEM","Domain":"NT AUTHORITY","@version":"1","OpcodeValue":0,"SignatureStatus":"Valid","Severity":"INFO","Hashes":"SHA1=B6093663113CF33A76156CB3F6D4322514F00E4B,MD5=26887DE7D7D1928F52A452E3A63E55E8,SHA256=EA86D9754164CA2C01B4A7F81188B2490CEE1F350E177861A4702C92DFD6D066,IMPHASH=3F27E242D68FC14338677A25FAE441F7","SourceName":"Microsoft-Windows-Sysmon","Description":"Base cryptographic API DLL","Category":"Image loaded (rule: ImageLoad)","Company":"Microsoft Corporation","Keywords":-9223372036854775808,"FileVersion":"10.0.18362.1 (WinBuild.160101.0800)","UserID":"S-1-5-18","ThreadID":4048,"EventType":"INFO","@timestamp":"2020-09-22T08:22:44.379Z","port":64545,"RecordNumber":3399362,"Task":7,"Signature":"Microsoft Windows","SourceModuleName":"eventlog","Version":3,"Product":"Microsoft Windows Operating System","Image":"C:\\Windows\\Microsoft.NET\\Framework64\\v4.0.30319\\cvtres.exe","OriginalFileName":"cryptbase.dll","UtcTime":"2020-09-22 08:22:43.436","Hostname":"WORKSTATION5.theshire.local","RuleName":"-","tags":["mordorDataset"]}
{"ImageLoaded":"C:\\Windows\\System32\\bcryptprimitives.dll","SeverityValue":2,"EventReceivedTime":"2020-09-22 04:22:44","EventID":7,"ProviderGuid":"{5770385F-C22A-43E0-BF4C-06F5698FFBD9}","ExecutionProcessID":3172,"Channel":"Microsoft-Windows-Sysmon/Operational","host":"wec.internal.cloudapp.net","AccountType":"User","ProcessGuid":"{b34bc01c-b453-5f69-c802-000000000900}","Opcode":"Info","EventTime":"2020-09-22 04:22:43","Signed":"true","SourceModuleType":"im_msvistalog","AccountName":"SYSTEM","Domain":"NT AUTHORITY","@version":"1","OpcodeValue":0,"SignatureStatus":"Valid","Severity":"INFO","Hashes":"SHA1=B4222C8DC3274CFC3FE54F322D827B2F01FFF036,MD5=EF2BBEAFF07D32A2EC77FB4602FA9664,SHA256=6B47F3E88CDEDF8F31F91940E38A4544818C79D153323262F9F46B21F41D262C,IMPHASH=402DA460E2AC467F4489C588A9941032","SourceName":"Microsoft-Windows-Sysmon","Description":"Windows Cryptographic Primitives Library","Category":"Image loaded (rule: ImageLoad)","Company":"Microsoft Corporation","Keywords":-9223372036854775808,"FileVersion":"10.0.18362.836 (WinBuild.160101.0800)","UserID":"S-1-5-18","ThreadID":4048,"EventType":"INFO","@timestamp":"2020-09-22T08:22:44.379Z","port":64545,"RecordNumber":3399363,"Task":7,"Signature":"Microsoft Windows","SourceModuleName":"eventlog","Version":3,"Product":"Microsoft Windows Operating System","Image":"C:\\Windows\\Microsoft.NET\\Framework64\\v4.0.30319\\cvtres.exe","OriginalFileName":"bcryptprimitives.dll","UtcTime":"2020-09-22 08:22:43.436","Hostname":"WORKSTATION5.theshire.local","RuleName":"-","tags":["mordorDataset"]}
{"Keywords":-9214364837600034816,"SeverityValue":2,"SubjectDomainName":"THESHIRE","EventID":4690,"ProviderGuid":"{54849625-5478-4994-A5BA-3E3B0328C30D}","ExecutionProcessID":4,"Channel":"security","host":"wec.internal.cloudapp.net","SubjectUserSid":"S-1-5-21-4228717743-1032521047-1810997296-1104","EventReceivedTime":"2020-09-22 04:22:44","ProcessId":"0x704","ThreadID":6776,"EventType":"AUDIT_SUCCESS","Opcode":"Info","EventTime":"2020-09-22 04:22:42","Message":"An attempt was made to duplicate a handle to an object.\r\n\r\nSubject:\r\n\tSecurity ID:\t\tS-1-5-21-4228717743-1032521047-1810997296-1104\r\n\tAccount Name:\t\tpgustavo\r\n\tAccount Domain:\t\tTHESHIRE\r\n\tLogon ID:\t\t0x10A7DF\r\n\r\nSource Handle Information:\r\n\tSource Handle ID:\t0x170\r\n\tSource Process ID:\t0x704\r\n\r\nNew Handle Information:\r\n\tTarget Handle ID:\t0x24d4\r\n\tTarget Process ID:\t0x4","SourceHandleId":"0x170","TargetHandleId":"0x24d4","@timestamp":"2020-09-22T08:22:44.379Z","SubjectLogonId":"0x10a7df","SourceModuleType":"im_msvistalog","port":64545,"RecordNumber":820504,"SubjectUserName":"pgustavo","SourceProcessId":"0x704","Task":12807,"@version":"1","OpcodeValue":0,"SourceModuleName":"eventlog","Severity":"INFO","SourceName":"Microsoft-Windows-Security-Auditing","Version":0,"TargetProcessId":"0x4","Category":"Handle Manipulation","tags":["mordorDataset"],"Hostname":"WORKSTATION5.theshire.local"}
{"Keywords":-9223372036854775808,"SeverityValue":2,"EventReceivedTime":"2020-09-22 04:22:44","EventID":23,"ProviderGuid":"{5770385F-C22A-43E0-BF4C-06F5698FFBD9}","ExecutionProcessID":3172,"Channel":"Microsoft-Windows-Sysmon/Operational","host":"wec.internal.cloudapp.net","AccountType":"User","UserID":"S-1-5-18","ProcessGuid":"{b34bc01c-b453-5f69-c802-000000000900}","ThreadID":4048,"EventType":"INFO","Opcode":"Info","EventTime":"2020-09-22 04:22:43","@timestamp":"2020-09-22T08:22:44.379Z","TargetFilename":"C:\\Users\\pgustavo\\AppData\\Local\\Temp\\RES4D50.tmp","SourceModuleType":"im_msvistalog","port":64545,"AccountName":"SYSTEM","RecordNumber":3399364,"IsExecutable":"false","Task":23,"Domain":"NT AUTHORITY","@version":"1","OpcodeValue":0,"SourceModuleName":"eventlog","Severity":"INFO","User":"THESHIRE\\pgustavo","Archived":"true","Hashes":"SHA1=DA39A3EE5E6B4B0D3255BFEF95601890AFD80709,MD5=D41D8CD98F00B204E9800998ECF8427E,SHA256=E3B0C44298FC1C149AFBF4C8996FB92427AE41E4649B934CA495991B7852B855,IMPHASH=00000000000000000000000000000000","SourceName":"Microsoft-Windows-Sysmon","Version":5,"Image":"C:\\Windows\\Microsoft.NET\\Framework64\\v4.0.30319\\cvtres.exe","Category":"File Delete (rule: FileDelete)","UtcTime":"2020-09-22 08:22:43.444","Hostname":"WORKSTATION5.theshire.local","RuleName":"-","tags":["mordorDataset"]}
{"Keywords":-9214364837600034816,"SeverityValue":2,"SubjectDomainName":"THESHIRE","EventID":4658,"ProviderGuid":"{54849625-5478-4994-A5BA-3E3B0328C30D}","ExecutionProcessID":4,"Channel":"security","host":"wec.internal.cloudapp.net","SubjectUserSid":"S-1-5-21-4228717743-1032521047-1810997296-1104","EventReceivedTime":"2020-09-22 04:22:44","ProcessId":"0x704","ThreadID":6776,"EventType":"AUDIT_SUCCESS","Opcode":"Info","EventTime":"2020-09-22 04:22:42","Message":"The handle to an object was closed.\r\n\r\nSubject :\r\n\tSecurity ID:\t\tS-1-5-21-4228717743-1032521047-1810997296-1104\r\n\tAccount Name:\t\tpgustavo\r\n\tAccount Domain:\t\tTHESHIRE\r\n\tLogon ID:\t\t0x10A7DF\r\n\r\nObject:\r\n\tObject Server:\t\tSecurity\r\n\tHandle ID:\t\t0x24d4\r\n\r\nProcess Information:\r\n\tProcess ID:\t\t0x704\r\n\tProcess Name:\t\tC:\\Windows\\Microsoft.NET\\Framework64\\v4.0.30319\\csc.exe","@timestamp":"2020-09-22T08:22:44.380Z","ObjectServer":"Security","SubjectLogonId":"0x10a7df","SourceModuleType":"im_msvistalog","port":64545,"ProcessName":"C:\\Windows\\Microsoft.NET\\Framework64\\v4.0.30319\\csc.exe","RecordNumber":820505,"SubjectUserName":"pgustavo","Task":12801,"@version":"1","OpcodeValue":0,"SourceModuleName":"eventlog","Severity":"INFO","HandleId":"0x24d4","SourceName":"Microsoft-Windows-Security-Auditing","Version":0,"Category":"Registry","tags":["mordorDataset"],"Hostname":"WORKSTATION5.theshire.local"}
{"Keywords":-9223372036854775808,"SeverityValue":2,"EventReceivedTime":"2020-09-22 04:22:44","EventID":11,"ProviderGuid":"{5770385F-C22A-43E0-BF4C-06F5698FFBD9}","ExecutionProcessID":3172,"Channel":"Microsoft-Windows-Sysmon/Operational","host":"wec.internal.cloudapp.net","AccountType":"User","UserID":"S-1-5-18","ProcessGuid":"{b34bc01c-b453-5f69-c802-000000000900}","ThreadID":4048,"EventType":"INFO","Opcode":"Info","EventTime":"2020-09-22 04:22:43","@timestamp":"2020-09-22T08:22:44.381Z","TargetFilename":"C:\\Users\\pgustavo\\AppData\\Local\\Temp\\RES4D50.tmp","SourceModuleType":"im_msvistalog","port":64545,"AccountName":"SYSTEM","RecordNumber":3399365,"Task":11,"Domain":"NT AUTHORITY","@version":"1","OpcodeValue":0,"CreationUtcTime":"2020-09-22 08:22:43.444","SourceModuleName":"eventlog","Severity":"INFO","SourceName":"Microsoft-Windows-Sysmon","Version":2,"Image":"C:\\Windows\\Microsoft.NET\\Framework64\\v4.0.30319\\cvtres.exe","Category":"File created (rule: FileCreate)","UtcTime":"2020-09-22 08:22:43.444","Hostname":"WORKSTATION5.theshire.local","RuleName":"-","tags":["mordorDataset"]}
{"SeverityValue":2,"SubjectDomainName":"THESHIRE","EventReceivedTime":"2020-09-22 04:22:44","EventID":4656,"ProviderGuid":"{54849625-5478-4994-A5BA-3E3B0328C30D}","ExecutionProcessID":4,"Channel":"security","host":"wec.internal.cloudapp.net","ProcessId":"0x704","Opcode":"Info","EventTime":"2020-09-22 04:22:42","TransactionId":"{00000000-0000-0000-0000-000000000000}","ObjectServer":"Security","AccessMask":"0x20019","SourceModuleType":"im_msvistalog","ProcessName":"C:\\Windows\\Microsoft.NET\\Framework64\\v4.0.30319\\csc.exe","@version":"1","OpcodeValue":0,"Severity":"INFO","HandleId":"0x170","ObjectName":"\\REGISTRY\\MACHINE\\SOFTWARE\\Microsoft\\.NETFramework","SourceName":"Microsoft-Windows-Security-Auditing","Category":"Registry","Keywords":-9214364837600034816,"ObjectType":"Key","SubjectUserSid":"S-1-5-21-4228717743-1032521047-1810997296-1104","ThreadID":6776,"EventType":"AUDIT_SUCCESS","Message":"A handle to an object was requested.\r\n\r\nSubject:\r\n\tSecurity ID:\t\tS-1-5-21-4228717743-1032521047-1810997296-1104\r\n\tAccount Name:\t\tpgustavo\r\n\tAccount Domain:\t\tTHESHIRE\r\n\tLogon ID:\t\t0x10A7DF\r\n\r\nObject:\r\n\tObject Server:\t\tSecurity\r\n\tObject Type:\t\tKey\r\n\tObject Name:\t\t\\REGISTRY\\MACHINE\\SOFTWARE\\Microsoft\\.NETFramework\r\n\tHandle ID:\t\t0x170\r\n\tResource Attributes:\t-\r\n\r\nProcess Information:\r\n\tProcess ID:\t\t0x704\r\n\tProcess Name:\t\tC:\\Windows\\Microsoft.NET\\Framework64\\v4.0.30319\\csc.exe\r\n\r\nAccess Request Information:\r\n\tTransaction ID:\t\t{00000000-0000-0000-0000-000000000000}\r\n\tAccesses:\t\tREAD_CONTROL\r\n\t\t\t\tQuery key value\r\n\t\t\t\tEnumerate sub-keys\r\n\t\t\t\tNotify about changes to keys\r\n\t\t\t\t\r\n\tAccess Reasons:\t\t-\r\n\tAccess Mask:\t\t0x20019\r\n\tPrivileges Used for Access Check:\t-\r\n\tRestricted SID Count:\t0","AccessReason":"-","PrivilegeList":"-","@timestamp":"2020-09-22T08:22:44.381Z","SubjectLogonId":"0x10a7df","port":64545,"RecordNumber":820506,"SubjectUserName":"pgustavo","Task":12801,"SourceModuleName":"eventlog","Version":1,"AccessList":"%%1538\r\n\t\t\t\t%%4432\r\n\t\t\t\t%%4435\r\n\t\t\t\t%%4436\r\n\t\t\t\t","RestrictedSidCount":"0","ResourceAttributes":"-","Hostname":"WORKSTATION5.theshire.local","tags":["mordorDataset"]}
{"Keywords":-9214364837600034816,"SeverityValue":2,"SubjectDomainName":"THESHIRE","EventID":4690,"ProviderGuid":"{54849625-5478-4994-A5BA-3E3B0328C30D}","ExecutionProcessID":4,"Channel":"security","host":"wec.internal.cloudapp.net","SubjectUserSid":"S-1-5-21-4228717743-1032521047-1810997296-1104","EventReceivedTime":"2020-09-22 04:22:44","ProcessId":"0x704","ThreadID":6776,"EventType":"AUDIT_SUCCESS","Opcode":"Info","EventTime":"2020-09-22 04:22:42","Message":"An attempt was made to duplicate a handle to an object.\r\n\r\nSubject:\r\n\tSecurity ID:\t\tS-1-5-21-4228717743-1032521047-1810997296-1104\r\n\tAccount Name:\t\tpgustavo\r\n\tAccount Domain:\t\tTHESHIRE\r\n\tLogon ID:\t\t0x10A7DF\r\n\r\nSource Handle Information:\r\n\tSource Handle ID:\t0x174\r\n\tSource Process ID:\t0x704\r\n\r\nNew Handle Information:\r\n\tTarget Handle ID:\t0x24d4\r\n\tTarget Process ID:\t0x4","SourceHandleId":"0x174","TargetHandleId":"0x24d4","@timestamp":"2020-09-22T08:22:44.381Z","SubjectLogonId":"0x10a7df","SourceModuleType":"im_msvistalog","port":64545,"RecordNumber":820507,"SubjectUserName":"pgustavo","SourceProcessId":"0x704","Task":12807,"@version":"1","OpcodeValue":0,"SourceModuleName":"eventlog","Severity":"INFO","SourceName":"Microsoft-Windows-Security-Auditing","Version":0,"TargetProcessId":"0x4","Category":"Handle Manipulation","tags":["mordorDataset"],"Hostname":"WORKSTATION5.theshire.local"}
{"ImageLoaded":"C:\\Windows\\System32\\kernel.appcore.dll","SeverityValue":2,"EventReceivedTime":"2020-09-22 04:22:44","EventID":7,"ProviderGuid":"{5770385F-C22A-43E0-BF4C-06F5698FFBD9}","ExecutionProcessID":3172,"Channel":"Microsoft-Windows-Sysmon/Operational","host":"wec.internal.cloudapp.net","AccountType":"User","ProcessGuid":"{b34bc01c-b453-5f69-c802-000000000900}","Opcode":"Info","EventTime":"2020-09-22 04:22:43","Signed":"true","SourceModuleType":"im_msvistalog","AccountName":"SYSTEM","Domain":"NT AUTHORITY","@version":"1","OpcodeValue":0,"SignatureStatus":"Valid","Severity":"INFO","Hashes":"SHA1=4985EC8C3309DB6CCCCFD4D18423A84E37BEC172,MD5=EDF981437C0FD1B9DBF9EA42CE97CE60,SHA256=42164F81BC8FC2D0A6B71DAA492BE6A6D4785821AA4FDCA27B9273721EDB23D9,IMPHASH=8899216954AA228EAA7E8EEDC31DBC03","SourceName":"Microsoft-Windows-Sysmon","Description":"AppModel API Host","Category":"Image loaded (rule: ImageLoad)","Company":"Microsoft Corporation","Keywords":-9223372036854775808,"FileVersion":"10.0.18362.1 (WinBuild.160101.0800)","UserID":"S-1-5-18","ThreadID":4048,"EventType":"INFO","@timestamp":"2020-09-22T08:22:44.382Z","port":64545,"RecordNumber":3399366,"Task":7,"Signature":"Microsoft Windows","SourceModuleName":"eventlog","Version":3,"Product":"Microsoft Windows Operating System","Image":"C:\\Windows\\Microsoft.NET\\Framework64\\v4.0.30319\\cvtres.exe","OriginalFileName":"kernel.appcore.dll","UtcTime":"2020-09-22 08:22:43.444","Hostname":"WORKSTATION5.theshire.local","RuleName":"-","tags":["mordorDataset"]}
{"Keywords":-9214364837600034816,"SeverityValue":2,"SubjectDomainName":"THESHIRE","EventID":4658,"ProviderGuid":"{54849625-5478-4994-A5BA-3E3B0328C30D}","ExecutionProcessID":4,"Channel":"security","host":"wec.internal.cloudapp.net","SubjectUserSid":"S-1-5-21-4228717743-1032521047-1810997296-1104","EventReceivedTime":"2020-09-22 04:22:44","ProcessId":"0x704","ThreadID":6776,"EventType":"AUDIT_SUCCESS","Opcode":"Info","EventTime":"2020-09-22 04:22:42","Message":"The handle to an object was closed.\r\n\r\nSubject :\r\n\tSecurity ID:\t\tS-1-5-21-4228717743-1032521047-1810997296-1104\r\n\tAccount Name:\t\tpgustavo\r\n\tAccount Domain:\t\tTHESHIRE\r\n\tLogon ID:\t\t0x10A7DF\r\n\r\nObject:\r\n\tObject Server:\t\tSecurity\r\n\tHandle ID:\t\t0x24d4\r\n\r\nProcess Information:\r\n\tProcess ID:\t\t0x704\r\n\tProcess Name:\t\tC:\\Windows\\Microsoft.NET\\Framework64\\v4.0.30319\\csc.exe","@timestamp":"2020-09-22T08:22:44.382Z","ObjectServer":"Security","SubjectLogonId":"0x10a7df","SourceModuleType":"im_msvistalog","port":64545,"ProcessName":"C:\\Windows\\Microsoft.NET\\Framework64\\v4.0.30319\\csc.exe","RecordNumber":820508,"SubjectUserName":"pgustavo","Task":12801,"@version":"1","OpcodeValue":0,"SourceModuleName":"eventlog","Severity":"INFO","HandleId":"0x24d4","SourceName":"Microsoft-Windows-Security-Auditing","Version":0,"Category":"Registry","tags":["mordorDataset"],"Hostname":"WORKSTATION5.theshire.local"}
