{"ImageLoaded":"C:\\Windows\\System32\\kernel.appcore.dll","SeverityValue":2,"EventReceivedTime":"2020-09-22 04:22:44","EventID":7,"ProviderGuid":"{5770385F-C22A-43E0-BF4C-06F5698FFBD9}","ExecutionProcessID":3172,"Channel":"Microsoft-Windows-Sysmon/Operational","host":"wec.internal.cloudapp.net","AccountType":"User","ProcessGuid":"{b34bc01c-b453-5f69-ca02-000000000900}","Opcode":"Info","EventTime":"2020-09-22 04:22:43","Signed":"true","SourceModuleType":"im_msvistalog","AccountName":"SYSTEM","Domain":"NT AUTHORITY","@version":"1","OpcodeValue":0,"SignatureStatus":"Valid","Severity":"INFO","Hashes":"SHA1=4985EC8C3309DB6CCCCFD4D18423A84E37BEC172,MD5=EDF981437C0FD1B9DBF9EA42CE97CE60,SHA256=42164F81BC8FC2D0A6B71DAA492BE6A6D4785821AA4FDCA27B9273721EDB23D9,IMPHASH=8899216954AA228EAA7E8EEDC31DBC03","SourceName":"Microsoft-Windows-Sysmon","Description":"AppModel API Host","Category":"Image loaded (rule: ImageLoad)","Company":"Microsoft Corporation","Keywords":-9223372036854775808,"FileVersion":"10.0.18362.1 (WinBuild.160101.0800)","UserID":"S-1-5-18","ThreadID":4048,"EventType":"INFO","@timestamp":"2020-09-22T08:22:44.516Z","port":64545,"RecordNumber":3399474,"Task":7,"Signature":"Microsoft Windows","SourceModuleName":"eventlog","Version":3,"Product":"Microsoft Windows Operating System","Image":"C:\\Windows\\Microsoft.NET\\Framework64\\v4.0.30319\\cvtres.exe","OriginalFileName":"kernel.appcore.dll","UtcTime":"2020-09-22 08:22:43.663","Hostname":"WORKSTATION5.theshire.local","RuleName":"-","tags":["mordorDataset"]}
{"Keywords":-9214364837600034816,"SeverityValue":2,"SubjectDomainName":"THESHIRE","EventID":4690,"ProviderGuid":"{54849625-5478-4994-A5BA-3E3B0328C30D}","ExecutionProcessID":4,"Channel":"security","host":"wec.internal.cloudapp.net","SubjectUserSid":"S-1-5-21-4228717743-1032521047-1810997296-1104","EventReceivedTime":"2020-09-22 04:22:44","ProcessId":"0x1b98","ThreadID":3484,"EventType":"AUDIT_SUCCESS","Opcode":"Info","EventTime":"2020-09-22 04:22:43","Message":"An attempt was made to duplicate a handle to an object.\r\n\r\nSubject:\r\n\tSecurity ID:\t\tS-1-5-21-4228717743-1032521047-1810997296-1104\r\n\tAccount Name:\t\tpgustavo\r\n\tAccount Domain:\t\tTHESHIRE\r\n\tLogon ID:\t\t0x10A7DF\r\n\r\nSource Handle Information:\r\n\tSource Handle ID:\t0x168\r\n\tSource Process ID:\t0x1b98\r\n\r\nNew Handle Information:\r\n\tTarget Handle ID:\t0x18c0\r\n\tTarget Process ID:\t0x4","SourceHandleId":"0x168","TargetHandleId":"0x18c0","@timestamp":"2020-09-22T08:22:44.516Z","SubjectLogonId":"0x10a7df","SourceModuleType":"im_msvistalog","port":64545,"RecordNumber":820619,"SubjectUserName":"pgustavo","SourceProcessId":"0x1b98","Task":12807,"@version":"1","OpcodeValue":0,"SourceModuleName":"eventlog","Severity":"INFO","SourceName":"Microsoft-Windows-Security-Auditing","Version":0,"TargetProcessId":"0x4","Category":"Handle Manipulation","tags":["mordorDataset"],"Hostname":"WORKSTATION5.theshire.local"}
{"Keywords":-9223372036854775808,"SeverityValue":2,"EventReceivedTime":"2020-09-22 04:22:44","EventID":5,"ProviderGuid":"{5770385F-C22A-43E0-BF4C-06F5698FFBD9}","ExecutionProcessID":3172,"Channel":"Microsoft-Windows-Sysmon/Operational","host":"wec.internal.cloudapp.net","AccountType":"User","UserID":"S-1-5-18","ProcessGuid":"{b34bc01c-b453-5f69-ca02-000000000900}","ThreadID":4048,"EventType":"INFO","Opcode":"Info","EventTime":"2020-09-22 04:22:43","@timestamp":"2020-09-22T08:22:44.517Z","SourceModuleType":"im_msvistalog","port":64545,"AccountName":"SYSTEM","RecordNumber":3399475,"Task":5,"Domain":"NT AUTHORITY","@version":"1","OpcodeValue":0,"SourceModuleName":"eventlog","Severity":"INFO","SourceName":"Microsoft-Windows-Sysmon","Version":3,"Image":"C:\\Windows\\Microsoft.NET\\Framework64\\v4.0.30319\\cvtres.exe","Category":"Process terminated (rule: ProcessTerminate)","UtcTime":"2020-09-22 08:22:43.663","Hostname":"WORKSTATION5.theshire.local","RuleName":"-","tags":["mordorDataset"]}
{"Keywords":-9214364837600034816,"SeverityValue":2,"SubjectDomainName":"THESHIRE","EventID":4658,"ProviderGuid":"{54849625-5478-4994-A5BA-3E3B0328C30D}","ExecutionProcessID":4,"Channel":"security","host":"wec.internal.cloudapp.net","SubjectUserSid":"S-1-5-21-4228717743-1032521047-1810997296-1104","EventReceivedTime":"2020-09-22 04:22:44","ProcessId":"0x1b98","ThreadID":3484,"EventType":"AUDIT_SUCCESS","Opcode":"Info","EventTime":"2020-09-22 04:22:43","Message":"The handle to an object was closed.\r\n\r\nSubject :\r\n\tSecurity ID:\t\tS-1-5-21-4228717743-1032521047-1810997296-1104\r\n\tAccount Name:\t\tpgustavo\r\n\tAccount Domain:\t\tTHESHIRE\r\n\tLogon ID:\t\t0x10A7DF\r\n\r\nObject:\r\n\tObject Server:\t\tSecurity\r\n\tHandle ID:\t\t0x18c0\r\n\r\nProcess Information:\r\n\tProcess ID:\t\t0x1b98\r\n\tProcess Name:\t\tC:\\Windows\\Microsoft.NET\\Framework64\\v4.0.30319\\csc.exe","@timestamp":"2020-09-22T08:22:44.517Z","ObjectServer":"Security","SubjectLogonId":"0x10a7df","SourceModuleType":"im_msvistalog","port":64545,"ProcessName":"C:\\Windows\\Microsoft.NET\\Framework64\\v4.0.30319\\csc.exe","RecordNumber":820620,"SubjectUserName":"pgustavo","Task":12801,"@version":"1","OpcodeValue":0,"SourceModuleName":"eventlog","Severity":"INFO","HandleId":"0x18c0","SourceName":"Microsoft-Windows-Security-Auditing","Version":0,"Category":"Registry","tags":["mordorDataset"],"Hostname":"WORKSTATION5.theshire.local"}
{"Keywords":-9223372036854775808,"SeverityValue":2,"EventReceivedTime":"2020-09-22 04:22:44","EventID":23,"ProviderGuid":"{5770385F-C22A-43E0-BF4C-06F5698FFBD9}","ExecutionProcessID":3172,"Channel":"Microsoft-Windows-Sysmon/Operational","host":"wec.internal.cloudapp.net","AccountType":"User","UserID":"S-1-5-18","ProcessGuid":"{b34bc01c-b453-5f69-c902-000000000900}","ThreadID":4048,"EventType":"INFO","Opcode":"Info","EventTime":"2020-09-22 04:22:43","@timestamp":"2020-09-22T08:22:44.518Z","TargetFilename":"C:\\Users\\pgustavo\\AppData\\Local\\Temp\\RES4E3A.tmp","SourceModuleType":"im_msvistalog","port":64545,"AccountName":"SYSTEM","RecordNumber":3399476,"IsExecutable":"false","Task":23,"Domain":"NT AUTHORITY","@version":"1","OpcodeValue":0,"SourceModuleName":"eventlog","Severity":"INFO","User":"THESHIRE\\pgustavo","Archived":"true","Hashes":"SHA1=6DA4BCC38C7D400443B60794DB1563B897B64719,MD5=6C183A74E81A539A6A56A50F4383E555,SHA256=17DE5921CCC88350F30A7A74876D89AEF15A426D2215737BB27917C549166512,IMPHASH=00000000000000000000000000000000","SourceName":"Microsoft-Windows-Sysmon","Version":5,"Image":"C:\\Windows\\Microsoft.NET\\Framework64\\v4.0.30319\\csc.exe","Category":"File Delete (rule: FileDelete)","UtcTime":"2020-09-22 08:22:43.663","Hostname":"WORKSTATION5.theshire.local","RuleName":"-","tags":["mordorDataset"]}
{"SeverityValue":2,"SubjectDomainName":"THESHIRE","EventReceivedTime":"2020-09-22 04:22:44","EventID":4656,"ProviderGuid":"{54849625-5478-4994-A5BA-3E3B0328C30D}","ExecutionProcessID":4,"Channel":"security","host":"wec.internal.cloudapp.net","ProcessId":"0x1b98","Opcode":"Info","EventTime":"2020-09-22 04:22:43","TransactionId":"{00000000-0000-0000-0000-000000000000}","ObjectServer":"Security","AccessMask":"0x20019","SourceModuleType":"im_msvistalog","ProcessName":"C:\\Windows\\Microsoft.NET\\Framework64\\v4.0.30319\\csc.exe","@version":"1","OpcodeValue":0,"Severity":"INFO","HandleId":"0x168","ObjectName":"\\REGISTRY\\MACHINE\\SOFTWARE\\Microsoft\\.NETFramework","SourceName":"Microsoft-Windows-Security-Auditing","Category":"Registry","Keywords":-9214364837600034816,"ObjectType":"Key","SubjectUserSid":"S-1-5-21-4228717743-1032521047-1810997296-1104","ThreadID":3484,"EventType":"AUDIT_SUCCESS","Message":"A handle to an object was requested.\r\n\r\nSubject:\r\n\tSecurity ID:\t\tS-1-5-21-4228717743-1032521047-1810997296-1104\r\n\tAccount Name:\t\tpgustavo\r\n\tAccount Domain:\t\tTHESHIRE\r\n\tLogon ID:\t\t0x10A7DF\r\n\r\nObject:\r\n\tObject Server:\t\tSecurity\r\n\tObject Type:\t\tKey\r\n\tObject Name:\t\t\\REGISTRY\\MACHINE\\SOFTWARE\\Microsoft\\.NETFramework\r\n\tHandle ID:\t\t0x168\r\n\tResource Attributes:\t-\r\n\r\nProcess Information:\r\n\tProcess ID:\t\t0x1b98\r\n\tProcess Name:\t\tC:\\Windows\\Microsoft.NET\\Framework64\\v4.0.30319\\csc.exe\r\n\r\nAccess Request Information:\r\n\tTransaction ID:\t\t{00000000-0000-0000-0000-000000000000}\r\n\tAccesses:\t\tREAD_CONTROL\r\n\t\t\t\tQuery key value\r\n\t\t\t\tEnumerate sub-keys\r\n\t\t\t\tNotify about changes to keys\r\n\t\t\t\t\r\n\tAccess Reasons:\t\t-\r\n\tAccess Mask:\t\t0x20019\r\n\tPrivileges Used for Access Check:\t-\r\n\tRestricted SID Count:\t0","AccessReason":"-","PrivilegeList":"-","@timestamp":"2020-09-22T08:22:44.518Z","SubjectLogonId":"0x10a7df","port":64545,"RecordNumber":820621,"SubjectUserName":"pgustavo","Task":12801,"SourceModuleName":"eventlog","Version":1,"AccessList":"%%1538\r\n\t\t\t\t%%4432\r\n\t\t\t\t%%4435\r\n\t\t\t\t%%4436\r\n\t\t\t\t","RestrictedSidCount":"0","ResourceAttributes":"-","Hostname":"WORKSTATION5.theshire.local","tags":["mordorDataset"]}
{"Keywords":-9223372036854775808,"SeverityValue":2,"EventReceivedTime":"2020-09-22 04:22:44","EventID":23,"ProviderGuid":"{5770385F-C22A-43E0-BF4C-06F5698FFBD9}","ExecutionProcessID":3172,"Channel":"Microsoft-Windows-Sysmon/Operational","host":"wec.internal.cloudapp.net","AccountType":"User","UserID":"S-1-5-18","ProcessGuid":"{b34bc01c-b453-5f69-c902-000000000900}","ThreadID":4048,"EventType":"INFO","Opcode":"Info","EventTime":"2020-09-22 04:22:43","@timestamp":"2020-09-22T08:22:44.519Z","TargetFilename":"C:\\Users\\pgustavo\\AppData\\Local\\Temp\\tbj1ab1i\\tbj1ab1i.dll","SourceModuleType":"im_msvistalog","port":64545,"AccountName":"SYSTEM","RecordNumber":3399477,"IsExecutable":"false","Task":23,"Domain":"NT AUTHORITY","@version":"1","OpcodeValue":0,"SourceModuleName":"eventlog","Severity":"INFO","User":"THESHIRE\\pgustavo","Archived":"true","Hashes":"SHA1=DA39A3EE5E6B4B0D3255BFEF95601890AFD80709,MD5=D41D8CD98F00B204E9800998ECF8427E,SHA256=E3B0C44298FC1C149AFBF4C8996FB92427AE41E4649B934CA495991B7852B855,IMPHASH=00000000000000000000000000000000","SourceName":"Microsoft-Windows-Sysmon","Version":5,"Image":"C:\\Windows\\Microsoft.NET\\Framework64\\v4.0.30319\\csc.exe","Category":"File Delete (rule: FileDelete)","UtcTime":"2020-09-22 08:22:43.663","Hostname":"WORKSTATION5.theshire.local","RuleName":"-","tags":["mordorDataset"]}
{"Keywords":-9214364837600034816,"SeverityValue":2,"SubjectDomainName":"THESHIRE","EventID":4658,"ProviderGuid":"{54849625-5478-4994-A5BA-3E3B0328C30D}","ExecutionProcessID":4,"Channel":"security","host":"wec.internal.cloudapp.net","SubjectUserSid":"S-1-5-21-4228717743-1032521047-1810997296-1104","EventReceivedTime":"2020-09-22 04:22:44","ProcessId":"0x1b98","ThreadID":3484,"EventType":"AUDIT_SUCCESS","Opcode":"Info","EventTime":"2020-09-22 04:22:43","Message":"The handle to an object was closed.\r\n\r\nSubject :\r\n\tSecurity ID:\t\tS-1-5-21-4228717743-1032521047-1810997296-1104\r\n\tAccount Name:\t\tpgustavo\r\n\tAccount Domain:\t\tTHESHIRE\r\n\tLogon ID:\t\t0x10A7DF\r\n\r\nObject:\r\n\tObject Server:\t\tSecurity\r\n\tHandle ID:\t\t0x168\r\n\r\nProcess Information:\r\n\tProcess ID:\t\t0x1b98\r\n\tProcess Name:\t\tC:\\Windows\\Microsoft.NET\\Framework64\\v4.0.30319\\csc.exe","@timestamp":"2020-09-22T08:22:44.519Z","ObjectServer":"Security","SubjectLogonId":"0x10a7df","SourceModuleType":"im_msvistalog","port":64545,"ProcessName":"C:\\Windows\\Microsoft.NET\\Framework64\\v4.0.30319\\csc.exe","RecordNumber":820622,"SubjectUserName":"pgustavo","Task":12801,"@version":"1","OpcodeValue":0,"SourceModuleName":"eventlog","Severity":"INFO","HandleId":"0x168","SourceName":"Microsoft-Windows-Security-Auditing","Version":0,"Category":"Registry","tags":["mordorDataset"],"Hostname":"WORKSTATION5.theshire.local"}
{"Keywords":-9223372036854775808,"SeverityValue":2,"EventReceivedTime":"2020-09-22 04:22:44","EventID":11,"ProviderGuid":"{5770385F-C22A-43E0-BF4C-06F5698FFBD9}","ExecutionProcessID":3172,"Channel":"Microsoft-Windows-Sysmon/Operational","host":"wec.internal.cloudapp.net","AccountType":"User","UserID":"S-1-5-18","ProcessGuid":"{b34bc01c-b453-5f69-c902-000000000900}","ThreadID":4048,"EventType":"INFO","Opcode":"Info","EventTime":"2020-09-22 04:22:43","@timestamp":"2020-09-22T08:22:44.520Z","TargetFilename":"C:\\Users\\pgustavo\\AppData\\Local\\Temp\\tbj1ab1i\\tbj1ab1i.dll","SourceModuleType":"im_msvistalog","port":64545,"AccountName":"SYSTEM","RecordNumber":3399478,"Task":11,"Domain":"NT AUTHORITY","@version":"1","OpcodeValue":0,"CreationUtcTime":"2020-09-22 08:22:43.663","SourceModuleName":"eventlog","Severity":"INFO","SourceName":"Microsoft-Windows-Sysmon","Version":2,"Image":"C:\\Windows\\Microsoft.NET\\Framework64\\v4.0.30319\\csc.exe","Category":"File created (rule: FileCreate)","UtcTime":"2020-09-22 08:22:43.663","Hostname":"WORKSTATION5.theshire.local","RuleName":"-","tags":["mordorDataset"]}
{"Keywords":-9214364837600034816,"SeverityValue":2,"SubjectDomainName":"THESHIRE","EventID":4690,"ProviderGuid":"{54849625-5478-4994-A5BA-3E3B0328C30D}","ExecutionProcessID":4,"Channel":"security","host":"wec.internal.cloudapp.net","SubjectUserSid":"S-1-5-21-4228717743-1032521047-1810997296-1104","EventReceivedTime":"2020-09-22 04:22:44","ProcessId":"0x1b98","ThreadID":3484,"EventType":"AUDIT_SUCCESS","Opcode":"Info","EventTime":"2020-09-22 04:22:43","Message":"An attempt was made to duplicate a handle to an object.\r\n\r\nSubject:\r\n\tSecurity ID:\t\tS-1-5-21-4228717743-1032521047-1810997296-1104\r\n\tAccount Name:\t\tpgustavo\r\n\tAccount Domain:\t\tTHESHIRE\r\n\tLogon ID:\t\t0x10A7DF\r\n\r\nSource Handle Information:\r\n\tSource Handle ID:\t0x164\r\n\tSource Process ID:\t0x1b98\r\n\r\nNew Handle Information:\r\n\tTarget Handle ID:\t0x18c0\r\n\tTarget Process ID:\t0x4","SourceHandleId":"0x164","TargetHandleId":"0x18c0","@timestamp":"2020-09-22T08:22:44.520Z","SubjectLogonId":"0x10a7df","SourceModuleType":"im_msvistalog","port":64545,"RecordNumber":820623,"SubjectUserName":"pgustavo","SourceProcessId":"0x1b98","Task":12807,"@version":"1","OpcodeValue":0,"SourceModuleName":"eventlog","Severity":"INFO","SourceName":"Microsoft-Windows-Security-Auditing","Version":0,"TargetProcessId":"0x4","Category":"Handle Manipulation","tags":["mordorDataset"],"Hostname":"WORKSTATION5.theshire.local"}
{"Keywords":-9223372036854775808,"SeverityValue":2,"EventReceivedTime":"2020-09-22 04:22:44","EventID":11,"ProviderGuid":"{5770385F-C22A-43E0-BF4C-06F5698FFBD9}","ExecutionProcessID":3172,"Channel":"Microsoft-Windows-Sysmon/Operational","host":"wec.internal.cloudapp.net","AccountType":"User","UserID":"S-1-5-18","ProcessGuid":"{b34bc01c-226f-5f69-2e00-000000000900}","ThreadID":4048,"EventType":"INFO","Opcode":"Info","EventTime":"2020-09-22 04:22:43","@timestamp":"2020-09-22T08:22:44.520Z","TargetFilename":"C:\\Windows\\Prefetch\\CVTRES.EXE-F2B7602E.pf","SourceModuleType":"im_msvistalog","port":64545,"AccountName":"SYSTEM","RecordNumber":3399479,"Task":11,"Domain":"NT AUTHORITY","@version":"1","OpcodeValue":0,"CreationUtcTime":"2020-09-22 08:22:43.272","SourceModuleName":"eventlog","Severity":"INFO","SourceName":"Microsoft-Windows-Sysmon","Version":2,"Image":"C:\\windows\\system32\\svchost.exe","Category":"File created (rule: FileCreate)","UtcTime":"2020-09-22 08:22:43.663","Hostname":"WORKSTATION5.theshire.local","RuleName":"-","tags":["mordorDataset"]}
{"Keywords":-9214364837600034816,"SeverityValue":2,"SubjectDomainName":"THESHIRE","EventID":4658,"ProviderGuid":"{54849625-5478-4994-A5BA-3E3B0328C30D}","ExecutionProcessID":4,"Channel":"security","host":"wec.internal.cloudapp.net","SubjectUserSid":"S-1-5-21-4228717743-1032521047-1810997296-1104","EventReceivedTime":"2020-09-22 04:22:44","ProcessId":"0x1b98","ThreadID":3484,"EventType":"AUDIT_SUCCESS","Opcode":"Info","EventTime":"2020-09-22 04:22:43","Message":"The handle to an object was closed.\r\n\r\nSubject :\r\n\tSecurity ID:\t\tS-1-5-21-4228717743-1032521047-1810997296-1104\r\n\tAccount Name:\t\tpgustavo\r\n\tAccount Domain:\t\tTHESHIRE\r\n\tLogon ID:\t\t0x10A7DF\r\n\r\nObject:\r\n\tObject Server:\t\tSecurity\r\n\tHandle ID:\t\t0x18c0\r\n\r\nProcess Information:\r\n\tProcess ID:\t\t0x1b98\r\n\tProcess Name:\t\tC:\\Windows\\Microsoft.NET\\Framework64\\v4.0.30319\\csc.exe","@timestamp":"2020-09-22T08:22:44.520Z","ObjectServer":"Security","SubjectLogonId":"0x10a7df","SourceModuleType":"im_msvistalog","port":64545,"ProcessName":"C:\\Windows\\Microsoft.NET\\Framework64\\v4.0.30319\\csc.exe","RecordNumber":820624,"SubjectUserName":"pgustavo","Task":12801,"@version":"1","OpcodeValue":0,"SourceModuleName":"eventlog","Severity":"INFO","HandleId":"0x18c0","SourceName":"Microsoft-Windows-Security-Auditing","Version":0,"Category":"Registry","tags":["mordorDataset"],"Hostname":"WORKSTATION5.theshire.local"}
{"Keywords":-9223372036854775808,"SeverityValue":2,"EventReceivedTime":"2020-09-22 04:22:44","EventID":23,"ProviderGuid":"{5770385F-C22A-43E0-BF4C-06F5698FFBD9}","ExecutionProcessID":3172,"Channel":"Microsoft-Windows-Sysmon/Operational","host":"wec.internal.cloudapp.net","AccountType":"User","UserID":"S-1-5-18","ProcessGuid":"{b34bc01c-b453-5f69-c902-000000000900}","ThreadID":4048,"EventType":"INFO","Opcode":"Info","EventTime":"2020-09-22 04:22:43","@timestamp":"2020-09-22T08:22:44.521Z","TargetFilename":"C:\\Users\\pgustavo\\AppData\\Local\\Temp\\tbj1ab1i\\CSC176E7C2999C24E898E3F62FDA0FD3AC2.TMP","SourceModuleType":"im_msvistalog","port":64545,"AccountName":"SYSTEM","RecordNumber":3399480,"IsExecutable":"false","Task":23,"Domain":"NT AUTHORITY","@version":"1","OpcodeValue":0,"SourceModuleName":"eventlog","Severity":"INFO","User":"THESHIRE\\pgustavo","Archived":"true","Hashes":"SHA1=36A395B3B403B52C07D612E4FF76C4E443D70403,MD5=5B09FCBD2A1C31442CBF8C39C5084E5F,SHA256=218799CA8FB55B93B4A1A215A9D496B83261A88AAE2BB0CB5C5199D8B8650B39,IMPHASH=00000000000000000000000000000000","SourceName":"Microsoft-Windows-Sysmon","Version":5,"Image":"C:\\Windows\\Microsoft.NET\\Framework64\\v4.0.30319\\csc.exe","Category":"File Delete (rule: FileDelete)","UtcTime":"2020-09-22 08:22:43.663","Hostname":"WORKSTATION5.theshire.local","RuleName":"-","tags":["mordorDataset"]}
{"SeverityValue":2,"SubjectDomainName":"THESHIRE","EventReceivedTime":"2020-09-22 04:22:44","EventID":4656,"ProviderGuid":"{54849625-5478-4994-A5BA-3E3B0328C30D}","ExecutionProcessID":4,"Channel":"security","host":"wec.internal.cloudapp.net","ProcessId":"0x1b98","Opcode":"Info","EventTime":"2020-09-22 04:22:43","TransactionId":"{00000000-0000-0000-0000-000000000000}","ObjectServer":"Security","AccessMask":"0x20019","SourceModuleType":"im_msvistalog","ProcessName":"C:\\Windows\\Microsoft.NET\\Framework64\\v4.0.30319\\csc.exe","@version":"1","OpcodeValue":0,"Severity":"INFO","HandleId":"0x164","ObjectName":"\\REGISTRY\\MACHINE\\SOFTWARE\\Microsoft\\.NETFramework","SourceName":"Microsoft-Windows-Security-Auditing","Category":"Registry","Keywords":-9214364837600034816,"ObjectType":"Key","SubjectUserSid":"S-1-5-21-4228717743-1032521047-1810997296-1104","ThreadID":3484,"EventType":"AUDIT_SUCCESS","Message":"A handle to an object was requested.\r\n\r\nSubject:\r\n\tSecurity ID:\t\tS-1-5-21-4228717743-1032521047-1810997296-1104\r\n\tAccount Name:\t\tpgustavo\r\n\tAccount Domain:\t\tTHESHIRE\r\n\tLogon ID:\t\t0x10A7DF\r\n\r\nObject:\r\n\tObject Server:\t\tSecurity\r\n\tObject Type:\t\tKey\r\n\tObject Name:\t\t\\REGISTRY\\MACHINE\\SOFTWARE\\Microsoft\\.NETFramework\r\n\tHandle ID:\t\t0x164\r\n\tResource Attributes:\t-\r\n\r\nProcess Information:\r\n\tProcess ID:\t\t0x1b98\r\n\tProcess Name:\t\tC:\\Windows\\Microsoft.NET\\Framework64\\v4.0.30319\\csc.exe\r\n\r\nAccess Request Information:\r\n\tTransaction ID:\t\t{00000000-0000-0000-0000-000000000000}\r\n\tAccesses:\t\tREAD_CONTROL\r\n\t\t\t\tQuery key value\r\n\t\t\t\tEnumerate sub-keys\r\n\t\t\t\tNotify about changes to keys\r\n\t\t\t\t\r\n\tAccess Reasons:\t\t-\r\n\tAccess Mask:\t\t0x20019\r\n\tPrivileges Used for Access Check:\t-\r\n\tRestricted SID Count:\t0","AccessReason":"-","PrivilegeList":"-","@timestamp":"2020-09-22T08:22:44.521Z","SubjectLogonId":"0x10a7df","port":64545,"RecordNumber":820625,"SubjectUserName":"pgustavo","Task":12801,"SourceModuleName":"eventlog","Version":1,"AccessList":"%%1538\r\n\t\t\t\t%%4432\r\n\t\t\t\t%%4435\r\n\t\t\t\t%%4436\r\n\t\t\t\t","RestrictedSidCount":"0","ResourceAttributes":"-","Hostname":"WORKSTATION5.theshire.local","tags":["mordorDataset"]}
{"Keywords":-9223372036854775808,"SeverityValue":2,"EventReceivedTime":"2020-09-22 04:22:44","EventID":5,"ProviderGuid":"{5770385F-C22A-43E0-BF4C-06F5698FFBD9}","ExecutionProcessID":3172,"Channel":"Microsoft-Windows-Sysmon/Operational","host":"wec.internal.cloudapp.net","AccountType":"User","UserID":"S-1-5-18","ProcessGuid":"{b34bc01c-b453-5f69-c902-000000000900}","ThreadID":4048,"EventType":"INFO","Opcode":"Info","EventTime":"2020-09-22 04:22:43","@timestamp":"2020-09-22T08:22:44.522Z","SourceModuleType":"im_msvistalog","port":64545,"AccountName":"SYSTEM","RecordNumber":3399481,"Task":5,"Domain":"NT AUTHORITY","@version":"1","OpcodeValue":0,"SourceModuleName":"eventlog","Severity":"INFO","SourceName":"Microsoft-Windows-Sysmon","Version":3,"Image":"C:\\Windows\\Microsoft.NET\\Framework64\\v4.0.30319\\csc.exe","Category":"Process terminated (rule: ProcessTerminate)","UtcTime":"2020-09-22 08:22:43.663","Hostname":"WORKSTATION5.theshire.local","RuleName":"-","tags":["mordorDataset"]}
{"Keywords":-9214364837600034816,"SeverityValue":2,"SubjectDomainName":"THESHIRE","EventID":4658,"ProviderGuid":"{54849625-5478-4994-A5BA-3E3B0328C30D}","ExecutionProcessID":4,"Channel":"security","host":"wec.internal.cloudapp.net","SubjectUserSid":"S-1-5-21-4228717743-1032521047-1810997296-1104","EventReceivedTime":"2020-09-22 04:22:44","ProcessId":"0x1b98","ThreadID":3484,"EventType":"AUDIT_SUCCESS","Opcode":"Info","EventTime":"2020-09-22 04:22:43","Message":"The handle to an object was closed.\r\n\r\nSubject :\r\n\tSecurity ID:\t\tS-1-5-21-4228717743-1032521047-1810997296-1104\r\n\tAccount Name:\t\tpgustavo\r\n\tAccount Domain:\t\tTHESHIRE\r\n\tLogon ID:\t\t0x10A7DF\r\n\r\nObject:\r\n\tObject Server:\t\tSecurity\r\n\tHandle ID:\t\t0x164\r\n\r\nProcess Information:\r\n\tProcess ID:\t\t0x1b98\r\n\tProcess Name:\t\tC:\\Windows\\Microsoft.NET\\Framework64\\v4.0.30319\\csc.exe","@timestamp":"2020-09-22T08:22:44.522Z","ObjectServer":"Security","SubjectLogonId":"0x10a7df","SourceModuleType":"im_msvistalog","port":64545,"ProcessName":"C:\\Windows\\Microsoft.NET\\Framework64\\v4.0.30319\\csc.exe","RecordNumber":820626,"SubjectUserName":"pgustavo","Task":12801,"@version":"1","OpcodeValue":0,"SourceModuleName":"eventlog","Severity":"INFO","HandleId":"0x164","SourceName":"Microsoft-Windows-Security-Auditing","Version":0,"Category":"Registry","tags":["mordorDataset"],"Hostname":"WORKSTATION5.theshire.local"}
{"Keywords":-9223372036854775808,"SeverityValue":2,"EventReceivedTime":"2020-09-22 04:22:44","EventID":23,"ProviderGuid":"{5770385F-C22A-43E0-BF4C-06F5698FFBD9}","ExecutionProcessID":3172,"Channel":"Microsoft-Windows-Sysmon/Operational","host":"wec.internal.cloudapp.net","AccountType":"User","UserID":"S-1-5-18","ProcessGuid":"{b34bc01c-a92a-5f69-7e02-000000000900}","ThreadID":4048,"EventType":"INFO","Opcode":"Info","EventTime":"2020-09-22 04:22:43","@timestamp":"2020-09-22T08:22:44.523Z","TargetFilename":"C:\\Users\\pgustavo\\AppData\\Local\\Temp\\tbj1ab1i\\tbj1ab1i.out","SourceModuleType":"im_msvistalog","port":64545,"AccountName":"SYSTEM","RecordNumber":3399482,"IsExecutable":"false","Task":23,"Domain":"NT AUTHORITY","@version":"1","OpcodeValue":0,"SourceModuleName":"eventlog","Severity":"INFO","User":"THESHIRE\\pgustavo","Archived":"true","Hashes":"SHA1=B018AE96724860B68482C9BD8A6E057508EC0CCF,MD5=8B4E55358F694529A64C1B17B519D560,SHA256=81BEB62239D35D9447EC461071356E601758511449312180533761250A152CA9,IMPHASH=00000000000000000000000000000000","SourceName":"Microsoft-Windows-Sysmon","Version":5,"Image":"C:\\windows\\System32\\WindowsPowerShell\\v1.0\\powershell.exe","Category":"File Delete (rule: FileDelete)","UtcTime":"2020-09-22 08:22:43.678","Hostname":"WORKSTATION5.theshire.local","RuleName":"-","tags":["mordorDataset"]}
{"Keywords":-9214364837600034816,"SeverityValue":2,"SubjectDomainName":"THESHIRE","EventID":4690,"ProviderGuid":"{54849625-5478-4994-A5BA-3E3B0328C30D}","ExecutionProcessID":4,"Channel":"security","host":"wec.internal.cloudapp.net","SubjectUserSid":"S-1-5-21-4228717743-1032521047-1810997296-1104","EventReceivedTime":"2020-09-22 04:22:44","ProcessId":"0x1b98","ThreadID":3484,"EventType":"AUDIT_SUCCESS","Opcode":"Info","EventTime":"2020-09-22 04:22:43","Message":"An attempt was made to duplicate a handle to an object.\r\n\r\nSubject:\r\n\tSecurity ID:\t\tS-1-5-21-4228717743-1032521047-1810997296-1104\r\n\tAccount Name:\t\tpgustavo\r\n\tAccount Domain:\t\tTHESHIRE\r\n\tLogon ID:\t\t0x10A7DF\r\n\r\nSource Handle Information:\r\n\tSource Handle ID:\t0x164\r\n\tSource Process ID:\t0x1b98\r\n\r\nNew Handle Information:\r\n\tTarget Handle ID:\t0x18c0\r\n\tTarget Process ID:\t0x4","SourceHandleId":"0x164","TargetHandleId":"0x18c0","@timestamp":"2020-09-22T08:22:44.523Z","SubjectLogonId":"0x10a7df","SourceModuleType":"im_msvistalog","port":64545,"RecordNumber":820627,"SubjectUserName":"pgustavo","SourceProcessId":"0x1b98","Task":12807,"@version":"1","OpcodeValue":0,"SourceModuleName":"eventlog","Severity":"INFO","SourceName":"Microsoft-Windows-Security-Auditing","Version":0,"TargetProcessId":"0x4","Category":"Handle Manipulation","tags":["mordorDataset"],"Hostname":"WORKSTATION5.theshire.local"}
{"Keywords":-9223372036854775808,"SeverityValue":2,"EventReceivedTime":"2020-09-22 04:22:44","EventID":23,"ProviderGuid":"{5770385F-C22A-43E0-BF4C-06F5698FFBD9}","ExecutionProcessID":3172,"Channel":"Microsoft-Windows-Sysmon/Operational","host":"wec.internal.cloudapp.net","AccountType":"User","UserID":"S-1-5-18","ProcessGuid":"{b34bc01c-a92a-5f69-7e02-000000000900}","ThreadID":4048,"EventType":"INFO","Opcode":"Info","EventTime":"2020-09-22 04:22:43","@timestamp":"2020-09-22T08:22:44.523Z","TargetFilename":"C:\\Users\\pgustavo\\AppData\\Local\\Temp\\tbj1ab1i\\tbj1ab1i.0.cs","SourceModuleType":"im_msvistalog","port":64545,"AccountName":"SYSTEM","RecordNumber":3399483,"IsExecutable":"false","Task":23,"Domain":"NT AUTHORITY","@version":"1","OpcodeValue":0,"SourceModuleName":"eventlog","Severity":"INFO","User":"THESHIRE\\pgustavo","Archived":"true","Hashes":"SHA1=80D780E8975FC648DE2F15CEC58B7D3A4D8D4EDB,MD5=A57DBDD2C1C12383B318F611163FA001,SHA256=26B0ACE8B16E435E092D5D685E52388056329B33E34211CED7836EF27C615DD0,IMPHASH=00000000000000000000000000000000","SourceName":"Microsoft-Windows-Sysmon","Version":5,"Image":"C:\\windows\\System32\\WindowsPowerShell\\v1.0\\powershell.exe","Category":"File Delete (rule: FileDelete)","UtcTime":"2020-09-22 08:22:43.678","Hostname":"WORKSTATION5.theshire.local","RuleName":"-","tags":["mordorDataset"]}
{"Keywords":-9214364837600034816,"SeverityValue":2,"SubjectDomainName":"THESHIRE","EventID":4658,"ProviderGuid":"{54849625-5478-4994-A5BA-3E3B0328C30D}","ExecutionProcessID":4,"Channel":"security","host":"wec.internal.cloudapp.net","SubjectUserSid":"S-1-5-21-4228717743-1032521047-1810997296-1104","EventReceivedTime":"2020-09-22 04:22:44","ProcessId":"0x1b98","ThreadID":3484,"EventType":"AUDIT_SUCCESS","Opcode":"Info","EventTime":"2020-09-22 04:22:43","Message":"The handle to an object was closed.\r\n\r\nSubject :\r\n\tSecurity ID:\t\tS-1-5-21-4228717743-1032521047-1810997296-1104\r\n\tAccount Name:\t\tpgustavo\r\n\tAccount Domain:\t\tTHESHIRE\r\n\tLogon ID:\t\t0x10A7DF\r\n\r\nObject:\r\n\tObject Server:\t\tSecurity\r\n\tHandle ID:\t\t0x18c0\r\n\r\nProcess Information:\r\n\tProcess ID:\t\t0x1b98\r\n\tProcess Name:\t\tC:\\Windows\\Microsoft.NET\\Framework64\\v4.0.30319\\csc.exe","@timestamp":"2020-09-22T08:22:44.524Z","ObjectServer":"Security","SubjectLogonId":"0x10a7df","SourceModuleType":"im_msvistalog","port":64545,"ProcessName":"C:\\Windows\\Microsoft.NET\\Framework64\\v4.0.30319\\csc.exe","RecordNumber":820628,"SubjectUserName":"pgustavo","Task":12801,"@version":"1","OpcodeValue":0,"SourceModuleName":"eventlog","Severity":"INFO","HandleId":"0x18c0","SourceName":"Microsoft-Windows-Security-Auditing","Version":0,"Category":"Registry","tags":["mordorDataset"],"Hostname":"WORKSTATION5.theshire.local"}
{"Keywords":-9223372036854775808,"SeverityValue":2,"EventReceivedTime":"2020-09-22 04:22:44","EventID":23,"ProviderGuid":"{5770385F-C22A-43E0-BF4C-06F5698FFBD9}","ExecutionProcessID":3172,"Channel":"Microsoft-Windows-Sysmon/Operational","host":"wec.internal.cloudapp.net","AccountType":"User","UserID":"S-1-5-18","ProcessGuid":"{b34bc01c-a92a-5f69-7e02-000000000900}","ThreadID":4048,"EventType":"INFO","Opcode":"Info","EventTime":"2020-09-22 04:22:43","@timestamp":"2020-09-22T08:22:44.524Z","TargetFilename":"C:\\Users\\pgustavo\\AppData\\Local\\Temp\\tbj1ab1i\\tbj1ab1i.dll","SourceModuleType":"im_msvistalog","port":64545,"AccountName":"SYSTEM","RecordNumber":3399484,"IsExecutable":"true","Task":23,"Domain":"NT AUTHORITY","@version":"1","OpcodeValue":0,"SourceModuleName":"eventlog","Severity":"INFO","User":"THESHIRE\\pgustavo","Archived":"true","Hashes":"SHA1=5BE913FECC6D4A4098C9E063D0BD1F26E4C6E751,MD5=B4BCA74B6A7E8E21CE89285C8B6E9636,SHA256=990437C61A59EC110CE579E856455C4643046E844D90C280762A53F7AF797416,IMPHASH=DAE02F32A21E03CE65412F6E56942DAA","SourceName":"Microsoft-Windows-Sysmon","Version":5,"Image":"C:\\windows\\System32\\WindowsPowerShell\\v1.0\\powershell.exe","Category":"File Delete (rule: FileDelete)","UtcTime":"2020-09-22 08:22:43.678","Hostname":"WORKSTATION5.theshire.local","RuleName":"-","tags":["mordorDataset"]}
{"SeverityValue":2,"SubjectDomainName":"THESHIRE","EventReceivedTime":"2020-09-22 04:22:44","EventID":4656,"ProviderGuid":"{54849625-5478-4994-A5BA-3E3B0328C30D}","ExecutionProcessID":4,"Channel":"security","host":"wec.internal.cloudapp.net","ProcessId":"0x1b98","Opcode":"Info","EventTime":"2020-09-22 04:22:43","TransactionId":"{00000000-0000-0000-0000-000000000000}","ObjectServer":"Security","AccessMask":"0x20019","SourceModuleType":"im_msvistalog","ProcessName":"C:\\Windows\\Microsoft.NET\\Framework64\\v4.0.30319\\csc.exe","@version":"1","OpcodeValue":0,"Severity":"INFO","HandleId":"0x164","ObjectName":"\\REGISTRY\\MACHINE\\SOFTWARE\\Microsoft\\.NETFramework","SourceName":"Microsoft-Windows-Security-Auditing","Category":"Registry","Keywords":-9214364837600034816,"ObjectType":"Key","SubjectUserSid":"S-1-5-21-4228717743-1032521047-1810997296-1104","ThreadID":3484,"EventType":"AUDIT_SUCCESS","Message":"A handle to an object was requested.\r\n\r\nSubject:\r\n\tSecurity ID:\t\tS-1-5-21-4228717743-1032521047-1810997296-1104\r\n\tAccount Name:\t\tpgustavo\r\n\tAccount Domain:\t\tTHESHIRE\r\n\tLogon ID:\t\t0x10A7DF\r\n\r\nObject:\r\n\tObject Server:\t\tSecurity\r\n\tObject Type:\t\tKey\r\n\tObject Name:\t\t\\REGISTRY\\MACHINE\\SOFTWARE\\Microsoft\\.NETFramework\r\n\tHandle ID:\t\t0x164\r\n\tResource Attributes:\t-\r\n\r\nProcess Information:\r\n\tProcess ID:\t\t0x1b98\r\n\tProcess Name:\t\tC:\\Windows\\Microsoft.NET\\Framework64\\v4.0.30319\\csc.exe\r\n\r\nAccess Request Information:\r\n\tTransaction ID:\t\t{00000000-0000-0000-0000-000000000000}\r\n\tAccesses:\t\tREAD_CONTROL\r\n\t\t\t\tQuery key value\r\n\t\t\t\tEnumerate sub-keys\r\n\t\t\t\tNotify about changes to keys\r\n\t\t\t\t\r\n\tAccess Reasons:\t\t-\r\n\tAccess Mask:\t\t0x20019\r\n\tPrivileges Used for Access Check:\t-\r\n\tRestricted SID Count:\t0","AccessReason":"-","PrivilegeList":"-","@timestamp":"2020-09-22T08:22:44.525Z","SubjectLogonId":"0x10a7df","port":64545,"RecordNumber":820629,"SubjectUserName":"pgustavo","Task":12801,"SourceModuleName":"eventlog","Version":1,"AccessList":"%%1538\r\n\t\t\t\t%%4432\r\n\t\t\t\t%%4435\r\n\t\t\t\t%%4436\r\n\t\t\t\t","RestrictedSidCount":"0","ResourceAttributes":"-","Hostname":"WORKSTATION5.theshire.local","tags":["mordorDataset"]}
{"Keywords":-9223372036854775808,"SeverityValue":2,"EventReceivedTime":"2020-09-22 04:22:44","EventID":23,"ProviderGuid":"{5770385F-C22A-43E0-BF4C-06F5698FFBD9}","ExecutionProcessID":3172,"Channel":"Microsoft-Windows-Sysmon/Operational","host":"wec.internal.cloudapp.net","AccountType":"User","UserID":"S-1-5-18","ProcessGuid":"{b34bc01c-a92a-5f69-7e02-000000000900}","ThreadID":4048,"EventType":"INFO","Opcode":"Info","EventTime":"2020-09-22 04:22:43","@timestamp":"2020-09-22T08:22:44.525Z","TargetFilename":"C:\\Users\\pgustavo\\AppData\\Local\\Temp\\tbj1ab1i\\tbj1ab1i.cmdline","SourceModuleType":"im_msvistalog","port":64545,"AccountName":"SYSTEM","RecordNumber":3399485,"IsExecutable":"false","Task":23,"Domain":"NT AUTHORITY","@version":"1","OpcodeValue":0,"SourceModuleName":"eventlog","Severity":"INFO","User":"THESHIRE\\pgustavo","Archived":"true","Hashes":"SHA1=67979F3DE53685D6D5EF21A229942CBDBFB1A7DC,MD5=CD96F77C48DFCC167BB93D5A85D310AE,SHA256=90226F85BC196EA52208E3F9E72C67731E12F5DA22608BDE845127E86230C52D,IMPHASH=00000000000000000000000000000000","SourceName":"Microsoft-Windows-Sysmon","Version":5,"Image":"C:\\windows\\System32\\WindowsPowerShell\\v1.0\\powershell.exe","Category":"File Delete (rule: FileDelete)","UtcTime":"2020-09-22 08:22:43.678","Hostname":"WORKSTATION5.theshire.local","RuleName":"-","tags":["mordorDataset"]}
{"Keywords":-9223372036854775808,"SeverityValue":2,"EventReceivedTime":"2020-09-22 04:22:44","EventID":11,"ProviderGuid":"{5770385F-C22A-43E0-BF4C-06F5698FFBD9}","ExecutionProcessID":3172,"Channel":"Microsoft-Windows-Sysmon/Operational","host":"wec.internal.cloudapp.net","AccountType":"User","UserID":"S-1-5-18","ProcessGuid":"{b34bc01c-226f-5f69-2e00-000000000900}","ThreadID":4048,"EventType":"INFO","Opcode":"Info","EventTime":"2020-09-22 04:22:43","@timestamp":"2020-09-22T08:22:44.525Z","TargetFilename":"C:\\Windows\\Prefetch\\CSC.EXE-67679278.pf","SourceModuleType":"im_msvistalog","port":64545,"AccountName":"SYSTEM","RecordNumber":3399486,"Task":11,"Domain":"NT AUTHORITY","@version":"1","OpcodeValue":0,"CreationUtcTime":"2020-09-22 08:22:43.288","SourceModuleName":"eventlog","Severity":"INFO","SourceName":"Microsoft-Windows-Sysmon","Version":2,"Image":"C:\\windows\\system32\\svchost.exe","Category":"File created (rule: FileCreate)","UtcTime":"2020-09-22 08:22:43.678","Hostname":"WORKSTATION5.theshire.local","RuleName":"-","tags":["mordorDataset"]}
{"Keywords":-9214364837600034816,"SeverityValue":2,"SubjectDomainName":"THESHIRE","EventID":4658,"ProviderGuid":"{54849625-5478-4994-A5BA-3E3B0328C30D}","ExecutionProcessID":4,"Channel":"security","host":"wec.internal.cloudapp.net","SubjectUserSid":"S-1-5-21-4228717743-1032521047-1810997296-1104","EventReceivedTime":"2020-09-22 04:22:44","ProcessId":"0x1b98","ThreadID":3484,"EventType":"AUDIT_SUCCESS","Opcode":"Info","EventTime":"2020-09-22 04:22:43","Message":"The handle to an object was closed.\r\n\r\nSubject :\r\n\tSecurity ID:\t\tS-1-5-21-4228717743-1032521047-1810997296-1104\r\n\tAccount Name:\t\tpgustavo\r\n\tAccount Domain:\t\tTHESHIRE\r\n\tLogon ID:\t\t0x10A7DF\r\n\r\nObject:\r\n\tObject Server:\t\tSecurity\r\n\tHandle ID:\t\t0x164\r\n\r\nProcess Information:\r\n\tProcess ID:\t\t0x1b98\r\n\tProcess Name:\t\tC:\\Windows\\Microsoft.NET\\Framework64\\v4.0.30319\\csc.exe","@timestamp":"2020-09-22T08:22:44.525Z","ObjectServer":"Security","SubjectLogonId":"0x10a7df","SourceModuleType":"im_msvistalog","port":64545,"ProcessName":"C:\\Windows\\Microsoft.NET\\Framework64\\v4.0.30319\\csc.exe","RecordNumber":820630,"SubjectUserName":"pgustavo","Task":12801,"@version":"1","OpcodeValue":0,"SourceModuleName":"eventlog","Severity":"INFO","HandleId":"0x164","SourceName":"Microsoft-Windows-Security-Auditing","Version":0,"Category":"Registry","tags":["mordorDataset"],"Hostname":"WORKSTATION5.theshire.local"}
{"Keywords":-9214364837600034816,"SeverityValue":2,"SubjectDomainName":"THESHIRE","EventID":4690,"ProviderGuid":"{54849625-5478-4994-A5BA-3E3B0328C30D}","ExecutionProcessID":4,"Channel":"security","host":"wec.internal.cloudapp.net","SubjectUserSid":"S-1-5-21-4228717743-1032521047-1810997296-1104","EventReceivedTime":"2020-09-22 04:22:44","ProcessId":"0x1b98","ThreadID":3484,"EventType":"AUDIT_SUCCESS","Opcode":"Info","EventTime":"2020-09-22 04:22:43","Message":"An attempt was made to duplicate a handle to an object.\r\n\r\nSubject:\r\n\tSecurity ID:\t\tS-1-5-21-4228717743-1032521047-1810997296-1104\r\n\tAccount Name:\t\tpgustavo\r\n\tAccount Domain:\t\tTHESHIRE\r\n\tLogon ID:\t\t0x10A7DF\r\n\r\nSource Handle Information:\r\n\tSource Handle ID:\t0x16c\r\n\tSource Process ID:\t0x1b98\r\n\r\nNew Handle Information:\r\n\tTarget Handle ID:\t0x15a0\r\n\tTarget Process ID:\t0x4","SourceHandleId":"0x16c","TargetHandleId":"0x15a0","@timestamp":"2020-09-22T08:22:44.525Z","SubjectLogonId":"0x10a7df","SourceModuleType":"im_msvistalog","port":64545,"RecordNumber":820631,"SubjectUserName":"pgustavo","SourceProcessId":"0x1b98","Task":12807,"@version":"1","OpcodeValue":0,"SourceModuleName":"eventlog","Severity":"INFO","SourceName":"Microsoft-Windows-Security-Auditing","Version":0,"TargetProcessId":"0x4","Category":"Handle Manipulation","tags":["mordorDataset"],"Hostname":"WORKSTATION5.theshire.local"}
{"Keywords":-9223372036854775808,"SeverityValue":2,"TargetObject":"HKLM\\SOFTWARE\\Microsoft\\Windows\\CurrentVersion\\Internet Settings\\Connections","EventTypeOrignal":"INFO","EventID":12,"ProviderGuid":"{5770385F-C22A-43E0-BF4C-06F5698FFBD9}","ExecutionProcessID":3172,"host":"wec.internal.cloudapp.net","Channel":"Microsoft-Windows-Sysmon/Operational","UserID":"S-1-5-18","AccountType":"User","ThreadID":4048,"ProcessGuid":"{b34bc01c-2271-5f69-5500-000000000900}","EventReceivedTime":"2020-09-22 04:22:44","Opcode":"Info","EventTime":"2020-09-22 04:22:43","@timestamp":"2020-09-22T08:22:44.528Z","SourceModuleType":"im_msvistalog","port":64545,"AccountName":"SYSTEM","RecordNumber":3399487,"Task":12,"Domain":"NT AUTHORITY","@version":"1","OpcodeValue":0,"SourceModuleName":"eventlog","Severity":"INFO","SourceName":"Microsoft-Windows-Sysmon","Version":2,"Image":"C:\\windows\\System32\\svchost.exe","Category":"Registry object added or deleted (rule: RegistryEvent)","UtcTime":"2020-09-22 08:22:43.819","Hostname":"WORKSTATION5.theshire.local","RuleName":"-","tags":["mordorDataset"]}
{"Keywords":-9214364837600034816,"SeverityValue":2,"SubjectDomainName":"THESHIRE","EventID":4658,"ProviderGuid":"{54849625-5478-4994-A5BA-3E3B0328C30D}","ExecutionProcessID":4,"Channel":"security","host":"wec.internal.cloudapp.net","SubjectUserSid":"S-1-5-21-4228717743-1032521047-1810997296-1104","EventReceivedTime":"2020-09-22 04:22:44","ProcessId":"0x1b98","ThreadID":3484,"EventType":"AUDIT_SUCCESS","Opcode":"Info","EventTime":"2020-09-22 04:22:43","Message":"The handle to an object was closed.\r\n\r\nSubject :\r\n\tSecurity ID:\t\tS-1-5-21-4228717743-1032521047-1810997296-1104\r\n\tAccount Name:\t\tpgustavo\r\n\tAccount Domain:\t\tTHESHIRE\r\n\tLogon ID:\t\t0x10A7DF\r\n\r\nObject:\r\n\tObject Server:\t\tSecurity\r\n\tHandle ID:\t\t0x15a0\r\n\r\nProcess Information:\r\n\tProcess ID:\t\t0x1b98\r\n\tProcess Name:\t\tC:\\Windows\\Microsoft.NET\\Framework64\\v4.0.30319\\csc.exe","@timestamp":"2020-09-22T08:22:44.528Z","ObjectServer":"Security","SubjectLogonId":"0x10a7df","SourceModuleType":"im_msvistalog","port":64545,"ProcessName":"C:\\Windows\\Microsoft.NET\\Framework64\\v4.0.30319\\csc.exe","RecordNumber":820632,"SubjectUserName":"pgustavo","Task":12801,"@version":"1","OpcodeValue":0,"SourceModuleName":"eventlog","Severity":"INFO","HandleId":"0x15a0","SourceName":"Microsoft-Windows-Security-Auditing","Version":0,"Category":"Registry","tags":["mordorDataset"],"Hostname":"WORKSTATION5.theshire.local"}
{"Keywords":-9223372036854775808,"SeverityValue":2,"SourceImage":"C:\\windows\\system32\\svchost.exe","EventID":10,"ProviderGuid":"{5770385F-C22A-43E0-BF4C-06F5698FFBD9}","ExecutionProcessID":3172,"Channel":"Microsoft-Windows-Sysmon/Operational","host":"wec.internal.cloudapp.net","AccountType":"User","UserID":"S-1-5-18","SourceProcessGUID":"{b34bc01c-226b-5f69-1000-000000000900}","ThreadID":4048,"TargetImage":"C:\\windows\\System32\\svchost.exe","GrantedAccess":"0x1000","EventType":"INFO","Opcode":"Info","EventTime":"2020-09-22 04:22:43","EventReceivedTime":"2020-09-22 04:22:44","@timestamp":"2020-09-22T08:22:44.528Z","SourceModuleType":"im_msvistalog","port":64545,"AccountName":"SYSTEM","RecordNumber":3399488,"SourceProcessId":"908","SourceThreadId":"7520","Task":10,"Domain":"NT AUTHORITY","@version":"1","OpcodeValue":0,"SourceModuleName":"eventlog","TargetProcessGUID":"{b34bc01c-2271-5f69-5500-000000000900}","Severity":"INFO","SourceName":"Microsoft-Windows-Sysmon","Version":3,"TargetProcessId":"3308","Category":"Process accessed (rule: ProcessAccess)","CallTrace":"C:\\windows\\SYSTEM32\\ntdll.dll+9c534|C:\\windows\\SYSTEM32\\psmserviceexthost.dll+222a3|C:\\windows\\SYSTEM32\\psmserviceexthost.dll+1a172|C:\\windows\\SYSTEM32\\psmserviceexthost.dll+19e3b|C:\\windows\\SYSTEM32\\psmserviceexthost.dll+19318|C:\\windows\\SYSTEM32\\ntdll.dll+3081d|C:\\windows\\SYSTEM32\\ntdll.dll+345b4|C:\\windows\\System32\\KERNEL32.DLL+17bd4|C:\\windows\\SYSTEM32\\ntdll.dll+6ce51","UtcTime":"2020-09-22 08:22:43.897","Hostname":"WORKSTATION5.theshire.local","RuleName":"-","tags":["mordorDataset"]}
{"SeverityValue":2,"SubjectDomainName":"THESHIRE","EventReceivedTime":"2020-09-22 04:22:44","EventID":4656,"ProviderGuid":"{54849625-5478-4994-A5BA-3E3B0328C30D}","ExecutionProcessID":4,"Channel":"security","host":"wec.internal.cloudapp.net","ProcessId":"0x1b98","Opcode":"Info","EventTime":"2020-09-22 04:22:43","TransactionId":"{00000000-0000-0000-0000-000000000000}","ObjectServer":"Security","AccessMask":"0x20019","SourceModuleType":"im_msvistalog","ProcessName":"C:\\Windows\\Microsoft.NET\\Framework64\\v4.0.30319\\csc.exe","@version":"1","OpcodeValue":0,"Severity":"INFO","HandleId":"0x16c","ObjectName":"\\REGISTRY\\MACHINE\\SOFTWARE\\Microsoft\\.NETFramework","SourceName":"Microsoft-Windows-Security-Auditing","Category":"Registry","Keywords":-9214364837600034816,"ObjectType":"Key","SubjectUserSid":"S-1-5-21-4228717743-1032521047-1810997296-1104","ThreadID":3484,"EventType":"AUDIT_SUCCESS","Message":"A handle to an object was requested.\r\n\r\nSubject:\r\n\tSecurity ID:\t\tS-1-5-21-4228717743-1032521047-1810997296-1104\r\n\tAccount Name:\t\tpgustavo\r\n\tAccount Domain:\t\tTHESHIRE\r\n\tLogon ID:\t\t0x10A7DF\r\n\r\nObject:\r\n\tObject Server:\t\tSecurity\r\n\tObject Type:\t\tKey\r\n\tObject Name:\t\t\\REGISTRY\\MACHINE\\SOFTWARE\\Microsoft\\.NETFramework\r\n\tHandle ID:\t\t0x16c\r\n\tResource Attributes:\t-\r\n\r\nProcess Information:\r\n\tProcess ID:\t\t0x1b98\r\n\tProcess Name:\t\tC:\\Windows\\Microsoft.NET\\Framework64\\v4.0.30319\\csc.exe\r\n\r\nAccess Request Information:\r\n\tTransaction ID:\t\t{00000000-0000-0000-0000-000000000000}\r\n\tAccesses:\t\tREAD_CONTROL\r\n\t\t\t\tQuery key value\r\n\t\t\t\tEnumerate sub-keys\r\n\t\t\t\tNotify about changes to keys\r\n\t\t\t\t\r\n\tAccess Reasons:\t\t-\r\n\tAccess Mask:\t\t0x20019\r\n\tPrivileges Used for Access Check:\t-\r\n\tRestricted SID Count:\t0","AccessReason":"-","PrivilegeList":"-","@timestamp":"2020-09-22T08:22:44.530Z","SubjectLogonId":"0x10a7df","port":64545,"RecordNumber":820633,"SubjectUserName":"pgustavo","Task":12801,"SourceModuleName":"eventlog","Version":1,"AccessList":"%%1538\r\n\t\t\t\t%%4432\r\n\t\t\t\t%%4435\r\n\t\t\t\t%%4436\r\n\t\t\t\t","RestrictedSidCount":"0","ResourceAttributes":"-","Hostname":"WORKSTATION5.theshire.local","tags":["mordorDataset"]}
{"Keywords":-9223372036854775808,"SeverityValue":2,"SourceImage":"C:\\windows\\system32\\svchost.exe","EventID":10,"ProviderGuid":"{5770385F-C22A-43E0-BF4C-06F5698FFBD9}","ExecutionProcessID":3172,"Channel":"Microsoft-Windows-Sysmon/Operational","host":"wec.internal.cloudapp.net","AccountType":"User","UserID":"S-1-5-18","SourceProcessGUID":"{b34bc01c-226b-5f69-1000-000000000900}","ThreadID":4048,"TargetImage":"C:\\windows\\System32\\svchost.exe","GrantedAccess":"0x1000","EventType":"INFO","Opcode":"Info","EventTime":"2020-09-22 04:22:43","EventReceivedTime":"2020-09-22 04:22:44","@timestamp":"2020-09-22T08:22:44.535Z","SourceModuleType":"im_msvistalog","port":64545,"AccountName":"SYSTEM","RecordNumber":3399489,"SourceProcessId":"908","SourceThreadId":"7520","Task":10,"Domain":"NT AUTHORITY","@version":"1","OpcodeValue":0,"SourceModuleName":"eventlog","TargetProcessGUID":"{b34bc01c-2271-5f69-5500-000000000900}","Severity":"INFO","SourceName":"Microsoft-Windows-Sysmon","Version":3,"TargetProcessId":"3308","Category":"Process accessed (rule: ProcessAccess)","CallTrace":"C:\\windows\\SYSTEM32\\ntdll.dll+9c534|C:\\windows\\SYSTEM32\\psmserviceexthost.dll+222a3|C:\\windows\\SYSTEM32\\psmserviceexthost.dll+1a172|C:\\windows\\SYSTEM32\\psmserviceexthost.dll+19e3b|C:\\windows\\SYSTEM32\\psmserviceexthost.dll+19318|C:\\windows\\SYSTEM32\\ntdll.dll+3081d|C:\\windows\\SYSTEM32\\ntdll.dll+345b4|C:\\windows\\System32\\KERNEL32.DLL+17bd4|C:\\windows\\SYSTEM32\\ntdll.dll+6ce51","UtcTime":"2020-09-22 08:22:43.897","Hostname":"WORKSTATION5.theshire.local","RuleName":"-","tags":["mordorDataset"]}
{"Keywords":-9214364837600034816,"SeverityValue":2,"SubjectDomainName":"THESHIRE","EventID":4658,"ProviderGuid":"{54849625-5478-4994-A5BA-3E3B0328C30D}","ExecutionProcessID":4,"Channel":"security","host":"wec.internal.cloudapp.net","SubjectUserSid":"S-1-5-21-4228717743-1032521047-1810997296-1104","EventReceivedTime":"2020-09-22 04:22:44","ProcessId":"0x1b98","ThreadID":3484,"EventType":"AUDIT_SUCCESS","Opcode":"Info","EventTime":"2020-09-22 04:22:43","Message":"The handle to an object was closed.\r\n\r\nSubject :\r\n\tSecurity ID:\t\tS-1-5-21-4228717743-1032521047-1810997296-1104\r\n\tAccount Name:\t\tpgustavo\r\n\tAccount Domain:\t\tTHESHIRE\r\n\tLogon ID:\t\t0x10A7DF\r\n\r\nObject:\r\n\tObject Server:\t\tSecurity\r\n\tHandle ID:\t\t0x16c\r\n\r\nProcess Information:\r\n\tProcess ID:\t\t0x1b98\r\n\tProcess Name:\t\tC:\\Windows\\Microsoft.NET\\Framework64\\v4.0.30319\\csc.exe","@timestamp":"2020-09-22T08:22:44.536Z","ObjectServer":"Security","SubjectLogonId":"0x10a7df","SourceModuleType":"im_msvistalog","port":64545,"ProcessName":"C:\\Windows\\Microsoft.NET\\Framework64\\v4.0.30319\\csc.exe","RecordNumber":820634,"SubjectUserName":"pgustavo","Task":12801,"@version":"1","OpcodeValue":0,"SourceModuleName":"eventlog","Severity":"INFO","HandleId":"0x16c","SourceName":"Microsoft-Windows-Security-Auditing","Version":0,"Category":"Registry","tags":["mordorDataset"],"Hostname":"WORKSTATION5.theshire.local"}
{"Keywords":-9223372036854775808,"SeverityValue":2,"SourceImage":"C:\\windows\\system32\\svchost.exe","EventID":10,"ProviderGuid":"{5770385F-C22A-43E0-BF4C-06F5698FFBD9}","ExecutionProcessID":3172,"Channel":"Microsoft-Windows-Sysmon/Operational","host":"wec.internal.cloudapp.net","AccountType":"User","UserID":"S-1-5-18","SourceProcessGUID":"{b34bc01c-226b-5f69-1000-000000000900}","ThreadID":4048,"TargetImage":"C:\\windows\\System32\\svchost.exe","GrantedAccess":"0x1000","EventType":"INFO","Opcode":"Info","EventTime":"2020-09-22 04:22:43","EventReceivedTime":"2020-09-22 04:22:44","@timestamp":"2020-09-22T08:22:44.536Z","SourceModuleType":"im_msvistalog","port":64545,"AccountName":"SYSTEM","RecordNumber":3399490,"SourceProcessId":"908","SourceThreadId":"3440","Task":10,"Domain":"NT AUTHORITY","@version":"1","OpcodeValue":0,"SourceModuleName":"eventlog","TargetProcessGUID":"{b34bc01c-2271-5f69-5500-000000000900}","Severity":"INFO","SourceName":"Microsoft-Windows-Sysmon","Version":3,"TargetProcessId":"3308","Category":"Process accessed (rule: ProcessAccess)","CallTrace":"C:\\windows\\SYSTEM32\\ntdll.dll+9c534|C:\\windows\\SYSTEM32\\psmserviceexthost.dll+222a3|C:\\windows\\SYSTEM32\\psmserviceexthost.dll+1a172|C:\\windows\\SYSTEM32\\psmserviceexthost.dll+19e3b|C:\\windows\\SYSTEM32\\psmserviceexthost.dll+19318|C:\\windows\\SYSTEM32\\ntdll.dll+3081d|C:\\windows\\SYSTEM32\\ntdll.dll+345b4|C:\\windows\\System32\\KERNEL32.DLL+17bd4|C:\\windows\\SYSTEM32\\ntdll.dll+6ce51","UtcTime":"2020-09-22 08:22:43.913","Hostname":"WORKSTATION5.theshire.local","RuleName":"-","tags":["mordorDataset"]}
{"Keywords":-9214364837600034816,"SeverityValue":2,"SubjectDomainName":"THESHIRE","EventID":4690,"ProviderGuid":"{54849625-5478-4994-A5BA-3E3B0328C30D}","ExecutionProcessID":4,"Channel":"security","host":"wec.internal.cloudapp.net","SubjectUserSid":"S-1-5-21-4228717743-1032521047-1810997296-1104","EventReceivedTime":"2020-09-22 04:22:44","ProcessId":"0x1b98","ThreadID":3484,"EventType":"AUDIT_SUCCESS","Opcode":"Info","EventTime":"2020-09-22 04:22:43","Message":"An attempt was made to duplicate a handle to an object.\r\n\r\nSubject:\r\n\tSecurity ID:\t\tS-1-5-21-4228717743-1032521047-1810997296-1104\r\n\tAccount Name:\t\tpgustavo\r\n\tAccount Domain:\t\tTHESHIRE\r\n\tLogon ID:\t\t0x10A7DF\r\n\r\nSource Handle Information:\r\n\tSource Handle ID:\t0x16c\r\n\tSource Process ID:\t0x1b98\r\n\r\nNew Handle Information:\r\n\tTarget Handle ID:\t0x15a0\r\n\tTarget Process ID:\t0x4","SourceHandleId":"0x16c","TargetHandleId":"0x15a0","@timestamp":"2020-09-22T08:22:44.536Z","SubjectLogonId":"0x10a7df","SourceModuleType":"im_msvistalog","port":64545,"RecordNumber":820635,"SubjectUserName":"pgustavo","SourceProcessId":"0x1b98","Task":12807,"@version":"1","OpcodeValue":0,"SourceModuleName":"eventlog","Severity":"INFO","SourceName":"Microsoft-Windows-Security-Auditing","Version":0,"TargetProcessId":"0x4","Category":"Handle Manipulation","tags":["mordorDataset"],"Hostname":"WORKSTATION5.theshire.local"}
