{"Task":12801,"EventReceivedTime":"2020-07-22 00:19:05","Opcode":"Info","port":55069,"SeverityValue":2,"SubjectUserSid":"S-1-5-21-2253742117-2054739524-205962475-1104","Keywords":-9214364837600034816,"ProviderGuid":"{54849625-5478-4994-A5BA-3E3B0328C30D}","@version":"1","SourceModuleType":"im_msvistalog","Version":0,"ObjectServer":"Security","tags":["mordorDataset"],"SubjectUserName":"pgustavo","SourceName":"Microsoft-Windows-Security-Auditing","ProcessId":"0x2374","HandleId":"0x1184","Channel":"Security","SourceModuleName":"eventlog","Message":"The handle to an object was closed.\r\n\r\nSubject :\r\n\tSecurity ID:\t\tS-1-5-21-2253742117-2054739524-205962475-1104\r\n\tAccount Name:\t\tpgustavo\r\n\tAccount Domain:\t\tMORDOR\r\n\tLogon ID:\t\t0x24579A8\r\n\r\nObject:\r\n\tObject Server:\t\tSecurity\r\n\tHandle ID:\t\t0x1184\r\n\r\nProcess Information:\r\n\tProcess ID:\t\t0x2374\r\n\tProcess Name:\t\tC:\\Windows\\System32\\WindowsPowerShell\\v1.0\\powershell.exe","Category":"Registry","SubjectDomainName":"MORDOR","@timestamp":"2020-07-22T04:19:05.133Z","Hostname":"WORKSTATION5.mordor.local","SubjectLogonId":"0x24579a8","host":"wec.internal.cloudapp.net","ProcessName":"C:\\Windows\\System32\\WindowsPowerShell\\v1.0\\powershell.exe","ExecutionProcessID":4,"EventType":"AUDIT_SUCCESS","OpcodeValue":0,"EventTime":"2020-07-22 00:19:04","Severity":"INFO","EventID":4658,"ThreadID":3276,"RecordNumber":258664}
{"Task":12807,"EventReceivedTime":"2020-07-22 00:19:05","Opcode":"Info","port":55069,"TargetHandleId":"0x3fd4","SeverityValue":2,"SubjectUserSid":"S-1-5-21-2253742117-2054739524-205962475-1104","Keywords":-9214364837600034816,"ProviderGuid":"{54849625-5478-4994-A5BA-3E3B0328C30D}","@version":"1","SourceProcessId":"0x2374","TargetProcessId":"0x4","Version":0,"SourceModuleType":"im_msvistalog","tags":["mordorDataset"],"SubjectUserName":"pgustavo","SourceName":"Microsoft-Windows-Security-Auditing","ProcessId":"0x2374","Channel":"Security","SourceModuleName":"eventlog","Message":"An attempt was made to duplicate a handle to an object.\r\n\r\nSubject:\r\n\tSecurity ID:\t\tS-1-5-21-2253742117-2054739524-205962475-1104\r\n\tAccount Name:\t\tpgustavo\r\n\tAccount Domain:\t\tMORDOR\r\n\tLogon ID:\t\t0x24579A8\r\n\r\nSource Handle Information:\r\n\tSource Handle ID:\t0x1184\r\n\tSource Process ID:\t0x2374\r\n\r\nNew Handle Information:\r\n\tTarget Handle ID:\t0x3fd4\r\n\tTarget Process ID:\t0x4","Category":"Handle Manipulation","SubjectDomainName":"MORDOR","@timestamp":"2020-07-22T04:19:05.133Z","Hostname":"WORKSTATION5.mordor.local","SubjectLogonId":"0x24579a8","host":"wec.internal.cloudapp.net","SourceHandleId":"0x1184","ExecutionProcessID":4,"EventType":"AUDIT_SUCCESS","OpcodeValue":0,"EventTime":"2020-07-22 00:19:04","Severity":"INFO","EventID":4690,"ThreadID":7184,"RecordNumber":258665}
{"Task":12801,"EventReceivedTime":"2020-07-22 00:19:05","Opcode":"Info","port":55069,"SeverityValue":2,"SubjectUserSid":"S-1-5-21-2253742117-2054739524-205962475-1104","Keywords":-9214364837600034816,"ProviderGuid":"{54849625-5478-4994-A5BA-3E3B0328C30D}","@version":"1","SourceModuleType":"im_msvistalog","Version":0,"ObjectServer":"Security","tags":["mordorDataset"],"SubjectUserName":"pgustavo","SourceName":"Microsoft-Windows-Security-Auditing","ProcessId":"0x2374","HandleId":"0x3fd4","Channel":"Security","SourceModuleName":"eventlog","Message":"The handle to an object was closed.\r\n\r\nSubject :\r\n\tSecurity ID:\t\tS-1-5-21-2253742117-2054739524-205962475-1104\r\n\tAccount Name:\t\tpgustavo\r\n\tAccount Domain:\t\tMORDOR\r\n\tLogon ID:\t\t0x24579A8\r\n\r\nObject:\r\n\tObject Server:\t\tSecurity\r\n\tHandle ID:\t\t0x3fd4\r\n\r\nProcess Information:\r\n\tProcess ID:\t\t0x2374\r\n\tProcess Name:\t\tC:\\Windows\\System32\\WindowsPowerShell\\v1.0\\powershell.exe","Category":"Registry","SubjectDomainName":"MORDOR","@timestamp":"2020-07-22T04:19:05.133Z","Hostname":"WORKSTATION5.mordor.local","SubjectLogonId":"0x24579a8","host":"wec.internal.cloudapp.net","ProcessName":"C:\\Windows\\System32\\WindowsPowerShell\\v1.0\\powershell.exe","ExecutionProcessID":4,"EventType":"AUDIT_SUCCESS","OpcodeValue":0,"EventTime":"2020-07-22 00:19:04","Severity":"INFO","EventID":4658,"ThreadID":7184,"RecordNumber":258666}
{"EventReceivedTime":"2020-07-22 00:19:05","port":55069,"PrivilegeList":"-","SeverityValue":2,"SubjectUserSid":"S-1-5-21-2253742117-2054739524-205962475-1104","Keywords":-9214364837600034816,"ProviderGuid":"{54849625-5478-4994-A5BA-3E3B0328C30D}","Version":1,"ObjectServer":"Security","ProcessId":"0x2374","Channel":"Security","Message":"A handle to an object was requested.\r\n\r\nSubject:\r\n\tSecurity ID:\t\tS-1-5-21-2253742117-2054739524-205962475-1104\r\n\tAccount Name:\t\tpgustavo\r\n\tAccount Domain:\t\tMORDOR\r\n\tLogon ID:\t\t0x24579A8\r\n\r\nObject:\r\n\tObject Server:\t\tSecurity\r\n\tObject Type:\t\tKey\r\n\tObject Name:\t\t\\REGISTRY\\MACHINE\\SOFTWARE\\Microsoft\\Windows\\CurrentVersion\\Run\r\n\tHandle ID:\t\t0x1184\r\n\tResource Attributes:\t-\r\n\r\nProcess Information:\r\n\tProcess ID:\t\t0x2374\r\n\tProcess Name:\t\tC:\\Windows\\System32\\WindowsPowerShell\\v1.0\\powershell.exe\r\n\r\nAccess Request Information:\r\n\tTransaction ID:\t\t{00000000-0000-0000-0000-000000000000}\r\n\tAccesses:\t\tREAD_CONTROL\r\n\t\t\t\tQuery key value\r\n\t\t\t\tEnumerate sub-keys\r\n\t\t\t\tNotify about changes to keys\r\n\t\t\t\t\r\n\tAccess Reasons:\t\t-\r\n\tAccess Mask:\t\t0x20019\r\n\tPrivileges Used for Access Check:\t-\r\n\tRestricted SID Count:\t0","Category":"Registry","@timestamp":"2020-07-22T04:19:05.133Z","SubjectLogonId":"0x24579a8","ProcessName":"C:\\Windows\\System32\\WindowsPowerShell\\v1.0\\powershell.exe","ResourceAttributes":"-","RestrictedSidCount":"0","ThreadID":7184,"Task":12801,"RecordNumber":258667,"Opcode":"Info","TransactionId":"{00000000-0000-0000-0000-000000000000}","@version":"1","SourceModuleType":"im_msvistalog","AccessList":"%%1538\r\n\t\t\t\t%%4432\r\n\t\t\t\t%%4435\r\n\t\t\t\t%%4436\r\n\t\t\t\t","tags":["mordorDataset"],"SubjectUserName":"pgustavo","SourceName":"Microsoft-Windows-Security-Auditing","HandleId":"0x1184","AccessMask":"0x20019","SourceModuleName":"eventlog","ObjectType":"Key","ObjectName":"\\REGISTRY\\MACHINE\\SOFTWARE\\Microsoft\\Windows\\CurrentVersion\\Run","SubjectDomainName":"MORDOR","Hostname":"WORKSTATION5.mordor.local","host":"wec.internal.cloudapp.net","ExecutionProcessID":4,"EventType":"AUDIT_SUCCESS","OpcodeValue":0,"AccessReason":"-","EventTime":"2020-07-22 00:19:04","Severity":"INFO","EventID":4656}
{"Task":12801,"EventReceivedTime":"2020-07-22 00:19:05","Opcode":"Info","port":55069,"SeverityValue":2,"SubjectUserSid":"S-1-5-21-2253742117-2054739524-205962475-1104","Keywords":-9214364837600034816,"ProviderGuid":"{54849625-5478-4994-A5BA-3E3B0328C30D}","@version":"1","SourceModuleType":"im_msvistalog","Version":0,"ObjectServer":"Security","tags":["mordorDataset"],"SubjectUserName":"pgustavo","SourceName":"Microsoft-Windows-Security-Auditing","ProcessId":"0x2374","HandleId":"0x1184","Channel":"Security","SourceModuleName":"eventlog","Message":"The handle to an object was closed.\r\n\r\nSubject :\r\n\tSecurity ID:\t\tS-1-5-21-2253742117-2054739524-205962475-1104\r\n\tAccount Name:\t\tpgustavo\r\n\tAccount Domain:\t\tMORDOR\r\n\tLogon ID:\t\t0x24579A8\r\n\r\nObject:\r\n\tObject Server:\t\tSecurity\r\n\tHandle ID:\t\t0x1184\r\n\r\nProcess Information:\r\n\tProcess ID:\t\t0x2374\r\n\tProcess Name:\t\tC:\\Windows\\System32\\WindowsPowerShell\\v1.0\\powershell.exe","Category":"Registry","SubjectDomainName":"MORDOR","@timestamp":"2020-07-22T04:19:05.133Z","Hostname":"WORKSTATION5.mordor.local","SubjectLogonId":"0x24579a8","host":"wec.internal.cloudapp.net","ProcessName":"C:\\Windows\\System32\\WindowsPowerShell\\v1.0\\powershell.exe","ExecutionProcessID":4,"EventType":"AUDIT_SUCCESS","OpcodeValue":0,"EventTime":"2020-07-22 00:19:04","Severity":"INFO","EventID":4658,"ThreadID":7184,"RecordNumber":258668}
{"Task":12807,"EventReceivedTime":"2020-07-22 00:19:05","Opcode":"Info","port":55069,"TargetHandleId":"0x3fd4","SeverityValue":2,"SubjectUserSid":"S-1-5-21-2253742117-2054739524-205962475-1104","Keywords":-9214364837600034816,"ProviderGuid":"{54849625-5478-4994-A5BA-3E3B0328C30D}","@version":"1","SourceProcessId":"0x2374","TargetProcessId":"0x4","Version":0,"SourceModuleType":"im_msvistalog","tags":["mordorDataset"],"SubjectUserName":"pgustavo","SourceName":"Microsoft-Windows-Security-Auditing","ProcessId":"0x2374","Channel":"Security","SourceModuleName":"eventlog","Message":"An attempt was made to duplicate a handle to an object.\r\n\r\nSubject:\r\n\tSecurity ID:\t\tS-1-5-21-2253742117-2054739524-205962475-1104\r\n\tAccount Name:\t\tpgustavo\r\n\tAccount Domain:\t\tMORDOR\r\n\tLogon ID:\t\t0x24579A8\r\n\r\nSource Handle Information:\r\n\tSource Handle ID:\t0x1184\r\n\tSource Process ID:\t0x2374\r\n\r\nNew Handle Information:\r\n\tTarget Handle ID:\t0x3fd4\r\n\tTarget Process ID:\t0x4","Category":"Handle Manipulation","SubjectDomainName":"MORDOR","@timestamp":"2020-07-22T04:19:05.133Z","Hostname":"WORKSTATION5.mordor.local","SubjectLogonId":"0x24579a8","host":"wec.internal.cloudapp.net","SourceHandleId":"0x1184","ExecutionProcessID":4,"EventType":"AUDIT_SUCCESS","OpcodeValue":0,"EventTime":"2020-07-22 00:19:04","Severity":"INFO","EventID":4690,"ThreadID":7184,"RecordNumber":258669}
{"Task":12801,"EventReceivedTime":"2020-07-22 00:19:05","Opcode":"Info","port":55069,"SeverityValue":2,"SubjectUserSid":"S-1-5-21-2253742117-2054739524-205962475-1104","Keywords":-9214364837600034816,"ProviderGuid":"{54849625-5478-4994-A5BA-3E3B0328C30D}","@version":"1","SourceModuleType":"im_msvistalog","Version":0,"ObjectServer":"Security","tags":["mordorDataset"],"SubjectUserName":"pgustavo","SourceName":"Microsoft-Windows-Security-Auditing","ProcessId":"0x2374","HandleId":"0x3fd4","Channel":"Security","SourceModuleName":"eventlog","Message":"The handle to an object was closed.\r\n\r\nSubject :\r\n\tSecurity ID:\t\tS-1-5-21-2253742117-2054739524-205962475-1104\r\n\tAccount Name:\t\tpgustavo\r\n\tAccount Domain:\t\tMORDOR\r\n\tLogon ID:\t\t0x24579A8\r\n\r\nObject:\r\n\tObject Server:\t\tSecurity\r\n\tHandle ID:\t\t0x3fd4\r\n\r\nProcess Information:\r\n\tProcess ID:\t\t0x2374\r\n\tProcess Name:\t\tC:\\Windows\\System32\\WindowsPowerShell\\v1.0\\powershell.exe","Category":"Registry","SubjectDomainName":"MORDOR","@timestamp":"2020-07-22T04:19:05.134Z","Hostname":"WORKSTATION5.mordor.local","SubjectLogonId":"0x24579a8","host":"wec.internal.cloudapp.net","ProcessName":"C:\\Windows\\System32\\WindowsPowerShell\\v1.0\\powershell.exe","ExecutionProcessID":4,"EventType":"AUDIT_SUCCESS","OpcodeValue":0,"EventTime":"2020-07-22 00:19:04","Severity":"INFO","EventID":4658,"ThreadID":7184,"RecordNumber":258670}
{"EventReceivedTime":"2020-07-22 00:19:05","port":55069,"PrivilegeList":"-","SeverityValue":2,"SubjectUserSid":"S-1-5-21-2253742117-2054739524-205962475-1104","Keywords":-9214364837600034816,"ProviderGuid":"{54849625-5478-4994-A5BA-3E3B0328C30D}","Version":1,"ObjectServer":"Security","ProcessId":"0x2374","Channel":"Security","Message":"A handle to an object was requested.\r\n\r\nSubject:\r\n\tSecurity ID:\t\tS-1-5-21-2253742117-2054739524-205962475-1104\r\n\tAccount Name:\t\tpgustavo\r\n\tAccount Domain:\t\tMORDOR\r\n\tLogon ID:\t\t0x24579A8\r\n\r\nObject:\r\n\tObject Server:\t\tSecurity\r\n\tObject Type:\t\tKey\r\n\tObject Name:\t\t\\REGISTRY\\MACHINE\\SOFTWARE\\Microsoft\\Windows\\CurrentVersion\\Run\r\n\tHandle ID:\t\t0x1184\r\n\tResource Attributes:\t-\r\n\r\nProcess Information:\r\n\tProcess ID:\t\t0x2374\r\n\tProcess Name:\t\tC:\\Windows\\System32\\WindowsPowerShell\\v1.0\\powershell.exe\r\n\r\nAccess Request Information:\r\n\tTransaction ID:\t\t{00000000-0000-0000-0000-000000000000}\r\n\tAccesses:\t\tREAD_CONTROL\r\n\t\t\t\tQuery key value\r\n\t\t\t\tEnumerate sub-keys\r\n\t\t\t\tNotify about changes to keys\r\n\t\t\t\t\r\n\tAccess Reasons:\t\t-\r\n\tAccess Mask:\t\t0x20019\r\n\tPrivileges Used for Access Check:\t-\r\n\tRestricted SID Count:\t0","Category":"Registry","@timestamp":"2020-07-22T04:19:05.134Z","SubjectLogonId":"0x24579a8","ProcessName":"C:\\Windows\\System32\\WindowsPowerShell\\v1.0\\powershell.exe","ResourceAttributes":"-","RestrictedSidCount":"0","ThreadID":7184,"Task":12801,"RecordNumber":258671,"Opcode":"Info","TransactionId":"{00000000-0000-0000-0000-000000000000}","@version":"1","SourceModuleType":"im_msvistalog","AccessList":"%%1538\r\n\t\t\t\t%%4432\r\n\t\t\t\t%%4435\r\n\t\t\t\t%%4436\r\n\t\t\t\t","tags":["mordorDataset"],"SubjectUserName":"pgustavo","SourceName":"Microsoft-Windows-Security-Auditing","HandleId":"0x1184","AccessMask":"0x20019","SourceModuleName":"eventlog","ObjectType":"Key","ObjectName":"\\REGISTRY\\MACHINE\\SOFTWARE\\Microsoft\\Windows\\CurrentVersion\\Run","SubjectDomainName":"MORDOR","Hostname":"WORKSTATION5.mordor.local","host":"wec.internal.cloudapp.net","ExecutionProcessID":4,"EventType":"AUDIT_SUCCESS","OpcodeValue":0,"AccessReason":"-","EventTime":"2020-07-22 00:19:04","Severity":"INFO","EventID":4656}
{"Task":12801,"EventReceivedTime":"2020-07-22 00:19:05","Opcode":"Info","port":55069,"SeverityValue":2,"SubjectUserSid":"S-1-5-21-2253742117-2054739524-205962475-1104","Keywords":-9214364837600034816,"ProviderGuid":"{54849625-5478-4994-A5BA-3E3B0328C30D}","@version":"1","SourceModuleType":"im_msvistalog","Version":0,"ObjectServer":"Security","tags":["mordorDataset"],"SubjectUserName":"pgustavo","SourceName":"Microsoft-Windows-Security-Auditing","ProcessId":"0x2374","HandleId":"0x1184","Channel":"Security","SourceModuleName":"eventlog","Message":"The handle to an object was closed.\r\n\r\nSubject :\r\n\tSecurity ID:\t\tS-1-5-21-2253742117-2054739524-205962475-1104\r\n\tAccount Name:\t\tpgustavo\r\n\tAccount Domain:\t\tMORDOR\r\n\tLogon ID:\t\t0x24579A8\r\n\r\nObject:\r\n\tObject Server:\t\tSecurity\r\n\tHandle ID:\t\t0x1184\r\n\r\nProcess Information:\r\n\tProcess ID:\t\t0x2374\r\n\tProcess Name:\t\tC:\\Windows\\System32\\WindowsPowerShell\\v1.0\\powershell.exe","Category":"Registry","SubjectDomainName":"MORDOR","@timestamp":"2020-07-22T04:19:05.134Z","Hostname":"WORKSTATION5.mordor.local","SubjectLogonId":"0x24579a8","host":"wec.internal.cloudapp.net","ProcessName":"C:\\Windows\\System32\\WindowsPowerShell\\v1.0\\powershell.exe","ExecutionProcessID":4,"EventType":"AUDIT_SUCCESS","OpcodeValue":0,"EventTime":"2020-07-22 00:19:04","Severity":"INFO","EventID":4658,"ThreadID":7184,"RecordNumber":258672}
{"Task":12807,"EventReceivedTime":"2020-07-22 00:19:05","Opcode":"Info","port":55069,"TargetHandleId":"0x3fd4","SeverityValue":2,"SubjectUserSid":"S-1-5-21-2253742117-2054739524-205962475-1104","Keywords":-9214364837600034816,"ProviderGuid":"{54849625-5478-4994-A5BA-3E3B0328C30D}","@version":"1","SourceProcessId":"0x2374","TargetProcessId":"0x4","Version":0,"SourceModuleType":"im_msvistalog","tags":["mordorDataset"],"SubjectUserName":"pgustavo","SourceName":"Microsoft-Windows-Security-Auditing","ProcessId":"0x2374","Channel":"Security","SourceModuleName":"eventlog","Message":"An attempt was made to duplicate a handle to an object.\r\n\r\nSubject:\r\n\tSecurity ID:\t\tS-1-5-21-2253742117-2054739524-205962475-1104\r\n\tAccount Name:\t\tpgustavo\r\n\tAccount Domain:\t\tMORDOR\r\n\tLogon ID:\t\t0x24579A8\r\n\r\nSource Handle Information:\r\n\tSource Handle ID:\t0x1184\r\n\tSource Process ID:\t0x2374\r\n\r\nNew Handle Information:\r\n\tTarget Handle ID:\t0x3fd4\r\n\tTarget Process ID:\t0x4","Category":"Handle Manipulation","SubjectDomainName":"MORDOR","@timestamp":"2020-07-22T04:19:05.134Z","Hostname":"WORKSTATION5.mordor.local","SubjectLogonId":"0x24579a8","host":"wec.internal.cloudapp.net","SourceHandleId":"0x1184","ExecutionProcessID":4,"EventType":"AUDIT_SUCCESS","OpcodeValue":0,"EventTime":"2020-07-22 00:19:04","Severity":"INFO","EventID":4690,"ThreadID":7184,"RecordNumber":258673}
{"Task":12801,"EventReceivedTime":"2020-07-22 00:19:05","Opcode":"Info","port":55069,"SeverityValue":2,"SubjectUserSid":"S-1-5-21-2253742117-2054739524-205962475-1104","Keywords":-9214364837600034816,"ProviderGuid":"{54849625-5478-4994-A5BA-3E3B0328C30D}","@version":"1","SourceModuleType":"im_msvistalog","Version":0,"ObjectServer":"Security","tags":["mordorDataset"],"SubjectUserName":"pgustavo","SourceName":"Microsoft-Windows-Security-Auditing","ProcessId":"0x2374","HandleId":"0x3fd4","Channel":"Security","SourceModuleName":"eventlog","Message":"The handle to an object was closed.\r\n\r\nSubject :\r\n\tSecurity ID:\t\tS-1-5-21-2253742117-2054739524-205962475-1104\r\n\tAccount Name:\t\tpgustavo\r\n\tAccount Domain:\t\tMORDOR\r\n\tLogon ID:\t\t0x24579A8\r\n\r\nObject:\r\n\tObject Server:\t\tSecurity\r\n\tHandle ID:\t\t0x3fd4\r\n\r\nProcess Information:\r\n\tProcess ID:\t\t0x2374\r\n\tProcess Name:\t\tC:\\Windows\\System32\\WindowsPowerShell\\v1.0\\powershell.exe","Category":"Registry","SubjectDomainName":"MORDOR","@timestamp":"2020-07-22T04:19:05.134Z","Hostname":"WORKSTATION5.mordor.local","SubjectLogonId":"0x24579a8","host":"wec.internal.cloudapp.net","ProcessName":"C:\\Windows\\System32\\WindowsPowerShell\\v1.0\\powershell.exe","ExecutionProcessID":4,"EventType":"AUDIT_SUCCESS","OpcodeValue":0,"EventTime":"2020-07-22 00:19:04","Severity":"INFO","EventID":4658,"ThreadID":7184,"RecordNumber":258674}
{"EventReceivedTime":"2020-07-22 00:19:05","port":55069,"PrivilegeList":"-","SeverityValue":2,"SubjectUserSid":"S-1-5-21-2253742117-2054739524-205962475-1104","Keywords":-9214364837600034816,"ProviderGuid":"{54849625-5478-4994-A5BA-3E3B0328C30D}","Version":1,"ObjectServer":"Security","ProcessId":"0x2374","Channel":"Security","Message":"A handle to an object was requested.\r\n\r\nSubject:\r\n\tSecurity ID:\t\tS-1-5-21-2253742117-2054739524-205962475-1104\r\n\tAccount Name:\t\tpgustavo\r\n\tAccount Domain:\t\tMORDOR\r\n\tLogon ID:\t\t0x24579A8\r\n\r\nObject:\r\n\tObject Server:\t\tSecurity\r\n\tObject Type:\t\tKey\r\n\tObject Name:\t\t\\REGISTRY\\MACHINE\\SOFTWARE\\Microsoft\\Windows\\CurrentVersion\\Run\r\n\tHandle ID:\t\t0x1184\r\n\tResource Attributes:\t-\r\n\r\nProcess Information:\r\n\tProcess ID:\t\t0x2374\r\n\tProcess Name:\t\tC:\\Windows\\System32\\WindowsPowerShell\\v1.0\\powershell.exe\r\n\r\nAccess Request Information:\r\n\tTransaction ID:\t\t{00000000-0000-0000-0000-000000000000}\r\n\tAccesses:\t\tREAD_CONTROL\r\n\t\t\t\tQuery key value\r\n\t\t\t\tEnumerate sub-keys\r\n\t\t\t\tNotify about changes to keys\r\n\t\t\t\t\r\n\tAccess Reasons:\t\t-\r\n\tAccess Mask:\t\t0x20019\r\n\tPrivileges Used for Access Check:\t-\r\n\tRestricted SID Count:\t0","Category":"Registry","@timestamp":"2020-07-22T04:19:05.134Z","SubjectLogonId":"0x24579a8","ProcessName":"C:\\Windows\\System32\\WindowsPowerShell\\v1.0\\powershell.exe","ResourceAttributes":"-","RestrictedSidCount":"0","ThreadID":7184,"Task":12801,"RecordNumber":258675,"Opcode":"Info","TransactionId":"{00000000-0000-0000-0000-000000000000}","@version":"1","SourceModuleType":"im_msvistalog","AccessList":"%%1538\r\n\t\t\t\t%%4432\r\n\t\t\t\t%%4435\r\n\t\t\t\t%%4436\r\n\t\t\t\t","tags":["mordorDataset"],"SubjectUserName":"pgustavo","SourceName":"Microsoft-Windows-Security-Auditing","HandleId":"0x1184","AccessMask":"0x20019","SourceModuleName":"eventlog","ObjectType":"Key","ObjectName":"\\REGISTRY\\MACHINE\\SOFTWARE\\Microsoft\\Windows\\CurrentVersion\\Run","SubjectDomainName":"MORDOR","Hostname":"WORKSTATION5.mordor.local","host":"wec.internal.cloudapp.net","ExecutionProcessID":4,"EventType":"AUDIT_SUCCESS","OpcodeValue":0,"AccessReason":"-","EventTime":"2020-07-22 00:19:04","Severity":"INFO","EventID":4656}
{"Task":12801,"EventReceivedTime":"2020-07-22 00:19:05","Opcode":"Info","port":55069,"SeverityValue":2,"SubjectUserSid":"S-1-5-21-2253742117-2054739524-205962475-1104","Keywords":-9214364837600034816,"ProviderGuid":"{54849625-5478-4994-A5BA-3E3B0328C30D}","@version":"1","SourceModuleType":"im_msvistalog","Version":0,"ObjectServer":"Security","tags":["mordorDataset"],"SubjectUserName":"pgustavo","SourceName":"Microsoft-Windows-Security-Auditing","ProcessId":"0x2374","HandleId":"0x1184","Channel":"Security","SourceModuleName":"eventlog","Message":"The handle to an object was closed.\r\n\r\nSubject :\r\n\tSecurity ID:\t\tS-1-5-21-2253742117-2054739524-205962475-1104\r\n\tAccount Name:\t\tpgustavo\r\n\tAccount Domain:\t\tMORDOR\r\n\tLogon ID:\t\t0x24579A8\r\n\r\nObject:\r\n\tObject Server:\t\tSecurity\r\n\tHandle ID:\t\t0x1184\r\n\r\nProcess Information:\r\n\tProcess ID:\t\t0x2374\r\n\tProcess Name:\t\tC:\\Windows\\System32\\WindowsPowerShell\\v1.0\\powershell.exe","Category":"Registry","SubjectDomainName":"MORDOR","@timestamp":"2020-07-22T04:19:05.134Z","Hostname":"WORKSTATION5.mordor.local","SubjectLogonId":"0x24579a8","host":"wec.internal.cloudapp.net","ProcessName":"C:\\Windows\\System32\\WindowsPowerShell\\v1.0\\powershell.exe","ExecutionProcessID":4,"EventType":"AUDIT_SUCCESS","OpcodeValue":0,"EventTime":"2020-07-22 00:19:04","Severity":"INFO","EventID":4658,"ThreadID":7184,"RecordNumber":258676}
{"Task":12807,"EventReceivedTime":"2020-07-22 00:19:05","Opcode":"Info","port":55069,"TargetHandleId":"0x3fd4","SeverityValue":2,"SubjectUserSid":"S-1-5-21-2253742117-2054739524-205962475-1104","Keywords":-9214364837600034816,"ProviderGuid":"{54849625-5478-4994-A5BA-3E3B0328C30D}","@version":"1","SourceProcessId":"0x2374","TargetProcessId":"0x4","Version":0,"SourceModuleType":"im_msvistalog","tags":["mordorDataset"],"SubjectUserName":"pgustavo","SourceName":"Microsoft-Windows-Security-Auditing","ProcessId":"0x2374","Channel":"Security","SourceModuleName":"eventlog","Message":"An attempt was made to duplicate a handle to an object.\r\n\r\nSubject:\r\n\tSecurity ID:\t\tS-1-5-21-2253742117-2054739524-205962475-1104\r\n\tAccount Name:\t\tpgustavo\r\n\tAccount Domain:\t\tMORDOR\r\n\tLogon ID:\t\t0x24579A8\r\n\r\nSource Handle Information:\r\n\tSource Handle ID:\t0x1184\r\n\tSource Process ID:\t0x2374\r\n\r\nNew Handle Information:\r\n\tTarget Handle ID:\t0x3fd4\r\n\tTarget Process ID:\t0x4","Category":"Handle Manipulation","SubjectDomainName":"MORDOR","@timestamp":"2020-07-22T04:19:05.135Z","Hostname":"WORKSTATION5.mordor.local","SubjectLogonId":"0x24579a8","host":"wec.internal.cloudapp.net","SourceHandleId":"0x1184","ExecutionProcessID":4,"EventType":"AUDIT_SUCCESS","OpcodeValue":0,"EventTime":"2020-07-22 00:19:04","Severity":"INFO","EventID":4690,"ThreadID":7184,"RecordNumber":258677}
{"Task":12801,"EventReceivedTime":"2020-07-22 00:19:05","Opcode":"Info","port":55069,"SeverityValue":2,"SubjectUserSid":"S-1-5-21-2253742117-2054739524-205962475-1104","Keywords":-9214364837600034816,"ProviderGuid":"{54849625-5478-4994-A5BA-3E3B0328C30D}","@version":"1","SourceModuleType":"im_msvistalog","Version":0,"ObjectServer":"Security","tags":["mordorDataset"],"SubjectUserName":"pgustavo","SourceName":"Microsoft-Windows-Security-Auditing","ProcessId":"0x2374","HandleId":"0x3fd4","Channel":"Security","SourceModuleName":"eventlog","Message":"The handle to an object was closed.\r\n\r\nSubject :\r\n\tSecurity ID:\t\tS-1-5-21-2253742117-2054739524-205962475-1104\r\n\tAccount Name:\t\tpgustavo\r\n\tAccount Domain:\t\tMORDOR\r\n\tLogon ID:\t\t0x24579A8\r\n\r\nObject:\r\n\tObject Server:\t\tSecurity\r\n\tHandle ID:\t\t0x3fd4\r\n\r\nProcess Information:\r\n\tProcess ID:\t\t0x2374\r\n\tProcess Name:\t\tC:\\Windows\\System32\\WindowsPowerShell\\v1.0\\powershell.exe","Category":"Registry","SubjectDomainName":"MORDOR","@timestamp":"2020-07-22T04:19:05.135Z","Hostname":"WORKSTATION5.mordor.local","SubjectLogonId":"0x24579a8","host":"wec.internal.cloudapp.net","ProcessName":"C:\\Windows\\System32\\WindowsPowerShell\\v1.0\\powershell.exe","ExecutionProcessID":4,"EventType":"AUDIT_SUCCESS","OpcodeValue":0,"EventTime":"2020-07-22 00:19:04","Severity":"INFO","EventID":4658,"ThreadID":7184,"RecordNumber":258678}
{"EventReceivedTime":"2020-07-22 00:19:05","port":55069,"PrivilegeList":"-","SeverityValue":2,"SubjectUserSid":"S-1-5-21-2253742117-2054739524-205962475-1104","Keywords":-9214364837600034816,"ProviderGuid":"{54849625-5478-4994-A5BA-3E3B0328C30D}","Version":1,"ObjectServer":"Security","ProcessId":"0x2374","Channel":"Security","Message":"A handle to an object was requested.\r\n\r\nSubject:\r\n\tSecurity ID:\t\tS-1-5-21-2253742117-2054739524-205962475-1104\r\n\tAccount Name:\t\tpgustavo\r\n\tAccount Domain:\t\tMORDOR\r\n\tLogon ID:\t\t0x24579A8\r\n\r\nObject:\r\n\tObject Server:\t\tSecurity\r\n\tObject Type:\t\tKey\r\n\tObject Name:\t\t\\REGISTRY\\MACHINE\\SOFTWARE\\Microsoft\\Windows\\CurrentVersion\\Run\r\n\tHandle ID:\t\t0x1184\r\n\tResource Attributes:\t-\r\n\r\nProcess Information:\r\n\tProcess ID:\t\t0x2374\r\n\tProcess Name:\t\tC:\\Windows\\System32\\WindowsPowerShell\\v1.0\\powershell.exe\r\n\r\nAccess Request Information:\r\n\tTransaction ID:\t\t{00000000-0000-0000-0000-000000000000}\r\n\tAccesses:\t\tREAD_CONTROL\r\n\t\t\t\tQuery key value\r\n\t\t\t\tEnumerate sub-keys\r\n\t\t\t\tNotify about changes to keys\r\n\t\t\t\t\r\n\tAccess Reasons:\t\t-\r\n\tAccess Mask:\t\t0x20019\r\n\tPrivileges Used for Access Check:\t-\r\n\tRestricted SID Count:\t0","Category":"Registry","@timestamp":"2020-07-22T04:19:05.135Z","SubjectLogonId":"0x24579a8","ProcessName":"C:\\Windows\\System32\\WindowsPowerShell\\v1.0\\powershell.exe","ResourceAttributes":"-","RestrictedSidCount":"0","ThreadID":7184,"Task":12801,"RecordNumber":258679,"Opcode":"Info","TransactionId":"{00000000-0000-0000-0000-000000000000}","@version":"1","SourceModuleType":"im_msvistalog","AccessList":"%%1538\r\n\t\t\t\t%%4432\r\n\t\t\t\t%%4435\r\n\t\t\t\t%%4436\r\n\t\t\t\t","tags":["mordorDataset"],"SubjectUserName":"pgustavo","SourceName":"Microsoft-Windows-Security-Auditing","HandleId":"0x1184","AccessMask":"0x20019","SourceModuleName":"eventlog","ObjectType":"Key","ObjectName":"\\REGISTRY\\MACHINE\\SOFTWARE\\Microsoft\\Windows\\CurrentVersion\\Run","SubjectDomainName":"MORDOR","Hostname":"WORKSTATION5.mordor.local","host":"wec.internal.cloudapp.net","ExecutionProcessID":4,"EventType":"AUDIT_SUCCESS","OpcodeValue":0,"AccessReason":"-","EventTime":"2020-07-22 00:19:04","Severity":"INFO","EventID":4656}
{"Task":12801,"EventReceivedTime":"2020-07-22 00:19:05","Opcode":"Info","port":55069,"SeverityValue":2,"SubjectUserSid":"S-1-5-21-2253742117-2054739524-205962475-1104","Keywords":-9214364837600034816,"ProviderGuid":"{54849625-5478-4994-A5BA-3E3B0328C30D}","@version":"1","SourceModuleType":"im_msvistalog","Version":0,"ObjectServer":"Security","tags":["mordorDataset"],"SubjectUserName":"pgustavo","SourceName":"Microsoft-Windows-Security-Auditing","ProcessId":"0x2374","HandleId":"0x1184","Channel":"Security","SourceModuleName":"eventlog","Message":"The handle to an object was closed.\r\n\r\nSubject :\r\n\tSecurity ID:\t\tS-1-5-21-2253742117-2054739524-205962475-1104\r\n\tAccount Name:\t\tpgustavo\r\n\tAccount Domain:\t\tMORDOR\r\n\tLogon ID:\t\t0x24579A8\r\n\r\nObject:\r\n\tObject Server:\t\tSecurity\r\n\tHandle ID:\t\t0x1184\r\n\r\nProcess Information:\r\n\tProcess ID:\t\t0x2374\r\n\tProcess Name:\t\tC:\\Windows\\System32\\WindowsPowerShell\\v1.0\\powershell.exe","Category":"Registry","SubjectDomainName":"MORDOR","@timestamp":"2020-07-22T04:19:05.136Z","Hostname":"WORKSTATION5.mordor.local","SubjectLogonId":"0x24579a8","host":"wec.internal.cloudapp.net","ProcessName":"C:\\Windows\\System32\\WindowsPowerShell\\v1.0\\powershell.exe","ExecutionProcessID":4,"EventType":"AUDIT_SUCCESS","OpcodeValue":0,"EventTime":"2020-07-22 00:19:04","Severity":"INFO","EventID":4658,"ThreadID":7184,"RecordNumber":258680}
{"Task":12807,"EventReceivedTime":"2020-07-22 00:19:05","Opcode":"Info","port":55069,"TargetHandleId":"0x3fd4","SeverityValue":2,"SubjectUserSid":"S-1-5-21-2253742117-2054739524-205962475-1104","Keywords":-9214364837600034816,"ProviderGuid":"{54849625-5478-4994-A5BA-3E3B0328C30D}","@version":"1","SourceProcessId":"0x2374","TargetProcessId":"0x4","Version":0,"SourceModuleType":"im_msvistalog","tags":["mordorDataset"],"SubjectUserName":"pgustavo","SourceName":"Microsoft-Windows-Security-Auditing","ProcessId":"0x2374","Channel":"Security","SourceModuleName":"eventlog","Message":"An attempt was made to duplicate a handle to an object.\r\n\r\nSubject:\r\n\tSecurity ID:\t\tS-1-5-21-2253742117-2054739524-205962475-1104\r\n\tAccount Name:\t\tpgustavo\r\n\tAccount Domain:\t\tMORDOR\r\n\tLogon ID:\t\t0x24579A8\r\n\r\nSource Handle Information:\r\n\tSource Handle ID:\t0x1184\r\n\tSource Process ID:\t0x2374\r\n\r\nNew Handle Information:\r\n\tTarget Handle ID:\t0x3fd4\r\n\tTarget Process ID:\t0x4","Category":"Handle Manipulation","SubjectDomainName":"MORDOR","@timestamp":"2020-07-22T04:19:05.136Z","Hostname":"WORKSTATION5.mordor.local","SubjectLogonId":"0x24579a8","host":"wec.internal.cloudapp.net","SourceHandleId":"0x1184","ExecutionProcessID":4,"EventType":"AUDIT_SUCCESS","OpcodeValue":0,"EventTime":"2020-07-22 00:19:04","Severity":"INFO","EventID":4690,"ThreadID":7184,"RecordNumber":258681}
{"Task":12801,"EventReceivedTime":"2020-07-22 00:19:05","Opcode":"Info","port":55069,"SeverityValue":2,"SubjectUserSid":"S-1-5-21-2253742117-2054739524-205962475-1104","Keywords":-9214364837600034816,"ProviderGuid":"{54849625-5478-4994-A5BA-3E3B0328C30D}","@version":"1","SourceModuleType":"im_msvistalog","Version":0,"ObjectServer":"Security","tags":["mordorDataset"],"SubjectUserName":"pgustavo","SourceName":"Microsoft-Windows-Security-Auditing","ProcessId":"0x2374","HandleId":"0x3fd4","Channel":"Security","SourceModuleName":"eventlog","Message":"The handle to an object was closed.\r\n\r\nSubject :\r\n\tSecurity ID:\t\tS-1-5-21-2253742117-2054739524-205962475-1104\r\n\tAccount Name:\t\tpgustavo\r\n\tAccount Domain:\t\tMORDOR\r\n\tLogon ID:\t\t0x24579A8\r\n\r\nObject:\r\n\tObject Server:\t\tSecurity\r\n\tHandle ID:\t\t0x3fd4\r\n\r\nProcess Information:\r\n\tProcess ID:\t\t0x2374\r\n\tProcess Name:\t\tC:\\Windows\\System32\\WindowsPowerShell\\v1.0\\powershell.exe","Category":"Registry","SubjectDomainName":"MORDOR","@timestamp":"2020-07-22T04:19:05.136Z","Hostname":"WORKSTATION5.mordor.local","SubjectLogonId":"0x24579a8","host":"wec.internal.cloudapp.net","ProcessName":"C:\\Windows\\System32\\WindowsPowerShell\\v1.0\\powershell.exe","ExecutionProcessID":4,"EventType":"AUDIT_SUCCESS","OpcodeValue":0,"EventTime":"2020-07-22 00:19:04","Severity":"INFO","EventID":4658,"ThreadID":7184,"RecordNumber":258682}
{"EventReceivedTime":"2020-07-22 00:19:05","port":55069,"PrivilegeList":"-","SeverityValue":2,"SubjectUserSid":"S-1-5-21-2253742117-2054739524-205962475-1104","Keywords":-9214364837600034816,"ProviderGuid":"{54849625-5478-4994-A5BA-3E3B0328C30D}","Version":1,"ObjectServer":"Security","ProcessId":"0x2374","Channel":"Security","Message":"A handle to an object was requested.\r\n\r\nSubject:\r\n\tSecurity ID:\t\tS-1-5-21-2253742117-2054739524-205962475-1104\r\n\tAccount Name:\t\tpgustavo\r\n\tAccount Domain:\t\tMORDOR\r\n\tLogon ID:\t\t0x24579A8\r\n\r\nObject:\r\n\tObject Server:\t\tSecurity\r\n\tObject Type:\t\tKey\r\n\tObject Name:\t\t\\REGISTRY\\MACHINE\\SOFTWARE\\Microsoft\\Windows\\CurrentVersion\\Run\r\n\tHandle ID:\t\t0x1184\r\n\tResource Attributes:\t-\r\n\r\nProcess Information:\r\n\tProcess ID:\t\t0x2374\r\n\tProcess Name:\t\tC:\\Windows\\System32\\WindowsPowerShell\\v1.0\\powershell.exe\r\n\r\nAccess Request Information:\r\n\tTransaction ID:\t\t{00000000-0000-0000-0000-000000000000}\r\n\tAccesses:\t\tREAD_CONTROL\r\n\t\t\t\tQuery key value\r\n\t\t\t\tEnumerate sub-keys\r\n\t\t\t\tNotify about changes to keys\r\n\t\t\t\t\r\n\tAccess Reasons:\t\t-\r\n\tAccess Mask:\t\t0x20019\r\n\tPrivileges Used for Access Check:\t-\r\n\tRestricted SID Count:\t0","Category":"Registry","@timestamp":"2020-07-22T04:19:05.136Z","SubjectLogonId":"0x24579a8","ProcessName":"C:\\Windows\\System32\\WindowsPowerShell\\v1.0\\powershell.exe","ResourceAttributes":"-","RestrictedSidCount":"0","ThreadID":7184,"Task":12801,"RecordNumber":258683,"Opcode":"Info","TransactionId":"{00000000-0000-0000-0000-000000000000}","@version":"1","SourceModuleType":"im_msvistalog","AccessList":"%%1538\r\n\t\t\t\t%%4432\r\n\t\t\t\t%%4435\r\n\t\t\t\t%%4436\r\n\t\t\t\t","tags":["mordorDataset"],"SubjectUserName":"pgustavo","SourceName":"Microsoft-Windows-Security-Auditing","HandleId":"0x1184","AccessMask":"0x20019","SourceModuleName":"eventlog","ObjectType":"Key","ObjectName":"\\REGISTRY\\MACHINE\\SOFTWARE\\Microsoft\\Windows\\CurrentVersion\\Run","SubjectDomainName":"MORDOR","Hostname":"WORKSTATION5.mordor.local","host":"wec.internal.cloudapp.net","ExecutionProcessID":4,"EventType":"AUDIT_SUCCESS","OpcodeValue":0,"AccessReason":"-","EventTime":"2020-07-22 00:19:04","Severity":"INFO","EventID":4656}
{"Task":12801,"EventReceivedTime":"2020-07-22 00:19:05","Opcode":"Info","port":55069,"SeverityValue":2,"SubjectUserSid":"S-1-5-21-2253742117-2054739524-205962475-1104","Keywords":-9214364837600034816,"ProviderGuid":"{54849625-5478-4994-A5BA-3E3B0328C30D}","@version":"1","SourceModuleType":"im_msvistalog","Version":0,"ObjectServer":"Security","tags":["mordorDataset"],"SubjectUserName":"pgustavo","SourceName":"Microsoft-Windows-Security-Auditing","ProcessId":"0x2374","HandleId":"0x1184","Channel":"Security","SourceModuleName":"eventlog","Message":"The handle to an object was closed.\r\n\r\nSubject :\r\n\tSecurity ID:\t\tS-1-5-21-2253742117-2054739524-205962475-1104\r\n\tAccount Name:\t\tpgustavo\r\n\tAccount Domain:\t\tMORDOR\r\n\tLogon ID:\t\t0x24579A8\r\n\r\nObject:\r\n\tObject Server:\t\tSecurity\r\n\tHandle ID:\t\t0x1184\r\n\r\nProcess Information:\r\n\tProcess ID:\t\t0x2374\r\n\tProcess Name:\t\tC:\\Windows\\System32\\WindowsPowerShell\\v1.0\\powershell.exe","Category":"Registry","SubjectDomainName":"MORDOR","@timestamp":"2020-07-22T04:19:05.137Z","Hostname":"WORKSTATION5.mordor.local","SubjectLogonId":"0x24579a8","host":"wec.internal.cloudapp.net","ProcessName":"C:\\Windows\\System32\\WindowsPowerShell\\v1.0\\powershell.exe","ExecutionProcessID":4,"EventType":"AUDIT_SUCCESS","OpcodeValue":0,"EventTime":"2020-07-22 00:19:04","Severity":"INFO","EventID":4658,"ThreadID":7184,"RecordNumber":258684}
{"Task":12807,"EventReceivedTime":"2020-07-22 00:19:05","Opcode":"Info","port":55069,"TargetHandleId":"0x3fd4","SeverityValue":2,"SubjectUserSid":"S-1-5-21-2253742117-2054739524-205962475-1104","Keywords":-9214364837600034816,"ProviderGuid":"{54849625-5478-4994-A5BA-3E3B0328C30D}","@version":"1","SourceProcessId":"0x2374","TargetProcessId":"0x4","Version":0,"SourceModuleType":"im_msvistalog","tags":["mordorDataset"],"SubjectUserName":"pgustavo","SourceName":"Microsoft-Windows-Security-Auditing","ProcessId":"0x2374","Channel":"Security","SourceModuleName":"eventlog","Message":"An attempt was made to duplicate a handle to an object.\r\n\r\nSubject:\r\n\tSecurity ID:\t\tS-1-5-21-2253742117-2054739524-205962475-1104\r\n\tAccount Name:\t\tpgustavo\r\n\tAccount Domain:\t\tMORDOR\r\n\tLogon ID:\t\t0x24579A8\r\n\r\nSource Handle Information:\r\n\tSource Handle ID:\t0x1184\r\n\tSource Process ID:\t0x2374\r\n\r\nNew Handle Information:\r\n\tTarget Handle ID:\t0x3fd4\r\n\tTarget Process ID:\t0x4","Category":"Handle Manipulation","SubjectDomainName":"MORDOR","@timestamp":"2020-07-22T04:19:05.137Z","Hostname":"WORKSTATION5.mordor.local","SubjectLogonId":"0x24579a8","host":"wec.internal.cloudapp.net","SourceHandleId":"0x1184","ExecutionProcessID":4,"EventType":"AUDIT_SUCCESS","OpcodeValue":0,"EventTime":"2020-07-22 00:19:04","Severity":"INFO","EventID":4690,"ThreadID":7184,"RecordNumber":258685}
{"Task":12801,"EventReceivedTime":"2020-07-22 00:19:05","Opcode":"Info","port":55069,"SeverityValue":2,"SubjectUserSid":"S-1-5-21-2253742117-2054739524-205962475-1104","Keywords":-9214364837600034816,"ProviderGuid":"{54849625-5478-4994-A5BA-3E3B0328C30D}","@version":"1","SourceModuleType":"im_msvistalog","Version":0,"ObjectServer":"Security","tags":["mordorDataset"],"SubjectUserName":"pgustavo","SourceName":"Microsoft-Windows-Security-Auditing","ProcessId":"0x2374","HandleId":"0x3fd4","Channel":"Security","SourceModuleName":"eventlog","Message":"The handle to an object was closed.\r\n\r\nSubject :\r\n\tSecurity ID:\t\tS-1-5-21-2253742117-2054739524-205962475-1104\r\n\tAccount Name:\t\tpgustavo\r\n\tAccount Domain:\t\tMORDOR\r\n\tLogon ID:\t\t0x24579A8\r\n\r\nObject:\r\n\tObject Server:\t\tSecurity\r\n\tHandle ID:\t\t0x3fd4\r\n\r\nProcess Information:\r\n\tProcess ID:\t\t0x2374\r\n\tProcess Name:\t\tC:\\Windows\\System32\\WindowsPowerShell\\v1.0\\powershell.exe","Category":"Registry","SubjectDomainName":"MORDOR","@timestamp":"2020-07-22T04:19:05.137Z","Hostname":"WORKSTATION5.mordor.local","SubjectLogonId":"0x24579a8","host":"wec.internal.cloudapp.net","ProcessName":"C:\\Windows\\System32\\WindowsPowerShell\\v1.0\\powershell.exe","ExecutionProcessID":4,"EventType":"AUDIT_SUCCESS","OpcodeValue":0,"EventTime":"2020-07-22 00:19:04","Severity":"INFO","EventID":4658,"ThreadID":7184,"RecordNumber":258686}
{"EventReceivedTime":"2020-07-22 00:19:05","port":55069,"PrivilegeList":"-","SeverityValue":2,"SubjectUserSid":"S-1-5-21-2253742117-2054739524-205962475-1104","Keywords":-9214364837600034816,"ProviderGuid":"{54849625-5478-4994-A5BA-3E3B0328C30D}","Version":1,"ObjectServer":"Security","ProcessId":"0x2374","Channel":"Security","Message":"A handle to an object was requested.\r\n\r\nSubject:\r\n\tSecurity ID:\t\tS-1-5-21-2253742117-2054739524-205962475-1104\r\n\tAccount Name:\t\tpgustavo\r\n\tAccount Domain:\t\tMORDOR\r\n\tLogon ID:\t\t0x24579A8\r\n\r\nObject:\r\n\tObject Server:\t\tSecurity\r\n\tObject Type:\t\tKey\r\n\tObject Name:\t\t\\REGISTRY\\MACHINE\\SOFTWARE\\Microsoft\\Windows\\CurrentVersion\\Run\r\n\tHandle ID:\t\t0x1184\r\n\tResource Attributes:\t-\r\n\r\nProcess Information:\r\n\tProcess ID:\t\t0x2374\r\n\tProcess Name:\t\tC:\\Windows\\System32\\WindowsPowerShell\\v1.0\\powershell.exe\r\n\r\nAccess Request Information:\r\n\tTransaction ID:\t\t{00000000-0000-0000-0000-000000000000}\r\n\tAccesses:\t\tREAD_CONTROL\r\n\t\t\t\tQuery key value\r\n\t\t\t\tEnumerate sub-keys\r\n\t\t\t\tNotify about changes to keys\r\n\t\t\t\t\r\n\tAccess Reasons:\t\t-\r\n\tAccess Mask:\t\t0x20019\r\n\tPrivileges Used for Access Check:\t-\r\n\tRestricted SID Count:\t0","Category":"Registry","@timestamp":"2020-07-22T04:19:05.137Z","SubjectLogonId":"0x24579a8","ProcessName":"C:\\Windows\\System32\\WindowsPowerShell\\v1.0\\powershell.exe","ResourceAttributes":"-","RestrictedSidCount":"0","ThreadID":7184,"Task":12801,"RecordNumber":258687,"Opcode":"Info","TransactionId":"{00000000-0000-0000-0000-000000000000}","@version":"1","SourceModuleType":"im_msvistalog","AccessList":"%%1538\r\n\t\t\t\t%%4432\r\n\t\t\t\t%%4435\r\n\t\t\t\t%%4436\r\n\t\t\t\t","tags":["mordorDataset"],"SubjectUserName":"pgustavo","SourceName":"Microsoft-Windows-Security-Auditing","HandleId":"0x1184","AccessMask":"0x20019","SourceModuleName":"eventlog","ObjectType":"Key","ObjectName":"\\REGISTRY\\MACHINE\\SOFTWARE\\Microsoft\\Windows\\CurrentVersion\\Run","SubjectDomainName":"MORDOR","Hostname":"WORKSTATION5.mordor.local","host":"wec.internal.cloudapp.net","ExecutionProcessID":4,"EventType":"AUDIT_SUCCESS","OpcodeValue":0,"AccessReason":"-","EventTime":"2020-07-22 00:19:04","Severity":"INFO","EventID":4656}
{"Task":12801,"EventReceivedTime":"2020-07-22 00:19:05","Opcode":"Info","port":55069,"SeverityValue":2,"SubjectUserSid":"S-1-5-21-2253742117-2054739524-205962475-1104","Keywords":-9214364837600034816,"ProviderGuid":"{54849625-5478-4994-A5BA-3E3B0328C30D}","@version":"1","SourceModuleType":"im_msvistalog","Version":0,"ObjectServer":"Security","tags":["mordorDataset"],"SubjectUserName":"pgustavo","SourceName":"Microsoft-Windows-Security-Auditing","ProcessId":"0x2374","HandleId":"0x1184","Channel":"Security","SourceModuleName":"eventlog","Message":"The handle to an object was closed.\r\n\r\nSubject :\r\n\tSecurity ID:\t\tS-1-5-21-2253742117-2054739524-205962475-1104\r\n\tAccount Name:\t\tpgustavo\r\n\tAccount Domain:\t\tMORDOR\r\n\tLogon ID:\t\t0x24579A8\r\n\r\nObject:\r\n\tObject Server:\t\tSecurity\r\n\tHandle ID:\t\t0x1184\r\n\r\nProcess Information:\r\n\tProcess ID:\t\t0x2374\r\n\tProcess Name:\t\tC:\\Windows\\System32\\WindowsPowerShell\\v1.0\\powershell.exe","Category":"Registry","SubjectDomainName":"MORDOR","@timestamp":"2020-07-22T04:19:05.137Z","Hostname":"WORKSTATION5.mordor.local","SubjectLogonId":"0x24579a8","host":"wec.internal.cloudapp.net","ProcessName":"C:\\Windows\\System32\\WindowsPowerShell\\v1.0\\powershell.exe","ExecutionProcessID":4,"EventType":"AUDIT_SUCCESS","OpcodeValue":0,"EventTime":"2020-07-22 00:19:04","Severity":"INFO","EventID":4658,"ThreadID":7184,"RecordNumber":258688}
{"Task":12807,"EventReceivedTime":"2020-07-22 00:19:05","Opcode":"Info","port":55069,"TargetHandleId":"0x3fd4","SeverityValue":2,"SubjectUserSid":"S-1-5-21-2253742117-2054739524-205962475-1104","Keywords":-9214364837600034816,"ProviderGuid":"{54849625-5478-4994-A5BA-3E3B0328C30D}","@version":"1","SourceProcessId":"0x2374","TargetProcessId":"0x4","Version":0,"SourceModuleType":"im_msvistalog","tags":["mordorDataset"],"SubjectUserName":"pgustavo","SourceName":"Microsoft-Windows-Security-Auditing","ProcessId":"0x2374","Channel":"Security","SourceModuleName":"eventlog","Message":"An attempt was made to duplicate a handle to an object.\r\n\r\nSubject:\r\n\tSecurity ID:\t\tS-1-5-21-2253742117-2054739524-205962475-1104\r\n\tAccount Name:\t\tpgustavo\r\n\tAccount Domain:\t\tMORDOR\r\n\tLogon ID:\t\t0x24579A8\r\n\r\nSource Handle Information:\r\n\tSource Handle ID:\t0x1184\r\n\tSource Process ID:\t0x2374\r\n\r\nNew Handle Information:\r\n\tTarget Handle ID:\t0x3fd4\r\n\tTarget Process ID:\t0x4","Category":"Handle Manipulation","SubjectDomainName":"MORDOR","@timestamp":"2020-07-22T04:19:05.137Z","Hostname":"WORKSTATION5.mordor.local","SubjectLogonId":"0x24579a8","host":"wec.internal.cloudapp.net","SourceHandleId":"0x1184","ExecutionProcessID":4,"EventType":"AUDIT_SUCCESS","OpcodeValue":0,"EventTime":"2020-07-22 00:19:04","Severity":"INFO","EventID":4690,"ThreadID":7184,"RecordNumber":258689}
{"Task":12801,"EventReceivedTime":"2020-07-22 00:19:05","Opcode":"Info","port":55069,"SeverityValue":2,"SubjectUserSid":"S-1-5-21-2253742117-2054739524-205962475-1104","Keywords":-9214364837600034816,"ProviderGuid":"{54849625-5478-4994-A5BA-3E3B0328C30D}","@version":"1","SourceModuleType":"im_msvistalog","Version":0,"ObjectServer":"Security","tags":["mordorDataset"],"SubjectUserName":"pgustavo","SourceName":"Microsoft-Windows-Security-Auditing","ProcessId":"0x2374","HandleId":"0x3fd4","Channel":"Security","SourceModuleName":"eventlog","Message":"The handle to an object was closed.\r\n\r\nSubject :\r\n\tSecurity ID:\t\tS-1-5-21-2253742117-2054739524-205962475-1104\r\n\tAccount Name:\t\tpgustavo\r\n\tAccount Domain:\t\tMORDOR\r\n\tLogon ID:\t\t0x24579A8\r\n\r\nObject:\r\n\tObject Server:\t\tSecurity\r\n\tHandle ID:\t\t0x3fd4\r\n\r\nProcess Information:\r\n\tProcess ID:\t\t0x2374\r\n\tProcess Name:\t\tC:\\Windows\\System32\\WindowsPowerShell\\v1.0\\powershell.exe","Category":"Registry","SubjectDomainName":"MORDOR","@timestamp":"2020-07-22T04:19:05.137Z","Hostname":"WORKSTATION5.mordor.local","SubjectLogonId":"0x24579a8","host":"wec.internal.cloudapp.net","ProcessName":"C:\\Windows\\System32\\WindowsPowerShell\\v1.0\\powershell.exe","ExecutionProcessID":4,"EventType":"AUDIT_SUCCESS","OpcodeValue":0,"EventTime":"2020-07-22 00:19:04","Severity":"INFO","EventID":4658,"ThreadID":7184,"RecordNumber":258690}
{"EventReceivedTime":"2020-07-22 00:19:05","port":55069,"PrivilegeList":"-","SeverityValue":2,"SubjectUserSid":"S-1-5-21-2253742117-2054739524-205962475-1104","Keywords":-9214364837600034816,"ProviderGuid":"{54849625-5478-4994-A5BA-3E3B0328C30D}","Version":1,"ObjectServer":"Security","ProcessId":"0x2374","Channel":"Security","Message":"A handle to an object was requested.\r\n\r\nSubject:\r\n\tSecurity ID:\t\tS-1-5-21-2253742117-2054739524-205962475-1104\r\n\tAccount Name:\t\tpgustavo\r\n\tAccount Domain:\t\tMORDOR\r\n\tLogon ID:\t\t0x24579A8\r\n\r\nObject:\r\n\tObject Server:\t\tSecurity\r\n\tObject Type:\t\tKey\r\n\tObject Name:\t\t\\REGISTRY\\MACHINE\\SOFTWARE\\Microsoft\\Windows\\CurrentVersion\\Run\r\n\tHandle ID:\t\t0x1184\r\n\tResource Attributes:\t-\r\n\r\nProcess Information:\r\n\tProcess ID:\t\t0x2374\r\n\tProcess Name:\t\tC:\\Windows\\System32\\WindowsPowerShell\\v1.0\\powershell.exe\r\n\r\nAccess Request Information:\r\n\tTransaction ID:\t\t{00000000-0000-0000-0000-000000000000}\r\n\tAccesses:\t\tREAD_CONTROL\r\n\t\t\t\tQuery key value\r\n\t\t\t\tEnumerate sub-keys\r\n\t\t\t\tNotify about changes to keys\r\n\t\t\t\t\r\n\tAccess Reasons:\t\t-\r\n\tAccess Mask:\t\t0x20019\r\n\tPrivileges Used for Access Check:\t-\r\n\tRestricted SID Count:\t0","Category":"Registry","@timestamp":"2020-07-22T04:19:05.137Z","SubjectLogonId":"0x24579a8","ProcessName":"C:\\Windows\\System32\\WindowsPowerShell\\v1.0\\powershell.exe","ResourceAttributes":"-","RestrictedSidCount":"0","ThreadID":7184,"Task":12801,"RecordNumber":258691,"Opcode":"Info","TransactionId":"{00000000-0000-0000-0000-000000000000}","@version":"1","SourceModuleType":"im_msvistalog","AccessList":"%%1538\r\n\t\t\t\t%%4432\r\n\t\t\t\t%%4435\r\n\t\t\t\t%%4436\r\n\t\t\t\t","tags":["mordorDataset"],"SubjectUserName":"pgustavo","SourceName":"Microsoft-Windows-Security-Auditing","HandleId":"0x1184","AccessMask":"0x20019","SourceModuleName":"eventlog","ObjectType":"Key","ObjectName":"\\REGISTRY\\MACHINE\\SOFTWARE\\Microsoft\\Windows\\CurrentVersion\\Run","SubjectDomainName":"MORDOR","Hostname":"WORKSTATION5.mordor.local","host":"wec.internal.cloudapp.net","ExecutionProcessID":4,"EventType":"AUDIT_SUCCESS","OpcodeValue":0,"AccessReason":"-","EventTime":"2020-07-22 00:19:04","Severity":"INFO","EventID":4656}
{"Task":12801,"EventReceivedTime":"2020-07-22 00:19:05","Opcode":"Info","port":55069,"SeverityValue":2,"SubjectUserSid":"S-1-5-21-2253742117-2054739524-205962475-1104","Keywords":-9214364837600034816,"ProviderGuid":"{54849625-5478-4994-A5BA-3E3B0328C30D}","@version":"1","SourceModuleType":"im_msvistalog","Version":0,"ObjectServer":"Security","tags":["mordorDataset"],"SubjectUserName":"pgustavo","SourceName":"Microsoft-Windows-Security-Auditing","ProcessId":"0x2374","HandleId":"0x1184","Channel":"Security","SourceModuleName":"eventlog","Message":"The handle to an object was closed.\r\n\r\nSubject :\r\n\tSecurity ID:\t\tS-1-5-21-2253742117-2054739524-205962475-1104\r\n\tAccount Name:\t\tpgustavo\r\n\tAccount Domain:\t\tMORDOR\r\n\tLogon ID:\t\t0x24579A8\r\n\r\nObject:\r\n\tObject Server:\t\tSecurity\r\n\tHandle ID:\t\t0x1184\r\n\r\nProcess Information:\r\n\tProcess ID:\t\t0x2374\r\n\tProcess Name:\t\tC:\\Windows\\System32\\WindowsPowerShell\\v1.0\\powershell.exe","Category":"Registry","SubjectDomainName":"MORDOR","@timestamp":"2020-07-22T04:19:05.138Z","Hostname":"WORKSTATION5.mordor.local","SubjectLogonId":"0x24579a8","host":"wec.internal.cloudapp.net","ProcessName":"C:\\Windows\\System32\\WindowsPowerShell\\v1.0\\powershell.exe","ExecutionProcessID":4,"EventType":"AUDIT_SUCCESS","OpcodeValue":0,"EventTime":"2020-07-22 00:19:04","Severity":"INFO","EventID":4658,"ThreadID":7184,"RecordNumber":258692}
{"Task":12807,"EventReceivedTime":"2020-07-22 00:19:05","Opcode":"Info","port":55069,"TargetHandleId":"0x3fd4","SeverityValue":2,"SubjectUserSid":"S-1-5-21-2253742117-2054739524-205962475-1104","Keywords":-9214364837600034816,"ProviderGuid":"{54849625-5478-4994-A5BA-3E3B0328C30D}","@version":"1","SourceProcessId":"0x2374","TargetProcessId":"0x4","Version":0,"SourceModuleType":"im_msvistalog","tags":["mordorDataset"],"SubjectUserName":"pgustavo","SourceName":"Microsoft-Windows-Security-Auditing","ProcessId":"0x2374","Channel":"Security","SourceModuleName":"eventlog","Message":"An attempt was made to duplicate a handle to an object.\r\n\r\nSubject:\r\n\tSecurity ID:\t\tS-1-5-21-2253742117-2054739524-205962475-1104\r\n\tAccount Name:\t\tpgustavo\r\n\tAccount Domain:\t\tMORDOR\r\n\tLogon ID:\t\t0x24579A8\r\n\r\nSource Handle Information:\r\n\tSource Handle ID:\t0x1184\r\n\tSource Process ID:\t0x2374\r\n\r\nNew Handle Information:\r\n\tTarget Handle ID:\t0x3fd4\r\n\tTarget Process ID:\t0x4","Category":"Handle Manipulation","SubjectDomainName":"MORDOR","@timestamp":"2020-07-22T04:19:05.138Z","Hostname":"WORKSTATION5.mordor.local","SubjectLogonId":"0x24579a8","host":"wec.internal.cloudapp.net","SourceHandleId":"0x1184","ExecutionProcessID":4,"EventType":"AUDIT_SUCCESS","OpcodeValue":0,"EventTime":"2020-07-22 00:19:04","Severity":"INFO","EventID":4690,"ThreadID":7184,"RecordNumber":258693}
