{"@version":"1","EventType":"INFO","AccountType":"User","ThreadID":4208,"Channel":"Microsoft-Windows-Sysmon/Operational","OpcodeValue":0,"OriginalFileName":"wmidcom.dll","Hostname":"MORDORDC.theshire.local","@timestamp":"2020-08-07T15:04:13.220Z","ProcessId":"4164","Signed":"true","host":"wec.internal.cloudapp.net","SignatureStatus":"Valid","Severity":"INFO","SeverityValue":2,"Image":"C:\\Windows\\System32\\svchost.exe","SourceModuleType":"im_msvistalog","FileVersion":"10.0.17763.1 (WinBuild.160101.0800)","Version":3,"Company":"Microsoft Corporation","EventTime":"2020-08-07 11:04:10","Task":7,"Signature":"Microsoft Windows","SourceName":"Microsoft-Windows-Sysmon","Message":"Image loaded:\r\nRuleName: -\r\nUtcTime: 2020-08-07 15:04:10.500\r\nProcessGuid: {9f85ce58-5cd3-5f2b-7402-000000000400}\r\nProcessId: 4164\r\nImage: C:\\Windows\\System32\\svchost.exe\r\nImageLoaded: C:\\Windows\\System32\\wmidcom.dll\r\nFileVersion: 10.0.17763.1 (WinBuild.160101.0800)\r\nDescription: WMI\r\nProduct: Microsoft® Windows® Operating System\r\nCompany: Microsoft Corporation\r\nOriginalFileName: wmidcom.dll\r\nHashes: SHA1=4C7308C2A323D850C3E5DCB88A32A1C7DF9CBE4F,MD5=A9BC5F3E3C6406C3C5ABE804FBF7BC76,SHA256=A0177FD4B7690A680E5EAC9BDC78E21117B523622607BCA47305EB74984CF901,IMPHASH=8461651332BA942E21A64DBF3E9E80F8\r\nSigned: true\r\nSignature: Microsoft Windows\r\nSignatureStatus: Valid","SourceModuleName":"eventlog","ImageLoaded":"C:\\Windows\\System32\\wmidcom.dll","EventReceivedTime":"2020-08-07 11:04:13","port":60122,"AccountName":"SYSTEM","UtcTime":"2020-08-07 15:04:10.500","Domain":"NT AUTHORITY","ExecutionProcessID":3888,"Hashes":"SHA1=4C7308C2A323D850C3E5DCB88A32A1C7DF9CBE4F,MD5=A9BC5F3E3C6406C3C5ABE804FBF7BC76,SHA256=A0177FD4B7690A680E5EAC9BDC78E21117B523622607BCA47305EB74984CF901,IMPHASH=8461651332BA942E21A64DBF3E9E80F8","Description":"WMI","UserID":"S-1-5-18","EventID":7,"Product":"Microsoft® Windows® Operating System","ProviderGuid":"{5770385F-C22A-43E0-BF4C-06F5698FFBD9}","RecordNumber":764610,"Keywords":-9223372036854775808,"ProcessGuid":"{9f85ce58-5cd3-5f2b-7402-000000000400}","tags":["mordorDataset"],"RuleName":"-"}
{"@version":"1","EventType":"INFO","AccountType":"User","ThreadID":4208,"Channel":"Microsoft-Windows-Sysmon/Operational","OpcodeValue":0,"OriginalFileName":"dpapi.dll","Hostname":"MORDORDC.theshire.local","@timestamp":"2020-08-07T15:04:13.220Z","ProcessId":"4164","Signed":"true","host":"wec.internal.cloudapp.net","SignatureStatus":"Valid","Severity":"INFO","SeverityValue":2,"Image":"C:\\Windows\\System32\\svchost.exe","SourceModuleType":"im_msvistalog","FileVersion":"10.0.17763.1 (WinBuild.160101.0800)","Version":3,"Company":"Microsoft Corporation","EventTime":"2020-08-07 11:04:10","Task":7,"Signature":"Microsoft Windows","SourceName":"Microsoft-Windows-Sysmon","Message":"Image loaded:\r\nRuleName: -\r\nUtcTime: 2020-08-07 15:04:10.500\r\nProcessGuid: {9f85ce58-5cd3-5f2b-7402-000000000400}\r\nProcessId: 4164\r\nImage: C:\\Windows\\System32\\svchost.exe\r\nImageLoaded: C:\\Windows\\System32\\dpapi.dll\r\nFileVersion: 10.0.17763.1 (WinBuild.160101.0800)\r\nDescription: Data Protection API\r\nProduct: Microsoft® Windows® Operating System\r\nCompany: Microsoft Corporation\r\nOriginalFileName: dpapi.dll\r\nHashes: SHA1=C50FDD4A17CA9451C66413BA04ED2CC79883AD16,MD5=CF864B08CEA15894A4E6E676A7FE89A3,SHA256=0D1488B2FF471C1EF2F8F2742D685A8778B2C1512A044BDF2606C3ED92E0B512,IMPHASH=C591E3A4DDFE145A26EEC16DB70623B7\r\nSigned: true\r\nSignature: Microsoft Windows\r\nSignatureStatus: Valid","SourceModuleName":"eventlog","ImageLoaded":"C:\\Windows\\System32\\dpapi.dll","EventReceivedTime":"2020-08-07 11:04:13","port":60122,"AccountName":"SYSTEM","UtcTime":"2020-08-07 15:04:10.500","Domain":"NT AUTHORITY","ExecutionProcessID":3888,"Hashes":"SHA1=C50FDD4A17CA9451C66413BA04ED2CC79883AD16,MD5=CF864B08CEA15894A4E6E676A7FE89A3,SHA256=0D1488B2FF471C1EF2F8F2742D685A8778B2C1512A044BDF2606C3ED92E0B512,IMPHASH=C591E3A4DDFE145A26EEC16DB70623B7","Description":"Data Protection API","UserID":"S-1-5-18","EventID":7,"Product":"Microsoft® Windows® Operating System","ProviderGuid":"{5770385F-C22A-43E0-BF4C-06F5698FFBD9}","RecordNumber":764611,"Keywords":-9223372036854775808,"ProcessGuid":"{9f85ce58-5cd3-5f2b-7402-000000000400}","tags":["mordorDataset"],"RuleName":"-"}
{"@version":"1","EventType":"AUDIT_SUCCESS","Version":0,"ThreadID":6692,"EventTime":"2020-08-07 11:04:14","Task":12810,"SourcePort":"54477","Channel":"Security","SourceName":"Microsoft-Windows-Security-Auditing","OpcodeValue":0,"Hostname":"MORDORDC.theshire.local","@timestamp":"2020-08-07T15:04:16.237Z","Message":"The Windows Filtering Platform has permitted a bind to a local port.\r\n\r\nApplication Information:\r\n\tProcess ID:\t\t3596\r\n\tApplication Name:\t\\device\\harddiskvolume2\\windows\\system32\\dfsrs.exe\r\n\r\nNetwork Information:\r\n\tSource Address:\t\t::\r\n\tSource Port:\t\t54477\r\n\tProtocol:\t\t6\r\n\r\nFilter Information:\r\n\tFilter Run-Time ID:\t0\r\n\tLayer Name:\t\tResource Assignment\r\n\tLayer Run-Time ID:\t38","Category":"Filtering Platform Connection","Opcode":"Info","SourceModuleName":"eventlog","ProcessId":"3596","EventReceivedTime":"2020-08-07 11:04:16","port":60122,"Application":"\\device\\harddiskvolume2\\windows\\system32\\dfsrs.exe","ExecutionProcessID":4,"host":"wec.internal.cloudapp.net","Severity":"INFO","LayerRTID":"38","LayerName":"%%14608","SeverityValue":2,"EventID":5158,"SourceAddress":"::","ProviderGuid":"{54849625-5478-4994-A5BA-3E3B0328C30D}","RecordNumber":772613,"SourceModuleType":"im_msvistalog","Keywords":-9214364837600034816,"FilterRTID":"0","Protocol":"6","tags":["mordorDataset"]}
{"tags":["mordorDataset"],"@version":"1","EventType":"CreateKey","Version":2,"ThreadID":4208,"EventTime":"2020-08-07 11:04:14","Task":12,"AccountType":"User","Channel":"Microsoft-Windows-Sysmon/Operational","EventTypeOrignal":"INFO","SourceName":"Microsoft-Windows-Sysmon","Hostname":"MORDORDC.theshire.local","@timestamp":"2020-08-07T15:04:16.238Z","OpcodeValue":0,"Message":"Registry object added or deleted:\r\nRuleName: -\r\nEventType: CreateKey\r\nUtcTime: 2020-08-07 15:04:14.516\r\nProcessGuid: {9f85ce58-59d8-5f2b-0c00-000000000400}\r\nProcessId: 704\r\nImage: C:\\windows\\system32\\lsass.exe\r\nTargetObject: HKLM\\System\\CurrentControlSet\\Services\\Tcpip\\Parameters","SourceModuleName":"eventlog","ProcessId":"704","EventReceivedTime":"2020-08-07 11:04:16","port":60122,"AccountName":"SYSTEM","UtcTime":"2020-08-07 15:04:14.516","Domain":"NT AUTHORITY","ExecutionProcessID":3888,"host":"wec.internal.cloudapp.net","Severity":"INFO","TargetObject":"HKLM\\System\\CurrentControlSet\\Services\\Tcpip\\Parameters","SeverityValue":2,"EventID":12,"UserID":"S-1-5-18","ProviderGuid":"{5770385F-C22A-43E0-BF4C-06F5698FFBD9}","RecordNumber":764612,"Image":"C:\\windows\\system32\\lsass.exe","Keywords":-9223372036854775808,"ProcessGuid":"{9f85ce58-59d8-5f2b-0c00-000000000400}","SourceModuleType":"im_msvistalog","RuleName":"-"}
{"SourceModuleType":"im_msvistalog","tags":["mordorDataset"],"@version":"1","EventType":"INFO","Version":2,"ThreadID":4208,"EventTime":"2020-08-07 11:04:14","Task":11,"AccountType":"User","Channel":"Microsoft-Windows-Sysmon/Operational","SourceName":"Microsoft-Windows-Sysmon","OpcodeValue":0,"Hostname":"MORDORDC.theshire.local","@timestamp":"2020-08-07T15:04:16.238Z","Message":"File created:\r\nRuleName: -\r\nUtcTime: 2020-08-07 15:04:14.531\r\nProcessGuid: {9f85ce58-59ed-5f2b-4f00-000000000400}\r\nProcessId: 3596\r\nImage: C:\\windows\\system32\\DFSRs.exe\r\nTargetFilename: C:\\System Volume Information\\DFSR\\Config\\Replica_ED16C134-8473-46E3-B7D2-B88531A53D73.XML.TMP\r\nCreationUtcTime: 2020-08-07 15:04:14.531","SourceModuleName":"eventlog","ProcessId":"3596","EventReceivedTime":"2020-08-07 11:04:16","port":60122,"AccountName":"SYSTEM","UtcTime":"2020-08-07 15:04:14.531","Domain":"NT AUTHORITY","ExecutionProcessID":3888,"TargetFilename":"C:\\System Volume Information\\DFSR\\Config\\Replica_ED16C134-8473-46E3-B7D2-B88531A53D73.XML.TMP","host":"wec.internal.cloudapp.net","Severity":"INFO","SeverityValue":2,"EventID":11,"UserID":"S-1-5-18","ProviderGuid":"{5770385F-C22A-43E0-BF4C-06F5698FFBD9}","RecordNumber":764613,"Image":"C:\\windows\\system32\\DFSRs.exe","Keywords":-9223372036854775808,"ProcessGuid":"{9f85ce58-59ed-5f2b-4f00-000000000400}","CreationUtcTime":"2020-08-07 15:04:14.531","RuleName":"-"}
{"tags":["mordorDataset"],"@version":"1","EventType":"AUDIT_SUCCESS","Version":1,"ThreadID":6692,"EventTime":"2020-08-07 11:04:14","Task":12810,"DestAddress":"fe80::3816:b2ee:1b9b:324b","SourcePort":"54477","Channel":"Security","SourceName":"Microsoft-Windows-Security-Auditing","OpcodeValue":0,"Hostname":"MORDORDC.theshire.local","@timestamp":"2020-08-07T15:04:16.238Z","Message":"The Windows Filtering Platform has permitted a connection.\r\n\r\nApplication Information:\r\n\tProcess ID:\t\t3596\r\n\tApplication Name:\t\\device\\harddiskvolume2\\windows\\system32\\dfsrs.exe\r\n\r\nNetwork Information:\r\n\tDirection:\t\tOutbound\r\n\tSource Address:\t\tfe80::3816:b2ee:1b9b:324b\r\n\tSource Port:\t\t54477\r\n\tDestination Address:\tfe80::3816:b2ee:1b9b:324b\r\n\tDestination Port:\t\t135\r\n\tProtocol:\t\t6\r\n\r\nFilter Information:\r\n\tFilter Run-Time ID:\t65853\r\n\tLayer Name:\t\tConnect\r\n\tLayer Run-Time ID:\t50","Category":"Filtering Platform Connection","Opcode":"Info","SourceModuleName":"eventlog","ProcessId":"3596","EventReceivedTime":"2020-08-07 11:04:16","port":60122,"Application":"\\device\\harddiskvolume2\\windows\\system32\\dfsrs.exe","ExecutionProcessID":4,"Direction":"%%14593","RemoteMachineID":"S-1-0-0","host":"wec.internal.cloudapp.net","DestPort":"135","Severity":"INFO","LayerRTID":"50","LayerName":"%%14611","SeverityValue":2,"EventID":5156,"SourceAddress":"fe80::3816:b2ee:1b9b:324b","ProviderGuid":"{54849625-5478-4994-A5BA-3E3B0328C30D}","RecordNumber":772614,"SourceModuleType":"im_msvistalog","Keywords":-9214364837600034816,"FilterRTID":"65853","Protocol":"6","RemoteUserID":"S-1-0-0"}
{"tags":["mordorDataset"],"@version":"1","EventType":"CreateKey","Version":2,"ThreadID":4208,"EventTime":"2020-08-07 11:04:14","Task":12,"AccountType":"User","Channel":"Microsoft-Windows-Sysmon/Operational","EventTypeOrignal":"INFO","SourceName":"Microsoft-Windows-Sysmon","Hostname":"MORDORDC.theshire.local","@timestamp":"2020-08-07T15:04:16.238Z","OpcodeValue":0,"Message":"Registry object added or deleted:\r\nRuleName: -\r\nEventType: CreateKey\r\nUtcTime: 2020-08-07 15:04:14.531\r\nProcessGuid: {9f85ce58-59ed-5f2b-4f00-000000000400}\r\nProcessId: 3596\r\nImage: C:\\windows\\system32\\DFSRs.exe\r\nTargetObject: HKLM\\System\\CurrentControlSet\\Services\\DFSR\\Parameters\\Replication Groups\\ED16C134-8473-46E3-B7D2-B88531A53D73","SourceModuleName":"eventlog","ProcessId":"3596","EventReceivedTime":"2020-08-07 11:04:16","port":60122,"AccountName":"SYSTEM","UtcTime":"2020-08-07 15:04:14.531","Domain":"NT AUTHORITY","ExecutionProcessID":3888,"host":"wec.internal.cloudapp.net","Severity":"INFO","TargetObject":"HKLM\\System\\CurrentControlSet\\Services\\DFSR\\Parameters\\Replication Groups\\ED16C134-8473-46E3-B7D2-B88531A53D73","SeverityValue":2,"EventID":12,"UserID":"S-1-5-18","ProviderGuid":"{5770385F-C22A-43E0-BF4C-06F5698FFBD9}","RecordNumber":764614,"Image":"C:\\windows\\system32\\DFSRs.exe","Keywords":-9223372036854775808,"ProcessGuid":"{9f85ce58-59ed-5f2b-4f00-000000000400}","SourceModuleType":"im_msvistalog","RuleName":"-"}
{"tags":["mordorDataset"],"@version":"1","EventType":"AUDIT_SUCCESS","Version":1,"ThreadID":6692,"EventTime":"2020-08-07 11:04:14","Task":12810,"DestAddress":"fe80::3816:b2ee:1b9b:324b","SourcePort":"54477","Channel":"Security","SourceName":"Microsoft-Windows-Security-Auditing","OpcodeValue":0,"Hostname":"MORDORDC.theshire.local","@timestamp":"2020-08-07T15:04:16.238Z","Message":"The Windows Filtering Platform has permitted a connection.\r\n\r\nApplication Information:\r\n\tProcess ID:\t\t976\r\n\tApplication Name:\t\\device\\harddiskvolume2\\windows\\system32\\svchost.exe\r\n\r\nNetwork Information:\r\n\tDirection:\t\tInbound\r\n\tSource Address:\t\tfe80::3816:b2ee:1b9b:324b\r\n\tSource Port:\t\t54477\r\n\tDestination Address:\tfe80::3816:b2ee:1b9b:324b\r\n\tDestination Port:\t\t135\r\n\tProtocol:\t\t6\r\n\r\nFilter Information:\r\n\tFilter Run-Time ID:\t65851\r\n\tLayer Name:\t\tReceive/Accept\r\n\tLayer Run-Time ID:\t46","Category":"Filtering Platform Connection","Opcode":"Info","SourceModuleName":"eventlog","ProcessId":"976","EventReceivedTime":"2020-08-07 11:04:16","port":60122,"Application":"\\device\\harddiskvolume2\\windows\\system32\\svchost.exe","ExecutionProcessID":4,"Direction":"%%14592","RemoteMachineID":"S-1-0-0","host":"wec.internal.cloudapp.net","DestPort":"135","Severity":"INFO","LayerRTID":"46","LayerName":"%%14610","SeverityValue":2,"EventID":5156,"SourceAddress":"fe80::3816:b2ee:1b9b:324b","ProviderGuid":"{54849625-5478-4994-A5BA-3E3B0328C30D}","RecordNumber":772615,"SourceModuleType":"im_msvistalog","Keywords":-9214364837600034816,"FilterRTID":"65851","Protocol":"6","RemoteUserID":"S-1-0-0"}
{"tags":["mordorDataset"],"@version":"1","EventType":"SetValue","Version":2,"ThreadID":4208,"EventTime":"2020-08-07 11:04:14","Task":13,"AccountType":"User","Channel":"Microsoft-Windows-Sysmon/Operational","EventTypeOrignal":"INFO","SourceName":"Microsoft-Windows-Sysmon","Hostname":"MORDORDC.theshire.local","@timestamp":"2020-08-07T15:04:16.239Z","OpcodeValue":0,"Message":"Registry value set:\r\nRuleName: -\r\nEventType: SetValue\r\nUtcTime: 2020-08-07 15:04:14.531\r\nProcessGuid: {9f85ce58-59ed-5f2b-4f00-000000000400}\r\nProcessId: 3596\r\nImage: C:\\windows\\system32\\DFSRs.exe\r\nTargetObject: HKLM\\System\\CurrentControlSet\\Services\\DFSR\\Parameters\\Replication Groups\\ED16C134-8473-46E3-B7D2-B88531A53D73\\Replica Set Configuration File\r\nDetails: \\\\?\\C:\\System Volume Information\\DFSR\\Config\\Replica_ED16C134-8473-46E3-B7D2-B88531A53D73.XML","SourceModuleName":"eventlog","ProcessId":"3596","Details":"\\\\?\\C:\\System Volume Information\\DFSR\\Config\\Replica_ED16C134-8473-46E3-B7D2-B88531A53D73.XML","port":60122,"AccountName":"SYSTEM","EventReceivedTime":"2020-08-07 11:04:16","UtcTime":"2020-08-07 15:04:14.531","Domain":"NT AUTHORITY","ExecutionProcessID":3888,"host":"wec.internal.cloudapp.net","Severity":"INFO","TargetObject":"HKLM\\System\\CurrentControlSet\\Services\\DFSR\\Parameters\\Replication Groups\\ED16C134-8473-46E3-B7D2-B88531A53D73\\Replica Set Configuration File","SeverityValue":2,"EventID":13,"UserID":"S-1-5-18","ProviderGuid":"{5770385F-C22A-43E0-BF4C-06F5698FFBD9}","RecordNumber":764615,"Image":"C:\\windows\\system32\\DFSRs.exe","Keywords":-9223372036854775808,"ProcessGuid":"{9f85ce58-59ed-5f2b-4f00-000000000400}","SourceModuleType":"im_msvistalog","RuleName":"-"}
{"@version":"1","EventType":"AUDIT_SUCCESS","Version":0,"ThreadID":6692,"EventTime":"2020-08-07 11:04:14","Task":12810,"SourcePort":"54478","Channel":"Security","SourceName":"Microsoft-Windows-Security-Auditing","OpcodeValue":0,"Hostname":"MORDORDC.theshire.local","@timestamp":"2020-08-07T15:04:16.240Z","Message":"The Windows Filtering Platform has permitted a bind to a local port.\r\n\r\nApplication Information:\r\n\tProcess ID:\t\t3596\r\n\tApplication Name:\t\\device\\harddiskvolume2\\windows\\system32\\dfsrs.exe\r\n\r\nNetwork Information:\r\n\tSource Address:\t\t::\r\n\tSource Port:\t\t54478\r\n\tProtocol:\t\t6\r\n\r\nFilter Information:\r\n\tFilter Run-Time ID:\t0\r\n\tLayer Name:\t\tResource Assignment\r\n\tLayer Run-Time ID:\t38","Category":"Filtering Platform Connection","Opcode":"Info","SourceModuleName":"eventlog","ProcessId":"3596","EventReceivedTime":"2020-08-07 11:04:16","port":60122,"Application":"\\device\\harddiskvolume2\\windows\\system32\\dfsrs.exe","ExecutionProcessID":4,"host":"wec.internal.cloudapp.net","Severity":"INFO","LayerRTID":"38","LayerName":"%%14608","SeverityValue":2,"EventID":5158,"SourceAddress":"::","ProviderGuid":"{54849625-5478-4994-A5BA-3E3B0328C30D}","RecordNumber":772616,"SourceModuleType":"im_msvistalog","Keywords":-9214364837600034816,"FilterRTID":"0","Protocol":"6","tags":["mordorDataset"]}
{"tags":["mordorDataset"],"@version":"1","EventType":"SetValue","Version":2,"ThreadID":4208,"EventTime":"2020-08-07 11:04:14","Task":13,"AccountType":"User","Channel":"Microsoft-Windows-Sysmon/Operational","EventTypeOrignal":"INFO","SourceName":"Microsoft-Windows-Sysmon","Hostname":"MORDORDC.theshire.local","@timestamp":"2020-08-07T15:04:16.240Z","OpcodeValue":0,"Message":"Registry value set:\r\nRuleName: -\r\nEventType: SetValue\r\nUtcTime: 2020-08-07 15:04:14.531\r\nProcessGuid: {9f85ce58-59ed-5f2b-4f00-000000000400}\r\nProcessId: 3596\r\nImage: C:\\windows\\system32\\DFSRs.exe\r\nTargetObject: HKLM\\System\\CurrentControlSet\\Services\\DFSR\\Parameters\\Replication Groups\\ED16C134-8473-46E3-B7D2-B88531A53D73\\Config Source\r\nDetails: DWORD (0x00000001)","SourceModuleName":"eventlog","ProcessId":"3596","Details":"DWORD (0x00000001)","port":60122,"AccountName":"SYSTEM","EventReceivedTime":"2020-08-07 11:04:16","UtcTime":"2020-08-07 15:04:14.531","Domain":"NT AUTHORITY","ExecutionProcessID":3888,"host":"wec.internal.cloudapp.net","Severity":"INFO","TargetObject":"HKLM\\System\\CurrentControlSet\\Services\\DFSR\\Parameters\\Replication Groups\\ED16C134-8473-46E3-B7D2-B88531A53D73\\Config Source","SeverityValue":2,"EventID":13,"UserID":"S-1-5-18","ProviderGuid":"{5770385F-C22A-43E0-BF4C-06F5698FFBD9}","RecordNumber":764616,"Image":"C:\\windows\\system32\\DFSRs.exe","Keywords":-9223372036854775808,"ProcessGuid":"{9f85ce58-59ed-5f2b-4f00-000000000400}","SourceModuleType":"im_msvistalog","RuleName":"-"}
{"tags":["mordorDataset"],"@version":"1","EventType":"AUDIT_SUCCESS","Version":1,"ThreadID":6692,"EventTime":"2020-08-07 11:04:14","Task":12810,"DestAddress":"fe80::3816:b2ee:1b9b:324b","SourcePort":"54478","Channel":"Security","SourceName":"Microsoft-Windows-Security-Auditing","OpcodeValue":0,"Hostname":"MORDORDC.theshire.local","@timestamp":"2020-08-07T15:04:16.240Z","Message":"The Windows Filtering Platform has permitted a connection.\r\n\r\nApplication Information:\r\n\tProcess ID:\t\t3596\r\n\tApplication Name:\t\\device\\harddiskvolume2\\windows\\system32\\dfsrs.exe\r\n\r\nNetwork Information:\r\n\tDirection:\t\tOutbound\r\n\tSource Address:\t\tfe80::3816:b2ee:1b9b:324b\r\n\tSource Port:\t\t54478\r\n\tDestination Address:\tfe80::3816:b2ee:1b9b:324b\r\n\tDestination Port:\t\t389\r\n\tProtocol:\t\t6\r\n\r\nFilter Information:\r\n\tFilter Run-Time ID:\t65853\r\n\tLayer Name:\t\tConnect\r\n\tLayer Run-Time ID:\t50","Category":"Filtering Platform Connection","Opcode":"Info","SourceModuleName":"eventlog","ProcessId":"3596","EventReceivedTime":"2020-08-07 11:04:16","port":60122,"Application":"\\device\\harddiskvolume2\\windows\\system32\\dfsrs.exe","ExecutionProcessID":4,"Direction":"%%14593","RemoteMachineID":"S-1-0-0","host":"wec.internal.cloudapp.net","DestPort":"389","Severity":"INFO","LayerRTID":"50","LayerName":"%%14611","SeverityValue":2,"EventID":5156,"SourceAddress":"fe80::3816:b2ee:1b9b:324b","ProviderGuid":"{54849625-5478-4994-A5BA-3E3B0328C30D}","RecordNumber":772617,"SourceModuleType":"im_msvistalog","Keywords":-9214364837600034816,"FilterRTID":"65853","Protocol":"6","RemoteUserID":"S-1-0-0"}
{"tags":["mordorDataset"],"@version":"1","EventType":"CreateKey","Version":2,"ThreadID":4208,"EventTime":"2020-08-07 11:04:14","Task":12,"AccountType":"User","Channel":"Microsoft-Windows-Sysmon/Operational","EventTypeOrignal":"INFO","SourceName":"Microsoft-Windows-Sysmon","Hostname":"MORDORDC.theshire.local","@timestamp":"2020-08-07T15:04:16.240Z","OpcodeValue":0,"Message":"Registry object added or deleted:\r\nRuleName: -\r\nEventType: CreateKey\r\nUtcTime: 2020-08-07 15:04:14.531\r\nProcessGuid: {9f85ce58-59ed-5f2b-4f00-000000000400}\r\nProcessId: 3596\r\nImage: C:\\windows\\system32\\DFSRs.exe\r\nTargetObject: HKLM\\System\\CurrentControlSet\\Services\\DFSR\\Access Checks\\Replication Groups\\ED16C134-8473-46E3-B7D2-B88531A53D73","SourceModuleName":"eventlog","ProcessId":"3596","EventReceivedTime":"2020-08-07 11:04:16","port":60122,"AccountName":"SYSTEM","UtcTime":"2020-08-07 15:04:14.531","Domain":"NT AUTHORITY","ExecutionProcessID":3888,"host":"wec.internal.cloudapp.net","Severity":"INFO","TargetObject":"HKLM\\System\\CurrentControlSet\\Services\\DFSR\\Access Checks\\Replication Groups\\ED16C134-8473-46E3-B7D2-B88531A53D73","SeverityValue":2,"EventID":12,"UserID":"S-1-5-18","ProviderGuid":"{5770385F-C22A-43E0-BF4C-06F5698FFBD9}","RecordNumber":764617,"Image":"C:\\windows\\system32\\DFSRs.exe","Keywords":-9223372036854775808,"ProcessGuid":"{9f85ce58-59ed-5f2b-4f00-000000000400}","SourceModuleType":"im_msvistalog","RuleName":"-"}
{"tags":["mordorDataset"],"@version":"1","EventType":"AUDIT_SUCCESS","Version":1,"ThreadID":6692,"EventTime":"2020-08-07 11:04:14","Task":12810,"DestAddress":"fe80::3816:b2ee:1b9b:324b","SourcePort":"54478","Channel":"Security","SourceName":"Microsoft-Windows-Security-Auditing","OpcodeValue":0,"Hostname":"MORDORDC.theshire.local","@timestamp":"2020-08-07T15:04:16.240Z","Message":"The Windows Filtering Platform has permitted a connection.\r\n\r\nApplication Information:\r\n\tProcess ID:\t\t704\r\n\tApplication Name:\t\\device\\harddiskvolume2\\windows\\system32\\lsass.exe\r\n\r\nNetwork Information:\r\n\tDirection:\t\tInbound\r\n\tSource Address:\t\tfe80::3816:b2ee:1b9b:324b\r\n\tSource Port:\t\t54478\r\n\tDestination Address:\tfe80::3816:b2ee:1b9b:324b\r\n\tDestination Port:\t\t389\r\n\tProtocol:\t\t6\r\n\r\nFilter Information:\r\n\tFilter Run-Time ID:\t65851\r\n\tLayer Name:\t\tReceive/Accept\r\n\tLayer Run-Time ID:\t46","Category":"Filtering Platform Connection","Opcode":"Info","SourceModuleName":"eventlog","ProcessId":"704","EventReceivedTime":"2020-08-07 11:04:16","port":60122,"Application":"\\device\\harddiskvolume2\\windows\\system32\\lsass.exe","ExecutionProcessID":4,"Direction":"%%14592","RemoteMachineID":"S-1-0-0","host":"wec.internal.cloudapp.net","DestPort":"389","Severity":"INFO","LayerRTID":"46","LayerName":"%%14610","SeverityValue":2,"EventID":5156,"SourceAddress":"fe80::3816:b2ee:1b9b:324b","ProviderGuid":"{54849625-5478-4994-A5BA-3E3B0328C30D}","RecordNumber":772618,"SourceModuleType":"im_msvistalog","Keywords":-9214364837600034816,"FilterRTID":"65851","Protocol":"6","RemoteUserID":"S-1-0-0"}
{"SubjectLogonId":"0x2be6717","@version":"1","EventType":"AUDIT_SUCCESS","Version":0,"ThreadID":3392,"EventTime":"2020-08-07 11:04:14","Task":12548,"PrivilegeList":"SeSecurityPrivilege\r\n\t\t\tSeBackupPrivilege\r\n\t\t\tSeRestorePrivilege\r\n\t\t\tSeTakeOwnershipPrivilege\r\n\t\t\tSeDebugPrivilege\r\n\t\t\tSeSystemEnvironmentPrivilege\r\n\t\t\tSeLoadDriverPrivilege\r\n\t\t\tSeImpersonatePrivilege\r\n\t\t\tSeDelegateSessionUserImpersonatePrivilege\r\n\t\t\tSeEnableDelegationPrivilege","Channel":"Security","SourceName":"Microsoft-Windows-Security-Auditing","OpcodeValue":0,"Hostname":"MORDORDC.theshire.local","@timestamp":"2020-08-07T15:04:16.240Z","Message":"Special privileges assigned to new logon.\r\n\r\nSubject:\r\n\tSecurity ID:\t\tS-1-5-18\r\n\tAccount Name:\t\tMORDORDC$\r\n\tAccount Domain:\t\tTHESHIRE\r\n\tLogon ID:\t\t0x2BE6717\r\n\r\nPrivileges:\t\tSeSecurityPrivilege\r\n\t\t\tSeBackupPrivilege\r\n\t\t\tSeRestorePrivilege\r\n\t\t\tSeTakeOwnershipPrivilege\r\n\t\t\tSeDebugPrivilege\r\n\t\t\tSeSystemEnvironmentPrivilege\r\n\t\t\tSeLoadDriverPrivilege\r\n\t\t\tSeImpersonatePrivilege\r\n\t\t\tSeDelegateSessionUserImpersonatePrivilege\r\n\t\t\tSeEnableDelegationPrivilege","Category":"Special Logon","Opcode":"Info","SubjectDomainName":"THESHIRE","SourceModuleName":"eventlog","EventReceivedTime":"2020-08-07 11:04:16","port":60122,"ExecutionProcessID":704,"host":"wec.internal.cloudapp.net","SubjectUserSid":"S-1-5-18","SubjectUserName":"MORDORDC$","Severity":"INFO","SeverityValue":2,"EventID":4672,"ProviderGuid":"{54849625-5478-4994-A5BA-3E3B0328C30D}","RecordNumber":772619,"SourceModuleType":"im_msvistalog","Keywords":-9214364837600034816,"tags":["mordorDataset"]}
{"SourceModuleType":"im_msvistalog","tags":["mordorDataset"],"@version":"1","EventType":"INFO","Version":2,"ThreadID":4208,"EventTime":"2020-08-07 11:04:14","Task":11,"AccountType":"User","Channel":"Microsoft-Windows-Sysmon/Operational","SourceName":"Microsoft-Windows-Sysmon","OpcodeValue":0,"Hostname":"MORDORDC.theshire.local","@timestamp":"2020-08-07T15:04:16.241Z","Message":"File created:\r\nRuleName: -\r\nUtcTime: 2020-08-07 15:04:14.531\r\nProcessGuid: {9f85ce58-59ed-5f2b-4f00-000000000400}\r\nProcessId: 3596\r\nImage: C:\\windows\\system32\\DFSRs.exe\r\nTargetFilename: C:\\System Volume Information\\DFSR\\Config\\Volume_20415B9F-0000-0000-0000-501F00000000.XML.TMP\r\nCreationUtcTime: 2020-08-07 15:04:14.531","SourceModuleName":"eventlog","ProcessId":"3596","EventReceivedTime":"2020-08-07 11:04:16","port":60122,"AccountName":"SYSTEM","UtcTime":"2020-08-07 15:04:14.531","Domain":"NT AUTHORITY","ExecutionProcessID":3888,"TargetFilename":"C:\\System Volume Information\\DFSR\\Config\\Volume_20415B9F-0000-0000-0000-501F00000000.XML.TMP","host":"wec.internal.cloudapp.net","Severity":"INFO","SeverityValue":2,"EventID":11,"UserID":"S-1-5-18","ProviderGuid":"{5770385F-C22A-43E0-BF4C-06F5698FFBD9}","RecordNumber":764618,"Image":"C:\\windows\\system32\\DFSRs.exe","Keywords":-9223372036854775808,"ProcessGuid":"{9f85ce58-59ed-5f2b-4f00-000000000400}","CreationUtcTime":"2020-08-07 15:04:14.531","RuleName":"-"}
{"TargetDomainName":"THESHIRE.LOCAL","tags":["mordorDataset"],"@version":"1","EventType":"AUDIT_SUCCESS","ThreadID":3392,"ElevatedToken":"%%1842","Channel":"Security","OpcodeValue":0,"SubjectDomainName":"-","Hostname":"MORDORDC.theshire.local","@timestamp":"2020-08-07T15:04:16.241Z","Category":"Logon","ProcessId":"0x0","TargetOutboundDomainName":"-","IpPort":"54478","ImpersonationLevel":"%%1833","ProcessName":"-","KeyLength":"0","host":"wec.internal.cloudapp.net","TargetOutboundUserName":"-","SubjectUserName":"-","RestrictedAdminMode":"-","Severity":"INFO","LogonProcessName":"Kerberos","SeverityValue":2,"LogonGuid":"{b11b2054-2976-9513-aba5-ec34450ba878}","SourceModuleType":"im_msvistalog","SubjectLogonId":"0x0","WorkstationName":"-","TargetLinkedLogonId":"0x0","Version":2,"EventTime":"2020-08-07 11:04:14","Task":12544,"SourceName":"Microsoft-Windows-Security-Auditing","Opcode":"Info","Message":"An account was successfully logged on.\r\n\r\nSubject:\r\n\tSecurity ID:\t\tS-1-0-0\r\n\tAccount Name:\t\t-\r\n\tAccount Domain:\t\t-\r\n\tLogon ID:\t\t0x0\r\n\r\nLogon Information:\r\n\tLogon Type:\t\t3\r\n\tRestricted Admin Mode:\t-\r\n\tVirtual Account:\t\tNo\r\n\tElevated Token:\t\tYes\r\n\r\nImpersonation Level:\t\tImpersonation\r\n\r\nNew Logon:\r\n\tSecurity ID:\t\tS-1-5-18\r\n\tAccount Name:\t\tMORDORDC$\r\n\tAccount Domain:\t\tTHESHIRE.LOCAL\r\n\tLogon ID:\t\t0x2BE6717\r\n\tLinked Logon ID:\t\t0x0\r\n\tNetwork Account Name:\t-\r\n\tNetwork Account Domain:\t-\r\n\tLogon GUID:\t\t{b11b2054-2976-9513-aba5-ec34450ba878}\r\n\r\nProcess Information:\r\n\tProcess ID:\t\t0x0\r\n\tProcess Name:\t\t-\r\n\r\nNetwork Information:\r\n\tWorkstation Name:\t-\r\n\tSource Network Address:\tfe80::3816:b2ee:1b9b:324b\r\n\tSource Port:\t\t54478\r\n\r\nDetailed Authentication Information:\r\n\tLogon Process:\t\tKerberos\r\n\tAuthentication Package:\tKerberos\r\n\tTransited Services:\t-\r\n\tPackage Name (NTLM only):\t-\r\n\tKey Length:\t\t0\r\n\r\nThis event is generated when a logon session is created. It is generated on the computer that was accessed.\r\n\r\nThe subject fields indicate the account on the local system which requested the logon. This is most commonly a service such as the Server service, or a local process such as Winlogon.exe or Services.exe.\r\n\r\nThe logon type field indicates the kind of logon that occurred. The most common types are 2 (interactive) and 3 (network).\r\n\r\nThe New Logon fields indicate the account for whom the new logon was created, i.e. the account that was logged on.\r\n\r\nThe network fields indicate where a remote logon request originated. Workstation name is not always available and may be left blank in some cases.\r\n\r\nThe impersonation level field indicates the extent to which a process in the logon session can impersonate.\r\n\r\nThe authentication information fields provide detailed information about this specific logon request.\r\n\t- Logon GUID is a unique identifier that can be used to correlate this event with a KDC event.\r\n\t- Transited services indicate which intermediate services have participated in this logon request.\r\n\t- Package name indicates which sub-protocol was used among the NTLM protocols.\r\n\t- Key length indicates the length of the generated session key. This will be 0 if no session key was requested.","SourceModuleName":"eventlog","TargetLogonId":"0x2be6717","TargetUserSid":"S-1-5-18","TransmittedServices":"-","EventReceivedTime":"2020-08-07 11:04:16","port":60122,"IpAddress":"fe80::3816:b2ee:1b9b:324b","LmPackageName":"-","ExecutionProcessID":704,"SubjectUserSid":"S-1-0-0","TargetUserName":"MORDORDC$","EventID":4624,"AuthenticationPackageName":"Kerberos","ProviderGuid":"{54849625-5478-4994-A5BA-3E3B0328C30D}","RecordNumber":772620,"Keywords":-9214364837600034816,"VirtualAccount":"%%1843","LogonType":"3"}
{"tags":["mordorDataset"],"@version":"1","EventType":"CreateKey","Version":2,"ThreadID":4208,"EventTime":"2020-08-07 11:04:14","Task":12,"AccountType":"User","Channel":"Microsoft-Windows-Sysmon/Operational","EventTypeOrignal":"INFO","SourceName":"Microsoft-Windows-Sysmon","Hostname":"MORDORDC.theshire.local","@timestamp":"2020-08-07T15:04:16.242Z","OpcodeValue":0,"Message":"Registry object added or deleted:\r\nRuleName: -\r\nEventType: CreateKey\r\nUtcTime: 2020-08-07 15:04:14.531\r\nProcessGuid: {9f85ce58-59ed-5f2b-4f00-000000000400}\r\nProcessId: 3596\r\nImage: C:\\windows\\system32\\DFSRs.exe\r\nTargetObject: HKLM\\System\\CurrentControlSet\\Services\\DFSR\\Parameters\\Volumes\\20415B9F-0000-0000-0000-501F00000000","SourceModuleName":"eventlog","ProcessId":"3596","EventReceivedTime":"2020-08-07 11:04:16","port":60122,"AccountName":"SYSTEM","UtcTime":"2020-08-07 15:04:14.531","Domain":"NT AUTHORITY","ExecutionProcessID":3888,"host":"wec.internal.cloudapp.net","Severity":"INFO","TargetObject":"HKLM\\System\\CurrentControlSet\\Services\\DFSR\\Parameters\\Volumes\\20415B9F-0000-0000-0000-501F00000000","SeverityValue":2,"EventID":12,"UserID":"S-1-5-18","ProviderGuid":"{5770385F-C22A-43E0-BF4C-06F5698FFBD9}","RecordNumber":764619,"Image":"C:\\windows\\system32\\DFSRs.exe","Keywords":-9223372036854775808,"ProcessGuid":"{9f85ce58-59ed-5f2b-4f00-000000000400}","SourceModuleType":"im_msvistalog","RuleName":"-"}
{"tags":["mordorDataset"],"@version":"1","EventType":"SetValue","Version":2,"ThreadID":4208,"EventTime":"2020-08-07 11:04:14","Task":13,"AccountType":"User","Channel":"Microsoft-Windows-Sysmon/Operational","EventTypeOrignal":"INFO","SourceName":"Microsoft-Windows-Sysmon","Hostname":"MORDORDC.theshire.local","@timestamp":"2020-08-07T15:04:16.242Z","OpcodeValue":0,"Message":"Registry value set:\r\nRuleName: -\r\nEventType: SetValue\r\nUtcTime: 2020-08-07 15:04:14.531\r\nProcessGuid: {9f85ce58-59ed-5f2b-4f00-000000000400}\r\nProcessId: 3596\r\nImage: C:\\windows\\system32\\DFSRs.exe\r\nTargetObject: HKLM\\System\\CurrentControlSet\\Services\\DFSR\\Parameters\\Volumes\\20415B9F-0000-0000-0000-501F00000000\\Volume Configuration File\r\nDetails: \\\\.\\C:\\System Volume Information\\DFSR\\Config\\Volume_20415B9F-0000-0000-0000-501F00000000.XML","SourceModuleName":"eventlog","ProcessId":"3596","Details":"\\\\.\\C:\\System Volume Information\\DFSR\\Config\\Volume_20415B9F-0000-0000-0000-501F00000000.XML","port":60122,"AccountName":"SYSTEM","EventReceivedTime":"2020-08-07 11:04:16","UtcTime":"2020-08-07 15:04:14.531","Domain":"NT AUTHORITY","ExecutionProcessID":3888,"host":"wec.internal.cloudapp.net","Severity":"INFO","TargetObject":"HKLM\\System\\CurrentControlSet\\Services\\DFSR\\Parameters\\Volumes\\20415B9F-0000-0000-0000-501F00000000\\Volume Configuration File","SeverityValue":2,"EventID":13,"UserID":"S-1-5-18","ProviderGuid":"{5770385F-C22A-43E0-BF4C-06F5698FFBD9}","RecordNumber":764620,"Image":"C:\\windows\\system32\\DFSRs.exe","Keywords":-9223372036854775808,"ProcessGuid":"{9f85ce58-59ed-5f2b-4f00-000000000400}","SourceModuleType":"im_msvistalog","RuleName":"-"}
{"TargetDomainName":"THESHIRE.LOCAL","SubjectLogonId":"0x0","@version":"1","EventType":"AUDIT_SUCCESS","Version":0,"ThreadID":3392,"EventTime":"2020-08-07 11:04:14","Task":12554,"Channel":"Security","SourceName":"Microsoft-Windows-Security-Auditing","OpcodeValue":0,"Hostname":"MORDORDC.theshire.local","@timestamp":"2020-08-07T15:04:17.237Z","Message":"Group membership information.\r\n\r\nSubject:\r\n\tSecurity ID:\t\tS-1-0-0\r\n\tAccount Name:\t\t-\r\n\tAccount Domain:\t\t-\r\n\tLogon ID:\t\t0x0\r\n\r\nLogon Type:\t\t\t3\r\n\r\nNew Logon:\r\n\tSecurity ID:\t\tS-1-5-18\r\n\tAccount Name:\t\tMORDORDC$\r\n\tAccount Domain:\t\tTHESHIRE.LOCAL\r\n\tLogon ID:\t\t0x2BE6717\r\n\r\nEvent in sequence:\t\t1 of 1\r\n\r\nGroup Membership:\t\t\t\r\n\t\t%{S-1-5-32-544}\r\n\t\t%{S-1-1-0}\r\n\t\t%{S-1-5-32-554}\r\n\t\t%{S-1-5-32-545}\r\n\t\t%{S-1-5-32-555}\r\n\t\t%{S-1-5-32-560}\r\n\t\t%{S-1-5-2}\r\n\t\t%{S-1-5-11}\r\n\t\t%{S-1-5-15}\r\n\t\t%{S-1-5-21-1363495622-3806888128-621328882-1000}\r\n\t\t%{S-1-5-21-1363495622-3806888128-621328882-516}\r\n\t\t%{S-1-5-9}\r\n\t\t%{S-1-18-1}\r\n\t\t%{S-1-5-21-1363495622-3806888128-621328882-572}\r\n\t\t%{S-1-16-16384}\r\n\r\nThe subject fields indicate the account on the local system which requested the logon. This is most commonly a service such as the Server service, or a local process such as Winlogon.exe or Services.exe.\r\n\r\nThe logon type field indicates the kind of logon that occurred. The most common types are 2 (interactive) and 3 (network).\r\n\r\nThe New Logon fields indicate the account for whom the new logon was created, i.e. the account that was logged on.\r\n\r\nThis event is generated when the Audit Group Membership subcategory is configured.  The Logon ID field can be used to correlate this event with the corresponding user logon event as well as to any other security audit events generated during this logon session.","Category":"Group Membership","Opcode":"Info","SubjectDomainName":"-","TargetUserSid":"S-1-5-18","TargetLogonId":"0x2be6717","GroupMembership":"\r\n\t\t%{S-1-5-32-544}\r\n\t\t%{S-1-1-0}\r\n\t\t%{S-1-5-32-554}\r\n\t\t%{S-1-5-32-545}\r\n\t\t%{S-1-5-32-555}\r\n\t\t%{S-1-5-32-560}\r\n\t\t%{S-1-5-2}\r\n\t\t%{S-1-5-11}\r\n\t\t%{S-1-5-15}\r\n\t\t%{S-1-5-21-1363495622-3806888128-621328882-1000}\r\n\t\t%{S-1-5-21-1363495622-3806888128-621328882-516}\r\n\t\t%{S-1-5-9}\r\n\t\t%{S-1-18-1}\r\n\t\t%{S-1-5-21-1363495622-3806888128-621328882-572}\r\n\t\t%{S-1-16-16384}","port":60122,"EventReceivedTime":"2020-08-07 11:04:17","SourceModuleName":"eventlog","ExecutionProcessID":704,"EventIdx":"1","host":"wec.internal.cloudapp.net","SubjectUserSid":"S-1-0-0","SubjectUserName":"-","EventCountTotal":"1","Severity":"INFO","TargetUserName":"MORDORDC$","SeverityValue":2,"EventID":4627,"ProviderGuid":"{54849625-5478-4994-A5BA-3E3B0328C30D}","RecordNumber":772621,"SourceModuleType":"im_msvistalog","Keywords":-9214364837600034816,"tags":["mordorDataset"],"LogonType":"3"}
{"tags":["mordorDataset"],"@version":"1","EventType":"ConnectPipe","Version":1,"ThreadID":4208,"EventTime":"2020-08-07 11:04:14","Task":18,"AccountType":"User","PipeName":"\\lsass","Channel":"Microsoft-Windows-Sysmon/Operational","EventTypeOrignal":"INFO","SourceName":"Microsoft-Windows-Sysmon","Hostname":"MORDORDC.theshire.local","@timestamp":"2020-08-07T15:04:17.237Z","OpcodeValue":0,"Message":"Pipe Connected:\r\nRuleName: -\r\nEventType: ConnectPipe\r\nUtcTime: 2020-08-07 15:04:14.531\r\nProcessGuid: {9f85ce58-59ed-5f2b-4f00-000000000400}\r\nProcessId: 3596\r\nPipeName: \\lsass\r\nImage: C:\\windows\\system32\\DFSRs.exe","SourceModuleName":"eventlog","ProcessId":"3596","EventReceivedTime":"2020-08-07 11:04:17","port":60122,"AccountName":"SYSTEM","UtcTime":"2020-08-07 15:04:14.531","Domain":"NT AUTHORITY","ExecutionProcessID":3888,"host":"wec.internal.cloudapp.net","Severity":"INFO","SeverityValue":2,"EventID":18,"UserID":"S-1-5-18","ProviderGuid":"{5770385F-C22A-43E0-BF4C-06F5698FFBD9}","RecordNumber":764621,"Image":"C:\\windows\\system32\\DFSRs.exe","Keywords":-9223372036854775808,"ProcessGuid":"{9f85ce58-59ed-5f2b-4f00-000000000400}","SourceModuleType":"im_msvistalog","RuleName":"-"}
{"TargetDomainName":"THESHIRE","@version":"1","EventType":"AUDIT_SUCCESS","Version":0,"ThreadID":756,"EventTime":"2020-08-07 11:04:14","Task":12545,"Channel":"Security","SourceName":"Microsoft-Windows-Security-Auditing","OpcodeValue":0,"Hostname":"MORDORDC.theshire.local","@timestamp":"2020-08-07T15:04:17.237Z","Message":"An account was logged off.\r\n\r\nSubject:\r\n\tSecurity ID:\t\tS-1-5-18\r\n\tAccount Name:\t\tMORDORDC$\r\n\tAccount Domain:\t\tTHESHIRE\r\n\tLogon ID:\t\t0x2BE6717\r\n\r\nLogon Type:\t\t\t3\r\n\r\nThis event is generated when a logon session is destroyed. It may be positively correlated with a logon event using the Logon ID value. Logon IDs are only unique between reboots on the same computer.","Category":"Logoff","Opcode":"Info","TargetUserSid":"S-1-5-18","TargetLogonId":"0x2be6717","SourceModuleName":"eventlog","EventReceivedTime":"2020-08-07 11:04:17","port":60122,"ExecutionProcessID":704,"host":"wec.internal.cloudapp.net","Severity":"INFO","TargetUserName":"MORDORDC$","SeverityValue":2,"EventID":4634,"ProviderGuid":"{54849625-5478-4994-A5BA-3E3B0328C30D}","RecordNumber":772622,"SourceModuleType":"im_msvistalog","Keywords":-9214364837600034816,"tags":["mordorDataset"],"LogonType":"3"}
{"tags":["mordorDataset"],"@version":"1","EventType":"CreateKey","Version":2,"ThreadID":4208,"EventTime":"2020-08-07 11:04:14","Task":12,"AccountType":"User","Channel":"Microsoft-Windows-Sysmon/Operational","EventTypeOrignal":"INFO","SourceName":"Microsoft-Windows-Sysmon","Hostname":"MORDORDC.theshire.local","@timestamp":"2020-08-07T15:04:17.238Z","OpcodeValue":0,"Message":"Registry object added or deleted:\r\nRuleName: -\r\nEventType: CreateKey\r\nUtcTime: 2020-08-07 15:04:14.531\r\nProcessGuid: {9f85ce58-59d8-5f2b-0c00-000000000400}\r\nProcessId: 704\r\nImage: C:\\windows\\system32\\lsass.exe\r\nTargetObject: HKLM\\System\\CurrentControlSet\\Services\\Tcpip\\Parameters","SourceModuleName":"eventlog","ProcessId":"704","EventReceivedTime":"2020-08-07 11:04:17","port":60122,"AccountName":"SYSTEM","UtcTime":"2020-08-07 15:04:14.531","Domain":"NT AUTHORITY","ExecutionProcessID":3888,"host":"wec.internal.cloudapp.net","Severity":"INFO","TargetObject":"HKLM\\System\\CurrentControlSet\\Services\\Tcpip\\Parameters","SeverityValue":2,"EventID":12,"UserID":"S-1-5-18","ProviderGuid":"{5770385F-C22A-43E0-BF4C-06F5698FFBD9}","RecordNumber":764622,"Image":"C:\\windows\\system32\\lsass.exe","Keywords":-9223372036854775808,"ProcessGuid":"{9f85ce58-59d8-5f2b-0c00-000000000400}","SourceModuleType":"im_msvistalog","RuleName":"-"}
{"@version":"1","EventType":"AUDIT_SUCCESS","Version":0,"ThreadID":6692,"EventTime":"2020-08-07 11:04:14","Task":12810,"SourcePort":"54479","Channel":"Security","SourceName":"Microsoft-Windows-Security-Auditing","OpcodeValue":0,"Hostname":"MORDORDC.theshire.local","@timestamp":"2020-08-07T15:04:17.238Z","Message":"The Windows Filtering Platform has permitted a bind to a local port.\r\n\r\nApplication Information:\r\n\tProcess ID:\t\t3596\r\n\tApplication Name:\t\\device\\harddiskvolume2\\windows\\system32\\dfsrs.exe\r\n\r\nNetwork Information:\r\n\tSource Address:\t\t::\r\n\tSource Port:\t\t54479\r\n\tProtocol:\t\t6\r\n\r\nFilter Information:\r\n\tFilter Run-Time ID:\t0\r\n\tLayer Name:\t\tResource Assignment\r\n\tLayer Run-Time ID:\t38","Category":"Filtering Platform Connection","Opcode":"Info","SourceModuleName":"eventlog","ProcessId":"3596","EventReceivedTime":"2020-08-07 11:04:17","port":60122,"Application":"\\device\\harddiskvolume2\\windows\\system32\\dfsrs.exe","ExecutionProcessID":4,"host":"wec.internal.cloudapp.net","Severity":"INFO","LayerRTID":"38","LayerName":"%%14608","SeverityValue":2,"EventID":5158,"SourceAddress":"::","ProviderGuid":"{54849625-5478-4994-A5BA-3E3B0328C30D}","RecordNumber":772623,"SourceModuleType":"im_msvistalog","Keywords":-9214364837600034816,"FilterRTID":"0","Protocol":"6","tags":["mordorDataset"]}
{"tags":["mordorDataset"],"@version":"1","EventType":"AUDIT_SUCCESS","Version":1,"ThreadID":6692,"EventTime":"2020-08-07 11:04:14","Task":12810,"DestAddress":"fe80::3816:b2ee:1b9b:324b","SourcePort":"54479","Channel":"Security","SourceName":"Microsoft-Windows-Security-Auditing","OpcodeValue":0,"Hostname":"MORDORDC.theshire.local","@timestamp":"2020-08-07T15:04:17.238Z","Message":"The Windows Filtering Platform has permitted a connection.\r\n\r\nApplication Information:\r\n\tProcess ID:\t\t3596\r\n\tApplication Name:\t\\device\\harddiskvolume2\\windows\\system32\\dfsrs.exe\r\n\r\nNetwork Information:\r\n\tDirection:\t\tOutbound\r\n\tSource Address:\t\tfe80::3816:b2ee:1b9b:324b\r\n\tSource Port:\t\t54479\r\n\tDestination Address:\tfe80::3816:b2ee:1b9b:324b\r\n\tDestination Port:\t\t389\r\n\tProtocol:\t\t6\r\n\r\nFilter Information:\r\n\tFilter Run-Time ID:\t65853\r\n\tLayer Name:\t\tConnect\r\n\tLayer Run-Time ID:\t50","Category":"Filtering Platform Connection","Opcode":"Info","SourceModuleName":"eventlog","ProcessId":"3596","EventReceivedTime":"2020-08-07 11:04:17","port":60122,"Application":"\\device\\harddiskvolume2\\windows\\system32\\dfsrs.exe","ExecutionProcessID":4,"Direction":"%%14593","RemoteMachineID":"S-1-0-0","host":"wec.internal.cloudapp.net","DestPort":"389","Severity":"INFO","LayerRTID":"50","LayerName":"%%14611","SeverityValue":2,"EventID":5156,"SourceAddress":"fe80::3816:b2ee:1b9b:324b","ProviderGuid":"{54849625-5478-4994-A5BA-3E3B0328C30D}","RecordNumber":772624,"SourceModuleType":"im_msvistalog","Keywords":-9214364837600034816,"FilterRTID":"65853","Protocol":"6","RemoteUserID":"S-1-0-0"}
{"tags":["mordorDataset"],"@version":"1","EventType":"CreateKey","Version":2,"ThreadID":4208,"EventTime":"2020-08-07 11:04:14","Task":12,"AccountType":"User","Channel":"Microsoft-Windows-Sysmon/Operational","EventTypeOrignal":"INFO","SourceName":"Microsoft-Windows-Sysmon","Hostname":"MORDORDC.theshire.local","@timestamp":"2020-08-07T15:04:17.238Z","OpcodeValue":0,"Message":"Registry object added or deleted:\r\nRuleName: -\r\nEventType: CreateKey\r\nUtcTime: 2020-08-07 15:04:14.547\r\nProcessGuid: {9f85ce58-59d8-5f2b-0c00-000000000400}\r\nProcessId: 704\r\nImage: C:\\windows\\system32\\lsass.exe\r\nTargetObject: HKLM\\System\\CurrentControlSet\\Services\\Tcpip\\Parameters","SourceModuleName":"eventlog","ProcessId":"704","EventReceivedTime":"2020-08-07 11:04:17","port":60122,"AccountName":"SYSTEM","UtcTime":"2020-08-07 15:04:14.547","Domain":"NT AUTHORITY","ExecutionProcessID":3888,"host":"wec.internal.cloudapp.net","Severity":"INFO","TargetObject":"HKLM\\System\\CurrentControlSet\\Services\\Tcpip\\Parameters","SeverityValue":2,"EventID":12,"UserID":"S-1-5-18","ProviderGuid":"{5770385F-C22A-43E0-BF4C-06F5698FFBD9}","RecordNumber":764623,"Image":"C:\\windows\\system32\\lsass.exe","Keywords":-9223372036854775808,"ProcessGuid":"{9f85ce58-59d8-5f2b-0c00-000000000400}","SourceModuleType":"im_msvistalog","RuleName":"-"}
{"tags":["mordorDataset"],"@version":"1","EventType":"AUDIT_SUCCESS","Version":1,"ThreadID":6692,"EventTime":"2020-08-07 11:04:14","Task":12810,"DestAddress":"fe80::3816:b2ee:1b9b:324b","SourcePort":"54479","Channel":"Security","SourceName":"Microsoft-Windows-Security-Auditing","OpcodeValue":0,"Hostname":"MORDORDC.theshire.local","@timestamp":"2020-08-07T15:04:17.239Z","Message":"The Windows Filtering Platform has permitted a connection.\r\n\r\nApplication Information:\r\n\tProcess ID:\t\t704\r\n\tApplication Name:\t\\device\\harddiskvolume2\\windows\\system32\\lsass.exe\r\n\r\nNetwork Information:\r\n\tDirection:\t\tInbound\r\n\tSource Address:\t\tfe80::3816:b2ee:1b9b:324b\r\n\tSource Port:\t\t54479\r\n\tDestination Address:\tfe80::3816:b2ee:1b9b:324b\r\n\tDestination Port:\t\t389\r\n\tProtocol:\t\t6\r\n\r\nFilter Information:\r\n\tFilter Run-Time ID:\t65851\r\n\tLayer Name:\t\tReceive/Accept\r\n\tLayer Run-Time ID:\t46","Category":"Filtering Platform Connection","Opcode":"Info","SourceModuleName":"eventlog","ProcessId":"704","EventReceivedTime":"2020-08-07 11:04:17","port":60122,"Application":"\\device\\harddiskvolume2\\windows\\system32\\lsass.exe","ExecutionProcessID":4,"Direction":"%%14592","RemoteMachineID":"S-1-0-0","host":"wec.internal.cloudapp.net","DestPort":"389","Severity":"INFO","LayerRTID":"46","LayerName":"%%14610","SeverityValue":2,"EventID":5156,"SourceAddress":"fe80::3816:b2ee:1b9b:324b","ProviderGuid":"{54849625-5478-4994-A5BA-3E3B0328C30D}","RecordNumber":772625,"SourceModuleType":"im_msvistalog","Keywords":-9214364837600034816,"FilterRTID":"65851","Protocol":"6","RemoteUserID":"S-1-0-0"}
{"SubjectLogonId":"0x2be6788","@version":"1","EventType":"AUDIT_SUCCESS","Version":0,"ThreadID":2644,"EventTime":"2020-08-07 11:04:14","Task":12548,"PrivilegeList":"SeSecurityPrivilege\r\n\t\t\tSeBackupPrivilege\r\n\t\t\tSeRestorePrivilege\r\n\t\t\tSeTakeOwnershipPrivilege\r\n\t\t\tSeDebugPrivilege\r\n\t\t\tSeSystemEnvironmentPrivilege\r\n\t\t\tSeLoadDriverPrivilege\r\n\t\t\tSeImpersonatePrivilege\r\n\t\t\tSeDelegateSessionUserImpersonatePrivilege\r\n\t\t\tSeEnableDelegationPrivilege","Channel":"Security","SourceName":"Microsoft-Windows-Security-Auditing","OpcodeValue":0,"Hostname":"MORDORDC.theshire.local","@timestamp":"2020-08-07T15:04:17.239Z","Message":"Special privileges assigned to new logon.\r\n\r\nSubject:\r\n\tSecurity ID:\t\tS-1-5-18\r\n\tAccount Name:\t\tMORDORDC$\r\n\tAccount Domain:\t\tTHESHIRE\r\n\tLogon ID:\t\t0x2BE6788\r\n\r\nPrivileges:\t\tSeSecurityPrivilege\r\n\t\t\tSeBackupPrivilege\r\n\t\t\tSeRestorePrivilege\r\n\t\t\tSeTakeOwnershipPrivilege\r\n\t\t\tSeDebugPrivilege\r\n\t\t\tSeSystemEnvironmentPrivilege\r\n\t\t\tSeLoadDriverPrivilege\r\n\t\t\tSeImpersonatePrivilege\r\n\t\t\tSeDelegateSessionUserImpersonatePrivilege\r\n\t\t\tSeEnableDelegationPrivilege","Category":"Special Logon","Opcode":"Info","SubjectDomainName":"THESHIRE","SourceModuleName":"eventlog","EventReceivedTime":"2020-08-07 11:04:17","port":60122,"ExecutionProcessID":704,"host":"wec.internal.cloudapp.net","SubjectUserSid":"S-1-5-18","SubjectUserName":"MORDORDC$","Severity":"INFO","SeverityValue":2,"EventID":4672,"ProviderGuid":"{54849625-5478-4994-A5BA-3E3B0328C30D}","RecordNumber":772626,"SourceModuleType":"im_msvistalog","Keywords":-9214364837600034816,"tags":["mordorDataset"]}
