{"@version":"1","EventType":"AUDIT_SUCCESS","Version":0,"ThreadID":7000,"EventTime":"2020-08-07 11:06:55","Task":12810,"SourcePort":"54496","Channel":"Security","SourceName":"Microsoft-Windows-Security-Auditing","OpcodeValue":0,"Hostname":"MORDORDC.theshire.local","@timestamp":"2020-08-07T15:06:56.906Z","Message":"The Windows Filtering Platform has permitted a bind to a local port.\r\n\r\nApplication Information:\r\n\tProcess ID:\t\t4164\r\n\tApplication Name:\t\\device\\harddiskvolume2\\windows\\system32\\svchost.exe\r\n\r\nNetwork Information:\r\n\tSource Address:\t\t0.0.0.0\r\n\tSource Port:\t\t54496\r\n\tProtocol:\t\t6\r\n\r\nFilter Information:\r\n\tFilter Run-Time ID:\t0\r\n\tLayer Name:\t\tResource Assignment\r\n\tLayer Run-Time ID:\t36","Category":"Filtering Platform Connection","Opcode":"Info","SourceModuleName":"eventlog","ProcessId":"4164","EventReceivedTime":"2020-08-07 11:06:56","port":60122,"Application":"\\device\\harddiskvolume2\\windows\\system32\\svchost.exe","ExecutionProcessID":4,"host":"wec.internal.cloudapp.net","Severity":"INFO","LayerRTID":"36","LayerName":"%%14608","SeverityValue":2,"EventID":5158,"SourceAddress":"0.0.0.0","ProviderGuid":"{54849625-5478-4994-A5BA-3E3B0328C30D}","RecordNumber":772699,"SourceModuleType":"im_msvistalog","Keywords":-9214364837600034816,"FilterRTID":"0","Protocol":"6","tags":["mordorDataset"]}
{"@version":"1","EventType":"AUDIT_SUCCESS","Version":0,"ThreadID":7000,"EventTime":"2020-08-07 11:06:55","Task":12810,"SourcePort":"54497","Channel":"Security","SourceName":"Microsoft-Windows-Security-Auditing","OpcodeValue":0,"Hostname":"MORDORDC.theshire.local","@timestamp":"2020-08-07T15:06:56.906Z","Message":"The Windows Filtering Platform has permitted a bind to a local port.\r\n\r\nApplication Information:\r\n\tProcess ID:\t\t4164\r\n\tApplication Name:\t\\device\\harddiskvolume2\\windows\\system32\\svchost.exe\r\n\r\nNetwork Information:\r\n\tSource Address:\t\t0.0.0.0\r\n\tSource Port:\t\t54497\r\n\tProtocol:\t\t6\r\n\r\nFilter Information:\r\n\tFilter Run-Time ID:\t0\r\n\tLayer Name:\t\tResource Assignment\r\n\tLayer Run-Time ID:\t36","Category":"Filtering Platform Connection","Opcode":"Info","SourceModuleName":"eventlog","ProcessId":"4164","EventReceivedTime":"2020-08-07 11:06:56","port":60122,"Application":"\\device\\harddiskvolume2\\windows\\system32\\svchost.exe","ExecutionProcessID":4,"host":"wec.internal.cloudapp.net","Severity":"INFO","LayerRTID":"36","LayerName":"%%14608","SeverityValue":2,"EventID":5158,"SourceAddress":"0.0.0.0","ProviderGuid":"{54849625-5478-4994-A5BA-3E3B0328C30D}","RecordNumber":772701,"SourceModuleType":"im_msvistalog","Keywords":-9214364837600034816,"FilterRTID":"0","Protocol":"6","tags":["mordorDataset"]}
{"@version":"1","EventType":"AUDIT_SUCCESS","Version":0,"ThreadID":7000,"EventTime":"2020-08-07 11:06:55","Task":12810,"SourcePort":"54498","Channel":"Security","SourceName":"Microsoft-Windows-Security-Auditing","OpcodeValue":0,"Hostname":"MORDORDC.theshire.local","@timestamp":"2020-08-07T15:06:56.906Z","Message":"The Windows Filtering Platform has permitted a bind to a local port.\r\n\r\nApplication Information:\r\n\tProcess ID:\t\t4164\r\n\tApplication Name:\t\\device\\harddiskvolume2\\windows\\system32\\svchost.exe\r\n\r\nNetwork Information:\r\n\tSource Address:\t\t0.0.0.0\r\n\tSource Port:\t\t54498\r\n\tProtocol:\t\t6\r\n\r\nFilter Information:\r\n\tFilter Run-Time ID:\t0\r\n\tLayer Name:\t\tResource Assignment\r\n\tLayer Run-Time ID:\t36","Category":"Filtering Platform Connection","Opcode":"Info","SourceModuleName":"eventlog","ProcessId":"4164","EventReceivedTime":"2020-08-07 11:06:56","port":60122,"Application":"\\device\\harddiskvolume2\\windows\\system32\\svchost.exe","ExecutionProcessID":4,"host":"wec.internal.cloudapp.net","Severity":"INFO","LayerRTID":"36","LayerName":"%%14608","SeverityValue":2,"EventID":5158,"SourceAddress":"0.0.0.0","ProviderGuid":"{54849625-5478-4994-A5BA-3E3B0328C30D}","RecordNumber":772703,"SourceModuleType":"im_msvistalog","Keywords":-9214364837600034816,"FilterRTID":"0","Protocol":"6","tags":["mordorDataset"]}
{"@version":"1","EventType":"AUDIT_SUCCESS","Version":0,"ThreadID":7000,"EventTime":"2020-08-07 11:06:55","Task":12810,"SourcePort":"54499","Channel":"Security","SourceName":"Microsoft-Windows-Security-Auditing","OpcodeValue":0,"Hostname":"MORDORDC.theshire.local","@timestamp":"2020-08-07T15:06:56.907Z","Message":"The Windows Filtering Platform has permitted a bind to a local port.\r\n\r\nApplication Information:\r\n\tProcess ID:\t\t4164\r\n\tApplication Name:\t\\device\\harddiskvolume2\\windows\\system32\\svchost.exe\r\n\r\nNetwork Information:\r\n\tSource Address:\t\t0.0.0.0\r\n\tSource Port:\t\t54499\r\n\tProtocol:\t\t6\r\n\r\nFilter Information:\r\n\tFilter Run-Time ID:\t0\r\n\tLayer Name:\t\tResource Assignment\r\n\tLayer Run-Time ID:\t36","Category":"Filtering Platform Connection","Opcode":"Info","SourceModuleName":"eventlog","ProcessId":"4164","EventReceivedTime":"2020-08-07 11:06:56","port":60122,"Application":"\\device\\harddiskvolume2\\windows\\system32\\svchost.exe","ExecutionProcessID":4,"host":"wec.internal.cloudapp.net","Severity":"INFO","LayerRTID":"36","LayerName":"%%14608","SeverityValue":2,"EventID":5158,"SourceAddress":"0.0.0.0","ProviderGuid":"{54849625-5478-4994-A5BA-3E3B0328C30D}","RecordNumber":772705,"SourceModuleType":"im_msvistalog","Keywords":-9214364837600034816,"FilterRTID":"0","Protocol":"6","tags":["mordorDataset"]}
{"@version":"1","EventType":"AUDIT_SUCCESS","Version":0,"ThreadID":7000,"EventTime":"2020-08-07 11:06:55","Task":12810,"SourcePort":"54500","Channel":"Security","SourceName":"Microsoft-Windows-Security-Auditing","OpcodeValue":0,"Hostname":"MORDORDC.theshire.local","@timestamp":"2020-08-07T15:06:56.907Z","Message":"The Windows Filtering Platform has permitted a bind to a local port.\r\n\r\nApplication Information:\r\n\tProcess ID:\t\t4164\r\n\tApplication Name:\t\\device\\harddiskvolume2\\windows\\system32\\svchost.exe\r\n\r\nNetwork Information:\r\n\tSource Address:\t\t0.0.0.0\r\n\tSource Port:\t\t54500\r\n\tProtocol:\t\t6\r\n\r\nFilter Information:\r\n\tFilter Run-Time ID:\t0\r\n\tLayer Name:\t\tResource Assignment\r\n\tLayer Run-Time ID:\t36","Category":"Filtering Platform Connection","Opcode":"Info","SourceModuleName":"eventlog","ProcessId":"4164","EventReceivedTime":"2020-08-07 11:06:56","port":60122,"Application":"\\device\\harddiskvolume2\\windows\\system32\\svchost.exe","ExecutionProcessID":4,"host":"wec.internal.cloudapp.net","Severity":"INFO","LayerRTID":"36","LayerName":"%%14608","SeverityValue":2,"EventID":5158,"SourceAddress":"0.0.0.0","ProviderGuid":"{54849625-5478-4994-A5BA-3E3B0328C30D}","RecordNumber":772707,"SourceModuleType":"im_msvistalog","Keywords":-9214364837600034816,"FilterRTID":"0","Protocol":"6","tags":["mordorDataset"]}
{"@version":"1","EventType":"AUDIT_SUCCESS","Version":0,"ThreadID":7000,"EventTime":"2020-08-07 11:06:55","Task":12810,"SourcePort":"54501","Channel":"Security","SourceName":"Microsoft-Windows-Security-Auditing","OpcodeValue":0,"Hostname":"MORDORDC.theshire.local","@timestamp":"2020-08-07T15:06:56.907Z","Message":"The Windows Filtering Platform has permitted a bind to a local port.\r\n\r\nApplication Information:\r\n\tProcess ID:\t\t4164\r\n\tApplication Name:\t\\device\\harddiskvolume2\\windows\\system32\\svchost.exe\r\n\r\nNetwork Information:\r\n\tSource Address:\t\t0.0.0.0\r\n\tSource Port:\t\t54501\r\n\tProtocol:\t\t6\r\n\r\nFilter Information:\r\n\tFilter Run-Time ID:\t0\r\n\tLayer Name:\t\tResource Assignment\r\n\tLayer Run-Time ID:\t36","Category":"Filtering Platform Connection","Opcode":"Info","SourceModuleName":"eventlog","ProcessId":"4164","EventReceivedTime":"2020-08-07 11:06:56","port":60122,"Application":"\\device\\harddiskvolume2\\windows\\system32\\svchost.exe","ExecutionProcessID":4,"host":"wec.internal.cloudapp.net","Severity":"INFO","LayerRTID":"36","LayerName":"%%14608","SeverityValue":2,"EventID":5158,"SourceAddress":"0.0.0.0","ProviderGuid":"{54849625-5478-4994-A5BA-3E3B0328C30D}","RecordNumber":772708,"SourceModuleType":"im_msvistalog","Keywords":-9214364837600034816,"FilterRTID":"0","Protocol":"6","tags":["mordorDataset"]}
{"@version":"1","EventType":"AUDIT_SUCCESS","Version":0,"ThreadID":7000,"EventTime":"2020-08-07 11:06:55","Task":12810,"SourcePort":"54502","Channel":"Security","SourceName":"Microsoft-Windows-Security-Auditing","OpcodeValue":0,"Hostname":"MORDORDC.theshire.local","@timestamp":"2020-08-07T15:06:57.909Z","Message":"The Windows Filtering Platform has permitted a bind to a local port.\r\n\r\nApplication Information:\r\n\tProcess ID:\t\t4164\r\n\tApplication Name:\t\\device\\harddiskvolume2\\windows\\system32\\svchost.exe\r\n\r\nNetwork Information:\r\n\tSource Address:\t\t0.0.0.0\r\n\tSource Port:\t\t54502\r\n\tProtocol:\t\t6\r\n\r\nFilter Information:\r\n\tFilter Run-Time ID:\t0\r\n\tLayer Name:\t\tResource Assignment\r\n\tLayer Run-Time ID:\t36","Category":"Filtering Platform Connection","Opcode":"Info","SourceModuleName":"eventlog","ProcessId":"4164","EventReceivedTime":"2020-08-07 11:06:57","port":60122,"Application":"\\device\\harddiskvolume2\\windows\\system32\\svchost.exe","ExecutionProcessID":4,"host":"wec.internal.cloudapp.net","Severity":"INFO","LayerRTID":"36","LayerName":"%%14608","SeverityValue":2,"EventID":5158,"SourceAddress":"0.0.0.0","ProviderGuid":"{54849625-5478-4994-A5BA-3E3B0328C30D}","RecordNumber":772711,"SourceModuleType":"im_msvistalog","Keywords":-9214364837600034816,"FilterRTID":"0","Protocol":"6","tags":["mordorDataset"]}
{"@version":"1","EventType":"AUDIT_SUCCESS","Version":0,"ThreadID":7000,"EventTime":"2020-08-07 11:06:55","Task":12810,"SourcePort":"54503","Channel":"Security","SourceName":"Microsoft-Windows-Security-Auditing","OpcodeValue":0,"Hostname":"MORDORDC.theshire.local","@timestamp":"2020-08-07T15:06:57.909Z","Message":"The Windows Filtering Platform has permitted a bind to a local port.\r\n\r\nApplication Information:\r\n\tProcess ID:\t\t4164\r\n\tApplication Name:\t\\device\\harddiskvolume2\\windows\\system32\\svchost.exe\r\n\r\nNetwork Information:\r\n\tSource Address:\t\t0.0.0.0\r\n\tSource Port:\t\t54503\r\n\tProtocol:\t\t6\r\n\r\nFilter Information:\r\n\tFilter Run-Time ID:\t0\r\n\tLayer Name:\t\tResource Assignment\r\n\tLayer Run-Time ID:\t36","Category":"Filtering Platform Connection","Opcode":"Info","SourceModuleName":"eventlog","ProcessId":"4164","EventReceivedTime":"2020-08-07 11:06:57","port":60122,"Application":"\\device\\harddiskvolume2\\windows\\system32\\svchost.exe","ExecutionProcessID":4,"host":"wec.internal.cloudapp.net","Severity":"INFO","LayerRTID":"36","LayerName":"%%14608","SeverityValue":2,"EventID":5158,"SourceAddress":"0.0.0.0","ProviderGuid":"{54849625-5478-4994-A5BA-3E3B0328C30D}","RecordNumber":772712,"SourceModuleType":"im_msvistalog","Keywords":-9214364837600034816,"FilterRTID":"0","Protocol":"6","tags":["mordorDataset"]}
{"@version":"1","EventType":"AUDIT_SUCCESS","Version":0,"ThreadID":7000,"EventTime":"2020-08-07 11:06:55","Task":12810,"SourcePort":"54504","Channel":"Security","SourceName":"Microsoft-Windows-Security-Auditing","OpcodeValue":0,"Hostname":"MORDORDC.theshire.local","@timestamp":"2020-08-07T15:06:57.909Z","Message":"The Windows Filtering Platform has permitted a bind to a local port.\r\n\r\nApplication Information:\r\n\tProcess ID:\t\t4164\r\n\tApplication Name:\t\\device\\harddiskvolume2\\windows\\system32\\svchost.exe\r\n\r\nNetwork Information:\r\n\tSource Address:\t\t0.0.0.0\r\n\tSource Port:\t\t54504\r\n\tProtocol:\t\t6\r\n\r\nFilter Information:\r\n\tFilter Run-Time ID:\t0\r\n\tLayer Name:\t\tResource Assignment\r\n\tLayer Run-Time ID:\t36","Category":"Filtering Platform Connection","Opcode":"Info","SourceModuleName":"eventlog","ProcessId":"4164","EventReceivedTime":"2020-08-07 11:06:57","port":60122,"Application":"\\device\\harddiskvolume2\\windows\\system32\\svchost.exe","ExecutionProcessID":4,"host":"wec.internal.cloudapp.net","Severity":"INFO","LayerRTID":"36","LayerName":"%%14608","SeverityValue":2,"EventID":5158,"SourceAddress":"0.0.0.0","ProviderGuid":"{54849625-5478-4994-A5BA-3E3B0328C30D}","RecordNumber":772715,"SourceModuleType":"im_msvistalog","Keywords":-9214364837600034816,"FilterRTID":"0","Protocol":"6","tags":["mordorDataset"]}
{"@version":"1","EventType":"AUDIT_SUCCESS","Version":0,"ThreadID":7000,"EventTime":"2020-08-07 11:06:55","Task":12810,"SourcePort":"54505","Channel":"Security","SourceName":"Microsoft-Windows-Security-Auditing","OpcodeValue":0,"Hostname":"MORDORDC.theshire.local","@timestamp":"2020-08-07T15:06:57.909Z","Message":"The Windows Filtering Platform has permitted a bind to a local port.\r\n\r\nApplication Information:\r\n\tProcess ID:\t\t4164\r\n\tApplication Name:\t\\device\\harddiskvolume2\\windows\\system32\\svchost.exe\r\n\r\nNetwork Information:\r\n\tSource Address:\t\t0.0.0.0\r\n\tSource Port:\t\t54505\r\n\tProtocol:\t\t6\r\n\r\nFilter Information:\r\n\tFilter Run-Time ID:\t0\r\n\tLayer Name:\t\tResource Assignment\r\n\tLayer Run-Time ID:\t36","Category":"Filtering Platform Connection","Opcode":"Info","SourceModuleName":"eventlog","ProcessId":"4164","EventReceivedTime":"2020-08-07 11:06:57","port":60122,"Application":"\\device\\harddiskvolume2\\windows\\system32\\svchost.exe","ExecutionProcessID":4,"host":"wec.internal.cloudapp.net","Severity":"INFO","LayerRTID":"36","LayerName":"%%14608","SeverityValue":2,"EventID":5158,"SourceAddress":"0.0.0.0","ProviderGuid":"{54849625-5478-4994-A5BA-3E3B0328C30D}","RecordNumber":772717,"SourceModuleType":"im_msvistalog","Keywords":-9214364837600034816,"FilterRTID":"0","Protocol":"6","tags":["mordorDataset"]}
{"@version":"1","EventType":"AUDIT_SUCCESS","Version":0,"ThreadID":7000,"EventTime":"2020-08-07 11:06:55","Task":12810,"SourcePort":"54506","Channel":"Security","SourceName":"Microsoft-Windows-Security-Auditing","OpcodeValue":0,"Hostname":"MORDORDC.theshire.local","@timestamp":"2020-08-07T15:06:57.909Z","Message":"The Windows Filtering Platform has permitted a bind to a local port.\r\n\r\nApplication Information:\r\n\tProcess ID:\t\t4164\r\n\tApplication Name:\t\\device\\harddiskvolume2\\windows\\system32\\svchost.exe\r\n\r\nNetwork Information:\r\n\tSource Address:\t\t0.0.0.0\r\n\tSource Port:\t\t54506\r\n\tProtocol:\t\t6\r\n\r\nFilter Information:\r\n\tFilter Run-Time ID:\t0\r\n\tLayer Name:\t\tResource Assignment\r\n\tLayer Run-Time ID:\t36","Category":"Filtering Platform Connection","Opcode":"Info","SourceModuleName":"eventlog","ProcessId":"4164","EventReceivedTime":"2020-08-07 11:06:57","port":60122,"Application":"\\device\\harddiskvolume2\\windows\\system32\\svchost.exe","ExecutionProcessID":4,"host":"wec.internal.cloudapp.net","Severity":"INFO","LayerRTID":"36","LayerName":"%%14608","SeverityValue":2,"EventID":5158,"SourceAddress":"0.0.0.0","ProviderGuid":"{54849625-5478-4994-A5BA-3E3B0328C30D}","RecordNumber":772719,"SourceModuleType":"im_msvistalog","Keywords":-9214364837600034816,"FilterRTID":"0","Protocol":"6","tags":["mordorDataset"]}
{"@version":"1","EventType":"AUDIT_SUCCESS","Version":0,"ThreadID":7000,"EventTime":"2020-08-07 11:06:55","Task":12810,"SourcePort":"54507","Channel":"Security","SourceName":"Microsoft-Windows-Security-Auditing","OpcodeValue":0,"Hostname":"MORDORDC.theshire.local","@timestamp":"2020-08-07T15:06:57.909Z","Message":"The Windows Filtering Platform has permitted a bind to a local port.\r\n\r\nApplication Information:\r\n\tProcess ID:\t\t4164\r\n\tApplication Name:\t\\device\\harddiskvolume2\\windows\\system32\\svchost.exe\r\n\r\nNetwork Information:\r\n\tSource Address:\t\t0.0.0.0\r\n\tSource Port:\t\t54507\r\n\tProtocol:\t\t6\r\n\r\nFilter Information:\r\n\tFilter Run-Time ID:\t0\r\n\tLayer Name:\t\tResource Assignment\r\n\tLayer Run-Time ID:\t36","Category":"Filtering Platform Connection","Opcode":"Info","SourceModuleName":"eventlog","ProcessId":"4164","EventReceivedTime":"2020-08-07 11:06:57","port":60122,"Application":"\\device\\harddiskvolume2\\windows\\system32\\svchost.exe","ExecutionProcessID":4,"host":"wec.internal.cloudapp.net","Severity":"INFO","LayerRTID":"36","LayerName":"%%14608","SeverityValue":2,"EventID":5158,"SourceAddress":"0.0.0.0","ProviderGuid":"{54849625-5478-4994-A5BA-3E3B0328C30D}","RecordNumber":772721,"SourceModuleType":"im_msvistalog","Keywords":-9214364837600034816,"FilterRTID":"0","Protocol":"6","tags":["mordorDataset"]}
{"tags":["mordorDataset"],"@version":"1","EventType":"INFO","AccountType":"User","ThreadID":4204,"DestinationPortName":"-","DestinationIp":"0:0:0:0:0:0:0:1","SourcePort":"58988","Channel":"Microsoft-Windows-Sysmon/Operational","OpcodeValue":0,"Hostname":"MORDORDC.theshire.local","@timestamp":"2020-08-07T15:06:58.920Z","SourceIp":"0:0:0:0:0:0:0:1","ProcessId":"1392","Initiated":"true","DestinationHostname":"-","host":"wec.internal.cloudapp.net","Severity":"INFO","SourceHostname":"-","SeverityValue":2,"Image":"C:\\Windows\\System32\\svchost.exe","SourceModuleType":"im_msvistalog","Version":5,"EventTime":"2020-08-07 11:06:56","Task":3,"DestinationPort":"53","SourceIsIpv6":"true","SourceName":"Microsoft-Windows-Sysmon","Message":"Network connection detected:\r\nRuleName: -\r\nUtcTime: 2020-08-07 15:06:46.811\r\nProcessGuid: {9f85ce58-59de-5f2b-2100-000000000400}\r\nProcessId: 1392\r\nImage: C:\\Windows\\System32\\svchost.exe\r\nUser: NT AUTHORITY\\NETWORK SERVICE\r\nProtocol: udp\r\nInitiated: true\r\nSourceIsIpv6: true\r\nSourceIp: 0:0:0:0:0:0:0:1\r\nSourceHostname: -\r\nSourcePort: 58988\r\nSourcePortName: -\r\nDestinationIsIpv6: true\r\nDestinationIp: 0:0:0:0:0:0:0:1\r\nDestinationHostname: -\r\nDestinationPort: 53\r\nDestinationPortName: -","SourceModuleName":"eventlog","EventReceivedTime":"2020-08-07 11:06:58","port":60122,"AccountName":"SYSTEM","UtcTime":"2020-08-07 15:06:46.811","Domain":"NT AUTHORITY","ExecutionProcessID":3888,"User":"NT AUTHORITY\\NETWORK SERVICE","DestinationIsIpv6":"true","SourcePortName":"-","UserID":"S-1-5-18","EventID":3,"ProviderGuid":"{5770385F-C22A-43E0-BF4C-06F5698FFBD9}","RecordNumber":764700,"Keywords":-9223372036854775808,"ProcessGuid":"{9f85ce58-59de-5f2b-2100-000000000400}","Protocol":"udp","RuleName":"-"}
{"tags":["mordorDataset"],"@version":"1","EventType":"INFO","AccountType":"User","ThreadID":4204,"DestinationPortName":"-","DestinationIp":"0:0:0:0:0:0:0:1","SourcePort":"53","Channel":"Microsoft-Windows-Sysmon/Operational","OpcodeValue":0,"Hostname":"MORDORDC.theshire.local","@timestamp":"2020-08-07T15:06:58.920Z","SourceIp":"0:0:0:0:0:0:0:1","ProcessId":"3616","Initiated":"false","DestinationHostname":"-","host":"wec.internal.cloudapp.net","Severity":"INFO","SourceHostname":"-","SeverityValue":2,"Image":"C:\\Windows\\System32\\dns.exe","SourceModuleType":"im_msvistalog","Version":5,"EventTime":"2020-08-07 11:06:56","Task":3,"DestinationPort":"58988","SourceIsIpv6":"true","SourceName":"Microsoft-Windows-Sysmon","Message":"Network connection detected:\r\nRuleName: -\r\nUtcTime: 2020-08-07 15:06:46.812\r\nProcessGuid: {9f85ce58-59ed-5f2b-5000-000000000400}\r\nProcessId: 3616\r\nImage: C:\\Windows\\System32\\dns.exe\r\nUser: NT AUTHORITY\\SYSTEM\r\nProtocol: udp\r\nInitiated: false\r\nSourceIsIpv6: true\r\nSourceIp: 0:0:0:0:0:0:0:1\r\nSourceHostname: -\r\nSourcePort: 53\r\nSourcePortName: -\r\nDestinationIsIpv6: true\r\nDestinationIp: 0:0:0:0:0:0:0:1\r\nDestinationHostname: -\r\nDestinationPort: 58988\r\nDestinationPortName: -","SourceModuleName":"eventlog","EventReceivedTime":"2020-08-07 11:06:58","port":60122,"AccountName":"SYSTEM","UtcTime":"2020-08-07 15:06:46.812","Domain":"NT AUTHORITY","ExecutionProcessID":3888,"User":"NT AUTHORITY\\SYSTEM","DestinationIsIpv6":"true","SourcePortName":"-","UserID":"S-1-5-18","EventID":3,"ProviderGuid":"{5770385F-C22A-43E0-BF4C-06F5698FFBD9}","RecordNumber":764701,"Keywords":-9223372036854775808,"ProcessGuid":"{9f85ce58-59ed-5f2b-5000-000000000400}","Protocol":"udp","RuleName":"-"}
{"tags":["mordorDataset"],"@version":"1","EventType":"SetValue","Version":2,"ThreadID":4208,"EventTime":"2020-08-07 11:06:56","Task":13,"AccountType":"User","Channel":"Microsoft-Windows-Sysmon/Operational","EventTypeOrignal":"INFO","SourceName":"Microsoft-Windows-Sysmon","Hostname":"MORDORDC.theshire.local","@timestamp":"2020-08-07T15:06:58.920Z","OpcodeValue":0,"Message":"Registry value set:\r\nRuleName: -\r\nEventType: SetValue\r\nUtcTime: 2020-08-07 15:06:56.857\r\nProcessGuid: {9f85ce58-59d8-5f2b-0c00-000000000400}\r\nProcessId: 704\r\nImage: C:\\windows\\system32\\lsass.exe\r\nTargetObject: HKLM\\System\\CurrentControlSet\\Services\\W32Time\\SecureTimeLimits\\SecureTimeHigh\r\nDetails: QWORD (0x01d66cd4-0xc5c8d05b)","SourceModuleName":"eventlog","ProcessId":"704","Details":"QWORD (0x01d66cd4-0xc5c8d05b)","port":60122,"AccountName":"SYSTEM","EventReceivedTime":"2020-08-07 11:06:58","UtcTime":"2020-08-07 15:06:56.857","Domain":"NT AUTHORITY","ExecutionProcessID":3888,"host":"wec.internal.cloudapp.net","Severity":"INFO","TargetObject":"HKLM\\System\\CurrentControlSet\\Services\\W32Time\\SecureTimeLimits\\SecureTimeHigh","SeverityValue":2,"EventID":13,"UserID":"S-1-5-18","ProviderGuid":"{5770385F-C22A-43E0-BF4C-06F5698FFBD9}","RecordNumber":764702,"Image":"C:\\windows\\system32\\lsass.exe","Keywords":-9223372036854775808,"ProcessGuid":"{9f85ce58-59d8-5f2b-0c00-000000000400}","SourceModuleType":"im_msvistalog","RuleName":"-"}
{"tags":["mordorDataset"],"@version":"1","EventType":"SetValue","Version":2,"ThreadID":4208,"EventTime":"2020-08-07 11:06:56","Task":13,"AccountType":"User","Channel":"Microsoft-Windows-Sysmon/Operational","EventTypeOrignal":"INFO","SourceName":"Microsoft-Windows-Sysmon","Hostname":"MORDORDC.theshire.local","@timestamp":"2020-08-07T15:06:58.920Z","OpcodeValue":0,"Message":"Registry value set:\r\nRuleName: -\r\nEventType: SetValue\r\nUtcTime: 2020-08-07 15:06:56.857\r\nProcessGuid: {9f85ce58-59d8-5f2b-0c00-000000000400}\r\nProcessId: 704\r\nImage: C:\\windows\\system32\\lsass.exe\r\nTargetObject: HKLM\\System\\CurrentControlSet\\Services\\W32Time\\SecureTimeLimits\\SecureTimeEstimated\r\nDetails: QWORD (0x01d66ccc-0x6404685b)","SourceModuleName":"eventlog","ProcessId":"704","Details":"QWORD (0x01d66ccc-0x6404685b)","port":60122,"AccountName":"SYSTEM","EventReceivedTime":"2020-08-07 11:06:58","UtcTime":"2020-08-07 15:06:56.857","Domain":"NT AUTHORITY","ExecutionProcessID":3888,"host":"wec.internal.cloudapp.net","Severity":"INFO","TargetObject":"HKLM\\System\\CurrentControlSet\\Services\\W32Time\\SecureTimeLimits\\SecureTimeEstimated","SeverityValue":2,"EventID":13,"UserID":"S-1-5-18","ProviderGuid":"{5770385F-C22A-43E0-BF4C-06F5698FFBD9}","RecordNumber":764703,"Image":"C:\\windows\\system32\\lsass.exe","Keywords":-9223372036854775808,"ProcessGuid":"{9f85ce58-59d8-5f2b-0c00-000000000400}","SourceModuleType":"im_msvistalog","RuleName":"-"}
{"tags":["mordorDataset"],"@version":"1","EventType":"SetValue","Version":2,"ThreadID":4208,"EventTime":"2020-08-07 11:06:56","Task":13,"AccountType":"User","Channel":"Microsoft-Windows-Sysmon/Operational","EventTypeOrignal":"INFO","SourceName":"Microsoft-Windows-Sysmon","Hostname":"MORDORDC.theshire.local","@timestamp":"2020-08-07T15:06:58.921Z","OpcodeValue":0,"Message":"Registry value set:\r\nRuleName: -\r\nEventType: SetValue\r\nUtcTime: 2020-08-07 15:06:56.857\r\nProcessGuid: {9f85ce58-59d8-5f2b-0c00-000000000400}\r\nProcessId: 704\r\nImage: C:\\windows\\system32\\lsass.exe\r\nTargetObject: HKLM\\System\\CurrentControlSet\\Services\\W32Time\\SecureTimeLimits\\SecureTimeLow\r\nDetails: QWORD (0x01d66cc4-0x0240005b)","SourceModuleName":"eventlog","ProcessId":"704","Details":"QWORD (0x01d66cc4-0x0240005b)","port":60122,"AccountName":"SYSTEM","EventReceivedTime":"2020-08-07 11:06:58","UtcTime":"2020-08-07 15:06:56.857","Domain":"NT AUTHORITY","ExecutionProcessID":3888,"host":"wec.internal.cloudapp.net","Severity":"INFO","TargetObject":"HKLM\\System\\CurrentControlSet\\Services\\W32Time\\SecureTimeLimits\\SecureTimeLow","SeverityValue":2,"EventID":13,"UserID":"S-1-5-18","ProviderGuid":"{5770385F-C22A-43E0-BF4C-06F5698FFBD9}","RecordNumber":764704,"Image":"C:\\windows\\system32\\lsass.exe","Keywords":-9223372036854775808,"ProcessGuid":"{9f85ce58-59d8-5f2b-0c00-000000000400}","SourceModuleType":"im_msvistalog","RuleName":"-"}
{"tags":["mordorDataset"],"@version":"1","EventType":"CreateKey","Version":2,"ThreadID":4208,"EventTime":"2020-08-07 11:06:56","Task":12,"AccountType":"User","Channel":"Microsoft-Windows-Sysmon/Operational","EventTypeOrignal":"INFO","SourceName":"Microsoft-Windows-Sysmon","Hostname":"MORDORDC.theshire.local","@timestamp":"2020-08-07T15:06:58.922Z","OpcodeValue":0,"Message":"Registry object added or deleted:\r\nRuleName: -\r\nEventType: CreateKey\r\nUtcTime: 2020-08-07 15:06:56.857\r\nProcessGuid: {9f85ce58-59d8-5f2b-0c00-000000000400}\r\nProcessId: 704\r\nImage: C:\\windows\\system32\\lsass.exe\r\nTargetObject: HKLM\\System\\CurrentControlSet\\Services\\W32Time\\SecureTimeLimits\\RunTime","SourceModuleName":"eventlog","ProcessId":"704","EventReceivedTime":"2020-08-07 11:06:58","port":60122,"AccountName":"SYSTEM","UtcTime":"2020-08-07 15:06:56.857","Domain":"NT AUTHORITY","ExecutionProcessID":3888,"host":"wec.internal.cloudapp.net","Severity":"INFO","TargetObject":"HKLM\\System\\CurrentControlSet\\Services\\W32Time\\SecureTimeLimits\\RunTime","SeverityValue":2,"EventID":12,"UserID":"S-1-5-18","ProviderGuid":"{5770385F-C22A-43E0-BF4C-06F5698FFBD9}","RecordNumber":764705,"Image":"C:\\windows\\system32\\lsass.exe","Keywords":-9223372036854775808,"ProcessGuid":"{9f85ce58-59d8-5f2b-0c00-000000000400}","SourceModuleType":"im_msvistalog","RuleName":"-"}
{"tags":["mordorDataset"],"@version":"1","EventType":"SetValue","Version":2,"ThreadID":4208,"EventTime":"2020-08-07 11:06:56","Task":13,"AccountType":"User","Channel":"Microsoft-Windows-Sysmon/Operational","EventTypeOrignal":"INFO","SourceName":"Microsoft-Windows-Sysmon","Hostname":"MORDORDC.theshire.local","@timestamp":"2020-08-07T15:06:58.922Z","OpcodeValue":0,"Message":"Registry value set:\r\nRuleName: -\r\nEventType: SetValue\r\nUtcTime: 2020-08-07 15:06:56.857\r\nProcessGuid: {9f85ce58-59d8-5f2b-0c00-000000000400}\r\nProcessId: 704\r\nImage: C:\\windows\\system32\\lsass.exe\r\nTargetObject: HKLM\\System\\CurrentControlSet\\Services\\W32Time\\SecureTimeLimits\\RunTime\\SecureTimeTickCount\r\nDetails: QWORD (0x00000000-0x081f037a)","SourceModuleName":"eventlog","ProcessId":"704","Details":"QWORD (0x00000000-0x081f037a)","port":60122,"AccountName":"SYSTEM","EventReceivedTime":"2020-08-07 11:06:58","UtcTime":"2020-08-07 15:06:56.857","Domain":"NT AUTHORITY","ExecutionProcessID":3888,"host":"wec.internal.cloudapp.net","Severity":"INFO","TargetObject":"HKLM\\System\\CurrentControlSet\\Services\\W32Time\\SecureTimeLimits\\RunTime\\SecureTimeTickCount","SeverityValue":2,"EventID":13,"UserID":"S-1-5-18","ProviderGuid":"{5770385F-C22A-43E0-BF4C-06F5698FFBD9}","RecordNumber":764706,"Image":"C:\\windows\\system32\\lsass.exe","Keywords":-9223372036854775808,"ProcessGuid":"{9f85ce58-59d8-5f2b-0c00-000000000400}","SourceModuleType":"im_msvistalog","RuleName":"-"}
{"tags":["mordorDataset"],"@version":"1","EventType":"SetValue","Version":2,"ThreadID":4208,"EventTime":"2020-08-07 11:06:56","Task":13,"AccountType":"User","Channel":"Microsoft-Windows-Sysmon/Operational","EventTypeOrignal":"INFO","SourceName":"Microsoft-Windows-Sysmon","Hostname":"MORDORDC.theshire.local","@timestamp":"2020-08-07T15:06:58.922Z","OpcodeValue":0,"Message":"Registry value set:\r\nRuleName: -\r\nEventType: SetValue\r\nUtcTime: 2020-08-07 15:06:56.857\r\nProcessGuid: {9f85ce58-59d8-5f2b-0c00-000000000400}\r\nProcessId: 704\r\nImage: C:\\windows\\system32\\lsass.exe\r\nTargetObject: HKLM\\System\\CurrentControlSet\\Services\\W32Time\\SecureTimeLimits\\RunTime\\SecureTimeConfidence\r\nDetails: DWORD (0x00000008)","SourceModuleName":"eventlog","ProcessId":"704","Details":"DWORD (0x00000008)","port":60122,"AccountName":"SYSTEM","EventReceivedTime":"2020-08-07 11:06:58","UtcTime":"2020-08-07 15:06:56.857","Domain":"NT AUTHORITY","ExecutionProcessID":3888,"host":"wec.internal.cloudapp.net","Severity":"INFO","TargetObject":"HKLM\\System\\CurrentControlSet\\Services\\W32Time\\SecureTimeLimits\\RunTime\\SecureTimeConfidence","SeverityValue":2,"EventID":13,"UserID":"S-1-5-18","ProviderGuid":"{5770385F-C22A-43E0-BF4C-06F5698FFBD9}","RecordNumber":764707,"Image":"C:\\windows\\system32\\lsass.exe","Keywords":-9223372036854775808,"ProcessGuid":"{9f85ce58-59d8-5f2b-0c00-000000000400}","SourceModuleType":"im_msvistalog","RuleName":"-"}
{"tags":["mordorDataset"],"@version":"1","EventType":"SetValue","Version":2,"ThreadID":4208,"EventTime":"2020-08-07 11:06:56","Task":13,"AccountType":"User","Channel":"Microsoft-Windows-Sysmon/Operational","EventTypeOrignal":"INFO","SourceName":"Microsoft-Windows-Sysmon","Hostname":"MORDORDC.theshire.local","@timestamp":"2020-08-07T15:06:58.923Z","OpcodeValue":0,"Message":"Registry value set:\r\nRuleName: -\r\nEventType: SetValue\r\nUtcTime: 2020-08-07 15:06:56.857\r\nProcessGuid: {9f85ce58-59d8-5f2b-0c00-000000000400}\r\nProcessId: 704\r\nImage: C:\\windows\\system32\\lsass.exe\r\nTargetObject: HKLM\\System\\CurrentControlSet\\Services\\W32Time\\SecureTimeLimits\\SecureTimeHigh\r\nDetails: QWORD (0x01d66cd4-0xc5c8d05b)","SourceModuleName":"eventlog","ProcessId":"704","Details":"QWORD (0x01d66cd4-0xc5c8d05b)","port":60122,"AccountName":"SYSTEM","EventReceivedTime":"2020-08-07 11:06:58","UtcTime":"2020-08-07 15:06:56.857","Domain":"NT AUTHORITY","ExecutionProcessID":3888,"host":"wec.internal.cloudapp.net","Severity":"INFO","TargetObject":"HKLM\\System\\CurrentControlSet\\Services\\W32Time\\SecureTimeLimits\\SecureTimeHigh","SeverityValue":2,"EventID":13,"UserID":"S-1-5-18","ProviderGuid":"{5770385F-C22A-43E0-BF4C-06F5698FFBD9}","RecordNumber":764708,"Image":"C:\\windows\\system32\\lsass.exe","Keywords":-9223372036854775808,"ProcessGuid":"{9f85ce58-59d8-5f2b-0c00-000000000400}","SourceModuleType":"im_msvistalog","RuleName":"-"}
{"tags":["mordorDataset"],"@version":"1","EventType":"SetValue","Version":2,"ThreadID":4208,"EventTime":"2020-08-07 11:06:56","Task":13,"AccountType":"User","Channel":"Microsoft-Windows-Sysmon/Operational","EventTypeOrignal":"INFO","SourceName":"Microsoft-Windows-Sysmon","Hostname":"MORDORDC.theshire.local","@timestamp":"2020-08-07T15:06:58.923Z","OpcodeValue":0,"Message":"Registry value set:\r\nRuleName: -\r\nEventType: SetValue\r\nUtcTime: 2020-08-07 15:06:56.857\r\nProcessGuid: {9f85ce58-59d8-5f2b-0c00-000000000400}\r\nProcessId: 704\r\nImage: C:\\windows\\system32\\lsass.exe\r\nTargetObject: HKLM\\System\\CurrentControlSet\\Services\\W32Time\\SecureTimeLimits\\SecureTimeEstimated\r\nDetails: QWORD (0x01d66ccc-0x6404685b)","SourceModuleName":"eventlog","ProcessId":"704","Details":"QWORD (0x01d66ccc-0x6404685b)","port":60122,"AccountName":"SYSTEM","EventReceivedTime":"2020-08-07 11:06:58","UtcTime":"2020-08-07 15:06:56.857","Domain":"NT AUTHORITY","ExecutionProcessID":3888,"host":"wec.internal.cloudapp.net","Severity":"INFO","TargetObject":"HKLM\\System\\CurrentControlSet\\Services\\W32Time\\SecureTimeLimits\\SecureTimeEstimated","SeverityValue":2,"EventID":13,"UserID":"S-1-5-18","ProviderGuid":"{5770385F-C22A-43E0-BF4C-06F5698FFBD9}","RecordNumber":764709,"Image":"C:\\windows\\system32\\lsass.exe","Keywords":-9223372036854775808,"ProcessGuid":"{9f85ce58-59d8-5f2b-0c00-000000000400}","SourceModuleType":"im_msvistalog","RuleName":"-"}
{"tags":["mordorDataset"],"@version":"1","EventType":"SetValue","Version":2,"ThreadID":4208,"EventTime":"2020-08-07 11:06:56","Task":13,"AccountType":"User","Channel":"Microsoft-Windows-Sysmon/Operational","EventTypeOrignal":"INFO","SourceName":"Microsoft-Windows-Sysmon","Hostname":"MORDORDC.theshire.local","@timestamp":"2020-08-07T15:06:58.923Z","OpcodeValue":0,"Message":"Registry value set:\r\nRuleName: -\r\nEventType: SetValue\r\nUtcTime: 2020-08-07 15:06:56.857\r\nProcessGuid: {9f85ce58-59d8-5f2b-0c00-000000000400}\r\nProcessId: 704\r\nImage: C:\\windows\\system32\\lsass.exe\r\nTargetObject: HKLM\\System\\CurrentControlSet\\Services\\W32Time\\SecureTimeLimits\\SecureTimeLow\r\nDetails: QWORD (0x01d66cc4-0x0240005b)","SourceModuleName":"eventlog","ProcessId":"704","Details":"QWORD (0x01d66cc4-0x0240005b)","port":60122,"AccountName":"SYSTEM","EventReceivedTime":"2020-08-07 11:06:58","UtcTime":"2020-08-07 15:06:56.857","Domain":"NT AUTHORITY","ExecutionProcessID":3888,"host":"wec.internal.cloudapp.net","Severity":"INFO","TargetObject":"HKLM\\System\\CurrentControlSet\\Services\\W32Time\\SecureTimeLimits\\SecureTimeLow","SeverityValue":2,"EventID":13,"UserID":"S-1-5-18","ProviderGuid":"{5770385F-C22A-43E0-BF4C-06F5698FFBD9}","RecordNumber":764710,"Image":"C:\\windows\\system32\\lsass.exe","Keywords":-9223372036854775808,"ProcessGuid":"{9f85ce58-59d8-5f2b-0c00-000000000400}","SourceModuleType":"im_msvistalog","RuleName":"-"}
{"tags":["mordorDataset"],"@version":"1","EventType":"CreateKey","Version":2,"ThreadID":4208,"EventTime":"2020-08-07 11:06:56","Task":12,"AccountType":"User","Channel":"Microsoft-Windows-Sysmon/Operational","EventTypeOrignal":"INFO","SourceName":"Microsoft-Windows-Sysmon","Hostname":"MORDORDC.theshire.local","@timestamp":"2020-08-07T15:06:58.923Z","OpcodeValue":0,"Message":"Registry object added or deleted:\r\nRuleName: -\r\nEventType: CreateKey\r\nUtcTime: 2020-08-07 15:06:56.857\r\nProcessGuid: {9f85ce58-59d8-5f2b-0c00-000000000400}\r\nProcessId: 704\r\nImage: C:\\windows\\system32\\lsass.exe\r\nTargetObject: HKLM\\System\\CurrentControlSet\\Services\\W32Time\\SecureTimeLimits\\RunTime","SourceModuleName":"eventlog","ProcessId":"704","EventReceivedTime":"2020-08-07 11:06:58","port":60122,"AccountName":"SYSTEM","UtcTime":"2020-08-07 15:06:56.857","Domain":"NT AUTHORITY","ExecutionProcessID":3888,"host":"wec.internal.cloudapp.net","Severity":"INFO","TargetObject":"HKLM\\System\\CurrentControlSet\\Services\\W32Time\\SecureTimeLimits\\RunTime","SeverityValue":2,"EventID":12,"UserID":"S-1-5-18","ProviderGuid":"{5770385F-C22A-43E0-BF4C-06F5698FFBD9}","RecordNumber":764711,"Image":"C:\\windows\\system32\\lsass.exe","Keywords":-9223372036854775808,"ProcessGuid":"{9f85ce58-59d8-5f2b-0c00-000000000400}","SourceModuleType":"im_msvistalog","RuleName":"-"}
{"tags":["mordorDataset"],"@version":"1","EventType":"SetValue","Version":2,"ThreadID":4208,"EventTime":"2020-08-07 11:06:56","Task":13,"AccountType":"User","Channel":"Microsoft-Windows-Sysmon/Operational","EventTypeOrignal":"INFO","SourceName":"Microsoft-Windows-Sysmon","Hostname":"MORDORDC.theshire.local","@timestamp":"2020-08-07T15:06:58.924Z","OpcodeValue":0,"Message":"Registry value set:\r\nRuleName: -\r\nEventType: SetValue\r\nUtcTime: 2020-08-07 15:06:56.857\r\nProcessGuid: {9f85ce58-59d8-5f2b-0c00-000000000400}\r\nProcessId: 704\r\nImage: C:\\windows\\system32\\lsass.exe\r\nTargetObject: HKLM\\System\\CurrentControlSet\\Services\\W32Time\\SecureTimeLimits\\RunTime\\SecureTimeTickCount\r\nDetails: QWORD (0x00000000-0x081f037a)","SourceModuleName":"eventlog","ProcessId":"704","Details":"QWORD (0x00000000-0x081f037a)","port":60122,"AccountName":"SYSTEM","EventReceivedTime":"2020-08-07 11:06:58","UtcTime":"2020-08-07 15:06:56.857","Domain":"NT AUTHORITY","ExecutionProcessID":3888,"host":"wec.internal.cloudapp.net","Severity":"INFO","TargetObject":"HKLM\\System\\CurrentControlSet\\Services\\W32Time\\SecureTimeLimits\\RunTime\\SecureTimeTickCount","SeverityValue":2,"EventID":13,"UserID":"S-1-5-18","ProviderGuid":"{5770385F-C22A-43E0-BF4C-06F5698FFBD9}","RecordNumber":764712,"Image":"C:\\windows\\system32\\lsass.exe","Keywords":-9223372036854775808,"ProcessGuid":"{9f85ce58-59d8-5f2b-0c00-000000000400}","SourceModuleType":"im_msvistalog","RuleName":"-"}
{"tags":["mordorDataset"],"@version":"1","EventType":"SetValue","Version":2,"ThreadID":4208,"EventTime":"2020-08-07 11:06:56","Task":13,"AccountType":"User","Channel":"Microsoft-Windows-Sysmon/Operational","EventTypeOrignal":"INFO","SourceName":"Microsoft-Windows-Sysmon","Hostname":"MORDORDC.theshire.local","@timestamp":"2020-08-07T15:06:58.924Z","OpcodeValue":0,"Message":"Registry value set:\r\nRuleName: -\r\nEventType: SetValue\r\nUtcTime: 2020-08-07 15:06:56.857\r\nProcessGuid: {9f85ce58-59d8-5f2b-0c00-000000000400}\r\nProcessId: 704\r\nImage: C:\\windows\\system32\\lsass.exe\r\nTargetObject: HKLM\\System\\CurrentControlSet\\Services\\W32Time\\SecureTimeLimits\\RunTime\\SecureTimeConfidence\r\nDetails: DWORD (0x00000008)","SourceModuleName":"eventlog","ProcessId":"704","Details":"DWORD (0x00000008)","port":60122,"AccountName":"SYSTEM","EventReceivedTime":"2020-08-07 11:06:58","UtcTime":"2020-08-07 15:06:56.857","Domain":"NT AUTHORITY","ExecutionProcessID":3888,"host":"wec.internal.cloudapp.net","Severity":"INFO","TargetObject":"HKLM\\System\\CurrentControlSet\\Services\\W32Time\\SecureTimeLimits\\RunTime\\SecureTimeConfidence","SeverityValue":2,"EventID":13,"UserID":"S-1-5-18","ProviderGuid":"{5770385F-C22A-43E0-BF4C-06F5698FFBD9}","RecordNumber":764713,"Image":"C:\\windows\\system32\\lsass.exe","Keywords":-9223372036854775808,"ProcessGuid":"{9f85ce58-59d8-5f2b-0c00-000000000400}","SourceModuleType":"im_msvistalog","RuleName":"-"}
{"tags":["mordorDataset"],"@version":"1","EventType":"AUDIT_SUCCESS","Version":1,"ThreadID":4992,"EventTime":"2020-08-07 11:06:57","Task":12810,"DestAddress":"169.254.169.254","SourcePort":"52810","Channel":"Security","SourceName":"Microsoft-Windows-Security-Auditing","OpcodeValue":0,"Hostname":"WORKSTATION5.theshire.local","@timestamp":"2020-08-07T15:06:59.918Z","Message":"The Windows Filtering Platform has permitted a connection.\r\n\r\nApplication Information:\r\n\tProcess ID:\t\t3472\r\n\tApplication Name:\t\\device\\harddiskvolume2\\packages\\plugins\\microsoft.azure.networkwatcher.networkwatcheragentwindows\\1.4.1587.1\\networkwatcheragent\\networkwatcheragent.exe\r\n\r\nNetwork Information:\r\n\tDirection:\t\tOutbound\r\n\tSource Address:\t\t172.18.39.5\r\n\tSource Port:\t\t52810\r\n\tDestination Address:\t169.254.169.254\r\n\tDestination Port:\t\t80\r\n\tProtocol:\t\t6\r\n\r\nFilter Information:\r\n\tFilter Run-Time ID:\t69424\r\n\tLayer Name:\t\tConnect\r\n\tLayer Run-Time ID:\t48","Category":"Filtering Platform Connection","Opcode":"Info","SourceModuleName":"eventlog","ProcessId":"3472","EventReceivedTime":"2020-08-07 11:06:59","port":60122,"Application":"\\device\\harddiskvolume2\\packages\\plugins\\microsoft.azure.networkwatcher.networkwatcheragentwindows\\1.4.1587.1\\networkwatcheragent\\networkwatcheragent.exe","ExecutionProcessID":4,"Direction":"%%14593","RemoteMachineID":"S-1-0-0","host":"wec.internal.cloudapp.net","DestPort":"80","Severity":"INFO","LayerRTID":"48","LayerName":"%%14611","SeverityValue":2,"EventID":5156,"SourceAddress":"172.18.39.5","ProviderGuid":"{54849625-5478-4994-A5BA-3E3B0328C30D}","RecordNumber":209666,"SourceModuleType":"im_msvistalog","Keywords":-9214364837600034816,"FilterRTID":"69424","Protocol":"6","RemoteUserID":"S-1-0-0"}
{"tags":["mordorDataset"],"@version":"1","EventType":"AUDIT_SUCCESS","Version":1,"ThreadID":4992,"EventTime":"2020-08-07 11:06:57","Task":12810,"DestAddress":"169.254.169.254","SourcePort":"52810","Channel":"Security","SourceName":"Microsoft-Windows-Security-Auditing","OpcodeValue":0,"Hostname":"WORKSTATION5.theshire.local","@timestamp":"2020-08-07T15:06:59.918Z","Message":"The Windows Filtering Platform has permitted a connection.\r\n\r\nApplication Information:\r\n\tProcess ID:\t\t3472\r\n\tApplication Name:\t\\device\\harddiskvolume2\\packages\\plugins\\microsoft.azure.networkwatcher.networkwatcheragentwindows\\1.4.1587.1\\networkwatcheragent\\networkwatcheragent.exe\r\n\r\nNetwork Information:\r\n\tDirection:\t\tOutbound\r\n\tSource Address:\t\t172.18.39.5\r\n\tSource Port:\t\t52810\r\n\tDestination Address:\t169.254.169.254\r\n\tDestination Port:\t\t80\r\n\tProtocol:\t\t6\r\n\r\nFilter Information:\r\n\tFilter Run-Time ID:\t69424\r\n\tLayer Name:\t\tConnect\r\n\tLayer Run-Time ID:\t48","Category":"Filtering Platform Connection","Opcode":"Info","SourceModuleName":"eventlog","ProcessId":"3472","EventReceivedTime":"2020-08-07 11:06:59","port":60122,"Application":"\\device\\harddiskvolume2\\packages\\plugins\\microsoft.azure.networkwatcher.networkwatcheragentwindows\\1.4.1587.1\\networkwatcheragent\\networkwatcheragent.exe","ExecutionProcessID":4,"Direction":"%%14593","RemoteMachineID":"S-1-0-0","host":"wec.internal.cloudapp.net","DestPort":"80","Severity":"INFO","LayerRTID":"48","LayerName":"%%14611","SeverityValue":2,"EventID":5156,"SourceAddress":"172.18.39.5","ProviderGuid":"{54849625-5478-4994-A5BA-3E3B0328C30D}","RecordNumber":209667,"SourceModuleType":"im_msvistalog","Keywords":-9214364837600034816,"FilterRTID":"69424","Protocol":"6","RemoteUserID":"S-1-0-0"}
{"tags":["mordorDataset"],"@version":"1","EventType":"AUDIT_SUCCESS","Version":1,"ThreadID":6176,"EventTime":"2020-08-07 11:06:57","Task":12810,"DestAddress":"169.254.169.254","SourcePort":"50110","Channel":"Security","SourceName":"Microsoft-Windows-Security-Auditing","OpcodeValue":0,"Hostname":"WORKSTATION6.theshire.local","@timestamp":"2020-08-07T15:06:59.919Z","Message":"The Windows Filtering Platform has permitted a connection.\r\n\r\nApplication Information:\r\n\tProcess ID:\t\t3548\r\n\tApplication Name:\t\\device\\harddiskvolume2\\packages\\plugins\\microsoft.azure.networkwatcher.networkwatcheragentwindows\\1.4.1587.1\\networkwatcheragent\\networkwatcheragent.exe\r\n\r\nNetwork Information:\r\n\tDirection:\t\tOutbound\r\n\tSource Address:\t\t172.18.39.6\r\n\tSource Port:\t\t50110\r\n\tDestination Address:\t169.254.169.254\r\n\tDestination Port:\t\t80\r\n\tProtocol:\t\t6\r\n\r\nFilter Information:\r\n\tFilter Run-Time ID:\t69426\r\n\tLayer Name:\t\tConnect\r\n\tLayer Run-Time ID:\t48","Category":"Filtering Platform Connection","Opcode":"Info","SourceModuleName":"eventlog","ProcessId":"3548","EventReceivedTime":"2020-08-07 11:06:59","port":60122,"Application":"\\device\\harddiskvolume2\\packages\\plugins\\microsoft.azure.networkwatcher.networkwatcheragentwindows\\1.4.1587.1\\networkwatcheragent\\networkwatcheragent.exe","ExecutionProcessID":4,"Direction":"%%14593","RemoteMachineID":"S-1-0-0","host":"wec.internal.cloudapp.net","DestPort":"80","Severity":"INFO","LayerRTID":"48","LayerName":"%%14611","SeverityValue":2,"EventID":5156,"SourceAddress":"172.18.39.6","ProviderGuid":"{54849625-5478-4994-A5BA-3E3B0328C30D}","RecordNumber":236708,"SourceModuleType":"im_msvistalog","Keywords":-9214364837600034816,"FilterRTID":"69426","Protocol":"6","RemoteUserID":"S-1-0-0"}
{"tags":["mordorDataset"],"@version":"1","EventType":"AUDIT_SUCCESS","Version":1,"ThreadID":6176,"EventTime":"2020-08-07 11:06:57","Task":12810,"DestAddress":"169.254.169.254","SourcePort":"50110","Channel":"Security","SourceName":"Microsoft-Windows-Security-Auditing","OpcodeValue":0,"Hostname":"WORKSTATION6.theshire.local","@timestamp":"2020-08-07T15:06:59.919Z","Message":"The Windows Filtering Platform has permitted a connection.\r\n\r\nApplication Information:\r\n\tProcess ID:\t\t3548\r\n\tApplication Name:\t\\device\\harddiskvolume2\\packages\\plugins\\microsoft.azure.networkwatcher.networkwatcheragentwindows\\1.4.1587.1\\networkwatcheragent\\networkwatcheragent.exe\r\n\r\nNetwork Information:\r\n\tDirection:\t\tOutbound\r\n\tSource Address:\t\t172.18.39.6\r\n\tSource Port:\t\t50110\r\n\tDestination Address:\t169.254.169.254\r\n\tDestination Port:\t\t80\r\n\tProtocol:\t\t6\r\n\r\nFilter Information:\r\n\tFilter Run-Time ID:\t69426\r\n\tLayer Name:\t\tConnect\r\n\tLayer Run-Time ID:\t48","Category":"Filtering Platform Connection","Opcode":"Info","SourceModuleName":"eventlog","ProcessId":"3548","EventReceivedTime":"2020-08-07 11:06:59","port":60122,"Application":"\\device\\harddiskvolume2\\packages\\plugins\\microsoft.azure.networkwatcher.networkwatcheragentwindows\\1.4.1587.1\\networkwatcheragent\\networkwatcheragent.exe","ExecutionProcessID":4,"Direction":"%%14593","RemoteMachineID":"S-1-0-0","host":"wec.internal.cloudapp.net","DestPort":"80","Severity":"INFO","LayerRTID":"48","LayerName":"%%14611","SeverityValue":2,"EventID":5156,"SourceAddress":"172.18.39.6","ProviderGuid":"{54849625-5478-4994-A5BA-3E3B0328C30D}","RecordNumber":236709,"SourceModuleType":"im_msvistalog","Keywords":-9214364837600034816,"FilterRTID":"69426","Protocol":"6","RemoteUserID":"S-1-0-0"}
{"tags":["mordorDataset"],"TargetProcessGUID":"{297bc33e-5c35-5f2b-4700-000000000400}","@version":"1","EventType":"INFO","Version":3,"ThreadID":4364,"EventTime":"2020-08-07 11:07:00","Task":10,"AccountType":"User","SourceProcessGUID":"{297bc33e-5c2f-5f2b-1200-000000000400}","CallTrace":"C:\\windows\\SYSTEM32\\ntdll.dll+9c534|C:\\windows\\System32\\KERNELBASE.dll+6a7f5|c:\\windows\\system32\\lsm.dll+10225|C:\\windows\\System32\\RPCRT4.dll+76953|C:\\windows\\System32\\RPCRT4.dll+da036|C:\\windows\\System32\\RPCRT4.dll+37a4c|C:\\windows\\System32\\RPCRT4.dll+548c8|C:\\windows\\System32\\RPCRT4.dll+2c921|C:\\windows\\System32\\RPCRT4.dll+2c1db|C:\\windows\\System32\\RPCRT4.dll+1a86f|C:\\windows\\System32\\RPCRT4.dll+19d1a|C:\\windows\\System32\\RPCRT4.dll+19301|C:\\windows\\System32\\RPCRT4.dll+18d6e|C:\\windows\\System32\\RPCRT4.dll+169a5|C:\\windows\\SYSTEM32\\ntdll.dll+333ed|C:\\windows\\SYSTEM32\\ntdll.dll+34142|C:\\windows\\System32\\KERNEL32.DLL+17bd4|C:\\windows\\SYSTEM32\\ntdll.dll+6ce51","Channel":"Microsoft-Windows-Sysmon/Operational","SourceName":"Microsoft-Windows-Sysmon","OpcodeValue":0,"Hostname":"WORKSTATION5.theshire.local","@timestamp":"2020-08-07T15:07:01.939Z","Message":"Process accessed:\r\nRuleName: -\r\nUtcTime: 2020-08-07 15:07:00.002\r\nSourceProcessGUID: {297bc33e-5c2f-5f2b-1200-000000000400}\r\nSourceProcessId: 452\r\nSourceThreadId: 3032\r\nSourceImage: C:\\windows\\system32\\svchost.exe\r\nTargetProcessGUID: {297bc33e-5c35-5f2b-4700-000000000400}\r\nTargetProcessId: 3140\r\nTargetImage: C:\\windows\\System32\\svchost.exe\r\nGrantedAccess: 0x1000\r\nCallTrace: C:\\windows\\SYSTEM32\\ntdll.dll+9c534|C:\\windows\\System32\\KERNELBASE.dll+6a7f5|c:\\windows\\system32\\lsm.dll+10225|C:\\windows\\System32\\RPCRT4.dll+76953|C:\\windows\\System32\\RPCRT4.dll+da036|C:\\windows\\System32\\RPCRT4.dll+37a4c|C:\\windows\\System32\\RPCRT4.dll+548c8|C:\\windows\\System32\\RPCRT4.dll+2c921|C:\\windows\\System32\\RPCRT4.dll+2c1db|C:\\windows\\System32\\RPCRT4.dll+1a86f|C:\\windows\\System32\\RPCRT4.dll+19d1a|C:\\windows\\System32\\RPCRT4.dll+19301|C:\\windows\\System32\\RPCRT4.dll+18d6e|C:\\windows\\System32\\RPCRT4.dll+169a5|C:\\windows\\SYSTEM32\\ntdll.dll+333ed|C:\\windows\\SYSTEM32\\ntdll.dll+34142|C:\\windows\\System32\\KERNEL32.DLL+17bd4|C:\\windows\\SYSTEM32\\ntdll.dll+6ce51","SourceModuleName":"eventlog","ProcessId":"452","SourceImage":"C:\\windows\\system32\\svchost.exe","EventReceivedTime":"2020-08-07 11:07:01","port":60122,"AccountName":"SYSTEM","UtcTime":"2020-08-07 15:07:00.002","GrantedAccess":"0x1000","Domain":"NT AUTHORITY","ExecutionProcessID":3284,"host":"wec.internal.cloudapp.net","SourceProcessId":"452","SourceThreadId":"3032","Severity":"INFO","TargetProcessId":"3140","SeverityValue":2,"EventID":10,"UserID":"S-1-5-18","ProviderGuid":"{5770385F-C22A-43E0-BF4C-06F5698FFBD9}","RecordNumber":743644,"SourceModuleType":"im_msvistalog","Keywords":-9223372036854775808,"TargetImage":"C:\\windows\\System32\\svchost.exe","RuleName":"-"}
{"@version":"1","EventType":"AUDIT_SUCCESS","ThreadID":6176,"ObjectName":"ServicesActive","ObjectType":"SC_MANAGER OBJECT","Channel":"Security","OpcodeValue":0,"SubjectDomainName":"NT AUTHORITY","Hostname":"WORKSTATION6.theshire.local","@timestamp":"2020-08-07T15:07:01.939Z","Category":"Other Object Access Events","AccessMask":"0x5","ProcessId":"0x2dc","AccessList":"%%7168\r\n\t\t\t\t%%7170\r\n\t\t\t\t","ProcessName":"C:\\Windows\\System32\\services.exe","ResourceAttributes":"-","host":"wec.internal.cloudapp.net","SubjectUserName":"LOCAL SERVICE","Severity":"INFO","SeverityValue":2,"SourceModuleType":"im_msvistalog","TransactionId":"{00000000-0000-0000-0000-000000000000}","SubjectLogonId":"0x3e5","Version":1,"EventTime":"2020-08-07 11:07:00","Task":12804,"AccessReason":"-","PrivilegeList":"-","SourceName":"Microsoft-Windows-Security-Auditing","Opcode":"Info","Message":"A handle to an object was requested.\r\n\r\nSubject:\r\n\tSecurity ID:\t\tS-1-5-19\r\n\tAccount Name:\t\tLOCAL SERVICE\r\n\tAccount Domain:\t\tNT AUTHORITY\r\n\tLogon ID:\t\t0x3E5\r\n\r\nObject:\r\n\tObject Server:\t\tSC Manager\r\n\tObject Type:\t\tSC_MANAGER OBJECT\r\n\tObject Name:\t\tServicesActive\r\n\tHandle ID:\t\t0x21849e4c5a0\r\n\tResource Attributes:\t-\r\n\r\nProcess Information:\r\n\tProcess ID:\t\t0x2dc\r\n\tProcess Name:\t\tC:\\Windows\\System32\\services.exe\r\n\r\nAccess Request Information:\r\n\tTransaction ID:\t\t{00000000-0000-0000-0000-000000000000}\r\n\tAccesses:\t\tConnect to service controller\r\n\t\t\t\tEnumerate services\r\n\t\t\t\t\r\n\tAccess Reasons:\t\t-\r\n\tAccess Mask:\t\t0x5\r\n\tPrivileges Used for Access Check:\t-\r\n\tRestricted SID Count:\t0","SourceModuleName":"eventlog","EventReceivedTime":"2020-08-07 11:07:01","port":60122,"RestrictedSidCount":"0","ExecutionProcessID":4,"ObjectServer":"SC Manager","SubjectUserSid":"S-1-5-19","HandleId":"0x21849e4c5a0","EventID":4656,"ProviderGuid":"{54849625-5478-4994-A5BA-3E3B0328C30D}","RecordNumber":236710,"Keywords":-9214364837600034816,"tags":["mordorDataset"]}
