{"tags":["mordorDataset"],"@version":"1","EventType":"AUDIT_SUCCESS","Version":1,"ThreadID":6756,"EventTime":"2020-08-07 11:06:27","Task":12810,"DestAddress":"::1","SourcePort":"54486","Channel":"Security","SourceName":"Microsoft-Windows-Security-Auditing","OpcodeValue":0,"Hostname":"MORDORDC.theshire.local","@timestamp":"2020-08-07T15:06:28.838Z","Message":"The Windows Filtering Platform has permitted a connection.\r\n\r\nApplication Information:\r\n\tProcess ID:\t\t704\r\n\tApplication Name:\t\\device\\harddiskvolume2\\windows\\system32\\lsass.exe\r\n\r\nNetwork Information:\r\n\tDirection:\t\tInbound\r\n\tSource Address:\t\t::1\r\n\tSource Port:\t\t54486\r\n\tDestination Address:\t::1\r\n\tDestination Port:\t\t389\r\n\tProtocol:\t\t6\r\n\r\nFilter Information:\r\n\tFilter Run-Time ID:\t65851\r\n\tLayer Name:\t\tReceive/Accept\r\n\tLayer Run-Time ID:\t46","Category":"Filtering Platform Connection","Opcode":"Info","SourceModuleName":"eventlog","ProcessId":"704","EventReceivedTime":"2020-08-07 11:06:28","port":60122,"Application":"\\device\\harddiskvolume2\\windows\\system32\\lsass.exe","ExecutionProcessID":4,"Direction":"%%14592","RemoteMachineID":"S-1-0-0","host":"wec.internal.cloudapp.net","DestPort":"389","Severity":"INFO","LayerRTID":"46","LayerName":"%%14610","SeverityValue":2,"EventID":5156,"SourceAddress":"::1","ProviderGuid":"{54849625-5478-4994-A5BA-3E3B0328C30D}","RecordNumber":772671,"SourceModuleType":"im_msvistalog","Keywords":-9214364837600034816,"FilterRTID":"65851","Protocol":"6","RemoteUserID":"S-1-0-0"}
{"SubjectLogonId":"0x2bea5c5","@version":"1","EventType":"AUDIT_SUCCESS","Version":0,"ThreadID":3392,"EventTime":"2020-08-07 11:06:27","Task":12548,"PrivilegeList":"SeSecurityPrivilege\r\n\t\t\tSeBackupPrivilege\r\n\t\t\tSeRestorePrivilege\r\n\t\t\tSeTakeOwnershipPrivilege\r\n\t\t\tSeDebugPrivilege\r\n\t\t\tSeSystemEnvironmentPrivilege\r\n\t\t\tSeLoadDriverPrivilege\r\n\t\t\tSeImpersonatePrivilege\r\n\t\t\tSeDelegateSessionUserImpersonatePrivilege\r\n\t\t\tSeEnableDelegationPrivilege","Channel":"Security","SourceName":"Microsoft-Windows-Security-Auditing","OpcodeValue":0,"Hostname":"MORDORDC.theshire.local","@timestamp":"2020-08-07T15:06:28.839Z","Message":"Special privileges assigned to new logon.\r\n\r\nSubject:\r\n\tSecurity ID:\t\tS-1-5-18\r\n\tAccount Name:\t\tMORDORDC$\r\n\tAccount Domain:\t\tTHESHIRE\r\n\tLogon ID:\t\t0x2BEA5C5\r\n\r\nPrivileges:\t\tSeSecurityPrivilege\r\n\t\t\tSeBackupPrivilege\r\n\t\t\tSeRestorePrivilege\r\n\t\t\tSeTakeOwnershipPrivilege\r\n\t\t\tSeDebugPrivilege\r\n\t\t\tSeSystemEnvironmentPrivilege\r\n\t\t\tSeLoadDriverPrivilege\r\n\t\t\tSeImpersonatePrivilege\r\n\t\t\tSeDelegateSessionUserImpersonatePrivilege\r\n\t\t\tSeEnableDelegationPrivilege","Category":"Special Logon","Opcode":"Info","SubjectDomainName":"THESHIRE","SourceModuleName":"eventlog","EventReceivedTime":"2020-08-07 11:06:28","port":60122,"ExecutionProcessID":704,"host":"wec.internal.cloudapp.net","SubjectUserSid":"S-1-5-18","SubjectUserName":"MORDORDC$","Severity":"INFO","SeverityValue":2,"EventID":4672,"ProviderGuid":"{54849625-5478-4994-A5BA-3E3B0328C30D}","RecordNumber":772672,"SourceModuleType":"im_msvistalog","Keywords":-9214364837600034816,"tags":["mordorDataset"]}
{"TargetDomainName":"THESHIRE.LOCAL","tags":["mordorDataset"],"@version":"1","EventType":"AUDIT_SUCCESS","ThreadID":3392,"ElevatedToken":"%%1842","Channel":"Security","OpcodeValue":0,"SubjectDomainName":"-","Hostname":"MORDORDC.theshire.local","@timestamp":"2020-08-07T15:06:28.839Z","Category":"Logon","ProcessId":"0x0","TargetOutboundDomainName":"-","IpPort":"54486","ImpersonationLevel":"%%1833","ProcessName":"-","KeyLength":"0","host":"wec.internal.cloudapp.net","TargetOutboundUserName":"-","SubjectUserName":"-","RestrictedAdminMode":"-","Severity":"INFO","LogonProcessName":"Kerberos","SeverityValue":2,"LogonGuid":"{b11b2054-2976-9513-aba5-ec34450ba878}","SourceModuleType":"im_msvistalog","SubjectLogonId":"0x0","WorkstationName":"-","TargetLinkedLogonId":"0x0","Version":2,"EventTime":"2020-08-07 11:06:27","Task":12544,"SourceName":"Microsoft-Windows-Security-Auditing","Opcode":"Info","Message":"An account was successfully logged on.\r\n\r\nSubject:\r\n\tSecurity ID:\t\tS-1-0-0\r\n\tAccount Name:\t\t-\r\n\tAccount Domain:\t\t-\r\n\tLogon ID:\t\t0x0\r\n\r\nLogon Information:\r\n\tLogon Type:\t\t3\r\n\tRestricted Admin Mode:\t-\r\n\tVirtual Account:\t\tNo\r\n\tElevated Token:\t\tYes\r\n\r\nImpersonation Level:\t\tImpersonation\r\n\r\nNew Logon:\r\n\tSecurity ID:\t\tS-1-5-18\r\n\tAccount Name:\t\tMORDORDC$\r\n\tAccount Domain:\t\tTHESHIRE.LOCAL\r\n\tLogon ID:\t\t0x2BEA5C5\r\n\tLinked Logon ID:\t\t0x0\r\n\tNetwork Account Name:\t-\r\n\tNetwork Account Domain:\t-\r\n\tLogon GUID:\t\t{b11b2054-2976-9513-aba5-ec34450ba878}\r\n\r\nProcess Information:\r\n\tProcess ID:\t\t0x0\r\n\tProcess Name:\t\t-\r\n\r\nNetwork Information:\r\n\tWorkstation Name:\t-\r\n\tSource Network Address:\t::1\r\n\tSource Port:\t\t54486\r\n\r\nDetailed Authentication Information:\r\n\tLogon Process:\t\tKerberos\r\n\tAuthentication Package:\tKerberos\r\n\tTransited Services:\t-\r\n\tPackage Name (NTLM only):\t-\r\n\tKey Length:\t\t0\r\n\r\nThis event is generated when a logon session is created. It is generated on the computer that was accessed.\r\n\r\nThe subject fields indicate the account on the local system which requested the logon. This is most commonly a service such as the Server service, or a local process such as Winlogon.exe or Services.exe.\r\n\r\nThe logon type field indicates the kind of logon that occurred. The most common types are 2 (interactive) and 3 (network).\r\n\r\nThe New Logon fields indicate the account for whom the new logon was created, i.e. the account that was logged on.\r\n\r\nThe network fields indicate where a remote logon request originated. Workstation name is not always available and may be left blank in some cases.\r\n\r\nThe impersonation level field indicates the extent to which a process in the logon session can impersonate.\r\n\r\nThe authentication information fields provide detailed information about this specific logon request.\r\n\t- Logon GUID is a unique identifier that can be used to correlate this event with a KDC event.\r\n\t- Transited services indicate which intermediate services have participated in this logon request.\r\n\t- Package name indicates which sub-protocol was used among the NTLM protocols.\r\n\t- Key length indicates the length of the generated session key. This will be 0 if no session key was requested.","SourceModuleName":"eventlog","TargetLogonId":"0x2bea5c5","TargetUserSid":"S-1-5-18","TransmittedServices":"-","EventReceivedTime":"2020-08-07 11:06:28","port":60122,"IpAddress":"::1","LmPackageName":"-","ExecutionProcessID":704,"SubjectUserSid":"S-1-0-0","TargetUserName":"MORDORDC$","EventID":4624,"AuthenticationPackageName":"Kerberos","ProviderGuid":"{54849625-5478-4994-A5BA-3E3B0328C30D}","RecordNumber":772673,"Keywords":-9214364837600034816,"VirtualAccount":"%%1843","LogonType":"3"}
{"TargetDomainName":"THESHIRE.LOCAL","SubjectLogonId":"0x0","@version":"1","EventType":"AUDIT_SUCCESS","Version":0,"ThreadID":3392,"EventTime":"2020-08-07 11:06:27","Task":12554,"Channel":"Security","SourceName":"Microsoft-Windows-Security-Auditing","OpcodeValue":0,"Hostname":"MORDORDC.theshire.local","@timestamp":"2020-08-07T15:06:28.839Z","Message":"Group membership information.\r\n\r\nSubject:\r\n\tSecurity ID:\t\tS-1-0-0\r\n\tAccount Name:\t\t-\r\n\tAccount Domain:\t\t-\r\n\tLogon ID:\t\t0x0\r\n\r\nLogon Type:\t\t\t3\r\n\r\nNew Logon:\r\n\tSecurity ID:\t\tS-1-5-18\r\n\tAccount Name:\t\tMORDORDC$\r\n\tAccount Domain:\t\tTHESHIRE.LOCAL\r\n\tLogon ID:\t\t0x2BEA5C5\r\n\r\nEvent in sequence:\t\t1 of 1\r\n\r\nGroup Membership:\t\t\t\r\n\t\t%{S-1-5-32-544}\r\n\t\t%{S-1-1-0}\r\n\t\t%{S-1-5-32-554}\r\n\t\t%{S-1-5-32-545}\r\n\t\t%{S-1-5-32-555}\r\n\t\t%{S-1-5-32-560}\r\n\t\t%{S-1-5-2}\r\n\t\t%{S-1-5-11}\r\n\t\t%{S-1-5-15}\r\n\t\t%{S-1-5-21-1363495622-3806888128-621328882-1000}\r\n\t\t%{S-1-5-21-1363495622-3806888128-621328882-516}\r\n\t\t%{S-1-5-9}\r\n\t\t%{S-1-18-1}\r\n\t\t%{S-1-5-21-1363495622-3806888128-621328882-572}\r\n\t\t%{S-1-16-16384}\r\n\r\nThe subject fields indicate the account on the local system which requested the logon. This is most commonly a service such as the Server service, or a local process such as Winlogon.exe or Services.exe.\r\n\r\nThe logon type field indicates the kind of logon that occurred. The most common types are 2 (interactive) and 3 (network).\r\n\r\nThe New Logon fields indicate the account for whom the new logon was created, i.e. the account that was logged on.\r\n\r\nThis event is generated when the Audit Group Membership subcategory is configured.  The Logon ID field can be used to correlate this event with the corresponding user logon event as well as to any other security audit events generated during this logon session.","Category":"Group Membership","Opcode":"Info","SubjectDomainName":"-","TargetUserSid":"S-1-5-18","TargetLogonId":"0x2bea5c5","GroupMembership":"\r\n\t\t%{S-1-5-32-544}\r\n\t\t%{S-1-1-0}\r\n\t\t%{S-1-5-32-554}\r\n\t\t%{S-1-5-32-545}\r\n\t\t%{S-1-5-32-555}\r\n\t\t%{S-1-5-32-560}\r\n\t\t%{S-1-5-2}\r\n\t\t%{S-1-5-11}\r\n\t\t%{S-1-5-15}\r\n\t\t%{S-1-5-21-1363495622-3806888128-621328882-1000}\r\n\t\t%{S-1-5-21-1363495622-3806888128-621328882-516}\r\n\t\t%{S-1-5-9}\r\n\t\t%{S-1-18-1}\r\n\t\t%{S-1-5-21-1363495622-3806888128-621328882-572}\r\n\t\t%{S-1-16-16384}","port":60122,"EventReceivedTime":"2020-08-07 11:06:28","SourceModuleName":"eventlog","ExecutionProcessID":704,"EventIdx":"1","host":"wec.internal.cloudapp.net","SubjectUserSid":"S-1-0-0","SubjectUserName":"-","EventCountTotal":"1","Severity":"INFO","TargetUserName":"MORDORDC$","SeverityValue":2,"EventID":4627,"ProviderGuid":"{54849625-5478-4994-A5BA-3E3B0328C30D}","RecordNumber":772674,"SourceModuleType":"im_msvistalog","Keywords":-9214364837600034816,"tags":["mordorDataset"],"LogonType":"3"}
{"TargetDomainName":"THESHIRE","@version":"1","EventType":"AUDIT_SUCCESS","Version":0,"ThreadID":3076,"EventTime":"2020-08-07 11:06:27","Task":12545,"Channel":"Security","SourceName":"Microsoft-Windows-Security-Auditing","OpcodeValue":0,"Hostname":"MORDORDC.theshire.local","@timestamp":"2020-08-07T15:06:28.840Z","Message":"An account was logged off.\r\n\r\nSubject:\r\n\tSecurity ID:\t\tS-1-5-18\r\n\tAccount Name:\t\tMORDORDC$\r\n\tAccount Domain:\t\tTHESHIRE\r\n\tLogon ID:\t\t0x2BEA5C5\r\n\r\nLogon Type:\t\t\t3\r\n\r\nThis event is generated when a logon session is destroyed. It may be positively correlated with a logon event using the Logon ID value. Logon IDs are only unique between reboots on the same computer.","Category":"Logoff","Opcode":"Info","TargetUserSid":"S-1-5-18","TargetLogonId":"0x2bea5c5","SourceModuleName":"eventlog","EventReceivedTime":"2020-08-07 11:06:28","port":60122,"ExecutionProcessID":704,"host":"wec.internal.cloudapp.net","Severity":"INFO","TargetUserName":"MORDORDC$","SeverityValue":2,"EventID":4634,"ProviderGuid":"{54849625-5478-4994-A5BA-3E3B0328C30D}","RecordNumber":772675,"SourceModuleType":"im_msvistalog","Keywords":-9214364837600034816,"tags":["mordorDataset"],"LogonType":"3"}
{"tags":["mordorDataset"],"@version":"1","EventType":"CreateKey","Version":2,"ThreadID":4364,"EventTime":"2020-08-07 11:06:27","Task":12,"AccountType":"User","Channel":"Microsoft-Windows-Sysmon/Operational","EventTypeOrignal":"INFO","SourceName":"Microsoft-Windows-Sysmon","Hostname":"WORKSTATION5.theshire.local","@timestamp":"2020-08-07T15:06:28.840Z","OpcodeValue":0,"Message":"Registry object added or deleted:\r\nRuleName: -\r\nEventType: CreateKey\r\nUtcTime: 2020-08-07 15:06:27.531\r\nProcessGuid: {297bc33e-6d08-5f2d-b607-000000000400}\r\nProcessId: 8964\r\nImage: C:\\windows\\system32\\svchost.exe\r\nTargetObject: HKLM\\SOFTWARE\\Microsoft\\IdentityCRL\\NegativeCache\\001800043CBFE885_S-1-5-21-1363495622-3806888128-621328882-1104","SourceModuleName":"eventlog","ProcessId":"8964","EventReceivedTime":"2020-08-07 11:06:28","port":60122,"AccountName":"SYSTEM","UtcTime":"2020-08-07 15:06:27.531","Domain":"NT AUTHORITY","ExecutionProcessID":3284,"host":"wec.internal.cloudapp.net","Severity":"INFO","TargetObject":"HKLM\\SOFTWARE\\Microsoft\\IdentityCRL\\NegativeCache\\001800043CBFE885_S-1-5-21-1363495622-3806888128-621328882-1104","SeverityValue":2,"EventID":12,"UserID":"S-1-5-18","ProviderGuid":"{5770385F-C22A-43E0-BF4C-06F5698FFBD9}","RecordNumber":743619,"Image":"C:\\windows\\system32\\svchost.exe","Keywords":-9223372036854775808,"ProcessGuid":"{297bc33e-6d08-5f2d-b607-000000000400}","SourceModuleType":"im_msvistalog","RuleName":"-"}
{"tags":["mordorDataset"],"@version":"1","EventType":"SetValue","Version":2,"ThreadID":4364,"EventTime":"2020-08-07 11:06:27","Task":13,"AccountType":"User","Channel":"Microsoft-Windows-Sysmon/Operational","EventTypeOrignal":"INFO","SourceName":"Microsoft-Windows-Sysmon","Hostname":"WORKSTATION5.theshire.local","@timestamp":"2020-08-07T15:06:28.840Z","OpcodeValue":0,"Message":"Registry value set:\r\nRuleName: -\r\nEventType: SetValue\r\nUtcTime: 2020-08-07 15:06:27.531\r\nProcessGuid: {297bc33e-6d08-5f2d-b607-000000000400}\r\nProcessId: 8964\r\nImage: C:\\windows\\system32\\svchost.exe\r\nTargetObject: HKLM\\SOFTWARE\\Microsoft\\IdentityCRL\\NegativeCache\\001800043CBFE885_S-1-5-21-1363495622-3806888128-621328882-1104\\NegativeCacheState\r\nDetails: DWORD (0x00000000)","SourceModuleName":"eventlog","ProcessId":"8964","Details":"DWORD (0x00000000)","port":60122,"AccountName":"SYSTEM","EventReceivedTime":"2020-08-07 11:06:28","UtcTime":"2020-08-07 15:06:27.531","Domain":"NT AUTHORITY","ExecutionProcessID":3284,"host":"wec.internal.cloudapp.net","Severity":"INFO","TargetObject":"HKLM\\SOFTWARE\\Microsoft\\IdentityCRL\\NegativeCache\\001800043CBFE885_S-1-5-21-1363495622-3806888128-621328882-1104\\NegativeCacheState","SeverityValue":2,"EventID":13,"UserID":"S-1-5-18","ProviderGuid":"{5770385F-C22A-43E0-BF4C-06F5698FFBD9}","RecordNumber":743620,"Image":"C:\\windows\\system32\\svchost.exe","Keywords":-9223372036854775808,"ProcessGuid":"{297bc33e-6d08-5f2d-b607-000000000400}","SourceModuleType":"im_msvistalog","RuleName":"-"}
{"tags":["mordorDataset"],"@version":"1","EventType":"SetValue","Version":2,"ThreadID":4364,"EventTime":"2020-08-07 11:06:27","Task":13,"AccountType":"User","Channel":"Microsoft-Windows-Sysmon/Operational","EventTypeOrignal":"INFO","SourceName":"Microsoft-Windows-Sysmon","Hostname":"WORKSTATION5.theshire.local","@timestamp":"2020-08-07T15:06:28.840Z","OpcodeValue":0,"Message":"Registry value set:\r\nRuleName: -\r\nEventType: SetValue\r\nUtcTime: 2020-08-07 15:06:27.531\r\nProcessGuid: {297bc33e-6d08-5f2d-b607-000000000400}\r\nProcessId: 8964\r\nImage: C:\\windows\\system32\\svchost.exe\r\nTargetObject: HKLM\\SOFTWARE\\Microsoft\\IdentityCRL\\NegativeCache\\001800043CBFE885_S-1-5-21-1363495622-3806888128-621328882-1104\\LastSuccessfulRequestTimestamp\r\nDetails: QWORD (0x01d66ccb-0xc71231e0)","SourceModuleName":"eventlog","ProcessId":"8964","Details":"QWORD (0x01d66ccb-0xc71231e0)","port":60122,"AccountName":"SYSTEM","EventReceivedTime":"2020-08-07 11:06:28","UtcTime":"2020-08-07 15:06:27.531","Domain":"NT AUTHORITY","ExecutionProcessID":3284,"host":"wec.internal.cloudapp.net","Severity":"INFO","TargetObject":"HKLM\\SOFTWARE\\Microsoft\\IdentityCRL\\NegativeCache\\001800043CBFE885_S-1-5-21-1363495622-3806888128-621328882-1104\\LastSuccessfulRequestTimestamp","SeverityValue":2,"EventID":13,"UserID":"S-1-5-18","ProviderGuid":"{5770385F-C22A-43E0-BF4C-06F5698FFBD9}","RecordNumber":743621,"Image":"C:\\windows\\system32\\svchost.exe","Keywords":-9223372036854775808,"ProcessGuid":"{297bc33e-6d08-5f2d-b607-000000000400}","SourceModuleType":"im_msvistalog","RuleName":"-"}
{"tags":["mordorDataset"],"@version":"1","EventType":"SetValue","Version":2,"ThreadID":4364,"EventTime":"2020-08-07 11:06:27","Task":13,"AccountType":"User","Channel":"Microsoft-Windows-Sysmon/Operational","EventTypeOrignal":"INFO","SourceName":"Microsoft-Windows-Sysmon","Hostname":"WORKSTATION5.theshire.local","@timestamp":"2020-08-07T15:06:28.840Z","OpcodeValue":0,"Message":"Registry value set:\r\nRuleName: -\r\nEventType: SetValue\r\nUtcTime: 2020-08-07 15:06:27.531\r\nProcessGuid: {297bc33e-6d08-5f2d-b607-000000000400}\r\nProcessId: 8964\r\nImage: C:\\windows\\system32\\svchost.exe\r\nTargetObject: HKLM\\SOFTWARE\\Microsoft\\IdentityCRL\\NegativeCache\\001800043CBFE885_S-1-5-21-1363495622-3806888128-621328882-1104\\LastAccountPersistentFailureTimestamp\r\nDetails: QWORD (0x00000000-0x00000000)","SourceModuleName":"eventlog","ProcessId":"8964","Details":"QWORD (0x00000000-0x00000000)","port":60122,"AccountName":"SYSTEM","EventReceivedTime":"2020-08-07 11:06:28","UtcTime":"2020-08-07 15:06:27.531","Domain":"NT AUTHORITY","ExecutionProcessID":3284,"host":"wec.internal.cloudapp.net","Severity":"INFO","TargetObject":"HKLM\\SOFTWARE\\Microsoft\\IdentityCRL\\NegativeCache\\001800043CBFE885_S-1-5-21-1363495622-3806888128-621328882-1104\\LastAccountPersistentFailureTimestamp","SeverityValue":2,"EventID":13,"UserID":"S-1-5-18","ProviderGuid":"{5770385F-C22A-43E0-BF4C-06F5698FFBD9}","RecordNumber":743622,"Image":"C:\\windows\\system32\\svchost.exe","Keywords":-9223372036854775808,"ProcessGuid":"{297bc33e-6d08-5f2d-b607-000000000400}","SourceModuleType":"im_msvistalog","RuleName":"-"}
{"tags":["mordorDataset"],"@version":"1","EventType":"CreateKey","Version":2,"ThreadID":4364,"EventTime":"2020-08-07 11:06:27","Task":12,"AccountType":"User","Channel":"Microsoft-Windows-Sysmon/Operational","EventTypeOrignal":"INFO","SourceName":"Microsoft-Windows-Sysmon","Hostname":"WORKSTATION5.theshire.local","@timestamp":"2020-08-07T15:06:28.841Z","OpcodeValue":0,"Message":"Registry object added or deleted:\r\nRuleName: -\r\nEventType: CreateKey\r\nUtcTime: 2020-08-07 15:06:27.531\r\nProcessGuid: {297bc33e-6d08-5f2d-b607-000000000400}\r\nProcessId: 8964\r\nImage: C:\\windows\\system32\\svchost.exe\r\nTargetObject: HKLM\\SOFTWARE","SourceModuleName":"eventlog","ProcessId":"8964","EventReceivedTime":"2020-08-07 11:06:28","port":60122,"AccountName":"SYSTEM","UtcTime":"2020-08-07 15:06:27.531","Domain":"NT AUTHORITY","ExecutionProcessID":3284,"host":"wec.internal.cloudapp.net","Severity":"INFO","TargetObject":"HKLM\\SOFTWARE","SeverityValue":2,"EventID":12,"UserID":"S-1-5-18","ProviderGuid":"{5770385F-C22A-43E0-BF4C-06F5698FFBD9}","RecordNumber":743623,"Image":"C:\\windows\\system32\\svchost.exe","Keywords":-9223372036854775808,"ProcessGuid":"{297bc33e-6d08-5f2d-b607-000000000400}","SourceModuleType":"im_msvistalog","RuleName":"-"}
{"tags":["mordorDataset"],"@version":"1","EventType":"AUDIT_SUCCESS","Version":1,"ThreadID":1824,"EventTime":"2020-08-07 11:06:27","Task":12810,"DestAddress":"169.254.169.254","SourcePort":"50110","Channel":"Security","SourceName":"Microsoft-Windows-Security-Auditing","OpcodeValue":0,"Hostname":"WORKSTATION6.theshire.local","@timestamp":"2020-08-07T15:06:28.841Z","Message":"The Windows Filtering Platform has permitted a connection.\r\n\r\nApplication Information:\r\n\tProcess ID:\t\t3548\r\n\tApplication Name:\t\\device\\harddiskvolume2\\packages\\plugins\\microsoft.azure.networkwatcher.networkwatcheragentwindows\\1.4.1587.1\\networkwatcheragent\\networkwatcheragent.exe\r\n\r\nNetwork Information:\r\n\tDirection:\t\tOutbound\r\n\tSource Address:\t\t172.18.39.6\r\n\tSource Port:\t\t50110\r\n\tDestination Address:\t169.254.169.254\r\n\tDestination Port:\t\t80\r\n\tProtocol:\t\t6\r\n\r\nFilter Information:\r\n\tFilter Run-Time ID:\t69426\r\n\tLayer Name:\t\tConnect\r\n\tLayer Run-Time ID:\t48","Category":"Filtering Platform Connection","Opcode":"Info","SourceModuleName":"eventlog","ProcessId":"3548","EventReceivedTime":"2020-08-07 11:06:28","port":60122,"Application":"\\device\\harddiskvolume2\\packages\\plugins\\microsoft.azure.networkwatcher.networkwatcheragentwindows\\1.4.1587.1\\networkwatcheragent\\networkwatcheragent.exe","ExecutionProcessID":4,"Direction":"%%14593","RemoteMachineID":"S-1-0-0","host":"wec.internal.cloudapp.net","DestPort":"80","Severity":"INFO","LayerRTID":"48","LayerName":"%%14611","SeverityValue":2,"EventID":5156,"SourceAddress":"172.18.39.6","ProviderGuid":"{54849625-5478-4994-A5BA-3E3B0328C30D}","RecordNumber":236699,"SourceModuleType":"im_msvistalog","Keywords":-9214364837600034816,"FilterRTID":"69426","Protocol":"6","RemoteUserID":"S-1-0-0"}
{"tags":["mordorDataset"],"@version":"1","EventType":"CreateKey","Version":2,"ThreadID":4364,"EventTime":"2020-08-07 11:06:27","Task":12,"AccountType":"User","Channel":"Microsoft-Windows-Sysmon/Operational","EventTypeOrignal":"INFO","SourceName":"Microsoft-Windows-Sysmon","Hostname":"WORKSTATION5.theshire.local","@timestamp":"2020-08-07T15:06:28.842Z","OpcodeValue":0,"Message":"Registry object added or deleted:\r\nRuleName: -\r\nEventType: CreateKey\r\nUtcTime: 2020-08-07 15:06:27.531\r\nProcessGuid: {297bc33e-6d08-5f2d-b607-000000000400}\r\nProcessId: 8964\r\nImage: C:\\windows\\system32\\svchost.exe\r\nTargetObject: HKLM\\SOFTWARE\\Microsoft","SourceModuleName":"eventlog","ProcessId":"8964","EventReceivedTime":"2020-08-07 11:06:28","port":60122,"AccountName":"SYSTEM","UtcTime":"2020-08-07 15:06:27.531","Domain":"NT AUTHORITY","ExecutionProcessID":3284,"host":"wec.internal.cloudapp.net","Severity":"INFO","TargetObject":"HKLM\\SOFTWARE\\Microsoft","SeverityValue":2,"EventID":12,"UserID":"S-1-5-18","ProviderGuid":"{5770385F-C22A-43E0-BF4C-06F5698FFBD9}","RecordNumber":743624,"Image":"C:\\windows\\system32\\svchost.exe","Keywords":-9223372036854775808,"ProcessGuid":"{297bc33e-6d08-5f2d-b607-000000000400}","SourceModuleType":"im_msvistalog","RuleName":"-"}
{"tags":["mordorDataset"],"@version":"1","EventType":"AUDIT_SUCCESS","Version":1,"ThreadID":1824,"EventTime":"2020-08-07 11:06:27","Task":12810,"DestAddress":"169.254.169.254","SourcePort":"50110","Channel":"Security","SourceName":"Microsoft-Windows-Security-Auditing","OpcodeValue":0,"Hostname":"WORKSTATION6.theshire.local","@timestamp":"2020-08-07T15:06:28.842Z","Message":"The Windows Filtering Platform has permitted a connection.\r\n\r\nApplication Information:\r\n\tProcess ID:\t\t3548\r\n\tApplication Name:\t\\device\\harddiskvolume2\\packages\\plugins\\microsoft.azure.networkwatcher.networkwatcheragentwindows\\1.4.1587.1\\networkwatcheragent\\networkwatcheragent.exe\r\n\r\nNetwork Information:\r\n\tDirection:\t\tOutbound\r\n\tSource Address:\t\t172.18.39.6\r\n\tSource Port:\t\t50110\r\n\tDestination Address:\t169.254.169.254\r\n\tDestination Port:\t\t80\r\n\tProtocol:\t\t6\r\n\r\nFilter Information:\r\n\tFilter Run-Time ID:\t69426\r\n\tLayer Name:\t\tConnect\r\n\tLayer Run-Time ID:\t48","Category":"Filtering Platform Connection","Opcode":"Info","SourceModuleName":"eventlog","ProcessId":"3548","EventReceivedTime":"2020-08-07 11:06:28","port":60122,"Application":"\\device\\harddiskvolume2\\packages\\plugins\\microsoft.azure.networkwatcher.networkwatcheragentwindows\\1.4.1587.1\\networkwatcheragent\\networkwatcheragent.exe","ExecutionProcessID":4,"Direction":"%%14593","RemoteMachineID":"S-1-0-0","host":"wec.internal.cloudapp.net","DestPort":"80","Severity":"INFO","LayerRTID":"48","LayerName":"%%14611","SeverityValue":2,"EventID":5156,"SourceAddress":"172.18.39.6","ProviderGuid":"{54849625-5478-4994-A5BA-3E3B0328C30D}","RecordNumber":236700,"SourceModuleType":"im_msvistalog","Keywords":-9214364837600034816,"FilterRTID":"69426","Protocol":"6","RemoteUserID":"S-1-0-0"}
{"tags":["mordorDataset"],"@version":"1","EventType":"CreateKey","Version":2,"ThreadID":4364,"EventTime":"2020-08-07 11:06:27","Task":12,"AccountType":"User","Channel":"Microsoft-Windows-Sysmon/Operational","EventTypeOrignal":"INFO","SourceName":"Microsoft-Windows-Sysmon","Hostname":"WORKSTATION5.theshire.local","@timestamp":"2020-08-07T15:06:28.843Z","OpcodeValue":0,"Message":"Registry object added or deleted:\r\nRuleName: -\r\nEventType: CreateKey\r\nUtcTime: 2020-08-07 15:06:27.531\r\nProcessGuid: {297bc33e-6d08-5f2d-b607-000000000400}\r\nProcessId: 8964\r\nImage: C:\\windows\\system32\\svchost.exe\r\nTargetObject: HKLM\\SOFTWARE\\Microsoft\\IdentityCRL","SourceModuleName":"eventlog","ProcessId":"8964","EventReceivedTime":"2020-08-07 11:06:28","port":60122,"AccountName":"SYSTEM","UtcTime":"2020-08-07 15:06:27.531","Domain":"NT AUTHORITY","ExecutionProcessID":3284,"host":"wec.internal.cloudapp.net","Severity":"INFO","TargetObject":"HKLM\\SOFTWARE\\Microsoft\\IdentityCRL","SeverityValue":2,"EventID":12,"UserID":"S-1-5-18","ProviderGuid":"{5770385F-C22A-43E0-BF4C-06F5698FFBD9}","RecordNumber":743625,"Image":"C:\\windows\\system32\\svchost.exe","Keywords":-9223372036854775808,"ProcessGuid":"{297bc33e-6d08-5f2d-b607-000000000400}","SourceModuleType":"im_msvistalog","RuleName":"-"}
{"tags":["mordorDataset"],"@version":"1","EventType":"CreateKey","Version":2,"ThreadID":4364,"EventTime":"2020-08-07 11:06:27","Task":12,"AccountType":"User","Channel":"Microsoft-Windows-Sysmon/Operational","EventTypeOrignal":"INFO","SourceName":"Microsoft-Windows-Sysmon","Hostname":"WORKSTATION5.theshire.local","@timestamp":"2020-08-07T15:06:28.843Z","OpcodeValue":0,"Message":"Registry object added or deleted:\r\nRuleName: -\r\nEventType: CreateKey\r\nUtcTime: 2020-08-07 15:06:27.531\r\nProcessGuid: {297bc33e-6d08-5f2d-b607-000000000400}\r\nProcessId: 8964\r\nImage: C:\\windows\\system32\\svchost.exe\r\nTargetObject: HKLM\\SOFTWARE\\Microsoft\\IdentityCRL\\NegativeCache","SourceModuleName":"eventlog","ProcessId":"8964","EventReceivedTime":"2020-08-07 11:06:28","port":60122,"AccountName":"SYSTEM","UtcTime":"2020-08-07 15:06:27.531","Domain":"NT AUTHORITY","ExecutionProcessID":3284,"host":"wec.internal.cloudapp.net","Severity":"INFO","TargetObject":"HKLM\\SOFTWARE\\Microsoft\\IdentityCRL\\NegativeCache","SeverityValue":2,"EventID":12,"UserID":"S-1-5-18","ProviderGuid":"{5770385F-C22A-43E0-BF4C-06F5698FFBD9}","RecordNumber":743626,"Image":"C:\\windows\\system32\\svchost.exe","Keywords":-9223372036854775808,"ProcessGuid":"{297bc33e-6d08-5f2d-b607-000000000400}","SourceModuleType":"im_msvistalog","RuleName":"-"}
{"tags":["mordorDataset"],"@version":"1","EventType":"CreateKey","Version":2,"ThreadID":4364,"EventTime":"2020-08-07 11:06:27","Task":12,"AccountType":"User","Channel":"Microsoft-Windows-Sysmon/Operational","EventTypeOrignal":"INFO","SourceName":"Microsoft-Windows-Sysmon","Hostname":"WORKSTATION5.theshire.local","@timestamp":"2020-08-07T15:06:28.843Z","OpcodeValue":0,"Message":"Registry object added or deleted:\r\nRuleName: -\r\nEventType: CreateKey\r\nUtcTime: 2020-08-07 15:06:27.531\r\nProcessGuid: {297bc33e-6d08-5f2d-b607-000000000400}\r\nProcessId: 8964\r\nImage: C:\\windows\\system32\\svchost.exe\r\nTargetObject: HKLM\\SOFTWARE\\Microsoft\\IdentityCRL\\NegativeCache\\001800043CBFE885_S-1-5-21-1363495622-3806888128-621328882-1104","SourceModuleName":"eventlog","ProcessId":"8964","EventReceivedTime":"2020-08-07 11:06:28","port":60122,"AccountName":"SYSTEM","UtcTime":"2020-08-07 15:06:27.531","Domain":"NT AUTHORITY","ExecutionProcessID":3284,"host":"wec.internal.cloudapp.net","Severity":"INFO","TargetObject":"HKLM\\SOFTWARE\\Microsoft\\IdentityCRL\\NegativeCache\\001800043CBFE885_S-1-5-21-1363495622-3806888128-621328882-1104","SeverityValue":2,"EventID":12,"UserID":"S-1-5-18","ProviderGuid":"{5770385F-C22A-43E0-BF4C-06F5698FFBD9}","RecordNumber":743627,"Image":"C:\\windows\\system32\\svchost.exe","Keywords":-9223372036854775808,"ProcessGuid":"{297bc33e-6d08-5f2d-b607-000000000400}","SourceModuleType":"im_msvistalog","RuleName":"-"}
{"tags":["mordorDataset"],"@version":"1","EventType":"CreateKey","Version":2,"ThreadID":4364,"EventTime":"2020-08-07 11:06:27","Task":12,"AccountType":"User","Channel":"Microsoft-Windows-Sysmon/Operational","EventTypeOrignal":"INFO","SourceName":"Microsoft-Windows-Sysmon","Hostname":"WORKSTATION5.theshire.local","@timestamp":"2020-08-07T15:06:28.843Z","OpcodeValue":0,"Message":"Registry object added or deleted:\r\nRuleName: -\r\nEventType: CreateKey\r\nUtcTime: 2020-08-07 15:06:27.531\r\nProcessGuid: {297bc33e-6d08-5f2d-b607-000000000400}\r\nProcessId: 8964\r\nImage: C:\\windows\\system32\\svchost.exe\r\nTargetObject: HKLM\\SOFTWARE\\Microsoft\\IdentityCRL\\NegativeCache\\001800043CBFE885_S-1-5-21-1363495622-3806888128-621328882-1104\\{D6D5A677-0872-4AB0-9442-BB792FCE85C5}","SourceModuleName":"eventlog","ProcessId":"8964","EventReceivedTime":"2020-08-07 11:06:28","port":60122,"AccountName":"SYSTEM","UtcTime":"2020-08-07 15:06:27.531","Domain":"NT AUTHORITY","ExecutionProcessID":3284,"host":"wec.internal.cloudapp.net","Severity":"INFO","TargetObject":"HKLM\\SOFTWARE\\Microsoft\\IdentityCRL\\NegativeCache\\001800043CBFE885_S-1-5-21-1363495622-3806888128-621328882-1104\\{D6D5A677-0872-4AB0-9442-BB792FCE85C5}","SeverityValue":2,"EventID":12,"UserID":"S-1-5-18","ProviderGuid":"{5770385F-C22A-43E0-BF4C-06F5698FFBD9}","RecordNumber":743628,"Image":"C:\\windows\\system32\\svchost.exe","Keywords":-9223372036854775808,"ProcessGuid":"{297bc33e-6d08-5f2d-b607-000000000400}","SourceModuleType":"im_msvistalog","RuleName":"-"}
{"tags":["mordorDataset"],"@version":"1","EventType":"CreateKey","Version":2,"ThreadID":4364,"EventTime":"2020-08-07 11:06:27","Task":12,"AccountType":"User","Channel":"Microsoft-Windows-Sysmon/Operational","EventTypeOrignal":"INFO","SourceName":"Microsoft-Windows-Sysmon","Hostname":"WORKSTATION5.theshire.local","@timestamp":"2020-08-07T15:06:28.844Z","OpcodeValue":0,"Message":"Registry object added or deleted:\r\nRuleName: -\r\nEventType: CreateKey\r\nUtcTime: 2020-08-07 15:06:27.531\r\nProcessGuid: {297bc33e-6d08-5f2d-b607-000000000400}\r\nProcessId: 8964\r\nImage: C:\\windows\\system32\\svchost.exe\r\nTargetObject: HKLM\\SOFTWARE\\Microsoft\\IdentityCRL\\NegativeCache\\001800043CBFE885_S-1-5-21-1363495622-3806888128-621328882-1104\\{D6D5A677-0872-4AB0-9442-BB792FCE85C5}\\www.microsoft.com_mbi_ssl","SourceModuleName":"eventlog","ProcessId":"8964","EventReceivedTime":"2020-08-07 11:06:28","port":60122,"AccountName":"SYSTEM","UtcTime":"2020-08-07 15:06:27.531","Domain":"NT AUTHORITY","ExecutionProcessID":3284,"host":"wec.internal.cloudapp.net","Severity":"INFO","TargetObject":"HKLM\\SOFTWARE\\Microsoft\\IdentityCRL\\NegativeCache\\001800043CBFE885_S-1-5-21-1363495622-3806888128-621328882-1104\\{D6D5A677-0872-4AB0-9442-BB792FCE85C5}\\www.microsoft.com_mbi_ssl","SeverityValue":2,"EventID":12,"UserID":"S-1-5-18","ProviderGuid":"{5770385F-C22A-43E0-BF4C-06F5698FFBD9}","RecordNumber":743629,"Image":"C:\\windows\\system32\\svchost.exe","Keywords":-9223372036854775808,"ProcessGuid":"{297bc33e-6d08-5f2d-b607-000000000400}","SourceModuleType":"im_msvistalog","RuleName":"-"}
{"tags":["mordorDataset"],"@version":"1","EventType":"SetValue","Version":2,"ThreadID":4364,"EventTime":"2020-08-07 11:06:27","Task":13,"AccountType":"User","Channel":"Microsoft-Windows-Sysmon/Operational","EventTypeOrignal":"INFO","SourceName":"Microsoft-Windows-Sysmon","Hostname":"WORKSTATION5.theshire.local","@timestamp":"2020-08-07T15:06:28.844Z","OpcodeValue":0,"Message":"Registry value set:\r\nRuleName: -\r\nEventType: SetValue\r\nUtcTime: 2020-08-07 15:06:27.531\r\nProcessGuid: {297bc33e-6d08-5f2d-b607-000000000400}\r\nProcessId: 8964\r\nImage: C:\\windows\\system32\\svchost.exe\r\nTargetObject: HKLM\\SOFTWARE\\Microsoft\\IdentityCRL\\NegativeCache\\001800043CBFE885_S-1-5-21-1363495622-3806888128-621328882-1104\\{D6D5A677-0872-4AB0-9442-BB792FCE85C5}\\www.microsoft.com_mbi_ssl\\RequestCount\r\nDetails: DWORD (0x00000000)","SourceModuleName":"eventlog","ProcessId":"8964","Details":"DWORD (0x00000000)","port":60122,"AccountName":"SYSTEM","EventReceivedTime":"2020-08-07 11:06:28","UtcTime":"2020-08-07 15:06:27.531","Domain":"NT AUTHORITY","ExecutionProcessID":3284,"host":"wec.internal.cloudapp.net","Severity":"INFO","TargetObject":"HKLM\\SOFTWARE\\Microsoft\\IdentityCRL\\NegativeCache\\001800043CBFE885_S-1-5-21-1363495622-3806888128-621328882-1104\\{D6D5A677-0872-4AB0-9442-BB792FCE85C5}\\www.microsoft.com_mbi_ssl\\RequestCount","SeverityValue":2,"EventID":13,"UserID":"S-1-5-18","ProviderGuid":"{5770385F-C22A-43E0-BF4C-06F5698FFBD9}","RecordNumber":743630,"Image":"C:\\windows\\system32\\svchost.exe","Keywords":-9223372036854775808,"ProcessGuid":"{297bc33e-6d08-5f2d-b607-000000000400}","SourceModuleType":"im_msvistalog","RuleName":"-"}
{"tags":["mordorDataset"],"@version":"1","EventType":"SetValue","Version":2,"ThreadID":4364,"EventTime":"2020-08-07 11:06:27","Task":13,"AccountType":"User","Channel":"Microsoft-Windows-Sysmon/Operational","EventTypeOrignal":"INFO","SourceName":"Microsoft-Windows-Sysmon","Hostname":"WORKSTATION5.theshire.local","@timestamp":"2020-08-07T15:06:28.845Z","OpcodeValue":0,"Message":"Registry value set:\r\nRuleName: -\r\nEventType: SetValue\r\nUtcTime: 2020-08-07 15:06:27.531\r\nProcessGuid: {297bc33e-6d08-5f2d-b607-000000000400}\r\nProcessId: 8964\r\nImage: C:\\windows\\system32\\svchost.exe\r\nTargetObject: HKLM\\SOFTWARE\\Microsoft\\IdentityCRL\\NegativeCache\\001800043CBFE885_S-1-5-21-1363495622-3806888128-621328882-1104\\{D6D5A677-0872-4AB0-9442-BB792FCE85C5}\\www.microsoft.com_mbi_ssl\\StartedTime\r\nDetails: QWORD (0x01d66ccb-0xc71231e0)","SourceModuleName":"eventlog","ProcessId":"8964","Details":"QWORD (0x01d66ccb-0xc71231e0)","port":60122,"AccountName":"SYSTEM","EventReceivedTime":"2020-08-07 11:06:28","UtcTime":"2020-08-07 15:06:27.531","Domain":"NT AUTHORITY","ExecutionProcessID":3284,"host":"wec.internal.cloudapp.net","Severity":"INFO","TargetObject":"HKLM\\SOFTWARE\\Microsoft\\IdentityCRL\\NegativeCache\\001800043CBFE885_S-1-5-21-1363495622-3806888128-621328882-1104\\{D6D5A677-0872-4AB0-9442-BB792FCE85C5}\\www.microsoft.com_mbi_ssl\\StartedTime","SeverityValue":2,"EventID":13,"UserID":"S-1-5-18","ProviderGuid":"{5770385F-C22A-43E0-BF4C-06F5698FFBD9}","RecordNumber":743631,"Image":"C:\\windows\\system32\\svchost.exe","Keywords":-9223372036854775808,"ProcessGuid":"{297bc33e-6d08-5f2d-b607-000000000400}","SourceModuleType":"im_msvistalog","RuleName":"-"}
{"tags":["mordorDataset"],"@version":"1","EventType":"SetValue","Version":2,"ThreadID":4364,"EventTime":"2020-08-07 11:06:27","Task":13,"AccountType":"User","Channel":"Microsoft-Windows-Sysmon/Operational","EventTypeOrignal":"INFO","SourceName":"Microsoft-Windows-Sysmon","Hostname":"WORKSTATION5.theshire.local","@timestamp":"2020-08-07T15:06:28.845Z","OpcodeValue":0,"Message":"Registry value set:\r\nRuleName: -\r\nEventType: SetValue\r\nUtcTime: 2020-08-07 15:06:27.531\r\nProcessGuid: {297bc33e-6d08-5f2d-b607-000000000400}\r\nProcessId: 8964\r\nImage: C:\\windows\\system32\\svchost.exe\r\nTargetObject: HKLM\\SOFTWARE\\Microsoft\\IdentityCRL\\NegativeCache\\001800043CBFE885_S-1-5-21-1363495622-3806888128-621328882-1104\\{D6D5A677-0872-4AB0-9442-BB792FCE85C5}\\www.microsoft.com_mbi_ssl\\ErrorCode\r\nDetails: DWORD (0x00000000)","SourceModuleName":"eventlog","ProcessId":"8964","Details":"DWORD (0x00000000)","port":60122,"AccountName":"SYSTEM","EventReceivedTime":"2020-08-07 11:06:28","UtcTime":"2020-08-07 15:06:27.531","Domain":"NT AUTHORITY","ExecutionProcessID":3284,"host":"wec.internal.cloudapp.net","Severity":"INFO","TargetObject":"HKLM\\SOFTWARE\\Microsoft\\IdentityCRL\\NegativeCache\\001800043CBFE885_S-1-5-21-1363495622-3806888128-621328882-1104\\{D6D5A677-0872-4AB0-9442-BB792FCE85C5}\\www.microsoft.com_mbi_ssl\\ErrorCode","SeverityValue":2,"EventID":13,"UserID":"S-1-5-18","ProviderGuid":"{5770385F-C22A-43E0-BF4C-06F5698FFBD9}","RecordNumber":743632,"Image":"C:\\windows\\system32\\svchost.exe","Keywords":-9223372036854775808,"ProcessGuid":"{297bc33e-6d08-5f2d-b607-000000000400}","SourceModuleType":"im_msvistalog","RuleName":"-"}
{"tags":["mordorDataset"],"@version":"1","EventType":"SetValue","Version":2,"ThreadID":4364,"EventTime":"2020-08-07 11:06:27","Task":13,"AccountType":"User","Channel":"Microsoft-Windows-Sysmon/Operational","EventTypeOrignal":"INFO","SourceName":"Microsoft-Windows-Sysmon","Hostname":"WORKSTATION5.theshire.local","@timestamp":"2020-08-07T15:06:28.845Z","OpcodeValue":0,"Message":"Registry value set:\r\nRuleName: -\r\nEventType: SetValue\r\nUtcTime: 2020-08-07 15:06:27.531\r\nProcessGuid: {297bc33e-6d08-5f2d-b607-000000000400}\r\nProcessId: 8964\r\nImage: C:\\windows\\system32\\svchost.exe\r\nTargetObject: HKLM\\SOFTWARE\\Microsoft\\IdentityCRL\\NegativeCache\\001800043CBFE885_S-1-5-21-1363495622-3806888128-621328882-1104\\{D6D5A677-0872-4AB0-9442-BB792FCE85C5}\\www.microsoft.com_mbi_ssl\\FailureType\r\nDetails: DWORD (0x00000000)","SourceModuleName":"eventlog","ProcessId":"8964","Details":"DWORD (0x00000000)","port":60122,"AccountName":"SYSTEM","EventReceivedTime":"2020-08-07 11:06:28","UtcTime":"2020-08-07 15:06:27.531","Domain":"NT AUTHORITY","ExecutionProcessID":3284,"host":"wec.internal.cloudapp.net","Severity":"INFO","TargetObject":"HKLM\\SOFTWARE\\Microsoft\\IdentityCRL\\NegativeCache\\001800043CBFE885_S-1-5-21-1363495622-3806888128-621328882-1104\\{D6D5A677-0872-4AB0-9442-BB792FCE85C5}\\www.microsoft.com_mbi_ssl\\FailureType","SeverityValue":2,"EventID":13,"UserID":"S-1-5-18","ProviderGuid":"{5770385F-C22A-43E0-BF4C-06F5698FFBD9}","RecordNumber":743633,"Image":"C:\\windows\\system32\\svchost.exe","Keywords":-9223372036854775808,"ProcessGuid":"{297bc33e-6d08-5f2d-b607-000000000400}","SourceModuleType":"im_msvistalog","RuleName":"-"}
{"tags":["mordorDataset"],"@version":"1","EventType":"CreateKey","Version":2,"ThreadID":4364,"EventTime":"2020-08-07 11:06:27","Task":12,"AccountType":"User","Channel":"Microsoft-Windows-Sysmon/Operational","EventTypeOrignal":"INFO","SourceName":"Microsoft-Windows-Sysmon","Hostname":"WORKSTATION5.theshire.local","@timestamp":"2020-08-07T15:06:28.846Z","OpcodeValue":0,"Message":"Registry object added or deleted:\r\nRuleName: -\r\nEventType: CreateKey\r\nUtcTime: 2020-08-07 15:06:27.531\r\nProcessGuid: {297bc33e-6d08-5f2d-b607-000000000400}\r\nProcessId: 8964\r\nImage: C:\\windows\\system32\\svchost.exe\r\nTargetObject: HKLM\\SOFTWARE\\Microsoft\\IdentityCRL\\ThrottleCache\\S-1-5-21-1363495622-3806888128-621328882-1104_{D6D5A677-0872-4AB0-9442-BB792FCE85C5}","SourceModuleName":"eventlog","ProcessId":"8964","EventReceivedTime":"2020-08-07 11:06:28","port":60122,"AccountName":"SYSTEM","UtcTime":"2020-08-07 15:06:27.531","Domain":"NT AUTHORITY","ExecutionProcessID":3284,"host":"wec.internal.cloudapp.net","Severity":"INFO","TargetObject":"HKLM\\SOFTWARE\\Microsoft\\IdentityCRL\\ThrottleCache\\S-1-5-21-1363495622-3806888128-621328882-1104_{D6D5A677-0872-4AB0-9442-BB792FCE85C5}","SeverityValue":2,"EventID":12,"UserID":"S-1-5-18","ProviderGuid":"{5770385F-C22A-43E0-BF4C-06F5698FFBD9}","RecordNumber":743634,"Image":"C:\\windows\\system32\\svchost.exe","Keywords":-9223372036854775808,"ProcessGuid":"{297bc33e-6d08-5f2d-b607-000000000400}","SourceModuleType":"im_msvistalog","RuleName":"-"}
{"tags":["mordorDataset"],"@version":"1","EventType":"SetValue","Version":2,"ThreadID":4364,"EventTime":"2020-08-07 11:06:27","Task":13,"AccountType":"User","Channel":"Microsoft-Windows-Sysmon/Operational","EventTypeOrignal":"INFO","SourceName":"Microsoft-Windows-Sysmon","Hostname":"WORKSTATION5.theshire.local","@timestamp":"2020-08-07T15:06:28.847Z","OpcodeValue":0,"Message":"Registry value set:\r\nRuleName: -\r\nEventType: SetValue\r\nUtcTime: 2020-08-07 15:06:27.531\r\nProcessGuid: {297bc33e-6d08-5f2d-b607-000000000400}\r\nProcessId: 8964\r\nImage: C:\\windows\\system32\\svchost.exe\r\nTargetObject: HKLM\\SOFTWARE\\Microsoft\\IdentityCRL\\ThrottleCache\\S-1-5-21-1363495622-3806888128-621328882-1104_{D6D5A677-0872-4AB0-9442-BB792FCE85C5}\\ThrottleCount\r\nDetails: DWORD (0x00000001)","SourceModuleName":"eventlog","ProcessId":"8964","Details":"DWORD (0x00000001)","port":60122,"AccountName":"SYSTEM","EventReceivedTime":"2020-08-07 11:06:28","UtcTime":"2020-08-07 15:06:27.531","Domain":"NT AUTHORITY","ExecutionProcessID":3284,"host":"wec.internal.cloudapp.net","Severity":"INFO","TargetObject":"HKLM\\SOFTWARE\\Microsoft\\IdentityCRL\\ThrottleCache\\S-1-5-21-1363495622-3806888128-621328882-1104_{D6D5A677-0872-4AB0-9442-BB792FCE85C5}\\ThrottleCount","SeverityValue":2,"EventID":13,"UserID":"S-1-5-18","ProviderGuid":"{5770385F-C22A-43E0-BF4C-06F5698FFBD9}","RecordNumber":743635,"Image":"C:\\windows\\system32\\svchost.exe","Keywords":-9223372036854775808,"ProcessGuid":"{297bc33e-6d08-5f2d-b607-000000000400}","SourceModuleType":"im_msvistalog","RuleName":"-"}
{"tags":["mordorDataset"],"@version":"1","EventType":"SetValue","Version":2,"ThreadID":4364,"EventTime":"2020-08-07 11:06:27","Task":13,"AccountType":"User","Channel":"Microsoft-Windows-Sysmon/Operational","EventTypeOrignal":"INFO","SourceName":"Microsoft-Windows-Sysmon","Hostname":"WORKSTATION5.theshire.local","@timestamp":"2020-08-07T15:06:28.847Z","OpcodeValue":0,"Message":"Registry value set:\r\nRuleName: -\r\nEventType: SetValue\r\nUtcTime: 2020-08-07 15:06:27.531\r\nProcessGuid: {297bc33e-6d08-5f2d-b607-000000000400}\r\nProcessId: 8964\r\nImage: C:\\windows\\system32\\svchost.exe\r\nTargetObject: HKLM\\SOFTWARE\\Microsoft\\IdentityCRL\\ThrottleCache\\S-1-5-21-1363495622-3806888128-621328882-1104_{D6D5A677-0872-4AB0-9442-BB792FCE85C5}\\ThrottleStartedTime\r\nDetails: QWORD (0x01d66ccb-0xc6d00975)","SourceModuleName":"eventlog","ProcessId":"8964","Details":"QWORD (0x01d66ccb-0xc6d00975)","port":60122,"AccountName":"SYSTEM","EventReceivedTime":"2020-08-07 11:06:28","UtcTime":"2020-08-07 15:06:27.531","Domain":"NT AUTHORITY","ExecutionProcessID":3284,"host":"wec.internal.cloudapp.net","Severity":"INFO","TargetObject":"HKLM\\SOFTWARE\\Microsoft\\IdentityCRL\\ThrottleCache\\S-1-5-21-1363495622-3806888128-621328882-1104_{D6D5A677-0872-4AB0-9442-BB792FCE85C5}\\ThrottleStartedTime","SeverityValue":2,"EventID":13,"UserID":"S-1-5-18","ProviderGuid":"{5770385F-C22A-43E0-BF4C-06F5698FFBD9}","RecordNumber":743636,"Image":"C:\\windows\\system32\\svchost.exe","Keywords":-9223372036854775808,"ProcessGuid":"{297bc33e-6d08-5f2d-b607-000000000400}","SourceModuleType":"im_msvistalog","RuleName":"-"}
{"tags":["mordorDataset"],"TargetProcessGUID":"{297bc33e-6d08-5f2d-b607-000000000400}","@version":"1","EventType":"INFO","Version":3,"ThreadID":4364,"EventTime":"2020-08-07 11:06:27","Task":10,"AccountType":"User","SourceProcessGUID":"{297bc33e-5c2f-5f2b-1000-000000000400}","CallTrace":"C:\\windows\\SYSTEM32\\ntdll.dll+9c534|C:\\windows\\SYSTEM32\\psmserviceexthost.dll+222a3|C:\\windows\\SYSTEM32\\psmserviceexthost.dll+1a172|C:\\windows\\SYSTEM32\\psmserviceexthost.dll+19e3b|C:\\windows\\SYSTEM32\\psmserviceexthost.dll+bfd2|C:\\windows\\SYSTEM32\\psmserviceexthost.dll+1c362|C:\\windows\\SYSTEM32\\psmserviceexthost.dll+3658a|C:\\windows\\SYSTEM32\\psmserviceexthost.dll+361dc|C:\\windows\\System32\\RPCRT4.dll+76953|C:\\windows\\System32\\RPCRT4.dll+da036|C:\\windows\\System32\\RPCRT4.dll+37a4c|C:\\windows\\System32\\RPCRT4.dll+548c8|C:\\windows\\System32\\RPCRT4.dll+2c921|C:\\windows\\System32\\RPCRT4.dll+2c1db|C:\\windows\\System32\\RPCRT4.dll+1a86f|C:\\windows\\System32\\RPCRT4.dll+19d1a|C:\\windows\\System32\\RPCRT4.dll+19301|C:\\windows\\System32\\RPCRT4.dll+18d6e|C:\\windows\\System32\\RPCRT4.dll+169a5|C:\\windows\\SYSTEM32\\ntdll.dll+333ed|C:\\windows\\SYSTEM32\\ntdll.dll+34142|C:\\windows\\System32\\KERNEL32.DLL+17bd4|C:\\windows\\SYSTEM32\\ntdll.dll+6ce51","Channel":"Microsoft-Windows-Sysmon/Operational","SourceName":"Microsoft-Windows-Sysmon","OpcodeValue":0,"Hostname":"WORKSTATION5.theshire.local","@timestamp":"2020-08-07T15:06:28.847Z","Message":"Process accessed:\r\nRuleName: -\r\nUtcTime: 2020-08-07 15:06:27.531\r\nSourceProcessGUID: {297bc33e-5c2f-5f2b-1000-000000000400}\r\nSourceProcessId: 908\r\nSourceThreadId: 752\r\nSourceImage: C:\\windows\\system32\\svchost.exe\r\nTargetProcessGUID: {297bc33e-6d08-5f2d-b607-000000000400}\r\nTargetProcessId: 8964\r\nTargetImage: C:\\windows\\system32\\svchost.exe\r\nGrantedAccess: 0x1000\r\nCallTrace: C:\\windows\\SYSTEM32\\ntdll.dll+9c534|C:\\windows\\SYSTEM32\\psmserviceexthost.dll+222a3|C:\\windows\\SYSTEM32\\psmserviceexthost.dll+1a172|C:\\windows\\SYSTEM32\\psmserviceexthost.dll+19e3b|C:\\windows\\SYSTEM32\\psmserviceexthost.dll+bfd2|C:\\windows\\SYSTEM32\\psmserviceexthost.dll+1c362|C:\\windows\\SYSTEM32\\psmserviceexthost.dll+3658a|C:\\windows\\SYSTEM32\\psmserviceexthost.dll+361dc|C:\\windows\\System32\\RPCRT4.dll+76953|C:\\windows\\System32\\RPCRT4.dll+da036|C:\\windows\\System32\\RPCRT4.dll+37a4c|C:\\windows\\System32\\RPCRT4.dll+548c8|C:\\windows\\System32\\RPCRT4.dll+2c921|C:\\windows\\System32\\RPCRT4.dll+2c1db|C:\\windows\\System32\\RPCRT4.dll+1a86f|C:\\windows\\System32\\RPCRT4.dll+19d1a|C:\\windows\\System32\\RPCRT4.dll+19301|C:\\windows\\System32\\RPCRT4.dll+18d6e|C:\\windows\\System32\\RPCRT4.dll+169a5|C:\\windows\\SYSTEM32\\ntdll.dll+333ed|C:\\windows\\SYSTEM32\\ntdll.dll+34142|C:\\windows\\System32\\KERNEL32.DLL+17bd4|C:\\windows\\SYSTEM32\\ntdll.dll+6ce51","SourceModuleName":"eventlog","ProcessId":"908","SourceImage":"C:\\windows\\system32\\svchost.exe","EventReceivedTime":"2020-08-07 11:06:28","port":60122,"AccountName":"SYSTEM","UtcTime":"2020-08-07 15:06:27.531","GrantedAccess":"0x1000","Domain":"NT AUTHORITY","ExecutionProcessID":3284,"host":"wec.internal.cloudapp.net","SourceProcessId":"908","SourceThreadId":"752","Severity":"INFO","TargetProcessId":"8964","SeverityValue":2,"EventID":10,"UserID":"S-1-5-18","ProviderGuid":"{5770385F-C22A-43E0-BF4C-06F5698FFBD9}","RecordNumber":743637,"SourceModuleType":"im_msvistalog","Keywords":-9223372036854775808,"TargetImage":"C:\\windows\\system32\\svchost.exe","RuleName":"-"}
{"tags":["mordorDataset"],"@version":"1","EventType":"INFO","Version":3,"ThreadID":4364,"EventTime":"2020-08-07 11:06:27","Task":5,"AccountType":"User","Channel":"Microsoft-Windows-Sysmon/Operational","SourceName":"Microsoft-Windows-Sysmon","OpcodeValue":0,"Hostname":"WORKSTATION5.theshire.local","@timestamp":"2020-08-07T15:06:29.836Z","Message":"Process terminated:\r\nRuleName: -\r\nUtcTime: 2020-08-07 15:06:27.531\r\nProcessGuid: {297bc33e-6d08-5f2d-b607-000000000400}\r\nProcessId: 8964\r\nImage: C:\\Windows\\System32\\svchost.exe","SourceModuleName":"eventlog","ProcessId":"8964","EventReceivedTime":"2020-08-07 11:06:29","port":60122,"AccountName":"SYSTEM","UtcTime":"2020-08-07 15:06:27.531","Domain":"NT AUTHORITY","ExecutionProcessID":3284,"host":"wec.internal.cloudapp.net","Severity":"INFO","SeverityValue":2,"EventID":5,"UserID":"S-1-5-18","ProviderGuid":"{5770385F-C22A-43E0-BF4C-06F5698FFBD9}","RecordNumber":743638,"Image":"C:\\Windows\\System32\\svchost.exe","Keywords":-9223372036854775808,"ProcessGuid":"{297bc33e-6d08-5f2d-b607-000000000400}","SourceModuleType":"im_msvistalog","RuleName":"-"}
{"tags":["mordorDataset"],"@version":"1","EventType":"INFO","AccountType":"User","ThreadID":4204,"DestinationPortName":"-","DestinationIp":"0:0:0:0:0:0:0:1","SourcePort":"54486","Channel":"Microsoft-Windows-Sysmon/Operational","OpcodeValue":0,"Hostname":"MORDORDC.theshire.local","@timestamp":"2020-08-07T15:06:30.836Z","SourceIp":"0:0:0:0:0:0:0:1","ProcessId":"3532","Initiated":"true","DestinationHostname":"-","host":"wec.internal.cloudapp.net","Severity":"INFO","SourceHostname":"-","SeverityValue":2,"Image":"C:\\Windows\\ADWS\\Microsoft.ActiveDirectory.WebServices.exe","SourceModuleType":"im_msvistalog","Version":5,"EventTime":"2020-08-07 11:06:28","Task":3,"DestinationPort":"389","SourceIsIpv6":"true","SourceName":"Microsoft-Windows-Sysmon","Message":"Network connection detected:\r\nRuleName: -\r\nUtcTime: 2020-08-07 15:06:19.284\r\nProcessGuid: {9f85ce58-59ed-5f2b-4b00-000000000400}\r\nProcessId: 3532\r\nImage: C:\\Windows\\ADWS\\Microsoft.ActiveDirectory.WebServices.exe\r\nUser: NT AUTHORITY\\SYSTEM\r\nProtocol: tcp\r\nInitiated: true\r\nSourceIsIpv6: true\r\nSourceIp: 0:0:0:0:0:0:0:1\r\nSourceHostname: -\r\nSourcePort: 54486\r\nSourcePortName: -\r\nDestinationIsIpv6: true\r\nDestinationIp: 0:0:0:0:0:0:0:1\r\nDestinationHostname: -\r\nDestinationPort: 389\r\nDestinationPortName: -","SourceModuleName":"eventlog","EventReceivedTime":"2020-08-07 11:06:30","port":60122,"AccountName":"SYSTEM","UtcTime":"2020-08-07 15:06:19.284","Domain":"NT AUTHORITY","ExecutionProcessID":3888,"User":"NT AUTHORITY\\SYSTEM","DestinationIsIpv6":"true","SourcePortName":"-","UserID":"S-1-5-18","EventID":3,"ProviderGuid":"{5770385F-C22A-43E0-BF4C-06F5698FFBD9}","RecordNumber":764691,"Keywords":-9223372036854775808,"ProcessGuid":"{9f85ce58-59ed-5f2b-4b00-000000000400}","Protocol":"tcp","RuleName":"-"}
