{"ImageLoaded":"C:\\Windows\\System32\\ntdll.dll","SeverityValue":2,"EventReceivedTime":"2020-09-22 04:28:41","EventID":7,"ProviderGuid":"{5770385F-C22A-43E0-BF4C-06F5698FFBD9}","ExecutionProcessID":3172,"Channel":"Microsoft-Windows-Sysmon/Operational","host":"wec.internal.cloudapp.net","AccountType":"User","ProcessGuid":"{b34bc01c-b5b8-5f69-cc02-000000000900}","Opcode":"Info","EventTime":"2020-09-22 04:28:40","Signed":"true","SourceModuleType":"im_msvistalog","AccountName":"SYSTEM","Domain":"NT AUTHORITY","@version":"1","OpcodeValue":0,"SignatureStatus":"Valid","Severity":"INFO","Hashes":"SHA1=BFD8EE26537D8C30A5FE2C9753AEED3BB6930004,MD5=BD5F9D4684E7BCB9D41D298297A73956,SHA256=FB9DA8BAF27DADDE620C2D8D3CADDD4CF7BF405A9BC8E870A73B6CF163046176,IMPHASH=00000000000000000000000000000000","SourceName":"Microsoft-Windows-Sysmon","Description":"NT Layer DLL","Category":"Image loaded (rule: ImageLoad)","Company":"Microsoft Corporation","Keywords":-9223372036854775808,"FileVersion":"10.0.18362.1049 (WinBuild.160101.0800)","UserID":"S-1-5-18","ThreadID":4048,"EventType":"INFO","@timestamp":"2020-09-22T08:28:41.549Z","port":64545,"RecordNumber":3400684,"Task":7,"Signature":"Microsoft Windows","SourceModuleName":"eventlog","Version":3,"Product":"Microsoft Windows Operating System","Image":"C:\\Windows\\System32\\reg.exe","OriginalFileName":"ntdll.dll","UtcTime":"2020-09-22 08:28:40.309","Hostname":"WORKSTATION5.theshire.local","RuleName":"-","tags":["mordorDataset"]}
{"Keywords":-9223372036854775808,"SeverityValue":2,"EventReceivedTime":"2020-09-22 04:28:41","EventID":9,"ProviderGuid":"{5770385F-C22A-43E0-BF4C-06F5698FFBD9}","ExecutionProcessID":3172,"Channel":"Microsoft-Windows-Sysmon/Operational","host":"wec.internal.cloudapp.net","AccountType":"User","UserID":"S-1-5-18","ProcessGuid":"{b34bc01c-2255-5f69-0100-000000000900}","ThreadID":4048,"EventType":"INFO","Opcode":"Info","EventTime":"2020-09-22 04:28:40","@timestamp":"2020-09-22T08:28:41.549Z","SourceModuleType":"im_msvistalog","port":64545,"AccountName":"SYSTEM","RecordNumber":3400685,"Task":9,"Domain":"NT AUTHORITY","@version":"1","OpcodeValue":0,"Device":"\\Device\\HarddiskVolume1","SourceModuleName":"eventlog","Severity":"INFO","SourceName":"Microsoft-Windows-Sysmon","Version":2,"Image":"System","Category":"RawAccessRead detected (rule: RawAccessRead)","UtcTime":"2020-09-22 08:28:40.325","Hostname":"WORKSTATION5.theshire.local","RuleName":"-","tags":["mordorDataset"]}
{"Keywords":-9223372036854775808,"SeverityValue":2,"EventReceivedTime":"2020-09-22 04:28:41","EventID":9,"ProviderGuid":"{5770385F-C22A-43E0-BF4C-06F5698FFBD9}","ExecutionProcessID":3172,"Channel":"Microsoft-Windows-Sysmon/Operational","host":"wec.internal.cloudapp.net","AccountType":"User","UserID":"S-1-5-18","ProcessGuid":"{b34bc01c-2255-5f69-0100-000000000900}","ThreadID":4048,"EventType":"INFO","Opcode":"Info","EventTime":"2020-09-22 04:28:40","@timestamp":"2020-09-22T08:28:41.549Z","SourceModuleType":"im_msvistalog","port":64545,"AccountName":"SYSTEM","RecordNumber":3400686,"Task":9,"Domain":"NT AUTHORITY","@version":"1","OpcodeValue":0,"Device":"\\Device\\HarddiskVolume2","SourceModuleName":"eventlog","Severity":"INFO","SourceName":"Microsoft-Windows-Sysmon","Version":2,"Image":"System","Category":"RawAccessRead detected (rule: RawAccessRead)","UtcTime":"2020-09-22 08:28:40.325","Hostname":"WORKSTATION5.theshire.local","RuleName":"-","tags":["mordorDataset"]}
{"Keywords":-9223372036854775808,"SeverityValue":2,"EventReceivedTime":"2020-09-22 04:28:41","EventID":9,"ProviderGuid":"{5770385F-C22A-43E0-BF4C-06F5698FFBD9}","ExecutionProcessID":3172,"Channel":"Microsoft-Windows-Sysmon/Operational","host":"wec.internal.cloudapp.net","AccountType":"User","UserID":"S-1-5-18","ProcessGuid":"{b34bc01c-2255-5f69-0100-000000000900}","ThreadID":4048,"EventType":"INFO","Opcode":"Info","EventTime":"2020-09-22 04:28:40","@timestamp":"2020-09-22T08:28:41.549Z","SourceModuleType":"im_msvistalog","port":64545,"AccountName":"SYSTEM","RecordNumber":3400687,"Task":9,"Domain":"NT AUTHORITY","@version":"1","OpcodeValue":0,"Device":"\\Device\\HarddiskVolume3","SourceModuleName":"eventlog","Severity":"INFO","SourceName":"Microsoft-Windows-Sysmon","Version":2,"Image":"System","Category":"RawAccessRead detected (rule: RawAccessRead)","UtcTime":"2020-09-22 08:28:40.325","Hostname":"WORKSTATION5.theshire.local","RuleName":"-","tags":["mordorDataset"]}
{"ImageLoaded":"C:\\Windows\\System32\\kernel32.dll","SeverityValue":2,"EventReceivedTime":"2020-09-22 04:28:41","EventID":7,"ProviderGuid":"{5770385F-C22A-43E0-BF4C-06F5698FFBD9}","ExecutionProcessID":3172,"Channel":"Microsoft-Windows-Sysmon/Operational","host":"wec.internal.cloudapp.net","AccountType":"User","ProcessGuid":"{b34bc01c-b5b8-5f69-cc02-000000000900}","Opcode":"Info","EventTime":"2020-09-22 04:28:40","Signed":"true","SourceModuleType":"im_msvistalog","AccountName":"SYSTEM","Domain":"NT AUTHORITY","@version":"1","OpcodeValue":0,"SignatureStatus":"Valid","Severity":"INFO","Hashes":"SHA1=9044BFB6E7D920BB4586123237B512238F2EA726,MD5=B78D8D39F63C5B7B9A2F4BC31076C954,SHA256=08BE2EE23EE5A7722C4BACA3BD8F0EABA7A56302F0051E6802A36D35AB0BC41C,IMPHASH=F9F97E60CFCD78BE051D9570C88FFB6F","SourceName":"Microsoft-Windows-Sysmon","Description":"Windows NT BASE API Client DLL","Category":"Image loaded (rule: ImageLoad)","Company":"Microsoft Corporation","Keywords":-9223372036854775808,"FileVersion":"10.0.18362.1082 (WinBuild.160101.0800)","UserID":"S-1-5-18","ThreadID":4048,"EventType":"INFO","@timestamp":"2020-09-22T08:28:41.550Z","port":64545,"RecordNumber":3400688,"Task":7,"Signature":"Microsoft Windows","SourceModuleName":"eventlog","Version":3,"Product":"Microsoft Windows Operating System","Image":"C:\\Windows\\System32\\reg.exe","OriginalFileName":"kernel32","UtcTime":"2020-09-22 08:28:40.325","Hostname":"WORKSTATION5.theshire.local","RuleName":"-","tags":["mordorDataset"]}
{"ImageLoaded":"C:\\Windows\\System32\\KernelBase.dll","SeverityValue":2,"EventReceivedTime":"2020-09-22 04:28:41","EventID":7,"ProviderGuid":"{5770385F-C22A-43E0-BF4C-06F5698FFBD9}","ExecutionProcessID":3172,"Channel":"Microsoft-Windows-Sysmon/Operational","host":"wec.internal.cloudapp.net","AccountType":"User","ProcessGuid":"{b34bc01c-b5b8-5f69-cc02-000000000900}","Opcode":"Info","EventTime":"2020-09-22 04:28:40","Signed":"true","SourceModuleType":"im_msvistalog","AccountName":"SYSTEM","Domain":"NT AUTHORITY","@version":"1","OpcodeValue":0,"SignatureStatus":"Valid","Severity":"INFO","Hashes":"SHA1=0BE0E331F4F9C2ED8C9D989CDCFD10463FE3E047,MD5=D62F3401037D0D0CE1F41555B72F1B60,SHA256=B51E88CCD1517E923A7A3E21B2AFC856927D529F5C5668A072B4B12AC70AD46B,IMPHASH=16003AF856720C35351BB8C14AD0B0A8","SourceName":"Microsoft-Windows-Sysmon","Description":"Windows NT BASE API Client DLL","Category":"Image loaded (rule: ImageLoad)","Company":"Microsoft Corporation","Keywords":-9223372036854775808,"FileVersion":"10.0.18362.1049 (WinBuild.160101.0800)","UserID":"S-1-5-18","ThreadID":4048,"EventType":"INFO","@timestamp":"2020-09-22T08:28:41.551Z","port":64545,"RecordNumber":3400689,"Task":7,"Signature":"Microsoft Windows","SourceModuleName":"eventlog","Version":3,"Product":"Microsoft Windows Operating System","Image":"C:\\Windows\\System32\\reg.exe","OriginalFileName":"Kernelbase.dll","UtcTime":"2020-09-22 08:28:40.325","Hostname":"WORKSTATION5.theshire.local","RuleName":"-","tags":["mordorDataset"]}
{"Keywords":-9223372036854775808,"SeverityValue":2,"SourceImage":"C:\\windows\\system32\\conhost.exe","EventID":10,"ProviderGuid":"{5770385F-C22A-43E0-BF4C-06F5698FFBD9}","ExecutionProcessID":3172,"Channel":"Microsoft-Windows-Sysmon/Operational","host":"wec.internal.cloudapp.net","AccountType":"User","UserID":"S-1-5-18","SourceProcessGUID":"{b34bc01c-a8ae-5f69-7d02-000000000900}","ThreadID":4048,"TargetImage":"C:\\windows\\system32\\reg.exe","GrantedAccess":"0x1fffff","EventType":"INFO","Opcode":"Info","EventTime":"2020-09-22 04:28:40","EventReceivedTime":"2020-09-22 04:28:42","@timestamp":"2020-09-22T08:28:42.557Z","SourceModuleType":"im_msvistalog","port":64545,"AccountName":"SYSTEM","RecordNumber":3400690,"SourceProcessId":"2536","SourceThreadId":"2580","Task":10,"Domain":"NT AUTHORITY","@version":"1","OpcodeValue":0,"SourceModuleName":"eventlog","TargetProcessGUID":"{b34bc01c-b5b8-5f69-cc02-000000000900}","Severity":"INFO","SourceName":"Microsoft-Windows-Sysmon","Version":3,"TargetProcessId":"8168","Category":"Process accessed (rule: ProcessAccess)","CallTrace":"C:\\windows\\SYSTEM32\\ntdll.dll+9c534|C:\\windows\\System32\\KERNELBASE.dll+305fe|C:\\windows\\system32\\conhost.exe+1260d|C:\\windows\\system32\\conhost.exe+12505|C:\\windows\\system32\\conhost.exe+895c|C:\\windows\\system32\\conhost.exe+f2e6|C:\\windows\\System32\\KERNEL32.DLL+17bd4|C:\\windows\\SYSTEM32\\ntdll.dll+6ce51","UtcTime":"2020-09-22 08:28:40.325","Hostname":"WORKSTATION5.theshire.local","RuleName":"-","tags":["mordorDataset"]}
{"ImageLoaded":"C:\\Windows\\System32\\msvcrt.dll","SeverityValue":2,"EventReceivedTime":"2020-09-22 04:28:42","EventID":7,"ProviderGuid":"{5770385F-C22A-43E0-BF4C-06F5698FFBD9}","ExecutionProcessID":3172,"Channel":"Microsoft-Windows-Sysmon/Operational","host":"wec.internal.cloudapp.net","AccountType":"User","ProcessGuid":"{b34bc01c-b5b8-5f69-cc02-000000000900}","Opcode":"Info","EventTime":"2020-09-22 04:28:40","Signed":"true","SourceModuleType":"im_msvistalog","AccountName":"SYSTEM","Domain":"NT AUTHORITY","@version":"1","OpcodeValue":0,"SignatureStatus":"Valid","Severity":"INFO","Hashes":"SHA1=0EA4B3CFB14E49CEC0D42FF0F1FA989E69647A8F,MD5=36354D9B5B0A58A4B9A19103852C00A2,SHA256=E5A863D3F4BFEFED7D73A7B1499F81B7235BC9AE3C108065041BCB8E5446B1BB,IMPHASH=1273683626EBBA703979F188A1E64237","SourceName":"Microsoft-Windows-Sysmon","Description":"Windows NT CRT DLL","Category":"Image loaded (rule: ImageLoad)","Company":"Microsoft Corporation","Keywords":-9223372036854775808,"FileVersion":"7.0.18362.1 (WinBuild.160101.0800)","UserID":"S-1-5-18","ThreadID":4048,"EventType":"INFO","@timestamp":"2020-09-22T08:28:42.557Z","port":64545,"RecordNumber":3400691,"Task":7,"Signature":"Microsoft Windows","SourceModuleName":"eventlog","Version":3,"Product":"Microsoft Windows Operating System","Image":"C:\\Windows\\System32\\reg.exe","OriginalFileName":"msvcrt.dll","UtcTime":"2020-09-22 08:28:40.325","Hostname":"WORKSTATION5.theshire.local","RuleName":"-","tags":["mordorDataset"]}
{"ImageLoaded":"C:\\Windows\\System32\\advapi32.dll","SeverityValue":2,"EventReceivedTime":"2020-09-22 04:28:42","EventID":7,"ProviderGuid":"{5770385F-C22A-43E0-BF4C-06F5698FFBD9}","ExecutionProcessID":3172,"Channel":"Microsoft-Windows-Sysmon/Operational","host":"wec.internal.cloudapp.net","AccountType":"User","ProcessGuid":"{b34bc01c-b5b8-5f69-cc02-000000000900}","Opcode":"Info","EventTime":"2020-09-22 04:28:40","Signed":"true","SourceModuleType":"im_msvistalog","AccountName":"SYSTEM","Domain":"NT AUTHORITY","@version":"1","OpcodeValue":0,"SignatureStatus":"Valid","Severity":"INFO","Hashes":"SHA1=35C61DDE6F8F4ED05F9C4837E2B91C886CA79F82,MD5=EA4F6E7961B4A402F6F5EC33C655260A,SHA256=5E2D103E7E1FD7CA0492E541F082D274EF6259AF2158A3562986C796C5C869DD,IMPHASH=8EEA175C33205685FB8A14876D7564DB","SourceName":"Microsoft-Windows-Sysmon","Description":"Advanced Windows 32 Base API","Category":"Image loaded (rule: ImageLoad)","Company":"Microsoft Corporation","Keywords":-9223372036854775808,"FileVersion":"10.0.18362.752 (WinBuild.160101.0800)","UserID":"S-1-5-18","ThreadID":4048,"EventType":"INFO","@timestamp":"2020-09-22T08:28:42.558Z","port":64545,"RecordNumber":3400692,"Task":7,"Signature":"Microsoft Windows","SourceModuleName":"eventlog","Version":3,"Product":"Microsoft Windows Operating System","Image":"C:\\Windows\\System32\\reg.exe","OriginalFileName":"advapi32.dll","UtcTime":"2020-09-22 08:28:40.325","Hostname":"WORKSTATION5.theshire.local","RuleName":"-","tags":["mordorDataset"]}
{"ImageLoaded":"C:\\Windows\\System32\\sechost.dll","SeverityValue":2,"EventReceivedTime":"2020-09-22 04:28:42","EventID":7,"ProviderGuid":"{5770385F-C22A-43E0-BF4C-06F5698FFBD9}","ExecutionProcessID":3172,"Channel":"Microsoft-Windows-Sysmon/Operational","host":"wec.internal.cloudapp.net","AccountType":"User","ProcessGuid":"{b34bc01c-b5b8-5f69-cc02-000000000900}","Opcode":"Info","EventTime":"2020-09-22 04:28:40","Signed":"true","SourceModuleType":"im_msvistalog","AccountName":"SYSTEM","Domain":"NT AUTHORITY","@version":"1","OpcodeValue":0,"SignatureStatus":"Valid","Severity":"INFO","Hashes":"SHA1=A330EDE32DFA03AE6808EE7FB6916D8DEB8F5DDE,MD5=A094E2B38D3DD864B07580D243CB6E43,SHA256=C441E19D20961D4E990E117A300ED318BEDBF2F8BA0FF07BEE7832AC502CDDF2,IMPHASH=CE4BD072766253F6A267D0284CA82002","SourceName":"Microsoft-Windows-Sysmon","Description":"Host for SCM/SDDL/LSA Lookup APIs","Category":"Image loaded (rule: ImageLoad)","Company":"Microsoft Corporation","Keywords":-9223372036854775808,"FileVersion":"10.0.18362.959 (WinBuild.160101.0800)","UserID":"S-1-5-18","ThreadID":4048,"EventType":"INFO","@timestamp":"2020-09-22T08:28:42.558Z","port":64545,"RecordNumber":3400693,"Task":7,"Signature":"Microsoft Windows","SourceModuleName":"eventlog","Version":3,"Product":"Microsoft Windows Operating System","Image":"C:\\Windows\\System32\\reg.exe","OriginalFileName":"sechost.dll","UtcTime":"2020-09-22 08:28:40.325","Hostname":"WORKSTATION5.theshire.local","RuleName":"-","tags":["mordorDataset"]}
{"ImageLoaded":"C:\\Windows\\System32\\rpcrt4.dll","SeverityValue":2,"EventReceivedTime":"2020-09-22 04:28:42","EventID":7,"ProviderGuid":"{5770385F-C22A-43E0-BF4C-06F5698FFBD9}","ExecutionProcessID":3172,"Channel":"Microsoft-Windows-Sysmon/Operational","host":"wec.internal.cloudapp.net","AccountType":"User","ProcessGuid":"{b34bc01c-b5b8-5f69-cc02-000000000900}","Opcode":"Info","EventTime":"2020-09-22 04:28:40","Signed":"true","SourceModuleType":"im_msvistalog","AccountName":"SYSTEM","Domain":"NT AUTHORITY","@version":"1","OpcodeValue":0,"SignatureStatus":"Valid","Severity":"INFO","Hashes":"SHA1=863C24BD6E91FDCDEDE1124EFC93FDD1564F0C23,MD5=61C41B28689BB516F1CFC880507C839B,SHA256=DAF391DB91AC04B50A0C896963F5120A52C8B1B4999BF37BE80AB025AB116700,IMPHASH=88E7E7C7FA90052EC162DD37F2B7C7BD","SourceName":"Microsoft-Windows-Sysmon","Description":"Remote Procedure Call Runtime","Category":"Image loaded (rule: ImageLoad)","Company":"Microsoft Corporation","Keywords":-9223372036854775808,"FileVersion":"10.0.18362.1082 (WinBuild.160101.0800)","UserID":"S-1-5-18","ThreadID":4048,"EventType":"INFO","@timestamp":"2020-09-22T08:28:42.559Z","port":64545,"RecordNumber":3400694,"Task":7,"Signature":"Microsoft Windows","SourceModuleName":"eventlog","Version":3,"Product":"Microsoft Windows Operating System","Image":"C:\\Windows\\System32\\reg.exe","OriginalFileName":"rpcrt4.dll","UtcTime":"2020-09-22 08:28:40.325","Hostname":"WORKSTATION5.theshire.local","RuleName":"-","tags":["mordorDataset"]}
{"ImageLoaded":"C:\\Windows\\System32\\ws2_32.dll","SeverityValue":2,"EventReceivedTime":"2020-09-22 04:28:42","EventID":7,"ProviderGuid":"{5770385F-C22A-43E0-BF4C-06F5698FFBD9}","ExecutionProcessID":3172,"Channel":"Microsoft-Windows-Sysmon/Operational","host":"wec.internal.cloudapp.net","AccountType":"User","ProcessGuid":"{b34bc01c-b5b8-5f69-cc02-000000000900}","Opcode":"Info","EventTime":"2020-09-22 04:28:40","Signed":"true","SourceModuleType":"im_msvistalog","AccountName":"SYSTEM","Domain":"NT AUTHORITY","@version":"1","OpcodeValue":0,"SignatureStatus":"Valid","Severity":"INFO","Hashes":"SHA1=0E931ED820C96CCAD23D4AFCB0ACD97C99155D11,MD5=C0F8DA7568D2F1534E0ABB0E69DC3280,SHA256=E419A4BBDF1D5E0601E90BAFC1558DBD7414CD44E098B581C1915EF2C6E38D0B,IMPHASH=70D7A835AF4CA9F98A94AAF1B60BF88F","SourceName":"Microsoft-Windows-Sysmon","Description":"Windows Socket 2.0 32-Bit DLL","Category":"Image loaded (rule: ImageLoad)","Company":"Microsoft Corporation","Keywords":-9223372036854775808,"FileVersion":"10.0.18362.387 (WinBuild.160101.0800)","UserID":"S-1-5-18","ThreadID":4048,"EventType":"INFO","@timestamp":"2020-09-22T08:28:42.559Z","port":64545,"RecordNumber":3400695,"Task":7,"Signature":"Microsoft Windows","SourceModuleName":"eventlog","Version":3,"Product":"Microsoft Windows Operating System","Image":"C:\\Windows\\System32\\reg.exe","OriginalFileName":"ws2_32.dll","UtcTime":"2020-09-22 08:28:40.325","Hostname":"WORKSTATION5.theshire.local","RuleName":"-","tags":["mordorDataset"]}
{"Keywords":-9223372036854775808,"SeverityValue":2,"EventReceivedTime":"2020-09-22 04:28:42","EventID":11,"ProviderGuid":"{5770385F-C22A-43E0-BF4C-06F5698FFBD9}","ExecutionProcessID":3172,"Channel":"Microsoft-Windows-Sysmon/Operational","host":"wec.internal.cloudapp.net","AccountType":"User","UserID":"S-1-5-18","ProcessGuid":"{b34bc01c-b5b8-5f69-cc02-000000000900}","ThreadID":4048,"EventType":"INFO","Opcode":"Info","EventTime":"2020-09-22 04:28:40","@timestamp":"2020-09-22T08:28:42.559Z","TargetFilename":"C:\\Windows\\System32\\sam","SourceModuleType":"im_msvistalog","port":64545,"AccountName":"SYSTEM","RecordNumber":3400696,"Task":11,"Domain":"NT AUTHORITY","@version":"1","OpcodeValue":0,"CreationUtcTime":"2020-09-22 08:28:40.325","SourceModuleName":"eventlog","Severity":"INFO","SourceName":"Microsoft-Windows-Sysmon","Version":2,"Image":"C:\\windows\\system32\\reg.exe","Category":"File created (rule: FileCreate)","UtcTime":"2020-09-22 08:28:40.325","Hostname":"WORKSTATION5.theshire.local","RuleName":"-","tags":["mordorDataset"]}
{"ImageLoaded":"C:\\Windows\\System32\\reg.exe","SeverityValue":2,"EventReceivedTime":"2020-09-22 04:28:42","EventID":7,"ProviderGuid":"{5770385F-C22A-43E0-BF4C-06F5698FFBD9}","ExecutionProcessID":3172,"Channel":"Microsoft-Windows-Sysmon/Operational","host":"wec.internal.cloudapp.net","AccountType":"User","ProcessGuid":"{b34bc01c-b5b8-5f69-cc02-000000000900}","Opcode":"Info","EventTime":"2020-09-22 04:28:40","Signed":"true","SourceModuleType":"im_msvistalog","AccountName":"SYSTEM","Domain":"NT AUTHORITY","@version":"1","OpcodeValue":0,"SignatureStatus":"Valid","Severity":"INFO","Hashes":"SHA1=EB3B03616EEE42F16D0703F64DE23E7E34FE8524,MD5=601BDDF7691C5AF626A5719F1D7E35F1,SHA256=4ED2A27860FA154415F65452FF1F94BD6AF762982E2F3470030C504DC3C8A354,IMPHASH=BE482BE427FE212CFEF2CDA0E61F19AC","SourceName":"Microsoft-Windows-Sysmon","Description":"Registry Console Tool","Category":"Image loaded (rule: ImageLoad)","Company":"Microsoft Corporation","Keywords":-9223372036854775808,"FileVersion":"10.0.18362.476 (WinBuild.160101.0800)","UserID":"S-1-5-18","ThreadID":4052,"EventType":"INFO","@timestamp":"2020-09-22T08:28:42.560Z","port":64545,"RecordNumber":3400697,"Task":7,"Signature":"Microsoft Windows","SourceModuleName":"eventlog","Version":3,"Product":"Microsoft Windows Operating System","Image":"C:\\Windows\\System32\\reg.exe","OriginalFileName":"reg.exe","UtcTime":"2020-09-22 08:28:40.309","Hostname":"WORKSTATION5.theshire.local","RuleName":"-","tags":["mordorDataset"]}
{"Keywords":-9223372036854775808,"SeverityValue":2,"EventReceivedTime":"2020-09-22 04:28:42","EventID":5,"ProviderGuid":"{5770385F-C22A-43E0-BF4C-06F5698FFBD9}","ExecutionProcessID":3172,"Channel":"Microsoft-Windows-Sysmon/Operational","host":"wec.internal.cloudapp.net","AccountType":"User","UserID":"S-1-5-18","ProcessGuid":"{b34bc01c-b5b8-5f69-cc02-000000000900}","ThreadID":4048,"EventType":"INFO","Opcode":"Info","EventTime":"2020-09-22 04:28:40","@timestamp":"2020-09-22T08:28:42.560Z","SourceModuleType":"im_msvistalog","port":64545,"AccountName":"SYSTEM","RecordNumber":3400698,"Task":5,"Domain":"NT AUTHORITY","@version":"1","OpcodeValue":0,"SourceModuleName":"eventlog","Severity":"INFO","SourceName":"Microsoft-Windows-Sysmon","Version":3,"Image":"C:\\Windows\\System32\\reg.exe","Category":"Process terminated (rule: ProcessTerminate)","UtcTime":"2020-09-22 08:28:40.340","Hostname":"WORKSTATION5.theshire.local","RuleName":"-","tags":["mordorDataset"]}
{"Keywords":-9223372036854775808,"SeverityValue":2,"EventReceivedTime":"2020-09-22 04:28:42","EventID":11,"ProviderGuid":"{5770385F-C22A-43E0-BF4C-06F5698FFBD9}","ExecutionProcessID":3172,"Channel":"Microsoft-Windows-Sysmon/Operational","host":"wec.internal.cloudapp.net","AccountType":"User","UserID":"S-1-5-18","ProcessGuid":"{b34bc01c-226f-5f69-2e00-000000000900}","ThreadID":4048,"EventType":"INFO","Opcode":"Info","EventTime":"2020-09-22 04:28:40","@timestamp":"2020-09-22T08:28:42.561Z","TargetFilename":"C:\\Windows\\Prefetch\\REG.EXE-E7E8BD26.pf","SourceModuleType":"im_msvistalog","port":64545,"AccountName":"SYSTEM","RecordNumber":3400699,"Task":11,"Domain":"NT AUTHORITY","@version":"1","OpcodeValue":0,"CreationUtcTime":"2020-09-17 15:10:50.520","SourceModuleName":"eventlog","Severity":"INFO","SourceName":"Microsoft-Windows-Sysmon","Version":2,"Image":"C:\\windows\\system32\\svchost.exe","Category":"File created (rule: FileCreate)","UtcTime":"2020-09-22 08:28:40.356","Hostname":"WORKSTATION5.theshire.local","RuleName":"-","tags":["mordorDataset"]}
{"Keywords":-9223372036854775808,"SeverityValue":2,"SourceImage":"C:\\windows\\system32\\svchost.exe","EventID":10,"ProviderGuid":"{5770385F-C22A-43E0-BF4C-06F5698FFBD9}","ExecutionProcessID":3172,"Channel":"Microsoft-Windows-Sysmon/Operational","host":"wec.internal.cloudapp.net","AccountType":"User","UserID":"S-1-5-18","SourceProcessGUID":"{b34bc01c-226b-5f69-1000-000000000900}","ThreadID":4048,"TargetImage":"C:\\windows\\System32\\svchost.exe","GrantedAccess":"0x1000","EventType":"INFO","Opcode":"Info","EventTime":"2020-09-22 04:28:40","EventReceivedTime":"2020-09-22 04:28:42","@timestamp":"2020-09-22T08:28:42.561Z","SourceModuleType":"im_msvistalog","port":64545,"AccountName":"SYSTEM","RecordNumber":3400700,"SourceProcessId":"908","SourceThreadId":"7520","Task":10,"Domain":"NT AUTHORITY","@version":"1","OpcodeValue":0,"SourceModuleName":"eventlog","TargetProcessGUID":"{b34bc01c-2271-5f69-5500-000000000900}","Severity":"INFO","SourceName":"Microsoft-Windows-Sysmon","Version":3,"TargetProcessId":"3308","Category":"Process accessed (rule: ProcessAccess)","CallTrace":"C:\\windows\\SYSTEM32\\ntdll.dll+9c534|C:\\windows\\SYSTEM32\\psmserviceexthost.dll+222a3|C:\\windows\\SYSTEM32\\psmserviceexthost.dll+1a172|C:\\windows\\SYSTEM32\\psmserviceexthost.dll+19e3b|C:\\windows\\SYSTEM32\\psmserviceexthost.dll+19318|C:\\windows\\SYSTEM32\\ntdll.dll+3081d|C:\\windows\\SYSTEM32\\ntdll.dll+345b4|C:\\windows\\System32\\KERNEL32.DLL+17bd4|C:\\windows\\SYSTEM32\\ntdll.dll+6ce51","UtcTime":"2020-09-22 08:28:40.356","Hostname":"WORKSTATION5.theshire.local","RuleName":"-","tags":["mordorDataset"]}
{"Keywords":-9223372036854775808,"SeverityValue":2,"SourceImage":"C:\\windows\\system32\\svchost.exe","EventID":10,"ProviderGuid":"{5770385F-C22A-43E0-BF4C-06F5698FFBD9}","ExecutionProcessID":3172,"Channel":"Microsoft-Windows-Sysmon/Operational","host":"wec.internal.cloudapp.net","AccountType":"User","UserID":"S-1-5-18","SourceProcessGUID":"{b34bc01c-226b-5f69-1000-000000000900}","ThreadID":4048,"TargetImage":"C:\\windows\\System32\\svchost.exe","GrantedAccess":"0x1000","EventType":"INFO","Opcode":"Info","EventTime":"2020-09-22 04:28:40","EventReceivedTime":"2020-09-22 04:28:42","@timestamp":"2020-09-22T08:28:42.562Z","SourceModuleType":"im_msvistalog","port":64545,"AccountName":"SYSTEM","RecordNumber":3400701,"SourceProcessId":"908","SourceThreadId":"7520","Task":10,"Domain":"NT AUTHORITY","@version":"1","OpcodeValue":0,"SourceModuleName":"eventlog","TargetProcessGUID":"{b34bc01c-2271-5f69-5500-000000000900}","Severity":"INFO","SourceName":"Microsoft-Windows-Sysmon","Version":3,"TargetProcessId":"3308","Category":"Process accessed (rule: ProcessAccess)","CallTrace":"C:\\windows\\SYSTEM32\\ntdll.dll+9c534|C:\\windows\\SYSTEM32\\psmserviceexthost.dll+222a3|C:\\windows\\SYSTEM32\\psmserviceexthost.dll+1a172|C:\\windows\\SYSTEM32\\psmserviceexthost.dll+19e3b|C:\\windows\\SYSTEM32\\psmserviceexthost.dll+19318|C:\\windows\\SYSTEM32\\ntdll.dll+3081d|C:\\windows\\SYSTEM32\\ntdll.dll+345b4|C:\\windows\\System32\\KERNEL32.DLL+17bd4|C:\\windows\\SYSTEM32\\ntdll.dll+6ce51","UtcTime":"2020-09-22 08:28:40.356","Hostname":"WORKSTATION5.theshire.local","RuleName":"-","tags":["mordorDataset"]}
{"Keywords":-9223372036854775808,"SeverityValue":2,"TargetObject":"HKU\\S-1-5-21-4228717743-1032521047-1810997296-1104\\Software\\Microsoft\\Windows\\CurrentVersion\\Internet Settings\\Connections","EventTypeOrignal":"INFO","EventID":12,"ProviderGuid":"{5770385F-C22A-43E0-BF4C-06F5698FFBD9}","ExecutionProcessID":3172,"host":"wec.internal.cloudapp.net","Channel":"Microsoft-Windows-Sysmon/Operational","UserID":"S-1-5-18","AccountType":"User","ThreadID":4048,"ProcessGuid":"{b34bc01c-a92a-5f69-7e02-000000000900}","EventReceivedTime":"2020-09-22 04:28:42","Opcode":"Info","EventTime":"2020-09-22 04:28:40","@timestamp":"2020-09-22T08:28:42.562Z","SourceModuleType":"im_msvistalog","port":64545,"AccountName":"SYSTEM","RecordNumber":3400702,"Task":12,"Domain":"NT AUTHORITY","@version":"1","OpcodeValue":0,"SourceModuleName":"eventlog","Severity":"INFO","SourceName":"Microsoft-Windows-Sysmon","Version":2,"Image":"C:\\windows\\System32\\WindowsPowerShell\\v1.0\\powershell.exe","Category":"Registry object added or deleted (rule: RegistryEvent)","UtcTime":"2020-09-22 08:28:40.372","Hostname":"WORKSTATION5.theshire.local","RuleName":"-","tags":["mordorDataset"]}
{"Keywords":-9223372036854775808,"SeverityValue":2,"SourceImage":"C:\\windows\\system32\\svchost.exe","EventID":10,"ProviderGuid":"{5770385F-C22A-43E0-BF4C-06F5698FFBD9}","ExecutionProcessID":3172,"Channel":"Microsoft-Windows-Sysmon/Operational","host":"wec.internal.cloudapp.net","AccountType":"User","UserID":"S-1-5-18","SourceProcessGUID":"{b34bc01c-226b-5f69-1000-000000000900}","ThreadID":4048,"TargetImage":"C:\\windows\\System32\\svchost.exe","GrantedAccess":"0x1000","EventType":"INFO","Opcode":"Info","EventTime":"2020-09-22 04:28:40","EventReceivedTime":"2020-09-22 04:28:42","@timestamp":"2020-09-22T08:28:42.562Z","SourceModuleType":"im_msvistalog","port":64545,"AccountName":"SYSTEM","RecordNumber":3400703,"SourceProcessId":"908","SourceThreadId":"3440","Task":10,"Domain":"NT AUTHORITY","@version":"1","OpcodeValue":0,"SourceModuleName":"eventlog","TargetProcessGUID":"{b34bc01c-2271-5f69-5500-000000000900}","Severity":"INFO","SourceName":"Microsoft-Windows-Sysmon","Version":3,"TargetProcessId":"3308","Category":"Process accessed (rule: ProcessAccess)","CallTrace":"C:\\windows\\SYSTEM32\\ntdll.dll+9c534|C:\\windows\\SYSTEM32\\psmserviceexthost.dll+222a3|C:\\windows\\SYSTEM32\\psmserviceexthost.dll+1a172|C:\\windows\\SYSTEM32\\psmserviceexthost.dll+19e3b|C:\\windows\\SYSTEM32\\psmserviceexthost.dll+19318|C:\\windows\\SYSTEM32\\ntdll.dll+3081d|C:\\windows\\SYSTEM32\\ntdll.dll+345b4|C:\\windows\\System32\\KERNEL32.DLL+17bd4|C:\\windows\\SYSTEM32\\ntdll.dll+6ce51","UtcTime":"2020-09-22 08:28:40.387","Hostname":"WORKSTATION5.theshire.local","RuleName":"-","tags":["mordorDataset"]}
{"Keywords":-9223372036854775808,"SeverityValue":2,"SourceImage":"C:\\windows\\system32\\svchost.exe","EventID":10,"ProviderGuid":"{5770385F-C22A-43E0-BF4C-06F5698FFBD9}","ExecutionProcessID":3172,"Channel":"Microsoft-Windows-Sysmon/Operational","host":"wec.internal.cloudapp.net","AccountType":"User","UserID":"S-1-5-18","SourceProcessGUID":"{b34bc01c-226b-5f69-1000-000000000900}","ThreadID":4048,"TargetImage":"C:\\windows\\System32\\svchost.exe","GrantedAccess":"0x1000","EventType":"INFO","Opcode":"Info","EventTime":"2020-09-22 04:28:40","EventReceivedTime":"2020-09-22 04:28:42","@timestamp":"2020-09-22T08:28:42.563Z","SourceModuleType":"im_msvistalog","port":64545,"AccountName":"SYSTEM","RecordNumber":3400704,"SourceProcessId":"908","SourceThreadId":"3440","Task":10,"Domain":"NT AUTHORITY","@version":"1","OpcodeValue":0,"SourceModuleName":"eventlog","TargetProcessGUID":"{b34bc01c-2271-5f69-5500-000000000900}","Severity":"INFO","SourceName":"Microsoft-Windows-Sysmon","Version":3,"TargetProcessId":"3308","Category":"Process accessed (rule: ProcessAccess)","CallTrace":"C:\\windows\\SYSTEM32\\ntdll.dll+9c534|C:\\windows\\SYSTEM32\\psmserviceexthost.dll+222a3|C:\\windows\\SYSTEM32\\psmserviceexthost.dll+1a172|C:\\windows\\SYSTEM32\\psmserviceexthost.dll+19e3b|C:\\windows\\SYSTEM32\\psmserviceexthost.dll+19318|C:\\windows\\SYSTEM32\\ntdll.dll+3081d|C:\\windows\\SYSTEM32\\ntdll.dll+345b4|C:\\windows\\System32\\KERNEL32.DLL+17bd4|C:\\windows\\SYSTEM32\\ntdll.dll+6ce51","UtcTime":"2020-09-22 08:28:40.387","Hostname":"WORKSTATION5.theshire.local","RuleName":"-","tags":["mordorDataset"]}
{"MandatoryLabel":"S-1-16-12288","tags":["mordorDataset"],"Keywords":-9214364837600034816,"SeverityValue":2,"SubjectDomainName":"THESHIRE","EventID":4688,"ProviderGuid":"{54849625-5478-4994-A5BA-3E3B0328C30D}","ExecutionProcessID":4,"Channel":"security","host":"wec.internal.cloudapp.net","SubjectUserSid":"S-1-5-21-4228717743-1032521047-1810997296-1104","TargetLogonId":"0x0","EventReceivedTime":"2020-09-22 04:28:42","ThreadID":7140,"ProcessId":"0x1754","EventType":"AUDIT_SUCCESS","Opcode":"Info","EventTime":"2020-09-22 04:28:40","Message":"A new process has been created.\r\n\r\nCreator Subject:\r\n\tSecurity ID:\t\tS-1-5-21-4228717743-1032521047-1810997296-1104\r\n\tAccount Name:\t\tpgustavo\r\n\tAccount Domain:\t\tTHESHIRE\r\n\tLogon ID:\t\t0x10A7DF\r\n\r\nTarget Subject:\r\n\tSecurity ID:\t\tS-1-0-0\r\n\tAccount Name:\t\t-\r\n\tAccount Domain:\t\t-\r\n\tLogon ID:\t\t0x0\r\n\r\nProcess Information:\r\n\tNew Process ID:\t\t0x1fe8\r\n\tNew Process Name:\tC:\\Windows\\System32\\reg.exe\r\n\tToken Elevation Type:\t%%1937\r\n\tMandatory Label:\t\tS-1-16-12288\r\n\tCreator Process ID:\t0x1754\r\n\tCreator Process Name:\tC:\\Windows\\System32\\WindowsPowerShell\\v1.0\\powershell.exe\r\n\tProcess Command Line:\t\"C:\\windows\\system32\\reg.exe\" save HKLM\\sam sam\r\n\r\nToken Elevation Type indicates the type of token that was assigned to the new process in accordance with User Account Control policy.\r\n\r\nType 1 is a full token with no privileges removed or groups disabled.  A full token is only used if User Account Control is disabled or if the user is the built-in Administrator account or a service account.\r\n\r\nType 2 is an elevated token with no privileges removed or groups disabled.  An elevated token is used when User Account Control is enabled and the user chooses to start the program using Run as administrator.  An elevated token is also used when an application is configured to always require administrative privilege or to always require maximum privilege, and the user is a member of the Administrators group.\r\n\r\nType 3 is a limited token with administrative privileges removed and administrative groups disabled.  The limited token is used when User Account Control is enabled, the application does not require administrative privilege, and the user does not choose to start the program using Run as administrator.","ParentProcessName":"C:\\Windows\\System32\\WindowsPowerShell\\v1.0\\powershell.exe","@timestamp":"2020-09-22T08:28:42.564Z","SubjectLogonId":"0x10a7df","SourceModuleType":"im_msvistalog","port":64545,"RecordNumber":820988,"SubjectUserName":"pgustavo","CommandLine":"\"C:\\windows\\system32\\reg.exe\" save HKLM\\sam sam","Task":13312,"@version":"1","OpcodeValue":0,"SourceModuleName":"eventlog","Severity":"INFO","NewProcessName":"C:\\Windows\\System32\\reg.exe","TokenElevationType":"%%1937","SourceName":"Microsoft-Windows-Security-Auditing","Version":2,"Category":"Process Creation","TargetUserName":"-","TargetUserSid":"S-1-0-0","Hostname":"WORKSTATION5.theshire.local","NewProcessId":"0x1fe8","TargetDomainName":"-"}
{"Keywords":-9214364837600034816,"SeverityValue":2,"SubjectDomainName":"THESHIRE","EventID":4703,"ProviderGuid":"{54849625-5478-4994-A5BA-3E3B0328C30D}","ExecutionProcessID":4,"Channel":"security","host":"wec.internal.cloudapp.net","SubjectUserSid":"S-1-5-21-4228717743-1032521047-1810997296-1104","TargetLogonId":"0x10a7df","EnabledPrivilegeList":"SeBackupPrivilege","ThreadID":3484,"EventReceivedTime":"2020-09-22 04:28:42","ProcessId":"0x1fe8","EventType":"AUDIT_SUCCESS","Opcode":"Info","EventTime":"2020-09-22 04:28:40","Message":"A token right was adjusted.\r\n\r\nSubject:\r\n\tSecurity ID:\t\tS-1-5-21-4228717743-1032521047-1810997296-1104\r\n\tAccount Name:\t\tpgustavo\r\n\tAccount Domain:\t\tTHESHIRE\r\n\tLogon ID:\t\t0x10A7DF\r\n\r\nTarget Account:\r\n\tSecurity ID:\t\tS-1-5-21-4228717743-1032521047-1810997296-1104\r\n\tAccount Name:\t\tpgustavo\r\n\tAccount Domain:\t\tTHESHIRE\r\n\tLogon ID:\t\t0x10A7DF\r\n\r\nProcess Information:\r\n\tProcess ID:\t\t0x1fe8\r\n\tProcess Name:\t\tC:\\Windows\\System32\\reg.exe\r\n\r\nEnabled Privileges:\r\n\t\t\tSeBackupPrivilege\r\n\r\nDisabled Privileges:\r\n\t\t\t-","@timestamp":"2020-09-22T08:28:42.564Z","SubjectLogonId":"0x10a7df","SourceModuleType":"im_msvistalog","port":64545,"ProcessName":"C:\\Windows\\System32\\reg.exe","RecordNumber":820989,"SubjectUserName":"pgustavo","Task":13317,"DisabledPrivilegeList":"-","@version":"1","OpcodeValue":0,"SourceModuleName":"eventlog","Severity":"INFO","SourceName":"Microsoft-Windows-Security-Auditing","Version":0,"Category":"Token Right Adjusted Events","TargetUserName":"pgustavo","TargetUserSid":"S-1-5-21-4228717743-1032521047-1810997296-1104","Hostname":"WORKSTATION5.theshire.local","TargetDomainName":"THESHIRE","tags":["mordorDataset"]}
{"Keywords":-9214364837600034816,"SeverityValue":2,"SubjectDomainName":"THESHIRE","EventID":4689,"ProviderGuid":"{54849625-5478-4994-A5BA-3E3B0328C30D}","ExecutionProcessID":4,"Channel":"security","host":"wec.internal.cloudapp.net","SubjectUserSid":"S-1-5-21-4228717743-1032521047-1810997296-1104","EventReceivedTime":"2020-09-22 04:28:42","ProcessId":"0x1fe8","ThreadID":3484,"EventType":"AUDIT_SUCCESS","Opcode":"Info","EventTime":"2020-09-22 04:28:40","Message":"A process has exited.\r\n\r\nSubject:\r\n\tSecurity ID:\t\tS-1-5-21-4228717743-1032521047-1810997296-1104\r\n\tAccount Name:\t\tpgustavo\r\n\tAccount Domain:\t\tTHESHIRE\r\n\tLogon ID:\t\t0x10A7DF\r\n\r\nProcess Information:\r\n\tProcess ID:\t0x1fe8\r\n\tProcess Name:\tC:\\Windows\\System32\\reg.exe\r\n\tExit Status:\t0x0","@timestamp":"2020-09-22T08:28:42.564Z","SubjectLogonId":"0x10a7df","SourceModuleType":"im_msvistalog","port":64545,"ProcessName":"C:\\Windows\\System32\\reg.exe","RecordNumber":820990,"SubjectUserName":"pgustavo","Task":13313,"@version":"1","OpcodeValue":0,"SourceModuleName":"eventlog","Severity":"INFO","SourceName":"Microsoft-Windows-Security-Auditing","Version":0,"Status":"0x0","Category":"Process Termination","tags":["mordorDataset"],"Hostname":"WORKSTATION5.theshire.local"}
{"Keywords":-9223372036854775808,"SeverityValue":2,"SourceImage":"C:\\windows\\system32\\svchost.exe","EventID":10,"ProviderGuid":"{5770385F-C22A-43E0-BF4C-06F5698FFBD9}","ExecutionProcessID":3392,"Channel":"Microsoft-Windows-Sysmon/Operational","host":"wec.internal.cloudapp.net","AccountType":"User","UserID":"S-1-5-18","SourceProcessGUID":"{d273d0f0-e866-5f64-1100-000000000800}","ThreadID":5552,"TargetImage":"C:\\windows\\System32\\svchost.exe","GrantedAccess":"0x1000","EventType":"INFO","Opcode":"Info","EventTime":"2020-09-22 04:28:40","EventReceivedTime":"2020-09-22 04:28:42","@timestamp":"2020-09-22T08:28:42.565Z","SourceModuleType":"im_msvistalog","port":64545,"AccountName":"SYSTEM","RecordNumber":3779046,"SourceProcessId":"960","SourceThreadId":"2840","Task":10,"Domain":"NT AUTHORITY","@version":"1","OpcodeValue":0,"SourceModuleName":"eventlog","TargetProcessGUID":"{d273d0f0-e875-5f64-5400-000000000800}","Severity":"INFO","SourceName":"Microsoft-Windows-Sysmon","Version":3,"TargetProcessId":"3516","Category":"Process accessed (rule: ProcessAccess)","CallTrace":"C:\\windows\\SYSTEM32\\ntdll.dll+9c534|C:\\windows\\SYSTEM32\\psmserviceexthost.dll+222a3|C:\\windows\\SYSTEM32\\psmserviceexthost.dll+1a172|C:\\windows\\SYSTEM32\\psmserviceexthost.dll+19e3b|C:\\windows\\SYSTEM32\\psmserviceexthost.dll+19318|C:\\windows\\SYSTEM32\\ntdll.dll+3081d|C:\\windows\\SYSTEM32\\ntdll.dll+345b4|C:\\windows\\System32\\KERNEL32.DLL+17bd4|C:\\windows\\SYSTEM32\\ntdll.dll+6ce51","UtcTime":"2020-09-22 08:28:40.889","Hostname":"WORKSTATION6.theshire.local","RuleName":"-","tags":["mordorDataset"]}
{"Keywords":-9223372036854775808,"SeverityValue":2,"SourceImage":"C:\\windows\\system32\\svchost.exe","EventID":10,"ProviderGuid":"{5770385F-C22A-43E0-BF4C-06F5698FFBD9}","ExecutionProcessID":3392,"Channel":"Microsoft-Windows-Sysmon/Operational","host":"wec.internal.cloudapp.net","AccountType":"User","UserID":"S-1-5-18","SourceProcessGUID":"{d273d0f0-e866-5f64-1100-000000000800}","ThreadID":5552,"TargetImage":"C:\\windows\\System32\\svchost.exe","GrantedAccess":"0x1000","EventType":"INFO","Opcode":"Info","EventTime":"2020-09-22 04:28:40","EventReceivedTime":"2020-09-22 04:28:42","@timestamp":"2020-09-22T08:28:42.565Z","SourceModuleType":"im_msvistalog","port":64545,"AccountName":"SYSTEM","RecordNumber":3779047,"SourceProcessId":"960","SourceThreadId":"2840","Task":10,"Domain":"NT AUTHORITY","@version":"1","OpcodeValue":0,"SourceModuleName":"eventlog","TargetProcessGUID":"{d273d0f0-e875-5f64-5400-000000000800}","Severity":"INFO","SourceName":"Microsoft-Windows-Sysmon","Version":3,"TargetProcessId":"3516","Category":"Process accessed (rule: ProcessAccess)","CallTrace":"C:\\windows\\SYSTEM32\\ntdll.dll+9c534|C:\\windows\\SYSTEM32\\psmserviceexthost.dll+222a3|C:\\windows\\SYSTEM32\\psmserviceexthost.dll+1a172|C:\\windows\\SYSTEM32\\psmserviceexthost.dll+19e3b|C:\\windows\\SYSTEM32\\psmserviceexthost.dll+19318|C:\\windows\\SYSTEM32\\ntdll.dll+3081d|C:\\windows\\SYSTEM32\\ntdll.dll+345b4|C:\\windows\\System32\\KERNEL32.DLL+17bd4|C:\\windows\\SYSTEM32\\ntdll.dll+6ce51","UtcTime":"2020-09-22 08:28:40.889","Hostname":"WORKSTATION6.theshire.local","RuleName":"-","tags":["mordorDataset"]}
{"Keywords":-9223372036854775808,"SeverityValue":2,"SourceImage":"C:\\windows\\system32\\svchost.exe","EventID":10,"ProviderGuid":"{5770385F-C22A-43E0-BF4C-06F5698FFBD9}","ExecutionProcessID":3392,"Channel":"Microsoft-Windows-Sysmon/Operational","host":"wec.internal.cloudapp.net","AccountType":"User","UserID":"S-1-5-18","SourceProcessGUID":"{d273d0f0-e866-5f64-1100-000000000800}","ThreadID":5552,"TargetImage":"C:\\windows\\System32\\svchost.exe","GrantedAccess":"0x1000","EventType":"INFO","Opcode":"Info","EventTime":"2020-09-22 04:28:40","EventReceivedTime":"2020-09-22 04:28:43","@timestamp":"2020-09-22T08:28:43.563Z","SourceModuleType":"im_msvistalog","port":64545,"AccountName":"SYSTEM","RecordNumber":3779048,"SourceProcessId":"960","SourceThreadId":"2840","Task":10,"Domain":"NT AUTHORITY","@version":"1","OpcodeValue":0,"SourceModuleName":"eventlog","TargetProcessGUID":"{d273d0f0-e875-5f64-5400-000000000800}","Severity":"INFO","SourceName":"Microsoft-Windows-Sysmon","Version":3,"TargetProcessId":"3516","Category":"Process accessed (rule: ProcessAccess)","CallTrace":"C:\\windows\\SYSTEM32\\ntdll.dll+9c534|C:\\windows\\SYSTEM32\\psmserviceexthost.dll+222a3|C:\\windows\\SYSTEM32\\psmserviceexthost.dll+1a172|C:\\windows\\SYSTEM32\\psmserviceexthost.dll+19e3b|C:\\windows\\SYSTEM32\\psmserviceexthost.dll+19318|C:\\windows\\SYSTEM32\\ntdll.dll+3081d|C:\\windows\\SYSTEM32\\ntdll.dll+345b4|C:\\windows\\System32\\KERNEL32.DLL+17bd4|C:\\windows\\SYSTEM32\\ntdll.dll+6ce51","UtcTime":"2020-09-22 08:28:40.889","Hostname":"WORKSTATION6.theshire.local","RuleName":"-","tags":["mordorDataset"]}
{"Keywords":-9223372036854775808,"SeverityValue":2,"SourceImage":"C:\\windows\\system32\\svchost.exe","EventID":10,"ProviderGuid":"{5770385F-C22A-43E0-BF4C-06F5698FFBD9}","ExecutionProcessID":3392,"Channel":"Microsoft-Windows-Sysmon/Operational","host":"wec.internal.cloudapp.net","AccountType":"User","UserID":"S-1-5-18","SourceProcessGUID":"{d273d0f0-e866-5f64-1100-000000000800}","ThreadID":5552,"TargetImage":"C:\\windows\\System32\\svchost.exe","GrantedAccess":"0x1000","EventType":"INFO","Opcode":"Info","EventTime":"2020-09-22 04:28:40","EventReceivedTime":"2020-09-22 04:28:43","@timestamp":"2020-09-22T08:28:43.563Z","SourceModuleType":"im_msvistalog","port":64545,"AccountName":"SYSTEM","RecordNumber":3779049,"SourceProcessId":"960","SourceThreadId":"2316","Task":10,"Domain":"NT AUTHORITY","@version":"1","OpcodeValue":0,"SourceModuleName":"eventlog","TargetProcessGUID":"{d273d0f0-e875-5f64-5400-000000000800}","Severity":"INFO","SourceName":"Microsoft-Windows-Sysmon","Version":3,"TargetProcessId":"3516","Category":"Process accessed (rule: ProcessAccess)","CallTrace":"C:\\windows\\SYSTEM32\\ntdll.dll+9c534|C:\\windows\\SYSTEM32\\psmserviceexthost.dll+222a3|C:\\windows\\SYSTEM32\\psmserviceexthost.dll+1a172|C:\\windows\\SYSTEM32\\psmserviceexthost.dll+19e3b|C:\\windows\\SYSTEM32\\psmserviceexthost.dll+19318|C:\\windows\\SYSTEM32\\ntdll.dll+3081d|C:\\windows\\SYSTEM32\\ntdll.dll+345b4|C:\\windows\\System32\\KERNEL32.DLL+17bd4|C:\\windows\\SYSTEM32\\ntdll.dll+6ce51","UtcTime":"2020-09-22 08:28:40.889","Hostname":"WORKSTATION6.theshire.local","RuleName":"-","tags":["mordorDataset"]}
{"Keywords":-9223372036854775808,"SeverityValue":2,"SourceImage":"C:\\windows\\system32\\svchost.exe","EventID":10,"ProviderGuid":"{5770385F-C22A-43E0-BF4C-06F5698FFBD9}","ExecutionProcessID":3172,"Channel":"Microsoft-Windows-Sysmon/Operational","host":"wec.internal.cloudapp.net","AccountType":"User","UserID":"S-1-5-18","SourceProcessGUID":"{b34bc01c-226b-5f69-1000-000000000900}","ThreadID":4048,"TargetImage":"C:\\windows\\System32\\svchost.exe","GrantedAccess":"0x1000","EventType":"INFO","Opcode":"Info","EventTime":"2020-09-22 04:28:41","EventReceivedTime":"2020-09-22 04:28:43","@timestamp":"2020-09-22T08:28:43.563Z","SourceModuleType":"im_msvistalog","port":64545,"AccountName":"SYSTEM","RecordNumber":3400705,"SourceProcessId":"908","SourceThreadId":"7520","Task":10,"Domain":"NT AUTHORITY","@version":"1","OpcodeValue":0,"SourceModuleName":"eventlog","TargetProcessGUID":"{b34bc01c-2271-5f69-5500-000000000900}","Severity":"INFO","SourceName":"Microsoft-Windows-Sysmon","Version":3,"TargetProcessId":"3308","Category":"Process accessed (rule: ProcessAccess)","CallTrace":"C:\\windows\\SYSTEM32\\ntdll.dll+9c534|C:\\windows\\SYSTEM32\\psmserviceexthost.dll+222a3|C:\\windows\\SYSTEM32\\psmserviceexthost.dll+1a172|C:\\windows\\SYSTEM32\\psmserviceexthost.dll+19e3b|C:\\windows\\SYSTEM32\\psmserviceexthost.dll+19318|C:\\windows\\SYSTEM32\\ntdll.dll+3081d|C:\\windows\\SYSTEM32\\ntdll.dll+345b4|C:\\windows\\System32\\KERNEL32.DLL+17bd4|C:\\windows\\SYSTEM32\\ntdll.dll+6ce51","UtcTime":"2020-09-22 08:28:41.128","Hostname":"WORKSTATION5.theshire.local","RuleName":"-","tags":["mordorDataset"]}
{"Keywords":-9223372036854775808,"SeverityValue":2,"SourceImage":"C:\\windows\\system32\\svchost.exe","EventID":10,"ProviderGuid":"{5770385F-C22A-43E0-BF4C-06F5698FFBD9}","ExecutionProcessID":3172,"Channel":"Microsoft-Windows-Sysmon/Operational","host":"wec.internal.cloudapp.net","AccountType":"User","UserID":"S-1-5-18","SourceProcessGUID":"{b34bc01c-226b-5f69-1000-000000000900}","ThreadID":4048,"TargetImage":"C:\\windows\\System32\\svchost.exe","GrantedAccess":"0x1000","EventType":"INFO","Opcode":"Info","EventTime":"2020-09-22 04:28:41","EventReceivedTime":"2020-09-22 04:28:43","@timestamp":"2020-09-22T08:28:43.564Z","SourceModuleType":"im_msvistalog","port":64545,"AccountName":"SYSTEM","RecordNumber":3400706,"SourceProcessId":"908","SourceThreadId":"7520","Task":10,"Domain":"NT AUTHORITY","@version":"1","OpcodeValue":0,"SourceModuleName":"eventlog","TargetProcessGUID":"{b34bc01c-2271-5f69-5500-000000000900}","Severity":"INFO","SourceName":"Microsoft-Windows-Sysmon","Version":3,"TargetProcessId":"3308","Category":"Process accessed (rule: ProcessAccess)","CallTrace":"C:\\windows\\SYSTEM32\\ntdll.dll+9c534|C:\\windows\\SYSTEM32\\psmserviceexthost.dll+222a3|C:\\windows\\SYSTEM32\\psmserviceexthost.dll+1a172|C:\\windows\\SYSTEM32\\psmserviceexthost.dll+19e3b|C:\\windows\\SYSTEM32\\psmserviceexthost.dll+19318|C:\\windows\\SYSTEM32\\ntdll.dll+3081d|C:\\windows\\SYSTEM32\\ntdll.dll+345b4|C:\\windows\\System32\\KERNEL32.DLL+17bd4|C:\\windows\\SYSTEM32\\ntdll.dll+6ce51","UtcTime":"2020-09-22 08:28:41.128","Hostname":"WORKSTATION5.theshire.local","RuleName":"-","tags":["mordorDataset"]}
{"Keywords":-9223372036854775808,"SeverityValue":2,"SourceImage":"C:\\windows\\system32\\svchost.exe","EventID":10,"ProviderGuid":"{5770385F-C22A-43E0-BF4C-06F5698FFBD9}","ExecutionProcessID":3172,"Channel":"Microsoft-Windows-Sysmon/Operational","host":"wec.internal.cloudapp.net","AccountType":"User","UserID":"S-1-5-18","SourceProcessGUID":"{b34bc01c-226b-5f69-1000-000000000900}","ThreadID":4048,"TargetImage":"C:\\windows\\System32\\svchost.exe","GrantedAccess":"0x1000","EventType":"INFO","Opcode":"Info","EventTime":"2020-09-22 04:28:41","EventReceivedTime":"2020-09-22 04:28:43","@timestamp":"2020-09-22T08:28:43.564Z","SourceModuleType":"im_msvistalog","port":64545,"AccountName":"SYSTEM","RecordNumber":3400707,"SourceProcessId":"908","SourceThreadId":"3440","Task":10,"Domain":"NT AUTHORITY","@version":"1","OpcodeValue":0,"SourceModuleName":"eventlog","TargetProcessGUID":"{b34bc01c-2271-5f69-5500-000000000900}","Severity":"INFO","SourceName":"Microsoft-Windows-Sysmon","Version":3,"TargetProcessId":"3308","Category":"Process accessed (rule: ProcessAccess)","CallTrace":"C:\\windows\\SYSTEM32\\ntdll.dll+9c534|C:\\windows\\SYSTEM32\\psmserviceexthost.dll+222a3|C:\\windows\\SYSTEM32\\psmserviceexthost.dll+1a172|C:\\windows\\SYSTEM32\\psmserviceexthost.dll+19e3b|C:\\windows\\SYSTEM32\\psmserviceexthost.dll+19318|C:\\windows\\SYSTEM32\\ntdll.dll+3081d|C:\\windows\\SYSTEM32\\ntdll.dll+345b4|C:\\windows\\System32\\KERNEL32.DLL+17bd4|C:\\windows\\SYSTEM32\\ntdll.dll+6ce51","UtcTime":"2020-09-22 08:28:41.128","Hostname":"WORKSTATION5.theshire.local","RuleName":"-","tags":["mordorDataset"]}
{"Keywords":-9223372036854775808,"SeverityValue":2,"SourceImage":"C:\\windows\\system32\\svchost.exe","EventID":10,"ProviderGuid":"{5770385F-C22A-43E0-BF4C-06F5698FFBD9}","ExecutionProcessID":3172,"Channel":"Microsoft-Windows-Sysmon/Operational","host":"wec.internal.cloudapp.net","AccountType":"User","UserID":"S-1-5-18","SourceProcessGUID":"{b34bc01c-226b-5f69-1000-000000000900}","ThreadID":4048,"TargetImage":"C:\\windows\\System32\\svchost.exe","GrantedAccess":"0x1000","EventType":"INFO","Opcode":"Info","EventTime":"2020-09-22 04:28:41","EventReceivedTime":"2020-09-22 04:28:43","@timestamp":"2020-09-22T08:28:43.565Z","SourceModuleType":"im_msvistalog","port":64545,"AccountName":"SYSTEM","RecordNumber":3400708,"SourceProcessId":"908","SourceThreadId":"3440","Task":10,"Domain":"NT AUTHORITY","@version":"1","OpcodeValue":0,"SourceModuleName":"eventlog","TargetProcessGUID":"{b34bc01c-2271-5f69-5500-000000000900}","Severity":"INFO","SourceName":"Microsoft-Windows-Sysmon","Version":3,"TargetProcessId":"3308","Category":"Process accessed (rule: ProcessAccess)","CallTrace":"C:\\windows\\SYSTEM32\\ntdll.dll+9c534|C:\\windows\\SYSTEM32\\psmserviceexthost.dll+222a3|C:\\windows\\SYSTEM32\\psmserviceexthost.dll+1a172|C:\\windows\\SYSTEM32\\psmserviceexthost.dll+19e3b|C:\\windows\\SYSTEM32\\psmserviceexthost.dll+19318|C:\\windows\\SYSTEM32\\ntdll.dll+3081d|C:\\windows\\SYSTEM32\\ntdll.dll+345b4|C:\\windows\\System32\\KERNEL32.DLL+17bd4|C:\\windows\\SYSTEM32\\ntdll.dll+6ce51","UtcTime":"2020-09-22 08:28:41.128","Hostname":"WORKSTATION5.theshire.local","RuleName":"-","tags":["mordorDataset"]}
{"Keywords":-9223372036854775808,"SeverityValue":2,"SourceImage":"C:\\windows\\system32\\svchost.exe","EventID":10,"ProviderGuid":"{5770385F-C22A-43E0-BF4C-06F5698FFBD9}","ExecutionProcessID":3392,"Channel":"Microsoft-Windows-Sysmon/Operational","host":"wec.internal.cloudapp.net","AccountType":"User","UserID":"S-1-5-18","SourceProcessGUID":"{d273d0f0-e866-5f64-1100-000000000800}","ThreadID":5552,"TargetImage":"C:\\windows\\System32\\svchost.exe","GrantedAccess":"0x1000","EventType":"INFO","Opcode":"Info","EventTime":"2020-09-22 04:28:41","EventReceivedTime":"2020-09-22 04:28:43","@timestamp":"2020-09-22T08:28:43.565Z","SourceModuleType":"im_msvistalog","port":64545,"AccountName":"SYSTEM","RecordNumber":3779050,"SourceProcessId":"960","SourceThreadId":"9380","Task":10,"Domain":"NT AUTHORITY","@version":"1","OpcodeValue":0,"SourceModuleName":"eventlog","TargetProcessGUID":"{d273d0f0-e875-5f64-5400-000000000800}","Severity":"INFO","SourceName":"Microsoft-Windows-Sysmon","Version":3,"TargetProcessId":"3516","Category":"Process accessed (rule: ProcessAccess)","CallTrace":"C:\\windows\\SYSTEM32\\ntdll.dll+9c534|C:\\windows\\SYSTEM32\\psmserviceexthost.dll+222a3|C:\\windows\\SYSTEM32\\psmserviceexthost.dll+1a172|C:\\windows\\SYSTEM32\\psmserviceexthost.dll+19e3b|C:\\windows\\SYSTEM32\\psmserviceexthost.dll+19318|C:\\windows\\SYSTEM32\\ntdll.dll+3081d|C:\\windows\\SYSTEM32\\ntdll.dll+345b4|C:\\windows\\System32\\KERNEL32.DLL+17bd4|C:\\windows\\SYSTEM32\\ntdll.dll+6ce51","UtcTime":"2020-09-22 08:28:41.890","Hostname":"WORKSTATION6.theshire.local","RuleName":"-","tags":["mordorDataset"]}
