{"tags":["mordorDataset"],"@version":"1","EventType":"CreateKey","Version":2,"ThreadID":4496,"EventTime":"2020-08-07 11:07:36","Task":12,"AccountType":"User","Channel":"Microsoft-Windows-Sysmon/Operational","EventTypeOrignal":"INFO","SourceName":"Microsoft-Windows-Sysmon","Hostname":"WORKSTATION6.theshire.local","@timestamp":"2020-08-07T15:07:38.165Z","OpcodeValue":0,"Message":"Registry object added or deleted:\r\nRuleName: -\r\nEventType: CreateKey\r\nUtcTime: 2020-08-07 15:07:36.970\r\nProcessGuid: {49a15388-5ccf-5f2b-5502-000000000400}\r\nProcessId: 3120\r\nImage: C:\\windows\\System32\\svchost.exe\r\nTargetObject: HKLM\\SOFTWARE\\Microsoft\\Windows\\CurrentVersion\\Internet Settings\\Connections","SourceModuleName":"eventlog","ProcessId":"3120","EventReceivedTime":"2020-08-07 11:07:38","port":60122,"AccountName":"SYSTEM","UtcTime":"2020-08-07 15:07:36.970","Domain":"NT AUTHORITY","ExecutionProcessID":3432,"host":"wec.internal.cloudapp.net","Severity":"INFO","TargetObject":"HKLM\\SOFTWARE\\Microsoft\\Windows\\CurrentVersion\\Internet Settings\\Connections","SeverityValue":2,"EventID":12,"UserID":"S-1-5-18","ProviderGuid":"{5770385F-C22A-43E0-BF4C-06F5698FFBD9}","RecordNumber":661054,"Image":"C:\\windows\\System32\\svchost.exe","Keywords":-9223372036854775808,"ProcessGuid":"{49a15388-5ccf-5f2b-5502-000000000400}","SourceModuleType":"im_msvistalog","RuleName":"-"}
{"@version":"1","EventType":"AUDIT_SUCCESS","Version":0,"ThreadID":1824,"EventTime":"2020-08-07 11:07:36","Task":12810,"SourcePort":"49754","Channel":"Security","SourceName":"Microsoft-Windows-Security-Auditing","OpcodeValue":0,"Hostname":"WORKSTATION6.theshire.local","@timestamp":"2020-08-07T15:07:38.165Z","Message":"The Windows Filtering Platform has permitted a bind to a local port.\r\n\r\nApplication Information:\r\n\tProcess ID:\t\t1492\r\n\tApplication Name:\t\\device\\harddiskvolume2\\windows\\system32\\svchost.exe\r\n\r\nNetwork Information:\r\n\tSource Address:\t\t::\r\n\tSource Port:\t\t49754\r\n\tProtocol:\t\t17\r\n\r\nFilter Information:\r\n\tFilter Run-Time ID:\t0\r\n\tLayer Name:\t\tResource Assignment\r\n\tLayer Run-Time ID:\t36","Category":"Filtering Platform Connection","Opcode":"Info","SourceModuleName":"eventlog","ProcessId":"1492","EventReceivedTime":"2020-08-07 11:07:38","port":60122,"Application":"\\device\\harddiskvolume2\\windows\\system32\\svchost.exe","ExecutionProcessID":4,"host":"wec.internal.cloudapp.net","Severity":"INFO","LayerRTID":"36","LayerName":"%%14608","SeverityValue":2,"EventID":5158,"SourceAddress":"::","ProviderGuid":"{54849625-5478-4994-A5BA-3E3B0328C30D}","RecordNumber":236720,"SourceModuleType":"im_msvistalog","Keywords":-9214364837600034816,"FilterRTID":"0","Protocol":"17","tags":["mordorDataset"]}
{"@version":"1","EventType":"AUDIT_SUCCESS","Version":0,"ThreadID":1824,"EventTime":"2020-08-07 11:07:36","Task":12810,"SourcePort":"49754","Channel":"Security","SourceName":"Microsoft-Windows-Security-Auditing","OpcodeValue":0,"Hostname":"WORKSTATION6.theshire.local","@timestamp":"2020-08-07T15:07:38.166Z","Message":"The Windows Filtering Platform has permitted a bind to a local port.\r\n\r\nApplication Information:\r\n\tProcess ID:\t\t1492\r\n\tApplication Name:\t\\device\\harddiskvolume2\\windows\\system32\\svchost.exe\r\n\r\nNetwork Information:\r\n\tSource Address:\t\t::\r\n\tSource Port:\t\t49754\r\n\tProtocol:\t\t17\r\n\r\nFilter Information:\r\n\tFilter Run-Time ID:\t0\r\n\tLayer Name:\t\tResource Assignment\r\n\tLayer Run-Time ID:\t38","Category":"Filtering Platform Connection","Opcode":"Info","SourceModuleName":"eventlog","ProcessId":"1492","EventReceivedTime":"2020-08-07 11:07:38","port":60122,"Application":"\\device\\harddiskvolume2\\windows\\system32\\svchost.exe","ExecutionProcessID":4,"host":"wec.internal.cloudapp.net","Severity":"INFO","LayerRTID":"38","LayerName":"%%14608","SeverityValue":2,"EventID":5158,"SourceAddress":"::","ProviderGuid":"{54849625-5478-4994-A5BA-3E3B0328C30D}","RecordNumber":236721,"SourceModuleType":"im_msvistalog","Keywords":-9214364837600034816,"FilterRTID":"0","Protocol":"17","tags":["mordorDataset"]}
{"tags":["mordorDataset"],"@version":"1","EventType":"AUDIT_SUCCESS","Version":1,"ThreadID":1824,"EventTime":"2020-08-07 11:07:36","Task":12810,"DestAddress":"172.18.38.5","SourcePort":"49754","Channel":"Security","SourceName":"Microsoft-Windows-Security-Auditing","OpcodeValue":0,"Hostname":"WORKSTATION6.theshire.local","@timestamp":"2020-08-07T15:07:38.166Z","Message":"The Windows Filtering Platform has permitted a connection.\r\n\r\nApplication Information:\r\n\tProcess ID:\t\t1492\r\n\tApplication Name:\t\\device\\harddiskvolume2\\windows\\system32\\svchost.exe\r\n\r\nNetwork Information:\r\n\tDirection:\t\tOutbound\r\n\tSource Address:\t\t172.18.39.6\r\n\tSource Port:\t\t49754\r\n\tDestination Address:\t172.18.38.5\r\n\tDestination Port:\t\t53\r\n\tProtocol:\t\t17\r\n\r\nFilter Information:\r\n\tFilter Run-Time ID:\t69422\r\n\tLayer Name:\t\tConnect\r\n\tLayer Run-Time ID:\t48","Category":"Filtering Platform Connection","Opcode":"Info","SourceModuleName":"eventlog","ProcessId":"1492","EventReceivedTime":"2020-08-07 11:07:38","port":60122,"Application":"\\device\\harddiskvolume2\\windows\\system32\\svchost.exe","ExecutionProcessID":4,"Direction":"%%14593","RemoteMachineID":"S-1-0-0","host":"wec.internal.cloudapp.net","DestPort":"53","Severity":"INFO","LayerRTID":"48","LayerName":"%%14611","SeverityValue":2,"EventID":5156,"SourceAddress":"172.18.39.6","ProviderGuid":"{54849625-5478-4994-A5BA-3E3B0328C30D}","RecordNumber":236722,"SourceModuleType":"im_msvistalog","Keywords":-9214364837600034816,"FilterRTID":"69422","Protocol":"17","RemoteUserID":"S-1-0-0"}
{"@version":"1","EventType":"AUDIT_SUCCESS","Version":0,"ThreadID":1824,"EventTime":"2020-08-07 11:07:36","Task":12810,"SourcePort":"62785","Channel":"Security","SourceName":"Microsoft-Windows-Security-Auditing","OpcodeValue":0,"Hostname":"WORKSTATION6.theshire.local","@timestamp":"2020-08-07T15:07:38.166Z","Message":"The Windows Filtering Platform has permitted a bind to a local port.\r\n\r\nApplication Information:\r\n\tProcess ID:\t\t3120\r\n\tApplication Name:\t\\device\\harddiskvolume2\\windows\\system32\\svchost.exe\r\n\r\nNetwork Information:\r\n\tSource Address:\t\t0.0.0.0\r\n\tSource Port:\t\t62785\r\n\tProtocol:\t\t6\r\n\r\nFilter Information:\r\n\tFilter Run-Time ID:\t0\r\n\tLayer Name:\t\tResource Assignment\r\n\tLayer Run-Time ID:\t36","Category":"Filtering Platform Connection","Opcode":"Info","SourceModuleName":"eventlog","ProcessId":"3120","EventReceivedTime":"2020-08-07 11:07:38","port":60122,"Application":"\\device\\harddiskvolume2\\windows\\system32\\svchost.exe","ExecutionProcessID":4,"host":"wec.internal.cloudapp.net","Severity":"INFO","LayerRTID":"36","LayerName":"%%14608","SeverityValue":2,"EventID":5158,"SourceAddress":"0.0.0.0","ProviderGuid":"{54849625-5478-4994-A5BA-3E3B0328C30D}","RecordNumber":236723,"SourceModuleType":"im_msvistalog","Keywords":-9214364837600034816,"FilterRTID":"0","Protocol":"6","tags":["mordorDataset"]}
{"@version":"1","EventType":"AUDIT_SUCCESS","Version":0,"ThreadID":1824,"EventTime":"2020-08-07 11:07:36","Task":12810,"SourcePort":"62786","Channel":"Security","SourceName":"Microsoft-Windows-Security-Auditing","OpcodeValue":0,"Hostname":"WORKSTATION6.theshire.local","@timestamp":"2020-08-07T15:07:38.166Z","Message":"The Windows Filtering Platform has permitted a bind to a local port.\r\n\r\nApplication Information:\r\n\tProcess ID:\t\t3120\r\n\tApplication Name:\t\\device\\harddiskvolume2\\windows\\system32\\svchost.exe\r\n\r\nNetwork Information:\r\n\tSource Address:\t\t0.0.0.0\r\n\tSource Port:\t\t62786\r\n\tProtocol:\t\t6\r\n\r\nFilter Information:\r\n\tFilter Run-Time ID:\t0\r\n\tLayer Name:\t\tResource Assignment\r\n\tLayer Run-Time ID:\t36","Category":"Filtering Platform Connection","Opcode":"Info","SourceModuleName":"eventlog","ProcessId":"3120","EventReceivedTime":"2020-08-07 11:07:38","port":60122,"Application":"\\device\\harddiskvolume2\\windows\\system32\\svchost.exe","ExecutionProcessID":4,"host":"wec.internal.cloudapp.net","Severity":"INFO","LayerRTID":"36","LayerName":"%%14608","SeverityValue":2,"EventID":5158,"SourceAddress":"0.0.0.0","ProviderGuid":"{54849625-5478-4994-A5BA-3E3B0328C30D}","RecordNumber":236725,"SourceModuleType":"im_msvistalog","Keywords":-9214364837600034816,"FilterRTID":"0","Protocol":"6","tags":["mordorDataset"]}
{"@version":"1","EventType":"AUDIT_SUCCESS","Version":0,"ThreadID":1824,"EventTime":"2020-08-07 11:07:36","Task":12810,"SourcePort":"62787","Channel":"Security","SourceName":"Microsoft-Windows-Security-Auditing","OpcodeValue":0,"Hostname":"WORKSTATION6.theshire.local","@timestamp":"2020-08-07T15:07:38.166Z","Message":"The Windows Filtering Platform has permitted a bind to a local port.\r\n\r\nApplication Information:\r\n\tProcess ID:\t\t3120\r\n\tApplication Name:\t\\device\\harddiskvolume2\\windows\\system32\\svchost.exe\r\n\r\nNetwork Information:\r\n\tSource Address:\t\t0.0.0.0\r\n\tSource Port:\t\t62787\r\n\tProtocol:\t\t6\r\n\r\nFilter Information:\r\n\tFilter Run-Time ID:\t0\r\n\tLayer Name:\t\tResource Assignment\r\n\tLayer Run-Time ID:\t36","Category":"Filtering Platform Connection","Opcode":"Info","SourceModuleName":"eventlog","ProcessId":"3120","EventReceivedTime":"2020-08-07 11:07:38","port":60122,"Application":"\\device\\harddiskvolume2\\windows\\system32\\svchost.exe","ExecutionProcessID":4,"host":"wec.internal.cloudapp.net","Severity":"INFO","LayerRTID":"36","LayerName":"%%14608","SeverityValue":2,"EventID":5158,"SourceAddress":"0.0.0.0","ProviderGuid":"{54849625-5478-4994-A5BA-3E3B0328C30D}","RecordNumber":236727,"SourceModuleType":"im_msvistalog","Keywords":-9214364837600034816,"FilterRTID":"0","Protocol":"6","tags":["mordorDataset"]}
{"@version":"1","EventType":"AUDIT_SUCCESS","Version":0,"ThreadID":1824,"EventTime":"2020-08-07 11:07:37","Task":12810,"SourcePort":"62788","Channel":"Security","SourceName":"Microsoft-Windows-Security-Auditing","OpcodeValue":0,"Hostname":"WORKSTATION6.theshire.local","@timestamp":"2020-08-07T15:07:38.166Z","Message":"The Windows Filtering Platform has permitted a bind to a local port.\r\n\r\nApplication Information:\r\n\tProcess ID:\t\t3120\r\n\tApplication Name:\t\\device\\harddiskvolume2\\windows\\system32\\svchost.exe\r\n\r\nNetwork Information:\r\n\tSource Address:\t\t0.0.0.0\r\n\tSource Port:\t\t62788\r\n\tProtocol:\t\t6\r\n\r\nFilter Information:\r\n\tFilter Run-Time ID:\t0\r\n\tLayer Name:\t\tResource Assignment\r\n\tLayer Run-Time ID:\t36","Category":"Filtering Platform Connection","Opcode":"Info","SourceModuleName":"eventlog","ProcessId":"3120","EventReceivedTime":"2020-08-07 11:07:38","port":60122,"Application":"\\device\\harddiskvolume2\\windows\\system32\\svchost.exe","ExecutionProcessID":4,"host":"wec.internal.cloudapp.net","Severity":"INFO","LayerRTID":"36","LayerName":"%%14608","SeverityValue":2,"EventID":5158,"SourceAddress":"0.0.0.0","ProviderGuid":"{54849625-5478-4994-A5BA-3E3B0328C30D}","RecordNumber":236729,"SourceModuleType":"im_msvistalog","Keywords":-9214364837600034816,"FilterRTID":"0","Protocol":"6","tags":["mordorDataset"]}
{"tags":["mordorDataset"],"@version":"1","EventType":"CreateKey","Version":2,"ThreadID":4208,"EventTime":"2020-08-07 11:07:36","Task":12,"AccountType":"User","Channel":"Microsoft-Windows-Sysmon/Operational","EventTypeOrignal":"INFO","SourceName":"Microsoft-Windows-Sysmon","Hostname":"MORDORDC.theshire.local","@timestamp":"2020-08-07T15:07:38.167Z","OpcodeValue":0,"Message":"Registry object added or deleted:\r\nRuleName: -\r\nEventType: CreateKey\r\nUtcTime: 2020-08-07 15:07:36.984\r\nProcessGuid: {9f85ce58-5cd3-5f2b-7402-000000000400}\r\nProcessId: 4164\r\nImage: C:\\windows\\System32\\svchost.exe\r\nTargetObject: HKLM\\SOFTWARE\\Microsoft\\Windows\\CurrentVersion\\Internet Settings\\Connections","SourceModuleName":"eventlog","ProcessId":"4164","EventReceivedTime":"2020-08-07 11:07:38","port":60122,"AccountName":"SYSTEM","UtcTime":"2020-08-07 15:07:36.984","Domain":"NT AUTHORITY","ExecutionProcessID":3888,"host":"wec.internal.cloudapp.net","Severity":"INFO","TargetObject":"HKLM\\SOFTWARE\\Microsoft\\Windows\\CurrentVersion\\Internet Settings\\Connections","SeverityValue":2,"EventID":12,"UserID":"S-1-5-18","ProviderGuid":"{5770385F-C22A-43E0-BF4C-06F5698FFBD9}","RecordNumber":764729,"Image":"C:\\windows\\System32\\svchost.exe","Keywords":-9223372036854775808,"ProcessGuid":"{9f85ce58-5cd3-5f2b-7402-000000000400}","SourceModuleType":"im_msvistalog","RuleName":"-"}
{"@version":"1","EventType":"AUDIT_SUCCESS","Version":0,"ThreadID":1824,"EventTime":"2020-08-07 11:07:37","Task":12810,"SourcePort":"62789","Channel":"Security","SourceName":"Microsoft-Windows-Security-Auditing","OpcodeValue":0,"Hostname":"WORKSTATION6.theshire.local","@timestamp":"2020-08-07T15:07:39.165Z","Message":"The Windows Filtering Platform has permitted a bind to a local port.\r\n\r\nApplication Information:\r\n\tProcess ID:\t\t3120\r\n\tApplication Name:\t\\device\\harddiskvolume2\\windows\\system32\\svchost.exe\r\n\r\nNetwork Information:\r\n\tSource Address:\t\t0.0.0.0\r\n\tSource Port:\t\t62789\r\n\tProtocol:\t\t6\r\n\r\nFilter Information:\r\n\tFilter Run-Time ID:\t0\r\n\tLayer Name:\t\tResource Assignment\r\n\tLayer Run-Time ID:\t36","Category":"Filtering Platform Connection","Opcode":"Info","SourceModuleName":"eventlog","ProcessId":"3120","EventReceivedTime":"2020-08-07 11:07:39","port":60122,"Application":"\\device\\harddiskvolume2\\windows\\system32\\svchost.exe","ExecutionProcessID":4,"host":"wec.internal.cloudapp.net","Severity":"INFO","LayerRTID":"36","LayerName":"%%14608","SeverityValue":2,"EventID":5158,"SourceAddress":"0.0.0.0","ProviderGuid":"{54849625-5478-4994-A5BA-3E3B0328C30D}","RecordNumber":236731,"SourceModuleType":"im_msvistalog","Keywords":-9214364837600034816,"FilterRTID":"0","Protocol":"6","tags":["mordorDataset"]}
{"@version":"1","EventType":"AUDIT_SUCCESS","Version":0,"ThreadID":1824,"EventTime":"2020-08-07 11:07:37","Task":12810,"SourcePort":"62790","Channel":"Security","SourceName":"Microsoft-Windows-Security-Auditing","OpcodeValue":0,"Hostname":"WORKSTATION6.theshire.local","@timestamp":"2020-08-07T15:07:39.166Z","Message":"The Windows Filtering Platform has permitted a bind to a local port.\r\n\r\nApplication Information:\r\n\tProcess ID:\t\t3120\r\n\tApplication Name:\t\\device\\harddiskvolume2\\windows\\system32\\svchost.exe\r\n\r\nNetwork Information:\r\n\tSource Address:\t\t0.0.0.0\r\n\tSource Port:\t\t62790\r\n\tProtocol:\t\t6\r\n\r\nFilter Information:\r\n\tFilter Run-Time ID:\t0\r\n\tLayer Name:\t\tResource Assignment\r\n\tLayer Run-Time ID:\t36","Category":"Filtering Platform Connection","Opcode":"Info","SourceModuleName":"eventlog","ProcessId":"3120","EventReceivedTime":"2020-08-07 11:07:39","port":60122,"Application":"\\device\\harddiskvolume2\\windows\\system32\\svchost.exe","ExecutionProcessID":4,"host":"wec.internal.cloudapp.net","Severity":"INFO","LayerRTID":"36","LayerName":"%%14608","SeverityValue":2,"EventID":5158,"SourceAddress":"0.0.0.0","ProviderGuid":"{54849625-5478-4994-A5BA-3E3B0328C30D}","RecordNumber":236733,"SourceModuleType":"im_msvistalog","Keywords":-9214364837600034816,"FilterRTID":"0","Protocol":"6","tags":["mordorDataset"]}
{"tags":["mordorDataset"],"@version":"1","EventType":"INFO","AccountType":"User","ThreadID":4204,"DestinationPortName":"-","DestinationIp":"172.18.39.5","SourcePort":"53","Channel":"Microsoft-Windows-Sysmon/Operational","OpcodeValue":0,"Hostname":"MORDORDC.theshire.local","@timestamp":"2020-08-07T15:07:39.166Z","SourceIp":"172.18.38.5","ProcessId":"3616","Initiated":"false","DestinationHostname":"-","host":"wec.internal.cloudapp.net","Severity":"INFO","SourceHostname":"-","SeverityValue":2,"Image":"C:\\Windows\\System32\\dns.exe","SourceModuleType":"im_msvistalog","Version":5,"EventTime":"2020-08-07 11:07:37","Task":3,"DestinationPort":"55809","SourceIsIpv6":"false","SourceName":"Microsoft-Windows-Sysmon","Message":"Network connection detected:\r\nRuleName: -\r\nUtcTime: 2020-08-07 15:07:28.375\r\nProcessGuid: {9f85ce58-59ed-5f2b-5000-000000000400}\r\nProcessId: 3616\r\nImage: C:\\Windows\\System32\\dns.exe\r\nUser: NT AUTHORITY\\SYSTEM\r\nProtocol: udp\r\nInitiated: false\r\nSourceIsIpv6: false\r\nSourceIp: 172.18.38.5\r\nSourceHostname: -\r\nSourcePort: 53\r\nSourcePortName: -\r\nDestinationIsIpv6: false\r\nDestinationIp: 172.18.39.5\r\nDestinationHostname: -\r\nDestinationPort: 55809\r\nDestinationPortName: -","SourceModuleName":"eventlog","EventReceivedTime":"2020-08-07 11:07:39","port":60122,"AccountName":"SYSTEM","UtcTime":"2020-08-07 15:07:28.375","Domain":"NT AUTHORITY","ExecutionProcessID":3888,"User":"NT AUTHORITY\\SYSTEM","DestinationIsIpv6":"false","SourcePortName":"-","UserID":"S-1-5-18","EventID":3,"ProviderGuid":"{5770385F-C22A-43E0-BF4C-06F5698FFBD9}","RecordNumber":764730,"Keywords":-9223372036854775808,"ProcessGuid":"{9f85ce58-59ed-5f2b-5000-000000000400}","Protocol":"udp","RuleName":"-"}
{"@version":"1","EventType":"AUDIT_SUCCESS","Version":0,"ThreadID":1824,"EventTime":"2020-08-07 11:07:37","Task":12810,"SourcePort":"62791","Channel":"Security","SourceName":"Microsoft-Windows-Security-Auditing","OpcodeValue":0,"Hostname":"WORKSTATION6.theshire.local","@timestamp":"2020-08-07T15:07:39.166Z","Message":"The Windows Filtering Platform has permitted a bind to a local port.\r\n\r\nApplication Information:\r\n\tProcess ID:\t\t3120\r\n\tApplication Name:\t\\device\\harddiskvolume2\\windows\\system32\\svchost.exe\r\n\r\nNetwork Information:\r\n\tSource Address:\t\t0.0.0.0\r\n\tSource Port:\t\t62791\r\n\tProtocol:\t\t6\r\n\r\nFilter Information:\r\n\tFilter Run-Time ID:\t0\r\n\tLayer Name:\t\tResource Assignment\r\n\tLayer Run-Time ID:\t36","Category":"Filtering Platform Connection","Opcode":"Info","SourceModuleName":"eventlog","ProcessId":"3120","EventReceivedTime":"2020-08-07 11:07:39","port":60122,"Application":"\\device\\harddiskvolume2\\windows\\system32\\svchost.exe","ExecutionProcessID":4,"host":"wec.internal.cloudapp.net","Severity":"INFO","LayerRTID":"36","LayerName":"%%14608","SeverityValue":2,"EventID":5158,"SourceAddress":"0.0.0.0","ProviderGuid":"{54849625-5478-4994-A5BA-3E3B0328C30D}","RecordNumber":236735,"SourceModuleType":"im_msvistalog","Keywords":-9214364837600034816,"FilterRTID":"0","Protocol":"6","tags":["mordorDataset"]}
{"@version":"1","EventType":"AUDIT_SUCCESS","Version":0,"ThreadID":1824,"EventTime":"2020-08-07 11:07:37","Task":12810,"SourcePort":"62792","Channel":"Security","SourceName":"Microsoft-Windows-Security-Auditing","OpcodeValue":0,"Hostname":"WORKSTATION6.theshire.local","@timestamp":"2020-08-07T15:07:39.166Z","Message":"The Windows Filtering Platform has permitted a bind to a local port.\r\n\r\nApplication Information:\r\n\tProcess ID:\t\t3120\r\n\tApplication Name:\t\\device\\harddiskvolume2\\windows\\system32\\svchost.exe\r\n\r\nNetwork Information:\r\n\tSource Address:\t\t0.0.0.0\r\n\tSource Port:\t\t62792\r\n\tProtocol:\t\t6\r\n\r\nFilter Information:\r\n\tFilter Run-Time ID:\t0\r\n\tLayer Name:\t\tResource Assignment\r\n\tLayer Run-Time ID:\t36","Category":"Filtering Platform Connection","Opcode":"Info","SourceModuleName":"eventlog","ProcessId":"3120","EventReceivedTime":"2020-08-07 11:07:39","port":60122,"Application":"\\device\\harddiskvolume2\\windows\\system32\\svchost.exe","ExecutionProcessID":4,"host":"wec.internal.cloudapp.net","Severity":"INFO","LayerRTID":"36","LayerName":"%%14608","SeverityValue":2,"EventID":5158,"SourceAddress":"0.0.0.0","ProviderGuid":"{54849625-5478-4994-A5BA-3E3B0328C30D}","RecordNumber":236737,"SourceModuleType":"im_msvistalog","Keywords":-9214364837600034816,"FilterRTID":"0","Protocol":"6","tags":["mordorDataset"]}
{"@version":"1","EventType":"AUDIT_SUCCESS","Version":0,"ThreadID":1824,"EventTime":"2020-08-07 11:07:37","Task":12810,"SourcePort":"62793","Channel":"Security","SourceName":"Microsoft-Windows-Security-Auditing","OpcodeValue":0,"Hostname":"WORKSTATION6.theshire.local","@timestamp":"2020-08-07T15:07:39.167Z","Message":"The Windows Filtering Platform has permitted a bind to a local port.\r\n\r\nApplication Information:\r\n\tProcess ID:\t\t3120\r\n\tApplication Name:\t\\device\\harddiskvolume2\\windows\\system32\\svchost.exe\r\n\r\nNetwork Information:\r\n\tSource Address:\t\t0.0.0.0\r\n\tSource Port:\t\t62793\r\n\tProtocol:\t\t6\r\n\r\nFilter Information:\r\n\tFilter Run-Time ID:\t0\r\n\tLayer Name:\t\tResource Assignment\r\n\tLayer Run-Time ID:\t36","Category":"Filtering Platform Connection","Opcode":"Info","SourceModuleName":"eventlog","ProcessId":"3120","EventReceivedTime":"2020-08-07 11:07:39","port":60122,"Application":"\\device\\harddiskvolume2\\windows\\system32\\svchost.exe","ExecutionProcessID":4,"host":"wec.internal.cloudapp.net","Severity":"INFO","LayerRTID":"36","LayerName":"%%14608","SeverityValue":2,"EventID":5158,"SourceAddress":"0.0.0.0","ProviderGuid":"{54849625-5478-4994-A5BA-3E3B0328C30D}","RecordNumber":236739,"SourceModuleType":"im_msvistalog","Keywords":-9214364837600034816,"FilterRTID":"0","Protocol":"6","tags":["mordorDataset"]}
{"@version":"1","EventType":"AUDIT_SUCCESS","Version":0,"ThreadID":1824,"EventTime":"2020-08-07 11:07:37","Task":12810,"SourcePort":"62794","Channel":"Security","SourceName":"Microsoft-Windows-Security-Auditing","OpcodeValue":0,"Hostname":"WORKSTATION6.theshire.local","@timestamp":"2020-08-07T15:07:39.167Z","Message":"The Windows Filtering Platform has permitted a bind to a local port.\r\n\r\nApplication Information:\r\n\tProcess ID:\t\t3120\r\n\tApplication Name:\t\\device\\harddiskvolume2\\windows\\system32\\svchost.exe\r\n\r\nNetwork Information:\r\n\tSource Address:\t\t0.0.0.0\r\n\tSource Port:\t\t62794\r\n\tProtocol:\t\t6\r\n\r\nFilter Information:\r\n\tFilter Run-Time ID:\t0\r\n\tLayer Name:\t\tResource Assignment\r\n\tLayer Run-Time ID:\t36","Category":"Filtering Platform Connection","Opcode":"Info","SourceModuleName":"eventlog","ProcessId":"3120","EventReceivedTime":"2020-08-07 11:07:39","port":60122,"Application":"\\device\\harddiskvolume2\\windows\\system32\\svchost.exe","ExecutionProcessID":4,"host":"wec.internal.cloudapp.net","Severity":"INFO","LayerRTID":"36","LayerName":"%%14608","SeverityValue":2,"EventID":5158,"SourceAddress":"0.0.0.0","ProviderGuid":"{54849625-5478-4994-A5BA-3E3B0328C30D}","RecordNumber":236741,"SourceModuleType":"im_msvistalog","Keywords":-9214364837600034816,"FilterRTID":"0","Protocol":"6","tags":["mordorDataset"]}
{"@version":"1","EventType":"AUDIT_SUCCESS","Version":0,"ThreadID":1824,"EventTime":"2020-08-07 11:07:37","Task":12810,"SourcePort":"62795","Channel":"Security","SourceName":"Microsoft-Windows-Security-Auditing","OpcodeValue":0,"Hostname":"WORKSTATION6.theshire.local","@timestamp":"2020-08-07T15:07:39.167Z","Message":"The Windows Filtering Platform has permitted a bind to a local port.\r\n\r\nApplication Information:\r\n\tProcess ID:\t\t3120\r\n\tApplication Name:\t\\device\\harddiskvolume2\\windows\\system32\\svchost.exe\r\n\r\nNetwork Information:\r\n\tSource Address:\t\t0.0.0.0\r\n\tSource Port:\t\t62795\r\n\tProtocol:\t\t6\r\n\r\nFilter Information:\r\n\tFilter Run-Time ID:\t0\r\n\tLayer Name:\t\tResource Assignment\r\n\tLayer Run-Time ID:\t36","Category":"Filtering Platform Connection","Opcode":"Info","SourceModuleName":"eventlog","ProcessId":"3120","EventReceivedTime":"2020-08-07 11:07:39","port":60122,"Application":"\\device\\harddiskvolume2\\windows\\system32\\svchost.exe","ExecutionProcessID":4,"host":"wec.internal.cloudapp.net","Severity":"INFO","LayerRTID":"36","LayerName":"%%14608","SeverityValue":2,"EventID":5158,"SourceAddress":"0.0.0.0","ProviderGuid":"{54849625-5478-4994-A5BA-3E3B0328C30D}","RecordNumber":236743,"SourceModuleType":"im_msvistalog","Keywords":-9214364837600034816,"FilterRTID":"0","Protocol":"6","tags":["mordorDataset"]}
{"@version":"1","EventType":"AUDIT_SUCCESS","Version":0,"ThreadID":1824,"EventTime":"2020-08-07 11:07:37","Task":12810,"SourcePort":"62796","Channel":"Security","SourceName":"Microsoft-Windows-Security-Auditing","OpcodeValue":0,"Hostname":"WORKSTATION6.theshire.local","@timestamp":"2020-08-07T15:07:39.167Z","Message":"The Windows Filtering Platform has permitted a bind to a local port.\r\n\r\nApplication Information:\r\n\tProcess ID:\t\t3120\r\n\tApplication Name:\t\\device\\harddiskvolume2\\windows\\system32\\svchost.exe\r\n\r\nNetwork Information:\r\n\tSource Address:\t\t0.0.0.0\r\n\tSource Port:\t\t62796\r\n\tProtocol:\t\t6\r\n\r\nFilter Information:\r\n\tFilter Run-Time ID:\t0\r\n\tLayer Name:\t\tResource Assignment\r\n\tLayer Run-Time ID:\t36","Category":"Filtering Platform Connection","Opcode":"Info","SourceModuleName":"eventlog","ProcessId":"3120","EventReceivedTime":"2020-08-07 11:07:39","port":60122,"Application":"\\device\\harddiskvolume2\\windows\\system32\\svchost.exe","ExecutionProcessID":4,"host":"wec.internal.cloudapp.net","Severity":"INFO","LayerRTID":"36","LayerName":"%%14608","SeverityValue":2,"EventID":5158,"SourceAddress":"0.0.0.0","ProviderGuid":"{54849625-5478-4994-A5BA-3E3B0328C30D}","RecordNumber":236745,"SourceModuleType":"im_msvistalog","Keywords":-9214364837600034816,"FilterRTID":"0","Protocol":"6","tags":["mordorDataset"]}
{"@version":"1","EventType":"AUDIT_SUCCESS","Version":0,"ThreadID":1824,"EventTime":"2020-08-07 11:07:37","Task":12810,"SourcePort":"62797","Channel":"Security","SourceName":"Microsoft-Windows-Security-Auditing","OpcodeValue":0,"Hostname":"WORKSTATION6.theshire.local","@timestamp":"2020-08-07T15:07:39.167Z","Message":"The Windows Filtering Platform has permitted a bind to a local port.\r\n\r\nApplication Information:\r\n\tProcess ID:\t\t3120\r\n\tApplication Name:\t\\device\\harddiskvolume2\\windows\\system32\\svchost.exe\r\n\r\nNetwork Information:\r\n\tSource Address:\t\t0.0.0.0\r\n\tSource Port:\t\t62797\r\n\tProtocol:\t\t6\r\n\r\nFilter Information:\r\n\tFilter Run-Time ID:\t0\r\n\tLayer Name:\t\tResource Assignment\r\n\tLayer Run-Time ID:\t36","Category":"Filtering Platform Connection","Opcode":"Info","SourceModuleName":"eventlog","ProcessId":"3120","EventReceivedTime":"2020-08-07 11:07:39","port":60122,"Application":"\\device\\harddiskvolume2\\windows\\system32\\svchost.exe","ExecutionProcessID":4,"host":"wec.internal.cloudapp.net","Severity":"INFO","LayerRTID":"36","LayerName":"%%14608","SeverityValue":2,"EventID":5158,"SourceAddress":"0.0.0.0","ProviderGuid":"{54849625-5478-4994-A5BA-3E3B0328C30D}","RecordNumber":236747,"SourceModuleType":"im_msvistalog","Keywords":-9214364837600034816,"FilterRTID":"0","Protocol":"6","tags":["mordorDataset"]}
{"@version":"1","EventType":"AUDIT_SUCCESS","Version":0,"ThreadID":1824,"EventTime":"2020-08-07 11:07:37","Task":12810,"SourcePort":"62798","Channel":"Security","SourceName":"Microsoft-Windows-Security-Auditing","OpcodeValue":0,"Hostname":"WORKSTATION6.theshire.local","@timestamp":"2020-08-07T15:07:39.167Z","Message":"The Windows Filtering Platform has permitted a bind to a local port.\r\n\r\nApplication Information:\r\n\tProcess ID:\t\t3120\r\n\tApplication Name:\t\\device\\harddiskvolume2\\windows\\system32\\svchost.exe\r\n\r\nNetwork Information:\r\n\tSource Address:\t\t0.0.0.0\r\n\tSource Port:\t\t62798\r\n\tProtocol:\t\t6\r\n\r\nFilter Information:\r\n\tFilter Run-Time ID:\t0\r\n\tLayer Name:\t\tResource Assignment\r\n\tLayer Run-Time ID:\t36","Category":"Filtering Platform Connection","Opcode":"Info","SourceModuleName":"eventlog","ProcessId":"3120","EventReceivedTime":"2020-08-07 11:07:39","port":60122,"Application":"\\device\\harddiskvolume2\\windows\\system32\\svchost.exe","ExecutionProcessID":4,"host":"wec.internal.cloudapp.net","Severity":"INFO","LayerRTID":"36","LayerName":"%%14608","SeverityValue":2,"EventID":5158,"SourceAddress":"0.0.0.0","ProviderGuid":"{54849625-5478-4994-A5BA-3E3B0328C30D}","RecordNumber":236748,"SourceModuleType":"im_msvistalog","Keywords":-9214364837600034816,"FilterRTID":"0","Protocol":"6","tags":["mordorDataset"]}
{"@version":"1","EventType":"AUDIT_SUCCESS","Version":0,"ThreadID":1824,"EventTime":"2020-08-07 11:07:37","Task":12810,"SourcePort":"62799","Channel":"Security","SourceName":"Microsoft-Windows-Security-Auditing","OpcodeValue":0,"Hostname":"WORKSTATION6.theshire.local","@timestamp":"2020-08-07T15:07:39.167Z","Message":"The Windows Filtering Platform has permitted a bind to a local port.\r\n\r\nApplication Information:\r\n\tProcess ID:\t\t3120\r\n\tApplication Name:\t\\device\\harddiskvolume2\\windows\\system32\\svchost.exe\r\n\r\nNetwork Information:\r\n\tSource Address:\t\t0.0.0.0\r\n\tSource Port:\t\t62799\r\n\tProtocol:\t\t6\r\n\r\nFilter Information:\r\n\tFilter Run-Time ID:\t0\r\n\tLayer Name:\t\tResource Assignment\r\n\tLayer Run-Time ID:\t36","Category":"Filtering Platform Connection","Opcode":"Info","SourceModuleName":"eventlog","ProcessId":"3120","EventReceivedTime":"2020-08-07 11:07:39","port":60122,"Application":"\\device\\harddiskvolume2\\windows\\system32\\svchost.exe","ExecutionProcessID":4,"host":"wec.internal.cloudapp.net","Severity":"INFO","LayerRTID":"36","LayerName":"%%14608","SeverityValue":2,"EventID":5158,"SourceAddress":"0.0.0.0","ProviderGuid":"{54849625-5478-4994-A5BA-3E3B0328C30D}","RecordNumber":236751,"SourceModuleType":"im_msvistalog","Keywords":-9214364837600034816,"FilterRTID":"0","Protocol":"6","tags":["mordorDataset"]}
{"@version":"1","EventType":"AUDIT_SUCCESS","Version":0,"ThreadID":1824,"EventTime":"2020-08-07 11:07:37","Task":12810,"SourcePort":"62800","Channel":"Security","SourceName":"Microsoft-Windows-Security-Auditing","OpcodeValue":0,"Hostname":"WORKSTATION6.theshire.local","@timestamp":"2020-08-07T15:07:39.167Z","Message":"The Windows Filtering Platform has permitted a bind to a local port.\r\n\r\nApplication Information:\r\n\tProcess ID:\t\t3120\r\n\tApplication Name:\t\\device\\harddiskvolume2\\windows\\system32\\svchost.exe\r\n\r\nNetwork Information:\r\n\tSource Address:\t\t0.0.0.0\r\n\tSource Port:\t\t62800\r\n\tProtocol:\t\t6\r\n\r\nFilter Information:\r\n\tFilter Run-Time ID:\t0\r\n\tLayer Name:\t\tResource Assignment\r\n\tLayer Run-Time ID:\t36","Category":"Filtering Platform Connection","Opcode":"Info","SourceModuleName":"eventlog","ProcessId":"3120","EventReceivedTime":"2020-08-07 11:07:39","port":60122,"Application":"\\device\\harddiskvolume2\\windows\\system32\\svchost.exe","ExecutionProcessID":4,"host":"wec.internal.cloudapp.net","Severity":"INFO","LayerRTID":"36","LayerName":"%%14608","SeverityValue":2,"EventID":5158,"SourceAddress":"0.0.0.0","ProviderGuid":"{54849625-5478-4994-A5BA-3E3B0328C30D}","RecordNumber":236753,"SourceModuleType":"im_msvistalog","Keywords":-9214364837600034816,"FilterRTID":"0","Protocol":"6","tags":["mordorDataset"]}
{"@version":"1","EventType":"AUDIT_SUCCESS","Version":0,"ThreadID":1824,"EventTime":"2020-08-07 11:07:37","Task":12810,"SourcePort":"62801","Channel":"Security","SourceName":"Microsoft-Windows-Security-Auditing","OpcodeValue":0,"Hostname":"WORKSTATION6.theshire.local","@timestamp":"2020-08-07T15:07:39.168Z","Message":"The Windows Filtering Platform has permitted a bind to a local port.\r\n\r\nApplication Information:\r\n\tProcess ID:\t\t3120\r\n\tApplication Name:\t\\device\\harddiskvolume2\\windows\\system32\\svchost.exe\r\n\r\nNetwork Information:\r\n\tSource Address:\t\t0.0.0.0\r\n\tSource Port:\t\t62801\r\n\tProtocol:\t\t6\r\n\r\nFilter Information:\r\n\tFilter Run-Time ID:\t0\r\n\tLayer Name:\t\tResource Assignment\r\n\tLayer Run-Time ID:\t36","Category":"Filtering Platform Connection","Opcode":"Info","SourceModuleName":"eventlog","ProcessId":"3120","EventReceivedTime":"2020-08-07 11:07:39","port":60122,"Application":"\\device\\harddiskvolume2\\windows\\system32\\svchost.exe","ExecutionProcessID":4,"host":"wec.internal.cloudapp.net","Severity":"INFO","LayerRTID":"36","LayerName":"%%14608","SeverityValue":2,"EventID":5158,"SourceAddress":"0.0.0.0","ProviderGuid":"{54849625-5478-4994-A5BA-3E3B0328C30D}","RecordNumber":236755,"SourceModuleType":"im_msvistalog","Keywords":-9214364837600034816,"FilterRTID":"0","Protocol":"6","tags":["mordorDataset"]}
{"@version":"1","EventType":"AUDIT_SUCCESS","Version":0,"ThreadID":1824,"EventTime":"2020-08-07 11:07:37","Task":12810,"SourcePort":"62802","Channel":"Security","SourceName":"Microsoft-Windows-Security-Auditing","OpcodeValue":0,"Hostname":"WORKSTATION6.theshire.local","@timestamp":"2020-08-07T15:07:39.168Z","Message":"The Windows Filtering Platform has permitted a bind to a local port.\r\n\r\nApplication Information:\r\n\tProcess ID:\t\t3120\r\n\tApplication Name:\t\\device\\harddiskvolume2\\windows\\system32\\svchost.exe\r\n\r\nNetwork Information:\r\n\tSource Address:\t\t0.0.0.0\r\n\tSource Port:\t\t62802\r\n\tProtocol:\t\t6\r\n\r\nFilter Information:\r\n\tFilter Run-Time ID:\t0\r\n\tLayer Name:\t\tResource Assignment\r\n\tLayer Run-Time ID:\t36","Category":"Filtering Platform Connection","Opcode":"Info","SourceModuleName":"eventlog","ProcessId":"3120","EventReceivedTime":"2020-08-07 11:07:39","port":60122,"Application":"\\device\\harddiskvolume2\\windows\\system32\\svchost.exe","ExecutionProcessID":4,"host":"wec.internal.cloudapp.net","Severity":"INFO","LayerRTID":"36","LayerName":"%%14608","SeverityValue":2,"EventID":5158,"SourceAddress":"0.0.0.0","ProviderGuid":"{54849625-5478-4994-A5BA-3E3B0328C30D}","RecordNumber":236757,"SourceModuleType":"im_msvistalog","Keywords":-9214364837600034816,"FilterRTID":"0","Protocol":"6","tags":["mordorDataset"]}
{"@version":"1","EventType":"AUDIT_SUCCESS","Version":0,"ThreadID":1824,"EventTime":"2020-08-07 11:07:37","Task":12810,"SourcePort":"62803","Channel":"Security","SourceName":"Microsoft-Windows-Security-Auditing","OpcodeValue":0,"Hostname":"WORKSTATION6.theshire.local","@timestamp":"2020-08-07T15:07:39.168Z","Message":"The Windows Filtering Platform has permitted a bind to a local port.\r\n\r\nApplication Information:\r\n\tProcess ID:\t\t3120\r\n\tApplication Name:\t\\device\\harddiskvolume2\\windows\\system32\\svchost.exe\r\n\r\nNetwork Information:\r\n\tSource Address:\t\t0.0.0.0\r\n\tSource Port:\t\t62803\r\n\tProtocol:\t\t6\r\n\r\nFilter Information:\r\n\tFilter Run-Time ID:\t0\r\n\tLayer Name:\t\tResource Assignment\r\n\tLayer Run-Time ID:\t36","Category":"Filtering Platform Connection","Opcode":"Info","SourceModuleName":"eventlog","ProcessId":"3120","EventReceivedTime":"2020-08-07 11:07:39","port":60122,"Application":"\\device\\harddiskvolume2\\windows\\system32\\svchost.exe","ExecutionProcessID":4,"host":"wec.internal.cloudapp.net","Severity":"INFO","LayerRTID":"36","LayerName":"%%14608","SeverityValue":2,"EventID":5158,"SourceAddress":"0.0.0.0","ProviderGuid":"{54849625-5478-4994-A5BA-3E3B0328C30D}","RecordNumber":236759,"SourceModuleType":"im_msvistalog","Keywords":-9214364837600034816,"FilterRTID":"0","Protocol":"6","tags":["mordorDataset"]}
{"tags":["mordorDataset"],"@version":"1","EventType":"AUDIT_SUCCESS","Version":1,"ThreadID":1824,"EventTime":"2020-08-07 11:07:37","Task":12810,"DestAddress":"169.254.169.254","SourcePort":"50110","Channel":"Security","SourceName":"Microsoft-Windows-Security-Auditing","OpcodeValue":0,"Hostname":"WORKSTATION6.theshire.local","@timestamp":"2020-08-07T15:07:39.168Z","Message":"The Windows Filtering Platform has permitted a connection.\r\n\r\nApplication Information:\r\n\tProcess ID:\t\t3548\r\n\tApplication Name:\t\\device\\harddiskvolume2\\packages\\plugins\\microsoft.azure.networkwatcher.networkwatcheragentwindows\\1.4.1587.1\\networkwatcheragent\\networkwatcheragent.exe\r\n\r\nNetwork Information:\r\n\tDirection:\t\tOutbound\r\n\tSource Address:\t\t172.18.39.6\r\n\tSource Port:\t\t50110\r\n\tDestination Address:\t169.254.169.254\r\n\tDestination Port:\t\t80\r\n\tProtocol:\t\t6\r\n\r\nFilter Information:\r\n\tFilter Run-Time ID:\t69426\r\n\tLayer Name:\t\tConnect\r\n\tLayer Run-Time ID:\t48","Category":"Filtering Platform Connection","Opcode":"Info","SourceModuleName":"eventlog","ProcessId":"3548","EventReceivedTime":"2020-08-07 11:07:39","port":60122,"Application":"\\device\\harddiskvolume2\\packages\\plugins\\microsoft.azure.networkwatcher.networkwatcheragentwindows\\1.4.1587.1\\networkwatcheragent\\networkwatcheragent.exe","ExecutionProcessID":4,"Direction":"%%14593","RemoteMachineID":"S-1-0-0","host":"wec.internal.cloudapp.net","DestPort":"80","Severity":"INFO","LayerRTID":"48","LayerName":"%%14611","SeverityValue":2,"EventID":5156,"SourceAddress":"172.18.39.6","ProviderGuid":"{54849625-5478-4994-A5BA-3E3B0328C30D}","RecordNumber":236761,"SourceModuleType":"im_msvistalog","Keywords":-9214364837600034816,"FilterRTID":"69426","Protocol":"6","RemoteUserID":"S-1-0-0"}
{"tags":["mordorDataset"],"@version":"1","EventType":"AUDIT_SUCCESS","Version":1,"ThreadID":1824,"EventTime":"2020-08-07 11:07:37","Task":12810,"DestAddress":"169.254.169.254","SourcePort":"50110","Channel":"Security","SourceName":"Microsoft-Windows-Security-Auditing","OpcodeValue":0,"Hostname":"WORKSTATION6.theshire.local","@timestamp":"2020-08-07T15:07:39.168Z","Message":"The Windows Filtering Platform has permitted a connection.\r\n\r\nApplication Information:\r\n\tProcess ID:\t\t3548\r\n\tApplication Name:\t\\device\\harddiskvolume2\\packages\\plugins\\microsoft.azure.networkwatcher.networkwatcheragentwindows\\1.4.1587.1\\networkwatcheragent\\networkwatcheragent.exe\r\n\r\nNetwork Information:\r\n\tDirection:\t\tOutbound\r\n\tSource Address:\t\t172.18.39.6\r\n\tSource Port:\t\t50110\r\n\tDestination Address:\t169.254.169.254\r\n\tDestination Port:\t\t80\r\n\tProtocol:\t\t6\r\n\r\nFilter Information:\r\n\tFilter Run-Time ID:\t69426\r\n\tLayer Name:\t\tConnect\r\n\tLayer Run-Time ID:\t48","Category":"Filtering Platform Connection","Opcode":"Info","SourceModuleName":"eventlog","ProcessId":"3548","EventReceivedTime":"2020-08-07 11:07:39","port":60122,"Application":"\\device\\harddiskvolume2\\packages\\plugins\\microsoft.azure.networkwatcher.networkwatcheragentwindows\\1.4.1587.1\\networkwatcheragent\\networkwatcheragent.exe","ExecutionProcessID":4,"Direction":"%%14593","RemoteMachineID":"S-1-0-0","host":"wec.internal.cloudapp.net","DestPort":"80","Severity":"INFO","LayerRTID":"48","LayerName":"%%14611","SeverityValue":2,"EventID":5156,"SourceAddress":"172.18.39.6","ProviderGuid":"{54849625-5478-4994-A5BA-3E3B0328C30D}","RecordNumber":236762,"SourceModuleType":"im_msvistalog","Keywords":-9214364837600034816,"FilterRTID":"69426","Protocol":"6","RemoteUserID":"S-1-0-0"}
{"tags":["mordorDataset"],"@version":"1","EventType":"INFO","AccountType":"User","ThreadID":4204,"DestinationPortName":"-","DestinationIp":"172.18.39.6","SourcePort":"53","Channel":"Microsoft-Windows-Sysmon/Operational","OpcodeValue":0,"Hostname":"MORDORDC.theshire.local","@timestamp":"2020-08-07T15:07:41.189Z","SourceIp":"172.18.38.5","ProcessId":"3616","Initiated":"false","DestinationHostname":"-","host":"wec.internal.cloudapp.net","Severity":"INFO","SourceHostname":"-","SeverityValue":2,"Image":"C:\\Windows\\System32\\dns.exe","SourceModuleType":"im_msvistalog","Version":5,"EventTime":"2020-08-07 11:07:38","Task":3,"DestinationPort":"49754","SourceIsIpv6":"false","SourceName":"Microsoft-Windows-Sysmon","Message":"Network connection detected:\r\nRuleName: -\r\nUtcTime: 2020-08-07 15:07:28.788\r\nProcessGuid: {9f85ce58-59ed-5f2b-5000-000000000400}\r\nProcessId: 3616\r\nImage: C:\\Windows\\System32\\dns.exe\r\nUser: NT AUTHORITY\\SYSTEM\r\nProtocol: udp\r\nInitiated: false\r\nSourceIsIpv6: false\r\nSourceIp: 172.18.38.5\r\nSourceHostname: -\r\nSourcePort: 53\r\nSourcePortName: -\r\nDestinationIsIpv6: false\r\nDestinationIp: 172.18.39.6\r\nDestinationHostname: -\r\nDestinationPort: 49754\r\nDestinationPortName: -","SourceModuleName":"eventlog","EventReceivedTime":"2020-08-07 11:07:41","port":60122,"AccountName":"SYSTEM","UtcTime":"2020-08-07 15:07:28.788","Domain":"NT AUTHORITY","ExecutionProcessID":3888,"User":"NT AUTHORITY\\SYSTEM","DestinationIsIpv6":"false","SourcePortName":"-","UserID":"S-1-5-18","EventID":3,"ProviderGuid":"{5770385F-C22A-43E0-BF4C-06F5698FFBD9}","RecordNumber":764731,"Keywords":-9223372036854775808,"ProcessGuid":"{9f85ce58-59ed-5f2b-5000-000000000400}","Protocol":"udp","RuleName":"-"}
{"SubjectLogonId":"0x3e5","@version":"1","EventType":"AUDIT_SUCCESS","SourceHandleId":"0x7d8","Version":0,"ThreadID":3184,"EventTime":"2020-08-07 11:07:39","Task":12807,"Channel":"Security","SourceName":"Microsoft-Windows-Security-Auditing","OpcodeValue":0,"Hostname":"WORKSTATION5.theshire.local","@timestamp":"2020-08-07T15:07:41.189Z","Message":"An attempt was made to duplicate a handle to an object.\r\n\r\nSubject:\r\n\tSecurity ID:\t\tS-1-5-19\r\n\tAccount Name:\t\tLOCAL SERVICE\r\n\tAccount Domain:\t\tNT AUTHORITY\r\n\tLogon ID:\t\t0x3E5\r\n\r\nSource Handle Information:\r\n\tSource Handle ID:\t0x7d8\r\n\tSource Process ID:\t0x770\r\n\r\nNew Handle Information:\r\n\tTarget Handle ID:\t0x34d8\r\n\tTarget Process ID:\t0x4","Category":"Handle Manipulation","Opcode":"Info","SubjectDomainName":"NT AUTHORITY","SourceModuleName":"eventlog","ProcessId":"0x770","EventReceivedTime":"2020-08-07 11:07:41","port":60122,"ExecutionProcessID":4,"host":"wec.internal.cloudapp.net","SubjectUserSid":"S-1-5-19","SubjectUserName":"LOCAL SERVICE","SourceProcessId":"0x770","Severity":"INFO","TargetProcessId":"0x4","SeverityValue":2,"EventID":4690,"TargetHandleId":"0x34d8","ProviderGuid":"{54849625-5478-4994-A5BA-3E3B0328C30D}","RecordNumber":209716,"SourceModuleType":"im_msvistalog","Keywords":-9214364837600034816,"tags":["mordorDataset"]}
{"tags":["mordorDataset"],"TargetProcessGUID":"{297bc33e-5c36-5f2b-5100-000000000400}","@version":"1","EventType":"INFO","Version":3,"ThreadID":4364,"EventTime":"2020-08-07 11:07:39","Task":10,"AccountType":"User","SourceProcessGUID":"{297bc33e-5c31-5f2b-2d00-000000000400}","CallTrace":"C:\\windows\\SYSTEM32\\ntdll.dll+9c534|C:\\windows\\System32\\KERNELBASE.dll+2726e|c:\\windows\\system32\\fwbase.dll+3b35|c:\\windows\\system32\\fwbase.dll+3a89|c:\\windows\\system32\\mpssvc.dll+b907|c:\\windows\\system32\\mpssvc.dll+b3f9|c:\\windows\\system32\\mpssvc.dll+e084|C:\\windows\\System32\\RPCRT4.dll+76953|C:\\windows\\System32\\RPCRT4.dll+da036|C:\\windows\\System32\\RPCRT4.dll+37a4c|C:\\windows\\System32\\RPCRT4.dll+548c8|C:\\windows\\System32\\RPCRT4.dll+2c921|C:\\windows\\System32\\RPCRT4.dll+2c1db|C:\\windows\\System32\\RPCRT4.dll+1a86f|C:\\windows\\System32\\RPCRT4.dll+19d1a|C:\\windows\\System32\\RPCRT4.dll+19301|C:\\windows\\System32\\RPCRT4.dll+18d6e|C:\\windows\\System32\\RPCRT4.dll+169a5|C:\\windows\\SYSTEM32\\ntdll.dll+333ed|C:\\windows\\SYSTEM32\\ntdll.dll+34142|C:\\windows\\System32\\KERNEL32.DLL+17bd4|C:\\windows\\SYSTEM32\\ntdll.dll+6ce51","Channel":"Microsoft-Windows-Sysmon/Operational","SourceName":"Microsoft-Windows-Sysmon","OpcodeValue":0,"Hostname":"WORKSTATION5.theshire.local","@timestamp":"2020-08-07T15:07:41.189Z","Message":"Process accessed:\r\nRuleName: -\r\nUtcTime: 2020-08-07 15:07:39.793\r\nSourceProcessGUID: {297bc33e-5c31-5f2b-2d00-000000000400}\r\nSourceProcessId: 1904\r\nSourceThreadId: 7212\r\nSourceImage: C:\\windows\\system32\\svchost.exe\r\nTargetProcessGUID: {297bc33e-5c36-5f2b-5100-000000000400}\r\nTargetProcessId: 3452\r\nTargetImage: C:\\windows\\system32\\svchost.exe\r\nGrantedAccess: 0x1000\r\nCallTrace: C:\\windows\\SYSTEM32\\ntdll.dll+9c534|C:\\windows\\System32\\KERNELBASE.dll+2726e|c:\\windows\\system32\\fwbase.dll+3b35|c:\\windows\\system32\\fwbase.dll+3a89|c:\\windows\\system32\\mpssvc.dll+b907|c:\\windows\\system32\\mpssvc.dll+b3f9|c:\\windows\\system32\\mpssvc.dll+e084|C:\\windows\\System32\\RPCRT4.dll+76953|C:\\windows\\System32\\RPCRT4.dll+da036|C:\\windows\\System32\\RPCRT4.dll+37a4c|C:\\windows\\System32\\RPCRT4.dll+548c8|C:\\windows\\System32\\RPCRT4.dll+2c921|C:\\windows\\System32\\RPCRT4.dll+2c1db|C:\\windows\\System32\\RPCRT4.dll+1a86f|C:\\windows\\System32\\RPCRT4.dll+19d1a|C:\\windows\\System32\\RPCRT4.dll+19301|C:\\windows\\System32\\RPCRT4.dll+18d6e|C:\\windows\\System32\\RPCRT4.dll+169a5|C:\\windows\\SYSTEM32\\ntdll.dll+333ed|C:\\windows\\SYSTEM32\\ntdll.dll+34142|C:\\windows\\System32\\KERNEL32.DLL+17bd4|C:\\windows\\SYSTEM32\\ntdll.dll+6ce51","SourceModuleName":"eventlog","ProcessId":"1904","SourceImage":"C:\\windows\\system32\\svchost.exe","EventReceivedTime":"2020-08-07 11:07:41","port":60122,"AccountName":"SYSTEM","UtcTime":"2020-08-07 15:07:39.793","GrantedAccess":"0x1000","Domain":"NT AUTHORITY","ExecutionProcessID":3284,"host":"wec.internal.cloudapp.net","SourceProcessId":"1904","SourceThreadId":"7212","Severity":"INFO","TargetProcessId":"3452","SeverityValue":2,"EventID":10,"UserID":"S-1-5-18","ProviderGuid":"{5770385F-C22A-43E0-BF4C-06F5698FFBD9}","RecordNumber":743674,"SourceModuleType":"im_msvistalog","Keywords":-9223372036854775808,"TargetImage":"C:\\windows\\system32\\svchost.exe","RuleName":"-"}
{"SubjectLogonId":"0x3e5","@version":"1","EventType":"AUDIT_SUCCESS","Version":0,"ThreadID":3184,"EventTime":"2020-08-07 11:07:39","Task":12801,"Channel":"Security","SourceName":"Microsoft-Windows-Security-Auditing","OpcodeValue":0,"Hostname":"WORKSTATION5.theshire.local","@timestamp":"2020-08-07T15:07:41.190Z","Message":"The handle to an object was closed.\r\n\r\nSubject :\r\n\tSecurity ID:\t\tS-1-5-19\r\n\tAccount Name:\t\tLOCAL SERVICE\r\n\tAccount Domain:\t\tNT AUTHORITY\r\n\tLogon ID:\t\t0x3E5\r\n\r\nObject:\r\n\tObject Server:\t\tSecurity\r\n\tHandle ID:\t\t0x34d8\r\n\r\nProcess Information:\r\n\tProcess ID:\t\t0x770\r\n\tProcess Name:\t\tC:\\Windows\\System32\\svchost.exe","Category":"Registry","Opcode":"Info","SubjectDomainName":"NT AUTHORITY","SourceModuleName":"eventlog","ProcessId":"0x770","EventReceivedTime":"2020-08-07 11:07:41","port":60122,"ExecutionProcessID":4,"ProcessName":"C:\\Windows\\System32\\svchost.exe","ObjectServer":"Security","host":"wec.internal.cloudapp.net","SubjectUserSid":"S-1-5-19","SubjectUserName":"LOCAL SERVICE","HandleId":"0x34d8","Severity":"INFO","SeverityValue":2,"EventID":4658,"ProviderGuid":"{54849625-5478-4994-A5BA-3E3B0328C30D}","RecordNumber":209717,"SourceModuleType":"im_msvistalog","Keywords":-9214364837600034816,"tags":["mordorDataset"]}
{"tags":["mordorDataset"],"TargetProcessGUID":"{297bc33e-5c36-5f2b-5100-000000000400}","@version":"1","EventType":"INFO","Version":3,"ThreadID":4364,"EventTime":"2020-08-07 11:07:39","Task":10,"AccountType":"User","SourceProcessGUID":"{297bc33e-5c31-5f2b-2d00-000000000400}","CallTrace":"C:\\windows\\SYSTEM32\\ntdll.dll+9c534|C:\\windows\\System32\\KERNELBASE.dll+2726e|c:\\windows\\system32\\fwbase.dll+3b35|c:\\windows\\system32\\fwbase.dll+3a89|c:\\windows\\system32\\mpssvc.dll+b907|c:\\windows\\system32\\mpssvc.dll+ac05|c:\\windows\\system32\\mpssvc.dll+a934|C:\\windows\\System32\\RPCRT4.dll+76953|C:\\windows\\System32\\RPCRT4.dll+da036|C:\\windows\\System32\\RPCRT4.dll+37a4c|C:\\windows\\System32\\RPCRT4.dll+548c8|C:\\windows\\System32\\RPCRT4.dll+2c921|C:\\windows\\System32\\RPCRT4.dll+2c1db|C:\\windows\\System32\\RPCRT4.dll+1a86f|C:\\windows\\System32\\RPCRT4.dll+19d1a|C:\\windows\\System32\\RPCRT4.dll+19301|C:\\windows\\System32\\RPCRT4.dll+18d6e|C:\\windows\\System32\\RPCRT4.dll+169a5|C:\\windows\\SYSTEM32\\ntdll.dll+333ed|C:\\windows\\SYSTEM32\\ntdll.dll+34142|C:\\windows\\System32\\KERNEL32.DLL+17bd4|C:\\windows\\SYSTEM32\\ntdll.dll+6ce51","Channel":"Microsoft-Windows-Sysmon/Operational","SourceName":"Microsoft-Windows-Sysmon","OpcodeValue":0,"Hostname":"WORKSTATION5.theshire.local","@timestamp":"2020-08-07T15:07:41.190Z","Message":"Process accessed:\r\nRuleName: -\r\nUtcTime: 2020-08-07 15:07:39.793\r\nSourceProcessGUID: {297bc33e-5c31-5f2b-2d00-000000000400}\r\nSourceProcessId: 1904\r\nSourceThreadId: 7212\r\nSourceImage: C:\\windows\\system32\\svchost.exe\r\nTargetProcessGUID: {297bc33e-5c36-5f2b-5100-000000000400}\r\nTargetProcessId: 3452\r\nTargetImage: C:\\windows\\system32\\svchost.exe\r\nGrantedAccess: 0x1000\r\nCallTrace: C:\\windows\\SYSTEM32\\ntdll.dll+9c534|C:\\windows\\System32\\KERNELBASE.dll+2726e|c:\\windows\\system32\\fwbase.dll+3b35|c:\\windows\\system32\\fwbase.dll+3a89|c:\\windows\\system32\\mpssvc.dll+b907|c:\\windows\\system32\\mpssvc.dll+ac05|c:\\windows\\system32\\mpssvc.dll+a934|C:\\windows\\System32\\RPCRT4.dll+76953|C:\\windows\\System32\\RPCRT4.dll+da036|C:\\windows\\System32\\RPCRT4.dll+37a4c|C:\\windows\\System32\\RPCRT4.dll+548c8|C:\\windows\\System32\\RPCRT4.dll+2c921|C:\\windows\\System32\\RPCRT4.dll+2c1db|C:\\windows\\System32\\RPCRT4.dll+1a86f|C:\\windows\\System32\\RPCRT4.dll+19d1a|C:\\windows\\System32\\RPCRT4.dll+19301|C:\\windows\\System32\\RPCRT4.dll+18d6e|C:\\windows\\System32\\RPCRT4.dll+169a5|C:\\windows\\SYSTEM32\\ntdll.dll+333ed|C:\\windows\\SYSTEM32\\ntdll.dll+34142|C:\\windows\\System32\\KERNEL32.DLL+17bd4|C:\\windows\\SYSTEM32\\ntdll.dll+6ce51","SourceModuleName":"eventlog","ProcessId":"1904","SourceImage":"C:\\windows\\system32\\svchost.exe","EventReceivedTime":"2020-08-07 11:07:41","port":60122,"AccountName":"SYSTEM","UtcTime":"2020-08-07 15:07:39.793","GrantedAccess":"0x1000","Domain":"NT AUTHORITY","ExecutionProcessID":3284,"host":"wec.internal.cloudapp.net","SourceProcessId":"1904","SourceThreadId":"7212","Severity":"INFO","TargetProcessId":"3452","SeverityValue":2,"EventID":10,"UserID":"S-1-5-18","ProviderGuid":"{5770385F-C22A-43E0-BF4C-06F5698FFBD9}","RecordNumber":743675,"SourceModuleType":"im_msvistalog","Keywords":-9223372036854775808,"TargetImage":"C:\\windows\\system32\\svchost.exe","RuleName":"-"}
