{"TargetDomainName":"THESHIRE.LOCAL","tags":["mordorDataset"],"@version":"1","EventType":"AUDIT_SUCCESS","ThreadID":5124,"ElevatedToken":"%%1842","Channel":"Security","OpcodeValue":0,"SubjectDomainName":"-","Hostname":"MORDORDC.theshire.local","@timestamp":"2020-08-07T15:07:49.291Z","Category":"Logon","ProcessId":"0x0","TargetOutboundDomainName":"-","IpPort":"54512","ImpersonationLevel":"%%1840","ProcessName":"-","KeyLength":"0","host":"wec.internal.cloudapp.net","TargetOutboundUserName":"-","SubjectUserName":"-","RestrictedAdminMode":"-","Severity":"INFO","ActivityID":"{FE45B800-EF20-0000-9DEF-D2248F6BD601}","LogonProcessName":"Kerberos","SeverityValue":2,"LogonGuid":"{cb57a83c-383c-eb3a-703b-c7c9ffd72f9c}","SourceModuleType":"im_msvistalog","SubjectLogonId":"0x0","WorkstationName":"-","TargetLinkedLogonId":"0x0","Version":2,"EventTime":"2020-08-07 11:07:47","Task":12544,"SourceName":"Microsoft-Windows-Security-Auditing","Opcode":"Info","Message":"An account was successfully logged on.\r\n\r\nSubject:\r\n\tSecurity ID:\t\tS-1-0-0\r\n\tAccount Name:\t\t-\r\n\tAccount Domain:\t\t-\r\n\tLogon ID:\t\t0x0\r\n\r\nLogon Information:\r\n\tLogon Type:\t\t3\r\n\tRestricted Admin Mode:\t-\r\n\tVirtual Account:\t\tNo\r\n\tElevated Token:\t\tYes\r\n\r\nImpersonation Level:\t\tDelegation\r\n\r\nNew Logon:\r\n\tSecurity ID:\t\tS-1-5-18\r\n\tAccount Name:\t\tMORDORDC$\r\n\tAccount Domain:\t\tTHESHIRE.LOCAL\r\n\tLogon ID:\t\t0x2BECCE5\r\n\tLinked Logon ID:\t\t0x0\r\n\tNetwork Account Name:\t-\r\n\tNetwork Account Domain:\t-\r\n\tLogon GUID:\t\t{cb57a83c-383c-eb3a-703b-c7c9ffd72f9c}\r\n\r\nProcess Information:\r\n\tProcess ID:\t\t0x0\r\n\tProcess Name:\t\t-\r\n\r\nNetwork Information:\r\n\tWorkstation Name:\t-\r\n\tSource Network Address:\tfe80::3816:b2ee:1b9b:324b\r\n\tSource Port:\t\t54512\r\n\r\nDetailed Authentication Information:\r\n\tLogon Process:\t\tKerberos\r\n\tAuthentication Package:\tKerberos\r\n\tTransited Services:\t-\r\n\tPackage Name (NTLM only):\t-\r\n\tKey Length:\t\t0\r\n\r\nThis event is generated when a logon session is created. It is generated on the computer that was accessed.\r\n\r\nThe subject fields indicate the account on the local system which requested the logon. This is most commonly a service such as the Server service, or a local process such as Winlogon.exe or Services.exe.\r\n\r\nThe logon type field indicates the kind of logon that occurred. The most common types are 2 (interactive) and 3 (network).\r\n\r\nThe New Logon fields indicate the account for whom the new logon was created, i.e. the account that was logged on.\r\n\r\nThe network fields indicate where a remote logon request originated. Workstation name is not always available and may be left blank in some cases.\r\n\r\nThe impersonation level field indicates the extent to which a process in the logon session can impersonate.\r\n\r\nThe authentication information fields provide detailed information about this specific logon request.\r\n\t- Logon GUID is a unique identifier that can be used to correlate this event with a KDC event.\r\n\t- Transited services indicate which intermediate services have participated in this logon request.\r\n\t- Package name indicates which sub-protocol was used among the NTLM protocols.\r\n\t- Key length indicates the length of the generated session key. This will be 0 if no session key was requested.","SourceModuleName":"eventlog","TargetLogonId":"0x2becce5","TargetUserSid":"S-1-5-18","TransmittedServices":"-","EventReceivedTime":"2020-08-07 11:07:49","port":60122,"IpAddress":"fe80::3816:b2ee:1b9b:324b","LmPackageName":"-","ExecutionProcessID":704,"SubjectUserSid":"S-1-0-0","TargetUserName":"MORDORDC$","EventID":4624,"AuthenticationPackageName":"Kerberos","ProviderGuid":"{54849625-5478-4994-A5BA-3E3B0328C30D}","RecordNumber":772781,"Keywords":-9214364837600034816,"VirtualAccount":"%%1843","LogonType":"3"}
{"TargetDomainName":"THESHIRE.LOCAL","SubjectLogonId":"0x0","@version":"1","EventType":"AUDIT_SUCCESS","Version":0,"ThreadID":5124,"EventTime":"2020-08-07 11:07:47","Task":12554,"Channel":"Security","SourceName":"Microsoft-Windows-Security-Auditing","OpcodeValue":0,"Hostname":"MORDORDC.theshire.local","@timestamp":"2020-08-07T15:07:49.292Z","Message":"Group membership information.\r\n\r\nSubject:\r\n\tSecurity ID:\t\tS-1-0-0\r\n\tAccount Name:\t\t-\r\n\tAccount Domain:\t\t-\r\n\tLogon ID:\t\t0x0\r\n\r\nLogon Type:\t\t\t3\r\n\r\nNew Logon:\r\n\tSecurity ID:\t\tS-1-5-18\r\n\tAccount Name:\t\tMORDORDC$\r\n\tAccount Domain:\t\tTHESHIRE.LOCAL\r\n\tLogon ID:\t\t0x2BECCE5\r\n\r\nEvent in sequence:\t\t1 of 1\r\n\r\nGroup Membership:\t\t\t\r\n\t\t%{S-1-5-32-544}\r\n\t\t%{S-1-1-0}\r\n\t\t%{S-1-5-32-554}\r\n\t\t%{S-1-5-32-545}\r\n\t\t%{S-1-5-32-555}\r\n\t\t%{S-1-5-32-560}\r\n\t\t%{S-1-5-2}\r\n\t\t%{S-1-5-11}\r\n\t\t%{S-1-5-15}\r\n\t\t%{S-1-5-21-1363495622-3806888128-621328882-1000}\r\n\t\t%{S-1-5-21-1363495622-3806888128-621328882-516}\r\n\t\t%{S-1-5-9}\r\n\t\t%{S-1-18-1}\r\n\t\t%{S-1-5-21-1363495622-3806888128-621328882-572}\r\n\t\t%{S-1-16-16384}\r\n\r\nThe subject fields indicate the account on the local system which requested the logon. This is most commonly a service such as the Server service, or a local process such as Winlogon.exe or Services.exe.\r\n\r\nThe logon type field indicates the kind of logon that occurred. The most common types are 2 (interactive) and 3 (network).\r\n\r\nThe New Logon fields indicate the account for whom the new logon was created, i.e. the account that was logged on.\r\n\r\nThis event is generated when the Audit Group Membership subcategory is configured.  The Logon ID field can be used to correlate this event with the corresponding user logon event as well as to any other security audit events generated during this logon session.","Category":"Group Membership","Opcode":"Info","SubjectDomainName":"-","TargetUserSid":"S-1-5-18","TargetLogonId":"0x2becce5","GroupMembership":"\r\n\t\t%{S-1-5-32-544}\r\n\t\t%{S-1-1-0}\r\n\t\t%{S-1-5-32-554}\r\n\t\t%{S-1-5-32-545}\r\n\t\t%{S-1-5-32-555}\r\n\t\t%{S-1-5-32-560}\r\n\t\t%{S-1-5-2}\r\n\t\t%{S-1-5-11}\r\n\t\t%{S-1-5-15}\r\n\t\t%{S-1-5-21-1363495622-3806888128-621328882-1000}\r\n\t\t%{S-1-5-21-1363495622-3806888128-621328882-516}\r\n\t\t%{S-1-5-9}\r\n\t\t%{S-1-18-1}\r\n\t\t%{S-1-5-21-1363495622-3806888128-621328882-572}\r\n\t\t%{S-1-16-16384}","port":60122,"EventReceivedTime":"2020-08-07 11:07:49","SourceModuleName":"eventlog","ExecutionProcessID":704,"EventIdx":"1","host":"wec.internal.cloudapp.net","SubjectUserSid":"S-1-0-0","SubjectUserName":"-","EventCountTotal":"1","Severity":"INFO","ActivityID":"{FE45B800-EF20-0000-9DEF-D2248F6BD601}","TargetUserName":"MORDORDC$","SeverityValue":2,"EventID":4627,"ProviderGuid":"{54849625-5478-4994-A5BA-3E3B0328C30D}","RecordNumber":772782,"SourceModuleType":"im_msvistalog","Keywords":-9214364837600034816,"tags":["mordorDataset"],"LogonType":"3"}
{"SubjectLogonId":"0x2becce5","@version":"1","EventType":"AUDIT_SUCCESS","Version":1,"ThreadID":1444,"EventTime":"2020-08-07 11:07:47","Task":12808,"ShareLocalPath":"\\??\\C:\\SYSVOL\\sysvol","ObjectType":"File","Channel":"Security","SourceName":"Microsoft-Windows-Security-Auditing","OpcodeValue":0,"Hostname":"MORDORDC.theshire.local","@timestamp":"2020-08-07T15:07:49.292Z","Message":"A network share object was accessed.\r\n\t\r\nSubject:\r\n\tSecurity ID:\t\tS-1-5-18\r\n\tAccount Name:\t\tMORDORDC$\r\n\tAccount Domain:\t\tTHESHIRE\r\n\tLogon ID:\t\t0x2BECCE5\r\n\r\nNetwork Information:\t\r\n\tObject Type:\t\tFile\r\n\tSource Address:\t\tfe80::3816:b2ee:1b9b:324b\r\n\tSource Port:\t\t54512\r\n\t\r\nShare Information:\r\n\tShare Name:\t\t\\\\*\\SYSVOL\r\n\tShare Path:\t\t\\??\\C:\\SYSVOL\\sysvol\r\n\r\nAccess Request Information:\r\n\tAccess Mask:\t\t0x1\r\n\tAccesses:\t\tReadData (or ListDirectory)\r\n\t\t\t\t\r\n","Category":"File Share","Opcode":"Info","SubjectDomainName":"THESHIRE","AccessMask":"0x1","SourceModuleName":"eventlog","IpPort":"54512","port":60122,"EventReceivedTime":"2020-08-07 11:07:49","IpAddress":"fe80::3816:b2ee:1b9b:324b","ExecutionProcessID":4,"AccessList":"%%4416\r\n\t\t\t\t","host":"wec.internal.cloudapp.net","SubjectUserSid":"S-1-5-18","SubjectUserName":"MORDORDC$","ShareName":"\\\\*\\SYSVOL","Severity":"INFO","SeverityValue":2,"EventID":5140,"ProviderGuid":"{54849625-5478-4994-A5BA-3E3B0328C30D}","RecordNumber":772783,"SourceModuleType":"im_msvistalog","Keywords":-9214364837600034816,"tags":["mordorDataset"]}
{"SubjectLogonId":"0x2becce5","@version":"1","EventType":"AUDIT_SUCCESS","Version":0,"ThreadID":6692,"EventTime":"2020-08-07 11:07:47","Task":12811,"ShareLocalPath":"\\??\\C:\\SYSVOL\\sysvol","ObjectType":"File","AccessReason":"%%1538:\t%%1804\r\n\t\t\t\t%%1541:\t%%1801\tD:(A;;0x1200a9;;;WD)\r\n\t\t\t\t%%4416:\t%%1801\tD:(A;;0x1200a9;;;WD)\r\n\t\t\t\t%%4419:\t%%1801\tD:(A;;0x1200a9;;;WD)\r\n\t\t\t\t%%4423:\t%%1801\tD:(A;;0x1200a9;;;WD)\r\n\t\t\t\t","Channel":"Security","SourceName":"Microsoft-Windows-Security-Auditing","OpcodeValue":0,"Hostname":"MORDORDC.theshire.local","@timestamp":"2020-08-07T15:07:49.292Z","Message":"A network share object was checked to see whether client can be granted desired access.\r\n\t\r\nSubject:\r\n\tSecurity ID:\t\tS-1-5-18\r\n\tAccount Name:\t\tMORDORDC$\r\n\tAccount Domain:\t\tTHESHIRE\r\n\tLogon ID:\t\t0x2BECCE5\r\n\r\nNetwork Information:\t\r\n\tObject Type:\t\tFile\r\n\tSource Address:\t\tfe80::3816:b2ee:1b9b:324b\r\n\tSource Port:\t\t54512\r\n\t\r\nShare Information:\r\n\tShare Name:\t\t\\\\*\\SYSVOL\r\n\tShare Path:\t\t\\??\\C:\\SYSVOL\\sysvol\r\n\tRelative Target Name:\ttheshire.local\\Policies\\{31B2F340-016D-11D2-945F-00C04FB984F9}\\gpt.ini\r\n\r\nAccess Request Information:\r\n\tAccess Mask:\t\t0x120089\r\n\tAccesses:\t\tREAD_CONTROL\r\n\t\t\t\tSYNCHRONIZE\r\n\t\t\t\tReadData (or ListDirectory)\r\n\t\t\t\tReadEA\r\n\t\t\t\tReadAttributes\r\n\t\t\t\t\r\nAccess Check Results:\r\n\tREAD_CONTROL:\tGranted by Ownership\r\n\t\t\t\tSYNCHRONIZE:\tGranted by\tD:(A;;0x1200a9;;;WD)\r\n\t\t\t\tReadData (or ListDirectory):\tGranted by\tD:(A;;0x1200a9;;;WD)\r\n\t\t\t\tReadEA:\tGranted by\tD:(A;;0x1200a9;;;WD)\r\n\t\t\t\tReadAttributes:\tGranted by\tD:(A;;0x1200a9;;;WD)\r\n\t\t\t\t\r\n","Category":"Detailed File Share","Opcode":"Info","SubjectDomainName":"THESHIRE","AccessMask":"0x120089","SourceModuleName":"eventlog","IpPort":"54512","port":60122,"EventReceivedTime":"2020-08-07 11:07:49","IpAddress":"fe80::3816:b2ee:1b9b:324b","ExecutionProcessID":4,"AccessList":"%%1538\r\n\t\t\t\t%%1541\r\n\t\t\t\t%%4416\r\n\t\t\t\t%%4419\r\n\t\t\t\t%%4423\r\n\t\t\t\t","host":"wec.internal.cloudapp.net","SubjectUserSid":"S-1-5-18","SubjectUserName":"MORDORDC$","ShareName":"\\\\*\\SYSVOL","Severity":"INFO","SeverityValue":2,"EventID":5145,"RelativeTargetName":"theshire.local\\Policies\\{31B2F340-016D-11D2-945F-00C04FB984F9}\\gpt.ini","ProviderGuid":"{54849625-5478-4994-A5BA-3E3B0328C30D}","RecordNumber":772784,"SourceModuleType":"im_msvistalog","Keywords":-9214364837600034816,"tags":["mordorDataset"]}
{"SubjectLogonId":"0x2becce5","@version":"1","EventType":"AUDIT_SUCCESS","Version":0,"ThreadID":6692,"EventTime":"2020-08-07 11:07:47","Task":12811,"ShareLocalPath":"\\??\\C:\\SYSVOL\\sysvol","ObjectType":"File","AccessReason":"%%1538:\t%%1804\r\n\t\t\t\t%%1541:\t%%1801\tD:(A;;0x1200a9;;;WD)\r\n\t\t\t\t%%4416:\t%%1801\tD:(A;;0x1200a9;;;WD)\r\n\t\t\t\t%%4419:\t%%1801\tD:(A;;0x1200a9;;;WD)\r\n\t\t\t\t%%4423:\t%%1801\tD:(A;;0x1200a9;;;WD)\r\n\t\t\t\t","Channel":"Security","SourceName":"Microsoft-Windows-Security-Auditing","OpcodeValue":0,"Hostname":"MORDORDC.theshire.local","@timestamp":"2020-08-07T15:07:49.293Z","Message":"A network share object was checked to see whether client can be granted desired access.\r\n\t\r\nSubject:\r\n\tSecurity ID:\t\tS-1-5-18\r\n\tAccount Name:\t\tMORDORDC$\r\n\tAccount Domain:\t\tTHESHIRE\r\n\tLogon ID:\t\t0x2BECCE5\r\n\r\nNetwork Information:\t\r\n\tObject Type:\t\tFile\r\n\tSource Address:\t\tfe80::3816:b2ee:1b9b:324b\r\n\tSource Port:\t\t54512\r\n\t\r\nShare Information:\r\n\tShare Name:\t\t\\\\*\\SYSVOL\r\n\tShare Path:\t\t\\??\\C:\\SYSVOL\\sysvol\r\n\tRelative Target Name:\ttheshire.local\\Policies\\{6AC1786C-016F-11D2-945F-00C04fB984F9}\\gpt.ini\r\n\r\nAccess Request Information:\r\n\tAccess Mask:\t\t0x120089\r\n\tAccesses:\t\tREAD_CONTROL\r\n\t\t\t\tSYNCHRONIZE\r\n\t\t\t\tReadData (or ListDirectory)\r\n\t\t\t\tReadEA\r\n\t\t\t\tReadAttributes\r\n\t\t\t\t\r\nAccess Check Results:\r\n\tREAD_CONTROL:\tGranted by Ownership\r\n\t\t\t\tSYNCHRONIZE:\tGranted by\tD:(A;;0x1200a9;;;WD)\r\n\t\t\t\tReadData (or ListDirectory):\tGranted by\tD:(A;;0x1200a9;;;WD)\r\n\t\t\t\tReadEA:\tGranted by\tD:(A;;0x1200a9;;;WD)\r\n\t\t\t\tReadAttributes:\tGranted by\tD:(A;;0x1200a9;;;WD)\r\n\t\t\t\t\r\n","Category":"Detailed File Share","Opcode":"Info","SubjectDomainName":"THESHIRE","AccessMask":"0x120089","SourceModuleName":"eventlog","IpPort":"54512","port":60122,"EventReceivedTime":"2020-08-07 11:07:49","IpAddress":"fe80::3816:b2ee:1b9b:324b","ExecutionProcessID":4,"AccessList":"%%1538\r\n\t\t\t\t%%1541\r\n\t\t\t\t%%4416\r\n\t\t\t\t%%4419\r\n\t\t\t\t%%4423\r\n\t\t\t\t","host":"wec.internal.cloudapp.net","SubjectUserSid":"S-1-5-18","SubjectUserName":"MORDORDC$","ShareName":"\\\\*\\SYSVOL","Severity":"INFO","SeverityValue":2,"EventID":5145,"RelativeTargetName":"theshire.local\\Policies\\{6AC1786C-016F-11D2-945F-00C04fB984F9}\\gpt.ini","ProviderGuid":"{54849625-5478-4994-A5BA-3E3B0328C30D}","RecordNumber":772785,"SourceModuleType":"im_msvistalog","Keywords":-9214364837600034816,"tags":["mordorDataset"]}
{"SubjectLogonId":"0x3e7","@version":"1","EventType":"AUDIT_SUCCESS","SourceHandleId":"0x5ec","Version":0,"ThreadID":6692,"EventTime":"2020-08-07 11:07:47","Task":12807,"Channel":"Security","SourceName":"Microsoft-Windows-Security-Auditing","OpcodeValue":0,"Hostname":"MORDORDC.theshire.local","@timestamp":"2020-08-07T15:07:49.293Z","Message":"An attempt was made to duplicate a handle to an object.\r\n\r\nSubject:\r\n\tSecurity ID:\t\tS-1-5-18\r\n\tAccount Name:\t\tMORDORDC$\r\n\tAccount Domain:\t\tTHESHIRE\r\n\tLogon ID:\t\t0x3E7\r\n\r\nSource Handle Information:\r\n\tSource Handle ID:\t0x5ec\r\n\tSource Process ID:\t0x6a0\r\n\r\nNew Handle Information:\r\n\tTarget Handle ID:\t0x23a0\r\n\tTarget Process ID:\t0x4","Category":"Handle Manipulation","Opcode":"Info","SubjectDomainName":"THESHIRE","SourceModuleName":"eventlog","ProcessId":"0x6a0","EventReceivedTime":"2020-08-07 11:07:49","port":60122,"ExecutionProcessID":4,"host":"wec.internal.cloudapp.net","SubjectUserSid":"S-1-5-18","SubjectUserName":"MORDORDC$","SourceProcessId":"0x6a0","Severity":"INFO","TargetProcessId":"0x4","SeverityValue":2,"EventID":4690,"TargetHandleId":"0x23a0","ProviderGuid":"{54849625-5478-4994-A5BA-3E3B0328C30D}","RecordNumber":772786,"SourceModuleType":"im_msvistalog","Keywords":-9214364837600034816,"tags":["mordorDataset"]}
{"SubjectLogonId":"0x3e7","@version":"1","EventType":"AUDIT_SUCCESS","Version":0,"ThreadID":6692,"EventTime":"2020-08-07 11:07:47","Task":12801,"Channel":"Security","SourceName":"Microsoft-Windows-Security-Auditing","OpcodeValue":0,"Hostname":"MORDORDC.theshire.local","@timestamp":"2020-08-07T15:07:49.294Z","Message":"The handle to an object was closed.\r\n\r\nSubject :\r\n\tSecurity ID:\t\tS-1-5-18\r\n\tAccount Name:\t\tMORDORDC$\r\n\tAccount Domain:\t\tTHESHIRE\r\n\tLogon ID:\t\t0x3E7\r\n\r\nObject:\r\n\tObject Server:\t\tSecurity\r\n\tHandle ID:\t\t0x23a0\r\n\r\nProcess Information:\r\n\tProcess ID:\t\t0x6a0\r\n\tProcess Name:\t\tC:\\Windows\\System32\\svchost.exe","Category":"Registry","Opcode":"Info","SubjectDomainName":"THESHIRE","SourceModuleName":"eventlog","ProcessId":"0x6a0","EventReceivedTime":"2020-08-07 11:07:49","port":60122,"ExecutionProcessID":4,"ProcessName":"C:\\Windows\\System32\\svchost.exe","ObjectServer":"Security","host":"wec.internal.cloudapp.net","SubjectUserSid":"S-1-5-18","SubjectUserName":"MORDORDC$","HandleId":"0x23a0","Severity":"INFO","SeverityValue":2,"EventID":4658,"ProviderGuid":"{54849625-5478-4994-A5BA-3E3B0328C30D}","RecordNumber":772787,"SourceModuleType":"im_msvistalog","Keywords":-9214364837600034816,"tags":["mordorDataset"]}
{"@version":"1","EventType":"AUDIT_SUCCESS","ThreadID":6692,"ObjectName":"\\REGISTRY\\MACHINE\\SOFTWARE\\Microsoft\\Windows NT\\CurrentVersion\\Winlogon","ObjectType":"Key","Channel":"Security","OpcodeValue":0,"SubjectDomainName":"THESHIRE","Hostname":"MORDORDC.theshire.local","@timestamp":"2020-08-07T15:07:49.295Z","Category":"Registry","AccessMask":"0x20019","ProcessId":"0x6a0","AccessList":"%%1538\r\n\t\t\t\t%%4432\r\n\t\t\t\t%%4435\r\n\t\t\t\t%%4436\r\n\t\t\t\t","ProcessName":"C:\\Windows\\System32\\svchost.exe","ResourceAttributes":"-","host":"wec.internal.cloudapp.net","SubjectUserName":"MORDORDC$","Severity":"INFO","SeverityValue":2,"SourceModuleType":"im_msvistalog","TransactionId":"{00000000-0000-0000-0000-000000000000}","SubjectLogonId":"0x3e7","Version":1,"EventTime":"2020-08-07 11:07:47","Task":12801,"AccessReason":"-","PrivilegeList":"-","SourceName":"Microsoft-Windows-Security-Auditing","Opcode":"Info","Message":"A handle to an object was requested.\r\n\r\nSubject:\r\n\tSecurity ID:\t\tS-1-5-18\r\n\tAccount Name:\t\tMORDORDC$\r\n\tAccount Domain:\t\tTHESHIRE\r\n\tLogon ID:\t\t0x3E7\r\n\r\nObject:\r\n\tObject Server:\t\tSecurity\r\n\tObject Type:\t\tKey\r\n\tObject Name:\t\t\\REGISTRY\\MACHINE\\SOFTWARE\\Microsoft\\Windows NT\\CurrentVersion\\Winlogon\r\n\tHandle ID:\t\t0x5ec\r\n\tResource Attributes:\t-\r\n\r\nProcess Information:\r\n\tProcess ID:\t\t0x6a0\r\n\tProcess Name:\t\tC:\\Windows\\System32\\svchost.exe\r\n\r\nAccess Request Information:\r\n\tTransaction ID:\t\t{00000000-0000-0000-0000-000000000000}\r\n\tAccesses:\t\tREAD_CONTROL\r\n\t\t\t\tQuery key value\r\n\t\t\t\tEnumerate sub-keys\r\n\t\t\t\tNotify about changes to keys\r\n\t\t\t\t\r\n\tAccess Reasons:\t\t-\r\n\tAccess Mask:\t\t0x20019\r\n\tPrivileges Used for Access Check:\t-\r\n\tRestricted SID Count:\t0","SourceModuleName":"eventlog","EventReceivedTime":"2020-08-07 11:07:49","port":60122,"RestrictedSidCount":"0","ExecutionProcessID":4,"ObjectServer":"Security","SubjectUserSid":"S-1-5-18","HandleId":"0x5ec","EventID":4656,"ProviderGuid":"{54849625-5478-4994-A5BA-3E3B0328C30D}","RecordNumber":772788,"Keywords":-9214364837600034816,"tags":["mordorDataset"]}
{"SubjectLogonId":"0x3e7","@version":"1","EventType":"AUDIT_SUCCESS","Version":1,"ThreadID":6692,"EventTime":"2020-08-07 11:07:47","Task":12801,"ObjectName":"\\REGISTRY\\MACHINE\\SOFTWARE\\Microsoft\\Windows NT\\CurrentVersion\\Winlogon","ObjectType":"Key","Channel":"Security","SourceName":"Microsoft-Windows-Security-Auditing","OpcodeValue":0,"Hostname":"MORDORDC.theshire.local","@timestamp":"2020-08-07T15:07:49.295Z","Message":"An attempt was made to access an object.\r\n\r\nSubject:\r\n\tSecurity ID:\t\tS-1-5-18\r\n\tAccount Name:\t\tMORDORDC$\r\n\tAccount Domain:\t\tTHESHIRE\r\n\tLogon ID:\t\t0x3E7\r\n\r\nObject:\r\n\tObject Server:\t\tSecurity\r\n\tObject Type:\t\tKey\r\n\tObject Name:\t\t\\REGISTRY\\MACHINE\\SOFTWARE\\Microsoft\\Windows NT\\CurrentVersion\\Winlogon\r\n\tHandle ID:\t\t0x5ec\r\n\tResource Attributes:\t-\r\n\r\nProcess Information:\r\n\tProcess ID:\t\t0x6a0\r\n\tProcess Name:\t\tC:\\Windows\\System32\\svchost.exe\r\n\r\nAccess Request Information:\r\n\tAccesses:\t\tQuery key value\r\n\t\t\t\t\r\n\tAccess Mask:\t\t0x1","Category":"Registry","Opcode":"Info","SubjectDomainName":"THESHIRE","AccessMask":"0x1","SourceModuleName":"eventlog","EventReceivedTime":"2020-08-07 11:07:49","port":60122,"ProcessId":"0x6a0","ExecutionProcessID":4,"AccessList":"%%4432\r\n\t\t\t\t","ProcessName":"C:\\Windows\\System32\\svchost.exe","ObjectServer":"Security","ResourceAttributes":"-","host":"wec.internal.cloudapp.net","SubjectUserSid":"S-1-5-18","SubjectUserName":"MORDORDC$","HandleId":"0x5ec","Severity":"INFO","SeverityValue":2,"EventID":4663,"ProviderGuid":"{54849625-5478-4994-A5BA-3E3B0328C30D}","RecordNumber":772789,"SourceModuleType":"im_msvistalog","Keywords":-9214364837600034816,"tags":["mordorDataset"]}
{"SubjectLogonId":"0x3e7","@version":"1","EventType":"AUDIT_SUCCESS","Version":0,"ThreadID":6692,"EventTime":"2020-08-07 11:07:47","Task":12801,"Channel":"Security","SourceName":"Microsoft-Windows-Security-Auditing","OpcodeValue":0,"Hostname":"MORDORDC.theshire.local","@timestamp":"2020-08-07T15:07:49.296Z","Message":"The handle to an object was closed.\r\n\r\nSubject :\r\n\tSecurity ID:\t\tS-1-5-18\r\n\tAccount Name:\t\tMORDORDC$\r\n\tAccount Domain:\t\tTHESHIRE\r\n\tLogon ID:\t\t0x3E7\r\n\r\nObject:\r\n\tObject Server:\t\tSecurity\r\n\tHandle ID:\t\t0x5ec\r\n\r\nProcess Information:\r\n\tProcess ID:\t\t0x6a0\r\n\tProcess Name:\t\tC:\\Windows\\System32\\svchost.exe","Category":"Registry","Opcode":"Info","SubjectDomainName":"THESHIRE","SourceModuleName":"eventlog","ProcessId":"0x6a0","EventReceivedTime":"2020-08-07 11:07:49","port":60122,"ExecutionProcessID":4,"ProcessName":"C:\\Windows\\System32\\svchost.exe","ObjectServer":"Security","host":"wec.internal.cloudapp.net","SubjectUserSid":"S-1-5-18","SubjectUserName":"MORDORDC$","HandleId":"0x5ec","Severity":"INFO","SeverityValue":2,"EventID":4658,"ProviderGuid":"{54849625-5478-4994-A5BA-3E3B0328C30D}","RecordNumber":772790,"SourceModuleType":"im_msvistalog","Keywords":-9214364837600034816,"tags":["mordorDataset"]}
{"TargetDomainName":"THESHIRE","@version":"1","EventType":"AUDIT_SUCCESS","Version":0,"ThreadID":5124,"EventTime":"2020-08-07 11:07:47","Task":12545,"Channel":"Security","SourceName":"Microsoft-Windows-Security-Auditing","OpcodeValue":0,"Hostname":"MORDORDC.theshire.local","@timestamp":"2020-08-07T15:07:49.296Z","Message":"An account was logged off.\r\n\r\nSubject:\r\n\tSecurity ID:\t\tS-1-5-18\r\n\tAccount Name:\t\tMORDORDC$\r\n\tAccount Domain:\t\tTHESHIRE\r\n\tLogon ID:\t\t0x2BECC70\r\n\r\nLogon Type:\t\t\t3\r\n\r\nThis event is generated when a logon session is destroyed. It may be positively correlated with a logon event using the Logon ID value. Logon IDs are only unique between reboots on the same computer.","Category":"Logoff","Opcode":"Info","TargetUserSid":"S-1-5-18","TargetLogonId":"0x2becc70","SourceModuleName":"eventlog","EventReceivedTime":"2020-08-07 11:07:49","port":60122,"ExecutionProcessID":704,"host":"wec.internal.cloudapp.net","Severity":"INFO","TargetUserName":"MORDORDC$","SeverityValue":2,"EventID":4634,"ProviderGuid":"{54849625-5478-4994-A5BA-3E3B0328C30D}","RecordNumber":772791,"SourceModuleType":"im_msvistalog","Keywords":-9214364837600034816,"tags":["mordorDataset"],"LogonType":"3"}
{"TargetDomainName":"THESHIRE","@version":"1","EventType":"AUDIT_SUCCESS","Version":0,"ThreadID":5124,"EventTime":"2020-08-07 11:07:47","Task":12545,"Channel":"Security","SourceName":"Microsoft-Windows-Security-Auditing","OpcodeValue":0,"Hostname":"MORDORDC.theshire.local","@timestamp":"2020-08-07T15:07:49.296Z","Message":"An account was logged off.\r\n\r\nSubject:\r\n\tSecurity ID:\t\tS-1-5-18\r\n\tAccount Name:\t\tMORDORDC$\r\n\tAccount Domain:\t\tTHESHIRE\r\n\tLogon ID:\t\t0x2BECC25\r\n\r\nLogon Type:\t\t\t3\r\n\r\nThis event is generated when a logon session is destroyed. It may be positively correlated with a logon event using the Logon ID value. Logon IDs are only unique between reboots on the same computer.","Category":"Logoff","Opcode":"Info","TargetUserSid":"S-1-5-18","TargetLogonId":"0x2becc25","SourceModuleName":"eventlog","EventReceivedTime":"2020-08-07 11:07:49","port":60122,"ExecutionProcessID":704,"host":"wec.internal.cloudapp.net","Severity":"INFO","TargetUserName":"MORDORDC$","SeverityValue":2,"EventID":4634,"ProviderGuid":"{54849625-5478-4994-A5BA-3E3B0328C30D}","RecordNumber":772792,"SourceModuleType":"im_msvistalog","Keywords":-9214364837600034816,"tags":["mordorDataset"],"LogonType":"3"}
{"SubjectLogonId":"0x3e7","@version":"1","EventType":"AUDIT_SUCCESS","SourceHandleId":"0x6d0","Version":0,"ThreadID":6692,"EventTime":"2020-08-07 11:07:47","Task":12807,"Channel":"Security","SourceName":"Microsoft-Windows-Security-Auditing","OpcodeValue":0,"Hostname":"MORDORDC.theshire.local","@timestamp":"2020-08-07T15:07:49.297Z","Message":"An attempt was made to duplicate a handle to an object.\r\n\r\nSubject:\r\n\tSecurity ID:\t\tS-1-5-18\r\n\tAccount Name:\t\tMORDORDC$\r\n\tAccount Domain:\t\tTHESHIRE\r\n\tLogon ID:\t\t0x3E7\r\n\r\nSource Handle Information:\r\n\tSource Handle ID:\t0x6d0\r\n\tSource Process ID:\t0x6a0\r\n\r\nNew Handle Information:\r\n\tTarget Handle ID:\t0x15dc\r\n\tTarget Process ID:\t0x4","Category":"Handle Manipulation","Opcode":"Info","SubjectDomainName":"THESHIRE","SourceModuleName":"eventlog","ProcessId":"0x6a0","EventReceivedTime":"2020-08-07 11:07:49","port":60122,"ExecutionProcessID":4,"host":"wec.internal.cloudapp.net","SubjectUserSid":"S-1-5-18","SubjectUserName":"MORDORDC$","SourceProcessId":"0x6a0","Severity":"INFO","TargetProcessId":"0x4","SeverityValue":2,"EventID":4690,"TargetHandleId":"0x15dc","ProviderGuid":"{54849625-5478-4994-A5BA-3E3B0328C30D}","RecordNumber":772793,"SourceModuleType":"im_msvistalog","Keywords":-9214364837600034816,"tags":["mordorDataset"]}
{"SubjectLogonId":"0x3e7","@version":"1","EventType":"AUDIT_SUCCESS","Version":0,"ThreadID":6692,"EventTime":"2020-08-07 11:07:47","Task":12801,"Channel":"Security","SourceName":"Microsoft-Windows-Security-Auditing","OpcodeValue":0,"Hostname":"MORDORDC.theshire.local","@timestamp":"2020-08-07T15:07:49.297Z","Message":"The handle to an object was closed.\r\n\r\nSubject :\r\n\tSecurity ID:\t\tS-1-5-18\r\n\tAccount Name:\t\tMORDORDC$\r\n\tAccount Domain:\t\tTHESHIRE\r\n\tLogon ID:\t\t0x3E7\r\n\r\nObject:\r\n\tObject Server:\t\tSecurity\r\n\tHandle ID:\t\t0x15dc\r\n\r\nProcess Information:\r\n\tProcess ID:\t\t0x6a0\r\n\tProcess Name:\t\tC:\\Windows\\System32\\svchost.exe","Category":"Registry","Opcode":"Info","SubjectDomainName":"THESHIRE","SourceModuleName":"eventlog","ProcessId":"0x6a0","EventReceivedTime":"2020-08-07 11:07:49","port":60122,"ExecutionProcessID":4,"ProcessName":"C:\\Windows\\System32\\svchost.exe","ObjectServer":"Security","host":"wec.internal.cloudapp.net","SubjectUserSid":"S-1-5-18","SubjectUserName":"MORDORDC$","HandleId":"0x15dc","Severity":"INFO","SeverityValue":2,"EventID":4658,"ProviderGuid":"{54849625-5478-4994-A5BA-3E3B0328C30D}","RecordNumber":772794,"SourceModuleType":"im_msvistalog","Keywords":-9214364837600034816,"tags":["mordorDataset"]}
{"@version":"1","EventType":"AUDIT_SUCCESS","ThreadID":6692,"ObjectName":"\\REGISTRY\\MACHINE\\SOFTWARE\\Microsoft\\Windows NT\\CurrentVersion\\Winlogon","ObjectType":"Key","Channel":"Security","OpcodeValue":0,"SubjectDomainName":"THESHIRE","Hostname":"MORDORDC.theshire.local","@timestamp":"2020-08-07T15:07:49.297Z","Category":"Registry","AccessMask":"0x20019","ProcessId":"0x6a0","AccessList":"%%1538\r\n\t\t\t\t%%4432\r\n\t\t\t\t%%4435\r\n\t\t\t\t%%4436\r\n\t\t\t\t","ProcessName":"C:\\Windows\\System32\\svchost.exe","ResourceAttributes":"-","host":"wec.internal.cloudapp.net","SubjectUserName":"MORDORDC$","Severity":"INFO","SeverityValue":2,"SourceModuleType":"im_msvistalog","TransactionId":"{00000000-0000-0000-0000-000000000000}","SubjectLogonId":"0x3e7","Version":1,"EventTime":"2020-08-07 11:07:47","Task":12801,"AccessReason":"-","PrivilegeList":"-","SourceName":"Microsoft-Windows-Security-Auditing","Opcode":"Info","Message":"A handle to an object was requested.\r\n\r\nSubject:\r\n\tSecurity ID:\t\tS-1-5-18\r\n\tAccount Name:\t\tMORDORDC$\r\n\tAccount Domain:\t\tTHESHIRE\r\n\tLogon ID:\t\t0x3E7\r\n\r\nObject:\r\n\tObject Server:\t\tSecurity\r\n\tObject Type:\t\tKey\r\n\tObject Name:\t\t\\REGISTRY\\MACHINE\\SOFTWARE\\Microsoft\\Windows NT\\CurrentVersion\\Winlogon\r\n\tHandle ID:\t\t0x6d0\r\n\tResource Attributes:\t-\r\n\r\nProcess Information:\r\n\tProcess ID:\t\t0x6a0\r\n\tProcess Name:\t\tC:\\Windows\\System32\\svchost.exe\r\n\r\nAccess Request Information:\r\n\tTransaction ID:\t\t{00000000-0000-0000-0000-000000000000}\r\n\tAccesses:\t\tREAD_CONTROL\r\n\t\t\t\tQuery key value\r\n\t\t\t\tEnumerate sub-keys\r\n\t\t\t\tNotify about changes to keys\r\n\t\t\t\t\r\n\tAccess Reasons:\t\t-\r\n\tAccess Mask:\t\t0x20019\r\n\tPrivileges Used for Access Check:\t-\r\n\tRestricted SID Count:\t0","SourceModuleName":"eventlog","EventReceivedTime":"2020-08-07 11:07:49","port":60122,"RestrictedSidCount":"0","ExecutionProcessID":4,"ObjectServer":"Security","SubjectUserSid":"S-1-5-18","HandleId":"0x6d0","EventID":4656,"ProviderGuid":"{54849625-5478-4994-A5BA-3E3B0328C30D}","RecordNumber":772795,"Keywords":-9214364837600034816,"tags":["mordorDataset"]}
{"SubjectLogonId":"0x3e7","@version":"1","EventType":"AUDIT_SUCCESS","Version":1,"ThreadID":6692,"EventTime":"2020-08-07 11:07:47","Task":12801,"ObjectName":"\\REGISTRY\\MACHINE\\SOFTWARE\\Microsoft\\Windows NT\\CurrentVersion\\Winlogon","ObjectType":"Key","Channel":"Security","SourceName":"Microsoft-Windows-Security-Auditing","OpcodeValue":0,"Hostname":"MORDORDC.theshire.local","@timestamp":"2020-08-07T15:07:49.298Z","Message":"An attempt was made to access an object.\r\n\r\nSubject:\r\n\tSecurity ID:\t\tS-1-5-18\r\n\tAccount Name:\t\tMORDORDC$\r\n\tAccount Domain:\t\tTHESHIRE\r\n\tLogon ID:\t\t0x3E7\r\n\r\nObject:\r\n\tObject Server:\t\tSecurity\r\n\tObject Type:\t\tKey\r\n\tObject Name:\t\t\\REGISTRY\\MACHINE\\SOFTWARE\\Microsoft\\Windows NT\\CurrentVersion\\Winlogon\r\n\tHandle ID:\t\t0x6d0\r\n\tResource Attributes:\t-\r\n\r\nProcess Information:\r\n\tProcess ID:\t\t0x6a0\r\n\tProcess Name:\t\tC:\\Windows\\System32\\svchost.exe\r\n\r\nAccess Request Information:\r\n\tAccesses:\t\tQuery key value\r\n\t\t\t\t\r\n\tAccess Mask:\t\t0x1","Category":"Registry","Opcode":"Info","SubjectDomainName":"THESHIRE","AccessMask":"0x1","SourceModuleName":"eventlog","EventReceivedTime":"2020-08-07 11:07:49","port":60122,"ProcessId":"0x6a0","ExecutionProcessID":4,"AccessList":"%%4432\r\n\t\t\t\t","ProcessName":"C:\\Windows\\System32\\svchost.exe","ObjectServer":"Security","ResourceAttributes":"-","host":"wec.internal.cloudapp.net","SubjectUserSid":"S-1-5-18","SubjectUserName":"MORDORDC$","HandleId":"0x6d0","Severity":"INFO","SeverityValue":2,"EventID":4663,"ProviderGuid":"{54849625-5478-4994-A5BA-3E3B0328C30D}","RecordNumber":772796,"SourceModuleType":"im_msvistalog","Keywords":-9214364837600034816,"tags":["mordorDataset"]}
{"SubjectLogonId":"0x3e7","@version":"1","EventType":"AUDIT_SUCCESS","Version":0,"ThreadID":6692,"EventTime":"2020-08-07 11:07:47","Task":12801,"Channel":"Security","SourceName":"Microsoft-Windows-Security-Auditing","OpcodeValue":0,"Hostname":"MORDORDC.theshire.local","@timestamp":"2020-08-07T15:07:49.298Z","Message":"The handle to an object was closed.\r\n\r\nSubject :\r\n\tSecurity ID:\t\tS-1-5-18\r\n\tAccount Name:\t\tMORDORDC$\r\n\tAccount Domain:\t\tTHESHIRE\r\n\tLogon ID:\t\t0x3E7\r\n\r\nObject:\r\n\tObject Server:\t\tSecurity\r\n\tHandle ID:\t\t0x6d0\r\n\r\nProcess Information:\r\n\tProcess ID:\t\t0x6a0\r\n\tProcess Name:\t\tC:\\Windows\\System32\\svchost.exe","Category":"Registry","Opcode":"Info","SubjectDomainName":"THESHIRE","SourceModuleName":"eventlog","ProcessId":"0x6a0","EventReceivedTime":"2020-08-07 11:07:49","port":60122,"ExecutionProcessID":4,"ProcessName":"C:\\Windows\\System32\\svchost.exe","ObjectServer":"Security","host":"wec.internal.cloudapp.net","SubjectUserSid":"S-1-5-18","SubjectUserName":"MORDORDC$","HandleId":"0x6d0","Severity":"INFO","SeverityValue":2,"EventID":4658,"ProviderGuid":"{54849625-5478-4994-A5BA-3E3B0328C30D}","RecordNumber":772797,"SourceModuleType":"im_msvistalog","Keywords":-9214364837600034816,"tags":["mordorDataset"]}
{"TargetDomainName":"THESHIRE","@version":"1","EventType":"AUDIT_SUCCESS","Version":0,"ThreadID":5124,"EventTime":"2020-08-07 11:07:47","Task":12545,"Channel":"Security","SourceName":"Microsoft-Windows-Security-Auditing","OpcodeValue":0,"Hostname":"MORDORDC.theshire.local","@timestamp":"2020-08-07T15:07:49.298Z","Message":"An account was logged off.\r\n\r\nSubject:\r\n\tSecurity ID:\t\tS-1-5-18\r\n\tAccount Name:\t\tMORDORDC$\r\n\tAccount Domain:\t\tTHESHIRE\r\n\tLogon ID:\t\t0x2BECB01\r\n\r\nLogon Type:\t\t\t3\r\n\r\nThis event is generated when a logon session is destroyed. It may be positively correlated with a logon event using the Logon ID value. Logon IDs are only unique between reboots on the same computer.","Category":"Logoff","Opcode":"Info","TargetUserSid":"S-1-5-18","TargetLogonId":"0x2becb01","SourceModuleName":"eventlog","EventReceivedTime":"2020-08-07 11:07:49","port":60122,"ExecutionProcessID":704,"host":"wec.internal.cloudapp.net","Severity":"INFO","TargetUserName":"MORDORDC$","SeverityValue":2,"EventID":4634,"ProviderGuid":"{54849625-5478-4994-A5BA-3E3B0328C30D}","RecordNumber":772798,"SourceModuleType":"im_msvistalog","Keywords":-9214364837600034816,"tags":["mordorDataset"],"LogonType":"3"}
{"SubjectLogonId":"0x3e7","@version":"1","EventType":"AUDIT_SUCCESS","SourceHandleId":"0x53c","Version":0,"ThreadID":6692,"EventTime":"2020-08-07 11:07:47","Task":12807,"Channel":"Security","SourceName":"Microsoft-Windows-Security-Auditing","OpcodeValue":0,"Hostname":"MORDORDC.theshire.local","@timestamp":"2020-08-07T15:07:49.298Z","Message":"An attempt was made to duplicate a handle to an object.\r\n\r\nSubject:\r\n\tSecurity ID:\t\tS-1-5-18\r\n\tAccount Name:\t\tMORDORDC$\r\n\tAccount Domain:\t\tTHESHIRE\r\n\tLogon ID:\t\t0x3E7\r\n\r\nSource Handle Information:\r\n\tSource Handle ID:\t0x53c\r\n\tSource Process ID:\t0x6a0\r\n\r\nNew Handle Information:\r\n\tTarget Handle ID:\t0x23b0\r\n\tTarget Process ID:\t0x4","Category":"Handle Manipulation","Opcode":"Info","SubjectDomainName":"THESHIRE","SourceModuleName":"eventlog","ProcessId":"0x6a0","EventReceivedTime":"2020-08-07 11:07:49","port":60122,"ExecutionProcessID":4,"host":"wec.internal.cloudapp.net","SubjectUserSid":"S-1-5-18","SubjectUserName":"MORDORDC$","SourceProcessId":"0x6a0","Severity":"INFO","TargetProcessId":"0x4","SeverityValue":2,"EventID":4690,"TargetHandleId":"0x23b0","ProviderGuid":"{54849625-5478-4994-A5BA-3E3B0328C30D}","RecordNumber":772799,"SourceModuleType":"im_msvistalog","Keywords":-9214364837600034816,"tags":["mordorDataset"]}
{"SubjectLogonId":"0x3e7","@version":"1","EventType":"AUDIT_SUCCESS","Version":0,"ThreadID":6692,"EventTime":"2020-08-07 11:07:47","Task":12801,"Channel":"Security","SourceName":"Microsoft-Windows-Security-Auditing","OpcodeValue":0,"Hostname":"MORDORDC.theshire.local","@timestamp":"2020-08-07T15:07:49.298Z","Message":"The handle to an object was closed.\r\n\r\nSubject :\r\n\tSecurity ID:\t\tS-1-5-18\r\n\tAccount Name:\t\tMORDORDC$\r\n\tAccount Domain:\t\tTHESHIRE\r\n\tLogon ID:\t\t0x3E7\r\n\r\nObject:\r\n\tObject Server:\t\tSecurity\r\n\tHandle ID:\t\t0x23b0\r\n\r\nProcess Information:\r\n\tProcess ID:\t\t0x6a0\r\n\tProcess Name:\t\tC:\\Windows\\System32\\svchost.exe","Category":"Registry","Opcode":"Info","SubjectDomainName":"THESHIRE","SourceModuleName":"eventlog","ProcessId":"0x6a0","EventReceivedTime":"2020-08-07 11:07:49","port":60122,"ExecutionProcessID":4,"ProcessName":"C:\\Windows\\System32\\svchost.exe","ObjectServer":"Security","host":"wec.internal.cloudapp.net","SubjectUserSid":"S-1-5-18","SubjectUserName":"MORDORDC$","HandleId":"0x23b0","Severity":"INFO","SeverityValue":2,"EventID":4658,"ProviderGuid":"{54849625-5478-4994-A5BA-3E3B0328C30D}","RecordNumber":772800,"SourceModuleType":"im_msvistalog","Keywords":-9214364837600034816,"tags":["mordorDataset"]}
{"@version":"1","EventType":"AUDIT_SUCCESS","ThreadID":6692,"ObjectName":"\\REGISTRY\\MACHINE\\SOFTWARE\\Microsoft\\Windows NT\\CurrentVersion\\Winlogon","ObjectType":"Key","Channel":"Security","OpcodeValue":0,"SubjectDomainName":"THESHIRE","Hostname":"MORDORDC.theshire.local","@timestamp":"2020-08-07T15:07:49.298Z","Category":"Registry","AccessMask":"0x20019","ProcessId":"0x6a0","AccessList":"%%1538\r\n\t\t\t\t%%4432\r\n\t\t\t\t%%4435\r\n\t\t\t\t%%4436\r\n\t\t\t\t","ProcessName":"C:\\Windows\\System32\\svchost.exe","ResourceAttributes":"-","host":"wec.internal.cloudapp.net","SubjectUserName":"MORDORDC$","Severity":"INFO","SeverityValue":2,"SourceModuleType":"im_msvistalog","TransactionId":"{00000000-0000-0000-0000-000000000000}","SubjectLogonId":"0x3e7","Version":1,"EventTime":"2020-08-07 11:07:47","Task":12801,"AccessReason":"-","PrivilegeList":"-","SourceName":"Microsoft-Windows-Security-Auditing","Opcode":"Info","Message":"A handle to an object was requested.\r\n\r\nSubject:\r\n\tSecurity ID:\t\tS-1-5-18\r\n\tAccount Name:\t\tMORDORDC$\r\n\tAccount Domain:\t\tTHESHIRE\r\n\tLogon ID:\t\t0x3E7\r\n\r\nObject:\r\n\tObject Server:\t\tSecurity\r\n\tObject Type:\t\tKey\r\n\tObject Name:\t\t\\REGISTRY\\MACHINE\\SOFTWARE\\Microsoft\\Windows NT\\CurrentVersion\\Winlogon\r\n\tHandle ID:\t\t0x53c\r\n\tResource Attributes:\t-\r\n\r\nProcess Information:\r\n\tProcess ID:\t\t0x6a0\r\n\tProcess Name:\t\tC:\\Windows\\System32\\svchost.exe\r\n\r\nAccess Request Information:\r\n\tTransaction ID:\t\t{00000000-0000-0000-0000-000000000000}\r\n\tAccesses:\t\tREAD_CONTROL\r\n\t\t\t\tQuery key value\r\n\t\t\t\tEnumerate sub-keys\r\n\t\t\t\tNotify about changes to keys\r\n\t\t\t\t\r\n\tAccess Reasons:\t\t-\r\n\tAccess Mask:\t\t0x20019\r\n\tPrivileges Used for Access Check:\t-\r\n\tRestricted SID Count:\t0","SourceModuleName":"eventlog","EventReceivedTime":"2020-08-07 11:07:49","port":60122,"RestrictedSidCount":"0","ExecutionProcessID":4,"ObjectServer":"Security","SubjectUserSid":"S-1-5-18","HandleId":"0x53c","EventID":4656,"ProviderGuid":"{54849625-5478-4994-A5BA-3E3B0328C30D}","RecordNumber":772801,"Keywords":-9214364837600034816,"tags":["mordorDataset"]}
{"SubjectLogonId":"0x3e7","@version":"1","EventType":"AUDIT_SUCCESS","Version":1,"ThreadID":6692,"EventTime":"2020-08-07 11:07:47","Task":12801,"ObjectName":"\\REGISTRY\\MACHINE\\SOFTWARE\\Microsoft\\Windows NT\\CurrentVersion\\Winlogon","ObjectType":"Key","Channel":"Security","SourceName":"Microsoft-Windows-Security-Auditing","OpcodeValue":0,"Hostname":"MORDORDC.theshire.local","@timestamp":"2020-08-07T15:07:49.298Z","Message":"An attempt was made to access an object.\r\n\r\nSubject:\r\n\tSecurity ID:\t\tS-1-5-18\r\n\tAccount Name:\t\tMORDORDC$\r\n\tAccount Domain:\t\tTHESHIRE\r\n\tLogon ID:\t\t0x3E7\r\n\r\nObject:\r\n\tObject Server:\t\tSecurity\r\n\tObject Type:\t\tKey\r\n\tObject Name:\t\t\\REGISTRY\\MACHINE\\SOFTWARE\\Microsoft\\Windows NT\\CurrentVersion\\Winlogon\r\n\tHandle ID:\t\t0x53c\r\n\tResource Attributes:\t-\r\n\r\nProcess Information:\r\n\tProcess ID:\t\t0x6a0\r\n\tProcess Name:\t\tC:\\Windows\\System32\\svchost.exe\r\n\r\nAccess Request Information:\r\n\tAccesses:\t\tQuery key value\r\n\t\t\t\t\r\n\tAccess Mask:\t\t0x1","Category":"Registry","Opcode":"Info","SubjectDomainName":"THESHIRE","AccessMask":"0x1","SourceModuleName":"eventlog","EventReceivedTime":"2020-08-07 11:07:49","port":60122,"ProcessId":"0x6a0","ExecutionProcessID":4,"AccessList":"%%4432\r\n\t\t\t\t","ProcessName":"C:\\Windows\\System32\\svchost.exe","ObjectServer":"Security","ResourceAttributes":"-","host":"wec.internal.cloudapp.net","SubjectUserSid":"S-1-5-18","SubjectUserName":"MORDORDC$","HandleId":"0x53c","Severity":"INFO","SeverityValue":2,"EventID":4663,"ProviderGuid":"{54849625-5478-4994-A5BA-3E3B0328C30D}","RecordNumber":772802,"SourceModuleType":"im_msvistalog","Keywords":-9214364837600034816,"tags":["mordorDataset"]}
{"SubjectLogonId":"0x3e7","@version":"1","EventType":"AUDIT_SUCCESS","Version":0,"ThreadID":6692,"EventTime":"2020-08-07 11:07:47","Task":12801,"Channel":"Security","SourceName":"Microsoft-Windows-Security-Auditing","OpcodeValue":0,"Hostname":"MORDORDC.theshire.local","@timestamp":"2020-08-07T15:07:49.299Z","Message":"The handle to an object was closed.\r\n\r\nSubject :\r\n\tSecurity ID:\t\tS-1-5-18\r\n\tAccount Name:\t\tMORDORDC$\r\n\tAccount Domain:\t\tTHESHIRE\r\n\tLogon ID:\t\t0x3E7\r\n\r\nObject:\r\n\tObject Server:\t\tSecurity\r\n\tHandle ID:\t\t0x53c\r\n\r\nProcess Information:\r\n\tProcess ID:\t\t0x6a0\r\n\tProcess Name:\t\tC:\\Windows\\System32\\svchost.exe","Category":"Registry","Opcode":"Info","SubjectDomainName":"THESHIRE","SourceModuleName":"eventlog","ProcessId":"0x6a0","EventReceivedTime":"2020-08-07 11:07:49","port":60122,"ExecutionProcessID":4,"ProcessName":"C:\\Windows\\System32\\svchost.exe","ObjectServer":"Security","host":"wec.internal.cloudapp.net","SubjectUserSid":"S-1-5-18","SubjectUserName":"MORDORDC$","HandleId":"0x53c","Severity":"INFO","SeverityValue":2,"EventID":4658,"ProviderGuid":"{54849625-5478-4994-A5BA-3E3B0328C30D}","RecordNumber":772803,"SourceModuleType":"im_msvistalog","Keywords":-9214364837600034816,"tags":["mordorDataset"]}
{"TargetDomainName":"THESHIRE","SubjectLogonId":"0x3e7","@version":"1","EventType":"AUDIT_SUCCESS","Version":0,"ThreadID":6692,"EventTime":"2020-08-07 11:07:47","Task":13317,"Channel":"Security","SourceName":"Microsoft-Windows-Security-Auditing","OpcodeValue":0,"Hostname":"MORDORDC.theshire.local","@timestamp":"2020-08-07T15:07:49.299Z","Message":"A token right was adjusted.\r\n\r\nSubject:\r\n\tSecurity ID:\t\tS-1-5-18\r\n\tAccount Name:\t\tMORDORDC$\r\n\tAccount Domain:\t\tTHESHIRE\r\n\tLogon ID:\t\t0x3E7\r\n\r\nTarget Account:\r\n\tSecurity ID:\t\tS-1-0-0\r\n\tAccount Name:\t\tMORDORDC$\r\n\tAccount Domain:\t\tTHESHIRE\r\n\tLogon ID:\t\t0x3E7\r\n\r\nProcess Information:\r\n\tProcess ID:\t\t0x934\r\n\tProcess Name:\t\tC:\\Windows\\System32\\svchost.exe\r\n\r\nEnabled Privileges:\r\n\t\t\tSeAssignPrimaryTokenPrivilege\r\n\t\t\tSeIncreaseQuotaPrivilege\r\n\t\t\tSeSecurityPrivilege\r\n\t\t\tSeTakeOwnershipPrivilege\r\n\t\t\tSeLoadDriverPrivilege\r\n\t\t\tSeBackupPrivilege\r\n\t\t\tSeRestorePrivilege\r\n\t\t\tSeShutdownPrivilege\r\n\r\nDisabled Privileges:\r\n\t\t\t-","Category":"Token Right Adjusted Events","Opcode":"Info","SubjectDomainName":"THESHIRE","TargetUserSid":"S-1-0-0","TargetLogonId":"0x3e7","EventReceivedTime":"2020-08-07 11:07:49","port":60122,"SourceModuleName":"eventlog","ProcessId":"0x934","EnabledPrivilegeList":"SeAssignPrimaryTokenPrivilege\r\n\t\t\tSeIncreaseQuotaPrivilege\r\n\t\t\tSeSecurityPrivilege\r\n\t\t\tSeTakeOwnershipPrivilege\r\n\t\t\tSeLoadDriverPrivilege\r\n\t\t\tSeBackupPrivilege\r\n\t\t\tSeRestorePrivilege\r\n\t\t\tSeShutdownPrivilege","ExecutionProcessID":4,"ProcessName":"C:\\Windows\\System32\\svchost.exe","host":"wec.internal.cloudapp.net","SubjectUserSid":"S-1-5-18","SubjectUserName":"MORDORDC$","Severity":"INFO","TargetUserName":"MORDORDC$","SeverityValue":2,"EventID":4703,"DisabledPrivilegeList":"-","ProviderGuid":"{54849625-5478-4994-A5BA-3E3B0328C30D}","RecordNumber":772804,"SourceModuleType":"im_msvistalog","Keywords":-9214364837600034816,"tags":["mordorDataset"]}
{"TargetDomainName":"THESHIRE","SubjectLogonId":"0x3e7","@version":"1","EventType":"AUDIT_SUCCESS","Version":0,"ThreadID":6692,"EventTime":"2020-08-07 11:07:47","Task":13317,"Channel":"Security","SourceName":"Microsoft-Windows-Security-Auditing","OpcodeValue":0,"Hostname":"MORDORDC.theshire.local","@timestamp":"2020-08-07T15:07:49.299Z","Message":"A token right was adjusted.\r\n\r\nSubject:\r\n\tSecurity ID:\t\tS-1-5-18\r\n\tAccount Name:\t\tMORDORDC$\r\n\tAccount Domain:\t\tTHESHIRE\r\n\tLogon ID:\t\t0x3E7\r\n\r\nTarget Account:\r\n\tSecurity ID:\t\tS-1-0-0\r\n\tAccount Name:\t\tMORDORDC$\r\n\tAccount Domain:\t\tTHESHIRE\r\n\tLogon ID:\t\t0x3E7\r\n\r\nProcess Information:\r\n\tProcess ID:\t\t0x934\r\n\tProcess Name:\t\tC:\\Windows\\System32\\svchost.exe\r\n\r\nEnabled Privileges:\r\n\t\t\tSeAssignPrimaryTokenPrivilege\r\n\t\t\tSeIncreaseQuotaPrivilege\r\n\t\t\tSeSecurityPrivilege\r\n\t\t\tSeTakeOwnershipPrivilege\r\n\t\t\tSeLoadDriverPrivilege\r\n\t\t\tSeBackupPrivilege\r\n\t\t\tSeRestorePrivilege\r\n\t\t\tSeShutdownPrivilege\r\n\r\nDisabled Privileges:\r\n\t\t\t-","Category":"Token Right Adjusted Events","Opcode":"Info","SubjectDomainName":"THESHIRE","TargetUserSid":"S-1-0-0","TargetLogonId":"0x3e7","EventReceivedTime":"2020-08-07 11:07:49","port":60122,"SourceModuleName":"eventlog","ProcessId":"0x934","EnabledPrivilegeList":"SeAssignPrimaryTokenPrivilege\r\n\t\t\tSeIncreaseQuotaPrivilege\r\n\t\t\tSeSecurityPrivilege\r\n\t\t\tSeTakeOwnershipPrivilege\r\n\t\t\tSeLoadDriverPrivilege\r\n\t\t\tSeBackupPrivilege\r\n\t\t\tSeRestorePrivilege\r\n\t\t\tSeShutdownPrivilege","ExecutionProcessID":4,"ProcessName":"C:\\Windows\\System32\\svchost.exe","host":"wec.internal.cloudapp.net","SubjectUserSid":"S-1-5-18","SubjectUserName":"MORDORDC$","Severity":"INFO","TargetUserName":"MORDORDC$","SeverityValue":2,"EventID":4703,"DisabledPrivilegeList":"-","ProviderGuid":"{54849625-5478-4994-A5BA-3E3B0328C30D}","RecordNumber":772805,"SourceModuleType":"im_msvistalog","Keywords":-9214364837600034816,"tags":["mordorDataset"]}
{"TargetDomainName":"THESHIRE","SubjectLogonId":"0x3e7","@version":"1","EventType":"AUDIT_SUCCESS","Version":0,"ThreadID":6692,"EventTime":"2020-08-07 11:07:47","Task":13317,"Channel":"Security","SourceName":"Microsoft-Windows-Security-Auditing","OpcodeValue":0,"Hostname":"MORDORDC.theshire.local","@timestamp":"2020-08-07T15:07:49.299Z","Message":"A token right was adjusted.\r\n\r\nSubject:\r\n\tSecurity ID:\t\tS-1-5-18\r\n\tAccount Name:\t\tMORDORDC$\r\n\tAccount Domain:\t\tTHESHIRE\r\n\tLogon ID:\t\t0x3E7\r\n\r\nTarget Account:\r\n\tSecurity ID:\t\tS-1-0-0\r\n\tAccount Name:\t\tMORDORDC$\r\n\tAccount Domain:\t\tTHESHIRE\r\n\tLogon ID:\t\t0x3E7\r\n\r\nProcess Information:\r\n\tProcess ID:\t\t0x934\r\n\tProcess Name:\t\tC:\\Windows\\System32\\svchost.exe\r\n\r\nEnabled Privileges:\r\n\t\t\tSeAssignPrimaryTokenPrivilege\r\n\t\t\tSeIncreaseQuotaPrivilege\r\n\t\t\tSeSecurityPrivilege\r\n\t\t\tSeTakeOwnershipPrivilege\r\n\t\t\tSeLoadDriverPrivilege\r\n\t\t\tSeSystemtimePrivilege\r\n\t\t\tSeBackupPrivilege\r\n\t\t\tSeRestorePrivilege\r\n\t\t\tSeShutdownPrivilege\r\n\t\t\tSeSystemEnvironmentPrivilege\r\n\t\t\tSeUndockPrivilege\r\n\t\t\tSeManageVolumePrivilege\r\n\r\nDisabled Privileges:\r\n\t\t\t-","Category":"Token Right Adjusted Events","Opcode":"Info","SubjectDomainName":"THESHIRE","TargetUserSid":"S-1-0-0","TargetLogonId":"0x3e7","EventReceivedTime":"2020-08-07 11:07:49","port":60122,"SourceModuleName":"eventlog","ProcessId":"0x934","EnabledPrivilegeList":"SeAssignPrimaryTokenPrivilege\r\n\t\t\tSeIncreaseQuotaPrivilege\r\n\t\t\tSeSecurityPrivilege\r\n\t\t\tSeTakeOwnershipPrivilege\r\n\t\t\tSeLoadDriverPrivilege\r\n\t\t\tSeSystemtimePrivilege\r\n\t\t\tSeBackupPrivilege\r\n\t\t\tSeRestorePrivilege\r\n\t\t\tSeShutdownPrivilege\r\n\t\t\tSeSystemEnvironmentPrivilege\r\n\t\t\tSeUndockPrivilege\r\n\t\t\tSeManageVolumePrivilege","ExecutionProcessID":4,"ProcessName":"C:\\Windows\\System32\\svchost.exe","host":"wec.internal.cloudapp.net","SubjectUserSid":"S-1-5-18","SubjectUserName":"MORDORDC$","Severity":"INFO","TargetUserName":"MORDORDC$","SeverityValue":2,"EventID":4703,"DisabledPrivilegeList":"-","ProviderGuid":"{54849625-5478-4994-A5BA-3E3B0328C30D}","RecordNumber":772806,"SourceModuleType":"im_msvistalog","Keywords":-9214364837600034816,"tags":["mordorDataset"]}
{"tags":["mordorDataset"],"@version":"1","EventType":"AUDIT_SUCCESS","Version":1,"ThreadID":6176,"EventTime":"2020-08-07 11:07:47","Task":12810,"DestAddress":"169.254.169.254","SourcePort":"50110","Channel":"Security","SourceName":"Microsoft-Windows-Security-Auditing","OpcodeValue":0,"Hostname":"WORKSTATION6.theshire.local","@timestamp":"2020-08-07T15:07:49.299Z","Message":"The Windows Filtering Platform has permitted a connection.\r\n\r\nApplication Information:\r\n\tProcess ID:\t\t3548\r\n\tApplication Name:\t\\device\\harddiskvolume2\\packages\\plugins\\microsoft.azure.networkwatcher.networkwatcheragentwindows\\1.4.1587.1\\networkwatcheragent\\networkwatcheragent.exe\r\n\r\nNetwork Information:\r\n\tDirection:\t\tOutbound\r\n\tSource Address:\t\t172.18.39.6\r\n\tSource Port:\t\t50110\r\n\tDestination Address:\t169.254.169.254\r\n\tDestination Port:\t\t80\r\n\tProtocol:\t\t6\r\n\r\nFilter Information:\r\n\tFilter Run-Time ID:\t69426\r\n\tLayer Name:\t\tConnect\r\n\tLayer Run-Time ID:\t48","Category":"Filtering Platform Connection","Opcode":"Info","SourceModuleName":"eventlog","ProcessId":"3548","EventReceivedTime":"2020-08-07 11:07:49","port":60122,"Application":"\\device\\harddiskvolume2\\packages\\plugins\\microsoft.azure.networkwatcher.networkwatcheragentwindows\\1.4.1587.1\\networkwatcheragent\\networkwatcheragent.exe","ExecutionProcessID":4,"Direction":"%%14593","RemoteMachineID":"S-1-0-0","host":"wec.internal.cloudapp.net","DestPort":"80","Severity":"INFO","LayerRTID":"48","LayerName":"%%14611","SeverityValue":2,"EventID":5156,"SourceAddress":"172.18.39.6","ProviderGuid":"{54849625-5478-4994-A5BA-3E3B0328C30D}","RecordNumber":236766,"SourceModuleType":"im_msvistalog","Keywords":-9214364837600034816,"FilterRTID":"69426","Protocol":"6","RemoteUserID":"S-1-0-0"}
