{"tags":["mordorDataset"],"@version":"1","EventType":"CreateKey","Version":2,"ThreadID":4208,"EventTime":"2020-08-07 11:06:23","Task":12,"AccountType":"User","Channel":"Microsoft-Windows-Sysmon/Operational","EventTypeOrignal":"INFO","SourceName":"Microsoft-Windows-Sysmon","Hostname":"MORDORDC.theshire.local","@timestamp":"2020-08-07T15:06:24.819Z","OpcodeValue":0,"Message":"Registry object added or deleted:\r\nRuleName: -\r\nEventType: CreateKey\r\nUtcTime: 2020-08-07 15:06:23.481\r\nProcessGuid: {9f85ce58-59df-5f2b-3300-000000000400}\r\nProcessId: 2356\r\nImage: C:\\windows\\system32\\svchost.exe\r\nTargetObject: HKCR","SourceModuleName":"eventlog","ProcessId":"2356","EventReceivedTime":"2020-08-07 11:06:24","port":60122,"AccountName":"SYSTEM","UtcTime":"2020-08-07 15:06:23.481","Domain":"NT AUTHORITY","ExecutionProcessID":3888,"host":"wec.internal.cloudapp.net","Severity":"INFO","TargetObject":"HKCR","SeverityValue":2,"EventID":12,"UserID":"S-1-5-18","ProviderGuid":"{5770385F-C22A-43E0-BF4C-06F5698FFBD9}","RecordNumber":764681,"Image":"C:\\windows\\system32\\svchost.exe","Keywords":-9223372036854775808,"ProcessGuid":"{9f85ce58-59df-5f2b-3300-000000000400}","SourceModuleType":"im_msvistalog","RuleName":"-"}
{"TargetDomainName":"THESHIRE","SubjectLogonId":"0x3e7","@version":"1","EventType":"AUDIT_SUCCESS","Version":0,"ThreadID":6756,"EventTime":"2020-08-07 11:06:23","Task":13317,"Channel":"Security","SourceName":"Microsoft-Windows-Security-Auditing","OpcodeValue":0,"Hostname":"MORDORDC.theshire.local","@timestamp":"2020-08-07T15:06:24.819Z","Message":"A token right was adjusted.\r\n\r\nSubject:\r\n\tSecurity ID:\t\tS-1-5-18\r\n\tAccount Name:\t\tMORDORDC$\r\n\tAccount Domain:\t\tTHESHIRE\r\n\tLogon ID:\t\t0x3E7\r\n\r\nTarget Account:\r\n\tSecurity ID:\t\tS-1-0-0\r\n\tAccount Name:\t\tMORDORDC$\r\n\tAccount Domain:\t\tTHESHIRE\r\n\tLogon ID:\t\t0x3E7\r\n\r\nProcess Information:\r\n\tProcess ID:\t\t0x934\r\n\tProcess Name:\t\tC:\\Windows\\System32\\svchost.exe\r\n\r\nEnabled Privileges:\r\n\t\t\tSeAssignPrimaryTokenPrivilege\r\n\t\t\tSeIncreaseQuotaPrivilege\r\n\t\t\tSeSecurityPrivilege\r\n\t\t\tSeTakeOwnershipPrivilege\r\n\t\t\tSeLoadDriverPrivilege\r\n\t\t\tSeSystemtimePrivilege\r\n\t\t\tSeBackupPrivilege\r\n\t\t\tSeRestorePrivilege\r\n\t\t\tSeShutdownPrivilege\r\n\t\t\tSeSystemEnvironmentPrivilege\r\n\t\t\tSeUndockPrivilege\r\n\t\t\tSeManageVolumePrivilege\r\n\r\nDisabled Privileges:\r\n\t\t\t-","Category":"Token Right Adjusted Events","Opcode":"Info","SubjectDomainName":"THESHIRE","TargetUserSid":"S-1-0-0","TargetLogonId":"0x3e7","EventReceivedTime":"2020-08-07 11:06:24","port":60122,"SourceModuleName":"eventlog","ProcessId":"0x934","EnabledPrivilegeList":"SeAssignPrimaryTokenPrivilege\r\n\t\t\tSeIncreaseQuotaPrivilege\r\n\t\t\tSeSecurityPrivilege\r\n\t\t\tSeTakeOwnershipPrivilege\r\n\t\t\tSeLoadDriverPrivilege\r\n\t\t\tSeSystemtimePrivilege\r\n\t\t\tSeBackupPrivilege\r\n\t\t\tSeRestorePrivilege\r\n\t\t\tSeShutdownPrivilege\r\n\t\t\tSeSystemEnvironmentPrivilege\r\n\t\t\tSeUndockPrivilege\r\n\t\t\tSeManageVolumePrivilege","ExecutionProcessID":4,"ProcessName":"C:\\Windows\\System32\\svchost.exe","host":"wec.internal.cloudapp.net","SubjectUserSid":"S-1-5-18","SubjectUserName":"MORDORDC$","Severity":"INFO","TargetUserName":"MORDORDC$","SeverityValue":2,"EventID":4703,"DisabledPrivilegeList":"-","ProviderGuid":"{54849625-5478-4994-A5BA-3E3B0328C30D}","RecordNumber":772666,"SourceModuleType":"im_msvistalog","Keywords":-9214364837600034816,"tags":["mordorDataset"]}
{"tags":["mordorDataset"],"@version":"1","EventType":"CreateKey","Version":2,"ThreadID":4208,"EventTime":"2020-08-07 11:06:23","Task":12,"AccountType":"User","Channel":"Microsoft-Windows-Sysmon/Operational","EventTypeOrignal":"INFO","SourceName":"Microsoft-Windows-Sysmon","Hostname":"MORDORDC.theshire.local","@timestamp":"2020-08-07T15:06:24.819Z","OpcodeValue":0,"Message":"Registry object added or deleted:\r\nRuleName: -\r\nEventType: CreateKey\r\nUtcTime: 2020-08-07 15:06:23.481\r\nProcessGuid: {9f85ce58-59df-5f2b-3300-000000000400}\r\nProcessId: 2356\r\nImage: C:\\windows\\system32\\svchost.exe\r\nTargetObject: HKCR","SourceModuleName":"eventlog","ProcessId":"2356","EventReceivedTime":"2020-08-07 11:06:24","port":60122,"AccountName":"SYSTEM","UtcTime":"2020-08-07 15:06:23.481","Domain":"NT AUTHORITY","ExecutionProcessID":3888,"host":"wec.internal.cloudapp.net","Severity":"INFO","TargetObject":"HKCR","SeverityValue":2,"EventID":12,"UserID":"S-1-5-18","ProviderGuid":"{5770385F-C22A-43E0-BF4C-06F5698FFBD9}","RecordNumber":764682,"Image":"C:\\windows\\system32\\svchost.exe","Keywords":-9223372036854775808,"ProcessGuid":"{9f85ce58-59df-5f2b-3300-000000000400}","SourceModuleType":"im_msvistalog","RuleName":"-"}
{"TargetDomainName":"THESHIRE","SubjectLogonId":"0x3e7","@version":"1","EventType":"AUDIT_SUCCESS","Version":0,"ThreadID":6756,"EventTime":"2020-08-07 11:06:23","Task":13317,"Channel":"Security","SourceName":"Microsoft-Windows-Security-Auditing","OpcodeValue":0,"Hostname":"MORDORDC.theshire.local","@timestamp":"2020-08-07T15:06:24.819Z","Message":"A token right was adjusted.\r\n\r\nSubject:\r\n\tSecurity ID:\t\tS-1-5-18\r\n\tAccount Name:\t\tMORDORDC$\r\n\tAccount Domain:\t\tTHESHIRE\r\n\tLogon ID:\t\t0x3E7\r\n\r\nTarget Account:\r\n\tSecurity ID:\t\tS-1-0-0\r\n\tAccount Name:\t\tMORDORDC$\r\n\tAccount Domain:\t\tTHESHIRE\r\n\tLogon ID:\t\t0x3E7\r\n\r\nProcess Information:\r\n\tProcess ID:\t\t0x934\r\n\tProcess Name:\t\tC:\\Windows\\System32\\svchost.exe\r\n\r\nEnabled Privileges:\r\n\t\t\tSeAssignPrimaryTokenPrivilege\r\n\t\t\tSeIncreaseQuotaPrivilege\r\n\t\t\tSeSecurityPrivilege\r\n\t\t\tSeTakeOwnershipPrivilege\r\n\t\t\tSeLoadDriverPrivilege\r\n\t\t\tSeSystemtimePrivilege\r\n\t\t\tSeBackupPrivilege\r\n\t\t\tSeRestorePrivilege\r\n\t\t\tSeShutdownPrivilege\r\n\t\t\tSeSystemEnvironmentPrivilege\r\n\t\t\tSeUndockPrivilege\r\n\t\t\tSeManageVolumePrivilege\r\n\r\nDisabled Privileges:\r\n\t\t\t-","Category":"Token Right Adjusted Events","Opcode":"Info","SubjectDomainName":"THESHIRE","TargetUserSid":"S-1-0-0","TargetLogonId":"0x3e7","EventReceivedTime":"2020-08-07 11:06:24","port":60122,"SourceModuleName":"eventlog","ProcessId":"0x934","EnabledPrivilegeList":"SeAssignPrimaryTokenPrivilege\r\n\t\t\tSeIncreaseQuotaPrivilege\r\n\t\t\tSeSecurityPrivilege\r\n\t\t\tSeTakeOwnershipPrivilege\r\n\t\t\tSeLoadDriverPrivilege\r\n\t\t\tSeSystemtimePrivilege\r\n\t\t\tSeBackupPrivilege\r\n\t\t\tSeRestorePrivilege\r\n\t\t\tSeShutdownPrivilege\r\n\t\t\tSeSystemEnvironmentPrivilege\r\n\t\t\tSeUndockPrivilege\r\n\t\t\tSeManageVolumePrivilege","ExecutionProcessID":4,"ProcessName":"C:\\Windows\\System32\\svchost.exe","host":"wec.internal.cloudapp.net","SubjectUserSid":"S-1-5-18","SubjectUserName":"MORDORDC$","Severity":"INFO","TargetUserName":"MORDORDC$","SeverityValue":2,"EventID":4703,"DisabledPrivilegeList":"-","ProviderGuid":"{54849625-5478-4994-A5BA-3E3B0328C30D}","RecordNumber":772667,"SourceModuleType":"im_msvistalog","Keywords":-9214364837600034816,"tags":["mordorDataset"]}
{"tags":["mordorDataset"],"@version":"1","EventType":"CreateKey","Version":2,"ThreadID":4208,"EventTime":"2020-08-07 11:06:23","Task":12,"AccountType":"User","Channel":"Microsoft-Windows-Sysmon/Operational","EventTypeOrignal":"INFO","SourceName":"Microsoft-Windows-Sysmon","Hostname":"MORDORDC.theshire.local","@timestamp":"2020-08-07T15:06:24.820Z","OpcodeValue":0,"Message":"Registry object added or deleted:\r\nRuleName: -\r\nEventType: CreateKey\r\nUtcTime: 2020-08-07 15:06:23.481\r\nProcessGuid: {9f85ce58-59df-5f2b-3300-000000000400}\r\nProcessId: 2356\r\nImage: C:\\windows\\system32\\svchost.exe\r\nTargetObject: HKCR","SourceModuleName":"eventlog","ProcessId":"2356","EventReceivedTime":"2020-08-07 11:06:24","port":60122,"AccountName":"SYSTEM","UtcTime":"2020-08-07 15:06:23.481","Domain":"NT AUTHORITY","ExecutionProcessID":3888,"host":"wec.internal.cloudapp.net","Severity":"INFO","TargetObject":"HKCR","SeverityValue":2,"EventID":12,"UserID":"S-1-5-18","ProviderGuid":"{5770385F-C22A-43E0-BF4C-06F5698FFBD9}","RecordNumber":764683,"Image":"C:\\windows\\system32\\svchost.exe","Keywords":-9223372036854775808,"ProcessGuid":"{9f85ce58-59df-5f2b-3300-000000000400}","SourceModuleType":"im_msvistalog","RuleName":"-"}
{"TargetDomainName":"THESHIRE","SubjectLogonId":"0x3e7","@version":"1","EventType":"AUDIT_SUCCESS","Version":0,"ThreadID":6756,"EventTime":"2020-08-07 11:06:23","Task":13317,"Channel":"Security","SourceName":"Microsoft-Windows-Security-Auditing","OpcodeValue":0,"Hostname":"MORDORDC.theshire.local","@timestamp":"2020-08-07T15:06:25.823Z","Message":"A token right was adjusted.\r\n\r\nSubject:\r\n\tSecurity ID:\t\tS-1-5-18\r\n\tAccount Name:\t\tMORDORDC$\r\n\tAccount Domain:\t\tTHESHIRE\r\n\tLogon ID:\t\t0x3E7\r\n\r\nTarget Account:\r\n\tSecurity ID:\t\tS-1-0-0\r\n\tAccount Name:\t\tMORDORDC$\r\n\tAccount Domain:\t\tTHESHIRE\r\n\tLogon ID:\t\t0x3E7\r\n\r\nProcess Information:\r\n\tProcess ID:\t\t0x934\r\n\tProcess Name:\t\tC:\\Windows\\System32\\svchost.exe\r\n\r\nEnabled Privileges:\r\n\t\t\tSeAssignPrimaryTokenPrivilege\r\n\t\t\tSeIncreaseQuotaPrivilege\r\n\t\t\tSeSecurityPrivilege\r\n\t\t\tSeTakeOwnershipPrivilege\r\n\t\t\tSeLoadDriverPrivilege\r\n\t\t\tSeBackupPrivilege\r\n\t\t\tSeRestorePrivilege\r\n\t\t\tSeShutdownPrivilege\r\n\r\nDisabled Privileges:\r\n\t\t\t-","Category":"Token Right Adjusted Events","Opcode":"Info","SubjectDomainName":"THESHIRE","TargetUserSid":"S-1-0-0","TargetLogonId":"0x3e7","EventReceivedTime":"2020-08-07 11:06:25","port":60122,"SourceModuleName":"eventlog","ProcessId":"0x934","EnabledPrivilegeList":"SeAssignPrimaryTokenPrivilege\r\n\t\t\tSeIncreaseQuotaPrivilege\r\n\t\t\tSeSecurityPrivilege\r\n\t\t\tSeTakeOwnershipPrivilege\r\n\t\t\tSeLoadDriverPrivilege\r\n\t\t\tSeBackupPrivilege\r\n\t\t\tSeRestorePrivilege\r\n\t\t\tSeShutdownPrivilege","ExecutionProcessID":4,"ProcessName":"C:\\Windows\\System32\\svchost.exe","host":"wec.internal.cloudapp.net","SubjectUserSid":"S-1-5-18","SubjectUserName":"MORDORDC$","Severity":"INFO","TargetUserName":"MORDORDC$","SeverityValue":2,"EventID":4703,"DisabledPrivilegeList":"-","ProviderGuid":"{54849625-5478-4994-A5BA-3E3B0328C30D}","RecordNumber":772668,"SourceModuleType":"im_msvistalog","Keywords":-9214364837600034816,"tags":["mordorDataset"]}
{"tags":["mordorDataset"],"@version":"1","EventType":"CreateKey","Version":2,"ThreadID":4208,"EventTime":"2020-08-07 11:06:23","Task":12,"AccountType":"User","Channel":"Microsoft-Windows-Sysmon/Operational","EventTypeOrignal":"INFO","SourceName":"Microsoft-Windows-Sysmon","Hostname":"MORDORDC.theshire.local","@timestamp":"2020-08-07T15:06:25.824Z","OpcodeValue":0,"Message":"Registry object added or deleted:\r\nRuleName: -\r\nEventType: CreateKey\r\nUtcTime: 2020-08-07 15:06:23.481\r\nProcessGuid: {9f85ce58-59df-5f2b-3300-000000000400}\r\nProcessId: 2356\r\nImage: C:\\windows\\system32\\svchost.exe\r\nTargetObject: HKCR","SourceModuleName":"eventlog","ProcessId":"2356","EventReceivedTime":"2020-08-07 11:06:25","port":60122,"AccountName":"SYSTEM","UtcTime":"2020-08-07 15:06:23.481","Domain":"NT AUTHORITY","ExecutionProcessID":3888,"host":"wec.internal.cloudapp.net","Severity":"INFO","TargetObject":"HKCR","SeverityValue":2,"EventID":12,"UserID":"S-1-5-18","ProviderGuid":"{5770385F-C22A-43E0-BF4C-06F5698FFBD9}","RecordNumber":764684,"Image":"C:\\windows\\system32\\svchost.exe","Keywords":-9223372036854775808,"ProcessGuid":"{9f85ce58-59df-5f2b-3300-000000000400}","SourceModuleType":"im_msvistalog","RuleName":"-"}
{"tags":["mordorDataset"],"@version":"1","EventType":"CreateKey","Version":2,"ThreadID":4208,"EventTime":"2020-08-07 11:06:23","Task":12,"AccountType":"User","Channel":"Microsoft-Windows-Sysmon/Operational","EventTypeOrignal":"INFO","SourceName":"Microsoft-Windows-Sysmon","Hostname":"MORDORDC.theshire.local","@timestamp":"2020-08-07T15:06:25.824Z","OpcodeValue":0,"Message":"Registry object added or deleted:\r\nRuleName: -\r\nEventType: CreateKey\r\nUtcTime: 2020-08-07 15:06:23.481\r\nProcessGuid: {9f85ce58-59df-5f2b-3300-000000000400}\r\nProcessId: 2356\r\nImage: C:\\windows\\system32\\svchost.exe\r\nTargetObject: HKCR","SourceModuleName":"eventlog","ProcessId":"2356","EventReceivedTime":"2020-08-07 11:06:25","port":60122,"AccountName":"SYSTEM","UtcTime":"2020-08-07 15:06:23.481","Domain":"NT AUTHORITY","ExecutionProcessID":3888,"host":"wec.internal.cloudapp.net","Severity":"INFO","TargetObject":"HKCR","SeverityValue":2,"EventID":12,"UserID":"S-1-5-18","ProviderGuid":"{5770385F-C22A-43E0-BF4C-06F5698FFBD9}","RecordNumber":764685,"Image":"C:\\windows\\system32\\svchost.exe","Keywords":-9223372036854775808,"ProcessGuid":"{9f85ce58-59df-5f2b-3300-000000000400}","SourceModuleType":"im_msvistalog","RuleName":"-"}
{"tags":["mordorDataset"],"@version":"1","EventType":"CreateKey","Version":2,"ThreadID":4208,"EventTime":"2020-08-07 11:06:23","Task":12,"AccountType":"User","Channel":"Microsoft-Windows-Sysmon/Operational","EventTypeOrignal":"INFO","SourceName":"Microsoft-Windows-Sysmon","Hostname":"MORDORDC.theshire.local","@timestamp":"2020-08-07T15:06:25.824Z","OpcodeValue":0,"Message":"Registry object added or deleted:\r\nRuleName: -\r\nEventType: CreateKey\r\nUtcTime: 2020-08-07 15:06:23.481\r\nProcessGuid: {9f85ce58-59df-5f2b-3300-000000000400}\r\nProcessId: 2356\r\nImage: C:\\windows\\system32\\svchost.exe\r\nTargetObject: HKCR","SourceModuleName":"eventlog","ProcessId":"2356","EventReceivedTime":"2020-08-07 11:06:25","port":60122,"AccountName":"SYSTEM","UtcTime":"2020-08-07 15:06:23.481","Domain":"NT AUTHORITY","ExecutionProcessID":3888,"host":"wec.internal.cloudapp.net","Severity":"INFO","TargetObject":"HKCR","SeverityValue":2,"EventID":12,"UserID":"S-1-5-18","ProviderGuid":"{5770385F-C22A-43E0-BF4C-06F5698FFBD9}","RecordNumber":764686,"Image":"C:\\windows\\system32\\svchost.exe","Keywords":-9223372036854775808,"ProcessGuid":"{9f85ce58-59df-5f2b-3300-000000000400}","SourceModuleType":"im_msvistalog","RuleName":"-"}
{"tags":["mordorDataset"],"TargetProcessGUID":"{9f85ce58-59ed-5f2b-4f00-000000000400}","@version":"1","EventType":"INFO","Version":3,"ThreadID":4208,"EventTime":"2020-08-07 11:06:23","Task":10,"AccountType":"User","SourceProcessGUID":"{9f85ce58-59df-5f2b-3300-000000000400}","CallTrace":"C:\\windows\\SYSTEM32\\ntdll.dll+9fc24|C:\\windows\\System32\\KERNELBASE.dll+212ee|C:\\windows\\system32\\wbem\\wmiprvsd.dll+8b2b7|C:\\windows\\system32\\wbem\\wmiprvsd.dll+4f558|C:\\windows\\system32\\wbem\\wmiprvsd.dll+51969|C:\\windows\\system32\\wbem\\wmiprvsd.dll+86044|C:\\windows\\system32\\wbem\\wbemcore.dll+76ac|C:\\windows\\system32\\wbem\\wbemcore.dll+7383|C:\\windows\\system32\\wbem\\wbemcore.dll+285a3|C:\\windows\\system32\\wbem\\wbemcore.dll+28529|C:\\windows\\system32\\wbem\\wbemcore.dll+2842a|C:\\windows\\system32\\wbem\\wbemcore.dll+28c29|C:\\windows\\system32\\wbem\\wbemcore.dll+2887e|C:\\windows\\system32\\wbem\\wbemcore.dll+285a3|C:\\windows\\system32\\wbem\\wbemcore.dll+28529|C:\\windows\\system32\\wbem\\wbemcore.dll+2842a|C:\\windows\\system32\\wbem\\wbemcore.dll+7ca3|C:\\windows\\system32\\wbem\\wbemcore.dll+7fa9|C:\\windows\\System32\\KERNEL32.DLL+17974|C:\\windows\\SYSTEM32\\ntdll.dll+6a271","Channel":"Microsoft-Windows-Sysmon/Operational","SourceName":"Microsoft-Windows-Sysmon","OpcodeValue":0,"Hostname":"MORDORDC.theshire.local","@timestamp":"2020-08-07T15:06:25.824Z","Message":"Process accessed:\r\nRuleName: -\r\nUtcTime: 2020-08-07 15:06:23.481\r\nSourceProcessGUID: {9f85ce58-59df-5f2b-3300-000000000400}\r\nSourceProcessId: 2356\r\nSourceThreadId: 4744\r\nSourceImage: C:\\windows\\system32\\svchost.exe\r\nTargetProcessGUID: {9f85ce58-59ed-5f2b-4f00-000000000400}\r\nTargetProcessId: 3596\r\nTargetImage: C:\\windows\\system32\\DFSRs.exe\r\nGrantedAccess: 0x1FFFFF\r\nCallTrace: C:\\windows\\SYSTEM32\\ntdll.dll+9fc24|C:\\windows\\System32\\KERNELBASE.dll+212ee|C:\\windows\\system32\\wbem\\wmiprvsd.dll+8b2b7|C:\\windows\\system32\\wbem\\wmiprvsd.dll+4f558|C:\\windows\\system32\\wbem\\wmiprvsd.dll+51969|C:\\windows\\system32\\wbem\\wmiprvsd.dll+86044|C:\\windows\\system32\\wbem\\wbemcore.dll+76ac|C:\\windows\\system32\\wbem\\wbemcore.dll+7383|C:\\windows\\system32\\wbem\\wbemcore.dll+285a3|C:\\windows\\system32\\wbem\\wbemcore.dll+28529|C:\\windows\\system32\\wbem\\wbemcore.dll+2842a|C:\\windows\\system32\\wbem\\wbemcore.dll+28c29|C:\\windows\\system32\\wbem\\wbemcore.dll+2887e|C:\\windows\\system32\\wbem\\wbemcore.dll+285a3|C:\\windows\\system32\\wbem\\wbemcore.dll+28529|C:\\windows\\system32\\wbem\\wbemcore.dll+2842a|C:\\windows\\system32\\wbem\\wbemcore.dll+7ca3|C:\\windows\\system32\\wbem\\wbemcore.dll+7fa9|C:\\windows\\System32\\KERNEL32.DLL+17974|C:\\windows\\SYSTEM32\\ntdll.dll+6a271","SourceModuleName":"eventlog","ProcessId":"2356","SourceImage":"C:\\windows\\system32\\svchost.exe","EventReceivedTime":"2020-08-07 11:06:25","port":60122,"AccountName":"SYSTEM","UtcTime":"2020-08-07 15:06:23.481","GrantedAccess":"0x1fffff","Domain":"NT AUTHORITY","ExecutionProcessID":3888,"host":"wec.internal.cloudapp.net","SourceProcessId":"2356","SourceThreadId":"4744","Severity":"INFO","TargetProcessId":"3596","SeverityValue":2,"EventID":10,"UserID":"S-1-5-18","ProviderGuid":"{5770385F-C22A-43E0-BF4C-06F5698FFBD9}","RecordNumber":764687,"SourceModuleType":"im_msvistalog","Keywords":-9223372036854775808,"TargetImage":"C:\\windows\\system32\\DFSRs.exe","RuleName":"-"}
{"tags":["mordorDataset"],"TargetProcessGUID":"{9f85ce58-59ed-5f2b-4f00-000000000400}","@version":"1","EventType":"INFO","Version":3,"ThreadID":4208,"EventTime":"2020-08-07 11:06:23","Task":10,"AccountType":"User","SourceProcessGUID":"{9f85ce58-59df-5f2b-3300-000000000400}","CallTrace":"C:\\windows\\SYSTEM32\\ntdll.dll+9fc24|C:\\windows\\System32\\KERNELBASE.dll+212ee|C:\\windows\\system32\\wbem\\wmiprvsd.dll+4feeb|C:\\windows\\system32\\wbem\\wmiprvsd.dll+54705|C:\\windows\\system32\\wbem\\wmiprvsd.dll+4f5ae|C:\\windows\\system32\\wbem\\wmiprvsd.dll+51969|C:\\windows\\system32\\wbem\\wmiprvsd.dll+86044|C:\\windows\\system32\\wbem\\wbemcore.dll+76ac|C:\\windows\\system32\\wbem\\wbemcore.dll+7383|C:\\windows\\system32\\wbem\\wbemcore.dll+285a3|C:\\windows\\system32\\wbem\\wbemcore.dll+28529|C:\\windows\\system32\\wbem\\wbemcore.dll+2842a|C:\\windows\\system32\\wbem\\wbemcore.dll+28c29|C:\\windows\\system32\\wbem\\wbemcore.dll+2887e|C:\\windows\\system32\\wbem\\wbemcore.dll+285a3|C:\\windows\\system32\\wbem\\wbemcore.dll+28529|C:\\windows\\system32\\wbem\\wbemcore.dll+2842a|C:\\windows\\system32\\wbem\\wbemcore.dll+7ca3|C:\\windows\\system32\\wbem\\wbemcore.dll+7fa9|C:\\windows\\System32\\KERNEL32.DLL+17974|C:\\windows\\SYSTEM32\\ntdll.dll+6a271","Channel":"Microsoft-Windows-Sysmon/Operational","SourceName":"Microsoft-Windows-Sysmon","OpcodeValue":0,"Hostname":"MORDORDC.theshire.local","@timestamp":"2020-08-07T15:06:25.825Z","Message":"Process accessed:\r\nRuleName: -\r\nUtcTime: 2020-08-07 15:06:23.481\r\nSourceProcessGUID: {9f85ce58-59df-5f2b-3300-000000000400}\r\nSourceProcessId: 2356\r\nSourceThreadId: 4744\r\nSourceImage: C:\\windows\\system32\\svchost.exe\r\nTargetProcessGUID: {9f85ce58-59ed-5f2b-4f00-000000000400}\r\nTargetProcessId: 3596\r\nTargetImage: C:\\windows\\system32\\DFSRs.exe\r\nGrantedAccess: 0x1FFFFF\r\nCallTrace: C:\\windows\\SYSTEM32\\ntdll.dll+9fc24|C:\\windows\\System32\\KERNELBASE.dll+212ee|C:\\windows\\system32\\wbem\\wmiprvsd.dll+4feeb|C:\\windows\\system32\\wbem\\wmiprvsd.dll+54705|C:\\windows\\system32\\wbem\\wmiprvsd.dll+4f5ae|C:\\windows\\system32\\wbem\\wmiprvsd.dll+51969|C:\\windows\\system32\\wbem\\wmiprvsd.dll+86044|C:\\windows\\system32\\wbem\\wbemcore.dll+76ac|C:\\windows\\system32\\wbem\\wbemcore.dll+7383|C:\\windows\\system32\\wbem\\wbemcore.dll+285a3|C:\\windows\\system32\\wbem\\wbemcore.dll+28529|C:\\windows\\system32\\wbem\\wbemcore.dll+2842a|C:\\windows\\system32\\wbem\\wbemcore.dll+28c29|C:\\windows\\system32\\wbem\\wbemcore.dll+2887e|C:\\windows\\system32\\wbem\\wbemcore.dll+285a3|C:\\windows\\system32\\wbem\\wbemcore.dll+28529|C:\\windows\\system32\\wbem\\wbemcore.dll+2842a|C:\\windows\\system32\\wbem\\wbemcore.dll+7ca3|C:\\windows\\system32\\wbem\\wbemcore.dll+7fa9|C:\\windows\\System32\\KERNEL32.DLL+17974|C:\\windows\\SYSTEM32\\ntdll.dll+6a271","SourceModuleName":"eventlog","ProcessId":"2356","SourceImage":"C:\\windows\\system32\\svchost.exe","EventReceivedTime":"2020-08-07 11:06:25","port":60122,"AccountName":"SYSTEM","UtcTime":"2020-08-07 15:06:23.481","GrantedAccess":"0x1fffff","Domain":"NT AUTHORITY","ExecutionProcessID":3888,"host":"wec.internal.cloudapp.net","SourceProcessId":"2356","SourceThreadId":"4744","Severity":"INFO","TargetProcessId":"3596","SeverityValue":2,"EventID":10,"UserID":"S-1-5-18","ProviderGuid":"{5770385F-C22A-43E0-BF4C-06F5698FFBD9}","RecordNumber":764688,"SourceModuleType":"im_msvistalog","Keywords":-9223372036854775808,"TargetImage":"C:\\windows\\system32\\DFSRs.exe","RuleName":"-"}
{"tags":["mordorDataset"],"@version":"1","EventType":"SetValue","Version":2,"ThreadID":4364,"EventTime":"2020-08-07 11:06:25","Task":13,"AccountType":"User","Channel":"Microsoft-Windows-Sysmon/Operational","EventTypeOrignal":"INFO","SourceName":"Microsoft-Windows-Sysmon","Hostname":"WORKSTATION5.theshire.local","@timestamp":"2020-08-07T15:06:27.822Z","OpcodeValue":0,"Message":"Registry value set:\r\nRuleName: -\r\nEventType: SetValue\r\nUtcTime: 2020-08-07 15:06:25.097\r\nProcessGuid: {297bc33e-5c2e-5f2b-0c00-000000000400}\r\nProcessId: 768\r\nImage: C:\\windows\\system32\\lsass.exe\r\nTargetObject: HKLM\\System\\CurrentControlSet\\Services\\W32Time\\SecureTimeLimits\\SecureTimeHigh\r\nDetails: QWORD (0x01d66cd4-0xb31ce4fb)","SourceModuleName":"eventlog","ProcessId":"768","Details":"QWORD (0x01d66cd4-0xb31ce4fb)","port":60122,"AccountName":"SYSTEM","EventReceivedTime":"2020-08-07 11:06:27","UtcTime":"2020-08-07 15:06:25.097","Domain":"NT AUTHORITY","ExecutionProcessID":3284,"host":"wec.internal.cloudapp.net","Severity":"INFO","TargetObject":"HKLM\\System\\CurrentControlSet\\Services\\W32Time\\SecureTimeLimits\\SecureTimeHigh","SeverityValue":2,"EventID":13,"UserID":"S-1-5-18","ProviderGuid":"{5770385F-C22A-43E0-BF4C-06F5698FFBD9}","RecordNumber":743607,"Image":"C:\\windows\\system32\\lsass.exe","Keywords":-9223372036854775808,"ProcessGuid":"{297bc33e-5c2e-5f2b-0c00-000000000400}","SourceModuleType":"im_msvistalog","RuleName":"-"}
{"tags":["mordorDataset"],"@version":"1","EventType":"SetValue","Version":2,"ThreadID":4364,"EventTime":"2020-08-07 11:06:25","Task":13,"AccountType":"User","Channel":"Microsoft-Windows-Sysmon/Operational","EventTypeOrignal":"INFO","SourceName":"Microsoft-Windows-Sysmon","Hostname":"WORKSTATION5.theshire.local","@timestamp":"2020-08-07T15:06:27.823Z","OpcodeValue":0,"Message":"Registry value set:\r\nRuleName: -\r\nEventType: SetValue\r\nUtcTime: 2020-08-07 15:06:25.097\r\nProcessGuid: {297bc33e-5c2e-5f2b-0c00-000000000400}\r\nProcessId: 768\r\nImage: C:\\windows\\system32\\lsass.exe\r\nTargetObject: HKLM\\System\\CurrentControlSet\\Services\\W32Time\\SecureTimeLimits\\SecureTimeEstimated\r\nDetails: QWORD (0x01d66ccc-0x51587cfb)","SourceModuleName":"eventlog","ProcessId":"768","Details":"QWORD (0x01d66ccc-0x51587cfb)","port":60122,"AccountName":"SYSTEM","EventReceivedTime":"2020-08-07 11:06:27","UtcTime":"2020-08-07 15:06:25.097","Domain":"NT AUTHORITY","ExecutionProcessID":3284,"host":"wec.internal.cloudapp.net","Severity":"INFO","TargetObject":"HKLM\\System\\CurrentControlSet\\Services\\W32Time\\SecureTimeLimits\\SecureTimeEstimated","SeverityValue":2,"EventID":13,"UserID":"S-1-5-18","ProviderGuid":"{5770385F-C22A-43E0-BF4C-06F5698FFBD9}","RecordNumber":743608,"Image":"C:\\windows\\system32\\lsass.exe","Keywords":-9223372036854775808,"ProcessGuid":"{297bc33e-5c2e-5f2b-0c00-000000000400}","SourceModuleType":"im_msvistalog","RuleName":"-"}
{"tags":["mordorDataset"],"@version":"1","EventType":"SetValue","Version":2,"ThreadID":4364,"EventTime":"2020-08-07 11:06:25","Task":13,"AccountType":"User","Channel":"Microsoft-Windows-Sysmon/Operational","EventTypeOrignal":"INFO","SourceName":"Microsoft-Windows-Sysmon","Hostname":"WORKSTATION5.theshire.local","@timestamp":"2020-08-07T15:06:27.823Z","OpcodeValue":0,"Message":"Registry value set:\r\nRuleName: -\r\nEventType: SetValue\r\nUtcTime: 2020-08-07 15:06:25.097\r\nProcessGuid: {297bc33e-5c2e-5f2b-0c00-000000000400}\r\nProcessId: 768\r\nImage: C:\\windows\\system32\\lsass.exe\r\nTargetObject: HKLM\\System\\CurrentControlSet\\Services\\W32Time\\SecureTimeLimits\\SecureTimeLow\r\nDetails: QWORD (0x01d66cc3-0xef9414fb)","SourceModuleName":"eventlog","ProcessId":"768","Details":"QWORD (0x01d66cc3-0xef9414fb)","port":60122,"AccountName":"SYSTEM","EventReceivedTime":"2020-08-07 11:06:27","UtcTime":"2020-08-07 15:06:25.097","Domain":"NT AUTHORITY","ExecutionProcessID":3284,"host":"wec.internal.cloudapp.net","Severity":"INFO","TargetObject":"HKLM\\System\\CurrentControlSet\\Services\\W32Time\\SecureTimeLimits\\SecureTimeLow","SeverityValue":2,"EventID":13,"UserID":"S-1-5-18","ProviderGuid":"{5770385F-C22A-43E0-BF4C-06F5698FFBD9}","RecordNumber":743609,"Image":"C:\\windows\\system32\\lsass.exe","Keywords":-9223372036854775808,"ProcessGuid":"{297bc33e-5c2e-5f2b-0c00-000000000400}","SourceModuleType":"im_msvistalog","RuleName":"-"}
{"tags":["mordorDataset"],"@version":"1","EventType":"CreateKey","Version":2,"ThreadID":4364,"EventTime":"2020-08-07 11:06:25","Task":12,"AccountType":"User","Channel":"Microsoft-Windows-Sysmon/Operational","EventTypeOrignal":"INFO","SourceName":"Microsoft-Windows-Sysmon","Hostname":"WORKSTATION5.theshire.local","@timestamp":"2020-08-07T15:06:27.823Z","OpcodeValue":0,"Message":"Registry object added or deleted:\r\nRuleName: -\r\nEventType: CreateKey\r\nUtcTime: 2020-08-07 15:06:25.097\r\nProcessGuid: {297bc33e-5c2e-5f2b-0c00-000000000400}\r\nProcessId: 768\r\nImage: C:\\windows\\system32\\lsass.exe\r\nTargetObject: HKLM\\System\\CurrentControlSet\\Services\\W32Time\\SecureTimeLimits\\RunTime","SourceModuleName":"eventlog","ProcessId":"768","EventReceivedTime":"2020-08-07 11:06:27","port":60122,"AccountName":"SYSTEM","UtcTime":"2020-08-07 15:06:25.097","Domain":"NT AUTHORITY","ExecutionProcessID":3284,"host":"wec.internal.cloudapp.net","Severity":"INFO","TargetObject":"HKLM\\System\\CurrentControlSet\\Services\\W32Time\\SecureTimeLimits\\RunTime","SeverityValue":2,"EventID":12,"UserID":"S-1-5-18","ProviderGuid":"{5770385F-C22A-43E0-BF4C-06F5698FFBD9}","RecordNumber":743610,"Image":"C:\\windows\\system32\\lsass.exe","Keywords":-9223372036854775808,"ProcessGuid":"{297bc33e-5c2e-5f2b-0c00-000000000400}","SourceModuleType":"im_msvistalog","RuleName":"-"}
{"tags":["mordorDataset"],"@version":"1","EventType":"SetValue","Version":2,"ThreadID":4364,"EventTime":"2020-08-07 11:06:25","Task":13,"AccountType":"User","Channel":"Microsoft-Windows-Sysmon/Operational","EventTypeOrignal":"INFO","SourceName":"Microsoft-Windows-Sysmon","Hostname":"WORKSTATION5.theshire.local","@timestamp":"2020-08-07T15:06:27.823Z","OpcodeValue":0,"Message":"Registry value set:\r\nRuleName: -\r\nEventType: SetValue\r\nUtcTime: 2020-08-07 15:06:25.097\r\nProcessGuid: {297bc33e-5c2e-5f2b-0c00-000000000400}\r\nProcessId: 768\r\nImage: C:\\windows\\system32\\lsass.exe\r\nTargetObject: HKLM\\System\\CurrentControlSet\\Services\\W32Time\\SecureTimeLimits\\RunTime\\SecureTimeTickCount\r\nDetails: QWORD (0x00000000-0x081582bd)","SourceModuleName":"eventlog","ProcessId":"768","Details":"QWORD (0x00000000-0x081582bd)","port":60122,"AccountName":"SYSTEM","EventReceivedTime":"2020-08-07 11:06:27","UtcTime":"2020-08-07 15:06:25.097","Domain":"NT AUTHORITY","ExecutionProcessID":3284,"host":"wec.internal.cloudapp.net","Severity":"INFO","TargetObject":"HKLM\\System\\CurrentControlSet\\Services\\W32Time\\SecureTimeLimits\\RunTime\\SecureTimeTickCount","SeverityValue":2,"EventID":13,"UserID":"S-1-5-18","ProviderGuid":"{5770385F-C22A-43E0-BF4C-06F5698FFBD9}","RecordNumber":743611,"Image":"C:\\windows\\system32\\lsass.exe","Keywords":-9223372036854775808,"ProcessGuid":"{297bc33e-5c2e-5f2b-0c00-000000000400}","SourceModuleType":"im_msvistalog","RuleName":"-"}
{"tags":["mordorDataset"],"@version":"1","EventType":"SetValue","Version":2,"ThreadID":4364,"EventTime":"2020-08-07 11:06:25","Task":13,"AccountType":"User","Channel":"Microsoft-Windows-Sysmon/Operational","EventTypeOrignal":"INFO","SourceName":"Microsoft-Windows-Sysmon","Hostname":"WORKSTATION5.theshire.local","@timestamp":"2020-08-07T15:06:27.824Z","OpcodeValue":0,"Message":"Registry value set:\r\nRuleName: -\r\nEventType: SetValue\r\nUtcTime: 2020-08-07 15:06:25.097\r\nProcessGuid: {297bc33e-5c2e-5f2b-0c00-000000000400}\r\nProcessId: 768\r\nImage: C:\\windows\\system32\\lsass.exe\r\nTargetObject: HKLM\\System\\CurrentControlSet\\Services\\W32Time\\SecureTimeLimits\\RunTime\\SecureTimeConfidence\r\nDetails: DWORD (0x00000006)","SourceModuleName":"eventlog","ProcessId":"768","Details":"DWORD (0x00000006)","port":60122,"AccountName":"SYSTEM","EventReceivedTime":"2020-08-07 11:06:27","UtcTime":"2020-08-07 15:06:25.097","Domain":"NT AUTHORITY","ExecutionProcessID":3284,"host":"wec.internal.cloudapp.net","Severity":"INFO","TargetObject":"HKLM\\System\\CurrentControlSet\\Services\\W32Time\\SecureTimeLimits\\RunTime\\SecureTimeConfidence","SeverityValue":2,"EventID":13,"UserID":"S-1-5-18","ProviderGuid":"{5770385F-C22A-43E0-BF4C-06F5698FFBD9}","RecordNumber":743612,"Image":"C:\\windows\\system32\\lsass.exe","Keywords":-9223372036854775808,"ProcessGuid":"{297bc33e-5c2e-5f2b-0c00-000000000400}","SourceModuleType":"im_msvistalog","RuleName":"-"}
{"tags":["mordorDataset"],"@version":"1","EventType":"SetValue","Version":2,"ThreadID":4364,"EventTime":"2020-08-07 11:06:25","Task":13,"AccountType":"User","Channel":"Microsoft-Windows-Sysmon/Operational","EventTypeOrignal":"INFO","SourceName":"Microsoft-Windows-Sysmon","Hostname":"WORKSTATION5.theshire.local","@timestamp":"2020-08-07T15:06:27.824Z","OpcodeValue":0,"Message":"Registry value set:\r\nRuleName: -\r\nEventType: SetValue\r\nUtcTime: 2020-08-07 15:06:25.097\r\nProcessGuid: {297bc33e-5c2e-5f2b-0c00-000000000400}\r\nProcessId: 768\r\nImage: C:\\windows\\system32\\lsass.exe\r\nTargetObject: HKLM\\System\\CurrentControlSet\\Services\\W32Time\\SecureTimeLimits\\SecureTimeHigh\r\nDetails: QWORD (0x01d66cd4-0xb2ef0f15)","SourceModuleName":"eventlog","ProcessId":"768","Details":"QWORD (0x01d66cd4-0xb2ef0f15)","port":60122,"AccountName":"SYSTEM","EventReceivedTime":"2020-08-07 11:06:27","UtcTime":"2020-08-07 15:06:25.097","Domain":"NT AUTHORITY","ExecutionProcessID":3284,"host":"wec.internal.cloudapp.net","Severity":"INFO","TargetObject":"HKLM\\System\\CurrentControlSet\\Services\\W32Time\\SecureTimeLimits\\SecureTimeHigh","SeverityValue":2,"EventID":13,"UserID":"S-1-5-18","ProviderGuid":"{5770385F-C22A-43E0-BF4C-06F5698FFBD9}","RecordNumber":743613,"Image":"C:\\windows\\system32\\lsass.exe","Keywords":-9223372036854775808,"ProcessGuid":"{297bc33e-5c2e-5f2b-0c00-000000000400}","SourceModuleType":"im_msvistalog","RuleName":"-"}
{"tags":["mordorDataset"],"@version":"1","EventType":"SetValue","Version":2,"ThreadID":4364,"EventTime":"2020-08-07 11:06:25","Task":13,"AccountType":"User","Channel":"Microsoft-Windows-Sysmon/Operational","EventTypeOrignal":"INFO","SourceName":"Microsoft-Windows-Sysmon","Hostname":"WORKSTATION5.theshire.local","@timestamp":"2020-08-07T15:06:27.825Z","OpcodeValue":0,"Message":"Registry value set:\r\nRuleName: -\r\nEventType: SetValue\r\nUtcTime: 2020-08-07 15:06:25.097\r\nProcessGuid: {297bc33e-5c2e-5f2b-0c00-000000000400}\r\nProcessId: 768\r\nImage: C:\\windows\\system32\\lsass.exe\r\nTargetObject: HKLM\\System\\CurrentControlSet\\Services\\W32Time\\SecureTimeLimits\\SecureTimeEstimated\r\nDetails: QWORD (0x01d66ccc-0x512aa715)","SourceModuleName":"eventlog","ProcessId":"768","Details":"QWORD (0x01d66ccc-0x512aa715)","port":60122,"AccountName":"SYSTEM","EventReceivedTime":"2020-08-07 11:06:27","UtcTime":"2020-08-07 15:06:25.097","Domain":"NT AUTHORITY","ExecutionProcessID":3284,"host":"wec.internal.cloudapp.net","Severity":"INFO","TargetObject":"HKLM\\System\\CurrentControlSet\\Services\\W32Time\\SecureTimeLimits\\SecureTimeEstimated","SeverityValue":2,"EventID":13,"UserID":"S-1-5-18","ProviderGuid":"{5770385F-C22A-43E0-BF4C-06F5698FFBD9}","RecordNumber":743614,"Image":"C:\\windows\\system32\\lsass.exe","Keywords":-9223372036854775808,"ProcessGuid":"{297bc33e-5c2e-5f2b-0c00-000000000400}","SourceModuleType":"im_msvistalog","RuleName":"-"}
{"tags":["mordorDataset"],"@version":"1","EventType":"SetValue","Version":2,"ThreadID":4364,"EventTime":"2020-08-07 11:06:25","Task":13,"AccountType":"User","Channel":"Microsoft-Windows-Sysmon/Operational","EventTypeOrignal":"INFO","SourceName":"Microsoft-Windows-Sysmon","Hostname":"WORKSTATION5.theshire.local","@timestamp":"2020-08-07T15:06:27.825Z","OpcodeValue":0,"Message":"Registry value set:\r\nRuleName: -\r\nEventType: SetValue\r\nUtcTime: 2020-08-07 15:06:25.097\r\nProcessGuid: {297bc33e-5c2e-5f2b-0c00-000000000400}\r\nProcessId: 768\r\nImage: C:\\windows\\system32\\lsass.exe\r\nTargetObject: HKLM\\System\\CurrentControlSet\\Services\\W32Time\\SecureTimeLimits\\SecureTimeLow\r\nDetails: QWORD (0x01d66cc3-0xef663f15)","SourceModuleName":"eventlog","ProcessId":"768","Details":"QWORD (0x01d66cc3-0xef663f15)","port":60122,"AccountName":"SYSTEM","EventReceivedTime":"2020-08-07 11:06:27","UtcTime":"2020-08-07 15:06:25.097","Domain":"NT AUTHORITY","ExecutionProcessID":3284,"host":"wec.internal.cloudapp.net","Severity":"INFO","TargetObject":"HKLM\\System\\CurrentControlSet\\Services\\W32Time\\SecureTimeLimits\\SecureTimeLow","SeverityValue":2,"EventID":13,"UserID":"S-1-5-18","ProviderGuid":"{5770385F-C22A-43E0-BF4C-06F5698FFBD9}","RecordNumber":743615,"Image":"C:\\windows\\system32\\lsass.exe","Keywords":-9223372036854775808,"ProcessGuid":"{297bc33e-5c2e-5f2b-0c00-000000000400}","SourceModuleType":"im_msvistalog","RuleName":"-"}
{"tags":["mordorDataset"],"@version":"1","EventType":"CreateKey","Version":2,"ThreadID":4364,"EventTime":"2020-08-07 11:06:25","Task":12,"AccountType":"User","Channel":"Microsoft-Windows-Sysmon/Operational","EventTypeOrignal":"INFO","SourceName":"Microsoft-Windows-Sysmon","Hostname":"WORKSTATION5.theshire.local","@timestamp":"2020-08-07T15:06:27.825Z","OpcodeValue":0,"Message":"Registry object added or deleted:\r\nRuleName: -\r\nEventType: CreateKey\r\nUtcTime: 2020-08-07 15:06:25.097\r\nProcessGuid: {297bc33e-5c2e-5f2b-0c00-000000000400}\r\nProcessId: 768\r\nImage: C:\\windows\\system32\\lsass.exe\r\nTargetObject: HKLM\\System\\CurrentControlSet\\Services\\W32Time\\SecureTimeLimits\\RunTime","SourceModuleName":"eventlog","ProcessId":"768","EventReceivedTime":"2020-08-07 11:06:27","port":60122,"AccountName":"SYSTEM","UtcTime":"2020-08-07 15:06:25.097","Domain":"NT AUTHORITY","ExecutionProcessID":3284,"host":"wec.internal.cloudapp.net","Severity":"INFO","TargetObject":"HKLM\\System\\CurrentControlSet\\Services\\W32Time\\SecureTimeLimits\\RunTime","SeverityValue":2,"EventID":12,"UserID":"S-1-5-18","ProviderGuid":"{5770385F-C22A-43E0-BF4C-06F5698FFBD9}","RecordNumber":743616,"Image":"C:\\windows\\system32\\lsass.exe","Keywords":-9223372036854775808,"ProcessGuid":"{297bc33e-5c2e-5f2b-0c00-000000000400}","SourceModuleType":"im_msvistalog","RuleName":"-"}
{"tags":["mordorDataset"],"@version":"1","EventType":"SetValue","Version":2,"ThreadID":4364,"EventTime":"2020-08-07 11:06:25","Task":13,"AccountType":"User","Channel":"Microsoft-Windows-Sysmon/Operational","EventTypeOrignal":"INFO","SourceName":"Microsoft-Windows-Sysmon","Hostname":"WORKSTATION5.theshire.local","@timestamp":"2020-08-07T15:06:27.826Z","OpcodeValue":0,"Message":"Registry value set:\r\nRuleName: -\r\nEventType: SetValue\r\nUtcTime: 2020-08-07 15:06:25.097\r\nProcessGuid: {297bc33e-5c2e-5f2b-0c00-000000000400}\r\nProcessId: 768\r\nImage: C:\\windows\\system32\\lsass.exe\r\nTargetObject: HKLM\\System\\CurrentControlSet\\Services\\W32Time\\SecureTimeLimits\\RunTime\\SecureTimeTickCount\r\nDetails: QWORD (0x00000000-0x081582bd)","SourceModuleName":"eventlog","ProcessId":"768","Details":"QWORD (0x00000000-0x081582bd)","port":60122,"AccountName":"SYSTEM","EventReceivedTime":"2020-08-07 11:06:27","UtcTime":"2020-08-07 15:06:25.097","Domain":"NT AUTHORITY","ExecutionProcessID":3284,"host":"wec.internal.cloudapp.net","Severity":"INFO","TargetObject":"HKLM\\System\\CurrentControlSet\\Services\\W32Time\\SecureTimeLimits\\RunTime\\SecureTimeTickCount","SeverityValue":2,"EventID":13,"UserID":"S-1-5-18","ProviderGuid":"{5770385F-C22A-43E0-BF4C-06F5698FFBD9}","RecordNumber":743617,"Image":"C:\\windows\\system32\\lsass.exe","Keywords":-9223372036854775808,"ProcessGuid":"{297bc33e-5c2e-5f2b-0c00-000000000400}","SourceModuleType":"im_msvistalog","RuleName":"-"}
{"tags":["mordorDataset"],"@version":"1","EventType":"SetValue","Version":2,"ThreadID":4364,"EventTime":"2020-08-07 11:06:25","Task":13,"AccountType":"User","Channel":"Microsoft-Windows-Sysmon/Operational","EventTypeOrignal":"INFO","SourceName":"Microsoft-Windows-Sysmon","Hostname":"WORKSTATION5.theshire.local","@timestamp":"2020-08-07T15:06:27.826Z","OpcodeValue":0,"Message":"Registry value set:\r\nRuleName: -\r\nEventType: SetValue\r\nUtcTime: 2020-08-07 15:06:25.097\r\nProcessGuid: {297bc33e-5c2e-5f2b-0c00-000000000400}\r\nProcessId: 768\r\nImage: C:\\windows\\system32\\lsass.exe\r\nTargetObject: HKLM\\System\\CurrentControlSet\\Services\\W32Time\\SecureTimeLimits\\RunTime\\SecureTimeConfidence\r\nDetails: DWORD (0x00000006)","SourceModuleName":"eventlog","ProcessId":"768","Details":"DWORD (0x00000006)","port":60122,"AccountName":"SYSTEM","EventReceivedTime":"2020-08-07 11:06:27","UtcTime":"2020-08-07 15:06:25.097","Domain":"NT AUTHORITY","ExecutionProcessID":3284,"host":"wec.internal.cloudapp.net","Severity":"INFO","TargetObject":"HKLM\\System\\CurrentControlSet\\Services\\W32Time\\SecureTimeLimits\\RunTime\\SecureTimeConfidence","SeverityValue":2,"EventID":13,"UserID":"S-1-5-18","ProviderGuid":"{5770385F-C22A-43E0-BF4C-06F5698FFBD9}","RecordNumber":743618,"Image":"C:\\windows\\system32\\lsass.exe","Keywords":-9223372036854775808,"ProcessGuid":"{297bc33e-5c2e-5f2b-0c00-000000000400}","SourceModuleType":"im_msvistalog","RuleName":"-"}
{"tags":["mordorDataset"],"@version":"1","EventType":"AUDIT_SUCCESS","Version":1,"ThreadID":4992,"EventTime":"2020-08-07 11:06:27","Task":12810,"DestAddress":"169.254.169.254","SourcePort":"52810","Channel":"Security","SourceName":"Microsoft-Windows-Security-Auditing","OpcodeValue":0,"Hostname":"WORKSTATION5.theshire.local","@timestamp":"2020-08-07T15:06:28.837Z","Message":"The Windows Filtering Platform has permitted a connection.\r\n\r\nApplication Information:\r\n\tProcess ID:\t\t3472\r\n\tApplication Name:\t\\device\\harddiskvolume2\\packages\\plugins\\microsoft.azure.networkwatcher.networkwatcheragentwindows\\1.4.1587.1\\networkwatcheragent\\networkwatcheragent.exe\r\n\r\nNetwork Information:\r\n\tDirection:\t\tOutbound\r\n\tSource Address:\t\t172.18.39.5\r\n\tSource Port:\t\t52810\r\n\tDestination Address:\t169.254.169.254\r\n\tDestination Port:\t\t80\r\n\tProtocol:\t\t6\r\n\r\nFilter Information:\r\n\tFilter Run-Time ID:\t69424\r\n\tLayer Name:\t\tConnect\r\n\tLayer Run-Time ID:\t48","Category":"Filtering Platform Connection","Opcode":"Info","SourceModuleName":"eventlog","ProcessId":"3472","EventReceivedTime":"2020-08-07 11:06:28","port":60122,"Application":"\\device\\harddiskvolume2\\packages\\plugins\\microsoft.azure.networkwatcher.networkwatcheragentwindows\\1.4.1587.1\\networkwatcheragent\\networkwatcheragent.exe","ExecutionProcessID":4,"Direction":"%%14593","RemoteMachineID":"S-1-0-0","host":"wec.internal.cloudapp.net","DestPort":"80","Severity":"INFO","LayerRTID":"48","LayerName":"%%14611","SeverityValue":2,"EventID":5156,"SourceAddress":"172.18.39.5","ProviderGuid":"{54849625-5478-4994-A5BA-3E3B0328C30D}","RecordNumber":209659,"SourceModuleType":"im_msvistalog","Keywords":-9214364837600034816,"FilterRTID":"69424","Protocol":"6","RemoteUserID":"S-1-0-0"}
{"tags":["mordorDataset"],"@version":"1","EventType":"AUDIT_SUCCESS","Version":1,"ThreadID":4992,"EventTime":"2020-08-07 11:06:27","Task":12810,"DestAddress":"169.254.169.254","SourcePort":"52810","Channel":"Security","SourceName":"Microsoft-Windows-Security-Auditing","OpcodeValue":0,"Hostname":"WORKSTATION5.theshire.local","@timestamp":"2020-08-07T15:06:28.837Z","Message":"The Windows Filtering Platform has permitted a connection.\r\n\r\nApplication Information:\r\n\tProcess ID:\t\t3472\r\n\tApplication Name:\t\\device\\harddiskvolume2\\packages\\plugins\\microsoft.azure.networkwatcher.networkwatcheragentwindows\\1.4.1587.1\\networkwatcheragent\\networkwatcheragent.exe\r\n\r\nNetwork Information:\r\n\tDirection:\t\tOutbound\r\n\tSource Address:\t\t172.18.39.5\r\n\tSource Port:\t\t52810\r\n\tDestination Address:\t169.254.169.254\r\n\tDestination Port:\t\t80\r\n\tProtocol:\t\t6\r\n\r\nFilter Information:\r\n\tFilter Run-Time ID:\t69424\r\n\tLayer Name:\t\tConnect\r\n\tLayer Run-Time ID:\t48","Category":"Filtering Platform Connection","Opcode":"Info","SourceModuleName":"eventlog","ProcessId":"3472","EventReceivedTime":"2020-08-07 11:06:28","port":60122,"Application":"\\device\\harddiskvolume2\\packages\\plugins\\microsoft.azure.networkwatcher.networkwatcheragentwindows\\1.4.1587.1\\networkwatcheragent\\networkwatcheragent.exe","ExecutionProcessID":4,"Direction":"%%14593","RemoteMachineID":"S-1-0-0","host":"wec.internal.cloudapp.net","DestPort":"80","Severity":"INFO","LayerRTID":"48","LayerName":"%%14611","SeverityValue":2,"EventID":5156,"SourceAddress":"172.18.39.5","ProviderGuid":"{54849625-5478-4994-A5BA-3E3B0328C30D}","RecordNumber":209660,"SourceModuleType":"im_msvistalog","Keywords":-9214364837600034816,"FilterRTID":"69424","Protocol":"6","RemoteUserID":"S-1-0-0"}
{"SubjectLogonId":"0x3e7","@version":"1","EventType":"AUDIT_SUCCESS","Version":0,"ThreadID":4316,"EventTime":"2020-08-07 11:06:27","Task":13313,"Channel":"Security","SourceName":"Microsoft-Windows-Security-Auditing","OpcodeValue":0,"Hostname":"WORKSTATION5.theshire.local","@timestamp":"2020-08-07T15:06:28.838Z","Message":"A process has exited.\r\n\r\nSubject:\r\n\tSecurity ID:\t\tS-1-5-18\r\n\tAccount Name:\t\tWORKSTATION5$\r\n\tAccount Domain:\t\tTHESHIRE\r\n\tLogon ID:\t\t0x3E7\r\n\r\nProcess Information:\r\n\tProcess ID:\t0x2304\r\n\tProcess Name:\tC:\\Windows\\System32\\svchost.exe\r\n\tExit Status:\t0x0","Category":"Process Termination","Opcode":"Info","SubjectDomainName":"THESHIRE","SourceModuleName":"eventlog","ProcessId":"0x2304","EventReceivedTime":"2020-08-07 11:06:28","port":60122,"ExecutionProcessID":4,"ProcessName":"C:\\Windows\\System32\\svchost.exe","host":"wec.internal.cloudapp.net","SubjectUserSid":"S-1-5-18","SubjectUserName":"WORKSTATION5$","Status":"0x0","Severity":"INFO","SeverityValue":2,"EventID":4689,"ProviderGuid":"{54849625-5478-4994-A5BA-3E3B0328C30D}","RecordNumber":209661,"SourceModuleType":"im_msvistalog","Keywords":-9214364837600034816,"tags":["mordorDataset"]}
{"tags":["mordorDataset"],"@version":"1","EventType":"CreateKey","Version":2,"ThreadID":4208,"EventTime":"2020-08-07 11:06:27","Task":12,"AccountType":"User","Channel":"Microsoft-Windows-Sysmon/Operational","EventTypeOrignal":"INFO","SourceName":"Microsoft-Windows-Sysmon","Hostname":"MORDORDC.theshire.local","@timestamp":"2020-08-07T15:06:28.838Z","OpcodeValue":0,"Message":"Registry object added or deleted:\r\nRuleName: -\r\nEventType: CreateKey\r\nUtcTime: 2020-08-07 15:06:27.464\r\nProcessGuid: {9f85ce58-59ed-5f2b-4b00-000000000400}\r\nProcessId: 3532\r\nImage: C:\\windows\\ADWS\\Microsoft.ActiveDirectory.WebServices.exe\r\nTargetObject: HKLM\\System\\CurrentControlSet\\Services\\Tcpip\\Parameters","SourceModuleName":"eventlog","ProcessId":"3532","EventReceivedTime":"2020-08-07 11:06:28","port":60122,"AccountName":"SYSTEM","UtcTime":"2020-08-07 15:06:27.464","Domain":"NT AUTHORITY","ExecutionProcessID":3888,"host":"wec.internal.cloudapp.net","Severity":"INFO","TargetObject":"HKLM\\System\\CurrentControlSet\\Services\\Tcpip\\Parameters","SeverityValue":2,"EventID":12,"UserID":"S-1-5-18","ProviderGuid":"{5770385F-C22A-43E0-BF4C-06F5698FFBD9}","RecordNumber":764689,"Image":"C:\\windows\\ADWS\\Microsoft.ActiveDirectory.WebServices.exe","Keywords":-9223372036854775808,"ProcessGuid":"{9f85ce58-59ed-5f2b-4b00-000000000400}","SourceModuleType":"im_msvistalog","RuleName":"-"}
{"@version":"1","EventType":"AUDIT_SUCCESS","Version":0,"ThreadID":6756,"EventTime":"2020-08-07 11:06:27","Task":12810,"SourcePort":"54486","Channel":"Security","SourceName":"Microsoft-Windows-Security-Auditing","OpcodeValue":0,"Hostname":"MORDORDC.theshire.local","@timestamp":"2020-08-07T15:06:28.838Z","Message":"The Windows Filtering Platform has permitted a bind to a local port.\r\n\r\nApplication Information:\r\n\tProcess ID:\t\t3532\r\n\tApplication Name:\t\\device\\harddiskvolume2\\windows\\adws\\microsoft.activedirectory.webservices.exe\r\n\r\nNetwork Information:\r\n\tSource Address:\t\t::\r\n\tSource Port:\t\t54486\r\n\tProtocol:\t\t6\r\n\r\nFilter Information:\r\n\tFilter Run-Time ID:\t0\r\n\tLayer Name:\t\tResource Assignment\r\n\tLayer Run-Time ID:\t38","Category":"Filtering Platform Connection","Opcode":"Info","SourceModuleName":"eventlog","ProcessId":"3532","EventReceivedTime":"2020-08-07 11:06:28","port":60122,"Application":"\\device\\harddiskvolume2\\windows\\adws\\microsoft.activedirectory.webservices.exe","ExecutionProcessID":4,"host":"wec.internal.cloudapp.net","Severity":"INFO","LayerRTID":"38","LayerName":"%%14608","SeverityValue":2,"EventID":5158,"SourceAddress":"::","ProviderGuid":"{54849625-5478-4994-A5BA-3E3B0328C30D}","RecordNumber":772669,"SourceModuleType":"im_msvistalog","Keywords":-9214364837600034816,"FilterRTID":"0","Protocol":"6","tags":["mordorDataset"]}
{"tags":["mordorDataset"],"@version":"1","EventType":"CreateKey","Version":2,"ThreadID":4208,"EventTime":"2020-08-07 11:06:27","Task":12,"AccountType":"User","Channel":"Microsoft-Windows-Sysmon/Operational","EventTypeOrignal":"INFO","SourceName":"Microsoft-Windows-Sysmon","Hostname":"MORDORDC.theshire.local","@timestamp":"2020-08-07T15:06:28.838Z","OpcodeValue":0,"Message":"Registry object added or deleted:\r\nRuleName: -\r\nEventType: CreateKey\r\nUtcTime: 2020-08-07 15:06:27.464\r\nProcessGuid: {9f85ce58-59ed-5f2b-4b00-000000000400}\r\nProcessId: 3532\r\nImage: C:\\windows\\ADWS\\Microsoft.ActiveDirectory.WebServices.exe\r\nTargetObject: HKLM\\System\\CurrentControlSet\\Services\\Tcpip\\Parameters","SourceModuleName":"eventlog","ProcessId":"3532","EventReceivedTime":"2020-08-07 11:06:28","port":60122,"AccountName":"SYSTEM","UtcTime":"2020-08-07 15:06:27.464","Domain":"NT AUTHORITY","ExecutionProcessID":3888,"host":"wec.internal.cloudapp.net","Severity":"INFO","TargetObject":"HKLM\\System\\CurrentControlSet\\Services\\Tcpip\\Parameters","SeverityValue":2,"EventID":12,"UserID":"S-1-5-18","ProviderGuid":"{5770385F-C22A-43E0-BF4C-06F5698FFBD9}","RecordNumber":764690,"Image":"C:\\windows\\ADWS\\Microsoft.ActiveDirectory.WebServices.exe","Keywords":-9223372036854775808,"ProcessGuid":"{9f85ce58-59ed-5f2b-4b00-000000000400}","SourceModuleType":"im_msvistalog","RuleName":"-"}
{"tags":["mordorDataset"],"@version":"1","EventType":"AUDIT_SUCCESS","Version":1,"ThreadID":6756,"EventTime":"2020-08-07 11:06:27","Task":12810,"DestAddress":"::1","SourcePort":"54486","Channel":"Security","SourceName":"Microsoft-Windows-Security-Auditing","OpcodeValue":0,"Hostname":"MORDORDC.theshire.local","@timestamp":"2020-08-07T15:06:28.838Z","Message":"The Windows Filtering Platform has permitted a connection.\r\n\r\nApplication Information:\r\n\tProcess ID:\t\t3532\r\n\tApplication Name:\t\\device\\harddiskvolume2\\windows\\adws\\microsoft.activedirectory.webservices.exe\r\n\r\nNetwork Information:\r\n\tDirection:\t\tOutbound\r\n\tSource Address:\t\t::1\r\n\tSource Port:\t\t54486\r\n\tDestination Address:\t::1\r\n\tDestination Port:\t\t389\r\n\tProtocol:\t\t6\r\n\r\nFilter Information:\r\n\tFilter Run-Time ID:\t65853\r\n\tLayer Name:\t\tConnect\r\n\tLayer Run-Time ID:\t50","Category":"Filtering Platform Connection","Opcode":"Info","SourceModuleName":"eventlog","ProcessId":"3532","EventReceivedTime":"2020-08-07 11:06:28","port":60122,"Application":"\\device\\harddiskvolume2\\windows\\adws\\microsoft.activedirectory.webservices.exe","ExecutionProcessID":4,"Direction":"%%14593","RemoteMachineID":"S-1-0-0","host":"wec.internal.cloudapp.net","DestPort":"389","Severity":"INFO","LayerRTID":"50","LayerName":"%%14611","SeverityValue":2,"EventID":5156,"SourceAddress":"::1","ProviderGuid":"{54849625-5478-4994-A5BA-3E3B0328C30D}","RecordNumber":772670,"SourceModuleType":"im_msvistalog","Keywords":-9214364837600034816,"FilterRTID":"65853","Protocol":"6","RemoteUserID":"S-1-0-0"}
