{"DestinationPort":"53","EventReceivedTime":"2020-07-22 00:18:57","SourceIp":"0:0:0:0:0:0:0:1","SourceHostname":"-","port":55069,"SeverityValue":2,"RuleName":"-","Keywords":-9223372036854775808,"ProviderGuid":"{5770385F-C22A-43E0-BF4C-06F5698FFBD9}","Version":5,"SourceIsIpv6":"true","ProcessGuid":"{47b21e2e-952d-5f14-2100-000000000400}","ProcessId":"1364","Channel":"Microsoft-Windows-Sysmon/Operational","Message":"Network connection detected:\r\nRuleName: -\r\nUtcTime: 2020-07-22 04:18:53.827\r\nProcessGuid: {47b21e2e-952d-5f14-2100-000000000400}\r\nProcessId: 1364\r\nImage: C:\\Windows\\System32\\svchost.exe\r\nUser: NT AUTHORITY\\NETWORK SERVICE\r\nProtocol: udp\r\nInitiated: true\r\nSourceIsIpv6: true\r\nSourceIp: 0:0:0:0:0:0:0:1\r\nSourceHostname: -\r\nSourcePort: 53956\r\nSourcePortName: -\r\nDestinationIsIpv6: true\r\nDestinationIp: 0:0:0:0:0:0:0:1\r\nDestinationHostname: -\r\nDestinationPort: 53\r\nDestinationPortName: -","@timestamp":"2020-07-22T04:18:57.053Z","DestinationPortName":"-","AccountType":"User","AccountName":"SYSTEM","ThreadID":6920,"Task":3,"RecordNumber":1482082,"Initiated":"true","DestinationIp":"0:0:0:0:0:0:0:1","@version":"1","SourceModuleType":"im_msvistalog","tags":["mordorDataset"],"Domain":"NT AUTHORITY","DestinationHostname":"-","SourceName":"Microsoft-Windows-Sysmon","UserID":"S-1-5-18","Protocol":"udp","SourceModuleName":"eventlog","Image":"C:\\Windows\\System32\\svchost.exe","UtcTime":"2020-07-22 04:18:53.827","Hostname":"MORDORDC.mordor.local","SourcePortName":"-","DestinationIsIpv6":"true","host":"wec.internal.cloudapp.net","ExecutionProcessID":5068,"EventType":"INFO","OpcodeValue":0,"EventTime":"2020-07-22 00:18:54","Severity":"INFO","EventID":3,"User":"NT AUTHORITY\\NETWORK SERVICE","SourcePort":"53956"}
{"DestinationPort":"53956","EventReceivedTime":"2020-07-22 00:18:57","SourceIp":"0:0:0:0:0:0:0:1","SourceHostname":"-","port":55069,"SeverityValue":2,"RuleName":"-","Keywords":-9223372036854775808,"ProviderGuid":"{5770385F-C22A-43E0-BF4C-06F5698FFBD9}","Version":5,"SourceIsIpv6":"true","ProcessGuid":"{47b21e2e-9538-5f14-4d00-000000000400}","ProcessId":"3484","Channel":"Microsoft-Windows-Sysmon/Operational","Message":"Network connection detected:\r\nRuleName: -\r\nUtcTime: 2020-07-22 04:18:53.827\r\nProcessGuid: {47b21e2e-9538-5f14-4d00-000000000400}\r\nProcessId: 3484\r\nImage: C:\\Windows\\System32\\dns.exe\r\nUser: NT AUTHORITY\\SYSTEM\r\nProtocol: udp\r\nInitiated: false\r\nSourceIsIpv6: true\r\nSourceIp: 0:0:0:0:0:0:0:1\r\nSourceHostname: -\r\nSourcePort: 53\r\nSourcePortName: -\r\nDestinationIsIpv6: true\r\nDestinationIp: 0:0:0:0:0:0:0:1\r\nDestinationHostname: -\r\nDestinationPort: 53956\r\nDestinationPortName: -","@timestamp":"2020-07-22T04:18:57.054Z","DestinationPortName":"-","AccountType":"User","AccountName":"SYSTEM","ThreadID":6920,"Task":3,"RecordNumber":1482083,"Initiated":"false","DestinationIp":"0:0:0:0:0:0:0:1","@version":"1","SourceModuleType":"im_msvistalog","tags":["mordorDataset"],"Domain":"NT AUTHORITY","DestinationHostname":"-","SourceName":"Microsoft-Windows-Sysmon","UserID":"S-1-5-18","Protocol":"udp","SourceModuleName":"eventlog","Image":"C:\\Windows\\System32\\dns.exe","UtcTime":"2020-07-22 04:18:53.827","Hostname":"MORDORDC.mordor.local","SourcePortName":"-","DestinationIsIpv6":"true","host":"wec.internal.cloudapp.net","ExecutionProcessID":5068,"EventType":"INFO","OpcodeValue":0,"EventTime":"2020-07-22 00:18:54","Severity":"INFO","EventID":3,"User":"NT AUTHORITY\\SYSTEM","SourcePort":"53"}
{"DestinationPort":"55159","EventReceivedTime":"2020-07-22 00:18:57","SourceIp":"0:0:0:0:0:0:0:1","SourceHostname":"-","port":55069,"SeverityValue":2,"RuleName":"-","Keywords":-9223372036854775808,"ProviderGuid":"{5770385F-C22A-43E0-BF4C-06F5698FFBD9}","Version":5,"SourceIsIpv6":"true","ProcessGuid":"{47b21e2e-9538-5f14-4d00-000000000400}","ProcessId":"3484","Channel":"Microsoft-Windows-Sysmon/Operational","Message":"Network connection detected:\r\nRuleName: -\r\nUtcTime: 2020-07-22 04:18:53.827\r\nProcessGuid: {47b21e2e-9538-5f14-4d00-000000000400}\r\nProcessId: 3484\r\nImage: C:\\Windows\\System32\\dns.exe\r\nUser: NT AUTHORITY\\SYSTEM\r\nProtocol: udp\r\nInitiated: false\r\nSourceIsIpv6: true\r\nSourceIp: 0:0:0:0:0:0:0:1\r\nSourceHostname: -\r\nSourcePort: 53\r\nSourcePortName: -\r\nDestinationIsIpv6: true\r\nDestinationIp: 0:0:0:0:0:0:0:1\r\nDestinationHostname: -\r\nDestinationPort: 55159\r\nDestinationPortName: -","@timestamp":"2020-07-22T04:18:57.055Z","DestinationPortName":"-","AccountType":"User","AccountName":"SYSTEM","ThreadID":6920,"Task":3,"RecordNumber":1482084,"Initiated":"false","DestinationIp":"0:0:0:0:0:0:0:1","@version":"1","SourceModuleType":"im_msvistalog","tags":["mordorDataset"],"Domain":"NT AUTHORITY","DestinationHostname":"-","SourceName":"Microsoft-Windows-Sysmon","UserID":"S-1-5-18","Protocol":"udp","SourceModuleName":"eventlog","Image":"C:\\Windows\\System32\\dns.exe","UtcTime":"2020-07-22 04:18:53.827","Hostname":"MORDORDC.mordor.local","SourcePortName":"-","DestinationIsIpv6":"true","host":"wec.internal.cloudapp.net","ExecutionProcessID":5068,"EventType":"INFO","OpcodeValue":0,"EventTime":"2020-07-22 00:18:54","Severity":"INFO","EventID":3,"User":"NT AUTHORITY\\SYSTEM","SourcePort":"53"}
{"Task":13,"EventReceivedTime":"2020-07-22 00:18:57","port":55069,"SeverityValue":2,"RuleName":"-","Keywords":-9223372036854775808,"ProviderGuid":"{5770385F-C22A-43E0-BF4C-06F5698FFBD9}","@version":"1","SourceModuleType":"im_msvistalog","Version":2,"tags":["mordorDataset"],"Domain":"NT AUTHORITY","ProcessGuid":"{47b21e2e-9538-5f14-5200-000000000400}","SourceName":"Microsoft-Windows-Sysmon","ProcessId":"3592","UserID":"S-1-5-18","Channel":"Microsoft-Windows-Sysmon/Operational","SourceModuleName":"eventlog","TargetObject":"HKLM\\System\\CurrentControlSet\\Services\\W32Time\\Config\\LastKnownGoodTime","Message":"Registry value set:\r\nRuleName: -\r\nEventType: SetValue\r\nUtcTime: 2020-07-22 04:18:55.218\r\nProcessGuid: {47b21e2e-9538-5f14-5200-000000000400}\r\nProcessId: 3592\r\nImage: C:\\windows\\system32\\svchost.exe\r\nTargetObject: HKLM\\System\\CurrentControlSet\\Services\\W32Time\\Config\\LastKnownGoodTime\r\nDetails: QWORD (0x01d65fdf-0x36966894)","Image":"C:\\windows\\system32\\svchost.exe","EventTypeOrignal":"INFO","UtcTime":"2020-07-22 04:18:55.218","@timestamp":"2020-07-22T04:18:57.056Z","Details":"QWORD (0x01d65fdf-0x36966894)","Hostname":"MORDORDC.mordor.local","host":"wec.internal.cloudapp.net","AccountType":"User","AccountName":"SYSTEM","ExecutionProcessID":5068,"OpcodeValue":0,"EventType":"SetValue","EventTime":"2020-07-22 00:18:55","Severity":"INFO","EventID":13,"ThreadID":3296,"RecordNumber":1482085}
{"Task":12810,"Direction":"%%14593","Opcode":"Info","SourcePort":"49685","FilterRTID":"69279","LayerName":"%%14611","EventReceivedTime":"2020-07-22 00:18:57","port":55069,"RemoteUserID":"S-1-0-0","SeverityValue":2,"Keywords":-9214364837600034816,"ProviderGuid":"{54849625-5478-4994-A5BA-3E3B0328C30D}","@version":"1","RemoteMachineID":"S-1-0-0","SourceModuleType":"im_msvistalog","Version":1,"tags":["mordorDataset"],"SourceName":"Microsoft-Windows-Security-Auditing","SourceAddress":"172.18.38.5","ProcessId":"3732","DestAddress":"168.63.129.16","Protocol":"6","Channel":"Security","SourceModuleName":"eventlog","Application":"\\device\\harddiskvolume4\\windowsazure\\packages\\guestagent\\windowsazureguestagent.exe","Message":"The Windows Filtering Platform has permitted a connection.\r\n\r\nApplication Information:\r\n\tProcess ID:\t\t3732\r\n\tApplication Name:\t\\device\\harddiskvolume4\\windowsazure\\packages\\guestagent\\windowsazureguestagent.exe\r\n\r\nNetwork Information:\r\n\tDirection:\t\tOutbound\r\n\tSource Address:\t\t172.18.38.5\r\n\tSource Port:\t\t49685\r\n\tDestination Address:\t168.63.129.16\r\n\tDestination Port:\t\t80\r\n\tProtocol:\t\t6\r\n\r\nFilter Information:\r\n\tFilter Run-Time ID:\t69279\r\n\tLayer Name:\t\tConnect\r\n\tLayer Run-Time ID:\t48","Category":"Filtering Platform Connection","@timestamp":"2020-07-22T04:18:57.056Z","LayerRTID":"48","Hostname":"MORDORDC.mordor.local","host":"wec.internal.cloudapp.net","ExecutionProcessID":4,"EventType":"AUDIT_SUCCESS","OpcodeValue":0,"EventTime":"2020-07-22 00:18:55","Severity":"INFO","EventID":5156,"DestPort":"80","ThreadID":5480,"RecordNumber":9020826}
{"Task":12810,"Direction":"%%14593","Opcode":"Info","SourcePort":"49685","FilterRTID":"69279","LayerName":"%%14611","EventReceivedTime":"2020-07-22 00:18:57","port":55069,"RemoteUserID":"S-1-0-0","SeverityValue":2,"Keywords":-9214364837600034816,"ProviderGuid":"{54849625-5478-4994-A5BA-3E3B0328C30D}","@version":"1","RemoteMachineID":"S-1-0-0","SourceModuleType":"im_msvistalog","Version":1,"tags":["mordorDataset"],"SourceName":"Microsoft-Windows-Security-Auditing","SourceAddress":"172.18.38.5","ProcessId":"3732","DestAddress":"168.63.129.16","Protocol":"6","Channel":"Security","SourceModuleName":"eventlog","Application":"\\device\\harddiskvolume4\\windowsazure\\packages\\guestagent\\windowsazureguestagent.exe","Message":"The Windows Filtering Platform has permitted a connection.\r\n\r\nApplication Information:\r\n\tProcess ID:\t\t3732\r\n\tApplication Name:\t\\device\\harddiskvolume4\\windowsazure\\packages\\guestagent\\windowsazureguestagent.exe\r\n\r\nNetwork Information:\r\n\tDirection:\t\tOutbound\r\n\tSource Address:\t\t172.18.38.5\r\n\tSource Port:\t\t49685\r\n\tDestination Address:\t168.63.129.16\r\n\tDestination Port:\t\t80\r\n\tProtocol:\t\t6\r\n\r\nFilter Information:\r\n\tFilter Run-Time ID:\t69279\r\n\tLayer Name:\t\tConnect\r\n\tLayer Run-Time ID:\t48","Category":"Filtering Platform Connection","@timestamp":"2020-07-22T04:18:57.057Z","LayerRTID":"48","Hostname":"MORDORDC.mordor.local","host":"wec.internal.cloudapp.net","ExecutionProcessID":4,"EventType":"AUDIT_SUCCESS","OpcodeValue":0,"EventTime":"2020-07-22 00:18:55","Severity":"INFO","EventID":5156,"DestPort":"80","ThreadID":5480,"RecordNumber":9020827}
{"Task":12810,"Direction":"%%14593","Opcode":"Info","SourcePort":"63406","FilterRTID":"69282","LayerName":"%%14611","EventReceivedTime":"2020-07-22 00:18:57","port":55069,"RemoteUserID":"S-1-0-0","SeverityValue":2,"Keywords":-9214364837600034816,"ProviderGuid":"{54849625-5478-4994-A5BA-3E3B0328C30D}","@version":"1","RemoteMachineID":"S-1-0-0","SourceModuleType":"im_msvistalog","Version":1,"tags":["mordorDataset"],"SourceName":"Microsoft-Windows-Security-Auditing","SourceAddress":"172.18.38.5","ProcessId":"3732","DestAddress":"168.63.129.16","Protocol":"6","Channel":"Security","SourceModuleName":"eventlog","Application":"\\device\\harddiskvolume4\\windowsazure\\packages\\guestagent\\windowsazureguestagent.exe","Message":"The Windows Filtering Platform has permitted a connection.\r\n\r\nApplication Information:\r\n\tProcess ID:\t\t3732\r\n\tApplication Name:\t\\device\\harddiskvolume4\\windowsazure\\packages\\guestagent\\windowsazureguestagent.exe\r\n\r\nNetwork Information:\r\n\tDirection:\t\tOutbound\r\n\tSource Address:\t\t172.18.38.5\r\n\tSource Port:\t\t63406\r\n\tDestination Address:\t168.63.129.16\r\n\tDestination Port:\t\t32526\r\n\tProtocol:\t\t6\r\n\r\nFilter Information:\r\n\tFilter Run-Time ID:\t69282\r\n\tLayer Name:\t\tConnect\r\n\tLayer Run-Time ID:\t48","Category":"Filtering Platform Connection","@timestamp":"2020-07-22T04:18:57.057Z","LayerRTID":"48","Hostname":"MORDORDC.mordor.local","host":"wec.internal.cloudapp.net","ExecutionProcessID":4,"EventType":"AUDIT_SUCCESS","OpcodeValue":0,"EventTime":"2020-07-22 00:18:55","Severity":"INFO","EventID":5156,"DestPort":"32526","ThreadID":5480,"RecordNumber":9020828}
{"Task":12810,"Direction":"%%14593","Opcode":"Info","SourcePort":"63406","FilterRTID":"69282","LayerName":"%%14611","EventReceivedTime":"2020-07-22 00:18:57","port":55069,"RemoteUserID":"S-1-0-0","SeverityValue":2,"Keywords":-9214364837600034816,"ProviderGuid":"{54849625-5478-4994-A5BA-3E3B0328C30D}","@version":"1","RemoteMachineID":"S-1-0-0","SourceModuleType":"im_msvistalog","Version":1,"tags":["mordorDataset"],"SourceName":"Microsoft-Windows-Security-Auditing","SourceAddress":"172.18.38.5","ProcessId":"3732","DestAddress":"168.63.129.16","Protocol":"6","Channel":"Security","SourceModuleName":"eventlog","Application":"\\device\\harddiskvolume4\\windowsazure\\packages\\guestagent\\windowsazureguestagent.exe","Message":"The Windows Filtering Platform has permitted a connection.\r\n\r\nApplication Information:\r\n\tProcess ID:\t\t3732\r\n\tApplication Name:\t\\device\\harddiskvolume4\\windowsazure\\packages\\guestagent\\windowsazureguestagent.exe\r\n\r\nNetwork Information:\r\n\tDirection:\t\tOutbound\r\n\tSource Address:\t\t172.18.38.5\r\n\tSource Port:\t\t63406\r\n\tDestination Address:\t168.63.129.16\r\n\tDestination Port:\t\t32526\r\n\tProtocol:\t\t6\r\n\r\nFilter Information:\r\n\tFilter Run-Time ID:\t69282\r\n\tLayer Name:\t\tConnect\r\n\tLayer Run-Time ID:\t48","Category":"Filtering Platform Connection","@timestamp":"2020-07-22T04:18:57.057Z","LayerRTID":"48","Hostname":"MORDORDC.mordor.local","host":"wec.internal.cloudapp.net","ExecutionProcessID":4,"EventType":"AUDIT_SUCCESS","OpcodeValue":0,"EventTime":"2020-07-22 00:18:55","Severity":"INFO","EventID":5156,"DestPort":"32526","ThreadID":5480,"RecordNumber":9020829}
{"Task":12810,"Direction":"%%14593","Opcode":"Info","SourcePort":"63406","FilterRTID":"69282","LayerName":"%%14611","EventReceivedTime":"2020-07-22 00:18:57","port":55069,"RemoteUserID":"S-1-0-0","SeverityValue":2,"Keywords":-9214364837600034816,"ProviderGuid":"{54849625-5478-4994-A5BA-3E3B0328C30D}","@version":"1","RemoteMachineID":"S-1-0-0","SourceModuleType":"im_msvistalog","Version":1,"tags":["mordorDataset"],"SourceName":"Microsoft-Windows-Security-Auditing","SourceAddress":"172.18.38.5","ProcessId":"3732","DestAddress":"168.63.129.16","Protocol":"6","Channel":"Security","SourceModuleName":"eventlog","Application":"\\device\\harddiskvolume4\\windowsazure\\packages\\guestagent\\windowsazureguestagent.exe","Message":"The Windows Filtering Platform has permitted a connection.\r\n\r\nApplication Information:\r\n\tProcess ID:\t\t3732\r\n\tApplication Name:\t\\device\\harddiskvolume4\\windowsazure\\packages\\guestagent\\windowsazureguestagent.exe\r\n\r\nNetwork Information:\r\n\tDirection:\t\tOutbound\r\n\tSource Address:\t\t172.18.38.5\r\n\tSource Port:\t\t63406\r\n\tDestination Address:\t168.63.129.16\r\n\tDestination Port:\t\t32526\r\n\tProtocol:\t\t6\r\n\r\nFilter Information:\r\n\tFilter Run-Time ID:\t69282\r\n\tLayer Name:\t\tConnect\r\n\tLayer Run-Time ID:\t48","Category":"Filtering Platform Connection","@timestamp":"2020-07-22T04:18:57.058Z","LayerRTID":"48","Hostname":"MORDORDC.mordor.local","host":"wec.internal.cloudapp.net","ExecutionProcessID":4,"EventType":"AUDIT_SUCCESS","OpcodeValue":0,"EventTime":"2020-07-22 00:18:55","Severity":"INFO","EventID":5156,"DestPort":"32526","ThreadID":5480,"RecordNumber":9020830}
{"Task":12810,"Direction":"%%14593","Opcode":"Info","SourcePort":"63406","FilterRTID":"69282","LayerName":"%%14611","EventReceivedTime":"2020-07-22 00:18:57","port":55069,"RemoteUserID":"S-1-0-0","SeverityValue":2,"Keywords":-9214364837600034816,"ProviderGuid":"{54849625-5478-4994-A5BA-3E3B0328C30D}","@version":"1","RemoteMachineID":"S-1-0-0","SourceModuleType":"im_msvistalog","Version":1,"tags":["mordorDataset"],"SourceName":"Microsoft-Windows-Security-Auditing","SourceAddress":"172.18.38.5","ProcessId":"3732","DestAddress":"168.63.129.16","Protocol":"6","Channel":"Security","SourceModuleName":"eventlog","Application":"\\device\\harddiskvolume4\\windowsazure\\packages\\guestagent\\windowsazureguestagent.exe","Message":"The Windows Filtering Platform has permitted a connection.\r\n\r\nApplication Information:\r\n\tProcess ID:\t\t3732\r\n\tApplication Name:\t\\device\\harddiskvolume4\\windowsazure\\packages\\guestagent\\windowsazureguestagent.exe\r\n\r\nNetwork Information:\r\n\tDirection:\t\tOutbound\r\n\tSource Address:\t\t172.18.38.5\r\n\tSource Port:\t\t63406\r\n\tDestination Address:\t168.63.129.16\r\n\tDestination Port:\t\t32526\r\n\tProtocol:\t\t6\r\n\r\nFilter Information:\r\n\tFilter Run-Time ID:\t69282\r\n\tLayer Name:\t\tConnect\r\n\tLayer Run-Time ID:\t48","Category":"Filtering Platform Connection","@timestamp":"2020-07-22T04:18:57.058Z","LayerRTID":"48","Hostname":"MORDORDC.mordor.local","host":"wec.internal.cloudapp.net","ExecutionProcessID":4,"EventType":"AUDIT_SUCCESS","OpcodeValue":0,"EventTime":"2020-07-22 00:18:55","Severity":"INFO","EventID":5156,"DestPort":"32526","ThreadID":5480,"RecordNumber":9020831}
{"Task":12810,"Direction":"%%14593","Opcode":"Info","SourcePort":"63406","FilterRTID":"69282","LayerName":"%%14611","EventReceivedTime":"2020-07-22 00:18:57","port":55069,"RemoteUserID":"S-1-0-0","SeverityValue":2,"Keywords":-9214364837600034816,"ProviderGuid":"{54849625-5478-4994-A5BA-3E3B0328C30D}","@version":"1","RemoteMachineID":"S-1-0-0","SourceModuleType":"im_msvistalog","Version":1,"tags":["mordorDataset"],"SourceName":"Microsoft-Windows-Security-Auditing","SourceAddress":"172.18.38.5","ProcessId":"3732","DestAddress":"168.63.129.16","Protocol":"6","Channel":"Security","SourceModuleName":"eventlog","Application":"\\device\\harddiskvolume4\\windowsazure\\packages\\guestagent\\windowsazureguestagent.exe","Message":"The Windows Filtering Platform has permitted a connection.\r\n\r\nApplication Information:\r\n\tProcess ID:\t\t3732\r\n\tApplication Name:\t\\device\\harddiskvolume4\\windowsazure\\packages\\guestagent\\windowsazureguestagent.exe\r\n\r\nNetwork Information:\r\n\tDirection:\t\tOutbound\r\n\tSource Address:\t\t172.18.38.5\r\n\tSource Port:\t\t63406\r\n\tDestination Address:\t168.63.129.16\r\n\tDestination Port:\t\t32526\r\n\tProtocol:\t\t6\r\n\r\nFilter Information:\r\n\tFilter Run-Time ID:\t69282\r\n\tLayer Name:\t\tConnect\r\n\tLayer Run-Time ID:\t48","Category":"Filtering Platform Connection","@timestamp":"2020-07-22T04:18:57.060Z","LayerRTID":"48","Hostname":"MORDORDC.mordor.local","host":"wec.internal.cloudapp.net","ExecutionProcessID":4,"EventType":"AUDIT_SUCCESS","OpcodeValue":0,"EventTime":"2020-07-22 00:18:55","Severity":"INFO","EventID":5156,"DestPort":"32526","ThreadID":5480,"RecordNumber":9020832}
{"Task":12810,"SourcePort":"64872","Opcode":"Info","FilterRTID":"0","LayerName":"%%14608","EventReceivedTime":"2020-07-22 00:18:57","port":55069,"SeverityValue":2,"Keywords":-9214364837600034816,"ProviderGuid":"{54849625-5478-4994-A5BA-3E3B0328C30D}","@version":"1","SourceModuleType":"im_msvistalog","Version":0,"tags":["mordorDataset"],"SourceName":"Microsoft-Windows-Security-Auditing","SourceAddress":"0.0.0.0","ProcessId":"1420","Protocol":"6","Channel":"Security","SourceModuleName":"eventlog","Application":"\\device\\harddiskvolume4\\windows\\system32\\svchost.exe","Message":"The Windows Filtering Platform has permitted a bind to a local port.\r\n\r\nApplication Information:\r\n\tProcess ID:\t\t1420\r\n\tApplication Name:\t\\device\\harddiskvolume4\\windows\\system32\\svchost.exe\r\n\r\nNetwork Information:\r\n\tSource Address:\t\t0.0.0.0\r\n\tSource Port:\t\t64872\r\n\tProtocol:\t\t6\r\n\r\nFilter Information:\r\n\tFilter Run-Time ID:\t0\r\n\tLayer Name:\t\tResource Assignment\r\n\tLayer Run-Time ID:\t36","Category":"Filtering Platform Connection","@timestamp":"2020-07-22T04:18:57.060Z","LayerRTID":"36","Hostname":"MORDORDC.mordor.local","host":"wec.internal.cloudapp.net","ExecutionProcessID":4,"EventType":"AUDIT_SUCCESS","OpcodeValue":0,"EventTime":"2020-07-22 00:18:55","Severity":"INFO","EventID":5158,"ThreadID":5480,"RecordNumber":9020833}
{"Task":12810,"SourcePort":"64873","Opcode":"Info","FilterRTID":"0","LayerName":"%%14608","EventReceivedTime":"2020-07-22 00:18:57","port":55069,"SeverityValue":2,"Keywords":-9214364837600034816,"ProviderGuid":"{54849625-5478-4994-A5BA-3E3B0328C30D}","@version":"1","SourceModuleType":"im_msvistalog","Version":0,"tags":["mordorDataset"],"SourceName":"Microsoft-Windows-Security-Auditing","SourceAddress":"0.0.0.0","ProcessId":"1420","Protocol":"6","Channel":"Security","SourceModuleName":"eventlog","Application":"\\device\\harddiskvolume4\\windows\\system32\\svchost.exe","Message":"The Windows Filtering Platform has permitted a bind to a local port.\r\n\r\nApplication Information:\r\n\tProcess ID:\t\t1420\r\n\tApplication Name:\t\\device\\harddiskvolume4\\windows\\system32\\svchost.exe\r\n\r\nNetwork Information:\r\n\tSource Address:\t\t0.0.0.0\r\n\tSource Port:\t\t64873\r\n\tProtocol:\t\t6\r\n\r\nFilter Information:\r\n\tFilter Run-Time ID:\t0\r\n\tLayer Name:\t\tResource Assignment\r\n\tLayer Run-Time ID:\t36","Category":"Filtering Platform Connection","@timestamp":"2020-07-22T04:18:57.060Z","LayerRTID":"36","Hostname":"MORDORDC.mordor.local","host":"wec.internal.cloudapp.net","ExecutionProcessID":4,"EventType":"AUDIT_SUCCESS","OpcodeValue":0,"EventTime":"2020-07-22 00:18:55","Severity":"INFO","EventID":5158,"ThreadID":5480,"RecordNumber":9020834}
{"Task":12810,"SourcePort":"64874","Opcode":"Info","FilterRTID":"0","LayerName":"%%14608","EventReceivedTime":"2020-07-22 00:18:57","port":55069,"SeverityValue":2,"Keywords":-9214364837600034816,"ProviderGuid":"{54849625-5478-4994-A5BA-3E3B0328C30D}","@version":"1","SourceModuleType":"im_msvistalog","Version":0,"tags":["mordorDataset"],"SourceName":"Microsoft-Windows-Security-Auditing","SourceAddress":"0.0.0.0","ProcessId":"1420","Protocol":"6","Channel":"Security","SourceModuleName":"eventlog","Application":"\\device\\harddiskvolume4\\windows\\system32\\svchost.exe","Message":"The Windows Filtering Platform has permitted a bind to a local port.\r\n\r\nApplication Information:\r\n\tProcess ID:\t\t1420\r\n\tApplication Name:\t\\device\\harddiskvolume4\\windows\\system32\\svchost.exe\r\n\r\nNetwork Information:\r\n\tSource Address:\t\t0.0.0.0\r\n\tSource Port:\t\t64874\r\n\tProtocol:\t\t6\r\n\r\nFilter Information:\r\n\tFilter Run-Time ID:\t0\r\n\tLayer Name:\t\tResource Assignment\r\n\tLayer Run-Time ID:\t36","Category":"Filtering Platform Connection","@timestamp":"2020-07-22T04:18:57.060Z","LayerRTID":"36","Hostname":"MORDORDC.mordor.local","host":"wec.internal.cloudapp.net","ExecutionProcessID":4,"EventType":"AUDIT_SUCCESS","OpcodeValue":0,"EventTime":"2020-07-22 00:18:55","Severity":"INFO","EventID":5158,"ThreadID":5480,"RecordNumber":9020837}
{"Task":12810,"SourcePort":"64875","Opcode":"Info","FilterRTID":"0","LayerName":"%%14608","EventReceivedTime":"2020-07-22 00:18:57","port":55069,"SeverityValue":2,"Keywords":-9214364837600034816,"ProviderGuid":"{54849625-5478-4994-A5BA-3E3B0328C30D}","@version":"1","SourceModuleType":"im_msvistalog","Version":0,"tags":["mordorDataset"],"SourceName":"Microsoft-Windows-Security-Auditing","SourceAddress":"0.0.0.0","ProcessId":"1420","Protocol":"6","Channel":"Security","SourceModuleName":"eventlog","Application":"\\device\\harddiskvolume4\\windows\\system32\\svchost.exe","Message":"The Windows Filtering Platform has permitted a bind to a local port.\r\n\r\nApplication Information:\r\n\tProcess ID:\t\t1420\r\n\tApplication Name:\t\\device\\harddiskvolume4\\windows\\system32\\svchost.exe\r\n\r\nNetwork Information:\r\n\tSource Address:\t\t0.0.0.0\r\n\tSource Port:\t\t64875\r\n\tProtocol:\t\t6\r\n\r\nFilter Information:\r\n\tFilter Run-Time ID:\t0\r\n\tLayer Name:\t\tResource Assignment\r\n\tLayer Run-Time ID:\t36","Category":"Filtering Platform Connection","@timestamp":"2020-07-22T04:18:57.060Z","LayerRTID":"36","Hostname":"MORDORDC.mordor.local","host":"wec.internal.cloudapp.net","ExecutionProcessID":4,"EventType":"AUDIT_SUCCESS","OpcodeValue":0,"EventTime":"2020-07-22 00:18:55","Severity":"INFO","EventID":5158,"ThreadID":5480,"RecordNumber":9020838}
{"Task":12810,"SourcePort":"64876","Opcode":"Info","FilterRTID":"0","LayerName":"%%14608","EventReceivedTime":"2020-07-22 00:18:57","port":55069,"SeverityValue":2,"Keywords":-9214364837600034816,"ProviderGuid":"{54849625-5478-4994-A5BA-3E3B0328C30D}","@version":"1","SourceModuleType":"im_msvistalog","Version":0,"tags":["mordorDataset"],"SourceName":"Microsoft-Windows-Security-Auditing","SourceAddress":"0.0.0.0","ProcessId":"1420","Protocol":"6","Channel":"Security","SourceModuleName":"eventlog","Application":"\\device\\harddiskvolume4\\windows\\system32\\svchost.exe","Message":"The Windows Filtering Platform has permitted a bind to a local port.\r\n\r\nApplication Information:\r\n\tProcess ID:\t\t1420\r\n\tApplication Name:\t\\device\\harddiskvolume4\\windows\\system32\\svchost.exe\r\n\r\nNetwork Information:\r\n\tSource Address:\t\t0.0.0.0\r\n\tSource Port:\t\t64876\r\n\tProtocol:\t\t6\r\n\r\nFilter Information:\r\n\tFilter Run-Time ID:\t0\r\n\tLayer Name:\t\tResource Assignment\r\n\tLayer Run-Time ID:\t36","Category":"Filtering Platform Connection","@timestamp":"2020-07-22T04:18:57.061Z","LayerRTID":"36","Hostname":"MORDORDC.mordor.local","host":"wec.internal.cloudapp.net","ExecutionProcessID":4,"EventType":"AUDIT_SUCCESS","OpcodeValue":0,"EventTime":"2020-07-22 00:18:56","Severity":"INFO","EventID":5158,"ThreadID":5480,"RecordNumber":9020841}
{"Task":12810,"SourcePort":"64877","Opcode":"Info","FilterRTID":"0","LayerName":"%%14608","EventReceivedTime":"2020-07-22 00:18:57","port":55069,"SeverityValue":2,"Keywords":-9214364837600034816,"ProviderGuid":"{54849625-5478-4994-A5BA-3E3B0328C30D}","@version":"1","SourceModuleType":"im_msvistalog","Version":0,"tags":["mordorDataset"],"SourceName":"Microsoft-Windows-Security-Auditing","SourceAddress":"0.0.0.0","ProcessId":"1420","Protocol":"6","Channel":"Security","SourceModuleName":"eventlog","Application":"\\device\\harddiskvolume4\\windows\\system32\\svchost.exe","Message":"The Windows Filtering Platform has permitted a bind to a local port.\r\n\r\nApplication Information:\r\n\tProcess ID:\t\t1420\r\n\tApplication Name:\t\\device\\harddiskvolume4\\windows\\system32\\svchost.exe\r\n\r\nNetwork Information:\r\n\tSource Address:\t\t0.0.0.0\r\n\tSource Port:\t\t64877\r\n\tProtocol:\t\t6\r\n\r\nFilter Information:\r\n\tFilter Run-Time ID:\t0\r\n\tLayer Name:\t\tResource Assignment\r\n\tLayer Run-Time ID:\t36","Category":"Filtering Platform Connection","@timestamp":"2020-07-22T04:18:57.061Z","LayerRTID":"36","Hostname":"MORDORDC.mordor.local","host":"wec.internal.cloudapp.net","ExecutionProcessID":4,"EventType":"AUDIT_SUCCESS","OpcodeValue":0,"EventTime":"2020-07-22 00:18:56","Severity":"INFO","EventID":5158,"ThreadID":5480,"RecordNumber":9020843}
{"Task":12810,"SourcePort":"64878","Opcode":"Info","FilterRTID":"0","LayerName":"%%14608","EventReceivedTime":"2020-07-22 00:18:57","port":55069,"SeverityValue":2,"Keywords":-9214364837600034816,"ProviderGuid":"{54849625-5478-4994-A5BA-3E3B0328C30D}","@version":"1","SourceModuleType":"im_msvistalog","Version":0,"tags":["mordorDataset"],"SourceName":"Microsoft-Windows-Security-Auditing","SourceAddress":"0.0.0.0","ProcessId":"1420","Protocol":"6","Channel":"Security","SourceModuleName":"eventlog","Application":"\\device\\harddiskvolume4\\windows\\system32\\svchost.exe","Message":"The Windows Filtering Platform has permitted a bind to a local port.\r\n\r\nApplication Information:\r\n\tProcess ID:\t\t1420\r\n\tApplication Name:\t\\device\\harddiskvolume4\\windows\\system32\\svchost.exe\r\n\r\nNetwork Information:\r\n\tSource Address:\t\t0.0.0.0\r\n\tSource Port:\t\t64878\r\n\tProtocol:\t\t6\r\n\r\nFilter Information:\r\n\tFilter Run-Time ID:\t0\r\n\tLayer Name:\t\tResource Assignment\r\n\tLayer Run-Time ID:\t36","Category":"Filtering Platform Connection","@timestamp":"2020-07-22T04:18:57.061Z","LayerRTID":"36","Hostname":"MORDORDC.mordor.local","host":"wec.internal.cloudapp.net","ExecutionProcessID":4,"EventType":"AUDIT_SUCCESS","OpcodeValue":0,"EventTime":"2020-07-22 00:18:56","Severity":"INFO","EventID":5158,"ThreadID":5480,"RecordNumber":9020845}
{"Task":12810,"SourcePort":"64879","Opcode":"Info","FilterRTID":"0","LayerName":"%%14608","EventReceivedTime":"2020-07-22 00:18:57","port":55069,"SeverityValue":2,"Keywords":-9214364837600034816,"ProviderGuid":"{54849625-5478-4994-A5BA-3E3B0328C30D}","@version":"1","SourceModuleType":"im_msvistalog","Version":0,"tags":["mordorDataset"],"SourceName":"Microsoft-Windows-Security-Auditing","SourceAddress":"0.0.0.0","ProcessId":"1420","Protocol":"6","Channel":"Security","SourceModuleName":"eventlog","Application":"\\device\\harddiskvolume4\\windows\\system32\\svchost.exe","Message":"The Windows Filtering Platform has permitted a bind to a local port.\r\n\r\nApplication Information:\r\n\tProcess ID:\t\t1420\r\n\tApplication Name:\t\\device\\harddiskvolume4\\windows\\system32\\svchost.exe\r\n\r\nNetwork Information:\r\n\tSource Address:\t\t0.0.0.0\r\n\tSource Port:\t\t64879\r\n\tProtocol:\t\t6\r\n\r\nFilter Information:\r\n\tFilter Run-Time ID:\t0\r\n\tLayer Name:\t\tResource Assignment\r\n\tLayer Run-Time ID:\t36","Category":"Filtering Platform Connection","@timestamp":"2020-07-22T04:18:57.062Z","LayerRTID":"36","Hostname":"MORDORDC.mordor.local","host":"wec.internal.cloudapp.net","ExecutionProcessID":4,"EventType":"AUDIT_SUCCESS","OpcodeValue":0,"EventTime":"2020-07-22 00:18:56","Severity":"INFO","EventID":5158,"ThreadID":5480,"RecordNumber":9020847}
{"Task":12810,"SourcePort":"64880","Opcode":"Info","FilterRTID":"0","LayerName":"%%14608","EventReceivedTime":"2020-07-22 00:18:57","port":55069,"SeverityValue":2,"Keywords":-9214364837600034816,"ProviderGuid":"{54849625-5478-4994-A5BA-3E3B0328C30D}","@version":"1","SourceModuleType":"im_msvistalog","Version":0,"tags":["mordorDataset"],"SourceName":"Microsoft-Windows-Security-Auditing","SourceAddress":"0.0.0.0","ProcessId":"1420","Protocol":"6","Channel":"Security","SourceModuleName":"eventlog","Application":"\\device\\harddiskvolume4\\windows\\system32\\svchost.exe","Message":"The Windows Filtering Platform has permitted a bind to a local port.\r\n\r\nApplication Information:\r\n\tProcess ID:\t\t1420\r\n\tApplication Name:\t\\device\\harddiskvolume4\\windows\\system32\\svchost.exe\r\n\r\nNetwork Information:\r\n\tSource Address:\t\t0.0.0.0\r\n\tSource Port:\t\t64880\r\n\tProtocol:\t\t6\r\n\r\nFilter Information:\r\n\tFilter Run-Time ID:\t0\r\n\tLayer Name:\t\tResource Assignment\r\n\tLayer Run-Time ID:\t36","Category":"Filtering Platform Connection","@timestamp":"2020-07-22T04:18:57.062Z","LayerRTID":"36","Hostname":"MORDORDC.mordor.local","host":"wec.internal.cloudapp.net","ExecutionProcessID":4,"EventType":"AUDIT_SUCCESS","OpcodeValue":0,"EventTime":"2020-07-22 00:18:56","Severity":"INFO","EventID":5158,"ThreadID":5480,"RecordNumber":9020849}
{"Task":12810,"SourcePort":"64881","Opcode":"Info","FilterRTID":"0","LayerName":"%%14608","EventReceivedTime":"2020-07-22 00:18:57","port":55069,"SeverityValue":2,"Keywords":-9214364837600034816,"ProviderGuid":"{54849625-5478-4994-A5BA-3E3B0328C30D}","@version":"1","SourceModuleType":"im_msvistalog","Version":0,"tags":["mordorDataset"],"SourceName":"Microsoft-Windows-Security-Auditing","SourceAddress":"0.0.0.0","ProcessId":"1420","Protocol":"6","Channel":"Security","SourceModuleName":"eventlog","Application":"\\device\\harddiskvolume4\\windows\\system32\\svchost.exe","Message":"The Windows Filtering Platform has permitted a bind to a local port.\r\n\r\nApplication Information:\r\n\tProcess ID:\t\t1420\r\n\tApplication Name:\t\\device\\harddiskvolume4\\windows\\system32\\svchost.exe\r\n\r\nNetwork Information:\r\n\tSource Address:\t\t0.0.0.0\r\n\tSource Port:\t\t64881\r\n\tProtocol:\t\t6\r\n\r\nFilter Information:\r\n\tFilter Run-Time ID:\t0\r\n\tLayer Name:\t\tResource Assignment\r\n\tLayer Run-Time ID:\t36","Category":"Filtering Platform Connection","@timestamp":"2020-07-22T04:18:57.062Z","LayerRTID":"36","Hostname":"MORDORDC.mordor.local","host":"wec.internal.cloudapp.net","ExecutionProcessID":4,"EventType":"AUDIT_SUCCESS","OpcodeValue":0,"EventTime":"2020-07-22 00:18:56","Severity":"INFO","EventID":5158,"ThreadID":5480,"RecordNumber":9020851}
{"Task":12810,"SourcePort":"64882","Opcode":"Info","FilterRTID":"0","LayerName":"%%14608","EventReceivedTime":"2020-07-22 00:18:57","port":55069,"SeverityValue":2,"Keywords":-9214364837600034816,"ProviderGuid":"{54849625-5478-4994-A5BA-3E3B0328C30D}","@version":"1","SourceModuleType":"im_msvistalog","Version":0,"tags":["mordorDataset"],"SourceName":"Microsoft-Windows-Security-Auditing","SourceAddress":"0.0.0.0","ProcessId":"1420","Protocol":"6","Channel":"Security","SourceModuleName":"eventlog","Application":"\\device\\harddiskvolume4\\windows\\system32\\svchost.exe","Message":"The Windows Filtering Platform has permitted a bind to a local port.\r\n\r\nApplication Information:\r\n\tProcess ID:\t\t1420\r\n\tApplication Name:\t\\device\\harddiskvolume4\\windows\\system32\\svchost.exe\r\n\r\nNetwork Information:\r\n\tSource Address:\t\t0.0.0.0\r\n\tSource Port:\t\t64882\r\n\tProtocol:\t\t6\r\n\r\nFilter Information:\r\n\tFilter Run-Time ID:\t0\r\n\tLayer Name:\t\tResource Assignment\r\n\tLayer Run-Time ID:\t36","Category":"Filtering Platform Connection","@timestamp":"2020-07-22T04:18:57.062Z","LayerRTID":"36","Hostname":"MORDORDC.mordor.local","host":"wec.internal.cloudapp.net","ExecutionProcessID":4,"EventType":"AUDIT_SUCCESS","OpcodeValue":0,"EventTime":"2020-07-22 00:18:56","Severity":"INFO","EventID":5158,"ThreadID":5480,"RecordNumber":9020853}
{"Task":12810,"SourcePort":"64883","Opcode":"Info","FilterRTID":"0","LayerName":"%%14608","EventReceivedTime":"2020-07-22 00:18:57","port":55069,"SeverityValue":2,"Keywords":-9214364837600034816,"ProviderGuid":"{54849625-5478-4994-A5BA-3E3B0328C30D}","@version":"1","SourceModuleType":"im_msvistalog","Version":0,"tags":["mordorDataset"],"SourceName":"Microsoft-Windows-Security-Auditing","SourceAddress":"0.0.0.0","ProcessId":"1420","Protocol":"6","Channel":"Security","SourceModuleName":"eventlog","Application":"\\device\\harddiskvolume4\\windows\\system32\\svchost.exe","Message":"The Windows Filtering Platform has permitted a bind to a local port.\r\n\r\nApplication Information:\r\n\tProcess ID:\t\t1420\r\n\tApplication Name:\t\\device\\harddiskvolume4\\windows\\system32\\svchost.exe\r\n\r\nNetwork Information:\r\n\tSource Address:\t\t0.0.0.0\r\n\tSource Port:\t\t64883\r\n\tProtocol:\t\t6\r\n\r\nFilter Information:\r\n\tFilter Run-Time ID:\t0\r\n\tLayer Name:\t\tResource Assignment\r\n\tLayer Run-Time ID:\t36","Category":"Filtering Platform Connection","@timestamp":"2020-07-22T04:18:57.062Z","LayerRTID":"36","Hostname":"MORDORDC.mordor.local","host":"wec.internal.cloudapp.net","ExecutionProcessID":4,"EventType":"AUDIT_SUCCESS","OpcodeValue":0,"EventTime":"2020-07-22 00:18:56","Severity":"INFO","EventID":5158,"ThreadID":5480,"RecordNumber":9020855}
{"EventReceivedTime":"2020-07-22 00:18:59","Product":"Microsoft Windows Operating System","SignatureStatus":"Valid","port":55069,"SeverityValue":2,"RuleName":"-","Keywords":-9223372036854775808,"ProviderGuid":"{5770385F-C22A-43E0-BF4C-06F5698FFBD9}","Description":"Performance Counters","OriginalFileName":"PERFCTRS.DLL","Version":3,"ProcessGuid":"{47b21e2e-95b6-5f14-aa00-000000000400}","ProcessId":"3564","Channel":"Microsoft-Windows-Sysmon/Operational","Message":"Image loaded:\r\nRuleName: -\r\nUtcTime: 2020-07-22 04:18:56.470\r\nProcessGuid: {47b21e2e-95b6-5f14-aa00-000000000400}\r\nProcessId: 3564\r\nImage: C:\\Windows\\System32\\svchost.exe\r\nImageLoaded: C:\\Windows\\System32\\perfctrs.dll\r\nFileVersion: 10.0.17763.1 (WinBuild.160101.0800)\r\nDescription: Performance Counters\r\nProduct: Microsoft Windows Operating System\r\nCompany: Microsoft Corporation\r\nOriginalFileName: PERFCTRS.DLL\r\nHashes: SHA1=F81D76B9C3499F8712FA6398554C10D389103930,MD5=27EAC9BA127C20BEEBF0BE4179ECC380,SHA256=28A8E73239C7556FD420A5A09A05CBD04C38230E0CBEAEF7D6874135261221EE,IMPHASH=E8B7A8ECDACB5ADA645B4DF7BF877CFE\r\nSigned: true\r\nSignature: Microsoft Windows\r\nSignatureStatus: Valid","@timestamp":"2020-07-22T04:18:59.070Z","AccountType":"User","AccountName":"SYSTEM","ThreadID":3296,"Task":7,"RecordNumber":1482086,"Signed":"true","FileVersion":"10.0.17763.1 (WinBuild.160101.0800)","@version":"1","SourceModuleType":"im_msvistalog","tags":["mordorDataset"],"Domain":"NT AUTHORITY","Signature":"Microsoft Windows","SourceName":"Microsoft-Windows-Sysmon","UserID":"S-1-5-18","Company":"Microsoft Corporation","ImageLoaded":"C:\\Windows\\System32\\perfctrs.dll","SourceModuleName":"eventlog","Image":"C:\\Windows\\System32\\svchost.exe","UtcTime":"2020-07-22 04:18:56.470","Hostname":"MORDORDC.mordor.local","host":"wec.internal.cloudapp.net","ExecutionProcessID":5068,"EventType":"INFO","OpcodeValue":0,"EventTime":"2020-07-22 00:18:56","Severity":"INFO","EventID":7,"Hashes":"SHA1=F81D76B9C3499F8712FA6398554C10D389103930,MD5=27EAC9BA127C20BEEBF0BE4179ECC380,SHA256=28A8E73239C7556FD420A5A09A05CBD04C38230E0CBEAEF7D6874135261221EE,IMPHASH=E8B7A8ECDACB5ADA645B4DF7BF877CFE"}
{"EventReceivedTime":"2020-07-22 00:18:59","Product":"Microsoft Windows Operating System","SignatureStatus":"Valid","port":55069,"SeverityValue":2,"RuleName":"-","Keywords":-9223372036854775808,"ProviderGuid":"{5770385F-C22A-43E0-BF4C-06F5698FFBD9}","Description":"Performance Counters","OriginalFileName":"PERFCTRS.DLL","Version":3,"ProcessGuid":"{47b21e2e-95b6-5f14-aa00-000000000400}","ProcessId":"3564","Channel":"Microsoft-Windows-Sysmon/Operational","Message":"Image loaded:\r\nRuleName: -\r\nUtcTime: 2020-07-22 04:18:56.486\r\nProcessGuid: {47b21e2e-95b6-5f14-aa00-000000000400}\r\nProcessId: 3564\r\nImage: C:\\Windows\\System32\\svchost.exe\r\nImageLoaded: C:\\Windows\\System32\\perfctrs.dll\r\nFileVersion: 10.0.17763.1 (WinBuild.160101.0800)\r\nDescription: Performance Counters\r\nProduct: Microsoft Windows Operating System\r\nCompany: Microsoft Corporation\r\nOriginalFileName: PERFCTRS.DLL\r\nHashes: SHA1=F81D76B9C3499F8712FA6398554C10D389103930,MD5=27EAC9BA127C20BEEBF0BE4179ECC380,SHA256=28A8E73239C7556FD420A5A09A05CBD04C38230E0CBEAEF7D6874135261221EE,IMPHASH=E8B7A8ECDACB5ADA645B4DF7BF877CFE\r\nSigned: true\r\nSignature: Microsoft Windows\r\nSignatureStatus: Valid","@timestamp":"2020-07-22T04:18:59.070Z","AccountType":"User","AccountName":"SYSTEM","ThreadID":3296,"Task":7,"RecordNumber":1482087,"Signed":"true","FileVersion":"10.0.17763.1 (WinBuild.160101.0800)","@version":"1","SourceModuleType":"im_msvistalog","tags":["mordorDataset"],"Domain":"NT AUTHORITY","Signature":"Microsoft Windows","SourceName":"Microsoft-Windows-Sysmon","UserID":"S-1-5-18","Company":"Microsoft Corporation","ImageLoaded":"C:\\Windows\\System32\\perfctrs.dll","SourceModuleName":"eventlog","Image":"C:\\Windows\\System32\\svchost.exe","UtcTime":"2020-07-22 04:18:56.486","Hostname":"MORDORDC.mordor.local","host":"wec.internal.cloudapp.net","ExecutionProcessID":5068,"EventType":"INFO","OpcodeValue":0,"EventTime":"2020-07-22 00:18:56","Severity":"INFO","EventID":7,"Hashes":"SHA1=F81D76B9C3499F8712FA6398554C10D389103930,MD5=27EAC9BA127C20BEEBF0BE4179ECC380,SHA256=28A8E73239C7556FD420A5A09A05CBD04C38230E0CBEAEF7D6874135261221EE,IMPHASH=E8B7A8ECDACB5ADA645B4DF7BF877CFE"}
{"EventReceivedTime":"2020-07-22 00:18:59","Product":"Microsoft Windows Operating System","SignatureStatus":"Valid","port":55069,"SeverityValue":2,"RuleName":"-","Keywords":-9223372036854775808,"ProviderGuid":"{5770385F-C22A-43E0-BF4C-06F5698FFBD9}","Description":"Performance Counters","OriginalFileName":"PERFCTRS.DLL","Version":3,"ProcessGuid":"{47b21e2e-95b6-5f14-aa00-000000000400}","ProcessId":"3564","Channel":"Microsoft-Windows-Sysmon/Operational","Message":"Image loaded:\r\nRuleName: -\r\nUtcTime: 2020-07-22 04:18:56.501\r\nProcessGuid: {47b21e2e-95b6-5f14-aa00-000000000400}\r\nProcessId: 3564\r\nImage: C:\\Windows\\System32\\svchost.exe\r\nImageLoaded: C:\\Windows\\System32\\perfctrs.dll\r\nFileVersion: 10.0.17763.1 (WinBuild.160101.0800)\r\nDescription: Performance Counters\r\nProduct: Microsoft Windows Operating System\r\nCompany: Microsoft Corporation\r\nOriginalFileName: PERFCTRS.DLL\r\nHashes: SHA1=F81D76B9C3499F8712FA6398554C10D389103930,MD5=27EAC9BA127C20BEEBF0BE4179ECC380,SHA256=28A8E73239C7556FD420A5A09A05CBD04C38230E0CBEAEF7D6874135261221EE,IMPHASH=E8B7A8ECDACB5ADA645B4DF7BF877CFE\r\nSigned: true\r\nSignature: Microsoft Windows\r\nSignatureStatus: Valid","@timestamp":"2020-07-22T04:18:59.070Z","AccountType":"User","AccountName":"SYSTEM","ThreadID":3296,"Task":7,"RecordNumber":1482088,"Signed":"true","FileVersion":"10.0.17763.1 (WinBuild.160101.0800)","@version":"1","SourceModuleType":"im_msvistalog","tags":["mordorDataset"],"Domain":"NT AUTHORITY","Signature":"Microsoft Windows","SourceName":"Microsoft-Windows-Sysmon","UserID":"S-1-5-18","Company":"Microsoft Corporation","ImageLoaded":"C:\\Windows\\System32\\perfctrs.dll","SourceModuleName":"eventlog","Image":"C:\\Windows\\System32\\svchost.exe","UtcTime":"2020-07-22 04:18:56.501","Hostname":"MORDORDC.mordor.local","host":"wec.internal.cloudapp.net","ExecutionProcessID":5068,"EventType":"INFO","OpcodeValue":0,"EventTime":"2020-07-22 00:18:56","Severity":"INFO","EventID":7,"Hashes":"SHA1=F81D76B9C3499F8712FA6398554C10D389103930,MD5=27EAC9BA127C20BEEBF0BE4179ECC380,SHA256=28A8E73239C7556FD420A5A09A05CBD04C38230E0CBEAEF7D6874135261221EE,IMPHASH=E8B7A8ECDACB5ADA645B4DF7BF877CFE"}
{"DestinationPort":"5985","EventReceivedTime":"2020-07-22 00:18:59","SourceIp":"172.18.38.5","SourceHostname":"-","port":55069,"SeverityValue":2,"RuleName":"-","Keywords":-9223372036854775808,"ProviderGuid":"{5770385F-C22A-43E0-BF4C-06F5698FFBD9}","Version":5,"SourceIsIpv6":"false","ProcessGuid":"{47b21e2e-99b3-5f14-3303-000000000400}","ProcessId":"1420","Channel":"Microsoft-Windows-Sysmon/Operational","Message":"Network connection detected:\r\nRuleName: -\r\nUtcTime: 2020-07-22 04:18:55.971\r\nProcessGuid: {47b21e2e-99b3-5f14-3303-000000000400}\r\nProcessId: 1420\r\nImage: C:\\Windows\\System32\\svchost.exe\r\nUser: NT AUTHORITY\\NETWORK SERVICE\r\nProtocol: tcp\r\nInitiated: true\r\nSourceIsIpv6: false\r\nSourceIp: 172.18.38.5\r\nSourceHostname: -\r\nSourcePort: 64872\r\nSourcePortName: -\r\nDestinationIsIpv6: false\r\nDestinationIp: 172.18.38.6\r\nDestinationHostname: -\r\nDestinationPort: 5985\r\nDestinationPortName: -","@timestamp":"2020-07-22T04:18:59.070Z","DestinationPortName":"-","AccountType":"User","AccountName":"SYSTEM","ThreadID":6920,"Task":3,"RecordNumber":1482089,"Initiated":"true","DestinationIp":"172.18.38.6","@version":"1","SourceModuleType":"im_msvistalog","tags":["mordorDataset"],"Domain":"NT AUTHORITY","DestinationHostname":"-","SourceName":"Microsoft-Windows-Sysmon","UserID":"S-1-5-18","Protocol":"tcp","SourceModuleName":"eventlog","Image":"C:\\Windows\\System32\\svchost.exe","UtcTime":"2020-07-22 04:18:55.971","Hostname":"MORDORDC.mordor.local","SourcePortName":"-","DestinationIsIpv6":"false","host":"wec.internal.cloudapp.net","ExecutionProcessID":5068,"EventType":"INFO","OpcodeValue":0,"EventTime":"2020-07-22 00:18:57","Severity":"INFO","EventID":3,"User":"NT AUTHORITY\\NETWORK SERVICE","SourcePort":"64872"}
{"DestinationPort":"5985","EventReceivedTime":"2020-07-22 00:18:59","SourceIp":"172.18.38.5","SourceHostname":"-","port":55069,"SeverityValue":2,"RuleName":"-","Keywords":-9223372036854775808,"ProviderGuid":"{5770385F-C22A-43E0-BF4C-06F5698FFBD9}","Version":5,"SourceIsIpv6":"false","ProcessGuid":"{47b21e2e-99b3-5f14-3303-000000000400}","ProcessId":"1420","Channel":"Microsoft-Windows-Sysmon/Operational","Message":"Network connection detected:\r\nRuleName: -\r\nUtcTime: 2020-07-22 04:18:55.971\r\nProcessGuid: {47b21e2e-99b3-5f14-3303-000000000400}\r\nProcessId: 1420\r\nImage: C:\\Windows\\System32\\svchost.exe\r\nUser: NT AUTHORITY\\NETWORK SERVICE\r\nProtocol: tcp\r\nInitiated: true\r\nSourceIsIpv6: false\r\nSourceIp: 172.18.38.5\r\nSourceHostname: -\r\nSourcePort: 64873\r\nSourcePortName: -\r\nDestinationIsIpv6: false\r\nDestinationIp: 172.18.38.6\r\nDestinationHostname: -\r\nDestinationPort: 5985\r\nDestinationPortName: -","@timestamp":"2020-07-22T04:18:59.070Z","DestinationPortName":"-","AccountType":"User","AccountName":"SYSTEM","ThreadID":6920,"Task":3,"RecordNumber":1482090,"Initiated":"true","DestinationIp":"172.18.38.6","@version":"1","SourceModuleType":"im_msvistalog","tags":["mordorDataset"],"Domain":"NT AUTHORITY","DestinationHostname":"-","SourceName":"Microsoft-Windows-Sysmon","UserID":"S-1-5-18","Protocol":"tcp","SourceModuleName":"eventlog","Image":"C:\\Windows\\System32\\svchost.exe","UtcTime":"2020-07-22 04:18:55.971","Hostname":"MORDORDC.mordor.local","SourcePortName":"-","DestinationIsIpv6":"false","host":"wec.internal.cloudapp.net","ExecutionProcessID":5068,"EventType":"INFO","OpcodeValue":0,"EventTime":"2020-07-22 00:18:57","Severity":"INFO","EventID":3,"User":"NT AUTHORITY\\NETWORK SERVICE","SourcePort":"64873"}
{"DestinationPort":"5985","EventReceivedTime":"2020-07-22 00:18:59","SourceIp":"172.18.38.5","SourceHostname":"-","port":55069,"SeverityValue":2,"RuleName":"-","Keywords":-9223372036854775808,"ProviderGuid":"{5770385F-C22A-43E0-BF4C-06F5698FFBD9}","Version":5,"SourceIsIpv6":"false","ProcessGuid":"{47b21e2e-99b3-5f14-3303-000000000400}","ProcessId":"1420","Channel":"Microsoft-Windows-Sysmon/Operational","Message":"Network connection detected:\r\nRuleName: -\r\nUtcTime: 2020-07-22 04:18:55.974\r\nProcessGuid: {47b21e2e-99b3-5f14-3303-000000000400}\r\nProcessId: 1420\r\nImage: C:\\Windows\\System32\\svchost.exe\r\nUser: NT AUTHORITY\\NETWORK SERVICE\r\nProtocol: tcp\r\nInitiated: true\r\nSourceIsIpv6: false\r\nSourceIp: 172.18.38.5\r\nSourceHostname: -\r\nSourcePort: 64874\r\nSourcePortName: -\r\nDestinationIsIpv6: false\r\nDestinationIp: 172.18.38.6\r\nDestinationHostname: -\r\nDestinationPort: 5985\r\nDestinationPortName: -","@timestamp":"2020-07-22T04:18:59.071Z","DestinationPortName":"-","AccountType":"User","AccountName":"SYSTEM","ThreadID":6920,"Task":3,"RecordNumber":1482091,"Initiated":"true","DestinationIp":"172.18.38.6","@version":"1","SourceModuleType":"im_msvistalog","tags":["mordorDataset"],"Domain":"NT AUTHORITY","DestinationHostname":"-","SourceName":"Microsoft-Windows-Sysmon","UserID":"S-1-5-18","Protocol":"tcp","SourceModuleName":"eventlog","Image":"C:\\Windows\\System32\\svchost.exe","UtcTime":"2020-07-22 04:18:55.974","Hostname":"MORDORDC.mordor.local","SourcePortName":"-","DestinationIsIpv6":"false","host":"wec.internal.cloudapp.net","ExecutionProcessID":5068,"EventType":"INFO","OpcodeValue":0,"EventTime":"2020-07-22 00:18:57","Severity":"INFO","EventID":3,"User":"NT AUTHORITY\\NETWORK SERVICE","SourcePort":"64874"}
{"DestinationPort":"5985","EventReceivedTime":"2020-07-22 00:18:59","SourceIp":"172.18.38.5","SourceHostname":"-","port":55069,"SeverityValue":2,"RuleName":"-","Keywords":-9223372036854775808,"ProviderGuid":"{5770385F-C22A-43E0-BF4C-06F5698FFBD9}","Version":5,"SourceIsIpv6":"false","ProcessGuid":"{47b21e2e-99b3-5f14-3303-000000000400}","ProcessId":"1420","Channel":"Microsoft-Windows-Sysmon/Operational","Message":"Network connection detected:\r\nRuleName: -\r\nUtcTime: 2020-07-22 04:18:55.974\r\nProcessGuid: {47b21e2e-99b3-5f14-3303-000000000400}\r\nProcessId: 1420\r\nImage: C:\\Windows\\System32\\svchost.exe\r\nUser: NT AUTHORITY\\NETWORK SERVICE\r\nProtocol: tcp\r\nInitiated: true\r\nSourceIsIpv6: false\r\nSourceIp: 172.18.38.5\r\nSourceHostname: -\r\nSourcePort: 64875\r\nSourcePortName: -\r\nDestinationIsIpv6: false\r\nDestinationIp: 172.18.38.6\r\nDestinationHostname: -\r\nDestinationPort: 5985\r\nDestinationPortName: -","@timestamp":"2020-07-22T04:18:59.071Z","DestinationPortName":"-","AccountType":"User","AccountName":"SYSTEM","ThreadID":6920,"Task":3,"RecordNumber":1482092,"Initiated":"true","DestinationIp":"172.18.38.6","@version":"1","SourceModuleType":"im_msvistalog","tags":["mordorDataset"],"Domain":"NT AUTHORITY","DestinationHostname":"-","SourceName":"Microsoft-Windows-Sysmon","UserID":"S-1-5-18","Protocol":"tcp","SourceModuleName":"eventlog","Image":"C:\\Windows\\System32\\svchost.exe","UtcTime":"2020-07-22 04:18:55.974","Hostname":"MORDORDC.mordor.local","SourcePortName":"-","DestinationIsIpv6":"false","host":"wec.internal.cloudapp.net","ExecutionProcessID":5068,"EventType":"INFO","OpcodeValue":0,"EventTime":"2020-07-22 00:18:57","Severity":"INFO","EventID":3,"User":"NT AUTHORITY\\NETWORK SERVICE","SourcePort":"64875"}
