{"tags":["mordorDataset"],"TargetProcessGUID":"{297bc33e-5c35-5f2b-4700-000000000400}","@version":"1","EventType":"INFO","Version":3,"ThreadID":4364,"EventTime":"2020-08-07 11:08:00","Task":10,"AccountType":"User","SourceProcessGUID":"{297bc33e-5c2f-5f2b-1200-000000000400}","CallTrace":"C:\\windows\\SYSTEM32\\ntdll.dll+9c534|C:\\windows\\System32\\KERNELBASE.dll+6a7f5|c:\\windows\\system32\\lsm.dll+10225|C:\\windows\\System32\\RPCRT4.dll+76953|C:\\windows\\System32\\RPCRT4.dll+da036|C:\\windows\\System32\\RPCRT4.dll+37a4c|C:\\windows\\System32\\RPCRT4.dll+548c8|C:\\windows\\System32\\RPCRT4.dll+2c921|C:\\windows\\System32\\RPCRT4.dll+2c1db|C:\\windows\\System32\\RPCRT4.dll+1a86f|C:\\windows\\System32\\RPCRT4.dll+19d1a|C:\\windows\\System32\\RPCRT4.dll+19301|C:\\windows\\System32\\RPCRT4.dll+18d6e|C:\\windows\\System32\\RPCRT4.dll+169a5|C:\\windows\\SYSTEM32\\ntdll.dll+333ed|C:\\windows\\SYSTEM32\\ntdll.dll+34142|C:\\windows\\System32\\KERNEL32.DLL+17bd4|C:\\windows\\SYSTEM32\\ntdll.dll+6ce51","Channel":"Microsoft-Windows-Sysmon/Operational","SourceName":"Microsoft-Windows-Sysmon","OpcodeValue":0,"Hostname":"WORKSTATION5.theshire.local","@timestamp":"2020-08-07T15:08:01.387Z","Message":"Process accessed:\r\nRuleName: -\r\nUtcTime: 2020-08-07 15:08:00.009\r\nSourceProcessGUID: {297bc33e-5c2f-5f2b-1200-000000000400}\r\nSourceProcessId: 452\r\nSourceThreadId: 2732\r\nSourceImage: C:\\windows\\system32\\svchost.exe\r\nTargetProcessGUID: {297bc33e-5c35-5f2b-4700-000000000400}\r\nTargetProcessId: 3140\r\nTargetImage: C:\\windows\\System32\\svchost.exe\r\nGrantedAccess: 0x1000\r\nCallTrace: C:\\windows\\SYSTEM32\\ntdll.dll+9c534|C:\\windows\\System32\\KERNELBASE.dll+6a7f5|c:\\windows\\system32\\lsm.dll+10225|C:\\windows\\System32\\RPCRT4.dll+76953|C:\\windows\\System32\\RPCRT4.dll+da036|C:\\windows\\System32\\RPCRT4.dll+37a4c|C:\\windows\\System32\\RPCRT4.dll+548c8|C:\\windows\\System32\\RPCRT4.dll+2c921|C:\\windows\\System32\\RPCRT4.dll+2c1db|C:\\windows\\System32\\RPCRT4.dll+1a86f|C:\\windows\\System32\\RPCRT4.dll+19d1a|C:\\windows\\System32\\RPCRT4.dll+19301|C:\\windows\\System32\\RPCRT4.dll+18d6e|C:\\windows\\System32\\RPCRT4.dll+169a5|C:\\windows\\SYSTEM32\\ntdll.dll+333ed|C:\\windows\\SYSTEM32\\ntdll.dll+34142|C:\\windows\\System32\\KERNEL32.DLL+17bd4|C:\\windows\\SYSTEM32\\ntdll.dll+6ce51","SourceModuleName":"eventlog","ProcessId":"452","SourceImage":"C:\\windows\\system32\\svchost.exe","EventReceivedTime":"2020-08-07 11:08:01","port":60122,"AccountName":"SYSTEM","UtcTime":"2020-08-07 15:08:00.009","GrantedAccess":"0x1000","Domain":"NT AUTHORITY","ExecutionProcessID":3284,"host":"wec.internal.cloudapp.net","SourceProcessId":"452","SourceThreadId":"2732","Severity":"INFO","TargetProcessId":"3140","SeverityValue":2,"EventID":10,"UserID":"S-1-5-18","ProviderGuid":"{5770385F-C22A-43E0-BF4C-06F5698FFBD9}","RecordNumber":743705,"SourceModuleType":"im_msvistalog","Keywords":-9223372036854775808,"TargetImage":"C:\\windows\\System32\\svchost.exe","RuleName":"-"}
{"tags":["mordorDataset"],"TargetProcessGUID":"{49a15388-5c40-5f2b-4700-000000000400}","@version":"1","EventType":"INFO","Version":3,"ThreadID":4496,"EventTime":"2020-08-07 11:08:00","Task":10,"AccountType":"User","SourceProcessGUID":"{49a15388-5c39-5f2b-1200-000000000400}","CallTrace":"C:\\windows\\SYSTEM32\\ntdll.dll+9c534|C:\\windows\\System32\\KERNELBASE.dll+6a7f5|c:\\windows\\system32\\lsm.dll+f6ba|C:\\windows\\System32\\RPCRT4.dll+76953|C:\\windows\\System32\\RPCRT4.dll+da036|C:\\windows\\System32\\RPCRT4.dll+37a4c|C:\\windows\\System32\\RPCRT4.dll+548c8|C:\\windows\\System32\\RPCRT4.dll+2c921|C:\\windows\\System32\\RPCRT4.dll+2c1db|C:\\windows\\System32\\RPCRT4.dll+1a86f|C:\\windows\\System32\\RPCRT4.dll+19d1a|C:\\windows\\System32\\RPCRT4.dll+19301|C:\\windows\\System32\\RPCRT4.dll+18d6e|C:\\windows\\System32\\RPCRT4.dll+169a5|C:\\windows\\SYSTEM32\\ntdll.dll+333ed|C:\\windows\\SYSTEM32\\ntdll.dll+34142|C:\\windows\\System32\\KERNEL32.DLL+17bd4|C:\\windows\\SYSTEM32\\ntdll.dll+6ce51","Channel":"Microsoft-Windows-Sysmon/Operational","SourceName":"Microsoft-Windows-Sysmon","OpcodeValue":0,"Hostname":"WORKSTATION6.theshire.local","@timestamp":"2020-08-07T15:08:01.387Z","Message":"Process accessed:\r\nRuleName: -\r\nUtcTime: 2020-08-07 15:08:00.000\r\nSourceProcessGUID: {49a15388-5c39-5f2b-1200-000000000400}\r\nSourceProcessId: 380\r\nSourceThreadId: 7488\r\nSourceImage: C:\\windows\\system32\\svchost.exe\r\nTargetProcessGUID: {49a15388-5c40-5f2b-4700-000000000400}\r\nTargetProcessId: 3268\r\nTargetImage: C:\\windows\\System32\\svchost.exe\r\nGrantedAccess: 0x1000\r\nCallTrace: C:\\windows\\SYSTEM32\\ntdll.dll+9c534|C:\\windows\\System32\\KERNELBASE.dll+6a7f5|c:\\windows\\system32\\lsm.dll+f6ba|C:\\windows\\System32\\RPCRT4.dll+76953|C:\\windows\\System32\\RPCRT4.dll+da036|C:\\windows\\System32\\RPCRT4.dll+37a4c|C:\\windows\\System32\\RPCRT4.dll+548c8|C:\\windows\\System32\\RPCRT4.dll+2c921|C:\\windows\\System32\\RPCRT4.dll+2c1db|C:\\windows\\System32\\RPCRT4.dll+1a86f|C:\\windows\\System32\\RPCRT4.dll+19d1a|C:\\windows\\System32\\RPCRT4.dll+19301|C:\\windows\\System32\\RPCRT4.dll+18d6e|C:\\windows\\System32\\RPCRT4.dll+169a5|C:\\windows\\SYSTEM32\\ntdll.dll+333ed|C:\\windows\\SYSTEM32\\ntdll.dll+34142|C:\\windows\\System32\\KERNEL32.DLL+17bd4|C:\\windows\\SYSTEM32\\ntdll.dll+6ce51","SourceModuleName":"eventlog","ProcessId":"380","SourceImage":"C:\\windows\\system32\\svchost.exe","EventReceivedTime":"2020-08-07 11:08:01","port":60122,"AccountName":"SYSTEM","UtcTime":"2020-08-07 15:08:00.000","GrantedAccess":"0x1000","Domain":"NT AUTHORITY","ExecutionProcessID":3432,"host":"wec.internal.cloudapp.net","SourceProcessId":"380","SourceThreadId":"7488","Severity":"INFO","TargetProcessId":"3268","SeverityValue":2,"EventID":10,"UserID":"S-1-5-18","ProviderGuid":"{5770385F-C22A-43E0-BF4C-06F5698FFBD9}","RecordNumber":661060,"SourceModuleType":"im_msvistalog","Keywords":-9223372036854775808,"TargetImage":"C:\\windows\\System32\\svchost.exe","RuleName":"-"}
{"tags":["mordorDataset"],"TargetProcessGUID":"{297bc33e-5c35-5f2b-4700-000000000400}","@version":"1","EventType":"INFO","Version":3,"ThreadID":4364,"EventTime":"2020-08-07 11:08:00","Task":10,"AccountType":"User","SourceProcessGUID":"{297bc33e-5c2f-5f2b-1200-000000000400}","CallTrace":"C:\\windows\\SYSTEM32\\ntdll.dll+9c534|C:\\windows\\System32\\KERNELBASE.dll+6a7f5|c:\\windows\\system32\\lsm.dll+108a0|C:\\windows\\System32\\RPCRT4.dll+76953|C:\\windows\\System32\\RPCRT4.dll+da036|C:\\windows\\System32\\RPCRT4.dll+37a4c|C:\\windows\\System32\\RPCRT4.dll+548c8|C:\\windows\\System32\\RPCRT4.dll+2c921|C:\\windows\\System32\\RPCRT4.dll+2c1db|C:\\windows\\System32\\RPCRT4.dll+1a86f|C:\\windows\\System32\\RPCRT4.dll+19d1a|C:\\windows\\System32\\RPCRT4.dll+19301|C:\\windows\\System32\\RPCRT4.dll+18d6e|C:\\windows\\System32\\RPCRT4.dll+169a5|C:\\windows\\SYSTEM32\\ntdll.dll+333ed|C:\\windows\\SYSTEM32\\ntdll.dll+34142|C:\\windows\\System32\\KERNEL32.DLL+17bd4|C:\\windows\\SYSTEM32\\ntdll.dll+6ce51","Channel":"Microsoft-Windows-Sysmon/Operational","SourceName":"Microsoft-Windows-Sysmon","OpcodeValue":0,"Hostname":"WORKSTATION5.theshire.local","@timestamp":"2020-08-07T15:08:01.388Z","Message":"Process accessed:\r\nRuleName: -\r\nUtcTime: 2020-08-07 15:08:00.009\r\nSourceProcessGUID: {297bc33e-5c2f-5f2b-1200-000000000400}\r\nSourceProcessId: 452\r\nSourceThreadId: 2732\r\nSourceImage: C:\\windows\\system32\\svchost.exe\r\nTargetProcessGUID: {297bc33e-5c35-5f2b-4700-000000000400}\r\nTargetProcessId: 3140\r\nTargetImage: C:\\windows\\System32\\svchost.exe\r\nGrantedAccess: 0x1000\r\nCallTrace: C:\\windows\\SYSTEM32\\ntdll.dll+9c534|C:\\windows\\System32\\KERNELBASE.dll+6a7f5|c:\\windows\\system32\\lsm.dll+108a0|C:\\windows\\System32\\RPCRT4.dll+76953|C:\\windows\\System32\\RPCRT4.dll+da036|C:\\windows\\System32\\RPCRT4.dll+37a4c|C:\\windows\\System32\\RPCRT4.dll+548c8|C:\\windows\\System32\\RPCRT4.dll+2c921|C:\\windows\\System32\\RPCRT4.dll+2c1db|C:\\windows\\System32\\RPCRT4.dll+1a86f|C:\\windows\\System32\\RPCRT4.dll+19d1a|C:\\windows\\System32\\RPCRT4.dll+19301|C:\\windows\\System32\\RPCRT4.dll+18d6e|C:\\windows\\System32\\RPCRT4.dll+169a5|C:\\windows\\SYSTEM32\\ntdll.dll+333ed|C:\\windows\\SYSTEM32\\ntdll.dll+34142|C:\\windows\\System32\\KERNEL32.DLL+17bd4|C:\\windows\\SYSTEM32\\ntdll.dll+6ce51","SourceModuleName":"eventlog","ProcessId":"452","SourceImage":"C:\\windows\\system32\\svchost.exe","EventReceivedTime":"2020-08-07 11:08:01","port":60122,"AccountName":"SYSTEM","UtcTime":"2020-08-07 15:08:00.009","GrantedAccess":"0x1000","Domain":"NT AUTHORITY","ExecutionProcessID":3284,"host":"wec.internal.cloudapp.net","SourceProcessId":"452","SourceThreadId":"2732","Severity":"INFO","TargetProcessId":"3140","SeverityValue":2,"EventID":10,"UserID":"S-1-5-18","ProviderGuid":"{5770385F-C22A-43E0-BF4C-06F5698FFBD9}","RecordNumber":743706,"SourceModuleType":"im_msvistalog","Keywords":-9223372036854775808,"TargetImage":"C:\\windows\\System32\\svchost.exe","RuleName":"-"}
{"tags":["mordorDataset"],"TargetProcessGUID":"{49a15388-5c40-5f2b-4700-000000000400}","@version":"1","EventType":"INFO","Version":3,"ThreadID":4496,"EventTime":"2020-08-07 11:08:00","Task":10,"AccountType":"User","SourceProcessGUID":"{49a15388-5c39-5f2b-1200-000000000400}","CallTrace":"C:\\windows\\SYSTEM32\\ntdll.dll+9c534|C:\\windows\\System32\\KERNELBASE.dll+6a7f5|c:\\windows\\system32\\lsm.dll+f97f|c:\\windows\\system32\\lsm.dll+f7ad|C:\\windows\\System32\\RPCRT4.dll+76953|C:\\windows\\System32\\RPCRT4.dll+da036|C:\\windows\\System32\\RPCRT4.dll+37a4c|C:\\windows\\System32\\RPCRT4.dll+548c8|C:\\windows\\System32\\RPCRT4.dll+2c921|C:\\windows\\System32\\RPCRT4.dll+2c1db|C:\\windows\\System32\\RPCRT4.dll+1a86f|C:\\windows\\System32\\RPCRT4.dll+19d1a|C:\\windows\\System32\\RPCRT4.dll+19301|C:\\windows\\System32\\RPCRT4.dll+18d6e|C:\\windows\\System32\\RPCRT4.dll+169a5|C:\\windows\\SYSTEM32\\ntdll.dll+333ed|C:\\windows\\SYSTEM32\\ntdll.dll+34142|C:\\windows\\System32\\KERNEL32.DLL+17bd4|C:\\windows\\SYSTEM32\\ntdll.dll+6ce51","Channel":"Microsoft-Windows-Sysmon/Operational","SourceName":"Microsoft-Windows-Sysmon","OpcodeValue":0,"Hostname":"WORKSTATION6.theshire.local","@timestamp":"2020-08-07T15:08:01.388Z","Message":"Process accessed:\r\nRuleName: -\r\nUtcTime: 2020-08-07 15:08:00.000\r\nSourceProcessGUID: {49a15388-5c39-5f2b-1200-000000000400}\r\nSourceProcessId: 380\r\nSourceThreadId: 7488\r\nSourceImage: C:\\windows\\system32\\svchost.exe\r\nTargetProcessGUID: {49a15388-5c40-5f2b-4700-000000000400}\r\nTargetProcessId: 3268\r\nTargetImage: C:\\windows\\System32\\svchost.exe\r\nGrantedAccess: 0x1000\r\nCallTrace: C:\\windows\\SYSTEM32\\ntdll.dll+9c534|C:\\windows\\System32\\KERNELBASE.dll+6a7f5|c:\\windows\\system32\\lsm.dll+f97f|c:\\windows\\system32\\lsm.dll+f7ad|C:\\windows\\System32\\RPCRT4.dll+76953|C:\\windows\\System32\\RPCRT4.dll+da036|C:\\windows\\System32\\RPCRT4.dll+37a4c|C:\\windows\\System32\\RPCRT4.dll+548c8|C:\\windows\\System32\\RPCRT4.dll+2c921|C:\\windows\\System32\\RPCRT4.dll+2c1db|C:\\windows\\System32\\RPCRT4.dll+1a86f|C:\\windows\\System32\\RPCRT4.dll+19d1a|C:\\windows\\System32\\RPCRT4.dll+19301|C:\\windows\\System32\\RPCRT4.dll+18d6e|C:\\windows\\System32\\RPCRT4.dll+169a5|C:\\windows\\SYSTEM32\\ntdll.dll+333ed|C:\\windows\\SYSTEM32\\ntdll.dll+34142|C:\\windows\\System32\\KERNEL32.DLL+17bd4|C:\\windows\\SYSTEM32\\ntdll.dll+6ce51","SourceModuleName":"eventlog","ProcessId":"380","SourceImage":"C:\\windows\\system32\\svchost.exe","EventReceivedTime":"2020-08-07 11:08:01","port":60122,"AccountName":"SYSTEM","UtcTime":"2020-08-07 15:08:00.000","GrantedAccess":"0x1000","Domain":"NT AUTHORITY","ExecutionProcessID":3432,"host":"wec.internal.cloudapp.net","SourceProcessId":"380","SourceThreadId":"7488","Severity":"INFO","TargetProcessId":"3268","SeverityValue":2,"EventID":10,"UserID":"S-1-5-18","ProviderGuid":"{5770385F-C22A-43E0-BF4C-06F5698FFBD9}","RecordNumber":661061,"SourceModuleType":"im_msvistalog","Keywords":-9223372036854775808,"TargetImage":"C:\\windows\\System32\\svchost.exe","RuleName":"-"}
{"tags":["mordorDataset"],"TargetProcessGUID":"{297bc33e-5c35-5f2b-4700-000000000400}","@version":"1","EventType":"INFO","Version":3,"ThreadID":4364,"EventTime":"2020-08-07 11:08:00","Task":10,"AccountType":"User","SourceProcessGUID":"{297bc33e-5c2f-5f2b-1200-000000000400}","CallTrace":"C:\\windows\\SYSTEM32\\ntdll.dll+9c534|C:\\windows\\System32\\KERNELBASE.dll+6a7f5|c:\\windows\\system32\\lsm.dll+106fe|C:\\windows\\System32\\RPCRT4.dll+76953|C:\\windows\\System32\\RPCRT4.dll+da036|C:\\windows\\System32\\RPCRT4.dll+37a4c|C:\\windows\\System32\\RPCRT4.dll+548c8|C:\\windows\\System32\\RPCRT4.dll+2c921|C:\\windows\\System32\\RPCRT4.dll+2c1db|C:\\windows\\System32\\RPCRT4.dll+1a86f|C:\\windows\\System32\\RPCRT4.dll+19d1a|C:\\windows\\System32\\RPCRT4.dll+19301|C:\\windows\\System32\\RPCRT4.dll+18d6e|C:\\windows\\System32\\RPCRT4.dll+169a5|C:\\windows\\SYSTEM32\\ntdll.dll+333ed|C:\\windows\\SYSTEM32\\ntdll.dll+34142|C:\\windows\\System32\\KERNEL32.DLL+17bd4|C:\\windows\\SYSTEM32\\ntdll.dll+6ce51","Channel":"Microsoft-Windows-Sysmon/Operational","SourceName":"Microsoft-Windows-Sysmon","OpcodeValue":0,"Hostname":"WORKSTATION5.theshire.local","@timestamp":"2020-08-07T15:08:01.389Z","Message":"Process accessed:\r\nRuleName: -\r\nUtcTime: 2020-08-07 15:08:00.009\r\nSourceProcessGUID: {297bc33e-5c2f-5f2b-1200-000000000400}\r\nSourceProcessId: 452\r\nSourceThreadId: 2732\r\nSourceImage: C:\\windows\\system32\\svchost.exe\r\nTargetProcessGUID: {297bc33e-5c35-5f2b-4700-000000000400}\r\nTargetProcessId: 3140\r\nTargetImage: C:\\windows\\System32\\svchost.exe\r\nGrantedAccess: 0x1000\r\nCallTrace: C:\\windows\\SYSTEM32\\ntdll.dll+9c534|C:\\windows\\System32\\KERNELBASE.dll+6a7f5|c:\\windows\\system32\\lsm.dll+106fe|C:\\windows\\System32\\RPCRT4.dll+76953|C:\\windows\\System32\\RPCRT4.dll+da036|C:\\windows\\System32\\RPCRT4.dll+37a4c|C:\\windows\\System32\\RPCRT4.dll+548c8|C:\\windows\\System32\\RPCRT4.dll+2c921|C:\\windows\\System32\\RPCRT4.dll+2c1db|C:\\windows\\System32\\RPCRT4.dll+1a86f|C:\\windows\\System32\\RPCRT4.dll+19d1a|C:\\windows\\System32\\RPCRT4.dll+19301|C:\\windows\\System32\\RPCRT4.dll+18d6e|C:\\windows\\System32\\RPCRT4.dll+169a5|C:\\windows\\SYSTEM32\\ntdll.dll+333ed|C:\\windows\\SYSTEM32\\ntdll.dll+34142|C:\\windows\\System32\\KERNEL32.DLL+17bd4|C:\\windows\\SYSTEM32\\ntdll.dll+6ce51","SourceModuleName":"eventlog","ProcessId":"452","SourceImage":"C:\\windows\\system32\\svchost.exe","EventReceivedTime":"2020-08-07 11:08:01","port":60122,"AccountName":"SYSTEM","UtcTime":"2020-08-07 15:08:00.009","GrantedAccess":"0x1000","Domain":"NT AUTHORITY","ExecutionProcessID":3284,"host":"wec.internal.cloudapp.net","SourceProcessId":"452","SourceThreadId":"2732","Severity":"INFO","TargetProcessId":"3140","SeverityValue":2,"EventID":10,"UserID":"S-1-5-18","ProviderGuid":"{5770385F-C22A-43E0-BF4C-06F5698FFBD9}","RecordNumber":743707,"SourceModuleType":"im_msvistalog","Keywords":-9223372036854775808,"TargetImage":"C:\\windows\\System32\\svchost.exe","RuleName":"-"}
{"tags":["mordorDataset"],"TargetProcessGUID":"{49a15388-5c40-5f2b-4700-000000000400}","@version":"1","EventType":"INFO","Version":3,"ThreadID":4496,"EventTime":"2020-08-07 11:08:00","Task":10,"AccountType":"User","SourceProcessGUID":"{49a15388-5c39-5f2b-1200-000000000400}","CallTrace":"C:\\windows\\SYSTEM32\\ntdll.dll+9c534|C:\\windows\\System32\\KERNELBASE.dll+6a7f5|c:\\windows\\system32\\lsm.dll+f6ba|C:\\windows\\System32\\RPCRT4.dll+76953|C:\\windows\\System32\\RPCRT4.dll+da036|C:\\windows\\System32\\RPCRT4.dll+37a4c|C:\\windows\\System32\\RPCRT4.dll+548c8|C:\\windows\\System32\\RPCRT4.dll+2c921|C:\\windows\\System32\\RPCRT4.dll+2c1db|C:\\windows\\System32\\RPCRT4.dll+1a86f|C:\\windows\\System32\\RPCRT4.dll+19d1a|C:\\windows\\System32\\RPCRT4.dll+19301|C:\\windows\\System32\\RPCRT4.dll+18d6e|C:\\windows\\System32\\RPCRT4.dll+169a5|C:\\windows\\SYSTEM32\\ntdll.dll+333ed|C:\\windows\\SYSTEM32\\ntdll.dll+34142|C:\\windows\\System32\\KERNEL32.DLL+17bd4|C:\\windows\\SYSTEM32\\ntdll.dll+6ce51","Channel":"Microsoft-Windows-Sysmon/Operational","SourceName":"Microsoft-Windows-Sysmon","OpcodeValue":0,"Hostname":"WORKSTATION6.theshire.local","@timestamp":"2020-08-07T15:08:01.389Z","Message":"Process accessed:\r\nRuleName: -\r\nUtcTime: 2020-08-07 15:08:00.000\r\nSourceProcessGUID: {49a15388-5c39-5f2b-1200-000000000400}\r\nSourceProcessId: 380\r\nSourceThreadId: 7488\r\nSourceImage: C:\\windows\\system32\\svchost.exe\r\nTargetProcessGUID: {49a15388-5c40-5f2b-4700-000000000400}\r\nTargetProcessId: 3268\r\nTargetImage: C:\\windows\\System32\\svchost.exe\r\nGrantedAccess: 0x1000\r\nCallTrace: C:\\windows\\SYSTEM32\\ntdll.dll+9c534|C:\\windows\\System32\\KERNELBASE.dll+6a7f5|c:\\windows\\system32\\lsm.dll+f6ba|C:\\windows\\System32\\RPCRT4.dll+76953|C:\\windows\\System32\\RPCRT4.dll+da036|C:\\windows\\System32\\RPCRT4.dll+37a4c|C:\\windows\\System32\\RPCRT4.dll+548c8|C:\\windows\\System32\\RPCRT4.dll+2c921|C:\\windows\\System32\\RPCRT4.dll+2c1db|C:\\windows\\System32\\RPCRT4.dll+1a86f|C:\\windows\\System32\\RPCRT4.dll+19d1a|C:\\windows\\System32\\RPCRT4.dll+19301|C:\\windows\\System32\\RPCRT4.dll+18d6e|C:\\windows\\System32\\RPCRT4.dll+169a5|C:\\windows\\SYSTEM32\\ntdll.dll+333ed|C:\\windows\\SYSTEM32\\ntdll.dll+34142|C:\\windows\\System32\\KERNEL32.DLL+17bd4|C:\\windows\\SYSTEM32\\ntdll.dll+6ce51","SourceModuleName":"eventlog","ProcessId":"380","SourceImage":"C:\\windows\\system32\\svchost.exe","EventReceivedTime":"2020-08-07 11:08:01","port":60122,"AccountName":"SYSTEM","UtcTime":"2020-08-07 15:08:00.000","GrantedAccess":"0x1000","Domain":"NT AUTHORITY","ExecutionProcessID":3432,"host":"wec.internal.cloudapp.net","SourceProcessId":"380","SourceThreadId":"7488","Severity":"INFO","TargetProcessId":"3268","SeverityValue":2,"EventID":10,"UserID":"S-1-5-18","ProviderGuid":"{5770385F-C22A-43E0-BF4C-06F5698FFBD9}","RecordNumber":661062,"SourceModuleType":"im_msvistalog","Keywords":-9223372036854775808,"TargetImage":"C:\\windows\\System32\\svchost.exe","RuleName":"-"}
{"tags":["mordorDataset"],"TargetProcessGUID":"{297bc33e-5c35-5f2b-4700-000000000400}","@version":"1","EventType":"INFO","Version":3,"ThreadID":4364,"EventTime":"2020-08-07 11:08:00","Task":10,"AccountType":"User","SourceProcessGUID":"{297bc33e-5c2f-5f2b-1200-000000000400}","CallTrace":"C:\\windows\\SYSTEM32\\ntdll.dll+9c534|C:\\windows\\System32\\KERNELBASE.dll+6a7f5|c:\\windows\\system32\\lsm.dll+f6ba|C:\\windows\\System32\\RPCRT4.dll+76953|C:\\windows\\System32\\RPCRT4.dll+da036|C:\\windows\\System32\\RPCRT4.dll+37a4c|C:\\windows\\System32\\RPCRT4.dll+548c8|C:\\windows\\System32\\RPCRT4.dll+2c921|C:\\windows\\System32\\RPCRT4.dll+2c1db|C:\\windows\\System32\\RPCRT4.dll+1a86f|C:\\windows\\System32\\RPCRT4.dll+19d1a|C:\\windows\\System32\\RPCRT4.dll+19301|C:\\windows\\System32\\RPCRT4.dll+18d6e|C:\\windows\\System32\\RPCRT4.dll+169a5|C:\\windows\\SYSTEM32\\ntdll.dll+333ed|C:\\windows\\SYSTEM32\\ntdll.dll+34142|C:\\windows\\System32\\KERNEL32.DLL+17bd4|C:\\windows\\SYSTEM32\\ntdll.dll+6ce51","Channel":"Microsoft-Windows-Sysmon/Operational","SourceName":"Microsoft-Windows-Sysmon","OpcodeValue":0,"Hostname":"WORKSTATION5.theshire.local","@timestamp":"2020-08-07T15:08:01.390Z","Message":"Process accessed:\r\nRuleName: -\r\nUtcTime: 2020-08-07 15:08:00.009\r\nSourceProcessGUID: {297bc33e-5c2f-5f2b-1200-000000000400}\r\nSourceProcessId: 452\r\nSourceThreadId: 8540\r\nSourceImage: C:\\windows\\system32\\svchost.exe\r\nTargetProcessGUID: {297bc33e-5c35-5f2b-4700-000000000400}\r\nTargetProcessId: 3140\r\nTargetImage: C:\\windows\\System32\\svchost.exe\r\nGrantedAccess: 0x1000\r\nCallTrace: C:\\windows\\SYSTEM32\\ntdll.dll+9c534|C:\\windows\\System32\\KERNELBASE.dll+6a7f5|c:\\windows\\system32\\lsm.dll+f6ba|C:\\windows\\System32\\RPCRT4.dll+76953|C:\\windows\\System32\\RPCRT4.dll+da036|C:\\windows\\System32\\RPCRT4.dll+37a4c|C:\\windows\\System32\\RPCRT4.dll+548c8|C:\\windows\\System32\\RPCRT4.dll+2c921|C:\\windows\\System32\\RPCRT4.dll+2c1db|C:\\windows\\System32\\RPCRT4.dll+1a86f|C:\\windows\\System32\\RPCRT4.dll+19d1a|C:\\windows\\System32\\RPCRT4.dll+19301|C:\\windows\\System32\\RPCRT4.dll+18d6e|C:\\windows\\System32\\RPCRT4.dll+169a5|C:\\windows\\SYSTEM32\\ntdll.dll+333ed|C:\\windows\\SYSTEM32\\ntdll.dll+34142|C:\\windows\\System32\\KERNEL32.DLL+17bd4|C:\\windows\\SYSTEM32\\ntdll.dll+6ce51","SourceModuleName":"eventlog","ProcessId":"452","SourceImage":"C:\\windows\\system32\\svchost.exe","EventReceivedTime":"2020-08-07 11:08:01","port":60122,"AccountName":"SYSTEM","UtcTime":"2020-08-07 15:08:00.009","GrantedAccess":"0x1000","Domain":"NT AUTHORITY","ExecutionProcessID":3284,"host":"wec.internal.cloudapp.net","SourceProcessId":"452","SourceThreadId":"8540","Severity":"INFO","TargetProcessId":"3140","SeverityValue":2,"EventID":10,"UserID":"S-1-5-18","ProviderGuid":"{5770385F-C22A-43E0-BF4C-06F5698FFBD9}","RecordNumber":743708,"SourceModuleType":"im_msvistalog","Keywords":-9223372036854775808,"TargetImage":"C:\\windows\\System32\\svchost.exe","RuleName":"-"}
{"tags":["mordorDataset"],"TargetProcessGUID":"{49a15388-5c40-5f2b-4700-000000000400}","@version":"1","EventType":"INFO","Version":3,"ThreadID":4496,"EventTime":"2020-08-07 11:08:00","Task":10,"AccountType":"User","SourceProcessGUID":"{49a15388-5c39-5f2b-1200-000000000400}","CallTrace":"C:\\windows\\SYSTEM32\\ntdll.dll+9c534|C:\\windows\\System32\\KERNELBASE.dll+6a7f5|c:\\windows\\system32\\lsm.dll+f97f|c:\\windows\\system32\\lsm.dll+f7ad|C:\\windows\\System32\\RPCRT4.dll+76953|C:\\windows\\System32\\RPCRT4.dll+da036|C:\\windows\\System32\\RPCRT4.dll+37a4c|C:\\windows\\System32\\RPCRT4.dll+548c8|C:\\windows\\System32\\RPCRT4.dll+2c921|C:\\windows\\System32\\RPCRT4.dll+2c1db|C:\\windows\\System32\\RPCRT4.dll+1a86f|C:\\windows\\System32\\RPCRT4.dll+19d1a|C:\\windows\\System32\\RPCRT4.dll+19301|C:\\windows\\System32\\RPCRT4.dll+18d6e|C:\\windows\\System32\\RPCRT4.dll+169a5|C:\\windows\\SYSTEM32\\ntdll.dll+333ed|C:\\windows\\SYSTEM32\\ntdll.dll+34142|C:\\windows\\System32\\KERNEL32.DLL+17bd4|C:\\windows\\SYSTEM32\\ntdll.dll+6ce51","Channel":"Microsoft-Windows-Sysmon/Operational","SourceName":"Microsoft-Windows-Sysmon","OpcodeValue":0,"Hostname":"WORKSTATION6.theshire.local","@timestamp":"2020-08-07T15:08:01.390Z","Message":"Process accessed:\r\nRuleName: -\r\nUtcTime: 2020-08-07 15:08:00.000\r\nSourceProcessGUID: {49a15388-5c39-5f2b-1200-000000000400}\r\nSourceProcessId: 380\r\nSourceThreadId: 7488\r\nSourceImage: C:\\windows\\system32\\svchost.exe\r\nTargetProcessGUID: {49a15388-5c40-5f2b-4700-000000000400}\r\nTargetProcessId: 3268\r\nTargetImage: C:\\windows\\System32\\svchost.exe\r\nGrantedAccess: 0x1000\r\nCallTrace: C:\\windows\\SYSTEM32\\ntdll.dll+9c534|C:\\windows\\System32\\KERNELBASE.dll+6a7f5|c:\\windows\\system32\\lsm.dll+f97f|c:\\windows\\system32\\lsm.dll+f7ad|C:\\windows\\System32\\RPCRT4.dll+76953|C:\\windows\\System32\\RPCRT4.dll+da036|C:\\windows\\System32\\RPCRT4.dll+37a4c|C:\\windows\\System32\\RPCRT4.dll+548c8|C:\\windows\\System32\\RPCRT4.dll+2c921|C:\\windows\\System32\\RPCRT4.dll+2c1db|C:\\windows\\System32\\RPCRT4.dll+1a86f|C:\\windows\\System32\\RPCRT4.dll+19d1a|C:\\windows\\System32\\RPCRT4.dll+19301|C:\\windows\\System32\\RPCRT4.dll+18d6e|C:\\windows\\System32\\RPCRT4.dll+169a5|C:\\windows\\SYSTEM32\\ntdll.dll+333ed|C:\\windows\\SYSTEM32\\ntdll.dll+34142|C:\\windows\\System32\\KERNEL32.DLL+17bd4|C:\\windows\\SYSTEM32\\ntdll.dll+6ce51","SourceModuleName":"eventlog","ProcessId":"380","SourceImage":"C:\\windows\\system32\\svchost.exe","EventReceivedTime":"2020-08-07 11:08:01","port":60122,"AccountName":"SYSTEM","UtcTime":"2020-08-07 15:08:00.000","GrantedAccess":"0x1000","Domain":"NT AUTHORITY","ExecutionProcessID":3432,"host":"wec.internal.cloudapp.net","SourceProcessId":"380","SourceThreadId":"7488","Severity":"INFO","TargetProcessId":"3268","SeverityValue":2,"EventID":10,"UserID":"S-1-5-18","ProviderGuid":"{5770385F-C22A-43E0-BF4C-06F5698FFBD9}","RecordNumber":661063,"SourceModuleType":"im_msvistalog","Keywords":-9223372036854775808,"TargetImage":"C:\\windows\\System32\\svchost.exe","RuleName":"-"}
{"tags":["mordorDataset"],"TargetProcessGUID":"{297bc33e-5c35-5f2b-4700-000000000400}","@version":"1","EventType":"INFO","Version":3,"ThreadID":4364,"EventTime":"2020-08-07 11:08:00","Task":10,"AccountType":"User","SourceProcessGUID":"{297bc33e-5c2f-5f2b-1200-000000000400}","CallTrace":"C:\\windows\\SYSTEM32\\ntdll.dll+9c534|C:\\windows\\System32\\KERNELBASE.dll+6a7f5|c:\\windows\\system32\\lsm.dll+f97f|c:\\windows\\system32\\lsm.dll+f7ad|C:\\windows\\System32\\RPCRT4.dll+76953|C:\\windows\\System32\\RPCRT4.dll+da036|C:\\windows\\System32\\RPCRT4.dll+37a4c|C:\\windows\\System32\\RPCRT4.dll+548c8|C:\\windows\\System32\\RPCRT4.dll+2c921|C:\\windows\\System32\\RPCRT4.dll+2c1db|C:\\windows\\System32\\RPCRT4.dll+1a86f|C:\\windows\\System32\\RPCRT4.dll+19d1a|C:\\windows\\System32\\RPCRT4.dll+19301|C:\\windows\\System32\\RPCRT4.dll+18d6e|C:\\windows\\System32\\RPCRT4.dll+169a5|C:\\windows\\SYSTEM32\\ntdll.dll+333ed|C:\\windows\\SYSTEM32\\ntdll.dll+34142|C:\\windows\\System32\\KERNEL32.DLL+17bd4|C:\\windows\\SYSTEM32\\ntdll.dll+6ce51","Channel":"Microsoft-Windows-Sysmon/Operational","SourceName":"Microsoft-Windows-Sysmon","OpcodeValue":0,"Hostname":"WORKSTATION5.theshire.local","@timestamp":"2020-08-07T15:08:01.391Z","Message":"Process accessed:\r\nRuleName: -\r\nUtcTime: 2020-08-07 15:08:00.009\r\nSourceProcessGUID: {297bc33e-5c2f-5f2b-1200-000000000400}\r\nSourceProcessId: 452\r\nSourceThreadId: 8540\r\nSourceImage: C:\\windows\\system32\\svchost.exe\r\nTargetProcessGUID: {297bc33e-5c35-5f2b-4700-000000000400}\r\nTargetProcessId: 3140\r\nTargetImage: C:\\windows\\System32\\svchost.exe\r\nGrantedAccess: 0x1000\r\nCallTrace: C:\\windows\\SYSTEM32\\ntdll.dll+9c534|C:\\windows\\System32\\KERNELBASE.dll+6a7f5|c:\\windows\\system32\\lsm.dll+f97f|c:\\windows\\system32\\lsm.dll+f7ad|C:\\windows\\System32\\RPCRT4.dll+76953|C:\\windows\\System32\\RPCRT4.dll+da036|C:\\windows\\System32\\RPCRT4.dll+37a4c|C:\\windows\\System32\\RPCRT4.dll+548c8|C:\\windows\\System32\\RPCRT4.dll+2c921|C:\\windows\\System32\\RPCRT4.dll+2c1db|C:\\windows\\System32\\RPCRT4.dll+1a86f|C:\\windows\\System32\\RPCRT4.dll+19d1a|C:\\windows\\System32\\RPCRT4.dll+19301|C:\\windows\\System32\\RPCRT4.dll+18d6e|C:\\windows\\System32\\RPCRT4.dll+169a5|C:\\windows\\SYSTEM32\\ntdll.dll+333ed|C:\\windows\\SYSTEM32\\ntdll.dll+34142|C:\\windows\\System32\\KERNEL32.DLL+17bd4|C:\\windows\\SYSTEM32\\ntdll.dll+6ce51","SourceModuleName":"eventlog","ProcessId":"452","SourceImage":"C:\\windows\\system32\\svchost.exe","EventReceivedTime":"2020-08-07 11:08:01","port":60122,"AccountName":"SYSTEM","UtcTime":"2020-08-07 15:08:00.009","GrantedAccess":"0x1000","Domain":"NT AUTHORITY","ExecutionProcessID":3284,"host":"wec.internal.cloudapp.net","SourceProcessId":"452","SourceThreadId":"8540","Severity":"INFO","TargetProcessId":"3140","SeverityValue":2,"EventID":10,"UserID":"S-1-5-18","ProviderGuid":"{5770385F-C22A-43E0-BF4C-06F5698FFBD9}","RecordNumber":743709,"SourceModuleType":"im_msvistalog","Keywords":-9223372036854775808,"TargetImage":"C:\\windows\\System32\\svchost.exe","RuleName":"-"}
{"tags":["mordorDataset"],"TargetProcessGUID":"{49a15388-5c40-5f2b-4700-000000000400}","@version":"1","EventType":"INFO","Version":3,"ThreadID":4496,"EventTime":"2020-08-07 11:08:00","Task":10,"AccountType":"User","SourceProcessGUID":"{49a15388-5c39-5f2b-1200-000000000400}","CallTrace":"C:\\windows\\SYSTEM32\\ntdll.dll+9c534|C:\\windows\\System32\\KERNELBASE.dll+6a7f5|c:\\windows\\system32\\lsm.dll+111b6|C:\\windows\\System32\\RPCRT4.dll+76953|C:\\windows\\System32\\RPCRT4.dll+da036|C:\\windows\\System32\\RPCRT4.dll+37a4c|C:\\windows\\System32\\RPCRT4.dll+548c8|C:\\windows\\System32\\RPCRT4.dll+2c921|C:\\windows\\System32\\RPCRT4.dll+2c1db|C:\\windows\\System32\\RPCRT4.dll+1a86f|C:\\windows\\System32\\RPCRT4.dll+19d1a|C:\\windows\\System32\\RPCRT4.dll+19301|C:\\windows\\System32\\RPCRT4.dll+18d6e|C:\\windows\\System32\\RPCRT4.dll+169a5|C:\\windows\\SYSTEM32\\ntdll.dll+333ed|C:\\windows\\SYSTEM32\\ntdll.dll+34142|C:\\windows\\System32\\KERNEL32.DLL+17bd4|C:\\windows\\SYSTEM32\\ntdll.dll+6ce51","Channel":"Microsoft-Windows-Sysmon/Operational","SourceName":"Microsoft-Windows-Sysmon","OpcodeValue":0,"Hostname":"WORKSTATION6.theshire.local","@timestamp":"2020-08-07T15:08:01.391Z","Message":"Process accessed:\r\nRuleName: -\r\nUtcTime: 2020-08-07 15:08:00.000\r\nSourceProcessGUID: {49a15388-5c39-5f2b-1200-000000000400}\r\nSourceProcessId: 380\r\nSourceThreadId: 5924\r\nSourceImage: C:\\windows\\system32\\svchost.exe\r\nTargetProcessGUID: {49a15388-5c40-5f2b-4700-000000000400}\r\nTargetProcessId: 3268\r\nTargetImage: C:\\windows\\System32\\svchost.exe\r\nGrantedAccess: 0x1000\r\nCallTrace: C:\\windows\\SYSTEM32\\ntdll.dll+9c534|C:\\windows\\System32\\KERNELBASE.dll+6a7f5|c:\\windows\\system32\\lsm.dll+111b6|C:\\windows\\System32\\RPCRT4.dll+76953|C:\\windows\\System32\\RPCRT4.dll+da036|C:\\windows\\System32\\RPCRT4.dll+37a4c|C:\\windows\\System32\\RPCRT4.dll+548c8|C:\\windows\\System32\\RPCRT4.dll+2c921|C:\\windows\\System32\\RPCRT4.dll+2c1db|C:\\windows\\System32\\RPCRT4.dll+1a86f|C:\\windows\\System32\\RPCRT4.dll+19d1a|C:\\windows\\System32\\RPCRT4.dll+19301|C:\\windows\\System32\\RPCRT4.dll+18d6e|C:\\windows\\System32\\RPCRT4.dll+169a5|C:\\windows\\SYSTEM32\\ntdll.dll+333ed|C:\\windows\\SYSTEM32\\ntdll.dll+34142|C:\\windows\\System32\\KERNEL32.DLL+17bd4|C:\\windows\\SYSTEM32\\ntdll.dll+6ce51","SourceModuleName":"eventlog","ProcessId":"380","SourceImage":"C:\\windows\\system32\\svchost.exe","EventReceivedTime":"2020-08-07 11:08:01","port":60122,"AccountName":"SYSTEM","UtcTime":"2020-08-07 15:08:00.000","GrantedAccess":"0x1000","Domain":"NT AUTHORITY","ExecutionProcessID":3432,"host":"wec.internal.cloudapp.net","SourceProcessId":"380","SourceThreadId":"5924","Severity":"INFO","TargetProcessId":"3268","SeverityValue":2,"EventID":10,"UserID":"S-1-5-18","ProviderGuid":"{5770385F-C22A-43E0-BF4C-06F5698FFBD9}","RecordNumber":661064,"SourceModuleType":"im_msvistalog","Keywords":-9223372036854775808,"TargetImage":"C:\\windows\\System32\\svchost.exe","RuleName":"-"}
{"tags":["mordorDataset"],"TargetProcessGUID":"{297bc33e-5c35-5f2b-4700-000000000400}","@version":"1","EventType":"INFO","Version":3,"ThreadID":4364,"EventTime":"2020-08-07 11:08:00","Task":10,"AccountType":"User","SourceProcessGUID":"{297bc33e-5c2f-5f2b-1200-000000000400}","CallTrace":"C:\\windows\\SYSTEM32\\ntdll.dll+9c534|C:\\windows\\System32\\KERNELBASE.dll+6a7f5|c:\\windows\\system32\\lsm.dll+f6ba|C:\\windows\\System32\\RPCRT4.dll+76953|C:\\windows\\System32\\RPCRT4.dll+da036|C:\\windows\\System32\\RPCRT4.dll+37a4c|C:\\windows\\System32\\RPCRT4.dll+548c8|C:\\windows\\System32\\RPCRT4.dll+2c921|C:\\windows\\System32\\RPCRT4.dll+2c1db|C:\\windows\\System32\\RPCRT4.dll+1a86f|C:\\windows\\System32\\RPCRT4.dll+19d1a|C:\\windows\\System32\\RPCRT4.dll+19301|C:\\windows\\System32\\RPCRT4.dll+18d6e|C:\\windows\\System32\\RPCRT4.dll+169a5|C:\\windows\\SYSTEM32\\ntdll.dll+333ed|C:\\windows\\SYSTEM32\\ntdll.dll+34142|C:\\windows\\System32\\KERNEL32.DLL+17bd4|C:\\windows\\SYSTEM32\\ntdll.dll+6ce51","Channel":"Microsoft-Windows-Sysmon/Operational","SourceName":"Microsoft-Windows-Sysmon","OpcodeValue":0,"Hostname":"WORKSTATION5.theshire.local","@timestamp":"2020-08-07T15:08:01.391Z","Message":"Process accessed:\r\nRuleName: -\r\nUtcTime: 2020-08-07 15:08:00.009\r\nSourceProcessGUID: {297bc33e-5c2f-5f2b-1200-000000000400}\r\nSourceProcessId: 452\r\nSourceThreadId: 8540\r\nSourceImage: C:\\windows\\system32\\svchost.exe\r\nTargetProcessGUID: {297bc33e-5c35-5f2b-4700-000000000400}\r\nTargetProcessId: 3140\r\nTargetImage: C:\\windows\\System32\\svchost.exe\r\nGrantedAccess: 0x1000\r\nCallTrace: C:\\windows\\SYSTEM32\\ntdll.dll+9c534|C:\\windows\\System32\\KERNELBASE.dll+6a7f5|c:\\windows\\system32\\lsm.dll+f6ba|C:\\windows\\System32\\RPCRT4.dll+76953|C:\\windows\\System32\\RPCRT4.dll+da036|C:\\windows\\System32\\RPCRT4.dll+37a4c|C:\\windows\\System32\\RPCRT4.dll+548c8|C:\\windows\\System32\\RPCRT4.dll+2c921|C:\\windows\\System32\\RPCRT4.dll+2c1db|C:\\windows\\System32\\RPCRT4.dll+1a86f|C:\\windows\\System32\\RPCRT4.dll+19d1a|C:\\windows\\System32\\RPCRT4.dll+19301|C:\\windows\\System32\\RPCRT4.dll+18d6e|C:\\windows\\System32\\RPCRT4.dll+169a5|C:\\windows\\SYSTEM32\\ntdll.dll+333ed|C:\\windows\\SYSTEM32\\ntdll.dll+34142|C:\\windows\\System32\\KERNEL32.DLL+17bd4|C:\\windows\\SYSTEM32\\ntdll.dll+6ce51","SourceModuleName":"eventlog","ProcessId":"452","SourceImage":"C:\\windows\\system32\\svchost.exe","EventReceivedTime":"2020-08-07 11:08:01","port":60122,"AccountName":"SYSTEM","UtcTime":"2020-08-07 15:08:00.009","GrantedAccess":"0x1000","Domain":"NT AUTHORITY","ExecutionProcessID":3284,"host":"wec.internal.cloudapp.net","SourceProcessId":"452","SourceThreadId":"8540","Severity":"INFO","TargetProcessId":"3140","SeverityValue":2,"EventID":10,"UserID":"S-1-5-18","ProviderGuid":"{5770385F-C22A-43E0-BF4C-06F5698FFBD9}","RecordNumber":743710,"SourceModuleType":"im_msvistalog","Keywords":-9223372036854775808,"TargetImage":"C:\\windows\\System32\\svchost.exe","RuleName":"-"}
{"tags":["mordorDataset"],"TargetProcessGUID":"{49a15388-5c3a-5f2b-1600-000000000400}","@version":"1","EventType":"INFO","Version":3,"ThreadID":4496,"EventTime":"2020-08-07 11:08:00","Task":10,"AccountType":"User","SourceProcessGUID":"{49a15388-5c39-5f2b-1200-000000000400}","CallTrace":"C:\\windows\\SYSTEM32\\ntdll.dll+9c534|C:\\windows\\System32\\KERNELBASE.dll+2726e|c:\\windows\\system32\\lsm.dll+1a207|C:\\windows\\System32\\RPCRT4.dll+76953|C:\\windows\\System32\\RPCRT4.dll+da036|C:\\windows\\System32\\RPCRT4.dll+38289|C:\\windows\\System32\\combase.dll+9e2bf|C:\\windows\\System32\\combase.dll+154c3|C:\\windows\\System32\\combase.dll+152b3|C:\\windows\\System32\\combase.dll+a1166|C:\\windows\\System32\\combase.dll+3c3fa|C:\\windows\\System32\\combase.dll+9cdad|C:\\windows\\System32\\combase.dll+52acc|C:\\windows\\System32\\combase.dll+53331|C:\\windows\\System32\\combase.dll+54ad8|C:\\windows\\System32\\RPCRT4.dll+548c8|C:\\windows\\System32\\RPCRT4.dll+2c921|C:\\windows\\System32\\RPCRT4.dll+2c470|C:\\windows\\System32\\RPCRT4.dll+1a6bf|C:\\windows\\System32\\RPCRT4.dll+19d1a|C:\\windows\\System32\\RPCRT4.dll+19301|C:\\windows\\System32\\RPCRT4.dll+18d6e|C:\\windows\\System32\\RPCRT4.dll+169a5|C:\\windows\\SYSTEM32\\ntdll.dll+333ed","Channel":"Microsoft-Windows-Sysmon/Operational","SourceName":"Microsoft-Windows-Sysmon","OpcodeValue":0,"Hostname":"WORKSTATION6.theshire.local","@timestamp":"2020-08-07T15:08:01.392Z","Message":"Process accessed:\r\nRuleName: -\r\nUtcTime: 2020-08-07 15:08:00.000\r\nSourceProcessGUID: {49a15388-5c39-5f2b-1200-000000000400}\r\nSourceProcessId: 380\r\nSourceThreadId: 5924\r\nSourceImage: C:\\windows\\system32\\svchost.exe\r\nTargetProcessGUID: {49a15388-5c3a-5f2b-1600-000000000400}\r\nTargetProcessId: 1048\r\nTargetImage: C:\\windows\\System32\\svchost.exe\r\nGrantedAccess: 0x40\r\nCallTrace: C:\\windows\\SYSTEM32\\ntdll.dll+9c534|C:\\windows\\System32\\KERNELBASE.dll+2726e|c:\\windows\\system32\\lsm.dll+1a207|C:\\windows\\System32\\RPCRT4.dll+76953|C:\\windows\\System32\\RPCRT4.dll+da036|C:\\windows\\System32\\RPCRT4.dll+38289|C:\\windows\\System32\\combase.dll+9e2bf|C:\\windows\\System32\\combase.dll+154c3|C:\\windows\\System32\\combase.dll+152b3|C:\\windows\\System32\\combase.dll+a1166|C:\\windows\\System32\\combase.dll+3c3fa|C:\\windows\\System32\\combase.dll+9cdad|C:\\windows\\System32\\combase.dll+52acc|C:\\windows\\System32\\combase.dll+53331|C:\\windows\\System32\\combase.dll+54ad8|C:\\windows\\System32\\RPCRT4.dll+548c8|C:\\windows\\System32\\RPCRT4.dll+2c921|C:\\windows\\System32\\RPCRT4.dll+2c470|C:\\windows\\System32\\RPCRT4.dll+1a6bf|C:\\windows\\System32\\RPCRT4.dll+19d1a|C:\\windows\\System32\\RPCRT4.dll+19301|C:\\windows\\System32\\RPCRT4.dll+18d6e|C:\\windows\\System32\\RPCRT4.dll+169a5|C:\\windows\\SYSTEM32\\ntdll.dll+333ed","SourceModuleName":"eventlog","ProcessId":"380","SourceImage":"C:\\windows\\system32\\svchost.exe","EventReceivedTime":"2020-08-07 11:08:01","port":60122,"AccountName":"SYSTEM","UtcTime":"2020-08-07 15:08:00.000","GrantedAccess":"0x40","Domain":"NT AUTHORITY","ExecutionProcessID":3432,"host":"wec.internal.cloudapp.net","SourceProcessId":"380","SourceThreadId":"5924","Severity":"INFO","TargetProcessId":"1048","SeverityValue":2,"EventID":10,"UserID":"S-1-5-18","ProviderGuid":"{5770385F-C22A-43E0-BF4C-06F5698FFBD9}","RecordNumber":661065,"SourceModuleType":"im_msvistalog","Keywords":-9223372036854775808,"TargetImage":"C:\\windows\\System32\\svchost.exe","RuleName":"-"}
{"tags":["mordorDataset"],"TargetProcessGUID":"{297bc33e-5c35-5f2b-4700-000000000400}","@version":"1","EventType":"INFO","Version":3,"ThreadID":4364,"EventTime":"2020-08-07 11:08:00","Task":10,"AccountType":"User","SourceProcessGUID":"{297bc33e-5c2f-5f2b-1200-000000000400}","CallTrace":"C:\\windows\\SYSTEM32\\ntdll.dll+9c534|C:\\windows\\System32\\KERNELBASE.dll+6a7f5|c:\\windows\\system32\\lsm.dll+f97f|c:\\windows\\system32\\lsm.dll+f7ad|C:\\windows\\System32\\RPCRT4.dll+76953|C:\\windows\\System32\\RPCRT4.dll+da036|C:\\windows\\System32\\RPCRT4.dll+37a4c|C:\\windows\\System32\\RPCRT4.dll+548c8|C:\\windows\\System32\\RPCRT4.dll+2c921|C:\\windows\\System32\\RPCRT4.dll+2c1db|C:\\windows\\System32\\RPCRT4.dll+1a86f|C:\\windows\\System32\\RPCRT4.dll+19d1a|C:\\windows\\System32\\RPCRT4.dll+19301|C:\\windows\\System32\\RPCRT4.dll+18d6e|C:\\windows\\System32\\RPCRT4.dll+169a5|C:\\windows\\SYSTEM32\\ntdll.dll+333ed|C:\\windows\\SYSTEM32\\ntdll.dll+34142|C:\\windows\\System32\\KERNEL32.DLL+17bd4|C:\\windows\\SYSTEM32\\ntdll.dll+6ce51","Channel":"Microsoft-Windows-Sysmon/Operational","SourceName":"Microsoft-Windows-Sysmon","OpcodeValue":0,"Hostname":"WORKSTATION5.theshire.local","@timestamp":"2020-08-07T15:08:01.392Z","Message":"Process accessed:\r\nRuleName: -\r\nUtcTime: 2020-08-07 15:08:00.009\r\nSourceProcessGUID: {297bc33e-5c2f-5f2b-1200-000000000400}\r\nSourceProcessId: 452\r\nSourceThreadId: 8540\r\nSourceImage: C:\\windows\\system32\\svchost.exe\r\nTargetProcessGUID: {297bc33e-5c35-5f2b-4700-000000000400}\r\nTargetProcessId: 3140\r\nTargetImage: C:\\windows\\System32\\svchost.exe\r\nGrantedAccess: 0x1000\r\nCallTrace: C:\\windows\\SYSTEM32\\ntdll.dll+9c534|C:\\windows\\System32\\KERNELBASE.dll+6a7f5|c:\\windows\\system32\\lsm.dll+f97f|c:\\windows\\system32\\lsm.dll+f7ad|C:\\windows\\System32\\RPCRT4.dll+76953|C:\\windows\\System32\\RPCRT4.dll+da036|C:\\windows\\System32\\RPCRT4.dll+37a4c|C:\\windows\\System32\\RPCRT4.dll+548c8|C:\\windows\\System32\\RPCRT4.dll+2c921|C:\\windows\\System32\\RPCRT4.dll+2c1db|C:\\windows\\System32\\RPCRT4.dll+1a86f|C:\\windows\\System32\\RPCRT4.dll+19d1a|C:\\windows\\System32\\RPCRT4.dll+19301|C:\\windows\\System32\\RPCRT4.dll+18d6e|C:\\windows\\System32\\RPCRT4.dll+169a5|C:\\windows\\SYSTEM32\\ntdll.dll+333ed|C:\\windows\\SYSTEM32\\ntdll.dll+34142|C:\\windows\\System32\\KERNEL32.DLL+17bd4|C:\\windows\\SYSTEM32\\ntdll.dll+6ce51","SourceModuleName":"eventlog","ProcessId":"452","SourceImage":"C:\\windows\\system32\\svchost.exe","EventReceivedTime":"2020-08-07 11:08:01","port":60122,"AccountName":"SYSTEM","UtcTime":"2020-08-07 15:08:00.009","GrantedAccess":"0x1000","Domain":"NT AUTHORITY","ExecutionProcessID":3284,"host":"wec.internal.cloudapp.net","SourceProcessId":"452","SourceThreadId":"8540","Severity":"INFO","TargetProcessId":"3140","SeverityValue":2,"EventID":10,"UserID":"S-1-5-18","ProviderGuid":"{5770385F-C22A-43E0-BF4C-06F5698FFBD9}","RecordNumber":743711,"SourceModuleType":"im_msvistalog","Keywords":-9223372036854775808,"TargetImage":"C:\\windows\\System32\\svchost.exe","RuleName":"-"}
{"tags":["mordorDataset"],"TargetProcessGUID":"{49a15388-5c40-5f2b-4700-000000000400}","@version":"1","EventType":"INFO","Version":3,"ThreadID":4496,"EventTime":"2020-08-07 11:08:00","Task":10,"AccountType":"User","SourceProcessGUID":"{49a15388-5c39-5f2b-1200-000000000400}","CallTrace":"C:\\windows\\SYSTEM32\\ntdll.dll+9c534|C:\\windows\\System32\\KERNELBASE.dll+6a7f5|c:\\windows\\system32\\lsm.dll+111b6|C:\\windows\\System32\\RPCRT4.dll+76953|C:\\windows\\System32\\RPCRT4.dll+da036|C:\\windows\\System32\\RPCRT4.dll+37a4c|C:\\windows\\System32\\RPCRT4.dll+548c8|C:\\windows\\System32\\RPCRT4.dll+2c921|C:\\windows\\System32\\RPCRT4.dll+2c1db|C:\\windows\\System32\\RPCRT4.dll+1a86f|C:\\windows\\System32\\RPCRT4.dll+19d1a|C:\\windows\\System32\\RPCRT4.dll+19301|C:\\windows\\System32\\RPCRT4.dll+18d6e|C:\\windows\\System32\\RPCRT4.dll+169a5|C:\\windows\\SYSTEM32\\ntdll.dll+333ed|C:\\windows\\SYSTEM32\\ntdll.dll+34142|C:\\windows\\System32\\KERNEL32.DLL+17bd4|C:\\windows\\SYSTEM32\\ntdll.dll+6ce51","Channel":"Microsoft-Windows-Sysmon/Operational","SourceName":"Microsoft-Windows-Sysmon","OpcodeValue":0,"Hostname":"WORKSTATION6.theshire.local","@timestamp":"2020-08-07T15:08:01.393Z","Message":"Process accessed:\r\nRuleName: -\r\nUtcTime: 2020-08-07 15:08:00.000\r\nSourceProcessGUID: {49a15388-5c39-5f2b-1200-000000000400}\r\nSourceProcessId: 380\r\nSourceThreadId: 5924\r\nSourceImage: C:\\windows\\system32\\svchost.exe\r\nTargetProcessGUID: {49a15388-5c40-5f2b-4700-000000000400}\r\nTargetProcessId: 3268\r\nTargetImage: C:\\windows\\System32\\svchost.exe\r\nGrantedAccess: 0x1000\r\nCallTrace: C:\\windows\\SYSTEM32\\ntdll.dll+9c534|C:\\windows\\System32\\KERNELBASE.dll+6a7f5|c:\\windows\\system32\\lsm.dll+111b6|C:\\windows\\System32\\RPCRT4.dll+76953|C:\\windows\\System32\\RPCRT4.dll+da036|C:\\windows\\System32\\RPCRT4.dll+37a4c|C:\\windows\\System32\\RPCRT4.dll+548c8|C:\\windows\\System32\\RPCRT4.dll+2c921|C:\\windows\\System32\\RPCRT4.dll+2c1db|C:\\windows\\System32\\RPCRT4.dll+1a86f|C:\\windows\\System32\\RPCRT4.dll+19d1a|C:\\windows\\System32\\RPCRT4.dll+19301|C:\\windows\\System32\\RPCRT4.dll+18d6e|C:\\windows\\System32\\RPCRT4.dll+169a5|C:\\windows\\SYSTEM32\\ntdll.dll+333ed|C:\\windows\\SYSTEM32\\ntdll.dll+34142|C:\\windows\\System32\\KERNEL32.DLL+17bd4|C:\\windows\\SYSTEM32\\ntdll.dll+6ce51","SourceModuleName":"eventlog","ProcessId":"380","SourceImage":"C:\\windows\\system32\\svchost.exe","EventReceivedTime":"2020-08-07 11:08:01","port":60122,"AccountName":"SYSTEM","UtcTime":"2020-08-07 15:08:00.000","GrantedAccess":"0x1000","Domain":"NT AUTHORITY","ExecutionProcessID":3432,"host":"wec.internal.cloudapp.net","SourceProcessId":"380","SourceThreadId":"5924","Severity":"INFO","TargetProcessId":"3268","SeverityValue":2,"EventID":10,"UserID":"S-1-5-18","ProviderGuid":"{5770385F-C22A-43E0-BF4C-06F5698FFBD9}","RecordNumber":661066,"SourceModuleType":"im_msvistalog","Keywords":-9223372036854775808,"TargetImage":"C:\\windows\\System32\\svchost.exe","RuleName":"-"}
{"tags":["mordorDataset"],"TargetProcessGUID":"{49a15388-5c3a-5f2b-1600-000000000400}","@version":"1","EventType":"INFO","Version":3,"ThreadID":4496,"EventTime":"2020-08-07 11:08:00","Task":10,"AccountType":"User","SourceProcessGUID":"{49a15388-5c39-5f2b-1200-000000000400}","CallTrace":"C:\\windows\\SYSTEM32\\ntdll.dll+9c534|C:\\windows\\System32\\KERNELBASE.dll+2726e|c:\\windows\\system32\\lsm.dll+1a207|C:\\windows\\System32\\RPCRT4.dll+76953|C:\\windows\\System32\\RPCRT4.dll+da036|C:\\windows\\System32\\RPCRT4.dll+38289|C:\\windows\\System32\\combase.dll+9e2bf|C:\\windows\\System32\\combase.dll+154c3|C:\\windows\\System32\\combase.dll+152b3|C:\\windows\\System32\\combase.dll+a1166|C:\\windows\\System32\\combase.dll+3c3fa|C:\\windows\\System32\\combase.dll+9cdad|C:\\windows\\System32\\combase.dll+52acc|C:\\windows\\System32\\combase.dll+53331|C:\\windows\\System32\\combase.dll+54ad8|C:\\windows\\System32\\RPCRT4.dll+548c8|C:\\windows\\System32\\RPCRT4.dll+2c921|C:\\windows\\System32\\RPCRT4.dll+2c470|C:\\windows\\System32\\RPCRT4.dll+1a6bf|C:\\windows\\System32\\RPCRT4.dll+19d1a|C:\\windows\\System32\\RPCRT4.dll+19301|C:\\windows\\System32\\RPCRT4.dll+18d6e|C:\\windows\\System32\\RPCRT4.dll+169a5|C:\\windows\\SYSTEM32\\ntdll.dll+333ed","Channel":"Microsoft-Windows-Sysmon/Operational","SourceName":"Microsoft-Windows-Sysmon","OpcodeValue":0,"Hostname":"WORKSTATION6.theshire.local","@timestamp":"2020-08-07T15:08:01.393Z","Message":"Process accessed:\r\nRuleName: -\r\nUtcTime: 2020-08-07 15:08:00.000\r\nSourceProcessGUID: {49a15388-5c39-5f2b-1200-000000000400}\r\nSourceProcessId: 380\r\nSourceThreadId: 5924\r\nSourceImage: C:\\windows\\system32\\svchost.exe\r\nTargetProcessGUID: {49a15388-5c3a-5f2b-1600-000000000400}\r\nTargetProcessId: 1048\r\nTargetImage: C:\\windows\\System32\\svchost.exe\r\nGrantedAccess: 0x40\r\nCallTrace: C:\\windows\\SYSTEM32\\ntdll.dll+9c534|C:\\windows\\System32\\KERNELBASE.dll+2726e|c:\\windows\\system32\\lsm.dll+1a207|C:\\windows\\System32\\RPCRT4.dll+76953|C:\\windows\\System32\\RPCRT4.dll+da036|C:\\windows\\System32\\RPCRT4.dll+38289|C:\\windows\\System32\\combase.dll+9e2bf|C:\\windows\\System32\\combase.dll+154c3|C:\\windows\\System32\\combase.dll+152b3|C:\\windows\\System32\\combase.dll+a1166|C:\\windows\\System32\\combase.dll+3c3fa|C:\\windows\\System32\\combase.dll+9cdad|C:\\windows\\System32\\combase.dll+52acc|C:\\windows\\System32\\combase.dll+53331|C:\\windows\\System32\\combase.dll+54ad8|C:\\windows\\System32\\RPCRT4.dll+548c8|C:\\windows\\System32\\RPCRT4.dll+2c921|C:\\windows\\System32\\RPCRT4.dll+2c470|C:\\windows\\System32\\RPCRT4.dll+1a6bf|C:\\windows\\System32\\RPCRT4.dll+19d1a|C:\\windows\\System32\\RPCRT4.dll+19301|C:\\windows\\System32\\RPCRT4.dll+18d6e|C:\\windows\\System32\\RPCRT4.dll+169a5|C:\\windows\\SYSTEM32\\ntdll.dll+333ed","SourceModuleName":"eventlog","ProcessId":"380","SourceImage":"C:\\windows\\system32\\svchost.exe","EventReceivedTime":"2020-08-07 11:08:01","port":60122,"AccountName":"SYSTEM","UtcTime":"2020-08-07 15:08:00.000","GrantedAccess":"0x40","Domain":"NT AUTHORITY","ExecutionProcessID":3432,"host":"wec.internal.cloudapp.net","SourceProcessId":"380","SourceThreadId":"5924","Severity":"INFO","TargetProcessId":"1048","SeverityValue":2,"EventID":10,"UserID":"S-1-5-18","ProviderGuid":"{5770385F-C22A-43E0-BF4C-06F5698FFBD9}","RecordNumber":661067,"SourceModuleType":"im_msvistalog","Keywords":-9223372036854775808,"TargetImage":"C:\\windows\\System32\\svchost.exe","RuleName":"-"}
{"tags":["mordorDataset"],"TargetProcessGUID":"{49a15388-5c40-5f2b-4700-000000000400}","@version":"1","EventType":"INFO","Version":3,"ThreadID":4496,"EventTime":"2020-08-07 11:08:00","Task":10,"AccountType":"User","SourceProcessGUID":"{49a15388-5c39-5f2b-1200-000000000400}","CallTrace":"C:\\windows\\SYSTEM32\\ntdll.dll+9c534|C:\\windows\\System32\\KERNELBASE.dll+6a7f5|c:\\windows\\system32\\lsm.dll+111b6|C:\\windows\\System32\\RPCRT4.dll+76953|C:\\windows\\System32\\RPCRT4.dll+da036|C:\\windows\\System32\\RPCRT4.dll+37a4c|C:\\windows\\System32\\RPCRT4.dll+548c8|C:\\windows\\System32\\RPCRT4.dll+2c921|C:\\windows\\System32\\RPCRT4.dll+2c1db|C:\\windows\\System32\\RPCRT4.dll+1a86f|C:\\windows\\System32\\RPCRT4.dll+19d1a|C:\\windows\\System32\\RPCRT4.dll+19301|C:\\windows\\System32\\RPCRT4.dll+18d6e|C:\\windows\\System32\\RPCRT4.dll+169a5|C:\\windows\\SYSTEM32\\ntdll.dll+333ed|C:\\windows\\SYSTEM32\\ntdll.dll+34142|C:\\windows\\System32\\KERNEL32.DLL+17bd4|C:\\windows\\SYSTEM32\\ntdll.dll+6ce51","Channel":"Microsoft-Windows-Sysmon/Operational","SourceName":"Microsoft-Windows-Sysmon","OpcodeValue":0,"Hostname":"WORKSTATION6.theshire.local","@timestamp":"2020-08-07T15:08:01.393Z","Message":"Process accessed:\r\nRuleName: -\r\nUtcTime: 2020-08-07 15:08:00.000\r\nSourceProcessGUID: {49a15388-5c39-5f2b-1200-000000000400}\r\nSourceProcessId: 380\r\nSourceThreadId: 5924\r\nSourceImage: C:\\windows\\system32\\svchost.exe\r\nTargetProcessGUID: {49a15388-5c40-5f2b-4700-000000000400}\r\nTargetProcessId: 3268\r\nTargetImage: C:\\windows\\System32\\svchost.exe\r\nGrantedAccess: 0x1000\r\nCallTrace: C:\\windows\\SYSTEM32\\ntdll.dll+9c534|C:\\windows\\System32\\KERNELBASE.dll+6a7f5|c:\\windows\\system32\\lsm.dll+111b6|C:\\windows\\System32\\RPCRT4.dll+76953|C:\\windows\\System32\\RPCRT4.dll+da036|C:\\windows\\System32\\RPCRT4.dll+37a4c|C:\\windows\\System32\\RPCRT4.dll+548c8|C:\\windows\\System32\\RPCRT4.dll+2c921|C:\\windows\\System32\\RPCRT4.dll+2c1db|C:\\windows\\System32\\RPCRT4.dll+1a86f|C:\\windows\\System32\\RPCRT4.dll+19d1a|C:\\windows\\System32\\RPCRT4.dll+19301|C:\\windows\\System32\\RPCRT4.dll+18d6e|C:\\windows\\System32\\RPCRT4.dll+169a5|C:\\windows\\SYSTEM32\\ntdll.dll+333ed|C:\\windows\\SYSTEM32\\ntdll.dll+34142|C:\\windows\\System32\\KERNEL32.DLL+17bd4|C:\\windows\\SYSTEM32\\ntdll.dll+6ce51","SourceModuleName":"eventlog","ProcessId":"380","SourceImage":"C:\\windows\\system32\\svchost.exe","EventReceivedTime":"2020-08-07 11:08:01","port":60122,"AccountName":"SYSTEM","UtcTime":"2020-08-07 15:08:00.000","GrantedAccess":"0x1000","Domain":"NT AUTHORITY","ExecutionProcessID":3432,"host":"wec.internal.cloudapp.net","SourceProcessId":"380","SourceThreadId":"5924","Severity":"INFO","TargetProcessId":"3268","SeverityValue":2,"EventID":10,"UserID":"S-1-5-18","ProviderGuid":"{5770385F-C22A-43E0-BF4C-06F5698FFBD9}","RecordNumber":661068,"SourceModuleType":"im_msvistalog","Keywords":-9223372036854775808,"TargetImage":"C:\\windows\\System32\\svchost.exe","RuleName":"-"}
