{"@timestamp":"2020-10-22T03:52:06.513Z","TimeCreated":"2020-10-22T03:52:06.513Z","Hashes":"SHA1=694B3C3F0F9D5EF7709765E2454A759F24138090,MD5=6B39A43271B0A631EAEFDAFDD51D17E3,SHA256=A0F867460313263A0AC9D791F1A369B7E18919228A9F3A85CE82005F3E3202AC,IMPHASH=6ADB8F4093077F6949DD162DA29572BB","Signature":"Microsoft Windows","ProviderGuid":"{5770385f-c22a-43e0-bf4c-06f5698ffbd9}","Company":"Microsoft Corporation","UtcTime":"2020-10-22 07:52:06.501","ProcessGuid":"{39e4a257-3a26-5f91-f413-000000000700}","Image":"C:\\Windows\\System32\\calc.exe","ImageLoaded":"C:\\Windows\\System32\\wininet.dll","Level":"4","Channel":"Microsoft-Windows-Sysmon/Operational","Task":"7","RuleName":"-","FileVersion":"11.00.18362.1082 (WinBuild.160101.0800)","SourceName":"Microsoft-Windows-Sysmon","Hostname":"WORKSTATION5","ProcessId":"10068","Description":"Internet Extensions for Win32","SignatureStatus":"Valid","Product":"Internet Explorer","EventID":7,"Keywords":"0x8000000000000000","Signed":"true","OriginalFileName":"wininet.dll","Message":"Image loaded:\r\nRuleName: -\r\nUtcTime: 2020-10-22 07:52:06.501\r\nProcessGuid: {39e4a257-3a26-5f91-f413-000000000700}\r\nProcessId: 10068\r\nImage: C:\\Windows\\System32\\calc.exe\r\nImageLoaded: C:\\Windows\\System32\\wininet.dll\r\nFileVersion: 11.00.18362.1082 (WinBuild.160101.0800)\r\nDescription: Internet Extensions for Win32\r\nProduct: Internet Explorer\r\nCompany: Microsoft Corporation\r\nOriginalFileName: wininet.dll\r\nHashes: SHA1=694B3C3F0F9D5EF7709765E2454A759F24138090,MD5=6B39A43271B0A631EAEFDAFDD51D17E3,SHA256=A0F867460313263A0AC9D791F1A369B7E18919228A9F3A85CE82005F3E3202AC,IMPHASH=6ADB8F4093077F6949DD162DA29572BB\r\nSigned: true\r\nSignature: Microsoft Windows\r\nSignatureStatus: Valid"}
{"@timestamp":"2020-10-22T03:52:06.515Z","TimeCreated":"2020-10-22T03:52:06.515Z","ProviderGuid":"{5770385f-c22a-43e0-bf4c-06f5698ffbd9}","UtcTime":"2020-10-22 07:52:06.501","ProcessGuid":"{39e4a257-3a26-5f91-f413-000000000700}","Image":"C:\\windows\\system32\\calc.exe","Level":"4","Channel":"Microsoft-Windows-Sysmon/Operational","Task":"13","RuleName":"-","SourceName":"Microsoft-Windows-Sysmon","Hostname":"WORKSTATION5","Details":"(Empty)","ProcessId":"10068","EventType":"SetValue","EventID":13,"Keywords":"0x8000000000000000","TargetObject":"HKU\\S-1-5-21-3940915590-64593676-1414006259-500\\Software\\Microsoft\\Windows\\CurrentVersion\\Internet Settings\\5.0\\Cache\\Content\\CachePrefix","Message":"Registry value set:\r\nRuleName: -\r\nEventType: SetValue\r\nUtcTime: 2020-10-22 07:52:06.501\r\nProcessGuid: {39e4a257-3a26-5f91-f413-000000000700}\r\nProcessId: 10068\r\nImage: C:\\windows\\system32\\calc.exe\r\nTargetObject: HKU\\S-1-5-21-3940915590-64593676-1414006259-500\\Software\\Microsoft\\Windows\\CurrentVersion\\Internet Settings\\5.0\\Cache\\Content\\CachePrefix\r\nDetails: (Empty)"}
{"@timestamp":"2020-10-22T03:52:06.516Z","TimeCreated":"2020-10-22T03:52:06.516Z","ProviderGuid":"{5770385f-c22a-43e0-bf4c-06f5698ffbd9}","UtcTime":"2020-10-22 07:52:06.501","ProcessGuid":"{39e4a257-3a26-5f91-f413-000000000700}","Image":"C:\\windows\\system32\\calc.exe","Level":"4","Channel":"Microsoft-Windows-Sysmon/Operational","Task":"13","RuleName":"-","SourceName":"Microsoft-Windows-Sysmon","Hostname":"WORKSTATION5","Details":"Cookie:","ProcessId":"10068","EventType":"SetValue","EventID":13,"Keywords":"0x8000000000000000","TargetObject":"HKU\\S-1-5-21-3940915590-64593676-1414006259-500\\Software\\Microsoft\\Windows\\CurrentVersion\\Internet Settings\\5.0\\Cache\\Cookies\\CachePrefix","Message":"Registry value set:\r\nRuleName: -\r\nEventType: SetValue\r\nUtcTime: 2020-10-22 07:52:06.501\r\nProcessGuid: {39e4a257-3a26-5f91-f413-000000000700}\r\nProcessId: 10068\r\nImage: C:\\windows\\system32\\calc.exe\r\nTargetObject: HKU\\S-1-5-21-3940915590-64593676-1414006259-500\\Software\\Microsoft\\Windows\\CurrentVersion\\Internet Settings\\5.0\\Cache\\Cookies\\CachePrefix\r\nDetails: Cookie:"}
{"@timestamp":"2020-10-22T03:52:06.516Z","TimeCreated":"2020-10-22T03:52:06.516Z","ProviderGuid":"{5770385f-c22a-43e0-bf4c-06f5698ffbd9}","UtcTime":"2020-10-22 07:52:06.501","ProcessGuid":"{39e4a257-3a26-5f91-f413-000000000700}","Image":"C:\\windows\\system32\\calc.exe","Level":"4","Channel":"Microsoft-Windows-Sysmon/Operational","Task":"13","RuleName":"-","SourceName":"Microsoft-Windows-Sysmon","Hostname":"WORKSTATION5","Details":"Visited:","ProcessId":"10068","EventType":"SetValue","EventID":13,"Keywords":"0x8000000000000000","TargetObject":"HKU\\S-1-5-21-3940915590-64593676-1414006259-500\\Software\\Microsoft\\Windows\\CurrentVersion\\Internet Settings\\5.0\\Cache\\History\\CachePrefix","Message":"Registry value set:\r\nRuleName: -\r\nEventType: SetValue\r\nUtcTime: 2020-10-22 07:52:06.501\r\nProcessGuid: {39e4a257-3a26-5f91-f413-000000000700}\r\nProcessId: 10068\r\nImage: C:\\windows\\system32\\calc.exe\r\nTargetObject: HKU\\S-1-5-21-3940915590-64593676-1414006259-500\\Software\\Microsoft\\Windows\\CurrentVersion\\Internet Settings\\5.0\\Cache\\History\\CachePrefix\r\nDetails: Visited:"}
{"@timestamp":"2020-10-22T03:52:06.522Z","TimeCreated":"2020-10-22T03:52:06.522Z","Hashes":"SHA1=B2A3785E9851C37F82BFE374FA83B154A8C69DC1,MD5=D6402D9D7E2FC26773B1D5BE17DC59AC,SHA256=AC9D9701EB99C0FBDEAF1525A390804785E6D4C30129D2E51E47AEDEA02D438A,IMPHASH=8C5EF934F2973563A30D41BD42A4CD00","Signature":"Microsoft Windows","ProviderGuid":"{5770385f-c22a-43e0-bf4c-06f5698ffbd9}","Company":"Microsoft Corporation","UtcTime":"2020-10-22 07:52:06.501","ProcessGuid":"{39e4a257-3a26-5f91-f413-000000000700}","Image":"C:\\Windows\\System32\\calc.exe","ImageLoaded":"C:\\Windows\\System32\\mlang.dll","Level":"4","Channel":"Microsoft-Windows-Sysmon/Operational","Task":"7","RuleName":"-","FileVersion":"10.0.18362.1 (WinBuild.160101.0800)","SourceName":"Microsoft-Windows-Sysmon","Hostname":"WORKSTATION5","ProcessId":"10068","Description":"Multi Language Support DLL","SignatureStatus":"Valid","Product":"Microsoft Windows Operating System","EventID":7,"Keywords":"0x8000000000000000","Signed":"true","OriginalFileName":"MLANG.DLL","Message":"Image loaded:\r\nRuleName: -\r\nUtcTime: 2020-10-22 07:52:06.501\r\nProcessGuid: {39e4a257-3a26-5f91-f413-000000000700}\r\nProcessId: 10068\r\nImage: C:\\Windows\\System32\\calc.exe\r\nImageLoaded: C:\\Windows\\System32\\mlang.dll\r\nFileVersion: 10.0.18362.1 (WinBuild.160101.0800)\r\nDescription: Multi Language Support DLL\r\nProduct: Microsoft Windows Operating System\r\nCompany: Microsoft Corporation\r\nOriginalFileName: MLANG.DLL\r\nHashes: SHA1=B2A3785E9851C37F82BFE374FA83B154A8C69DC1,MD5=D6402D9D7E2FC26773B1D5BE17DC59AC,SHA256=AC9D9701EB99C0FBDEAF1525A390804785E6D4C30129D2E51E47AEDEA02D438A,IMPHASH=8C5EF934F2973563A30D41BD42A4CD00\r\nSigned: true\r\nSignature: Microsoft Windows\r\nSignatureStatus: Valid"}
{"@timestamp":"2020-10-22T03:52:06.531Z","TimeCreated":"2020-10-22T03:52:06.531Z","ProviderGuid":"{5770385f-c22a-43e0-bf4c-06f5698ffbd9}","UtcTime":"2020-10-22 07:52:06.517","ProcessGuid":"{39e4a257-3a26-5f91-f413-000000000700}","Image":"C:\\windows\\system32\\calc.exe","Level":"4","Channel":"Microsoft-Windows-Sysmon/Operational","Task":"12","RuleName":"-","SourceName":"Microsoft-Windows-Sysmon","Hostname":"WORKSTATION5","ProcessId":"10068","EventType":"CreateKey","EventID":12,"Keywords":"0x8000000000000000","TargetObject":"HKU\\S-1-5-21-3940915590-64593676-1414006259-500\\Software\\Microsoft\\Windows\\CurrentVersion\\ApplicationAssociationToasts","Message":"Registry object added or deleted:\r\nRuleName: -\r\nEventType: CreateKey\r\nUtcTime: 2020-10-22 07:52:06.517\r\nProcessGuid: {39e4a257-3a26-5f91-f413-000000000700}\r\nProcessId: 10068\r\nImage: C:\\windows\\system32\\calc.exe\r\nTargetObject: HKU\\S-1-5-21-3940915590-64593676-1414006259-500\\Software\\Microsoft\\Windows\\CurrentVersion\\ApplicationAssociationToasts"}
{"@timestamp":"2020-10-22T03:52:06.535Z","TimeCreated":"2020-10-22T03:52:06.535Z","Hashes":"SHA1=946D1E4B3EF5914C0B73FB78065AA19233CCC433,MD5=6C371598EB8C75E0C4CF46D7031E392E,SHA256=523A7CAA09C74C4BFE7AE2857D5E2F1022158899A5B242E99D35B88D9328F390,IMPHASH=E6F5F4C645B5AD825F2D89D8BCC0ACFD","Signature":"Microsoft Windows","ProviderGuid":"{5770385f-c22a-43e0-bf4c-06f5698ffbd9}","Company":"Microsoft Corporation","UtcTime":"2020-10-22 07:52:06.517","ProcessGuid":"{39e4a257-3a26-5f91-f413-000000000700}","Image":"C:\\Windows\\System32\\calc.exe","ImageLoaded":"C:\\Windows\\System32\\policymanager.dll","Level":"4","Channel":"Microsoft-Windows-Sysmon/Operational","Task":"7","RuleName":"-","FileVersion":"10.0.18362.1139 (WinBuild.160101.0800)","SourceName":"Microsoft-Windows-Sysmon","Hostname":"WORKSTATION5","ProcessId":"10068","Description":"Policy Manager DLL","SignatureStatus":"Valid","Product":"Microsoft Windows Operating System","EventID":7,"Keywords":"0x8000000000000000","Signed":"true","OriginalFileName":"PolicyManager.dll","Message":"Image loaded:\r\nRuleName: -\r\nUtcTime: 2020-10-22 07:52:06.517\r\nProcessGuid: {39e4a257-3a26-5f91-f413-000000000700}\r\nProcessId: 10068\r\nImage: C:\\Windows\\System32\\calc.exe\r\nImageLoaded: C:\\Windows\\System32\\policymanager.dll\r\nFileVersion: 10.0.18362.1139 (WinBuild.160101.0800)\r\nDescription: Policy Manager DLL\r\nProduct: Microsoft Windows Operating System\r\nCompany: Microsoft Corporation\r\nOriginalFileName: PolicyManager.dll\r\nHashes: SHA1=946D1E4B3EF5914C0B73FB78065AA19233CCC433,MD5=6C371598EB8C75E0C4CF46D7031E392E,SHA256=523A7CAA09C74C4BFE7AE2857D5E2F1022158899A5B242E99D35B88D9328F390,IMPHASH=E6F5F4C645B5AD825F2D89D8BCC0ACFD\r\nSigned: true\r\nSignature: Microsoft Windows\r\nSignatureStatus: Valid"}
{"@timestamp":"2020-10-22T03:52:06.536Z","TimeCreated":"2020-10-22T03:52:06.536Z","Hashes":"SHA1=1E81F9246CEEF88F4361792EC1F93D74D9C7B1F0,MD5=2661AB2C26F6FD9E3A868C58D408297E,SHA256=3DC331F24BBD33EA0712C3ED7AFC41956F1409360EF88CBDCF0C2E288AEDB1E6,IMPHASH=92380460EFEFA520CA5B66A4164F2053","Signature":"Microsoft Windows","ProviderGuid":"{5770385f-c22a-43e0-bf4c-06f5698ffbd9}","Company":"Microsoft Corporation","UtcTime":"2020-10-22 07:52:06.535","ProcessGuid":"{39e4a257-3a26-5f91-f413-000000000700}","Image":"C:\\Windows\\System32\\calc.exe","ImageLoaded":"C:\\Windows\\System32\\msvcp110_win.dll","Level":"4","Channel":"Microsoft-Windows-Sysmon/Operational","Task":"7","RuleName":"-","FileVersion":"10.0.18362.1 (WinBuild.160101.0800)","SourceName":"Microsoft-Windows-Sysmon","Hostname":"WORKSTATION5","ProcessId":"10068","Description":"Microsoft STL110 C++ Runtime Library","SignatureStatus":"Valid","Product":"Microsoft Windows Operating System","EventID":7,"Keywords":"0x8000000000000000","Signed":"true","OriginalFileName":"msvcp110_win.dll","Message":"Image loaded:\r\nRuleName: -\r\nUtcTime: 2020-10-22 07:52:06.535\r\nProcessGuid: {39e4a257-3a26-5f91-f413-000000000700}\r\nProcessId: 10068\r\nImage: C:\\Windows\\System32\\calc.exe\r\nImageLoaded: C:\\Windows\\System32\\msvcp110_win.dll\r\nFileVersion: 10.0.18362.1 (WinBuild.160101.0800)\r\nDescription: Microsoft STL110 C++ Runtime Library\r\nProduct: Microsoft Windows Operating System\r\nCompany: Microsoft Corporation\r\nOriginalFileName: msvcp110_win.dll\r\nHashes: SHA1=1E81F9246CEEF88F4361792EC1F93D74D9C7B1F0,MD5=2661AB2C26F6FD9E3A868C58D408297E,SHA256=3DC331F24BBD33EA0712C3ED7AFC41956F1409360EF88CBDCF0C2E288AEDB1E6,IMPHASH=92380460EFEFA520CA5B66A4164F2053\r\nSigned: true\r\nSignature: Microsoft Windows\r\nSignatureStatus: Valid"}
{"@timestamp":"2020-10-22T03:52:06.538Z","TimeCreated":"2020-10-22T03:52:06.538Z","Hashes":"SHA1=A4A7343F1879C37FB6F22BCA23F633A36BFEDFAB,MD5=1A0BB6B1BDAE905B7282930A94B4FEB2,SHA256=0B3BEAA1E49CEE79A9C9F518979A5481139390D297FA5ACD5427A4CDB60D6D00,IMPHASH=21667D44701C8F5F61867EF5B495ACBD","Signature":"Microsoft Windows","ProviderGuid":"{5770385f-c22a-43e0-bf4c-06f5698ffbd9}","Company":"Microsoft Corporation","UtcTime":"2020-10-22 07:52:06.535","ProcessGuid":"{39e4a257-3a26-5f91-f413-000000000700}","Image":"C:\\Windows\\System32\\calc.exe","ImageLoaded":"C:\\Windows\\System32\\apphelp.dll","Level":"4","Channel":"Microsoft-Windows-Sysmon/Operational","Task":"7","RuleName":"-","FileVersion":"10.0.18362.1139 (WinBuild.160101.0800)","SourceName":"Microsoft-Windows-Sysmon","Hostname":"WORKSTATION5","ProcessId":"10068","Description":"Application Compatibility Client Library","SignatureStatus":"Valid","Product":"Microsoft Windows Operating System","EventID":7,"Keywords":"0x8000000000000000","Signed":"true","OriginalFileName":"Apphelp","Message":"Image loaded:\r\nRuleName: -\r\nUtcTime: 2020-10-22 07:52:06.535\r\nProcessGuid: {39e4a257-3a26-5f91-f413-000000000700}\r\nProcessId: 10068\r\nImage: C:\\Windows\\System32\\calc.exe\r\nImageLoaded: C:\\Windows\\System32\\apphelp.dll\r\nFileVersion: 10.0.18362.1139 (WinBuild.160101.0800)\r\nDescription: Application Compatibility Client Library\r\nProduct: Microsoft Windows Operating System\r\nCompany: Microsoft Corporation\r\nOriginalFileName: Apphelp\r\nHashes: SHA1=A4A7343F1879C37FB6F22BCA23F633A36BFEDFAB,MD5=1A0BB6B1BDAE905B7282930A94B4FEB2,SHA256=0B3BEAA1E49CEE79A9C9F518979A5481139390D297FA5ACD5427A4CDB60D6D00,IMPHASH=21667D44701C8F5F61867EF5B495ACBD\r\nSigned: true\r\nSignature: Microsoft Windows\r\nSignatureStatus: Valid"}
{"@timestamp":"2020-10-22T03:52:06.543Z","TimeCreated":"2020-10-22T03:52:06.543Z","Hashes":"SHA1=E5D5E0AC2632815E0A7EC1E8112BE8C64772E3CC,MD5=A269100838803A7E37DCB12F9160EDA1,SHA256=D28EF4FDC4B22130FB8EE29DDFA3C5C31C800E90CA90DEFE9F8D3F594CF5E932,IMPHASH=2C8329033B6525794EE3710FD2E2518A","Signature":"Microsoft Windows","ProviderGuid":"{5770385f-c22a-43e0-bf4c-06f5698ffbd9}","Company":"Microsoft Corporation","UtcTime":"2020-10-22 07:52:06.517","ProcessGuid":"{39e4a257-3a26-5f91-f413-000000000700}","Image":"C:\\Windows\\System32\\calc.exe","ImageLoaded":"C:\\Windows\\System32\\Windows.UI.AppDefaults.dll","Level":"4","Channel":"Microsoft-Windows-Sysmon/Operational","Task":"7","RuleName":"-","FileVersion":"10.0.18362.997 (WinBuild.160101.0800)","SourceName":"Microsoft-Windows-Sysmon","Hostname":"WORKSTATION5","ProcessId":"10068","Description":"App Defaults UX","SignatureStatus":"Valid","Product":"Microsoft Windows Operating System","EventID":7,"Keywords":"0x8000000000000000","Signed":"true","OriginalFileName":"Windows.UI.AppDefaults.dll","Message":"Image loaded:\r\nRuleName: -\r\nUtcTime: 2020-10-22 07:52:06.517\r\nProcessGuid: {39e4a257-3a26-5f91-f413-000000000700}\r\nProcessId: 10068\r\nImage: C:\\Windows\\System32\\calc.exe\r\nImageLoaded: C:\\Windows\\System32\\Windows.UI.AppDefaults.dll\r\nFileVersion: 10.0.18362.997 (WinBuild.160101.0800)\r\nDescription: App Defaults UX\r\nProduct: Microsoft Windows Operating System\r\nCompany: Microsoft Corporation\r\nOriginalFileName: Windows.UI.AppDefaults.dll\r\nHashes: SHA1=E5D5E0AC2632815E0A7EC1E8112BE8C64772E3CC,MD5=A269100838803A7E37DCB12F9160EDA1,SHA256=D28EF4FDC4B22130FB8EE29DDFA3C5C31C800E90CA90DEFE9F8D3F594CF5E932,IMPHASH=2C8329033B6525794EE3710FD2E2518A\r\nSigned: true\r\nSignature: Microsoft Windows\r\nSignatureStatus: Valid"}
{"@timestamp":"2020-10-22T03:52:06.632Z","TimeCreated":"2020-10-22T03:52:06.632Z","Hashes":"SHA1=90B9C077F6C32ED99A95B2CB94DA89666BE4C04F,MD5=8EAACFF9140F8CAD88F4BF8B688B7668,SHA256=C1C65F4C88B6E679C029052D4C7693F00DE584E6A39C756653AA3A4074BA4264,IMPHASH=49F72522BEF9259B786A65BB1E8609C5","Signature":"Microsoft Windows","ProviderGuid":"{5770385f-c22a-43e0-bf4c-06f5698ffbd9}","Company":"Microsoft Corporation","UtcTime":"2020-10-22 07:52:06.611","ProcessGuid":"{39e4a257-3a26-5f91-f413-000000000700}","Image":"C:\\Windows\\System32\\calc.exe","ImageLoaded":"C:\\Windows\\System32\\dwmapi.dll","Level":"4","Channel":"Microsoft-Windows-Sysmon/Operational","Task":"7","RuleName":"-","FileVersion":"10.0.18362.267 (WinBuild.160101.0800)","SourceName":"Microsoft-Windows-Sysmon","Hostname":"WORKSTATION5","ProcessId":"10068","Description":"Microsoft Desktop Window Manager API","SignatureStatus":"Valid","Product":"Microsoft Windows Operating System","EventID":7,"Keywords":"0x8000000000000000","Signed":"true","OriginalFileName":"dwmapi.dll","Message":"Image loaded:\r\nRuleName: -\r\nUtcTime: 2020-10-22 07:52:06.611\r\nProcessGuid: {39e4a257-3a26-5f91-f413-000000000700}\r\nProcessId: 10068\r\nImage: C:\\Windows\\System32\\calc.exe\r\nImageLoaded: C:\\Windows\\System32\\dwmapi.dll\r\nFileVersion: 10.0.18362.267 (WinBuild.160101.0800)\r\nDescription: Microsoft Desktop Window Manager API\r\nProduct: Microsoft Windows Operating System\r\nCompany: Microsoft Corporation\r\nOriginalFileName: dwmapi.dll\r\nHashes: SHA1=90B9C077F6C32ED99A95B2CB94DA89666BE4C04F,MD5=8EAACFF9140F8CAD88F4BF8B688B7668,SHA256=C1C65F4C88B6E679C029052D4C7693F00DE584E6A39C756653AA3A4074BA4264,IMPHASH=49F72522BEF9259B786A65BB1E8609C5\r\nSigned: true\r\nSignature: Microsoft Windows\r\nSignatureStatus: Valid"}
{"@timestamp":"2020-10-22T03:52:06.633Z","TimeCreated":"2020-10-22T03:52:06.633Z","Hashes":"SHA1=D852E96F07E7638AF0BA684F9AD8F33A4A3F87EB,MD5=0431695AB8754780B61A166A30036313,SHA256=2E5A3168700BA8C2555B4DE729D19203DEFB2C51986990E849C69BB600DCEBFF,IMPHASH=8F4D4CA0DE30077C5351D2F3147B05E4","Signature":"Microsoft Windows","ProviderGuid":"{5770385f-c22a-43e0-bf4c-06f5698ffbd9}","Company":"Microsoft Corporation","UtcTime":"2020-10-22 07:52:06.626","ProcessGuid":"{39e4a257-3a26-5f91-f413-000000000700}","Image":"C:\\Windows\\System32\\calc.exe","ImageLoaded":"C:\\Windows\\System32\\DXCore.dll","Level":"4","Channel":"Microsoft-Windows-Sysmon/Operational","Task":"7","RuleName":"-","FileVersion":"10.0.18362.1 (WinBuild.160101.0800)","SourceName":"Microsoft-Windows-Sysmon","Hostname":"WORKSTATION5","ProcessId":"10068","Description":"DXCore","SignatureStatus":"Valid","Product":"Microsoft Windows Operating System","EventID":7,"Keywords":"0x8000000000000000","Signed":"true","OriginalFileName":"DXCore.DLL","Message":"Image loaded:\r\nRuleName: -\r\nUtcTime: 2020-10-22 07:52:06.626\r\nProcessGuid: {39e4a257-3a26-5f91-f413-000000000700}\r\nProcessId: 10068\r\nImage: C:\\Windows\\System32\\calc.exe\r\nImageLoaded: C:\\Windows\\System32\\DXCore.dll\r\nFileVersion: 10.0.18362.1 (WinBuild.160101.0800)\r\nDescription: DXCore\r\nProduct: Microsoft Windows Operating System\r\nCompany: Microsoft Corporation\r\nOriginalFileName: DXCore.DLL\r\nHashes: SHA1=D852E96F07E7638AF0BA684F9AD8F33A4A3F87EB,MD5=0431695AB8754780B61A166A30036313,SHA256=2E5A3168700BA8C2555B4DE729D19203DEFB2C51986990E849C69BB600DCEBFF,IMPHASH=8F4D4CA0DE30077C5351D2F3147B05E4\r\nSigned: true\r\nSignature: Microsoft Windows\r\nSignatureStatus: Valid"}
{"@timestamp":"2020-10-22T03:52:06.650Z","TimeCreated":"2020-10-22T03:52:06.650Z","Hashes":"SHA1=8F5C66D8E34EF2CCE536471768A50E402D0BF3A6,MD5=6ACDDEE39DC33C401471DE4FE9205A55,SHA256=24DF62D41A3753435D94D5904DB8EF75457DFD115F93BB7EA3EAD2EEBF72FC3D,IMPHASH=1829F1ADD9570A03664654948E98E4E7","Signature":"Microsoft Windows","ProviderGuid":"{5770385f-c22a-43e0-bf4c-06f5698ffbd9}","Company":"Microsoft Corporation","UtcTime":"2020-10-22 07:52:06.642","ProcessGuid":"{39e4a257-3a26-5f91-f413-000000000700}","Image":"C:\\Windows\\System32\\calc.exe","ImageLoaded":"C:\\Windows\\System32\\OneCoreUAPCommonProxyStub.dll","Level":"4","Channel":"Microsoft-Windows-Sysmon/Operational","Task":"7","RuleName":"-","FileVersion":"10.0.18362.1082 (WinBuild.160101.0800)","SourceName":"Microsoft-Windows-Sysmon","Hostname":"WORKSTATION5","ProcessId":"10068","Description":"OneCoreUAP Common Proxy Stub","SignatureStatus":"Valid","Product":"Microsoft Windows Operating System","EventID":7,"Keywords":"0x8000000000000000","Signed":"true","OriginalFileName":"OneCoreUAPCommonProxyStub.dll","Message":"Image loaded:\r\nRuleName: -\r\nUtcTime: 2020-10-22 07:52:06.642\r\nProcessGuid: {39e4a257-3a26-5f91-f413-000000000700}\r\nProcessId: 10068\r\nImage: C:\\Windows\\System32\\calc.exe\r\nImageLoaded: C:\\Windows\\System32\\OneCoreUAPCommonProxyStub.dll\r\nFileVersion: 10.0.18362.1082 (WinBuild.160101.0800)\r\nDescription: OneCoreUAP Common Proxy Stub\r\nProduct: Microsoft Windows Operating System\r\nCompany: Microsoft Corporation\r\nOriginalFileName: OneCoreUAPCommonProxyStub.dll\r\nHashes: SHA1=8F5C66D8E34EF2CCE536471768A50E402D0BF3A6,MD5=6ACDDEE39DC33C401471DE4FE9205A55,SHA256=24DF62D41A3753435D94D5904DB8EF75457DFD115F93BB7EA3EAD2EEBF72FC3D,IMPHASH=1829F1ADD9570A03664654948E98E4E7\r\nSigned: true\r\nSignature: Microsoft Windows\r\nSignatureStatus: Valid"}
{"@timestamp":"2020-10-22T03:52:06.656Z","TimeCreated":"2020-10-22T03:52:06.656Z","Hashes":"SHA1=6495B6612F8E92759FE75D28CE456FA6314D13BB,MD5=3975AF80B5E031CD0B0BB589C1794D57,SHA256=37D20339081A24AA8DAC632CB8E735307148B9D3094A5F96D67877EF401DC49C,IMPHASH=5DF99858BAFC2428A5F4818677D84321","Signature":"Microsoft Windows","ProviderGuid":"{5770385f-c22a-43e0-bf4c-06f5698ffbd9}","Company":"Microsoft Corporation","UtcTime":"2020-10-22 07:52:06.642","ProcessGuid":"{39e4a257-3a26-5f91-f413-000000000700}","Image":"C:\\Windows\\System32\\calc.exe","ImageLoaded":"C:\\Windows\\System32\\execmodelproxy.dll","Level":"4","Channel":"Microsoft-Windows-Sysmon/Operational","Task":"7","RuleName":"-","FileVersion":"10.0.18362.1 (WinBuild.160101.0800)","SourceName":"Microsoft-Windows-Sysmon","Hostname":"WORKSTATION5","ProcessId":"10068","Description":"ExecModelProxy","SignatureStatus":"Valid","Product":"Microsoft Windows Operating System","EventID":7,"Keywords":"0x8000000000000000","Signed":"true","OriginalFileName":"ExecModelProxy.dll","Message":"Image loaded:\r\nRuleName: -\r\nUtcTime: 2020-10-22 07:52:06.642\r\nProcessGuid: {39e4a257-3a26-5f91-f413-000000000700}\r\nProcessId: 10068\r\nImage: C:\\Windows\\System32\\calc.exe\r\nImageLoaded: C:\\Windows\\System32\\execmodelproxy.dll\r\nFileVersion: 10.0.18362.1 (WinBuild.160101.0800)\r\nDescription: ExecModelProxy\r\nProduct: Microsoft Windows Operating System\r\nCompany: Microsoft Corporation\r\nOriginalFileName: ExecModelProxy.dll\r\nHashes: SHA1=6495B6612F8E92759FE75D28CE456FA6314D13BB,MD5=3975AF80B5E031CD0B0BB589C1794D57,SHA256=37D20339081A24AA8DAC632CB8E735307148B9D3094A5F96D67877EF401DC49C,IMPHASH=5DF99858BAFC2428A5F4818677D84321\r\nSigned: true\r\nSignature: Microsoft Windows\r\nSignatureStatus: Valid"}
{"Keywords":"0x8000000000000000","Task":"3","RuleName":"-","SourceIsIpv6":"false","Protocol":"tcp","DestinationIp":"151.101.208.133","SourceHostname":"-","Initiated":"true","SourcePort":"52878","User":"WORKSTATION5\\wardog","SourceName":"Microsoft-Windows-Sysmon","ProcessGuid":"{39e4a257-3a12-5f91-ee13-000000000700}","UtcTime":"2020-10-22 07:52:04.342","SourcePortName":"-","SourceIp":"192.168.2.5","DestinationPort":"443","ProcessId":"10848","TimeCreated":"2020-10-22T03:52:06.658Z","@timestamp":"2020-10-22T03:52:06.658Z","DestinationHostname":"-","Level":"4","Image":"C:\\Windows\\System32\\WindowsPowerShell\\v1.0\\powershell.exe","Hostname":"WORKSTATION5","DestinationPortName":"-","Channel":"Microsoft-Windows-Sysmon/Operational","DestinationIsIpv6":"false","EventID":3,"ProviderGuid":"{5770385f-c22a-43e0-bf4c-06f5698ffbd9}","Message":"Network connection detected:\r\nRuleName: -\r\nUtcTime: 2020-10-22 07:52:04.342\r\nProcessGuid: {39e4a257-3a12-5f91-ee13-000000000700}\r\nProcessId: 10848\r\nImage: C:\\Windows\\System32\\WindowsPowerShell\\v1.0\\powershell.exe\r\nUser: WORKSTATION5\\wardog\r\nProtocol: tcp\r\nInitiated: true\r\nSourceIsIpv6: false\r\nSourceIp: 192.168.2.5\r\nSourceHostname: -\r\nSourcePort: 52878\r\nSourcePortName: -\r\nDestinationIsIpv6: false\r\nDestinationIp: 151.101.208.133\r\nDestinationHostname: -\r\nDestinationPort: 443\r\nDestinationPortName: -"}
{"@timestamp":"2020-10-22T03:52:06.668Z","TimeCreated":"2020-10-22T03:52:06.668Z","ProviderGuid":"{5770385f-c22a-43e0-bf4c-06f5698ffbd9}","UtcTime":"2020-10-22 07:52:06.658","ProcessGuid":"{39e4a257-f132-5f8b-1000-000000000700}","Image":"C:\\windows\\system32\\svchost.exe","Level":"4","Channel":"Microsoft-Windows-Sysmon/Operational","Task":"12","RuleName":"-","SourceName":"Microsoft-Windows-Sysmon","Hostname":"WORKSTATION5","ProcessId":"944","EventType":"CreateKey","EventID":12,"Keywords":"0x8000000000000000","TargetObject":"HKU\\S-1-5-21-3940915590-64593676-1414006259-500\\Software\\Microsoft\\Windows NT\\CurrentVersion\\HostActivityManager","Message":"Registry object added or deleted:\r\nRuleName: -\r\nEventType: CreateKey\r\nUtcTime: 2020-10-22 07:52:06.658\r\nProcessGuid: {39e4a257-f132-5f8b-1000-000000000700}\r\nProcessId: 944\r\nImage: C:\\windows\\system32\\svchost.exe\r\nTargetObject: HKU\\S-1-5-21-3940915590-64593676-1414006259-500\\Software\\Microsoft\\Windows NT\\CurrentVersion\\HostActivityManager"}
{"@timestamp":"2020-10-22T03:52:06.668Z","TimeCreated":"2020-10-22T03:52:06.668Z","ProviderGuid":"{5770385f-c22a-43e0-bf4c-06f5698ffbd9}","UtcTime":"2020-10-22 07:52:06.658","ProcessGuid":"{39e4a257-f132-5f8b-1000-000000000700}","Image":"C:\\windows\\system32\\svchost.exe","Level":"4","Channel":"Microsoft-Windows-Sysmon/Operational","Task":"12","RuleName":"-","SourceName":"Microsoft-Windows-Sysmon","Hostname":"WORKSTATION5","ProcessId":"944","EventType":"CreateKey","EventID":12,"Keywords":"0x8000000000000000","TargetObject":"HKU\\S-1-5-21-3940915590-64593676-1414006259-500\\Software\\Microsoft\\Windows NT\\CurrentVersion\\HostActivityManager\\Volatile","Message":"Registry object added or deleted:\r\nRuleName: -\r\nEventType: CreateKey\r\nUtcTime: 2020-10-22 07:52:06.658\r\nProcessGuid: {39e4a257-f132-5f8b-1000-000000000700}\r\nProcessId: 944\r\nImage: C:\\windows\\system32\\svchost.exe\r\nTargetObject: HKU\\S-1-5-21-3940915590-64593676-1414006259-500\\Software\\Microsoft\\Windows NT\\CurrentVersion\\HostActivityManager\\Volatile"}
{"@timestamp":"2020-10-22T03:52:06.668Z","TimeCreated":"2020-10-22T03:52:06.668Z","ProviderGuid":"{5770385f-c22a-43e0-bf4c-06f5698ffbd9}","UtcTime":"2020-10-22 07:52:06.658","ProcessGuid":"{39e4a257-f132-5f8b-1000-000000000700}","Image":"C:\\windows\\system32\\svchost.exe","Level":"4","Channel":"Microsoft-Windows-Sysmon/Operational","Task":"12","RuleName":"-","SourceName":"Microsoft-Windows-Sysmon","Hostname":"WORKSTATION5","ProcessId":"944","EventType":"CreateKey","EventID":12,"Keywords":"0x8000000000000000","TargetObject":"HKU\\S-1-5-21-3940915590-64593676-1414006259-500\\Software\\Microsoft\\Windows NT\\CurrentVersion\\HostActivityManager","Message":"Registry object added or deleted:\r\nRuleName: -\r\nEventType: CreateKey\r\nUtcTime: 2020-10-22 07:52:06.658\r\nProcessGuid: {39e4a257-f132-5f8b-1000-000000000700}\r\nProcessId: 944\r\nImage: C:\\windows\\system32\\svchost.exe\r\nTargetObject: HKU\\S-1-5-21-3940915590-64593676-1414006259-500\\Software\\Microsoft\\Windows NT\\CurrentVersion\\HostActivityManager"}
{"@timestamp":"2020-10-22T03:52:06.668Z","TimeCreated":"2020-10-22T03:52:06.668Z","ProviderGuid":"{5770385f-c22a-43e0-bf4c-06f5698ffbd9}","UtcTime":"2020-10-22 07:52:06.658","ProcessGuid":"{39e4a257-f1b0-5f8b-9b00-000000000700}","Image":"C:\\windows\\system32\\sihost.exe","Level":"4","Channel":"Microsoft-Windows-Sysmon/Operational","Task":"12","RuleName":"-","SourceName":"Microsoft-Windows-Sysmon","Hostname":"WORKSTATION5","ProcessId":"3188","EventType":"CreateKey","EventID":12,"Keywords":"0x8000000000000000","TargetObject":"HKU\\S-1-5-21-3940915590-64593676-1414006259-500\\Software\\Microsoft\\Phone\\ShellUI\\WindowSizing","Message":"Registry object added or deleted:\r\nRuleName: -\r\nEventType: CreateKey\r\nUtcTime: 2020-10-22 07:52:06.658\r\nProcessGuid: {39e4a257-f1b0-5f8b-9b00-000000000700}\r\nProcessId: 3188\r\nImage: C:\\windows\\system32\\sihost.exe\r\nTargetObject: HKU\\S-1-5-21-3940915590-64593676-1414006259-500\\Software\\Microsoft\\Phone\\ShellUI\\WindowSizing"}
{"@timestamp":"2020-10-22T03:52:06.668Z","TimeCreated":"2020-10-22T03:52:06.668Z","ProviderGuid":"{5770385f-c22a-43e0-bf4c-06f5698ffbd9}","UtcTime":"2020-10-22 07:52:06.658","ProcessGuid":"{39e4a257-f1b0-5f8b-9b00-000000000700}","Image":"C:\\windows\\system32\\sihost.exe","Level":"4","Channel":"Microsoft-Windows-Sysmon/Operational","Task":"12","RuleName":"-","SourceName":"Microsoft-Windows-Sysmon","Hostname":"WORKSTATION5","ProcessId":"3188","EventType":"CreateKey","EventID":12,"Keywords":"0x8000000000000000","TargetObject":"HKU\\S-1-5-21-3940915590-64593676-1414006259-500\\Software\\Microsoft\\Phone\\ShellUI\\WindowSizing\\Microsoft.WindowsCalculator_8wekyb3d8bbwe!App","Message":"Registry object added or deleted:\r\nRuleName: -\r\nEventType: CreateKey\r\nUtcTime: 2020-10-22 07:52:06.658\r\nProcessGuid: {39e4a257-f1b0-5f8b-9b00-000000000700}\r\nProcessId: 3188\r\nImage: C:\\windows\\system32\\sihost.exe\r\nTargetObject: HKU\\S-1-5-21-3940915590-64593676-1414006259-500\\Software\\Microsoft\\Phone\\ShellUI\\WindowSizing\\Microsoft.WindowsCalculator_8wekyb3d8bbwe!App"}
{"@timestamp":"2020-10-22T03:52:06.668Z","TimeCreated":"2020-10-22T03:52:06.668Z","ProviderGuid":"{5770385f-c22a-43e0-bf4c-06f5698ffbd9}","UtcTime":"2020-10-22 07:52:06.658","ProcessGuid":"{39e4a257-f1b0-5f8b-9b00-000000000700}","Image":"C:\\windows\\system32\\sihost.exe","Level":"4","Channel":"Microsoft-Windows-Sysmon/Operational","Task":"12","RuleName":"-","SourceName":"Microsoft-Windows-Sysmon","Hostname":"WORKSTATION5","ProcessId":"3188","EventType":"CreateKey","EventID":12,"Keywords":"0x8000000000000000","TargetObject":"HKU\\S-1-5-21-3940915590-64593676-1414006259-500\\Software\\Microsoft\\Phone\\ShellUI\\WindowSizing","Message":"Registry object added or deleted:\r\nRuleName: -\r\nEventType: CreateKey\r\nUtcTime: 2020-10-22 07:52:06.658\r\nProcessGuid: {39e4a257-f1b0-5f8b-9b00-000000000700}\r\nProcessId: 3188\r\nImage: C:\\windows\\system32\\sihost.exe\r\nTargetObject: HKU\\S-1-5-21-3940915590-64593676-1414006259-500\\Software\\Microsoft\\Phone\\ShellUI\\WindowSizing"}
{"@timestamp":"2020-10-22T03:52:06.668Z","TimeCreated":"2020-10-22T03:52:06.668Z","ProviderGuid":"{5770385f-c22a-43e0-bf4c-06f5698ffbd9}","UtcTime":"2020-10-22 07:52:06.658","ProcessGuid":"{39e4a257-f1b0-5f8b-9b00-000000000700}","Image":"C:\\windows\\system32\\sihost.exe","Level":"4","Channel":"Microsoft-Windows-Sysmon/Operational","Task":"12","RuleName":"-","SourceName":"Microsoft-Windows-Sysmon","Hostname":"WORKSTATION5","ProcessId":"3188","EventType":"CreateKey","EventID":12,"Keywords":"0x8000000000000000","TargetObject":"HKU\\S-1-5-21-3940915590-64593676-1414006259-500\\Software\\Microsoft\\Phone\\ShellUI\\WindowSizing\\Microsoft.WindowsCalculator_8wekyb3d8bbwe!App","Message":"Registry object added or deleted:\r\nRuleName: -\r\nEventType: CreateKey\r\nUtcTime: 2020-10-22 07:52:06.658\r\nProcessGuid: {39e4a257-f1b0-5f8b-9b00-000000000700}\r\nProcessId: 3188\r\nImage: C:\\windows\\system32\\sihost.exe\r\nTargetObject: HKU\\S-1-5-21-3940915590-64593676-1414006259-500\\Software\\Microsoft\\Phone\\ShellUI\\WindowSizing\\Microsoft.WindowsCalculator_8wekyb3d8bbwe!App"}
{"@timestamp":"2020-10-22T03:52:06.672Z","TimeCreated":"2020-10-22T03:52:06.672Z","ProviderGuid":"{5770385f-c22a-43e0-bf4c-06f5698ffbd9}","UtcTime":"2020-10-22 07:52:06.658","ProcessGuid":"{39e4a257-f1b0-5f8b-9b00-000000000700}","Image":"C:\\windows\\system32\\sihost.exe","Level":"4","Channel":"Microsoft-Windows-Sysmon/Operational","Task":"13","RuleName":"-","SourceName":"Microsoft-Windows-Sysmon","Hostname":"WORKSTATION5","Details":"DWORD (0x00000001)","ProcessId":"3188","EventType":"SetValue","EventID":13,"Keywords":"0x8000000000000000","TargetObject":"HKU\\S-1-5-21-3940915590-64593676-1414006259-500_Classes\\Local Settings\\Software\\Microsoft\\Windows\\CurrentVersion\\AppModel\\SystemAppData\\Microsoft.WindowsCalculator_8wekyb3d8bbwe\\WasEverActivated","Message":"Registry value set:\r\nRuleName: -\r\nEventType: SetValue\r\nUtcTime: 2020-10-22 07:52:06.658\r\nProcessGuid: {39e4a257-f1b0-5f8b-9b00-000000000700}\r\nProcessId: 3188\r\nImage: C:\\windows\\system32\\sihost.exe\r\nTargetObject: HKU\\S-1-5-21-3940915590-64593676-1414006259-500_Classes\\Local Settings\\Software\\Microsoft\\Windows\\CurrentVersion\\AppModel\\SystemAppData\\Microsoft.WindowsCalculator_8wekyb3d8bbwe\\WasEverActivated\r\nDetails: DWORD (0x00000001)"}
{"@timestamp":"2020-10-22T03:52:06.691Z","TimeCreated":"2020-10-22T03:52:06.691Z","Hashes":"SHA1=1C2971C19EF22E94CC138ED2EFD5B10BC933A9B7,MD5=6764DC6E36AD628E0AA31C80AA468676,SHA256=61A2B790876E1E70AD28911900CA480B43D150CE1F7E8718F2BFED70C2A4CFBD,IMPHASH=190D4E37C7264EE043C228BCE702D83E","Signature":"Microsoft Windows","ProviderGuid":"{5770385f-c22a-43e0-bf4c-06f5698ffbd9}","Company":"Microsoft Corporation","UtcTime":"2020-10-22 07:52:06.673","ProcessGuid":"{39e4a257-ff48-5f8c-1b04-000000000700}","Image":"C:\\Windows\\System32\\ApplicationFrameHost.exe","ImageLoaded":"C:\\Windows\\System32\\d3d10warp.dll","Level":"4","Channel":"Microsoft-Windows-Sysmon/Operational","Task":"7","RuleName":"-","FileVersion":"10.0.18362.1049 (WinBuild.160101.0800)","SourceName":"Microsoft-Windows-Sysmon","Hostname":"WORKSTATION5","ProcessId":"452","Description":"Direct3D Rasterizer","SignatureStatus":"Valid","Product":"Microsoft Windows Operating System","EventID":7,"Keywords":"0x8000000000000000","Signed":"true","OriginalFileName":"D3D10Warp.dll","Message":"Image loaded:\r\nRuleName: -\r\nUtcTime: 2020-10-22 07:52:06.673\r\nProcessGuid: {39e4a257-ff48-5f8c-1b04-000000000700}\r\nProcessId: 452\r\nImage: C:\\Windows\\System32\\ApplicationFrameHost.exe\r\nImageLoaded: C:\\Windows\\System32\\d3d10warp.dll\r\nFileVersion: 10.0.18362.1049 (WinBuild.160101.0800)\r\nDescription: Direct3D Rasterizer\r\nProduct: Microsoft Windows Operating System\r\nCompany: Microsoft Corporation\r\nOriginalFileName: D3D10Warp.dll\r\nHashes: SHA1=1C2971C19EF22E94CC138ED2EFD5B10BC933A9B7,MD5=6764DC6E36AD628E0AA31C80AA468676,SHA256=61A2B790876E1E70AD28911900CA480B43D150CE1F7E8718F2BFED70C2A4CFBD,IMPHASH=190D4E37C7264EE043C228BCE702D83E\r\nSigned: true\r\nSignature: Microsoft Windows\r\nSignatureStatus: Valid"}
{"@timestamp":"2020-10-22T03:52:06.691Z","TimeCreated":"2020-10-22T03:52:06.691Z","ProviderGuid":"{5770385f-c22a-43e0-bf4c-06f5698ffbd9}","UtcTime":"2020-10-22 07:52:06.673","ProcessGuid":"{39e4a257-f132-5f8b-1000-000000000700}","Image":"C:\\windows\\system32\\svchost.exe","Level":"4","Channel":"Microsoft-Windows-Sysmon/Operational","Task":"13","RuleName":"-","SourceName":"Microsoft-Windows-Sysmon","Hostname":"WORKSTATION5","Details":"Binary Data","ProcessId":"944","EventType":"SetValue","EventID":13,"Keywords":"0x8000000000000000","TargetObject":"HKLM\\System\\CurrentControlSet\\Services\\bam\\State\\UserSettings\\S-1-5-21-3940915590-64593676-1414006259-500\\Microsoft.WindowsCalculator_8wekyb3d8bbwe","Message":"Registry value set:\r\nRuleName: -\r\nEventType: SetValue\r\nUtcTime: 2020-10-22 07:52:06.673\r\nProcessGuid: {39e4a257-f132-5f8b-1000-000000000700}\r\nProcessId: 944\r\nImage: C:\\windows\\system32\\svchost.exe\r\nTargetObject: HKLM\\System\\CurrentControlSet\\Services\\bam\\State\\UserSettings\\S-1-5-21-3940915590-64593676-1414006259-500\\Microsoft.WindowsCalculator_8wekyb3d8bbwe\r\nDetails: Binary Data"}
{"GrantedAccess":"0x1000","@timestamp":"2020-10-22T03:52:06.712Z","TimeCreated":"2020-10-22T03:52:06.712Z","SourceThreadId":"8468","SourceImage":"C:\\windows\\system32\\svchost.exe","ProviderGuid":"{5770385f-c22a-43e0-bf4c-06f5698ffbd9}","CallTrace":"C:\\windows\\SYSTEM32\\ntdll.dll+9d154|C:\\windows\\System32\\RPCRT4.dll+2d354|C:\\windows\\System32\\combase.dll+b855b|c:\\windows\\system32\\windows.staterepository.dll+223f5|c:\\windows\\system32\\windows.staterepository.dll+29f20|C:\\windows\\System32\\RPCRT4.dll+76a63|C:\\windows\\System32\\RPCRT4.dll+da036|C:\\windows\\System32\\RPCRT4.dll+383b9|C:\\windows\\System32\\combase.dll+a5d13|C:\\windows\\System32\\RPCRT4.dll+59bab|C:\\windows\\System32\\combase.dll+8d0e3|C:\\windows\\System32\\combase.dll+8ced3|C:\\windows\\System32\\combase.dll+a9556|C:\\windows\\System32\\combase.dll+8a4fa|C:\\windows\\System32\\combase.dll+a47ed|C:\\windows\\System32\\combase.dll+401ac|C:\\windows\\System32\\combase.dll+40a11|C:\\windows\\System32\\combase.dll+421b8|C:\\windows\\System32\\RPCRT4.dll+549f8|C:\\windows\\System32\\RPCRT4.dll+2c9b1|C:\\windows\\System32\\RPCRT4.dll+2c500|C:\\windows\\System32\\RPCRT4.dll+1a71f|C:\\windows\\System32\\RPCRT4.dll+19d7a|C:\\windows\\System32\\RPCRT4.dll+19361","UtcTime":"2020-10-22 07:52:06.705","TargetProcessGUID":"{39e4a257-f1b3-5f8b-a700-000000000700}","SourceProcessId":"2072","Level":"4","Channel":"Microsoft-Windows-Sysmon/Operational","Task":"10","RuleName":"-","SourceName":"Microsoft-Windows-Sysmon","Hostname":"WORKSTATION5","SourceProcessGUID":"{39e4a257-f1ad-5f8b-9500-000000000700}","TargetProcessId":"1072","EventID":10,"Keywords":"0x8000000000000000","TargetImage":"C:\\windows\\Explorer.EXE","Message":"Process accessed:\r\nRuleName: -\r\nUtcTime: 2020-10-22 07:52:06.705\r\nSourceProcessGUID: {39e4a257-f1ad-5f8b-9500-000000000700}\r\nSourceProcessId: 2072\r\nSourceThreadId: 8468\r\nSourceImage: C:\\windows\\system32\\svchost.exe\r\nTargetProcessGUID: {39e4a257-f1b3-5f8b-a700-000000000700}\r\nTargetProcessId: 1072\r\nTargetImage: C:\\windows\\Explorer.EXE\r\nGrantedAccess: 0x1000\r\nCallTrace: C:\\windows\\SYSTEM32\\ntdll.dll+9d154|C:\\windows\\System32\\RPCRT4.dll+2d354|C:\\windows\\System32\\combase.dll+b855b|c:\\windows\\system32\\windows.staterepository.dll+223f5|c:\\windows\\system32\\windows.staterepository.dll+29f20|C:\\windows\\System32\\RPCRT4.dll+76a63|C:\\windows\\System32\\RPCRT4.dll+da036|C:\\windows\\System32\\RPCRT4.dll+383b9|C:\\windows\\System32\\combase.dll+a5d13|C:\\windows\\System32\\RPCRT4.dll+59bab|C:\\windows\\System32\\combase.dll+8d0e3|C:\\windows\\System32\\combase.dll+8ced3|C:\\windows\\System32\\combase.dll+a9556|C:\\windows\\System32\\combase.dll+8a4fa|C:\\windows\\System32\\combase.dll+a47ed|C:\\windows\\System32\\combase.dll+401ac|C:\\windows\\System32\\combase.dll+40a11|C:\\windows\\System32\\combase.dll+421b8|C:\\windows\\System32\\RPCRT4.dll+549f8|C:\\windows\\System32\\RPCRT4.dll+2c9b1|C:\\windows\\System32\\RPCRT4.dll+2c500|C:\\windows\\System32\\RPCRT4.dll+1a71f|C:\\windows\\System32\\RPCRT4.dll+19d7a|C:\\windows\\System32\\RPCRT4.dll+19361"}
{"@timestamp":"2020-10-22T03:52:06.719Z","TimeCreated":"2020-10-22T03:52:06.719Z","Hashes":"SHA1=A67E06F48551511CC7DBA5CC25DCBC7545055F7D,MD5=6771565B0987212CA96F2D255E6FDDF3,SHA256=9B4F09D39506FF2DB190CE87BD7329A3985795A3BB884FF5E45AB854A325B2CB,IMPHASH=2478818DF8CBFB1E230B6EF1F3B3BA22","Signature":"Microsoft Windows","ProviderGuid":"{5770385f-c22a-43e0-bf4c-06f5698ffbd9}","Company":"Microsoft Corporation","UtcTime":"2020-10-22 07:52:06.611","ProcessGuid":"{39e4a257-3a26-5f91-f413-000000000700}","Image":"C:\\Windows\\System32\\calc.exe","ImageLoaded":"C:\\Windows\\System32\\twinui.dll","Level":"4","Channel":"Microsoft-Windows-Sysmon/Operational","Task":"7","RuleName":"-","FileVersion":"10.0.18362.1110 (WinBuild.160101.0800)","SourceName":"Microsoft-Windows-Sysmon","Hostname":"WORKSTATION5","ProcessId":"10068","Description":"TWINUI","SignatureStatus":"Valid","Product":"Microsoft Windows Operating System","EventID":7,"Keywords":"0x8000000000000000","Signed":"true","OriginalFileName":"TWINUI.dll","Message":"Image loaded:\r\nRuleName: -\r\nUtcTime: 2020-10-22 07:52:06.611\r\nProcessGuid: {39e4a257-3a26-5f91-f413-000000000700}\r\nProcessId: 10068\r\nImage: C:\\Windows\\System32\\calc.exe\r\nImageLoaded: C:\\Windows\\System32\\twinui.dll\r\nFileVersion: 10.0.18362.1110 (WinBuild.160101.0800)\r\nDescription: TWINUI\r\nProduct: Microsoft Windows Operating System\r\nCompany: Microsoft Corporation\r\nOriginalFileName: TWINUI.dll\r\nHashes: SHA1=A67E06F48551511CC7DBA5CC25DCBC7545055F7D,MD5=6771565B0987212CA96F2D255E6FDDF3,SHA256=9B4F09D39506FF2DB190CE87BD7329A3985795A3BB884FF5E45AB854A325B2CB,IMPHASH=2478818DF8CBFB1E230B6EF1F3B3BA22\r\nSigned: true\r\nSignature: Microsoft Windows\r\nSignatureStatus: Valid"}
{"@timestamp":"2020-10-22T03:52:06.732Z","TimeCreated":"2020-10-22T03:52:06.732Z","Hashes":"SHA1=52CAB69BD7EC0033B3E9566949F67F3A06401E17,MD5=E67520E44C3B83F6DC88A5BEB29AE21E,SHA256=8B259499315B6D65FD388359729EDD2F4F828AA9F8F75AC68B101F2AD4BD159A,IMPHASH=E047FC39CF6A15D12FFEF782B160E495","Signature":"Microsoft Windows","ProviderGuid":"{5770385f-c22a-43e0-bf4c-06f5698ffbd9}","Company":"Microsoft Corporation","UtcTime":"2020-10-22 07:52:06.611","ProcessGuid":"{39e4a257-3a26-5f91-f413-000000000700}","Image":"C:\\Windows\\System32\\calc.exe","ImageLoaded":"C:\\Windows\\System32\\pdh.dll","Level":"4","Channel":"Microsoft-Windows-Sysmon/Operational","Task":"7","RuleName":"-","FileVersion":"10.0.18362.1049 (WinBuild.160101.0800)","SourceName":"Microsoft-Windows-Sysmon","Hostname":"WORKSTATION5","ProcessId":"10068","Description":"Windows Performance Data Helper DLL","SignatureStatus":"Valid","Product":"Microsoft Windows Operating System","EventID":7,"Keywords":"0x8000000000000000","Signed":"true","OriginalFileName":"PDH.DLL","Message":"Image loaded:\r\nRuleName: -\r\nUtcTime: 2020-10-22 07:52:06.611\r\nProcessGuid: {39e4a257-3a26-5f91-f413-000000000700}\r\nProcessId: 10068\r\nImage: C:\\Windows\\System32\\calc.exe\r\nImageLoaded: C:\\Windows\\System32\\pdh.dll\r\nFileVersion: 10.0.18362.1049 (WinBuild.160101.0800)\r\nDescription: Windows Performance Data Helper DLL\r\nProduct: Microsoft Windows Operating System\r\nCompany: Microsoft Corporation\r\nOriginalFileName: PDH.DLL\r\nHashes: SHA1=52CAB69BD7EC0033B3E9566949F67F3A06401E17,MD5=E67520E44C3B83F6DC88A5BEB29AE21E,SHA256=8B259499315B6D65FD388359729EDD2F4F828AA9F8F75AC68B101F2AD4BD159A,IMPHASH=E047FC39CF6A15D12FFEF782B160E495\r\nSigned: true\r\nSignature: Microsoft Windows\r\nSignatureStatus: Valid"}
{"@timestamp":"2020-10-22T03:52:06.784Z","TimeCreated":"2020-10-22T03:52:06.784Z","ProviderGuid":"{5770385f-c22a-43e0-bf4c-06f5698ffbd9}","UtcTime":"2020-10-22 07:52:06.783","ProcessGuid":"{39e4a257-f1b3-5f8b-a700-000000000700}","Image":"C:\\windows\\Explorer.EXE","Level":"4","Channel":"Microsoft-Windows-Sysmon/Operational","Task":"12","RuleName":"-","SourceName":"Microsoft-Windows-Sysmon","Hostname":"WORKSTATION5","ProcessId":"1072","EventType":"CreateKey","EventID":12,"Keywords":"0x8000000000000000","TargetObject":"HKU\\S-1-5-21-3940915590-64593676-1414006259-500\\Software","Message":"Registry object added or deleted:\r\nRuleName: -\r\nEventType: CreateKey\r\nUtcTime: 2020-10-22 07:52:06.783\r\nProcessGuid: {39e4a257-f1b3-5f8b-a700-000000000700}\r\nProcessId: 1072\r\nImage: C:\\windows\\Explorer.EXE\r\nTargetObject: HKU\\S-1-5-21-3940915590-64593676-1414006259-500\\Software"}
{"@timestamp":"2020-10-22T03:52:06.784Z","TimeCreated":"2020-10-22T03:52:06.784Z","ProviderGuid":"{5770385f-c22a-43e0-bf4c-06f5698ffbd9}","UtcTime":"2020-10-22 07:52:06.783","ProcessGuid":"{39e4a257-f1b3-5f8b-a700-000000000700}","Image":"C:\\windows\\Explorer.EXE","Level":"4","Channel":"Microsoft-Windows-Sysmon/Operational","Task":"12","RuleName":"-","SourceName":"Microsoft-Windows-Sysmon","Hostname":"WORKSTATION5","ProcessId":"1072","EventType":"CreateKey","EventID":12,"Keywords":"0x8000000000000000","TargetObject":"HKU\\S-1-5-21-3940915590-64593676-1414006259-500\\Software\\Microsoft","Message":"Registry object added or deleted:\r\nRuleName: -\r\nEventType: CreateKey\r\nUtcTime: 2020-10-22 07:52:06.783\r\nProcessGuid: {39e4a257-f1b3-5f8b-a700-000000000700}\r\nProcessId: 1072\r\nImage: C:\\windows\\Explorer.EXE\r\nTargetObject: HKU\\S-1-5-21-3940915590-64593676-1414006259-500\\Software\\Microsoft"}
{"@timestamp":"2020-10-22T03:52:06.784Z","TimeCreated":"2020-10-22T03:52:06.784Z","ProviderGuid":"{5770385f-c22a-43e0-bf4c-06f5698ffbd9}","UtcTime":"2020-10-22 07:52:06.783","ProcessGuid":"{39e4a257-f1b3-5f8b-a700-000000000700}","Image":"C:\\windows\\Explorer.EXE","Level":"4","Channel":"Microsoft-Windows-Sysmon/Operational","Task":"12","RuleName":"-","SourceName":"Microsoft-Windows-Sysmon","Hostname":"WORKSTATION5","ProcessId":"1072","EventType":"CreateKey","EventID":12,"Keywords":"0x8000000000000000","TargetObject":"HKU\\S-1-5-21-3940915590-64593676-1414006259-500\\Software\\Microsoft\\Windows","Message":"Registry object added or deleted:\r\nRuleName: -\r\nEventType: CreateKey\r\nUtcTime: 2020-10-22 07:52:06.783\r\nProcessGuid: {39e4a257-f1b3-5f8b-a700-000000000700}\r\nProcessId: 1072\r\nImage: C:\\windows\\Explorer.EXE\r\nTargetObject: HKU\\S-1-5-21-3940915590-64593676-1414006259-500\\Software\\Microsoft\\Windows"}
{"@timestamp":"2020-10-22T03:52:06.784Z","TimeCreated":"2020-10-22T03:52:06.784Z","ProviderGuid":"{5770385f-c22a-43e0-bf4c-06f5698ffbd9}","UtcTime":"2020-10-22 07:52:06.783","ProcessGuid":"{39e4a257-f1b3-5f8b-a700-000000000700}","Image":"C:\\windows\\Explorer.EXE","Level":"4","Channel":"Microsoft-Windows-Sysmon/Operational","Task":"12","RuleName":"-","SourceName":"Microsoft-Windows-Sysmon","Hostname":"WORKSTATION5","ProcessId":"1072","EventType":"CreateKey","EventID":12,"Keywords":"0x8000000000000000","TargetObject":"HKU\\S-1-5-21-3940915590-64593676-1414006259-500\\Software\\Microsoft\\Windows\\CurrentVersion","Message":"Registry object added or deleted:\r\nRuleName: -\r\nEventType: CreateKey\r\nUtcTime: 2020-10-22 07:52:06.783\r\nProcessGuid: {39e4a257-f1b3-5f8b-a700-000000000700}\r\nProcessId: 1072\r\nImage: C:\\windows\\Explorer.EXE\r\nTargetObject: HKU\\S-1-5-21-3940915590-64593676-1414006259-500\\Software\\Microsoft\\Windows\\CurrentVersion"}
{"@timestamp":"2020-10-22T03:52:06.784Z","TimeCreated":"2020-10-22T03:52:06.784Z","ProviderGuid":"{5770385f-c22a-43e0-bf4c-06f5698ffbd9}","UtcTime":"2020-10-22 07:52:06.783","ProcessGuid":"{39e4a257-f1b3-5f8b-a700-000000000700}","Image":"C:\\windows\\Explorer.EXE","Level":"4","Channel":"Microsoft-Windows-Sysmon/Operational","Task":"12","RuleName":"-","SourceName":"Microsoft-Windows-Sysmon","Hostname":"WORKSTATION5","ProcessId":"1072","EventType":"CreateKey","EventID":12,"Keywords":"0x8000000000000000","TargetObject":"HKU\\S-1-5-21-3940915590-64593676-1414006259-500\\Software\\Microsoft\\Windows\\CurrentVersion\\Explorer","Message":"Registry object added or deleted:\r\nRuleName: -\r\nEventType: CreateKey\r\nUtcTime: 2020-10-22 07:52:06.783\r\nProcessGuid: {39e4a257-f1b3-5f8b-a700-000000000700}\r\nProcessId: 1072\r\nImage: C:\\windows\\Explorer.EXE\r\nTargetObject: HKU\\S-1-5-21-3940915590-64593676-1414006259-500\\Software\\Microsoft\\Windows\\CurrentVersion\\Explorer"}
{"@timestamp":"2020-10-22T03:52:06.784Z","TimeCreated":"2020-10-22T03:52:06.784Z","ProviderGuid":"{5770385f-c22a-43e0-bf4c-06f5698ffbd9}","UtcTime":"2020-10-22 07:52:06.783","ProcessGuid":"{39e4a257-f1b3-5f8b-a700-000000000700}","Image":"C:\\windows\\Explorer.EXE","Level":"4","Channel":"Microsoft-Windows-Sysmon/Operational","Task":"12","RuleName":"-","SourceName":"Microsoft-Windows-Sysmon","Hostname":"WORKSTATION5","ProcessId":"1072","EventType":"CreateKey","EventID":12,"Keywords":"0x8000000000000000","TargetObject":"HKU\\S-1-5-21-3940915590-64593676-1414006259-500\\Software\\Microsoft\\Windows\\CurrentVersion\\Explorer\\FileExts","Message":"Registry object added or deleted:\r\nRuleName: -\r\nEventType: CreateKey\r\nUtcTime: 2020-10-22 07:52:06.783\r\nProcessGuid: {39e4a257-f1b3-5f8b-a700-000000000700}\r\nProcessId: 1072\r\nImage: C:\\windows\\Explorer.EXE\r\nTargetObject: HKU\\S-1-5-21-3940915590-64593676-1414006259-500\\Software\\Microsoft\\Windows\\CurrentVersion\\Explorer\\FileExts"}
{"@timestamp":"2020-10-22T03:52:06.784Z","TimeCreated":"2020-10-22T03:52:06.784Z","ProviderGuid":"{5770385f-c22a-43e0-bf4c-06f5698ffbd9}","UtcTime":"2020-10-22 07:52:06.783","ProcessGuid":"{39e4a257-f1b3-5f8b-a700-000000000700}","Image":"C:\\windows\\Explorer.EXE","Level":"4","Channel":"Microsoft-Windows-Sysmon/Operational","Task":"12","RuleName":"-","SourceName":"Microsoft-Windows-Sysmon","Hostname":"WORKSTATION5","ProcessId":"1072","EventType":"CreateKey","EventID":12,"Keywords":"0x8000000000000000","TargetObject":"HKU\\S-1-5-21-3940915590-64593676-1414006259-500\\Software\\Microsoft\\Windows\\CurrentVersion\\Explorer\\FileExts\\.hta","Message":"Registry object added or deleted:\r\nRuleName: -\r\nEventType: CreateKey\r\nUtcTime: 2020-10-22 07:52:06.783\r\nProcessGuid: {39e4a257-f1b3-5f8b-a700-000000000700}\r\nProcessId: 1072\r\nImage: C:\\windows\\Explorer.EXE\r\nTargetObject: HKU\\S-1-5-21-3940915590-64593676-1414006259-500\\Software\\Microsoft\\Windows\\CurrentVersion\\Explorer\\FileExts\\.hta"}
{"@timestamp":"2020-10-22T03:52:06.784Z","TimeCreated":"2020-10-22T03:52:06.784Z","ProviderGuid":"{5770385f-c22a-43e0-bf4c-06f5698ffbd9}","UtcTime":"2020-10-22 07:52:06.783","ProcessGuid":"{39e4a257-f1b3-5f8b-a700-000000000700}","Image":"C:\\windows\\Explorer.EXE","Level":"4","Channel":"Microsoft-Windows-Sysmon/Operational","Task":"12","RuleName":"-","SourceName":"Microsoft-Windows-Sysmon","Hostname":"WORKSTATION5","ProcessId":"1072","EventType":"CreateKey","EventID":12,"Keywords":"0x8000000000000000","TargetObject":"HKU\\S-1-5-21-3940915590-64593676-1414006259-500\\Software\\Microsoft\\Windows\\CurrentVersion\\Explorer\\FileExts\\.hta\\OpenWithList","Message":"Registry object added or deleted:\r\nRuleName: -\r\nEventType: CreateKey\r\nUtcTime: 2020-10-22 07:52:06.783\r\nProcessGuid: {39e4a257-f1b3-5f8b-a700-000000000700}\r\nProcessId: 1072\r\nImage: C:\\windows\\Explorer.EXE\r\nTargetObject: HKU\\S-1-5-21-3940915590-64593676-1414006259-500\\Software\\Microsoft\\Windows\\CurrentVersion\\Explorer\\FileExts\\.hta\\OpenWithList"}
