{"@timestamp":"2020-10-22T01:31:11.174Z","TimeCreated":"2020-10-22T01:31:11.174Z","Hashes":"SHA1=0CA419DC69750BD56EEAC797151693F1CEA9DF43,MD5=24949EEC89B5C62985E9F9239D056B15,SHA256=49BC4C8EA4BB89EE6498774104647F27BFC9B5CC6C3BAF927B813B00558097CB,IMPHASH=0A59C266C86B725AFF2A51A9A37BF73C","Signature":"Microsoft Windows","ProviderGuid":"{5770385f-c22a-43e0-bf4c-06f5698ffbd9}","Company":"Microsoft Corporation","UtcTime":"2020-10-22 05:31:11.160","ProcessGuid":"{39e4a257-191e-5f91-6112-000000000700}","Image":"C:\\Windows\\SysWOW64\\rundll32.exe","ImageLoaded":"C:\\Windows\\SysWOW64\\imm32.dll","Level":"4","Channel":"Microsoft-Windows-Sysmon/Operational","Task":"7","RuleName":"-","FileVersion":"10.0.18362.387 (WinBuild.160101.0800)","SourceName":"Microsoft-Windows-Sysmon","Hostname":"WORKSTATION5","ProcessId":"7256","Description":"Multi-User Windows IMM32 API Client DLL","SignatureStatus":"Valid","Product":"Microsoft Windows Operating System","EventID":7,"Keywords":"0x8000000000000000","Signed":"true","OriginalFileName":"imm32","Message":"Image loaded:\r\nRuleName: -\r\nUtcTime: 2020-10-22 05:31:11.160\r\nProcessGuid: {39e4a257-191e-5f91-6112-000000000700}\r\nProcessId: 7256\r\nImage: C:\\Windows\\SysWOW64\\rundll32.exe\r\nImageLoaded: C:\\Windows\\SysWOW64\\imm32.dll\r\nFileVersion: 10.0.18362.387 (WinBuild.160101.0800)\r\nDescription: Multi-User Windows IMM32 API Client DLL\r\nProduct: Microsoft Windows Operating System\r\nCompany: Microsoft Corporation\r\nOriginalFileName: imm32\r\nHashes: SHA1=0CA419DC69750BD56EEAC797151693F1CEA9DF43,MD5=24949EEC89B5C62985E9F9239D056B15,SHA256=49BC4C8EA4BB89EE6498774104647F27BFC9B5CC6C3BAF927B813B00558097CB,IMPHASH=0A59C266C86B725AFF2A51A9A37BF73C\r\nSigned: true\r\nSignature: Microsoft Windows\r\nSignatureStatus: Valid"}
{"@timestamp":"2020-10-22T01:31:11.182Z","TimeCreated":"2020-10-22T01:31:11.182Z","Hashes":"SHA1=30DCE04DF48BBE7C8C57B0195088D0239A018DFA,MD5=90C263E92A907F2453E95D55A9928E52,SHA256=A9B591A3C9F6CA64CE956A4E0BCDB6F8E3054987D0EBB418F1C6419E6A146012,IMPHASH=2BC49E138EE1022CCC57A421742A6337","Signature":"Microsoft Windows","ProviderGuid":"{5770385f-c22a-43e0-bf4c-06f5698ffbd9}","Company":"Microsoft Corporation","UtcTime":"2020-10-22 05:31:11.129","ProcessGuid":"{39e4a257-191e-5f91-6112-000000000700}","Image":"C:\\Windows\\SysWOW64\\rundll32.exe","ImageLoaded":"C:\\Windows\\SysWOW64\\setupapi.dll","Level":"4","Channel":"Microsoft-Windows-Sysmon/Operational","Task":"7","RuleName":"-","FileVersion":"10.0.18362.1 (WinBuild.160101.0800)","SourceName":"Microsoft-Windows-Sysmon","Hostname":"WORKSTATION5","ProcessId":"7256","Description":"Windows Setup API","SignatureStatus":"Valid","Product":"Microsoft Windows Operating System","EventID":7,"Keywords":"0x8000000000000000","Signed":"true","OriginalFileName":"SETUPAPI.DLL","Message":"Image loaded:\r\nRuleName: -\r\nUtcTime: 2020-10-22 05:31:11.129\r\nProcessGuid: {39e4a257-191e-5f91-6112-000000000700}\r\nProcessId: 7256\r\nImage: C:\\Windows\\SysWOW64\\rundll32.exe\r\nImageLoaded: C:\\Windows\\SysWOW64\\setupapi.dll\r\nFileVersion: 10.0.18362.1 (WinBuild.160101.0800)\r\nDescription: Windows Setup API\r\nProduct: Microsoft Windows Operating System\r\nCompany: Microsoft Corporation\r\nOriginalFileName: SETUPAPI.DLL\r\nHashes: SHA1=30DCE04DF48BBE7C8C57B0195088D0239A018DFA,MD5=90C263E92A907F2453E95D55A9928E52,SHA256=A9B591A3C9F6CA64CE956A4E0BCDB6F8E3054987D0EBB418F1C6419E6A146012,IMPHASH=2BC49E138EE1022CCC57A421742A6337\r\nSigned: true\r\nSignature: Microsoft Windows\r\nSignatureStatus: Valid"}
{"@timestamp":"2020-10-22T01:31:11.188Z","TimeCreated":"2020-10-22T01:31:11.188Z","Hashes":"SHA1=24560D41A0E9B5BC169507D8AD896CB0F5FECB11,MD5=84F7D008B8BCF9385E80713F4DADBC33,SHA256=5F90C8B2C1E075FFC50BA25373ED5F96D42FC3561B6F9D7CBAD6DF5F0F0ED406,IMPHASH=E8F9FAA6AA9DEED0DD11F4F891DC8B52","Signature":"Microsoft Windows","ProviderGuid":"{5770385f-c22a-43e0-bf4c-06f5698ffbd9}","Company":"Microsoft Corporation","UtcTime":"2020-10-22 05:31:11.145","ProcessGuid":"{39e4a257-191e-5f91-6112-000000000700}","Image":"C:\\Windows\\SysWOW64\\rundll32.exe","ImageLoaded":"C:\\Windows\\SysWOW64\\bcrypt.dll","Level":"4","Channel":"Microsoft-Windows-Sysmon/Operational","Task":"7","RuleName":"-","FileVersion":"10.0.18362.267 (WinBuild.160101.0800)","SourceName":"Microsoft-Windows-Sysmon","Hostname":"WORKSTATION5","ProcessId":"7256","Description":"Windows Cryptographic Primitives Library (Wow64)","SignatureStatus":"Valid","Product":"Microsoft Windows Operating System","EventID":7,"Keywords":"0x8000000000000000","Signed":"true","OriginalFileName":"bcrypt.dll","Message":"Image loaded:\r\nRuleName: -\r\nUtcTime: 2020-10-22 05:31:11.145\r\nProcessGuid: {39e4a257-191e-5f91-6112-000000000700}\r\nProcessId: 7256\r\nImage: C:\\Windows\\SysWOW64\\rundll32.exe\r\nImageLoaded: C:\\Windows\\SysWOW64\\bcrypt.dll\r\nFileVersion: 10.0.18362.267 (WinBuild.160101.0800)\r\nDescription: Windows Cryptographic Primitives Library (Wow64)\r\nProduct: Microsoft Windows Operating System\r\nCompany: Microsoft Corporation\r\nOriginalFileName: bcrypt.dll\r\nHashes: SHA1=24560D41A0E9B5BC169507D8AD896CB0F5FECB11,MD5=84F7D008B8BCF9385E80713F4DADBC33,SHA256=5F90C8B2C1E075FFC50BA25373ED5F96D42FC3561B6F9D7CBAD6DF5F0F0ED406,IMPHASH=E8F9FAA6AA9DEED0DD11F4F891DC8B52\r\nSigned: true\r\nSignature: Microsoft Windows\r\nSignatureStatus: Valid"}
{"@timestamp":"2020-10-22T01:31:11.193Z","TimeCreated":"2020-10-22T01:31:11.193Z","Hashes":"SHA1=4FF0FB2EE8057B968BA6C812C0B06110FDB76E32,MD5=2C1812780D1A95AB47DA90400EB9E842,SHA256=7854ED187DC3D7AC6A54088218B4227290D44847F1A5C71BEEC1C360F6C38E4B,IMPHASH=8DF9F852DD0F5CAD9562E09FA5F141F1","Signature":"Microsoft Windows","ProviderGuid":"{5770385f-c22a-43e0-bf4c-06f5698ffbd9}","Company":"Microsoft Corporation","UtcTime":"2020-10-22 05:31:11.145","ProcessGuid":"{39e4a257-191e-5f91-6112-000000000700}","Image":"C:\\Windows\\SysWOW64\\rundll32.exe","ImageLoaded":"C:\\Windows\\SysWOW64\\mpr.dll","Level":"4","Channel":"Microsoft-Windows-Sysmon/Operational","Task":"7","RuleName":"-","FileVersion":"10.0.18362.1 (WinBuild.160101.0800)","SourceName":"Microsoft-Windows-Sysmon","Hostname":"WORKSTATION5","ProcessId":"7256","Description":"Multiple Provider Router DLL","SignatureStatus":"Valid","Product":"Microsoft Windows Operating System","EventID":7,"Keywords":"0x8000000000000000","Signed":"true","OriginalFileName":"mpr.dll","Message":"Image loaded:\r\nRuleName: -\r\nUtcTime: 2020-10-22 05:31:11.145\r\nProcessGuid: {39e4a257-191e-5f91-6112-000000000700}\r\nProcessId: 7256\r\nImage: C:\\Windows\\SysWOW64\\rundll32.exe\r\nImageLoaded: C:\\Windows\\SysWOW64\\mpr.dll\r\nFileVersion: 10.0.18362.1 (WinBuild.160101.0800)\r\nDescription: Multiple Provider Router DLL\r\nProduct: Microsoft Windows Operating System\r\nCompany: Microsoft Corporation\r\nOriginalFileName: mpr.dll\r\nHashes: SHA1=4FF0FB2EE8057B968BA6C812C0B06110FDB76E32,MD5=2C1812780D1A95AB47DA90400EB9E842,SHA256=7854ED187DC3D7AC6A54088218B4227290D44847F1A5C71BEEC1C360F6C38E4B,IMPHASH=8DF9F852DD0F5CAD9562E09FA5F141F1\r\nSigned: true\r\nSignature: Microsoft Windows\r\nSignatureStatus: Valid"}
{"@timestamp":"2020-10-22T01:31:11.195Z","TimeCreated":"2020-10-22T01:31:11.195Z","Hashes":"SHA1=2EB5966B6233C294BBC51BEEEAE34A38095C66D5,MD5=4A1362F51A473243DF47472BAFB8EDBC,SHA256=BF75051D9828DD11CB0461135EBD20035226909F2234BF6DBED6348FD52FDBDE,IMPHASH=25F314CEB111815A3625ED7694DA9C0D","Signature":"Microsoft Windows","ProviderGuid":"{5770385f-c22a-43e0-bf4c-06f5698ffbd9}","Company":"Microsoft Corporation","UtcTime":"2020-10-22 05:31:11.191","ProcessGuid":"{39e4a257-191e-5f91-6112-000000000700}","Image":"C:\\Windows\\SysWOW64\\rundll32.exe","ImageLoaded":"C:\\Windows\\SysWOW64\\uxtheme.dll","Level":"4","Channel":"Microsoft-Windows-Sysmon/Operational","Task":"7","RuleName":"-","FileVersion":"10.0.18362.449 (WinBuild.160101.0800)","SourceName":"Microsoft-Windows-Sysmon","Hostname":"WORKSTATION5","ProcessId":"7256","Description":"Microsoft UxTheme Library","SignatureStatus":"Valid","Product":"Microsoft Windows Operating System","EventID":7,"Keywords":"0x8000000000000000","Signed":"true","OriginalFileName":"UxTheme.dll","Message":"Image loaded:\r\nRuleName: -\r\nUtcTime: 2020-10-22 05:31:11.191\r\nProcessGuid: {39e4a257-191e-5f91-6112-000000000700}\r\nProcessId: 7256\r\nImage: C:\\Windows\\SysWOW64\\rundll32.exe\r\nImageLoaded: C:\\Windows\\SysWOW64\\uxtheme.dll\r\nFileVersion: 10.0.18362.449 (WinBuild.160101.0800)\r\nDescription: Microsoft UxTheme Library\r\nProduct: Microsoft Windows Operating System\r\nCompany: Microsoft Corporation\r\nOriginalFileName: UxTheme.dll\r\nHashes: SHA1=2EB5966B6233C294BBC51BEEEAE34A38095C66D5,MD5=4A1362F51A473243DF47472BAFB8EDBC,SHA256=BF75051D9828DD11CB0461135EBD20035226909F2234BF6DBED6348FD52FDBDE,IMPHASH=25F314CEB111815A3625ED7694DA9C0D\r\nSigned: true\r\nSignature: Microsoft Windows\r\nSignatureStatus: Valid"}
{"GrantedAccess":"0x1478","@timestamp":"2020-10-22T01:31:11.195Z","TimeCreated":"2020-10-22T01:31:11.195Z","SourceThreadId":"2236","SourceImage":"C:\\windows\\System32\\svchost.exe","ProviderGuid":"{5770385f-c22a-43e0-bf4c-06f5698ffbd9}","CallTrace":"C:\\windows\\SYSTEM32\\ntdll.dll+9c584|c:\\windows\\system32\\themeservice.dll+1a9a|c:\\windows\\system32\\themeservice.dll+1736|c:\\windows\\system32\\themeservice.dll+6026|c:\\windows\\system32\\themeservice.dll+ad9a|c:\\windows\\system32\\themeservice.dll+9dcf|C:\\windows\\System32\\svchost.exe+314c|C:\\windows\\System32\\sechost.dll+2de2|C:\\windows\\System32\\KERNEL32.DLL+17c24|C:\\windows\\SYSTEM32\\ntdll.dll+6cea1","UtcTime":"2020-10-22 05:31:11.191","TargetProcessGUID":"{39e4a257-191e-5f91-6112-000000000700}","SourceProcessId":"2064","Level":"4","Channel":"Microsoft-Windows-Sysmon/Operational","Task":"10","RuleName":"-","SourceName":"Microsoft-Windows-Sysmon","Hostname":"WORKSTATION5","SourceProcessGUID":"{39e4a257-f133-5f8b-3400-000000000700}","TargetProcessId":"7256","EventID":10,"Keywords":"0x8000000000000000","TargetImage":"C:\\windows\\SysWOW64\\rundll32.exe","Message":"Process accessed:\r\nRuleName: -\r\nUtcTime: 2020-10-22 05:31:11.191\r\nSourceProcessGUID: {39e4a257-f133-5f8b-3400-000000000700}\r\nSourceProcessId: 2064\r\nSourceThreadId: 2236\r\nSourceImage: C:\\windows\\System32\\svchost.exe\r\nTargetProcessGUID: {39e4a257-191e-5f91-6112-000000000700}\r\nTargetProcessId: 7256\r\nTargetImage: C:\\windows\\SysWOW64\\rundll32.exe\r\nGrantedAccess: 0x1478\r\nCallTrace: C:\\windows\\SYSTEM32\\ntdll.dll+9c584|c:\\windows\\system32\\themeservice.dll+1a9a|c:\\windows\\system32\\themeservice.dll+1736|c:\\windows\\system32\\themeservice.dll+6026|c:\\windows\\system32\\themeservice.dll+ad9a|c:\\windows\\system32\\themeservice.dll+9dcf|C:\\windows\\System32\\svchost.exe+314c|C:\\windows\\System32\\sechost.dll+2de2|C:\\windows\\System32\\KERNEL32.DLL+17c24|C:\\windows\\SYSTEM32\\ntdll.dll+6cea1"}
{"GrantedAccess":"0x1400","@timestamp":"2020-10-22T01:31:11.196Z","TimeCreated":"2020-10-22T01:31:11.196Z","SourceThreadId":"8292","SourceImage":"C:\\windows\\System32\\svchost.exe","ProviderGuid":"{5770385f-c22a-43e0-bf4c-06f5698ffbd9}","CallTrace":"C:\\windows\\SYSTEM32\\ntdll.dll+9c584|c:\\windows\\system32\\themeservice.dll+1d60|c:\\windows\\system32\\themeservice.dll+1595|c:\\windows\\system32\\themeservice.dll+1461|c:\\windows\\system32\\themeservice.dll+1886|C:\\windows\\SYSTEM32\\ntdll.dll+2f655|C:\\windows\\SYSTEM32\\ntdll.dll+345b4|C:\\windows\\System32\\KERNEL32.DLL+17c24|C:\\windows\\SYSTEM32\\ntdll.dll+6cea1","UtcTime":"2020-10-22 05:31:11.191","TargetProcessGUID":"{39e4a257-191e-5f91-6112-000000000700}","SourceProcessId":"2064","Level":"4","Channel":"Microsoft-Windows-Sysmon/Operational","Task":"10","RuleName":"-","SourceName":"Microsoft-Windows-Sysmon","Hostname":"WORKSTATION5","SourceProcessGUID":"{39e4a257-f133-5f8b-3400-000000000700}","TargetProcessId":"7256","EventID":10,"Keywords":"0x8000000000000000","TargetImage":"C:\\windows\\SysWOW64\\rundll32.exe","Message":"Process accessed:\r\nRuleName: -\r\nUtcTime: 2020-10-22 05:31:11.191\r\nSourceProcessGUID: {39e4a257-f133-5f8b-3400-000000000700}\r\nSourceProcessId: 2064\r\nSourceThreadId: 8292\r\nSourceImage: C:\\windows\\System32\\svchost.exe\r\nTargetProcessGUID: {39e4a257-191e-5f91-6112-000000000700}\r\nTargetProcessId: 7256\r\nTargetImage: C:\\windows\\SysWOW64\\rundll32.exe\r\nGrantedAccess: 0x1400\r\nCallTrace: C:\\windows\\SYSTEM32\\ntdll.dll+9c584|c:\\windows\\system32\\themeservice.dll+1d60|c:\\windows\\system32\\themeservice.dll+1595|c:\\windows\\system32\\themeservice.dll+1461|c:\\windows\\system32\\themeservice.dll+1886|C:\\windows\\SYSTEM32\\ntdll.dll+2f655|C:\\windows\\SYSTEM32\\ntdll.dll+345b4|C:\\windows\\System32\\KERNEL32.DLL+17c24|C:\\windows\\SYSTEM32\\ntdll.dll+6cea1"}
{"@timestamp":"2020-10-22T01:31:11.203Z","TimeCreated":"2020-10-22T01:31:11.203Z","Hashes":"SHA1=2DE755960206A5EA899BF8F85C079CA37C05D67E,MD5=2DCBBC2869F418DDFE3251C3AAB1F723,SHA256=C3D9669B97DB33D2DB86D8637690181143AA712482509C425A86CD735A725A09,IMPHASH=00000000000000000000000000000000","Signature":"Microsoft Windows","ProviderGuid":"{5770385f-c22a-43e0-bf4c-06f5698ffbd9}","Company":"Microsoft Corporation","UtcTime":"2020-10-22 05:31:11.145","ProcessGuid":"{39e4a257-191e-5f91-6112-000000000700}","Image":"C:\\Windows\\SysWOW64\\rundll32.exe","ImageLoaded":"C:\\Windows\\SysWOW64\\sfc.dll","Level":"4","Channel":"Microsoft-Windows-Sysmon/Operational","Task":"7","RuleName":"-","FileVersion":"10.0.18362.1 (WinBuild.160101.0800)","SourceName":"Microsoft-Windows-Sysmon","Hostname":"WORKSTATION5","ProcessId":"7256","Description":"Windows File Protection","SignatureStatus":"Valid","Product":"Microsoft Windows Operating System","EventID":7,"Keywords":"0x8000000000000000","Signed":"true","OriginalFileName":"sfc.dll","Message":"Image loaded:\r\nRuleName: -\r\nUtcTime: 2020-10-22 05:31:11.145\r\nProcessGuid: {39e4a257-191e-5f91-6112-000000000700}\r\nProcessId: 7256\r\nImage: C:\\Windows\\SysWOW64\\rundll32.exe\r\nImageLoaded: C:\\Windows\\SysWOW64\\sfc.dll\r\nFileVersion: 10.0.18362.1 (WinBuild.160101.0800)\r\nDescription: Windows File Protection\r\nProduct: Microsoft Windows Operating System\r\nCompany: Microsoft Corporation\r\nOriginalFileName: sfc.dll\r\nHashes: SHA1=2DE755960206A5EA899BF8F85C079CA37C05D67E,MD5=2DCBBC2869F418DDFE3251C3AAB1F723,SHA256=C3D9669B97DB33D2DB86D8637690181143AA712482509C425A86CD735A725A09,IMPHASH=00000000000000000000000000000000\r\nSigned: true\r\nSignature: Microsoft Windows\r\nSignatureStatus: Valid"}
{"GrantedAccess":"0x1000","@timestamp":"2020-10-22T01:31:11.216Z","TimeCreated":"2020-10-22T01:31:11.216Z","SourceThreadId":"4688","SourceImage":"C:\\windows\\Explorer.EXE","ProviderGuid":"{5770385f-c22a-43e0-bf4c-06f5698ffbd9}","CallTrace":"C:\\windows\\SYSTEM32\\ntdll.dll+9c584|C:\\windows\\System32\\KERNELBASE.dll+305fe|C:\\windows\\SYSTEM32\\TWINAPI.dll+6d4c|C:\\windows\\system32\\twinui.pcshell.dll+20880|C:\\windows\\system32\\twinui.pcshell.dll+20082|C:\\windows\\system32\\twinui.dll+1780b|C:\\windows\\system32\\twinui.dll+1734c|C:\\windows\\system32\\twinui.dll+68f7a|C:\\windows\\system32\\twinui.dll+16e09|C:\\windows\\system32\\twinui.dll+16f4b|C:\\windows\\system32\\twinui.dll+16ecd|C:\\windows\\System32\\USER32.dll+15c1d|C:\\windows\\System32\\USER32.dll+15612|C:\\Windows\\System32\\windows.immersiveshell.serviceprovider.dll+45f0|C:\\Windows\\System32\\windows.immersiveshell.serviceprovider.dll+41b9|C:\\Windows\\System32\\windows.immersiveshell.serviceprovider.dll+3e4f|C:\\windows\\System32\\KERNEL32.DLL+17c24|C:\\windows\\SYSTEM32\\ntdll.dll+6cea1","UtcTime":"2020-10-22 05:31:11.207","TargetProcessGUID":"{39e4a257-191e-5f91-6112-000000000700}","SourceProcessId":"1072","Level":"4","Channel":"Microsoft-Windows-Sysmon/Operational","Task":"10","RuleName":"-","SourceName":"Microsoft-Windows-Sysmon","Hostname":"WORKSTATION5","SourceProcessGUID":"{39e4a257-f1b3-5f8b-a700-000000000700}","TargetProcessId":"7256","EventID":10,"Keywords":"0x8000000000000000","TargetImage":"C:\\windows\\SysWOW64\\rundll32.exe","Message":"Process accessed:\r\nRuleName: -\r\nUtcTime: 2020-10-22 05:31:11.207\r\nSourceProcessGUID: {39e4a257-f1b3-5f8b-a700-000000000700}\r\nSourceProcessId: 1072\r\nSourceThreadId: 4688\r\nSourceImage: C:\\windows\\Explorer.EXE\r\nTargetProcessGUID: {39e4a257-191e-5f91-6112-000000000700}\r\nTargetProcessId: 7256\r\nTargetImage: C:\\windows\\SysWOW64\\rundll32.exe\r\nGrantedAccess: 0x1000\r\nCallTrace: C:\\windows\\SYSTEM32\\ntdll.dll+9c584|C:\\windows\\System32\\KERNELBASE.dll+305fe|C:\\windows\\SYSTEM32\\TWINAPI.dll+6d4c|C:\\windows\\system32\\twinui.pcshell.dll+20880|C:\\windows\\system32\\twinui.pcshell.dll+20082|C:\\windows\\system32\\twinui.dll+1780b|C:\\windows\\system32\\twinui.dll+1734c|C:\\windows\\system32\\twinui.dll+68f7a|C:\\windows\\system32\\twinui.dll+16e09|C:\\windows\\system32\\twinui.dll+16f4b|C:\\windows\\system32\\twinui.dll+16ecd|C:\\windows\\System32\\USER32.dll+15c1d|C:\\windows\\System32\\USER32.dll+15612|C:\\Windows\\System32\\windows.immersiveshell.serviceprovider.dll+45f0|C:\\Windows\\System32\\windows.immersiveshell.serviceprovider.dll+41b9|C:\\Windows\\System32\\windows.immersiveshell.serviceprovider.dll+3e4f|C:\\windows\\System32\\KERNEL32.DLL+17c24|C:\\windows\\SYSTEM32\\ntdll.dll+6cea1"}
{"@timestamp":"2020-10-22T01:31:11.219Z","TimeCreated":"2020-10-22T01:31:11.219Z","Hashes":"SHA1=07B3F68130F222AAC5C4AB549285C09A8C612F58,MD5=7129172F5A999B70A69D1320FCC9558E,SHA256=EF3910623578675CEF2A5A3193FDCD26C7BDACCDA25CD01D1E5EF16A24E798B6,IMPHASH=548B5C9EC8FAE4C66E39EF4339C5BA0C","Signature":"Microsoft Windows","ProviderGuid":"{5770385f-c22a-43e0-bf4c-06f5698ffbd9}","Company":"Microsoft Corporation","UtcTime":"2020-10-22 05:31:11.145","ProcessGuid":"{39e4a257-191e-5f91-6112-000000000700}","Image":"C:\\Windows\\SysWOW64\\rundll32.exe","ImageLoaded":"C:\\Windows\\SysWOW64\\winspool.drv","Level":"4","Channel":"Microsoft-Windows-Sysmon/Operational","Task":"7","RuleName":"-","FileVersion":"10.0.18362.693 (WinBuild.160101.0800)","SourceName":"Microsoft-Windows-Sysmon","Hostname":"WORKSTATION5","ProcessId":"7256","Description":"Windows Spooler Driver","SignatureStatus":"Valid","Product":"Microsoft Windows Operating System","EventID":7,"Keywords":"0x8000000000000000","Signed":"true","OriginalFileName":"winspool.drv","Message":"Image loaded:\r\nRuleName: -\r\nUtcTime: 2020-10-22 05:31:11.145\r\nProcessGuid: {39e4a257-191e-5f91-6112-000000000700}\r\nProcessId: 7256\r\nImage: C:\\Windows\\SysWOW64\\rundll32.exe\r\nImageLoaded: C:\\Windows\\SysWOW64\\winspool.drv\r\nFileVersion: 10.0.18362.693 (WinBuild.160101.0800)\r\nDescription: Windows Spooler Driver\r\nProduct: Microsoft Windows Operating System\r\nCompany: Microsoft Corporation\r\nOriginalFileName: winspool.drv\r\nHashes: SHA1=07B3F68130F222AAC5C4AB549285C09A8C612F58,MD5=7129172F5A999B70A69D1320FCC9558E,SHA256=EF3910623578675CEF2A5A3193FDCD26C7BDACCDA25CD01D1E5EF16A24E798B6,IMPHASH=548B5C9EC8FAE4C66E39EF4339C5BA0C\r\nSigned: true\r\nSignature: Microsoft Windows\r\nSignatureStatus: Valid"}
{"@timestamp":"2020-10-22T01:31:11.227Z","TimeCreated":"2020-10-22T01:31:11.227Z","Hashes":"SHA1=5025C8BC30A7529D09F1D3D6D77E440CB471A3F2,MD5=B833F6751CA2A859F06AE455A593B422,SHA256=65D6066BE72FDC4251B948A827CCF0CDC18D11CE020233490EB06C99952BF402,IMPHASH=444BCB28C1D3EF03CD18584D5B9883F3","Signature":"Microsoft Windows","ProviderGuid":"{5770385f-c22a-43e0-bf4c-06f5698ffbd9}","Company":"Microsoft Corporation","UtcTime":"2020-10-22 05:31:11.160","ProcessGuid":"{39e4a257-191e-5f91-6112-000000000700}","Image":"C:\\Windows\\SysWOW64\\rundll32.exe","ImageLoaded":"C:\\Windows\\SysWOW64\\IPHLPAPI.DLL","Level":"4","Channel":"Microsoft-Windows-Sysmon/Operational","Task":"7","RuleName":"-","FileVersion":"10.0.18362.1 (WinBuild.160101.0800)","SourceName":"Microsoft-Windows-Sysmon","Hostname":"WORKSTATION5","ProcessId":"7256","Description":"IP Helper API","SignatureStatus":"Valid","Product":"Microsoft Windows Operating System","EventID":7,"Keywords":"0x8000000000000000","Signed":"true","OriginalFileName":"iphlpapi.dll","Message":"Image loaded:\r\nRuleName: -\r\nUtcTime: 2020-10-22 05:31:11.160\r\nProcessGuid: {39e4a257-191e-5f91-6112-000000000700}\r\nProcessId: 7256\r\nImage: C:\\Windows\\SysWOW64\\rundll32.exe\r\nImageLoaded: C:\\Windows\\SysWOW64\\IPHLPAPI.DLL\r\nFileVersion: 10.0.18362.1 (WinBuild.160101.0800)\r\nDescription: IP Helper API\r\nProduct: Microsoft Windows Operating System\r\nCompany: Microsoft Corporation\r\nOriginalFileName: iphlpapi.dll\r\nHashes: SHA1=5025C8BC30A7529D09F1D3D6D77E440CB471A3F2,MD5=B833F6751CA2A859F06AE455A593B422,SHA256=65D6066BE72FDC4251B948A827CCF0CDC18D11CE020233490EB06C99952BF402,IMPHASH=444BCB28C1D3EF03CD18584D5B9883F3\r\nSigned: true\r\nSignature: Microsoft Windows\r\nSignatureStatus: Valid"}
{"Keywords":"0x8000000000000000","Task":"1","Description":"Windows Command Processor","CommandLine":"C:\\windows\\system32\\cmd.exe /c c:\\windows\\system32\\calc.exe","TimeCreated":"2020-10-22T01:31:11.231Z","Product":"Microsoft Windows Operating System","Company":"Microsoft Corporation","OriginalFileName":"Cmd.Exe","User":"WORKSTATION5\\wardog","ParentProcessId":"7256","SourceName":"Microsoft-Windows-Sysmon","IntegrityLevel":"High","ProcessGuid":"{39e4a257-191f-5f91-6212-000000000700}","CurrentDirectory":"C:\\Users\\wardog\\","Hashes":"SHA1=BBA73F6C1C212B20D3291E04036328A867506BE4,MD5=E72506477317969211638830DE3174D8,SHA256=4B2F2B322507F4E59204E8750DBDF4761825F546F617571E76461768F795FB55,IMPHASH=392B4D61B1D1DADC1F06444DF258188A","UtcTime":"2020-10-22 05:31:11.223","ParentCommandLine":"\"C:\\windows\\SysWOW64\\rundll32.exe\" \"C:\\windows\\SysWOW64\\shell32.dll\",#44 C:\\ProgramData\\calc.cpl","TerminalSessionId":"2","ProcessId":"1124","ParentImage":"C:\\Windows\\SysWOW64\\rundll32.exe","FileVersion":"10.0.18362.449 (WinBuild.160101.0800)","ParentProcessGuid":"{39e4a257-191e-5f91-6112-000000000700}","@timestamp":"2020-10-22T01:31:11.231Z","LogonGuid":"{39e4a257-f1ac-5f8b-d961-0c0000000000}","Image":"C:\\Windows\\SysWOW64\\cmd.exe","Hostname":"WORKSTATION5","LogonId":"0xc61d9","Level":"4","EventID":1,"ProviderGuid":"{5770385f-c22a-43e0-bf4c-06f5698ffbd9}","RuleName":"-","Message":"Process Create:\r\nRuleName: -\r\nUtcTime: 2020-10-22 05:31:11.223\r\nProcessGuid: {39e4a257-191f-5f91-6212-000000000700}\r\nProcessId: 1124\r\nImage: C:\\Windows\\SysWOW64\\cmd.exe\r\nFileVersion: 10.0.18362.449 (WinBuild.160101.0800)\r\nDescription: Windows Command Processor\r\nProduct: Microsoft Windows Operating System\r\nCompany: Microsoft Corporation\r\nOriginalFileName: Cmd.Exe\r\nCommandLine: C:\\windows\\system32\\cmd.exe /c c:\\windows\\system32\\calc.exe\r\nCurrentDirectory: C:\\Users\\wardog\\\r\nUser: WORKSTATION5\\wardog\r\nLogonGuid: {39e4a257-f1ac-5f8b-d961-0c0000000000}\r\nLogonId: 0xC61D9\r\nTerminalSessionId: 2\r\nIntegrityLevel: High\r\nHashes: SHA1=BBA73F6C1C212B20D3291E04036328A867506BE4,MD5=E72506477317969211638830DE3174D8,SHA256=4B2F2B322507F4E59204E8750DBDF4761825F546F617571E76461768F795FB55,IMPHASH=392B4D61B1D1DADC1F06444DF258188A\r\nParentProcessGuid: {39e4a257-191e-5f91-6112-000000000700}\r\nParentProcessId: 7256\r\nParentImage: C:\\Windows\\SysWOW64\\rundll32.exe\r\nParentCommandLine: \"C:\\windows\\SysWOW64\\rundll32.exe\" \"C:\\windows\\SysWOW64\\shell32.dll\",#44 C:\\ProgramData\\calc.cpl","Channel":"Microsoft-Windows-Sysmon/Operational"}
{"GrantedAccess":"0x1fffff","@timestamp":"2020-10-22T01:31:11.231Z","TimeCreated":"2020-10-22T01:31:11.231Z","SourceThreadId":"10912","SourceImage":"C:\\windows\\SysWOW64\\rundll32.exe","ProviderGuid":"{5770385f-c22a-43e0-bf4c-06f5698ffbd9}","CallTrace":"C:\\windows\\SYSTEM32\\ntdll.dll+9d934|C:\\windows\\System32\\wow64.dll+104f8|C:\\windows\\System32\\wow64.dll+fce0|C:\\windows\\System32\\wow64.dll+7123|C:\\windows\\System32\\wow64cpu.dll+1783|C:\\windows\\System32\\wow64cpu.dll+1199|C:\\windows\\System32\\wow64.dll+c77a|C:\\windows\\System32\\wow64.dll+c637|C:\\windows\\SYSTEM32\\ntdll.dll+d3ea3|C:\\windows\\SYSTEM32\\ntdll.dll+c1ca1|C:\\windows\\SYSTEM32\\ntdll.dll+71823|C:\\windows\\SYSTEM32\\ntdll.dll+717ce|C:\\windows\\SYSTEM32\\ntdll.dll+72a6c(wow64)|C:\\windows\\System32\\KERNELBASE.dll+10a38b(wow64)|C:\\windows\\System32\\KERNELBASE.dll+1a8552(wow64)|C:\\windows\\System32\\KERNELBASE.dll+1a824c(wow64)|C:\\windows\\SYSTEM32\\AcLayers.DLL+217f5(wow64)|C:\\ProgramData\\calc.cpl+43f7(wow64)|C:\\ProgramData\\calc.cpl+41e1(wow64)|C:\\ProgramData\\calc.cpl+2c37(wow64)|C:\\ProgramData\\calc.cpl+1273(wow64)|C:\\ProgramData\\calc.cpl+14d8(wow64)|C:\\ProgramData\\calc.cpl+15be(wow64)|C:\\windows\\SYSTEM32\\ntdll.dll+71de6(wow64)","UtcTime":"2020-10-22 05:31:11.223","TargetProcessGUID":"{39e4a257-191f-5f91-6212-000000000700}","SourceProcessId":"7256","Level":"4","Channel":"Microsoft-Windows-Sysmon/Operational","Task":"10","RuleName":"-","SourceName":"Microsoft-Windows-Sysmon","Hostname":"WORKSTATION5","SourceProcessGUID":"{39e4a257-191e-5f91-6112-000000000700}","TargetProcessId":"1124","EventID":10,"Keywords":"0x8000000000000000","TargetImage":"C:\\windows\\SysWOW64\\cmd.exe","Message":"Process accessed:\r\nRuleName: -\r\nUtcTime: 2020-10-22 05:31:11.223\r\nSourceProcessGUID: {39e4a257-191e-5f91-6112-000000000700}\r\nSourceProcessId: 7256\r\nSourceThreadId: 10912\r\nSourceImage: C:\\windows\\SysWOW64\\rundll32.exe\r\nTargetProcessGUID: {39e4a257-191f-5f91-6212-000000000700}\r\nTargetProcessId: 1124\r\nTargetImage: C:\\windows\\SysWOW64\\cmd.exe\r\nGrantedAccess: 0x1FFFFF\r\nCallTrace: C:\\windows\\SYSTEM32\\ntdll.dll+9d934|C:\\windows\\System32\\wow64.dll+104f8|C:\\windows\\System32\\wow64.dll+fce0|C:\\windows\\System32\\wow64.dll+7123|C:\\windows\\System32\\wow64cpu.dll+1783|C:\\windows\\System32\\wow64cpu.dll+1199|C:\\windows\\System32\\wow64.dll+c77a|C:\\windows\\System32\\wow64.dll+c637|C:\\windows\\SYSTEM32\\ntdll.dll+d3ea3|C:\\windows\\SYSTEM32\\ntdll.dll+c1ca1|C:\\windows\\SYSTEM32\\ntdll.dll+71823|C:\\windows\\SYSTEM32\\ntdll.dll+717ce|C:\\windows\\SYSTEM32\\ntdll.dll+72a6c(wow64)|C:\\windows\\System32\\KERNELBASE.dll+10a38b(wow64)|C:\\windows\\System32\\KERNELBASE.dll+1a8552(wow64)|C:\\windows\\System32\\KERNELBASE.dll+1a824c(wow64)|C:\\windows\\SYSTEM32\\AcLayers.DLL+217f5(wow64)|C:\\ProgramData\\calc.cpl+43f7(wow64)|C:\\ProgramData\\calc.cpl+41e1(wow64)|C:\\ProgramData\\calc.cpl+2c37(wow64)|C:\\ProgramData\\calc.cpl+1273(wow64)|C:\\ProgramData\\calc.cpl+14d8(wow64)|C:\\ProgramData\\calc.cpl+15be(wow64)|C:\\windows\\SYSTEM32\\ntdll.dll+71de6(wow64)"}
{"GrantedAccess":"0x1fffff","@timestamp":"2020-10-22T01:31:11.231Z","TimeCreated":"2020-10-22T01:31:11.231Z","SourceThreadId":"5756","SourceImage":"C:\\windows\\system32\\csrss.exe","ProviderGuid":"{5770385f-c22a-43e0-bf4c-06f5698ffbd9}","CallTrace":"C:\\windows\\SYSTEM32\\ntdll.dll+9c584|C:\\windows\\system32\\basesrv.DLL+2fba|C:\\windows\\SYSTEM32\\CSRSRV.dll+5af4|C:\\windows\\SYSTEM32\\ntdll.dll+6ceaf","UtcTime":"2020-10-22 05:31:11.223","TargetProcessGUID":"{39e4a257-191f-5f91-6212-000000000700}","SourceProcessId":"5672","Level":"4","Channel":"Microsoft-Windows-Sysmon/Operational","Task":"10","RuleName":"-","SourceName":"Microsoft-Windows-Sysmon","Hostname":"WORKSTATION5","SourceProcessGUID":"{39e4a257-f1a8-5f8b-8d00-000000000700}","TargetProcessId":"1124","EventID":10,"Keywords":"0x8000000000000000","TargetImage":"C:\\windows\\SysWOW64\\cmd.exe","Message":"Process accessed:\r\nRuleName: -\r\nUtcTime: 2020-10-22 05:31:11.223\r\nSourceProcessGUID: {39e4a257-f1a8-5f8b-8d00-000000000700}\r\nSourceProcessId: 5672\r\nSourceThreadId: 5756\r\nSourceImage: C:\\windows\\system32\\csrss.exe\r\nTargetProcessGUID: {39e4a257-191f-5f91-6212-000000000700}\r\nTargetProcessId: 1124\r\nTargetImage: C:\\windows\\SysWOW64\\cmd.exe\r\nGrantedAccess: 0x1FFFFF\r\nCallTrace: C:\\windows\\SYSTEM32\\ntdll.dll+9c584|C:\\windows\\system32\\basesrv.DLL+2fba|C:\\windows\\SYSTEM32\\CSRSRV.dll+5af4|C:\\windows\\SYSTEM32\\ntdll.dll+6ceaf"}
{"@timestamp":"2020-10-22T01:31:11.233Z","TimeCreated":"2020-10-22T01:31:11.233Z","Hashes":"SHA1=2006BDF15EAED226CE4FDB5337F7C121C311A0AE,MD5=3051E3AB25FBF0401FCA1A4CF63B2507,SHA256=B9FE6B85C174DB6BCAF0DA9961B9247FC79F0757DB3401AA3184E80BE339CB75,IMPHASH=00000000000000000000000000000000","Signature":"Microsoft Windows","ProviderGuid":"{5770385f-c22a-43e0-bf4c-06f5698ffbd9}","Company":"Microsoft Corporation","UtcTime":"2020-10-22 05:31:11.223","ProcessGuid":"{39e4a257-191f-5f91-6212-000000000700}","Image":"C:\\Windows\\SysWOW64\\cmd.exe","ImageLoaded":"C:\\Windows\\System32\\ntdll.dll","Level":"4","Channel":"Microsoft-Windows-Sysmon/Operational","Task":"7","RuleName":"-","FileVersion":"10.0.18362.1139 (WinBuild.160101.0800)","SourceName":"Microsoft-Windows-Sysmon","Hostname":"WORKSTATION5","ProcessId":"1124","Description":"NT Layer DLL","SignatureStatus":"Valid","Product":"Microsoft Windows Operating System","EventID":7,"Keywords":"0x8000000000000000","Signed":"true","OriginalFileName":"ntdll.dll","Message":"Image loaded:\r\nRuleName: -\r\nUtcTime: 2020-10-22 05:31:11.223\r\nProcessGuid: {39e4a257-191f-5f91-6212-000000000700}\r\nProcessId: 1124\r\nImage: C:\\Windows\\SysWOW64\\cmd.exe\r\nImageLoaded: C:\\Windows\\System32\\ntdll.dll\r\nFileVersion: 10.0.18362.1139 (WinBuild.160101.0800)\r\nDescription: NT Layer DLL\r\nProduct: Microsoft Windows Operating System\r\nCompany: Microsoft Corporation\r\nOriginalFileName: ntdll.dll\r\nHashes: SHA1=2006BDF15EAED226CE4FDB5337F7C121C311A0AE,MD5=3051E3AB25FBF0401FCA1A4CF63B2507,SHA256=B9FE6B85C174DB6BCAF0DA9961B9247FC79F0757DB3401AA3184E80BE339CB75,IMPHASH=00000000000000000000000000000000\r\nSigned: true\r\nSignature: Microsoft Windows\r\nSignatureStatus: Valid"}
{"@timestamp":"2020-10-22T01:31:11.234Z","TimeCreated":"2020-10-22T01:31:11.234Z","Hashes":"SHA1=98E88C593657E478BCB8568F96F9C557F4018CE9,MD5=43B7243F76936E1C287351B58FD96F5B,SHA256=9E6DE57CDA64D23D1E38B0321C00F9A50E7566AE624F2032854BB9A1FA253A7D,IMPHASH=00000000000000000000000000000000","Signature":"Microsoft Windows","ProviderGuid":"{5770385f-c22a-43e0-bf4c-06f5698ffbd9}","Company":"Microsoft Corporation","UtcTime":"2020-10-22 05:31:11.223","ProcessGuid":"{39e4a257-191f-5f91-6212-000000000700}","Image":"C:\\Windows\\SysWOW64\\cmd.exe","ImageLoaded":"C:\\Windows\\SysWOW64\\ntdll.dll","Level":"4","Channel":"Microsoft-Windows-Sysmon/Operational","Task":"7","RuleName":"-","FileVersion":"10.0.18362.1139 (WinBuild.160101.0800)","SourceName":"Microsoft-Windows-Sysmon","Hostname":"WORKSTATION5","ProcessId":"1124","Description":"NT Layer DLL","SignatureStatus":"Valid","Product":"Microsoft Windows Operating System","EventID":7,"Keywords":"0x8000000000000000","Signed":"true","OriginalFileName":"ntdll.dll","Message":"Image loaded:\r\nRuleName: -\r\nUtcTime: 2020-10-22 05:31:11.223\r\nProcessGuid: {39e4a257-191f-5f91-6212-000000000700}\r\nProcessId: 1124\r\nImage: C:\\Windows\\SysWOW64\\cmd.exe\r\nImageLoaded: C:\\Windows\\SysWOW64\\ntdll.dll\r\nFileVersion: 10.0.18362.1139 (WinBuild.160101.0800)\r\nDescription: NT Layer DLL\r\nProduct: Microsoft Windows Operating System\r\nCompany: Microsoft Corporation\r\nOriginalFileName: ntdll.dll\r\nHashes: SHA1=98E88C593657E478BCB8568F96F9C557F4018CE9,MD5=43B7243F76936E1C287351B58FD96F5B,SHA256=9E6DE57CDA64D23D1E38B0321C00F9A50E7566AE624F2032854BB9A1FA253A7D,IMPHASH=00000000000000000000000000000000\r\nSigned: true\r\nSignature: Microsoft Windows\r\nSignatureStatus: Valid"}
{"@timestamp":"2020-10-22T01:31:11.236Z","TimeCreated":"2020-10-22T01:31:11.236Z","Hashes":"SHA1=CA735FE238827F24C7F604D59BD32C36F7DF2EDE,MD5=F18CA8316D570CC15F6E5581EF2C601F,SHA256=5139A9B0C3E3DFADC6A96DB179E9122BFA3A364C3B66FA2402CE3418407CB4B8,IMPHASH=71E1D49665AD621146BDD4E2C46D1FCB","Signature":"Microsoft Windows","ProviderGuid":"{5770385f-c22a-43e0-bf4c-06f5698ffbd9}","Company":"Microsoft Corporation","UtcTime":"2020-10-22 05:31:11.223","ProcessGuid":"{39e4a257-191f-5f91-6212-000000000700}","Image":"C:\\Windows\\SysWOW64\\cmd.exe","ImageLoaded":"C:\\Windows\\System32\\wow64.dll","Level":"4","Channel":"Microsoft-Windows-Sysmon/Operational","Task":"7","RuleName":"-","FileVersion":"10.0.18362.657 (WinBuild.160101.0800)","SourceName":"Microsoft-Windows-Sysmon","Hostname":"WORKSTATION5","ProcessId":"1124","Description":"Win32 Emulation on NT64","SignatureStatus":"Valid","Product":"Microsoft Windows Operating System","EventID":7,"Keywords":"0x8000000000000000","Signed":"true","OriginalFileName":"wow64.dll","Message":"Image loaded:\r\nRuleName: -\r\nUtcTime: 2020-10-22 05:31:11.223\r\nProcessGuid: {39e4a257-191f-5f91-6212-000000000700}\r\nProcessId: 1124\r\nImage: C:\\Windows\\SysWOW64\\cmd.exe\r\nImageLoaded: C:\\Windows\\System32\\wow64.dll\r\nFileVersion: 10.0.18362.657 (WinBuild.160101.0800)\r\nDescription: Win32 Emulation on NT64\r\nProduct: Microsoft Windows Operating System\r\nCompany: Microsoft Corporation\r\nOriginalFileName: wow64.dll\r\nHashes: SHA1=CA735FE238827F24C7F604D59BD32C36F7DF2EDE,MD5=F18CA8316D570CC15F6E5581EF2C601F,SHA256=5139A9B0C3E3DFADC6A96DB179E9122BFA3A364C3B66FA2402CE3418407CB4B8,IMPHASH=71E1D49665AD621146BDD4E2C46D1FCB\r\nSigned: true\r\nSignature: Microsoft Windows\r\nSignatureStatus: Valid"}
{"@timestamp":"2020-10-22T01:31:11.237Z","TimeCreated":"2020-10-22T01:31:11.237Z","Hashes":"SHA1=5E617FD23F19E9DA02962716E8F5223ED4A89889,MD5=33FBF469E8C4DD7BB8A937D2732AED9B,SHA256=E3C73D25890C1CBAA39547EE6FFDE1AF132C5083D35A80D9F1A093CD8BA3EF27,IMPHASH=3BC0CDB02B59F7C5EC49B1180EECD9DC","Signature":"Microsoft Windows","ProviderGuid":"{5770385f-c22a-43e0-bf4c-06f5698ffbd9}","Company":"Microsoft Corporation","UtcTime":"2020-10-22 05:31:11.160","ProcessGuid":"{39e4a257-191e-5f91-6112-000000000700}","Image":"C:\\Windows\\SysWOW64\\rundll32.exe","ImageLoaded":"C:\\Windows\\SysWOW64\\sfc_os.dll","Level":"4","Channel":"Microsoft-Windows-Sysmon/Operational","Task":"7","RuleName":"-","FileVersion":"10.0.18362.1 (WinBuild.160101.0800)","SourceName":"Microsoft-Windows-Sysmon","Hostname":"WORKSTATION5","ProcessId":"7256","Description":"Windows File Protection","SignatureStatus":"Valid","Product":"Microsoft Windows Operating System","EventID":7,"Keywords":"0x8000000000000000","Signed":"true","OriginalFileName":"sfc_os.dll","Message":"Image loaded:\r\nRuleName: -\r\nUtcTime: 2020-10-22 05:31:11.160\r\nProcessGuid: {39e4a257-191e-5f91-6112-000000000700}\r\nProcessId: 7256\r\nImage: C:\\Windows\\SysWOW64\\rundll32.exe\r\nImageLoaded: C:\\Windows\\SysWOW64\\sfc_os.dll\r\nFileVersion: 10.0.18362.1 (WinBuild.160101.0800)\r\nDescription: Windows File Protection\r\nProduct: Microsoft Windows Operating System\r\nCompany: Microsoft Corporation\r\nOriginalFileName: sfc_os.dll\r\nHashes: SHA1=5E617FD23F19E9DA02962716E8F5223ED4A89889,MD5=33FBF469E8C4DD7BB8A937D2732AED9B,SHA256=E3C73D25890C1CBAA39547EE6FFDE1AF132C5083D35A80D9F1A093CD8BA3EF27,IMPHASH=3BC0CDB02B59F7C5EC49B1180EECD9DC\r\nSigned: true\r\nSignature: Microsoft Windows\r\nSignatureStatus: Valid"}
{"@timestamp":"2020-10-22T01:31:11.238Z","TimeCreated":"2020-10-22T01:31:11.238Z","Hashes":"SHA1=E9FCEC66ACDC7F5FE68B079C500A988D9ACE145A,MD5=46C676333C6926E33AA3185E58216776,SHA256=F300E36CFC3232001245394A92A018B1CA5527AAE1166FBA2E3008A156CE333E,IMPHASH=383ECAE3EF358CE381FF4B9F44A36719","Signature":"Microsoft Windows","ProviderGuid":"{5770385f-c22a-43e0-bf4c-06f5698ffbd9}","Company":"Microsoft Corporation","UtcTime":"2020-10-22 05:31:11.223","ProcessGuid":"{39e4a257-191f-5f91-6212-000000000700}","Image":"C:\\Windows\\SysWOW64\\cmd.exe","ImageLoaded":"C:\\Windows\\System32\\wow64win.dll","Level":"4","Channel":"Microsoft-Windows-Sysmon/Operational","Task":"7","RuleName":"-","FileVersion":"10.0.18362.1082 (WinBuild.160101.0800)","SourceName":"Microsoft-Windows-Sysmon","Hostname":"WORKSTATION5","ProcessId":"1124","Description":"Wow64 Console and Win32 API Logging","SignatureStatus":"Valid","Product":"Microsoft Windows Operating System","EventID":7,"Keywords":"0x8000000000000000","Signed":"true","OriginalFileName":"wow64lg2.dll","Message":"Image loaded:\r\nRuleName: -\r\nUtcTime: 2020-10-22 05:31:11.223\r\nProcessGuid: {39e4a257-191f-5f91-6212-000000000700}\r\nProcessId: 1124\r\nImage: C:\\Windows\\SysWOW64\\cmd.exe\r\nImageLoaded: C:\\Windows\\System32\\wow64win.dll\r\nFileVersion: 10.0.18362.1082 (WinBuild.160101.0800)\r\nDescription: Wow64 Console and Win32 API Logging\r\nProduct: Microsoft Windows Operating System\r\nCompany: Microsoft Corporation\r\nOriginalFileName: wow64lg2.dll\r\nHashes: SHA1=E9FCEC66ACDC7F5FE68B079C500A988D9ACE145A,MD5=46C676333C6926E33AA3185E58216776,SHA256=F300E36CFC3232001245394A92A018B1CA5527AAE1166FBA2E3008A156CE333E,IMPHASH=383ECAE3EF358CE381FF4B9F44A36719\r\nSigned: true\r\nSignature: Microsoft Windows\r\nSignatureStatus: Valid"}
{"@timestamp":"2020-10-22T01:31:11.240Z","TimeCreated":"2020-10-22T01:31:11.240Z","Hashes":"SHA1=7E891C2C24024884FDCFC03CDB0500D83BC5FBA1,MD5=7FF42BFF8BA32EBC873D7AF6887F04E9,SHA256=5806269D37B91211B259A964CA3D76E181CF47F3B879486369150D46D97CE167,IMPHASH=C22B977BE4BF67B1A723DD49BCC47668","Signature":"Microsoft Windows","ProviderGuid":"{5770385f-c22a-43e0-bf4c-06f5698ffbd9}","Company":"Microsoft Corporation","UtcTime":"2020-10-22 05:31:11.238","ProcessGuid":"{39e4a257-191f-5f91-6212-000000000700}","Image":"C:\\Windows\\SysWOW64\\cmd.exe","ImageLoaded":"C:\\Windows\\System32\\wow64cpu.dll","Level":"4","Channel":"Microsoft-Windows-Sysmon/Operational","Task":"7","RuleName":"-","FileVersion":"10.0.18362.657 (WinBuild.160101.0800)","SourceName":"Microsoft-Windows-Sysmon","Hostname":"WORKSTATION5","ProcessId":"1124","Description":"AMD64 Wow64 CPU ","SignatureStatus":"Valid","Product":"Microsoft Windows Operating System","EventID":7,"Keywords":"0x8000000000000000","Signed":"true","OriginalFileName":"wow64cpu.dll","Message":"Image loaded:\r\nRuleName: -\r\nUtcTime: 2020-10-22 05:31:11.238\r\nProcessGuid: {39e4a257-191f-5f91-6212-000000000700}\r\nProcessId: 1124\r\nImage: C:\\Windows\\SysWOW64\\cmd.exe\r\nImageLoaded: C:\\Windows\\System32\\wow64cpu.dll\r\nFileVersion: 10.0.18362.657 (WinBuild.160101.0800)\r\nDescription: AMD64 Wow64 CPU \r\nProduct: Microsoft Windows Operating System\r\nCompany: Microsoft Corporation\r\nOriginalFileName: wow64cpu.dll\r\nHashes: SHA1=7E891C2C24024884FDCFC03CDB0500D83BC5FBA1,MD5=7FF42BFF8BA32EBC873D7AF6887F04E9,SHA256=5806269D37B91211B259A964CA3D76E181CF47F3B879486369150D46D97CE167,IMPHASH=C22B977BE4BF67B1A723DD49BCC47668\r\nSigned: true\r\nSignature: Microsoft Windows\r\nSignatureStatus: Valid"}
{"@timestamp":"2020-10-22T01:31:11.241Z","TimeCreated":"2020-10-22T01:31:11.241Z","Hashes":"SHA1=A084DFB7EED03F59E32E88C3BBA9E72457BEDA2F,MD5=3CE2D28864CF9D3769DF3D342F78D1A3,SHA256=BDBA4004453A7B69C5B9D38F1C94576C77CA8461FE007179028E98AC49D5A5DC,IMPHASH=356C0207D96223AD95A407CDEDE746B6","Signature":"Microsoft Windows","ProviderGuid":"{5770385f-c22a-43e0-bf4c-06f5698ffbd9}","Company":"Microsoft Corporation","UtcTime":"2020-10-22 05:31:11.238","ProcessGuid":"{39e4a257-191f-5f91-6212-000000000700}","Image":"C:\\Windows\\SysWOW64\\cmd.exe","ImageLoaded":"C:\\Windows\\SysWOW64\\kernel32.dll","Level":"4","Channel":"Microsoft-Windows-Sysmon/Operational","Task":"7","RuleName":"-","FileVersion":"10.0.18362.1110 (WinBuild.160101.0800)","SourceName":"Microsoft-Windows-Sysmon","Hostname":"WORKSTATION5","ProcessId":"1124","Description":"Windows NT BASE API Client DLL","SignatureStatus":"Valid","Product":"Microsoft Windows Operating System","EventID":7,"Keywords":"0x8000000000000000","Signed":"true","OriginalFileName":"kernel32","Message":"Image loaded:\r\nRuleName: -\r\nUtcTime: 2020-10-22 05:31:11.238\r\nProcessGuid: {39e4a257-191f-5f91-6212-000000000700}\r\nProcessId: 1124\r\nImage: C:\\Windows\\SysWOW64\\cmd.exe\r\nImageLoaded: C:\\Windows\\SysWOW64\\kernel32.dll\r\nFileVersion: 10.0.18362.1110 (WinBuild.160101.0800)\r\nDescription: Windows NT BASE API Client DLL\r\nProduct: Microsoft Windows Operating System\r\nCompany: Microsoft Corporation\r\nOriginalFileName: kernel32\r\nHashes: SHA1=A084DFB7EED03F59E32E88C3BBA9E72457BEDA2F,MD5=3CE2D28864CF9D3769DF3D342F78D1A3,SHA256=BDBA4004453A7B69C5B9D38F1C94576C77CA8461FE007179028E98AC49D5A5DC,IMPHASH=356C0207D96223AD95A407CDEDE746B6\r\nSigned: true\r\nSignature: Microsoft Windows\r\nSignatureStatus: Valid"}
{"@timestamp":"2020-10-22T01:31:11.243Z","TimeCreated":"2020-10-22T01:31:11.243Z","Hashes":"SHA1=6AB34817611BE91A6F04068C0C5C53B5E69629CA,MD5=FADCBF1109578469DC09348E4EA390EC,SHA256=5C73A85D013B4AED5094A41ED138BC1DC50379017B25555179E275BD126B5181,IMPHASH=5BB2AFB26967E2B48A89EB6BB6A169C2","Signature":"Microsoft Windows","ProviderGuid":"{5770385f-c22a-43e0-bf4c-06f5698ffbd9}","Company":"Microsoft Corporation","UtcTime":"2020-10-22 05:31:11.176","ProcessGuid":"{39e4a257-191e-5f91-6112-000000000700}","Image":"C:\\Windows\\SysWOW64\\rundll32.exe","ImageLoaded":"C:\\Windows\\SysWOW64\\imagehlp.dll","Level":"4","Channel":"Microsoft-Windows-Sysmon/Operational","Task":"7","RuleName":"-","FileVersion":"10.0.18362.1 (WinBuild.160101.0800)","SourceName":"Microsoft-Windows-Sysmon","Hostname":"WORKSTATION5","ProcessId":"7256","Description":"Windows NT Image Helper","SignatureStatus":"Valid","Product":"Microsoft Windows Operating System","EventID":7,"Keywords":"0x8000000000000000","Signed":"true","OriginalFileName":"IMAGEHLP.DLL","Message":"Image loaded:\r\nRuleName: -\r\nUtcTime: 2020-10-22 05:31:11.176\r\nProcessGuid: {39e4a257-191e-5f91-6112-000000000700}\r\nProcessId: 7256\r\nImage: C:\\Windows\\SysWOW64\\rundll32.exe\r\nImageLoaded: C:\\Windows\\SysWOW64\\imagehlp.dll\r\nFileVersion: 10.0.18362.1 (WinBuild.160101.0800)\r\nDescription: Windows NT Image Helper\r\nProduct: Microsoft Windows Operating System\r\nCompany: Microsoft Corporation\r\nOriginalFileName: IMAGEHLP.DLL\r\nHashes: SHA1=6AB34817611BE91A6F04068C0C5C53B5E69629CA,MD5=FADCBF1109578469DC09348E4EA390EC,SHA256=5C73A85D013B4AED5094A41ED138BC1DC50379017B25555179E275BD126B5181,IMPHASH=5BB2AFB26967E2B48A89EB6BB6A169C2\r\nSigned: true\r\nSignature: Microsoft Windows\r\nSignatureStatus: Valid"}
{"@timestamp":"2020-10-22T01:31:11.243Z","TimeCreated":"2020-10-22T01:31:11.243Z","Hashes":"SHA1=F601A0D6E4BE871AB860B25C8EBFD141990E057A,MD5=2EFA63EA8830099282D34AC005BDB6BD,SHA256=D8AF83FF251E447B3DFFA0894C27141D3468419FBB156B04BB000627769865C0,IMPHASH=A52EDC607F3428282626E24AA930AF21","Signature":"Microsoft Windows","ProviderGuid":"{5770385f-c22a-43e0-bf4c-06f5698ffbd9}","Company":"Microsoft Corporation","UtcTime":"2020-10-22 05:31:11.238","ProcessGuid":"{39e4a257-191f-5f91-6212-000000000700}","Image":"C:\\Windows\\SysWOW64\\cmd.exe","ImageLoaded":"C:\\Windows\\SysWOW64\\KernelBase.dll","Level":"4","Channel":"Microsoft-Windows-Sysmon/Operational","Task":"7","RuleName":"-","FileVersion":"10.0.18362.1139 (WinBuild.160101.0800)","SourceName":"Microsoft-Windows-Sysmon","Hostname":"WORKSTATION5","ProcessId":"1124","Description":"Windows NT BASE API Client DLL","SignatureStatus":"Valid","Product":"Microsoft Windows Operating System","EventID":7,"Keywords":"0x8000000000000000","Signed":"true","OriginalFileName":"Kernelbase.dll","Message":"Image loaded:\r\nRuleName: -\r\nUtcTime: 2020-10-22 05:31:11.238\r\nProcessGuid: {39e4a257-191f-5f91-6212-000000000700}\r\nProcessId: 1124\r\nImage: C:\\Windows\\SysWOW64\\cmd.exe\r\nImageLoaded: C:\\Windows\\SysWOW64\\KernelBase.dll\r\nFileVersion: 10.0.18362.1139 (WinBuild.160101.0800)\r\nDescription: Windows NT BASE API Client DLL\r\nProduct: Microsoft Windows Operating System\r\nCompany: Microsoft Corporation\r\nOriginalFileName: Kernelbase.dll\r\nHashes: SHA1=F601A0D6E4BE871AB860B25C8EBFD141990E057A,MD5=2EFA63EA8830099282D34AC005BDB6BD,SHA256=D8AF83FF251E447B3DFFA0894C27141D3468419FBB156B04BB000627769865C0,IMPHASH=A52EDC607F3428282626E24AA930AF21\r\nSigned: true\r\nSignature: Microsoft Windows\r\nSignatureStatus: Valid"}
{"@timestamp":"2020-10-22T01:31:11.245Z","TimeCreated":"2020-10-22T01:31:11.245Z","ProviderGuid":"{5770385f-c22a-43e0-bf4c-06f5698ffbd9}","UtcTime":"2020-10-22 05:31:11.238","ProcessGuid":"{39e4a257-191f-5f91-6212-000000000700}","Image":"C:\\windows\\SysWOW64\\cmd.exe","Level":"4","Channel":"Microsoft-Windows-Sysmon/Operational","Task":"13","RuleName":"-","SourceName":"Microsoft-Windows-Sysmon","Hostname":"WORKSTATION5","Details":"Binary Data","ProcessId":"1124","EventType":"SetValue","EventID":13,"Keywords":"0x8000000000000000","TargetObject":"HKLM\\System\\CurrentControlSet\\Services\\bam\\State\\UserSettings\\S-1-5-21-3940915590-64593676-1414006259-500\\\\Device\\HarddiskVolume2\\Windows\\System32\\conhost.exe","Message":"Registry value set:\r\nRuleName: -\r\nEventType: SetValue\r\nUtcTime: 2020-10-22 05:31:11.238\r\nProcessGuid: {39e4a257-191f-5f91-6212-000000000700}\r\nProcessId: 1124\r\nImage: C:\\windows\\SysWOW64\\cmd.exe\r\nTargetObject: HKLM\\System\\CurrentControlSet\\Services\\bam\\State\\UserSettings\\S-1-5-21-3940915590-64593676-1414006259-500\\\\Device\\HarddiskVolume2\\Windows\\System32\\conhost.exe\r\nDetails: Binary Data"}
{"Keywords":"0x8000000000000000","Task":"1","Description":"Console Window Host","CommandLine":"\\??\\C:\\windows\\system32\\conhost.exe 0xffffffff -ForceV1","TimeCreated":"2020-10-22T01:31:11.246Z","Product":"Microsoft Windows Operating System","Company":"Microsoft Corporation","OriginalFileName":"CONHOST.EXE","User":"WORKSTATION5\\wardog","ParentProcessId":"1124","SourceName":"Microsoft-Windows-Sysmon","IntegrityLevel":"High","ProcessGuid":"{39e4a257-191f-5f91-6312-000000000700}","CurrentDirectory":"C:\\windows","Hashes":"SHA1=11996F32DD85863A8C3BFF6D520F788A9211C8F7,MD5=C5E9B1D1103EDCEA2E408E9497A5A88F,SHA256=BAF97B2A629723947539CFF84E896CD29565AB4BB68B0CEC515EB5C5D6637B69,IMPHASH=F8DD0EF565DE87D97ABF9C62EA63EC21","UtcTime":"2020-10-22 05:31:11.244","ParentCommandLine":"C:\\windows\\system32\\cmd.exe /c c:\\windows\\system32\\calc.exe","TerminalSessionId":"2","ProcessId":"8280","ParentImage":"C:\\Windows\\SysWOW64\\cmd.exe","FileVersion":"10.0.18362.1 (WinBuild.160101.0800)","ParentProcessGuid":"{39e4a257-191f-5f91-6212-000000000700}","@timestamp":"2020-10-22T01:31:11.246Z","LogonGuid":"{39e4a257-f1ac-5f8b-d961-0c0000000000}","Image":"C:\\Windows\\System32\\conhost.exe","Hostname":"WORKSTATION5","LogonId":"0xc61d9","Level":"4","EventID":1,"ProviderGuid":"{5770385f-c22a-43e0-bf4c-06f5698ffbd9}","RuleName":"-","Message":"Process Create:\r\nRuleName: -\r\nUtcTime: 2020-10-22 05:31:11.244\r\nProcessGuid: {39e4a257-191f-5f91-6312-000000000700}\r\nProcessId: 8280\r\nImage: C:\\Windows\\System32\\conhost.exe\r\nFileVersion: 10.0.18362.1 (WinBuild.160101.0800)\r\nDescription: Console Window Host\r\nProduct: Microsoft Windows Operating System\r\nCompany: Microsoft Corporation\r\nOriginalFileName: CONHOST.EXE\r\nCommandLine: \\??\\C:\\windows\\system32\\conhost.exe 0xffffffff -ForceV1\r\nCurrentDirectory: C:\\windows\r\nUser: WORKSTATION5\\wardog\r\nLogonGuid: {39e4a257-f1ac-5f8b-d961-0c0000000000}\r\nLogonId: 0xC61D9\r\nTerminalSessionId: 2\r\nIntegrityLevel: High\r\nHashes: SHA1=11996F32DD85863A8C3BFF6D520F788A9211C8F7,MD5=C5E9B1D1103EDCEA2E408E9497A5A88F,SHA256=BAF97B2A629723947539CFF84E896CD29565AB4BB68B0CEC515EB5C5D6637B69,IMPHASH=F8DD0EF565DE87D97ABF9C62EA63EC21\r\nParentProcessGuid: {39e4a257-191f-5f91-6212-000000000700}\r\nParentProcessId: 1124\r\nParentImage: C:\\Windows\\SysWOW64\\cmd.exe\r\nParentCommandLine: C:\\windows\\system32\\cmd.exe /c c:\\windows\\system32\\calc.exe","Channel":"Microsoft-Windows-Sysmon/Operational"}
{"@timestamp":"2020-10-22T01:31:11.255Z","TimeCreated":"2020-10-22T01:31:11.255Z","Hashes":"SHA1=4C979892DEF72BAD80FEE5AF8161EAA6B3980D55,MD5=A9DAC0276197B107A67273D45C58A7F6,SHA256=780C3435FF43B8A2076765D14BBB887E376546EECD59452421B30F1AB9B67E70,IMPHASH=DD75B283BAE5F5510D421DF623FA8BC2","Signature":"Microsoft Windows","ProviderGuid":"{5770385f-c22a-43e0-bf4c-06f5698ffbd9}","Company":"Microsoft Corporation","UtcTime":"2020-10-22 05:31:11.207","ProcessGuid":"{39e4a257-191e-5f91-6112-000000000700}","Image":"C:\\Windows\\SysWOW64\\rundll32.exe","ImageLoaded":"C:\\Windows\\SysWOW64\\msctf.dll","Level":"4","Channel":"Microsoft-Windows-Sysmon/Operational","Task":"7","RuleName":"-","FileVersion":"10.0.18362.1139 (WinBuild.160101.0800)","SourceName":"Microsoft-Windows-Sysmon","Hostname":"WORKSTATION5","ProcessId":"7256","Description":"MSCTF Server DLL","SignatureStatus":"Valid","Product":"Microsoft Windows Operating System","EventID":7,"Keywords":"0x8000000000000000","Signed":"true","OriginalFileName":"MSCTF.DLL","Message":"Image loaded:\r\nRuleName: -\r\nUtcTime: 2020-10-22 05:31:11.207\r\nProcessGuid: {39e4a257-191e-5f91-6112-000000000700}\r\nProcessId: 7256\r\nImage: C:\\Windows\\SysWOW64\\rundll32.exe\r\nImageLoaded: C:\\Windows\\SysWOW64\\msctf.dll\r\nFileVersion: 10.0.18362.1139 (WinBuild.160101.0800)\r\nDescription: MSCTF Server DLL\r\nProduct: Microsoft Windows Operating System\r\nCompany: Microsoft Corporation\r\nOriginalFileName: MSCTF.DLL\r\nHashes: SHA1=4C979892DEF72BAD80FEE5AF8161EAA6B3980D55,MD5=A9DAC0276197B107A67273D45C58A7F6,SHA256=780C3435FF43B8A2076765D14BBB887E376546EECD59452421B30F1AB9B67E70,IMPHASH=DD75B283BAE5F5510D421DF623FA8BC2\r\nSigned: true\r\nSignature: Microsoft Windows\r\nSignatureStatus: Valid"}
