{"@timestamp":"2020-10-22T01:31:11.257Z","TimeCreated":"2020-10-22T01:31:11.257Z","Hashes":"SHA1=11996F32DD85863A8C3BFF6D520F788A9211C8F7,MD5=C5E9B1D1103EDCEA2E408E9497A5A88F,SHA256=BAF97B2A629723947539CFF84E896CD29565AB4BB68B0CEC515EB5C5D6637B69,IMPHASH=F8DD0EF565DE87D97ABF9C62EA63EC21","Signature":"Microsoft Windows","ProviderGuid":"{5770385f-c22a-43e0-bf4c-06f5698ffbd9}","Company":"Microsoft Corporation","UtcTime":"2020-10-22 05:31:11.238","ProcessGuid":"{39e4a257-191f-5f91-6312-000000000700}","Image":"C:\\Windows\\System32\\conhost.exe","ImageLoaded":"C:\\Windows\\System32\\conhost.exe","Level":"4","Channel":"Microsoft-Windows-Sysmon/Operational","Task":"7","RuleName":"-","FileVersion":"10.0.18362.1 (WinBuild.160101.0800)","SourceName":"Microsoft-Windows-Sysmon","Hostname":"WORKSTATION5","ProcessId":"8280","Description":"Console Window Host","SignatureStatus":"Valid","Product":"Microsoft Windows Operating System","EventID":7,"Keywords":"0x8000000000000000","Signed":"true","OriginalFileName":"CONHOST.EXE","Message":"Image loaded:\r\nRuleName: -\r\nUtcTime: 2020-10-22 05:31:11.238\r\nProcessGuid: {39e4a257-191f-5f91-6312-000000000700}\r\nProcessId: 8280\r\nImage: C:\\Windows\\System32\\conhost.exe\r\nImageLoaded: C:\\Windows\\System32\\conhost.exe\r\nFileVersion: 10.0.18362.1 (WinBuild.160101.0800)\r\nDescription: Console Window Host\r\nProduct: Microsoft Windows Operating System\r\nCompany: Microsoft Corporation\r\nOriginalFileName: CONHOST.EXE\r\nHashes: SHA1=11996F32DD85863A8C3BFF6D520F788A9211C8F7,MD5=C5E9B1D1103EDCEA2E408E9497A5A88F,SHA256=BAF97B2A629723947539CFF84E896CD29565AB4BB68B0CEC515EB5C5D6637B69,IMPHASH=F8DD0EF565DE87D97ABF9C62EA63EC21\r\nSigned: true\r\nSignature: Microsoft Windows\r\nSignatureStatus: Valid"}
{"@timestamp":"2020-10-22T01:31:11.258Z","TimeCreated":"2020-10-22T01:31:11.258Z","Hashes":"SHA1=2006BDF15EAED226CE4FDB5337F7C121C311A0AE,MD5=3051E3AB25FBF0401FCA1A4CF63B2507,SHA256=B9FE6B85C174DB6BCAF0DA9961B9247FC79F0757DB3401AA3184E80BE339CB75,IMPHASH=00000000000000000000000000000000","Signature":"Microsoft Windows","ProviderGuid":"{5770385f-c22a-43e0-bf4c-06f5698ffbd9}","Company":"Microsoft Corporation","UtcTime":"2020-10-22 05:31:11.238","ProcessGuid":"{39e4a257-191f-5f91-6312-000000000700}","Image":"C:\\Windows\\System32\\conhost.exe","ImageLoaded":"C:\\Windows\\System32\\ntdll.dll","Level":"4","Channel":"Microsoft-Windows-Sysmon/Operational","Task":"7","RuleName":"-","FileVersion":"10.0.18362.1139 (WinBuild.160101.0800)","SourceName":"Microsoft-Windows-Sysmon","Hostname":"WORKSTATION5","ProcessId":"8280","Description":"NT Layer DLL","SignatureStatus":"Valid","Product":"Microsoft Windows Operating System","EventID":7,"Keywords":"0x8000000000000000","Signed":"true","OriginalFileName":"ntdll.dll","Message":"Image loaded:\r\nRuleName: -\r\nUtcTime: 2020-10-22 05:31:11.238\r\nProcessGuid: {39e4a257-191f-5f91-6312-000000000700}\r\nProcessId: 8280\r\nImage: C:\\Windows\\System32\\conhost.exe\r\nImageLoaded: C:\\Windows\\System32\\ntdll.dll\r\nFileVersion: 10.0.18362.1139 (WinBuild.160101.0800)\r\nDescription: NT Layer DLL\r\nProduct: Microsoft Windows Operating System\r\nCompany: Microsoft Corporation\r\nOriginalFileName: ntdll.dll\r\nHashes: SHA1=2006BDF15EAED226CE4FDB5337F7C121C311A0AE,MD5=3051E3AB25FBF0401FCA1A4CF63B2507,SHA256=B9FE6B85C174DB6BCAF0DA9961B9247FC79F0757DB3401AA3184E80BE339CB75,IMPHASH=00000000000000000000000000000000\r\nSigned: true\r\nSignature: Microsoft Windows\r\nSignatureStatus: Valid"}
{"@timestamp":"2020-10-22T01:31:11.258Z","TimeCreated":"2020-10-22T01:31:11.258Z","Hashes":"SHA1=D207A86541CABC3190BBD5B1CC982F6D7C90051B,MD5=ED906DB51BCB4F5A68606D2683AF44A3,SHA256=DF5CE6E95294579D7D7D16C47CB3DC5C8FA1DB53CCE56091E3496309B0D87536,IMPHASH=D3645703895C4EBB8EA5B9B26816A081","Signature":"Microsoft Windows","ProviderGuid":"{5770385f-c22a-43e0-bf4c-06f5698ffbd9}","Company":"Microsoft Corporation","UtcTime":"2020-10-22 05:31:11.238","ProcessGuid":"{39e4a257-191f-5f91-6312-000000000700}","Image":"C:\\Windows\\System32\\conhost.exe","ImageLoaded":"C:\\Windows\\System32\\kernel32.dll","Level":"4","Channel":"Microsoft-Windows-Sysmon/Operational","Task":"7","RuleName":"-","FileVersion":"10.0.18362.1110 (WinBuild.160101.0800)","SourceName":"Microsoft-Windows-Sysmon","Hostname":"WORKSTATION5","ProcessId":"8280","Description":"Windows NT BASE API Client DLL","SignatureStatus":"Valid","Product":"Microsoft Windows Operating System","EventID":7,"Keywords":"0x8000000000000000","Signed":"true","OriginalFileName":"kernel32","Message":"Image loaded:\r\nRuleName: -\r\nUtcTime: 2020-10-22 05:31:11.238\r\nProcessGuid: {39e4a257-191f-5f91-6312-000000000700}\r\nProcessId: 8280\r\nImage: C:\\Windows\\System32\\conhost.exe\r\nImageLoaded: C:\\Windows\\System32\\kernel32.dll\r\nFileVersion: 10.0.18362.1110 (WinBuild.160101.0800)\r\nDescription: Windows NT BASE API Client DLL\r\nProduct: Microsoft Windows Operating System\r\nCompany: Microsoft Corporation\r\nOriginalFileName: kernel32\r\nHashes: SHA1=D207A86541CABC3190BBD5B1CC982F6D7C90051B,MD5=ED906DB51BCB4F5A68606D2683AF44A3,SHA256=DF5CE6E95294579D7D7D16C47CB3DC5C8FA1DB53CCE56091E3496309B0D87536,IMPHASH=D3645703895C4EBB8EA5B9B26816A081\r\nSigned: true\r\nSignature: Microsoft Windows\r\nSignatureStatus: Valid"}
{"@timestamp":"2020-10-22T01:31:11.259Z","TimeCreated":"2020-10-22T01:31:11.259Z","Hashes":"SHA1=48B3741C6497B40F71868EFAAA9EB7A224CB8060,MD5=AEE6D39564EEB18A90C3160215941B46,SHA256=6733FEEA211EA651B5DF46D391825D7861126546AE80A42A4C1E7B1ABD0E4DA5,IMPHASH=16003AF856720C35351BB8C14AD0B0A8","Signature":"Microsoft Windows","ProviderGuid":"{5770385f-c22a-43e0-bf4c-06f5698ffbd9}","Company":"Microsoft Corporation","UtcTime":"2020-10-22 05:31:11.238","ProcessGuid":"{39e4a257-191f-5f91-6312-000000000700}","Image":"C:\\Windows\\System32\\conhost.exe","ImageLoaded":"C:\\Windows\\System32\\KernelBase.dll","Level":"4","Channel":"Microsoft-Windows-Sysmon/Operational","Task":"7","RuleName":"-","FileVersion":"10.0.18362.1139 (WinBuild.160101.0800)","SourceName":"Microsoft-Windows-Sysmon","Hostname":"WORKSTATION5","ProcessId":"8280","Description":"Windows NT BASE API Client DLL","SignatureStatus":"Valid","Product":"Microsoft Windows Operating System","EventID":7,"Keywords":"0x8000000000000000","Signed":"true","OriginalFileName":"Kernelbase.dll","Message":"Image loaded:\r\nRuleName: -\r\nUtcTime: 2020-10-22 05:31:11.238\r\nProcessGuid: {39e4a257-191f-5f91-6312-000000000700}\r\nProcessId: 8280\r\nImage: C:\\Windows\\System32\\conhost.exe\r\nImageLoaded: C:\\Windows\\System32\\KernelBase.dll\r\nFileVersion: 10.0.18362.1139 (WinBuild.160101.0800)\r\nDescription: Windows NT BASE API Client DLL\r\nProduct: Microsoft Windows Operating System\r\nCompany: Microsoft Corporation\r\nOriginalFileName: Kernelbase.dll\r\nHashes: SHA1=48B3741C6497B40F71868EFAAA9EB7A224CB8060,MD5=AEE6D39564EEB18A90C3160215941B46,SHA256=6733FEEA211EA651B5DF46D391825D7861126546AE80A42A4C1E7B1ABD0E4DA5,IMPHASH=16003AF856720C35351BB8C14AD0B0A8\r\nSigned: true\r\nSignature: Microsoft Windows\r\nSignatureStatus: Valid"}
{"GrantedAccess":"0x1fffff","@timestamp":"2020-10-22T01:31:11.259Z","TimeCreated":"2020-10-22T01:31:11.259Z","SourceThreadId":"5688","SourceImage":"C:\\windows\\system32\\csrss.exe","ProviderGuid":"{5770385f-c22a-43e0-bf4c-06f5698ffbd9}","CallTrace":"C:\\windows\\SYSTEM32\\ntdll.dll+9d154|C:\\windows\\SYSTEM32\\CSRSRV.dll+1430|C:\\windows\\SYSTEM32\\CSRSRV.dll+5fd9|C:\\windows\\SYSTEM32\\ntdll.dll+6ceaf","UtcTime":"2020-10-22 05:31:11.238","TargetProcessGUID":"{39e4a257-191f-5f91-6312-000000000700}","SourceProcessId":"5672","Level":"4","Channel":"Microsoft-Windows-Sysmon/Operational","Task":"10","RuleName":"-","SourceName":"Microsoft-Windows-Sysmon","Hostname":"WORKSTATION5","SourceProcessGUID":"{39e4a257-f1a8-5f8b-8d00-000000000700}","TargetProcessId":"8280","EventID":10,"Keywords":"0x8000000000000000","TargetImage":"C:\\windows\\system32\\conhost.exe","Message":"Process accessed:\r\nRuleName: -\r\nUtcTime: 2020-10-22 05:31:11.238\r\nSourceProcessGUID: {39e4a257-f1a8-5f8b-8d00-000000000700}\r\nSourceProcessId: 5672\r\nSourceThreadId: 5688\r\nSourceImage: C:\\windows\\system32\\csrss.exe\r\nTargetProcessGUID: {39e4a257-191f-5f91-6312-000000000700}\r\nTargetProcessId: 8280\r\nTargetImage: C:\\windows\\system32\\conhost.exe\r\nGrantedAccess: 0x1FFFFF\r\nCallTrace: C:\\windows\\SYSTEM32\\ntdll.dll+9d154|C:\\windows\\SYSTEM32\\CSRSRV.dll+1430|C:\\windows\\SYSTEM32\\CSRSRV.dll+5fd9|C:\\windows\\SYSTEM32\\ntdll.dll+6ceaf"}
{"@timestamp":"2020-10-22T01:31:11.259Z","TimeCreated":"2020-10-22T01:31:11.259Z","Hashes":"SHA1=56A126B33C43CE80C5DA3319FA4FBE28F617599C,MD5=94027F5AE9D6FC3B0917C1B5BCD2D88E,SHA256=2FC246F193104FB36285360E9FB14CE10B04EDB50D9D5ECFD9FDA1F010BFCDB9,IMPHASH=7F555C87AEA488E97B6067A0419ED3B4","Signature":"Microsoft Windows","ProviderGuid":"{5770385f-c22a-43e0-bf4c-06f5698ffbd9}","Company":"Microsoft Corporation","UtcTime":"2020-10-22 05:31:11.238","ProcessGuid":"{39e4a257-191f-5f91-6312-000000000700}","Image":"C:\\Windows\\System32\\conhost.exe","ImageLoaded":"C:\\Windows\\System32\\msvcp_win.dll","Level":"4","Channel":"Microsoft-Windows-Sysmon/Operational","Task":"7","RuleName":"-","FileVersion":"10.0.18362.1110 (WinBuild.160101.0800)","SourceName":"Microsoft-Windows-Sysmon","Hostname":"WORKSTATION5","ProcessId":"8280","Description":"Microsoft C Runtime Library","SignatureStatus":"Valid","Product":"Microsoft Windows Operating System","EventID":7,"Keywords":"0x8000000000000000","Signed":"true","OriginalFileName":"msvcp_win.dll","Message":"Image loaded:\r\nRuleName: -\r\nUtcTime: 2020-10-22 05:31:11.238\r\nProcessGuid: {39e4a257-191f-5f91-6312-000000000700}\r\nProcessId: 8280\r\nImage: C:\\Windows\\System32\\conhost.exe\r\nImageLoaded: C:\\Windows\\System32\\msvcp_win.dll\r\nFileVersion: 10.0.18362.1110 (WinBuild.160101.0800)\r\nDescription: Microsoft C Runtime Library\r\nProduct: Microsoft Windows Operating System\r\nCompany: Microsoft Corporation\r\nOriginalFileName: msvcp_win.dll\r\nHashes: SHA1=56A126B33C43CE80C5DA3319FA4FBE28F617599C,MD5=94027F5AE9D6FC3B0917C1B5BCD2D88E,SHA256=2FC246F193104FB36285360E9FB14CE10B04EDB50D9D5ECFD9FDA1F010BFCDB9,IMPHASH=7F555C87AEA488E97B6067A0419ED3B4\r\nSigned: true\r\nSignature: Microsoft Windows\r\nSignatureStatus: Valid"}
{"@timestamp":"2020-10-22T01:31:11.260Z","TimeCreated":"2020-10-22T01:31:11.260Z","Hashes":"SHA1=D10BBE9B65C2C6F8FCA6850D0B79CBC6EF04D691,MD5=126821F73FD9FFCE6E091CF9480E1B60,SHA256=7B28F46F0A09CFD9129109A94B1C16C9C62EEF46C09113C4C585D9BF0E69B2DA,IMPHASH=5AE9A136FAFA10321F3D48251BF4F6A1","Signature":"Microsoft Windows","ProviderGuid":"{5770385f-c22a-43e0-bf4c-06f5698ffbd9}","Company":"Microsoft Corporation","UtcTime":"2020-10-22 05:31:11.238","ProcessGuid":"{39e4a257-191f-5f91-6312-000000000700}","Image":"C:\\Windows\\System32\\conhost.exe","ImageLoaded":"C:\\Windows\\System32\\ucrtbase.dll","Level":"4","Channel":"Microsoft-Windows-Sysmon/Operational","Task":"7","RuleName":"-","FileVersion":"10.0.18362.1110 (WinBuild.160101.0800)","SourceName":"Microsoft-Windows-Sysmon","Hostname":"WORKSTATION5","ProcessId":"8280","Description":"Microsoft C Runtime Library","SignatureStatus":"Valid","Product":"Microsoft Windows Operating System","EventID":7,"Keywords":"0x8000000000000000","Signed":"true","OriginalFileName":"ucrtbase.dll","Message":"Image loaded:\r\nRuleName: -\r\nUtcTime: 2020-10-22 05:31:11.238\r\nProcessGuid: {39e4a257-191f-5f91-6312-000000000700}\r\nProcessId: 8280\r\nImage: C:\\Windows\\System32\\conhost.exe\r\nImageLoaded: C:\\Windows\\System32\\ucrtbase.dll\r\nFileVersion: 10.0.18362.1110 (WinBuild.160101.0800)\r\nDescription: Microsoft C Runtime Library\r\nProduct: Microsoft Windows Operating System\r\nCompany: Microsoft Corporation\r\nOriginalFileName: ucrtbase.dll\r\nHashes: SHA1=D10BBE9B65C2C6F8FCA6850D0B79CBC6EF04D691,MD5=126821F73FD9FFCE6E091CF9480E1B60,SHA256=7B28F46F0A09CFD9129109A94B1C16C9C62EEF46C09113C4C585D9BF0E69B2DA,IMPHASH=5AE9A136FAFA10321F3D48251BF4F6A1\r\nSigned: true\r\nSignature: Microsoft Windows\r\nSignatureStatus: Valid"}
{"@timestamp":"2020-10-22T01:31:11.260Z","TimeCreated":"2020-10-22T01:31:11.260Z","Hashes":"SHA1=75C9F506592699E30D8ECA63F88C79E956324111,MD5=6ACBCCE095FDB475FC2B3D178E5D9208,SHA256=3F49AB1B04EE3D843E961A1B62CB695EE3FE940EE287819BBBABCC1C3A38F507,IMPHASH=0E48D88DA5B1AEFE29036ECDE5B34E8D","Signature":"Microsoft Windows","ProviderGuid":"{5770385f-c22a-43e0-bf4c-06f5698ffbd9}","Company":"Microsoft Corporation","UtcTime":"2020-10-22 05:31:11.238","ProcessGuid":"{39e4a257-191f-5f91-6312-000000000700}","Image":"C:\\Windows\\System32\\conhost.exe","ImageLoaded":"C:\\Windows\\System32\\SHCore.dll","Level":"4","Channel":"Microsoft-Windows-Sysmon/Operational","Task":"7","RuleName":"-","FileVersion":"10.0.18362.959 (WinBuild.160101.0800)","SourceName":"Microsoft-Windows-Sysmon","Hostname":"WORKSTATION5","ProcessId":"8280","Description":"SHCORE","SignatureStatus":"Valid","Product":"Microsoft Windows Operating System","EventID":7,"Keywords":"0x8000000000000000","Signed":"true","OriginalFileName":"SHCORE.dll","Message":"Image loaded:\r\nRuleName: -\r\nUtcTime: 2020-10-22 05:31:11.238\r\nProcessGuid: {39e4a257-191f-5f91-6312-000000000700}\r\nProcessId: 8280\r\nImage: C:\\Windows\\System32\\conhost.exe\r\nImageLoaded: C:\\Windows\\System32\\SHCore.dll\r\nFileVersion: 10.0.18362.959 (WinBuild.160101.0800)\r\nDescription: SHCORE\r\nProduct: Microsoft Windows Operating System\r\nCompany: Microsoft Corporation\r\nOriginalFileName: SHCORE.dll\r\nHashes: SHA1=75C9F506592699E30D8ECA63F88C79E956324111,MD5=6ACBCCE095FDB475FC2B3D178E5D9208,SHA256=3F49AB1B04EE3D843E961A1B62CB695EE3FE940EE287819BBBABCC1C3A38F507,IMPHASH=0E48D88DA5B1AEFE29036ECDE5B34E8D\r\nSigned: true\r\nSignature: Microsoft Windows\r\nSignatureStatus: Valid"}
{"@timestamp":"2020-10-22T01:31:11.261Z","TimeCreated":"2020-10-22T01:31:11.261Z","Hashes":"SHA1=0EA4B3CFB14E49CEC0D42FF0F1FA989E69647A8F,MD5=36354D9B5B0A58A4B9A19103852C00A2,SHA256=E5A863D3F4BFEFED7D73A7B1499F81B7235BC9AE3C108065041BCB8E5446B1BB,IMPHASH=1273683626EBBA703979F188A1E64237","Signature":"Microsoft Windows","ProviderGuid":"{5770385f-c22a-43e0-bf4c-06f5698ffbd9}","Company":"Microsoft Corporation","UtcTime":"2020-10-22 05:31:11.238","ProcessGuid":"{39e4a257-191f-5f91-6312-000000000700}","Image":"C:\\Windows\\System32\\conhost.exe","ImageLoaded":"C:\\Windows\\System32\\msvcrt.dll","Level":"4","Channel":"Microsoft-Windows-Sysmon/Operational","Task":"7","RuleName":"-","FileVersion":"7.0.18362.1 (WinBuild.160101.0800)","SourceName":"Microsoft-Windows-Sysmon","Hostname":"WORKSTATION5","ProcessId":"8280","Description":"Windows NT CRT DLL","SignatureStatus":"Valid","Product":"Microsoft Windows Operating System","EventID":7,"Keywords":"0x8000000000000000","Signed":"true","OriginalFileName":"msvcrt.dll","Message":"Image loaded:\r\nRuleName: -\r\nUtcTime: 2020-10-22 05:31:11.238\r\nProcessGuid: {39e4a257-191f-5f91-6312-000000000700}\r\nProcessId: 8280\r\nImage: C:\\Windows\\System32\\conhost.exe\r\nImageLoaded: C:\\Windows\\System32\\msvcrt.dll\r\nFileVersion: 7.0.18362.1 (WinBuild.160101.0800)\r\nDescription: Windows NT CRT DLL\r\nProduct: Microsoft Windows Operating System\r\nCompany: Microsoft Corporation\r\nOriginalFileName: msvcrt.dll\r\nHashes: SHA1=0EA4B3CFB14E49CEC0D42FF0F1FA989E69647A8F,MD5=36354D9B5B0A58A4B9A19103852C00A2,SHA256=E5A863D3F4BFEFED7D73A7B1499F81B7235BC9AE3C108065041BCB8E5446B1BB,IMPHASH=1273683626EBBA703979F188A1E64237\r\nSigned: true\r\nSignature: Microsoft Windows\r\nSignatureStatus: Valid"}
{"@timestamp":"2020-10-22T01:31:11.261Z","TimeCreated":"2020-10-22T01:31:11.261Z","Hashes":"SHA1=04BCAE1D932B2FB22A3B7ADC6C1EC1776151FC68,MD5=DBC5A40335E9F25C5C9313AB95C88CE8,SHA256=C39C71244E43B5469FF3F9313893E1AB7AFF5806B1A179CBED06A59B3F6F81B5,IMPHASH=88E7E7C7FA90052EC162DD37F2B7C7BD","Signature":"Microsoft Windows","ProviderGuid":"{5770385f-c22a-43e0-bf4c-06f5698ffbd9}","Company":"Microsoft Corporation","UtcTime":"2020-10-22 05:31:11.238","ProcessGuid":"{39e4a257-191f-5f91-6312-000000000700}","Image":"C:\\Windows\\System32\\conhost.exe","ImageLoaded":"C:\\Windows\\System32\\rpcrt4.dll","Level":"4","Channel":"Microsoft-Windows-Sysmon/Operational","Task":"7","RuleName":"-","FileVersion":"10.0.18362.1110 (WinBuild.160101.0800)","SourceName":"Microsoft-Windows-Sysmon","Hostname":"WORKSTATION5","ProcessId":"8280","Description":"Remote Procedure Call Runtime","SignatureStatus":"Valid","Product":"Microsoft Windows Operating System","EventID":7,"Keywords":"0x8000000000000000","Signed":"true","OriginalFileName":"rpcrt4.dll","Message":"Image loaded:\r\nRuleName: -\r\nUtcTime: 2020-10-22 05:31:11.238\r\nProcessGuid: {39e4a257-191f-5f91-6312-000000000700}\r\nProcessId: 8280\r\nImage: C:\\Windows\\System32\\conhost.exe\r\nImageLoaded: C:\\Windows\\System32\\rpcrt4.dll\r\nFileVersion: 10.0.18362.1110 (WinBuild.160101.0800)\r\nDescription: Remote Procedure Call Runtime\r\nProduct: Microsoft Windows Operating System\r\nCompany: Microsoft Corporation\r\nOriginalFileName: rpcrt4.dll\r\nHashes: SHA1=04BCAE1D932B2FB22A3B7ADC6C1EC1776151FC68,MD5=DBC5A40335E9F25C5C9313AB95C88CE8,SHA256=C39C71244E43B5469FF3F9313893E1AB7AFF5806B1A179CBED06A59B3F6F81B5,IMPHASH=88E7E7C7FA90052EC162DD37F2B7C7BD\r\nSigned: true\r\nSignature: Microsoft Windows\r\nSignatureStatus: Valid"}
{"@timestamp":"2020-10-22T01:31:11.262Z","TimeCreated":"2020-10-22T01:31:11.262Z","Hashes":"SHA1=969AA7FF99DD7452EDA4558492D7A7435E414B37,MD5=66D9CBC07F05DC58E9B01E7E247DBA9C,SHA256=C0687B0277326C0DCB36B729F1257D03F23744B17E6BB4A92AFC52BE528EA6E1,IMPHASH=D1A511866766E387FD0DAF3ACBB54B12","Signature":"Microsoft Windows","ProviderGuid":"{5770385f-c22a-43e0-bf4c-06f5698ffbd9}","Company":"Microsoft Corporation","UtcTime":"2020-10-22 05:31:11.238","ProcessGuid":"{39e4a257-191f-5f91-6312-000000000700}","Image":"C:\\Windows\\System32\\conhost.exe","ImageLoaded":"C:\\Windows\\System32\\combase.dll","Level":"4","Channel":"Microsoft-Windows-Sysmon/Operational","Task":"7","RuleName":"-","FileVersion":"10.0.18362.1139 (WinBuild.160101.0800)","SourceName":"Microsoft-Windows-Sysmon","Hostname":"WORKSTATION5","ProcessId":"8280","Description":"Microsoft COM for Windows","SignatureStatus":"Valid","Product":"Microsoft Windows Operating System","EventID":7,"Keywords":"0x8000000000000000","Signed":"true","OriginalFileName":"COMBASE.DLL","Message":"Image loaded:\r\nRuleName: -\r\nUtcTime: 2020-10-22 05:31:11.238\r\nProcessGuid: {39e4a257-191f-5f91-6312-000000000700}\r\nProcessId: 8280\r\nImage: C:\\Windows\\System32\\conhost.exe\r\nImageLoaded: C:\\Windows\\System32\\combase.dll\r\nFileVersion: 10.0.18362.1139 (WinBuild.160101.0800)\r\nDescription: Microsoft COM for Windows\r\nProduct: Microsoft Windows Operating System\r\nCompany: Microsoft Corporation\r\nOriginalFileName: COMBASE.DLL\r\nHashes: SHA1=969AA7FF99DD7452EDA4558492D7A7435E414B37,MD5=66D9CBC07F05DC58E9B01E7E247DBA9C,SHA256=C0687B0277326C0DCB36B729F1257D03F23744B17E6BB4A92AFC52BE528EA6E1,IMPHASH=D1A511866766E387FD0DAF3ACBB54B12\r\nSigned: true\r\nSignature: Microsoft Windows\r\nSignatureStatus: Valid"}
{"@timestamp":"2020-10-22T01:31:11.262Z","TimeCreated":"2020-10-22T01:31:11.262Z","Hashes":"SHA1=B4222C8DC3274CFC3FE54F322D827B2F01FFF036,MD5=EF2BBEAFF07D32A2EC77FB4602FA9664,SHA256=6B47F3E88CDEDF8F31F91940E38A4544818C79D153323262F9F46B21F41D262C,IMPHASH=402DA460E2AC467F4489C588A9941032","Signature":"Microsoft Windows","ProviderGuid":"{5770385f-c22a-43e0-bf4c-06f5698ffbd9}","Company":"Microsoft Corporation","UtcTime":"2020-10-22 05:31:11.238","ProcessGuid":"{39e4a257-191f-5f91-6312-000000000700}","Image":"C:\\Windows\\System32\\conhost.exe","ImageLoaded":"C:\\Windows\\System32\\bcryptprimitives.dll","Level":"4","Channel":"Microsoft-Windows-Sysmon/Operational","Task":"7","RuleName":"-","FileVersion":"10.0.18362.836 (WinBuild.160101.0800)","SourceName":"Microsoft-Windows-Sysmon","Hostname":"WORKSTATION5","ProcessId":"8280","Description":"Windows Cryptographic Primitives Library","SignatureStatus":"Valid","Product":"Microsoft Windows Operating System","EventID":7,"Keywords":"0x8000000000000000","Signed":"true","OriginalFileName":"bcryptprimitives.dll","Message":"Image loaded:\r\nRuleName: -\r\nUtcTime: 2020-10-22 05:31:11.238\r\nProcessGuid: {39e4a257-191f-5f91-6312-000000000700}\r\nProcessId: 8280\r\nImage: C:\\Windows\\System32\\conhost.exe\r\nImageLoaded: C:\\Windows\\System32\\bcryptprimitives.dll\r\nFileVersion: 10.0.18362.836 (WinBuild.160101.0800)\r\nDescription: Windows Cryptographic Primitives Library\r\nProduct: Microsoft Windows Operating System\r\nCompany: Microsoft Corporation\r\nOriginalFileName: bcryptprimitives.dll\r\nHashes: SHA1=B4222C8DC3274CFC3FE54F322D827B2F01FFF036,MD5=EF2BBEAFF07D32A2EC77FB4602FA9664,SHA256=6B47F3E88CDEDF8F31F91940E38A4544818C79D153323262F9F46B21F41D262C,IMPHASH=402DA460E2AC467F4489C588A9941032\r\nSigned: true\r\nSignature: Microsoft Windows\r\nSignatureStatus: Valid"}
{"@timestamp":"2020-10-22T01:31:11.263Z","TimeCreated":"2020-10-22T01:31:11.263Z","Hashes":"SHA1=35C61DDE6F8F4ED05F9C4837E2B91C886CA79F82,MD5=EA4F6E7961B4A402F6F5EC33C655260A,SHA256=5E2D103E7E1FD7CA0492E541F082D274EF6259AF2158A3562986C796C5C869DD,IMPHASH=8EEA175C33205685FB8A14876D7564DB","Signature":"Microsoft Windows","ProviderGuid":"{5770385f-c22a-43e0-bf4c-06f5698ffbd9}","Company":"Microsoft Corporation","UtcTime":"2020-10-22 05:31:11.238","ProcessGuid":"{39e4a257-191f-5f91-6312-000000000700}","Image":"C:\\Windows\\System32\\conhost.exe","ImageLoaded":"C:\\Windows\\System32\\advapi32.dll","Level":"4","Channel":"Microsoft-Windows-Sysmon/Operational","Task":"7","RuleName":"-","FileVersion":"10.0.18362.752 (WinBuild.160101.0800)","SourceName":"Microsoft-Windows-Sysmon","Hostname":"WORKSTATION5","ProcessId":"8280","Description":"Advanced Windows 32 Base API","SignatureStatus":"Valid","Product":"Microsoft Windows Operating System","EventID":7,"Keywords":"0x8000000000000000","Signed":"true","OriginalFileName":"advapi32.dll","Message":"Image loaded:\r\nRuleName: -\r\nUtcTime: 2020-10-22 05:31:11.238\r\nProcessGuid: {39e4a257-191f-5f91-6312-000000000700}\r\nProcessId: 8280\r\nImage: C:\\Windows\\System32\\conhost.exe\r\nImageLoaded: C:\\Windows\\System32\\advapi32.dll\r\nFileVersion: 10.0.18362.752 (WinBuild.160101.0800)\r\nDescription: Advanced Windows 32 Base API\r\nProduct: Microsoft Windows Operating System\r\nCompany: Microsoft Corporation\r\nOriginalFileName: advapi32.dll\r\nHashes: SHA1=35C61DDE6F8F4ED05F9C4837E2B91C886CA79F82,MD5=EA4F6E7961B4A402F6F5EC33C655260A,SHA256=5E2D103E7E1FD7CA0492E541F082D274EF6259AF2158A3562986C796C5C869DD,IMPHASH=8EEA175C33205685FB8A14876D7564DB\r\nSigned: true\r\nSignature: Microsoft Windows\r\nSignatureStatus: Valid"}
{"@timestamp":"2020-10-22T01:31:11.264Z","TimeCreated":"2020-10-22T01:31:11.264Z","Hashes":"SHA1=A330EDE32DFA03AE6808EE7FB6916D8DEB8F5DDE,MD5=A094E2B38D3DD864B07580D243CB6E43,SHA256=C441E19D20961D4E990E117A300ED318BEDBF2F8BA0FF07BEE7832AC502CDDF2,IMPHASH=CE4BD072766253F6A267D0284CA82002","Signature":"Microsoft Windows","ProviderGuid":"{5770385f-c22a-43e0-bf4c-06f5698ffbd9}","Company":"Microsoft Corporation","UtcTime":"2020-10-22 05:31:11.238","ProcessGuid":"{39e4a257-191f-5f91-6312-000000000700}","Image":"C:\\Windows\\System32\\conhost.exe","ImageLoaded":"C:\\Windows\\System32\\sechost.dll","Level":"4","Channel":"Microsoft-Windows-Sysmon/Operational","Task":"7","RuleName":"-","FileVersion":"10.0.18362.959 (WinBuild.160101.0800)","SourceName":"Microsoft-Windows-Sysmon","Hostname":"WORKSTATION5","ProcessId":"8280","Description":"Host for SCM/SDDL/LSA Lookup APIs","SignatureStatus":"Valid","Product":"Microsoft Windows Operating System","EventID":7,"Keywords":"0x8000000000000000","Signed":"true","OriginalFileName":"sechost.dll","Message":"Image loaded:\r\nRuleName: -\r\nUtcTime: 2020-10-22 05:31:11.238\r\nProcessGuid: {39e4a257-191f-5f91-6312-000000000700}\r\nProcessId: 8280\r\nImage: C:\\Windows\\System32\\conhost.exe\r\nImageLoaded: C:\\Windows\\System32\\sechost.dll\r\nFileVersion: 10.0.18362.959 (WinBuild.160101.0800)\r\nDescription: Host for SCM/SDDL/LSA Lookup APIs\r\nProduct: Microsoft Windows Operating System\r\nCompany: Microsoft Corporation\r\nOriginalFileName: sechost.dll\r\nHashes: SHA1=A330EDE32DFA03AE6808EE7FB6916D8DEB8F5DDE,MD5=A094E2B38D3DD864B07580D243CB6E43,SHA256=C441E19D20961D4E990E117A300ED318BEDBF2F8BA0FF07BEE7832AC502CDDF2,IMPHASH=CE4BD072766253F6A267D0284CA82002\r\nSigned: true\r\nSignature: Microsoft Windows\r\nSignatureStatus: Valid"}
{"GrantedAccess":"0x1fffff","@timestamp":"2020-10-22T01:31:11.271Z","TimeCreated":"2020-10-22T01:31:11.271Z","SourceThreadId":"10940","SourceImage":"C:\\windows\\system32\\conhost.exe","ProviderGuid":"{5770385f-c22a-43e0-bf4c-06f5698ffbd9}","CallTrace":"C:\\windows\\SYSTEM32\\ntdll.dll+9c584|C:\\windows\\System32\\KERNELBASE.dll+305fe|C:\\windows\\system32\\conhost.exe+1260d|C:\\windows\\system32\\conhost.exe+12505|C:\\windows\\system32\\conhost.exe+895c|C:\\windows\\system32\\conhost.exe+f2e6|C:\\windows\\System32\\KERNEL32.DLL+17c24|C:\\windows\\SYSTEM32\\ntdll.dll+6cea1","UtcTime":"2020-10-22 05:31:11.254","TargetProcessGUID":"{39e4a257-191f-5f91-6212-000000000700}","SourceProcessId":"8280","Level":"4","Channel":"Microsoft-Windows-Sysmon/Operational","Task":"10","RuleName":"-","SourceName":"Microsoft-Windows-Sysmon","Hostname":"WORKSTATION5","SourceProcessGUID":"{39e4a257-191f-5f91-6312-000000000700}","TargetProcessId":"1124","EventID":10,"Keywords":"0x8000000000000000","TargetImage":"C:\\windows\\SysWOW64\\cmd.exe","Message":"Process accessed:\r\nRuleName: -\r\nUtcTime: 2020-10-22 05:31:11.254\r\nSourceProcessGUID: {39e4a257-191f-5f91-6312-000000000700}\r\nSourceProcessId: 8280\r\nSourceThreadId: 10940\r\nSourceImage: C:\\windows\\system32\\conhost.exe\r\nTargetProcessGUID: {39e4a257-191f-5f91-6212-000000000700}\r\nTargetProcessId: 1124\r\nTargetImage: C:\\windows\\SysWOW64\\cmd.exe\r\nGrantedAccess: 0x1FFFFF\r\nCallTrace: C:\\windows\\SYSTEM32\\ntdll.dll+9c584|C:\\windows\\System32\\KERNELBASE.dll+305fe|C:\\windows\\system32\\conhost.exe+1260d|C:\\windows\\system32\\conhost.exe+12505|C:\\windows\\system32\\conhost.exe+895c|C:\\windows\\system32\\conhost.exe+f2e6|C:\\windows\\System32\\KERNEL32.DLL+17c24|C:\\windows\\SYSTEM32\\ntdll.dll+6cea1"}
{"@timestamp":"2020-10-22T01:31:11.271Z","TimeCreated":"2020-10-22T01:31:11.271Z","Hashes":"SHA1=6B56618013746DA2480E9B14DBD03BD1C6DC009F,MD5=99391EBA3F88D56C3D27268D7947782F,SHA256=3AC2B856DD34D51A631C26791916A036C6C917667D8562676CCE8F2F35349221,IMPHASH=70F6F0466DB32D0AA9E18434AE996907","Signature":"Microsoft Windows","ProviderGuid":"{5770385f-c22a-43e0-bf4c-06f5698ffbd9}","Company":"Microsoft Corporation","UtcTime":"2020-10-22 05:31:11.254","ProcessGuid":"{39e4a257-191f-5f91-6312-000000000700}","Image":"C:\\Windows\\System32\\conhost.exe","ImageLoaded":"C:\\Windows\\System32\\user32.dll","Level":"4","Channel":"Microsoft-Windows-Sysmon/Operational","Task":"7","RuleName":"-","FileVersion":"10.0.18362.1110 (WinBuild.160101.0800)","SourceName":"Microsoft-Windows-Sysmon","Hostname":"WORKSTATION5","ProcessId":"8280","Description":"Multi-User Windows USER API Client DLL","SignatureStatus":"Valid","Product":"Microsoft Windows Operating System","EventID":7,"Keywords":"0x8000000000000000","Signed":"true","OriginalFileName":"user32","Message":"Image loaded:\r\nRuleName: -\r\nUtcTime: 2020-10-22 05:31:11.254\r\nProcessGuid: {39e4a257-191f-5f91-6312-000000000700}\r\nProcessId: 8280\r\nImage: C:\\Windows\\System32\\conhost.exe\r\nImageLoaded: C:\\Windows\\System32\\user32.dll\r\nFileVersion: 10.0.18362.1110 (WinBuild.160101.0800)\r\nDescription: Multi-User Windows USER API Client DLL\r\nProduct: Microsoft Windows Operating System\r\nCompany: Microsoft Corporation\r\nOriginalFileName: user32\r\nHashes: SHA1=6B56618013746DA2480E9B14DBD03BD1C6DC009F,MD5=99391EBA3F88D56C3D27268D7947782F,SHA256=3AC2B856DD34D51A631C26791916A036C6C917667D8562676CCE8F2F35349221,IMPHASH=70F6F0466DB32D0AA9E18434AE996907\r\nSigned: true\r\nSignature: Microsoft Windows\r\nSignatureStatus: Valid"}
{"@timestamp":"2020-10-22T01:31:11.272Z","TimeCreated":"2020-10-22T01:31:11.272Z","Hashes":"SHA1=39FC0B964DEA68F3E07B281BE3ACA5B4954122C1,MD5=187E6745C0647E05C6624831A40BDA1F,SHA256=28221016EF84D1B2D71C6450AB9DDF30C633C23810A7C7D134A97B41A9045F0F,IMPHASH=9159DF5BBFB68FC303E796116B746B46","Signature":"-","ProviderGuid":"{5770385f-c22a-43e0-bf4c-06f5698ffbd9}","Company":"-","UtcTime":"2020-10-22 05:31:11.207","ProcessGuid":"{39e4a257-191e-5f91-6112-000000000700}","Image":"C:\\Windows\\SysWOW64\\rundll32.exe","ImageLoaded":"C:\\ProgramData\\calc.cpl","Level":"4","Channel":"Microsoft-Windows-Sysmon/Operational","Task":"7","RuleName":"-","FileVersion":"-","SourceName":"Microsoft-Windows-Sysmon","Hostname":"WORKSTATION5","ProcessId":"7256","Description":"-","SignatureStatus":"Unavailable","Product":"-","EventID":7,"Keywords":"0x8000000000000000","Signed":"false","OriginalFileName":"-","Message":"Image loaded:\r\nRuleName: -\r\nUtcTime: 2020-10-22 05:31:11.207\r\nProcessGuid: {39e4a257-191e-5f91-6112-000000000700}\r\nProcessId: 7256\r\nImage: C:\\Windows\\SysWOW64\\rundll32.exe\r\nImageLoaded: C:\\ProgramData\\calc.cpl\r\nFileVersion: -\r\nDescription: -\r\nProduct: -\r\nCompany: -\r\nOriginalFileName: -\r\nHashes: SHA1=39FC0B964DEA68F3E07B281BE3ACA5B4954122C1,MD5=187E6745C0647E05C6624831A40BDA1F,SHA256=28221016EF84D1B2D71C6450AB9DDF30C633C23810A7C7D134A97B41A9045F0F,IMPHASH=9159DF5BBFB68FC303E796116B746B46\r\nSigned: false\r\nSignature: -\r\nSignatureStatus: Unavailable"}
{"@timestamp":"2020-10-22T01:31:11.272Z","TimeCreated":"2020-10-22T01:31:11.272Z","Hashes":"SHA1=09CAA4704CC828100AA4BDB1366B5156CD1A63E4,MD5=BE23D5C90313AACEC36448136408D336,SHA256=20EE5EE473456C0853CC7B64FA9BCDBFB3C00B0848B3CFE141535C10AC944478,IMPHASH=00000000000000000000000000000000","Signature":"Microsoft Windows","ProviderGuid":"{5770385f-c22a-43e0-bf4c-06f5698ffbd9}","Company":"Microsoft Corporation","UtcTime":"2020-10-22 05:31:11.254","ProcessGuid":"{39e4a257-191f-5f91-6312-000000000700}","Image":"C:\\Windows\\System32\\conhost.exe","ImageLoaded":"C:\\Windows\\System32\\win32u.dll","Level":"4","Channel":"Microsoft-Windows-Sysmon/Operational","Task":"7","RuleName":"-","FileVersion":"10.0.18362.1139 (WinBuild.160101.0800)","SourceName":"Microsoft-Windows-Sysmon","Hostname":"WORKSTATION5","ProcessId":"8280","Description":"Win32u","SignatureStatus":"Valid","Product":"Microsoft Windows Operating System","EventID":7,"Keywords":"0x8000000000000000","Signed":"true","OriginalFileName":"Win32u.DLL","Message":"Image loaded:\r\nRuleName: -\r\nUtcTime: 2020-10-22 05:31:11.254\r\nProcessGuid: {39e4a257-191f-5f91-6312-000000000700}\r\nProcessId: 8280\r\nImage: C:\\Windows\\System32\\conhost.exe\r\nImageLoaded: C:\\Windows\\System32\\win32u.dll\r\nFileVersion: 10.0.18362.1139 (WinBuild.160101.0800)\r\nDescription: Win32u\r\nProduct: Microsoft Windows Operating System\r\nCompany: Microsoft Corporation\r\nOriginalFileName: Win32u.DLL\r\nHashes: SHA1=09CAA4704CC828100AA4BDB1366B5156CD1A63E4,MD5=BE23D5C90313AACEC36448136408D336,SHA256=20EE5EE473456C0853CC7B64FA9BCDBFB3C00B0848B3CFE141535C10AC944478,IMPHASH=00000000000000000000000000000000\r\nSigned: true\r\nSignature: Microsoft Windows\r\nSignatureStatus: Valid"}
{"@timestamp":"2020-10-22T01:31:11.272Z","TimeCreated":"2020-10-22T01:31:11.272Z","Hashes":"SHA1=9E91D74D5B9BF64A3D4BE8C5EA3594F5DA2BC299,MD5=2839609118F48DEA292084E43FAA72D8,SHA256=4FC9460147D5A3AA1F9498863CF10BB7BE6099BEF1A3D55503164CA51E36E27E,IMPHASH=C5F30E6A06AB646153863B68366FE58A","Signature":"Microsoft Windows","ProviderGuid":"{5770385f-c22a-43e0-bf4c-06f5698ffbd9}","Company":"Microsoft Corporation","UtcTime":"2020-10-22 05:31:11.254","ProcessGuid":"{39e4a257-191f-5f91-6312-000000000700}","Image":"C:\\Windows\\System32\\conhost.exe","ImageLoaded":"C:\\Windows\\System32\\gdi32.dll","Level":"4","Channel":"Microsoft-Windows-Sysmon/Operational","Task":"7","RuleName":"-","FileVersion":"10.0.18362.1 (WinBuild.160101.0800)","SourceName":"Microsoft-Windows-Sysmon","Hostname":"WORKSTATION5","ProcessId":"8280","Description":"GDI Client DLL","SignatureStatus":"Valid","Product":"Microsoft Windows Operating System","EventID":7,"Keywords":"0x8000000000000000","Signed":"true","OriginalFileName":"gdi32","Message":"Image loaded:\r\nRuleName: -\r\nUtcTime: 2020-10-22 05:31:11.254\r\nProcessGuid: {39e4a257-191f-5f91-6312-000000000700}\r\nProcessId: 8280\r\nImage: C:\\Windows\\System32\\conhost.exe\r\nImageLoaded: C:\\Windows\\System32\\gdi32.dll\r\nFileVersion: 10.0.18362.1 (WinBuild.160101.0800)\r\nDescription: GDI Client DLL\r\nProduct: Microsoft Windows Operating System\r\nCompany: Microsoft Corporation\r\nOriginalFileName: gdi32\r\nHashes: SHA1=9E91D74D5B9BF64A3D4BE8C5EA3594F5DA2BC299,MD5=2839609118F48DEA292084E43FAA72D8,SHA256=4FC9460147D5A3AA1F9498863CF10BB7BE6099BEF1A3D55503164CA51E36E27E,IMPHASH=C5F30E6A06AB646153863B68366FE58A\r\nSigned: true\r\nSignature: Microsoft Windows\r\nSignatureStatus: Valid"}
{"@timestamp":"2020-10-22T01:31:11.272Z","TimeCreated":"2020-10-22T01:31:11.272Z","Hashes":"SHA1=F9E2F12438029B6CC54E25DC77E0CDAF4E2F60E6,MD5=EF7E6E4AA8B9EB0B9C2915F6C8F0C71A,SHA256=0428CCE46E90E781510B784E97DC514D4F0564B31591526CDABD40654D4A8F79,IMPHASH=4D32F6E2211CD04CA28C2CD4FAC607E8","Signature":"Microsoft Windows","ProviderGuid":"{5770385f-c22a-43e0-bf4c-06f5698ffbd9}","Company":"Microsoft Corporation","UtcTime":"2020-10-22 05:31:11.254","ProcessGuid":"{39e4a257-191f-5f91-6312-000000000700}","Image":"C:\\Windows\\System32\\conhost.exe","ImageLoaded":"C:\\Windows\\System32\\gdi32full.dll","Level":"4","Channel":"Microsoft-Windows-Sysmon/Operational","Task":"7","RuleName":"-","FileVersion":"10.0.18362.1139 (WinBuild.160101.0800)","SourceName":"Microsoft-Windows-Sysmon","Hostname":"WORKSTATION5","ProcessId":"8280","Description":"GDI Client DLL","SignatureStatus":"Valid","Product":"Microsoft Windows Operating System","EventID":7,"Keywords":"0x8000000000000000","Signed":"true","OriginalFileName":"gdi32","Message":"Image loaded:\r\nRuleName: -\r\nUtcTime: 2020-10-22 05:31:11.254\r\nProcessGuid: {39e4a257-191f-5f91-6312-000000000700}\r\nProcessId: 8280\r\nImage: C:\\Windows\\System32\\conhost.exe\r\nImageLoaded: C:\\Windows\\System32\\gdi32full.dll\r\nFileVersion: 10.0.18362.1139 (WinBuild.160101.0800)\r\nDescription: GDI Client DLL\r\nProduct: Microsoft Windows Operating System\r\nCompany: Microsoft Corporation\r\nOriginalFileName: gdi32\r\nHashes: SHA1=F9E2F12438029B6CC54E25DC77E0CDAF4E2F60E6,MD5=EF7E6E4AA8B9EB0B9C2915F6C8F0C71A,SHA256=0428CCE46E90E781510B784E97DC514D4F0564B31591526CDABD40654D4A8F79,IMPHASH=4D32F6E2211CD04CA28C2CD4FAC607E8\r\nSigned: true\r\nSignature: Microsoft Windows\r\nSignatureStatus: Valid"}
{"@timestamp":"2020-10-22T01:31:11.273Z","TimeCreated":"2020-10-22T01:31:11.273Z","Hashes":"SHA1=76BB2AB8D3CB6DB6D23F4771334C9AA9C231B03A,MD5=025CC332EDC4B1A38290F3E36BCEF4FB,SHA256=0FE3C1C575EA1B0257B2EB12527EC35E3004CD88EA5BAEC7095386A9F9EB70AD,IMPHASH=24F54B6761C10BA12481CF6C780605BF","Signature":"Microsoft Windows","ProviderGuid":"{5770385f-c22a-43e0-bf4c-06f5698ffbd9}","Company":"Microsoft Corporation","UtcTime":"2020-10-22 05:31:11.254","ProcessGuid":"{39e4a257-191f-5f91-6312-000000000700}","Image":"C:\\Windows\\System32\\conhost.exe","ImageLoaded":"C:\\Windows\\System32\\imm32.dll","Level":"4","Channel":"Microsoft-Windows-Sysmon/Operational","Task":"7","RuleName":"-","FileVersion":"10.0.18362.387 (WinBuild.160101.0800)","SourceName":"Microsoft-Windows-Sysmon","Hostname":"WORKSTATION5","ProcessId":"8280","Description":"Multi-User Windows IMM32 API Client DLL","SignatureStatus":"Valid","Product":"Microsoft Windows Operating System","EventID":7,"Keywords":"0x8000000000000000","Signed":"true","OriginalFileName":"imm32","Message":"Image loaded:\r\nRuleName: -\r\nUtcTime: 2020-10-22 05:31:11.254\r\nProcessGuid: {39e4a257-191f-5f91-6312-000000000700}\r\nProcessId: 8280\r\nImage: C:\\Windows\\System32\\conhost.exe\r\nImageLoaded: C:\\Windows\\System32\\imm32.dll\r\nFileVersion: 10.0.18362.387 (WinBuild.160101.0800)\r\nDescription: Multi-User Windows IMM32 API Client DLL\r\nProduct: Microsoft Windows Operating System\r\nCompany: Microsoft Corporation\r\nOriginalFileName: imm32\r\nHashes: SHA1=76BB2AB8D3CB6DB6D23F4771334C9AA9C231B03A,MD5=025CC332EDC4B1A38290F3E36BCEF4FB,SHA256=0FE3C1C575EA1B0257B2EB12527EC35E3004CD88EA5BAEC7095386A9F9EB70AD,IMPHASH=24F54B6761C10BA12481CF6C780605BF\r\nSigned: true\r\nSignature: Microsoft Windows\r\nSignatureStatus: Valid"}
{"@timestamp":"2020-10-22T01:31:11.273Z","TimeCreated":"2020-10-22T01:31:11.273Z","Hashes":"SHA1=1BE5EC1130E4B812224AF98D1C4B81B91C8D8BCE,MD5=698E67C04A48B58FE0FE2B7DAB428BD2,SHA256=D4F8395347B3C952DA3309BD3ADFBF87F52582C744204692DEDB0B6E720AEE1A,IMPHASH=5DE31297232BD99BC22531D7CE95B80E","Signature":"Microsoft Windows","ProviderGuid":"{5770385f-c22a-43e0-bf4c-06f5698ffbd9}","Company":"Microsoft Corporation","UtcTime":"2020-10-22 05:31:11.254","ProcessGuid":"{39e4a257-191f-5f91-6312-000000000700}","Image":"C:\\Windows\\System32\\conhost.exe","ImageLoaded":"C:\\Windows\\System32\\shell32.dll","Level":"4","Channel":"Microsoft-Windows-Sysmon/Operational","Task":"7","RuleName":"-","FileVersion":"10.0.18362.1110 (WinBuild.160101.0800)","SourceName":"Microsoft-Windows-Sysmon","Hostname":"WORKSTATION5","ProcessId":"8280","Description":"Windows Shell Common Dll","SignatureStatus":"Valid","Product":"Microsoft Windows Operating System","EventID":7,"Keywords":"0x8000000000000000","Signed":"true","OriginalFileName":"SHELL32.DLL","Message":"Image loaded:\r\nRuleName: -\r\nUtcTime: 2020-10-22 05:31:11.254\r\nProcessGuid: {39e4a257-191f-5f91-6312-000000000700}\r\nProcessId: 8280\r\nImage: C:\\Windows\\System32\\conhost.exe\r\nImageLoaded: C:\\Windows\\System32\\shell32.dll\r\nFileVersion: 10.0.18362.1110 (WinBuild.160101.0800)\r\nDescription: Windows Shell Common Dll\r\nProduct: Microsoft Windows Operating System\r\nCompany: Microsoft Corporation\r\nOriginalFileName: SHELL32.DLL\r\nHashes: SHA1=1BE5EC1130E4B812224AF98D1C4B81B91C8D8BCE,MD5=698E67C04A48B58FE0FE2B7DAB428BD2,SHA256=D4F8395347B3C952DA3309BD3ADFBF87F52582C744204692DEDB0B6E720AEE1A,IMPHASH=5DE31297232BD99BC22531D7CE95B80E\r\nSigned: true\r\nSignature: Microsoft Windows\r\nSignatureStatus: Valid"}
{"@timestamp":"2020-10-22T01:31:11.274Z","TimeCreated":"2020-10-22T01:31:11.274Z","Hashes":"SHA1=F1D1D942ACBA432D60C139A8AE9644665044BCD6,MD5=5539643D8D55C97FB3A5F7E24C448A3F,SHA256=4FB47D56F0FC6C27FEC884E078A2999F7B2E10994359960CC78182544CA80C36,IMPHASH=639D16ACD736EAE912B88E985A0A7A0F","Signature":"Microsoft Windows","ProviderGuid":"{5770385f-c22a-43e0-bf4c-06f5698ffbd9}","Company":"Microsoft Corporation","UtcTime":"2020-10-22 05:31:11.254","ProcessGuid":"{39e4a257-191f-5f91-6312-000000000700}","Image":"C:\\Windows\\System32\\conhost.exe","ImageLoaded":"C:\\Windows\\System32\\kernel.appcore.dll","Level":"4","Channel":"Microsoft-Windows-Sysmon/Operational","Task":"7","RuleName":"-","FileVersion":"10.0.18362.1110 (WinBuild.160101.0800)","SourceName":"Microsoft-Windows-Sysmon","Hostname":"WORKSTATION5","ProcessId":"8280","Description":"AppModel API Host","SignatureStatus":"Valid","Product":"Microsoft Windows Operating System","EventID":7,"Keywords":"0x8000000000000000","Signed":"true","OriginalFileName":"kernel.appcore.dll","Message":"Image loaded:\r\nRuleName: -\r\nUtcTime: 2020-10-22 05:31:11.254\r\nProcessGuid: {39e4a257-191f-5f91-6312-000000000700}\r\nProcessId: 8280\r\nImage: C:\\Windows\\System32\\conhost.exe\r\nImageLoaded: C:\\Windows\\System32\\kernel.appcore.dll\r\nFileVersion: 10.0.18362.1110 (WinBuild.160101.0800)\r\nDescription: AppModel API Host\r\nProduct: Microsoft Windows Operating System\r\nCompany: Microsoft Corporation\r\nOriginalFileName: kernel.appcore.dll\r\nHashes: SHA1=F1D1D942ACBA432D60C139A8AE9644665044BCD6,MD5=5539643D8D55C97FB3A5F7E24C448A3F,SHA256=4FB47D56F0FC6C27FEC884E078A2999F7B2E10994359960CC78182544CA80C36,IMPHASH=639D16ACD736EAE912B88E985A0A7A0F\r\nSigned: true\r\nSignature: Microsoft Windows\r\nSignatureStatus: Valid"}
{"@timestamp":"2020-10-22T01:31:11.274Z","TimeCreated":"2020-10-22T01:31:11.274Z","Hashes":"SHA1=62956D6FAEB4EC8EA54315A8E3CC15F06165AD57,MD5=3C9D22CAE173AD19806B6A016CD4CC28,SHA256=D95E7D07EA46D7D2AEFA01CD0A64CF266BE26D40FA6BE42F7CF60F6DEB8FBAF3,IMPHASH=64BAD10B75B987F62BF08E1852DE4022","Signature":"Microsoft Windows","ProviderGuid":"{5770385f-c22a-43e0-bf4c-06f5698ffbd9}","Company":"Microsoft Corporation","UtcTime":"2020-10-22 05:31:11.254","ProcessGuid":"{39e4a257-191f-5f91-6312-000000000700}","Image":"C:\\Windows\\System32\\conhost.exe","ImageLoaded":"C:\\Windows\\System32\\uxtheme.dll","Level":"4","Channel":"Microsoft-Windows-Sysmon/Operational","Task":"7","RuleName":"-","FileVersion":"10.0.18362.449 (WinBuild.160101.0800)","SourceName":"Microsoft-Windows-Sysmon","Hostname":"WORKSTATION5","ProcessId":"8280","Description":"Microsoft UxTheme Library","SignatureStatus":"Valid","Product":"Microsoft Windows Operating System","EventID":7,"Keywords":"0x8000000000000000","Signed":"true","OriginalFileName":"UxTheme.dll","Message":"Image loaded:\r\nRuleName: -\r\nUtcTime: 2020-10-22 05:31:11.254\r\nProcessGuid: {39e4a257-191f-5f91-6312-000000000700}\r\nProcessId: 8280\r\nImage: C:\\Windows\\System32\\conhost.exe\r\nImageLoaded: C:\\Windows\\System32\\uxtheme.dll\r\nFileVersion: 10.0.18362.449 (WinBuild.160101.0800)\r\nDescription: Microsoft UxTheme Library\r\nProduct: Microsoft Windows Operating System\r\nCompany: Microsoft Corporation\r\nOriginalFileName: UxTheme.dll\r\nHashes: SHA1=62956D6FAEB4EC8EA54315A8E3CC15F06165AD57,MD5=3C9D22CAE173AD19806B6A016CD4CC28,SHA256=D95E7D07EA46D7D2AEFA01CD0A64CF266BE26D40FA6BE42F7CF60F6DEB8FBAF3,IMPHASH=64BAD10B75B987F62BF08E1852DE4022\r\nSigned: true\r\nSignature: Microsoft Windows\r\nSignatureStatus: Valid"}
{"GrantedAccess":"0x1478","@timestamp":"2020-10-22T01:31:11.274Z","TimeCreated":"2020-10-22T01:31:11.274Z","SourceThreadId":"2236","SourceImage":"C:\\windows\\System32\\svchost.exe","ProviderGuid":"{5770385f-c22a-43e0-bf4c-06f5698ffbd9}","CallTrace":"C:\\windows\\SYSTEM32\\ntdll.dll+9c584|c:\\windows\\system32\\themeservice.dll+1a9a|c:\\windows\\system32\\themeservice.dll+1736|c:\\windows\\system32\\themeservice.dll+6026|c:\\windows\\system32\\themeservice.dll+ad9a|c:\\windows\\system32\\themeservice.dll+9dcf|C:\\windows\\System32\\svchost.exe+314c|C:\\windows\\System32\\sechost.dll+2de2|C:\\windows\\System32\\KERNEL32.DLL+17c24|C:\\windows\\SYSTEM32\\ntdll.dll+6cea1","UtcTime":"2020-10-22 05:31:11.270","TargetProcessGUID":"{39e4a257-191f-5f91-6312-000000000700}","SourceProcessId":"2064","Level":"4","Channel":"Microsoft-Windows-Sysmon/Operational","Task":"10","RuleName":"-","SourceName":"Microsoft-Windows-Sysmon","Hostname":"WORKSTATION5","SourceProcessGUID":"{39e4a257-f133-5f8b-3400-000000000700}","TargetProcessId":"8280","EventID":10,"Keywords":"0x8000000000000000","TargetImage":"C:\\windows\\system32\\conhost.exe","Message":"Process accessed:\r\nRuleName: -\r\nUtcTime: 2020-10-22 05:31:11.270\r\nSourceProcessGUID: {39e4a257-f133-5f8b-3400-000000000700}\r\nSourceProcessId: 2064\r\nSourceThreadId: 2236\r\nSourceImage: C:\\windows\\System32\\svchost.exe\r\nTargetProcessGUID: {39e4a257-191f-5f91-6312-000000000700}\r\nTargetProcessId: 8280\r\nTargetImage: C:\\windows\\system32\\conhost.exe\r\nGrantedAccess: 0x1478\r\nCallTrace: C:\\windows\\SYSTEM32\\ntdll.dll+9c584|c:\\windows\\system32\\themeservice.dll+1a9a|c:\\windows\\system32\\themeservice.dll+1736|c:\\windows\\system32\\themeservice.dll+6026|c:\\windows\\system32\\themeservice.dll+ad9a|c:\\windows\\system32\\themeservice.dll+9dcf|C:\\windows\\System32\\svchost.exe+314c|C:\\windows\\System32\\sechost.dll+2de2|C:\\windows\\System32\\KERNEL32.DLL+17c24|C:\\windows\\SYSTEM32\\ntdll.dll+6cea1"}
{"GrantedAccess":"0x1400","@timestamp":"2020-10-22T01:31:11.276Z","TimeCreated":"2020-10-22T01:31:11.276Z","SourceThreadId":"8292","SourceImage":"C:\\windows\\System32\\svchost.exe","ProviderGuid":"{5770385f-c22a-43e0-bf4c-06f5698ffbd9}","CallTrace":"C:\\windows\\SYSTEM32\\ntdll.dll+9c584|c:\\windows\\system32\\themeservice.dll+1d60|c:\\windows\\system32\\themeservice.dll+1595|c:\\windows\\system32\\themeservice.dll+1461|c:\\windows\\system32\\themeservice.dll+1886|C:\\windows\\SYSTEM32\\ntdll.dll+2f655|C:\\windows\\SYSTEM32\\ntdll.dll+345b4|C:\\windows\\System32\\KERNEL32.DLL+17c24|C:\\windows\\SYSTEM32\\ntdll.dll+6cea1","UtcTime":"2020-10-22 05:31:11.270","TargetProcessGUID":"{39e4a257-191f-5f91-6312-000000000700}","SourceProcessId":"2064","Level":"4","Channel":"Microsoft-Windows-Sysmon/Operational","Task":"10","RuleName":"-","SourceName":"Microsoft-Windows-Sysmon","Hostname":"WORKSTATION5","SourceProcessGUID":"{39e4a257-f133-5f8b-3400-000000000700}","TargetProcessId":"8280","EventID":10,"Keywords":"0x8000000000000000","TargetImage":"C:\\windows\\system32\\conhost.exe","Message":"Process accessed:\r\nRuleName: -\r\nUtcTime: 2020-10-22 05:31:11.270\r\nSourceProcessGUID: {39e4a257-f133-5f8b-3400-000000000700}\r\nSourceProcessId: 2064\r\nSourceThreadId: 8292\r\nSourceImage: C:\\windows\\System32\\svchost.exe\r\nTargetProcessGUID: {39e4a257-191f-5f91-6312-000000000700}\r\nTargetProcessId: 8280\r\nTargetImage: C:\\windows\\system32\\conhost.exe\r\nGrantedAccess: 0x1400\r\nCallTrace: C:\\windows\\SYSTEM32\\ntdll.dll+9c584|c:\\windows\\system32\\themeservice.dll+1d60|c:\\windows\\system32\\themeservice.dll+1595|c:\\windows\\system32\\themeservice.dll+1461|c:\\windows\\system32\\themeservice.dll+1886|C:\\windows\\SYSTEM32\\ntdll.dll+2f655|C:\\windows\\SYSTEM32\\ntdll.dll+345b4|C:\\windows\\System32\\KERNEL32.DLL+17c24|C:\\windows\\SYSTEM32\\ntdll.dll+6cea1"}
{"@timestamp":"2020-10-22T01:31:11.289Z","TimeCreated":"2020-10-22T01:31:11.289Z","Hashes":"SHA1=BBA73F6C1C212B20D3291E04036328A867506BE4,MD5=E72506477317969211638830DE3174D8,SHA256=4B2F2B322507F4E59204E8750DBDF4761825F546F617571E76461768F795FB55,IMPHASH=392B4D61B1D1DADC1F06444DF258188A","Signature":"Microsoft Windows","ProviderGuid":"{5770385f-c22a-43e0-bf4c-06f5698ffbd9}","Company":"Microsoft Corporation","UtcTime":"2020-10-22 05:31:11.223","ProcessGuid":"{39e4a257-191f-5f91-6212-000000000700}","Image":"C:\\Windows\\SysWOW64\\cmd.exe","ImageLoaded":"C:\\Windows\\SysWOW64\\cmd.exe","Level":"4","Channel":"Microsoft-Windows-Sysmon/Operational","Task":"7","RuleName":"-","FileVersion":"10.0.18362.449 (WinBuild.160101.0800)","SourceName":"Microsoft-Windows-Sysmon","Hostname":"WORKSTATION5","ProcessId":"1124","Description":"Windows Command Processor","SignatureStatus":"Valid","Product":"Microsoft Windows Operating System","EventID":7,"Keywords":"0x8000000000000000","Signed":"true","OriginalFileName":"Cmd.Exe","Message":"Image loaded:\r\nRuleName: -\r\nUtcTime: 2020-10-22 05:31:11.223\r\nProcessGuid: {39e4a257-191f-5f91-6212-000000000700}\r\nProcessId: 1124\r\nImage: C:\\Windows\\SysWOW64\\cmd.exe\r\nImageLoaded: C:\\Windows\\SysWOW64\\cmd.exe\r\nFileVersion: 10.0.18362.449 (WinBuild.160101.0800)\r\nDescription: Windows Command Processor\r\nProduct: Microsoft Windows Operating System\r\nCompany: Microsoft Corporation\r\nOriginalFileName: Cmd.Exe\r\nHashes: SHA1=BBA73F6C1C212B20D3291E04036328A867506BE4,MD5=E72506477317969211638830DE3174D8,SHA256=4B2F2B322507F4E59204E8750DBDF4761825F546F617571E76461768F795FB55,IMPHASH=392B4D61B1D1DADC1F06444DF258188A\r\nSigned: true\r\nSignature: Microsoft Windows\r\nSignatureStatus: Valid"}
{"@timestamp":"2020-10-22T01:31:11.291Z","TimeCreated":"2020-10-22T01:31:11.291Z","Hashes":"SHA1=5F7008EE8ADAABADD68C6DD5BE92D63E65FA246F,MD5=52FEBDEBB997A30DE66EBFF6C84458FE,SHA256=D5036280A629574D7421D12EDE96C8E05ED595A5DEDF1ED9678FF5667035514B,IMPHASH=E36139468C6DD82FE56B6A135839960B","Signature":"Microsoft Windows","ProviderGuid":"{5770385f-c22a-43e0-bf4c-06f5698ffbd9}","Company":"Microsoft Corporation","UtcTime":"2020-10-22 05:31:11.285","ProcessGuid":"{39e4a257-191f-5f91-6312-000000000700}","Image":"C:\\Windows\\System32\\conhost.exe","ImageLoaded":"C:\\Windows\\System32\\msctf.dll","Level":"4","Channel":"Microsoft-Windows-Sysmon/Operational","Task":"7","RuleName":"-","FileVersion":"10.0.18362.1139 (WinBuild.160101.0800)","SourceName":"Microsoft-Windows-Sysmon","Hostname":"WORKSTATION5","ProcessId":"8280","Description":"MSCTF Server DLL","SignatureStatus":"Valid","Product":"Microsoft Windows Operating System","EventID":7,"Keywords":"0x8000000000000000","Signed":"true","OriginalFileName":"MSCTF.DLL","Message":"Image loaded:\r\nRuleName: -\r\nUtcTime: 2020-10-22 05:31:11.285\r\nProcessGuid: {39e4a257-191f-5f91-6312-000000000700}\r\nProcessId: 8280\r\nImage: C:\\Windows\\System32\\conhost.exe\r\nImageLoaded: C:\\Windows\\System32\\msctf.dll\r\nFileVersion: 10.0.18362.1139 (WinBuild.160101.0800)\r\nDescription: MSCTF Server DLL\r\nProduct: Microsoft Windows Operating System\r\nCompany: Microsoft Corporation\r\nOriginalFileName: MSCTF.DLL\r\nHashes: SHA1=5F7008EE8ADAABADD68C6DD5BE92D63E65FA246F,MD5=52FEBDEBB997A30DE66EBFF6C84458FE,SHA256=D5036280A629574D7421D12EDE96C8E05ED595A5DEDF1ED9678FF5667035514B,IMPHASH=E36139468C6DD82FE56B6A135839960B\r\nSigned: true\r\nSignature: Microsoft Windows\r\nSignatureStatus: Valid"}
