{"@timestamp":"2020-10-22T12:21:38.942Z","TimeCreated":"2020-10-22T12:21:38.942Z","ProviderGuid":"{5770385f-c22a-43e0-bf4c-06f5698ffbd9}","UtcTime":"2020-10-22 04:21:38.927","ProcessGuid":"{39e4a257-08d2-5f91-f411-000000000700}","Image":"C:\\windows\\hh.exe","Level":"4","Channel":"Microsoft-Windows-Sysmon/Operational","Task":"12","RuleName":"-","SourceName":"Microsoft-Windows-Sysmon","Hostname":"WORKSTATION5","ProcessId":"9144","EventType":"CreateKey","EventID":12,"Keywords":"0x8000000000000000","TargetObject":"HKLM\\SOFTWARE\\Microsoft\\Windows\\CurrentVersion\\Explorer\\SyncRootManager","Message":"Registry object added or deleted:\r\nRuleName: -\r\nEventType: CreateKey\r\nUtcTime: 2020-10-22 04:21:38.927\r\nProcessGuid: {39e4a257-08d2-5f91-f411-000000000700}\r\nProcessId: 9144\r\nImage: C:\\windows\\hh.exe\r\nTargetObject: HKLM\\SOFTWARE\\Microsoft\\Windows\\CurrentVersion\\Explorer\\SyncRootManager"}
{"@timestamp":"2020-10-22T12:21:38.943Z","TimeCreated":"2020-10-22T12:21:38.943Z","Hashes":"SHA1=13D34F2596A43A2467CFC901CEEBE8457B7F195F,MD5=85B87A7B4F529EC541818C241B8C0F43,SHA256=2505CBAB7459C0ECD8EDDCD3E2C09827B08D718BAF197AB24BB4E69B3948A27F,IMPHASH=3173150472840D83979F027AE2D1081C","Signature":"Microsoft Windows","ProviderGuid":"{5770385f-c22a-43e0-bf4c-06f5698ffbd9}","Company":"Microsoft Corporation","UtcTime":"2020-10-22 04:21:38.927","ProcessGuid":"{39e4a257-08d2-5f91-f411-000000000700}","Image":"C:\\Windows\\hh.exe","ImageLoaded":"C:\\Windows\\System32\\edputil.dll","Level":"4","Channel":"Microsoft-Windows-Sysmon/Operational","Task":"7","RuleName":"-","FileVersion":"10.0.18362.1 (WinBuild.160101.0800)","SourceName":"Microsoft-Windows-Sysmon","Hostname":"WORKSTATION5","ProcessId":"9144","Description":"EDP util","SignatureStatus":"Valid","Product":"Microsoft Windows Operating System","EventID":7,"Keywords":"0x8000000000000000","Signed":"true","OriginalFileName":"EDPUTIL.DLL","Message":"Image loaded:\r\nRuleName: -\r\nUtcTime: 2020-10-22 04:21:38.927\r\nProcessGuid: {39e4a257-08d2-5f91-f411-000000000700}\r\nProcessId: 9144\r\nImage: C:\\Windows\\hh.exe\r\nImageLoaded: C:\\Windows\\System32\\edputil.dll\r\nFileVersion: 10.0.18362.1 (WinBuild.160101.0800)\r\nDescription: EDP util\r\nProduct: Microsoft Windows Operating System\r\nCompany: Microsoft Corporation\r\nOriginalFileName: EDPUTIL.DLL\r\nHashes: SHA1=13D34F2596A43A2467CFC901CEEBE8457B7F195F,MD5=85B87A7B4F529EC541818C241B8C0F43,SHA256=2505CBAB7459C0ECD8EDDCD3E2C09827B08D718BAF197AB24BB4E69B3948A27F,IMPHASH=3173150472840D83979F027AE2D1081C\r\nSigned: true\r\nSignature: Microsoft Windows\r\nSignatureStatus: Valid"}
{"@timestamp":"2020-10-22T12:21:38.947Z","TimeCreated":"2020-10-22T12:21:38.947Z","Hashes":"SHA1=870F4150AF0FA7BE2478A317E603BC355D623C01,MD5=37B2BCAFF03971D5012BF4EEA367FE4E,SHA256=1D31786E5F23E9C0791EA626B10B0F8250E377000C6668F4141EAD6302A46C5A,IMPHASH=A39887077F3ADC1F3BE7B73D8983927E","Signature":"Microsoft Windows","ProviderGuid":"{5770385f-c22a-43e0-bf4c-06f5698ffbd9}","Company":"Microsoft Corporation","UtcTime":"2020-10-22 04:21:38.943","ProcessGuid":"{39e4a257-08d2-5f91-f411-000000000700}","Image":"C:\\Windows\\hh.exe","ImageLoaded":"C:\\Windows\\System32\\Windows.StateRepositoryPS.dll","Level":"4","Channel":"Microsoft-Windows-Sysmon/Operational","Task":"7","RuleName":"-","FileVersion":"10.0.18362.1082 (WinBuild.160101.0800)","SourceName":"Microsoft-Windows-Sysmon","Hostname":"WORKSTATION5","ProcessId":"9144","Description":"Windows StateRepository Proxy/Stub Server","SignatureStatus":"Valid","Product":"Microsoft Windows Operating System","EventID":7,"Keywords":"0x8000000000000000","Signed":"true","OriginalFileName":"Windows.StateRepositoryPS.dll","Message":"Image loaded:\r\nRuleName: -\r\nUtcTime: 2020-10-22 04:21:38.943\r\nProcessGuid: {39e4a257-08d2-5f91-f411-000000000700}\r\nProcessId: 9144\r\nImage: C:\\Windows\\hh.exe\r\nImageLoaded: C:\\Windows\\System32\\Windows.StateRepositoryPS.dll\r\nFileVersion: 10.0.18362.1082 (WinBuild.160101.0800)\r\nDescription: Windows StateRepository Proxy/Stub Server\r\nProduct: Microsoft Windows Operating System\r\nCompany: Microsoft Corporation\r\nOriginalFileName: Windows.StateRepositoryPS.dll\r\nHashes: SHA1=870F4150AF0FA7BE2478A317E603BC355D623C01,MD5=37B2BCAFF03971D5012BF4EEA367FE4E,SHA256=1D31786E5F23E9C0791EA626B10B0F8250E377000C6668F4141EAD6302A46C5A,IMPHASH=A39887077F3ADC1F3BE7B73D8983927E\r\nSigned: true\r\nSignature: Microsoft Windows\r\nSignatureStatus: Valid"}
{"GrantedAccess":"0x1000","@timestamp":"2020-10-22T12:21:38.952Z","TimeCreated":"2020-10-22T12:21:38.952Z","SourceThreadId":"5316","SourceImage":"C:\\windows\\system32\\svchost.exe","ProviderGuid":"{5770385f-c22a-43e0-bf4c-06f5698ffbd9}","CallTrace":"C:\\windows\\SYSTEM32\\ntdll.dll+9d154|C:\\windows\\System32\\RPCRT4.dll+2d354|C:\\windows\\System32\\combase.dll+b855b|c:\\windows\\system32\\windows.staterepository.dll+223f5|c:\\windows\\system32\\windows.staterepository.dll+23465|C:\\windows\\System32\\RPCRT4.dll+76a63|C:\\windows\\System32\\RPCRT4.dll+da036|C:\\windows\\System32\\RPCRT4.dll+383b9|C:\\windows\\System32\\combase.dll+a5d13|C:\\windows\\System32\\RPCRT4.dll+59bab|C:\\windows\\System32\\combase.dll+8d0e3|C:\\windows\\System32\\combase.dll+8ced3|C:\\windows\\System32\\combase.dll+a9556|C:\\windows\\System32\\combase.dll+8a4fa|C:\\windows\\System32\\combase.dll+a47ed|C:\\windows\\System32\\combase.dll+401ac|C:\\windows\\System32\\combase.dll+40a11|C:\\windows\\System32\\combase.dll+421b8|C:\\windows\\System32\\RPCRT4.dll+549f8|C:\\windows\\System32\\RPCRT4.dll+2c9b1|C:\\windows\\System32\\RPCRT4.dll+2c500|C:\\windows\\System32\\RPCRT4.dll+1a71f|C:\\windows\\System32\\RPCRT4.dll+19d7a|C:\\windows\\System32\\RPCRT4.dll+19361","UtcTime":"2020-10-22 04:21:38.943","TargetProcessGUID":"{39e4a257-08d2-5f91-f411-000000000700}","SourceProcessId":"2072","Level":"4","Channel":"Microsoft-Windows-Sysmon/Operational","Task":"10","RuleName":"-","SourceName":"Microsoft-Windows-Sysmon","Hostname":"WORKSTATION5","SourceProcessGUID":"{39e4a257-f1ad-5f8b-9500-000000000700}","TargetProcessId":"9144","EventID":10,"Keywords":"0x8000000000000000","TargetImage":"C:\\windows\\hh.exe","Message":"Process accessed:\r\nRuleName: -\r\nUtcTime: 2020-10-22 04:21:38.943\r\nSourceProcessGUID: {39e4a257-f1ad-5f8b-9500-000000000700}\r\nSourceProcessId: 2072\r\nSourceThreadId: 5316\r\nSourceImage: C:\\windows\\system32\\svchost.exe\r\nTargetProcessGUID: {39e4a257-08d2-5f91-f411-000000000700}\r\nTargetProcessId: 9144\r\nTargetImage: C:\\windows\\hh.exe\r\nGrantedAccess: 0x1000\r\nCallTrace: C:\\windows\\SYSTEM32\\ntdll.dll+9d154|C:\\windows\\System32\\RPCRT4.dll+2d354|C:\\windows\\System32\\combase.dll+b855b|c:\\windows\\system32\\windows.staterepository.dll+223f5|c:\\windows\\system32\\windows.staterepository.dll+23465|C:\\windows\\System32\\RPCRT4.dll+76a63|C:\\windows\\System32\\RPCRT4.dll+da036|C:\\windows\\System32\\RPCRT4.dll+383b9|C:\\windows\\System32\\combase.dll+a5d13|C:\\windows\\System32\\RPCRT4.dll+59bab|C:\\windows\\System32\\combase.dll+8d0e3|C:\\windows\\System32\\combase.dll+8ced3|C:\\windows\\System32\\combase.dll+a9556|C:\\windows\\System32\\combase.dll+8a4fa|C:\\windows\\System32\\combase.dll+a47ed|C:\\windows\\System32\\combase.dll+401ac|C:\\windows\\System32\\combase.dll+40a11|C:\\windows\\System32\\combase.dll+421b8|C:\\windows\\System32\\RPCRT4.dll+549f8|C:\\windows\\System32\\RPCRT4.dll+2c9b1|C:\\windows\\System32\\RPCRT4.dll+2c500|C:\\windows\\System32\\RPCRT4.dll+1a71f|C:\\windows\\System32\\RPCRT4.dll+19d7a|C:\\windows\\System32\\RPCRT4.dll+19361"}
{"@timestamp":"2020-10-22T12:21:38.959Z","TimeCreated":"2020-10-22T12:21:38.959Z","Hashes":"SHA1=1FEE5F8E9F4073DE0AAC2847613086868C28FA75,MD5=A0F67438C0D5CB82C8CF41EC02F3F486,SHA256=00015FA066E590A25F190B53DA7A7D0E150140C6DB70D1DC895A7BD91CF2D5D9,IMPHASH=0FF388423A7E604F50714D7928F133B9","Signature":"Microsoft Windows","ProviderGuid":"{5770385f-c22a-43e0-bf4c-06f5698ffbd9}","Company":"Microsoft Corporation","UtcTime":"2020-10-22 04:21:38.943","ProcessGuid":"{39e4a257-08d2-5f91-f411-000000000700}","Image":"C:\\Windows\\hh.exe","ImageLoaded":"C:\\Windows\\System32\\cldapi.dll","Level":"4","Channel":"Microsoft-Windows-Sysmon/Operational","Task":"7","RuleName":"-","FileVersion":"10.0.18362.1 (WinBuild.160101.0800)","SourceName":"Microsoft-Windows-Sysmon","Hostname":"WORKSTATION5","ProcessId":"9144","Description":"Cloud API user mode API","SignatureStatus":"Valid","Product":"Microsoft Windows Operating System","EventID":7,"Keywords":"0x8000000000000000","Signed":"true","OriginalFileName":"cldapi.dll","Message":"Image loaded:\r\nRuleName: -\r\nUtcTime: 2020-10-22 04:21:38.943\r\nProcessGuid: {39e4a257-08d2-5f91-f411-000000000700}\r\nProcessId: 9144\r\nImage: C:\\Windows\\hh.exe\r\nImageLoaded: C:\\Windows\\System32\\cldapi.dll\r\nFileVersion: 10.0.18362.1 (WinBuild.160101.0800)\r\nDescription: Cloud API user mode API\r\nProduct: Microsoft Windows Operating System\r\nCompany: Microsoft Corporation\r\nOriginalFileName: cldapi.dll\r\nHashes: SHA1=1FEE5F8E9F4073DE0AAC2847613086868C28FA75,MD5=A0F67438C0D5CB82C8CF41EC02F3F486,SHA256=00015FA066E590A25F190B53DA7A7D0E150140C6DB70D1DC895A7BD91CF2D5D9,IMPHASH=0FF388423A7E604F50714D7928F133B9\r\nSigned: true\r\nSignature: Microsoft Windows\r\nSignatureStatus: Valid"}
{"@timestamp":"2020-10-22T12:21:38.962Z","TimeCreated":"2020-10-22T12:21:38.962Z","Hashes":"SHA1=271C76A65E9B4EEB235A7160D5B1286CCE8C13FF,MD5=E202DD92848C5103C9ABF8ECD22BC539,SHA256=353F8D4E647A11F235F4262D913F7BAC4C4F266EAC4601EA416E861AFD611912,IMPHASH=1AC90E68C7E7F27FB14870BE142D19C0","Signature":"Microsoft Windows","ProviderGuid":"{5770385f-c22a-43e0-bf4c-06f5698ffbd9}","Company":"Microsoft Corporation","UtcTime":"2020-10-22 04:21:38.943","ProcessGuid":"{39e4a257-08d2-5f91-f411-000000000700}","Image":"C:\\Windows\\hh.exe","ImageLoaded":"C:\\Windows\\System32\\fltLib.dll","Level":"4","Channel":"Microsoft-Windows-Sysmon/Operational","Task":"7","RuleName":"-","FileVersion":"10.0.18362.1 (WinBuild.160101.0800)","SourceName":"Microsoft-Windows-Sysmon","Hostname":"WORKSTATION5","ProcessId":"9144","Description":"Filter Library","SignatureStatus":"Valid","Product":"Microsoft Windows Operating System","EventID":7,"Keywords":"0x8000000000000000","Signed":"true","OriginalFileName":"filterLib.dll","Message":"Image loaded:\r\nRuleName: -\r\nUtcTime: 2020-10-22 04:21:38.943\r\nProcessGuid: {39e4a257-08d2-5f91-f411-000000000700}\r\nProcessId: 9144\r\nImage: C:\\Windows\\hh.exe\r\nImageLoaded: C:\\Windows\\System32\\fltLib.dll\r\nFileVersion: 10.0.18362.1 (WinBuild.160101.0800)\r\nDescription: Filter Library\r\nProduct: Microsoft Windows Operating System\r\nCompany: Microsoft Corporation\r\nOriginalFileName: filterLib.dll\r\nHashes: SHA1=271C76A65E9B4EEB235A7160D5B1286CCE8C13FF,MD5=E202DD92848C5103C9ABF8ECD22BC539,SHA256=353F8D4E647A11F235F4262D913F7BAC4C4F266EAC4601EA416E861AFD611912,IMPHASH=1AC90E68C7E7F27FB14870BE142D19C0\r\nSigned: true\r\nSignature: Microsoft Windows\r\nSignatureStatus: Valid"}
{"@timestamp":"2020-10-22T12:21:38.963Z","TimeCreated":"2020-10-22T12:21:38.963Z","Hashes":"SHA1=348ECF645C175FE1BCAC883AECBA772AF71FCC1B,MD5=7C585044BFB8C5F7431BE7CEC368C1D7,SHA256=372A0BD724BECBE1B5F135F0EEBF437726A20995DB4B7128D09FC018BF0A9B42,IMPHASH=46D841D6B9431C85B1224721FAD51789","Signature":"Microsoft Windows","ProviderGuid":"{5770385f-c22a-43e0-bf4c-06f5698ffbd9}","Company":"Microsoft Corporation","UtcTime":"2020-10-22 04:21:38.943","ProcessGuid":"{39e4a257-08d2-5f91-f411-000000000700}","Image":"C:\\Windows\\hh.exe","ImageLoaded":"C:\\Windows\\System32\\AppResolver.dll","Level":"4","Channel":"Microsoft-Windows-Sysmon/Operational","Task":"7","RuleName":"-","FileVersion":"10.0.18362.356 (WinBuild.160101.0800)","SourceName":"Microsoft-Windows-Sysmon","Hostname":"WORKSTATION5","ProcessId":"9144","Description":"App Resolver","SignatureStatus":"Valid","Product":"Microsoft Windows Operating System","EventID":7,"Keywords":"0x8000000000000000","Signed":"true","OriginalFileName":"AppResolver.dll","Message":"Image loaded:\r\nRuleName: -\r\nUtcTime: 2020-10-22 04:21:38.943\r\nProcessGuid: {39e4a257-08d2-5f91-f411-000000000700}\r\nProcessId: 9144\r\nImage: C:\\Windows\\hh.exe\r\nImageLoaded: C:\\Windows\\System32\\AppResolver.dll\r\nFileVersion: 10.0.18362.356 (WinBuild.160101.0800)\r\nDescription: App Resolver\r\nProduct: Microsoft Windows Operating System\r\nCompany: Microsoft Corporation\r\nOriginalFileName: AppResolver.dll\r\nHashes: SHA1=348ECF645C175FE1BCAC883AECBA772AF71FCC1B,MD5=7C585044BFB8C5F7431BE7CEC368C1D7,SHA256=372A0BD724BECBE1B5F135F0EEBF437726A20995DB4B7128D09FC018BF0A9B42,IMPHASH=46D841D6B9431C85B1224721FAD51789\r\nSigned: true\r\nSignature: Microsoft Windows\r\nSignatureStatus: Valid"}
{"@timestamp":"2020-10-22T12:21:38.963Z","TimeCreated":"2020-10-22T12:21:38.963Z","Hashes":"SHA1=0AEA5AB61A9DAE9505083DD74FB6A5F8B55339AD,MD5=4419A2385D10CE1DC3107421ADB51EEC,SHA256=5B771BBF18781C64AEA1974B90DE385BB090C360A12B967E05E0B7D6D40E3DB0,IMPHASH=5961569E1666EF01D6036E9B6F3791E2","Signature":"Microsoft Windows","ProviderGuid":"{5770385f-c22a-43e0-bf4c-06f5698ffbd9}","Company":"Microsoft Corporation","UtcTime":"2020-10-22 04:21:38.958","ProcessGuid":"{39e4a257-08d2-5f91-f411-000000000700}","Image":"C:\\Windows\\hh.exe","ImageLoaded":"C:\\Windows\\System32\\BCP47Langs.dll","Level":"4","Channel":"Microsoft-Windows-Sysmon/Operational","Task":"7","RuleName":"-","FileVersion":"10.0.18362.997 (WinBuild.160101.0800)","SourceName":"Microsoft-Windows-Sysmon","Hostname":"WORKSTATION5","ProcessId":"9144","Description":"BCP47 Language Classes","SignatureStatus":"Valid","Product":"Microsoft Windows Operating System","EventID":7,"Keywords":"0x8000000000000000","Signed":"true","OriginalFileName":"BCP47Lang.dll","Message":"Image loaded:\r\nRuleName: -\r\nUtcTime: 2020-10-22 04:21:38.958\r\nProcessGuid: {39e4a257-08d2-5f91-f411-000000000700}\r\nProcessId: 9144\r\nImage: C:\\Windows\\hh.exe\r\nImageLoaded: C:\\Windows\\System32\\BCP47Langs.dll\r\nFileVersion: 10.0.18362.997 (WinBuild.160101.0800)\r\nDescription: BCP47 Language Classes\r\nProduct: Microsoft Windows Operating System\r\nCompany: Microsoft Corporation\r\nOriginalFileName: BCP47Lang.dll\r\nHashes: SHA1=0AEA5AB61A9DAE9505083DD74FB6A5F8B55339AD,MD5=4419A2385D10CE1DC3107421ADB51EEC,SHA256=5B771BBF18781C64AEA1974B90DE385BB090C360A12B967E05E0B7D6D40E3DB0,IMPHASH=5961569E1666EF01D6036E9B6F3791E2\r\nSigned: true\r\nSignature: Microsoft Windows\r\nSignatureStatus: Valid"}
{"@timestamp":"2020-10-22T12:21:38.964Z","TimeCreated":"2020-10-22T12:21:38.964Z","Hashes":"SHA1=41DE5F5C5B1A510C242B547DECA255C8E45D8F23,MD5=42390474E879A10E0845C31B423B6429,SHA256=A599E64CEDFDC1FC83A26C16CD5489845CE1F5193A1D47C16EDA31A877DE05F1,IMPHASH=40361D3C7E0F5584BFB571747DB802D4","Signature":"Microsoft Windows","ProviderGuid":"{5770385f-c22a-43e0-bf4c-06f5698ffbd9}","Company":"Microsoft Corporation","UtcTime":"2020-10-22 04:21:38.958","ProcessGuid":"{39e4a257-08d2-5f91-f411-000000000700}","Image":"C:\\Windows\\hh.exe","ImageLoaded":"C:\\Windows\\System32\\slc.dll","Level":"4","Channel":"Microsoft-Windows-Sysmon/Operational","Task":"7","RuleName":"-","FileVersion":"10.0.18362.815 (WinBuild.160101.0800)","SourceName":"Microsoft-Windows-Sysmon","Hostname":"WORKSTATION5","ProcessId":"9144","Description":"Software Licensing Client Dll","SignatureStatus":"Valid","Product":"Microsoft Windows Operating System","EventID":7,"Keywords":"0x8000000000000000","Signed":"true","OriginalFileName":"slc.dll","Message":"Image loaded:\r\nRuleName: -\r\nUtcTime: 2020-10-22 04:21:38.958\r\nProcessGuid: {39e4a257-08d2-5f91-f411-000000000700}\r\nProcessId: 9144\r\nImage: C:\\Windows\\hh.exe\r\nImageLoaded: C:\\Windows\\System32\\slc.dll\r\nFileVersion: 10.0.18362.815 (WinBuild.160101.0800)\r\nDescription: Software Licensing Client Dll\r\nProduct: Microsoft Windows Operating System\r\nCompany: Microsoft Corporation\r\nOriginalFileName: slc.dll\r\nHashes: SHA1=41DE5F5C5B1A510C242B547DECA255C8E45D8F23,MD5=42390474E879A10E0845C31B423B6429,SHA256=A599E64CEDFDC1FC83A26C16CD5489845CE1F5193A1D47C16EDA31A877DE05F1,IMPHASH=40361D3C7E0F5584BFB571747DB802D4\r\nSigned: true\r\nSignature: Microsoft Windows\r\nSignatureStatus: Valid"}
{"@timestamp":"2020-10-22T12:21:38.964Z","TimeCreated":"2020-10-22T12:21:38.964Z","Hashes":"SHA1=92F05DAD4B534A6702DD86D00782972D98C8C16C,MD5=05E839DB5511AB6D83DF753BE40C4F02,SHA256=6C5372D5D20C7A76E1A975A15118ADCE36E48683C762AC015A41CAE5A2AF79A0,IMPHASH=2560F722BC4411B590E8E87B2589E955","Signature":"Microsoft Windows","ProviderGuid":"{5770385f-c22a-43e0-bf4c-06f5698ffbd9}","Company":"Microsoft Corporation","UtcTime":"2020-10-22 04:21:38.958","ProcessGuid":"{39e4a257-08d2-5f91-f411-000000000700}","Image":"C:\\Windows\\hh.exe","ImageLoaded":"C:\\Windows\\System32\\sppc.dll","Level":"4","Channel":"Microsoft-Windows-Sysmon/Operational","Task":"7","RuleName":"-","FileVersion":"10.0.18362.815 (WinBuild.160101.0800)","SourceName":"Microsoft-Windows-Sysmon","Hostname":"WORKSTATION5","ProcessId":"9144","Description":"Software Licensing Client Dll","SignatureStatus":"Valid","Product":"Microsoft Windows Operating System","EventID":7,"Keywords":"0x8000000000000000","Signed":"true","OriginalFileName":"sppc.dll","Message":"Image loaded:\r\nRuleName: -\r\nUtcTime: 2020-10-22 04:21:38.958\r\nProcessGuid: {39e4a257-08d2-5f91-f411-000000000700}\r\nProcessId: 9144\r\nImage: C:\\Windows\\hh.exe\r\nImageLoaded: C:\\Windows\\System32\\sppc.dll\r\nFileVersion: 10.0.18362.815 (WinBuild.160101.0800)\r\nDescription: Software Licensing Client Dll\r\nProduct: Microsoft Windows Operating System\r\nCompany: Microsoft Corporation\r\nOriginalFileName: sppc.dll\r\nHashes: SHA1=92F05DAD4B534A6702DD86D00782972D98C8C16C,MD5=05E839DB5511AB6D83DF753BE40C4F02,SHA256=6C5372D5D20C7A76E1A975A15118ADCE36E48683C762AC015A41CAE5A2AF79A0,IMPHASH=2560F722BC4411B590E8E87B2589E955\r\nSigned: true\r\nSignature: Microsoft Windows\r\nSignatureStatus: Valid"}
{"@timestamp":"2020-10-22T12:21:38.967Z","TimeCreated":"2020-10-22T12:21:38.967Z","Hashes":"SHA1=A41B65A11638C58B99039B5099D4229E33761541,MD5=7EBFDCF78039F8A62E76687F29973FDE,SHA256=DC80D03DBCBB7D276E6D14EC19EAF6A31C6BE4EEFE8562FDF086BF73DF3BE5F6,IMPHASH=E20DAD2DC874B17CCC1F3ED8FB387E79","Signature":"Microsoft Windows","ProviderGuid":"{5770385f-c22a-43e0-bf4c-06f5698ffbd9}","Company":"Microsoft Corporation","UtcTime":"2020-10-22 04:21:38.958","ProcessGuid":"{39e4a257-08d2-5f91-f411-000000000700}","Image":"C:\\Windows\\hh.exe","ImageLoaded":"C:\\Windows\\System32\\OneCoreCommonProxyStub.dll","Level":"4","Channel":"Microsoft-Windows-Sysmon/Operational","Task":"7","RuleName":"-","FileVersion":"10.0.18362.1 (WinBuild.160101.0800)","SourceName":"Microsoft-Windows-Sysmon","Hostname":"WORKSTATION5","ProcessId":"9144","Description":"OneCore Common Proxy Stub","SignatureStatus":"Valid","Product":"Microsoft Windows Operating System","EventID":7,"Keywords":"0x8000000000000000","Signed":"true","OriginalFileName":"OneCoreCommonProxyStub.dll","Message":"Image loaded:\r\nRuleName: -\r\nUtcTime: 2020-10-22 04:21:38.958\r\nProcessGuid: {39e4a257-08d2-5f91-f411-000000000700}\r\nProcessId: 9144\r\nImage: C:\\Windows\\hh.exe\r\nImageLoaded: C:\\Windows\\System32\\OneCoreCommonProxyStub.dll\r\nFileVersion: 10.0.18362.1 (WinBuild.160101.0800)\r\nDescription: OneCore Common Proxy Stub\r\nProduct: Microsoft Windows Operating System\r\nCompany: Microsoft Corporation\r\nOriginalFileName: OneCoreCommonProxyStub.dll\r\nHashes: SHA1=A41B65A11638C58B99039B5099D4229E33761541,MD5=7EBFDCF78039F8A62E76687F29973FDE,SHA256=DC80D03DBCBB7D276E6D14EC19EAF6A31C6BE4EEFE8562FDF086BF73DF3BE5F6,IMPHASH=E20DAD2DC874B17CCC1F3ED8FB387E79\r\nSigned: true\r\nSignature: Microsoft Windows\r\nSignatureStatus: Valid"}
{"@timestamp":"2020-10-22T12:21:38.971Z","TimeCreated":"2020-10-22T12:21:38.971Z","Hashes":"SHA1=8F5C66D8E34EF2CCE536471768A50E402D0BF3A6,MD5=6ACDDEE39DC33C401471DE4FE9205A55,SHA256=24DF62D41A3753435D94D5904DB8EF75457DFD115F93BB7EA3EAD2EEBF72FC3D,IMPHASH=1829F1ADD9570A03664654948E98E4E7","Signature":"Microsoft Windows","ProviderGuid":"{5770385f-c22a-43e0-bf4c-06f5698ffbd9}","Company":"Microsoft Corporation","UtcTime":"2020-10-22 04:21:38.958","ProcessGuid":"{39e4a257-08d2-5f91-f411-000000000700}","Image":"C:\\Windows\\hh.exe","ImageLoaded":"C:\\Windows\\System32\\OneCoreUAPCommonProxyStub.dll","Level":"4","Channel":"Microsoft-Windows-Sysmon/Operational","Task":"7","RuleName":"-","FileVersion":"10.0.18362.1082 (WinBuild.160101.0800)","SourceName":"Microsoft-Windows-Sysmon","Hostname":"WORKSTATION5","ProcessId":"9144","Description":"OneCoreUAP Common Proxy Stub","SignatureStatus":"Valid","Product":"Microsoft Windows Operating System","EventID":7,"Keywords":"0x8000000000000000","Signed":"true","OriginalFileName":"OneCoreUAPCommonProxyStub.dll","Message":"Image loaded:\r\nRuleName: -\r\nUtcTime: 2020-10-22 04:21:38.958\r\nProcessGuid: {39e4a257-08d2-5f91-f411-000000000700}\r\nProcessId: 9144\r\nImage: C:\\Windows\\hh.exe\r\nImageLoaded: C:\\Windows\\System32\\OneCoreUAPCommonProxyStub.dll\r\nFileVersion: 10.0.18362.1082 (WinBuild.160101.0800)\r\nDescription: OneCoreUAP Common Proxy Stub\r\nProduct: Microsoft Windows Operating System\r\nCompany: Microsoft Corporation\r\nOriginalFileName: OneCoreUAPCommonProxyStub.dll\r\nHashes: SHA1=8F5C66D8E34EF2CCE536471768A50E402D0BF3A6,MD5=6ACDDEE39DC33C401471DE4FE9205A55,SHA256=24DF62D41A3753435D94D5904DB8EF75457DFD115F93BB7EA3EAD2EEBF72FC3D,IMPHASH=1829F1ADD9570A03664654948E98E4E7\r\nSigned: true\r\nSignature: Microsoft Windows\r\nSignatureStatus: Valid"}
{"@timestamp":"2020-10-22T12:21:38.979Z","TimeCreated":"2020-10-22T12:21:38.979Z","ProviderGuid":"{5770385f-c22a-43e0-bf4c-06f5698ffbd9}","UtcTime":"2020-10-22 04:21:38.958","ProcessGuid":"{39e4a257-08d2-5f91-f411-000000000700}","Image":"C:\\windows\\hh.exe","Level":"4","Channel":"Microsoft-Windows-Sysmon/Operational","Task":"13","RuleName":"-","SourceName":"Microsoft-Windows-Sysmon","Hostname":"WORKSTATION5","Details":"Binary Data","ProcessId":"9144","EventType":"SetValue","EventID":13,"Keywords":"0x8000000000000000","TargetObject":"HKLM\\System\\CurrentControlSet\\Services\\bam\\State\\UserSettings\\S-1-5-21-3940915590-64593676-1414006259-500\\\\Device\\HarddiskVolume2\\Windows\\System32\\cmd.exe","Message":"Registry value set:\r\nRuleName: -\r\nEventType: SetValue\r\nUtcTime: 2020-10-22 04:21:38.958\r\nProcessGuid: {39e4a257-08d2-5f91-f411-000000000700}\r\nProcessId: 9144\r\nImage: C:\\windows\\hh.exe\r\nTargetObject: HKLM\\System\\CurrentControlSet\\Services\\bam\\State\\UserSettings\\S-1-5-21-3940915590-64593676-1414006259-500\\\\Device\\HarddiskVolume2\\Windows\\System32\\cmd.exe\r\nDetails: Binary Data"}
{"Keywords":"0x8000000000000000","Task":"1","Description":"Windows Command Processor","CommandLine":"\"C:\\Windows\\System32\\cmd.exe\" /c calc.exe","TimeCreated":"2020-10-22T12:21:38.980Z","Product":"Microsoft Windows Operating System","Company":"Microsoft Corporation","OriginalFileName":"Cmd.Exe","User":"WORKSTATION5\\wardog","ParentProcessId":"9144","SourceName":"Microsoft-Windows-Sysmon","IntegrityLevel":"High","ProcessGuid":"{39e4a257-08d2-5f91-f511-000000000700}","CurrentDirectory":"C:\\Users\\wardog\\","Hashes":"SHA1=8DCA9749CD48D286950E7A9FA1088C937CBCCAD4,MD5=D7AB69FAD18D4A643D84A271DFC0DBDF,SHA256=FF79D3C4A0B7EB191783C323AB8363EBD1FD10BE58D8BCC96B07067743CA81D5,IMPHASH=272245E2988E1E430500B852C4FB5E18","UtcTime":"2020-10-22 04:21:38.972","ParentCommandLine":"\"C:\\windows\\hh.exe\" C:\\ProgramData\\T1218.001.chm","TerminalSessionId":"2","ProcessId":"10948","ParentImage":"C:\\Windows\\hh.exe","FileVersion":"10.0.18362.449 (WinBuild.160101.0800)","ParentProcessGuid":"{39e4a257-08d2-5f91-f411-000000000700}","@timestamp":"2020-10-22T12:21:38.980Z","LogonGuid":"{39e4a257-f1ac-5f8b-d961-0c0000000000}","Image":"C:\\Windows\\System32\\cmd.exe","Hostname":"WORKSTATION5","LogonId":"0xc61d9","Level":"4","EventID":1,"ProviderGuid":"{5770385f-c22a-43e0-bf4c-06f5698ffbd9}","RuleName":"-","Message":"Process Create:\r\nRuleName: -\r\nUtcTime: 2020-10-22 04:21:38.972\r\nProcessGuid: {39e4a257-08d2-5f91-f511-000000000700}\r\nProcessId: 10948\r\nImage: C:\\Windows\\System32\\cmd.exe\r\nFileVersion: 10.0.18362.449 (WinBuild.160101.0800)\r\nDescription: Windows Command Processor\r\nProduct: Microsoft Windows Operating System\r\nCompany: Microsoft Corporation\r\nOriginalFileName: Cmd.Exe\r\nCommandLine: \"C:\\Windows\\System32\\cmd.exe\" /c calc.exe\r\nCurrentDirectory: C:\\Users\\wardog\\\r\nUser: WORKSTATION5\\wardog\r\nLogonGuid: {39e4a257-f1ac-5f8b-d961-0c0000000000}\r\nLogonId: 0xC61D9\r\nTerminalSessionId: 2\r\nIntegrityLevel: High\r\nHashes: SHA1=8DCA9749CD48D286950E7A9FA1088C937CBCCAD4,MD5=D7AB69FAD18D4A643D84A271DFC0DBDF,SHA256=FF79D3C4A0B7EB191783C323AB8363EBD1FD10BE58D8BCC96B07067743CA81D5,IMPHASH=272245E2988E1E430500B852C4FB5E18\r\nParentProcessGuid: {39e4a257-08d2-5f91-f411-000000000700}\r\nParentProcessId: 9144\r\nParentImage: C:\\Windows\\hh.exe\r\nParentCommandLine: \"C:\\windows\\hh.exe\" C:\\ProgramData\\T1218.001.chm","Channel":"Microsoft-Windows-Sysmon/Operational"}
{"GrantedAccess":"0x1fffff","@timestamp":"2020-10-22T12:21:38.980Z","TimeCreated":"2020-10-22T12:21:38.980Z","SourceThreadId":"6732","SourceImage":"C:\\windows\\hh.exe","ProviderGuid":"{5770385f-c22a-43e0-bf4c-06f5698ffbd9}","CallTrace":"C:\\windows\\SYSTEM32\\ntdll.dll+9d934|C:\\windows\\System32\\KERNELBASE.dll+59e1a|C:\\windows\\System32\\KERNELBASE.dll+567b6|C:\\windows\\System32\\KERNEL32.DLL+1bee3|C:\\windows\\System32\\windows.storage.dll+136816|C:\\windows\\System32\\windows.storage.dll+137033|C:\\windows\\System32\\windows.storage.dll+136658|C:\\windows\\System32\\windows.storage.dll+136483|C:\\windows\\System32\\windows.storage.dll+13617d|C:\\windows\\System32\\windows.storage.dll+1443bc|C:\\windows\\System32\\windows.storage.dll+137a4d|C:\\windows\\System32\\windows.storage.dll+146ec9|C:\\windows\\System32\\SHELL32.dll+3bbf2|C:\\windows\\System32\\SHELL32.dll+3a365|C:\\windows\\System32\\SHELL32.dll+36eb3|C:\\windows\\System32\\SHELL32.dll+3758b|C:\\windows\\System32\\SHELL32.dll+372fd|C:\\windows\\System32\\SHELL32.dll+1bf7bf|C:\\windows\\System32\\SHELL32.dll+1bf727|C:\\Windows\\System32\\hhctrl.ocx+43b00|C:\\Windows\\System32\\hhctrl.ocx+42d9e|C:\\Windows\\System32\\hhctrl.ocx+2dc0b|C:\\windows\\System32\\OLEAUT32.dll+1f3cf|C:\\windows\\System32\\OLEAUT32.dll+90e6","UtcTime":"2020-10-22 04:21:38.974","TargetProcessGUID":"{39e4a257-08d2-5f91-f511-000000000700}","SourceProcessId":"9144","Level":"4","Channel":"Microsoft-Windows-Sysmon/Operational","Task":"10","RuleName":"-","SourceName":"Microsoft-Windows-Sysmon","Hostname":"WORKSTATION5","SourceProcessGUID":"{39e4a257-08d2-5f91-f411-000000000700}","TargetProcessId":"10948","EventID":10,"Keywords":"0x8000000000000000","TargetImage":"C:\\Windows\\System32\\cmd.exe","Message":"Process accessed:\r\nRuleName: -\r\nUtcTime: 2020-10-22 04:21:38.974\r\nSourceProcessGUID: {39e4a257-08d2-5f91-f411-000000000700}\r\nSourceProcessId: 9144\r\nSourceThreadId: 6732\r\nSourceImage: C:\\windows\\hh.exe\r\nTargetProcessGUID: {39e4a257-08d2-5f91-f511-000000000700}\r\nTargetProcessId: 10948\r\nTargetImage: C:\\Windows\\System32\\cmd.exe\r\nGrantedAccess: 0x1FFFFF\r\nCallTrace: C:\\windows\\SYSTEM32\\ntdll.dll+9d934|C:\\windows\\System32\\KERNELBASE.dll+59e1a|C:\\windows\\System32\\KERNELBASE.dll+567b6|C:\\windows\\System32\\KERNEL32.DLL+1bee3|C:\\windows\\System32\\windows.storage.dll+136816|C:\\windows\\System32\\windows.storage.dll+137033|C:\\windows\\System32\\windows.storage.dll+136658|C:\\windows\\System32\\windows.storage.dll+136483|C:\\windows\\System32\\windows.storage.dll+13617d|C:\\windows\\System32\\windows.storage.dll+1443bc|C:\\windows\\System32\\windows.storage.dll+137a4d|C:\\windows\\System32\\windows.storage.dll+146ec9|C:\\windows\\System32\\SHELL32.dll+3bbf2|C:\\windows\\System32\\SHELL32.dll+3a365|C:\\windows\\System32\\SHELL32.dll+36eb3|C:\\windows\\System32\\SHELL32.dll+3758b|C:\\windows\\System32\\SHELL32.dll+372fd|C:\\windows\\System32\\SHELL32.dll+1bf7bf|C:\\windows\\System32\\SHELL32.dll+1bf727|C:\\Windows\\System32\\hhctrl.ocx+43b00|C:\\Windows\\System32\\hhctrl.ocx+42d9e|C:\\Windows\\System32\\hhctrl.ocx+2dc0b|C:\\windows\\System32\\OLEAUT32.dll+1f3cf|C:\\windows\\System32\\OLEAUT32.dll+90e6"}
{"GrantedAccess":"0x1fffff","@timestamp":"2020-10-22T12:21:38.980Z","TimeCreated":"2020-10-22T12:21:38.980Z","SourceThreadId":"5140","SourceImage":"C:\\windows\\system32\\csrss.exe","ProviderGuid":"{5770385f-c22a-43e0-bf4c-06f5698ffbd9}","CallTrace":"C:\\windows\\SYSTEM32\\ntdll.dll+9c584|C:\\windows\\system32\\basesrv.DLL+2fba|C:\\windows\\SYSTEM32\\CSRSRV.dll+5af4|C:\\windows\\SYSTEM32\\ntdll.dll+6ceaf","UtcTime":"2020-10-22 04:21:38.974","TargetProcessGUID":"{39e4a257-08d2-5f91-f511-000000000700}","SourceProcessId":"5672","Level":"4","Channel":"Microsoft-Windows-Sysmon/Operational","Task":"10","RuleName":"-","SourceName":"Microsoft-Windows-Sysmon","Hostname":"WORKSTATION5","SourceProcessGUID":"{39e4a257-f1a8-5f8b-8d00-000000000700}","TargetProcessId":"10948","EventID":10,"Keywords":"0x8000000000000000","TargetImage":"C:\\Windows\\System32\\cmd.exe","Message":"Process accessed:\r\nRuleName: -\r\nUtcTime: 2020-10-22 04:21:38.974\r\nSourceProcessGUID: {39e4a257-f1a8-5f8b-8d00-000000000700}\r\nSourceProcessId: 5672\r\nSourceThreadId: 5140\r\nSourceImage: C:\\windows\\system32\\csrss.exe\r\nTargetProcessGUID: {39e4a257-08d2-5f91-f511-000000000700}\r\nTargetProcessId: 10948\r\nTargetImage: C:\\Windows\\System32\\cmd.exe\r\nGrantedAccess: 0x1FFFFF\r\nCallTrace: C:\\windows\\SYSTEM32\\ntdll.dll+9c584|C:\\windows\\system32\\basesrv.DLL+2fba|C:\\windows\\SYSTEM32\\CSRSRV.dll+5af4|C:\\windows\\SYSTEM32\\ntdll.dll+6ceaf"}
{"@timestamp":"2020-10-22T12:21:38.981Z","TimeCreated":"2020-10-22T12:21:38.981Z","Hashes":"SHA1=2006BDF15EAED226CE4FDB5337F7C121C311A0AE,MD5=3051E3AB25FBF0401FCA1A4CF63B2507,SHA256=B9FE6B85C174DB6BCAF0DA9961B9247FC79F0757DB3401AA3184E80BE339CB75,IMPHASH=00000000000000000000000000000000","Signature":"Microsoft Windows","ProviderGuid":"{5770385f-c22a-43e0-bf4c-06f5698ffbd9}","Company":"Microsoft Corporation","UtcTime":"2020-10-22 04:21:38.974","ProcessGuid":"{39e4a257-08d2-5f91-f511-000000000700}","Image":"C:\\Windows\\System32\\cmd.exe","ImageLoaded":"C:\\Windows\\System32\\ntdll.dll","Level":"4","Channel":"Microsoft-Windows-Sysmon/Operational","Task":"7","RuleName":"-","FileVersion":"10.0.18362.1139 (WinBuild.160101.0800)","SourceName":"Microsoft-Windows-Sysmon","Hostname":"WORKSTATION5","ProcessId":"10948","Description":"NT Layer DLL","SignatureStatus":"Valid","Product":"Microsoft Windows Operating System","EventID":7,"Keywords":"0x8000000000000000","Signed":"true","OriginalFileName":"ntdll.dll","Message":"Image loaded:\r\nRuleName: -\r\nUtcTime: 2020-10-22 04:21:38.974\r\nProcessGuid: {39e4a257-08d2-5f91-f511-000000000700}\r\nProcessId: 10948\r\nImage: C:\\Windows\\System32\\cmd.exe\r\nImageLoaded: C:\\Windows\\System32\\ntdll.dll\r\nFileVersion: 10.0.18362.1139 (WinBuild.160101.0800)\r\nDescription: NT Layer DLL\r\nProduct: Microsoft Windows Operating System\r\nCompany: Microsoft Corporation\r\nOriginalFileName: ntdll.dll\r\nHashes: SHA1=2006BDF15EAED226CE4FDB5337F7C121C311A0AE,MD5=3051E3AB25FBF0401FCA1A4CF63B2507,SHA256=B9FE6B85C174DB6BCAF0DA9961B9247FC79F0757DB3401AA3184E80BE339CB75,IMPHASH=00000000000000000000000000000000\r\nSigned: true\r\nSignature: Microsoft Windows\r\nSignatureStatus: Valid"}
{"@timestamp":"2020-10-22T12:21:38.982Z","TimeCreated":"2020-10-22T12:21:38.982Z","Hashes":"SHA1=D207A86541CABC3190BBD5B1CC982F6D7C90051B,MD5=ED906DB51BCB4F5A68606D2683AF44A3,SHA256=DF5CE6E95294579D7D7D16C47CB3DC5C8FA1DB53CCE56091E3496309B0D87536,IMPHASH=D3645703895C4EBB8EA5B9B26816A081","Signature":"Microsoft Windows","ProviderGuid":"{5770385f-c22a-43e0-bf4c-06f5698ffbd9}","Company":"Microsoft Corporation","UtcTime":"2020-10-22 04:21:38.974","ProcessGuid":"{39e4a257-08d2-5f91-f511-000000000700}","Image":"C:\\Windows\\System32\\cmd.exe","ImageLoaded":"C:\\Windows\\System32\\kernel32.dll","Level":"4","Channel":"Microsoft-Windows-Sysmon/Operational","Task":"7","RuleName":"-","FileVersion":"10.0.18362.1110 (WinBuild.160101.0800)","SourceName":"Microsoft-Windows-Sysmon","Hostname":"WORKSTATION5","ProcessId":"10948","Description":"Windows NT BASE API Client DLL","SignatureStatus":"Valid","Product":"Microsoft Windows Operating System","EventID":7,"Keywords":"0x8000000000000000","Signed":"true","OriginalFileName":"kernel32","Message":"Image loaded:\r\nRuleName: -\r\nUtcTime: 2020-10-22 04:21:38.974\r\nProcessGuid: {39e4a257-08d2-5f91-f511-000000000700}\r\nProcessId: 10948\r\nImage: C:\\Windows\\System32\\cmd.exe\r\nImageLoaded: C:\\Windows\\System32\\kernel32.dll\r\nFileVersion: 10.0.18362.1110 (WinBuild.160101.0800)\r\nDescription: Windows NT BASE API Client DLL\r\nProduct: Microsoft Windows Operating System\r\nCompany: Microsoft Corporation\r\nOriginalFileName: kernel32\r\nHashes: SHA1=D207A86541CABC3190BBD5B1CC982F6D7C90051B,MD5=ED906DB51BCB4F5A68606D2683AF44A3,SHA256=DF5CE6E95294579D7D7D16C47CB3DC5C8FA1DB53CCE56091E3496309B0D87536,IMPHASH=D3645703895C4EBB8EA5B9B26816A081\r\nSigned: true\r\nSignature: Microsoft Windows\r\nSignatureStatus: Valid"}
{"@timestamp":"2020-10-22T12:21:38.982Z","TimeCreated":"2020-10-22T12:21:38.982Z","Hashes":"SHA1=48B3741C6497B40F71868EFAAA9EB7A224CB8060,MD5=AEE6D39564EEB18A90C3160215941B46,SHA256=6733FEEA211EA651B5DF46D391825D7861126546AE80A42A4C1E7B1ABD0E4DA5,IMPHASH=16003AF856720C35351BB8C14AD0B0A8","Signature":"Microsoft Windows","ProviderGuid":"{5770385f-c22a-43e0-bf4c-06f5698ffbd9}","Company":"Microsoft Corporation","UtcTime":"2020-10-22 04:21:38.974","ProcessGuid":"{39e4a257-08d2-5f91-f511-000000000700}","Image":"C:\\Windows\\System32\\cmd.exe","ImageLoaded":"C:\\Windows\\System32\\KernelBase.dll","Level":"4","Channel":"Microsoft-Windows-Sysmon/Operational","Task":"7","RuleName":"-","FileVersion":"10.0.18362.1139 (WinBuild.160101.0800)","SourceName":"Microsoft-Windows-Sysmon","Hostname":"WORKSTATION5","ProcessId":"10948","Description":"Windows NT BASE API Client DLL","SignatureStatus":"Valid","Product":"Microsoft Windows Operating System","EventID":7,"Keywords":"0x8000000000000000","Signed":"true","OriginalFileName":"Kernelbase.dll","Message":"Image loaded:\r\nRuleName: -\r\nUtcTime: 2020-10-22 04:21:38.974\r\nProcessGuid: {39e4a257-08d2-5f91-f511-000000000700}\r\nProcessId: 10948\r\nImage: C:\\Windows\\System32\\cmd.exe\r\nImageLoaded: C:\\Windows\\System32\\KernelBase.dll\r\nFileVersion: 10.0.18362.1139 (WinBuild.160101.0800)\r\nDescription: Windows NT BASE API Client DLL\r\nProduct: Microsoft Windows Operating System\r\nCompany: Microsoft Corporation\r\nOriginalFileName: Kernelbase.dll\r\nHashes: SHA1=48B3741C6497B40F71868EFAAA9EB7A224CB8060,MD5=AEE6D39564EEB18A90C3160215941B46,SHA256=6733FEEA211EA651B5DF46D391825D7861126546AE80A42A4C1E7B1ABD0E4DA5,IMPHASH=16003AF856720C35351BB8C14AD0B0A8\r\nSigned: true\r\nSignature: Microsoft Windows\r\nSignatureStatus: Valid"}
{"@timestamp":"2020-10-22T12:21:38.984Z","TimeCreated":"2020-10-22T12:21:38.984Z","ProviderGuid":"{5770385f-c22a-43e0-bf4c-06f5698ffbd9}","UtcTime":"2020-10-22 04:21:38.974","ProcessGuid":"{39e4a257-08d2-5f91-f511-000000000700}","Image":"C:\\Windows\\System32\\cmd.exe","Level":"4","Channel":"Microsoft-Windows-Sysmon/Operational","Task":"13","RuleName":"-","SourceName":"Microsoft-Windows-Sysmon","Hostname":"WORKSTATION5","Details":"Binary Data","ProcessId":"10948","EventType":"SetValue","EventID":13,"Keywords":"0x8000000000000000","TargetObject":"HKLM\\System\\CurrentControlSet\\Services\\bam\\State\\UserSettings\\S-1-5-21-3940915590-64593676-1414006259-500\\\\Device\\HarddiskVolume2\\Windows\\System32\\conhost.exe","Message":"Registry value set:\r\nRuleName: -\r\nEventType: SetValue\r\nUtcTime: 2020-10-22 04:21:38.974\r\nProcessGuid: {39e4a257-08d2-5f91-f511-000000000700}\r\nProcessId: 10948\r\nImage: C:\\Windows\\System32\\cmd.exe\r\nTargetObject: HKLM\\System\\CurrentControlSet\\Services\\bam\\State\\UserSettings\\S-1-5-21-3940915590-64593676-1414006259-500\\\\Device\\HarddiskVolume2\\Windows\\System32\\conhost.exe\r\nDetails: Binary Data"}
{"Keywords":"0x8000000000000000","Task":"1","Description":"Console Window Host","CommandLine":"\\??\\C:\\windows\\system32\\conhost.exe 0xffffffff -ForceV1","TimeCreated":"2020-10-22T12:21:38.985Z","Product":"Microsoft Windows Operating System","Company":"Microsoft Corporation","OriginalFileName":"CONHOST.EXE","User":"WORKSTATION5\\wardog","ParentProcessId":"10948","SourceName":"Microsoft-Windows-Sysmon","IntegrityLevel":"High","ProcessGuid":"{39e4a257-08d2-5f91-f611-000000000700}","CurrentDirectory":"C:\\windows","Hashes":"SHA1=11996F32DD85863A8C3BFF6D520F788A9211C8F7,MD5=C5E9B1D1103EDCEA2E408E9497A5A88F,SHA256=BAF97B2A629723947539CFF84E896CD29565AB4BB68B0CEC515EB5C5D6637B69,IMPHASH=F8DD0EF565DE87D97ABF9C62EA63EC21","UtcTime":"2020-10-22 04:21:38.983","ParentCommandLine":"\"C:\\Windows\\System32\\cmd.exe\" /c calc.exe","TerminalSessionId":"2","ProcessId":"5928","ParentImage":"C:\\Windows\\System32\\cmd.exe","FileVersion":"10.0.18362.1 (WinBuild.160101.0800)","ParentProcessGuid":"{39e4a257-08d2-5f91-f511-000000000700}","@timestamp":"2020-10-22T12:21:38.985Z","LogonGuid":"{39e4a257-f1ac-5f8b-d961-0c0000000000}","Image":"C:\\Windows\\System32\\conhost.exe","Hostname":"WORKSTATION5","LogonId":"0xc61d9","Level":"4","EventID":1,"ProviderGuid":"{5770385f-c22a-43e0-bf4c-06f5698ffbd9}","RuleName":"-","Message":"Process Create:\r\nRuleName: -\r\nUtcTime: 2020-10-22 04:21:38.983\r\nProcessGuid: {39e4a257-08d2-5f91-f611-000000000700}\r\nProcessId: 5928\r\nImage: C:\\Windows\\System32\\conhost.exe\r\nFileVersion: 10.0.18362.1 (WinBuild.160101.0800)\r\nDescription: Console Window Host\r\nProduct: Microsoft Windows Operating System\r\nCompany: Microsoft Corporation\r\nOriginalFileName: CONHOST.EXE\r\nCommandLine: \\??\\C:\\windows\\system32\\conhost.exe 0xffffffff -ForceV1\r\nCurrentDirectory: C:\\windows\r\nUser: WORKSTATION5\\wardog\r\nLogonGuid: {39e4a257-f1ac-5f8b-d961-0c0000000000}\r\nLogonId: 0xC61D9\r\nTerminalSessionId: 2\r\nIntegrityLevel: High\r\nHashes: SHA1=11996F32DD85863A8C3BFF6D520F788A9211C8F7,MD5=C5E9B1D1103EDCEA2E408E9497A5A88F,SHA256=BAF97B2A629723947539CFF84E896CD29565AB4BB68B0CEC515EB5C5D6637B69,IMPHASH=F8DD0EF565DE87D97ABF9C62EA63EC21\r\nParentProcessGuid: {39e4a257-08d2-5f91-f511-000000000700}\r\nParentProcessId: 10948\r\nParentImage: C:\\Windows\\System32\\cmd.exe\r\nParentCommandLine: \"C:\\Windows\\System32\\cmd.exe\" /c calc.exe","Channel":"Microsoft-Windows-Sysmon/Operational"}
{"@timestamp":"2020-10-22T12:21:38.988Z","TimeCreated":"2020-10-22T12:21:38.988Z","Hashes":"SHA1=11996F32DD85863A8C3BFF6D520F788A9211C8F7,MD5=C5E9B1D1103EDCEA2E408E9497A5A88F,SHA256=BAF97B2A629723947539CFF84E896CD29565AB4BB68B0CEC515EB5C5D6637B69,IMPHASH=F8DD0EF565DE87D97ABF9C62EA63EC21","Signature":"Microsoft Windows","ProviderGuid":"{5770385f-c22a-43e0-bf4c-06f5698ffbd9}","Company":"Microsoft Corporation","UtcTime":"2020-10-22 04:21:38.974","ProcessGuid":"{39e4a257-08d2-5f91-f611-000000000700}","Image":"C:\\Windows\\System32\\conhost.exe","ImageLoaded":"C:\\Windows\\System32\\conhost.exe","Level":"4","Channel":"Microsoft-Windows-Sysmon/Operational","Task":"7","RuleName":"-","FileVersion":"10.0.18362.1 (WinBuild.160101.0800)","SourceName":"Microsoft-Windows-Sysmon","Hostname":"WORKSTATION5","ProcessId":"5928","Description":"Console Window Host","SignatureStatus":"Valid","Product":"Microsoft Windows Operating System","EventID":7,"Keywords":"0x8000000000000000","Signed":"true","OriginalFileName":"CONHOST.EXE","Message":"Image loaded:\r\nRuleName: -\r\nUtcTime: 2020-10-22 04:21:38.974\r\nProcessGuid: {39e4a257-08d2-5f91-f611-000000000700}\r\nProcessId: 5928\r\nImage: C:\\Windows\\System32\\conhost.exe\r\nImageLoaded: C:\\Windows\\System32\\conhost.exe\r\nFileVersion: 10.0.18362.1 (WinBuild.160101.0800)\r\nDescription: Console Window Host\r\nProduct: Microsoft Windows Operating System\r\nCompany: Microsoft Corporation\r\nOriginalFileName: CONHOST.EXE\r\nHashes: SHA1=11996F32DD85863A8C3BFF6D520F788A9211C8F7,MD5=C5E9B1D1103EDCEA2E408E9497A5A88F,SHA256=BAF97B2A629723947539CFF84E896CD29565AB4BB68B0CEC515EB5C5D6637B69,IMPHASH=F8DD0EF565DE87D97ABF9C62EA63EC21\r\nSigned: true\r\nSignature: Microsoft Windows\r\nSignatureStatus: Valid"}
{"@timestamp":"2020-10-22T12:21:38.989Z","TimeCreated":"2020-10-22T12:21:38.989Z","Hashes":"SHA1=2006BDF15EAED226CE4FDB5337F7C121C311A0AE,MD5=3051E3AB25FBF0401FCA1A4CF63B2507,SHA256=B9FE6B85C174DB6BCAF0DA9961B9247FC79F0757DB3401AA3184E80BE339CB75,IMPHASH=00000000000000000000000000000000","Signature":"Microsoft Windows","ProviderGuid":"{5770385f-c22a-43e0-bf4c-06f5698ffbd9}","Company":"Microsoft Corporation","UtcTime":"2020-10-22 04:21:38.974","ProcessGuid":"{39e4a257-08d2-5f91-f611-000000000700}","Image":"C:\\Windows\\System32\\conhost.exe","ImageLoaded":"C:\\Windows\\System32\\ntdll.dll","Level":"4","Channel":"Microsoft-Windows-Sysmon/Operational","Task":"7","RuleName":"-","FileVersion":"10.0.18362.1139 (WinBuild.160101.0800)","SourceName":"Microsoft-Windows-Sysmon","Hostname":"WORKSTATION5","ProcessId":"5928","Description":"NT Layer DLL","SignatureStatus":"Valid","Product":"Microsoft Windows Operating System","EventID":7,"Keywords":"0x8000000000000000","Signed":"true","OriginalFileName":"ntdll.dll","Message":"Image loaded:\r\nRuleName: -\r\nUtcTime: 2020-10-22 04:21:38.974\r\nProcessGuid: {39e4a257-08d2-5f91-f611-000000000700}\r\nProcessId: 5928\r\nImage: C:\\Windows\\System32\\conhost.exe\r\nImageLoaded: C:\\Windows\\System32\\ntdll.dll\r\nFileVersion: 10.0.18362.1139 (WinBuild.160101.0800)\r\nDescription: NT Layer DLL\r\nProduct: Microsoft Windows Operating System\r\nCompany: Microsoft Corporation\r\nOriginalFileName: ntdll.dll\r\nHashes: SHA1=2006BDF15EAED226CE4FDB5337F7C121C311A0AE,MD5=3051E3AB25FBF0401FCA1A4CF63B2507,SHA256=B9FE6B85C174DB6BCAF0DA9961B9247FC79F0757DB3401AA3184E80BE339CB75,IMPHASH=00000000000000000000000000000000\r\nSigned: true\r\nSignature: Microsoft Windows\r\nSignatureStatus: Valid"}
{"@timestamp":"2020-10-22T12:21:38.990Z","TimeCreated":"2020-10-22T12:21:38.990Z","Hashes":"SHA1=D207A86541CABC3190BBD5B1CC982F6D7C90051B,MD5=ED906DB51BCB4F5A68606D2683AF44A3,SHA256=DF5CE6E95294579D7D7D16C47CB3DC5C8FA1DB53CCE56091E3496309B0D87536,IMPHASH=D3645703895C4EBB8EA5B9B26816A081","Signature":"Microsoft Windows","ProviderGuid":"{5770385f-c22a-43e0-bf4c-06f5698ffbd9}","Company":"Microsoft Corporation","UtcTime":"2020-10-22 04:21:38.974","ProcessGuid":"{39e4a257-08d2-5f91-f611-000000000700}","Image":"C:\\Windows\\System32\\conhost.exe","ImageLoaded":"C:\\Windows\\System32\\kernel32.dll","Level":"4","Channel":"Microsoft-Windows-Sysmon/Operational","Task":"7","RuleName":"-","FileVersion":"10.0.18362.1110 (WinBuild.160101.0800)","SourceName":"Microsoft-Windows-Sysmon","Hostname":"WORKSTATION5","ProcessId":"5928","Description":"Windows NT BASE API Client DLL","SignatureStatus":"Valid","Product":"Microsoft Windows Operating System","EventID":7,"Keywords":"0x8000000000000000","Signed":"true","OriginalFileName":"kernel32","Message":"Image loaded:\r\nRuleName: -\r\nUtcTime: 2020-10-22 04:21:38.974\r\nProcessGuid: {39e4a257-08d2-5f91-f611-000000000700}\r\nProcessId: 5928\r\nImage: C:\\Windows\\System32\\conhost.exe\r\nImageLoaded: C:\\Windows\\System32\\kernel32.dll\r\nFileVersion: 10.0.18362.1110 (WinBuild.160101.0800)\r\nDescription: Windows NT BASE API Client DLL\r\nProduct: Microsoft Windows Operating System\r\nCompany: Microsoft Corporation\r\nOriginalFileName: kernel32\r\nHashes: SHA1=D207A86541CABC3190BBD5B1CC982F6D7C90051B,MD5=ED906DB51BCB4F5A68606D2683AF44A3,SHA256=DF5CE6E95294579D7D7D16C47CB3DC5C8FA1DB53CCE56091E3496309B0D87536,IMPHASH=D3645703895C4EBB8EA5B9B26816A081\r\nSigned: true\r\nSignature: Microsoft Windows\r\nSignatureStatus: Valid"}
{"@timestamp":"2020-10-22T12:21:38.991Z","TimeCreated":"2020-10-22T12:21:38.991Z","Hashes":"SHA1=48B3741C6497B40F71868EFAAA9EB7A224CB8060,MD5=AEE6D39564EEB18A90C3160215941B46,SHA256=6733FEEA211EA651B5DF46D391825D7861126546AE80A42A4C1E7B1ABD0E4DA5,IMPHASH=16003AF856720C35351BB8C14AD0B0A8","Signature":"Microsoft Windows","ProviderGuid":"{5770385f-c22a-43e0-bf4c-06f5698ffbd9}","Company":"Microsoft Corporation","UtcTime":"2020-10-22 04:21:38.974","ProcessGuid":"{39e4a257-08d2-5f91-f611-000000000700}","Image":"C:\\Windows\\System32\\conhost.exe","ImageLoaded":"C:\\Windows\\System32\\KernelBase.dll","Level":"4","Channel":"Microsoft-Windows-Sysmon/Operational","Task":"7","RuleName":"-","FileVersion":"10.0.18362.1139 (WinBuild.160101.0800)","SourceName":"Microsoft-Windows-Sysmon","Hostname":"WORKSTATION5","ProcessId":"5928","Description":"Windows NT BASE API Client DLL","SignatureStatus":"Valid","Product":"Microsoft Windows Operating System","EventID":7,"Keywords":"0x8000000000000000","Signed":"true","OriginalFileName":"Kernelbase.dll","Message":"Image loaded:\r\nRuleName: -\r\nUtcTime: 2020-10-22 04:21:38.974\r\nProcessGuid: {39e4a257-08d2-5f91-f611-000000000700}\r\nProcessId: 5928\r\nImage: C:\\Windows\\System32\\conhost.exe\r\nImageLoaded: C:\\Windows\\System32\\KernelBase.dll\r\nFileVersion: 10.0.18362.1139 (WinBuild.160101.0800)\r\nDescription: Windows NT BASE API Client DLL\r\nProduct: Microsoft Windows Operating System\r\nCompany: Microsoft Corporation\r\nOriginalFileName: Kernelbase.dll\r\nHashes: SHA1=48B3741C6497B40F71868EFAAA9EB7A224CB8060,MD5=AEE6D39564EEB18A90C3160215941B46,SHA256=6733FEEA211EA651B5DF46D391825D7861126546AE80A42A4C1E7B1ABD0E4DA5,IMPHASH=16003AF856720C35351BB8C14AD0B0A8\r\nSigned: true\r\nSignature: Microsoft Windows\r\nSignatureStatus: Valid"}
{"GrantedAccess":"0x1fffff","@timestamp":"2020-10-22T12:21:38.991Z","TimeCreated":"2020-10-22T12:21:38.991Z","SourceThreadId":"5756","SourceImage":"C:\\windows\\system32\\csrss.exe","ProviderGuid":"{5770385f-c22a-43e0-bf4c-06f5698ffbd9}","CallTrace":"C:\\windows\\SYSTEM32\\ntdll.dll+9d154|C:\\windows\\SYSTEM32\\CSRSRV.dll+1430|C:\\windows\\SYSTEM32\\CSRSRV.dll+5fd9|C:\\windows\\SYSTEM32\\ntdll.dll+6ceaf","UtcTime":"2020-10-22 04:21:38.974","TargetProcessGUID":"{39e4a257-08d2-5f91-f611-000000000700}","SourceProcessId":"5672","Level":"4","Channel":"Microsoft-Windows-Sysmon/Operational","Task":"10","RuleName":"-","SourceName":"Microsoft-Windows-Sysmon","Hostname":"WORKSTATION5","SourceProcessGUID":"{39e4a257-f1a8-5f8b-8d00-000000000700}","TargetProcessId":"5928","EventID":10,"Keywords":"0x8000000000000000","TargetImage":"C:\\windows\\system32\\conhost.exe","Message":"Process accessed:\r\nRuleName: -\r\nUtcTime: 2020-10-22 04:21:38.974\r\nSourceProcessGUID: {39e4a257-f1a8-5f8b-8d00-000000000700}\r\nSourceProcessId: 5672\r\nSourceThreadId: 5756\r\nSourceImage: C:\\windows\\system32\\csrss.exe\r\nTargetProcessGUID: {39e4a257-08d2-5f91-f611-000000000700}\r\nTargetProcessId: 5928\r\nTargetImage: C:\\windows\\system32\\conhost.exe\r\nGrantedAccess: 0x1FFFFF\r\nCallTrace: C:\\windows\\SYSTEM32\\ntdll.dll+9d154|C:\\windows\\SYSTEM32\\CSRSRV.dll+1430|C:\\windows\\SYSTEM32\\CSRSRV.dll+5fd9|C:\\windows\\SYSTEM32\\ntdll.dll+6ceaf"}
{"@timestamp":"2020-10-22T12:21:38.992Z","TimeCreated":"2020-10-22T12:21:38.992Z","Hashes":"SHA1=56A126B33C43CE80C5DA3319FA4FBE28F617599C,MD5=94027F5AE9D6FC3B0917C1B5BCD2D88E,SHA256=2FC246F193104FB36285360E9FB14CE10B04EDB50D9D5ECFD9FDA1F010BFCDB9,IMPHASH=7F555C87AEA488E97B6067A0419ED3B4","Signature":"Microsoft Windows","ProviderGuid":"{5770385f-c22a-43e0-bf4c-06f5698ffbd9}","Company":"Microsoft Corporation","UtcTime":"2020-10-22 04:21:38.974","ProcessGuid":"{39e4a257-08d2-5f91-f611-000000000700}","Image":"C:\\Windows\\System32\\conhost.exe","ImageLoaded":"C:\\Windows\\System32\\msvcp_win.dll","Level":"4","Channel":"Microsoft-Windows-Sysmon/Operational","Task":"7","RuleName":"-","FileVersion":"10.0.18362.1110 (WinBuild.160101.0800)","SourceName":"Microsoft-Windows-Sysmon","Hostname":"WORKSTATION5","ProcessId":"5928","Description":"Microsoft C Runtime Library","SignatureStatus":"Valid","Product":"Microsoft Windows Operating System","EventID":7,"Keywords":"0x8000000000000000","Signed":"true","OriginalFileName":"msvcp_win.dll","Message":"Image loaded:\r\nRuleName: -\r\nUtcTime: 2020-10-22 04:21:38.974\r\nProcessGuid: {39e4a257-08d2-5f91-f611-000000000700}\r\nProcessId: 5928\r\nImage: C:\\Windows\\System32\\conhost.exe\r\nImageLoaded: C:\\Windows\\System32\\msvcp_win.dll\r\nFileVersion: 10.0.18362.1110 (WinBuild.160101.0800)\r\nDescription: Microsoft C Runtime Library\r\nProduct: Microsoft Windows Operating System\r\nCompany: Microsoft Corporation\r\nOriginalFileName: msvcp_win.dll\r\nHashes: SHA1=56A126B33C43CE80C5DA3319FA4FBE28F617599C,MD5=94027F5AE9D6FC3B0917C1B5BCD2D88E,SHA256=2FC246F193104FB36285360E9FB14CE10B04EDB50D9D5ECFD9FDA1F010BFCDB9,IMPHASH=7F555C87AEA488E97B6067A0419ED3B4\r\nSigned: true\r\nSignature: Microsoft Windows\r\nSignatureStatus: Valid"}
