{"SourceImage":"C:\\windows\\Explorer.EXE","TimeCreated":"2020-10-20 01:32:04.423","GrantedAccess":"0x2000","SourceName":"Microsoft-Windows-Sysmon","SourceThreadId":"4688","CallTrace":"C:\\windows\\SYSTEM32\\ntdll.dll+9c584|C:\\windows\\System32\\KERNELBASE.dll+305fe|C:\\windows\\system32\\twinui.dll+7371a|C:\\windows\\system32\\twinui.dll+785b2|C:\\windows\\system32\\twinui.dll+1780b|C:\\windows\\system32\\twinui.dll+1734c|C:\\windows\\system32\\twinui.dll+68f7a|C:\\windows\\system32\\twinui.dll+16e09|C:\\windows\\system32\\twinui.dll+16f4b|C:\\windows\\system32\\twinui.dll+16ecd|C:\\windows\\System32\\USER32.dll+15c1d|C:\\windows\\System32\\USER32.dll+15612|C:\\Windows\\System32\\windows.immersiveshell.serviceprovider.dll+45f0|C:\\Windows\\System32\\windows.immersiveshell.serviceprovider.dll+41b9|C:\\Windows\\System32\\windows.immersiveshell.serviceprovider.dll+3e4f|C:\\windows\\System32\\KERNEL32.DLL+17c24|C:\\windows\\SYSTEM32\\ntdll.dll+6cea1","UtcTime":"2020-10-20 05:32:04.419","TargetProcessGUID":"{39e4a257-763d-5f8e-e708-000000000700}","SourceProcessId":"1072","EventID":10,"Channel":"Microsoft-Windows-Sysmon/Operational","Task":"10","RuleName":"-","Message":"Process accessed:\r\nRuleName: -\r\nUtcTime: 2020-10-20 05:32:04.419\r\nSourceProcessGUID: {39e4a257-f1b3-5f8b-a700-000000000700}\r\nSourceProcessId: 1072\r\nSourceThreadId: 4688\r\nSourceImage: C:\\windows\\Explorer.EXE\r\nTargetProcessGUID: {39e4a257-763d-5f8e-e708-000000000700}\r\nTargetProcessId: 8536\r\nTargetImage: C:\\Windows\\System32\\WindowsPowerShell\\v1.0\\powershell.exe\r\nGrantedAccess: 0x2000\r\nCallTrace: C:\\windows\\SYSTEM32\\ntdll.dll+9c584|C:\\windows\\System32\\KERNELBASE.dll+305fe|C:\\windows\\system32\\twinui.dll+7371a|C:\\windows\\system32\\twinui.dll+785b2|C:\\windows\\system32\\twinui.dll+1780b|C:\\windows\\system32\\twinui.dll+1734c|C:\\windows\\system32\\twinui.dll+68f7a|C:\\windows\\system32\\twinui.dll+16e09|C:\\windows\\system32\\twinui.dll+16f4b|C:\\windows\\system32\\twinui.dll+16ecd|C:\\windows\\System32\\USER32.dll+15c1d|C:\\windows\\System32\\USER32.dll+15612|C:\\Windows\\System32\\windows.immersiveshell.serviceprovider.dll+45f0|C:\\Windows\\System32\\windows.immersiveshell.serviceprovider.dll+41b9|C:\\Windows\\System32\\windows.immersiveshell.serviceprovider.dll+3e4f|C:\\windows\\System32\\KERNEL32.DLL+17c24|C:\\windows\\SYSTEM32\\ntdll.dll+6cea1","Hostname":"WORKSTATION5","TargetProcessId":"8536","TargetImage":"C:\\Windows\\System32\\WindowsPowerShell\\v1.0\\powershell.exe","SourceProcessGUID":"{39e4a257-f1b3-5f8b-a700-000000000700}"}
{"TimeCreated":"2020-10-20 01:32:04.425","SourceName":"Microsoft-Windows-Sysmon","UtcTime":"2020-10-20 05:32:04.419","ProcessGuid":"{39e4a257-f1b3-5f8b-a700-000000000700}","Image":"C:\\windows\\Explorer.EXE","EventID":13,"Channel":"Microsoft-Windows-Sysmon/Operational","Task":"13","RuleName":"-","Message":"Registry value set:\r\nRuleName: -\r\nEventType: SetValue\r\nUtcTime: 2020-10-20 05:32:04.419\r\nProcessGuid: {39e4a257-f1b3-5f8b-a700-000000000700}\r\nProcessId: 1072\r\nImage: C:\\windows\\Explorer.EXE\r\nTargetObject: HKU\\S-1-5-21-3940915590-64593676-1414006259-500\\Software\\Microsoft\\Windows\\CurrentVersion\\Explorer\\UserAssist\\{CEBFF5CD-ACE2-4F4F-9178-9926F41749EA}\\Count\\HRZR_PGYFRFFVBA\r\nDetails: Binary Data","Hostname":"WORKSTATION5","Details":"Binary Data","ProcessId":"1072","EventType":"SetValue","TargetObject":"HKU\\S-1-5-21-3940915590-64593676-1414006259-500\\Software\\Microsoft\\Windows\\CurrentVersion\\Explorer\\UserAssist\\{CEBFF5CD-ACE2-4F4F-9178-9926F41749EA}\\Count\\HRZR_PGYFRFFVBA"}
{"TimeCreated":"2020-10-20 01:32:04.425","SourceName":"Microsoft-Windows-Sysmon","UtcTime":"2020-10-20 05:32:04.419","ProcessGuid":"{39e4a257-f1b3-5f8b-a700-000000000700}","Image":"C:\\windows\\Explorer.EXE","EventID":13,"Channel":"Microsoft-Windows-Sysmon/Operational","Task":"13","RuleName":"-","Message":"Registry value set:\r\nRuleName: -\r\nEventType: SetValue\r\nUtcTime: 2020-10-20 05:32:04.419\r\nProcessGuid: {39e4a257-f1b3-5f8b-a700-000000000700}\r\nProcessId: 1072\r\nImage: C:\\windows\\Explorer.EXE\r\nTargetObject: HKU\\S-1-5-21-3940915590-64593676-1414006259-500\\Software\\Microsoft\\Windows\\CurrentVersion\\Explorer\\UserAssist\\{CEBFF5CD-ACE2-4F4F-9178-9926F41749EA}\\Count\\{1NP14R77-02R7-4R5Q-O744-2RO1NR5198O7}\\JvaqbjfCbjreFuryy\\i1.0\\cbjrefuryy.rkr\r\nDetails: Binary Data","Hostname":"WORKSTATION5","Details":"Binary Data","ProcessId":"1072","EventType":"SetValue","TargetObject":"HKU\\S-1-5-21-3940915590-64593676-1414006259-500\\Software\\Microsoft\\Windows\\CurrentVersion\\Explorer\\UserAssist\\{CEBFF5CD-ACE2-4F4F-9178-9926F41749EA}\\Count\\{1NP14R77-02R7-4R5Q-O744-2RO1NR5198O7}\\JvaqbjfCbjreFuryy\\i1.0\\cbjrefuryy.rkr"}
{"SourceImage":"C:\\windows\\Explorer.EXE","TimeCreated":"2020-10-20 01:32:06.187","GrantedAccess":"0x2000","SourceName":"Microsoft-Windows-Sysmon","SourceThreadId":"8224","CallTrace":"C:\\windows\\SYSTEM32\\ntdll.dll+9c584|C:\\windows\\System32\\KERNELBASE.dll+305fe|C:\\windows\\system32\\twinui.dll+72a89|C:\\windows\\SYSTEM32\\ntdll.dll+30729|C:\\windows\\SYSTEM32\\ntdll.dll+345b4|C:\\windows\\System32\\KERNEL32.DLL+17c24|C:\\windows\\SYSTEM32\\ntdll.dll+6cea1","UtcTime":"2020-10-20 05:32:06.186","TargetProcessGUID":"{39e4a257-f247-5f8b-d300-000000000700}","SourceProcessId":"1072","EventID":10,"Channel":"Microsoft-Windows-Sysmon/Operational","Task":"10","RuleName":"-","Message":"Process accessed:\r\nRuleName: -\r\nUtcTime: 2020-10-20 05:32:06.186\r\nSourceProcessGUID: {39e4a257-f1b3-5f8b-a700-000000000700}\r\nSourceProcessId: 1072\r\nSourceThreadId: 8224\r\nSourceImage: C:\\windows\\Explorer.EXE\r\nTargetProcessGUID: {39e4a257-f247-5f8b-d300-000000000700}\r\nTargetProcessId: 4368\r\nTargetImage: C:\\Windows\\SystemApps\\InputApp_cw5n1h2txyewy\\WindowsInternal.ComposableShell.Experiences.TextInput.InputApp.exe\r\nGrantedAccess: 0x2000\r\nCallTrace: C:\\windows\\SYSTEM32\\ntdll.dll+9c584|C:\\windows\\System32\\KERNELBASE.dll+305fe|C:\\windows\\system32\\twinui.dll+72a89|C:\\windows\\SYSTEM32\\ntdll.dll+30729|C:\\windows\\SYSTEM32\\ntdll.dll+345b4|C:\\windows\\System32\\KERNEL32.DLL+17c24|C:\\windows\\SYSTEM32\\ntdll.dll+6cea1","Hostname":"WORKSTATION5","TargetProcessId":"4368","TargetImage":"C:\\Windows\\SystemApps\\InputApp_cw5n1h2txyewy\\WindowsInternal.ComposableShell.Experiences.TextInput.InputApp.exe","SourceProcessGUID":"{39e4a257-f1b3-5f8b-a700-000000000700}"}
{"SourceImage":"C:\\windows\\Explorer.EXE","TimeCreated":"2020-10-20 01:32:06.187","GrantedAccess":"0x2000","SourceName":"Microsoft-Windows-Sysmon","SourceThreadId":"8224","CallTrace":"C:\\windows\\SYSTEM32\\ntdll.dll+9c584|C:\\windows\\System32\\KERNELBASE.dll+305fe|C:\\windows\\system32\\twinui.dll+72a89|C:\\windows\\SYSTEM32\\ntdll.dll+30729|C:\\windows\\SYSTEM32\\ntdll.dll+345b4|C:\\windows\\System32\\KERNEL32.DLL+17c24|C:\\windows\\SYSTEM32\\ntdll.dll+6cea1","UtcTime":"2020-10-20 05:32:06.186","TargetProcessGUID":"{39e4a257-763c-5f8e-e508-000000000700}","SourceProcessId":"1072","EventID":10,"Channel":"Microsoft-Windows-Sysmon/Operational","Task":"10","RuleName":"-","Message":"Process accessed:\r\nRuleName: -\r\nUtcTime: 2020-10-20 05:32:06.186\r\nSourceProcessGUID: {39e4a257-f1b3-5f8b-a700-000000000700}\r\nSourceProcessId: 1072\r\nSourceThreadId: 8224\r\nSourceImage: C:\\windows\\Explorer.EXE\r\nTargetProcessGUID: {39e4a257-763c-5f8e-e508-000000000700}\r\nTargetProcessId: 8504\r\nTargetImage: C:\\Windows\\Raccine.exe\r\nGrantedAccess: 0x2000\r\nCallTrace: C:\\windows\\SYSTEM32\\ntdll.dll+9c584|C:\\windows\\System32\\KERNELBASE.dll+305fe|C:\\windows\\system32\\twinui.dll+72a89|C:\\windows\\SYSTEM32\\ntdll.dll+30729|C:\\windows\\SYSTEM32\\ntdll.dll+345b4|C:\\windows\\System32\\KERNEL32.DLL+17c24|C:\\windows\\SYSTEM32\\ntdll.dll+6cea1","Hostname":"WORKSTATION5","TargetProcessId":"8504","TargetImage":"C:\\Windows\\Raccine.exe","SourceProcessGUID":"{39e4a257-f1b3-5f8b-a700-000000000700}"}
{"SourceImage":"C:\\windows\\Explorer.EXE","TimeCreated":"2020-10-20 01:32:06.187","GrantedAccess":"0x2000","SourceName":"Microsoft-Windows-Sysmon","SourceThreadId":"8224","CallTrace":"C:\\windows\\SYSTEM32\\ntdll.dll+9c584|C:\\windows\\System32\\KERNELBASE.dll+305fe|C:\\windows\\system32\\twinui.dll+72a89|C:\\windows\\SYSTEM32\\ntdll.dll+30729|C:\\windows\\SYSTEM32\\ntdll.dll+345b4|C:\\windows\\System32\\KERNEL32.DLL+17c24|C:\\windows\\SYSTEM32\\ntdll.dll+6cea1","UtcTime":"2020-10-20 05:32:06.186","TargetProcessGUID":"{39e4a257-f1cd-5f8b-c400-000000000700}","SourceProcessId":"1072","EventID":10,"Channel":"Microsoft-Windows-Sysmon/Operational","Task":"10","RuleName":"-","Message":"Process accessed:\r\nRuleName: -\r\nUtcTime: 2020-10-20 05:32:06.186\r\nSourceProcessGUID: {39e4a257-f1b3-5f8b-a700-000000000700}\r\nSourceProcessId: 1072\r\nSourceThreadId: 8224\r\nSourceImage: C:\\windows\\Explorer.EXE\r\nTargetProcessGUID: {39e4a257-f1cd-5f8b-c400-000000000700}\r\nTargetProcessId: 7652\r\nTargetImage: C:\\Windows\\System32\\WindowsPowerShell\\v1.0\\powershell.exe\r\nGrantedAccess: 0x2000\r\nCallTrace: C:\\windows\\SYSTEM32\\ntdll.dll+9c584|C:\\windows\\System32\\KERNELBASE.dll+305fe|C:\\windows\\system32\\twinui.dll+72a89|C:\\windows\\SYSTEM32\\ntdll.dll+30729|C:\\windows\\SYSTEM32\\ntdll.dll+345b4|C:\\windows\\System32\\KERNEL32.DLL+17c24|C:\\windows\\SYSTEM32\\ntdll.dll+6cea1","Hostname":"WORKSTATION5","TargetProcessId":"7652","TargetImage":"C:\\Windows\\System32\\WindowsPowerShell\\v1.0\\powershell.exe","SourceProcessGUID":"{39e4a257-f1b3-5f8b-a700-000000000700}"}
{"SourceImage":"C:\\windows\\system32\\svchost.exe","TimeCreated":"2020-10-20 01:32:06.218","GrantedAccess":"0x1000","SourceName":"Microsoft-Windows-Sysmon","SourceThreadId":"400","CallTrace":"C:\\windows\\SYSTEM32\\ntdll.dll+9c584|C:\\windows\\System32\\KERNELBASE.dll+6af15|c:\\windows\\system32\\lsm.dll+f537|c:\\windows\\system32\\lsm.dll+bea9|C:\\windows\\System32\\RPCRT4.dll+76a63|C:\\windows\\System32\\RPCRT4.dll+da036|C:\\windows\\System32\\RPCRT4.dll+37b7c|C:\\windows\\System32\\RPCRT4.dll+549f8|C:\\windows\\System32\\RPCRT4.dll+2c9b1|C:\\windows\\System32\\RPCRT4.dll+2c26b|C:\\windows\\System32\\RPCRT4.dll+1a8cf|C:\\windows\\System32\\RPCRT4.dll+19d7a|C:\\windows\\System32\\RPCRT4.dll+19361|C:\\windows\\System32\\RPCRT4.dll+18dce|C:\\windows\\System32\\RPCRT4.dll+16a05|C:\\windows\\SYSTEM32\\ntdll.dll+333ed|C:\\windows\\SYSTEM32\\ntdll.dll+34142|C:\\windows\\System32\\KERNEL32.DLL+17c24|C:\\windows\\SYSTEM32\\ntdll.dll+6cea1","UtcTime":"2020-10-20 05:32:06.217","TargetProcessGUID":"{39e4a257-763d-5f8e-e708-000000000700}","SourceProcessId":"404","EventID":10,"Channel":"Microsoft-Windows-Sysmon/Operational","Task":"10","RuleName":"-","Message":"Process accessed:\r\nRuleName: -\r\nUtcTime: 2020-10-20 05:32:06.217\r\nSourceProcessGUID: {39e4a257-f132-5f8b-1200-000000000700}\r\nSourceProcessId: 404\r\nSourceThreadId: 400\r\nSourceImage: C:\\windows\\system32\\svchost.exe\r\nTargetProcessGUID: {39e4a257-763d-5f8e-e708-000000000700}\r\nTargetProcessId: 8536\r\nTargetImage: C:\\Windows\\System32\\WindowsPowerShell\\v1.0\\powershell.exe\r\nGrantedAccess: 0x1000\r\nCallTrace: C:\\windows\\SYSTEM32\\ntdll.dll+9c584|C:\\windows\\System32\\KERNELBASE.dll+6af15|c:\\windows\\system32\\lsm.dll+f537|c:\\windows\\system32\\lsm.dll+bea9|C:\\windows\\System32\\RPCRT4.dll+76a63|C:\\windows\\System32\\RPCRT4.dll+da036|C:\\windows\\System32\\RPCRT4.dll+37b7c|C:\\windows\\System32\\RPCRT4.dll+549f8|C:\\windows\\System32\\RPCRT4.dll+2c9b1|C:\\windows\\System32\\RPCRT4.dll+2c26b|C:\\windows\\System32\\RPCRT4.dll+1a8cf|C:\\windows\\System32\\RPCRT4.dll+19d7a|C:\\windows\\System32\\RPCRT4.dll+19361|C:\\windows\\System32\\RPCRT4.dll+18dce|C:\\windows\\System32\\RPCRT4.dll+16a05|C:\\windows\\SYSTEM32\\ntdll.dll+333ed|C:\\windows\\SYSTEM32\\ntdll.dll+34142|C:\\windows\\System32\\KERNEL32.DLL+17c24|C:\\windows\\SYSTEM32\\ntdll.dll+6cea1","Hostname":"WORKSTATION5","TargetProcessId":"8536","TargetImage":"C:\\Windows\\System32\\WindowsPowerShell\\v1.0\\powershell.exe","SourceProcessGUID":"{39e4a257-f132-5f8b-1200-000000000700}"}
{"TimeCreated":"2020-10-20 01:32:06.234","SourceName":"Microsoft-Windows-Sysmon","UtcTime":"2020-10-20 05:32:06.233","ProcessGuid":"{39e4a257-f1b1-5f8b-a500-000000000700}","Image":"C:\\windows\\system32\\ctfmon.exe","EventID":12,"Channel":"Microsoft-Windows-Sysmon/Operational","Task":"12","RuleName":"-","Message":"Registry object added or deleted:\r\nRuleName: -\r\nEventType: CreateKey\r\nUtcTime: 2020-10-20 05:32:06.233\r\nProcessGuid: {39e4a257-f1b1-5f8b-a500-000000000700}\r\nProcessId: 5112\r\nImage: C:\\windows\\system32\\ctfmon.exe\r\nTargetObject: HKU\\S-1-5-21-3940915590-64593676-1414006259-500\\Software\\Microsoft\\Input\\Settings","Hostname":"WORKSTATION5","ProcessId":"5112","EventType":"CreateKey","TargetObject":"HKU\\S-1-5-21-3940915590-64593676-1414006259-500\\Software\\Microsoft\\Input\\Settings"}
{"TimeCreated":"2020-10-20 01:32:06.234","SourceName":"Microsoft-Windows-Sysmon","UtcTime":"2020-10-20 05:32:06.233","ProcessGuid":"{39e4a257-f1b1-5f8b-a500-000000000700}","Image":"C:\\windows\\system32\\ctfmon.exe","EventID":12,"Channel":"Microsoft-Windows-Sysmon/Operational","Task":"12","RuleName":"-","Message":"Registry object added or deleted:\r\nRuleName: -\r\nEventType: CreateKey\r\nUtcTime: 2020-10-20 05:32:06.233\r\nProcessGuid: {39e4a257-f1b1-5f8b-a500-000000000700}\r\nProcessId: 5112\r\nImage: C:\\windows\\system32\\ctfmon.exe\r\nTargetObject: HKU\\S-1-5-21-3940915590-64593676-1414006259-500\\Software\\Microsoft\\Input\\Settings","Hostname":"WORKSTATION5","ProcessId":"5112","EventType":"CreateKey","TargetObject":"HKU\\S-1-5-21-3940915590-64593676-1414006259-500\\Software\\Microsoft\\Input\\Settings"}
{"TimeCreated":"2020-10-20 01:32:06.295","SourceName":"Microsoft-Windows-Sysmon","UtcTime":"2020-10-20 05:32:06.294","ProcessGuid":"{39e4a257-f1b3-5f8b-a700-000000000700}","Image":"C:\\windows\\Explorer.EXE","EventID":12,"Channel":"Microsoft-Windows-Sysmon/Operational","Task":"12","RuleName":"-","Message":"Registry object added or deleted:\r\nRuleName: -\r\nEventType: CreateKey\r\nUtcTime: 2020-10-20 05:32:06.294\r\nProcessGuid: {39e4a257-f1b3-5f8b-a700-000000000700}\r\nProcessId: 1072\r\nImage: C:\\windows\\Explorer.EXE\r\nTargetObject: HKU\\S-1-5-21-3940915590-64593676-1414006259-500\\Software\\Microsoft\\Windows\\CurrentVersion\\Explorer\\SessionInfo\\2\\ApplicationViewManagement\\W32:00000000003703C8","Hostname":"WORKSTATION5","ProcessId":"1072","EventType":"CreateKey","TargetObject":"HKU\\S-1-5-21-3940915590-64593676-1414006259-500\\Software\\Microsoft\\Windows\\CurrentVersion\\Explorer\\SessionInfo\\2\\ApplicationViewManagement\\W32:00000000003703C8"}
{"TimeCreated":"2020-10-20 01:32:06.295","SourceName":"Microsoft-Windows-Sysmon","UtcTime":"2020-10-20 05:32:06.294","ProcessGuid":"{39e4a257-f1b3-5f8b-a700-000000000700}","Image":"C:\\windows\\Explorer.EXE","EventID":13,"Channel":"Microsoft-Windows-Sysmon/Operational","Task":"13","RuleName":"-","Message":"Registry value set:\r\nRuleName: -\r\nEventType: SetValue\r\nUtcTime: 2020-10-20 05:32:06.294\r\nProcessGuid: {39e4a257-f1b3-5f8b-a700-000000000700}\r\nProcessId: 1072\r\nImage: C:\\windows\\Explorer.EXE\r\nTargetObject: HKU\\S-1-5-21-3940915590-64593676-1414006259-500\\Software\\Microsoft\\Windows\\CurrentVersion\\Explorer\\SessionInfo\\2\\ApplicationViewManagement\\W32:00000000003703C8\\VirtualDesktop\r\nDetails: Binary Data","Hostname":"WORKSTATION5","Details":"Binary Data","ProcessId":"1072","EventType":"SetValue","TargetObject":"HKU\\S-1-5-21-3940915590-64593676-1414006259-500\\Software\\Microsoft\\Windows\\CurrentVersion\\Explorer\\SessionInfo\\2\\ApplicationViewManagement\\W32:00000000003703C8\\VirtualDesktop"}
{"SourceImage":"C:\\windows\\Explorer.EXE","TimeCreated":"2020-10-20 01:32:07.312","GrantedAccess":"0x1410","SourceName":"Microsoft-Windows-Sysmon","SourceThreadId":"1388","CallTrace":"C:\\windows\\SYSTEM32\\ntdll.dll+9c584|C:\\windows\\System32\\KERNELBASE.dll+305fe|C:\\windows\\system32\\twinui.pcshell.dll+1d207|C:\\windows\\system32\\twinui.pcshell.dll+fadd0|C:\\windows\\System32\\KERNEL32.DLL+17c24|C:\\windows\\SYSTEM32\\ntdll.dll+6cea1","UtcTime":"2020-10-20 05:32:07.294","TargetProcessGUID":"{39e4a257-f1cc-5f8b-c300-000000000700}","SourceProcessId":"1072","EventID":10,"Channel":"Microsoft-Windows-Sysmon/Operational","Task":"10","RuleName":"-","Message":"Process accessed:\r\nRuleName: -\r\nUtcTime: 2020-10-20 05:32:07.294\r\nSourceProcessGUID: {39e4a257-f1b3-5f8b-a700-000000000700}\r\nSourceProcessId: 1072\r\nSourceThreadId: 1388\r\nSourceImage: C:\\windows\\Explorer.EXE\r\nTargetProcessGUID: {39e4a257-f1cc-5f8b-c300-000000000700}\r\nTargetProcessId: 7592\r\nTargetImage: C:\\windows\\system32\\conhost.exe\r\nGrantedAccess: 0x1410\r\nCallTrace: C:\\windows\\SYSTEM32\\ntdll.dll+9c584|C:\\windows\\System32\\KERNELBASE.dll+305fe|C:\\windows\\system32\\twinui.pcshell.dll+1d207|C:\\windows\\system32\\twinui.pcshell.dll+fadd0|C:\\windows\\System32\\KERNEL32.DLL+17c24|C:\\windows\\SYSTEM32\\ntdll.dll+6cea1","Hostname":"WORKSTATION5","TargetProcessId":"7592","TargetImage":"C:\\windows\\system32\\conhost.exe","SourceProcessGUID":"{39e4a257-f1b3-5f8b-a700-000000000700}"}
{"SourceImage":"C:\\windows\\system32\\svchost.exe","TimeCreated":"2020-10-20 01:32:07.313","GrantedAccess":"0x2000","SourceName":"Microsoft-Windows-Sysmon","SourceThreadId":"8524","CallTrace":"C:\\windows\\SYSTEM32\\ntdll.dll+9c584|C:\\windows\\SYSTEM32\\psmserviceexthost.dll+310c0|C:\\windows\\SYSTEM32\\psmserviceexthost.dll+30dbf|C:\\windows\\SYSTEM32\\ntdll.dll+6ba5|C:\\windows\\SYSTEM32\\ntdll.dll+67f1|C:\\windows\\SYSTEM32\\ntdll.dll+6650|C:\\windows\\SYSTEM32\\ntdll.dll+3052c|C:\\windows\\SYSTEM32\\ntdll.dll+34142|C:\\windows\\System32\\KERNEL32.DLL+17c24|C:\\windows\\SYSTEM32\\ntdll.dll+6cea1","UtcTime":"2020-10-20 05:32:07.294","TargetProcessGUID":"{39e4a257-f1cc-5f8b-c300-000000000700}","SourceProcessId":"944","EventID":10,"Channel":"Microsoft-Windows-Sysmon/Operational","Task":"10","RuleName":"-","Message":"Process accessed:\r\nRuleName: -\r\nUtcTime: 2020-10-20 05:32:07.294\r\nSourceProcessGUID: {39e4a257-f132-5f8b-1000-000000000700}\r\nSourceProcessId: 944\r\nSourceThreadId: 8524\r\nSourceImage: C:\\windows\\system32\\svchost.exe\r\nTargetProcessGUID: {39e4a257-f1cc-5f8b-c300-000000000700}\r\nTargetProcessId: 7592\r\nTargetImage: C:\\windows\\system32\\conhost.exe\r\nGrantedAccess: 0x2000\r\nCallTrace: C:\\windows\\SYSTEM32\\ntdll.dll+9c584|C:\\windows\\SYSTEM32\\psmserviceexthost.dll+310c0|C:\\windows\\SYSTEM32\\psmserviceexthost.dll+30dbf|C:\\windows\\SYSTEM32\\ntdll.dll+6ba5|C:\\windows\\SYSTEM32\\ntdll.dll+67f1|C:\\windows\\SYSTEM32\\ntdll.dll+6650|C:\\windows\\SYSTEM32\\ntdll.dll+3052c|C:\\windows\\SYSTEM32\\ntdll.dll+34142|C:\\windows\\System32\\KERNEL32.DLL+17c24|C:\\windows\\SYSTEM32\\ntdll.dll+6cea1","Hostname":"WORKSTATION5","TargetProcessId":"7592","TargetImage":"C:\\windows\\system32\\conhost.exe","SourceProcessGUID":"{39e4a257-f132-5f8b-1000-000000000700}"}
{"SourceImage":"C:\\windows\\Explorer.EXE","TimeCreated":"2020-10-20 01:32:07.313","GrantedAccess":"0x1000","SourceName":"Microsoft-Windows-Sysmon","SourceThreadId":"1388","CallTrace":"C:\\windows\\SYSTEM32\\ntdll.dll+9c584|C:\\windows\\System32\\KERNELBASE.dll+305fe|C:\\Windows\\System32\\appresolver.dll+221c5|C:\\Windows\\System32\\appresolver.dll+1edcc|C:\\windows\\system32\\twinui.pcshell.dll+1d434|C:\\windows\\system32\\twinui.pcshell.dll+fadd0|C:\\windows\\System32\\KERNEL32.DLL+17c24|C:\\windows\\SYSTEM32\\ntdll.dll+6cea1","UtcTime":"2020-10-20 05:32:07.294","TargetProcessGUID":"{39e4a257-f1cc-5f8b-c300-000000000700}","SourceProcessId":"1072","EventID":10,"Channel":"Microsoft-Windows-Sysmon/Operational","Task":"10","RuleName":"-","Message":"Process accessed:\r\nRuleName: -\r\nUtcTime: 2020-10-20 05:32:07.294\r\nSourceProcessGUID: {39e4a257-f1b3-5f8b-a700-000000000700}\r\nSourceProcessId: 1072\r\nSourceThreadId: 1388\r\nSourceImage: C:\\windows\\Explorer.EXE\r\nTargetProcessGUID: {39e4a257-f1cc-5f8b-c300-000000000700}\r\nTargetProcessId: 7592\r\nTargetImage: C:\\windows\\system32\\conhost.exe\r\nGrantedAccess: 0x1000\r\nCallTrace: C:\\windows\\SYSTEM32\\ntdll.dll+9c584|C:\\windows\\System32\\KERNELBASE.dll+305fe|C:\\Windows\\System32\\appresolver.dll+221c5|C:\\Windows\\System32\\appresolver.dll+1edcc|C:\\windows\\system32\\twinui.pcshell.dll+1d434|C:\\windows\\system32\\twinui.pcshell.dll+fadd0|C:\\windows\\System32\\KERNEL32.DLL+17c24|C:\\windows\\SYSTEM32\\ntdll.dll+6cea1","Hostname":"WORKSTATION5","TargetProcessId":"7592","TargetImage":"C:\\windows\\system32\\conhost.exe","SourceProcessGUID":"{39e4a257-f1b3-5f8b-a700-000000000700}"}
{"SourceImage":"C:\\windows\\Explorer.EXE","TimeCreated":"2020-10-20 01:32:07.313","GrantedAccess":"0x1000","SourceName":"Microsoft-Windows-Sysmon","SourceThreadId":"1388","CallTrace":"C:\\windows\\SYSTEM32\\ntdll.dll+9c584|C:\\windows\\System32\\KERNELBASE.dll+305fe|C:\\Windows\\System32\\appresolver.dll+1ee93|C:\\windows\\system32\\twinui.pcshell.dll+1d434|C:\\windows\\system32\\twinui.pcshell.dll+fadd0|C:\\windows\\System32\\KERNEL32.DLL+17c24|C:\\windows\\SYSTEM32\\ntdll.dll+6cea1","UtcTime":"2020-10-20 05:32:07.294","TargetProcessGUID":"{39e4a257-f1cc-5f8b-c300-000000000700}","SourceProcessId":"1072","EventID":10,"Channel":"Microsoft-Windows-Sysmon/Operational","Task":"10","RuleName":"-","Message":"Process accessed:\r\nRuleName: -\r\nUtcTime: 2020-10-20 05:32:07.294\r\nSourceProcessGUID: {39e4a257-f1b3-5f8b-a700-000000000700}\r\nSourceProcessId: 1072\r\nSourceThreadId: 1388\r\nSourceImage: C:\\windows\\Explorer.EXE\r\nTargetProcessGUID: {39e4a257-f1cc-5f8b-c300-000000000700}\r\nTargetProcessId: 7592\r\nTargetImage: C:\\windows\\system32\\conhost.exe\r\nGrantedAccess: 0x1000\r\nCallTrace: C:\\windows\\SYSTEM32\\ntdll.dll+9c584|C:\\windows\\System32\\KERNELBASE.dll+305fe|C:\\Windows\\System32\\appresolver.dll+1ee93|C:\\windows\\system32\\twinui.pcshell.dll+1d434|C:\\windows\\system32\\twinui.pcshell.dll+fadd0|C:\\windows\\System32\\KERNEL32.DLL+17c24|C:\\windows\\SYSTEM32\\ntdll.dll+6cea1","Hostname":"WORKSTATION5","TargetProcessId":"7592","TargetImage":"C:\\windows\\system32\\conhost.exe","SourceProcessGUID":"{39e4a257-f1b3-5f8b-a700-000000000700}"}
{"SourceImage":"C:\\windows\\Explorer.EXE","TimeCreated":"2020-10-20 01:32:07.313","GrantedAccess":"0x1410","SourceName":"Microsoft-Windows-Sysmon","SourceThreadId":"1388","CallTrace":"C:\\windows\\SYSTEM32\\ntdll.dll+9c584|C:\\windows\\System32\\KERNELBASE.dll+305fe|C:\\Windows\\System32\\appresolver.dll+21ee8|C:\\Windows\\System32\\appresolver.dll+1ef46|C:\\windows\\system32\\twinui.pcshell.dll+1d434|C:\\windows\\system32\\twinui.pcshell.dll+fadd0|C:\\windows\\System32\\KERNEL32.DLL+17c24|C:\\windows\\SYSTEM32\\ntdll.dll+6cea1","UtcTime":"2020-10-20 05:32:07.294","TargetProcessGUID":"{39e4a257-f1cc-5f8b-c300-000000000700}","SourceProcessId":"1072","EventID":10,"Channel":"Microsoft-Windows-Sysmon/Operational","Task":"10","RuleName":"-","Message":"Process accessed:\r\nRuleName: -\r\nUtcTime: 2020-10-20 05:32:07.294\r\nSourceProcessGUID: {39e4a257-f1b3-5f8b-a700-000000000700}\r\nSourceProcessId: 1072\r\nSourceThreadId: 1388\r\nSourceImage: C:\\windows\\Explorer.EXE\r\nTargetProcessGUID: {39e4a257-f1cc-5f8b-c300-000000000700}\r\nTargetProcessId: 7592\r\nTargetImage: C:\\windows\\system32\\conhost.exe\r\nGrantedAccess: 0x1410\r\nCallTrace: C:\\windows\\SYSTEM32\\ntdll.dll+9c584|C:\\windows\\System32\\KERNELBASE.dll+305fe|C:\\Windows\\System32\\appresolver.dll+21ee8|C:\\Windows\\System32\\appresolver.dll+1ef46|C:\\windows\\system32\\twinui.pcshell.dll+1d434|C:\\windows\\system32\\twinui.pcshell.dll+fadd0|C:\\windows\\System32\\KERNEL32.DLL+17c24|C:\\windows\\SYSTEM32\\ntdll.dll+6cea1","Hostname":"WORKSTATION5","TargetProcessId":"7592","TargetImage":"C:\\windows\\system32\\conhost.exe","SourceProcessGUID":"{39e4a257-f1b3-5f8b-a700-000000000700}"}
{"SourceImage":"C:\\windows\\Explorer.EXE","TimeCreated":"2020-10-20 01:32:07.313","GrantedAccess":"0x1000","SourceName":"Microsoft-Windows-Sysmon","SourceThreadId":"5448","CallTrace":"C:\\windows\\SYSTEM32\\ntdll.dll+9c584|C:\\windows\\System32\\KERNELBASE.dll+305fe|C:\\Windows\\System32\\appresolver.dll+221c5|C:\\Windows\\System32\\appresolver.dll+1edcc|C:\\Windows\\System32\\appresolver.dll+1ecb7|C:\\windows\\Explorer.EXE+5b1a7|C:\\windows\\Explorer.EXE+5b0a4|C:\\windows\\Explorer.EXE+29a50|C:\\windows\\System32\\windows.storage.dll+16e1c4|C:\\windows\\System32\\windows.storage.dll+16de05|C:\\windows\\System32\\windows.storage.dll+16dce5|C:\\windows\\System32\\shcore.dll+31636|C:\\windows\\SYSTEM32\\ntdll.dll+2f655|C:\\windows\\SYSTEM32\\ntdll.dll+345b4|C:\\windows\\System32\\KERNEL32.DLL+17c24|C:\\windows\\SYSTEM32\\ntdll.dll+6cea1","UtcTime":"2020-10-20 05:32:07.294","TargetProcessGUID":"{39e4a257-f1cd-5f8b-c400-000000000700}","SourceProcessId":"1072","EventID":10,"Channel":"Microsoft-Windows-Sysmon/Operational","Task":"10","RuleName":"-","Message":"Process accessed:\r\nRuleName: -\r\nUtcTime: 2020-10-20 05:32:07.294\r\nSourceProcessGUID: {39e4a257-f1b3-5f8b-a700-000000000700}\r\nSourceProcessId: 1072\r\nSourceThreadId: 5448\r\nSourceImage: C:\\windows\\Explorer.EXE\r\nTargetProcessGUID: {39e4a257-f1cd-5f8b-c400-000000000700}\r\nTargetProcessId: 7652\r\nTargetImage: C:\\Windows\\System32\\WindowsPowerShell\\v1.0\\powershell.exe\r\nGrantedAccess: 0x1000\r\nCallTrace: C:\\windows\\SYSTEM32\\ntdll.dll+9c584|C:\\windows\\System32\\KERNELBASE.dll+305fe|C:\\Windows\\System32\\appresolver.dll+221c5|C:\\Windows\\System32\\appresolver.dll+1edcc|C:\\Windows\\System32\\appresolver.dll+1ecb7|C:\\windows\\Explorer.EXE+5b1a7|C:\\windows\\Explorer.EXE+5b0a4|C:\\windows\\Explorer.EXE+29a50|C:\\windows\\System32\\windows.storage.dll+16e1c4|C:\\windows\\System32\\windows.storage.dll+16de05|C:\\windows\\System32\\windows.storage.dll+16dce5|C:\\windows\\System32\\shcore.dll+31636|C:\\windows\\SYSTEM32\\ntdll.dll+2f655|C:\\windows\\SYSTEM32\\ntdll.dll+345b4|C:\\windows\\System32\\KERNEL32.DLL+17c24|C:\\windows\\SYSTEM32\\ntdll.dll+6cea1","Hostname":"WORKSTATION5","TargetProcessId":"7652","TargetImage":"C:\\Windows\\System32\\WindowsPowerShell\\v1.0\\powershell.exe","SourceProcessGUID":"{39e4a257-f1b3-5f8b-a700-000000000700}"}
{"SourceImage":"C:\\windows\\Explorer.EXE","TimeCreated":"2020-10-20 01:32:07.313","GrantedAccess":"0x1000","SourceName":"Microsoft-Windows-Sysmon","SourceThreadId":"5448","CallTrace":"C:\\windows\\SYSTEM32\\ntdll.dll+9c584|C:\\windows\\System32\\KERNELBASE.dll+305fe|C:\\Windows\\System32\\appresolver.dll+1ee93|C:\\Windows\\System32\\appresolver.dll+1ecb7|C:\\windows\\Explorer.EXE+5b1a7|C:\\windows\\Explorer.EXE+5b0a4|C:\\windows\\Explorer.EXE+29a50|C:\\windows\\System32\\windows.storage.dll+16e1c4|C:\\windows\\System32\\windows.storage.dll+16de05|C:\\windows\\System32\\windows.storage.dll+16dce5|C:\\windows\\System32\\shcore.dll+31636|C:\\windows\\SYSTEM32\\ntdll.dll+2f655|C:\\windows\\SYSTEM32\\ntdll.dll+345b4|C:\\windows\\System32\\KERNEL32.DLL+17c24|C:\\windows\\SYSTEM32\\ntdll.dll+6cea1","UtcTime":"2020-10-20 05:32:07.294","TargetProcessGUID":"{39e4a257-f1cd-5f8b-c400-000000000700}","SourceProcessId":"1072","EventID":10,"Channel":"Microsoft-Windows-Sysmon/Operational","Task":"10","RuleName":"-","Message":"Process accessed:\r\nRuleName: -\r\nUtcTime: 2020-10-20 05:32:07.294\r\nSourceProcessGUID: {39e4a257-f1b3-5f8b-a700-000000000700}\r\nSourceProcessId: 1072\r\nSourceThreadId: 5448\r\nSourceImage: C:\\windows\\Explorer.EXE\r\nTargetProcessGUID: {39e4a257-f1cd-5f8b-c400-000000000700}\r\nTargetProcessId: 7652\r\nTargetImage: C:\\Windows\\System32\\WindowsPowerShell\\v1.0\\powershell.exe\r\nGrantedAccess: 0x1000\r\nCallTrace: C:\\windows\\SYSTEM32\\ntdll.dll+9c584|C:\\windows\\System32\\KERNELBASE.dll+305fe|C:\\Windows\\System32\\appresolver.dll+1ee93|C:\\Windows\\System32\\appresolver.dll+1ecb7|C:\\windows\\Explorer.EXE+5b1a7|C:\\windows\\Explorer.EXE+5b0a4|C:\\windows\\Explorer.EXE+29a50|C:\\windows\\System32\\windows.storage.dll+16e1c4|C:\\windows\\System32\\windows.storage.dll+16de05|C:\\windows\\System32\\windows.storage.dll+16dce5|C:\\windows\\System32\\shcore.dll+31636|C:\\windows\\SYSTEM32\\ntdll.dll+2f655|C:\\windows\\SYSTEM32\\ntdll.dll+345b4|C:\\windows\\System32\\KERNEL32.DLL+17c24|C:\\windows\\SYSTEM32\\ntdll.dll+6cea1","Hostname":"WORKSTATION5","TargetProcessId":"7652","TargetImage":"C:\\Windows\\System32\\WindowsPowerShell\\v1.0\\powershell.exe","SourceProcessGUID":"{39e4a257-f1b3-5f8b-a700-000000000700}"}
{"SourceImage":"C:\\windows\\Explorer.EXE","TimeCreated":"2020-10-20 01:32:07.313","GrantedAccess":"0x1410","SourceName":"Microsoft-Windows-Sysmon","SourceThreadId":"5448","CallTrace":"C:\\windows\\SYSTEM32\\ntdll.dll+9c584|C:\\windows\\System32\\KERNELBASE.dll+305fe|C:\\Windows\\System32\\appresolver.dll+21ee8|C:\\Windows\\System32\\appresolver.dll+1ef46|C:\\Windows\\System32\\appresolver.dll+1ecb7|C:\\windows\\Explorer.EXE+5b1a7|C:\\windows\\Explorer.EXE+5b0a4|C:\\windows\\Explorer.EXE+29a50|C:\\windows\\System32\\windows.storage.dll+16e1c4|C:\\windows\\System32\\windows.storage.dll+16de05|C:\\windows\\System32\\windows.storage.dll+16dce5|C:\\windows\\System32\\shcore.dll+31636|C:\\windows\\SYSTEM32\\ntdll.dll+2f655|C:\\windows\\SYSTEM32\\ntdll.dll+345b4|C:\\windows\\System32\\KERNEL32.DLL+17c24|C:\\windows\\SYSTEM32\\ntdll.dll+6cea1","UtcTime":"2020-10-20 05:32:07.294","TargetProcessGUID":"{39e4a257-f1cd-5f8b-c400-000000000700}","SourceProcessId":"1072","EventID":10,"Channel":"Microsoft-Windows-Sysmon/Operational","Task":"10","RuleName":"-","Message":"Process accessed:\r\nRuleName: -\r\nUtcTime: 2020-10-20 05:32:07.294\r\nSourceProcessGUID: {39e4a257-f1b3-5f8b-a700-000000000700}\r\nSourceProcessId: 1072\r\nSourceThreadId: 5448\r\nSourceImage: C:\\windows\\Explorer.EXE\r\nTargetProcessGUID: {39e4a257-f1cd-5f8b-c400-000000000700}\r\nTargetProcessId: 7652\r\nTargetImage: C:\\Windows\\System32\\WindowsPowerShell\\v1.0\\powershell.exe\r\nGrantedAccess: 0x1410\r\nCallTrace: C:\\windows\\SYSTEM32\\ntdll.dll+9c584|C:\\windows\\System32\\KERNELBASE.dll+305fe|C:\\Windows\\System32\\appresolver.dll+21ee8|C:\\Windows\\System32\\appresolver.dll+1ef46|C:\\Windows\\System32\\appresolver.dll+1ecb7|C:\\windows\\Explorer.EXE+5b1a7|C:\\windows\\Explorer.EXE+5b0a4|C:\\windows\\Explorer.EXE+29a50|C:\\windows\\System32\\windows.storage.dll+16e1c4|C:\\windows\\System32\\windows.storage.dll+16de05|C:\\windows\\System32\\windows.storage.dll+16dce5|C:\\windows\\System32\\shcore.dll+31636|C:\\windows\\SYSTEM32\\ntdll.dll+2f655|C:\\windows\\SYSTEM32\\ntdll.dll+345b4|C:\\windows\\System32\\KERNEL32.DLL+17c24|C:\\windows\\SYSTEM32\\ntdll.dll+6cea1","Hostname":"WORKSTATION5","TargetProcessId":"7652","TargetImage":"C:\\Windows\\System32\\WindowsPowerShell\\v1.0\\powershell.exe","SourceProcessGUID":"{39e4a257-f1b3-5f8b-a700-000000000700}"}
{"TimeCreated":"2020-10-20 01:32:07.313","SourceName":"Microsoft-Windows-Sysmon","UtcTime":"2020-10-20 05:32:07.294","ProcessGuid":"{39e4a257-f1b3-5f8b-a700-000000000700}","Image":"C:\\windows\\Explorer.EXE","EventID":13,"Channel":"Microsoft-Windows-Sysmon/Operational","Task":"13","RuleName":"-","Message":"Registry value set:\r\nRuleName: -\r\nEventType: SetValue\r\nUtcTime: 2020-10-20 05:32:07.294\r\nProcessGuid: {39e4a257-f1b3-5f8b-a700-000000000700}\r\nProcessId: 1072\r\nImage: C:\\windows\\Explorer.EXE\r\nTargetObject: HKU\\S-1-5-21-3940915590-64593676-1414006259-500\\Software\\Microsoft\\Windows\\CurrentVersion\\Explorer\\UserAssist\\{CEBFF5CD-ACE2-4F4F-9178-9926F41749EA}\\Count\\{1NP14R77-02R7-4R5Q-O744-2RO1NR5198O7}\\JvaqbjfCbjreFuryy\\i1.0\\cbjrefuryy.rkr\r\nDetails: Binary Data","Hostname":"WORKSTATION5","Details":"Binary Data","ProcessId":"1072","EventType":"SetValue","TargetObject":"HKU\\S-1-5-21-3940915590-64593676-1414006259-500\\Software\\Microsoft\\Windows\\CurrentVersion\\Explorer\\UserAssist\\{CEBFF5CD-ACE2-4F4F-9178-9926F41749EA}\\Count\\{1NP14R77-02R7-4R5Q-O744-2RO1NR5198O7}\\JvaqbjfCbjreFuryy\\i1.0\\cbjrefuryy.rkr"}
{"TimeCreated":"2020-10-20 01:32:07.313","SourceName":"Microsoft-Windows-Sysmon","UtcTime":"2020-10-20 05:32:07.294","ProcessGuid":"{39e4a257-f1b3-5f8b-a700-000000000700}","Image":"C:\\windows\\Explorer.EXE","EventID":13,"Channel":"Microsoft-Windows-Sysmon/Operational","Task":"13","RuleName":"-","Message":"Registry value set:\r\nRuleName: -\r\nEventType: SetValue\r\nUtcTime: 2020-10-20 05:32:07.294\r\nProcessGuid: {39e4a257-f1b3-5f8b-a700-000000000700}\r\nProcessId: 1072\r\nImage: C:\\windows\\Explorer.EXE\r\nTargetObject: HKU\\S-1-5-21-3940915590-64593676-1414006259-500\\Software\\Microsoft\\Windows\\CurrentVersion\\Explorer\\UserAssist\\{CEBFF5CD-ACE2-4F4F-9178-9926F41749EA}\\Count\\HRZR_PGYFRFFVBA\r\nDetails: Binary Data","Hostname":"WORKSTATION5","Details":"Binary Data","ProcessId":"1072","EventType":"SetValue","TargetObject":"HKU\\S-1-5-21-3940915590-64593676-1414006259-500\\Software\\Microsoft\\Windows\\CurrentVersion\\Explorer\\UserAssist\\{CEBFF5CD-ACE2-4F4F-9178-9926F41749EA}\\Count\\HRZR_PGYFRFFVBA"}
{"SourceImage":"C:\\windows\\Explorer.EXE","TimeCreated":"2020-10-20 01:32:07.315","GrantedAccess":"0x1000","SourceName":"Microsoft-Windows-Sysmon","SourceThreadId":"4688","CallTrace":"C:\\windows\\SYSTEM32\\ntdll.dll+9c584|C:\\windows\\System32\\KERNELBASE.dll+305fe|C:\\windows\\SYSTEM32\\TWINAPI.dll+6d4c|C:\\windows\\system32\\twinui.pcshell.dll+20880|C:\\windows\\system32\\twinui.pcshell.dll+20082|C:\\windows\\system32\\twinui.dll+1780b|C:\\windows\\system32\\twinui.dll+1734c|C:\\windows\\system32\\twinui.dll+68f7a|C:\\windows\\system32\\twinui.dll+16e09|C:\\windows\\system32\\twinui.dll+16f4b|C:\\windows\\system32\\twinui.dll+16ecd|C:\\windows\\System32\\USER32.dll+15c1d|C:\\windows\\System32\\USER32.dll+15612|C:\\Windows\\System32\\windows.immersiveshell.serviceprovider.dll+45f0|C:\\Windows\\System32\\windows.immersiveshell.serviceprovider.dll+41b9|C:\\Windows\\System32\\windows.immersiveshell.serviceprovider.dll+3e4f|C:\\windows\\System32\\KERNEL32.DLL+17c24|C:\\windows\\SYSTEM32\\ntdll.dll+6cea1","UtcTime":"2020-10-20 05:32:07.311","TargetProcessGUID":"{39e4a257-f1cd-5f8b-c400-000000000700}","SourceProcessId":"1072","EventID":10,"Channel":"Microsoft-Windows-Sysmon/Operational","Task":"10","RuleName":"-","Message":"Process accessed:\r\nRuleName: -\r\nUtcTime: 2020-10-20 05:32:07.311\r\nSourceProcessGUID: {39e4a257-f1b3-5f8b-a700-000000000700}\r\nSourceProcessId: 1072\r\nSourceThreadId: 4688\r\nSourceImage: C:\\windows\\Explorer.EXE\r\nTargetProcessGUID: {39e4a257-f1cd-5f8b-c400-000000000700}\r\nTargetProcessId: 7652\r\nTargetImage: C:\\Windows\\System32\\WindowsPowerShell\\v1.0\\powershell.exe\r\nGrantedAccess: 0x1000\r\nCallTrace: C:\\windows\\SYSTEM32\\ntdll.dll+9c584|C:\\windows\\System32\\KERNELBASE.dll+305fe|C:\\windows\\SYSTEM32\\TWINAPI.dll+6d4c|C:\\windows\\system32\\twinui.pcshell.dll+20880|C:\\windows\\system32\\twinui.pcshell.dll+20082|C:\\windows\\system32\\twinui.dll+1780b|C:\\windows\\system32\\twinui.dll+1734c|C:\\windows\\system32\\twinui.dll+68f7a|C:\\windows\\system32\\twinui.dll+16e09|C:\\windows\\system32\\twinui.dll+16f4b|C:\\windows\\system32\\twinui.dll+16ecd|C:\\windows\\System32\\USER32.dll+15c1d|C:\\windows\\System32\\USER32.dll+15612|C:\\Windows\\System32\\windows.immersiveshell.serviceprovider.dll+45f0|C:\\Windows\\System32\\windows.immersiveshell.serviceprovider.dll+41b9|C:\\Windows\\System32\\windows.immersiveshell.serviceprovider.dll+3e4f|C:\\windows\\System32\\KERNEL32.DLL+17c24|C:\\windows\\SYSTEM32\\ntdll.dll+6cea1","Hostname":"WORKSTATION5","TargetProcessId":"7652","TargetImage":"C:\\Windows\\System32\\WindowsPowerShell\\v1.0\\powershell.exe","SourceProcessGUID":"{39e4a257-f1b3-5f8b-a700-000000000700}"}
{"SourceImage":"C:\\windows\\Explorer.EXE","TimeCreated":"2020-10-20 01:32:07.315","GrantedAccess":"0x2000","SourceName":"Microsoft-Windows-Sysmon","SourceThreadId":"4688","CallTrace":"C:\\windows\\SYSTEM32\\ntdll.dll+9c584|C:\\windows\\System32\\KERNELBASE.dll+305fe|C:\\windows\\system32\\twinui.dll+783a3|C:\\windows\\system32\\twinui.dll+1780b|C:\\windows\\system32\\twinui.dll+1734c|C:\\windows\\system32\\twinui.dll+68f7a|C:\\windows\\system32\\twinui.dll+16e09|C:\\windows\\system32\\twinui.dll+16f4b|C:\\windows\\system32\\twinui.dll+16ecd|C:\\windows\\System32\\USER32.dll+15c1d|C:\\windows\\System32\\USER32.dll+15612|C:\\Windows\\System32\\windows.immersiveshell.serviceprovider.dll+45f0|C:\\Windows\\System32\\windows.immersiveshell.serviceprovider.dll+41b9|C:\\Windows\\System32\\windows.immersiveshell.serviceprovider.dll+3e4f|C:\\windows\\System32\\KERNEL32.DLL+17c24|C:\\windows\\SYSTEM32\\ntdll.dll+6cea1","UtcTime":"2020-10-20 05:32:07.311","TargetProcessGUID":"{39e4a257-f1cd-5f8b-c400-000000000700}","SourceProcessId":"1072","EventID":10,"Channel":"Microsoft-Windows-Sysmon/Operational","Task":"10","RuleName":"-","Message":"Process accessed:\r\nRuleName: -\r\nUtcTime: 2020-10-20 05:32:07.311\r\nSourceProcessGUID: {39e4a257-f1b3-5f8b-a700-000000000700}\r\nSourceProcessId: 1072\r\nSourceThreadId: 4688\r\nSourceImage: C:\\windows\\Explorer.EXE\r\nTargetProcessGUID: {39e4a257-f1cd-5f8b-c400-000000000700}\r\nTargetProcessId: 7652\r\nTargetImage: C:\\Windows\\System32\\WindowsPowerShell\\v1.0\\powershell.exe\r\nGrantedAccess: 0x2000\r\nCallTrace: C:\\windows\\SYSTEM32\\ntdll.dll+9c584|C:\\windows\\System32\\KERNELBASE.dll+305fe|C:\\windows\\system32\\twinui.dll+783a3|C:\\windows\\system32\\twinui.dll+1780b|C:\\windows\\system32\\twinui.dll+1734c|C:\\windows\\system32\\twinui.dll+68f7a|C:\\windows\\system32\\twinui.dll+16e09|C:\\windows\\system32\\twinui.dll+16f4b|C:\\windows\\system32\\twinui.dll+16ecd|C:\\windows\\System32\\USER32.dll+15c1d|C:\\windows\\System32\\USER32.dll+15612|C:\\Windows\\System32\\windows.immersiveshell.serviceprovider.dll+45f0|C:\\Windows\\System32\\windows.immersiveshell.serviceprovider.dll+41b9|C:\\Windows\\System32\\windows.immersiveshell.serviceprovider.dll+3e4f|C:\\windows\\System32\\KERNEL32.DLL+17c24|C:\\windows\\SYSTEM32\\ntdll.dll+6cea1","Hostname":"WORKSTATION5","TargetProcessId":"7652","TargetImage":"C:\\Windows\\System32\\WindowsPowerShell\\v1.0\\powershell.exe","SourceProcessGUID":"{39e4a257-f1b3-5f8b-a700-000000000700}"}
{"SourceImage":"C:\\windows\\Explorer.EXE","TimeCreated":"2020-10-20 01:32:07.315","GrantedAccess":"0x2000","SourceName":"Microsoft-Windows-Sysmon","SourceThreadId":"4688","CallTrace":"C:\\windows\\SYSTEM32\\ntdll.dll+9c584|C:\\windows\\System32\\KERNELBASE.dll+305fe|C:\\windows\\system32\\twinui.dll+72a89|C:\\windows\\system32\\twinui.dll+785b2|C:\\windows\\system32\\twinui.dll+1780b|C:\\windows\\system32\\twinui.dll+1734c|C:\\windows\\system32\\twinui.dll+68f7a|C:\\windows\\system32\\twinui.dll+16e09|C:\\windows\\system32\\twinui.dll+16f4b|C:\\windows\\system32\\twinui.dll+16ecd|C:\\windows\\System32\\USER32.dll+15c1d|C:\\windows\\System32\\USER32.dll+15612|C:\\Windows\\System32\\windows.immersiveshell.serviceprovider.dll+45f0|C:\\Windows\\System32\\windows.immersiveshell.serviceprovider.dll+41b9|C:\\Windows\\System32\\windows.immersiveshell.serviceprovider.dll+3e4f|C:\\windows\\System32\\KERNEL32.DLL+17c24|C:\\windows\\SYSTEM32\\ntdll.dll+6cea1","UtcTime":"2020-10-20 05:32:07.311","TargetProcessGUID":"{39e4a257-f247-5f8b-d300-000000000700}","SourceProcessId":"1072","EventID":10,"Channel":"Microsoft-Windows-Sysmon/Operational","Task":"10","RuleName":"-","Message":"Process accessed:\r\nRuleName: -\r\nUtcTime: 2020-10-20 05:32:07.311\r\nSourceProcessGUID: {39e4a257-f1b3-5f8b-a700-000000000700}\r\nSourceProcessId: 1072\r\nSourceThreadId: 4688\r\nSourceImage: C:\\windows\\Explorer.EXE\r\nTargetProcessGUID: {39e4a257-f247-5f8b-d300-000000000700}\r\nTargetProcessId: 4368\r\nTargetImage: C:\\Windows\\SystemApps\\InputApp_cw5n1h2txyewy\\WindowsInternal.ComposableShell.Experiences.TextInput.InputApp.exe\r\nGrantedAccess: 0x2000\r\nCallTrace: C:\\windows\\SYSTEM32\\ntdll.dll+9c584|C:\\windows\\System32\\KERNELBASE.dll+305fe|C:\\windows\\system32\\twinui.dll+72a89|C:\\windows\\system32\\twinui.dll+785b2|C:\\windows\\system32\\twinui.dll+1780b|C:\\windows\\system32\\twinui.dll+1734c|C:\\windows\\system32\\twinui.dll+68f7a|C:\\windows\\system32\\twinui.dll+16e09|C:\\windows\\system32\\twinui.dll+16f4b|C:\\windows\\system32\\twinui.dll+16ecd|C:\\windows\\System32\\USER32.dll+15c1d|C:\\windows\\System32\\USER32.dll+15612|C:\\Windows\\System32\\windows.immersiveshell.serviceprovider.dll+45f0|C:\\Windows\\System32\\windows.immersiveshell.serviceprovider.dll+41b9|C:\\Windows\\System32\\windows.immersiveshell.serviceprovider.dll+3e4f|C:\\windows\\System32\\KERNEL32.DLL+17c24|C:\\windows\\SYSTEM32\\ntdll.dll+6cea1","Hostname":"WORKSTATION5","TargetProcessId":"4368","TargetImage":"C:\\Windows\\SystemApps\\InputApp_cw5n1h2txyewy\\WindowsInternal.ComposableShell.Experiences.TextInput.InputApp.exe","SourceProcessGUID":"{39e4a257-f1b3-5f8b-a700-000000000700}"}
{"SourceImage":"C:\\windows\\Explorer.EXE","TimeCreated":"2020-10-20 01:32:07.320","GrantedAccess":"0x2000","SourceName":"Microsoft-Windows-Sysmon","SourceThreadId":"4688","CallTrace":"C:\\windows\\SYSTEM32\\ntdll.dll+9c584|C:\\windows\\System32\\KERNELBASE.dll+305fe|C:\\windows\\system32\\twinui.dll+72a89|C:\\windows\\system32\\twinui.dll+785b2|C:\\windows\\system32\\twinui.dll+1780b|C:\\windows\\system32\\twinui.dll+1734c|C:\\windows\\system32\\twinui.dll+68f7a|C:\\windows\\system32\\twinui.dll+16e09|C:\\windows\\system32\\twinui.dll+16f4b|C:\\windows\\system32\\twinui.dll+16ecd|C:\\windows\\System32\\USER32.dll+15c1d|C:\\windows\\System32\\USER32.dll+15612|C:\\Windows\\System32\\windows.immersiveshell.serviceprovider.dll+45f0|C:\\Windows\\System32\\windows.immersiveshell.serviceprovider.dll+41b9|C:\\Windows\\System32\\windows.immersiveshell.serviceprovider.dll+3e4f|C:\\windows\\System32\\KERNEL32.DLL+17c24|C:\\windows\\SYSTEM32\\ntdll.dll+6cea1","UtcTime":"2020-10-20 05:32:07.311","TargetProcessGUID":"{39e4a257-f1cd-5f8b-c400-000000000700}","SourceProcessId":"1072","EventID":10,"Channel":"Microsoft-Windows-Sysmon/Operational","Task":"10","RuleName":"-","Message":"Process accessed:\r\nRuleName: -\r\nUtcTime: 2020-10-20 05:32:07.311\r\nSourceProcessGUID: {39e4a257-f1b3-5f8b-a700-000000000700}\r\nSourceProcessId: 1072\r\nSourceThreadId: 4688\r\nSourceImage: C:\\windows\\Explorer.EXE\r\nTargetProcessGUID: {39e4a257-f1cd-5f8b-c400-000000000700}\r\nTargetProcessId: 7652\r\nTargetImage: C:\\Windows\\System32\\WindowsPowerShell\\v1.0\\powershell.exe\r\nGrantedAccess: 0x2000\r\nCallTrace: C:\\windows\\SYSTEM32\\ntdll.dll+9c584|C:\\windows\\System32\\KERNELBASE.dll+305fe|C:\\windows\\system32\\twinui.dll+72a89|C:\\windows\\system32\\twinui.dll+785b2|C:\\windows\\system32\\twinui.dll+1780b|C:\\windows\\system32\\twinui.dll+1734c|C:\\windows\\system32\\twinui.dll+68f7a|C:\\windows\\system32\\twinui.dll+16e09|C:\\windows\\system32\\twinui.dll+16f4b|C:\\windows\\system32\\twinui.dll+16ecd|C:\\windows\\System32\\USER32.dll+15c1d|C:\\windows\\System32\\USER32.dll+15612|C:\\Windows\\System32\\windows.immersiveshell.serviceprovider.dll+45f0|C:\\Windows\\System32\\windows.immersiveshell.serviceprovider.dll+41b9|C:\\Windows\\System32\\windows.immersiveshell.serviceprovider.dll+3e4f|C:\\windows\\System32\\KERNEL32.DLL+17c24|C:\\windows\\SYSTEM32\\ntdll.dll+6cea1","Hostname":"WORKSTATION5","TargetProcessId":"7652","TargetImage":"C:\\Windows\\System32\\WindowsPowerShell\\v1.0\\powershell.exe","SourceProcessGUID":"{39e4a257-f1b3-5f8b-a700-000000000700}"}
{"SourceImage":"C:\\windows\\Explorer.EXE","TimeCreated":"2020-10-20 01:32:07.320","GrantedAccess":"0x2000","SourceName":"Microsoft-Windows-Sysmon","SourceThreadId":"4688","CallTrace":"C:\\windows\\SYSTEM32\\ntdll.dll+9c584|C:\\windows\\System32\\KERNELBASE.dll+305fe|C:\\windows\\system32\\twinui.dll+72a89|C:\\windows\\system32\\twinui.dll+785b2|C:\\windows\\system32\\twinui.dll+1780b|C:\\windows\\system32\\twinui.dll+1734c|C:\\windows\\system32\\twinui.dll+68f7a|C:\\windows\\system32\\twinui.dll+16e09|C:\\windows\\system32\\twinui.dll+16f4b|C:\\windows\\system32\\twinui.dll+16ecd|C:\\windows\\System32\\USER32.dll+15c1d|C:\\windows\\System32\\USER32.dll+15612|C:\\Windows\\System32\\windows.immersiveshell.serviceprovider.dll+45f0|C:\\Windows\\System32\\windows.immersiveshell.serviceprovider.dll+41b9|C:\\Windows\\System32\\windows.immersiveshell.serviceprovider.dll+3e4f|C:\\windows\\System32\\KERNEL32.DLL+17c24|C:\\windows\\SYSTEM32\\ntdll.dll+6cea1","UtcTime":"2020-10-20 05:32:07.311","TargetProcessGUID":"{39e4a257-763c-5f8e-e508-000000000700}","SourceProcessId":"1072","EventID":10,"Channel":"Microsoft-Windows-Sysmon/Operational","Task":"10","RuleName":"-","Message":"Process accessed:\r\nRuleName: -\r\nUtcTime: 2020-10-20 05:32:07.311\r\nSourceProcessGUID: {39e4a257-f1b3-5f8b-a700-000000000700}\r\nSourceProcessId: 1072\r\nSourceThreadId: 4688\r\nSourceImage: C:\\windows\\Explorer.EXE\r\nTargetProcessGUID: {39e4a257-763c-5f8e-e508-000000000700}\r\nTargetProcessId: 8504\r\nTargetImage: C:\\Windows\\Raccine.exe\r\nGrantedAccess: 0x2000\r\nCallTrace: C:\\windows\\SYSTEM32\\ntdll.dll+9c584|C:\\windows\\System32\\KERNELBASE.dll+305fe|C:\\windows\\system32\\twinui.dll+72a89|C:\\windows\\system32\\twinui.dll+785b2|C:\\windows\\system32\\twinui.dll+1780b|C:\\windows\\system32\\twinui.dll+1734c|C:\\windows\\system32\\twinui.dll+68f7a|C:\\windows\\system32\\twinui.dll+16e09|C:\\windows\\system32\\twinui.dll+16f4b|C:\\windows\\system32\\twinui.dll+16ecd|C:\\windows\\System32\\USER32.dll+15c1d|C:\\windows\\System32\\USER32.dll+15612|C:\\Windows\\System32\\windows.immersiveshell.serviceprovider.dll+45f0|C:\\Windows\\System32\\windows.immersiveshell.serviceprovider.dll+41b9|C:\\Windows\\System32\\windows.immersiveshell.serviceprovider.dll+3e4f|C:\\windows\\System32\\KERNEL32.DLL+17c24|C:\\windows\\SYSTEM32\\ntdll.dll+6cea1","Hostname":"WORKSTATION5","TargetProcessId":"8504","TargetImage":"C:\\Windows\\Raccine.exe","SourceProcessGUID":"{39e4a257-f1b3-5f8b-a700-000000000700}"}
{"SourceImage":"C:\\windows\\Explorer.EXE","TimeCreated":"2020-10-20 01:32:07.320","GrantedAccess":"0x1000","SourceName":"Microsoft-Windows-Sysmon","SourceThreadId":"5516","CallTrace":"C:\\windows\\SYSTEM32\\ntdll.dll+9c584|C:\\windows\\System32\\KERNELBASE.dll+305fe|C:\\windows\\System32\\NPSMDesktopProvider.dll+1dbfa|C:\\windows\\System32\\NPSMDesktopProvider.dll+139e2|C:\\windows\\System32\\NPSMDesktopProvider.dll+1415b|C:\\windows\\System32\\shcore.dll+c540|C:\\windows\\System32\\shcore.dll+c1c8|C:\\windows\\System32\\shcore.dll+a7e3|C:\\windows\\SYSTEM32\\ntdll.dll+32e93|C:\\windows\\SYSTEM32\\ntdll.dll+345b4|C:\\windows\\System32\\KERNEL32.DLL+17c24|C:\\windows\\SYSTEM32\\ntdll.dll+6cea1","UtcTime":"2020-10-20 05:32:07.311","TargetProcessGUID":"{39e4a257-f1cd-5f8b-c400-000000000700}","SourceProcessId":"1072","EventID":10,"Channel":"Microsoft-Windows-Sysmon/Operational","Task":"10","RuleName":"-","Message":"Process accessed:\r\nRuleName: -\r\nUtcTime: 2020-10-20 05:32:07.311\r\nSourceProcessGUID: {39e4a257-f1b3-5f8b-a700-000000000700}\r\nSourceProcessId: 1072\r\nSourceThreadId: 5516\r\nSourceImage: C:\\windows\\Explorer.EXE\r\nTargetProcessGUID: {39e4a257-f1cd-5f8b-c400-000000000700}\r\nTargetProcessId: 7652\r\nTargetImage: C:\\Windows\\System32\\WindowsPowerShell\\v1.0\\powershell.exe\r\nGrantedAccess: 0x1000\r\nCallTrace: C:\\windows\\SYSTEM32\\ntdll.dll+9c584|C:\\windows\\System32\\KERNELBASE.dll+305fe|C:\\windows\\System32\\NPSMDesktopProvider.dll+1dbfa|C:\\windows\\System32\\NPSMDesktopProvider.dll+139e2|C:\\windows\\System32\\NPSMDesktopProvider.dll+1415b|C:\\windows\\System32\\shcore.dll+c540|C:\\windows\\System32\\shcore.dll+c1c8|C:\\windows\\System32\\shcore.dll+a7e3|C:\\windows\\SYSTEM32\\ntdll.dll+32e93|C:\\windows\\SYSTEM32\\ntdll.dll+345b4|C:\\windows\\System32\\KERNEL32.DLL+17c24|C:\\windows\\SYSTEM32\\ntdll.dll+6cea1","Hostname":"WORKSTATION5","TargetProcessId":"7652","TargetImage":"C:\\Windows\\System32\\WindowsPowerShell\\v1.0\\powershell.exe","SourceProcessGUID":"{39e4a257-f1b3-5f8b-a700-000000000700}"}
{"TimeCreated":"2020-10-20 01:32:07.330","SourceName":"Microsoft-Windows-Sysmon","UtcTime":"2020-10-20 05:32:07.326","ProcessGuid":"{39e4a257-f1b3-5f8b-a700-000000000700}","Image":"C:\\windows\\Explorer.EXE","EventID":13,"Channel":"Microsoft-Windows-Sysmon/Operational","Task":"13","RuleName":"-","Message":"Registry value set:\r\nRuleName: -\r\nEventType: SetValue\r\nUtcTime: 2020-10-20 05:32:07.326\r\nProcessGuid: {39e4a257-f1b3-5f8b-a700-000000000700}\r\nProcessId: 1072\r\nImage: C:\\windows\\Explorer.EXE\r\nTargetObject: HKU\\S-1-5-21-3940915590-64593676-1414006259-500\\Software\\Microsoft\\Windows\\CurrentVersion\\ActivityDataModel\\ReaderRevisionInfo\\A972977C-95EC-9F21-DCC4-595CA3A0E033\r\nDetails: Binary Data","Hostname":"WORKSTATION5","Details":"Binary Data","ProcessId":"1072","EventType":"SetValue","TargetObject":"HKU\\S-1-5-21-3940915590-64593676-1414006259-500\\Software\\Microsoft\\Windows\\CurrentVersion\\ActivityDataModel\\ReaderRevisionInfo\\A972977C-95EC-9F21-DCC4-595CA3A0E033"}
