{"@timestamp":"2020-10-22T01:31:10.680Z","TimeCreated":"2020-10-22T01:31:10.680Z","Hashes":"SHA1=D10BBE9B65C2C6F8FCA6850D0B79CBC6EF04D691,MD5=126821F73FD9FFCE6E091CF9480E1B60,SHA256=7B28F46F0A09CFD9129109A94B1C16C9C62EEF46C09113C4C585D9BF0E69B2DA,IMPHASH=5AE9A136FAFA10321F3D48251BF4F6A1","Signature":"Microsoft Windows","ProviderGuid":"{5770385f-c22a-43e0-bf4c-06f5698ffbd9}","Company":"Microsoft Corporation","UtcTime":"2020-10-22 05:31:10.676","ProcessGuid":"{39e4a257-191e-5f91-5f12-000000000700}","Image":"C:\\Windows\\System32\\control.exe","ImageLoaded":"C:\\Windows\\System32\\ucrtbase.dll","Level":"4","Channel":"Microsoft-Windows-Sysmon/Operational","Task":"7","RuleName":"-","FileVersion":"10.0.18362.1110 (WinBuild.160101.0800)","SourceName":"Microsoft-Windows-Sysmon","Hostname":"WORKSTATION5","ProcessId":"3632","Description":"Microsoft C Runtime Library","SignatureStatus":"Valid","Product":"Microsoft Windows Operating System","EventID":7,"Keywords":"0x8000000000000000","Signed":"true","OriginalFileName":"ucrtbase.dll","Message":"Image loaded:\r\nRuleName: -\r\nUtcTime: 2020-10-22 05:31:10.676\r\nProcessGuid: {39e4a257-191e-5f91-5f12-000000000700}\r\nProcessId: 3632\r\nImage: C:\\Windows\\System32\\control.exe\r\nImageLoaded: C:\\Windows\\System32\\ucrtbase.dll\r\nFileVersion: 10.0.18362.1110 (WinBuild.160101.0800)\r\nDescription: Microsoft C Runtime Library\r\nProduct: Microsoft Windows Operating System\r\nCompany: Microsoft Corporation\r\nOriginalFileName: ucrtbase.dll\r\nHashes: SHA1=D10BBE9B65C2C6F8FCA6850D0B79CBC6EF04D691,MD5=126821F73FD9FFCE6E091CF9480E1B60,SHA256=7B28F46F0A09CFD9129109A94B1C16C9C62EEF46C09113C4C585D9BF0E69B2DA,IMPHASH=5AE9A136FAFA10321F3D48251BF4F6A1\r\nSigned: true\r\nSignature: Microsoft Windows\r\nSignatureStatus: Valid"}
{"@timestamp":"2020-10-22T01:31:10.680Z","TimeCreated":"2020-10-22T01:31:10.680Z","Hashes":"SHA1=9074DF3335B785BB00B43AE76ACC66B799118FAE,MD5=BFB85A9022324E41FCEC5011BCB5FD23,SHA256=3CDA144CFB6278DA47267FE1E1FE258716A074C3D3DD8413B259DA7DA1039871,IMPHASH=6659A49ABF33952444C5A7FA22FD9032","Signature":"Microsoft Windows","ProviderGuid":"{5770385f-c22a-43e0-bf4c-06f5698ffbd9}","Company":"Microsoft Corporation","UtcTime":"2020-10-22 05:31:10.676","ProcessGuid":"{39e4a257-191e-5f91-5f12-000000000700}","Image":"C:\\Windows\\System32\\control.exe","ImageLoaded":"C:\\Windows\\System32\\shlwapi.dll","Level":"4","Channel":"Microsoft-Windows-Sysmon/Operational","Task":"7","RuleName":"-","FileVersion":"10.0.18362.1 (WinBuild.160101.0800)","SourceName":"Microsoft-Windows-Sysmon","Hostname":"WORKSTATION5","ProcessId":"3632","Description":"Shell Light-weight Utility Library","SignatureStatus":"Valid","Product":"Microsoft Windows Operating System","EventID":7,"Keywords":"0x8000000000000000","Signed":"true","OriginalFileName":"SHLWAPI.DLL","Message":"Image loaded:\r\nRuleName: -\r\nUtcTime: 2020-10-22 05:31:10.676\r\nProcessGuid: {39e4a257-191e-5f91-5f12-000000000700}\r\nProcessId: 3632\r\nImage: C:\\Windows\\System32\\control.exe\r\nImageLoaded: C:\\Windows\\System32\\shlwapi.dll\r\nFileVersion: 10.0.18362.1 (WinBuild.160101.0800)\r\nDescription: Shell Light-weight Utility Library\r\nProduct: Microsoft Windows Operating System\r\nCompany: Microsoft Corporation\r\nOriginalFileName: SHLWAPI.DLL\r\nHashes: SHA1=9074DF3335B785BB00B43AE76ACC66B799118FAE,MD5=BFB85A9022324E41FCEC5011BCB5FD23,SHA256=3CDA144CFB6278DA47267FE1E1FE258716A074C3D3DD8413B259DA7DA1039871,IMPHASH=6659A49ABF33952444C5A7FA22FD9032\r\nSigned: true\r\nSignature: Microsoft Windows\r\nSignatureStatus: Valid"}
{"@timestamp":"2020-10-22T01:31:10.681Z","TimeCreated":"2020-10-22T01:31:10.681Z","Hashes":"SHA1=969AA7FF99DD7452EDA4558492D7A7435E414B37,MD5=66D9CBC07F05DC58E9B01E7E247DBA9C,SHA256=C0687B0277326C0DCB36B729F1257D03F23744B17E6BB4A92AFC52BE528EA6E1,IMPHASH=D1A511866766E387FD0DAF3ACBB54B12","Signature":"Microsoft Windows","ProviderGuid":"{5770385f-c22a-43e0-bf4c-06f5698ffbd9}","Company":"Microsoft Corporation","UtcTime":"2020-10-22 05:31:10.676","ProcessGuid":"{39e4a257-191e-5f91-5f12-000000000700}","Image":"C:\\Windows\\System32\\control.exe","ImageLoaded":"C:\\Windows\\System32\\combase.dll","Level":"4","Channel":"Microsoft-Windows-Sysmon/Operational","Task":"7","RuleName":"-","FileVersion":"10.0.18362.1139 (WinBuild.160101.0800)","SourceName":"Microsoft-Windows-Sysmon","Hostname":"WORKSTATION5","ProcessId":"3632","Description":"Microsoft COM for Windows","SignatureStatus":"Valid","Product":"Microsoft Windows Operating System","EventID":7,"Keywords":"0x8000000000000000","Signed":"true","OriginalFileName":"COMBASE.DLL","Message":"Image loaded:\r\nRuleName: -\r\nUtcTime: 2020-10-22 05:31:10.676\r\nProcessGuid: {39e4a257-191e-5f91-5f12-000000000700}\r\nProcessId: 3632\r\nImage: C:\\Windows\\System32\\control.exe\r\nImageLoaded: C:\\Windows\\System32\\combase.dll\r\nFileVersion: 10.0.18362.1139 (WinBuild.160101.0800)\r\nDescription: Microsoft COM for Windows\r\nProduct: Microsoft Windows Operating System\r\nCompany: Microsoft Corporation\r\nOriginalFileName: COMBASE.DLL\r\nHashes: SHA1=969AA7FF99DD7452EDA4558492D7A7435E414B37,MD5=66D9CBC07F05DC58E9B01E7E247DBA9C,SHA256=C0687B0277326C0DCB36B729F1257D03F23744B17E6BB4A92AFC52BE528EA6E1,IMPHASH=D1A511866766E387FD0DAF3ACBB54B12\r\nSigned: true\r\nSignature: Microsoft Windows\r\nSignatureStatus: Valid"}
{"@timestamp":"2020-10-22T01:31:10.681Z","TimeCreated":"2020-10-22T01:31:10.681Z","Hashes":"SHA1=B4222C8DC3274CFC3FE54F322D827B2F01FFF036,MD5=EF2BBEAFF07D32A2EC77FB4602FA9664,SHA256=6B47F3E88CDEDF8F31F91940E38A4544818C79D153323262F9F46B21F41D262C,IMPHASH=402DA460E2AC467F4489C588A9941032","Signature":"Microsoft Windows","ProviderGuid":"{5770385f-c22a-43e0-bf4c-06f5698ffbd9}","Company":"Microsoft Corporation","UtcTime":"2020-10-22 05:31:10.676","ProcessGuid":"{39e4a257-191e-5f91-5f12-000000000700}","Image":"C:\\Windows\\System32\\control.exe","ImageLoaded":"C:\\Windows\\System32\\bcryptprimitives.dll","Level":"4","Channel":"Microsoft-Windows-Sysmon/Operational","Task":"7","RuleName":"-","FileVersion":"10.0.18362.836 (WinBuild.160101.0800)","SourceName":"Microsoft-Windows-Sysmon","Hostname":"WORKSTATION5","ProcessId":"3632","Description":"Windows Cryptographic Primitives Library","SignatureStatus":"Valid","Product":"Microsoft Windows Operating System","EventID":7,"Keywords":"0x8000000000000000","Signed":"true","OriginalFileName":"bcryptprimitives.dll","Message":"Image loaded:\r\nRuleName: -\r\nUtcTime: 2020-10-22 05:31:10.676\r\nProcessGuid: {39e4a257-191e-5f91-5f12-000000000700}\r\nProcessId: 3632\r\nImage: C:\\Windows\\System32\\control.exe\r\nImageLoaded: C:\\Windows\\System32\\bcryptprimitives.dll\r\nFileVersion: 10.0.18362.836 (WinBuild.160101.0800)\r\nDescription: Windows Cryptographic Primitives Library\r\nProduct: Microsoft Windows Operating System\r\nCompany: Microsoft Corporation\r\nOriginalFileName: bcryptprimitives.dll\r\nHashes: SHA1=B4222C8DC3274CFC3FE54F322D827B2F01FFF036,MD5=EF2BBEAFF07D32A2EC77FB4602FA9664,SHA256=6B47F3E88CDEDF8F31F91940E38A4544818C79D153323262F9F46B21F41D262C,IMPHASH=402DA460E2AC467F4489C588A9941032\r\nSigned: true\r\nSignature: Microsoft Windows\r\nSignatureStatus: Valid"}
{"@timestamp":"2020-10-22T01:31:10.681Z","TimeCreated":"2020-10-22T01:31:10.681Z","Hashes":"SHA1=1BE5EC1130E4B812224AF98D1C4B81B91C8D8BCE,MD5=698E67C04A48B58FE0FE2B7DAB428BD2,SHA256=D4F8395347B3C952DA3309BD3ADFBF87F52582C744204692DEDB0B6E720AEE1A,IMPHASH=5DE31297232BD99BC22531D7CE95B80E","Signature":"Microsoft Windows","ProviderGuid":"{5770385f-c22a-43e0-bf4c-06f5698ffbd9}","Company":"Microsoft Corporation","UtcTime":"2020-10-22 05:31:10.676","ProcessGuid":"{39e4a257-191e-5f91-5f12-000000000700}","Image":"C:\\Windows\\System32\\control.exe","ImageLoaded":"C:\\Windows\\System32\\shell32.dll","Level":"4","Channel":"Microsoft-Windows-Sysmon/Operational","Task":"7","RuleName":"-","FileVersion":"10.0.18362.1110 (WinBuild.160101.0800)","SourceName":"Microsoft-Windows-Sysmon","Hostname":"WORKSTATION5","ProcessId":"3632","Description":"Windows Shell Common Dll","SignatureStatus":"Valid","Product":"Microsoft Windows Operating System","EventID":7,"Keywords":"0x8000000000000000","Signed":"true","OriginalFileName":"SHELL32.DLL","Message":"Image loaded:\r\nRuleName: -\r\nUtcTime: 2020-10-22 05:31:10.676\r\nProcessGuid: {39e4a257-191e-5f91-5f12-000000000700}\r\nProcessId: 3632\r\nImage: C:\\Windows\\System32\\control.exe\r\nImageLoaded: C:\\Windows\\System32\\shell32.dll\r\nFileVersion: 10.0.18362.1110 (WinBuild.160101.0800)\r\nDescription: Windows Shell Common Dll\r\nProduct: Microsoft Windows Operating System\r\nCompany: Microsoft Corporation\r\nOriginalFileName: SHELL32.DLL\r\nHashes: SHA1=1BE5EC1130E4B812224AF98D1C4B81B91C8D8BCE,MD5=698E67C04A48B58FE0FE2B7DAB428BD2,SHA256=D4F8395347B3C952DA3309BD3ADFBF87F52582C744204692DEDB0B6E720AEE1A,IMPHASH=5DE31297232BD99BC22531D7CE95B80E\r\nSigned: true\r\nSignature: Microsoft Windows\r\nSignatureStatus: Valid"}
{"@timestamp":"2020-10-22T01:31:10.681Z","TimeCreated":"2020-10-22T01:31:10.681Z","Hashes":"SHA1=FA3A718BEED81C7084675E250ADC305677A6B5E4,MD5=3A99A40872AF3B87406CC57DBDF53748,SHA256=96A1DB38C74A81FBA4C4AB29020551364FD1ADA3B6FED789D193C787E757979D,IMPHASH=4B4464C7677B6F07342800F4CF0BA273","Signature":"Microsoft Windows","ProviderGuid":"{5770385f-c22a-43e0-bf4c-06f5698ffbd9}","Company":"Microsoft Corporation","UtcTime":"2020-10-22 05:31:10.676","ProcessGuid":"{39e4a257-191e-5f91-5f12-000000000700}","Image":"C:\\Windows\\System32\\control.exe","ImageLoaded":"C:\\Windows\\System32\\cfgmgr32.dll","Level":"4","Channel":"Microsoft-Windows-Sysmon/Operational","Task":"7","RuleName":"-","FileVersion":"10.0.18362.387 (WinBuild.160101.0800)","SourceName":"Microsoft-Windows-Sysmon","Hostname":"WORKSTATION5","ProcessId":"3632","Description":"Configuration Manager DLL","SignatureStatus":"Valid","Product":"Microsoft Windows Operating System","EventID":7,"Keywords":"0x8000000000000000","Signed":"true","OriginalFileName":"CFGMGR32.DLL","Message":"Image loaded:\r\nRuleName: -\r\nUtcTime: 2020-10-22 05:31:10.676\r\nProcessGuid: {39e4a257-191e-5f91-5f12-000000000700}\r\nProcessId: 3632\r\nImage: C:\\Windows\\System32\\control.exe\r\nImageLoaded: C:\\Windows\\System32\\cfgmgr32.dll\r\nFileVersion: 10.0.18362.387 (WinBuild.160101.0800)\r\nDescription: Configuration Manager DLL\r\nProduct: Microsoft Windows Operating System\r\nCompany: Microsoft Corporation\r\nOriginalFileName: CFGMGR32.DLL\r\nHashes: SHA1=FA3A718BEED81C7084675E250ADC305677A6B5E4,MD5=3A99A40872AF3B87406CC57DBDF53748,SHA256=96A1DB38C74A81FBA4C4AB29020551364FD1ADA3B6FED789D193C787E757979D,IMPHASH=4B4464C7677B6F07342800F4CF0BA273\r\nSigned: true\r\nSignature: Microsoft Windows\r\nSignatureStatus: Valid"}
{"@timestamp":"2020-10-22T01:31:10.688Z","TimeCreated":"2020-10-22T01:31:10.688Z","Hashes":"SHA1=75C9F506592699E30D8ECA63F88C79E956324111,MD5=6ACBCCE095FDB475FC2B3D178E5D9208,SHA256=3F49AB1B04EE3D843E961A1B62CB695EE3FE940EE287819BBBABCC1C3A38F507,IMPHASH=0E48D88DA5B1AEFE29036ECDE5B34E8D","Signature":"Microsoft Windows","ProviderGuid":"{5770385f-c22a-43e0-bf4c-06f5698ffbd9}","Company":"Microsoft Corporation","UtcTime":"2020-10-22 05:31:10.676","ProcessGuid":"{39e4a257-191e-5f91-5f12-000000000700}","Image":"C:\\Windows\\System32\\control.exe","ImageLoaded":"C:\\Windows\\System32\\SHCore.dll","Level":"4","Channel":"Microsoft-Windows-Sysmon/Operational","Task":"7","RuleName":"-","FileVersion":"10.0.18362.959 (WinBuild.160101.0800)","SourceName":"Microsoft-Windows-Sysmon","Hostname":"WORKSTATION5","ProcessId":"3632","Description":"SHCORE","SignatureStatus":"Valid","Product":"Microsoft Windows Operating System","EventID":7,"Keywords":"0x8000000000000000","Signed":"true","OriginalFileName":"SHCORE.dll","Message":"Image loaded:\r\nRuleName: -\r\nUtcTime: 2020-10-22 05:31:10.676\r\nProcessGuid: {39e4a257-191e-5f91-5f12-000000000700}\r\nProcessId: 3632\r\nImage: C:\\Windows\\System32\\control.exe\r\nImageLoaded: C:\\Windows\\System32\\SHCore.dll\r\nFileVersion: 10.0.18362.959 (WinBuild.160101.0800)\r\nDescription: SHCORE\r\nProduct: Microsoft Windows Operating System\r\nCompany: Microsoft Corporation\r\nOriginalFileName: SHCORE.dll\r\nHashes: SHA1=75C9F506592699E30D8ECA63F88C79E956324111,MD5=6ACBCCE095FDB475FC2B3D178E5D9208,SHA256=3F49AB1B04EE3D843E961A1B62CB695EE3FE940EE287819BBBABCC1C3A38F507,IMPHASH=0E48D88DA5B1AEFE29036ECDE5B34E8D\r\nSigned: true\r\nSignature: Microsoft Windows\r\nSignatureStatus: Valid"}
{"@timestamp":"2020-10-22T01:31:10.688Z","TimeCreated":"2020-10-22T01:31:10.688Z","Hashes":"SHA1=DF7D0248848C0247FD5F65ABD9799FDA0380C77D,MD5=DDD102204FDCD3FC8DD0AA89CF6609A3,SHA256=49F37639155096444C1B780071B8D63320FD8F8DC1D7CEF7A9031830C4F90968,IMPHASH=BDB3E400A78EE2D42C647E85CD2D827B","Signature":"Microsoft Windows","ProviderGuid":"{5770385f-c22a-43e0-bf4c-06f5698ffbd9}","Company":"Microsoft Corporation","UtcTime":"2020-10-22 05:31:10.676","ProcessGuid":"{39e4a257-191e-5f91-5f12-000000000700}","Image":"C:\\Windows\\System32\\control.exe","ImageLoaded":"C:\\Windows\\System32\\windows.storage.dll","Level":"4","Channel":"Microsoft-Windows-Sysmon/Operational","Task":"7","RuleName":"-","FileVersion":"10.0.18362.1082 (WinBuild.160101.0800)","SourceName":"Microsoft-Windows-Sysmon","Hostname":"WORKSTATION5","ProcessId":"3632","Description":"Microsoft WinRT Storage API","SignatureStatus":"Valid","Product":"Microsoft Windows Operating System","EventID":7,"Keywords":"0x8000000000000000","Signed":"true","OriginalFileName":"Windows.Storage.dll","Message":"Image loaded:\r\nRuleName: -\r\nUtcTime: 2020-10-22 05:31:10.676\r\nProcessGuid: {39e4a257-191e-5f91-5f12-000000000700}\r\nProcessId: 3632\r\nImage: C:\\Windows\\System32\\control.exe\r\nImageLoaded: C:\\Windows\\System32\\windows.storage.dll\r\nFileVersion: 10.0.18362.1082 (WinBuild.160101.0800)\r\nDescription: Microsoft WinRT Storage API\r\nProduct: Microsoft Windows Operating System\r\nCompany: Microsoft Corporation\r\nOriginalFileName: Windows.Storage.dll\r\nHashes: SHA1=DF7D0248848C0247FD5F65ABD9799FDA0380C77D,MD5=DDD102204FDCD3FC8DD0AA89CF6609A3,SHA256=49F37639155096444C1B780071B8D63320FD8F8DC1D7CEF7A9031830C4F90968,IMPHASH=BDB3E400A78EE2D42C647E85CD2D827B\r\nSigned: true\r\nSignature: Microsoft Windows\r\nSignatureStatus: Valid"}
{"@timestamp":"2020-10-22T01:31:10.689Z","TimeCreated":"2020-10-22T01:31:10.689Z","Hashes":"SHA1=387FC7660AFDEC45CFFB84980EB77D0E787ED31B,MD5=F4862E1CC68687B9D4B245512BDF8383,SHA256=A2DF0AC95B9AA338EB6062BA5739F65BFBA86658546F4C5CAC6045C363F55E24,IMPHASH=192CF98320740B7D296297054A9C3EEA","Signature":"Microsoft Windows","ProviderGuid":"{5770385f-c22a-43e0-bf4c-06f5698ffbd9}","Company":"Microsoft Corporation","UtcTime":"2020-10-22 05:31:10.676","ProcessGuid":"{39e4a257-191e-5f91-5f12-000000000700}","Image":"C:\\Windows\\System32\\control.exe","ImageLoaded":"C:\\Windows\\System32\\profapi.dll","Level":"4","Channel":"Microsoft-Windows-Sysmon/Operational","Task":"7","RuleName":"-","FileVersion":"10.0.18362.693 (WinBuild.160101.0800)","SourceName":"Microsoft-Windows-Sysmon","Hostname":"WORKSTATION5","ProcessId":"3632","Description":"User Profile Basic API","SignatureStatus":"Valid","Product":"Microsoft Windows Operating System","EventID":7,"Keywords":"0x8000000000000000","Signed":"true","OriginalFileName":"PROFAPI.DLL","Message":"Image loaded:\r\nRuleName: -\r\nUtcTime: 2020-10-22 05:31:10.676\r\nProcessGuid: {39e4a257-191e-5f91-5f12-000000000700}\r\nProcessId: 3632\r\nImage: C:\\Windows\\System32\\control.exe\r\nImageLoaded: C:\\Windows\\System32\\profapi.dll\r\nFileVersion: 10.0.18362.693 (WinBuild.160101.0800)\r\nDescription: User Profile Basic API\r\nProduct: Microsoft Windows Operating System\r\nCompany: Microsoft Corporation\r\nOriginalFileName: PROFAPI.DLL\r\nHashes: SHA1=387FC7660AFDEC45CFFB84980EB77D0E787ED31B,MD5=F4862E1CC68687B9D4B245512BDF8383,SHA256=A2DF0AC95B9AA338EB6062BA5739F65BFBA86658546F4C5CAC6045C363F55E24,IMPHASH=192CF98320740B7D296297054A9C3EEA\r\nSigned: true\r\nSignature: Microsoft Windows\r\nSignatureStatus: Valid"}
{"@timestamp":"2020-10-22T01:31:10.689Z","TimeCreated":"2020-10-22T01:31:10.689Z","Hashes":"SHA1=30D5ADBC0664977C27B65622F514632581C9AF45,MD5=07B027B1E0B775FAE815E487F28137B9,SHA256=21358CE9A416C7F6DB063095102E91F014BDB85B08A4E783E17234792C9B483A,IMPHASH=817FF4748665EB442F0081A91349F764","Signature":"Microsoft Windows","ProviderGuid":"{5770385f-c22a-43e0-bf4c-06f5698ffbd9}","Company":"Microsoft Corporation","UtcTime":"2020-10-22 05:31:10.676","ProcessGuid":"{39e4a257-191e-5f91-5f12-000000000700}","Image":"C:\\Windows\\System32\\control.exe","ImageLoaded":"C:\\Windows\\System32\\powrprof.dll","Level":"4","Channel":"Microsoft-Windows-Sysmon/Operational","Task":"7","RuleName":"-","FileVersion":"10.0.18362.1 (WinBuild.160101.0800)","SourceName":"Microsoft-Windows-Sysmon","Hostname":"WORKSTATION5","ProcessId":"3632","Description":"Power Profile Helper DLL","SignatureStatus":"Valid","Product":"Microsoft Windows Operating System","EventID":7,"Keywords":"0x8000000000000000","Signed":"true","OriginalFileName":"POWRPROF.DLL","Message":"Image loaded:\r\nRuleName: -\r\nUtcTime: 2020-10-22 05:31:10.676\r\nProcessGuid: {39e4a257-191e-5f91-5f12-000000000700}\r\nProcessId: 3632\r\nImage: C:\\Windows\\System32\\control.exe\r\nImageLoaded: C:\\Windows\\System32\\powrprof.dll\r\nFileVersion: 10.0.18362.1 (WinBuild.160101.0800)\r\nDescription: Power Profile Helper DLL\r\nProduct: Microsoft Windows Operating System\r\nCompany: Microsoft Corporation\r\nOriginalFileName: POWRPROF.DLL\r\nHashes: SHA1=30D5ADBC0664977C27B65622F514632581C9AF45,MD5=07B027B1E0B775FAE815E487F28137B9,SHA256=21358CE9A416C7F6DB063095102E91F014BDB85B08A4E783E17234792C9B483A,IMPHASH=817FF4748665EB442F0081A91349F764\r\nSigned: true\r\nSignature: Microsoft Windows\r\nSignatureStatus: Valid"}
{"@timestamp":"2020-10-22T01:31:10.689Z","TimeCreated":"2020-10-22T01:31:10.689Z","Hashes":"SHA1=6ABB78FB1614C12E3E9FFF3DE98B0E13E79201D9,MD5=B9A75ED4500DD953DF172FE6F63578E8,SHA256=709B99BA1DFEF6D9B2483F37D242B12F29B1E1ADE13E338B4D7041C55B55204B,IMPHASH=5A0FF5293A05BFEBAE6F2C9C302FC5E7","Signature":"Microsoft Windows","ProviderGuid":"{5770385f-c22a-43e0-bf4c-06f5698ffbd9}","Company":"-","UtcTime":"2020-10-22 05:31:10.676","ProcessGuid":"{39e4a257-191e-5f91-5f12-000000000700}","Image":"C:\\Windows\\System32\\control.exe","ImageLoaded":"C:\\Windows\\System32\\umpdc.dll","Level":"4","Channel":"Microsoft-Windows-Sysmon/Operational","Task":"7","RuleName":"-","FileVersion":"-","SourceName":"Microsoft-Windows-Sysmon","Hostname":"WORKSTATION5","ProcessId":"3632","Description":"-","SignatureStatus":"Valid","Product":"-","EventID":7,"Keywords":"0x8000000000000000","Signed":"true","OriginalFileName":"-","Message":"Image loaded:\r\nRuleName: -\r\nUtcTime: 2020-10-22 05:31:10.676\r\nProcessGuid: {39e4a257-191e-5f91-5f12-000000000700}\r\nProcessId: 3632\r\nImage: C:\\Windows\\System32\\control.exe\r\nImageLoaded: C:\\Windows\\System32\\umpdc.dll\r\nFileVersion: -\r\nDescription: -\r\nProduct: -\r\nCompany: -\r\nOriginalFileName: -\r\nHashes: SHA1=6ABB78FB1614C12E3E9FFF3DE98B0E13E79201D9,MD5=B9A75ED4500DD953DF172FE6F63578E8,SHA256=709B99BA1DFEF6D9B2483F37D242B12F29B1E1ADE13E338B4D7041C55B55204B,IMPHASH=5A0FF5293A05BFEBAE6F2C9C302FC5E7\r\nSigned: true\r\nSignature: Microsoft Windows\r\nSignatureStatus: Valid"}
{"@timestamp":"2020-10-22T01:31:10.690Z","TimeCreated":"2020-10-22T01:31:10.690Z","Hashes":"SHA1=F1D1D942ACBA432D60C139A8AE9644665044BCD6,MD5=5539643D8D55C97FB3A5F7E24C448A3F,SHA256=4FB47D56F0FC6C27FEC884E078A2999F7B2E10994359960CC78182544CA80C36,IMPHASH=639D16ACD736EAE912B88E985A0A7A0F","Signature":"Microsoft Windows","ProviderGuid":"{5770385f-c22a-43e0-bf4c-06f5698ffbd9}","Company":"Microsoft Corporation","UtcTime":"2020-10-22 05:31:10.676","ProcessGuid":"{39e4a257-191e-5f91-5f12-000000000700}","Image":"C:\\Windows\\System32\\control.exe","ImageLoaded":"C:\\Windows\\System32\\kernel.appcore.dll","Level":"4","Channel":"Microsoft-Windows-Sysmon/Operational","Task":"7","RuleName":"-","FileVersion":"10.0.18362.1110 (WinBuild.160101.0800)","SourceName":"Microsoft-Windows-Sysmon","Hostname":"WORKSTATION5","ProcessId":"3632","Description":"AppModel API Host","SignatureStatus":"Valid","Product":"Microsoft Windows Operating System","EventID":7,"Keywords":"0x8000000000000000","Signed":"true","OriginalFileName":"kernel.appcore.dll","Message":"Image loaded:\r\nRuleName: -\r\nUtcTime: 2020-10-22 05:31:10.676\r\nProcessGuid: {39e4a257-191e-5f91-5f12-000000000700}\r\nProcessId: 3632\r\nImage: C:\\Windows\\System32\\control.exe\r\nImageLoaded: C:\\Windows\\System32\\kernel.appcore.dll\r\nFileVersion: 10.0.18362.1110 (WinBuild.160101.0800)\r\nDescription: AppModel API Host\r\nProduct: Microsoft Windows Operating System\r\nCompany: Microsoft Corporation\r\nOriginalFileName: kernel.appcore.dll\r\nHashes: SHA1=F1D1D942ACBA432D60C139A8AE9644665044BCD6,MD5=5539643D8D55C97FB3A5F7E24C448A3F,SHA256=4FB47D56F0FC6C27FEC884E078A2999F7B2E10994359960CC78182544CA80C36,IMPHASH=639D16ACD736EAE912B88E985A0A7A0F\r\nSigned: true\r\nSignature: Microsoft Windows\r\nSignatureStatus: Valid"}
{"@timestamp":"2020-10-22T01:31:10.690Z","TimeCreated":"2020-10-22T01:31:10.690Z","Hashes":"SHA1=90F229FB5DB52DF3604195B10C48E946684929ED,MD5=ACE18C6797090A1AA259BB8713917F98,SHA256=F5E118F67745792909973717FAE1F9FE68B2619332A4451AD04E0C9072B8D605,IMPHASH=A9B9D04D0B53DC48ABB37BE77AD01B55","Signature":"Microsoft Windows","ProviderGuid":"{5770385f-c22a-43e0-bf4c-06f5698ffbd9}","Company":"Microsoft Corporation","UtcTime":"2020-10-22 05:31:10.676","ProcessGuid":"{39e4a257-191e-5f91-5f12-000000000700}","Image":"C:\\Windows\\System32\\control.exe","ImageLoaded":"C:\\Windows\\System32\\cryptsp.dll","Level":"4","Channel":"Microsoft-Windows-Sysmon/Operational","Task":"7","RuleName":"-","FileVersion":"10.0.18362.1 (WinBuild.160101.0800)","SourceName":"Microsoft-Windows-Sysmon","Hostname":"WORKSTATION5","ProcessId":"3632","Description":"Cryptographic Service Provider API","SignatureStatus":"Valid","Product":"Microsoft Windows Operating System","EventID":7,"Keywords":"0x8000000000000000","Signed":"true","OriginalFileName":"cryptsp.dll","Message":"Image loaded:\r\nRuleName: -\r\nUtcTime: 2020-10-22 05:31:10.676\r\nProcessGuid: {39e4a257-191e-5f91-5f12-000000000700}\r\nProcessId: 3632\r\nImage: C:\\Windows\\System32\\control.exe\r\nImageLoaded: C:\\Windows\\System32\\cryptsp.dll\r\nFileVersion: 10.0.18362.1 (WinBuild.160101.0800)\r\nDescription: Cryptographic Service Provider API\r\nProduct: Microsoft Windows Operating System\r\nCompany: Microsoft Corporation\r\nOriginalFileName: cryptsp.dll\r\nHashes: SHA1=90F229FB5DB52DF3604195B10C48E946684929ED,MD5=ACE18C6797090A1AA259BB8713917F98,SHA256=F5E118F67745792909973717FAE1F9FE68B2619332A4451AD04E0C9072B8D605,IMPHASH=A9B9D04D0B53DC48ABB37BE77AD01B55\r\nSigned: true\r\nSignature: Microsoft Windows\r\nSignatureStatus: Valid"}
{"@timestamp":"2020-10-22T01:31:10.693Z","TimeCreated":"2020-10-22T01:31:10.693Z","Hashes":"SHA1=76BB2AB8D3CB6DB6D23F4771334C9AA9C231B03A,MD5=025CC332EDC4B1A38290F3E36BCEF4FB,SHA256=0FE3C1C575EA1B0257B2EB12527EC35E3004CD88EA5BAEC7095386A9F9EB70AD,IMPHASH=24F54B6761C10BA12481CF6C780605BF","Signature":"Microsoft Windows","ProviderGuid":"{5770385f-c22a-43e0-bf4c-06f5698ffbd9}","Company":"Microsoft Corporation","UtcTime":"2020-10-22 05:31:10.691","ProcessGuid":"{39e4a257-191e-5f91-5f12-000000000700}","Image":"C:\\Windows\\System32\\control.exe","ImageLoaded":"C:\\Windows\\System32\\imm32.dll","Level":"4","Channel":"Microsoft-Windows-Sysmon/Operational","Task":"7","RuleName":"-","FileVersion":"10.0.18362.387 (WinBuild.160101.0800)","SourceName":"Microsoft-Windows-Sysmon","Hostname":"WORKSTATION5","ProcessId":"3632","Description":"Multi-User Windows IMM32 API Client DLL","SignatureStatus":"Valid","Product":"Microsoft Windows Operating System","EventID":7,"Keywords":"0x8000000000000000","Signed":"true","OriginalFileName":"imm32","Message":"Image loaded:\r\nRuleName: -\r\nUtcTime: 2020-10-22 05:31:10.691\r\nProcessGuid: {39e4a257-191e-5f91-5f12-000000000700}\r\nProcessId: 3632\r\nImage: C:\\Windows\\System32\\control.exe\r\nImageLoaded: C:\\Windows\\System32\\imm32.dll\r\nFileVersion: 10.0.18362.387 (WinBuild.160101.0800)\r\nDescription: Multi-User Windows IMM32 API Client DLL\r\nProduct: Microsoft Windows Operating System\r\nCompany: Microsoft Corporation\r\nOriginalFileName: imm32\r\nHashes: SHA1=76BB2AB8D3CB6DB6D23F4771334C9AA9C231B03A,MD5=025CC332EDC4B1A38290F3E36BCEF4FB,SHA256=0FE3C1C575EA1B0257B2EB12527EC35E3004CD88EA5BAEC7095386A9F9EB70AD,IMPHASH=24F54B6761C10BA12481CF6C780605BF\r\nSigned: true\r\nSignature: Microsoft Windows\r\nSignatureStatus: Valid"}
{"@timestamp":"2020-10-22T01:31:10.707Z","TimeCreated":"2020-10-22T01:31:10.707Z","Hashes":"SHA1=62956D6FAEB4EC8EA54315A8E3CC15F06165AD57,MD5=3C9D22CAE173AD19806B6A016CD4CC28,SHA256=D95E7D07EA46D7D2AEFA01CD0A64CF266BE26D40FA6BE42F7CF60F6DEB8FBAF3,IMPHASH=64BAD10B75B987F62BF08E1852DE4022","Signature":"Microsoft Windows","ProviderGuid":"{5770385f-c22a-43e0-bf4c-06f5698ffbd9}","Company":"Microsoft Corporation","UtcTime":"2020-10-22 05:31:10.691","ProcessGuid":"{39e4a257-191e-5f91-5f12-000000000700}","Image":"C:\\Windows\\System32\\control.exe","ImageLoaded":"C:\\Windows\\System32\\uxtheme.dll","Level":"4","Channel":"Microsoft-Windows-Sysmon/Operational","Task":"7","RuleName":"-","FileVersion":"10.0.18362.449 (WinBuild.160101.0800)","SourceName":"Microsoft-Windows-Sysmon","Hostname":"WORKSTATION5","ProcessId":"3632","Description":"Microsoft UxTheme Library","SignatureStatus":"Valid","Product":"Microsoft Windows Operating System","EventID":7,"Keywords":"0x8000000000000000","Signed":"true","OriginalFileName":"UxTheme.dll","Message":"Image loaded:\r\nRuleName: -\r\nUtcTime: 2020-10-22 05:31:10.691\r\nProcessGuid: {39e4a257-191e-5f91-5f12-000000000700}\r\nProcessId: 3632\r\nImage: C:\\Windows\\System32\\control.exe\r\nImageLoaded: C:\\Windows\\System32\\uxtheme.dll\r\nFileVersion: 10.0.18362.449 (WinBuild.160101.0800)\r\nDescription: Microsoft UxTheme Library\r\nProduct: Microsoft Windows Operating System\r\nCompany: Microsoft Corporation\r\nOriginalFileName: UxTheme.dll\r\nHashes: SHA1=62956D6FAEB4EC8EA54315A8E3CC15F06165AD57,MD5=3C9D22CAE173AD19806B6A016CD4CC28,SHA256=D95E7D07EA46D7D2AEFA01CD0A64CF266BE26D40FA6BE42F7CF60F6DEB8FBAF3,IMPHASH=64BAD10B75B987F62BF08E1852DE4022\r\nSigned: true\r\nSignature: Microsoft Windows\r\nSignatureStatus: Valid"}
{"GrantedAccess":"0x1478","@timestamp":"2020-10-22T01:31:10.707Z","TimeCreated":"2020-10-22T01:31:10.707Z","SourceThreadId":"2236","SourceImage":"C:\\windows\\System32\\svchost.exe","ProviderGuid":"{5770385f-c22a-43e0-bf4c-06f5698ffbd9}","CallTrace":"C:\\windows\\SYSTEM32\\ntdll.dll+9c584|c:\\windows\\system32\\themeservice.dll+1a9a|c:\\windows\\system32\\themeservice.dll+1736|c:\\windows\\system32\\themeservice.dll+6026|c:\\windows\\system32\\themeservice.dll+ad9a|c:\\windows\\system32\\themeservice.dll+9dcf|C:\\windows\\System32\\svchost.exe+314c|C:\\windows\\System32\\sechost.dll+2de2|C:\\windows\\System32\\KERNEL32.DLL+17c24|C:\\windows\\SYSTEM32\\ntdll.dll+6cea1","UtcTime":"2020-10-22 05:31:10.691","TargetProcessGUID":"{39e4a257-191e-5f91-5f12-000000000700}","SourceProcessId":"2064","Level":"4","Channel":"Microsoft-Windows-Sysmon/Operational","Task":"10","RuleName":"-","SourceName":"Microsoft-Windows-Sysmon","Hostname":"WORKSTATION5","SourceProcessGUID":"{39e4a257-f133-5f8b-3400-000000000700}","TargetProcessId":"3632","EventID":10,"Keywords":"0x8000000000000000","TargetImage":"C:\\windows\\system32\\control.exe","Message":"Process accessed:\r\nRuleName: -\r\nUtcTime: 2020-10-22 05:31:10.691\r\nSourceProcessGUID: {39e4a257-f133-5f8b-3400-000000000700}\r\nSourceProcessId: 2064\r\nSourceThreadId: 2236\r\nSourceImage: C:\\windows\\System32\\svchost.exe\r\nTargetProcessGUID: {39e4a257-191e-5f91-5f12-000000000700}\r\nTargetProcessId: 3632\r\nTargetImage: C:\\windows\\system32\\control.exe\r\nGrantedAccess: 0x1478\r\nCallTrace: C:\\windows\\SYSTEM32\\ntdll.dll+9c584|c:\\windows\\system32\\themeservice.dll+1a9a|c:\\windows\\system32\\themeservice.dll+1736|c:\\windows\\system32\\themeservice.dll+6026|c:\\windows\\system32\\themeservice.dll+ad9a|c:\\windows\\system32\\themeservice.dll+9dcf|C:\\windows\\System32\\svchost.exe+314c|C:\\windows\\System32\\sechost.dll+2de2|C:\\windows\\System32\\KERNEL32.DLL+17c24|C:\\windows\\SYSTEM32\\ntdll.dll+6cea1"}
{"GrantedAccess":"0x1400","@timestamp":"2020-10-22T01:31:10.708Z","TimeCreated":"2020-10-22T01:31:10.708Z","SourceThreadId":"8292","SourceImage":"C:\\windows\\System32\\svchost.exe","ProviderGuid":"{5770385f-c22a-43e0-bf4c-06f5698ffbd9}","CallTrace":"C:\\windows\\SYSTEM32\\ntdll.dll+9c584|c:\\windows\\system32\\themeservice.dll+1d60|c:\\windows\\system32\\themeservice.dll+1595|c:\\windows\\system32\\themeservice.dll+1461|c:\\windows\\system32\\themeservice.dll+1886|C:\\windows\\SYSTEM32\\ntdll.dll+2f655|C:\\windows\\SYSTEM32\\ntdll.dll+345b4|C:\\windows\\System32\\KERNEL32.DLL+17c24|C:\\windows\\SYSTEM32\\ntdll.dll+6cea1","UtcTime":"2020-10-22 05:31:10.707","TargetProcessGUID":"{39e4a257-191e-5f91-5f12-000000000700}","SourceProcessId":"2064","Level":"4","Channel":"Microsoft-Windows-Sysmon/Operational","Task":"10","RuleName":"-","SourceName":"Microsoft-Windows-Sysmon","Hostname":"WORKSTATION5","SourceProcessGUID":"{39e4a257-f133-5f8b-3400-000000000700}","TargetProcessId":"3632","EventID":10,"Keywords":"0x8000000000000000","TargetImage":"C:\\windows\\system32\\control.exe","Message":"Process accessed:\r\nRuleName: -\r\nUtcTime: 2020-10-22 05:31:10.707\r\nSourceProcessGUID: {39e4a257-f133-5f8b-3400-000000000700}\r\nSourceProcessId: 2064\r\nSourceThreadId: 8292\r\nSourceImage: C:\\windows\\System32\\svchost.exe\r\nTargetProcessGUID: {39e4a257-191e-5f91-5f12-000000000700}\r\nTargetProcessId: 3632\r\nTargetImage: C:\\windows\\system32\\control.exe\r\nGrantedAccess: 0x1400\r\nCallTrace: C:\\windows\\SYSTEM32\\ntdll.dll+9c584|c:\\windows\\system32\\themeservice.dll+1d60|c:\\windows\\system32\\themeservice.dll+1595|c:\\windows\\system32\\themeservice.dll+1461|c:\\windows\\system32\\themeservice.dll+1886|C:\\windows\\SYSTEM32\\ntdll.dll+2f655|C:\\windows\\SYSTEM32\\ntdll.dll+345b4|C:\\windows\\System32\\KERNEL32.DLL+17c24|C:\\windows\\SYSTEM32\\ntdll.dll+6cea1"}
{"@timestamp":"2020-10-22T01:31:10.710Z","TimeCreated":"2020-10-22T01:31:10.710Z","Hashes":"SHA1=C7BA959197D19EC7C8F7707B0D8BBE77E80A9DBE,MD5=D3BAA65CBCA982E5835AE33C2C7513E9,SHA256=56D18A442AD599B04C29D98AB9E2A1983959FB74AB27D4392667A975310754E8,IMPHASH=C908A257ACFAF3BDE15426EE5244D1EB","Signature":"Microsoft Windows","ProviderGuid":"{5770385f-c22a-43e0-bf4c-06f5698ffbd9}","Company":"Microsoft Corporation","UtcTime":"2020-10-22 05:31:10.707","ProcessGuid":"{39e4a257-191e-5f91-5f12-000000000700}","Image":"C:\\Windows\\System32\\control.exe","ImageLoaded":"C:\\Windows\\System32\\ole32.dll","Level":"4","Channel":"Microsoft-Windows-Sysmon/Operational","Task":"7","RuleName":"-","FileVersion":"10.0.18362.1082 (WinBuild.160101.0800)","SourceName":"Microsoft-Windows-Sysmon","Hostname":"WORKSTATION5","ProcessId":"3632","Description":"Microsoft OLE for Windows","SignatureStatus":"Valid","Product":"Microsoft Windows Operating System","EventID":7,"Keywords":"0x8000000000000000","Signed":"true","OriginalFileName":"OLE32.DLL","Message":"Image loaded:\r\nRuleName: -\r\nUtcTime: 2020-10-22 05:31:10.707\r\nProcessGuid: {39e4a257-191e-5f91-5f12-000000000700}\r\nProcessId: 3632\r\nImage: C:\\Windows\\System32\\control.exe\r\nImageLoaded: C:\\Windows\\System32\\ole32.dll\r\nFileVersion: 10.0.18362.1082 (WinBuild.160101.0800)\r\nDescription: Microsoft OLE for Windows\r\nProduct: Microsoft Windows Operating System\r\nCompany: Microsoft Corporation\r\nOriginalFileName: OLE32.DLL\r\nHashes: SHA1=C7BA959197D19EC7C8F7707B0D8BBE77E80A9DBE,MD5=D3BAA65CBCA982E5835AE33C2C7513E9,SHA256=56D18A442AD599B04C29D98AB9E2A1983959FB74AB27D4392667A975310754E8,IMPHASH=C908A257ACFAF3BDE15426EE5244D1EB\r\nSigned: true\r\nSignature: Microsoft Windows\r\nSignatureStatus: Valid"}
{"@timestamp":"2020-10-22T01:31:10.713Z","TimeCreated":"2020-10-22T01:31:10.713Z","Hashes":"SHA1=D054A1D1E0BECCA5EEF751CF616ECB811CFABECE,MD5=62D970D8B60F75C12D21C740F2D8A5DA,SHA256=D6E21DA3BE0701162A36F8C9F94E616B1A0C5FD4CC1B52EFD81959CB257957C1,IMPHASH=7A8EC2645C24D85DE8216D63022623C0","Signature":"Microsoft Windows","ProviderGuid":"{5770385f-c22a-43e0-bf4c-06f5698ffbd9}","Company":"Microsoft Corporation","UtcTime":"2020-10-22 05:31:10.660","ProcessGuid":"{39e4a257-191e-5f91-5f12-000000000700}","Image":"C:\\Windows\\System32\\control.exe","ImageLoaded":"C:\\Windows\\System32\\control.exe","Level":"4","Channel":"Microsoft-Windows-Sysmon/Operational","Task":"7","RuleName":"-","FileVersion":"10.0.18362.1 (WinBuild.160101.0800)","SourceName":"Microsoft-Windows-Sysmon","Hostname":"WORKSTATION5","ProcessId":"3632","Description":"Windows Control Panel","SignatureStatus":"Valid","Product":"Microsoft Windows Operating System","EventID":7,"Keywords":"0x8000000000000000","Signed":"true","OriginalFileName":"CONTROL.EXE","Message":"Image loaded:\r\nRuleName: -\r\nUtcTime: 2020-10-22 05:31:10.660\r\nProcessGuid: {39e4a257-191e-5f91-5f12-000000000700}\r\nProcessId: 3632\r\nImage: C:\\Windows\\System32\\control.exe\r\nImageLoaded: C:\\Windows\\System32\\control.exe\r\nFileVersion: 10.0.18362.1 (WinBuild.160101.0800)\r\nDescription: Windows Control Panel\r\nProduct: Microsoft Windows Operating System\r\nCompany: Microsoft Corporation\r\nOriginalFileName: CONTROL.EXE\r\nHashes: SHA1=D054A1D1E0BECCA5EEF751CF616ECB811CFABECE,MD5=62D970D8B60F75C12D21C740F2D8A5DA,SHA256=D6E21DA3BE0701162A36F8C9F94E616B1A0C5FD4CC1B52EFD81959CB257957C1,IMPHASH=7A8EC2645C24D85DE8216D63022623C0\r\nSigned: true\r\nSignature: Microsoft Windows\r\nSignatureStatus: Valid"}
{"@timestamp":"2020-10-22T01:31:10.725Z","TimeCreated":"2020-10-22T01:31:10.725Z","Hashes":"SHA1=9CC7754BDE825122FB0D3DF16579BD7CC2884B8B,MD5=B6D1AA0F21AC82024879E4EE96B50B56,SHA256=AF6B7199AAB64EBDADDA63B8662878A076A343955B1CF5E9F48C98114EF52BBE,IMPHASH=0D1929519D5C1A55D02774067E6F2181","Signature":"Microsoft Windows","ProviderGuid":"{5770385f-c22a-43e0-bf4c-06f5698ffbd9}","Company":"Microsoft Corporation","UtcTime":"2020-10-22 05:31:10.723","ProcessGuid":"{39e4a257-191e-5f91-5f12-000000000700}","Image":"C:\\Windows\\System32\\control.exe","ImageLoaded":"C:\\Windows\\System32\\propsys.dll","Level":"4","Channel":"Microsoft-Windows-Sysmon/Operational","Task":"7","RuleName":"-","FileVersion":"7.0.18362.815 (WinBuild.160101.0800)","SourceName":"Microsoft-Windows-Sysmon","Hostname":"WORKSTATION5","ProcessId":"3632","Description":"Microsoft Property System","SignatureStatus":"Valid","Product":"Windows Search","EventID":7,"Keywords":"0x8000000000000000","Signed":"true","OriginalFileName":"propsys.dll","Message":"Image loaded:\r\nRuleName: -\r\nUtcTime: 2020-10-22 05:31:10.723\r\nProcessGuid: {39e4a257-191e-5f91-5f12-000000000700}\r\nProcessId: 3632\r\nImage: C:\\Windows\\System32\\control.exe\r\nImageLoaded: C:\\Windows\\System32\\propsys.dll\r\nFileVersion: 7.0.18362.815 (WinBuild.160101.0800)\r\nDescription: Microsoft Property System\r\nProduct: Windows Search\r\nCompany: Microsoft Corporation\r\nOriginalFileName: propsys.dll\r\nHashes: SHA1=9CC7754BDE825122FB0D3DF16579BD7CC2884B8B,MD5=B6D1AA0F21AC82024879E4EE96B50B56,SHA256=AF6B7199AAB64EBDADDA63B8662878A076A343955B1CF5E9F48C98114EF52BBE,IMPHASH=0D1929519D5C1A55D02774067E6F2181\r\nSigned: true\r\nSignature: Microsoft Windows\r\nSignatureStatus: Valid"}
{"@timestamp":"2020-10-22T01:31:10.725Z","TimeCreated":"2020-10-22T01:31:10.725Z","Hashes":"SHA1=35C3365E5F385CB7025DC51D1359BC92CEACB8F4,MD5=81CC27927690AC3A552D92269CBA4899,SHA256=49C1A7FFB5DC382E35F19C1771A0B43120BBB4159EE5BFE23E0410A76A36D68A,IMPHASH=F010E2DB51A2E86CCF6052A1ACC0854F","Signature":"Microsoft Windows","ProviderGuid":"{5770385f-c22a-43e0-bf4c-06f5698ffbd9}","Company":"Microsoft Corporation","UtcTime":"2020-10-22 05:31:10.723","ProcessGuid":"{39e4a257-191e-5f91-5f12-000000000700}","Image":"C:\\Windows\\System32\\control.exe","ImageLoaded":"C:\\Windows\\System32\\oleaut32.dll","Level":"4","Channel":"Microsoft-Windows-Sysmon/Operational","Task":"7","RuleName":"-","FileVersion":"10.0.18362.1110 (WinBuild.160101.0800)","SourceName":"Microsoft-Windows-Sysmon","Hostname":"WORKSTATION5","ProcessId":"3632","Description":"OLEAUT32.DLL","SignatureStatus":"Valid","Product":"Microsoft Windows Operating System","EventID":7,"Keywords":"0x8000000000000000","Signed":"true","OriginalFileName":"OLEAUT32.DLL","Message":"Image loaded:\r\nRuleName: -\r\nUtcTime: 2020-10-22 05:31:10.723\r\nProcessGuid: {39e4a257-191e-5f91-5f12-000000000700}\r\nProcessId: 3632\r\nImage: C:\\Windows\\System32\\control.exe\r\nImageLoaded: C:\\Windows\\System32\\oleaut32.dll\r\nFileVersion: 10.0.18362.1110 (WinBuild.160101.0800)\r\nDescription: OLEAUT32.DLL\r\nProduct: Microsoft Windows Operating System\r\nCompany: Microsoft Corporation\r\nOriginalFileName: OLEAUT32.DLL\r\nHashes: SHA1=35C3365E5F385CB7025DC51D1359BC92CEACB8F4,MD5=81CC27927690AC3A552D92269CBA4899,SHA256=49C1A7FFB5DC382E35F19C1771A0B43120BBB4159EE5BFE23E0410A76A36D68A,IMPHASH=F010E2DB51A2E86CCF6052A1ACC0854F\r\nSigned: true\r\nSignature: Microsoft Windows\r\nSignatureStatus: Valid"}
{"@timestamp":"2020-10-22T01:31:10.727Z","TimeCreated":"2020-10-22T01:31:10.727Z","Hashes":"SHA1=7DE7C7E87CFA639E8C4DF269E38FB69A391D6790,MD5=4B179D7C6AA9424831847BA6BACDB260,SHA256=F0541B07D7B00C8D09BC72DF7E2D974F83482E42CD88B4E8260B832B7A71682E,IMPHASH=70F94828FF194145825265FE7BA88C95","Signature":"Microsoft Windows","ProviderGuid":"{5770385f-c22a-43e0-bf4c-06f5698ffbd9}","Company":"Microsoft Corporation","UtcTime":"2020-10-22 05:31:10.723","ProcessGuid":"{39e4a257-191e-5f91-5f12-000000000700}","Image":"C:\\Windows\\System32\\control.exe","ImageLoaded":"C:\\Windows\\System32\\clbcatq.dll","Level":"4","Channel":"Microsoft-Windows-Sysmon/Operational","Task":"7","RuleName":"-","FileVersion":"2001.12.10941.16384 (WinBuild.160101.0800)","SourceName":"Microsoft-Windows-Sysmon","Hostname":"WORKSTATION5","ProcessId":"3632","Description":"COM+ Configuration Catalog","SignatureStatus":"Valid","Product":"Microsoft Windows Operating System","EventID":7,"Keywords":"0x8000000000000000","Signed":"true","OriginalFileName":"CLBCATQ.DLL","Message":"Image loaded:\r\nRuleName: -\r\nUtcTime: 2020-10-22 05:31:10.723\r\nProcessGuid: {39e4a257-191e-5f91-5f12-000000000700}\r\nProcessId: 3632\r\nImage: C:\\Windows\\System32\\control.exe\r\nImageLoaded: C:\\Windows\\System32\\clbcatq.dll\r\nFileVersion: 2001.12.10941.16384 (WinBuild.160101.0800)\r\nDescription: COM+ Configuration Catalog\r\nProduct: Microsoft Windows Operating System\r\nCompany: Microsoft Corporation\r\nOriginalFileName: CLBCATQ.DLL\r\nHashes: SHA1=7DE7C7E87CFA639E8C4DF269E38FB69A391D6790,MD5=4B179D7C6AA9424831847BA6BACDB260,SHA256=F0541B07D7B00C8D09BC72DF7E2D974F83482E42CD88B4E8260B832B7A71682E,IMPHASH=70F94828FF194145825265FE7BA88C95\r\nSigned: true\r\nSignature: Microsoft Windows\r\nSignatureStatus: Valid"}
{"@timestamp":"2020-10-22T01:31:10.736Z","TimeCreated":"2020-10-22T01:31:10.736Z","ProviderGuid":"{5770385f-c22a-43e0-bf4c-06f5698ffbd9}","UtcTime":"2020-10-22 05:31:10.723","ProcessGuid":"{39e4a257-191e-5f91-5f12-000000000700}","Image":"C:\\windows\\system32\\control.exe","Level":"4","Channel":"Microsoft-Windows-Sysmon/Operational","Task":"12","RuleName":"-","SourceName":"Microsoft-Windows-Sysmon","Hostname":"WORKSTATION5","ProcessId":"3632","EventType":"CreateKey","EventID":12,"Keywords":"0x8000000000000000","TargetObject":"HKLM\\SOFTWARE\\Microsoft\\Windows\\CurrentVersion\\Explorer\\SyncRootManager","Message":"Registry object added or deleted:\r\nRuleName: -\r\nEventType: CreateKey\r\nUtcTime: 2020-10-22 05:31:10.723\r\nProcessGuid: {39e4a257-191e-5f91-5f12-000000000700}\r\nProcessId: 3632\r\nImage: C:\\windows\\system32\\control.exe\r\nTargetObject: HKLM\\SOFTWARE\\Microsoft\\Windows\\CurrentVersion\\Explorer\\SyncRootManager"}
{"@timestamp":"2020-10-22T01:31:10.740Z","TimeCreated":"2020-10-22T01:31:10.740Z","Hashes":"SHA1=13D34F2596A43A2467CFC901CEEBE8457B7F195F,MD5=85B87A7B4F529EC541818C241B8C0F43,SHA256=2505CBAB7459C0ECD8EDDCD3E2C09827B08D718BAF197AB24BB4E69B3948A27F,IMPHASH=3173150472840D83979F027AE2D1081C","Signature":"Microsoft Windows","ProviderGuid":"{5770385f-c22a-43e0-bf4c-06f5698ffbd9}","Company":"Microsoft Corporation","UtcTime":"2020-10-22 05:31:10.723","ProcessGuid":"{39e4a257-191e-5f91-5f12-000000000700}","Image":"C:\\Windows\\System32\\control.exe","ImageLoaded":"C:\\Windows\\System32\\edputil.dll","Level":"4","Channel":"Microsoft-Windows-Sysmon/Operational","Task":"7","RuleName":"-","FileVersion":"10.0.18362.1 (WinBuild.160101.0800)","SourceName":"Microsoft-Windows-Sysmon","Hostname":"WORKSTATION5","ProcessId":"3632","Description":"EDP util","SignatureStatus":"Valid","Product":"Microsoft Windows Operating System","EventID":7,"Keywords":"0x8000000000000000","Signed":"true","OriginalFileName":"EDPUTIL.DLL","Message":"Image loaded:\r\nRuleName: -\r\nUtcTime: 2020-10-22 05:31:10.723\r\nProcessGuid: {39e4a257-191e-5f91-5f12-000000000700}\r\nProcessId: 3632\r\nImage: C:\\Windows\\System32\\control.exe\r\nImageLoaded: C:\\Windows\\System32\\edputil.dll\r\nFileVersion: 10.0.18362.1 (WinBuild.160101.0800)\r\nDescription: EDP util\r\nProduct: Microsoft Windows Operating System\r\nCompany: Microsoft Corporation\r\nOriginalFileName: EDPUTIL.DLL\r\nHashes: SHA1=13D34F2596A43A2467CFC901CEEBE8457B7F195F,MD5=85B87A7B4F529EC541818C241B8C0F43,SHA256=2505CBAB7459C0ECD8EDDCD3E2C09827B08D718BAF197AB24BB4E69B3948A27F,IMPHASH=3173150472840D83979F027AE2D1081C\r\nSigned: true\r\nSignature: Microsoft Windows\r\nSignatureStatus: Valid"}
{"GrantedAccess":"0x1000","@timestamp":"2020-10-22T01:31:10.741Z","TimeCreated":"2020-10-22T01:31:10.741Z","SourceThreadId":"8676","SourceImage":"C:\\windows\\system32\\svchost.exe","ProviderGuid":"{5770385f-c22a-43e0-bf4c-06f5698ffbd9}","CallTrace":"C:\\windows\\SYSTEM32\\ntdll.dll+9c584|C:\\windows\\System32\\KERNELBASE.dll+305fe|c:\\windows\\system32\\rpcss.dll+47d62|c:\\windows\\system32\\rpcss.dll+47d23|C:\\windows\\System32\\RPCRT4.dll+76a63|C:\\windows\\System32\\RPCRT4.dll+13653|C:\\windows\\System32\\RPCRT4.dll+1457a|C:\\windows\\System32\\RPCRT4.dll+549f8|C:\\windows\\System32\\RPCRT4.dll+2c9b1|C:\\windows\\System32\\RPCRT4.dll+2c26b|C:\\windows\\System32\\RPCRT4.dll+1a8cf|C:\\windows\\System32\\RPCRT4.dll+19d7a|C:\\windows\\System32\\RPCRT4.dll+19361|C:\\windows\\System32\\RPCRT4.dll+18dce|C:\\windows\\System32\\RPCRT4.dll+16a05|C:\\windows\\SYSTEM32\\ntdll.dll+333ed|C:\\windows\\SYSTEM32\\ntdll.dll+34142|C:\\windows\\System32\\KERNEL32.DLL+17c24|C:\\windows\\SYSTEM32\\ntdll.dll+6cea1","UtcTime":"2020-10-22 05:31:10.738","TargetProcessGUID":"{39e4a257-191e-5f91-5f12-000000000700}","SourceProcessId":"944","Level":"4","Channel":"Microsoft-Windows-Sysmon/Operational","Task":"10","RuleName":"-","SourceName":"Microsoft-Windows-Sysmon","Hostname":"WORKSTATION5","SourceProcessGUID":"{39e4a257-f132-5f8b-1000-000000000700}","TargetProcessId":"3632","EventID":10,"Keywords":"0x8000000000000000","TargetImage":"C:\\windows\\system32\\control.exe","Message":"Process accessed:\r\nRuleName: -\r\nUtcTime: 2020-10-22 05:31:10.738\r\nSourceProcessGUID: {39e4a257-f132-5f8b-1000-000000000700}\r\nSourceProcessId: 944\r\nSourceThreadId: 8676\r\nSourceImage: C:\\windows\\system32\\svchost.exe\r\nTargetProcessGUID: {39e4a257-191e-5f91-5f12-000000000700}\r\nTargetProcessId: 3632\r\nTargetImage: C:\\windows\\system32\\control.exe\r\nGrantedAccess: 0x1000\r\nCallTrace: C:\\windows\\SYSTEM32\\ntdll.dll+9c584|C:\\windows\\System32\\KERNELBASE.dll+305fe|c:\\windows\\system32\\rpcss.dll+47d62|c:\\windows\\system32\\rpcss.dll+47d23|C:\\windows\\System32\\RPCRT4.dll+76a63|C:\\windows\\System32\\RPCRT4.dll+13653|C:\\windows\\System32\\RPCRT4.dll+1457a|C:\\windows\\System32\\RPCRT4.dll+549f8|C:\\windows\\System32\\RPCRT4.dll+2c9b1|C:\\windows\\System32\\RPCRT4.dll+2c26b|C:\\windows\\System32\\RPCRT4.dll+1a8cf|C:\\windows\\System32\\RPCRT4.dll+19d7a|C:\\windows\\System32\\RPCRT4.dll+19361|C:\\windows\\System32\\RPCRT4.dll+18dce|C:\\windows\\System32\\RPCRT4.dll+16a05|C:\\windows\\SYSTEM32\\ntdll.dll+333ed|C:\\windows\\SYSTEM32\\ntdll.dll+34142|C:\\windows\\System32\\KERNEL32.DLL+17c24|C:\\windows\\SYSTEM32\\ntdll.dll+6cea1"}
{"GrantedAccess":"0x100000","@timestamp":"2020-10-22T01:31:10.741Z","TimeCreated":"2020-10-22T01:31:10.741Z","SourceThreadId":"8804","SourceImage":"C:\\windows\\system32\\svchost.exe","ProviderGuid":"{5770385f-c22a-43e0-bf4c-06f5698ffbd9}","CallTrace":"C:\\windows\\SYSTEM32\\ntdll.dll+9d154|C:\\windows\\System32\\RPCRT4.dll+2d354|c:\\windows\\system32\\rpcss.dll+314c9|c:\\windows\\system32\\rpcss.dll+30b5b|C:\\windows\\System32\\RPCRT4.dll+76a63|C:\\windows\\System32\\RPCRT4.dll+13653|C:\\windows\\System32\\RPCRT4.dll+1457a|C:\\windows\\System32\\RPCRT4.dll+549f8|C:\\windows\\System32\\RPCRT4.dll+2c9b1|C:\\windows\\System32\\RPCRT4.dll+2c26b|C:\\windows\\System32\\RPCRT4.dll+1a8cf|C:\\windows\\System32\\RPCRT4.dll+19d7a|C:\\windows\\System32\\RPCRT4.dll+19361|C:\\windows\\System32\\RPCRT4.dll+18dce|C:\\windows\\System32\\RPCRT4.dll+16a05|C:\\windows\\SYSTEM32\\ntdll.dll+333ed|C:\\windows\\SYSTEM32\\ntdll.dll+34142|C:\\windows\\System32\\KERNEL32.DLL+17c24|C:\\windows\\SYSTEM32\\ntdll.dll+6cea1","UtcTime":"2020-10-22 05:31:10.738","TargetProcessGUID":"{39e4a257-191e-5f91-5f12-000000000700}","SourceProcessId":"992","Level":"4","Channel":"Microsoft-Windows-Sysmon/Operational","Task":"10","RuleName":"-","SourceName":"Microsoft-Windows-Sysmon","Hostname":"WORKSTATION5","SourceProcessGUID":"{39e4a257-f132-5f8b-1100-000000000700}","TargetProcessId":"3632","EventID":10,"Keywords":"0x8000000000000000","TargetImage":"C:\\windows\\system32\\control.exe","Message":"Process accessed:\r\nRuleName: -\r\nUtcTime: 2020-10-22 05:31:10.738\r\nSourceProcessGUID: {39e4a257-f132-5f8b-1100-000000000700}\r\nSourceProcessId: 992\r\nSourceThreadId: 8804\r\nSourceImage: C:\\windows\\system32\\svchost.exe\r\nTargetProcessGUID: {39e4a257-191e-5f91-5f12-000000000700}\r\nTargetProcessId: 3632\r\nTargetImage: C:\\windows\\system32\\control.exe\r\nGrantedAccess: 0x100000\r\nCallTrace: C:\\windows\\SYSTEM32\\ntdll.dll+9d154|C:\\windows\\System32\\RPCRT4.dll+2d354|c:\\windows\\system32\\rpcss.dll+314c9|c:\\windows\\system32\\rpcss.dll+30b5b|C:\\windows\\System32\\RPCRT4.dll+76a63|C:\\windows\\System32\\RPCRT4.dll+13653|C:\\windows\\System32\\RPCRT4.dll+1457a|C:\\windows\\System32\\RPCRT4.dll+549f8|C:\\windows\\System32\\RPCRT4.dll+2c9b1|C:\\windows\\System32\\RPCRT4.dll+2c26b|C:\\windows\\System32\\RPCRT4.dll+1a8cf|C:\\windows\\System32\\RPCRT4.dll+19d7a|C:\\windows\\System32\\RPCRT4.dll+19361|C:\\windows\\System32\\RPCRT4.dll+18dce|C:\\windows\\System32\\RPCRT4.dll+16a05|C:\\windows\\SYSTEM32\\ntdll.dll+333ed|C:\\windows\\SYSTEM32\\ntdll.dll+34142|C:\\windows\\System32\\KERNEL32.DLL+17c24|C:\\windows\\SYSTEM32\\ntdll.dll+6cea1"}
{"@timestamp":"2020-10-22T01:31:10.746Z","TimeCreated":"2020-10-22T01:31:10.746Z","Hashes":"SHA1=870F4150AF0FA7BE2478A317E603BC355D623C01,MD5=37B2BCAFF03971D5012BF4EEA367FE4E,SHA256=1D31786E5F23E9C0791EA626B10B0F8250E377000C6668F4141EAD6302A46C5A,IMPHASH=A39887077F3ADC1F3BE7B73D8983927E","Signature":"Microsoft Windows","ProviderGuid":"{5770385f-c22a-43e0-bf4c-06f5698ffbd9}","Company":"Microsoft Corporation","UtcTime":"2020-10-22 05:31:10.738","ProcessGuid":"{39e4a257-191e-5f91-5f12-000000000700}","Image":"C:\\Windows\\System32\\control.exe","ImageLoaded":"C:\\Windows\\System32\\Windows.StateRepositoryPS.dll","Level":"4","Channel":"Microsoft-Windows-Sysmon/Operational","Task":"7","RuleName":"-","FileVersion":"10.0.18362.1082 (WinBuild.160101.0800)","SourceName":"Microsoft-Windows-Sysmon","Hostname":"WORKSTATION5","ProcessId":"3632","Description":"Windows StateRepository Proxy/Stub Server","SignatureStatus":"Valid","Product":"Microsoft Windows Operating System","EventID":7,"Keywords":"0x8000000000000000","Signed":"true","OriginalFileName":"Windows.StateRepositoryPS.dll","Message":"Image loaded:\r\nRuleName: -\r\nUtcTime: 2020-10-22 05:31:10.738\r\nProcessGuid: {39e4a257-191e-5f91-5f12-000000000700}\r\nProcessId: 3632\r\nImage: C:\\Windows\\System32\\control.exe\r\nImageLoaded: C:\\Windows\\System32\\Windows.StateRepositoryPS.dll\r\nFileVersion: 10.0.18362.1082 (WinBuild.160101.0800)\r\nDescription: Windows StateRepository Proxy/Stub Server\r\nProduct: Microsoft Windows Operating System\r\nCompany: Microsoft Corporation\r\nOriginalFileName: Windows.StateRepositoryPS.dll\r\nHashes: SHA1=870F4150AF0FA7BE2478A317E603BC355D623C01,MD5=37B2BCAFF03971D5012BF4EEA367FE4E,SHA256=1D31786E5F23E9C0791EA626B10B0F8250E377000C6668F4141EAD6302A46C5A,IMPHASH=A39887077F3ADC1F3BE7B73D8983927E\r\nSigned: true\r\nSignature: Microsoft Windows\r\nSignatureStatus: Valid"}
