{"@timestamp":"2020-10-22T01:31:10.912Z","TimeCreated":"2020-10-22T01:31:10.912Z","Hashes":"SHA1=F9E2F12438029B6CC54E25DC77E0CDAF4E2F60E6,MD5=EF7E6E4AA8B9EB0B9C2915F6C8F0C71A,SHA256=0428CCE46E90E781510B784E97DC514D4F0564B31591526CDABD40654D4A8F79,IMPHASH=4D32F6E2211CD04CA28C2CD4FAC607E8","Signature":"Microsoft Windows","ProviderGuid":"{5770385f-c22a-43e0-bf4c-06f5698ffbd9}","Company":"Microsoft Corporation","UtcTime":"2020-10-22 05:31:10.910","ProcessGuid":"{39e4a257-191e-5f91-6012-000000000700}","Image":"C:\\Windows\\System32\\rundll32.exe","ImageLoaded":"C:\\Windows\\System32\\gdi32full.dll","Level":"4","Channel":"Microsoft-Windows-Sysmon/Operational","Task":"7","RuleName":"-","FileVersion":"10.0.18362.1139 (WinBuild.160101.0800)","SourceName":"Microsoft-Windows-Sysmon","Hostname":"WORKSTATION5","ProcessId":"8140","Description":"GDI Client DLL","SignatureStatus":"Valid","Product":"Microsoft Windows Operating System","EventID":7,"Keywords":"0x8000000000000000","Signed":"true","OriginalFileName":"gdi32","Message":"Image loaded:\r\nRuleName: -\r\nUtcTime: 2020-10-22 05:31:10.910\r\nProcessGuid: {39e4a257-191e-5f91-6012-000000000700}\r\nProcessId: 8140\r\nImage: C:\\Windows\\System32\\rundll32.exe\r\nImageLoaded: C:\\Windows\\System32\\gdi32full.dll\r\nFileVersion: 10.0.18362.1139 (WinBuild.160101.0800)\r\nDescription: GDI Client DLL\r\nProduct: Microsoft Windows Operating System\r\nCompany: Microsoft Corporation\r\nOriginalFileName: gdi32\r\nHashes: SHA1=F9E2F12438029B6CC54E25DC77E0CDAF4E2F60E6,MD5=EF7E6E4AA8B9EB0B9C2915F6C8F0C71A,SHA256=0428CCE46E90E781510B784E97DC514D4F0564B31591526CDABD40654D4A8F79,IMPHASH=4D32F6E2211CD04CA28C2CD4FAC607E8\r\nSigned: true\r\nSignature: Microsoft Windows\r\nSignatureStatus: Valid"}
{"@timestamp":"2020-10-22T01:31:10.912Z","TimeCreated":"2020-10-22T01:31:10.912Z","Hashes":"SHA1=6B56618013746DA2480E9B14DBD03BD1C6DC009F,MD5=99391EBA3F88D56C3D27268D7947782F,SHA256=3AC2B856DD34D51A631C26791916A036C6C917667D8562676CCE8F2F35349221,IMPHASH=70F6F0466DB32D0AA9E18434AE996907","Signature":"Microsoft Windows","ProviderGuid":"{5770385f-c22a-43e0-bf4c-06f5698ffbd9}","Company":"Microsoft Corporation","UtcTime":"2020-10-22 05:31:10.910","ProcessGuid":"{39e4a257-191e-5f91-6012-000000000700}","Image":"C:\\Windows\\System32\\rundll32.exe","ImageLoaded":"C:\\Windows\\System32\\user32.dll","Level":"4","Channel":"Microsoft-Windows-Sysmon/Operational","Task":"7","RuleName":"-","FileVersion":"10.0.18362.1110 (WinBuild.160101.0800)","SourceName":"Microsoft-Windows-Sysmon","Hostname":"WORKSTATION5","ProcessId":"8140","Description":"Multi-User Windows USER API Client DLL","SignatureStatus":"Valid","Product":"Microsoft Windows Operating System","EventID":7,"Keywords":"0x8000000000000000","Signed":"true","OriginalFileName":"user32","Message":"Image loaded:\r\nRuleName: -\r\nUtcTime: 2020-10-22 05:31:10.910\r\nProcessGuid: {39e4a257-191e-5f91-6012-000000000700}\r\nProcessId: 8140\r\nImage: C:\\Windows\\System32\\rundll32.exe\r\nImageLoaded: C:\\Windows\\System32\\user32.dll\r\nFileVersion: 10.0.18362.1110 (WinBuild.160101.0800)\r\nDescription: Multi-User Windows USER API Client DLL\r\nProduct: Microsoft Windows Operating System\r\nCompany: Microsoft Corporation\r\nOriginalFileName: user32\r\nHashes: SHA1=6B56618013746DA2480E9B14DBD03BD1C6DC009F,MD5=99391EBA3F88D56C3D27268D7947782F,SHA256=3AC2B856DD34D51A631C26791916A036C6C917667D8562676CCE8F2F35349221,IMPHASH=70F6F0466DB32D0AA9E18434AE996907\r\nSigned: true\r\nSignature: Microsoft Windows\r\nSignatureStatus: Valid"}
{"@timestamp":"2020-10-22T01:31:10.912Z","TimeCreated":"2020-10-22T01:31:10.912Z","Hashes":"SHA1=F1D1D942ACBA432D60C139A8AE9644665044BCD6,MD5=5539643D8D55C97FB3A5F7E24C448A3F,SHA256=4FB47D56F0FC6C27FEC884E078A2999F7B2E10994359960CC78182544CA80C36,IMPHASH=639D16ACD736EAE912B88E985A0A7A0F","Signature":"Microsoft Windows","ProviderGuid":"{5770385f-c22a-43e0-bf4c-06f5698ffbd9}","Company":"Microsoft Corporation","UtcTime":"2020-10-22 05:31:10.910","ProcessGuid":"{39e4a257-191e-5f91-6012-000000000700}","Image":"C:\\Windows\\System32\\rundll32.exe","ImageLoaded":"C:\\Windows\\System32\\kernel.appcore.dll","Level":"4","Channel":"Microsoft-Windows-Sysmon/Operational","Task":"7","RuleName":"-","FileVersion":"10.0.18362.1110 (WinBuild.160101.0800)","SourceName":"Microsoft-Windows-Sysmon","Hostname":"WORKSTATION5","ProcessId":"8140","Description":"AppModel API Host","SignatureStatus":"Valid","Product":"Microsoft Windows Operating System","EventID":7,"Keywords":"0x8000000000000000","Signed":"true","OriginalFileName":"kernel.appcore.dll","Message":"Image loaded:\r\nRuleName: -\r\nUtcTime: 2020-10-22 05:31:10.910\r\nProcessGuid: {39e4a257-191e-5f91-6012-000000000700}\r\nProcessId: 8140\r\nImage: C:\\Windows\\System32\\rundll32.exe\r\nImageLoaded: C:\\Windows\\System32\\kernel.appcore.dll\r\nFileVersion: 10.0.18362.1110 (WinBuild.160101.0800)\r\nDescription: AppModel API Host\r\nProduct: Microsoft Windows Operating System\r\nCompany: Microsoft Corporation\r\nOriginalFileName: kernel.appcore.dll\r\nHashes: SHA1=F1D1D942ACBA432D60C139A8AE9644665044BCD6,MD5=5539643D8D55C97FB3A5F7E24C448A3F,SHA256=4FB47D56F0FC6C27FEC884E078A2999F7B2E10994359960CC78182544CA80C36,IMPHASH=639D16ACD736EAE912B88E985A0A7A0F\r\nSigned: true\r\nSignature: Microsoft Windows\r\nSignatureStatus: Valid"}
{"@timestamp":"2020-10-22T01:31:10.913Z","TimeCreated":"2020-10-22T01:31:10.913Z","Hashes":"SHA1=90F229FB5DB52DF3604195B10C48E946684929ED,MD5=ACE18C6797090A1AA259BB8713917F98,SHA256=F5E118F67745792909973717FAE1F9FE68B2619332A4451AD04E0C9072B8D605,IMPHASH=A9B9D04D0B53DC48ABB37BE77AD01B55","Signature":"Microsoft Windows","ProviderGuid":"{5770385f-c22a-43e0-bf4c-06f5698ffbd9}","Company":"Microsoft Corporation","UtcTime":"2020-10-22 05:31:10.910","ProcessGuid":"{39e4a257-191e-5f91-6012-000000000700}","Image":"C:\\Windows\\System32\\rundll32.exe","ImageLoaded":"C:\\Windows\\System32\\cryptsp.dll","Level":"4","Channel":"Microsoft-Windows-Sysmon/Operational","Task":"7","RuleName":"-","FileVersion":"10.0.18362.1 (WinBuild.160101.0800)","SourceName":"Microsoft-Windows-Sysmon","Hostname":"WORKSTATION5","ProcessId":"8140","Description":"Cryptographic Service Provider API","SignatureStatus":"Valid","Product":"Microsoft Windows Operating System","EventID":7,"Keywords":"0x8000000000000000","Signed":"true","OriginalFileName":"cryptsp.dll","Message":"Image loaded:\r\nRuleName: -\r\nUtcTime: 2020-10-22 05:31:10.910\r\nProcessGuid: {39e4a257-191e-5f91-6012-000000000700}\r\nProcessId: 8140\r\nImage: C:\\Windows\\System32\\rundll32.exe\r\nImageLoaded: C:\\Windows\\System32\\cryptsp.dll\r\nFileVersion: 10.0.18362.1 (WinBuild.160101.0800)\r\nDescription: Cryptographic Service Provider API\r\nProduct: Microsoft Windows Operating System\r\nCompany: Microsoft Corporation\r\nOriginalFileName: cryptsp.dll\r\nHashes: SHA1=90F229FB5DB52DF3604195B10C48E946684929ED,MD5=ACE18C6797090A1AA259BB8713917F98,SHA256=F5E118F67745792909973717FAE1F9FE68B2619332A4451AD04E0C9072B8D605,IMPHASH=A9B9D04D0B53DC48ABB37BE77AD01B55\r\nSigned: true\r\nSignature: Microsoft Windows\r\nSignatureStatus: Valid"}
{"@timestamp":"2020-10-22T01:31:10.916Z","TimeCreated":"2020-10-22T01:31:10.916Z","Hashes":"SHA1=76BB2AB8D3CB6DB6D23F4771334C9AA9C231B03A,MD5=025CC332EDC4B1A38290F3E36BCEF4FB,SHA256=0FE3C1C575EA1B0257B2EB12527EC35E3004CD88EA5BAEC7095386A9F9EB70AD,IMPHASH=24F54B6761C10BA12481CF6C780605BF","Signature":"Microsoft Windows","ProviderGuid":"{5770385f-c22a-43e0-bf4c-06f5698ffbd9}","Company":"Microsoft Corporation","UtcTime":"2020-10-22 05:31:10.910","ProcessGuid":"{39e4a257-191e-5f91-6012-000000000700}","Image":"C:\\Windows\\System32\\rundll32.exe","ImageLoaded":"C:\\Windows\\System32\\imm32.dll","Level":"4","Channel":"Microsoft-Windows-Sysmon/Operational","Task":"7","RuleName":"-","FileVersion":"10.0.18362.387 (WinBuild.160101.0800)","SourceName":"Microsoft-Windows-Sysmon","Hostname":"WORKSTATION5","ProcessId":"8140","Description":"Multi-User Windows IMM32 API Client DLL","SignatureStatus":"Valid","Product":"Microsoft Windows Operating System","EventID":7,"Keywords":"0x8000000000000000","Signed":"true","OriginalFileName":"imm32","Message":"Image loaded:\r\nRuleName: -\r\nUtcTime: 2020-10-22 05:31:10.910\r\nProcessGuid: {39e4a257-191e-5f91-6012-000000000700}\r\nProcessId: 8140\r\nImage: C:\\Windows\\System32\\rundll32.exe\r\nImageLoaded: C:\\Windows\\System32\\imm32.dll\r\nFileVersion: 10.0.18362.387 (WinBuild.160101.0800)\r\nDescription: Multi-User Windows IMM32 API Client DLL\r\nProduct: Microsoft Windows Operating System\r\nCompany: Microsoft Corporation\r\nOriginalFileName: imm32\r\nHashes: SHA1=76BB2AB8D3CB6DB6D23F4771334C9AA9C231B03A,MD5=025CC332EDC4B1A38290F3E36BCEF4FB,SHA256=0FE3C1C575EA1B0257B2EB12527EC35E3004CD88EA5BAEC7095386A9F9EB70AD,IMPHASH=24F54B6761C10BA12481CF6C780605BF\r\nSigned: true\r\nSignature: Microsoft Windows\r\nSignatureStatus: Valid"}
{"@timestamp":"2020-10-22T01:31:10.919Z","TimeCreated":"2020-10-22T01:31:10.919Z","Hashes":"SHA1=62956D6FAEB4EC8EA54315A8E3CC15F06165AD57,MD5=3C9D22CAE173AD19806B6A016CD4CC28,SHA256=D95E7D07EA46D7D2AEFA01CD0A64CF266BE26D40FA6BE42F7CF60F6DEB8FBAF3,IMPHASH=64BAD10B75B987F62BF08E1852DE4022","Signature":"Microsoft Windows","ProviderGuid":"{5770385f-c22a-43e0-bf4c-06f5698ffbd9}","Company":"Microsoft Corporation","UtcTime":"2020-10-22 05:31:10.910","ProcessGuid":"{39e4a257-191e-5f91-6012-000000000700}","Image":"C:\\Windows\\System32\\rundll32.exe","ImageLoaded":"C:\\Windows\\System32\\uxtheme.dll","Level":"4","Channel":"Microsoft-Windows-Sysmon/Operational","Task":"7","RuleName":"-","FileVersion":"10.0.18362.449 (WinBuild.160101.0800)","SourceName":"Microsoft-Windows-Sysmon","Hostname":"WORKSTATION5","ProcessId":"8140","Description":"Microsoft UxTheme Library","SignatureStatus":"Valid","Product":"Microsoft Windows Operating System","EventID":7,"Keywords":"0x8000000000000000","Signed":"true","OriginalFileName":"UxTheme.dll","Message":"Image loaded:\r\nRuleName: -\r\nUtcTime: 2020-10-22 05:31:10.910\r\nProcessGuid: {39e4a257-191e-5f91-6012-000000000700}\r\nProcessId: 8140\r\nImage: C:\\Windows\\System32\\rundll32.exe\r\nImageLoaded: C:\\Windows\\System32\\uxtheme.dll\r\nFileVersion: 10.0.18362.449 (WinBuild.160101.0800)\r\nDescription: Microsoft UxTheme Library\r\nProduct: Microsoft Windows Operating System\r\nCompany: Microsoft Corporation\r\nOriginalFileName: UxTheme.dll\r\nHashes: SHA1=62956D6FAEB4EC8EA54315A8E3CC15F06165AD57,MD5=3C9D22CAE173AD19806B6A016CD4CC28,SHA256=D95E7D07EA46D7D2AEFA01CD0A64CF266BE26D40FA6BE42F7CF60F6DEB8FBAF3,IMPHASH=64BAD10B75B987F62BF08E1852DE4022\r\nSigned: true\r\nSignature: Microsoft Windows\r\nSignatureStatus: Valid"}
{"GrantedAccess":"0x1478","@timestamp":"2020-10-22T01:31:10.920Z","TimeCreated":"2020-10-22T01:31:10.920Z","SourceThreadId":"2236","SourceImage":"C:\\windows\\System32\\svchost.exe","ProviderGuid":"{5770385f-c22a-43e0-bf4c-06f5698ffbd9}","CallTrace":"C:\\windows\\SYSTEM32\\ntdll.dll+9c584|c:\\windows\\system32\\themeservice.dll+1a9a|c:\\windows\\system32\\themeservice.dll+1736|c:\\windows\\system32\\themeservice.dll+6026|c:\\windows\\system32\\themeservice.dll+ad9a|c:\\windows\\system32\\themeservice.dll+9dcf|C:\\windows\\System32\\svchost.exe+314c|C:\\windows\\System32\\sechost.dll+2de2|C:\\windows\\System32\\KERNEL32.DLL+17c24|C:\\windows\\SYSTEM32\\ntdll.dll+6cea1","UtcTime":"2020-10-22 05:31:10.910","TargetProcessGUID":"{39e4a257-191e-5f91-6012-000000000700}","SourceProcessId":"2064","Level":"4","Channel":"Microsoft-Windows-Sysmon/Operational","Task":"10","RuleName":"-","SourceName":"Microsoft-Windows-Sysmon","Hostname":"WORKSTATION5","SourceProcessGUID":"{39e4a257-f133-5f8b-3400-000000000700}","TargetProcessId":"8140","EventID":10,"Keywords":"0x8000000000000000","TargetImage":"C:\\windows\\system32\\rundll32.exe","Message":"Process accessed:\r\nRuleName: -\r\nUtcTime: 2020-10-22 05:31:10.910\r\nSourceProcessGUID: {39e4a257-f133-5f8b-3400-000000000700}\r\nSourceProcessId: 2064\r\nSourceThreadId: 2236\r\nSourceImage: C:\\windows\\System32\\svchost.exe\r\nTargetProcessGUID: {39e4a257-191e-5f91-6012-000000000700}\r\nTargetProcessId: 8140\r\nTargetImage: C:\\windows\\system32\\rundll32.exe\r\nGrantedAccess: 0x1478\r\nCallTrace: C:\\windows\\SYSTEM32\\ntdll.dll+9c584|c:\\windows\\system32\\themeservice.dll+1a9a|c:\\windows\\system32\\themeservice.dll+1736|c:\\windows\\system32\\themeservice.dll+6026|c:\\windows\\system32\\themeservice.dll+ad9a|c:\\windows\\system32\\themeservice.dll+9dcf|C:\\windows\\System32\\svchost.exe+314c|C:\\windows\\System32\\sechost.dll+2de2|C:\\windows\\System32\\KERNEL32.DLL+17c24|C:\\windows\\SYSTEM32\\ntdll.dll+6cea1"}
{"@timestamp":"2020-10-22T01:31:10.920Z","TimeCreated":"2020-10-22T01:31:10.920Z","Hashes":"SHA1=7662A8D2F23C3474DEC6EF8E2B0365B0B86714EE,MD5=F68AF942FD7CCC0E7BAB1A2335D2AD26,SHA256=11064E9EDC605BD5B0C0A505538A0D5FD7DE53883AF342F091687CAE8628ACD0,IMPHASH=F27A7FC3A53E74F45BE370131953896A","Signature":"Microsoft Windows","ProviderGuid":"{5770385f-c22a-43e0-bf4c-06f5698ffbd9}","Company":"Microsoft Corporation","UtcTime":"2020-10-22 05:31:10.879","ProcessGuid":"{39e4a257-191e-5f91-6012-000000000700}","Image":"C:\\Windows\\System32\\rundll32.exe","ImageLoaded":"C:\\Windows\\System32\\rundll32.exe","Level":"4","Channel":"Microsoft-Windows-Sysmon/Operational","Task":"7","RuleName":"-","FileVersion":"10.0.18362.1 (WinBuild.160101.0800)","SourceName":"Microsoft-Windows-Sysmon","Hostname":"WORKSTATION5","ProcessId":"8140","Description":"Windows host process (Rundll32)","SignatureStatus":"Valid","Product":"Microsoft Windows Operating System","EventID":7,"Keywords":"0x8000000000000000","Signed":"true","OriginalFileName":"RUNDLL32.EXE","Message":"Image loaded:\r\nRuleName: -\r\nUtcTime: 2020-10-22 05:31:10.879\r\nProcessGuid: {39e4a257-191e-5f91-6012-000000000700}\r\nProcessId: 8140\r\nImage: C:\\Windows\\System32\\rundll32.exe\r\nImageLoaded: C:\\Windows\\System32\\rundll32.exe\r\nFileVersion: 10.0.18362.1 (WinBuild.160101.0800)\r\nDescription: Windows host process (Rundll32)\r\nProduct: Microsoft Windows Operating System\r\nCompany: Microsoft Corporation\r\nOriginalFileName: RUNDLL32.EXE\r\nHashes: SHA1=7662A8D2F23C3474DEC6EF8E2B0365B0B86714EE,MD5=F68AF942FD7CCC0E7BAB1A2335D2AD26,SHA256=11064E9EDC605BD5B0C0A505538A0D5FD7DE53883AF342F091687CAE8628ACD0,IMPHASH=F27A7FC3A53E74F45BE370131953896A\r\nSigned: true\r\nSignature: Microsoft Windows\r\nSignatureStatus: Valid"}
{"GrantedAccess":"0x1400","@timestamp":"2020-10-22T01:31:10.920Z","TimeCreated":"2020-10-22T01:31:10.920Z","SourceThreadId":"8292","SourceImage":"C:\\windows\\System32\\svchost.exe","ProviderGuid":"{5770385f-c22a-43e0-bf4c-06f5698ffbd9}","CallTrace":"C:\\windows\\SYSTEM32\\ntdll.dll+9c584|c:\\windows\\system32\\themeservice.dll+1d60|c:\\windows\\system32\\themeservice.dll+1595|c:\\windows\\system32\\themeservice.dll+1461|c:\\windows\\system32\\themeservice.dll+1886|C:\\windows\\SYSTEM32\\ntdll.dll+2f655|C:\\windows\\SYSTEM32\\ntdll.dll+345b4|C:\\windows\\System32\\KERNEL32.DLL+17c24|C:\\windows\\SYSTEM32\\ntdll.dll+6cea1","UtcTime":"2020-10-22 05:31:10.910","TargetProcessGUID":"{39e4a257-191e-5f91-6012-000000000700}","SourceProcessId":"2064","Level":"4","Channel":"Microsoft-Windows-Sysmon/Operational","Task":"10","RuleName":"-","SourceName":"Microsoft-Windows-Sysmon","Hostname":"WORKSTATION5","SourceProcessGUID":"{39e4a257-f133-5f8b-3400-000000000700}","TargetProcessId":"8140","EventID":10,"Keywords":"0x8000000000000000","TargetImage":"C:\\windows\\system32\\rundll32.exe","Message":"Process accessed:\r\nRuleName: -\r\nUtcTime: 2020-10-22 05:31:10.910\r\nSourceProcessGUID: {39e4a257-f133-5f8b-3400-000000000700}\r\nSourceProcessId: 2064\r\nSourceThreadId: 8292\r\nSourceImage: C:\\windows\\System32\\svchost.exe\r\nTargetProcessGUID: {39e4a257-191e-5f91-6012-000000000700}\r\nTargetProcessId: 8140\r\nTargetImage: C:\\windows\\system32\\rundll32.exe\r\nGrantedAccess: 0x1400\r\nCallTrace: C:\\windows\\SYSTEM32\\ntdll.dll+9c584|c:\\windows\\system32\\themeservice.dll+1d60|c:\\windows\\system32\\themeservice.dll+1595|c:\\windows\\system32\\themeservice.dll+1461|c:\\windows\\system32\\themeservice.dll+1886|C:\\windows\\SYSTEM32\\ntdll.dll+2f655|C:\\windows\\SYSTEM32\\ntdll.dll+345b4|C:\\windows\\System32\\KERNEL32.DLL+17c24|C:\\windows\\SYSTEM32\\ntdll.dll+6cea1"}
{"@timestamp":"2020-10-22T01:31:10.921Z","TimeCreated":"2020-10-22T01:31:10.921Z","Hashes":"SHA1=5F7008EE8ADAABADD68C6DD5BE92D63E65FA246F,MD5=52FEBDEBB997A30DE66EBFF6C84458FE,SHA256=D5036280A629574D7421D12EDE96C8E05ED595A5DEDF1ED9678FF5667035514B,IMPHASH=E36139468C6DD82FE56B6A135839960B","Signature":"Microsoft Windows","ProviderGuid":"{5770385f-c22a-43e0-bf4c-06f5698ffbd9}","Company":"Microsoft Corporation","UtcTime":"2020-10-22 05:31:10.910","ProcessGuid":"{39e4a257-191e-5f91-6012-000000000700}","Image":"C:\\Windows\\System32\\rundll32.exe","ImageLoaded":"C:\\Windows\\System32\\msctf.dll","Level":"4","Channel":"Microsoft-Windows-Sysmon/Operational","Task":"7","RuleName":"-","FileVersion":"10.0.18362.1139 (WinBuild.160101.0800)","SourceName":"Microsoft-Windows-Sysmon","Hostname":"WORKSTATION5","ProcessId":"8140","Description":"MSCTF Server DLL","SignatureStatus":"Valid","Product":"Microsoft Windows Operating System","EventID":7,"Keywords":"0x8000000000000000","Signed":"true","OriginalFileName":"MSCTF.DLL","Message":"Image loaded:\r\nRuleName: -\r\nUtcTime: 2020-10-22 05:31:10.910\r\nProcessGuid: {39e4a257-191e-5f91-6012-000000000700}\r\nProcessId: 8140\r\nImage: C:\\Windows\\System32\\rundll32.exe\r\nImageLoaded: C:\\Windows\\System32\\msctf.dll\r\nFileVersion: 10.0.18362.1139 (WinBuild.160101.0800)\r\nDescription: MSCTF Server DLL\r\nProduct: Microsoft Windows Operating System\r\nCompany: Microsoft Corporation\r\nOriginalFileName: MSCTF.DLL\r\nHashes: SHA1=5F7008EE8ADAABADD68C6DD5BE92D63E65FA246F,MD5=52FEBDEBB997A30DE66EBFF6C84458FE,SHA256=D5036280A629574D7421D12EDE96C8E05ED595A5DEDF1ED9678FF5667035514B,IMPHASH=E36139468C6DD82FE56B6A135839960B\r\nSigned: true\r\nSignature: Microsoft Windows\r\nSignatureStatus: Valid"}
{"@timestamp":"2020-10-22T01:31:10.922Z","TimeCreated":"2020-10-22T01:31:10.922Z","Hashes":"SHA1=35C3365E5F385CB7025DC51D1359BC92CEACB8F4,MD5=81CC27927690AC3A552D92269CBA4899,SHA256=49C1A7FFB5DC382E35F19C1771A0B43120BBB4159EE5BFE23E0410A76A36D68A,IMPHASH=F010E2DB51A2E86CCF6052A1ACC0854F","Signature":"Microsoft Windows","ProviderGuid":"{5770385f-c22a-43e0-bf4c-06f5698ffbd9}","Company":"Microsoft Corporation","UtcTime":"2020-10-22 05:31:10.910","ProcessGuid":"{39e4a257-191e-5f91-6012-000000000700}","Image":"C:\\Windows\\System32\\rundll32.exe","ImageLoaded":"C:\\Windows\\System32\\oleaut32.dll","Level":"4","Channel":"Microsoft-Windows-Sysmon/Operational","Task":"7","RuleName":"-","FileVersion":"10.0.18362.1110 (WinBuild.160101.0800)","SourceName":"Microsoft-Windows-Sysmon","Hostname":"WORKSTATION5","ProcessId":"8140","Description":"OLEAUT32.DLL","SignatureStatus":"Valid","Product":"Microsoft Windows Operating System","EventID":7,"Keywords":"0x8000000000000000","Signed":"true","OriginalFileName":"OLEAUT32.DLL","Message":"Image loaded:\r\nRuleName: -\r\nUtcTime: 2020-10-22 05:31:10.910\r\nProcessGuid: {39e4a257-191e-5f91-6012-000000000700}\r\nProcessId: 8140\r\nImage: C:\\Windows\\System32\\rundll32.exe\r\nImageLoaded: C:\\Windows\\System32\\oleaut32.dll\r\nFileVersion: 10.0.18362.1110 (WinBuild.160101.0800)\r\nDescription: OLEAUT32.DLL\r\nProduct: Microsoft Windows Operating System\r\nCompany: Microsoft Corporation\r\nOriginalFileName: OLEAUT32.DLL\r\nHashes: SHA1=35C3365E5F385CB7025DC51D1359BC92CEACB8F4,MD5=81CC27927690AC3A552D92269CBA4899,SHA256=49C1A7FFB5DC382E35F19C1771A0B43120BBB4159EE5BFE23E0410A76A36D68A,IMPHASH=F010E2DB51A2E86CCF6052A1ACC0854F\r\nSigned: true\r\nSignature: Microsoft Windows\r\nSignatureStatus: Valid"}
{"GrantedAccess":"0x1000","@timestamp":"2020-10-22T01:31:10.924Z","TimeCreated":"2020-10-22T01:31:10.924Z","SourceThreadId":"4688","SourceImage":"C:\\windows\\Explorer.EXE","ProviderGuid":"{5770385f-c22a-43e0-bf4c-06f5698ffbd9}","CallTrace":"C:\\windows\\SYSTEM32\\ntdll.dll+9c584|C:\\windows\\System32\\KERNELBASE.dll+305fe|C:\\windows\\SYSTEM32\\TWINAPI.dll+6d4c|C:\\windows\\system32\\twinui.pcshell.dll+20880|C:\\windows\\system32\\twinui.pcshell.dll+20082|C:\\windows\\system32\\twinui.dll+1780b|C:\\windows\\system32\\twinui.dll+1734c|C:\\windows\\system32\\twinui.dll+68f7a|C:\\windows\\system32\\twinui.dll+16e09|C:\\windows\\system32\\twinui.dll+16f4b|C:\\windows\\system32\\twinui.dll+16ecd|C:\\windows\\System32\\USER32.dll+15c1d|C:\\windows\\System32\\USER32.dll+15612|C:\\Windows\\System32\\windows.immersiveshell.serviceprovider.dll+45f0|C:\\Windows\\System32\\windows.immersiveshell.serviceprovider.dll+41b9|C:\\Windows\\System32\\windows.immersiveshell.serviceprovider.dll+3e4f|C:\\windows\\System32\\KERNEL32.DLL+17c24|C:\\windows\\SYSTEM32\\ntdll.dll+6cea1","UtcTime":"2020-10-22 05:31:10.910","TargetProcessGUID":"{39e4a257-191e-5f91-6012-000000000700}","SourceProcessId":"1072","Level":"4","Channel":"Microsoft-Windows-Sysmon/Operational","Task":"10","RuleName":"-","SourceName":"Microsoft-Windows-Sysmon","Hostname":"WORKSTATION5","SourceProcessGUID":"{39e4a257-f1b3-5f8b-a700-000000000700}","TargetProcessId":"8140","EventID":10,"Keywords":"0x8000000000000000","TargetImage":"C:\\windows\\system32\\rundll32.exe","Message":"Process accessed:\r\nRuleName: -\r\nUtcTime: 2020-10-22 05:31:10.910\r\nSourceProcessGUID: {39e4a257-f1b3-5f8b-a700-000000000700}\r\nSourceProcessId: 1072\r\nSourceThreadId: 4688\r\nSourceImage: C:\\windows\\Explorer.EXE\r\nTargetProcessGUID: {39e4a257-191e-5f91-6012-000000000700}\r\nTargetProcessId: 8140\r\nTargetImage: C:\\windows\\system32\\rundll32.exe\r\nGrantedAccess: 0x1000\r\nCallTrace: C:\\windows\\SYSTEM32\\ntdll.dll+9c584|C:\\windows\\System32\\KERNELBASE.dll+305fe|C:\\windows\\SYSTEM32\\TWINAPI.dll+6d4c|C:\\windows\\system32\\twinui.pcshell.dll+20880|C:\\windows\\system32\\twinui.pcshell.dll+20082|C:\\windows\\system32\\twinui.dll+1780b|C:\\windows\\system32\\twinui.dll+1734c|C:\\windows\\system32\\twinui.dll+68f7a|C:\\windows\\system32\\twinui.dll+16e09|C:\\windows\\system32\\twinui.dll+16f4b|C:\\windows\\system32\\twinui.dll+16ecd|C:\\windows\\System32\\USER32.dll+15c1d|C:\\windows\\System32\\USER32.dll+15612|C:\\Windows\\System32\\windows.immersiveshell.serviceprovider.dll+45f0|C:\\Windows\\System32\\windows.immersiveshell.serviceprovider.dll+41b9|C:\\Windows\\System32\\windows.immersiveshell.serviceprovider.dll+3e4f|C:\\windows\\System32\\KERNEL32.DLL+17c24|C:\\windows\\SYSTEM32\\ntdll.dll+6cea1"}
{"@timestamp":"2020-10-22T01:31:10.925Z","TimeCreated":"2020-10-22T01:31:10.925Z","Hashes":"SHA1=321F2E4E1E177CE730974369874B1B1663465C71,MD5=A1DB11A87BA91EA909A9F798C7BF028B,SHA256=C1FE1ACC6DBE60FCC266520AE103B5E3E74C596ED748E3DFC0C5911DFD4C051D,IMPHASH=8131C379B220C309A0A223EBB505F96B","Signature":"Microsoft Windows","ProviderGuid":"{5770385f-c22a-43e0-bf4c-06f5698ffbd9}","Company":"Microsoft Corporation","UtcTime":"2020-10-22 05:31:10.895","ProcessGuid":"{39e4a257-191e-5f91-6012-000000000700}","Image":"C:\\Windows\\System32\\rundll32.exe","ImageLoaded":"C:\\Windows\\System32\\imagehlp.dll","Level":"4","Channel":"Microsoft-Windows-Sysmon/Operational","Task":"7","RuleName":"-","FileVersion":"10.0.18362.1 (WinBuild.160101.0800)","SourceName":"Microsoft-Windows-Sysmon","Hostname":"WORKSTATION5","ProcessId":"8140","Description":"Windows NT Image Helper","SignatureStatus":"Valid","Product":"Microsoft Windows Operating System","EventID":7,"Keywords":"0x8000000000000000","Signed":"true","OriginalFileName":"IMAGEHLP.DLL","Message":"Image loaded:\r\nRuleName: -\r\nUtcTime: 2020-10-22 05:31:10.895\r\nProcessGuid: {39e4a257-191e-5f91-6012-000000000700}\r\nProcessId: 8140\r\nImage: C:\\Windows\\System32\\rundll32.exe\r\nImageLoaded: C:\\Windows\\System32\\imagehlp.dll\r\nFileVersion: 10.0.18362.1 (WinBuild.160101.0800)\r\nDescription: Windows NT Image Helper\r\nProduct: Microsoft Windows Operating System\r\nCompany: Microsoft Corporation\r\nOriginalFileName: IMAGEHLP.DLL\r\nHashes: SHA1=321F2E4E1E177CE730974369874B1B1663465C71,MD5=A1DB11A87BA91EA909A9F798C7BF028B,SHA256=C1FE1ACC6DBE60FCC266520AE103B5E3E74C596ED748E3DFC0C5911DFD4C051D,IMPHASH=8131C379B220C309A0A223EBB505F96B\r\nSigned: true\r\nSignature: Microsoft Windows\r\nSignatureStatus: Valid"}
{"Keywords":"0x8000000000000000","Task":"1","Description":"Windows host process (Rundll32)","CommandLine":"\"C:\\windows\\SysWOW64\\rundll32.exe\" \"C:\\windows\\SysWOW64\\shell32.dll\",#44 C:\\ProgramData\\calc.cpl","TimeCreated":"2020-10-22T01:31:10.930Z","Product":"Microsoft Windows Operating System","Company":"Microsoft Corporation","OriginalFileName":"RUNDLL32.EXE","User":"WORKSTATION5\\wardog","ParentProcessId":"8140","SourceName":"Microsoft-Windows-Sysmon","IntegrityLevel":"High","ProcessGuid":"{39e4a257-191e-5f91-6112-000000000700}","CurrentDirectory":"C:\\Users\\wardog\\","Hashes":"SHA1=F72D978F4D1CA1C435B1164E7617464CC06A9381,MD5=D0432468FA4B7F66166C430E1334DBDA,SHA256=7D99C80A1249A1EC9AF0F3047C855778B06EA57E11943A271071985AFE09E6C2,IMPHASH=BB17B2FBBFF4BBF5EBDCA7D0BB9E4A5B","UtcTime":"2020-10-22 05:31:10.928","ParentCommandLine":"\"C:\\windows\\system32\\rundll32.exe\" Shell32.dll,Control_RunDLL C:\\ProgramData\\calc.cpl","TerminalSessionId":"2","ProcessId":"7256","ParentImage":"C:\\Windows\\System32\\rundll32.exe","FileVersion":"10.0.18362.1 (WinBuild.160101.0800)","ParentProcessGuid":"{39e4a257-191e-5f91-6012-000000000700}","@timestamp":"2020-10-22T01:31:10.930Z","LogonGuid":"{39e4a257-f1ac-5f8b-d961-0c0000000000}","Image":"C:\\Windows\\SysWOW64\\rundll32.exe","Hostname":"WORKSTATION5","LogonId":"0xc61d9","Level":"4","EventID":1,"ProviderGuid":"{5770385f-c22a-43e0-bf4c-06f5698ffbd9}","RuleName":"-","Message":"Process Create:\r\nRuleName: -\r\nUtcTime: 2020-10-22 05:31:10.928\r\nProcessGuid: {39e4a257-191e-5f91-6112-000000000700}\r\nProcessId: 7256\r\nImage: C:\\Windows\\SysWOW64\\rundll32.exe\r\nFileVersion: 10.0.18362.1 (WinBuild.160101.0800)\r\nDescription: Windows host process (Rundll32)\r\nProduct: Microsoft Windows Operating System\r\nCompany: Microsoft Corporation\r\nOriginalFileName: RUNDLL32.EXE\r\nCommandLine: \"C:\\windows\\SysWOW64\\rundll32.exe\" \"C:\\windows\\SysWOW64\\shell32.dll\",#44 C:\\ProgramData\\calc.cpl\r\nCurrentDirectory: C:\\Users\\wardog\\\r\nUser: WORKSTATION5\\wardog\r\nLogonGuid: {39e4a257-f1ac-5f8b-d961-0c0000000000}\r\nLogonId: 0xC61D9\r\nTerminalSessionId: 2\r\nIntegrityLevel: High\r\nHashes: SHA1=F72D978F4D1CA1C435B1164E7617464CC06A9381,MD5=D0432468FA4B7F66166C430E1334DBDA,SHA256=7D99C80A1249A1EC9AF0F3047C855778B06EA57E11943A271071985AFE09E6C2,IMPHASH=BB17B2FBBFF4BBF5EBDCA7D0BB9E4A5B\r\nParentProcessGuid: {39e4a257-191e-5f91-6012-000000000700}\r\nParentProcessId: 8140\r\nParentImage: C:\\Windows\\System32\\rundll32.exe\r\nParentCommandLine: \"C:\\windows\\system32\\rundll32.exe\" Shell32.dll,Control_RunDLL C:\\ProgramData\\calc.cpl","Channel":"Microsoft-Windows-Sysmon/Operational"}
{"GrantedAccess":"0x1fffff","@timestamp":"2020-10-22T01:31:10.930Z","TimeCreated":"2020-10-22T01:31:10.930Z","SourceThreadId":"5992","SourceImage":"C:\\windows\\system32\\rundll32.exe","ProviderGuid":"{5770385f-c22a-43e0-bf4c-06f5698ffbd9}","CallTrace":"C:\\windows\\SYSTEM32\\ntdll.dll+9d934|C:\\windows\\System32\\KERNELBASE.dll+59e1a|C:\\windows\\System32\\KERNELBASE.dll+567b6|C:\\windows\\System32\\KERNEL32.DLL+1bee3|C:\\windows\\System32\\Shell32.dll+215121|C:\\windows\\System32\\Shell32.dll+215437|C:\\windows\\System32\\Shell32.dll+216878|C:\\windows\\system32\\rundll32.exe+3bcf|C:\\windows\\system32\\rundll32.exe+62d9|C:\\windows\\System32\\KERNEL32.DLL+17c24|C:\\windows\\SYSTEM32\\ntdll.dll+6cea1","UtcTime":"2020-10-22 05:31:10.926","TargetProcessGUID":"{39e4a257-191e-5f91-6112-000000000700}","SourceProcessId":"8140","Level":"4","Channel":"Microsoft-Windows-Sysmon/Operational","Task":"10","RuleName":"-","SourceName":"Microsoft-Windows-Sysmon","Hostname":"WORKSTATION5","SourceProcessGUID":"{39e4a257-191e-5f91-6012-000000000700}","TargetProcessId":"7256","EventID":10,"Keywords":"0x8000000000000000","TargetImage":"C:\\windows\\SysWOW64\\rundll32.exe","Message":"Process accessed:\r\nRuleName: -\r\nUtcTime: 2020-10-22 05:31:10.926\r\nSourceProcessGUID: {39e4a257-191e-5f91-6012-000000000700}\r\nSourceProcessId: 8140\r\nSourceThreadId: 5992\r\nSourceImage: C:\\windows\\system32\\rundll32.exe\r\nTargetProcessGUID: {39e4a257-191e-5f91-6112-000000000700}\r\nTargetProcessId: 7256\r\nTargetImage: C:\\windows\\SysWOW64\\rundll32.exe\r\nGrantedAccess: 0x1FFFFF\r\nCallTrace: C:\\windows\\SYSTEM32\\ntdll.dll+9d934|C:\\windows\\System32\\KERNELBASE.dll+59e1a|C:\\windows\\System32\\KERNELBASE.dll+567b6|C:\\windows\\System32\\KERNEL32.DLL+1bee3|C:\\windows\\System32\\Shell32.dll+215121|C:\\windows\\System32\\Shell32.dll+215437|C:\\windows\\System32\\Shell32.dll+216878|C:\\windows\\system32\\rundll32.exe+3bcf|C:\\windows\\system32\\rundll32.exe+62d9|C:\\windows\\System32\\KERNEL32.DLL+17c24|C:\\windows\\SYSTEM32\\ntdll.dll+6cea1"}
{"GrantedAccess":"0x1fffff","@timestamp":"2020-10-22T01:31:10.934Z","TimeCreated":"2020-10-22T01:31:10.934Z","SourceThreadId":"5688","SourceImage":"C:\\windows\\system32\\csrss.exe","ProviderGuid":"{5770385f-c22a-43e0-bf4c-06f5698ffbd9}","CallTrace":"C:\\windows\\SYSTEM32\\ntdll.dll+9c584|C:\\windows\\system32\\basesrv.DLL+2fba|C:\\windows\\SYSTEM32\\CSRSRV.dll+5af4|C:\\windows\\SYSTEM32\\ntdll.dll+6ceaf","UtcTime":"2020-10-22 05:31:10.926","TargetProcessGUID":"{39e4a257-191e-5f91-6112-000000000700}","SourceProcessId":"5672","Level":"4","Channel":"Microsoft-Windows-Sysmon/Operational","Task":"10","RuleName":"-","SourceName":"Microsoft-Windows-Sysmon","Hostname":"WORKSTATION5","SourceProcessGUID":"{39e4a257-f1a8-5f8b-8d00-000000000700}","TargetProcessId":"7256","EventID":10,"Keywords":"0x8000000000000000","TargetImage":"C:\\windows\\SysWOW64\\rundll32.exe","Message":"Process accessed:\r\nRuleName: -\r\nUtcTime: 2020-10-22 05:31:10.926\r\nSourceProcessGUID: {39e4a257-f1a8-5f8b-8d00-000000000700}\r\nSourceProcessId: 5672\r\nSourceThreadId: 5688\r\nSourceImage: C:\\windows\\system32\\csrss.exe\r\nTargetProcessGUID: {39e4a257-191e-5f91-6112-000000000700}\r\nTargetProcessId: 7256\r\nTargetImage: C:\\windows\\SysWOW64\\rundll32.exe\r\nGrantedAccess: 0x1FFFFF\r\nCallTrace: C:\\windows\\SYSTEM32\\ntdll.dll+9c584|C:\\windows\\system32\\basesrv.DLL+2fba|C:\\windows\\SYSTEM32\\CSRSRV.dll+5af4|C:\\windows\\SYSTEM32\\ntdll.dll+6ceaf"}
{"@timestamp":"2020-10-22T01:31:10.935Z","TimeCreated":"2020-10-22T01:31:10.935Z","Hashes":"SHA1=A4A7343F1879C37FB6F22BCA23F633A36BFEDFAB,MD5=1A0BB6B1BDAE905B7282930A94B4FEB2,SHA256=0B3BEAA1E49CEE79A9C9F518979A5481139390D297FA5ACD5427A4CDB60D6D00,IMPHASH=21667D44701C8F5F61867EF5B495ACBD","Signature":"Microsoft Windows","ProviderGuid":"{5770385f-c22a-43e0-bf4c-06f5698ffbd9}","Company":"Microsoft Corporation","UtcTime":"2020-10-22 05:31:10.926","ProcessGuid":"{39e4a257-191e-5f91-6012-000000000700}","Image":"C:\\Windows\\System32\\rundll32.exe","ImageLoaded":"C:\\Windows\\System32\\apphelp.dll","Level":"4","Channel":"Microsoft-Windows-Sysmon/Operational","Task":"7","RuleName":"-","FileVersion":"10.0.18362.1139 (WinBuild.160101.0800)","SourceName":"Microsoft-Windows-Sysmon","Hostname":"WORKSTATION5","ProcessId":"8140","Description":"Application Compatibility Client Library","SignatureStatus":"Valid","Product":"Microsoft Windows Operating System","EventID":7,"Keywords":"0x8000000000000000","Signed":"true","OriginalFileName":"Apphelp","Message":"Image loaded:\r\nRuleName: -\r\nUtcTime: 2020-10-22 05:31:10.926\r\nProcessGuid: {39e4a257-191e-5f91-6012-000000000700}\r\nProcessId: 8140\r\nImage: C:\\Windows\\System32\\rundll32.exe\r\nImageLoaded: C:\\Windows\\System32\\apphelp.dll\r\nFileVersion: 10.0.18362.1139 (WinBuild.160101.0800)\r\nDescription: Application Compatibility Client Library\r\nProduct: Microsoft Windows Operating System\r\nCompany: Microsoft Corporation\r\nOriginalFileName: Apphelp\r\nHashes: SHA1=A4A7343F1879C37FB6F22BCA23F633A36BFEDFAB,MD5=1A0BB6B1BDAE905B7282930A94B4FEB2,SHA256=0B3BEAA1E49CEE79A9C9F518979A5481139390D297FA5ACD5427A4CDB60D6D00,IMPHASH=21667D44701C8F5F61867EF5B495ACBD\r\nSigned: true\r\nSignature: Microsoft Windows\r\nSignatureStatus: Valid"}
{"@timestamp":"2020-10-22T01:31:10.939Z","TimeCreated":"2020-10-22T01:31:10.939Z","Hashes":"SHA1=2006BDF15EAED226CE4FDB5337F7C121C311A0AE,MD5=3051E3AB25FBF0401FCA1A4CF63B2507,SHA256=B9FE6B85C174DB6BCAF0DA9961B9247FC79F0757DB3401AA3184E80BE339CB75,IMPHASH=00000000000000000000000000000000","Signature":"Microsoft Windows","ProviderGuid":"{5770385f-c22a-43e0-bf4c-06f5698ffbd9}","Company":"Microsoft Corporation","UtcTime":"2020-10-22 05:31:10.926","ProcessGuid":"{39e4a257-191e-5f91-6112-000000000700}","Image":"C:\\Windows\\SysWOW64\\rundll32.exe","ImageLoaded":"C:\\Windows\\System32\\ntdll.dll","Level":"4","Channel":"Microsoft-Windows-Sysmon/Operational","Task":"7","RuleName":"-","FileVersion":"10.0.18362.1139 (WinBuild.160101.0800)","SourceName":"Microsoft-Windows-Sysmon","Hostname":"WORKSTATION5","ProcessId":"7256","Description":"NT Layer DLL","SignatureStatus":"Valid","Product":"Microsoft Windows Operating System","EventID":7,"Keywords":"0x8000000000000000","Signed":"true","OriginalFileName":"ntdll.dll","Message":"Image loaded:\r\nRuleName: -\r\nUtcTime: 2020-10-22 05:31:10.926\r\nProcessGuid: {39e4a257-191e-5f91-6112-000000000700}\r\nProcessId: 7256\r\nImage: C:\\Windows\\SysWOW64\\rundll32.exe\r\nImageLoaded: C:\\Windows\\System32\\ntdll.dll\r\nFileVersion: 10.0.18362.1139 (WinBuild.160101.0800)\r\nDescription: NT Layer DLL\r\nProduct: Microsoft Windows Operating System\r\nCompany: Microsoft Corporation\r\nOriginalFileName: ntdll.dll\r\nHashes: SHA1=2006BDF15EAED226CE4FDB5337F7C121C311A0AE,MD5=3051E3AB25FBF0401FCA1A4CF63B2507,SHA256=B9FE6B85C174DB6BCAF0DA9961B9247FC79F0757DB3401AA3184E80BE339CB75,IMPHASH=00000000000000000000000000000000\r\nSigned: true\r\nSignature: Microsoft Windows\r\nSignatureStatus: Valid"}
{"@timestamp":"2020-10-22T01:31:10.940Z","TimeCreated":"2020-10-22T01:31:10.940Z","Hashes":"SHA1=98E88C593657E478BCB8568F96F9C557F4018CE9,MD5=43B7243F76936E1C287351B58FD96F5B,SHA256=9E6DE57CDA64D23D1E38B0321C00F9A50E7566AE624F2032854BB9A1FA253A7D,IMPHASH=00000000000000000000000000000000","Signature":"Microsoft Windows","ProviderGuid":"{5770385f-c22a-43e0-bf4c-06f5698ffbd9}","Company":"Microsoft Corporation","UtcTime":"2020-10-22 05:31:10.926","ProcessGuid":"{39e4a257-191e-5f91-6112-000000000700}","Image":"C:\\Windows\\SysWOW64\\rundll32.exe","ImageLoaded":"C:\\Windows\\SysWOW64\\ntdll.dll","Level":"4","Channel":"Microsoft-Windows-Sysmon/Operational","Task":"7","RuleName":"-","FileVersion":"10.0.18362.1139 (WinBuild.160101.0800)","SourceName":"Microsoft-Windows-Sysmon","Hostname":"WORKSTATION5","ProcessId":"7256","Description":"NT Layer DLL","SignatureStatus":"Valid","Product":"Microsoft Windows Operating System","EventID":7,"Keywords":"0x8000000000000000","Signed":"true","OriginalFileName":"ntdll.dll","Message":"Image loaded:\r\nRuleName: -\r\nUtcTime: 2020-10-22 05:31:10.926\r\nProcessGuid: {39e4a257-191e-5f91-6112-000000000700}\r\nProcessId: 7256\r\nImage: C:\\Windows\\SysWOW64\\rundll32.exe\r\nImageLoaded: C:\\Windows\\SysWOW64\\ntdll.dll\r\nFileVersion: 10.0.18362.1139 (WinBuild.160101.0800)\r\nDescription: NT Layer DLL\r\nProduct: Microsoft Windows Operating System\r\nCompany: Microsoft Corporation\r\nOriginalFileName: ntdll.dll\r\nHashes: SHA1=98E88C593657E478BCB8568F96F9C557F4018CE9,MD5=43B7243F76936E1C287351B58FD96F5B,SHA256=9E6DE57CDA64D23D1E38B0321C00F9A50E7566AE624F2032854BB9A1FA253A7D,IMPHASH=00000000000000000000000000000000\r\nSigned: true\r\nSignature: Microsoft Windows\r\nSignatureStatus: Valid"}
{"@timestamp":"2020-10-22T01:31:10.940Z","TimeCreated":"2020-10-22T01:31:10.940Z","ProviderGuid":"{5770385f-c22a-43e0-bf4c-06f5698ffbd9}","UtcTime":"2020-10-22 05:31:10.926","ProcessGuid":"{39e4a257-191e-5f91-5f12-000000000700}","Image":"C:\\windows\\system32\\control.exe","Level":"4","Channel":"Microsoft-Windows-Sysmon/Operational","Task":"13","RuleName":"-","SourceName":"Microsoft-Windows-Sysmon","Hostname":"WORKSTATION5","Details":"Binary Data","ProcessId":"3632","EventType":"SetValue","EventID":13,"Keywords":"0x8000000000000000","TargetObject":"HKLM\\SOFTWARE\\Microsoft\\Windows NT\\CurrentVersion\\Notifications\\Data\\418A073AA3BC3475","Message":"Registry value set:\r\nRuleName: -\r\nEventType: SetValue\r\nUtcTime: 2020-10-22 05:31:10.926\r\nProcessGuid: {39e4a257-191e-5f91-5f12-000000000700}\r\nProcessId: 3632\r\nImage: C:\\windows\\system32\\control.exe\r\nTargetObject: HKLM\\SOFTWARE\\Microsoft\\Windows NT\\CurrentVersion\\Notifications\\Data\\418A073AA3BC3475\r\nDetails: Binary Data"}
{"@timestamp":"2020-10-22T01:31:10.941Z","TimeCreated":"2020-10-22T01:31:10.941Z","Hashes":"SHA1=CA735FE238827F24C7F604D59BD32C36F7DF2EDE,MD5=F18CA8316D570CC15F6E5581EF2C601F,SHA256=5139A9B0C3E3DFADC6A96DB179E9122BFA3A364C3B66FA2402CE3418407CB4B8,IMPHASH=71E1D49665AD621146BDD4E2C46D1FCB","Signature":"Microsoft Windows","ProviderGuid":"{5770385f-c22a-43e0-bf4c-06f5698ffbd9}","Company":"Microsoft Corporation","UtcTime":"2020-10-22 05:31:10.926","ProcessGuid":"{39e4a257-191e-5f91-6112-000000000700}","Image":"C:\\Windows\\SysWOW64\\rundll32.exe","ImageLoaded":"C:\\Windows\\System32\\wow64.dll","Level":"4","Channel":"Microsoft-Windows-Sysmon/Operational","Task":"7","RuleName":"-","FileVersion":"10.0.18362.657 (WinBuild.160101.0800)","SourceName":"Microsoft-Windows-Sysmon","Hostname":"WORKSTATION5","ProcessId":"7256","Description":"Win32 Emulation on NT64","SignatureStatus":"Valid","Product":"Microsoft Windows Operating System","EventID":7,"Keywords":"0x8000000000000000","Signed":"true","OriginalFileName":"wow64.dll","Message":"Image loaded:\r\nRuleName: -\r\nUtcTime: 2020-10-22 05:31:10.926\r\nProcessGuid: {39e4a257-191e-5f91-6112-000000000700}\r\nProcessId: 7256\r\nImage: C:\\Windows\\SysWOW64\\rundll32.exe\r\nImageLoaded: C:\\Windows\\System32\\wow64.dll\r\nFileVersion: 10.0.18362.657 (WinBuild.160101.0800)\r\nDescription: Win32 Emulation on NT64\r\nProduct: Microsoft Windows Operating System\r\nCompany: Microsoft Corporation\r\nOriginalFileName: wow64.dll\r\nHashes: SHA1=CA735FE238827F24C7F604D59BD32C36F7DF2EDE,MD5=F18CA8316D570CC15F6E5581EF2C601F,SHA256=5139A9B0C3E3DFADC6A96DB179E9122BFA3A364C3B66FA2402CE3418407CB4B8,IMPHASH=71E1D49665AD621146BDD4E2C46D1FCB\r\nSigned: true\r\nSignature: Microsoft Windows\r\nSignatureStatus: Valid"}
{"@timestamp":"2020-10-22T01:31:10.941Z","TimeCreated":"2020-10-22T01:31:10.941Z","Hashes":"SHA1=E9FCEC66ACDC7F5FE68B079C500A988D9ACE145A,MD5=46C676333C6926E33AA3185E58216776,SHA256=F300E36CFC3232001245394A92A018B1CA5527AAE1166FBA2E3008A156CE333E,IMPHASH=383ECAE3EF358CE381FF4B9F44A36719","Signature":"Microsoft Windows","ProviderGuid":"{5770385f-c22a-43e0-bf4c-06f5698ffbd9}","Company":"Microsoft Corporation","UtcTime":"2020-10-22 05:31:10.926","ProcessGuid":"{39e4a257-191e-5f91-6112-000000000700}","Image":"C:\\Windows\\SysWOW64\\rundll32.exe","ImageLoaded":"C:\\Windows\\System32\\wow64win.dll","Level":"4","Channel":"Microsoft-Windows-Sysmon/Operational","Task":"7","RuleName":"-","FileVersion":"10.0.18362.1082 (WinBuild.160101.0800)","SourceName":"Microsoft-Windows-Sysmon","Hostname":"WORKSTATION5","ProcessId":"7256","Description":"Wow64 Console and Win32 API Logging","SignatureStatus":"Valid","Product":"Microsoft Windows Operating System","EventID":7,"Keywords":"0x8000000000000000","Signed":"true","OriginalFileName":"wow64lg2.dll","Message":"Image loaded:\r\nRuleName: -\r\nUtcTime: 2020-10-22 05:31:10.926\r\nProcessGuid: {39e4a257-191e-5f91-6112-000000000700}\r\nProcessId: 7256\r\nImage: C:\\Windows\\SysWOW64\\rundll32.exe\r\nImageLoaded: C:\\Windows\\System32\\wow64win.dll\r\nFileVersion: 10.0.18362.1082 (WinBuild.160101.0800)\r\nDescription: Wow64 Console and Win32 API Logging\r\nProduct: Microsoft Windows Operating System\r\nCompany: Microsoft Corporation\r\nOriginalFileName: wow64lg2.dll\r\nHashes: SHA1=E9FCEC66ACDC7F5FE68B079C500A988D9ACE145A,MD5=46C676333C6926E33AA3185E58216776,SHA256=F300E36CFC3232001245394A92A018B1CA5527AAE1166FBA2E3008A156CE333E,IMPHASH=383ECAE3EF358CE381FF4B9F44A36719\r\nSigned: true\r\nSignature: Microsoft Windows\r\nSignatureStatus: Valid"}
{"@timestamp":"2020-10-22T01:31:10.942Z","TimeCreated":"2020-10-22T01:31:10.942Z","Hashes":"SHA1=7E891C2C24024884FDCFC03CDB0500D83BC5FBA1,MD5=7FF42BFF8BA32EBC873D7AF6887F04E9,SHA256=5806269D37B91211B259A964CA3D76E181CF47F3B879486369150D46D97CE167,IMPHASH=C22B977BE4BF67B1A723DD49BCC47668","Signature":"Microsoft Windows","ProviderGuid":"{5770385f-c22a-43e0-bf4c-06f5698ffbd9}","Company":"Microsoft Corporation","UtcTime":"2020-10-22 05:31:10.926","ProcessGuid":"{39e4a257-191e-5f91-6112-000000000700}","Image":"C:\\Windows\\SysWOW64\\rundll32.exe","ImageLoaded":"C:\\Windows\\System32\\wow64cpu.dll","Level":"4","Channel":"Microsoft-Windows-Sysmon/Operational","Task":"7","RuleName":"-","FileVersion":"10.0.18362.657 (WinBuild.160101.0800)","SourceName":"Microsoft-Windows-Sysmon","Hostname":"WORKSTATION5","ProcessId":"7256","Description":"AMD64 Wow64 CPU ","SignatureStatus":"Valid","Product":"Microsoft Windows Operating System","EventID":7,"Keywords":"0x8000000000000000","Signed":"true","OriginalFileName":"wow64cpu.dll","Message":"Image loaded:\r\nRuleName: -\r\nUtcTime: 2020-10-22 05:31:10.926\r\nProcessGuid: {39e4a257-191e-5f91-6112-000000000700}\r\nProcessId: 7256\r\nImage: C:\\Windows\\SysWOW64\\rundll32.exe\r\nImageLoaded: C:\\Windows\\System32\\wow64cpu.dll\r\nFileVersion: 10.0.18362.657 (WinBuild.160101.0800)\r\nDescription: AMD64 Wow64 CPU \r\nProduct: Microsoft Windows Operating System\r\nCompany: Microsoft Corporation\r\nOriginalFileName: wow64cpu.dll\r\nHashes: SHA1=7E891C2C24024884FDCFC03CDB0500D83BC5FBA1,MD5=7FF42BFF8BA32EBC873D7AF6887F04E9,SHA256=5806269D37B91211B259A964CA3D76E181CF47F3B879486369150D46D97CE167,IMPHASH=C22B977BE4BF67B1A723DD49BCC47668\r\nSigned: true\r\nSignature: Microsoft Windows\r\nSignatureStatus: Valid"}
{"@timestamp":"2020-10-22T01:31:10.949Z","TimeCreated":"2020-10-22T01:31:10.949Z","Hashes":"SHA1=A084DFB7EED03F59E32E88C3BBA9E72457BEDA2F,MD5=3CE2D28864CF9D3769DF3D342F78D1A3,SHA256=BDBA4004453A7B69C5B9D38F1C94576C77CA8461FE007179028E98AC49D5A5DC,IMPHASH=356C0207D96223AD95A407CDEDE746B6","Signature":"Microsoft Windows","ProviderGuid":"{5770385f-c22a-43e0-bf4c-06f5698ffbd9}","Company":"Microsoft Corporation","UtcTime":"2020-10-22 05:31:10.941","ProcessGuid":"{39e4a257-191e-5f91-6112-000000000700}","Image":"C:\\Windows\\SysWOW64\\rundll32.exe","ImageLoaded":"C:\\Windows\\SysWOW64\\kernel32.dll","Level":"4","Channel":"Microsoft-Windows-Sysmon/Operational","Task":"7","RuleName":"-","FileVersion":"10.0.18362.1110 (WinBuild.160101.0800)","SourceName":"Microsoft-Windows-Sysmon","Hostname":"WORKSTATION5","ProcessId":"7256","Description":"Windows NT BASE API Client DLL","SignatureStatus":"Valid","Product":"Microsoft Windows Operating System","EventID":7,"Keywords":"0x8000000000000000","Signed":"true","OriginalFileName":"kernel32","Message":"Image loaded:\r\nRuleName: -\r\nUtcTime: 2020-10-22 05:31:10.941\r\nProcessGuid: {39e4a257-191e-5f91-6112-000000000700}\r\nProcessId: 7256\r\nImage: C:\\Windows\\SysWOW64\\rundll32.exe\r\nImageLoaded: C:\\Windows\\SysWOW64\\kernel32.dll\r\nFileVersion: 10.0.18362.1110 (WinBuild.160101.0800)\r\nDescription: Windows NT BASE API Client DLL\r\nProduct: Microsoft Windows Operating System\r\nCompany: Microsoft Corporation\r\nOriginalFileName: kernel32\r\nHashes: SHA1=A084DFB7EED03F59E32E88C3BBA9E72457BEDA2F,MD5=3CE2D28864CF9D3769DF3D342F78D1A3,SHA256=BDBA4004453A7B69C5B9D38F1C94576C77CA8461FE007179028E98AC49D5A5DC,IMPHASH=356C0207D96223AD95A407CDEDE746B6\r\nSigned: true\r\nSignature: Microsoft Windows\r\nSignatureStatus: Valid"}
{"@timestamp":"2020-10-22T01:31:10.953Z","TimeCreated":"2020-10-22T01:31:10.953Z","Hashes":"SHA1=F72D978F4D1CA1C435B1164E7617464CC06A9381,MD5=D0432468FA4B7F66166C430E1334DBDA,SHA256=7D99C80A1249A1EC9AF0F3047C855778B06EA57E11943A271071985AFE09E6C2,IMPHASH=BB17B2FBBFF4BBF5EBDCA7D0BB9E4A5B","Signature":"Microsoft Windows","ProviderGuid":"{5770385f-c22a-43e0-bf4c-06f5698ffbd9}","Company":"Microsoft Corporation","UtcTime":"2020-10-22 05:31:10.926","ProcessGuid":"{39e4a257-191e-5f91-6112-000000000700}","Image":"C:\\Windows\\SysWOW64\\rundll32.exe","ImageLoaded":"C:\\Windows\\SysWOW64\\rundll32.exe","Level":"4","Channel":"Microsoft-Windows-Sysmon/Operational","Task":"7","RuleName":"-","FileVersion":"10.0.18362.1 (WinBuild.160101.0800)","SourceName":"Microsoft-Windows-Sysmon","Hostname":"WORKSTATION5","ProcessId":"7256","Description":"Windows host process (Rundll32)","SignatureStatus":"Valid","Product":"Microsoft Windows Operating System","EventID":7,"Keywords":"0x8000000000000000","Signed":"true","OriginalFileName":"RUNDLL32.EXE","Message":"Image loaded:\r\nRuleName: -\r\nUtcTime: 2020-10-22 05:31:10.926\r\nProcessGuid: {39e4a257-191e-5f91-6112-000000000700}\r\nProcessId: 7256\r\nImage: C:\\Windows\\SysWOW64\\rundll32.exe\r\nImageLoaded: C:\\Windows\\SysWOW64\\rundll32.exe\r\nFileVersion: 10.0.18362.1 (WinBuild.160101.0800)\r\nDescription: Windows host process (Rundll32)\r\nProduct: Microsoft Windows Operating System\r\nCompany: Microsoft Corporation\r\nOriginalFileName: RUNDLL32.EXE\r\nHashes: SHA1=F72D978F4D1CA1C435B1164E7617464CC06A9381,MD5=D0432468FA4B7F66166C430E1334DBDA,SHA256=7D99C80A1249A1EC9AF0F3047C855778B06EA57E11943A271071985AFE09E6C2,IMPHASH=BB17B2FBBFF4BBF5EBDCA7D0BB9E4A5B\r\nSigned: true\r\nSignature: Microsoft Windows\r\nSignatureStatus: Valid"}
{"@timestamp":"2020-10-22T01:31:10.953Z","TimeCreated":"2020-10-22T01:31:10.953Z","Hashes":"SHA1=F601A0D6E4BE871AB860B25C8EBFD141990E057A,MD5=2EFA63EA8830099282D34AC005BDB6BD,SHA256=D8AF83FF251E447B3DFFA0894C27141D3468419FBB156B04BB000627769865C0,IMPHASH=A52EDC607F3428282626E24AA930AF21","Signature":"Microsoft Windows","ProviderGuid":"{5770385f-c22a-43e0-bf4c-06f5698ffbd9}","Company":"Microsoft Corporation","UtcTime":"2020-10-22 05:31:10.941","ProcessGuid":"{39e4a257-191e-5f91-6112-000000000700}","Image":"C:\\Windows\\SysWOW64\\rundll32.exe","ImageLoaded":"C:\\Windows\\SysWOW64\\KernelBase.dll","Level":"4","Channel":"Microsoft-Windows-Sysmon/Operational","Task":"7","RuleName":"-","FileVersion":"10.0.18362.1139 (WinBuild.160101.0800)","SourceName":"Microsoft-Windows-Sysmon","Hostname":"WORKSTATION5","ProcessId":"7256","Description":"Windows NT BASE API Client DLL","SignatureStatus":"Valid","Product":"Microsoft Windows Operating System","EventID":7,"Keywords":"0x8000000000000000","Signed":"true","OriginalFileName":"Kernelbase.dll","Message":"Image loaded:\r\nRuleName: -\r\nUtcTime: 2020-10-22 05:31:10.941\r\nProcessGuid: {39e4a257-191e-5f91-6112-000000000700}\r\nProcessId: 7256\r\nImage: C:\\Windows\\SysWOW64\\rundll32.exe\r\nImageLoaded: C:\\Windows\\SysWOW64\\KernelBase.dll\r\nFileVersion: 10.0.18362.1139 (WinBuild.160101.0800)\r\nDescription: Windows NT BASE API Client DLL\r\nProduct: Microsoft Windows Operating System\r\nCompany: Microsoft Corporation\r\nOriginalFileName: Kernelbase.dll\r\nHashes: SHA1=F601A0D6E4BE871AB860B25C8EBFD141990E057A,MD5=2EFA63EA8830099282D34AC005BDB6BD,SHA256=D8AF83FF251E447B3DFFA0894C27141D3468419FBB156B04BB000627769865C0,IMPHASH=A52EDC607F3428282626E24AA930AF21\r\nSigned: true\r\nSignature: Microsoft Windows\r\nSignatureStatus: Valid"}
{"@timestamp":"2020-10-22T01:31:10.953Z","TimeCreated":"2020-10-22T01:31:10.953Z","Hashes":"SHA1=BC5E7B8A435DF051669453936416F28F17EABF14,MD5=383CD4394313B8FC3E7A4626062B8600,SHA256=B85B9026CA89CF207C56119F711E5E05198BC4F368F81FF5950BCD5D2F5E32F0,IMPHASH=4D7E5FF2F18825AF65148F2CBC263967","Signature":"Microsoft Windows","ProviderGuid":"{5770385f-c22a-43e0-bf4c-06f5698ffbd9}","Company":"Microsoft Corporation","UtcTime":"2020-10-22 05:31:10.941","ProcessGuid":"{39e4a257-191e-5f91-6112-000000000700}","Image":"C:\\Windows\\SysWOW64\\rundll32.exe","ImageLoaded":"C:\\Windows\\SysWOW64\\apphelp.dll","Level":"4","Channel":"Microsoft-Windows-Sysmon/Operational","Task":"7","RuleName":"-","FileVersion":"10.0.18362.1139 (WinBuild.160101.0800)","SourceName":"Microsoft-Windows-Sysmon","Hostname":"WORKSTATION5","ProcessId":"7256","Description":"Application Compatibility Client Library","SignatureStatus":"Valid","Product":"Microsoft Windows Operating System","EventID":7,"Keywords":"0x8000000000000000","Signed":"true","OriginalFileName":"Apphelp","Message":"Image loaded:\r\nRuleName: -\r\nUtcTime: 2020-10-22 05:31:10.941\r\nProcessGuid: {39e4a257-191e-5f91-6112-000000000700}\r\nProcessId: 7256\r\nImage: C:\\Windows\\SysWOW64\\rundll32.exe\r\nImageLoaded: C:\\Windows\\SysWOW64\\apphelp.dll\r\nFileVersion: 10.0.18362.1139 (WinBuild.160101.0800)\r\nDescription: Application Compatibility Client Library\r\nProduct: Microsoft Windows Operating System\r\nCompany: Microsoft Corporation\r\nOriginalFileName: Apphelp\r\nHashes: SHA1=BC5E7B8A435DF051669453936416F28F17EABF14,MD5=383CD4394313B8FC3E7A4626062B8600,SHA256=B85B9026CA89CF207C56119F711E5E05198BC4F368F81FF5950BCD5D2F5E32F0,IMPHASH=4D7E5FF2F18825AF65148F2CBC263967\r\nSigned: true\r\nSignature: Microsoft Windows\r\nSignatureStatus: Valid"}
