{"GrantedAccess":"0x1000","@timestamp":"2020-10-22T01:31:13.043Z","TimeCreated":"2020-10-22T01:31:13.043Z","SourceThreadId":"3572","SourceImage":"C:\\windows\\system32\\svchost.exe","ProviderGuid":"{5770385f-c22a-43e0-bf4c-06f5698ffbd9}","CallTrace":"C:\\windows\\SYSTEM32\\ntdll.dll+9d154|C:\\windows\\System32\\RPCRT4.dll+2d354|C:\\windows\\System32\\combase.dll+b855b|c:\\windows\\system32\\windows.staterepository.dll+22029|C:\\windows\\System32\\RPCRT4.dll+76a63|C:\\windows\\System32\\RPCRT4.dll+da036|C:\\windows\\System32\\RPCRT4.dll+383b9|C:\\windows\\System32\\combase.dll+a5d13|C:\\windows\\System32\\RPCRT4.dll+59bab|C:\\windows\\System32\\combase.dll+8d0e3|C:\\windows\\System32\\combase.dll+8ced3|C:\\windows\\System32\\combase.dll+a9556|C:\\windows\\System32\\combase.dll+8a4fa|C:\\windows\\System32\\combase.dll+a47ed|C:\\windows\\System32\\combase.dll+401ac|C:\\windows\\System32\\combase.dll+40a11|C:\\windows\\System32\\combase.dll+421b8|C:\\windows\\System32\\RPCRT4.dll+549f8|C:\\windows\\System32\\RPCRT4.dll+2c9b1|C:\\windows\\System32\\RPCRT4.dll+2c500|C:\\windows\\System32\\RPCRT4.dll+1a71f|C:\\windows\\System32\\RPCRT4.dll+19d7a|C:\\windows\\System32\\RPCRT4.dll+19361|C:\\windows\\System32\\RPCRT4.dll+18dce","UtcTime":"2020-10-22 05:31:13.019","TargetProcessGUID":"{39e4a257-f1b3-5f8b-a700-000000000700}","SourceProcessId":"2072","Level":"4","Channel":"Microsoft-Windows-Sysmon/Operational","Task":"10","RuleName":"-","SourceName":"Microsoft-Windows-Sysmon","Hostname":"WORKSTATION5","SourceProcessGUID":"{39e4a257-f1ad-5f8b-9500-000000000700}","TargetProcessId":"1072","EventID":10,"Keywords":"0x8000000000000000","TargetImage":"C:\\windows\\Explorer.EXE","Message":"Process accessed:\r\nRuleName: -\r\nUtcTime: 2020-10-22 05:31:13.019\r\nSourceProcessGUID: {39e4a257-f1ad-5f8b-9500-000000000700}\r\nSourceProcessId: 2072\r\nSourceThreadId: 3572\r\nSourceImage: C:\\windows\\system32\\svchost.exe\r\nTargetProcessGUID: {39e4a257-f1b3-5f8b-a700-000000000700}\r\nTargetProcessId: 1072\r\nTargetImage: C:\\windows\\Explorer.EXE\r\nGrantedAccess: 0x1000\r\nCallTrace: C:\\windows\\SYSTEM32\\ntdll.dll+9d154|C:\\windows\\System32\\RPCRT4.dll+2d354|C:\\windows\\System32\\combase.dll+b855b|c:\\windows\\system32\\windows.staterepository.dll+22029|C:\\windows\\System32\\RPCRT4.dll+76a63|C:\\windows\\System32\\RPCRT4.dll+da036|C:\\windows\\System32\\RPCRT4.dll+383b9|C:\\windows\\System32\\combase.dll+a5d13|C:\\windows\\System32\\RPCRT4.dll+59bab|C:\\windows\\System32\\combase.dll+8d0e3|C:\\windows\\System32\\combase.dll+8ced3|C:\\windows\\System32\\combase.dll+a9556|C:\\windows\\System32\\combase.dll+8a4fa|C:\\windows\\System32\\combase.dll+a47ed|C:\\windows\\System32\\combase.dll+401ac|C:\\windows\\System32\\combase.dll+40a11|C:\\windows\\System32\\combase.dll+421b8|C:\\windows\\System32\\RPCRT4.dll+549f8|C:\\windows\\System32\\RPCRT4.dll+2c9b1|C:\\windows\\System32\\RPCRT4.dll+2c500|C:\\windows\\System32\\RPCRT4.dll+1a71f|C:\\windows\\System32\\RPCRT4.dll+19d7a|C:\\windows\\System32\\RPCRT4.dll+19361|C:\\windows\\System32\\RPCRT4.dll+18dce"}
{"GrantedAccess":"0x1000","@timestamp":"2020-10-22T01:31:13.043Z","TimeCreated":"2020-10-22T01:31:13.043Z","SourceThreadId":"10456","SourceImage":"C:\\windows\\system32\\svchost.exe","ProviderGuid":"{5770385f-c22a-43e0-bf4c-06f5698ffbd9}","CallTrace":"C:\\windows\\SYSTEM32\\ntdll.dll+9d154|C:\\windows\\System32\\RPCRT4.dll+2d354|C:\\windows\\System32\\combase.dll+b855b|c:\\windows\\system32\\windows.staterepository.dll+223f5|c:\\windows\\system32\\windows.staterepository.dll+1460a|C:\\windows\\System32\\RPCRT4.dll+76a63|C:\\windows\\System32\\RPCRT4.dll+da036|C:\\windows\\System32\\RPCRT4.dll+383b9|C:\\windows\\System32\\combase.dll+a5d13|C:\\windows\\System32\\RPCRT4.dll+59bab|C:\\windows\\System32\\combase.dll+8d0e3|C:\\windows\\System32\\combase.dll+8ced3|C:\\windows\\System32\\combase.dll+a9556|C:\\windows\\System32\\combase.dll+8a4fa|C:\\windows\\System32\\combase.dll+a47ed|C:\\windows\\System32\\combase.dll+401ac|C:\\windows\\System32\\combase.dll+40a11|C:\\windows\\System32\\combase.dll+421b8|C:\\windows\\System32\\RPCRT4.dll+549f8|C:\\windows\\System32\\RPCRT4.dll+2c9b1|C:\\windows\\System32\\RPCRT4.dll+2c500|C:\\windows\\System32\\RPCRT4.dll+1a71f|C:\\windows\\System32\\RPCRT4.dll+19d7a|C:\\windows\\System32\\RPCRT4.dll+19361","UtcTime":"2020-10-22 05:31:13.019","TargetProcessGUID":"{39e4a257-f1b3-5f8b-a700-000000000700}","SourceProcessId":"2072","Level":"4","Channel":"Microsoft-Windows-Sysmon/Operational","Task":"10","RuleName":"-","SourceName":"Microsoft-Windows-Sysmon","Hostname":"WORKSTATION5","SourceProcessGUID":"{39e4a257-f1ad-5f8b-9500-000000000700}","TargetProcessId":"1072","EventID":10,"Keywords":"0x8000000000000000","TargetImage":"C:\\windows\\Explorer.EXE","Message":"Process accessed:\r\nRuleName: -\r\nUtcTime: 2020-10-22 05:31:13.019\r\nSourceProcessGUID: {39e4a257-f1ad-5f8b-9500-000000000700}\r\nSourceProcessId: 2072\r\nSourceThreadId: 10456\r\nSourceImage: C:\\windows\\system32\\svchost.exe\r\nTargetProcessGUID: {39e4a257-f1b3-5f8b-a700-000000000700}\r\nTargetProcessId: 1072\r\nTargetImage: C:\\windows\\Explorer.EXE\r\nGrantedAccess: 0x1000\r\nCallTrace: C:\\windows\\SYSTEM32\\ntdll.dll+9d154|C:\\windows\\System32\\RPCRT4.dll+2d354|C:\\windows\\System32\\combase.dll+b855b|c:\\windows\\system32\\windows.staterepository.dll+223f5|c:\\windows\\system32\\windows.staterepository.dll+1460a|C:\\windows\\System32\\RPCRT4.dll+76a63|C:\\windows\\System32\\RPCRT4.dll+da036|C:\\windows\\System32\\RPCRT4.dll+383b9|C:\\windows\\System32\\combase.dll+a5d13|C:\\windows\\System32\\RPCRT4.dll+59bab|C:\\windows\\System32\\combase.dll+8d0e3|C:\\windows\\System32\\combase.dll+8ced3|C:\\windows\\System32\\combase.dll+a9556|C:\\windows\\System32\\combase.dll+8a4fa|C:\\windows\\System32\\combase.dll+a47ed|C:\\windows\\System32\\combase.dll+401ac|C:\\windows\\System32\\combase.dll+40a11|C:\\windows\\System32\\combase.dll+421b8|C:\\windows\\System32\\RPCRT4.dll+549f8|C:\\windows\\System32\\RPCRT4.dll+2c9b1|C:\\windows\\System32\\RPCRT4.dll+2c500|C:\\windows\\System32\\RPCRT4.dll+1a71f|C:\\windows\\System32\\RPCRT4.dll+19d7a|C:\\windows\\System32\\RPCRT4.dll+19361"}
{"GrantedAccess":"0x1000","@timestamp":"2020-10-22T01:31:13.043Z","TimeCreated":"2020-10-22T01:31:13.043Z","SourceThreadId":"3572","SourceImage":"C:\\windows\\system32\\svchost.exe","ProviderGuid":"{5770385f-c22a-43e0-bf4c-06f5698ffbd9}","CallTrace":"C:\\windows\\SYSTEM32\\ntdll.dll+9d154|C:\\windows\\System32\\RPCRT4.dll+2d354|C:\\windows\\System32\\combase.dll+b855b|c:\\windows\\system32\\windows.staterepository.dll+223f5|c:\\windows\\system32\\windows.staterepository.dll+1460a|C:\\windows\\System32\\RPCRT4.dll+76a63|C:\\windows\\System32\\RPCRT4.dll+da036|C:\\windows\\System32\\RPCRT4.dll+383b9|C:\\windows\\System32\\combase.dll+a5d13|C:\\windows\\System32\\RPCRT4.dll+59bab|C:\\windows\\System32\\combase.dll+8d0e3|C:\\windows\\System32\\combase.dll+8ced3|C:\\windows\\System32\\combase.dll+a9556|C:\\windows\\System32\\combase.dll+8a4fa|C:\\windows\\System32\\combase.dll+a47ed|C:\\windows\\System32\\combase.dll+401ac|C:\\windows\\System32\\combase.dll+40a11|C:\\windows\\System32\\combase.dll+421b8|C:\\windows\\System32\\RPCRT4.dll+549f8|C:\\windows\\System32\\RPCRT4.dll+2c9b1|C:\\windows\\System32\\RPCRT4.dll+2c500|C:\\windows\\System32\\RPCRT4.dll+1a71f|C:\\windows\\System32\\RPCRT4.dll+19d7a|C:\\windows\\System32\\RPCRT4.dll+19361","UtcTime":"2020-10-22 05:31:13.019","TargetProcessGUID":"{39e4a257-f1b3-5f8b-a700-000000000700}","SourceProcessId":"2072","Level":"4","Channel":"Microsoft-Windows-Sysmon/Operational","Task":"10","RuleName":"-","SourceName":"Microsoft-Windows-Sysmon","Hostname":"WORKSTATION5","SourceProcessGUID":"{39e4a257-f1ad-5f8b-9500-000000000700}","TargetProcessId":"1072","EventID":10,"Keywords":"0x8000000000000000","TargetImage":"C:\\windows\\Explorer.EXE","Message":"Process accessed:\r\nRuleName: -\r\nUtcTime: 2020-10-22 05:31:13.019\r\nSourceProcessGUID: {39e4a257-f1ad-5f8b-9500-000000000700}\r\nSourceProcessId: 2072\r\nSourceThreadId: 3572\r\nSourceImage: C:\\windows\\system32\\svchost.exe\r\nTargetProcessGUID: {39e4a257-f1b3-5f8b-a700-000000000700}\r\nTargetProcessId: 1072\r\nTargetImage: C:\\windows\\Explorer.EXE\r\nGrantedAccess: 0x1000\r\nCallTrace: C:\\windows\\SYSTEM32\\ntdll.dll+9d154|C:\\windows\\System32\\RPCRT4.dll+2d354|C:\\windows\\System32\\combase.dll+b855b|c:\\windows\\system32\\windows.staterepository.dll+223f5|c:\\windows\\system32\\windows.staterepository.dll+1460a|C:\\windows\\System32\\RPCRT4.dll+76a63|C:\\windows\\System32\\RPCRT4.dll+da036|C:\\windows\\System32\\RPCRT4.dll+383b9|C:\\windows\\System32\\combase.dll+a5d13|C:\\windows\\System32\\RPCRT4.dll+59bab|C:\\windows\\System32\\combase.dll+8d0e3|C:\\windows\\System32\\combase.dll+8ced3|C:\\windows\\System32\\combase.dll+a9556|C:\\windows\\System32\\combase.dll+8a4fa|C:\\windows\\System32\\combase.dll+a47ed|C:\\windows\\System32\\combase.dll+401ac|C:\\windows\\System32\\combase.dll+40a11|C:\\windows\\System32\\combase.dll+421b8|C:\\windows\\System32\\RPCRT4.dll+549f8|C:\\windows\\System32\\RPCRT4.dll+2c9b1|C:\\windows\\System32\\RPCRT4.dll+2c500|C:\\windows\\System32\\RPCRT4.dll+1a71f|C:\\windows\\System32\\RPCRT4.dll+19d7a|C:\\windows\\System32\\RPCRT4.dll+19361"}
{"@timestamp":"2020-10-22T01:31:13.046Z","TimeCreated":"2020-10-22T01:31:13.046Z","ProviderGuid":"{5770385f-c22a-43e0-bf4c-06f5698ffbd9}","UtcTime":"2020-10-22 05:31:13.035","ProcessGuid":"{39e4a257-f121-5f8b-0100-000000000700}","Image":"System","Level":"4","Channel":"Microsoft-Windows-Sysmon/Operational","Task":"12","RuleName":"-","SourceName":"Microsoft-Windows-Sysmon","Hostname":"WORKSTATION5","ProcessId":"4","EventType":"CreateKey","EventID":12,"Keywords":"0x8000000000000000","TargetObject":"HKLM\\System\\CurrentControlSet\\Services\\bam\\State\\UserSettings\\S-1-5-21-3940915590-64593676-1414006259-500","Message":"Registry object added or deleted:\r\nRuleName: -\r\nEventType: CreateKey\r\nUtcTime: 2020-10-22 05:31:13.035\r\nProcessGuid: {39e4a257-f121-5f8b-0100-000000000700}\r\nProcessId: 4\r\nImage: System\r\nTargetObject: HKLM\\System\\CurrentControlSet\\Services\\bam\\State\\UserSettings\\S-1-5-21-3940915590-64593676-1414006259-500"}
{"@timestamp":"2020-10-22T01:31:13.046Z","TimeCreated":"2020-10-22T01:31:13.046Z","ProviderGuid":"{5770385f-c22a-43e0-bf4c-06f5698ffbd9}","UtcTime":"2020-10-22 05:31:13.035","ProcessGuid":"{39e4a257-f121-5f8b-0100-000000000700}","Image":"System","Level":"4","Channel":"Microsoft-Windows-Sysmon/Operational","Task":"13","RuleName":"-","SourceName":"Microsoft-Windows-Sysmon","Hostname":"WORKSTATION5","Details":"Binary Data","ProcessId":"4","EventType":"SetValue","EventID":13,"Keywords":"0x8000000000000000","TargetObject":"HKLM\\System\\CurrentControlSet\\Services\\bam\\State\\UserSettings\\S-1-5-21-3940915590-64593676-1414006259-500\\Microsoft.WindowsCalculator_8wekyb3d8bbwe","Message":"Registry value set:\r\nRuleName: -\r\nEventType: SetValue\r\nUtcTime: 2020-10-22 05:31:13.035\r\nProcessGuid: {39e4a257-f121-5f8b-0100-000000000700}\r\nProcessId: 4\r\nImage: System\r\nTargetObject: HKLM\\System\\CurrentControlSet\\Services\\bam\\State\\UserSettings\\S-1-5-21-3940915590-64593676-1414006259-500\\Microsoft.WindowsCalculator_8wekyb3d8bbwe\r\nDetails: Binary Data"}
{"@timestamp":"2020-10-22T01:31:13.046Z","TimeCreated":"2020-10-22T01:31:13.046Z","ProviderGuid":"{5770385f-c22a-43e0-bf4c-06f5698ffbd9}","UtcTime":"2020-10-22 05:31:13.035","ProcessGuid":"{39e4a257-f121-5f8b-0100-000000000700}","Image":"System","Level":"4","Channel":"Microsoft-Windows-Sysmon/Operational","Task":"13","RuleName":"-","SourceName":"Microsoft-Windows-Sysmon","Hostname":"WORKSTATION5","Details":"DWORD (0x000000ab)","ProcessId":"4","EventType":"SetValue","EventID":13,"Keywords":"0x8000000000000000","TargetObject":"HKLM\\System\\CurrentControlSet\\Services\\bam\\State\\UserSettings\\S-1-5-21-3940915590-64593676-1414006259-500\\SequenceNumber","Message":"Registry value set:\r\nRuleName: -\r\nEventType: SetValue\r\nUtcTime: 2020-10-22 05:31:13.035\r\nProcessGuid: {39e4a257-f121-5f8b-0100-000000000700}\r\nProcessId: 4\r\nImage: System\r\nTargetObject: HKLM\\System\\CurrentControlSet\\Services\\bam\\State\\UserSettings\\S-1-5-21-3940915590-64593676-1414006259-500\\SequenceNumber\r\nDetails: DWORD (0x000000ab)"}
{"@timestamp":"2020-10-22T01:31:13.048Z","TimeCreated":"2020-10-22T01:31:13.048Z","ProviderGuid":"{5770385f-c22a-43e0-bf4c-06f5698ffbd9}","UtcTime":"2020-10-22 05:31:13.035","ProcessGuid":"{39e4a257-f1b3-5f8b-a700-000000000700}","Image":"C:\\windows\\Explorer.EXE","Level":"4","Channel":"Microsoft-Windows-Sysmon/Operational","Task":"12","RuleName":"-","SourceName":"Microsoft-Windows-Sysmon","Hostname":"WORKSTATION5","ProcessId":"1072","EventType":"CreateKey","EventID":12,"Keywords":"0x8000000000000000","TargetObject":"HKU\\S-1-5-21-3940915590-64593676-1414006259-500_Classes\\Local Settings\\Software\\Microsoft\\Windows\\CurrentVersion\\AppModel\\SystemAppData\\Microsoft.WindowsCalculator_8wekyb3d8bbwe\\ApplicationFrame\\Microsoft.WindowsCalculator_8wekyb3d8bbwe!App\\PreferredLaunchWindowingMode","Message":"Registry object added or deleted:\r\nRuleName: -\r\nEventType: CreateKey\r\nUtcTime: 2020-10-22 05:31:13.035\r\nProcessGuid: {39e4a257-f1b3-5f8b-a700-000000000700}\r\nProcessId: 1072\r\nImage: C:\\windows\\Explorer.EXE\r\nTargetObject: HKU\\S-1-5-21-3940915590-64593676-1414006259-500_Classes\\Local Settings\\Software\\Microsoft\\Windows\\CurrentVersion\\AppModel\\SystemAppData\\Microsoft.WindowsCalculator_8wekyb3d8bbwe\\ApplicationFrame\\Microsoft.WindowsCalculator_8wekyb3d8bbwe!App\\PreferredLaunchWindowingMode"}
{"@timestamp":"2020-10-22T01:31:13.048Z","TimeCreated":"2020-10-22T01:31:13.048Z","ProviderGuid":"{5770385f-c22a-43e0-bf4c-06f5698ffbd9}","UtcTime":"2020-10-22 05:31:13.035","ProcessGuid":"{39e4a257-f1b3-5f8b-a700-000000000700}","Image":"C:\\windows\\Explorer.EXE","Level":"4","Channel":"Microsoft-Windows-Sysmon/Operational","Task":"13","RuleName":"-","SourceName":"Microsoft-Windows-Sysmon","Hostname":"WORKSTATION5","Details":"DWORD (0x00000000)","ProcessId":"1072","EventType":"SetValue","EventID":13,"Keywords":"0x8000000000000000","TargetObject":"HKU\\S-1-5-21-3940915590-64593676-1414006259-500_Classes\\Local Settings\\Software\\Microsoft\\Windows\\CurrentVersion\\AppModel\\SystemAppData\\Microsoft.WindowsCalculator_8wekyb3d8bbwe\\ApplicationFrame\\Microsoft.WindowsCalculator_8wekyb3d8bbwe!App\\PreferredLaunchWindowingMode\\(Default)","Message":"Registry value set:\r\nRuleName: -\r\nEventType: SetValue\r\nUtcTime: 2020-10-22 05:31:13.035\r\nProcessGuid: {39e4a257-f1b3-5f8b-a700-000000000700}\r\nProcessId: 1072\r\nImage: C:\\windows\\Explorer.EXE\r\nTargetObject: HKU\\S-1-5-21-3940915590-64593676-1414006259-500_Classes\\Local Settings\\Software\\Microsoft\\Windows\\CurrentVersion\\AppModel\\SystemAppData\\Microsoft.WindowsCalculator_8wekyb3d8bbwe\\ApplicationFrame\\Microsoft.WindowsCalculator_8wekyb3d8bbwe!App\\PreferredLaunchWindowingMode\\(Default)\r\nDetails: DWORD (0x00000000)"}
{"@timestamp":"2020-10-22T01:31:13.060Z","TimeCreated":"2020-10-22T01:31:13.060Z","Hashes":"SHA1=31AC10A80F5A04C4A194E0992F48B41CB4CFA47B,MD5=A4E05838B454B72EB57AA841DE698E7F,SHA256=EBE7C93F26EA138F074B092664950D8932209E5A3DF601A95E8E390B9DF2BCC3,IMPHASH=D49A6677673F759D5AE5B5AC461A265A","Signature":"-","ProviderGuid":"{5770385f-c22a-43e0-bf4c-06f5698ffbd9}","Company":"-","UtcTime":"2020-10-22 05:31:12.848","ProcessGuid":"{39e4a257-1920-5f91-6512-000000000700}","Image":"C:\\Program Files\\WindowsApps\\Microsoft.WindowsCalculator_10.2008.2.0_x64__8wekyb3d8bbwe\\Calculator.exe","ImageLoaded":"C:\\Program Files\\WindowsApps\\Microsoft.WindowsCalculator_10.2008.2.0_x64__8wekyb3d8bbwe\\GraphControl.dll","Level":"4","Channel":"Microsoft-Windows-Sysmon/Operational","Task":"7","RuleName":"-","FileVersion":"-","SourceName":"Microsoft-Windows-Sysmon","Hostname":"WORKSTATION5","ProcessId":"5440","Description":"-","SignatureStatus":"Unavailable","Product":"-","EventID":7,"Keywords":"0x8000000000000000","Signed":"false","OriginalFileName":"-","Message":"Image loaded:\r\nRuleName: -\r\nUtcTime: 2020-10-22 05:31:12.848\r\nProcessGuid: {39e4a257-1920-5f91-6512-000000000700}\r\nProcessId: 5440\r\nImage: C:\\Program Files\\WindowsApps\\Microsoft.WindowsCalculator_10.2008.2.0_x64__8wekyb3d8bbwe\\Calculator.exe\r\nImageLoaded: C:\\Program Files\\WindowsApps\\Microsoft.WindowsCalculator_10.2008.2.0_x64__8wekyb3d8bbwe\\GraphControl.dll\r\nFileVersion: -\r\nDescription: -\r\nProduct: -\r\nCompany: -\r\nOriginalFileName: -\r\nHashes: SHA1=31AC10A80F5A04C4A194E0992F48B41CB4CFA47B,MD5=A4E05838B454B72EB57AA841DE698E7F,SHA256=EBE7C93F26EA138F074B092664950D8932209E5A3DF601A95E8E390B9DF2BCC3,IMPHASH=D49A6677673F759D5AE5B5AC461A265A\r\nSigned: false\r\nSignature: -\r\nSignatureStatus: Unavailable"}
{"@timestamp":"2020-10-22T01:31:13.080Z","TimeCreated":"2020-10-22T01:31:13.080Z","Hashes":"SHA1=0E78C9317B7430C2378D70746DA695D9C2DF02CA,MD5=C74EB7D0E81B1F820E5295C685701D22,SHA256=BE424F31C0490F440B7D12341CE6E934D7E086F672CA4C8AD9BE2A6EA0071E51,IMPHASH=E5D4990B394A7799DEC74DFD03159DA8","Signature":"Microsoft Windows","ProviderGuid":"{5770385f-c22a-43e0-bf4c-06f5698ffbd9}","Company":"Microsoft Corporation","UtcTime":"2020-10-22 05:31:13.066","ProcessGuid":"{39e4a257-1920-5f91-6512-000000000700}","Image":"C:\\Program Files\\WindowsApps\\Microsoft.WindowsCalculator_10.2008.2.0_x64__8wekyb3d8bbwe\\Calculator.exe","ImageLoaded":"C:\\Windows\\System32\\Windows.Globalization.dll","Level":"4","Channel":"Microsoft-Windows-Sysmon/Operational","Task":"7","RuleName":"-","FileVersion":"10.0.18362.959 (WinBuild.160101.0800)","SourceName":"Microsoft-Windows-Sysmon","Hostname":"WORKSTATION5","ProcessId":"5440","Description":"Windows Globalization","SignatureStatus":"Valid","Product":"Microsoft Windows Operating System","EventID":7,"Keywords":"0x8000000000000000","Signed":"true","OriginalFileName":"Windows.Globalization.dll","Message":"Image loaded:\r\nRuleName: -\r\nUtcTime: 2020-10-22 05:31:13.066\r\nProcessGuid: {39e4a257-1920-5f91-6512-000000000700}\r\nProcessId: 5440\r\nImage: C:\\Program Files\\WindowsApps\\Microsoft.WindowsCalculator_10.2008.2.0_x64__8wekyb3d8bbwe\\Calculator.exe\r\nImageLoaded: C:\\Windows\\System32\\Windows.Globalization.dll\r\nFileVersion: 10.0.18362.959 (WinBuild.160101.0800)\r\nDescription: Windows Globalization\r\nProduct: Microsoft Windows Operating System\r\nCompany: Microsoft Corporation\r\nOriginalFileName: Windows.Globalization.dll\r\nHashes: SHA1=0E78C9317B7430C2378D70746DA695D9C2DF02CA,MD5=C74EB7D0E81B1F820E5295C685701D22,SHA256=BE424F31C0490F440B7D12341CE6E934D7E086F672CA4C8AD9BE2A6EA0071E51,IMPHASH=E5D4990B394A7799DEC74DFD03159DA8\r\nSigned: true\r\nSignature: Microsoft Windows\r\nSignatureStatus: Valid"}
{"@timestamp":"2020-10-22T01:31:13.084Z","TimeCreated":"2020-10-22T01:31:13.084Z","Hashes":"SHA1=BF37ED3C88090A4835333DDD5618986E5A481CC6,MD5=F6F91998251F48A4F35F11FF21078D69,SHA256=E945CB50AFED53436EAF58D7AB33D0D8C5B05D69511146693959EC5299A7A650,IMPHASH=74FBF120E69EF7FA65D701D64C66FE88","Signature":"Microsoft Windows","ProviderGuid":"{5770385f-c22a-43e0-bf4c-06f5698ffbd9}","Company":"Microsoft Corporation","UtcTime":"2020-10-22 05:31:12.941","ProcessGuid":"{39e4a257-1920-5f91-6512-000000000700}","Image":"C:\\Program Files\\WindowsApps\\Microsoft.WindowsCalculator_10.2008.2.0_x64__8wekyb3d8bbwe\\Calculator.exe","ImageLoaded":"C:\\Windows\\System32\\UiaManager.dll","Level":"4","Channel":"Microsoft-Windows-Sysmon/Operational","Task":"7","RuleName":"-","FileVersion":"10.0.18362.1 (WinBuild.160101.0800)","SourceName":"Microsoft-Windows-Sysmon","Hostname":"WORKSTATION5","ProcessId":"5440","Description":"UiaManager","SignatureStatus":"Valid","Product":"Microsoft Windows Operating System","EventID":7,"Keywords":"0x8000000000000000","Signed":"true","OriginalFileName":"UiaManager.dll","Message":"Image loaded:\r\nRuleName: -\r\nUtcTime: 2020-10-22 05:31:12.941\r\nProcessGuid: {39e4a257-1920-5f91-6512-000000000700}\r\nProcessId: 5440\r\nImage: C:\\Program Files\\WindowsApps\\Microsoft.WindowsCalculator_10.2008.2.0_x64__8wekyb3d8bbwe\\Calculator.exe\r\nImageLoaded: C:\\Windows\\System32\\UiaManager.dll\r\nFileVersion: 10.0.18362.1 (WinBuild.160101.0800)\r\nDescription: UiaManager\r\nProduct: Microsoft Windows Operating System\r\nCompany: Microsoft Corporation\r\nOriginalFileName: UiaManager.dll\r\nHashes: SHA1=BF37ED3C88090A4835333DDD5618986E5A481CC6,MD5=F6F91998251F48A4F35F11FF21078D69,SHA256=E945CB50AFED53436EAF58D7AB33D0D8C5B05D69511146693959EC5299A7A650,IMPHASH=74FBF120E69EF7FA65D701D64C66FE88\r\nSigned: true\r\nSignature: Microsoft Windows\r\nSignatureStatus: Valid"}
{"@timestamp":"2020-10-22T01:31:13.110Z","TimeCreated":"2020-10-22T01:31:13.110Z","Hashes":"SHA1=36A47FE8D70C2CCA50FD93D646D9921F9B82F2E5,MD5=5AD6A06D10D98D7E90FE06A55777078B,SHA256=CCDA95FD2CA82AAD1FBC6C8D0FEEBC1B2D53312772ED16887BCF3D7F92126698,IMPHASH=54EF00A132FEECAE6E25510FFFBC9437","Signature":"Microsoft Windows","ProviderGuid":"{5770385f-c22a-43e0-bf4c-06f5698ffbd9}","Company":"Microsoft Corporation","UtcTime":"2020-10-22 05:31:12.973","ProcessGuid":"{39e4a257-1920-5f91-6512-000000000700}","Image":"C:\\Program Files\\WindowsApps\\Microsoft.WindowsCalculator_10.2008.2.0_x64__8wekyb3d8bbwe\\Calculator.exe","ImageLoaded":"C:\\Windows\\System32\\Windows.UI.Core.TextInput.dll","Level":"4","Channel":"Microsoft-Windows-Sysmon/Operational","Task":"7","RuleName":"-","FileVersion":"10.0.18362.693 (WinBuild.160101.0800)","SourceName":"Microsoft-Windows-Sysmon","Hostname":"WORKSTATION5","ProcessId":"5440","Description":"Windows.UI.Core.TextInput dll","SignatureStatus":"Valid","Product":"Microsoft Windows Operating System","EventID":7,"Keywords":"0x8000000000000000","Signed":"true","OriginalFileName":"Windows.UI.Core.TextInput.dll","Message":"Image loaded:\r\nRuleName: -\r\nUtcTime: 2020-10-22 05:31:12.973\r\nProcessGuid: {39e4a257-1920-5f91-6512-000000000700}\r\nProcessId: 5440\r\nImage: C:\\Program Files\\WindowsApps\\Microsoft.WindowsCalculator_10.2008.2.0_x64__8wekyb3d8bbwe\\Calculator.exe\r\nImageLoaded: C:\\Windows\\System32\\Windows.UI.Core.TextInput.dll\r\nFileVersion: 10.0.18362.693 (WinBuild.160101.0800)\r\nDescription: Windows.UI.Core.TextInput dll\r\nProduct: Microsoft Windows Operating System\r\nCompany: Microsoft Corporation\r\nOriginalFileName: Windows.UI.Core.TextInput.dll\r\nHashes: SHA1=36A47FE8D70C2CCA50FD93D646D9921F9B82F2E5,MD5=5AD6A06D10D98D7E90FE06A55777078B,SHA256=CCDA95FD2CA82AAD1FBC6C8D0FEEBC1B2D53312772ED16887BCF3D7F92126698,IMPHASH=54EF00A132FEECAE6E25510FFFBC9437\r\nSigned: true\r\nSignature: Microsoft Windows\r\nSignatureStatus: Valid"}
{"@timestamp":"2020-10-22T01:31:13.133Z","TimeCreated":"2020-10-22T01:31:13.133Z","Hashes":"SHA1=A5100FE0804D55E5457A6C47BEB13C661D202682,MD5=D14633E1999AE27C98CCE74B3D581537,SHA256=1A460B58A448696773EED403F457CA93753C85269028C5B6FAAC97DB3DF1239C,IMPHASH=4BB304F409B59B3A6C11BFE882FD49B8","Signature":"Microsoft Windows","ProviderGuid":"{5770385f-c22a-43e0-bf4c-06f5698ffbd9}","Company":"Microsoft Corporation","UtcTime":"2020-10-22 05:31:12.988","ProcessGuid":"{39e4a257-1920-5f91-6512-000000000700}","Image":"C:\\Program Files\\WindowsApps\\Microsoft.WindowsCalculator_10.2008.2.0_x64__8wekyb3d8bbwe\\Calculator.exe","ImageLoaded":"C:\\Windows\\System32\\Windows.UI.Immersive.dll","Level":"4","Channel":"Microsoft-Windows-Sysmon/Operational","Task":"7","RuleName":"-","FileVersion":"10.0.18362.1016 (WinBuild.160101.0800)","SourceName":"Microsoft-Windows-Sysmon","Hostname":"WORKSTATION5","ProcessId":"5440","Description":"WINDOWS.UI.IMMERSIVE","SignatureStatus":"Valid","Product":"Microsoft Windows Operating System","EventID":7,"Keywords":"0x8000000000000000","Signed":"true","OriginalFileName":"WINDOWS.UI.IMMERSIVE.dll","Message":"Image loaded:\r\nRuleName: -\r\nUtcTime: 2020-10-22 05:31:12.988\r\nProcessGuid: {39e4a257-1920-5f91-6512-000000000700}\r\nProcessId: 5440\r\nImage: C:\\Program Files\\WindowsApps\\Microsoft.WindowsCalculator_10.2008.2.0_x64__8wekyb3d8bbwe\\Calculator.exe\r\nImageLoaded: C:\\Windows\\System32\\Windows.UI.Immersive.dll\r\nFileVersion: 10.0.18362.1016 (WinBuild.160101.0800)\r\nDescription: WINDOWS.UI.IMMERSIVE\r\nProduct: Microsoft Windows Operating System\r\nCompany: Microsoft Corporation\r\nOriginalFileName: WINDOWS.UI.IMMERSIVE.dll\r\nHashes: SHA1=A5100FE0804D55E5457A6C47BEB13C661D202682,MD5=D14633E1999AE27C98CCE74B3D581537,SHA256=1A460B58A448696773EED403F457CA93753C85269028C5B6FAAC97DB3DF1239C,IMPHASH=4BB304F409B59B3A6C11BFE882FD49B8\r\nSigned: true\r\nSignature: Microsoft Windows\r\nSignatureStatus: Valid"}
{"@timestamp":"2020-10-22T01:31:13.147Z","TimeCreated":"2020-10-22T01:31:13.147Z","Hashes":"SHA1=303846D5F07AE346E79B1D3757DF2B2398BCEDBC,MD5=DD5128D5E571389C12A06537E3BAC40D,SHA256=5D19E51A05DB19EECCB258F3B57E202CCF3C7C9C4ACB34BE1512333153F04607,IMPHASH=7B4706167FE5F26CD7D99FE8A59ECB37","Signature":"Microsoft Windows","ProviderGuid":"{5770385f-c22a-43e0-bf4c-06f5698ffbd9}","Company":"Microsoft Corporation","UtcTime":"2020-10-22 05:31:12.988","ProcessGuid":"{39e4a257-1920-5f91-6512-000000000700}","Image":"C:\\Program Files\\WindowsApps\\Microsoft.WindowsCalculator_10.2008.2.0_x64__8wekyb3d8bbwe\\Calculator.exe","ImageLoaded":"C:\\Windows\\System32\\DataExchange.dll","Level":"4","Channel":"Microsoft-Windows-Sysmon/Operational","Task":"7","RuleName":"-","FileVersion":"10.0.18362.836 (WinBuild.160101.0800)","SourceName":"Microsoft-Windows-Sysmon","Hostname":"WORKSTATION5","ProcessId":"5440","Description":"Data exchange","SignatureStatus":"Valid","Product":"Microsoft Windows Operating System","EventID":7,"Keywords":"0x8000000000000000","Signed":"true","OriginalFileName":"DataExchange.dll","Message":"Image loaded:\r\nRuleName: -\r\nUtcTime: 2020-10-22 05:31:12.988\r\nProcessGuid: {39e4a257-1920-5f91-6512-000000000700}\r\nProcessId: 5440\r\nImage: C:\\Program Files\\WindowsApps\\Microsoft.WindowsCalculator_10.2008.2.0_x64__8wekyb3d8bbwe\\Calculator.exe\r\nImageLoaded: C:\\Windows\\System32\\DataExchange.dll\r\nFileVersion: 10.0.18362.836 (WinBuild.160101.0800)\r\nDescription: Data exchange\r\nProduct: Microsoft Windows Operating System\r\nCompany: Microsoft Corporation\r\nOriginalFileName: DataExchange.dll\r\nHashes: SHA1=303846D5F07AE346E79B1D3757DF2B2398BCEDBC,MD5=DD5128D5E571389C12A06537E3BAC40D,SHA256=5D19E51A05DB19EECCB258F3B57E202CCF3C7C9C4ACB34BE1512333153F04607,IMPHASH=7B4706167FE5F26CD7D99FE8A59ECB37\r\nSigned: true\r\nSignature: Microsoft Windows\r\nSignatureStatus: Valid"}
{"@timestamp":"2020-10-22T01:31:13.157Z","TimeCreated":"2020-10-22T01:31:13.157Z","Hashes":"SHA1=3F8DC4B1E3F641D0770BCA555C07F547E4BE24DC,MD5=B1518A05E8EE48DD0C48EC028CD1BDF4,SHA256=D7E1CACB4DA5905E5B897BBE70C4ED27C1C141595E90B85E2831E94FC6A6B2C1,IMPHASH=27A65A4132C074C724CDD85A06C27E97","Signature":"Microsoft Windows","ProviderGuid":"{5770385f-c22a-43e0-bf4c-06f5698ffbd9}","Company":"Microsoft Corporation","UtcTime":"2020-10-22 05:31:13.098","ProcessGuid":"{39e4a257-1920-5f91-6512-000000000700}","Image":"C:\\Program Files\\WindowsApps\\Microsoft.WindowsCalculator_10.2008.2.0_x64__8wekyb3d8bbwe\\Calculator.exe","ImageLoaded":"C:\\Windows\\System32\\Windows.Globalization.Fontgroups.dll","Level":"4","Channel":"Microsoft-Windows-Sysmon/Operational","Task":"7","RuleName":"-","FileVersion":"10.0.18362.1 (WinBuild.160101.0800)","SourceName":"Microsoft-Windows-Sysmon","Hostname":"WORKSTATION5","ProcessId":"5440","Description":"Fonts Mapping API","SignatureStatus":"Valid","Product":"Microsoft Windows Operating System","EventID":7,"Keywords":"0x8000000000000000","Signed":"true","OriginalFileName":"Windows.Globalization.Fontgroups.dll","Message":"Image loaded:\r\nRuleName: -\r\nUtcTime: 2020-10-22 05:31:13.098\r\nProcessGuid: {39e4a257-1920-5f91-6512-000000000700}\r\nProcessId: 5440\r\nImage: C:\\Program Files\\WindowsApps\\Microsoft.WindowsCalculator_10.2008.2.0_x64__8wekyb3d8bbwe\\Calculator.exe\r\nImageLoaded: C:\\Windows\\System32\\Windows.Globalization.Fontgroups.dll\r\nFileVersion: 10.0.18362.1 (WinBuild.160101.0800)\r\nDescription: Fonts Mapping API\r\nProduct: Microsoft Windows Operating System\r\nCompany: Microsoft Corporation\r\nOriginalFileName: Windows.Globalization.Fontgroups.dll\r\nHashes: SHA1=3F8DC4B1E3F641D0770BCA555C07F547E4BE24DC,MD5=B1518A05E8EE48DD0C48EC028CD1BDF4,SHA256=D7E1CACB4DA5905E5B897BBE70C4ED27C1C141595E90B85E2831E94FC6A6B2C1,IMPHASH=27A65A4132C074C724CDD85A06C27E97\r\nSigned: true\r\nSignature: Microsoft Windows\r\nSignatureStatus: Valid"}
{"@timestamp":"2020-10-22T01:31:13.168Z","TimeCreated":"2020-10-22T01:31:13.168Z","Hashes":"SHA1=797848253AB77EBE0941F49B86AC8B1EE72CA4DD,MD5=7CCD1B4960B56B8AB2183007FC6C6BE2,SHA256=E0906096E3EB4BDA953D3659E85BE1DA5F80C2AF89C68D74FA0B94D2E15D7385,IMPHASH=934A8180CF993111A93DE86421469AE6","Signature":"Microsoft Windows","ProviderGuid":"{5770385f-c22a-43e0-bf4c-06f5698ffbd9}","Company":"Microsoft Corporation","UtcTime":"2020-10-22 05:31:13.098","ProcessGuid":"{39e4a257-1920-5f91-6512-000000000700}","Image":"C:\\Program Files\\WindowsApps\\Microsoft.WindowsCalculator_10.2008.2.0_x64__8wekyb3d8bbwe\\Calculator.exe","ImageLoaded":"C:\\Windows\\System32\\fontgroupsoverride.dll","Level":"4","Channel":"Microsoft-Windows-Sysmon/Operational","Task":"7","RuleName":"-","FileVersion":"10.0.18362.1 (WinBuild.160101.0800)","SourceName":"Microsoft-Windows-Sysmon","Hostname":"WORKSTATION5","ProcessId":"5440","Description":"fontgroupsoverride.dll","SignatureStatus":"Valid","Product":"Microsoft Windows Operating System","EventID":7,"Keywords":"0x8000000000000000","Signed":"true","OriginalFileName":"fontgroupsoverride.dll","Message":"Image loaded:\r\nRuleName: -\r\nUtcTime: 2020-10-22 05:31:13.098\r\nProcessGuid: {39e4a257-1920-5f91-6512-000000000700}\r\nProcessId: 5440\r\nImage: C:\\Program Files\\WindowsApps\\Microsoft.WindowsCalculator_10.2008.2.0_x64__8wekyb3d8bbwe\\Calculator.exe\r\nImageLoaded: C:\\Windows\\System32\\fontgroupsoverride.dll\r\nFileVersion: 10.0.18362.1 (WinBuild.160101.0800)\r\nDescription: fontgroupsoverride.dll\r\nProduct: Microsoft Windows Operating System\r\nCompany: Microsoft Corporation\r\nOriginalFileName: fontgroupsoverride.dll\r\nHashes: SHA1=797848253AB77EBE0941F49B86AC8B1EE72CA4DD,MD5=7CCD1B4960B56B8AB2183007FC6C6BE2,SHA256=E0906096E3EB4BDA953D3659E85BE1DA5F80C2AF89C68D74FA0B94D2E15D7385,IMPHASH=934A8180CF993111A93DE86421469AE6\r\nSigned: true\r\nSignature: Microsoft Windows\r\nSignatureStatus: Valid"}
{"@timestamp":"2020-10-22T01:31:13.206Z","TimeCreated":"2020-10-22T01:31:13.206Z","ProviderGuid":"{5770385f-c22a-43e0-bf4c-06f5698ffbd9}","UtcTime":"2020-10-22 05:31:13.176","ProcessGuid":"{39e4a257-1920-5f91-6512-000000000700}","Image":"C:\\Program Files\\WindowsApps\\Microsoft.WindowsCalculator_10.2008.2.0_x64__8wekyb3d8bbwe\\Calculator.exe","Level":"4","Channel":"Microsoft-Windows-Sysmon/Operational","Task":"12","RuleName":"-","SourceName":"Microsoft-Windows-Sysmon","Hostname":"WORKSTATION5","ProcessId":"5440","EventType":"CreateKey","EventID":12,"Keywords":"0x8000000000000000","TargetObject":"\\REGISTRY\\A\\{0a9c1701-78cc-a1eb-de27-8b8d811097ba}\\LocalState","Message":"Registry object added or deleted:\r\nRuleName: -\r\nEventType: CreateKey\r\nUtcTime: 2020-10-22 05:31:13.176\r\nProcessGuid: {39e4a257-1920-5f91-6512-000000000700}\r\nProcessId: 5440\r\nImage: C:\\Program Files\\WindowsApps\\Microsoft.WindowsCalculator_10.2008.2.0_x64__8wekyb3d8bbwe\\Calculator.exe\r\nTargetObject: \\REGISTRY\\A\\{0a9c1701-78cc-a1eb-de27-8b8d811097ba}\\LocalState"}
{"@timestamp":"2020-10-22T01:31:13.206Z","TimeCreated":"2020-10-22T01:31:13.206Z","ProviderGuid":"{5770385f-c22a-43e0-bf4c-06f5698ffbd9}","UtcTime":"2020-10-22 05:31:13.191","ProcessGuid":"{39e4a257-1920-5f91-6512-000000000700}","Image":"C:\\Program Files\\WindowsApps\\Microsoft.WindowsCalculator_10.2008.2.0_x64__8wekyb3d8bbwe\\Calculator.exe","Level":"4","Channel":"Microsoft-Windows-Sysmon/Operational","Task":"12","RuleName":"-","SourceName":"Microsoft-Windows-Sysmon","Hostname":"WORKSTATION5","ProcessId":"5440","EventType":"CreateKey","EventID":12,"Keywords":"0x8000000000000000","TargetObject":"\\REGISTRY\\A\\{0a9c1701-78cc-a1eb-de27-8b8d811097ba}\\LocalState","Message":"Registry object added or deleted:\r\nRuleName: -\r\nEventType: CreateKey\r\nUtcTime: 2020-10-22 05:31:13.191\r\nProcessGuid: {39e4a257-1920-5f91-6512-000000000700}\r\nProcessId: 5440\r\nImage: C:\\Program Files\\WindowsApps\\Microsoft.WindowsCalculator_10.2008.2.0_x64__8wekyb3d8bbwe\\Calculator.exe\r\nTargetObject: \\REGISTRY\\A\\{0a9c1701-78cc-a1eb-de27-8b8d811097ba}\\LocalState"}
{"@timestamp":"2020-10-22T01:31:13.206Z","TimeCreated":"2020-10-22T01:31:13.206Z","ProviderGuid":"{5770385f-c22a-43e0-bf4c-06f5698ffbd9}","UtcTime":"2020-10-22 05:31:13.191","ProcessGuid":"{39e4a257-1920-5f91-6512-000000000700}","Image":"C:\\Program Files\\WindowsApps\\Microsoft.WindowsCalculator_10.2008.2.0_x64__8wekyb3d8bbwe\\Calculator.exe","Level":"4","Channel":"Microsoft-Windows-Sysmon/Operational","Task":"13","RuleName":"-","SourceName":"Microsoft-Windows-Sysmon","Hostname":"WORKSTATION5","Details":"Binary Data","ProcessId":"5440","EventType":"SetValue","EventID":13,"Keywords":"0x8000000000000000","TargetObject":"\\REGISTRY\\A\\{0a9c1701-78cc-a1eb-de27-8b8d811097ba}\\LocalState\\Mode","Message":"Registry value set:\r\nRuleName: -\r\nEventType: SetValue\r\nUtcTime: 2020-10-22 05:31:13.191\r\nProcessGuid: {39e4a257-1920-5f91-6512-000000000700}\r\nProcessId: 5440\r\nImage: C:\\Program Files\\WindowsApps\\Microsoft.WindowsCalculator_10.2008.2.0_x64__8wekyb3d8bbwe\\Calculator.exe\r\nTargetObject: \\REGISTRY\\A\\{0a9c1701-78cc-a1eb-de27-8b8d811097ba}\\LocalState\\Mode\r\nDetails: Binary Data"}
{"@timestamp":"2020-10-22T01:31:13.206Z","TimeCreated":"2020-10-22T01:31:13.206Z","Hashes":"SHA1=7ECC71CB7CE9147DD657AB1AE35886BA7DC756B4,MD5=F6C3A9388EAA0F34A4F96B21C0758FD2,SHA256=922455AD67DB41092375EEBF257F2FAF7C4533F7D387C3BE148EC46314FE765F,IMPHASH=B27E185C2CB3C781CFC023BF7643672A","Signature":"Microsoft Windows","ProviderGuid":"{5770385f-c22a-43e0-bf4c-06f5698ffbd9}","Company":"Microsoft Corporation","UtcTime":"2020-10-22 05:31:13.191","ProcessGuid":"{39e4a257-1920-5f91-6512-000000000700}","Image":"C:\\Program Files\\WindowsApps\\Microsoft.WindowsCalculator_10.2008.2.0_x64__8wekyb3d8bbwe\\Calculator.exe","ImageLoaded":"C:\\Windows\\System32\\logoncli.dll","Level":"4","Channel":"Microsoft-Windows-Sysmon/Operational","Task":"7","RuleName":"-","FileVersion":"10.0.18362.959 (WinBuild.160101.0800)","SourceName":"Microsoft-Windows-Sysmon","Hostname":"WORKSTATION5","ProcessId":"5440","Description":"Net Logon Client DLL","SignatureStatus":"Valid","Product":"Microsoft Windows Operating System","EventID":7,"Keywords":"0x8000000000000000","Signed":"true","OriginalFileName":"LOGONCLI.DLL","Message":"Image loaded:\r\nRuleName: -\r\nUtcTime: 2020-10-22 05:31:13.191\r\nProcessGuid: {39e4a257-1920-5f91-6512-000000000700}\r\nProcessId: 5440\r\nImage: C:\\Program Files\\WindowsApps\\Microsoft.WindowsCalculator_10.2008.2.0_x64__8wekyb3d8bbwe\\Calculator.exe\r\nImageLoaded: C:\\Windows\\System32\\logoncli.dll\r\nFileVersion: 10.0.18362.959 (WinBuild.160101.0800)\r\nDescription: Net Logon Client DLL\r\nProduct: Microsoft Windows Operating System\r\nCompany: Microsoft Corporation\r\nOriginalFileName: LOGONCLI.DLL\r\nHashes: SHA1=7ECC71CB7CE9147DD657AB1AE35886BA7DC756B4,MD5=F6C3A9388EAA0F34A4F96B21C0758FD2,SHA256=922455AD67DB41092375EEBF257F2FAF7C4533F7D387C3BE148EC46314FE765F,IMPHASH=B27E185C2CB3C781CFC023BF7643672A\r\nSigned: true\r\nSignature: Microsoft Windows\r\nSignatureStatus: Valid"}
{"@timestamp":"2020-10-22T01:31:13.223Z","TimeCreated":"2020-10-22T01:31:13.223Z","Hashes":"SHA1=C54E642D6AF606A04E00D3945F709C7BC6464B01,MD5=10B28B901B4EE7F929B67E091FDC7457,SHA256=604451B38F490E204C8754AE2E369B28325A11FC157009FC178A037DA048EF79,IMPHASH=4F8F8552D7B650004719E52B860F539A","Signature":"Microsoft Windows","ProviderGuid":"{5770385f-c22a-43e0-bf4c-06f5698ffbd9}","Company":"Microsoft Corporation","UtcTime":"2020-10-22 05:31:13.207","ProcessGuid":"{39e4a257-1920-5f91-6512-000000000700}","Image":"C:\\Program Files\\WindowsApps\\Microsoft.WindowsCalculator_10.2008.2.0_x64__8wekyb3d8bbwe\\Calculator.exe","ImageLoaded":"C:\\Windows\\System32\\WinRtTracing.dll","Level":"4","Channel":"Microsoft-Windows-Sysmon/Operational","Task":"7","RuleName":"-","FileVersion":"10.0.18362.1 (WinBuild.160101.0800)","SourceName":"Microsoft-Windows-Sysmon","Hostname":"WORKSTATION5","ProcessId":"5440","Description":"Windows Diagnostics Tracing","SignatureStatus":"Valid","Product":"Microsoft Windows Operating System","EventID":7,"Keywords":"0x8000000000000000","Signed":"true","OriginalFileName":"WinRtTracing.dll","Message":"Image loaded:\r\nRuleName: -\r\nUtcTime: 2020-10-22 05:31:13.207\r\nProcessGuid: {39e4a257-1920-5f91-6512-000000000700}\r\nProcessId: 5440\r\nImage: C:\\Program Files\\WindowsApps\\Microsoft.WindowsCalculator_10.2008.2.0_x64__8wekyb3d8bbwe\\Calculator.exe\r\nImageLoaded: C:\\Windows\\System32\\WinRtTracing.dll\r\nFileVersion: 10.0.18362.1 (WinBuild.160101.0800)\r\nDescription: Windows Diagnostics Tracing\r\nProduct: Microsoft Windows Operating System\r\nCompany: Microsoft Corporation\r\nOriginalFileName: WinRtTracing.dll\r\nHashes: SHA1=C54E642D6AF606A04E00D3945F709C7BC6464B01,MD5=10B28B901B4EE7F929B67E091FDC7457,SHA256=604451B38F490E204C8754AE2E369B28325A11FC157009FC178A037DA048EF79,IMPHASH=4F8F8552D7B650004719E52B860F539A\r\nSigned: true\r\nSignature: Microsoft Windows\r\nSignatureStatus: Valid"}
{"@timestamp":"2020-10-22T01:31:13.263Z","TimeCreated":"2020-10-22T01:31:13.263Z","Hashes":"SHA1=237F5710282A58842962AB4407C962F7E603C8A1,MD5=59AC7AF17974F19C71AF61F6A9DDDE56,SHA256=E29112AFA82DE0E2F5C0089DA4501350BF4DBB79D6B73C67F4CDF06E4819BC4C,IMPHASH=B7415E1FF71997B16015D596DB1C81E4","Signature":"Microsoft Windows","ProviderGuid":"{5770385f-c22a-43e0-bf4c-06f5698ffbd9}","Company":"Microsoft Corporation","UtcTime":"2020-10-22 05:31:13.176","ProcessGuid":"{39e4a257-1920-5f91-6512-000000000700}","Image":"C:\\Program Files\\WindowsApps\\Microsoft.WindowsCalculator_10.2008.2.0_x64__8wekyb3d8bbwe\\Calculator.exe","ImageLoaded":"C:\\Windows\\System32\\Windows.UI.Xaml.Controls.dll","Level":"4","Channel":"Microsoft-Windows-Sysmon/Operational","Task":"7","RuleName":"-","FileVersion":"10.0.18362.1 (WinBuild.160101.0800)","SourceName":"Microsoft-Windows-Sysmon","Hostname":"WORKSTATION5","ProcessId":"5440","Description":"Windows.UI.Xaml.Controls","SignatureStatus":"Valid","Product":"Microsoft Windows Operating System","EventID":7,"Keywords":"0x8000000000000000","Signed":"true","OriginalFileName":"Windows.UI.Xaml.Controls.dll","Message":"Image loaded:\r\nRuleName: -\r\nUtcTime: 2020-10-22 05:31:13.176\r\nProcessGuid: {39e4a257-1920-5f91-6512-000000000700}\r\nProcessId: 5440\r\nImage: C:\\Program Files\\WindowsApps\\Microsoft.WindowsCalculator_10.2008.2.0_x64__8wekyb3d8bbwe\\Calculator.exe\r\nImageLoaded: C:\\Windows\\System32\\Windows.UI.Xaml.Controls.dll\r\nFileVersion: 10.0.18362.1 (WinBuild.160101.0800)\r\nDescription: Windows.UI.Xaml.Controls\r\nProduct: Microsoft Windows Operating System\r\nCompany: Microsoft Corporation\r\nOriginalFileName: Windows.UI.Xaml.Controls.dll\r\nHashes: SHA1=237F5710282A58842962AB4407C962F7E603C8A1,MD5=59AC7AF17974F19C71AF61F6A9DDDE56,SHA256=E29112AFA82DE0E2F5C0089DA4501350BF4DBB79D6B73C67F4CDF06E4819BC4C,IMPHASH=B7415E1FF71997B16015D596DB1C81E4\r\nSigned: true\r\nSignature: Microsoft Windows\r\nSignatureStatus: Valid"}
{"@timestamp":"2020-10-22T01:31:13.267Z","TimeCreated":"2020-10-22T01:31:13.267Z","Hashes":"SHA1=3CF17A6C80E914312961A46C139C1945C72595A3,MD5=AC13BEA48E654407F94C31B2A4C68CA7,SHA256=E95A0D6F74E5D49A0C93335C64C136ABDF63FFB406FE542DA0E475D7C9F4AF16,IMPHASH=D5519F919E5229B4E7E77970D9EFAC49","Signature":"-","ProviderGuid":"{5770385f-c22a-43e0-bf4c-06f5698ffbd9}","Company":"-","UtcTime":"2020-10-22 05:31:13.207","ProcessGuid":"{39e4a257-1920-5f91-6512-000000000700}","Image":"C:\\Program Files\\WindowsApps\\Microsoft.WindowsCalculator_10.2008.2.0_x64__8wekyb3d8bbwe\\Calculator.exe","ImageLoaded":"C:\\Program Files\\WindowsApps\\Microsoft.WindowsCalculator_10.2008.2.0_x64__8wekyb3d8bbwe\\TraceLogging.dll","Level":"4","Channel":"Microsoft-Windows-Sysmon/Operational","Task":"7","RuleName":"-","FileVersion":"-","SourceName":"Microsoft-Windows-Sysmon","Hostname":"WORKSTATION5","ProcessId":"5440","Description":"-","SignatureStatus":"Unavailable","Product":"-","EventID":7,"Keywords":"0x8000000000000000","Signed":"false","OriginalFileName":"-","Message":"Image loaded:\r\nRuleName: -\r\nUtcTime: 2020-10-22 05:31:13.207\r\nProcessGuid: {39e4a257-1920-5f91-6512-000000000700}\r\nProcessId: 5440\r\nImage: C:\\Program Files\\WindowsApps\\Microsoft.WindowsCalculator_10.2008.2.0_x64__8wekyb3d8bbwe\\Calculator.exe\r\nImageLoaded: C:\\Program Files\\WindowsApps\\Microsoft.WindowsCalculator_10.2008.2.0_x64__8wekyb3d8bbwe\\TraceLogging.dll\r\nFileVersion: -\r\nDescription: -\r\nProduct: -\r\nCompany: -\r\nOriginalFileName: -\r\nHashes: SHA1=3CF17A6C80E914312961A46C139C1945C72595A3,MD5=AC13BEA48E654407F94C31B2A4C68CA7,SHA256=E95A0D6F74E5D49A0C93335C64C136ABDF63FFB406FE542DA0E475D7C9F4AF16,IMPHASH=D5519F919E5229B4E7E77970D9EFAC49\r\nSigned: false\r\nSignature: -\r\nSignatureStatus: Unavailable"}
{"@timestamp":"2020-10-22T01:31:13.274Z","TimeCreated":"2020-10-22T01:31:13.274Z","Hashes":"SHA1=1FCB78E84AFB560E12085A6F78B4270A221C8D09,MD5=82AAFBAC3D504DA2732A179CBA193542,SHA256=6EC48E5FE4C86D6F2E33580841647F9818B6D529E7BBB46357DF44FC1C44AD6C,IMPHASH=C0ACAF5763B736463CF19A543F681D15","Signature":"Microsoft Windows","ProviderGuid":"{5770385f-c22a-43e0-bf4c-06f5698ffbd9}","Company":"Microsoft Corporation","UtcTime":"2020-10-22 05:31:13.270","ProcessGuid":"{39e4a257-1920-5f91-6512-000000000700}","Image":"C:\\Program Files\\WindowsApps\\Microsoft.WindowsCalculator_10.2008.2.0_x64__8wekyb3d8bbwe\\Calculator.exe","ImageLoaded":"C:\\Windows\\System32\\Windows.ApplicationModel.dll","Level":"4","Channel":"Microsoft-Windows-Sysmon/Operational","Task":"7","RuleName":"-","FileVersion":"10.0.18362.959 (WinBuild.160101.0800)","SourceName":"Microsoft-Windows-Sysmon","Hostname":"WORKSTATION5","ProcessId":"5440","Description":"Windows ApplicationModel API Server","SignatureStatus":"Valid","Product":"Microsoft Windows Operating System","EventID":7,"Keywords":"0x8000000000000000","Signed":"true","OriginalFileName":"Windows.ApplicationModel.dll","Message":"Image loaded:\r\nRuleName: -\r\nUtcTime: 2020-10-22 05:31:13.270\r\nProcessGuid: {39e4a257-1920-5f91-6512-000000000700}\r\nProcessId: 5440\r\nImage: C:\\Program Files\\WindowsApps\\Microsoft.WindowsCalculator_10.2008.2.0_x64__8wekyb3d8bbwe\\Calculator.exe\r\nImageLoaded: C:\\Windows\\System32\\Windows.ApplicationModel.dll\r\nFileVersion: 10.0.18362.959 (WinBuild.160101.0800)\r\nDescription: Windows ApplicationModel API Server\r\nProduct: Microsoft Windows Operating System\r\nCompany: Microsoft Corporation\r\nOriginalFileName: Windows.ApplicationModel.dll\r\nHashes: SHA1=1FCB78E84AFB560E12085A6F78B4270A221C8D09,MD5=82AAFBAC3D504DA2732A179CBA193542,SHA256=6EC48E5FE4C86D6F2E33580841647F9818B6D529E7BBB46357DF44FC1C44AD6C,IMPHASH=C0ACAF5763B736463CF19A543F681D15\r\nSigned: true\r\nSignature: Microsoft Windows\r\nSignatureStatus: Valid"}
{"@timestamp":"2020-10-22T01:31:13.277Z","TimeCreated":"2020-10-22T01:31:13.277Z","Hashes":"SHA1=9C8AAA2196A4C9A35C02BBD0007D693F8035187F,MD5=8BB9C3FF56F11E5DC5F8F83E8EC3A638,SHA256=9960BE742BDEF8AA6E790DE4ED36D2844E19480312F422275DFFA8842F93C581,IMPHASH=045F4C338E5F179292FC6D67E19F57B2","Signature":"Microsoft Windows","ProviderGuid":"{5770385f-c22a-43e0-bf4c-06f5698ffbd9}","Company":"Microsoft Corporation","UtcTime":"2020-10-22 05:31:13.270","ProcessGuid":"{39e4a257-1920-5f91-6512-000000000700}","Image":"C:\\Program Files\\WindowsApps\\Microsoft.WindowsCalculator_10.2008.2.0_x64__8wekyb3d8bbwe\\Calculator.exe","ImageLoaded":"C:\\Windows\\System32\\Windows.Energy.dll","Level":"4","Channel":"Microsoft-Windows-Sysmon/Operational","Task":"7","RuleName":"-","FileVersion":"10.0.18362.959 (WinBuild.160101.0800)","SourceName":"Microsoft-Windows-Sysmon","Hostname":"WORKSTATION5","ProcessId":"5440","Description":"Windows Energy Runtime DLL","SignatureStatus":"Valid","Product":"Microsoft Windows Operating System","EventID":7,"Keywords":"0x8000000000000000","Signed":"true","OriginalFileName":"Windows.Energy.dll","Message":"Image loaded:\r\nRuleName: -\r\nUtcTime: 2020-10-22 05:31:13.270\r\nProcessGuid: {39e4a257-1920-5f91-6512-000000000700}\r\nProcessId: 5440\r\nImage: C:\\Program Files\\WindowsApps\\Microsoft.WindowsCalculator_10.2008.2.0_x64__8wekyb3d8bbwe\\Calculator.exe\r\nImageLoaded: C:\\Windows\\System32\\Windows.Energy.dll\r\nFileVersion: 10.0.18362.959 (WinBuild.160101.0800)\r\nDescription: Windows Energy Runtime DLL\r\nProduct: Microsoft Windows Operating System\r\nCompany: Microsoft Corporation\r\nOriginalFileName: Windows.Energy.dll\r\nHashes: SHA1=9C8AAA2196A4C9A35C02BBD0007D693F8035187F,MD5=8BB9C3FF56F11E5DC5F8F83E8EC3A638,SHA256=9960BE742BDEF8AA6E790DE4ED36D2844E19480312F422275DFFA8842F93C581,IMPHASH=045F4C338E5F179292FC6D67E19F57B2\r\nSigned: true\r\nSignature: Microsoft Windows\r\nSignatureStatus: Valid"}
{"@timestamp":"2020-10-22T01:31:13.285Z","TimeCreated":"2020-10-22T01:31:13.285Z","ProviderGuid":"{5770385f-c22a-43e0-bf4c-06f5698ffbd9}","UtcTime":"2020-10-22 05:31:13.270","ProcessGuid":"{39e4a257-f1b3-5f8b-a700-000000000700}","Image":"C:\\windows\\Explorer.EXE","Level":"4","Channel":"Microsoft-Windows-Sysmon/Operational","Task":"13","RuleName":"-","SourceName":"Microsoft-Windows-Sysmon","Hostname":"WORKSTATION5","Details":"Binary Data","ProcessId":"1072","EventType":"SetValue","EventID":13,"Keywords":"0x8000000000000000","TargetObject":"HKU\\S-1-5-21-3940915590-64593676-1414006259-500_Classes\\Local Settings\\Software\\Microsoft\\Windows\\CurrentVersion\\AppModel\\SystemAppData\\Microsoft.WindowsCalculator_8wekyb3d8bbwe\\ApplicationFrame\\Microsoft.WindowsCalculator_8wekyb3d8bbwe!App\\PreferredMinSize","Message":"Registry value set:\r\nRuleName: -\r\nEventType: SetValue\r\nUtcTime: 2020-10-22 05:31:13.270\r\nProcessGuid: {39e4a257-f1b3-5f8b-a700-000000000700}\r\nProcessId: 1072\r\nImage: C:\\windows\\Explorer.EXE\r\nTargetObject: HKU\\S-1-5-21-3940915590-64593676-1414006259-500_Classes\\Local Settings\\Software\\Microsoft\\Windows\\CurrentVersion\\AppModel\\SystemAppData\\Microsoft.WindowsCalculator_8wekyb3d8bbwe\\ApplicationFrame\\Microsoft.WindowsCalculator_8wekyb3d8bbwe!App\\PreferredMinSize\r\nDetails: Binary Data"}
{"@timestamp":"2020-10-22T01:31:13.293Z","TimeCreated":"2020-10-22T01:31:13.293Z","Hashes":"SHA1=FD6864087B28C8417DA252CC5AFC118DD45FFF7C,MD5=C23B86F1635BDCF7B0377248EF56A90C,SHA256=6D01DB032DB6FC08378BB20846CAC97F9BADE539427959D2FCF5C059A9F17526,IMPHASH=5E85F96962C3D3E04845E511121EBFC9","Signature":"Microsoft Windows","ProviderGuid":"{5770385f-c22a-43e0-bf4c-06f5698ffbd9}","Company":"Microsoft Corporation","UtcTime":"2020-10-22 05:31:13.241","ProcessGuid":"{39e4a257-1920-5f91-6512-000000000700}","Image":"C:\\Program Files\\WindowsApps\\Microsoft.WindowsCalculator_10.2008.2.0_x64__8wekyb3d8bbwe\\Calculator.exe","ImageLoaded":"C:\\Windows\\System32\\Windows.UI.Xaml.Phone.dll","Level":"4","Channel":"Microsoft-Windows-Sysmon/Operational","Task":"7","RuleName":"-","FileVersion":"10.0.18362.1 (WinBuild.160101.0800)","SourceName":"Microsoft-Windows-Sysmon","Hostname":"WORKSTATION5","ProcessId":"5440","Description":"Windows UI XAML Phone API","SignatureStatus":"Valid","Product":"Microsoft Windows Operating System","EventID":7,"Keywords":"0x8000000000000000","Signed":"true","OriginalFileName":"Windows.UI.XAML.Phone.dll","Message":"Image loaded:\r\nRuleName: -\r\nUtcTime: 2020-10-22 05:31:13.241\r\nProcessGuid: {39e4a257-1920-5f91-6512-000000000700}\r\nProcessId: 5440\r\nImage: C:\\Program Files\\WindowsApps\\Microsoft.WindowsCalculator_10.2008.2.0_x64__8wekyb3d8bbwe\\Calculator.exe\r\nImageLoaded: C:\\Windows\\System32\\Windows.UI.Xaml.Phone.dll\r\nFileVersion: 10.0.18362.1 (WinBuild.160101.0800)\r\nDescription: Windows UI XAML Phone API\r\nProduct: Microsoft Windows Operating System\r\nCompany: Microsoft Corporation\r\nOriginalFileName: Windows.UI.XAML.Phone.dll\r\nHashes: SHA1=FD6864087B28C8417DA252CC5AFC118DD45FFF7C,MD5=C23B86F1635BDCF7B0377248EF56A90C,SHA256=6D01DB032DB6FC08378BB20846CAC97F9BADE539427959D2FCF5C059A9F17526,IMPHASH=5E85F96962C3D3E04845E511121EBFC9\r\nSigned: true\r\nSignature: Microsoft Windows\r\nSignatureStatus: Valid"}
