{"@timestamp":"2020-10-22T01:31:10.954Z","TimeCreated":"2020-10-22T01:31:10.954Z","ProviderGuid":"{5770385f-c22a-43e0-bf4c-06f5698ffbd9}","UtcTime":"2020-10-22 05:31:10.941","ProcessGuid":"{39e4a257-191e-5f91-5f12-000000000700}","Image":"C:\\Windows\\System32\\control.exe","Level":"4","Channel":"Microsoft-Windows-Sysmon/Operational","Task":"5","RuleName":"-","SourceName":"Microsoft-Windows-Sysmon","Hostname":"WORKSTATION5","ProcessId":"3632","EventID":5,"Keywords":"0x8000000000000000","Message":"Process terminated:\r\nRuleName: -\r\nUtcTime: 2020-10-22 05:31:10.941\r\nProcessGuid: {39e4a257-191e-5f91-5f12-000000000700}\r\nProcessId: 3632\r\nImage: C:\\Windows\\System32\\control.exe"}
{"@timestamp":"2020-10-22T01:31:10.955Z","TimeCreated":"2020-10-22T01:31:10.955Z","ProviderGuid":"{5770385f-c22a-43e0-bf4c-06f5698ffbd9}","TargetFilename":"C:\\Windows\\Prefetch\\CONTROL.EXE-817F8F1D.pf","UtcTime":"2020-10-22 05:31:10.941","ProcessGuid":"{39e4a257-f133-5f8b-3100-000000000700}","Image":"C:\\windows\\system32\\svchost.exe","CreationUtcTime":"2020-10-22 05:31:10.941","Level":"4","Channel":"Microsoft-Windows-Sysmon/Operational","Task":"11","RuleName":"-","SourceName":"Microsoft-Windows-Sysmon","Hostname":"WORKSTATION5","ProcessId":"1556","EventID":11,"Keywords":"0x8000000000000000","Message":"File created:\r\nRuleName: -\r\nUtcTime: 2020-10-22 05:31:10.941\r\nProcessGuid: {39e4a257-f133-5f8b-3100-000000000700}\r\nProcessId: 1556\r\nImage: C:\\windows\\system32\\svchost.exe\r\nTargetFilename: C:\\Windows\\Prefetch\\CONTROL.EXE-817F8F1D.pf\r\nCreationUtcTime: 2020-10-22 05:31:10.941"}
{"@timestamp":"2020-10-22T01:31:10.966Z","TimeCreated":"2020-10-22T01:31:10.966Z","Hashes":"SHA1=B47A20174D1DAB0E2901C42BFBED251BE633280C,MD5=14C8B0D022CDD56939E5385CBCAB60A6,SHA256=A80846377F8E6BAAD467F4B0064CF929CF51629BAAF47044B7CB3F3C4E627476,IMPHASH=C3F466EF7F4926CB29A80701AE643FD4","Signature":"Microsoft Windows","ProviderGuid":"{5770385f-c22a-43e0-bf4c-06f5698ffbd9}","Company":"Microsoft Corporation","UtcTime":"2020-10-22 05:31:10.957","ProcessGuid":"{39e4a257-191e-5f91-6112-000000000700}","Image":"C:\\Windows\\SysWOW64\\rundll32.exe","ImageLoaded":"C:\\Windows\\SysWOW64\\msvcrt.dll","Level":"4","Channel":"Microsoft-Windows-Sysmon/Operational","Task":"7","RuleName":"-","FileVersion":"7.0.18362.1 (WinBuild.160101.0800)","SourceName":"Microsoft-Windows-Sysmon","Hostname":"WORKSTATION5","ProcessId":"7256","Description":"Windows NT CRT DLL","SignatureStatus":"Valid","Product":"Microsoft Windows Operating System","EventID":7,"Keywords":"0x8000000000000000","Signed":"true","OriginalFileName":"msvcrt.dll","Message":"Image loaded:\r\nRuleName: -\r\nUtcTime: 2020-10-22 05:31:10.957\r\nProcessGuid: {39e4a257-191e-5f91-6112-000000000700}\r\nProcessId: 7256\r\nImage: C:\\Windows\\SysWOW64\\rundll32.exe\r\nImageLoaded: C:\\Windows\\SysWOW64\\msvcrt.dll\r\nFileVersion: 7.0.18362.1 (WinBuild.160101.0800)\r\nDescription: Windows NT CRT DLL\r\nProduct: Microsoft Windows Operating System\r\nCompany: Microsoft Corporation\r\nOriginalFileName: msvcrt.dll\r\nHashes: SHA1=B47A20174D1DAB0E2901C42BFBED251BE633280C,MD5=14C8B0D022CDD56939E5385CBCAB60A6,SHA256=A80846377F8E6BAAD467F4B0064CF929CF51629BAAF47044B7CB3F3C4E627476,IMPHASH=C3F466EF7F4926CB29A80701AE643FD4\r\nSigned: true\r\nSignature: Microsoft Windows\r\nSignatureStatus: Valid"}
{"@timestamp":"2020-10-22T01:31:10.967Z","TimeCreated":"2020-10-22T01:31:10.967Z","Hashes":"SHA1=02A14BF4D4155F7AE33F7E7E892DF6381027BC3E,MD5=EE843EF37CA79C8C60A0261999411CA6,SHA256=49BB936A3DFAFDCCD2DEE5AC65FB936CF3E44B09A71CB4B7D3DC599F9D1CE241,IMPHASH=FC723BFB16384B9A9334F645E7850B95","Signature":"Microsoft Windows","ProviderGuid":"{5770385f-c22a-43e0-bf4c-06f5698ffbd9}","Company":"Microsoft Corporation","UtcTime":"2020-10-22 05:31:10.957","ProcessGuid":"{39e4a257-191e-5f91-6112-000000000700}","Image":"C:\\Windows\\SysWOW64\\rundll32.exe","ImageLoaded":"C:\\Windows\\SysWOW64\\user32.dll","Level":"4","Channel":"Microsoft-Windows-Sysmon/Operational","Task":"7","RuleName":"-","FileVersion":"10.0.18362.1110 (WinBuild.160101.0800)","SourceName":"Microsoft-Windows-Sysmon","Hostname":"WORKSTATION5","ProcessId":"7256","Description":"Multi-User Windows USER API Client DLL","SignatureStatus":"Valid","Product":"Microsoft Windows Operating System","EventID":7,"Keywords":"0x8000000000000000","Signed":"true","OriginalFileName":"user32","Message":"Image loaded:\r\nRuleName: -\r\nUtcTime: 2020-10-22 05:31:10.957\r\nProcessGuid: {39e4a257-191e-5f91-6112-000000000700}\r\nProcessId: 7256\r\nImage: C:\\Windows\\SysWOW64\\rundll32.exe\r\nImageLoaded: C:\\Windows\\SysWOW64\\user32.dll\r\nFileVersion: 10.0.18362.1110 (WinBuild.160101.0800)\r\nDescription: Multi-User Windows USER API Client DLL\r\nProduct: Microsoft Windows Operating System\r\nCompany: Microsoft Corporation\r\nOriginalFileName: user32\r\nHashes: SHA1=02A14BF4D4155F7AE33F7E7E892DF6381027BC3E,MD5=EE843EF37CA79C8C60A0261999411CA6,SHA256=49BB936A3DFAFDCCD2DEE5AC65FB936CF3E44B09A71CB4B7D3DC599F9D1CE241,IMPHASH=FC723BFB16384B9A9334F645E7850B95\r\nSigned: true\r\nSignature: Microsoft Windows\r\nSignatureStatus: Valid"}
{"@timestamp":"2020-10-22T01:31:10.968Z","TimeCreated":"2020-10-22T01:31:10.968Z","Hashes":"SHA1=F7BA334AC244614685B5A36803369A5AD96382B2,MD5=88A4DB6ADEE9BBF5327C1F0CA88DDAAC,SHA256=BE06FB98E81DCB503F3E79355DE8569FD8A6B485CDFE3421E7D3AB4236B9F7AD,IMPHASH=5D2578ED274AAD83C30A3917C98404EE","Signature":"Microsoft Windows","ProviderGuid":"{5770385f-c22a-43e0-bf4c-06f5698ffbd9}","Company":"Microsoft Corporation","UtcTime":"2020-10-22 05:31:10.957","ProcessGuid":"{39e4a257-191e-5f91-6112-000000000700}","Image":"C:\\Windows\\SysWOW64\\rundll32.exe","ImageLoaded":"C:\\Windows\\SysWOW64\\win32u.dll","Level":"4","Channel":"Microsoft-Windows-Sysmon/Operational","Task":"7","RuleName":"-","FileVersion":"10.0.18362.1139 (WinBuild.160101.0800)","SourceName":"Microsoft-Windows-Sysmon","Hostname":"WORKSTATION5","ProcessId":"7256","Description":"Win32u","SignatureStatus":"Valid","Product":"Microsoft Windows Operating System","EventID":7,"Keywords":"0x8000000000000000","Signed":"true","OriginalFileName":"Win32u.DLL","Message":"Image loaded:\r\nRuleName: -\r\nUtcTime: 2020-10-22 05:31:10.957\r\nProcessGuid: {39e4a257-191e-5f91-6112-000000000700}\r\nProcessId: 7256\r\nImage: C:\\Windows\\SysWOW64\\rundll32.exe\r\nImageLoaded: C:\\Windows\\SysWOW64\\win32u.dll\r\nFileVersion: 10.0.18362.1139 (WinBuild.160101.0800)\r\nDescription: Win32u\r\nProduct: Microsoft Windows Operating System\r\nCompany: Microsoft Corporation\r\nOriginalFileName: Win32u.DLL\r\nHashes: SHA1=F7BA334AC244614685B5A36803369A5AD96382B2,MD5=88A4DB6ADEE9BBF5327C1F0CA88DDAAC,SHA256=BE06FB98E81DCB503F3E79355DE8569FD8A6B485CDFE3421E7D3AB4236B9F7AD,IMPHASH=5D2578ED274AAD83C30A3917C98404EE\r\nSigned: true\r\nSignature: Microsoft Windows\r\nSignatureStatus: Valid"}
{"@timestamp":"2020-10-22T01:31:10.968Z","TimeCreated":"2020-10-22T01:31:10.968Z","Hashes":"SHA1=58E8EDFB95889E9FBC59CC88FB832295953BA448,MD5=4E7FBE38E5A7B6054DC7C33C62B87651,SHA256=FA239E1F8B6883FFBB78F207B1D24BAF705876373EE416052D035021626E2E4B,IMPHASH=432434C9094663328A41BF9173E2051D","Signature":"Microsoft Windows","ProviderGuid":"{5770385f-c22a-43e0-bf4c-06f5698ffbd9}","Company":"Microsoft Corporation","UtcTime":"2020-10-22 05:31:10.957","ProcessGuid":"{39e4a257-191e-5f91-6112-000000000700}","Image":"C:\\Windows\\SysWOW64\\rundll32.exe","ImageLoaded":"C:\\Windows\\SysWOW64\\gdi32.dll","Level":"4","Channel":"Microsoft-Windows-Sysmon/Operational","Task":"7","RuleName":"-","FileVersion":"10.0.18362.1 (WinBuild.160101.0800)","SourceName":"Microsoft-Windows-Sysmon","Hostname":"WORKSTATION5","ProcessId":"7256","Description":"GDI Client DLL","SignatureStatus":"Valid","Product":"Microsoft Windows Operating System","EventID":7,"Keywords":"0x8000000000000000","Signed":"true","OriginalFileName":"gdi32","Message":"Image loaded:\r\nRuleName: -\r\nUtcTime: 2020-10-22 05:31:10.957\r\nProcessGuid: {39e4a257-191e-5f91-6112-000000000700}\r\nProcessId: 7256\r\nImage: C:\\Windows\\SysWOW64\\rundll32.exe\r\nImageLoaded: C:\\Windows\\SysWOW64\\gdi32.dll\r\nFileVersion: 10.0.18362.1 (WinBuild.160101.0800)\r\nDescription: GDI Client DLL\r\nProduct: Microsoft Windows Operating System\r\nCompany: Microsoft Corporation\r\nOriginalFileName: gdi32\r\nHashes: SHA1=58E8EDFB95889E9FBC59CC88FB832295953BA448,MD5=4E7FBE38E5A7B6054DC7C33C62B87651,SHA256=FA239E1F8B6883FFBB78F207B1D24BAF705876373EE416052D035021626E2E4B,IMPHASH=432434C9094663328A41BF9173E2051D\r\nSigned: true\r\nSignature: Microsoft Windows\r\nSignatureStatus: Valid"}
{"@timestamp":"2020-10-22T01:31:10.969Z","TimeCreated":"2020-10-22T01:31:10.969Z","Hashes":"SHA1=3E8B754E615ECF2951E5D47A51666E424CC8BE91,MD5=0BD0181724E747F7A37F22EDB3453F78,SHA256=8B9C82EBC4B74FB89F452A05E71BBD8A4376BB1191AE4FCD87CC4FBBA14E1DEF,IMPHASH=7D2516EC862880B252427B7A60C91254","Signature":"Microsoft Windows","ProviderGuid":"{5770385f-c22a-43e0-bf4c-06f5698ffbd9}","Company":"Microsoft Corporation","UtcTime":"2020-10-22 05:31:10.957","ProcessGuid":"{39e4a257-191e-5f91-6112-000000000700}","Image":"C:\\Windows\\SysWOW64\\rundll32.exe","ImageLoaded":"C:\\Windows\\SysWOW64\\gdi32full.dll","Level":"4","Channel":"Microsoft-Windows-Sysmon/Operational","Task":"7","RuleName":"-","FileVersion":"10.0.18362.1139 (WinBuild.160101.0800)","SourceName":"Microsoft-Windows-Sysmon","Hostname":"WORKSTATION5","ProcessId":"7256","Description":"GDI Client DLL","SignatureStatus":"Valid","Product":"Microsoft Windows Operating System","EventID":7,"Keywords":"0x8000000000000000","Signed":"true","OriginalFileName":"gdi32","Message":"Image loaded:\r\nRuleName: -\r\nUtcTime: 2020-10-22 05:31:10.957\r\nProcessGuid: {39e4a257-191e-5f91-6112-000000000700}\r\nProcessId: 7256\r\nImage: C:\\Windows\\SysWOW64\\rundll32.exe\r\nImageLoaded: C:\\Windows\\SysWOW64\\gdi32full.dll\r\nFileVersion: 10.0.18362.1139 (WinBuild.160101.0800)\r\nDescription: GDI Client DLL\r\nProduct: Microsoft Windows Operating System\r\nCompany: Microsoft Corporation\r\nOriginalFileName: gdi32\r\nHashes: SHA1=3E8B754E615ECF2951E5D47A51666E424CC8BE91,MD5=0BD0181724E747F7A37F22EDB3453F78,SHA256=8B9C82EBC4B74FB89F452A05E71BBD8A4376BB1191AE4FCD87CC4FBBA14E1DEF,IMPHASH=7D2516EC862880B252427B7A60C91254\r\nSigned: true\r\nSignature: Microsoft Windows\r\nSignatureStatus: Valid"}
{"@timestamp":"2020-10-22T01:31:10.971Z","TimeCreated":"2020-10-22T01:31:10.971Z","Hashes":"SHA1=85A1BB9B7B719FADCF0EE8D7F63D053F9FCB1BD5,MD5=1F132C76A07ADC8A41B6F9859323E0E0,SHA256=A6DDBC4954687B359C4B1BC7105647828ED9C6C34FBA89C395806EA2420DBB2F,IMPHASH=11BA8F984C80EB875604C1380B72A4D6","Signature":"Microsoft Windows","ProviderGuid":"{5770385f-c22a-43e0-bf4c-06f5698ffbd9}","Company":"Microsoft Corporation","UtcTime":"2020-10-22 05:31:10.957","ProcessGuid":"{39e4a257-191e-5f91-6112-000000000700}","Image":"C:\\Windows\\SysWOW64\\rundll32.exe","ImageLoaded":"C:\\Windows\\SysWOW64\\msvcp_win.dll","Level":"4","Channel":"Microsoft-Windows-Sysmon/Operational","Task":"7","RuleName":"-","FileVersion":"10.0.18362.1110 (WinBuild.160101.0800)","SourceName":"Microsoft-Windows-Sysmon","Hostname":"WORKSTATION5","ProcessId":"7256","Description":"Microsoft C Runtime Library","SignatureStatus":"Valid","Product":"Microsoft Windows Operating System","EventID":7,"Keywords":"0x8000000000000000","Signed":"true","OriginalFileName":"msvcp_win.dll","Message":"Image loaded:\r\nRuleName: -\r\nUtcTime: 2020-10-22 05:31:10.957\r\nProcessGuid: {39e4a257-191e-5f91-6112-000000000700}\r\nProcessId: 7256\r\nImage: C:\\Windows\\SysWOW64\\rundll32.exe\r\nImageLoaded: C:\\Windows\\SysWOW64\\msvcp_win.dll\r\nFileVersion: 10.0.18362.1110 (WinBuild.160101.0800)\r\nDescription: Microsoft C Runtime Library\r\nProduct: Microsoft Windows Operating System\r\nCompany: Microsoft Corporation\r\nOriginalFileName: msvcp_win.dll\r\nHashes: SHA1=85A1BB9B7B719FADCF0EE8D7F63D053F9FCB1BD5,MD5=1F132C76A07ADC8A41B6F9859323E0E0,SHA256=A6DDBC4954687B359C4B1BC7105647828ED9C6C34FBA89C395806EA2420DBB2F,IMPHASH=11BA8F984C80EB875604C1380B72A4D6\r\nSigned: true\r\nSignature: Microsoft Windows\r\nSignatureStatus: Valid"}
{"@timestamp":"2020-10-22T01:31:10.972Z","TimeCreated":"2020-10-22T01:31:10.972Z","Hashes":"SHA1=EE1CD03129E6A00ED5AAF31E2C36B7F4356AE0EF,MD5=CC3BF1319F2EF9C9718735BDBD2441A9,SHA256=50825771D83ED274C814961C7D84E124539821F647F71C8A60B620A3008A1605,IMPHASH=D39A7129E74D69DDB0535724BD6037B5","Signature":"Microsoft Windows","ProviderGuid":"{5770385f-c22a-43e0-bf4c-06f5698ffbd9}","Company":"Microsoft Corporation","UtcTime":"2020-10-22 05:31:10.957","ProcessGuid":"{39e4a257-191e-5f91-6112-000000000700}","Image":"C:\\Windows\\SysWOW64\\rundll32.exe","ImageLoaded":"C:\\Windows\\SysWOW64\\ucrtbase.dll","Level":"4","Channel":"Microsoft-Windows-Sysmon/Operational","Task":"7","RuleName":"-","FileVersion":"10.0.18362.1110 (WinBuild.160101.0800)","SourceName":"Microsoft-Windows-Sysmon","Hostname":"WORKSTATION5","ProcessId":"7256","Description":"Microsoft C Runtime Library","SignatureStatus":"Valid","Product":"Microsoft Windows Operating System","EventID":7,"Keywords":"0x8000000000000000","Signed":"true","OriginalFileName":"ucrtbase.dll","Message":"Image loaded:\r\nRuleName: -\r\nUtcTime: 2020-10-22 05:31:10.957\r\nProcessGuid: {39e4a257-191e-5f91-6112-000000000700}\r\nProcessId: 7256\r\nImage: C:\\Windows\\SysWOW64\\rundll32.exe\r\nImageLoaded: C:\\Windows\\SysWOW64\\ucrtbase.dll\r\nFileVersion: 10.0.18362.1110 (WinBuild.160101.0800)\r\nDescription: Microsoft C Runtime Library\r\nProduct: Microsoft Windows Operating System\r\nCompany: Microsoft Corporation\r\nOriginalFileName: ucrtbase.dll\r\nHashes: SHA1=EE1CD03129E6A00ED5AAF31E2C36B7F4356AE0EF,MD5=CC3BF1319F2EF9C9718735BDBD2441A9,SHA256=50825771D83ED274C814961C7D84E124539821F647F71C8A60B620A3008A1605,IMPHASH=D39A7129E74D69DDB0535724BD6037B5\r\nSigned: true\r\nSignature: Microsoft Windows\r\nSignatureStatus: Valid"}
{"@timestamp":"2020-10-22T01:31:10.973Z","TimeCreated":"2020-10-22T01:31:10.973Z","Hashes":"SHA1=C3F2589CA410376CDABEECB24577D3FA7B20228C,MD5=D6DEB50F228A1BF24431FA661EA00F09,SHA256=5F848B38E98E6246A071F54C96DC7946A99ED520D98EDA9F4A643A52624E3EFC,IMPHASH=F51EBE71B9EFFBE2A12991C948220F37","Signature":"Microsoft Windows","ProviderGuid":"{5770385f-c22a-43e0-bf4c-06f5698ffbd9}","Company":"Microsoft Corporation","UtcTime":"2020-10-22 05:31:10.957","ProcessGuid":"{39e4a257-191e-5f91-6112-000000000700}","Image":"C:\\Windows\\SysWOW64\\rundll32.exe","ImageLoaded":"C:\\Windows\\SysWOW64\\shell32.dll","Level":"4","Channel":"Microsoft-Windows-Sysmon/Operational","Task":"7","RuleName":"-","FileVersion":"10.0.18362.1110 (WinBuild.160101.0800)","SourceName":"Microsoft-Windows-Sysmon","Hostname":"WORKSTATION5","ProcessId":"7256","Description":"Windows Shell Common Dll","SignatureStatus":"Valid","Product":"Microsoft Windows Operating System","EventID":7,"Keywords":"0x8000000000000000","Signed":"true","OriginalFileName":"SHELL32.DLL","Message":"Image loaded:\r\nRuleName: -\r\nUtcTime: 2020-10-22 05:31:10.957\r\nProcessGuid: {39e4a257-191e-5f91-6112-000000000700}\r\nProcessId: 7256\r\nImage: C:\\Windows\\SysWOW64\\rundll32.exe\r\nImageLoaded: C:\\Windows\\SysWOW64\\shell32.dll\r\nFileVersion: 10.0.18362.1110 (WinBuild.160101.0800)\r\nDescription: Windows Shell Common Dll\r\nProduct: Microsoft Windows Operating System\r\nCompany: Microsoft Corporation\r\nOriginalFileName: SHELL32.DLL\r\nHashes: SHA1=C3F2589CA410376CDABEECB24577D3FA7B20228C,MD5=D6DEB50F228A1BF24431FA661EA00F09,SHA256=5F848B38E98E6246A071F54C96DC7946A99ED520D98EDA9F4A643A52624E3EFC,IMPHASH=F51EBE71B9EFFBE2A12991C948220F37\r\nSigned: true\r\nSignature: Microsoft Windows\r\nSignatureStatus: Valid"}
{"@timestamp":"2020-10-22T01:31:10.973Z","TimeCreated":"2020-10-22T01:31:10.973Z","Hashes":"SHA1=17271A3850206ECDBA3C61150DC1E6F7EE6384DA,MD5=0BD3ECA7930403B3458D82802F1D8EE9,SHA256=5239F556FE82E3D5C467BD89E9F19875A37980E3C984EE5E14241F7DFCCFCE34,IMPHASH=DD04E22EE175FF91F1B2A6E9FA2B403B","Signature":"Microsoft Windows","ProviderGuid":"{5770385f-c22a-43e0-bf4c-06f5698ffbd9}","Company":"Microsoft Corporation","UtcTime":"2020-10-22 05:31:10.957","ProcessGuid":"{39e4a257-191e-5f91-6112-000000000700}","Image":"C:\\Windows\\SysWOW64\\rundll32.exe","ImageLoaded":"C:\\Windows\\SysWOW64\\cfgmgr32.dll","Level":"4","Channel":"Microsoft-Windows-Sysmon/Operational","Task":"7","RuleName":"-","FileVersion":"10.0.18362.387 (WinBuild.160101.0800)","SourceName":"Microsoft-Windows-Sysmon","Hostname":"WORKSTATION5","ProcessId":"7256","Description":"Configuration Manager DLL","SignatureStatus":"Valid","Product":"Microsoft Windows Operating System","EventID":7,"Keywords":"0x8000000000000000","Signed":"true","OriginalFileName":"CFGMGR32.DLL","Message":"Image loaded:\r\nRuleName: -\r\nUtcTime: 2020-10-22 05:31:10.957\r\nProcessGuid: {39e4a257-191e-5f91-6112-000000000700}\r\nProcessId: 7256\r\nImage: C:\\Windows\\SysWOW64\\rundll32.exe\r\nImageLoaded: C:\\Windows\\SysWOW64\\cfgmgr32.dll\r\nFileVersion: 10.0.18362.387 (WinBuild.160101.0800)\r\nDescription: Configuration Manager DLL\r\nProduct: Microsoft Windows Operating System\r\nCompany: Microsoft Corporation\r\nOriginalFileName: CFGMGR32.DLL\r\nHashes: SHA1=17271A3850206ECDBA3C61150DC1E6F7EE6384DA,MD5=0BD3ECA7930403B3458D82802F1D8EE9,SHA256=5239F556FE82E3D5C467BD89E9F19875A37980E3C984EE5E14241F7DFCCFCE34,IMPHASH=DD04E22EE175FF91F1B2A6E9FA2B403B\r\nSigned: true\r\nSignature: Microsoft Windows\r\nSignatureStatus: Valid"}
{"@timestamp":"2020-10-22T01:31:10.974Z","TimeCreated":"2020-10-22T01:31:10.974Z","Hashes":"SHA1=9C5A12828E3562A032E0E0C03E58201B9F8F99AC,MD5=0A1477C381F7B895CCBEB697473D08EF,SHA256=08F6885A964AFB60C0B71B76894EA26F701D0DA93EA064CAE9B84747C2CC9230,IMPHASH=77B86DCA499080693AD84EF101B5EAC1","Signature":"Microsoft Windows","ProviderGuid":"{5770385f-c22a-43e0-bf4c-06f5698ffbd9}","Company":"Microsoft Corporation","UtcTime":"2020-10-22 05:31:10.957","ProcessGuid":"{39e4a257-191e-5f91-6112-000000000700}","Image":"C:\\Windows\\SysWOW64\\rundll32.exe","ImageLoaded":"C:\\Windows\\SysWOW64\\SHCore.dll","Level":"4","Channel":"Microsoft-Windows-Sysmon/Operational","Task":"7","RuleName":"-","FileVersion":"10.0.18362.959 (WinBuild.160101.0800)","SourceName":"Microsoft-Windows-Sysmon","Hostname":"WORKSTATION5","ProcessId":"7256","Description":"SHCORE","SignatureStatus":"Valid","Product":"Microsoft Windows Operating System","EventID":7,"Keywords":"0x8000000000000000","Signed":"true","OriginalFileName":"SHCORE.dll","Message":"Image loaded:\r\nRuleName: -\r\nUtcTime: 2020-10-22 05:31:10.957\r\nProcessGuid: {39e4a257-191e-5f91-6112-000000000700}\r\nProcessId: 7256\r\nImage: C:\\Windows\\SysWOW64\\rundll32.exe\r\nImageLoaded: C:\\Windows\\SysWOW64\\SHCore.dll\r\nFileVersion: 10.0.18362.959 (WinBuild.160101.0800)\r\nDescription: SHCORE\r\nProduct: Microsoft Windows Operating System\r\nCompany: Microsoft Corporation\r\nOriginalFileName: SHCORE.dll\r\nHashes: SHA1=9C5A12828E3562A032E0E0C03E58201B9F8F99AC,MD5=0A1477C381F7B895CCBEB697473D08EF,SHA256=08F6885A964AFB60C0B71B76894EA26F701D0DA93EA064CAE9B84747C2CC9230,IMPHASH=77B86DCA499080693AD84EF101B5EAC1\r\nSigned: true\r\nSignature: Microsoft Windows\r\nSignatureStatus: Valid"}
{"@timestamp":"2020-10-22T01:31:10.975Z","TimeCreated":"2020-10-22T01:31:10.975Z","Hashes":"SHA1=78166BF81B61B0FAD4945CCAB8D4887558DCE279,MD5=0BBE2846DB4A7282A6CA7A475E1ACC7E,SHA256=227DD9CD9FA0EC949A319AB06E018E77958AFEBA00C0FC558D9E5CBA606614A9,IMPHASH=D0FDBD11FDC36EDA6A70DAC5849E46EF","Signature":"Microsoft Windows","ProviderGuid":"{5770385f-c22a-43e0-bf4c-06f5698ffbd9}","Company":"Microsoft Corporation","UtcTime":"2020-10-22 05:31:10.957","ProcessGuid":"{39e4a257-191e-5f91-6112-000000000700}","Image":"C:\\Windows\\SysWOW64\\rundll32.exe","ImageLoaded":"C:\\Windows\\SysWOW64\\rpcrt4.dll","Level":"4","Channel":"Microsoft-Windows-Sysmon/Operational","Task":"7","RuleName":"-","FileVersion":"10.0.18362.1110 (WinBuild.160101.0800)","SourceName":"Microsoft-Windows-Sysmon","Hostname":"WORKSTATION5","ProcessId":"7256","Description":"Remote Procedure Call Runtime","SignatureStatus":"Valid","Product":"Microsoft Windows Operating System","EventID":7,"Keywords":"0x8000000000000000","Signed":"true","OriginalFileName":"rpcrt4.dll","Message":"Image loaded:\r\nRuleName: -\r\nUtcTime: 2020-10-22 05:31:10.957\r\nProcessGuid: {39e4a257-191e-5f91-6112-000000000700}\r\nProcessId: 7256\r\nImage: C:\\Windows\\SysWOW64\\rundll32.exe\r\nImageLoaded: C:\\Windows\\SysWOW64\\rpcrt4.dll\r\nFileVersion: 10.0.18362.1110 (WinBuild.160101.0800)\r\nDescription: Remote Procedure Call Runtime\r\nProduct: Microsoft Windows Operating System\r\nCompany: Microsoft Corporation\r\nOriginalFileName: rpcrt4.dll\r\nHashes: SHA1=78166BF81B61B0FAD4945CCAB8D4887558DCE279,MD5=0BBE2846DB4A7282A6CA7A475E1ACC7E,SHA256=227DD9CD9FA0EC949A319AB06E018E77958AFEBA00C0FC558D9E5CBA606614A9,IMPHASH=D0FDBD11FDC36EDA6A70DAC5849E46EF\r\nSigned: true\r\nSignature: Microsoft Windows\r\nSignatureStatus: Valid"}
{"@timestamp":"2020-10-22T01:31:10.976Z","TimeCreated":"2020-10-22T01:31:10.976Z","Hashes":"SHA1=E91F04A69788ADB720C86FE989BF27E6AC381645,MD5=CE966CF8A3258F39183807ACDCAFB257,SHA256=E8650BAFFC99BF81CD3E861993B64BBE95CBD4D180E3DA8718A6853AA460390B,IMPHASH=B1FD0F51B4449E4A07E520B52091139C","Signature":"Microsoft Windows","ProviderGuid":"{5770385f-c22a-43e0-bf4c-06f5698ffbd9}","Company":"Microsoft Corporation","UtcTime":"2020-10-22 05:31:10.957","ProcessGuid":"{39e4a257-191e-5f91-6112-000000000700}","Image":"C:\\Windows\\SysWOW64\\rundll32.exe","ImageLoaded":"C:\\Windows\\SysWOW64\\AcLayers.dll","Level":"4","Channel":"Microsoft-Windows-Sysmon/Operational","Task":"7","RuleName":"-","FileVersion":"10.0.18362.449 (WinBuild.160101.0800)","SourceName":"Microsoft-Windows-Sysmon","Hostname":"WORKSTATION5","ProcessId":"7256","Description":"Windows Compatibility DLL","SignatureStatus":"Valid","Product":"Microsoft Windows Operating System","EventID":7,"Keywords":"0x8000000000000000","Signed":"true","OriginalFileName":"ACLAYERS.DLL","Message":"Image loaded:\r\nRuleName: -\r\nUtcTime: 2020-10-22 05:31:10.957\r\nProcessGuid: {39e4a257-191e-5f91-6112-000000000700}\r\nProcessId: 7256\r\nImage: C:\\Windows\\SysWOW64\\rundll32.exe\r\nImageLoaded: C:\\Windows\\SysWOW64\\AcLayers.dll\r\nFileVersion: 10.0.18362.449 (WinBuild.160101.0800)\r\nDescription: Windows Compatibility DLL\r\nProduct: Microsoft Windows Operating System\r\nCompany: Microsoft Corporation\r\nOriginalFileName: ACLAYERS.DLL\r\nHashes: SHA1=E91F04A69788ADB720C86FE989BF27E6AC381645,MD5=CE966CF8A3258F39183807ACDCAFB257,SHA256=E8650BAFFC99BF81CD3E861993B64BBE95CBD4D180E3DA8718A6853AA460390B,IMPHASH=B1FD0F51B4449E4A07E520B52091139C\r\nSigned: true\r\nSignature: Microsoft Windows\r\nSignatureStatus: Valid"}
{"@timestamp":"2020-10-22T01:31:10.976Z","TimeCreated":"2020-10-22T01:31:10.976Z","Hashes":"SHA1=6381110FBD53A7FA6A22212580E5A4FD813FC3D3,MD5=8451506DC2AA894D7299F13926F19247,SHA256=8B378A7C7D0232411501C067EF55A93EE4C0ED92C3E8E0BA85E604192C47F41D,IMPHASH=38A703BD3C2BE34308D897328957448F","Signature":"Microsoft Windows","ProviderGuid":"{5770385f-c22a-43e0-bf4c-06f5698ffbd9}","Company":"Microsoft Corporation","UtcTime":"2020-10-22 05:31:10.957","ProcessGuid":"{39e4a257-191e-5f91-6112-000000000700}","Image":"C:\\Windows\\SysWOW64\\rundll32.exe","ImageLoaded":"C:\\Windows\\SysWOW64\\sspicli.dll","Level":"4","Channel":"Microsoft-Windows-Sysmon/Operational","Task":"7","RuleName":"-","FileVersion":"10.0.18362.1049 (WinBuild.160101.0800)","SourceName":"Microsoft-Windows-Sysmon","Hostname":"WORKSTATION5","ProcessId":"7256","Description":"Security Support Provider Interface","SignatureStatus":"Valid","Product":"Microsoft Windows Operating System","EventID":7,"Keywords":"0x8000000000000000","Signed":"true","OriginalFileName":"security.dll","Message":"Image loaded:\r\nRuleName: -\r\nUtcTime: 2020-10-22 05:31:10.957\r\nProcessGuid: {39e4a257-191e-5f91-6112-000000000700}\r\nProcessId: 7256\r\nImage: C:\\Windows\\SysWOW64\\rundll32.exe\r\nImageLoaded: C:\\Windows\\SysWOW64\\sspicli.dll\r\nFileVersion: 10.0.18362.1049 (WinBuild.160101.0800)\r\nDescription: Security Support Provider Interface\r\nProduct: Microsoft Windows Operating System\r\nCompany: Microsoft Corporation\r\nOriginalFileName: security.dll\r\nHashes: SHA1=6381110FBD53A7FA6A22212580E5A4FD813FC3D3,MD5=8451506DC2AA894D7299F13926F19247,SHA256=8B378A7C7D0232411501C067EF55A93EE4C0ED92C3E8E0BA85E604192C47F41D,IMPHASH=38A703BD3C2BE34308D897328957448F\r\nSigned: true\r\nSignature: Microsoft Windows\r\nSignatureStatus: Valid"}
{"@timestamp":"2020-10-22T01:31:10.977Z","TimeCreated":"2020-10-22T01:31:10.977Z","Hashes":"SHA1=063B1D39B4B73ECF0011D1A53735500C718B6485,MD5=4F66B719C3DCEB50A4A568FA93CD2DC3,SHA256=C4D6D1B372BBB3A3B668B8B953FBE0C64FF677232F2BE9A9EAA4E3709F4AD6F3,IMPHASH=BC970F64103932EEB904449362F6025B","Signature":"Microsoft Windows","ProviderGuid":"{5770385f-c22a-43e0-bf4c-06f5698ffbd9}","Company":"Microsoft Corporation","UtcTime":"2020-10-22 05:31:10.957","ProcessGuid":"{39e4a257-191e-5f91-6112-000000000700}","Image":"C:\\Windows\\SysWOW64\\rundll32.exe","ImageLoaded":"C:\\Windows\\SysWOW64\\cryptbase.dll","Level":"4","Channel":"Microsoft-Windows-Sysmon/Operational","Task":"7","RuleName":"-","FileVersion":"10.0.18362.1 (WinBuild.160101.0800)","SourceName":"Microsoft-Windows-Sysmon","Hostname":"WORKSTATION5","ProcessId":"7256","Description":"Base cryptographic API DLL","SignatureStatus":"Valid","Product":"Microsoft Windows Operating System","EventID":7,"Keywords":"0x8000000000000000","Signed":"true","OriginalFileName":"cryptbase.dll","Message":"Image loaded:\r\nRuleName: -\r\nUtcTime: 2020-10-22 05:31:10.957\r\nProcessGuid: {39e4a257-191e-5f91-6112-000000000700}\r\nProcessId: 7256\r\nImage: C:\\Windows\\SysWOW64\\rundll32.exe\r\nImageLoaded: C:\\Windows\\SysWOW64\\cryptbase.dll\r\nFileVersion: 10.0.18362.1 (WinBuild.160101.0800)\r\nDescription: Base cryptographic API DLL\r\nProduct: Microsoft Windows Operating System\r\nCompany: Microsoft Corporation\r\nOriginalFileName: cryptbase.dll\r\nHashes: SHA1=063B1D39B4B73ECF0011D1A53735500C718B6485,MD5=4F66B719C3DCEB50A4A568FA93CD2DC3,SHA256=C4D6D1B372BBB3A3B668B8B953FBE0C64FF677232F2BE9A9EAA4E3709F4AD6F3,IMPHASH=BC970F64103932EEB904449362F6025B\r\nSigned: true\r\nSignature: Microsoft Windows\r\nSignatureStatus: Valid"}
{"@timestamp":"2020-10-22T01:31:10.977Z","TimeCreated":"2020-10-22T01:31:10.977Z","Hashes":"SHA1=344485EC9EFD7F533E607E24691089DFAEC52875,MD5=8D6F97F949E686D243843AAB74994FCB,SHA256=CC0CB9061A84428C8E56D415789EEAA84E0A24A446E54618885C61598703FCC1,IMPHASH=BE57D3232C688595C3276DB79B66BD35","Signature":"Microsoft Windows","ProviderGuid":"{5770385f-c22a-43e0-bf4c-06f5698ffbd9}","Company":"Microsoft Corporation","UtcTime":"2020-10-22 05:31:10.957","ProcessGuid":"{39e4a257-191e-5f91-6112-000000000700}","Image":"C:\\Windows\\SysWOW64\\rundll32.exe","ImageLoaded":"C:\\Windows\\SysWOW64\\bcryptprimitives.dll","Level":"4","Channel":"Microsoft-Windows-Sysmon/Operational","Task":"7","RuleName":"-","FileVersion":"10.0.18362.836 (WinBuild.160101.0800)","SourceName":"Microsoft-Windows-Sysmon","Hostname":"WORKSTATION5","ProcessId":"7256","Description":"Windows Cryptographic Primitives Library","SignatureStatus":"Valid","Product":"Microsoft Windows Operating System","EventID":7,"Keywords":"0x8000000000000000","Signed":"true","OriginalFileName":"bcryptprimitives.dll","Message":"Image loaded:\r\nRuleName: -\r\nUtcTime: 2020-10-22 05:31:10.957\r\nProcessGuid: {39e4a257-191e-5f91-6112-000000000700}\r\nProcessId: 7256\r\nImage: C:\\Windows\\SysWOW64\\rundll32.exe\r\nImageLoaded: C:\\Windows\\SysWOW64\\bcryptprimitives.dll\r\nFileVersion: 10.0.18362.836 (WinBuild.160101.0800)\r\nDescription: Windows Cryptographic Primitives Library\r\nProduct: Microsoft Windows Operating System\r\nCompany: Microsoft Corporation\r\nOriginalFileName: bcryptprimitives.dll\r\nHashes: SHA1=344485EC9EFD7F533E607E24691089DFAEC52875,MD5=8D6F97F949E686D243843AAB74994FCB,SHA256=CC0CB9061A84428C8E56D415789EEAA84E0A24A446E54618885C61598703FCC1,IMPHASH=BE57D3232C688595C3276DB79B66BD35\r\nSigned: true\r\nSignature: Microsoft Windows\r\nSignatureStatus: Valid"}
{"@timestamp":"2020-10-22T01:31:10.978Z","TimeCreated":"2020-10-22T01:31:10.978Z","Hashes":"SHA1=5B9EF68700345F1BF3B0A9BA7FE33513DFA3215C,MD5=F063AD78802BAE3DF61B336824282A65,SHA256=588CFBFC1E9D441D16228EBED5B92AF07963AD295446680E81BFDFCA75A20B40,IMPHASH=938E7EF741C79C98B2F57128B2F6C3CB","Signature":"Microsoft Windows","ProviderGuid":"{5770385f-c22a-43e0-bf4c-06f5698ffbd9}","Company":"Microsoft Corporation","UtcTime":"2020-10-22 05:31:10.957","ProcessGuid":"{39e4a257-191e-5f91-6112-000000000700}","Image":"C:\\Windows\\SysWOW64\\rundll32.exe","ImageLoaded":"C:\\Windows\\SysWOW64\\sechost.dll","Level":"4","Channel":"Microsoft-Windows-Sysmon/Operational","Task":"7","RuleName":"-","FileVersion":"10.0.18362.959 (WinBuild.160101.0800)","SourceName":"Microsoft-Windows-Sysmon","Hostname":"WORKSTATION5","ProcessId":"7256","Description":"Host for SCM/SDDL/LSA Lookup APIs","SignatureStatus":"Valid","Product":"Microsoft Windows Operating System","EventID":7,"Keywords":"0x8000000000000000","Signed":"true","OriginalFileName":"sechost.dll","Message":"Image loaded:\r\nRuleName: -\r\nUtcTime: 2020-10-22 05:31:10.957\r\nProcessGuid: {39e4a257-191e-5f91-6112-000000000700}\r\nProcessId: 7256\r\nImage: C:\\Windows\\SysWOW64\\rundll32.exe\r\nImageLoaded: C:\\Windows\\SysWOW64\\sechost.dll\r\nFileVersion: 10.0.18362.959 (WinBuild.160101.0800)\r\nDescription: Host for SCM/SDDL/LSA Lookup APIs\r\nProduct: Microsoft Windows Operating System\r\nCompany: Microsoft Corporation\r\nOriginalFileName: sechost.dll\r\nHashes: SHA1=5B9EF68700345F1BF3B0A9BA7FE33513DFA3215C,MD5=F063AD78802BAE3DF61B336824282A65,SHA256=588CFBFC1E9D441D16228EBED5B92AF07963AD295446680E81BFDFCA75A20B40,IMPHASH=938E7EF741C79C98B2F57128B2F6C3CB\r\nSigned: true\r\nSignature: Microsoft Windows\r\nSignatureStatus: Valid"}
{"@timestamp":"2020-10-22T01:31:10.978Z","TimeCreated":"2020-10-22T01:31:10.978Z","Hashes":"SHA1=AEADF8C9E0567B49B3B7823B26CBC6ADD719A8AC,MD5=1B4F96A19DC61E5635C39FAC81BEA2F6,SHA256=B5C3B95CB76E29D65BF65182C963369D466087884D804ED475578EBF7741559A,IMPHASH=59AEF02DD749E208002284C86CABC7BD","Signature":"Microsoft Windows","ProviderGuid":"{5770385f-c22a-43e0-bf4c-06f5698ffbd9}","Company":"Microsoft Corporation","UtcTime":"2020-10-22 05:31:10.957","ProcessGuid":"{39e4a257-191e-5f91-6112-000000000700}","Image":"C:\\Windows\\SysWOW64\\rundll32.exe","ImageLoaded":"C:\\Windows\\SysWOW64\\combase.dll","Level":"4","Channel":"Microsoft-Windows-Sysmon/Operational","Task":"7","RuleName":"-","FileVersion":"10.0.18362.1139 (WinBuild.160101.0800)","SourceName":"Microsoft-Windows-Sysmon","Hostname":"WORKSTATION5","ProcessId":"7256","Description":"Microsoft COM for Windows","SignatureStatus":"Valid","Product":"Microsoft Windows Operating System","EventID":7,"Keywords":"0x8000000000000000","Signed":"true","OriginalFileName":"COMBASE.DLL","Message":"Image loaded:\r\nRuleName: -\r\nUtcTime: 2020-10-22 05:31:10.957\r\nProcessGuid: {39e4a257-191e-5f91-6112-000000000700}\r\nProcessId: 7256\r\nImage: C:\\Windows\\SysWOW64\\rundll32.exe\r\nImageLoaded: C:\\Windows\\SysWOW64\\combase.dll\r\nFileVersion: 10.0.18362.1139 (WinBuild.160101.0800)\r\nDescription: Microsoft COM for Windows\r\nProduct: Microsoft Windows Operating System\r\nCompany: Microsoft Corporation\r\nOriginalFileName: COMBASE.DLL\r\nHashes: SHA1=AEADF8C9E0567B49B3B7823B26CBC6ADD719A8AC,MD5=1B4F96A19DC61E5635C39FAC81BEA2F6,SHA256=B5C3B95CB76E29D65BF65182C963369D466087884D804ED475578EBF7741559A,IMPHASH=59AEF02DD749E208002284C86CABC7BD\r\nSigned: true\r\nSignature: Microsoft Windows\r\nSignatureStatus: Valid"}
{"@timestamp":"2020-10-22T01:31:10.979Z","TimeCreated":"2020-10-22T01:31:10.979Z","Hashes":"SHA1=1F10D066A95E6295380E55EC5CB67C6E3B7D897A,MD5=5BBF8CC934E97DC1103B027136383987,SHA256=C589BC79CC5E6BA4D9DCE3045C184BC85D4926BC425D5A8369A91ABF2A1FD650,IMPHASH=BF9D05C675F8D70947F67B64297EF861","Signature":"Microsoft Windows","ProviderGuid":"{5770385f-c22a-43e0-bf4c-06f5698ffbd9}","Company":"Microsoft Corporation","UtcTime":"2020-10-22 05:31:10.957","ProcessGuid":"{39e4a257-191e-5f91-6112-000000000700}","Image":"C:\\Windows\\SysWOW64\\rundll32.exe","ImageLoaded":"C:\\Windows\\SysWOW64\\windows.storage.dll","Level":"4","Channel":"Microsoft-Windows-Sysmon/Operational","Task":"7","RuleName":"-","FileVersion":"10.0.18362.1082 (WinBuild.160101.0800)","SourceName":"Microsoft-Windows-Sysmon","Hostname":"WORKSTATION5","ProcessId":"7256","Description":"Microsoft WinRT Storage API","SignatureStatus":"Valid","Product":"Microsoft Windows Operating System","EventID":7,"Keywords":"0x8000000000000000","Signed":"true","OriginalFileName":"Windows.Storage.dll","Message":"Image loaded:\r\nRuleName: -\r\nUtcTime: 2020-10-22 05:31:10.957\r\nProcessGuid: {39e4a257-191e-5f91-6112-000000000700}\r\nProcessId: 7256\r\nImage: C:\\Windows\\SysWOW64\\rundll32.exe\r\nImageLoaded: C:\\Windows\\SysWOW64\\windows.storage.dll\r\nFileVersion: 10.0.18362.1082 (WinBuild.160101.0800)\r\nDescription: Microsoft WinRT Storage API\r\nProduct: Microsoft Windows Operating System\r\nCompany: Microsoft Corporation\r\nOriginalFileName: Windows.Storage.dll\r\nHashes: SHA1=1F10D066A95E6295380E55EC5CB67C6E3B7D897A,MD5=5BBF8CC934E97DC1103B027136383987,SHA256=C589BC79CC5E6BA4D9DCE3045C184BC85D4926BC425D5A8369A91ABF2A1FD650,IMPHASH=BF9D05C675F8D70947F67B64297EF861\r\nSigned: true\r\nSignature: Microsoft Windows\r\nSignatureStatus: Valid"}
{"@timestamp":"2020-10-22T01:31:10.979Z","TimeCreated":"2020-10-22T01:31:10.979Z","Hashes":"SHA1=9054404E2881F36FCD5E7A1C0DAEBE14830FF7C8,MD5=841C70EA9D2F8ED3E82E901E6558E206,SHA256=3B533B1A2EAB02AE6DD3C04C3E57FBA672AA8869ECEC79B931565D99E2B28589,IMPHASH=5E28AC6B585A9284F51A788AC518317C","Signature":"Microsoft Windows","ProviderGuid":"{5770385f-c22a-43e0-bf4c-06f5698ffbd9}","Company":"Microsoft Corporation","UtcTime":"2020-10-22 05:31:10.957","ProcessGuid":"{39e4a257-191e-5f91-6112-000000000700}","Image":"C:\\Windows\\SysWOW64\\rundll32.exe","ImageLoaded":"C:\\Windows\\SysWOW64\\advapi32.dll","Level":"4","Channel":"Microsoft-Windows-Sysmon/Operational","Task":"7","RuleName":"-","FileVersion":"10.0.18362.752 (WinBuild.160101.0800)","SourceName":"Microsoft-Windows-Sysmon","Hostname":"WORKSTATION5","ProcessId":"7256","Description":"Advanced Windows 32 Base API","SignatureStatus":"Valid","Product":"Microsoft Windows Operating System","EventID":7,"Keywords":"0x8000000000000000","Signed":"true","OriginalFileName":"advapi32.dll","Message":"Image loaded:\r\nRuleName: -\r\nUtcTime: 2020-10-22 05:31:10.957\r\nProcessGuid: {39e4a257-191e-5f91-6112-000000000700}\r\nProcessId: 7256\r\nImage: C:\\Windows\\SysWOW64\\rundll32.exe\r\nImageLoaded: C:\\Windows\\SysWOW64\\advapi32.dll\r\nFileVersion: 10.0.18362.752 (WinBuild.160101.0800)\r\nDescription: Advanced Windows 32 Base API\r\nProduct: Microsoft Windows Operating System\r\nCompany: Microsoft Corporation\r\nOriginalFileName: advapi32.dll\r\nHashes: SHA1=9054404E2881F36FCD5E7A1C0DAEBE14830FF7C8,MD5=841C70EA9D2F8ED3E82E901E6558E206,SHA256=3B533B1A2EAB02AE6DD3C04C3E57FBA672AA8869ECEC79B931565D99E2B28589,IMPHASH=5E28AC6B585A9284F51A788AC518317C\r\nSigned: true\r\nSignature: Microsoft Windows\r\nSignatureStatus: Valid"}
{"@timestamp":"2020-10-22T01:31:10.980Z","TimeCreated":"2020-10-22T01:31:10.980Z","Hashes":"SHA1=760DCCF61D8A27BC01C998E1949794B2C6EEE401,MD5=D531A3D816C570FEC126974A0F7DE907,SHA256=957AD704AE1904AA69E5C2AA1674EFA3762A75AFA1C9C6BFD2EB7BC4C7E1B314,IMPHASH=D532908FC0F7BF85D1442514E6101177","Signature":"Microsoft Windows","ProviderGuid":"{5770385f-c22a-43e0-bf4c-06f5698ffbd9}","Company":"Microsoft Corporation","UtcTime":"2020-10-22 05:31:10.957","ProcessGuid":"{39e4a257-191e-5f91-6112-000000000700}","Image":"C:\\Windows\\SysWOW64\\rundll32.exe","ImageLoaded":"C:\\Windows\\SysWOW64\\profapi.dll","Level":"4","Channel":"Microsoft-Windows-Sysmon/Operational","Task":"7","RuleName":"-","FileVersion":"10.0.18362.693 (WinBuild.160101.0800)","SourceName":"Microsoft-Windows-Sysmon","Hostname":"WORKSTATION5","ProcessId":"7256","Description":"User Profile Basic API","SignatureStatus":"Valid","Product":"Microsoft Windows Operating System","EventID":7,"Keywords":"0x8000000000000000","Signed":"true","OriginalFileName":"PROFAPI.DLL","Message":"Image loaded:\r\nRuleName: -\r\nUtcTime: 2020-10-22 05:31:10.957\r\nProcessGuid: {39e4a257-191e-5f91-6112-000000000700}\r\nProcessId: 7256\r\nImage: C:\\Windows\\SysWOW64\\rundll32.exe\r\nImageLoaded: C:\\Windows\\SysWOW64\\profapi.dll\r\nFileVersion: 10.0.18362.693 (WinBuild.160101.0800)\r\nDescription: User Profile Basic API\r\nProduct: Microsoft Windows Operating System\r\nCompany: Microsoft Corporation\r\nOriginalFileName: PROFAPI.DLL\r\nHashes: SHA1=760DCCF61D8A27BC01C998E1949794B2C6EEE401,MD5=D531A3D816C570FEC126974A0F7DE907,SHA256=957AD704AE1904AA69E5C2AA1674EFA3762A75AFA1C9C6BFD2EB7BC4C7E1B314,IMPHASH=D532908FC0F7BF85D1442514E6101177\r\nSigned: true\r\nSignature: Microsoft Windows\r\nSignatureStatus: Valid"}
{"@timestamp":"2020-10-22T01:31:10.980Z","TimeCreated":"2020-10-22T01:31:10.980Z","Hashes":"SHA1=5D735D61FABA97BCCFF7BFE0F5666A97F1321B3B,MD5=98CDEC7A103E158D7222E345E19BB9FF,SHA256=8749289DD56728332696C3B07B838D156BE50B1238B2FC437488B1D9631CDB19,IMPHASH=6E0F782A3578064CCF38D07C54DB952E","Signature":"Microsoft Windows","ProviderGuid":"{5770385f-c22a-43e0-bf4c-06f5698ffbd9}","Company":"Microsoft Corporation","UtcTime":"2020-10-22 05:31:10.957","ProcessGuid":"{39e4a257-191e-5f91-6112-000000000700}","Image":"C:\\Windows\\SysWOW64\\rundll32.exe","ImageLoaded":"C:\\Windows\\SysWOW64\\powrprof.dll","Level":"4","Channel":"Microsoft-Windows-Sysmon/Operational","Task":"7","RuleName":"-","FileVersion":"10.0.18362.1 (WinBuild.160101.0800)","SourceName":"Microsoft-Windows-Sysmon","Hostname":"WORKSTATION5","ProcessId":"7256","Description":"Power Profile Helper DLL","SignatureStatus":"Valid","Product":"Microsoft Windows Operating System","EventID":7,"Keywords":"0x8000000000000000","Signed":"true","OriginalFileName":"POWRPROF.DLL","Message":"Image loaded:\r\nRuleName: -\r\nUtcTime: 2020-10-22 05:31:10.957\r\nProcessGuid: {39e4a257-191e-5f91-6112-000000000700}\r\nProcessId: 7256\r\nImage: C:\\Windows\\SysWOW64\\rundll32.exe\r\nImageLoaded: C:\\Windows\\SysWOW64\\powrprof.dll\r\nFileVersion: 10.0.18362.1 (WinBuild.160101.0800)\r\nDescription: Power Profile Helper DLL\r\nProduct: Microsoft Windows Operating System\r\nCompany: Microsoft Corporation\r\nOriginalFileName: POWRPROF.DLL\r\nHashes: SHA1=5D735D61FABA97BCCFF7BFE0F5666A97F1321B3B,MD5=98CDEC7A103E158D7222E345E19BB9FF,SHA256=8749289DD56728332696C3B07B838D156BE50B1238B2FC437488B1D9631CDB19,IMPHASH=6E0F782A3578064CCF38D07C54DB952E\r\nSigned: true\r\nSignature: Microsoft Windows\r\nSignatureStatus: Valid"}
{"@timestamp":"2020-10-22T01:31:10.980Z","TimeCreated":"2020-10-22T01:31:10.980Z","Hashes":"SHA1=F94551C7209848334B6D11EB37C87F26154F6088,MD5=6C0B99BB629982510C1DA46E47AE6F6D,SHA256=B15E5AD0C6A24B8D7A07A50C77D0BD5D17670515BAD710332EA19DC4C169E65F,IMPHASH=211299E899F27C65BF03F1695C3A1DFC","Signature":"Microsoft Windows","ProviderGuid":"{5770385f-c22a-43e0-bf4c-06f5698ffbd9}","Company":"-","UtcTime":"2020-10-22 05:31:10.957","ProcessGuid":"{39e4a257-191e-5f91-6112-000000000700}","Image":"C:\\Windows\\SysWOW64\\rundll32.exe","ImageLoaded":"C:\\Windows\\SysWOW64\\umpdc.dll","Level":"4","Channel":"Microsoft-Windows-Sysmon/Operational","Task":"7","RuleName":"-","FileVersion":"-","SourceName":"Microsoft-Windows-Sysmon","Hostname":"WORKSTATION5","ProcessId":"7256","Description":"-","SignatureStatus":"Valid","Product":"-","EventID":7,"Keywords":"0x8000000000000000","Signed":"true","OriginalFileName":"-","Message":"Image loaded:\r\nRuleName: -\r\nUtcTime: 2020-10-22 05:31:10.957\r\nProcessGuid: {39e4a257-191e-5f91-6112-000000000700}\r\nProcessId: 7256\r\nImage: C:\\Windows\\SysWOW64\\rundll32.exe\r\nImageLoaded: C:\\Windows\\SysWOW64\\umpdc.dll\r\nFileVersion: -\r\nDescription: -\r\nProduct: -\r\nCompany: -\r\nOriginalFileName: -\r\nHashes: SHA1=F94551C7209848334B6D11EB37C87F26154F6088,MD5=6C0B99BB629982510C1DA46E47AE6F6D,SHA256=B15E5AD0C6A24B8D7A07A50C77D0BD5D17670515BAD710332EA19DC4C169E65F,IMPHASH=211299E899F27C65BF03F1695C3A1DFC\r\nSigned: true\r\nSignature: Microsoft Windows\r\nSignatureStatus: Valid"}
{"@timestamp":"2020-10-22T01:31:10.981Z","TimeCreated":"2020-10-22T01:31:10.981Z","Hashes":"SHA1=A422554DAF113081BAB0EF522B85A77B20121960,MD5=51A08192752EDFDD0BA99ADB7032A239,SHA256=8EB1D03DD3E18681CAD35F0D1E14874CABD200C345682D03AF1B724645C4EC8A,IMPHASH=62991C5390DFDF0C490A1211BBCA28E7","Signature":"Microsoft Windows","ProviderGuid":"{5770385f-c22a-43e0-bf4c-06f5698ffbd9}","Company":"Microsoft Corporation","UtcTime":"2020-10-22 05:31:10.957","ProcessGuid":"{39e4a257-191e-5f91-6112-000000000700}","Image":"C:\\Windows\\SysWOW64\\rundll32.exe","ImageLoaded":"C:\\Windows\\SysWOW64\\shlwapi.dll","Level":"4","Channel":"Microsoft-Windows-Sysmon/Operational","Task":"7","RuleName":"-","FileVersion":"10.0.18362.1 (WinBuild.160101.0800)","SourceName":"Microsoft-Windows-Sysmon","Hostname":"WORKSTATION5","ProcessId":"7256","Description":"Shell Light-weight Utility Library","SignatureStatus":"Valid","Product":"Microsoft Windows Operating System","EventID":7,"Keywords":"0x8000000000000000","Signed":"true","OriginalFileName":"SHLWAPI.DLL","Message":"Image loaded:\r\nRuleName: -\r\nUtcTime: 2020-10-22 05:31:10.957\r\nProcessGuid: {39e4a257-191e-5f91-6112-000000000700}\r\nProcessId: 7256\r\nImage: C:\\Windows\\SysWOW64\\rundll32.exe\r\nImageLoaded: C:\\Windows\\SysWOW64\\shlwapi.dll\r\nFileVersion: 10.0.18362.1 (WinBuild.160101.0800)\r\nDescription: Shell Light-weight Utility Library\r\nProduct: Microsoft Windows Operating System\r\nCompany: Microsoft Corporation\r\nOriginalFileName: SHLWAPI.DLL\r\nHashes: SHA1=A422554DAF113081BAB0EF522B85A77B20121960,MD5=51A08192752EDFDD0BA99ADB7032A239,SHA256=8EB1D03DD3E18681CAD35F0D1E14874CABD200C345682D03AF1B724645C4EC8A,IMPHASH=62991C5390DFDF0C490A1211BBCA28E7\r\nSigned: true\r\nSignature: Microsoft Windows\r\nSignatureStatus: Valid"}
{"@timestamp":"2020-10-22T01:31:10.981Z","TimeCreated":"2020-10-22T01:31:10.981Z","Hashes":"SHA1=8A1915ECD12930C00B1C1BEFBD13294C39E59228,MD5=DAF6C49CD2F99B360FFBDB79E4193274,SHA256=1FA0A55F470D1B59143B5367B94422DE32694828861F4FA830DA38DBEE72A5A9,IMPHASH=6150B4247FB1D7D269D5BC05C440D8CA","Signature":"Microsoft Windows","ProviderGuid":"{5770385f-c22a-43e0-bf4c-06f5698ffbd9}","Company":"Microsoft Corporation","UtcTime":"2020-10-22 05:31:10.957","ProcessGuid":"{39e4a257-191e-5f91-6112-000000000700}","Image":"C:\\Windows\\SysWOW64\\rundll32.exe","ImageLoaded":"C:\\Windows\\SysWOW64\\kernel.appcore.dll","Level":"4","Channel":"Microsoft-Windows-Sysmon/Operational","Task":"7","RuleName":"-","FileVersion":"10.0.18362.1110 (WinBuild.160101.0800)","SourceName":"Microsoft-Windows-Sysmon","Hostname":"WORKSTATION5","ProcessId":"7256","Description":"AppModel API Host","SignatureStatus":"Valid","Product":"Microsoft Windows Operating System","EventID":7,"Keywords":"0x8000000000000000","Signed":"true","OriginalFileName":"kernel.appcore.dll","Message":"Image loaded:\r\nRuleName: -\r\nUtcTime: 2020-10-22 05:31:10.957\r\nProcessGuid: {39e4a257-191e-5f91-6112-000000000700}\r\nProcessId: 7256\r\nImage: C:\\Windows\\SysWOW64\\rundll32.exe\r\nImageLoaded: C:\\Windows\\SysWOW64\\kernel.appcore.dll\r\nFileVersion: 10.0.18362.1110 (WinBuild.160101.0800)\r\nDescription: AppModel API Host\r\nProduct: Microsoft Windows Operating System\r\nCompany: Microsoft Corporation\r\nOriginalFileName: kernel.appcore.dll\r\nHashes: SHA1=8A1915ECD12930C00B1C1BEFBD13294C39E59228,MD5=DAF6C49CD2F99B360FFBDB79E4193274,SHA256=1FA0A55F470D1B59143B5367B94422DE32694828861F4FA830DA38DBEE72A5A9,IMPHASH=6150B4247FB1D7D269D5BC05C440D8CA\r\nSigned: true\r\nSignature: Microsoft Windows\r\nSignatureStatus: Valid"}
{"@timestamp":"2020-10-22T01:31:10.982Z","TimeCreated":"2020-10-22T01:31:10.982Z","Hashes":"SHA1=A0BF69C99B7F3A7E2AF630B411945B6A55A3EDA0,MD5=CD0FD8A767EC4F1E177DB2B77001E16A,SHA256=033EDBC7A032E745EAD8C924417234CF3A4CD27AEFC474CC1A79A2426FEB15FB,IMPHASH=C54E88E35A24F5BA0A76FE0038B038A7","Signature":"Microsoft Windows","ProviderGuid":"{5770385f-c22a-43e0-bf4c-06f5698ffbd9}","Company":"Microsoft Corporation","UtcTime":"2020-10-22 05:31:10.957","ProcessGuid":"{39e4a257-191e-5f91-6112-000000000700}","Image":"C:\\Windows\\SysWOW64\\rundll32.exe","ImageLoaded":"C:\\Windows\\SysWOW64\\cryptsp.dll","Level":"4","Channel":"Microsoft-Windows-Sysmon/Operational","Task":"7","RuleName":"-","FileVersion":"10.0.18362.1 (WinBuild.160101.0800)","SourceName":"Microsoft-Windows-Sysmon","Hostname":"WORKSTATION5","ProcessId":"7256","Description":"Cryptographic Service Provider API","SignatureStatus":"Valid","Product":"Microsoft Windows Operating System","EventID":7,"Keywords":"0x8000000000000000","Signed":"true","OriginalFileName":"cryptsp.dll","Message":"Image loaded:\r\nRuleName: -\r\nUtcTime: 2020-10-22 05:31:10.957\r\nProcessGuid: {39e4a257-191e-5f91-6112-000000000700}\r\nProcessId: 7256\r\nImage: C:\\Windows\\SysWOW64\\rundll32.exe\r\nImageLoaded: C:\\Windows\\SysWOW64\\cryptsp.dll\r\nFileVersion: 10.0.18362.1 (WinBuild.160101.0800)\r\nDescription: Cryptographic Service Provider API\r\nProduct: Microsoft Windows Operating System\r\nCompany: Microsoft Corporation\r\nOriginalFileName: cryptsp.dll\r\nHashes: SHA1=A0BF69C99B7F3A7E2AF630B411945B6A55A3EDA0,MD5=CD0FD8A767EC4F1E177DB2B77001E16A,SHA256=033EDBC7A032E745EAD8C924417234CF3A4CD27AEFC474CC1A79A2426FEB15FB,IMPHASH=C54E88E35A24F5BA0A76FE0038B038A7\r\nSigned: true\r\nSignature: Microsoft Windows\r\nSignatureStatus: Valid"}
{"@timestamp":"2020-10-22T01:31:10.982Z","TimeCreated":"2020-10-22T01:31:10.982Z","Hashes":"SHA1=0BFADA78884BDBA25321D424EB1D245870481980,MD5=8C9DE65D8F866DEDA4CC23BB6B7D7CE9,SHA256=1028B3B94FE22D129D44A9FDBBAECAD97A91661D416AA4420FD7DB356DEAC26A,IMPHASH=31A9AA4843E74555084EF2AEB51A40A6","Signature":"Microsoft Windows","ProviderGuid":"{5770385f-c22a-43e0-bf4c-06f5698ffbd9}","Company":"Microsoft Corporation","UtcTime":"2020-10-22 05:31:10.957","ProcessGuid":"{39e4a257-191e-5f91-6112-000000000700}","Image":"C:\\Windows\\SysWOW64\\rundll32.exe","ImageLoaded":"C:\\Windows\\SysWOW64\\oleaut32.dll","Level":"4","Channel":"Microsoft-Windows-Sysmon/Operational","Task":"7","RuleName":"-","FileVersion":"10.0.18362.1110 (WinBuild.160101.0800)","SourceName":"Microsoft-Windows-Sysmon","Hostname":"WORKSTATION5","ProcessId":"7256","Description":"OLEAUT32.DLL","SignatureStatus":"Valid","Product":"Microsoft Windows Operating System","EventID":7,"Keywords":"0x8000000000000000","Signed":"true","OriginalFileName":"OLEAUT32.DLL","Message":"Image loaded:\r\nRuleName: -\r\nUtcTime: 2020-10-22 05:31:10.957\r\nProcessGuid: {39e4a257-191e-5f91-6112-000000000700}\r\nProcessId: 7256\r\nImage: C:\\Windows\\SysWOW64\\rundll32.exe\r\nImageLoaded: C:\\Windows\\SysWOW64\\oleaut32.dll\r\nFileVersion: 10.0.18362.1110 (WinBuild.160101.0800)\r\nDescription: OLEAUT32.DLL\r\nProduct: Microsoft Windows Operating System\r\nCompany: Microsoft Corporation\r\nOriginalFileName: OLEAUT32.DLL\r\nHashes: SHA1=0BFADA78884BDBA25321D424EB1D245870481980,MD5=8C9DE65D8F866DEDA4CC23BB6B7D7CE9,SHA256=1028B3B94FE22D129D44A9FDBBAECAD97A91661D416AA4420FD7DB356DEAC26A,IMPHASH=31A9AA4843E74555084EF2AEB51A40A6\r\nSigned: true\r\nSignature: Microsoft Windows\r\nSignatureStatus: Valid"}
{"@timestamp":"2020-10-22T01:31:11.173Z","TimeCreated":"2020-10-22T01:31:11.173Z","Hashes":"SHA1=13B0DEB998CE23E7651F6E28E05B38964396CCCB,MD5=67A7660053521B980407EB267D44A48C,SHA256=B9B74291C3BC47FFF9AED55477F7EF23D183449365E79ED7CB469AF284B0028B,IMPHASH=819581F66277043C0015E7EFD22E8CE9","Signature":"Microsoft Windows","ProviderGuid":"{5770385f-c22a-43e0-bf4c-06f5698ffbd9}","Company":"Microsoft Corporation","UtcTime":"2020-10-22 05:31:11.160","ProcessGuid":"{39e4a257-191e-5f91-6112-000000000700}","Image":"C:\\Windows\\SysWOW64\\rundll32.exe","ImageLoaded":"C:\\Windows\\SysWOW64\\propsys.dll","Level":"4","Channel":"Microsoft-Windows-Sysmon/Operational","Task":"7","RuleName":"-","FileVersion":"7.0.18362.815 (WinBuild.160101.0800)","SourceName":"Microsoft-Windows-Sysmon","Hostname":"WORKSTATION5","ProcessId":"7256","Description":"Microsoft Property System","SignatureStatus":"Valid","Product":"Windows Search","EventID":7,"Keywords":"0x8000000000000000","Signed":"true","OriginalFileName":"propsys.dll","Message":"Image loaded:\r\nRuleName: -\r\nUtcTime: 2020-10-22 05:31:11.160\r\nProcessGuid: {39e4a257-191e-5f91-6112-000000000700}\r\nProcessId: 7256\r\nImage: C:\\Windows\\SysWOW64\\rundll32.exe\r\nImageLoaded: C:\\Windows\\SysWOW64\\propsys.dll\r\nFileVersion: 7.0.18362.815 (WinBuild.160101.0800)\r\nDescription: Microsoft Property System\r\nProduct: Windows Search\r\nCompany: Microsoft Corporation\r\nOriginalFileName: propsys.dll\r\nHashes: SHA1=13B0DEB998CE23E7651F6E28E05B38964396CCCB,MD5=67A7660053521B980407EB267D44A48C,SHA256=B9B74291C3BC47FFF9AED55477F7EF23D183449365E79ED7CB469AF284B0028B,IMPHASH=819581F66277043C0015E7EFD22E8CE9\r\nSigned: true\r\nSignature: Microsoft Windows\r\nSignatureStatus: Valid"}
