{"GrantedAccess":"0x1000","@timestamp":"2020-10-22T12:21:39.547Z","TimeCreated":"2020-10-22T12:21:39.547Z","SourceThreadId":"4688","SourceImage":"C:\\windows\\Explorer.EXE","ProviderGuid":"{5770385f-c22a-43e0-bf4c-06f5698ffbd9}","CallTrace":"C:\\windows\\SYSTEM32\\ntdll.dll+9c584|C:\\windows\\System32\\KERNELBASE.dll+305fe|C:\\windows\\SYSTEM32\\twinapi.appcore.dll+2e3a7|C:\\windows\\SYSTEM32\\twinapi.appcore.dll+2e15d|C:\\windows\\SYSTEM32\\twinapi.appcore.dll+35ae1|C:\\windows\\SYSTEM32\\twinapi.appcore.dll+2ea10|C:\\windows\\system32\\twinui.pcshell.dll+239c8|C:\\windows\\system32\\twinui.pcshell.dll+5bb42|C:\\windows\\System32\\USER32.dll+15c1d|C:\\windows\\System32\\USER32.dll+15612|C:\\windows\\system32\\twinui.pcshell.dll+1a0a9|C:\\windows\\system32\\twinui.pcshell.dll+1afbc|C:\\windows\\system32\\twinui.pcshell.dll+18cbf|C:\\windows\\system32\\twinui.pcshell.dll+18ad7|C:\\windows\\system32\\twinui.pcshell.dll+18fc5|C:\\windows\\system32\\twinui.pcshell.dll+71fbb|C:\\windows\\System32\\RPCRT4.dll+76a63|C:\\windows\\System32\\RPCRT4.dll+da036|C:\\windows\\System32\\RPCRT4.dll+383b9|C:\\windows\\System32\\combase.dll+a5cff|C:\\windows\\System32\\RPCRT4.dll+59bab|C:\\windows\\System32\\combase.dll+8d0e3|C:\\windows\\System32\\combase.dll+8ced3|C:\\windows\\System32\\combase.dll+a9556","UtcTime":"2020-10-22 04:21:39.537","TargetProcessGUID":"{39e4a257-ff48-5f8c-1b04-000000000700}","SourceProcessId":"1072","Level":"4","Channel":"Microsoft-Windows-Sysmon/Operational","Task":"10","RuleName":"-","SourceName":"Microsoft-Windows-Sysmon","Hostname":"WORKSTATION5","SourceProcessGUID":"{39e4a257-f1b3-5f8b-a700-000000000700}","TargetProcessId":"452","EventID":10,"Keywords":"0x8000000000000000","TargetImage":"C:\\windows\\system32\\ApplicationFrameHost.exe","Message":"Process accessed:\r\nRuleName: -\r\nUtcTime: 2020-10-22 04:21:39.537\r\nSourceProcessGUID: {39e4a257-f1b3-5f8b-a700-000000000700}\r\nSourceProcessId: 1072\r\nSourceThreadId: 4688\r\nSourceImage: C:\\windows\\Explorer.EXE\r\nTargetProcessGUID: {39e4a257-ff48-5f8c-1b04-000000000700}\r\nTargetProcessId: 452\r\nTargetImage: C:\\windows\\system32\\ApplicationFrameHost.exe\r\nGrantedAccess: 0x1000\r\nCallTrace: C:\\windows\\SYSTEM32\\ntdll.dll+9c584|C:\\windows\\System32\\KERNELBASE.dll+305fe|C:\\windows\\SYSTEM32\\twinapi.appcore.dll+2e3a7|C:\\windows\\SYSTEM32\\twinapi.appcore.dll+2e15d|C:\\windows\\SYSTEM32\\twinapi.appcore.dll+35ae1|C:\\windows\\SYSTEM32\\twinapi.appcore.dll+2ea10|C:\\windows\\system32\\twinui.pcshell.dll+239c8|C:\\windows\\system32\\twinui.pcshell.dll+5bb42|C:\\windows\\System32\\USER32.dll+15c1d|C:\\windows\\System32\\USER32.dll+15612|C:\\windows\\system32\\twinui.pcshell.dll+1a0a9|C:\\windows\\system32\\twinui.pcshell.dll+1afbc|C:\\windows\\system32\\twinui.pcshell.dll+18cbf|C:\\windows\\system32\\twinui.pcshell.dll+18ad7|C:\\windows\\system32\\twinui.pcshell.dll+18fc5|C:\\windows\\system32\\twinui.pcshell.dll+71fbb|C:\\windows\\System32\\RPCRT4.dll+76a63|C:\\windows\\System32\\RPCRT4.dll+da036|C:\\windows\\System32\\RPCRT4.dll+383b9|C:\\windows\\System32\\combase.dll+a5cff|C:\\windows\\System32\\RPCRT4.dll+59bab|C:\\windows\\System32\\combase.dll+8d0e3|C:\\windows\\System32\\combase.dll+8ced3|C:\\windows\\System32\\combase.dll+a9556"}
{"@timestamp":"2020-10-22T12:21:39.548Z","TimeCreated":"2020-10-22T12:21:39.548Z","Hashes":"SHA1=0E931ED820C96CCAD23D4AFCB0ACD97C99155D11,MD5=C0F8DA7568D2F1534E0ABB0E69DC3280,SHA256=E419A4BBDF1D5E0601E90BAFC1558DBD7414CD44E098B581C1915EF2C6E38D0B,IMPHASH=70D7A835AF4CA9F98A94AAF1B60BF88F","Signature":"Microsoft Windows","ProviderGuid":"{5770385f-c22a-43e0-bf4c-06f5698ffbd9}","Company":"Microsoft Corporation","UtcTime":"2020-10-22 04:21:39.537","ProcessGuid":"{39e4a257-08d3-5f91-f811-000000000700}","Image":"C:\\Program Files\\WindowsApps\\Microsoft.WindowsCalculator_10.2008.2.0_x64__8wekyb3d8bbwe\\Calculator.exe","ImageLoaded":"C:\\Windows\\System32\\ws2_32.dll","Level":"4","Channel":"Microsoft-Windows-Sysmon/Operational","Task":"7","RuleName":"-","FileVersion":"10.0.18362.387 (WinBuild.160101.0800)","SourceName":"Microsoft-Windows-Sysmon","Hostname":"WORKSTATION5","ProcessId":"10760","Description":"Windows Socket 2.0 32-Bit DLL","SignatureStatus":"Valid","Product":"Microsoft Windows Operating System","EventID":7,"Keywords":"0x8000000000000000","Signed":"true","OriginalFileName":"ws2_32.dll","Message":"Image loaded:\r\nRuleName: -\r\nUtcTime: 2020-10-22 04:21:39.537\r\nProcessGuid: {39e4a257-08d3-5f91-f811-000000000700}\r\nProcessId: 10760\r\nImage: C:\\Program Files\\WindowsApps\\Microsoft.WindowsCalculator_10.2008.2.0_x64__8wekyb3d8bbwe\\Calculator.exe\r\nImageLoaded: C:\\Windows\\System32\\ws2_32.dll\r\nFileVersion: 10.0.18362.387 (WinBuild.160101.0800)\r\nDescription: Windows Socket 2.0 32-Bit DLL\r\nProduct: Microsoft Windows Operating System\r\nCompany: Microsoft Corporation\r\nOriginalFileName: ws2_32.dll\r\nHashes: SHA1=0E931ED820C96CCAD23D4AFCB0ACD97C99155D11,MD5=C0F8DA7568D2F1534E0ABB0E69DC3280,SHA256=E419A4BBDF1D5E0601E90BAFC1558DBD7414CD44E098B581C1915EF2C6E38D0B,IMPHASH=70D7A835AF4CA9F98A94AAF1B60BF88F\r\nSigned: true\r\nSignature: Microsoft Windows\r\nSignatureStatus: Valid"}
{"GrantedAccess":"0x2000","@timestamp":"2020-10-22T12:21:39.548Z","TimeCreated":"2020-10-22T12:21:39.548Z","SourceThreadId":"4688","SourceImage":"C:\\windows\\Explorer.EXE","ProviderGuid":"{5770385f-c22a-43e0-bf4c-06f5698ffbd9}","CallTrace":"C:\\windows\\SYSTEM32\\ntdll.dll+9c584|C:\\windows\\System32\\KERNELBASE.dll+305fe|C:\\windows\\system32\\twinui.dll+783a3|C:\\windows\\system32\\twinui.dll+1780b|C:\\windows\\system32\\twinui.dll+1734c|C:\\windows\\system32\\twinui.dll+68f7a|C:\\windows\\system32\\twinui.dll+16e09|C:\\windows\\system32\\twinui.dll+16f4b|C:\\windows\\system32\\twinui.dll+16ecd|C:\\windows\\System32\\USER32.dll+15c1d|C:\\windows\\System32\\USER32.dll+15612|C:\\windows\\system32\\twinui.pcshell.dll+1a0a9|C:\\windows\\system32\\twinui.pcshell.dll+1afbc|C:\\windows\\system32\\twinui.pcshell.dll+18cbf|C:\\windows\\system32\\twinui.pcshell.dll+18ad7|C:\\windows\\system32\\twinui.pcshell.dll+18fc5|C:\\windows\\system32\\twinui.pcshell.dll+71fbb|C:\\windows\\System32\\RPCRT4.dll+76a63|C:\\windows\\System32\\RPCRT4.dll+da036|C:\\windows\\System32\\RPCRT4.dll+383b9|C:\\windows\\System32\\combase.dll+a5cff|C:\\windows\\System32\\RPCRT4.dll+59bab|C:\\windows\\System32\\combase.dll+8d0e3|C:\\windows\\System32\\combase.dll+8ced3","UtcTime":"2020-10-22 04:21:39.537","TargetProcessGUID":"{39e4a257-ff48-5f8c-1b04-000000000700}","SourceProcessId":"1072","Level":"4","Channel":"Microsoft-Windows-Sysmon/Operational","Task":"10","RuleName":"-","SourceName":"Microsoft-Windows-Sysmon","Hostname":"WORKSTATION5","SourceProcessGUID":"{39e4a257-f1b3-5f8b-a700-000000000700}","TargetProcessId":"452","EventID":10,"Keywords":"0x8000000000000000","TargetImage":"C:\\windows\\system32\\ApplicationFrameHost.exe","Message":"Process accessed:\r\nRuleName: -\r\nUtcTime: 2020-10-22 04:21:39.537\r\nSourceProcessGUID: {39e4a257-f1b3-5f8b-a700-000000000700}\r\nSourceProcessId: 1072\r\nSourceThreadId: 4688\r\nSourceImage: C:\\windows\\Explorer.EXE\r\nTargetProcessGUID: {39e4a257-ff48-5f8c-1b04-000000000700}\r\nTargetProcessId: 452\r\nTargetImage: C:\\windows\\system32\\ApplicationFrameHost.exe\r\nGrantedAccess: 0x2000\r\nCallTrace: C:\\windows\\SYSTEM32\\ntdll.dll+9c584|C:\\windows\\System32\\KERNELBASE.dll+305fe|C:\\windows\\system32\\twinui.dll+783a3|C:\\windows\\system32\\twinui.dll+1780b|C:\\windows\\system32\\twinui.dll+1734c|C:\\windows\\system32\\twinui.dll+68f7a|C:\\windows\\system32\\twinui.dll+16e09|C:\\windows\\system32\\twinui.dll+16f4b|C:\\windows\\system32\\twinui.dll+16ecd|C:\\windows\\System32\\USER32.dll+15c1d|C:\\windows\\System32\\USER32.dll+15612|C:\\windows\\system32\\twinui.pcshell.dll+1a0a9|C:\\windows\\system32\\twinui.pcshell.dll+1afbc|C:\\windows\\system32\\twinui.pcshell.dll+18cbf|C:\\windows\\system32\\twinui.pcshell.dll+18ad7|C:\\windows\\system32\\twinui.pcshell.dll+18fc5|C:\\windows\\system32\\twinui.pcshell.dll+71fbb|C:\\windows\\System32\\RPCRT4.dll+76a63|C:\\windows\\System32\\RPCRT4.dll+da036|C:\\windows\\System32\\RPCRT4.dll+383b9|C:\\windows\\System32\\combase.dll+a5cff|C:\\windows\\System32\\RPCRT4.dll+59bab|C:\\windows\\System32\\combase.dll+8d0e3|C:\\windows\\System32\\combase.dll+8ced3"}
{"@timestamp":"2020-10-22T12:21:39.548Z","TimeCreated":"2020-10-22T12:21:39.548Z","Hashes":"SHA1=4118D7E1C3531A1A01FB8924E1A1D470066EEA3F,MD5=9EB93B389D055FA045FC91D2B763B3AC,SHA256=AB620EE31FB65F1A51B2FA28F30BC31329966CB27E3570812138DF99E4D7CC8D,IMPHASH=DEFB8C5BB37FCD63DC790B55724FDE42","Signature":"Microsoft Windows","ProviderGuid":"{5770385f-c22a-43e0-bf4c-06f5698ffbd9}","Company":"Microsoft Corporation","UtcTime":"2020-10-22 04:21:39.537","ProcessGuid":"{39e4a257-08d3-5f91-f811-000000000700}","Image":"C:\\Program Files\\WindowsApps\\Microsoft.WindowsCalculator_10.2008.2.0_x64__8wekyb3d8bbwe\\Calculator.exe","ImageLoaded":"C:\\Windows\\System32\\nsi.dll","Level":"4","Channel":"Microsoft-Windows-Sysmon/Operational","Task":"7","RuleName":"-","FileVersion":"10.0.18362.449 (WinBuild.160101.0800)","SourceName":"Microsoft-Windows-Sysmon","Hostname":"WORKSTATION5","ProcessId":"10760","Description":"NSI User-mode interface DLL","SignatureStatus":"Valid","Product":"Microsoft Windows Operating System","EventID":7,"Keywords":"0x8000000000000000","Signed":"true","OriginalFileName":"nsi.dll","Message":"Image loaded:\r\nRuleName: -\r\nUtcTime: 2020-10-22 04:21:39.537\r\nProcessGuid: {39e4a257-08d3-5f91-f811-000000000700}\r\nProcessId: 10760\r\nImage: C:\\Program Files\\WindowsApps\\Microsoft.WindowsCalculator_10.2008.2.0_x64__8wekyb3d8bbwe\\Calculator.exe\r\nImageLoaded: C:\\Windows\\System32\\nsi.dll\r\nFileVersion: 10.0.18362.449 (WinBuild.160101.0800)\r\nDescription: NSI User-mode interface DLL\r\nProduct: Microsoft Windows Operating System\r\nCompany: Microsoft Corporation\r\nOriginalFileName: nsi.dll\r\nHashes: SHA1=4118D7E1C3531A1A01FB8924E1A1D470066EEA3F,MD5=9EB93B389D055FA045FC91D2B763B3AC,SHA256=AB620EE31FB65F1A51B2FA28F30BC31329966CB27E3570812138DF99E4D7CC8D,IMPHASH=DEFB8C5BB37FCD63DC790B55724FDE42\r\nSigned: true\r\nSignature: Microsoft Windows\r\nSignatureStatus: Valid"}
{"@timestamp":"2020-10-22T12:21:39.549Z","TimeCreated":"2020-10-22T12:21:39.549Z","Hashes":"SHA1=9414EC114C3389E0A7BC2FD986E00946E1A2A299,MD5=3929147A2A34B0902152C7D0F241B02A,SHA256=AD1C5309AA873F6A284EABE382812868E20C3D3D64197F3E6EF9D015EA060CAA,IMPHASH=6EC28633CC4ECB9F457795DD7E00B34B","Signature":"Microsoft Windows","ProviderGuid":"{5770385f-c22a-43e0-bf4c-06f5698ffbd9}","Company":"Microsoft Corporation","UtcTime":"2020-10-22 04:21:39.537","ProcessGuid":"{39e4a257-08d3-5f91-f811-000000000700}","Image":"C:\\Program Files\\WindowsApps\\Microsoft.WindowsCalculator_10.2008.2.0_x64__8wekyb3d8bbwe\\Calculator.exe","ImageLoaded":"C:\\Windows\\System32\\IPHLPAPI.DLL","Level":"4","Channel":"Microsoft-Windows-Sysmon/Operational","Task":"7","RuleName":"-","FileVersion":"10.0.18362.1 (WinBuild.160101.0800)","SourceName":"Microsoft-Windows-Sysmon","Hostname":"WORKSTATION5","ProcessId":"10760","Description":"IP Helper API","SignatureStatus":"Valid","Product":"Microsoft Windows Operating System","EventID":7,"Keywords":"0x8000000000000000","Signed":"true","OriginalFileName":"iphlpapi.dll","Message":"Image loaded:\r\nRuleName: -\r\nUtcTime: 2020-10-22 04:21:39.537\r\nProcessGuid: {39e4a257-08d3-5f91-f811-000000000700}\r\nProcessId: 10760\r\nImage: C:\\Program Files\\WindowsApps\\Microsoft.WindowsCalculator_10.2008.2.0_x64__8wekyb3d8bbwe\\Calculator.exe\r\nImageLoaded: C:\\Windows\\System32\\IPHLPAPI.DLL\r\nFileVersion: 10.0.18362.1 (WinBuild.160101.0800)\r\nDescription: IP Helper API\r\nProduct: Microsoft Windows Operating System\r\nCompany: Microsoft Corporation\r\nOriginalFileName: iphlpapi.dll\r\nHashes: SHA1=9414EC114C3389E0A7BC2FD986E00946E1A2A299,MD5=3929147A2A34B0902152C7D0F241B02A,SHA256=AD1C5309AA873F6A284EABE382812868E20C3D3D64197F3E6EF9D015EA060CAA,IMPHASH=6EC28633CC4ECB9F457795DD7E00B34B\r\nSigned: true\r\nSignature: Microsoft Windows\r\nSignatureStatus: Valid"}
{"@timestamp":"2020-10-22T12:21:39.550Z","TimeCreated":"2020-10-22T12:21:39.550Z","ProviderGuid":"{5770385f-c22a-43e0-bf4c-06f5698ffbd9}","UtcTime":"2020-10-22 04:21:39.537","ProcessGuid":"{39e4a257-f121-5f8b-0100-000000000700}","Image":"System","Level":"4","Channel":"Microsoft-Windows-Sysmon/Operational","Task":"12","RuleName":"-","SourceName":"Microsoft-Windows-Sysmon","Hostname":"WORKSTATION5","ProcessId":"4","EventType":"CreateKey","EventID":12,"Keywords":"0x8000000000000000","TargetObject":"HKLM\\System\\CurrentControlSet\\Services\\bam\\State\\UserSettings\\S-1-5-21-3940915590-64593676-1414006259-500","Message":"Registry object added or deleted:\r\nRuleName: -\r\nEventType: CreateKey\r\nUtcTime: 2020-10-22 04:21:39.537\r\nProcessGuid: {39e4a257-f121-5f8b-0100-000000000700}\r\nProcessId: 4\r\nImage: System\r\nTargetObject: HKLM\\System\\CurrentControlSet\\Services\\bam\\State\\UserSettings\\S-1-5-21-3940915590-64593676-1414006259-500"}
{"@timestamp":"2020-10-22T12:21:39.550Z","TimeCreated":"2020-10-22T12:21:39.550Z","ProviderGuid":"{5770385f-c22a-43e0-bf4c-06f5698ffbd9}","UtcTime":"2020-10-22 04:21:39.537","ProcessGuid":"{39e4a257-f121-5f8b-0100-000000000700}","Image":"System","Level":"4","Channel":"Microsoft-Windows-Sysmon/Operational","Task":"13","RuleName":"-","SourceName":"Microsoft-Windows-Sysmon","Hostname":"WORKSTATION5","Details":"Binary Data","ProcessId":"4","EventType":"SetValue","EventID":13,"Keywords":"0x8000000000000000","TargetObject":"HKLM\\System\\CurrentControlSet\\Services\\bam\\State\\UserSettings\\S-1-5-21-3940915590-64593676-1414006259-500\\\\Device\\HarddiskVolume2\\Windows\\System32\\ApplicationFrameHost.exe","Message":"Registry value set:\r\nRuleName: -\r\nEventType: SetValue\r\nUtcTime: 2020-10-22 04:21:39.537\r\nProcessGuid: {39e4a257-f121-5f8b-0100-000000000700}\r\nProcessId: 4\r\nImage: System\r\nTargetObject: HKLM\\System\\CurrentControlSet\\Services\\bam\\State\\UserSettings\\S-1-5-21-3940915590-64593676-1414006259-500\\\\Device\\HarddiskVolume2\\Windows\\System32\\ApplicationFrameHost.exe\r\nDetails: Binary Data"}
{"@timestamp":"2020-10-22T12:21:39.551Z","TimeCreated":"2020-10-22T12:21:39.551Z","ProviderGuid":"{5770385f-c22a-43e0-bf4c-06f5698ffbd9}","UtcTime":"2020-10-22 04:21:39.537","ProcessGuid":"{39e4a257-f121-5f8b-0100-000000000700}","Image":"System","Level":"4","Channel":"Microsoft-Windows-Sysmon/Operational","Task":"13","RuleName":"-","SourceName":"Microsoft-Windows-Sysmon","Hostname":"WORKSTATION5","Details":"DWORD (0x000000a2)","ProcessId":"4","EventType":"SetValue","EventID":13,"Keywords":"0x8000000000000000","TargetObject":"HKLM\\System\\CurrentControlSet\\Services\\bam\\State\\UserSettings\\S-1-5-21-3940915590-64593676-1414006259-500\\SequenceNumber","Message":"Registry value set:\r\nRuleName: -\r\nEventType: SetValue\r\nUtcTime: 2020-10-22 04:21:39.537\r\nProcessGuid: {39e4a257-f121-5f8b-0100-000000000700}\r\nProcessId: 4\r\nImage: System\r\nTargetObject: HKLM\\System\\CurrentControlSet\\Services\\bam\\State\\UserSettings\\S-1-5-21-3940915590-64593676-1414006259-500\\SequenceNumber\r\nDetails: DWORD (0x000000a2)"}
{"@timestamp":"2020-10-22T12:21:39.561Z","TimeCreated":"2020-10-22T12:21:39.561Z","Hashes":"SHA1=817DFAC385923FD53A5680323193E9155E2C6381,MD5=8B4BF2DBBC8D5BA6966771C55378D51E,SHA256=AA0E76ACDB8FA185597842BD77E13260562A2A78483195B031C7D84120F5D657,IMPHASH=42D1B06A98233337DA36316767D9D091","Signature":"Microsoft Windows","ProviderGuid":"{5770385f-c22a-43e0-bf4c-06f5698ffbd9}","Company":"Microsoft Corporation","UtcTime":"2020-10-22 04:21:39.537","ProcessGuid":"{39e4a257-08d3-5f91-f811-000000000700}","Image":"C:\\Program Files\\WindowsApps\\Microsoft.WindowsCalculator_10.2008.2.0_x64__8wekyb3d8bbwe\\Calculator.exe","ImageLoaded":"C:\\Windows\\System32\\fwbase.dll","Level":"4","Channel":"Microsoft-Windows-Sysmon/Operational","Task":"7","RuleName":"-","FileVersion":"10.0.18362.449 (WinBuild.160101.0800)","SourceName":"Microsoft-Windows-Sysmon","Hostname":"WORKSTATION5","ProcessId":"10760","Description":"Firewall Base DLL","SignatureStatus":"Valid","Product":"Microsoft Windows Operating System","EventID":7,"Keywords":"0x8000000000000000","Signed":"true","OriginalFileName":"fwbase.dll","Message":"Image loaded:\r\nRuleName: -\r\nUtcTime: 2020-10-22 04:21:39.537\r\nProcessGuid: {39e4a257-08d3-5f91-f811-000000000700}\r\nProcessId: 10760\r\nImage: C:\\Program Files\\WindowsApps\\Microsoft.WindowsCalculator_10.2008.2.0_x64__8wekyb3d8bbwe\\Calculator.exe\r\nImageLoaded: C:\\Windows\\System32\\fwbase.dll\r\nFileVersion: 10.0.18362.449 (WinBuild.160101.0800)\r\nDescription: Firewall Base DLL\r\nProduct: Microsoft Windows Operating System\r\nCompany: Microsoft Corporation\r\nOriginalFileName: fwbase.dll\r\nHashes: SHA1=817DFAC385923FD53A5680323193E9155E2C6381,MD5=8B4BF2DBBC8D5BA6966771C55378D51E,SHA256=AA0E76ACDB8FA185597842BD77E13260562A2A78483195B031C7D84120F5D657,IMPHASH=42D1B06A98233337DA36316767D9D091\r\nSigned: true\r\nSignature: Microsoft Windows\r\nSignatureStatus: Valid"}
{"@timestamp":"2020-10-22T12:21:39.562Z","TimeCreated":"2020-10-22T12:21:39.562Z","Hashes":"SHA1=F057603F15859599E2D844E9813D828BE6224691,MD5=1AFC3F3B546A6D0A0666BE68FCB19FA0,SHA256=A235198A531963C3EC225D5C16510ED9DD284D379C77CAB0A2AAE026F7663EC5,IMPHASH=C77E5918C314A81F3914AC79936DB624","Signature":"Microsoft Windows","ProviderGuid":"{5770385f-c22a-43e0-bf4c-06f5698ffbd9}","Company":"Microsoft Corporation","UtcTime":"2020-10-22 04:21:39.537","ProcessGuid":"{39e4a257-08d3-5f91-f811-000000000700}","Image":"C:\\Program Files\\WindowsApps\\Microsoft.WindowsCalculator_10.2008.2.0_x64__8wekyb3d8bbwe\\Calculator.exe","ImageLoaded":"C:\\Windows\\System32\\d3d11.dll","Level":"4","Channel":"Microsoft-Windows-Sysmon/Operational","Task":"7","RuleName":"-","FileVersion":"10.0.18362.387 (WinBuild.160101.0800)","SourceName":"Microsoft-Windows-Sysmon","Hostname":"WORKSTATION5","ProcessId":"10760","Description":"Direct3D 11 Runtime","SignatureStatus":"Valid","Product":"Microsoft Windows Operating System","EventID":7,"Keywords":"0x8000000000000000","Signed":"true","OriginalFileName":"D3D11.dll","Message":"Image loaded:\r\nRuleName: -\r\nUtcTime: 2020-10-22 04:21:39.537\r\nProcessGuid: {39e4a257-08d3-5f91-f811-000000000700}\r\nProcessId: 10760\r\nImage: C:\\Program Files\\WindowsApps\\Microsoft.WindowsCalculator_10.2008.2.0_x64__8wekyb3d8bbwe\\Calculator.exe\r\nImageLoaded: C:\\Windows\\System32\\d3d11.dll\r\nFileVersion: 10.0.18362.387 (WinBuild.160101.0800)\r\nDescription: Direct3D 11 Runtime\r\nProduct: Microsoft Windows Operating System\r\nCompany: Microsoft Corporation\r\nOriginalFileName: D3D11.dll\r\nHashes: SHA1=F057603F15859599E2D844E9813D828BE6224691,MD5=1AFC3F3B546A6D0A0666BE68FCB19FA0,SHA256=A235198A531963C3EC225D5C16510ED9DD284D379C77CAB0A2AAE026F7663EC5,IMPHASH=C77E5918C314A81F3914AC79936DB624\r\nSigned: true\r\nSignature: Microsoft Windows\r\nSignatureStatus: Valid"}
{"@timestamp":"2020-10-22T12:21:39.562Z","TimeCreated":"2020-10-22T12:21:39.562Z","ProviderGuid":"{5770385f-c22a-43e0-bf4c-06f5698ffbd9}","UtcTime":"2020-10-22 04:21:39.537","ProcessGuid":"{39e4a257-ff48-5f8c-1b04-000000000700}","Image":"C:\\windows\\system32\\ApplicationFrameHost.exe","Level":"4","Channel":"Microsoft-Windows-Sysmon/Operational","Task":"12","RuleName":"-","SourceName":"Microsoft-Windows-Sysmon","Hostname":"WORKSTATION5","ProcessId":"452","EventType":"CreateKey","EventID":12,"Keywords":"0x8000000000000000","TargetObject":"HKU\\S-1-5-21-3940915590-64593676-1414006259-500_Classes\\Local Settings\\Software\\Microsoft\\Windows\\CurrentVersion\\AppModel\\SystemAppData\\Microsoft.WindowsCalculator_8wekyb3d8bbwe\\PersistedTitleBarData","Message":"Registry object added or deleted:\r\nRuleName: -\r\nEventType: CreateKey\r\nUtcTime: 2020-10-22 04:21:39.537\r\nProcessGuid: {39e4a257-ff48-5f8c-1b04-000000000700}\r\nProcessId: 452\r\nImage: C:\\windows\\system32\\ApplicationFrameHost.exe\r\nTargetObject: HKU\\S-1-5-21-3940915590-64593676-1414006259-500_Classes\\Local Settings\\Software\\Microsoft\\Windows\\CurrentVersion\\AppModel\\SystemAppData\\Microsoft.WindowsCalculator_8wekyb3d8bbwe\\PersistedTitleBarData"}
{"@timestamp":"2020-10-22T12:21:39.565Z","TimeCreated":"2020-10-22T12:21:39.565Z","Hashes":"SHA1=1C2971C19EF22E94CC138ED2EFD5B10BC933A9B7,MD5=6764DC6E36AD628E0AA31C80AA468676,SHA256=61A2B790876E1E70AD28911900CA480B43D150CE1F7E8718F2BFED70C2A4CFBD,IMPHASH=190D4E37C7264EE043C228BCE702D83E","Signature":"Microsoft Windows","ProviderGuid":"{5770385f-c22a-43e0-bf4c-06f5698ffbd9}","Company":"Microsoft Corporation","UtcTime":"2020-10-22 04:21:39.552","ProcessGuid":"{39e4a257-08d3-5f91-f811-000000000700}","Image":"C:\\Program Files\\WindowsApps\\Microsoft.WindowsCalculator_10.2008.2.0_x64__8wekyb3d8bbwe\\Calculator.exe","ImageLoaded":"C:\\Windows\\System32\\d3d10warp.dll","Level":"4","Channel":"Microsoft-Windows-Sysmon/Operational","Task":"7","RuleName":"-","FileVersion":"10.0.18362.1049 (WinBuild.160101.0800)","SourceName":"Microsoft-Windows-Sysmon","Hostname":"WORKSTATION5","ProcessId":"10760","Description":"Direct3D Rasterizer","SignatureStatus":"Valid","Product":"Microsoft Windows Operating System","EventID":7,"Keywords":"0x8000000000000000","Signed":"true","OriginalFileName":"D3D10Warp.dll","Message":"Image loaded:\r\nRuleName: -\r\nUtcTime: 2020-10-22 04:21:39.552\r\nProcessGuid: {39e4a257-08d3-5f91-f811-000000000700}\r\nProcessId: 10760\r\nImage: C:\\Program Files\\WindowsApps\\Microsoft.WindowsCalculator_10.2008.2.0_x64__8wekyb3d8bbwe\\Calculator.exe\r\nImageLoaded: C:\\Windows\\System32\\d3d10warp.dll\r\nFileVersion: 10.0.18362.1049 (WinBuild.160101.0800)\r\nDescription: Direct3D Rasterizer\r\nProduct: Microsoft Windows Operating System\r\nCompany: Microsoft Corporation\r\nOriginalFileName: D3D10Warp.dll\r\nHashes: SHA1=1C2971C19EF22E94CC138ED2EFD5B10BC933A9B7,MD5=6764DC6E36AD628E0AA31C80AA468676,SHA256=61A2B790876E1E70AD28911900CA480B43D150CE1F7E8718F2BFED70C2A4CFBD,IMPHASH=190D4E37C7264EE043C228BCE702D83E\r\nSigned: true\r\nSignature: Microsoft Windows\r\nSignatureStatus: Valid"}
{"@timestamp":"2020-10-22T12:21:39.566Z","TimeCreated":"2020-10-22T12:21:39.566Z","Hashes":"SHA1=C35D61999D60527F90A38696B14CF87F0796F4E3,MD5=225EC6480F3CC6D4126900134B25C44A,SHA256=7695C74D2E9CB5ABD5F1524A1616031A9D553164941B6D78FAAEFC6B89420301,IMPHASH=7F68A4216CD83907B0318D79B6C5B295","Signature":"Microsoft Windows","ProviderGuid":"{5770385f-c22a-43e0-bf4c-06f5698ffbd9}","Company":"Microsoft Corporation","UtcTime":"2020-10-22 04:21:39.552","ProcessGuid":"{39e4a257-08d3-5f91-f811-000000000700}","Image":"C:\\Program Files\\WindowsApps\\Microsoft.WindowsCalculator_10.2008.2.0_x64__8wekyb3d8bbwe\\Calculator.exe","ImageLoaded":"C:\\Windows\\System32\\BCP47mrm.dll","Level":"4","Channel":"Microsoft-Windows-Sysmon/Operational","Task":"7","RuleName":"-","FileVersion":"10.0.18362.997 (WinBuild.160101.0800)","SourceName":"Microsoft-Windows-Sysmon","Hostname":"WORKSTATION5","ProcessId":"10760","Description":"BCP47 Language Classes for Resource Management","SignatureStatus":"Valid","Product":"Microsoft Windows Operating System","EventID":7,"Keywords":"0x8000000000000000","Signed":"true","OriginalFileName":"BCP47mrm.dll","Message":"Image loaded:\r\nRuleName: -\r\nUtcTime: 2020-10-22 04:21:39.552\r\nProcessGuid: {39e4a257-08d3-5f91-f811-000000000700}\r\nProcessId: 10760\r\nImage: C:\\Program Files\\WindowsApps\\Microsoft.WindowsCalculator_10.2008.2.0_x64__8wekyb3d8bbwe\\Calculator.exe\r\nImageLoaded: C:\\Windows\\System32\\BCP47mrm.dll\r\nFileVersion: 10.0.18362.997 (WinBuild.160101.0800)\r\nDescription: BCP47 Language Classes for Resource Management\r\nProduct: Microsoft Windows Operating System\r\nCompany: Microsoft Corporation\r\nOriginalFileName: BCP47mrm.dll\r\nHashes: SHA1=C35D61999D60527F90A38696B14CF87F0796F4E3,MD5=225EC6480F3CC6D4126900134B25C44A,SHA256=7695C74D2E9CB5ABD5F1524A1616031A9D553164941B6D78FAAEFC6B89420301,IMPHASH=7F68A4216CD83907B0318D79B6C5B295\r\nSigned: true\r\nSignature: Microsoft Windows\r\nSignatureStatus: Valid"}
{"@timestamp":"2020-10-22T12:21:39.580Z","TimeCreated":"2020-10-22T12:21:39.580Z","ProviderGuid":"{5770385f-c22a-43e0-bf4c-06f5698ffbd9}","UtcTime":"2020-10-22 04:21:39.568","ProcessGuid":"{39e4a257-ff48-5f8c-1b04-000000000700}","Image":"C:\\windows\\system32\\ApplicationFrameHost.exe","Level":"4","Channel":"Microsoft-Windows-Sysmon/Operational","Task":"12","RuleName":"-","SourceName":"Microsoft-Windows-Sysmon","Hostname":"WORKSTATION5","ProcessId":"452","EventType":"CreateKey","EventID":12,"Keywords":"0x8000000000000000","TargetObject":"HKU\\S-1-5-21-3940915590-64593676-1414006259-500_Classes\\Local Settings\\Software\\Microsoft\\Windows\\CurrentVersion\\AppModel\\SystemAppData\\Microsoft.WindowsCalculator_8wekyb3d8bbwe\\PersistedTitleBarData\\Microsoft.WindowsCalculator_8wekyb3d8bbwe!App","Message":"Registry object added or deleted:\r\nRuleName: -\r\nEventType: CreateKey\r\nUtcTime: 2020-10-22 04:21:39.568\r\nProcessGuid: {39e4a257-ff48-5f8c-1b04-000000000700}\r\nProcessId: 452\r\nImage: C:\\windows\\system32\\ApplicationFrameHost.exe\r\nTargetObject: HKU\\S-1-5-21-3940915590-64593676-1414006259-500_Classes\\Local Settings\\Software\\Microsoft\\Windows\\CurrentVersion\\AppModel\\SystemAppData\\Microsoft.WindowsCalculator_8wekyb3d8bbwe\\PersistedTitleBarData\\Microsoft.WindowsCalculator_8wekyb3d8bbwe!App"}
{"@timestamp":"2020-10-22T12:21:39.580Z","TimeCreated":"2020-10-22T12:21:39.580Z","ProviderGuid":"{5770385f-c22a-43e0-bf4c-06f5698ffbd9}","UtcTime":"2020-10-22 04:21:39.568","ProcessGuid":"{39e4a257-ff48-5f8c-1b04-000000000700}","Image":"C:\\windows\\system32\\ApplicationFrameHost.exe","Level":"4","Channel":"Microsoft-Windows-Sysmon/Operational","Task":"12","RuleName":"-","SourceName":"Microsoft-Windows-Sysmon","Hostname":"WORKSTATION5","ProcessId":"452","EventType":"CreateKey","EventID":12,"Keywords":"0x8000000000000000","TargetObject":"HKU\\S-1-5-21-3940915590-64593676-1414006259-500_Classes\\Local Settings\\Software\\Microsoft\\Windows\\CurrentVersion\\AppModel\\SystemAppData\\Microsoft.WindowsCalculator_8wekyb3d8bbwe\\PersistedTitleBarData\\Microsoft.WindowsCalculator_8wekyb3d8bbwe!App","Message":"Registry object added or deleted:\r\nRuleName: -\r\nEventType: CreateKey\r\nUtcTime: 2020-10-22 04:21:39.568\r\nProcessGuid: {39e4a257-ff48-5f8c-1b04-000000000700}\r\nProcessId: 452\r\nImage: C:\\windows\\system32\\ApplicationFrameHost.exe\r\nTargetObject: HKU\\S-1-5-21-3940915590-64593676-1414006259-500_Classes\\Local Settings\\Software\\Microsoft\\Windows\\CurrentVersion\\AppModel\\SystemAppData\\Microsoft.WindowsCalculator_8wekyb3d8bbwe\\PersistedTitleBarData\\Microsoft.WindowsCalculator_8wekyb3d8bbwe!App"}
{"@timestamp":"2020-10-22T12:21:39.580Z","TimeCreated":"2020-10-22T12:21:39.580Z","ProviderGuid":"{5770385f-c22a-43e0-bf4c-06f5698ffbd9}","UtcTime":"2020-10-22 04:21:39.568","ProcessGuid":"{39e4a257-ff48-5f8c-1b04-000000000700}","Image":"C:\\windows\\system32\\ApplicationFrameHost.exe","Level":"4","Channel":"Microsoft-Windows-Sysmon/Operational","Task":"13","RuleName":"-","SourceName":"Microsoft-Windows-Sysmon","Hostname":"WORKSTATION5","Details":"QWORD (0x000a07d8-0x00020000)","ProcessId":"452","EventType":"SetValue","EventID":13,"Keywords":"0x8000000000000000","TargetObject":"HKU\\S-1-5-21-3940915590-64593676-1414006259-500_Classes\\Local Settings\\Software\\Microsoft\\Windows\\CurrentVersion\\AppModel\\SystemAppData\\Microsoft.WindowsCalculator_8wekyb3d8bbwe\\PersistedTitleBarData\\Microsoft.WindowsCalculator_8wekyb3d8bbwe!App\\AppVersion","Message":"Registry value set:\r\nRuleName: -\r\nEventType: SetValue\r\nUtcTime: 2020-10-22 04:21:39.568\r\nProcessGuid: {39e4a257-ff48-5f8c-1b04-000000000700}\r\nProcessId: 452\r\nImage: C:\\windows\\system32\\ApplicationFrameHost.exe\r\nTargetObject: HKU\\S-1-5-21-3940915590-64593676-1414006259-500_Classes\\Local Settings\\Software\\Microsoft\\Windows\\CurrentVersion\\AppModel\\SystemAppData\\Microsoft.WindowsCalculator_8wekyb3d8bbwe\\PersistedTitleBarData\\Microsoft.WindowsCalculator_8wekyb3d8bbwe!App\\AppVersion\r\nDetails: QWORD (0x000a07d8-0x00020000)"}
{"GrantedAccess":"0x1000","@timestamp":"2020-10-22T12:21:39.580Z","TimeCreated":"2020-10-22T12:21:39.580Z","SourceThreadId":"4688","SourceImage":"C:\\windows\\Explorer.EXE","ProviderGuid":"{5770385f-c22a-43e0-bf4c-06f5698ffbd9}","CallTrace":"C:\\windows\\SYSTEM32\\ntdll.dll+9c584|C:\\windows\\System32\\KERNELBASE.dll+305fe|C:\\windows\\SYSTEM32\\TWINAPI.dll+6d4c|C:\\windows\\system32\\twinui.pcshell.dll+3b7ec|C:\\windows\\system32\\twinui.pcshell.dll+3b68e|C:\\windows\\system32\\twinui.pcshell.dll+3c0bc|C:\\windows\\system32\\twinui.pcshell.dll+48cbe|C:\\windows\\system32\\twinui.pcshell.dll+488d0|C:\\windows\\system32\\twinui.pcshell.dll+46cec|C:\\windows\\system32\\twinui.pcshell.dll+18ddd|C:\\windows\\system32\\twinui.pcshell.dll+18ad7|C:\\windows\\system32\\twinui.pcshell.dll+18fc5|C:\\windows\\system32\\twinui.pcshell.dll+71fbb|C:\\windows\\System32\\RPCRT4.dll+76a63|C:\\windows\\System32\\RPCRT4.dll+da036|C:\\windows\\System32\\RPCRT4.dll+383b9|C:\\windows\\System32\\combase.dll+a5cff|C:\\windows\\System32\\RPCRT4.dll+59bab|C:\\windows\\System32\\combase.dll+8d0e3|C:\\windows\\System32\\combase.dll+8ced3|C:\\windows\\System32\\combase.dll+a9556|C:\\windows\\System32\\combase.dll+8a4fa|C:\\windows\\System32\\combase.dll+8b1bd|C:\\windows\\System32\\combase.dll+401ac","UtcTime":"2020-10-22 04:21:39.568","TargetProcessGUID":"{39e4a257-08d2-5f91-f511-000000000700}","SourceProcessId":"1072","Level":"4","Channel":"Microsoft-Windows-Sysmon/Operational","Task":"10","RuleName":"-","SourceName":"Microsoft-Windows-Sysmon","Hostname":"WORKSTATION5","SourceProcessGUID":"{39e4a257-f1b3-5f8b-a700-000000000700}","TargetProcessId":"10948","EventID":10,"Keywords":"0x8000000000000000","TargetImage":"C:\\Windows\\System32\\cmd.exe","Message":"Process accessed:\r\nRuleName: -\r\nUtcTime: 2020-10-22 04:21:39.568\r\nSourceProcessGUID: {39e4a257-f1b3-5f8b-a700-000000000700}\r\nSourceProcessId: 1072\r\nSourceThreadId: 4688\r\nSourceImage: C:\\windows\\Explorer.EXE\r\nTargetProcessGUID: {39e4a257-08d2-5f91-f511-000000000700}\r\nTargetProcessId: 10948\r\nTargetImage: C:\\Windows\\System32\\cmd.exe\r\nGrantedAccess: 0x1000\r\nCallTrace: C:\\windows\\SYSTEM32\\ntdll.dll+9c584|C:\\windows\\System32\\KERNELBASE.dll+305fe|C:\\windows\\SYSTEM32\\TWINAPI.dll+6d4c|C:\\windows\\system32\\twinui.pcshell.dll+3b7ec|C:\\windows\\system32\\twinui.pcshell.dll+3b68e|C:\\windows\\system32\\twinui.pcshell.dll+3c0bc|C:\\windows\\system32\\twinui.pcshell.dll+48cbe|C:\\windows\\system32\\twinui.pcshell.dll+488d0|C:\\windows\\system32\\twinui.pcshell.dll+46cec|C:\\windows\\system32\\twinui.pcshell.dll+18ddd|C:\\windows\\system32\\twinui.pcshell.dll+18ad7|C:\\windows\\system32\\twinui.pcshell.dll+18fc5|C:\\windows\\system32\\twinui.pcshell.dll+71fbb|C:\\windows\\System32\\RPCRT4.dll+76a63|C:\\windows\\System32\\RPCRT4.dll+da036|C:\\windows\\System32\\RPCRT4.dll+383b9|C:\\windows\\System32\\combase.dll+a5cff|C:\\windows\\System32\\RPCRT4.dll+59bab|C:\\windows\\System32\\combase.dll+8d0e3|C:\\windows\\System32\\combase.dll+8ced3|C:\\windows\\System32\\combase.dll+a9556|C:\\windows\\System32\\combase.dll+8a4fa|C:\\windows\\System32\\combase.dll+8b1bd|C:\\windows\\System32\\combase.dll+401ac"}
{"@timestamp":"2020-10-22T12:21:39.597Z","TimeCreated":"2020-10-22T12:21:39.597Z","Hashes":"SHA1=FA85F040E8244A6930C6A66F4875BA2C01E7173E,MD5=0A52102F9D58E337F43D62A5A29C0434,SHA256=0E4D0AB8085E033C67A265142C6D3E165D583B13AC893DE87A3936F58BDE579B,IMPHASH=72D7A708958F3EB11ACD68D973C393B9","Signature":"Microsoft Windows","ProviderGuid":"{5770385f-c22a-43e0-bf4c-06f5698ffbd9}","Company":"Microsoft Corporation","UtcTime":"2020-10-22 04:21:39.568","ProcessGuid":"{39e4a257-ff48-5f8c-1b04-000000000700}","Image":"C:\\Windows\\System32\\ApplicationFrameHost.exe","ImageLoaded":"C:\\Windows\\System32\\AppXDeploymentClient.dll","Level":"4","Channel":"Microsoft-Windows-Sysmon/Operational","Task":"7","RuleName":"-","FileVersion":"10.0.18362.1139 (WinBuild.160101.0800)","SourceName":"Microsoft-Windows-Sysmon","Hostname":"WORKSTATION5","ProcessId":"452","Description":"AppX Deployment Client DLL","SignatureStatus":"Valid","Product":"Microsoft Windows Operating System","EventID":7,"Keywords":"0x8000000000000000","Signed":"true","OriginalFileName":"AppXDeploymentClient.dll","Message":"Image loaded:\r\nRuleName: -\r\nUtcTime: 2020-10-22 04:21:39.568\r\nProcessGuid: {39e4a257-ff48-5f8c-1b04-000000000700}\r\nProcessId: 452\r\nImage: C:\\Windows\\System32\\ApplicationFrameHost.exe\r\nImageLoaded: C:\\Windows\\System32\\AppXDeploymentClient.dll\r\nFileVersion: 10.0.18362.1139 (WinBuild.160101.0800)\r\nDescription: AppX Deployment Client DLL\r\nProduct: Microsoft Windows Operating System\r\nCompany: Microsoft Corporation\r\nOriginalFileName: AppXDeploymentClient.dll\r\nHashes: SHA1=FA85F040E8244A6930C6A66F4875BA2C01E7173E,MD5=0A52102F9D58E337F43D62A5A29C0434,SHA256=0E4D0AB8085E033C67A265142C6D3E165D583B13AC893DE87A3936F58BDE579B,IMPHASH=72D7A708958F3EB11ACD68D973C393B9\r\nSigned: true\r\nSignature: Microsoft Windows\r\nSignatureStatus: Valid"}
{"@timestamp":"2020-10-22T12:21:39.598Z","TimeCreated":"2020-10-22T12:21:39.598Z","Hashes":"SHA1=940A10C1A22C1A616E86B30CEB3C4A562FF19548,MD5=03DFF3218B9843EAE0AA10311F159122,SHA256=196729DF38DD674C191813371CC50AECCD85C1680F3604F15A4E1A6D3432237E,IMPHASH=F3548AA51508C0CDE208A3E49F4E3355","Signature":"Microsoft Windows","ProviderGuid":"{5770385f-c22a-43e0-bf4c-06f5698ffbd9}","Company":"Microsoft Corporation","UtcTime":"2020-10-22 04:21:39.583","ProcessGuid":"{39e4a257-ff48-5f8c-1b04-000000000700}","Image":"C:\\Windows\\System32\\ApplicationFrameHost.exe","ImageLoaded":"C:\\Windows\\System32\\FirewallAPI.dll","Level":"4","Channel":"Microsoft-Windows-Sysmon/Operational","Task":"7","RuleName":"-","FileVersion":"10.0.18362.900 (WinBuild.160101.0800)","SourceName":"Microsoft-Windows-Sysmon","Hostname":"WORKSTATION5","ProcessId":"452","Description":"Windows Defender Firewall API","SignatureStatus":"Valid","Product":"Microsoft Windows Operating System","EventID":7,"Keywords":"0x8000000000000000","Signed":"true","OriginalFileName":"FirewallAPI.DLL","Message":"Image loaded:\r\nRuleName: -\r\nUtcTime: 2020-10-22 04:21:39.583\r\nProcessGuid: {39e4a257-ff48-5f8c-1b04-000000000700}\r\nProcessId: 452\r\nImage: C:\\Windows\\System32\\ApplicationFrameHost.exe\r\nImageLoaded: C:\\Windows\\System32\\FirewallAPI.dll\r\nFileVersion: 10.0.18362.900 (WinBuild.160101.0800)\r\nDescription: Windows Defender Firewall API\r\nProduct: Microsoft Windows Operating System\r\nCompany: Microsoft Corporation\r\nOriginalFileName: FirewallAPI.DLL\r\nHashes: SHA1=940A10C1A22C1A616E86B30CEB3C4A562FF19548,MD5=03DFF3218B9843EAE0AA10311F159122,SHA256=196729DF38DD674C191813371CC50AECCD85C1680F3604F15A4E1A6D3432237E,IMPHASH=F3548AA51508C0CDE208A3E49F4E3355\r\nSigned: true\r\nSignature: Microsoft Windows\r\nSignatureStatus: Valid"}
{"@timestamp":"2020-10-22T12:21:39.598Z","TimeCreated":"2020-10-22T12:21:39.598Z","Hashes":"SHA1=47A2EB1D0DF3FF75C43B6AA4F4DD5CF9238AB3C6,MD5=E313A22C1E214AC6DF62A450320F8033,SHA256=E9ECAE2AF644213926735CC9FD94C1A8D98EC7909C73D49748031F64D28126BA,IMPHASH=4C3FA874E14BCE243EC9E5BA9E661936","Signature":"Microsoft Windows","ProviderGuid":"{5770385f-c22a-43e0-bf4c-06f5698ffbd9}","Company":"Microsoft Corporation","UtcTime":"2020-10-22 04:21:39.583","ProcessGuid":"{39e4a257-ff48-5f8c-1b04-000000000700}","Image":"C:\\Windows\\System32\\ApplicationFrameHost.exe","ImageLoaded":"C:\\Windows\\System32\\StateRepository.Core.dll","Level":"4","Channel":"Microsoft-Windows-Sysmon/Operational","Task":"7","RuleName":"-","FileVersion":"10.0.18362.1082 (WinBuild.160101.0800)","SourceName":"Microsoft-Windows-Sysmon","Hostname":"WORKSTATION5","ProcessId":"452","Description":"StateRepository Core","SignatureStatus":"Valid","Product":"Microsoft Windows Operating System","EventID":7,"Keywords":"0x8000000000000000","Signed":"true","OriginalFileName":"StateRepository.Core.dll","Message":"Image loaded:\r\nRuleName: -\r\nUtcTime: 2020-10-22 04:21:39.583\r\nProcessGuid: {39e4a257-ff48-5f8c-1b04-000000000700}\r\nProcessId: 452\r\nImage: C:\\Windows\\System32\\ApplicationFrameHost.exe\r\nImageLoaded: C:\\Windows\\System32\\StateRepository.Core.dll\r\nFileVersion: 10.0.18362.1082 (WinBuild.160101.0800)\r\nDescription: StateRepository Core\r\nProduct: Microsoft Windows Operating System\r\nCompany: Microsoft Corporation\r\nOriginalFileName: StateRepository.Core.dll\r\nHashes: SHA1=47A2EB1D0DF3FF75C43B6AA4F4DD5CF9238AB3C6,MD5=E313A22C1E214AC6DF62A450320F8033,SHA256=E9ECAE2AF644213926735CC9FD94C1A8D98EC7909C73D49748031F64D28126BA,IMPHASH=4C3FA874E14BCE243EC9E5BA9E661936\r\nSigned: true\r\nSignature: Microsoft Windows\r\nSignatureStatus: Valid"}
{"@timestamp":"2020-10-22T12:21:39.599Z","TimeCreated":"2020-10-22T12:21:39.599Z","Hashes":"SHA1=F1909EDE6F17B5B31AFA580DFE3C28485CAA2037,MD5=F1286919D541FF93F1174B0B1F1CF7FD,SHA256=3453BD57B23A211FD45A1BBA0EF84FD3B61E174112D16974B9481A0818C372E5,IMPHASH=D8803D749EB329542778B6CC38924BBA","Signature":"Microsoft Windows","ProviderGuid":"{5770385f-c22a-43e0-bf4c-06f5698ffbd9}","Company":"Microsoft Corporation","UtcTime":"2020-10-22 04:21:39.583","ProcessGuid":"{39e4a257-ff48-5f8c-1b04-000000000700}","Image":"C:\\Windows\\System32\\ApplicationFrameHost.exe","ImageLoaded":"C:\\Windows\\System32\\dnsapi.dll","Level":"4","Channel":"Microsoft-Windows-Sysmon/Operational","Task":"7","RuleName":"-","FileVersion":"10.0.18362.1082 (WinBuild.160101.0800)","SourceName":"Microsoft-Windows-Sysmon","Hostname":"WORKSTATION5","ProcessId":"452","Description":"DNS Client API DLL","SignatureStatus":"Valid","Product":"Microsoft Windows Operating System","EventID":7,"Keywords":"0x8000000000000000","Signed":"true","OriginalFileName":"dnsapi","Message":"Image loaded:\r\nRuleName: -\r\nUtcTime: 2020-10-22 04:21:39.583\r\nProcessGuid: {39e4a257-ff48-5f8c-1b04-000000000700}\r\nProcessId: 452\r\nImage: C:\\Windows\\System32\\ApplicationFrameHost.exe\r\nImageLoaded: C:\\Windows\\System32\\dnsapi.dll\r\nFileVersion: 10.0.18362.1082 (WinBuild.160101.0800)\r\nDescription: DNS Client API DLL\r\nProduct: Microsoft Windows Operating System\r\nCompany: Microsoft Corporation\r\nOriginalFileName: dnsapi\r\nHashes: SHA1=F1909EDE6F17B5B31AFA580DFE3C28485CAA2037,MD5=F1286919D541FF93F1174B0B1F1CF7FD,SHA256=3453BD57B23A211FD45A1BBA0EF84FD3B61E174112D16974B9481A0818C372E5,IMPHASH=D8803D749EB329542778B6CC38924BBA\r\nSigned: true\r\nSignature: Microsoft Windows\r\nSignatureStatus: Valid"}
{"@timestamp":"2020-10-22T12:21:39.599Z","TimeCreated":"2020-10-22T12:21:39.599Z","Hashes":"SHA1=0E931ED820C96CCAD23D4AFCB0ACD97C99155D11,MD5=C0F8DA7568D2F1534E0ABB0E69DC3280,SHA256=E419A4BBDF1D5E0601E90BAFC1558DBD7414CD44E098B581C1915EF2C6E38D0B,IMPHASH=70D7A835AF4CA9F98A94AAF1B60BF88F","Signature":"Microsoft Windows","ProviderGuid":"{5770385f-c22a-43e0-bf4c-06f5698ffbd9}","Company":"Microsoft Corporation","UtcTime":"2020-10-22 04:21:39.583","ProcessGuid":"{39e4a257-ff48-5f8c-1b04-000000000700}","Image":"C:\\Windows\\System32\\ApplicationFrameHost.exe","ImageLoaded":"C:\\Windows\\System32\\ws2_32.dll","Level":"4","Channel":"Microsoft-Windows-Sysmon/Operational","Task":"7","RuleName":"-","FileVersion":"10.0.18362.387 (WinBuild.160101.0800)","SourceName":"Microsoft-Windows-Sysmon","Hostname":"WORKSTATION5","ProcessId":"452","Description":"Windows Socket 2.0 32-Bit DLL","SignatureStatus":"Valid","Product":"Microsoft Windows Operating System","EventID":7,"Keywords":"0x8000000000000000","Signed":"true","OriginalFileName":"ws2_32.dll","Message":"Image loaded:\r\nRuleName: -\r\nUtcTime: 2020-10-22 04:21:39.583\r\nProcessGuid: {39e4a257-ff48-5f8c-1b04-000000000700}\r\nProcessId: 452\r\nImage: C:\\Windows\\System32\\ApplicationFrameHost.exe\r\nImageLoaded: C:\\Windows\\System32\\ws2_32.dll\r\nFileVersion: 10.0.18362.387 (WinBuild.160101.0800)\r\nDescription: Windows Socket 2.0 32-Bit DLL\r\nProduct: Microsoft Windows Operating System\r\nCompany: Microsoft Corporation\r\nOriginalFileName: ws2_32.dll\r\nHashes: SHA1=0E931ED820C96CCAD23D4AFCB0ACD97C99155D11,MD5=C0F8DA7568D2F1534E0ABB0E69DC3280,SHA256=E419A4BBDF1D5E0601E90BAFC1558DBD7414CD44E098B581C1915EF2C6E38D0B,IMPHASH=70D7A835AF4CA9F98A94AAF1B60BF88F\r\nSigned: true\r\nSignature: Microsoft Windows\r\nSignatureStatus: Valid"}
{"@timestamp":"2020-10-22T12:21:39.600Z","TimeCreated":"2020-10-22T12:21:39.600Z","Hashes":"SHA1=4118D7E1C3531A1A01FB8924E1A1D470066EEA3F,MD5=9EB93B389D055FA045FC91D2B763B3AC,SHA256=AB620EE31FB65F1A51B2FA28F30BC31329966CB27E3570812138DF99E4D7CC8D,IMPHASH=DEFB8C5BB37FCD63DC790B55724FDE42","Signature":"Microsoft Windows","ProviderGuid":"{5770385f-c22a-43e0-bf4c-06f5698ffbd9}","Company":"Microsoft Corporation","UtcTime":"2020-10-22 04:21:39.583","ProcessGuid":"{39e4a257-ff48-5f8c-1b04-000000000700}","Image":"C:\\Windows\\System32\\ApplicationFrameHost.exe","ImageLoaded":"C:\\Windows\\System32\\nsi.dll","Level":"4","Channel":"Microsoft-Windows-Sysmon/Operational","Task":"7","RuleName":"-","FileVersion":"10.0.18362.449 (WinBuild.160101.0800)","SourceName":"Microsoft-Windows-Sysmon","Hostname":"WORKSTATION5","ProcessId":"452","Description":"NSI User-mode interface DLL","SignatureStatus":"Valid","Product":"Microsoft Windows Operating System","EventID":7,"Keywords":"0x8000000000000000","Signed":"true","OriginalFileName":"nsi.dll","Message":"Image loaded:\r\nRuleName: -\r\nUtcTime: 2020-10-22 04:21:39.583\r\nProcessGuid: {39e4a257-ff48-5f8c-1b04-000000000700}\r\nProcessId: 452\r\nImage: C:\\Windows\\System32\\ApplicationFrameHost.exe\r\nImageLoaded: C:\\Windows\\System32\\nsi.dll\r\nFileVersion: 10.0.18362.449 (WinBuild.160101.0800)\r\nDescription: NSI User-mode interface DLL\r\nProduct: Microsoft Windows Operating System\r\nCompany: Microsoft Corporation\r\nOriginalFileName: nsi.dll\r\nHashes: SHA1=4118D7E1C3531A1A01FB8924E1A1D470066EEA3F,MD5=9EB93B389D055FA045FC91D2B763B3AC,SHA256=AB620EE31FB65F1A51B2FA28F30BC31329966CB27E3570812138DF99E4D7CC8D,IMPHASH=DEFB8C5BB37FCD63DC790B55724FDE42\r\nSigned: true\r\nSignature: Microsoft Windows\r\nSignatureStatus: Valid"}
{"@timestamp":"2020-10-22T12:21:39.600Z","TimeCreated":"2020-10-22T12:21:39.600Z","Hashes":"SHA1=9414EC114C3389E0A7BC2FD986E00946E1A2A299,MD5=3929147A2A34B0902152C7D0F241B02A,SHA256=AD1C5309AA873F6A284EABE382812868E20C3D3D64197F3E6EF9D015EA060CAA,IMPHASH=6EC28633CC4ECB9F457795DD7E00B34B","Signature":"Microsoft Windows","ProviderGuid":"{5770385f-c22a-43e0-bf4c-06f5698ffbd9}","Company":"Microsoft Corporation","UtcTime":"2020-10-22 04:21:39.583","ProcessGuid":"{39e4a257-ff48-5f8c-1b04-000000000700}","Image":"C:\\Windows\\System32\\ApplicationFrameHost.exe","ImageLoaded":"C:\\Windows\\System32\\IPHLPAPI.DLL","Level":"4","Channel":"Microsoft-Windows-Sysmon/Operational","Task":"7","RuleName":"-","FileVersion":"10.0.18362.1 (WinBuild.160101.0800)","SourceName":"Microsoft-Windows-Sysmon","Hostname":"WORKSTATION5","ProcessId":"452","Description":"IP Helper API","SignatureStatus":"Valid","Product":"Microsoft Windows Operating System","EventID":7,"Keywords":"0x8000000000000000","Signed":"true","OriginalFileName":"iphlpapi.dll","Message":"Image loaded:\r\nRuleName: -\r\nUtcTime: 2020-10-22 04:21:39.583\r\nProcessGuid: {39e4a257-ff48-5f8c-1b04-000000000700}\r\nProcessId: 452\r\nImage: C:\\Windows\\System32\\ApplicationFrameHost.exe\r\nImageLoaded: C:\\Windows\\System32\\IPHLPAPI.DLL\r\nFileVersion: 10.0.18362.1 (WinBuild.160101.0800)\r\nDescription: IP Helper API\r\nProduct: Microsoft Windows Operating System\r\nCompany: Microsoft Corporation\r\nOriginalFileName: iphlpapi.dll\r\nHashes: SHA1=9414EC114C3389E0A7BC2FD986E00946E1A2A299,MD5=3929147A2A34B0902152C7D0F241B02A,SHA256=AD1C5309AA873F6A284EABE382812868E20C3D3D64197F3E6EF9D015EA060CAA,IMPHASH=6EC28633CC4ECB9F457795DD7E00B34B\r\nSigned: true\r\nSignature: Microsoft Windows\r\nSignatureStatus: Valid"}
{"@timestamp":"2020-10-22T12:21:39.601Z","TimeCreated":"2020-10-22T12:21:39.601Z","Hashes":"SHA1=817DFAC385923FD53A5680323193E9155E2C6381,MD5=8B4BF2DBBC8D5BA6966771C55378D51E,SHA256=AA0E76ACDB8FA185597842BD77E13260562A2A78483195B031C7D84120F5D657,IMPHASH=42D1B06A98233337DA36316767D9D091","Signature":"Microsoft Windows","ProviderGuid":"{5770385f-c22a-43e0-bf4c-06f5698ffbd9}","Company":"Microsoft Corporation","UtcTime":"2020-10-22 04:21:39.583","ProcessGuid":"{39e4a257-ff48-5f8c-1b04-000000000700}","Image":"C:\\Windows\\System32\\ApplicationFrameHost.exe","ImageLoaded":"C:\\Windows\\System32\\fwbase.dll","Level":"4","Channel":"Microsoft-Windows-Sysmon/Operational","Task":"7","RuleName":"-","FileVersion":"10.0.18362.449 (WinBuild.160101.0800)","SourceName":"Microsoft-Windows-Sysmon","Hostname":"WORKSTATION5","ProcessId":"452","Description":"Firewall Base DLL","SignatureStatus":"Valid","Product":"Microsoft Windows Operating System","EventID":7,"Keywords":"0x8000000000000000","Signed":"true","OriginalFileName":"fwbase.dll","Message":"Image loaded:\r\nRuleName: -\r\nUtcTime: 2020-10-22 04:21:39.583\r\nProcessGuid: {39e4a257-ff48-5f8c-1b04-000000000700}\r\nProcessId: 452\r\nImage: C:\\Windows\\System32\\ApplicationFrameHost.exe\r\nImageLoaded: C:\\Windows\\System32\\fwbase.dll\r\nFileVersion: 10.0.18362.449 (WinBuild.160101.0800)\r\nDescription: Firewall Base DLL\r\nProduct: Microsoft Windows Operating System\r\nCompany: Microsoft Corporation\r\nOriginalFileName: fwbase.dll\r\nHashes: SHA1=817DFAC385923FD53A5680323193E9155E2C6381,MD5=8B4BF2DBBC8D5BA6966771C55378D51E,SHA256=AA0E76ACDB8FA185597842BD77E13260562A2A78483195B031C7D84120F5D657,IMPHASH=42D1B06A98233337DA36316767D9D091\r\nSigned: true\r\nSignature: Microsoft Windows\r\nSignatureStatus: Valid"}
{"@timestamp":"2020-10-22T12:21:39.601Z","TimeCreated":"2020-10-22T12:21:39.601Z","ProviderGuid":"{5770385f-c22a-43e0-bf4c-06f5698ffbd9}","UtcTime":"2020-10-22 04:21:39.583","ProcessGuid":"{39e4a257-ff48-5f8c-1b04-000000000700}","Image":"C:\\windows\\system32\\ApplicationFrameHost.exe","Level":"4","Channel":"Microsoft-Windows-Sysmon/Operational","Task":"12","RuleName":"-","SourceName":"Microsoft-Windows-Sysmon","Hostname":"WORKSTATION5","ProcessId":"452","EventType":"CreateKey","EventID":12,"Keywords":"0x8000000000000000","TargetObject":"HKU\\S-1-5-21-3940915590-64593676-1414006259-500_Classes\\Local Settings\\MrtCache\\C:%5CProgram Files%5CWindowsApps%5CMicrosoft.WindowsCalculator_10.2008.2.0_x64__8wekyb3d8bbwe%5Cmicrosoft.system.package.metadata%5CS-1-5-21-3940915590-64593676-1414006259-500-MergedResources-1.pri","Message":"Registry object added or deleted:\r\nRuleName: -\r\nEventType: CreateKey\r\nUtcTime: 2020-10-22 04:21:39.583\r\nProcessGuid: {39e4a257-ff48-5f8c-1b04-000000000700}\r\nProcessId: 452\r\nImage: C:\\windows\\system32\\ApplicationFrameHost.exe\r\nTargetObject: HKU\\S-1-5-21-3940915590-64593676-1414006259-500_Classes\\Local Settings\\MrtCache\\C:452CProgram Files452CWindowsApps452CMicrosoft.WindowsCalculator_10.2008.2.0_x64__8wekyb3d8bbwe452Cmicrosoft.system.package.metadata452CS-1-5-21-3940915590-64593676-1414006259-500-MergedResources-1.pri"}
