{"GrantedAccess":"0x1000","@timestamp":"2020-10-22T03:52:06.497Z","TimeCreated":"2020-10-22T03:52:06.497Z","SourceThreadId":"5248","SourceImage":"C:\\windows\\system32\\svchost.exe","ProviderGuid":"{5770385f-c22a-43e0-bf4c-06f5698ffbd9}","CallTrace":"C:\\windows\\SYSTEM32\\ntdll.dll+9d154|C:\\windows\\System32\\RPCRT4.dll+2d354|C:\\windows\\System32\\combase.dll+b855b|c:\\windows\\system32\\windows.staterepository.dll+223f5|c:\\windows\\system32\\windows.staterepository.dll+12295|C:\\windows\\System32\\RPCRT4.dll+76a63|C:\\windows\\System32\\RPCRT4.dll+da036|C:\\windows\\System32\\RPCRT4.dll+383b9|C:\\windows\\System32\\combase.dll+a5d13|C:\\windows\\System32\\RPCRT4.dll+59bab|C:\\windows\\System32\\combase.dll+8d0e3|C:\\windows\\System32\\combase.dll+8ced3|C:\\windows\\System32\\combase.dll+a9556|C:\\windows\\System32\\combase.dll+8a4fa|C:\\windows\\System32\\combase.dll+a47ed|C:\\windows\\System32\\combase.dll+401ac|C:\\windows\\System32\\combase.dll+40a11|C:\\windows\\System32\\combase.dll+421b8|C:\\windows\\System32\\RPCRT4.dll+549f8|C:\\windows\\System32\\RPCRT4.dll+2c9b1|C:\\windows\\System32\\RPCRT4.dll+2c500|C:\\windows\\System32\\RPCRT4.dll+1a71f|C:\\windows\\System32\\RPCRT4.dll+19d7a|C:\\windows\\System32\\RPCRT4.dll+19361","UtcTime":"2020-10-22 07:52:06.486","TargetProcessGUID":"{39e4a257-3a26-5f91-f413-000000000700}","SourceProcessId":"2072","Level":"4","Channel":"Microsoft-Windows-Sysmon/Operational","Task":"10","RuleName":"-","SourceName":"Microsoft-Windows-Sysmon","Hostname":"WORKSTATION5","SourceProcessGUID":"{39e4a257-f1ad-5f8b-9500-000000000700}","TargetProcessId":"10068","EventID":10,"Keywords":"0x8000000000000000","TargetImage":"C:\\windows\\system32\\calc.exe","Message":"Process accessed:\r\nRuleName: -\r\nUtcTime: 2020-10-22 07:52:06.486\r\nSourceProcessGUID: {39e4a257-f1ad-5f8b-9500-000000000700}\r\nSourceProcessId: 2072\r\nSourceThreadId: 5248\r\nSourceImage: C:\\windows\\system32\\svchost.exe\r\nTargetProcessGUID: {39e4a257-3a26-5f91-f413-000000000700}\r\nTargetProcessId: 10068\r\nTargetImage: C:\\windows\\system32\\calc.exe\r\nGrantedAccess: 0x1000\r\nCallTrace: C:\\windows\\SYSTEM32\\ntdll.dll+9d154|C:\\windows\\System32\\RPCRT4.dll+2d354|C:\\windows\\System32\\combase.dll+b855b|c:\\windows\\system32\\windows.staterepository.dll+223f5|c:\\windows\\system32\\windows.staterepository.dll+12295|C:\\windows\\System32\\RPCRT4.dll+76a63|C:\\windows\\System32\\RPCRT4.dll+da036|C:\\windows\\System32\\RPCRT4.dll+383b9|C:\\windows\\System32\\combase.dll+a5d13|C:\\windows\\System32\\RPCRT4.dll+59bab|C:\\windows\\System32\\combase.dll+8d0e3|C:\\windows\\System32\\combase.dll+8ced3|C:\\windows\\System32\\combase.dll+a9556|C:\\windows\\System32\\combase.dll+8a4fa|C:\\windows\\System32\\combase.dll+a47ed|C:\\windows\\System32\\combase.dll+401ac|C:\\windows\\System32\\combase.dll+40a11|C:\\windows\\System32\\combase.dll+421b8|C:\\windows\\System32\\RPCRT4.dll+549f8|C:\\windows\\System32\\RPCRT4.dll+2c9b1|C:\\windows\\System32\\RPCRT4.dll+2c500|C:\\windows\\System32\\RPCRT4.dll+1a71f|C:\\windows\\System32\\RPCRT4.dll+19d7a|C:\\windows\\System32\\RPCRT4.dll+19361"}
{"GrantedAccess":"0x1040","@timestamp":"2020-10-22T03:52:06.497Z","TimeCreated":"2020-10-22T03:52:06.497Z","SourceThreadId":"5248","SourceImage":"C:\\windows\\system32\\svchost.exe","ProviderGuid":"{5770385f-c22a-43e0-bf4c-06f5698ffbd9}","CallTrace":"C:\\windows\\SYSTEM32\\ntdll.dll+9d154|C:\\windows\\System32\\RPCRT4.dll+2d354|C:\\windows\\System32\\combase.dll+b855b|C:\\windows\\System32\\combase.dll+68808|C:\\windows\\System32\\combase.dll+666fb|C:\\windows\\System32\\combase.dll+66800|C:\\windows\\System32\\combase.dll+66664|C:\\windows\\System32\\combase.dll+3a668|C:\\windows\\System32\\combase.dll+3a0cb|C:\\windows\\System32\\combase.dll+87c25|C:\\windows\\System32\\combase.dll+84744|C:\\windows\\System32\\combase.dll+84680|C:\\windows\\System32\\combase.dll+8431f|C:\\windows\\System32\\combase.dll+89fd7|C:\\windows\\System32\\combase.dll+a7659|C:\\windows\\System32\\RPCRT4.dll+da15e|C:\\windows\\System32\\RPCRT4.dll+383b9|C:\\windows\\System32\\combase.dll+a5d13|C:\\windows\\System32\\RPCRT4.dll+59bab|C:\\windows\\System32\\combase.dll+8d0e3|C:\\windows\\System32\\combase.dll+8ced3|C:\\windows\\System32\\combase.dll+a9556|C:\\windows\\System32\\combase.dll+8a4fa|C:\\windows\\System32\\combase.dll+a47ed","UtcTime":"2020-10-22 07:52:06.486","TargetProcessGUID":"{39e4a257-3a26-5f91-f413-000000000700}","SourceProcessId":"2072","Level":"4","Channel":"Microsoft-Windows-Sysmon/Operational","Task":"10","RuleName":"-","SourceName":"Microsoft-Windows-Sysmon","Hostname":"WORKSTATION5","SourceProcessGUID":"{39e4a257-f1ad-5f8b-9500-000000000700}","TargetProcessId":"10068","EventID":10,"Keywords":"0x8000000000000000","TargetImage":"C:\\windows\\system32\\calc.exe","Message":"Process accessed:\r\nRuleName: -\r\nUtcTime: 2020-10-22 07:52:06.486\r\nSourceProcessGUID: {39e4a257-f1ad-5f8b-9500-000000000700}\r\nSourceProcessId: 2072\r\nSourceThreadId: 5248\r\nSourceImage: C:\\windows\\system32\\svchost.exe\r\nTargetProcessGUID: {39e4a257-3a26-5f91-f413-000000000700}\r\nTargetProcessId: 10068\r\nTargetImage: C:\\windows\\system32\\calc.exe\r\nGrantedAccess: 0x1040\r\nCallTrace: C:\\windows\\SYSTEM32\\ntdll.dll+9d154|C:\\windows\\System32\\RPCRT4.dll+2d354|C:\\windows\\System32\\combase.dll+b855b|C:\\windows\\System32\\combase.dll+68808|C:\\windows\\System32\\combase.dll+666fb|C:\\windows\\System32\\combase.dll+66800|C:\\windows\\System32\\combase.dll+66664|C:\\windows\\System32\\combase.dll+3a668|C:\\windows\\System32\\combase.dll+3a0cb|C:\\windows\\System32\\combase.dll+87c25|C:\\windows\\System32\\combase.dll+84744|C:\\windows\\System32\\combase.dll+84680|C:\\windows\\System32\\combase.dll+8431f|C:\\windows\\System32\\combase.dll+89fd7|C:\\windows\\System32\\combase.dll+a7659|C:\\windows\\System32\\RPCRT4.dll+da15e|C:\\windows\\System32\\RPCRT4.dll+383b9|C:\\windows\\System32\\combase.dll+a5d13|C:\\windows\\System32\\RPCRT4.dll+59bab|C:\\windows\\System32\\combase.dll+8d0e3|C:\\windows\\System32\\combase.dll+8ced3|C:\\windows\\System32\\combase.dll+a9556|C:\\windows\\System32\\combase.dll+8a4fa|C:\\windows\\System32\\combase.dll+a47ed"}
{"GrantedAccess":"0x1000","@timestamp":"2020-10-22T03:52:06.497Z","TimeCreated":"2020-10-22T03:52:06.497Z","SourceThreadId":"8468","SourceImage":"C:\\windows\\system32\\svchost.exe","ProviderGuid":"{5770385f-c22a-43e0-bf4c-06f5698ffbd9}","CallTrace":"C:\\windows\\SYSTEM32\\ntdll.dll+9d154|C:\\windows\\System32\\RPCRT4.dll+2d354|C:\\windows\\System32\\combase.dll+b855b|c:\\windows\\system32\\windows.staterepository.dll+223f5|c:\\windows\\system32\\windows.staterepository.dll+12295|C:\\windows\\System32\\RPCRT4.dll+76a63|C:\\windows\\System32\\RPCRT4.dll+da036|C:\\windows\\System32\\RPCRT4.dll+383b9|C:\\windows\\System32\\combase.dll+a5d13|C:\\windows\\System32\\RPCRT4.dll+59bab|C:\\windows\\System32\\combase.dll+8d0e3|C:\\windows\\System32\\combase.dll+8ced3|C:\\windows\\System32\\combase.dll+a9556|C:\\windows\\System32\\combase.dll+8a4fa|C:\\windows\\System32\\combase.dll+a47ed|C:\\windows\\System32\\combase.dll+401ac|C:\\windows\\System32\\combase.dll+40a11|C:\\windows\\System32\\combase.dll+421b8|C:\\windows\\System32\\RPCRT4.dll+549f8|C:\\windows\\System32\\RPCRT4.dll+2c9b1|C:\\windows\\System32\\RPCRT4.dll+2c500|C:\\windows\\System32\\RPCRT4.dll+1a71f|C:\\windows\\System32\\RPCRT4.dll+19d7a|C:\\windows\\System32\\RPCRT4.dll+19361","UtcTime":"2020-10-22 07:52:06.486","TargetProcessGUID":"{39e4a257-3a26-5f91-f413-000000000700}","SourceProcessId":"2072","Level":"4","Channel":"Microsoft-Windows-Sysmon/Operational","Task":"10","RuleName":"-","SourceName":"Microsoft-Windows-Sysmon","Hostname":"WORKSTATION5","SourceProcessGUID":"{39e4a257-f1ad-5f8b-9500-000000000700}","TargetProcessId":"10068","EventID":10,"Keywords":"0x8000000000000000","TargetImage":"C:\\windows\\system32\\calc.exe","Message":"Process accessed:\r\nRuleName: -\r\nUtcTime: 2020-10-22 07:52:06.486\r\nSourceProcessGUID: {39e4a257-f1ad-5f8b-9500-000000000700}\r\nSourceProcessId: 2072\r\nSourceThreadId: 8468\r\nSourceImage: C:\\windows\\system32\\svchost.exe\r\nTargetProcessGUID: {39e4a257-3a26-5f91-f413-000000000700}\r\nTargetProcessId: 10068\r\nTargetImage: C:\\windows\\system32\\calc.exe\r\nGrantedAccess: 0x1000\r\nCallTrace: C:\\windows\\SYSTEM32\\ntdll.dll+9d154|C:\\windows\\System32\\RPCRT4.dll+2d354|C:\\windows\\System32\\combase.dll+b855b|c:\\windows\\system32\\windows.staterepository.dll+223f5|c:\\windows\\system32\\windows.staterepository.dll+12295|C:\\windows\\System32\\RPCRT4.dll+76a63|C:\\windows\\System32\\RPCRT4.dll+da036|C:\\windows\\System32\\RPCRT4.dll+383b9|C:\\windows\\System32\\combase.dll+a5d13|C:\\windows\\System32\\RPCRT4.dll+59bab|C:\\windows\\System32\\combase.dll+8d0e3|C:\\windows\\System32\\combase.dll+8ced3|C:\\windows\\System32\\combase.dll+a9556|C:\\windows\\System32\\combase.dll+8a4fa|C:\\windows\\System32\\combase.dll+a47ed|C:\\windows\\System32\\combase.dll+401ac|C:\\windows\\System32\\combase.dll+40a11|C:\\windows\\System32\\combase.dll+421b8|C:\\windows\\System32\\RPCRT4.dll+549f8|C:\\windows\\System32\\RPCRT4.dll+2c9b1|C:\\windows\\System32\\RPCRT4.dll+2c500|C:\\windows\\System32\\RPCRT4.dll+1a71f|C:\\windows\\System32\\RPCRT4.dll+19d7a|C:\\windows\\System32\\RPCRT4.dll+19361"}
{"GrantedAccess":"0x1040","@timestamp":"2020-10-22T03:52:06.498Z","TimeCreated":"2020-10-22T03:52:06.498Z","SourceThreadId":"8468","SourceImage":"C:\\windows\\system32\\svchost.exe","ProviderGuid":"{5770385f-c22a-43e0-bf4c-06f5698ffbd9}","CallTrace":"C:\\windows\\SYSTEM32\\ntdll.dll+9d154|C:\\windows\\System32\\RPCRT4.dll+2d354|C:\\windows\\System32\\combase.dll+b855b|C:\\windows\\System32\\combase.dll+68808|C:\\windows\\System32\\combase.dll+666fb|C:\\windows\\System32\\combase.dll+66800|C:\\windows\\System32\\combase.dll+66664|C:\\windows\\System32\\combase.dll+3a668|C:\\windows\\System32\\combase.dll+3a0cb|C:\\windows\\System32\\combase.dll+87c25|C:\\windows\\System32\\combase.dll+84744|C:\\windows\\System32\\combase.dll+84680|C:\\windows\\System32\\combase.dll+8431f|C:\\windows\\System32\\combase.dll+89fd7|C:\\windows\\System32\\combase.dll+a7659|C:\\windows\\System32\\RPCRT4.dll+da15e|C:\\windows\\System32\\RPCRT4.dll+383b9|C:\\windows\\System32\\combase.dll+a5d13|C:\\windows\\System32\\RPCRT4.dll+59bab|C:\\windows\\System32\\combase.dll+8d0e3|C:\\windows\\System32\\combase.dll+8ced3|C:\\windows\\System32\\combase.dll+a9556|C:\\windows\\System32\\combase.dll+8a4fa|C:\\windows\\System32\\combase.dll+a47ed","UtcTime":"2020-10-22 07:52:06.486","TargetProcessGUID":"{39e4a257-3a26-5f91-f413-000000000700}","SourceProcessId":"2072","Level":"4","Channel":"Microsoft-Windows-Sysmon/Operational","Task":"10","RuleName":"-","SourceName":"Microsoft-Windows-Sysmon","Hostname":"WORKSTATION5","SourceProcessGUID":"{39e4a257-f1ad-5f8b-9500-000000000700}","TargetProcessId":"10068","EventID":10,"Keywords":"0x8000000000000000","TargetImage":"C:\\windows\\system32\\calc.exe","Message":"Process accessed:\r\nRuleName: -\r\nUtcTime: 2020-10-22 07:52:06.486\r\nSourceProcessGUID: {39e4a257-f1ad-5f8b-9500-000000000700}\r\nSourceProcessId: 2072\r\nSourceThreadId: 8468\r\nSourceImage: C:\\windows\\system32\\svchost.exe\r\nTargetProcessGUID: {39e4a257-3a26-5f91-f413-000000000700}\r\nTargetProcessId: 10068\r\nTargetImage: C:\\windows\\system32\\calc.exe\r\nGrantedAccess: 0x1040\r\nCallTrace: C:\\windows\\SYSTEM32\\ntdll.dll+9d154|C:\\windows\\System32\\RPCRT4.dll+2d354|C:\\windows\\System32\\combase.dll+b855b|C:\\windows\\System32\\combase.dll+68808|C:\\windows\\System32\\combase.dll+666fb|C:\\windows\\System32\\combase.dll+66800|C:\\windows\\System32\\combase.dll+66664|C:\\windows\\System32\\combase.dll+3a668|C:\\windows\\System32\\combase.dll+3a0cb|C:\\windows\\System32\\combase.dll+87c25|C:\\windows\\System32\\combase.dll+84744|C:\\windows\\System32\\combase.dll+84680|C:\\windows\\System32\\combase.dll+8431f|C:\\windows\\System32\\combase.dll+89fd7|C:\\windows\\System32\\combase.dll+a7659|C:\\windows\\System32\\RPCRT4.dll+da15e|C:\\windows\\System32\\RPCRT4.dll+383b9|C:\\windows\\System32\\combase.dll+a5d13|C:\\windows\\System32\\RPCRT4.dll+59bab|C:\\windows\\System32\\combase.dll+8d0e3|C:\\windows\\System32\\combase.dll+8ced3|C:\\windows\\System32\\combase.dll+a9556|C:\\windows\\System32\\combase.dll+8a4fa|C:\\windows\\System32\\combase.dll+a47ed"}
{"GrantedAccess":"0x1000","@timestamp":"2020-10-22T03:52:06.498Z","TimeCreated":"2020-10-22T03:52:06.498Z","SourceThreadId":"8468","SourceImage":"C:\\windows\\system32\\svchost.exe","ProviderGuid":"{5770385f-c22a-43e0-bf4c-06f5698ffbd9}","CallTrace":"C:\\windows\\SYSTEM32\\ntdll.dll+9d154|C:\\windows\\System32\\RPCRT4.dll+2d354|C:\\windows\\System32\\combase.dll+b855b|c:\\windows\\system32\\windows.staterepository.dll+223f5|c:\\windows\\system32\\windows.staterepository.dll+12295|C:\\windows\\System32\\RPCRT4.dll+76a63|C:\\windows\\System32\\RPCRT4.dll+da036|C:\\windows\\System32\\RPCRT4.dll+383b9|C:\\windows\\System32\\combase.dll+a5d13|C:\\windows\\System32\\RPCRT4.dll+59bab|C:\\windows\\System32\\combase.dll+8d0e3|C:\\windows\\System32\\combase.dll+8ced3|C:\\windows\\System32\\combase.dll+a9556|C:\\windows\\System32\\combase.dll+8a4fa|C:\\windows\\System32\\combase.dll+a47ed|C:\\windows\\System32\\combase.dll+401ac|C:\\windows\\System32\\combase.dll+40a11|C:\\windows\\System32\\combase.dll+421b8|C:\\windows\\System32\\RPCRT4.dll+549f8|C:\\windows\\System32\\RPCRT4.dll+2c9b1|C:\\windows\\System32\\RPCRT4.dll+2c500|C:\\windows\\System32\\RPCRT4.dll+1a71f|C:\\windows\\System32\\RPCRT4.dll+19d7a|C:\\windows\\System32\\RPCRT4.dll+19361","UtcTime":"2020-10-22 07:52:06.486","TargetProcessGUID":"{39e4a257-3a26-5f91-f413-000000000700}","SourceProcessId":"2072","Level":"4","Channel":"Microsoft-Windows-Sysmon/Operational","Task":"10","RuleName":"-","SourceName":"Microsoft-Windows-Sysmon","Hostname":"WORKSTATION5","SourceProcessGUID":"{39e4a257-f1ad-5f8b-9500-000000000700}","TargetProcessId":"10068","EventID":10,"Keywords":"0x8000000000000000","TargetImage":"C:\\windows\\system32\\calc.exe","Message":"Process accessed:\r\nRuleName: -\r\nUtcTime: 2020-10-22 07:52:06.486\r\nSourceProcessGUID: {39e4a257-f1ad-5f8b-9500-000000000700}\r\nSourceProcessId: 2072\r\nSourceThreadId: 8468\r\nSourceImage: C:\\windows\\system32\\svchost.exe\r\nTargetProcessGUID: {39e4a257-3a26-5f91-f413-000000000700}\r\nTargetProcessId: 10068\r\nTargetImage: C:\\windows\\system32\\calc.exe\r\nGrantedAccess: 0x1000\r\nCallTrace: C:\\windows\\SYSTEM32\\ntdll.dll+9d154|C:\\windows\\System32\\RPCRT4.dll+2d354|C:\\windows\\System32\\combase.dll+b855b|c:\\windows\\system32\\windows.staterepository.dll+223f5|c:\\windows\\system32\\windows.staterepository.dll+12295|C:\\windows\\System32\\RPCRT4.dll+76a63|C:\\windows\\System32\\RPCRT4.dll+da036|C:\\windows\\System32\\RPCRT4.dll+383b9|C:\\windows\\System32\\combase.dll+a5d13|C:\\windows\\System32\\RPCRT4.dll+59bab|C:\\windows\\System32\\combase.dll+8d0e3|C:\\windows\\System32\\combase.dll+8ced3|C:\\windows\\System32\\combase.dll+a9556|C:\\windows\\System32\\combase.dll+8a4fa|C:\\windows\\System32\\combase.dll+a47ed|C:\\windows\\System32\\combase.dll+401ac|C:\\windows\\System32\\combase.dll+40a11|C:\\windows\\System32\\combase.dll+421b8|C:\\windows\\System32\\RPCRT4.dll+549f8|C:\\windows\\System32\\RPCRT4.dll+2c9b1|C:\\windows\\System32\\RPCRT4.dll+2c500|C:\\windows\\System32\\RPCRT4.dll+1a71f|C:\\windows\\System32\\RPCRT4.dll+19d7a|C:\\windows\\System32\\RPCRT4.dll+19361"}
{"GrantedAccess":"0x1040","@timestamp":"2020-10-22T03:52:06.498Z","TimeCreated":"2020-10-22T03:52:06.498Z","SourceThreadId":"8468","SourceImage":"C:\\windows\\system32\\svchost.exe","ProviderGuid":"{5770385f-c22a-43e0-bf4c-06f5698ffbd9}","CallTrace":"C:\\windows\\SYSTEM32\\ntdll.dll+9d154|C:\\windows\\System32\\RPCRT4.dll+2d354|C:\\windows\\System32\\combase.dll+b855b|C:\\windows\\System32\\combase.dll+68808|C:\\windows\\System32\\combase.dll+666fb|C:\\windows\\System32\\combase.dll+66800|C:\\windows\\System32\\combase.dll+66664|C:\\windows\\System32\\combase.dll+3a668|C:\\windows\\System32\\combase.dll+3a0cb|C:\\windows\\System32\\combase.dll+87c25|C:\\windows\\System32\\combase.dll+84744|C:\\windows\\System32\\combase.dll+84680|C:\\windows\\System32\\combase.dll+8431f|C:\\windows\\System32\\combase.dll+89fd7|C:\\windows\\System32\\combase.dll+a7659|C:\\windows\\System32\\RPCRT4.dll+da15e|C:\\windows\\System32\\RPCRT4.dll+383b9|C:\\windows\\System32\\combase.dll+a5d13|C:\\windows\\System32\\RPCRT4.dll+59bab|C:\\windows\\System32\\combase.dll+8d0e3|C:\\windows\\System32\\combase.dll+8ced3|C:\\windows\\System32\\combase.dll+a9556|C:\\windows\\System32\\combase.dll+8a4fa|C:\\windows\\System32\\combase.dll+a47ed","UtcTime":"2020-10-22 07:52:06.486","TargetProcessGUID":"{39e4a257-3a26-5f91-f413-000000000700}","SourceProcessId":"2072","Level":"4","Channel":"Microsoft-Windows-Sysmon/Operational","Task":"10","RuleName":"-","SourceName":"Microsoft-Windows-Sysmon","Hostname":"WORKSTATION5","SourceProcessGUID":"{39e4a257-f1ad-5f8b-9500-000000000700}","TargetProcessId":"10068","EventID":10,"Keywords":"0x8000000000000000","TargetImage":"C:\\windows\\system32\\calc.exe","Message":"Process accessed:\r\nRuleName: -\r\nUtcTime: 2020-10-22 07:52:06.486\r\nSourceProcessGUID: {39e4a257-f1ad-5f8b-9500-000000000700}\r\nSourceProcessId: 2072\r\nSourceThreadId: 8468\r\nSourceImage: C:\\windows\\system32\\svchost.exe\r\nTargetProcessGUID: {39e4a257-3a26-5f91-f413-000000000700}\r\nTargetProcessId: 10068\r\nTargetImage: C:\\windows\\system32\\calc.exe\r\nGrantedAccess: 0x1040\r\nCallTrace: C:\\windows\\SYSTEM32\\ntdll.dll+9d154|C:\\windows\\System32\\RPCRT4.dll+2d354|C:\\windows\\System32\\combase.dll+b855b|C:\\windows\\System32\\combase.dll+68808|C:\\windows\\System32\\combase.dll+666fb|C:\\windows\\System32\\combase.dll+66800|C:\\windows\\System32\\combase.dll+66664|C:\\windows\\System32\\combase.dll+3a668|C:\\windows\\System32\\combase.dll+3a0cb|C:\\windows\\System32\\combase.dll+87c25|C:\\windows\\System32\\combase.dll+84744|C:\\windows\\System32\\combase.dll+84680|C:\\windows\\System32\\combase.dll+8431f|C:\\windows\\System32\\combase.dll+89fd7|C:\\windows\\System32\\combase.dll+a7659|C:\\windows\\System32\\RPCRT4.dll+da15e|C:\\windows\\System32\\RPCRT4.dll+383b9|C:\\windows\\System32\\combase.dll+a5d13|C:\\windows\\System32\\RPCRT4.dll+59bab|C:\\windows\\System32\\combase.dll+8d0e3|C:\\windows\\System32\\combase.dll+8ced3|C:\\windows\\System32\\combase.dll+a9556|C:\\windows\\System32\\combase.dll+8a4fa|C:\\windows\\System32\\combase.dll+a47ed"}
{"GrantedAccess":"0x1000","@timestamp":"2020-10-22T03:52:06.499Z","TimeCreated":"2020-10-22T03:52:06.499Z","SourceThreadId":"5248","SourceImage":"C:\\windows\\system32\\svchost.exe","ProviderGuid":"{5770385f-c22a-43e0-bf4c-06f5698ffbd9}","CallTrace":"C:\\windows\\SYSTEM32\\ntdll.dll+9d154|C:\\windows\\System32\\RPCRT4.dll+2d354|C:\\windows\\System32\\combase.dll+b855b|c:\\windows\\system32\\windows.staterepository.dll+223f5|c:\\windows\\system32\\windows.staterepository.dll+12295|C:\\windows\\System32\\RPCRT4.dll+76a63|C:\\windows\\System32\\RPCRT4.dll+da036|C:\\windows\\System32\\RPCRT4.dll+383b9|C:\\windows\\System32\\combase.dll+a5d13|C:\\windows\\System32\\RPCRT4.dll+59bab|C:\\windows\\System32\\combase.dll+8d0e3|C:\\windows\\System32\\combase.dll+8ced3|C:\\windows\\System32\\combase.dll+a9556|C:\\windows\\System32\\combase.dll+8a4fa|C:\\windows\\System32\\combase.dll+a47ed|C:\\windows\\System32\\combase.dll+401ac|C:\\windows\\System32\\combase.dll+40a11|C:\\windows\\System32\\combase.dll+421b8|C:\\windows\\System32\\RPCRT4.dll+549f8|C:\\windows\\System32\\RPCRT4.dll+2c9b1|C:\\windows\\System32\\RPCRT4.dll+2c500|C:\\windows\\System32\\RPCRT4.dll+1a71f|C:\\windows\\System32\\RPCRT4.dll+19d7a|C:\\windows\\System32\\RPCRT4.dll+19361","UtcTime":"2020-10-22 07:52:06.486","TargetProcessGUID":"{39e4a257-3a26-5f91-f413-000000000700}","SourceProcessId":"2072","Level":"4","Channel":"Microsoft-Windows-Sysmon/Operational","Task":"10","RuleName":"-","SourceName":"Microsoft-Windows-Sysmon","Hostname":"WORKSTATION5","SourceProcessGUID":"{39e4a257-f1ad-5f8b-9500-000000000700}","TargetProcessId":"10068","EventID":10,"Keywords":"0x8000000000000000","TargetImage":"C:\\windows\\system32\\calc.exe","Message":"Process accessed:\r\nRuleName: -\r\nUtcTime: 2020-10-22 07:52:06.486\r\nSourceProcessGUID: {39e4a257-f1ad-5f8b-9500-000000000700}\r\nSourceProcessId: 2072\r\nSourceThreadId: 5248\r\nSourceImage: C:\\windows\\system32\\svchost.exe\r\nTargetProcessGUID: {39e4a257-3a26-5f91-f413-000000000700}\r\nTargetProcessId: 10068\r\nTargetImage: C:\\windows\\system32\\calc.exe\r\nGrantedAccess: 0x1000\r\nCallTrace: C:\\windows\\SYSTEM32\\ntdll.dll+9d154|C:\\windows\\System32\\RPCRT4.dll+2d354|C:\\windows\\System32\\combase.dll+b855b|c:\\windows\\system32\\windows.staterepository.dll+223f5|c:\\windows\\system32\\windows.staterepository.dll+12295|C:\\windows\\System32\\RPCRT4.dll+76a63|C:\\windows\\System32\\RPCRT4.dll+da036|C:\\windows\\System32\\RPCRT4.dll+383b9|C:\\windows\\System32\\combase.dll+a5d13|C:\\windows\\System32\\RPCRT4.dll+59bab|C:\\windows\\System32\\combase.dll+8d0e3|C:\\windows\\System32\\combase.dll+8ced3|C:\\windows\\System32\\combase.dll+a9556|C:\\windows\\System32\\combase.dll+8a4fa|C:\\windows\\System32\\combase.dll+a47ed|C:\\windows\\System32\\combase.dll+401ac|C:\\windows\\System32\\combase.dll+40a11|C:\\windows\\System32\\combase.dll+421b8|C:\\windows\\System32\\RPCRT4.dll+549f8|C:\\windows\\System32\\RPCRT4.dll+2c9b1|C:\\windows\\System32\\RPCRT4.dll+2c500|C:\\windows\\System32\\RPCRT4.dll+1a71f|C:\\windows\\System32\\RPCRT4.dll+19d7a|C:\\windows\\System32\\RPCRT4.dll+19361"}
{"GrantedAccess":"0x1040","@timestamp":"2020-10-22T03:52:06.499Z","TimeCreated":"2020-10-22T03:52:06.499Z","SourceThreadId":"5248","SourceImage":"C:\\windows\\system32\\svchost.exe","ProviderGuid":"{5770385f-c22a-43e0-bf4c-06f5698ffbd9}","CallTrace":"C:\\windows\\SYSTEM32\\ntdll.dll+9d154|C:\\windows\\System32\\RPCRT4.dll+2d354|C:\\windows\\System32\\combase.dll+b855b|C:\\windows\\System32\\combase.dll+68808|C:\\windows\\System32\\combase.dll+666fb|C:\\windows\\System32\\combase.dll+66800|C:\\windows\\System32\\combase.dll+66664|C:\\windows\\System32\\combase.dll+3a668|C:\\windows\\System32\\combase.dll+3a0cb|C:\\windows\\System32\\combase.dll+87c25|C:\\windows\\System32\\combase.dll+84744|C:\\windows\\System32\\combase.dll+84680|C:\\windows\\System32\\combase.dll+8431f|C:\\windows\\System32\\combase.dll+89fd7|C:\\windows\\System32\\combase.dll+a7659|C:\\windows\\System32\\RPCRT4.dll+da15e|C:\\windows\\System32\\RPCRT4.dll+383b9|C:\\windows\\System32\\combase.dll+a5d13|C:\\windows\\System32\\RPCRT4.dll+59bab|C:\\windows\\System32\\combase.dll+8d0e3|C:\\windows\\System32\\combase.dll+8ced3|C:\\windows\\System32\\combase.dll+a9556|C:\\windows\\System32\\combase.dll+8a4fa|C:\\windows\\System32\\combase.dll+a47ed","UtcTime":"2020-10-22 07:52:06.486","TargetProcessGUID":"{39e4a257-3a26-5f91-f413-000000000700}","SourceProcessId":"2072","Level":"4","Channel":"Microsoft-Windows-Sysmon/Operational","Task":"10","RuleName":"-","SourceName":"Microsoft-Windows-Sysmon","Hostname":"WORKSTATION5","SourceProcessGUID":"{39e4a257-f1ad-5f8b-9500-000000000700}","TargetProcessId":"10068","EventID":10,"Keywords":"0x8000000000000000","TargetImage":"C:\\windows\\system32\\calc.exe","Message":"Process accessed:\r\nRuleName: -\r\nUtcTime: 2020-10-22 07:52:06.486\r\nSourceProcessGUID: {39e4a257-f1ad-5f8b-9500-000000000700}\r\nSourceProcessId: 2072\r\nSourceThreadId: 5248\r\nSourceImage: C:\\windows\\system32\\svchost.exe\r\nTargetProcessGUID: {39e4a257-3a26-5f91-f413-000000000700}\r\nTargetProcessId: 10068\r\nTargetImage: C:\\windows\\system32\\calc.exe\r\nGrantedAccess: 0x1040\r\nCallTrace: C:\\windows\\SYSTEM32\\ntdll.dll+9d154|C:\\windows\\System32\\RPCRT4.dll+2d354|C:\\windows\\System32\\combase.dll+b855b|C:\\windows\\System32\\combase.dll+68808|C:\\windows\\System32\\combase.dll+666fb|C:\\windows\\System32\\combase.dll+66800|C:\\windows\\System32\\combase.dll+66664|C:\\windows\\System32\\combase.dll+3a668|C:\\windows\\System32\\combase.dll+3a0cb|C:\\windows\\System32\\combase.dll+87c25|C:\\windows\\System32\\combase.dll+84744|C:\\windows\\System32\\combase.dll+84680|C:\\windows\\System32\\combase.dll+8431f|C:\\windows\\System32\\combase.dll+89fd7|C:\\windows\\System32\\combase.dll+a7659|C:\\windows\\System32\\RPCRT4.dll+da15e|C:\\windows\\System32\\RPCRT4.dll+383b9|C:\\windows\\System32\\combase.dll+a5d13|C:\\windows\\System32\\RPCRT4.dll+59bab|C:\\windows\\System32\\combase.dll+8d0e3|C:\\windows\\System32\\combase.dll+8ced3|C:\\windows\\System32\\combase.dll+a9556|C:\\windows\\System32\\combase.dll+8a4fa|C:\\windows\\System32\\combase.dll+a47ed"}
{"GrantedAccess":"0x1000","@timestamp":"2020-10-22T03:52:06.500Z","TimeCreated":"2020-10-22T03:52:06.500Z","SourceThreadId":"5248","SourceImage":"C:\\windows\\system32\\svchost.exe","ProviderGuid":"{5770385f-c22a-43e0-bf4c-06f5698ffbd9}","CallTrace":"C:\\windows\\SYSTEM32\\ntdll.dll+9d154|C:\\windows\\System32\\RPCRT4.dll+2d354|C:\\windows\\System32\\combase.dll+b855b|c:\\windows\\system32\\windows.staterepository.dll+223f5|c:\\windows\\system32\\windows.staterepository.dll+12295|C:\\windows\\System32\\RPCRT4.dll+76a63|C:\\windows\\System32\\RPCRT4.dll+da036|C:\\windows\\System32\\RPCRT4.dll+383b9|C:\\windows\\System32\\combase.dll+a5d13|C:\\windows\\System32\\RPCRT4.dll+59bab|C:\\windows\\System32\\combase.dll+8d0e3|C:\\windows\\System32\\combase.dll+8ced3|C:\\windows\\System32\\combase.dll+a9556|C:\\windows\\System32\\combase.dll+8a4fa|C:\\windows\\System32\\combase.dll+a47ed|C:\\windows\\System32\\combase.dll+401ac|C:\\windows\\System32\\combase.dll+40a11|C:\\windows\\System32\\combase.dll+421b8|C:\\windows\\System32\\RPCRT4.dll+549f8|C:\\windows\\System32\\RPCRT4.dll+2c9b1|C:\\windows\\System32\\RPCRT4.dll+2c500|C:\\windows\\System32\\RPCRT4.dll+1a71f|C:\\windows\\System32\\RPCRT4.dll+19d7a|C:\\windows\\System32\\RPCRT4.dll+19361","UtcTime":"2020-10-22 07:52:06.486","TargetProcessGUID":"{39e4a257-3a26-5f91-f413-000000000700}","SourceProcessId":"2072","Level":"4","Channel":"Microsoft-Windows-Sysmon/Operational","Task":"10","RuleName":"-","SourceName":"Microsoft-Windows-Sysmon","Hostname":"WORKSTATION5","SourceProcessGUID":"{39e4a257-f1ad-5f8b-9500-000000000700}","TargetProcessId":"10068","EventID":10,"Keywords":"0x8000000000000000","TargetImage":"C:\\windows\\system32\\calc.exe","Message":"Process accessed:\r\nRuleName: -\r\nUtcTime: 2020-10-22 07:52:06.486\r\nSourceProcessGUID: {39e4a257-f1ad-5f8b-9500-000000000700}\r\nSourceProcessId: 2072\r\nSourceThreadId: 5248\r\nSourceImage: C:\\windows\\system32\\svchost.exe\r\nTargetProcessGUID: {39e4a257-3a26-5f91-f413-000000000700}\r\nTargetProcessId: 10068\r\nTargetImage: C:\\windows\\system32\\calc.exe\r\nGrantedAccess: 0x1000\r\nCallTrace: C:\\windows\\SYSTEM32\\ntdll.dll+9d154|C:\\windows\\System32\\RPCRT4.dll+2d354|C:\\windows\\System32\\combase.dll+b855b|c:\\windows\\system32\\windows.staterepository.dll+223f5|c:\\windows\\system32\\windows.staterepository.dll+12295|C:\\windows\\System32\\RPCRT4.dll+76a63|C:\\windows\\System32\\RPCRT4.dll+da036|C:\\windows\\System32\\RPCRT4.dll+383b9|C:\\windows\\System32\\combase.dll+a5d13|C:\\windows\\System32\\RPCRT4.dll+59bab|C:\\windows\\System32\\combase.dll+8d0e3|C:\\windows\\System32\\combase.dll+8ced3|C:\\windows\\System32\\combase.dll+a9556|C:\\windows\\System32\\combase.dll+8a4fa|C:\\windows\\System32\\combase.dll+a47ed|C:\\windows\\System32\\combase.dll+401ac|C:\\windows\\System32\\combase.dll+40a11|C:\\windows\\System32\\combase.dll+421b8|C:\\windows\\System32\\RPCRT4.dll+549f8|C:\\windows\\System32\\RPCRT4.dll+2c9b1|C:\\windows\\System32\\RPCRT4.dll+2c500|C:\\windows\\System32\\RPCRT4.dll+1a71f|C:\\windows\\System32\\RPCRT4.dll+19d7a|C:\\windows\\System32\\RPCRT4.dll+19361"}
{"GrantedAccess":"0x1040","@timestamp":"2020-10-22T03:52:06.500Z","TimeCreated":"2020-10-22T03:52:06.500Z","SourceThreadId":"5248","SourceImage":"C:\\windows\\system32\\svchost.exe","ProviderGuid":"{5770385f-c22a-43e0-bf4c-06f5698ffbd9}","CallTrace":"C:\\windows\\SYSTEM32\\ntdll.dll+9d154|C:\\windows\\System32\\RPCRT4.dll+2d354|C:\\windows\\System32\\combase.dll+b855b|C:\\windows\\System32\\combase.dll+68808|C:\\windows\\System32\\combase.dll+666fb|C:\\windows\\System32\\combase.dll+66800|C:\\windows\\System32\\combase.dll+66664|C:\\windows\\System32\\combase.dll+3a668|C:\\windows\\System32\\combase.dll+3a0cb|C:\\windows\\System32\\combase.dll+87c25|C:\\windows\\System32\\combase.dll+84744|C:\\windows\\System32\\combase.dll+84680|C:\\windows\\System32\\combase.dll+8431f|C:\\windows\\System32\\combase.dll+89fd7|C:\\windows\\System32\\combase.dll+a7659|C:\\windows\\System32\\RPCRT4.dll+da15e|C:\\windows\\System32\\RPCRT4.dll+383b9|C:\\windows\\System32\\combase.dll+a5d13|C:\\windows\\System32\\RPCRT4.dll+59bab|C:\\windows\\System32\\combase.dll+8d0e3|C:\\windows\\System32\\combase.dll+8ced3|C:\\windows\\System32\\combase.dll+a9556|C:\\windows\\System32\\combase.dll+8a4fa|C:\\windows\\System32\\combase.dll+a47ed","UtcTime":"2020-10-22 07:52:06.486","TargetProcessGUID":"{39e4a257-3a26-5f91-f413-000000000700}","SourceProcessId":"2072","Level":"4","Channel":"Microsoft-Windows-Sysmon/Operational","Task":"10","RuleName":"-","SourceName":"Microsoft-Windows-Sysmon","Hostname":"WORKSTATION5","SourceProcessGUID":"{39e4a257-f1ad-5f8b-9500-000000000700}","TargetProcessId":"10068","EventID":10,"Keywords":"0x8000000000000000","TargetImage":"C:\\windows\\system32\\calc.exe","Message":"Process accessed:\r\nRuleName: -\r\nUtcTime: 2020-10-22 07:52:06.486\r\nSourceProcessGUID: {39e4a257-f1ad-5f8b-9500-000000000700}\r\nSourceProcessId: 2072\r\nSourceThreadId: 5248\r\nSourceImage: C:\\windows\\system32\\svchost.exe\r\nTargetProcessGUID: {39e4a257-3a26-5f91-f413-000000000700}\r\nTargetProcessId: 10068\r\nTargetImage: C:\\windows\\system32\\calc.exe\r\nGrantedAccess: 0x1040\r\nCallTrace: C:\\windows\\SYSTEM32\\ntdll.dll+9d154|C:\\windows\\System32\\RPCRT4.dll+2d354|C:\\windows\\System32\\combase.dll+b855b|C:\\windows\\System32\\combase.dll+68808|C:\\windows\\System32\\combase.dll+666fb|C:\\windows\\System32\\combase.dll+66800|C:\\windows\\System32\\combase.dll+66664|C:\\windows\\System32\\combase.dll+3a668|C:\\windows\\System32\\combase.dll+3a0cb|C:\\windows\\System32\\combase.dll+87c25|C:\\windows\\System32\\combase.dll+84744|C:\\windows\\System32\\combase.dll+84680|C:\\windows\\System32\\combase.dll+8431f|C:\\windows\\System32\\combase.dll+89fd7|C:\\windows\\System32\\combase.dll+a7659|C:\\windows\\System32\\RPCRT4.dll+da15e|C:\\windows\\System32\\RPCRT4.dll+383b9|C:\\windows\\System32\\combase.dll+a5d13|C:\\windows\\System32\\RPCRT4.dll+59bab|C:\\windows\\System32\\combase.dll+8d0e3|C:\\windows\\System32\\combase.dll+8ced3|C:\\windows\\System32\\combase.dll+a9556|C:\\windows\\System32\\combase.dll+8a4fa|C:\\windows\\System32\\combase.dll+a47ed"}
{"GrantedAccess":"0x1000","@timestamp":"2020-10-22T03:52:06.500Z","TimeCreated":"2020-10-22T03:52:06.500Z","SourceThreadId":"5248","SourceImage":"C:\\windows\\system32\\svchost.exe","ProviderGuid":"{5770385f-c22a-43e0-bf4c-06f5698ffbd9}","CallTrace":"C:\\windows\\SYSTEM32\\ntdll.dll+9d154|C:\\windows\\System32\\RPCRT4.dll+2d354|C:\\windows\\System32\\combase.dll+b855b|c:\\windows\\system32\\windows.staterepository.dll+223f5|c:\\windows\\system32\\windows.staterepository.dll+12295|C:\\windows\\System32\\RPCRT4.dll+76a63|C:\\windows\\System32\\RPCRT4.dll+da036|C:\\windows\\System32\\RPCRT4.dll+383b9|C:\\windows\\System32\\combase.dll+a5d13|C:\\windows\\System32\\RPCRT4.dll+59bab|C:\\windows\\System32\\combase.dll+8d0e3|C:\\windows\\System32\\combase.dll+8ced3|C:\\windows\\System32\\combase.dll+a9556|C:\\windows\\System32\\combase.dll+8a4fa|C:\\windows\\System32\\combase.dll+a47ed|C:\\windows\\System32\\combase.dll+401ac|C:\\windows\\System32\\combase.dll+40a11|C:\\windows\\System32\\combase.dll+421b8|C:\\windows\\System32\\RPCRT4.dll+549f8|C:\\windows\\System32\\RPCRT4.dll+2c9b1|C:\\windows\\System32\\RPCRT4.dll+2c500|C:\\windows\\System32\\RPCRT4.dll+1a71f|C:\\windows\\System32\\RPCRT4.dll+19d7a|C:\\windows\\System32\\RPCRT4.dll+19361","UtcTime":"2020-10-22 07:52:06.486","TargetProcessGUID":"{39e4a257-3a26-5f91-f413-000000000700}","SourceProcessId":"2072","Level":"4","Channel":"Microsoft-Windows-Sysmon/Operational","Task":"10","RuleName":"-","SourceName":"Microsoft-Windows-Sysmon","Hostname":"WORKSTATION5","SourceProcessGUID":"{39e4a257-f1ad-5f8b-9500-000000000700}","TargetProcessId":"10068","EventID":10,"Keywords":"0x8000000000000000","TargetImage":"C:\\windows\\system32\\calc.exe","Message":"Process accessed:\r\nRuleName: -\r\nUtcTime: 2020-10-22 07:52:06.486\r\nSourceProcessGUID: {39e4a257-f1ad-5f8b-9500-000000000700}\r\nSourceProcessId: 2072\r\nSourceThreadId: 5248\r\nSourceImage: C:\\windows\\system32\\svchost.exe\r\nTargetProcessGUID: {39e4a257-3a26-5f91-f413-000000000700}\r\nTargetProcessId: 10068\r\nTargetImage: C:\\windows\\system32\\calc.exe\r\nGrantedAccess: 0x1000\r\nCallTrace: C:\\windows\\SYSTEM32\\ntdll.dll+9d154|C:\\windows\\System32\\RPCRT4.dll+2d354|C:\\windows\\System32\\combase.dll+b855b|c:\\windows\\system32\\windows.staterepository.dll+223f5|c:\\windows\\system32\\windows.staterepository.dll+12295|C:\\windows\\System32\\RPCRT4.dll+76a63|C:\\windows\\System32\\RPCRT4.dll+da036|C:\\windows\\System32\\RPCRT4.dll+383b9|C:\\windows\\System32\\combase.dll+a5d13|C:\\windows\\System32\\RPCRT4.dll+59bab|C:\\windows\\System32\\combase.dll+8d0e3|C:\\windows\\System32\\combase.dll+8ced3|C:\\windows\\System32\\combase.dll+a9556|C:\\windows\\System32\\combase.dll+8a4fa|C:\\windows\\System32\\combase.dll+a47ed|C:\\windows\\System32\\combase.dll+401ac|C:\\windows\\System32\\combase.dll+40a11|C:\\windows\\System32\\combase.dll+421b8|C:\\windows\\System32\\RPCRT4.dll+549f8|C:\\windows\\System32\\RPCRT4.dll+2c9b1|C:\\windows\\System32\\RPCRT4.dll+2c500|C:\\windows\\System32\\RPCRT4.dll+1a71f|C:\\windows\\System32\\RPCRT4.dll+19d7a|C:\\windows\\System32\\RPCRT4.dll+19361"}
{"GrantedAccess":"0x1040","@timestamp":"2020-10-22T03:52:06.501Z","TimeCreated":"2020-10-22T03:52:06.501Z","SourceThreadId":"5248","SourceImage":"C:\\windows\\system32\\svchost.exe","ProviderGuid":"{5770385f-c22a-43e0-bf4c-06f5698ffbd9}","CallTrace":"C:\\windows\\SYSTEM32\\ntdll.dll+9d154|C:\\windows\\System32\\RPCRT4.dll+2d354|C:\\windows\\System32\\combase.dll+b855b|C:\\windows\\System32\\combase.dll+68808|C:\\windows\\System32\\combase.dll+666fb|C:\\windows\\System32\\combase.dll+66800|C:\\windows\\System32\\combase.dll+66664|C:\\windows\\System32\\combase.dll+3a668|C:\\windows\\System32\\combase.dll+3a0cb|C:\\windows\\System32\\combase.dll+87c25|C:\\windows\\System32\\combase.dll+84744|C:\\windows\\System32\\combase.dll+84680|C:\\windows\\System32\\combase.dll+8431f|C:\\windows\\System32\\combase.dll+89fd7|C:\\windows\\System32\\combase.dll+a7659|C:\\windows\\System32\\RPCRT4.dll+da15e|C:\\windows\\System32\\RPCRT4.dll+383b9|C:\\windows\\System32\\combase.dll+a5d13|C:\\windows\\System32\\RPCRT4.dll+59bab|C:\\windows\\System32\\combase.dll+8d0e3|C:\\windows\\System32\\combase.dll+8ced3|C:\\windows\\System32\\combase.dll+a9556|C:\\windows\\System32\\combase.dll+8a4fa|C:\\windows\\System32\\combase.dll+a47ed","UtcTime":"2020-10-22 07:52:06.486","TargetProcessGUID":"{39e4a257-3a26-5f91-f413-000000000700}","SourceProcessId":"2072","Level":"4","Channel":"Microsoft-Windows-Sysmon/Operational","Task":"10","RuleName":"-","SourceName":"Microsoft-Windows-Sysmon","Hostname":"WORKSTATION5","SourceProcessGUID":"{39e4a257-f1ad-5f8b-9500-000000000700}","TargetProcessId":"10068","EventID":10,"Keywords":"0x8000000000000000","TargetImage":"C:\\windows\\system32\\calc.exe","Message":"Process accessed:\r\nRuleName: -\r\nUtcTime: 2020-10-22 07:52:06.486\r\nSourceProcessGUID: {39e4a257-f1ad-5f8b-9500-000000000700}\r\nSourceProcessId: 2072\r\nSourceThreadId: 5248\r\nSourceImage: C:\\windows\\system32\\svchost.exe\r\nTargetProcessGUID: {39e4a257-3a26-5f91-f413-000000000700}\r\nTargetProcessId: 10068\r\nTargetImage: C:\\windows\\system32\\calc.exe\r\nGrantedAccess: 0x1040\r\nCallTrace: C:\\windows\\SYSTEM32\\ntdll.dll+9d154|C:\\windows\\System32\\RPCRT4.dll+2d354|C:\\windows\\System32\\combase.dll+b855b|C:\\windows\\System32\\combase.dll+68808|C:\\windows\\System32\\combase.dll+666fb|C:\\windows\\System32\\combase.dll+66800|C:\\windows\\System32\\combase.dll+66664|C:\\windows\\System32\\combase.dll+3a668|C:\\windows\\System32\\combase.dll+3a0cb|C:\\windows\\System32\\combase.dll+87c25|C:\\windows\\System32\\combase.dll+84744|C:\\windows\\System32\\combase.dll+84680|C:\\windows\\System32\\combase.dll+8431f|C:\\windows\\System32\\combase.dll+89fd7|C:\\windows\\System32\\combase.dll+a7659|C:\\windows\\System32\\RPCRT4.dll+da15e|C:\\windows\\System32\\RPCRT4.dll+383b9|C:\\windows\\System32\\combase.dll+a5d13|C:\\windows\\System32\\RPCRT4.dll+59bab|C:\\windows\\System32\\combase.dll+8d0e3|C:\\windows\\System32\\combase.dll+8ced3|C:\\windows\\System32\\combase.dll+a9556|C:\\windows\\System32\\combase.dll+8a4fa|C:\\windows\\System32\\combase.dll+a47ed"}
{"@timestamp":"2020-10-22T03:52:06.502Z","TimeCreated":"2020-10-22T03:52:06.502Z","QueryName":"raw.githubusercontent.com","ProviderGuid":"{5770385f-c22a-43e0-bf4c-06f5698ffbd9}","UtcTime":"2020-10-22 07:52:04.335","ProcessGuid":"{39e4a257-3a12-5f91-ee13-000000000700}","Image":"C:\\Windows\\System32\\WindowsPowerShell\\v1.0\\powershell.exe","Level":"4","Channel":"Microsoft-Windows-Sysmon/Operational","Task":"22","RuleName":"-","QueryStatus":"0","SourceName":"Microsoft-Windows-Sysmon","Hostname":"WORKSTATION5","QueryResults":"type:  5 github.map.fastly.net;::ffff:151.101.208.133;","ProcessId":"10848","EventID":22,"Keywords":"0x8000000000000000","Message":"Dns query:\r\nRuleName: -\r\nUtcTime: 2020-10-22 07:52:04.335\r\nProcessGuid: {39e4a257-3a12-5f91-ee13-000000000700}\r\nProcessId: 10848\r\nQueryName: raw.githubusercontent.com\r\nQueryStatus: 0\r\nQueryResults: type:  5 github.map.fastly.net;::ffff:151.101.208.133;\r\nImage: C:\\Windows\\System32\\WindowsPowerShell\\v1.0\\powershell.exe"}
{"@timestamp":"2020-10-22T03:52:06.505Z","TimeCreated":"2020-10-22T03:52:06.505Z","Hashes":"SHA1=13D34F2596A43A2467CFC901CEEBE8457B7F195F,MD5=85B87A7B4F529EC541818C241B8C0F43,SHA256=2505CBAB7459C0ECD8EDDCD3E2C09827B08D718BAF197AB24BB4E69B3948A27F,IMPHASH=3173150472840D83979F027AE2D1081C","Signature":"Microsoft Windows","ProviderGuid":"{5770385f-c22a-43e0-bf4c-06f5698ffbd9}","Company":"Microsoft Corporation","UtcTime":"2020-10-22 07:52:06.501","ProcessGuid":"{39e4a257-3a26-5f91-f413-000000000700}","Image":"C:\\Windows\\System32\\calc.exe","ImageLoaded":"C:\\Windows\\System32\\edputil.dll","Level":"4","Channel":"Microsoft-Windows-Sysmon/Operational","Task":"7","RuleName":"-","FileVersion":"10.0.18362.1 (WinBuild.160101.0800)","SourceName":"Microsoft-Windows-Sysmon","Hostname":"WORKSTATION5","ProcessId":"10068","Description":"EDP util","SignatureStatus":"Valid","Product":"Microsoft Windows Operating System","EventID":7,"Keywords":"0x8000000000000000","Signed":"true","OriginalFileName":"EDPUTIL.DLL","Message":"Image loaded:\r\nRuleName: -\r\nUtcTime: 2020-10-22 07:52:06.501\r\nProcessGuid: {39e4a257-3a26-5f91-f413-000000000700}\r\nProcessId: 10068\r\nImage: C:\\Windows\\System32\\calc.exe\r\nImageLoaded: C:\\Windows\\System32\\edputil.dll\r\nFileVersion: 10.0.18362.1 (WinBuild.160101.0800)\r\nDescription: EDP util\r\nProduct: Microsoft Windows Operating System\r\nCompany: Microsoft Corporation\r\nOriginalFileName: EDPUTIL.DLL\r\nHashes: SHA1=13D34F2596A43A2467CFC901CEEBE8457B7F195F,MD5=85B87A7B4F529EC541818C241B8C0F43,SHA256=2505CBAB7459C0ECD8EDDCD3E2C09827B08D718BAF197AB24BB4E69B3948A27F,IMPHASH=3173150472840D83979F027AE2D1081C\r\nSigned: true\r\nSignature: Microsoft Windows\r\nSignatureStatus: Valid"}
{"@timestamp":"2020-10-22T03:52:06.507Z","TimeCreated":"2020-10-22T03:52:06.507Z","Hashes":"SHA1=BB449564B72F3687C311648D8E5C02EDD5D51D96,MD5=2C98AA00D1633E9AFAEAABA6CC87F287,SHA256=5DD8571132EF404927ADF7A1AC7EB26823D89271F62883F1E56C6EEEABC3D466,IMPHASH=F90C2A389F295606533D615109FB248B","Signature":"Microsoft Windows","ProviderGuid":"{5770385f-c22a-43e0-bf4c-06f5698ffbd9}","Company":"Microsoft Corporation","UtcTime":"2020-10-22 07:52:06.501","ProcessGuid":"{39e4a257-3a26-5f91-f413-000000000700}","Image":"C:\\Windows\\System32\\calc.exe","ImageLoaded":"C:\\Windows\\System32\\secur32.dll","Level":"4","Channel":"Microsoft-Windows-Sysmon/Operational","Task":"7","RuleName":"-","FileVersion":"10.0.18362.1 (WinBuild.160101.0800)","SourceName":"Microsoft-Windows-Sysmon","Hostname":"WORKSTATION5","ProcessId":"10068","Description":"Security Support Provider Interface","SignatureStatus":"Valid","Product":"Microsoft Windows Operating System","EventID":7,"Keywords":"0x8000000000000000","Signed":"true","OriginalFileName":"secur32.dll","Message":"Image loaded:\r\nRuleName: -\r\nUtcTime: 2020-10-22 07:52:06.501\r\nProcessGuid: {39e4a257-3a26-5f91-f413-000000000700}\r\nProcessId: 10068\r\nImage: C:\\Windows\\System32\\calc.exe\r\nImageLoaded: C:\\Windows\\System32\\secur32.dll\r\nFileVersion: 10.0.18362.1 (WinBuild.160101.0800)\r\nDescription: Security Support Provider Interface\r\nProduct: Microsoft Windows Operating System\r\nCompany: Microsoft Corporation\r\nOriginalFileName: secur32.dll\r\nHashes: SHA1=BB449564B72F3687C311648D8E5C02EDD5D51D96,MD5=2C98AA00D1633E9AFAEAABA6CC87F287,SHA256=5DD8571132EF404927ADF7A1AC7EB26823D89271F62883F1E56C6EEEABC3D466,IMPHASH=F90C2A389F295606533D615109FB248B\r\nSigned: true\r\nSignature: Microsoft Windows\r\nSignatureStatus: Valid"}
{"@timestamp":"2020-10-22T03:52:06.507Z","TimeCreated":"2020-10-22T03:52:06.507Z","Hashes":"SHA1=A30A81AB6EB472CC79CF9E8C5B47ECA85998801A,MD5=DA9647C845792371DD2F95E1CCC9A63A,SHA256=FE741D2F986B0B9557A90BDF0560F49CD17381D1094C42A91634AABE49F46A1E,IMPHASH=D08C52FA17116C062A28110FE7465D80","Signature":"Microsoft Windows","ProviderGuid":"{5770385f-c22a-43e0-bf4c-06f5698ffbd9}","Company":"Microsoft Corporation","UtcTime":"2020-10-22 07:52:06.501","ProcessGuid":"{39e4a257-3a26-5f91-f413-000000000700}","Image":"C:\\Windows\\System32\\calc.exe","ImageLoaded":"C:\\Windows\\System32\\sspicli.dll","Level":"4","Channel":"Microsoft-Windows-Sysmon/Operational","Task":"7","RuleName":"-","FileVersion":"10.0.18362.1049 (WinBuild.160101.0800)","SourceName":"Microsoft-Windows-Sysmon","Hostname":"WORKSTATION5","ProcessId":"10068","Description":"Security Support Provider Interface","SignatureStatus":"Valid","Product":"Microsoft Windows Operating System","EventID":7,"Keywords":"0x8000000000000000","Signed":"true","OriginalFileName":"sspicli.dll","Message":"Image loaded:\r\nRuleName: -\r\nUtcTime: 2020-10-22 07:52:06.501\r\nProcessGuid: {39e4a257-3a26-5f91-f413-000000000700}\r\nProcessId: 10068\r\nImage: C:\\Windows\\System32\\calc.exe\r\nImageLoaded: C:\\Windows\\System32\\sspicli.dll\r\nFileVersion: 10.0.18362.1049 (WinBuild.160101.0800)\r\nDescription: Security Support Provider Interface\r\nProduct: Microsoft Windows Operating System\r\nCompany: Microsoft Corporation\r\nOriginalFileName: sspicli.dll\r\nHashes: SHA1=A30A81AB6EB472CC79CF9E8C5B47ECA85998801A,MD5=DA9647C845792371DD2F95E1CCC9A63A,SHA256=FE741D2F986B0B9557A90BDF0560F49CD17381D1094C42A91634AABE49F46A1E,IMPHASH=D08C52FA17116C062A28110FE7465D80\r\nSigned: true\r\nSignature: Microsoft Windows\r\nSignatureStatus: Valid"}
{"GrantedAccess":"0x1000","@timestamp":"2020-10-22T03:52:06.507Z","TimeCreated":"2020-10-22T03:52:06.507Z","SourceThreadId":"4836","SourceImage":"C:\\windows\\system32\\lsass.exe","ProviderGuid":"{5770385f-c22a-43e0-bf4c-06f5698ffbd9}","CallTrace":"C:\\windows\\SYSTEM32\\ntdll.dll+9d154|C:\\windows\\System32\\RPCRT4.dll+2d354|C:\\windows\\system32\\lsasrv.dll+176b9|C:\\windows\\SYSTEM32\\SspiSrv.dll+1a72|C:\\windows\\System32\\RPCRT4.dll+76a63|C:\\windows\\System32\\RPCRT4.dll+da036|C:\\windows\\System32\\RPCRT4.dll+37b7c|C:\\windows\\System32\\RPCRT4.dll+549f8|C:\\windows\\System32\\RPCRT4.dll+2c9b1|C:\\windows\\System32\\RPCRT4.dll+2c26b|C:\\windows\\System32\\RPCRT4.dll+1a8cf|C:\\windows\\System32\\RPCRT4.dll+19d7a|C:\\windows\\System32\\RPCRT4.dll+19361|C:\\windows\\System32\\RPCRT4.dll+18dce|C:\\windows\\System32\\RPCRT4.dll+16a05|C:\\windows\\SYSTEM32\\ntdll.dll+333ed|C:\\windows\\SYSTEM32\\ntdll.dll+34142|C:\\windows\\System32\\KERNEL32.DLL+17c24|C:\\windows\\SYSTEM32\\ntdll.dll+6cea1","UtcTime":"2020-10-22 07:52:06.501","TargetProcessGUID":"{39e4a257-3a26-5f91-f413-000000000700}","SourceProcessId":"756","Level":"4","Channel":"Microsoft-Windows-Sysmon/Operational","Task":"10","RuleName":"-","SourceName":"Microsoft-Windows-Sysmon","Hostname":"WORKSTATION5","SourceProcessGUID":"{39e4a257-f131-5f8b-0c00-000000000700}","TargetProcessId":"10068","EventID":10,"Keywords":"0x8000000000000000","TargetImage":"C:\\windows\\system32\\calc.exe","Message":"Process accessed:\r\nRuleName: -\r\nUtcTime: 2020-10-22 07:52:06.501\r\nSourceProcessGUID: {39e4a257-f131-5f8b-0c00-000000000700}\r\nSourceProcessId: 756\r\nSourceThreadId: 4836\r\nSourceImage: C:\\windows\\system32\\lsass.exe\r\nTargetProcessGUID: {39e4a257-3a26-5f91-f413-000000000700}\r\nTargetProcessId: 10068\r\nTargetImage: C:\\windows\\system32\\calc.exe\r\nGrantedAccess: 0x1000\r\nCallTrace: C:\\windows\\SYSTEM32\\ntdll.dll+9d154|C:\\windows\\System32\\RPCRT4.dll+2d354|C:\\windows\\system32\\lsasrv.dll+176b9|C:\\windows\\SYSTEM32\\SspiSrv.dll+1a72|C:\\windows\\System32\\RPCRT4.dll+76a63|C:\\windows\\System32\\RPCRT4.dll+da036|C:\\windows\\System32\\RPCRT4.dll+37b7c|C:\\windows\\System32\\RPCRT4.dll+549f8|C:\\windows\\System32\\RPCRT4.dll+2c9b1|C:\\windows\\System32\\RPCRT4.dll+2c26b|C:\\windows\\System32\\RPCRT4.dll+1a8cf|C:\\windows\\System32\\RPCRT4.dll+19d7a|C:\\windows\\System32\\RPCRT4.dll+19361|C:\\windows\\System32\\RPCRT4.dll+18dce|C:\\windows\\System32\\RPCRT4.dll+16a05|C:\\windows\\SYSTEM32\\ntdll.dll+333ed|C:\\windows\\SYSTEM32\\ntdll.dll+34142|C:\\windows\\System32\\KERNEL32.DLL+17c24|C:\\windows\\SYSTEM32\\ntdll.dll+6cea1"}
{"GrantedAccess":"0x1478","@timestamp":"2020-10-22T03:52:06.507Z","TimeCreated":"2020-10-22T03:52:06.507Z","SourceThreadId":"4836","SourceImage":"C:\\windows\\system32\\lsass.exe","ProviderGuid":"{5770385f-c22a-43e0-bf4c-06f5698ffbd9}","CallTrace":"C:\\windows\\SYSTEM32\\ntdll.dll+9c584|C:\\windows\\system32\\lsasrv.dll+179a6|C:\\windows\\system32\\lsasrv.dll+1852f|C:\\windows\\system32\\lsasrv.dll+17814|C:\\windows\\SYSTEM32\\SspiSrv.dll+1a72|C:\\windows\\System32\\RPCRT4.dll+76a63|C:\\windows\\System32\\RPCRT4.dll+da036|C:\\windows\\System32\\RPCRT4.dll+37b7c|C:\\windows\\System32\\RPCRT4.dll+549f8|C:\\windows\\System32\\RPCRT4.dll+2c9b1|C:\\windows\\System32\\RPCRT4.dll+2c26b|C:\\windows\\System32\\RPCRT4.dll+1a8cf|C:\\windows\\System32\\RPCRT4.dll+19d7a|C:\\windows\\System32\\RPCRT4.dll+19361|C:\\windows\\System32\\RPCRT4.dll+18dce|C:\\windows\\System32\\RPCRT4.dll+16a05|C:\\windows\\SYSTEM32\\ntdll.dll+333ed|C:\\windows\\SYSTEM32\\ntdll.dll+34142|C:\\windows\\System32\\KERNEL32.DLL+17c24|C:\\windows\\SYSTEM32\\ntdll.dll+6cea1","UtcTime":"2020-10-22 07:52:06.501","TargetProcessGUID":"{39e4a257-3a26-5f91-f413-000000000700}","SourceProcessId":"756","Level":"4","Channel":"Microsoft-Windows-Sysmon/Operational","Task":"10","RuleName":"-","SourceName":"Microsoft-Windows-Sysmon","Hostname":"WORKSTATION5","SourceProcessGUID":"{39e4a257-f131-5f8b-0c00-000000000700}","TargetProcessId":"10068","EventID":10,"Keywords":"0x8000000000000000","TargetImage":"C:\\windows\\system32\\calc.exe","Message":"Process accessed:\r\nRuleName: -\r\nUtcTime: 2020-10-22 07:52:06.501\r\nSourceProcessGUID: {39e4a257-f131-5f8b-0c00-000000000700}\r\nSourceProcessId: 756\r\nSourceThreadId: 4836\r\nSourceImage: C:\\windows\\system32\\lsass.exe\r\nTargetProcessGUID: {39e4a257-3a26-5f91-f413-000000000700}\r\nTargetProcessId: 10068\r\nTargetImage: C:\\windows\\system32\\calc.exe\r\nGrantedAccess: 0x1478\r\nCallTrace: C:\\windows\\SYSTEM32\\ntdll.dll+9c584|C:\\windows\\system32\\lsasrv.dll+179a6|C:\\windows\\system32\\lsasrv.dll+1852f|C:\\windows\\system32\\lsasrv.dll+17814|C:\\windows\\SYSTEM32\\SspiSrv.dll+1a72|C:\\windows\\System32\\RPCRT4.dll+76a63|C:\\windows\\System32\\RPCRT4.dll+da036|C:\\windows\\System32\\RPCRT4.dll+37b7c|C:\\windows\\System32\\RPCRT4.dll+549f8|C:\\windows\\System32\\RPCRT4.dll+2c9b1|C:\\windows\\System32\\RPCRT4.dll+2c26b|C:\\windows\\System32\\RPCRT4.dll+1a8cf|C:\\windows\\System32\\RPCRT4.dll+19d7a|C:\\windows\\System32\\RPCRT4.dll+19361|C:\\windows\\System32\\RPCRT4.dll+18dce|C:\\windows\\System32\\RPCRT4.dll+16a05|C:\\windows\\SYSTEM32\\ntdll.dll+333ed|C:\\windows\\SYSTEM32\\ntdll.dll+34142|C:\\windows\\System32\\KERNEL32.DLL+17c24|C:\\windows\\SYSTEM32\\ntdll.dll+6cea1"}
