{"GrantedAccess":"0x1000","@timestamp":"2020-10-22T01:31:11.400Z","TimeCreated":"2020-10-22T01:31:11.400Z","SourceThreadId":"4688","SourceImage":"C:\\windows\\Explorer.EXE","ProviderGuid":"{5770385f-c22a-43e0-bf4c-06f5698ffbd9}","CallTrace":"C:\\windows\\SYSTEM32\\ntdll.dll+9c584|C:\\windows\\System32\\KERNELBASE.dll+305fe|C:\\windows\\system32\\twinui.pcshell.dll+f06f|C:\\windows\\system32\\twinui.pcshell.dll+7c351|C:\\windows\\system32\\twinui.pcshell.dll+1ab64|C:\\windows\\system32\\twinui.pcshell.dll+3d6a3|C:\\windows\\system32\\twinui.pcshell.dll+59992|C:\\windows\\system32\\twinui.pcshell.dll+2931e|C:\\windows\\system32\\twinui.pcshell.dll+7c666|C:\\windows\\system32\\twinui.pcshell.dll+5c590|C:\\windows\\System32\\USER32.dll+15c1d|C:\\windows\\System32\\USER32.dll+15612|C:\\Windows\\System32\\windows.immersiveshell.serviceprovider.dll+45f0|C:\\Windows\\System32\\windows.immersiveshell.serviceprovider.dll+41b9|C:\\Windows\\System32\\windows.immersiveshell.serviceprovider.dll+3e4f|C:\\windows\\System32\\KERNEL32.DLL+17c24|C:\\windows\\SYSTEM32\\ntdll.dll+6cea1","UtcTime":"2020-10-22 05:31:11.379","TargetProcessGUID":"{39e4a257-191f-5f91-6212-000000000700}","SourceProcessId":"1072","Level":"4","Channel":"Microsoft-Windows-Sysmon/Operational","Task":"10","RuleName":"-","SourceName":"Microsoft-Windows-Sysmon","Hostname":"WORKSTATION5","SourceProcessGUID":"{39e4a257-f1b3-5f8b-a700-000000000700}","TargetProcessId":"1124","EventID":10,"Keywords":"0x8000000000000000","TargetImage":"C:\\windows\\SysWOW64\\cmd.exe","Message":"Process accessed:\r\nRuleName: -\r\nUtcTime: 2020-10-22 05:31:11.379\r\nSourceProcessGUID: {39e4a257-f1b3-5f8b-a700-000000000700}\r\nSourceProcessId: 1072\r\nSourceThreadId: 4688\r\nSourceImage: C:\\windows\\Explorer.EXE\r\nTargetProcessGUID: {39e4a257-191f-5f91-6212-000000000700}\r\nTargetProcessId: 1124\r\nTargetImage: C:\\windows\\SysWOW64\\cmd.exe\r\nGrantedAccess: 0x1000\r\nCallTrace: C:\\windows\\SYSTEM32\\ntdll.dll+9c584|C:\\windows\\System32\\KERNELBASE.dll+305fe|C:\\windows\\system32\\twinui.pcshell.dll+f06f|C:\\windows\\system32\\twinui.pcshell.dll+7c351|C:\\windows\\system32\\twinui.pcshell.dll+1ab64|C:\\windows\\system32\\twinui.pcshell.dll+3d6a3|C:\\windows\\system32\\twinui.pcshell.dll+59992|C:\\windows\\system32\\twinui.pcshell.dll+2931e|C:\\windows\\system32\\twinui.pcshell.dll+7c666|C:\\windows\\system32\\twinui.pcshell.dll+5c590|C:\\windows\\System32\\USER32.dll+15c1d|C:\\windows\\System32\\USER32.dll+15612|C:\\Windows\\System32\\windows.immersiveshell.serviceprovider.dll+45f0|C:\\Windows\\System32\\windows.immersiveshell.serviceprovider.dll+41b9|C:\\Windows\\System32\\windows.immersiveshell.serviceprovider.dll+3e4f|C:\\windows\\System32\\KERNEL32.DLL+17c24|C:\\windows\\SYSTEM32\\ntdll.dll+6cea1"}
{"GrantedAccess":"0x1000","@timestamp":"2020-10-22T01:31:11.401Z","TimeCreated":"2020-10-22T01:31:11.401Z","SourceThreadId":"4688","SourceImage":"C:\\windows\\Explorer.EXE","ProviderGuid":"{5770385f-c22a-43e0-bf4c-06f5698ffbd9}","CallTrace":"C:\\windows\\SYSTEM32\\ntdll.dll+9c584|C:\\windows\\System32\\KERNELBASE.dll+305fe|C:\\windows\\system32\\twinui.pcshell.dll+f7f5|C:\\windows\\system32\\twinui.pcshell.dll+f09c|C:\\windows\\system32\\twinui.pcshell.dll+7c351|C:\\windows\\system32\\twinui.pcshell.dll+1ab64|C:\\windows\\system32\\twinui.pcshell.dll+3d6a3|C:\\windows\\system32\\twinui.pcshell.dll+59992|C:\\windows\\system32\\twinui.pcshell.dll+2931e|C:\\windows\\system32\\twinui.pcshell.dll+7c666|C:\\windows\\system32\\twinui.pcshell.dll+5c590|C:\\windows\\System32\\USER32.dll+15c1d|C:\\windows\\System32\\USER32.dll+15612|C:\\Windows\\System32\\windows.immersiveshell.serviceprovider.dll+45f0|C:\\Windows\\System32\\windows.immersiveshell.serviceprovider.dll+41b9|C:\\Windows\\System32\\windows.immersiveshell.serviceprovider.dll+3e4f|C:\\windows\\System32\\KERNEL32.DLL+17c24|C:\\windows\\SYSTEM32\\ntdll.dll+6cea1","UtcTime":"2020-10-22 05:31:11.379","TargetProcessGUID":"{39e4a257-191f-5f91-6212-000000000700}","SourceProcessId":"1072","Level":"4","Channel":"Microsoft-Windows-Sysmon/Operational","Task":"10","RuleName":"-","SourceName":"Microsoft-Windows-Sysmon","Hostname":"WORKSTATION5","SourceProcessGUID":"{39e4a257-f1b3-5f8b-a700-000000000700}","TargetProcessId":"1124","EventID":10,"Keywords":"0x8000000000000000","TargetImage":"C:\\windows\\SysWOW64\\cmd.exe","Message":"Process accessed:\r\nRuleName: -\r\nUtcTime: 2020-10-22 05:31:11.379\r\nSourceProcessGUID: {39e4a257-f1b3-5f8b-a700-000000000700}\r\nSourceProcessId: 1072\r\nSourceThreadId: 4688\r\nSourceImage: C:\\windows\\Explorer.EXE\r\nTargetProcessGUID: {39e4a257-191f-5f91-6212-000000000700}\r\nTargetProcessId: 1124\r\nTargetImage: C:\\windows\\SysWOW64\\cmd.exe\r\nGrantedAccess: 0x1000\r\nCallTrace: C:\\windows\\SYSTEM32\\ntdll.dll+9c584|C:\\windows\\System32\\KERNELBASE.dll+305fe|C:\\windows\\system32\\twinui.pcshell.dll+f7f5|C:\\windows\\system32\\twinui.pcshell.dll+f09c|C:\\windows\\system32\\twinui.pcshell.dll+7c351|C:\\windows\\system32\\twinui.pcshell.dll+1ab64|C:\\windows\\system32\\twinui.pcshell.dll+3d6a3|C:\\windows\\system32\\twinui.pcshell.dll+59992|C:\\windows\\system32\\twinui.pcshell.dll+2931e|C:\\windows\\system32\\twinui.pcshell.dll+7c666|C:\\windows\\system32\\twinui.pcshell.dll+5c590|C:\\windows\\System32\\USER32.dll+15c1d|C:\\windows\\System32\\USER32.dll+15612|C:\\Windows\\System32\\windows.immersiveshell.serviceprovider.dll+45f0|C:\\Windows\\System32\\windows.immersiveshell.serviceprovider.dll+41b9|C:\\Windows\\System32\\windows.immersiveshell.serviceprovider.dll+3e4f|C:\\windows\\System32\\KERNEL32.DLL+17c24|C:\\windows\\SYSTEM32\\ntdll.dll+6cea1"}
{"GrantedAccess":"0x1000","@timestamp":"2020-10-22T01:31:11.401Z","TimeCreated":"2020-10-22T01:31:11.401Z","SourceThreadId":"4652","SourceImage":"C:\\windows\\Explorer.EXE","ProviderGuid":"{5770385f-c22a-43e0-bf4c-06f5698ffbd9}","CallTrace":"C:\\windows\\SYSTEM32\\ntdll.dll+9c584|C:\\windows\\System32\\KERNELBASE.dll+305fe|C:\\windows\\Explorer.EXE+58239|C:\\windows\\Explorer.EXE+585e3|C:\\windows\\Explorer.EXE+58169|C:\\windows\\Explorer.EXE+29a50|C:\\windows\\System32\\windows.storage.dll+16e1c4|C:\\windows\\System32\\windows.storage.dll+16de05|C:\\windows\\System32\\windows.storage.dll+16dce5|C:\\windows\\System32\\shcore.dll+31636|C:\\windows\\SYSTEM32\\ntdll.dll+2f655|C:\\windows\\SYSTEM32\\ntdll.dll+345b4|C:\\windows\\System32\\KERNEL32.DLL+17c24|C:\\windows\\SYSTEM32\\ntdll.dll+6cea1","UtcTime":"2020-10-22 05:31:11.379","TargetProcessGUID":"{39e4a257-191f-5f91-6212-000000000700}","SourceProcessId":"1072","Level":"4","Channel":"Microsoft-Windows-Sysmon/Operational","Task":"10","RuleName":"-","SourceName":"Microsoft-Windows-Sysmon","Hostname":"WORKSTATION5","SourceProcessGUID":"{39e4a257-f1b3-5f8b-a700-000000000700}","TargetProcessId":"1124","EventID":10,"Keywords":"0x8000000000000000","TargetImage":"C:\\windows\\SysWOW64\\cmd.exe","Message":"Process accessed:\r\nRuleName: -\r\nUtcTime: 2020-10-22 05:31:11.379\r\nSourceProcessGUID: {39e4a257-f1b3-5f8b-a700-000000000700}\r\nSourceProcessId: 1072\r\nSourceThreadId: 4652\r\nSourceImage: C:\\windows\\Explorer.EXE\r\nTargetProcessGUID: {39e4a257-191f-5f91-6212-000000000700}\r\nTargetProcessId: 1124\r\nTargetImage: C:\\windows\\SysWOW64\\cmd.exe\r\nGrantedAccess: 0x1000\r\nCallTrace: C:\\windows\\SYSTEM32\\ntdll.dll+9c584|C:\\windows\\System32\\KERNELBASE.dll+305fe|C:\\windows\\Explorer.EXE+58239|C:\\windows\\Explorer.EXE+585e3|C:\\windows\\Explorer.EXE+58169|C:\\windows\\Explorer.EXE+29a50|C:\\windows\\System32\\windows.storage.dll+16e1c4|C:\\windows\\System32\\windows.storage.dll+16de05|C:\\windows\\System32\\windows.storage.dll+16dce5|C:\\windows\\System32\\shcore.dll+31636|C:\\windows\\SYSTEM32\\ntdll.dll+2f655|C:\\windows\\SYSTEM32\\ntdll.dll+345b4|C:\\windows\\System32\\KERNEL32.DLL+17c24|C:\\windows\\SYSTEM32\\ntdll.dll+6cea1"}
{"GrantedAccess":"0x1000","@timestamp":"2020-10-22T01:31:11.401Z","TimeCreated":"2020-10-22T01:31:11.401Z","SourceThreadId":"4652","SourceImage":"C:\\windows\\Explorer.EXE","ProviderGuid":"{5770385f-c22a-43e0-bf4c-06f5698ffbd9}","CallTrace":"C:\\windows\\SYSTEM32\\ntdll.dll+9c584|C:\\windows\\System32\\KERNELBASE.dll+305fe|C:\\Windows\\System32\\appresolver.dll+221c5|C:\\Windows\\System32\\appresolver.dll+1edcc|C:\\Windows\\System32\\appresolver.dll+1ecb7|C:\\windows\\Explorer.EXE+582ec|C:\\windows\\Explorer.EXE+585e3|C:\\windows\\Explorer.EXE+58169|C:\\windows\\Explorer.EXE+29a50|C:\\windows\\System32\\windows.storage.dll+16e1c4|C:\\windows\\System32\\windows.storage.dll+16de05|C:\\windows\\System32\\windows.storage.dll+16dce5|C:\\windows\\System32\\shcore.dll+31636|C:\\windows\\SYSTEM32\\ntdll.dll+2f655|C:\\windows\\SYSTEM32\\ntdll.dll+345b4|C:\\windows\\System32\\KERNEL32.DLL+17c24|C:\\windows\\SYSTEM32\\ntdll.dll+6cea1","UtcTime":"2020-10-22 05:31:11.379","TargetProcessGUID":"{39e4a257-191f-5f91-6212-000000000700}","SourceProcessId":"1072","Level":"4","Channel":"Microsoft-Windows-Sysmon/Operational","Task":"10","RuleName":"-","SourceName":"Microsoft-Windows-Sysmon","Hostname":"WORKSTATION5","SourceProcessGUID":"{39e4a257-f1b3-5f8b-a700-000000000700}","TargetProcessId":"1124","EventID":10,"Keywords":"0x8000000000000000","TargetImage":"C:\\windows\\SysWOW64\\cmd.exe","Message":"Process accessed:\r\nRuleName: -\r\nUtcTime: 2020-10-22 05:31:11.379\r\nSourceProcessGUID: {39e4a257-f1b3-5f8b-a700-000000000700}\r\nSourceProcessId: 1072\r\nSourceThreadId: 4652\r\nSourceImage: C:\\windows\\Explorer.EXE\r\nTargetProcessGUID: {39e4a257-191f-5f91-6212-000000000700}\r\nTargetProcessId: 1124\r\nTargetImage: C:\\windows\\SysWOW64\\cmd.exe\r\nGrantedAccess: 0x1000\r\nCallTrace: C:\\windows\\SYSTEM32\\ntdll.dll+9c584|C:\\windows\\System32\\KERNELBASE.dll+305fe|C:\\Windows\\System32\\appresolver.dll+221c5|C:\\Windows\\System32\\appresolver.dll+1edcc|C:\\Windows\\System32\\appresolver.dll+1ecb7|C:\\windows\\Explorer.EXE+582ec|C:\\windows\\Explorer.EXE+585e3|C:\\windows\\Explorer.EXE+58169|C:\\windows\\Explorer.EXE+29a50|C:\\windows\\System32\\windows.storage.dll+16e1c4|C:\\windows\\System32\\windows.storage.dll+16de05|C:\\windows\\System32\\windows.storage.dll+16dce5|C:\\windows\\System32\\shcore.dll+31636|C:\\windows\\SYSTEM32\\ntdll.dll+2f655|C:\\windows\\SYSTEM32\\ntdll.dll+345b4|C:\\windows\\System32\\KERNEL32.DLL+17c24|C:\\windows\\SYSTEM32\\ntdll.dll+6cea1"}
{"GrantedAccess":"0x1000","@timestamp":"2020-10-22T01:31:11.401Z","TimeCreated":"2020-10-22T01:31:11.401Z","SourceThreadId":"4652","SourceImage":"C:\\windows\\Explorer.EXE","ProviderGuid":"{5770385f-c22a-43e0-bf4c-06f5698ffbd9}","CallTrace":"C:\\windows\\SYSTEM32\\ntdll.dll+9c584|C:\\windows\\System32\\KERNELBASE.dll+305fe|C:\\Windows\\System32\\appresolver.dll+1ee93|C:\\Windows\\System32\\appresolver.dll+1ecb7|C:\\windows\\Explorer.EXE+582ec|C:\\windows\\Explorer.EXE+585e3|C:\\windows\\Explorer.EXE+58169|C:\\windows\\Explorer.EXE+29a50|C:\\windows\\System32\\windows.storage.dll+16e1c4|C:\\windows\\System32\\windows.storage.dll+16de05|C:\\windows\\System32\\windows.storage.dll+16dce5|C:\\windows\\System32\\shcore.dll+31636|C:\\windows\\SYSTEM32\\ntdll.dll+2f655|C:\\windows\\SYSTEM32\\ntdll.dll+345b4|C:\\windows\\System32\\KERNEL32.DLL+17c24|C:\\windows\\SYSTEM32\\ntdll.dll+6cea1","UtcTime":"2020-10-22 05:31:11.379","TargetProcessGUID":"{39e4a257-191f-5f91-6212-000000000700}","SourceProcessId":"1072","Level":"4","Channel":"Microsoft-Windows-Sysmon/Operational","Task":"10","RuleName":"-","SourceName":"Microsoft-Windows-Sysmon","Hostname":"WORKSTATION5","SourceProcessGUID":"{39e4a257-f1b3-5f8b-a700-000000000700}","TargetProcessId":"1124","EventID":10,"Keywords":"0x8000000000000000","TargetImage":"C:\\windows\\SysWOW64\\cmd.exe","Message":"Process accessed:\r\nRuleName: -\r\nUtcTime: 2020-10-22 05:31:11.379\r\nSourceProcessGUID: {39e4a257-f1b3-5f8b-a700-000000000700}\r\nSourceProcessId: 1072\r\nSourceThreadId: 4652\r\nSourceImage: C:\\windows\\Explorer.EXE\r\nTargetProcessGUID: {39e4a257-191f-5f91-6212-000000000700}\r\nTargetProcessId: 1124\r\nTargetImage: C:\\windows\\SysWOW64\\cmd.exe\r\nGrantedAccess: 0x1000\r\nCallTrace: C:\\windows\\SYSTEM32\\ntdll.dll+9c584|C:\\windows\\System32\\KERNELBASE.dll+305fe|C:\\Windows\\System32\\appresolver.dll+1ee93|C:\\Windows\\System32\\appresolver.dll+1ecb7|C:\\windows\\Explorer.EXE+582ec|C:\\windows\\Explorer.EXE+585e3|C:\\windows\\Explorer.EXE+58169|C:\\windows\\Explorer.EXE+29a50|C:\\windows\\System32\\windows.storage.dll+16e1c4|C:\\windows\\System32\\windows.storage.dll+16de05|C:\\windows\\System32\\windows.storage.dll+16dce5|C:\\windows\\System32\\shcore.dll+31636|C:\\windows\\SYSTEM32\\ntdll.dll+2f655|C:\\windows\\SYSTEM32\\ntdll.dll+345b4|C:\\windows\\System32\\KERNEL32.DLL+17c24|C:\\windows\\SYSTEM32\\ntdll.dll+6cea1"}
{"GrantedAccess":"0x1410","@timestamp":"2020-10-22T01:31:11.401Z","TimeCreated":"2020-10-22T01:31:11.401Z","SourceThreadId":"4652","SourceImage":"C:\\windows\\Explorer.EXE","ProviderGuid":"{5770385f-c22a-43e0-bf4c-06f5698ffbd9}","CallTrace":"C:\\windows\\SYSTEM32\\ntdll.dll+9c584|C:\\windows\\System32\\KERNELBASE.dll+305fe|C:\\Windows\\System32\\appresolver.dll+21ee8|C:\\Windows\\System32\\appresolver.dll+1ef46|C:\\Windows\\System32\\appresolver.dll+1ecb7|C:\\windows\\Explorer.EXE+582ec|C:\\windows\\Explorer.EXE+585e3|C:\\windows\\Explorer.EXE+58169|C:\\windows\\Explorer.EXE+29a50|C:\\windows\\System32\\windows.storage.dll+16e1c4|C:\\windows\\System32\\windows.storage.dll+16de05|C:\\windows\\System32\\windows.storage.dll+16dce5|C:\\windows\\System32\\shcore.dll+31636|C:\\windows\\SYSTEM32\\ntdll.dll+2f655|C:\\windows\\SYSTEM32\\ntdll.dll+345b4|C:\\windows\\System32\\KERNEL32.DLL+17c24|C:\\windows\\SYSTEM32\\ntdll.dll+6cea1","UtcTime":"2020-10-22 05:31:11.379","TargetProcessGUID":"{39e4a257-191f-5f91-6212-000000000700}","SourceProcessId":"1072","Level":"4","Channel":"Microsoft-Windows-Sysmon/Operational","Task":"10","RuleName":"-","SourceName":"Microsoft-Windows-Sysmon","Hostname":"WORKSTATION5","SourceProcessGUID":"{39e4a257-f1b3-5f8b-a700-000000000700}","TargetProcessId":"1124","EventID":10,"Keywords":"0x8000000000000000","TargetImage":"C:\\windows\\SysWOW64\\cmd.exe","Message":"Process accessed:\r\nRuleName: -\r\nUtcTime: 2020-10-22 05:31:11.379\r\nSourceProcessGUID: {39e4a257-f1b3-5f8b-a700-000000000700}\r\nSourceProcessId: 1072\r\nSourceThreadId: 4652\r\nSourceImage: C:\\windows\\Explorer.EXE\r\nTargetProcessGUID: {39e4a257-191f-5f91-6212-000000000700}\r\nTargetProcessId: 1124\r\nTargetImage: C:\\windows\\SysWOW64\\cmd.exe\r\nGrantedAccess: 0x1410\r\nCallTrace: C:\\windows\\SYSTEM32\\ntdll.dll+9c584|C:\\windows\\System32\\KERNELBASE.dll+305fe|C:\\Windows\\System32\\appresolver.dll+21ee8|C:\\Windows\\System32\\appresolver.dll+1ef46|C:\\Windows\\System32\\appresolver.dll+1ecb7|C:\\windows\\Explorer.EXE+582ec|C:\\windows\\Explorer.EXE+585e3|C:\\windows\\Explorer.EXE+58169|C:\\windows\\Explorer.EXE+29a50|C:\\windows\\System32\\windows.storage.dll+16e1c4|C:\\windows\\System32\\windows.storage.dll+16de05|C:\\windows\\System32\\windows.storage.dll+16dce5|C:\\windows\\System32\\shcore.dll+31636|C:\\windows\\SYSTEM32\\ntdll.dll+2f655|C:\\windows\\SYSTEM32\\ntdll.dll+345b4|C:\\windows\\System32\\KERNEL32.DLL+17c24|C:\\windows\\SYSTEM32\\ntdll.dll+6cea1"}
{"GrantedAccess":"0x1000","@timestamp":"2020-10-22T01:31:11.402Z","TimeCreated":"2020-10-22T01:31:11.402Z","SourceThreadId":"9676","SourceImage":"C:\\windows\\Explorer.EXE","ProviderGuid":"{5770385f-c22a-43e0-bf4c-06f5698ffbd9}","CallTrace":"C:\\windows\\SYSTEM32\\ntdll.dll+9c584|C:\\windows\\System32\\KERNELBASE.dll+305fe|C:\\windows\\system32\\twinui.dll+84735|C:\\windows\\system32\\twinui.dll+8464d|C:\\windows\\system32\\twinui.dll+80399|C:\\windows\\system32\\twinui.dll+800be|C:\\windows\\system32\\twinui.dll+7e9bc|C:\\windows\\system32\\twinui.dll+78a5c|C:\\windows\\System32\\shcore.dll+c540|C:\\windows\\System32\\shcore.dll+c1c8|C:\\windows\\System32\\shcore.dll+ac61|C:\\windows\\System32\\KERNEL32.DLL+17c24|C:\\windows\\SYSTEM32\\ntdll.dll+6cea1","UtcTime":"2020-10-22 05:31:11.379","TargetProcessGUID":"{39e4a257-191f-5f91-6212-000000000700}","SourceProcessId":"1072","Level":"4","Channel":"Microsoft-Windows-Sysmon/Operational","Task":"10","RuleName":"-","SourceName":"Microsoft-Windows-Sysmon","Hostname":"WORKSTATION5","SourceProcessGUID":"{39e4a257-f1b3-5f8b-a700-000000000700}","TargetProcessId":"1124","EventID":10,"Keywords":"0x8000000000000000","TargetImage":"C:\\windows\\SysWOW64\\cmd.exe","Message":"Process accessed:\r\nRuleName: -\r\nUtcTime: 2020-10-22 05:31:11.379\r\nSourceProcessGUID: {39e4a257-f1b3-5f8b-a700-000000000700}\r\nSourceProcessId: 1072\r\nSourceThreadId: 9676\r\nSourceImage: C:\\windows\\Explorer.EXE\r\nTargetProcessGUID: {39e4a257-191f-5f91-6212-000000000700}\r\nTargetProcessId: 1124\r\nTargetImage: C:\\windows\\SysWOW64\\cmd.exe\r\nGrantedAccess: 0x1000\r\nCallTrace: C:\\windows\\SYSTEM32\\ntdll.dll+9c584|C:\\windows\\System32\\KERNELBASE.dll+305fe|C:\\windows\\system32\\twinui.dll+84735|C:\\windows\\system32\\twinui.dll+8464d|C:\\windows\\system32\\twinui.dll+80399|C:\\windows\\system32\\twinui.dll+800be|C:\\windows\\system32\\twinui.dll+7e9bc|C:\\windows\\system32\\twinui.dll+78a5c|C:\\windows\\System32\\shcore.dll+c540|C:\\windows\\System32\\shcore.dll+c1c8|C:\\windows\\System32\\shcore.dll+ac61|C:\\windows\\System32\\KERNEL32.DLL+17c24|C:\\windows\\SYSTEM32\\ntdll.dll+6cea1"}
{"GrantedAccess":"0x1000","@timestamp":"2020-10-22T01:31:11.402Z","TimeCreated":"2020-10-22T01:31:11.402Z","SourceThreadId":"8556","SourceImage":"C:\\windows\\system32\\svchost.exe","ProviderGuid":"{5770385f-c22a-43e0-bf4c-06f5698ffbd9}","CallTrace":"C:\\windows\\SYSTEM32\\ntdll.dll+9c584|C:\\windows\\System32\\KERNELBASE.dll+305fe|C:\\windows\\SYSTEM32\\resourcepolicyserver.dll+5b76|C:\\windows\\SYSTEM32\\resourcepolicyserver.dll+88a0|C:\\windows\\SYSTEM32\\resourcepolicyserver.dll+a256|C:\\windows\\SYSTEM32\\resourcepolicyserver.dll+97c5|C:\\windows\\SYSTEM32\\resourcepolicyserver.dll+4b1d|C:\\windows\\System32\\RPCRT4.dll+76a63|C:\\windows\\System32\\RPCRT4.dll+da036|C:\\windows\\System32\\RPCRT4.dll+37b7c|C:\\windows\\System32\\RPCRT4.dll+549f8|C:\\windows\\System32\\RPCRT4.dll+2c9b1|C:\\windows\\System32\\RPCRT4.dll+2c26b|C:\\windows\\System32\\RPCRT4.dll+1a8cf|C:\\windows\\System32\\RPCRT4.dll+19d7a|C:\\windows\\System32\\RPCRT4.dll+19361|C:\\windows\\System32\\RPCRT4.dll+18dce|C:\\windows\\System32\\RPCRT4.dll+16a05|C:\\windows\\SYSTEM32\\ntdll.dll+333ed|C:\\windows\\SYSTEM32\\ntdll.dll+34142|C:\\windows\\System32\\KERNEL32.DLL+17c24|C:\\windows\\SYSTEM32\\ntdll.dll+6cea1","UtcTime":"2020-10-22 05:31:11.379","TargetProcessGUID":"{39e4a257-191f-5f91-6212-000000000700}","SourceProcessId":"944","Level":"4","Channel":"Microsoft-Windows-Sysmon/Operational","Task":"10","RuleName":"-","SourceName":"Microsoft-Windows-Sysmon","Hostname":"WORKSTATION5","SourceProcessGUID":"{39e4a257-f132-5f8b-1000-000000000700}","TargetProcessId":"1124","EventID":10,"Keywords":"0x8000000000000000","TargetImage":"C:\\windows\\SysWOW64\\cmd.exe","Message":"Process accessed:\r\nRuleName: -\r\nUtcTime: 2020-10-22 05:31:11.379\r\nSourceProcessGUID: {39e4a257-f132-5f8b-1000-000000000700}\r\nSourceProcessId: 944\r\nSourceThreadId: 8556\r\nSourceImage: C:\\windows\\system32\\svchost.exe\r\nTargetProcessGUID: {39e4a257-191f-5f91-6212-000000000700}\r\nTargetProcessId: 1124\r\nTargetImage: C:\\windows\\SysWOW64\\cmd.exe\r\nGrantedAccess: 0x1000\r\nCallTrace: C:\\windows\\SYSTEM32\\ntdll.dll+9c584|C:\\windows\\System32\\KERNELBASE.dll+305fe|C:\\windows\\SYSTEM32\\resourcepolicyserver.dll+5b76|C:\\windows\\SYSTEM32\\resourcepolicyserver.dll+88a0|C:\\windows\\SYSTEM32\\resourcepolicyserver.dll+a256|C:\\windows\\SYSTEM32\\resourcepolicyserver.dll+97c5|C:\\windows\\SYSTEM32\\resourcepolicyserver.dll+4b1d|C:\\windows\\System32\\RPCRT4.dll+76a63|C:\\windows\\System32\\RPCRT4.dll+da036|C:\\windows\\System32\\RPCRT4.dll+37b7c|C:\\windows\\System32\\RPCRT4.dll+549f8|C:\\windows\\System32\\RPCRT4.dll+2c9b1|C:\\windows\\System32\\RPCRT4.dll+2c26b|C:\\windows\\System32\\RPCRT4.dll+1a8cf|C:\\windows\\System32\\RPCRT4.dll+19d7a|C:\\windows\\System32\\RPCRT4.dll+19361|C:\\windows\\System32\\RPCRT4.dll+18dce|C:\\windows\\System32\\RPCRT4.dll+16a05|C:\\windows\\SYSTEM32\\ntdll.dll+333ed|C:\\windows\\SYSTEM32\\ntdll.dll+34142|C:\\windows\\System32\\KERNEL32.DLL+17c24|C:\\windows\\SYSTEM32\\ntdll.dll+6cea1"}
{"GrantedAccess":"0x1000","@timestamp":"2020-10-22T01:31:11.402Z","TimeCreated":"2020-10-22T01:31:11.402Z","SourceThreadId":"8556","SourceImage":"C:\\windows\\system32\\svchost.exe","ProviderGuid":"{5770385f-c22a-43e0-bf4c-06f5698ffbd9}","CallTrace":"C:\\windows\\SYSTEM32\\ntdll.dll+9c584|C:\\windows\\System32\\KERNELBASE.dll+305fe|C:\\windows\\SYSTEM32\\resourcepolicyserver.dll+a77f|C:\\windows\\SYSTEM32\\resourcepolicyserver.dll+97d6|C:\\windows\\SYSTEM32\\resourcepolicyserver.dll+4b1d|C:\\windows\\System32\\RPCRT4.dll+76a63|C:\\windows\\System32\\RPCRT4.dll+da036|C:\\windows\\System32\\RPCRT4.dll+37b7c|C:\\windows\\System32\\RPCRT4.dll+549f8|C:\\windows\\System32\\RPCRT4.dll+2c9b1|C:\\windows\\System32\\RPCRT4.dll+2c26b|C:\\windows\\System32\\RPCRT4.dll+1a8cf|C:\\windows\\System32\\RPCRT4.dll+19d7a|C:\\windows\\System32\\RPCRT4.dll+19361|C:\\windows\\System32\\RPCRT4.dll+18dce|C:\\windows\\System32\\RPCRT4.dll+16a05|C:\\windows\\SYSTEM32\\ntdll.dll+333ed|C:\\windows\\SYSTEM32\\ntdll.dll+34142|C:\\windows\\System32\\KERNEL32.DLL+17c24|C:\\windows\\SYSTEM32\\ntdll.dll+6cea1","UtcTime":"2020-10-22 05:31:11.379","TargetProcessGUID":"{39e4a257-191f-5f91-6212-000000000700}","SourceProcessId":"944","Level":"4","Channel":"Microsoft-Windows-Sysmon/Operational","Task":"10","RuleName":"-","SourceName":"Microsoft-Windows-Sysmon","Hostname":"WORKSTATION5","SourceProcessGUID":"{39e4a257-f132-5f8b-1000-000000000700}","TargetProcessId":"1124","EventID":10,"Keywords":"0x8000000000000000","TargetImage":"C:\\windows\\SysWOW64\\cmd.exe","Message":"Process accessed:\r\nRuleName: -\r\nUtcTime: 2020-10-22 05:31:11.379\r\nSourceProcessGUID: {39e4a257-f132-5f8b-1000-000000000700}\r\nSourceProcessId: 944\r\nSourceThreadId: 8556\r\nSourceImage: C:\\windows\\system32\\svchost.exe\r\nTargetProcessGUID: {39e4a257-191f-5f91-6212-000000000700}\r\nTargetProcessId: 1124\r\nTargetImage: C:\\windows\\SysWOW64\\cmd.exe\r\nGrantedAccess: 0x1000\r\nCallTrace: C:\\windows\\SYSTEM32\\ntdll.dll+9c584|C:\\windows\\System32\\KERNELBASE.dll+305fe|C:\\windows\\SYSTEM32\\resourcepolicyserver.dll+a77f|C:\\windows\\SYSTEM32\\resourcepolicyserver.dll+97d6|C:\\windows\\SYSTEM32\\resourcepolicyserver.dll+4b1d|C:\\windows\\System32\\RPCRT4.dll+76a63|C:\\windows\\System32\\RPCRT4.dll+da036|C:\\windows\\System32\\RPCRT4.dll+37b7c|C:\\windows\\System32\\RPCRT4.dll+549f8|C:\\windows\\System32\\RPCRT4.dll+2c9b1|C:\\windows\\System32\\RPCRT4.dll+2c26b|C:\\windows\\System32\\RPCRT4.dll+1a8cf|C:\\windows\\System32\\RPCRT4.dll+19d7a|C:\\windows\\System32\\RPCRT4.dll+19361|C:\\windows\\System32\\RPCRT4.dll+18dce|C:\\windows\\System32\\RPCRT4.dll+16a05|C:\\windows\\SYSTEM32\\ntdll.dll+333ed|C:\\windows\\SYSTEM32\\ntdll.dll+34142|C:\\windows\\System32\\KERNEL32.DLL+17c24|C:\\windows\\SYSTEM32\\ntdll.dll+6cea1"}
{"GrantedAccess":"0x1000","@timestamp":"2020-10-22T01:31:11.402Z","TimeCreated":"2020-10-22T01:31:11.402Z","SourceThreadId":"9676","SourceImage":"C:\\windows\\Explorer.EXE","ProviderGuid":"{5770385f-c22a-43e0-bf4c-06f5698ffbd9}","CallTrace":"C:\\windows\\SYSTEM32\\ntdll.dll+9c584|C:\\windows\\System32\\KERNELBASE.dll+305fe|C:\\windows\\system32\\twinui.dll+82e02|C:\\windows\\system32\\twinui.dll+82d47|C:\\windows\\system32\\twinui.dll+82c5e|C:\\windows\\system32\\twinui.dll+849e0|C:\\windows\\system32\\twinui.dll+80145|C:\\windows\\system32\\twinui.dll+7e9bc|C:\\windows\\system32\\twinui.dll+78a5c|C:\\windows\\System32\\shcore.dll+c540|C:\\windows\\System32\\shcore.dll+c1c8|C:\\windows\\System32\\shcore.dll+ac61|C:\\windows\\System32\\KERNEL32.DLL+17c24|C:\\windows\\SYSTEM32\\ntdll.dll+6cea1","UtcTime":"2020-10-22 05:31:11.379","TargetProcessGUID":"{39e4a257-191f-5f91-6212-000000000700}","SourceProcessId":"1072","Level":"4","Channel":"Microsoft-Windows-Sysmon/Operational","Task":"10","RuleName":"-","SourceName":"Microsoft-Windows-Sysmon","Hostname":"WORKSTATION5","SourceProcessGUID":"{39e4a257-f1b3-5f8b-a700-000000000700}","TargetProcessId":"1124","EventID":10,"Keywords":"0x8000000000000000","TargetImage":"C:\\windows\\SysWOW64\\cmd.exe","Message":"Process accessed:\r\nRuleName: -\r\nUtcTime: 2020-10-22 05:31:11.379\r\nSourceProcessGUID: {39e4a257-f1b3-5f8b-a700-000000000700}\r\nSourceProcessId: 1072\r\nSourceThreadId: 9676\r\nSourceImage: C:\\windows\\Explorer.EXE\r\nTargetProcessGUID: {39e4a257-191f-5f91-6212-000000000700}\r\nTargetProcessId: 1124\r\nTargetImage: C:\\windows\\SysWOW64\\cmd.exe\r\nGrantedAccess: 0x1000\r\nCallTrace: C:\\windows\\SYSTEM32\\ntdll.dll+9c584|C:\\windows\\System32\\KERNELBASE.dll+305fe|C:\\windows\\system32\\twinui.dll+82e02|C:\\windows\\system32\\twinui.dll+82d47|C:\\windows\\system32\\twinui.dll+82c5e|C:\\windows\\system32\\twinui.dll+849e0|C:\\windows\\system32\\twinui.dll+80145|C:\\windows\\system32\\twinui.dll+7e9bc|C:\\windows\\system32\\twinui.dll+78a5c|C:\\windows\\System32\\shcore.dll+c540|C:\\windows\\System32\\shcore.dll+c1c8|C:\\windows\\System32\\shcore.dll+ac61|C:\\windows\\System32\\KERNEL32.DLL+17c24|C:\\windows\\SYSTEM32\\ntdll.dll+6cea1"}
{"@timestamp":"2020-10-22T01:31:11.402Z","TimeCreated":"2020-10-22T01:31:11.402Z","ProviderGuid":"{5770385f-c22a-43e0-bf4c-06f5698ffbd9}","UtcTime":"2020-10-22 05:31:11.379","ProcessGuid":"{39e4a257-f121-5f8b-0100-000000000700}","Image":"System","Level":"4","Channel":"Microsoft-Windows-Sysmon/Operational","Task":"12","RuleName":"-","SourceName":"Microsoft-Windows-Sysmon","Hostname":"WORKSTATION5","ProcessId":"4","EventType":"CreateKey","EventID":12,"Keywords":"0x8000000000000000","TargetObject":"HKLM\\System\\CurrentControlSet\\Services\\bam\\State\\UserSettings\\S-1-5-21-3940915590-64593676-1414006259-500","Message":"Registry object added or deleted:\r\nRuleName: -\r\nEventType: CreateKey\r\nUtcTime: 2020-10-22 05:31:11.379\r\nProcessGuid: {39e4a257-f121-5f8b-0100-000000000700}\r\nProcessId: 4\r\nImage: System\r\nTargetObject: HKLM\\System\\CurrentControlSet\\Services\\bam\\State\\UserSettings\\S-1-5-21-3940915590-64593676-1414006259-500"}
{"@timestamp":"2020-10-22T01:31:11.402Z","TimeCreated":"2020-10-22T01:31:11.402Z","ProviderGuid":"{5770385f-c22a-43e0-bf4c-06f5698ffbd9}","UtcTime":"2020-10-22 05:31:11.379","ProcessGuid":"{39e4a257-f121-5f8b-0100-000000000700}","Image":"System","Level":"4","Channel":"Microsoft-Windows-Sysmon/Operational","Task":"13","RuleName":"-","SourceName":"Microsoft-Windows-Sysmon","Hostname":"WORKSTATION5","Details":"Binary Data","ProcessId":"4","EventType":"SetValue","EventID":13,"Keywords":"0x8000000000000000","TargetObject":"HKLM\\System\\CurrentControlSet\\Services\\bam\\State\\UserSettings\\S-1-5-21-3940915590-64593676-1414006259-500\\\\Device\\HarddiskVolume2\\Windows\\SysWOW64\\cmd.exe","Message":"Registry value set:\r\nRuleName: -\r\nEventType: SetValue\r\nUtcTime: 2020-10-22 05:31:11.379\r\nProcessGuid: {39e4a257-f121-5f8b-0100-000000000700}\r\nProcessId: 4\r\nImage: System\r\nTargetObject: HKLM\\System\\CurrentControlSet\\Services\\bam\\State\\UserSettings\\S-1-5-21-3940915590-64593676-1414006259-500\\\\Device\\HarddiskVolume2\\Windows\\SysWOW64\\cmd.exe\r\nDetails: Binary Data"}
{"@timestamp":"2020-10-22T01:31:11.402Z","TimeCreated":"2020-10-22T01:31:11.402Z","ProviderGuid":"{5770385f-c22a-43e0-bf4c-06f5698ffbd9}","UtcTime":"2020-10-22 05:31:11.379","ProcessGuid":"{39e4a257-f121-5f8b-0100-000000000700}","Image":"System","Level":"4","Channel":"Microsoft-Windows-Sysmon/Operational","Task":"13","RuleName":"-","SourceName":"Microsoft-Windows-Sysmon","Hostname":"WORKSTATION5","Details":"DWORD (0x000000a9)","ProcessId":"4","EventType":"SetValue","EventID":13,"Keywords":"0x8000000000000000","TargetObject":"HKLM\\System\\CurrentControlSet\\Services\\bam\\State\\UserSettings\\S-1-5-21-3940915590-64593676-1414006259-500\\SequenceNumber","Message":"Registry value set:\r\nRuleName: -\r\nEventType: SetValue\r\nUtcTime: 2020-10-22 05:31:11.379\r\nProcessGuid: {39e4a257-f121-5f8b-0100-000000000700}\r\nProcessId: 4\r\nImage: System\r\nTargetObject: HKLM\\System\\CurrentControlSet\\Services\\bam\\State\\UserSettings\\S-1-5-21-3940915590-64593676-1414006259-500\\SequenceNumber\r\nDetails: DWORD (0x000000a9)"}
{"GrantedAccess":"0x1000","@timestamp":"2020-10-22T01:31:11.403Z","TimeCreated":"2020-10-22T01:31:11.403Z","SourceThreadId":"4688","SourceImage":"C:\\windows\\Explorer.EXE","ProviderGuid":"{5770385f-c22a-43e0-bf4c-06f5698ffbd9}","CallTrace":"C:\\windows\\SYSTEM32\\ntdll.dll+9c584|C:\\windows\\System32\\KERNELBASE.dll+305fe|C:\\windows\\SYSTEM32\\TWINAPI.dll+6d4c|C:\\windows\\system32\\twinui.pcshell.dll+20880|C:\\windows\\system32\\twinui.pcshell.dll+20082|C:\\windows\\system32\\twinui.pcshell.dll+82ef4|C:\\windows\\system32\\twinui.pcshell.dll+23e96|C:\\windows\\system32\\twinui.pcshell.dll+205de|C:\\windows\\system32\\twinui.dll+1780b|C:\\windows\\system32\\twinui.dll+1734c|C:\\windows\\system32\\twinui.dll+68f7a|C:\\windows\\system32\\twinui.dll+16e09|C:\\windows\\system32\\twinui.dll+16f4b|C:\\windows\\system32\\twinui.dll+16ecd|C:\\windows\\System32\\USER32.dll+15c1d|C:\\windows\\System32\\USER32.dll+15612|C:\\Windows\\System32\\windows.immersiveshell.serviceprovider.dll+45f0|C:\\Windows\\System32\\windows.immersiveshell.serviceprovider.dll+41b9|C:\\Windows\\System32\\windows.immersiveshell.serviceprovider.dll+3e4f|C:\\windows\\System32\\KERNEL32.DLL+17c24|C:\\windows\\SYSTEM32\\ntdll.dll+6cea1","UtcTime":"2020-10-22 05:31:11.379","TargetProcessGUID":"{39e4a257-191f-5f91-6212-000000000700}","SourceProcessId":"1072","Level":"4","Channel":"Microsoft-Windows-Sysmon/Operational","Task":"10","RuleName":"-","SourceName":"Microsoft-Windows-Sysmon","Hostname":"WORKSTATION5","SourceProcessGUID":"{39e4a257-f1b3-5f8b-a700-000000000700}","TargetProcessId":"1124","EventID":10,"Keywords":"0x8000000000000000","TargetImage":"C:\\windows\\SysWOW64\\cmd.exe","Message":"Process accessed:\r\nRuleName: -\r\nUtcTime: 2020-10-22 05:31:11.379\r\nSourceProcessGUID: {39e4a257-f1b3-5f8b-a700-000000000700}\r\nSourceProcessId: 1072\r\nSourceThreadId: 4688\r\nSourceImage: C:\\windows\\Explorer.EXE\r\nTargetProcessGUID: {39e4a257-191f-5f91-6212-000000000700}\r\nTargetProcessId: 1124\r\nTargetImage: C:\\windows\\SysWOW64\\cmd.exe\r\nGrantedAccess: 0x1000\r\nCallTrace: C:\\windows\\SYSTEM32\\ntdll.dll+9c584|C:\\windows\\System32\\KERNELBASE.dll+305fe|C:\\windows\\SYSTEM32\\TWINAPI.dll+6d4c|C:\\windows\\system32\\twinui.pcshell.dll+20880|C:\\windows\\system32\\twinui.pcshell.dll+20082|C:\\windows\\system32\\twinui.pcshell.dll+82ef4|C:\\windows\\system32\\twinui.pcshell.dll+23e96|C:\\windows\\system32\\twinui.pcshell.dll+205de|C:\\windows\\system32\\twinui.dll+1780b|C:\\windows\\system32\\twinui.dll+1734c|C:\\windows\\system32\\twinui.dll+68f7a|C:\\windows\\system32\\twinui.dll+16e09|C:\\windows\\system32\\twinui.dll+16f4b|C:\\windows\\system32\\twinui.dll+16ecd|C:\\windows\\System32\\USER32.dll+15c1d|C:\\windows\\System32\\USER32.dll+15612|C:\\Windows\\System32\\windows.immersiveshell.serviceprovider.dll+45f0|C:\\Windows\\System32\\windows.immersiveshell.serviceprovider.dll+41b9|C:\\Windows\\System32\\windows.immersiveshell.serviceprovider.dll+3e4f|C:\\windows\\System32\\KERNEL32.DLL+17c24|C:\\windows\\SYSTEM32\\ntdll.dll+6cea1"}
{"GrantedAccess":"0x1000","@timestamp":"2020-10-22T01:31:11.403Z","TimeCreated":"2020-10-22T01:31:11.403Z","SourceThreadId":"9676","SourceImage":"C:\\windows\\Explorer.EXE","ProviderGuid":"{5770385f-c22a-43e0-bf4c-06f5698ffbd9}","CallTrace":"C:\\windows\\SYSTEM32\\ntdll.dll+9c584|C:\\windows\\System32\\KERNELBASE.dll+305fe|C:\\windows\\System32\\NPSMDesktopProvider.dll+1dbfa|C:\\windows\\System32\\NPSMDesktopProvider.dll+139e2|C:\\windows\\System32\\NPSMDesktopProvider.dll+1415b|C:\\windows\\System32\\shcore.dll+c540|C:\\windows\\System32\\shcore.dll+c1c8|C:\\windows\\System32\\shcore.dll+ac61|C:\\windows\\System32\\KERNEL32.DLL+17c24|C:\\windows\\SYSTEM32\\ntdll.dll+6cea1","UtcTime":"2020-10-22 05:31:11.379","TargetProcessGUID":"{39e4a257-191f-5f91-6212-000000000700}","SourceProcessId":"1072","Level":"4","Channel":"Microsoft-Windows-Sysmon/Operational","Task":"10","RuleName":"-","SourceName":"Microsoft-Windows-Sysmon","Hostname":"WORKSTATION5","SourceProcessGUID":"{39e4a257-f1b3-5f8b-a700-000000000700}","TargetProcessId":"1124","EventID":10,"Keywords":"0x8000000000000000","TargetImage":"C:\\windows\\SysWOW64\\cmd.exe","Message":"Process accessed:\r\nRuleName: -\r\nUtcTime: 2020-10-22 05:31:11.379\r\nSourceProcessGUID: {39e4a257-f1b3-5f8b-a700-000000000700}\r\nSourceProcessId: 1072\r\nSourceThreadId: 9676\r\nSourceImage: C:\\windows\\Explorer.EXE\r\nTargetProcessGUID: {39e4a257-191f-5f91-6212-000000000700}\r\nTargetProcessId: 1124\r\nTargetImage: C:\\windows\\SysWOW64\\cmd.exe\r\nGrantedAccess: 0x1000\r\nCallTrace: C:\\windows\\SYSTEM32\\ntdll.dll+9c584|C:\\windows\\System32\\KERNELBASE.dll+305fe|C:\\windows\\System32\\NPSMDesktopProvider.dll+1dbfa|C:\\windows\\System32\\NPSMDesktopProvider.dll+139e2|C:\\windows\\System32\\NPSMDesktopProvider.dll+1415b|C:\\windows\\System32\\shcore.dll+c540|C:\\windows\\System32\\shcore.dll+c1c8|C:\\windows\\System32\\shcore.dll+ac61|C:\\windows\\System32\\KERNEL32.DLL+17c24|C:\\windows\\SYSTEM32\\ntdll.dll+6cea1"}
{"@timestamp":"2020-10-22T01:31:11.408Z","TimeCreated":"2020-10-22T01:31:11.408Z","Hashes":"SHA1=6ABB78FB1614C12E3E9FFF3DE98B0E13E79201D9,MD5=B9A75ED4500DD953DF172FE6F63578E8,SHA256=709B99BA1DFEF6D9B2483F37D242B12F29B1E1ADE13E338B4D7041C55B55204B,IMPHASH=5A0FF5293A05BFEBAE6F2C9C302FC5E7","Signature":"Microsoft Windows","ProviderGuid":"{5770385f-c22a-43e0-bf4c-06f5698ffbd9}","Company":"-","UtcTime":"2020-10-22 05:31:11.254","ProcessGuid":"{39e4a257-191f-5f91-6312-000000000700}","Image":"C:\\Windows\\System32\\conhost.exe","ImageLoaded":"C:\\Windows\\System32\\umpdc.dll","Level":"4","Channel":"Microsoft-Windows-Sysmon/Operational","Task":"7","RuleName":"-","FileVersion":"-","SourceName":"Microsoft-Windows-Sysmon","Hostname":"WORKSTATION5","ProcessId":"8280","Description":"-","SignatureStatus":"Valid","Product":"-","EventID":7,"Keywords":"0x8000000000000000","Signed":"true","OriginalFileName":"-","Message":"Image loaded:\r\nRuleName: -\r\nUtcTime: 2020-10-22 05:31:11.254\r\nProcessGuid: {39e4a257-191f-5f91-6312-000000000700}\r\nProcessId: 8280\r\nImage: C:\\Windows\\System32\\conhost.exe\r\nImageLoaded: C:\\Windows\\System32\\umpdc.dll\r\nFileVersion: -\r\nDescription: -\r\nProduct: -\r\nCompany: -\r\nOriginalFileName: -\r\nHashes: SHA1=6ABB78FB1614C12E3E9FFF3DE98B0E13E79201D9,MD5=B9A75ED4500DD953DF172FE6F63578E8,SHA256=709B99BA1DFEF6D9B2483F37D242B12F29B1E1ADE13E338B4D7041C55B55204B,IMPHASH=5A0FF5293A05BFEBAE6F2C9C302FC5E7\r\nSigned: true\r\nSignature: Microsoft Windows\r\nSignatureStatus: Valid"}
{"@timestamp":"2020-10-22T01:31:11.416Z","TimeCreated":"2020-10-22T01:31:11.416Z","Hashes":"SHA1=9074DF3335B785BB00B43AE76ACC66B799118FAE,MD5=BFB85A9022324E41FCEC5011BCB5FD23,SHA256=3CDA144CFB6278DA47267FE1E1FE258716A074C3D3DD8413B259DA7DA1039871,IMPHASH=6659A49ABF33952444C5A7FA22FD9032","Signature":"Microsoft Windows","ProviderGuid":"{5770385f-c22a-43e0-bf4c-06f5698ffbd9}","Company":"Microsoft Corporation","UtcTime":"2020-10-22 05:31:11.254","ProcessGuid":"{39e4a257-191f-5f91-6312-000000000700}","Image":"C:\\Windows\\System32\\conhost.exe","ImageLoaded":"C:\\Windows\\System32\\shlwapi.dll","Level":"4","Channel":"Microsoft-Windows-Sysmon/Operational","Task":"7","RuleName":"-","FileVersion":"10.0.18362.1 (WinBuild.160101.0800)","SourceName":"Microsoft-Windows-Sysmon","Hostname":"WORKSTATION5","ProcessId":"8280","Description":"Shell Light-weight Utility Library","SignatureStatus":"Valid","Product":"Microsoft Windows Operating System","EventID":7,"Keywords":"0x8000000000000000","Signed":"true","OriginalFileName":"SHLWAPI.DLL","Message":"Image loaded:\r\nRuleName: -\r\nUtcTime: 2020-10-22 05:31:11.254\r\nProcessGuid: {39e4a257-191f-5f91-6312-000000000700}\r\nProcessId: 8280\r\nImage: C:\\Windows\\System32\\conhost.exe\r\nImageLoaded: C:\\Windows\\System32\\shlwapi.dll\r\nFileVersion: 10.0.18362.1 (WinBuild.160101.0800)\r\nDescription: Shell Light-weight Utility Library\r\nProduct: Microsoft Windows Operating System\r\nCompany: Microsoft Corporation\r\nOriginalFileName: SHLWAPI.DLL\r\nHashes: SHA1=9074DF3335B785BB00B43AE76ACC66B799118FAE,MD5=BFB85A9022324E41FCEC5011BCB5FD23,SHA256=3CDA144CFB6278DA47267FE1E1FE258716A074C3D3DD8413B259DA7DA1039871,IMPHASH=6659A49ABF33952444C5A7FA22FD9032\r\nSigned: true\r\nSignature: Microsoft Windows\r\nSignatureStatus: Valid"}
{"@timestamp":"2020-10-22T01:31:11.419Z","TimeCreated":"2020-10-22T01:31:11.419Z","Hashes":"SHA1=B47A20174D1DAB0E2901C42BFBED251BE633280C,MD5=14C8B0D022CDD56939E5385CBCAB60A6,SHA256=A80846377F8E6BAAD467F4B0064CF929CF51629BAAF47044B7CB3F3C4E627476,IMPHASH=C3F466EF7F4926CB29A80701AE643FD4","Signature":"Microsoft Windows","ProviderGuid":"{5770385f-c22a-43e0-bf4c-06f5698ffbd9}","Company":"Microsoft Corporation","UtcTime":"2020-10-22 05:31:11.395","ProcessGuid":"{39e4a257-191f-5f91-6212-000000000700}","Image":"C:\\Windows\\SysWOW64\\cmd.exe","ImageLoaded":"C:\\Windows\\SysWOW64\\msvcrt.dll","Level":"4","Channel":"Microsoft-Windows-Sysmon/Operational","Task":"7","RuleName":"-","FileVersion":"7.0.18362.1 (WinBuild.160101.0800)","SourceName":"Microsoft-Windows-Sysmon","Hostname":"WORKSTATION5","ProcessId":"1124","Description":"Windows NT CRT DLL","SignatureStatus":"Valid","Product":"Microsoft Windows Operating System","EventID":7,"Keywords":"0x8000000000000000","Signed":"true","OriginalFileName":"msvcrt.dll","Message":"Image loaded:\r\nRuleName: -\r\nUtcTime: 2020-10-22 05:31:11.395\r\nProcessGuid: {39e4a257-191f-5f91-6212-000000000700}\r\nProcessId: 1124\r\nImage: C:\\Windows\\SysWOW64\\cmd.exe\r\nImageLoaded: C:\\Windows\\SysWOW64\\msvcrt.dll\r\nFileVersion: 7.0.18362.1 (WinBuild.160101.0800)\r\nDescription: Windows NT CRT DLL\r\nProduct: Microsoft Windows Operating System\r\nCompany: Microsoft Corporation\r\nOriginalFileName: msvcrt.dll\r\nHashes: SHA1=B47A20174D1DAB0E2901C42BFBED251BE633280C,MD5=14C8B0D022CDD56939E5385CBCAB60A6,SHA256=A80846377F8E6BAAD467F4B0064CF929CF51629BAAF47044B7CB3F3C4E627476,IMPHASH=C3F466EF7F4926CB29A80701AE643FD4\r\nSigned: true\r\nSignature: Microsoft Windows\r\nSignatureStatus: Valid"}
{"@timestamp":"2020-10-22T01:31:11.420Z","TimeCreated":"2020-10-22T01:31:11.420Z","Hashes":"SHA1=AEADF8C9E0567B49B3B7823B26CBC6ADD719A8AC,MD5=1B4F96A19DC61E5635C39FAC81BEA2F6,SHA256=B5C3B95CB76E29D65BF65182C963369D466087884D804ED475578EBF7741559A,IMPHASH=59AEF02DD749E208002284C86CABC7BD","Signature":"Microsoft Windows","ProviderGuid":"{5770385f-c22a-43e0-bf4c-06f5698ffbd9}","Company":"Microsoft Corporation","UtcTime":"2020-10-22 05:31:11.410","ProcessGuid":"{39e4a257-191f-5f91-6212-000000000700}","Image":"C:\\Windows\\SysWOW64\\cmd.exe","ImageLoaded":"C:\\Windows\\SysWOW64\\combase.dll","Level":"4","Channel":"Microsoft-Windows-Sysmon/Operational","Task":"7","RuleName":"-","FileVersion":"10.0.18362.1139 (WinBuild.160101.0800)","SourceName":"Microsoft-Windows-Sysmon","Hostname":"WORKSTATION5","ProcessId":"1124","Description":"Microsoft COM for Windows","SignatureStatus":"Valid","Product":"Microsoft Windows Operating System","EventID":7,"Keywords":"0x8000000000000000","Signed":"true","OriginalFileName":"COMBASE.DLL","Message":"Image loaded:\r\nRuleName: -\r\nUtcTime: 2020-10-22 05:31:11.410\r\nProcessGuid: {39e4a257-191f-5f91-6212-000000000700}\r\nProcessId: 1124\r\nImage: C:\\Windows\\SysWOW64\\cmd.exe\r\nImageLoaded: C:\\Windows\\SysWOW64\\combase.dll\r\nFileVersion: 10.0.18362.1139 (WinBuild.160101.0800)\r\nDescription: Microsoft COM for Windows\r\nProduct: Microsoft Windows Operating System\r\nCompany: Microsoft Corporation\r\nOriginalFileName: COMBASE.DLL\r\nHashes: SHA1=AEADF8C9E0567B49B3B7823B26CBC6ADD719A8AC,MD5=1B4F96A19DC61E5635C39FAC81BEA2F6,SHA256=B5C3B95CB76E29D65BF65182C963369D466087884D804ED475578EBF7741559A,IMPHASH=59AEF02DD749E208002284C86CABC7BD\r\nSigned: true\r\nSignature: Microsoft Windows\r\nSignatureStatus: Valid"}
{"@timestamp":"2020-10-22T01:31:11.421Z","TimeCreated":"2020-10-22T01:31:11.421Z","Hashes":"SHA1=EE1CD03129E6A00ED5AAF31E2C36B7F4356AE0EF,MD5=CC3BF1319F2EF9C9718735BDBD2441A9,SHA256=50825771D83ED274C814961C7D84E124539821F647F71C8A60B620A3008A1605,IMPHASH=D39A7129E74D69DDB0535724BD6037B5","Signature":"Microsoft Windows","ProviderGuid":"{5770385f-c22a-43e0-bf4c-06f5698ffbd9}","Company":"Microsoft Corporation","UtcTime":"2020-10-22 05:31:11.410","ProcessGuid":"{39e4a257-191f-5f91-6212-000000000700}","Image":"C:\\Windows\\SysWOW64\\cmd.exe","ImageLoaded":"C:\\Windows\\SysWOW64\\ucrtbase.dll","Level":"4","Channel":"Microsoft-Windows-Sysmon/Operational","Task":"7","RuleName":"-","FileVersion":"10.0.18362.1110 (WinBuild.160101.0800)","SourceName":"Microsoft-Windows-Sysmon","Hostname":"WORKSTATION5","ProcessId":"1124","Description":"Microsoft C Runtime Library","SignatureStatus":"Valid","Product":"Microsoft Windows Operating System","EventID":7,"Keywords":"0x8000000000000000","Signed":"true","OriginalFileName":"ucrtbase.dll","Message":"Image loaded:\r\nRuleName: -\r\nUtcTime: 2020-10-22 05:31:11.410\r\nProcessGuid: {39e4a257-191f-5f91-6212-000000000700}\r\nProcessId: 1124\r\nImage: C:\\Windows\\SysWOW64\\cmd.exe\r\nImageLoaded: C:\\Windows\\SysWOW64\\ucrtbase.dll\r\nFileVersion: 10.0.18362.1110 (WinBuild.160101.0800)\r\nDescription: Microsoft C Runtime Library\r\nProduct: Microsoft Windows Operating System\r\nCompany: Microsoft Corporation\r\nOriginalFileName: ucrtbase.dll\r\nHashes: SHA1=EE1CD03129E6A00ED5AAF31E2C36B7F4356AE0EF,MD5=CC3BF1319F2EF9C9718735BDBD2441A9,SHA256=50825771D83ED274C814961C7D84E124539821F647F71C8A60B620A3008A1605,IMPHASH=D39A7129E74D69DDB0535724BD6037B5\r\nSigned: true\r\nSignature: Microsoft Windows\r\nSignatureStatus: Valid"}
{"@timestamp":"2020-10-22T01:31:11.421Z","TimeCreated":"2020-10-22T01:31:11.421Z","Hashes":"SHA1=78166BF81B61B0FAD4945CCAB8D4887558DCE279,MD5=0BBE2846DB4A7282A6CA7A475E1ACC7E,SHA256=227DD9CD9FA0EC949A319AB06E018E77958AFEBA00C0FC558D9E5CBA606614A9,IMPHASH=D0FDBD11FDC36EDA6A70DAC5849E46EF","Signature":"Microsoft Windows","ProviderGuid":"{5770385f-c22a-43e0-bf4c-06f5698ffbd9}","Company":"Microsoft Corporation","UtcTime":"2020-10-22 05:31:11.410","ProcessGuid":"{39e4a257-191f-5f91-6212-000000000700}","Image":"C:\\Windows\\SysWOW64\\cmd.exe","ImageLoaded":"C:\\Windows\\SysWOW64\\rpcrt4.dll","Level":"4","Channel":"Microsoft-Windows-Sysmon/Operational","Task":"7","RuleName":"-","FileVersion":"10.0.18362.1110 (WinBuild.160101.0800)","SourceName":"Microsoft-Windows-Sysmon","Hostname":"WORKSTATION5","ProcessId":"1124","Description":"Remote Procedure Call Runtime","SignatureStatus":"Valid","Product":"Microsoft Windows Operating System","EventID":7,"Keywords":"0x8000000000000000","Signed":"true","OriginalFileName":"rpcrt4.dll","Message":"Image loaded:\r\nRuleName: -\r\nUtcTime: 2020-10-22 05:31:11.410\r\nProcessGuid: {39e4a257-191f-5f91-6212-000000000700}\r\nProcessId: 1124\r\nImage: C:\\Windows\\SysWOW64\\cmd.exe\r\nImageLoaded: C:\\Windows\\SysWOW64\\rpcrt4.dll\r\nFileVersion: 10.0.18362.1110 (WinBuild.160101.0800)\r\nDescription: Remote Procedure Call Runtime\r\nProduct: Microsoft Windows Operating System\r\nCompany: Microsoft Corporation\r\nOriginalFileName: rpcrt4.dll\r\nHashes: SHA1=78166BF81B61B0FAD4945CCAB8D4887558DCE279,MD5=0BBE2846DB4A7282A6CA7A475E1ACC7E,SHA256=227DD9CD9FA0EC949A319AB06E018E77958AFEBA00C0FC558D9E5CBA606614A9,IMPHASH=D0FDBD11FDC36EDA6A70DAC5849E46EF\r\nSigned: true\r\nSignature: Microsoft Windows\r\nSignatureStatus: Valid"}
{"@timestamp":"2020-10-22T01:31:11.422Z","TimeCreated":"2020-10-22T01:31:11.422Z","Hashes":"SHA1=6381110FBD53A7FA6A22212580E5A4FD813FC3D3,MD5=8451506DC2AA894D7299F13926F19247,SHA256=8B378A7C7D0232411501C067EF55A93EE4C0ED92C3E8E0BA85E604192C47F41D,IMPHASH=38A703BD3C2BE34308D897328957448F","Signature":"Microsoft Windows","ProviderGuid":"{5770385f-c22a-43e0-bf4c-06f5698ffbd9}","Company":"Microsoft Corporation","UtcTime":"2020-10-22 05:31:11.410","ProcessGuid":"{39e4a257-191f-5f91-6212-000000000700}","Image":"C:\\Windows\\SysWOW64\\cmd.exe","ImageLoaded":"C:\\Windows\\SysWOW64\\sspicli.dll","Level":"4","Channel":"Microsoft-Windows-Sysmon/Operational","Task":"7","RuleName":"-","FileVersion":"10.0.18362.1049 (WinBuild.160101.0800)","SourceName":"Microsoft-Windows-Sysmon","Hostname":"WORKSTATION5","ProcessId":"1124","Description":"Security Support Provider Interface","SignatureStatus":"Valid","Product":"Microsoft Windows Operating System","EventID":7,"Keywords":"0x8000000000000000","Signed":"true","OriginalFileName":"security.dll","Message":"Image loaded:\r\nRuleName: -\r\nUtcTime: 2020-10-22 05:31:11.410\r\nProcessGuid: {39e4a257-191f-5f91-6212-000000000700}\r\nProcessId: 1124\r\nImage: C:\\Windows\\SysWOW64\\cmd.exe\r\nImageLoaded: C:\\Windows\\SysWOW64\\sspicli.dll\r\nFileVersion: 10.0.18362.1049 (WinBuild.160101.0800)\r\nDescription: Security Support Provider Interface\r\nProduct: Microsoft Windows Operating System\r\nCompany: Microsoft Corporation\r\nOriginalFileName: security.dll\r\nHashes: SHA1=6381110FBD53A7FA6A22212580E5A4FD813FC3D3,MD5=8451506DC2AA894D7299F13926F19247,SHA256=8B378A7C7D0232411501C067EF55A93EE4C0ED92C3E8E0BA85E604192C47F41D,IMPHASH=38A703BD3C2BE34308D897328957448F\r\nSigned: true\r\nSignature: Microsoft Windows\r\nSignatureStatus: Valid"}
{"@timestamp":"2020-10-22T01:31:11.423Z","TimeCreated":"2020-10-22T01:31:11.423Z","Hashes":"SHA1=063B1D39B4B73ECF0011D1A53735500C718B6485,MD5=4F66B719C3DCEB50A4A568FA93CD2DC3,SHA256=C4D6D1B372BBB3A3B668B8B953FBE0C64FF677232F2BE9A9EAA4E3709F4AD6F3,IMPHASH=BC970F64103932EEB904449362F6025B","Signature":"Microsoft Windows","ProviderGuid":"{5770385f-c22a-43e0-bf4c-06f5698ffbd9}","Company":"Microsoft Corporation","UtcTime":"2020-10-22 05:31:11.410","ProcessGuid":"{39e4a257-191f-5f91-6212-000000000700}","Image":"C:\\Windows\\SysWOW64\\cmd.exe","ImageLoaded":"C:\\Windows\\SysWOW64\\cryptbase.dll","Level":"4","Channel":"Microsoft-Windows-Sysmon/Operational","Task":"7","RuleName":"-","FileVersion":"10.0.18362.1 (WinBuild.160101.0800)","SourceName":"Microsoft-Windows-Sysmon","Hostname":"WORKSTATION5","ProcessId":"1124","Description":"Base cryptographic API DLL","SignatureStatus":"Valid","Product":"Microsoft Windows Operating System","EventID":7,"Keywords":"0x8000000000000000","Signed":"true","OriginalFileName":"cryptbase.dll","Message":"Image loaded:\r\nRuleName: -\r\nUtcTime: 2020-10-22 05:31:11.410\r\nProcessGuid: {39e4a257-191f-5f91-6212-000000000700}\r\nProcessId: 1124\r\nImage: C:\\Windows\\SysWOW64\\cmd.exe\r\nImageLoaded: C:\\Windows\\SysWOW64\\cryptbase.dll\r\nFileVersion: 10.0.18362.1 (WinBuild.160101.0800)\r\nDescription: Base cryptographic API DLL\r\nProduct: Microsoft Windows Operating System\r\nCompany: Microsoft Corporation\r\nOriginalFileName: cryptbase.dll\r\nHashes: SHA1=063B1D39B4B73ECF0011D1A53735500C718B6485,MD5=4F66B719C3DCEB50A4A568FA93CD2DC3,SHA256=C4D6D1B372BBB3A3B668B8B953FBE0C64FF677232F2BE9A9EAA4E3709F4AD6F3,IMPHASH=BC970F64103932EEB904449362F6025B\r\nSigned: true\r\nSignature: Microsoft Windows\r\nSignatureStatus: Valid"}
{"@timestamp":"2020-10-22T01:31:11.423Z","TimeCreated":"2020-10-22T01:31:11.423Z","Hashes":"SHA1=344485EC9EFD7F533E607E24691089DFAEC52875,MD5=8D6F97F949E686D243843AAB74994FCB,SHA256=CC0CB9061A84428C8E56D415789EEAA84E0A24A446E54618885C61598703FCC1,IMPHASH=BE57D3232C688595C3276DB79B66BD35","Signature":"Microsoft Windows","ProviderGuid":"{5770385f-c22a-43e0-bf4c-06f5698ffbd9}","Company":"Microsoft Corporation","UtcTime":"2020-10-22 05:31:11.410","ProcessGuid":"{39e4a257-191f-5f91-6212-000000000700}","Image":"C:\\Windows\\SysWOW64\\cmd.exe","ImageLoaded":"C:\\Windows\\SysWOW64\\bcryptprimitives.dll","Level":"4","Channel":"Microsoft-Windows-Sysmon/Operational","Task":"7","RuleName":"-","FileVersion":"10.0.18362.836 (WinBuild.160101.0800)","SourceName":"Microsoft-Windows-Sysmon","Hostname":"WORKSTATION5","ProcessId":"1124","Description":"Windows Cryptographic Primitives Library","SignatureStatus":"Valid","Product":"Microsoft Windows Operating System","EventID":7,"Keywords":"0x8000000000000000","Signed":"true","OriginalFileName":"bcryptprimitives.dll","Message":"Image loaded:\r\nRuleName: -\r\nUtcTime: 2020-10-22 05:31:11.410\r\nProcessGuid: {39e4a257-191f-5f91-6212-000000000700}\r\nProcessId: 1124\r\nImage: C:\\Windows\\SysWOW64\\cmd.exe\r\nImageLoaded: C:\\Windows\\SysWOW64\\bcryptprimitives.dll\r\nFileVersion: 10.0.18362.836 (WinBuild.160101.0800)\r\nDescription: Windows Cryptographic Primitives Library\r\nProduct: Microsoft Windows Operating System\r\nCompany: Microsoft Corporation\r\nOriginalFileName: bcryptprimitives.dll\r\nHashes: SHA1=344485EC9EFD7F533E607E24691089DFAEC52875,MD5=8D6F97F949E686D243843AAB74994FCB,SHA256=CC0CB9061A84428C8E56D415789EEAA84E0A24A446E54618885C61598703FCC1,IMPHASH=BE57D3232C688595C3276DB79B66BD35\r\nSigned: true\r\nSignature: Microsoft Windows\r\nSignatureStatus: Valid"}
