{"@timestamp":"2020-10-22T12:21:39.180Z","TimeCreated":"2020-10-22T12:21:39.180Z","Hashes":"SHA1=7DE7C7E87CFA639E8C4DF269E38FB69A391D6790,MD5=4B179D7C6AA9424831847BA6BACDB260,SHA256=F0541B07D7B00C8D09BC72DF7E2D974F83482E42CD88B4E8260B832B7A71682E,IMPHASH=70F94828FF194145825265FE7BA88C95","Signature":"Microsoft Windows","ProviderGuid":"{5770385f-c22a-43e0-bf4c-06f5698ffbd9}","Company":"Microsoft Corporation","UtcTime":"2020-10-22 04:21:39.162","ProcessGuid":"{39e4a257-08d3-5f91-f711-000000000700}","Image":"C:\\Windows\\System32\\calc.exe","ImageLoaded":"C:\\Windows\\System32\\clbcatq.dll","Level":"4","Channel":"Microsoft-Windows-Sysmon/Operational","Task":"7","RuleName":"-","FileVersion":"2001.12.10941.16384 (WinBuild.160101.0800)","SourceName":"Microsoft-Windows-Sysmon","Hostname":"WORKSTATION5","ProcessId":"10584","Description":"COM+ Configuration Catalog","SignatureStatus":"Valid","Product":"Microsoft Windows Operating System","EventID":7,"Keywords":"0x8000000000000000","Signed":"true","OriginalFileName":"CLBCATQ.DLL","Message":"Image loaded:\r\nRuleName: -\r\nUtcTime: 2020-10-22 04:21:39.162\r\nProcessGuid: {39e4a257-08d3-5f91-f711-000000000700}\r\nProcessId: 10584\r\nImage: C:\\Windows\\System32\\calc.exe\r\nImageLoaded: C:\\Windows\\System32\\clbcatq.dll\r\nFileVersion: 2001.12.10941.16384 (WinBuild.160101.0800)\r\nDescription: COM+ Configuration Catalog\r\nProduct: Microsoft Windows Operating System\r\nCompany: Microsoft Corporation\r\nOriginalFileName: CLBCATQ.DLL\r\nHashes: SHA1=7DE7C7E87CFA639E8C4DF269E38FB69A391D6790,MD5=4B179D7C6AA9424831847BA6BACDB260,SHA256=F0541B07D7B00C8D09BC72DF7E2D974F83482E42CD88B4E8260B832B7A71682E,IMPHASH=70F94828FF194145825265FE7BA88C95\r\nSigned: true\r\nSignature: Microsoft Windows\r\nSignatureStatus: Valid"}
{"@timestamp":"2020-10-22T12:21:39.181Z","TimeCreated":"2020-10-22T12:21:39.181Z","Hashes":"SHA1=40FF918833171C71F8CEF2746F454B002F3911E2,MD5=8AF2603BADA8B8968FBE77E293C26C47,SHA256=DF1243AFFBF5CB70DDD3455ECBD1B2A6AF4D0795A51BFF720B0CBFF5E7242774,IMPHASH=8AB87ADE4EF72BB0FF4FBBDDF15C207A","Signature":"Microsoft Windows","ProviderGuid":"{5770385f-c22a-43e0-bf4c-06f5698ffbd9}","Company":"Microsoft Corporation","UtcTime":"2020-10-22 04:21:39.162","ProcessGuid":"{39e4a257-08d3-5f91-f711-000000000700}","Image":"C:\\Windows\\System32\\calc.exe","ImageLoaded":"C:\\Windows\\System32\\ieframe.dll","Level":"4","Channel":"Microsoft-Windows-Sysmon/Operational","Task":"7","RuleName":"-","FileVersion":"11.00.18362.1110 (WinBuild.160101.0800)","SourceName":"Microsoft-Windows-Sysmon","Hostname":"WORKSTATION5","ProcessId":"10584","Description":"Internet Browser","SignatureStatus":"Valid","Product":"Internet Explorer","EventID":7,"Keywords":"0x8000000000000000","Signed":"true","OriginalFileName":"IEFRAME.DLL","Message":"Image loaded:\r\nRuleName: -\r\nUtcTime: 2020-10-22 04:21:39.162\r\nProcessGuid: {39e4a257-08d3-5f91-f711-000000000700}\r\nProcessId: 10584\r\nImage: C:\\Windows\\System32\\calc.exe\r\nImageLoaded: C:\\Windows\\System32\\ieframe.dll\r\nFileVersion: 11.00.18362.1110 (WinBuild.160101.0800)\r\nDescription: Internet Browser\r\nProduct: Internet Explorer\r\nCompany: Microsoft Corporation\r\nOriginalFileName: IEFRAME.DLL\r\nHashes: SHA1=40FF918833171C71F8CEF2746F454B002F3911E2,MD5=8AF2603BADA8B8968FBE77E293C26C47,SHA256=DF1243AFFBF5CB70DDD3455ECBD1B2A6AF4D0795A51BFF720B0CBFF5E7242774,IMPHASH=8AB87ADE4EF72BB0FF4FBBDDF15C207A\r\nSigned: true\r\nSignature: Microsoft Windows\r\nSignatureStatus: Valid"}
{"@timestamp":"2020-10-22T12:21:39.181Z","TimeCreated":"2020-10-22T12:21:39.181Z","Hashes":"SHA1=7DFDD188B30162DAA87FDD3E5B7A55C80CD839F1,MD5=86A9DF3FA9D5FCAC8EF57601FCCD78F9,SHA256=F8CDA38FD3FF371E772875EA657A37662321EBB7AD8D6978DBCCCA7FC6DB64F1,IMPHASH=7D4E1695394CF47BD397AFD45A40E55D","Signature":"Microsoft Windows","ProviderGuid":"{5770385f-c22a-43e0-bf4c-06f5698ffbd9}","Company":"Microsoft Corporation","UtcTime":"2020-10-22 04:21:39.162","ProcessGuid":"{39e4a257-08d3-5f91-f711-000000000700}","Image":"C:\\Windows\\System32\\calc.exe","ImageLoaded":"C:\\Windows\\System32\\netapi32.dll","Level":"4","Channel":"Microsoft-Windows-Sysmon/Operational","Task":"7","RuleName":"-","FileVersion":"10.0.18362.1 (WinBuild.160101.0800)","SourceName":"Microsoft-Windows-Sysmon","Hostname":"WORKSTATION5","ProcessId":"10584","Description":"Net Win32 API DLL","SignatureStatus":"Valid","Product":"Microsoft Windows Operating System","EventID":7,"Keywords":"0x8000000000000000","Signed":"true","OriginalFileName":"NetApi32.DLL","Message":"Image loaded:\r\nRuleName: -\r\nUtcTime: 2020-10-22 04:21:39.162\r\nProcessGuid: {39e4a257-08d3-5f91-f711-000000000700}\r\nProcessId: 10584\r\nImage: C:\\Windows\\System32\\calc.exe\r\nImageLoaded: C:\\Windows\\System32\\netapi32.dll\r\nFileVersion: 10.0.18362.1 (WinBuild.160101.0800)\r\nDescription: Net Win32 API DLL\r\nProduct: Microsoft Windows Operating System\r\nCompany: Microsoft Corporation\r\nOriginalFileName: NetApi32.DLL\r\nHashes: SHA1=7DFDD188B30162DAA87FDD3E5B7A55C80CD839F1,MD5=86A9DF3FA9D5FCAC8EF57601FCCD78F9,SHA256=F8CDA38FD3FF371E772875EA657A37662321EBB7AD8D6978DBCCCA7FC6DB64F1,IMPHASH=7D4E1695394CF47BD397AFD45A40E55D\r\nSigned: true\r\nSignature: Microsoft Windows\r\nSignatureStatus: Valid"}
{"@timestamp":"2020-10-22T12:21:39.181Z","TimeCreated":"2020-10-22T12:21:39.181Z","Hashes":"SHA1=119724CC09BB52731D86A6B9F94003ED88E0E3FE,MD5=2C7C14627CFF3384C52E61D4DBD0ECC3,SHA256=41B4D85D84A86E41B948694B9B5F398A0D79F47629D6D969EB5B461D4F5D0347,IMPHASH=34340C2C4E9AA6EF6AD12BB695FC695B","Signature":"Microsoft Windows","ProviderGuid":"{5770385f-c22a-43e0-bf4c-06f5698ffbd9}","Company":"Microsoft Corporation","UtcTime":"2020-10-22 04:21:39.162","ProcessGuid":"{39e4a257-08d3-5f91-f711-000000000700}","Image":"C:\\Windows\\System32\\calc.exe","ImageLoaded":"C:\\Windows\\System32\\version.dll","Level":"4","Channel":"Microsoft-Windows-Sysmon/Operational","Task":"7","RuleName":"-","FileVersion":"10.0.18362.1 (WinBuild.160101.0800)","SourceName":"Microsoft-Windows-Sysmon","Hostname":"WORKSTATION5","ProcessId":"10584","Description":"Version Checking and File Installation Libraries","SignatureStatus":"Valid","Product":"Microsoft Windows Operating System","EventID":7,"Keywords":"0x8000000000000000","Signed":"true","OriginalFileName":"VERSION.DLL","Message":"Image loaded:\r\nRuleName: -\r\nUtcTime: 2020-10-22 04:21:39.162\r\nProcessGuid: {39e4a257-08d3-5f91-f711-000000000700}\r\nProcessId: 10584\r\nImage: C:\\Windows\\System32\\calc.exe\r\nImageLoaded: C:\\Windows\\System32\\version.dll\r\nFileVersion: 10.0.18362.1 (WinBuild.160101.0800)\r\nDescription: Version Checking and File Installation Libraries\r\nProduct: Microsoft Windows Operating System\r\nCompany: Microsoft Corporation\r\nOriginalFileName: VERSION.DLL\r\nHashes: SHA1=119724CC09BB52731D86A6B9F94003ED88E0E3FE,MD5=2C7C14627CFF3384C52E61D4DBD0ECC3,SHA256=41B4D85D84A86E41B948694B9B5F398A0D79F47629D6D969EB5B461D4F5D0347,IMPHASH=34340C2C4E9AA6EF6AD12BB695FC695B\r\nSigned: true\r\nSignature: Microsoft Windows\r\nSignatureStatus: Valid"}
{"@timestamp":"2020-10-22T12:21:39.181Z","TimeCreated":"2020-10-22T12:21:39.181Z","Hashes":"SHA1=6767284D50E4B23357C234D4CCF9FD05D821CD78,MD5=6DC9184E8E2827C756E74F7C685FFAD3,SHA256=8F0FB258D463DB0B1CEC91797816E427A125EE8EE46F9CF845678BEDB776D9AE,IMPHASH=B27EC605C3878D5AFB745034F25A7E03","Signature":"Microsoft Windows","ProviderGuid":"{5770385f-c22a-43e0-bf4c-06f5698ffbd9}","Company":"Microsoft Corporation","UtcTime":"2020-10-22 04:21:39.162","ProcessGuid":"{39e4a257-08d3-5f91-f711-000000000700}","Image":"C:\\Windows\\System32\\calc.exe","ImageLoaded":"C:\\Windows\\System32\\userenv.dll","Level":"4","Channel":"Microsoft-Windows-Sysmon/Operational","Task":"7","RuleName":"-","FileVersion":"10.0.18362.1139 (WinBuild.160101.0800)","SourceName":"Microsoft-Windows-Sysmon","Hostname":"WORKSTATION5","ProcessId":"10584","Description":"Userenv","SignatureStatus":"Valid","Product":"Microsoft Windows Operating System","EventID":7,"Keywords":"0x8000000000000000","Signed":"true","OriginalFileName":"userenv.dll","Message":"Image loaded:\r\nRuleName: -\r\nUtcTime: 2020-10-22 04:21:39.162\r\nProcessGuid: {39e4a257-08d3-5f91-f711-000000000700}\r\nProcessId: 10584\r\nImage: C:\\Windows\\System32\\calc.exe\r\nImageLoaded: C:\\Windows\\System32\\userenv.dll\r\nFileVersion: 10.0.18362.1139 (WinBuild.160101.0800)\r\nDescription: Userenv\r\nProduct: Microsoft Windows Operating System\r\nCompany: Microsoft Corporation\r\nOriginalFileName: userenv.dll\r\nHashes: SHA1=6767284D50E4B23357C234D4CCF9FD05D821CD78,MD5=6DC9184E8E2827C756E74F7C685FFAD3,SHA256=8F0FB258D463DB0B1CEC91797816E427A125EE8EE46F9CF845678BEDB776D9AE,IMPHASH=B27EC605C3878D5AFB745034F25A7E03\r\nSigned: true\r\nSignature: Microsoft Windows\r\nSignatureStatus: Valid"}
{"@timestamp":"2020-10-22T12:21:39.182Z","TimeCreated":"2020-10-22T12:21:39.182Z","Hashes":"SHA1=92A9A26403E51F2040B10308864F314A0E64126C,MD5=47F6BDF5EA61507053EE2698116E74CA,SHA256=BFF0846B3797A38D44B0FFAFDBFC4F822D56E519A0DA0090C443587F0FFF1971,IMPHASH=744529C7923557B9DDE8E6A14A60CC82","Signature":"Microsoft Windows","ProviderGuid":"{5770385f-c22a-43e0-bf4c-06f5698ffbd9}","Company":"Microsoft Corporation","UtcTime":"2020-10-22 04:21:39.162","ProcessGuid":"{39e4a257-08d3-5f91-f711-000000000700}","Image":"C:\\Windows\\System32\\calc.exe","ImageLoaded":"C:\\Windows\\System32\\winhttp.dll","Level":"4","Channel":"Microsoft-Windows-Sysmon/Operational","Task":"7","RuleName":"-","FileVersion":"10.0.18362.778 (WinBuild.160101.0800)","SourceName":"Microsoft-Windows-Sysmon","Hostname":"WORKSTATION5","ProcessId":"10584","Description":"Windows HTTP Services","SignatureStatus":"Valid","Product":"Microsoft Windows Operating System","EventID":7,"Keywords":"0x8000000000000000","Signed":"true","OriginalFileName":"winhttp.dll","Message":"Image loaded:\r\nRuleName: -\r\nUtcTime: 2020-10-22 04:21:39.162\r\nProcessGuid: {39e4a257-08d3-5f91-f711-000000000700}\r\nProcessId: 10584\r\nImage: C:\\Windows\\System32\\calc.exe\r\nImageLoaded: C:\\Windows\\System32\\winhttp.dll\r\nFileVersion: 10.0.18362.778 (WinBuild.160101.0800)\r\nDescription: Windows HTTP Services\r\nProduct: Microsoft Windows Operating System\r\nCompany: Microsoft Corporation\r\nOriginalFileName: winhttp.dll\r\nHashes: SHA1=92A9A26403E51F2040B10308864F314A0E64126C,MD5=47F6BDF5EA61507053EE2698116E74CA,SHA256=BFF0846B3797A38D44B0FFAFDBFC4F822D56E519A0DA0090C443587F0FFF1971,IMPHASH=744529C7923557B9DDE8E6A14A60CC82\r\nSigned: true\r\nSignature: Microsoft Windows\r\nSignatureStatus: Valid"}
{"@timestamp":"2020-10-22T12:21:39.183Z","TimeCreated":"2020-10-22T12:21:39.183Z","Hashes":"SHA1=A857A75B030C2E2031EBFD26E23B2A8E69E4999A,MD5=9C24FF0EDBEB9DCDF269C0E8C2BA7EBB,SHA256=4E901CEA73190D8FA0F2A8AF40855215F8E4416CB5D9813BFF3E4432A4FC3F5C,IMPHASH=6C8F580B502F3E16CF5699B98EAEA4C9","Signature":"Microsoft Windows","ProviderGuid":"{5770385f-c22a-43e0-bf4c-06f5698ffbd9}","Company":"Microsoft Corporation","UtcTime":"2020-10-22 04:21:39.162","ProcessGuid":"{39e4a257-08d3-5f91-f711-000000000700}","Image":"C:\\Windows\\System32\\calc.exe","ImageLoaded":"C:\\Windows\\System32\\wkscli.dll","Level":"4","Channel":"Microsoft-Windows-Sysmon/Operational","Task":"7","RuleName":"-","FileVersion":"10.0.18362.1 (WinBuild.160101.0800)","SourceName":"Microsoft-Windows-Sysmon","Hostname":"WORKSTATION5","ProcessId":"10584","Description":"Workstation Service Client DLL","SignatureStatus":"Valid","Product":"Microsoft Windows Operating System","EventID":7,"Keywords":"0x8000000000000000","Signed":"true","OriginalFileName":"WKSCLI.DLL","Message":"Image loaded:\r\nRuleName: -\r\nUtcTime: 2020-10-22 04:21:39.162\r\nProcessGuid: {39e4a257-08d3-5f91-f711-000000000700}\r\nProcessId: 10584\r\nImage: C:\\Windows\\System32\\calc.exe\r\nImageLoaded: C:\\Windows\\System32\\wkscli.dll\r\nFileVersion: 10.0.18362.1 (WinBuild.160101.0800)\r\nDescription: Workstation Service Client DLL\r\nProduct: Microsoft Windows Operating System\r\nCompany: Microsoft Corporation\r\nOriginalFileName: WKSCLI.DLL\r\nHashes: SHA1=A857A75B030C2E2031EBFD26E23B2A8E69E4999A,MD5=9C24FF0EDBEB9DCDF269C0E8C2BA7EBB,SHA256=4E901CEA73190D8FA0F2A8AF40855215F8E4416CB5D9813BFF3E4432A4FC3F5C,IMPHASH=6C8F580B502F3E16CF5699B98EAEA4C9\r\nSigned: true\r\nSignature: Microsoft Windows\r\nSignatureStatus: Valid"}
{"@timestamp":"2020-10-22T12:21:39.184Z","TimeCreated":"2020-10-22T12:21:39.184Z","Hashes":"SHA1=421C35E0949143DE72C8F98776565D24815AD47E,MD5=F46778029BE7D755EBDCDF048EA62A4B,SHA256=907A4D1D405283AD24BBA1F9A763C5118A33574F3E0EC7FC543F65B24CC0A748,IMPHASH=E5649DCD6FA9472DB9A89CCD123913C0","Signature":"Microsoft Windows","ProviderGuid":"{5770385f-c22a-43e0-bf4c-06f5698ffbd9}","Company":"Microsoft Corporation","UtcTime":"2020-10-22 04:21:39.177","ProcessGuid":"{39e4a257-08d3-5f91-f711-000000000700}","Image":"C:\\Windows\\System32\\calc.exe","ImageLoaded":"C:\\Windows\\System32\\bcrypt.dll","Level":"4","Channel":"Microsoft-Windows-Sysmon/Operational","Task":"7","RuleName":"-","FileVersion":"10.0.18362.267 (WinBuild.160101.0800)","SourceName":"Microsoft-Windows-Sysmon","Hostname":"WORKSTATION5","ProcessId":"10584","Description":"Windows Cryptographic Primitives Library","SignatureStatus":"Valid","Product":"Microsoft Windows Operating System","EventID":7,"Keywords":"0x8000000000000000","Signed":"true","OriginalFileName":"bcrypt.dll","Message":"Image loaded:\r\nRuleName: -\r\nUtcTime: 2020-10-22 04:21:39.177\r\nProcessGuid: {39e4a257-08d3-5f91-f711-000000000700}\r\nProcessId: 10584\r\nImage: C:\\Windows\\System32\\calc.exe\r\nImageLoaded: C:\\Windows\\System32\\bcrypt.dll\r\nFileVersion: 10.0.18362.267 (WinBuild.160101.0800)\r\nDescription: Windows Cryptographic Primitives Library\r\nProduct: Microsoft Windows Operating System\r\nCompany: Microsoft Corporation\r\nOriginalFileName: bcrypt.dll\r\nHashes: SHA1=421C35E0949143DE72C8F98776565D24815AD47E,MD5=F46778029BE7D755EBDCDF048EA62A4B,SHA256=907A4D1D405283AD24BBA1F9A763C5118A33574F3E0EC7FC543F65B24CC0A748,IMPHASH=E5649DCD6FA9472DB9A89CCD123913C0\r\nSigned: true\r\nSignature: Microsoft Windows\r\nSignatureStatus: Valid"}
{"@timestamp":"2020-10-22T12:21:39.184Z","TimeCreated":"2020-10-22T12:21:39.184Z","Hashes":"SHA1=F2859AF15CED4F162359CC8C1BA1B1FE85DC8867,MD5=56B24BF15E6E88A2D6EF9AFC26BF7FCF,SHA256=74DC0C738188BBF385E9C3295C9904A6CEF4A947AFB71F2A0825037BBB27C92A,IMPHASH=06BB7C9ADD27BBA7B9DE3ADCE76673AB","Signature":"Microsoft Windows","ProviderGuid":"{5770385f-c22a-43e0-bf4c-06f5698ffbd9}","Company":"Microsoft Corporation","UtcTime":"2020-10-22 04:21:39.177","ProcessGuid":"{39e4a257-08d3-5f91-f711-000000000700}","Image":"C:\\Windows\\System32\\calc.exe","ImageLoaded":"C:\\Windows\\System32\\netutils.dll","Level":"4","Channel":"Microsoft-Windows-Sysmon/Operational","Task":"7","RuleName":"-","FileVersion":"10.0.18362.1 (WinBuild.160101.0800)","SourceName":"Microsoft-Windows-Sysmon","Hostname":"WORKSTATION5","ProcessId":"10584","Description":"Net Win32 API Helpers DLL","SignatureStatus":"Valid","Product":"Microsoft Windows Operating System","EventID":7,"Keywords":"0x8000000000000000","Signed":"true","OriginalFileName":"NETUTILS.DLL","Message":"Image loaded:\r\nRuleName: -\r\nUtcTime: 2020-10-22 04:21:39.177\r\nProcessGuid: {39e4a257-08d3-5f91-f711-000000000700}\r\nProcessId: 10584\r\nImage: C:\\Windows\\System32\\calc.exe\r\nImageLoaded: C:\\Windows\\System32\\netutils.dll\r\nFileVersion: 10.0.18362.1 (WinBuild.160101.0800)\r\nDescription: Net Win32 API Helpers DLL\r\nProduct: Microsoft Windows Operating System\r\nCompany: Microsoft Corporation\r\nOriginalFileName: NETUTILS.DLL\r\nHashes: SHA1=F2859AF15CED4F162359CC8C1BA1B1FE85DC8867,MD5=56B24BF15E6E88A2D6EF9AFC26BF7FCF,SHA256=74DC0C738188BBF385E9C3295C9904A6CEF4A947AFB71F2A0825037BBB27C92A,IMPHASH=06BB7C9ADD27BBA7B9DE3ADCE76673AB\r\nSigned: true\r\nSignature: Microsoft Windows\r\nSignatureStatus: Valid"}
{"@timestamp":"2020-10-22T12:21:39.184Z","TimeCreated":"2020-10-22T12:21:39.184Z","Hashes":"SHA1=70D84862B13716E8857AE6A69C22FCD53768DB9E,MD5=3FF9CA639779FA81D69EE8990D255092,SHA256=EBA70A660CCC1854AC1DD857678BE4C1A6A45AE7846D87F2A2DC2BA7491F048C,IMPHASH=0347AEC85CEC2868B73AFCAA19527170","Signature":"Microsoft Windows","ProviderGuid":"{5770385f-c22a-43e0-bf4c-06f5698ffbd9}","Company":"Microsoft Corporation","UtcTime":"2020-10-22 04:21:38.818","ProcessGuid":"{39e4a257-08d2-5f91-f411-000000000700}","Image":"C:\\Windows\\hh.exe","ImageLoaded":"C:\\Windows\\System32\\mshtml.dll","Level":"4","Channel":"Microsoft-Windows-Sysmon/Operational","Task":"7","RuleName":"-","FileVersion":"11.00.18362.1139 (WinBuild.160101.0800)","SourceName":"Microsoft-Windows-Sysmon","Hostname":"WORKSTATION5","ProcessId":"9144","Description":"Microsoft (R) HTML Viewer","SignatureStatus":"Valid","Product":"Internet Explorer","EventID":7,"Keywords":"0x8000000000000000","Signed":"true","OriginalFileName":"MSHTML.DLL","Message":"Image loaded:\r\nRuleName: -\r\nUtcTime: 2020-10-22 04:21:38.818\r\nProcessGuid: {39e4a257-08d2-5f91-f411-000000000700}\r\nProcessId: 9144\r\nImage: C:\\Windows\\hh.exe\r\nImageLoaded: C:\\Windows\\System32\\mshtml.dll\r\nFileVersion: 11.00.18362.1139 (WinBuild.160101.0800)\r\nDescription: Microsoft (R) HTML Viewer\r\nProduct: Internet Explorer\r\nCompany: Microsoft Corporation\r\nOriginalFileName: MSHTML.DLL\r\nHashes: SHA1=70D84862B13716E8857AE6A69C22FCD53768DB9E,MD5=3FF9CA639779FA81D69EE8990D255092,SHA256=EBA70A660CCC1854AC1DD857678BE4C1A6A45AE7846D87F2A2DC2BA7491F048C,IMPHASH=0347AEC85CEC2868B73AFCAA19527170\r\nSigned: true\r\nSignature: Microsoft Windows\r\nSignatureStatus: Valid"}
{"@timestamp":"2020-10-22T12:21:39.184Z","TimeCreated":"2020-10-22T12:21:39.184Z","Hashes":"SHA1=6903CE508BF5BE290209682CE50DA74FF8E41DC7,MD5=B292ADE574FFDFA0828D33B5084D3ADF,SHA256=1C261B3309B851FB08652DE31B86BAB9D843FDF5AEE80AE12F19F6AFE2B97045,IMPHASH=C0671771A067C287DB4783914ABFEAD2","Signature":"Microsoft Windows","ProviderGuid":"{5770385f-c22a-43e0-bf4c-06f5698ffbd9}","Company":"Microsoft Corporation","UtcTime":"2020-10-22 04:21:39.177","ProcessGuid":"{39e4a257-08d3-5f91-f711-000000000700}","Image":"C:\\Windows\\System32\\calc.exe","ImageLoaded":"C:\\Windows\\WinSxS\\amd64_microsoft.windows.common-controls_6595b64144ccf1df_6.0.18362.1139_none_9e7bf2d3e4605ac6\\comctl32.dll","Level":"4","Channel":"Microsoft-Windows-Sysmon/Operational","Task":"7","RuleName":"-","FileVersion":"6.10 (WinBuild.160101.0800)","SourceName":"Microsoft-Windows-Sysmon","Hostname":"WORKSTATION5","ProcessId":"10584","Description":"User Experience Controls Library","SignatureStatus":"Valid","Product":"Microsoft Windows Operating System","EventID":7,"Keywords":"0x8000000000000000","Signed":"true","OriginalFileName":"comctl32.DLL","Message":"Image loaded:\r\nRuleName: -\r\nUtcTime: 2020-10-22 04:21:39.177\r\nProcessGuid: {39e4a257-08d3-5f91-f711-000000000700}\r\nProcessId: 10584\r\nImage: C:\\Windows\\System32\\calc.exe\r\nImageLoaded: C:\\Windows\\WinSxS\\amd64_microsoft.windows.common-controls_6595b64144ccf1df_6.0.18362.1139_none_9e7bf2d3e4605ac6\\comctl32.dll\r\nFileVersion: 6.10 (WinBuild.160101.0800)\r\nDescription: User Experience Controls Library\r\nProduct: Microsoft Windows Operating System\r\nCompany: Microsoft Corporation\r\nOriginalFileName: comctl32.DLL\r\nHashes: SHA1=6903CE508BF5BE290209682CE50DA74FF8E41DC7,MD5=B292ADE574FFDFA0828D33B5084D3ADF,SHA256=1C261B3309B851FB08652DE31B86BAB9D843FDF5AEE80AE12F19F6AFE2B97045,IMPHASH=C0671771A067C287DB4783914ABFEAD2\r\nSigned: true\r\nSignature: Microsoft Windows\r\nSignatureStatus: Valid"}
{"GrantedAccess":"0x1000","@timestamp":"2020-10-22T12:21:39.188Z","TimeCreated":"2020-10-22T12:21:39.188Z","SourceThreadId":"5136","SourceImage":"C:\\windows\\system32\\svchost.exe","ProviderGuid":"{5770385f-c22a-43e0-bf4c-06f5698ffbd9}","CallTrace":"C:\\windows\\SYSTEM32\\ntdll.dll+9c584|C:\\windows\\System32\\KERNELBASE.dll+305fe|c:\\windows\\system32\\rpcss.dll+47d62|c:\\windows\\system32\\rpcss.dll+47d23|C:\\windows\\System32\\RPCRT4.dll+76a63|C:\\windows\\System32\\RPCRT4.dll+13653|C:\\windows\\System32\\RPCRT4.dll+1457a|C:\\windows\\System32\\RPCRT4.dll+549f8|C:\\windows\\System32\\RPCRT4.dll+2c9b1|C:\\windows\\System32\\RPCRT4.dll+2c26b|C:\\windows\\System32\\RPCRT4.dll+1a8cf|C:\\windows\\System32\\RPCRT4.dll+19d7a|C:\\windows\\System32\\RPCRT4.dll+19361|C:\\windows\\System32\\RPCRT4.dll+18dce|C:\\windows\\System32\\RPCRT4.dll+16a05|C:\\windows\\SYSTEM32\\ntdll.dll+333ed|C:\\windows\\SYSTEM32\\ntdll.dll+34142|C:\\windows\\System32\\KERNEL32.DLL+17c24|C:\\windows\\SYSTEM32\\ntdll.dll+6cea1","UtcTime":"2020-10-22 04:21:39.177","TargetProcessGUID":"{39e4a257-08d3-5f91-f711-000000000700}","SourceProcessId":"944","Level":"4","Channel":"Microsoft-Windows-Sysmon/Operational","Task":"10","RuleName":"-","SourceName":"Microsoft-Windows-Sysmon","Hostname":"WORKSTATION5","SourceProcessGUID":"{39e4a257-f132-5f8b-1000-000000000700}","TargetProcessId":"10584","EventID":10,"Keywords":"0x8000000000000000","TargetImage":"C:\\windows\\system32\\calc.exe","Message":"Process accessed:\r\nRuleName: -\r\nUtcTime: 2020-10-22 04:21:39.177\r\nSourceProcessGUID: {39e4a257-f132-5f8b-1000-000000000700}\r\nSourceProcessId: 944\r\nSourceThreadId: 5136\r\nSourceImage: C:\\windows\\system32\\svchost.exe\r\nTargetProcessGUID: {39e4a257-08d3-5f91-f711-000000000700}\r\nTargetProcessId: 10584\r\nTargetImage: C:\\windows\\system32\\calc.exe\r\nGrantedAccess: 0x1000\r\nCallTrace: C:\\windows\\SYSTEM32\\ntdll.dll+9c584|C:\\windows\\System32\\KERNELBASE.dll+305fe|c:\\windows\\system32\\rpcss.dll+47d62|c:\\windows\\system32\\rpcss.dll+47d23|C:\\windows\\System32\\RPCRT4.dll+76a63|C:\\windows\\System32\\RPCRT4.dll+13653|C:\\windows\\System32\\RPCRT4.dll+1457a|C:\\windows\\System32\\RPCRT4.dll+549f8|C:\\windows\\System32\\RPCRT4.dll+2c9b1|C:\\windows\\System32\\RPCRT4.dll+2c26b|C:\\windows\\System32\\RPCRT4.dll+1a8cf|C:\\windows\\System32\\RPCRT4.dll+19d7a|C:\\windows\\System32\\RPCRT4.dll+19361|C:\\windows\\System32\\RPCRT4.dll+18dce|C:\\windows\\System32\\RPCRT4.dll+16a05|C:\\windows\\SYSTEM32\\ntdll.dll+333ed|C:\\windows\\SYSTEM32\\ntdll.dll+34142|C:\\windows\\System32\\KERNEL32.DLL+17c24|C:\\windows\\SYSTEM32\\ntdll.dll+6cea1"}
{"GrantedAccess":"0x100000","@timestamp":"2020-10-22T12:21:39.188Z","TimeCreated":"2020-10-22T12:21:39.188Z","SourceThreadId":"7856","SourceImage":"C:\\windows\\system32\\svchost.exe","ProviderGuid":"{5770385f-c22a-43e0-bf4c-06f5698ffbd9}","CallTrace":"C:\\windows\\SYSTEM32\\ntdll.dll+9d154|C:\\windows\\System32\\RPCRT4.dll+2d354|c:\\windows\\system32\\rpcss.dll+314c9|c:\\windows\\system32\\rpcss.dll+30b5b|C:\\windows\\System32\\RPCRT4.dll+76a63|C:\\windows\\System32\\RPCRT4.dll+13653|C:\\windows\\System32\\RPCRT4.dll+1457a|C:\\windows\\System32\\RPCRT4.dll+549f8|C:\\windows\\System32\\RPCRT4.dll+2c9b1|C:\\windows\\System32\\RPCRT4.dll+2c26b|C:\\windows\\System32\\RPCRT4.dll+1a8cf|C:\\windows\\System32\\RPCRT4.dll+19d7a|C:\\windows\\System32\\RPCRT4.dll+19361|C:\\windows\\System32\\RPCRT4.dll+18dce|C:\\windows\\System32\\RPCRT4.dll+16a05|C:\\windows\\SYSTEM32\\ntdll.dll+333ed|C:\\windows\\SYSTEM32\\ntdll.dll+34142|C:\\windows\\System32\\KERNEL32.DLL+17c24|C:\\windows\\SYSTEM32\\ntdll.dll+6cea1","UtcTime":"2020-10-22 04:21:39.177","TargetProcessGUID":"{39e4a257-08d3-5f91-f711-000000000700}","SourceProcessId":"992","Level":"4","Channel":"Microsoft-Windows-Sysmon/Operational","Task":"10","RuleName":"-","SourceName":"Microsoft-Windows-Sysmon","Hostname":"WORKSTATION5","SourceProcessGUID":"{39e4a257-f132-5f8b-1100-000000000700}","TargetProcessId":"10584","EventID":10,"Keywords":"0x8000000000000000","TargetImage":"C:\\windows\\system32\\calc.exe","Message":"Process accessed:\r\nRuleName: -\r\nUtcTime: 2020-10-22 04:21:39.177\r\nSourceProcessGUID: {39e4a257-f132-5f8b-1100-000000000700}\r\nSourceProcessId: 992\r\nSourceThreadId: 7856\r\nSourceImage: C:\\windows\\system32\\svchost.exe\r\nTargetProcessGUID: {39e4a257-08d3-5f91-f711-000000000700}\r\nTargetProcessId: 10584\r\nTargetImage: C:\\windows\\system32\\calc.exe\r\nGrantedAccess: 0x100000\r\nCallTrace: C:\\windows\\SYSTEM32\\ntdll.dll+9d154|C:\\windows\\System32\\RPCRT4.dll+2d354|c:\\windows\\system32\\rpcss.dll+314c9|c:\\windows\\system32\\rpcss.dll+30b5b|C:\\windows\\System32\\RPCRT4.dll+76a63|C:\\windows\\System32\\RPCRT4.dll+13653|C:\\windows\\System32\\RPCRT4.dll+1457a|C:\\windows\\System32\\RPCRT4.dll+549f8|C:\\windows\\System32\\RPCRT4.dll+2c9b1|C:\\windows\\System32\\RPCRT4.dll+2c26b|C:\\windows\\System32\\RPCRT4.dll+1a8cf|C:\\windows\\System32\\RPCRT4.dll+19d7a|C:\\windows\\System32\\RPCRT4.dll+19361|C:\\windows\\System32\\RPCRT4.dll+18dce|C:\\windows\\System32\\RPCRT4.dll+16a05|C:\\windows\\SYSTEM32\\ntdll.dll+333ed|C:\\windows\\SYSTEM32\\ntdll.dll+34142|C:\\windows\\System32\\KERNEL32.DLL+17c24|C:\\windows\\SYSTEM32\\ntdll.dll+6cea1"}
{"@timestamp":"2020-10-22T12:21:39.192Z","TimeCreated":"2020-10-22T12:21:39.192Z","Hashes":"SHA1=870F4150AF0FA7BE2478A317E603BC355D623C01,MD5=37B2BCAFF03971D5012BF4EEA367FE4E,SHA256=1D31786E5F23E9C0791EA626B10B0F8250E377000C6668F4141EAD6302A46C5A,IMPHASH=A39887077F3ADC1F3BE7B73D8983927E","Signature":"Microsoft Windows","ProviderGuid":"{5770385f-c22a-43e0-bf4c-06f5698ffbd9}","Company":"Microsoft Corporation","UtcTime":"2020-10-22 04:21:39.177","ProcessGuid":"{39e4a257-08d3-5f91-f711-000000000700}","Image":"C:\\Windows\\System32\\calc.exe","ImageLoaded":"C:\\Windows\\System32\\Windows.StateRepositoryPS.dll","Level":"4","Channel":"Microsoft-Windows-Sysmon/Operational","Task":"7","RuleName":"-","FileVersion":"10.0.18362.1082 (WinBuild.160101.0800)","SourceName":"Microsoft-Windows-Sysmon","Hostname":"WORKSTATION5","ProcessId":"10584","Description":"Windows StateRepository Proxy/Stub Server","SignatureStatus":"Valid","Product":"Microsoft Windows Operating System","EventID":7,"Keywords":"0x8000000000000000","Signed":"true","OriginalFileName":"Windows.StateRepositoryPS.dll","Message":"Image loaded:\r\nRuleName: -\r\nUtcTime: 2020-10-22 04:21:39.177\r\nProcessGuid: {39e4a257-08d3-5f91-f711-000000000700}\r\nProcessId: 10584\r\nImage: C:\\Windows\\System32\\calc.exe\r\nImageLoaded: C:\\Windows\\System32\\Windows.StateRepositoryPS.dll\r\nFileVersion: 10.0.18362.1082 (WinBuild.160101.0800)\r\nDescription: Windows StateRepository Proxy/Stub Server\r\nProduct: Microsoft Windows Operating System\r\nCompany: Microsoft Corporation\r\nOriginalFileName: Windows.StateRepositoryPS.dll\r\nHashes: SHA1=870F4150AF0FA7BE2478A317E603BC355D623C01,MD5=37B2BCAFF03971D5012BF4EEA367FE4E,SHA256=1D31786E5F23E9C0791EA626B10B0F8250E377000C6668F4141EAD6302A46C5A,IMPHASH=A39887077F3ADC1F3BE7B73D8983927E\r\nSigned: true\r\nSignature: Microsoft Windows\r\nSignatureStatus: Valid"}
{"@timestamp":"2020-10-22T12:21:39.193Z","TimeCreated":"2020-10-22T12:21:39.193Z","Hashes":"SHA1=BB449564B72F3687C311648D8E5C02EDD5D51D96,MD5=2C98AA00D1633E9AFAEAABA6CC87F287,SHA256=5DD8571132EF404927ADF7A1AC7EB26823D89271F62883F1E56C6EEEABC3D466,IMPHASH=F90C2A389F295606533D615109FB248B","Signature":"Microsoft Windows","ProviderGuid":"{5770385f-c22a-43e0-bf4c-06f5698ffbd9}","Company":"Microsoft Corporation","UtcTime":"2020-10-22 04:21:38.849","ProcessGuid":"{39e4a257-08d2-5f91-f411-000000000700}","Image":"C:\\Windows\\hh.exe","ImageLoaded":"C:\\Windows\\System32\\secur32.dll","Level":"4","Channel":"Microsoft-Windows-Sysmon/Operational","Task":"7","RuleName":"-","FileVersion":"10.0.18362.1 (WinBuild.160101.0800)","SourceName":"Microsoft-Windows-Sysmon","Hostname":"WORKSTATION5","ProcessId":"9144","Description":"Security Support Provider Interface","SignatureStatus":"Valid","Product":"Microsoft Windows Operating System","EventID":7,"Keywords":"0x8000000000000000","Signed":"true","OriginalFileName":"secur32.dll","Message":"Image loaded:\r\nRuleName: -\r\nUtcTime: 2020-10-22 04:21:38.849\r\nProcessGuid: {39e4a257-08d2-5f91-f411-000000000700}\r\nProcessId: 9144\r\nImage: C:\\Windows\\hh.exe\r\nImageLoaded: C:\\Windows\\System32\\secur32.dll\r\nFileVersion: 10.0.18362.1 (WinBuild.160101.0800)\r\nDescription: Security Support Provider Interface\r\nProduct: Microsoft Windows Operating System\r\nCompany: Microsoft Corporation\r\nOriginalFileName: secur32.dll\r\nHashes: SHA1=BB449564B72F3687C311648D8E5C02EDD5D51D96,MD5=2C98AA00D1633E9AFAEAABA6CC87F287,SHA256=5DD8571132EF404927ADF7A1AC7EB26823D89271F62883F1E56C6EEEABC3D466,IMPHASH=F90C2A389F295606533D615109FB248B\r\nSigned: true\r\nSignature: Microsoft Windows\r\nSignatureStatus: Valid"}
{"GrantedAccess":"0x1000","@timestamp":"2020-10-22T12:21:39.195Z","TimeCreated":"2020-10-22T12:21:39.195Z","SourceThreadId":"5316","SourceImage":"C:\\windows\\system32\\svchost.exe","ProviderGuid":"{5770385f-c22a-43e0-bf4c-06f5698ffbd9}","CallTrace":"C:\\windows\\SYSTEM32\\ntdll.dll+9d154|C:\\windows\\System32\\RPCRT4.dll+2d354|C:\\windows\\System32\\combase.dll+b855b|c:\\windows\\system32\\windows.staterepository.dll+223f5|c:\\windows\\system32\\windows.staterepository.dll+2e76e|C:\\windows\\System32\\RPCRT4.dll+76a63|C:\\windows\\System32\\RPCRT4.dll+da036|C:\\windows\\System32\\RPCRT4.dll+383b9|C:\\windows\\System32\\combase.dll+a5d13|C:\\windows\\System32\\RPCRT4.dll+59bab|C:\\windows\\System32\\combase.dll+8d0e3|C:\\windows\\System32\\combase.dll+8ced3|C:\\windows\\System32\\combase.dll+a9556|C:\\windows\\System32\\combase.dll+8a4fa|C:\\windows\\System32\\combase.dll+a47ed|C:\\windows\\System32\\combase.dll+401ac|C:\\windows\\System32\\combase.dll+40a11|C:\\windows\\System32\\combase.dll+421b8|C:\\windows\\System32\\RPCRT4.dll+549f8|C:\\windows\\System32\\RPCRT4.dll+2c9b1|C:\\windows\\System32\\RPCRT4.dll+2c500|C:\\windows\\System32\\RPCRT4.dll+1a71f|C:\\windows\\System32\\RPCRT4.dll+19d7a|C:\\windows\\System32\\RPCRT4.dll+19361","UtcTime":"2020-10-22 04:21:39.193","TargetProcessGUID":"{39e4a257-08d3-5f91-f711-000000000700}","SourceProcessId":"2072","Level":"4","Channel":"Microsoft-Windows-Sysmon/Operational","Task":"10","RuleName":"-","SourceName":"Microsoft-Windows-Sysmon","Hostname":"WORKSTATION5","SourceProcessGUID":"{39e4a257-f1ad-5f8b-9500-000000000700}","TargetProcessId":"10584","EventID":10,"Keywords":"0x8000000000000000","TargetImage":"C:\\windows\\system32\\calc.exe","Message":"Process accessed:\r\nRuleName: -\r\nUtcTime: 2020-10-22 04:21:39.193\r\nSourceProcessGUID: {39e4a257-f1ad-5f8b-9500-000000000700}\r\nSourceProcessId: 2072\r\nSourceThreadId: 5316\r\nSourceImage: C:\\windows\\system32\\svchost.exe\r\nTargetProcessGUID: {39e4a257-08d3-5f91-f711-000000000700}\r\nTargetProcessId: 10584\r\nTargetImage: C:\\windows\\system32\\calc.exe\r\nGrantedAccess: 0x1000\r\nCallTrace: C:\\windows\\SYSTEM32\\ntdll.dll+9d154|C:\\windows\\System32\\RPCRT4.dll+2d354|C:\\windows\\System32\\combase.dll+b855b|c:\\windows\\system32\\windows.staterepository.dll+223f5|c:\\windows\\system32\\windows.staterepository.dll+2e76e|C:\\windows\\System32\\RPCRT4.dll+76a63|C:\\windows\\System32\\RPCRT4.dll+da036|C:\\windows\\System32\\RPCRT4.dll+383b9|C:\\windows\\System32\\combase.dll+a5d13|C:\\windows\\System32\\RPCRT4.dll+59bab|C:\\windows\\System32\\combase.dll+8d0e3|C:\\windows\\System32\\combase.dll+8ced3|C:\\windows\\System32\\combase.dll+a9556|C:\\windows\\System32\\combase.dll+8a4fa|C:\\windows\\System32\\combase.dll+a47ed|C:\\windows\\System32\\combase.dll+401ac|C:\\windows\\System32\\combase.dll+40a11|C:\\windows\\System32\\combase.dll+421b8|C:\\windows\\System32\\RPCRT4.dll+549f8|C:\\windows\\System32\\RPCRT4.dll+2c9b1|C:\\windows\\System32\\RPCRT4.dll+2c500|C:\\windows\\System32\\RPCRT4.dll+1a71f|C:\\windows\\System32\\RPCRT4.dll+19d7a|C:\\windows\\System32\\RPCRT4.dll+19361"}
{"GrantedAccess":"0x1000","@timestamp":"2020-10-22T12:21:39.196Z","TimeCreated":"2020-10-22T12:21:39.196Z","SourceThreadId":"5316","SourceImage":"C:\\windows\\system32\\svchost.exe","ProviderGuid":"{5770385f-c22a-43e0-bf4c-06f5698ffbd9}","CallTrace":"C:\\windows\\SYSTEM32\\ntdll.dll+9d154|C:\\windows\\System32\\RPCRT4.dll+2d354|C:\\windows\\System32\\combase.dll+b855b|c:\\windows\\system32\\windows.staterepository.dll+223f5|c:\\windows\\system32\\windows.staterepository.dll+12295|C:\\windows\\System32\\RPCRT4.dll+76a63|C:\\windows\\System32\\RPCRT4.dll+da036|C:\\windows\\System32\\RPCRT4.dll+383b9|C:\\windows\\System32\\combase.dll+a5d13|C:\\windows\\System32\\RPCRT4.dll+59bab|C:\\windows\\System32\\combase.dll+8d0e3|C:\\windows\\System32\\combase.dll+8ced3|C:\\windows\\System32\\combase.dll+a9556|C:\\windows\\System32\\combase.dll+8a4fa|C:\\windows\\System32\\combase.dll+a47ed|C:\\windows\\System32\\combase.dll+401ac|C:\\windows\\System32\\combase.dll+40a11|C:\\windows\\System32\\combase.dll+421b8|C:\\windows\\System32\\RPCRT4.dll+549f8|C:\\windows\\System32\\RPCRT4.dll+2c9b1|C:\\windows\\System32\\RPCRT4.dll+2c500|C:\\windows\\System32\\RPCRT4.dll+1a71f|C:\\windows\\System32\\RPCRT4.dll+19d7a|C:\\windows\\System32\\RPCRT4.dll+19361","UtcTime":"2020-10-22 04:21:39.193","TargetProcessGUID":"{39e4a257-08d3-5f91-f711-000000000700}","SourceProcessId":"2072","Level":"4","Channel":"Microsoft-Windows-Sysmon/Operational","Task":"10","RuleName":"-","SourceName":"Microsoft-Windows-Sysmon","Hostname":"WORKSTATION5","SourceProcessGUID":"{39e4a257-f1ad-5f8b-9500-000000000700}","TargetProcessId":"10584","EventID":10,"Keywords":"0x8000000000000000","TargetImage":"C:\\windows\\system32\\calc.exe","Message":"Process accessed:\r\nRuleName: -\r\nUtcTime: 2020-10-22 04:21:39.193\r\nSourceProcessGUID: {39e4a257-f1ad-5f8b-9500-000000000700}\r\nSourceProcessId: 2072\r\nSourceThreadId: 5316\r\nSourceImage: C:\\windows\\system32\\svchost.exe\r\nTargetProcessGUID: {39e4a257-08d3-5f91-f711-000000000700}\r\nTargetProcessId: 10584\r\nTargetImage: C:\\windows\\system32\\calc.exe\r\nGrantedAccess: 0x1000\r\nCallTrace: C:\\windows\\SYSTEM32\\ntdll.dll+9d154|C:\\windows\\System32\\RPCRT4.dll+2d354|C:\\windows\\System32\\combase.dll+b855b|c:\\windows\\system32\\windows.staterepository.dll+223f5|c:\\windows\\system32\\windows.staterepository.dll+12295|C:\\windows\\System32\\RPCRT4.dll+76a63|C:\\windows\\System32\\RPCRT4.dll+da036|C:\\windows\\System32\\RPCRT4.dll+383b9|C:\\windows\\System32\\combase.dll+a5d13|C:\\windows\\System32\\RPCRT4.dll+59bab|C:\\windows\\System32\\combase.dll+8d0e3|C:\\windows\\System32\\combase.dll+8ced3|C:\\windows\\System32\\combase.dll+a9556|C:\\windows\\System32\\combase.dll+8a4fa|C:\\windows\\System32\\combase.dll+a47ed|C:\\windows\\System32\\combase.dll+401ac|C:\\windows\\System32\\combase.dll+40a11|C:\\windows\\System32\\combase.dll+421b8|C:\\windows\\System32\\RPCRT4.dll+549f8|C:\\windows\\System32\\RPCRT4.dll+2c9b1|C:\\windows\\System32\\RPCRT4.dll+2c500|C:\\windows\\System32\\RPCRT4.dll+1a71f|C:\\windows\\System32\\RPCRT4.dll+19d7a|C:\\windows\\System32\\RPCRT4.dll+19361"}
{"GrantedAccess":"0x1040","@timestamp":"2020-10-22T12:21:39.197Z","TimeCreated":"2020-10-22T12:21:39.197Z","SourceThreadId":"6640","SourceImage":"C:\\windows\\system32\\svchost.exe","ProviderGuid":"{5770385f-c22a-43e0-bf4c-06f5698ffbd9}","CallTrace":"C:\\windows\\SYSTEM32\\ntdll.dll+9d154|C:\\windows\\System32\\RPCRT4.dll+2d354|C:\\windows\\System32\\combase.dll+b855b|C:\\windows\\System32\\combase.dll+68808|C:\\windows\\System32\\combase.dll+666fb|C:\\windows\\System32\\combase.dll+66800|C:\\windows\\System32\\combase.dll+66664|C:\\windows\\System32\\combase.dll+3a668|C:\\windows\\System32\\combase.dll+3a0cb|C:\\windows\\System32\\combase.dll+87c25|C:\\windows\\System32\\combase.dll+84744|C:\\windows\\System32\\combase.dll+84680|C:\\windows\\System32\\combase.dll+8431f|C:\\windows\\System32\\combase.dll+89fd7|C:\\windows\\System32\\combase.dll+a7659|C:\\windows\\System32\\RPCRT4.dll+da15e|C:\\windows\\System32\\RPCRT4.dll+383b9|C:\\windows\\System32\\combase.dll+a5d13|C:\\windows\\System32\\RPCRT4.dll+59bab|C:\\windows\\System32\\combase.dll+8d0e3|C:\\windows\\System32\\combase.dll+8ced3|C:\\windows\\System32\\combase.dll+a9556|C:\\windows\\System32\\combase.dll+8a4fa|C:\\windows\\System32\\combase.dll+a47ed","UtcTime":"2020-10-22 04:21:39.193","TargetProcessGUID":"{39e4a257-08d3-5f91-f711-000000000700}","SourceProcessId":"2072","Level":"4","Channel":"Microsoft-Windows-Sysmon/Operational","Task":"10","RuleName":"-","SourceName":"Microsoft-Windows-Sysmon","Hostname":"WORKSTATION5","SourceProcessGUID":"{39e4a257-f1ad-5f8b-9500-000000000700}","TargetProcessId":"10584","EventID":10,"Keywords":"0x8000000000000000","TargetImage":"C:\\windows\\system32\\calc.exe","Message":"Process accessed:\r\nRuleName: -\r\nUtcTime: 2020-10-22 04:21:39.193\r\nSourceProcessGUID: {39e4a257-f1ad-5f8b-9500-000000000700}\r\nSourceProcessId: 2072\r\nSourceThreadId: 6640\r\nSourceImage: C:\\windows\\system32\\svchost.exe\r\nTargetProcessGUID: {39e4a257-08d3-5f91-f711-000000000700}\r\nTargetProcessId: 10584\r\nTargetImage: C:\\windows\\system32\\calc.exe\r\nGrantedAccess: 0x1040\r\nCallTrace: C:\\windows\\SYSTEM32\\ntdll.dll+9d154|C:\\windows\\System32\\RPCRT4.dll+2d354|C:\\windows\\System32\\combase.dll+b855b|C:\\windows\\System32\\combase.dll+68808|C:\\windows\\System32\\combase.dll+666fb|C:\\windows\\System32\\combase.dll+66800|C:\\windows\\System32\\combase.dll+66664|C:\\windows\\System32\\combase.dll+3a668|C:\\windows\\System32\\combase.dll+3a0cb|C:\\windows\\System32\\combase.dll+87c25|C:\\windows\\System32\\combase.dll+84744|C:\\windows\\System32\\combase.dll+84680|C:\\windows\\System32\\combase.dll+8431f|C:\\windows\\System32\\combase.dll+89fd7|C:\\windows\\System32\\combase.dll+a7659|C:\\windows\\System32\\RPCRT4.dll+da15e|C:\\windows\\System32\\RPCRT4.dll+383b9|C:\\windows\\System32\\combase.dll+a5d13|C:\\windows\\System32\\RPCRT4.dll+59bab|C:\\windows\\System32\\combase.dll+8d0e3|C:\\windows\\System32\\combase.dll+8ced3|C:\\windows\\System32\\combase.dll+a9556|C:\\windows\\System32\\combase.dll+8a4fa|C:\\windows\\System32\\combase.dll+a47ed"}
{"GrantedAccess":"0x1000","@timestamp":"2020-10-22T12:21:39.197Z","TimeCreated":"2020-10-22T12:21:39.197Z","SourceThreadId":"6640","SourceImage":"C:\\windows\\system32\\svchost.exe","ProviderGuid":"{5770385f-c22a-43e0-bf4c-06f5698ffbd9}","CallTrace":"C:\\windows\\SYSTEM32\\ntdll.dll+9d154|C:\\windows\\System32\\RPCRT4.dll+2d354|C:\\windows\\System32\\combase.dll+b855b|c:\\windows\\system32\\windows.staterepository.dll+223f5|c:\\windows\\system32\\windows.staterepository.dll+12295|C:\\windows\\System32\\RPCRT4.dll+76a63|C:\\windows\\System32\\RPCRT4.dll+da036|C:\\windows\\System32\\RPCRT4.dll+383b9|C:\\windows\\System32\\combase.dll+a5d13|C:\\windows\\System32\\RPCRT4.dll+59bab|C:\\windows\\System32\\combase.dll+8d0e3|C:\\windows\\System32\\combase.dll+8ced3|C:\\windows\\System32\\combase.dll+a9556|C:\\windows\\System32\\combase.dll+8a4fa|C:\\windows\\System32\\combase.dll+a47ed|C:\\windows\\System32\\combase.dll+401ac|C:\\windows\\System32\\combase.dll+40a11|C:\\windows\\System32\\combase.dll+421b8|C:\\windows\\System32\\RPCRT4.dll+549f8|C:\\windows\\System32\\RPCRT4.dll+2c9b1|C:\\windows\\System32\\RPCRT4.dll+2c500|C:\\windows\\System32\\RPCRT4.dll+1a71f|C:\\windows\\System32\\RPCRT4.dll+19d7a|C:\\windows\\System32\\RPCRT4.dll+19361","UtcTime":"2020-10-22 04:21:39.193","TargetProcessGUID":"{39e4a257-08d3-5f91-f711-000000000700}","SourceProcessId":"2072","Level":"4","Channel":"Microsoft-Windows-Sysmon/Operational","Task":"10","RuleName":"-","SourceName":"Microsoft-Windows-Sysmon","Hostname":"WORKSTATION5","SourceProcessGUID":"{39e4a257-f1ad-5f8b-9500-000000000700}","TargetProcessId":"10584","EventID":10,"Keywords":"0x8000000000000000","TargetImage":"C:\\windows\\system32\\calc.exe","Message":"Process accessed:\r\nRuleName: -\r\nUtcTime: 2020-10-22 04:21:39.193\r\nSourceProcessGUID: {39e4a257-f1ad-5f8b-9500-000000000700}\r\nSourceProcessId: 2072\r\nSourceThreadId: 6640\r\nSourceImage: C:\\windows\\system32\\svchost.exe\r\nTargetProcessGUID: {39e4a257-08d3-5f91-f711-000000000700}\r\nTargetProcessId: 10584\r\nTargetImage: C:\\windows\\system32\\calc.exe\r\nGrantedAccess: 0x1000\r\nCallTrace: C:\\windows\\SYSTEM32\\ntdll.dll+9d154|C:\\windows\\System32\\RPCRT4.dll+2d354|C:\\windows\\System32\\combase.dll+b855b|c:\\windows\\system32\\windows.staterepository.dll+223f5|c:\\windows\\system32\\windows.staterepository.dll+12295|C:\\windows\\System32\\RPCRT4.dll+76a63|C:\\windows\\System32\\RPCRT4.dll+da036|C:\\windows\\System32\\RPCRT4.dll+383b9|C:\\windows\\System32\\combase.dll+a5d13|C:\\windows\\System32\\RPCRT4.dll+59bab|C:\\windows\\System32\\combase.dll+8d0e3|C:\\windows\\System32\\combase.dll+8ced3|C:\\windows\\System32\\combase.dll+a9556|C:\\windows\\System32\\combase.dll+8a4fa|C:\\windows\\System32\\combase.dll+a47ed|C:\\windows\\System32\\combase.dll+401ac|C:\\windows\\System32\\combase.dll+40a11|C:\\windows\\System32\\combase.dll+421b8|C:\\windows\\System32\\RPCRT4.dll+549f8|C:\\windows\\System32\\RPCRT4.dll+2c9b1|C:\\windows\\System32\\RPCRT4.dll+2c500|C:\\windows\\System32\\RPCRT4.dll+1a71f|C:\\windows\\System32\\RPCRT4.dll+19d7a|C:\\windows\\System32\\RPCRT4.dll+19361"}
{"GrantedAccess":"0x1040","@timestamp":"2020-10-22T12:21:39.197Z","TimeCreated":"2020-10-22T12:21:39.197Z","SourceThreadId":"6640","SourceImage":"C:\\windows\\system32\\svchost.exe","ProviderGuid":"{5770385f-c22a-43e0-bf4c-06f5698ffbd9}","CallTrace":"C:\\windows\\SYSTEM32\\ntdll.dll+9d154|C:\\windows\\System32\\RPCRT4.dll+2d354|C:\\windows\\System32\\combase.dll+b855b|C:\\windows\\System32\\combase.dll+68808|C:\\windows\\System32\\combase.dll+666fb|C:\\windows\\System32\\combase.dll+66800|C:\\windows\\System32\\combase.dll+66664|C:\\windows\\System32\\combase.dll+3a668|C:\\windows\\System32\\combase.dll+3a0cb|C:\\windows\\System32\\combase.dll+87c25|C:\\windows\\System32\\combase.dll+84744|C:\\windows\\System32\\combase.dll+84680|C:\\windows\\System32\\combase.dll+8431f|C:\\windows\\System32\\combase.dll+89fd7|C:\\windows\\System32\\combase.dll+a7659|C:\\windows\\System32\\RPCRT4.dll+da15e|C:\\windows\\System32\\RPCRT4.dll+383b9|C:\\windows\\System32\\combase.dll+a5d13|C:\\windows\\System32\\RPCRT4.dll+59bab|C:\\windows\\System32\\combase.dll+8d0e3|C:\\windows\\System32\\combase.dll+8ced3|C:\\windows\\System32\\combase.dll+a9556|C:\\windows\\System32\\combase.dll+8a4fa|C:\\windows\\System32\\combase.dll+a47ed","UtcTime":"2020-10-22 04:21:39.193","TargetProcessGUID":"{39e4a257-08d3-5f91-f711-000000000700}","SourceProcessId":"2072","Level":"4","Channel":"Microsoft-Windows-Sysmon/Operational","Task":"10","RuleName":"-","SourceName":"Microsoft-Windows-Sysmon","Hostname":"WORKSTATION5","SourceProcessGUID":"{39e4a257-f1ad-5f8b-9500-000000000700}","TargetProcessId":"10584","EventID":10,"Keywords":"0x8000000000000000","TargetImage":"C:\\windows\\system32\\calc.exe","Message":"Process accessed:\r\nRuleName: -\r\nUtcTime: 2020-10-22 04:21:39.193\r\nSourceProcessGUID: {39e4a257-f1ad-5f8b-9500-000000000700}\r\nSourceProcessId: 2072\r\nSourceThreadId: 6640\r\nSourceImage: C:\\windows\\system32\\svchost.exe\r\nTargetProcessGUID: {39e4a257-08d3-5f91-f711-000000000700}\r\nTargetProcessId: 10584\r\nTargetImage: C:\\windows\\system32\\calc.exe\r\nGrantedAccess: 0x1040\r\nCallTrace: C:\\windows\\SYSTEM32\\ntdll.dll+9d154|C:\\windows\\System32\\RPCRT4.dll+2d354|C:\\windows\\System32\\combase.dll+b855b|C:\\windows\\System32\\combase.dll+68808|C:\\windows\\System32\\combase.dll+666fb|C:\\windows\\System32\\combase.dll+66800|C:\\windows\\System32\\combase.dll+66664|C:\\windows\\System32\\combase.dll+3a668|C:\\windows\\System32\\combase.dll+3a0cb|C:\\windows\\System32\\combase.dll+87c25|C:\\windows\\System32\\combase.dll+84744|C:\\windows\\System32\\combase.dll+84680|C:\\windows\\System32\\combase.dll+8431f|C:\\windows\\System32\\combase.dll+89fd7|C:\\windows\\System32\\combase.dll+a7659|C:\\windows\\System32\\RPCRT4.dll+da15e|C:\\windows\\System32\\RPCRT4.dll+383b9|C:\\windows\\System32\\combase.dll+a5d13|C:\\windows\\System32\\RPCRT4.dll+59bab|C:\\windows\\System32\\combase.dll+8d0e3|C:\\windows\\System32\\combase.dll+8ced3|C:\\windows\\System32\\combase.dll+a9556|C:\\windows\\System32\\combase.dll+8a4fa|C:\\windows\\System32\\combase.dll+a47ed"}
{"GrantedAccess":"0x1000","@timestamp":"2020-10-22T12:21:39.198Z","TimeCreated":"2020-10-22T12:21:39.198Z","SourceThreadId":"5316","SourceImage":"C:\\windows\\system32\\svchost.exe","ProviderGuid":"{5770385f-c22a-43e0-bf4c-06f5698ffbd9}","CallTrace":"C:\\windows\\SYSTEM32\\ntdll.dll+9d154|C:\\windows\\System32\\RPCRT4.dll+2d354|C:\\windows\\System32\\combase.dll+b855b|c:\\windows\\system32\\windows.staterepository.dll+223f5|c:\\windows\\system32\\windows.staterepository.dll+12295|C:\\windows\\System32\\RPCRT4.dll+76a63|C:\\windows\\System32\\RPCRT4.dll+da036|C:\\windows\\System32\\RPCRT4.dll+383b9|C:\\windows\\System32\\combase.dll+a5d13|C:\\windows\\System32\\RPCRT4.dll+59bab|C:\\windows\\System32\\combase.dll+8d0e3|C:\\windows\\System32\\combase.dll+8ced3|C:\\windows\\System32\\combase.dll+a9556|C:\\windows\\System32\\combase.dll+8a4fa|C:\\windows\\System32\\combase.dll+a47ed|C:\\windows\\System32\\combase.dll+401ac|C:\\windows\\System32\\combase.dll+40a11|C:\\windows\\System32\\combase.dll+421b8|C:\\windows\\System32\\RPCRT4.dll+549f8|C:\\windows\\System32\\RPCRT4.dll+2c9b1|C:\\windows\\System32\\RPCRT4.dll+2c500|C:\\windows\\System32\\RPCRT4.dll+1a71f|C:\\windows\\System32\\RPCRT4.dll+19d7a|C:\\windows\\System32\\RPCRT4.dll+19361","UtcTime":"2020-10-22 04:21:39.193","TargetProcessGUID":"{39e4a257-08d3-5f91-f711-000000000700}","SourceProcessId":"2072","Level":"4","Channel":"Microsoft-Windows-Sysmon/Operational","Task":"10","RuleName":"-","SourceName":"Microsoft-Windows-Sysmon","Hostname":"WORKSTATION5","SourceProcessGUID":"{39e4a257-f1ad-5f8b-9500-000000000700}","TargetProcessId":"10584","EventID":10,"Keywords":"0x8000000000000000","TargetImage":"C:\\windows\\system32\\calc.exe","Message":"Process accessed:\r\nRuleName: -\r\nUtcTime: 2020-10-22 04:21:39.193\r\nSourceProcessGUID: {39e4a257-f1ad-5f8b-9500-000000000700}\r\nSourceProcessId: 2072\r\nSourceThreadId: 5316\r\nSourceImage: C:\\windows\\system32\\svchost.exe\r\nTargetProcessGUID: {39e4a257-08d3-5f91-f711-000000000700}\r\nTargetProcessId: 10584\r\nTargetImage: C:\\windows\\system32\\calc.exe\r\nGrantedAccess: 0x1000\r\nCallTrace: C:\\windows\\SYSTEM32\\ntdll.dll+9d154|C:\\windows\\System32\\RPCRT4.dll+2d354|C:\\windows\\System32\\combase.dll+b855b|c:\\windows\\system32\\windows.staterepository.dll+223f5|c:\\windows\\system32\\windows.staterepository.dll+12295|C:\\windows\\System32\\RPCRT4.dll+76a63|C:\\windows\\System32\\RPCRT4.dll+da036|C:\\windows\\System32\\RPCRT4.dll+383b9|C:\\windows\\System32\\combase.dll+a5d13|C:\\windows\\System32\\RPCRT4.dll+59bab|C:\\windows\\System32\\combase.dll+8d0e3|C:\\windows\\System32\\combase.dll+8ced3|C:\\windows\\System32\\combase.dll+a9556|C:\\windows\\System32\\combase.dll+8a4fa|C:\\windows\\System32\\combase.dll+a47ed|C:\\windows\\System32\\combase.dll+401ac|C:\\windows\\System32\\combase.dll+40a11|C:\\windows\\System32\\combase.dll+421b8|C:\\windows\\System32\\RPCRT4.dll+549f8|C:\\windows\\System32\\RPCRT4.dll+2c9b1|C:\\windows\\System32\\RPCRT4.dll+2c500|C:\\windows\\System32\\RPCRT4.dll+1a71f|C:\\windows\\System32\\RPCRT4.dll+19d7a|C:\\windows\\System32\\RPCRT4.dll+19361"}
