{"@timestamp":"2020-10-22T03:52:09.017Z","TimeCreated":"2020-10-22T03:52:09.017Z","SubjectLogonId":"0x3e7","SubjectDomainName":"WORKGROUP","ProviderGuid":"{54849625-5478-4994-a5ba-3e3b0328c30d}","TargetLogonId":"0x3e7","EventIdx":"1","SubjectUserSid":"S-1-5-18","Level":"0","Channel":"Security","Task":"12554","SourceName":"Microsoft-Windows-Security-Auditing","Hostname":"WORKSTATION5","GroupMembership":"\n\t\t%{S-1-5-32-544}\n\t\t%{S-1-1-0}\n\t\t%{S-1-5-11}\n\t\t%{S-1-16-16384}","TargetDomainName":"NT AUTHORITY","LogonType":"5","TargetUserName":"SYSTEM","TargetUserSid":"S-1-5-18","EventID":4627,"Keywords":"0x8020000000000000","SubjectUserName":"WORKSTATION5$","EventCountTotal":"1","Message":"Group membership information.\r\n\r\nSubject:\r\n\tSecurity ID:\t\tS-1-5-18\r\n\tAccount Name:\t\tWORKSTATION5$\r\n\tAccount Domain:\t\tWORKGROUP\r\n\tLogon ID:\t\t0x3E7\r\n\r\nLogon Type:\t\t\t5\r\n\r\nNew Logon:\r\n\tSecurity ID:\t\tS-1-5-18\r\n\tAccount Name:\t\tSYSTEM\r\n\tAccount Domain:\t\tNT AUTHORITY\r\n\tLogon ID:\t\t0x3E7\r\n\r\nEvent in sequence:\t\t1 of 1\r\n\r\nGroup Membership:\t\t\t\r\n\t\t%{S-1-5-32-544}\r\n\t\t%{S-1-1-0}\r\n\t\t%{S-1-5-11}\r\n\t\t%{S-1-16-16384}\r\n\r\nThe subject fields indicate the account on the local system which requested the logon. This is most commonly a service such as the Server service, or a local process such as Winlogon.exe or Services.exe.\r\n\r\nThe logon type field indicates the kind of logon that occurred. The most common types are 2 (interactive) and 3 (network).\r\n\r\nThe New Logon fields indicate the account for whom the new logon was created, i.e. the account that was logged on.\r\n\r\nThis event is generated when the Audit Group Membership subcategory is configured.  The Logon ID field can be used to correlate this event with the corresponding user logon event as well as to any other security audit events generated during this logon session."}
{"@timestamp":"2020-10-22T03:52:09.017Z","TimeCreated":"2020-10-22T03:52:09.017Z","SubjectLogonId":"0x3e7","SubjectDomainName":"NT AUTHORITY","ProviderGuid":"{54849625-5478-4994-a5ba-3e3b0328c30d}","SubjectUserSid":"S-1-5-18","Level":"0","Channel":"Security","Task":"12548","SourceName":"Microsoft-Windows-Security-Auditing","Hostname":"WORKSTATION5","PrivilegeList":"SeAssignPrimaryTokenPrivilege\n\t\t\tSeTcbPrivilege\n\t\t\tSeSecurityPrivilege\n\t\t\tSeTakeOwnershipPrivilege\n\t\t\tSeLoadDriverPrivilege\n\t\t\tSeBackupPrivilege\n\t\t\tSeRestorePrivilege\n\t\t\tSeDebugPrivilege\n\t\t\tSeAuditPrivilege\n\t\t\tSeSystemEnvironmentPrivilege\n\t\t\tSeImpersonatePrivilege\n\t\t\tSeDelegateSessionUserImpersonatePrivilege","EventID":4672,"Keywords":"0x8020000000000000","SubjectUserName":"SYSTEM","Message":"Special privileges assigned to new logon.\r\n\r\nSubject:\r\n\tSecurity ID:\t\tS-1-5-18\r\n\tAccount Name:\t\tSYSTEM\r\n\tAccount Domain:\t\tNT AUTHORITY\r\n\tLogon ID:\t\t0x3E7\r\n\r\nPrivileges:\t\tSeAssignPrimaryTokenPrivilege\r\n\t\t\tSeTcbPrivilege\r\n\t\t\tSeSecurityPrivilege\r\n\t\t\tSeTakeOwnershipPrivilege\r\n\t\t\tSeLoadDriverPrivilege\r\n\t\t\tSeBackupPrivilege\r\n\t\t\tSeRestorePrivilege\r\n\t\t\tSeDebugPrivilege\r\n\t\t\tSeAuditPrivilege\r\n\t\t\tSeSystemEnvironmentPrivilege\r\n\t\t\tSeImpersonatePrivilege\r\n\t\t\tSeDelegateSessionUserImpersonatePrivilege"}
{"@timestamp":"2020-10-22T03:52:09.017Z","TimeCreated":"2020-10-22T03:52:09.017Z","SubjectLogonId":"0x3e7","SubjectDomainName":"WORKGROUP","ProviderGuid":"{54849625-5478-4994-a5ba-3e3b0328c30d}","NewSd":"D:(A;;GA;;;SY)(A;;RC;;;OW)(A;;GA;;;S-1-5-80-3369530244-1263555520-1552818992-544823788-1590281562)","ObjectServer":"Security","HandleId":"0xbac","ObjectType":"Token","SubjectUserSid":"S-1-5-18","Level":"0","Channel":"Security","Task":"13570","ObjectName":"-","SourceName":"Microsoft-Windows-Security-Auditing","Hostname":"WORKSTATION5","ProcessName":"C:\\Windows\\System32\\services.exe","ProcessId":"0x2cc","OldSd":"D:(A;;GA;;;SY)(A;;RCGXGR;;;BA)","EventID":4670,"Keywords":"0x8020000000000000","SubjectUserName":"WORKSTATION5$","Message":"Permissions on an object were changed.\r\n\r\nSubject:\r\n\tSecurity ID:\t\tS-1-5-18\r\n\tAccount Name:\t\tWORKSTATION5$\r\n\tAccount Domain:\t\tWORKGROUP\r\n\tLogon ID:\t\t0x3E7\r\n\r\nObject:\r\n\tObject Server:\tSecurity\r\n\tObject Type:\tToken\r\n\tObject Name:\t-\r\n\tHandle ID:\t0xbac\r\n\r\nProcess:\r\n\tProcess ID:\t0x2cc\r\n\tProcess Name:\tC:\\Windows\\System32\\services.exe\r\n\r\nPermissions Change:\r\n\tOriginal Security Descriptor:\tD:(A;;GA;;;SY)(A;;RCGXGR;;;BA)\r\n\tNew Security Descriptor:\tD:(A;;GA;;;SY)(A;;RC;;;OW)(A;;GA;;;S-1-5-80-3369530244-1263555520-1552818992-544823788-1590281562)"}
{"@timestamp":"2020-10-22T03:52:09.017Z","TimeCreated":"2020-10-22T03:52:09.017Z","SubjectLogonId":"0x3e7","SubjectDomainName":"WORKGROUP","ProviderGuid":"{54849625-5478-4994-a5ba-3e3b0328c30d}","SubjectUserSid":"S-1-5-18","SourceHandleId":"0x540","Level":"0","Channel":"Security","Task":"12807","TargetHandleId":"0x17d4","SourceName":"Microsoft-Windows-Security-Auditing","Hostname":"WORKSTATION5","SourceProcessId":"0x2cc","EventID":4690,"Keywords":"0x8020000000000000","TargetProcessId":"0x4","SubjectUserName":"WORKSTATION5$","Message":"An attempt was made to duplicate a handle to an object.\r\n\r\nSubject:\r\n\tSecurity ID:\t\tS-1-5-18\r\n\tAccount Name:\t\tWORKSTATION5$\r\n\tAccount Domain:\t\tWORKGROUP\r\n\tLogon ID:\t\t0x3E7\r\n\r\nSource Handle Information:\r\n\tSource Handle ID:\t0x540\r\n\tSource Process ID:\t0x2cc\r\n\r\nNew Handle Information:\r\n\tTarget Handle ID:\t0x17d4\r\n\tTarget Process ID:\t0x4"}
{"@timestamp":"2020-10-22T03:52:09.017Z","TimeCreated":"2020-10-22T03:52:09.017Z","SubjectLogonId":"0x3e7","SubjectDomainName":"WORKGROUP","ProviderGuid":"{54849625-5478-4994-a5ba-3e3b0328c30d}","ObjectServer":"Security","HandleId":"0x17d4","SubjectUserSid":"S-1-5-18","Level":"0","Channel":"Security","Task":"12801","SourceName":"Microsoft-Windows-Security-Auditing","Hostname":"WORKSTATION5","ProcessName":"C:\\Windows\\System32\\services.exe","ProcessId":"0x2cc","EventID":4658,"Keywords":"0x8020000000000000","SubjectUserName":"WORKSTATION5$","Message":"The handle to an object was closed.\r\n\r\nSubject :\r\n\tSecurity ID:\t\tS-1-5-18\r\n\tAccount Name:\t\tWORKSTATION5$\r\n\tAccount Domain:\t\tWORKGROUP\r\n\tLogon ID:\t\t0x3E7\r\n\r\nObject:\r\n\tObject Server:\t\tSecurity\r\n\tHandle ID:\t\t0x17d4\r\n\r\nProcess Information:\r\n\tProcess ID:\t\t0x2cc\r\n\tProcess Name:\t\tC:\\Windows\\System32\\services.exe"}
{"Keywords":"0x8020000000000000","Task":"12801","ObjectServer":"Security","TimeCreated":"2020-10-22T03:52:09.017Z","RestrictedSidCount":"0","SubjectUserSid":"S-1-5-18","ObjectName":"\\REGISTRY\\MACHINE\\SYSTEM\\ControlSet001\\Control\\Session Manager\\Environment","SubjectLogonId":"0x3e7","ResourceAttributes":"-","PrivilegeList":"-","TransactionId":"{00000000-0000-0000-0000-000000000000}","AccessMask":"0x20019","SourceName":"Microsoft-Windows-Security-Auditing","SubjectDomainName":"WORKGROUP","ObjectType":"Key","ProcessName":"C:\\Windows\\System32\\services.exe","AccessReason":"-","ProcessId":"0x2cc","SubjectUserName":"WORKSTATION5$","AccessList":"%%1538\n\t\t\t\t%%4432\n\t\t\t\t%%4435\n\t\t\t\t%%4436\n\t\t\t\t","@timestamp":"2020-10-22T03:52:09.017Z","HandleId":"0x540","Hostname":"WORKSTATION5","Channel":"Security","Level":"0","EventID":4656,"ProviderGuid":"{54849625-5478-4994-a5ba-3e3b0328c30d}","Message":"A handle to an object was requested.\r\n\r\nSubject:\r\n\tSecurity ID:\t\tS-1-5-18\r\n\tAccount Name:\t\tWORKSTATION5$\r\n\tAccount Domain:\t\tWORKGROUP\r\n\tLogon ID:\t\t0x3E7\r\n\r\nObject:\r\n\tObject Server:\t\tSecurity\r\n\tObject Type:\t\tKey\r\n\tObject Name:\t\t\\REGISTRY\\MACHINE\\SYSTEM\\ControlSet001\\Control\\Session Manager\\Environment\r\n\tHandle ID:\t\t0x540\r\n\tResource Attributes:\t-\r\n\r\nProcess Information:\r\n\tProcess ID:\t\t0x2cc\r\n\tProcess Name:\t\tC:\\Windows\\System32\\services.exe\r\n\r\nAccess Request Information:\r\n\tTransaction ID:\t\t{00000000-0000-0000-0000-000000000000}\r\n\tAccesses:\t\tREAD_CONTROL\r\n\t\t\t\tQuery key value\r\n\t\t\t\tEnumerate sub-keys\r\n\t\t\t\tNotify about changes to keys\r\n\t\t\t\t\r\n\tAccess Reasons:\t\t-\r\n\tAccess Mask:\t\t0x20019\r\n\tPrivileges Used for Access Check:\t-\r\n\tRestricted SID Count:\t0"}
{"@timestamp":"2020-10-22T03:52:09.017Z","TimeCreated":"2020-10-22T03:52:09.017Z","SubjectLogonId":"0x3e7","ResourceAttributes":"-","SubjectDomainName":"WORKGROUP","ProviderGuid":"{54849625-5478-4994-a5ba-3e3b0328c30d}","AccessList":"%%4432\n\t\t\t\t","ObjectServer":"Security","HandleId":"0x540","ObjectType":"Key","SubjectUserSid":"S-1-5-18","Level":"0","Channel":"Security","Task":"12801","ObjectName":"\\REGISTRY\\MACHINE\\SYSTEM\\ControlSet001\\Control\\Session Manager\\Environment","AccessMask":"0x1","SourceName":"Microsoft-Windows-Security-Auditing","Hostname":"WORKSTATION5","ProcessName":"C:\\Windows\\System32\\services.exe","ProcessId":"0x2cc","EventID":4663,"Keywords":"0x8020000000000000","SubjectUserName":"WORKSTATION5$","Message":"An attempt was made to access an object.\r\n\r\nSubject:\r\n\tSecurity ID:\t\tS-1-5-18\r\n\tAccount Name:\t\tWORKSTATION5$\r\n\tAccount Domain:\t\tWORKGROUP\r\n\tLogon ID:\t\t0x3E7\r\n\r\nObject:\r\n\tObject Server:\t\tSecurity\r\n\tObject Type:\t\tKey\r\n\tObject Name:\t\t\\REGISTRY\\MACHINE\\SYSTEM\\ControlSet001\\Control\\Session Manager\\Environment\r\n\tHandle ID:\t\t0x540\r\n\tResource Attributes:\t-\r\n\r\nProcess Information:\r\n\tProcess ID:\t\t0x2cc\r\n\tProcess Name:\t\tC:\\Windows\\System32\\services.exe\r\n\r\nAccess Request Information:\r\n\tAccesses:\t\tQuery key value\r\n\t\t\t\t\r\n\tAccess Mask:\t\t0x1"}
{"@timestamp":"2020-10-22T03:52:09.018Z","TimeCreated":"2020-10-22T03:52:09.018Z","SubjectLogonId":"0x3e7","SubjectDomainName":"WORKGROUP","ProviderGuid":"{54849625-5478-4994-a5ba-3e3b0328c30d}","ObjectServer":"Security","HandleId":"0x540","SubjectUserSid":"S-1-5-18","Level":"0","Channel":"Security","Task":"12801","SourceName":"Microsoft-Windows-Security-Auditing","Hostname":"WORKSTATION5","ProcessName":"C:\\Windows\\System32\\services.exe","ProcessId":"0x2cc","EventID":4658,"Keywords":"0x8020000000000000","SubjectUserName":"WORKSTATION5$","Message":"The handle to an object was closed.\r\n\r\nSubject :\r\n\tSecurity ID:\t\tS-1-5-18\r\n\tAccount Name:\t\tWORKSTATION5$\r\n\tAccount Domain:\t\tWORKGROUP\r\n\tLogon ID:\t\t0x3E7\r\n\r\nObject:\r\n\tObject Server:\t\tSecurity\r\n\tHandle ID:\t\t0x540\r\n\r\nProcess Information:\r\n\tProcess ID:\t\t0x2cc\r\n\tProcess Name:\t\tC:\\Windows\\System32\\services.exe"}
{"@timestamp":"2020-10-22T03:52:09.019Z","TimeCreated":"2020-10-22T03:52:09.019Z","CommandLine":"C:\\windows\\system32\\svchost.exe -k appmodel -p -s camsvc","SubjectLogonId":"0x3e7","NewProcessId":"0x1a74","SubjectDomainName":"WORKGROUP","ProviderGuid":"{54849625-5478-4994-a5ba-3e3b0328c30d}","TargetLogonId":"0x0","TokenElevationType":"%%1936","SubjectUserSid":"S-1-5-18","NewProcessName":"C:\\Windows\\System32\\svchost.exe","Level":"0","Channel":"Security","Task":"13312","SourceName":"Microsoft-Windows-Security-Auditing","Hostname":"WORKSTATION5","TargetDomainName":"-","ProcessId":"0x2cc","TargetUserName":"-","ParentProcessName":"C:\\Windows\\System32\\services.exe","TargetUserSid":"S-1-0-0","EventID":4688,"Keywords":"0x8020000000000000","SubjectUserName":"WORKSTATION5$","MandatoryLabel":"S-1-16-16384","Message":"A new process has been created.\r\n\r\nCreator Subject:\r\n\tSecurity ID:\t\tS-1-5-18\r\n\tAccount Name:\t\tWORKSTATION5$\r\n\tAccount Domain:\t\tWORKGROUP\r\n\tLogon ID:\t\t0x3E7\r\n\r\nTarget Subject:\r\n\tSecurity ID:\t\tS-1-0-0\r\n\tAccount Name:\t\t-\r\n\tAccount Domain:\t\t-\r\n\tLogon ID:\t\t0x0\r\n\r\nProcess Information:\r\n\tNew Process ID:\t\t0x1a74\r\n\tNew Process Name:\tC:\\Windows\\System32\\svchost.exe\r\n\tToken Elevation Type:\t%%1936\r\n\tMandatory Label:\t\tS-1-16-16384\r\n\tCreator Process ID:\t0x2cc\r\n\tCreator Process Name:\tC:\\Windows\\System32\\services.exe\r\n\tProcess Command Line:\tC:\\windows\\system32\\svchost.exe -k appmodel -p -s camsvc\r\n\r\nToken Elevation Type indicates the type of token that was assigned to the new process in accordance with User Account Control policy.\r\n\r\nType 1 is a full token with no privileges removed or groups disabled.  A full token is only used if User Account Control is disabled or if the user is the built-in Administrator account or a service account.\r\n\r\nType 2 is an elevated token with no privileges removed or groups disabled.  An elevated token is used when User Account Control is enabled and the user chooses to start the program using Run as administrator.  An elevated token is also used when an application is configured to always require administrative privilege or to always require maximum privilege, and the user is a member of the Administrators group.\r\n\r\nType 3 is a limited token with administrative privileges removed and administrative groups disabled.  The limited token is used when User Account Control is enabled, the application does not require administrative privilege, and the user does not choose to start the program using Run as administrator."}
{"@timestamp":"2020-10-22T03:52:09.048Z","TimeCreated":"2020-10-22T03:52:09.048Z","SubjectLogonId":"0x3e7","SubjectDomainName":"WORKGROUP","ProviderGuid":"{54849625-5478-4994-a5ba-3e3b0328c30d}","SubjectUserSid":"S-1-5-18","SourceHandleId":"0x90","Level":"0","Channel":"Security","Task":"12807","TargetHandleId":"0x4548","SourceName":"Microsoft-Windows-Security-Auditing","Hostname":"WORKSTATION5","SourceProcessId":"0x1a74","EventID":4690,"Keywords":"0x8020000000000000","TargetProcessId":"0x4","SubjectUserName":"WORKSTATION5$","Message":"An attempt was made to duplicate a handle to an object.\r\n\r\nSubject:\r\n\tSecurity ID:\t\tS-1-5-18\r\n\tAccount Name:\t\tWORKSTATION5$\r\n\tAccount Domain:\t\tWORKGROUP\r\n\tLogon ID:\t\t0x3E7\r\n\r\nSource Handle Information:\r\n\tSource Handle ID:\t0x90\r\n\tSource Process ID:\t0x1a74\r\n\r\nNew Handle Information:\r\n\tTarget Handle ID:\t0x4548\r\n\tTarget Process ID:\t0x4"}
{"@timestamp":"2020-10-22T03:52:09.048Z","TimeCreated":"2020-10-22T03:52:09.048Z","SubjectLogonId":"0x3e7","SubjectDomainName":"WORKGROUP","ProviderGuid":"{54849625-5478-4994-a5ba-3e3b0328c30d}","ObjectServer":"Security","HandleId":"0x4548","SubjectUserSid":"S-1-5-18","Level":"0","Channel":"Security","Task":"12801","SourceName":"Microsoft-Windows-Security-Auditing","Hostname":"WORKSTATION5","ProcessName":"C:\\Windows\\System32\\svchost.exe","ProcessId":"0x1a74","EventID":4658,"Keywords":"0x8020000000000000","SubjectUserName":"WORKSTATION5$","Message":"The handle to an object was closed.\r\n\r\nSubject :\r\n\tSecurity ID:\t\tS-1-5-18\r\n\tAccount Name:\t\tWORKSTATION5$\r\n\tAccount Domain:\t\tWORKGROUP\r\n\tLogon ID:\t\t0x3E7\r\n\r\nObject:\r\n\tObject Server:\t\tSecurity\r\n\tHandle ID:\t\t0x4548\r\n\r\nProcess Information:\r\n\tProcess ID:\t\t0x1a74\r\n\tProcess Name:\t\tC:\\Windows\\System32\\svchost.exe"}
{"Keywords":"0x8020000000000000","Task":"12801","ObjectServer":"Security","TimeCreated":"2020-10-22T03:52:09.048Z","RestrictedSidCount":"0","SubjectUserSid":"S-1-5-18","ObjectName":"\\REGISTRY\\MACHINE\\SYSTEM\\ControlSet001\\Control\\Lsa","SubjectLogonId":"0x3e7","ResourceAttributes":"-","PrivilegeList":"-","TransactionId":"{00000000-0000-0000-0000-000000000000}","AccessMask":"0x1","SourceName":"Microsoft-Windows-Security-Auditing","SubjectDomainName":"WORKGROUP","ObjectType":"Key","ProcessName":"C:\\Windows\\System32\\svchost.exe","AccessReason":"-","ProcessId":"0x1a74","SubjectUserName":"WORKSTATION5$","AccessList":"%%4432\n\t\t\t\t","@timestamp":"2020-10-22T03:52:09.048Z","HandleId":"0x90","Hostname":"WORKSTATION5","Channel":"Security","Level":"0","EventID":4656,"ProviderGuid":"{54849625-5478-4994-a5ba-3e3b0328c30d}","Message":"A handle to an object was requested.\r\n\r\nSubject:\r\n\tSecurity ID:\t\tS-1-5-18\r\n\tAccount Name:\t\tWORKSTATION5$\r\n\tAccount Domain:\t\tWORKGROUP\r\n\tLogon ID:\t\t0x3E7\r\n\r\nObject:\r\n\tObject Server:\t\tSecurity\r\n\tObject Type:\t\tKey\r\n\tObject Name:\t\t\\REGISTRY\\MACHINE\\SYSTEM\\ControlSet001\\Control\\Lsa\r\n\tHandle ID:\t\t0x90\r\n\tResource Attributes:\t-\r\n\r\nProcess Information:\r\n\tProcess ID:\t\t0x1a74\r\n\tProcess Name:\t\tC:\\Windows\\System32\\svchost.exe\r\n\r\nAccess Request Information:\r\n\tTransaction ID:\t\t{00000000-0000-0000-0000-000000000000}\r\n\tAccesses:\t\tQuery key value\r\n\t\t\t\t\r\n\tAccess Reasons:\t\t-\r\n\tAccess Mask:\t\t0x1\r\n\tPrivileges Used for Access Check:\t-\r\n\tRestricted SID Count:\t0"}
{"@timestamp":"2020-10-22T03:52:09.048Z","TimeCreated":"2020-10-22T03:52:09.048Z","SubjectLogonId":"0x3e7","ResourceAttributes":"-","SubjectDomainName":"WORKGROUP","ProviderGuid":"{54849625-5478-4994-a5ba-3e3b0328c30d}","AccessList":"%%4432\n\t\t\t\t","ObjectServer":"Security","HandleId":"0x90","ObjectType":"Key","SubjectUserSid":"S-1-5-18","Level":"0","Channel":"Security","Task":"12801","ObjectName":"\\REGISTRY\\MACHINE\\SYSTEM\\ControlSet001\\Control\\Lsa","AccessMask":"0x1","SourceName":"Microsoft-Windows-Security-Auditing","Hostname":"WORKSTATION5","ProcessName":"C:\\Windows\\System32\\svchost.exe","ProcessId":"0x1a74","EventID":4663,"Keywords":"0x8020000000000000","SubjectUserName":"WORKSTATION5$","Message":"An attempt was made to access an object.\r\n\r\nSubject:\r\n\tSecurity ID:\t\tS-1-5-18\r\n\tAccount Name:\t\tWORKSTATION5$\r\n\tAccount Domain:\t\tWORKGROUP\r\n\tLogon ID:\t\t0x3E7\r\n\r\nObject:\r\n\tObject Server:\t\tSecurity\r\n\tObject Type:\t\tKey\r\n\tObject Name:\t\t\\REGISTRY\\MACHINE\\SYSTEM\\ControlSet001\\Control\\Lsa\r\n\tHandle ID:\t\t0x90\r\n\tResource Attributes:\t-\r\n\r\nProcess Information:\r\n\tProcess ID:\t\t0x1a74\r\n\tProcess Name:\t\tC:\\Windows\\System32\\svchost.exe\r\n\r\nAccess Request Information:\r\n\tAccesses:\t\tQuery key value\r\n\t\t\t\t\r\n\tAccess Mask:\t\t0x1"}
{"@timestamp":"2020-10-22T03:52:09.048Z","TimeCreated":"2020-10-22T03:52:09.048Z","SubjectLogonId":"0x3e7","SubjectDomainName":"WORKGROUP","ProviderGuid":"{54849625-5478-4994-a5ba-3e3b0328c30d}","ObjectServer":"Security","HandleId":"0x90","SubjectUserSid":"S-1-5-18","Level":"0","Channel":"Security","Task":"12801","SourceName":"Microsoft-Windows-Security-Auditing","Hostname":"WORKSTATION5","ProcessName":"C:\\Windows\\System32\\svchost.exe","ProcessId":"0x1a74","EventID":4658,"Keywords":"0x8020000000000000","SubjectUserName":"WORKSTATION5$","Message":"The handle to an object was closed.\r\n\r\nSubject :\r\n\tSecurity ID:\t\tS-1-5-18\r\n\tAccount Name:\t\tWORKSTATION5$\r\n\tAccount Domain:\t\tWORKGROUP\r\n\tLogon ID:\t\t0x3E7\r\n\r\nObject:\r\n\tObject Server:\t\tSecurity\r\n\tHandle ID:\t\t0x90\r\n\r\nProcess Information:\r\n\tProcess ID:\t\t0x1a74\r\n\tProcess Name:\t\tC:\\Windows\\System32\\svchost.exe"}
{"@timestamp":"2020-10-22T03:52:09.219Z","TimeCreated":"2020-10-22T03:52:09.219Z","SubjectLogonId":"0x3e7","SubjectDomainName":"WORKGROUP","ProviderGuid":"{54849625-5478-4994-a5ba-3e3b0328c30d}","SubjectUserSid":"S-1-5-18","SourceHandleId":"0x17f0","Level":"0","Channel":"Security","Task":"12807","TargetHandleId":"0x3204","SourceName":"Microsoft-Windows-Security-Auditing","Hostname":"WORKSTATION5","SourceProcessId":"0x3b0","EventID":4690,"Keywords":"0x8020000000000000","TargetProcessId":"0x4","SubjectUserName":"WORKSTATION5$","Message":"An attempt was made to duplicate a handle to an object.\r\n\r\nSubject:\r\n\tSecurity ID:\t\tS-1-5-18\r\n\tAccount Name:\t\tWORKSTATION5$\r\n\tAccount Domain:\t\tWORKGROUP\r\n\tLogon ID:\t\t0x3E7\r\n\r\nSource Handle Information:\r\n\tSource Handle ID:\t0x17f0\r\n\tSource Process ID:\t0x3b0\r\n\r\nNew Handle Information:\r\n\tTarget Handle ID:\t0x3204\r\n\tTarget Process ID:\t0x4"}
{"@timestamp":"2020-10-22T03:52:09.219Z","TimeCreated":"2020-10-22T03:52:09.219Z","SubjectLogonId":"0x3e7","SubjectDomainName":"WORKGROUP","ProviderGuid":"{54849625-5478-4994-a5ba-3e3b0328c30d}","ObjectServer":"Security","HandleId":"0x3204","SubjectUserSid":"S-1-5-18","Level":"0","Channel":"Security","Task":"12801","SourceName":"Microsoft-Windows-Security-Auditing","Hostname":"WORKSTATION5","ProcessName":"C:\\Windows\\System32\\svchost.exe","ProcessId":"0x3b0","EventID":4658,"Keywords":"0x8020000000000000","SubjectUserName":"WORKSTATION5$","Message":"The handle to an object was closed.\r\n\r\nSubject :\r\n\tSecurity ID:\t\tS-1-5-18\r\n\tAccount Name:\t\tWORKSTATION5$\r\n\tAccount Domain:\t\tWORKGROUP\r\n\tLogon ID:\t\t0x3E7\r\n\r\nObject:\r\n\tObject Server:\t\tSecurity\r\n\tHandle ID:\t\t0x3204\r\n\r\nProcess Information:\r\n\tProcess ID:\t\t0x3b0\r\n\tProcess Name:\t\tC:\\Windows\\System32\\svchost.exe"}
{"Keywords":"0x8020000000000000","Task":"12801","ObjectServer":"Security","TimeCreated":"2020-10-22T03:52:09.219Z","RestrictedSidCount":"0","SubjectUserSid":"S-1-5-18","ObjectName":"\\REGISTRY\\MACHINE\\SYSTEM\\ControlSet001\\Control\\Session Manager\\Environment","SubjectLogonId":"0x3e7","ResourceAttributes":"-","PrivilegeList":"-","TransactionId":"{00000000-0000-0000-0000-000000000000}","AccessMask":"0x20019","SourceName":"Microsoft-Windows-Security-Auditing","SubjectDomainName":"WORKGROUP","ObjectType":"Key","ProcessName":"C:\\Windows\\System32\\svchost.exe","AccessReason":"-","ProcessId":"0x3b0","SubjectUserName":"WORKSTATION5$","AccessList":"%%1538\n\t\t\t\t%%4432\n\t\t\t\t%%4435\n\t\t\t\t%%4436\n\t\t\t\t","@timestamp":"2020-10-22T03:52:09.219Z","HandleId":"0x17f0","Hostname":"WORKSTATION5","Channel":"Security","Level":"0","EventID":4656,"ProviderGuid":"{54849625-5478-4994-a5ba-3e3b0328c30d}","Message":"A handle to an object was requested.\r\n\r\nSubject:\r\n\tSecurity ID:\t\tS-1-5-18\r\n\tAccount Name:\t\tWORKSTATION5$\r\n\tAccount Domain:\t\tWORKGROUP\r\n\tLogon ID:\t\t0x3E7\r\n\r\nObject:\r\n\tObject Server:\t\tSecurity\r\n\tObject Type:\t\tKey\r\n\tObject Name:\t\t\\REGISTRY\\MACHINE\\SYSTEM\\ControlSet001\\Control\\Session Manager\\Environment\r\n\tHandle ID:\t\t0x17f0\r\n\tResource Attributes:\t-\r\n\r\nProcess Information:\r\n\tProcess ID:\t\t0x3b0\r\n\tProcess Name:\t\tC:\\Windows\\System32\\svchost.exe\r\n\r\nAccess Request Information:\r\n\tTransaction ID:\t\t{00000000-0000-0000-0000-000000000000}\r\n\tAccesses:\t\tREAD_CONTROL\r\n\t\t\t\tQuery key value\r\n\t\t\t\tEnumerate sub-keys\r\n\t\t\t\tNotify about changes to keys\r\n\t\t\t\t\r\n\tAccess Reasons:\t\t-\r\n\tAccess Mask:\t\t0x20019\r\n\tPrivileges Used for Access Check:\t-\r\n\tRestricted SID Count:\t0"}
{"@timestamp":"2020-10-22T03:52:09.219Z","TimeCreated":"2020-10-22T03:52:09.219Z","SubjectLogonId":"0x3e7","ResourceAttributes":"-","SubjectDomainName":"WORKGROUP","ProviderGuid":"{54849625-5478-4994-a5ba-3e3b0328c30d}","AccessList":"%%4432\n\t\t\t\t","ObjectServer":"Security","HandleId":"0x17f0","ObjectType":"Key","SubjectUserSid":"S-1-5-18","Level":"0","Channel":"Security","Task":"12801","ObjectName":"\\REGISTRY\\MACHINE\\SYSTEM\\ControlSet001\\Control\\Session Manager\\Environment","AccessMask":"0x1","SourceName":"Microsoft-Windows-Security-Auditing","Hostname":"WORKSTATION5","ProcessName":"C:\\Windows\\System32\\svchost.exe","ProcessId":"0x3b0","EventID":4663,"Keywords":"0x8020000000000000","SubjectUserName":"WORKSTATION5$","Message":"An attempt was made to access an object.\r\n\r\nSubject:\r\n\tSecurity ID:\t\tS-1-5-18\r\n\tAccount Name:\t\tWORKSTATION5$\r\n\tAccount Domain:\t\tWORKGROUP\r\n\tLogon ID:\t\t0x3E7\r\n\r\nObject:\r\n\tObject Server:\t\tSecurity\r\n\tObject Type:\t\tKey\r\n\tObject Name:\t\t\\REGISTRY\\MACHINE\\SYSTEM\\ControlSet001\\Control\\Session Manager\\Environment\r\n\tHandle ID:\t\t0x17f0\r\n\tResource Attributes:\t-\r\n\r\nProcess Information:\r\n\tProcess ID:\t\t0x3b0\r\n\tProcess Name:\t\tC:\\Windows\\System32\\svchost.exe\r\n\r\nAccess Request Information:\r\n\tAccesses:\t\tQuery key value\r\n\t\t\t\t\r\n\tAccess Mask:\t\t0x1"}
{"@timestamp":"2020-10-22T03:52:09.219Z","TimeCreated":"2020-10-22T03:52:09.219Z","SubjectLogonId":"0x3e7","SubjectDomainName":"WORKGROUP","ProviderGuid":"{54849625-5478-4994-a5ba-3e3b0328c30d}","ObjectServer":"Security","HandleId":"0x17f0","SubjectUserSid":"S-1-5-18","Level":"0","Channel":"Security","Task":"12801","SourceName":"Microsoft-Windows-Security-Auditing","Hostname":"WORKSTATION5","ProcessName":"C:\\Windows\\System32\\svchost.exe","ProcessId":"0x3b0","EventID":4658,"Keywords":"0x8020000000000000","SubjectUserName":"WORKSTATION5$","Message":"The handle to an object was closed.\r\n\r\nSubject :\r\n\tSecurity ID:\t\tS-1-5-18\r\n\tAccount Name:\t\tWORKSTATION5$\r\n\tAccount Domain:\t\tWORKGROUP\r\n\tLogon ID:\t\t0x3E7\r\n\r\nObject:\r\n\tObject Server:\t\tSecurity\r\n\tHandle ID:\t\t0x17f0\r\n\r\nProcess Information:\r\n\tProcess ID:\t\t0x3b0\r\n\tProcess Name:\t\tC:\\Windows\\System32\\svchost.exe"}
{"@timestamp":"2020-10-22T03:52:09.221Z","TimeCreated":"2020-10-22T03:52:09.221Z","CommandLine":"C:\\Windows\\System32\\RuntimeBroker.exe -Embedding","SubjectLogonId":"0x3e7","NewProcessId":"0x17c0","SubjectDomainName":"WORKGROUP","ProviderGuid":"{54849625-5478-4994-a5ba-3e3b0328c30d}","TargetLogonId":"0xc61d9","TokenElevationType":"%%1936","SubjectUserSid":"S-1-5-18","NewProcessName":"C:\\Windows\\System32\\RuntimeBroker.exe","Level":"0","Channel":"Security","Task":"13312","SourceName":"Microsoft-Windows-Security-Auditing","Hostname":"WORKSTATION5","TargetDomainName":"WORKSTATION5","ProcessId":"0x3b0","TargetUserName":"wardog","ParentProcessName":"C:\\Windows\\System32\\svchost.exe","TargetUserSid":"S-1-0-0","EventID":4688,"Keywords":"0x8020000000000000","SubjectUserName":"WORKSTATION5$","MandatoryLabel":"S-1-16-12288","Message":"A new process has been created.\r\n\r\nCreator Subject:\r\n\tSecurity ID:\t\tS-1-5-18\r\n\tAccount Name:\t\tWORKSTATION5$\r\n\tAccount Domain:\t\tWORKGROUP\r\n\tLogon ID:\t\t0x3E7\r\n\r\nTarget Subject:\r\n\tSecurity ID:\t\tS-1-0-0\r\n\tAccount Name:\t\twardog\r\n\tAccount Domain:\t\tWORKSTATION5\r\n\tLogon ID:\t\t0xC61D9\r\n\r\nProcess Information:\r\n\tNew Process ID:\t\t0x17c0\r\n\tNew Process Name:\tC:\\Windows\\System32\\RuntimeBroker.exe\r\n\tToken Elevation Type:\t%%1936\r\n\tMandatory Label:\t\tS-1-16-12288\r\n\tCreator Process ID:\t0x3b0\r\n\tCreator Process Name:\tC:\\Windows\\System32\\svchost.exe\r\n\tProcess Command Line:\tC:\\Windows\\System32\\RuntimeBroker.exe -Embedding\r\n\r\nToken Elevation Type indicates the type of token that was assigned to the new process in accordance with User Account Control policy.\r\n\r\nType 1 is a full token with no privileges removed or groups disabled.  A full token is only used if User Account Control is disabled or if the user is the built-in Administrator account or a service account.\r\n\r\nType 2 is an elevated token with no privileges removed or groups disabled.  An elevated token is used when User Account Control is enabled and the user chooses to start the program using Run as administrator.  An elevated token is also used when an application is configured to always require administrative privilege or to always require maximum privilege, and the user is a member of the Administrators group.\r\n\r\nType 3 is a limited token with administrative privileges removed and administrative groups disabled.  The limited token is used when User Account Control is enabled, the application does not require administrative privilege, and the user does not choose to start the program using Run as administrator."}
{"@timestamp":"2020-10-22T03:52:09.253Z","TimeCreated":"2020-10-22T03:52:09.253Z","SubjectLogonId":"0xc61d9","SubjectDomainName":"WORKSTATION5","ProviderGuid":"{54849625-5478-4994-a5ba-3e3b0328c30d}","SubjectUserSid":"S-1-5-21-3940915590-64593676-1414006259-500","SourceHandleId":"0x90","Level":"0","Channel":"Security","Task":"12807","TargetHandleId":"0x3668","SourceName":"Microsoft-Windows-Security-Auditing","Hostname":"WORKSTATION5","SourceProcessId":"0x17c0","EventID":4690,"Keywords":"0x8020000000000000","TargetProcessId":"0x4","SubjectUserName":"wardog","Message":"An attempt was made to duplicate a handle to an object.\r\n\r\nSubject:\r\n\tSecurity ID:\t\tS-1-5-21-3940915590-64593676-1414006259-500\r\n\tAccount Name:\t\twardog\r\n\tAccount Domain:\t\tWORKSTATION5\r\n\tLogon ID:\t\t0xC61D9\r\n\r\nSource Handle Information:\r\n\tSource Handle ID:\t0x90\r\n\tSource Process ID:\t0x17c0\r\n\r\nNew Handle Information:\r\n\tTarget Handle ID:\t0x3668\r\n\tTarget Process ID:\t0x4"}
{"@timestamp":"2020-10-22T03:52:09.253Z","TimeCreated":"2020-10-22T03:52:09.253Z","SubjectLogonId":"0xc61d9","SubjectDomainName":"WORKSTATION5","ProviderGuid":"{54849625-5478-4994-a5ba-3e3b0328c30d}","ObjectServer":"Security","HandleId":"0x3668","SubjectUserSid":"S-1-5-21-3940915590-64593676-1414006259-500","Level":"0","Channel":"Security","Task":"12801","SourceName":"Microsoft-Windows-Security-Auditing","Hostname":"WORKSTATION5","ProcessName":"C:\\Windows\\System32\\RuntimeBroker.exe","ProcessId":"0x17c0","EventID":4658,"Keywords":"0x8020000000000000","SubjectUserName":"wardog","Message":"The handle to an object was closed.\r\n\r\nSubject :\r\n\tSecurity ID:\t\tS-1-5-21-3940915590-64593676-1414006259-500\r\n\tAccount Name:\t\twardog\r\n\tAccount Domain:\t\tWORKSTATION5\r\n\tLogon ID:\t\t0xC61D9\r\n\r\nObject:\r\n\tObject Server:\t\tSecurity\r\n\tHandle ID:\t\t0x3668\r\n\r\nProcess Information:\r\n\tProcess ID:\t\t0x17c0\r\n\tProcess Name:\t\tC:\\Windows\\System32\\RuntimeBroker.exe"}
{"Keywords":"0x8020000000000000","Task":"12801","ObjectServer":"Security","TimeCreated":"2020-10-22T03:52:09.253Z","RestrictedSidCount":"0","SubjectUserSid":"S-1-5-21-3940915590-64593676-1414006259-500","ObjectName":"\\REGISTRY\\MACHINE\\SYSTEM\\ControlSet001\\Control\\Lsa","SubjectLogonId":"0xc61d9","ResourceAttributes":"-","PrivilegeList":"-","TransactionId":"{00000000-0000-0000-0000-000000000000}","AccessMask":"0x1","SourceName":"Microsoft-Windows-Security-Auditing","SubjectDomainName":"WORKSTATION5","ObjectType":"Key","ProcessName":"C:\\Windows\\System32\\RuntimeBroker.exe","AccessReason":"-","ProcessId":"0x17c0","SubjectUserName":"wardog","AccessList":"%%4432\n\t\t\t\t","@timestamp":"2020-10-22T03:52:09.253Z","HandleId":"0x90","Hostname":"WORKSTATION5","Channel":"Security","Level":"0","EventID":4656,"ProviderGuid":"{54849625-5478-4994-a5ba-3e3b0328c30d}","Message":"A handle to an object was requested.\r\n\r\nSubject:\r\n\tSecurity ID:\t\tS-1-5-21-3940915590-64593676-1414006259-500\r\n\tAccount Name:\t\twardog\r\n\tAccount Domain:\t\tWORKSTATION5\r\n\tLogon ID:\t\t0xC61D9\r\n\r\nObject:\r\n\tObject Server:\t\tSecurity\r\n\tObject Type:\t\tKey\r\n\tObject Name:\t\t\\REGISTRY\\MACHINE\\SYSTEM\\ControlSet001\\Control\\Lsa\r\n\tHandle ID:\t\t0x90\r\n\tResource Attributes:\t-\r\n\r\nProcess Information:\r\n\tProcess ID:\t\t0x17c0\r\n\tProcess Name:\t\tC:\\Windows\\System32\\RuntimeBroker.exe\r\n\r\nAccess Request Information:\r\n\tTransaction ID:\t\t{00000000-0000-0000-0000-000000000000}\r\n\tAccesses:\t\tQuery key value\r\n\t\t\t\t\r\n\tAccess Reasons:\t\t-\r\n\tAccess Mask:\t\t0x1\r\n\tPrivileges Used for Access Check:\t-\r\n\tRestricted SID Count:\t0"}
{"@timestamp":"2020-10-22T03:52:09.253Z","TimeCreated":"2020-10-22T03:52:09.253Z","SubjectLogonId":"0xc61d9","ResourceAttributes":"-","SubjectDomainName":"WORKSTATION5","ProviderGuid":"{54849625-5478-4994-a5ba-3e3b0328c30d}","AccessList":"%%4432\n\t\t\t\t","ObjectServer":"Security","HandleId":"0x90","ObjectType":"Key","SubjectUserSid":"S-1-5-21-3940915590-64593676-1414006259-500","Level":"0","Channel":"Security","Task":"12801","ObjectName":"\\REGISTRY\\MACHINE\\SYSTEM\\ControlSet001\\Control\\Lsa","AccessMask":"0x1","SourceName":"Microsoft-Windows-Security-Auditing","Hostname":"WORKSTATION5","ProcessName":"C:\\Windows\\System32\\RuntimeBroker.exe","ProcessId":"0x17c0","EventID":4663,"Keywords":"0x8020000000000000","SubjectUserName":"wardog","Message":"An attempt was made to access an object.\r\n\r\nSubject:\r\n\tSecurity ID:\t\tS-1-5-21-3940915590-64593676-1414006259-500\r\n\tAccount Name:\t\twardog\r\n\tAccount Domain:\t\tWORKSTATION5\r\n\tLogon ID:\t\t0xC61D9\r\n\r\nObject:\r\n\tObject Server:\t\tSecurity\r\n\tObject Type:\t\tKey\r\n\tObject Name:\t\t\\REGISTRY\\MACHINE\\SYSTEM\\ControlSet001\\Control\\Lsa\r\n\tHandle ID:\t\t0x90\r\n\tResource Attributes:\t-\r\n\r\nProcess Information:\r\n\tProcess ID:\t\t0x17c0\r\n\tProcess Name:\t\tC:\\Windows\\System32\\RuntimeBroker.exe\r\n\r\nAccess Request Information:\r\n\tAccesses:\t\tQuery key value\r\n\t\t\t\t\r\n\tAccess Mask:\t\t0x1"}
{"@timestamp":"2020-10-22T03:52:09.253Z","TimeCreated":"2020-10-22T03:52:09.253Z","SubjectLogonId":"0xc61d9","SubjectDomainName":"WORKSTATION5","ProviderGuid":"{54849625-5478-4994-a5ba-3e3b0328c30d}","ObjectServer":"Security","HandleId":"0x90","SubjectUserSid":"S-1-5-21-3940915590-64593676-1414006259-500","Level":"0","Channel":"Security","Task":"12801","SourceName":"Microsoft-Windows-Security-Auditing","Hostname":"WORKSTATION5","ProcessName":"C:\\Windows\\System32\\RuntimeBroker.exe","ProcessId":"0x17c0","EventID":4658,"Keywords":"0x8020000000000000","SubjectUserName":"wardog","Message":"The handle to an object was closed.\r\n\r\nSubject :\r\n\tSecurity ID:\t\tS-1-5-21-3940915590-64593676-1414006259-500\r\n\tAccount Name:\t\twardog\r\n\tAccount Domain:\t\tWORKSTATION5\r\n\tLogon ID:\t\t0xC61D9\r\n\r\nObject:\r\n\tObject Server:\t\tSecurity\r\n\tHandle ID:\t\t0x90\r\n\r\nProcess Information:\r\n\tProcess ID:\t\t0x17c0\r\n\tProcess Name:\t\tC:\\Windows\\System32\\RuntimeBroker.exe"}
{"@timestamp":"2020-10-22T03:52:09.386Z","TimeCreated":"2020-10-22T03:52:09.386Z","SubjectLogonId":"0xc61d9","SubjectDomainName":"WORKSTATION5","ProviderGuid":"{54849625-5478-4994-a5ba-3e3b0328c30d}","ProcessName":"C:\\Windows\\System32\\RuntimeBroker.exe","ObjectServer":"Security","SubjectUserSid":"S-1-5-21-3940915590-64593676-1414006259-500","Level":"0","Channel":"Security","Task":"13056","Service":"-","SourceName":"Microsoft-Windows-Security-Auditing","Hostname":"WORKSTATION5","PrivilegeList":"SeTcbPrivilege","ProcessId":"0x17c0","EventID":4673,"Keywords":"0x8010000000000000","SubjectUserName":"wardog","Message":"A privileged service was called.\r\n\r\nSubject:\r\n\tSecurity ID:\t\tS-1-5-21-3940915590-64593676-1414006259-500\r\n\tAccount Name:\t\twardog\r\n\tAccount Domain:\t\tWORKSTATION5\r\n\tLogon ID:\t\t0xC61D9\r\n\r\nService:\r\n\tServer:\tSecurity\r\n\tService Name:\t-\r\n\r\nProcess:\r\n\tProcess ID:\t0x17c0\r\n\tProcess Name:\tC:\\Windows\\System32\\RuntimeBroker.exe\r\n\r\nService Request Information:\r\n\tPrivileges:\t\tSeTcbPrivilege"}
{"GrantedAccess":"0x1000","@timestamp":"2020-10-22T03:52:01.033Z","TimeCreated":"2020-10-22T03:52:01.033Z","SourceThreadId":"1060","SourceImage":"C:\\windows\\system32\\svchost.exe","ProviderGuid":"{5770385f-c22a-43e0-bf4c-06f5698ffbd9}","CallTrace":"C:\\windows\\SYSTEM32\\ntdll.dll+9c584|C:\\windows\\SYSTEM32\\psmserviceexthost.dll+222a3|C:\\windows\\SYSTEM32\\psmserviceexthost.dll+37ea0|C:\\windows\\SYSTEM32\\psmserviceexthost.dll+37929|C:\\windows\\SYSTEM32\\psmserviceexthost.dll+686f8|C:\\windows\\SYSTEM32\\psmserviceexthost.dll+6e84a|C:\\windows\\SYSTEM32\\psmserviceexthost.dll+6f700|C:\\windows\\SYSTEM32\\psmserviceexthost.dll+34be4|C:\\windows\\SYSTEM32\\psmserviceexthost.dll+6f63e|C:\\windows\\SYSTEM32\\psmserviceexthost.dll+713b5|C:\\windows\\SYSTEM32\\psmserviceexthost.dll+50bda|C:\\windows\\SYSTEM32\\psmserviceexthost.dll+4500a|C:\\windows\\System32\\KERNEL32.DLL+17c24|C:\\windows\\SYSTEM32\\ntdll.dll+6cea1","UtcTime":"2020-10-22 07:52:01.033","TargetProcessGUID":"{39e4a257-f247-5f8b-d300-000000000700}","SourceProcessId":"944","Level":"4","Channel":"Microsoft-Windows-Sysmon/Operational","Task":"10","RuleName":"-","SourceName":"Microsoft-Windows-Sysmon","Hostname":"WORKSTATION5","SourceProcessGUID":"{39e4a257-f132-5f8b-1000-000000000700}","TargetProcessId":"4368","EventID":10,"Keywords":"0x8000000000000000","TargetImage":"C:\\Windows\\SystemApps\\InputApp_cw5n1h2txyewy\\WindowsInternal.ComposableShell.Experiences.TextInput.InputApp.exe","Message":"Process accessed:\r\nRuleName: -\r\nUtcTime: 2020-10-22 07:52:01.033\r\nSourceProcessGUID: {39e4a257-f132-5f8b-1000-000000000700}\r\nSourceProcessId: 944\r\nSourceThreadId: 1060\r\nSourceImage: C:\\windows\\system32\\svchost.exe\r\nTargetProcessGUID: {39e4a257-f247-5f8b-d300-000000000700}\r\nTargetProcessId: 4368\r\nTargetImage: C:\\Windows\\SystemApps\\InputApp_cw5n1h2txyewy\\WindowsInternal.ComposableShell.Experiences.TextInput.InputApp.exe\r\nGrantedAccess: 0x1000\r\nCallTrace: C:\\windows\\SYSTEM32\\ntdll.dll+9c584|C:\\windows\\SYSTEM32\\psmserviceexthost.dll+222a3|C:\\windows\\SYSTEM32\\psmserviceexthost.dll+37ea0|C:\\windows\\SYSTEM32\\psmserviceexthost.dll+37929|C:\\windows\\SYSTEM32\\psmserviceexthost.dll+686f8|C:\\windows\\SYSTEM32\\psmserviceexthost.dll+6e84a|C:\\windows\\SYSTEM32\\psmserviceexthost.dll+6f700|C:\\windows\\SYSTEM32\\psmserviceexthost.dll+34be4|C:\\windows\\SYSTEM32\\psmserviceexthost.dll+6f63e|C:\\windows\\SYSTEM32\\psmserviceexthost.dll+713b5|C:\\windows\\SYSTEM32\\psmserviceexthost.dll+50bda|C:\\windows\\SYSTEM32\\psmserviceexthost.dll+4500a|C:\\windows\\System32\\KERNEL32.DLL+17c24|C:\\windows\\SYSTEM32\\ntdll.dll+6cea1"}
{"GrantedAccess":"0x1000","@timestamp":"2020-10-22T03:52:01.034Z","TimeCreated":"2020-10-22T03:52:01.034Z","SourceThreadId":"1060","SourceImage":"C:\\windows\\system32\\svchost.exe","ProviderGuid":"{5770385f-c22a-43e0-bf4c-06f5698ffbd9}","CallTrace":"C:\\windows\\SYSTEM32\\ntdll.dll+9c584|C:\\windows\\SYSTEM32\\psmserviceexthost.dll+222a3|C:\\windows\\SYSTEM32\\psmserviceexthost.dll+37ea0|C:\\windows\\SYSTEM32\\psmserviceexthost.dll+37929|C:\\windows\\SYSTEM32\\psmserviceexthost.dll+686f8|C:\\windows\\SYSTEM32\\psmserviceexthost.dll+6e84a|C:\\windows\\SYSTEM32\\psmserviceexthost.dll+6f700|C:\\windows\\SYSTEM32\\psmserviceexthost.dll+34be4|C:\\windows\\SYSTEM32\\psmserviceexthost.dll+6f63e|C:\\windows\\SYSTEM32\\psmserviceexthost.dll+713b5|C:\\windows\\SYSTEM32\\psmserviceexthost.dll+50bda|C:\\windows\\SYSTEM32\\psmserviceexthost.dll+4500a|C:\\windows\\System32\\KERNEL32.DLL+17c24|C:\\windows\\SYSTEM32\\ntdll.dll+6cea1","UtcTime":"2020-10-22 07:52:01.033","TargetProcessGUID":"{39e4a257-3a13-5f91-f013-000000000700}","SourceProcessId":"944","Level":"4","Channel":"Microsoft-Windows-Sysmon/Operational","Task":"10","RuleName":"-","SourceName":"Microsoft-Windows-Sysmon","Hostname":"WORKSTATION5","SourceProcessGUID":"{39e4a257-f132-5f8b-1000-000000000700}","TargetProcessId":"7612","EventID":10,"Keywords":"0x8000000000000000","TargetImage":"C:\\windows\\system32\\backgroundTaskHost.exe","Message":"Process accessed:\r\nRuleName: -\r\nUtcTime: 2020-10-22 07:52:01.033\r\nSourceProcessGUID: {39e4a257-f132-5f8b-1000-000000000700}\r\nSourceProcessId: 944\r\nSourceThreadId: 1060\r\nSourceImage: C:\\windows\\system32\\svchost.exe\r\nTargetProcessGUID: {39e4a257-3a13-5f91-f013-000000000700}\r\nTargetProcessId: 7612\r\nTargetImage: C:\\windows\\system32\\backgroundTaskHost.exe\r\nGrantedAccess: 0x1000\r\nCallTrace: C:\\windows\\SYSTEM32\\ntdll.dll+9c584|C:\\windows\\SYSTEM32\\psmserviceexthost.dll+222a3|C:\\windows\\SYSTEM32\\psmserviceexthost.dll+37ea0|C:\\windows\\SYSTEM32\\psmserviceexthost.dll+37929|C:\\windows\\SYSTEM32\\psmserviceexthost.dll+686f8|C:\\windows\\SYSTEM32\\psmserviceexthost.dll+6e84a|C:\\windows\\SYSTEM32\\psmserviceexthost.dll+6f700|C:\\windows\\SYSTEM32\\psmserviceexthost.dll+34be4|C:\\windows\\SYSTEM32\\psmserviceexthost.dll+6f63e|C:\\windows\\SYSTEM32\\psmserviceexthost.dll+713b5|C:\\windows\\SYSTEM32\\psmserviceexthost.dll+50bda|C:\\windows\\SYSTEM32\\psmserviceexthost.dll+4500a|C:\\windows\\System32\\KERNEL32.DLL+17c24|C:\\windows\\SYSTEM32\\ntdll.dll+6cea1"}
{"GrantedAccess":"0x1000","@timestamp":"2020-10-22T03:52:02.033Z","TimeCreated":"2020-10-22T03:52:02.033Z","SourceThreadId":"1060","SourceImage":"C:\\windows\\system32\\svchost.exe","ProviderGuid":"{5770385f-c22a-43e0-bf4c-06f5698ffbd9}","CallTrace":"C:\\windows\\SYSTEM32\\ntdll.dll+9c584|C:\\windows\\SYSTEM32\\psmserviceexthost.dll+222a3|C:\\windows\\SYSTEM32\\psmserviceexthost.dll+37ea0|C:\\windows\\SYSTEM32\\psmserviceexthost.dll+37929|C:\\windows\\SYSTEM32\\psmserviceexthost.dll+686f8|C:\\windows\\SYSTEM32\\psmserviceexthost.dll+6e84a|C:\\windows\\SYSTEM32\\psmserviceexthost.dll+6f700|C:\\windows\\SYSTEM32\\psmserviceexthost.dll+34be4|C:\\windows\\SYSTEM32\\psmserviceexthost.dll+6f63e|C:\\windows\\SYSTEM32\\psmserviceexthost.dll+713b5|C:\\windows\\SYSTEM32\\psmserviceexthost.dll+50bda|C:\\windows\\SYSTEM32\\psmserviceexthost.dll+4500a|C:\\windows\\System32\\KERNEL32.DLL+17c24|C:\\windows\\SYSTEM32\\ntdll.dll+6cea1","UtcTime":"2020-10-22 07:52:02.033","TargetProcessGUID":"{39e4a257-f247-5f8b-d300-000000000700}","SourceProcessId":"944","Level":"4","Channel":"Microsoft-Windows-Sysmon/Operational","Task":"10","RuleName":"-","SourceName":"Microsoft-Windows-Sysmon","Hostname":"WORKSTATION5","SourceProcessGUID":"{39e4a257-f132-5f8b-1000-000000000700}","TargetProcessId":"4368","EventID":10,"Keywords":"0x8000000000000000","TargetImage":"C:\\Windows\\SystemApps\\InputApp_cw5n1h2txyewy\\WindowsInternal.ComposableShell.Experiences.TextInput.InputApp.exe","Message":"Process accessed:\r\nRuleName: -\r\nUtcTime: 2020-10-22 07:52:02.033\r\nSourceProcessGUID: {39e4a257-f132-5f8b-1000-000000000700}\r\nSourceProcessId: 944\r\nSourceThreadId: 1060\r\nSourceImage: C:\\windows\\system32\\svchost.exe\r\nTargetProcessGUID: {39e4a257-f247-5f8b-d300-000000000700}\r\nTargetProcessId: 4368\r\nTargetImage: C:\\Windows\\SystemApps\\InputApp_cw5n1h2txyewy\\WindowsInternal.ComposableShell.Experiences.TextInput.InputApp.exe\r\nGrantedAccess: 0x1000\r\nCallTrace: C:\\windows\\SYSTEM32\\ntdll.dll+9c584|C:\\windows\\SYSTEM32\\psmserviceexthost.dll+222a3|C:\\windows\\SYSTEM32\\psmserviceexthost.dll+37ea0|C:\\windows\\SYSTEM32\\psmserviceexthost.dll+37929|C:\\windows\\SYSTEM32\\psmserviceexthost.dll+686f8|C:\\windows\\SYSTEM32\\psmserviceexthost.dll+6e84a|C:\\windows\\SYSTEM32\\psmserviceexthost.dll+6f700|C:\\windows\\SYSTEM32\\psmserviceexthost.dll+34be4|C:\\windows\\SYSTEM32\\psmserviceexthost.dll+6f63e|C:\\windows\\SYSTEM32\\psmserviceexthost.dll+713b5|C:\\windows\\SYSTEM32\\psmserviceexthost.dll+50bda|C:\\windows\\SYSTEM32\\psmserviceexthost.dll+4500a|C:\\windows\\System32\\KERNEL32.DLL+17c24|C:\\windows\\SYSTEM32\\ntdll.dll+6cea1"}
{"GrantedAccess":"0x1000","@timestamp":"2020-10-22T03:52:02.034Z","TimeCreated":"2020-10-22T03:52:02.034Z","SourceThreadId":"1060","SourceImage":"C:\\windows\\system32\\svchost.exe","ProviderGuid":"{5770385f-c22a-43e0-bf4c-06f5698ffbd9}","CallTrace":"C:\\windows\\SYSTEM32\\ntdll.dll+9c584|C:\\windows\\SYSTEM32\\psmserviceexthost.dll+222a3|C:\\windows\\SYSTEM32\\psmserviceexthost.dll+37ea0|C:\\windows\\SYSTEM32\\psmserviceexthost.dll+37929|C:\\windows\\SYSTEM32\\psmserviceexthost.dll+686f8|C:\\windows\\SYSTEM32\\psmserviceexthost.dll+6e84a|C:\\windows\\SYSTEM32\\psmserviceexthost.dll+6f700|C:\\windows\\SYSTEM32\\psmserviceexthost.dll+34be4|C:\\windows\\SYSTEM32\\psmserviceexthost.dll+6f63e|C:\\windows\\SYSTEM32\\psmserviceexthost.dll+713b5|C:\\windows\\SYSTEM32\\psmserviceexthost.dll+50bda|C:\\windows\\SYSTEM32\\psmserviceexthost.dll+4500a|C:\\windows\\System32\\KERNEL32.DLL+17c24|C:\\windows\\SYSTEM32\\ntdll.dll+6cea1","UtcTime":"2020-10-22 07:52:02.033","TargetProcessGUID":"{39e4a257-3a13-5f91-f013-000000000700}","SourceProcessId":"944","Level":"4","Channel":"Microsoft-Windows-Sysmon/Operational","Task":"10","RuleName":"-","SourceName":"Microsoft-Windows-Sysmon","Hostname":"WORKSTATION5","SourceProcessGUID":"{39e4a257-f132-5f8b-1000-000000000700}","TargetProcessId":"7612","EventID":10,"Keywords":"0x8000000000000000","TargetImage":"C:\\windows\\system32\\backgroundTaskHost.exe","Message":"Process accessed:\r\nRuleName: -\r\nUtcTime: 2020-10-22 07:52:02.033\r\nSourceProcessGUID: {39e4a257-f132-5f8b-1000-000000000700}\r\nSourceProcessId: 944\r\nSourceThreadId: 1060\r\nSourceImage: C:\\windows\\system32\\svchost.exe\r\nTargetProcessGUID: {39e4a257-3a13-5f91-f013-000000000700}\r\nTargetProcessId: 7612\r\nTargetImage: C:\\windows\\system32\\backgroundTaskHost.exe\r\nGrantedAccess: 0x1000\r\nCallTrace: C:\\windows\\SYSTEM32\\ntdll.dll+9c584|C:\\windows\\SYSTEM32\\psmserviceexthost.dll+222a3|C:\\windows\\SYSTEM32\\psmserviceexthost.dll+37ea0|C:\\windows\\SYSTEM32\\psmserviceexthost.dll+37929|C:\\windows\\SYSTEM32\\psmserviceexthost.dll+686f8|C:\\windows\\SYSTEM32\\psmserviceexthost.dll+6e84a|C:\\windows\\SYSTEM32\\psmserviceexthost.dll+6f700|C:\\windows\\SYSTEM32\\psmserviceexthost.dll+34be4|C:\\windows\\SYSTEM32\\psmserviceexthost.dll+6f63e|C:\\windows\\SYSTEM32\\psmserviceexthost.dll+713b5|C:\\windows\\SYSTEM32\\psmserviceexthost.dll+50bda|C:\\windows\\SYSTEM32\\psmserviceexthost.dll+4500a|C:\\windows\\System32\\KERNEL32.DLL+17c24|C:\\windows\\SYSTEM32\\ntdll.dll+6cea1"}
{"GrantedAccess":"0x2000","@timestamp":"2020-10-22T03:52:02.962Z","TimeCreated":"2020-10-22T03:52:02.962Z","SourceThreadId":"8508","SourceImage":"C:\\windows\\system32\\svchost.exe","ProviderGuid":"{5770385f-c22a-43e0-bf4c-06f5698ffbd9}","CallTrace":"C:\\windows\\SYSTEM32\\ntdll.dll+9c584|C:\\windows\\SYSTEM32\\psmserviceexthost.dll+310c0|C:\\windows\\SYSTEM32\\psmserviceexthost.dll+30dbf|C:\\windows\\SYSTEM32\\ntdll.dll+6ba5|C:\\windows\\SYSTEM32\\ntdll.dll+67f1|C:\\windows\\SYSTEM32\\ntdll.dll+6650|C:\\windows\\SYSTEM32\\ntdll.dll+3052c|C:\\windows\\SYSTEM32\\ntdll.dll+34142|C:\\windows\\System32\\KERNEL32.DLL+17c24|C:\\windows\\SYSTEM32\\ntdll.dll+6cea1","UtcTime":"2020-10-22 07:52:02.955","TargetProcessGUID":"{39e4a257-f1b3-5f8b-a700-000000000700}","SourceProcessId":"944","Level":"4","Channel":"Microsoft-Windows-Sysmon/Operational","Task":"10","RuleName":"-","SourceName":"Microsoft-Windows-Sysmon","Hostname":"WORKSTATION5","SourceProcessGUID":"{39e4a257-f132-5f8b-1000-000000000700}","TargetProcessId":"1072","EventID":10,"Keywords":"0x8000000000000000","TargetImage":"C:\\windows\\Explorer.EXE","Message":"Process accessed:\r\nRuleName: -\r\nUtcTime: 2020-10-22 07:52:02.955\r\nSourceProcessGUID: {39e4a257-f132-5f8b-1000-000000000700}\r\nSourceProcessId: 944\r\nSourceThreadId: 8508\r\nSourceImage: C:\\windows\\system32\\svchost.exe\r\nTargetProcessGUID: {39e4a257-f1b3-5f8b-a700-000000000700}\r\nTargetProcessId: 1072\r\nTargetImage: C:\\windows\\Explorer.EXE\r\nGrantedAccess: 0x2000\r\nCallTrace: C:\\windows\\SYSTEM32\\ntdll.dll+9c584|C:\\windows\\SYSTEM32\\psmserviceexthost.dll+310c0|C:\\windows\\SYSTEM32\\psmserviceexthost.dll+30dbf|C:\\windows\\SYSTEM32\\ntdll.dll+6ba5|C:\\windows\\SYSTEM32\\ntdll.dll+67f1|C:\\windows\\SYSTEM32\\ntdll.dll+6650|C:\\windows\\SYSTEM32\\ntdll.dll+3052c|C:\\windows\\SYSTEM32\\ntdll.dll+34142|C:\\windows\\System32\\KERNEL32.DLL+17c24|C:\\windows\\SYSTEM32\\ntdll.dll+6cea1"}
{"@timestamp":"2020-10-22T03:52:02.970Z","TimeCreated":"2020-10-22T03:52:02.970Z","ProviderGuid":"{5770385f-c22a-43e0-bf4c-06f5698ffbd9}","UtcTime":"2020-10-22 07:52:02.955","ProcessGuid":"{39e4a257-f1b1-5f8b-a500-000000000700}","Image":"C:\\windows\\system32\\ctfmon.exe","Level":"4","Channel":"Microsoft-Windows-Sysmon/Operational","Task":"12","RuleName":"-","SourceName":"Microsoft-Windows-Sysmon","Hostname":"WORKSTATION5","ProcessId":"5112","EventType":"CreateKey","EventID":12,"Keywords":"0x8000000000000000","TargetObject":"HKU\\S-1-5-21-3940915590-64593676-1414006259-500\\Software\\Microsoft\\Input\\Settings","Message":"Registry object added or deleted:\r\nRuleName: -\r\nEventType: CreateKey\r\nUtcTime: 2020-10-22 07:52:02.955\r\nProcessGuid: {39e4a257-f1b1-5f8b-a500-000000000700}\r\nProcessId: 5112\r\nImage: C:\\windows\\system32\\ctfmon.exe\r\nTargetObject: HKU\\S-1-5-21-3940915590-64593676-1414006259-500\\Software\\Microsoft\\Input\\Settings"}
