{"GrantedAccess":"0x1000","@timestamp":"2020-10-22T12:21:38.544Z","TimeCreated":"2020-10-22T12:21:38.544Z","SourceThreadId":"5888","SourceImage":"C:\\windows\\Explorer.EXE","ProviderGuid":"{5770385f-c22a-43e0-bf4c-06f5698ffbd9}","CallTrace":"C:\\windows\\SYSTEM32\\ntdll.dll+9c584|C:\\windows\\System32\\KERNELBASE.dll+305fe|C:\\windows\\system32\\twinui.dll+84735|C:\\windows\\system32\\twinui.dll+8464d|C:\\windows\\system32\\twinui.dll+80399|C:\\windows\\system32\\twinui.dll+800be|C:\\windows\\system32\\twinui.dll+7e9bc|C:\\windows\\system32\\twinui.dll+78a5c|C:\\windows\\System32\\shcore.dll+c540|C:\\windows\\System32\\shcore.dll+c1c8|C:\\windows\\System32\\shcore.dll+ac61|C:\\windows\\System32\\KERNEL32.DLL+17c24|C:\\windows\\SYSTEM32\\ntdll.dll+6cea1","UtcTime":"2020-10-22 04:21:38.521","TargetProcessGUID":"{39e4a257-08d2-5f91-f411-000000000700}","SourceProcessId":"1072","Level":"4","Channel":"Microsoft-Windows-Sysmon/Operational","Task":"10","RuleName":"-","SourceName":"Microsoft-Windows-Sysmon","Hostname":"WORKSTATION5","SourceProcessGUID":"{39e4a257-f1b3-5f8b-a700-000000000700}","TargetProcessId":"9144","EventID":10,"Keywords":"0x8000000000000000","TargetImage":"C:\\windows\\hh.exe","Message":"Process accessed:\r\nRuleName: -\r\nUtcTime: 2020-10-22 04:21:38.521\r\nSourceProcessGUID: {39e4a257-f1b3-5f8b-a700-000000000700}\r\nSourceProcessId: 1072\r\nSourceThreadId: 5888\r\nSourceImage: C:\\windows\\Explorer.EXE\r\nTargetProcessGUID: {39e4a257-08d2-5f91-f411-000000000700}\r\nTargetProcessId: 9144\r\nTargetImage: C:\\windows\\hh.exe\r\nGrantedAccess: 0x1000\r\nCallTrace: C:\\windows\\SYSTEM32\\ntdll.dll+9c584|C:\\windows\\System32\\KERNELBASE.dll+305fe|C:\\windows\\system32\\twinui.dll+84735|C:\\windows\\system32\\twinui.dll+8464d|C:\\windows\\system32\\twinui.dll+80399|C:\\windows\\system32\\twinui.dll+800be|C:\\windows\\system32\\twinui.dll+7e9bc|C:\\windows\\system32\\twinui.dll+78a5c|C:\\windows\\System32\\shcore.dll+c540|C:\\windows\\System32\\shcore.dll+c1c8|C:\\windows\\System32\\shcore.dll+ac61|C:\\windows\\System32\\KERNEL32.DLL+17c24|C:\\windows\\SYSTEM32\\ntdll.dll+6cea1"}
{"GrantedAccess":"0x1000","@timestamp":"2020-10-22T12:21:38.544Z","TimeCreated":"2020-10-22T12:21:38.544Z","SourceThreadId":"8768","SourceImage":"C:\\windows\\system32\\svchost.exe","ProviderGuid":"{5770385f-c22a-43e0-bf4c-06f5698ffbd9}","CallTrace":"C:\\windows\\SYSTEM32\\ntdll.dll+9c584|C:\\windows\\System32\\KERNELBASE.dll+305fe|C:\\windows\\SYSTEM32\\resourcepolicyserver.dll+5b76|C:\\windows\\SYSTEM32\\resourcepolicyserver.dll+88a0|C:\\windows\\SYSTEM32\\resourcepolicyserver.dll+a256|C:\\windows\\SYSTEM32\\resourcepolicyserver.dll+97c5|C:\\windows\\SYSTEM32\\resourcepolicyserver.dll+4b1d|C:\\windows\\System32\\RPCRT4.dll+76a63|C:\\windows\\System32\\RPCRT4.dll+da036|C:\\windows\\System32\\RPCRT4.dll+37b7c|C:\\windows\\System32\\RPCRT4.dll+549f8|C:\\windows\\System32\\RPCRT4.dll+2c9b1|C:\\windows\\System32\\RPCRT4.dll+2c26b|C:\\windows\\System32\\RPCRT4.dll+1a8cf|C:\\windows\\System32\\RPCRT4.dll+19d7a|C:\\windows\\System32\\RPCRT4.dll+19361|C:\\windows\\System32\\RPCRT4.dll+18dce|C:\\windows\\System32\\RPCRT4.dll+16a05|C:\\windows\\SYSTEM32\\ntdll.dll+333ed|C:\\windows\\SYSTEM32\\ntdll.dll+34142|C:\\windows\\System32\\KERNEL32.DLL+17c24|C:\\windows\\SYSTEM32\\ntdll.dll+6cea1","UtcTime":"2020-10-22 04:21:38.521","TargetProcessGUID":"{39e4a257-08d2-5f91-f411-000000000700}","SourceProcessId":"944","Level":"4","Channel":"Microsoft-Windows-Sysmon/Operational","Task":"10","RuleName":"-","SourceName":"Microsoft-Windows-Sysmon","Hostname":"WORKSTATION5","SourceProcessGUID":"{39e4a257-f132-5f8b-1000-000000000700}","TargetProcessId":"9144","EventID":10,"Keywords":"0x8000000000000000","TargetImage":"C:\\windows\\hh.exe","Message":"Process accessed:\r\nRuleName: -\r\nUtcTime: 2020-10-22 04:21:38.521\r\nSourceProcessGUID: {39e4a257-f132-5f8b-1000-000000000700}\r\nSourceProcessId: 944\r\nSourceThreadId: 8768\r\nSourceImage: C:\\windows\\system32\\svchost.exe\r\nTargetProcessGUID: {39e4a257-08d2-5f91-f411-000000000700}\r\nTargetProcessId: 9144\r\nTargetImage: C:\\windows\\hh.exe\r\nGrantedAccess: 0x1000\r\nCallTrace: C:\\windows\\SYSTEM32\\ntdll.dll+9c584|C:\\windows\\System32\\KERNELBASE.dll+305fe|C:\\windows\\SYSTEM32\\resourcepolicyserver.dll+5b76|C:\\windows\\SYSTEM32\\resourcepolicyserver.dll+88a0|C:\\windows\\SYSTEM32\\resourcepolicyserver.dll+a256|C:\\windows\\SYSTEM32\\resourcepolicyserver.dll+97c5|C:\\windows\\SYSTEM32\\resourcepolicyserver.dll+4b1d|C:\\windows\\System32\\RPCRT4.dll+76a63|C:\\windows\\System32\\RPCRT4.dll+da036|C:\\windows\\System32\\RPCRT4.dll+37b7c|C:\\windows\\System32\\RPCRT4.dll+549f8|C:\\windows\\System32\\RPCRT4.dll+2c9b1|C:\\windows\\System32\\RPCRT4.dll+2c26b|C:\\windows\\System32\\RPCRT4.dll+1a8cf|C:\\windows\\System32\\RPCRT4.dll+19d7a|C:\\windows\\System32\\RPCRT4.dll+19361|C:\\windows\\System32\\RPCRT4.dll+18dce|C:\\windows\\System32\\RPCRT4.dll+16a05|C:\\windows\\SYSTEM32\\ntdll.dll+333ed|C:\\windows\\SYSTEM32\\ntdll.dll+34142|C:\\windows\\System32\\KERNEL32.DLL+17c24|C:\\windows\\SYSTEM32\\ntdll.dll+6cea1"}
{"GrantedAccess":"0x1000","@timestamp":"2020-10-22T12:21:38.544Z","TimeCreated":"2020-10-22T12:21:38.544Z","SourceThreadId":"8768","SourceImage":"C:\\windows\\system32\\svchost.exe","ProviderGuid":"{5770385f-c22a-43e0-bf4c-06f5698ffbd9}","CallTrace":"C:\\windows\\SYSTEM32\\ntdll.dll+9c584|C:\\windows\\System32\\KERNELBASE.dll+305fe|C:\\windows\\SYSTEM32\\resourcepolicyserver.dll+a77f|C:\\windows\\SYSTEM32\\resourcepolicyserver.dll+97d6|C:\\windows\\SYSTEM32\\resourcepolicyserver.dll+4b1d|C:\\windows\\System32\\RPCRT4.dll+76a63|C:\\windows\\System32\\RPCRT4.dll+da036|C:\\windows\\System32\\RPCRT4.dll+37b7c|C:\\windows\\System32\\RPCRT4.dll+549f8|C:\\windows\\System32\\RPCRT4.dll+2c9b1|C:\\windows\\System32\\RPCRT4.dll+2c26b|C:\\windows\\System32\\RPCRT4.dll+1a8cf|C:\\windows\\System32\\RPCRT4.dll+19d7a|C:\\windows\\System32\\RPCRT4.dll+19361|C:\\windows\\System32\\RPCRT4.dll+18dce|C:\\windows\\System32\\RPCRT4.dll+16a05|C:\\windows\\SYSTEM32\\ntdll.dll+333ed|C:\\windows\\SYSTEM32\\ntdll.dll+34142|C:\\windows\\System32\\KERNEL32.DLL+17c24|C:\\windows\\SYSTEM32\\ntdll.dll+6cea1","UtcTime":"2020-10-22 04:21:38.521","TargetProcessGUID":"{39e4a257-08d2-5f91-f411-000000000700}","SourceProcessId":"944","Level":"4","Channel":"Microsoft-Windows-Sysmon/Operational","Task":"10","RuleName":"-","SourceName":"Microsoft-Windows-Sysmon","Hostname":"WORKSTATION5","SourceProcessGUID":"{39e4a257-f132-5f8b-1000-000000000700}","TargetProcessId":"9144","EventID":10,"Keywords":"0x8000000000000000","TargetImage":"C:\\windows\\hh.exe","Message":"Process accessed:\r\nRuleName: -\r\nUtcTime: 2020-10-22 04:21:38.521\r\nSourceProcessGUID: {39e4a257-f132-5f8b-1000-000000000700}\r\nSourceProcessId: 944\r\nSourceThreadId: 8768\r\nSourceImage: C:\\windows\\system32\\svchost.exe\r\nTargetProcessGUID: {39e4a257-08d2-5f91-f411-000000000700}\r\nTargetProcessId: 9144\r\nTargetImage: C:\\windows\\hh.exe\r\nGrantedAccess: 0x1000\r\nCallTrace: C:\\windows\\SYSTEM32\\ntdll.dll+9c584|C:\\windows\\System32\\KERNELBASE.dll+305fe|C:\\windows\\SYSTEM32\\resourcepolicyserver.dll+a77f|C:\\windows\\SYSTEM32\\resourcepolicyserver.dll+97d6|C:\\windows\\SYSTEM32\\resourcepolicyserver.dll+4b1d|C:\\windows\\System32\\RPCRT4.dll+76a63|C:\\windows\\System32\\RPCRT4.dll+da036|C:\\windows\\System32\\RPCRT4.dll+37b7c|C:\\windows\\System32\\RPCRT4.dll+549f8|C:\\windows\\System32\\RPCRT4.dll+2c9b1|C:\\windows\\System32\\RPCRT4.dll+2c26b|C:\\windows\\System32\\RPCRT4.dll+1a8cf|C:\\windows\\System32\\RPCRT4.dll+19d7a|C:\\windows\\System32\\RPCRT4.dll+19361|C:\\windows\\System32\\RPCRT4.dll+18dce|C:\\windows\\System32\\RPCRT4.dll+16a05|C:\\windows\\SYSTEM32\\ntdll.dll+333ed|C:\\windows\\SYSTEM32\\ntdll.dll+34142|C:\\windows\\System32\\KERNEL32.DLL+17c24|C:\\windows\\SYSTEM32\\ntdll.dll+6cea1"}
{"GrantedAccess":"0x2000","@timestamp":"2020-10-22T12:21:38.544Z","TimeCreated":"2020-10-22T12:21:38.544Z","SourceThreadId":"4688","SourceImage":"C:\\windows\\Explorer.EXE","ProviderGuid":"{5770385f-c22a-43e0-bf4c-06f5698ffbd9}","CallTrace":"C:\\windows\\SYSTEM32\\ntdll.dll+9c584|C:\\windows\\System32\\KERNELBASE.dll+305fe|C:\\windows\\system32\\twinui.dll+72a89|C:\\windows\\system32\\twinui.dll+785b2|C:\\windows\\system32\\twinui.dll+1780b|C:\\windows\\system32\\twinui.dll+1734c|C:\\windows\\system32\\twinui.dll+68f7a|C:\\windows\\system32\\twinui.dll+16e09|C:\\windows\\system32\\twinui.dll+16f4b|C:\\windows\\system32\\twinui.dll+16ecd|C:\\windows\\System32\\USER32.dll+15c1d|C:\\windows\\System32\\USER32.dll+15612|C:\\Windows\\System32\\windows.immersiveshell.serviceprovider.dll+45f0|C:\\Windows\\System32\\windows.immersiveshell.serviceprovider.dll+41b9|C:\\Windows\\System32\\windows.immersiveshell.serviceprovider.dll+3e4f|C:\\windows\\System32\\KERNEL32.DLL+17c24|C:\\windows\\SYSTEM32\\ntdll.dll+6cea1","UtcTime":"2020-10-22 04:21:38.521","TargetProcessGUID":"{39e4a257-f247-5f8b-d300-000000000700}","SourceProcessId":"1072","Level":"4","Channel":"Microsoft-Windows-Sysmon/Operational","Task":"10","RuleName":"-","SourceName":"Microsoft-Windows-Sysmon","Hostname":"WORKSTATION5","SourceProcessGUID":"{39e4a257-f1b3-5f8b-a700-000000000700}","TargetProcessId":"4368","EventID":10,"Keywords":"0x8000000000000000","TargetImage":"C:\\Windows\\SystemApps\\InputApp_cw5n1h2txyewy\\WindowsInternal.ComposableShell.Experiences.TextInput.InputApp.exe","Message":"Process accessed:\r\nRuleName: -\r\nUtcTime: 2020-10-22 04:21:38.521\r\nSourceProcessGUID: {39e4a257-f1b3-5f8b-a700-000000000700}\r\nSourceProcessId: 1072\r\nSourceThreadId: 4688\r\nSourceImage: C:\\windows\\Explorer.EXE\r\nTargetProcessGUID: {39e4a257-f247-5f8b-d300-000000000700}\r\nTargetProcessId: 4368\r\nTargetImage: C:\\Windows\\SystemApps\\InputApp_cw5n1h2txyewy\\WindowsInternal.ComposableShell.Experiences.TextInput.InputApp.exe\r\nGrantedAccess: 0x2000\r\nCallTrace: C:\\windows\\SYSTEM32\\ntdll.dll+9c584|C:\\windows\\System32\\KERNELBASE.dll+305fe|C:\\windows\\system32\\twinui.dll+72a89|C:\\windows\\system32\\twinui.dll+785b2|C:\\windows\\system32\\twinui.dll+1780b|C:\\windows\\system32\\twinui.dll+1734c|C:\\windows\\system32\\twinui.dll+68f7a|C:\\windows\\system32\\twinui.dll+16e09|C:\\windows\\system32\\twinui.dll+16f4b|C:\\windows\\system32\\twinui.dll+16ecd|C:\\windows\\System32\\USER32.dll+15c1d|C:\\windows\\System32\\USER32.dll+15612|C:\\Windows\\System32\\windows.immersiveshell.serviceprovider.dll+45f0|C:\\Windows\\System32\\windows.immersiveshell.serviceprovider.dll+41b9|C:\\Windows\\System32\\windows.immersiveshell.serviceprovider.dll+3e4f|C:\\windows\\System32\\KERNEL32.DLL+17c24|C:\\windows\\SYSTEM32\\ntdll.dll+6cea1"}
{"GrantedAccess":"0x1000","@timestamp":"2020-10-22T12:21:38.544Z","TimeCreated":"2020-10-22T12:21:38.544Z","SourceThreadId":"10628","SourceImage":"C:\\windows\\Explorer.EXE","ProviderGuid":"{5770385f-c22a-43e0-bf4c-06f5698ffbd9}","CallTrace":"C:\\windows\\SYSTEM32\\ntdll.dll+9c584|C:\\windows\\System32\\KERNELBASE.dll+305fe|C:\\Windows\\System32\\TaskFlowDataEngine.dll+cf160|C:\\Windows\\System32\\TaskFlowDataEngine.dll+9827b|C:\\Windows\\System32\\TaskFlowDataEngine.dll+97f16|C:\\Windows\\System32\\TaskFlowDataEngine.dll+94d36|C:\\Windows\\System32\\TaskFlowDataEngine.dll+93658|C:\\Windows\\System32\\TaskFlowDataEngine.dll+9dfb1|C:\\windows\\System32\\shcore.dll+c540|C:\\windows\\System32\\shcore.dll+c1c8|C:\\windows\\System32\\shcore.dll+ac61|C:\\windows\\System32\\KERNEL32.DLL+17c24|C:\\windows\\SYSTEM32\\ntdll.dll+6cea1","UtcTime":"2020-10-22 04:21:38.521","TargetProcessGUID":"{39e4a257-08d2-5f91-f411-000000000700}","SourceProcessId":"1072","Level":"4","Channel":"Microsoft-Windows-Sysmon/Operational","Task":"10","RuleName":"-","SourceName":"Microsoft-Windows-Sysmon","Hostname":"WORKSTATION5","SourceProcessGUID":"{39e4a257-f1b3-5f8b-a700-000000000700}","TargetProcessId":"9144","EventID":10,"Keywords":"0x8000000000000000","TargetImage":"C:\\windows\\hh.exe","Message":"Process accessed:\r\nRuleName: -\r\nUtcTime: 2020-10-22 04:21:38.521\r\nSourceProcessGUID: {39e4a257-f1b3-5f8b-a700-000000000700}\r\nSourceProcessId: 1072\r\nSourceThreadId: 10628\r\nSourceImage: C:\\windows\\Explorer.EXE\r\nTargetProcessGUID: {39e4a257-08d2-5f91-f411-000000000700}\r\nTargetProcessId: 9144\r\nTargetImage: C:\\windows\\hh.exe\r\nGrantedAccess: 0x1000\r\nCallTrace: C:\\windows\\SYSTEM32\\ntdll.dll+9c584|C:\\windows\\System32\\KERNELBASE.dll+305fe|C:\\Windows\\System32\\TaskFlowDataEngine.dll+cf160|C:\\Windows\\System32\\TaskFlowDataEngine.dll+9827b|C:\\Windows\\System32\\TaskFlowDataEngine.dll+97f16|C:\\Windows\\System32\\TaskFlowDataEngine.dll+94d36|C:\\Windows\\System32\\TaskFlowDataEngine.dll+93658|C:\\Windows\\System32\\TaskFlowDataEngine.dll+9dfb1|C:\\windows\\System32\\shcore.dll+c540|C:\\windows\\System32\\shcore.dll+c1c8|C:\\windows\\System32\\shcore.dll+ac61|C:\\windows\\System32\\KERNEL32.DLL+17c24|C:\\windows\\SYSTEM32\\ntdll.dll+6cea1"}
{"GrantedAccess":"0x1000","@timestamp":"2020-10-22T12:21:38.544Z","TimeCreated":"2020-10-22T12:21:38.544Z","SourceThreadId":"10628","SourceImage":"C:\\windows\\Explorer.EXE","ProviderGuid":"{5770385f-c22a-43e0-bf4c-06f5698ffbd9}","CallTrace":"C:\\windows\\SYSTEM32\\ntdll.dll+9c584|C:\\windows\\System32\\KERNELBASE.dll+305fe|C:\\windows\\SYSTEM32\\twinapi.appcore.dll+2dbeb|C:\\windows\\SYSTEM32\\twinapi.appcore.dll+35ae1|C:\\windows\\SYSTEM32\\twinapi.appcore.dll+2762f|C:\\Windows\\System32\\TaskFlowDataEngine.dll+991c3|C:\\Windows\\System32\\TaskFlowDataEngine.dll+9814a|C:\\Windows\\System32\\TaskFlowDataEngine.dll+97f8b|C:\\Windows\\System32\\TaskFlowDataEngine.dll+94d36|C:\\Windows\\System32\\TaskFlowDataEngine.dll+93658|C:\\Windows\\System32\\TaskFlowDataEngine.dll+9dfb1|C:\\windows\\System32\\shcore.dll+c540|C:\\windows\\System32\\shcore.dll+c1c8|C:\\windows\\System32\\shcore.dll+ac61|C:\\windows\\System32\\KERNEL32.DLL+17c24|C:\\windows\\SYSTEM32\\ntdll.dll+6cea1","UtcTime":"2020-10-22 04:21:38.521","TargetProcessGUID":"{39e4a257-08d2-5f91-f411-000000000700}","SourceProcessId":"1072","Level":"4","Channel":"Microsoft-Windows-Sysmon/Operational","Task":"10","RuleName":"-","SourceName":"Microsoft-Windows-Sysmon","Hostname":"WORKSTATION5","SourceProcessGUID":"{39e4a257-f1b3-5f8b-a700-000000000700}","TargetProcessId":"9144","EventID":10,"Keywords":"0x8000000000000000","TargetImage":"C:\\windows\\hh.exe","Message":"Process accessed:\r\nRuleName: -\r\nUtcTime: 2020-10-22 04:21:38.521\r\nSourceProcessGUID: {39e4a257-f1b3-5f8b-a700-000000000700}\r\nSourceProcessId: 1072\r\nSourceThreadId: 10628\r\nSourceImage: C:\\windows\\Explorer.EXE\r\nTargetProcessGUID: {39e4a257-08d2-5f91-f411-000000000700}\r\nTargetProcessId: 9144\r\nTargetImage: C:\\windows\\hh.exe\r\nGrantedAccess: 0x1000\r\nCallTrace: C:\\windows\\SYSTEM32\\ntdll.dll+9c584|C:\\windows\\System32\\KERNELBASE.dll+305fe|C:\\windows\\SYSTEM32\\twinapi.appcore.dll+2dbeb|C:\\windows\\SYSTEM32\\twinapi.appcore.dll+35ae1|C:\\windows\\SYSTEM32\\twinapi.appcore.dll+2762f|C:\\Windows\\System32\\TaskFlowDataEngine.dll+991c3|C:\\Windows\\System32\\TaskFlowDataEngine.dll+9814a|C:\\Windows\\System32\\TaskFlowDataEngine.dll+97f8b|C:\\Windows\\System32\\TaskFlowDataEngine.dll+94d36|C:\\Windows\\System32\\TaskFlowDataEngine.dll+93658|C:\\Windows\\System32\\TaskFlowDataEngine.dll+9dfb1|C:\\windows\\System32\\shcore.dll+c540|C:\\windows\\System32\\shcore.dll+c1c8|C:\\windows\\System32\\shcore.dll+ac61|C:\\windows\\System32\\KERNEL32.DLL+17c24|C:\\windows\\SYSTEM32\\ntdll.dll+6cea1"}
{"GrantedAccess":"0x1000","@timestamp":"2020-10-22T12:21:38.544Z","TimeCreated":"2020-10-22T12:21:38.544Z","SourceThreadId":"10628","SourceImage":"C:\\windows\\Explorer.EXE","ProviderGuid":"{5770385f-c22a-43e0-bf4c-06f5698ffbd9}","CallTrace":"C:\\windows\\SYSTEM32\\ntdll.dll+9c584|C:\\windows\\System32\\KERNELBASE.dll+305fe|C:\\windows\\SYSTEM32\\twinapi.appcore.dll+2dc6a|C:\\windows\\SYSTEM32\\twinapi.appcore.dll+35ae1|C:\\windows\\SYSTEM32\\twinapi.appcore.dll+2762f|C:\\Windows\\System32\\TaskFlowDataEngine.dll+991c3|C:\\Windows\\System32\\TaskFlowDataEngine.dll+9814a|C:\\Windows\\System32\\TaskFlowDataEngine.dll+97f8b|C:\\Windows\\System32\\TaskFlowDataEngine.dll+94d36|C:\\Windows\\System32\\TaskFlowDataEngine.dll+93658|C:\\Windows\\System32\\TaskFlowDataEngine.dll+9dfb1|C:\\windows\\System32\\shcore.dll+c540|C:\\windows\\System32\\shcore.dll+c1c8|C:\\windows\\System32\\shcore.dll+ac61|C:\\windows\\System32\\KERNEL32.DLL+17c24|C:\\windows\\SYSTEM32\\ntdll.dll+6cea1","UtcTime":"2020-10-22 04:21:38.521","TargetProcessGUID":"{39e4a257-08d2-5f91-f411-000000000700}","SourceProcessId":"1072","Level":"4","Channel":"Microsoft-Windows-Sysmon/Operational","Task":"10","RuleName":"-","SourceName":"Microsoft-Windows-Sysmon","Hostname":"WORKSTATION5","SourceProcessGUID":"{39e4a257-f1b3-5f8b-a700-000000000700}","TargetProcessId":"9144","EventID":10,"Keywords":"0x8000000000000000","TargetImage":"C:\\windows\\hh.exe","Message":"Process accessed:\r\nRuleName: -\r\nUtcTime: 2020-10-22 04:21:38.521\r\nSourceProcessGUID: {39e4a257-f1b3-5f8b-a700-000000000700}\r\nSourceProcessId: 1072\r\nSourceThreadId: 10628\r\nSourceImage: C:\\windows\\Explorer.EXE\r\nTargetProcessGUID: {39e4a257-08d2-5f91-f411-000000000700}\r\nTargetProcessId: 9144\r\nTargetImage: C:\\windows\\hh.exe\r\nGrantedAccess: 0x1000\r\nCallTrace: C:\\windows\\SYSTEM32\\ntdll.dll+9c584|C:\\windows\\System32\\KERNELBASE.dll+305fe|C:\\windows\\SYSTEM32\\twinapi.appcore.dll+2dc6a|C:\\windows\\SYSTEM32\\twinapi.appcore.dll+35ae1|C:\\windows\\SYSTEM32\\twinapi.appcore.dll+2762f|C:\\Windows\\System32\\TaskFlowDataEngine.dll+991c3|C:\\Windows\\System32\\TaskFlowDataEngine.dll+9814a|C:\\Windows\\System32\\TaskFlowDataEngine.dll+97f8b|C:\\Windows\\System32\\TaskFlowDataEngine.dll+94d36|C:\\Windows\\System32\\TaskFlowDataEngine.dll+93658|C:\\Windows\\System32\\TaskFlowDataEngine.dll+9dfb1|C:\\windows\\System32\\shcore.dll+c540|C:\\windows\\System32\\shcore.dll+c1c8|C:\\windows\\System32\\shcore.dll+ac61|C:\\windows\\System32\\KERNEL32.DLL+17c24|C:\\windows\\SYSTEM32\\ntdll.dll+6cea1"}
{"GrantedAccess":"0x1000","@timestamp":"2020-10-22T12:21:38.544Z","TimeCreated":"2020-10-22T12:21:38.544Z","SourceThreadId":"5888","SourceImage":"C:\\windows\\Explorer.EXE","ProviderGuid":"{5770385f-c22a-43e0-bf4c-06f5698ffbd9}","CallTrace":"C:\\windows\\SYSTEM32\\ntdll.dll+9c584|C:\\windows\\System32\\KERNELBASE.dll+305fe|C:\\windows\\system32\\twinui.dll+82e02|C:\\windows\\system32\\twinui.dll+82d47|C:\\windows\\system32\\twinui.dll+82c5e|C:\\windows\\system32\\twinui.dll+849e0|C:\\windows\\system32\\twinui.dll+80145|C:\\windows\\system32\\twinui.dll+7e9bc|C:\\windows\\system32\\twinui.dll+78a5c|C:\\windows\\System32\\shcore.dll+c540|C:\\windows\\System32\\shcore.dll+c1c8|C:\\windows\\System32\\shcore.dll+ac61|C:\\windows\\System32\\KERNEL32.DLL+17c24|C:\\windows\\SYSTEM32\\ntdll.dll+6cea1","UtcTime":"2020-10-22 04:21:38.521","TargetProcessGUID":"{39e4a257-08d2-5f91-f411-000000000700}","SourceProcessId":"1072","Level":"4","Channel":"Microsoft-Windows-Sysmon/Operational","Task":"10","RuleName":"-","SourceName":"Microsoft-Windows-Sysmon","Hostname":"WORKSTATION5","SourceProcessGUID":"{39e4a257-f1b3-5f8b-a700-000000000700}","TargetProcessId":"9144","EventID":10,"Keywords":"0x8000000000000000","TargetImage":"C:\\windows\\hh.exe","Message":"Process accessed:\r\nRuleName: -\r\nUtcTime: 2020-10-22 04:21:38.521\r\nSourceProcessGUID: {39e4a257-f1b3-5f8b-a700-000000000700}\r\nSourceProcessId: 1072\r\nSourceThreadId: 5888\r\nSourceImage: C:\\windows\\Explorer.EXE\r\nTargetProcessGUID: {39e4a257-08d2-5f91-f411-000000000700}\r\nTargetProcessId: 9144\r\nTargetImage: C:\\windows\\hh.exe\r\nGrantedAccess: 0x1000\r\nCallTrace: C:\\windows\\SYSTEM32\\ntdll.dll+9c584|C:\\windows\\System32\\KERNELBASE.dll+305fe|C:\\windows\\system32\\twinui.dll+82e02|C:\\windows\\system32\\twinui.dll+82d47|C:\\windows\\system32\\twinui.dll+82c5e|C:\\windows\\system32\\twinui.dll+849e0|C:\\windows\\system32\\twinui.dll+80145|C:\\windows\\system32\\twinui.dll+7e9bc|C:\\windows\\system32\\twinui.dll+78a5c|C:\\windows\\System32\\shcore.dll+c540|C:\\windows\\System32\\shcore.dll+c1c8|C:\\windows\\System32\\shcore.dll+ac61|C:\\windows\\System32\\KERNEL32.DLL+17c24|C:\\windows\\SYSTEM32\\ntdll.dll+6cea1"}
{"GrantedAccess":"0x2000","@timestamp":"2020-10-22T12:21:38.545Z","TimeCreated":"2020-10-22T12:21:38.545Z","SourceThreadId":"4688","SourceImage":"C:\\windows\\Explorer.EXE","ProviderGuid":"{5770385f-c22a-43e0-bf4c-06f5698ffbd9}","CallTrace":"C:\\windows\\SYSTEM32\\ntdll.dll+9c584|C:\\windows\\System32\\KERNELBASE.dll+305fe|C:\\windows\\system32\\twinui.dll+72a89|C:\\windows\\system32\\twinui.dll+785b2|C:\\windows\\system32\\twinui.dll+1780b|C:\\windows\\system32\\twinui.dll+1734c|C:\\windows\\system32\\twinui.dll+68f7a|C:\\windows\\system32\\twinui.dll+16e09|C:\\windows\\system32\\twinui.dll+16f4b|C:\\windows\\system32\\twinui.dll+16ecd|C:\\windows\\System32\\USER32.dll+15c1d|C:\\windows\\System32\\USER32.dll+15612|C:\\Windows\\System32\\windows.immersiveshell.serviceprovider.dll+45f0|C:\\Windows\\System32\\windows.immersiveshell.serviceprovider.dll+41b9|C:\\Windows\\System32\\windows.immersiveshell.serviceprovider.dll+3e4f|C:\\windows\\System32\\KERNEL32.DLL+17c24|C:\\windows\\SYSTEM32\\ntdll.dll+6cea1","UtcTime":"2020-10-22 04:21:38.521","TargetProcessGUID":"{39e4a257-08d2-5f91-f411-000000000700}","SourceProcessId":"1072","Level":"4","Channel":"Microsoft-Windows-Sysmon/Operational","Task":"10","RuleName":"-","SourceName":"Microsoft-Windows-Sysmon","Hostname":"WORKSTATION5","SourceProcessGUID":"{39e4a257-f1b3-5f8b-a700-000000000700}","TargetProcessId":"9144","EventID":10,"Keywords":"0x8000000000000000","TargetImage":"C:\\windows\\hh.exe","Message":"Process accessed:\r\nRuleName: -\r\nUtcTime: 2020-10-22 04:21:38.521\r\nSourceProcessGUID: {39e4a257-f1b3-5f8b-a700-000000000700}\r\nSourceProcessId: 1072\r\nSourceThreadId: 4688\r\nSourceImage: C:\\windows\\Explorer.EXE\r\nTargetProcessGUID: {39e4a257-08d2-5f91-f411-000000000700}\r\nTargetProcessId: 9144\r\nTargetImage: C:\\windows\\hh.exe\r\nGrantedAccess: 0x2000\r\nCallTrace: C:\\windows\\SYSTEM32\\ntdll.dll+9c584|C:\\windows\\System32\\KERNELBASE.dll+305fe|C:\\windows\\system32\\twinui.dll+72a89|C:\\windows\\system32\\twinui.dll+785b2|C:\\windows\\system32\\twinui.dll+1780b|C:\\windows\\system32\\twinui.dll+1734c|C:\\windows\\system32\\twinui.dll+68f7a|C:\\windows\\system32\\twinui.dll+16e09|C:\\windows\\system32\\twinui.dll+16f4b|C:\\windows\\system32\\twinui.dll+16ecd|C:\\windows\\System32\\USER32.dll+15c1d|C:\\windows\\System32\\USER32.dll+15612|C:\\Windows\\System32\\windows.immersiveshell.serviceprovider.dll+45f0|C:\\Windows\\System32\\windows.immersiveshell.serviceprovider.dll+41b9|C:\\Windows\\System32\\windows.immersiveshell.serviceprovider.dll+3e4f|C:\\windows\\System32\\KERNEL32.DLL+17c24|C:\\windows\\SYSTEM32\\ntdll.dll+6cea1"}
{"GrantedAccess":"0x2000","@timestamp":"2020-10-22T12:21:38.546Z","TimeCreated":"2020-10-22T12:21:38.546Z","SourceThreadId":"4688","SourceImage":"C:\\windows\\Explorer.EXE","ProviderGuid":"{5770385f-c22a-43e0-bf4c-06f5698ffbd9}","CallTrace":"C:\\windows\\SYSTEM32\\ntdll.dll+9c584|C:\\windows\\System32\\KERNELBASE.dll+305fe|C:\\windows\\system32\\twinui.dll+72a89|C:\\windows\\system32\\twinui.dll+785b2|C:\\windows\\system32\\twinui.dll+1780b|C:\\windows\\system32\\twinui.dll+1734c|C:\\windows\\system32\\twinui.dll+68f7a|C:\\windows\\system32\\twinui.dll+16e09|C:\\windows\\system32\\twinui.dll+16f4b|C:\\windows\\system32\\twinui.dll+16ecd|C:\\windows\\System32\\USER32.dll+15c1d|C:\\windows\\System32\\USER32.dll+15612|C:\\Windows\\System32\\windows.immersiveshell.serviceprovider.dll+45f0|C:\\Windows\\System32\\windows.immersiveshell.serviceprovider.dll+41b9|C:\\Windows\\System32\\windows.immersiveshell.serviceprovider.dll+3e4f|C:\\windows\\System32\\KERNEL32.DLL+17c24|C:\\windows\\SYSTEM32\\ntdll.dll+6cea1","UtcTime":"2020-10-22 04:21:38.521","TargetProcessGUID":"{39e4a257-0872-5f91-ea11-000000000700}","SourceProcessId":"1072","Level":"4","Channel":"Microsoft-Windows-Sysmon/Operational","Task":"10","RuleName":"-","SourceName":"Microsoft-Windows-Sysmon","Hostname":"WORKSTATION5","SourceProcessGUID":"{39e4a257-f1b3-5f8b-a700-000000000700}","TargetProcessId":"2428","EventID":10,"Keywords":"0x8000000000000000","TargetImage":"C:\\Windows\\System32\\WindowsPowerShell\\v1.0\\powershell.exe","Message":"Process accessed:\r\nRuleName: -\r\nUtcTime: 2020-10-22 04:21:38.521\r\nSourceProcessGUID: {39e4a257-f1b3-5f8b-a700-000000000700}\r\nSourceProcessId: 1072\r\nSourceThreadId: 4688\r\nSourceImage: C:\\windows\\Explorer.EXE\r\nTargetProcessGUID: {39e4a257-0872-5f91-ea11-000000000700}\r\nTargetProcessId: 2428\r\nTargetImage: C:\\Windows\\System32\\WindowsPowerShell\\v1.0\\powershell.exe\r\nGrantedAccess: 0x2000\r\nCallTrace: C:\\windows\\SYSTEM32\\ntdll.dll+9c584|C:\\windows\\System32\\KERNELBASE.dll+305fe|C:\\windows\\system32\\twinui.dll+72a89|C:\\windows\\system32\\twinui.dll+785b2|C:\\windows\\system32\\twinui.dll+1780b|C:\\windows\\system32\\twinui.dll+1734c|C:\\windows\\system32\\twinui.dll+68f7a|C:\\windows\\system32\\twinui.dll+16e09|C:\\windows\\system32\\twinui.dll+16f4b|C:\\windows\\system32\\twinui.dll+16ecd|C:\\windows\\System32\\USER32.dll+15c1d|C:\\windows\\System32\\USER32.dll+15612|C:\\Windows\\System32\\windows.immersiveshell.serviceprovider.dll+45f0|C:\\Windows\\System32\\windows.immersiveshell.serviceprovider.dll+41b9|C:\\Windows\\System32\\windows.immersiveshell.serviceprovider.dll+3e4f|C:\\windows\\System32\\KERNEL32.DLL+17c24|C:\\windows\\SYSTEM32\\ntdll.dll+6cea1"}
{"GrantedAccess":"0x2000","@timestamp":"2020-10-22T12:21:38.546Z","TimeCreated":"2020-10-22T12:21:38.546Z","SourceThreadId":"4688","SourceImage":"C:\\windows\\Explorer.EXE","ProviderGuid":"{5770385f-c22a-43e0-bf4c-06f5698ffbd9}","CallTrace":"C:\\windows\\SYSTEM32\\ntdll.dll+9c584|C:\\windows\\System32\\KERNELBASE.dll+305fe|C:\\windows\\system32\\twinui.dll+72a89|C:\\windows\\system32\\twinui.dll+785b2|C:\\windows\\system32\\twinui.dll+1780b|C:\\windows\\system32\\twinui.dll+1734c|C:\\windows\\system32\\twinui.dll+68f7a|C:\\windows\\system32\\twinui.dll+16e09|C:\\windows\\system32\\twinui.dll+16f4b|C:\\windows\\system32\\twinui.dll+16ecd|C:\\windows\\System32\\USER32.dll+15c1d|C:\\windows\\System32\\USER32.dll+15612|C:\\Windows\\System32\\windows.immersiveshell.serviceprovider.dll+45f0|C:\\Windows\\System32\\windows.immersiveshell.serviceprovider.dll+41b9|C:\\Windows\\System32\\windows.immersiveshell.serviceprovider.dll+3e4f|C:\\windows\\System32\\KERNEL32.DLL+17c24|C:\\windows\\SYSTEM32\\ntdll.dll+6cea1","UtcTime":"2020-10-22 04:21:38.521","TargetProcessGUID":"{39e4a257-f1cd-5f8b-c400-000000000700}","SourceProcessId":"1072","Level":"4","Channel":"Microsoft-Windows-Sysmon/Operational","Task":"10","RuleName":"-","SourceName":"Microsoft-Windows-Sysmon","Hostname":"WORKSTATION5","SourceProcessGUID":"{39e4a257-f1b3-5f8b-a700-000000000700}","TargetProcessId":"7652","EventID":10,"Keywords":"0x8000000000000000","TargetImage":"C:\\Windows\\System32\\WindowsPowerShell\\v1.0\\powershell.exe","Message":"Process accessed:\r\nRuleName: -\r\nUtcTime: 2020-10-22 04:21:38.521\r\nSourceProcessGUID: {39e4a257-f1b3-5f8b-a700-000000000700}\r\nSourceProcessId: 1072\r\nSourceThreadId: 4688\r\nSourceImage: C:\\windows\\Explorer.EXE\r\nTargetProcessGUID: {39e4a257-f1cd-5f8b-c400-000000000700}\r\nTargetProcessId: 7652\r\nTargetImage: C:\\Windows\\System32\\WindowsPowerShell\\v1.0\\powershell.exe\r\nGrantedAccess: 0x2000\r\nCallTrace: C:\\windows\\SYSTEM32\\ntdll.dll+9c584|C:\\windows\\System32\\KERNELBASE.dll+305fe|C:\\windows\\system32\\twinui.dll+72a89|C:\\windows\\system32\\twinui.dll+785b2|C:\\windows\\system32\\twinui.dll+1780b|C:\\windows\\system32\\twinui.dll+1734c|C:\\windows\\system32\\twinui.dll+68f7a|C:\\windows\\system32\\twinui.dll+16e09|C:\\windows\\system32\\twinui.dll+16f4b|C:\\windows\\system32\\twinui.dll+16ecd|C:\\windows\\System32\\USER32.dll+15c1d|C:\\windows\\System32\\USER32.dll+15612|C:\\Windows\\System32\\windows.immersiveshell.serviceprovider.dll+45f0|C:\\Windows\\System32\\windows.immersiveshell.serviceprovider.dll+41b9|C:\\Windows\\System32\\windows.immersiveshell.serviceprovider.dll+3e4f|C:\\windows\\System32\\KERNEL32.DLL+17c24|C:\\windows\\SYSTEM32\\ntdll.dll+6cea1"}
{"GrantedAccess":"0x1000","@timestamp":"2020-10-22T12:21:38.546Z","TimeCreated":"2020-10-22T12:21:38.546Z","SourceThreadId":"4688","SourceImage":"C:\\windows\\Explorer.EXE","ProviderGuid":"{5770385f-c22a-43e0-bf4c-06f5698ffbd9}","CallTrace":"C:\\windows\\SYSTEM32\\ntdll.dll+9c584|C:\\windows\\System32\\KERNELBASE.dll+305fe|C:\\windows\\SYSTEM32\\TWINAPI.dll+6d4c|C:\\windows\\system32\\twinui.pcshell.dll+20880|C:\\windows\\system32\\twinui.pcshell.dll+20082|C:\\windows\\system32\\twinui.pcshell.dll+82ef4|C:\\windows\\system32\\twinui.pcshell.dll+23e96|C:\\windows\\system32\\twinui.pcshell.dll+205de|C:\\windows\\system32\\twinui.dll+1780b|C:\\windows\\system32\\twinui.dll+1734c|C:\\windows\\system32\\twinui.dll+68f7a|C:\\windows\\system32\\twinui.dll+16e09|C:\\windows\\system32\\twinui.dll+16f4b|C:\\windows\\system32\\twinui.dll+16ecd|C:\\windows\\System32\\USER32.dll+15c1d|C:\\windows\\System32\\USER32.dll+15612|C:\\Windows\\System32\\windows.immersiveshell.serviceprovider.dll+45f0|C:\\Windows\\System32\\windows.immersiveshell.serviceprovider.dll+41b9|C:\\Windows\\System32\\windows.immersiveshell.serviceprovider.dll+3e4f|C:\\windows\\System32\\KERNEL32.DLL+17c24|C:\\windows\\SYSTEM32\\ntdll.dll+6cea1","UtcTime":"2020-10-22 04:21:38.521","TargetProcessGUID":"{39e4a257-08d2-5f91-f411-000000000700}","SourceProcessId":"1072","Level":"4","Channel":"Microsoft-Windows-Sysmon/Operational","Task":"10","RuleName":"-","SourceName":"Microsoft-Windows-Sysmon","Hostname":"WORKSTATION5","SourceProcessGUID":"{39e4a257-f1b3-5f8b-a700-000000000700}","TargetProcessId":"9144","EventID":10,"Keywords":"0x8000000000000000","TargetImage":"C:\\windows\\hh.exe","Message":"Process accessed:\r\nRuleName: -\r\nUtcTime: 2020-10-22 04:21:38.521\r\nSourceProcessGUID: {39e4a257-f1b3-5f8b-a700-000000000700}\r\nSourceProcessId: 1072\r\nSourceThreadId: 4688\r\nSourceImage: C:\\windows\\Explorer.EXE\r\nTargetProcessGUID: {39e4a257-08d2-5f91-f411-000000000700}\r\nTargetProcessId: 9144\r\nTargetImage: C:\\windows\\hh.exe\r\nGrantedAccess: 0x1000\r\nCallTrace: C:\\windows\\SYSTEM32\\ntdll.dll+9c584|C:\\windows\\System32\\KERNELBASE.dll+305fe|C:\\windows\\SYSTEM32\\TWINAPI.dll+6d4c|C:\\windows\\system32\\twinui.pcshell.dll+20880|C:\\windows\\system32\\twinui.pcshell.dll+20082|C:\\windows\\system32\\twinui.pcshell.dll+82ef4|C:\\windows\\system32\\twinui.pcshell.dll+23e96|C:\\windows\\system32\\twinui.pcshell.dll+205de|C:\\windows\\system32\\twinui.dll+1780b|C:\\windows\\system32\\twinui.dll+1734c|C:\\windows\\system32\\twinui.dll+68f7a|C:\\windows\\system32\\twinui.dll+16e09|C:\\windows\\system32\\twinui.dll+16f4b|C:\\windows\\system32\\twinui.dll+16ecd|C:\\windows\\System32\\USER32.dll+15c1d|C:\\windows\\System32\\USER32.dll+15612|C:\\Windows\\System32\\windows.immersiveshell.serviceprovider.dll+45f0|C:\\Windows\\System32\\windows.immersiveshell.serviceprovider.dll+41b9|C:\\Windows\\System32\\windows.immersiveshell.serviceprovider.dll+3e4f|C:\\windows\\System32\\KERNEL32.DLL+17c24|C:\\windows\\SYSTEM32\\ntdll.dll+6cea1"}
{"@timestamp":"2020-10-22T12:21:38.546Z","TimeCreated":"2020-10-22T12:21:38.546Z","ProviderGuid":"{5770385f-c22a-43e0-bf4c-06f5698ffbd9}","UtcTime":"2020-10-22 04:21:38.521","ProcessGuid":"{39e4a257-08d2-5f91-f411-000000000700}","Image":"C:\\windows\\hh.exe","Level":"4","Channel":"Microsoft-Windows-Sysmon/Operational","Task":"12","RuleName":"-","SourceName":"Microsoft-Windows-Sysmon","Hostname":"WORKSTATION5","ProcessId":"9144","EventType":"CreateKey","EventID":12,"Keywords":"0x8000000000000000","TargetObject":"HKLM\\SOFTWARE\\Microsoft\\Windows\\CurrentVersion\\Explorer\\Desktop\\NameSpace","Message":"Registry object added or deleted:\r\nRuleName: -\r\nEventType: CreateKey\r\nUtcTime: 2020-10-22 04:21:38.521\r\nProcessGuid: {39e4a257-08d2-5f91-f411-000000000700}\r\nProcessId: 9144\r\nImage: C:\\windows\\hh.exe\r\nTargetObject: HKLM\\SOFTWARE\\Microsoft\\Windows\\CurrentVersion\\Explorer\\Desktop\\NameSpace"}
{"@timestamp":"2020-10-22T12:21:38.546Z","TimeCreated":"2020-10-22T12:21:38.546Z","ProviderGuid":"{5770385f-c22a-43e0-bf4c-06f5698ffbd9}","UtcTime":"2020-10-22 04:21:38.521","ProcessGuid":"{39e4a257-08d2-5f91-f411-000000000700}","Image":"C:\\windows\\hh.exe","Level":"4","Channel":"Microsoft-Windows-Sysmon/Operational","Task":"12","RuleName":"-","SourceName":"Microsoft-Windows-Sysmon","Hostname":"WORKSTATION5","ProcessId":"9144","EventType":"CreateKey","EventID":12,"Keywords":"0x8000000000000000","TargetObject":"HKU\\S-1-5-21-3940915590-64593676-1414006259-500\\Software\\Microsoft\\Windows\\CurrentVersion\\Explorer\\Desktop\\NameSpace","Message":"Registry object added or deleted:\r\nRuleName: -\r\nEventType: CreateKey\r\nUtcTime: 2020-10-22 04:21:38.521\r\nProcessGuid: {39e4a257-08d2-5f91-f411-000000000700}\r\nProcessId: 9144\r\nImage: C:\\windows\\hh.exe\r\nTargetObject: HKU\\S-1-5-21-3940915590-64593676-1414006259-500\\Software\\Microsoft\\Windows\\CurrentVersion\\Explorer\\Desktop\\NameSpace"}
{"@timestamp":"2020-10-22T12:21:38.546Z","TimeCreated":"2020-10-22T12:21:38.546Z","ProviderGuid":"{5770385f-c22a-43e0-bf4c-06f5698ffbd9}","UtcTime":"2020-10-22 04:21:38.521","ProcessGuid":"{39e4a257-08d2-5f91-f411-000000000700}","Image":"C:\\windows\\hh.exe","Level":"4","Channel":"Microsoft-Windows-Sysmon/Operational","Task":"12","RuleName":"-","SourceName":"Microsoft-Windows-Sysmon","Hostname":"WORKSTATION5","ProcessId":"9144","EventType":"CreateKey","EventID":12,"Keywords":"0x8000000000000000","TargetObject":"HKLM\\SOFTWARE\\Microsoft\\Windows\\CurrentVersion\\Explorer\\Desktop\\NameSpace\\DelegateFolders","Message":"Registry object added or deleted:\r\nRuleName: -\r\nEventType: CreateKey\r\nUtcTime: 2020-10-22 04:21:38.521\r\nProcessGuid: {39e4a257-08d2-5f91-f411-000000000700}\r\nProcessId: 9144\r\nImage: C:\\windows\\hh.exe\r\nTargetObject: HKLM\\SOFTWARE\\Microsoft\\Windows\\CurrentVersion\\Explorer\\Desktop\\NameSpace\\DelegateFolders"}
{"@timestamp":"2020-10-22T12:21:38.547Z","TimeCreated":"2020-10-22T12:21:38.547Z","Hashes":"SHA1=D837B06466C7DDE8B0F1F557BD64869F7D8461CB,MD5=AE65F0EB55CCA3989D318F8553B86D45,SHA256=8D32A4ED11296334F1600FB24AA257D459230260414FD507505C132A38795559,IMPHASH=CF1CF044B71EA0BFF6B8C06A1A7D28F0","Signature":"Microsoft Windows","ProviderGuid":"{5770385f-c22a-43e0-bf4c-06f5698ffbd9}","Company":"Microsoft Corporation","UtcTime":"2020-10-22 04:21:38.537","ProcessGuid":"{39e4a257-08d2-5f91-f411-000000000700}","Image":"C:\\Windows\\hh.exe","ImageLoaded":"C:\\Windows\\System32\\msIso.dll","Level":"4","Channel":"Microsoft-Windows-Sysmon/Operational","Task":"7","RuleName":"-","FileVersion":"11.00.18362.1110 (WinBuild.160101.0800)","SourceName":"Microsoft-Windows-Sysmon","Hostname":"WORKSTATION5","ProcessId":"9144","Description":"Isolation Library for Internet Explorer","SignatureStatus":"Valid","Product":"Internet Explorer","EventID":7,"Keywords":"0x8000000000000000","Signed":"true","OriginalFileName":"msIso.dll","Message":"Image loaded:\r\nRuleName: -\r\nUtcTime: 2020-10-22 04:21:38.537\r\nProcessGuid: {39e4a257-08d2-5f91-f411-000000000700}\r\nProcessId: 9144\r\nImage: C:\\Windows\\hh.exe\r\nImageLoaded: C:\\Windows\\System32\\msIso.dll\r\nFileVersion: 11.00.18362.1110 (WinBuild.160101.0800)\r\nDescription: Isolation Library for Internet Explorer\r\nProduct: Internet Explorer\r\nCompany: Microsoft Corporation\r\nOriginalFileName: msIso.dll\r\nHashes: SHA1=D837B06466C7DDE8B0F1F557BD64869F7D8461CB,MD5=AE65F0EB55CCA3989D318F8553B86D45,SHA256=8D32A4ED11296334F1600FB24AA257D459230260414FD507505C132A38795559,IMPHASH=CF1CF044B71EA0BFF6B8C06A1A7D28F0\r\nSigned: true\r\nSignature: Microsoft Windows\r\nSignatureStatus: Valid"}
{"@timestamp":"2020-10-22T12:21:38.547Z","TimeCreated":"2020-10-22T12:21:38.547Z","ProviderGuid":"{5770385f-c22a-43e0-bf4c-06f5698ffbd9}","UtcTime":"2020-10-22 04:21:38.537","ProcessGuid":"{39e4a257-08d2-5f91-f411-000000000700}","Image":"C:\\windows\\hh.exe","Level":"4","Channel":"Microsoft-Windows-Sysmon/Operational","Task":"12","RuleName":"-","SourceName":"Microsoft-Windows-Sysmon","Hostname":"WORKSTATION5","ProcessId":"9144","EventType":"CreateKey","EventID":12,"Keywords":"0x8000000000000000","TargetObject":"HKU\\S-1-5-21-3940915590-64593676-1414006259-500\\Software\\Microsoft\\Windows\\CurrentVersion\\Internet Settings\\ZoneMap","Message":"Registry object added or deleted:\r\nRuleName: -\r\nEventType: CreateKey\r\nUtcTime: 2020-10-22 04:21:38.537\r\nProcessGuid: {39e4a257-08d2-5f91-f411-000000000700}\r\nProcessId: 9144\r\nImage: C:\\windows\\hh.exe\r\nTargetObject: HKU\\S-1-5-21-3940915590-64593676-1414006259-500\\Software\\Microsoft\\Windows\\CurrentVersion\\Internet Settings\\ZoneMap"}
{"@timestamp":"2020-10-22T12:21:38.547Z","TimeCreated":"2020-10-22T12:21:38.547Z","Hashes":"SHA1=A30A81AB6EB472CC79CF9E8C5B47ECA85998801A,MD5=DA9647C845792371DD2F95E1CCC9A63A,SHA256=FE741D2F986B0B9557A90BDF0560F49CD17381D1094C42A91634AABE49F46A1E,IMPHASH=D08C52FA17116C062A28110FE7465D80","Signature":"Microsoft Windows","ProviderGuid":"{5770385f-c22a-43e0-bf4c-06f5698ffbd9}","Company":"Microsoft Corporation","UtcTime":"2020-10-22 04:21:38.537","ProcessGuid":"{39e4a257-08d2-5f91-f411-000000000700}","Image":"C:\\Windows\\hh.exe","ImageLoaded":"C:\\Windows\\System32\\sspicli.dll","Level":"4","Channel":"Microsoft-Windows-Sysmon/Operational","Task":"7","RuleName":"-","FileVersion":"10.0.18362.1049 (WinBuild.160101.0800)","SourceName":"Microsoft-Windows-Sysmon","Hostname":"WORKSTATION5","ProcessId":"9144","Description":"Security Support Provider Interface","SignatureStatus":"Valid","Product":"Microsoft Windows Operating System","EventID":7,"Keywords":"0x8000000000000000","Signed":"true","OriginalFileName":"sspicli.dll","Message":"Image loaded:\r\nRuleName: -\r\nUtcTime: 2020-10-22 04:21:38.537\r\nProcessGuid: {39e4a257-08d2-5f91-f411-000000000700}\r\nProcessId: 9144\r\nImage: C:\\Windows\\hh.exe\r\nImageLoaded: C:\\Windows\\System32\\sspicli.dll\r\nFileVersion: 10.0.18362.1049 (WinBuild.160101.0800)\r\nDescription: Security Support Provider Interface\r\nProduct: Microsoft Windows Operating System\r\nCompany: Microsoft Corporation\r\nOriginalFileName: sspicli.dll\r\nHashes: SHA1=A30A81AB6EB472CC79CF9E8C5B47ECA85998801A,MD5=DA9647C845792371DD2F95E1CCC9A63A,SHA256=FE741D2F986B0B9557A90BDF0560F49CD17381D1094C42A91634AABE49F46A1E,IMPHASH=D08C52FA17116C062A28110FE7465D80\r\nSigned: true\r\nSignature: Microsoft Windows\r\nSignatureStatus: Valid"}
{"GrantedAccess":"0x1000","@timestamp":"2020-10-22T12:21:38.547Z","TimeCreated":"2020-10-22T12:21:38.547Z","SourceThreadId":"1344","SourceImage":"C:\\windows\\system32\\lsass.exe","ProviderGuid":"{5770385f-c22a-43e0-bf4c-06f5698ffbd9}","CallTrace":"C:\\windows\\SYSTEM32\\ntdll.dll+9d154|C:\\windows\\System32\\RPCRT4.dll+2d354|C:\\windows\\system32\\lsasrv.dll+176b9|C:\\windows\\SYSTEM32\\SspiSrv.dll+1a72|C:\\windows\\System32\\RPCRT4.dll+76a63|C:\\windows\\System32\\RPCRT4.dll+da036|C:\\windows\\System32\\RPCRT4.dll+37b7c|C:\\windows\\System32\\RPCRT4.dll+549f8|C:\\windows\\System32\\RPCRT4.dll+2c9b1|C:\\windows\\System32\\RPCRT4.dll+2c26b|C:\\windows\\System32\\RPCRT4.dll+1a8cf|C:\\windows\\System32\\RPCRT4.dll+19d7a|C:\\windows\\System32\\RPCRT4.dll+19361|C:\\windows\\System32\\RPCRT4.dll+18dce|C:\\windows\\System32\\RPCRT4.dll+16a05|C:\\windows\\SYSTEM32\\ntdll.dll+333ed|C:\\windows\\SYSTEM32\\ntdll.dll+34142|C:\\windows\\System32\\KERNEL32.DLL+17c24|C:\\windows\\SYSTEM32\\ntdll.dll+6cea1","UtcTime":"2020-10-22 04:21:38.537","TargetProcessGUID":"{39e4a257-08d2-5f91-f411-000000000700}","SourceProcessId":"756","Level":"4","Channel":"Microsoft-Windows-Sysmon/Operational","Task":"10","RuleName":"-","SourceName":"Microsoft-Windows-Sysmon","Hostname":"WORKSTATION5","SourceProcessGUID":"{39e4a257-f131-5f8b-0c00-000000000700}","TargetProcessId":"9144","EventID":10,"Keywords":"0x8000000000000000","TargetImage":"C:\\windows\\hh.exe","Message":"Process accessed:\r\nRuleName: -\r\nUtcTime: 2020-10-22 04:21:38.537\r\nSourceProcessGUID: {39e4a257-f131-5f8b-0c00-000000000700}\r\nSourceProcessId: 756\r\nSourceThreadId: 1344\r\nSourceImage: C:\\windows\\system32\\lsass.exe\r\nTargetProcessGUID: {39e4a257-08d2-5f91-f411-000000000700}\r\nTargetProcessId: 9144\r\nTargetImage: C:\\windows\\hh.exe\r\nGrantedAccess: 0x1000\r\nCallTrace: C:\\windows\\SYSTEM32\\ntdll.dll+9d154|C:\\windows\\System32\\RPCRT4.dll+2d354|C:\\windows\\system32\\lsasrv.dll+176b9|C:\\windows\\SYSTEM32\\SspiSrv.dll+1a72|C:\\windows\\System32\\RPCRT4.dll+76a63|C:\\windows\\System32\\RPCRT4.dll+da036|C:\\windows\\System32\\RPCRT4.dll+37b7c|C:\\windows\\System32\\RPCRT4.dll+549f8|C:\\windows\\System32\\RPCRT4.dll+2c9b1|C:\\windows\\System32\\RPCRT4.dll+2c26b|C:\\windows\\System32\\RPCRT4.dll+1a8cf|C:\\windows\\System32\\RPCRT4.dll+19d7a|C:\\windows\\System32\\RPCRT4.dll+19361|C:\\windows\\System32\\RPCRT4.dll+18dce|C:\\windows\\System32\\RPCRT4.dll+16a05|C:\\windows\\SYSTEM32\\ntdll.dll+333ed|C:\\windows\\SYSTEM32\\ntdll.dll+34142|C:\\windows\\System32\\KERNEL32.DLL+17c24|C:\\windows\\SYSTEM32\\ntdll.dll+6cea1"}
{"GrantedAccess":"0x1478","@timestamp":"2020-10-22T12:21:38.547Z","TimeCreated":"2020-10-22T12:21:38.547Z","SourceThreadId":"1344","SourceImage":"C:\\windows\\system32\\lsass.exe","ProviderGuid":"{5770385f-c22a-43e0-bf4c-06f5698ffbd9}","CallTrace":"C:\\windows\\SYSTEM32\\ntdll.dll+9c584|C:\\windows\\system32\\lsasrv.dll+179a6|C:\\windows\\system32\\lsasrv.dll+1852f|C:\\windows\\system32\\lsasrv.dll+17814|C:\\windows\\SYSTEM32\\SspiSrv.dll+1a72|C:\\windows\\System32\\RPCRT4.dll+76a63|C:\\windows\\System32\\RPCRT4.dll+da036|C:\\windows\\System32\\RPCRT4.dll+37b7c|C:\\windows\\System32\\RPCRT4.dll+549f8|C:\\windows\\System32\\RPCRT4.dll+2c9b1|C:\\windows\\System32\\RPCRT4.dll+2c26b|C:\\windows\\System32\\RPCRT4.dll+1a8cf|C:\\windows\\System32\\RPCRT4.dll+19d7a|C:\\windows\\System32\\RPCRT4.dll+19361|C:\\windows\\System32\\RPCRT4.dll+18dce|C:\\windows\\System32\\RPCRT4.dll+16a05|C:\\windows\\SYSTEM32\\ntdll.dll+333ed|C:\\windows\\SYSTEM32\\ntdll.dll+34142|C:\\windows\\System32\\KERNEL32.DLL+17c24|C:\\windows\\SYSTEM32\\ntdll.dll+6cea1","UtcTime":"2020-10-22 04:21:38.537","TargetProcessGUID":"{39e4a257-08d2-5f91-f411-000000000700}","SourceProcessId":"756","Level":"4","Channel":"Microsoft-Windows-Sysmon/Operational","Task":"10","RuleName":"-","SourceName":"Microsoft-Windows-Sysmon","Hostname":"WORKSTATION5","SourceProcessGUID":"{39e4a257-f131-5f8b-0c00-000000000700}","TargetProcessId":"9144","EventID":10,"Keywords":"0x8000000000000000","TargetImage":"C:\\windows\\hh.exe","Message":"Process accessed:\r\nRuleName: -\r\nUtcTime: 2020-10-22 04:21:38.537\r\nSourceProcessGUID: {39e4a257-f131-5f8b-0c00-000000000700}\r\nSourceProcessId: 756\r\nSourceThreadId: 1344\r\nSourceImage: C:\\windows\\system32\\lsass.exe\r\nTargetProcessGUID: {39e4a257-08d2-5f91-f411-000000000700}\r\nTargetProcessId: 9144\r\nTargetImage: C:\\windows\\hh.exe\r\nGrantedAccess: 0x1478\r\nCallTrace: C:\\windows\\SYSTEM32\\ntdll.dll+9c584|C:\\windows\\system32\\lsasrv.dll+179a6|C:\\windows\\system32\\lsasrv.dll+1852f|C:\\windows\\system32\\lsasrv.dll+17814|C:\\windows\\SYSTEM32\\SspiSrv.dll+1a72|C:\\windows\\System32\\RPCRT4.dll+76a63|C:\\windows\\System32\\RPCRT4.dll+da036|C:\\windows\\System32\\RPCRT4.dll+37b7c|C:\\windows\\System32\\RPCRT4.dll+549f8|C:\\windows\\System32\\RPCRT4.dll+2c9b1|C:\\windows\\System32\\RPCRT4.dll+2c26b|C:\\windows\\System32\\RPCRT4.dll+1a8cf|C:\\windows\\System32\\RPCRT4.dll+19d7a|C:\\windows\\System32\\RPCRT4.dll+19361|C:\\windows\\System32\\RPCRT4.dll+18dce|C:\\windows\\System32\\RPCRT4.dll+16a05|C:\\windows\\SYSTEM32\\ntdll.dll+333ed|C:\\windows\\SYSTEM32\\ntdll.dll+34142|C:\\windows\\System32\\KERNEL32.DLL+17c24|C:\\windows\\SYSTEM32\\ntdll.dll+6cea1"}
{"@timestamp":"2020-10-22T12:21:38.547Z","TimeCreated":"2020-10-22T12:21:38.547Z","ProviderGuid":"{5770385f-c22a-43e0-bf4c-06f5698ffbd9}","UtcTime":"2020-10-22 04:21:38.537","ProcessGuid":"{39e4a257-08d2-5f91-f411-000000000700}","Image":"C:\\windows\\hh.exe","Level":"4","Channel":"Microsoft-Windows-Sysmon/Operational","Task":"13","RuleName":"-","SourceName":"Microsoft-Windows-Sysmon","Hostname":"WORKSTATION5","Details":"DWORD (0x00000001)","ProcessId":"9144","EventType":"SetValue","EventID":13,"Keywords":"0x8000000000000000","TargetObject":"HKU\\S-1-5-21-3940915590-64593676-1414006259-500\\Software\\Microsoft\\Windows\\CurrentVersion\\Internet Settings\\ZoneMap\\ProxyBypass","Message":"Registry value set:\r\nRuleName: -\r\nEventType: SetValue\r\nUtcTime: 2020-10-22 04:21:38.537\r\nProcessGuid: {39e4a257-08d2-5f91-f411-000000000700}\r\nProcessId: 9144\r\nImage: C:\\windows\\hh.exe\r\nTargetObject: HKU\\S-1-5-21-3940915590-64593676-1414006259-500\\Software\\Microsoft\\Windows\\CurrentVersion\\Internet Settings\\ZoneMap\\ProxyBypass\r\nDetails: DWORD (0x00000001)"}
{"@timestamp":"2020-10-22T12:21:38.547Z","TimeCreated":"2020-10-22T12:21:38.547Z","ProviderGuid":"{5770385f-c22a-43e0-bf4c-06f5698ffbd9}","UtcTime":"2020-10-22 04:21:38.537","ProcessGuid":"{39e4a257-08d2-5f91-f411-000000000700}","Image":"C:\\windows\\hh.exe","Level":"4","Channel":"Microsoft-Windows-Sysmon/Operational","Task":"13","RuleName":"-","SourceName":"Microsoft-Windows-Sysmon","Hostname":"WORKSTATION5","Details":"DWORD (0x00000001)","ProcessId":"9144","EventType":"SetValue","EventID":13,"Keywords":"0x8000000000000000","TargetObject":"HKU\\S-1-5-21-3940915590-64593676-1414006259-500\\Software\\Microsoft\\Windows\\CurrentVersion\\Internet Settings\\ZoneMap\\IntranetName","Message":"Registry value set:\r\nRuleName: -\r\nEventType: SetValue\r\nUtcTime: 2020-10-22 04:21:38.537\r\nProcessGuid: {39e4a257-08d2-5f91-f411-000000000700}\r\nProcessId: 9144\r\nImage: C:\\windows\\hh.exe\r\nTargetObject: HKU\\S-1-5-21-3940915590-64593676-1414006259-500\\Software\\Microsoft\\Windows\\CurrentVersion\\Internet Settings\\ZoneMap\\IntranetName\r\nDetails: DWORD (0x00000001)"}
{"@timestamp":"2020-10-22T12:21:38.547Z","TimeCreated":"2020-10-22T12:21:38.547Z","ProviderGuid":"{5770385f-c22a-43e0-bf4c-06f5698ffbd9}","UtcTime":"2020-10-22 04:21:38.537","ProcessGuid":"{39e4a257-08d2-5f91-f411-000000000700}","Image":"C:\\windows\\hh.exe","Level":"4","Channel":"Microsoft-Windows-Sysmon/Operational","Task":"13","RuleName":"-","SourceName":"Microsoft-Windows-Sysmon","Hostname":"WORKSTATION5","Details":"DWORD (0x00000001)","ProcessId":"9144","EventType":"SetValue","EventID":13,"Keywords":"0x8000000000000000","TargetObject":"HKU\\S-1-5-21-3940915590-64593676-1414006259-500\\Software\\Microsoft\\Windows\\CurrentVersion\\Internet Settings\\ZoneMap\\UNCAsIntranet","Message":"Registry value set:\r\nRuleName: -\r\nEventType: SetValue\r\nUtcTime: 2020-10-22 04:21:38.537\r\nProcessGuid: {39e4a257-08d2-5f91-f411-000000000700}\r\nProcessId: 9144\r\nImage: C:\\windows\\hh.exe\r\nTargetObject: HKU\\S-1-5-21-3940915590-64593676-1414006259-500\\Software\\Microsoft\\Windows\\CurrentVersion\\Internet Settings\\ZoneMap\\UNCAsIntranet\r\nDetails: DWORD (0x00000001)"}
{"@timestamp":"2020-10-22T12:21:38.547Z","TimeCreated":"2020-10-22T12:21:38.547Z","ProviderGuid":"{5770385f-c22a-43e0-bf4c-06f5698ffbd9}","UtcTime":"2020-10-22 04:21:38.537","ProcessGuid":"{39e4a257-08d2-5f91-f411-000000000700}","Image":"C:\\windows\\hh.exe","Level":"4","Channel":"Microsoft-Windows-Sysmon/Operational","Task":"13","RuleName":"-","SourceName":"Microsoft-Windows-Sysmon","Hostname":"WORKSTATION5","Details":"DWORD (0x00000000)","ProcessId":"9144","EventType":"SetValue","EventID":13,"Keywords":"0x8000000000000000","TargetObject":"HKU\\S-1-5-21-3940915590-64593676-1414006259-500\\Software\\Microsoft\\Windows\\CurrentVersion\\Internet Settings\\ZoneMap\\AutoDetect","Message":"Registry value set:\r\nRuleName: -\r\nEventType: SetValue\r\nUtcTime: 2020-10-22 04:21:38.537\r\nProcessGuid: {39e4a257-08d2-5f91-f411-000000000700}\r\nProcessId: 9144\r\nImage: C:\\windows\\hh.exe\r\nTargetObject: HKU\\S-1-5-21-3940915590-64593676-1414006259-500\\Software\\Microsoft\\Windows\\CurrentVersion\\Internet Settings\\ZoneMap\\AutoDetect\r\nDetails: DWORD (0x00000000)"}
{"@timestamp":"2020-10-22T12:21:38.548Z","TimeCreated":"2020-10-22T12:21:38.548Z","ProviderGuid":"{5770385f-c22a-43e0-bf4c-06f5698ffbd9}","UtcTime":"2020-10-22 04:21:38.537","ProcessGuid":"{39e4a257-08d2-5f91-f411-000000000700}","Image":"C:\\windows\\hh.exe","Level":"4","Channel":"Microsoft-Windows-Sysmon/Operational","Task":"13","RuleName":"-","SourceName":"Microsoft-Windows-Sysmon","Hostname":"WORKSTATION5","Details":"DWORD (0x00000001)","ProcessId":"9144","EventType":"SetValue","EventID":13,"Keywords":"0x8000000000000000","TargetObject":"HKU\\S-1-5-21-3940915590-64593676-1414006259-500\\Software\\Microsoft\\Windows\\CurrentVersion\\Internet Settings\\ZoneMap\\ProxyBypass","Message":"Registry value set:\r\nRuleName: -\r\nEventType: SetValue\r\nUtcTime: 2020-10-22 04:21:38.537\r\nProcessGuid: {39e4a257-08d2-5f91-f411-000000000700}\r\nProcessId: 9144\r\nImage: C:\\windows\\hh.exe\r\nTargetObject: HKU\\S-1-5-21-3940915590-64593676-1414006259-500\\Software\\Microsoft\\Windows\\CurrentVersion\\Internet Settings\\ZoneMap\\ProxyBypass\r\nDetails: DWORD (0x00000001)"}
