{"@timestamp":"2020-10-22T01:31:11.484Z","TimeCreated":"2020-10-22T01:31:11.484Z","Hashes":"SHA1=344485EC9EFD7F533E607E24691089DFAEC52875,MD5=8D6F97F949E686D243843AAB74994FCB,SHA256=CC0CB9061A84428C8E56D415789EEAA84E0A24A446E54618885C61598703FCC1,IMPHASH=BE57D3232C688595C3276DB79B66BD35","Signature":"Microsoft Windows","ProviderGuid":"{5770385f-c22a-43e0-bf4c-06f5698ffbd9}","Company":"Microsoft Corporation","UtcTime":"2020-10-22 05:31:11.473","ProcessGuid":"{39e4a257-191f-5f91-6412-000000000700}","Image":"C:\\Windows\\SysWOW64\\calc.exe","ImageLoaded":"C:\\Windows\\SysWOW64\\bcryptprimitives.dll","Level":"4","Channel":"Microsoft-Windows-Sysmon/Operational","Task":"7","RuleName":"-","FileVersion":"10.0.18362.836 (WinBuild.160101.0800)","SourceName":"Microsoft-Windows-Sysmon","Hostname":"WORKSTATION5","ProcessId":"10288","Description":"Windows Cryptographic Primitives Library","SignatureStatus":"Valid","Product":"Microsoft Windows Operating System","EventID":7,"Keywords":"0x8000000000000000","Signed":"true","OriginalFileName":"bcryptprimitives.dll","Message":"Image loaded:\r\nRuleName: -\r\nUtcTime: 2020-10-22 05:31:11.473\r\nProcessGuid: {39e4a257-191f-5f91-6412-000000000700}\r\nProcessId: 10288\r\nImage: C:\\Windows\\SysWOW64\\calc.exe\r\nImageLoaded: C:\\Windows\\SysWOW64\\bcryptprimitives.dll\r\nFileVersion: 10.0.18362.836 (WinBuild.160101.0800)\r\nDescription: Windows Cryptographic Primitives Library\r\nProduct: Microsoft Windows Operating System\r\nCompany: Microsoft Corporation\r\nOriginalFileName: bcryptprimitives.dll\r\nHashes: SHA1=344485EC9EFD7F533E607E24691089DFAEC52875,MD5=8D6F97F949E686D243843AAB74994FCB,SHA256=CC0CB9061A84428C8E56D415789EEAA84E0A24A446E54618885C61598703FCC1,IMPHASH=BE57D3232C688595C3276DB79B66BD35\r\nSigned: true\r\nSignature: Microsoft Windows\r\nSignatureStatus: Valid"}
{"@timestamp":"2020-10-22T01:31:11.485Z","TimeCreated":"2020-10-22T01:31:11.485Z","Hashes":"SHA1=5B9EF68700345F1BF3B0A9BA7FE33513DFA3215C,MD5=F063AD78802BAE3DF61B336824282A65,SHA256=588CFBFC1E9D441D16228EBED5B92AF07963AD295446680E81BFDFCA75A20B40,IMPHASH=938E7EF741C79C98B2F57128B2F6C3CB","Signature":"Microsoft Windows","ProviderGuid":"{5770385f-c22a-43e0-bf4c-06f5698ffbd9}","Company":"Microsoft Corporation","UtcTime":"2020-10-22 05:31:11.473","ProcessGuid":"{39e4a257-191f-5f91-6412-000000000700}","Image":"C:\\Windows\\SysWOW64\\calc.exe","ImageLoaded":"C:\\Windows\\SysWOW64\\sechost.dll","Level":"4","Channel":"Microsoft-Windows-Sysmon/Operational","Task":"7","RuleName":"-","FileVersion":"10.0.18362.959 (WinBuild.160101.0800)","SourceName":"Microsoft-Windows-Sysmon","Hostname":"WORKSTATION5","ProcessId":"10288","Description":"Host for SCM/SDDL/LSA Lookup APIs","SignatureStatus":"Valid","Product":"Microsoft Windows Operating System","EventID":7,"Keywords":"0x8000000000000000","Signed":"true","OriginalFileName":"sechost.dll","Message":"Image loaded:\r\nRuleName: -\r\nUtcTime: 2020-10-22 05:31:11.473\r\nProcessGuid: {39e4a257-191f-5f91-6412-000000000700}\r\nProcessId: 10288\r\nImage: C:\\Windows\\SysWOW64\\calc.exe\r\nImageLoaded: C:\\Windows\\SysWOW64\\sechost.dll\r\nFileVersion: 10.0.18362.959 (WinBuild.160101.0800)\r\nDescription: Host for SCM/SDDL/LSA Lookup APIs\r\nProduct: Microsoft Windows Operating System\r\nCompany: Microsoft Corporation\r\nOriginalFileName: sechost.dll\r\nHashes: SHA1=5B9EF68700345F1BF3B0A9BA7FE33513DFA3215C,MD5=F063AD78802BAE3DF61B336824282A65,SHA256=588CFBFC1E9D441D16228EBED5B92AF07963AD295446680E81BFDFCA75A20B40,IMPHASH=938E7EF741C79C98B2F57128B2F6C3CB\r\nSigned: true\r\nSignature: Microsoft Windows\r\nSignatureStatus: Valid"}
{"@timestamp":"2020-10-22T01:31:11.486Z","TimeCreated":"2020-10-22T01:31:11.486Z","Hashes":"SHA1=AEADF8C9E0567B49B3B7823B26CBC6ADD719A8AC,MD5=1B4F96A19DC61E5635C39FAC81BEA2F6,SHA256=B5C3B95CB76E29D65BF65182C963369D466087884D804ED475578EBF7741559A,IMPHASH=59AEF02DD749E208002284C86CABC7BD","Signature":"Microsoft Windows","ProviderGuid":"{5770385f-c22a-43e0-bf4c-06f5698ffbd9}","Company":"Microsoft Corporation","UtcTime":"2020-10-22 05:31:11.473","ProcessGuid":"{39e4a257-191f-5f91-6412-000000000700}","Image":"C:\\Windows\\SysWOW64\\calc.exe","ImageLoaded":"C:\\Windows\\SysWOW64\\combase.dll","Level":"4","Channel":"Microsoft-Windows-Sysmon/Operational","Task":"7","RuleName":"-","FileVersion":"10.0.18362.1139 (WinBuild.160101.0800)","SourceName":"Microsoft-Windows-Sysmon","Hostname":"WORKSTATION5","ProcessId":"10288","Description":"Microsoft COM for Windows","SignatureStatus":"Valid","Product":"Microsoft Windows Operating System","EventID":7,"Keywords":"0x8000000000000000","Signed":"true","OriginalFileName":"COMBASE.DLL","Message":"Image loaded:\r\nRuleName: -\r\nUtcTime: 2020-10-22 05:31:11.473\r\nProcessGuid: {39e4a257-191f-5f91-6412-000000000700}\r\nProcessId: 10288\r\nImage: C:\\Windows\\SysWOW64\\calc.exe\r\nImageLoaded: C:\\Windows\\SysWOW64\\combase.dll\r\nFileVersion: 10.0.18362.1139 (WinBuild.160101.0800)\r\nDescription: Microsoft COM for Windows\r\nProduct: Microsoft Windows Operating System\r\nCompany: Microsoft Corporation\r\nOriginalFileName: COMBASE.DLL\r\nHashes: SHA1=AEADF8C9E0567B49B3B7823B26CBC6ADD719A8AC,MD5=1B4F96A19DC61E5635C39FAC81BEA2F6,SHA256=B5C3B95CB76E29D65BF65182C963369D466087884D804ED475578EBF7741559A,IMPHASH=59AEF02DD749E208002284C86CABC7BD\r\nSigned: true\r\nSignature: Microsoft Windows\r\nSignatureStatus: Valid"}
{"@timestamp":"2020-10-22T01:31:11.486Z","TimeCreated":"2020-10-22T01:31:11.486Z","Hashes":"SHA1=1F10D066A95E6295380E55EC5CB67C6E3B7D897A,MD5=5BBF8CC934E97DC1103B027136383987,SHA256=C589BC79CC5E6BA4D9DCE3045C184BC85D4926BC425D5A8369A91ABF2A1FD650,IMPHASH=BF9D05C675F8D70947F67B64297EF861","Signature":"Microsoft Windows","ProviderGuid":"{5770385f-c22a-43e0-bf4c-06f5698ffbd9}","Company":"Microsoft Corporation","UtcTime":"2020-10-22 05:31:11.473","ProcessGuid":"{39e4a257-191f-5f91-6412-000000000700}","Image":"C:\\Windows\\SysWOW64\\calc.exe","ImageLoaded":"C:\\Windows\\SysWOW64\\windows.storage.dll","Level":"4","Channel":"Microsoft-Windows-Sysmon/Operational","Task":"7","RuleName":"-","FileVersion":"10.0.18362.1082 (WinBuild.160101.0800)","SourceName":"Microsoft-Windows-Sysmon","Hostname":"WORKSTATION5","ProcessId":"10288","Description":"Microsoft WinRT Storage API","SignatureStatus":"Valid","Product":"Microsoft Windows Operating System","EventID":7,"Keywords":"0x8000000000000000","Signed":"true","OriginalFileName":"Windows.Storage.dll","Message":"Image loaded:\r\nRuleName: -\r\nUtcTime: 2020-10-22 05:31:11.473\r\nProcessGuid: {39e4a257-191f-5f91-6412-000000000700}\r\nProcessId: 10288\r\nImage: C:\\Windows\\SysWOW64\\calc.exe\r\nImageLoaded: C:\\Windows\\SysWOW64\\windows.storage.dll\r\nFileVersion: 10.0.18362.1082 (WinBuild.160101.0800)\r\nDescription: Microsoft WinRT Storage API\r\nProduct: Microsoft Windows Operating System\r\nCompany: Microsoft Corporation\r\nOriginalFileName: Windows.Storage.dll\r\nHashes: SHA1=1F10D066A95E6295380E55EC5CB67C6E3B7D897A,MD5=5BBF8CC934E97DC1103B027136383987,SHA256=C589BC79CC5E6BA4D9DCE3045C184BC85D4926BC425D5A8369A91ABF2A1FD650,IMPHASH=BF9D05C675F8D70947F67B64297EF861\r\nSigned: true\r\nSignature: Microsoft Windows\r\nSignatureStatus: Valid"}
{"@timestamp":"2020-10-22T01:31:11.487Z","TimeCreated":"2020-10-22T01:31:11.487Z","Hashes":"SHA1=85A1BB9B7B719FADCF0EE8D7F63D053F9FCB1BD5,MD5=1F132C76A07ADC8A41B6F9859323E0E0,SHA256=A6DDBC4954687B359C4B1BC7105647828ED9C6C34FBA89C395806EA2420DBB2F,IMPHASH=11BA8F984C80EB875604C1380B72A4D6","Signature":"Microsoft Windows","ProviderGuid":"{5770385f-c22a-43e0-bf4c-06f5698ffbd9}","Company":"Microsoft Corporation","UtcTime":"2020-10-22 05:31:11.473","ProcessGuid":"{39e4a257-191f-5f91-6412-000000000700}","Image":"C:\\Windows\\SysWOW64\\calc.exe","ImageLoaded":"C:\\Windows\\SysWOW64\\msvcp_win.dll","Level":"4","Channel":"Microsoft-Windows-Sysmon/Operational","Task":"7","RuleName":"-","FileVersion":"10.0.18362.1110 (WinBuild.160101.0800)","SourceName":"Microsoft-Windows-Sysmon","Hostname":"WORKSTATION5","ProcessId":"10288","Description":"Microsoft C Runtime Library","SignatureStatus":"Valid","Product":"Microsoft Windows Operating System","EventID":7,"Keywords":"0x8000000000000000","Signed":"true","OriginalFileName":"msvcp_win.dll","Message":"Image loaded:\r\nRuleName: -\r\nUtcTime: 2020-10-22 05:31:11.473\r\nProcessGuid: {39e4a257-191f-5f91-6412-000000000700}\r\nProcessId: 10288\r\nImage: C:\\Windows\\SysWOW64\\calc.exe\r\nImageLoaded: C:\\Windows\\SysWOW64\\msvcp_win.dll\r\nFileVersion: 10.0.18362.1110 (WinBuild.160101.0800)\r\nDescription: Microsoft C Runtime Library\r\nProduct: Microsoft Windows Operating System\r\nCompany: Microsoft Corporation\r\nOriginalFileName: msvcp_win.dll\r\nHashes: SHA1=85A1BB9B7B719FADCF0EE8D7F63D053F9FCB1BD5,MD5=1F132C76A07ADC8A41B6F9859323E0E0,SHA256=A6DDBC4954687B359C4B1BC7105647828ED9C6C34FBA89C395806EA2420DBB2F,IMPHASH=11BA8F984C80EB875604C1380B72A4D6\r\nSigned: true\r\nSignature: Microsoft Windows\r\nSignatureStatus: Valid"}
{"@timestamp":"2020-10-22T01:31:11.487Z","TimeCreated":"2020-10-22T01:31:11.487Z","Hashes":"SHA1=9054404E2881F36FCD5E7A1C0DAEBE14830FF7C8,MD5=841C70EA9D2F8ED3E82E901E6558E206,SHA256=3B533B1A2EAB02AE6DD3C04C3E57FBA672AA8869ECEC79B931565D99E2B28589,IMPHASH=5E28AC6B585A9284F51A788AC518317C","Signature":"Microsoft Windows","ProviderGuid":"{5770385f-c22a-43e0-bf4c-06f5698ffbd9}","Company":"Microsoft Corporation","UtcTime":"2020-10-22 05:31:11.473","ProcessGuid":"{39e4a257-191f-5f91-6412-000000000700}","Image":"C:\\Windows\\SysWOW64\\calc.exe","ImageLoaded":"C:\\Windows\\SysWOW64\\advapi32.dll","Level":"4","Channel":"Microsoft-Windows-Sysmon/Operational","Task":"7","RuleName":"-","FileVersion":"10.0.18362.752 (WinBuild.160101.0800)","SourceName":"Microsoft-Windows-Sysmon","Hostname":"WORKSTATION5","ProcessId":"10288","Description":"Advanced Windows 32 Base API","SignatureStatus":"Valid","Product":"Microsoft Windows Operating System","EventID":7,"Keywords":"0x8000000000000000","Signed":"true","OriginalFileName":"advapi32.dll","Message":"Image loaded:\r\nRuleName: -\r\nUtcTime: 2020-10-22 05:31:11.473\r\nProcessGuid: {39e4a257-191f-5f91-6412-000000000700}\r\nProcessId: 10288\r\nImage: C:\\Windows\\SysWOW64\\calc.exe\r\nImageLoaded: C:\\Windows\\SysWOW64\\advapi32.dll\r\nFileVersion: 10.0.18362.752 (WinBuild.160101.0800)\r\nDescription: Advanced Windows 32 Base API\r\nProduct: Microsoft Windows Operating System\r\nCompany: Microsoft Corporation\r\nOriginalFileName: advapi32.dll\r\nHashes: SHA1=9054404E2881F36FCD5E7A1C0DAEBE14830FF7C8,MD5=841C70EA9D2F8ED3E82E901E6558E206,SHA256=3B533B1A2EAB02AE6DD3C04C3E57FBA672AA8869ECEC79B931565D99E2B28589,IMPHASH=5E28AC6B585A9284F51A788AC518317C\r\nSigned: true\r\nSignature: Microsoft Windows\r\nSignatureStatus: Valid"}
{"@timestamp":"2020-10-22T01:31:11.488Z","TimeCreated":"2020-10-22T01:31:11.488Z","Hashes":"SHA1=760DCCF61D8A27BC01C998E1949794B2C6EEE401,MD5=D531A3D816C570FEC126974A0F7DE907,SHA256=957AD704AE1904AA69E5C2AA1674EFA3762A75AFA1C9C6BFD2EB7BC4C7E1B314,IMPHASH=D532908FC0F7BF85D1442514E6101177","Signature":"Microsoft Windows","ProviderGuid":"{5770385f-c22a-43e0-bf4c-06f5698ffbd9}","Company":"Microsoft Corporation","UtcTime":"2020-10-22 05:31:11.473","ProcessGuid":"{39e4a257-191f-5f91-6412-000000000700}","Image":"C:\\Windows\\SysWOW64\\calc.exe","ImageLoaded":"C:\\Windows\\SysWOW64\\profapi.dll","Level":"4","Channel":"Microsoft-Windows-Sysmon/Operational","Task":"7","RuleName":"-","FileVersion":"10.0.18362.693 (WinBuild.160101.0800)","SourceName":"Microsoft-Windows-Sysmon","Hostname":"WORKSTATION5","ProcessId":"10288","Description":"User Profile Basic API","SignatureStatus":"Valid","Product":"Microsoft Windows Operating System","EventID":7,"Keywords":"0x8000000000000000","Signed":"true","OriginalFileName":"PROFAPI.DLL","Message":"Image loaded:\r\nRuleName: -\r\nUtcTime: 2020-10-22 05:31:11.473\r\nProcessGuid: {39e4a257-191f-5f91-6412-000000000700}\r\nProcessId: 10288\r\nImage: C:\\Windows\\SysWOW64\\calc.exe\r\nImageLoaded: C:\\Windows\\SysWOW64\\profapi.dll\r\nFileVersion: 10.0.18362.693 (WinBuild.160101.0800)\r\nDescription: User Profile Basic API\r\nProduct: Microsoft Windows Operating System\r\nCompany: Microsoft Corporation\r\nOriginalFileName: PROFAPI.DLL\r\nHashes: SHA1=760DCCF61D8A27BC01C998E1949794B2C6EEE401,MD5=D531A3D816C570FEC126974A0F7DE907,SHA256=957AD704AE1904AA69E5C2AA1674EFA3762A75AFA1C9C6BFD2EB7BC4C7E1B314,IMPHASH=D532908FC0F7BF85D1442514E6101177\r\nSigned: true\r\nSignature: Microsoft Windows\r\nSignatureStatus: Valid"}
{"@timestamp":"2020-10-22T01:31:11.493Z","TimeCreated":"2020-10-22T01:31:11.493Z","Hashes":"SHA1=5D735D61FABA97BCCFF7BFE0F5666A97F1321B3B,MD5=98CDEC7A103E158D7222E345E19BB9FF,SHA256=8749289DD56728332696C3B07B838D156BE50B1238B2FC437488B1D9631CDB19,IMPHASH=6E0F782A3578064CCF38D07C54DB952E","Signature":"Microsoft Windows","ProviderGuid":"{5770385f-c22a-43e0-bf4c-06f5698ffbd9}","Company":"Microsoft Corporation","UtcTime":"2020-10-22 05:31:11.473","ProcessGuid":"{39e4a257-191f-5f91-6412-000000000700}","Image":"C:\\Windows\\SysWOW64\\calc.exe","ImageLoaded":"C:\\Windows\\SysWOW64\\powrprof.dll","Level":"4","Channel":"Microsoft-Windows-Sysmon/Operational","Task":"7","RuleName":"-","FileVersion":"10.0.18362.1 (WinBuild.160101.0800)","SourceName":"Microsoft-Windows-Sysmon","Hostname":"WORKSTATION5","ProcessId":"10288","Description":"Power Profile Helper DLL","SignatureStatus":"Valid","Product":"Microsoft Windows Operating System","EventID":7,"Keywords":"0x8000000000000000","Signed":"true","OriginalFileName":"POWRPROF.DLL","Message":"Image loaded:\r\nRuleName: -\r\nUtcTime: 2020-10-22 05:31:11.473\r\nProcessGuid: {39e4a257-191f-5f91-6412-000000000700}\r\nProcessId: 10288\r\nImage: C:\\Windows\\SysWOW64\\calc.exe\r\nImageLoaded: C:\\Windows\\SysWOW64\\powrprof.dll\r\nFileVersion: 10.0.18362.1 (WinBuild.160101.0800)\r\nDescription: Power Profile Helper DLL\r\nProduct: Microsoft Windows Operating System\r\nCompany: Microsoft Corporation\r\nOriginalFileName: POWRPROF.DLL\r\nHashes: SHA1=5D735D61FABA97BCCFF7BFE0F5666A97F1321B3B,MD5=98CDEC7A103E158D7222E345E19BB9FF,SHA256=8749289DD56728332696C3B07B838D156BE50B1238B2FC437488B1D9631CDB19,IMPHASH=6E0F782A3578064CCF38D07C54DB952E\r\nSigned: true\r\nSignature: Microsoft Windows\r\nSignatureStatus: Valid"}
{"@timestamp":"2020-10-22T01:31:11.494Z","TimeCreated":"2020-10-22T01:31:11.494Z","Hashes":"SHA1=F94551C7209848334B6D11EB37C87F26154F6088,MD5=6C0B99BB629982510C1DA46E47AE6F6D,SHA256=B15E5AD0C6A24B8D7A07A50C77D0BD5D17670515BAD710332EA19DC4C169E65F,IMPHASH=211299E899F27C65BF03F1695C3A1DFC","Signature":"Microsoft Windows","ProviderGuid":"{5770385f-c22a-43e0-bf4c-06f5698ffbd9}","Company":"-","UtcTime":"2020-10-22 05:31:11.473","ProcessGuid":"{39e4a257-191f-5f91-6412-000000000700}","Image":"C:\\Windows\\SysWOW64\\calc.exe","ImageLoaded":"C:\\Windows\\SysWOW64\\umpdc.dll","Level":"4","Channel":"Microsoft-Windows-Sysmon/Operational","Task":"7","RuleName":"-","FileVersion":"-","SourceName":"Microsoft-Windows-Sysmon","Hostname":"WORKSTATION5","ProcessId":"10288","Description":"-","SignatureStatus":"Valid","Product":"-","EventID":7,"Keywords":"0x8000000000000000","Signed":"true","OriginalFileName":"-","Message":"Image loaded:\r\nRuleName: -\r\nUtcTime: 2020-10-22 05:31:11.473\r\nProcessGuid: {39e4a257-191f-5f91-6412-000000000700}\r\nProcessId: 10288\r\nImage: C:\\Windows\\SysWOW64\\calc.exe\r\nImageLoaded: C:\\Windows\\SysWOW64\\umpdc.dll\r\nFileVersion: -\r\nDescription: -\r\nProduct: -\r\nCompany: -\r\nOriginalFileName: -\r\nHashes: SHA1=F94551C7209848334B6D11EB37C87F26154F6088,MD5=6C0B99BB629982510C1DA46E47AE6F6D,SHA256=B15E5AD0C6A24B8D7A07A50C77D0BD5D17670515BAD710332EA19DC4C169E65F,IMPHASH=211299E899F27C65BF03F1695C3A1DFC\r\nSigned: true\r\nSignature: Microsoft Windows\r\nSignatureStatus: Valid"}
{"@timestamp":"2020-10-22T01:31:11.494Z","TimeCreated":"2020-10-22T01:31:11.494Z","Hashes":"SHA1=A422554DAF113081BAB0EF522B85A77B20121960,MD5=51A08192752EDFDD0BA99ADB7032A239,SHA256=8EB1D03DD3E18681CAD35F0D1E14874CABD200C345682D03AF1B724645C4EC8A,IMPHASH=62991C5390DFDF0C490A1211BBCA28E7","Signature":"Microsoft Windows","ProviderGuid":"{5770385f-c22a-43e0-bf4c-06f5698ffbd9}","Company":"Microsoft Corporation","UtcTime":"2020-10-22 05:31:11.473","ProcessGuid":"{39e4a257-191f-5f91-6412-000000000700}","Image":"C:\\Windows\\SysWOW64\\calc.exe","ImageLoaded":"C:\\Windows\\SysWOW64\\shlwapi.dll","Level":"4","Channel":"Microsoft-Windows-Sysmon/Operational","Task":"7","RuleName":"-","FileVersion":"10.0.18362.1 (WinBuild.160101.0800)","SourceName":"Microsoft-Windows-Sysmon","Hostname":"WORKSTATION5","ProcessId":"10288","Description":"Shell Light-weight Utility Library","SignatureStatus":"Valid","Product":"Microsoft Windows Operating System","EventID":7,"Keywords":"0x8000000000000000","Signed":"true","OriginalFileName":"SHLWAPI.DLL","Message":"Image loaded:\r\nRuleName: -\r\nUtcTime: 2020-10-22 05:31:11.473\r\nProcessGuid: {39e4a257-191f-5f91-6412-000000000700}\r\nProcessId: 10288\r\nImage: C:\\Windows\\SysWOW64\\calc.exe\r\nImageLoaded: C:\\Windows\\SysWOW64\\shlwapi.dll\r\nFileVersion: 10.0.18362.1 (WinBuild.160101.0800)\r\nDescription: Shell Light-weight Utility Library\r\nProduct: Microsoft Windows Operating System\r\nCompany: Microsoft Corporation\r\nOriginalFileName: SHLWAPI.DLL\r\nHashes: SHA1=A422554DAF113081BAB0EF522B85A77B20121960,MD5=51A08192752EDFDD0BA99ADB7032A239,SHA256=8EB1D03DD3E18681CAD35F0D1E14874CABD200C345682D03AF1B724645C4EC8A,IMPHASH=62991C5390DFDF0C490A1211BBCA28E7\r\nSigned: true\r\nSignature: Microsoft Windows\r\nSignatureStatus: Valid"}
{"@timestamp":"2020-10-22T01:31:11.495Z","TimeCreated":"2020-10-22T01:31:11.495Z","Hashes":"SHA1=58E8EDFB95889E9FBC59CC88FB832295953BA448,MD5=4E7FBE38E5A7B6054DC7C33C62B87651,SHA256=FA239E1F8B6883FFBB78F207B1D24BAF705876373EE416052D035021626E2E4B,IMPHASH=432434C9094663328A41BF9173E2051D","Signature":"Microsoft Windows","ProviderGuid":"{5770385f-c22a-43e0-bf4c-06f5698ffbd9}","Company":"Microsoft Corporation","UtcTime":"2020-10-22 05:31:11.473","ProcessGuid":"{39e4a257-191f-5f91-6412-000000000700}","Image":"C:\\Windows\\SysWOW64\\calc.exe","ImageLoaded":"C:\\Windows\\SysWOW64\\gdi32.dll","Level":"4","Channel":"Microsoft-Windows-Sysmon/Operational","Task":"7","RuleName":"-","FileVersion":"10.0.18362.1 (WinBuild.160101.0800)","SourceName":"Microsoft-Windows-Sysmon","Hostname":"WORKSTATION5","ProcessId":"10288","Description":"GDI Client DLL","SignatureStatus":"Valid","Product":"Microsoft Windows Operating System","EventID":7,"Keywords":"0x8000000000000000","Signed":"true","OriginalFileName":"gdi32","Message":"Image loaded:\r\nRuleName: -\r\nUtcTime: 2020-10-22 05:31:11.473\r\nProcessGuid: {39e4a257-191f-5f91-6412-000000000700}\r\nProcessId: 10288\r\nImage: C:\\Windows\\SysWOW64\\calc.exe\r\nImageLoaded: C:\\Windows\\SysWOW64\\gdi32.dll\r\nFileVersion: 10.0.18362.1 (WinBuild.160101.0800)\r\nDescription: GDI Client DLL\r\nProduct: Microsoft Windows Operating System\r\nCompany: Microsoft Corporation\r\nOriginalFileName: gdi32\r\nHashes: SHA1=58E8EDFB95889E9FBC59CC88FB832295953BA448,MD5=4E7FBE38E5A7B6054DC7C33C62B87651,SHA256=FA239E1F8B6883FFBB78F207B1D24BAF705876373EE416052D035021626E2E4B,IMPHASH=432434C9094663328A41BF9173E2051D\r\nSigned: true\r\nSignature: Microsoft Windows\r\nSignatureStatus: Valid"}
{"@timestamp":"2020-10-22T01:31:11.495Z","TimeCreated":"2020-10-22T01:31:11.495Z","Hashes":"SHA1=F7BA334AC244614685B5A36803369A5AD96382B2,MD5=88A4DB6ADEE9BBF5327C1F0CA88DDAAC,SHA256=BE06FB98E81DCB503F3E79355DE8569FD8A6B485CDFE3421E7D3AB4236B9F7AD,IMPHASH=5D2578ED274AAD83C30A3917C98404EE","Signature":"Microsoft Windows","ProviderGuid":"{5770385f-c22a-43e0-bf4c-06f5698ffbd9}","Company":"Microsoft Corporation","UtcTime":"2020-10-22 05:31:11.473","ProcessGuid":"{39e4a257-191f-5f91-6412-000000000700}","Image":"C:\\Windows\\SysWOW64\\calc.exe","ImageLoaded":"C:\\Windows\\SysWOW64\\win32u.dll","Level":"4","Channel":"Microsoft-Windows-Sysmon/Operational","Task":"7","RuleName":"-","FileVersion":"10.0.18362.1139 (WinBuild.160101.0800)","SourceName":"Microsoft-Windows-Sysmon","Hostname":"WORKSTATION5","ProcessId":"10288","Description":"Win32u","SignatureStatus":"Valid","Product":"Microsoft Windows Operating System","EventID":7,"Keywords":"0x8000000000000000","Signed":"true","OriginalFileName":"Win32u.DLL","Message":"Image loaded:\r\nRuleName: -\r\nUtcTime: 2020-10-22 05:31:11.473\r\nProcessGuid: {39e4a257-191f-5f91-6412-000000000700}\r\nProcessId: 10288\r\nImage: C:\\Windows\\SysWOW64\\calc.exe\r\nImageLoaded: C:\\Windows\\SysWOW64\\win32u.dll\r\nFileVersion: 10.0.18362.1139 (WinBuild.160101.0800)\r\nDescription: Win32u\r\nProduct: Microsoft Windows Operating System\r\nCompany: Microsoft Corporation\r\nOriginalFileName: Win32u.DLL\r\nHashes: SHA1=F7BA334AC244614685B5A36803369A5AD96382B2,MD5=88A4DB6ADEE9BBF5327C1F0CA88DDAAC,SHA256=BE06FB98E81DCB503F3E79355DE8569FD8A6B485CDFE3421E7D3AB4236B9F7AD,IMPHASH=5D2578ED274AAD83C30A3917C98404EE\r\nSigned: true\r\nSignature: Microsoft Windows\r\nSignatureStatus: Valid"}
{"@timestamp":"2020-10-22T01:31:11.496Z","TimeCreated":"2020-10-22T01:31:11.496Z","Hashes":"SHA1=3E8B754E615ECF2951E5D47A51666E424CC8BE91,MD5=0BD0181724E747F7A37F22EDB3453F78,SHA256=8B9C82EBC4B74FB89F452A05E71BBD8A4376BB1191AE4FCD87CC4FBBA14E1DEF,IMPHASH=7D2516EC862880B252427B7A60C91254","Signature":"Microsoft Windows","ProviderGuid":"{5770385f-c22a-43e0-bf4c-06f5698ffbd9}","Company":"Microsoft Corporation","UtcTime":"2020-10-22 05:31:11.473","ProcessGuid":"{39e4a257-191f-5f91-6412-000000000700}","Image":"C:\\Windows\\SysWOW64\\calc.exe","ImageLoaded":"C:\\Windows\\SysWOW64\\gdi32full.dll","Level":"4","Channel":"Microsoft-Windows-Sysmon/Operational","Task":"7","RuleName":"-","FileVersion":"10.0.18362.1139 (WinBuild.160101.0800)","SourceName":"Microsoft-Windows-Sysmon","Hostname":"WORKSTATION5","ProcessId":"10288","Description":"GDI Client DLL","SignatureStatus":"Valid","Product":"Microsoft Windows Operating System","EventID":7,"Keywords":"0x8000000000000000","Signed":"true","OriginalFileName":"gdi32","Message":"Image loaded:\r\nRuleName: -\r\nUtcTime: 2020-10-22 05:31:11.473\r\nProcessGuid: {39e4a257-191f-5f91-6412-000000000700}\r\nProcessId: 10288\r\nImage: C:\\Windows\\SysWOW64\\calc.exe\r\nImageLoaded: C:\\Windows\\SysWOW64\\gdi32full.dll\r\nFileVersion: 10.0.18362.1139 (WinBuild.160101.0800)\r\nDescription: GDI Client DLL\r\nProduct: Microsoft Windows Operating System\r\nCompany: Microsoft Corporation\r\nOriginalFileName: gdi32\r\nHashes: SHA1=3E8B754E615ECF2951E5D47A51666E424CC8BE91,MD5=0BD0181724E747F7A37F22EDB3453F78,SHA256=8B9C82EBC4B74FB89F452A05E71BBD8A4376BB1191AE4FCD87CC4FBBA14E1DEF,IMPHASH=7D2516EC862880B252427B7A60C91254\r\nSigned: true\r\nSignature: Microsoft Windows\r\nSignatureStatus: Valid"}
{"@timestamp":"2020-10-22T01:31:11.497Z","TimeCreated":"2020-10-22T01:31:11.497Z","Hashes":"SHA1=02A14BF4D4155F7AE33F7E7E892DF6381027BC3E,MD5=EE843EF37CA79C8C60A0261999411CA6,SHA256=49BB936A3DFAFDCCD2DEE5AC65FB936CF3E44B09A71CB4B7D3DC599F9D1CE241,IMPHASH=FC723BFB16384B9A9334F645E7850B95","Signature":"Microsoft Windows","ProviderGuid":"{5770385f-c22a-43e0-bf4c-06f5698ffbd9}","Company":"Microsoft Corporation","UtcTime":"2020-10-22 05:31:11.473","ProcessGuid":"{39e4a257-191f-5f91-6412-000000000700}","Image":"C:\\Windows\\SysWOW64\\calc.exe","ImageLoaded":"C:\\Windows\\SysWOW64\\user32.dll","Level":"4","Channel":"Microsoft-Windows-Sysmon/Operational","Task":"7","RuleName":"-","FileVersion":"10.0.18362.1110 (WinBuild.160101.0800)","SourceName":"Microsoft-Windows-Sysmon","Hostname":"WORKSTATION5","ProcessId":"10288","Description":"Multi-User Windows USER API Client DLL","SignatureStatus":"Valid","Product":"Microsoft Windows Operating System","EventID":7,"Keywords":"0x8000000000000000","Signed":"true","OriginalFileName":"user32","Message":"Image loaded:\r\nRuleName: -\r\nUtcTime: 2020-10-22 05:31:11.473\r\nProcessGuid: {39e4a257-191f-5f91-6412-000000000700}\r\nProcessId: 10288\r\nImage: C:\\Windows\\SysWOW64\\calc.exe\r\nImageLoaded: C:\\Windows\\SysWOW64\\user32.dll\r\nFileVersion: 10.0.18362.1110 (WinBuild.160101.0800)\r\nDescription: Multi-User Windows USER API Client DLL\r\nProduct: Microsoft Windows Operating System\r\nCompany: Microsoft Corporation\r\nOriginalFileName: user32\r\nHashes: SHA1=02A14BF4D4155F7AE33F7E7E892DF6381027BC3E,MD5=EE843EF37CA79C8C60A0261999411CA6,SHA256=49BB936A3DFAFDCCD2DEE5AC65FB936CF3E44B09A71CB4B7D3DC599F9D1CE241,IMPHASH=FC723BFB16384B9A9334F645E7850B95\r\nSigned: true\r\nSignature: Microsoft Windows\r\nSignatureStatus: Valid"}
{"@timestamp":"2020-10-22T01:31:11.498Z","TimeCreated":"2020-10-22T01:31:11.498Z","Hashes":"SHA1=8A1915ECD12930C00B1C1BEFBD13294C39E59228,MD5=DAF6C49CD2F99B360FFBDB79E4193274,SHA256=1FA0A55F470D1B59143B5367B94422DE32694828861F4FA830DA38DBEE72A5A9,IMPHASH=6150B4247FB1D7D269D5BC05C440D8CA","Signature":"Microsoft Windows","ProviderGuid":"{5770385f-c22a-43e0-bf4c-06f5698ffbd9}","Company":"Microsoft Corporation","UtcTime":"2020-10-22 05:31:11.473","ProcessGuid":"{39e4a257-191f-5f91-6412-000000000700}","Image":"C:\\Windows\\SysWOW64\\calc.exe","ImageLoaded":"C:\\Windows\\SysWOW64\\kernel.appcore.dll","Level":"4","Channel":"Microsoft-Windows-Sysmon/Operational","Task":"7","RuleName":"-","FileVersion":"10.0.18362.1110 (WinBuild.160101.0800)","SourceName":"Microsoft-Windows-Sysmon","Hostname":"WORKSTATION5","ProcessId":"10288","Description":"AppModel API Host","SignatureStatus":"Valid","Product":"Microsoft Windows Operating System","EventID":7,"Keywords":"0x8000000000000000","Signed":"true","OriginalFileName":"kernel.appcore.dll","Message":"Image loaded:\r\nRuleName: -\r\nUtcTime: 2020-10-22 05:31:11.473\r\nProcessGuid: {39e4a257-191f-5f91-6412-000000000700}\r\nProcessId: 10288\r\nImage: C:\\Windows\\SysWOW64\\calc.exe\r\nImageLoaded: C:\\Windows\\SysWOW64\\kernel.appcore.dll\r\nFileVersion: 10.0.18362.1110 (WinBuild.160101.0800)\r\nDescription: AppModel API Host\r\nProduct: Microsoft Windows Operating System\r\nCompany: Microsoft Corporation\r\nOriginalFileName: kernel.appcore.dll\r\nHashes: SHA1=8A1915ECD12930C00B1C1BEFBD13294C39E59228,MD5=DAF6C49CD2F99B360FFBDB79E4193274,SHA256=1FA0A55F470D1B59143B5367B94422DE32694828861F4FA830DA38DBEE72A5A9,IMPHASH=6150B4247FB1D7D269D5BC05C440D8CA\r\nSigned: true\r\nSignature: Microsoft Windows\r\nSignatureStatus: Valid"}
{"@timestamp":"2020-10-22T01:31:11.498Z","TimeCreated":"2020-10-22T01:31:11.498Z","Hashes":"SHA1=02C2FAAC5885753B675D7EF37F0915E692BA72C5,MD5=0F47684C213A9A4E77E9CB5CD3A1C70D,SHA256=1E09EFA45DB40FE1803E421EF090B82494600CBAD1A5184BE4B7B4158B62B642,IMPHASH=BA072A972FE6C47C8CF7A0347BB0AF7A","Signature":"Microsoft Windows","ProviderGuid":"{5770385f-c22a-43e0-bf4c-06f5698ffbd9}","Company":"Microsoft Corporation","UtcTime":"2020-10-22 05:31:11.441","ProcessGuid":"{39e4a257-191f-5f91-6412-000000000700}","Image":"C:\\Windows\\SysWOW64\\calc.exe","ImageLoaded":"C:\\Windows\\SysWOW64\\calc.exe","Level":"4","Channel":"Microsoft-Windows-Sysmon/Operational","Task":"7","RuleName":"-","FileVersion":"10.0.18362.1 (WinBuild.160101.0800)","SourceName":"Microsoft-Windows-Sysmon","Hostname":"WORKSTATION5","ProcessId":"10288","Description":"Windows Calculator","SignatureStatus":"Valid","Product":"Microsoft Windows Operating System","EventID":7,"Keywords":"0x8000000000000000","Signed":"true","OriginalFileName":"CALC.EXE","Message":"Image loaded:\r\nRuleName: -\r\nUtcTime: 2020-10-22 05:31:11.441\r\nProcessGuid: {39e4a257-191f-5f91-6412-000000000700}\r\nProcessId: 10288\r\nImage: C:\\Windows\\SysWOW64\\calc.exe\r\nImageLoaded: C:\\Windows\\SysWOW64\\calc.exe\r\nFileVersion: 10.0.18362.1 (WinBuild.160101.0800)\r\nDescription: Windows Calculator\r\nProduct: Microsoft Windows Operating System\r\nCompany: Microsoft Corporation\r\nOriginalFileName: CALC.EXE\r\nHashes: SHA1=02C2FAAC5885753B675D7EF37F0915E692BA72C5,MD5=0F47684C213A9A4E77E9CB5CD3A1C70D,SHA256=1E09EFA45DB40FE1803E421EF090B82494600CBAD1A5184BE4B7B4158B62B642,IMPHASH=BA072A972FE6C47C8CF7A0347BB0AF7A\r\nSigned: true\r\nSignature: Microsoft Windows\r\nSignatureStatus: Valid"}
{"@timestamp":"2020-10-22T01:31:11.498Z","TimeCreated":"2020-10-22T01:31:11.498Z","Hashes":"SHA1=A0BF69C99B7F3A7E2AF630B411945B6A55A3EDA0,MD5=CD0FD8A767EC4F1E177DB2B77001E16A,SHA256=033EDBC7A032E745EAD8C924417234CF3A4CD27AEFC474CC1A79A2426FEB15FB,IMPHASH=C54E88E35A24F5BA0A76FE0038B038A7","Signature":"Microsoft Windows","ProviderGuid":"{5770385f-c22a-43e0-bf4c-06f5698ffbd9}","Company":"Microsoft Corporation","UtcTime":"2020-10-22 05:31:11.473","ProcessGuid":"{39e4a257-191f-5f91-6412-000000000700}","Image":"C:\\Windows\\SysWOW64\\calc.exe","ImageLoaded":"C:\\Windows\\SysWOW64\\cryptsp.dll","Level":"4","Channel":"Microsoft-Windows-Sysmon/Operational","Task":"7","RuleName":"-","FileVersion":"10.0.18362.1 (WinBuild.160101.0800)","SourceName":"Microsoft-Windows-Sysmon","Hostname":"WORKSTATION5","ProcessId":"10288","Description":"Cryptographic Service Provider API","SignatureStatus":"Valid","Product":"Microsoft Windows Operating System","EventID":7,"Keywords":"0x8000000000000000","Signed":"true","OriginalFileName":"cryptsp.dll","Message":"Image loaded:\r\nRuleName: -\r\nUtcTime: 2020-10-22 05:31:11.473\r\nProcessGuid: {39e4a257-191f-5f91-6412-000000000700}\r\nProcessId: 10288\r\nImage: C:\\Windows\\SysWOW64\\calc.exe\r\nImageLoaded: C:\\Windows\\SysWOW64\\cryptsp.dll\r\nFileVersion: 10.0.18362.1 (WinBuild.160101.0800)\r\nDescription: Cryptographic Service Provider API\r\nProduct: Microsoft Windows Operating System\r\nCompany: Microsoft Corporation\r\nOriginalFileName: cryptsp.dll\r\nHashes: SHA1=A0BF69C99B7F3A7E2AF630B411945B6A55A3EDA0,MD5=CD0FD8A767EC4F1E177DB2B77001E16A,SHA256=033EDBC7A032E745EAD8C924417234CF3A4CD27AEFC474CC1A79A2426FEB15FB,IMPHASH=C54E88E35A24F5BA0A76FE0038B038A7\r\nSigned: true\r\nSignature: Microsoft Windows\r\nSignatureStatus: Valid"}
{"@timestamp":"2020-10-22T01:31:11.499Z","TimeCreated":"2020-10-22T01:31:11.499Z","Hashes":"SHA1=0CA419DC69750BD56EEAC797151693F1CEA9DF43,MD5=24949EEC89B5C62985E9F9239D056B15,SHA256=49BC4C8EA4BB89EE6498774104647F27BFC9B5CC6C3BAF927B813B00558097CB,IMPHASH=0A59C266C86B725AFF2A51A9A37BF73C","Signature":"Microsoft Windows","ProviderGuid":"{5770385f-c22a-43e0-bf4c-06f5698ffbd9}","Company":"Microsoft Corporation","UtcTime":"2020-10-22 05:31:11.488","ProcessGuid":"{39e4a257-191f-5f91-6412-000000000700}","Image":"C:\\Windows\\SysWOW64\\calc.exe","ImageLoaded":"C:\\Windows\\SysWOW64\\imm32.dll","Level":"4","Channel":"Microsoft-Windows-Sysmon/Operational","Task":"7","RuleName":"-","FileVersion":"10.0.18362.387 (WinBuild.160101.0800)","SourceName":"Microsoft-Windows-Sysmon","Hostname":"WORKSTATION5","ProcessId":"10288","Description":"Multi-User Windows IMM32 API Client DLL","SignatureStatus":"Valid","Product":"Microsoft Windows Operating System","EventID":7,"Keywords":"0x8000000000000000","Signed":"true","OriginalFileName":"imm32","Message":"Image loaded:\r\nRuleName: -\r\nUtcTime: 2020-10-22 05:31:11.488\r\nProcessGuid: {39e4a257-191f-5f91-6412-000000000700}\r\nProcessId: 10288\r\nImage: C:\\Windows\\SysWOW64\\calc.exe\r\nImageLoaded: C:\\Windows\\SysWOW64\\imm32.dll\r\nFileVersion: 10.0.18362.387 (WinBuild.160101.0800)\r\nDescription: Multi-User Windows IMM32 API Client DLL\r\nProduct: Microsoft Windows Operating System\r\nCompany: Microsoft Corporation\r\nOriginalFileName: imm32\r\nHashes: SHA1=0CA419DC69750BD56EEAC797151693F1CEA9DF43,MD5=24949EEC89B5C62985E9F9239D056B15,SHA256=49BC4C8EA4BB89EE6498774104647F27BFC9B5CC6C3BAF927B813B00558097CB,IMPHASH=0A59C266C86B725AFF2A51A9A37BF73C\r\nSigned: true\r\nSignature: Microsoft Windows\r\nSignatureStatus: Valid"}
{"@timestamp":"2020-10-22T01:31:11.502Z","TimeCreated":"2020-10-22T01:31:11.502Z","Hashes":"SHA1=C0B2D2BAA08F1D906A3015816A2699AB9C594BF1,MD5=E9221B749439B731DB847C7F7360F65B,SHA256=A3D6BBF51749EAADF18AA64B94BAF5E04E55716C466ACCE0B7F87502DBE282B5,IMPHASH=60C8C6AE3944246E379D0AE2BE06505C","Signature":"Microsoft Windows","ProviderGuid":"{5770385f-c22a-43e0-bf4c-06f5698ffbd9}","Company":"Microsoft Corporation","UtcTime":"2020-10-22 05:31:11.488","ProcessGuid":"{39e4a257-191f-5f91-6412-000000000700}","Image":"C:\\Windows\\SysWOW64\\calc.exe","ImageLoaded":"C:\\Windows\\SysWOW64\\ole32.dll","Level":"4","Channel":"Microsoft-Windows-Sysmon/Operational","Task":"7","RuleName":"-","FileVersion":"10.0.18362.1082 (WinBuild.160101.0800)","SourceName":"Microsoft-Windows-Sysmon","Hostname":"WORKSTATION5","ProcessId":"10288","Description":"Microsoft OLE for Windows","SignatureStatus":"Valid","Product":"Microsoft Windows Operating System","EventID":7,"Keywords":"0x8000000000000000","Signed":"true","OriginalFileName":"OLE32.DLL","Message":"Image loaded:\r\nRuleName: -\r\nUtcTime: 2020-10-22 05:31:11.488\r\nProcessGuid: {39e4a257-191f-5f91-6412-000000000700}\r\nProcessId: 10288\r\nImage: C:\\Windows\\SysWOW64\\calc.exe\r\nImageLoaded: C:\\Windows\\SysWOW64\\ole32.dll\r\nFileVersion: 10.0.18362.1082 (WinBuild.160101.0800)\r\nDescription: Microsoft OLE for Windows\r\nProduct: Microsoft Windows Operating System\r\nCompany: Microsoft Corporation\r\nOriginalFileName: OLE32.DLL\r\nHashes: SHA1=C0B2D2BAA08F1D906A3015816A2699AB9C594BF1,MD5=E9221B749439B731DB847C7F7360F65B,SHA256=A3D6BBF51749EAADF18AA64B94BAF5E04E55716C466ACCE0B7F87502DBE282B5,IMPHASH=60C8C6AE3944246E379D0AE2BE06505C\r\nSigned: true\r\nSignature: Microsoft Windows\r\nSignatureStatus: Valid"}
{"@timestamp":"2020-10-22T01:31:11.504Z","TimeCreated":"2020-10-22T01:31:11.504Z","Hashes":"SHA1=2EB5966B6233C294BBC51BEEEAE34A38095C66D5,MD5=4A1362F51A473243DF47472BAFB8EDBC,SHA256=BF75051D9828DD11CB0461135EBD20035226909F2234BF6DBED6348FD52FDBDE,IMPHASH=25F314CEB111815A3625ED7694DA9C0D","Signature":"Microsoft Windows","ProviderGuid":"{5770385f-c22a-43e0-bf4c-06f5698ffbd9}","Company":"Microsoft Corporation","UtcTime":"2020-10-22 05:31:11.488","ProcessGuid":"{39e4a257-191f-5f91-6412-000000000700}","Image":"C:\\Windows\\SysWOW64\\calc.exe","ImageLoaded":"C:\\Windows\\SysWOW64\\uxtheme.dll","Level":"4","Channel":"Microsoft-Windows-Sysmon/Operational","Task":"7","RuleName":"-","FileVersion":"10.0.18362.449 (WinBuild.160101.0800)","SourceName":"Microsoft-Windows-Sysmon","Hostname":"WORKSTATION5","ProcessId":"10288","Description":"Microsoft UxTheme Library","SignatureStatus":"Valid","Product":"Microsoft Windows Operating System","EventID":7,"Keywords":"0x8000000000000000","Signed":"true","OriginalFileName":"UxTheme.dll","Message":"Image loaded:\r\nRuleName: -\r\nUtcTime: 2020-10-22 05:31:11.488\r\nProcessGuid: {39e4a257-191f-5f91-6412-000000000700}\r\nProcessId: 10288\r\nImage: C:\\Windows\\SysWOW64\\calc.exe\r\nImageLoaded: C:\\Windows\\SysWOW64\\uxtheme.dll\r\nFileVersion: 10.0.18362.449 (WinBuild.160101.0800)\r\nDescription: Microsoft UxTheme Library\r\nProduct: Microsoft Windows Operating System\r\nCompany: Microsoft Corporation\r\nOriginalFileName: UxTheme.dll\r\nHashes: SHA1=2EB5966B6233C294BBC51BEEEAE34A38095C66D5,MD5=4A1362F51A473243DF47472BAFB8EDBC,SHA256=BF75051D9828DD11CB0461135EBD20035226909F2234BF6DBED6348FD52FDBDE,IMPHASH=25F314CEB111815A3625ED7694DA9C0D\r\nSigned: true\r\nSignature: Microsoft Windows\r\nSignatureStatus: Valid"}
{"GrantedAccess":"0x1478","@timestamp":"2020-10-22T01:31:11.504Z","TimeCreated":"2020-10-22T01:31:11.504Z","SourceThreadId":"2236","SourceImage":"C:\\windows\\System32\\svchost.exe","ProviderGuid":"{5770385f-c22a-43e0-bf4c-06f5698ffbd9}","CallTrace":"C:\\windows\\SYSTEM32\\ntdll.dll+9c584|c:\\windows\\system32\\themeservice.dll+1a9a|c:\\windows\\system32\\themeservice.dll+1736|c:\\windows\\system32\\themeservice.dll+6026|c:\\windows\\system32\\themeservice.dll+ad9a|c:\\windows\\system32\\themeservice.dll+9dcf|C:\\windows\\System32\\svchost.exe+314c|C:\\windows\\System32\\sechost.dll+2de2|C:\\windows\\System32\\KERNEL32.DLL+17c24|C:\\windows\\SYSTEM32\\ntdll.dll+6cea1","UtcTime":"2020-10-22 05:31:11.488","TargetProcessGUID":"{39e4a257-191f-5f91-6412-000000000700}","SourceProcessId":"2064","Level":"4","Channel":"Microsoft-Windows-Sysmon/Operational","Task":"10","RuleName":"-","SourceName":"Microsoft-Windows-Sysmon","Hostname":"WORKSTATION5","SourceProcessGUID":"{39e4a257-f133-5f8b-3400-000000000700}","TargetProcessId":"10288","EventID":10,"Keywords":"0x8000000000000000","TargetImage":"c:\\windows\\SysWOW64\\calc.exe","Message":"Process accessed:\r\nRuleName: -\r\nUtcTime: 2020-10-22 05:31:11.488\r\nSourceProcessGUID: {39e4a257-f133-5f8b-3400-000000000700}\r\nSourceProcessId: 2064\r\nSourceThreadId: 2236\r\nSourceImage: C:\\windows\\System32\\svchost.exe\r\nTargetProcessGUID: {39e4a257-191f-5f91-6412-000000000700}\r\nTargetProcessId: 10288\r\nTargetImage: c:\\windows\\SysWOW64\\calc.exe\r\nGrantedAccess: 0x1478\r\nCallTrace: C:\\windows\\SYSTEM32\\ntdll.dll+9c584|c:\\windows\\system32\\themeservice.dll+1a9a|c:\\windows\\system32\\themeservice.dll+1736|c:\\windows\\system32\\themeservice.dll+6026|c:\\windows\\system32\\themeservice.dll+ad9a|c:\\windows\\system32\\themeservice.dll+9dcf|C:\\windows\\System32\\svchost.exe+314c|C:\\windows\\System32\\sechost.dll+2de2|C:\\windows\\System32\\KERNEL32.DLL+17c24|C:\\windows\\SYSTEM32\\ntdll.dll+6cea1"}
{"GrantedAccess":"0x1400","@timestamp":"2020-10-22T01:31:11.504Z","TimeCreated":"2020-10-22T01:31:11.504Z","SourceThreadId":"8292","SourceImage":"C:\\windows\\System32\\svchost.exe","ProviderGuid":"{5770385f-c22a-43e0-bf4c-06f5698ffbd9}","CallTrace":"C:\\windows\\SYSTEM32\\ntdll.dll+9c584|c:\\windows\\system32\\themeservice.dll+1d60|c:\\windows\\system32\\themeservice.dll+1595|c:\\windows\\system32\\themeservice.dll+1461|c:\\windows\\system32\\themeservice.dll+1886|C:\\windows\\SYSTEM32\\ntdll.dll+2f655|C:\\windows\\SYSTEM32\\ntdll.dll+345b4|C:\\windows\\System32\\KERNEL32.DLL+17c24|C:\\windows\\SYSTEM32\\ntdll.dll+6cea1","UtcTime":"2020-10-22 05:31:11.488","TargetProcessGUID":"{39e4a257-191f-5f91-6412-000000000700}","SourceProcessId":"2064","Level":"4","Channel":"Microsoft-Windows-Sysmon/Operational","Task":"10","RuleName":"-","SourceName":"Microsoft-Windows-Sysmon","Hostname":"WORKSTATION5","SourceProcessGUID":"{39e4a257-f133-5f8b-3400-000000000700}","TargetProcessId":"10288","EventID":10,"Keywords":"0x8000000000000000","TargetImage":"c:\\windows\\SysWOW64\\calc.exe","Message":"Process accessed:\r\nRuleName: -\r\nUtcTime: 2020-10-22 05:31:11.488\r\nSourceProcessGUID: {39e4a257-f133-5f8b-3400-000000000700}\r\nSourceProcessId: 2064\r\nSourceThreadId: 8292\r\nSourceImage: C:\\windows\\System32\\svchost.exe\r\nTargetProcessGUID: {39e4a257-191f-5f91-6412-000000000700}\r\nTargetProcessId: 10288\r\nTargetImage: c:\\windows\\SysWOW64\\calc.exe\r\nGrantedAccess: 0x1400\r\nCallTrace: C:\\windows\\SYSTEM32\\ntdll.dll+9c584|c:\\windows\\system32\\themeservice.dll+1d60|c:\\windows\\system32\\themeservice.dll+1595|c:\\windows\\system32\\themeservice.dll+1461|c:\\windows\\system32\\themeservice.dll+1886|C:\\windows\\SYSTEM32\\ntdll.dll+2f655|C:\\windows\\SYSTEM32\\ntdll.dll+345b4|C:\\windows\\System32\\KERNEL32.DLL+17c24|C:\\windows\\SYSTEM32\\ntdll.dll+6cea1"}
{"@timestamp":"2020-10-22T01:31:11.506Z","TimeCreated":"2020-10-22T01:31:11.506Z","Hashes":"SHA1=13B0DEB998CE23E7651F6E28E05B38964396CCCB,MD5=67A7660053521B980407EB267D44A48C,SHA256=B9B74291C3BC47FFF9AED55477F7EF23D183449365E79ED7CB469AF284B0028B,IMPHASH=819581F66277043C0015E7EFD22E8CE9","Signature":"Microsoft Windows","ProviderGuid":"{5770385f-c22a-43e0-bf4c-06f5698ffbd9}","Company":"Microsoft Corporation","UtcTime":"2020-10-22 05:31:11.504","ProcessGuid":"{39e4a257-191f-5f91-6412-000000000700}","Image":"C:\\Windows\\SysWOW64\\calc.exe","ImageLoaded":"C:\\Windows\\SysWOW64\\propsys.dll","Level":"4","Channel":"Microsoft-Windows-Sysmon/Operational","Task":"7","RuleName":"-","FileVersion":"7.0.18362.815 (WinBuild.160101.0800)","SourceName":"Microsoft-Windows-Sysmon","Hostname":"WORKSTATION5","ProcessId":"10288","Description":"Microsoft Property System","SignatureStatus":"Valid","Product":"Windows Search","EventID":7,"Keywords":"0x8000000000000000","Signed":"true","OriginalFileName":"propsys.dll","Message":"Image loaded:\r\nRuleName: -\r\nUtcTime: 2020-10-22 05:31:11.504\r\nProcessGuid: {39e4a257-191f-5f91-6412-000000000700}\r\nProcessId: 10288\r\nImage: C:\\Windows\\SysWOW64\\calc.exe\r\nImageLoaded: C:\\Windows\\SysWOW64\\propsys.dll\r\nFileVersion: 7.0.18362.815 (WinBuild.160101.0800)\r\nDescription: Microsoft Property System\r\nProduct: Windows Search\r\nCompany: Microsoft Corporation\r\nOriginalFileName: propsys.dll\r\nHashes: SHA1=13B0DEB998CE23E7651F6E28E05B38964396CCCB,MD5=67A7660053521B980407EB267D44A48C,SHA256=B9B74291C3BC47FFF9AED55477F7EF23D183449365E79ED7CB469AF284B0028B,IMPHASH=819581F66277043C0015E7EFD22E8CE9\r\nSigned: true\r\nSignature: Microsoft Windows\r\nSignatureStatus: Valid"}
{"@timestamp":"2020-10-22T01:31:11.506Z","TimeCreated":"2020-10-22T01:31:11.506Z","Hashes":"SHA1=0BFADA78884BDBA25321D424EB1D245870481980,MD5=8C9DE65D8F866DEDA4CC23BB6B7D7CE9,SHA256=1028B3B94FE22D129D44A9FDBBAECAD97A91661D416AA4420FD7DB356DEAC26A,IMPHASH=31A9AA4843E74555084EF2AEB51A40A6","Signature":"Microsoft Windows","ProviderGuid":"{5770385f-c22a-43e0-bf4c-06f5698ffbd9}","Company":"Microsoft Corporation","UtcTime":"2020-10-22 05:31:11.504","ProcessGuid":"{39e4a257-191f-5f91-6412-000000000700}","Image":"C:\\Windows\\SysWOW64\\calc.exe","ImageLoaded":"C:\\Windows\\SysWOW64\\oleaut32.dll","Level":"4","Channel":"Microsoft-Windows-Sysmon/Operational","Task":"7","RuleName":"-","FileVersion":"10.0.18362.1110 (WinBuild.160101.0800)","SourceName":"Microsoft-Windows-Sysmon","Hostname":"WORKSTATION5","ProcessId":"10288","Description":"OLEAUT32.DLL","SignatureStatus":"Valid","Product":"Microsoft Windows Operating System","EventID":7,"Keywords":"0x8000000000000000","Signed":"true","OriginalFileName":"OLEAUT32.DLL","Message":"Image loaded:\r\nRuleName: -\r\nUtcTime: 2020-10-22 05:31:11.504\r\nProcessGuid: {39e4a257-191f-5f91-6412-000000000700}\r\nProcessId: 10288\r\nImage: C:\\Windows\\SysWOW64\\calc.exe\r\nImageLoaded: C:\\Windows\\SysWOW64\\oleaut32.dll\r\nFileVersion: 10.0.18362.1110 (WinBuild.160101.0800)\r\nDescription: OLEAUT32.DLL\r\nProduct: Microsoft Windows Operating System\r\nCompany: Microsoft Corporation\r\nOriginalFileName: OLEAUT32.DLL\r\nHashes: SHA1=0BFADA78884BDBA25321D424EB1D245870481980,MD5=8C9DE65D8F866DEDA4CC23BB6B7D7CE9,SHA256=1028B3B94FE22D129D44A9FDBBAECAD97A91661D416AA4420FD7DB356DEAC26A,IMPHASH=31A9AA4843E74555084EF2AEB51A40A6\r\nSigned: true\r\nSignature: Microsoft Windows\r\nSignatureStatus: Valid"}
{"@timestamp":"2020-10-22T01:31:11.514Z","TimeCreated":"2020-10-22T01:31:11.514Z","ProviderGuid":"{5770385f-c22a-43e0-bf4c-06f5698ffbd9}","UtcTime":"2020-10-22 05:31:11.504","ProcessGuid":"{39e4a257-191f-5f91-6412-000000000700}","Image":"c:\\windows\\SysWOW64\\calc.exe","Level":"4","Channel":"Microsoft-Windows-Sysmon/Operational","Task":"12","RuleName":"-","SourceName":"Microsoft-Windows-Sysmon","Hostname":"WORKSTATION5","ProcessId":"10288","EventType":"CreateKey","EventID":12,"Keywords":"0x8000000000000000","TargetObject":"HKLM\\SOFTWARE\\WOW6432Node\\Microsoft\\Windows\\CurrentVersion\\Explorer\\Desktop\\NameSpace","Message":"Registry object added or deleted:\r\nRuleName: -\r\nEventType: CreateKey\r\nUtcTime: 2020-10-22 05:31:11.504\r\nProcessGuid: {39e4a257-191f-5f91-6412-000000000700}\r\nProcessId: 10288\r\nImage: c:\\windows\\SysWOW64\\calc.exe\r\nTargetObject: HKLM\\SOFTWARE\\WOW6432Node\\Microsoft\\Windows\\CurrentVersion\\Explorer\\Desktop\\NameSpace"}
{"@timestamp":"2020-10-22T01:31:11.514Z","TimeCreated":"2020-10-22T01:31:11.514Z","ProviderGuid":"{5770385f-c22a-43e0-bf4c-06f5698ffbd9}","UtcTime":"2020-10-22 05:31:11.504","ProcessGuid":"{39e4a257-191f-5f91-6412-000000000700}","Image":"c:\\windows\\SysWOW64\\calc.exe","Level":"4","Channel":"Microsoft-Windows-Sysmon/Operational","Task":"12","RuleName":"-","SourceName":"Microsoft-Windows-Sysmon","Hostname":"WORKSTATION5","ProcessId":"10288","EventType":"CreateKey","EventID":12,"Keywords":"0x8000000000000000","TargetObject":"HKU\\S-1-5-21-3940915590-64593676-1414006259-500\\Software\\Microsoft\\Windows\\CurrentVersion\\Explorer\\Desktop\\NameSpace","Message":"Registry object added or deleted:\r\nRuleName: -\r\nEventType: CreateKey\r\nUtcTime: 2020-10-22 05:31:11.504\r\nProcessGuid: {39e4a257-191f-5f91-6412-000000000700}\r\nProcessId: 10288\r\nImage: c:\\windows\\SysWOW64\\calc.exe\r\nTargetObject: HKU\\S-1-5-21-3940915590-64593676-1414006259-500\\Software\\Microsoft\\Windows\\CurrentVersion\\Explorer\\Desktop\\NameSpace"}
{"@timestamp":"2020-10-22T01:31:11.514Z","TimeCreated":"2020-10-22T01:31:11.514Z","ProviderGuid":"{5770385f-c22a-43e0-bf4c-06f5698ffbd9}","UtcTime":"2020-10-22 05:31:11.504","ProcessGuid":"{39e4a257-191f-5f91-6412-000000000700}","Image":"c:\\windows\\SysWOW64\\calc.exe","Level":"4","Channel":"Microsoft-Windows-Sysmon/Operational","Task":"12","RuleName":"-","SourceName":"Microsoft-Windows-Sysmon","Hostname":"WORKSTATION5","ProcessId":"10288","EventType":"CreateKey","EventID":12,"Keywords":"0x8000000000000000","TargetObject":"HKLM\\SOFTWARE\\WOW6432Node\\Microsoft\\Windows\\CurrentVersion\\Explorer\\Desktop\\NameSpace\\DelegateFolders","Message":"Registry object added or deleted:\r\nRuleName: -\r\nEventType: CreateKey\r\nUtcTime: 2020-10-22 05:31:11.504\r\nProcessGuid: {39e4a257-191f-5f91-6412-000000000700}\r\nProcessId: 10288\r\nImage: c:\\windows\\SysWOW64\\calc.exe\r\nTargetObject: HKLM\\SOFTWARE\\WOW6432Node\\Microsoft\\Windows\\CurrentVersion\\Explorer\\Desktop\\NameSpace\\DelegateFolders"}
{"@timestamp":"2020-10-22T01:31:11.570Z","TimeCreated":"2020-10-22T01:31:11.570Z","Hashes":"SHA1=E72F68380B6F06A309E26BDFBD520F63A6B8A9D1,MD5=42DE5FF886195D4C2134461E3CB5B05E,SHA256=3A6966F9C1AD4FC7337BB0D59951663AA6E1B488952BAB04F6EB3183C00E9FC2,IMPHASH=71CAA406D8EBF50A12EAA01B2EC7A94F","Signature":"Microsoft Windows","ProviderGuid":"{5770385f-c22a-43e0-bf4c-06f5698ffbd9}","Company":"Microsoft Corporation","UtcTime":"2020-10-22 05:31:11.535","ProcessGuid":"{39e4a257-191f-5f91-6412-000000000700}","Image":"C:\\Windows\\SysWOW64\\calc.exe","ImageLoaded":"C:\\Windows\\SysWOW64\\urlmon.dll","Level":"4","Channel":"Microsoft-Windows-Sysmon/Operational","Task":"7","RuleName":"-","FileVersion":"11.00.18362.1110 (WinBuild.160101.0800)","SourceName":"Microsoft-Windows-Sysmon","Hostname":"WORKSTATION5","ProcessId":"10288","Description":"OLE32 Extensions for Win32","SignatureStatus":"Valid","Product":"Internet Explorer","EventID":7,"Keywords":"0x8000000000000000","Signed":"true","OriginalFileName":"UrlMon.dll","Message":"Image loaded:\r\nRuleName: -\r\nUtcTime: 2020-10-22 05:31:11.535\r\nProcessGuid: {39e4a257-191f-5f91-6412-000000000700}\r\nProcessId: 10288\r\nImage: C:\\Windows\\SysWOW64\\calc.exe\r\nImageLoaded: C:\\Windows\\SysWOW64\\urlmon.dll\r\nFileVersion: 11.00.18362.1110 (WinBuild.160101.0800)\r\nDescription: OLE32 Extensions for Win32\r\nProduct: Internet Explorer\r\nCompany: Microsoft Corporation\r\nOriginalFileName: UrlMon.dll\r\nHashes: SHA1=E72F68380B6F06A309E26BDFBD520F63A6B8A9D1,MD5=42DE5FF886195D4C2134461E3CB5B05E,SHA256=3A6966F9C1AD4FC7337BB0D59951663AA6E1B488952BAB04F6EB3183C00E9FC2,IMPHASH=71CAA406D8EBF50A12EAA01B2EC7A94F\r\nSigned: true\r\nSignature: Microsoft Windows\r\nSignatureStatus: Valid"}
{"@timestamp":"2020-10-22T01:31:11.590Z","TimeCreated":"2020-10-22T01:31:11.590Z","Hashes":"SHA1=D1FA156D462245B3FE99D9596EBC0468FBBC3DDB,MD5=7100565D9E3FBD4B5F346B0BCA7A6FD4,SHA256=BE7EB9E68ED6629A3FCA615CC0D77818646D05EF1D6030A123CBB9AA0468EDC5,IMPHASH=678727167904F4D26176BCD511066C07","Signature":"Microsoft Windows","ProviderGuid":"{5770385f-c22a-43e0-bf4c-06f5698ffbd9}","Company":"Microsoft Corporation","UtcTime":"2020-10-22 05:31:11.551","ProcessGuid":"{39e4a257-191f-5f91-6412-000000000700}","Image":"C:\\Windows\\SysWOW64\\calc.exe","ImageLoaded":"C:\\Windows\\SysWOW64\\iertutil.dll","Level":"4","Channel":"Microsoft-Windows-Sysmon/Operational","Task":"7","RuleName":"-","FileVersion":"11.00.18362.1110 (WinBuild.160101.0800)","SourceName":"Microsoft-Windows-Sysmon","Hostname":"WORKSTATION5","ProcessId":"10288","Description":"Run time utility for Internet Explorer","SignatureStatus":"Valid","Product":"Internet Explorer","EventID":7,"Keywords":"0x8000000000000000","Signed":"true","OriginalFileName":"IeRtUtil.dll","Message":"Image loaded:\r\nRuleName: -\r\nUtcTime: 2020-10-22 05:31:11.551\r\nProcessGuid: {39e4a257-191f-5f91-6412-000000000700}\r\nProcessId: 10288\r\nImage: C:\\Windows\\SysWOW64\\calc.exe\r\nImageLoaded: C:\\Windows\\SysWOW64\\iertutil.dll\r\nFileVersion: 11.00.18362.1110 (WinBuild.160101.0800)\r\nDescription: Run time utility for Internet Explorer\r\nProduct: Internet Explorer\r\nCompany: Microsoft Corporation\r\nOriginalFileName: IeRtUtil.dll\r\nHashes: SHA1=D1FA156D462245B3FE99D9596EBC0468FBBC3DDB,MD5=7100565D9E3FBD4B5F346B0BCA7A6FD4,SHA256=BE7EB9E68ED6629A3FCA615CC0D77818646D05EF1D6030A123CBB9AA0468EDC5,IMPHASH=678727167904F4D26176BCD511066C07\r\nSigned: true\r\nSignature: Microsoft Windows\r\nSignatureStatus: Valid"}
