{"@timestamp":"2020-10-22T12:21:39.435Z","TimeCreated":"2020-10-22T12:21:39.435Z","Hashes":"SHA1=D207A86541CABC3190BBD5B1CC982F6D7C90051B,MD5=ED906DB51BCB4F5A68606D2683AF44A3,SHA256=DF5CE6E95294579D7D7D16C47CB3DC5C8FA1DB53CCE56091E3496309B0D87536,IMPHASH=D3645703895C4EBB8EA5B9B26816A081","Signature":"Microsoft Windows","ProviderGuid":"{5770385f-c22a-43e0-bf4c-06f5698ffbd9}","Company":"Microsoft Corporation","UtcTime":"2020-10-22 04:21:39.396","ProcessGuid":"{39e4a257-08d3-5f91-f811-000000000700}","Image":"C:\\Program Files\\WindowsApps\\Microsoft.WindowsCalculator_10.2008.2.0_x64__8wekyb3d8bbwe\\Calculator.exe","ImageLoaded":"C:\\Windows\\System32\\kernel32.dll","Level":"4","Channel":"Microsoft-Windows-Sysmon/Operational","Task":"7","RuleName":"-","FileVersion":"10.0.18362.1110 (WinBuild.160101.0800)","SourceName":"Microsoft-Windows-Sysmon","Hostname":"WORKSTATION5","ProcessId":"10760","Description":"Windows NT BASE API Client DLL","SignatureStatus":"Valid","Product":"Microsoft Windows Operating System","EventID":7,"Keywords":"0x8000000000000000","Signed":"true","OriginalFileName":"kernel32","Message":"Image loaded:\r\nRuleName: -\r\nUtcTime: 2020-10-22 04:21:39.396\r\nProcessGuid: {39e4a257-08d3-5f91-f811-000000000700}\r\nProcessId: 10760\r\nImage: C:\\Program Files\\WindowsApps\\Microsoft.WindowsCalculator_10.2008.2.0_x64__8wekyb3d8bbwe\\Calculator.exe\r\nImageLoaded: C:\\Windows\\System32\\kernel32.dll\r\nFileVersion: 10.0.18362.1110 (WinBuild.160101.0800)\r\nDescription: Windows NT BASE API Client DLL\r\nProduct: Microsoft Windows Operating System\r\nCompany: Microsoft Corporation\r\nOriginalFileName: kernel32\r\nHashes: SHA1=D207A86541CABC3190BBD5B1CC982F6D7C90051B,MD5=ED906DB51BCB4F5A68606D2683AF44A3,SHA256=DF5CE6E95294579D7D7D16C47CB3DC5C8FA1DB53CCE56091E3496309B0D87536,IMPHASH=D3645703895C4EBB8EA5B9B26816A081\r\nSigned: true\r\nSignature: Microsoft Windows\r\nSignatureStatus: Valid"}
{"@timestamp":"2020-10-22T12:21:39.435Z","TimeCreated":"2020-10-22T12:21:39.435Z","Hashes":"SHA1=48B3741C6497B40F71868EFAAA9EB7A224CB8060,MD5=AEE6D39564EEB18A90C3160215941B46,SHA256=6733FEEA211EA651B5DF46D391825D7861126546AE80A42A4C1E7B1ABD0E4DA5,IMPHASH=16003AF856720C35351BB8C14AD0B0A8","Signature":"Microsoft Windows","ProviderGuid":"{5770385f-c22a-43e0-bf4c-06f5698ffbd9}","Company":"Microsoft Corporation","UtcTime":"2020-10-22 04:21:39.396","ProcessGuid":"{39e4a257-08d3-5f91-f811-000000000700}","Image":"C:\\Program Files\\WindowsApps\\Microsoft.WindowsCalculator_10.2008.2.0_x64__8wekyb3d8bbwe\\Calculator.exe","ImageLoaded":"C:\\Windows\\System32\\KernelBase.dll","Level":"4","Channel":"Microsoft-Windows-Sysmon/Operational","Task":"7","RuleName":"-","FileVersion":"10.0.18362.1139 (WinBuild.160101.0800)","SourceName":"Microsoft-Windows-Sysmon","Hostname":"WORKSTATION5","ProcessId":"10760","Description":"Windows NT BASE API Client DLL","SignatureStatus":"Valid","Product":"Microsoft Windows Operating System","EventID":7,"Keywords":"0x8000000000000000","Signed":"true","OriginalFileName":"Kernelbase.dll","Message":"Image loaded:\r\nRuleName: -\r\nUtcTime: 2020-10-22 04:21:39.396\r\nProcessGuid: {39e4a257-08d3-5f91-f811-000000000700}\r\nProcessId: 10760\r\nImage: C:\\Program Files\\WindowsApps\\Microsoft.WindowsCalculator_10.2008.2.0_x64__8wekyb3d8bbwe\\Calculator.exe\r\nImageLoaded: C:\\Windows\\System32\\KernelBase.dll\r\nFileVersion: 10.0.18362.1139 (WinBuild.160101.0800)\r\nDescription: Windows NT BASE API Client DLL\r\nProduct: Microsoft Windows Operating System\r\nCompany: Microsoft Corporation\r\nOriginalFileName: Kernelbase.dll\r\nHashes: SHA1=48B3741C6497B40F71868EFAAA9EB7A224CB8060,MD5=AEE6D39564EEB18A90C3160215941B46,SHA256=6733FEEA211EA651B5DF46D391825D7861126546AE80A42A4C1E7B1ABD0E4DA5,IMPHASH=16003AF856720C35351BB8C14AD0B0A8\r\nSigned: true\r\nSignature: Microsoft Windows\r\nSignatureStatus: Valid"}
{"@timestamp":"2020-10-22T12:21:39.435Z","TimeCreated":"2020-10-22T12:21:39.435Z","Hashes":"SHA1=969AA7FF99DD7452EDA4558492D7A7435E414B37,MD5=66D9CBC07F05DC58E9B01E7E247DBA9C,SHA256=C0687B0277326C0DCB36B729F1257D03F23744B17E6BB4A92AFC52BE528EA6E1,IMPHASH=D1A511866766E387FD0DAF3ACBB54B12","Signature":"Microsoft Windows","ProviderGuid":"{5770385f-c22a-43e0-bf4c-06f5698ffbd9}","Company":"Microsoft Corporation","UtcTime":"2020-10-22 04:21:39.396","ProcessGuid":"{39e4a257-08d3-5f91-f811-000000000700}","Image":"C:\\Program Files\\WindowsApps\\Microsoft.WindowsCalculator_10.2008.2.0_x64__8wekyb3d8bbwe\\Calculator.exe","ImageLoaded":"C:\\Windows\\System32\\combase.dll","Level":"4","Channel":"Microsoft-Windows-Sysmon/Operational","Task":"7","RuleName":"-","FileVersion":"10.0.18362.1139 (WinBuild.160101.0800)","SourceName":"Microsoft-Windows-Sysmon","Hostname":"WORKSTATION5","ProcessId":"10760","Description":"Microsoft COM for Windows","SignatureStatus":"Valid","Product":"Microsoft Windows Operating System","EventID":7,"Keywords":"0x8000000000000000","Signed":"true","OriginalFileName":"COMBASE.DLL","Message":"Image loaded:\r\nRuleName: -\r\nUtcTime: 2020-10-22 04:21:39.396\r\nProcessGuid: {39e4a257-08d3-5f91-f811-000000000700}\r\nProcessId: 10760\r\nImage: C:\\Program Files\\WindowsApps\\Microsoft.WindowsCalculator_10.2008.2.0_x64__8wekyb3d8bbwe\\Calculator.exe\r\nImageLoaded: C:\\Windows\\System32\\combase.dll\r\nFileVersion: 10.0.18362.1139 (WinBuild.160101.0800)\r\nDescription: Microsoft COM for Windows\r\nProduct: Microsoft Windows Operating System\r\nCompany: Microsoft Corporation\r\nOriginalFileName: COMBASE.DLL\r\nHashes: SHA1=969AA7FF99DD7452EDA4558492D7A7435E414B37,MD5=66D9CBC07F05DC58E9B01E7E247DBA9C,SHA256=C0687B0277326C0DCB36B729F1257D03F23744B17E6BB4A92AFC52BE528EA6E1,IMPHASH=D1A511866766E387FD0DAF3ACBB54B12\r\nSigned: true\r\nSignature: Microsoft Windows\r\nSignatureStatus: Valid"}
{"@timestamp":"2020-10-22T12:21:39.435Z","TimeCreated":"2020-10-22T12:21:39.435Z","Hashes":"SHA1=D10BBE9B65C2C6F8FCA6850D0B79CBC6EF04D691,MD5=126821F73FD9FFCE6E091CF9480E1B60,SHA256=7B28F46F0A09CFD9129109A94B1C16C9C62EEF46C09113C4C585D9BF0E69B2DA,IMPHASH=5AE9A136FAFA10321F3D48251BF4F6A1","Signature":"Microsoft Windows","ProviderGuid":"{5770385f-c22a-43e0-bf4c-06f5698ffbd9}","Company":"Microsoft Corporation","UtcTime":"2020-10-22 04:21:39.396","ProcessGuid":"{39e4a257-08d3-5f91-f811-000000000700}","Image":"C:\\Program Files\\WindowsApps\\Microsoft.WindowsCalculator_10.2008.2.0_x64__8wekyb3d8bbwe\\Calculator.exe","ImageLoaded":"C:\\Windows\\System32\\ucrtbase.dll","Level":"4","Channel":"Microsoft-Windows-Sysmon/Operational","Task":"7","RuleName":"-","FileVersion":"10.0.18362.1110 (WinBuild.160101.0800)","SourceName":"Microsoft-Windows-Sysmon","Hostname":"WORKSTATION5","ProcessId":"10760","Description":"Microsoft C Runtime Library","SignatureStatus":"Valid","Product":"Microsoft Windows Operating System","EventID":7,"Keywords":"0x8000000000000000","Signed":"true","OriginalFileName":"ucrtbase.dll","Message":"Image loaded:\r\nRuleName: -\r\nUtcTime: 2020-10-22 04:21:39.396\r\nProcessGuid: {39e4a257-08d3-5f91-f811-000000000700}\r\nProcessId: 10760\r\nImage: C:\\Program Files\\WindowsApps\\Microsoft.WindowsCalculator_10.2008.2.0_x64__8wekyb3d8bbwe\\Calculator.exe\r\nImageLoaded: C:\\Windows\\System32\\ucrtbase.dll\r\nFileVersion: 10.0.18362.1110 (WinBuild.160101.0800)\r\nDescription: Microsoft C Runtime Library\r\nProduct: Microsoft Windows Operating System\r\nCompany: Microsoft Corporation\r\nOriginalFileName: ucrtbase.dll\r\nHashes: SHA1=D10BBE9B65C2C6F8FCA6850D0B79CBC6EF04D691,MD5=126821F73FD9FFCE6E091CF9480E1B60,SHA256=7B28F46F0A09CFD9129109A94B1C16C9C62EEF46C09113C4C585D9BF0E69B2DA,IMPHASH=5AE9A136FAFA10321F3D48251BF4F6A1\r\nSigned: true\r\nSignature: Microsoft Windows\r\nSignatureStatus: Valid"}
{"@timestamp":"2020-10-22T12:21:39.436Z","TimeCreated":"2020-10-22T12:21:39.436Z","Hashes":"SHA1=04BCAE1D932B2FB22A3B7ADC6C1EC1776151FC68,MD5=DBC5A40335E9F25C5C9313AB95C88CE8,SHA256=C39C71244E43B5469FF3F9313893E1AB7AFF5806B1A179CBED06A59B3F6F81B5,IMPHASH=88E7E7C7FA90052EC162DD37F2B7C7BD","Signature":"Microsoft Windows","ProviderGuid":"{5770385f-c22a-43e0-bf4c-06f5698ffbd9}","Company":"Microsoft Corporation","UtcTime":"2020-10-22 04:21:39.396","ProcessGuid":"{39e4a257-08d3-5f91-f811-000000000700}","Image":"C:\\Program Files\\WindowsApps\\Microsoft.WindowsCalculator_10.2008.2.0_x64__8wekyb3d8bbwe\\Calculator.exe","ImageLoaded":"C:\\Windows\\System32\\rpcrt4.dll","Level":"4","Channel":"Microsoft-Windows-Sysmon/Operational","Task":"7","RuleName":"-","FileVersion":"10.0.18362.1110 (WinBuild.160101.0800)","SourceName":"Microsoft-Windows-Sysmon","Hostname":"WORKSTATION5","ProcessId":"10760","Description":"Remote Procedure Call Runtime","SignatureStatus":"Valid","Product":"Microsoft Windows Operating System","EventID":7,"Keywords":"0x8000000000000000","Signed":"true","OriginalFileName":"rpcrt4.dll","Message":"Image loaded:\r\nRuleName: -\r\nUtcTime: 2020-10-22 04:21:39.396\r\nProcessGuid: {39e4a257-08d3-5f91-f811-000000000700}\r\nProcessId: 10760\r\nImage: C:\\Program Files\\WindowsApps\\Microsoft.WindowsCalculator_10.2008.2.0_x64__8wekyb3d8bbwe\\Calculator.exe\r\nImageLoaded: C:\\Windows\\System32\\rpcrt4.dll\r\nFileVersion: 10.0.18362.1110 (WinBuild.160101.0800)\r\nDescription: Remote Procedure Call Runtime\r\nProduct: Microsoft Windows Operating System\r\nCompany: Microsoft Corporation\r\nOriginalFileName: rpcrt4.dll\r\nHashes: SHA1=04BCAE1D932B2FB22A3B7ADC6C1EC1776151FC68,MD5=DBC5A40335E9F25C5C9313AB95C88CE8,SHA256=C39C71244E43B5469FF3F9313893E1AB7AFF5806B1A179CBED06A59B3F6F81B5,IMPHASH=88E7E7C7FA90052EC162DD37F2B7C7BD\r\nSigned: true\r\nSignature: Microsoft Windows\r\nSignatureStatus: Valid"}
{"@timestamp":"2020-10-22T12:21:39.436Z","TimeCreated":"2020-10-22T12:21:39.436Z","Hashes":"SHA1=B4222C8DC3274CFC3FE54F322D827B2F01FFF036,MD5=EF2BBEAFF07D32A2EC77FB4602FA9664,SHA256=6B47F3E88CDEDF8F31F91940E38A4544818C79D153323262F9F46B21F41D262C,IMPHASH=402DA460E2AC467F4489C588A9941032","Signature":"Microsoft Windows","ProviderGuid":"{5770385f-c22a-43e0-bf4c-06f5698ffbd9}","Company":"Microsoft Corporation","UtcTime":"2020-10-22 04:21:39.396","ProcessGuid":"{39e4a257-08d3-5f91-f811-000000000700}","Image":"C:\\Program Files\\WindowsApps\\Microsoft.WindowsCalculator_10.2008.2.0_x64__8wekyb3d8bbwe\\Calculator.exe","ImageLoaded":"C:\\Windows\\System32\\bcryptprimitives.dll","Level":"4","Channel":"Microsoft-Windows-Sysmon/Operational","Task":"7","RuleName":"-","FileVersion":"10.0.18362.836 (WinBuild.160101.0800)","SourceName":"Microsoft-Windows-Sysmon","Hostname":"WORKSTATION5","ProcessId":"10760","Description":"Windows Cryptographic Primitives Library","SignatureStatus":"Valid","Product":"Microsoft Windows Operating System","EventID":7,"Keywords":"0x8000000000000000","Signed":"true","OriginalFileName":"bcryptprimitives.dll","Message":"Image loaded:\r\nRuleName: -\r\nUtcTime: 2020-10-22 04:21:39.396\r\nProcessGuid: {39e4a257-08d3-5f91-f811-000000000700}\r\nProcessId: 10760\r\nImage: C:\\Program Files\\WindowsApps\\Microsoft.WindowsCalculator_10.2008.2.0_x64__8wekyb3d8bbwe\\Calculator.exe\r\nImageLoaded: C:\\Windows\\System32\\bcryptprimitives.dll\r\nFileVersion: 10.0.18362.836 (WinBuild.160101.0800)\r\nDescription: Windows Cryptographic Primitives Library\r\nProduct: Microsoft Windows Operating System\r\nCompany: Microsoft Corporation\r\nOriginalFileName: bcryptprimitives.dll\r\nHashes: SHA1=B4222C8DC3274CFC3FE54F322D827B2F01FFF036,MD5=EF2BBEAFF07D32A2EC77FB4602FA9664,SHA256=6B47F3E88CDEDF8F31F91940E38A4544818C79D153323262F9F46B21F41D262C,IMPHASH=402DA460E2AC467F4489C588A9941032\r\nSigned: true\r\nSignature: Microsoft Windows\r\nSignatureStatus: Valid"}
{"@timestamp":"2020-10-22T12:21:39.436Z","TimeCreated":"2020-10-22T12:21:39.436Z","Hashes":"SHA1=35C3365E5F385CB7025DC51D1359BC92CEACB8F4,MD5=81CC27927690AC3A552D92269CBA4899,SHA256=49C1A7FFB5DC382E35F19C1771A0B43120BBB4159EE5BFE23E0410A76A36D68A,IMPHASH=F010E2DB51A2E86CCF6052A1ACC0854F","Signature":"Microsoft Windows","ProviderGuid":"{5770385f-c22a-43e0-bf4c-06f5698ffbd9}","Company":"Microsoft Corporation","UtcTime":"2020-10-22 04:21:39.396","ProcessGuid":"{39e4a257-08d3-5f91-f811-000000000700}","Image":"C:\\Program Files\\WindowsApps\\Microsoft.WindowsCalculator_10.2008.2.0_x64__8wekyb3d8bbwe\\Calculator.exe","ImageLoaded":"C:\\Windows\\System32\\oleaut32.dll","Level":"4","Channel":"Microsoft-Windows-Sysmon/Operational","Task":"7","RuleName":"-","FileVersion":"10.0.18362.1110 (WinBuild.160101.0800)","SourceName":"Microsoft-Windows-Sysmon","Hostname":"WORKSTATION5","ProcessId":"10760","Description":"OLEAUT32.DLL","SignatureStatus":"Valid","Product":"Microsoft Windows Operating System","EventID":7,"Keywords":"0x8000000000000000","Signed":"true","OriginalFileName":"OLEAUT32.DLL","Message":"Image loaded:\r\nRuleName: -\r\nUtcTime: 2020-10-22 04:21:39.396\r\nProcessGuid: {39e4a257-08d3-5f91-f811-000000000700}\r\nProcessId: 10760\r\nImage: C:\\Program Files\\WindowsApps\\Microsoft.WindowsCalculator_10.2008.2.0_x64__8wekyb3d8bbwe\\Calculator.exe\r\nImageLoaded: C:\\Windows\\System32\\oleaut32.dll\r\nFileVersion: 10.0.18362.1110 (WinBuild.160101.0800)\r\nDescription: OLEAUT32.DLL\r\nProduct: Microsoft Windows Operating System\r\nCompany: Microsoft Corporation\r\nOriginalFileName: OLEAUT32.DLL\r\nHashes: SHA1=35C3365E5F385CB7025DC51D1359BC92CEACB8F4,MD5=81CC27927690AC3A552D92269CBA4899,SHA256=49C1A7FFB5DC382E35F19C1771A0B43120BBB4159EE5BFE23E0410A76A36D68A,IMPHASH=F010E2DB51A2E86CCF6052A1ACC0854F\r\nSigned: true\r\nSignature: Microsoft Windows\r\nSignatureStatus: Valid"}
{"@timestamp":"2020-10-22T12:21:39.437Z","TimeCreated":"2020-10-22T12:21:39.437Z","Hashes":"SHA1=56A126B33C43CE80C5DA3319FA4FBE28F617599C,MD5=94027F5AE9D6FC3B0917C1B5BCD2D88E,SHA256=2FC246F193104FB36285360E9FB14CE10B04EDB50D9D5ECFD9FDA1F010BFCDB9,IMPHASH=7F555C87AEA488E97B6067A0419ED3B4","Signature":"Microsoft Windows","ProviderGuid":"{5770385f-c22a-43e0-bf4c-06f5698ffbd9}","Company":"Microsoft Corporation","UtcTime":"2020-10-22 04:21:39.396","ProcessGuid":"{39e4a257-08d3-5f91-f811-000000000700}","Image":"C:\\Program Files\\WindowsApps\\Microsoft.WindowsCalculator_10.2008.2.0_x64__8wekyb3d8bbwe\\Calculator.exe","ImageLoaded":"C:\\Windows\\System32\\msvcp_win.dll","Level":"4","Channel":"Microsoft-Windows-Sysmon/Operational","Task":"7","RuleName":"-","FileVersion":"10.0.18362.1110 (WinBuild.160101.0800)","SourceName":"Microsoft-Windows-Sysmon","Hostname":"WORKSTATION5","ProcessId":"10760","Description":"Microsoft C Runtime Library","SignatureStatus":"Valid","Product":"Microsoft Windows Operating System","EventID":7,"Keywords":"0x8000000000000000","Signed":"true","OriginalFileName":"msvcp_win.dll","Message":"Image loaded:\r\nRuleName: -\r\nUtcTime: 2020-10-22 04:21:39.396\r\nProcessGuid: {39e4a257-08d3-5f91-f811-000000000700}\r\nProcessId: 10760\r\nImage: C:\\Program Files\\WindowsApps\\Microsoft.WindowsCalculator_10.2008.2.0_x64__8wekyb3d8bbwe\\Calculator.exe\r\nImageLoaded: C:\\Windows\\System32\\msvcp_win.dll\r\nFileVersion: 10.0.18362.1110 (WinBuild.160101.0800)\r\nDescription: Microsoft C Runtime Library\r\nProduct: Microsoft Windows Operating System\r\nCompany: Microsoft Corporation\r\nOriginalFileName: msvcp_win.dll\r\nHashes: SHA1=56A126B33C43CE80C5DA3319FA4FBE28F617599C,MD5=94027F5AE9D6FC3B0917C1B5BCD2D88E,SHA256=2FC246F193104FB36285360E9FB14CE10B04EDB50D9D5ECFD9FDA1F010BFCDB9,IMPHASH=7F555C87AEA488E97B6067A0419ED3B4\r\nSigned: true\r\nSignature: Microsoft Windows\r\nSignatureStatus: Valid"}
{"@timestamp":"2020-10-22T12:21:39.437Z","TimeCreated":"2020-10-22T12:21:39.437Z","Hashes":"SHA1=7E53A7774C3CC0A204FA1CAB0004869E78B2814A,MD5=5BC57B8E2E7590349002AC62BFB8E6F8,SHA256=E2D7FA8B60D6FCF8D9AFE7D50FDD6F6F3B5D3202E86635DB01B6D732E8107E33,IMPHASH=92B40FF59D1FBC7B16B2593ABF06DCD0","Signature":"Windows Phone","ProviderGuid":"{5770385f-c22a-43e0-bf4c-06f5698ffbd9}","Company":"Microsoft Corporation","UtcTime":"2020-10-22 04:21:39.411","ProcessGuid":"{39e4a257-08d3-5f91-f811-000000000700}","Image":"C:\\Program Files\\WindowsApps\\Microsoft.WindowsCalculator_10.2008.2.0_x64__8wekyb3d8bbwe\\Calculator.exe","ImageLoaded":"C:\\Program Files\\WindowsApps\\Microsoft.VCLibs.140.00_14.0.29231.0_x64__8wekyb3d8bbwe\\msvcp140_app.dll","Level":"4","Channel":"Microsoft-Windows-Sysmon/Operational","Task":"7","RuleName":"-","FileVersion":"14.28.29231.0 built by: vcwrkspc","SourceName":"Microsoft-Windows-Sysmon","Hostname":"WORKSTATION5","ProcessId":"10760","Description":"Microsoft C Runtime Library","SignatureStatus":"Valid","Product":"Microsoft Visual Studio","EventID":7,"Keywords":"0x8000000000000000","Signed":"true","OriginalFileName":"msvcp140_app.dll","Message":"Image loaded:\r\nRuleName: -\r\nUtcTime: 2020-10-22 04:21:39.411\r\nProcessGuid: {39e4a257-08d3-5f91-f811-000000000700}\r\nProcessId: 10760\r\nImage: C:\\Program Files\\WindowsApps\\Microsoft.WindowsCalculator_10.2008.2.0_x64__8wekyb3d8bbwe\\Calculator.exe\r\nImageLoaded: C:\\Program Files\\WindowsApps\\Microsoft.VCLibs.140.00_14.0.29231.0_x64__8wekyb3d8bbwe\\msvcp140_app.dll\r\nFileVersion: 14.28.29231.0 built by: vcwrkspc\r\nDescription: Microsoft C Runtime Library\r\nProduct: Microsoft Visual Studio\r\nCompany: Microsoft Corporation\r\nOriginalFileName: msvcp140_app.dll\r\nHashes: SHA1=7E53A7774C3CC0A204FA1CAB0004869E78B2814A,MD5=5BC57B8E2E7590349002AC62BFB8E6F8,SHA256=E2D7FA8B60D6FCF8D9AFE7D50FDD6F6F3B5D3202E86635DB01B6D732E8107E33,IMPHASH=92B40FF59D1FBC7B16B2593ABF06DCD0\r\nSigned: true\r\nSignature: Windows Phone\r\nSignatureStatus: Valid"}
{"@timestamp":"2020-10-22T12:21:39.438Z","TimeCreated":"2020-10-22T12:21:39.438Z","Hashes":"SHA1=B3F8072736EE7DA82E2E0FB31B8DA3A6B102D011,MD5=5F5346C0FCC9973E5AF7B5653F3490D4,SHA256=0661246AC1562707B1E82070F2805BE061912C8B7CB80239D3F845BF8F509125,IMPHASH=B516E822BD643C8BB69461701CCE3255","Signature":"Windows Phone","ProviderGuid":"{5770385f-c22a-43e0-bf4c-06f5698ffbd9}","Company":"Microsoft Corporation","UtcTime":"2020-10-22 04:21:39.411","ProcessGuid":"{39e4a257-08d3-5f91-f811-000000000700}","Image":"C:\\Program Files\\WindowsApps\\Microsoft.WindowsCalculator_10.2008.2.0_x64__8wekyb3d8bbwe\\Calculator.exe","ImageLoaded":"C:\\Program Files\\WindowsApps\\Microsoft.VCLibs.140.00_14.0.29231.0_x64__8wekyb3d8bbwe\\concrt140_app.dll","Level":"4","Channel":"Microsoft-Windows-Sysmon/Operational","Task":"7","RuleName":"-","FileVersion":"14.28.29231.0 built by: vcwrkspc","SourceName":"Microsoft-Windows-Sysmon","Hostname":"WORKSTATION5","ProcessId":"10760","Description":"Microsoft Concurrency Runtime Library","SignatureStatus":"Valid","Product":"Microsoft Visual Studio","EventID":7,"Keywords":"0x8000000000000000","Signed":"true","OriginalFileName":"concrt140_app.dll","Message":"Image loaded:\r\nRuleName: -\r\nUtcTime: 2020-10-22 04:21:39.411\r\nProcessGuid: {39e4a257-08d3-5f91-f811-000000000700}\r\nProcessId: 10760\r\nImage: C:\\Program Files\\WindowsApps\\Microsoft.WindowsCalculator_10.2008.2.0_x64__8wekyb3d8bbwe\\Calculator.exe\r\nImageLoaded: C:\\Program Files\\WindowsApps\\Microsoft.VCLibs.140.00_14.0.29231.0_x64__8wekyb3d8bbwe\\concrt140_app.dll\r\nFileVersion: 14.28.29231.0 built by: vcwrkspc\r\nDescription: Microsoft Concurrency Runtime Library\r\nProduct: Microsoft Visual Studio\r\nCompany: Microsoft Corporation\r\nOriginalFileName: concrt140_app.dll\r\nHashes: SHA1=B3F8072736EE7DA82E2E0FB31B8DA3A6B102D011,MD5=5F5346C0FCC9973E5AF7B5653F3490D4,SHA256=0661246AC1562707B1E82070F2805BE061912C8B7CB80239D3F845BF8F509125,IMPHASH=B516E822BD643C8BB69461701CCE3255\r\nSigned: true\r\nSignature: Windows Phone\r\nSignatureStatus: Valid"}
{"@timestamp":"2020-10-22T12:21:39.438Z","TimeCreated":"2020-10-22T12:21:39.438Z","Hashes":"SHA1=5F3B45C5F073D3583C6D70765D7B392554D4431C,MD5=C19BC1A54B8EA1FD0241B4A8827851B8,SHA256=6DB75FDC6CBB380EE2644AE09F57378C761568B10912DB6BAA069F0FBF482F1A,IMPHASH=F597D8840D839D966388EA72365F8B6F","Signature":"Windows Phone","ProviderGuid":"{5770385f-c22a-43e0-bf4c-06f5698ffbd9}","Company":"Microsoft Corporation","UtcTime":"2020-10-22 04:21:39.411","ProcessGuid":"{39e4a257-08d3-5f91-f811-000000000700}","Image":"C:\\Program Files\\WindowsApps\\Microsoft.WindowsCalculator_10.2008.2.0_x64__8wekyb3d8bbwe\\Calculator.exe","ImageLoaded":"C:\\Program Files\\WindowsApps\\Microsoft.VCLibs.140.00_14.0.29231.0_x64__8wekyb3d8bbwe\\vcruntime140_1_app.dll","Level":"4","Channel":"Microsoft-Windows-Sysmon/Operational","Task":"7","RuleName":"-","FileVersion":"14.28.29231.0 built by: vcwrkspc","SourceName":"Microsoft-Windows-Sysmon","Hostname":"WORKSTATION5","ProcessId":"10760","Description":"Microsoft C Runtime Library","SignatureStatus":"Valid","Product":"Microsoft Visual Studio","EventID":7,"Keywords":"0x8000000000000000","Signed":"true","OriginalFileName":"vcruntime140_1_app.dll","Message":"Image loaded:\r\nRuleName: -\r\nUtcTime: 2020-10-22 04:21:39.411\r\nProcessGuid: {39e4a257-08d3-5f91-f811-000000000700}\r\nProcessId: 10760\r\nImage: C:\\Program Files\\WindowsApps\\Microsoft.WindowsCalculator_10.2008.2.0_x64__8wekyb3d8bbwe\\Calculator.exe\r\nImageLoaded: C:\\Program Files\\WindowsApps\\Microsoft.VCLibs.140.00_14.0.29231.0_x64__8wekyb3d8bbwe\\vcruntime140_1_app.dll\r\nFileVersion: 14.28.29231.0 built by: vcwrkspc\r\nDescription: Microsoft C Runtime Library\r\nProduct: Microsoft Visual Studio\r\nCompany: Microsoft Corporation\r\nOriginalFileName: vcruntime140_1_app.dll\r\nHashes: SHA1=5F3B45C5F073D3583C6D70765D7B392554D4431C,MD5=C19BC1A54B8EA1FD0241B4A8827851B8,SHA256=6DB75FDC6CBB380EE2644AE09F57378C761568B10912DB6BAA069F0FBF482F1A,IMPHASH=F597D8840D839D966388EA72365F8B6F\r\nSigned: true\r\nSignature: Windows Phone\r\nSignatureStatus: Valid"}
{"@timestamp":"2020-10-22T12:21:39.438Z","TimeCreated":"2020-10-22T12:21:39.438Z","Hashes":"SHA1=1CE764C2D902DB219BC764ED964CC234E3AA337A,MD5=2580290B1E5712B0FEFC38A6FF06E115,SHA256=3C850DE2119D6311DFF3E575797A476011D8272007D7DC82AE47771C9811D2A4,IMPHASH=C4185C20B2A41A0227AEF9F9555CF591","Signature":"Windows Phone","ProviderGuid":"{5770385f-c22a-43e0-bf4c-06f5698ffbd9}","Company":"Microsoft Corporation","UtcTime":"2020-10-22 04:21:39.411","ProcessGuid":"{39e4a257-08d3-5f91-f811-000000000700}","Image":"C:\\Program Files\\WindowsApps\\Microsoft.WindowsCalculator_10.2008.2.0_x64__8wekyb3d8bbwe\\Calculator.exe","ImageLoaded":"C:\\Program Files\\WindowsApps\\Microsoft.VCLibs.140.00_14.0.29231.0_x64__8wekyb3d8bbwe\\vcruntime140_app.dll","Level":"4","Channel":"Microsoft-Windows-Sysmon/Operational","Task":"7","RuleName":"-","FileVersion":"14.28.29231.0 built by: vcwrkspc","SourceName":"Microsoft-Windows-Sysmon","Hostname":"WORKSTATION5","ProcessId":"10760","Description":"Microsoft C Runtime Library","SignatureStatus":"Valid","Product":"Microsoft Visual Studio","EventID":7,"Keywords":"0x8000000000000000","Signed":"true","OriginalFileName":"vcruntime140_app.dll","Message":"Image loaded:\r\nRuleName: -\r\nUtcTime: 2020-10-22 04:21:39.411\r\nProcessGuid: {39e4a257-08d3-5f91-f811-000000000700}\r\nProcessId: 10760\r\nImage: C:\\Program Files\\WindowsApps\\Microsoft.WindowsCalculator_10.2008.2.0_x64__8wekyb3d8bbwe\\Calculator.exe\r\nImageLoaded: C:\\Program Files\\WindowsApps\\Microsoft.VCLibs.140.00_14.0.29231.0_x64__8wekyb3d8bbwe\\vcruntime140_app.dll\r\nFileVersion: 14.28.29231.0 built by: vcwrkspc\r\nDescription: Microsoft C Runtime Library\r\nProduct: Microsoft Visual Studio\r\nCompany: Microsoft Corporation\r\nOriginalFileName: vcruntime140_app.dll\r\nHashes: SHA1=1CE764C2D902DB219BC764ED964CC234E3AA337A,MD5=2580290B1E5712B0FEFC38A6FF06E115,SHA256=3C850DE2119D6311DFF3E575797A476011D8272007D7DC82AE47771C9811D2A4,IMPHASH=C4185C20B2A41A0227AEF9F9555CF591\r\nSigned: true\r\nSignature: Windows Phone\r\nSignatureStatus: Valid"}
{"@timestamp":"2020-10-22T12:21:39.439Z","TimeCreated":"2020-10-22T12:21:39.439Z","Hashes":"SHA1=F1D1D942ACBA432D60C139A8AE9644665044BCD6,MD5=5539643D8D55C97FB3A5F7E24C448A3F,SHA256=4FB47D56F0FC6C27FEC884E078A2999F7B2E10994359960CC78182544CA80C36,IMPHASH=639D16ACD736EAE912B88E985A0A7A0F","Signature":"Microsoft Windows","ProviderGuid":"{5770385f-c22a-43e0-bf4c-06f5698ffbd9}","Company":"Microsoft Corporation","UtcTime":"2020-10-22 04:21:39.411","ProcessGuid":"{39e4a257-08d3-5f91-f811-000000000700}","Image":"C:\\Program Files\\WindowsApps\\Microsoft.WindowsCalculator_10.2008.2.0_x64__8wekyb3d8bbwe\\Calculator.exe","ImageLoaded":"C:\\Windows\\System32\\kernel.appcore.dll","Level":"4","Channel":"Microsoft-Windows-Sysmon/Operational","Task":"7","RuleName":"-","FileVersion":"10.0.18362.1110 (WinBuild.160101.0800)","SourceName":"Microsoft-Windows-Sysmon","Hostname":"WORKSTATION5","ProcessId":"10760","Description":"AppModel API Host","SignatureStatus":"Valid","Product":"Microsoft Windows Operating System","EventID":7,"Keywords":"0x8000000000000000","Signed":"true","OriginalFileName":"kernel.appcore.dll","Message":"Image loaded:\r\nRuleName: -\r\nUtcTime: 2020-10-22 04:21:39.411\r\nProcessGuid: {39e4a257-08d3-5f91-f811-000000000700}\r\nProcessId: 10760\r\nImage: C:\\Program Files\\WindowsApps\\Microsoft.WindowsCalculator_10.2008.2.0_x64__8wekyb3d8bbwe\\Calculator.exe\r\nImageLoaded: C:\\Windows\\System32\\kernel.appcore.dll\r\nFileVersion: 10.0.18362.1110 (WinBuild.160101.0800)\r\nDescription: AppModel API Host\r\nProduct: Microsoft Windows Operating System\r\nCompany: Microsoft Corporation\r\nOriginalFileName: kernel.appcore.dll\r\nHashes: SHA1=F1D1D942ACBA432D60C139A8AE9644665044BCD6,MD5=5539643D8D55C97FB3A5F7E24C448A3F,SHA256=4FB47D56F0FC6C27FEC884E078A2999F7B2E10994359960CC78182544CA80C36,IMPHASH=639D16ACD736EAE912B88E985A0A7A0F\r\nSigned: true\r\nSignature: Microsoft Windows\r\nSignatureStatus: Valid"}
{"@timestamp":"2020-10-22T12:21:39.439Z","TimeCreated":"2020-10-22T12:21:39.439Z","Hashes":"SHA1=0EA4B3CFB14E49CEC0D42FF0F1FA989E69647A8F,MD5=36354D9B5B0A58A4B9A19103852C00A2,SHA256=E5A863D3F4BFEFED7D73A7B1499F81B7235BC9AE3C108065041BCB8E5446B1BB,IMPHASH=1273683626EBBA703979F188A1E64237","Signature":"Microsoft Windows","ProviderGuid":"{5770385f-c22a-43e0-bf4c-06f5698ffbd9}","Company":"Microsoft Corporation","UtcTime":"2020-10-22 04:21:39.411","ProcessGuid":"{39e4a257-08d3-5f91-f811-000000000700}","Image":"C:\\Program Files\\WindowsApps\\Microsoft.WindowsCalculator_10.2008.2.0_x64__8wekyb3d8bbwe\\Calculator.exe","ImageLoaded":"C:\\Windows\\System32\\msvcrt.dll","Level":"4","Channel":"Microsoft-Windows-Sysmon/Operational","Task":"7","RuleName":"-","FileVersion":"7.0.18362.1 (WinBuild.160101.0800)","SourceName":"Microsoft-Windows-Sysmon","Hostname":"WORKSTATION5","ProcessId":"10760","Description":"Windows NT CRT DLL","SignatureStatus":"Valid","Product":"Microsoft Windows Operating System","EventID":7,"Keywords":"0x8000000000000000","Signed":"true","OriginalFileName":"msvcrt.dll","Message":"Image loaded:\r\nRuleName: -\r\nUtcTime: 2020-10-22 04:21:39.411\r\nProcessGuid: {39e4a257-08d3-5f91-f811-000000000700}\r\nProcessId: 10760\r\nImage: C:\\Program Files\\WindowsApps\\Microsoft.WindowsCalculator_10.2008.2.0_x64__8wekyb3d8bbwe\\Calculator.exe\r\nImageLoaded: C:\\Windows\\System32\\msvcrt.dll\r\nFileVersion: 7.0.18362.1 (WinBuild.160101.0800)\r\nDescription: Windows NT CRT DLL\r\nProduct: Microsoft Windows Operating System\r\nCompany: Microsoft Corporation\r\nOriginalFileName: msvcrt.dll\r\nHashes: SHA1=0EA4B3CFB14E49CEC0D42FF0F1FA989E69647A8F,MD5=36354D9B5B0A58A4B9A19103852C00A2,SHA256=E5A863D3F4BFEFED7D73A7B1499F81B7235BC9AE3C108065041BCB8E5446B1BB,IMPHASH=1273683626EBBA703979F188A1E64237\r\nSigned: true\r\nSignature: Microsoft Windows\r\nSignatureStatus: Valid"}
{"@timestamp":"2020-10-22T12:21:39.439Z","TimeCreated":"2020-10-22T12:21:39.439Z","Hashes":"SHA1=57C812183AA2932F0AFC92FF6D9A3A991D1FBBA9,MD5=BB422CBC3430705624001235A485D102,SHA256=F16F6F4B4BFF8F2448E03172FB256B7ABA82D8C278FC20AC0B45040B7D12AAAE,IMPHASH=2973149E7EB5D6973040164E9E706394","Signature":"Microsoft Windows","ProviderGuid":"{5770385f-c22a-43e0-bf4c-06f5698ffbd9}","Company":"Microsoft Corporation","UtcTime":"2020-10-22 04:21:39.411","ProcessGuid":"{39e4a257-08d3-5f91-f811-000000000700}","Image":"C:\\Program Files\\WindowsApps\\Microsoft.WindowsCalculator_10.2008.2.0_x64__8wekyb3d8bbwe\\Calculator.exe","ImageLoaded":"C:\\Windows\\System32\\Windows.UI.Xaml.dll","Level":"4","Channel":"Microsoft-Windows-Sysmon/Operational","Task":"7","RuleName":"-","FileVersion":"10.0.18362.1139 (WinBuild.160101.0800)","SourceName":"Microsoft-Windows-Sysmon","Hostname":"WORKSTATION5","ProcessId":"10760","Description":"Windows.UI.Xaml dll","SignatureStatus":"Valid","Product":"Microsoft Windows Operating System","EventID":7,"Keywords":"0x8000000000000000","Signed":"true","OriginalFileName":"Windows.UI.Xaml.dll","Message":"Image loaded:\r\nRuleName: -\r\nUtcTime: 2020-10-22 04:21:39.411\r\nProcessGuid: {39e4a257-08d3-5f91-f811-000000000700}\r\nProcessId: 10760\r\nImage: C:\\Program Files\\WindowsApps\\Microsoft.WindowsCalculator_10.2008.2.0_x64__8wekyb3d8bbwe\\Calculator.exe\r\nImageLoaded: C:\\Windows\\System32\\Windows.UI.Xaml.dll\r\nFileVersion: 10.0.18362.1139 (WinBuild.160101.0800)\r\nDescription: Windows.UI.Xaml dll\r\nProduct: Microsoft Windows Operating System\r\nCompany: Microsoft Corporation\r\nOriginalFileName: Windows.UI.Xaml.dll\r\nHashes: SHA1=57C812183AA2932F0AFC92FF6D9A3A991D1FBBA9,MD5=BB422CBC3430705624001235A485D102,SHA256=F16F6F4B4BFF8F2448E03172FB256B7ABA82D8C278FC20AC0B45040B7D12AAAE,IMPHASH=2973149E7EB5D6973040164E9E706394\r\nSigned: true\r\nSignature: Microsoft Windows\r\nSignatureStatus: Valid"}
{"@timestamp":"2020-10-22T12:21:39.440Z","TimeCreated":"2020-10-22T12:21:39.440Z","Hashes":"SHA1=75C9F506592699E30D8ECA63F88C79E956324111,MD5=6ACBCCE095FDB475FC2B3D178E5D9208,SHA256=3F49AB1B04EE3D843E961A1B62CB695EE3FE940EE287819BBBABCC1C3A38F507,IMPHASH=0E48D88DA5B1AEFE29036ECDE5B34E8D","Signature":"Microsoft Windows","ProviderGuid":"{5770385f-c22a-43e0-bf4c-06f5698ffbd9}","Company":"Microsoft Corporation","UtcTime":"2020-10-22 04:21:39.411","ProcessGuid":"{39e4a257-08d3-5f91-f811-000000000700}","Image":"C:\\Program Files\\WindowsApps\\Microsoft.WindowsCalculator_10.2008.2.0_x64__8wekyb3d8bbwe\\Calculator.exe","ImageLoaded":"C:\\Windows\\System32\\SHCore.dll","Level":"4","Channel":"Microsoft-Windows-Sysmon/Operational","Task":"7","RuleName":"-","FileVersion":"10.0.18362.959 (WinBuild.160101.0800)","SourceName":"Microsoft-Windows-Sysmon","Hostname":"WORKSTATION5","ProcessId":"10760","Description":"SHCORE","SignatureStatus":"Valid","Product":"Microsoft Windows Operating System","EventID":7,"Keywords":"0x8000000000000000","Signed":"true","OriginalFileName":"SHCORE.dll","Message":"Image loaded:\r\nRuleName: -\r\nUtcTime: 2020-10-22 04:21:39.411\r\nProcessGuid: {39e4a257-08d3-5f91-f811-000000000700}\r\nProcessId: 10760\r\nImage: C:\\Program Files\\WindowsApps\\Microsoft.WindowsCalculator_10.2008.2.0_x64__8wekyb3d8bbwe\\Calculator.exe\r\nImageLoaded: C:\\Windows\\System32\\SHCore.dll\r\nFileVersion: 10.0.18362.959 (WinBuild.160101.0800)\r\nDescription: SHCORE\r\nProduct: Microsoft Windows Operating System\r\nCompany: Microsoft Corporation\r\nOriginalFileName: SHCORE.dll\r\nHashes: SHA1=75C9F506592699E30D8ECA63F88C79E956324111,MD5=6ACBCCE095FDB475FC2B3D178E5D9208,SHA256=3F49AB1B04EE3D843E961A1B62CB695EE3FE940EE287819BBBABCC1C3A38F507,IMPHASH=0E48D88DA5B1AEFE29036ECDE5B34E8D\r\nSigned: true\r\nSignature: Microsoft Windows\r\nSignatureStatus: Valid"}
{"@timestamp":"2020-10-22T12:21:39.440Z","TimeCreated":"2020-10-22T12:21:39.440Z","Hashes":"SHA1=6B56618013746DA2480E9B14DBD03BD1C6DC009F,MD5=99391EBA3F88D56C3D27268D7947782F,SHA256=3AC2B856DD34D51A631C26791916A036C6C917667D8562676CCE8F2F35349221,IMPHASH=70F6F0466DB32D0AA9E18434AE996907","Signature":"Microsoft Windows","ProviderGuid":"{5770385f-c22a-43e0-bf4c-06f5698ffbd9}","Company":"Microsoft Corporation","UtcTime":"2020-10-22 04:21:39.411","ProcessGuid":"{39e4a257-08d3-5f91-f811-000000000700}","Image":"C:\\Program Files\\WindowsApps\\Microsoft.WindowsCalculator_10.2008.2.0_x64__8wekyb3d8bbwe\\Calculator.exe","ImageLoaded":"C:\\Windows\\System32\\user32.dll","Level":"4","Channel":"Microsoft-Windows-Sysmon/Operational","Task":"7","RuleName":"-","FileVersion":"10.0.18362.1110 (WinBuild.160101.0800)","SourceName":"Microsoft-Windows-Sysmon","Hostname":"WORKSTATION5","ProcessId":"10760","Description":"Multi-User Windows USER API Client DLL","SignatureStatus":"Valid","Product":"Microsoft Windows Operating System","EventID":7,"Keywords":"0x8000000000000000","Signed":"true","OriginalFileName":"user32","Message":"Image loaded:\r\nRuleName: -\r\nUtcTime: 2020-10-22 04:21:39.411\r\nProcessGuid: {39e4a257-08d3-5f91-f811-000000000700}\r\nProcessId: 10760\r\nImage: C:\\Program Files\\WindowsApps\\Microsoft.WindowsCalculator_10.2008.2.0_x64__8wekyb3d8bbwe\\Calculator.exe\r\nImageLoaded: C:\\Windows\\System32\\user32.dll\r\nFileVersion: 10.0.18362.1110 (WinBuild.160101.0800)\r\nDescription: Multi-User Windows USER API Client DLL\r\nProduct: Microsoft Windows Operating System\r\nCompany: Microsoft Corporation\r\nOriginalFileName: user32\r\nHashes: SHA1=6B56618013746DA2480E9B14DBD03BD1C6DC009F,MD5=99391EBA3F88D56C3D27268D7947782F,SHA256=3AC2B856DD34D51A631C26791916A036C6C917667D8562676CCE8F2F35349221,IMPHASH=70F6F0466DB32D0AA9E18434AE996907\r\nSigned: true\r\nSignature: Microsoft Windows\r\nSignatureStatus: Valid"}
{"@timestamp":"2020-10-22T12:21:39.440Z","TimeCreated":"2020-10-22T12:21:39.440Z","Hashes":"SHA1=09CAA4704CC828100AA4BDB1366B5156CD1A63E4,MD5=BE23D5C90313AACEC36448136408D336,SHA256=20EE5EE473456C0853CC7B64FA9BCDBFB3C00B0848B3CFE141535C10AC944478,IMPHASH=00000000000000000000000000000000","Signature":"Microsoft Windows","ProviderGuid":"{5770385f-c22a-43e0-bf4c-06f5698ffbd9}","Company":"Microsoft Corporation","UtcTime":"2020-10-22 04:21:39.411","ProcessGuid":"{39e4a257-08d3-5f91-f811-000000000700}","Image":"C:\\Program Files\\WindowsApps\\Microsoft.WindowsCalculator_10.2008.2.0_x64__8wekyb3d8bbwe\\Calculator.exe","ImageLoaded":"C:\\Windows\\System32\\win32u.dll","Level":"4","Channel":"Microsoft-Windows-Sysmon/Operational","Task":"7","RuleName":"-","FileVersion":"10.0.18362.1139 (WinBuild.160101.0800)","SourceName":"Microsoft-Windows-Sysmon","Hostname":"WORKSTATION5","ProcessId":"10760","Description":"Win32u","SignatureStatus":"Valid","Product":"Microsoft Windows Operating System","EventID":7,"Keywords":"0x8000000000000000","Signed":"true","OriginalFileName":"Win32u.DLL","Message":"Image loaded:\r\nRuleName: -\r\nUtcTime: 2020-10-22 04:21:39.411\r\nProcessGuid: {39e4a257-08d3-5f91-f811-000000000700}\r\nProcessId: 10760\r\nImage: C:\\Program Files\\WindowsApps\\Microsoft.WindowsCalculator_10.2008.2.0_x64__8wekyb3d8bbwe\\Calculator.exe\r\nImageLoaded: C:\\Windows\\System32\\win32u.dll\r\nFileVersion: 10.0.18362.1139 (WinBuild.160101.0800)\r\nDescription: Win32u\r\nProduct: Microsoft Windows Operating System\r\nCompany: Microsoft Corporation\r\nOriginalFileName: Win32u.DLL\r\nHashes: SHA1=09CAA4704CC828100AA4BDB1366B5156CD1A63E4,MD5=BE23D5C90313AACEC36448136408D336,SHA256=20EE5EE473456C0853CC7B64FA9BCDBFB3C00B0848B3CFE141535C10AC944478,IMPHASH=00000000000000000000000000000000\r\nSigned: true\r\nSignature: Microsoft Windows\r\nSignatureStatus: Valid"}
{"@timestamp":"2020-10-22T12:21:39.440Z","TimeCreated":"2020-10-22T12:21:39.440Z","Hashes":"SHA1=9E91D74D5B9BF64A3D4BE8C5EA3594F5DA2BC299,MD5=2839609118F48DEA292084E43FAA72D8,SHA256=4FC9460147D5A3AA1F9498863CF10BB7BE6099BEF1A3D55503164CA51E36E27E,IMPHASH=C5F30E6A06AB646153863B68366FE58A","Signature":"Microsoft Windows","ProviderGuid":"{5770385f-c22a-43e0-bf4c-06f5698ffbd9}","Company":"Microsoft Corporation","UtcTime":"2020-10-22 04:21:39.411","ProcessGuid":"{39e4a257-08d3-5f91-f811-000000000700}","Image":"C:\\Program Files\\WindowsApps\\Microsoft.WindowsCalculator_10.2008.2.0_x64__8wekyb3d8bbwe\\Calculator.exe","ImageLoaded":"C:\\Windows\\System32\\gdi32.dll","Level":"4","Channel":"Microsoft-Windows-Sysmon/Operational","Task":"7","RuleName":"-","FileVersion":"10.0.18362.1 (WinBuild.160101.0800)","SourceName":"Microsoft-Windows-Sysmon","Hostname":"WORKSTATION5","ProcessId":"10760","Description":"GDI Client DLL","SignatureStatus":"Valid","Product":"Microsoft Windows Operating System","EventID":7,"Keywords":"0x8000000000000000","Signed":"true","OriginalFileName":"gdi32","Message":"Image loaded:\r\nRuleName: -\r\nUtcTime: 2020-10-22 04:21:39.411\r\nProcessGuid: {39e4a257-08d3-5f91-f811-000000000700}\r\nProcessId: 10760\r\nImage: C:\\Program Files\\WindowsApps\\Microsoft.WindowsCalculator_10.2008.2.0_x64__8wekyb3d8bbwe\\Calculator.exe\r\nImageLoaded: C:\\Windows\\System32\\gdi32.dll\r\nFileVersion: 10.0.18362.1 (WinBuild.160101.0800)\r\nDescription: GDI Client DLL\r\nProduct: Microsoft Windows Operating System\r\nCompany: Microsoft Corporation\r\nOriginalFileName: gdi32\r\nHashes: SHA1=9E91D74D5B9BF64A3D4BE8C5EA3594F5DA2BC299,MD5=2839609118F48DEA292084E43FAA72D8,SHA256=4FC9460147D5A3AA1F9498863CF10BB7BE6099BEF1A3D55503164CA51E36E27E,IMPHASH=C5F30E6A06AB646153863B68366FE58A\r\nSigned: true\r\nSignature: Microsoft Windows\r\nSignatureStatus: Valid"}
{"@timestamp":"2020-10-22T12:21:39.440Z","TimeCreated":"2020-10-22T12:21:39.440Z","Hashes":"SHA1=F9E2F12438029B6CC54E25DC77E0CDAF4E2F60E6,MD5=EF7E6E4AA8B9EB0B9C2915F6C8F0C71A,SHA256=0428CCE46E90E781510B784E97DC514D4F0564B31591526CDABD40654D4A8F79,IMPHASH=4D32F6E2211CD04CA28C2CD4FAC607E8","Signature":"Microsoft Windows","ProviderGuid":"{5770385f-c22a-43e0-bf4c-06f5698ffbd9}","Company":"Microsoft Corporation","UtcTime":"2020-10-22 04:21:39.411","ProcessGuid":"{39e4a257-08d3-5f91-f811-000000000700}","Image":"C:\\Program Files\\WindowsApps\\Microsoft.WindowsCalculator_10.2008.2.0_x64__8wekyb3d8bbwe\\Calculator.exe","ImageLoaded":"C:\\Windows\\System32\\gdi32full.dll","Level":"4","Channel":"Microsoft-Windows-Sysmon/Operational","Task":"7","RuleName":"-","FileVersion":"10.0.18362.1139 (WinBuild.160101.0800)","SourceName":"Microsoft-Windows-Sysmon","Hostname":"WORKSTATION5","ProcessId":"10760","Description":"GDI Client DLL","SignatureStatus":"Valid","Product":"Microsoft Windows Operating System","EventID":7,"Keywords":"0x8000000000000000","Signed":"true","OriginalFileName":"gdi32","Message":"Image loaded:\r\nRuleName: -\r\nUtcTime: 2020-10-22 04:21:39.411\r\nProcessGuid: {39e4a257-08d3-5f91-f811-000000000700}\r\nProcessId: 10760\r\nImage: C:\\Program Files\\WindowsApps\\Microsoft.WindowsCalculator_10.2008.2.0_x64__8wekyb3d8bbwe\\Calculator.exe\r\nImageLoaded: C:\\Windows\\System32\\gdi32full.dll\r\nFileVersion: 10.0.18362.1139 (WinBuild.160101.0800)\r\nDescription: GDI Client DLL\r\nProduct: Microsoft Windows Operating System\r\nCompany: Microsoft Corporation\r\nOriginalFileName: gdi32\r\nHashes: SHA1=F9E2F12438029B6CC54E25DC77E0CDAF4E2F60E6,MD5=EF7E6E4AA8B9EB0B9C2915F6C8F0C71A,SHA256=0428CCE46E90E781510B784E97DC514D4F0564B31591526CDABD40654D4A8F79,IMPHASH=4D32F6E2211CD04CA28C2CD4FAC607E8\r\nSigned: true\r\nSignature: Microsoft Windows\r\nSignatureStatus: Valid"}
{"@timestamp":"2020-10-22T12:21:39.441Z","TimeCreated":"2020-10-22T12:21:39.441Z","Hashes":"SHA1=A330EDE32DFA03AE6808EE7FB6916D8DEB8F5DDE,MD5=A094E2B38D3DD864B07580D243CB6E43,SHA256=C441E19D20961D4E990E117A300ED318BEDBF2F8BA0FF07BEE7832AC502CDDF2,IMPHASH=CE4BD072766253F6A267D0284CA82002","Signature":"Microsoft Windows","ProviderGuid":"{5770385f-c22a-43e0-bf4c-06f5698ffbd9}","Company":"Microsoft Corporation","UtcTime":"2020-10-22 04:21:39.411","ProcessGuid":"{39e4a257-08d3-5f91-f811-000000000700}","Image":"C:\\Program Files\\WindowsApps\\Microsoft.WindowsCalculator_10.2008.2.0_x64__8wekyb3d8bbwe\\Calculator.exe","ImageLoaded":"C:\\Windows\\System32\\sechost.dll","Level":"4","Channel":"Microsoft-Windows-Sysmon/Operational","Task":"7","RuleName":"-","FileVersion":"10.0.18362.959 (WinBuild.160101.0800)","SourceName":"Microsoft-Windows-Sysmon","Hostname":"WORKSTATION5","ProcessId":"10760","Description":"Host for SCM/SDDL/LSA Lookup APIs","SignatureStatus":"Valid","Product":"Microsoft Windows Operating System","EventID":7,"Keywords":"0x8000000000000000","Signed":"true","OriginalFileName":"sechost.dll","Message":"Image loaded:\r\nRuleName: -\r\nUtcTime: 2020-10-22 04:21:39.411\r\nProcessGuid: {39e4a257-08d3-5f91-f811-000000000700}\r\nProcessId: 10760\r\nImage: C:\\Program Files\\WindowsApps\\Microsoft.WindowsCalculator_10.2008.2.0_x64__8wekyb3d8bbwe\\Calculator.exe\r\nImageLoaded: C:\\Windows\\System32\\sechost.dll\r\nFileVersion: 10.0.18362.959 (WinBuild.160101.0800)\r\nDescription: Host for SCM/SDDL/LSA Lookup APIs\r\nProduct: Microsoft Windows Operating System\r\nCompany: Microsoft Corporation\r\nOriginalFileName: sechost.dll\r\nHashes: SHA1=A330EDE32DFA03AE6808EE7FB6916D8DEB8F5DDE,MD5=A094E2B38D3DD864B07580D243CB6E43,SHA256=C441E19D20961D4E990E117A300ED318BEDBF2F8BA0FF07BEE7832AC502CDDF2,IMPHASH=CE4BD072766253F6A267D0284CA82002\r\nSigned: true\r\nSignature: Microsoft Windows\r\nSignatureStatus: Valid"}
{"@timestamp":"2020-10-22T12:21:39.441Z","TimeCreated":"2020-10-22T12:21:39.441Z","Hashes":"SHA1=27AFEDBB2BCE7204B671362BB46909B0D2068F6D,MD5=2E1D612538780D8EF3EC5C0DB5B080E0,SHA256=D7217EBDD8E654E009B700597DCF9AD9A3FD3688160E134C05DD017FDFCCF844,IMPHASH=159F4C943EAB23286854F27C6AA82CE1","Signature":"Microsoft Windows","ProviderGuid":"{5770385f-c22a-43e0-bf4c-06f5698ffbd9}","Company":"Microsoft Corporation","UtcTime":"2020-10-22 04:21:39.427","ProcessGuid":"{39e4a257-08d3-5f91-f811-000000000700}","Image":"C:\\Program Files\\WindowsApps\\Microsoft.WindowsCalculator_10.2008.2.0_x64__8wekyb3d8bbwe\\Calculator.exe","ImageLoaded":"C:\\Windows\\System32\\CoreMessaging.dll","Level":"4","Channel":"Microsoft-Windows-Sysmon/Operational","Task":"7","RuleName":"-","FileVersion":"10.0.18362.1049","SourceName":"Microsoft-Windows-Sysmon","Hostname":"WORKSTATION5","ProcessId":"10760","Description":"Microsoft CoreMessaging Dll","SignatureStatus":"Valid","Product":"Microsoft Windows Operating System","EventID":7,"Keywords":"0x8000000000000000","Signed":"true","OriginalFileName":"CoreMessaging.dll","Message":"Image loaded:\r\nRuleName: -\r\nUtcTime: 2020-10-22 04:21:39.427\r\nProcessGuid: {39e4a257-08d3-5f91-f811-000000000700}\r\nProcessId: 10760\r\nImage: C:\\Program Files\\WindowsApps\\Microsoft.WindowsCalculator_10.2008.2.0_x64__8wekyb3d8bbwe\\Calculator.exe\r\nImageLoaded: C:\\Windows\\System32\\CoreMessaging.dll\r\nFileVersion: 10.0.18362.1049\r\nDescription: Microsoft CoreMessaging Dll\r\nProduct: Microsoft Windows Operating System\r\nCompany: Microsoft Corporation\r\nOriginalFileName: CoreMessaging.dll\r\nHashes: SHA1=27AFEDBB2BCE7204B671362BB46909B0D2068F6D,MD5=2E1D612538780D8EF3EC5C0DB5B080E0,SHA256=D7217EBDD8E654E009B700597DCF9AD9A3FD3688160E134C05DD017FDFCCF844,IMPHASH=159F4C943EAB23286854F27C6AA82CE1\r\nSigned: true\r\nSignature: Microsoft Windows\r\nSignatureStatus: Valid"}
{"@timestamp":"2020-10-22T12:21:39.442Z","TimeCreated":"2020-10-22T12:21:39.442Z","Hashes":"SHA1=0AEA5AB61A9DAE9505083DD74FB6A5F8B55339AD,MD5=4419A2385D10CE1DC3107421ADB51EEC,SHA256=5B771BBF18781C64AEA1974B90DE385BB090C360A12B967E05E0B7D6D40E3DB0,IMPHASH=5961569E1666EF01D6036E9B6F3791E2","Signature":"Microsoft Windows","ProviderGuid":"{5770385f-c22a-43e0-bf4c-06f5698ffbd9}","Company":"Microsoft Corporation","UtcTime":"2020-10-22 04:21:39.427","ProcessGuid":"{39e4a257-08d3-5f91-f811-000000000700}","Image":"C:\\Program Files\\WindowsApps\\Microsoft.WindowsCalculator_10.2008.2.0_x64__8wekyb3d8bbwe\\Calculator.exe","ImageLoaded":"C:\\Windows\\System32\\BCP47Langs.dll","Level":"4","Channel":"Microsoft-Windows-Sysmon/Operational","Task":"7","RuleName":"-","FileVersion":"10.0.18362.997 (WinBuild.160101.0800)","SourceName":"Microsoft-Windows-Sysmon","Hostname":"WORKSTATION5","ProcessId":"10760","Description":"BCP47 Language Classes","SignatureStatus":"Valid","Product":"Microsoft Windows Operating System","EventID":7,"Keywords":"0x8000000000000000","Signed":"true","OriginalFileName":"BCP47Lang.dll","Message":"Image loaded:\r\nRuleName: -\r\nUtcTime: 2020-10-22 04:21:39.427\r\nProcessGuid: {39e4a257-08d3-5f91-f811-000000000700}\r\nProcessId: 10760\r\nImage: C:\\Program Files\\WindowsApps\\Microsoft.WindowsCalculator_10.2008.2.0_x64__8wekyb3d8bbwe\\Calculator.exe\r\nImageLoaded: C:\\Windows\\System32\\BCP47Langs.dll\r\nFileVersion: 10.0.18362.997 (WinBuild.160101.0800)\r\nDescription: BCP47 Language Classes\r\nProduct: Microsoft Windows Operating System\r\nCompany: Microsoft Corporation\r\nOriginalFileName: BCP47Lang.dll\r\nHashes: SHA1=0AEA5AB61A9DAE9505083DD74FB6A5F8B55339AD,MD5=4419A2385D10CE1DC3107421ADB51EEC,SHA256=5B771BBF18781C64AEA1974B90DE385BB090C360A12B967E05E0B7D6D40E3DB0,IMPHASH=5961569E1666EF01D6036E9B6F3791E2\r\nSigned: true\r\nSignature: Microsoft Windows\r\nSignatureStatus: Valid"}
{"@timestamp":"2020-10-22T12:21:39.442Z","TimeCreated":"2020-10-22T12:21:39.442Z","Hashes":"SHA1=0CB5F095246A71A1EA43BDA79913A7FEF1BFC0F3,MD5=4366B745BB95EA955EBFDAB02762A781,SHA256=1B15BADDFA5C45446413E9297E9D98134E5E61AFA454C4B82DE911B1518C69CA,IMPHASH=8A91E12AED8A0B282C3E51CA39DEC3F4","Signature":"Microsoft Windows","ProviderGuid":"{5770385f-c22a-43e0-bf4c-06f5698ffbd9}","Company":"Microsoft Corporation","UtcTime":"2020-10-22 04:21:39.427","ProcessGuid":"{39e4a257-08d3-5f91-f811-000000000700}","Image":"C:\\Program Files\\WindowsApps\\Microsoft.WindowsCalculator_10.2008.2.0_x64__8wekyb3d8bbwe\\Calculator.exe","ImageLoaded":"C:\\Windows\\System32\\iertutil.dll","Level":"4","Channel":"Microsoft-Windows-Sysmon/Operational","Task":"7","RuleName":"-","FileVersion":"11.00.18362.1110 (WinBuild.160101.0800)","SourceName":"Microsoft-Windows-Sysmon","Hostname":"WORKSTATION5","ProcessId":"10760","Description":"Run time utility for Internet Explorer","SignatureStatus":"Valid","Product":"Internet Explorer","EventID":7,"Keywords":"0x8000000000000000","Signed":"true","OriginalFileName":"IeRtUtil.dll","Message":"Image loaded:\r\nRuleName: -\r\nUtcTime: 2020-10-22 04:21:39.427\r\nProcessGuid: {39e4a257-08d3-5f91-f811-000000000700}\r\nProcessId: 10760\r\nImage: C:\\Program Files\\WindowsApps\\Microsoft.WindowsCalculator_10.2008.2.0_x64__8wekyb3d8bbwe\\Calculator.exe\r\nImageLoaded: C:\\Windows\\System32\\iertutil.dll\r\nFileVersion: 11.00.18362.1110 (WinBuild.160101.0800)\r\nDescription: Run time utility for Internet Explorer\r\nProduct: Internet Explorer\r\nCompany: Microsoft Corporation\r\nOriginalFileName: IeRtUtil.dll\r\nHashes: SHA1=0CB5F095246A71A1EA43BDA79913A7FEF1BFC0F3,MD5=4366B745BB95EA955EBFDAB02762A781,SHA256=1B15BADDFA5C45446413E9297E9D98134E5E61AFA454C4B82DE911B1518C69CA,IMPHASH=8A91E12AED8A0B282C3E51CA39DEC3F4\r\nSigned: true\r\nSignature: Microsoft Windows\r\nSignatureStatus: Valid"}
{"@timestamp":"2020-10-22T12:21:39.443Z","TimeCreated":"2020-10-22T12:21:39.443Z","Hashes":"SHA1=35C61DDE6F8F4ED05F9C4837E2B91C886CA79F82,MD5=EA4F6E7961B4A402F6F5EC33C655260A,SHA256=5E2D103E7E1FD7CA0492E541F082D274EF6259AF2158A3562986C796C5C869DD,IMPHASH=8EEA175C33205685FB8A14876D7564DB","Signature":"Microsoft Windows","ProviderGuid":"{5770385f-c22a-43e0-bf4c-06f5698ffbd9}","Company":"Microsoft Corporation","UtcTime":"2020-10-22 04:21:39.427","ProcessGuid":"{39e4a257-08d3-5f91-f811-000000000700}","Image":"C:\\Program Files\\WindowsApps\\Microsoft.WindowsCalculator_10.2008.2.0_x64__8wekyb3d8bbwe\\Calculator.exe","ImageLoaded":"C:\\Windows\\System32\\advapi32.dll","Level":"4","Channel":"Microsoft-Windows-Sysmon/Operational","Task":"7","RuleName":"-","FileVersion":"10.0.18362.752 (WinBuild.160101.0800)","SourceName":"Microsoft-Windows-Sysmon","Hostname":"WORKSTATION5","ProcessId":"10760","Description":"Advanced Windows 32 Base API","SignatureStatus":"Valid","Product":"Microsoft Windows Operating System","EventID":7,"Keywords":"0x8000000000000000","Signed":"true","OriginalFileName":"advapi32.dll","Message":"Image loaded:\r\nRuleName: -\r\nUtcTime: 2020-10-22 04:21:39.427\r\nProcessGuid: {39e4a257-08d3-5f91-f811-000000000700}\r\nProcessId: 10760\r\nImage: C:\\Program Files\\WindowsApps\\Microsoft.WindowsCalculator_10.2008.2.0_x64__8wekyb3d8bbwe\\Calculator.exe\r\nImageLoaded: C:\\Windows\\System32\\advapi32.dll\r\nFileVersion: 10.0.18362.752 (WinBuild.160101.0800)\r\nDescription: Advanced Windows 32 Base API\r\nProduct: Microsoft Windows Operating System\r\nCompany: Microsoft Corporation\r\nOriginalFileName: advapi32.dll\r\nHashes: SHA1=35C61DDE6F8F4ED05F9C4837E2B91C886CA79F82,MD5=EA4F6E7961B4A402F6F5EC33C655260A,SHA256=5E2D103E7E1FD7CA0492E541F082D274EF6259AF2158A3562986C796C5C869DD,IMPHASH=8EEA175C33205685FB8A14876D7564DB\r\nSigned: true\r\nSignature: Microsoft Windows\r\nSignatureStatus: Valid"}
