{"GrantedAccess":"0x1410","@timestamp":"2020-10-22T03:52:05.919Z","TimeCreated":"2020-10-22T03:52:05.919Z","SourceThreadId":"1388","SourceImage":"C:\\windows\\Explorer.EXE","ProviderGuid":"{5770385f-c22a-43e0-bf4c-06f5698ffbd9}","CallTrace":"C:\\windows\\SYSTEM32\\ntdll.dll+9c584|C:\\windows\\System32\\KERNELBASE.dll+305fe|C:\\windows\\system32\\twinui.pcshell.dll+1d207|C:\\windows\\system32\\twinui.pcshell.dll+fadd0|C:\\windows\\System32\\KERNEL32.DLL+17c24|C:\\windows\\SYSTEM32\\ntdll.dll+6cea1","UtcTime":"2020-10-22 07:52:05.908","TargetProcessGUID":"{39e4a257-3a25-5f91-f113-000000000700}","SourceProcessId":"1072","Level":"4","Channel":"Microsoft-Windows-Sysmon/Operational","Task":"10","RuleName":"-","SourceName":"Microsoft-Windows-Sysmon","Hostname":"WORKSTATION5","SourceProcessGUID":"{39e4a257-f1b3-5f8b-a700-000000000700}","TargetProcessId":"9160","EventID":10,"Keywords":"0x8000000000000000","TargetImage":"C:\\windows\\system32\\mshta.exe","Message":"Process accessed:\r\nRuleName: -\r\nUtcTime: 2020-10-22 07:52:05.908\r\nSourceProcessGUID: {39e4a257-f1b3-5f8b-a700-000000000700}\r\nSourceProcessId: 1072\r\nSourceThreadId: 1388\r\nSourceImage: C:\\windows\\Explorer.EXE\r\nTargetProcessGUID: {39e4a257-3a25-5f91-f113-000000000700}\r\nTargetProcessId: 9160\r\nTargetImage: C:\\windows\\system32\\mshta.exe\r\nGrantedAccess: 0x1410\r\nCallTrace: C:\\windows\\SYSTEM32\\ntdll.dll+9c584|C:\\windows\\System32\\KERNELBASE.dll+305fe|C:\\windows\\system32\\twinui.pcshell.dll+1d207|C:\\windows\\system32\\twinui.pcshell.dll+fadd0|C:\\windows\\System32\\KERNEL32.DLL+17c24|C:\\windows\\SYSTEM32\\ntdll.dll+6cea1"}
{"GrantedAccess":"0x1000","@timestamp":"2020-10-22T03:52:05.919Z","TimeCreated":"2020-10-22T03:52:05.919Z","SourceThreadId":"1388","SourceImage":"C:\\windows\\Explorer.EXE","ProviderGuid":"{5770385f-c22a-43e0-bf4c-06f5698ffbd9}","CallTrace":"C:\\windows\\SYSTEM32\\ntdll.dll+9c584|C:\\windows\\System32\\KERNELBASE.dll+305fe|C:\\Windows\\System32\\appresolver.dll+221c5|C:\\Windows\\System32\\appresolver.dll+1edcc|C:\\windows\\system32\\twinui.pcshell.dll+1d434|C:\\windows\\system32\\twinui.pcshell.dll+fadd0|C:\\windows\\System32\\KERNEL32.DLL+17c24|C:\\windows\\SYSTEM32\\ntdll.dll+6cea1","UtcTime":"2020-10-22 07:52:05.908","TargetProcessGUID":"{39e4a257-3a25-5f91-f113-000000000700}","SourceProcessId":"1072","Level":"4","Channel":"Microsoft-Windows-Sysmon/Operational","Task":"10","RuleName":"-","SourceName":"Microsoft-Windows-Sysmon","Hostname":"WORKSTATION5","SourceProcessGUID":"{39e4a257-f1b3-5f8b-a700-000000000700}","TargetProcessId":"9160","EventID":10,"Keywords":"0x8000000000000000","TargetImage":"C:\\windows\\system32\\mshta.exe","Message":"Process accessed:\r\nRuleName: -\r\nUtcTime: 2020-10-22 07:52:05.908\r\nSourceProcessGUID: {39e4a257-f1b3-5f8b-a700-000000000700}\r\nSourceProcessId: 1072\r\nSourceThreadId: 1388\r\nSourceImage: C:\\windows\\Explorer.EXE\r\nTargetProcessGUID: {39e4a257-3a25-5f91-f113-000000000700}\r\nTargetProcessId: 9160\r\nTargetImage: C:\\windows\\system32\\mshta.exe\r\nGrantedAccess: 0x1000\r\nCallTrace: C:\\windows\\SYSTEM32\\ntdll.dll+9c584|C:\\windows\\System32\\KERNELBASE.dll+305fe|C:\\Windows\\System32\\appresolver.dll+221c5|C:\\Windows\\System32\\appresolver.dll+1edcc|C:\\windows\\system32\\twinui.pcshell.dll+1d434|C:\\windows\\system32\\twinui.pcshell.dll+fadd0|C:\\windows\\System32\\KERNEL32.DLL+17c24|C:\\windows\\SYSTEM32\\ntdll.dll+6cea1"}
{"GrantedAccess":"0x1000","@timestamp":"2020-10-22T03:52:05.919Z","TimeCreated":"2020-10-22T03:52:05.919Z","SourceThreadId":"1388","SourceImage":"C:\\windows\\Explorer.EXE","ProviderGuid":"{5770385f-c22a-43e0-bf4c-06f5698ffbd9}","CallTrace":"C:\\windows\\SYSTEM32\\ntdll.dll+9c584|C:\\windows\\System32\\KERNELBASE.dll+305fe|C:\\Windows\\System32\\appresolver.dll+1ee93|C:\\windows\\system32\\twinui.pcshell.dll+1d434|C:\\windows\\system32\\twinui.pcshell.dll+fadd0|C:\\windows\\System32\\KERNEL32.DLL+17c24|C:\\windows\\SYSTEM32\\ntdll.dll+6cea1","UtcTime":"2020-10-22 07:52:05.908","TargetProcessGUID":"{39e4a257-3a25-5f91-f113-000000000700}","SourceProcessId":"1072","Level":"4","Channel":"Microsoft-Windows-Sysmon/Operational","Task":"10","RuleName":"-","SourceName":"Microsoft-Windows-Sysmon","Hostname":"WORKSTATION5","SourceProcessGUID":"{39e4a257-f1b3-5f8b-a700-000000000700}","TargetProcessId":"9160","EventID":10,"Keywords":"0x8000000000000000","TargetImage":"C:\\windows\\system32\\mshta.exe","Message":"Process accessed:\r\nRuleName: -\r\nUtcTime: 2020-10-22 07:52:05.908\r\nSourceProcessGUID: {39e4a257-f1b3-5f8b-a700-000000000700}\r\nSourceProcessId: 1072\r\nSourceThreadId: 1388\r\nSourceImage: C:\\windows\\Explorer.EXE\r\nTargetProcessGUID: {39e4a257-3a25-5f91-f113-000000000700}\r\nTargetProcessId: 9160\r\nTargetImage: C:\\windows\\system32\\mshta.exe\r\nGrantedAccess: 0x1000\r\nCallTrace: C:\\windows\\SYSTEM32\\ntdll.dll+9c584|C:\\windows\\System32\\KERNELBASE.dll+305fe|C:\\Windows\\System32\\appresolver.dll+1ee93|C:\\windows\\system32\\twinui.pcshell.dll+1d434|C:\\windows\\system32\\twinui.pcshell.dll+fadd0|C:\\windows\\System32\\KERNEL32.DLL+17c24|C:\\windows\\SYSTEM32\\ntdll.dll+6cea1"}
{"GrantedAccess":"0x1000","@timestamp":"2020-10-22T03:52:05.919Z","TimeCreated":"2020-10-22T03:52:05.919Z","SourceThreadId":"5300","SourceImage":"C:\\windows\\system32\\ctfmon.exe","ProviderGuid":"{5770385f-c22a-43e0-bf4c-06f5698ffbd9}","CallTrace":"C:\\windows\\SYSTEM32\\ntdll.dll+9d154|C:\\windows\\System32\\MSCTF.dll+9440|C:\\windows\\System32\\MSCTF.dll+85ec|C:\\windows\\System32\\MSCTF.dll+827f|C:\\windows\\System32\\MSCTF.dll+80e2|C:\\windows\\System32\\KERNEL32.DLL+17c24|C:\\windows\\SYSTEM32\\ntdll.dll+6cea1","UtcTime":"2020-10-22 07:52:05.908","TargetProcessGUID":"{39e4a257-3a25-5f91-f113-000000000700}","SourceProcessId":"5112","Level":"4","Channel":"Microsoft-Windows-Sysmon/Operational","Task":"10","RuleName":"-","SourceName":"Microsoft-Windows-Sysmon","Hostname":"WORKSTATION5","SourceProcessGUID":"{39e4a257-f1b1-5f8b-a500-000000000700}","TargetProcessId":"9160","EventID":10,"Keywords":"0x8000000000000000","TargetImage":"C:\\windows\\system32\\mshta.exe","Message":"Process accessed:\r\nRuleName: -\r\nUtcTime: 2020-10-22 07:52:05.908\r\nSourceProcessGUID: {39e4a257-f1b1-5f8b-a500-000000000700}\r\nSourceProcessId: 5112\r\nSourceThreadId: 5300\r\nSourceImage: C:\\windows\\system32\\ctfmon.exe\r\nTargetProcessGUID: {39e4a257-3a25-5f91-f113-000000000700}\r\nTargetProcessId: 9160\r\nTargetImage: C:\\windows\\system32\\mshta.exe\r\nGrantedAccess: 0x1000\r\nCallTrace: C:\\windows\\SYSTEM32\\ntdll.dll+9d154|C:\\windows\\System32\\MSCTF.dll+9440|C:\\windows\\System32\\MSCTF.dll+85ec|C:\\windows\\System32\\MSCTF.dll+827f|C:\\windows\\System32\\MSCTF.dll+80e2|C:\\windows\\System32\\KERNEL32.DLL+17c24|C:\\windows\\SYSTEM32\\ntdll.dll+6cea1"}
{"GrantedAccess":"0x1000","@timestamp":"2020-10-22T03:52:05.919Z","TimeCreated":"2020-10-22T03:52:05.919Z","SourceThreadId":"5300","SourceImage":"C:\\windows\\system32\\ctfmon.exe","ProviderGuid":"{5770385f-c22a-43e0-bf4c-06f5698ffbd9}","CallTrace":"C:\\windows\\SYSTEM32\\ntdll.dll+9d154|C:\\windows\\System32\\MSCTF.dll+9440|C:\\windows\\System32\\MSCTF.dll+85ec|C:\\windows\\System32\\MSCTF.dll+827f|C:\\windows\\System32\\MSCTF.dll+80e2|C:\\windows\\System32\\KERNEL32.DLL+17c24|C:\\windows\\SYSTEM32\\ntdll.dll+6cea1","UtcTime":"2020-10-22 07:52:05.908","TargetProcessGUID":"{39e4a257-3a25-5f91-f113-000000000700}","SourceProcessId":"5112","Level":"4","Channel":"Microsoft-Windows-Sysmon/Operational","Task":"10","RuleName":"-","SourceName":"Microsoft-Windows-Sysmon","Hostname":"WORKSTATION5","SourceProcessGUID":"{39e4a257-f1b1-5f8b-a500-000000000700}","TargetProcessId":"9160","EventID":10,"Keywords":"0x8000000000000000","TargetImage":"C:\\windows\\system32\\mshta.exe","Message":"Process accessed:\r\nRuleName: -\r\nUtcTime: 2020-10-22 07:52:05.908\r\nSourceProcessGUID: {39e4a257-f1b1-5f8b-a500-000000000700}\r\nSourceProcessId: 5112\r\nSourceThreadId: 5300\r\nSourceImage: C:\\windows\\system32\\ctfmon.exe\r\nTargetProcessGUID: {39e4a257-3a25-5f91-f113-000000000700}\r\nTargetProcessId: 9160\r\nTargetImage: C:\\windows\\system32\\mshta.exe\r\nGrantedAccess: 0x1000\r\nCallTrace: C:\\windows\\SYSTEM32\\ntdll.dll+9d154|C:\\windows\\System32\\MSCTF.dll+9440|C:\\windows\\System32\\MSCTF.dll+85ec|C:\\windows\\System32\\MSCTF.dll+827f|C:\\windows\\System32\\MSCTF.dll+80e2|C:\\windows\\System32\\KERNEL32.DLL+17c24|C:\\windows\\SYSTEM32\\ntdll.dll+6cea1"}
{"GrantedAccess":"0x1410","@timestamp":"2020-10-22T03:52:05.919Z","TimeCreated":"2020-10-22T03:52:05.919Z","SourceThreadId":"1388","SourceImage":"C:\\windows\\Explorer.EXE","ProviderGuid":"{5770385f-c22a-43e0-bf4c-06f5698ffbd9}","CallTrace":"C:\\windows\\SYSTEM32\\ntdll.dll+9c584|C:\\windows\\System32\\KERNELBASE.dll+305fe|C:\\Windows\\System32\\appresolver.dll+21ee8|C:\\Windows\\System32\\appresolver.dll+1ef46|C:\\windows\\system32\\twinui.pcshell.dll+1d434|C:\\windows\\system32\\twinui.pcshell.dll+fadd0|C:\\windows\\System32\\KERNEL32.DLL+17c24|C:\\windows\\SYSTEM32\\ntdll.dll+6cea1","UtcTime":"2020-10-22 07:52:05.908","TargetProcessGUID":"{39e4a257-3a25-5f91-f113-000000000700}","SourceProcessId":"1072","Level":"4","Channel":"Microsoft-Windows-Sysmon/Operational","Task":"10","RuleName":"-","SourceName":"Microsoft-Windows-Sysmon","Hostname":"WORKSTATION5","SourceProcessGUID":"{39e4a257-f1b3-5f8b-a700-000000000700}","TargetProcessId":"9160","EventID":10,"Keywords":"0x8000000000000000","TargetImage":"C:\\windows\\system32\\mshta.exe","Message":"Process accessed:\r\nRuleName: -\r\nUtcTime: 2020-10-22 07:52:05.908\r\nSourceProcessGUID: {39e4a257-f1b3-5f8b-a700-000000000700}\r\nSourceProcessId: 1072\r\nSourceThreadId: 1388\r\nSourceImage: C:\\windows\\Explorer.EXE\r\nTargetProcessGUID: {39e4a257-3a25-5f91-f113-000000000700}\r\nTargetProcessId: 9160\r\nTargetImage: C:\\windows\\system32\\mshta.exe\r\nGrantedAccess: 0x1410\r\nCallTrace: C:\\windows\\SYSTEM32\\ntdll.dll+9c584|C:\\windows\\System32\\KERNELBASE.dll+305fe|C:\\Windows\\System32\\appresolver.dll+21ee8|C:\\Windows\\System32\\appresolver.dll+1ef46|C:\\windows\\system32\\twinui.pcshell.dll+1d434|C:\\windows\\system32\\twinui.pcshell.dll+fadd0|C:\\windows\\System32\\KERNEL32.DLL+17c24|C:\\windows\\SYSTEM32\\ntdll.dll+6cea1"}
{"@timestamp":"2020-10-22T03:52:05.923Z","TimeCreated":"2020-10-22T03:52:05.923Z","Hashes":"SHA1=D514677D0B3766F2A30A79B382CEAA6890A9144E,MD5=8C850456EBB5C4B5265BBB2CE8682703,SHA256=B6415255D252F04428832F5857706C1366B29C1ACF640082C341F8C1AF7816DF,IMPHASH=4EF0D2272492E6A4AEFB26F6674CA64F","Signature":"Microsoft Windows","ProviderGuid":"{5770385f-c22a-43e0-bf4c-06f5698ffbd9}","Company":"Microsoft Corporation","UtcTime":"2020-10-22 07:52:05.908","ProcessGuid":"{39e4a257-3a25-5f91-f113-000000000700}","Image":"C:\\Windows\\System32\\mshta.exe","ImageLoaded":"C:\\Windows\\System32\\TextInputFramework.dll","Level":"4","Channel":"Microsoft-Windows-Sysmon/Operational","Task":"7","RuleName":"-","FileVersion":"10.0.18362.693 (WinBuild.160101.0800)","SourceName":"Microsoft-Windows-Sysmon","Hostname":"WORKSTATION5","ProcessId":"9160","Description":"\"TextInputFramework.DYNLINK\"","SignatureStatus":"Valid","Product":"Microsoft Windows Operating System","EventID":7,"Keywords":"0x8000000000000000","Signed":"true","OriginalFileName":"\"TextInputFramework.DYNLINK\"","Message":"Image loaded:\r\nRuleName: -\r\nUtcTime: 2020-10-22 07:52:05.908\r\nProcessGuid: {39e4a257-3a25-5f91-f113-000000000700}\r\nProcessId: 9160\r\nImage: C:\\Windows\\System32\\mshta.exe\r\nImageLoaded: C:\\Windows\\System32\\TextInputFramework.dll\r\nFileVersion: 10.0.18362.693 (WinBuild.160101.0800)\r\nDescription: \"TextInputFramework.DYNLINK\"\r\nProduct: Microsoft Windows Operating System\r\nCompany: Microsoft Corporation\r\nOriginalFileName: \"TextInputFramework.DYNLINK\"\r\nHashes: SHA1=D514677D0B3766F2A30A79B382CEAA6890A9144E,MD5=8C850456EBB5C4B5265BBB2CE8682703,SHA256=B6415255D252F04428832F5857706C1366B29C1ACF640082C341F8C1AF7816DF,IMPHASH=4EF0D2272492E6A4AEFB26F6674CA64F\r\nSigned: true\r\nSignature: Microsoft Windows\r\nSignatureStatus: Valid"}
{"@timestamp":"2020-10-22T03:52:05.926Z","TimeCreated":"2020-10-22T03:52:05.926Z","Hashes":"SHA1=27AFEDBB2BCE7204B671362BB46909B0D2068F6D,MD5=2E1D612538780D8EF3EC5C0DB5B080E0,SHA256=D7217EBDD8E654E009B700597DCF9AD9A3FD3688160E134C05DD017FDFCCF844,IMPHASH=159F4C943EAB23286854F27C6AA82CE1","Signature":"Microsoft Windows","ProviderGuid":"{5770385f-c22a-43e0-bf4c-06f5698ffbd9}","Company":"Microsoft Corporation","UtcTime":"2020-10-22 07:52:05.908","ProcessGuid":"{39e4a257-3a25-5f91-f113-000000000700}","Image":"C:\\Windows\\System32\\mshta.exe","ImageLoaded":"C:\\Windows\\System32\\CoreMessaging.dll","Level":"4","Channel":"Microsoft-Windows-Sysmon/Operational","Task":"7","RuleName":"-","FileVersion":"10.0.18362.1049","SourceName":"Microsoft-Windows-Sysmon","Hostname":"WORKSTATION5","ProcessId":"9160","Description":"Microsoft CoreMessaging Dll","SignatureStatus":"Valid","Product":"Microsoft Windows Operating System","EventID":7,"Keywords":"0x8000000000000000","Signed":"true","OriginalFileName":"CoreMessaging.dll","Message":"Image loaded:\r\nRuleName: -\r\nUtcTime: 2020-10-22 07:52:05.908\r\nProcessGuid: {39e4a257-3a25-5f91-f113-000000000700}\r\nProcessId: 9160\r\nImage: C:\\Windows\\System32\\mshta.exe\r\nImageLoaded: C:\\Windows\\System32\\CoreMessaging.dll\r\nFileVersion: 10.0.18362.1049\r\nDescription: Microsoft CoreMessaging Dll\r\nProduct: Microsoft Windows Operating System\r\nCompany: Microsoft Corporation\r\nOriginalFileName: CoreMessaging.dll\r\nHashes: SHA1=27AFEDBB2BCE7204B671362BB46909B0D2068F6D,MD5=2E1D612538780D8EF3EC5C0DB5B080E0,SHA256=D7217EBDD8E654E009B700597DCF9AD9A3FD3688160E134C05DD017FDFCCF844,IMPHASH=159F4C943EAB23286854F27C6AA82CE1\r\nSigned: true\r\nSignature: Microsoft Windows\r\nSignatureStatus: Valid"}
{"@timestamp":"2020-10-22T03:52:05.927Z","TimeCreated":"2020-10-22T03:52:05.927Z","Hashes":"SHA1=921B1B35216BEE3C8DF5E9DE34E24E6CD11404B4,MD5=FD400D045B3B444EA63B43B57AED1BCA,SHA256=9050083E4A3586E497A6511E00721142D6729350E89D9E132085FA60CC82E58B,IMPHASH=D5A340DE6D3229461CCE23B7EDD45B8A","Signature":"Microsoft Windows","ProviderGuid":"{5770385f-c22a-43e0-bf4c-06f5698ffbd9}","Company":"Microsoft Corporation","UtcTime":"2020-10-22 07:52:05.908","ProcessGuid":"{39e4a257-3a25-5f91-f113-000000000700}","Image":"C:\\Windows\\System32\\mshta.exe","ImageLoaded":"C:\\Windows\\System32\\CoreUIComponents.dll","Level":"4","Channel":"Microsoft-Windows-Sysmon/Operational","Task":"7","RuleName":"-","FileVersion":"10.0.18362.1110","SourceName":"Microsoft-Windows-Sysmon","Hostname":"WORKSTATION5","ProcessId":"9160","Description":"Microsoft Core UI Components Dll","SignatureStatus":"Valid","Product":"Microsoft Windows Operating System","EventID":7,"Keywords":"0x8000000000000000","Signed":"true","OriginalFileName":"CoreUIComponents.dll","Message":"Image loaded:\r\nRuleName: -\r\nUtcTime: 2020-10-22 07:52:05.908\r\nProcessGuid: {39e4a257-3a25-5f91-f113-000000000700}\r\nProcessId: 9160\r\nImage: C:\\Windows\\System32\\mshta.exe\r\nImageLoaded: C:\\Windows\\System32\\CoreUIComponents.dll\r\nFileVersion: 10.0.18362.1110\r\nDescription: Microsoft Core UI Components Dll\r\nProduct: Microsoft Windows Operating System\r\nCompany: Microsoft Corporation\r\nOriginalFileName: CoreUIComponents.dll\r\nHashes: SHA1=921B1B35216BEE3C8DF5E9DE34E24E6CD11404B4,MD5=FD400D045B3B444EA63B43B57AED1BCA,SHA256=9050083E4A3586E497A6511E00721142D6729350E89D9E132085FA60CC82E58B,IMPHASH=D5A340DE6D3229461CCE23B7EDD45B8A\r\nSigned: true\r\nSignature: Microsoft Windows\r\nSignatureStatus: Valid"}
{"@timestamp":"2020-10-22T03:52:05.927Z","TimeCreated":"2020-10-22T03:52:05.927Z","Hashes":"SHA1=5C986A06C21B5CDCFD799E3B5CA475CE2AFF6058,MD5=435009D1DDC0365BFA34B8C8D3F85286,SHA256=2F94628F056FE65EA81351E134E59ECE813FEC5E8400C12D6DFA49DEFD126D01,IMPHASH=B0E49176FB29AC2D0ABB840B4C490D21","Signature":"Microsoft Windows","ProviderGuid":"{5770385f-c22a-43e0-bf4c-06f5698ffbd9}","Company":"Microsoft Corporation","UtcTime":"2020-10-22 07:52:05.908","ProcessGuid":"{39e4a257-3a25-5f91-f113-000000000700}","Image":"C:\\Windows\\System32\\mshta.exe","ImageLoaded":"C:\\Windows\\System32\\ntmarta.dll","Level":"4","Channel":"Microsoft-Windows-Sysmon/Operational","Task":"7","RuleName":"-","FileVersion":"10.0.18362.1 (WinBuild.160101.0800)","SourceName":"Microsoft-Windows-Sysmon","Hostname":"WORKSTATION5","ProcessId":"9160","Description":"Windows NT MARTA provider","SignatureStatus":"Valid","Product":"Microsoft Windows Operating System","EventID":7,"Keywords":"0x8000000000000000","Signed":"true","OriginalFileName":"ntmarta.dll","Message":"Image loaded:\r\nRuleName: -\r\nUtcTime: 2020-10-22 07:52:05.908\r\nProcessGuid: {39e4a257-3a25-5f91-f113-000000000700}\r\nProcessId: 9160\r\nImage: C:\\Windows\\System32\\mshta.exe\r\nImageLoaded: C:\\Windows\\System32\\ntmarta.dll\r\nFileVersion: 10.0.18362.1 (WinBuild.160101.0800)\r\nDescription: Windows NT MARTA provider\r\nProduct: Microsoft Windows Operating System\r\nCompany: Microsoft Corporation\r\nOriginalFileName: ntmarta.dll\r\nHashes: SHA1=5C986A06C21B5CDCFD799E3B5CA475CE2AFF6058,MD5=435009D1DDC0365BFA34B8C8D3F85286,SHA256=2F94628F056FE65EA81351E134E59ECE813FEC5E8400C12D6DFA49DEFD126D01,IMPHASH=B0E49176FB29AC2D0ABB840B4C490D21\r\nSigned: true\r\nSignature: Microsoft Windows\r\nSignatureStatus: Valid"}
{"@timestamp":"2020-10-22T03:52:05.928Z","TimeCreated":"2020-10-22T03:52:05.928Z","Hashes":"SHA1=70E8DE6959778BA8568A6D2A91C3FEB8C7014A44,MD5=98A7DF1245A46A5816CDC58EE7AD15DF,SHA256=121E4D96C27D2F79B897BA0F4307527696F7D289A46371820CF593FDBBA952AA,IMPHASH=554A9752315AC45D1DA4038F3CB03786","Signature":"Microsoft Windows","ProviderGuid":"{5770385f-c22a-43e0-bf4c-06f5698ffbd9}","Company":"Microsoft Corporation","UtcTime":"2020-10-22 07:52:05.908","ProcessGuid":"{39e4a257-3a25-5f91-f113-000000000700}","Image":"C:\\Windows\\System32\\mshta.exe","ImageLoaded":"C:\\Windows\\System32\\WinTypes.dll","Level":"4","Channel":"Microsoft-Windows-Sysmon/Operational","Task":"7","RuleName":"-","FileVersion":"10.0.18362.1139 (WinBuild.160101.0800)","SourceName":"Microsoft-Windows-Sysmon","Hostname":"WORKSTATION5","ProcessId":"9160","Description":"Windows Base Types DLL","SignatureStatus":"Valid","Product":"Microsoft Windows Operating System","EventID":7,"Keywords":"0x8000000000000000","Signed":"true","OriginalFileName":"WinTypes.dll","Message":"Image loaded:\r\nRuleName: -\r\nUtcTime: 2020-10-22 07:52:05.908\r\nProcessGuid: {39e4a257-3a25-5f91-f113-000000000700}\r\nProcessId: 9160\r\nImage: C:\\Windows\\System32\\mshta.exe\r\nImageLoaded: C:\\Windows\\System32\\WinTypes.dll\r\nFileVersion: 10.0.18362.1139 (WinBuild.160101.0800)\r\nDescription: Windows Base Types DLL\r\nProduct: Microsoft Windows Operating System\r\nCompany: Microsoft Corporation\r\nOriginalFileName: WinTypes.dll\r\nHashes: SHA1=70E8DE6959778BA8568A6D2A91C3FEB8C7014A44,MD5=98A7DF1245A46A5816CDC58EE7AD15DF,SHA256=121E4D96C27D2F79B897BA0F4307527696F7D289A46371820CF593FDBBA952AA,IMPHASH=554A9752315AC45D1DA4038F3CB03786\r\nSigned: true\r\nSignature: Microsoft Windows\r\nSignatureStatus: Valid"}
{"@timestamp":"2020-10-22T03:52:05.928Z","TimeCreated":"2020-10-22T03:52:05.928Z","Hashes":"SHA1=70E8DE6959778BA8568A6D2A91C3FEB8C7014A44,MD5=98A7DF1245A46A5816CDC58EE7AD15DF,SHA256=121E4D96C27D2F79B897BA0F4307527696F7D289A46371820CF593FDBBA952AA,IMPHASH=554A9752315AC45D1DA4038F3CB03786","Signature":"Microsoft Windows","ProviderGuid":"{5770385f-c22a-43e0-bf4c-06f5698ffbd9}","Company":"Microsoft Corporation","UtcTime":"2020-10-22 07:52:05.908","ProcessGuid":"{39e4a257-3a25-5f91-f113-000000000700}","Image":"C:\\Windows\\System32\\mshta.exe","ImageLoaded":"C:\\Windows\\System32\\WinTypes.dll","Level":"4","Channel":"Microsoft-Windows-Sysmon/Operational","Task":"7","RuleName":"-","FileVersion":"10.0.18362.1139 (WinBuild.160101.0800)","SourceName":"Microsoft-Windows-Sysmon","Hostname":"WORKSTATION5","ProcessId":"9160","Description":"Windows Base Types DLL","SignatureStatus":"Valid","Product":"Microsoft Windows Operating System","EventID":7,"Keywords":"0x8000000000000000","Signed":"true","OriginalFileName":"WinTypes.dll","Message":"Image loaded:\r\nRuleName: -\r\nUtcTime: 2020-10-22 07:52:05.908\r\nProcessGuid: {39e4a257-3a25-5f91-f113-000000000700}\r\nProcessId: 9160\r\nImage: C:\\Windows\\System32\\mshta.exe\r\nImageLoaded: C:\\Windows\\System32\\WinTypes.dll\r\nFileVersion: 10.0.18362.1139 (WinBuild.160101.0800)\r\nDescription: Windows Base Types DLL\r\nProduct: Microsoft Windows Operating System\r\nCompany: Microsoft Corporation\r\nOriginalFileName: WinTypes.dll\r\nHashes: SHA1=70E8DE6959778BA8568A6D2A91C3FEB8C7014A44,MD5=98A7DF1245A46A5816CDC58EE7AD15DF,SHA256=121E4D96C27D2F79B897BA0F4307527696F7D289A46371820CF593FDBBA952AA,IMPHASH=554A9752315AC45D1DA4038F3CB03786\r\nSigned: true\r\nSignature: Microsoft Windows\r\nSignatureStatus: Valid"}
{"@timestamp":"2020-10-22T03:52:05.929Z","TimeCreated":"2020-10-22T03:52:05.929Z","Hashes":"SHA1=70E8DE6959778BA8568A6D2A91C3FEB8C7014A44,MD5=98A7DF1245A46A5816CDC58EE7AD15DF,SHA256=121E4D96C27D2F79B897BA0F4307527696F7D289A46371820CF593FDBBA952AA,IMPHASH=554A9752315AC45D1DA4038F3CB03786","Signature":"Microsoft Windows","ProviderGuid":"{5770385f-c22a-43e0-bf4c-06f5698ffbd9}","Company":"Microsoft Corporation","UtcTime":"2020-10-22 07:52:05.908","ProcessGuid":"{39e4a257-3a25-5f91-f113-000000000700}","Image":"C:\\Windows\\System32\\mshta.exe","ImageLoaded":"C:\\Windows\\System32\\WinTypes.dll","Level":"4","Channel":"Microsoft-Windows-Sysmon/Operational","Task":"7","RuleName":"-","FileVersion":"10.0.18362.1139 (WinBuild.160101.0800)","SourceName":"Microsoft-Windows-Sysmon","Hostname":"WORKSTATION5","ProcessId":"9160","Description":"Windows Base Types DLL","SignatureStatus":"Valid","Product":"Microsoft Windows Operating System","EventID":7,"Keywords":"0x8000000000000000","Signed":"true","OriginalFileName":"WinTypes.dll","Message":"Image loaded:\r\nRuleName: -\r\nUtcTime: 2020-10-22 07:52:05.908\r\nProcessGuid: {39e4a257-3a25-5f91-f113-000000000700}\r\nProcessId: 9160\r\nImage: C:\\Windows\\System32\\mshta.exe\r\nImageLoaded: C:\\Windows\\System32\\WinTypes.dll\r\nFileVersion: 10.0.18362.1139 (WinBuild.160101.0800)\r\nDescription: Windows Base Types DLL\r\nProduct: Microsoft Windows Operating System\r\nCompany: Microsoft Corporation\r\nOriginalFileName: WinTypes.dll\r\nHashes: SHA1=70E8DE6959778BA8568A6D2A91C3FEB8C7014A44,MD5=98A7DF1245A46A5816CDC58EE7AD15DF,SHA256=121E4D96C27D2F79B897BA0F4307527696F7D289A46371820CF593FDBBA952AA,IMPHASH=554A9752315AC45D1DA4038F3CB03786\r\nSigned: true\r\nSignature: Microsoft Windows\r\nSignatureStatus: Valid"}
{"GrantedAccess":"0x1000","@timestamp":"2020-10-22T03:52:05.929Z","TimeCreated":"2020-10-22T03:52:05.929Z","SourceThreadId":"4688","SourceImage":"C:\\windows\\Explorer.EXE","ProviderGuid":"{5770385f-c22a-43e0-bf4c-06f5698ffbd9}","CallTrace":"C:\\windows\\SYSTEM32\\ntdll.dll+9c584|C:\\windows\\System32\\KERNELBASE.dll+305fe|C:\\windows\\SYSTEM32\\TWINAPI.dll+6d4c|C:\\windows\\system32\\twinui.pcshell.dll+20880|C:\\windows\\system32\\twinui.pcshell.dll+20082|C:\\windows\\system32\\twinui.dll+1780b|C:\\windows\\system32\\twinui.dll+1734c|C:\\windows\\system32\\twinui.dll+68f7a|C:\\windows\\system32\\twinui.dll+16e09|C:\\windows\\system32\\twinui.dll+16f4b|C:\\windows\\system32\\twinui.dll+16ecd|C:\\windows\\System32\\USER32.dll+15c1d|C:\\windows\\System32\\USER32.dll+15612|C:\\Windows\\System32\\windows.immersiveshell.serviceprovider.dll+45f0|C:\\Windows\\System32\\windows.immersiveshell.serviceprovider.dll+41b9|C:\\Windows\\System32\\windows.immersiveshell.serviceprovider.dll+3e4f|C:\\windows\\System32\\KERNEL32.DLL+17c24|C:\\windows\\SYSTEM32\\ntdll.dll+6cea1","UtcTime":"2020-10-22 07:52:05.923","TargetProcessGUID":"{39e4a257-3a25-5f91-f113-000000000700}","SourceProcessId":"1072","Level":"4","Channel":"Microsoft-Windows-Sysmon/Operational","Task":"10","RuleName":"-","SourceName":"Microsoft-Windows-Sysmon","Hostname":"WORKSTATION5","SourceProcessGUID":"{39e4a257-f1b3-5f8b-a700-000000000700}","TargetProcessId":"9160","EventID":10,"Keywords":"0x8000000000000000","TargetImage":"C:\\windows\\system32\\mshta.exe","Message":"Process accessed:\r\nRuleName: -\r\nUtcTime: 2020-10-22 07:52:05.923\r\nSourceProcessGUID: {39e4a257-f1b3-5f8b-a700-000000000700}\r\nSourceProcessId: 1072\r\nSourceThreadId: 4688\r\nSourceImage: C:\\windows\\Explorer.EXE\r\nTargetProcessGUID: {39e4a257-3a25-5f91-f113-000000000700}\r\nTargetProcessId: 9160\r\nTargetImage: C:\\windows\\system32\\mshta.exe\r\nGrantedAccess: 0x1000\r\nCallTrace: C:\\windows\\SYSTEM32\\ntdll.dll+9c584|C:\\windows\\System32\\KERNELBASE.dll+305fe|C:\\windows\\SYSTEM32\\TWINAPI.dll+6d4c|C:\\windows\\system32\\twinui.pcshell.dll+20880|C:\\windows\\system32\\twinui.pcshell.dll+20082|C:\\windows\\system32\\twinui.dll+1780b|C:\\windows\\system32\\twinui.dll+1734c|C:\\windows\\system32\\twinui.dll+68f7a|C:\\windows\\system32\\twinui.dll+16e09|C:\\windows\\system32\\twinui.dll+16f4b|C:\\windows\\system32\\twinui.dll+16ecd|C:\\windows\\System32\\USER32.dll+15c1d|C:\\windows\\System32\\USER32.dll+15612|C:\\Windows\\System32\\windows.immersiveshell.serviceprovider.dll+45f0|C:\\Windows\\System32\\windows.immersiveshell.serviceprovider.dll+41b9|C:\\Windows\\System32\\windows.immersiveshell.serviceprovider.dll+3e4f|C:\\windows\\System32\\KERNEL32.DLL+17c24|C:\\windows\\SYSTEM32\\ntdll.dll+6cea1"}
{"GrantedAccess":"0x2000","@timestamp":"2020-10-22T03:52:05.929Z","TimeCreated":"2020-10-22T03:52:05.929Z","SourceThreadId":"8508","SourceImage":"C:\\windows\\system32\\svchost.exe","ProviderGuid":"{5770385f-c22a-43e0-bf4c-06f5698ffbd9}","CallTrace":"C:\\windows\\SYSTEM32\\ntdll.dll+9c584|C:\\windows\\SYSTEM32\\psmserviceexthost.dll+310c0|C:\\windows\\SYSTEM32\\psmserviceexthost.dll+30dbf|C:\\windows\\SYSTEM32\\ntdll.dll+6ba5|C:\\windows\\SYSTEM32\\ntdll.dll+67f1|C:\\windows\\SYSTEM32\\ntdll.dll+6650|C:\\windows\\SYSTEM32\\ntdll.dll+3052c|C:\\windows\\SYSTEM32\\ntdll.dll+34142|C:\\windows\\System32\\KERNEL32.DLL+17c24|C:\\windows\\SYSTEM32\\ntdll.dll+6cea1","UtcTime":"2020-10-22 07:52:05.923","TargetProcessGUID":"{39e4a257-3a25-5f91-f113-000000000700}","SourceProcessId":"944","Level":"4","Channel":"Microsoft-Windows-Sysmon/Operational","Task":"10","RuleName":"-","SourceName":"Microsoft-Windows-Sysmon","Hostname":"WORKSTATION5","SourceProcessGUID":"{39e4a257-f132-5f8b-1000-000000000700}","TargetProcessId":"9160","EventID":10,"Keywords":"0x8000000000000000","TargetImage":"C:\\windows\\system32\\mshta.exe","Message":"Process accessed:\r\nRuleName: -\r\nUtcTime: 2020-10-22 07:52:05.923\r\nSourceProcessGUID: {39e4a257-f132-5f8b-1000-000000000700}\r\nSourceProcessId: 944\r\nSourceThreadId: 8508\r\nSourceImage: C:\\windows\\system32\\svchost.exe\r\nTargetProcessGUID: {39e4a257-3a25-5f91-f113-000000000700}\r\nTargetProcessId: 9160\r\nTargetImage: C:\\windows\\system32\\mshta.exe\r\nGrantedAccess: 0x2000\r\nCallTrace: C:\\windows\\SYSTEM32\\ntdll.dll+9c584|C:\\windows\\SYSTEM32\\psmserviceexthost.dll+310c0|C:\\windows\\SYSTEM32\\psmserviceexthost.dll+30dbf|C:\\windows\\SYSTEM32\\ntdll.dll+6ba5|C:\\windows\\SYSTEM32\\ntdll.dll+67f1|C:\\windows\\SYSTEM32\\ntdll.dll+6650|C:\\windows\\SYSTEM32\\ntdll.dll+3052c|C:\\windows\\SYSTEM32\\ntdll.dll+34142|C:\\windows\\System32\\KERNEL32.DLL+17c24|C:\\windows\\SYSTEM32\\ntdll.dll+6cea1"}
{"GrantedAccess":"0x1000","@timestamp":"2020-10-22T03:52:05.946Z","TimeCreated":"2020-10-22T03:52:05.946Z","SourceThreadId":"4688","SourceImage":"C:\\windows\\Explorer.EXE","ProviderGuid":"{5770385f-c22a-43e0-bf4c-06f5698ffbd9}","CallTrace":"C:\\windows\\SYSTEM32\\ntdll.dll+9c584|C:\\windows\\System32\\KERNELBASE.dll+305fe|C:\\windows\\system32\\twinui.pcshell.dll+f06f|C:\\windows\\system32\\twinui.pcshell.dll+7c351|C:\\windows\\system32\\twinui.pcshell.dll+ec20|C:\\windows\\system32\\twinui.pcshell.dll+5920d|C:\\windows\\system32\\twinui.pcshell.dll+2a35a|C:\\windows\\system32\\twinui.dll+19666|C:\\windows\\system32\\twinui.dll+193da|C:\\windows\\system32\\twinui.dll+192f1|C:\\windows\\System32\\USER32.dll+15c1d|C:\\windows\\System32\\USER32.dll+157ec|C:\\windows\\System32\\USER32.dll+25ab2|C:\\windows\\SYSTEM32\\ntdll.dll+9fe34|UNKNOWN(FFFFF8054260ABC5)|UNKNOWN(FFFFF450ABB23504)|UNKNOWN(FFFFF450ABAA8B17)|UNKNOWN(FFFFF450ABAA7E2D)|UNKNOWN(FFFFF450ABAA489A)|UNKNOWN(FFFFF450ABAA42A7)|UNKNOWN(FFFFF805421D4555)|C:\\windows\\System32\\win32u.dll+10c4|C:\\windows\\System32\\USER32.dll+194f2|C:\\windows\\System32\\USER32.dll+19459","UtcTime":"2020-10-22 07:52:05.923","TargetProcessGUID":"{39e4a257-3a25-5f91-f113-000000000700}","SourceProcessId":"1072","Level":"4","Channel":"Microsoft-Windows-Sysmon/Operational","Task":"10","RuleName":"-","SourceName":"Microsoft-Windows-Sysmon","Hostname":"WORKSTATION5","SourceProcessGUID":"{39e4a257-f1b3-5f8b-a700-000000000700}","TargetProcessId":"9160","EventID":10,"Keywords":"0x8000000000000000","TargetImage":"C:\\windows\\system32\\mshta.exe","Message":"Process accessed:\r\nRuleName: -\r\nUtcTime: 2020-10-22 07:52:05.923\r\nSourceProcessGUID: {39e4a257-f1b3-5f8b-a700-000000000700}\r\nSourceProcessId: 1072\r\nSourceThreadId: 4688\r\nSourceImage: C:\\windows\\Explorer.EXE\r\nTargetProcessGUID: {39e4a257-3a25-5f91-f113-000000000700}\r\nTargetProcessId: 9160\r\nTargetImage: C:\\windows\\system32\\mshta.exe\r\nGrantedAccess: 0x1000\r\nCallTrace: C:\\windows\\SYSTEM32\\ntdll.dll+9c584|C:\\windows\\System32\\KERNELBASE.dll+305fe|C:\\windows\\system32\\twinui.pcshell.dll+f06f|C:\\windows\\system32\\twinui.pcshell.dll+7c351|C:\\windows\\system32\\twinui.pcshell.dll+ec20|C:\\windows\\system32\\twinui.pcshell.dll+5920d|C:\\windows\\system32\\twinui.pcshell.dll+2a35a|C:\\windows\\system32\\twinui.dll+19666|C:\\windows\\system32\\twinui.dll+193da|C:\\windows\\system32\\twinui.dll+192f1|C:\\windows\\System32\\USER32.dll+15c1d|C:\\windows\\System32\\USER32.dll+157ec|C:\\windows\\System32\\USER32.dll+25ab2|C:\\windows\\SYSTEM32\\ntdll.dll+9fe34|UNKNOWN(FFFFF8054260ABC5)|UNKNOWN(FFFFF450ABB23504)|UNKNOWN(FFFFF450ABAA8B17)|UNKNOWN(FFFFF450ABAA7E2D)|UNKNOWN(FFFFF450ABAA489A)|UNKNOWN(FFFFF450ABAA42A7)|UNKNOWN(FFFFF805421D4555)|C:\\windows\\System32\\win32u.dll+10c4|C:\\windows\\System32\\USER32.dll+194f2|C:\\windows\\System32\\USER32.dll+19459"}
{"GrantedAccess":"0x1000","@timestamp":"2020-10-22T03:52:05.946Z","TimeCreated":"2020-10-22T03:52:05.946Z","SourceThreadId":"4688","SourceImage":"C:\\windows\\Explorer.EXE","ProviderGuid":"{5770385f-c22a-43e0-bf4c-06f5698ffbd9}","CallTrace":"C:\\windows\\SYSTEM32\\ntdll.dll+9c584|C:\\windows\\System32\\KERNELBASE.dll+305fe|C:\\windows\\system32\\twinui.pcshell.dll+f7f5|C:\\windows\\system32\\twinui.pcshell.dll+f09c|C:\\windows\\system32\\twinui.pcshell.dll+7c351|C:\\windows\\system32\\twinui.pcshell.dll+ec20|C:\\windows\\system32\\twinui.pcshell.dll+5920d|C:\\windows\\system32\\twinui.pcshell.dll+2a35a|C:\\windows\\system32\\twinui.dll+19666|C:\\windows\\system32\\twinui.dll+193da|C:\\windows\\system32\\twinui.dll+192f1|C:\\windows\\System32\\USER32.dll+15c1d|C:\\windows\\System32\\USER32.dll+157ec|C:\\windows\\System32\\USER32.dll+25ab2|C:\\windows\\SYSTEM32\\ntdll.dll+9fe34|UNKNOWN(FFFFF8054260ABC5)|UNKNOWN(FFFFF450ABB23504)|UNKNOWN(FFFFF450ABAA8B17)|UNKNOWN(FFFFF450ABAA7E2D)|UNKNOWN(FFFFF450ABAA489A)|UNKNOWN(FFFFF450ABAA42A7)|UNKNOWN(FFFFF805421D4555)|C:\\windows\\System32\\win32u.dll+10c4|C:\\windows\\System32\\USER32.dll+194f2","UtcTime":"2020-10-22 07:52:05.923","TargetProcessGUID":"{39e4a257-3a25-5f91-f113-000000000700}","SourceProcessId":"1072","Level":"4","Channel":"Microsoft-Windows-Sysmon/Operational","Task":"10","RuleName":"-","SourceName":"Microsoft-Windows-Sysmon","Hostname":"WORKSTATION5","SourceProcessGUID":"{39e4a257-f1b3-5f8b-a700-000000000700}","TargetProcessId":"9160","EventID":10,"Keywords":"0x8000000000000000","TargetImage":"C:\\windows\\system32\\mshta.exe","Message":"Process accessed:\r\nRuleName: -\r\nUtcTime: 2020-10-22 07:52:05.923\r\nSourceProcessGUID: {39e4a257-f1b3-5f8b-a700-000000000700}\r\nSourceProcessId: 1072\r\nSourceThreadId: 4688\r\nSourceImage: C:\\windows\\Explorer.EXE\r\nTargetProcessGUID: {39e4a257-3a25-5f91-f113-000000000700}\r\nTargetProcessId: 9160\r\nTargetImage: C:\\windows\\system32\\mshta.exe\r\nGrantedAccess: 0x1000\r\nCallTrace: C:\\windows\\SYSTEM32\\ntdll.dll+9c584|C:\\windows\\System32\\KERNELBASE.dll+305fe|C:\\windows\\system32\\twinui.pcshell.dll+f7f5|C:\\windows\\system32\\twinui.pcshell.dll+f09c|C:\\windows\\system32\\twinui.pcshell.dll+7c351|C:\\windows\\system32\\twinui.pcshell.dll+ec20|C:\\windows\\system32\\twinui.pcshell.dll+5920d|C:\\windows\\system32\\twinui.pcshell.dll+2a35a|C:\\windows\\system32\\twinui.dll+19666|C:\\windows\\system32\\twinui.dll+193da|C:\\windows\\system32\\twinui.dll+192f1|C:\\windows\\System32\\USER32.dll+15c1d|C:\\windows\\System32\\USER32.dll+157ec|C:\\windows\\System32\\USER32.dll+25ab2|C:\\windows\\SYSTEM32\\ntdll.dll+9fe34|UNKNOWN(FFFFF8054260ABC5)|UNKNOWN(FFFFF450ABB23504)|UNKNOWN(FFFFF450ABAA8B17)|UNKNOWN(FFFFF450ABAA7E2D)|UNKNOWN(FFFFF450ABAA489A)|UNKNOWN(FFFFF450ABAA42A7)|UNKNOWN(FFFFF805421D4555)|C:\\windows\\System32\\win32u.dll+10c4|C:\\windows\\System32\\USER32.dll+194f2"}
{"GrantedAccess":"0x1000","@timestamp":"2020-10-22T03:52:05.946Z","TimeCreated":"2020-10-22T03:52:05.946Z","SourceThreadId":"4688","SourceImage":"C:\\windows\\Explorer.EXE","ProviderGuid":"{5770385f-c22a-43e0-bf4c-06f5698ffbd9}","CallTrace":"C:\\windows\\SYSTEM32\\ntdll.dll+9c584|C:\\windows\\System32\\KERNELBASE.dll+305fe|C:\\windows\\system32\\twinui.pcshell.dll+f3bb|C:\\windows\\system32\\twinui.pcshell.dll+f2f0|C:\\windows\\system32\\twinui.pcshell.dll+eed9|C:\\windows\\system32\\twinui.pcshell.dll+ec2e|C:\\windows\\system32\\twinui.pcshell.dll+5920d|C:\\windows\\system32\\twinui.pcshell.dll+2a35a|C:\\windows\\system32\\twinui.dll+19666|C:\\windows\\system32\\twinui.dll+193da|C:\\windows\\system32\\twinui.dll+192f1|C:\\windows\\System32\\USER32.dll+15c1d|C:\\windows\\System32\\USER32.dll+157ec|C:\\windows\\System32\\USER32.dll+25ab2|C:\\windows\\SYSTEM32\\ntdll.dll+9fe34|UNKNOWN(FFFFF8054260ABC5)|UNKNOWN(FFFFF450ABB23504)|UNKNOWN(FFFFF450ABAA8B17)|UNKNOWN(FFFFF450ABAA7E2D)|UNKNOWN(FFFFF450ABAA489A)|UNKNOWN(FFFFF450ABAA42A7)|UNKNOWN(FFFFF805421D4555)|C:\\windows\\System32\\win32u.dll+10c4|C:\\windows\\System32\\USER32.dll+194f2","UtcTime":"2020-10-22 07:52:05.923","TargetProcessGUID":"{39e4a257-3a25-5f91-f113-000000000700}","SourceProcessId":"1072","Level":"4","Channel":"Microsoft-Windows-Sysmon/Operational","Task":"10","RuleName":"-","SourceName":"Microsoft-Windows-Sysmon","Hostname":"WORKSTATION5","SourceProcessGUID":"{39e4a257-f1b3-5f8b-a700-000000000700}","TargetProcessId":"9160","EventID":10,"Keywords":"0x8000000000000000","TargetImage":"C:\\windows\\system32\\mshta.exe","Message":"Process accessed:\r\nRuleName: -\r\nUtcTime: 2020-10-22 07:52:05.923\r\nSourceProcessGUID: {39e4a257-f1b3-5f8b-a700-000000000700}\r\nSourceProcessId: 1072\r\nSourceThreadId: 4688\r\nSourceImage: C:\\windows\\Explorer.EXE\r\nTargetProcessGUID: {39e4a257-3a25-5f91-f113-000000000700}\r\nTargetProcessId: 9160\r\nTargetImage: C:\\windows\\system32\\mshta.exe\r\nGrantedAccess: 0x1000\r\nCallTrace: C:\\windows\\SYSTEM32\\ntdll.dll+9c584|C:\\windows\\System32\\KERNELBASE.dll+305fe|C:\\windows\\system32\\twinui.pcshell.dll+f3bb|C:\\windows\\system32\\twinui.pcshell.dll+f2f0|C:\\windows\\system32\\twinui.pcshell.dll+eed9|C:\\windows\\system32\\twinui.pcshell.dll+ec2e|C:\\windows\\system32\\twinui.pcshell.dll+5920d|C:\\windows\\system32\\twinui.pcshell.dll+2a35a|C:\\windows\\system32\\twinui.dll+19666|C:\\windows\\system32\\twinui.dll+193da|C:\\windows\\system32\\twinui.dll+192f1|C:\\windows\\System32\\USER32.dll+15c1d|C:\\windows\\System32\\USER32.dll+157ec|C:\\windows\\System32\\USER32.dll+25ab2|C:\\windows\\SYSTEM32\\ntdll.dll+9fe34|UNKNOWN(FFFFF8054260ABC5)|UNKNOWN(FFFFF450ABB23504)|UNKNOWN(FFFFF450ABAA8B17)|UNKNOWN(FFFFF450ABAA7E2D)|UNKNOWN(FFFFF450ABAA489A)|UNKNOWN(FFFFF450ABAA42A7)|UNKNOWN(FFFFF805421D4555)|C:\\windows\\System32\\win32u.dll+10c4|C:\\windows\\System32\\USER32.dll+194f2"}
{"GrantedAccess":"0x1000","@timestamp":"2020-10-22T03:52:05.946Z","TimeCreated":"2020-10-22T03:52:05.946Z","SourceThreadId":"4688","SourceImage":"C:\\windows\\Explorer.EXE","ProviderGuid":"{5770385f-c22a-43e0-bf4c-06f5698ffbd9}","CallTrace":"C:\\windows\\SYSTEM32\\ntdll.dll+9c584|C:\\windows\\System32\\KERNELBASE.dll+305fe|C:\\windows\\system32\\twinui.pcshell.dll+f06f|C:\\windows\\system32\\twinui.pcshell.dll+7c351|C:\\windows\\system32\\twinui.pcshell.dll+1ab64|C:\\windows\\system32\\twinui.pcshell.dll+3bfd9|C:\\windows\\system32\\twinui.pcshell.dll+48cbe|C:\\windows\\system32\\twinui.pcshell.dll+488d0|C:\\windows\\system32\\twinui.pcshell.dll+7b72c|C:\\windows\\system32\\twinui.pcshell.dll+592bb|C:\\windows\\system32\\twinui.pcshell.dll+2a35a|C:\\windows\\system32\\twinui.dll+19666|C:\\windows\\system32\\twinui.dll+193da|C:\\windows\\system32\\twinui.dll+192f1|C:\\windows\\System32\\USER32.dll+15c1d|C:\\windows\\System32\\USER32.dll+157ec|C:\\windows\\System32\\USER32.dll+25ab2|C:\\windows\\SYSTEM32\\ntdll.dll+9fe34|UNKNOWN(FFFFF8054260ABC5)|UNKNOWN(FFFFF450ABB23504)|UNKNOWN(FFFFF450ABAA8B17)|UNKNOWN(FFFFF450ABAA7E2D)|UNKNOWN(FFFFF450ABAA489A)|UNKNOWN(FFFFF450ABAA42A7)","UtcTime":"2020-10-22 07:52:05.923","TargetProcessGUID":"{39e4a257-3a25-5f91-f113-000000000700}","SourceProcessId":"1072","Level":"4","Channel":"Microsoft-Windows-Sysmon/Operational","Task":"10","RuleName":"-","SourceName":"Microsoft-Windows-Sysmon","Hostname":"WORKSTATION5","SourceProcessGUID":"{39e4a257-f1b3-5f8b-a700-000000000700}","TargetProcessId":"9160","EventID":10,"Keywords":"0x8000000000000000","TargetImage":"C:\\windows\\system32\\mshta.exe","Message":"Process accessed:\r\nRuleName: -\r\nUtcTime: 2020-10-22 07:52:05.923\r\nSourceProcessGUID: {39e4a257-f1b3-5f8b-a700-000000000700}\r\nSourceProcessId: 1072\r\nSourceThreadId: 4688\r\nSourceImage: C:\\windows\\Explorer.EXE\r\nTargetProcessGUID: {39e4a257-3a25-5f91-f113-000000000700}\r\nTargetProcessId: 9160\r\nTargetImage: C:\\windows\\system32\\mshta.exe\r\nGrantedAccess: 0x1000\r\nCallTrace: C:\\windows\\SYSTEM32\\ntdll.dll+9c584|C:\\windows\\System32\\KERNELBASE.dll+305fe|C:\\windows\\system32\\twinui.pcshell.dll+f06f|C:\\windows\\system32\\twinui.pcshell.dll+7c351|C:\\windows\\system32\\twinui.pcshell.dll+1ab64|C:\\windows\\system32\\twinui.pcshell.dll+3bfd9|C:\\windows\\system32\\twinui.pcshell.dll+48cbe|C:\\windows\\system32\\twinui.pcshell.dll+488d0|C:\\windows\\system32\\twinui.pcshell.dll+7b72c|C:\\windows\\system32\\twinui.pcshell.dll+592bb|C:\\windows\\system32\\twinui.pcshell.dll+2a35a|C:\\windows\\system32\\twinui.dll+19666|C:\\windows\\system32\\twinui.dll+193da|C:\\windows\\system32\\twinui.dll+192f1|C:\\windows\\System32\\USER32.dll+15c1d|C:\\windows\\System32\\USER32.dll+157ec|C:\\windows\\System32\\USER32.dll+25ab2|C:\\windows\\SYSTEM32\\ntdll.dll+9fe34|UNKNOWN(FFFFF8054260ABC5)|UNKNOWN(FFFFF450ABB23504)|UNKNOWN(FFFFF450ABAA8B17)|UNKNOWN(FFFFF450ABAA7E2D)|UNKNOWN(FFFFF450ABAA489A)|UNKNOWN(FFFFF450ABAA42A7)"}
{"GrantedAccess":"0x1000","@timestamp":"2020-10-22T03:52:05.946Z","TimeCreated":"2020-10-22T03:52:05.946Z","SourceThreadId":"4688","SourceImage":"C:\\windows\\Explorer.EXE","ProviderGuid":"{5770385f-c22a-43e0-bf4c-06f5698ffbd9}","CallTrace":"C:\\windows\\SYSTEM32\\ntdll.dll+9c584|C:\\windows\\System32\\KERNELBASE.dll+305fe|C:\\windows\\system32\\twinui.pcshell.dll+f7f5|C:\\windows\\system32\\twinui.pcshell.dll+f09c|C:\\windows\\system32\\twinui.pcshell.dll+7c351|C:\\windows\\system32\\twinui.pcshell.dll+1ab64|C:\\windows\\system32\\twinui.pcshell.dll+3bfd9|C:\\windows\\system32\\twinui.pcshell.dll+48cbe|C:\\windows\\system32\\twinui.pcshell.dll+488d0|C:\\windows\\system32\\twinui.pcshell.dll+7b72c|C:\\windows\\system32\\twinui.pcshell.dll+592bb|C:\\windows\\system32\\twinui.pcshell.dll+2a35a|C:\\windows\\system32\\twinui.dll+19666|C:\\windows\\system32\\twinui.dll+193da|C:\\windows\\system32\\twinui.dll+192f1|C:\\windows\\System32\\USER32.dll+15c1d|C:\\windows\\System32\\USER32.dll+157ec|C:\\windows\\System32\\USER32.dll+25ab2|C:\\windows\\SYSTEM32\\ntdll.dll+9fe34|UNKNOWN(FFFFF8054260ABC5)|UNKNOWN(FFFFF450ABB23504)|UNKNOWN(FFFFF450ABAA8B17)|UNKNOWN(FFFFF450ABAA7E2D)|UNKNOWN(FFFFF450ABAA489A)","UtcTime":"2020-10-22 07:52:05.923","TargetProcessGUID":"{39e4a257-3a25-5f91-f113-000000000700}","SourceProcessId":"1072","Level":"4","Channel":"Microsoft-Windows-Sysmon/Operational","Task":"10","RuleName":"-","SourceName":"Microsoft-Windows-Sysmon","Hostname":"WORKSTATION5","SourceProcessGUID":"{39e4a257-f1b3-5f8b-a700-000000000700}","TargetProcessId":"9160","EventID":10,"Keywords":"0x8000000000000000","TargetImage":"C:\\windows\\system32\\mshta.exe","Message":"Process accessed:\r\nRuleName: -\r\nUtcTime: 2020-10-22 07:52:05.923\r\nSourceProcessGUID: {39e4a257-f1b3-5f8b-a700-000000000700}\r\nSourceProcessId: 1072\r\nSourceThreadId: 4688\r\nSourceImage: C:\\windows\\Explorer.EXE\r\nTargetProcessGUID: {39e4a257-3a25-5f91-f113-000000000700}\r\nTargetProcessId: 9160\r\nTargetImage: C:\\windows\\system32\\mshta.exe\r\nGrantedAccess: 0x1000\r\nCallTrace: C:\\windows\\SYSTEM32\\ntdll.dll+9c584|C:\\windows\\System32\\KERNELBASE.dll+305fe|C:\\windows\\system32\\twinui.pcshell.dll+f7f5|C:\\windows\\system32\\twinui.pcshell.dll+f09c|C:\\windows\\system32\\twinui.pcshell.dll+7c351|C:\\windows\\system32\\twinui.pcshell.dll+1ab64|C:\\windows\\system32\\twinui.pcshell.dll+3bfd9|C:\\windows\\system32\\twinui.pcshell.dll+48cbe|C:\\windows\\system32\\twinui.pcshell.dll+488d0|C:\\windows\\system32\\twinui.pcshell.dll+7b72c|C:\\windows\\system32\\twinui.pcshell.dll+592bb|C:\\windows\\system32\\twinui.pcshell.dll+2a35a|C:\\windows\\system32\\twinui.dll+19666|C:\\windows\\system32\\twinui.dll+193da|C:\\windows\\system32\\twinui.dll+192f1|C:\\windows\\System32\\USER32.dll+15c1d|C:\\windows\\System32\\USER32.dll+157ec|C:\\windows\\System32\\USER32.dll+25ab2|C:\\windows\\SYSTEM32\\ntdll.dll+9fe34|UNKNOWN(FFFFF8054260ABC5)|UNKNOWN(FFFFF450ABB23504)|UNKNOWN(FFFFF450ABAA8B17)|UNKNOWN(FFFFF450ABAA7E2D)|UNKNOWN(FFFFF450ABAA489A)"}
{"GrantedAccess":"0x1000","@timestamp":"2020-10-22T03:52:05.946Z","TimeCreated":"2020-10-22T03:52:05.946Z","SourceThreadId":"2036","SourceImage":"C:\\windows\\Explorer.EXE","ProviderGuid":"{5770385f-c22a-43e0-bf4c-06f5698ffbd9}","CallTrace":"C:\\windows\\System32\\win32u.dll+9384|C:\\windows\\Explorer.EXE+a22de|C:\\windows\\Explorer.EXE+70d0e|C:\\windows\\Explorer.EXE+71acb|C:\\windows\\Explorer.EXE+5d529|C:\\windows\\Explorer.EXE+5c499|C:\\windows\\Explorer.EXE+1bd48|C:\\windows\\System32\\USER32.dll+15c1d|C:\\windows\\System32\\USER32.dll+15612|C:\\windows\\Explorer.EXE+19d10|C:\\windows\\Explorer.EXE+19b8d|C:\\windows\\System32\\shcore.dll+2c235|C:\\windows\\System32\\KERNEL32.DLL+17c24|C:\\windows\\SYSTEM32\\ntdll.dll+6cea1","UtcTime":"2020-10-22 07:52:05.923","TargetProcessGUID":"{39e4a257-3a25-5f91-f113-000000000700}","SourceProcessId":"1072","Level":"4","Channel":"Microsoft-Windows-Sysmon/Operational","Task":"10","RuleName":"-","SourceName":"Microsoft-Windows-Sysmon","Hostname":"WORKSTATION5","SourceProcessGUID":"{39e4a257-f1b3-5f8b-a700-000000000700}","TargetProcessId":"9160","EventID":10,"Keywords":"0x8000000000000000","TargetImage":"C:\\windows\\system32\\mshta.exe","Message":"Process accessed:\r\nRuleName: -\r\nUtcTime: 2020-10-22 07:52:05.923\r\nSourceProcessGUID: {39e4a257-f1b3-5f8b-a700-000000000700}\r\nSourceProcessId: 1072\r\nSourceThreadId: 2036\r\nSourceImage: C:\\windows\\Explorer.EXE\r\nTargetProcessGUID: {39e4a257-3a25-5f91-f113-000000000700}\r\nTargetProcessId: 9160\r\nTargetImage: C:\\windows\\system32\\mshta.exe\r\nGrantedAccess: 0x1000\r\nCallTrace: C:\\windows\\System32\\win32u.dll+9384|C:\\windows\\Explorer.EXE+a22de|C:\\windows\\Explorer.EXE+70d0e|C:\\windows\\Explorer.EXE+71acb|C:\\windows\\Explorer.EXE+5d529|C:\\windows\\Explorer.EXE+5c499|C:\\windows\\Explorer.EXE+1bd48|C:\\windows\\System32\\USER32.dll+15c1d|C:\\windows\\System32\\USER32.dll+15612|C:\\windows\\Explorer.EXE+19d10|C:\\windows\\Explorer.EXE+19b8d|C:\\windows\\System32\\shcore.dll+2c235|C:\\windows\\System32\\KERNEL32.DLL+17c24|C:\\windows\\SYSTEM32\\ntdll.dll+6cea1"}
{"@timestamp":"2020-10-22T03:52:05.947Z","TimeCreated":"2020-10-22T03:52:05.947Z","Hashes":"SHA1=2E66FEDF22718BAEF38853BDEF81A67BBE4FA533,MD5=F4063DF41092902D35F668FA4F5FF738,SHA256=30798A7156251BD58EB8E34A7810E968C4981F7E3196E6A68D0277C84E3E5412,IMPHASH=BE3216A1107D098B77E79C58A1C0EEE7","Signature":"Microsoft Windows","ProviderGuid":"{5770385f-c22a-43e0-bf4c-06f5698ffbd9}","Company":"Microsoft Corporation","UtcTime":"2020-10-22 07:52:05.923","ProcessGuid":"{39e4a257-3a25-5f91-f113-000000000700}","Image":"C:\\Windows\\System32\\mshta.exe","ImageLoaded":"C:\\Windows\\System32\\d2d1.dll","Level":"4","Channel":"Microsoft-Windows-Sysmon/Operational","Task":"7","RuleName":"-","FileVersion":"10.0.18362.900 (WinBuild.160101.0800)","SourceName":"Microsoft-Windows-Sysmon","Hostname":"WORKSTATION5","ProcessId":"9160","Description":"Microsoft D2D Library","SignatureStatus":"Valid","Product":"Microsoft Windows Operating System","EventID":7,"Keywords":"0x8000000000000000","Signed":"true","OriginalFileName":"d2d1","Message":"Image loaded:\r\nRuleName: -\r\nUtcTime: 2020-10-22 07:52:05.923\r\nProcessGuid: {39e4a257-3a25-5f91-f113-000000000700}\r\nProcessId: 9160\r\nImage: C:\\Windows\\System32\\mshta.exe\r\nImageLoaded: C:\\Windows\\System32\\d2d1.dll\r\nFileVersion: 10.0.18362.900 (WinBuild.160101.0800)\r\nDescription: Microsoft D2D Library\r\nProduct: Microsoft Windows Operating System\r\nCompany: Microsoft Corporation\r\nOriginalFileName: d2d1\r\nHashes: SHA1=2E66FEDF22718BAEF38853BDEF81A67BBE4FA533,MD5=F4063DF41092902D35F668FA4F5FF738,SHA256=30798A7156251BD58EB8E34A7810E968C4981F7E3196E6A68D0277C84E3E5412,IMPHASH=BE3216A1107D098B77E79C58A1C0EEE7\r\nSigned: true\r\nSignature: Microsoft Windows\r\nSignatureStatus: Valid"}
{"GrantedAccess":"0x1000","@timestamp":"2020-10-22T03:52:05.947Z","TimeCreated":"2020-10-22T03:52:05.947Z","SourceThreadId":"4688","SourceImage":"C:\\windows\\Explorer.EXE","ProviderGuid":"{5770385f-c22a-43e0-bf4c-06f5698ffbd9}","CallTrace":"C:\\windows\\SYSTEM32\\ntdll.dll+9c584|C:\\windows\\System32\\KERNELBASE.dll+305fe|C:\\windows\\system32\\twinui.pcshell.dll+f06f|C:\\windows\\system32\\twinui.pcshell.dll+7c351|C:\\windows\\system32\\twinui.pcshell.dll+730c9|C:\\windows\\system32\\twinui.pcshell.dll+672d2|C:\\windows\\system32\\twinui.pcshell.dll+59992|C:\\windows\\system32\\twinui.pcshell.dll+29036|C:\\windows\\system32\\twinui.pcshell.dll+59992|C:\\windows\\system32\\twinui.pcshell.dll+2931e|C:\\windows\\system32\\twinui.pcshell.dll+7c666|C:\\windows\\system32\\twinui.pcshell.dll+5c590|C:\\windows\\System32\\USER32.dll+15c1d|C:\\windows\\System32\\USER32.dll+15612|C:\\Windows\\System32\\windows.immersiveshell.serviceprovider.dll+45f0|C:\\Windows\\System32\\windows.immersiveshell.serviceprovider.dll+41b9|C:\\Windows\\System32\\windows.immersiveshell.serviceprovider.dll+3e4f|C:\\windows\\System32\\KERNEL32.DLL+17c24|C:\\windows\\SYSTEM32\\ntdll.dll+6cea1","UtcTime":"2020-10-22 07:52:05.923","TargetProcessGUID":"{39e4a257-3a25-5f91-f113-000000000700}","SourceProcessId":"1072","Level":"4","Channel":"Microsoft-Windows-Sysmon/Operational","Task":"10","RuleName":"-","SourceName":"Microsoft-Windows-Sysmon","Hostname":"WORKSTATION5","SourceProcessGUID":"{39e4a257-f1b3-5f8b-a700-000000000700}","TargetProcessId":"9160","EventID":10,"Keywords":"0x8000000000000000","TargetImage":"C:\\windows\\system32\\mshta.exe","Message":"Process accessed:\r\nRuleName: -\r\nUtcTime: 2020-10-22 07:52:05.923\r\nSourceProcessGUID: {39e4a257-f1b3-5f8b-a700-000000000700}\r\nSourceProcessId: 1072\r\nSourceThreadId: 4688\r\nSourceImage: C:\\windows\\Explorer.EXE\r\nTargetProcessGUID: {39e4a257-3a25-5f91-f113-000000000700}\r\nTargetProcessId: 9160\r\nTargetImage: C:\\windows\\system32\\mshta.exe\r\nGrantedAccess: 0x1000\r\nCallTrace: C:\\windows\\SYSTEM32\\ntdll.dll+9c584|C:\\windows\\System32\\KERNELBASE.dll+305fe|C:\\windows\\system32\\twinui.pcshell.dll+f06f|C:\\windows\\system32\\twinui.pcshell.dll+7c351|C:\\windows\\system32\\twinui.pcshell.dll+730c9|C:\\windows\\system32\\twinui.pcshell.dll+672d2|C:\\windows\\system32\\twinui.pcshell.dll+59992|C:\\windows\\system32\\twinui.pcshell.dll+29036|C:\\windows\\system32\\twinui.pcshell.dll+59992|C:\\windows\\system32\\twinui.pcshell.dll+2931e|C:\\windows\\system32\\twinui.pcshell.dll+7c666|C:\\windows\\system32\\twinui.pcshell.dll+5c590|C:\\windows\\System32\\USER32.dll+15c1d|C:\\windows\\System32\\USER32.dll+15612|C:\\Windows\\System32\\windows.immersiveshell.serviceprovider.dll+45f0|C:\\Windows\\System32\\windows.immersiveshell.serviceprovider.dll+41b9|C:\\Windows\\System32\\windows.immersiveshell.serviceprovider.dll+3e4f|C:\\windows\\System32\\KERNEL32.DLL+17c24|C:\\windows\\SYSTEM32\\ntdll.dll+6cea1"}
