{"@timestamp":"2020-10-22T12:21:39.502Z","TimeCreated":"2020-10-22T12:21:39.502Z","Hashes":"SHA1=387FC7660AFDEC45CFFB84980EB77D0E787ED31B,MD5=F4862E1CC68687B9D4B245512BDF8383,SHA256=A2DF0AC95B9AA338EB6062BA5739F65BFBA86658546F4C5CAC6045C363F55E24,IMPHASH=192CF98320740B7D296297054A9C3EEA","Signature":"Microsoft Windows","ProviderGuid":"{5770385f-c22a-43e0-bf4c-06f5698ffbd9}","Company":"Microsoft Corporation","UtcTime":"2020-10-22 04:21:39.490","ProcessGuid":"{39e4a257-08d3-5f91-f811-000000000700}","Image":"C:\\Program Files\\WindowsApps\\Microsoft.WindowsCalculator_10.2008.2.0_x64__8wekyb3d8bbwe\\Calculator.exe","ImageLoaded":"C:\\Windows\\System32\\profapi.dll","Level":"4","Channel":"Microsoft-Windows-Sysmon/Operational","Task":"7","RuleName":"-","FileVersion":"10.0.18362.693 (WinBuild.160101.0800)","SourceName":"Microsoft-Windows-Sysmon","Hostname":"WORKSTATION5","ProcessId":"10760","Description":"User Profile Basic API","SignatureStatus":"Valid","Product":"Microsoft Windows Operating System","EventID":7,"Keywords":"0x8000000000000000","Signed":"true","OriginalFileName":"PROFAPI.DLL","Message":"Image loaded:\r\nRuleName: -\r\nUtcTime: 2020-10-22 04:21:39.490\r\nProcessGuid: {39e4a257-08d3-5f91-f811-000000000700}\r\nProcessId: 10760\r\nImage: C:\\Program Files\\WindowsApps\\Microsoft.WindowsCalculator_10.2008.2.0_x64__8wekyb3d8bbwe\\Calculator.exe\r\nImageLoaded: C:\\Windows\\System32\\profapi.dll\r\nFileVersion: 10.0.18362.693 (WinBuild.160101.0800)\r\nDescription: User Profile Basic API\r\nProduct: Microsoft Windows Operating System\r\nCompany: Microsoft Corporation\r\nOriginalFileName: PROFAPI.DLL\r\nHashes: SHA1=387FC7660AFDEC45CFFB84980EB77D0E787ED31B,MD5=F4862E1CC68687B9D4B245512BDF8383,SHA256=A2DF0AC95B9AA338EB6062BA5739F65BFBA86658546F4C5CAC6045C363F55E24,IMPHASH=192CF98320740B7D296297054A9C3EEA\r\nSigned: true\r\nSignature: Microsoft Windows\r\nSignatureStatus: Valid"}
{"@timestamp":"2020-10-22T12:21:39.503Z","TimeCreated":"2020-10-22T12:21:39.503Z","Hashes":"SHA1=30D5ADBC0664977C27B65622F514632581C9AF45,MD5=07B027B1E0B775FAE815E487F28137B9,SHA256=21358CE9A416C7F6DB063095102E91F014BDB85B08A4E783E17234792C9B483A,IMPHASH=817FF4748665EB442F0081A91349F764","Signature":"Microsoft Windows","ProviderGuid":"{5770385f-c22a-43e0-bf4c-06f5698ffbd9}","Company":"Microsoft Corporation","UtcTime":"2020-10-22 04:21:39.490","ProcessGuid":"{39e4a257-08d3-5f91-f811-000000000700}","Image":"C:\\Program Files\\WindowsApps\\Microsoft.WindowsCalculator_10.2008.2.0_x64__8wekyb3d8bbwe\\Calculator.exe","ImageLoaded":"C:\\Windows\\System32\\powrprof.dll","Level":"4","Channel":"Microsoft-Windows-Sysmon/Operational","Task":"7","RuleName":"-","FileVersion":"10.0.18362.1 (WinBuild.160101.0800)","SourceName":"Microsoft-Windows-Sysmon","Hostname":"WORKSTATION5","ProcessId":"10760","Description":"Power Profile Helper DLL","SignatureStatus":"Valid","Product":"Microsoft Windows Operating System","EventID":7,"Keywords":"0x8000000000000000","Signed":"true","OriginalFileName":"POWRPROF.DLL","Message":"Image loaded:\r\nRuleName: -\r\nUtcTime: 2020-10-22 04:21:39.490\r\nProcessGuid: {39e4a257-08d3-5f91-f811-000000000700}\r\nProcessId: 10760\r\nImage: C:\\Program Files\\WindowsApps\\Microsoft.WindowsCalculator_10.2008.2.0_x64__8wekyb3d8bbwe\\Calculator.exe\r\nImageLoaded: C:\\Windows\\System32\\powrprof.dll\r\nFileVersion: 10.0.18362.1 (WinBuild.160101.0800)\r\nDescription: Power Profile Helper DLL\r\nProduct: Microsoft Windows Operating System\r\nCompany: Microsoft Corporation\r\nOriginalFileName: POWRPROF.DLL\r\nHashes: SHA1=30D5ADBC0664977C27B65622F514632581C9AF45,MD5=07B027B1E0B775FAE815E487F28137B9,SHA256=21358CE9A416C7F6DB063095102E91F014BDB85B08A4E783E17234792C9B483A,IMPHASH=817FF4748665EB442F0081A91349F764\r\nSigned: true\r\nSignature: Microsoft Windows\r\nSignatureStatus: Valid"}
{"@timestamp":"2020-10-22T12:21:39.503Z","TimeCreated":"2020-10-22T12:21:39.503Z","Hashes":"SHA1=6ABB78FB1614C12E3E9FFF3DE98B0E13E79201D9,MD5=B9A75ED4500DD953DF172FE6F63578E8,SHA256=709B99BA1DFEF6D9B2483F37D242B12F29B1E1ADE13E338B4D7041C55B55204B,IMPHASH=5A0FF5293A05BFEBAE6F2C9C302FC5E7","Signature":"Microsoft Windows","ProviderGuid":"{5770385f-c22a-43e0-bf4c-06f5698ffbd9}","Company":"-","UtcTime":"2020-10-22 04:21:39.490","ProcessGuid":"{39e4a257-08d3-5f91-f811-000000000700}","Image":"C:\\Program Files\\WindowsApps\\Microsoft.WindowsCalculator_10.2008.2.0_x64__8wekyb3d8bbwe\\Calculator.exe","ImageLoaded":"C:\\Windows\\System32\\umpdc.dll","Level":"4","Channel":"Microsoft-Windows-Sysmon/Operational","Task":"7","RuleName":"-","FileVersion":"-","SourceName":"Microsoft-Windows-Sysmon","Hostname":"WORKSTATION5","ProcessId":"10760","Description":"-","SignatureStatus":"Valid","Product":"-","EventID":7,"Keywords":"0x8000000000000000","Signed":"true","OriginalFileName":"-","Message":"Image loaded:\r\nRuleName: -\r\nUtcTime: 2020-10-22 04:21:39.490\r\nProcessGuid: {39e4a257-08d3-5f91-f811-000000000700}\r\nProcessId: 10760\r\nImage: C:\\Program Files\\WindowsApps\\Microsoft.WindowsCalculator_10.2008.2.0_x64__8wekyb3d8bbwe\\Calculator.exe\r\nImageLoaded: C:\\Windows\\System32\\umpdc.dll\r\nFileVersion: -\r\nDescription: -\r\nProduct: -\r\nCompany: -\r\nOriginalFileName: -\r\nHashes: SHA1=6ABB78FB1614C12E3E9FFF3DE98B0E13E79201D9,MD5=B9A75ED4500DD953DF172FE6F63578E8,SHA256=709B99BA1DFEF6D9B2483F37D242B12F29B1E1ADE13E338B4D7041C55B55204B,IMPHASH=5A0FF5293A05BFEBAE6F2C9C302FC5E7\r\nSigned: true\r\nSignature: Microsoft Windows\r\nSignatureStatus: Valid"}
{"@timestamp":"2020-10-22T12:21:39.503Z","TimeCreated":"2020-10-22T12:21:39.503Z","Hashes":"SHA1=9074DF3335B785BB00B43AE76ACC66B799118FAE,MD5=BFB85A9022324E41FCEC5011BCB5FD23,SHA256=3CDA144CFB6278DA47267FE1E1FE258716A074C3D3DD8413B259DA7DA1039871,IMPHASH=6659A49ABF33952444C5A7FA22FD9032","Signature":"Microsoft Windows","ProviderGuid":"{5770385f-c22a-43e0-bf4c-06f5698ffbd9}","Company":"Microsoft Corporation","UtcTime":"2020-10-22 04:21:39.490","ProcessGuid":"{39e4a257-08d3-5f91-f811-000000000700}","Image":"C:\\Program Files\\WindowsApps\\Microsoft.WindowsCalculator_10.2008.2.0_x64__8wekyb3d8bbwe\\Calculator.exe","ImageLoaded":"C:\\Windows\\System32\\shlwapi.dll","Level":"4","Channel":"Microsoft-Windows-Sysmon/Operational","Task":"7","RuleName":"-","FileVersion":"10.0.18362.1 (WinBuild.160101.0800)","SourceName":"Microsoft-Windows-Sysmon","Hostname":"WORKSTATION5","ProcessId":"10760","Description":"Shell Light-weight Utility Library","SignatureStatus":"Valid","Product":"Microsoft Windows Operating System","EventID":7,"Keywords":"0x8000000000000000","Signed":"true","OriginalFileName":"SHLWAPI.DLL","Message":"Image loaded:\r\nRuleName: -\r\nUtcTime: 2020-10-22 04:21:39.490\r\nProcessGuid: {39e4a257-08d3-5f91-f811-000000000700}\r\nProcessId: 10760\r\nImage: C:\\Program Files\\WindowsApps\\Microsoft.WindowsCalculator_10.2008.2.0_x64__8wekyb3d8bbwe\\Calculator.exe\r\nImageLoaded: C:\\Windows\\System32\\shlwapi.dll\r\nFileVersion: 10.0.18362.1 (WinBuild.160101.0800)\r\nDescription: Shell Light-weight Utility Library\r\nProduct: Microsoft Windows Operating System\r\nCompany: Microsoft Corporation\r\nOriginalFileName: SHLWAPI.DLL\r\nHashes: SHA1=9074DF3335B785BB00B43AE76ACC66B799118FAE,MD5=BFB85A9022324E41FCEC5011BCB5FD23,SHA256=3CDA144CFB6278DA47267FE1E1FE258716A074C3D3DD8413B259DA7DA1039871,IMPHASH=6659A49ABF33952444C5A7FA22FD9032\r\nSigned: true\r\nSignature: Microsoft Windows\r\nSignatureStatus: Valid"}
{"@timestamp":"2020-10-22T12:21:39.503Z","TimeCreated":"2020-10-22T12:21:39.503Z","Hashes":"SHA1=B6093663113CF33A76156CB3F6D4322514F00E4B,MD5=26887DE7D7D1928F52A452E3A63E55E8,SHA256=EA86D9754164CA2C01B4A7F81188B2490CEE1F350E177861A4702C92DFD6D066,IMPHASH=3F27E242D68FC14338677A25FAE441F7","Signature":"Microsoft Windows","ProviderGuid":"{5770385f-c22a-43e0-bf4c-06f5698ffbd9}","Company":"Microsoft Corporation","UtcTime":"2020-10-22 04:21:39.490","ProcessGuid":"{39e4a257-08d3-5f91-f811-000000000700}","Image":"C:\\Program Files\\WindowsApps\\Microsoft.WindowsCalculator_10.2008.2.0_x64__8wekyb3d8bbwe\\Calculator.exe","ImageLoaded":"C:\\Windows\\System32\\cryptbase.dll","Level":"4","Channel":"Microsoft-Windows-Sysmon/Operational","Task":"7","RuleName":"-","FileVersion":"10.0.18362.1 (WinBuild.160101.0800)","SourceName":"Microsoft-Windows-Sysmon","Hostname":"WORKSTATION5","ProcessId":"10760","Description":"Base cryptographic API DLL","SignatureStatus":"Valid","Product":"Microsoft Windows Operating System","EventID":7,"Keywords":"0x8000000000000000","Signed":"true","OriginalFileName":"cryptbase.dll","Message":"Image loaded:\r\nRuleName: -\r\nUtcTime: 2020-10-22 04:21:39.490\r\nProcessGuid: {39e4a257-08d3-5f91-f811-000000000700}\r\nProcessId: 10760\r\nImage: C:\\Program Files\\WindowsApps\\Microsoft.WindowsCalculator_10.2008.2.0_x64__8wekyb3d8bbwe\\Calculator.exe\r\nImageLoaded: C:\\Windows\\System32\\cryptbase.dll\r\nFileVersion: 10.0.18362.1 (WinBuild.160101.0800)\r\nDescription: Base cryptographic API DLL\r\nProduct: Microsoft Windows Operating System\r\nCompany: Microsoft Corporation\r\nOriginalFileName: cryptbase.dll\r\nHashes: SHA1=B6093663113CF33A76156CB3F6D4322514F00E4B,MD5=26887DE7D7D1928F52A452E3A63E55E8,SHA256=EA86D9754164CA2C01B4A7F81188B2490CEE1F350E177861A4702C92DFD6D066,IMPHASH=3F27E242D68FC14338677A25FAE441F7\r\nSigned: true\r\nSignature: Microsoft Windows\r\nSignatureStatus: Valid"}
{"@timestamp":"2020-10-22T12:21:39.511Z","TimeCreated":"2020-10-22T12:21:39.511Z","Hashes":"SHA1=C65AFFD80C8E4BAAE09E48FE98B6DD55E86E5826,MD5=6C1A1404AB50140AFDD1A763FD782281,SHA256=78ABBE33B262D4AB11B763C06F419859CA84EA0E41192F2AD52D1BE9D87E6DF9,IMPHASH=3038C2AE235D3B078FE49E5234CAB7FE","Signature":"Microsoft Windows","ProviderGuid":"{5770385f-c22a-43e0-bf4c-06f5698ffbd9}","Company":"Microsoft Corporation","UtcTime":"2020-10-22 04:21:39.505","ProcessGuid":"{39e4a257-08d3-5f91-f811-000000000700}","Image":"C:\\Program Files\\WindowsApps\\Microsoft.WindowsCalculator_10.2008.2.0_x64__8wekyb3d8bbwe\\Calculator.exe","ImageLoaded":"C:\\Windows\\System32\\dxgi.dll","Level":"4","Channel":"Microsoft-Windows-Sysmon/Operational","Task":"7","RuleName":"-","FileVersion":"10.0.18362.1049 (WinBuild.160101.0800)","SourceName":"Microsoft-Windows-Sysmon","Hostname":"WORKSTATION5","ProcessId":"10760","Description":"DirectX Graphics Infrastructure","SignatureStatus":"Valid","Product":"Microsoft Windows Operating System","EventID":7,"Keywords":"0x8000000000000000","Signed":"true","OriginalFileName":"dxgi.dll","Message":"Image loaded:\r\nRuleName: -\r\nUtcTime: 2020-10-22 04:21:39.505\r\nProcessGuid: {39e4a257-08d3-5f91-f811-000000000700}\r\nProcessId: 10760\r\nImage: C:\\Program Files\\WindowsApps\\Microsoft.WindowsCalculator_10.2008.2.0_x64__8wekyb3d8bbwe\\Calculator.exe\r\nImageLoaded: C:\\Windows\\System32\\dxgi.dll\r\nFileVersion: 10.0.18362.1049 (WinBuild.160101.0800)\r\nDescription: DirectX Graphics Infrastructure\r\nProduct: Microsoft Windows Operating System\r\nCompany: Microsoft Corporation\r\nOriginalFileName: dxgi.dll\r\nHashes: SHA1=C65AFFD80C8E4BAAE09E48FE98B6DD55E86E5826,MD5=6C1A1404AB50140AFDD1A763FD782281,SHA256=78ABBE33B262D4AB11B763C06F419859CA84EA0E41192F2AD52D1BE9D87E6DF9,IMPHASH=3038C2AE235D3B078FE49E5234CAB7FE\r\nSigned: true\r\nSignature: Microsoft Windows\r\nSignatureStatus: Valid"}
{"@timestamp":"2020-10-22T12:21:39.511Z","TimeCreated":"2020-10-22T12:21:39.511Z","Hashes":"SHA1=D852E96F07E7638AF0BA684F9AD8F33A4A3F87EB,MD5=0431695AB8754780B61A166A30036313,SHA256=2E5A3168700BA8C2555B4DE729D19203DEFB2C51986990E849C69BB600DCEBFF,IMPHASH=8F4D4CA0DE30077C5351D2F3147B05E4","Signature":"Microsoft Windows","ProviderGuid":"{5770385f-c22a-43e0-bf4c-06f5698ffbd9}","Company":"Microsoft Corporation","UtcTime":"2020-10-22 04:21:39.505","ProcessGuid":"{39e4a257-08d3-5f91-f811-000000000700}","Image":"C:\\Program Files\\WindowsApps\\Microsoft.WindowsCalculator_10.2008.2.0_x64__8wekyb3d8bbwe\\Calculator.exe","ImageLoaded":"C:\\Windows\\System32\\DXCore.dll","Level":"4","Channel":"Microsoft-Windows-Sysmon/Operational","Task":"7","RuleName":"-","FileVersion":"10.0.18362.1 (WinBuild.160101.0800)","SourceName":"Microsoft-Windows-Sysmon","Hostname":"WORKSTATION5","ProcessId":"10760","Description":"DXCore","SignatureStatus":"Valid","Product":"Microsoft Windows Operating System","EventID":7,"Keywords":"0x8000000000000000","Signed":"true","OriginalFileName":"DXCore.DLL","Message":"Image loaded:\r\nRuleName: -\r\nUtcTime: 2020-10-22 04:21:39.505\r\nProcessGuid: {39e4a257-08d3-5f91-f811-000000000700}\r\nProcessId: 10760\r\nImage: C:\\Program Files\\WindowsApps\\Microsoft.WindowsCalculator_10.2008.2.0_x64__8wekyb3d8bbwe\\Calculator.exe\r\nImageLoaded: C:\\Windows\\System32\\DXCore.dll\r\nFileVersion: 10.0.18362.1 (WinBuild.160101.0800)\r\nDescription: DXCore\r\nProduct: Microsoft Windows Operating System\r\nCompany: Microsoft Corporation\r\nOriginalFileName: DXCore.DLL\r\nHashes: SHA1=D852E96F07E7638AF0BA684F9AD8F33A4A3F87EB,MD5=0431695AB8754780B61A166A30036313,SHA256=2E5A3168700BA8C2555B4DE729D19203DEFB2C51986990E849C69BB600DCEBFF,IMPHASH=8F4D4CA0DE30077C5351D2F3147B05E4\r\nSigned: true\r\nSignature: Microsoft Windows\r\nSignatureStatus: Valid"}
{"@timestamp":"2020-10-22T12:21:39.512Z","TimeCreated":"2020-10-22T12:21:39.512Z","Hashes":"SHA1=FA3A718BEED81C7084675E250ADC305677A6B5E4,MD5=3A99A40872AF3B87406CC57DBDF53748,SHA256=96A1DB38C74A81FBA4C4AB29020551364FD1ADA3B6FED789D193C787E757979D,IMPHASH=4B4464C7677B6F07342800F4CF0BA273","Signature":"Microsoft Windows","ProviderGuid":"{5770385f-c22a-43e0-bf4c-06f5698ffbd9}","Company":"Microsoft Corporation","UtcTime":"2020-10-22 04:21:39.505","ProcessGuid":"{39e4a257-08d3-5f91-f811-000000000700}","Image":"C:\\Program Files\\WindowsApps\\Microsoft.WindowsCalculator_10.2008.2.0_x64__8wekyb3d8bbwe\\Calculator.exe","ImageLoaded":"C:\\Windows\\System32\\cfgmgr32.dll","Level":"4","Channel":"Microsoft-Windows-Sysmon/Operational","Task":"7","RuleName":"-","FileVersion":"10.0.18362.387 (WinBuild.160101.0800)","SourceName":"Microsoft-Windows-Sysmon","Hostname":"WORKSTATION5","ProcessId":"10760","Description":"Configuration Manager DLL","SignatureStatus":"Valid","Product":"Microsoft Windows Operating System","EventID":7,"Keywords":"0x8000000000000000","Signed":"true","OriginalFileName":"CFGMGR32.DLL","Message":"Image loaded:\r\nRuleName: -\r\nUtcTime: 2020-10-22 04:21:39.505\r\nProcessGuid: {39e4a257-08d3-5f91-f811-000000000700}\r\nProcessId: 10760\r\nImage: C:\\Program Files\\WindowsApps\\Microsoft.WindowsCalculator_10.2008.2.0_x64__8wekyb3d8bbwe\\Calculator.exe\r\nImageLoaded: C:\\Windows\\System32\\cfgmgr32.dll\r\nFileVersion: 10.0.18362.387 (WinBuild.160101.0800)\r\nDescription: Configuration Manager DLL\r\nProduct: Microsoft Windows Operating System\r\nCompany: Microsoft Corporation\r\nOriginalFileName: CFGMGR32.DLL\r\nHashes: SHA1=FA3A718BEED81C7084675E250ADC305677A6B5E4,MD5=3A99A40872AF3B87406CC57DBDF53748,SHA256=96A1DB38C74A81FBA4C4AB29020551364FD1ADA3B6FED789D193C787E757979D,IMPHASH=4B4464C7677B6F07342800F4CF0BA273\r\nSigned: true\r\nSignature: Microsoft Windows\r\nSignatureStatus: Valid"}
{"@timestamp":"2020-10-22T12:21:39.512Z","TimeCreated":"2020-10-22T12:21:39.512Z","Hashes":"SHA1=56E46B30103D2FB683662ECC6BD6DEB557AB5B81,MD5=17AA3AA8D5D7E72E5D0E54BD305C672A,SHA256=4EBDA9EAE100264044E78E3A9ACFB45B91FD34C9C005D6CBE97F6D6FA66491D7,IMPHASH=4A4C04D8868CB33A3B84B044F72599CE","Signature":"Microsoft Windows","ProviderGuid":"{5770385f-c22a-43e0-bf4c-06f5698ffbd9}","Company":"Microsoft Corporation","UtcTime":"2020-10-22 04:21:39.505","ProcessGuid":"{39e4a257-08d3-5f91-f811-000000000700}","Image":"C:\\Program Files\\WindowsApps\\Microsoft.WindowsCalculator_10.2008.2.0_x64__8wekyb3d8bbwe\\Calculator.exe","ImageLoaded":"C:\\Windows\\System32\\MrmCoreR.dll","Level":"4","Channel":"Microsoft-Windows-Sysmon/Operational","Task":"7","RuleName":"-","FileVersion":"10.0.18362.997 (WinBuild.160101.0800)","SourceName":"Microsoft-Windows-Sysmon","Hostname":"WORKSTATION5","ProcessId":"10760","Description":"Microsoft Windows MRM","SignatureStatus":"Valid","Product":"Microsoft Windows Operating System","EventID":7,"Keywords":"0x8000000000000000","Signed":"true","OriginalFileName":"MrmCore.dll","Message":"Image loaded:\r\nRuleName: -\r\nUtcTime: 2020-10-22 04:21:39.505\r\nProcessGuid: {39e4a257-08d3-5f91-f811-000000000700}\r\nProcessId: 10760\r\nImage: C:\\Program Files\\WindowsApps\\Microsoft.WindowsCalculator_10.2008.2.0_x64__8wekyb3d8bbwe\\Calculator.exe\r\nImageLoaded: C:\\Windows\\System32\\MrmCoreR.dll\r\nFileVersion: 10.0.18362.997 (WinBuild.160101.0800)\r\nDescription: Microsoft Windows MRM\r\nProduct: Microsoft Windows Operating System\r\nCompany: Microsoft Corporation\r\nOriginalFileName: MrmCore.dll\r\nHashes: SHA1=56E46B30103D2FB683662ECC6BD6DEB557AB5B81,MD5=17AA3AA8D5D7E72E5D0E54BD305C672A,SHA256=4EBDA9EAE100264044E78E3A9ACFB45B91FD34C9C005D6CBE97F6D6FA66491D7,IMPHASH=4A4C04D8868CB33A3B84B044F72599CE\r\nSigned: true\r\nSignature: Microsoft Windows\r\nSignatureStatus: Valid"}
{"@timestamp":"2020-10-22T12:21:39.516Z","TimeCreated":"2020-10-22T12:21:39.516Z","Hashes":"SHA1=DF0339DF2B4C605427FE09FCCD21F0DD80DBAB52,MD5=53528A93E3DE99AB43990CA80DBD82B9,SHA256=B6B9DB0D43CA981A9228940545D5605A602FE0F4C48974E3B86C3A09948DB47A,IMPHASH=A40FABED68C5202AC815EA8499B5C4FB","Signature":"Microsoft Windows","ProviderGuid":"{5770385f-c22a-43e0-bf4c-06f5698ffbd9}","Company":"Microsoft Corporation","UtcTime":"2020-10-22 04:21:39.505","ProcessGuid":"{39e4a257-08d3-5f91-f811-000000000700}","Image":"C:\\Program Files\\WindowsApps\\Microsoft.WindowsCalculator_10.2008.2.0_x64__8wekyb3d8bbwe\\Calculator.exe","ImageLoaded":"C:\\Windows\\System32\\ResourcePolicyClient.dll","Level":"4","Channel":"Microsoft-Windows-Sysmon/Operational","Task":"7","RuleName":"-","FileVersion":"10.0.18362.959 (WinBuild.160101.0800)","SourceName":"Microsoft-Windows-Sysmon","Hostname":"WORKSTATION5","ProcessId":"10760","Description":"Resource Policy Client","SignatureStatus":"Valid","Product":"Microsoft Windows Operating System","EventID":7,"Keywords":"0x8000000000000000","Signed":"true","OriginalFileName":"ResourcePolicyClient.dll","Message":"Image loaded:\r\nRuleName: -\r\nUtcTime: 2020-10-22 04:21:39.505\r\nProcessGuid: {39e4a257-08d3-5f91-f811-000000000700}\r\nProcessId: 10760\r\nImage: C:\\Program Files\\WindowsApps\\Microsoft.WindowsCalculator_10.2008.2.0_x64__8wekyb3d8bbwe\\Calculator.exe\r\nImageLoaded: C:\\Windows\\System32\\ResourcePolicyClient.dll\r\nFileVersion: 10.0.18362.959 (WinBuild.160101.0800)\r\nDescription: Resource Policy Client\r\nProduct: Microsoft Windows Operating System\r\nCompany: Microsoft Corporation\r\nOriginalFileName: ResourcePolicyClient.dll\r\nHashes: SHA1=DF0339DF2B4C605427FE09FCCD21F0DD80DBAB52,MD5=53528A93E3DE99AB43990CA80DBD82B9,SHA256=B6B9DB0D43CA981A9228940545D5605A602FE0F4C48974E3B86C3A09948DB47A,IMPHASH=A40FABED68C5202AC815EA8499B5C4FB\r\nSigned: true\r\nSignature: Microsoft Windows\r\nSignatureStatus: Valid"}
{"@timestamp":"2020-10-22T12:21:39.516Z","TimeCreated":"2020-10-22T12:21:39.516Z","Hashes":"SHA1=F16896209052CB7261FA4C39599B0BB342CC1A5C,MD5=747802E641AAC823D5EFE144CFB1D124,SHA256=14A02EC3A05C8A627ECA5813E5CE897AAF660A1D2C2CC2E55D91A469C4C02BD4,IMPHASH=75C8C0999A8902E1DCCF45B25458477A","Signature":"Microsoft Windows","ProviderGuid":"{5770385f-c22a-43e0-bf4c-06f5698ffbd9}","Company":"Microsoft Corporation","UtcTime":"2020-10-22 04:21:39.505","ProcessGuid":"{39e4a257-08d3-5f91-f811-000000000700}","Image":"C:\\Program Files\\WindowsApps\\Microsoft.WindowsCalculator_10.2008.2.0_x64__8wekyb3d8bbwe\\Calculator.exe","ImageLoaded":"C:\\Windows\\System32\\Windows.StateRepositoryCore.dll","Level":"4","Channel":"Microsoft-Windows-Sysmon/Operational","Task":"7","RuleName":"-","FileVersion":"10.0.18362.1082 (WinBuild.160101.0800)","SourceName":"Microsoft-Windows-Sysmon","Hostname":"WORKSTATION5","ProcessId":"10760","Description":"Windows StateRepository API Core","SignatureStatus":"Valid","Product":"Microsoft Windows Operating System","EventID":7,"Keywords":"0x8000000000000000","Signed":"true","OriginalFileName":"Windows.StateRepositoryCore.dll","Message":"Image loaded:\r\nRuleName: -\r\nUtcTime: 2020-10-22 04:21:39.505\r\nProcessGuid: {39e4a257-08d3-5f91-f811-000000000700}\r\nProcessId: 10760\r\nImage: C:\\Program Files\\WindowsApps\\Microsoft.WindowsCalculator_10.2008.2.0_x64__8wekyb3d8bbwe\\Calculator.exe\r\nImageLoaded: C:\\Windows\\System32\\Windows.StateRepositoryCore.dll\r\nFileVersion: 10.0.18362.1082 (WinBuild.160101.0800)\r\nDescription: Windows StateRepository API Core\r\nProduct: Microsoft Windows Operating System\r\nCompany: Microsoft Corporation\r\nOriginalFileName: Windows.StateRepositoryCore.dll\r\nHashes: SHA1=F16896209052CB7261FA4C39599B0BB342CC1A5C,MD5=747802E641AAC823D5EFE144CFB1D124,SHA256=14A02EC3A05C8A627ECA5813E5CE897AAF660A1D2C2CC2E55D91A469C4C02BD4,IMPHASH=75C8C0999A8902E1DCCF45B25458477A\r\nSigned: true\r\nSignature: Microsoft Windows\r\nSignatureStatus: Valid"}
{"@timestamp":"2020-10-22T12:21:39.527Z","TimeCreated":"2020-10-22T12:21:39.527Z","Hashes":"SHA1=FA85F040E8244A6930C6A66F4875BA2C01E7173E,MD5=0A52102F9D58E337F43D62A5A29C0434,SHA256=0E4D0AB8085E033C67A265142C6D3E165D583B13AC893DE87A3936F58BDE579B,IMPHASH=72D7A708958F3EB11ACD68D973C393B9","Signature":"Microsoft Windows","ProviderGuid":"{5770385f-c22a-43e0-bf4c-06f5698ffbd9}","Company":"Microsoft Corporation","UtcTime":"2020-10-22 04:21:39.521","ProcessGuid":"{39e4a257-08d3-5f91-f811-000000000700}","Image":"C:\\Program Files\\WindowsApps\\Microsoft.WindowsCalculator_10.2008.2.0_x64__8wekyb3d8bbwe\\Calculator.exe","ImageLoaded":"C:\\Windows\\System32\\AppXDeploymentClient.dll","Level":"4","Channel":"Microsoft-Windows-Sysmon/Operational","Task":"7","RuleName":"-","FileVersion":"10.0.18362.1139 (WinBuild.160101.0800)","SourceName":"Microsoft-Windows-Sysmon","Hostname":"WORKSTATION5","ProcessId":"10760","Description":"AppX Deployment Client DLL","SignatureStatus":"Valid","Product":"Microsoft Windows Operating System","EventID":7,"Keywords":"0x8000000000000000","Signed":"true","OriginalFileName":"AppXDeploymentClient.dll","Message":"Image loaded:\r\nRuleName: -\r\nUtcTime: 2020-10-22 04:21:39.521\r\nProcessGuid: {39e4a257-08d3-5f91-f811-000000000700}\r\nProcessId: 10760\r\nImage: C:\\Program Files\\WindowsApps\\Microsoft.WindowsCalculator_10.2008.2.0_x64__8wekyb3d8bbwe\\Calculator.exe\r\nImageLoaded: C:\\Windows\\System32\\AppXDeploymentClient.dll\r\nFileVersion: 10.0.18362.1139 (WinBuild.160101.0800)\r\nDescription: AppX Deployment Client DLL\r\nProduct: Microsoft Windows Operating System\r\nCompany: Microsoft Corporation\r\nOriginalFileName: AppXDeploymentClient.dll\r\nHashes: SHA1=FA85F040E8244A6930C6A66F4875BA2C01E7173E,MD5=0A52102F9D58E337F43D62A5A29C0434,SHA256=0E4D0AB8085E033C67A265142C6D3E165D583B13AC893DE87A3936F58BDE579B,IMPHASH=72D7A708958F3EB11ACD68D973C393B9\r\nSigned: true\r\nSignature: Microsoft Windows\r\nSignatureStatus: Valid"}
{"@timestamp":"2020-10-22T12:21:39.527Z","TimeCreated":"2020-10-22T12:21:39.527Z","Hashes":"SHA1=47A2EB1D0DF3FF75C43B6AA4F4DD5CF9238AB3C6,MD5=E313A22C1E214AC6DF62A450320F8033,SHA256=E9ECAE2AF644213926735CC9FD94C1A8D98EC7909C73D49748031F64D28126BA,IMPHASH=4C3FA874E14BCE243EC9E5BA9E661936","Signature":"Microsoft Windows","ProviderGuid":"{5770385f-c22a-43e0-bf4c-06f5698ffbd9}","Company":"Microsoft Corporation","UtcTime":"2020-10-22 04:21:39.521","ProcessGuid":"{39e4a257-08d3-5f91-f811-000000000700}","Image":"C:\\Program Files\\WindowsApps\\Microsoft.WindowsCalculator_10.2008.2.0_x64__8wekyb3d8bbwe\\Calculator.exe","ImageLoaded":"C:\\Windows\\System32\\StateRepository.Core.dll","Level":"4","Channel":"Microsoft-Windows-Sysmon/Operational","Task":"7","RuleName":"-","FileVersion":"10.0.18362.1082 (WinBuild.160101.0800)","SourceName":"Microsoft-Windows-Sysmon","Hostname":"WORKSTATION5","ProcessId":"10760","Description":"StateRepository Core","SignatureStatus":"Valid","Product":"Microsoft Windows Operating System","EventID":7,"Keywords":"0x8000000000000000","Signed":"true","OriginalFileName":"StateRepository.Core.dll","Message":"Image loaded:\r\nRuleName: -\r\nUtcTime: 2020-10-22 04:21:39.521\r\nProcessGuid: {39e4a257-08d3-5f91-f811-000000000700}\r\nProcessId: 10760\r\nImage: C:\\Program Files\\WindowsApps\\Microsoft.WindowsCalculator_10.2008.2.0_x64__8wekyb3d8bbwe\\Calculator.exe\r\nImageLoaded: C:\\Windows\\System32\\StateRepository.Core.dll\r\nFileVersion: 10.0.18362.1082 (WinBuild.160101.0800)\r\nDescription: StateRepository Core\r\nProduct: Microsoft Windows Operating System\r\nCompany: Microsoft Corporation\r\nOriginalFileName: StateRepository.Core.dll\r\nHashes: SHA1=47A2EB1D0DF3FF75C43B6AA4F4DD5CF9238AB3C6,MD5=E313A22C1E214AC6DF62A450320F8033,SHA256=E9ECAE2AF644213926735CC9FD94C1A8D98EC7909C73D49748031F64D28126BA,IMPHASH=4C3FA874E14BCE243EC9E5BA9E661936\r\nSigned: true\r\nSignature: Microsoft Windows\r\nSignatureStatus: Valid"}
{"GrantedAccess":"0x1000","@timestamp":"2020-10-22T12:21:39.532Z","TimeCreated":"2020-10-22T12:21:39.532Z","SourceThreadId":"5316","SourceImage":"C:\\windows\\system32\\svchost.exe","ProviderGuid":"{5770385f-c22a-43e0-bf4c-06f5698ffbd9}","CallTrace":"C:\\windows\\SYSTEM32\\ntdll.dll+9d154|C:\\windows\\System32\\RPCRT4.dll+2d354|C:\\windows\\System32\\combase.dll+b855b|c:\\windows\\system32\\windows.staterepository.dll+223f5|c:\\windows\\system32\\windows.staterepository.dll+29f20|C:\\windows\\System32\\RPCRT4.dll+76a63|C:\\windows\\System32\\RPCRT4.dll+da036|C:\\windows\\System32\\RPCRT4.dll+383b9|C:\\windows\\System32\\combase.dll+a5d13|C:\\windows\\System32\\RPCRT4.dll+59bab|C:\\windows\\System32\\combase.dll+8d0e3|C:\\windows\\System32\\combase.dll+8ced3|C:\\windows\\System32\\combase.dll+a9556|C:\\windows\\System32\\combase.dll+8a4fa|C:\\windows\\System32\\combase.dll+a47ed|C:\\windows\\System32\\combase.dll+401ac|C:\\windows\\System32\\combase.dll+40a11|C:\\windows\\System32\\combase.dll+421b8|C:\\windows\\System32\\RPCRT4.dll+549f8|C:\\windows\\System32\\RPCRT4.dll+2c9b1|C:\\windows\\System32\\RPCRT4.dll+2c500|C:\\windows\\System32\\RPCRT4.dll+1a71f|C:\\windows\\System32\\RPCRT4.dll+19d7a|C:\\windows\\System32\\RPCRT4.dll+19361","UtcTime":"2020-10-22 04:21:39.521","TargetProcessGUID":"{39e4a257-f1b3-5f8b-a700-000000000700}","SourceProcessId":"2072","Level":"4","Channel":"Microsoft-Windows-Sysmon/Operational","Task":"10","RuleName":"-","SourceName":"Microsoft-Windows-Sysmon","Hostname":"WORKSTATION5","SourceProcessGUID":"{39e4a257-f1ad-5f8b-9500-000000000700}","TargetProcessId":"1072","EventID":10,"Keywords":"0x8000000000000000","TargetImage":"C:\\windows\\Explorer.EXE","Message":"Process accessed:\r\nRuleName: -\r\nUtcTime: 2020-10-22 04:21:39.521\r\nSourceProcessGUID: {39e4a257-f1ad-5f8b-9500-000000000700}\r\nSourceProcessId: 2072\r\nSourceThreadId: 5316\r\nSourceImage: C:\\windows\\system32\\svchost.exe\r\nTargetProcessGUID: {39e4a257-f1b3-5f8b-a700-000000000700}\r\nTargetProcessId: 1072\r\nTargetImage: C:\\windows\\Explorer.EXE\r\nGrantedAccess: 0x1000\r\nCallTrace: C:\\windows\\SYSTEM32\\ntdll.dll+9d154|C:\\windows\\System32\\RPCRT4.dll+2d354|C:\\windows\\System32\\combase.dll+b855b|c:\\windows\\system32\\windows.staterepository.dll+223f5|c:\\windows\\system32\\windows.staterepository.dll+29f20|C:\\windows\\System32\\RPCRT4.dll+76a63|C:\\windows\\System32\\RPCRT4.dll+da036|C:\\windows\\System32\\RPCRT4.dll+383b9|C:\\windows\\System32\\combase.dll+a5d13|C:\\windows\\System32\\RPCRT4.dll+59bab|C:\\windows\\System32\\combase.dll+8d0e3|C:\\windows\\System32\\combase.dll+8ced3|C:\\windows\\System32\\combase.dll+a9556|C:\\windows\\System32\\combase.dll+8a4fa|C:\\windows\\System32\\combase.dll+a47ed|C:\\windows\\System32\\combase.dll+401ac|C:\\windows\\System32\\combase.dll+40a11|C:\\windows\\System32\\combase.dll+421b8|C:\\windows\\System32\\RPCRT4.dll+549f8|C:\\windows\\System32\\RPCRT4.dll+2c9b1|C:\\windows\\System32\\RPCRT4.dll+2c500|C:\\windows\\System32\\RPCRT4.dll+1a71f|C:\\windows\\System32\\RPCRT4.dll+19d7a|C:\\windows\\System32\\RPCRT4.dll+19361"}
{"@timestamp":"2020-10-22T12:21:39.536Z","TimeCreated":"2020-10-22T12:21:39.536Z","Hashes":"SHA1=940A10C1A22C1A616E86B30CEB3C4A562FF19548,MD5=03DFF3218B9843EAE0AA10311F159122,SHA256=196729DF38DD674C191813371CC50AECCD85C1680F3604F15A4E1A6D3432237E,IMPHASH=F3548AA51508C0CDE208A3E49F4E3355","Signature":"Microsoft Windows","ProviderGuid":"{5770385f-c22a-43e0-bf4c-06f5698ffbd9}","Company":"Microsoft Corporation","UtcTime":"2020-10-22 04:21:39.521","ProcessGuid":"{39e4a257-08d3-5f91-f811-000000000700}","Image":"C:\\Program Files\\WindowsApps\\Microsoft.WindowsCalculator_10.2008.2.0_x64__8wekyb3d8bbwe\\Calculator.exe","ImageLoaded":"C:\\Windows\\System32\\FirewallAPI.dll","Level":"4","Channel":"Microsoft-Windows-Sysmon/Operational","Task":"7","RuleName":"-","FileVersion":"10.0.18362.900 (WinBuild.160101.0800)","SourceName":"Microsoft-Windows-Sysmon","Hostname":"WORKSTATION5","ProcessId":"10760","Description":"Windows Defender Firewall API","SignatureStatus":"Valid","Product":"Microsoft Windows Operating System","EventID":7,"Keywords":"0x8000000000000000","Signed":"true","OriginalFileName":"FirewallAPI.DLL","Message":"Image loaded:\r\nRuleName: -\r\nUtcTime: 2020-10-22 04:21:39.521\r\nProcessGuid: {39e4a257-08d3-5f91-f811-000000000700}\r\nProcessId: 10760\r\nImage: C:\\Program Files\\WindowsApps\\Microsoft.WindowsCalculator_10.2008.2.0_x64__8wekyb3d8bbwe\\Calculator.exe\r\nImageLoaded: C:\\Windows\\System32\\FirewallAPI.dll\r\nFileVersion: 10.0.18362.900 (WinBuild.160101.0800)\r\nDescription: Windows Defender Firewall API\r\nProduct: Microsoft Windows Operating System\r\nCompany: Microsoft Corporation\r\nOriginalFileName: FirewallAPI.DLL\r\nHashes: SHA1=940A10C1A22C1A616E86B30CEB3C4A562FF19548,MD5=03DFF3218B9843EAE0AA10311F159122,SHA256=196729DF38DD674C191813371CC50AECCD85C1680F3604F15A4E1A6D3432237E,IMPHASH=F3548AA51508C0CDE208A3E49F4E3355\r\nSigned: true\r\nSignature: Microsoft Windows\r\nSignatureStatus: Valid"}
{"@timestamp":"2020-10-22T12:21:39.537Z","TimeCreated":"2020-10-22T12:21:39.537Z","Hashes":"SHA1=2FA30D5A410E5B80C5781D90754EB6A0B92AA786,MD5=DE172FD9564B8AB26E21542BDD0F1AA1,SHA256=B44AEAA2BD582AFDA0779EF89DFD68AFB1D221DCC9B2B7A5CF173772C50BC2A7,IMPHASH=E5E58A679D6613101F8256E2CE119E57","Signature":"Microsoft Windows","ProviderGuid":"{5770385f-c22a-43e0-bf4c-06f5698ffbd9}","Company":"Microsoft Corporation","UtcTime":"2020-10-22 04:21:39.521","ProcessGuid":"{39e4a257-f1b3-5f8b-a700-000000000700}","Image":"C:\\Windows\\explorer.exe","ImageLoaded":"C:\\Windows\\System32\\Windows.StateRepositoryBroker.dll","Level":"4","Channel":"Microsoft-Windows-Sysmon/Operational","Task":"7","RuleName":"-","FileVersion":"10.0.18362.1082 (WinBuild.160101.0800)","SourceName":"Microsoft-Windows-Sysmon","Hostname":"WORKSTATION5","ProcessId":"1072","Description":"Windows StateRepository API Broker","SignatureStatus":"Valid","Product":"Microsoft Windows Operating System","EventID":7,"Keywords":"0x8000000000000000","Signed":"true","OriginalFileName":"Windows.StateRepositoryBroker.dll","Message":"Image loaded:\r\nRuleName: -\r\nUtcTime: 2020-10-22 04:21:39.521\r\nProcessGuid: {39e4a257-f1b3-5f8b-a700-000000000700}\r\nProcessId: 1072\r\nImage: C:\\Windows\\explorer.exe\r\nImageLoaded: C:\\Windows\\System32\\Windows.StateRepositoryBroker.dll\r\nFileVersion: 10.0.18362.1082 (WinBuild.160101.0800)\r\nDescription: Windows StateRepository API Broker\r\nProduct: Microsoft Windows Operating System\r\nCompany: Microsoft Corporation\r\nOriginalFileName: Windows.StateRepositoryBroker.dll\r\nHashes: SHA1=2FA30D5A410E5B80C5781D90754EB6A0B92AA786,MD5=DE172FD9564B8AB26E21542BDD0F1AA1,SHA256=B44AEAA2BD582AFDA0779EF89DFD68AFB1D221DCC9B2B7A5CF173772C50BC2A7,IMPHASH=E5E58A679D6613101F8256E2CE119E57\r\nSigned: true\r\nSignature: Microsoft Windows\r\nSignatureStatus: Valid"}
{"GrantedAccess":"0x1000","@timestamp":"2020-10-22T12:21:39.539Z","TimeCreated":"2020-10-22T12:21:39.539Z","SourceThreadId":"7088","SourceImage":"C:\\windows\\system32\\svchost.exe","ProviderGuid":"{5770385f-c22a-43e0-bf4c-06f5698ffbd9}","CallTrace":"C:\\windows\\SYSTEM32\\ntdll.dll+9d154|C:\\windows\\System32\\RPCRT4.dll+2d354|C:\\windows\\System32\\combase.dll+b855b|c:\\windows\\system32\\windows.staterepository.dll+223f5|c:\\windows\\system32\\windows.staterepository.dll+28b84|C:\\windows\\System32\\RPCRT4.dll+76a63|C:\\windows\\System32\\RPCRT4.dll+da036|C:\\windows\\System32\\RPCRT4.dll+383b9|C:\\windows\\System32\\combase.dll+a5d13|C:\\windows\\System32\\RPCRT4.dll+59bab|C:\\windows\\System32\\combase.dll+8d0e3|C:\\windows\\System32\\combase.dll+8ced3|C:\\windows\\System32\\combase.dll+a9556|C:\\windows\\System32\\combase.dll+8a4fa|C:\\windows\\System32\\combase.dll+a47ed|C:\\windows\\System32\\combase.dll+401ac|C:\\windows\\System32\\combase.dll+40a11|C:\\windows\\System32\\combase.dll+421b8|C:\\windows\\System32\\RPCRT4.dll+549f8|C:\\windows\\System32\\RPCRT4.dll+2c9b1|C:\\windows\\System32\\RPCRT4.dll+2c500|C:\\windows\\System32\\RPCRT4.dll+1a71f|C:\\windows\\System32\\RPCRT4.dll+19d7a|C:\\windows\\System32\\RPCRT4.dll+19361","UtcTime":"2020-10-22 04:21:39.537","TargetProcessGUID":"{39e4a257-f1b3-5f8b-a700-000000000700}","SourceProcessId":"2072","Level":"4","Channel":"Microsoft-Windows-Sysmon/Operational","Task":"10","RuleName":"-","SourceName":"Microsoft-Windows-Sysmon","Hostname":"WORKSTATION5","SourceProcessGUID":"{39e4a257-f1ad-5f8b-9500-000000000700}","TargetProcessId":"1072","EventID":10,"Keywords":"0x8000000000000000","TargetImage":"C:\\windows\\Explorer.EXE","Message":"Process accessed:\r\nRuleName: -\r\nUtcTime: 2020-10-22 04:21:39.537\r\nSourceProcessGUID: {39e4a257-f1ad-5f8b-9500-000000000700}\r\nSourceProcessId: 2072\r\nSourceThreadId: 7088\r\nSourceImage: C:\\windows\\system32\\svchost.exe\r\nTargetProcessGUID: {39e4a257-f1b3-5f8b-a700-000000000700}\r\nTargetProcessId: 1072\r\nTargetImage: C:\\windows\\Explorer.EXE\r\nGrantedAccess: 0x1000\r\nCallTrace: C:\\windows\\SYSTEM32\\ntdll.dll+9d154|C:\\windows\\System32\\RPCRT4.dll+2d354|C:\\windows\\System32\\combase.dll+b855b|c:\\windows\\system32\\windows.staterepository.dll+223f5|c:\\windows\\system32\\windows.staterepository.dll+28b84|C:\\windows\\System32\\RPCRT4.dll+76a63|C:\\windows\\System32\\RPCRT4.dll+da036|C:\\windows\\System32\\RPCRT4.dll+383b9|C:\\windows\\System32\\combase.dll+a5d13|C:\\windows\\System32\\RPCRT4.dll+59bab|C:\\windows\\System32\\combase.dll+8d0e3|C:\\windows\\System32\\combase.dll+8ced3|C:\\windows\\System32\\combase.dll+a9556|C:\\windows\\System32\\combase.dll+8a4fa|C:\\windows\\System32\\combase.dll+a47ed|C:\\windows\\System32\\combase.dll+401ac|C:\\windows\\System32\\combase.dll+40a11|C:\\windows\\System32\\combase.dll+421b8|C:\\windows\\System32\\RPCRT4.dll+549f8|C:\\windows\\System32\\RPCRT4.dll+2c9b1|C:\\windows\\System32\\RPCRT4.dll+2c500|C:\\windows\\System32\\RPCRT4.dll+1a71f|C:\\windows\\System32\\RPCRT4.dll+19d7a|C:\\windows\\System32\\RPCRT4.dll+19361"}
{"@timestamp":"2020-10-22T12:21:39.542Z","TimeCreated":"2020-10-22T12:21:39.542Z","ProviderGuid":"{5770385f-c22a-43e0-bf4c-06f5698ffbd9}","UtcTime":"2020-10-22 04:21:39.537","ProcessGuid":"{39e4a257-f1b3-5f8b-a700-000000000700}","Image":"C:\\windows\\Explorer.EXE","Level":"4","Channel":"Microsoft-Windows-Sysmon/Operational","Task":"12","RuleName":"-","SourceName":"Microsoft-Windows-Sysmon","Hostname":"WORKSTATION5","ProcessId":"1072","EventType":"CreateKey","EventID":12,"Keywords":"0x8000000000000000","TargetObject":"HKU\\S-1-5-21-3940915590-64593676-1414006259-500_Classes\\Local Settings\\MrtCache\\C:%5CProgram Files%5CWindowsApps%5CMicrosoft.WindowsCalculator_10.2008.2.0_x64__8wekyb3d8bbwe%5Cmicrosoft.system.package.metadata%5CS-1-5-21-3940915590-64593676-1414006259-500-MergedResources-1.pri","Message":"Registry object added or deleted:\r\nRuleName: -\r\nEventType: CreateKey\r\nUtcTime: 2020-10-22 04:21:39.537\r\nProcessGuid: {39e4a257-f1b3-5f8b-a700-000000000700}\r\nProcessId: 1072\r\nImage: C:\\windows\\Explorer.EXE\r\nTargetObject: HKU\\S-1-5-21-3940915590-64593676-1414006259-500_Classes\\Local Settings\\MrtCache\\C:1072CProgram Files1072CWindowsApps1072CMicrosoft.WindowsCalculator_10.2008.2.0_x64__8wekyb3d8bbwe1072Cmicrosoft.system.package.metadata1072CS-1-5-21-3940915590-64593676-1414006259-500-MergedResources-1.pri"}
{"@timestamp":"2020-10-22T12:21:39.542Z","TimeCreated":"2020-10-22T12:21:39.542Z","ProviderGuid":"{5770385f-c22a-43e0-bf4c-06f5698ffbd9}","UtcTime":"2020-10-22 04:21:39.537","ProcessGuid":"{39e4a257-f1b3-5f8b-a700-000000000700}","Image":"C:\\windows\\Explorer.EXE","Level":"4","Channel":"Microsoft-Windows-Sysmon/Operational","Task":"12","RuleName":"-","SourceName":"Microsoft-Windows-Sysmon","Hostname":"WORKSTATION5","ProcessId":"1072","EventType":"CreateKey","EventID":12,"Keywords":"0x8000000000000000","TargetObject":"HKU\\S-1-5-21-3940915590-64593676-1414006259-500_Classes\\Local Settings\\Software\\Microsoft\\Windows\\CurrentVersion\\AppModel\\SystemAppData\\Microsoft.WindowsCalculator_8wekyb3d8bbwe\\SplashScreen","Message":"Registry object added or deleted:\r\nRuleName: -\r\nEventType: CreateKey\r\nUtcTime: 2020-10-22 04:21:39.537\r\nProcessGuid: {39e4a257-f1b3-5f8b-a700-000000000700}\r\nProcessId: 1072\r\nImage: C:\\windows\\Explorer.EXE\r\nTargetObject: HKU\\S-1-5-21-3940915590-64593676-1414006259-500_Classes\\Local Settings\\Software\\Microsoft\\Windows\\CurrentVersion\\AppModel\\SystemAppData\\Microsoft.WindowsCalculator_8wekyb3d8bbwe\\SplashScreen"}
{"GrantedAccess":"0x1000","@timestamp":"2020-10-22T12:21:39.546Z","TimeCreated":"2020-10-22T12:21:39.546Z","SourceThreadId":"4688","SourceImage":"C:\\windows\\Explorer.EXE","ProviderGuid":"{5770385f-c22a-43e0-bf4c-06f5698ffbd9}","CallTrace":"C:\\windows\\SYSTEM32\\ntdll.dll+9c584|C:\\windows\\System32\\KERNELBASE.dll+305fe|C:\\windows\\SYSTEM32\\TWINAPI.dll+6d4c|C:\\windows\\system32\\twinui.pcshell.dll+20880|C:\\windows\\system32\\twinui.pcshell.dll+20082|C:\\windows\\system32\\twinui.dll+1780b|C:\\windows\\system32\\twinui.dll+1734c|C:\\windows\\system32\\twinui.dll+68f7a|C:\\windows\\system32\\twinui.dll+16e09|C:\\windows\\system32\\twinui.dll+16f4b|C:\\windows\\system32\\twinui.dll+16ecd|C:\\windows\\System32\\USER32.dll+15c1d|C:\\windows\\System32\\USER32.dll+15612|C:\\windows\\system32\\twinui.pcshell.dll+1a0a9|C:\\windows\\system32\\twinui.pcshell.dll+1afbc|C:\\windows\\system32\\twinui.pcshell.dll+18cbf|C:\\windows\\system32\\twinui.pcshell.dll+18ad7|C:\\windows\\system32\\twinui.pcshell.dll+18fc5|C:\\windows\\system32\\twinui.pcshell.dll+71fbb|C:\\windows\\System32\\RPCRT4.dll+76a63|C:\\windows\\System32\\RPCRT4.dll+da036|C:\\windows\\System32\\RPCRT4.dll+383b9|C:\\windows\\System32\\combase.dll+a5cff|C:\\windows\\System32\\RPCRT4.dll+59bab","UtcTime":"2020-10-22 04:21:39.537","TargetProcessGUID":"{39e4a257-ff48-5f8c-1b04-000000000700}","SourceProcessId":"1072","Level":"4","Channel":"Microsoft-Windows-Sysmon/Operational","Task":"10","RuleName":"-","SourceName":"Microsoft-Windows-Sysmon","Hostname":"WORKSTATION5","SourceProcessGUID":"{39e4a257-f1b3-5f8b-a700-000000000700}","TargetProcessId":"452","EventID":10,"Keywords":"0x8000000000000000","TargetImage":"C:\\windows\\system32\\ApplicationFrameHost.exe","Message":"Process accessed:\r\nRuleName: -\r\nUtcTime: 2020-10-22 04:21:39.537\r\nSourceProcessGUID: {39e4a257-f1b3-5f8b-a700-000000000700}\r\nSourceProcessId: 1072\r\nSourceThreadId: 4688\r\nSourceImage: C:\\windows\\Explorer.EXE\r\nTargetProcessGUID: {39e4a257-ff48-5f8c-1b04-000000000700}\r\nTargetProcessId: 452\r\nTargetImage: C:\\windows\\system32\\ApplicationFrameHost.exe\r\nGrantedAccess: 0x1000\r\nCallTrace: C:\\windows\\SYSTEM32\\ntdll.dll+9c584|C:\\windows\\System32\\KERNELBASE.dll+305fe|C:\\windows\\SYSTEM32\\TWINAPI.dll+6d4c|C:\\windows\\system32\\twinui.pcshell.dll+20880|C:\\windows\\system32\\twinui.pcshell.dll+20082|C:\\windows\\system32\\twinui.dll+1780b|C:\\windows\\system32\\twinui.dll+1734c|C:\\windows\\system32\\twinui.dll+68f7a|C:\\windows\\system32\\twinui.dll+16e09|C:\\windows\\system32\\twinui.dll+16f4b|C:\\windows\\system32\\twinui.dll+16ecd|C:\\windows\\System32\\USER32.dll+15c1d|C:\\windows\\System32\\USER32.dll+15612|C:\\windows\\system32\\twinui.pcshell.dll+1a0a9|C:\\windows\\system32\\twinui.pcshell.dll+1afbc|C:\\windows\\system32\\twinui.pcshell.dll+18cbf|C:\\windows\\system32\\twinui.pcshell.dll+18ad7|C:\\windows\\system32\\twinui.pcshell.dll+18fc5|C:\\windows\\system32\\twinui.pcshell.dll+71fbb|C:\\windows\\System32\\RPCRT4.dll+76a63|C:\\windows\\System32\\RPCRT4.dll+da036|C:\\windows\\System32\\RPCRT4.dll+383b9|C:\\windows\\System32\\combase.dll+a5cff|C:\\windows\\System32\\RPCRT4.dll+59bab"}
{"GrantedAccess":"0x1000","@timestamp":"2020-10-22T12:21:39.546Z","TimeCreated":"2020-10-22T12:21:39.546Z","SourceThreadId":"4688","SourceImage":"C:\\windows\\Explorer.EXE","ProviderGuid":"{5770385f-c22a-43e0-bf4c-06f5698ffbd9}","CallTrace":"C:\\windows\\SYSTEM32\\ntdll.dll+9c584|C:\\windows\\System32\\KERNELBASE.dll+305fe|C:\\windows\\SYSTEM32\\TWINAPI.dll+6d4c|C:\\windows\\system32\\twinui.pcshell.dll+20880|C:\\windows\\system32\\twinui.pcshell.dll+20082|C:\\windows\\system32\\twinui.dll+1780b|C:\\windows\\system32\\twinui.dll+1734c|C:\\windows\\system32\\twinui.dll+68f7a|C:\\windows\\system32\\twinui.dll+16e09|C:\\windows\\system32\\twinui.dll+16f4b|C:\\windows\\system32\\twinui.dll+16ecd|C:\\windows\\System32\\USER32.dll+15c1d|C:\\windows\\System32\\USER32.dll+15612|C:\\windows\\system32\\twinui.pcshell.dll+1a0a9|C:\\windows\\system32\\twinui.pcshell.dll+1afbc|C:\\windows\\system32\\twinui.pcshell.dll+18cbf|C:\\windows\\system32\\twinui.pcshell.dll+18ad7|C:\\windows\\system32\\twinui.pcshell.dll+18fc5|C:\\windows\\system32\\twinui.pcshell.dll+71fbb|C:\\windows\\System32\\RPCRT4.dll+76a63|C:\\windows\\System32\\RPCRT4.dll+da036|C:\\windows\\System32\\RPCRT4.dll+383b9|C:\\windows\\System32\\combase.dll+a5cff|C:\\windows\\System32\\RPCRT4.dll+59bab","UtcTime":"2020-10-22 04:21:39.537","TargetProcessGUID":"{39e4a257-ff48-5f8c-1b04-000000000700}","SourceProcessId":"1072","Level":"4","Channel":"Microsoft-Windows-Sysmon/Operational","Task":"10","RuleName":"-","SourceName":"Microsoft-Windows-Sysmon","Hostname":"WORKSTATION5","SourceProcessGUID":"{39e4a257-f1b3-5f8b-a700-000000000700}","TargetProcessId":"452","EventID":10,"Keywords":"0x8000000000000000","TargetImage":"C:\\windows\\system32\\ApplicationFrameHost.exe","Message":"Process accessed:\r\nRuleName: -\r\nUtcTime: 2020-10-22 04:21:39.537\r\nSourceProcessGUID: {39e4a257-f1b3-5f8b-a700-000000000700}\r\nSourceProcessId: 1072\r\nSourceThreadId: 4688\r\nSourceImage: C:\\windows\\Explorer.EXE\r\nTargetProcessGUID: {39e4a257-ff48-5f8c-1b04-000000000700}\r\nTargetProcessId: 452\r\nTargetImage: C:\\windows\\system32\\ApplicationFrameHost.exe\r\nGrantedAccess: 0x1000\r\nCallTrace: C:\\windows\\SYSTEM32\\ntdll.dll+9c584|C:\\windows\\System32\\KERNELBASE.dll+305fe|C:\\windows\\SYSTEM32\\TWINAPI.dll+6d4c|C:\\windows\\system32\\twinui.pcshell.dll+20880|C:\\windows\\system32\\twinui.pcshell.dll+20082|C:\\windows\\system32\\twinui.dll+1780b|C:\\windows\\system32\\twinui.dll+1734c|C:\\windows\\system32\\twinui.dll+68f7a|C:\\windows\\system32\\twinui.dll+16e09|C:\\windows\\system32\\twinui.dll+16f4b|C:\\windows\\system32\\twinui.dll+16ecd|C:\\windows\\System32\\USER32.dll+15c1d|C:\\windows\\System32\\USER32.dll+15612|C:\\windows\\system32\\twinui.pcshell.dll+1a0a9|C:\\windows\\system32\\twinui.pcshell.dll+1afbc|C:\\windows\\system32\\twinui.pcshell.dll+18cbf|C:\\windows\\system32\\twinui.pcshell.dll+18ad7|C:\\windows\\system32\\twinui.pcshell.dll+18fc5|C:\\windows\\system32\\twinui.pcshell.dll+71fbb|C:\\windows\\System32\\RPCRT4.dll+76a63|C:\\windows\\System32\\RPCRT4.dll+da036|C:\\windows\\System32\\RPCRT4.dll+383b9|C:\\windows\\System32\\combase.dll+a5cff|C:\\windows\\System32\\RPCRT4.dll+59bab"}
{"GrantedAccess":"0x1000","@timestamp":"2020-10-22T12:21:39.546Z","TimeCreated":"2020-10-22T12:21:39.546Z","SourceThreadId":"4688","SourceImage":"C:\\windows\\Explorer.EXE","ProviderGuid":"{5770385f-c22a-43e0-bf4c-06f5698ffbd9}","CallTrace":"C:\\windows\\SYSTEM32\\ntdll.dll+9c584|C:\\windows\\System32\\KERNELBASE.dll+305fe|C:\\windows\\SYSTEM32\\twinapi.appcore.dll+2e3a7|C:\\windows\\SYSTEM32\\twinapi.appcore.dll+2e15d|C:\\windows\\SYSTEM32\\twinapi.appcore.dll+35ae1|C:\\windows\\SYSTEM32\\twinapi.appcore.dll+2ea10|C:\\windows\\system32\\twinui.pcshell.dll+239c8|C:\\windows\\system32\\twinui.pcshell.dll+5bb42|C:\\windows\\System32\\USER32.dll+15c1d|C:\\windows\\System32\\USER32.dll+15612|C:\\windows\\system32\\twinui.pcshell.dll+1a0a9|C:\\windows\\system32\\twinui.pcshell.dll+1afbc|C:\\windows\\system32\\twinui.pcshell.dll+18cbf|C:\\windows\\system32\\twinui.pcshell.dll+18ad7|C:\\windows\\system32\\twinui.pcshell.dll+18fc5|C:\\windows\\system32\\twinui.pcshell.dll+71fbb|C:\\windows\\System32\\RPCRT4.dll+76a63|C:\\windows\\System32\\RPCRT4.dll+da036|C:\\windows\\System32\\RPCRT4.dll+383b9|C:\\windows\\System32\\combase.dll+a5cff|C:\\windows\\System32\\RPCRT4.dll+59bab|C:\\windows\\System32\\combase.dll+8d0e3|C:\\windows\\System32\\combase.dll+8ced3|C:\\windows\\System32\\combase.dll+a9556","UtcTime":"2020-10-22 04:21:39.537","TargetProcessGUID":"{39e4a257-ff48-5f8c-1b04-000000000700}","SourceProcessId":"1072","Level":"4","Channel":"Microsoft-Windows-Sysmon/Operational","Task":"10","RuleName":"-","SourceName":"Microsoft-Windows-Sysmon","Hostname":"WORKSTATION5","SourceProcessGUID":"{39e4a257-f1b3-5f8b-a700-000000000700}","TargetProcessId":"452","EventID":10,"Keywords":"0x8000000000000000","TargetImage":"C:\\windows\\system32\\ApplicationFrameHost.exe","Message":"Process accessed:\r\nRuleName: -\r\nUtcTime: 2020-10-22 04:21:39.537\r\nSourceProcessGUID: {39e4a257-f1b3-5f8b-a700-000000000700}\r\nSourceProcessId: 1072\r\nSourceThreadId: 4688\r\nSourceImage: C:\\windows\\Explorer.EXE\r\nTargetProcessGUID: {39e4a257-ff48-5f8c-1b04-000000000700}\r\nTargetProcessId: 452\r\nTargetImage: C:\\windows\\system32\\ApplicationFrameHost.exe\r\nGrantedAccess: 0x1000\r\nCallTrace: C:\\windows\\SYSTEM32\\ntdll.dll+9c584|C:\\windows\\System32\\KERNELBASE.dll+305fe|C:\\windows\\SYSTEM32\\twinapi.appcore.dll+2e3a7|C:\\windows\\SYSTEM32\\twinapi.appcore.dll+2e15d|C:\\windows\\SYSTEM32\\twinapi.appcore.dll+35ae1|C:\\windows\\SYSTEM32\\twinapi.appcore.dll+2ea10|C:\\windows\\system32\\twinui.pcshell.dll+239c8|C:\\windows\\system32\\twinui.pcshell.dll+5bb42|C:\\windows\\System32\\USER32.dll+15c1d|C:\\windows\\System32\\USER32.dll+15612|C:\\windows\\system32\\twinui.pcshell.dll+1a0a9|C:\\windows\\system32\\twinui.pcshell.dll+1afbc|C:\\windows\\system32\\twinui.pcshell.dll+18cbf|C:\\windows\\system32\\twinui.pcshell.dll+18ad7|C:\\windows\\system32\\twinui.pcshell.dll+18fc5|C:\\windows\\system32\\twinui.pcshell.dll+71fbb|C:\\windows\\System32\\RPCRT4.dll+76a63|C:\\windows\\System32\\RPCRT4.dll+da036|C:\\windows\\System32\\RPCRT4.dll+383b9|C:\\windows\\System32\\combase.dll+a5cff|C:\\windows\\System32\\RPCRT4.dll+59bab|C:\\windows\\System32\\combase.dll+8d0e3|C:\\windows\\System32\\combase.dll+8ced3|C:\\windows\\System32\\combase.dll+a9556"}
{"@timestamp":"2020-10-22T12:21:39.547Z","TimeCreated":"2020-10-22T12:21:39.547Z","Hashes":"SHA1=F1909EDE6F17B5B31AFA580DFE3C28485CAA2037,MD5=F1286919D541FF93F1174B0B1F1CF7FD,SHA256=3453BD57B23A211FD45A1BBA0EF84FD3B61E174112D16974B9481A0818C372E5,IMPHASH=D8803D749EB329542778B6CC38924BBA","Signature":"Microsoft Windows","ProviderGuid":"{5770385f-c22a-43e0-bf4c-06f5698ffbd9}","Company":"Microsoft Corporation","UtcTime":"2020-10-22 04:21:39.537","ProcessGuid":"{39e4a257-08d3-5f91-f811-000000000700}","Image":"C:\\Program Files\\WindowsApps\\Microsoft.WindowsCalculator_10.2008.2.0_x64__8wekyb3d8bbwe\\Calculator.exe","ImageLoaded":"C:\\Windows\\System32\\dnsapi.dll","Level":"4","Channel":"Microsoft-Windows-Sysmon/Operational","Task":"7","RuleName":"-","FileVersion":"10.0.18362.1082 (WinBuild.160101.0800)","SourceName":"Microsoft-Windows-Sysmon","Hostname":"WORKSTATION5","ProcessId":"10760","Description":"DNS Client API DLL","SignatureStatus":"Valid","Product":"Microsoft Windows Operating System","EventID":7,"Keywords":"0x8000000000000000","Signed":"true","OriginalFileName":"dnsapi","Message":"Image loaded:\r\nRuleName: -\r\nUtcTime: 2020-10-22 04:21:39.537\r\nProcessGuid: {39e4a257-08d3-5f91-f811-000000000700}\r\nProcessId: 10760\r\nImage: C:\\Program Files\\WindowsApps\\Microsoft.WindowsCalculator_10.2008.2.0_x64__8wekyb3d8bbwe\\Calculator.exe\r\nImageLoaded: C:\\Windows\\System32\\dnsapi.dll\r\nFileVersion: 10.0.18362.1082 (WinBuild.160101.0800)\r\nDescription: DNS Client API DLL\r\nProduct: Microsoft Windows Operating System\r\nCompany: Microsoft Corporation\r\nOriginalFileName: dnsapi\r\nHashes: SHA1=F1909EDE6F17B5B31AFA580DFE3C28485CAA2037,MD5=F1286919D541FF93F1174B0B1F1CF7FD,SHA256=3453BD57B23A211FD45A1BBA0EF84FD3B61E174112D16974B9481A0818C372E5,IMPHASH=D8803D749EB329542778B6CC38924BBA\r\nSigned: true\r\nSignature: Microsoft Windows\r\nSignatureStatus: Valid"}
