{"@timestamp":"2020-10-22T12:21:39.824Z","TimeCreated":"2020-10-22T12:21:39.824Z","Hashes":"SHA1=886CAF5D75DDF1C4BFC6F1A5B917865A29028853,MD5=0432AABF652C29BF535241FA9C41F334,SHA256=B2572A0ECFB53B893FAF35A06B2415E13E72B6C8764164180EA6EE6587576F32,IMPHASH=D49C7F3A081F7C6E3981F734AEA31F09","Signature":"Microsoft Windows","ProviderGuid":"{5770385f-c22a-43e0-bf4c-06f5698ffbd9}","Company":"Microsoft Corporation","UtcTime":"2020-10-22 04:21:39.818","ProcessGuid":"{39e4a257-08d3-5f91-f811-000000000700}","Image":"C:\\Program Files\\WindowsApps\\Microsoft.WindowsCalculator_10.2008.2.0_x64__8wekyb3d8bbwe\\Calculator.exe","ImageLoaded":"C:\\Windows\\System32\\Windows.Storage.ApplicationData.dll","Level":"4","Channel":"Microsoft-Windows-Sysmon/Operational","Task":"7","RuleName":"-","FileVersion":"10.0.18362.959 (WinBuild.160101.0800)","SourceName":"Microsoft-Windows-Sysmon","Hostname":"WORKSTATION5","ProcessId":"10760","Description":"Windows Application Data API Server","SignatureStatus":"Valid","Product":"Microsoft Windows Operating System","EventID":7,"Keywords":"0x8000000000000000","Signed":"true","OriginalFileName":"Windows.Storage.ApplicationData.dll","Message":"Image loaded:\r\nRuleName: -\r\nUtcTime: 2020-10-22 04:21:39.818\r\nProcessGuid: {39e4a257-08d3-5f91-f811-000000000700}\r\nProcessId: 10760\r\nImage: C:\\Program Files\\WindowsApps\\Microsoft.WindowsCalculator_10.2008.2.0_x64__8wekyb3d8bbwe\\Calculator.exe\r\nImageLoaded: C:\\Windows\\System32\\Windows.Storage.ApplicationData.dll\r\nFileVersion: 10.0.18362.959 (WinBuild.160101.0800)\r\nDescription: Windows Application Data API Server\r\nProduct: Microsoft Windows Operating System\r\nCompany: Microsoft Corporation\r\nOriginalFileName: Windows.Storage.ApplicationData.dll\r\nHashes: SHA1=886CAF5D75DDF1C4BFC6F1A5B917865A29028853,MD5=0432AABF652C29BF535241FA9C41F334,SHA256=B2572A0ECFB53B893FAF35A06B2415E13E72B6C8764164180EA6EE6587576F32,IMPHASH=D49C7F3A081F7C6E3981F734AEA31F09\r\nSigned: true\r\nSignature: Microsoft Windows\r\nSignatureStatus: Valid"}
{"@timestamp":"2020-10-22T12:21:39.851Z","TimeCreated":"2020-10-22T12:21:39.851Z","ProviderGuid":"{5770385f-c22a-43e0-bf4c-06f5698ffbd9}","UtcTime":"2020-10-22 04:21:39.849","ProcessGuid":"{39e4a257-08d3-5f91-f811-000000000700}","Image":"C:\\Program Files\\WindowsApps\\Microsoft.WindowsCalculator_10.2008.2.0_x64__8wekyb3d8bbwe\\Calculator.exe","Level":"4","Channel":"Microsoft-Windows-Sysmon/Operational","Task":"12","RuleName":"-","SourceName":"Microsoft-Windows-Sysmon","Hostname":"WORKSTATION5","ProcessId":"10760","EventType":"CreateKey","EventID":12,"Keywords":"0x8000000000000000","TargetObject":"\\REGISTRY\\A\\{66ccf6d2-4eed-a800-48e6-ebc39af2a3b9}\\LocalState","Message":"Registry object added or deleted:\r\nRuleName: -\r\nEventType: CreateKey\r\nUtcTime: 2020-10-22 04:21:39.849\r\nProcessGuid: {39e4a257-08d3-5f91-f811-000000000700}\r\nProcessId: 10760\r\nImage: C:\\Program Files\\WindowsApps\\Microsoft.WindowsCalculator_10.2008.2.0_x64__8wekyb3d8bbwe\\Calculator.exe\r\nTargetObject: \\REGISTRY\\A\\{66ccf6d2-4eed-a800-48e6-ebc39af2a3b9}\\LocalState"}
{"@timestamp":"2020-10-22T12:21:39.854Z","TimeCreated":"2020-10-22T12:21:39.854Z","ProviderGuid":"{5770385f-c22a-43e0-bf4c-06f5698ffbd9}","UtcTime":"2020-10-22 04:21:39.849","ProcessGuid":"{39e4a257-f1b3-5f8b-a700-000000000700}","Image":"C:\\windows\\Explorer.EXE","Level":"4","Channel":"Microsoft-Windows-Sysmon/Operational","Task":"12","RuleName":"-","SourceName":"Microsoft-Windows-Sysmon","Hostname":"WORKSTATION5","ProcessId":"1072","EventType":"CreateKey","EventID":12,"Keywords":"0x8000000000000000","TargetObject":"HKU\\S-1-5-21-3940915590-64593676-1414006259-500_Classes\\Local Settings\\Software\\Microsoft\\Windows\\CurrentVersion\\AppModel\\SystemAppData\\Microsoft.WindowsCalculator_8wekyb3d8bbwe\\ApplicationFrame\\Microsoft.WindowsCalculator_8wekyb3d8bbwe!App\\PreferredLaunchWindowingMode","Message":"Registry object added or deleted:\r\nRuleName: -\r\nEventType: CreateKey\r\nUtcTime: 2020-10-22 04:21:39.849\r\nProcessGuid: {39e4a257-f1b3-5f8b-a700-000000000700}\r\nProcessId: 1072\r\nImage: C:\\windows\\Explorer.EXE\r\nTargetObject: HKU\\S-1-5-21-3940915590-64593676-1414006259-500_Classes\\Local Settings\\Software\\Microsoft\\Windows\\CurrentVersion\\AppModel\\SystemAppData\\Microsoft.WindowsCalculator_8wekyb3d8bbwe\\ApplicationFrame\\Microsoft.WindowsCalculator_8wekyb3d8bbwe!App\\PreferredLaunchWindowingMode"}
{"@timestamp":"2020-10-22T12:21:39.854Z","TimeCreated":"2020-10-22T12:21:39.854Z","ProviderGuid":"{5770385f-c22a-43e0-bf4c-06f5698ffbd9}","UtcTime":"2020-10-22 04:21:39.849","ProcessGuid":"{39e4a257-f1b3-5f8b-a700-000000000700}","Image":"C:\\windows\\Explorer.EXE","Level":"4","Channel":"Microsoft-Windows-Sysmon/Operational","Task":"13","RuleName":"-","SourceName":"Microsoft-Windows-Sysmon","Hostname":"WORKSTATION5","Details":"DWORD (0x00000000)","ProcessId":"1072","EventType":"SetValue","EventID":13,"Keywords":"0x8000000000000000","TargetObject":"HKU\\S-1-5-21-3940915590-64593676-1414006259-500_Classes\\Local Settings\\Software\\Microsoft\\Windows\\CurrentVersion\\AppModel\\SystemAppData\\Microsoft.WindowsCalculator_8wekyb3d8bbwe\\ApplicationFrame\\Microsoft.WindowsCalculator_8wekyb3d8bbwe!App\\PreferredLaunchWindowingMode\\(Default)","Message":"Registry value set:\r\nRuleName: -\r\nEventType: SetValue\r\nUtcTime: 2020-10-22 04:21:39.849\r\nProcessGuid: {39e4a257-f1b3-5f8b-a700-000000000700}\r\nProcessId: 1072\r\nImage: C:\\windows\\Explorer.EXE\r\nTargetObject: HKU\\S-1-5-21-3940915590-64593676-1414006259-500_Classes\\Local Settings\\Software\\Microsoft\\Windows\\CurrentVersion\\AppModel\\SystemAppData\\Microsoft.WindowsCalculator_8wekyb3d8bbwe\\ApplicationFrame\\Microsoft.WindowsCalculator_8wekyb3d8bbwe!App\\PreferredLaunchWindowingMode\\(Default)\r\nDetails: DWORD (0x00000000)"}
{"@timestamp":"2020-10-22T12:21:39.905Z","TimeCreated":"2020-10-22T12:21:39.905Z","Hashes":"SHA1=3F8DC4B1E3F641D0770BCA555C07F547E4BE24DC,MD5=B1518A05E8EE48DD0C48EC028CD1BDF4,SHA256=D7E1CACB4DA5905E5B897BBE70C4ED27C1C141595E90B85E2831E94FC6A6B2C1,IMPHASH=27A65A4132C074C724CDD85A06C27E97","Signature":"Microsoft Windows","ProviderGuid":"{5770385f-c22a-43e0-bf4c-06f5698ffbd9}","Company":"Microsoft Corporation","UtcTime":"2020-10-22 04:21:39.896","ProcessGuid":"{39e4a257-08d3-5f91-f811-000000000700}","Image":"C:\\Program Files\\WindowsApps\\Microsoft.WindowsCalculator_10.2008.2.0_x64__8wekyb3d8bbwe\\Calculator.exe","ImageLoaded":"C:\\Windows\\System32\\Windows.Globalization.Fontgroups.dll","Level":"4","Channel":"Microsoft-Windows-Sysmon/Operational","Task":"7","RuleName":"-","FileVersion":"10.0.18362.1 (WinBuild.160101.0800)","SourceName":"Microsoft-Windows-Sysmon","Hostname":"WORKSTATION5","ProcessId":"10760","Description":"Fonts Mapping API","SignatureStatus":"Valid","Product":"Microsoft Windows Operating System","EventID":7,"Keywords":"0x8000000000000000","Signed":"true","OriginalFileName":"Windows.Globalization.Fontgroups.dll","Message":"Image loaded:\r\nRuleName: -\r\nUtcTime: 2020-10-22 04:21:39.896\r\nProcessGuid: {39e4a257-08d3-5f91-f811-000000000700}\r\nProcessId: 10760\r\nImage: C:\\Program Files\\WindowsApps\\Microsoft.WindowsCalculator_10.2008.2.0_x64__8wekyb3d8bbwe\\Calculator.exe\r\nImageLoaded: C:\\Windows\\System32\\Windows.Globalization.Fontgroups.dll\r\nFileVersion: 10.0.18362.1 (WinBuild.160101.0800)\r\nDescription: Fonts Mapping API\r\nProduct: Microsoft Windows Operating System\r\nCompany: Microsoft Corporation\r\nOriginalFileName: Windows.Globalization.Fontgroups.dll\r\nHashes: SHA1=3F8DC4B1E3F641D0770BCA555C07F547E4BE24DC,MD5=B1518A05E8EE48DD0C48EC028CD1BDF4,SHA256=D7E1CACB4DA5905E5B897BBE70C4ED27C1C141595E90B85E2831E94FC6A6B2C1,IMPHASH=27A65A4132C074C724CDD85A06C27E97\r\nSigned: true\r\nSignature: Microsoft Windows\r\nSignatureStatus: Valid"}
{"@timestamp":"2020-10-22T12:21:39.908Z","TimeCreated":"2020-10-22T12:21:39.908Z","Hashes":"SHA1=797848253AB77EBE0941F49B86AC8B1EE72CA4DD,MD5=7CCD1B4960B56B8AB2183007FC6C6BE2,SHA256=E0906096E3EB4BDA953D3659E85BE1DA5F80C2AF89C68D74FA0B94D2E15D7385,IMPHASH=934A8180CF993111A93DE86421469AE6","Signature":"Microsoft Windows","ProviderGuid":"{5770385f-c22a-43e0-bf4c-06f5698ffbd9}","Company":"Microsoft Corporation","UtcTime":"2020-10-22 04:21:39.896","ProcessGuid":"{39e4a257-08d3-5f91-f811-000000000700}","Image":"C:\\Program Files\\WindowsApps\\Microsoft.WindowsCalculator_10.2008.2.0_x64__8wekyb3d8bbwe\\Calculator.exe","ImageLoaded":"C:\\Windows\\System32\\fontgroupsoverride.dll","Level":"4","Channel":"Microsoft-Windows-Sysmon/Operational","Task":"7","RuleName":"-","FileVersion":"10.0.18362.1 (WinBuild.160101.0800)","SourceName":"Microsoft-Windows-Sysmon","Hostname":"WORKSTATION5","ProcessId":"10760","Description":"fontgroupsoverride.dll","SignatureStatus":"Valid","Product":"Microsoft Windows Operating System","EventID":7,"Keywords":"0x8000000000000000","Signed":"true","OriginalFileName":"fontgroupsoverride.dll","Message":"Image loaded:\r\nRuleName: -\r\nUtcTime: 2020-10-22 04:21:39.896\r\nProcessGuid: {39e4a257-08d3-5f91-f811-000000000700}\r\nProcessId: 10760\r\nImage: C:\\Program Files\\WindowsApps\\Microsoft.WindowsCalculator_10.2008.2.0_x64__8wekyb3d8bbwe\\Calculator.exe\r\nImageLoaded: C:\\Windows\\System32\\fontgroupsoverride.dll\r\nFileVersion: 10.0.18362.1 (WinBuild.160101.0800)\r\nDescription: fontgroupsoverride.dll\r\nProduct: Microsoft Windows Operating System\r\nCompany: Microsoft Corporation\r\nOriginalFileName: fontgroupsoverride.dll\r\nHashes: SHA1=797848253AB77EBE0941F49B86AC8B1EE72CA4DD,MD5=7CCD1B4960B56B8AB2183007FC6C6BE2,SHA256=E0906096E3EB4BDA953D3659E85BE1DA5F80C2AF89C68D74FA0B94D2E15D7385,IMPHASH=934A8180CF993111A93DE86421469AE6\r\nSigned: true\r\nSignature: Microsoft Windows\r\nSignatureStatus: Valid"}
{"@timestamp":"2020-10-22T12:21:39.911Z","TimeCreated":"2020-10-22T12:21:39.911Z","Hashes":"SHA1=0E78C9317B7430C2378D70746DA695D9C2DF02CA,MD5=C74EB7D0E81B1F820E5295C685701D22,SHA256=BE424F31C0490F440B7D12341CE6E934D7E086F672CA4C8AD9BE2A6EA0071E51,IMPHASH=E5D4990B394A7799DEC74DFD03159DA8","Signature":"Microsoft Windows","ProviderGuid":"{5770385f-c22a-43e0-bf4c-06f5698ffbd9}","Company":"Microsoft Corporation","UtcTime":"2020-10-22 04:21:39.865","ProcessGuid":"{39e4a257-08d3-5f91-f811-000000000700}","Image":"C:\\Program Files\\WindowsApps\\Microsoft.WindowsCalculator_10.2008.2.0_x64__8wekyb3d8bbwe\\Calculator.exe","ImageLoaded":"C:\\Windows\\System32\\Windows.Globalization.dll","Level":"4","Channel":"Microsoft-Windows-Sysmon/Operational","Task":"7","RuleName":"-","FileVersion":"10.0.18362.959 (WinBuild.160101.0800)","SourceName":"Microsoft-Windows-Sysmon","Hostname":"WORKSTATION5","ProcessId":"10760","Description":"Windows Globalization","SignatureStatus":"Valid","Product":"Microsoft Windows Operating System","EventID":7,"Keywords":"0x8000000000000000","Signed":"true","OriginalFileName":"Windows.Globalization.dll","Message":"Image loaded:\r\nRuleName: -\r\nUtcTime: 2020-10-22 04:21:39.865\r\nProcessGuid: {39e4a257-08d3-5f91-f811-000000000700}\r\nProcessId: 10760\r\nImage: C:\\Program Files\\WindowsApps\\Microsoft.WindowsCalculator_10.2008.2.0_x64__8wekyb3d8bbwe\\Calculator.exe\r\nImageLoaded: C:\\Windows\\System32\\Windows.Globalization.dll\r\nFileVersion: 10.0.18362.959 (WinBuild.160101.0800)\r\nDescription: Windows Globalization\r\nProduct: Microsoft Windows Operating System\r\nCompany: Microsoft Corporation\r\nOriginalFileName: Windows.Globalization.dll\r\nHashes: SHA1=0E78C9317B7430C2378D70746DA695D9C2DF02CA,MD5=C74EB7D0E81B1F820E5295C685701D22,SHA256=BE424F31C0490F440B7D12341CE6E934D7E086F672CA4C8AD9BE2A6EA0071E51,IMPHASH=E5D4990B394A7799DEC74DFD03159DA8\r\nSigned: true\r\nSignature: Microsoft Windows\r\nSignatureStatus: Valid"}
{"@timestamp":"2020-10-22T12:21:39.968Z","TimeCreated":"2020-10-22T12:21:39.968Z","Hashes":"SHA1=237F5710282A58842962AB4407C962F7E603C8A1,MD5=59AC7AF17974F19C71AF61F6A9DDDE56,SHA256=E29112AFA82DE0E2F5C0089DA4501350BF4DBB79D6B73C67F4CDF06E4819BC4C,IMPHASH=B7415E1FF71997B16015D596DB1C81E4","Signature":"Microsoft Windows","ProviderGuid":"{5770385f-c22a-43e0-bf4c-06f5698ffbd9}","Company":"Microsoft Corporation","UtcTime":"2020-10-22 04:21:39.959","ProcessGuid":"{39e4a257-08d3-5f91-f811-000000000700}","Image":"C:\\Program Files\\WindowsApps\\Microsoft.WindowsCalculator_10.2008.2.0_x64__8wekyb3d8bbwe\\Calculator.exe","ImageLoaded":"C:\\Windows\\System32\\Windows.UI.Xaml.Controls.dll","Level":"4","Channel":"Microsoft-Windows-Sysmon/Operational","Task":"7","RuleName":"-","FileVersion":"10.0.18362.1 (WinBuild.160101.0800)","SourceName":"Microsoft-Windows-Sysmon","Hostname":"WORKSTATION5","ProcessId":"10760","Description":"Windows.UI.Xaml.Controls","SignatureStatus":"Valid","Product":"Microsoft Windows Operating System","EventID":7,"Keywords":"0x8000000000000000","Signed":"true","OriginalFileName":"Windows.UI.Xaml.Controls.dll","Message":"Image loaded:\r\nRuleName: -\r\nUtcTime: 2020-10-22 04:21:39.959\r\nProcessGuid: {39e4a257-08d3-5f91-f811-000000000700}\r\nProcessId: 10760\r\nImage: C:\\Program Files\\WindowsApps\\Microsoft.WindowsCalculator_10.2008.2.0_x64__8wekyb3d8bbwe\\Calculator.exe\r\nImageLoaded: C:\\Windows\\System32\\Windows.UI.Xaml.Controls.dll\r\nFileVersion: 10.0.18362.1 (WinBuild.160101.0800)\r\nDescription: Windows.UI.Xaml.Controls\r\nProduct: Microsoft Windows Operating System\r\nCompany: Microsoft Corporation\r\nOriginalFileName: Windows.UI.Xaml.Controls.dll\r\nHashes: SHA1=237F5710282A58842962AB4407C962F7E603C8A1,MD5=59AC7AF17974F19C71AF61F6A9DDDE56,SHA256=E29112AFA82DE0E2F5C0089DA4501350BF4DBB79D6B73C67F4CDF06E4819BC4C,IMPHASH=B7415E1FF71997B16015D596DB1C81E4\r\nSigned: true\r\nSignature: Microsoft Windows\r\nSignatureStatus: Valid"}
{"@timestamp":"2020-10-22T12:21:39.979Z","TimeCreated":"2020-10-22T12:21:39.979Z","ProviderGuid":"{5770385f-c22a-43e0-bf4c-06f5698ffbd9}","UtcTime":"2020-10-22 04:21:39.974","ProcessGuid":"{39e4a257-08d3-5f91-f811-000000000700}","Image":"C:\\Program Files\\WindowsApps\\Microsoft.WindowsCalculator_10.2008.2.0_x64__8wekyb3d8bbwe\\Calculator.exe","Level":"4","Channel":"Microsoft-Windows-Sysmon/Operational","Task":"12","RuleName":"-","SourceName":"Microsoft-Windows-Sysmon","Hostname":"WORKSTATION5","ProcessId":"10760","EventType":"CreateKey","EventID":12,"Keywords":"0x8000000000000000","TargetObject":"\\REGISTRY\\A\\{66ccf6d2-4eed-a800-48e6-ebc39af2a3b9}\\LocalState","Message":"Registry object added or deleted:\r\nRuleName: -\r\nEventType: CreateKey\r\nUtcTime: 2020-10-22 04:21:39.974\r\nProcessGuid: {39e4a257-08d3-5f91-f811-000000000700}\r\nProcessId: 10760\r\nImage: C:\\Program Files\\WindowsApps\\Microsoft.WindowsCalculator_10.2008.2.0_x64__8wekyb3d8bbwe\\Calculator.exe\r\nTargetObject: \\REGISTRY\\A\\{66ccf6d2-4eed-a800-48e6-ebc39af2a3b9}\\LocalState"}
{"@timestamp":"2020-10-22T12:21:39.989Z","TimeCreated":"2020-10-22T12:21:39.989Z","ProviderGuid":"{5770385f-c22a-43e0-bf4c-06f5698ffbd9}","UtcTime":"2020-10-22 04:21:39.974","ProcessGuid":"{39e4a257-08d3-5f91-f811-000000000700}","Image":"C:\\Program Files\\WindowsApps\\Microsoft.WindowsCalculator_10.2008.2.0_x64__8wekyb3d8bbwe\\Calculator.exe","Level":"4","Channel":"Microsoft-Windows-Sysmon/Operational","Task":"12","RuleName":"-","SourceName":"Microsoft-Windows-Sysmon","Hostname":"WORKSTATION5","ProcessId":"10760","EventType":"CreateKey","EventID":12,"Keywords":"0x8000000000000000","TargetObject":"\\REGISTRY\\A\\{66ccf6d2-4eed-a800-48e6-ebc39af2a3b9}\\LocalState","Message":"Registry object added or deleted:\r\nRuleName: -\r\nEventType: CreateKey\r\nUtcTime: 2020-10-22 04:21:39.974\r\nProcessGuid: {39e4a257-08d3-5f91-f811-000000000700}\r\nProcessId: 10760\r\nImage: C:\\Program Files\\WindowsApps\\Microsoft.WindowsCalculator_10.2008.2.0_x64__8wekyb3d8bbwe\\Calculator.exe\r\nTargetObject: \\REGISTRY\\A\\{66ccf6d2-4eed-a800-48e6-ebc39af2a3b9}\\LocalState"}
{"@timestamp":"2020-10-22T12:21:39.989Z","TimeCreated":"2020-10-22T12:21:39.989Z","ProviderGuid":"{5770385f-c22a-43e0-bf4c-06f5698ffbd9}","UtcTime":"2020-10-22 04:21:39.974","ProcessGuid":"{39e4a257-08d3-5f91-f811-000000000700}","Image":"C:\\Program Files\\WindowsApps\\Microsoft.WindowsCalculator_10.2008.2.0_x64__8wekyb3d8bbwe\\Calculator.exe","Level":"4","Channel":"Microsoft-Windows-Sysmon/Operational","Task":"13","RuleName":"-","SourceName":"Microsoft-Windows-Sysmon","Hostname":"WORKSTATION5","Details":"Binary Data","ProcessId":"10760","EventType":"SetValue","EventID":13,"Keywords":"0x8000000000000000","TargetObject":"\\REGISTRY\\A\\{66ccf6d2-4eed-a800-48e6-ebc39af2a3b9}\\LocalState\\Mode","Message":"Registry value set:\r\nRuleName: -\r\nEventType: SetValue\r\nUtcTime: 2020-10-22 04:21:39.974\r\nProcessGuid: {39e4a257-08d3-5f91-f811-000000000700}\r\nProcessId: 10760\r\nImage: C:\\Program Files\\WindowsApps\\Microsoft.WindowsCalculator_10.2008.2.0_x64__8wekyb3d8bbwe\\Calculator.exe\r\nTargetObject: \\REGISTRY\\A\\{66ccf6d2-4eed-a800-48e6-ebc39af2a3b9}\\LocalState\\Mode\r\nDetails: Binary Data"}
{"@timestamp":"2020-10-22T12:21:39.999Z","TimeCreated":"2020-10-22T12:21:39.999Z","Hashes":"SHA1=C54E642D6AF606A04E00D3945F709C7BC6464B01,MD5=10B28B901B4EE7F929B67E091FDC7457,SHA256=604451B38F490E204C8754AE2E369B28325A11FC157009FC178A037DA048EF79,IMPHASH=4F8F8552D7B650004719E52B860F539A","Signature":"Microsoft Windows","ProviderGuid":"{5770385f-c22a-43e0-bf4c-06f5698ffbd9}","Company":"Microsoft Corporation","UtcTime":"2020-10-22 04:21:39.990","ProcessGuid":"{39e4a257-08d3-5f91-f811-000000000700}","Image":"C:\\Program Files\\WindowsApps\\Microsoft.WindowsCalculator_10.2008.2.0_x64__8wekyb3d8bbwe\\Calculator.exe","ImageLoaded":"C:\\Windows\\System32\\WinRtTracing.dll","Level":"4","Channel":"Microsoft-Windows-Sysmon/Operational","Task":"7","RuleName":"-","FileVersion":"10.0.18362.1 (WinBuild.160101.0800)","SourceName":"Microsoft-Windows-Sysmon","Hostname":"WORKSTATION5","ProcessId":"10760","Description":"Windows Diagnostics Tracing","SignatureStatus":"Valid","Product":"Microsoft Windows Operating System","EventID":7,"Keywords":"0x8000000000000000","Signed":"true","OriginalFileName":"WinRtTracing.dll","Message":"Image loaded:\r\nRuleName: -\r\nUtcTime: 2020-10-22 04:21:39.990\r\nProcessGuid: {39e4a257-08d3-5f91-f811-000000000700}\r\nProcessId: 10760\r\nImage: C:\\Program Files\\WindowsApps\\Microsoft.WindowsCalculator_10.2008.2.0_x64__8wekyb3d8bbwe\\Calculator.exe\r\nImageLoaded: C:\\Windows\\System32\\WinRtTracing.dll\r\nFileVersion: 10.0.18362.1 (WinBuild.160101.0800)\r\nDescription: Windows Diagnostics Tracing\r\nProduct: Microsoft Windows Operating System\r\nCompany: Microsoft Corporation\r\nOriginalFileName: WinRtTracing.dll\r\nHashes: SHA1=C54E642D6AF606A04E00D3945F709C7BC6464B01,MD5=10B28B901B4EE7F929B67E091FDC7457,SHA256=604451B38F490E204C8754AE2E369B28325A11FC157009FC178A037DA048EF79,IMPHASH=4F8F8552D7B650004719E52B860F539A\r\nSigned: true\r\nSignature: Microsoft Windows\r\nSignatureStatus: Valid"}
{"@timestamp":"2020-10-22T12:21:40.000Z","TimeCreated":"2020-10-22T12:21:40.000Z","Hashes":"SHA1=3CF17A6C80E914312961A46C139C1945C72595A3,MD5=AC13BEA48E654407F94C31B2A4C68CA7,SHA256=E95A0D6F74E5D49A0C93335C64C136ABDF63FFB406FE542DA0E475D7C9F4AF16,IMPHASH=D5519F919E5229B4E7E77970D9EFAC49","Signature":"-","ProviderGuid":"{5770385f-c22a-43e0-bf4c-06f5698ffbd9}","Company":"-","UtcTime":"2020-10-22 04:21:39.990","ProcessGuid":"{39e4a257-08d3-5f91-f811-000000000700}","Image":"C:\\Program Files\\WindowsApps\\Microsoft.WindowsCalculator_10.2008.2.0_x64__8wekyb3d8bbwe\\Calculator.exe","ImageLoaded":"C:\\Program Files\\WindowsApps\\Microsoft.WindowsCalculator_10.2008.2.0_x64__8wekyb3d8bbwe\\TraceLogging.dll","Level":"4","Channel":"Microsoft-Windows-Sysmon/Operational","Task":"7","RuleName":"-","FileVersion":"-","SourceName":"Microsoft-Windows-Sysmon","Hostname":"WORKSTATION5","ProcessId":"10760","Description":"-","SignatureStatus":"Unavailable","Product":"-","EventID":7,"Keywords":"0x8000000000000000","Signed":"false","OriginalFileName":"-","Message":"Image loaded:\r\nRuleName: -\r\nUtcTime: 2020-10-22 04:21:39.990\r\nProcessGuid: {39e4a257-08d3-5f91-f811-000000000700}\r\nProcessId: 10760\r\nImage: C:\\Program Files\\WindowsApps\\Microsoft.WindowsCalculator_10.2008.2.0_x64__8wekyb3d8bbwe\\Calculator.exe\r\nImageLoaded: C:\\Program Files\\WindowsApps\\Microsoft.WindowsCalculator_10.2008.2.0_x64__8wekyb3d8bbwe\\TraceLogging.dll\r\nFileVersion: -\r\nDescription: -\r\nProduct: -\r\nCompany: -\r\nOriginalFileName: -\r\nHashes: SHA1=3CF17A6C80E914312961A46C139C1945C72595A3,MD5=AC13BEA48E654407F94C31B2A4C68CA7,SHA256=E95A0D6F74E5D49A0C93335C64C136ABDF63FFB406FE542DA0E475D7C9F4AF16,IMPHASH=D5519F919E5229B4E7E77970D9EFAC49\r\nSigned: false\r\nSignature: -\r\nSignatureStatus: Unavailable"}
{"@timestamp":"2020-10-22T12:21:40.001Z","TimeCreated":"2020-10-22T12:21:40.001Z","Hashes":"SHA1=7ECC71CB7CE9147DD657AB1AE35886BA7DC756B4,MD5=F6C3A9388EAA0F34A4F96B21C0758FD2,SHA256=922455AD67DB41092375EEBF257F2FAF7C4533F7D387C3BE148EC46314FE765F,IMPHASH=B27E185C2CB3C781CFC023BF7643672A","Signature":"Microsoft Windows","ProviderGuid":"{5770385f-c22a-43e0-bf4c-06f5698ffbd9}","Company":"Microsoft Corporation","UtcTime":"2020-10-22 04:21:39.990","ProcessGuid":"{39e4a257-08d3-5f91-f811-000000000700}","Image":"C:\\Program Files\\WindowsApps\\Microsoft.WindowsCalculator_10.2008.2.0_x64__8wekyb3d8bbwe\\Calculator.exe","ImageLoaded":"C:\\Windows\\System32\\logoncli.dll","Level":"4","Channel":"Microsoft-Windows-Sysmon/Operational","Task":"7","RuleName":"-","FileVersion":"10.0.18362.959 (WinBuild.160101.0800)","SourceName":"Microsoft-Windows-Sysmon","Hostname":"WORKSTATION5","ProcessId":"10760","Description":"Net Logon Client DLL","SignatureStatus":"Valid","Product":"Microsoft Windows Operating System","EventID":7,"Keywords":"0x8000000000000000","Signed":"true","OriginalFileName":"LOGONCLI.DLL","Message":"Image loaded:\r\nRuleName: -\r\nUtcTime: 2020-10-22 04:21:39.990\r\nProcessGuid: {39e4a257-08d3-5f91-f811-000000000700}\r\nProcessId: 10760\r\nImage: C:\\Program Files\\WindowsApps\\Microsoft.WindowsCalculator_10.2008.2.0_x64__8wekyb3d8bbwe\\Calculator.exe\r\nImageLoaded: C:\\Windows\\System32\\logoncli.dll\r\nFileVersion: 10.0.18362.959 (WinBuild.160101.0800)\r\nDescription: Net Logon Client DLL\r\nProduct: Microsoft Windows Operating System\r\nCompany: Microsoft Corporation\r\nOriginalFileName: LOGONCLI.DLL\r\nHashes: SHA1=7ECC71CB7CE9147DD657AB1AE35886BA7DC756B4,MD5=F6C3A9388EAA0F34A4F96B21C0758FD2,SHA256=922455AD67DB41092375EEBF257F2FAF7C4533F7D387C3BE148EC46314FE765F,IMPHASH=B27E185C2CB3C781CFC023BF7643672A\r\nSigned: true\r\nSignature: Microsoft Windows\r\nSignatureStatus: Valid"}
{"@timestamp":"2020-10-22T12:21:40.026Z","TimeCreated":"2020-10-22T12:21:40.026Z","Hashes":"SHA1=FD6864087B28C8417DA252CC5AFC118DD45FFF7C,MD5=C23B86F1635BDCF7B0377248EF56A90C,SHA256=6D01DB032DB6FC08378BB20846CAC97F9BADE539427959D2FCF5C059A9F17526,IMPHASH=5E85F96962C3D3E04845E511121EBFC9","Signature":"Microsoft Windows","ProviderGuid":"{5770385f-c22a-43e0-bf4c-06f5698ffbd9}","Company":"Microsoft Corporation","UtcTime":"2020-10-22 04:21:40.021","ProcessGuid":"{39e4a257-08d3-5f91-f811-000000000700}","Image":"C:\\Program Files\\WindowsApps\\Microsoft.WindowsCalculator_10.2008.2.0_x64__8wekyb3d8bbwe\\Calculator.exe","ImageLoaded":"C:\\Windows\\System32\\Windows.UI.Xaml.Phone.dll","Level":"4","Channel":"Microsoft-Windows-Sysmon/Operational","Task":"7","RuleName":"-","FileVersion":"10.0.18362.1 (WinBuild.160101.0800)","SourceName":"Microsoft-Windows-Sysmon","Hostname":"WORKSTATION5","ProcessId":"10760","Description":"Windows UI XAML Phone API","SignatureStatus":"Valid","Product":"Microsoft Windows Operating System","EventID":7,"Keywords":"0x8000000000000000","Signed":"true","OriginalFileName":"Windows.UI.XAML.Phone.dll","Message":"Image loaded:\r\nRuleName: -\r\nUtcTime: 2020-10-22 04:21:40.021\r\nProcessGuid: {39e4a257-08d3-5f91-f811-000000000700}\r\nProcessId: 10760\r\nImage: C:\\Program Files\\WindowsApps\\Microsoft.WindowsCalculator_10.2008.2.0_x64__8wekyb3d8bbwe\\Calculator.exe\r\nImageLoaded: C:\\Windows\\System32\\Windows.UI.Xaml.Phone.dll\r\nFileVersion: 10.0.18362.1 (WinBuild.160101.0800)\r\nDescription: Windows UI XAML Phone API\r\nProduct: Microsoft Windows Operating System\r\nCompany: Microsoft Corporation\r\nOriginalFileName: Windows.UI.XAML.Phone.dll\r\nHashes: SHA1=FD6864087B28C8417DA252CC5AFC118DD45FFF7C,MD5=C23B86F1635BDCF7B0377248EF56A90C,SHA256=6D01DB032DB6FC08378BB20846CAC97F9BADE539427959D2FCF5C059A9F17526,IMPHASH=5E85F96962C3D3E04845E511121EBFC9\r\nSigned: true\r\nSignature: Microsoft Windows\r\nSignatureStatus: Valid"}
{"@timestamp":"2020-10-22T12:21:40.035Z","TimeCreated":"2020-10-22T12:21:40.035Z","Hashes":"SHA1=24D99D050DB552F281A737BDCDB0485ECFDF60A5,MD5=9C12A5015C6647A1681F9EBACDC3CF46,SHA256=E08A83D957EC427DEE37FCC2EDD482690BFEBC9D2647F7D8E4C5D28688A8B018,IMPHASH=308F4527DD05BBF91CADC6D7DED7EF4E","Signature":"Microsoft Windows","ProviderGuid":"{5770385f-c22a-43e0-bf4c-06f5698ffbd9}","Company":"Microsoft Corporation","UtcTime":"2020-10-22 04:21:40.021","ProcessGuid":"{39e4a257-08d3-5f91-f811-000000000700}","Image":"C:\\Program Files\\WindowsApps\\Microsoft.WindowsCalculator_10.2008.2.0_x64__8wekyb3d8bbwe\\Calculator.exe","ImageLoaded":"C:\\Windows\\System32\\Windows.Graphics.dll","Level":"4","Channel":"Microsoft-Windows-Sysmon/Operational","Task":"7","RuleName":"-","FileVersion":"10.0.18362.959 (WinBuild.160101.0800)","SourceName":"Microsoft-Windows-Sysmon","Hostname":"WORKSTATION5","ProcessId":"10760","Description":"WinRT Windows Graphics DLL","SignatureStatus":"Valid","Product":"Microsoft Windows Operating System","EventID":7,"Keywords":"0x8000000000000000","Signed":"true","OriginalFileName":"Windows.Graphics.dll","Message":"Image loaded:\r\nRuleName: -\r\nUtcTime: 2020-10-22 04:21:40.021\r\nProcessGuid: {39e4a257-08d3-5f91-f811-000000000700}\r\nProcessId: 10760\r\nImage: C:\\Program Files\\WindowsApps\\Microsoft.WindowsCalculator_10.2008.2.0_x64__8wekyb3d8bbwe\\Calculator.exe\r\nImageLoaded: C:\\Windows\\System32\\Windows.Graphics.dll\r\nFileVersion: 10.0.18362.959 (WinBuild.160101.0800)\r\nDescription: WinRT Windows Graphics DLL\r\nProduct: Microsoft Windows Operating System\r\nCompany: Microsoft Corporation\r\nOriginalFileName: Windows.Graphics.dll\r\nHashes: SHA1=24D99D050DB552F281A737BDCDB0485ECFDF60A5,MD5=9C12A5015C6647A1681F9EBACDC3CF46,SHA256=E08A83D957EC427DEE37FCC2EDD482690BFEBC9D2647F7D8E4C5D28688A8B018,IMPHASH=308F4527DD05BBF91CADC6D7DED7EF4E\r\nSigned: true\r\nSignature: Microsoft Windows\r\nSignatureStatus: Valid"}
{"@timestamp":"2020-10-22T12:21:40.042Z","TimeCreated":"2020-10-22T12:21:40.042Z","Hashes":"SHA1=1FCB78E84AFB560E12085A6F78B4270A221C8D09,MD5=82AAFBAC3D504DA2732A179CBA193542,SHA256=6EC48E5FE4C86D6F2E33580841647F9818B6D529E7BBB46357DF44FC1C44AD6C,IMPHASH=C0ACAF5763B736463CF19A543F681D15","Signature":"Microsoft Windows","ProviderGuid":"{5770385f-c22a-43e0-bf4c-06f5698ffbd9}","Company":"Microsoft Corporation","UtcTime":"2020-10-22 04:21:40.037","ProcessGuid":"{39e4a257-08d3-5f91-f811-000000000700}","Image":"C:\\Program Files\\WindowsApps\\Microsoft.WindowsCalculator_10.2008.2.0_x64__8wekyb3d8bbwe\\Calculator.exe","ImageLoaded":"C:\\Windows\\System32\\Windows.ApplicationModel.dll","Level":"4","Channel":"Microsoft-Windows-Sysmon/Operational","Task":"7","RuleName":"-","FileVersion":"10.0.18362.959 (WinBuild.160101.0800)","SourceName":"Microsoft-Windows-Sysmon","Hostname":"WORKSTATION5","ProcessId":"10760","Description":"Windows ApplicationModel API Server","SignatureStatus":"Valid","Product":"Microsoft Windows Operating System","EventID":7,"Keywords":"0x8000000000000000","Signed":"true","OriginalFileName":"Windows.ApplicationModel.dll","Message":"Image loaded:\r\nRuleName: -\r\nUtcTime: 2020-10-22 04:21:40.037\r\nProcessGuid: {39e4a257-08d3-5f91-f811-000000000700}\r\nProcessId: 10760\r\nImage: C:\\Program Files\\WindowsApps\\Microsoft.WindowsCalculator_10.2008.2.0_x64__8wekyb3d8bbwe\\Calculator.exe\r\nImageLoaded: C:\\Windows\\System32\\Windows.ApplicationModel.dll\r\nFileVersion: 10.0.18362.959 (WinBuild.160101.0800)\r\nDescription: Windows ApplicationModel API Server\r\nProduct: Microsoft Windows Operating System\r\nCompany: Microsoft Corporation\r\nOriginalFileName: Windows.ApplicationModel.dll\r\nHashes: SHA1=1FCB78E84AFB560E12085A6F78B4270A221C8D09,MD5=82AAFBAC3D504DA2732A179CBA193542,SHA256=6EC48E5FE4C86D6F2E33580841647F9818B6D529E7BBB46357DF44FC1C44AD6C,IMPHASH=C0ACAF5763B736463CF19A543F681D15\r\nSigned: true\r\nSignature: Microsoft Windows\r\nSignatureStatus: Valid"}
{"@timestamp":"2020-10-22T12:21:40.046Z","TimeCreated":"2020-10-22T12:21:40.046Z","Hashes":"SHA1=9C8AAA2196A4C9A35C02BBD0007D693F8035187F,MD5=8BB9C3FF56F11E5DC5F8F83E8EC3A638,SHA256=9960BE742BDEF8AA6E790DE4ED36D2844E19480312F422275DFFA8842F93C581,IMPHASH=045F4C338E5F179292FC6D67E19F57B2","Signature":"Microsoft Windows","ProviderGuid":"{5770385f-c22a-43e0-bf4c-06f5698ffbd9}","Company":"Microsoft Corporation","UtcTime":"2020-10-22 04:21:40.037","ProcessGuid":"{39e4a257-08d3-5f91-f811-000000000700}","Image":"C:\\Program Files\\WindowsApps\\Microsoft.WindowsCalculator_10.2008.2.0_x64__8wekyb3d8bbwe\\Calculator.exe","ImageLoaded":"C:\\Windows\\System32\\Windows.Energy.dll","Level":"4","Channel":"Microsoft-Windows-Sysmon/Operational","Task":"7","RuleName":"-","FileVersion":"10.0.18362.959 (WinBuild.160101.0800)","SourceName":"Microsoft-Windows-Sysmon","Hostname":"WORKSTATION5","ProcessId":"10760","Description":"Windows Energy Runtime DLL","SignatureStatus":"Valid","Product":"Microsoft Windows Operating System","EventID":7,"Keywords":"0x8000000000000000","Signed":"true","OriginalFileName":"Windows.Energy.dll","Message":"Image loaded:\r\nRuleName: -\r\nUtcTime: 2020-10-22 04:21:40.037\r\nProcessGuid: {39e4a257-08d3-5f91-f811-000000000700}\r\nProcessId: 10760\r\nImage: C:\\Program Files\\WindowsApps\\Microsoft.WindowsCalculator_10.2008.2.0_x64__8wekyb3d8bbwe\\Calculator.exe\r\nImageLoaded: C:\\Windows\\System32\\Windows.Energy.dll\r\nFileVersion: 10.0.18362.959 (WinBuild.160101.0800)\r\nDescription: Windows Energy Runtime DLL\r\nProduct: Microsoft Windows Operating System\r\nCompany: Microsoft Corporation\r\nOriginalFileName: Windows.Energy.dll\r\nHashes: SHA1=9C8AAA2196A4C9A35C02BBD0007D693F8035187F,MD5=8BB9C3FF56F11E5DC5F8F83E8EC3A638,SHA256=9960BE742BDEF8AA6E790DE4ED36D2844E19480312F422275DFFA8842F93C581,IMPHASH=045F4C338E5F179292FC6D67E19F57B2\r\nSigned: true\r\nSignature: Microsoft Windows\r\nSignatureStatus: Valid"}
{"@timestamp":"2020-10-22T12:21:40.055Z","TimeCreated":"2020-10-22T12:21:40.055Z","ProviderGuid":"{5770385f-c22a-43e0-bf4c-06f5698ffbd9}","UtcTime":"2020-10-22 04:21:40.052","ProcessGuid":"{39e4a257-f1b3-5f8b-a700-000000000700}","Image":"C:\\windows\\Explorer.EXE","Level":"4","Channel":"Microsoft-Windows-Sysmon/Operational","Task":"13","RuleName":"-","SourceName":"Microsoft-Windows-Sysmon","Hostname":"WORKSTATION5","Details":"Binary Data","ProcessId":"1072","EventType":"SetValue","EventID":13,"Keywords":"0x8000000000000000","TargetObject":"HKU\\S-1-5-21-3940915590-64593676-1414006259-500_Classes\\Local Settings\\Software\\Microsoft\\Windows\\CurrentVersion\\AppModel\\SystemAppData\\Microsoft.WindowsCalculator_8wekyb3d8bbwe\\ApplicationFrame\\Microsoft.WindowsCalculator_8wekyb3d8bbwe!App\\PreferredMinSize","Message":"Registry value set:\r\nRuleName: -\r\nEventType: SetValue\r\nUtcTime: 2020-10-22 04:21:40.052\r\nProcessGuid: {39e4a257-f1b3-5f8b-a700-000000000700}\r\nProcessId: 1072\r\nImage: C:\\windows\\Explorer.EXE\r\nTargetObject: HKU\\S-1-5-21-3940915590-64593676-1414006259-500_Classes\\Local Settings\\Software\\Microsoft\\Windows\\CurrentVersion\\AppModel\\SystemAppData\\Microsoft.WindowsCalculator_8wekyb3d8bbwe\\ApplicationFrame\\Microsoft.WindowsCalculator_8wekyb3d8bbwe!App\\PreferredMinSize\r\nDetails: Binary Data"}
{"@timestamp":"2020-10-22T12:21:40.057Z","TimeCreated":"2020-10-22T12:21:40.057Z","Hashes":"SHA1=56E46B30103D2FB683662ECC6BD6DEB557AB5B81,MD5=17AA3AA8D5D7E72E5D0E54BD305C672A,SHA256=4EBDA9EAE100264044E78E3A9ACFB45B91FD34C9C005D6CBE97F6D6FA66491D7,IMPHASH=4A4C04D8868CB33A3B84B044F72599CE","Signature":"Microsoft Windows","ProviderGuid":"{5770385f-c22a-43e0-bf4c-06f5698ffbd9}","Company":"Microsoft Corporation","UtcTime":"2020-10-22 04:21:40.052","ProcessGuid":"{39e4a257-08d3-5f91-f711-000000000700}","Image":"C:\\Windows\\System32\\calc.exe","ImageLoaded":"C:\\Windows\\System32\\MrmCoreR.dll","Level":"4","Channel":"Microsoft-Windows-Sysmon/Operational","Task":"7","RuleName":"-","FileVersion":"10.0.18362.997 (WinBuild.160101.0800)","SourceName":"Microsoft-Windows-Sysmon","Hostname":"WORKSTATION5","ProcessId":"10584","Description":"Microsoft Windows MRM","SignatureStatus":"Valid","Product":"Microsoft Windows Operating System","EventID":7,"Keywords":"0x8000000000000000","Signed":"true","OriginalFileName":"MrmCore.dll","Message":"Image loaded:\r\nRuleName: -\r\nUtcTime: 2020-10-22 04:21:40.052\r\nProcessGuid: {39e4a257-08d3-5f91-f711-000000000700}\r\nProcessId: 10584\r\nImage: C:\\Windows\\System32\\calc.exe\r\nImageLoaded: C:\\Windows\\System32\\MrmCoreR.dll\r\nFileVersion: 10.0.18362.997 (WinBuild.160101.0800)\r\nDescription: Microsoft Windows MRM\r\nProduct: Microsoft Windows Operating System\r\nCompany: Microsoft Corporation\r\nOriginalFileName: MrmCore.dll\r\nHashes: SHA1=56E46B30103D2FB683662ECC6BD6DEB557AB5B81,MD5=17AA3AA8D5D7E72E5D0E54BD305C672A,SHA256=4EBDA9EAE100264044E78E3A9ACFB45B91FD34C9C005D6CBE97F6D6FA66491D7,IMPHASH=4A4C04D8868CB33A3B84B044F72599CE\r\nSigned: true\r\nSignature: Microsoft Windows\r\nSignatureStatus: Valid"}
{"@timestamp":"2020-10-22T12:21:40.058Z","TimeCreated":"2020-10-22T12:21:40.058Z","Hashes":"SHA1=F16896209052CB7261FA4C39599B0BB342CC1A5C,MD5=747802E641AAC823D5EFE144CFB1D124,SHA256=14A02EC3A05C8A627ECA5813E5CE897AAF660A1D2C2CC2E55D91A469C4C02BD4,IMPHASH=75C8C0999A8902E1DCCF45B25458477A","Signature":"Microsoft Windows","ProviderGuid":"{5770385f-c22a-43e0-bf4c-06f5698ffbd9}","Company":"Microsoft Corporation","UtcTime":"2020-10-22 04:21:40.052","ProcessGuid":"{39e4a257-08d3-5f91-f711-000000000700}","Image":"C:\\Windows\\System32\\calc.exe","ImageLoaded":"C:\\Windows\\System32\\Windows.StateRepositoryCore.dll","Level":"4","Channel":"Microsoft-Windows-Sysmon/Operational","Task":"7","RuleName":"-","FileVersion":"10.0.18362.1082 (WinBuild.160101.0800)","SourceName":"Microsoft-Windows-Sysmon","Hostname":"WORKSTATION5","ProcessId":"10584","Description":"Windows StateRepository API Core","SignatureStatus":"Valid","Product":"Microsoft Windows Operating System","EventID":7,"Keywords":"0x8000000000000000","Signed":"true","OriginalFileName":"Windows.StateRepositoryCore.dll","Message":"Image loaded:\r\nRuleName: -\r\nUtcTime: 2020-10-22 04:21:40.052\r\nProcessGuid: {39e4a257-08d3-5f91-f711-000000000700}\r\nProcessId: 10584\r\nImage: C:\\Windows\\System32\\calc.exe\r\nImageLoaded: C:\\Windows\\System32\\Windows.StateRepositoryCore.dll\r\nFileVersion: 10.0.18362.1082 (WinBuild.160101.0800)\r\nDescription: Windows StateRepository API Core\r\nProduct: Microsoft Windows Operating System\r\nCompany: Microsoft Corporation\r\nOriginalFileName: Windows.StateRepositoryCore.dll\r\nHashes: SHA1=F16896209052CB7261FA4C39599B0BB342CC1A5C,MD5=747802E641AAC823D5EFE144CFB1D124,SHA256=14A02EC3A05C8A627ECA5813E5CE897AAF660A1D2C2CC2E55D91A469C4C02BD4,IMPHASH=75C8C0999A8902E1DCCF45B25458477A\r\nSigned: true\r\nSignature: Microsoft Windows\r\nSignatureStatus: Valid"}
{"@timestamp":"2020-10-22T12:21:40.060Z","TimeCreated":"2020-10-22T12:21:40.060Z","Hashes":"SHA1=FA85F040E8244A6930C6A66F4875BA2C01E7173E,MD5=0A52102F9D58E337F43D62A5A29C0434,SHA256=0E4D0AB8085E033C67A265142C6D3E165D583B13AC893DE87A3936F58BDE579B,IMPHASH=72D7A708958F3EB11ACD68D973C393B9","Signature":"Microsoft Windows","ProviderGuid":"{5770385f-c22a-43e0-bf4c-06f5698ffbd9}","Company":"Microsoft Corporation","UtcTime":"2020-10-22 04:21:40.052","ProcessGuid":"{39e4a257-08d3-5f91-f711-000000000700}","Image":"C:\\Windows\\System32\\calc.exe","ImageLoaded":"C:\\Windows\\System32\\AppXDeploymentClient.dll","Level":"4","Channel":"Microsoft-Windows-Sysmon/Operational","Task":"7","RuleName":"-","FileVersion":"10.0.18362.1139 (WinBuild.160101.0800)","SourceName":"Microsoft-Windows-Sysmon","Hostname":"WORKSTATION5","ProcessId":"10584","Description":"AppX Deployment Client DLL","SignatureStatus":"Valid","Product":"Microsoft Windows Operating System","EventID":7,"Keywords":"0x8000000000000000","Signed":"true","OriginalFileName":"AppXDeploymentClient.dll","Message":"Image loaded:\r\nRuleName: -\r\nUtcTime: 2020-10-22 04:21:40.052\r\nProcessGuid: {39e4a257-08d3-5f91-f711-000000000700}\r\nProcessId: 10584\r\nImage: C:\\Windows\\System32\\calc.exe\r\nImageLoaded: C:\\Windows\\System32\\AppXDeploymentClient.dll\r\nFileVersion: 10.0.18362.1139 (WinBuild.160101.0800)\r\nDescription: AppX Deployment Client DLL\r\nProduct: Microsoft Windows Operating System\r\nCompany: Microsoft Corporation\r\nOriginalFileName: AppXDeploymentClient.dll\r\nHashes: SHA1=FA85F040E8244A6930C6A66F4875BA2C01E7173E,MD5=0A52102F9D58E337F43D62A5A29C0434,SHA256=0E4D0AB8085E033C67A265142C6D3E165D583B13AC893DE87A3936F58BDE579B,IMPHASH=72D7A708958F3EB11ACD68D973C393B9\r\nSigned: true\r\nSignature: Microsoft Windows\r\nSignatureStatus: Valid"}
{"@timestamp":"2020-10-22T12:21:40.061Z","TimeCreated":"2020-10-22T12:21:40.061Z","Hashes":"SHA1=47A2EB1D0DF3FF75C43B6AA4F4DD5CF9238AB3C6,MD5=E313A22C1E214AC6DF62A450320F8033,SHA256=E9ECAE2AF644213926735CC9FD94C1A8D98EC7909C73D49748031F64D28126BA,IMPHASH=4C3FA874E14BCE243EC9E5BA9E661936","Signature":"Microsoft Windows","ProviderGuid":"{5770385f-c22a-43e0-bf4c-06f5698ffbd9}","Company":"Microsoft Corporation","UtcTime":"2020-10-22 04:21:40.052","ProcessGuid":"{39e4a257-08d3-5f91-f711-000000000700}","Image":"C:\\Windows\\System32\\calc.exe","ImageLoaded":"C:\\Windows\\System32\\StateRepository.Core.dll","Level":"4","Channel":"Microsoft-Windows-Sysmon/Operational","Task":"7","RuleName":"-","FileVersion":"10.0.18362.1082 (WinBuild.160101.0800)","SourceName":"Microsoft-Windows-Sysmon","Hostname":"WORKSTATION5","ProcessId":"10584","Description":"StateRepository Core","SignatureStatus":"Valid","Product":"Microsoft Windows Operating System","EventID":7,"Keywords":"0x8000000000000000","Signed":"true","OriginalFileName":"StateRepository.Core.dll","Message":"Image loaded:\r\nRuleName: -\r\nUtcTime: 2020-10-22 04:21:40.052\r\nProcessGuid: {39e4a257-08d3-5f91-f711-000000000700}\r\nProcessId: 10584\r\nImage: C:\\Windows\\System32\\calc.exe\r\nImageLoaded: C:\\Windows\\System32\\StateRepository.Core.dll\r\nFileVersion: 10.0.18362.1082 (WinBuild.160101.0800)\r\nDescription: StateRepository Core\r\nProduct: Microsoft Windows Operating System\r\nCompany: Microsoft Corporation\r\nOriginalFileName: StateRepository.Core.dll\r\nHashes: SHA1=47A2EB1D0DF3FF75C43B6AA4F4DD5CF9238AB3C6,MD5=E313A22C1E214AC6DF62A450320F8033,SHA256=E9ECAE2AF644213926735CC9FD94C1A8D98EC7909C73D49748031F64D28126BA,IMPHASH=4C3FA874E14BCE243EC9E5BA9E661936\r\nSigned: true\r\nSignature: Microsoft Windows\r\nSignatureStatus: Valid"}
{"@timestamp":"2020-10-22T12:21:40.062Z","TimeCreated":"2020-10-22T12:21:40.062Z","Hashes":"SHA1=940A10C1A22C1A616E86B30CEB3C4A562FF19548,MD5=03DFF3218B9843EAE0AA10311F159122,SHA256=196729DF38DD674C191813371CC50AECCD85C1680F3604F15A4E1A6D3432237E,IMPHASH=F3548AA51508C0CDE208A3E49F4E3355","Signature":"Microsoft Windows","ProviderGuid":"{5770385f-c22a-43e0-bf4c-06f5698ffbd9}","Company":"Microsoft Corporation","UtcTime":"2020-10-22 04:21:40.052","ProcessGuid":"{39e4a257-08d3-5f91-f711-000000000700}","Image":"C:\\Windows\\System32\\calc.exe","ImageLoaded":"C:\\Windows\\System32\\FirewallAPI.dll","Level":"4","Channel":"Microsoft-Windows-Sysmon/Operational","Task":"7","RuleName":"-","FileVersion":"10.0.18362.900 (WinBuild.160101.0800)","SourceName":"Microsoft-Windows-Sysmon","Hostname":"WORKSTATION5","ProcessId":"10584","Description":"Windows Defender Firewall API","SignatureStatus":"Valid","Product":"Microsoft Windows Operating System","EventID":7,"Keywords":"0x8000000000000000","Signed":"true","OriginalFileName":"FirewallAPI.DLL","Message":"Image loaded:\r\nRuleName: -\r\nUtcTime: 2020-10-22 04:21:40.052\r\nProcessGuid: {39e4a257-08d3-5f91-f711-000000000700}\r\nProcessId: 10584\r\nImage: C:\\Windows\\System32\\calc.exe\r\nImageLoaded: C:\\Windows\\System32\\FirewallAPI.dll\r\nFileVersion: 10.0.18362.900 (WinBuild.160101.0800)\r\nDescription: Windows Defender Firewall API\r\nProduct: Microsoft Windows Operating System\r\nCompany: Microsoft Corporation\r\nOriginalFileName: FirewallAPI.DLL\r\nHashes: SHA1=940A10C1A22C1A616E86B30CEB3C4A562FF19548,MD5=03DFF3218B9843EAE0AA10311F159122,SHA256=196729DF38DD674C191813371CC50AECCD85C1680F3604F15A4E1A6D3432237E,IMPHASH=F3548AA51508C0CDE208A3E49F4E3355\r\nSigned: true\r\nSignature: Microsoft Windows\r\nSignatureStatus: Valid"}
{"@timestamp":"2020-10-22T12:21:40.062Z","TimeCreated":"2020-10-22T12:21:40.062Z","Hashes":"SHA1=F1909EDE6F17B5B31AFA580DFE3C28485CAA2037,MD5=F1286919D541FF93F1174B0B1F1CF7FD,SHA256=3453BD57B23A211FD45A1BBA0EF84FD3B61E174112D16974B9481A0818C372E5,IMPHASH=D8803D749EB329542778B6CC38924BBA","Signature":"Microsoft Windows","ProviderGuid":"{5770385f-c22a-43e0-bf4c-06f5698ffbd9}","Company":"Microsoft Corporation","UtcTime":"2020-10-22 04:21:40.052","ProcessGuid":"{39e4a257-08d3-5f91-f711-000000000700}","Image":"C:\\Windows\\System32\\calc.exe","ImageLoaded":"C:\\Windows\\System32\\dnsapi.dll","Level":"4","Channel":"Microsoft-Windows-Sysmon/Operational","Task":"7","RuleName":"-","FileVersion":"10.0.18362.1082 (WinBuild.160101.0800)","SourceName":"Microsoft-Windows-Sysmon","Hostname":"WORKSTATION5","ProcessId":"10584","Description":"DNS Client API DLL","SignatureStatus":"Valid","Product":"Microsoft Windows Operating System","EventID":7,"Keywords":"0x8000000000000000","Signed":"true","OriginalFileName":"dnsapi","Message":"Image loaded:\r\nRuleName: -\r\nUtcTime: 2020-10-22 04:21:40.052\r\nProcessGuid: {39e4a257-08d3-5f91-f711-000000000700}\r\nProcessId: 10584\r\nImage: C:\\Windows\\System32\\calc.exe\r\nImageLoaded: C:\\Windows\\System32\\dnsapi.dll\r\nFileVersion: 10.0.18362.1082 (WinBuild.160101.0800)\r\nDescription: DNS Client API DLL\r\nProduct: Microsoft Windows Operating System\r\nCompany: Microsoft Corporation\r\nOriginalFileName: dnsapi\r\nHashes: SHA1=F1909EDE6F17B5B31AFA580DFE3C28485CAA2037,MD5=F1286919D541FF93F1174B0B1F1CF7FD,SHA256=3453BD57B23A211FD45A1BBA0EF84FD3B61E174112D16974B9481A0818C372E5,IMPHASH=D8803D749EB329542778B6CC38924BBA\r\nSigned: true\r\nSignature: Microsoft Windows\r\nSignatureStatus: Valid"}
{"@timestamp":"2020-10-22T12:21:40.062Z","TimeCreated":"2020-10-22T12:21:40.062Z","Hashes":"SHA1=0E931ED820C96CCAD23D4AFCB0ACD97C99155D11,MD5=C0F8DA7568D2F1534E0ABB0E69DC3280,SHA256=E419A4BBDF1D5E0601E90BAFC1558DBD7414CD44E098B581C1915EF2C6E38D0B,IMPHASH=70D7A835AF4CA9F98A94AAF1B60BF88F","Signature":"Microsoft Windows","ProviderGuid":"{5770385f-c22a-43e0-bf4c-06f5698ffbd9}","Company":"Microsoft Corporation","UtcTime":"2020-10-22 04:21:40.052","ProcessGuid":"{39e4a257-08d3-5f91-f711-000000000700}","Image":"C:\\Windows\\System32\\calc.exe","ImageLoaded":"C:\\Windows\\System32\\ws2_32.dll","Level":"4","Channel":"Microsoft-Windows-Sysmon/Operational","Task":"7","RuleName":"-","FileVersion":"10.0.18362.387 (WinBuild.160101.0800)","SourceName":"Microsoft-Windows-Sysmon","Hostname":"WORKSTATION5","ProcessId":"10584","Description":"Windows Socket 2.0 32-Bit DLL","SignatureStatus":"Valid","Product":"Microsoft Windows Operating System","EventID":7,"Keywords":"0x8000000000000000","Signed":"true","OriginalFileName":"ws2_32.dll","Message":"Image loaded:\r\nRuleName: -\r\nUtcTime: 2020-10-22 04:21:40.052\r\nProcessGuid: {39e4a257-08d3-5f91-f711-000000000700}\r\nProcessId: 10584\r\nImage: C:\\Windows\\System32\\calc.exe\r\nImageLoaded: C:\\Windows\\System32\\ws2_32.dll\r\nFileVersion: 10.0.18362.387 (WinBuild.160101.0800)\r\nDescription: Windows Socket 2.0 32-Bit DLL\r\nProduct: Microsoft Windows Operating System\r\nCompany: Microsoft Corporation\r\nOriginalFileName: ws2_32.dll\r\nHashes: SHA1=0E931ED820C96CCAD23D4AFCB0ACD97C99155D11,MD5=C0F8DA7568D2F1534E0ABB0E69DC3280,SHA256=E419A4BBDF1D5E0601E90BAFC1558DBD7414CD44E098B581C1915EF2C6E38D0B,IMPHASH=70D7A835AF4CA9F98A94AAF1B60BF88F\r\nSigned: true\r\nSignature: Microsoft Windows\r\nSignatureStatus: Valid"}
{"@timestamp":"2020-10-22T12:21:40.064Z","TimeCreated":"2020-10-22T12:21:40.064Z","Hashes":"SHA1=4118D7E1C3531A1A01FB8924E1A1D470066EEA3F,MD5=9EB93B389D055FA045FC91D2B763B3AC,SHA256=AB620EE31FB65F1A51B2FA28F30BC31329966CB27E3570812138DF99E4D7CC8D,IMPHASH=DEFB8C5BB37FCD63DC790B55724FDE42","Signature":"Microsoft Windows","ProviderGuid":"{5770385f-c22a-43e0-bf4c-06f5698ffbd9}","Company":"Microsoft Corporation","UtcTime":"2020-10-22 04:21:40.052","ProcessGuid":"{39e4a257-08d3-5f91-f711-000000000700}","Image":"C:\\Windows\\System32\\calc.exe","ImageLoaded":"C:\\Windows\\System32\\nsi.dll","Level":"4","Channel":"Microsoft-Windows-Sysmon/Operational","Task":"7","RuleName":"-","FileVersion":"10.0.18362.449 (WinBuild.160101.0800)","SourceName":"Microsoft-Windows-Sysmon","Hostname":"WORKSTATION5","ProcessId":"10584","Description":"NSI User-mode interface DLL","SignatureStatus":"Valid","Product":"Microsoft Windows Operating System","EventID":7,"Keywords":"0x8000000000000000","Signed":"true","OriginalFileName":"nsi.dll","Message":"Image loaded:\r\nRuleName: -\r\nUtcTime: 2020-10-22 04:21:40.052\r\nProcessGuid: {39e4a257-08d3-5f91-f711-000000000700}\r\nProcessId: 10584\r\nImage: C:\\Windows\\System32\\calc.exe\r\nImageLoaded: C:\\Windows\\System32\\nsi.dll\r\nFileVersion: 10.0.18362.449 (WinBuild.160101.0800)\r\nDescription: NSI User-mode interface DLL\r\nProduct: Microsoft Windows Operating System\r\nCompany: Microsoft Corporation\r\nOriginalFileName: nsi.dll\r\nHashes: SHA1=4118D7E1C3531A1A01FB8924E1A1D470066EEA3F,MD5=9EB93B389D055FA045FC91D2B763B3AC,SHA256=AB620EE31FB65F1A51B2FA28F30BC31329966CB27E3570812138DF99E4D7CC8D,IMPHASH=DEFB8C5BB37FCD63DC790B55724FDE42\r\nSigned: true\r\nSignature: Microsoft Windows\r\nSignatureStatus: Valid"}
{"@timestamp":"2020-10-22T12:21:40.065Z","TimeCreated":"2020-10-22T12:21:40.065Z","Hashes":"SHA1=9414EC114C3389E0A7BC2FD986E00946E1A2A299,MD5=3929147A2A34B0902152C7D0F241B02A,SHA256=AD1C5309AA873F6A284EABE382812868E20C3D3D64197F3E6EF9D015EA060CAA,IMPHASH=6EC28633CC4ECB9F457795DD7E00B34B","Signature":"Microsoft Windows","ProviderGuid":"{5770385f-c22a-43e0-bf4c-06f5698ffbd9}","Company":"Microsoft Corporation","UtcTime":"2020-10-22 04:21:40.052","ProcessGuid":"{39e4a257-08d3-5f91-f711-000000000700}","Image":"C:\\Windows\\System32\\calc.exe","ImageLoaded":"C:\\Windows\\System32\\IPHLPAPI.DLL","Level":"4","Channel":"Microsoft-Windows-Sysmon/Operational","Task":"7","RuleName":"-","FileVersion":"10.0.18362.1 (WinBuild.160101.0800)","SourceName":"Microsoft-Windows-Sysmon","Hostname":"WORKSTATION5","ProcessId":"10584","Description":"IP Helper API","SignatureStatus":"Valid","Product":"Microsoft Windows Operating System","EventID":7,"Keywords":"0x8000000000000000","Signed":"true","OriginalFileName":"iphlpapi.dll","Message":"Image loaded:\r\nRuleName: -\r\nUtcTime: 2020-10-22 04:21:40.052\r\nProcessGuid: {39e4a257-08d3-5f91-f711-000000000700}\r\nProcessId: 10584\r\nImage: C:\\Windows\\System32\\calc.exe\r\nImageLoaded: C:\\Windows\\System32\\IPHLPAPI.DLL\r\nFileVersion: 10.0.18362.1 (WinBuild.160101.0800)\r\nDescription: IP Helper API\r\nProduct: Microsoft Windows Operating System\r\nCompany: Microsoft Corporation\r\nOriginalFileName: iphlpapi.dll\r\nHashes: SHA1=9414EC114C3389E0A7BC2FD986E00946E1A2A299,MD5=3929147A2A34B0902152C7D0F241B02A,SHA256=AD1C5309AA873F6A284EABE382812868E20C3D3D64197F3E6EF9D015EA060CAA,IMPHASH=6EC28633CC4ECB9F457795DD7E00B34B\r\nSigned: true\r\nSignature: Microsoft Windows\r\nSignatureStatus: Valid"}
{"@timestamp":"2020-10-22T12:21:40.066Z","TimeCreated":"2020-10-22T12:21:40.066Z","Hashes":"SHA1=817DFAC385923FD53A5680323193E9155E2C6381,MD5=8B4BF2DBBC8D5BA6966771C55378D51E,SHA256=AA0E76ACDB8FA185597842BD77E13260562A2A78483195B031C7D84120F5D657,IMPHASH=42D1B06A98233337DA36316767D9D091","Signature":"Microsoft Windows","ProviderGuid":"{5770385f-c22a-43e0-bf4c-06f5698ffbd9}","Company":"Microsoft Corporation","UtcTime":"2020-10-22 04:21:40.052","ProcessGuid":"{39e4a257-08d3-5f91-f711-000000000700}","Image":"C:\\Windows\\System32\\calc.exe","ImageLoaded":"C:\\Windows\\System32\\fwbase.dll","Level":"4","Channel":"Microsoft-Windows-Sysmon/Operational","Task":"7","RuleName":"-","FileVersion":"10.0.18362.449 (WinBuild.160101.0800)","SourceName":"Microsoft-Windows-Sysmon","Hostname":"WORKSTATION5","ProcessId":"10584","Description":"Firewall Base DLL","SignatureStatus":"Valid","Product":"Microsoft Windows Operating System","EventID":7,"Keywords":"0x8000000000000000","Signed":"true","OriginalFileName":"fwbase.dll","Message":"Image loaded:\r\nRuleName: -\r\nUtcTime: 2020-10-22 04:21:40.052\r\nProcessGuid: {39e4a257-08d3-5f91-f711-000000000700}\r\nProcessId: 10584\r\nImage: C:\\Windows\\System32\\calc.exe\r\nImageLoaded: C:\\Windows\\System32\\fwbase.dll\r\nFileVersion: 10.0.18362.449 (WinBuild.160101.0800)\r\nDescription: Firewall Base DLL\r\nProduct: Microsoft Windows Operating System\r\nCompany: Microsoft Corporation\r\nOriginalFileName: fwbase.dll\r\nHashes: SHA1=817DFAC385923FD53A5680323193E9155E2C6381,MD5=8B4BF2DBBC8D5BA6966771C55378D51E,SHA256=AA0E76ACDB8FA185597842BD77E13260562A2A78483195B031C7D84120F5D657,IMPHASH=42D1B06A98233337DA36316767D9D091\r\nSigned: true\r\nSignature: Microsoft Windows\r\nSignatureStatus: Valid"}
