{"Keywords":"0x8000000000000000","Task":"1","Description":"Windows host process (Rundll32)","CommandLine":"\"C:\\windows\\system32\\rundll32.exe\" Shell32.dll,Control_RunDLL C:\\ProgramData\\calc.cpl","TimeCreated":"2020-10-22T01:31:10.881Z","Product":"Microsoft Windows Operating System","Company":"Microsoft Corporation","OriginalFileName":"RUNDLL32.EXE","User":"WORKSTATION5\\wardog","ParentProcessId":"3632","SourceName":"Microsoft-Windows-Sysmon","IntegrityLevel":"High","ProcessGuid":"{39e4a257-191e-5f91-6012-000000000700}","CurrentDirectory":"C:\\Users\\wardog\\","Hashes":"SHA1=7662A8D2F23C3474DEC6EF8E2B0365B0B86714EE,MD5=F68AF942FD7CCC0E7BAB1A2335D2AD26,SHA256=11064E9EDC605BD5B0C0A505538A0D5FD7DE53883AF342F091687CAE8628ACD0,IMPHASH=F27A7FC3A53E74F45BE370131953896A","UtcTime":"2020-10-22 05:31:10.878","ParentCommandLine":"\"C:\\windows\\system32\\control.exe\" C:\\ProgramData\\calc.cpl","TerminalSessionId":"2","ProcessId":"8140","ParentImage":"C:\\Windows\\System32\\control.exe","FileVersion":"10.0.18362.1 (WinBuild.160101.0800)","ParentProcessGuid":"{39e4a257-191e-5f91-5f12-000000000700}","@timestamp":"2020-10-22T01:31:10.881Z","LogonGuid":"{39e4a257-f1ac-5f8b-d961-0c0000000000}","Image":"C:\\Windows\\System32\\rundll32.exe","Hostname":"WORKSTATION5","LogonId":"0xc61d9","Level":"4","EventID":1,"ProviderGuid":"{5770385f-c22a-43e0-bf4c-06f5698ffbd9}","RuleName":"-","Message":"Process Create:\r\nRuleName: -\r\nUtcTime: 2020-10-22 05:31:10.878\r\nProcessGuid: {39e4a257-191e-5f91-6012-000000000700}\r\nProcessId: 8140\r\nImage: C:\\Windows\\System32\\rundll32.exe\r\nFileVersion: 10.0.18362.1 (WinBuild.160101.0800)\r\nDescription: Windows host process (Rundll32)\r\nProduct: Microsoft Windows Operating System\r\nCompany: Microsoft Corporation\r\nOriginalFileName: RUNDLL32.EXE\r\nCommandLine: \"C:\\windows\\system32\\rundll32.exe\" Shell32.dll,Control_RunDLL C:\\ProgramData\\calc.cpl\r\nCurrentDirectory: C:\\Users\\wardog\\\r\nUser: WORKSTATION5\\wardog\r\nLogonGuid: {39e4a257-f1ac-5f8b-d961-0c0000000000}\r\nLogonId: 0xC61D9\r\nTerminalSessionId: 2\r\nIntegrityLevel: High\r\nHashes: SHA1=7662A8D2F23C3474DEC6EF8E2B0365B0B86714EE,MD5=F68AF942FD7CCC0E7BAB1A2335D2AD26,SHA256=11064E9EDC605BD5B0C0A505538A0D5FD7DE53883AF342F091687CAE8628ACD0,IMPHASH=F27A7FC3A53E74F45BE370131953896A\r\nParentProcessGuid: {39e4a257-191e-5f91-5f12-000000000700}\r\nParentProcessId: 3632\r\nParentImage: C:\\Windows\\System32\\control.exe\r\nParentCommandLine: \"C:\\windows\\system32\\control.exe\" C:\\ProgramData\\calc.cpl","Channel":"Microsoft-Windows-Sysmon/Operational"}
{"GrantedAccess":"0x1fffff","@timestamp":"2020-10-22T01:31:10.881Z","TimeCreated":"2020-10-22T01:31:10.881Z","SourceThreadId":"10044","SourceImage":"C:\\windows\\system32\\control.exe","ProviderGuid":"{5770385f-c22a-43e0-bf4c-06f5698ffbd9}","CallTrace":"C:\\windows\\SYSTEM32\\ntdll.dll+9d934|C:\\windows\\System32\\KERNELBASE.dll+59e1a|C:\\windows\\System32\\KERNELBASE.dll+567b6|C:\\windows\\System32\\KERNEL32.DLL+1bee3|C:\\windows\\System32\\windows.storage.dll+136816|C:\\windows\\System32\\windows.storage.dll+137033|C:\\windows\\System32\\windows.storage.dll+136658|C:\\windows\\System32\\windows.storage.dll+136483|C:\\windows\\System32\\windows.storage.dll+13617d|C:\\windows\\System32\\windows.storage.dll+1443bc|C:\\windows\\System32\\windows.storage.dll+137a4d|C:\\windows\\System32\\windows.storage.dll+146ec9|C:\\windows\\System32\\SHELL32.dll+3bbf2|C:\\windows\\System32\\SHELL32.dll+3a365|C:\\windows\\System32\\SHELL32.dll+36eb3|C:\\windows\\System32\\SHELL32.dll+3758b|C:\\windows\\System32\\SHELL32.dll+372fd|C:\\windows\\system32\\control.exe+1e1e|C:\\windows\\system32\\control.exe+1094|C:\\windows\\system32\\control.exe+14d7|C:\\windows\\System32\\KERNEL32.DLL+17c24|C:\\windows\\SYSTEM32\\ntdll.dll+6cea1","UtcTime":"2020-10-22 05:31:10.879","TargetProcessGUID":"{39e4a257-191e-5f91-6012-000000000700}","SourceProcessId":"3632","Level":"4","Channel":"Microsoft-Windows-Sysmon/Operational","Task":"10","RuleName":"-","SourceName":"Microsoft-Windows-Sysmon","Hostname":"WORKSTATION5","SourceProcessGUID":"{39e4a257-191e-5f91-5f12-000000000700}","TargetProcessId":"8140","EventID":10,"Keywords":"0x8000000000000000","TargetImage":"C:\\windows\\system32\\rundll32.exe","Message":"Process accessed:\r\nRuleName: -\r\nUtcTime: 2020-10-22 05:31:10.879\r\nSourceProcessGUID: {39e4a257-191e-5f91-5f12-000000000700}\r\nSourceProcessId: 3632\r\nSourceThreadId: 10044\r\nSourceImage: C:\\windows\\system32\\control.exe\r\nTargetProcessGUID: {39e4a257-191e-5f91-6012-000000000700}\r\nTargetProcessId: 8140\r\nTargetImage: C:\\windows\\system32\\rundll32.exe\r\nGrantedAccess: 0x1FFFFF\r\nCallTrace: C:\\windows\\SYSTEM32\\ntdll.dll+9d934|C:\\windows\\System32\\KERNELBASE.dll+59e1a|C:\\windows\\System32\\KERNELBASE.dll+567b6|C:\\windows\\System32\\KERNEL32.DLL+1bee3|C:\\windows\\System32\\windows.storage.dll+136816|C:\\windows\\System32\\windows.storage.dll+137033|C:\\windows\\System32\\windows.storage.dll+136658|C:\\windows\\System32\\windows.storage.dll+136483|C:\\windows\\System32\\windows.storage.dll+13617d|C:\\windows\\System32\\windows.storage.dll+1443bc|C:\\windows\\System32\\windows.storage.dll+137a4d|C:\\windows\\System32\\windows.storage.dll+146ec9|C:\\windows\\System32\\SHELL32.dll+3bbf2|C:\\windows\\System32\\SHELL32.dll+3a365|C:\\windows\\System32\\SHELL32.dll+36eb3|C:\\windows\\System32\\SHELL32.dll+3758b|C:\\windows\\System32\\SHELL32.dll+372fd|C:\\windows\\system32\\control.exe+1e1e|C:\\windows\\system32\\control.exe+1094|C:\\windows\\system32\\control.exe+14d7|C:\\windows\\System32\\KERNEL32.DLL+17c24|C:\\windows\\SYSTEM32\\ntdll.dll+6cea1"}
{"GrantedAccess":"0x1fffff","@timestamp":"2020-10-22T01:31:10.881Z","TimeCreated":"2020-10-22T01:31:10.881Z","SourceThreadId":"5756","SourceImage":"C:\\windows\\system32\\csrss.exe","ProviderGuid":"{5770385f-c22a-43e0-bf4c-06f5698ffbd9}","CallTrace":"C:\\windows\\SYSTEM32\\ntdll.dll+9c584|C:\\windows\\system32\\basesrv.DLL+2fba|C:\\windows\\SYSTEM32\\CSRSRV.dll+5af4|C:\\windows\\SYSTEM32\\ntdll.dll+6ceaf","UtcTime":"2020-10-22 05:31:10.879","TargetProcessGUID":"{39e4a257-191e-5f91-6012-000000000700}","SourceProcessId":"5672","Level":"4","Channel":"Microsoft-Windows-Sysmon/Operational","Task":"10","RuleName":"-","SourceName":"Microsoft-Windows-Sysmon","Hostname":"WORKSTATION5","SourceProcessGUID":"{39e4a257-f1a8-5f8b-8d00-000000000700}","TargetProcessId":"8140","EventID":10,"Keywords":"0x8000000000000000","TargetImage":"C:\\windows\\system32\\rundll32.exe","Message":"Process accessed:\r\nRuleName: -\r\nUtcTime: 2020-10-22 05:31:10.879\r\nSourceProcessGUID: {39e4a257-f1a8-5f8b-8d00-000000000700}\r\nSourceProcessId: 5672\r\nSourceThreadId: 5756\r\nSourceImage: C:\\windows\\system32\\csrss.exe\r\nTargetProcessGUID: {39e4a257-191e-5f91-6012-000000000700}\r\nTargetProcessId: 8140\r\nTargetImage: C:\\windows\\system32\\rundll32.exe\r\nGrantedAccess: 0x1FFFFF\r\nCallTrace: C:\\windows\\SYSTEM32\\ntdll.dll+9c584|C:\\windows\\system32\\basesrv.DLL+2fba|C:\\windows\\SYSTEM32\\CSRSRV.dll+5af4|C:\\windows\\SYSTEM32\\ntdll.dll+6ceaf"}
{"@timestamp":"2020-10-22T01:31:10.886Z","TimeCreated":"2020-10-22T01:31:10.886Z","Hashes":"SHA1=48DA5041305C0597E39338E97F10B18C4DF84075,MD5=7CE9D034ED633FF213BABC432DEFFC9E,SHA256=14B0BE646D4B5137B39F921FF891E10046C517A930E60EFED717DC33F1857E50,IMPHASH=A49478069FECE515641415AA10A41618","Signature":"Microsoft Windows","ProviderGuid":"{5770385f-c22a-43e0-bf4c-06f5698ffbd9}","Company":"Microsoft Corporation","UtcTime":"2020-10-22 05:31:10.879","ProcessGuid":"{39e4a257-191e-5f91-5f12-000000000700}","Image":"C:\\Windows\\System32\\control.exe","ImageLoaded":"C:\\Windows\\System32\\mpr.dll","Level":"4","Channel":"Microsoft-Windows-Sysmon/Operational","Task":"7","RuleName":"-","FileVersion":"10.0.18362.1 (WinBuild.160101.0800)","SourceName":"Microsoft-Windows-Sysmon","Hostname":"WORKSTATION5","ProcessId":"3632","Description":"Multiple Provider Router DLL","SignatureStatus":"Valid","Product":"Microsoft Windows Operating System","EventID":7,"Keywords":"0x8000000000000000","Signed":"true","OriginalFileName":"mpr.dll","Message":"Image loaded:\r\nRuleName: -\r\nUtcTime: 2020-10-22 05:31:10.879\r\nProcessGuid: {39e4a257-191e-5f91-5f12-000000000700}\r\nProcessId: 3632\r\nImage: C:\\Windows\\System32\\control.exe\r\nImageLoaded: C:\\Windows\\System32\\mpr.dll\r\nFileVersion: 10.0.18362.1 (WinBuild.160101.0800)\r\nDescription: Multiple Provider Router DLL\r\nProduct: Microsoft Windows Operating System\r\nCompany: Microsoft Corporation\r\nOriginalFileName: mpr.dll\r\nHashes: SHA1=48DA5041305C0597E39338E97F10B18C4DF84075,MD5=7CE9D034ED633FF213BABC432DEFFC9E,SHA256=14B0BE646D4B5137B39F921FF891E10046C517A930E60EFED717DC33F1857E50,IMPHASH=A49478069FECE515641415AA10A41618\r\nSigned: true\r\nSignature: Microsoft Windows\r\nSignatureStatus: Valid"}
{"@timestamp":"2020-10-22T01:31:10.891Z","TimeCreated":"2020-10-22T01:31:10.891Z","Hashes":"SHA1=2006BDF15EAED226CE4FDB5337F7C121C311A0AE,MD5=3051E3AB25FBF0401FCA1A4CF63B2507,SHA256=B9FE6B85C174DB6BCAF0DA9961B9247FC79F0757DB3401AA3184E80BE339CB75,IMPHASH=00000000000000000000000000000000","Signature":"Microsoft Windows","ProviderGuid":"{5770385f-c22a-43e0-bf4c-06f5698ffbd9}","Company":"Microsoft Corporation","UtcTime":"2020-10-22 05:31:10.879","ProcessGuid":"{39e4a257-191e-5f91-6012-000000000700}","Image":"C:\\Windows\\System32\\rundll32.exe","ImageLoaded":"C:\\Windows\\System32\\ntdll.dll","Level":"4","Channel":"Microsoft-Windows-Sysmon/Operational","Task":"7","RuleName":"-","FileVersion":"10.0.18362.1139 (WinBuild.160101.0800)","SourceName":"Microsoft-Windows-Sysmon","Hostname":"WORKSTATION5","ProcessId":"8140","Description":"NT Layer DLL","SignatureStatus":"Valid","Product":"Microsoft Windows Operating System","EventID":7,"Keywords":"0x8000000000000000","Signed":"true","OriginalFileName":"ntdll.dll","Message":"Image loaded:\r\nRuleName: -\r\nUtcTime: 2020-10-22 05:31:10.879\r\nProcessGuid: {39e4a257-191e-5f91-6012-000000000700}\r\nProcessId: 8140\r\nImage: C:\\Windows\\System32\\rundll32.exe\r\nImageLoaded: C:\\Windows\\System32\\ntdll.dll\r\nFileVersion: 10.0.18362.1139 (WinBuild.160101.0800)\r\nDescription: NT Layer DLL\r\nProduct: Microsoft Windows Operating System\r\nCompany: Microsoft Corporation\r\nOriginalFileName: ntdll.dll\r\nHashes: SHA1=2006BDF15EAED226CE4FDB5337F7C121C311A0AE,MD5=3051E3AB25FBF0401FCA1A4CF63B2507,SHA256=B9FE6B85C174DB6BCAF0DA9961B9247FC79F0757DB3401AA3184E80BE339CB75,IMPHASH=00000000000000000000000000000000\r\nSigned: true\r\nSignature: Microsoft Windows\r\nSignatureStatus: Valid"}
{"@timestamp":"2020-10-22T01:31:10.892Z","TimeCreated":"2020-10-22T01:31:10.892Z","Hashes":"SHA1=D207A86541CABC3190BBD5B1CC982F6D7C90051B,MD5=ED906DB51BCB4F5A68606D2683AF44A3,SHA256=DF5CE6E95294579D7D7D16C47CB3DC5C8FA1DB53CCE56091E3496309B0D87536,IMPHASH=D3645703895C4EBB8EA5B9B26816A081","Signature":"Microsoft Windows","ProviderGuid":"{5770385f-c22a-43e0-bf4c-06f5698ffbd9}","Company":"Microsoft Corporation","UtcTime":"2020-10-22 05:31:10.879","ProcessGuid":"{39e4a257-191e-5f91-6012-000000000700}","Image":"C:\\Windows\\System32\\rundll32.exe","ImageLoaded":"C:\\Windows\\System32\\kernel32.dll","Level":"4","Channel":"Microsoft-Windows-Sysmon/Operational","Task":"7","RuleName":"-","FileVersion":"10.0.18362.1110 (WinBuild.160101.0800)","SourceName":"Microsoft-Windows-Sysmon","Hostname":"WORKSTATION5","ProcessId":"8140","Description":"Windows NT BASE API Client DLL","SignatureStatus":"Valid","Product":"Microsoft Windows Operating System","EventID":7,"Keywords":"0x8000000000000000","Signed":"true","OriginalFileName":"kernel32","Message":"Image loaded:\r\nRuleName: -\r\nUtcTime: 2020-10-22 05:31:10.879\r\nProcessGuid: {39e4a257-191e-5f91-6012-000000000700}\r\nProcessId: 8140\r\nImage: C:\\Windows\\System32\\rundll32.exe\r\nImageLoaded: C:\\Windows\\System32\\kernel32.dll\r\nFileVersion: 10.0.18362.1110 (WinBuild.160101.0800)\r\nDescription: Windows NT BASE API Client DLL\r\nProduct: Microsoft Windows Operating System\r\nCompany: Microsoft Corporation\r\nOriginalFileName: kernel32\r\nHashes: SHA1=D207A86541CABC3190BBD5B1CC982F6D7C90051B,MD5=ED906DB51BCB4F5A68606D2683AF44A3,SHA256=DF5CE6E95294579D7D7D16C47CB3DC5C8FA1DB53CCE56091E3496309B0D87536,IMPHASH=D3645703895C4EBB8EA5B9B26816A081\r\nSigned: true\r\nSignature: Microsoft Windows\r\nSignatureStatus: Valid"}
{"@timestamp":"2020-10-22T01:31:10.893Z","TimeCreated":"2020-10-22T01:31:10.893Z","Hashes":"SHA1=48B3741C6497B40F71868EFAAA9EB7A224CB8060,MD5=AEE6D39564EEB18A90C3160215941B46,SHA256=6733FEEA211EA651B5DF46D391825D7861126546AE80A42A4C1E7B1ABD0E4DA5,IMPHASH=16003AF856720C35351BB8C14AD0B0A8","Signature":"Microsoft Windows","ProviderGuid":"{5770385f-c22a-43e0-bf4c-06f5698ffbd9}","Company":"Microsoft Corporation","UtcTime":"2020-10-22 05:31:10.879","ProcessGuid":"{39e4a257-191e-5f91-6012-000000000700}","Image":"C:\\Windows\\System32\\rundll32.exe","ImageLoaded":"C:\\Windows\\System32\\KernelBase.dll","Level":"4","Channel":"Microsoft-Windows-Sysmon/Operational","Task":"7","RuleName":"-","FileVersion":"10.0.18362.1139 (WinBuild.160101.0800)","SourceName":"Microsoft-Windows-Sysmon","Hostname":"WORKSTATION5","ProcessId":"8140","Description":"Windows NT BASE API Client DLL","SignatureStatus":"Valid","Product":"Microsoft Windows Operating System","EventID":7,"Keywords":"0x8000000000000000","Signed":"true","OriginalFileName":"Kernelbase.dll","Message":"Image loaded:\r\nRuleName: -\r\nUtcTime: 2020-10-22 05:31:10.879\r\nProcessGuid: {39e4a257-191e-5f91-6012-000000000700}\r\nProcessId: 8140\r\nImage: C:\\Windows\\System32\\rundll32.exe\r\nImageLoaded: C:\\Windows\\System32\\KernelBase.dll\r\nFileVersion: 10.0.18362.1139 (WinBuild.160101.0800)\r\nDescription: Windows NT BASE API Client DLL\r\nProduct: Microsoft Windows Operating System\r\nCompany: Microsoft Corporation\r\nOriginalFileName: Kernelbase.dll\r\nHashes: SHA1=48B3741C6497B40F71868EFAAA9EB7A224CB8060,MD5=AEE6D39564EEB18A90C3160215941B46,SHA256=6733FEEA211EA651B5DF46D391825D7861126546AE80A42A4C1E7B1ABD0E4DA5,IMPHASH=16003AF856720C35351BB8C14AD0B0A8\r\nSigned: true\r\nSignature: Microsoft Windows\r\nSignatureStatus: Valid"}
{"@timestamp":"2020-10-22T01:31:10.894Z","TimeCreated":"2020-10-22T01:31:10.894Z","Hashes":"SHA1=D56D2A45ED35DA350EA8ABEC2DD3444797FFCF56,MD5=73519A55863CCBA43EF814C3D16BA8AA,SHA256=E72E76CB39A896F4ED087B6FED7DB4CA302BC0C76725AF9EEC28158120FD5370,IMPHASH=8AB1678B207E33507D5519EBC29936B5","Signature":"Microsoft Windows","ProviderGuid":"{5770385f-c22a-43e0-bf4c-06f5698ffbd9}","Company":"Microsoft Corporation","UtcTime":"2020-10-22 05:31:10.879","ProcessGuid":"{39e4a257-191e-5f91-5f12-000000000700}","Image":"C:\\Windows\\System32\\control.exe","ImageLoaded":"C:\\Windows\\System32\\pcacli.dll","Level":"4","Channel":"Microsoft-Windows-Sysmon/Operational","Task":"7","RuleName":"-","FileVersion":"10.0.18362.1 (WinBuild.160101.0800)","SourceName":"Microsoft-Windows-Sysmon","Hostname":"WORKSTATION5","ProcessId":"3632","Description":"Program Compatibility Assistant Client Module","SignatureStatus":"Valid","Product":"Microsoft Windows Operating System","EventID":7,"Keywords":"0x8000000000000000","Signed":"true","OriginalFileName":"-","Message":"Image loaded:\r\nRuleName: -\r\nUtcTime: 2020-10-22 05:31:10.879\r\nProcessGuid: {39e4a257-191e-5f91-5f12-000000000700}\r\nProcessId: 3632\r\nImage: C:\\Windows\\System32\\control.exe\r\nImageLoaded: C:\\Windows\\System32\\pcacli.dll\r\nFileVersion: 10.0.18362.1 (WinBuild.160101.0800)\r\nDescription: Program Compatibility Assistant Client Module\r\nProduct: Microsoft Windows Operating System\r\nCompany: Microsoft Corporation\r\nOriginalFileName: -\r\nHashes: SHA1=D56D2A45ED35DA350EA8ABEC2DD3444797FFCF56,MD5=73519A55863CCBA43EF814C3D16BA8AA,SHA256=E72E76CB39A896F4ED087B6FED7DB4CA302BC0C76725AF9EEC28158120FD5370,IMPHASH=8AB1678B207E33507D5519EBC29936B5\r\nSigned: true\r\nSignature: Microsoft Windows\r\nSignatureStatus: Valid"}
{"@timestamp":"2020-10-22T01:31:10.895Z","TimeCreated":"2020-10-22T01:31:10.895Z","Hashes":"SHA1=0EA4B3CFB14E49CEC0D42FF0F1FA989E69647A8F,MD5=36354D9B5B0A58A4B9A19103852C00A2,SHA256=E5A863D3F4BFEFED7D73A7B1499F81B7235BC9AE3C108065041BCB8E5446B1BB,IMPHASH=1273683626EBBA703979F188A1E64237","Signature":"Microsoft Windows","ProviderGuid":"{5770385f-c22a-43e0-bf4c-06f5698ffbd9}","Company":"Microsoft Corporation","UtcTime":"2020-10-22 05:31:10.895","ProcessGuid":"{39e4a257-191e-5f91-6012-000000000700}","Image":"C:\\Windows\\System32\\rundll32.exe","ImageLoaded":"C:\\Windows\\System32\\msvcrt.dll","Level":"4","Channel":"Microsoft-Windows-Sysmon/Operational","Task":"7","RuleName":"-","FileVersion":"7.0.18362.1 (WinBuild.160101.0800)","SourceName":"Microsoft-Windows-Sysmon","Hostname":"WORKSTATION5","ProcessId":"8140","Description":"Windows NT CRT DLL","SignatureStatus":"Valid","Product":"Microsoft Windows Operating System","EventID":7,"Keywords":"0x8000000000000000","Signed":"true","OriginalFileName":"msvcrt.dll","Message":"Image loaded:\r\nRuleName: -\r\nUtcTime: 2020-10-22 05:31:10.895\r\nProcessGuid: {39e4a257-191e-5f91-6012-000000000700}\r\nProcessId: 8140\r\nImage: C:\\Windows\\System32\\rundll32.exe\r\nImageLoaded: C:\\Windows\\System32\\msvcrt.dll\r\nFileVersion: 7.0.18362.1 (WinBuild.160101.0800)\r\nDescription: Windows NT CRT DLL\r\nProduct: Microsoft Windows Operating System\r\nCompany: Microsoft Corporation\r\nOriginalFileName: msvcrt.dll\r\nHashes: SHA1=0EA4B3CFB14E49CEC0D42FF0F1FA989E69647A8F,MD5=36354D9B5B0A58A4B9A19103852C00A2,SHA256=E5A863D3F4BFEFED7D73A7B1499F81B7235BC9AE3C108065041BCB8E5446B1BB,IMPHASH=1273683626EBBA703979F188A1E64237\r\nSigned: true\r\nSignature: Microsoft Windows\r\nSignatureStatus: Valid"}
{"@timestamp":"2020-10-22T01:31:10.896Z","TimeCreated":"2020-10-22T01:31:10.896Z","Hashes":"SHA1=969AA7FF99DD7452EDA4558492D7A7435E414B37,MD5=66D9CBC07F05DC58E9B01E7E247DBA9C,SHA256=C0687B0277326C0DCB36B729F1257D03F23744B17E6BB4A92AFC52BE528EA6E1,IMPHASH=D1A511866766E387FD0DAF3ACBB54B12","Signature":"Microsoft Windows","ProviderGuid":"{5770385f-c22a-43e0-bf4c-06f5698ffbd9}","Company":"Microsoft Corporation","UtcTime":"2020-10-22 05:31:10.895","ProcessGuid":"{39e4a257-191e-5f91-6012-000000000700}","Image":"C:\\Windows\\System32\\rundll32.exe","ImageLoaded":"C:\\Windows\\System32\\combase.dll","Level":"4","Channel":"Microsoft-Windows-Sysmon/Operational","Task":"7","RuleName":"-","FileVersion":"10.0.18362.1139 (WinBuild.160101.0800)","SourceName":"Microsoft-Windows-Sysmon","Hostname":"WORKSTATION5","ProcessId":"8140","Description":"Microsoft COM for Windows","SignatureStatus":"Valid","Product":"Microsoft Windows Operating System","EventID":7,"Keywords":"0x8000000000000000","Signed":"true","OriginalFileName":"COMBASE.DLL","Message":"Image loaded:\r\nRuleName: -\r\nUtcTime: 2020-10-22 05:31:10.895\r\nProcessGuid: {39e4a257-191e-5f91-6012-000000000700}\r\nProcessId: 8140\r\nImage: C:\\Windows\\System32\\rundll32.exe\r\nImageLoaded: C:\\Windows\\System32\\combase.dll\r\nFileVersion: 10.0.18362.1139 (WinBuild.160101.0800)\r\nDescription: Microsoft COM for Windows\r\nProduct: Microsoft Windows Operating System\r\nCompany: Microsoft Corporation\r\nOriginalFileName: COMBASE.DLL\r\nHashes: SHA1=969AA7FF99DD7452EDA4558492D7A7435E414B37,MD5=66D9CBC07F05DC58E9B01E7E247DBA9C,SHA256=C0687B0277326C0DCB36B729F1257D03F23744B17E6BB4A92AFC52BE528EA6E1,IMPHASH=D1A511866766E387FD0DAF3ACBB54B12\r\nSigned: true\r\nSignature: Microsoft Windows\r\nSignatureStatus: Valid"}
{"@timestamp":"2020-10-22T01:31:10.897Z","TimeCreated":"2020-10-22T01:31:10.897Z","Hashes":"SHA1=D10BBE9B65C2C6F8FCA6850D0B79CBC6EF04D691,MD5=126821F73FD9FFCE6E091CF9480E1B60,SHA256=7B28F46F0A09CFD9129109A94B1C16C9C62EEF46C09113C4C585D9BF0E69B2DA,IMPHASH=5AE9A136FAFA10321F3D48251BF4F6A1","Signature":"Microsoft Windows","ProviderGuid":"{5770385f-c22a-43e0-bf4c-06f5698ffbd9}","Company":"Microsoft Corporation","UtcTime":"2020-10-22 05:31:10.895","ProcessGuid":"{39e4a257-191e-5f91-6012-000000000700}","Image":"C:\\Windows\\System32\\rundll32.exe","ImageLoaded":"C:\\Windows\\System32\\ucrtbase.dll","Level":"4","Channel":"Microsoft-Windows-Sysmon/Operational","Task":"7","RuleName":"-","FileVersion":"10.0.18362.1110 (WinBuild.160101.0800)","SourceName":"Microsoft-Windows-Sysmon","Hostname":"WORKSTATION5","ProcessId":"8140","Description":"Microsoft C Runtime Library","SignatureStatus":"Valid","Product":"Microsoft Windows Operating System","EventID":7,"Keywords":"0x8000000000000000","Signed":"true","OriginalFileName":"ucrtbase.dll","Message":"Image loaded:\r\nRuleName: -\r\nUtcTime: 2020-10-22 05:31:10.895\r\nProcessGuid: {39e4a257-191e-5f91-6012-000000000700}\r\nProcessId: 8140\r\nImage: C:\\Windows\\System32\\rundll32.exe\r\nImageLoaded: C:\\Windows\\System32\\ucrtbase.dll\r\nFileVersion: 10.0.18362.1110 (WinBuild.160101.0800)\r\nDescription: Microsoft C Runtime Library\r\nProduct: Microsoft Windows Operating System\r\nCompany: Microsoft Corporation\r\nOriginalFileName: ucrtbase.dll\r\nHashes: SHA1=D10BBE9B65C2C6F8FCA6850D0B79CBC6EF04D691,MD5=126821F73FD9FFCE6E091CF9480E1B60,SHA256=7B28F46F0A09CFD9129109A94B1C16C9C62EEF46C09113C4C585D9BF0E69B2DA,IMPHASH=5AE9A136FAFA10321F3D48251BF4F6A1\r\nSigned: true\r\nSignature: Microsoft Windows\r\nSignatureStatus: Valid"}
{"@timestamp":"2020-10-22T01:31:10.897Z","TimeCreated":"2020-10-22T01:31:10.897Z","Hashes":"SHA1=04BCAE1D932B2FB22A3B7ADC6C1EC1776151FC68,MD5=DBC5A40335E9F25C5C9313AB95C88CE8,SHA256=C39C71244E43B5469FF3F9313893E1AB7AFF5806B1A179CBED06A59B3F6F81B5,IMPHASH=88E7E7C7FA90052EC162DD37F2B7C7BD","Signature":"Microsoft Windows","ProviderGuid":"{5770385f-c22a-43e0-bf4c-06f5698ffbd9}","Company":"Microsoft Corporation","UtcTime":"2020-10-22 05:31:10.895","ProcessGuid":"{39e4a257-191e-5f91-6012-000000000700}","Image":"C:\\Windows\\System32\\rundll32.exe","ImageLoaded":"C:\\Windows\\System32\\rpcrt4.dll","Level":"4","Channel":"Microsoft-Windows-Sysmon/Operational","Task":"7","RuleName":"-","FileVersion":"10.0.18362.1110 (WinBuild.160101.0800)","SourceName":"Microsoft-Windows-Sysmon","Hostname":"WORKSTATION5","ProcessId":"8140","Description":"Remote Procedure Call Runtime","SignatureStatus":"Valid","Product":"Microsoft Windows Operating System","EventID":7,"Keywords":"0x8000000000000000","Signed":"true","OriginalFileName":"rpcrt4.dll","Message":"Image loaded:\r\nRuleName: -\r\nUtcTime: 2020-10-22 05:31:10.895\r\nProcessGuid: {39e4a257-191e-5f91-6012-000000000700}\r\nProcessId: 8140\r\nImage: C:\\Windows\\System32\\rundll32.exe\r\nImageLoaded: C:\\Windows\\System32\\rpcrt4.dll\r\nFileVersion: 10.0.18362.1110 (WinBuild.160101.0800)\r\nDescription: Remote Procedure Call Runtime\r\nProduct: Microsoft Windows Operating System\r\nCompany: Microsoft Corporation\r\nOriginalFileName: rpcrt4.dll\r\nHashes: SHA1=04BCAE1D932B2FB22A3B7ADC6C1EC1776151FC68,MD5=DBC5A40335E9F25C5C9313AB95C88CE8,SHA256=C39C71244E43B5469FF3F9313893E1AB7AFF5806B1A179CBED06A59B3F6F81B5,IMPHASH=88E7E7C7FA90052EC162DD37F2B7C7BD\r\nSigned: true\r\nSignature: Microsoft Windows\r\nSignatureStatus: Valid"}
{"@timestamp":"2020-10-22T01:31:10.897Z","TimeCreated":"2020-10-22T01:31:10.897Z","Hashes":"SHA1=B4222C8DC3274CFC3FE54F322D827B2F01FFF036,MD5=EF2BBEAFF07D32A2EC77FB4602FA9664,SHA256=6B47F3E88CDEDF8F31F91940E38A4544818C79D153323262F9F46B21F41D262C,IMPHASH=402DA460E2AC467F4489C588A9941032","Signature":"Microsoft Windows","ProviderGuid":"{5770385f-c22a-43e0-bf4c-06f5698ffbd9}","Company":"Microsoft Corporation","UtcTime":"2020-10-22 05:31:10.895","ProcessGuid":"{39e4a257-191e-5f91-6012-000000000700}","Image":"C:\\Windows\\System32\\rundll32.exe","ImageLoaded":"C:\\Windows\\System32\\bcryptprimitives.dll","Level":"4","Channel":"Microsoft-Windows-Sysmon/Operational","Task":"7","RuleName":"-","FileVersion":"10.0.18362.836 (WinBuild.160101.0800)","SourceName":"Microsoft-Windows-Sysmon","Hostname":"WORKSTATION5","ProcessId":"8140","Description":"Windows Cryptographic Primitives Library","SignatureStatus":"Valid","Product":"Microsoft Windows Operating System","EventID":7,"Keywords":"0x8000000000000000","Signed":"true","OriginalFileName":"bcryptprimitives.dll","Message":"Image loaded:\r\nRuleName: -\r\nUtcTime: 2020-10-22 05:31:10.895\r\nProcessGuid: {39e4a257-191e-5f91-6012-000000000700}\r\nProcessId: 8140\r\nImage: C:\\Windows\\System32\\rundll32.exe\r\nImageLoaded: C:\\Windows\\System32\\bcryptprimitives.dll\r\nFileVersion: 10.0.18362.836 (WinBuild.160101.0800)\r\nDescription: Windows Cryptographic Primitives Library\r\nProduct: Microsoft Windows Operating System\r\nCompany: Microsoft Corporation\r\nOriginalFileName: bcryptprimitives.dll\r\nHashes: SHA1=B4222C8DC3274CFC3FE54F322D827B2F01FFF036,MD5=EF2BBEAFF07D32A2EC77FB4602FA9664,SHA256=6B47F3E88CDEDF8F31F91940E38A4544818C79D153323262F9F46B21F41D262C,IMPHASH=402DA460E2AC467F4489C588A9941032\r\nSigned: true\r\nSignature: Microsoft Windows\r\nSignatureStatus: Valid"}
{"@timestamp":"2020-10-22T01:31:10.897Z","TimeCreated":"2020-10-22T01:31:10.897Z","Hashes":"SHA1=75C9F506592699E30D8ECA63F88C79E956324111,MD5=6ACBCCE095FDB475FC2B3D178E5D9208,SHA256=3F49AB1B04EE3D843E961A1B62CB695EE3FE940EE287819BBBABCC1C3A38F507,IMPHASH=0E48D88DA5B1AEFE29036ECDE5B34E8D","Signature":"Microsoft Windows","ProviderGuid":"{5770385f-c22a-43e0-bf4c-06f5698ffbd9}","Company":"Microsoft Corporation","UtcTime":"2020-10-22 05:31:10.895","ProcessGuid":"{39e4a257-191e-5f91-6012-000000000700}","Image":"C:\\Windows\\System32\\rundll32.exe","ImageLoaded":"C:\\Windows\\System32\\SHCore.dll","Level":"4","Channel":"Microsoft-Windows-Sysmon/Operational","Task":"7","RuleName":"-","FileVersion":"10.0.18362.959 (WinBuild.160101.0800)","SourceName":"Microsoft-Windows-Sysmon","Hostname":"WORKSTATION5","ProcessId":"8140","Description":"SHCORE","SignatureStatus":"Valid","Product":"Microsoft Windows Operating System","EventID":7,"Keywords":"0x8000000000000000","Signed":"true","OriginalFileName":"SHCORE.dll","Message":"Image loaded:\r\nRuleName: -\r\nUtcTime: 2020-10-22 05:31:10.895\r\nProcessGuid: {39e4a257-191e-5f91-6012-000000000700}\r\nProcessId: 8140\r\nImage: C:\\Windows\\System32\\rundll32.exe\r\nImageLoaded: C:\\Windows\\System32\\SHCore.dll\r\nFileVersion: 10.0.18362.959 (WinBuild.160101.0800)\r\nDescription: SHCORE\r\nProduct: Microsoft Windows Operating System\r\nCompany: Microsoft Corporation\r\nOriginalFileName: SHCORE.dll\r\nHashes: SHA1=75C9F506592699E30D8ECA63F88C79E956324111,MD5=6ACBCCE095FDB475FC2B3D178E5D9208,SHA256=3F49AB1B04EE3D843E961A1B62CB695EE3FE940EE287819BBBABCC1C3A38F507,IMPHASH=0E48D88DA5B1AEFE29036ECDE5B34E8D\r\nSigned: true\r\nSignature: Microsoft Windows\r\nSignatureStatus: Valid"}
{"@timestamp":"2020-10-22T01:31:10.906Z","TimeCreated":"2020-10-22T01:31:10.906Z","Hashes":"SHA1=4772044BD46A2AA757212A77E5A78587F96373AE,MD5=C7FCE36E0BE5CD6BD8D9DAF6F2E699DF,SHA256=4C2931FAFABB7677E851BBBE28890ECAC758F76C7A76C43B228225F40CB7D7A5,IMPHASH=7F28D752A4EB5E4B8E5575364534CE32","Signature":"Microsoft Windows","ProviderGuid":"{5770385f-c22a-43e0-bf4c-06f5698ffbd9}","Company":"Microsoft Corporation","UtcTime":"2020-10-22 05:31:10.879","ProcessGuid":"{39e4a257-191e-5f91-5f12-000000000700}","Image":"C:\\Windows\\System32\\control.exe","ImageLoaded":"C:\\Windows\\System32\\sfc_os.dll","Level":"4","Channel":"Microsoft-Windows-Sysmon/Operational","Task":"7","RuleName":"-","FileVersion":"10.0.18362.1 (WinBuild.160101.0800)","SourceName":"Microsoft-Windows-Sysmon","Hostname":"WORKSTATION5","ProcessId":"3632","Description":"Windows File Protection","SignatureStatus":"Valid","Product":"Microsoft Windows Operating System","EventID":7,"Keywords":"0x8000000000000000","Signed":"true","OriginalFileName":"sfc_os.dll","Message":"Image loaded:\r\nRuleName: -\r\nUtcTime: 2020-10-22 05:31:10.879\r\nProcessGuid: {39e4a257-191e-5f91-5f12-000000000700}\r\nProcessId: 3632\r\nImage: C:\\Windows\\System32\\control.exe\r\nImageLoaded: C:\\Windows\\System32\\sfc_os.dll\r\nFileVersion: 10.0.18362.1 (WinBuild.160101.0800)\r\nDescription: Windows File Protection\r\nProduct: Microsoft Windows Operating System\r\nCompany: Microsoft Corporation\r\nOriginalFileName: sfc_os.dll\r\nHashes: SHA1=4772044BD46A2AA757212A77E5A78587F96373AE,MD5=C7FCE36E0BE5CD6BD8D9DAF6F2E699DF,SHA256=4C2931FAFABB7677E851BBBE28890ECAC758F76C7A76C43B228225F40CB7D7A5,IMPHASH=7F28D752A4EB5E4B8E5575364534CE32\r\nSigned: true\r\nSignature: Microsoft Windows\r\nSignatureStatus: Valid"}
{"@timestamp":"2020-10-22T01:31:10.909Z","TimeCreated":"2020-10-22T01:31:10.909Z","Hashes":"SHA1=1BE5EC1130E4B812224AF98D1C4B81B91C8D8BCE,MD5=698E67C04A48B58FE0FE2B7DAB428BD2,SHA256=D4F8395347B3C952DA3309BD3ADFBF87F52582C744204692DEDB0B6E720AEE1A,IMPHASH=5DE31297232BD99BC22531D7CE95B80E","Signature":"Microsoft Windows","ProviderGuid":"{5770385f-c22a-43e0-bf4c-06f5698ffbd9}","Company":"Microsoft Corporation","UtcTime":"2020-10-22 05:31:10.895","ProcessGuid":"{39e4a257-191e-5f91-6012-000000000700}","Image":"C:\\Windows\\System32\\rundll32.exe","ImageLoaded":"C:\\Windows\\System32\\shell32.dll","Level":"4","Channel":"Microsoft-Windows-Sysmon/Operational","Task":"7","RuleName":"-","FileVersion":"10.0.18362.1110 (WinBuild.160101.0800)","SourceName":"Microsoft-Windows-Sysmon","Hostname":"WORKSTATION5","ProcessId":"8140","Description":"Windows Shell Common Dll","SignatureStatus":"Valid","Product":"Microsoft Windows Operating System","EventID":7,"Keywords":"0x8000000000000000","Signed":"true","OriginalFileName":"SHELL32.DLL","Message":"Image loaded:\r\nRuleName: -\r\nUtcTime: 2020-10-22 05:31:10.895\r\nProcessGuid: {39e4a257-191e-5f91-6012-000000000700}\r\nProcessId: 8140\r\nImage: C:\\Windows\\System32\\rundll32.exe\r\nImageLoaded: C:\\Windows\\System32\\shell32.dll\r\nFileVersion: 10.0.18362.1110 (WinBuild.160101.0800)\r\nDescription: Windows Shell Common Dll\r\nProduct: Microsoft Windows Operating System\r\nCompany: Microsoft Corporation\r\nOriginalFileName: SHELL32.DLL\r\nHashes: SHA1=1BE5EC1130E4B812224AF98D1C4B81B91C8D8BCE,MD5=698E67C04A48B58FE0FE2B7DAB428BD2,SHA256=D4F8395347B3C952DA3309BD3ADFBF87F52582C744204692DEDB0B6E720AEE1A,IMPHASH=5DE31297232BD99BC22531D7CE95B80E\r\nSigned: true\r\nSignature: Microsoft Windows\r\nSignatureStatus: Valid"}
{"@timestamp":"2020-10-22T01:31:10.909Z","TimeCreated":"2020-10-22T01:31:10.909Z","Hashes":"SHA1=FA3A718BEED81C7084675E250ADC305677A6B5E4,MD5=3A99A40872AF3B87406CC57DBDF53748,SHA256=96A1DB38C74A81FBA4C4AB29020551364FD1ADA3B6FED789D193C787E757979D,IMPHASH=4B4464C7677B6F07342800F4CF0BA273","Signature":"Microsoft Windows","ProviderGuid":"{5770385f-c22a-43e0-bf4c-06f5698ffbd9}","Company":"Microsoft Corporation","UtcTime":"2020-10-22 05:31:10.895","ProcessGuid":"{39e4a257-191e-5f91-6012-000000000700}","Image":"C:\\Windows\\System32\\rundll32.exe","ImageLoaded":"C:\\Windows\\System32\\cfgmgr32.dll","Level":"4","Channel":"Microsoft-Windows-Sysmon/Operational","Task":"7","RuleName":"-","FileVersion":"10.0.18362.387 (WinBuild.160101.0800)","SourceName":"Microsoft-Windows-Sysmon","Hostname":"WORKSTATION5","ProcessId":"8140","Description":"Configuration Manager DLL","SignatureStatus":"Valid","Product":"Microsoft Windows Operating System","EventID":7,"Keywords":"0x8000000000000000","Signed":"true","OriginalFileName":"CFGMGR32.DLL","Message":"Image loaded:\r\nRuleName: -\r\nUtcTime: 2020-10-22 05:31:10.895\r\nProcessGuid: {39e4a257-191e-5f91-6012-000000000700}\r\nProcessId: 8140\r\nImage: C:\\Windows\\System32\\rundll32.exe\r\nImageLoaded: C:\\Windows\\System32\\cfgmgr32.dll\r\nFileVersion: 10.0.18362.387 (WinBuild.160101.0800)\r\nDescription: Configuration Manager DLL\r\nProduct: Microsoft Windows Operating System\r\nCompany: Microsoft Corporation\r\nOriginalFileName: CFGMGR32.DLL\r\nHashes: SHA1=FA3A718BEED81C7084675E250ADC305677A6B5E4,MD5=3A99A40872AF3B87406CC57DBDF53748,SHA256=96A1DB38C74A81FBA4C4AB29020551364FD1ADA3B6FED789D193C787E757979D,IMPHASH=4B4464C7677B6F07342800F4CF0BA273\r\nSigned: true\r\nSignature: Microsoft Windows\r\nSignatureStatus: Valid"}
{"@timestamp":"2020-10-22T01:31:10.910Z","TimeCreated":"2020-10-22T01:31:10.910Z","Hashes":"SHA1=DF7D0248848C0247FD5F65ABD9799FDA0380C77D,MD5=DDD102204FDCD3FC8DD0AA89CF6609A3,SHA256=49F37639155096444C1B780071B8D63320FD8F8DC1D7CEF7A9031830C4F90968,IMPHASH=BDB3E400A78EE2D42C647E85CD2D827B","Signature":"Microsoft Windows","ProviderGuid":"{5770385f-c22a-43e0-bf4c-06f5698ffbd9}","Company":"Microsoft Corporation","UtcTime":"2020-10-22 05:31:10.895","ProcessGuid":"{39e4a257-191e-5f91-6012-000000000700}","Image":"C:\\Windows\\System32\\rundll32.exe","ImageLoaded":"C:\\Windows\\System32\\windows.storage.dll","Level":"4","Channel":"Microsoft-Windows-Sysmon/Operational","Task":"7","RuleName":"-","FileVersion":"10.0.18362.1082 (WinBuild.160101.0800)","SourceName":"Microsoft-Windows-Sysmon","Hostname":"WORKSTATION5","ProcessId":"8140","Description":"Microsoft WinRT Storage API","SignatureStatus":"Valid","Product":"Microsoft Windows Operating System","EventID":7,"Keywords":"0x8000000000000000","Signed":"true","OriginalFileName":"Windows.Storage.dll","Message":"Image loaded:\r\nRuleName: -\r\nUtcTime: 2020-10-22 05:31:10.895\r\nProcessGuid: {39e4a257-191e-5f91-6012-000000000700}\r\nProcessId: 8140\r\nImage: C:\\Windows\\System32\\rundll32.exe\r\nImageLoaded: C:\\Windows\\System32\\windows.storage.dll\r\nFileVersion: 10.0.18362.1082 (WinBuild.160101.0800)\r\nDescription: Microsoft WinRT Storage API\r\nProduct: Microsoft Windows Operating System\r\nCompany: Microsoft Corporation\r\nOriginalFileName: Windows.Storage.dll\r\nHashes: SHA1=DF7D0248848C0247FD5F65ABD9799FDA0380C77D,MD5=DDD102204FDCD3FC8DD0AA89CF6609A3,SHA256=49F37639155096444C1B780071B8D63320FD8F8DC1D7CEF7A9031830C4F90968,IMPHASH=BDB3E400A78EE2D42C647E85CD2D827B\r\nSigned: true\r\nSignature: Microsoft Windows\r\nSignatureStatus: Valid"}
{"@timestamp":"2020-10-22T01:31:10.910Z","TimeCreated":"2020-10-22T01:31:10.910Z","Hashes":"SHA1=56A126B33C43CE80C5DA3319FA4FBE28F617599C,MD5=94027F5AE9D6FC3B0917C1B5BCD2D88E,SHA256=2FC246F193104FB36285360E9FB14CE10B04EDB50D9D5ECFD9FDA1F010BFCDB9,IMPHASH=7F555C87AEA488E97B6067A0419ED3B4","Signature":"Microsoft Windows","ProviderGuid":"{5770385f-c22a-43e0-bf4c-06f5698ffbd9}","Company":"Microsoft Corporation","UtcTime":"2020-10-22 05:31:10.895","ProcessGuid":"{39e4a257-191e-5f91-6012-000000000700}","Image":"C:\\Windows\\System32\\rundll32.exe","ImageLoaded":"C:\\Windows\\System32\\msvcp_win.dll","Level":"4","Channel":"Microsoft-Windows-Sysmon/Operational","Task":"7","RuleName":"-","FileVersion":"10.0.18362.1110 (WinBuild.160101.0800)","SourceName":"Microsoft-Windows-Sysmon","Hostname":"WORKSTATION5","ProcessId":"8140","Description":"Microsoft C Runtime Library","SignatureStatus":"Valid","Product":"Microsoft Windows Operating System","EventID":7,"Keywords":"0x8000000000000000","Signed":"true","OriginalFileName":"msvcp_win.dll","Message":"Image loaded:\r\nRuleName: -\r\nUtcTime: 2020-10-22 05:31:10.895\r\nProcessGuid: {39e4a257-191e-5f91-6012-000000000700}\r\nProcessId: 8140\r\nImage: C:\\Windows\\System32\\rundll32.exe\r\nImageLoaded: C:\\Windows\\System32\\msvcp_win.dll\r\nFileVersion: 10.0.18362.1110 (WinBuild.160101.0800)\r\nDescription: Microsoft C Runtime Library\r\nProduct: Microsoft Windows Operating System\r\nCompany: Microsoft Corporation\r\nOriginalFileName: msvcp_win.dll\r\nHashes: SHA1=56A126B33C43CE80C5DA3319FA4FBE28F617599C,MD5=94027F5AE9D6FC3B0917C1B5BCD2D88E,SHA256=2FC246F193104FB36285360E9FB14CE10B04EDB50D9D5ECFD9FDA1F010BFCDB9,IMPHASH=7F555C87AEA488E97B6067A0419ED3B4\r\nSigned: true\r\nSignature: Microsoft Windows\r\nSignatureStatus: Valid"}
{"@timestamp":"2020-10-22T01:31:10.910Z","TimeCreated":"2020-10-22T01:31:10.910Z","Hashes":"SHA1=A330EDE32DFA03AE6808EE7FB6916D8DEB8F5DDE,MD5=A094E2B38D3DD864B07580D243CB6E43,SHA256=C441E19D20961D4E990E117A300ED318BEDBF2F8BA0FF07BEE7832AC502CDDF2,IMPHASH=CE4BD072766253F6A267D0284CA82002","Signature":"Microsoft Windows","ProviderGuid":"{5770385f-c22a-43e0-bf4c-06f5698ffbd9}","Company":"Microsoft Corporation","UtcTime":"2020-10-22 05:31:10.895","ProcessGuid":"{39e4a257-191e-5f91-6012-000000000700}","Image":"C:\\Windows\\System32\\rundll32.exe","ImageLoaded":"C:\\Windows\\System32\\sechost.dll","Level":"4","Channel":"Microsoft-Windows-Sysmon/Operational","Task":"7","RuleName":"-","FileVersion":"10.0.18362.959 (WinBuild.160101.0800)","SourceName":"Microsoft-Windows-Sysmon","Hostname":"WORKSTATION5","ProcessId":"8140","Description":"Host for SCM/SDDL/LSA Lookup APIs","SignatureStatus":"Valid","Product":"Microsoft Windows Operating System","EventID":7,"Keywords":"0x8000000000000000","Signed":"true","OriginalFileName":"sechost.dll","Message":"Image loaded:\r\nRuleName: -\r\nUtcTime: 2020-10-22 05:31:10.895\r\nProcessGuid: {39e4a257-191e-5f91-6012-000000000700}\r\nProcessId: 8140\r\nImage: C:\\Windows\\System32\\rundll32.exe\r\nImageLoaded: C:\\Windows\\System32\\sechost.dll\r\nFileVersion: 10.0.18362.959 (WinBuild.160101.0800)\r\nDescription: Host for SCM/SDDL/LSA Lookup APIs\r\nProduct: Microsoft Windows Operating System\r\nCompany: Microsoft Corporation\r\nOriginalFileName: sechost.dll\r\nHashes: SHA1=A330EDE32DFA03AE6808EE7FB6916D8DEB8F5DDE,MD5=A094E2B38D3DD864B07580D243CB6E43,SHA256=C441E19D20961D4E990E117A300ED318BEDBF2F8BA0FF07BEE7832AC502CDDF2,IMPHASH=CE4BD072766253F6A267D0284CA82002\r\nSigned: true\r\nSignature: Microsoft Windows\r\nSignatureStatus: Valid"}
{"@timestamp":"2020-10-22T01:31:10.910Z","TimeCreated":"2020-10-22T01:31:10.910Z","Hashes":"SHA1=35C61DDE6F8F4ED05F9C4837E2B91C886CA79F82,MD5=EA4F6E7961B4A402F6F5EC33C655260A,SHA256=5E2D103E7E1FD7CA0492E541F082D274EF6259AF2158A3562986C796C5C869DD,IMPHASH=8EEA175C33205685FB8A14876D7564DB","Signature":"Microsoft Windows","ProviderGuid":"{5770385f-c22a-43e0-bf4c-06f5698ffbd9}","Company":"Microsoft Corporation","UtcTime":"2020-10-22 05:31:10.895","ProcessGuid":"{39e4a257-191e-5f91-6012-000000000700}","Image":"C:\\Windows\\System32\\rundll32.exe","ImageLoaded":"C:\\Windows\\System32\\advapi32.dll","Level":"4","Channel":"Microsoft-Windows-Sysmon/Operational","Task":"7","RuleName":"-","FileVersion":"10.0.18362.752 (WinBuild.160101.0800)","SourceName":"Microsoft-Windows-Sysmon","Hostname":"WORKSTATION5","ProcessId":"8140","Description":"Advanced Windows 32 Base API","SignatureStatus":"Valid","Product":"Microsoft Windows Operating System","EventID":7,"Keywords":"0x8000000000000000","Signed":"true","OriginalFileName":"advapi32.dll","Message":"Image loaded:\r\nRuleName: -\r\nUtcTime: 2020-10-22 05:31:10.895\r\nProcessGuid: {39e4a257-191e-5f91-6012-000000000700}\r\nProcessId: 8140\r\nImage: C:\\Windows\\System32\\rundll32.exe\r\nImageLoaded: C:\\Windows\\System32\\advapi32.dll\r\nFileVersion: 10.0.18362.752 (WinBuild.160101.0800)\r\nDescription: Advanced Windows 32 Base API\r\nProduct: Microsoft Windows Operating System\r\nCompany: Microsoft Corporation\r\nOriginalFileName: advapi32.dll\r\nHashes: SHA1=35C61DDE6F8F4ED05F9C4837E2B91C886CA79F82,MD5=EA4F6E7961B4A402F6F5EC33C655260A,SHA256=5E2D103E7E1FD7CA0492E541F082D274EF6259AF2158A3562986C796C5C869DD,IMPHASH=8EEA175C33205685FB8A14876D7564DB\r\nSigned: true\r\nSignature: Microsoft Windows\r\nSignatureStatus: Valid"}
{"@timestamp":"2020-10-22T01:31:10.911Z","TimeCreated":"2020-10-22T01:31:10.911Z","Hashes":"SHA1=387FC7660AFDEC45CFFB84980EB77D0E787ED31B,MD5=F4862E1CC68687B9D4B245512BDF8383,SHA256=A2DF0AC95B9AA338EB6062BA5739F65BFBA86658546F4C5CAC6045C363F55E24,IMPHASH=192CF98320740B7D296297054A9C3EEA","Signature":"Microsoft Windows","ProviderGuid":"{5770385f-c22a-43e0-bf4c-06f5698ffbd9}","Company":"Microsoft Corporation","UtcTime":"2020-10-22 05:31:10.895","ProcessGuid":"{39e4a257-191e-5f91-6012-000000000700}","Image":"C:\\Windows\\System32\\rundll32.exe","ImageLoaded":"C:\\Windows\\System32\\profapi.dll","Level":"4","Channel":"Microsoft-Windows-Sysmon/Operational","Task":"7","RuleName":"-","FileVersion":"10.0.18362.693 (WinBuild.160101.0800)","SourceName":"Microsoft-Windows-Sysmon","Hostname":"WORKSTATION5","ProcessId":"8140","Description":"User Profile Basic API","SignatureStatus":"Valid","Product":"Microsoft Windows Operating System","EventID":7,"Keywords":"0x8000000000000000","Signed":"true","OriginalFileName":"PROFAPI.DLL","Message":"Image loaded:\r\nRuleName: -\r\nUtcTime: 2020-10-22 05:31:10.895\r\nProcessGuid: {39e4a257-191e-5f91-6012-000000000700}\r\nProcessId: 8140\r\nImage: C:\\Windows\\System32\\rundll32.exe\r\nImageLoaded: C:\\Windows\\System32\\profapi.dll\r\nFileVersion: 10.0.18362.693 (WinBuild.160101.0800)\r\nDescription: User Profile Basic API\r\nProduct: Microsoft Windows Operating System\r\nCompany: Microsoft Corporation\r\nOriginalFileName: PROFAPI.DLL\r\nHashes: SHA1=387FC7660AFDEC45CFFB84980EB77D0E787ED31B,MD5=F4862E1CC68687B9D4B245512BDF8383,SHA256=A2DF0AC95B9AA338EB6062BA5739F65BFBA86658546F4C5CAC6045C363F55E24,IMPHASH=192CF98320740B7D296297054A9C3EEA\r\nSigned: true\r\nSignature: Microsoft Windows\r\nSignatureStatus: Valid"}
{"@timestamp":"2020-10-22T01:31:10.911Z","TimeCreated":"2020-10-22T01:31:10.911Z","Hashes":"SHA1=30D5ADBC0664977C27B65622F514632581C9AF45,MD5=07B027B1E0B775FAE815E487F28137B9,SHA256=21358CE9A416C7F6DB063095102E91F014BDB85B08A4E783E17234792C9B483A,IMPHASH=817FF4748665EB442F0081A91349F764","Signature":"Microsoft Windows","ProviderGuid":"{5770385f-c22a-43e0-bf4c-06f5698ffbd9}","Company":"Microsoft Corporation","UtcTime":"2020-10-22 05:31:10.895","ProcessGuid":"{39e4a257-191e-5f91-6012-000000000700}","Image":"C:\\Windows\\System32\\rundll32.exe","ImageLoaded":"C:\\Windows\\System32\\powrprof.dll","Level":"4","Channel":"Microsoft-Windows-Sysmon/Operational","Task":"7","RuleName":"-","FileVersion":"10.0.18362.1 (WinBuild.160101.0800)","SourceName":"Microsoft-Windows-Sysmon","Hostname":"WORKSTATION5","ProcessId":"8140","Description":"Power Profile Helper DLL","SignatureStatus":"Valid","Product":"Microsoft Windows Operating System","EventID":7,"Keywords":"0x8000000000000000","Signed":"true","OriginalFileName":"POWRPROF.DLL","Message":"Image loaded:\r\nRuleName: -\r\nUtcTime: 2020-10-22 05:31:10.895\r\nProcessGuid: {39e4a257-191e-5f91-6012-000000000700}\r\nProcessId: 8140\r\nImage: C:\\Windows\\System32\\rundll32.exe\r\nImageLoaded: C:\\Windows\\System32\\powrprof.dll\r\nFileVersion: 10.0.18362.1 (WinBuild.160101.0800)\r\nDescription: Power Profile Helper DLL\r\nProduct: Microsoft Windows Operating System\r\nCompany: Microsoft Corporation\r\nOriginalFileName: POWRPROF.DLL\r\nHashes: SHA1=30D5ADBC0664977C27B65622F514632581C9AF45,MD5=07B027B1E0B775FAE815E487F28137B9,SHA256=21358CE9A416C7F6DB063095102E91F014BDB85B08A4E783E17234792C9B483A,IMPHASH=817FF4748665EB442F0081A91349F764\r\nSigned: true\r\nSignature: Microsoft Windows\r\nSignatureStatus: Valid"}
{"@timestamp":"2020-10-22T01:31:10.911Z","TimeCreated":"2020-10-22T01:31:10.911Z","Hashes":"SHA1=6ABB78FB1614C12E3E9FFF3DE98B0E13E79201D9,MD5=B9A75ED4500DD953DF172FE6F63578E8,SHA256=709B99BA1DFEF6D9B2483F37D242B12F29B1E1ADE13E338B4D7041C55B55204B,IMPHASH=5A0FF5293A05BFEBAE6F2C9C302FC5E7","Signature":"Microsoft Windows","ProviderGuid":"{5770385f-c22a-43e0-bf4c-06f5698ffbd9}","Company":"-","UtcTime":"2020-10-22 05:31:10.895","ProcessGuid":"{39e4a257-191e-5f91-6012-000000000700}","Image":"C:\\Windows\\System32\\rundll32.exe","ImageLoaded":"C:\\Windows\\System32\\umpdc.dll","Level":"4","Channel":"Microsoft-Windows-Sysmon/Operational","Task":"7","RuleName":"-","FileVersion":"-","SourceName":"Microsoft-Windows-Sysmon","Hostname":"WORKSTATION5","ProcessId":"8140","Description":"-","SignatureStatus":"Valid","Product":"-","EventID":7,"Keywords":"0x8000000000000000","Signed":"true","OriginalFileName":"-","Message":"Image loaded:\r\nRuleName: -\r\nUtcTime: 2020-10-22 05:31:10.895\r\nProcessGuid: {39e4a257-191e-5f91-6012-000000000700}\r\nProcessId: 8140\r\nImage: C:\\Windows\\System32\\rundll32.exe\r\nImageLoaded: C:\\Windows\\System32\\umpdc.dll\r\nFileVersion: -\r\nDescription: -\r\nProduct: -\r\nCompany: -\r\nOriginalFileName: -\r\nHashes: SHA1=6ABB78FB1614C12E3E9FFF3DE98B0E13E79201D9,MD5=B9A75ED4500DD953DF172FE6F63578E8,SHA256=709B99BA1DFEF6D9B2483F37D242B12F29B1E1ADE13E338B4D7041C55B55204B,IMPHASH=5A0FF5293A05BFEBAE6F2C9C302FC5E7\r\nSigned: true\r\nSignature: Microsoft Windows\r\nSignatureStatus: Valid"}
{"@timestamp":"2020-10-22T01:31:10.911Z","TimeCreated":"2020-10-22T01:31:10.911Z","Hashes":"SHA1=9074DF3335B785BB00B43AE76ACC66B799118FAE,MD5=BFB85A9022324E41FCEC5011BCB5FD23,SHA256=3CDA144CFB6278DA47267FE1E1FE258716A074C3D3DD8413B259DA7DA1039871,IMPHASH=6659A49ABF33952444C5A7FA22FD9032","Signature":"Microsoft Windows","ProviderGuid":"{5770385f-c22a-43e0-bf4c-06f5698ffbd9}","Company":"Microsoft Corporation","UtcTime":"2020-10-22 05:31:10.895","ProcessGuid":"{39e4a257-191e-5f91-6012-000000000700}","Image":"C:\\Windows\\System32\\rundll32.exe","ImageLoaded":"C:\\Windows\\System32\\shlwapi.dll","Level":"4","Channel":"Microsoft-Windows-Sysmon/Operational","Task":"7","RuleName":"-","FileVersion":"10.0.18362.1 (WinBuild.160101.0800)","SourceName":"Microsoft-Windows-Sysmon","Hostname":"WORKSTATION5","ProcessId":"8140","Description":"Shell Light-weight Utility Library","SignatureStatus":"Valid","Product":"Microsoft Windows Operating System","EventID":7,"Keywords":"0x8000000000000000","Signed":"true","OriginalFileName":"SHLWAPI.DLL","Message":"Image loaded:\r\nRuleName: -\r\nUtcTime: 2020-10-22 05:31:10.895\r\nProcessGuid: {39e4a257-191e-5f91-6012-000000000700}\r\nProcessId: 8140\r\nImage: C:\\Windows\\System32\\rundll32.exe\r\nImageLoaded: C:\\Windows\\System32\\shlwapi.dll\r\nFileVersion: 10.0.18362.1 (WinBuild.160101.0800)\r\nDescription: Shell Light-weight Utility Library\r\nProduct: Microsoft Windows Operating System\r\nCompany: Microsoft Corporation\r\nOriginalFileName: SHLWAPI.DLL\r\nHashes: SHA1=9074DF3335B785BB00B43AE76ACC66B799118FAE,MD5=BFB85A9022324E41FCEC5011BCB5FD23,SHA256=3CDA144CFB6278DA47267FE1E1FE258716A074C3D3DD8413B259DA7DA1039871,IMPHASH=6659A49ABF33952444C5A7FA22FD9032\r\nSigned: true\r\nSignature: Microsoft Windows\r\nSignatureStatus: Valid"}
{"@timestamp":"2020-10-22T01:31:10.911Z","TimeCreated":"2020-10-22T01:31:10.911Z","Hashes":"SHA1=9E91D74D5B9BF64A3D4BE8C5EA3594F5DA2BC299,MD5=2839609118F48DEA292084E43FAA72D8,SHA256=4FC9460147D5A3AA1F9498863CF10BB7BE6099BEF1A3D55503164CA51E36E27E,IMPHASH=C5F30E6A06AB646153863B68366FE58A","Signature":"Microsoft Windows","ProviderGuid":"{5770385f-c22a-43e0-bf4c-06f5698ffbd9}","Company":"Microsoft Corporation","UtcTime":"2020-10-22 05:31:10.895","ProcessGuid":"{39e4a257-191e-5f91-6012-000000000700}","Image":"C:\\Windows\\System32\\rundll32.exe","ImageLoaded":"C:\\Windows\\System32\\gdi32.dll","Level":"4","Channel":"Microsoft-Windows-Sysmon/Operational","Task":"7","RuleName":"-","FileVersion":"10.0.18362.1 (WinBuild.160101.0800)","SourceName":"Microsoft-Windows-Sysmon","Hostname":"WORKSTATION5","ProcessId":"8140","Description":"GDI Client DLL","SignatureStatus":"Valid","Product":"Microsoft Windows Operating System","EventID":7,"Keywords":"0x8000000000000000","Signed":"true","OriginalFileName":"gdi32","Message":"Image loaded:\r\nRuleName: -\r\nUtcTime: 2020-10-22 05:31:10.895\r\nProcessGuid: {39e4a257-191e-5f91-6012-000000000700}\r\nProcessId: 8140\r\nImage: C:\\Windows\\System32\\rundll32.exe\r\nImageLoaded: C:\\Windows\\System32\\gdi32.dll\r\nFileVersion: 10.0.18362.1 (WinBuild.160101.0800)\r\nDescription: GDI Client DLL\r\nProduct: Microsoft Windows Operating System\r\nCompany: Microsoft Corporation\r\nOriginalFileName: gdi32\r\nHashes: SHA1=9E91D74D5B9BF64A3D4BE8C5EA3594F5DA2BC299,MD5=2839609118F48DEA292084E43FAA72D8,SHA256=4FC9460147D5A3AA1F9498863CF10BB7BE6099BEF1A3D55503164CA51E36E27E,IMPHASH=C5F30E6A06AB646153863B68366FE58A\r\nSigned: true\r\nSignature: Microsoft Windows\r\nSignatureStatus: Valid"}
{"@timestamp":"2020-10-22T01:31:10.912Z","TimeCreated":"2020-10-22T01:31:10.912Z","Hashes":"SHA1=09CAA4704CC828100AA4BDB1366B5156CD1A63E4,MD5=BE23D5C90313AACEC36448136408D336,SHA256=20EE5EE473456C0853CC7B64FA9BCDBFB3C00B0848B3CFE141535C10AC944478,IMPHASH=00000000000000000000000000000000","Signature":"Microsoft Windows","ProviderGuid":"{5770385f-c22a-43e0-bf4c-06f5698ffbd9}","Company":"Microsoft Corporation","UtcTime":"2020-10-22 05:31:10.895","ProcessGuid":"{39e4a257-191e-5f91-6012-000000000700}","Image":"C:\\Windows\\System32\\rundll32.exe","ImageLoaded":"C:\\Windows\\System32\\win32u.dll","Level":"4","Channel":"Microsoft-Windows-Sysmon/Operational","Task":"7","RuleName":"-","FileVersion":"10.0.18362.1139 (WinBuild.160101.0800)","SourceName":"Microsoft-Windows-Sysmon","Hostname":"WORKSTATION5","ProcessId":"8140","Description":"Win32u","SignatureStatus":"Valid","Product":"Microsoft Windows Operating System","EventID":7,"Keywords":"0x8000000000000000","Signed":"true","OriginalFileName":"Win32u.DLL","Message":"Image loaded:\r\nRuleName: -\r\nUtcTime: 2020-10-22 05:31:10.895\r\nProcessGuid: {39e4a257-191e-5f91-6012-000000000700}\r\nProcessId: 8140\r\nImage: C:\\Windows\\System32\\rundll32.exe\r\nImageLoaded: C:\\Windows\\System32\\win32u.dll\r\nFileVersion: 10.0.18362.1139 (WinBuild.160101.0800)\r\nDescription: Win32u\r\nProduct: Microsoft Windows Operating System\r\nCompany: Microsoft Corporation\r\nOriginalFileName: Win32u.DLL\r\nHashes: SHA1=09CAA4704CC828100AA4BDB1366B5156CD1A63E4,MD5=BE23D5C90313AACEC36448136408D336,SHA256=20EE5EE473456C0853CC7B64FA9BCDBFB3C00B0848B3CFE141535C10AC944478,IMPHASH=00000000000000000000000000000000\r\nSigned: true\r\nSignature: Microsoft Windows\r\nSignatureStatus: Valid"}
