{"Message":"The audit log was cleared.\r\nSubject:\r\n\tSecurity ID:\tS-1-5-21-3940915590-64593676-1414006259-500\r\n\tAccount Name:\twardog\r\n\tDomain Name:\tWORKSTATION5\r\n\tLogon ID:\t0xC61D9","EventID":1102,"SourceName":"Microsoft-Windows-Eventlog","TimeCreated":"2020-10-29T12:16:07.900Z","Hostname":"WORKSTATION5","Task":"104","Level":"4","Keywords":"0x4020000000000000","Channel":"Security","ProviderGuid":"{fc65ddd8-d6ef-4962-83d5-6e5cfe9ce148}","@timestamp":"2020-10-29T12:16:07.900Z"}
{"@timestamp":"2020-10-29T12:16:09.213Z","TimeCreated":"2020-10-29T12:16:09.213Z","ProviderGuid":"{54849625-5478-4994-a5ba-3e3b0328c30d}","SourcePort":"65353","LayerName":"%%14608","SourceAddress":"0.0.0.0","Level":"0","Channel":"Security","Task":"12810","Protocol":"6","SourceName":"Microsoft-Windows-Security-Auditing","Hostname":"WORKSTATION5","ProcessId":"3304","LayerRTID":"36","FilterRTID":"0","EventID":5158,"Keywords":"0x8020000000000000","Application":"\\device\\harddiskvolume2\\windowsazure\\guestagent_2.7.41491.993_2020-10-08_063613\\waappagent.exe","Message":"The Windows Filtering Platform has permitted a bind to a local port.\r\n\r\nApplication Information:\r\n\tProcess ID:\t\t3304\r\n\tApplication Name:\t\\device\\harddiskvolume2\\windowsazure\\guestagent_2.7.41491.993_2020-10-08_063613\\waappagent.exe\r\n\r\nNetwork Information:\r\n\tSource Address:\t\t0.0.0.0\r\n\tSource Port:\t\t65353\r\n\tProtocol:\t\t6\r\n\r\nFilter Information:\r\n\tFilter Run-Time ID:\t0\r\n\tLayer Name:\t\tResource Assignment\r\n\tLayer Run-Time ID:\t36"}
{"RemoteMachineID":"S-1-0-0","@timestamp":"2020-10-29T12:16:09.213Z","TimeCreated":"2020-10-29T12:16:09.213Z","Direction":"%%14593","DestPort":"80","ProviderGuid":"{54849625-5478-4994-a5ba-3e3b0328c30d}","RemoteUserID":"S-1-0-0","SourcePort":"65353","LayerName":"%%14611","SourceAddress":"192.168.2.5","Level":"0","Channel":"Security","Task":"12810","Protocol":"6","DestAddress":"168.63.129.16","SourceName":"Microsoft-Windows-Security-Auditing","Hostname":"WORKSTATION5","ProcessID":"3304","LayerRTID":"48","FilterRTID":"69895","EventID":5156,"Keywords":"0x8020000000000000","Application":"\\device\\harddiskvolume2\\windowsazure\\guestagent_2.7.41491.993_2020-10-08_063613\\waappagent.exe","Message":"The Windows Filtering Platform has permitted a connection.\r\n\r\nApplication Information:\r\n\tProcess ID:\t\t3304\r\n\tApplication Name:\t\\device\\harddiskvolume2\\windowsazure\\guestagent_2.7.41491.993_2020-10-08_063613\\waappagent.exe\r\n\r\nNetwork Information:\r\n\tDirection:\t\tOutbound\r\n\tSource Address:\t\t192.168.2.5\r\n\tSource Port:\t\t65353\r\n\tDestination Address:\t168.63.129.16\r\n\tDestination Port:\t\t80\r\n\tProtocol:\t\t6\r\n\r\nFilter Information:\r\n\tFilter Run-Time ID:\t69895\r\n\tLayer Name:\t\tConnect\r\n\tLayer Run-Time ID:\t48"}
{"@timestamp":"2020-10-29T12:16:09.914Z","TimeCreated":"2020-10-29T12:16:09.914Z","CommandLine":"\"C:\\windows\\system32\\netsh.exe\" advfirewall firewall add rule name=python.exe dir=in action=allow description=python.exe program=C:\\users\\wardog\\appdata\\local\\programs\\python\\python39\\python.exe enable=yes localport=any protocol=tcp remoteip=any","SubjectLogonId":"0xc61d9","NewProcessId":"0x2b74","SubjectDomainName":"WORKSTATION5","ProviderGuid":"{54849625-5478-4994-a5ba-3e3b0328c30d}","TargetLogonId":"0x0","TokenElevationType":"%%1936","SubjectUserSid":"S-1-5-21-3940915590-64593676-1414006259-500","NewProcessName":"C:\\Windows\\System32\\netsh.exe","Level":"0","Channel":"Security","Task":"13312","SourceName":"Microsoft-Windows-Security-Auditing","Hostname":"WORKSTATION5","TargetDomainName":"-","ProcessId":"0x2468","TargetUserName":"-","ParentProcessName":"C:\\Windows\\System32\\WindowsPowerShell\\v1.0\\powershell.exe","TargetUserSid":"S-1-0-0","EventID":4688,"Keywords":"0x8020000000000000","SubjectUserName":"wardog","MandatoryLabel":"S-1-16-12288","Message":"A new process has been created.\r\n\r\nCreator Subject:\r\n\tSecurity ID:\t\tS-1-5-21-3940915590-64593676-1414006259-500\r\n\tAccount Name:\t\twardog\r\n\tAccount Domain:\t\tWORKSTATION5\r\n\tLogon ID:\t\t0xC61D9\r\n\r\nTarget Subject:\r\n\tSecurity ID:\t\tS-1-0-0\r\n\tAccount Name:\t\t-\r\n\tAccount Domain:\t\t-\r\n\tLogon ID:\t\t0x0\r\n\r\nProcess Information:\r\n\tNew Process ID:\t\t0x2b74\r\n\tNew Process Name:\tC:\\Windows\\System32\\netsh.exe\r\n\tToken Elevation Type:\t%%1936\r\n\tMandatory Label:\t\tS-1-16-12288\r\n\tCreator Process ID:\t0x2468\r\n\tCreator Process Name:\tC:\\Windows\\System32\\WindowsPowerShell\\v1.0\\powershell.exe\r\n\tProcess Command Line:\t\"C:\\windows\\system32\\netsh.exe\" advfirewall firewall add rule name=python.exe dir=in action=allow description=python.exe program=C:\\users\\wardog\\appdata\\local\\programs\\python\\python39\\python.exe enable=yes localport=any protocol=tcp remoteip=any\r\n\r\nToken Elevation Type indicates the type of token that was assigned to the new process in accordance with User Account Control policy.\r\n\r\nType 1 is a full token with no privileges removed or groups disabled.  A full token is only used if User Account Control is disabled or if the user is the built-in Administrator account or a service account.\r\n\r\nType 2 is an elevated token with no privileges removed or groups disabled.  An elevated token is used when User Account Control is enabled and the user chooses to start the program using Run as administrator.  An elevated token is also used when an application is configured to always require administrative privilege or to always require maximum privilege, and the user is a member of the Administrators group.\r\n\r\nType 3 is a limited token with administrative privileges removed and administrative groups disabled.  The limited token is used when User Account Control is enabled, the application does not require administrative privilege, and the user does not choose to start the program using Run as administrator."}
{"@timestamp":"2020-10-29T12:16:09.928Z","TimeCreated":"2020-10-29T12:16:09.928Z","SubjectLogonId":"0xc61d9","SubjectDomainName":"WORKSTATION5","ProviderGuid":"{54849625-5478-4994-a5ba-3e3b0328c30d}","SubjectUserSid":"S-1-5-21-3940915590-64593676-1414006259-500","SourceHandleId":"0x90","Level":"0","Channel":"Security","Task":"12807","TargetHandleId":"0x4794","SourceName":"Microsoft-Windows-Security-Auditing","Hostname":"WORKSTATION5","SourceProcessId":"0x2b74","EventID":4690,"Keywords":"0x8020000000000000","TargetProcessId":"0x4","SubjectUserName":"wardog","Message":"An attempt was made to duplicate a handle to an object.\r\n\r\nSubject:\r\n\tSecurity ID:\t\tS-1-5-21-3940915590-64593676-1414006259-500\r\n\tAccount Name:\t\twardog\r\n\tAccount Domain:\t\tWORKSTATION5\r\n\tLogon ID:\t\t0xC61D9\r\n\r\nSource Handle Information:\r\n\tSource Handle ID:\t0x90\r\n\tSource Process ID:\t0x2b74\r\n\r\nNew Handle Information:\r\n\tTarget Handle ID:\t0x4794\r\n\tTarget Process ID:\t0x4"}
{"@timestamp":"2020-10-29T12:16:09.928Z","TimeCreated":"2020-10-29T12:16:09.928Z","SubjectLogonId":"0xc61d9","SubjectDomainName":"WORKSTATION5","ProviderGuid":"{54849625-5478-4994-a5ba-3e3b0328c30d}","ObjectServer":"Security","HandleId":"0x4794","SubjectUserSid":"S-1-5-21-3940915590-64593676-1414006259-500","Level":"0","Channel":"Security","Task":"12801","SourceName":"Microsoft-Windows-Security-Auditing","Hostname":"WORKSTATION5","ProcessName":"C:\\Windows\\System32\\netsh.exe","ProcessId":"0x2b74","EventID":4658,"Keywords":"0x8020000000000000","SubjectUserName":"wardog","Message":"The handle to an object was closed.\r\n\r\nSubject :\r\n\tSecurity ID:\t\tS-1-5-21-3940915590-64593676-1414006259-500\r\n\tAccount Name:\t\twardog\r\n\tAccount Domain:\t\tWORKSTATION5\r\n\tLogon ID:\t\t0xC61D9\r\n\r\nObject:\r\n\tObject Server:\t\tSecurity\r\n\tHandle ID:\t\t0x4794\r\n\r\nProcess Information:\r\n\tProcess ID:\t\t0x2b74\r\n\tProcess Name:\t\tC:\\Windows\\System32\\netsh.exe"}
{"Keywords":"0x8020000000000000","Task":"12801","ObjectServer":"Security","TimeCreated":"2020-10-29T12:16:09.928Z","RestrictedSidCount":"0","SubjectUserSid":"S-1-5-21-3940915590-64593676-1414006259-500","ObjectName":"\\REGISTRY\\MACHINE\\SYSTEM\\ControlSet001\\Control\\Lsa","SubjectLogonId":"0xc61d9","ResourceAttributes":"-","PrivilegeList":"-","TransactionId":"{00000000-0000-0000-0000-000000000000}","AccessMask":"0x1","SourceName":"Microsoft-Windows-Security-Auditing","SubjectDomainName":"WORKSTATION5","ObjectType":"Key","ProcessName":"C:\\Windows\\System32\\netsh.exe","AccessReason":"-","ProcessId":"0x2b74","SubjectUserName":"wardog","AccessList":"%%4432\n\t\t\t\t","@timestamp":"2020-10-29T12:16:09.928Z","HandleId":"0x90","Hostname":"WORKSTATION5","Channel":"Security","Level":"0","EventID":4656,"ProviderGuid":"{54849625-5478-4994-a5ba-3e3b0328c30d}","Message":"A handle to an object was requested.\r\n\r\nSubject:\r\n\tSecurity ID:\t\tS-1-5-21-3940915590-64593676-1414006259-500\r\n\tAccount Name:\t\twardog\r\n\tAccount Domain:\t\tWORKSTATION5\r\n\tLogon ID:\t\t0xC61D9\r\n\r\nObject:\r\n\tObject Server:\t\tSecurity\r\n\tObject Type:\t\tKey\r\n\tObject Name:\t\t\\REGISTRY\\MACHINE\\SYSTEM\\ControlSet001\\Control\\Lsa\r\n\tHandle ID:\t\t0x90\r\n\tResource Attributes:\t-\r\n\r\nProcess Information:\r\n\tProcess ID:\t\t0x2b74\r\n\tProcess Name:\t\tC:\\Windows\\System32\\netsh.exe\r\n\r\nAccess Request Information:\r\n\tTransaction ID:\t\t{00000000-0000-0000-0000-000000000000}\r\n\tAccesses:\t\tQuery key value\r\n\t\t\t\t\r\n\tAccess Reasons:\t\t-\r\n\tAccess Mask:\t\t0x1\r\n\tPrivileges Used for Access Check:\t-\r\n\tRestricted SID Count:\t0"}
{"@timestamp":"2020-10-29T12:16:09.928Z","TimeCreated":"2020-10-29T12:16:09.928Z","SubjectLogonId":"0xc61d9","ResourceAttributes":"-","SubjectDomainName":"WORKSTATION5","ProviderGuid":"{54849625-5478-4994-a5ba-3e3b0328c30d}","AccessList":"%%4432\n\t\t\t\t","ObjectServer":"Security","HandleId":"0x90","ObjectType":"Key","SubjectUserSid":"S-1-5-21-3940915590-64593676-1414006259-500","Level":"0","Channel":"Security","Task":"12801","ObjectName":"\\REGISTRY\\MACHINE\\SYSTEM\\ControlSet001\\Control\\Lsa","AccessMask":"0x1","SourceName":"Microsoft-Windows-Security-Auditing","Hostname":"WORKSTATION5","ProcessName":"C:\\Windows\\System32\\netsh.exe","ProcessId":"0x2b74","EventID":4663,"Keywords":"0x8020000000000000","SubjectUserName":"wardog","Message":"An attempt was made to access an object.\r\n\r\nSubject:\r\n\tSecurity ID:\t\tS-1-5-21-3940915590-64593676-1414006259-500\r\n\tAccount Name:\t\twardog\r\n\tAccount Domain:\t\tWORKSTATION5\r\n\tLogon ID:\t\t0xC61D9\r\n\r\nObject:\r\n\tObject Server:\t\tSecurity\r\n\tObject Type:\t\tKey\r\n\tObject Name:\t\t\\REGISTRY\\MACHINE\\SYSTEM\\ControlSet001\\Control\\Lsa\r\n\tHandle ID:\t\t0x90\r\n\tResource Attributes:\t-\r\n\r\nProcess Information:\r\n\tProcess ID:\t\t0x2b74\r\n\tProcess Name:\t\tC:\\Windows\\System32\\netsh.exe\r\n\r\nAccess Request Information:\r\n\tAccesses:\t\tQuery key value\r\n\t\t\t\t\r\n\tAccess Mask:\t\t0x1"}
{"@timestamp":"2020-10-29T12:16:09.928Z","TimeCreated":"2020-10-29T12:16:09.928Z","SubjectLogonId":"0xc61d9","SubjectDomainName":"WORKSTATION5","ProviderGuid":"{54849625-5478-4994-a5ba-3e3b0328c30d}","ObjectServer":"Security","HandleId":"0x90","SubjectUserSid":"S-1-5-21-3940915590-64593676-1414006259-500","Level":"0","Channel":"Security","Task":"12801","SourceName":"Microsoft-Windows-Security-Auditing","Hostname":"WORKSTATION5","ProcessName":"C:\\Windows\\System32\\netsh.exe","ProcessId":"0x2b74","EventID":4658,"Keywords":"0x8020000000000000","SubjectUserName":"wardog","Message":"The handle to an object was closed.\r\n\r\nSubject :\r\n\tSecurity ID:\t\tS-1-5-21-3940915590-64593676-1414006259-500\r\n\tAccount Name:\t\twardog\r\n\tAccount Domain:\t\tWORKSTATION5\r\n\tLogon ID:\t\t0xC61D9\r\n\r\nObject:\r\n\tObject Server:\t\tSecurity\r\n\tHandle ID:\t\t0x90\r\n\r\nProcess Information:\r\n\tProcess ID:\t\t0x2b74\r\n\tProcess Name:\t\tC:\\Windows\\System32\\netsh.exe"}
{"@timestamp":"2020-10-29T12:16:10.155Z","TimeCreated":"2020-10-29T12:16:10.155Z","SubjectLogonId":"0xc61d9","SubjectDomainName":"WORKSTATION5","ProviderGuid":"{54849625-5478-4994-a5ba-3e3b0328c30d}","SubjectUserSid":"S-1-5-21-3940915590-64593676-1414006259-500","SourceHandleId":"0x4a8","Level":"0","Channel":"Security","Task":"12807","TargetHandleId":"0x3ff8","SourceName":"Microsoft-Windows-Security-Auditing","Hostname":"WORKSTATION5","SourceProcessId":"0x2b74","EventID":4690,"Keywords":"0x8020000000000000","TargetProcessId":"0x4","SubjectUserName":"wardog","Message":"An attempt was made to duplicate a handle to an object.\r\n\r\nSubject:\r\n\tSecurity ID:\t\tS-1-5-21-3940915590-64593676-1414006259-500\r\n\tAccount Name:\t\twardog\r\n\tAccount Domain:\t\tWORKSTATION5\r\n\tLogon ID:\t\t0xC61D9\r\n\r\nSource Handle Information:\r\n\tSource Handle ID:\t0x4a8\r\n\tSource Process ID:\t0x2b74\r\n\r\nNew Handle Information:\r\n\tTarget Handle ID:\t0x3ff8\r\n\tTarget Process ID:\t0x4"}
{"@timestamp":"2020-10-29T12:16:10.155Z","TimeCreated":"2020-10-29T12:16:10.155Z","SubjectLogonId":"0xc61d9","SubjectDomainName":"WORKSTATION5","ProviderGuid":"{54849625-5478-4994-a5ba-3e3b0328c30d}","ObjectServer":"Security","HandleId":"0x3ff8","SubjectUserSid":"S-1-5-21-3940915590-64593676-1414006259-500","Level":"0","Channel":"Security","Task":"12801","SourceName":"Microsoft-Windows-Security-Auditing","Hostname":"WORKSTATION5","ProcessName":"C:\\Windows\\System32\\netsh.exe","ProcessId":"0x2b74","EventID":4658,"Keywords":"0x8020000000000000","SubjectUserName":"wardog","Message":"The handle to an object was closed.\r\n\r\nSubject :\r\n\tSecurity ID:\t\tS-1-5-21-3940915590-64593676-1414006259-500\r\n\tAccount Name:\t\twardog\r\n\tAccount Domain:\t\tWORKSTATION5\r\n\tLogon ID:\t\t0xC61D9\r\n\r\nObject:\r\n\tObject Server:\t\tSecurity\r\n\tHandle ID:\t\t0x3ff8\r\n\r\nProcess Information:\r\n\tProcess ID:\t\t0x2b74\r\n\tProcess Name:\t\tC:\\Windows\\System32\\netsh.exe"}
{"Keywords":"0x8020000000000000","Task":"12801","ObjectServer":"Security","TimeCreated":"2020-10-29T12:16:10.155Z","RestrictedSidCount":"0","SubjectUserSid":"S-1-5-21-3940915590-64593676-1414006259-500","ObjectName":"\\REGISTRY\\MACHINE\\SOFTWARE\\Microsoft\\Windows NT\\CurrentVersion\\Winlogon","SubjectLogonId":"0xc61d9","ResourceAttributes":"-","PrivilegeList":"-","TransactionId":"{00000000-0000-0000-0000-000000000000}","AccessMask":"0x20019","SourceName":"Microsoft-Windows-Security-Auditing","SubjectDomainName":"WORKSTATION5","ObjectType":"Key","ProcessName":"C:\\Windows\\System32\\netsh.exe","AccessReason":"-","ProcessId":"0x2b74","SubjectUserName":"wardog","AccessList":"%%1538\n\t\t\t\t%%4432\n\t\t\t\t%%4435\n\t\t\t\t%%4436\n\t\t\t\t","@timestamp":"2020-10-29T12:16:10.155Z","HandleId":"0x4a8","Hostname":"WORKSTATION5","Channel":"Security","Level":"0","EventID":4656,"ProviderGuid":"{54849625-5478-4994-a5ba-3e3b0328c30d}","Message":"A handle to an object was requested.\r\n\r\nSubject:\r\n\tSecurity ID:\t\tS-1-5-21-3940915590-64593676-1414006259-500\r\n\tAccount Name:\t\twardog\r\n\tAccount Domain:\t\tWORKSTATION5\r\n\tLogon ID:\t\t0xC61D9\r\n\r\nObject:\r\n\tObject Server:\t\tSecurity\r\n\tObject Type:\t\tKey\r\n\tObject Name:\t\t\\REGISTRY\\MACHINE\\SOFTWARE\\Microsoft\\Windows NT\\CurrentVersion\\Winlogon\r\n\tHandle ID:\t\t0x4a8\r\n\tResource Attributes:\t-\r\n\r\nProcess Information:\r\n\tProcess ID:\t\t0x2b74\r\n\tProcess Name:\t\tC:\\Windows\\System32\\netsh.exe\r\n\r\nAccess Request Information:\r\n\tTransaction ID:\t\t{00000000-0000-0000-0000-000000000000}\r\n\tAccesses:\t\tREAD_CONTROL\r\n\t\t\t\tQuery key value\r\n\t\t\t\tEnumerate sub-keys\r\n\t\t\t\tNotify about changes to keys\r\n\t\t\t\t\r\n\tAccess Reasons:\t\t-\r\n\tAccess Mask:\t\t0x20019\r\n\tPrivileges Used for Access Check:\t-\r\n\tRestricted SID Count:\t0"}
{"@timestamp":"2020-10-29T12:16:10.155Z","TimeCreated":"2020-10-29T12:16:10.155Z","SubjectLogonId":"0xc61d9","ResourceAttributes":"-","SubjectDomainName":"WORKSTATION5","ProviderGuid":"{54849625-5478-4994-a5ba-3e3b0328c30d}","AccessList":"%%4432\n\t\t\t\t","ObjectServer":"Security","HandleId":"0x4a8","ObjectType":"Key","SubjectUserSid":"S-1-5-21-3940915590-64593676-1414006259-500","Level":"0","Channel":"Security","Task":"12801","ObjectName":"\\REGISTRY\\MACHINE\\SOFTWARE\\Microsoft\\Windows NT\\CurrentVersion\\Winlogon","AccessMask":"0x1","SourceName":"Microsoft-Windows-Security-Auditing","Hostname":"WORKSTATION5","ProcessName":"C:\\Windows\\System32\\netsh.exe","ProcessId":"0x2b74","EventID":4663,"Keywords":"0x8020000000000000","SubjectUserName":"wardog","Message":"An attempt was made to access an object.\r\n\r\nSubject:\r\n\tSecurity ID:\t\tS-1-5-21-3940915590-64593676-1414006259-500\r\n\tAccount Name:\t\twardog\r\n\tAccount Domain:\t\tWORKSTATION5\r\n\tLogon ID:\t\t0xC61D9\r\n\r\nObject:\r\n\tObject Server:\t\tSecurity\r\n\tObject Type:\t\tKey\r\n\tObject Name:\t\t\\REGISTRY\\MACHINE\\SOFTWARE\\Microsoft\\Windows NT\\CurrentVersion\\Winlogon\r\n\tHandle ID:\t\t0x4a8\r\n\tResource Attributes:\t-\r\n\r\nProcess Information:\r\n\tProcess ID:\t\t0x2b74\r\n\tProcess Name:\t\tC:\\Windows\\System32\\netsh.exe\r\n\r\nAccess Request Information:\r\n\tAccesses:\t\tQuery key value\r\n\t\t\t\t\r\n\tAccess Mask:\t\t0x1"}
{"@timestamp":"2020-10-29T12:16:10.155Z","TimeCreated":"2020-10-29T12:16:10.155Z","SubjectLogonId":"0xc61d9","SubjectDomainName":"WORKSTATION5","ProviderGuid":"{54849625-5478-4994-a5ba-3e3b0328c30d}","ObjectServer":"Security","HandleId":"0x4a8","SubjectUserSid":"S-1-5-21-3940915590-64593676-1414006259-500","Level":"0","Channel":"Security","Task":"12801","SourceName":"Microsoft-Windows-Security-Auditing","Hostname":"WORKSTATION5","ProcessName":"C:\\Windows\\System32\\netsh.exe","ProcessId":"0x2b74","EventID":4658,"Keywords":"0x8020000000000000","SubjectUserName":"wardog","Message":"The handle to an object was closed.\r\n\r\nSubject :\r\n\tSecurity ID:\t\tS-1-5-21-3940915590-64593676-1414006259-500\r\n\tAccount Name:\t\twardog\r\n\tAccount Domain:\t\tWORKSTATION5\r\n\tLogon ID:\t\t0xC61D9\r\n\r\nObject:\r\n\tObject Server:\t\tSecurity\r\n\tHandle ID:\t\t0x4a8\r\n\r\nProcess Information:\r\n\tProcess ID:\t\t0x2b74\r\n\tProcess Name:\t\tC:\\Windows\\System32\\netsh.exe"}
{"@timestamp":"2020-10-29T12:16:10.168Z","TimeCreated":"2020-10-29T12:16:10.168Z","SubjectLogonId":"0x3e5","SubjectDomainName":"NT AUTHORITY","ProviderGuid":"{54849625-5478-4994-a5ba-3e3b0328c30d}","SubjectUserSid":"S-1-5-19","SourceHandleId":"0x83c","Level":"0","Channel":"Security","Task":"12807","TargetHandleId":"0x1f34","SourceName":"Microsoft-Windows-Security-Auditing","Hostname":"WORKSTATION5","SourceProcessId":"0xb84","EventID":4690,"Keywords":"0x8020000000000000","TargetProcessId":"0x4","SubjectUserName":"LOCAL SERVICE","Message":"An attempt was made to duplicate a handle to an object.\r\n\r\nSubject:\r\n\tSecurity ID:\t\tS-1-5-19\r\n\tAccount Name:\t\tLOCAL SERVICE\r\n\tAccount Domain:\t\tNT AUTHORITY\r\n\tLogon ID:\t\t0x3E5\r\n\r\nSource Handle Information:\r\n\tSource Handle ID:\t0x83c\r\n\tSource Process ID:\t0xb84\r\n\r\nNew Handle Information:\r\n\tTarget Handle ID:\t0x1f34\r\n\tTarget Process ID:\t0x4"}
{"@timestamp":"2020-10-29T12:16:10.168Z","TimeCreated":"2020-10-29T12:16:10.168Z","SubjectLogonId":"0x3e5","SubjectDomainName":"NT AUTHORITY","ProviderGuid":"{54849625-5478-4994-a5ba-3e3b0328c30d}","ObjectServer":"Security","HandleId":"0x1f34","SubjectUserSid":"S-1-5-19","Level":"0","Channel":"Security","Task":"12801","SourceName":"Microsoft-Windows-Security-Auditing","Hostname":"WORKSTATION5","ProcessName":"C:\\Windows\\System32\\svchost.exe","ProcessId":"0xb84","EventID":4658,"Keywords":"0x8020000000000000","SubjectUserName":"LOCAL SERVICE","Message":"The handle to an object was closed.\r\n\r\nSubject :\r\n\tSecurity ID:\t\tS-1-5-19\r\n\tAccount Name:\t\tLOCAL SERVICE\r\n\tAccount Domain:\t\tNT AUTHORITY\r\n\tLogon ID:\t\t0x3E5\r\n\r\nObject:\r\n\tObject Server:\t\tSecurity\r\n\tHandle ID:\t\t0x1f34\r\n\r\nProcess Information:\r\n\tProcess ID:\t\t0xb84\r\n\tProcess Name:\t\tC:\\Windows\\System32\\svchost.exe"}
{"Keywords":"0x8020000000000000","Task":"12801","ObjectServer":"Security","TimeCreated":"2020-10-29T12:16:10.168Z","RestrictedSidCount":"5","SubjectUserSid":"S-1-5-19","ObjectName":"\\REGISTRY\\MACHINE\\SYSTEM\\ControlSet001\\Control\\Lsa","SubjectLogonId":"0x3e5","ResourceAttributes":"-","PrivilegeList":"-","TransactionId":"{00000000-0000-0000-0000-000000000000}","AccessMask":"0x1","SourceName":"Microsoft-Windows-Security-Auditing","SubjectDomainName":"NT AUTHORITY","ObjectType":"Key","ProcessName":"C:\\Windows\\System32\\svchost.exe","AccessReason":"-","ProcessId":"0xb84","SubjectUserName":"LOCAL SERVICE","AccessList":"%%4432\n\t\t\t\t","@timestamp":"2020-10-29T12:16:10.168Z","HandleId":"0x83c","Hostname":"WORKSTATION5","Channel":"Security","Level":"0","EventID":4656,"ProviderGuid":"{54849625-5478-4994-a5ba-3e3b0328c30d}","Message":"A handle to an object was requested.\r\n\r\nSubject:\r\n\tSecurity ID:\t\tS-1-5-19\r\n\tAccount Name:\t\tLOCAL SERVICE\r\n\tAccount Domain:\t\tNT AUTHORITY\r\n\tLogon ID:\t\t0x3E5\r\n\r\nObject:\r\n\tObject Server:\t\tSecurity\r\n\tObject Type:\t\tKey\r\n\tObject Name:\t\t\\REGISTRY\\MACHINE\\SYSTEM\\ControlSet001\\Control\\Lsa\r\n\tHandle ID:\t\t0x83c\r\n\tResource Attributes:\t-\r\n\r\nProcess Information:\r\n\tProcess ID:\t\t0xb84\r\n\tProcess Name:\t\tC:\\Windows\\System32\\svchost.exe\r\n\r\nAccess Request Information:\r\n\tTransaction ID:\t\t{00000000-0000-0000-0000-000000000000}\r\n\tAccesses:\t\tQuery key value\r\n\t\t\t\t\r\n\tAccess Reasons:\t\t-\r\n\tAccess Mask:\t\t0x1\r\n\tPrivileges Used for Access Check:\t-\r\n\tRestricted SID Count:\t5"}
{"@timestamp":"2020-10-29T12:16:10.168Z","TimeCreated":"2020-10-29T12:16:10.168Z","SubjectLogonId":"0x3e5","ResourceAttributes":"-","SubjectDomainName":"NT AUTHORITY","ProviderGuid":"{54849625-5478-4994-a5ba-3e3b0328c30d}","AccessList":"%%4432\n\t\t\t\t","ObjectServer":"Security","HandleId":"0x83c","ObjectType":"Key","SubjectUserSid":"S-1-5-19","Level":"0","Channel":"Security","Task":"12801","ObjectName":"\\REGISTRY\\MACHINE\\SYSTEM\\ControlSet001\\Control\\Lsa","AccessMask":"0x1","SourceName":"Microsoft-Windows-Security-Auditing","Hostname":"WORKSTATION5","ProcessName":"C:\\Windows\\System32\\svchost.exe","ProcessId":"0xb84","EventID":4663,"Keywords":"0x8020000000000000","SubjectUserName":"LOCAL SERVICE","Message":"An attempt was made to access an object.\r\n\r\nSubject:\r\n\tSecurity ID:\t\tS-1-5-19\r\n\tAccount Name:\t\tLOCAL SERVICE\r\n\tAccount Domain:\t\tNT AUTHORITY\r\n\tLogon ID:\t\t0x3E5\r\n\r\nObject:\r\n\tObject Server:\t\tSecurity\r\n\tObject Type:\t\tKey\r\n\tObject Name:\t\t\\REGISTRY\\MACHINE\\SYSTEM\\ControlSet001\\Control\\Lsa\r\n\tHandle ID:\t\t0x83c\r\n\tResource Attributes:\t-\r\n\r\nProcess Information:\r\n\tProcess ID:\t\t0xb84\r\n\tProcess Name:\t\tC:\\Windows\\System32\\svchost.exe\r\n\r\nAccess Request Information:\r\n\tAccesses:\t\tQuery key value\r\n\t\t\t\t\r\n\tAccess Mask:\t\t0x1"}
{"@timestamp":"2020-10-29T12:16:10.168Z","TimeCreated":"2020-10-29T12:16:10.168Z","SubjectLogonId":"0x3e5","SubjectDomainName":"NT AUTHORITY","ProviderGuid":"{54849625-5478-4994-a5ba-3e3b0328c30d}","ObjectServer":"Security","HandleId":"0x83c","SubjectUserSid":"S-1-5-19","Level":"0","Channel":"Security","Task":"12801","SourceName":"Microsoft-Windows-Security-Auditing","Hostname":"WORKSTATION5","ProcessName":"C:\\Windows\\System32\\svchost.exe","ProcessId":"0xb84","EventID":4658,"Keywords":"0x8020000000000000","SubjectUserName":"LOCAL SERVICE","Message":"The handle to an object was closed.\r\n\r\nSubject :\r\n\tSecurity ID:\t\tS-1-5-19\r\n\tAccount Name:\t\tLOCAL SERVICE\r\n\tAccount Domain:\t\tNT AUTHORITY\r\n\tLogon ID:\t\t0x3E5\r\n\r\nObject:\r\n\tObject Server:\t\tSecurity\r\n\tHandle ID:\t\t0x83c\r\n\r\nProcess Information:\r\n\tProcess ID:\t\t0xb84\r\n\tProcess Name:\t\tC:\\Windows\\System32\\svchost.exe"}
{"@timestamp":"2020-10-29T12:16:10.169Z","TimeCreated":"2020-10-29T12:16:10.169Z","SubjectLogonId":"0x3e5","SubjectDomainName":"NT AUTHORITY","ProviderGuid":"{54849625-5478-4994-a5ba-3e3b0328c30d}","SubjectUserSid":"S-1-5-19","SourceHandleId":"0x79c","Level":"0","Channel":"Security","Task":"12807","TargetHandleId":"0x3cc8","SourceName":"Microsoft-Windows-Security-Auditing","Hostname":"WORKSTATION5","SourceProcessId":"0xb84","EventID":4690,"Keywords":"0x8020000000000000","TargetProcessId":"0x4","SubjectUserName":"LOCAL SERVICE","Message":"An attempt was made to duplicate a handle to an object.\r\n\r\nSubject:\r\n\tSecurity ID:\t\tS-1-5-19\r\n\tAccount Name:\t\tLOCAL SERVICE\r\n\tAccount Domain:\t\tNT AUTHORITY\r\n\tLogon ID:\t\t0x3E5\r\n\r\nSource Handle Information:\r\n\tSource Handle ID:\t0x79c\r\n\tSource Process ID:\t0xb84\r\n\r\nNew Handle Information:\r\n\tTarget Handle ID:\t0x3cc8\r\n\tTarget Process ID:\t0x4"}
{"@timestamp":"2020-10-29T12:16:10.169Z","TimeCreated":"2020-10-29T12:16:10.169Z","SubjectLogonId":"0x3e5","SubjectDomainName":"NT AUTHORITY","ProviderGuid":"{54849625-5478-4994-a5ba-3e3b0328c30d}","ObjectServer":"Security","HandleId":"0x3cc8","SubjectUserSid":"S-1-5-19","Level":"0","Channel":"Security","Task":"12801","SourceName":"Microsoft-Windows-Security-Auditing","Hostname":"WORKSTATION5","ProcessName":"C:\\Windows\\System32\\svchost.exe","ProcessId":"0xb84","EventID":4658,"Keywords":"0x8020000000000000","SubjectUserName":"LOCAL SERVICE","Message":"The handle to an object was closed.\r\n\r\nSubject :\r\n\tSecurity ID:\t\tS-1-5-19\r\n\tAccount Name:\t\tLOCAL SERVICE\r\n\tAccount Domain:\t\tNT AUTHORITY\r\n\tLogon ID:\t\t0x3E5\r\n\r\nObject:\r\n\tObject Server:\t\tSecurity\r\n\tHandle ID:\t\t0x3cc8\r\n\r\nProcess Information:\r\n\tProcess ID:\t\t0xb84\r\n\tProcess Name:\t\tC:\\Windows\\System32\\svchost.exe"}
{"Keywords":"0x8020000000000000","Task":"12801","ObjectServer":"Security","TimeCreated":"2020-10-29T12:16:10.169Z","RestrictedSidCount":"5","SubjectUserSid":"S-1-5-19","ObjectName":"\\REGISTRY\\MACHINE\\SYSTEM\\ControlSet001\\Control\\Lsa","SubjectLogonId":"0x3e5","ResourceAttributes":"-","PrivilegeList":"-","TransactionId":"{00000000-0000-0000-0000-000000000000}","AccessMask":"0x1","SourceName":"Microsoft-Windows-Security-Auditing","SubjectDomainName":"NT AUTHORITY","ObjectType":"Key","ProcessName":"C:\\Windows\\System32\\svchost.exe","AccessReason":"-","ProcessId":"0xb84","SubjectUserName":"LOCAL SERVICE","AccessList":"%%4432\n\t\t\t\t","@timestamp":"2020-10-29T12:16:10.169Z","HandleId":"0x79c","Hostname":"WORKSTATION5","Channel":"Security","Level":"0","EventID":4656,"ProviderGuid":"{54849625-5478-4994-a5ba-3e3b0328c30d}","Message":"A handle to an object was requested.\r\n\r\nSubject:\r\n\tSecurity ID:\t\tS-1-5-19\r\n\tAccount Name:\t\tLOCAL SERVICE\r\n\tAccount Domain:\t\tNT AUTHORITY\r\n\tLogon ID:\t\t0x3E5\r\n\r\nObject:\r\n\tObject Server:\t\tSecurity\r\n\tObject Type:\t\tKey\r\n\tObject Name:\t\t\\REGISTRY\\MACHINE\\SYSTEM\\ControlSet001\\Control\\Lsa\r\n\tHandle ID:\t\t0x79c\r\n\tResource Attributes:\t-\r\n\r\nProcess Information:\r\n\tProcess ID:\t\t0xb84\r\n\tProcess Name:\t\tC:\\Windows\\System32\\svchost.exe\r\n\r\nAccess Request Information:\r\n\tTransaction ID:\t\t{00000000-0000-0000-0000-000000000000}\r\n\tAccesses:\t\tQuery key value\r\n\t\t\t\t\r\n\tAccess Reasons:\t\t-\r\n\tAccess Mask:\t\t0x1\r\n\tPrivileges Used for Access Check:\t-\r\n\tRestricted SID Count:\t5"}
{"@timestamp":"2020-10-29T12:16:10.169Z","TimeCreated":"2020-10-29T12:16:10.169Z","SubjectLogonId":"0x3e5","ResourceAttributes":"-","SubjectDomainName":"NT AUTHORITY","ProviderGuid":"{54849625-5478-4994-a5ba-3e3b0328c30d}","AccessList":"%%4432\n\t\t\t\t","ObjectServer":"Security","HandleId":"0x79c","ObjectType":"Key","SubjectUserSid":"S-1-5-19","Level":"0","Channel":"Security","Task":"12801","ObjectName":"\\REGISTRY\\MACHINE\\SYSTEM\\ControlSet001\\Control\\Lsa","AccessMask":"0x1","SourceName":"Microsoft-Windows-Security-Auditing","Hostname":"WORKSTATION5","ProcessName":"C:\\Windows\\System32\\svchost.exe","ProcessId":"0xb84","EventID":4663,"Keywords":"0x8020000000000000","SubjectUserName":"LOCAL SERVICE","Message":"An attempt was made to access an object.\r\n\r\nSubject:\r\n\tSecurity ID:\t\tS-1-5-19\r\n\tAccount Name:\t\tLOCAL SERVICE\r\n\tAccount Domain:\t\tNT AUTHORITY\r\n\tLogon ID:\t\t0x3E5\r\n\r\nObject:\r\n\tObject Server:\t\tSecurity\r\n\tObject Type:\t\tKey\r\n\tObject Name:\t\t\\REGISTRY\\MACHINE\\SYSTEM\\ControlSet001\\Control\\Lsa\r\n\tHandle ID:\t\t0x79c\r\n\tResource Attributes:\t-\r\n\r\nProcess Information:\r\n\tProcess ID:\t\t0xb84\r\n\tProcess Name:\t\tC:\\Windows\\System32\\svchost.exe\r\n\r\nAccess Request Information:\r\n\tAccesses:\t\tQuery key value\r\n\t\t\t\t\r\n\tAccess Mask:\t\t0x1"}
{"@timestamp":"2020-10-29T12:16:10.169Z","TimeCreated":"2020-10-29T12:16:10.169Z","SubjectLogonId":"0x3e5","SubjectDomainName":"NT AUTHORITY","ProviderGuid":"{54849625-5478-4994-a5ba-3e3b0328c30d}","ObjectServer":"Security","HandleId":"0x79c","SubjectUserSid":"S-1-5-19","Level":"0","Channel":"Security","Task":"12801","SourceName":"Microsoft-Windows-Security-Auditing","Hostname":"WORKSTATION5","ProcessName":"C:\\Windows\\System32\\svchost.exe","ProcessId":"0xb84","EventID":4658,"Keywords":"0x8020000000000000","SubjectUserName":"LOCAL SERVICE","Message":"The handle to an object was closed.\r\n\r\nSubject :\r\n\tSecurity ID:\t\tS-1-5-19\r\n\tAccount Name:\t\tLOCAL SERVICE\r\n\tAccount Domain:\t\tNT AUTHORITY\r\n\tLogon ID:\t\t0x3E5\r\n\r\nObject:\r\n\tObject Server:\t\tSecurity\r\n\tHandle ID:\t\t0x79c\r\n\r\nProcess Information:\r\n\tProcess ID:\t\t0xb84\r\n\tProcess Name:\t\tC:\\Windows\\System32\\svchost.exe"}
{"@timestamp":"2020-10-29T12:16:10.169Z","TimeCreated":"2020-10-29T12:16:10.169Z","SubjectLogonId":"0x3e5","SubjectDomainName":"NT AUTHORITY","ProviderGuid":"{54849625-5478-4994-a5ba-3e3b0328c30d}","SubjectUserSid":"S-1-5-19","SourceHandleId":"0x83c","Level":"0","Channel":"Security","Task":"12807","TargetHandleId":"0x3cc8","SourceName":"Microsoft-Windows-Security-Auditing","Hostname":"WORKSTATION5","SourceProcessId":"0xb84","EventID":4690,"Keywords":"0x8020000000000000","TargetProcessId":"0x4","SubjectUserName":"LOCAL SERVICE","Message":"An attempt was made to duplicate a handle to an object.\r\n\r\nSubject:\r\n\tSecurity ID:\t\tS-1-5-19\r\n\tAccount Name:\t\tLOCAL SERVICE\r\n\tAccount Domain:\t\tNT AUTHORITY\r\n\tLogon ID:\t\t0x3E5\r\n\r\nSource Handle Information:\r\n\tSource Handle ID:\t0x83c\r\n\tSource Process ID:\t0xb84\r\n\r\nNew Handle Information:\r\n\tTarget Handle ID:\t0x3cc8\r\n\tTarget Process ID:\t0x4"}
{"@timestamp":"2020-10-29T12:16:10.169Z","TimeCreated":"2020-10-29T12:16:10.169Z","SubjectLogonId":"0x3e5","SubjectDomainName":"NT AUTHORITY","ProviderGuid":"{54849625-5478-4994-a5ba-3e3b0328c30d}","ObjectServer":"Security","HandleId":"0x3cc8","SubjectUserSid":"S-1-5-19","Level":"0","Channel":"Security","Task":"12801","SourceName":"Microsoft-Windows-Security-Auditing","Hostname":"WORKSTATION5","ProcessName":"C:\\Windows\\System32\\svchost.exe","ProcessId":"0xb84","EventID":4658,"Keywords":"0x8020000000000000","SubjectUserName":"LOCAL SERVICE","Message":"The handle to an object was closed.\r\n\r\nSubject :\r\n\tSecurity ID:\t\tS-1-5-19\r\n\tAccount Name:\t\tLOCAL SERVICE\r\n\tAccount Domain:\t\tNT AUTHORITY\r\n\tLogon ID:\t\t0x3E5\r\n\r\nObject:\r\n\tObject Server:\t\tSecurity\r\n\tHandle ID:\t\t0x3cc8\r\n\r\nProcess Information:\r\n\tProcess ID:\t\t0xb84\r\n\tProcess Name:\t\tC:\\Windows\\System32\\svchost.exe"}
{"Keywords":"0x8020000000000000","Task":"12801","ObjectServer":"Security","TimeCreated":"2020-10-29T12:16:10.169Z","RestrictedSidCount":"5","SubjectUserSid":"S-1-5-19","ObjectName":"\\REGISTRY\\MACHINE\\SYSTEM\\ControlSet001\\Control\\Lsa","SubjectLogonId":"0x3e5","ResourceAttributes":"-","PrivilegeList":"-","TransactionId":"{00000000-0000-0000-0000-000000000000}","AccessMask":"0x1","SourceName":"Microsoft-Windows-Security-Auditing","SubjectDomainName":"NT AUTHORITY","ObjectType":"Key","ProcessName":"C:\\Windows\\System32\\svchost.exe","AccessReason":"-","ProcessId":"0xb84","SubjectUserName":"LOCAL SERVICE","AccessList":"%%4432\n\t\t\t\t","@timestamp":"2020-10-29T12:16:10.169Z","HandleId":"0x83c","Hostname":"WORKSTATION5","Channel":"Security","Level":"0","EventID":4656,"ProviderGuid":"{54849625-5478-4994-a5ba-3e3b0328c30d}","Message":"A handle to an object was requested.\r\n\r\nSubject:\r\n\tSecurity ID:\t\tS-1-5-19\r\n\tAccount Name:\t\tLOCAL SERVICE\r\n\tAccount Domain:\t\tNT AUTHORITY\r\n\tLogon ID:\t\t0x3E5\r\n\r\nObject:\r\n\tObject Server:\t\tSecurity\r\n\tObject Type:\t\tKey\r\n\tObject Name:\t\t\\REGISTRY\\MACHINE\\SYSTEM\\ControlSet001\\Control\\Lsa\r\n\tHandle ID:\t\t0x83c\r\n\tResource Attributes:\t-\r\n\r\nProcess Information:\r\n\tProcess ID:\t\t0xb84\r\n\tProcess Name:\t\tC:\\Windows\\System32\\svchost.exe\r\n\r\nAccess Request Information:\r\n\tTransaction ID:\t\t{00000000-0000-0000-0000-000000000000}\r\n\tAccesses:\t\tQuery key value\r\n\t\t\t\t\r\n\tAccess Reasons:\t\t-\r\n\tAccess Mask:\t\t0x1\r\n\tPrivileges Used for Access Check:\t-\r\n\tRestricted SID Count:\t5"}
{"@timestamp":"2020-10-29T12:16:10.169Z","TimeCreated":"2020-10-29T12:16:10.169Z","SubjectLogonId":"0x3e5","ResourceAttributes":"-","SubjectDomainName":"NT AUTHORITY","ProviderGuid":"{54849625-5478-4994-a5ba-3e3b0328c30d}","AccessList":"%%4432\n\t\t\t\t","ObjectServer":"Security","HandleId":"0x83c","ObjectType":"Key","SubjectUserSid":"S-1-5-19","Level":"0","Channel":"Security","Task":"12801","ObjectName":"\\REGISTRY\\MACHINE\\SYSTEM\\ControlSet001\\Control\\Lsa","AccessMask":"0x1","SourceName":"Microsoft-Windows-Security-Auditing","Hostname":"WORKSTATION5","ProcessName":"C:\\Windows\\System32\\svchost.exe","ProcessId":"0xb84","EventID":4663,"Keywords":"0x8020000000000000","SubjectUserName":"LOCAL SERVICE","Message":"An attempt was made to access an object.\r\n\r\nSubject:\r\n\tSecurity ID:\t\tS-1-5-19\r\n\tAccount Name:\t\tLOCAL SERVICE\r\n\tAccount Domain:\t\tNT AUTHORITY\r\n\tLogon ID:\t\t0x3E5\r\n\r\nObject:\r\n\tObject Server:\t\tSecurity\r\n\tObject Type:\t\tKey\r\n\tObject Name:\t\t\\REGISTRY\\MACHINE\\SYSTEM\\ControlSet001\\Control\\Lsa\r\n\tHandle ID:\t\t0x83c\r\n\tResource Attributes:\t-\r\n\r\nProcess Information:\r\n\tProcess ID:\t\t0xb84\r\n\tProcess Name:\t\tC:\\Windows\\System32\\svchost.exe\r\n\r\nAccess Request Information:\r\n\tAccesses:\t\tQuery key value\r\n\t\t\t\t\r\n\tAccess Mask:\t\t0x1"}
{"@timestamp":"2020-10-29T12:16:10.169Z","TimeCreated":"2020-10-29T12:16:10.169Z","SubjectLogonId":"0x3e5","SubjectDomainName":"NT AUTHORITY","ProviderGuid":"{54849625-5478-4994-a5ba-3e3b0328c30d}","ObjectServer":"Security","HandleId":"0x83c","SubjectUserSid":"S-1-5-19","Level":"0","Channel":"Security","Task":"12801","SourceName":"Microsoft-Windows-Security-Auditing","Hostname":"WORKSTATION5","ProcessName":"C:\\Windows\\System32\\svchost.exe","ProcessId":"0xb84","EventID":4658,"Keywords":"0x8020000000000000","SubjectUserName":"LOCAL SERVICE","Message":"The handle to an object was closed.\r\n\r\nSubject :\r\n\tSecurity ID:\t\tS-1-5-19\r\n\tAccount Name:\t\tLOCAL SERVICE\r\n\tAccount Domain:\t\tNT AUTHORITY\r\n\tLogon ID:\t\t0x3E5\r\n\r\nObject:\r\n\tObject Server:\t\tSecurity\r\n\tHandle ID:\t\t0x83c\r\n\r\nProcess Information:\r\n\tProcess ID:\t\t0xb84\r\n\tProcess Name:\t\tC:\\Windows\\System32\\svchost.exe"}
{"@timestamp":"2020-10-29T12:16:10.169Z","TimeCreated":"2020-10-29T12:16:10.169Z","SubjectLogonId":"0x3e5","SubjectDomainName":"NT AUTHORITY","ProviderGuid":"{54849625-5478-4994-a5ba-3e3b0328c30d}","SubjectUserSid":"S-1-5-19","SourceHandleId":"0x83c","Level":"0","Channel":"Security","Task":"12807","TargetHandleId":"0x1f34","SourceName":"Microsoft-Windows-Security-Auditing","Hostname":"WORKSTATION5","SourceProcessId":"0xb84","EventID":4690,"Keywords":"0x8020000000000000","TargetProcessId":"0x4","SubjectUserName":"LOCAL SERVICE","Message":"An attempt was made to duplicate a handle to an object.\r\n\r\nSubject:\r\n\tSecurity ID:\t\tS-1-5-19\r\n\tAccount Name:\t\tLOCAL SERVICE\r\n\tAccount Domain:\t\tNT AUTHORITY\r\n\tLogon ID:\t\t0x3E5\r\n\r\nSource Handle Information:\r\n\tSource Handle ID:\t0x83c\r\n\tSource Process ID:\t0xb84\r\n\r\nNew Handle Information:\r\n\tTarget Handle ID:\t0x1f34\r\n\tTarget Process ID:\t0x4"}
{"@timestamp":"2020-10-29T12:16:10.169Z","TimeCreated":"2020-10-29T12:16:10.169Z","SubjectLogonId":"0x3e5","SubjectDomainName":"NT AUTHORITY","ProviderGuid":"{54849625-5478-4994-a5ba-3e3b0328c30d}","ObjectServer":"Security","HandleId":"0x1f34","SubjectUserSid":"S-1-5-19","Level":"0","Channel":"Security","Task":"12801","SourceName":"Microsoft-Windows-Security-Auditing","Hostname":"WORKSTATION5","ProcessName":"C:\\Windows\\System32\\svchost.exe","ProcessId":"0xb84","EventID":4658,"Keywords":"0x8020000000000000","SubjectUserName":"LOCAL SERVICE","Message":"The handle to an object was closed.\r\n\r\nSubject :\r\n\tSecurity ID:\t\tS-1-5-19\r\n\tAccount Name:\t\tLOCAL SERVICE\r\n\tAccount Domain:\t\tNT AUTHORITY\r\n\tLogon ID:\t\t0x3E5\r\n\r\nObject:\r\n\tObject Server:\t\tSecurity\r\n\tHandle ID:\t\t0x1f34\r\n\r\nProcess Information:\r\n\tProcess ID:\t\t0xb84\r\n\tProcess Name:\t\tC:\\Windows\\System32\\svchost.exe"}
{"Keywords":"0x8020000000000000","Task":"12801","ObjectServer":"Security","TimeCreated":"2020-10-29T12:16:10.169Z","RestrictedSidCount":"5","SubjectUserSid":"S-1-5-19","ObjectName":"\\REGISTRY\\MACHINE\\SYSTEM\\ControlSet001\\Control\\Lsa","SubjectLogonId":"0x3e5","ResourceAttributes":"-","PrivilegeList":"-","TransactionId":"{00000000-0000-0000-0000-000000000000}","AccessMask":"0x1","SourceName":"Microsoft-Windows-Security-Auditing","SubjectDomainName":"NT AUTHORITY","ObjectType":"Key","ProcessName":"C:\\Windows\\System32\\svchost.exe","AccessReason":"-","ProcessId":"0xb84","SubjectUserName":"LOCAL SERVICE","AccessList":"%%4432\n\t\t\t\t","@timestamp":"2020-10-29T12:16:10.169Z","HandleId":"0x83c","Hostname":"WORKSTATION5","Channel":"Security","Level":"0","EventID":4656,"ProviderGuid":"{54849625-5478-4994-a5ba-3e3b0328c30d}","Message":"A handle to an object was requested.\r\n\r\nSubject:\r\n\tSecurity ID:\t\tS-1-5-19\r\n\tAccount Name:\t\tLOCAL SERVICE\r\n\tAccount Domain:\t\tNT AUTHORITY\r\n\tLogon ID:\t\t0x3E5\r\n\r\nObject:\r\n\tObject Server:\t\tSecurity\r\n\tObject Type:\t\tKey\r\n\tObject Name:\t\t\\REGISTRY\\MACHINE\\SYSTEM\\ControlSet001\\Control\\Lsa\r\n\tHandle ID:\t\t0x83c\r\n\tResource Attributes:\t-\r\n\r\nProcess Information:\r\n\tProcess ID:\t\t0xb84\r\n\tProcess Name:\t\tC:\\Windows\\System32\\svchost.exe\r\n\r\nAccess Request Information:\r\n\tTransaction ID:\t\t{00000000-0000-0000-0000-000000000000}\r\n\tAccesses:\t\tQuery key value\r\n\t\t\t\t\r\n\tAccess Reasons:\t\t-\r\n\tAccess Mask:\t\t0x1\r\n\tPrivileges Used for Access Check:\t-\r\n\tRestricted SID Count:\t5"}
{"@timestamp":"2020-10-29T12:16:10.169Z","TimeCreated":"2020-10-29T12:16:10.169Z","SubjectLogonId":"0x3e5","ResourceAttributes":"-","SubjectDomainName":"NT AUTHORITY","ProviderGuid":"{54849625-5478-4994-a5ba-3e3b0328c30d}","AccessList":"%%4432\n\t\t\t\t","ObjectServer":"Security","HandleId":"0x83c","ObjectType":"Key","SubjectUserSid":"S-1-5-19","Level":"0","Channel":"Security","Task":"12801","ObjectName":"\\REGISTRY\\MACHINE\\SYSTEM\\ControlSet001\\Control\\Lsa","AccessMask":"0x1","SourceName":"Microsoft-Windows-Security-Auditing","Hostname":"WORKSTATION5","ProcessName":"C:\\Windows\\System32\\svchost.exe","ProcessId":"0xb84","EventID":4663,"Keywords":"0x8020000000000000","SubjectUserName":"LOCAL SERVICE","Message":"An attempt was made to access an object.\r\n\r\nSubject:\r\n\tSecurity ID:\t\tS-1-5-19\r\n\tAccount Name:\t\tLOCAL SERVICE\r\n\tAccount Domain:\t\tNT AUTHORITY\r\n\tLogon ID:\t\t0x3E5\r\n\r\nObject:\r\n\tObject Server:\t\tSecurity\r\n\tObject Type:\t\tKey\r\n\tObject Name:\t\t\\REGISTRY\\MACHINE\\SYSTEM\\ControlSet001\\Control\\Lsa\r\n\tHandle ID:\t\t0x83c\r\n\tResource Attributes:\t-\r\n\r\nProcess Information:\r\n\tProcess ID:\t\t0xb84\r\n\tProcess Name:\t\tC:\\Windows\\System32\\svchost.exe\r\n\r\nAccess Request Information:\r\n\tAccesses:\t\tQuery key value\r\n\t\t\t\t\r\n\tAccess Mask:\t\t0x1"}
{"@timestamp":"2020-10-29T12:16:10.169Z","TimeCreated":"2020-10-29T12:16:10.169Z","SubjectLogonId":"0x3e5","SubjectDomainName":"NT AUTHORITY","ProviderGuid":"{54849625-5478-4994-a5ba-3e3b0328c30d}","ObjectServer":"Security","HandleId":"0x83c","SubjectUserSid":"S-1-5-19","Level":"0","Channel":"Security","Task":"12801","SourceName":"Microsoft-Windows-Security-Auditing","Hostname":"WORKSTATION5","ProcessName":"C:\\Windows\\System32\\svchost.exe","ProcessId":"0xb84","EventID":4658,"Keywords":"0x8020000000000000","SubjectUserName":"LOCAL SERVICE","Message":"The handle to an object was closed.\r\n\r\nSubject :\r\n\tSecurity ID:\t\tS-1-5-19\r\n\tAccount Name:\t\tLOCAL SERVICE\r\n\tAccount Domain:\t\tNT AUTHORITY\r\n\tLogon ID:\t\t0x3E5\r\n\r\nObject:\r\n\tObject Server:\t\tSecurity\r\n\tHandle ID:\t\t0x83c\r\n\r\nProcess Information:\r\n\tProcess ID:\t\t0xb84\r\n\tProcess Name:\t\tC:\\Windows\\System32\\svchost.exe"}
{"Keywords":"0x8020000000000000","Task":"13573","FilterName":"python.exe","ChangeType":"%%16384","FilterKey":"{7dbc3ab3-815d-40a1-85de-9f0dcd6d5eab}","CalloutKey":"{00000000-0000-0000-0000-000000000000}","Action":"%%16390","ProviderName":"Microsoft Corporation","ProviderKey":"{decc16ca-3f33-4346-be1e-8fb4ae0f3d62}","Conditions":"\n\tCondition ID:\t{d78e1e87-8644-4ea5-9437-d809ecefc971}\n\tMatch value:\tEqual to\n\tCondition value:\t\n    00000000  5c 00 64 00 65 00 76 00-69 00 63 00 65 00 5c 00  \\.d.e.v.i.c.e.\\.\n    00000010  68 00 61 00 72 00 64 00-64 00 69 00 73 00 6b 00  h.a.r.d.d.i.s.k.\n    00000020  76 00 6f 00 6c 00 75 00-6d 00 65 00 32 00 5c 00  v.o.l.u.m.e.2.\\.\n    00000030  75 00 73 00 65 00 72 00-73 00 5c 00 77 00 61 00  u.s.e.r.s.\\.w.a.\n    00000040  72 00 64 00 6f 00 67 00-5c 00 61 00 70 00 70 00  r.d.o.g.\\.a.p.p.\n    00000050  64 00 61 00 74 00 61 00-5c 00 6c 00 6f 00 63 00  d.a.t.a.\\.l.o.c.\n    00000060  61 00 6c 00 5c 00 70 00-72 00 6f 00 67 00 72 00  a.l.\\.p.r.o.g.r.\n    00000070  61 00 6d 00 73 00 5c 00-70 00 79 00 74 00 68 00  a.m.s.\\.p.y.t.h.\n    00000080  6f 00 6e 00 5c 00 70 00-79 00 74 00 68 00 6f 00  o.n.\\.p.y.t.h.o.\n    00000090  6e 00 33 00 39 00 5c 00-70 00 79 00 74 00 68 00  n.3.9.\\.p.y.t.h.\n    000000a0  6f 00 6e 00 2e 00 65 00-78 00 65 00 00 00        o.n...e.x.e...\n\n","FilterId":"81933","SourceName":"Microsoft-Windows-Security-Auditing","UserSid":"S-1-5-19","UserName":"NT AUTHORITY\\LOCAL SERVICE","LayerName":"ALE Listen v4 Layer","CalloutName":"-","FilterType":"%%16388","ProcessId":"2948","Weight":"10376293541461622912","TimeCreated":"2020-10-29T12:16:10.172Z","@timestamp":"2020-10-29T12:16:10.172Z","Hostname":"WORKSTATION5","Channel":"Security","Level":"0","EventID":5447,"ProviderGuid":"{54849625-5478-4994-a5ba-3e3b0328c30d}","LayerKey":"{88bb5dad-76d7-4227-9c71-df0a3ed7be7e}","Message":"A Windows Filtering Platform filter has been changed.\r\n\t\r\nSubject:\r\n\tSecurity ID:\t\tS-1-5-19\r\n\tAccount Name:\t\tNT AUTHORITY\\LOCAL SERVICE\r\n\r\nProcess Information:\r\n\tProcess ID:\t2948\r\n\r\nProvider Information:\r\n\tID:\t\t{decc16ca-3f33-4346-be1e-8fb4ae0f3d62}\r\n\tName:\t\tMicrosoft Corporation\r\n\r\nChange Information:\r\n\tChange Type:\tAdd\r\n\r\nFilter Information:\r\n\tID:\t\t{7dbc3ab3-815d-40a1-85de-9f0dcd6d5eab}\r\n\tName:\t\tpython.exe\r\n\tType:\t\tNot persistent\r\n\tRun-Time ID:\t81933\r\n\r\nLayer Information:\r\n\tID:\t\t{88bb5dad-76d7-4227-9c71-df0a3ed7be7e}\r\n\tName:\t\tALE Listen v4 Layer\r\n\tRun-Time ID:\t40\r\n\r\nCallout Information:\r\n\tID:\t\t{00000000-0000-0000-0000-000000000000}\r\n\tName:\t\t-\r\n\r\nAdditional Information:\r\n\tWeight:\t10376293541461622912\t\r\n\tConditions:\t\n\tCondition ID:\t{d78e1e87-8644-4ea5-9437-d809ecefc971}\n\tMatch value:\tEqual to\n\tCondition value:\t\n    00000000  5c 00 64 00 65 00 76 00-69 00 63 00 65 00 5c 00  \\.d.e.v.i.c.e.\\.\n    00000010  68 00 61 00 72 00 64 00-64 00 69 00 73 00 6b 00  h.a.r.d.d.i.s.k.\n    00000020  76 00 6f 00 6c 00 75 00-6d 00 65 00 32 00 5c 00  v.o.l.u.m.e.2.\\.\n    00000030  75 00 73 00 65 00 72 00-73 00 5c 00 77 00 61 00  u.s.e.r.s.\\.w.a.\n    00000040  72 00 64 00 6f 00 67 00-5c 00 61 00 70 00 70 00  r.d.o.g.\\.a.p.p.\n    00000050  64 00 61 00 74 00 61 00-5c 00 6c 00 6f 00 63 00  d.a.t.a.\\.l.o.c.\n    00000060  61 00 6c 00 5c 00 70 00-72 00 6f 00 67 00 72 00  a.l.\\.p.r.o.g.r.\n    00000070  61 00 6d 00 73 00 5c 00-70 00 79 00 74 00 68 00  a.m.s.\\.p.y.t.h.\n    00000080  6f 00 6e 00 5c 00 70 00-79 00 74 00 68 00 6f 00  o.n.\\.p.y.t.h.o.\n    00000090  6e 00 33 00 39 00 5c 00-70 00 79 00 74 00 68 00  n.3.9.\\.p.y.t.h.\n    000000a0  6f 00 6e 00 2e 00 65 00-78 00 65 00 00 00        o.n...e.x.e...\n\n\r\n\tFilter Action:\tPermit","LayerId":"40"}
{"Keywords":"0x8020000000000000","Task":"13573","FilterName":"python.exe","ChangeType":"%%16384","FilterKey":"{97341a4d-ca18-446d-9fe4-03da61777f50}","CalloutKey":"{00000000-0000-0000-0000-000000000000}","Action":"%%16390","ProviderName":"Microsoft Corporation","ProviderKey":"{decc16ca-3f33-4346-be1e-8fb4ae0f3d62}","Conditions":"\n\tCondition ID:\t{d78e1e87-8644-4ea5-9437-d809ecefc971}\n\tMatch value:\tEqual to\n\tCondition value:\t\n    00000000  5c 00 64 00 65 00 76 00-69 00 63 00 65 00 5c 00  \\.d.e.v.i.c.e.\\.\n    00000010  68 00 61 00 72 00 64 00-64 00 69 00 73 00 6b 00  h.a.r.d.d.i.s.k.\n    00000020  76 00 6f 00 6c 00 75 00-6d 00 65 00 32 00 5c 00  v.o.l.u.m.e.2.\\.\n    00000030  75 00 73 00 65 00 72 00-73 00 5c 00 77 00 61 00  u.s.e.r.s.\\.w.a.\n    00000040  72 00 64 00 6f 00 67 00-5c 00 61 00 70 00 70 00  r.d.o.g.\\.a.p.p.\n    00000050  64 00 61 00 74 00 61 00-5c 00 6c 00 6f 00 63 00  d.a.t.a.\\.l.o.c.\n    00000060  61 00 6c 00 5c 00 70 00-72 00 6f 00 67 00 72 00  a.l.\\.p.r.o.g.r.\n    00000070  61 00 6d 00 73 00 5c 00-70 00 79 00 74 00 68 00  a.m.s.\\.p.y.t.h.\n    00000080  6f 00 6e 00 5c 00 70 00-79 00 74 00 68 00 6f 00  o.n.\\.p.y.t.h.o.\n    00000090  6e 00 33 00 39 00 5c 00-70 00 79 00 74 00 68 00  n.3.9.\\.p.y.t.h.\n    000000a0  6f 00 6e 00 2e 00 65 00-78 00 65 00 00 00        o.n...e.x.e...\n\n\n\tCondition ID:\t{3971ef2b-623e-4f9a-8cb1-6e79b806b9a7}\n\tMatch value:\tEqual to\n\tCondition value:\t0x06\n","FilterId":"81934","SourceName":"Microsoft-Windows-Security-Auditing","UserSid":"S-1-5-19","UserName":"NT AUTHORITY\\LOCAL SERVICE","LayerName":"ALE Receive/Accept v4 Layer","CalloutName":"-","FilterType":"%%16388","ProcessId":"2948","Weight":"10377983490833514496","TimeCreated":"2020-10-29T12:16:10.172Z","@timestamp":"2020-10-29T12:16:10.172Z","Hostname":"WORKSTATION5","Channel":"Security","Level":"0","EventID":5447,"ProviderGuid":"{54849625-5478-4994-a5ba-3e3b0328c30d}","LayerKey":"{e1cd9fe7-f4b5-4273-96c0-592e487b8650}","Message":"A Windows Filtering Platform filter has been changed.\r\n\t\r\nSubject:\r\n\tSecurity ID:\t\tS-1-5-19\r\n\tAccount Name:\t\tNT AUTHORITY\\LOCAL SERVICE\r\n\r\nProcess Information:\r\n\tProcess ID:\t2948\r\n\r\nProvider Information:\r\n\tID:\t\t{decc16ca-3f33-4346-be1e-8fb4ae0f3d62}\r\n\tName:\t\tMicrosoft Corporation\r\n\r\nChange Information:\r\n\tChange Type:\tAdd\r\n\r\nFilter Information:\r\n\tID:\t\t{97341a4d-ca18-446d-9fe4-03da61777f50}\r\n\tName:\t\tpython.exe\r\n\tType:\t\tNot persistent\r\n\tRun-Time ID:\t81934\r\n\r\nLayer Information:\r\n\tID:\t\t{e1cd9fe7-f4b5-4273-96c0-592e487b8650}\r\n\tName:\t\tALE Receive/Accept v4 Layer\r\n\tRun-Time ID:\t44\r\n\r\nCallout Information:\r\n\tID:\t\t{00000000-0000-0000-0000-000000000000}\r\n\tName:\t\t-\r\n\r\nAdditional Information:\r\n\tWeight:\t10377983490833514496\t\r\n\tConditions:\t\n\tCondition ID:\t{d78e1e87-8644-4ea5-9437-d809ecefc971}\n\tMatch value:\tEqual to\n\tCondition value:\t\n    00000000  5c 00 64 00 65 00 76 00-69 00 63 00 65 00 5c 00  \\.d.e.v.i.c.e.\\.\n    00000010  68 00 61 00 72 00 64 00-64 00 69 00 73 00 6b 00  h.a.r.d.d.i.s.k.\n    00000020  76 00 6f 00 6c 00 75 00-6d 00 65 00 32 00 5c 00  v.o.l.u.m.e.2.\\.\n    00000030  75 00 73 00 65 00 72 00-73 00 5c 00 77 00 61 00  u.s.e.r.s.\\.w.a.\n    00000040  72 00 64 00 6f 00 67 00-5c 00 61 00 70 00 70 00  r.d.o.g.\\.a.p.p.\n    00000050  64 00 61 00 74 00 61 00-5c 00 6c 00 6f 00 63 00  d.a.t.a.\\.l.o.c.\n    00000060  61 00 6c 00 5c 00 70 00-72 00 6f 00 67 00 72 00  a.l.\\.p.r.o.g.r.\n    00000070  61 00 6d 00 73 00 5c 00-70 00 79 00 74 00 68 00  a.m.s.\\.p.y.t.h.\n    00000080  6f 00 6e 00 5c 00 70 00-79 00 74 00 68 00 6f 00  o.n.\\.p.y.t.h.o.\n    00000090  6e 00 33 00 39 00 5c 00-70 00 79 00 74 00 68 00  n.3.9.\\.p.y.t.h.\n    000000a0  6f 00 6e 00 2e 00 65 00-78 00 65 00 00 00        o.n...e.x.e...\n\n\n\tCondition ID:\t{3971ef2b-623e-4f9a-8cb1-6e79b806b9a7}\n\tMatch value:\tEqual to\n\tCondition value:\t0x06\n\r\n\tFilter Action:\tPermit","LayerId":"44"}
