{"GrantedAccess":"0x1000","@timestamp":"2020-10-21T09:40:49.846Z","TimeCreated":"2020-10-21T09:40:49.846Z","SourceThreadId":"2036","SourceImage":"C:\\windows\\Explorer.EXE","ProviderGuid":"{5770385f-c22a-43e0-bf4c-06f5698ffbd9}","CallTrace":"C:\\windows\\System32\\win32u.dll+9384|C:\\windows\\Explorer.EXE+a22de|C:\\windows\\Explorer.EXE+70d0e|C:\\windows\\Explorer.EXE+71acb|C:\\windows\\Explorer.EXE+5d529|C:\\windows\\Explorer.EXE+5c499|C:\\windows\\Explorer.EXE+1bd48|C:\\windows\\System32\\USER32.dll+15c1d|C:\\windows\\System32\\USER32.dll+15612|C:\\windows\\Explorer.EXE+19d10|C:\\windows\\Explorer.EXE+19b8d|C:\\windows\\System32\\shcore.dll+2c235|C:\\windows\\System32\\KERNEL32.DLL+17c24|C:\\windows\\SYSTEM32\\ntdll.dll+6cea1","UtcTime":"2020-10-22 01:40:49.817","TargetProcessGUID":"{39e4a257-e321-5f90-d210-000000000700}","SourceProcessId":"1072","Level":"4","Channel":"Microsoft-Windows-Sysmon/Operational","Task":"10","RuleName":"-","SourceName":"Microsoft-Windows-Sysmon","Hostname":"WORKSTATION5","SourceProcessGUID":"{39e4a257-f1b3-5f8b-a700-000000000700}","TargetProcessId":"3440","EventID":10,"Keywords":"0x8000000000000000","TargetImage":"C:\\windows\\system32\\notepad.exe","Message":"Process accessed:\r\nRuleName: -\r\nUtcTime: 2020-10-22 01:40:49.817\r\nSourceProcessGUID: {39e4a257-f1b3-5f8b-a700-000000000700}\r\nSourceProcessId: 1072\r\nSourceThreadId: 2036\r\nSourceImage: C:\\windows\\Explorer.EXE\r\nTargetProcessGUID: {39e4a257-e321-5f90-d210-000000000700}\r\nTargetProcessId: 3440\r\nTargetImage: C:\\windows\\system32\\notepad.exe\r\nGrantedAccess: 0x1000\r\nCallTrace: C:\\windows\\System32\\win32u.dll+9384|C:\\windows\\Explorer.EXE+a22de|C:\\windows\\Explorer.EXE+70d0e|C:\\windows\\Explorer.EXE+71acb|C:\\windows\\Explorer.EXE+5d529|C:\\windows\\Explorer.EXE+5c499|C:\\windows\\Explorer.EXE+1bd48|C:\\windows\\System32\\USER32.dll+15c1d|C:\\windows\\System32\\USER32.dll+15612|C:\\windows\\Explorer.EXE+19d10|C:\\windows\\Explorer.EXE+19b8d|C:\\windows\\System32\\shcore.dll+2c235|C:\\windows\\System32\\KERNEL32.DLL+17c24|C:\\windows\\SYSTEM32\\ntdll.dll+6cea1"}
{"GrantedAccess":"0x1000","@timestamp":"2020-10-21T09:40:49.846Z","TimeCreated":"2020-10-21T09:40:49.846Z","SourceThreadId":"4688","SourceImage":"C:\\windows\\Explorer.EXE","ProviderGuid":"{5770385f-c22a-43e0-bf4c-06f5698ffbd9}","CallTrace":"C:\\windows\\SYSTEM32\\ntdll.dll+9c584|C:\\windows\\System32\\KERNELBASE.dll+305fe|C:\\windows\\SYSTEM32\\TWINAPI.dll+6d4c|C:\\windows\\system32\\twinui.pcshell.dll+20880|C:\\windows\\system32\\twinui.pcshell.dll+20082|C:\\windows\\system32\\twinui.dll+1780b|C:\\windows\\system32\\twinui.dll+1734c|C:\\windows\\system32\\twinui.dll+68f7a|C:\\windows\\system32\\twinui.dll+16e09|C:\\windows\\system32\\twinui.dll+16f4b|C:\\windows\\system32\\twinui.dll+16ecd|C:\\windows\\System32\\USER32.dll+15c1d|C:\\windows\\System32\\USER32.dll+15612|C:\\Windows\\System32\\windows.immersiveshell.serviceprovider.dll+45f0|C:\\Windows\\System32\\windows.immersiveshell.serviceprovider.dll+41b9|C:\\Windows\\System32\\windows.immersiveshell.serviceprovider.dll+3e4f|C:\\windows\\System32\\KERNEL32.DLL+17c24|C:\\windows\\SYSTEM32\\ntdll.dll+6cea1","UtcTime":"2020-10-22 01:40:49.817","TargetProcessGUID":"{39e4a257-e321-5f90-d210-000000000700}","SourceProcessId":"1072","Level":"4","Channel":"Microsoft-Windows-Sysmon/Operational","Task":"10","RuleName":"-","SourceName":"Microsoft-Windows-Sysmon","Hostname":"WORKSTATION5","SourceProcessGUID":"{39e4a257-f1b3-5f8b-a700-000000000700}","TargetProcessId":"3440","EventID":10,"Keywords":"0x8000000000000000","TargetImage":"C:\\windows\\system32\\notepad.exe","Message":"Process accessed:\r\nRuleName: -\r\nUtcTime: 2020-10-22 01:40:49.817\r\nSourceProcessGUID: {39e4a257-f1b3-5f8b-a700-000000000700}\r\nSourceProcessId: 1072\r\nSourceThreadId: 4688\r\nSourceImage: C:\\windows\\Explorer.EXE\r\nTargetProcessGUID: {39e4a257-e321-5f90-d210-000000000700}\r\nTargetProcessId: 3440\r\nTargetImage: C:\\windows\\system32\\notepad.exe\r\nGrantedAccess: 0x1000\r\nCallTrace: C:\\windows\\SYSTEM32\\ntdll.dll+9c584|C:\\windows\\System32\\KERNELBASE.dll+305fe|C:\\windows\\SYSTEM32\\TWINAPI.dll+6d4c|C:\\windows\\system32\\twinui.pcshell.dll+20880|C:\\windows\\system32\\twinui.pcshell.dll+20082|C:\\windows\\system32\\twinui.dll+1780b|C:\\windows\\system32\\twinui.dll+1734c|C:\\windows\\system32\\twinui.dll+68f7a|C:\\windows\\system32\\twinui.dll+16e09|C:\\windows\\system32\\twinui.dll+16f4b|C:\\windows\\system32\\twinui.dll+16ecd|C:\\windows\\System32\\USER32.dll+15c1d|C:\\windows\\System32\\USER32.dll+15612|C:\\Windows\\System32\\windows.immersiveshell.serviceprovider.dll+45f0|C:\\Windows\\System32\\windows.immersiveshell.serviceprovider.dll+41b9|C:\\Windows\\System32\\windows.immersiveshell.serviceprovider.dll+3e4f|C:\\windows\\System32\\KERNEL32.DLL+17c24|C:\\windows\\SYSTEM32\\ntdll.dll+6cea1"}
{"GrantedAccess":"0x2000","@timestamp":"2020-10-21T09:40:49.846Z","TimeCreated":"2020-10-21T09:40:49.846Z","SourceThreadId":"4688","SourceImage":"C:\\windows\\Explorer.EXE","ProviderGuid":"{5770385f-c22a-43e0-bf4c-06f5698ffbd9}","CallTrace":"C:\\windows\\SYSTEM32\\ntdll.dll+9c584|C:\\windows\\System32\\KERNELBASE.dll+305fe|C:\\windows\\system32\\twinui.dll+783a3|C:\\windows\\system32\\twinui.dll+1780b|C:\\windows\\system32\\twinui.dll+1734c|C:\\windows\\system32\\twinui.dll+68f7a|C:\\windows\\system32\\twinui.dll+16e09|C:\\windows\\system32\\twinui.dll+16f4b|C:\\windows\\system32\\twinui.dll+16ecd|C:\\windows\\System32\\USER32.dll+15c1d|C:\\windows\\System32\\USER32.dll+15612|C:\\Windows\\System32\\windows.immersiveshell.serviceprovider.dll+45f0|C:\\Windows\\System32\\windows.immersiveshell.serviceprovider.dll+41b9|C:\\Windows\\System32\\windows.immersiveshell.serviceprovider.dll+3e4f|C:\\windows\\System32\\KERNEL32.DLL+17c24|C:\\windows\\SYSTEM32\\ntdll.dll+6cea1","UtcTime":"2020-10-22 01:40:49.817","TargetProcessGUID":"{39e4a257-e321-5f90-d210-000000000700}","SourceProcessId":"1072","Level":"4","Channel":"Microsoft-Windows-Sysmon/Operational","Task":"10","RuleName":"-","SourceName":"Microsoft-Windows-Sysmon","Hostname":"WORKSTATION5","SourceProcessGUID":"{39e4a257-f1b3-5f8b-a700-000000000700}","TargetProcessId":"3440","EventID":10,"Keywords":"0x8000000000000000","TargetImage":"C:\\windows\\system32\\notepad.exe","Message":"Process accessed:\r\nRuleName: -\r\nUtcTime: 2020-10-22 01:40:49.817\r\nSourceProcessGUID: {39e4a257-f1b3-5f8b-a700-000000000700}\r\nSourceProcessId: 1072\r\nSourceThreadId: 4688\r\nSourceImage: C:\\windows\\Explorer.EXE\r\nTargetProcessGUID: {39e4a257-e321-5f90-d210-000000000700}\r\nTargetProcessId: 3440\r\nTargetImage: C:\\windows\\system32\\notepad.exe\r\nGrantedAccess: 0x2000\r\nCallTrace: C:\\windows\\SYSTEM32\\ntdll.dll+9c584|C:\\windows\\System32\\KERNELBASE.dll+305fe|C:\\windows\\system32\\twinui.dll+783a3|C:\\windows\\system32\\twinui.dll+1780b|C:\\windows\\system32\\twinui.dll+1734c|C:\\windows\\system32\\twinui.dll+68f7a|C:\\windows\\system32\\twinui.dll+16e09|C:\\windows\\system32\\twinui.dll+16f4b|C:\\windows\\system32\\twinui.dll+16ecd|C:\\windows\\System32\\USER32.dll+15c1d|C:\\windows\\System32\\USER32.dll+15612|C:\\Windows\\System32\\windows.immersiveshell.serviceprovider.dll+45f0|C:\\Windows\\System32\\windows.immersiveshell.serviceprovider.dll+41b9|C:\\Windows\\System32\\windows.immersiveshell.serviceprovider.dll+3e4f|C:\\windows\\System32\\KERNEL32.DLL+17c24|C:\\windows\\SYSTEM32\\ntdll.dll+6cea1"}
{"GrantedAccess":"0x1000","@timestamp":"2020-10-21T09:40:49.847Z","TimeCreated":"2020-10-21T09:40:49.847Z","SourceThreadId":"5300","SourceImage":"C:\\windows\\system32\\ctfmon.exe","ProviderGuid":"{5770385f-c22a-43e0-bf4c-06f5698ffbd9}","CallTrace":"C:\\windows\\SYSTEM32\\ntdll.dll+9d154|C:\\windows\\System32\\MSCTF.dll+9440|C:\\windows\\System32\\MSCTF.dll+85ec|C:\\windows\\System32\\MSCTF.dll+827f|C:\\windows\\System32\\MSCTF.dll+80e2|C:\\windows\\System32\\KERNEL32.DLL+17c24|C:\\windows\\SYSTEM32\\ntdll.dll+6cea1","UtcTime":"2020-10-22 01:40:49.833","TargetProcessGUID":"{39e4a257-e321-5f90-d210-000000000700}","SourceProcessId":"5112","Level":"4","Channel":"Microsoft-Windows-Sysmon/Operational","Task":"10","RuleName":"-","SourceName":"Microsoft-Windows-Sysmon","Hostname":"WORKSTATION5","SourceProcessGUID":"{39e4a257-f1b1-5f8b-a500-000000000700}","TargetProcessId":"3440","EventID":10,"Keywords":"0x8000000000000000","TargetImage":"C:\\windows\\system32\\notepad.exe","Message":"Process accessed:\r\nRuleName: -\r\nUtcTime: 2020-10-22 01:40:49.833\r\nSourceProcessGUID: {39e4a257-f1b1-5f8b-a500-000000000700}\r\nSourceProcessId: 5112\r\nSourceThreadId: 5300\r\nSourceImage: C:\\windows\\system32\\ctfmon.exe\r\nTargetProcessGUID: {39e4a257-e321-5f90-d210-000000000700}\r\nTargetProcessId: 3440\r\nTargetImage: C:\\windows\\system32\\notepad.exe\r\nGrantedAccess: 0x1000\r\nCallTrace: C:\\windows\\SYSTEM32\\ntdll.dll+9d154|C:\\windows\\System32\\MSCTF.dll+9440|C:\\windows\\System32\\MSCTF.dll+85ec|C:\\windows\\System32\\MSCTF.dll+827f|C:\\windows\\System32\\MSCTF.dll+80e2|C:\\windows\\System32\\KERNEL32.DLL+17c24|C:\\windows\\SYSTEM32\\ntdll.dll+6cea1"}
{"GrantedAccess":"0x1000","@timestamp":"2020-10-21T09:40:49.847Z","TimeCreated":"2020-10-21T09:40:49.847Z","SourceThreadId":"7956","SourceImage":"C:\\windows\\Explorer.EXE","ProviderGuid":"{5770385f-c22a-43e0-bf4c-06f5698ffbd9}","CallTrace":"C:\\windows\\SYSTEM32\\ntdll.dll+9c584|C:\\windows\\System32\\KERNELBASE.dll+305fe|C:\\Windows\\System32\\TaskFlowDataEngine.dll+cf160|C:\\Windows\\System32\\TaskFlowDataEngine.dll+9827b|C:\\Windows\\System32\\TaskFlowDataEngine.dll+97f16|C:\\Windows\\System32\\TaskFlowDataEngine.dll+94d36|C:\\Windows\\System32\\TaskFlowDataEngine.dll+93658|C:\\Windows\\System32\\TaskFlowDataEngine.dll+9dfb1|C:\\windows\\System32\\shcore.dll+c540|C:\\windows\\System32\\shcore.dll+c1c8|C:\\windows\\System32\\shcore.dll+ac61|C:\\windows\\System32\\KERNEL32.DLL+17c24|C:\\windows\\SYSTEM32\\ntdll.dll+6cea1","UtcTime":"2020-10-22 01:40:49.833","TargetProcessGUID":"{39e4a257-e321-5f90-d210-000000000700}","SourceProcessId":"1072","Level":"4","Channel":"Microsoft-Windows-Sysmon/Operational","Task":"10","RuleName":"-","SourceName":"Microsoft-Windows-Sysmon","Hostname":"WORKSTATION5","SourceProcessGUID":"{39e4a257-f1b3-5f8b-a700-000000000700}","TargetProcessId":"3440","EventID":10,"Keywords":"0x8000000000000000","TargetImage":"C:\\windows\\system32\\notepad.exe","Message":"Process accessed:\r\nRuleName: -\r\nUtcTime: 2020-10-22 01:40:49.833\r\nSourceProcessGUID: {39e4a257-f1b3-5f8b-a700-000000000700}\r\nSourceProcessId: 1072\r\nSourceThreadId: 7956\r\nSourceImage: C:\\windows\\Explorer.EXE\r\nTargetProcessGUID: {39e4a257-e321-5f90-d210-000000000700}\r\nTargetProcessId: 3440\r\nTargetImage: C:\\windows\\system32\\notepad.exe\r\nGrantedAccess: 0x1000\r\nCallTrace: C:\\windows\\SYSTEM32\\ntdll.dll+9c584|C:\\windows\\System32\\KERNELBASE.dll+305fe|C:\\Windows\\System32\\TaskFlowDataEngine.dll+cf160|C:\\Windows\\System32\\TaskFlowDataEngine.dll+9827b|C:\\Windows\\System32\\TaskFlowDataEngine.dll+97f16|C:\\Windows\\System32\\TaskFlowDataEngine.dll+94d36|C:\\Windows\\System32\\TaskFlowDataEngine.dll+93658|C:\\Windows\\System32\\TaskFlowDataEngine.dll+9dfb1|C:\\windows\\System32\\shcore.dll+c540|C:\\windows\\System32\\shcore.dll+c1c8|C:\\windows\\System32\\shcore.dll+ac61|C:\\windows\\System32\\KERNEL32.DLL+17c24|C:\\windows\\SYSTEM32\\ntdll.dll+6cea1"}
{"GrantedAccess":"0x1000","@timestamp":"2020-10-21T09:40:49.847Z","TimeCreated":"2020-10-21T09:40:49.847Z","SourceThreadId":"7956","SourceImage":"C:\\windows\\Explorer.EXE","ProviderGuid":"{5770385f-c22a-43e0-bf4c-06f5698ffbd9}","CallTrace":"C:\\windows\\SYSTEM32\\ntdll.dll+9c584|C:\\windows\\System32\\KERNELBASE.dll+305fe|C:\\windows\\SYSTEM32\\twinapi.appcore.dll+2dbeb|C:\\windows\\SYSTEM32\\twinapi.appcore.dll+35ae1|C:\\windows\\SYSTEM32\\twinapi.appcore.dll+2762f|C:\\Windows\\System32\\TaskFlowDataEngine.dll+991c3|C:\\Windows\\System32\\TaskFlowDataEngine.dll+9814a|C:\\Windows\\System32\\TaskFlowDataEngine.dll+97f8b|C:\\Windows\\System32\\TaskFlowDataEngine.dll+94d36|C:\\Windows\\System32\\TaskFlowDataEngine.dll+93658|C:\\Windows\\System32\\TaskFlowDataEngine.dll+9dfb1|C:\\windows\\System32\\shcore.dll+c540|C:\\windows\\System32\\shcore.dll+c1c8|C:\\windows\\System32\\shcore.dll+ac61|C:\\windows\\System32\\KERNEL32.DLL+17c24|C:\\windows\\SYSTEM32\\ntdll.dll+6cea1","UtcTime":"2020-10-22 01:40:49.833","TargetProcessGUID":"{39e4a257-e321-5f90-d210-000000000700}","SourceProcessId":"1072","Level":"4","Channel":"Microsoft-Windows-Sysmon/Operational","Task":"10","RuleName":"-","SourceName":"Microsoft-Windows-Sysmon","Hostname":"WORKSTATION5","SourceProcessGUID":"{39e4a257-f1b3-5f8b-a700-000000000700}","TargetProcessId":"3440","EventID":10,"Keywords":"0x8000000000000000","TargetImage":"C:\\windows\\system32\\notepad.exe","Message":"Process accessed:\r\nRuleName: -\r\nUtcTime: 2020-10-22 01:40:49.833\r\nSourceProcessGUID: {39e4a257-f1b3-5f8b-a700-000000000700}\r\nSourceProcessId: 1072\r\nSourceThreadId: 7956\r\nSourceImage: C:\\windows\\Explorer.EXE\r\nTargetProcessGUID: {39e4a257-e321-5f90-d210-000000000700}\r\nTargetProcessId: 3440\r\nTargetImage: C:\\windows\\system32\\notepad.exe\r\nGrantedAccess: 0x1000\r\nCallTrace: C:\\windows\\SYSTEM32\\ntdll.dll+9c584|C:\\windows\\System32\\KERNELBASE.dll+305fe|C:\\windows\\SYSTEM32\\twinapi.appcore.dll+2dbeb|C:\\windows\\SYSTEM32\\twinapi.appcore.dll+35ae1|C:\\windows\\SYSTEM32\\twinapi.appcore.dll+2762f|C:\\Windows\\System32\\TaskFlowDataEngine.dll+991c3|C:\\Windows\\System32\\TaskFlowDataEngine.dll+9814a|C:\\Windows\\System32\\TaskFlowDataEngine.dll+97f8b|C:\\Windows\\System32\\TaskFlowDataEngine.dll+94d36|C:\\Windows\\System32\\TaskFlowDataEngine.dll+93658|C:\\Windows\\System32\\TaskFlowDataEngine.dll+9dfb1|C:\\windows\\System32\\shcore.dll+c540|C:\\windows\\System32\\shcore.dll+c1c8|C:\\windows\\System32\\shcore.dll+ac61|C:\\windows\\System32\\KERNEL32.DLL+17c24|C:\\windows\\SYSTEM32\\ntdll.dll+6cea1"}
{"GrantedAccess":"0x1000","@timestamp":"2020-10-21T09:40:49.847Z","TimeCreated":"2020-10-21T09:40:49.847Z","SourceThreadId":"7956","SourceImage":"C:\\windows\\Explorer.EXE","ProviderGuid":"{5770385f-c22a-43e0-bf4c-06f5698ffbd9}","CallTrace":"C:\\windows\\SYSTEM32\\ntdll.dll+9c584|C:\\windows\\System32\\KERNELBASE.dll+305fe|C:\\windows\\SYSTEM32\\twinapi.appcore.dll+2dc6a|C:\\windows\\SYSTEM32\\twinapi.appcore.dll+35ae1|C:\\windows\\SYSTEM32\\twinapi.appcore.dll+2762f|C:\\Windows\\System32\\TaskFlowDataEngine.dll+991c3|C:\\Windows\\System32\\TaskFlowDataEngine.dll+9814a|C:\\Windows\\System32\\TaskFlowDataEngine.dll+97f8b|C:\\Windows\\System32\\TaskFlowDataEngine.dll+94d36|C:\\Windows\\System32\\TaskFlowDataEngine.dll+93658|C:\\Windows\\System32\\TaskFlowDataEngine.dll+9dfb1|C:\\windows\\System32\\shcore.dll+c540|C:\\windows\\System32\\shcore.dll+c1c8|C:\\windows\\System32\\shcore.dll+ac61|C:\\windows\\System32\\KERNEL32.DLL+17c24|C:\\windows\\SYSTEM32\\ntdll.dll+6cea1","UtcTime":"2020-10-22 01:40:49.833","TargetProcessGUID":"{39e4a257-e321-5f90-d210-000000000700}","SourceProcessId":"1072","Level":"4","Channel":"Microsoft-Windows-Sysmon/Operational","Task":"10","RuleName":"-","SourceName":"Microsoft-Windows-Sysmon","Hostname":"WORKSTATION5","SourceProcessGUID":"{39e4a257-f1b3-5f8b-a700-000000000700}","TargetProcessId":"3440","EventID":10,"Keywords":"0x8000000000000000","TargetImage":"C:\\windows\\system32\\notepad.exe","Message":"Process accessed:\r\nRuleName: -\r\nUtcTime: 2020-10-22 01:40:49.833\r\nSourceProcessGUID: {39e4a257-f1b3-5f8b-a700-000000000700}\r\nSourceProcessId: 1072\r\nSourceThreadId: 7956\r\nSourceImage: C:\\windows\\Explorer.EXE\r\nTargetProcessGUID: {39e4a257-e321-5f90-d210-000000000700}\r\nTargetProcessId: 3440\r\nTargetImage: C:\\windows\\system32\\notepad.exe\r\nGrantedAccess: 0x1000\r\nCallTrace: C:\\windows\\SYSTEM32\\ntdll.dll+9c584|C:\\windows\\System32\\KERNELBASE.dll+305fe|C:\\windows\\SYSTEM32\\twinapi.appcore.dll+2dc6a|C:\\windows\\SYSTEM32\\twinapi.appcore.dll+35ae1|C:\\windows\\SYSTEM32\\twinapi.appcore.dll+2762f|C:\\Windows\\System32\\TaskFlowDataEngine.dll+991c3|C:\\Windows\\System32\\TaskFlowDataEngine.dll+9814a|C:\\Windows\\System32\\TaskFlowDataEngine.dll+97f8b|C:\\Windows\\System32\\TaskFlowDataEngine.dll+94d36|C:\\Windows\\System32\\TaskFlowDataEngine.dll+93658|C:\\Windows\\System32\\TaskFlowDataEngine.dll+9dfb1|C:\\windows\\System32\\shcore.dll+c540|C:\\windows\\System32\\shcore.dll+c1c8|C:\\windows\\System32\\shcore.dll+ac61|C:\\windows\\System32\\KERNEL32.DLL+17c24|C:\\windows\\SYSTEM32\\ntdll.dll+6cea1"}
{"GrantedAccess":"0x1410","@timestamp":"2020-10-21T09:40:49.847Z","TimeCreated":"2020-10-21T09:40:49.847Z","SourceThreadId":"1388","SourceImage":"C:\\windows\\Explorer.EXE","ProviderGuid":"{5770385f-c22a-43e0-bf4c-06f5698ffbd9}","CallTrace":"C:\\windows\\SYSTEM32\\ntdll.dll+9c584|C:\\windows\\System32\\KERNELBASE.dll+305fe|C:\\windows\\system32\\twinui.pcshell.dll+1d207|C:\\windows\\system32\\twinui.pcshell.dll+fadd0|C:\\windows\\System32\\KERNEL32.DLL+17c24|C:\\windows\\SYSTEM32\\ntdll.dll+6cea1","UtcTime":"2020-10-22 01:40:49.833","TargetProcessGUID":"{39e4a257-e321-5f90-d210-000000000700}","SourceProcessId":"1072","Level":"4","Channel":"Microsoft-Windows-Sysmon/Operational","Task":"10","RuleName":"-","SourceName":"Microsoft-Windows-Sysmon","Hostname":"WORKSTATION5","SourceProcessGUID":"{39e4a257-f1b3-5f8b-a700-000000000700}","TargetProcessId":"3440","EventID":10,"Keywords":"0x8000000000000000","TargetImage":"C:\\windows\\system32\\notepad.exe","Message":"Process accessed:\r\nRuleName: -\r\nUtcTime: 2020-10-22 01:40:49.833\r\nSourceProcessGUID: {39e4a257-f1b3-5f8b-a700-000000000700}\r\nSourceProcessId: 1072\r\nSourceThreadId: 1388\r\nSourceImage: C:\\windows\\Explorer.EXE\r\nTargetProcessGUID: {39e4a257-e321-5f90-d210-000000000700}\r\nTargetProcessId: 3440\r\nTargetImage: C:\\windows\\system32\\notepad.exe\r\nGrantedAccess: 0x1410\r\nCallTrace: C:\\windows\\SYSTEM32\\ntdll.dll+9c584|C:\\windows\\System32\\KERNELBASE.dll+305fe|C:\\windows\\system32\\twinui.pcshell.dll+1d207|C:\\windows\\system32\\twinui.pcshell.dll+fadd0|C:\\windows\\System32\\KERNEL32.DLL+17c24|C:\\windows\\SYSTEM32\\ntdll.dll+6cea1"}
{"GrantedAccess":"0x1000","@timestamp":"2020-10-21T09:40:49.847Z","TimeCreated":"2020-10-21T09:40:49.847Z","SourceThreadId":"1388","SourceImage":"C:\\windows\\Explorer.EXE","ProviderGuid":"{5770385f-c22a-43e0-bf4c-06f5698ffbd9}","CallTrace":"C:\\windows\\SYSTEM32\\ntdll.dll+9c584|C:\\windows\\System32\\KERNELBASE.dll+305fe|C:\\Windows\\System32\\appresolver.dll+221c5|C:\\Windows\\System32\\appresolver.dll+1edcc|C:\\windows\\system32\\twinui.pcshell.dll+1d434|C:\\windows\\system32\\twinui.pcshell.dll+fadd0|C:\\windows\\System32\\KERNEL32.DLL+17c24|C:\\windows\\SYSTEM32\\ntdll.dll+6cea1","UtcTime":"2020-10-22 01:40:49.833","TargetProcessGUID":"{39e4a257-e321-5f90-d210-000000000700}","SourceProcessId":"1072","Level":"4","Channel":"Microsoft-Windows-Sysmon/Operational","Task":"10","RuleName":"-","SourceName":"Microsoft-Windows-Sysmon","Hostname":"WORKSTATION5","SourceProcessGUID":"{39e4a257-f1b3-5f8b-a700-000000000700}","TargetProcessId":"3440","EventID":10,"Keywords":"0x8000000000000000","TargetImage":"C:\\windows\\system32\\notepad.exe","Message":"Process accessed:\r\nRuleName: -\r\nUtcTime: 2020-10-22 01:40:49.833\r\nSourceProcessGUID: {39e4a257-f1b3-5f8b-a700-000000000700}\r\nSourceProcessId: 1072\r\nSourceThreadId: 1388\r\nSourceImage: C:\\windows\\Explorer.EXE\r\nTargetProcessGUID: {39e4a257-e321-5f90-d210-000000000700}\r\nTargetProcessId: 3440\r\nTargetImage: C:\\windows\\system32\\notepad.exe\r\nGrantedAccess: 0x1000\r\nCallTrace: C:\\windows\\SYSTEM32\\ntdll.dll+9c584|C:\\windows\\System32\\KERNELBASE.dll+305fe|C:\\Windows\\System32\\appresolver.dll+221c5|C:\\Windows\\System32\\appresolver.dll+1edcc|C:\\windows\\system32\\twinui.pcshell.dll+1d434|C:\\windows\\system32\\twinui.pcshell.dll+fadd0|C:\\windows\\System32\\KERNEL32.DLL+17c24|C:\\windows\\SYSTEM32\\ntdll.dll+6cea1"}
{"GrantedAccess":"0x1000","@timestamp":"2020-10-21T09:40:49.847Z","TimeCreated":"2020-10-21T09:40:49.847Z","SourceThreadId":"1388","SourceImage":"C:\\windows\\Explorer.EXE","ProviderGuid":"{5770385f-c22a-43e0-bf4c-06f5698ffbd9}","CallTrace":"C:\\windows\\SYSTEM32\\ntdll.dll+9c584|C:\\windows\\System32\\KERNELBASE.dll+305fe|C:\\Windows\\System32\\appresolver.dll+1ee93|C:\\windows\\system32\\twinui.pcshell.dll+1d434|C:\\windows\\system32\\twinui.pcshell.dll+fadd0|C:\\windows\\System32\\KERNEL32.DLL+17c24|C:\\windows\\SYSTEM32\\ntdll.dll+6cea1","UtcTime":"2020-10-22 01:40:49.833","TargetProcessGUID":"{39e4a257-e321-5f90-d210-000000000700}","SourceProcessId":"1072","Level":"4","Channel":"Microsoft-Windows-Sysmon/Operational","Task":"10","RuleName":"-","SourceName":"Microsoft-Windows-Sysmon","Hostname":"WORKSTATION5","SourceProcessGUID":"{39e4a257-f1b3-5f8b-a700-000000000700}","TargetProcessId":"3440","EventID":10,"Keywords":"0x8000000000000000","TargetImage":"C:\\windows\\system32\\notepad.exe","Message":"Process accessed:\r\nRuleName: -\r\nUtcTime: 2020-10-22 01:40:49.833\r\nSourceProcessGUID: {39e4a257-f1b3-5f8b-a700-000000000700}\r\nSourceProcessId: 1072\r\nSourceThreadId: 1388\r\nSourceImage: C:\\windows\\Explorer.EXE\r\nTargetProcessGUID: {39e4a257-e321-5f90-d210-000000000700}\r\nTargetProcessId: 3440\r\nTargetImage: C:\\windows\\system32\\notepad.exe\r\nGrantedAccess: 0x1000\r\nCallTrace: C:\\windows\\SYSTEM32\\ntdll.dll+9c584|C:\\windows\\System32\\KERNELBASE.dll+305fe|C:\\Windows\\System32\\appresolver.dll+1ee93|C:\\windows\\system32\\twinui.pcshell.dll+1d434|C:\\windows\\system32\\twinui.pcshell.dll+fadd0|C:\\windows\\System32\\KERNEL32.DLL+17c24|C:\\windows\\SYSTEM32\\ntdll.dll+6cea1"}
{"GrantedAccess":"0x1410","@timestamp":"2020-10-21T09:40:49.847Z","TimeCreated":"2020-10-21T09:40:49.847Z","SourceThreadId":"1388","SourceImage":"C:\\windows\\Explorer.EXE","ProviderGuid":"{5770385f-c22a-43e0-bf4c-06f5698ffbd9}","CallTrace":"C:\\windows\\SYSTEM32\\ntdll.dll+9c584|C:\\windows\\System32\\KERNELBASE.dll+305fe|C:\\Windows\\System32\\appresolver.dll+21ee8|C:\\Windows\\System32\\appresolver.dll+1ef46|C:\\windows\\system32\\twinui.pcshell.dll+1d434|C:\\windows\\system32\\twinui.pcshell.dll+fadd0|C:\\windows\\System32\\KERNEL32.DLL+17c24|C:\\windows\\SYSTEM32\\ntdll.dll+6cea1","UtcTime":"2020-10-22 01:40:49.833","TargetProcessGUID":"{39e4a257-e321-5f90-d210-000000000700}","SourceProcessId":"1072","Level":"4","Channel":"Microsoft-Windows-Sysmon/Operational","Task":"10","RuleName":"-","SourceName":"Microsoft-Windows-Sysmon","Hostname":"WORKSTATION5","SourceProcessGUID":"{39e4a257-f1b3-5f8b-a700-000000000700}","TargetProcessId":"3440","EventID":10,"Keywords":"0x8000000000000000","TargetImage":"C:\\windows\\system32\\notepad.exe","Message":"Process accessed:\r\nRuleName: -\r\nUtcTime: 2020-10-22 01:40:49.833\r\nSourceProcessGUID: {39e4a257-f1b3-5f8b-a700-000000000700}\r\nSourceProcessId: 1072\r\nSourceThreadId: 1388\r\nSourceImage: C:\\windows\\Explorer.EXE\r\nTargetProcessGUID: {39e4a257-e321-5f90-d210-000000000700}\r\nTargetProcessId: 3440\r\nTargetImage: C:\\windows\\system32\\notepad.exe\r\nGrantedAccess: 0x1410\r\nCallTrace: C:\\windows\\SYSTEM32\\ntdll.dll+9c584|C:\\windows\\System32\\KERNELBASE.dll+305fe|C:\\Windows\\System32\\appresolver.dll+21ee8|C:\\Windows\\System32\\appresolver.dll+1ef46|C:\\windows\\system32\\twinui.pcshell.dll+1d434|C:\\windows\\system32\\twinui.pcshell.dll+fadd0|C:\\windows\\System32\\KERNEL32.DLL+17c24|C:\\windows\\SYSTEM32\\ntdll.dll+6cea1"}
{"GrantedAccess":"0x1000","@timestamp":"2020-10-21T09:40:49.860Z","TimeCreated":"2020-10-21T09:40:49.860Z","SourceThreadId":"5388","SourceImage":"C:\\windows\\Explorer.EXE","ProviderGuid":"{5770385f-c22a-43e0-bf4c-06f5698ffbd9}","CallTrace":"C:\\windows\\SYSTEM32\\ntdll.dll+9c584|C:\\windows\\System32\\KERNELBASE.dll+305fe|C:\\windows\\Explorer.EXE+58239|C:\\windows\\Explorer.EXE+585e3|C:\\windows\\Explorer.EXE+58169|C:\\windows\\Explorer.EXE+29a50|C:\\windows\\System32\\windows.storage.dll+16e1c4|C:\\windows\\System32\\windows.storage.dll+16de05|C:\\windows\\System32\\windows.storage.dll+16dce5|C:\\windows\\System32\\shcore.dll+31636|C:\\windows\\SYSTEM32\\ntdll.dll+2f655|C:\\windows\\SYSTEM32\\ntdll.dll+345b4|C:\\windows\\System32\\KERNEL32.DLL+17c24|C:\\windows\\SYSTEM32\\ntdll.dll+6cea1","UtcTime":"2020-10-22 01:40:49.833","TargetProcessGUID":"{39e4a257-e321-5f90-d210-000000000700}","SourceProcessId":"1072","Level":"4","Channel":"Microsoft-Windows-Sysmon/Operational","Task":"10","RuleName":"-","SourceName":"Microsoft-Windows-Sysmon","Hostname":"WORKSTATION5","SourceProcessGUID":"{39e4a257-f1b3-5f8b-a700-000000000700}","TargetProcessId":"3440","EventID":10,"Keywords":"0x8000000000000000","TargetImage":"C:\\windows\\system32\\notepad.exe","Message":"Process accessed:\r\nRuleName: -\r\nUtcTime: 2020-10-22 01:40:49.833\r\nSourceProcessGUID: {39e4a257-f1b3-5f8b-a700-000000000700}\r\nSourceProcessId: 1072\r\nSourceThreadId: 5388\r\nSourceImage: C:\\windows\\Explorer.EXE\r\nTargetProcessGUID: {39e4a257-e321-5f90-d210-000000000700}\r\nTargetProcessId: 3440\r\nTargetImage: C:\\windows\\system32\\notepad.exe\r\nGrantedAccess: 0x1000\r\nCallTrace: C:\\windows\\SYSTEM32\\ntdll.dll+9c584|C:\\windows\\System32\\KERNELBASE.dll+305fe|C:\\windows\\Explorer.EXE+58239|C:\\windows\\Explorer.EXE+585e3|C:\\windows\\Explorer.EXE+58169|C:\\windows\\Explorer.EXE+29a50|C:\\windows\\System32\\windows.storage.dll+16e1c4|C:\\windows\\System32\\windows.storage.dll+16de05|C:\\windows\\System32\\windows.storage.dll+16dce5|C:\\windows\\System32\\shcore.dll+31636|C:\\windows\\SYSTEM32\\ntdll.dll+2f655|C:\\windows\\SYSTEM32\\ntdll.dll+345b4|C:\\windows\\System32\\KERNEL32.DLL+17c24|C:\\windows\\SYSTEM32\\ntdll.dll+6cea1"}
{"GrantedAccess":"0x1000","@timestamp":"2020-10-21T09:40:49.860Z","TimeCreated":"2020-10-21T09:40:49.860Z","SourceThreadId":"5388","SourceImage":"C:\\windows\\Explorer.EXE","ProviderGuid":"{5770385f-c22a-43e0-bf4c-06f5698ffbd9}","CallTrace":"C:\\windows\\SYSTEM32\\ntdll.dll+9c584|C:\\windows\\System32\\KERNELBASE.dll+305fe|C:\\Windows\\System32\\appresolver.dll+221c5|C:\\Windows\\System32\\appresolver.dll+1edcc|C:\\Windows\\System32\\appresolver.dll+1ecb7|C:\\windows\\Explorer.EXE+582ec|C:\\windows\\Explorer.EXE+585e3|C:\\windows\\Explorer.EXE+58169|C:\\windows\\Explorer.EXE+29a50|C:\\windows\\System32\\windows.storage.dll+16e1c4|C:\\windows\\System32\\windows.storage.dll+16de05|C:\\windows\\System32\\windows.storage.dll+16dce5|C:\\windows\\System32\\shcore.dll+31636|C:\\windows\\SYSTEM32\\ntdll.dll+2f655|C:\\windows\\SYSTEM32\\ntdll.dll+345b4|C:\\windows\\System32\\KERNEL32.DLL+17c24|C:\\windows\\SYSTEM32\\ntdll.dll+6cea1","UtcTime":"2020-10-22 01:40:49.833","TargetProcessGUID":"{39e4a257-e321-5f90-d210-000000000700}","SourceProcessId":"1072","Level":"4","Channel":"Microsoft-Windows-Sysmon/Operational","Task":"10","RuleName":"-","SourceName":"Microsoft-Windows-Sysmon","Hostname":"WORKSTATION5","SourceProcessGUID":"{39e4a257-f1b3-5f8b-a700-000000000700}","TargetProcessId":"3440","EventID":10,"Keywords":"0x8000000000000000","TargetImage":"C:\\windows\\system32\\notepad.exe","Message":"Process accessed:\r\nRuleName: -\r\nUtcTime: 2020-10-22 01:40:49.833\r\nSourceProcessGUID: {39e4a257-f1b3-5f8b-a700-000000000700}\r\nSourceProcessId: 1072\r\nSourceThreadId: 5388\r\nSourceImage: C:\\windows\\Explorer.EXE\r\nTargetProcessGUID: {39e4a257-e321-5f90-d210-000000000700}\r\nTargetProcessId: 3440\r\nTargetImage: C:\\windows\\system32\\notepad.exe\r\nGrantedAccess: 0x1000\r\nCallTrace: C:\\windows\\SYSTEM32\\ntdll.dll+9c584|C:\\windows\\System32\\KERNELBASE.dll+305fe|C:\\Windows\\System32\\appresolver.dll+221c5|C:\\Windows\\System32\\appresolver.dll+1edcc|C:\\Windows\\System32\\appresolver.dll+1ecb7|C:\\windows\\Explorer.EXE+582ec|C:\\windows\\Explorer.EXE+585e3|C:\\windows\\Explorer.EXE+58169|C:\\windows\\Explorer.EXE+29a50|C:\\windows\\System32\\windows.storage.dll+16e1c4|C:\\windows\\System32\\windows.storage.dll+16de05|C:\\windows\\System32\\windows.storage.dll+16dce5|C:\\windows\\System32\\shcore.dll+31636|C:\\windows\\SYSTEM32\\ntdll.dll+2f655|C:\\windows\\SYSTEM32\\ntdll.dll+345b4|C:\\windows\\System32\\KERNEL32.DLL+17c24|C:\\windows\\SYSTEM32\\ntdll.dll+6cea1"}
{"GrantedAccess":"0x1000","@timestamp":"2020-10-21T09:40:49.861Z","TimeCreated":"2020-10-21T09:40:49.861Z","SourceThreadId":"5388","SourceImage":"C:\\windows\\Explorer.EXE","ProviderGuid":"{5770385f-c22a-43e0-bf4c-06f5698ffbd9}","CallTrace":"C:\\windows\\SYSTEM32\\ntdll.dll+9c584|C:\\windows\\System32\\KERNELBASE.dll+305fe|C:\\Windows\\System32\\appresolver.dll+1ee93|C:\\Windows\\System32\\appresolver.dll+1ecb7|C:\\windows\\Explorer.EXE+582ec|C:\\windows\\Explorer.EXE+585e3|C:\\windows\\Explorer.EXE+58169|C:\\windows\\Explorer.EXE+29a50|C:\\windows\\System32\\windows.storage.dll+16e1c4|C:\\windows\\System32\\windows.storage.dll+16de05|C:\\windows\\System32\\windows.storage.dll+16dce5|C:\\windows\\System32\\shcore.dll+31636|C:\\windows\\SYSTEM32\\ntdll.dll+2f655|C:\\windows\\SYSTEM32\\ntdll.dll+345b4|C:\\windows\\System32\\KERNEL32.DLL+17c24|C:\\windows\\SYSTEM32\\ntdll.dll+6cea1","UtcTime":"2020-10-22 01:40:49.833","TargetProcessGUID":"{39e4a257-e321-5f90-d210-000000000700}","SourceProcessId":"1072","Level":"4","Channel":"Microsoft-Windows-Sysmon/Operational","Task":"10","RuleName":"-","SourceName":"Microsoft-Windows-Sysmon","Hostname":"WORKSTATION5","SourceProcessGUID":"{39e4a257-f1b3-5f8b-a700-000000000700}","TargetProcessId":"3440","EventID":10,"Keywords":"0x8000000000000000","TargetImage":"C:\\windows\\system32\\notepad.exe","Message":"Process accessed:\r\nRuleName: -\r\nUtcTime: 2020-10-22 01:40:49.833\r\nSourceProcessGUID: {39e4a257-f1b3-5f8b-a700-000000000700}\r\nSourceProcessId: 1072\r\nSourceThreadId: 5388\r\nSourceImage: C:\\windows\\Explorer.EXE\r\nTargetProcessGUID: {39e4a257-e321-5f90-d210-000000000700}\r\nTargetProcessId: 3440\r\nTargetImage: C:\\windows\\system32\\notepad.exe\r\nGrantedAccess: 0x1000\r\nCallTrace: C:\\windows\\SYSTEM32\\ntdll.dll+9c584|C:\\windows\\System32\\KERNELBASE.dll+305fe|C:\\Windows\\System32\\appresolver.dll+1ee93|C:\\Windows\\System32\\appresolver.dll+1ecb7|C:\\windows\\Explorer.EXE+582ec|C:\\windows\\Explorer.EXE+585e3|C:\\windows\\Explorer.EXE+58169|C:\\windows\\Explorer.EXE+29a50|C:\\windows\\System32\\windows.storage.dll+16e1c4|C:\\windows\\System32\\windows.storage.dll+16de05|C:\\windows\\System32\\windows.storage.dll+16dce5|C:\\windows\\System32\\shcore.dll+31636|C:\\windows\\SYSTEM32\\ntdll.dll+2f655|C:\\windows\\SYSTEM32\\ntdll.dll+345b4|C:\\windows\\System32\\KERNEL32.DLL+17c24|C:\\windows\\SYSTEM32\\ntdll.dll+6cea1"}
{"GrantedAccess":"0x1410","@timestamp":"2020-10-21T09:40:49.861Z","TimeCreated":"2020-10-21T09:40:49.861Z","SourceThreadId":"5388","SourceImage":"C:\\windows\\Explorer.EXE","ProviderGuid":"{5770385f-c22a-43e0-bf4c-06f5698ffbd9}","CallTrace":"C:\\windows\\SYSTEM32\\ntdll.dll+9c584|C:\\windows\\System32\\KERNELBASE.dll+305fe|C:\\Windows\\System32\\appresolver.dll+21ee8|C:\\Windows\\System32\\appresolver.dll+1ef46|C:\\Windows\\System32\\appresolver.dll+1ecb7|C:\\windows\\Explorer.EXE+582ec|C:\\windows\\Explorer.EXE+585e3|C:\\windows\\Explorer.EXE+58169|C:\\windows\\Explorer.EXE+29a50|C:\\windows\\System32\\windows.storage.dll+16e1c4|C:\\windows\\System32\\windows.storage.dll+16de05|C:\\windows\\System32\\windows.storage.dll+16dce5|C:\\windows\\System32\\shcore.dll+31636|C:\\windows\\SYSTEM32\\ntdll.dll+2f655|C:\\windows\\SYSTEM32\\ntdll.dll+345b4|C:\\windows\\System32\\KERNEL32.DLL+17c24|C:\\windows\\SYSTEM32\\ntdll.dll+6cea1","UtcTime":"2020-10-22 01:40:49.833","TargetProcessGUID":"{39e4a257-e321-5f90-d210-000000000700}","SourceProcessId":"1072","Level":"4","Channel":"Microsoft-Windows-Sysmon/Operational","Task":"10","RuleName":"-","SourceName":"Microsoft-Windows-Sysmon","Hostname":"WORKSTATION5","SourceProcessGUID":"{39e4a257-f1b3-5f8b-a700-000000000700}","TargetProcessId":"3440","EventID":10,"Keywords":"0x8000000000000000","TargetImage":"C:\\windows\\system32\\notepad.exe","Message":"Process accessed:\r\nRuleName: -\r\nUtcTime: 2020-10-22 01:40:49.833\r\nSourceProcessGUID: {39e4a257-f1b3-5f8b-a700-000000000700}\r\nSourceProcessId: 1072\r\nSourceThreadId: 5388\r\nSourceImage: C:\\windows\\Explorer.EXE\r\nTargetProcessGUID: {39e4a257-e321-5f90-d210-000000000700}\r\nTargetProcessId: 3440\r\nTargetImage: C:\\windows\\system32\\notepad.exe\r\nGrantedAccess: 0x1410\r\nCallTrace: C:\\windows\\SYSTEM32\\ntdll.dll+9c584|C:\\windows\\System32\\KERNELBASE.dll+305fe|C:\\Windows\\System32\\appresolver.dll+21ee8|C:\\Windows\\System32\\appresolver.dll+1ef46|C:\\Windows\\System32\\appresolver.dll+1ecb7|C:\\windows\\Explorer.EXE+582ec|C:\\windows\\Explorer.EXE+585e3|C:\\windows\\Explorer.EXE+58169|C:\\windows\\Explorer.EXE+29a50|C:\\windows\\System32\\windows.storage.dll+16e1c4|C:\\windows\\System32\\windows.storage.dll+16de05|C:\\windows\\System32\\windows.storage.dll+16dce5|C:\\windows\\System32\\shcore.dll+31636|C:\\windows\\SYSTEM32\\ntdll.dll+2f655|C:\\windows\\SYSTEM32\\ntdll.dll+345b4|C:\\windows\\System32\\KERNEL32.DLL+17c24|C:\\windows\\SYSTEM32\\ntdll.dll+6cea1"}
{"@timestamp":"2020-10-21T09:40:49.861Z","TimeCreated":"2020-10-21T09:40:49.861Z","ProviderGuid":"{5770385f-c22a-43e0-bf4c-06f5698ffbd9}","UtcTime":"2020-10-22 01:40:49.833","ProcessGuid":"{39e4a257-f121-5f8b-0100-000000000700}","Image":"System","Level":"4","Channel":"Microsoft-Windows-Sysmon/Operational","Task":"12","RuleName":"-","SourceName":"Microsoft-Windows-Sysmon","Hostname":"WORKSTATION5","ProcessId":"4","EventType":"CreateKey","EventID":12,"Keywords":"0x8000000000000000","TargetObject":"HKLM\\System\\CurrentControlSet\\Services\\bam\\State\\UserSettings\\S-1-5-21-3940915590-64593676-1414006259-500","Message":"Registry object added or deleted:\r\nRuleName: -\r\nEventType: CreateKey\r\nUtcTime: 2020-10-22 01:40:49.833\r\nProcessGuid: {39e4a257-f121-5f8b-0100-000000000700}\r\nProcessId: 4\r\nImage: System\r\nTargetObject: HKLM\\System\\CurrentControlSet\\Services\\bam\\State\\UserSettings\\S-1-5-21-3940915590-64593676-1414006259-500"}
{"@timestamp":"2020-10-21T09:40:49.861Z","TimeCreated":"2020-10-21T09:40:49.861Z","ProviderGuid":"{5770385f-c22a-43e0-bf4c-06f5698ffbd9}","UtcTime":"2020-10-22 01:40:49.833","ProcessGuid":"{39e4a257-f121-5f8b-0100-000000000700}","Image":"System","Level":"4","Channel":"Microsoft-Windows-Sysmon/Operational","Task":"13","RuleName":"-","SourceName":"Microsoft-Windows-Sysmon","Hostname":"WORKSTATION5","Details":"Binary Data","ProcessId":"4","EventType":"SetValue","EventID":13,"Keywords":"0x8000000000000000","TargetObject":"HKLM\\System\\CurrentControlSet\\Services\\bam\\State\\UserSettings\\S-1-5-21-3940915590-64593676-1414006259-500\\\\Device\\HarddiskVolume2\\Windows\\System32\\notepad.exe","Message":"Registry value set:\r\nRuleName: -\r\nEventType: SetValue\r\nUtcTime: 2020-10-22 01:40:49.833\r\nProcessGuid: {39e4a257-f121-5f8b-0100-000000000700}\r\nProcessId: 4\r\nImage: System\r\nTargetObject: HKLM\\System\\CurrentControlSet\\Services\\bam\\State\\UserSettings\\S-1-5-21-3940915590-64593676-1414006259-500\\\\Device\\HarddiskVolume2\\Windows\\System32\\notepad.exe\r\nDetails: Binary Data"}
{"GrantedAccess":"0x1000","@timestamp":"2020-10-21T09:40:49.861Z","TimeCreated":"2020-10-21T09:40:49.861Z","SourceThreadId":"5300","SourceImage":"C:\\windows\\system32\\ctfmon.exe","ProviderGuid":"{5770385f-c22a-43e0-bf4c-06f5698ffbd9}","CallTrace":"C:\\windows\\SYSTEM32\\ntdll.dll+9d154|C:\\windows\\System32\\MSCTF.dll+9440|C:\\windows\\System32\\MSCTF.dll+85ec|C:\\windows\\System32\\MSCTF.dll+827f|C:\\windows\\System32\\MSCTF.dll+80e2|C:\\windows\\System32\\KERNEL32.DLL+17c24|C:\\windows\\SYSTEM32\\ntdll.dll+6cea1","UtcTime":"2020-10-22 01:40:49.848","TargetProcessGUID":"{39e4a257-e321-5f90-d210-000000000700}","SourceProcessId":"5112","Level":"4","Channel":"Microsoft-Windows-Sysmon/Operational","Task":"10","RuleName":"-","SourceName":"Microsoft-Windows-Sysmon","Hostname":"WORKSTATION5","SourceProcessGUID":"{39e4a257-f1b1-5f8b-a500-000000000700}","TargetProcessId":"3440","EventID":10,"Keywords":"0x8000000000000000","TargetImage":"C:\\windows\\system32\\notepad.exe","Message":"Process accessed:\r\nRuleName: -\r\nUtcTime: 2020-10-22 01:40:49.848\r\nSourceProcessGUID: {39e4a257-f1b1-5f8b-a500-000000000700}\r\nSourceProcessId: 5112\r\nSourceThreadId: 5300\r\nSourceImage: C:\\windows\\system32\\ctfmon.exe\r\nTargetProcessGUID: {39e4a257-e321-5f90-d210-000000000700}\r\nTargetProcessId: 3440\r\nTargetImage: C:\\windows\\system32\\notepad.exe\r\nGrantedAccess: 0x1000\r\nCallTrace: C:\\windows\\SYSTEM32\\ntdll.dll+9d154|C:\\windows\\System32\\MSCTF.dll+9440|C:\\windows\\System32\\MSCTF.dll+85ec|C:\\windows\\System32\\MSCTF.dll+827f|C:\\windows\\System32\\MSCTF.dll+80e2|C:\\windows\\System32\\KERNEL32.DLL+17c24|C:\\windows\\SYSTEM32\\ntdll.dll+6cea1"}
{"@timestamp":"2020-10-21T09:40:49.862Z","TimeCreated":"2020-10-21T09:40:49.862Z","Hashes":"SHA1=D514677D0B3766F2A30A79B382CEAA6890A9144E,MD5=8C850456EBB5C4B5265BBB2CE8682703,SHA256=B6415255D252F04428832F5857706C1366B29C1ACF640082C341F8C1AF7816DF,IMPHASH=4EF0D2272492E6A4AEFB26F6674CA64F","Signature":"Microsoft Windows","ProviderGuid":"{5770385f-c22a-43e0-bf4c-06f5698ffbd9}","Company":"Microsoft Corporation","UtcTime":"2020-10-22 01:40:49.848","ProcessGuid":"{39e4a257-e321-5f90-d210-000000000700}","Image":"C:\\Windows\\System32\\notepad.exe","ImageLoaded":"C:\\Windows\\System32\\TextInputFramework.dll","Level":"4","Channel":"Microsoft-Windows-Sysmon/Operational","Task":"7","RuleName":"-","FileVersion":"10.0.18362.693 (WinBuild.160101.0800)","SourceName":"Microsoft-Windows-Sysmon","Hostname":"WORKSTATION5","ProcessId":"3440","Description":"\"TextInputFramework.DYNLINK\"","SignatureStatus":"Valid","Product":"Microsoft Windows Operating System","EventID":7,"Keywords":"0x8000000000000000","Signed":"true","OriginalFileName":"\"TextInputFramework.DYNLINK\"","Message":"Image loaded:\r\nRuleName: -\r\nUtcTime: 2020-10-22 01:40:49.848\r\nProcessGuid: {39e4a257-e321-5f90-d210-000000000700}\r\nProcessId: 3440\r\nImage: C:\\Windows\\System32\\notepad.exe\r\nImageLoaded: C:\\Windows\\System32\\TextInputFramework.dll\r\nFileVersion: 10.0.18362.693 (WinBuild.160101.0800)\r\nDescription: \"TextInputFramework.DYNLINK\"\r\nProduct: Microsoft Windows Operating System\r\nCompany: Microsoft Corporation\r\nOriginalFileName: \"TextInputFramework.DYNLINK\"\r\nHashes: SHA1=D514677D0B3766F2A30A79B382CEAA6890A9144E,MD5=8C850456EBB5C4B5265BBB2CE8682703,SHA256=B6415255D252F04428832F5857706C1366B29C1ACF640082C341F8C1AF7816DF,IMPHASH=4EF0D2272492E6A4AEFB26F6674CA64F\r\nSigned: true\r\nSignature: Microsoft Windows\r\nSignatureStatus: Valid"}
{"@timestamp":"2020-10-21T09:40:49.863Z","TimeCreated":"2020-10-21T09:40:49.863Z","Hashes":"SHA1=921B1B35216BEE3C8DF5E9DE34E24E6CD11404B4,MD5=FD400D045B3B444EA63B43B57AED1BCA,SHA256=9050083E4A3586E497A6511E00721142D6729350E89D9E132085FA60CC82E58B,IMPHASH=D5A340DE6D3229461CCE23B7EDD45B8A","Signature":"Microsoft Windows","ProviderGuid":"{5770385f-c22a-43e0-bf4c-06f5698ffbd9}","Company":"Microsoft Corporation","UtcTime":"2020-10-22 01:40:49.848","ProcessGuid":"{39e4a257-e321-5f90-d210-000000000700}","Image":"C:\\Windows\\System32\\notepad.exe","ImageLoaded":"C:\\Windows\\System32\\CoreUIComponents.dll","Level":"4","Channel":"Microsoft-Windows-Sysmon/Operational","Task":"7","RuleName":"-","FileVersion":"10.0.18362.1110","SourceName":"Microsoft-Windows-Sysmon","Hostname":"WORKSTATION5","ProcessId":"3440","Description":"Microsoft Core UI Components Dll","SignatureStatus":"Valid","Product":"Microsoft Windows Operating System","EventID":7,"Keywords":"0x8000000000000000","Signed":"true","OriginalFileName":"CoreUIComponents.dll","Message":"Image loaded:\r\nRuleName: -\r\nUtcTime: 2020-10-22 01:40:49.848\r\nProcessGuid: {39e4a257-e321-5f90-d210-000000000700}\r\nProcessId: 3440\r\nImage: C:\\Windows\\System32\\notepad.exe\r\nImageLoaded: C:\\Windows\\System32\\CoreUIComponents.dll\r\nFileVersion: 10.0.18362.1110\r\nDescription: Microsoft Core UI Components Dll\r\nProduct: Microsoft Windows Operating System\r\nCompany: Microsoft Corporation\r\nOriginalFileName: CoreUIComponents.dll\r\nHashes: SHA1=921B1B35216BEE3C8DF5E9DE34E24E6CD11404B4,MD5=FD400D045B3B444EA63B43B57AED1BCA,SHA256=9050083E4A3586E497A6511E00721142D6729350E89D9E132085FA60CC82E58B,IMPHASH=D5A340DE6D3229461CCE23B7EDD45B8A\r\nSigned: true\r\nSignature: Microsoft Windows\r\nSignatureStatus: Valid"}
{"@timestamp":"2020-10-21T09:40:49.863Z","TimeCreated":"2020-10-21T09:40:49.863Z","Hashes":"SHA1=27AFEDBB2BCE7204B671362BB46909B0D2068F6D,MD5=2E1D612538780D8EF3EC5C0DB5B080E0,SHA256=D7217EBDD8E654E009B700597DCF9AD9A3FD3688160E134C05DD017FDFCCF844,IMPHASH=159F4C943EAB23286854F27C6AA82CE1","Signature":"Microsoft Windows","ProviderGuid":"{5770385f-c22a-43e0-bf4c-06f5698ffbd9}","Company":"Microsoft Corporation","UtcTime":"2020-10-22 01:40:49.848","ProcessGuid":"{39e4a257-e321-5f90-d210-000000000700}","Image":"C:\\Windows\\System32\\notepad.exe","ImageLoaded":"C:\\Windows\\System32\\CoreMessaging.dll","Level":"4","Channel":"Microsoft-Windows-Sysmon/Operational","Task":"7","RuleName":"-","FileVersion":"10.0.18362.1049","SourceName":"Microsoft-Windows-Sysmon","Hostname":"WORKSTATION5","ProcessId":"3440","Description":"Microsoft CoreMessaging Dll","SignatureStatus":"Valid","Product":"Microsoft Windows Operating System","EventID":7,"Keywords":"0x8000000000000000","Signed":"true","OriginalFileName":"CoreMessaging.dll","Message":"Image loaded:\r\nRuleName: -\r\nUtcTime: 2020-10-22 01:40:49.848\r\nProcessGuid: {39e4a257-e321-5f90-d210-000000000700}\r\nProcessId: 3440\r\nImage: C:\\Windows\\System32\\notepad.exe\r\nImageLoaded: C:\\Windows\\System32\\CoreMessaging.dll\r\nFileVersion: 10.0.18362.1049\r\nDescription: Microsoft CoreMessaging Dll\r\nProduct: Microsoft Windows Operating System\r\nCompany: Microsoft Corporation\r\nOriginalFileName: CoreMessaging.dll\r\nHashes: SHA1=27AFEDBB2BCE7204B671362BB46909B0D2068F6D,MD5=2E1D612538780D8EF3EC5C0DB5B080E0,SHA256=D7217EBDD8E654E009B700597DCF9AD9A3FD3688160E134C05DD017FDFCCF844,IMPHASH=159F4C943EAB23286854F27C6AA82CE1\r\nSigned: true\r\nSignature: Microsoft Windows\r\nSignatureStatus: Valid"}
{"@timestamp":"2020-10-21T09:40:49.864Z","TimeCreated":"2020-10-21T09:40:49.864Z","Hashes":"SHA1=27AFEDBB2BCE7204B671362BB46909B0D2068F6D,MD5=2E1D612538780D8EF3EC5C0DB5B080E0,SHA256=D7217EBDD8E654E009B700597DCF9AD9A3FD3688160E134C05DD017FDFCCF844,IMPHASH=159F4C943EAB23286854F27C6AA82CE1","Signature":"Microsoft Windows","ProviderGuid":"{5770385f-c22a-43e0-bf4c-06f5698ffbd9}","Company":"Microsoft Corporation","UtcTime":"2020-10-22 01:40:49.848","ProcessGuid":"{39e4a257-e321-5f90-d210-000000000700}","Image":"C:\\Windows\\System32\\notepad.exe","ImageLoaded":"C:\\Windows\\System32\\CoreMessaging.dll","Level":"4","Channel":"Microsoft-Windows-Sysmon/Operational","Task":"7","RuleName":"-","FileVersion":"10.0.18362.1049","SourceName":"Microsoft-Windows-Sysmon","Hostname":"WORKSTATION5","ProcessId":"3440","Description":"Microsoft CoreMessaging Dll","SignatureStatus":"Valid","Product":"Microsoft Windows Operating System","EventID":7,"Keywords":"0x8000000000000000","Signed":"true","OriginalFileName":"CoreMessaging.dll","Message":"Image loaded:\r\nRuleName: -\r\nUtcTime: 2020-10-22 01:40:49.848\r\nProcessGuid: {39e4a257-e321-5f90-d210-000000000700}\r\nProcessId: 3440\r\nImage: C:\\Windows\\System32\\notepad.exe\r\nImageLoaded: C:\\Windows\\System32\\CoreMessaging.dll\r\nFileVersion: 10.0.18362.1049\r\nDescription: Microsoft CoreMessaging Dll\r\nProduct: Microsoft Windows Operating System\r\nCompany: Microsoft Corporation\r\nOriginalFileName: CoreMessaging.dll\r\nHashes: SHA1=27AFEDBB2BCE7204B671362BB46909B0D2068F6D,MD5=2E1D612538780D8EF3EC5C0DB5B080E0,SHA256=D7217EBDD8E654E009B700597DCF9AD9A3FD3688160E134C05DD017FDFCCF844,IMPHASH=159F4C943EAB23286854F27C6AA82CE1\r\nSigned: true\r\nSignature: Microsoft Windows\r\nSignatureStatus: Valid"}
{"@timestamp":"2020-10-21T09:40:49.864Z","TimeCreated":"2020-10-21T09:40:49.864Z","ProviderGuid":"{5770385f-c22a-43e0-bf4c-06f5698ffbd9}","UtcTime":"2020-10-22 01:40:49.848","ProcessGuid":"{39e4a257-f121-5f8b-0100-000000000700}","Image":"System","Level":"4","Channel":"Microsoft-Windows-Sysmon/Operational","Task":"13","RuleName":"-","SourceName":"Microsoft-Windows-Sysmon","Hostname":"WORKSTATION5","Details":"DWORD (0x0000008b)","ProcessId":"4","EventType":"SetValue","EventID":13,"Keywords":"0x8000000000000000","TargetObject":"HKLM\\System\\CurrentControlSet\\Services\\bam\\State\\UserSettings\\S-1-5-21-3940915590-64593676-1414006259-500\\SequenceNumber","Message":"Registry value set:\r\nRuleName: -\r\nEventType: SetValue\r\nUtcTime: 2020-10-22 01:40:49.848\r\nProcessGuid: {39e4a257-f121-5f8b-0100-000000000700}\r\nProcessId: 4\r\nImage: System\r\nTargetObject: HKLM\\System\\CurrentControlSet\\Services\\bam\\State\\UserSettings\\S-1-5-21-3940915590-64593676-1414006259-500\\SequenceNumber\r\nDetails: DWORD (0x0000008b)"}
{"@timestamp":"2020-10-21T09:40:49.865Z","TimeCreated":"2020-10-21T09:40:49.865Z","Hashes":"SHA1=5C986A06C21B5CDCFD799E3B5CA475CE2AFF6058,MD5=435009D1DDC0365BFA34B8C8D3F85286,SHA256=2F94628F056FE65EA81351E134E59ECE813FEC5E8400C12D6DFA49DEFD126D01,IMPHASH=B0E49176FB29AC2D0ABB840B4C490D21","Signature":"Microsoft Windows","ProviderGuid":"{5770385f-c22a-43e0-bf4c-06f5698ffbd9}","Company":"Microsoft Corporation","UtcTime":"2020-10-22 01:40:49.848","ProcessGuid":"{39e4a257-e321-5f90-d210-000000000700}","Image":"C:\\Windows\\System32\\notepad.exe","ImageLoaded":"C:\\Windows\\System32\\ntmarta.dll","Level":"4","Channel":"Microsoft-Windows-Sysmon/Operational","Task":"7","RuleName":"-","FileVersion":"10.0.18362.1 (WinBuild.160101.0800)","SourceName":"Microsoft-Windows-Sysmon","Hostname":"WORKSTATION5","ProcessId":"3440","Description":"Windows NT MARTA provider","SignatureStatus":"Valid","Product":"Microsoft Windows Operating System","EventID":7,"Keywords":"0x8000000000000000","Signed":"true","OriginalFileName":"ntmarta.dll","Message":"Image loaded:\r\nRuleName: -\r\nUtcTime: 2020-10-22 01:40:49.848\r\nProcessGuid: {39e4a257-e321-5f90-d210-000000000700}\r\nProcessId: 3440\r\nImage: C:\\Windows\\System32\\notepad.exe\r\nImageLoaded: C:\\Windows\\System32\\ntmarta.dll\r\nFileVersion: 10.0.18362.1 (WinBuild.160101.0800)\r\nDescription: Windows NT MARTA provider\r\nProduct: Microsoft Windows Operating System\r\nCompany: Microsoft Corporation\r\nOriginalFileName: ntmarta.dll\r\nHashes: SHA1=5C986A06C21B5CDCFD799E3B5CA475CE2AFF6058,MD5=435009D1DDC0365BFA34B8C8D3F85286,SHA256=2F94628F056FE65EA81351E134E59ECE813FEC5E8400C12D6DFA49DEFD126D01,IMPHASH=B0E49176FB29AC2D0ABB840B4C490D21\r\nSigned: true\r\nSignature: Microsoft Windows\r\nSignatureStatus: Valid"}
{"GrantedAccess":"0x1000","@timestamp":"2020-10-21T09:40:49.865Z","TimeCreated":"2020-10-21T09:40:49.865Z","SourceThreadId":"4688","SourceImage":"C:\\windows\\Explorer.EXE","ProviderGuid":"{5770385f-c22a-43e0-bf4c-06f5698ffbd9}","CallTrace":"C:\\windows\\SYSTEM32\\ntdll.dll+9c584|C:\\windows\\System32\\KERNELBASE.dll+305fe|C:\\windows\\SYSTEM32\\TWINAPI.dll+6d4c|C:\\windows\\system32\\twinui.pcshell.dll+20880|C:\\windows\\system32\\twinui.pcshell.dll+20082|C:\\windows\\system32\\twinui.pcshell.dll+82ef4|C:\\windows\\system32\\twinui.pcshell.dll+23e96|C:\\windows\\system32\\twinui.pcshell.dll+205de|C:\\windows\\system32\\twinui.dll+1780b|C:\\windows\\system32\\twinui.dll+1734c|C:\\windows\\system32\\twinui.dll+68f7a|C:\\windows\\system32\\twinui.dll+16e09|C:\\windows\\system32\\twinui.dll+16f4b|C:\\windows\\system32\\twinui.dll+16ecd|C:\\windows\\System32\\USER32.dll+15c1d|C:\\windows\\System32\\USER32.dll+15612|C:\\Windows\\System32\\windows.immersiveshell.serviceprovider.dll+45f0|C:\\Windows\\System32\\windows.immersiveshell.serviceprovider.dll+41b9|C:\\Windows\\System32\\windows.immersiveshell.serviceprovider.dll+3e4f|C:\\windows\\System32\\KERNEL32.DLL+17c24|C:\\windows\\SYSTEM32\\ntdll.dll+6cea1","UtcTime":"2020-10-22 01:40:49.848","TargetProcessGUID":"{39e4a257-e321-5f90-d210-000000000700}","SourceProcessId":"1072","Level":"4","Channel":"Microsoft-Windows-Sysmon/Operational","Task":"10","RuleName":"-","SourceName":"Microsoft-Windows-Sysmon","Hostname":"WORKSTATION5","SourceProcessGUID":"{39e4a257-f1b3-5f8b-a700-000000000700}","TargetProcessId":"3440","EventID":10,"Keywords":"0x8000000000000000","TargetImage":"C:\\windows\\system32\\notepad.exe","Message":"Process accessed:\r\nRuleName: -\r\nUtcTime: 2020-10-22 01:40:49.848\r\nSourceProcessGUID: {39e4a257-f1b3-5f8b-a700-000000000700}\r\nSourceProcessId: 1072\r\nSourceThreadId: 4688\r\nSourceImage: C:\\windows\\Explorer.EXE\r\nTargetProcessGUID: {39e4a257-e321-5f90-d210-000000000700}\r\nTargetProcessId: 3440\r\nTargetImage: C:\\windows\\system32\\notepad.exe\r\nGrantedAccess: 0x1000\r\nCallTrace: C:\\windows\\SYSTEM32\\ntdll.dll+9c584|C:\\windows\\System32\\KERNELBASE.dll+305fe|C:\\windows\\SYSTEM32\\TWINAPI.dll+6d4c|C:\\windows\\system32\\twinui.pcshell.dll+20880|C:\\windows\\system32\\twinui.pcshell.dll+20082|C:\\windows\\system32\\twinui.pcshell.dll+82ef4|C:\\windows\\system32\\twinui.pcshell.dll+23e96|C:\\windows\\system32\\twinui.pcshell.dll+205de|C:\\windows\\system32\\twinui.dll+1780b|C:\\windows\\system32\\twinui.dll+1734c|C:\\windows\\system32\\twinui.dll+68f7a|C:\\windows\\system32\\twinui.dll+16e09|C:\\windows\\system32\\twinui.dll+16f4b|C:\\windows\\system32\\twinui.dll+16ecd|C:\\windows\\System32\\USER32.dll+15c1d|C:\\windows\\System32\\USER32.dll+15612|C:\\Windows\\System32\\windows.immersiveshell.serviceprovider.dll+45f0|C:\\Windows\\System32\\windows.immersiveshell.serviceprovider.dll+41b9|C:\\Windows\\System32\\windows.immersiveshell.serviceprovider.dll+3e4f|C:\\windows\\System32\\KERNEL32.DLL+17c24|C:\\windows\\SYSTEM32\\ntdll.dll+6cea1"}
