{"GrantedAccess":"0x1478","@timestamp":"2020-10-22T01:31:11.855Z","TimeCreated":"2020-10-22T01:31:11.855Z","SourceThreadId":"11240","SourceImage":"C:\\windows\\system32\\lsass.exe","ProviderGuid":"{5770385f-c22a-43e0-bf4c-06f5698ffbd9}","CallTrace":"C:\\windows\\SYSTEM32\\ntdll.dll+9c584|C:\\windows\\system32\\lsasrv.dll+179a6|C:\\windows\\system32\\lsasrv.dll+1852f|C:\\windows\\system32\\lsasrv.dll+17814|C:\\windows\\SYSTEM32\\SspiSrv.dll+1a72|C:\\windows\\System32\\RPCRT4.dll+76a63|C:\\windows\\System32\\RPCRT4.dll+13653|C:\\windows\\System32\\RPCRT4.dll+1457a|C:\\windows\\System32\\RPCRT4.dll+549f8|C:\\windows\\System32\\RPCRT4.dll+2c9b1|C:\\windows\\System32\\RPCRT4.dll+2c26b|C:\\windows\\System32\\RPCRT4.dll+1a8cf|C:\\windows\\System32\\RPCRT4.dll+19d7a|C:\\windows\\System32\\RPCRT4.dll+19361|C:\\windows\\System32\\RPCRT4.dll+18dce|C:\\windows\\System32\\RPCRT4.dll+16a05|C:\\windows\\SYSTEM32\\ntdll.dll+333ed|C:\\windows\\SYSTEM32\\ntdll.dll+34142|C:\\windows\\System32\\KERNEL32.DLL+17c24|C:\\windows\\SYSTEM32\\ntdll.dll+6cea1","UtcTime":"2020-10-22 05:31:11.848","TargetProcessGUID":"{39e4a257-191f-5f91-6412-000000000700}","SourceProcessId":"756","Level":"4","Channel":"Microsoft-Windows-Sysmon/Operational","Task":"10","RuleName":"-","SourceName":"Microsoft-Windows-Sysmon","Hostname":"WORKSTATION5","SourceProcessGUID":"{39e4a257-f131-5f8b-0c00-000000000700}","TargetProcessId":"10288","EventID":10,"Keywords":"0x8000000000000000","TargetImage":"c:\\windows\\SysWOW64\\calc.exe","Message":"Process accessed:\r\nRuleName: -\r\nUtcTime: 2020-10-22 05:31:11.848\r\nSourceProcessGUID: {39e4a257-f131-5f8b-0c00-000000000700}\r\nSourceProcessId: 756\r\nSourceThreadId: 11240\r\nSourceImage: C:\\windows\\system32\\lsass.exe\r\nTargetProcessGUID: {39e4a257-191f-5f91-6412-000000000700}\r\nTargetProcessId: 10288\r\nTargetImage: c:\\windows\\SysWOW64\\calc.exe\r\nGrantedAccess: 0x1478\r\nCallTrace: C:\\windows\\SYSTEM32\\ntdll.dll+9c584|C:\\windows\\system32\\lsasrv.dll+179a6|C:\\windows\\system32\\lsasrv.dll+1852f|C:\\windows\\system32\\lsasrv.dll+17814|C:\\windows\\SYSTEM32\\SspiSrv.dll+1a72|C:\\windows\\System32\\RPCRT4.dll+76a63|C:\\windows\\System32\\RPCRT4.dll+13653|C:\\windows\\System32\\RPCRT4.dll+1457a|C:\\windows\\System32\\RPCRT4.dll+549f8|C:\\windows\\System32\\RPCRT4.dll+2c9b1|C:\\windows\\System32\\RPCRT4.dll+2c26b|C:\\windows\\System32\\RPCRT4.dll+1a8cf|C:\\windows\\System32\\RPCRT4.dll+19d7a|C:\\windows\\System32\\RPCRT4.dll+19361|C:\\windows\\System32\\RPCRT4.dll+18dce|C:\\windows\\System32\\RPCRT4.dll+16a05|C:\\windows\\SYSTEM32\\ntdll.dll+333ed|C:\\windows\\SYSTEM32\\ntdll.dll+34142|C:\\windows\\System32\\KERNEL32.DLL+17c24|C:\\windows\\SYSTEM32\\ntdll.dll+6cea1"}
{"@timestamp":"2020-10-22T01:31:11.865Z","TimeCreated":"2020-10-22T01:31:11.865Z","Hashes":"SHA1=52A5BF4AEDFB299CAFEFBF4942E91C241FFF3874,MD5=A534B3A34AED69BC0CAA772E013AF9ED,SHA256=D078E24D7D96ACB7D8D07EA1602F10870F8E807151E5FC9F6B034BF27D396F5C,IMPHASH=171D1EA50A24EB69B0039D5D15FB9236","Signature":"Microsoft Windows","ProviderGuid":"{5770385f-c22a-43e0-bf4c-06f5698ffbd9}","Company":"Microsoft Corporation","UtcTime":"2020-10-22 05:31:11.848","ProcessGuid":"{39e4a257-191f-5f91-6412-000000000700}","Image":"C:\\Windows\\SysWOW64\\calc.exe","ImageLoaded":"C:\\Windows\\SysWOW64\\edputil.dll","Level":"4","Channel":"Microsoft-Windows-Sysmon/Operational","Task":"7","RuleName":"-","FileVersion":"10.0.18362.1 (WinBuild.160101.0800)","SourceName":"Microsoft-Windows-Sysmon","Hostname":"WORKSTATION5","ProcessId":"10288","Description":"EDP util","SignatureStatus":"Valid","Product":"Microsoft Windows Operating System","EventID":7,"Keywords":"0x8000000000000000","Signed":"true","OriginalFileName":"EDPUTIL.DLL","Message":"Image loaded:\r\nRuleName: -\r\nUtcTime: 2020-10-22 05:31:11.848\r\nProcessGuid: {39e4a257-191f-5f91-6412-000000000700}\r\nProcessId: 10288\r\nImage: C:\\Windows\\SysWOW64\\calc.exe\r\nImageLoaded: C:\\Windows\\SysWOW64\\edputil.dll\r\nFileVersion: 10.0.18362.1 (WinBuild.160101.0800)\r\nDescription: EDP util\r\nProduct: Microsoft Windows Operating System\r\nCompany: Microsoft Corporation\r\nOriginalFileName: EDPUTIL.DLL\r\nHashes: SHA1=52A5BF4AEDFB299CAFEFBF4942E91C241FFF3874,MD5=A534B3A34AED69BC0CAA772E013AF9ED,SHA256=D078E24D7D96ACB7D8D07EA1602F10870F8E807151E5FC9F6B034BF27D396F5C,IMPHASH=171D1EA50A24EB69B0039D5D15FB9236\r\nSigned: true\r\nSignature: Microsoft Windows\r\nSignatureStatus: Valid"}
{"@timestamp":"2020-10-22T01:31:11.874Z","TimeCreated":"2020-10-22T01:31:11.874Z","Hashes":"SHA1=C366F1454F32880F97EC78A77D652CEAA310E1E2,MD5=D435052398A8E3EE738CC0BAEFD219D1,SHA256=20417F927450753069860D4ACED575DC1AE667FCB5BDF5D9280573ABB0188B55,IMPHASH=1365C05DD369ADB729410FD6427AD34D","Signature":"Microsoft Windows","ProviderGuid":"{5770385f-c22a-43e0-bf4c-06f5698ffbd9}","Company":"Microsoft Corporation","UtcTime":"2020-10-22 05:31:11.848","ProcessGuid":"{39e4a257-191f-5f91-6412-000000000700}","Image":"C:\\Windows\\SysWOW64\\calc.exe","ImageLoaded":"C:\\Windows\\SysWOW64\\secur32.dll","Level":"4","Channel":"Microsoft-Windows-Sysmon/Operational","Task":"7","RuleName":"-","FileVersion":"10.0.18362.1 (WinBuild.160101.0800)","SourceName":"Microsoft-Windows-Sysmon","Hostname":"WORKSTATION5","ProcessId":"10288","Description":"Security Support Provider Interface","SignatureStatus":"Valid","Product":"Microsoft Windows Operating System","EventID":7,"Keywords":"0x8000000000000000","Signed":"true","OriginalFileName":"secur32.dll","Message":"Image loaded:\r\nRuleName: -\r\nUtcTime: 2020-10-22 05:31:11.848\r\nProcessGuid: {39e4a257-191f-5f91-6412-000000000700}\r\nProcessId: 10288\r\nImage: C:\\Windows\\SysWOW64\\calc.exe\r\nImageLoaded: C:\\Windows\\SysWOW64\\secur32.dll\r\nFileVersion: 10.0.18362.1 (WinBuild.160101.0800)\r\nDescription: Security Support Provider Interface\r\nProduct: Microsoft Windows Operating System\r\nCompany: Microsoft Corporation\r\nOriginalFileName: secur32.dll\r\nHashes: SHA1=C366F1454F32880F97EC78A77D652CEAA310E1E2,MD5=D435052398A8E3EE738CC0BAEFD219D1,SHA256=20417F927450753069860D4ACED575DC1AE667FCB5BDF5D9280573ABB0188B55,IMPHASH=1365C05DD369ADB729410FD6427AD34D\r\nSigned: true\r\nSignature: Microsoft Windows\r\nSignatureStatus: Valid"}
{"@timestamp":"2020-10-22T01:31:11.885Z","TimeCreated":"2020-10-22T01:31:11.885Z","Hashes":"SHA1=7ECDE3021AFA66998A4190BDE18E8731E178C5CB,MD5=82C153511A7A1583A903B16ADEF8A6AB,SHA256=2116627AF8A9868881BDADF1CDB16ECEC5FFE71C0CC5D3D68A8D1E01689ED811,IMPHASH=0E32E11591084B79816EDF67FFE393A3","Signature":"Microsoft Windows","ProviderGuid":"{5770385f-c22a-43e0-bf4c-06f5698ffbd9}","Company":"Microsoft Corporation","UtcTime":"2020-10-22 05:31:11.848","ProcessGuid":"{39e4a257-191f-5f91-6412-000000000700}","Image":"C:\\Windows\\SysWOW64\\calc.exe","ImageLoaded":"C:\\Windows\\SysWOW64\\mlang.dll","Level":"4","Channel":"Microsoft-Windows-Sysmon/Operational","Task":"7","RuleName":"-","FileVersion":"10.0.18362.1 (WinBuild.160101.0800)","SourceName":"Microsoft-Windows-Sysmon","Hostname":"WORKSTATION5","ProcessId":"10288","Description":"Multi Language Support DLL","SignatureStatus":"Valid","Product":"Microsoft Windows Operating System","EventID":7,"Keywords":"0x8000000000000000","Signed":"true","OriginalFileName":"MLANG.DLL","Message":"Image loaded:\r\nRuleName: -\r\nUtcTime: 2020-10-22 05:31:11.848\r\nProcessGuid: {39e4a257-191f-5f91-6412-000000000700}\r\nProcessId: 10288\r\nImage: C:\\Windows\\SysWOW64\\calc.exe\r\nImageLoaded: C:\\Windows\\SysWOW64\\mlang.dll\r\nFileVersion: 10.0.18362.1 (WinBuild.160101.0800)\r\nDescription: Multi Language Support DLL\r\nProduct: Microsoft Windows Operating System\r\nCompany: Microsoft Corporation\r\nOriginalFileName: MLANG.DLL\r\nHashes: SHA1=7ECDE3021AFA66998A4190BDE18E8731E178C5CB,MD5=82C153511A7A1583A903B16ADEF8A6AB,SHA256=2116627AF8A9868881BDADF1CDB16ECEC5FFE71C0CC5D3D68A8D1E01689ED811,IMPHASH=0E32E11591084B79816EDF67FFE393A3\r\nSigned: true\r\nSignature: Microsoft Windows\r\nSignatureStatus: Valid"}
{"@timestamp":"2020-10-22T01:31:11.920Z","TimeCreated":"2020-10-22T01:31:11.920Z","ProviderGuid":"{5770385f-c22a-43e0-bf4c-06f5698ffbd9}","UtcTime":"2020-10-22 05:31:11.910","ProcessGuid":"{39e4a257-191f-5f91-6412-000000000700}","Image":"c:\\windows\\SysWOW64\\calc.exe","Level":"4","Channel":"Microsoft-Windows-Sysmon/Operational","Task":"13","RuleName":"-","SourceName":"Microsoft-Windows-Sysmon","Hostname":"WORKSTATION5","Details":"(Empty)","ProcessId":"10288","EventType":"SetValue","EventID":13,"Keywords":"0x8000000000000000","TargetObject":"HKU\\S-1-5-21-3940915590-64593676-1414006259-500\\Software\\Microsoft\\Windows\\CurrentVersion\\Internet Settings\\5.0\\Cache\\Content\\CachePrefix","Message":"Registry value set:\r\nRuleName: -\r\nEventType: SetValue\r\nUtcTime: 2020-10-22 05:31:11.910\r\nProcessGuid: {39e4a257-191f-5f91-6412-000000000700}\r\nProcessId: 10288\r\nImage: c:\\windows\\SysWOW64\\calc.exe\r\nTargetObject: HKU\\S-1-5-21-3940915590-64593676-1414006259-500\\Software\\Microsoft\\Windows\\CurrentVersion\\Internet Settings\\5.0\\Cache\\Content\\CachePrefix\r\nDetails: (Empty)"}
{"@timestamp":"2020-10-22T01:31:11.920Z","TimeCreated":"2020-10-22T01:31:11.920Z","ProviderGuid":"{5770385f-c22a-43e0-bf4c-06f5698ffbd9}","UtcTime":"2020-10-22 05:31:11.910","ProcessGuid":"{39e4a257-191f-5f91-6412-000000000700}","Image":"c:\\windows\\SysWOW64\\calc.exe","Level":"4","Channel":"Microsoft-Windows-Sysmon/Operational","Task":"13","RuleName":"-","SourceName":"Microsoft-Windows-Sysmon","Hostname":"WORKSTATION5","Details":"Cookie:","ProcessId":"10288","EventType":"SetValue","EventID":13,"Keywords":"0x8000000000000000","TargetObject":"HKU\\S-1-5-21-3940915590-64593676-1414006259-500\\Software\\Microsoft\\Windows\\CurrentVersion\\Internet Settings\\5.0\\Cache\\Cookies\\CachePrefix","Message":"Registry value set:\r\nRuleName: -\r\nEventType: SetValue\r\nUtcTime: 2020-10-22 05:31:11.910\r\nProcessGuid: {39e4a257-191f-5f91-6412-000000000700}\r\nProcessId: 10288\r\nImage: c:\\windows\\SysWOW64\\calc.exe\r\nTargetObject: HKU\\S-1-5-21-3940915590-64593676-1414006259-500\\Software\\Microsoft\\Windows\\CurrentVersion\\Internet Settings\\5.0\\Cache\\Cookies\\CachePrefix\r\nDetails: Cookie:"}
{"@timestamp":"2020-10-22T01:31:11.920Z","TimeCreated":"2020-10-22T01:31:11.920Z","ProviderGuid":"{5770385f-c22a-43e0-bf4c-06f5698ffbd9}","UtcTime":"2020-10-22 05:31:11.910","ProcessGuid":"{39e4a257-191f-5f91-6412-000000000700}","Image":"c:\\windows\\SysWOW64\\calc.exe","Level":"4","Channel":"Microsoft-Windows-Sysmon/Operational","Task":"13","RuleName":"-","SourceName":"Microsoft-Windows-Sysmon","Hostname":"WORKSTATION5","Details":"Visited:","ProcessId":"10288","EventType":"SetValue","EventID":13,"Keywords":"0x8000000000000000","TargetObject":"HKU\\S-1-5-21-3940915590-64593676-1414006259-500\\Software\\Microsoft\\Windows\\CurrentVersion\\Internet Settings\\5.0\\Cache\\History\\CachePrefix","Message":"Registry value set:\r\nRuleName: -\r\nEventType: SetValue\r\nUtcTime: 2020-10-22 05:31:11.910\r\nProcessGuid: {39e4a257-191f-5f91-6412-000000000700}\r\nProcessId: 10288\r\nImage: c:\\windows\\SysWOW64\\calc.exe\r\nTargetObject: HKU\\S-1-5-21-3940915590-64593676-1414006259-500\\Software\\Microsoft\\Windows\\CurrentVersion\\Internet Settings\\5.0\\Cache\\History\\CachePrefix\r\nDetails: Visited:"}
{"@timestamp":"2020-10-22T01:31:11.941Z","TimeCreated":"2020-10-22T01:31:11.941Z","ProviderGuid":"{5770385f-c22a-43e0-bf4c-06f5698ffbd9}","UtcTime":"2020-10-22 05:31:11.910","ProcessGuid":"{39e4a257-191f-5f91-6412-000000000700}","Image":"c:\\windows\\SysWOW64\\calc.exe","Level":"4","Channel":"Microsoft-Windows-Sysmon/Operational","Task":"12","RuleName":"-","SourceName":"Microsoft-Windows-Sysmon","Hostname":"WORKSTATION5","ProcessId":"10288","EventType":"CreateKey","EventID":12,"Keywords":"0x8000000000000000","TargetObject":"HKU\\S-1-5-21-3940915590-64593676-1414006259-500\\Software\\Microsoft\\Windows\\CurrentVersion\\ApplicationAssociationToasts","Message":"Registry object added or deleted:\r\nRuleName: -\r\nEventType: CreateKey\r\nUtcTime: 2020-10-22 05:31:11.910\r\nProcessGuid: {39e4a257-191f-5f91-6412-000000000700}\r\nProcessId: 10288\r\nImage: c:\\windows\\SysWOW64\\calc.exe\r\nTargetObject: HKU\\S-1-5-21-3940915590-64593676-1414006259-500\\Software\\Microsoft\\Windows\\CurrentVersion\\ApplicationAssociationToasts"}
{"@timestamp":"2020-10-22T01:31:11.941Z","TimeCreated":"2020-10-22T01:31:11.941Z","Hashes":"SHA1=BC5E7B8A435DF051669453936416F28F17EABF14,MD5=383CD4394313B8FC3E7A4626062B8600,SHA256=B85B9026CA89CF207C56119F711E5E05198BC4F368F81FF5950BCD5D2F5E32F0,IMPHASH=4D7E5FF2F18825AF65148F2CBC263967","Signature":"Microsoft Windows","ProviderGuid":"{5770385f-c22a-43e0-bf4c-06f5698ffbd9}","Company":"Microsoft Corporation","UtcTime":"2020-10-22 05:31:11.926","ProcessGuid":"{39e4a257-191f-5f91-6412-000000000700}","Image":"C:\\Windows\\SysWOW64\\calc.exe","ImageLoaded":"C:\\Windows\\SysWOW64\\apphelp.dll","Level":"4","Channel":"Microsoft-Windows-Sysmon/Operational","Task":"7","RuleName":"-","FileVersion":"10.0.18362.1139 (WinBuild.160101.0800)","SourceName":"Microsoft-Windows-Sysmon","Hostname":"WORKSTATION5","ProcessId":"10288","Description":"Application Compatibility Client Library","SignatureStatus":"Valid","Product":"Microsoft Windows Operating System","EventID":7,"Keywords":"0x8000000000000000","Signed":"true","OriginalFileName":"Apphelp","Message":"Image loaded:\r\nRuleName: -\r\nUtcTime: 2020-10-22 05:31:11.926\r\nProcessGuid: {39e4a257-191f-5f91-6412-000000000700}\r\nProcessId: 10288\r\nImage: C:\\Windows\\SysWOW64\\calc.exe\r\nImageLoaded: C:\\Windows\\SysWOW64\\apphelp.dll\r\nFileVersion: 10.0.18362.1139 (WinBuild.160101.0800)\r\nDescription: Application Compatibility Client Library\r\nProduct: Microsoft Windows Operating System\r\nCompany: Microsoft Corporation\r\nOriginalFileName: Apphelp\r\nHashes: SHA1=BC5E7B8A435DF051669453936416F28F17EABF14,MD5=383CD4394313B8FC3E7A4626062B8600,SHA256=B85B9026CA89CF207C56119F711E5E05198BC4F368F81FF5950BCD5D2F5E32F0,IMPHASH=4D7E5FF2F18825AF65148F2CBC263967\r\nSigned: true\r\nSignature: Microsoft Windows\r\nSignatureStatus: Valid"}
{"@timestamp":"2020-10-22T01:31:11.975Z","TimeCreated":"2020-10-22T01:31:11.975Z","Hashes":"SHA1=314E74E437E64266176D8EC9B4C1A3FBF16DA608,MD5=9C2245F0461DC6EEB6A7EC219269FDDB,SHA256=5E3D865818706937321A7BE2F2A111BB6382BC3AE6103AC809D0F65282B6B3AD,IMPHASH=FF03E1F2D2F608B11B5B8C67CAFE9340","Signature":"Microsoft Windows","ProviderGuid":"{5770385f-c22a-43e0-bf4c-06f5698ffbd9}","Company":"Microsoft Corporation","UtcTime":"2020-10-22 05:31:11.910","ProcessGuid":"{39e4a257-191f-5f91-6412-000000000700}","Image":"C:\\Windows\\SysWOW64\\calc.exe","ImageLoaded":"C:\\Windows\\SysWOW64\\wininet.dll","Level":"4","Channel":"Microsoft-Windows-Sysmon/Operational","Task":"7","RuleName":"-","FileVersion":"11.00.18362.1082 (WinBuild.160101.0800)","SourceName":"Microsoft-Windows-Sysmon","Hostname":"WORKSTATION5","ProcessId":"10288","Description":"Internet Extensions for Win32","SignatureStatus":"Valid","Product":"Internet Explorer","EventID":7,"Keywords":"0x8000000000000000","Signed":"true","OriginalFileName":"wininet.dll","Message":"Image loaded:\r\nRuleName: -\r\nUtcTime: 2020-10-22 05:31:11.910\r\nProcessGuid: {39e4a257-191f-5f91-6412-000000000700}\r\nProcessId: 10288\r\nImage: C:\\Windows\\SysWOW64\\calc.exe\r\nImageLoaded: C:\\Windows\\SysWOW64\\wininet.dll\r\nFileVersion: 11.00.18362.1082 (WinBuild.160101.0800)\r\nDescription: Internet Extensions for Win32\r\nProduct: Internet Explorer\r\nCompany: Microsoft Corporation\r\nOriginalFileName: wininet.dll\r\nHashes: SHA1=314E74E437E64266176D8EC9B4C1A3FBF16DA608,MD5=9C2245F0461DC6EEB6A7EC219269FDDB,SHA256=5E3D865818706937321A7BE2F2A111BB6382BC3AE6103AC809D0F65282B6B3AD,IMPHASH=FF03E1F2D2F608B11B5B8C67CAFE9340\r\nSigned: true\r\nSignature: Microsoft Windows\r\nSignatureStatus: Valid"}
{"@timestamp":"2020-10-22T01:31:11.983Z","TimeCreated":"2020-10-22T01:31:11.983Z","Hashes":"SHA1=3DE01344F58B7CB4E075AF5DEDDD2D7C512815F1,MD5=628DD83733093C9AAF5562B79050CA7A,SHA256=056AB12787B06813B42C3A331B2306160F442B9B77F9940FCE5FF0B0DA443A0C,IMPHASH=E441CE42A0175491DBAC16039EF5B15E","Signature":"Microsoft Windows","ProviderGuid":"{5770385f-c22a-43e0-bf4c-06f5698ffbd9}","Company":"Microsoft Corporation","UtcTime":"2020-10-22 05:31:11.926","ProcessGuid":"{39e4a257-191f-5f91-6412-000000000700}","Image":"C:\\Windows\\SysWOW64\\calc.exe","ImageLoaded":"C:\\Windows\\SysWOW64\\policymanager.dll","Level":"4","Channel":"Microsoft-Windows-Sysmon/Operational","Task":"7","RuleName":"-","FileVersion":"10.0.18362.1139 (WinBuild.160101.0800)","SourceName":"Microsoft-Windows-Sysmon","Hostname":"WORKSTATION5","ProcessId":"10288","Description":"Policy Manager DLL","SignatureStatus":"Valid","Product":"Microsoft Windows Operating System","EventID":7,"Keywords":"0x8000000000000000","Signed":"true","OriginalFileName":"PolicyManager.dll","Message":"Image loaded:\r\nRuleName: -\r\nUtcTime: 2020-10-22 05:31:11.926\r\nProcessGuid: {39e4a257-191f-5f91-6412-000000000700}\r\nProcessId: 10288\r\nImage: C:\\Windows\\SysWOW64\\calc.exe\r\nImageLoaded: C:\\Windows\\SysWOW64\\policymanager.dll\r\nFileVersion: 10.0.18362.1139 (WinBuild.160101.0800)\r\nDescription: Policy Manager DLL\r\nProduct: Microsoft Windows Operating System\r\nCompany: Microsoft Corporation\r\nOriginalFileName: PolicyManager.dll\r\nHashes: SHA1=3DE01344F58B7CB4E075AF5DEDDD2D7C512815F1,MD5=628DD83733093C9AAF5562B79050CA7A,SHA256=056AB12787B06813B42C3A331B2306160F442B9B77F9940FCE5FF0B0DA443A0C,IMPHASH=E441CE42A0175491DBAC16039EF5B15E\r\nSigned: true\r\nSignature: Microsoft Windows\r\nSignatureStatus: Valid"}
{"@timestamp":"2020-10-22T01:31:11.992Z","TimeCreated":"2020-10-22T01:31:11.992Z","Hashes":"SHA1=DAD1A6A30700B95C108E1E87BF956548C7CDFF9D,MD5=44DD63C848366E9D9B77E626AFDD674C,SHA256=ACB6E5FE18B11AF07AAE100F8EB310E255490159632FB0B8CC409AA73E46782A,IMPHASH=C86A8096B9C14416B2BCA30EB502416B","Signature":"Microsoft Windows","ProviderGuid":"{5770385f-c22a-43e0-bf4c-06f5698ffbd9}","Company":"Microsoft Corporation","UtcTime":"2020-10-22 05:31:11.926","ProcessGuid":"{39e4a257-191f-5f91-6412-000000000700}","Image":"C:\\Windows\\SysWOW64\\calc.exe","ImageLoaded":"C:\\Windows\\SysWOW64\\msvcp110_win.dll","Level":"4","Channel":"Microsoft-Windows-Sysmon/Operational","Task":"7","RuleName":"-","FileVersion":"10.0.18362.1 (WinBuild.160101.0800)","SourceName":"Microsoft-Windows-Sysmon","Hostname":"WORKSTATION5","ProcessId":"10288","Description":"Microsoft STL110 C++ Runtime Library","SignatureStatus":"Valid","Product":"Microsoft Windows Operating System","EventID":7,"Keywords":"0x8000000000000000","Signed":"true","OriginalFileName":"msvcp110_win.dll","Message":"Image loaded:\r\nRuleName: -\r\nUtcTime: 2020-10-22 05:31:11.926\r\nProcessGuid: {39e4a257-191f-5f91-6412-000000000700}\r\nProcessId: 10288\r\nImage: C:\\Windows\\SysWOW64\\calc.exe\r\nImageLoaded: C:\\Windows\\SysWOW64\\msvcp110_win.dll\r\nFileVersion: 10.0.18362.1 (WinBuild.160101.0800)\r\nDescription: Microsoft STL110 C++ Runtime Library\r\nProduct: Microsoft Windows Operating System\r\nCompany: Microsoft Corporation\r\nOriginalFileName: msvcp110_win.dll\r\nHashes: SHA1=DAD1A6A30700B95C108E1E87BF956548C7CDFF9D,MD5=44DD63C848366E9D9B77E626AFDD674C,SHA256=ACB6E5FE18B11AF07AAE100F8EB310E255490159632FB0B8CC409AA73E46782A,IMPHASH=C86A8096B9C14416B2BCA30EB502416B\r\nSigned: true\r\nSignature: Microsoft Windows\r\nSignatureStatus: Valid"}
{"@timestamp":"2020-10-22T01:31:12.067Z","TimeCreated":"2020-10-22T01:31:12.067Z","ProviderGuid":"{5770385f-c22a-43e0-bf4c-06f5698ffbd9}","UtcTime":"2020-10-22 05:31:12.067","ProcessGuid":"{39e4a257-f131-5f8b-0c00-000000000700}","Image":"C:\\windows\\system32\\lsass.exe","Level":"4","Channel":"Microsoft-Windows-Sysmon/Operational","Task":"13","RuleName":"-","SourceName":"Microsoft-Windows-Sysmon","Hostname":"WORKSTATION5","Details":"QWORD (0x01d6a83c-0xef107b0c)","ProcessId":"756","EventType":"SetValue","EventID":13,"Keywords":"0x8000000000000000","TargetObject":"HKLM\\System\\CurrentControlSet\\Services\\W32Time\\SecureTimeLimits\\SecureTimeHigh","Message":"Registry value set:\r\nRuleName: -\r\nEventType: SetValue\r\nUtcTime: 2020-10-22 05:31:12.067\r\nProcessGuid: {39e4a257-f131-5f8b-0c00-000000000700}\r\nProcessId: 756\r\nImage: C:\\windows\\system32\\lsass.exe\r\nTargetObject: HKLM\\System\\CurrentControlSet\\Services\\W32Time\\SecureTimeLimits\\SecureTimeHigh\r\nDetails: QWORD (0x01d6a83c-0xef107b0c)"}
{"@timestamp":"2020-10-22T01:31:12.067Z","TimeCreated":"2020-10-22T01:31:12.067Z","ProviderGuid":"{5770385f-c22a-43e0-bf4c-06f5698ffbd9}","UtcTime":"2020-10-22 05:31:12.067","ProcessGuid":"{39e4a257-f131-5f8b-0c00-000000000700}","Image":"C:\\windows\\system32\\lsass.exe","Level":"4","Channel":"Microsoft-Windows-Sysmon/Operational","Task":"13","RuleName":"-","SourceName":"Microsoft-Windows-Sysmon","Hostname":"WORKSTATION5","Details":"QWORD (0x01d6a834-0x8d4c130c)","ProcessId":"756","EventType":"SetValue","EventID":13,"Keywords":"0x8000000000000000","TargetObject":"HKLM\\System\\CurrentControlSet\\Services\\W32Time\\SecureTimeLimits\\SecureTimeEstimated","Message":"Registry value set:\r\nRuleName: -\r\nEventType: SetValue\r\nUtcTime: 2020-10-22 05:31:12.067\r\nProcessGuid: {39e4a257-f131-5f8b-0c00-000000000700}\r\nProcessId: 756\r\nImage: C:\\windows\\system32\\lsass.exe\r\nTargetObject: HKLM\\System\\CurrentControlSet\\Services\\W32Time\\SecureTimeLimits\\SecureTimeEstimated\r\nDetails: QWORD (0x01d6a834-0x8d4c130c)"}
{"@timestamp":"2020-10-22T01:31:12.067Z","TimeCreated":"2020-10-22T01:31:12.067Z","ProviderGuid":"{5770385f-c22a-43e0-bf4c-06f5698ffbd9}","UtcTime":"2020-10-22 05:31:12.067","ProcessGuid":"{39e4a257-f131-5f8b-0c00-000000000700}","Image":"C:\\windows\\system32\\lsass.exe","Level":"4","Channel":"Microsoft-Windows-Sysmon/Operational","Task":"13","RuleName":"-","SourceName":"Microsoft-Windows-Sysmon","Hostname":"WORKSTATION5","Details":"QWORD (0x01d6a82c-0x2b87ab0c)","ProcessId":"756","EventType":"SetValue","EventID":13,"Keywords":"0x8000000000000000","TargetObject":"HKLM\\System\\CurrentControlSet\\Services\\W32Time\\SecureTimeLimits\\SecureTimeLow","Message":"Registry value set:\r\nRuleName: -\r\nEventType: SetValue\r\nUtcTime: 2020-10-22 05:31:12.067\r\nProcessGuid: {39e4a257-f131-5f8b-0c00-000000000700}\r\nProcessId: 756\r\nImage: C:\\windows\\system32\\lsass.exe\r\nTargetObject: HKLM\\System\\CurrentControlSet\\Services\\W32Time\\SecureTimeLimits\\SecureTimeLow\r\nDetails: QWORD (0x01d6a82c-0x2b87ab0c)"}
{"@timestamp":"2020-10-22T01:31:12.067Z","TimeCreated":"2020-10-22T01:31:12.067Z","ProviderGuid":"{5770385f-c22a-43e0-bf4c-06f5698ffbd9}","UtcTime":"2020-10-22 05:31:12.067","ProcessGuid":"{39e4a257-f131-5f8b-0c00-000000000700}","Image":"C:\\windows\\system32\\lsass.exe","Level":"4","Channel":"Microsoft-Windows-Sysmon/Operational","Task":"12","RuleName":"-","SourceName":"Microsoft-Windows-Sysmon","Hostname":"WORKSTATION5","ProcessId":"756","EventType":"CreateKey","EventID":12,"Keywords":"0x8000000000000000","TargetObject":"HKLM\\System\\CurrentControlSet\\Services\\W32Time\\SecureTimeLimits\\RunTime","Message":"Registry object added or deleted:\r\nRuleName: -\r\nEventType: CreateKey\r\nUtcTime: 2020-10-22 05:31:12.067\r\nProcessGuid: {39e4a257-f131-5f8b-0c00-000000000700}\r\nProcessId: 756\r\nImage: C:\\windows\\system32\\lsass.exe\r\nTargetObject: HKLM\\System\\CurrentControlSet\\Services\\W32Time\\SecureTimeLimits\\RunTime"}
{"@timestamp":"2020-10-22T01:31:12.067Z","TimeCreated":"2020-10-22T01:31:12.067Z","ProviderGuid":"{5770385f-c22a-43e0-bf4c-06f5698ffbd9}","UtcTime":"2020-10-22 05:31:12.067","ProcessGuid":"{39e4a257-f131-5f8b-0c00-000000000700}","Image":"C:\\windows\\system32\\lsass.exe","Level":"4","Channel":"Microsoft-Windows-Sysmon/Operational","Task":"13","RuleName":"-","SourceName":"Microsoft-Windows-Sysmon","Hostname":"WORKSTATION5","Details":"QWORD (0x00000000-0x14243a81)","ProcessId":"756","EventType":"SetValue","EventID":13,"Keywords":"0x8000000000000000","TargetObject":"HKLM\\System\\CurrentControlSet\\Services\\W32Time\\SecureTimeLimits\\RunTime\\SecureTimeTickCount","Message":"Registry value set:\r\nRuleName: -\r\nEventType: SetValue\r\nUtcTime: 2020-10-22 05:31:12.067\r\nProcessGuid: {39e4a257-f131-5f8b-0c00-000000000700}\r\nProcessId: 756\r\nImage: C:\\windows\\system32\\lsass.exe\r\nTargetObject: HKLM\\System\\CurrentControlSet\\Services\\W32Time\\SecureTimeLimits\\RunTime\\SecureTimeTickCount\r\nDetails: QWORD (0x00000000-0x14243a81)"}
{"@timestamp":"2020-10-22T01:31:12.067Z","TimeCreated":"2020-10-22T01:31:12.067Z","ProviderGuid":"{5770385f-c22a-43e0-bf4c-06f5698ffbd9}","UtcTime":"2020-10-22 05:31:12.067","ProcessGuid":"{39e4a257-f131-5f8b-0c00-000000000700}","Image":"C:\\windows\\system32\\lsass.exe","Level":"4","Channel":"Microsoft-Windows-Sysmon/Operational","Task":"13","RuleName":"-","SourceName":"Microsoft-Windows-Sysmon","Hostname":"WORKSTATION5","Details":"DWORD (0x00000006)","ProcessId":"756","EventType":"SetValue","EventID":13,"Keywords":"0x8000000000000000","TargetObject":"HKLM\\System\\CurrentControlSet\\Services\\W32Time\\SecureTimeLimits\\RunTime\\SecureTimeConfidence","Message":"Registry value set:\r\nRuleName: -\r\nEventType: SetValue\r\nUtcTime: 2020-10-22 05:31:12.067\r\nProcessGuid: {39e4a257-f131-5f8b-0c00-000000000700}\r\nProcessId: 756\r\nImage: C:\\windows\\system32\\lsass.exe\r\nTargetObject: HKLM\\System\\CurrentControlSet\\Services\\W32Time\\SecureTimeLimits\\RunTime\\SecureTimeConfidence\r\nDetails: DWORD (0x00000006)"}
{"@timestamp":"2020-10-22T01:31:12.067Z","TimeCreated":"2020-10-22T01:31:12.067Z","ProviderGuid":"{5770385f-c22a-43e0-bf4c-06f5698ffbd9}","UtcTime":"2020-10-22 05:31:12.067","ProcessGuid":"{39e4a257-f131-5f8b-0c00-000000000700}","Image":"C:\\windows\\system32\\lsass.exe","Level":"4","Channel":"Microsoft-Windows-Sysmon/Operational","Task":"13","RuleName":"-","SourceName":"Microsoft-Windows-Sysmon","Hostname":"WORKSTATION5","Details":"QWORD (0x01d6a83c-0xef0bff8e)","ProcessId":"756","EventType":"SetValue","EventID":13,"Keywords":"0x8000000000000000","TargetObject":"HKLM\\System\\CurrentControlSet\\Services\\W32Time\\SecureTimeLimits\\SecureTimeHigh","Message":"Registry value set:\r\nRuleName: -\r\nEventType: SetValue\r\nUtcTime: 2020-10-22 05:31:12.067\r\nProcessGuid: {39e4a257-f131-5f8b-0c00-000000000700}\r\nProcessId: 756\r\nImage: C:\\windows\\system32\\lsass.exe\r\nTargetObject: HKLM\\System\\CurrentControlSet\\Services\\W32Time\\SecureTimeLimits\\SecureTimeHigh\r\nDetails: QWORD (0x01d6a83c-0xef0bff8e)"}
{"@timestamp":"2020-10-22T01:31:12.067Z","TimeCreated":"2020-10-22T01:31:12.067Z","ProviderGuid":"{5770385f-c22a-43e0-bf4c-06f5698ffbd9}","UtcTime":"2020-10-22 05:31:12.067","ProcessGuid":"{39e4a257-f131-5f8b-0c00-000000000700}","Image":"C:\\windows\\system32\\lsass.exe","Level":"4","Channel":"Microsoft-Windows-Sysmon/Operational","Task":"13","RuleName":"-","SourceName":"Microsoft-Windows-Sysmon","Hostname":"WORKSTATION5","Details":"QWORD (0x01d6a834-0x8d47978e)","ProcessId":"756","EventType":"SetValue","EventID":13,"Keywords":"0x8000000000000000","TargetObject":"HKLM\\System\\CurrentControlSet\\Services\\W32Time\\SecureTimeLimits\\SecureTimeEstimated","Message":"Registry value set:\r\nRuleName: -\r\nEventType: SetValue\r\nUtcTime: 2020-10-22 05:31:12.067\r\nProcessGuid: {39e4a257-f131-5f8b-0c00-000000000700}\r\nProcessId: 756\r\nImage: C:\\windows\\system32\\lsass.exe\r\nTargetObject: HKLM\\System\\CurrentControlSet\\Services\\W32Time\\SecureTimeLimits\\SecureTimeEstimated\r\nDetails: QWORD (0x01d6a834-0x8d47978e)"}
{"@timestamp":"2020-10-22T01:31:12.068Z","TimeCreated":"2020-10-22T01:31:12.068Z","ProviderGuid":"{5770385f-c22a-43e0-bf4c-06f5698ffbd9}","UtcTime":"2020-10-22 05:31:12.067","ProcessGuid":"{39e4a257-f131-5f8b-0c00-000000000700}","Image":"C:\\windows\\system32\\lsass.exe","Level":"4","Channel":"Microsoft-Windows-Sysmon/Operational","Task":"13","RuleName":"-","SourceName":"Microsoft-Windows-Sysmon","Hostname":"WORKSTATION5","Details":"QWORD (0x01d6a82c-0x2b832f8e)","ProcessId":"756","EventType":"SetValue","EventID":13,"Keywords":"0x8000000000000000","TargetObject":"HKLM\\System\\CurrentControlSet\\Services\\W32Time\\SecureTimeLimits\\SecureTimeLow","Message":"Registry value set:\r\nRuleName: -\r\nEventType: SetValue\r\nUtcTime: 2020-10-22 05:31:12.067\r\nProcessGuid: {39e4a257-f131-5f8b-0c00-000000000700}\r\nProcessId: 756\r\nImage: C:\\windows\\system32\\lsass.exe\r\nTargetObject: HKLM\\System\\CurrentControlSet\\Services\\W32Time\\SecureTimeLimits\\SecureTimeLow\r\nDetails: QWORD (0x01d6a82c-0x2b832f8e)"}
{"@timestamp":"2020-10-22T01:31:12.068Z","TimeCreated":"2020-10-22T01:31:12.068Z","ProviderGuid":"{5770385f-c22a-43e0-bf4c-06f5698ffbd9}","UtcTime":"2020-10-22 05:31:12.067","ProcessGuid":"{39e4a257-f131-5f8b-0c00-000000000700}","Image":"C:\\windows\\system32\\lsass.exe","Level":"4","Channel":"Microsoft-Windows-Sysmon/Operational","Task":"12","RuleName":"-","SourceName":"Microsoft-Windows-Sysmon","Hostname":"WORKSTATION5","ProcessId":"756","EventType":"CreateKey","EventID":12,"Keywords":"0x8000000000000000","TargetObject":"HKLM\\System\\CurrentControlSet\\Services\\W32Time\\SecureTimeLimits\\RunTime","Message":"Registry object added or deleted:\r\nRuleName: -\r\nEventType: CreateKey\r\nUtcTime: 2020-10-22 05:31:12.067\r\nProcessGuid: {39e4a257-f131-5f8b-0c00-000000000700}\r\nProcessId: 756\r\nImage: C:\\windows\\system32\\lsass.exe\r\nTargetObject: HKLM\\System\\CurrentControlSet\\Services\\W32Time\\SecureTimeLimits\\RunTime"}
{"@timestamp":"2020-10-22T01:31:12.068Z","TimeCreated":"2020-10-22T01:31:12.068Z","ProviderGuid":"{5770385f-c22a-43e0-bf4c-06f5698ffbd9}","UtcTime":"2020-10-22 05:31:12.067","ProcessGuid":"{39e4a257-f131-5f8b-0c00-000000000700}","Image":"C:\\windows\\system32\\lsass.exe","Level":"4","Channel":"Microsoft-Windows-Sysmon/Operational","Task":"13","RuleName":"-","SourceName":"Microsoft-Windows-Sysmon","Hostname":"WORKSTATION5","Details":"QWORD (0x00000000-0x14243a81)","ProcessId":"756","EventType":"SetValue","EventID":13,"Keywords":"0x8000000000000000","TargetObject":"HKLM\\System\\CurrentControlSet\\Services\\W32Time\\SecureTimeLimits\\RunTime\\SecureTimeTickCount","Message":"Registry value set:\r\nRuleName: -\r\nEventType: SetValue\r\nUtcTime: 2020-10-22 05:31:12.067\r\nProcessGuid: {39e4a257-f131-5f8b-0c00-000000000700}\r\nProcessId: 756\r\nImage: C:\\windows\\system32\\lsass.exe\r\nTargetObject: HKLM\\System\\CurrentControlSet\\Services\\W32Time\\SecureTimeLimits\\RunTime\\SecureTimeTickCount\r\nDetails: QWORD (0x00000000-0x14243a81)"}
{"@timestamp":"2020-10-22T01:31:12.068Z","TimeCreated":"2020-10-22T01:31:12.068Z","ProviderGuid":"{5770385f-c22a-43e0-bf4c-06f5698ffbd9}","UtcTime":"2020-10-22 05:31:12.067","ProcessGuid":"{39e4a257-f131-5f8b-0c00-000000000700}","Image":"C:\\windows\\system32\\lsass.exe","Level":"4","Channel":"Microsoft-Windows-Sysmon/Operational","Task":"13","RuleName":"-","SourceName":"Microsoft-Windows-Sysmon","Hostname":"WORKSTATION5","Details":"DWORD (0x00000006)","ProcessId":"756","EventType":"SetValue","EventID":13,"Keywords":"0x8000000000000000","TargetObject":"HKLM\\System\\CurrentControlSet\\Services\\W32Time\\SecureTimeLimits\\RunTime\\SecureTimeConfidence","Message":"Registry value set:\r\nRuleName: -\r\nEventType: SetValue\r\nUtcTime: 2020-10-22 05:31:12.067\r\nProcessGuid: {39e4a257-f131-5f8b-0c00-000000000700}\r\nProcessId: 756\r\nImage: C:\\windows\\system32\\lsass.exe\r\nTargetObject: HKLM\\System\\CurrentControlSet\\Services\\W32Time\\SecureTimeLimits\\RunTime\\SecureTimeConfidence\r\nDetails: DWORD (0x00000006)"}
{"@timestamp":"2020-10-22T01:31:12.180Z","TimeCreated":"2020-10-22T01:31:12.180Z","Hashes":"SHA1=A88EF593C4AA15CD7A80BC7DD9F17421704DE248,MD5=7BA71B3A8467851744C4650E85833E9B,SHA256=60387FB110EA0F13573598FF321FCE0DD068E58731C9CA3A78807141F38A072C,IMPHASH=67052008F20EA2CFDC99F5486C605812","Signature":"Microsoft Windows","ProviderGuid":"{5770385f-c22a-43e0-bf4c-06f5698ffbd9}","Company":"Microsoft Corporation","UtcTime":"2020-10-22 05:31:12.176","ProcessGuid":"{39e4a257-191f-5f91-6412-000000000700}","Image":"C:\\Windows\\SysWOW64\\calc.exe","ImageLoaded":"C:\\Windows\\SysWOW64\\OneCoreUAPCommonProxyStub.dll","Level":"4","Channel":"Microsoft-Windows-Sysmon/Operational","Task":"7","RuleName":"-","FileVersion":"10.0.18362.1082 (WinBuild.160101.0800)","SourceName":"Microsoft-Windows-Sysmon","Hostname":"WORKSTATION5","ProcessId":"10288","Description":"OneCoreUAP Common Proxy Stub","SignatureStatus":"Valid","Product":"Microsoft Windows Operating System","EventID":7,"Keywords":"0x8000000000000000","Signed":"true","OriginalFileName":"OneCoreUAPCommonProxyStub.dll","Message":"Image loaded:\r\nRuleName: -\r\nUtcTime: 2020-10-22 05:31:12.176\r\nProcessGuid: {39e4a257-191f-5f91-6412-000000000700}\r\nProcessId: 10288\r\nImage: C:\\Windows\\SysWOW64\\calc.exe\r\nImageLoaded: C:\\Windows\\SysWOW64\\OneCoreUAPCommonProxyStub.dll\r\nFileVersion: 10.0.18362.1082 (WinBuild.160101.0800)\r\nDescription: OneCoreUAP Common Proxy Stub\r\nProduct: Microsoft Windows Operating System\r\nCompany: Microsoft Corporation\r\nOriginalFileName: OneCoreUAPCommonProxyStub.dll\r\nHashes: SHA1=A88EF593C4AA15CD7A80BC7DD9F17421704DE248,MD5=7BA71B3A8467851744C4650E85833E9B,SHA256=60387FB110EA0F13573598FF321FCE0DD068E58731C9CA3A78807141F38A072C,IMPHASH=67052008F20EA2CFDC99F5486C605812\r\nSigned: true\r\nSignature: Microsoft Windows\r\nSignatureStatus: Valid"}
{"@timestamp":"2020-10-22T01:31:12.199Z","TimeCreated":"2020-10-22T01:31:12.199Z","ProviderGuid":"{5770385f-c22a-43e0-bf4c-06f5698ffbd9}","UtcTime":"2020-10-22 05:31:12.191","ProcessGuid":"{39e4a257-f132-5f8b-1000-000000000700}","Image":"C:\\windows\\system32\\svchost.exe","Level":"4","Channel":"Microsoft-Windows-Sysmon/Operational","Task":"12","RuleName":"-","SourceName":"Microsoft-Windows-Sysmon","Hostname":"WORKSTATION5","ProcessId":"944","EventType":"CreateKey","EventID":12,"Keywords":"0x8000000000000000","TargetObject":"HKU\\S-1-5-21-3940915590-64593676-1414006259-500\\Software\\Microsoft\\Windows NT\\CurrentVersion\\HostActivityManager","Message":"Registry object added or deleted:\r\nRuleName: -\r\nEventType: CreateKey\r\nUtcTime: 2020-10-22 05:31:12.191\r\nProcessGuid: {39e4a257-f132-5f8b-1000-000000000700}\r\nProcessId: 944\r\nImage: C:\\windows\\system32\\svchost.exe\r\nTargetObject: HKU\\S-1-5-21-3940915590-64593676-1414006259-500\\Software\\Microsoft\\Windows NT\\CurrentVersion\\HostActivityManager"}
{"@timestamp":"2020-10-22T01:31:12.199Z","TimeCreated":"2020-10-22T01:31:12.199Z","ProviderGuid":"{5770385f-c22a-43e0-bf4c-06f5698ffbd9}","UtcTime":"2020-10-22 05:31:12.191","ProcessGuid":"{39e4a257-f132-5f8b-1000-000000000700}","Image":"C:\\windows\\system32\\svchost.exe","Level":"4","Channel":"Microsoft-Windows-Sysmon/Operational","Task":"12","RuleName":"-","SourceName":"Microsoft-Windows-Sysmon","Hostname":"WORKSTATION5","ProcessId":"944","EventType":"CreateKey","EventID":12,"Keywords":"0x8000000000000000","TargetObject":"HKU\\S-1-5-21-3940915590-64593676-1414006259-500\\Software\\Microsoft\\Windows NT\\CurrentVersion\\HostActivityManager\\Volatile","Message":"Registry object added or deleted:\r\nRuleName: -\r\nEventType: CreateKey\r\nUtcTime: 2020-10-22 05:31:12.191\r\nProcessGuid: {39e4a257-f132-5f8b-1000-000000000700}\r\nProcessId: 944\r\nImage: C:\\windows\\system32\\svchost.exe\r\nTargetObject: HKU\\S-1-5-21-3940915590-64593676-1414006259-500\\Software\\Microsoft\\Windows NT\\CurrentVersion\\HostActivityManager\\Volatile"}
{"@timestamp":"2020-10-22T01:31:12.199Z","TimeCreated":"2020-10-22T01:31:12.199Z","ProviderGuid":"{5770385f-c22a-43e0-bf4c-06f5698ffbd9}","UtcTime":"2020-10-22 05:31:12.191","ProcessGuid":"{39e4a257-f132-5f8b-1000-000000000700}","Image":"C:\\windows\\system32\\svchost.exe","Level":"4","Channel":"Microsoft-Windows-Sysmon/Operational","Task":"12","RuleName":"-","SourceName":"Microsoft-Windows-Sysmon","Hostname":"WORKSTATION5","ProcessId":"944","EventType":"CreateKey","EventID":12,"Keywords":"0x8000000000000000","TargetObject":"HKU\\S-1-5-21-3940915590-64593676-1414006259-500\\Software\\Microsoft\\Windows NT\\CurrentVersion\\HostActivityManager","Message":"Registry object added or deleted:\r\nRuleName: -\r\nEventType: CreateKey\r\nUtcTime: 2020-10-22 05:31:12.191\r\nProcessGuid: {39e4a257-f132-5f8b-1000-000000000700}\r\nProcessId: 944\r\nImage: C:\\windows\\system32\\svchost.exe\r\nTargetObject: HKU\\S-1-5-21-3940915590-64593676-1414006259-500\\Software\\Microsoft\\Windows NT\\CurrentVersion\\HostActivityManager"}
{"@timestamp":"2020-10-22T01:31:12.205Z","TimeCreated":"2020-10-22T01:31:12.205Z","ProviderGuid":"{5770385f-c22a-43e0-bf4c-06f5698ffbd9}","UtcTime":"2020-10-22 05:31:12.191","ProcessGuid":"{39e4a257-f1b0-5f8b-9b00-000000000700}","Image":"C:\\windows\\system32\\sihost.exe","Level":"4","Channel":"Microsoft-Windows-Sysmon/Operational","Task":"13","RuleName":"-","SourceName":"Microsoft-Windows-Sysmon","Hostname":"WORKSTATION5","Details":"DWORD (0x00000001)","ProcessId":"3188","EventType":"SetValue","EventID":13,"Keywords":"0x8000000000000000","TargetObject":"HKU\\S-1-5-21-3940915590-64593676-1414006259-500_Classes\\Local Settings\\Software\\Microsoft\\Windows\\CurrentVersion\\AppModel\\SystemAppData\\Microsoft.WindowsCalculator_8wekyb3d8bbwe\\WasEverActivated","Message":"Registry value set:\r\nRuleName: -\r\nEventType: SetValue\r\nUtcTime: 2020-10-22 05:31:12.191\r\nProcessGuid: {39e4a257-f1b0-5f8b-9b00-000000000700}\r\nProcessId: 3188\r\nImage: C:\\windows\\system32\\sihost.exe\r\nTargetObject: HKU\\S-1-5-21-3940915590-64593676-1414006259-500_Classes\\Local Settings\\Software\\Microsoft\\Windows\\CurrentVersion\\AppModel\\SystemAppData\\Microsoft.WindowsCalculator_8wekyb3d8bbwe\\WasEverActivated\r\nDetails: DWORD (0x00000001)"}
{"@timestamp":"2020-10-22T01:31:12.205Z","TimeCreated":"2020-10-22T01:31:12.205Z","ProviderGuid":"{5770385f-c22a-43e0-bf4c-06f5698ffbd9}","UtcTime":"2020-10-22 05:31:12.191","ProcessGuid":"{39e4a257-f1b0-5f8b-9b00-000000000700}","Image":"C:\\windows\\system32\\sihost.exe","Level":"4","Channel":"Microsoft-Windows-Sysmon/Operational","Task":"12","RuleName":"-","SourceName":"Microsoft-Windows-Sysmon","Hostname":"WORKSTATION5","ProcessId":"3188","EventType":"CreateKey","EventID":12,"Keywords":"0x8000000000000000","TargetObject":"HKU\\S-1-5-21-3940915590-64593676-1414006259-500\\Software\\Microsoft\\Phone\\ShellUI\\WindowSizing","Message":"Registry object added or deleted:\r\nRuleName: -\r\nEventType: CreateKey\r\nUtcTime: 2020-10-22 05:31:12.191\r\nProcessGuid: {39e4a257-f1b0-5f8b-9b00-000000000700}\r\nProcessId: 3188\r\nImage: C:\\windows\\system32\\sihost.exe\r\nTargetObject: HKU\\S-1-5-21-3940915590-64593676-1414006259-500\\Software\\Microsoft\\Phone\\ShellUI\\WindowSizing"}
{"@timestamp":"2020-10-22T01:31:12.205Z","TimeCreated":"2020-10-22T01:31:12.205Z","ProviderGuid":"{5770385f-c22a-43e0-bf4c-06f5698ffbd9}","UtcTime":"2020-10-22 05:31:12.191","ProcessGuid":"{39e4a257-f1b0-5f8b-9b00-000000000700}","Image":"C:\\windows\\system32\\sihost.exe","Level":"4","Channel":"Microsoft-Windows-Sysmon/Operational","Task":"12","RuleName":"-","SourceName":"Microsoft-Windows-Sysmon","Hostname":"WORKSTATION5","ProcessId":"3188","EventType":"CreateKey","EventID":12,"Keywords":"0x8000000000000000","TargetObject":"HKU\\S-1-5-21-3940915590-64593676-1414006259-500\\Software\\Microsoft\\Phone\\ShellUI\\WindowSizing\\Microsoft.WindowsCalculator_8wekyb3d8bbwe!App","Message":"Registry object added or deleted:\r\nRuleName: -\r\nEventType: CreateKey\r\nUtcTime: 2020-10-22 05:31:12.191\r\nProcessGuid: {39e4a257-f1b0-5f8b-9b00-000000000700}\r\nProcessId: 3188\r\nImage: C:\\windows\\system32\\sihost.exe\r\nTargetObject: HKU\\S-1-5-21-3940915590-64593676-1414006259-500\\Software\\Microsoft\\Phone\\ShellUI\\WindowSizing\\Microsoft.WindowsCalculator_8wekyb3d8bbwe!App"}
{"@timestamp":"2020-10-22T01:31:12.205Z","TimeCreated":"2020-10-22T01:31:12.205Z","ProviderGuid":"{5770385f-c22a-43e0-bf4c-06f5698ffbd9}","UtcTime":"2020-10-22 05:31:12.191","ProcessGuid":"{39e4a257-f1b0-5f8b-9b00-000000000700}","Image":"C:\\windows\\system32\\sihost.exe","Level":"4","Channel":"Microsoft-Windows-Sysmon/Operational","Task":"12","RuleName":"-","SourceName":"Microsoft-Windows-Sysmon","Hostname":"WORKSTATION5","ProcessId":"3188","EventType":"CreateKey","EventID":12,"Keywords":"0x8000000000000000","TargetObject":"HKU\\S-1-5-21-3940915590-64593676-1414006259-500\\Software\\Microsoft\\Phone\\ShellUI\\WindowSizing","Message":"Registry object added or deleted:\r\nRuleName: -\r\nEventType: CreateKey\r\nUtcTime: 2020-10-22 05:31:12.191\r\nProcessGuid: {39e4a257-f1b0-5f8b-9b00-000000000700}\r\nProcessId: 3188\r\nImage: C:\\windows\\system32\\sihost.exe\r\nTargetObject: HKU\\S-1-5-21-3940915590-64593676-1414006259-500\\Software\\Microsoft\\Phone\\ShellUI\\WindowSizing"}
{"@timestamp":"2020-10-22T01:31:12.205Z","TimeCreated":"2020-10-22T01:31:12.205Z","ProviderGuid":"{5770385f-c22a-43e0-bf4c-06f5698ffbd9}","UtcTime":"2020-10-22 05:31:12.191","ProcessGuid":"{39e4a257-f1b0-5f8b-9b00-000000000700}","Image":"C:\\windows\\system32\\sihost.exe","Level":"4","Channel":"Microsoft-Windows-Sysmon/Operational","Task":"12","RuleName":"-","SourceName":"Microsoft-Windows-Sysmon","Hostname":"WORKSTATION5","ProcessId":"3188","EventType":"CreateKey","EventID":12,"Keywords":"0x8000000000000000","TargetObject":"HKU\\S-1-5-21-3940915590-64593676-1414006259-500\\Software\\Microsoft\\Phone\\ShellUI\\WindowSizing\\Microsoft.WindowsCalculator_8wekyb3d8bbwe!App","Message":"Registry object added or deleted:\r\nRuleName: -\r\nEventType: CreateKey\r\nUtcTime: 2020-10-22 05:31:12.191\r\nProcessGuid: {39e4a257-f1b0-5f8b-9b00-000000000700}\r\nProcessId: 3188\r\nImage: C:\\windows\\system32\\sihost.exe\r\nTargetObject: HKU\\S-1-5-21-3940915590-64593676-1414006259-500\\Software\\Microsoft\\Phone\\ShellUI\\WindowSizing\\Microsoft.WindowsCalculator_8wekyb3d8bbwe!App"}
{"@timestamp":"2020-10-22T01:31:12.215Z","TimeCreated":"2020-10-22T01:31:12.215Z","ProviderGuid":"{5770385f-c22a-43e0-bf4c-06f5698ffbd9}","UtcTime":"2020-10-22 05:31:12.207","ProcessGuid":"{39e4a257-f132-5f8b-1000-000000000700}","Image":"C:\\windows\\system32\\svchost.exe","Level":"4","Channel":"Microsoft-Windows-Sysmon/Operational","Task":"13","RuleName":"-","SourceName":"Microsoft-Windows-Sysmon","Hostname":"WORKSTATION5","Details":"Binary Data","ProcessId":"944","EventType":"SetValue","EventID":13,"Keywords":"0x8000000000000000","TargetObject":"HKLM\\System\\CurrentControlSet\\Services\\bam\\State\\UserSettings\\S-1-5-21-3940915590-64593676-1414006259-500\\Microsoft.WindowsCalculator_8wekyb3d8bbwe","Message":"Registry value set:\r\nRuleName: -\r\nEventType: SetValue\r\nUtcTime: 2020-10-22 05:31:12.207\r\nProcessGuid: {39e4a257-f132-5f8b-1000-000000000700}\r\nProcessId: 944\r\nImage: C:\\windows\\system32\\svchost.exe\r\nTargetObject: HKLM\\System\\CurrentControlSet\\Services\\bam\\State\\UserSettings\\S-1-5-21-3940915590-64593676-1414006259-500\\Microsoft.WindowsCalculator_8wekyb3d8bbwe\r\nDetails: Binary Data"}
{"@timestamp":"2020-10-22T01:31:12.222Z","TimeCreated":"2020-10-22T01:31:12.222Z","Hashes":"SHA1=1BFB38C31D812411EE1CD65454433873D92C7661,MD5=D500D1EAD30970978D69C289873F3A81,SHA256=F89BE5E6F0802AEC5DCA66CEE70ACE251750E09F5E117BE9E19E0BF0D62B6364,IMPHASH=146639C7E547F7AE71A1542967CE3EC7","Signature":"Microsoft Windows","ProviderGuid":"{5770385f-c22a-43e0-bf4c-06f5698ffbd9}","Company":"Microsoft Corporation","UtcTime":"2020-10-22 05:31:12.129","ProcessGuid":"{39e4a257-191f-5f91-6412-000000000700}","Image":"C:\\Windows\\SysWOW64\\calc.exe","ImageLoaded":"C:\\Windows\\SysWOW64\\twinui.dll","Level":"4","Channel":"Microsoft-Windows-Sysmon/Operational","Task":"7","RuleName":"-","FileVersion":"10.0.18362.1110 (WinBuild.160101.0800)","SourceName":"Microsoft-Windows-Sysmon","Hostname":"WORKSTATION5","ProcessId":"10288","Description":"TWINUI","SignatureStatus":"Valid","Product":"Microsoft Windows Operating System","EventID":7,"Keywords":"0x8000000000000000","Signed":"true","OriginalFileName":"TWINUI.dll","Message":"Image loaded:\r\nRuleName: -\r\nUtcTime: 2020-10-22 05:31:12.129\r\nProcessGuid: {39e4a257-191f-5f91-6412-000000000700}\r\nProcessId: 10288\r\nImage: C:\\Windows\\SysWOW64\\calc.exe\r\nImageLoaded: C:\\Windows\\SysWOW64\\twinui.dll\r\nFileVersion: 10.0.18362.1110 (WinBuild.160101.0800)\r\nDescription: TWINUI\r\nProduct: Microsoft Windows Operating System\r\nCompany: Microsoft Corporation\r\nOriginalFileName: TWINUI.dll\r\nHashes: SHA1=1BFB38C31D812411EE1CD65454433873D92C7661,MD5=D500D1EAD30970978D69C289873F3A81,SHA256=F89BE5E6F0802AEC5DCA66CEE70ACE251750E09F5E117BE9E19E0BF0D62B6364,IMPHASH=146639C7E547F7AE71A1542967CE3EC7\r\nSigned: true\r\nSignature: Microsoft Windows\r\nSignatureStatus: Valid"}
{"Keywords":"0x8000000000000000","Task":"1","Description":"-","CommandLine":"\"C:\\Program Files\\WindowsApps\\Microsoft.WindowsCalculator_10.2008.2.0_x64__8wekyb3d8bbwe\\Calculator.exe\" -ServerName:App.AppXsm3pg4n7er43kdh1qp4e79f1j7am68r8.mca","TimeCreated":"2020-10-22T01:31:12.279Z","Product":"-","Company":"-","OriginalFileName":"-","User":"WORKSTATION5\\wardog","ParentProcessId":"944","SourceName":"Microsoft-Windows-Sysmon","IntegrityLevel":"AppContainer","ProcessGuid":"{39e4a257-1920-5f91-6512-000000000700}","CurrentDirectory":"C:\\Program Files\\WindowsApps\\Microsoft.WindowsCalculator_10.2008.2.0_x64__8wekyb3d8bbwe\\","Hashes":"SHA1=80A5BEB63D629FE33E8425FA35BCE266E85AE599,MD5=04318D5F758DBC698741AC62BD8A88D0,SHA256=06033F4B545583D88E1F6924776124D9AAD4E0304DE803B33355FB41BAC8E48E,IMPHASH=5EDA7F67A1FE4BF9F0D4A2E37ACD0C11","UtcTime":"2020-10-22 05:31:12.213","ParentCommandLine":"C:\\windows\\system32\\svchost.exe -k DcomLaunch -p","TerminalSessionId":"2","ProcessId":"5440","ParentImage":"C:\\Windows\\System32\\svchost.exe","FileVersion":"-","ParentProcessGuid":"{39e4a257-f132-5f8b-1000-000000000700}","@timestamp":"2020-10-22T01:31:12.279Z","LogonGuid":"{39e4a257-f1ac-5f8b-d961-0c0000000000}","Image":"C:\\Program Files\\WindowsApps\\Microsoft.WindowsCalculator_10.2008.2.0_x64__8wekyb3d8bbwe\\Calculator.exe","Hostname":"WORKSTATION5","LogonId":"0xc61d9","Level":"4","EventID":1,"ProviderGuid":"{5770385f-c22a-43e0-bf4c-06f5698ffbd9}","RuleName":"-","Message":"Process Create:\r\nRuleName: -\r\nUtcTime: 2020-10-22 05:31:12.213\r\nProcessGuid: {39e4a257-1920-5f91-6512-000000000700}\r\nProcessId: 5440\r\nImage: C:\\Program Files\\WindowsApps\\Microsoft.WindowsCalculator_10.2008.2.0_x64__8wekyb3d8bbwe\\Calculator.exe\r\nFileVersion: -\r\nDescription: -\r\nProduct: -\r\nCompany: -\r\nOriginalFileName: -\r\nCommandLine: \"C:\\Program Files\\WindowsApps\\Microsoft.WindowsCalculator_10.2008.2.0_x64__8wekyb3d8bbwe\\Calculator.exe\" -ServerName:App.AppXsm3pg4n7er43kdh1qp4e79f1j7am68r8.mca\r\nCurrentDirectory: C:\\Program Files\\WindowsApps\\Microsoft.WindowsCalculator_10.2008.2.0_x64__8wekyb3d8bbwe\\\r\nUser: WORKSTATION5\\wardog\r\nLogonGuid: {39e4a257-f1ac-5f8b-d961-0c0000000000}\r\nLogonId: 0xC61D9\r\nTerminalSessionId: 2\r\nIntegrityLevel: AppContainer\r\nHashes: SHA1=80A5BEB63D629FE33E8425FA35BCE266E85AE599,MD5=04318D5F758DBC698741AC62BD8A88D0,SHA256=06033F4B545583D88E1F6924776124D9AAD4E0304DE803B33355FB41BAC8E48E,IMPHASH=5EDA7F67A1FE4BF9F0D4A2E37ACD0C11\r\nParentProcessGuid: {39e4a257-f132-5f8b-1000-000000000700}\r\nParentProcessId: 944\r\nParentImage: C:\\Windows\\System32\\svchost.exe\r\nParentCommandLine: C:\\windows\\system32\\svchost.exe -k DcomLaunch -p","Channel":"Microsoft-Windows-Sysmon/Operational"}
{"@timestamp":"2020-10-22T01:31:12.286Z","TimeCreated":"2020-10-22T01:31:12.286Z","Hashes":"SHA1=3BAFC4182CF14E3993DD9F8C607E5475641FD627,MD5=ADDFFC6661B0FB175CD7EDC3861AFF16,SHA256=C4C8FCCB2C104543046120F03E6C5854021070ABCE8BC643039D8D829546D21C,IMPHASH=C069A97442AD30F67617DADE85FFE0DF","Signature":"Microsoft Windows","ProviderGuid":"{5770385f-c22a-43e0-bf4c-06f5698ffbd9}","Company":"Microsoft Corporation","UtcTime":"2020-10-22 05:31:12.129","ProcessGuid":"{39e4a257-191f-5f91-6412-000000000700}","Image":"C:\\Windows\\SysWOW64\\calc.exe","ImageLoaded":"C:\\Windows\\SysWOW64\\dwmapi.dll","Level":"4","Channel":"Microsoft-Windows-Sysmon/Operational","Task":"7","RuleName":"-","FileVersion":"10.0.18362.267 (WinBuild.160101.0800)","SourceName":"Microsoft-Windows-Sysmon","Hostname":"WORKSTATION5","ProcessId":"10288","Description":"Microsoft Desktop Window Manager API","SignatureStatus":"Valid","Product":"Microsoft Windows Operating System","EventID":7,"Keywords":"0x8000000000000000","Signed":"true","OriginalFileName":"dwmapi.dll","Message":"Image loaded:\r\nRuleName: -\r\nUtcTime: 2020-10-22 05:31:12.129\r\nProcessGuid: {39e4a257-191f-5f91-6412-000000000700}\r\nProcessId: 10288\r\nImage: C:\\Windows\\SysWOW64\\calc.exe\r\nImageLoaded: C:\\Windows\\SysWOW64\\dwmapi.dll\r\nFileVersion: 10.0.18362.267 (WinBuild.160101.0800)\r\nDescription: Microsoft Desktop Window Manager API\r\nProduct: Microsoft Windows Operating System\r\nCompany: Microsoft Corporation\r\nOriginalFileName: dwmapi.dll\r\nHashes: SHA1=3BAFC4182CF14E3993DD9F8C607E5475641FD627,MD5=ADDFFC6661B0FB175CD7EDC3861AFF16,SHA256=C4C8FCCB2C104543046120F03E6C5854021070ABCE8BC643039D8D829546D21C,IMPHASH=C069A97442AD30F67617DADE85FFE0DF\r\nSigned: true\r\nSignature: Microsoft Windows\r\nSignatureStatus: Valid"}
