{"GrantedAccess":"0x3000","@timestamp":"2020-10-23T03:12:11.016Z","TimeCreated":"2020-10-23T03:12:11.016Z","SourceThreadId":"2204","SourceImage":"C:\\windows\\system32\\svchost.exe","ProviderGuid":"{5770385f-c22a-43e0-bf4c-06f5698ffbd9}","CallTrace":"C:\\windows\\SYSTEM32\\ntdll.dll+9c584|C:\\windows\\System32\\KERNELBASE.dll+305fe|c:\\windows\\system32\\sysmain.dll+44b1f|c:\\windows\\system32\\sysmain.dll+1e899|c:\\windows\\system32\\sysmain.dll+1e7be|c:\\windows\\system32\\sysmain.dll+1e6a5|c:\\windows\\system32\\sysmain.dll+1e509|c:\\windows\\system32\\sysmain.dll+1c32b|c:\\windows\\system32\\sysmain.dll+1bf95|c:\\windows\\system32\\sysmain.dll+74b0d|c:\\windows\\system32\\sysmain.dll+73b32|c:\\windows\\system32\\sysmain.dll+601a3|C:\\windows\\system32\\svchost.exe+314c|C:\\windows\\System32\\sechost.dll+2de2|C:\\windows\\System32\\KERNEL32.DLL+17c24|C:\\windows\\SYSTEM32\\ntdll.dll+6cea1","UtcTime":"2020-10-23 07:12:11.006","TargetProcessGUID":"{39e4a257-f133-5f8b-1b00-000000000700}","SourceProcessId":"1556","Level":"4","Channel":"Microsoft-Windows-Sysmon/Operational","Task":"10","RuleName":"-","SourceName":"Microsoft-Windows-Sysmon","Hostname":"WORKSTATION5","SourceProcessGUID":"{39e4a257-f133-5f8b-3100-000000000700}","TargetProcessId":"1248","EventID":10,"Keywords":"0x8000000000000000","TargetImage":"C:\\windows\\system32\\svchost.exe","Message":"Process accessed:\r\nRuleName: -\r\nUtcTime: 2020-10-23 07:12:11.006\r\nSourceProcessGUID: {39e4a257-f133-5f8b-3100-000000000700}\r\nSourceProcessId: 1556\r\nSourceThreadId: 2204\r\nSourceImage: C:\\windows\\system32\\svchost.exe\r\nTargetProcessGUID: {39e4a257-f133-5f8b-1b00-000000000700}\r\nTargetProcessId: 1248\r\nTargetImage: C:\\windows\\system32\\svchost.exe\r\nGrantedAccess: 0x3000\r\nCallTrace: C:\\windows\\SYSTEM32\\ntdll.dll+9c584|C:\\windows\\System32\\KERNELBASE.dll+305fe|c:\\windows\\system32\\sysmain.dll+44b1f|c:\\windows\\system32\\sysmain.dll+1e899|c:\\windows\\system32\\sysmain.dll+1e7be|c:\\windows\\system32\\sysmain.dll+1e6a5|c:\\windows\\system32\\sysmain.dll+1e509|c:\\windows\\system32\\sysmain.dll+1c32b|c:\\windows\\system32\\sysmain.dll+1bf95|c:\\windows\\system32\\sysmain.dll+74b0d|c:\\windows\\system32\\sysmain.dll+73b32|c:\\windows\\system32\\sysmain.dll+601a3|C:\\windows\\system32\\svchost.exe+314c|C:\\windows\\System32\\sechost.dll+2de2|C:\\windows\\System32\\KERNEL32.DLL+17c24|C:\\windows\\SYSTEM32\\ntdll.dll+6cea1"}
{"GrantedAccess":"0x3000","@timestamp":"2020-10-23T03:12:11.016Z","TimeCreated":"2020-10-23T03:12:11.016Z","SourceThreadId":"2204","SourceImage":"C:\\windows\\system32\\svchost.exe","ProviderGuid":"{5770385f-c22a-43e0-bf4c-06f5698ffbd9}","CallTrace":"C:\\windows\\SYSTEM32\\ntdll.dll+9c584|C:\\windows\\System32\\KERNELBASE.dll+305fe|c:\\windows\\system32\\sysmain.dll+44b1f|c:\\windows\\system32\\sysmain.dll+1e899|c:\\windows\\system32\\sysmain.dll+1e7be|c:\\windows\\system32\\sysmain.dll+1e6a5|c:\\windows\\system32\\sysmain.dll+1e509|c:\\windows\\system32\\sysmain.dll+1c32b|c:\\windows\\system32\\sysmain.dll+1bf95|c:\\windows\\system32\\sysmain.dll+74b0d|c:\\windows\\system32\\sysmain.dll+73b32|c:\\windows\\system32\\sysmain.dll+601a3|C:\\windows\\system32\\svchost.exe+314c|C:\\windows\\System32\\sechost.dll+2de2|C:\\windows\\System32\\KERNEL32.DLL+17c24|C:\\windows\\SYSTEM32\\ntdll.dll+6cea1","UtcTime":"2020-10-23 07:12:11.006","TargetProcessGUID":"{39e4a257-f133-5f8b-1a00-000000000700}","SourceProcessId":"1556","Level":"4","Channel":"Microsoft-Windows-Sysmon/Operational","Task":"10","RuleName":"-","SourceName":"Microsoft-Windows-Sysmon","Hostname":"WORKSTATION5","SourceProcessGUID":"{39e4a257-f133-5f8b-3100-000000000700}","TargetProcessId":"1240","EventID":10,"Keywords":"0x8000000000000000","TargetImage":"C:\\windows\\System32\\svchost.exe","Message":"Process accessed:\r\nRuleName: -\r\nUtcTime: 2020-10-23 07:12:11.006\r\nSourceProcessGUID: {39e4a257-f133-5f8b-3100-000000000700}\r\nSourceProcessId: 1556\r\nSourceThreadId: 2204\r\nSourceImage: C:\\windows\\system32\\svchost.exe\r\nTargetProcessGUID: {39e4a257-f133-5f8b-1a00-000000000700}\r\nTargetProcessId: 1240\r\nTargetImage: C:\\windows\\System32\\svchost.exe\r\nGrantedAccess: 0x3000\r\nCallTrace: C:\\windows\\SYSTEM32\\ntdll.dll+9c584|C:\\windows\\System32\\KERNELBASE.dll+305fe|c:\\windows\\system32\\sysmain.dll+44b1f|c:\\windows\\system32\\sysmain.dll+1e899|c:\\windows\\system32\\sysmain.dll+1e7be|c:\\windows\\system32\\sysmain.dll+1e6a5|c:\\windows\\system32\\sysmain.dll+1e509|c:\\windows\\system32\\sysmain.dll+1c32b|c:\\windows\\system32\\sysmain.dll+1bf95|c:\\windows\\system32\\sysmain.dll+74b0d|c:\\windows\\system32\\sysmain.dll+73b32|c:\\windows\\system32\\sysmain.dll+601a3|C:\\windows\\system32\\svchost.exe+314c|C:\\windows\\System32\\sechost.dll+2de2|C:\\windows\\System32\\KERNEL32.DLL+17c24|C:\\windows\\SYSTEM32\\ntdll.dll+6cea1"}
{"GrantedAccess":"0x3000","@timestamp":"2020-10-23T03:12:11.016Z","TimeCreated":"2020-10-23T03:12:11.016Z","SourceThreadId":"2204","SourceImage":"C:\\windows\\system32\\svchost.exe","ProviderGuid":"{5770385f-c22a-43e0-bf4c-06f5698ffbd9}","CallTrace":"C:\\windows\\SYSTEM32\\ntdll.dll+9c584|C:\\windows\\System32\\KERNELBASE.dll+305fe|c:\\windows\\system32\\sysmain.dll+44b1f|c:\\windows\\system32\\sysmain.dll+1e899|c:\\windows\\system32\\sysmain.dll+1e7be|c:\\windows\\system32\\sysmain.dll+1e6a5|c:\\windows\\system32\\sysmain.dll+1e509|c:\\windows\\system32\\sysmain.dll+1c32b|c:\\windows\\system32\\sysmain.dll+1bf95|c:\\windows\\system32\\sysmain.dll+74b0d|c:\\windows\\system32\\sysmain.dll+73b32|c:\\windows\\system32\\sysmain.dll+601a3|C:\\windows\\system32\\svchost.exe+314c|C:\\windows\\System32\\sechost.dll+2de2|C:\\windows\\System32\\KERNEL32.DLL+17c24|C:\\windows\\SYSTEM32\\ntdll.dll+6cea1","UtcTime":"2020-10-23 07:12:11.006","TargetProcessGUID":"{39e4a257-f132-5f8b-1600-000000000700}","SourceProcessId":"1556","Level":"4","Channel":"Microsoft-Windows-Sysmon/Operational","Task":"10","RuleName":"-","SourceName":"Microsoft-Windows-Sysmon","Hostname":"WORKSTATION5","SourceProcessGUID":"{39e4a257-f133-5f8b-3100-000000000700}","TargetProcessId":"1040","EventID":10,"Keywords":"0x8000000000000000","TargetImage":"C:\\windows\\System32\\svchost.exe","Message":"Process accessed:\r\nRuleName: -\r\nUtcTime: 2020-10-23 07:12:11.006\r\nSourceProcessGUID: {39e4a257-f133-5f8b-3100-000000000700}\r\nSourceProcessId: 1556\r\nSourceThreadId: 2204\r\nSourceImage: C:\\windows\\system32\\svchost.exe\r\nTargetProcessGUID: {39e4a257-f132-5f8b-1600-000000000700}\r\nTargetProcessId: 1040\r\nTargetImage: C:\\windows\\System32\\svchost.exe\r\nGrantedAccess: 0x3000\r\nCallTrace: C:\\windows\\SYSTEM32\\ntdll.dll+9c584|C:\\windows\\System32\\KERNELBASE.dll+305fe|c:\\windows\\system32\\sysmain.dll+44b1f|c:\\windows\\system32\\sysmain.dll+1e899|c:\\windows\\system32\\sysmain.dll+1e7be|c:\\windows\\system32\\sysmain.dll+1e6a5|c:\\windows\\system32\\sysmain.dll+1e509|c:\\windows\\system32\\sysmain.dll+1c32b|c:\\windows\\system32\\sysmain.dll+1bf95|c:\\windows\\system32\\sysmain.dll+74b0d|c:\\windows\\system32\\sysmain.dll+73b32|c:\\windows\\system32\\sysmain.dll+601a3|C:\\windows\\system32\\svchost.exe+314c|C:\\windows\\System32\\sechost.dll+2de2|C:\\windows\\System32\\KERNEL32.DLL+17c24|C:\\windows\\SYSTEM32\\ntdll.dll+6cea1"}
{"GrantedAccess":"0x3000","@timestamp":"2020-10-23T03:12:11.016Z","TimeCreated":"2020-10-23T03:12:11.016Z","SourceThreadId":"2204","SourceImage":"C:\\windows\\system32\\svchost.exe","ProviderGuid":"{5770385f-c22a-43e0-bf4c-06f5698ffbd9}","CallTrace":"C:\\windows\\SYSTEM32\\ntdll.dll+9c584|C:\\windows\\System32\\KERNELBASE.dll+305fe|c:\\windows\\system32\\sysmain.dll+44b1f|c:\\windows\\system32\\sysmain.dll+1e899|c:\\windows\\system32\\sysmain.dll+1e7be|c:\\windows\\system32\\sysmain.dll+1e6a5|c:\\windows\\system32\\sysmain.dll+1e509|c:\\windows\\system32\\sysmain.dll+1c32b|c:\\windows\\system32\\sysmain.dll+1bf95|c:\\windows\\system32\\sysmain.dll+74b0d|c:\\windows\\system32\\sysmain.dll+73b32|c:\\windows\\system32\\sysmain.dll+601a3|C:\\windows\\system32\\svchost.exe+314c|C:\\windows\\System32\\sechost.dll+2de2|C:\\windows\\System32\\KERNEL32.DLL+17c24|C:\\windows\\SYSTEM32\\ntdll.dll+6cea1","UtcTime":"2020-10-23 07:12:11.006","TargetProcessGUID":"{39e4a257-f132-5f8b-1400-000000000700}","SourceProcessId":"1556","Level":"4","Channel":"Microsoft-Windows-Sysmon/Operational","Task":"10","RuleName":"-","SourceName":"Microsoft-Windows-Sysmon","Hostname":"WORKSTATION5","SourceProcessGUID":"{39e4a257-f133-5f8b-3100-000000000700}","TargetProcessId":"544","EventID":10,"Keywords":"0x8000000000000000","TargetImage":"C:\\windows\\system32\\dwm.exe","Message":"Process accessed:\r\nRuleName: -\r\nUtcTime: 2020-10-23 07:12:11.006\r\nSourceProcessGUID: {39e4a257-f133-5f8b-3100-000000000700}\r\nSourceProcessId: 1556\r\nSourceThreadId: 2204\r\nSourceImage: C:\\windows\\system32\\svchost.exe\r\nTargetProcessGUID: {39e4a257-f132-5f8b-1400-000000000700}\r\nTargetProcessId: 544\r\nTargetImage: C:\\windows\\system32\\dwm.exe\r\nGrantedAccess: 0x3000\r\nCallTrace: C:\\windows\\SYSTEM32\\ntdll.dll+9c584|C:\\windows\\System32\\KERNELBASE.dll+305fe|c:\\windows\\system32\\sysmain.dll+44b1f|c:\\windows\\system32\\sysmain.dll+1e899|c:\\windows\\system32\\sysmain.dll+1e7be|c:\\windows\\system32\\sysmain.dll+1e6a5|c:\\windows\\system32\\sysmain.dll+1e509|c:\\windows\\system32\\sysmain.dll+1c32b|c:\\windows\\system32\\sysmain.dll+1bf95|c:\\windows\\system32\\sysmain.dll+74b0d|c:\\windows\\system32\\sysmain.dll+73b32|c:\\windows\\system32\\sysmain.dll+601a3|C:\\windows\\system32\\svchost.exe+314c|C:\\windows\\System32\\sechost.dll+2de2|C:\\windows\\System32\\KERNEL32.DLL+17c24|C:\\windows\\SYSTEM32\\ntdll.dll+6cea1"}
{"GrantedAccess":"0x3000","@timestamp":"2020-10-23T03:12:11.017Z","TimeCreated":"2020-10-23T03:12:11.017Z","SourceThreadId":"2204","SourceImage":"C:\\windows\\system32\\svchost.exe","ProviderGuid":"{5770385f-c22a-43e0-bf4c-06f5698ffbd9}","CallTrace":"C:\\windows\\SYSTEM32\\ntdll.dll+9c584|C:\\windows\\System32\\KERNELBASE.dll+305fe|c:\\windows\\system32\\sysmain.dll+44b1f|c:\\windows\\system32\\sysmain.dll+1e899|c:\\windows\\system32\\sysmain.dll+1e7be|c:\\windows\\system32\\sysmain.dll+1e6a5|c:\\windows\\system32\\sysmain.dll+1e509|c:\\windows\\system32\\sysmain.dll+1c32b|c:\\windows\\system32\\sysmain.dll+1bf95|c:\\windows\\system32\\sysmain.dll+74b0d|c:\\windows\\system32\\sysmain.dll+73b32|c:\\windows\\system32\\sysmain.dll+601a3|C:\\windows\\system32\\svchost.exe+314c|C:\\windows\\System32\\sechost.dll+2de2|C:\\windows\\System32\\KERNEL32.DLL+17c24|C:\\windows\\SYSTEM32\\ntdll.dll+6cea1","UtcTime":"2020-10-23 07:12:11.006","TargetProcessGUID":"{39e4a257-f132-5f8b-1100-000000000700}","SourceProcessId":"1556","Level":"4","Channel":"Microsoft-Windows-Sysmon/Operational","Task":"10","RuleName":"-","SourceName":"Microsoft-Windows-Sysmon","Hostname":"WORKSTATION5","SourceProcessGUID":"{39e4a257-f133-5f8b-3100-000000000700}","TargetProcessId":"992","EventID":10,"Keywords":"0x8000000000000000","TargetImage":"C:\\windows\\system32\\svchost.exe","Message":"Process accessed:\r\nRuleName: -\r\nUtcTime: 2020-10-23 07:12:11.006\r\nSourceProcessGUID: {39e4a257-f133-5f8b-3100-000000000700}\r\nSourceProcessId: 1556\r\nSourceThreadId: 2204\r\nSourceImage: C:\\windows\\system32\\svchost.exe\r\nTargetProcessGUID: {39e4a257-f132-5f8b-1100-000000000700}\r\nTargetProcessId: 992\r\nTargetImage: C:\\windows\\system32\\svchost.exe\r\nGrantedAccess: 0x3000\r\nCallTrace: C:\\windows\\SYSTEM32\\ntdll.dll+9c584|C:\\windows\\System32\\KERNELBASE.dll+305fe|c:\\windows\\system32\\sysmain.dll+44b1f|c:\\windows\\system32\\sysmain.dll+1e899|c:\\windows\\system32\\sysmain.dll+1e7be|c:\\windows\\system32\\sysmain.dll+1e6a5|c:\\windows\\system32\\sysmain.dll+1e509|c:\\windows\\system32\\sysmain.dll+1c32b|c:\\windows\\system32\\sysmain.dll+1bf95|c:\\windows\\system32\\sysmain.dll+74b0d|c:\\windows\\system32\\sysmain.dll+73b32|c:\\windows\\system32\\sysmain.dll+601a3|C:\\windows\\system32\\svchost.exe+314c|C:\\windows\\System32\\sechost.dll+2de2|C:\\windows\\System32\\KERNEL32.DLL+17c24|C:\\windows\\SYSTEM32\\ntdll.dll+6cea1"}
{"GrantedAccess":"0x3000","@timestamp":"2020-10-23T03:12:11.017Z","TimeCreated":"2020-10-23T03:12:11.017Z","SourceThreadId":"2204","SourceImage":"C:\\windows\\system32\\svchost.exe","ProviderGuid":"{5770385f-c22a-43e0-bf4c-06f5698ffbd9}","CallTrace":"C:\\windows\\SYSTEM32\\ntdll.dll+9c584|C:\\windows\\System32\\KERNELBASE.dll+305fe|c:\\windows\\system32\\sysmain.dll+44b1f|c:\\windows\\system32\\sysmain.dll+1e899|c:\\windows\\system32\\sysmain.dll+1e7be|c:\\windows\\system32\\sysmain.dll+1e6a5|c:\\windows\\system32\\sysmain.dll+1e509|c:\\windows\\system32\\sysmain.dll+1c32b|c:\\windows\\system32\\sysmain.dll+1bf95|c:\\windows\\system32\\sysmain.dll+74b0d|c:\\windows\\system32\\sysmain.dll+73b32|c:\\windows\\system32\\sysmain.dll+601a3|C:\\windows\\system32\\svchost.exe+314c|C:\\windows\\System32\\sechost.dll+2de2|C:\\windows\\System32\\KERNEL32.DLL+17c24|C:\\windows\\SYSTEM32\\ntdll.dll+6cea1","UtcTime":"2020-10-23 07:12:11.006","TargetProcessGUID":"{39e4a257-f132-5f8b-0e00-000000000700}","SourceProcessId":"1556","Level":"4","Channel":"Microsoft-Windows-Sysmon/Operational","Task":"10","RuleName":"-","SourceName":"Microsoft-Windows-Sysmon","Hostname":"WORKSTATION5","SourceProcessGUID":"{39e4a257-f133-5f8b-3100-000000000700}","TargetProcessId":"868","EventID":10,"Keywords":"0x8000000000000000","TargetImage":"C:\\windows\\system32\\fontdrvhost.exe","Message":"Process accessed:\r\nRuleName: -\r\nUtcTime: 2020-10-23 07:12:11.006\r\nSourceProcessGUID: {39e4a257-f133-5f8b-3100-000000000700}\r\nSourceProcessId: 1556\r\nSourceThreadId: 2204\r\nSourceImage: C:\\windows\\system32\\svchost.exe\r\nTargetProcessGUID: {39e4a257-f132-5f8b-0e00-000000000700}\r\nTargetProcessId: 868\r\nTargetImage: C:\\windows\\system32\\fontdrvhost.exe\r\nGrantedAccess: 0x3000\r\nCallTrace: C:\\windows\\SYSTEM32\\ntdll.dll+9c584|C:\\windows\\System32\\KERNELBASE.dll+305fe|c:\\windows\\system32\\sysmain.dll+44b1f|c:\\windows\\system32\\sysmain.dll+1e899|c:\\windows\\system32\\sysmain.dll+1e7be|c:\\windows\\system32\\sysmain.dll+1e6a5|c:\\windows\\system32\\sysmain.dll+1e509|c:\\windows\\system32\\sysmain.dll+1c32b|c:\\windows\\system32\\sysmain.dll+1bf95|c:\\windows\\system32\\sysmain.dll+74b0d|c:\\windows\\system32\\sysmain.dll+73b32|c:\\windows\\system32\\sysmain.dll+601a3|C:\\windows\\system32\\svchost.exe+314c|C:\\windows\\System32\\sechost.dll+2de2|C:\\windows\\System32\\KERNEL32.DLL+17c24|C:\\windows\\SYSTEM32\\ntdll.dll+6cea1"}
{"GrantedAccess":"0x3000","@timestamp":"2020-10-23T03:12:11.017Z","TimeCreated":"2020-10-23T03:12:11.017Z","SourceThreadId":"2204","SourceImage":"C:\\windows\\system32\\svchost.exe","ProviderGuid":"{5770385f-c22a-43e0-bf4c-06f5698ffbd9}","CallTrace":"C:\\windows\\SYSTEM32\\ntdll.dll+9c584|C:\\windows\\System32\\KERNELBASE.dll+305fe|c:\\windows\\system32\\sysmain.dll+44b1f|c:\\windows\\system32\\sysmain.dll+1e899|c:\\windows\\system32\\sysmain.dll+1e7be|c:\\windows\\system32\\sysmain.dll+1e6a5|c:\\windows\\system32\\sysmain.dll+1e509|c:\\windows\\system32\\sysmain.dll+1c32b|c:\\windows\\system32\\sysmain.dll+1bf95|c:\\windows\\system32\\sysmain.dll+74b0d|c:\\windows\\system32\\sysmain.dll+73b32|c:\\windows\\system32\\sysmain.dll+601a3|C:\\windows\\system32\\svchost.exe+314c|C:\\windows\\System32\\sechost.dll+2de2|C:\\windows\\System32\\KERNEL32.DLL+17c24|C:\\windows\\SYSTEM32\\ntdll.dll+6cea1","UtcTime":"2020-10-23 07:12:11.006","TargetProcessGUID":"{39e4a257-f132-5f8b-0d00-000000000700}","SourceProcessId":"1556","Level":"4","Channel":"Microsoft-Windows-Sysmon/Operational","Task":"10","RuleName":"-","SourceName":"Microsoft-Windows-Sysmon","Hostname":"WORKSTATION5","SourceProcessGUID":"{39e4a257-f133-5f8b-3100-000000000700}","TargetProcessId":"860","EventID":10,"Keywords":"0x8000000000000000","TargetImage":"C:\\windows\\system32\\fontdrvhost.exe","Message":"Process accessed:\r\nRuleName: -\r\nUtcTime: 2020-10-23 07:12:11.006\r\nSourceProcessGUID: {39e4a257-f133-5f8b-3100-000000000700}\r\nSourceProcessId: 1556\r\nSourceThreadId: 2204\r\nSourceImage: C:\\windows\\system32\\svchost.exe\r\nTargetProcessGUID: {39e4a257-f132-5f8b-0d00-000000000700}\r\nTargetProcessId: 860\r\nTargetImage: C:\\windows\\system32\\fontdrvhost.exe\r\nGrantedAccess: 0x3000\r\nCallTrace: C:\\windows\\SYSTEM32\\ntdll.dll+9c584|C:\\windows\\System32\\KERNELBASE.dll+305fe|c:\\windows\\system32\\sysmain.dll+44b1f|c:\\windows\\system32\\sysmain.dll+1e899|c:\\windows\\system32\\sysmain.dll+1e7be|c:\\windows\\system32\\sysmain.dll+1e6a5|c:\\windows\\system32\\sysmain.dll+1e509|c:\\windows\\system32\\sysmain.dll+1c32b|c:\\windows\\system32\\sysmain.dll+1bf95|c:\\windows\\system32\\sysmain.dll+74b0d|c:\\windows\\system32\\sysmain.dll+73b32|c:\\windows\\system32\\sysmain.dll+601a3|C:\\windows\\system32\\svchost.exe+314c|C:\\windows\\System32\\sechost.dll+2de2|C:\\windows\\System32\\KERNEL32.DLL+17c24|C:\\windows\\SYSTEM32\\ntdll.dll+6cea1"}
{"Message":"The System log file was cleared.","EventID":104,"SourceName":"Microsoft-Windows-Eventlog","TimeCreated":"2020-10-23T03:12:00.975Z","Hostname":"WORKSTATION5","Task":"104","Level":"4","Keywords":"0x8000000000000000","Channel":"System","ProviderGuid":"{fc65ddd8-d6ef-4962-83d5-6e5cfe9ce148}","@timestamp":"2020-10-23T03:12:00.975Z"}
{"Message":"The Application log file was cleared.","EventID":104,"SourceName":"Microsoft-Windows-Eventlog","TimeCreated":"2020-10-23T03:12:00.991Z","Hostname":"WORKSTATION5","Task":"104","Level":"4","Keywords":"0x8000000000000000","Channel":"System","ProviderGuid":"{fc65ddd8-d6ef-4962-83d5-6e5cfe9ce148}","@timestamp":"2020-10-23T03:12:00.991Z"}
