{"@timestamp":"2020-10-23T03:12:04.385Z","TimeCreated":"2020-10-23T03:12:04.385Z","Hashes":"SHA1=FF572BE9C4959684F64CF1EAD2636FE983E59627,MD5=F8F171BE1820544E15B555847005355C,SHA256=CDDF9A2BF085AE59BA464B3BA6394AACFC342DA5F17D77FD5306054C8AABF153,IMPHASH=0524DC27AA10ADA72FFB6F88F5FD8829","Signature":"Microsoft Corporation","ProviderGuid":"{5770385f-c22a-43e0-bf4c-06f5698ffbd9}","Company":"Microsoft Corporation","UtcTime":"2020-10-23 07:12:04.381","ProcessGuid":"{39e4a257-8244-5f92-c117-000000000700}","Image":"C:\\Users\\wardog\\Desktop\\PurpleSharp.exe","ImageLoaded":"C:\\Windows\\System32\\ucrtbase_clr0400.dll","Level":"4","Channel":"Microsoft-Windows-Sysmon/Operational","Task":"7","RuleName":"-","FileVersion":"14.10.25028.0 built by: VCTOOLSD15RTM","SourceName":"Microsoft-Windows-Sysmon","Hostname":"WORKSTATION5","ProcessId":"8972","Description":"Microsoft C Runtime Library","SignatureStatus":"Valid","Product":"Microsoft Visual Studio 2017","EventID":7,"Keywords":"0x8000000000000000","Signed":"true","OriginalFileName":"ucrtbase_clr0400.dll","Message":"Image loaded:\r\nRuleName: -\r\nUtcTime: 2020-10-23 07:12:04.381\r\nProcessGuid: {39e4a257-8244-5f92-c117-000000000700}\r\nProcessId: 8972\r\nImage: C:\\Users\\wardog\\Desktop\\PurpleSharp.exe\r\nImageLoaded: C:\\Windows\\System32\\ucrtbase_clr0400.dll\r\nFileVersion: 14.10.25028.0 built by: VCTOOLSD15RTM\r\nDescription: Microsoft C Runtime Library\r\nProduct: Microsoft Visual Studio 2017\r\nCompany: Microsoft Corporation\r\nOriginalFileName: ucrtbase_clr0400.dll\r\nHashes: SHA1=FF572BE9C4959684F64CF1EAD2636FE983E59627,MD5=F8F171BE1820544E15B555847005355C,SHA256=CDDF9A2BF085AE59BA464B3BA6394AACFC342DA5F17D77FD5306054C8AABF153,IMPHASH=0524DC27AA10ADA72FFB6F88F5FD8829\r\nSigned: true\r\nSignature: Microsoft Corporation\r\nSignatureStatus: Valid"}
{"@timestamp":"2020-10-23T03:12:04.391Z","TimeCreated":"2020-10-23T03:12:04.391Z","Hashes":"SHA1=27AD125439888ACFA100F6669C29D2AE83968795,MD5=1E38A571505014482B151EC57F5ECCA1,SHA256=F1E5A9E1F2BFC87BD4CA209B5FB631B35ADC4D7480B381467C3FC018A090FCD2,IMPHASH=00000000000000000000000000000000","Signature":"Microsoft Corporation","ProviderGuid":"{5770385f-c22a-43e0-bf4c-06f5698ffbd9}","Company":"Microsoft Corporation","UtcTime":"2020-10-23 07:12:04.381","ProcessGuid":"{39e4a257-8244-5f92-c117-000000000700}","Image":"C:\\Users\\wardog\\Desktop\\PurpleSharp.exe","ImageLoaded":"C:\\Windows\\assembly\\NativeImages_v4.0.30319_64\\mscorlib\\52ce2de93895cec3507794c893974551\\mscorlib.ni.dll","Level":"4","Channel":"Microsoft-Windows-Sysmon/Operational","Task":"7","RuleName":"-","FileVersion":"4.8.4250.0 built by: NET48REL1LAST_C","SourceName":"Microsoft-Windows-Sysmon","Hostname":"WORKSTATION5","ProcessId":"8972","Description":"Microsoft Common Language Runtime Class Library","SignatureStatus":"Valid","Product":"Microsoft .NET Framework","EventID":7,"Keywords":"0x8000000000000000","Signed":"true","OriginalFileName":"mscorlib.dll","Message":"Image loaded:\r\nRuleName: -\r\nUtcTime: 2020-10-23 07:12:04.381\r\nProcessGuid: {39e4a257-8244-5f92-c117-000000000700}\r\nProcessId: 8972\r\nImage: C:\\Users\\wardog\\Desktop\\PurpleSharp.exe\r\nImageLoaded: C:\\Windows\\assembly\\NativeImages_v4.0.30319_64\\mscorlib\\52ce2de93895cec3507794c893974551\\mscorlib.ni.dll\r\nFileVersion: 4.8.4250.0 built by: NET48REL1LAST_C\r\nDescription: Microsoft Common Language Runtime Class Library\r\nProduct: Microsoft .NET Framework\r\nCompany: Microsoft Corporation\r\nOriginalFileName: mscorlib.dll\r\nHashes: SHA1=27AD125439888ACFA100F6669C29D2AE83968795,MD5=1E38A571505014482B151EC57F5ECCA1,SHA256=F1E5A9E1F2BFC87BD4CA209B5FB631B35ADC4D7480B381467C3FC018A090FCD2,IMPHASH=00000000000000000000000000000000\r\nSigned: true\r\nSignature: Microsoft Corporation\r\nSignatureStatus: Valid"}
{"@timestamp":"2020-10-23T03:12:04.392Z","TimeCreated":"2020-10-23T03:12:04.392Z","Hashes":"SHA1=C7BA959197D19EC7C8F7707B0D8BBE77E80A9DBE,MD5=D3BAA65CBCA982E5835AE33C2C7513E9,SHA256=56D18A442AD599B04C29D98AB9E2A1983959FB74AB27D4392667A975310754E8,IMPHASH=C908A257ACFAF3BDE15426EE5244D1EB","Signature":"Microsoft Windows","ProviderGuid":"{5770385f-c22a-43e0-bf4c-06f5698ffbd9}","Company":"Microsoft Corporation","UtcTime":"2020-10-23 07:12:04.381","ProcessGuid":"{39e4a257-8244-5f92-c117-000000000700}","Image":"C:\\Users\\wardog\\Desktop\\PurpleSharp.exe","ImageLoaded":"C:\\Windows\\System32\\ole32.dll","Level":"4","Channel":"Microsoft-Windows-Sysmon/Operational","Task":"7","RuleName":"-","FileVersion":"10.0.18362.1082 (WinBuild.160101.0800)","SourceName":"Microsoft-Windows-Sysmon","Hostname":"WORKSTATION5","ProcessId":"8972","Description":"Microsoft OLE for Windows","SignatureStatus":"Valid","Product":"Microsoft Windows Operating System","EventID":7,"Keywords":"0x8000000000000000","Signed":"true","OriginalFileName":"OLE32.DLL","Message":"Image loaded:\r\nRuleName: -\r\nUtcTime: 2020-10-23 07:12:04.381\r\nProcessGuid: {39e4a257-8244-5f92-c117-000000000700}\r\nProcessId: 8972\r\nImage: C:\\Users\\wardog\\Desktop\\PurpleSharp.exe\r\nImageLoaded: C:\\Windows\\System32\\ole32.dll\r\nFileVersion: 10.0.18362.1082 (WinBuild.160101.0800)\r\nDescription: Microsoft OLE for Windows\r\nProduct: Microsoft Windows Operating System\r\nCompany: Microsoft Corporation\r\nOriginalFileName: OLE32.DLL\r\nHashes: SHA1=C7BA959197D19EC7C8F7707B0D8BBE77E80A9DBE,MD5=D3BAA65CBCA982E5835AE33C2C7513E9,SHA256=56D18A442AD599B04C29D98AB9E2A1983959FB74AB27D4392667A975310754E8,IMPHASH=C908A257ACFAF3BDE15426EE5244D1EB\r\nSigned: true\r\nSignature: Microsoft Windows\r\nSignatureStatus: Valid"}
{"@timestamp":"2020-10-23T03:12:04.395Z","TimeCreated":"2020-10-23T03:12:04.395Z","Hashes":"SHA1=B422C78036BDA7639E707488C94F3FB8B36E18AA,MD5=219F03862316021CC2C0D1248EA26C69,SHA256=0F8456DD92C7E1E78F4C98975029CBDCB8ABCCF03B1C3A0B3F40C04E7D54265C,IMPHASH=9F2B44B648DE13A18C1ABC07250B85C2","Signature":"Microsoft Corporation","ProviderGuid":"{5770385f-c22a-43e0-bf4c-06f5698ffbd9}","Company":"Microsoft Corporation","UtcTime":"2020-10-23 07:12:04.381","ProcessGuid":"{39e4a257-8244-5f92-c117-000000000700}","Image":"C:\\Users\\wardog\\Desktop\\PurpleSharp.exe","ImageLoaded":"C:\\Windows\\Microsoft.NET\\Framework64\\v4.0.30319\\clrjit.dll","Level":"4","Channel":"Microsoft-Windows-Sysmon/Operational","Task":"7","RuleName":"-","FileVersion":"4.8.4250.0 built by: NET48REL1LAST_C","SourceName":"Microsoft-Windows-Sysmon","Hostname":"WORKSTATION5","ProcessId":"8972","Description":"Microsoft .NET Runtime Just-In-Time Compiler","SignatureStatus":"Valid","Product":"Microsoft .NET Framework","EventID":7,"Keywords":"0x8000000000000000","Signed":"true","OriginalFileName":"clrjit.dll","Message":"Image loaded:\r\nRuleName: -\r\nUtcTime: 2020-10-23 07:12:04.381\r\nProcessGuid: {39e4a257-8244-5f92-c117-000000000700}\r\nProcessId: 8972\r\nImage: C:\\Users\\wardog\\Desktop\\PurpleSharp.exe\r\nImageLoaded: C:\\Windows\\Microsoft.NET\\Framework64\\v4.0.30319\\clrjit.dll\r\nFileVersion: 4.8.4250.0 built by: NET48REL1LAST_C\r\nDescription: Microsoft .NET Runtime Just-In-Time Compiler\r\nProduct: Microsoft .NET Framework\r\nCompany: Microsoft Corporation\r\nOriginalFileName: clrjit.dll\r\nHashes: SHA1=B422C78036BDA7639E707488C94F3FB8B36E18AA,MD5=219F03862316021CC2C0D1248EA26C69,SHA256=0F8456DD92C7E1E78F4C98975029CBDCB8ABCCF03B1C3A0B3F40C04E7D54265C,IMPHASH=9F2B44B648DE13A18C1ABC07250B85C2\r\nSigned: true\r\nSignature: Microsoft Corporation\r\nSignatureStatus: Valid"}
{"@timestamp":"2020-10-23T03:12:04.401Z","TimeCreated":"2020-10-23T03:12:04.401Z","Hashes":"SHA1=CA125380A97CCB377A218F6587FD59126130A63E,MD5=56F3169906F96ACA196724666CC140F0,SHA256=44C54B7AFCEF9980D178C075568A77127ACA84B7EFCA73310883D0BC9C868BC4,IMPHASH=00000000000000000000000000000000","Signature":"-","ProviderGuid":"{5770385f-c22a-43e0-bf4c-06f5698ffbd9}","Company":"Microsoft Corporation","UtcTime":"2020-10-23 07:12:04.397","ProcessGuid":"{39e4a257-8244-5f92-c117-000000000700}","Image":"C:\\Users\\wardog\\Desktop\\PurpleSharp.exe","ImageLoaded":"C:\\Windows\\assembly\\NativeImages_v4.0.30319_64\\System\\11b8b7ed51c47042b76fe5b32dfd449f\\System.ni.dll","Level":"4","Channel":"Microsoft-Windows-Sysmon/Operational","Task":"7","RuleName":"-","FileVersion":"4.8.4200.0 built by: NET48REL1LAST_C","SourceName":"Microsoft-Windows-Sysmon","Hostname":"WORKSTATION5","ProcessId":"8972","Description":".NET Framework","SignatureStatus":"Unavailable","Product":"Microsoft .NET Framework","EventID":7,"Keywords":"0x8000000000000000","Signed":"false","OriginalFileName":"System.dll","Message":"Image loaded:\r\nRuleName: -\r\nUtcTime: 2020-10-23 07:12:04.397\r\nProcessGuid: {39e4a257-8244-5f92-c117-000000000700}\r\nProcessId: 8972\r\nImage: C:\\Users\\wardog\\Desktop\\PurpleSharp.exe\r\nImageLoaded: C:\\Windows\\assembly\\NativeImages_v4.0.30319_64\\System\\11b8b7ed51c47042b76fe5b32dfd449f\\System.ni.dll\r\nFileVersion: 4.8.4200.0 built by: NET48REL1LAST_C\r\nDescription: .NET Framework\r\nProduct: Microsoft .NET Framework\r\nCompany: Microsoft Corporation\r\nOriginalFileName: System.dll\r\nHashes: SHA1=CA125380A97CCB377A218F6587FD59126130A63E,MD5=56F3169906F96ACA196724666CC140F0,SHA256=44C54B7AFCEF9980D178C075568A77127ACA84B7EFCA73310883D0BC9C868BC4,IMPHASH=00000000000000000000000000000000\r\nSigned: false\r\nSignature: -\r\nSignatureStatus: Unavailable"}
{"@timestamp":"2020-10-23T03:12:04.402Z","TimeCreated":"2020-10-23T03:12:04.402Z","Hashes":"SHA1=2FDBA6E4AB412DD89763CB16DC2A07FF28DCE84E,MD5=078D4299C5568E2BBC99D9853B9F572E,SHA256=2F250A3A72FF43F7335B2BB3F7D7EDC5E9446FE15240BBEDAFFB10C1F585A7BC,IMPHASH=00000000000000000000000000000000","Signature":"-","ProviderGuid":"{5770385f-c22a-43e0-bf4c-06f5698ffbd9}","Company":"Microsoft Corporation","UtcTime":"2020-10-23 07:12:04.397","ProcessGuid":"{39e4a257-8244-5f92-c117-000000000700}","Image":"C:\\Users\\wardog\\Desktop\\PurpleSharp.exe","ImageLoaded":"C:\\Windows\\assembly\\NativeImages_v4.0.30319_64\\System.Core\\1fd0d2be29c2fe80e8171054a45b8d4e\\System.Core.ni.dll","Level":"4","Channel":"Microsoft-Windows-Sysmon/Operational","Task":"7","RuleName":"-","FileVersion":"4.8.4220.0 built by: NET48REL1LAST_C","SourceName":"Microsoft-Windows-Sysmon","Hostname":"WORKSTATION5","ProcessId":"8972","Description":".NET Framework","SignatureStatus":"Unavailable","Product":"Microsoft .NET Framework","EventID":7,"Keywords":"0x8000000000000000","Signed":"false","OriginalFileName":"System.Core.dll","Message":"Image loaded:\r\nRuleName: -\r\nUtcTime: 2020-10-23 07:12:04.397\r\nProcessGuid: {39e4a257-8244-5f92-c117-000000000700}\r\nProcessId: 8972\r\nImage: C:\\Users\\wardog\\Desktop\\PurpleSharp.exe\r\nImageLoaded: C:\\Windows\\assembly\\NativeImages_v4.0.30319_64\\System.Core\\1fd0d2be29c2fe80e8171054a45b8d4e\\System.Core.ni.dll\r\nFileVersion: 4.8.4220.0 built by: NET48REL1LAST_C\r\nDescription: .NET Framework\r\nProduct: Microsoft .NET Framework\r\nCompany: Microsoft Corporation\r\nOriginalFileName: System.Core.dll\r\nHashes: SHA1=2FDBA6E4AB412DD89763CB16DC2A07FF28DCE84E,MD5=078D4299C5568E2BBC99D9853B9F572E,SHA256=2F250A3A72FF43F7335B2BB3F7D7EDC5E9446FE15240BBEDAFFB10C1F585A7BC,IMPHASH=00000000000000000000000000000000\r\nSigned: false\r\nSignature: -\r\nSignatureStatus: Unavailable"}
{"@timestamp":"2020-10-23T03:12:04.430Z","TimeCreated":"2020-10-23T03:12:04.430Z","Hashes":"SHA1=1BE5EC1130E4B812224AF98D1C4B81B91C8D8BCE,MD5=698E67C04A48B58FE0FE2B7DAB428BD2,SHA256=D4F8395347B3C952DA3309BD3ADFBF87F52582C744204692DEDB0B6E720AEE1A,IMPHASH=5DE31297232BD99BC22531D7CE95B80E","Signature":"Microsoft Windows","ProviderGuid":"{5770385f-c22a-43e0-bf4c-06f5698ffbd9}","Company":"Microsoft Corporation","UtcTime":"2020-10-23 07:12:04.428","ProcessGuid":"{39e4a257-8244-5f92-c117-000000000700}","Image":"C:\\Users\\wardog\\Desktop\\PurpleSharp.exe","ImageLoaded":"C:\\Windows\\System32\\shell32.dll","Level":"4","Channel":"Microsoft-Windows-Sysmon/Operational","Task":"7","RuleName":"-","FileVersion":"10.0.18362.1110 (WinBuild.160101.0800)","SourceName":"Microsoft-Windows-Sysmon","Hostname":"WORKSTATION5","ProcessId":"8972","Description":"Windows Shell Common Dll","SignatureStatus":"Valid","Product":"Microsoft Windows Operating System","EventID":7,"Keywords":"0x8000000000000000","Signed":"true","OriginalFileName":"SHELL32.DLL","Message":"Image loaded:\r\nRuleName: -\r\nUtcTime: 2020-10-23 07:12:04.428\r\nProcessGuid: {39e4a257-8244-5f92-c117-000000000700}\r\nProcessId: 8972\r\nImage: C:\\Users\\wardog\\Desktop\\PurpleSharp.exe\r\nImageLoaded: C:\\Windows\\System32\\shell32.dll\r\nFileVersion: 10.0.18362.1110 (WinBuild.160101.0800)\r\nDescription: Windows Shell Common Dll\r\nProduct: Microsoft Windows Operating System\r\nCompany: Microsoft Corporation\r\nOriginalFileName: SHELL32.DLL\r\nHashes: SHA1=1BE5EC1130E4B812224AF98D1C4B81B91C8D8BCE,MD5=698E67C04A48B58FE0FE2B7DAB428BD2,SHA256=D4F8395347B3C952DA3309BD3ADFBF87F52582C744204692DEDB0B6E720AEE1A,IMPHASH=5DE31297232BD99BC22531D7CE95B80E\r\nSigned: true\r\nSignature: Microsoft Windows\r\nSignatureStatus: Valid"}
{"@timestamp":"2020-10-23T03:12:04.431Z","TimeCreated":"2020-10-23T03:12:04.431Z","Hashes":"SHA1=FA3A718BEED81C7084675E250ADC305677A6B5E4,MD5=3A99A40872AF3B87406CC57DBDF53748,SHA256=96A1DB38C74A81FBA4C4AB29020551364FD1ADA3B6FED789D193C787E757979D,IMPHASH=4B4464C7677B6F07342800F4CF0BA273","Signature":"Microsoft Windows","ProviderGuid":"{5770385f-c22a-43e0-bf4c-06f5698ffbd9}","Company":"Microsoft Corporation","UtcTime":"2020-10-23 07:12:04.428","ProcessGuid":"{39e4a257-8244-5f92-c117-000000000700}","Image":"C:\\Users\\wardog\\Desktop\\PurpleSharp.exe","ImageLoaded":"C:\\Windows\\System32\\cfgmgr32.dll","Level":"4","Channel":"Microsoft-Windows-Sysmon/Operational","Task":"7","RuleName":"-","FileVersion":"10.0.18362.387 (WinBuild.160101.0800)","SourceName":"Microsoft-Windows-Sysmon","Hostname":"WORKSTATION5","ProcessId":"8972","Description":"Configuration Manager DLL","SignatureStatus":"Valid","Product":"Microsoft Windows Operating System","EventID":7,"Keywords":"0x8000000000000000","Signed":"true","OriginalFileName":"CFGMGR32.DLL","Message":"Image loaded:\r\nRuleName: -\r\nUtcTime: 2020-10-23 07:12:04.428\r\nProcessGuid: {39e4a257-8244-5f92-c117-000000000700}\r\nProcessId: 8972\r\nImage: C:\\Users\\wardog\\Desktop\\PurpleSharp.exe\r\nImageLoaded: C:\\Windows\\System32\\cfgmgr32.dll\r\nFileVersion: 10.0.18362.387 (WinBuild.160101.0800)\r\nDescription: Configuration Manager DLL\r\nProduct: Microsoft Windows Operating System\r\nCompany: Microsoft Corporation\r\nOriginalFileName: CFGMGR32.DLL\r\nHashes: SHA1=FA3A718BEED81C7084675E250ADC305677A6B5E4,MD5=3A99A40872AF3B87406CC57DBDF53748,SHA256=96A1DB38C74A81FBA4C4AB29020551364FD1ADA3B6FED789D193C787E757979D,IMPHASH=4B4464C7677B6F07342800F4CF0BA273\r\nSigned: true\r\nSignature: Microsoft Windows\r\nSignatureStatus: Valid"}
{"@timestamp":"2020-10-23T03:12:04.431Z","TimeCreated":"2020-10-23T03:12:04.431Z","Hashes":"SHA1=75C9F506592699E30D8ECA63F88C79E956324111,MD5=6ACBCCE095FDB475FC2B3D178E5D9208,SHA256=3F49AB1B04EE3D843E961A1B62CB695EE3FE940EE287819BBBABCC1C3A38F507,IMPHASH=0E48D88DA5B1AEFE29036ECDE5B34E8D","Signature":"Microsoft Windows","ProviderGuid":"{5770385f-c22a-43e0-bf4c-06f5698ffbd9}","Company":"Microsoft Corporation","UtcTime":"2020-10-23 07:12:04.428","ProcessGuid":"{39e4a257-8244-5f92-c117-000000000700}","Image":"C:\\Users\\wardog\\Desktop\\PurpleSharp.exe","ImageLoaded":"C:\\Windows\\System32\\SHCore.dll","Level":"4","Channel":"Microsoft-Windows-Sysmon/Operational","Task":"7","RuleName":"-","FileVersion":"10.0.18362.959 (WinBuild.160101.0800)","SourceName":"Microsoft-Windows-Sysmon","Hostname":"WORKSTATION5","ProcessId":"8972","Description":"SHCORE","SignatureStatus":"Valid","Product":"Microsoft Windows Operating System","EventID":7,"Keywords":"0x8000000000000000","Signed":"true","OriginalFileName":"SHCORE.dll","Message":"Image loaded:\r\nRuleName: -\r\nUtcTime: 2020-10-23 07:12:04.428\r\nProcessGuid: {39e4a257-8244-5f92-c117-000000000700}\r\nProcessId: 8972\r\nImage: C:\\Users\\wardog\\Desktop\\PurpleSharp.exe\r\nImageLoaded: C:\\Windows\\System32\\SHCore.dll\r\nFileVersion: 10.0.18362.959 (WinBuild.160101.0800)\r\nDescription: SHCORE\r\nProduct: Microsoft Windows Operating System\r\nCompany: Microsoft Corporation\r\nOriginalFileName: SHCORE.dll\r\nHashes: SHA1=75C9F506592699E30D8ECA63F88C79E956324111,MD5=6ACBCCE095FDB475FC2B3D178E5D9208,SHA256=3F49AB1B04EE3D843E961A1B62CB695EE3FE940EE287819BBBABCC1C3A38F507,IMPHASH=0E48D88DA5B1AEFE29036ECDE5B34E8D\r\nSigned: true\r\nSignature: Microsoft Windows\r\nSignatureStatus: Valid"}
{"@timestamp":"2020-10-23T03:12:04.431Z","TimeCreated":"2020-10-23T03:12:04.431Z","Hashes":"SHA1=DF7D0248848C0247FD5F65ABD9799FDA0380C77D,MD5=DDD102204FDCD3FC8DD0AA89CF6609A3,SHA256=49F37639155096444C1B780071B8D63320FD8F8DC1D7CEF7A9031830C4F90968,IMPHASH=BDB3E400A78EE2D42C647E85CD2D827B","Signature":"Microsoft Windows","ProviderGuid":"{5770385f-c22a-43e0-bf4c-06f5698ffbd9}","Company":"Microsoft Corporation","UtcTime":"2020-10-23 07:12:04.428","ProcessGuid":"{39e4a257-8244-5f92-c117-000000000700}","Image":"C:\\Users\\wardog\\Desktop\\PurpleSharp.exe","ImageLoaded":"C:\\Windows\\System32\\windows.storage.dll","Level":"4","Channel":"Microsoft-Windows-Sysmon/Operational","Task":"7","RuleName":"-","FileVersion":"10.0.18362.1082 (WinBuild.160101.0800)","SourceName":"Microsoft-Windows-Sysmon","Hostname":"WORKSTATION5","ProcessId":"8972","Description":"Microsoft WinRT Storage API","SignatureStatus":"Valid","Product":"Microsoft Windows Operating System","EventID":7,"Keywords":"0x8000000000000000","Signed":"true","OriginalFileName":"Windows.Storage.dll","Message":"Image loaded:\r\nRuleName: -\r\nUtcTime: 2020-10-23 07:12:04.428\r\nProcessGuid: {39e4a257-8244-5f92-c117-000000000700}\r\nProcessId: 8972\r\nImage: C:\\Users\\wardog\\Desktop\\PurpleSharp.exe\r\nImageLoaded: C:\\Windows\\System32\\windows.storage.dll\r\nFileVersion: 10.0.18362.1082 (WinBuild.160101.0800)\r\nDescription: Microsoft WinRT Storage API\r\nProduct: Microsoft Windows Operating System\r\nCompany: Microsoft Corporation\r\nOriginalFileName: Windows.Storage.dll\r\nHashes: SHA1=DF7D0248848C0247FD5F65ABD9799FDA0380C77D,MD5=DDD102204FDCD3FC8DD0AA89CF6609A3,SHA256=49F37639155096444C1B780071B8D63320FD8F8DC1D7CEF7A9031830C4F90968,IMPHASH=BDB3E400A78EE2D42C647E85CD2D827B\r\nSigned: true\r\nSignature: Microsoft Windows\r\nSignatureStatus: Valid"}
{"@timestamp":"2020-10-23T03:12:04.432Z","TimeCreated":"2020-10-23T03:12:04.432Z","Hashes":"SHA1=387FC7660AFDEC45CFFB84980EB77D0E787ED31B,MD5=F4862E1CC68687B9D4B245512BDF8383,SHA256=A2DF0AC95B9AA338EB6062BA5739F65BFBA86658546F4C5CAC6045C363F55E24,IMPHASH=192CF98320740B7D296297054A9C3EEA","Signature":"Microsoft Windows","ProviderGuid":"{5770385f-c22a-43e0-bf4c-06f5698ffbd9}","Company":"Microsoft Corporation","UtcTime":"2020-10-23 07:12:04.428","ProcessGuid":"{39e4a257-8244-5f92-c117-000000000700}","Image":"C:\\Users\\wardog\\Desktop\\PurpleSharp.exe","ImageLoaded":"C:\\Windows\\System32\\profapi.dll","Level":"4","Channel":"Microsoft-Windows-Sysmon/Operational","Task":"7","RuleName":"-","FileVersion":"10.0.18362.693 (WinBuild.160101.0800)","SourceName":"Microsoft-Windows-Sysmon","Hostname":"WORKSTATION5","ProcessId":"8972","Description":"User Profile Basic API","SignatureStatus":"Valid","Product":"Microsoft Windows Operating System","EventID":7,"Keywords":"0x8000000000000000","Signed":"true","OriginalFileName":"PROFAPI.DLL","Message":"Image loaded:\r\nRuleName: -\r\nUtcTime: 2020-10-23 07:12:04.428\r\nProcessGuid: {39e4a257-8244-5f92-c117-000000000700}\r\nProcessId: 8972\r\nImage: C:\\Users\\wardog\\Desktop\\PurpleSharp.exe\r\nImageLoaded: C:\\Windows\\System32\\profapi.dll\r\nFileVersion: 10.0.18362.693 (WinBuild.160101.0800)\r\nDescription: User Profile Basic API\r\nProduct: Microsoft Windows Operating System\r\nCompany: Microsoft Corporation\r\nOriginalFileName: PROFAPI.DLL\r\nHashes: SHA1=387FC7660AFDEC45CFFB84980EB77D0E787ED31B,MD5=F4862E1CC68687B9D4B245512BDF8383,SHA256=A2DF0AC95B9AA338EB6062BA5739F65BFBA86658546F4C5CAC6045C363F55E24,IMPHASH=192CF98320740B7D296297054A9C3EEA\r\nSigned: true\r\nSignature: Microsoft Windows\r\nSignatureStatus: Valid"}
{"@timestamp":"2020-10-23T03:12:04.432Z","TimeCreated":"2020-10-23T03:12:04.432Z","Hashes":"SHA1=30D5ADBC0664977C27B65622F514632581C9AF45,MD5=07B027B1E0B775FAE815E487F28137B9,SHA256=21358CE9A416C7F6DB063095102E91F014BDB85B08A4E783E17234792C9B483A,IMPHASH=817FF4748665EB442F0081A91349F764","Signature":"Microsoft Windows","ProviderGuid":"{5770385f-c22a-43e0-bf4c-06f5698ffbd9}","Company":"Microsoft Corporation","UtcTime":"2020-10-23 07:12:04.428","ProcessGuid":"{39e4a257-8244-5f92-c117-000000000700}","Image":"C:\\Users\\wardog\\Desktop\\PurpleSharp.exe","ImageLoaded":"C:\\Windows\\System32\\powrprof.dll","Level":"4","Channel":"Microsoft-Windows-Sysmon/Operational","Task":"7","RuleName":"-","FileVersion":"10.0.18362.1 (WinBuild.160101.0800)","SourceName":"Microsoft-Windows-Sysmon","Hostname":"WORKSTATION5","ProcessId":"8972","Description":"Power Profile Helper DLL","SignatureStatus":"Valid","Product":"Microsoft Windows Operating System","EventID":7,"Keywords":"0x8000000000000000","Signed":"true","OriginalFileName":"POWRPROF.DLL","Message":"Image loaded:\r\nRuleName: -\r\nUtcTime: 2020-10-23 07:12:04.428\r\nProcessGuid: {39e4a257-8244-5f92-c117-000000000700}\r\nProcessId: 8972\r\nImage: C:\\Users\\wardog\\Desktop\\PurpleSharp.exe\r\nImageLoaded: C:\\Windows\\System32\\powrprof.dll\r\nFileVersion: 10.0.18362.1 (WinBuild.160101.0800)\r\nDescription: Power Profile Helper DLL\r\nProduct: Microsoft Windows Operating System\r\nCompany: Microsoft Corporation\r\nOriginalFileName: POWRPROF.DLL\r\nHashes: SHA1=30D5ADBC0664977C27B65622F514632581C9AF45,MD5=07B027B1E0B775FAE815E487F28137B9,SHA256=21358CE9A416C7F6DB063095102E91F014BDB85B08A4E783E17234792C9B483A,IMPHASH=817FF4748665EB442F0081A91349F764\r\nSigned: true\r\nSignature: Microsoft Windows\r\nSignatureStatus: Valid"}
{"@timestamp":"2020-10-23T03:12:04.433Z","TimeCreated":"2020-10-23T03:12:04.433Z","Hashes":"SHA1=6ABB78FB1614C12E3E9FFF3DE98B0E13E79201D9,MD5=B9A75ED4500DD953DF172FE6F63578E8,SHA256=709B99BA1DFEF6D9B2483F37D242B12F29B1E1ADE13E338B4D7041C55B55204B,IMPHASH=5A0FF5293A05BFEBAE6F2C9C302FC5E7","Signature":"Microsoft Windows","ProviderGuid":"{5770385f-c22a-43e0-bf4c-06f5698ffbd9}","Company":"-","UtcTime":"2020-10-23 07:12:04.428","ProcessGuid":"{39e4a257-8244-5f92-c117-000000000700}","Image":"C:\\Users\\wardog\\Desktop\\PurpleSharp.exe","ImageLoaded":"C:\\Windows\\System32\\umpdc.dll","Level":"4","Channel":"Microsoft-Windows-Sysmon/Operational","Task":"7","RuleName":"-","FileVersion":"-","SourceName":"Microsoft-Windows-Sysmon","Hostname":"WORKSTATION5","ProcessId":"8972","Description":"-","SignatureStatus":"Valid","Product":"-","EventID":7,"Keywords":"0x8000000000000000","Signed":"true","OriginalFileName":"-","Message":"Image loaded:\r\nRuleName: -\r\nUtcTime: 2020-10-23 07:12:04.428\r\nProcessGuid: {39e4a257-8244-5f92-c117-000000000700}\r\nProcessId: 8972\r\nImage: C:\\Users\\wardog\\Desktop\\PurpleSharp.exe\r\nImageLoaded: C:\\Windows\\System32\\umpdc.dll\r\nFileVersion: -\r\nDescription: -\r\nProduct: -\r\nCompany: -\r\nOriginalFileName: -\r\nHashes: SHA1=6ABB78FB1614C12E3E9FFF3DE98B0E13E79201D9,MD5=B9A75ED4500DD953DF172FE6F63578E8,SHA256=709B99BA1DFEF6D9B2483F37D242B12F29B1E1ADE13E338B4D7041C55B55204B,IMPHASH=5A0FF5293A05BFEBAE6F2C9C302FC5E7\r\nSigned: true\r\nSignature: Microsoft Windows\r\nSignatureStatus: Valid"}
{"@timestamp":"2020-10-23T03:12:04.433Z","TimeCreated":"2020-10-23T03:12:04.433Z","Hashes":"SHA1=90F229FB5DB52DF3604195B10C48E946684929ED,MD5=ACE18C6797090A1AA259BB8713917F98,SHA256=F5E118F67745792909973717FAE1F9FE68B2619332A4451AD04E0C9072B8D605,IMPHASH=A9B9D04D0B53DC48ABB37BE77AD01B55","Signature":"Microsoft Windows","ProviderGuid":"{5770385f-c22a-43e0-bf4c-06f5698ffbd9}","Company":"Microsoft Corporation","UtcTime":"2020-10-23 07:12:04.428","ProcessGuid":"{39e4a257-8244-5f92-c117-000000000700}","Image":"C:\\Users\\wardog\\Desktop\\PurpleSharp.exe","ImageLoaded":"C:\\Windows\\System32\\cryptsp.dll","Level":"4","Channel":"Microsoft-Windows-Sysmon/Operational","Task":"7","RuleName":"-","FileVersion":"10.0.18362.1 (WinBuild.160101.0800)","SourceName":"Microsoft-Windows-Sysmon","Hostname":"WORKSTATION5","ProcessId":"8972","Description":"Cryptographic Service Provider API","SignatureStatus":"Valid","Product":"Microsoft Windows Operating System","EventID":7,"Keywords":"0x8000000000000000","Signed":"true","OriginalFileName":"cryptsp.dll","Message":"Image loaded:\r\nRuleName: -\r\nUtcTime: 2020-10-23 07:12:04.428\r\nProcessGuid: {39e4a257-8244-5f92-c117-000000000700}\r\nProcessId: 8972\r\nImage: C:\\Users\\wardog\\Desktop\\PurpleSharp.exe\r\nImageLoaded: C:\\Windows\\System32\\cryptsp.dll\r\nFileVersion: 10.0.18362.1 (WinBuild.160101.0800)\r\nDescription: Cryptographic Service Provider API\r\nProduct: Microsoft Windows Operating System\r\nCompany: Microsoft Corporation\r\nOriginalFileName: cryptsp.dll\r\nHashes: SHA1=90F229FB5DB52DF3604195B10C48E946684929ED,MD5=ACE18C6797090A1AA259BB8713917F98,SHA256=F5E118F67745792909973717FAE1F9FE68B2619332A4451AD04E0C9072B8D605,IMPHASH=A9B9D04D0B53DC48ABB37BE77AD01B55\r\nSigned: true\r\nSignature: Microsoft Windows\r\nSignatureStatus: Valid"}
{"@timestamp":"2020-10-23T03:12:04.438Z","TimeCreated":"2020-10-23T03:12:04.438Z","ProviderGuid":"{5770385f-c22a-43e0-bf4c-06f5698ffbd9}","TargetFilename":"C:\\Users\\wardog\\Desktop\\0001.dat","UtcTime":"2020-10-23 07:12:04.428","ProcessGuid":"{39e4a257-8244-5f92-c117-000000000700}","Image":"C:\\Users\\wardog\\Desktop\\PurpleSharp.exe","CreationUtcTime":"2020-10-23 07:12:04.428","Level":"4","Channel":"Microsoft-Windows-Sysmon/Operational","Task":"11","RuleName":"-","SourceName":"Microsoft-Windows-Sysmon","Hostname":"WORKSTATION5","ProcessId":"8972","EventID":11,"Keywords":"0x8000000000000000","Message":"File created:\r\nRuleName: -\r\nUtcTime: 2020-10-23 07:12:04.428\r\nProcessGuid: {39e4a257-8244-5f92-c117-000000000700}\r\nProcessId: 8972\r\nImage: C:\\Users\\wardog\\Desktop\\PurpleSharp.exe\r\nTargetFilename: C:\\Users\\wardog\\Desktop\\0001.dat\r\nCreationUtcTime: 2020-10-23 07:12:04.428"}
{"@timestamp":"2020-10-23T03:12:04.442Z","TimeCreated":"2020-10-23T03:12:04.442Z","ProviderGuid":"{5770385f-c22a-43e0-bf4c-06f5698ffbd9}","UtcTime":"2020-10-23 07:12:04.428","ProcessGuid":"{39e4a257-8244-5f92-c117-000000000700}","Image":"C:\\Users\\wardog\\Desktop\\PurpleSharp.exe","Level":"4","Channel":"Microsoft-Windows-Sysmon/Operational","Task":"13","RuleName":"-","SourceName":"Microsoft-Windows-Sysmon","Hostname":"WORKSTATION5","Details":"Binary Data","ProcessId":"8972","EventType":"SetValue","EventID":13,"Keywords":"0x8000000000000000","TargetObject":"HKLM\\System\\CurrentControlSet\\Services\\bam\\State\\UserSettings\\S-1-5-21-3940915590-64593676-1414006259-500\\\\Device\\HarddiskVolume2\\Windows\\System32\\notepad.exe","Message":"Registry value set:\r\nRuleName: -\r\nEventType: SetValue\r\nUtcTime: 2020-10-23 07:12:04.428\r\nProcessGuid: {39e4a257-8244-5f92-c117-000000000700}\r\nProcessId: 8972\r\nImage: C:\\Users\\wardog\\Desktop\\PurpleSharp.exe\r\nTargetObject: HKLM\\System\\CurrentControlSet\\Services\\bam\\State\\UserSettings\\S-1-5-21-3940915590-64593676-1414006259-500\\\\Device\\HarddiskVolume2\\Windows\\System32\\notepad.exe\r\nDetails: Binary Data"}
{"Keywords":"0x8000000000000000","Task":"1","Description":"Notepad","CommandLine":"\"C:\\Windows\\system32\\notepad.exe\"","TimeCreated":"2020-10-23T03:12:04.445Z","Product":"Microsoft Windows Operating System","Company":"Microsoft Corporation","OriginalFileName":"NOTEPAD.EXE","User":"WORKSTATION5\\wardog","ParentProcessId":"8972","SourceName":"Microsoft-Windows-Sysmon","IntegrityLevel":"High","ProcessGuid":"{39e4a257-8244-5f92-c217-000000000700}","CurrentDirectory":"C:\\Users\\wardog\\Desktop\\","Hashes":"SHA1=C401CD335BA6A3BDAF8799FDC09CDC0721F06015,MD5=06E6C0482562459ADB462CA9008262F8,SHA256=E5D90BEEB6F13F4613C3153DABBD1466F4A062B7252D931F37210907A7F914F7,IMPHASH=E2D17AC7541817AA681AE8FF7734AD89","UtcTime":"2020-10-23 07:12:04.441","ParentCommandLine":"PurpleSharp.exe  /t T1055.002","TerminalSessionId":"2","ProcessId":"9908","ParentImage":"C:\\Users\\wardog\\Desktop\\PurpleSharp.exe","FileVersion":"10.0.18362.693 (WinBuild.160101.0800)","ParentProcessGuid":"{39e4a257-8244-5f92-c117-000000000700}","@timestamp":"2020-10-23T03:12:04.445Z","LogonGuid":"{39e4a257-f1ac-5f8b-d961-0c0000000000}","Image":"C:\\Windows\\System32\\notepad.exe","Hostname":"WORKSTATION5","LogonId":"0xc61d9","Level":"4","EventID":1,"ProviderGuid":"{5770385f-c22a-43e0-bf4c-06f5698ffbd9}","RuleName":"-","Message":"Process Create:\r\nRuleName: -\r\nUtcTime: 2020-10-23 07:12:04.441\r\nProcessGuid: {39e4a257-8244-5f92-c217-000000000700}\r\nProcessId: 9908\r\nImage: C:\\Windows\\System32\\notepad.exe\r\nFileVersion: 10.0.18362.693 (WinBuild.160101.0800)\r\nDescription: Notepad\r\nProduct: Microsoft Windows Operating System\r\nCompany: Microsoft Corporation\r\nOriginalFileName: NOTEPAD.EXE\r\nCommandLine: \"C:\\Windows\\system32\\notepad.exe\"\r\nCurrentDirectory: C:\\Users\\wardog\\Desktop\\\r\nUser: WORKSTATION5\\wardog\r\nLogonGuid: {39e4a257-f1ac-5f8b-d961-0c0000000000}\r\nLogonId: 0xC61D9\r\nTerminalSessionId: 2\r\nIntegrityLevel: High\r\nHashes: SHA1=C401CD335BA6A3BDAF8799FDC09CDC0721F06015,MD5=06E6C0482562459ADB462CA9008262F8,SHA256=E5D90BEEB6F13F4613C3153DABBD1466F4A062B7252D931F37210907A7F914F7,IMPHASH=E2D17AC7541817AA681AE8FF7734AD89\r\nParentProcessGuid: {39e4a257-8244-5f92-c117-000000000700}\r\nParentProcessId: 8972\r\nParentImage: C:\\Users\\wardog\\Desktop\\PurpleSharp.exe\r\nParentCommandLine: PurpleSharp.exe  /t T1055.002","Channel":"Microsoft-Windows-Sysmon/Operational"}
{"GrantedAccess":"0x1fffff","@timestamp":"2020-10-23T03:12:04.445Z","TimeCreated":"2020-10-23T03:12:04.445Z","SourceThreadId":"3616","SourceImage":"C:\\Users\\wardog\\Desktop\\PurpleSharp.exe","ProviderGuid":"{5770385f-c22a-43e0-bf4c-06f5698ffbd9}","CallTrace":"C:\\windows\\SYSTEM32\\ntdll.dll+9d934|C:\\windows\\System32\\KERNELBASE.dll+59e1a|C:\\windows\\System32\\KERNELBASE.dll+567b6|C:\\windows\\System32\\KERNEL32.dll+1bee3|C:\\windows\\assembly\\NativeImages_v4.0.30319_64\\System\\11b8b7ed51c47042b76fe5b32dfd449f\\System.ni.dll+384236|C:\\windows\\assembly\\NativeImages_v4.0.30319_64\\System\\11b8b7ed51c47042b76fe5b32dfd449f\\System.ni.dll+2c4809|C:\\windows\\assembly\\NativeImages_v4.0.30319_64\\System\\11b8b7ed51c47042b76fe5b32dfd449f\\System.ni.dll+2c4179|UNKNOWN(00007FFB225F49BC)","UtcTime":"2020-10-23 07:12:04.444","TargetProcessGUID":"{39e4a257-8244-5f92-c217-000000000700}","SourceProcessId":"8972","Level":"4","Channel":"Microsoft-Windows-Sysmon/Operational","Task":"10","RuleName":"-","SourceName":"Microsoft-Windows-Sysmon","Hostname":"WORKSTATION5","SourceProcessGUID":"{39e4a257-8244-5f92-c117-000000000700}","TargetProcessId":"9908","EventID":10,"Keywords":"0x8000000000000000","TargetImage":"C:\\Windows\\system32\\notepad.exe","Message":"Process accessed:\r\nRuleName: -\r\nUtcTime: 2020-10-23 07:12:04.444\r\nSourceProcessGUID: {39e4a257-8244-5f92-c117-000000000700}\r\nSourceProcessId: 8972\r\nSourceThreadId: 3616\r\nSourceImage: C:\\Users\\wardog\\Desktop\\PurpleSharp.exe\r\nTargetProcessGUID: {39e4a257-8244-5f92-c217-000000000700}\r\nTargetProcessId: 9908\r\nTargetImage: C:\\Windows\\system32\\notepad.exe\r\nGrantedAccess: 0x1FFFFF\r\nCallTrace: C:\\windows\\SYSTEM32\\ntdll.dll+9d934|C:\\windows\\System32\\KERNELBASE.dll+59e1a|C:\\windows\\System32\\KERNELBASE.dll+567b6|C:\\windows\\System32\\KERNEL32.dll+1bee3|C:\\windows\\assembly\\NativeImages_v4.0.30319_64\\System\\11b8b7ed51c47042b76fe5b32dfd449f\\System.ni.dll+384236|C:\\windows\\assembly\\NativeImages_v4.0.30319_64\\System\\11b8b7ed51c47042b76fe5b32dfd449f\\System.ni.dll+2c4809|C:\\windows\\assembly\\NativeImages_v4.0.30319_64\\System\\11b8b7ed51c47042b76fe5b32dfd449f\\System.ni.dll+2c4179|UNKNOWN(00007FFB225F49BC)"}
{"GrantedAccess":"0x1fffff","@timestamp":"2020-10-23T03:12:04.445Z","TimeCreated":"2020-10-23T03:12:04.445Z","SourceThreadId":"5688","SourceImage":"C:\\windows\\system32\\csrss.exe","ProviderGuid":"{5770385f-c22a-43e0-bf4c-06f5698ffbd9}","CallTrace":"C:\\windows\\SYSTEM32\\ntdll.dll+9c584|C:\\windows\\system32\\basesrv.DLL+2fba|C:\\windows\\SYSTEM32\\CSRSRV.dll+5af4|C:\\windows\\SYSTEM32\\ntdll.dll+6ceaf","UtcTime":"2020-10-23 07:12:04.444","TargetProcessGUID":"{39e4a257-8244-5f92-c217-000000000700}","SourceProcessId":"5672","Level":"4","Channel":"Microsoft-Windows-Sysmon/Operational","Task":"10","RuleName":"-","SourceName":"Microsoft-Windows-Sysmon","Hostname":"WORKSTATION5","SourceProcessGUID":"{39e4a257-f1a8-5f8b-8d00-000000000700}","TargetProcessId":"9908","EventID":10,"Keywords":"0x8000000000000000","TargetImage":"C:\\Windows\\system32\\notepad.exe","Message":"Process accessed:\r\nRuleName: -\r\nUtcTime: 2020-10-23 07:12:04.444\r\nSourceProcessGUID: {39e4a257-f1a8-5f8b-8d00-000000000700}\r\nSourceProcessId: 5672\r\nSourceThreadId: 5688\r\nSourceImage: C:\\windows\\system32\\csrss.exe\r\nTargetProcessGUID: {39e4a257-8244-5f92-c217-000000000700}\r\nTargetProcessId: 9908\r\nTargetImage: C:\\Windows\\system32\\notepad.exe\r\nGrantedAccess: 0x1FFFFF\r\nCallTrace: C:\\windows\\SYSTEM32\\ntdll.dll+9c584|C:\\windows\\system32\\basesrv.DLL+2fba|C:\\windows\\SYSTEM32\\CSRSRV.dll+5af4|C:\\windows\\SYSTEM32\\ntdll.dll+6ceaf"}
{"@timestamp":"2020-10-23T03:12:04.446Z","TimeCreated":"2020-10-23T03:12:04.446Z","Hashes":"SHA1=2006BDF15EAED226CE4FDB5337F7C121C311A0AE,MD5=3051E3AB25FBF0401FCA1A4CF63B2507,SHA256=B9FE6B85C174DB6BCAF0DA9961B9247FC79F0757DB3401AA3184E80BE339CB75,IMPHASH=00000000000000000000000000000000","Signature":"Microsoft Windows","ProviderGuid":"{5770385f-c22a-43e0-bf4c-06f5698ffbd9}","Company":"Microsoft Corporation","UtcTime":"2020-10-23 07:12:04.444","ProcessGuid":"{39e4a257-8244-5f92-c217-000000000700}","Image":"C:\\Windows\\System32\\notepad.exe","ImageLoaded":"C:\\Windows\\System32\\ntdll.dll","Level":"4","Channel":"Microsoft-Windows-Sysmon/Operational","Task":"7","RuleName":"-","FileVersion":"10.0.18362.1139 (WinBuild.160101.0800)","SourceName":"Microsoft-Windows-Sysmon","Hostname":"WORKSTATION5","ProcessId":"9908","Description":"NT Layer DLL","SignatureStatus":"Valid","Product":"Microsoft Windows Operating System","EventID":7,"Keywords":"0x8000000000000000","Signed":"true","OriginalFileName":"ntdll.dll","Message":"Image loaded:\r\nRuleName: -\r\nUtcTime: 2020-10-23 07:12:04.444\r\nProcessGuid: {39e4a257-8244-5f92-c217-000000000700}\r\nProcessId: 9908\r\nImage: C:\\Windows\\System32\\notepad.exe\r\nImageLoaded: C:\\Windows\\System32\\ntdll.dll\r\nFileVersion: 10.0.18362.1139 (WinBuild.160101.0800)\r\nDescription: NT Layer DLL\r\nProduct: Microsoft Windows Operating System\r\nCompany: Microsoft Corporation\r\nOriginalFileName: ntdll.dll\r\nHashes: SHA1=2006BDF15EAED226CE4FDB5337F7C121C311A0AE,MD5=3051E3AB25FBF0401FCA1A4CF63B2507,SHA256=B9FE6B85C174DB6BCAF0DA9961B9247FC79F0757DB3401AA3184E80BE339CB75,IMPHASH=00000000000000000000000000000000\r\nSigned: true\r\nSignature: Microsoft Windows\r\nSignatureStatus: Valid"}
{"@timestamp":"2020-10-23T03:12:04.450Z","TimeCreated":"2020-10-23T03:12:04.450Z","ProviderGuid":"{5770385f-c22a-43e0-bf4c-06f5698ffbd9}","Device":"\\Device\\HarddiskVolume1","UtcTime":"2020-10-23 07:12:04.444","ProcessGuid":"{39e4a257-f121-5f8b-0100-000000000700}","Image":"System","Level":"4","Channel":"Microsoft-Windows-Sysmon/Operational","Task":"9","RuleName":"-","SourceName":"Microsoft-Windows-Sysmon","Hostname":"WORKSTATION5","ProcessId":"4","EventID":9,"Keywords":"0x8000000000000000","Message":"RawAccessRead detected:\r\nRuleName: -\r\nUtcTime: 2020-10-23 07:12:04.444\r\nProcessGuid: {39e4a257-f121-5f8b-0100-000000000700}\r\nProcessId: 4\r\nImage: System\r\nDevice: \\Device\\HarddiskVolume1"}
{"@timestamp":"2020-10-23T03:12:04.450Z","TimeCreated":"2020-10-23T03:12:04.450Z","ProviderGuid":"{5770385f-c22a-43e0-bf4c-06f5698ffbd9}","Device":"\\Device\\HarddiskVolume3","UtcTime":"2020-10-23 07:12:04.444","ProcessGuid":"{39e4a257-f121-5f8b-0100-000000000700}","Image":"System","Level":"4","Channel":"Microsoft-Windows-Sysmon/Operational","Task":"9","RuleName":"-","SourceName":"Microsoft-Windows-Sysmon","Hostname":"WORKSTATION5","ProcessId":"4","EventID":9,"Keywords":"0x8000000000000000","Message":"RawAccessRead detected:\r\nRuleName: -\r\nUtcTime: 2020-10-23 07:12:04.444\r\nProcessGuid: {39e4a257-f121-5f8b-0100-000000000700}\r\nProcessId: 4\r\nImage: System\r\nDevice: \\Device\\HarddiskVolume3"}
{"@timestamp":"2020-10-23T03:12:04.450Z","TimeCreated":"2020-10-23T03:12:04.450Z","ProviderGuid":"{5770385f-c22a-43e0-bf4c-06f5698ffbd9}","Device":"\\Device\\HarddiskVolume2","UtcTime":"2020-10-23 07:12:04.444","ProcessGuid":"{39e4a257-f121-5f8b-0100-000000000700}","Image":"System","Level":"4","Channel":"Microsoft-Windows-Sysmon/Operational","Task":"9","RuleName":"-","SourceName":"Microsoft-Windows-Sysmon","Hostname":"WORKSTATION5","ProcessId":"4","EventID":9,"Keywords":"0x8000000000000000","Message":"RawAccessRead detected:\r\nRuleName: -\r\nUtcTime: 2020-10-23 07:12:04.444\r\nProcessGuid: {39e4a257-f121-5f8b-0100-000000000700}\r\nProcessId: 4\r\nImage: System\r\nDevice: \\Device\\HarddiskVolume2"}
{"@timestamp":"2020-10-23T03:12:04.457Z","TimeCreated":"2020-10-23T03:12:04.457Z","Hashes":"SHA1=C401CD335BA6A3BDAF8799FDC09CDC0721F06015,MD5=06E6C0482562459ADB462CA9008262F8,SHA256=E5D90BEEB6F13F4613C3153DABBD1466F4A062B7252D931F37210907A7F914F7,IMPHASH=E2D17AC7541817AA681AE8FF7734AD89","Signature":"Microsoft Windows","ProviderGuid":"{5770385f-c22a-43e0-bf4c-06f5698ffbd9}","Company":"Microsoft Corporation","UtcTime":"2020-10-23 07:12:04.444","ProcessGuid":"{39e4a257-8244-5f92-c217-000000000700}","Image":"C:\\Windows\\System32\\notepad.exe","ImageLoaded":"C:\\Windows\\System32\\notepad.exe","Level":"4","Channel":"Microsoft-Windows-Sysmon/Operational","Task":"7","RuleName":"-","FileVersion":"10.0.18362.693 (WinBuild.160101.0800)","SourceName":"Microsoft-Windows-Sysmon","Hostname":"WORKSTATION5","ProcessId":"9908","Description":"Notepad","SignatureStatus":"Valid","Product":"Microsoft Windows Operating System","EventID":7,"Keywords":"0x8000000000000000","Signed":"true","OriginalFileName":"NOTEPAD.EXE","Message":"Image loaded:\r\nRuleName: -\r\nUtcTime: 2020-10-23 07:12:04.444\r\nProcessGuid: {39e4a257-8244-5f92-c217-000000000700}\r\nProcessId: 9908\r\nImage: C:\\Windows\\System32\\notepad.exe\r\nImageLoaded: C:\\Windows\\System32\\notepad.exe\r\nFileVersion: 10.0.18362.693 (WinBuild.160101.0800)\r\nDescription: Notepad\r\nProduct: Microsoft Windows Operating System\r\nCompany: Microsoft Corporation\r\nOriginalFileName: NOTEPAD.EXE\r\nHashes: SHA1=C401CD335BA6A3BDAF8799FDC09CDC0721F06015,MD5=06E6C0482562459ADB462CA9008262F8,SHA256=E5D90BEEB6F13F4613C3153DABBD1466F4A062B7252D931F37210907A7F914F7,IMPHASH=E2D17AC7541817AA681AE8FF7734AD89\r\nSigned: true\r\nSignature: Microsoft Windows\r\nSignatureStatus: Valid"}
{"@timestamp":"2020-10-23T03:12:04.461Z","TimeCreated":"2020-10-23T03:12:04.461Z","Hashes":"SHA1=D207A86541CABC3190BBD5B1CC982F6D7C90051B,MD5=ED906DB51BCB4F5A68606D2683AF44A3,SHA256=DF5CE6E95294579D7D7D16C47CB3DC5C8FA1DB53CCE56091E3496309B0D87536,IMPHASH=D3645703895C4EBB8EA5B9B26816A081","Signature":"Microsoft Windows","ProviderGuid":"{5770385f-c22a-43e0-bf4c-06f5698ffbd9}","Company":"Microsoft Corporation","UtcTime":"2020-10-23 07:12:04.460","ProcessGuid":"{39e4a257-8244-5f92-c217-000000000700}","Image":"C:\\Windows\\System32\\notepad.exe","ImageLoaded":"C:\\Windows\\System32\\kernel32.dll","Level":"4","Channel":"Microsoft-Windows-Sysmon/Operational","Task":"7","RuleName":"-","FileVersion":"10.0.18362.1110 (WinBuild.160101.0800)","SourceName":"Microsoft-Windows-Sysmon","Hostname":"WORKSTATION5","ProcessId":"9908","Description":"Windows NT BASE API Client DLL","SignatureStatus":"Valid","Product":"Microsoft Windows Operating System","EventID":7,"Keywords":"0x8000000000000000","Signed":"true","OriginalFileName":"kernel32","Message":"Image loaded:\r\nRuleName: -\r\nUtcTime: 2020-10-23 07:12:04.460\r\nProcessGuid: {39e4a257-8244-5f92-c217-000000000700}\r\nProcessId: 9908\r\nImage: C:\\Windows\\System32\\notepad.exe\r\nImageLoaded: C:\\Windows\\System32\\kernel32.dll\r\nFileVersion: 10.0.18362.1110 (WinBuild.160101.0800)\r\nDescription: Windows NT BASE API Client DLL\r\nProduct: Microsoft Windows Operating System\r\nCompany: Microsoft Corporation\r\nOriginalFileName: kernel32\r\nHashes: SHA1=D207A86541CABC3190BBD5B1CC982F6D7C90051B,MD5=ED906DB51BCB4F5A68606D2683AF44A3,SHA256=DF5CE6E95294579D7D7D16C47CB3DC5C8FA1DB53CCE56091E3496309B0D87536,IMPHASH=D3645703895C4EBB8EA5B9B26816A081\r\nSigned: true\r\nSignature: Microsoft Windows\r\nSignatureStatus: Valid"}
{"GrantedAccess":"0x143a","@timestamp":"2020-10-23T03:12:04.461Z","TimeCreated":"2020-10-23T03:12:04.461Z","SourceThreadId":"3616","SourceImage":"C:\\Users\\wardog\\Desktop\\PurpleSharp.exe","ProviderGuid":"{5770385f-c22a-43e0-bf4c-06f5698ffbd9}","CallTrace":"C:\\windows\\SYSTEM32\\ntdll.dll+9c584|C:\\windows\\System32\\KERNELBASE.dll+305fe|UNKNOWN(00007FFB225F5678)","UtcTime":"2020-10-23 07:12:04.460","TargetProcessGUID":"{39e4a257-8244-5f92-c217-000000000700}","SourceProcessId":"8972","Level":"4","Channel":"Microsoft-Windows-Sysmon/Operational","Task":"10","RuleName":"-","SourceName":"Microsoft-Windows-Sysmon","Hostname":"WORKSTATION5","SourceProcessGUID":"{39e4a257-8244-5f92-c117-000000000700}","TargetProcessId":"9908","EventID":10,"Keywords":"0x8000000000000000","TargetImage":"C:\\Windows\\system32\\notepad.exe","Message":"Process accessed:\r\nRuleName: -\r\nUtcTime: 2020-10-23 07:12:04.460\r\nSourceProcessGUID: {39e4a257-8244-5f92-c117-000000000700}\r\nSourceProcessId: 8972\r\nSourceThreadId: 3616\r\nSourceImage: C:\\Users\\wardog\\Desktop\\PurpleSharp.exe\r\nTargetProcessGUID: {39e4a257-8244-5f92-c217-000000000700}\r\nTargetProcessId: 9908\r\nTargetImage: C:\\Windows\\system32\\notepad.exe\r\nGrantedAccess: 0x143A\r\nCallTrace: C:\\windows\\SYSTEM32\\ntdll.dll+9c584|C:\\windows\\System32\\KERNELBASE.dll+305fe|UNKNOWN(00007FFB225F5678)"}
{"@timestamp":"2020-10-23T03:12:04.462Z","TimeCreated":"2020-10-23T03:12:04.462Z","Hashes":"SHA1=48B3741C6497B40F71868EFAAA9EB7A224CB8060,MD5=AEE6D39564EEB18A90C3160215941B46,SHA256=6733FEEA211EA651B5DF46D391825D7861126546AE80A42A4C1E7B1ABD0E4DA5,IMPHASH=16003AF856720C35351BB8C14AD0B0A8","Signature":"Microsoft Windows","ProviderGuid":"{5770385f-c22a-43e0-bf4c-06f5698ffbd9}","Company":"Microsoft Corporation","UtcTime":"2020-10-23 07:12:04.460","ProcessGuid":"{39e4a257-8244-5f92-c217-000000000700}","Image":"C:\\Windows\\System32\\notepad.exe","ImageLoaded":"C:\\Windows\\System32\\KernelBase.dll","Level":"4","Channel":"Microsoft-Windows-Sysmon/Operational","Task":"7","RuleName":"-","FileVersion":"10.0.18362.1139 (WinBuild.160101.0800)","SourceName":"Microsoft-Windows-Sysmon","Hostname":"WORKSTATION5","ProcessId":"9908","Description":"Windows NT BASE API Client DLL","SignatureStatus":"Valid","Product":"Microsoft Windows Operating System","EventID":7,"Keywords":"0x8000000000000000","Signed":"true","OriginalFileName":"Kernelbase.dll","Message":"Image loaded:\r\nRuleName: -\r\nUtcTime: 2020-10-23 07:12:04.460\r\nProcessGuid: {39e4a257-8244-5f92-c217-000000000700}\r\nProcessId: 9908\r\nImage: C:\\Windows\\System32\\notepad.exe\r\nImageLoaded: C:\\Windows\\System32\\KernelBase.dll\r\nFileVersion: 10.0.18362.1139 (WinBuild.160101.0800)\r\nDescription: Windows NT BASE API Client DLL\r\nProduct: Microsoft Windows Operating System\r\nCompany: Microsoft Corporation\r\nOriginalFileName: Kernelbase.dll\r\nHashes: SHA1=48B3741C6497B40F71868EFAAA9EB7A224CB8060,MD5=AEE6D39564EEB18A90C3160215941B46,SHA256=6733FEEA211EA651B5DF46D391825D7861126546AE80A42A4C1E7B1ABD0E4DA5,IMPHASH=16003AF856720C35351BB8C14AD0B0A8\r\nSigned: true\r\nSignature: Microsoft Windows\r\nSignatureStatus: Valid"}
{"@timestamp":"2020-10-23T03:12:04.465Z","TimeCreated":"2020-10-23T03:12:04.465Z","Hashes":"SHA1=9E91D74D5B9BF64A3D4BE8C5EA3594F5DA2BC299,MD5=2839609118F48DEA292084E43FAA72D8,SHA256=4FC9460147D5A3AA1F9498863CF10BB7BE6099BEF1A3D55503164CA51E36E27E,IMPHASH=C5F30E6A06AB646153863B68366FE58A","Signature":"Microsoft Windows","ProviderGuid":"{5770385f-c22a-43e0-bf4c-06f5698ffbd9}","Company":"Microsoft Corporation","UtcTime":"2020-10-23 07:12:04.460","ProcessGuid":"{39e4a257-8244-5f92-c217-000000000700}","Image":"C:\\Windows\\System32\\notepad.exe","ImageLoaded":"C:\\Windows\\System32\\gdi32.dll","Level":"4","Channel":"Microsoft-Windows-Sysmon/Operational","Task":"7","RuleName":"-","FileVersion":"10.0.18362.1 (WinBuild.160101.0800)","SourceName":"Microsoft-Windows-Sysmon","Hostname":"WORKSTATION5","ProcessId":"9908","Description":"GDI Client DLL","SignatureStatus":"Valid","Product":"Microsoft Windows Operating System","EventID":7,"Keywords":"0x8000000000000000","Signed":"true","OriginalFileName":"gdi32","Message":"Image loaded:\r\nRuleName: -\r\nUtcTime: 2020-10-23 07:12:04.460\r\nProcessGuid: {39e4a257-8244-5f92-c217-000000000700}\r\nProcessId: 9908\r\nImage: C:\\Windows\\System32\\notepad.exe\r\nImageLoaded: C:\\Windows\\System32\\gdi32.dll\r\nFileVersion: 10.0.18362.1 (WinBuild.160101.0800)\r\nDescription: GDI Client DLL\r\nProduct: Microsoft Windows Operating System\r\nCompany: Microsoft Corporation\r\nOriginalFileName: gdi32\r\nHashes: SHA1=9E91D74D5B9BF64A3D4BE8C5EA3594F5DA2BC299,MD5=2839609118F48DEA292084E43FAA72D8,SHA256=4FC9460147D5A3AA1F9498863CF10BB7BE6099BEF1A3D55503164CA51E36E27E,IMPHASH=C5F30E6A06AB646153863B68366FE58A\r\nSigned: true\r\nSignature: Microsoft Windows\r\nSignatureStatus: Valid"}
{"@timestamp":"2020-10-23T03:12:04.466Z","TimeCreated":"2020-10-23T03:12:04.466Z","Hashes":"SHA1=09CAA4704CC828100AA4BDB1366B5156CD1A63E4,MD5=BE23D5C90313AACEC36448136408D336,SHA256=20EE5EE473456C0853CC7B64FA9BCDBFB3C00B0848B3CFE141535C10AC944478,IMPHASH=00000000000000000000000000000000","Signature":"Microsoft Windows","ProviderGuid":"{5770385f-c22a-43e0-bf4c-06f5698ffbd9}","Company":"Microsoft Corporation","UtcTime":"2020-10-23 07:12:04.460","ProcessGuid":"{39e4a257-8244-5f92-c217-000000000700}","Image":"C:\\Windows\\System32\\notepad.exe","ImageLoaded":"C:\\Windows\\System32\\win32u.dll","Level":"4","Channel":"Microsoft-Windows-Sysmon/Operational","Task":"7","RuleName":"-","FileVersion":"10.0.18362.1139 (WinBuild.160101.0800)","SourceName":"Microsoft-Windows-Sysmon","Hostname":"WORKSTATION5","ProcessId":"9908","Description":"Win32u","SignatureStatus":"Valid","Product":"Microsoft Windows Operating System","EventID":7,"Keywords":"0x8000000000000000","Signed":"true","OriginalFileName":"Win32u.DLL","Message":"Image loaded:\r\nRuleName: -\r\nUtcTime: 2020-10-23 07:12:04.460\r\nProcessGuid: {39e4a257-8244-5f92-c217-000000000700}\r\nProcessId: 9908\r\nImage: C:\\Windows\\System32\\notepad.exe\r\nImageLoaded: C:\\Windows\\System32\\win32u.dll\r\nFileVersion: 10.0.18362.1139 (WinBuild.160101.0800)\r\nDescription: Win32u\r\nProduct: Microsoft Windows Operating System\r\nCompany: Microsoft Corporation\r\nOriginalFileName: Win32u.DLL\r\nHashes: SHA1=09CAA4704CC828100AA4BDB1366B5156CD1A63E4,MD5=BE23D5C90313AACEC36448136408D336,SHA256=20EE5EE473456C0853CC7B64FA9BCDBFB3C00B0848B3CFE141535C10AC944478,IMPHASH=00000000000000000000000000000000\r\nSigned: true\r\nSignature: Microsoft Windows\r\nSignatureStatus: Valid"}
{"@timestamp":"2020-10-23T03:12:04.466Z","TimeCreated":"2020-10-23T03:12:04.466Z","Hashes":"SHA1=F9E2F12438029B6CC54E25DC77E0CDAF4E2F60E6,MD5=EF7E6E4AA8B9EB0B9C2915F6C8F0C71A,SHA256=0428CCE46E90E781510B784E97DC514D4F0564B31591526CDABD40654D4A8F79,IMPHASH=4D32F6E2211CD04CA28C2CD4FAC607E8","Signature":"Microsoft Windows","ProviderGuid":"{5770385f-c22a-43e0-bf4c-06f5698ffbd9}","Company":"Microsoft Corporation","UtcTime":"2020-10-23 07:12:04.460","ProcessGuid":"{39e4a257-8244-5f92-c217-000000000700}","Image":"C:\\Windows\\System32\\notepad.exe","ImageLoaded":"C:\\Windows\\System32\\gdi32full.dll","Level":"4","Channel":"Microsoft-Windows-Sysmon/Operational","Task":"7","RuleName":"-","FileVersion":"10.0.18362.1139 (WinBuild.160101.0800)","SourceName":"Microsoft-Windows-Sysmon","Hostname":"WORKSTATION5","ProcessId":"9908","Description":"GDI Client DLL","SignatureStatus":"Valid","Product":"Microsoft Windows Operating System","EventID":7,"Keywords":"0x8000000000000000","Signed":"true","OriginalFileName":"gdi32","Message":"Image loaded:\r\nRuleName: -\r\nUtcTime: 2020-10-23 07:12:04.460\r\nProcessGuid: {39e4a257-8244-5f92-c217-000000000700}\r\nProcessId: 9908\r\nImage: C:\\Windows\\System32\\notepad.exe\r\nImageLoaded: C:\\Windows\\System32\\gdi32full.dll\r\nFileVersion: 10.0.18362.1139 (WinBuild.160101.0800)\r\nDescription: GDI Client DLL\r\nProduct: Microsoft Windows Operating System\r\nCompany: Microsoft Corporation\r\nOriginalFileName: gdi32\r\nHashes: SHA1=F9E2F12438029B6CC54E25DC77E0CDAF4E2F60E6,MD5=EF7E6E4AA8B9EB0B9C2915F6C8F0C71A,SHA256=0428CCE46E90E781510B784E97DC514D4F0564B31591526CDABD40654D4A8F79,IMPHASH=4D32F6E2211CD04CA28C2CD4FAC607E8\r\nSigned: true\r\nSignature: Microsoft Windows\r\nSignatureStatus: Valid"}
