{"@timestamp":"2020-10-23T03:12:04.816Z","TimeCreated":"2020-10-23T03:12:04.816Z","SubjectLogonId":"0xc61d9","SubjectDomainName":"WORKSTATION5","ProviderGuid":"{54849625-5478-4994-a5ba-3e3b0328c30d}","ObjectServer":"Security","HandleId":"0x3f4","SubjectUserSid":"S-1-5-21-3940915590-64593676-1414006259-500","Level":"0","Channel":"Security","Task":"12801","SourceName":"Microsoft-Windows-Security-Auditing","Hostname":"WORKSTATION5","ProcessName":"C:\\Windows\\System32\\notepad.exe","ProcessId":"0x26b4","EventID":4658,"Keywords":"0x8020000000000000","SubjectUserName":"wardog","Message":"The handle to an object was closed.\r\n\r\nSubject :\r\n\tSecurity ID:\t\tS-1-5-21-3940915590-64593676-1414006259-500\r\n\tAccount Name:\t\twardog\r\n\tAccount Domain:\t\tWORKSTATION5\r\n\tLogon ID:\t\t0xC61D9\r\n\r\nObject:\r\n\tObject Server:\t\tSecurity\r\n\tHandle ID:\t\t0x3f4\r\n\r\nProcess Information:\r\n\tProcess ID:\t\t0x26b4\r\n\tProcess Name:\t\tC:\\Windows\\System32\\notepad.exe"}
{"@timestamp":"2020-10-23T03:12:04.819Z","TimeCreated":"2020-10-23T03:12:04.819Z","SubjectLogonId":"0xc61d9","SubjectDomainName":"WORKSTATION5","ProviderGuid":"{54849625-5478-4994-a5ba-3e3b0328c30d}","SubjectUserSid":"S-1-5-21-3940915590-64593676-1414006259-500","SourceHandleId":"0x404","Level":"0","Channel":"Security","Task":"12807","TargetHandleId":"0x47a4","SourceName":"Microsoft-Windows-Security-Auditing","Hostname":"WORKSTATION5","SourceProcessId":"0x26b4","EventID":4690,"Keywords":"0x8020000000000000","TargetProcessId":"0x4","SubjectUserName":"wardog","Message":"An attempt was made to duplicate a handle to an object.\r\n\r\nSubject:\r\n\tSecurity ID:\t\tS-1-5-21-3940915590-64593676-1414006259-500\r\n\tAccount Name:\t\twardog\r\n\tAccount Domain:\t\tWORKSTATION5\r\n\tLogon ID:\t\t0xC61D9\r\n\r\nSource Handle Information:\r\n\tSource Handle ID:\t0x404\r\n\tSource Process ID:\t0x26b4\r\n\r\nNew Handle Information:\r\n\tTarget Handle ID:\t0x47a4\r\n\tTarget Process ID:\t0x4"}
{"@timestamp":"2020-10-23T03:12:04.819Z","TimeCreated":"2020-10-23T03:12:04.819Z","SubjectLogonId":"0xc61d9","SubjectDomainName":"WORKSTATION5","ProviderGuid":"{54849625-5478-4994-a5ba-3e3b0328c30d}","ObjectServer":"Security","HandleId":"0x47a4","SubjectUserSid":"S-1-5-21-3940915590-64593676-1414006259-500","Level":"0","Channel":"Security","Task":"12801","SourceName":"Microsoft-Windows-Security-Auditing","Hostname":"WORKSTATION5","ProcessName":"C:\\Windows\\System32\\notepad.exe","ProcessId":"0x26b4","EventID":4658,"Keywords":"0x8020000000000000","SubjectUserName":"wardog","Message":"The handle to an object was closed.\r\n\r\nSubject :\r\n\tSecurity ID:\t\tS-1-5-21-3940915590-64593676-1414006259-500\r\n\tAccount Name:\t\twardog\r\n\tAccount Domain:\t\tWORKSTATION5\r\n\tLogon ID:\t\t0xC61D9\r\n\r\nObject:\r\n\tObject Server:\t\tSecurity\r\n\tHandle ID:\t\t0x47a4\r\n\r\nProcess Information:\r\n\tProcess ID:\t\t0x26b4\r\n\tProcess Name:\t\tC:\\Windows\\System32\\notepad.exe"}
{"Keywords":"0x8020000000000000","Task":"12801","ObjectServer":"Security","TimeCreated":"2020-10-23T03:12:04.819Z","RestrictedSidCount":"0","SubjectUserSid":"S-1-5-21-3940915590-64593676-1414006259-500","ObjectName":"\\REGISTRY\\MACHINE\\SOFTWARE\\Microsoft\\.NETFramework","SubjectLogonId":"0xc61d9","ResourceAttributes":"-","PrivilegeList":"-","TransactionId":"{00000000-0000-0000-0000-000000000000}","AccessMask":"0x20019","SourceName":"Microsoft-Windows-Security-Auditing","SubjectDomainName":"WORKSTATION5","ObjectType":"Key","ProcessName":"C:\\Windows\\System32\\notepad.exe","AccessReason":"-","ProcessId":"0x26b4","SubjectUserName":"wardog","AccessList":"%%1538\n\t\t\t\t%%4432\n\t\t\t\t%%4435\n\t\t\t\t%%4436\n\t\t\t\t","@timestamp":"2020-10-23T03:12:04.819Z","HandleId":"0x404","Hostname":"WORKSTATION5","Channel":"Security","Level":"0","EventID":4656,"ProviderGuid":"{54849625-5478-4994-a5ba-3e3b0328c30d}","Message":"A handle to an object was requested.\r\n\r\nSubject:\r\n\tSecurity ID:\t\tS-1-5-21-3940915590-64593676-1414006259-500\r\n\tAccount Name:\t\twardog\r\n\tAccount Domain:\t\tWORKSTATION5\r\n\tLogon ID:\t\t0xC61D9\r\n\r\nObject:\r\n\tObject Server:\t\tSecurity\r\n\tObject Type:\t\tKey\r\n\tObject Name:\t\t\\REGISTRY\\MACHINE\\SOFTWARE\\Microsoft\\.NETFramework\r\n\tHandle ID:\t\t0x404\r\n\tResource Attributes:\t-\r\n\r\nProcess Information:\r\n\tProcess ID:\t\t0x26b4\r\n\tProcess Name:\t\tC:\\Windows\\System32\\notepad.exe\r\n\r\nAccess Request Information:\r\n\tTransaction ID:\t\t{00000000-0000-0000-0000-000000000000}\r\n\tAccesses:\t\tREAD_CONTROL\r\n\t\t\t\tQuery key value\r\n\t\t\t\tEnumerate sub-keys\r\n\t\t\t\tNotify about changes to keys\r\n\t\t\t\t\r\n\tAccess Reasons:\t\t-\r\n\tAccess Mask:\t\t0x20019\r\n\tPrivileges Used for Access Check:\t-\r\n\tRestricted SID Count:\t0"}
{"@timestamp":"2020-10-23T03:12:04.819Z","TimeCreated":"2020-10-23T03:12:04.819Z","SubjectLogonId":"0xc61d9","SubjectDomainName":"WORKSTATION5","ProviderGuid":"{54849625-5478-4994-a5ba-3e3b0328c30d}","ObjectServer":"Security","HandleId":"0x404","SubjectUserSid":"S-1-5-21-3940915590-64593676-1414006259-500","Level":"0","Channel":"Security","Task":"12801","SourceName":"Microsoft-Windows-Security-Auditing","Hostname":"WORKSTATION5","ProcessName":"C:\\Windows\\System32\\notepad.exe","ProcessId":"0x26b4","EventID":4658,"Keywords":"0x8020000000000000","SubjectUserName":"wardog","Message":"The handle to an object was closed.\r\n\r\nSubject :\r\n\tSecurity ID:\t\tS-1-5-21-3940915590-64593676-1414006259-500\r\n\tAccount Name:\t\twardog\r\n\tAccount Domain:\t\tWORKSTATION5\r\n\tLogon ID:\t\t0xC61D9\r\n\r\nObject:\r\n\tObject Server:\t\tSecurity\r\n\tHandle ID:\t\t0x404\r\n\r\nProcess Information:\r\n\tProcess ID:\t\t0x26b4\r\n\tProcess Name:\t\tC:\\Windows\\System32\\notepad.exe"}
{"@timestamp":"2020-10-23T03:12:04.819Z","TimeCreated":"2020-10-23T03:12:04.819Z","SubjectLogonId":"0xc61d9","SubjectDomainName":"WORKSTATION5","ProviderGuid":"{54849625-5478-4994-a5ba-3e3b0328c30d}","SubjectUserSid":"S-1-5-21-3940915590-64593676-1414006259-500","SourceHandleId":"0x404","Level":"0","Channel":"Security","Task":"12807","TargetHandleId":"0x47a4","SourceName":"Microsoft-Windows-Security-Auditing","Hostname":"WORKSTATION5","SourceProcessId":"0x26b4","EventID":4690,"Keywords":"0x8020000000000000","TargetProcessId":"0x4","SubjectUserName":"wardog","Message":"An attempt was made to duplicate a handle to an object.\r\n\r\nSubject:\r\n\tSecurity ID:\t\tS-1-5-21-3940915590-64593676-1414006259-500\r\n\tAccount Name:\t\twardog\r\n\tAccount Domain:\t\tWORKSTATION5\r\n\tLogon ID:\t\t0xC61D9\r\n\r\nSource Handle Information:\r\n\tSource Handle ID:\t0x404\r\n\tSource Process ID:\t0x26b4\r\n\r\nNew Handle Information:\r\n\tTarget Handle ID:\t0x47a4\r\n\tTarget Process ID:\t0x4"}
{"@timestamp":"2020-10-23T03:12:04.819Z","TimeCreated":"2020-10-23T03:12:04.819Z","SubjectLogonId":"0xc61d9","SubjectDomainName":"WORKSTATION5","ProviderGuid":"{54849625-5478-4994-a5ba-3e3b0328c30d}","ObjectServer":"Security","HandleId":"0x47a4","SubjectUserSid":"S-1-5-21-3940915590-64593676-1414006259-500","Level":"0","Channel":"Security","Task":"12801","SourceName":"Microsoft-Windows-Security-Auditing","Hostname":"WORKSTATION5","ProcessName":"C:\\Windows\\System32\\notepad.exe","ProcessId":"0x26b4","EventID":4658,"Keywords":"0x8020000000000000","SubjectUserName":"wardog","Message":"The handle to an object was closed.\r\n\r\nSubject :\r\n\tSecurity ID:\t\tS-1-5-21-3940915590-64593676-1414006259-500\r\n\tAccount Name:\t\twardog\r\n\tAccount Domain:\t\tWORKSTATION5\r\n\tLogon ID:\t\t0xC61D9\r\n\r\nObject:\r\n\tObject Server:\t\tSecurity\r\n\tHandle ID:\t\t0x47a4\r\n\r\nProcess Information:\r\n\tProcess ID:\t\t0x26b4\r\n\tProcess Name:\t\tC:\\Windows\\System32\\notepad.exe"}
{"Keywords":"0x8020000000000000","Task":"12801","ObjectServer":"Security","TimeCreated":"2020-10-23T03:12:04.819Z","RestrictedSidCount":"0","SubjectUserSid":"S-1-5-21-3940915590-64593676-1414006259-500","ObjectName":"\\REGISTRY\\MACHINE\\SOFTWARE\\Microsoft\\.NETFramework","SubjectLogonId":"0xc61d9","ResourceAttributes":"-","PrivilegeList":"-","TransactionId":"{00000000-0000-0000-0000-000000000000}","AccessMask":"0x20019","SourceName":"Microsoft-Windows-Security-Auditing","SubjectDomainName":"WORKSTATION5","ObjectType":"Key","ProcessName":"C:\\Windows\\System32\\notepad.exe","AccessReason":"-","ProcessId":"0x26b4","SubjectUserName":"wardog","AccessList":"%%1538\n\t\t\t\t%%4432\n\t\t\t\t%%4435\n\t\t\t\t%%4436\n\t\t\t\t","@timestamp":"2020-10-23T03:12:04.819Z","HandleId":"0x404","Hostname":"WORKSTATION5","Channel":"Security","Level":"0","EventID":4656,"ProviderGuid":"{54849625-5478-4994-a5ba-3e3b0328c30d}","Message":"A handle to an object was requested.\r\n\r\nSubject:\r\n\tSecurity ID:\t\tS-1-5-21-3940915590-64593676-1414006259-500\r\n\tAccount Name:\t\twardog\r\n\tAccount Domain:\t\tWORKSTATION5\r\n\tLogon ID:\t\t0xC61D9\r\n\r\nObject:\r\n\tObject Server:\t\tSecurity\r\n\tObject Type:\t\tKey\r\n\tObject Name:\t\t\\REGISTRY\\MACHINE\\SOFTWARE\\Microsoft\\.NETFramework\r\n\tHandle ID:\t\t0x404\r\n\tResource Attributes:\t-\r\n\r\nProcess Information:\r\n\tProcess ID:\t\t0x26b4\r\n\tProcess Name:\t\tC:\\Windows\\System32\\notepad.exe\r\n\r\nAccess Request Information:\r\n\tTransaction ID:\t\t{00000000-0000-0000-0000-000000000000}\r\n\tAccesses:\t\tREAD_CONTROL\r\n\t\t\t\tQuery key value\r\n\t\t\t\tEnumerate sub-keys\r\n\t\t\t\tNotify about changes to keys\r\n\t\t\t\t\r\n\tAccess Reasons:\t\t-\r\n\tAccess Mask:\t\t0x20019\r\n\tPrivileges Used for Access Check:\t-\r\n\tRestricted SID Count:\t0"}
{"@timestamp":"2020-10-23T03:12:04.820Z","TimeCreated":"2020-10-23T03:12:04.820Z","SubjectLogonId":"0xc61d9","SubjectDomainName":"WORKSTATION5","ProviderGuid":"{54849625-5478-4994-a5ba-3e3b0328c30d}","ProcessName":"C:\\Windows\\System32\\notepad.exe","ObjectServer":"Security","SubjectUserSid":"S-1-5-21-3940915590-64593676-1414006259-500","Level":"0","Channel":"Security","Task":"13056","Service":"-","SourceName":"Microsoft-Windows-Security-Auditing","Hostname":"WORKSTATION5","PrivilegeList":"SeCreateGlobalPrivilege","ProcessId":"0x26b4","EventID":4673,"Keywords":"0x8020000000000000","SubjectUserName":"wardog","Message":"A privileged service was called.\r\n\r\nSubject:\r\n\tSecurity ID:\t\tS-1-5-21-3940915590-64593676-1414006259-500\r\n\tAccount Name:\t\twardog\r\n\tAccount Domain:\t\tWORKSTATION5\r\n\tLogon ID:\t\t0xC61D9\r\n\r\nService:\r\n\tServer:\tSecurity\r\n\tService Name:\t-\r\n\r\nProcess:\r\n\tProcess ID:\t0x26b4\r\n\tProcess Name:\tC:\\Windows\\System32\\notepad.exe\r\n\r\nService Request Information:\r\n\tPrivileges:\t\tSeCreateGlobalPrivilege"}
{"@timestamp":"2020-10-23T03:12:04.833Z","TimeCreated":"2020-10-23T03:12:04.833Z","SubjectLogonId":"0xc61d9","SubjectDomainName":"WORKSTATION5","ProviderGuid":"{54849625-5478-4994-a5ba-3e3b0328c30d}","SubjectUserSid":"S-1-5-21-3940915590-64593676-1414006259-500","SourceHandleId":"0x528","Level":"0","Channel":"Security","Task":"12807","TargetHandleId":"0x3b10","SourceName":"Microsoft-Windows-Security-Auditing","Hostname":"WORKSTATION5","SourceProcessId":"0x26b4","EventID":4690,"Keywords":"0x8020000000000000","TargetProcessId":"0x4","SubjectUserName":"wardog","Message":"An attempt was made to duplicate a handle to an object.\r\n\r\nSubject:\r\n\tSecurity ID:\t\tS-1-5-21-3940915590-64593676-1414006259-500\r\n\tAccount Name:\t\twardog\r\n\tAccount Domain:\t\tWORKSTATION5\r\n\tLogon ID:\t\t0xC61D9\r\n\r\nSource Handle Information:\r\n\tSource Handle ID:\t0x528\r\n\tSource Process ID:\t0x26b4\r\n\r\nNew Handle Information:\r\n\tTarget Handle ID:\t0x3b10\r\n\tTarget Process ID:\t0x4"}
{"@timestamp":"2020-10-23T03:12:04.833Z","TimeCreated":"2020-10-23T03:12:04.833Z","SubjectLogonId":"0xc61d9","SubjectDomainName":"WORKSTATION5","ProviderGuid":"{54849625-5478-4994-a5ba-3e3b0328c30d}","ObjectServer":"Security","HandleId":"0x3b10","SubjectUserSid":"S-1-5-21-3940915590-64593676-1414006259-500","Level":"0","Channel":"Security","Task":"12801","SourceName":"Microsoft-Windows-Security-Auditing","Hostname":"WORKSTATION5","ProcessName":"C:\\Windows\\System32\\notepad.exe","ProcessId":"0x26b4","EventID":4658,"Keywords":"0x8020000000000000","SubjectUserName":"wardog","Message":"The handle to an object was closed.\r\n\r\nSubject :\r\n\tSecurity ID:\t\tS-1-5-21-3940915590-64593676-1414006259-500\r\n\tAccount Name:\t\twardog\r\n\tAccount Domain:\t\tWORKSTATION5\r\n\tLogon ID:\t\t0xC61D9\r\n\r\nObject:\r\n\tObject Server:\t\tSecurity\r\n\tHandle ID:\t\t0x3b10\r\n\r\nProcess Information:\r\n\tProcess ID:\t\t0x26b4\r\n\tProcess Name:\t\tC:\\Windows\\System32\\notepad.exe"}
{"Keywords":"0x8020000000000000","Task":"12801","ObjectServer":"Security","TimeCreated":"2020-10-23T03:12:04.833Z","RestrictedSidCount":"0","SubjectUserSid":"S-1-5-21-3940915590-64593676-1414006259-500","ObjectName":"\\REGISTRY\\MACHINE\\SYSTEM\\ControlSet001\\Control\\Session Manager\\Environment","SubjectLogonId":"0xc61d9","ResourceAttributes":"-","PrivilegeList":"-","TransactionId":"{00000000-0000-0000-0000-000000000000}","AccessMask":"0x20019","SourceName":"Microsoft-Windows-Security-Auditing","SubjectDomainName":"WORKSTATION5","ObjectType":"Key","ProcessName":"C:\\Windows\\System32\\notepad.exe","AccessReason":"-","ProcessId":"0x26b4","SubjectUserName":"wardog","AccessList":"%%1538\n\t\t\t\t%%4432\n\t\t\t\t%%4435\n\t\t\t\t%%4436\n\t\t\t\t","@timestamp":"2020-10-23T03:12:04.833Z","HandleId":"0x528","Hostname":"WORKSTATION5","Channel":"Security","Level":"0","EventID":4656,"ProviderGuid":"{54849625-5478-4994-a5ba-3e3b0328c30d}","Message":"A handle to an object was requested.\r\n\r\nSubject:\r\n\tSecurity ID:\t\tS-1-5-21-3940915590-64593676-1414006259-500\r\n\tAccount Name:\t\twardog\r\n\tAccount Domain:\t\tWORKSTATION5\r\n\tLogon ID:\t\t0xC61D9\r\n\r\nObject:\r\n\tObject Server:\t\tSecurity\r\n\tObject Type:\t\tKey\r\n\tObject Name:\t\t\\REGISTRY\\MACHINE\\SYSTEM\\ControlSet001\\Control\\Session Manager\\Environment\r\n\tHandle ID:\t\t0x528\r\n\tResource Attributes:\t-\r\n\r\nProcess Information:\r\n\tProcess ID:\t\t0x26b4\r\n\tProcess Name:\t\tC:\\Windows\\System32\\notepad.exe\r\n\r\nAccess Request Information:\r\n\tTransaction ID:\t\t{00000000-0000-0000-0000-000000000000}\r\n\tAccesses:\t\tREAD_CONTROL\r\n\t\t\t\tQuery key value\r\n\t\t\t\tEnumerate sub-keys\r\n\t\t\t\tNotify about changes to keys\r\n\t\t\t\t\r\n\tAccess Reasons:\t\t-\r\n\tAccess Mask:\t\t0x20019\r\n\tPrivileges Used for Access Check:\t-\r\n\tRestricted SID Count:\t0"}
{"@timestamp":"2020-10-23T03:12:04.833Z","TimeCreated":"2020-10-23T03:12:04.833Z","SubjectLogonId":"0xc61d9","ResourceAttributes":"-","SubjectDomainName":"WORKSTATION5","ProviderGuid":"{54849625-5478-4994-a5ba-3e3b0328c30d}","AccessList":"%%4432\n\t\t\t\t","ObjectServer":"Security","HandleId":"0x528","ObjectType":"Key","SubjectUserSid":"S-1-5-21-3940915590-64593676-1414006259-500","Level":"0","Channel":"Security","Task":"12801","ObjectName":"\\REGISTRY\\MACHINE\\SYSTEM\\ControlSet001\\Control\\Session Manager\\Environment","AccessMask":"0x1","SourceName":"Microsoft-Windows-Security-Auditing","Hostname":"WORKSTATION5","ProcessName":"C:\\Windows\\System32\\notepad.exe","ProcessId":"0x26b4","EventID":4663,"Keywords":"0x8020000000000000","SubjectUserName":"wardog","Message":"An attempt was made to access an object.\r\n\r\nSubject:\r\n\tSecurity ID:\t\tS-1-5-21-3940915590-64593676-1414006259-500\r\n\tAccount Name:\t\twardog\r\n\tAccount Domain:\t\tWORKSTATION5\r\n\tLogon ID:\t\t0xC61D9\r\n\r\nObject:\r\n\tObject Server:\t\tSecurity\r\n\tObject Type:\t\tKey\r\n\tObject Name:\t\t\\REGISTRY\\MACHINE\\SYSTEM\\ControlSet001\\Control\\Session Manager\\Environment\r\n\tHandle ID:\t\t0x528\r\n\tResource Attributes:\t-\r\n\r\nProcess Information:\r\n\tProcess ID:\t\t0x26b4\r\n\tProcess Name:\t\tC:\\Windows\\System32\\notepad.exe\r\n\r\nAccess Request Information:\r\n\tAccesses:\t\tQuery key value\r\n\t\t\t\t\r\n\tAccess Mask:\t\t0x1"}
{"@timestamp":"2020-10-23T03:12:04.833Z","TimeCreated":"2020-10-23T03:12:04.833Z","SubjectLogonId":"0xc61d9","SubjectDomainName":"WORKSTATION5","ProviderGuid":"{54849625-5478-4994-a5ba-3e3b0328c30d}","ObjectServer":"Security","HandleId":"0x528","SubjectUserSid":"S-1-5-21-3940915590-64593676-1414006259-500","Level":"0","Channel":"Security","Task":"12801","SourceName":"Microsoft-Windows-Security-Auditing","Hostname":"WORKSTATION5","ProcessName":"C:\\Windows\\System32\\notepad.exe","ProcessId":"0x26b4","EventID":4658,"Keywords":"0x8020000000000000","SubjectUserName":"wardog","Message":"The handle to an object was closed.\r\n\r\nSubject :\r\n\tSecurity ID:\t\tS-1-5-21-3940915590-64593676-1414006259-500\r\n\tAccount Name:\t\twardog\r\n\tAccount Domain:\t\tWORKSTATION5\r\n\tLogon ID:\t\t0xC61D9\r\n\r\nObject:\r\n\tObject Server:\t\tSecurity\r\n\tHandle ID:\t\t0x528\r\n\r\nProcess Information:\r\n\tProcess ID:\t\t0x26b4\r\n\tProcess Name:\t\tC:\\Windows\\System32\\notepad.exe"}
{"@timestamp":"2020-10-23T03:12:04.925Z","TimeCreated":"2020-10-23T03:12:04.925Z","CommandLine":"\"C:\\Windows\\System32\\ping.exe\" 127.0.0.1 -n 10 ","SubjectLogonId":"0xc61d9","NewProcessId":"0x1470","SubjectDomainName":"WORKSTATION5","ProviderGuid":"{54849625-5478-4994-a5ba-3e3b0328c30d}","TargetLogonId":"0x0","TokenElevationType":"%%1936","SubjectUserSid":"S-1-5-21-3940915590-64593676-1414006259-500","NewProcessName":"C:\\Windows\\System32\\PING.EXE","Level":"0","Channel":"Security","Task":"13312","SourceName":"Microsoft-Windows-Security-Auditing","Hostname":"WORKSTATION5","TargetDomainName":"-","ProcessId":"0x26b4","TargetUserName":"-","ParentProcessName":"C:\\Windows\\System32\\notepad.exe","TargetUserSid":"S-1-0-0","EventID":4688,"Keywords":"0x8020000000000000","SubjectUserName":"wardog","MandatoryLabel":"S-1-16-12288","Message":"A new process has been created.\r\n\r\nCreator Subject:\r\n\tSecurity ID:\t\tS-1-5-21-3940915590-64593676-1414006259-500\r\n\tAccount Name:\t\twardog\r\n\tAccount Domain:\t\tWORKSTATION5\r\n\tLogon ID:\t\t0xC61D9\r\n\r\nTarget Subject:\r\n\tSecurity ID:\t\tS-1-0-0\r\n\tAccount Name:\t\t-\r\n\tAccount Domain:\t\t-\r\n\tLogon ID:\t\t0x0\r\n\r\nProcess Information:\r\n\tNew Process ID:\t\t0x1470\r\n\tNew Process Name:\tC:\\Windows\\System32\\PING.EXE\r\n\tToken Elevation Type:\t%%1936\r\n\tMandatory Label:\t\tS-1-16-12288\r\n\tCreator Process ID:\t0x26b4\r\n\tCreator Process Name:\tC:\\Windows\\System32\\notepad.exe\r\n\tProcess Command Line:\t\"C:\\Windows\\System32\\ping.exe\" 127.0.0.1 -n 10 \r\n\r\nToken Elevation Type indicates the type of token that was assigned to the new process in accordance with User Account Control policy.\r\n\r\nType 1 is a full token with no privileges removed or groups disabled.  A full token is only used if User Account Control is disabled or if the user is the built-in Administrator account or a service account.\r\n\r\nType 2 is an elevated token with no privileges removed or groups disabled.  An elevated token is used when User Account Control is enabled and the user chooses to start the program using Run as administrator.  An elevated token is also used when an application is configured to always require administrative privilege or to always require maximum privilege, and the user is a member of the Administrators group.\r\n\r\nType 3 is a limited token with administrative privileges removed and administrative groups disabled.  The limited token is used when User Account Control is enabled, the application does not require administrative privilege, and the user does not choose to start the program using Run as administrator."}
{"@timestamp":"2020-10-23T03:12:04.934Z","TimeCreated":"2020-10-23T03:12:04.934Z","CommandLine":"\\??\\C:\\windows\\system32\\conhost.exe 0xffffffff -ForceV1","SubjectLogonId":"0xc61d9","NewProcessId":"0x25e4","SubjectDomainName":"WORKSTATION5","ProviderGuid":"{54849625-5478-4994-a5ba-3e3b0328c30d}","TargetLogonId":"0x0","TokenElevationType":"%%1936","SubjectUserSid":"S-1-5-21-3940915590-64593676-1414006259-500","NewProcessName":"C:\\Windows\\System32\\conhost.exe","Level":"0","Channel":"Security","Task":"13312","SourceName":"Microsoft-Windows-Security-Auditing","Hostname":"WORKSTATION5","TargetDomainName":"-","ProcessId":"0x1470","TargetUserName":"-","ParentProcessName":"C:\\Windows\\System32\\PING.EXE","TargetUserSid":"S-1-0-0","EventID":4688,"Keywords":"0x8020000000000000","SubjectUserName":"wardog","MandatoryLabel":"S-1-16-12288","Message":"A new process has been created.\r\n\r\nCreator Subject:\r\n\tSecurity ID:\t\tS-1-5-21-3940915590-64593676-1414006259-500\r\n\tAccount Name:\t\twardog\r\n\tAccount Domain:\t\tWORKSTATION5\r\n\tLogon ID:\t\t0xC61D9\r\n\r\nTarget Subject:\r\n\tSecurity ID:\t\tS-1-0-0\r\n\tAccount Name:\t\t-\r\n\tAccount Domain:\t\t-\r\n\tLogon ID:\t\t0x0\r\n\r\nProcess Information:\r\n\tNew Process ID:\t\t0x25e4\r\n\tNew Process Name:\tC:\\Windows\\System32\\conhost.exe\r\n\tToken Elevation Type:\t%%1936\r\n\tMandatory Label:\t\tS-1-16-12288\r\n\tCreator Process ID:\t0x1470\r\n\tCreator Process Name:\tC:\\Windows\\System32\\PING.EXE\r\n\tProcess Command Line:\t\\??\\C:\\windows\\system32\\conhost.exe 0xffffffff -ForceV1\r\n\r\nToken Elevation Type indicates the type of token that was assigned to the new process in accordance with User Account Control policy.\r\n\r\nType 1 is a full token with no privileges removed or groups disabled.  A full token is only used if User Account Control is disabled or if the user is the built-in Administrator account or a service account.\r\n\r\nType 2 is an elevated token with no privileges removed or groups disabled.  An elevated token is used when User Account Control is enabled and the user chooses to start the program using Run as administrator.  An elevated token is also used when an application is configured to always require administrative privilege or to always require maximum privilege, and the user is a member of the Administrators group.\r\n\r\nType 3 is a limited token with administrative privileges removed and administrative groups disabled.  The limited token is used when User Account Control is enabled, the application does not require administrative privilege, and the user does not choose to start the program using Run as administrator."}
{"@timestamp":"2020-10-23T03:12:04.946Z","TimeCreated":"2020-10-23T03:12:04.946Z","SubjectLogonId":"0xc61d9","SubjectDomainName":"WORKSTATION5","ProviderGuid":"{54849625-5478-4994-a5ba-3e3b0328c30d}","SubjectUserSid":"S-1-5-21-3940915590-64593676-1414006259-500","SourceHandleId":"0x84","Level":"0","Channel":"Security","Task":"12807","TargetHandleId":"0x3bcc","SourceName":"Microsoft-Windows-Security-Auditing","Hostname":"WORKSTATION5","SourceProcessId":"0x25e4","EventID":4690,"Keywords":"0x8020000000000000","TargetProcessId":"0x4","SubjectUserName":"wardog","Message":"An attempt was made to duplicate a handle to an object.\r\n\r\nSubject:\r\n\tSecurity ID:\t\tS-1-5-21-3940915590-64593676-1414006259-500\r\n\tAccount Name:\t\twardog\r\n\tAccount Domain:\t\tWORKSTATION5\r\n\tLogon ID:\t\t0xC61D9\r\n\r\nSource Handle Information:\r\n\tSource Handle ID:\t0x84\r\n\tSource Process ID:\t0x25e4\r\n\r\nNew Handle Information:\r\n\tTarget Handle ID:\t0x3bcc\r\n\tTarget Process ID:\t0x4"}
{"@timestamp":"2020-10-23T03:12:04.946Z","TimeCreated":"2020-10-23T03:12:04.946Z","SubjectLogonId":"0xc61d9","SubjectDomainName":"WORKSTATION5","ProviderGuid":"{54849625-5478-4994-a5ba-3e3b0328c30d}","ObjectServer":"Security","HandleId":"0x3bcc","SubjectUserSid":"S-1-5-21-3940915590-64593676-1414006259-500","Level":"0","Channel":"Security","Task":"12801","SourceName":"Microsoft-Windows-Security-Auditing","Hostname":"WORKSTATION5","ProcessName":"C:\\Windows\\System32\\conhost.exe","ProcessId":"0x25e4","EventID":4658,"Keywords":"0x8020000000000000","SubjectUserName":"wardog","Message":"The handle to an object was closed.\r\n\r\nSubject :\r\n\tSecurity ID:\t\tS-1-5-21-3940915590-64593676-1414006259-500\r\n\tAccount Name:\t\twardog\r\n\tAccount Domain:\t\tWORKSTATION5\r\n\tLogon ID:\t\t0xC61D9\r\n\r\nObject:\r\n\tObject Server:\t\tSecurity\r\n\tHandle ID:\t\t0x3bcc\r\n\r\nProcess Information:\r\n\tProcess ID:\t\t0x25e4\r\n\tProcess Name:\t\tC:\\Windows\\System32\\conhost.exe"}
{"Keywords":"0x8020000000000000","Task":"12801","ObjectServer":"Security","TimeCreated":"2020-10-23T03:12:04.946Z","RestrictedSidCount":"0","SubjectUserSid":"S-1-5-21-3940915590-64593676-1414006259-500","ObjectName":"\\REGISTRY\\MACHINE\\SYSTEM\\ControlSet001\\Control\\Lsa","SubjectLogonId":"0xc61d9","ResourceAttributes":"-","PrivilegeList":"-","TransactionId":"{00000000-0000-0000-0000-000000000000}","AccessMask":"0x1","SourceName":"Microsoft-Windows-Security-Auditing","SubjectDomainName":"WORKSTATION5","ObjectType":"Key","ProcessName":"C:\\Windows\\System32\\conhost.exe","AccessReason":"-","ProcessId":"0x25e4","SubjectUserName":"wardog","AccessList":"%%4432\n\t\t\t\t","@timestamp":"2020-10-23T03:12:04.946Z","HandleId":"0x84","Hostname":"WORKSTATION5","Channel":"Security","Level":"0","EventID":4656,"ProviderGuid":"{54849625-5478-4994-a5ba-3e3b0328c30d}","Message":"A handle to an object was requested.\r\n\r\nSubject:\r\n\tSecurity ID:\t\tS-1-5-21-3940915590-64593676-1414006259-500\r\n\tAccount Name:\t\twardog\r\n\tAccount Domain:\t\tWORKSTATION5\r\n\tLogon ID:\t\t0xC61D9\r\n\r\nObject:\r\n\tObject Server:\t\tSecurity\r\n\tObject Type:\t\tKey\r\n\tObject Name:\t\t\\REGISTRY\\MACHINE\\SYSTEM\\ControlSet001\\Control\\Lsa\r\n\tHandle ID:\t\t0x84\r\n\tResource Attributes:\t-\r\n\r\nProcess Information:\r\n\tProcess ID:\t\t0x25e4\r\n\tProcess Name:\t\tC:\\Windows\\System32\\conhost.exe\r\n\r\nAccess Request Information:\r\n\tTransaction ID:\t\t{00000000-0000-0000-0000-000000000000}\r\n\tAccesses:\t\tQuery key value\r\n\t\t\t\t\r\n\tAccess Reasons:\t\t-\r\n\tAccess Mask:\t\t0x1\r\n\tPrivileges Used for Access Check:\t-\r\n\tRestricted SID Count:\t0"}
{"@timestamp":"2020-10-23T03:12:04.946Z","TimeCreated":"2020-10-23T03:12:04.946Z","SubjectLogonId":"0xc61d9","ResourceAttributes":"-","SubjectDomainName":"WORKSTATION5","ProviderGuid":"{54849625-5478-4994-a5ba-3e3b0328c30d}","AccessList":"%%4432\n\t\t\t\t","ObjectServer":"Security","HandleId":"0x84","ObjectType":"Key","SubjectUserSid":"S-1-5-21-3940915590-64593676-1414006259-500","Level":"0","Channel":"Security","Task":"12801","ObjectName":"\\REGISTRY\\MACHINE\\SYSTEM\\ControlSet001\\Control\\Lsa","AccessMask":"0x1","SourceName":"Microsoft-Windows-Security-Auditing","Hostname":"WORKSTATION5","ProcessName":"C:\\Windows\\System32\\conhost.exe","ProcessId":"0x25e4","EventID":4663,"Keywords":"0x8020000000000000","SubjectUserName":"wardog","Message":"An attempt was made to access an object.\r\n\r\nSubject:\r\n\tSecurity ID:\t\tS-1-5-21-3940915590-64593676-1414006259-500\r\n\tAccount Name:\t\twardog\r\n\tAccount Domain:\t\tWORKSTATION5\r\n\tLogon ID:\t\t0xC61D9\r\n\r\nObject:\r\n\tObject Server:\t\tSecurity\r\n\tObject Type:\t\tKey\r\n\tObject Name:\t\t\\REGISTRY\\MACHINE\\SYSTEM\\ControlSet001\\Control\\Lsa\r\n\tHandle ID:\t\t0x84\r\n\tResource Attributes:\t-\r\n\r\nProcess Information:\r\n\tProcess ID:\t\t0x25e4\r\n\tProcess Name:\t\tC:\\Windows\\System32\\conhost.exe\r\n\r\nAccess Request Information:\r\n\tAccesses:\t\tQuery key value\r\n\t\t\t\t\r\n\tAccess Mask:\t\t0x1"}
{"@timestamp":"2020-10-23T03:12:04.947Z","TimeCreated":"2020-10-23T03:12:04.947Z","SubjectLogonId":"0xc61d9","SubjectDomainName":"WORKSTATION5","ProviderGuid":"{54849625-5478-4994-a5ba-3e3b0328c30d}","ObjectServer":"Security","HandleId":"0x84","SubjectUserSid":"S-1-5-21-3940915590-64593676-1414006259-500","Level":"0","Channel":"Security","Task":"12801","SourceName":"Microsoft-Windows-Security-Auditing","Hostname":"WORKSTATION5","ProcessName":"C:\\Windows\\System32\\conhost.exe","ProcessId":"0x25e4","EventID":4658,"Keywords":"0x8020000000000000","SubjectUserName":"wardog","Message":"The handle to an object was closed.\r\n\r\nSubject :\r\n\tSecurity ID:\t\tS-1-5-21-3940915590-64593676-1414006259-500\r\n\tAccount Name:\t\twardog\r\n\tAccount Domain:\t\tWORKSTATION5\r\n\tLogon ID:\t\t0xC61D9\r\n\r\nObject:\r\n\tObject Server:\t\tSecurity\r\n\tHandle ID:\t\t0x84\r\n\r\nProcess Information:\r\n\tProcess ID:\t\t0x25e4\r\n\tProcess Name:\t\tC:\\Windows\\System32\\conhost.exe"}
{"RemoteMachineID":"S-1-0-0","@timestamp":"2020-10-23T03:12:05.063Z","TimeCreated":"2020-10-23T03:12:05.063Z","Direction":"%%14593","DestPort":"0","ProviderGuid":"{54849625-5478-4994-a5ba-3e3b0328c30d}","RemoteUserID":"S-1-0-0","SourcePort":"8","LayerName":"%%14611","SourceAddress":"127.0.0.1","Level":"0","Channel":"Security","Task":"12810","Protocol":"1","DestAddress":"127.0.0.1","SourceName":"Microsoft-Windows-Security-Auditing","Hostname":"WORKSTATION5","ProcessID":"4","LayerRTID":"48","FilterRTID":"65890","EventID":5156,"Keywords":"0x8020000000000000","Application":"System","Message":"The Windows Filtering Platform has permitted a connection.\r\n\r\nApplication Information:\r\n\tProcess ID:\t\t4\r\n\tApplication Name:\tSystem\r\n\r\nNetwork Information:\r\n\tDirection:\t\tOutbound\r\n\tSource Address:\t\t127.0.0.1\r\n\tSource Port:\t\t8\r\n\tDestination Address:\t127.0.0.1\r\n\tDestination Port:\t\t0\r\n\tProtocol:\t\t1\r\n\r\nFilter Information:\r\n\tFilter Run-Time ID:\t65890\r\n\tLayer Name:\t\tConnect\r\n\tLayer Run-Time ID:\t48"}
{"RemoteMachineID":"S-1-0-0","@timestamp":"2020-10-23T03:12:05.063Z","TimeCreated":"2020-10-23T03:12:05.063Z","Direction":"%%14592","DestPort":"8","ProviderGuid":"{54849625-5478-4994-a5ba-3e3b0328c30d}","RemoteUserID":"S-1-0-0","SourcePort":"0","LayerName":"%%14610","SourceAddress":"127.0.0.1","Level":"0","Channel":"Security","Task":"12810","Protocol":"1","DestAddress":"127.0.0.1","SourceName":"Microsoft-Windows-Security-Auditing","Hostname":"WORKSTATION5","ProcessID":"4","LayerRTID":"44","FilterRTID":"65888","EventID":5156,"Keywords":"0x8020000000000000","Application":"System","Message":"The Windows Filtering Platform has permitted a connection.\r\n\r\nApplication Information:\r\n\tProcess ID:\t\t4\r\n\tApplication Name:\tSystem\r\n\r\nNetwork Information:\r\n\tDirection:\t\tInbound\r\n\tSource Address:\t\t127.0.0.1\r\n\tSource Port:\t\t0\r\n\tDestination Address:\t127.0.0.1\r\n\tDestination Port:\t\t8\r\n\tProtocol:\t\t1\r\n\r\nFilter Information:\r\n\tFilter Run-Time ID:\t65888\r\n\tLayer Name:\t\tReceive/Accept\r\n\tLayer Run-Time ID:\t44"}
{"@timestamp":"2020-10-23T03:12:05.468Z","TimeCreated":"2020-10-23T03:12:05.468Z","CommandLine":"\"C:\\windows\\system32\\SearchProtocolHost.exe\" Global\\UsGthrFltPipeMssGthrPipe69_ Global\\UsGthrCtrlFltPipeMssGthrPipe69 1 -2147483646 \"Software\\Microsoft\\Windows Search\" \"Mozilla/4.0 (compatible; MSIE 6.0; Windows NT; MS Search 4.0 Robot)\" \"C:\\ProgramData\\Microsoft\\Search\\Data\\Temp\\usgthrsvc\" \"DownLevelDaemon\" ","SubjectLogonId":"0x3e7","NewProcessId":"0x28cc","SubjectDomainName":"WORKGROUP","ProviderGuid":"{54849625-5478-4994-a5ba-3e3b0328c30d}","TargetLogonId":"0x0","TokenElevationType":"%%1936","SubjectUserSid":"S-1-5-18","NewProcessName":"C:\\Windows\\System32\\SearchProtocolHost.exe","Level":"0","Channel":"Security","Task":"13312","SourceName":"Microsoft-Windows-Security-Auditing","Hostname":"WORKSTATION5","TargetDomainName":"-","ProcessId":"0x19e0","TargetUserName":"-","ParentProcessName":"C:\\Windows\\System32\\SearchIndexer.exe","TargetUserSid":"S-1-0-0","EventID":4688,"Keywords":"0x8020000000000000","SubjectUserName":"WORKSTATION5$","MandatoryLabel":"S-1-16-16384","Message":"A new process has been created.\r\n\r\nCreator Subject:\r\n\tSecurity ID:\t\tS-1-5-18\r\n\tAccount Name:\t\tWORKSTATION5$\r\n\tAccount Domain:\t\tWORKGROUP\r\n\tLogon ID:\t\t0x3E7\r\n\r\nTarget Subject:\r\n\tSecurity ID:\t\tS-1-0-0\r\n\tAccount Name:\t\t-\r\n\tAccount Domain:\t\t-\r\n\tLogon ID:\t\t0x0\r\n\r\nProcess Information:\r\n\tNew Process ID:\t\t0x28cc\r\n\tNew Process Name:\tC:\\Windows\\System32\\SearchProtocolHost.exe\r\n\tToken Elevation Type:\t%%1936\r\n\tMandatory Label:\t\tS-1-16-16384\r\n\tCreator Process ID:\t0x19e0\r\n\tCreator Process Name:\tC:\\Windows\\System32\\SearchIndexer.exe\r\n\tProcess Command Line:\t\"C:\\windows\\system32\\SearchProtocolHost.exe\" Global\\UsGthrFltPipeMssGthrPipe69_ Global\\UsGthrCtrlFltPipeMssGthrPipe69 1 -2147483646 \"Software\\Microsoft\\Windows Search\" \"Mozilla/4.0 (compatible; MSIE 6.0; Windows NT; MS Search 4.0 Robot)\" \"C:\\ProgramData\\Microsoft\\Search\\Data\\Temp\\usgthrsvc\" \"DownLevelDaemon\" \r\n\r\nToken Elevation Type indicates the type of token that was assigned to the new process in accordance with User Account Control policy.\r\n\r\nType 1 is a full token with no privileges removed or groups disabled.  A full token is only used if User Account Control is disabled or if the user is the built-in Administrator account or a service account.\r\n\r\nType 2 is an elevated token with no privileges removed or groups disabled.  An elevated token is used when User Account Control is enabled and the user chooses to start the program using Run as administrator.  An elevated token is also used when an application is configured to always require administrative privilege or to always require maximum privilege, and the user is a member of the Administrators group.\r\n\r\nType 3 is a limited token with administrative privileges removed and administrative groups disabled.  The limited token is used when User Account Control is enabled, the application does not require administrative privilege, and the user does not choose to start the program using Run as administrator."}
{"@timestamp":"2020-10-23T03:12:05.490Z","TimeCreated":"2020-10-23T03:12:05.490Z","SubjectLogonId":"0x3e7","SubjectDomainName":"WORKGROUP","ProviderGuid":"{54849625-5478-4994-a5ba-3e3b0328c30d}","SubjectUserSid":"S-1-5-18","SourceHandleId":"0x80","Level":"0","Channel":"Security","Task":"12807","TargetHandleId":"0x4470","SourceName":"Microsoft-Windows-Security-Auditing","Hostname":"WORKSTATION5","SourceProcessId":"0x28cc","EventID":4690,"Keywords":"0x8020000000000000","TargetProcessId":"0x4","SubjectUserName":"WORKSTATION5$","Message":"An attempt was made to duplicate a handle to an object.\r\n\r\nSubject:\r\n\tSecurity ID:\t\tS-1-5-18\r\n\tAccount Name:\t\tWORKSTATION5$\r\n\tAccount Domain:\t\tWORKGROUP\r\n\tLogon ID:\t\t0x3E7\r\n\r\nSource Handle Information:\r\n\tSource Handle ID:\t0x80\r\n\tSource Process ID:\t0x28cc\r\n\r\nNew Handle Information:\r\n\tTarget Handle ID:\t0x4470\r\n\tTarget Process ID:\t0x4"}
{"@timestamp":"2020-10-23T03:12:05.490Z","TimeCreated":"2020-10-23T03:12:05.490Z","SubjectLogonId":"0x3e7","SubjectDomainName":"WORKGROUP","ProviderGuid":"{54849625-5478-4994-a5ba-3e3b0328c30d}","ObjectServer":"Security","HandleId":"0x4470","SubjectUserSid":"S-1-5-18","Level":"0","Channel":"Security","Task":"12801","SourceName":"Microsoft-Windows-Security-Auditing","Hostname":"WORKSTATION5","ProcessName":"C:\\Windows\\System32\\SearchProtocolHost.exe","ProcessId":"0x28cc","EventID":4658,"Keywords":"0x8020000000000000","SubjectUserName":"WORKSTATION5$","Message":"The handle to an object was closed.\r\n\r\nSubject :\r\n\tSecurity ID:\t\tS-1-5-18\r\n\tAccount Name:\t\tWORKSTATION5$\r\n\tAccount Domain:\t\tWORKGROUP\r\n\tLogon ID:\t\t0x3E7\r\n\r\nObject:\r\n\tObject Server:\t\tSecurity\r\n\tHandle ID:\t\t0x4470\r\n\r\nProcess Information:\r\n\tProcess ID:\t\t0x28cc\r\n\tProcess Name:\t\tC:\\Windows\\System32\\SearchProtocolHost.exe"}
{"Keywords":"0x8020000000000000","Task":"12801","ObjectServer":"Security","TimeCreated":"2020-10-23T03:12:05.490Z","RestrictedSidCount":"0","SubjectUserSid":"S-1-5-18","ObjectName":"\\REGISTRY\\MACHINE\\SYSTEM\\ControlSet001\\Control\\Lsa","SubjectLogonId":"0x3e7","ResourceAttributes":"-","PrivilegeList":"-","TransactionId":"{00000000-0000-0000-0000-000000000000}","AccessMask":"0x1","SourceName":"Microsoft-Windows-Security-Auditing","SubjectDomainName":"WORKGROUP","ObjectType":"Key","ProcessName":"C:\\Windows\\System32\\SearchProtocolHost.exe","AccessReason":"-","ProcessId":"0x28cc","SubjectUserName":"WORKSTATION5$","AccessList":"%%4432\n\t\t\t\t","@timestamp":"2020-10-23T03:12:05.490Z","HandleId":"0x80","Hostname":"WORKSTATION5","Channel":"Security","Level":"0","EventID":4656,"ProviderGuid":"{54849625-5478-4994-a5ba-3e3b0328c30d}","Message":"A handle to an object was requested.\r\n\r\nSubject:\r\n\tSecurity ID:\t\tS-1-5-18\r\n\tAccount Name:\t\tWORKSTATION5$\r\n\tAccount Domain:\t\tWORKGROUP\r\n\tLogon ID:\t\t0x3E7\r\n\r\nObject:\r\n\tObject Server:\t\tSecurity\r\n\tObject Type:\t\tKey\r\n\tObject Name:\t\t\\REGISTRY\\MACHINE\\SYSTEM\\ControlSet001\\Control\\Lsa\r\n\tHandle ID:\t\t0x80\r\n\tResource Attributes:\t-\r\n\r\nProcess Information:\r\n\tProcess ID:\t\t0x28cc\r\n\tProcess Name:\t\tC:\\Windows\\System32\\SearchProtocolHost.exe\r\n\r\nAccess Request Information:\r\n\tTransaction ID:\t\t{00000000-0000-0000-0000-000000000000}\r\n\tAccesses:\t\tQuery key value\r\n\t\t\t\t\r\n\tAccess Reasons:\t\t-\r\n\tAccess Mask:\t\t0x1\r\n\tPrivileges Used for Access Check:\t-\r\n\tRestricted SID Count:\t0"}
{"@timestamp":"2020-10-23T03:12:05.490Z","TimeCreated":"2020-10-23T03:12:05.490Z","SubjectLogonId":"0x3e7","ResourceAttributes":"-","SubjectDomainName":"WORKGROUP","ProviderGuid":"{54849625-5478-4994-a5ba-3e3b0328c30d}","AccessList":"%%4432\n\t\t\t\t","ObjectServer":"Security","HandleId":"0x80","ObjectType":"Key","SubjectUserSid":"S-1-5-18","Level":"0","Channel":"Security","Task":"12801","ObjectName":"\\REGISTRY\\MACHINE\\SYSTEM\\ControlSet001\\Control\\Lsa","AccessMask":"0x1","SourceName":"Microsoft-Windows-Security-Auditing","Hostname":"WORKSTATION5","ProcessName":"C:\\Windows\\System32\\SearchProtocolHost.exe","ProcessId":"0x28cc","EventID":4663,"Keywords":"0x8020000000000000","SubjectUserName":"WORKSTATION5$","Message":"An attempt was made to access an object.\r\n\r\nSubject:\r\n\tSecurity ID:\t\tS-1-5-18\r\n\tAccount Name:\t\tWORKSTATION5$\r\n\tAccount Domain:\t\tWORKGROUP\r\n\tLogon ID:\t\t0x3E7\r\n\r\nObject:\r\n\tObject Server:\t\tSecurity\r\n\tObject Type:\t\tKey\r\n\tObject Name:\t\t\\REGISTRY\\MACHINE\\SYSTEM\\ControlSet001\\Control\\Lsa\r\n\tHandle ID:\t\t0x80\r\n\tResource Attributes:\t-\r\n\r\nProcess Information:\r\n\tProcess ID:\t\t0x28cc\r\n\tProcess Name:\t\tC:\\Windows\\System32\\SearchProtocolHost.exe\r\n\r\nAccess Request Information:\r\n\tAccesses:\t\tQuery key value\r\n\t\t\t\t\r\n\tAccess Mask:\t\t0x1"}
{"@timestamp":"2020-10-23T03:12:05.490Z","TimeCreated":"2020-10-23T03:12:05.490Z","SubjectLogonId":"0x3e7","SubjectDomainName":"WORKGROUP","ProviderGuid":"{54849625-5478-4994-a5ba-3e3b0328c30d}","ObjectServer":"Security","HandleId":"0x80","SubjectUserSid":"S-1-5-18","Level":"0","Channel":"Security","Task":"12801","SourceName":"Microsoft-Windows-Security-Auditing","Hostname":"WORKSTATION5","ProcessName":"C:\\Windows\\System32\\SearchProtocolHost.exe","ProcessId":"0x28cc","EventID":4658,"Keywords":"0x8020000000000000","SubjectUserName":"WORKSTATION5$","Message":"The handle to an object was closed.\r\n\r\nSubject :\r\n\tSecurity ID:\t\tS-1-5-18\r\n\tAccount Name:\t\tWORKSTATION5$\r\n\tAccount Domain:\t\tWORKGROUP\r\n\tLogon ID:\t\t0x3E7\r\n\r\nObject:\r\n\tObject Server:\t\tSecurity\r\n\tHandle ID:\t\t0x80\r\n\r\nProcess Information:\r\n\tProcess ID:\t\t0x28cc\r\n\tProcess Name:\t\tC:\\Windows\\System32\\SearchProtocolHost.exe"}
{"@timestamp":"2020-10-23T03:12:05.515Z","TimeCreated":"2020-10-23T03:12:05.515Z","SubjectLogonId":"0x3e7","SubjectDomainName":"WORKGROUP","ProviderGuid":"{54849625-5478-4994-a5ba-3e3b0328c30d}","NewSd":"D:(A;;GA;;;SY)(A;;RC;;;OW)(A;;GA;;;S-1-5-80-117416528-2204451360-1913602512-1355018040-1234992034)(A;;GA;;;BA)(A;;SWRPRC;;;S-1-5-5-0-1068789)","ObjectServer":"Security","HandleId":"0xf34","ObjectType":"Token","SubjectUserSid":"S-1-5-18","Level":"0","Channel":"Security","Task":"13570","ObjectName":"-","SourceName":"Microsoft-Windows-Security-Auditing","Hostname":"WORKSTATION5","ProcessName":"C:\\Windows\\System32\\SearchIndexer.exe","ProcessId":"0x19e0","OldSd":"D:(A;;GA;;;SY)(A;;RC;;;OW)(A;;GA;;;S-1-5-80-117416528-2204451360-1913602512-1355018040-1234992034)(A;;GA;;;BA)","EventID":4670,"Keywords":"0x8020000000000000","SubjectUserName":"WORKSTATION5$","Message":"Permissions on an object were changed.\r\n\r\nSubject:\r\n\tSecurity ID:\t\tS-1-5-18\r\n\tAccount Name:\t\tWORKSTATION5$\r\n\tAccount Domain:\t\tWORKGROUP\r\n\tLogon ID:\t\t0x3E7\r\n\r\nObject:\r\n\tObject Server:\tSecurity\r\n\tObject Type:\tToken\r\n\tObject Name:\t-\r\n\tHandle ID:\t0xf34\r\n\r\nProcess:\r\n\tProcess ID:\t0x19e0\r\n\tProcess Name:\tC:\\Windows\\System32\\SearchIndexer.exe\r\n\r\nPermissions Change:\r\n\tOriginal Security Descriptor:\tD:(A;;GA;;;SY)(A;;RC;;;OW)(A;;GA;;;S-1-5-80-117416528-2204451360-1913602512-1355018040-1234992034)(A;;GA;;;BA)\r\n\tNew Security Descriptor:\tD:(A;;GA;;;SY)(A;;RC;;;OW)(A;;GA;;;S-1-5-80-117416528-2204451360-1913602512-1355018040-1234992034)(A;;GA;;;BA)(A;;SWRPRC;;;S-1-5-5-0-1068789)"}
{"@timestamp":"2020-10-23T03:12:05.516Z","TimeCreated":"2020-10-23T03:12:05.516Z","CommandLine":"\"C:\\windows\\system32\\SearchFilterHost.exe\" 0 768 772 780 8192 776 ","SubjectLogonId":"0x3e7","NewProcessId":"0x2258","SubjectDomainName":"WORKGROUP","ProviderGuid":"{54849625-5478-4994-a5ba-3e3b0328c30d}","TargetLogonId":"0x0","TokenElevationType":"%%1936","SubjectUserSid":"S-1-5-18","NewProcessName":"C:\\Windows\\System32\\SearchFilterHost.exe","Level":"0","Channel":"Security","Task":"13312","SourceName":"Microsoft-Windows-Security-Auditing","Hostname":"WORKSTATION5","TargetDomainName":"-","ProcessId":"0x19e0","TargetUserName":"-","ParentProcessName":"C:\\Windows\\System32\\SearchIndexer.exe","TargetUserSid":"S-1-0-0","EventID":4688,"Keywords":"0x8020000000000000","SubjectUserName":"WORKSTATION5$","MandatoryLabel":"S-1-16-8192","Message":"A new process has been created.\r\n\r\nCreator Subject:\r\n\tSecurity ID:\t\tS-1-5-18\r\n\tAccount Name:\t\tWORKSTATION5$\r\n\tAccount Domain:\t\tWORKGROUP\r\n\tLogon ID:\t\t0x3E7\r\n\r\nTarget Subject:\r\n\tSecurity ID:\t\tS-1-0-0\r\n\tAccount Name:\t\t-\r\n\tAccount Domain:\t\t-\r\n\tLogon ID:\t\t0x0\r\n\r\nProcess Information:\r\n\tNew Process ID:\t\t0x2258\r\n\tNew Process Name:\tC:\\Windows\\System32\\SearchFilterHost.exe\r\n\tToken Elevation Type:\t%%1936\r\n\tMandatory Label:\t\tS-1-16-8192\r\n\tCreator Process ID:\t0x19e0\r\n\tCreator Process Name:\tC:\\Windows\\System32\\SearchIndexer.exe\r\n\tProcess Command Line:\t\"C:\\windows\\system32\\SearchFilterHost.exe\" 0 768 772 780 8192 776 \r\n\r\nToken Elevation Type indicates the type of token that was assigned to the new process in accordance with User Account Control policy.\r\n\r\nType 1 is a full token with no privileges removed or groups disabled.  A full token is only used if User Account Control is disabled or if the user is the built-in Administrator account or a service account.\r\n\r\nType 2 is an elevated token with no privileges removed or groups disabled.  An elevated token is used when User Account Control is enabled and the user chooses to start the program using Run as administrator.  An elevated token is also used when an application is configured to always require administrative privilege or to always require maximum privilege, and the user is a member of the Administrators group.\r\n\r\nType 3 is a limited token with administrative privileges removed and administrative groups disabled.  The limited token is used when User Account Control is enabled, the application does not require administrative privilege, and the user does not choose to start the program using Run as administrator."}
{"@timestamp":"2020-10-23T03:12:05.532Z","TimeCreated":"2020-10-23T03:12:05.532Z","SubjectLogonId":"0x3e7","SubjectDomainName":"WORKGROUP","ProviderGuid":"{54849625-5478-4994-a5ba-3e3b0328c30d}","SubjectUserSid":"S-1-5-18","SourceHandleId":"0x80","Level":"0","Channel":"Security","Task":"12807","TargetHandleId":"0x1cf0","SourceName":"Microsoft-Windows-Security-Auditing","Hostname":"WORKSTATION5","SourceProcessId":"0x2258","EventID":4690,"Keywords":"0x8020000000000000","TargetProcessId":"0x4","SubjectUserName":"WORKSTATION5$","Message":"An attempt was made to duplicate a handle to an object.\r\n\r\nSubject:\r\n\tSecurity ID:\t\tS-1-5-18\r\n\tAccount Name:\t\tWORKSTATION5$\r\n\tAccount Domain:\t\tWORKGROUP\r\n\tLogon ID:\t\t0x3E7\r\n\r\nSource Handle Information:\r\n\tSource Handle ID:\t0x80\r\n\tSource Process ID:\t0x2258\r\n\r\nNew Handle Information:\r\n\tTarget Handle ID:\t0x1cf0\r\n\tTarget Process ID:\t0x4"}
{"@timestamp":"2020-10-23T03:12:05.532Z","TimeCreated":"2020-10-23T03:12:05.532Z","SubjectLogonId":"0x3e7","SubjectDomainName":"WORKGROUP","ProviderGuid":"{54849625-5478-4994-a5ba-3e3b0328c30d}","ObjectServer":"Security","HandleId":"0x1cf0","SubjectUserSid":"S-1-5-18","Level":"0","Channel":"Security","Task":"12801","SourceName":"Microsoft-Windows-Security-Auditing","Hostname":"WORKSTATION5","ProcessName":"C:\\Windows\\System32\\SearchFilterHost.exe","ProcessId":"0x2258","EventID":4658,"Keywords":"0x8020000000000000","SubjectUserName":"WORKSTATION5$","Message":"The handle to an object was closed.\r\n\r\nSubject :\r\n\tSecurity ID:\t\tS-1-5-18\r\n\tAccount Name:\t\tWORKSTATION5$\r\n\tAccount Domain:\t\tWORKGROUP\r\n\tLogon ID:\t\t0x3E7\r\n\r\nObject:\r\n\tObject Server:\t\tSecurity\r\n\tHandle ID:\t\t0x1cf0\r\n\r\nProcess Information:\r\n\tProcess ID:\t\t0x2258\r\n\tProcess Name:\t\tC:\\Windows\\System32\\SearchFilterHost.exe"}
{"Keywords":"0x8020000000000000","Task":"12801","ObjectServer":"Security","TimeCreated":"2020-10-23T03:12:05.532Z","RestrictedSidCount":"7","SubjectUserSid":"S-1-5-18","ObjectName":"\\REGISTRY\\MACHINE\\SYSTEM\\ControlSet001\\Control\\Lsa","SubjectLogonId":"0x3e7","ResourceAttributes":"-","PrivilegeList":"-","TransactionId":"{00000000-0000-0000-0000-000000000000}","AccessMask":"0x1","SourceName":"Microsoft-Windows-Security-Auditing","SubjectDomainName":"WORKGROUP","ObjectType":"Key","ProcessName":"C:\\Windows\\System32\\SearchFilterHost.exe","AccessReason":"-","ProcessId":"0x2258","SubjectUserName":"WORKSTATION5$","AccessList":"%%4432\n\t\t\t\t","@timestamp":"2020-10-23T03:12:05.532Z","HandleId":"0x80","Hostname":"WORKSTATION5","Channel":"Security","Level":"0","EventID":4656,"ProviderGuid":"{54849625-5478-4994-a5ba-3e3b0328c30d}","Message":"A handle to an object was requested.\r\n\r\nSubject:\r\n\tSecurity ID:\t\tS-1-5-18\r\n\tAccount Name:\t\tWORKSTATION5$\r\n\tAccount Domain:\t\tWORKGROUP\r\n\tLogon ID:\t\t0x3E7\r\n\r\nObject:\r\n\tObject Server:\t\tSecurity\r\n\tObject Type:\t\tKey\r\n\tObject Name:\t\t\\REGISTRY\\MACHINE\\SYSTEM\\ControlSet001\\Control\\Lsa\r\n\tHandle ID:\t\t0x80\r\n\tResource Attributes:\t-\r\n\r\nProcess Information:\r\n\tProcess ID:\t\t0x2258\r\n\tProcess Name:\t\tC:\\Windows\\System32\\SearchFilterHost.exe\r\n\r\nAccess Request Information:\r\n\tTransaction ID:\t\t{00000000-0000-0000-0000-000000000000}\r\n\tAccesses:\t\tQuery key value\r\n\t\t\t\t\r\n\tAccess Reasons:\t\t-\r\n\tAccess Mask:\t\t0x1\r\n\tPrivileges Used for Access Check:\t-\r\n\tRestricted SID Count:\t7"}
{"@timestamp":"2020-10-23T03:12:05.532Z","TimeCreated":"2020-10-23T03:12:05.532Z","SubjectLogonId":"0x3e7","ResourceAttributes":"-","SubjectDomainName":"WORKGROUP","ProviderGuid":"{54849625-5478-4994-a5ba-3e3b0328c30d}","AccessList":"%%4432\n\t\t\t\t","ObjectServer":"Security","HandleId":"0x80","ObjectType":"Key","SubjectUserSid":"S-1-5-18","Level":"0","Channel":"Security","Task":"12801","ObjectName":"\\REGISTRY\\MACHINE\\SYSTEM\\ControlSet001\\Control\\Lsa","AccessMask":"0x1","SourceName":"Microsoft-Windows-Security-Auditing","Hostname":"WORKSTATION5","ProcessName":"C:\\Windows\\System32\\SearchFilterHost.exe","ProcessId":"0x2258","EventID":4663,"Keywords":"0x8020000000000000","SubjectUserName":"WORKSTATION5$","Message":"An attempt was made to access an object.\r\n\r\nSubject:\r\n\tSecurity ID:\t\tS-1-5-18\r\n\tAccount Name:\t\tWORKSTATION5$\r\n\tAccount Domain:\t\tWORKGROUP\r\n\tLogon ID:\t\t0x3E7\r\n\r\nObject:\r\n\tObject Server:\t\tSecurity\r\n\tObject Type:\t\tKey\r\n\tObject Name:\t\t\\REGISTRY\\MACHINE\\SYSTEM\\ControlSet001\\Control\\Lsa\r\n\tHandle ID:\t\t0x80\r\n\tResource Attributes:\t-\r\n\r\nProcess Information:\r\n\tProcess ID:\t\t0x2258\r\n\tProcess Name:\t\tC:\\Windows\\System32\\SearchFilterHost.exe\r\n\r\nAccess Request Information:\r\n\tAccesses:\t\tQuery key value\r\n\t\t\t\t\r\n\tAccess Mask:\t\t0x1"}
{"@timestamp":"2020-10-23T03:12:05.532Z","TimeCreated":"2020-10-23T03:12:05.532Z","SubjectLogonId":"0x3e7","SubjectDomainName":"WORKGROUP","ProviderGuid":"{54849625-5478-4994-a5ba-3e3b0328c30d}","ObjectServer":"Security","HandleId":"0x80","SubjectUserSid":"S-1-5-18","Level":"0","Channel":"Security","Task":"12801","SourceName":"Microsoft-Windows-Security-Auditing","Hostname":"WORKSTATION5","ProcessName":"C:\\Windows\\System32\\SearchFilterHost.exe","ProcessId":"0x2258","EventID":4658,"Keywords":"0x8020000000000000","SubjectUserName":"WORKSTATION5$","Message":"The handle to an object was closed.\r\n\r\nSubject :\r\n\tSecurity ID:\t\tS-1-5-18\r\n\tAccount Name:\t\tWORKSTATION5$\r\n\tAccount Domain:\t\tWORKGROUP\r\n\tLogon ID:\t\t0x3E7\r\n\r\nObject:\r\n\tObject Server:\t\tSecurity\r\n\tHandle ID:\t\t0x80\r\n\r\nProcess Information:\r\n\tProcess ID:\t\t0x2258\r\n\tProcess Name:\t\tC:\\Windows\\System32\\SearchFilterHost.exe"}
