{"SourceName":"Microsoft-Windows-Security-Auditing","ProviderGuid":"{54849625-5478-4994-a5ba-3e3b0328c30d}","Level":"0","Keywords":"0x8020000000000000","Channel":"Security","Hostname":"WORKSTATION5.theshire.local","TimeCreated":"2020-12-19T06:59:28.410Z","@timestamp":"2020-12-19T06:59:28.410Z","EventID":5158,"Message":"The Windows Filtering Platform has permitted a bind to a local port.\r\n\r\nApplication Information:\r\n\tProcess ID:\t\t3108\r\n\tApplication Name:\t\\device\\harddiskvolume2\\windowsazure\\guestagent_2.7.41491.1005_2020-11-30_095005\\guestagent\\windowsazureguestagent.exe\r\n\r\nNetwork Information:\r\n\tSource Address:\t\t0.0.0.0\r\n\tSource Port:\t\t56581\r\n\tProtocol:\t\t6\r\n\r\nFilter Information:\r\n\tFilter Run-Time ID:\t0\r\n\tLayer Name:\t\tResource Assignment\r\n\tLayer Run-Time ID:\t36","Task":"12810","ProcessId":"3108","Application":"\\device\\harddiskvolume2\\windowsazure\\guestagent_2.7.41491.1005_2020-11-30_095005\\guestagent\\windowsazureguestagent.exe","SourceAddress":"0.0.0.0","SourcePort":"56581","Protocol":"6","FilterRTID":"0","LayerName":"%%14608","LayerRTID":"36"}
{"SourceName":"Microsoft-Windows-Security-Auditing","ProviderGuid":"{54849625-5478-4994-a5ba-3e3b0328c30d}","Level":"0","Keywords":"0x8020000000000000","Channel":"Security","Hostname":"WORKSTATION5.theshire.local","TimeCreated":"2020-12-19T06:59:28.411Z","@timestamp":"2020-12-19T06:59:28.411Z","EventID":5156,"Message":"The Windows Filtering Platform has permitted a connection.\r\n\r\nApplication Information:\r\n\tProcess ID:\t\t3108\r\n\tApplication Name:\t\\device\\harddiskvolume2\\windowsazure\\guestagent_2.7.41491.1005_2020-11-30_095005\\guestagent\\windowsazureguestagent.exe\r\n\r\nNetwork Information:\r\n\tDirection:\t\tOutbound\r\n\tSource Address:\t\t172.18.39.5\r\n\tSource Port:\t\t56581\r\n\tDestination Address:\t168.63.129.16\r\n\tDestination Port:\t\t80\r\n\tProtocol:\t\t6\r\n\r\nFilter Information:\r\n\tFilter Run-Time ID:\t80050\r\n\tLayer Name:\t\tConnect\r\n\tLayer Run-Time ID:\t48","Task":"12810","ProcessID":"3108","Application":"\\device\\harddiskvolume2\\windowsazure\\guestagent_2.7.41491.1005_2020-11-30_095005\\guestagent\\windowsazureguestagent.exe","Direction":"%%14593","SourceAddress":"172.18.39.5","SourcePort":"56581","DestAddress":"168.63.129.16","DestPort":"80","Protocol":"6","FilterRTID":"80050","LayerName":"%%14611","LayerRTID":"48","RemoteUserID":"S-1-0-0","RemoteMachineID":"S-1-0-0"}
{"SourceName":"Microsoft-Windows-Security-Auditing","ProviderGuid":"{54849625-5478-4994-a5ba-3e3b0328c30d}","Level":"0","Keywords":"0x8020000000000000","Channel":"Security","Hostname":"WORKSTATION5.theshire.local","TimeCreated":"2020-12-19T06:59:43.443Z","@timestamp":"2020-12-19T06:59:43.443Z","EventID":5158,"Message":"The Windows Filtering Platform has permitted a bind to a local port.\r\n\r\nApplication Information:\r\n\tProcess ID:\t\t3108\r\n\tApplication Name:\t\\device\\harddiskvolume2\\windowsazure\\guestagent_2.7.41491.1005_2020-11-30_095005\\guestagent\\windowsazureguestagent.exe\r\n\r\nNetwork Information:\r\n\tSource Address:\t\t0.0.0.0\r\n\tSource Port:\t\t56582\r\n\tProtocol:\t\t6\r\n\r\nFilter Information:\r\n\tFilter Run-Time ID:\t0\r\n\tLayer Name:\t\tResource Assignment\r\n\tLayer Run-Time ID:\t36","Task":"12810","ProcessId":"3108","Application":"\\device\\harddiskvolume2\\windowsazure\\guestagent_2.7.41491.1005_2020-11-30_095005\\guestagent\\windowsazureguestagent.exe","SourceAddress":"0.0.0.0","SourcePort":"56582","Protocol":"6","FilterRTID":"0","LayerName":"%%14608","LayerRTID":"36"}
{"SourceName":"Microsoft-Windows-Security-Auditing","ProviderGuid":"{54849625-5478-4994-a5ba-3e3b0328c30d}","Level":"0","Keywords":"0x8020000000000000","Channel":"Security","Hostname":"WORKSTATION5.theshire.local","TimeCreated":"2020-12-19T06:59:43.443Z","@timestamp":"2020-12-19T06:59:43.443Z","EventID":5156,"Message":"The Windows Filtering Platform has permitted a connection.\r\n\r\nApplication Information:\r\n\tProcess ID:\t\t3108\r\n\tApplication Name:\t\\device\\harddiskvolume2\\windowsazure\\guestagent_2.7.41491.1005_2020-11-30_095005\\guestagent\\windowsazureguestagent.exe\r\n\r\nNetwork Information:\r\n\tDirection:\t\tOutbound\r\n\tSource Address:\t\t172.18.39.5\r\n\tSource Port:\t\t56582\r\n\tDestination Address:\t168.63.129.16\r\n\tDestination Port:\t\t80\r\n\tProtocol:\t\t6\r\n\r\nFilter Information:\r\n\tFilter Run-Time ID:\t80050\r\n\tLayer Name:\t\tConnect\r\n\tLayer Run-Time ID:\t48","Task":"12810","ProcessID":"3108","Application":"\\device\\harddiskvolume2\\windowsazure\\guestagent_2.7.41491.1005_2020-11-30_095005\\guestagent\\windowsazureguestagent.exe","Direction":"%%14593","SourceAddress":"172.18.39.5","SourcePort":"56582","DestAddress":"168.63.129.16","DestPort":"80","Protocol":"6","FilterRTID":"80050","LayerName":"%%14611","LayerRTID":"48","RemoteUserID":"S-1-0-0","RemoteMachineID":"S-1-0-0"}
{"SourceName":"Microsoft-Windows-Security-Auditing","ProviderGuid":"{54849625-5478-4994-a5ba-3e3b0328c30d}","Level":"0","Keywords":"0x8020000000000000","Channel":"Security","Hostname":"WORKSTATION5.theshire.local","TimeCreated":"2020-12-19T06:59:54.808Z","@timestamp":"2020-12-19T06:59:54.808Z","EventID":4690,"Message":"An attempt was made to duplicate a handle to an object.\r\n\r\nSubject:\r\n\tSecurity ID:\t\tS-1-5-18\r\n\tAccount Name:\t\tWORKSTATION5$\r\n\tAccount Domain:\t\tTHESHIRE\r\n\tLogon ID:\t\t0x3E7\r\n\r\nSource Handle Information:\r\n\tSource Handle ID:\t0x3010\r\n\tSource Process ID:\t0xc04\r\n\r\nNew Handle Information:\r\n\tTarget Handle ID:\t0x3488\r\n\tTarget Process ID:\t0x4","Task":"12807","SubjectUserSid":"S-1-5-18","SubjectUserName":"WORKSTATION5$","SubjectDomainName":"THESHIRE","SubjectLogonId":"0x3e7","SourceHandleId":"0x3010","SourceProcessId":"0xc04","TargetHandleId":"0x3488","TargetProcessId":"0x4"}
{"SourceName":"Microsoft-Windows-Security-Auditing","ProviderGuid":"{54849625-5478-4994-a5ba-3e3b0328c30d}","Level":"0","Keywords":"0x8020000000000000","Channel":"Security","Hostname":"WORKSTATION5.theshire.local","TimeCreated":"2020-12-19T06:59:54.808Z","@timestamp":"2020-12-19T06:59:54.808Z","EventID":4658,"Message":"The handle to an object was closed.\r\n\r\nSubject :\r\n\tSecurity ID:\t\tS-1-5-18\r\n\tAccount Name:\t\tWORKSTATION5$\r\n\tAccount Domain:\t\tTHESHIRE\r\n\tLogon ID:\t\t0x3E7\r\n\r\nObject:\r\n\tObject Server:\t\tSecurity\r\n\tHandle ID:\t\t0x3488\r\n\r\nProcess Information:\r\n\tProcess ID:\t\t0xc04\r\n\tProcess Name:\t\tC:\\Windows\\Sysmon.exe","Task":"12801","SubjectUserSid":"S-1-5-18","SubjectUserName":"WORKSTATION5$","SubjectDomainName":"THESHIRE","SubjectLogonId":"0x3e7","ObjectServer":"Security","HandleId":"0x3488","ProcessId":"0xc04","ProcessName":"C:\\Windows\\Sysmon.exe"}
{"SourceName":"Microsoft-Windows-Security-Auditing","ProviderGuid":"{54849625-5478-4994-a5ba-3e3b0328c30d}","Level":"0","Keywords":"0x8020000000000000","Channel":"Security","Hostname":"WORKSTATION5.theshire.local","TimeCreated":"2020-12-19T06:59:54.808Z","@timestamp":"2020-12-19T06:59:54.808Z","EventID":4656,"Message":"A handle to an object was requested.\r\n\r\nSubject:\r\n\tSecurity ID:\t\tS-1-5-18\r\n\tAccount Name:\t\tWORKSTATION5$\r\n\tAccount Domain:\t\tTHESHIRE\r\n\tLogon ID:\t\t0x3E7\r\n\r\nObject:\r\n\tObject Server:\t\tSecurity\r\n\tObject Type:\t\tKey\r\n\tObject Name:\t\t\\REGISTRY\\MACHINE\\SYSTEM\\ControlSet001\\Services\\SysmonDrv\\Parameters\r\n\tHandle ID:\t\t0x3010\r\n\tResource Attributes:\t-\r\n\r\nProcess Information:\r\n\tProcess ID:\t\t0xc04\r\n\tProcess Name:\t\tC:\\Windows\\Sysmon.exe\r\n\r\nAccess Request Information:\r\n\tTransaction ID:\t\t{00000000-0000-0000-0000-000000000000}\r\n\tAccesses:\t\tREAD_CONTROL\r\n\t\t\t\tQuery key value\r\n\t\t\t\tEnumerate sub-keys\r\n\t\t\t\tNotify about changes to keys\r\n\t\t\t\t\r\n\tAccess Reasons:\t\t-\r\n\tAccess Mask:\t\t0x20019\r\n\tPrivileges Used for Access Check:\t-\r\n\tRestricted SID Count:\t0","Task":"12801","SubjectUserSid":"S-1-5-18","SubjectUserName":"WORKSTATION5$","SubjectDomainName":"THESHIRE","SubjectLogonId":"0x3e7","ObjectServer":"Security","ObjectType":"Key","ObjectName":"\\REGISTRY\\MACHINE\\SYSTEM\\ControlSet001\\Services\\SysmonDrv\\Parameters","HandleId":"0x3010","TransactionId":"{00000000-0000-0000-0000-000000000000}","AccessList":"%%1538\n\t\t\t\t%%4432\n\t\t\t\t%%4435\n\t\t\t\t%%4436\n\t\t\t\t","AccessReason":"-","AccessMask":"0x20019","PrivilegeList":"-","RestrictedSidCount":"0","ProcessId":"0xc04","ProcessName":"C:\\Windows\\Sysmon.exe","ResourceAttributes":"-"}
{"SourceName":"Microsoft-Windows-Security-Auditing","ProviderGuid":"{54849625-5478-4994-a5ba-3e3b0328c30d}","Level":"0","Keywords":"0x8020000000000000","Channel":"Security","Hostname":"WORKSTATION5.theshire.local","TimeCreated":"2020-12-19T06:59:54.808Z","@timestamp":"2020-12-19T06:59:54.808Z","EventID":4663,"Message":"An attempt was made to access an object.\r\n\r\nSubject:\r\n\tSecurity ID:\t\tS-1-5-18\r\n\tAccount Name:\t\tWORKSTATION5$\r\n\tAccount Domain:\t\tTHESHIRE\r\n\tLogon ID:\t\t0x3E7\r\n\r\nObject:\r\n\tObject Server:\t\tSecurity\r\n\tObject Type:\t\tKey\r\n\tObject Name:\t\t\\REGISTRY\\MACHINE\\SYSTEM\\ControlSet001\\Services\\SysmonDrv\\Parameters\r\n\tHandle ID:\t\t0x3010\r\n\tResource Attributes:\t-\r\n\r\nProcess Information:\r\n\tProcess ID:\t\t0xc04\r\n\tProcess Name:\t\tC:\\Windows\\Sysmon.exe\r\n\r\nAccess Request Information:\r\n\tAccesses:\t\tQuery key value\r\n\t\t\t\t\r\n\tAccess Mask:\t\t0x1","Task":"12801","SubjectUserSid":"S-1-5-18","SubjectUserName":"WORKSTATION5$","SubjectDomainName":"THESHIRE","SubjectLogonId":"0x3e7","ObjectServer":"Security","ObjectType":"Key","ObjectName":"\\REGISTRY\\MACHINE\\SYSTEM\\ControlSet001\\Services\\SysmonDrv\\Parameters","HandleId":"0x3010","AccessList":"%%4432\n\t\t\t\t","AccessMask":"0x1","ProcessId":"0xc04","ProcessName":"C:\\Windows\\Sysmon.exe","ResourceAttributes":"-"}
{"SourceName":"Microsoft-Windows-Security-Auditing","ProviderGuid":"{54849625-5478-4994-a5ba-3e3b0328c30d}","Level":"0","Keywords":"0x8020000000000000","Channel":"Security","Hostname":"WORKSTATION5.theshire.local","TimeCreated":"2020-12-19T06:59:58.459Z","@timestamp":"2020-12-19T06:59:58.459Z","EventID":5158,"Message":"The Windows Filtering Platform has permitted a bind to a local port.\r\n\r\nApplication Information:\r\n\tProcess ID:\t\t3108\r\n\tApplication Name:\t\\device\\harddiskvolume2\\windowsazure\\guestagent_2.7.41491.1005_2020-11-30_095005\\guestagent\\windowsazureguestagent.exe\r\n\r\nNetwork Information:\r\n\tSource Address:\t\t0.0.0.0\r\n\tSource Port:\t\t56583\r\n\tProtocol:\t\t6\r\n\r\nFilter Information:\r\n\tFilter Run-Time ID:\t0\r\n\tLayer Name:\t\tResource Assignment\r\n\tLayer Run-Time ID:\t36","Task":"12810","ProcessId":"3108","Application":"\\device\\harddiskvolume2\\windowsazure\\guestagent_2.7.41491.1005_2020-11-30_095005\\guestagent\\windowsazureguestagent.exe","SourceAddress":"0.0.0.0","SourcePort":"56583","Protocol":"6","FilterRTID":"0","LayerName":"%%14608","LayerRTID":"36"}
{"SourceName":"Microsoft-Windows-Security-Auditing","ProviderGuid":"{54849625-5478-4994-a5ba-3e3b0328c30d}","Level":"0","Keywords":"0x8020000000000000","Channel":"Security","Hostname":"WORKSTATION5.theshire.local","TimeCreated":"2020-12-19T06:59:58.460Z","@timestamp":"2020-12-19T06:59:58.460Z","EventID":5156,"Message":"The Windows Filtering Platform has permitted a connection.\r\n\r\nApplication Information:\r\n\tProcess ID:\t\t3108\r\n\tApplication Name:\t\\device\\harddiskvolume2\\windowsazure\\guestagent_2.7.41491.1005_2020-11-30_095005\\guestagent\\windowsazureguestagent.exe\r\n\r\nNetwork Information:\r\n\tDirection:\t\tOutbound\r\n\tSource Address:\t\t172.18.39.5\r\n\tSource Port:\t\t56583\r\n\tDestination Address:\t168.63.129.16\r\n\tDestination Port:\t\t80\r\n\tProtocol:\t\t6\r\n\r\nFilter Information:\r\n\tFilter Run-Time ID:\t80050\r\n\tLayer Name:\t\tConnect\r\n\tLayer Run-Time ID:\t48","Task":"12810","ProcessID":"3108","Application":"\\device\\harddiskvolume2\\windowsazure\\guestagent_2.7.41491.1005_2020-11-30_095005\\guestagent\\windowsazureguestagent.exe","Direction":"%%14593","SourceAddress":"172.18.39.5","SourcePort":"56583","DestAddress":"168.63.129.16","DestPort":"80","Protocol":"6","FilterRTID":"80050","LayerName":"%%14611","LayerRTID":"48","RemoteUserID":"S-1-0-0","RemoteMachineID":"S-1-0-0"}
{"SourceName":"Microsoft-Windows-Security-Auditing","ProviderGuid":"{54849625-5478-4994-a5ba-3e3b0328c30d}","Level":"0","Keywords":"0x8020000000000000","Channel":"Security","Hostname":"WORKSTATION5.theshire.local","TimeCreated":"2020-12-19T07:00:03.462Z","@timestamp":"2020-12-19T07:00:03.462Z","EventID":4690,"Message":"An attempt was made to duplicate a handle to an object.\r\n\r\nSubject:\r\n\tSecurity ID:\t\tS-1-5-18\r\n\tAccount Name:\t\tWORKSTATION5$\r\n\tAccount Domain:\t\tTHESHIRE\r\n\tLogon ID:\t\t0x3E7\r\n\r\nSource Handle Information:\r\n\tSource Handle ID:\t0xe68\r\n\tSource Process ID:\t0x9fc\r\n\r\nNew Handle Information:\r\n\tTarget Handle ID:\t0x3fc0\r\n\tTarget Process ID:\t0x4","Task":"12807","SubjectUserSid":"S-1-5-18","SubjectUserName":"WORKSTATION5$","SubjectDomainName":"THESHIRE","SubjectLogonId":"0x3e7","SourceHandleId":"0xe68","SourceProcessId":"0x9fc","TargetHandleId":"0x3fc0","TargetProcessId":"0x4"}
{"SourceName":"Microsoft-Windows-Security-Auditing","ProviderGuid":"{54849625-5478-4994-a5ba-3e3b0328c30d}","Level":"0","Keywords":"0x8020000000000000","Channel":"Security","Hostname":"WORKSTATION5.theshire.local","TimeCreated":"2020-12-19T07:00:03.462Z","@timestamp":"2020-12-19T07:00:03.462Z","EventID":4658,"Message":"The handle to an object was closed.\r\n\r\nSubject :\r\n\tSecurity ID:\t\tS-1-5-18\r\n\tAccount Name:\t\tWORKSTATION5$\r\n\tAccount Domain:\t\tTHESHIRE\r\n\tLogon ID:\t\t0x3E7\r\n\r\nObject:\r\n\tObject Server:\t\tSecurity\r\n\tHandle ID:\t\t0x3fc0\r\n\r\nProcess Information:\r\n\tProcess ID:\t\t0x9fc\r\n\tProcess Name:\t\tC:\\Program Files\\Microsoft Monitoring Agent\\Agent\\HealthService.exe","Task":"12802","SubjectUserSid":"S-1-5-18","SubjectUserName":"WORKSTATION5$","SubjectDomainName":"THESHIRE","SubjectLogonId":"0x3e7","ObjectServer":"Security","HandleId":"0x3fc0","ProcessId":"0x9fc","ProcessName":"C:\\Program Files\\Microsoft Monitoring Agent\\Agent\\HealthService.exe"}
{"SourceName":"Microsoft-Windows-Security-Auditing","ProviderGuid":"{54849625-5478-4994-a5ba-3e3b0328c30d}","Level":"0","Keywords":"0x8020000000000000","Channel":"Security","Hostname":"WORKSTATION5.theshire.local","TimeCreated":"2020-12-19T07:00:03.462Z","@timestamp":"2020-12-19T07:00:03.462Z","EventID":4656,"Message":"A handle to an object was requested.\r\n\r\nSubject:\r\n\tSecurity ID:\t\tS-1-5-18\r\n\tAccount Name:\t\tWORKSTATION5$\r\n\tAccount Domain:\t\tTHESHIRE\r\n\tLogon ID:\t\t0x3E7\r\n\r\nObject:\r\n\tObject Server:\t\tSecurity\r\n\tObject Type:\t\tProcess\r\n\tObject Name:\t\t\\Device\\HarddiskVolume2\\Windows\\System32\\lsass.exe\r\n\tHandle ID:\t\t0xe68\r\n\tResource Attributes:\t-\r\n\r\nProcess Information:\r\n\tProcess ID:\t\t0x9fc\r\n\tProcess Name:\t\tC:\\Program Files\\Microsoft Monitoring Agent\\Agent\\HealthService.exe\r\n\r\nAccess Request Information:\r\n\tTransaction ID:\t\t{00000000-0000-0000-0000-000000000000}\r\n\tAccesses:\t\tRead from process memory\r\n\t\t\t\tQuery process information\r\n\t\t\t\tUndefined Access (no effect) Bit 12\r\n\t\t\t\t\r\n\tAccess Reasons:\t\t-\r\n\tAccess Mask:\t\t0x1410\r\n\tPrivileges Used for Access Check:\t-\r\n\tRestricted SID Count:\t0","Task":"12802","SubjectUserSid":"S-1-5-18","SubjectUserName":"WORKSTATION5$","SubjectDomainName":"THESHIRE","SubjectLogonId":"0x3e7","ObjectServer":"Security","ObjectType":"Process","ObjectName":"\\Device\\HarddiskVolume2\\Windows\\System32\\lsass.exe","HandleId":"0xe68","TransactionId":"{00000000-0000-0000-0000-000000000000}","AccessList":"%%4484\n\t\t\t\t%%4490\n\t\t\t\t%%4492\n\t\t\t\t","AccessReason":"-","AccessMask":"0x1410","PrivilegeList":"-","RestrictedSidCount":"0","ProcessId":"0x9fc","ProcessName":"C:\\Program Files\\Microsoft Monitoring Agent\\Agent\\HealthService.exe","ResourceAttributes":"-"}
{"SourceName":"Microsoft-Windows-Security-Auditing","ProviderGuid":"{54849625-5478-4994-a5ba-3e3b0328c30d}","Level":"0","Keywords":"0x8020000000000000","Channel":"Security","Hostname":"WORKSTATION5.theshire.local","TimeCreated":"2020-12-19T07:00:03.462Z","@timestamp":"2020-12-19T07:00:03.462Z","EventID":4658,"Message":"The handle to an object was closed.\r\n\r\nSubject :\r\n\tSecurity ID:\t\tS-1-5-18\r\n\tAccount Name:\t\tWORKSTATION5$\r\n\tAccount Domain:\t\tTHESHIRE\r\n\tLogon ID:\t\t0x3E7\r\n\r\nObject:\r\n\tObject Server:\t\tSecurity\r\n\tHandle ID:\t\t0xe68\r\n\r\nProcess Information:\r\n\tProcess ID:\t\t0x9fc\r\n\tProcess Name:\t\tC:\\Program Files\\Microsoft Monitoring Agent\\Agent\\HealthService.exe","Task":"12802","SubjectUserSid":"S-1-5-18","SubjectUserName":"WORKSTATION5$","SubjectDomainName":"THESHIRE","SubjectLogonId":"0x3e7","ObjectServer":"Security","HandleId":"0xe68","ProcessId":"0x9fc","ProcessName":"C:\\Program Files\\Microsoft Monitoring Agent\\Agent\\HealthService.exe"}
{"SourceName":"Microsoft-Windows-Security-Auditing","ProviderGuid":"{54849625-5478-4994-a5ba-3e3b0328c30d}","Level":"0","Keywords":"0x8020000000000000","Channel":"Security","Hostname":"WORKSTATION5.theshire.local","TimeCreated":"2020-12-19T07:00:03.821Z","@timestamp":"2020-12-19T07:00:03.821Z","EventID":4688,"Message":"A new process has been created.\r\n\r\nCreator Subject:\r\n\tSecurity ID:\t\tS-1-5-21-3786818125-2382361537-3207726629-1104\r\n\tAccount Name:\t\tpgustavo\r\n\tAccount Domain:\t\tTHESHIRE\r\n\tLogon ID:\t\t0x14F3C84\r\n\r\nTarget Subject:\r\n\tSecurity ID:\t\tS-1-0-0\r\n\tAccount Name:\t\t-\r\n\tAccount Domain:\t\t-\r\n\tLogon ID:\t\t0x0\r\n\r\nProcess Information:\r\n\tNew Process ID:\t\t0x18b8\r\n\tNew Process Name:\tC:\\Program Files\\Wireshark\\dumpcap.exe\r\n\tToken Elevation Type:\t%%1938\r\n\tMandatory Label:\t\tS-1-16-8192\r\n\tCreator Process ID:\t0x1e40\r\n\tCreator Process Name:\tC:\\Program Files\\Wireshark\\Wireshark.exe\r\n\tProcess Command Line:\t\"C:\\Program Files\\Wireshark\\dumpcap.exe\" -n -i \\Device\\NPF_{D805082F-2215-41FB-B94A-4FE9C8ADC451} -y EN10MB -Z 7744\r\n\r\nToken Elevation Type indicates the type of token that was assigned to the new process in accordance with User Account Control policy.\r\n\r\nType 1 is a full token with no privileges removed or groups disabled.  A full token is only used if User Account Control is disabled or if the user is the built-in Administrator account or a service account.\r\n\r\nType 2 is an elevated token with no privileges removed or groups disabled.  An elevated token is used when User Account Control is enabled and the user chooses to start the program using Run as administrator.  An elevated token is also used when an application is configured to always require administrative privilege or to always require maximum privilege, and the user is a member of the Administrators group.\r\n\r\nType 3 is a limited token with administrative privileges removed and administrative groups disabled.  The limited token is used when User Account Control is enabled, the application does not require administrative privilege, and the user does not choose to start the program using Run as administrator.","Task":"13312","SubjectUserSid":"S-1-5-21-3786818125-2382361537-3207726629-1104","SubjectUserName":"pgustavo","SubjectDomainName":"THESHIRE","SubjectLogonId":"0x14f3c84","NewProcessId":"0x18b8","NewProcessName":"C:\\Program Files\\Wireshark\\dumpcap.exe","TokenElevationType":"%%1938","ProcessId":"0x1e40","CommandLine":"\"C:\\Program Files\\Wireshark\\dumpcap.exe\" -n -i \\Device\\NPF_{D805082F-2215-41FB-B94A-4FE9C8ADC451} -y EN10MB -Z 7744","TargetUserSid":"S-1-0-0","TargetUserName":"-","TargetDomainName":"-","TargetLogonId":"0x0","ParentProcessName":"C:\\Program Files\\Wireshark\\Wireshark.exe","MandatoryLabel":"S-1-16-8192"}
{"SourceName":"Microsoft-Windows-Security-Auditing","ProviderGuid":"{54849625-5478-4994-a5ba-3e3b0328c30d}","Level":"0","Keywords":"0x8010000000000000","Channel":"Security","Hostname":"WORKSTATION5.theshire.local","TimeCreated":"2020-12-19T07:00:03.824Z","@timestamp":"2020-12-19T07:00:03.824Z","EventID":4673,"Message":"A privileged service was called.\r\n\r\nSubject:\r\n\tSecurity ID:\t\tS-1-5-21-3786818125-2382361537-3207726629-1104\r\n\tAccount Name:\t\tpgustavo\r\n\tAccount Domain:\t\tTHESHIRE\r\n\tLogon ID:\t\t0x14F3C84\r\n\r\nService:\r\n\tServer:\tSecurity\r\n\tService Name:\t-\r\n\r\nProcess:\r\n\tProcess ID:\t0x18b8\r\n\tProcess Name:\tC:\\Program Files\\Wireshark\\dumpcap.exe\r\n\r\nService Request Information:\r\n\tPrivileges:\t\tSeProfileSingleProcessPrivilege","Task":"13056","SubjectUserSid":"S-1-5-21-3786818125-2382361537-3207726629-1104","SubjectUserName":"pgustavo","SubjectDomainName":"THESHIRE","SubjectLogonId":"0x14f3c84","ObjectServer":"Security","Service":"-","PrivilegeList":"SeProfileSingleProcessPrivilege","ProcessId":"0x18b8","ProcessName":"C:\\Program Files\\Wireshark\\dumpcap.exe"}
{"SourceName":"Microsoft-Windows-Security-Auditing","ProviderGuid":"{54849625-5478-4994-a5ba-3e3b0328c30d}","Level":"0","Keywords":"0x8020000000000000","Channel":"Security","Hostname":"WORKSTATION5.theshire.local","TimeCreated":"2020-12-19T07:00:03.827Z","@timestamp":"2020-12-19T07:00:03.827Z","EventID":4688,"Message":"A new process has been created.\r\n\r\nCreator Subject:\r\n\tSecurity ID:\t\tS-1-5-21-3786818125-2382361537-3207726629-1104\r\n\tAccount Name:\t\tpgustavo\r\n\tAccount Domain:\t\tTHESHIRE\r\n\tLogon ID:\t\t0x14F3C84\r\n\r\nTarget Subject:\r\n\tSecurity ID:\t\tS-1-0-0\r\n\tAccount Name:\t\t-\r\n\tAccount Domain:\t\t-\r\n\tLogon ID:\t\t0x0\r\n\r\nProcess Information:\r\n\tNew Process ID:\t\t0x136c\r\n\tNew Process Name:\tC:\\Windows\\System32\\conhost.exe\r\n\tToken Elevation Type:\t%%1938\r\n\tMandatory Label:\t\tS-1-16-8192\r\n\tCreator Process ID:\t0x18b8\r\n\tCreator Process Name:\tC:\\Program Files\\Wireshark\\dumpcap.exe\r\n\tProcess Command Line:\t\\??\\C:\\windows\\system32\\conhost.exe 0xffffffff -ForceV1\r\n\r\nToken Elevation Type indicates the type of token that was assigned to the new process in accordance with User Account Control policy.\r\n\r\nType 1 is a full token with no privileges removed or groups disabled.  A full token is only used if User Account Control is disabled or if the user is the built-in Administrator account or a service account.\r\n\r\nType 2 is an elevated token with no privileges removed or groups disabled.  An elevated token is used when User Account Control is enabled and the user chooses to start the program using Run as administrator.  An elevated token is also used when an application is configured to always require administrative privilege or to always require maximum privilege, and the user is a member of the Administrators group.\r\n\r\nType 3 is a limited token with administrative privileges removed and administrative groups disabled.  The limited token is used when User Account Control is enabled, the application does not require administrative privilege, and the user does not choose to start the program using Run as administrator.","Task":"13312","SubjectUserSid":"S-1-5-21-3786818125-2382361537-3207726629-1104","SubjectUserName":"pgustavo","SubjectDomainName":"THESHIRE","SubjectLogonId":"0x14f3c84","NewProcessId":"0x136c","NewProcessName":"C:\\Windows\\System32\\conhost.exe","TokenElevationType":"%%1938","ProcessId":"0x18b8","CommandLine":"\\??\\C:\\windows\\system32\\conhost.exe 0xffffffff -ForceV1","TargetUserSid":"S-1-0-0","TargetUserName":"-","TargetDomainName":"-","TargetLogonId":"0x0","ParentProcessName":"C:\\Program Files\\Wireshark\\dumpcap.exe","MandatoryLabel":"S-1-16-8192"}
{"SourceName":"Microsoft-Windows-Security-Auditing","ProviderGuid":"{54849625-5478-4994-a5ba-3e3b0328c30d}","Level":"0","Keywords":"0x8010000000000000","Channel":"Security","Hostname":"WORKSTATION5.theshire.local","TimeCreated":"2020-12-19T07:00:03.832Z","@timestamp":"2020-12-19T07:00:03.832Z","EventID":4673,"Message":"A privileged service was called.\r\n\r\nSubject:\r\n\tSecurity ID:\t\tS-1-5-21-3786818125-2382361537-3207726629-1104\r\n\tAccount Name:\t\tpgustavo\r\n\tAccount Domain:\t\tTHESHIRE\r\n\tLogon ID:\t\t0x14F3C84\r\n\r\nService:\r\n\tServer:\tSecurity\r\n\tService Name:\t-\r\n\r\nProcess:\r\n\tProcess ID:\t0x136c\r\n\tProcess Name:\tC:\\Windows\\System32\\conhost.exe\r\n\r\nService Request Information:\r\n\tPrivileges:\t\tSeProfileSingleProcessPrivilege","Task":"13056","SubjectUserSid":"S-1-5-21-3786818125-2382361537-3207726629-1104","SubjectUserName":"pgustavo","SubjectDomainName":"THESHIRE","SubjectLogonId":"0x14f3c84","ObjectServer":"Security","Service":"-","PrivilegeList":"SeProfileSingleProcessPrivilege","ProcessId":"0x136c","ProcessName":"C:\\Windows\\System32\\conhost.exe"}
{"SourceName":"Microsoft-Windows-Security-Auditing","ProviderGuid":"{54849625-5478-4994-a5ba-3e3b0328c30d}","Level":"0","Keywords":"0x8020000000000000","Channel":"Security","Hostname":"WORKSTATION5.theshire.local","TimeCreated":"2020-12-19T07:00:03.844Z","@timestamp":"2020-12-19T07:00:03.844Z","EventID":4690,"Message":"An attempt was made to duplicate a handle to an object.\r\n\r\nSubject:\r\n\tSecurity ID:\t\tS-1-5-21-3786818125-2382361537-3207726629-1104\r\n\tAccount Name:\t\tpgustavo\r\n\tAccount Domain:\t\tTHESHIRE\r\n\tLogon ID:\t\t0x14F3C84\r\n\r\nSource Handle Information:\r\n\tSource Handle ID:\t0x84\r\n\tSource Process ID:\t0x136c\r\n\r\nNew Handle Information:\r\n\tTarget Handle ID:\t0x3fc0\r\n\tTarget Process ID:\t0x4","Task":"12807","SubjectUserSid":"S-1-5-21-3786818125-2382361537-3207726629-1104","SubjectUserName":"pgustavo","SubjectDomainName":"THESHIRE","SubjectLogonId":"0x14f3c84","SourceHandleId":"0x84","SourceProcessId":"0x136c","TargetHandleId":"0x3fc0","TargetProcessId":"0x4"}
{"SourceName":"Microsoft-Windows-Security-Auditing","ProviderGuid":"{54849625-5478-4994-a5ba-3e3b0328c30d}","Level":"0","Keywords":"0x8020000000000000","Channel":"Security","Hostname":"WORKSTATION5.theshire.local","TimeCreated":"2020-12-19T07:00:03.844Z","@timestamp":"2020-12-19T07:00:03.844Z","EventID":4658,"Message":"The handle to an object was closed.\r\n\r\nSubject :\r\n\tSecurity ID:\t\tS-1-5-21-3786818125-2382361537-3207726629-1104\r\n\tAccount Name:\t\tpgustavo\r\n\tAccount Domain:\t\tTHESHIRE\r\n\tLogon ID:\t\t0x14F3C84\r\n\r\nObject:\r\n\tObject Server:\t\tSecurity\r\n\tHandle ID:\t\t0x3fc0\r\n\r\nProcess Information:\r\n\tProcess ID:\t\t0x136c\r\n\tProcess Name:\t\tC:\\Windows\\System32\\conhost.exe","Task":"12801","SubjectUserSid":"S-1-5-21-3786818125-2382361537-3207726629-1104","SubjectUserName":"pgustavo","SubjectDomainName":"THESHIRE","SubjectLogonId":"0x14f3c84","ObjectServer":"Security","HandleId":"0x3fc0","ProcessId":"0x136c","ProcessName":"C:\\Windows\\System32\\conhost.exe"}
{"SourceName":"Microsoft-Windows-Security-Auditing","ProviderGuid":"{54849625-5478-4994-a5ba-3e3b0328c30d}","Level":"0","Keywords":"0x8020000000000000","Channel":"Security","Hostname":"WORKSTATION5.theshire.local","TimeCreated":"2020-12-19T07:00:03.844Z","@timestamp":"2020-12-19T07:00:03.844Z","EventID":4656,"Message":"A handle to an object was requested.\r\n\r\nSubject:\r\n\tSecurity ID:\t\tS-1-5-21-3786818125-2382361537-3207726629-1104\r\n\tAccount Name:\t\tpgustavo\r\n\tAccount Domain:\t\tTHESHIRE\r\n\tLogon ID:\t\t0x14F3C84\r\n\r\nObject:\r\n\tObject Server:\t\tSecurity\r\n\tObject Type:\t\tKey\r\n\tObject Name:\t\t\\REGISTRY\\MACHINE\\SYSTEM\\ControlSet001\\Control\\Lsa\r\n\tHandle ID:\t\t0x84\r\n\tResource Attributes:\t-\r\n\r\nProcess Information:\r\n\tProcess ID:\t\t0x136c\r\n\tProcess Name:\t\tC:\\Windows\\System32\\conhost.exe\r\n\r\nAccess Request Information:\r\n\tTransaction ID:\t\t{00000000-0000-0000-0000-000000000000}\r\n\tAccesses:\t\tQuery key value\r\n\t\t\t\t\r\n\tAccess Reasons:\t\t-\r\n\tAccess Mask:\t\t0x1\r\n\tPrivileges Used for Access Check:\t-\r\n\tRestricted SID Count:\t0","Task":"12801","SubjectUserSid":"S-1-5-21-3786818125-2382361537-3207726629-1104","SubjectUserName":"pgustavo","SubjectDomainName":"THESHIRE","SubjectLogonId":"0x14f3c84","ObjectServer":"Security","ObjectType":"Key","ObjectName":"\\REGISTRY\\MACHINE\\SYSTEM\\ControlSet001\\Control\\Lsa","HandleId":"0x84","TransactionId":"{00000000-0000-0000-0000-000000000000}","AccessList":"%%4432\n\t\t\t\t","AccessReason":"-","AccessMask":"0x1","PrivilegeList":"-","RestrictedSidCount":"0","ProcessId":"0x136c","ProcessName":"C:\\Windows\\System32\\conhost.exe","ResourceAttributes":"-"}
{"SourceName":"Microsoft-Windows-Security-Auditing","ProviderGuid":"{54849625-5478-4994-a5ba-3e3b0328c30d}","Level":"0","Keywords":"0x8020000000000000","Channel":"Security","Hostname":"WORKSTATION5.theshire.local","TimeCreated":"2020-12-19T07:00:03.844Z","@timestamp":"2020-12-19T07:00:03.844Z","EventID":4663,"Message":"An attempt was made to access an object.\r\n\r\nSubject:\r\n\tSecurity ID:\t\tS-1-5-21-3786818125-2382361537-3207726629-1104\r\n\tAccount Name:\t\tpgustavo\r\n\tAccount Domain:\t\tTHESHIRE\r\n\tLogon ID:\t\t0x14F3C84\r\n\r\nObject:\r\n\tObject Server:\t\tSecurity\r\n\tObject Type:\t\tKey\r\n\tObject Name:\t\t\\REGISTRY\\MACHINE\\SYSTEM\\ControlSet001\\Control\\Lsa\r\n\tHandle ID:\t\t0x84\r\n\tResource Attributes:\t-\r\n\r\nProcess Information:\r\n\tProcess ID:\t\t0x136c\r\n\tProcess Name:\t\tC:\\Windows\\System32\\conhost.exe\r\n\r\nAccess Request Information:\r\n\tAccesses:\t\tQuery key value\r\n\t\t\t\t\r\n\tAccess Mask:\t\t0x1","Task":"12801","SubjectUserSid":"S-1-5-21-3786818125-2382361537-3207726629-1104","SubjectUserName":"pgustavo","SubjectDomainName":"THESHIRE","SubjectLogonId":"0x14f3c84","ObjectServer":"Security","ObjectType":"Key","ObjectName":"\\REGISTRY\\MACHINE\\SYSTEM\\ControlSet001\\Control\\Lsa","HandleId":"0x84","AccessList":"%%4432\n\t\t\t\t","AccessMask":"0x1","ProcessId":"0x136c","ProcessName":"C:\\Windows\\System32\\conhost.exe","ResourceAttributes":"-"}
{"SourceName":"Microsoft-Windows-Security-Auditing","ProviderGuid":"{54849625-5478-4994-a5ba-3e3b0328c30d}","Level":"0","Keywords":"0x8020000000000000","Channel":"Security","Hostname":"WORKSTATION5.theshire.local","TimeCreated":"2020-12-19T07:00:03.844Z","@timestamp":"2020-12-19T07:00:03.844Z","EventID":4658,"Message":"The handle to an object was closed.\r\n\r\nSubject :\r\n\tSecurity ID:\t\tS-1-5-21-3786818125-2382361537-3207726629-1104\r\n\tAccount Name:\t\tpgustavo\r\n\tAccount Domain:\t\tTHESHIRE\r\n\tLogon ID:\t\t0x14F3C84\r\n\r\nObject:\r\n\tObject Server:\t\tSecurity\r\n\tHandle ID:\t\t0x84\r\n\r\nProcess Information:\r\n\tProcess ID:\t\t0x136c\r\n\tProcess Name:\t\tC:\\Windows\\System32\\conhost.exe","Task":"12801","SubjectUserSid":"S-1-5-21-3786818125-2382361537-3207726629-1104","SubjectUserName":"pgustavo","SubjectDomainName":"THESHIRE","SubjectLogonId":"0x14f3c84","ObjectServer":"Security","HandleId":"0x84","ProcessId":"0x136c","ProcessName":"C:\\Windows\\System32\\conhost.exe"}
{"SourceName":"Microsoft-Windows-Security-Auditing","ProviderGuid":"{54849625-5478-4994-a5ba-3e3b0328c30d}","Level":"0","Keywords":"0x8010000000000000","Channel":"Security","Hostname":"WORKSTATION5.theshire.local","TimeCreated":"2020-12-19T07:00:03.901Z","@timestamp":"2020-12-19T07:00:03.901Z","EventID":4673,"Message":"A privileged service was called.\r\n\r\nSubject:\r\n\tSecurity ID:\t\tS-1-5-21-3786818125-2382361537-3207726629-1104\r\n\tAccount Name:\t\tpgustavo\r\n\tAccount Domain:\t\tTHESHIRE\r\n\tLogon ID:\t\t0x14F3C84\r\n\r\nService:\r\n\tServer:\tSecurity\r\n\tService Name:\t-\r\n\r\nProcess:\r\n\tProcess ID:\t0x18b8\r\n\tProcess Name:\tC:\\Program Files\\Wireshark\\dumpcap.exe\r\n\r\nService Request Information:\r\n\tPrivileges:\t\tSeProfileSingleProcessPrivilege","Task":"13056","SubjectUserSid":"S-1-5-21-3786818125-2382361537-3207726629-1104","SubjectUserName":"pgustavo","SubjectDomainName":"THESHIRE","SubjectLogonId":"0x14f3c84","ObjectServer":"Security","Service":"-","PrivilegeList":"SeProfileSingleProcessPrivilege","ProcessId":"0x18b8","ProcessName":"C:\\Program Files\\Wireshark\\dumpcap.exe"}
{"SourceName":"Microsoft-Windows-Security-Auditing","ProviderGuid":"{54849625-5478-4994-a5ba-3e3b0328c30d}","Level":"0","Keywords":"0x8020000000000000","Channel":"Security","Hostname":"WORKSTATION5.theshire.local","TimeCreated":"2020-12-19T07:00:03.905Z","@timestamp":"2020-12-19T07:00:03.905Z","EventID":4690,"Message":"An attempt was made to duplicate a handle to an object.\r\n\r\nSubject:\r\n\tSecurity ID:\t\tS-1-5-21-3786818125-2382361537-3207726629-1104\r\n\tAccount Name:\t\tpgustavo\r\n\tAccount Domain:\t\tTHESHIRE\r\n\tLogon ID:\t\t0x14F3C84\r\n\r\nSource Handle Information:\r\n\tSource Handle ID:\t0xf4\r\n\tSource Process ID:\t0x18b8\r\n\r\nNew Handle Information:\r\n\tTarget Handle ID:\t0x3be8\r\n\tTarget Process ID:\t0x4","Task":"12807","SubjectUserSid":"S-1-5-21-3786818125-2382361537-3207726629-1104","SubjectUserName":"pgustavo","SubjectDomainName":"THESHIRE","SubjectLogonId":"0x14f3c84","SourceHandleId":"0xf4","SourceProcessId":"0x18b8","TargetHandleId":"0x3be8","TargetProcessId":"0x4"}
{"SourceName":"Microsoft-Windows-Security-Auditing","ProviderGuid":"{54849625-5478-4994-a5ba-3e3b0328c30d}","Level":"0","Keywords":"0x8020000000000000","Channel":"Security","Hostname":"WORKSTATION5.theshire.local","TimeCreated":"2020-12-19T07:00:03.905Z","@timestamp":"2020-12-19T07:00:03.905Z","EventID":4658,"Message":"The handle to an object was closed.\r\n\r\nSubject :\r\n\tSecurity ID:\t\tS-1-5-21-3786818125-2382361537-3207726629-1104\r\n\tAccount Name:\t\tpgustavo\r\n\tAccount Domain:\t\tTHESHIRE\r\n\tLogon ID:\t\t0x14F3C84\r\n\r\nObject:\r\n\tObject Server:\t\tSecurity\r\n\tHandle ID:\t\t0x3be8\r\n\r\nProcess Information:\r\n\tProcess ID:\t\t0x18b8\r\n\tProcess Name:\t\tC:\\Program Files\\Wireshark\\dumpcap.exe","Task":"12801","SubjectUserSid":"S-1-5-21-3786818125-2382361537-3207726629-1104","SubjectUserName":"pgustavo","SubjectDomainName":"THESHIRE","SubjectLogonId":"0x14f3c84","ObjectServer":"Security","HandleId":"0x3be8","ProcessId":"0x18b8","ProcessName":"C:\\Program Files\\Wireshark\\dumpcap.exe"}
{"SourceName":"Microsoft-Windows-Security-Auditing","ProviderGuid":"{54849625-5478-4994-a5ba-3e3b0328c30d}","Level":"0","Keywords":"0x8020000000000000","Channel":"Security","Hostname":"WORKSTATION5.theshire.local","TimeCreated":"2020-12-19T07:00:03.905Z","@timestamp":"2020-12-19T07:00:03.905Z","EventID":4656,"Message":"A handle to an object was requested.\r\n\r\nSubject:\r\n\tSecurity ID:\t\tS-1-5-21-3786818125-2382361537-3207726629-1104\r\n\tAccount Name:\t\tpgustavo\r\n\tAccount Domain:\t\tTHESHIRE\r\n\tLogon ID:\t\t0x14F3C84\r\n\r\nObject:\r\n\tObject Server:\t\tSecurity\r\n\tObject Type:\t\tKey\r\n\tObject Name:\t\t\\REGISTRY\\MACHINE\\SYSTEM\\ControlSet001\\Control\\Lsa\r\n\tHandle ID:\t\t0xf4\r\n\tResource Attributes:\t-\r\n\r\nProcess Information:\r\n\tProcess ID:\t\t0x18b8\r\n\tProcess Name:\t\tC:\\Program Files\\Wireshark\\dumpcap.exe\r\n\r\nAccess Request Information:\r\n\tTransaction ID:\t\t{00000000-0000-0000-0000-000000000000}\r\n\tAccesses:\t\tQuery key value\r\n\t\t\t\t\r\n\tAccess Reasons:\t\t-\r\n\tAccess Mask:\t\t0x1\r\n\tPrivileges Used for Access Check:\t-\r\n\tRestricted SID Count:\t0","Task":"12801","SubjectUserSid":"S-1-5-21-3786818125-2382361537-3207726629-1104","SubjectUserName":"pgustavo","SubjectDomainName":"THESHIRE","SubjectLogonId":"0x14f3c84","ObjectServer":"Security","ObjectType":"Key","ObjectName":"\\REGISTRY\\MACHINE\\SYSTEM\\ControlSet001\\Control\\Lsa","HandleId":"0xf4","TransactionId":"{00000000-0000-0000-0000-000000000000}","AccessList":"%%4432\n\t\t\t\t","AccessReason":"-","AccessMask":"0x1","PrivilegeList":"-","RestrictedSidCount":"0","ProcessId":"0x18b8","ProcessName":"C:\\Program Files\\Wireshark\\dumpcap.exe","ResourceAttributes":"-"}
{"SourceName":"Microsoft-Windows-Security-Auditing","ProviderGuid":"{54849625-5478-4994-a5ba-3e3b0328c30d}","Level":"0","Keywords":"0x8020000000000000","Channel":"Security","Hostname":"WORKSTATION5.theshire.local","TimeCreated":"2020-12-19T07:00:03.905Z","@timestamp":"2020-12-19T07:00:03.905Z","EventID":4663,"Message":"An attempt was made to access an object.\r\n\r\nSubject:\r\n\tSecurity ID:\t\tS-1-5-21-3786818125-2382361537-3207726629-1104\r\n\tAccount Name:\t\tpgustavo\r\n\tAccount Domain:\t\tTHESHIRE\r\n\tLogon ID:\t\t0x14F3C84\r\n\r\nObject:\r\n\tObject Server:\t\tSecurity\r\n\tObject Type:\t\tKey\r\n\tObject Name:\t\t\\REGISTRY\\MACHINE\\SYSTEM\\ControlSet001\\Control\\Lsa\r\n\tHandle ID:\t\t0xf4\r\n\tResource Attributes:\t-\r\n\r\nProcess Information:\r\n\tProcess ID:\t\t0x18b8\r\n\tProcess Name:\t\tC:\\Program Files\\Wireshark\\dumpcap.exe\r\n\r\nAccess Request Information:\r\n\tAccesses:\t\tQuery key value\r\n\t\t\t\t\r\n\tAccess Mask:\t\t0x1","Task":"12801","SubjectUserSid":"S-1-5-21-3786818125-2382361537-3207726629-1104","SubjectUserName":"pgustavo","SubjectDomainName":"THESHIRE","SubjectLogonId":"0x14f3c84","ObjectServer":"Security","ObjectType":"Key","ObjectName":"\\REGISTRY\\MACHINE\\SYSTEM\\ControlSet001\\Control\\Lsa","HandleId":"0xf4","AccessList":"%%4432\n\t\t\t\t","AccessMask":"0x1","ProcessId":"0x18b8","ProcessName":"C:\\Program Files\\Wireshark\\dumpcap.exe","ResourceAttributes":"-"}
{"SourceName":"Microsoft-Windows-Security-Auditing","ProviderGuid":"{54849625-5478-4994-a5ba-3e3b0328c30d}","Level":"0","Keywords":"0x8020000000000000","Channel":"Security","Hostname":"WORKSTATION5.theshire.local","TimeCreated":"2020-12-19T07:00:03.905Z","@timestamp":"2020-12-19T07:00:03.905Z","EventID":4658,"Message":"The handle to an object was closed.\r\n\r\nSubject :\r\n\tSecurity ID:\t\tS-1-5-21-3786818125-2382361537-3207726629-1104\r\n\tAccount Name:\t\tpgustavo\r\n\tAccount Domain:\t\tTHESHIRE\r\n\tLogon ID:\t\t0x14F3C84\r\n\r\nObject:\r\n\tObject Server:\t\tSecurity\r\n\tHandle ID:\t\t0xf4\r\n\r\nProcess Information:\r\n\tProcess ID:\t\t0x18b8\r\n\tProcess Name:\t\tC:\\Program Files\\Wireshark\\dumpcap.exe","Task":"12801","SubjectUserSid":"S-1-5-21-3786818125-2382361537-3207726629-1104","SubjectUserName":"pgustavo","SubjectDomainName":"THESHIRE","SubjectLogonId":"0x14f3c84","ObjectServer":"Security","HandleId":"0xf4","ProcessId":"0x18b8","ProcessName":"C:\\Program Files\\Wireshark\\dumpcap.exe"}
{"SourceName":"Microsoft-Windows-Security-Auditing","ProviderGuid":"{54849625-5478-4994-a5ba-3e3b0328c30d}","Level":"0","Keywords":"0x8010000000000000","Channel":"Security","Hostname":"WORKSTATION5.theshire.local","TimeCreated":"2020-12-19T07:00:03.924Z","@timestamp":"2020-12-19T07:00:03.924Z","EventID":4656,"Message":"A handle to an object was requested.\r\n\r\nSubject:\r\n\tSecurity ID:\t\tS-1-5-21-3786818125-2382361537-3207726629-1104\r\n\tAccount Name:\t\tpgustavo\r\n\tAccount Domain:\t\tTHESHIRE\r\n\tLogon ID:\t\t0x14F3C84\r\n\r\nObject:\r\n\tObject Server:\t\tSC Manager\r\n\tObject Type:\t\tSERVICE OBJECT\r\n\tObject Name:\t\tnpcap\r\n\tHandle ID:\t\t0x0\r\n\tResource Attributes:\t-\r\n\r\nProcess Information:\r\n\tProcess ID:\t\t0x2b8\r\n\tProcess Name:\t\tC:\\Windows\\System32\\services.exe\r\n\r\nAccess Request Information:\r\n\tTransaction ID:\t\t{00000000-0000-0000-0000-000000000000}\r\n\tAccesses:\t\tQuery status of service\r\n\t\t\t\tStart the service\r\n\t\t\t\t\r\n\tAccess Reasons:\t\t-\r\n\tAccess Mask:\t\t0x14\r\n\tPrivileges Used for Access Check:\t-\r\n\tRestricted SID Count:\t0","Task":"12804","SubjectUserSid":"S-1-5-21-3786818125-2382361537-3207726629-1104","SubjectUserName":"pgustavo","SubjectDomainName":"THESHIRE","SubjectLogonId":"0x14f3c84","ObjectServer":"SC Manager","ObjectType":"SERVICE OBJECT","ObjectName":"npcap","HandleId":"0x0","TransactionId":"{00000000-0000-0000-0000-000000000000}","AccessList":"%%7186\n\t\t\t\t%%7188\n\t\t\t\t","AccessReason":"-","AccessMask":"0x14","PrivilegeList":"-","RestrictedSidCount":"0","ProcessId":"0x2b8","ProcessName":"C:\\Windows\\System32\\services.exe","ResourceAttributes":"-"}
{"SourceName":"Microsoft-Windows-Security-Auditing","ProviderGuid":"{54849625-5478-4994-a5ba-3e3b0328c30d}","Level":"0","Keywords":"0x8020000000000000","Channel":"Security","Hostname":"WORKSTATION5.theshire.local","TimeCreated":"2020-12-19T07:00:09.367Z","@timestamp":"2020-12-19T07:00:09.367Z","EventID":5158,"Message":"The Windows Filtering Platform has permitted a bind to a local port.\r\n\r\nApplication Information:\r\n\tProcess ID:\t\t2928\r\n\tApplication Name:\t\\device\\harddiskvolume2\\windowsazure\\guestagent_2.7.41491.1005_2020-11-30_095005\\waappagent.exe\r\n\r\nNetwork Information:\r\n\tSource Address:\t\t0.0.0.0\r\n\tSource Port:\t\t56584\r\n\tProtocol:\t\t6\r\n\r\nFilter Information:\r\n\tFilter Run-Time ID:\t0\r\n\tLayer Name:\t\tResource Assignment\r\n\tLayer Run-Time ID:\t36","Task":"12810","ProcessId":"2928","Application":"\\device\\harddiskvolume2\\windowsazure\\guestagent_2.7.41491.1005_2020-11-30_095005\\waappagent.exe","SourceAddress":"0.0.0.0","SourcePort":"56584","Protocol":"6","FilterRTID":"0","LayerName":"%%14608","LayerRTID":"36"}
{"SourceName":"Microsoft-Windows-Security-Auditing","ProviderGuid":"{54849625-5478-4994-a5ba-3e3b0328c30d}","Level":"0","Keywords":"0x8020000000000000","Channel":"Security","Hostname":"WORKSTATION5.theshire.local","TimeCreated":"2020-12-19T07:00:09.368Z","@timestamp":"2020-12-19T07:00:09.368Z","EventID":5156,"Message":"The Windows Filtering Platform has permitted a connection.\r\n\r\nApplication Information:\r\n\tProcess ID:\t\t2928\r\n\tApplication Name:\t\\device\\harddiskvolume2\\windowsazure\\guestagent_2.7.41491.1005_2020-11-30_095005\\waappagent.exe\r\n\r\nNetwork Information:\r\n\tDirection:\t\tOutbound\r\n\tSource Address:\t\t172.18.39.5\r\n\tSource Port:\t\t56584\r\n\tDestination Address:\t168.63.129.16\r\n\tDestination Port:\t\t80\r\n\tProtocol:\t\t6\r\n\r\nFilter Information:\r\n\tFilter Run-Time ID:\t80050\r\n\tLayer Name:\t\tConnect\r\n\tLayer Run-Time ID:\t48","Task":"12810","ProcessID":"2928","Application":"\\device\\harddiskvolume2\\windowsazure\\guestagent_2.7.41491.1005_2020-11-30_095005\\waappagent.exe","Direction":"%%14593","SourceAddress":"172.18.39.5","SourcePort":"56584","DestAddress":"168.63.129.16","DestPort":"80","Protocol":"6","FilterRTID":"80050","LayerName":"%%14611","LayerRTID":"48","RemoteUserID":"S-1-0-0","RemoteMachineID":"S-1-0-0"}
{"SourceName":"Microsoft-Windows-Security-Auditing","ProviderGuid":"{54849625-5478-4994-a5ba-3e3b0328c30d}","Level":"0","Keywords":"0x8020000000000000","Channel":"Security","Hostname":"WORKSTATION5.theshire.local","TimeCreated":"2020-12-19T07:00:13.507Z","@timestamp":"2020-12-19T07:00:13.507Z","EventID":5158,"Message":"The Windows Filtering Platform has permitted a bind to a local port.\r\n\r\nApplication Information:\r\n\tProcess ID:\t\t3108\r\n\tApplication Name:\t\\device\\harddiskvolume2\\windowsazure\\guestagent_2.7.41491.1005_2020-11-30_095005\\guestagent\\windowsazureguestagent.exe\r\n\r\nNetwork Information:\r\n\tSource Address:\t\t0.0.0.0\r\n\tSource Port:\t\t56585\r\n\tProtocol:\t\t6\r\n\r\nFilter Information:\r\n\tFilter Run-Time ID:\t0\r\n\tLayer Name:\t\tResource Assignment\r\n\tLayer Run-Time ID:\t36","Task":"12810","ProcessId":"3108","Application":"\\device\\harddiskvolume2\\windowsazure\\guestagent_2.7.41491.1005_2020-11-30_095005\\guestagent\\windowsazureguestagent.exe","SourceAddress":"0.0.0.0","SourcePort":"56585","Protocol":"6","FilterRTID":"0","LayerName":"%%14608","LayerRTID":"36"}
{"SourceName":"Microsoft-Windows-Security-Auditing","ProviderGuid":"{54849625-5478-4994-a5ba-3e3b0328c30d}","Level":"0","Keywords":"0x8020000000000000","Channel":"Security","Hostname":"WORKSTATION5.theshire.local","TimeCreated":"2020-12-19T07:00:13.507Z","@timestamp":"2020-12-19T07:00:13.507Z","EventID":5156,"Message":"The Windows Filtering Platform has permitted a connection.\r\n\r\nApplication Information:\r\n\tProcess ID:\t\t3108\r\n\tApplication Name:\t\\device\\harddiskvolume2\\windowsazure\\guestagent_2.7.41491.1005_2020-11-30_095005\\guestagent\\windowsazureguestagent.exe\r\n\r\nNetwork Information:\r\n\tDirection:\t\tOutbound\r\n\tSource Address:\t\t172.18.39.5\r\n\tSource Port:\t\t56585\r\n\tDestination Address:\t168.63.129.16\r\n\tDestination Port:\t\t80\r\n\tProtocol:\t\t6\r\n\r\nFilter Information:\r\n\tFilter Run-Time ID:\t80050\r\n\tLayer Name:\t\tConnect\r\n\tLayer Run-Time ID:\t48","Task":"12810","ProcessID":"3108","Application":"\\device\\harddiskvolume2\\windowsazure\\guestagent_2.7.41491.1005_2020-11-30_095005\\guestagent\\windowsazureguestagent.exe","Direction":"%%14593","SourceAddress":"172.18.39.5","SourcePort":"56585","DestAddress":"168.63.129.16","DestPort":"80","Protocol":"6","FilterRTID":"80050","LayerName":"%%14611","LayerRTID":"48","RemoteUserID":"S-1-0-0","RemoteMachineID":"S-1-0-0"}
{"SourceName":"Microsoft-Windows-Security-Auditing","ProviderGuid":"{54849625-5478-4994-a5ba-3e3b0328c30d}","Level":"0","Keywords":"0x8020000000000000","Channel":"Security","Hostname":"WORKSTATION5.theshire.local","TimeCreated":"2020-12-19T07:00:14.464Z","@timestamp":"2020-12-19T07:00:14.464Z","EventID":5158,"Message":"The Windows Filtering Platform has permitted a bind to a local port.\r\n\r\nApplication Information:\r\n\tProcess ID:\t\t2556\r\n\tApplication Name:\t\\device\\harddiskvolume2\\program files\\microsoft monitoring agent\\agent\\healthservice.exe\r\n\r\nNetwork Information:\r\n\tSource Address:\t\t0.0.0.0\r\n\tSource Port:\t\t56586\r\n\tProtocol:\t\t6\r\n\r\nFilter Information:\r\n\tFilter Run-Time ID:\t0\r\n\tLayer Name:\t\tResource Assignment\r\n\tLayer Run-Time ID:\t36","Task":"12810","ProcessId":"2556","Application":"\\device\\harddiskvolume2\\program files\\microsoft monitoring agent\\agent\\healthservice.exe","SourceAddress":"0.0.0.0","SourcePort":"56586","Protocol":"6","FilterRTID":"0","LayerName":"%%14608","LayerRTID":"36"}
{"SourceName":"Microsoft-Windows-Security-Auditing","ProviderGuid":"{54849625-5478-4994-a5ba-3e3b0328c30d}","Level":"0","Keywords":"0x8020000000000000","Channel":"Security","Hostname":"WORKSTATION5.theshire.local","TimeCreated":"2020-12-19T07:00:14.464Z","@timestamp":"2020-12-19T07:00:14.464Z","EventID":5156,"Message":"The Windows Filtering Platform has permitted a connection.\r\n\r\nApplication Information:\r\n\tProcess ID:\t\t2556\r\n\tApplication Name:\t\\device\\harddiskvolume2\\program files\\microsoft monitoring agent\\agent\\healthservice.exe\r\n\r\nNetwork Information:\r\n\tDirection:\t\tOutbound\r\n\tSource Address:\t\t172.18.39.5\r\n\tSource Port:\t\t56586\r\n\tDestination Address:\t40.79.154.83\r\n\tDestination Port:\t\t443\r\n\tProtocol:\t\t6\r\n\r\nFilter Information:\r\n\tFilter Run-Time ID:\t77864\r\n\tLayer Name:\t\tConnect\r\n\tLayer Run-Time ID:\t48","Task":"12810","ProcessID":"2556","Application":"\\device\\harddiskvolume2\\program files\\microsoft monitoring agent\\agent\\healthservice.exe","Direction":"%%14593","SourceAddress":"172.18.39.5","SourcePort":"56586","DestAddress":"40.79.154.83","DestPort":"443","Protocol":"6","FilterRTID":"77864","LayerName":"%%14611","LayerRTID":"48","RemoteUserID":"S-1-0-0","RemoteMachineID":"S-1-0-0"}
{"SourceName":"Microsoft-Windows-Security-Auditing","ProviderGuid":"{54849625-5478-4994-a5ba-3e3b0328c30d}","Level":"0","Keywords":"0x8020000000000000","Channel":"Security","Hostname":"WORKSTATION5.theshire.local","TimeCreated":"2020-12-19T07:00:18.008Z","@timestamp":"2020-12-19T07:00:18.008Z","EventID":4688,"Message":"A new process has been created.\r\n\r\nCreator Subject:\r\n\tSecurity ID:\t\tS-1-5-18\r\n\tAccount Name:\t\tWORKSTATION5$\r\n\tAccount Domain:\t\tTHESHIRE\r\n\tLogon ID:\t\t0x3E7\r\n\r\nTarget Subject:\r\n\tSecurity ID:\t\tS-1-0-0\r\n\tAccount Name:\t\t-\r\n\tAccount Domain:\t\t-\r\n\tLogon ID:\t\t0x0\r\n\r\nProcess Information:\r\n\tNew Process ID:\t\t0x20fc\r\n\tNew Process Name:\tC:\\Windows\\System32\\cscript.exe\r\n\tToken Elevation Type:\t%%1936\r\n\tMandatory Label:\t\tS-1-16-16384\r\n\tCreator Process ID:\t0x1498\r\n\tCreator Process Name:\tC:\\Program Files\\Microsoft Monitoring Agent\\Agent\\MonitoringHost.exe\r\n\tProcess Command Line:\t\"C:\\windows\\system32\\cscript.exe\" /nologo \"MonitorKnowledgeDiscovery.vbs\"\r\n\r\nToken Elevation Type indicates the type of token that was assigned to the new process in accordance with User Account Control policy.\r\n\r\nType 1 is a full token with no privileges removed or groups disabled.  A full token is only used if User Account Control is disabled or if the user is the built-in Administrator account or a service account.\r\n\r\nType 2 is an elevated token with no privileges removed or groups disabled.  An elevated token is used when User Account Control is enabled and the user chooses to start the program using Run as administrator.  An elevated token is also used when an application is configured to always require administrative privilege or to always require maximum privilege, and the user is a member of the Administrators group.\r\n\r\nType 3 is a limited token with administrative privileges removed and administrative groups disabled.  The limited token is used when User Account Control is enabled, the application does not require administrative privilege, and the user does not choose to start the program using Run as administrator.","Task":"13312","SubjectUserSid":"S-1-5-18","SubjectUserName":"WORKSTATION5$","SubjectDomainName":"THESHIRE","SubjectLogonId":"0x3e7","NewProcessId":"0x20fc","NewProcessName":"C:\\Windows\\System32\\cscript.exe","TokenElevationType":"%%1936","ProcessId":"0x1498","CommandLine":"\"C:\\windows\\system32\\cscript.exe\" /nologo \"MonitorKnowledgeDiscovery.vbs\"","TargetUserSid":"S-1-0-0","TargetUserName":"-","TargetDomainName":"-","TargetLogonId":"0x0","ParentProcessName":"C:\\Program Files\\Microsoft Monitoring Agent\\Agent\\MonitoringHost.exe","MandatoryLabel":"S-1-16-16384"}
