{"SourceName":"Microsoft-Windows-Sysmon","ProviderGuid":"{5770385f-c22a-43e0-bf4c-06f5698ffbd9}","Level":"4","Keywords":"0x8000000000000000","Channel":"Microsoft-Windows-Sysmon/Operational","Hostname":"WORKSTATION6.theshire.local","TimeCreated":"2020-12-19T07:00:23.103Z","@timestamp":"2020-12-19T07:00:23.103Z","EventID":7,"Message":"Image loaded:\r\nRuleName: -\r\nUtcTime: 2020-12-19 12:00:23.102\r\nProcessGuid: {649442b8-eb57-5fdd-0b8c-000000000600}\r\nProcessId: 776\r\nImage: C:\\Windows\\System32\\cscript.exe\r\nImageLoaded: C:\\Windows\\System32\\mpr.dll\r\nFileVersion: 10.0.18362.1 (WinBuild.160101.0800)\r\nDescription: Multiple Provider Router DLL\r\nProduct: Microsoft Windows Operating System\r\nCompany: Microsoft Corporation\r\nOriginalFileName: mpr.dll\r\nHashes: SHA1=48DA5041305C0597E39338E97F10B18C4DF84075,MD5=7CE9D034ED633FF213BABC432DEFFC9E,SHA256=14B0BE646D4B5137B39F921FF891E10046C517A930E60EFED717DC33F1857E50,IMPHASH=A49478069FECE515641415AA10A41618\r\nSigned: true\r\nSignature: Microsoft Windows\r\nSignatureStatus: Valid","Task":"7","RuleName":"-","UtcTime":"2020-12-19 12:00:23.102","ProcessGuid":"{649442b8-eb57-5fdd-0b8c-000000000600}","ProcessId":"776","Image":"C:\\Windows\\System32\\cscript.exe","ImageLoaded":"C:\\Windows\\System32\\mpr.dll","FileVersion":"10.0.18362.1 (WinBuild.160101.0800)","Description":"Multiple Provider Router DLL","Product":"Microsoft Windows Operating System","Company":"Microsoft Corporation","OriginalFileName":"mpr.dll","Hashes":"SHA1=48DA5041305C0597E39338E97F10B18C4DF84075,MD5=7CE9D034ED633FF213BABC432DEFFC9E,SHA256=14B0BE646D4B5137B39F921FF891E10046C517A930E60EFED717DC33F1857E50,IMPHASH=A49478069FECE515641415AA10A41618","Signed":"true","Signature":"Microsoft Windows","SignatureStatus":"Valid"}
{"SourceName":"Microsoft-Windows-Sysmon","ProviderGuid":"{5770385f-c22a-43e0-bf4c-06f5698ffbd9}","Level":"4","Keywords":"0x8000000000000000","Channel":"Microsoft-Windows-Sysmon/Operational","Hostname":"WORKSTATION6.theshire.local","TimeCreated":"2020-12-19T07:00:23.104Z","@timestamp":"2020-12-19T07:00:23.104Z","EventID":7,"Message":"Image loaded:\r\nRuleName: -\r\nUtcTime: 2020-12-19 12:00:23.102\r\nProcessGuid: {649442b8-eb57-5fdd-0b8c-000000000600}\r\nProcessId: 776\r\nImage: C:\\Windows\\System32\\cscript.exe\r\nImageLoaded: C:\\Windows\\System32\\scrrun.dll\r\nFileVersion: 5.812.10240.16384\r\nDescription: Microsoft  Script Runtime\r\nProduct: Microsoft  Script Runtime\r\nCompany: Microsoft Corporation\r\nOriginalFileName: scrrun.dll\r\nHashes: SHA1=89B8653AC5DFCA3641B7F96E7920098D9F5580CE,MD5=7ADCFEE741DF22DA4740A23AAA12FC95,SHA256=C13F473DE12DB05364B565E3E4D5E4E1A97B942B6CC49C38C8974C2D49C9CAB1,IMPHASH=F90736BF92CC46B1B7699517D14BF2CD\r\nSigned: true\r\nSignature: Microsoft Windows\r\nSignatureStatus: Valid","Task":"7","RuleName":"-","UtcTime":"2020-12-19 12:00:23.102","ProcessGuid":"{649442b8-eb57-5fdd-0b8c-000000000600}","ProcessId":"776","Image":"C:\\Windows\\System32\\cscript.exe","ImageLoaded":"C:\\Windows\\System32\\scrrun.dll","FileVersion":"5.812.10240.16384","Description":"Microsoft  Script Runtime","Product":"Microsoft  Script Runtime","Company":"Microsoft Corporation","OriginalFileName":"scrrun.dll","Hashes":"SHA1=89B8653AC5DFCA3641B7F96E7920098D9F5580CE,MD5=7ADCFEE741DF22DA4740A23AAA12FC95,SHA256=C13F473DE12DB05364B565E3E4D5E4E1A97B942B6CC49C38C8974C2D49C9CAB1,IMPHASH=F90736BF92CC46B1B7699517D14BF2CD","Signed":"true","Signature":"Microsoft Windows","SignatureStatus":"Valid"}
{"SourceName":"Microsoft-Windows-Sysmon","ProviderGuid":"{5770385f-c22a-43e0-bf4c-06f5698ffbd9}","Level":"4","Keywords":"0x8000000000000000","Channel":"Microsoft-Windows-Sysmon/Operational","Hostname":"WORKSTATION6.theshire.local","TimeCreated":"2020-12-19T07:00:23.106Z","@timestamp":"2020-12-19T07:00:23.106Z","EventID":7,"Message":"Image loaded:\r\nRuleName: -\r\nUtcTime: 2020-12-19 12:00:23.102\r\nProcessGuid: {649442b8-eb57-5fdd-0b8c-000000000600}\r\nProcessId: 776\r\nImage: C:\\Windows\\System32\\cscript.exe\r\nImageLoaded: C:\\Windows\\System32\\msxml6.dll\r\nFileVersion: 6.30.18362.1110\r\nDescription: MSXML 6.0\r\nProduct: Microsoft XML Core Services\r\nCompany: Microsoft Corporation\r\nOriginalFileName: MSXML6.dll\r\nHashes: SHA1=4B22C27D612566B6117CD881A6819473A3944113,MD5=8B1AB4A268D2E35104C852BD134685F9,SHA256=652AA12AE05987CC5F5051E361B4ACD98822D8C980147EBEC89A462FEE92B09D,IMPHASH=710151239A53A1AF126E16EC22DE421E\r\nSigned: true\r\nSignature: Microsoft Windows\r\nSignatureStatus: Valid","Task":"7","RuleName":"-","UtcTime":"2020-12-19 12:00:23.102","ProcessGuid":"{649442b8-eb57-5fdd-0b8c-000000000600}","ProcessId":"776","Image":"C:\\Windows\\System32\\cscript.exe","ImageLoaded":"C:\\Windows\\System32\\msxml6.dll","FileVersion":"6.30.18362.1110","Description":"MSXML 6.0","Product":"Microsoft XML Core Services","Company":"Microsoft Corporation","OriginalFileName":"MSXML6.dll","Hashes":"SHA1=4B22C27D612566B6117CD881A6819473A3944113,MD5=8B1AB4A268D2E35104C852BD134685F9,SHA256=652AA12AE05987CC5F5051E361B4ACD98822D8C980147EBEC89A462FEE92B09D,IMPHASH=710151239A53A1AF126E16EC22DE421E","Signed":"true","Signature":"Microsoft Windows","SignatureStatus":"Valid"}
{"SourceName":"Microsoft-Windows-Sysmon","ProviderGuid":"{5770385f-c22a-43e0-bf4c-06f5698ffbd9}","Level":"4","Keywords":"0x8000000000000000","Channel":"Microsoft-Windows-Sysmon/Operational","Hostname":"WORKSTATION6.theshire.local","TimeCreated":"2020-12-19T07:00:23.110Z","@timestamp":"2020-12-19T07:00:23.110Z","EventID":5,"Message":"Process terminated:\r\nRuleName: -\r\nUtcTime: 2020-12-19 12:00:23.102\r\nProcessGuid: {649442b8-eb57-5fdd-0b8c-000000000600}\r\nProcessId: 776\r\nImage: C:\\Windows\\System32\\cscript.exe","Task":"5","RuleName":"-","UtcTime":"2020-12-19 12:00:23.102","ProcessGuid":"{649442b8-eb57-5fdd-0b8c-000000000600}","ProcessId":"776","Image":"C:\\Windows\\System32\\cscript.exe"}
{"SourceName":"Microsoft-Windows-Sysmon","ProviderGuid":"{5770385f-c22a-43e0-bf4c-06f5698ffbd9}","Level":"4","Keywords":"0x8000000000000000","Channel":"Microsoft-Windows-Sysmon/Operational","Hostname":"WORKSTATION6.theshire.local","TimeCreated":"2020-12-19T07:00:23.112Z","@timestamp":"2020-12-19T07:00:23.112Z","EventID":5,"Message":"Process terminated:\r\nRuleName: -\r\nUtcTime: 2020-12-19 12:00:23.102\r\nProcessGuid: {649442b8-eb57-5fdd-0c8c-000000000600}\r\nProcessId: 1408\r\nImage: C:\\Windows\\System32\\conhost.exe","Task":"5","RuleName":"-","UtcTime":"2020-12-19 12:00:23.102","ProcessGuid":"{649442b8-eb57-5fdd-0c8c-000000000600}","ProcessId":"1408","Image":"C:\\Windows\\System32\\conhost.exe"}
{"SourceName":"Microsoft-Windows-Sysmon","ProviderGuid":"{5770385f-c22a-43e0-bf4c-06f5698ffbd9}","Level":"4","Keywords":"0x8000000000000000","Channel":"Microsoft-Windows-Sysmon/Operational","Hostname":"WORKSTATION6.theshire.local","TimeCreated":"2020-12-19T07:00:23.245Z","@timestamp":"2020-12-19T07:00:23.245Z","EventID":3,"Message":"Network connection detected:\r\nRuleName: -\r\nUtcTime: 2020-12-19 12:00:01.008\r\nProcessGuid: {649442b8-52d8-5fd1-1100-000000000600}\r\nProcessId: 984\r\nImage: C:\\Windows\\System32\\svchost.exe\r\nUser: NT AUTHORITY\\NETWORK SERVICE\r\nProtocol: tcp\r\nInitiated: false\r\nSourceIsIpv6: false\r\nSourceIp: 172.18.39.5\r\nSourceHostname: -\r\nSourcePort: 56587\r\nSourcePortName: -\r\nDestinationIsIpv6: false\r\nDestinationIp: 172.18.39.6\r\nDestinationHostname: -\r\nDestinationPort: 135\r\nDestinationPortName: -","Task":"3","RuleName":"-","UtcTime":"2020-12-19 12:00:01.008","ProcessGuid":"{649442b8-52d8-5fd1-1100-000000000600}","ProcessId":"984","Image":"C:\\Windows\\System32\\svchost.exe","User":"NT AUTHORITY\\NETWORK SERVICE","Protocol":"tcp","Initiated":"false","SourceIsIpv6":"false","SourceIp":"172.18.39.5","SourceHostname":"-","SourcePort":"56587","SourcePortName":"-","DestinationIsIpv6":"false","DestinationIp":"172.18.39.6","DestinationHostname":"-","DestinationPort":"135","DestinationPortName":"-"}
{"SourceName":"Microsoft-Windows-Sysmon","ProviderGuid":"{5770385f-c22a-43e0-bf4c-06f5698ffbd9}","Level":"4","Keywords":"0x8000000000000000","Channel":"Microsoft-Windows-Sysmon/Operational","Hostname":"WORKSTATION6.theshire.local","TimeCreated":"2020-12-19T07:00:23.245Z","@timestamp":"2020-12-19T07:00:23.245Z","EventID":3,"Message":"Network connection detected:\r\nRuleName: -\r\nUtcTime: 2020-12-19 12:00:01.012\r\nProcessGuid: {649442b8-52dc-5fd1-3600-000000000600}\r\nProcessId: 2220\r\nImage: C:\\Windows\\System32\\svchost.exe\r\nUser: NT AUTHORITY\\SYSTEM\r\nProtocol: tcp\r\nInitiated: false\r\nSourceIsIpv6: false\r\nSourceIp: 172.18.39.5\r\nSourceHostname: -\r\nSourcePort: 56588\r\nSourcePortName: -\r\nDestinationIsIpv6: false\r\nDestinationIp: 172.18.39.6\r\nDestinationHostname: -\r\nDestinationPort: 49671\r\nDestinationPortName: -","Task":"3","RuleName":"-","UtcTime":"2020-12-19 12:00:01.012","ProcessGuid":"{649442b8-52dc-5fd1-3600-000000000600}","ProcessId":"2220","Image":"C:\\Windows\\System32\\svchost.exe","User":"NT AUTHORITY\\SYSTEM","Protocol":"tcp","Initiated":"false","SourceIsIpv6":"false","SourceIp":"172.18.39.5","SourceHostname":"-","SourcePort":"56588","SourcePortName":"-","DestinationIsIpv6":"false","DestinationIp":"172.18.39.6","DestinationHostname":"-","DestinationPort":"49671","DestinationPortName":"-"}
{"SourceName":"Microsoft-Windows-Sysmon","ProviderGuid":"{5770385f-c22a-43e0-bf4c-06f5698ffbd9}","Level":"4","Keywords":"0x8000000000000000","Channel":"Microsoft-Windows-Sysmon/Operational","Hostname":"WORKSTATION6.theshire.local","TimeCreated":"2020-12-19T07:00:24.056Z","@timestamp":"2020-12-19T07:00:24.056Z","EventID":10,"Message":"Process accessed:\r\nRuleName: -\r\nUtcTime: 2020-12-19 12:00:24.055\r\nSourceProcessGUID: {649442b8-52d8-5fd1-0f00-000000000600}\r\nSourceProcessId: 876\r\nSourceThreadId: 420\r\nSourceImage: C:\\windows\\system32\\svchost.exe\r\nTargetProcessGUID: {649442b8-7bc5-5fd2-070d-000000000600}\r\nTargetProcessId: 4212\r\nTargetImage: C:\\Windows\\SystemApps\\InputApp_cw5n1h2txyewy\\WindowsInternal.ComposableShell.Experiences.TextInput.InputApp.exe\r\nGrantedAccess: 0x1000\r\nCallTrace: C:\\windows\\SYSTEM32\\ntdll.dll+9cbb4|C:\\windows\\SYSTEM32\\psmserviceexthost.dll+222a3|C:\\windows\\SYSTEM32\\psmserviceexthost.dll+37ea0|C:\\windows\\SYSTEM32\\psmserviceexthost.dll+37929|C:\\windows\\SYSTEM32\\psmserviceexthost.dll+686f8|C:\\windows\\SYSTEM32\\psmserviceexthost.dll+6e84a|C:\\windows\\SYSTEM32\\psmserviceexthost.dll+6f700|C:\\windows\\SYSTEM32\\psmserviceexthost.dll+34be4|C:\\windows\\SYSTEM32\\psmserviceexthost.dll+6f63e|C:\\windows\\SYSTEM32\\psmserviceexthost.dll+713b5|C:\\windows\\SYSTEM32\\psmserviceexthost.dll+7144d|C:\\windows\\SYSTEM32\\psmserviceexthost.dll+50bd0|C:\\windows\\SYSTEM32\\psmserviceexthost.dll+4500a|C:\\windows\\System32\\KERNEL32.DLL+17c24|C:\\windows\\SYSTEM32\\ntdll.dll+6d4d1","Task":"10","RuleName":"-","UtcTime":"2020-12-19 12:00:24.055","SourceProcessGUID":"{649442b8-52d8-5fd1-0f00-000000000600}","SourceProcessId":"876","SourceThreadId":"420","SourceImage":"C:\\windows\\system32\\svchost.exe","TargetProcessGUID":"{649442b8-7bc5-5fd2-070d-000000000600}","TargetProcessId":"4212","TargetImage":"C:\\Windows\\SystemApps\\InputApp_cw5n1h2txyewy\\WindowsInternal.ComposableShell.Experiences.TextInput.InputApp.exe","GrantedAccess":"0x1000","CallTrace":"C:\\windows\\SYSTEM32\\ntdll.dll+9cbb4|C:\\windows\\SYSTEM32\\psmserviceexthost.dll+222a3|C:\\windows\\SYSTEM32\\psmserviceexthost.dll+37ea0|C:\\windows\\SYSTEM32\\psmserviceexthost.dll+37929|C:\\windows\\SYSTEM32\\psmserviceexthost.dll+686f8|C:\\windows\\SYSTEM32\\psmserviceexthost.dll+6e84a|C:\\windows\\SYSTEM32\\psmserviceexthost.dll+6f700|C:\\windows\\SYSTEM32\\psmserviceexthost.dll+34be4|C:\\windows\\SYSTEM32\\psmserviceexthost.dll+6f63e|C:\\windows\\SYSTEM32\\psmserviceexthost.dll+713b5|C:\\windows\\SYSTEM32\\psmserviceexthost.dll+7144d|C:\\windows\\SYSTEM32\\psmserviceexthost.dll+50bd0|C:\\windows\\SYSTEM32\\psmserviceexthost.dll+4500a|C:\\windows\\System32\\KERNEL32.DLL+17c24|C:\\windows\\SYSTEM32\\ntdll.dll+6d4d1"}
{"SourceName":"Microsoft-Windows-Sysmon","ProviderGuid":"{5770385f-c22a-43e0-bf4c-06f5698ffbd9}","Level":"4","Keywords":"0x8000000000000000","Channel":"Microsoft-Windows-Sysmon/Operational","Hostname":"WORKSTATION6.theshire.local","TimeCreated":"2020-12-19T07:00:24.056Z","@timestamp":"2020-12-19T07:00:24.056Z","EventID":10,"Message":"Process accessed:\r\nRuleName: -\r\nUtcTime: 2020-12-19 12:00:24.055\r\nSourceProcessGUID: {649442b8-52d8-5fd1-0f00-000000000600}\r\nSourceProcessId: 876\r\nSourceThreadId: 420\r\nSourceImage: C:\\windows\\system32\\svchost.exe\r\nTargetProcessGUID: {649442b8-7bc5-5fd2-070d-000000000600}\r\nTargetProcessId: 4212\r\nTargetImage: C:\\Windows\\SystemApps\\InputApp_cw5n1h2txyewy\\WindowsInternal.ComposableShell.Experiences.TextInput.InputApp.exe\r\nGrantedAccess: 0x1000\r\nCallTrace: C:\\windows\\SYSTEM32\\ntdll.dll+9cbb4|C:\\windows\\SYSTEM32\\psmserviceexthost.dll+222a3|C:\\windows\\SYSTEM32\\psmserviceexthost.dll+1a172|C:\\windows\\SYSTEM32\\psmserviceexthost.dll+19e3b|C:\\windows\\SYSTEM32\\psmserviceexthost.dll+68664|C:\\windows\\SYSTEM32\\psmserviceexthost.dll+6e84a|C:\\windows\\SYSTEM32\\psmserviceexthost.dll+7280e|C:\\windows\\SYSTEM32\\psmserviceexthost.dll+71483|C:\\windows\\SYSTEM32\\psmserviceexthost.dll+50bd0|C:\\windows\\SYSTEM32\\psmserviceexthost.dll+4500a|C:\\windows\\System32\\KERNEL32.DLL+17c24|C:\\windows\\SYSTEM32\\ntdll.dll+6d4d1","Task":"10","RuleName":"-","UtcTime":"2020-12-19 12:00:24.055","SourceProcessGUID":"{649442b8-52d8-5fd1-0f00-000000000600}","SourceProcessId":"876","SourceThreadId":"420","SourceImage":"C:\\windows\\system32\\svchost.exe","TargetProcessGUID":"{649442b8-7bc5-5fd2-070d-000000000600}","TargetProcessId":"4212","TargetImage":"C:\\Windows\\SystemApps\\InputApp_cw5n1h2txyewy\\WindowsInternal.ComposableShell.Experiences.TextInput.InputApp.exe","GrantedAccess":"0x1000","CallTrace":"C:\\windows\\SYSTEM32\\ntdll.dll+9cbb4|C:\\windows\\SYSTEM32\\psmserviceexthost.dll+222a3|C:\\windows\\SYSTEM32\\psmserviceexthost.dll+1a172|C:\\windows\\SYSTEM32\\psmserviceexthost.dll+19e3b|C:\\windows\\SYSTEM32\\psmserviceexthost.dll+68664|C:\\windows\\SYSTEM32\\psmserviceexthost.dll+6e84a|C:\\windows\\SYSTEM32\\psmserviceexthost.dll+7280e|C:\\windows\\SYSTEM32\\psmserviceexthost.dll+71483|C:\\windows\\SYSTEM32\\psmserviceexthost.dll+50bd0|C:\\windows\\SYSTEM32\\psmserviceexthost.dll+4500a|C:\\windows\\System32\\KERNEL32.DLL+17c24|C:\\windows\\SYSTEM32\\ntdll.dll+6d4d1"}
{"SourceName":"Microsoft-Windows-Sysmon","ProviderGuid":"{5770385f-c22a-43e0-bf4c-06f5698ffbd9}","Level":"4","Keywords":"0x8000000000000000","Channel":"Microsoft-Windows-Sysmon/Operational","Hostname":"WORKSTATION6.theshire.local","TimeCreated":"2020-12-19T07:00:24.057Z","@timestamp":"2020-12-19T07:00:24.057Z","EventID":10,"Message":"Process accessed:\r\nRuleName: -\r\nUtcTime: 2020-12-19 12:00:24.055\r\nSourceProcessGUID: {649442b8-52d8-5fd1-0f00-000000000600}\r\nSourceProcessId: 876\r\nSourceThreadId: 420\r\nSourceImage: C:\\windows\\system32\\svchost.exe\r\nTargetProcessGUID: {649442b8-7bc5-5fd2-070d-000000000600}\r\nTargetProcessId: 4212\r\nTargetImage: C:\\Windows\\SystemApps\\InputApp_cw5n1h2txyewy\\WindowsInternal.ComposableShell.Experiences.TextInput.InputApp.exe\r\nGrantedAccess: 0x1000\r\nCallTrace: C:\\windows\\SYSTEM32\\ntdll.dll+9cbb4|C:\\windows\\SYSTEM32\\psmserviceexthost.dll+222a3|C:\\windows\\SYSTEM32\\psmserviceexthost.dll+37ea0|C:\\windows\\SYSTEM32\\psmserviceexthost.dll+37929|C:\\windows\\SYSTEM32\\psmserviceexthost.dll+686f8|C:\\windows\\SYSTEM32\\psmserviceexthost.dll+6e84a|C:\\windows\\SYSTEM32\\psmserviceexthost.dll+7280e|C:\\windows\\SYSTEM32\\psmserviceexthost.dll+71483|C:\\windows\\SYSTEM32\\psmserviceexthost.dll+50bd0|C:\\windows\\SYSTEM32\\psmserviceexthost.dll+4500a|C:\\windows\\System32\\KERNEL32.DLL+17c24|C:\\windows\\SYSTEM32\\ntdll.dll+6d4d1","Task":"10","RuleName":"-","UtcTime":"2020-12-19 12:00:24.055","SourceProcessGUID":"{649442b8-52d8-5fd1-0f00-000000000600}","SourceProcessId":"876","SourceThreadId":"420","SourceImage":"C:\\windows\\system32\\svchost.exe","TargetProcessGUID":"{649442b8-7bc5-5fd2-070d-000000000600}","TargetProcessId":"4212","TargetImage":"C:\\Windows\\SystemApps\\InputApp_cw5n1h2txyewy\\WindowsInternal.ComposableShell.Experiences.TextInput.InputApp.exe","GrantedAccess":"0x1000","CallTrace":"C:\\windows\\SYSTEM32\\ntdll.dll+9cbb4|C:\\windows\\SYSTEM32\\psmserviceexthost.dll+222a3|C:\\windows\\SYSTEM32\\psmserviceexthost.dll+37ea0|C:\\windows\\SYSTEM32\\psmserviceexthost.dll+37929|C:\\windows\\SYSTEM32\\psmserviceexthost.dll+686f8|C:\\windows\\SYSTEM32\\psmserviceexthost.dll+6e84a|C:\\windows\\SYSTEM32\\psmserviceexthost.dll+7280e|C:\\windows\\SYSTEM32\\psmserviceexthost.dll+71483|C:\\windows\\SYSTEM32\\psmserviceexthost.dll+50bd0|C:\\windows\\SYSTEM32\\psmserviceexthost.dll+4500a|C:\\windows\\System32\\KERNEL32.DLL+17c24|C:\\windows\\SYSTEM32\\ntdll.dll+6d4d1"}
{"SourceName":"Microsoft-Windows-Sysmon","ProviderGuid":"{5770385f-c22a-43e0-bf4c-06f5698ffbd9}","Level":"4","Keywords":"0x8000000000000000","Channel":"Microsoft-Windows-Sysmon/Operational","Hostname":"WORKSTATION6.theshire.local","TimeCreated":"2020-12-19T07:00:24.263Z","@timestamp":"2020-12-19T07:00:24.263Z","EventID":3,"Message":"Network connection detected:\r\nRuleName: -\r\nUtcTime: 2020-12-19 12:00:02.015\r\nProcessGuid: {649442b8-52d8-5fd1-0c00-000000000600}\r\nProcessId: 740\r\nImage: C:\\Windows\\System32\\lsass.exe\r\nUser: NT AUTHORITY\\SYSTEM\r\nProtocol: tcp\r\nInitiated: true\r\nSourceIsIpv6: false\r\nSourceIp: 172.18.39.6\r\nSourceHostname: -\r\nSourcePort: 53607\r\nSourcePortName: -\r\nDestinationIsIpv6: false\r\nDestinationIp: 172.18.38.5\r\nDestinationHostname: -\r\nDestinationPort: 135\r\nDestinationPortName: -","Task":"3","RuleName":"-","UtcTime":"2020-12-19 12:00:02.015","ProcessGuid":"{649442b8-52d8-5fd1-0c00-000000000600}","ProcessId":"740","Image":"C:\\Windows\\System32\\lsass.exe","User":"NT AUTHORITY\\SYSTEM","Protocol":"tcp","Initiated":"true","SourceIsIpv6":"false","SourceIp":"172.18.39.6","SourceHostname":"-","SourcePort":"53607","SourcePortName":"-","DestinationIsIpv6":"false","DestinationIp":"172.18.38.5","DestinationHostname":"-","DestinationPort":"135","DestinationPortName":"-"}
{"SourceName":"Microsoft-Windows-Sysmon","ProviderGuid":"{5770385f-c22a-43e0-bf4c-06f5698ffbd9}","Level":"4","Keywords":"0x8000000000000000","Channel":"Microsoft-Windows-Sysmon/Operational","Hostname":"WORKSTATION6.theshire.local","TimeCreated":"2020-12-19T07:00:24.264Z","@timestamp":"2020-12-19T07:00:24.264Z","EventID":3,"Message":"Network connection detected:\r\nRuleName: -\r\nUtcTime: 2020-12-19 12:00:02.017\r\nProcessGuid: {649442b8-52d8-5fd1-0c00-000000000600}\r\nProcessId: 740\r\nImage: C:\\Windows\\System32\\lsass.exe\r\nUser: NT AUTHORITY\\SYSTEM\r\nProtocol: tcp\r\nInitiated: true\r\nSourceIsIpv6: false\r\nSourceIp: 172.18.39.6\r\nSourceHostname: -\r\nSourcePort: 53608\r\nSourcePortName: -\r\nDestinationIsIpv6: false\r\nDestinationIp: 172.18.38.5\r\nDestinationHostname: -\r\nDestinationPort: 49674\r\nDestinationPortName: -","Task":"3","RuleName":"-","UtcTime":"2020-12-19 12:00:02.017","ProcessGuid":"{649442b8-52d8-5fd1-0c00-000000000600}","ProcessId":"740","Image":"C:\\Windows\\System32\\lsass.exe","User":"NT AUTHORITY\\SYSTEM","Protocol":"tcp","Initiated":"true","SourceIsIpv6":"false","SourceIp":"172.18.39.6","SourceHostname":"-","SourcePort":"53608","SourcePortName":"-","DestinationIsIpv6":"false","DestinationIp":"172.18.38.5","DestinationHostname":"-","DestinationPort":"49674","DestinationPortName":"-"}
{"SourceName":"Microsoft-Windows-Sysmon","ProviderGuid":"{5770385f-c22a-43e0-bf4c-06f5698ffbd9}","Level":"4","Keywords":"0x8000000000000000","Channel":"Microsoft-Windows-Sysmon/Operational","Hostname":"WORKSTATION6.theshire.local","TimeCreated":"2020-12-19T07:00:25.056Z","@timestamp":"2020-12-19T07:00:25.056Z","EventID":10,"Message":"Process accessed:\r\nRuleName: -\r\nUtcTime: 2020-12-19 12:00:25.055\r\nSourceProcessGUID: {649442b8-52d8-5fd1-0f00-000000000600}\r\nSourceProcessId: 876\r\nSourceThreadId: 420\r\nSourceImage: C:\\windows\\system32\\svchost.exe\r\nTargetProcessGUID: {649442b8-7bc5-5fd2-070d-000000000600}\r\nTargetProcessId: 4212\r\nTargetImage: C:\\Windows\\SystemApps\\InputApp_cw5n1h2txyewy\\WindowsInternal.ComposableShell.Experiences.TextInput.InputApp.exe\r\nGrantedAccess: 0x1000\r\nCallTrace: C:\\windows\\SYSTEM32\\ntdll.dll+9cbb4|C:\\windows\\SYSTEM32\\psmserviceexthost.dll+222a3|C:\\windows\\SYSTEM32\\psmserviceexthost.dll+37ea0|C:\\windows\\SYSTEM32\\psmserviceexthost.dll+37929|C:\\windows\\SYSTEM32\\psmserviceexthost.dll+686f8|C:\\windows\\SYSTEM32\\psmserviceexthost.dll+6e84a|C:\\windows\\SYSTEM32\\psmserviceexthost.dll+6f700|C:\\windows\\SYSTEM32\\psmserviceexthost.dll+34be4|C:\\windows\\SYSTEM32\\psmserviceexthost.dll+6f63e|C:\\windows\\SYSTEM32\\psmserviceexthost.dll+713b5|C:\\windows\\SYSTEM32\\psmserviceexthost.dll+7144d|C:\\windows\\SYSTEM32\\psmserviceexthost.dll+50bd0|C:\\windows\\SYSTEM32\\psmserviceexthost.dll+4500a|C:\\windows\\System32\\KERNEL32.DLL+17c24|C:\\windows\\SYSTEM32\\ntdll.dll+6d4d1","Task":"10","RuleName":"-","UtcTime":"2020-12-19 12:00:25.055","SourceProcessGUID":"{649442b8-52d8-5fd1-0f00-000000000600}","SourceProcessId":"876","SourceThreadId":"420","SourceImage":"C:\\windows\\system32\\svchost.exe","TargetProcessGUID":"{649442b8-7bc5-5fd2-070d-000000000600}","TargetProcessId":"4212","TargetImage":"C:\\Windows\\SystemApps\\InputApp_cw5n1h2txyewy\\WindowsInternal.ComposableShell.Experiences.TextInput.InputApp.exe","GrantedAccess":"0x1000","CallTrace":"C:\\windows\\SYSTEM32\\ntdll.dll+9cbb4|C:\\windows\\SYSTEM32\\psmserviceexthost.dll+222a3|C:\\windows\\SYSTEM32\\psmserviceexthost.dll+37ea0|C:\\windows\\SYSTEM32\\psmserviceexthost.dll+37929|C:\\windows\\SYSTEM32\\psmserviceexthost.dll+686f8|C:\\windows\\SYSTEM32\\psmserviceexthost.dll+6e84a|C:\\windows\\SYSTEM32\\psmserviceexthost.dll+6f700|C:\\windows\\SYSTEM32\\psmserviceexthost.dll+34be4|C:\\windows\\SYSTEM32\\psmserviceexthost.dll+6f63e|C:\\windows\\SYSTEM32\\psmserviceexthost.dll+713b5|C:\\windows\\SYSTEM32\\psmserviceexthost.dll+7144d|C:\\windows\\SYSTEM32\\psmserviceexthost.dll+50bd0|C:\\windows\\SYSTEM32\\psmserviceexthost.dll+4500a|C:\\windows\\System32\\KERNEL32.DLL+17c24|C:\\windows\\SYSTEM32\\ntdll.dll+6d4d1"}
{"SourceName":"Microsoft-Windows-Sysmon","ProviderGuid":"{5770385f-c22a-43e0-bf4c-06f5698ffbd9}","Level":"4","Keywords":"0x8000000000000000","Channel":"Microsoft-Windows-Sysmon/Operational","Hostname":"WORKSTATION6.theshire.local","TimeCreated":"2020-12-19T07:00:25.057Z","@timestamp":"2020-12-19T07:00:25.057Z","EventID":10,"Message":"Process accessed:\r\nRuleName: -\r\nUtcTime: 2020-12-19 12:00:25.055\r\nSourceProcessGUID: {649442b8-52d8-5fd1-0f00-000000000600}\r\nSourceProcessId: 876\r\nSourceThreadId: 420\r\nSourceImage: C:\\windows\\system32\\svchost.exe\r\nTargetProcessGUID: {649442b8-7bc5-5fd2-070d-000000000600}\r\nTargetProcessId: 4212\r\nTargetImage: C:\\Windows\\SystemApps\\InputApp_cw5n1h2txyewy\\WindowsInternal.ComposableShell.Experiences.TextInput.InputApp.exe\r\nGrantedAccess: 0x1000\r\nCallTrace: C:\\windows\\SYSTEM32\\ntdll.dll+9cbb4|C:\\windows\\SYSTEM32\\psmserviceexthost.dll+222a3|C:\\windows\\SYSTEM32\\psmserviceexthost.dll+1a172|C:\\windows\\SYSTEM32\\psmserviceexthost.dll+19e3b|C:\\windows\\SYSTEM32\\psmserviceexthost.dll+68664|C:\\windows\\SYSTEM32\\psmserviceexthost.dll+6e84a|C:\\windows\\SYSTEM32\\psmserviceexthost.dll+7280e|C:\\windows\\SYSTEM32\\psmserviceexthost.dll+71483|C:\\windows\\SYSTEM32\\psmserviceexthost.dll+50bd0|C:\\windows\\SYSTEM32\\psmserviceexthost.dll+4500a|C:\\windows\\System32\\KERNEL32.DLL+17c24|C:\\windows\\SYSTEM32\\ntdll.dll+6d4d1","Task":"10","RuleName":"-","UtcTime":"2020-12-19 12:00:25.055","SourceProcessGUID":"{649442b8-52d8-5fd1-0f00-000000000600}","SourceProcessId":"876","SourceThreadId":"420","SourceImage":"C:\\windows\\system32\\svchost.exe","TargetProcessGUID":"{649442b8-7bc5-5fd2-070d-000000000600}","TargetProcessId":"4212","TargetImage":"C:\\Windows\\SystemApps\\InputApp_cw5n1h2txyewy\\WindowsInternal.ComposableShell.Experiences.TextInput.InputApp.exe","GrantedAccess":"0x1000","CallTrace":"C:\\windows\\SYSTEM32\\ntdll.dll+9cbb4|C:\\windows\\SYSTEM32\\psmserviceexthost.dll+222a3|C:\\windows\\SYSTEM32\\psmserviceexthost.dll+1a172|C:\\windows\\SYSTEM32\\psmserviceexthost.dll+19e3b|C:\\windows\\SYSTEM32\\psmserviceexthost.dll+68664|C:\\windows\\SYSTEM32\\psmserviceexthost.dll+6e84a|C:\\windows\\SYSTEM32\\psmserviceexthost.dll+7280e|C:\\windows\\SYSTEM32\\psmserviceexthost.dll+71483|C:\\windows\\SYSTEM32\\psmserviceexthost.dll+50bd0|C:\\windows\\SYSTEM32\\psmserviceexthost.dll+4500a|C:\\windows\\System32\\KERNEL32.DLL+17c24|C:\\windows\\SYSTEM32\\ntdll.dll+6d4d1"}
{"SourceName":"Microsoft-Windows-Sysmon","ProviderGuid":"{5770385f-c22a-43e0-bf4c-06f5698ffbd9}","Level":"4","Keywords":"0x8000000000000000","Channel":"Microsoft-Windows-Sysmon/Operational","Hostname":"WORKSTATION6.theshire.local","TimeCreated":"2020-12-19T07:00:25.057Z","@timestamp":"2020-12-19T07:00:25.057Z","EventID":10,"Message":"Process accessed:\r\nRuleName: -\r\nUtcTime: 2020-12-19 12:00:25.055\r\nSourceProcessGUID: {649442b8-52d8-5fd1-0f00-000000000600}\r\nSourceProcessId: 876\r\nSourceThreadId: 420\r\nSourceImage: C:\\windows\\system32\\svchost.exe\r\nTargetProcessGUID: {649442b8-7bc5-5fd2-070d-000000000600}\r\nTargetProcessId: 4212\r\nTargetImage: C:\\Windows\\SystemApps\\InputApp_cw5n1h2txyewy\\WindowsInternal.ComposableShell.Experiences.TextInput.InputApp.exe\r\nGrantedAccess: 0x1000\r\nCallTrace: C:\\windows\\SYSTEM32\\ntdll.dll+9cbb4|C:\\windows\\SYSTEM32\\psmserviceexthost.dll+222a3|C:\\windows\\SYSTEM32\\psmserviceexthost.dll+37ea0|C:\\windows\\SYSTEM32\\psmserviceexthost.dll+37929|C:\\windows\\SYSTEM32\\psmserviceexthost.dll+686f8|C:\\windows\\SYSTEM32\\psmserviceexthost.dll+6e84a|C:\\windows\\SYSTEM32\\psmserviceexthost.dll+7280e|C:\\windows\\SYSTEM32\\psmserviceexthost.dll+71483|C:\\windows\\SYSTEM32\\psmserviceexthost.dll+50bd0|C:\\windows\\SYSTEM32\\psmserviceexthost.dll+4500a|C:\\windows\\System32\\KERNEL32.DLL+17c24|C:\\windows\\SYSTEM32\\ntdll.dll+6d4d1","Task":"10","RuleName":"-","UtcTime":"2020-12-19 12:00:25.055","SourceProcessGUID":"{649442b8-52d8-5fd1-0f00-000000000600}","SourceProcessId":"876","SourceThreadId":"420","SourceImage":"C:\\windows\\system32\\svchost.exe","TargetProcessGUID":"{649442b8-7bc5-5fd2-070d-000000000600}","TargetProcessId":"4212","TargetImage":"C:\\Windows\\SystemApps\\InputApp_cw5n1h2txyewy\\WindowsInternal.ComposableShell.Experiences.TextInput.InputApp.exe","GrantedAccess":"0x1000","CallTrace":"C:\\windows\\SYSTEM32\\ntdll.dll+9cbb4|C:\\windows\\SYSTEM32\\psmserviceexthost.dll+222a3|C:\\windows\\SYSTEM32\\psmserviceexthost.dll+37ea0|C:\\windows\\SYSTEM32\\psmserviceexthost.dll+37929|C:\\windows\\SYSTEM32\\psmserviceexthost.dll+686f8|C:\\windows\\SYSTEM32\\psmserviceexthost.dll+6e84a|C:\\windows\\SYSTEM32\\psmserviceexthost.dll+7280e|C:\\windows\\SYSTEM32\\psmserviceexthost.dll+71483|C:\\windows\\SYSTEM32\\psmserviceexthost.dll+50bd0|C:\\windows\\SYSTEM32\\psmserviceexthost.dll+4500a|C:\\windows\\System32\\KERNEL32.DLL+17c24|C:\\windows\\SYSTEM32\\ntdll.dll+6d4d1"}
{"SourceName":"Microsoft-Windows-Sysmon","ProviderGuid":"{5770385f-c22a-43e0-bf4c-06f5698ffbd9}","Level":"4","Keywords":"0x8000000000000000","Channel":"Microsoft-Windows-Sysmon/Operational","Hostname":"WORKSTATION6.theshire.local","TimeCreated":"2020-12-19T07:00:26.069Z","@timestamp":"2020-12-19T07:00:26.069Z","EventID":10,"Message":"Process accessed:\r\nRuleName: -\r\nUtcTime: 2020-12-19 12:00:26.068\r\nSourceProcessGUID: {649442b8-52d8-5fd1-0f00-000000000600}\r\nSourceProcessId: 876\r\nSourceThreadId: 420\r\nSourceImage: C:\\windows\\system32\\svchost.exe\r\nTargetProcessGUID: {649442b8-7bc5-5fd2-070d-000000000600}\r\nTargetProcessId: 4212\r\nTargetImage: C:\\Windows\\SystemApps\\InputApp_cw5n1h2txyewy\\WindowsInternal.ComposableShell.Experiences.TextInput.InputApp.exe\r\nGrantedAccess: 0x1000\r\nCallTrace: C:\\windows\\SYSTEM32\\ntdll.dll+9cbb4|C:\\windows\\SYSTEM32\\psmserviceexthost.dll+222a3|C:\\windows\\SYSTEM32\\psmserviceexthost.dll+37ea0|C:\\windows\\SYSTEM32\\psmserviceexthost.dll+37929|C:\\windows\\SYSTEM32\\psmserviceexthost.dll+686f8|C:\\windows\\SYSTEM32\\psmserviceexthost.dll+6e84a|C:\\windows\\SYSTEM32\\psmserviceexthost.dll+6f700|C:\\windows\\SYSTEM32\\psmserviceexthost.dll+34be4|C:\\windows\\SYSTEM32\\psmserviceexthost.dll+6f63e|C:\\windows\\SYSTEM32\\psmserviceexthost.dll+713b5|C:\\windows\\SYSTEM32\\psmserviceexthost.dll+7144d|C:\\windows\\SYSTEM32\\psmserviceexthost.dll+50bd0|C:\\windows\\SYSTEM32\\psmserviceexthost.dll+4500a|C:\\windows\\System32\\KERNEL32.DLL+17c24|C:\\windows\\SYSTEM32\\ntdll.dll+6d4d1","Task":"10","RuleName":"-","UtcTime":"2020-12-19 12:00:26.068","SourceProcessGUID":"{649442b8-52d8-5fd1-0f00-000000000600}","SourceProcessId":"876","SourceThreadId":"420","SourceImage":"C:\\windows\\system32\\svchost.exe","TargetProcessGUID":"{649442b8-7bc5-5fd2-070d-000000000600}","TargetProcessId":"4212","TargetImage":"C:\\Windows\\SystemApps\\InputApp_cw5n1h2txyewy\\WindowsInternal.ComposableShell.Experiences.TextInput.InputApp.exe","GrantedAccess":"0x1000","CallTrace":"C:\\windows\\SYSTEM32\\ntdll.dll+9cbb4|C:\\windows\\SYSTEM32\\psmserviceexthost.dll+222a3|C:\\windows\\SYSTEM32\\psmserviceexthost.dll+37ea0|C:\\windows\\SYSTEM32\\psmserviceexthost.dll+37929|C:\\windows\\SYSTEM32\\psmserviceexthost.dll+686f8|C:\\windows\\SYSTEM32\\psmserviceexthost.dll+6e84a|C:\\windows\\SYSTEM32\\psmserviceexthost.dll+6f700|C:\\windows\\SYSTEM32\\psmserviceexthost.dll+34be4|C:\\windows\\SYSTEM32\\psmserviceexthost.dll+6f63e|C:\\windows\\SYSTEM32\\psmserviceexthost.dll+713b5|C:\\windows\\SYSTEM32\\psmserviceexthost.dll+7144d|C:\\windows\\SYSTEM32\\psmserviceexthost.dll+50bd0|C:\\windows\\SYSTEM32\\psmserviceexthost.dll+4500a|C:\\windows\\System32\\KERNEL32.DLL+17c24|C:\\windows\\SYSTEM32\\ntdll.dll+6d4d1"}
{"SourceName":"Microsoft-Windows-Sysmon","ProviderGuid":"{5770385f-c22a-43e0-bf4c-06f5698ffbd9}","Level":"4","Keywords":"0x8000000000000000","Channel":"Microsoft-Windows-Sysmon/Operational","Hostname":"WORKSTATION6.theshire.local","TimeCreated":"2020-12-19T07:00:26.070Z","@timestamp":"2020-12-19T07:00:26.070Z","EventID":10,"Message":"Process accessed:\r\nRuleName: -\r\nUtcTime: 2020-12-19 12:00:26.068\r\nSourceProcessGUID: {649442b8-52d8-5fd1-0f00-000000000600}\r\nSourceProcessId: 876\r\nSourceThreadId: 420\r\nSourceImage: C:\\windows\\system32\\svchost.exe\r\nTargetProcessGUID: {649442b8-7bc5-5fd2-070d-000000000600}\r\nTargetProcessId: 4212\r\nTargetImage: C:\\Windows\\SystemApps\\InputApp_cw5n1h2txyewy\\WindowsInternal.ComposableShell.Experiences.TextInput.InputApp.exe\r\nGrantedAccess: 0x1000\r\nCallTrace: C:\\windows\\SYSTEM32\\ntdll.dll+9cbb4|C:\\windows\\SYSTEM32\\psmserviceexthost.dll+222a3|C:\\windows\\SYSTEM32\\psmserviceexthost.dll+1a172|C:\\windows\\SYSTEM32\\psmserviceexthost.dll+19e3b|C:\\windows\\SYSTEM32\\psmserviceexthost.dll+68664|C:\\windows\\SYSTEM32\\psmserviceexthost.dll+6e84a|C:\\windows\\SYSTEM32\\psmserviceexthost.dll+7280e|C:\\windows\\SYSTEM32\\psmserviceexthost.dll+71483|C:\\windows\\SYSTEM32\\psmserviceexthost.dll+50bd0|C:\\windows\\SYSTEM32\\psmserviceexthost.dll+4500a|C:\\windows\\System32\\KERNEL32.DLL+17c24|C:\\windows\\SYSTEM32\\ntdll.dll+6d4d1","Task":"10","RuleName":"-","UtcTime":"2020-12-19 12:00:26.068","SourceProcessGUID":"{649442b8-52d8-5fd1-0f00-000000000600}","SourceProcessId":"876","SourceThreadId":"420","SourceImage":"C:\\windows\\system32\\svchost.exe","TargetProcessGUID":"{649442b8-7bc5-5fd2-070d-000000000600}","TargetProcessId":"4212","TargetImage":"C:\\Windows\\SystemApps\\InputApp_cw5n1h2txyewy\\WindowsInternal.ComposableShell.Experiences.TextInput.InputApp.exe","GrantedAccess":"0x1000","CallTrace":"C:\\windows\\SYSTEM32\\ntdll.dll+9cbb4|C:\\windows\\SYSTEM32\\psmserviceexthost.dll+222a3|C:\\windows\\SYSTEM32\\psmserviceexthost.dll+1a172|C:\\windows\\SYSTEM32\\psmserviceexthost.dll+19e3b|C:\\windows\\SYSTEM32\\psmserviceexthost.dll+68664|C:\\windows\\SYSTEM32\\psmserviceexthost.dll+6e84a|C:\\windows\\SYSTEM32\\psmserviceexthost.dll+7280e|C:\\windows\\SYSTEM32\\psmserviceexthost.dll+71483|C:\\windows\\SYSTEM32\\psmserviceexthost.dll+50bd0|C:\\windows\\SYSTEM32\\psmserviceexthost.dll+4500a|C:\\windows\\System32\\KERNEL32.DLL+17c24|C:\\windows\\SYSTEM32\\ntdll.dll+6d4d1"}
{"SourceName":"Microsoft-Windows-Sysmon","ProviderGuid":"{5770385f-c22a-43e0-bf4c-06f5698ffbd9}","Level":"4","Keywords":"0x8000000000000000","Channel":"Microsoft-Windows-Sysmon/Operational","Hostname":"WORKSTATION6.theshire.local","TimeCreated":"2020-12-19T07:00:26.070Z","@timestamp":"2020-12-19T07:00:26.070Z","EventID":10,"Message":"Process accessed:\r\nRuleName: -\r\nUtcTime: 2020-12-19 12:00:26.068\r\nSourceProcessGUID: {649442b8-52d8-5fd1-0f00-000000000600}\r\nSourceProcessId: 876\r\nSourceThreadId: 420\r\nSourceImage: C:\\windows\\system32\\svchost.exe\r\nTargetProcessGUID: {649442b8-7bc5-5fd2-070d-000000000600}\r\nTargetProcessId: 4212\r\nTargetImage: C:\\Windows\\SystemApps\\InputApp_cw5n1h2txyewy\\WindowsInternal.ComposableShell.Experiences.TextInput.InputApp.exe\r\nGrantedAccess: 0x1000\r\nCallTrace: C:\\windows\\SYSTEM32\\ntdll.dll+9cbb4|C:\\windows\\SYSTEM32\\psmserviceexthost.dll+222a3|C:\\windows\\SYSTEM32\\psmserviceexthost.dll+37ea0|C:\\windows\\SYSTEM32\\psmserviceexthost.dll+37929|C:\\windows\\SYSTEM32\\psmserviceexthost.dll+686f8|C:\\windows\\SYSTEM32\\psmserviceexthost.dll+6e84a|C:\\windows\\SYSTEM32\\psmserviceexthost.dll+7280e|C:\\windows\\SYSTEM32\\psmserviceexthost.dll+71483|C:\\windows\\SYSTEM32\\psmserviceexthost.dll+50bd0|C:\\windows\\SYSTEM32\\psmserviceexthost.dll+4500a|C:\\windows\\System32\\KERNEL32.DLL+17c24|C:\\windows\\SYSTEM32\\ntdll.dll+6d4d1","Task":"10","RuleName":"-","UtcTime":"2020-12-19 12:00:26.068","SourceProcessGUID":"{649442b8-52d8-5fd1-0f00-000000000600}","SourceProcessId":"876","SourceThreadId":"420","SourceImage":"C:\\windows\\system32\\svchost.exe","TargetProcessGUID":"{649442b8-7bc5-5fd2-070d-000000000600}","TargetProcessId":"4212","TargetImage":"C:\\Windows\\SystemApps\\InputApp_cw5n1h2txyewy\\WindowsInternal.ComposableShell.Experiences.TextInput.InputApp.exe","GrantedAccess":"0x1000","CallTrace":"C:\\windows\\SYSTEM32\\ntdll.dll+9cbb4|C:\\windows\\SYSTEM32\\psmserviceexthost.dll+222a3|C:\\windows\\SYSTEM32\\psmserviceexthost.dll+37ea0|C:\\windows\\SYSTEM32\\psmserviceexthost.dll+37929|C:\\windows\\SYSTEM32\\psmserviceexthost.dll+686f8|C:\\windows\\SYSTEM32\\psmserviceexthost.dll+6e84a|C:\\windows\\SYSTEM32\\psmserviceexthost.dll+7280e|C:\\windows\\SYSTEM32\\psmserviceexthost.dll+71483|C:\\windows\\SYSTEM32\\psmserviceexthost.dll+50bd0|C:\\windows\\SYSTEM32\\psmserviceexthost.dll+4500a|C:\\windows\\System32\\KERNEL32.DLL+17c24|C:\\windows\\SYSTEM32\\ntdll.dll+6d4d1"}
{"SourceName":"Microsoft-Windows-Sysmon","ProviderGuid":"{5770385f-c22a-43e0-bf4c-06f5698ffbd9}","Level":"4","Keywords":"0x8000000000000000","Channel":"Microsoft-Windows-Sysmon/Operational","Hostname":"WORKSTATION6.theshire.local","TimeCreated":"2020-12-19T07:00:27.069Z","@timestamp":"2020-12-19T07:00:27.069Z","EventID":10,"Message":"Process accessed:\r\nRuleName: -\r\nUtcTime: 2020-12-19 12:00:27.069\r\nSourceProcessGUID: {649442b8-52d8-5fd1-0f00-000000000600}\r\nSourceProcessId: 876\r\nSourceThreadId: 420\r\nSourceImage: C:\\windows\\system32\\svchost.exe\r\nTargetProcessGUID: {649442b8-7bc5-5fd2-070d-000000000600}\r\nTargetProcessId: 4212\r\nTargetImage: C:\\Windows\\SystemApps\\InputApp_cw5n1h2txyewy\\WindowsInternal.ComposableShell.Experiences.TextInput.InputApp.exe\r\nGrantedAccess: 0x1000\r\nCallTrace: C:\\windows\\SYSTEM32\\ntdll.dll+9cbb4|C:\\windows\\SYSTEM32\\psmserviceexthost.dll+222a3|C:\\windows\\SYSTEM32\\psmserviceexthost.dll+37ea0|C:\\windows\\SYSTEM32\\psmserviceexthost.dll+37929|C:\\windows\\SYSTEM32\\psmserviceexthost.dll+686f8|C:\\windows\\SYSTEM32\\psmserviceexthost.dll+6e84a|C:\\windows\\SYSTEM32\\psmserviceexthost.dll+6f700|C:\\windows\\SYSTEM32\\psmserviceexthost.dll+34be4|C:\\windows\\SYSTEM32\\psmserviceexthost.dll+6f63e|C:\\windows\\SYSTEM32\\psmserviceexthost.dll+713b5|C:\\windows\\SYSTEM32\\psmserviceexthost.dll+7144d|C:\\windows\\SYSTEM32\\psmserviceexthost.dll+50bd0|C:\\windows\\SYSTEM32\\psmserviceexthost.dll+4500a|C:\\windows\\System32\\KERNEL32.DLL+17c24|C:\\windows\\SYSTEM32\\ntdll.dll+6d4d1","Task":"10","RuleName":"-","UtcTime":"2020-12-19 12:00:27.069","SourceProcessGUID":"{649442b8-52d8-5fd1-0f00-000000000600}","SourceProcessId":"876","SourceThreadId":"420","SourceImage":"C:\\windows\\system32\\svchost.exe","TargetProcessGUID":"{649442b8-7bc5-5fd2-070d-000000000600}","TargetProcessId":"4212","TargetImage":"C:\\Windows\\SystemApps\\InputApp_cw5n1h2txyewy\\WindowsInternal.ComposableShell.Experiences.TextInput.InputApp.exe","GrantedAccess":"0x1000","CallTrace":"C:\\windows\\SYSTEM32\\ntdll.dll+9cbb4|C:\\windows\\SYSTEM32\\psmserviceexthost.dll+222a3|C:\\windows\\SYSTEM32\\psmserviceexthost.dll+37ea0|C:\\windows\\SYSTEM32\\psmserviceexthost.dll+37929|C:\\windows\\SYSTEM32\\psmserviceexthost.dll+686f8|C:\\windows\\SYSTEM32\\psmserviceexthost.dll+6e84a|C:\\windows\\SYSTEM32\\psmserviceexthost.dll+6f700|C:\\windows\\SYSTEM32\\psmserviceexthost.dll+34be4|C:\\windows\\SYSTEM32\\psmserviceexthost.dll+6f63e|C:\\windows\\SYSTEM32\\psmserviceexthost.dll+713b5|C:\\windows\\SYSTEM32\\psmserviceexthost.dll+7144d|C:\\windows\\SYSTEM32\\psmserviceexthost.dll+50bd0|C:\\windows\\SYSTEM32\\psmserviceexthost.dll+4500a|C:\\windows\\System32\\KERNEL32.DLL+17c24|C:\\windows\\SYSTEM32\\ntdll.dll+6d4d1"}
{"SourceName":"Microsoft-Windows-Sysmon","ProviderGuid":"{5770385f-c22a-43e0-bf4c-06f5698ffbd9}","Level":"4","Keywords":"0x8000000000000000","Channel":"Microsoft-Windows-Sysmon/Operational","Hostname":"WORKSTATION6.theshire.local","TimeCreated":"2020-12-19T07:00:27.070Z","@timestamp":"2020-12-19T07:00:27.070Z","EventID":10,"Message":"Process accessed:\r\nRuleName: -\r\nUtcTime: 2020-12-19 12:00:27.069\r\nSourceProcessGUID: {649442b8-52d8-5fd1-0f00-000000000600}\r\nSourceProcessId: 876\r\nSourceThreadId: 420\r\nSourceImage: C:\\windows\\system32\\svchost.exe\r\nTargetProcessGUID: {649442b8-7bc5-5fd2-070d-000000000600}\r\nTargetProcessId: 4212\r\nTargetImage: C:\\Windows\\SystemApps\\InputApp_cw5n1h2txyewy\\WindowsInternal.ComposableShell.Experiences.TextInput.InputApp.exe\r\nGrantedAccess: 0x1000\r\nCallTrace: C:\\windows\\SYSTEM32\\ntdll.dll+9cbb4|C:\\windows\\SYSTEM32\\psmserviceexthost.dll+222a3|C:\\windows\\SYSTEM32\\psmserviceexthost.dll+1a172|C:\\windows\\SYSTEM32\\psmserviceexthost.dll+19e3b|C:\\windows\\SYSTEM32\\psmserviceexthost.dll+68664|C:\\windows\\SYSTEM32\\psmserviceexthost.dll+6e84a|C:\\windows\\SYSTEM32\\psmserviceexthost.dll+7280e|C:\\windows\\SYSTEM32\\psmserviceexthost.dll+71483|C:\\windows\\SYSTEM32\\psmserviceexthost.dll+50bd0|C:\\windows\\SYSTEM32\\psmserviceexthost.dll+4500a|C:\\windows\\System32\\KERNEL32.DLL+17c24|C:\\windows\\SYSTEM32\\ntdll.dll+6d4d1","Task":"10","RuleName":"-","UtcTime":"2020-12-19 12:00:27.069","SourceProcessGUID":"{649442b8-52d8-5fd1-0f00-000000000600}","SourceProcessId":"876","SourceThreadId":"420","SourceImage":"C:\\windows\\system32\\svchost.exe","TargetProcessGUID":"{649442b8-7bc5-5fd2-070d-000000000600}","TargetProcessId":"4212","TargetImage":"C:\\Windows\\SystemApps\\InputApp_cw5n1h2txyewy\\WindowsInternal.ComposableShell.Experiences.TextInput.InputApp.exe","GrantedAccess":"0x1000","CallTrace":"C:\\windows\\SYSTEM32\\ntdll.dll+9cbb4|C:\\windows\\SYSTEM32\\psmserviceexthost.dll+222a3|C:\\windows\\SYSTEM32\\psmserviceexthost.dll+1a172|C:\\windows\\SYSTEM32\\psmserviceexthost.dll+19e3b|C:\\windows\\SYSTEM32\\psmserviceexthost.dll+68664|C:\\windows\\SYSTEM32\\psmserviceexthost.dll+6e84a|C:\\windows\\SYSTEM32\\psmserviceexthost.dll+7280e|C:\\windows\\SYSTEM32\\psmserviceexthost.dll+71483|C:\\windows\\SYSTEM32\\psmserviceexthost.dll+50bd0|C:\\windows\\SYSTEM32\\psmserviceexthost.dll+4500a|C:\\windows\\System32\\KERNEL32.DLL+17c24|C:\\windows\\SYSTEM32\\ntdll.dll+6d4d1"}
{"SourceName":"Microsoft-Windows-Sysmon","ProviderGuid":"{5770385f-c22a-43e0-bf4c-06f5698ffbd9}","Level":"4","Keywords":"0x8000000000000000","Channel":"Microsoft-Windows-Sysmon/Operational","Hostname":"WORKSTATION6.theshire.local","TimeCreated":"2020-12-19T07:00:27.070Z","@timestamp":"2020-12-19T07:00:27.070Z","EventID":10,"Message":"Process accessed:\r\nRuleName: -\r\nUtcTime: 2020-12-19 12:00:27.069\r\nSourceProcessGUID: {649442b8-52d8-5fd1-0f00-000000000600}\r\nSourceProcessId: 876\r\nSourceThreadId: 420\r\nSourceImage: C:\\windows\\system32\\svchost.exe\r\nTargetProcessGUID: {649442b8-7bc5-5fd2-070d-000000000600}\r\nTargetProcessId: 4212\r\nTargetImage: C:\\Windows\\SystemApps\\InputApp_cw5n1h2txyewy\\WindowsInternal.ComposableShell.Experiences.TextInput.InputApp.exe\r\nGrantedAccess: 0x1000\r\nCallTrace: C:\\windows\\SYSTEM32\\ntdll.dll+9cbb4|C:\\windows\\SYSTEM32\\psmserviceexthost.dll+222a3|C:\\windows\\SYSTEM32\\psmserviceexthost.dll+37ea0|C:\\windows\\SYSTEM32\\psmserviceexthost.dll+37929|C:\\windows\\SYSTEM32\\psmserviceexthost.dll+686f8|C:\\windows\\SYSTEM32\\psmserviceexthost.dll+6e84a|C:\\windows\\SYSTEM32\\psmserviceexthost.dll+7280e|C:\\windows\\SYSTEM32\\psmserviceexthost.dll+71483|C:\\windows\\SYSTEM32\\psmserviceexthost.dll+50bd0|C:\\windows\\SYSTEM32\\psmserviceexthost.dll+4500a|C:\\windows\\System32\\KERNEL32.DLL+17c24|C:\\windows\\SYSTEM32\\ntdll.dll+6d4d1","Task":"10","RuleName":"-","UtcTime":"2020-12-19 12:00:27.069","SourceProcessGUID":"{649442b8-52d8-5fd1-0f00-000000000600}","SourceProcessId":"876","SourceThreadId":"420","SourceImage":"C:\\windows\\system32\\svchost.exe","TargetProcessGUID":"{649442b8-7bc5-5fd2-070d-000000000600}","TargetProcessId":"4212","TargetImage":"C:\\Windows\\SystemApps\\InputApp_cw5n1h2txyewy\\WindowsInternal.ComposableShell.Experiences.TextInput.InputApp.exe","GrantedAccess":"0x1000","CallTrace":"C:\\windows\\SYSTEM32\\ntdll.dll+9cbb4|C:\\windows\\SYSTEM32\\psmserviceexthost.dll+222a3|C:\\windows\\SYSTEM32\\psmserviceexthost.dll+37ea0|C:\\windows\\SYSTEM32\\psmserviceexthost.dll+37929|C:\\windows\\SYSTEM32\\psmserviceexthost.dll+686f8|C:\\windows\\SYSTEM32\\psmserviceexthost.dll+6e84a|C:\\windows\\SYSTEM32\\psmserviceexthost.dll+7280e|C:\\windows\\SYSTEM32\\psmserviceexthost.dll+71483|C:\\windows\\SYSTEM32\\psmserviceexthost.dll+50bd0|C:\\windows\\SYSTEM32\\psmserviceexthost.dll+4500a|C:\\windows\\System32\\KERNEL32.DLL+17c24|C:\\windows\\SYSTEM32\\ntdll.dll+6d4d1"}
{"SourceName":"Microsoft-Windows-Sysmon","ProviderGuid":"{5770385f-c22a-43e0-bf4c-06f5698ffbd9}","Level":"4","Keywords":"0x8000000000000000","Channel":"Microsoft-Windows-Sysmon/Operational","Hostname":"WORKSTATION6.theshire.local","TimeCreated":"2020-12-19T07:00:28.071Z","@timestamp":"2020-12-19T07:00:28.071Z","EventID":10,"Message":"Process accessed:\r\nRuleName: -\r\nUtcTime: 2020-12-19 12:00:28.071\r\nSourceProcessGUID: {649442b8-52d8-5fd1-0f00-000000000600}\r\nSourceProcessId: 876\r\nSourceThreadId: 420\r\nSourceImage: C:\\windows\\system32\\svchost.exe\r\nTargetProcessGUID: {649442b8-7bc5-5fd2-070d-000000000600}\r\nTargetProcessId: 4212\r\nTargetImage: C:\\Windows\\SystemApps\\InputApp_cw5n1h2txyewy\\WindowsInternal.ComposableShell.Experiences.TextInput.InputApp.exe\r\nGrantedAccess: 0x1000\r\nCallTrace: C:\\windows\\SYSTEM32\\ntdll.dll+9cbb4|C:\\windows\\SYSTEM32\\psmserviceexthost.dll+222a3|C:\\windows\\SYSTEM32\\psmserviceexthost.dll+37ea0|C:\\windows\\SYSTEM32\\psmserviceexthost.dll+37929|C:\\windows\\SYSTEM32\\psmserviceexthost.dll+686f8|C:\\windows\\SYSTEM32\\psmserviceexthost.dll+6e84a|C:\\windows\\SYSTEM32\\psmserviceexthost.dll+6f700|C:\\windows\\SYSTEM32\\psmserviceexthost.dll+34be4|C:\\windows\\SYSTEM32\\psmserviceexthost.dll+6f63e|C:\\windows\\SYSTEM32\\psmserviceexthost.dll+713b5|C:\\windows\\SYSTEM32\\psmserviceexthost.dll+7144d|C:\\windows\\SYSTEM32\\psmserviceexthost.dll+50bd0|C:\\windows\\SYSTEM32\\psmserviceexthost.dll+4500a|C:\\windows\\System32\\KERNEL32.DLL+17c24|C:\\windows\\SYSTEM32\\ntdll.dll+6d4d1","Task":"10","RuleName":"-","UtcTime":"2020-12-19 12:00:28.071","SourceProcessGUID":"{649442b8-52d8-5fd1-0f00-000000000600}","SourceProcessId":"876","SourceThreadId":"420","SourceImage":"C:\\windows\\system32\\svchost.exe","TargetProcessGUID":"{649442b8-7bc5-5fd2-070d-000000000600}","TargetProcessId":"4212","TargetImage":"C:\\Windows\\SystemApps\\InputApp_cw5n1h2txyewy\\WindowsInternal.ComposableShell.Experiences.TextInput.InputApp.exe","GrantedAccess":"0x1000","CallTrace":"C:\\windows\\SYSTEM32\\ntdll.dll+9cbb4|C:\\windows\\SYSTEM32\\psmserviceexthost.dll+222a3|C:\\windows\\SYSTEM32\\psmserviceexthost.dll+37ea0|C:\\windows\\SYSTEM32\\psmserviceexthost.dll+37929|C:\\windows\\SYSTEM32\\psmserviceexthost.dll+686f8|C:\\windows\\SYSTEM32\\psmserviceexthost.dll+6e84a|C:\\windows\\SYSTEM32\\psmserviceexthost.dll+6f700|C:\\windows\\SYSTEM32\\psmserviceexthost.dll+34be4|C:\\windows\\SYSTEM32\\psmserviceexthost.dll+6f63e|C:\\windows\\SYSTEM32\\psmserviceexthost.dll+713b5|C:\\windows\\SYSTEM32\\psmserviceexthost.dll+7144d|C:\\windows\\SYSTEM32\\psmserviceexthost.dll+50bd0|C:\\windows\\SYSTEM32\\psmserviceexthost.dll+4500a|C:\\windows\\System32\\KERNEL32.DLL+17c24|C:\\windows\\SYSTEM32\\ntdll.dll+6d4d1"}
{"SourceName":"Microsoft-Windows-Sysmon","ProviderGuid":"{5770385f-c22a-43e0-bf4c-06f5698ffbd9}","Level":"4","Keywords":"0x8000000000000000","Channel":"Microsoft-Windows-Sysmon/Operational","Hostname":"WORKSTATION6.theshire.local","TimeCreated":"2020-12-19T07:00:28.072Z","@timestamp":"2020-12-19T07:00:28.072Z","EventID":10,"Message":"Process accessed:\r\nRuleName: -\r\nUtcTime: 2020-12-19 12:00:28.071\r\nSourceProcessGUID: {649442b8-52d8-5fd1-0f00-000000000600}\r\nSourceProcessId: 876\r\nSourceThreadId: 420\r\nSourceImage: C:\\windows\\system32\\svchost.exe\r\nTargetProcessGUID: {649442b8-7bc5-5fd2-070d-000000000600}\r\nTargetProcessId: 4212\r\nTargetImage: C:\\Windows\\SystemApps\\InputApp_cw5n1h2txyewy\\WindowsInternal.ComposableShell.Experiences.TextInput.InputApp.exe\r\nGrantedAccess: 0x1000\r\nCallTrace: C:\\windows\\SYSTEM32\\ntdll.dll+9cbb4|C:\\windows\\SYSTEM32\\psmserviceexthost.dll+222a3|C:\\windows\\SYSTEM32\\psmserviceexthost.dll+1a172|C:\\windows\\SYSTEM32\\psmserviceexthost.dll+19e3b|C:\\windows\\SYSTEM32\\psmserviceexthost.dll+68664|C:\\windows\\SYSTEM32\\psmserviceexthost.dll+6e84a|C:\\windows\\SYSTEM32\\psmserviceexthost.dll+7280e|C:\\windows\\SYSTEM32\\psmserviceexthost.dll+71483|C:\\windows\\SYSTEM32\\psmserviceexthost.dll+50bd0|C:\\windows\\SYSTEM32\\psmserviceexthost.dll+4500a|C:\\windows\\System32\\KERNEL32.DLL+17c24|C:\\windows\\SYSTEM32\\ntdll.dll+6d4d1","Task":"10","RuleName":"-","UtcTime":"2020-12-19 12:00:28.071","SourceProcessGUID":"{649442b8-52d8-5fd1-0f00-000000000600}","SourceProcessId":"876","SourceThreadId":"420","SourceImage":"C:\\windows\\system32\\svchost.exe","TargetProcessGUID":"{649442b8-7bc5-5fd2-070d-000000000600}","TargetProcessId":"4212","TargetImage":"C:\\Windows\\SystemApps\\InputApp_cw5n1h2txyewy\\WindowsInternal.ComposableShell.Experiences.TextInput.InputApp.exe","GrantedAccess":"0x1000","CallTrace":"C:\\windows\\SYSTEM32\\ntdll.dll+9cbb4|C:\\windows\\SYSTEM32\\psmserviceexthost.dll+222a3|C:\\windows\\SYSTEM32\\psmserviceexthost.dll+1a172|C:\\windows\\SYSTEM32\\psmserviceexthost.dll+19e3b|C:\\windows\\SYSTEM32\\psmserviceexthost.dll+68664|C:\\windows\\SYSTEM32\\psmserviceexthost.dll+6e84a|C:\\windows\\SYSTEM32\\psmserviceexthost.dll+7280e|C:\\windows\\SYSTEM32\\psmserviceexthost.dll+71483|C:\\windows\\SYSTEM32\\psmserviceexthost.dll+50bd0|C:\\windows\\SYSTEM32\\psmserviceexthost.dll+4500a|C:\\windows\\System32\\KERNEL32.DLL+17c24|C:\\windows\\SYSTEM32\\ntdll.dll+6d4d1"}
