{"SourceName":"Microsoft-Windows-Sysmon","ProviderGuid":"{5770385f-c22a-43e0-bf4c-06f5698ffbd9}","Level":"4","Keywords":"0x8000000000000000","Channel":"Microsoft-Windows-Sysmon/Operational","Hostname":"WORKSTATION6.theshire.local","TimeCreated":"2020-12-19T07:00:23.082Z","@timestamp":"2020-12-19T07:00:23.082Z","EventID":7,"Message":"Image loaded:\r\nRuleName: -\r\nUtcTime: 2020-12-19 12:00:23.071\r\nProcessGuid: {649442b8-eb57-5fdd-0b8c-000000000600}\r\nProcessId: 776\r\nImage: C:\\Windows\\System32\\cscript.exe\r\nImageLoaded: C:\\ProgramData\\Microsoft\\Windows Defender\\Platform\\4.18.2011.6-0\\MpOAV.dll\r\nFileVersion: 4.18.2011.6 (WinBuild.160101.0800)\r\nDescription: IOfficeAntiVirus Module\r\nProduct: Microsoft Windows Operating System\r\nCompany: Microsoft Corporation\r\nOriginalFileName: MpOAV.dll\r\nHashes: SHA1=2AAE9060E122A923ACC3B037AB955E7FD4896A3F,MD5=BB66557080B63E42BE5288C6D54C0D7D,SHA256=A2C3E177D6E797B614533CCF247125C21B414D55FA8BCD7B7DC4B8D17EEF0044,IMPHASH=A499C95E450ACB359007EF4A4152CF08\r\nSigned: true\r\nSignature: Microsoft Windows\r\nSignatureStatus: Valid","Task":"7","RuleName":"-","UtcTime":"2020-12-19 12:00:23.071","ProcessGuid":"{649442b8-eb57-5fdd-0b8c-000000000600}","ProcessId":"776","Image":"C:\\Windows\\System32\\cscript.exe","ImageLoaded":"C:\\ProgramData\\Microsoft\\Windows Defender\\Platform\\4.18.2011.6-0\\MpOAV.dll","FileVersion":"4.18.2011.6 (WinBuild.160101.0800)","Description":"IOfficeAntiVirus Module","Product":"Microsoft Windows Operating System","Company":"Microsoft Corporation","OriginalFileName":"MpOAV.dll","Hashes":"SHA1=2AAE9060E122A923ACC3B037AB955E7FD4896A3F,MD5=BB66557080B63E42BE5288C6D54C0D7D,SHA256=A2C3E177D6E797B614533CCF247125C21B414D55FA8BCD7B7DC4B8D17EEF0044,IMPHASH=A499C95E450ACB359007EF4A4152CF08","Signed":"true","Signature":"Microsoft Windows","SignatureStatus":"Valid"}
{"SourceName":"Microsoft-Windows-Sysmon","ProviderGuid":"{5770385f-c22a-43e0-bf4c-06f5698ffbd9}","Level":"4","Keywords":"0x8000000000000000","Channel":"Microsoft-Windows-Sysmon/Operational","Hostname":"WORKSTATION6.theshire.local","TimeCreated":"2020-12-19T07:00:23.083Z","@timestamp":"2020-12-19T07:00:23.083Z","EventID":7,"Message":"Image loaded:\r\nRuleName: -\r\nUtcTime: 2020-12-19 12:00:23.071\r\nProcessGuid: {649442b8-eb57-5fdd-0b8c-000000000600}\r\nProcessId: 776\r\nImage: C:\\Windows\\System32\\cscript.exe\r\nImageLoaded: C:\\Windows\\System32\\wldp.dll\r\nFileVersion: 10.0.18362.1237 (WinBuild.160101.0800)\r\nDescription: Windows Lockdown Policy\r\nProduct: Microsoft Windows Operating System\r\nCompany: Microsoft Corporation\r\nOriginalFileName: wldp.dll\r\nHashes: SHA1=D431C7F50B473E4F5FF03D989107A3E949B29DCF,MD5=7C7A762524A1EF5FDFB855458B70DEC4,SHA256=19400738D1C06F4273B5978EA1491B8ADD0AAF34165A4A57E7F0F6E2108F49A9,IMPHASH=01760276901738B62677084C5F63841F\r\nSigned: true\r\nSignature: Microsoft Windows\r\nSignatureStatus: Valid","Task":"7","RuleName":"-","UtcTime":"2020-12-19 12:00:23.071","ProcessGuid":"{649442b8-eb57-5fdd-0b8c-000000000600}","ProcessId":"776","Image":"C:\\Windows\\System32\\cscript.exe","ImageLoaded":"C:\\Windows\\System32\\wldp.dll","FileVersion":"10.0.18362.1237 (WinBuild.160101.0800)","Description":"Windows Lockdown Policy","Product":"Microsoft Windows Operating System","Company":"Microsoft Corporation","OriginalFileName":"wldp.dll","Hashes":"SHA1=D431C7F50B473E4F5FF03D989107A3E949B29DCF,MD5=7C7A762524A1EF5FDFB855458B70DEC4,SHA256=19400738D1C06F4273B5978EA1491B8ADD0AAF34165A4A57E7F0F6E2108F49A9,IMPHASH=01760276901738B62677084C5F63841F","Signed":"true","Signature":"Microsoft Windows","SignatureStatus":"Valid"}
{"SourceName":"Microsoft-Windows-Sysmon","ProviderGuid":"{5770385f-c22a-43e0-bf4c-06f5698ffbd9}","Level":"4","Keywords":"0x8000000000000000","Channel":"Microsoft-Windows-Sysmon/Operational","Hostname":"WORKSTATION6.theshire.local","TimeCreated":"2020-12-19T07:00:23.083Z","@timestamp":"2020-12-19T07:00:23.083Z","EventID":7,"Message":"Image loaded:\r\nRuleName: -\r\nUtcTime: 2020-12-19 12:00:23.071\r\nProcessGuid: {649442b8-eb57-5fdd-0b8c-000000000600}\r\nProcessId: 776\r\nImage: C:\\Windows\\System32\\cscript.exe\r\nImageLoaded: C:\\Windows\\System32\\crypt32.dll\r\nFileVersion: 10.0.18362.592 (WinBuild.160101.0800)\r\nDescription: Crypto API32\r\nProduct: Microsoft Windows Operating System\r\nCompany: Microsoft Corporation\r\nOriginalFileName: CRYPT32.DLL\r\nHashes: SHA1=7A9DD389B0E3C124D4BFE5C1FF15F9A93285514F,MD5=1676DE3980DF1D78E14B172989916570,SHA256=E832E3A58B542E15A169B1545CE82451ACE19BD361FD81764383048528F9B540,IMPHASH=F523F043ACCD8EF1D89F5FD34B5CBBA6\r\nSigned: true\r\nSignature: Microsoft Windows\r\nSignatureStatus: Valid","Task":"7","RuleName":"-","UtcTime":"2020-12-19 12:00:23.071","ProcessGuid":"{649442b8-eb57-5fdd-0b8c-000000000600}","ProcessId":"776","Image":"C:\\Windows\\System32\\cscript.exe","ImageLoaded":"C:\\Windows\\System32\\crypt32.dll","FileVersion":"10.0.18362.592 (WinBuild.160101.0800)","Description":"Crypto API32","Product":"Microsoft Windows Operating System","Company":"Microsoft Corporation","OriginalFileName":"CRYPT32.DLL","Hashes":"SHA1=7A9DD389B0E3C124D4BFE5C1FF15F9A93285514F,MD5=1676DE3980DF1D78E14B172989916570,SHA256=E832E3A58B542E15A169B1545CE82451ACE19BD361FD81764383048528F9B540,IMPHASH=F523F043ACCD8EF1D89F5FD34B5CBBA6","Signed":"true","Signature":"Microsoft Windows","SignatureStatus":"Valid"}
{"SourceName":"Microsoft-Windows-Sysmon","ProviderGuid":"{5770385f-c22a-43e0-bf4c-06f5698ffbd9}","Level":"4","Keywords":"0x8000000000000000","Channel":"Microsoft-Windows-Sysmon/Operational","Hostname":"WORKSTATION6.theshire.local","TimeCreated":"2020-12-19T07:00:23.083Z","@timestamp":"2020-12-19T07:00:23.083Z","EventID":7,"Message":"Image loaded:\r\nRuleName: -\r\nUtcTime: 2020-12-19 12:00:23.071\r\nProcessGuid: {649442b8-eb57-5fdd-0b8c-000000000600}\r\nProcessId: 776\r\nImage: C:\\Windows\\System32\\cscript.exe\r\nImageLoaded: C:\\Windows\\System32\\msasn1.dll\r\nFileVersion: 10.0.18362.1 (WinBuild.160101.0800)\r\nDescription: ASN.1 Runtime APIs\r\nProduct: Microsoft Windows Operating System\r\nCompany: Microsoft Corporation\r\nOriginalFileName: msasn1.dll\r\nHashes: SHA1=F1F2A398A07419B588494558430A141884AD66EF,MD5=23D95BFDCD23EC6AFFF7E4B0703CE464,SHA256=18DE438E2C068383700C5A87423B70B251302F0D5107F331BC7EDE5097504907,IMPHASH=F79599CA729D557E0381EC0A41471A27\r\nSigned: true\r\nSignature: Microsoft Windows\r\nSignatureStatus: Valid","Task":"7","RuleName":"-","UtcTime":"2020-12-19 12:00:23.071","ProcessGuid":"{649442b8-eb57-5fdd-0b8c-000000000600}","ProcessId":"776","Image":"C:\\Windows\\System32\\cscript.exe","ImageLoaded":"C:\\Windows\\System32\\msasn1.dll","FileVersion":"10.0.18362.1 (WinBuild.160101.0800)","Description":"ASN.1 Runtime APIs","Product":"Microsoft Windows Operating System","Company":"Microsoft Corporation","OriginalFileName":"msasn1.dll","Hashes":"SHA1=F1F2A398A07419B588494558430A141884AD66EF,MD5=23D95BFDCD23EC6AFFF7E4B0703CE464,SHA256=18DE438E2C068383700C5A87423B70B251302F0D5107F331BC7EDE5097504907,IMPHASH=F79599CA729D557E0381EC0A41471A27","Signed":"true","Signature":"Microsoft Windows","SignatureStatus":"Valid"}
{"SourceName":"Microsoft-Windows-Sysmon","ProviderGuid":"{5770385f-c22a-43e0-bf4c-06f5698ffbd9}","Level":"4","Keywords":"0x8000000000000000","Channel":"Microsoft-Windows-Sysmon/Operational","Hostname":"WORKSTATION6.theshire.local","TimeCreated":"2020-12-19T07:00:23.084Z","@timestamp":"2020-12-19T07:00:23.084Z","EventID":7,"Message":"Image loaded:\r\nRuleName: -\r\nUtcTime: 2020-12-19 12:00:23.071\r\nProcessGuid: {649442b8-eb57-5fdd-0b8c-000000000600}\r\nProcessId: 776\r\nImage: C:\\Windows\\System32\\cscript.exe\r\nImageLoaded: C:\\Windows\\System32\\wintrust.dll\r\nFileVersion: 10.0.18362.1237 (WinBuild.160101.0800)\r\nDescription: Microsoft Trust Verification APIs\r\nProduct: Microsoft Windows Operating System\r\nCompany: Microsoft Corporation\r\nOriginalFileName: WINTRUST.DLL\r\nHashes: SHA1=93A2E6332518CC585F2D11DA19C5AF19219BBCF8,MD5=30E2E5C92B3CE19C919769EFFBBE0A14,SHA256=10D66CC6D37CFD200700AFF61A11F37B25A254D9792213185CC90AFD588F6CEA,IMPHASH=E57A72C1C30E2E99A58FD1D7A27738D7\r\nSigned: true\r\nSignature: Microsoft Windows\r\nSignatureStatus: Valid","Task":"7","RuleName":"-","UtcTime":"2020-12-19 12:00:23.071","ProcessGuid":"{649442b8-eb57-5fdd-0b8c-000000000600}","ProcessId":"776","Image":"C:\\Windows\\System32\\cscript.exe","ImageLoaded":"C:\\Windows\\System32\\wintrust.dll","FileVersion":"10.0.18362.1237 (WinBuild.160101.0800)","Description":"Microsoft Trust Verification APIs","Product":"Microsoft Windows Operating System","Company":"Microsoft Corporation","OriginalFileName":"WINTRUST.DLL","Hashes":"SHA1=93A2E6332518CC585F2D11DA19C5AF19219BBCF8,MD5=30E2E5C92B3CE19C919769EFFBBE0A14,SHA256=10D66CC6D37CFD200700AFF61A11F37B25A254D9792213185CC90AFD588F6CEA,IMPHASH=E57A72C1C30E2E99A58FD1D7A27738D7","Signed":"true","Signature":"Microsoft Windows","SignatureStatus":"Valid"}
{"SourceName":"Microsoft-Windows-Sysmon","ProviderGuid":"{5770385f-c22a-43e0-bf4c-06f5698ffbd9}","Level":"4","Keywords":"0x8000000000000000","Channel":"Microsoft-Windows-Sysmon/Operational","Hostname":"WORKSTATION6.theshire.local","TimeCreated":"2020-12-19T07:00:23.086Z","@timestamp":"2020-12-19T07:00:23.086Z","EventID":7,"Message":"Image loaded:\r\nRuleName: -\r\nUtcTime: 2020-12-19 12:00:23.071\r\nProcessGuid: {649442b8-eb57-5fdd-0b8c-000000000600}\r\nProcessId: 776\r\nImage: C:\\Windows\\System32\\cscript.exe\r\nImageLoaded: C:\\Windows\\System32\\rsaenh.dll\r\nFileVersion: 10.0.18362.1 (WinBuild.160101.0800)\r\nDescription: Microsoft Enhanced Cryptographic Provider\r\nProduct: Microsoft Windows Operating System\r\nCompany: Microsoft Corporation\r\nOriginalFileName: rsaenh.dll\r\nHashes: SHA1=09310F93E62D8B8BCBBEA36CB3AAF78CB98798EF,MD5=D3102BD5CD3C24E02C68CF6770379402,SHA256=49BF93C5C4D0D4AEE050ED83193DCF3FCB08D50DB5F0B7740436B24B83D14023,IMPHASH=A4C20B1A7B632846186AD47A0810709E\r\nSigned: true\r\nSignature: Microsoft Windows\r\nSignatureStatus: Valid","Task":"7","RuleName":"-","UtcTime":"2020-12-19 12:00:23.071","ProcessGuid":"{649442b8-eb57-5fdd-0b8c-000000000600}","ProcessId":"776","Image":"C:\\Windows\\System32\\cscript.exe","ImageLoaded":"C:\\Windows\\System32\\rsaenh.dll","FileVersion":"10.0.18362.1 (WinBuild.160101.0800)","Description":"Microsoft Enhanced Cryptographic Provider","Product":"Microsoft Windows Operating System","Company":"Microsoft Corporation","OriginalFileName":"rsaenh.dll","Hashes":"SHA1=09310F93E62D8B8BCBBEA36CB3AAF78CB98798EF,MD5=D3102BD5CD3C24E02C68CF6770379402,SHA256=49BF93C5C4D0D4AEE050ED83193DCF3FCB08D50DB5F0B7740436B24B83D14023,IMPHASH=A4C20B1A7B632846186AD47A0810709E","Signed":"true","Signature":"Microsoft Windows","SignatureStatus":"Valid"}
{"SourceName":"Microsoft-Windows-Sysmon","ProviderGuid":"{5770385f-c22a-43e0-bf4c-06f5698ffbd9}","Level":"4","Keywords":"0x8000000000000000","Channel":"Microsoft-Windows-Sysmon/Operational","Hostname":"WORKSTATION6.theshire.local","TimeCreated":"2020-12-19T07:00:23.087Z","@timestamp":"2020-12-19T07:00:23.087Z","EventID":7,"Message":"Image loaded:\r\nRuleName: -\r\nUtcTime: 2020-12-19 12:00:23.071\r\nProcessGuid: {649442b8-eb57-5fdd-0b8c-000000000600}\r\nProcessId: 776\r\nImage: C:\\Windows\\System32\\cscript.exe\r\nImageLoaded: C:\\Windows\\System32\\bcrypt.dll\r\nFileVersion: 10.0.18362.1237 (WinBuild.160101.0800)\r\nDescription: Windows Cryptographic Primitives Library\r\nProduct: Microsoft Windows Operating System\r\nCompany: Microsoft Corporation\r\nOriginalFileName: bcrypt.dll\r\nHashes: SHA1=E9491DF4CCA4A25142C4F1033AB779A9162B21A0,MD5=F046E87EF05CCC4F79A48DF5E63662F0,SHA256=F1E0E036982B18A29DF498B3755A5BD90DE016E15B623436921E6FE2356E0D2D,IMPHASH=F8A5CF8F7AF31A59E7541332D16C6ABA\r\nSigned: true\r\nSignature: Microsoft Windows\r\nSignatureStatus: Valid","Task":"7","RuleName":"-","UtcTime":"2020-12-19 12:00:23.071","ProcessGuid":"{649442b8-eb57-5fdd-0b8c-000000000600}","ProcessId":"776","Image":"C:\\Windows\\System32\\cscript.exe","ImageLoaded":"C:\\Windows\\System32\\bcrypt.dll","FileVersion":"10.0.18362.1237 (WinBuild.160101.0800)","Description":"Windows Cryptographic Primitives Library","Product":"Microsoft Windows Operating System","Company":"Microsoft Corporation","OriginalFileName":"bcrypt.dll","Hashes":"SHA1=E9491DF4CCA4A25142C4F1033AB779A9162B21A0,MD5=F046E87EF05CCC4F79A48DF5E63662F0,SHA256=F1E0E036982B18A29DF498B3755A5BD90DE016E15B623436921E6FE2356E0D2D,IMPHASH=F8A5CF8F7AF31A59E7541332D16C6ABA","Signed":"true","Signature":"Microsoft Windows","SignatureStatus":"Valid"}
{"SourceName":"Microsoft-Windows-Sysmon","ProviderGuid":"{5770385f-c22a-43e0-bf4c-06f5698ffbd9}","Level":"4","Keywords":"0x8000000000000000","Channel":"Microsoft-Windows-Sysmon/Operational","Hostname":"WORKSTATION6.theshire.local","TimeCreated":"2020-12-19T07:00:23.088Z","@timestamp":"2020-12-19T07:00:23.088Z","EventID":7,"Message":"Image loaded:\r\nRuleName: -\r\nUtcTime: 2020-12-19 12:00:23.087\r\nProcessGuid: {649442b8-eb57-5fdd-0b8c-000000000600}\r\nProcessId: 776\r\nImage: C:\\Windows\\System32\\cscript.exe\r\nImageLoaded: C:\\Windows\\System32\\cryptbase.dll\r\nFileVersion: 10.0.18362.1 (WinBuild.160101.0800)\r\nDescription: Base cryptographic API DLL\r\nProduct: Microsoft Windows Operating System\r\nCompany: Microsoft Corporation\r\nOriginalFileName: cryptbase.dll\r\nHashes: SHA1=B6093663113CF33A76156CB3F6D4322514F00E4B,MD5=26887DE7D7D1928F52A452E3A63E55E8,SHA256=EA86D9754164CA2C01B4A7F81188B2490CEE1F350E177861A4702C92DFD6D066,IMPHASH=3F27E242D68FC14338677A25FAE441F7\r\nSigned: true\r\nSignature: Microsoft Windows\r\nSignatureStatus: Valid","Task":"7","RuleName":"-","UtcTime":"2020-12-19 12:00:23.087","ProcessGuid":"{649442b8-eb57-5fdd-0b8c-000000000600}","ProcessId":"776","Image":"C:\\Windows\\System32\\cscript.exe","ImageLoaded":"C:\\Windows\\System32\\cryptbase.dll","FileVersion":"10.0.18362.1 (WinBuild.160101.0800)","Description":"Base cryptographic API DLL","Product":"Microsoft Windows Operating System","Company":"Microsoft Corporation","OriginalFileName":"cryptbase.dll","Hashes":"SHA1=B6093663113CF33A76156CB3F6D4322514F00E4B,MD5=26887DE7D7D1928F52A452E3A63E55E8,SHA256=EA86D9754164CA2C01B4A7F81188B2490CEE1F350E177861A4702C92DFD6D066,IMPHASH=3F27E242D68FC14338677A25FAE441F7","Signed":"true","Signature":"Microsoft Windows","SignatureStatus":"Valid"}
{"SourceName":"Microsoft-Windows-Sysmon","ProviderGuid":"{5770385f-c22a-43e0-bf4c-06f5698ffbd9}","Level":"4","Keywords":"0x8000000000000000","Channel":"Microsoft-Windows-Sysmon/Operational","Hostname":"WORKSTATION6.theshire.local","TimeCreated":"2020-12-19T07:00:23.088Z","@timestamp":"2020-12-19T07:00:23.088Z","EventID":12,"Message":"Registry object added or deleted:\r\nRuleName: -\r\nEventType: CreateKey\r\nUtcTime: 2020-12-19 12:00:23.087\r\nProcessGuid: {649442b8-eb57-5fdd-0b8c-000000000600}\r\nProcessId: 776\r\nImage: C:\\windows\\system32\\cscript.exe\r\nTargetObject: HKU\\.DEFAULT\\Software\\Microsoft\\Windows\\CurrentVersion\\WinTrust\\Trust Providers\\Software Publishing","Task":"12","RuleName":"-","EventType":"CreateKey","UtcTime":"2020-12-19 12:00:23.087","ProcessGuid":"{649442b8-eb57-5fdd-0b8c-000000000600}","ProcessId":"776","Image":"C:\\windows\\system32\\cscript.exe","TargetObject":"HKU\\.DEFAULT\\Software\\Microsoft\\Windows\\CurrentVersion\\WinTrust\\Trust Providers\\Software Publishing"}
{"SourceName":"Microsoft-Windows-Sysmon","ProviderGuid":"{5770385f-c22a-43e0-bf4c-06f5698ffbd9}","Level":"4","Keywords":"0x8000000000000000","Channel":"Microsoft-Windows-Sysmon/Operational","Hostname":"WORKSTATION6.theshire.local","TimeCreated":"2020-12-19T07:00:23.089Z","@timestamp":"2020-12-19T07:00:23.089Z","EventID":7,"Message":"Image loaded:\r\nRuleName: -\r\nUtcTime: 2020-12-19 12:00:23.087\r\nProcessGuid: {649442b8-eb57-5fdd-0b8c-000000000600}\r\nProcessId: 776\r\nImage: C:\\Windows\\System32\\cscript.exe\r\nImageLoaded: C:\\Windows\\System32\\msisip.dll\r\nFileVersion: 5.0.18362.1016 (WinBuild.160101.0800)\r\nDescription: MSI Signature SIP Provider\r\nProduct: Windows Installer - Unicode\r\nCompany: Microsoft Corporation\r\nOriginalFileName: MSISIP.DLL\r\nHashes: SHA1=DFDB908D93F34EB36C413FF8A54462BE6E34E550,MD5=244CB212EFF69B7E39EC8E7420B62BAF,SHA256=9E83E8363CD3AACDA28B39AFCDE244E1281940683EB3A4B31A91ED4CEA649297,IMPHASH=89E412B012B71D627A12BE33E873D8D7\r\nSigned: true\r\nSignature: Microsoft Windows\r\nSignatureStatus: Valid","Task":"7","RuleName":"-","UtcTime":"2020-12-19 12:00:23.087","ProcessGuid":"{649442b8-eb57-5fdd-0b8c-000000000600}","ProcessId":"776","Image":"C:\\Windows\\System32\\cscript.exe","ImageLoaded":"C:\\Windows\\System32\\msisip.dll","FileVersion":"5.0.18362.1016 (WinBuild.160101.0800)","Description":"MSI Signature SIP Provider","Product":"Windows Installer - Unicode","Company":"Microsoft Corporation","OriginalFileName":"MSISIP.DLL","Hashes":"SHA1=DFDB908D93F34EB36C413FF8A54462BE6E34E550,MD5=244CB212EFF69B7E39EC8E7420B62BAF,SHA256=9E83E8363CD3AACDA28B39AFCDE244E1281940683EB3A4B31A91ED4CEA649297,IMPHASH=89E412B012B71D627A12BE33E873D8D7","Signed":"true","Signature":"Microsoft Windows","SignatureStatus":"Valid"}
{"SourceName":"Microsoft-Windows-Sysmon","ProviderGuid":"{5770385f-c22a-43e0-bf4c-06f5698ffbd9}","Level":"4","Keywords":"0x8000000000000000","Channel":"Microsoft-Windows-Sysmon/Operational","Hostname":"WORKSTATION6.theshire.local","TimeCreated":"2020-12-19T07:00:23.090Z","@timestamp":"2020-12-19T07:00:23.090Z","EventID":7,"Message":"Image loaded:\r\nRuleName: -\r\nUtcTime: 2020-12-19 12:00:23.087\r\nProcessGuid: {649442b8-eb57-5fdd-0b8c-000000000600}\r\nProcessId: 776\r\nImage: C:\\Windows\\System32\\cscript.exe\r\nImageLoaded: C:\\Windows\\System32\\coml2.dll\r\nFileVersion: 10.0.18362.1 (WinBuild.160101.0800)\r\nDescription: Microsoft COM for Windows\r\nProduct: Microsoft Windows Operating System\r\nCompany: Microsoft Corporation\r\nOriginalFileName: COML2.DLL\r\nHashes: SHA1=D10192212E2D342BB7EB8C85C876CEA94EE824F8,MD5=727673EC5D0CD9B726D8F2CFBDC747AB,SHA256=4C67CDC79D8EB20EE49DEF0D8CB5126D5BF660C7BF5E25D17DD6FC48C2902F5E,IMPHASH=F830D7ACFCD0C9974048B2C1271F3E86\r\nSigned: true\r\nSignature: Microsoft Windows\r\nSignatureStatus: Valid","Task":"7","RuleName":"-","UtcTime":"2020-12-19 12:00:23.087","ProcessGuid":"{649442b8-eb57-5fdd-0b8c-000000000600}","ProcessId":"776","Image":"C:\\Windows\\System32\\cscript.exe","ImageLoaded":"C:\\Windows\\System32\\coml2.dll","FileVersion":"10.0.18362.1 (WinBuild.160101.0800)","Description":"Microsoft COM for Windows","Product":"Microsoft Windows Operating System","Company":"Microsoft Corporation","OriginalFileName":"COML2.DLL","Hashes":"SHA1=D10192212E2D342BB7EB8C85C876CEA94EE824F8,MD5=727673EC5D0CD9B726D8F2CFBDC747AB,SHA256=4C67CDC79D8EB20EE49DEF0D8CB5126D5BF660C7BF5E25D17DD6FC48C2902F5E,IMPHASH=F830D7ACFCD0C9974048B2C1271F3E86","Signed":"true","Signature":"Microsoft Windows","SignatureStatus":"Valid"}
{"SourceName":"Microsoft-Windows-Sysmon","ProviderGuid":"{5770385f-c22a-43e0-bf4c-06f5698ffbd9}","Level":"4","Keywords":"0x8000000000000000","Channel":"Microsoft-Windows-Sysmon/Operational","Hostname":"WORKSTATION6.theshire.local","TimeCreated":"2020-12-19T07:00:23.091Z","@timestamp":"2020-12-19T07:00:23.091Z","EventID":7,"Message":"Image loaded:\r\nRuleName: -\r\nUtcTime: 2020-12-19 12:00:23.087\r\nProcessGuid: {649442b8-eb57-5fdd-0b8c-000000000600}\r\nProcessId: 776\r\nImage: C:\\Windows\\System32\\cscript.exe\r\nImageLoaded: C:\\Windows\\System32\\wshext.dll\r\nFileVersion: 5.812.10240.16384\r\nDescription: Microsoft  Shell Extension for Windows Script Host\r\nProduct: Microsoft  Windows Script Host\r\nCompany: Microsoft Corporation\r\nOriginalFileName: wshext.dll\r\nHashes: SHA1=8772D2DDB48291C7EA1A726408B83050ACEA67DA,MD5=0E78071F57B76211F008B5AFA2FC8DE0,SHA256=2574135F407B1330EB7B9EEAB9A203A6655E0EB3A65FC640E30BE387C4A62082,IMPHASH=CE4097CF7A85C58FF4D2B125C2BD77AF\r\nSigned: true\r\nSignature: Microsoft Windows\r\nSignatureStatus: Valid","Task":"7","RuleName":"-","UtcTime":"2020-12-19 12:00:23.087","ProcessGuid":"{649442b8-eb57-5fdd-0b8c-000000000600}","ProcessId":"776","Image":"C:\\Windows\\System32\\cscript.exe","ImageLoaded":"C:\\Windows\\System32\\wshext.dll","FileVersion":"5.812.10240.16384","Description":"Microsoft  Shell Extension for Windows Script Host","Product":"Microsoft  Windows Script Host","Company":"Microsoft Corporation","OriginalFileName":"wshext.dll","Hashes":"SHA1=8772D2DDB48291C7EA1A726408B83050ACEA67DA,MD5=0E78071F57B76211F008B5AFA2FC8DE0,SHA256=2574135F407B1330EB7B9EEAB9A203A6655E0EB3A65FC640E30BE387C4A62082,IMPHASH=CE4097CF7A85C58FF4D2B125C2BD77AF","Signed":"true","Signature":"Microsoft Windows","SignatureStatus":"Valid"}
{"SourceName":"Microsoft-Windows-Sysmon","ProviderGuid":"{5770385f-c22a-43e0-bf4c-06f5698ffbd9}","Level":"4","Keywords":"0x8000000000000000","Channel":"Microsoft-Windows-Sysmon/Operational","Hostname":"WORKSTATION6.theshire.local","TimeCreated":"2020-12-19T07:00:23.091Z","@timestamp":"2020-12-19T07:00:23.091Z","EventID":7,"Message":"Image loaded:\r\nRuleName: -\r\nUtcTime: 2020-12-19 12:00:23.087\r\nProcessGuid: {649442b8-eb57-5fdd-0b8c-000000000600}\r\nProcessId: 776\r\nImage: C:\\Windows\\System32\\cscript.exe\r\nImageLoaded: C:\\Windows\\System32\\shell32.dll\r\nFileVersion: 10.0.18362.1237 (WinBuild.160101.0800)\r\nDescription: Windows Shell Common Dll\r\nProduct: Microsoft Windows Operating System\r\nCompany: Microsoft Corporation\r\nOriginalFileName: SHELL32.DLL\r\nHashes: SHA1=C42CB08E02FE0EAC106FFFC4614098AE999BD706,MD5=67C804E8A32001B2EE94BDACDFAFA555,SHA256=32F4A02472EB44E470F3FBDD704778265E2B6E1CAB45D2E27757EBD18FD8201D,IMPHASH=7D2F2D79C865EE5B1D1861EB448E6A99\r\nSigned: true\r\nSignature: Microsoft Windows\r\nSignatureStatus: Valid","Task":"7","RuleName":"-","UtcTime":"2020-12-19 12:00:23.087","ProcessGuid":"{649442b8-eb57-5fdd-0b8c-000000000600}","ProcessId":"776","Image":"C:\\Windows\\System32\\cscript.exe","ImageLoaded":"C:\\Windows\\System32\\shell32.dll","FileVersion":"10.0.18362.1237 (WinBuild.160101.0800)","Description":"Windows Shell Common Dll","Product":"Microsoft Windows Operating System","Company":"Microsoft Corporation","OriginalFileName":"SHELL32.DLL","Hashes":"SHA1=C42CB08E02FE0EAC106FFFC4614098AE999BD706,MD5=67C804E8A32001B2EE94BDACDFAFA555,SHA256=32F4A02472EB44E470F3FBDD704778265E2B6E1CAB45D2E27757EBD18FD8201D,IMPHASH=7D2F2D79C865EE5B1D1861EB448E6A99","Signed":"true","Signature":"Microsoft Windows","SignatureStatus":"Valid"}
{"SourceName":"Microsoft-Windows-Sysmon","ProviderGuid":"{5770385f-c22a-43e0-bf4c-06f5698ffbd9}","Level":"4","Keywords":"0x8000000000000000","Channel":"Microsoft-Windows-Sysmon/Operational","Hostname":"WORKSTATION6.theshire.local","TimeCreated":"2020-12-19T07:00:23.091Z","@timestamp":"2020-12-19T07:00:23.091Z","EventID":7,"Message":"Image loaded:\r\nRuleName: -\r\nUtcTime: 2020-12-19 12:00:23.087\r\nProcessGuid: {649442b8-eb57-5fdd-0b8c-000000000600}\r\nProcessId: 776\r\nImage: C:\\Windows\\System32\\cscript.exe\r\nImageLoaded: C:\\Windows\\System32\\cfgmgr32.dll\r\nFileVersion: 10.0.18362.387 (WinBuild.160101.0800)\r\nDescription: Configuration Manager DLL\r\nProduct: Microsoft Windows Operating System\r\nCompany: Microsoft Corporation\r\nOriginalFileName: CFGMGR32.DLL\r\nHashes: SHA1=FA3A718BEED81C7084675E250ADC305677A6B5E4,MD5=3A99A40872AF3B87406CC57DBDF53748,SHA256=96A1DB38C74A81FBA4C4AB29020551364FD1ADA3B6FED789D193C787E757979D,IMPHASH=4B4464C7677B6F07342800F4CF0BA273\r\nSigned: true\r\nSignature: Microsoft Windows\r\nSignatureStatus: Valid","Task":"7","RuleName":"-","UtcTime":"2020-12-19 12:00:23.087","ProcessGuid":"{649442b8-eb57-5fdd-0b8c-000000000600}","ProcessId":"776","Image":"C:\\Windows\\System32\\cscript.exe","ImageLoaded":"C:\\Windows\\System32\\cfgmgr32.dll","FileVersion":"10.0.18362.387 (WinBuild.160101.0800)","Description":"Configuration Manager DLL","Product":"Microsoft Windows Operating System","Company":"Microsoft Corporation","OriginalFileName":"CFGMGR32.DLL","Hashes":"SHA1=FA3A718BEED81C7084675E250ADC305677A6B5E4,MD5=3A99A40872AF3B87406CC57DBDF53748,SHA256=96A1DB38C74A81FBA4C4AB29020551364FD1ADA3B6FED789D193C787E757979D,IMPHASH=4B4464C7677B6F07342800F4CF0BA273","Signed":"true","Signature":"Microsoft Windows","SignatureStatus":"Valid"}
{"SourceName":"Microsoft-Windows-Sysmon","ProviderGuid":"{5770385f-c22a-43e0-bf4c-06f5698ffbd9}","Level":"4","Keywords":"0x8000000000000000","Channel":"Microsoft-Windows-Sysmon/Operational","Hostname":"WORKSTATION6.theshire.local","TimeCreated":"2020-12-19T07:00:23.091Z","@timestamp":"2020-12-19T07:00:23.091Z","EventID":7,"Message":"Image loaded:\r\nRuleName: -\r\nUtcTime: 2020-12-19 12:00:23.087\r\nProcessGuid: {649442b8-eb57-5fdd-0b8c-000000000600}\r\nProcessId: 776\r\nImage: C:\\Windows\\System32\\cscript.exe\r\nImageLoaded: C:\\Windows\\System32\\SHCore.dll\r\nFileVersion: 10.0.18362.1237 (WinBuild.160101.0800)\r\nDescription: SHCORE\r\nProduct: Microsoft Windows Operating System\r\nCompany: Microsoft Corporation\r\nOriginalFileName: SHCORE.dll\r\nHashes: SHA1=370FDCB6FFA4BA083D604D5DA8964E03EF2426BF,MD5=599BEFE22ED44B01CB501EF581967937,SHA256=2F729ADA32304BDED0E3E607C062C32EA555BC68B8E6CBC52840C16AB9351B44,IMPHASH=0E48D88DA5B1AEFE29036ECDE5B34E8D\r\nSigned: true\r\nSignature: Microsoft Windows\r\nSignatureStatus: Valid","Task":"7","RuleName":"-","UtcTime":"2020-12-19 12:00:23.087","ProcessGuid":"{649442b8-eb57-5fdd-0b8c-000000000600}","ProcessId":"776","Image":"C:\\Windows\\System32\\cscript.exe","ImageLoaded":"C:\\Windows\\System32\\SHCore.dll","FileVersion":"10.0.18362.1237 (WinBuild.160101.0800)","Description":"SHCORE","Product":"Microsoft Windows Operating System","Company":"Microsoft Corporation","OriginalFileName":"SHCORE.dll","Hashes":"SHA1=370FDCB6FFA4BA083D604D5DA8964E03EF2426BF,MD5=599BEFE22ED44B01CB501EF581967937,SHA256=2F729ADA32304BDED0E3E607C062C32EA555BC68B8E6CBC52840C16AB9351B44,IMPHASH=0E48D88DA5B1AEFE29036ECDE5B34E8D","Signed":"true","Signature":"Microsoft Windows","SignatureStatus":"Valid"}
{"SourceName":"Microsoft-Windows-Sysmon","ProviderGuid":"{5770385f-c22a-43e0-bf4c-06f5698ffbd9}","Level":"4","Keywords":"0x8000000000000000","Channel":"Microsoft-Windows-Sysmon/Operational","Hostname":"WORKSTATION6.theshire.local","TimeCreated":"2020-12-19T07:00:23.092Z","@timestamp":"2020-12-19T07:00:23.092Z","EventID":7,"Message":"Image loaded:\r\nRuleName: -\r\nUtcTime: 2020-12-19 12:00:23.087\r\nProcessGuid: {649442b8-eb57-5fdd-0b8c-000000000600}\r\nProcessId: 776\r\nImage: C:\\Windows\\System32\\cscript.exe\r\nImageLoaded: C:\\Windows\\System32\\windows.storage.dll\r\nFileVersion: 10.0.18362.1171 (WinBuild.160101.0800)\r\nDescription: Microsoft WinRT Storage API\r\nProduct: Microsoft Windows Operating System\r\nCompany: Microsoft Corporation\r\nOriginalFileName: Windows.Storage.dll\r\nHashes: SHA1=EE19E5E1FB49E9D67FC86B9E804D2920CE487BFA,MD5=A195854059F3A4D51A836975EBAB291F,SHA256=A9297298EDD3959008EE0B319A2DFE1D5AC6C6F0FC7F0BFB4679DBDD7D2BFA26,IMPHASH=BDB3E400A78EE2D42C647E85CD2D827B\r\nSigned: true\r\nSignature: Microsoft Windows\r\nSignatureStatus: Valid","Task":"7","RuleName":"-","UtcTime":"2020-12-19 12:00:23.087","ProcessGuid":"{649442b8-eb57-5fdd-0b8c-000000000600}","ProcessId":"776","Image":"C:\\Windows\\System32\\cscript.exe","ImageLoaded":"C:\\Windows\\System32\\windows.storage.dll","FileVersion":"10.0.18362.1171 (WinBuild.160101.0800)","Description":"Microsoft WinRT Storage API","Product":"Microsoft Windows Operating System","Company":"Microsoft Corporation","OriginalFileName":"Windows.Storage.dll","Hashes":"SHA1=EE19E5E1FB49E9D67FC86B9E804D2920CE487BFA,MD5=A195854059F3A4D51A836975EBAB291F,SHA256=A9297298EDD3959008EE0B319A2DFE1D5AC6C6F0FC7F0BFB4679DBDD7D2BFA26,IMPHASH=BDB3E400A78EE2D42C647E85CD2D827B","Signed":"true","Signature":"Microsoft Windows","SignatureStatus":"Valid"}
{"SourceName":"Microsoft-Windows-Sysmon","ProviderGuid":"{5770385f-c22a-43e0-bf4c-06f5698ffbd9}","Level":"4","Keywords":"0x8000000000000000","Channel":"Microsoft-Windows-Sysmon/Operational","Hostname":"WORKSTATION6.theshire.local","TimeCreated":"2020-12-19T07:00:23.092Z","@timestamp":"2020-12-19T07:00:23.092Z","EventID":7,"Message":"Image loaded:\r\nRuleName: -\r\nUtcTime: 2020-12-19 12:00:23.087\r\nProcessGuid: {649442b8-eb57-5fdd-0b8c-000000000600}\r\nProcessId: 776\r\nImage: C:\\Windows\\System32\\cscript.exe\r\nImageLoaded: C:\\Windows\\System32\\powrprof.dll\r\nFileVersion: 10.0.18362.1 (WinBuild.160101.0800)\r\nDescription: Power Profile Helper DLL\r\nProduct: Microsoft Windows Operating System\r\nCompany: Microsoft Corporation\r\nOriginalFileName: POWRPROF.DLL\r\nHashes: SHA1=30D5ADBC0664977C27B65622F514632581C9AF45,MD5=07B027B1E0B775FAE815E487F28137B9,SHA256=21358CE9A416C7F6DB063095102E91F014BDB85B08A4E783E17234792C9B483A,IMPHASH=817FF4748665EB442F0081A91349F764\r\nSigned: true\r\nSignature: Microsoft Windows\r\nSignatureStatus: Valid","Task":"7","RuleName":"-","UtcTime":"2020-12-19 12:00:23.087","ProcessGuid":"{649442b8-eb57-5fdd-0b8c-000000000600}","ProcessId":"776","Image":"C:\\Windows\\System32\\cscript.exe","ImageLoaded":"C:\\Windows\\System32\\powrprof.dll","FileVersion":"10.0.18362.1 (WinBuild.160101.0800)","Description":"Power Profile Helper DLL","Product":"Microsoft Windows Operating System","Company":"Microsoft Corporation","OriginalFileName":"POWRPROF.DLL","Hashes":"SHA1=30D5ADBC0664977C27B65622F514632581C9AF45,MD5=07B027B1E0B775FAE815E487F28137B9,SHA256=21358CE9A416C7F6DB063095102E91F014BDB85B08A4E783E17234792C9B483A,IMPHASH=817FF4748665EB442F0081A91349F764","Signed":"true","Signature":"Microsoft Windows","SignatureStatus":"Valid"}
{"SourceName":"Microsoft-Windows-Sysmon","ProviderGuid":"{5770385f-c22a-43e0-bf4c-06f5698ffbd9}","Level":"4","Keywords":"0x8000000000000000","Channel":"Microsoft-Windows-Sysmon/Operational","Hostname":"WORKSTATION6.theshire.local","TimeCreated":"2020-12-19T07:00:23.092Z","@timestamp":"2020-12-19T07:00:23.092Z","EventID":7,"Message":"Image loaded:\r\nRuleName: -\r\nUtcTime: 2020-12-19 12:00:23.087\r\nProcessGuid: {649442b8-eb57-5fdd-0b8c-000000000600}\r\nProcessId: 776\r\nImage: C:\\Windows\\System32\\cscript.exe\r\nImageLoaded: C:\\Windows\\System32\\umpdc.dll\r\nFileVersion: -\r\nDescription: -\r\nProduct: -\r\nCompany: -\r\nOriginalFileName: -\r\nHashes: SHA1=6ABB78FB1614C12E3E9FFF3DE98B0E13E79201D9,MD5=B9A75ED4500DD953DF172FE6F63578E8,SHA256=709B99BA1DFEF6D9B2483F37D242B12F29B1E1ADE13E338B4D7041C55B55204B,IMPHASH=5A0FF5293A05BFEBAE6F2C9C302FC5E7\r\nSigned: true\r\nSignature: Microsoft Windows\r\nSignatureStatus: Valid","Task":"7","RuleName":"-","UtcTime":"2020-12-19 12:00:23.087","ProcessGuid":"{649442b8-eb57-5fdd-0b8c-000000000600}","ProcessId":"776","Image":"C:\\Windows\\System32\\cscript.exe","ImageLoaded":"C:\\Windows\\System32\\umpdc.dll","FileVersion":"-","Description":"-","Product":"-","Company":"-","OriginalFileName":"-","Hashes":"SHA1=6ABB78FB1614C12E3E9FFF3DE98B0E13E79201D9,MD5=B9A75ED4500DD953DF172FE6F63578E8,SHA256=709B99BA1DFEF6D9B2483F37D242B12F29B1E1ADE13E338B4D7041C55B55204B,IMPHASH=5A0FF5293A05BFEBAE6F2C9C302FC5E7","Signed":"true","Signature":"Microsoft Windows","SignatureStatus":"Valid"}
{"SourceName":"Microsoft-Windows-Sysmon","ProviderGuid":"{5770385f-c22a-43e0-bf4c-06f5698ffbd9}","Level":"4","Keywords":"0x8000000000000000","Channel":"Microsoft-Windows-Sysmon/Operational","Hostname":"WORKSTATION6.theshire.local","TimeCreated":"2020-12-19T07:00:23.093Z","@timestamp":"2020-12-19T07:00:23.093Z","EventID":7,"Message":"Image loaded:\r\nRuleName: -\r\nUtcTime: 2020-12-19 12:00:23.087\r\nProcessGuid: {649442b8-eb57-5fdd-0b8c-000000000600}\r\nProcessId: 776\r\nImage: C:\\Windows\\System32\\cscript.exe\r\nImageLoaded: C:\\Windows\\System32\\shlwapi.dll\r\nFileVersion: 10.0.18362.1 (WinBuild.160101.0800)\r\nDescription: Shell Light-weight Utility Library\r\nProduct: Microsoft Windows Operating System\r\nCompany: Microsoft Corporation\r\nOriginalFileName: SHLWAPI.DLL\r\nHashes: SHA1=9074DF3335B785BB00B43AE76ACC66B799118FAE,MD5=BFB85A9022324E41FCEC5011BCB5FD23,SHA256=3CDA144CFB6278DA47267FE1E1FE258716A074C3D3DD8413B259DA7DA1039871,IMPHASH=6659A49ABF33952444C5A7FA22FD9032\r\nSigned: true\r\nSignature: Microsoft Windows\r\nSignatureStatus: Valid","Task":"7","RuleName":"-","UtcTime":"2020-12-19 12:00:23.087","ProcessGuid":"{649442b8-eb57-5fdd-0b8c-000000000600}","ProcessId":"776","Image":"C:\\Windows\\System32\\cscript.exe","ImageLoaded":"C:\\Windows\\System32\\shlwapi.dll","FileVersion":"10.0.18362.1 (WinBuild.160101.0800)","Description":"Shell Light-weight Utility Library","Product":"Microsoft Windows Operating System","Company":"Microsoft Corporation","OriginalFileName":"SHLWAPI.DLL","Hashes":"SHA1=9074DF3335B785BB00B43AE76ACC66B799118FAE,MD5=BFB85A9022324E41FCEC5011BCB5FD23,SHA256=3CDA144CFB6278DA47267FE1E1FE258716A074C3D3DD8413B259DA7DA1039871,IMPHASH=6659A49ABF33952444C5A7FA22FD9032","Signed":"true","Signature":"Microsoft Windows","SignatureStatus":"Valid"}
{"SourceName":"Microsoft-Windows-Sysmon","ProviderGuid":"{5770385f-c22a-43e0-bf4c-06f5698ffbd9}","Level":"4","Keywords":"0x8000000000000000","Channel":"Microsoft-Windows-Sysmon/Operational","Hostname":"WORKSTATION6.theshire.local","TimeCreated":"2020-12-19T07:00:23.096Z","@timestamp":"2020-12-19T07:00:23.096Z","EventID":7,"Message":"Image loaded:\r\nRuleName: -\r\nUtcTime: 2020-12-19 12:00:23.087\r\nProcessGuid: {649442b8-eb57-5fdd-0b8c-000000000600}\r\nProcessId: 776\r\nImage: C:\\Windows\\System32\\cscript.exe\r\nImageLoaded: C:\\Windows\\System32\\scrobj.dll\r\nFileVersion: 5.812.10240.16384\r\nDescription: Windows  Script Component Runtime\r\nProduct: Microsoft  Windows  Script Component Runtime\r\nCompany: Microsoft Corporation\r\nOriginalFileName: scrobj.dll\r\nHashes: SHA1=BBE6190EDAE90AB72EB53BFA9DD7846597E5C44B,MD5=80F001D5A3609071C15BE2D2F98A847B,SHA256=35E5723E66E04826D96234EFE329095E6084BAB6DDA109DBD68EA790C051CB78,IMPHASH=C928D4D30D6B6FC0A3B011AA381044CA\r\nSigned: true\r\nSignature: Microsoft Windows\r\nSignatureStatus: Valid","Task":"7","RuleName":"-","UtcTime":"2020-12-19 12:00:23.087","ProcessGuid":"{649442b8-eb57-5fdd-0b8c-000000000600}","ProcessId":"776","Image":"C:\\Windows\\System32\\cscript.exe","ImageLoaded":"C:\\Windows\\System32\\scrobj.dll","FileVersion":"5.812.10240.16384","Description":"Windows  Script Component Runtime","Product":"Microsoft  Windows  Script Component Runtime","Company":"Microsoft Corporation","OriginalFileName":"scrobj.dll","Hashes":"SHA1=BBE6190EDAE90AB72EB53BFA9DD7846597E5C44B,MD5=80F001D5A3609071C15BE2D2F98A847B,SHA256=35E5723E66E04826D96234EFE329095E6084BAB6DDA109DBD68EA790C051CB78,IMPHASH=C928D4D30D6B6FC0A3B011AA381044CA","Signed":"true","Signature":"Microsoft Windows","SignatureStatus":"Valid"}
{"SourceName":"Microsoft-Windows-Sysmon","ProviderGuid":"{5770385f-c22a-43e0-bf4c-06f5698ffbd9}","Level":"4","Keywords":"0x8000000000000000","Channel":"Microsoft-Windows-Sysmon/Operational","Hostname":"WORKSTATION6.theshire.local","TimeCreated":"2020-12-19T07:00:23.097Z","@timestamp":"2020-12-19T07:00:23.097Z","EventID":7,"Message":"Image loaded:\r\nRuleName: -\r\nUtcTime: 2020-12-19 12:00:23.087\r\nProcessGuid: {649442b8-eb57-5fdd-0b8c-000000000600}\r\nProcessId: 776\r\nImage: C:\\Windows\\System32\\cscript.exe\r\nImageLoaded: C:\\Windows\\System32\\mlang.dll\r\nFileVersion: 10.0.18362.1 (WinBuild.160101.0800)\r\nDescription: Multi Language Support DLL\r\nProduct: Microsoft Windows Operating System\r\nCompany: Microsoft Corporation\r\nOriginalFileName: MLANG.DLL\r\nHashes: SHA1=B2A3785E9851C37F82BFE374FA83B154A8C69DC1,MD5=D6402D9D7E2FC26773B1D5BE17DC59AC,SHA256=AC9D9701EB99C0FBDEAF1525A390804785E6D4C30129D2E51E47AEDEA02D438A,IMPHASH=8C5EF934F2973563A30D41BD42A4CD00\r\nSigned: true\r\nSignature: Microsoft Windows\r\nSignatureStatus: Valid","Task":"7","RuleName":"-","UtcTime":"2020-12-19 12:00:23.087","ProcessGuid":"{649442b8-eb57-5fdd-0b8c-000000000600}","ProcessId":"776","Image":"C:\\Windows\\System32\\cscript.exe","ImageLoaded":"C:\\Windows\\System32\\mlang.dll","FileVersion":"10.0.18362.1 (WinBuild.160101.0800)","Description":"Multi Language Support DLL","Product":"Microsoft Windows Operating System","Company":"Microsoft Corporation","OriginalFileName":"MLANG.DLL","Hashes":"SHA1=B2A3785E9851C37F82BFE374FA83B154A8C69DC1,MD5=D6402D9D7E2FC26773B1D5BE17DC59AC,SHA256=AC9D9701EB99C0FBDEAF1525A390804785E6D4C30129D2E51E47AEDEA02D438A,IMPHASH=8C5EF934F2973563A30D41BD42A4CD00","Signed":"true","Signature":"Microsoft Windows","SignatureStatus":"Valid"}
{"SourceName":"Microsoft-Windows-Sysmon","ProviderGuid":"{5770385f-c22a-43e0-bf4c-06f5698ffbd9}","Level":"4","Keywords":"0x8000000000000000","Channel":"Microsoft-Windows-Sysmon/Operational","Hostname":"WORKSTATION6.theshire.local","TimeCreated":"2020-12-19T07:00:23.098Z","@timestamp":"2020-12-19T07:00:23.098Z","EventID":7,"Message":"Image loaded:\r\nRuleName: -\r\nUtcTime: 2020-12-19 12:00:23.087\r\nProcessGuid: {649442b8-eb57-5fdd-0b8c-000000000600}\r\nProcessId: 776\r\nImage: C:\\Windows\\System32\\cscript.exe\r\nImageLoaded: C:\\Program Files\\Microsoft Monitoring Agent\\Agent\\MOMScriptAPI.dll\r\nFileVersion: 10.20.18053.0\r\nDescription: MsMgmtAuxiliary Module\r\nProduct: Microsoft Monitoring Agent\r\nCompany: Microsoft Corp.\r\nOriginalFileName: MsMgmtAuxiliary.exe\r\nHashes: SHA1=BCC8FD54F4B3EFF5EFD30C15FAFE43A8B6E48937,MD5=FBE93FFD74F01676A9B22E2D70FA367F,SHA256=B36E09B149CA531FBD391D7D1B5047FA76032138D52D815222717059D89C7813,IMPHASH=607E47B2ED16E99EDFBA7D37123FC456\r\nSigned: true\r\nSignature: Microsoft Corporation\r\nSignatureStatus: Valid","Task":"7","RuleName":"-","UtcTime":"2020-12-19 12:00:23.087","ProcessGuid":"{649442b8-eb57-5fdd-0b8c-000000000600}","ProcessId":"776","Image":"C:\\Windows\\System32\\cscript.exe","ImageLoaded":"C:\\Program Files\\Microsoft Monitoring Agent\\Agent\\MOMScriptAPI.dll","FileVersion":"10.20.18053.0","Description":"MsMgmtAuxiliary Module","Product":"Microsoft Monitoring Agent","Company":"Microsoft Corp.","OriginalFileName":"MsMgmtAuxiliary.exe","Hashes":"SHA1=BCC8FD54F4B3EFF5EFD30C15FAFE43A8B6E48937,MD5=FBE93FFD74F01676A9B22E2D70FA367F,SHA256=B36E09B149CA531FBD391D7D1B5047FA76032138D52D815222717059D89C7813,IMPHASH=607E47B2ED16E99EDFBA7D37123FC456","Signed":"true","Signature":"Microsoft Corporation","SignatureStatus":"Valid"}
{"SourceName":"Microsoft-Windows-Sysmon","ProviderGuid":"{5770385f-c22a-43e0-bf4c-06f5698ffbd9}","Level":"4","Keywords":"0x8000000000000000","Channel":"Microsoft-Windows-Sysmon/Operational","Hostname":"WORKSTATION6.theshire.local","TimeCreated":"2020-12-19T07:00:23.099Z","@timestamp":"2020-12-19T07:00:23.099Z","EventID":7,"Message":"Image loaded:\r\nRuleName: -\r\nUtcTime: 2020-12-19 12:00:23.087\r\nProcessGuid: {649442b8-eb57-5fdd-0b8c-000000000600}\r\nProcessId: 776\r\nImage: C:\\Windows\\System32\\cscript.exe\r\nImageLoaded: C:\\Windows\\System32\\msvcp120.dll\r\nFileVersion: 12.00.21005.1 built by: REL\r\nDescription: Microsoft C Runtime Library\r\nProduct: Microsoft Visual Studio 2013\r\nCompany: Microsoft Corporation\r\nOriginalFileName: msvcp120.dll\r\nHashes: SHA1=D0164C041707F297A73ABB9EA854111953E99CF1,MD5=46060C35F697281BC5E7337AEE3722B1,SHA256=2ABF0AAB5A3C5AE9424B64E9D19D9D6D4AEBC67814D7E92E4927B9798FEF2848,IMPHASH=D0A59246EAB41D54812CD63C2326E1F1\r\nSigned: true\r\nSignature: Microsoft Corporation\r\nSignatureStatus: Valid","Task":"7","RuleName":"-","UtcTime":"2020-12-19 12:00:23.087","ProcessGuid":"{649442b8-eb57-5fdd-0b8c-000000000600}","ProcessId":"776","Image":"C:\\Windows\\System32\\cscript.exe","ImageLoaded":"C:\\Windows\\System32\\msvcp120.dll","FileVersion":"12.00.21005.1 built by: REL","Description":"Microsoft C Runtime Library","Product":"Microsoft Visual Studio 2013","Company":"Microsoft Corporation","OriginalFileName":"msvcp120.dll","Hashes":"SHA1=D0164C041707F297A73ABB9EA854111953E99CF1,MD5=46060C35F697281BC5E7337AEE3722B1,SHA256=2ABF0AAB5A3C5AE9424B64E9D19D9D6D4AEBC67814D7E92E4927B9798FEF2848,IMPHASH=D0A59246EAB41D54812CD63C2326E1F1","Signed":"true","Signature":"Microsoft Corporation","SignatureStatus":"Valid"}
{"SourceName":"Microsoft-Windows-Sysmon","ProviderGuid":"{5770385f-c22a-43e0-bf4c-06f5698ffbd9}","Level":"4","Keywords":"0x8000000000000000","Channel":"Microsoft-Windows-Sysmon/Operational","Hostname":"WORKSTATION6.theshire.local","TimeCreated":"2020-12-19T07:00:23.099Z","@timestamp":"2020-12-19T07:00:23.099Z","EventID":7,"Message":"Image loaded:\r\nRuleName: -\r\nUtcTime: 2020-12-19 12:00:23.087\r\nProcessGuid: {649442b8-eb57-5fdd-0b8c-000000000600}\r\nProcessId: 776\r\nImage: C:\\Windows\\System32\\cscript.exe\r\nImageLoaded: C:\\Windows\\System32\\msvcr120.dll\r\nFileVersion: 12.00.21005.1 built by: REL\r\nDescription: Microsoft C Runtime Library\r\nProduct: Microsoft Visual Studio 2013\r\nCompany: Microsoft Corporation\r\nOriginalFileName: msvcr120.dll\r\nHashes: SHA1=62CB65A1D79E2C5ADA0C7BFC04C18693567C90D0,MD5=9C861C079DD81762B6C54E37597B7712,SHA256=AD32240BB1DE55C3F5FCAC8789F583A17057F9D14914C538C2A7A5AD346B341C,IMPHASH=8F18E22935EF8B336E246EE763FBEC97\r\nSigned: true\r\nSignature: Microsoft Corporation\r\nSignatureStatus: Valid","Task":"7","RuleName":"-","UtcTime":"2020-12-19 12:00:23.087","ProcessGuid":"{649442b8-eb57-5fdd-0b8c-000000000600}","ProcessId":"776","Image":"C:\\Windows\\System32\\cscript.exe","ImageLoaded":"C:\\Windows\\System32\\msvcr120.dll","FileVersion":"12.00.21005.1 built by: REL","Description":"Microsoft C Runtime Library","Product":"Microsoft Visual Studio 2013","Company":"Microsoft Corporation","OriginalFileName":"msvcr120.dll","Hashes":"SHA1=62CB65A1D79E2C5ADA0C7BFC04C18693567C90D0,MD5=9C861C079DD81762B6C54E37597B7712,SHA256=AD32240BB1DE55C3F5FCAC8789F583A17057F9D14914C538C2A7A5AD346B341C,IMPHASH=8F18E22935EF8B336E246EE763FBEC97","Signed":"true","Signature":"Microsoft Corporation","SignatureStatus":"Valid"}
{"SourceName":"Microsoft-Windows-Sysmon","ProviderGuid":"{5770385f-c22a-43e0-bf4c-06f5698ffbd9}","Level":"4","Keywords":"0x8000000000000000","Channel":"Microsoft-Windows-Sysmon/Operational","Hostname":"WORKSTATION6.theshire.local","TimeCreated":"2020-12-19T07:00:23.099Z","@timestamp":"2020-12-19T07:00:23.099Z","EventID":7,"Message":"Image loaded:\r\nRuleName: -\r\nUtcTime: 2020-12-19 12:00:23.087\r\nProcessGuid: {649442b8-eb57-5fdd-0b8c-000000000600}\r\nProcessId: 776\r\nImage: C:\\Windows\\System32\\cscript.exe\r\nImageLoaded: C:\\Program Files\\Microsoft Monitoring Agent\\Agent\\HealthServiceRuntime.dll\r\nFileVersion: 10.20.18053.0\r\nDescription: Health Service Runtime\r\nProduct: Microsoft Monitoring Agent\r\nCompany: Microsoft Corp.\r\nOriginalFileName: HealthServiceRuntime.dll\r\nHashes: SHA1=9AA65338F05F8BFEFE0245D94B7CD595404127FA,MD5=D04ADFD7E018D79EC0AB0FD302A4A8E2,SHA256=436EB5B5EC251DCF3993EDE1F6F13EA684D5A1FB35F3468078CE6C396B18137E,IMPHASH=AD3D850C8D7E5E54BA8197337CE37885\r\nSigned: true\r\nSignature: Microsoft Corporation\r\nSignatureStatus: Valid","Task":"7","RuleName":"-","UtcTime":"2020-12-19 12:00:23.087","ProcessGuid":"{649442b8-eb57-5fdd-0b8c-000000000600}","ProcessId":"776","Image":"C:\\Windows\\System32\\cscript.exe","ImageLoaded":"C:\\Program Files\\Microsoft Monitoring Agent\\Agent\\HealthServiceRuntime.dll","FileVersion":"10.20.18053.0","Description":"Health Service Runtime","Product":"Microsoft Monitoring Agent","Company":"Microsoft Corp.","OriginalFileName":"HealthServiceRuntime.dll","Hashes":"SHA1=9AA65338F05F8BFEFE0245D94B7CD595404127FA,MD5=D04ADFD7E018D79EC0AB0FD302A4A8E2,SHA256=436EB5B5EC251DCF3993EDE1F6F13EA684D5A1FB35F3468078CE6C396B18137E,IMPHASH=AD3D850C8D7E5E54BA8197337CE37885","Signed":"true","Signature":"Microsoft Corporation","SignatureStatus":"Valid"}
{"SourceName":"Microsoft-Windows-Sysmon","ProviderGuid":"{5770385f-c22a-43e0-bf4c-06f5698ffbd9}","Level":"4","Keywords":"0x8000000000000000","Channel":"Microsoft-Windows-Sysmon/Operational","Hostname":"WORKSTATION6.theshire.local","TimeCreated":"2020-12-19T07:00:23.100Z","@timestamp":"2020-12-19T07:00:23.100Z","EventID":7,"Message":"Image loaded:\r\nRuleName: -\r\nUtcTime: 2020-12-19 12:00:23.087\r\nProcessGuid: {649442b8-eb57-5fdd-0b8c-000000000600}\r\nProcessId: 776\r\nImage: C:\\Windows\\System32\\cscript.exe\r\nImageLoaded: C:\\Windows\\System32\\esent.dll\r\nFileVersion: 10.0.18362.693 (WinBuild.160101.0800)\r\nDescription: Extensible Storage Engine for Microsoft(R) Windows(R)\r\nProduct: Microsoft Windows Operating System\r\nCompany: Microsoft Corporation\r\nOriginalFileName: esent.dll\r\nHashes: SHA1=6395F7F829F718CA8FF0309F22966DABE28721C9,MD5=6522483E207C1AB67BCD1A9088B5FB57,SHA256=0039E641A75F196699E8A7D7358444065E74EB2B444FB3BE7EB8E0767453316A,IMPHASH=F5E51AE05F131EE9F364B960466C9E2C\r\nSigned: true\r\nSignature: Microsoft Windows\r\nSignatureStatus: Valid","Task":"7","RuleName":"-","UtcTime":"2020-12-19 12:00:23.087","ProcessGuid":"{649442b8-eb57-5fdd-0b8c-000000000600}","ProcessId":"776","Image":"C:\\Windows\\System32\\cscript.exe","ImageLoaded":"C:\\Windows\\System32\\esent.dll","FileVersion":"10.0.18362.693 (WinBuild.160101.0800)","Description":"Extensible Storage Engine for Microsoft(R) Windows(R)","Product":"Microsoft Windows Operating System","Company":"Microsoft Corporation","OriginalFileName":"esent.dll","Hashes":"SHA1=6395F7F829F718CA8FF0309F22966DABE28721C9,MD5=6522483E207C1AB67BCD1A9088B5FB57,SHA256=0039E641A75F196699E8A7D7358444065E74EB2B444FB3BE7EB8E0767453316A,IMPHASH=F5E51AE05F131EE9F364B960466C9E2C","Signed":"true","Signature":"Microsoft Windows","SignatureStatus":"Valid"}
{"SourceName":"Microsoft-Windows-Sysmon","ProviderGuid":"{5770385f-c22a-43e0-bf4c-06f5698ffbd9}","Level":"4","Keywords":"0x8000000000000000","Channel":"Microsoft-Windows-Sysmon/Operational","Hostname":"WORKSTATION6.theshire.local","TimeCreated":"2020-12-19T07:00:23.100Z","@timestamp":"2020-12-19T07:00:23.100Z","EventID":7,"Message":"Image loaded:\r\nRuleName: -\r\nUtcTime: 2020-12-19 12:00:23.087\r\nProcessGuid: {649442b8-eb57-5fdd-0b8c-000000000600}\r\nProcessId: 776\r\nImage: C:\\Windows\\System32\\cscript.exe\r\nImageLoaded: C:\\Windows\\System32\\xmllite.dll\r\nFileVersion: 10.0.18362.295 (WinBuild.160101.0800)\r\nDescription: Microsoft XmlLite Library\r\nProduct: Microsoft Windows Operating System\r\nCompany: Microsoft Corporation\r\nOriginalFileName: XmlLite.dll\r\nHashes: SHA1=FB6ADE3D35C1626D7F5850FF769CFAFCA054B361,MD5=57AFA1814E9E233D10E292CEE05B8E75,SHA256=7A60AF81739055B478E6246D13587C3E09C53338CCD143A7C3C9A5A8F4723DCC,IMPHASH=D2E0F3F026362C9BF4BA56FA26B36D50\r\nSigned: true\r\nSignature: Microsoft Windows\r\nSignatureStatus: Valid","Task":"7","RuleName":"-","UtcTime":"2020-12-19 12:00:23.087","ProcessGuid":"{649442b8-eb57-5fdd-0b8c-000000000600}","ProcessId":"776","Image":"C:\\Windows\\System32\\cscript.exe","ImageLoaded":"C:\\Windows\\System32\\xmllite.dll","FileVersion":"10.0.18362.295 (WinBuild.160101.0800)","Description":"Microsoft XmlLite Library","Product":"Microsoft Windows Operating System","Company":"Microsoft Corporation","OriginalFileName":"XmlLite.dll","Hashes":"SHA1=FB6ADE3D35C1626D7F5850FF769CFAFCA054B361,MD5=57AFA1814E9E233D10E292CEE05B8E75,SHA256=7A60AF81739055B478E6246D13587C3E09C53338CCD143A7C3C9A5A8F4723DCC,IMPHASH=D2E0F3F026362C9BF4BA56FA26B36D50","Signed":"true","Signature":"Microsoft Windows","SignatureStatus":"Valid"}
{"SourceName":"Microsoft-Windows-Sysmon","ProviderGuid":"{5770385f-c22a-43e0-bf4c-06f5698ffbd9}","Level":"4","Keywords":"0x8000000000000000","Channel":"Microsoft-Windows-Sysmon/Operational","Hostname":"WORKSTATION6.theshire.local","TimeCreated":"2020-12-19T07:00:23.103Z","@timestamp":"2020-12-19T07:00:23.103Z","EventID":7,"Message":"Image loaded:\r\nRuleName: -\r\nUtcTime: 2020-12-19 12:00:23.102\r\nProcessGuid: {649442b8-eb57-5fdd-0b8c-000000000600}\r\nProcessId: 776\r\nImage: C:\\Windows\\System32\\cscript.exe\r\nImageLoaded: C:\\Windows\\System32\\wshom.ocx\r\nFileVersion: 5.812.10240.16384\r\nDescription: Windows Script Host Runtime Library\r\nProduct: Microsoft  Windows Script Host Runtime Library\r\nCompany: Microsoft Corporation\r\nOriginalFileName: wshom.ocx\r\nHashes: SHA1=3A0BFDF18B297643056DC6F4DFE9719247379980,MD5=96AA9F7F891FE22D545EB2493ED67489,SHA256=CC075B18C81177DCD9E874771D2B4BA39955D0DDAD834C9D07AD8BA0FB13F287,IMPHASH=1D5D47DF36CCF79B8F4542218E669C0D\r\nSigned: true\r\nSignature: Microsoft Windows\r\nSignatureStatus: Valid","Task":"7","RuleName":"-","UtcTime":"2020-12-19 12:00:23.102","ProcessGuid":"{649442b8-eb57-5fdd-0b8c-000000000600}","ProcessId":"776","Image":"C:\\Windows\\System32\\cscript.exe","ImageLoaded":"C:\\Windows\\System32\\wshom.ocx","FileVersion":"5.812.10240.16384","Description":"Windows Script Host Runtime Library","Product":"Microsoft  Windows Script Host Runtime Library","Company":"Microsoft Corporation","OriginalFileName":"wshom.ocx","Hashes":"SHA1=3A0BFDF18B297643056DC6F4DFE9719247379980,MD5=96AA9F7F891FE22D545EB2493ED67489,SHA256=CC075B18C81177DCD9E874771D2B4BA39955D0DDAD834C9D07AD8BA0FB13F287,IMPHASH=1D5D47DF36CCF79B8F4542218E669C0D","Signed":"true","Signature":"Microsoft Windows","SignatureStatus":"Valid"}
