{"SourceName":"Microsoft-Windows-Sysmon","ProviderGuid":"{5770385f-c22a-43e0-bf4c-06f5698ffbd9}","Level":"4","Keywords":"0x8000000000000000","Channel":"Microsoft-Windows-Sysmon/Operational","Hostname":"WORKSTATION5.theshire.local","TimeCreated":"2020-12-19T07:00:18.024Z","@timestamp":"2020-12-19T07:00:18.024Z","EventID":7,"Message":"Image loaded:\r\nRuleName: -\r\nUtcTime: 2020-12-19 12:00:18.023\r\nProcessGuid: {67e11d8c-eb52-5fdd-1d97-000000000700}\r\nProcessId: 8444\r\nImage: C:\\Windows\\System32\\cscript.exe\r\nImageLoaded: C:\\Windows\\System32\\cscript.exe\r\nFileVersion: 5.812.10240.16384\r\nDescription: Microsoft  Console Based Script Host\r\nProduct: Microsoft  Windows Script Host\r\nCompany: Microsoft Corporation\r\nOriginalFileName: cscript.exe\r\nHashes: SHA1=B6384FAFE0D30E4E897C318DB25D3CC167D9C413,MD5=B073F18D23BE85799A640147AF9ABA99,SHA256=4F059AC07F90E95BDAF0D7F0D1C54DDCDC0651A1E0D8AA5F03D11D6B0521177F,IMPHASH=2B44D2206B9865383429E9C1524F1CAC\r\nSigned: true\r\nSignature: Microsoft Windows\r\nSignatureStatus: Valid","Task":"7","RuleName":"-","UtcTime":"2020-12-19 12:00:18.023","ProcessGuid":"{67e11d8c-eb52-5fdd-1d97-000000000700}","ProcessId":"8444","Image":"C:\\Windows\\System32\\cscript.exe","ImageLoaded":"C:\\Windows\\System32\\cscript.exe","FileVersion":"5.812.10240.16384","Description":"Microsoft  Console Based Script Host","Product":"Microsoft  Windows Script Host","Company":"Microsoft Corporation","OriginalFileName":"cscript.exe","Hashes":"SHA1=B6384FAFE0D30E4E897C318DB25D3CC167D9C413,MD5=B073F18D23BE85799A640147AF9ABA99,SHA256=4F059AC07F90E95BDAF0D7F0D1C54DDCDC0651A1E0D8AA5F03D11D6B0521177F,IMPHASH=2B44D2206B9865383429E9C1524F1CAC","Signed":"true","Signature":"Microsoft Windows","SignatureStatus":"Valid"}
{"SourceName":"Microsoft-Windows-Sysmon","ProviderGuid":"{5770385f-c22a-43e0-bf4c-06f5698ffbd9}","Level":"4","Keywords":"0x8000000000000000","Channel":"Microsoft-Windows-Sysmon/Operational","Hostname":"WORKSTATION5.theshire.local","TimeCreated":"2020-12-19T07:00:18.024Z","@timestamp":"2020-12-19T07:00:18.024Z","EventID":7,"Message":"Image loaded:\r\nRuleName: -\r\nUtcTime: 2020-12-19 12:00:18.023\r\nProcessGuid: {67e11d8c-eb52-5fdd-1d97-000000000700}\r\nProcessId: 8444\r\nImage: C:\\Windows\\System32\\cscript.exe\r\nImageLoaded: C:\\Windows\\System32\\ntdll.dll\r\nFileVersion: 10.0.18362.1171 (WinBuild.160101.0800)\r\nDescription: NT Layer DLL\r\nProduct: Microsoft Windows Operating System\r\nCompany: Microsoft Corporation\r\nOriginalFileName: ntdll.dll\r\nHashes: SHA1=5786DED9212C3BBF3C1B31CCA8CF85866EA448A4,MD5=F2023B1BA6761FB1886EB3164420273B,SHA256=674D053FD4A2AF0521E283ABE15C9F2BE10736A186634843CE2C847EA90B37D8,IMPHASH=00000000000000000000000000000000\r\nSigned: true\r\nSignature: Microsoft Windows\r\nSignatureStatus: Valid","Task":"7","RuleName":"-","UtcTime":"2020-12-19 12:00:18.023","ProcessGuid":"{67e11d8c-eb52-5fdd-1d97-000000000700}","ProcessId":"8444","Image":"C:\\Windows\\System32\\cscript.exe","ImageLoaded":"C:\\Windows\\System32\\ntdll.dll","FileVersion":"10.0.18362.1171 (WinBuild.160101.0800)","Description":"NT Layer DLL","Product":"Microsoft Windows Operating System","Company":"Microsoft Corporation","OriginalFileName":"ntdll.dll","Hashes":"SHA1=5786DED9212C3BBF3C1B31CCA8CF85866EA448A4,MD5=F2023B1BA6761FB1886EB3164420273B,SHA256=674D053FD4A2AF0521E283ABE15C9F2BE10736A186634843CE2C847EA90B37D8,IMPHASH=00000000000000000000000000000000","Signed":"true","Signature":"Microsoft Windows","SignatureStatus":"Valid"}
{"SourceName":"Microsoft-Windows-Sysmon","ProviderGuid":"{5770385f-c22a-43e0-bf4c-06f5698ffbd9}","Level":"4","Keywords":"0x8000000000000000","Channel":"Microsoft-Windows-Sysmon/Operational","Hostname":"WORKSTATION5.theshire.local","TimeCreated":"2020-12-19T07:00:18.025Z","@timestamp":"2020-12-19T07:00:18.025Z","EventID":7,"Message":"Image loaded:\r\nRuleName: -\r\nUtcTime: 2020-12-19 12:00:18.023\r\nProcessGuid: {67e11d8c-eb52-5fdd-1d97-000000000700}\r\nProcessId: 8444\r\nImage: C:\\Windows\\System32\\cscript.exe\r\nImageLoaded: C:\\Windows\\System32\\kernel32.dll\r\nFileVersion: 10.0.18362.1110 (WinBuild.160101.0800)\r\nDescription: Windows NT BASE API Client DLL\r\nProduct: Microsoft Windows Operating System\r\nCompany: Microsoft Corporation\r\nOriginalFileName: kernel32\r\nHashes: SHA1=D207A86541CABC3190BBD5B1CC982F6D7C90051B,MD5=ED906DB51BCB4F5A68606D2683AF44A3,SHA256=DF5CE6E95294579D7D7D16C47CB3DC5C8FA1DB53CCE56091E3496309B0D87536,IMPHASH=D3645703895C4EBB8EA5B9B26816A081\r\nSigned: true\r\nSignature: Microsoft Windows\r\nSignatureStatus: Valid","Task":"7","RuleName":"-","UtcTime":"2020-12-19 12:00:18.023","ProcessGuid":"{67e11d8c-eb52-5fdd-1d97-000000000700}","ProcessId":"8444","Image":"C:\\Windows\\System32\\cscript.exe","ImageLoaded":"C:\\Windows\\System32\\kernel32.dll","FileVersion":"10.0.18362.1110 (WinBuild.160101.0800)","Description":"Windows NT BASE API Client DLL","Product":"Microsoft Windows Operating System","Company":"Microsoft Corporation","OriginalFileName":"kernel32","Hashes":"SHA1=D207A86541CABC3190BBD5B1CC982F6D7C90051B,MD5=ED906DB51BCB4F5A68606D2683AF44A3,SHA256=DF5CE6E95294579D7D7D16C47CB3DC5C8FA1DB53CCE56091E3496309B0D87536,IMPHASH=D3645703895C4EBB8EA5B9B26816A081","Signed":"true","Signature":"Microsoft Windows","SignatureStatus":"Valid"}
{"SourceName":"Microsoft-Windows-Sysmon","ProviderGuid":"{5770385f-c22a-43e0-bf4c-06f5698ffbd9}","Level":"4","Keywords":"0x8000000000000000","Channel":"Microsoft-Windows-Sysmon/Operational","Hostname":"WORKSTATION5.theshire.local","TimeCreated":"2020-12-19T07:00:18.026Z","@timestamp":"2020-12-19T07:00:18.026Z","EventID":7,"Message":"Image loaded:\r\nRuleName: -\r\nUtcTime: 2020-12-19 12:00:18.023\r\nProcessGuid: {67e11d8c-eb52-5fdd-1d97-000000000700}\r\nProcessId: 8444\r\nImage: C:\\Windows\\System32\\cscript.exe\r\nImageLoaded: C:\\Windows\\System32\\KernelBase.dll\r\nFileVersion: 10.0.18362.1237 (WinBuild.160101.0800)\r\nDescription: Windows NT BASE API Client DLL\r\nProduct: Microsoft Windows Operating System\r\nCompany: Microsoft Corporation\r\nOriginalFileName: Kernelbase.dll\r\nHashes: SHA1=2FA598C0784903CDE53C1F2DBDCEBB89ADDBCEFA,MD5=21922158616643391A357826374A3DA7,SHA256=15FB1A344CE1625DCFF1CDABE3A9F3AB2305CC38CBA9897636E9E45F3794CBF0,IMPHASH=16003AF856720C35351BB8C14AD0B0A8\r\nSigned: true\r\nSignature: Microsoft Windows\r\nSignatureStatus: Valid","Task":"7","RuleName":"-","UtcTime":"2020-12-19 12:00:18.023","ProcessGuid":"{67e11d8c-eb52-5fdd-1d97-000000000700}","ProcessId":"8444","Image":"C:\\Windows\\System32\\cscript.exe","ImageLoaded":"C:\\Windows\\System32\\KernelBase.dll","FileVersion":"10.0.18362.1237 (WinBuild.160101.0800)","Description":"Windows NT BASE API Client DLL","Product":"Microsoft Windows Operating System","Company":"Microsoft Corporation","OriginalFileName":"Kernelbase.dll","Hashes":"SHA1=2FA598C0784903CDE53C1F2DBDCEBB89ADDBCEFA,MD5=21922158616643391A357826374A3DA7,SHA256=15FB1A344CE1625DCFF1CDABE3A9F3AB2305CC38CBA9897636E9E45F3794CBF0,IMPHASH=16003AF856720C35351BB8C14AD0B0A8","Signed":"true","Signature":"Microsoft Windows","SignatureStatus":"Valid"}
{"SourceName":"Microsoft-Windows-Sysmon","ProviderGuid":"{5770385f-c22a-43e0-bf4c-06f5698ffbd9}","Level":"4","Keywords":"0x8000000000000000","Channel":"Microsoft-Windows-Sysmon/Operational","Hostname":"WORKSTATION5.theshire.local","TimeCreated":"2020-12-19T07:00:18.027Z","@timestamp":"2020-12-19T07:00:18.027Z","EventID":1,"Message":"Process Create:\r\nRuleName: -\r\nUtcTime: 2020-12-19 12:00:18.026\r\nProcessGuid: {67e11d8c-eb52-5fdd-1e97-000000000700}\r\nProcessId: 7840\r\nImage: C:\\Windows\\System32\\conhost.exe\r\nFileVersion: 10.0.18362.1 (WinBuild.160101.0800)\r\nDescription: Console Window Host\r\nProduct: Microsoft Windows Operating System\r\nCompany: Microsoft Corporation\r\nOriginalFileName: CONHOST.EXE\r\nCommandLine: \\??\\C:\\windows\\system32\\conhost.exe 0xffffffff -ForceV1\r\nCurrentDirectory: C:\\windows\r\nUser: NT AUTHORITY\\SYSTEM\r\nLogonGuid: {67e11d8c-8769-5fd0-e703-000000000000}\r\nLogonId: 0x3E7\r\nTerminalSessionId: 0\r\nIntegrityLevel: System\r\nHashes: SHA1=11996F32DD85863A8C3BFF6D520F788A9211C8F7,MD5=C5E9B1D1103EDCEA2E408E9497A5A88F,SHA256=BAF97B2A629723947539CFF84E896CD29565AB4BB68B0CEC515EB5C5D6637B69,IMPHASH=F8DD0EF565DE87D97ABF9C62EA63EC21\r\nParentProcessGuid: {67e11d8c-eb52-5fdd-1d97-000000000700}\r\nParentProcessId: 8444\r\nParentImage: C:\\Windows\\System32\\cscript.exe\r\nParentCommandLine: \"C:\\windows\\system32\\cscript.exe\" /nologo \"MonitorKnowledgeDiscovery.vbs\"","Task":"1","RuleName":"-","UtcTime":"2020-12-19 12:00:18.026","ProcessGuid":"{67e11d8c-eb52-5fdd-1e97-000000000700}","ProcessId":"7840","Image":"C:\\Windows\\System32\\conhost.exe","FileVersion":"10.0.18362.1 (WinBuild.160101.0800)","Description":"Console Window Host","Product":"Microsoft Windows Operating System","Company":"Microsoft Corporation","OriginalFileName":"CONHOST.EXE","CommandLine":"\\??\\C:\\windows\\system32\\conhost.exe 0xffffffff -ForceV1","CurrentDirectory":"C:\\windows","User":"NT AUTHORITY\\SYSTEM","LogonGuid":"{67e11d8c-8769-5fd0-e703-000000000000}","LogonId":"0x3e7","TerminalSessionId":"0","IntegrityLevel":"System","Hashes":"SHA1=11996F32DD85863A8C3BFF6D520F788A9211C8F7,MD5=C5E9B1D1103EDCEA2E408E9497A5A88F,SHA256=BAF97B2A629723947539CFF84E896CD29565AB4BB68B0CEC515EB5C5D6637B69,IMPHASH=F8DD0EF565DE87D97ABF9C62EA63EC21","ParentProcessGuid":"{67e11d8c-eb52-5fdd-1d97-000000000700}","ParentProcessId":"8444","ParentImage":"C:\\Windows\\System32\\cscript.exe","ParentCommandLine":"\"C:\\windows\\system32\\cscript.exe\" /nologo \"MonitorKnowledgeDiscovery.vbs\""}
{"SourceName":"Microsoft-Windows-Sysmon","ProviderGuid":"{5770385f-c22a-43e0-bf4c-06f5698ffbd9}","Level":"4","Keywords":"0x8000000000000000","Channel":"Microsoft-Windows-Sysmon/Operational","Hostname":"WORKSTATION5.theshire.local","TimeCreated":"2020-12-19T07:00:18.028Z","@timestamp":"2020-12-19T07:00:18.028Z","EventID":7,"Message":"Image loaded:\r\nRuleName: -\r\nUtcTime: 2020-12-19 12:00:18.023\r\nProcessGuid: {67e11d8c-eb52-5fdd-1e97-000000000700}\r\nProcessId: 7840\r\nImage: C:\\Windows\\System32\\conhost.exe\r\nImageLoaded: C:\\Windows\\System32\\conhost.exe\r\nFileVersion: 10.0.18362.1 (WinBuild.160101.0800)\r\nDescription: Console Window Host\r\nProduct: Microsoft Windows Operating System\r\nCompany: Microsoft Corporation\r\nOriginalFileName: CONHOST.EXE\r\nHashes: SHA1=11996F32DD85863A8C3BFF6D520F788A9211C8F7,MD5=C5E9B1D1103EDCEA2E408E9497A5A88F,SHA256=BAF97B2A629723947539CFF84E896CD29565AB4BB68B0CEC515EB5C5D6637B69,IMPHASH=F8DD0EF565DE87D97ABF9C62EA63EC21\r\nSigned: true\r\nSignature: Microsoft Windows\r\nSignatureStatus: Valid","Task":"7","RuleName":"-","UtcTime":"2020-12-19 12:00:18.023","ProcessGuid":"{67e11d8c-eb52-5fdd-1e97-000000000700}","ProcessId":"7840","Image":"C:\\Windows\\System32\\conhost.exe","ImageLoaded":"C:\\Windows\\System32\\conhost.exe","FileVersion":"10.0.18362.1 (WinBuild.160101.0800)","Description":"Console Window Host","Product":"Microsoft Windows Operating System","Company":"Microsoft Corporation","OriginalFileName":"CONHOST.EXE","Hashes":"SHA1=11996F32DD85863A8C3BFF6D520F788A9211C8F7,MD5=C5E9B1D1103EDCEA2E408E9497A5A88F,SHA256=BAF97B2A629723947539CFF84E896CD29565AB4BB68B0CEC515EB5C5D6637B69,IMPHASH=F8DD0EF565DE87D97ABF9C62EA63EC21","Signed":"true","Signature":"Microsoft Windows","SignatureStatus":"Valid"}
{"SourceName":"Microsoft-Windows-Sysmon","ProviderGuid":"{5770385f-c22a-43e0-bf4c-06f5698ffbd9}","Level":"4","Keywords":"0x8000000000000000","Channel":"Microsoft-Windows-Sysmon/Operational","Hostname":"WORKSTATION5.theshire.local","TimeCreated":"2020-12-19T07:00:18.028Z","@timestamp":"2020-12-19T07:00:18.028Z","EventID":7,"Message":"Image loaded:\r\nRuleName: -\r\nUtcTime: 2020-12-19 12:00:18.023\r\nProcessGuid: {67e11d8c-eb52-5fdd-1e97-000000000700}\r\nProcessId: 7840\r\nImage: C:\\Windows\\System32\\conhost.exe\r\nImageLoaded: C:\\Windows\\System32\\ntdll.dll\r\nFileVersion: 10.0.18362.1171 (WinBuild.160101.0800)\r\nDescription: NT Layer DLL\r\nProduct: Microsoft Windows Operating System\r\nCompany: Microsoft Corporation\r\nOriginalFileName: ntdll.dll\r\nHashes: SHA1=5786DED9212C3BBF3C1B31CCA8CF85866EA448A4,MD5=F2023B1BA6761FB1886EB3164420273B,SHA256=674D053FD4A2AF0521E283ABE15C9F2BE10736A186634843CE2C847EA90B37D8,IMPHASH=00000000000000000000000000000000\r\nSigned: true\r\nSignature: Microsoft Windows\r\nSignatureStatus: Valid","Task":"7","RuleName":"-","UtcTime":"2020-12-19 12:00:18.023","ProcessGuid":"{67e11d8c-eb52-5fdd-1e97-000000000700}","ProcessId":"7840","Image":"C:\\Windows\\System32\\conhost.exe","ImageLoaded":"C:\\Windows\\System32\\ntdll.dll","FileVersion":"10.0.18362.1171 (WinBuild.160101.0800)","Description":"NT Layer DLL","Product":"Microsoft Windows Operating System","Company":"Microsoft Corporation","OriginalFileName":"ntdll.dll","Hashes":"SHA1=5786DED9212C3BBF3C1B31CCA8CF85866EA448A4,MD5=F2023B1BA6761FB1886EB3164420273B,SHA256=674D053FD4A2AF0521E283ABE15C9F2BE10736A186634843CE2C847EA90B37D8,IMPHASH=00000000000000000000000000000000","Signed":"true","Signature":"Microsoft Windows","SignatureStatus":"Valid"}
{"SourceName":"Microsoft-Windows-Sysmon","ProviderGuid":"{5770385f-c22a-43e0-bf4c-06f5698ffbd9}","Level":"4","Keywords":"0x8000000000000000","Channel":"Microsoft-Windows-Sysmon/Operational","Hostname":"WORKSTATION5.theshire.local","TimeCreated":"2020-12-19T07:00:18.028Z","@timestamp":"2020-12-19T07:00:18.028Z","EventID":7,"Message":"Image loaded:\r\nRuleName: -\r\nUtcTime: 2020-12-19 12:00:18.023\r\nProcessGuid: {67e11d8c-eb52-5fdd-1e97-000000000700}\r\nProcessId: 7840\r\nImage: C:\\Windows\\System32\\conhost.exe\r\nImageLoaded: C:\\Windows\\System32\\kernel32.dll\r\nFileVersion: 10.0.18362.1110 (WinBuild.160101.0800)\r\nDescription: Windows NT BASE API Client DLL\r\nProduct: Microsoft Windows Operating System\r\nCompany: Microsoft Corporation\r\nOriginalFileName: kernel32\r\nHashes: SHA1=D207A86541CABC3190BBD5B1CC982F6D7C90051B,MD5=ED906DB51BCB4F5A68606D2683AF44A3,SHA256=DF5CE6E95294579D7D7D16C47CB3DC5C8FA1DB53CCE56091E3496309B0D87536,IMPHASH=D3645703895C4EBB8EA5B9B26816A081\r\nSigned: true\r\nSignature: Microsoft Windows\r\nSignatureStatus: Valid","Task":"7","RuleName":"-","UtcTime":"2020-12-19 12:00:18.023","ProcessGuid":"{67e11d8c-eb52-5fdd-1e97-000000000700}","ProcessId":"7840","Image":"C:\\Windows\\System32\\conhost.exe","ImageLoaded":"C:\\Windows\\System32\\kernel32.dll","FileVersion":"10.0.18362.1110 (WinBuild.160101.0800)","Description":"Windows NT BASE API Client DLL","Product":"Microsoft Windows Operating System","Company":"Microsoft Corporation","OriginalFileName":"kernel32","Hashes":"SHA1=D207A86541CABC3190BBD5B1CC982F6D7C90051B,MD5=ED906DB51BCB4F5A68606D2683AF44A3,SHA256=DF5CE6E95294579D7D7D16C47CB3DC5C8FA1DB53CCE56091E3496309B0D87536,IMPHASH=D3645703895C4EBB8EA5B9B26816A081","Signed":"true","Signature":"Microsoft Windows","SignatureStatus":"Valid"}
{"SourceName":"Microsoft-Windows-Sysmon","ProviderGuid":"{5770385f-c22a-43e0-bf4c-06f5698ffbd9}","Level":"4","Keywords":"0x8000000000000000","Channel":"Microsoft-Windows-Sysmon/Operational","Hostname":"WORKSTATION5.theshire.local","TimeCreated":"2020-12-19T07:00:18.029Z","@timestamp":"2020-12-19T07:00:18.029Z","EventID":7,"Message":"Image loaded:\r\nRuleName: -\r\nUtcTime: 2020-12-19 12:00:18.023\r\nProcessGuid: {67e11d8c-eb52-5fdd-1e97-000000000700}\r\nProcessId: 7840\r\nImage: C:\\Windows\\System32\\conhost.exe\r\nImageLoaded: C:\\Windows\\System32\\KernelBase.dll\r\nFileVersion: 10.0.18362.1237 (WinBuild.160101.0800)\r\nDescription: Windows NT BASE API Client DLL\r\nProduct: Microsoft Windows Operating System\r\nCompany: Microsoft Corporation\r\nOriginalFileName: Kernelbase.dll\r\nHashes: SHA1=2FA598C0784903CDE53C1F2DBDCEBB89ADDBCEFA,MD5=21922158616643391A357826374A3DA7,SHA256=15FB1A344CE1625DCFF1CDABE3A9F3AB2305CC38CBA9897636E9E45F3794CBF0,IMPHASH=16003AF856720C35351BB8C14AD0B0A8\r\nSigned: true\r\nSignature: Microsoft Windows\r\nSignatureStatus: Valid","Task":"7","RuleName":"-","UtcTime":"2020-12-19 12:00:18.023","ProcessGuid":"{67e11d8c-eb52-5fdd-1e97-000000000700}","ProcessId":"7840","Image":"C:\\Windows\\System32\\conhost.exe","ImageLoaded":"C:\\Windows\\System32\\KernelBase.dll","FileVersion":"10.0.18362.1237 (WinBuild.160101.0800)","Description":"Windows NT BASE API Client DLL","Product":"Microsoft Windows Operating System","Company":"Microsoft Corporation","OriginalFileName":"Kernelbase.dll","Hashes":"SHA1=2FA598C0784903CDE53C1F2DBDCEBB89ADDBCEFA,MD5=21922158616643391A357826374A3DA7,SHA256=15FB1A344CE1625DCFF1CDABE3A9F3AB2305CC38CBA9897636E9E45F3794CBF0,IMPHASH=16003AF856720C35351BB8C14AD0B0A8","Signed":"true","Signature":"Microsoft Windows","SignatureStatus":"Valid"}
{"SourceName":"Microsoft-Windows-Sysmon","ProviderGuid":"{5770385f-c22a-43e0-bf4c-06f5698ffbd9}","Level":"4","Keywords":"0x8000000000000000","Channel":"Microsoft-Windows-Sysmon/Operational","Hostname":"WORKSTATION5.theshire.local","TimeCreated":"2020-12-19T07:00:18.029Z","@timestamp":"2020-12-19T07:00:18.029Z","EventID":10,"Message":"Process accessed:\r\nRuleName: -\r\nUtcTime: 2020-12-19 12:00:18.023\r\nSourceProcessGUID: {67e11d8c-8769-5fd0-0600-000000000700}\r\nSourceProcessId: 524\r\nSourceThreadId: 3164\r\nSourceImage: C:\\windows\\system32\\csrss.exe\r\nTargetProcessGUID: {67e11d8c-eb52-5fdd-1e97-000000000700}\r\nTargetProcessId: 7840\r\nTargetImage: C:\\windows\\system32\\conhost.exe\r\nGrantedAccess: 0x1FFFFF\r\nCallTrace: C:\\windows\\SYSTEM32\\ntdll.dll+9d784|C:\\windows\\SYSTEM32\\CSRSRV.dll+1430|C:\\windows\\SYSTEM32\\CSRSRV.dll+5fd9|C:\\windows\\SYSTEM32\\ntdll.dll+6d4df","Task":"10","RuleName":"-","UtcTime":"2020-12-19 12:00:18.023","SourceProcessGUID":"{67e11d8c-8769-5fd0-0600-000000000700}","SourceProcessId":"524","SourceThreadId":"3164","SourceImage":"C:\\windows\\system32\\csrss.exe","TargetProcessGUID":"{67e11d8c-eb52-5fdd-1e97-000000000700}","TargetProcessId":"7840","TargetImage":"C:\\windows\\system32\\conhost.exe","GrantedAccess":"0x1fffff","CallTrace":"C:\\windows\\SYSTEM32\\ntdll.dll+9d784|C:\\windows\\SYSTEM32\\CSRSRV.dll+1430|C:\\windows\\SYSTEM32\\CSRSRV.dll+5fd9|C:\\windows\\SYSTEM32\\ntdll.dll+6d4df"}
{"SourceName":"Microsoft-Windows-Sysmon","ProviderGuid":"{5770385f-c22a-43e0-bf4c-06f5698ffbd9}","Level":"4","Keywords":"0x8000000000000000","Channel":"Microsoft-Windows-Sysmon/Operational","Hostname":"WORKSTATION5.theshire.local","TimeCreated":"2020-12-19T07:00:18.030Z","@timestamp":"2020-12-19T07:00:18.030Z","EventID":7,"Message":"Image loaded:\r\nRuleName: -\r\nUtcTime: 2020-12-19 12:00:18.023\r\nProcessGuid: {67e11d8c-eb52-5fdd-1e97-000000000700}\r\nProcessId: 7840\r\nImage: C:\\Windows\\System32\\conhost.exe\r\nImageLoaded: C:\\Windows\\System32\\msvcp_win.dll\r\nFileVersion: 10.0.18362.1110 (WinBuild.160101.0800)\r\nDescription: Microsoft C Runtime Library\r\nProduct: Microsoft Windows Operating System\r\nCompany: Microsoft Corporation\r\nOriginalFileName: msvcp_win.dll\r\nHashes: SHA1=56A126B33C43CE80C5DA3319FA4FBE28F617599C,MD5=94027F5AE9D6FC3B0917C1B5BCD2D88E,SHA256=2FC246F193104FB36285360E9FB14CE10B04EDB50D9D5ECFD9FDA1F010BFCDB9,IMPHASH=7F555C87AEA488E97B6067A0419ED3B4\r\nSigned: true\r\nSignature: Microsoft Windows\r\nSignatureStatus: Valid","Task":"7","RuleName":"-","UtcTime":"2020-12-19 12:00:18.023","ProcessGuid":"{67e11d8c-eb52-5fdd-1e97-000000000700}","ProcessId":"7840","Image":"C:\\Windows\\System32\\conhost.exe","ImageLoaded":"C:\\Windows\\System32\\msvcp_win.dll","FileVersion":"10.0.18362.1110 (WinBuild.160101.0800)","Description":"Microsoft C Runtime Library","Product":"Microsoft Windows Operating System","Company":"Microsoft Corporation","OriginalFileName":"msvcp_win.dll","Hashes":"SHA1=56A126B33C43CE80C5DA3319FA4FBE28F617599C,MD5=94027F5AE9D6FC3B0917C1B5BCD2D88E,SHA256=2FC246F193104FB36285360E9FB14CE10B04EDB50D9D5ECFD9FDA1F010BFCDB9,IMPHASH=7F555C87AEA488E97B6067A0419ED3B4","Signed":"true","Signature":"Microsoft Windows","SignatureStatus":"Valid"}
{"SourceName":"Microsoft-Windows-Sysmon","ProviderGuid":"{5770385f-c22a-43e0-bf4c-06f5698ffbd9}","Level":"4","Keywords":"0x8000000000000000","Channel":"Microsoft-Windows-Sysmon/Operational","Hostname":"WORKSTATION5.theshire.local","TimeCreated":"2020-12-19T07:00:18.030Z","@timestamp":"2020-12-19T07:00:18.030Z","EventID":7,"Message":"Image loaded:\r\nRuleName: -\r\nUtcTime: 2020-12-19 12:00:18.023\r\nProcessGuid: {67e11d8c-eb52-5fdd-1e97-000000000700}\r\nProcessId: 7840\r\nImage: C:\\Windows\\System32\\conhost.exe\r\nImageLoaded: C:\\Windows\\System32\\ucrtbase.dll\r\nFileVersion: 10.0.18362.1110 (WinBuild.160101.0800)\r\nDescription: Microsoft C Runtime Library\r\nProduct: Microsoft Windows Operating System\r\nCompany: Microsoft Corporation\r\nOriginalFileName: ucrtbase.dll\r\nHashes: SHA1=D10BBE9B65C2C6F8FCA6850D0B79CBC6EF04D691,MD5=126821F73FD9FFCE6E091CF9480E1B60,SHA256=7B28F46F0A09CFD9129109A94B1C16C9C62EEF46C09113C4C585D9BF0E69B2DA,IMPHASH=5AE9A136FAFA10321F3D48251BF4F6A1\r\nSigned: true\r\nSignature: Microsoft Windows\r\nSignatureStatus: Valid","Task":"7","RuleName":"-","UtcTime":"2020-12-19 12:00:18.023","ProcessGuid":"{67e11d8c-eb52-5fdd-1e97-000000000700}","ProcessId":"7840","Image":"C:\\Windows\\System32\\conhost.exe","ImageLoaded":"C:\\Windows\\System32\\ucrtbase.dll","FileVersion":"10.0.18362.1110 (WinBuild.160101.0800)","Description":"Microsoft C Runtime Library","Product":"Microsoft Windows Operating System","Company":"Microsoft Corporation","OriginalFileName":"ucrtbase.dll","Hashes":"SHA1=D10BBE9B65C2C6F8FCA6850D0B79CBC6EF04D691,MD5=126821F73FD9FFCE6E091CF9480E1B60,SHA256=7B28F46F0A09CFD9129109A94B1C16C9C62EEF46C09113C4C585D9BF0E69B2DA,IMPHASH=5AE9A136FAFA10321F3D48251BF4F6A1","Signed":"true","Signature":"Microsoft Windows","SignatureStatus":"Valid"}
{"SourceName":"Microsoft-Windows-Sysmon","ProviderGuid":"{5770385f-c22a-43e0-bf4c-06f5698ffbd9}","Level":"4","Keywords":"0x8000000000000000","Channel":"Microsoft-Windows-Sysmon/Operational","Hostname":"WORKSTATION5.theshire.local","TimeCreated":"2020-12-19T07:00:18.031Z","@timestamp":"2020-12-19T07:00:18.031Z","EventID":7,"Message":"Image loaded:\r\nRuleName: -\r\nUtcTime: 2020-12-19 12:00:18.023\r\nProcessGuid: {67e11d8c-eb52-5fdd-1e97-000000000700}\r\nProcessId: 7840\r\nImage: C:\\Windows\\System32\\conhost.exe\r\nImageLoaded: C:\\Windows\\System32\\SHCore.dll\r\nFileVersion: 10.0.18362.1237 (WinBuild.160101.0800)\r\nDescription: SHCORE\r\nProduct: Microsoft Windows Operating System\r\nCompany: Microsoft Corporation\r\nOriginalFileName: SHCORE.dll\r\nHashes: SHA1=370FDCB6FFA4BA083D604D5DA8964E03EF2426BF,MD5=599BEFE22ED44B01CB501EF581967937,SHA256=2F729ADA32304BDED0E3E607C062C32EA555BC68B8E6CBC52840C16AB9351B44,IMPHASH=0E48D88DA5B1AEFE29036ECDE5B34E8D\r\nSigned: true\r\nSignature: Microsoft Windows\r\nSignatureStatus: Valid","Task":"7","RuleName":"-","UtcTime":"2020-12-19 12:00:18.023","ProcessGuid":"{67e11d8c-eb52-5fdd-1e97-000000000700}","ProcessId":"7840","Image":"C:\\Windows\\System32\\conhost.exe","ImageLoaded":"C:\\Windows\\System32\\SHCore.dll","FileVersion":"10.0.18362.1237 (WinBuild.160101.0800)","Description":"SHCORE","Product":"Microsoft Windows Operating System","Company":"Microsoft Corporation","OriginalFileName":"SHCORE.dll","Hashes":"SHA1=370FDCB6FFA4BA083D604D5DA8964E03EF2426BF,MD5=599BEFE22ED44B01CB501EF581967937,SHA256=2F729ADA32304BDED0E3E607C062C32EA555BC68B8E6CBC52840C16AB9351B44,IMPHASH=0E48D88DA5B1AEFE29036ECDE5B34E8D","Signed":"true","Signature":"Microsoft Windows","SignatureStatus":"Valid"}
{"SourceName":"Microsoft-Windows-Sysmon","ProviderGuid":"{5770385f-c22a-43e0-bf4c-06f5698ffbd9}","Level":"4","Keywords":"0x8000000000000000","Channel":"Microsoft-Windows-Sysmon/Operational","Hostname":"WORKSTATION5.theshire.local","TimeCreated":"2020-12-19T07:00:18.031Z","@timestamp":"2020-12-19T07:00:18.031Z","EventID":7,"Message":"Image loaded:\r\nRuleName: -\r\nUtcTime: 2020-12-19 12:00:18.023\r\nProcessGuid: {67e11d8c-eb52-5fdd-1e97-000000000700}\r\nProcessId: 7840\r\nImage: C:\\Windows\\System32\\conhost.exe\r\nImageLoaded: C:\\Windows\\System32\\msvcrt.dll\r\nFileVersion: 7.0.18362.1 (WinBuild.160101.0800)\r\nDescription: Windows NT CRT DLL\r\nProduct: Microsoft Windows Operating System\r\nCompany: Microsoft Corporation\r\nOriginalFileName: msvcrt.dll\r\nHashes: SHA1=0EA4B3CFB14E49CEC0D42FF0F1FA989E69647A8F,MD5=36354D9B5B0A58A4B9A19103852C00A2,SHA256=E5A863D3F4BFEFED7D73A7B1499F81B7235BC9AE3C108065041BCB8E5446B1BB,IMPHASH=1273683626EBBA703979F188A1E64237\r\nSigned: true\r\nSignature: Microsoft Windows\r\nSignatureStatus: Valid","Task":"7","RuleName":"-","UtcTime":"2020-12-19 12:00:18.023","ProcessGuid":"{67e11d8c-eb52-5fdd-1e97-000000000700}","ProcessId":"7840","Image":"C:\\Windows\\System32\\conhost.exe","ImageLoaded":"C:\\Windows\\System32\\msvcrt.dll","FileVersion":"7.0.18362.1 (WinBuild.160101.0800)","Description":"Windows NT CRT DLL","Product":"Microsoft Windows Operating System","Company":"Microsoft Corporation","OriginalFileName":"msvcrt.dll","Hashes":"SHA1=0EA4B3CFB14E49CEC0D42FF0F1FA989E69647A8F,MD5=36354D9B5B0A58A4B9A19103852C00A2,SHA256=E5A863D3F4BFEFED7D73A7B1499F81B7235BC9AE3C108065041BCB8E5446B1BB,IMPHASH=1273683626EBBA703979F188A1E64237","Signed":"true","Signature":"Microsoft Windows","SignatureStatus":"Valid"}
{"SourceName":"Microsoft-Windows-Sysmon","ProviderGuid":"{5770385f-c22a-43e0-bf4c-06f5698ffbd9}","Level":"4","Keywords":"0x8000000000000000","Channel":"Microsoft-Windows-Sysmon/Operational","Hostname":"WORKSTATION5.theshire.local","TimeCreated":"2020-12-19T07:00:18.031Z","@timestamp":"2020-12-19T07:00:18.031Z","EventID":7,"Message":"Image loaded:\r\nRuleName: -\r\nUtcTime: 2020-12-19 12:00:18.023\r\nProcessGuid: {67e11d8c-eb52-5fdd-1e97-000000000700}\r\nProcessId: 7840\r\nImage: C:\\Windows\\System32\\conhost.exe\r\nImageLoaded: C:\\Windows\\System32\\rpcrt4.dll\r\nFileVersion: 10.0.18362.1237 (WinBuild.160101.0800)\r\nDescription: Remote Procedure Call Runtime\r\nProduct: Microsoft Windows Operating System\r\nCompany: Microsoft Corporation\r\nOriginalFileName: rpcrt4.dll\r\nHashes: SHA1=D4F9E2CA0E2151D9186D2C8116AF2B40441829F3,MD5=50D8C477A6F7511EE5C3B46B59F9F925,SHA256=7C079DEFDF8C41B5EB4D7883603944BF45D6D04F981BF39EDF1D624AC51B90AD,IMPHASH=88E7E7C7FA90052EC162DD37F2B7C7BD\r\nSigned: true\r\nSignature: Microsoft Windows\r\nSignatureStatus: Valid","Task":"7","RuleName":"-","UtcTime":"2020-12-19 12:00:18.023","ProcessGuid":"{67e11d8c-eb52-5fdd-1e97-000000000700}","ProcessId":"7840","Image":"C:\\Windows\\System32\\conhost.exe","ImageLoaded":"C:\\Windows\\System32\\rpcrt4.dll","FileVersion":"10.0.18362.1237 (WinBuild.160101.0800)","Description":"Remote Procedure Call Runtime","Product":"Microsoft Windows Operating System","Company":"Microsoft Corporation","OriginalFileName":"rpcrt4.dll","Hashes":"SHA1=D4F9E2CA0E2151D9186D2C8116AF2B40441829F3,MD5=50D8C477A6F7511EE5C3B46B59F9F925,SHA256=7C079DEFDF8C41B5EB4D7883603944BF45D6D04F981BF39EDF1D624AC51B90AD,IMPHASH=88E7E7C7FA90052EC162DD37F2B7C7BD","Signed":"true","Signature":"Microsoft Windows","SignatureStatus":"Valid"}
{"SourceName":"Microsoft-Windows-Sysmon","ProviderGuid":"{5770385f-c22a-43e0-bf4c-06f5698ffbd9}","Level":"4","Keywords":"0x8000000000000000","Channel":"Microsoft-Windows-Sysmon/Operational","Hostname":"WORKSTATION5.theshire.local","TimeCreated":"2020-12-19T07:00:18.032Z","@timestamp":"2020-12-19T07:00:18.032Z","EventID":7,"Message":"Image loaded:\r\nRuleName: -\r\nUtcTime: 2020-12-19 12:00:18.023\r\nProcessGuid: {67e11d8c-eb52-5fdd-1e97-000000000700}\r\nProcessId: 7840\r\nImage: C:\\Windows\\System32\\conhost.exe\r\nImageLoaded: C:\\Windows\\System32\\combase.dll\r\nFileVersion: 10.0.18362.1237 (WinBuild.160101.0800)\r\nDescription: Microsoft COM for Windows\r\nProduct: Microsoft Windows Operating System\r\nCompany: Microsoft Corporation\r\nOriginalFileName: COMBASE.DLL\r\nHashes: SHA1=7625B2C72600FF888C7A3336419BB044C36752A5,MD5=539D1E01F0F05A761F9CEB0E73B6B2F6,SHA256=06F66535EAC81D471CF93F94B2BA05C71CB6215F9CD74FE9D786EF460B3FD696,IMPHASH=AB7CE8EA429123317DC63A4C1C782C8D\r\nSigned: true\r\nSignature: Microsoft Windows\r\nSignatureStatus: Valid","Task":"7","RuleName":"-","UtcTime":"2020-12-19 12:00:18.023","ProcessGuid":"{67e11d8c-eb52-5fdd-1e97-000000000700}","ProcessId":"7840","Image":"C:\\Windows\\System32\\conhost.exe","ImageLoaded":"C:\\Windows\\System32\\combase.dll","FileVersion":"10.0.18362.1237 (WinBuild.160101.0800)","Description":"Microsoft COM for Windows","Product":"Microsoft Windows Operating System","Company":"Microsoft Corporation","OriginalFileName":"COMBASE.DLL","Hashes":"SHA1=7625B2C72600FF888C7A3336419BB044C36752A5,MD5=539D1E01F0F05A761F9CEB0E73B6B2F6,SHA256=06F66535EAC81D471CF93F94B2BA05C71CB6215F9CD74FE9D786EF460B3FD696,IMPHASH=AB7CE8EA429123317DC63A4C1C782C8D","Signed":"true","Signature":"Microsoft Windows","SignatureStatus":"Valid"}
{"SourceName":"Microsoft-Windows-Sysmon","ProviderGuid":"{5770385f-c22a-43e0-bf4c-06f5698ffbd9}","Level":"4","Keywords":"0x8000000000000000","Channel":"Microsoft-Windows-Sysmon/Operational","Hostname":"WORKSTATION5.theshire.local","TimeCreated":"2020-12-19T07:00:18.032Z","@timestamp":"2020-12-19T07:00:18.032Z","EventID":7,"Message":"Image loaded:\r\nRuleName: -\r\nUtcTime: 2020-12-19 12:00:18.023\r\nProcessGuid: {67e11d8c-eb52-5fdd-1e97-000000000700}\r\nProcessId: 7840\r\nImage: C:\\Windows\\System32\\conhost.exe\r\nImageLoaded: C:\\Windows\\System32\\bcryptprimitives.dll\r\nFileVersion: 10.0.18362.1237 (WinBuild.160101.0800)\r\nDescription: Windows Cryptographic Primitives Library\r\nProduct: Microsoft Windows Operating System\r\nCompany: Microsoft Corporation\r\nOriginalFileName: bcryptprimitives.dll\r\nHashes: SHA1=9EF590B826FD65FD7F6B348604E29873AFE24353,MD5=CFA9891644C90A7739814212C28E9071,SHA256=9DADBB2C0AE4D8DBC3E855F35DF29FA40C0FEC8ABE3B15DAD2F789671A44792C,IMPHASH=496E42068C9391511CF6EE7C54F73A9B\r\nSigned: true\r\nSignature: Microsoft Windows\r\nSignatureStatus: Valid","Task":"7","RuleName":"-","UtcTime":"2020-12-19 12:00:18.023","ProcessGuid":"{67e11d8c-eb52-5fdd-1e97-000000000700}","ProcessId":"7840","Image":"C:\\Windows\\System32\\conhost.exe","ImageLoaded":"C:\\Windows\\System32\\bcryptprimitives.dll","FileVersion":"10.0.18362.1237 (WinBuild.160101.0800)","Description":"Windows Cryptographic Primitives Library","Product":"Microsoft Windows Operating System","Company":"Microsoft Corporation","OriginalFileName":"bcryptprimitives.dll","Hashes":"SHA1=9EF590B826FD65FD7F6B348604E29873AFE24353,MD5=CFA9891644C90A7739814212C28E9071,SHA256=9DADBB2C0AE4D8DBC3E855F35DF29FA40C0FEC8ABE3B15DAD2F789671A44792C,IMPHASH=496E42068C9391511CF6EE7C54F73A9B","Signed":"true","Signature":"Microsoft Windows","SignatureStatus":"Valid"}
{"SourceName":"Microsoft-Windows-Sysmon","ProviderGuid":"{5770385f-c22a-43e0-bf4c-06f5698ffbd9}","Level":"4","Keywords":"0x8000000000000000","Channel":"Microsoft-Windows-Sysmon/Operational","Hostname":"WORKSTATION5.theshire.local","TimeCreated":"2020-12-19T07:00:18.032Z","@timestamp":"2020-12-19T07:00:18.032Z","EventID":7,"Message":"Image loaded:\r\nRuleName: -\r\nUtcTime: 2020-12-19 12:00:18.023\r\nProcessGuid: {67e11d8c-eb52-5fdd-1e97-000000000700}\r\nProcessId: 7840\r\nImage: C:\\Windows\\System32\\conhost.exe\r\nImageLoaded: C:\\Windows\\System32\\advapi32.dll\r\nFileVersion: 10.0.18362.752 (WinBuild.160101.0800)\r\nDescription: Advanced Windows 32 Base API\r\nProduct: Microsoft Windows Operating System\r\nCompany: Microsoft Corporation\r\nOriginalFileName: advapi32.dll\r\nHashes: SHA1=35C61DDE6F8F4ED05F9C4837E2B91C886CA79F82,MD5=EA4F6E7961B4A402F6F5EC33C655260A,SHA256=5E2D103E7E1FD7CA0492E541F082D274EF6259AF2158A3562986C796C5C869DD,IMPHASH=8EEA175C33205685FB8A14876D7564DB\r\nSigned: true\r\nSignature: Microsoft Windows\r\nSignatureStatus: Valid","Task":"7","RuleName":"-","UtcTime":"2020-12-19 12:00:18.023","ProcessGuid":"{67e11d8c-eb52-5fdd-1e97-000000000700}","ProcessId":"7840","Image":"C:\\Windows\\System32\\conhost.exe","ImageLoaded":"C:\\Windows\\System32\\advapi32.dll","FileVersion":"10.0.18362.752 (WinBuild.160101.0800)","Description":"Advanced Windows 32 Base API","Product":"Microsoft Windows Operating System","Company":"Microsoft Corporation","OriginalFileName":"advapi32.dll","Hashes":"SHA1=35C61DDE6F8F4ED05F9C4837E2B91C886CA79F82,MD5=EA4F6E7961B4A402F6F5EC33C655260A,SHA256=5E2D103E7E1FD7CA0492E541F082D274EF6259AF2158A3562986C796C5C869DD,IMPHASH=8EEA175C33205685FB8A14876D7564DB","Signed":"true","Signature":"Microsoft Windows","SignatureStatus":"Valid"}
{"SourceName":"Microsoft-Windows-Sysmon","ProviderGuid":"{5770385f-c22a-43e0-bf4c-06f5698ffbd9}","Level":"4","Keywords":"0x8000000000000000","Channel":"Microsoft-Windows-Sysmon/Operational","Hostname":"WORKSTATION5.theshire.local","TimeCreated":"2020-12-19T07:00:18.033Z","@timestamp":"2020-12-19T07:00:18.033Z","EventID":7,"Message":"Image loaded:\r\nRuleName: -\r\nUtcTime: 2020-12-19 12:00:18.023\r\nProcessGuid: {67e11d8c-eb52-5fdd-1e97-000000000700}\r\nProcessId: 7840\r\nImage: C:\\Windows\\System32\\conhost.exe\r\nImageLoaded: C:\\Windows\\System32\\sechost.dll\r\nFileVersion: 10.0.18362.1237 (WinBuild.160101.0800)\r\nDescription: Host for SCM/SDDL/LSA Lookup APIs\r\nProduct: Microsoft Windows Operating System\r\nCompany: Microsoft Corporation\r\nOriginalFileName: sechost.dll\r\nHashes: SHA1=807822C660891BE08CFFC46A6493A08B85A2356E,MD5=63EC2607385A119D37685E2DB60B6B42,SHA256=F9EF14D94A8E61FA0E092D69832814D55C6E1CFA3C303725F8EEAC6071D6620F,IMPHASH=CE4BD072766253F6A267D0284CA82002\r\nSigned: true\r\nSignature: Microsoft Windows\r\nSignatureStatus: Valid","Task":"7","RuleName":"-","UtcTime":"2020-12-19 12:00:18.023","ProcessGuid":"{67e11d8c-eb52-5fdd-1e97-000000000700}","ProcessId":"7840","Image":"C:\\Windows\\System32\\conhost.exe","ImageLoaded":"C:\\Windows\\System32\\sechost.dll","FileVersion":"10.0.18362.1237 (WinBuild.160101.0800)","Description":"Host for SCM/SDDL/LSA Lookup APIs","Product":"Microsoft Windows Operating System","Company":"Microsoft Corporation","OriginalFileName":"sechost.dll","Hashes":"SHA1=807822C660891BE08CFFC46A6493A08B85A2356E,MD5=63EC2607385A119D37685E2DB60B6B42,SHA256=F9EF14D94A8E61FA0E092D69832814D55C6E1CFA3C303725F8EEAC6071D6620F,IMPHASH=CE4BD072766253F6A267D0284CA82002","Signed":"true","Signature":"Microsoft Windows","SignatureStatus":"Valid"}
{"SourceName":"Microsoft-Windows-Sysmon","ProviderGuid":"{5770385f-c22a-43e0-bf4c-06f5698ffbd9}","Level":"4","Keywords":"0x8000000000000000","Channel":"Microsoft-Windows-Sysmon/Operational","Hostname":"WORKSTATION5.theshire.local","TimeCreated":"2020-12-19T07:00:18.036Z","@timestamp":"2020-12-19T07:00:18.036Z","EventID":10,"Message":"Process accessed:\r\nRuleName: -\r\nUtcTime: 2020-12-19 12:00:18.023\r\nSourceProcessGUID: {67e11d8c-eb52-5fdd-1e97-000000000700}\r\nSourceProcessId: 7840\r\nSourceThreadId: 376\r\nSourceImage: C:\\windows\\system32\\conhost.exe\r\nTargetProcessGUID: {67e11d8c-eb52-5fdd-1d97-000000000700}\r\nTargetProcessId: 8444\r\nTargetImage: C:\\windows\\system32\\cscript.exe\r\nGrantedAccess: 0x1FFFFF\r\nCallTrace: C:\\windows\\SYSTEM32\\ntdll.dll+9cbb4|C:\\windows\\System32\\KERNELBASE.dll+305fe|C:\\windows\\system32\\conhost.exe+1260d|C:\\windows\\system32\\conhost.exe+12505|C:\\windows\\system32\\conhost.exe+895c|C:\\windows\\system32\\conhost.exe+f2e6|C:\\windows\\System32\\KERNEL32.DLL+17c24|C:\\windows\\SYSTEM32\\ntdll.dll+6d4d1","Task":"10","RuleName":"-","UtcTime":"2020-12-19 12:00:18.023","SourceProcessGUID":"{67e11d8c-eb52-5fdd-1e97-000000000700}","SourceProcessId":"7840","SourceThreadId":"376","SourceImage":"C:\\windows\\system32\\conhost.exe","TargetProcessGUID":"{67e11d8c-eb52-5fdd-1d97-000000000700}","TargetProcessId":"8444","TargetImage":"C:\\windows\\system32\\cscript.exe","GrantedAccess":"0x1fffff","CallTrace":"C:\\windows\\SYSTEM32\\ntdll.dll+9cbb4|C:\\windows\\System32\\KERNELBASE.dll+305fe|C:\\windows\\system32\\conhost.exe+1260d|C:\\windows\\system32\\conhost.exe+12505|C:\\windows\\system32\\conhost.exe+895c|C:\\windows\\system32\\conhost.exe+f2e6|C:\\windows\\System32\\KERNEL32.DLL+17c24|C:\\windows\\SYSTEM32\\ntdll.dll+6d4d1"}
{"SourceName":"Microsoft-Windows-Sysmon","ProviderGuid":"{5770385f-c22a-43e0-bf4c-06f5698ffbd9}","Level":"4","Keywords":"0x8000000000000000","Channel":"Microsoft-Windows-Sysmon/Operational","Hostname":"WORKSTATION5.theshire.local","TimeCreated":"2020-12-19T07:00:18.036Z","@timestamp":"2020-12-19T07:00:18.036Z","EventID":7,"Message":"Image loaded:\r\nRuleName: -\r\nUtcTime: 2020-12-19 12:00:18.023\r\nProcessGuid: {67e11d8c-eb52-5fdd-1e97-000000000700}\r\nProcessId: 7840\r\nImage: C:\\Windows\\System32\\conhost.exe\r\nImageLoaded: C:\\Windows\\System32\\user32.dll\r\nFileVersion: 10.0.18362.1256 (WinBuild.160101.0800)\r\nDescription: Multi-User Windows USER API Client DLL\r\nProduct: Microsoft Windows Operating System\r\nCompany: Microsoft Corporation\r\nOriginalFileName: user32\r\nHashes: SHA1=FD2541E3DFDE3674CDD9A070D1DB2A8DB43645A5,MD5=F14C97D2A8249A737A7F1CB7104656B6,SHA256=6DC141500883977D9D7236DE1415BF0975850FA435DB32426B261E22D6BDE1DC,IMPHASH=70F6F0466DB32D0AA9E18434AE996907\r\nSigned: true\r\nSignature: Microsoft Windows\r\nSignatureStatus: Valid","Task":"7","RuleName":"-","UtcTime":"2020-12-19 12:00:18.023","ProcessGuid":"{67e11d8c-eb52-5fdd-1e97-000000000700}","ProcessId":"7840","Image":"C:\\Windows\\System32\\conhost.exe","ImageLoaded":"C:\\Windows\\System32\\user32.dll","FileVersion":"10.0.18362.1256 (WinBuild.160101.0800)","Description":"Multi-User Windows USER API Client DLL","Product":"Microsoft Windows Operating System","Company":"Microsoft Corporation","OriginalFileName":"user32","Hashes":"SHA1=FD2541E3DFDE3674CDD9A070D1DB2A8DB43645A5,MD5=F14C97D2A8249A737A7F1CB7104656B6,SHA256=6DC141500883977D9D7236DE1415BF0975850FA435DB32426B261E22D6BDE1DC,IMPHASH=70F6F0466DB32D0AA9E18434AE996907","Signed":"true","Signature":"Microsoft Windows","SignatureStatus":"Valid"}
{"SourceName":"Microsoft-Windows-Sysmon","ProviderGuid":"{5770385f-c22a-43e0-bf4c-06f5698ffbd9}","Level":"4","Keywords":"0x8000000000000000","Channel":"Microsoft-Windows-Sysmon/Operational","Hostname":"WORKSTATION5.theshire.local","TimeCreated":"2020-12-19T07:00:18.037Z","@timestamp":"2020-12-19T07:00:18.037Z","EventID":7,"Message":"Image loaded:\r\nRuleName: -\r\nUtcTime: 2020-12-19 12:00:18.023\r\nProcessGuid: {67e11d8c-eb52-5fdd-1e97-000000000700}\r\nProcessId: 7840\r\nImage: C:\\Windows\\System32\\conhost.exe\r\nImageLoaded: C:\\Windows\\System32\\win32u.dll\r\nFileVersion: 10.0.18362.1237 (WinBuild.160101.0800)\r\nDescription: Win32u\r\nProduct: Microsoft Windows Operating System\r\nCompany: Microsoft Corporation\r\nOriginalFileName: Win32u.DLL\r\nHashes: SHA1=8713D184A16E1902E48FF31C5A0B066466B30EF2,MD5=7A0C7430D02B370EAF1ED17D791B8B89,SHA256=E34BE81E53E4EFDAA65B4B4CF919EB1D4E35F4C240D4A59F98384221C852B8B1,IMPHASH=00000000000000000000000000000000\r\nSigned: true\r\nSignature: Microsoft Windows\r\nSignatureStatus: Valid","Task":"7","RuleName":"-","UtcTime":"2020-12-19 12:00:18.023","ProcessGuid":"{67e11d8c-eb52-5fdd-1e97-000000000700}","ProcessId":"7840","Image":"C:\\Windows\\System32\\conhost.exe","ImageLoaded":"C:\\Windows\\System32\\win32u.dll","FileVersion":"10.0.18362.1237 (WinBuild.160101.0800)","Description":"Win32u","Product":"Microsoft Windows Operating System","Company":"Microsoft Corporation","OriginalFileName":"Win32u.DLL","Hashes":"SHA1=8713D184A16E1902E48FF31C5A0B066466B30EF2,MD5=7A0C7430D02B370EAF1ED17D791B8B89,SHA256=E34BE81E53E4EFDAA65B4B4CF919EB1D4E35F4C240D4A59F98384221C852B8B1,IMPHASH=00000000000000000000000000000000","Signed":"true","Signature":"Microsoft Windows","SignatureStatus":"Valid"}
{"SourceName":"Microsoft-Windows-Sysmon","ProviderGuid":"{5770385f-c22a-43e0-bf4c-06f5698ffbd9}","Level":"4","Keywords":"0x8000000000000000","Channel":"Microsoft-Windows-Sysmon/Operational","Hostname":"WORKSTATION5.theshire.local","TimeCreated":"2020-12-19T07:00:18.037Z","@timestamp":"2020-12-19T07:00:18.037Z","EventID":7,"Message":"Image loaded:\r\nRuleName: -\r\nUtcTime: 2020-12-19 12:00:18.023\r\nProcessGuid: {67e11d8c-eb52-5fdd-1e97-000000000700}\r\nProcessId: 7840\r\nImage: C:\\Windows\\System32\\conhost.exe\r\nImageLoaded: C:\\Windows\\System32\\gdi32.dll\r\nFileVersion: 10.0.18362.1256 (WinBuild.160101.0800)\r\nDescription: GDI Client DLL\r\nProduct: Microsoft Windows Operating System\r\nCompany: Microsoft Corporation\r\nOriginalFileName: gdi32\r\nHashes: SHA1=25F017FA9C2FC7CE2FD734F92BABEE16BF894817,MD5=3A24606E6C4E42E9DFD60A437006FE3E,SHA256=3D897611F3EC1B10BC3CB77D7BE362B52CFB459DAD0FCA05C33866CF59661345,IMPHASH=C5F30E6A06AB646153863B68366FE58A\r\nSigned: true\r\nSignature: Microsoft Windows\r\nSignatureStatus: Valid","Task":"7","RuleName":"-","UtcTime":"2020-12-19 12:00:18.023","ProcessGuid":"{67e11d8c-eb52-5fdd-1e97-000000000700}","ProcessId":"7840","Image":"C:\\Windows\\System32\\conhost.exe","ImageLoaded":"C:\\Windows\\System32\\gdi32.dll","FileVersion":"10.0.18362.1256 (WinBuild.160101.0800)","Description":"GDI Client DLL","Product":"Microsoft Windows Operating System","Company":"Microsoft Corporation","OriginalFileName":"gdi32","Hashes":"SHA1=25F017FA9C2FC7CE2FD734F92BABEE16BF894817,MD5=3A24606E6C4E42E9DFD60A437006FE3E,SHA256=3D897611F3EC1B10BC3CB77D7BE362B52CFB459DAD0FCA05C33866CF59661345,IMPHASH=C5F30E6A06AB646153863B68366FE58A","Signed":"true","Signature":"Microsoft Windows","SignatureStatus":"Valid"}
{"SourceName":"Microsoft-Windows-Sysmon","ProviderGuid":"{5770385f-c22a-43e0-bf4c-06f5698ffbd9}","Level":"4","Keywords":"0x8000000000000000","Channel":"Microsoft-Windows-Sysmon/Operational","Hostname":"WORKSTATION5.theshire.local","TimeCreated":"2020-12-19T07:00:18.037Z","@timestamp":"2020-12-19T07:00:18.037Z","EventID":7,"Message":"Image loaded:\r\nRuleName: -\r\nUtcTime: 2020-12-19 12:00:18.023\r\nProcessGuid: {67e11d8c-eb52-5fdd-1e97-000000000700}\r\nProcessId: 7840\r\nImage: C:\\Windows\\System32\\conhost.exe\r\nImageLoaded: C:\\Windows\\System32\\gdi32full.dll\r\nFileVersion: 10.0.18362.1256 (WinBuild.160101.0800)\r\nDescription: GDI Client DLL\r\nProduct: Microsoft Windows Operating System\r\nCompany: Microsoft Corporation\r\nOriginalFileName: gdi32\r\nHashes: SHA1=E8216CC1B5E7C386F1B2B8E1B45FC26F0E0CE094,MD5=0CF7FD50436273B6B61786E62EDD5DC7,SHA256=E37FE49A0B1AC4B557937463C046C3299D2E7667301FABA14F1883F8D79179C3,IMPHASH=4D32F6E2211CD04CA28C2CD4FAC607E8\r\nSigned: true\r\nSignature: Microsoft Windows\r\nSignatureStatus: Valid","Task":"7","RuleName":"-","UtcTime":"2020-12-19 12:00:18.023","ProcessGuid":"{67e11d8c-eb52-5fdd-1e97-000000000700}","ProcessId":"7840","Image":"C:\\Windows\\System32\\conhost.exe","ImageLoaded":"C:\\Windows\\System32\\gdi32full.dll","FileVersion":"10.0.18362.1256 (WinBuild.160101.0800)","Description":"GDI Client DLL","Product":"Microsoft Windows Operating System","Company":"Microsoft Corporation","OriginalFileName":"gdi32","Hashes":"SHA1=E8216CC1B5E7C386F1B2B8E1B45FC26F0E0CE094,MD5=0CF7FD50436273B6B61786E62EDD5DC7,SHA256=E37FE49A0B1AC4B557937463C046C3299D2E7667301FABA14F1883F8D79179C3,IMPHASH=4D32F6E2211CD04CA28C2CD4FAC607E8","Signed":"true","Signature":"Microsoft Windows","SignatureStatus":"Valid"}
{"SourceName":"Microsoft-Windows-Sysmon","ProviderGuid":"{5770385f-c22a-43e0-bf4c-06f5698ffbd9}","Level":"4","Keywords":"0x8000000000000000","Channel":"Microsoft-Windows-Sysmon/Operational","Hostname":"WORKSTATION5.theshire.local","TimeCreated":"2020-12-19T07:00:18.039Z","@timestamp":"2020-12-19T07:00:18.039Z","EventID":7,"Message":"Image loaded:\r\nRuleName: -\r\nUtcTime: 2020-12-19 12:00:18.038\r\nProcessGuid: {67e11d8c-eb52-5fdd-1e97-000000000700}\r\nProcessId: 7840\r\nImage: C:\\Windows\\System32\\conhost.exe\r\nImageLoaded: C:\\Windows\\System32\\shell32.dll\r\nFileVersion: 10.0.18362.1237 (WinBuild.160101.0800)\r\nDescription: Windows Shell Common Dll\r\nProduct: Microsoft Windows Operating System\r\nCompany: Microsoft Corporation\r\nOriginalFileName: SHELL32.DLL\r\nHashes: SHA1=C42CB08E02FE0EAC106FFFC4614098AE999BD706,MD5=67C804E8A32001B2EE94BDACDFAFA555,SHA256=32F4A02472EB44E470F3FBDD704778265E2B6E1CAB45D2E27757EBD18FD8201D,IMPHASH=7D2F2D79C865EE5B1D1861EB448E6A99\r\nSigned: true\r\nSignature: Microsoft Windows\r\nSignatureStatus: Valid","Task":"7","RuleName":"-","UtcTime":"2020-12-19 12:00:18.038","ProcessGuid":"{67e11d8c-eb52-5fdd-1e97-000000000700}","ProcessId":"7840","Image":"C:\\Windows\\System32\\conhost.exe","ImageLoaded":"C:\\Windows\\System32\\shell32.dll","FileVersion":"10.0.18362.1237 (WinBuild.160101.0800)","Description":"Windows Shell Common Dll","Product":"Microsoft Windows Operating System","Company":"Microsoft Corporation","OriginalFileName":"SHELL32.DLL","Hashes":"SHA1=C42CB08E02FE0EAC106FFFC4614098AE999BD706,MD5=67C804E8A32001B2EE94BDACDFAFA555,SHA256=32F4A02472EB44E470F3FBDD704778265E2B6E1CAB45D2E27757EBD18FD8201D,IMPHASH=7D2F2D79C865EE5B1D1861EB448E6A99","Signed":"true","Signature":"Microsoft Windows","SignatureStatus":"Valid"}
{"SourceName":"Microsoft-Windows-Sysmon","ProviderGuid":"{5770385f-c22a-43e0-bf4c-06f5698ffbd9}","Level":"4","Keywords":"0x8000000000000000","Channel":"Microsoft-Windows-Sysmon/Operational","Hostname":"WORKSTATION5.theshire.local","TimeCreated":"2020-12-19T07:00:18.039Z","@timestamp":"2020-12-19T07:00:18.039Z","EventID":7,"Message":"Image loaded:\r\nRuleName: -\r\nUtcTime: 2020-12-19 12:00:18.038\r\nProcessGuid: {67e11d8c-eb52-5fdd-1e97-000000000700}\r\nProcessId: 7840\r\nImage: C:\\Windows\\System32\\conhost.exe\r\nImageLoaded: C:\\Windows\\System32\\cfgmgr32.dll\r\nFileVersion: 10.0.18362.387 (WinBuild.160101.0800)\r\nDescription: Configuration Manager DLL\r\nProduct: Microsoft Windows Operating System\r\nCompany: Microsoft Corporation\r\nOriginalFileName: CFGMGR32.DLL\r\nHashes: SHA1=FA3A718BEED81C7084675E250ADC305677A6B5E4,MD5=3A99A40872AF3B87406CC57DBDF53748,SHA256=96A1DB38C74A81FBA4C4AB29020551364FD1ADA3B6FED789D193C787E757979D,IMPHASH=4B4464C7677B6F07342800F4CF0BA273\r\nSigned: true\r\nSignature: Microsoft Windows\r\nSignatureStatus: Valid","Task":"7","RuleName":"-","UtcTime":"2020-12-19 12:00:18.038","ProcessGuid":"{67e11d8c-eb52-5fdd-1e97-000000000700}","ProcessId":"7840","Image":"C:\\Windows\\System32\\conhost.exe","ImageLoaded":"C:\\Windows\\System32\\cfgmgr32.dll","FileVersion":"10.0.18362.387 (WinBuild.160101.0800)","Description":"Configuration Manager DLL","Product":"Microsoft Windows Operating System","Company":"Microsoft Corporation","OriginalFileName":"CFGMGR32.DLL","Hashes":"SHA1=FA3A718BEED81C7084675E250ADC305677A6B5E4,MD5=3A99A40872AF3B87406CC57DBDF53748,SHA256=96A1DB38C74A81FBA4C4AB29020551364FD1ADA3B6FED789D193C787E757979D,IMPHASH=4B4464C7677B6F07342800F4CF0BA273","Signed":"true","Signature":"Microsoft Windows","SignatureStatus":"Valid"}
{"SourceName":"Microsoft-Windows-Sysmon","ProviderGuid":"{5770385f-c22a-43e0-bf4c-06f5698ffbd9}","Level":"4","Keywords":"0x8000000000000000","Channel":"Microsoft-Windows-Sysmon/Operational","Hostname":"WORKSTATION5.theshire.local","TimeCreated":"2020-12-19T07:00:18.039Z","@timestamp":"2020-12-19T07:00:18.039Z","EventID":7,"Message":"Image loaded:\r\nRuleName: -\r\nUtcTime: 2020-12-19 12:00:18.038\r\nProcessGuid: {67e11d8c-eb52-5fdd-1e97-000000000700}\r\nProcessId: 7840\r\nImage: C:\\Windows\\System32\\conhost.exe\r\nImageLoaded: C:\\Windows\\System32\\windows.storage.dll\r\nFileVersion: 10.0.18362.1171 (WinBuild.160101.0800)\r\nDescription: Microsoft WinRT Storage API\r\nProduct: Microsoft Windows Operating System\r\nCompany: Microsoft Corporation\r\nOriginalFileName: Windows.Storage.dll\r\nHashes: SHA1=EE19E5E1FB49E9D67FC86B9E804D2920CE487BFA,MD5=A195854059F3A4D51A836975EBAB291F,SHA256=A9297298EDD3959008EE0B319A2DFE1D5AC6C6F0FC7F0BFB4679DBDD7D2BFA26,IMPHASH=BDB3E400A78EE2D42C647E85CD2D827B\r\nSigned: true\r\nSignature: Microsoft Windows\r\nSignatureStatus: Valid","Task":"7","RuleName":"-","UtcTime":"2020-12-19 12:00:18.038","ProcessGuid":"{67e11d8c-eb52-5fdd-1e97-000000000700}","ProcessId":"7840","Image":"C:\\Windows\\System32\\conhost.exe","ImageLoaded":"C:\\Windows\\System32\\windows.storage.dll","FileVersion":"10.0.18362.1171 (WinBuild.160101.0800)","Description":"Microsoft WinRT Storage API","Product":"Microsoft Windows Operating System","Company":"Microsoft Corporation","OriginalFileName":"Windows.Storage.dll","Hashes":"SHA1=EE19E5E1FB49E9D67FC86B9E804D2920CE487BFA,MD5=A195854059F3A4D51A836975EBAB291F,SHA256=A9297298EDD3959008EE0B319A2DFE1D5AC6C6F0FC7F0BFB4679DBDD7D2BFA26,IMPHASH=BDB3E400A78EE2D42C647E85CD2D827B","Signed":"true","Signature":"Microsoft Windows","SignatureStatus":"Valid"}
