{"SourceName":"Microsoft-Windows-Sysmon","ProviderGuid":"{5770385f-c22a-43e0-bf4c-06f5698ffbd9}","Level":"4","Keywords":"0x8000000000000000","Channel":"Microsoft-Windows-Sysmon/Operational","Hostname":"WORKSTATION5.theshire.local","TimeCreated":"2020-12-19T07:00:19.828Z","@timestamp":"2020-12-19T07:00:19.828Z","EventID":10,"Message":"Process accessed:\r\nRuleName: -\r\nUtcTime: 2020-12-19 12:00:19.820\r\nSourceProcessGUID: {67e11d8c-77f7-5fd2-6814-000000000700}\r\nSourceProcessId: 772\r\nSourceThreadId: 4732\r\nSourceImage: C:\\windows\\system32\\svchost.exe\r\nTargetProcessGUID: {67e11d8c-e2c7-5fdd-a596-000000000700}\r\nTargetProcessId: 1140\r\nTargetImage: C:\\Windows\\System32\\WindowsPowerShell\\v1.0\\powershell.exe\r\nGrantedAccess: 0x1000\r\nCallTrace: C:\\windows\\SYSTEM32\\ntdll.dll+9cbb4|C:\\windows\\System32\\KERNELBASE.dll+305fe|c:\\windows\\system32\\cbdhsvc.dll+1f662|c:\\windows\\system32\\cbdhsvc.dll+1f2c6|c:\\windows\\system32\\cbdhsvc.dll+1ef1e|c:\\windows\\system32\\cbdhsvc.dll+1eb89|c:\\windows\\system32\\cbdhsvc.dll+1f872|c:\\windows\\system32\\cbdhsvc.dll+4139a|c:\\windows\\system32\\cbdhsvc.dll+3f157|c:\\windows\\system32\\cbdhsvc.dll+3e6b6|C:\\windows\\System32\\shcore.dll+1a1d9|C:\\windows\\System32\\shcore.dll+19f74|C:\\windows\\System32\\shcore.dll+19041|C:\\windows\\System32\\KERNEL32.DLL+17c24|C:\\windows\\SYSTEM32\\ntdll.dll+6d4d1","Task":"10","RuleName":"-","UtcTime":"2020-12-19 12:00:19.820","SourceProcessGUID":"{67e11d8c-77f7-5fd2-6814-000000000700}","SourceProcessId":"772","SourceThreadId":"4732","SourceImage":"C:\\windows\\system32\\svchost.exe","TargetProcessGUID":"{67e11d8c-e2c7-5fdd-a596-000000000700}","TargetProcessId":"1140","TargetImage":"C:\\Windows\\System32\\WindowsPowerShell\\v1.0\\powershell.exe","GrantedAccess":"0x1000","CallTrace":"C:\\windows\\SYSTEM32\\ntdll.dll+9cbb4|C:\\windows\\System32\\KERNELBASE.dll+305fe|c:\\windows\\system32\\cbdhsvc.dll+1f662|c:\\windows\\system32\\cbdhsvc.dll+1f2c6|c:\\windows\\system32\\cbdhsvc.dll+1ef1e|c:\\windows\\system32\\cbdhsvc.dll+1eb89|c:\\windows\\system32\\cbdhsvc.dll+1f872|c:\\windows\\system32\\cbdhsvc.dll+4139a|c:\\windows\\system32\\cbdhsvc.dll+3f157|c:\\windows\\system32\\cbdhsvc.dll+3e6b6|C:\\windows\\System32\\shcore.dll+1a1d9|C:\\windows\\System32\\shcore.dll+19f74|C:\\windows\\System32\\shcore.dll+19041|C:\\windows\\System32\\KERNEL32.DLL+17c24|C:\\windows\\SYSTEM32\\ntdll.dll+6d4d1"}
{"SourceName":"Microsoft-Windows-Sysmon","ProviderGuid":"{5770385f-c22a-43e0-bf4c-06f5698ffbd9}","Level":"4","Keywords":"0x8000000000000000","Channel":"Microsoft-Windows-Sysmon/Operational","Hostname":"WORKSTATION5.theshire.local","TimeCreated":"2020-12-19T07:00:19.831Z","@timestamp":"2020-12-19T07:00:19.831Z","EventID":10,"Message":"Process accessed:\r\nRuleName: -\r\nUtcTime: 2020-12-19 12:00:19.820\r\nSourceProcessGUID: {67e11d8c-77f4-5fd2-5b14-000000000700}\r\nSourceProcessId: 5884\r\nSourceThreadId: 3432\r\nSourceImage: C:\\windows\\system32\\svchost.exe\r\nTargetProcessGUID: {67e11d8c-77f6-5fd2-6714-000000000700}\r\nTargetProcessId: 2724\r\nTargetImage: C:\\windows\\Explorer.EXE\r\nGrantedAccess: 0x1040\r\nCallTrace: C:\\windows\\SYSTEM32\\ntdll.dll+9d784|C:\\windows\\System32\\RPCRT4.dll+2d354|C:\\windows\\System32\\combase.dll+be11b|C:\\windows\\System32\\combase.dll+85c38|C:\\windows\\System32\\combase.dll+83b2b|C:\\windows\\System32\\combase.dll+83c30|C:\\windows\\System32\\combase.dll+83a94|C:\\windows\\System32\\combase.dll+4fc58|C:\\windows\\System32\\combase.dll+4f6bb|C:\\windows\\System32\\combase.dll+86325|C:\\windows\\System32\\combase.dll+88644|C:\\windows\\System32\\combase.dll+88580|C:\\windows\\System32\\combase.dll+8821f|C:\\windows\\System32\\combase.dll+37db7|C:\\windows\\System32\\combase.dll+a8fe9|C:\\windows\\System32\\RPCRT4.dll+da15e|C:\\windows\\System32\\RPCRT4.dll+383b9|C:\\windows\\System32\\combase.dll+a821f|C:\\windows\\System32\\combase.dll+34313|C:\\windows\\System32\\combase.dll+34103|C:\\windows\\System32\\combase.dll+aae76|C:\\windows\\System32\\combase.dll+382da|C:\\windows\\System32\\combase.dll+a6d0d|C:\\windows\\System32\\combase.dll+5579c","Task":"10","RuleName":"-","UtcTime":"2020-12-19 12:00:19.820","SourceProcessGUID":"{67e11d8c-77f4-5fd2-5b14-000000000700}","SourceProcessId":"5884","SourceThreadId":"3432","SourceImage":"C:\\windows\\system32\\svchost.exe","TargetProcessGUID":"{67e11d8c-77f6-5fd2-6714-000000000700}","TargetProcessId":"2724","TargetImage":"C:\\windows\\Explorer.EXE","GrantedAccess":"0x1040","CallTrace":"C:\\windows\\SYSTEM32\\ntdll.dll+9d784|C:\\windows\\System32\\RPCRT4.dll+2d354|C:\\windows\\System32\\combase.dll+be11b|C:\\windows\\System32\\combase.dll+85c38|C:\\windows\\System32\\combase.dll+83b2b|C:\\windows\\System32\\combase.dll+83c30|C:\\windows\\System32\\combase.dll+83a94|C:\\windows\\System32\\combase.dll+4fc58|C:\\windows\\System32\\combase.dll+4f6bb|C:\\windows\\System32\\combase.dll+86325|C:\\windows\\System32\\combase.dll+88644|C:\\windows\\System32\\combase.dll+88580|C:\\windows\\System32\\combase.dll+8821f|C:\\windows\\System32\\combase.dll+37db7|C:\\windows\\System32\\combase.dll+a8fe9|C:\\windows\\System32\\RPCRT4.dll+da15e|C:\\windows\\System32\\RPCRT4.dll+383b9|C:\\windows\\System32\\combase.dll+a821f|C:\\windows\\System32\\combase.dll+34313|C:\\windows\\System32\\combase.dll+34103|C:\\windows\\System32\\combase.dll+aae76|C:\\windows\\System32\\combase.dll+382da|C:\\windows\\System32\\combase.dll+a6d0d|C:\\windows\\System32\\combase.dll+5579c"}
{"SourceName":"Microsoft-Windows-Sysmon","ProviderGuid":"{5770385f-c22a-43e0-bf4c-06f5698ffbd9}","Level":"4","Keywords":"0x8000000000000000","Channel":"Microsoft-Windows-Sysmon/Operational","Hostname":"WORKSTATION5.theshire.local","TimeCreated":"2020-12-19T07:00:20.133Z","@timestamp":"2020-12-19T07:00:20.133Z","EventID":13,"Message":"Registry value set:\r\nRuleName: -\r\nEventType: SetValue\r\nUtcTime: 2020-12-19 12:00:20.132\r\nProcessGuid: {67e11d8c-77f6-5fd2-6714-000000000700}\r\nProcessId: 2724\r\nImage: C:\\windows\\Explorer.EXE\r\nTargetObject: HKLM\\SOFTWARE\\Microsoft\\Windows NT\\CurrentVersion\\Notifications\\Data\\418A073AA3BC4C75\r\nDetails: Binary Data","Task":"13","RuleName":"-","EventType":"SetValue","UtcTime":"2020-12-19 12:00:20.132","ProcessGuid":"{67e11d8c-77f6-5fd2-6714-000000000700}","ProcessId":"2724","Image":"C:\\windows\\Explorer.EXE","TargetObject":"HKLM\\SOFTWARE\\Microsoft\\Windows NT\\CurrentVersion\\Notifications\\Data\\418A073AA3BC4C75","Details":"Binary Data"}
{"SourceName":"Microsoft-Windows-Sysmon","ProviderGuid":"{5770385f-c22a-43e0-bf4c-06f5698ffbd9}","Level":"4","Keywords":"0x8000000000000000","Channel":"Microsoft-Windows-Sysmon/Operational","Hostname":"WORKSTATION5.theshire.local","TimeCreated":"2020-12-19T07:00:20.508Z","@timestamp":"2020-12-19T07:00:20.508Z","EventID":10,"Message":"Process accessed:\r\nRuleName: -\r\nUtcTime: 2020-12-19 12:00:20.507\r\nSourceProcessGUID: {67e11d8c-876a-5fd0-1000-000000000700}\r\nSourceProcessId: 932\r\nSourceThreadId: 400\r\nSourceImage: C:\\windows\\system32\\svchost.exe\r\nTargetProcessGUID: {67e11d8c-781f-5fd2-8714-000000000700}\r\nTargetProcessId: 8140\r\nTargetImage: C:\\Windows\\SystemApps\\InputApp_cw5n1h2txyewy\\WindowsInternal.ComposableShell.Experiences.TextInput.InputApp.exe\r\nGrantedAccess: 0x1000\r\nCallTrace: C:\\windows\\SYSTEM32\\ntdll.dll+9cbb4|C:\\windows\\SYSTEM32\\psmserviceexthost.dll+222a3|C:\\windows\\SYSTEM32\\psmserviceexthost.dll+37ea0|C:\\windows\\SYSTEM32\\psmserviceexthost.dll+37929|C:\\windows\\SYSTEM32\\psmserviceexthost.dll+686f8|C:\\windows\\SYSTEM32\\psmserviceexthost.dll+6e84a|C:\\windows\\SYSTEM32\\psmserviceexthost.dll+6f700|C:\\windows\\SYSTEM32\\psmserviceexthost.dll+34be4|C:\\windows\\SYSTEM32\\psmserviceexthost.dll+6f63e|C:\\windows\\SYSTEM32\\psmserviceexthost.dll+713b5|C:\\windows\\SYSTEM32\\psmserviceexthost.dll+50bda|C:\\windows\\SYSTEM32\\psmserviceexthost.dll+4500a|C:\\windows\\System32\\KERNEL32.DLL+17c24|C:\\windows\\SYSTEM32\\ntdll.dll+6d4d1","Task":"10","RuleName":"-","UtcTime":"2020-12-19 12:00:20.507","SourceProcessGUID":"{67e11d8c-876a-5fd0-1000-000000000700}","SourceProcessId":"932","SourceThreadId":"400","SourceImage":"C:\\windows\\system32\\svchost.exe","TargetProcessGUID":"{67e11d8c-781f-5fd2-8714-000000000700}","TargetProcessId":"8140","TargetImage":"C:\\Windows\\SystemApps\\InputApp_cw5n1h2txyewy\\WindowsInternal.ComposableShell.Experiences.TextInput.InputApp.exe","GrantedAccess":"0x1000","CallTrace":"C:\\windows\\SYSTEM32\\ntdll.dll+9cbb4|C:\\windows\\SYSTEM32\\psmserviceexthost.dll+222a3|C:\\windows\\SYSTEM32\\psmserviceexthost.dll+37ea0|C:\\windows\\SYSTEM32\\psmserviceexthost.dll+37929|C:\\windows\\SYSTEM32\\psmserviceexthost.dll+686f8|C:\\windows\\SYSTEM32\\psmserviceexthost.dll+6e84a|C:\\windows\\SYSTEM32\\psmserviceexthost.dll+6f700|C:\\windows\\SYSTEM32\\psmserviceexthost.dll+34be4|C:\\windows\\SYSTEM32\\psmserviceexthost.dll+6f63e|C:\\windows\\SYSTEM32\\psmserviceexthost.dll+713b5|C:\\windows\\SYSTEM32\\psmserviceexthost.dll+50bda|C:\\windows\\SYSTEM32\\psmserviceexthost.dll+4500a|C:\\windows\\System32\\KERNEL32.DLL+17c24|C:\\windows\\SYSTEM32\\ntdll.dll+6d4d1"}
{"SourceName":"Microsoft-Windows-Sysmon","ProviderGuid":"{5770385f-c22a-43e0-bf4c-06f5698ffbd9}","Level":"4","Keywords":"0x8000000000000000","Channel":"Microsoft-Windows-Sysmon/Operational","Hostname":"WORKSTATION5.theshire.local","TimeCreated":"2020-12-19T07:00:21.295Z","@timestamp":"2020-12-19T07:00:21.295Z","EventID":10,"Message":"Process accessed:\r\nRuleName: -\r\nUtcTime: 2020-12-19 12:00:21.273\r\nSourceProcessGUID: {67e11d8c-77f6-5fd2-6714-000000000700}\r\nSourceProcessId: 2724\r\nSourceThreadId: 2588\r\nSourceImage: C:\\windows\\Explorer.EXE\r\nTargetProcessGUID: {67e11d8c-e98f-5fdd-0497-000000000700}\r\nTargetProcessId: 6432\r\nTargetImage: C:\\Windows\\System32\\WindowsPowerShell\\v1.0\\powershell.exe\r\nGrantedAccess: 0x1000\r\nCallTrace: C:\\windows\\SYSTEM32\\ntdll.dll+9cbb4|C:\\windows\\System32\\KERNELBASE.dll+305fe|C:\\windows\\SYSTEM32\\TWINAPI.dll+6cd3|C:\\windows\\system32\\twinui.pcshell.dll+20880|C:\\windows\\system32\\twinui.pcshell.dll+20082|C:\\windows\\system32\\twinui.dll+1780b|C:\\windows\\system32\\twinui.dll+1734c|C:\\windows\\system32\\twinui.dll+68f7a|C:\\windows\\system32\\twinui.dll+16e09|C:\\windows\\system32\\twinui.dll+16f4b|C:\\windows\\system32\\twinui.dll+16ecd|C:\\windows\\System32\\USER32.dll+15c1d|C:\\windows\\System32\\USER32.dll+15612|C:\\Windows\\System32\\windows.immersiveshell.serviceprovider.dll+45f0|C:\\Windows\\System32\\windows.immersiveshell.serviceprovider.dll+41b9|C:\\Windows\\System32\\windows.immersiveshell.serviceprovider.dll+3e4f|C:\\windows\\System32\\KERNEL32.DLL+17c24|C:\\windows\\SYSTEM32\\ntdll.dll+6d4d1","Task":"10","RuleName":"-","UtcTime":"2020-12-19 12:00:21.273","SourceProcessGUID":"{67e11d8c-77f6-5fd2-6714-000000000700}","SourceProcessId":"2724","SourceThreadId":"2588","SourceImage":"C:\\windows\\Explorer.EXE","TargetProcessGUID":"{67e11d8c-e98f-5fdd-0497-000000000700}","TargetProcessId":"6432","TargetImage":"C:\\Windows\\System32\\WindowsPowerShell\\v1.0\\powershell.exe","GrantedAccess":"0x1000","CallTrace":"C:\\windows\\SYSTEM32\\ntdll.dll+9cbb4|C:\\windows\\System32\\KERNELBASE.dll+305fe|C:\\windows\\SYSTEM32\\TWINAPI.dll+6cd3|C:\\windows\\system32\\twinui.pcshell.dll+20880|C:\\windows\\system32\\twinui.pcshell.dll+20082|C:\\windows\\system32\\twinui.dll+1780b|C:\\windows\\system32\\twinui.dll+1734c|C:\\windows\\system32\\twinui.dll+68f7a|C:\\windows\\system32\\twinui.dll+16e09|C:\\windows\\system32\\twinui.dll+16f4b|C:\\windows\\system32\\twinui.dll+16ecd|C:\\windows\\System32\\USER32.dll+15c1d|C:\\windows\\System32\\USER32.dll+15612|C:\\Windows\\System32\\windows.immersiveshell.serviceprovider.dll+45f0|C:\\Windows\\System32\\windows.immersiveshell.serviceprovider.dll+41b9|C:\\Windows\\System32\\windows.immersiveshell.serviceprovider.dll+3e4f|C:\\windows\\System32\\KERNEL32.DLL+17c24|C:\\windows\\SYSTEM32\\ntdll.dll+6d4d1"}
{"SourceName":"Microsoft-Windows-Sysmon","ProviderGuid":"{5770385f-c22a-43e0-bf4c-06f5698ffbd9}","Level":"4","Keywords":"0x8000000000000000","Channel":"Microsoft-Windows-Sysmon/Operational","Hostname":"WORKSTATION5.theshire.local","TimeCreated":"2020-12-19T07:00:21.295Z","@timestamp":"2020-12-19T07:00:21.295Z","EventID":10,"Message":"Process accessed:\r\nRuleName: -\r\nUtcTime: 2020-12-19 12:00:21.273\r\nSourceProcessGUID: {67e11d8c-77f6-5fd2-6714-000000000700}\r\nSourceProcessId: 2724\r\nSourceThreadId: 2588\r\nSourceImage: C:\\windows\\Explorer.EXE\r\nTargetProcessGUID: {67e11d8c-781f-5fd2-8714-000000000700}\r\nTargetProcessId: 8140\r\nTargetImage: C:\\Windows\\SystemApps\\InputApp_cw5n1h2txyewy\\WindowsInternal.ComposableShell.Experiences.TextInput.InputApp.exe\r\nGrantedAccess: 0x2000\r\nCallTrace: C:\\windows\\SYSTEM32\\ntdll.dll+9cbb4|C:\\windows\\System32\\KERNELBASE.dll+305fe|C:\\windows\\system32\\twinui.dll+72a89|C:\\windows\\system32\\twinui.dll+785b2|C:\\windows\\system32\\twinui.dll+1780b|C:\\windows\\system32\\twinui.dll+1734c|C:\\windows\\system32\\twinui.dll+68f7a|C:\\windows\\system32\\twinui.dll+16e09|C:\\windows\\system32\\twinui.dll+16f4b|C:\\windows\\system32\\twinui.dll+16ecd|C:\\windows\\System32\\USER32.dll+15c1d|C:\\windows\\System32\\USER32.dll+15612|C:\\Windows\\System32\\windows.immersiveshell.serviceprovider.dll+45f0|C:\\Windows\\System32\\windows.immersiveshell.serviceprovider.dll+41b9|C:\\Windows\\System32\\windows.immersiveshell.serviceprovider.dll+3e4f|C:\\windows\\System32\\KERNEL32.DLL+17c24|C:\\windows\\SYSTEM32\\ntdll.dll+6d4d1","Task":"10","RuleName":"-","UtcTime":"2020-12-19 12:00:21.273","SourceProcessGUID":"{67e11d8c-77f6-5fd2-6714-000000000700}","SourceProcessId":"2724","SourceThreadId":"2588","SourceImage":"C:\\windows\\Explorer.EXE","TargetProcessGUID":"{67e11d8c-781f-5fd2-8714-000000000700}","TargetProcessId":"8140","TargetImage":"C:\\Windows\\SystemApps\\InputApp_cw5n1h2txyewy\\WindowsInternal.ComposableShell.Experiences.TextInput.InputApp.exe","GrantedAccess":"0x2000","CallTrace":"C:\\windows\\SYSTEM32\\ntdll.dll+9cbb4|C:\\windows\\System32\\KERNELBASE.dll+305fe|C:\\windows\\system32\\twinui.dll+72a89|C:\\windows\\system32\\twinui.dll+785b2|C:\\windows\\system32\\twinui.dll+1780b|C:\\windows\\system32\\twinui.dll+1734c|C:\\windows\\system32\\twinui.dll+68f7a|C:\\windows\\system32\\twinui.dll+16e09|C:\\windows\\system32\\twinui.dll+16f4b|C:\\windows\\system32\\twinui.dll+16ecd|C:\\windows\\System32\\USER32.dll+15c1d|C:\\windows\\System32\\USER32.dll+15612|C:\\Windows\\System32\\windows.immersiveshell.serviceprovider.dll+45f0|C:\\Windows\\System32\\windows.immersiveshell.serviceprovider.dll+41b9|C:\\Windows\\System32\\windows.immersiveshell.serviceprovider.dll+3e4f|C:\\windows\\System32\\KERNEL32.DLL+17c24|C:\\windows\\SYSTEM32\\ntdll.dll+6d4d1"}
{"SourceName":"Microsoft-Windows-Sysmon","ProviderGuid":"{5770385f-c22a-43e0-bf4c-06f5698ffbd9}","Level":"4","Keywords":"0x8000000000000000","Channel":"Microsoft-Windows-Sysmon/Operational","Hostname":"WORKSTATION5.theshire.local","TimeCreated":"2020-12-19T07:00:21.295Z","@timestamp":"2020-12-19T07:00:21.295Z","EventID":10,"Message":"Process accessed:\r\nRuleName: -\r\nUtcTime: 2020-12-19 12:00:21.273\r\nSourceProcessGUID: {67e11d8c-77f6-5fd2-6714-000000000700}\r\nSourceProcessId: 2724\r\nSourceThreadId: 4188\r\nSourceImage: C:\\windows\\Explorer.EXE\r\nTargetProcessGUID: {67e11d8c-e98f-5fdd-0497-000000000700}\r\nTargetProcessId: 6432\r\nTargetImage: C:\\Windows\\System32\\WindowsPowerShell\\v1.0\\powershell.exe\r\nGrantedAccess: 0x1000\r\nCallTrace: C:\\windows\\SYSTEM32\\ntdll.dll+9cbb4|C:\\windows\\System32\\KERNELBASE.dll+305fe|C:\\Windows\\System32\\appresolver.dll+221c5|C:\\Windows\\System32\\appresolver.dll+1edcc|C:\\Windows\\System32\\appresolver.dll+1ecb7|C:\\windows\\Explorer.EXE+2da67|C:\\windows\\Explorer.EXE+2d964|C:\\windows\\Explorer.EXE+76480|C:\\windows\\System32\\windows.storage.dll+16e2e4|C:\\windows\\System32\\windows.storage.dll+16df25|C:\\windows\\System32\\windows.storage.dll+16de05|C:\\windows\\System32\\shcore.dll+31896|C:\\windows\\SYSTEM32\\ntdll.dll+2f655|C:\\windows\\SYSTEM32\\ntdll.dll+345b4|C:\\windows\\System32\\KERNEL32.DLL+17c24|C:\\windows\\SYSTEM32\\ntdll.dll+6d4d1","Task":"10","RuleName":"-","UtcTime":"2020-12-19 12:00:21.273","SourceProcessGUID":"{67e11d8c-77f6-5fd2-6714-000000000700}","SourceProcessId":"2724","SourceThreadId":"4188","SourceImage":"C:\\windows\\Explorer.EXE","TargetProcessGUID":"{67e11d8c-e98f-5fdd-0497-000000000700}","TargetProcessId":"6432","TargetImage":"C:\\Windows\\System32\\WindowsPowerShell\\v1.0\\powershell.exe","GrantedAccess":"0x1000","CallTrace":"C:\\windows\\SYSTEM32\\ntdll.dll+9cbb4|C:\\windows\\System32\\KERNELBASE.dll+305fe|C:\\Windows\\System32\\appresolver.dll+221c5|C:\\Windows\\System32\\appresolver.dll+1edcc|C:\\Windows\\System32\\appresolver.dll+1ecb7|C:\\windows\\Explorer.EXE+2da67|C:\\windows\\Explorer.EXE+2d964|C:\\windows\\Explorer.EXE+76480|C:\\windows\\System32\\windows.storage.dll+16e2e4|C:\\windows\\System32\\windows.storage.dll+16df25|C:\\windows\\System32\\windows.storage.dll+16de05|C:\\windows\\System32\\shcore.dll+31896|C:\\windows\\SYSTEM32\\ntdll.dll+2f655|C:\\windows\\SYSTEM32\\ntdll.dll+345b4|C:\\windows\\System32\\KERNEL32.DLL+17c24|C:\\windows\\SYSTEM32\\ntdll.dll+6d4d1"}
{"SourceName":"Microsoft-Windows-Sysmon","ProviderGuid":"{5770385f-c22a-43e0-bf4c-06f5698ffbd9}","Level":"4","Keywords":"0x8000000000000000","Channel":"Microsoft-Windows-Sysmon/Operational","Hostname":"WORKSTATION5.theshire.local","TimeCreated":"2020-12-19T07:00:21.295Z","@timestamp":"2020-12-19T07:00:21.295Z","EventID":13,"Message":"Registry value set:\r\nRuleName: -\r\nEventType: SetValue\r\nUtcTime: 2020-12-19 12:00:21.288\r\nProcessGuid: {67e11d8c-77f6-5fd2-6714-000000000700}\r\nProcessId: 2724\r\nImage: C:\\windows\\Explorer.EXE\r\nTargetObject: HKU\\S-1-5-21-3786818125-2382361537-3207726629-1104\\Software\\Microsoft\\Windows\\CurrentVersion\\Explorer\\UserAssist\\{CEBFF5CD-ACE2-4F4F-9178-9926F41749EA}\\Count\\{1NP14R77-02R7-4R5Q-O744-2RO1NR5198O7}\\JvaqbjfCbjreFuryy\\i1.0\\cbjrefuryy.rkr\r\nDetails: Binary Data","Task":"13","RuleName":"-","EventType":"SetValue","UtcTime":"2020-12-19 12:00:21.288","ProcessGuid":"{67e11d8c-77f6-5fd2-6714-000000000700}","ProcessId":"2724","Image":"C:\\windows\\Explorer.EXE","TargetObject":"HKU\\S-1-5-21-3786818125-2382361537-3207726629-1104\\Software\\Microsoft\\Windows\\CurrentVersion\\Explorer\\UserAssist\\{CEBFF5CD-ACE2-4F4F-9178-9926F41749EA}\\Count\\{1NP14R77-02R7-4R5Q-O744-2RO1NR5198O7}\\JvaqbjfCbjreFuryy\\i1.0\\cbjrefuryy.rkr","Details":"Binary Data"}
{"SourceName":"Microsoft-Windows-Sysmon","ProviderGuid":"{5770385f-c22a-43e0-bf4c-06f5698ffbd9}","Level":"4","Keywords":"0x8000000000000000","Channel":"Microsoft-Windows-Sysmon/Operational","Hostname":"WORKSTATION5.theshire.local","TimeCreated":"2020-12-19T07:00:21.295Z","@timestamp":"2020-12-19T07:00:21.295Z","EventID":13,"Message":"Registry value set:\r\nRuleName: -\r\nEventType: SetValue\r\nUtcTime: 2020-12-19 12:00:21.288\r\nProcessGuid: {67e11d8c-77f6-5fd2-6714-000000000700}\r\nProcessId: 2724\r\nImage: C:\\windows\\Explorer.EXE\r\nTargetObject: HKU\\S-1-5-21-3786818125-2382361537-3207726629-1104\\Software\\Microsoft\\Windows\\CurrentVersion\\Explorer\\UserAssist\\{CEBFF5CD-ACE2-4F4F-9178-9926F41749EA}\\Count\\HRZR_PGYFRFFVBA\r\nDetails: Binary Data","Task":"13","RuleName":"-","EventType":"SetValue","UtcTime":"2020-12-19 12:00:21.288","ProcessGuid":"{67e11d8c-77f6-5fd2-6714-000000000700}","ProcessId":"2724","Image":"C:\\windows\\Explorer.EXE","TargetObject":"HKU\\S-1-5-21-3786818125-2382361537-3207726629-1104\\Software\\Microsoft\\Windows\\CurrentVersion\\Explorer\\UserAssist\\{CEBFF5CD-ACE2-4F4F-9178-9926F41749EA}\\Count\\HRZR_PGYFRFFVBA","Details":"Binary Data"}
{"SourceName":"Microsoft-Windows-Sysmon","ProviderGuid":"{5770385f-c22a-43e0-bf4c-06f5698ffbd9}","Level":"4","Keywords":"0x8000000000000000","Channel":"Microsoft-Windows-Sysmon/Operational","Hostname":"WORKSTATION5.theshire.local","TimeCreated":"2020-12-19T07:00:21.295Z","@timestamp":"2020-12-19T07:00:21.295Z","EventID":10,"Message":"Process accessed:\r\nRuleName: -\r\nUtcTime: 2020-12-19 12:00:21.288\r\nSourceProcessGUID: {67e11d8c-77f6-5fd2-6714-000000000700}\r\nSourceProcessId: 2724\r\nSourceThreadId: 2588\r\nSourceImage: C:\\windows\\Explorer.EXE\r\nTargetProcessGUID: {67e11d8c-95d0-5fdc-e086-000000000700}\r\nTargetProcessId: 7744\r\nTargetImage: C:\\Program Files\\Wireshark\\Wireshark.exe\r\nGrantedAccess: 0x2000\r\nCallTrace: C:\\windows\\SYSTEM32\\ntdll.dll+9cbb4|C:\\windows\\System32\\KERNELBASE.dll+305fe|C:\\windows\\system32\\twinui.dll+72a89|C:\\windows\\system32\\twinui.dll+785b2|C:\\windows\\system32\\twinui.dll+1780b|C:\\windows\\system32\\twinui.dll+1734c|C:\\windows\\system32\\twinui.dll+68f7a|C:\\windows\\system32\\twinui.dll+16e09|C:\\windows\\system32\\twinui.dll+16f4b|C:\\windows\\system32\\twinui.dll+16ecd|C:\\windows\\System32\\USER32.dll+15c1d|C:\\windows\\System32\\USER32.dll+15612|C:\\Windows\\System32\\windows.immersiveshell.serviceprovider.dll+45f0|C:\\Windows\\System32\\windows.immersiveshell.serviceprovider.dll+41b9|C:\\Windows\\System32\\windows.immersiveshell.serviceprovider.dll+3e4f|C:\\windows\\System32\\KERNEL32.DLL+17c24|C:\\windows\\SYSTEM32\\ntdll.dll+6d4d1","Task":"10","RuleName":"-","UtcTime":"2020-12-19 12:00:21.288","SourceProcessGUID":"{67e11d8c-77f6-5fd2-6714-000000000700}","SourceProcessId":"2724","SourceThreadId":"2588","SourceImage":"C:\\windows\\Explorer.EXE","TargetProcessGUID":"{67e11d8c-95d0-5fdc-e086-000000000700}","TargetProcessId":"7744","TargetImage":"C:\\Program Files\\Wireshark\\Wireshark.exe","GrantedAccess":"0x2000","CallTrace":"C:\\windows\\SYSTEM32\\ntdll.dll+9cbb4|C:\\windows\\System32\\KERNELBASE.dll+305fe|C:\\windows\\system32\\twinui.dll+72a89|C:\\windows\\system32\\twinui.dll+785b2|C:\\windows\\system32\\twinui.dll+1780b|C:\\windows\\system32\\twinui.dll+1734c|C:\\windows\\system32\\twinui.dll+68f7a|C:\\windows\\system32\\twinui.dll+16e09|C:\\windows\\system32\\twinui.dll+16f4b|C:\\windows\\system32\\twinui.dll+16ecd|C:\\windows\\System32\\USER32.dll+15c1d|C:\\windows\\System32\\USER32.dll+15612|C:\\Windows\\System32\\windows.immersiveshell.serviceprovider.dll+45f0|C:\\Windows\\System32\\windows.immersiveshell.serviceprovider.dll+41b9|C:\\Windows\\System32\\windows.immersiveshell.serviceprovider.dll+3e4f|C:\\windows\\System32\\KERNEL32.DLL+17c24|C:\\windows\\SYSTEM32\\ntdll.dll+6d4d1"}
{"SourceName":"Microsoft-Windows-Sysmon","ProviderGuid":"{5770385f-c22a-43e0-bf4c-06f5698ffbd9}","Level":"4","Keywords":"0x8000000000000000","Channel":"Microsoft-Windows-Sysmon/Operational","Hostname":"WORKSTATION5.theshire.local","TimeCreated":"2020-12-19T07:00:21.296Z","@timestamp":"2020-12-19T07:00:21.296Z","EventID":10,"Message":"Process accessed:\r\nRuleName: -\r\nUtcTime: 2020-12-19 12:00:21.288\r\nSourceProcessGUID: {67e11d8c-876a-5fd0-1000-000000000700}\r\nSourceProcessId: 932\r\nSourceThreadId: 6408\r\nSourceImage: C:\\windows\\system32\\svchost.exe\r\nTargetProcessGUID: {67e11d8c-e98f-5fdd-0597-000000000700}\r\nTargetProcessId: 3036\r\nTargetImage: C:\\windows\\system32\\conhost.exe\r\nGrantedAccess: 0x2000\r\nCallTrace: C:\\windows\\SYSTEM32\\ntdll.dll+9cbb4|C:\\windows\\SYSTEM32\\psmserviceexthost.dll+310c0|C:\\windows\\SYSTEM32\\psmserviceexthost.dll+30dbf|C:\\windows\\SYSTEM32\\ntdll.dll+6ba5|C:\\windows\\SYSTEM32\\ntdll.dll+67f1|C:\\windows\\SYSTEM32\\ntdll.dll+6650|C:\\windows\\SYSTEM32\\ntdll.dll+3052c|C:\\windows\\SYSTEM32\\ntdll.dll+34142|C:\\windows\\System32\\KERNEL32.DLL+17c24|C:\\windows\\SYSTEM32\\ntdll.dll+6d4d1","Task":"10","RuleName":"-","UtcTime":"2020-12-19 12:00:21.288","SourceProcessGUID":"{67e11d8c-876a-5fd0-1000-000000000700}","SourceProcessId":"932","SourceThreadId":"6408","SourceImage":"C:\\windows\\system32\\svchost.exe","TargetProcessGUID":"{67e11d8c-e98f-5fdd-0597-000000000700}","TargetProcessId":"3036","TargetImage":"C:\\windows\\system32\\conhost.exe","GrantedAccess":"0x2000","CallTrace":"C:\\windows\\SYSTEM32\\ntdll.dll+9cbb4|C:\\windows\\SYSTEM32\\psmserviceexthost.dll+310c0|C:\\windows\\SYSTEM32\\psmserviceexthost.dll+30dbf|C:\\windows\\SYSTEM32\\ntdll.dll+6ba5|C:\\windows\\SYSTEM32\\ntdll.dll+67f1|C:\\windows\\SYSTEM32\\ntdll.dll+6650|C:\\windows\\SYSTEM32\\ntdll.dll+3052c|C:\\windows\\SYSTEM32\\ntdll.dll+34142|C:\\windows\\System32\\KERNEL32.DLL+17c24|C:\\windows\\SYSTEM32\\ntdll.dll+6d4d1"}
{"SourceName":"Microsoft-Windows-Sysmon","ProviderGuid":"{5770385f-c22a-43e0-bf4c-06f5698ffbd9}","Level":"4","Keywords":"0x8000000000000000","Channel":"Microsoft-Windows-Sysmon/Operational","Hostname":"WORKSTATION5.theshire.local","TimeCreated":"2020-12-19T07:00:21.296Z","@timestamp":"2020-12-19T07:00:21.296Z","EventID":10,"Message":"Process accessed:\r\nRuleName: -\r\nUtcTime: 2020-12-19 12:00:21.288\r\nSourceProcessGUID: {67e11d8c-77f6-5fd2-6714-000000000700}\r\nSourceProcessId: 2724\r\nSourceThreadId: 2708\r\nSourceImage: C:\\windows\\Explorer.EXE\r\nTargetProcessGUID: {67e11d8c-e98f-5fdd-0497-000000000700}\r\nTargetProcessId: 6432\r\nTargetImage: C:\\Windows\\System32\\WindowsPowerShell\\v1.0\\powershell.exe\r\nGrantedAccess: 0x1000\r\nCallTrace: C:\\windows\\SYSTEM32\\ntdll.dll+9cbb4|C:\\windows\\System32\\KERNELBASE.dll+305fe|C:\\windows\\System32\\NPSMDesktopProvider.dll+1dbfa|C:\\windows\\System32\\NPSMDesktopProvider.dll+139e2|C:\\windows\\System32\\NPSMDesktopProvider.dll+1415b|C:\\windows\\System32\\shcore.dll+1a1d9|C:\\windows\\System32\\shcore.dll+19f74|C:\\windows\\System32\\shcore.dll+19041|C:\\windows\\System32\\KERNEL32.DLL+17c24|C:\\windows\\SYSTEM32\\ntdll.dll+6d4d1","Task":"10","RuleName":"-","UtcTime":"2020-12-19 12:00:21.288","SourceProcessGUID":"{67e11d8c-77f6-5fd2-6714-000000000700}","SourceProcessId":"2724","SourceThreadId":"2708","SourceImage":"C:\\windows\\Explorer.EXE","TargetProcessGUID":"{67e11d8c-e98f-5fdd-0497-000000000700}","TargetProcessId":"6432","TargetImage":"C:\\Windows\\System32\\WindowsPowerShell\\v1.0\\powershell.exe","GrantedAccess":"0x1000","CallTrace":"C:\\windows\\SYSTEM32\\ntdll.dll+9cbb4|C:\\windows\\System32\\KERNELBASE.dll+305fe|C:\\windows\\System32\\NPSMDesktopProvider.dll+1dbfa|C:\\windows\\System32\\NPSMDesktopProvider.dll+139e2|C:\\windows\\System32\\NPSMDesktopProvider.dll+1415b|C:\\windows\\System32\\shcore.dll+1a1d9|C:\\windows\\System32\\shcore.dll+19f74|C:\\windows\\System32\\shcore.dll+19041|C:\\windows\\System32\\KERNEL32.DLL+17c24|C:\\windows\\SYSTEM32\\ntdll.dll+6d4d1"}
{"SourceName":"Microsoft-Windows-Sysmon","ProviderGuid":"{5770385f-c22a-43e0-bf4c-06f5698ffbd9}","Level":"4","Keywords":"0x8000000000000000","Channel":"Microsoft-Windows-Sysmon/Operational","Hostname":"WORKSTATION5.theshire.local","TimeCreated":"2020-12-19T07:00:21.296Z","@timestamp":"2020-12-19T07:00:21.296Z","EventID":10,"Message":"Process accessed:\r\nRuleName: -\r\nUtcTime: 2020-12-19 12:00:21.288\r\nSourceProcessGUID: {67e11d8c-77f6-5fd2-6714-000000000700}\r\nSourceProcessId: 2724\r\nSourceThreadId: 4120\r\nSourceImage: C:\\windows\\Explorer.EXE\r\nTargetProcessGUID: {67e11d8c-e98f-5fdd-0497-000000000700}\r\nTargetProcessId: 6432\r\nTargetImage: C:\\Windows\\System32\\WindowsPowerShell\\v1.0\\powershell.exe\r\nGrantedAccess: 0x1000\r\nCallTrace: C:\\windows\\SYSTEM32\\ntdll.dll+9cbb4|C:\\windows\\System32\\KERNELBASE.dll+305fe|C:\\Windows\\System32\\TaskFlowDataEngine.dll+cf160|C:\\Windows\\System32\\TaskFlowDataEngine.dll+9827b|C:\\Windows\\System32\\TaskFlowDataEngine.dll+978ff|C:\\Windows\\System32\\TaskFlowDataEngine.dll+973f9|C:\\Windows\\System32\\TaskFlowDataEngine.dll+96e25|C:\\Windows\\System32\\TaskFlowDataEngine.dll+94c85|C:\\Windows\\System32\\TaskFlowDataEngine.dll+93658|C:\\Windows\\System32\\TaskFlowDataEngine.dll+9dfb1|C:\\windows\\System32\\shcore.dll+1a1d9|C:\\windows\\System32\\shcore.dll+19f74|C:\\windows\\System32\\shcore.dll+19041|C:\\windows\\System32\\KERNEL32.DLL+17c24|C:\\windows\\SYSTEM32\\ntdll.dll+6d4d1","Task":"10","RuleName":"-","UtcTime":"2020-12-19 12:00:21.288","SourceProcessGUID":"{67e11d8c-77f6-5fd2-6714-000000000700}","SourceProcessId":"2724","SourceThreadId":"4120","SourceImage":"C:\\windows\\Explorer.EXE","TargetProcessGUID":"{67e11d8c-e98f-5fdd-0497-000000000700}","TargetProcessId":"6432","TargetImage":"C:\\Windows\\System32\\WindowsPowerShell\\v1.0\\powershell.exe","GrantedAccess":"0x1000","CallTrace":"C:\\windows\\SYSTEM32\\ntdll.dll+9cbb4|C:\\windows\\System32\\KERNELBASE.dll+305fe|C:\\Windows\\System32\\TaskFlowDataEngine.dll+cf160|C:\\Windows\\System32\\TaskFlowDataEngine.dll+9827b|C:\\Windows\\System32\\TaskFlowDataEngine.dll+978ff|C:\\Windows\\System32\\TaskFlowDataEngine.dll+973f9|C:\\Windows\\System32\\TaskFlowDataEngine.dll+96e25|C:\\Windows\\System32\\TaskFlowDataEngine.dll+94c85|C:\\Windows\\System32\\TaskFlowDataEngine.dll+93658|C:\\Windows\\System32\\TaskFlowDataEngine.dll+9dfb1|C:\\windows\\System32\\shcore.dll+1a1d9|C:\\windows\\System32\\shcore.dll+19f74|C:\\windows\\System32\\shcore.dll+19041|C:\\windows\\System32\\KERNEL32.DLL+17c24|C:\\windows\\SYSTEM32\\ntdll.dll+6d4d1"}
{"SourceName":"Microsoft-Windows-Sysmon","ProviderGuid":"{5770385f-c22a-43e0-bf4c-06f5698ffbd9}","Level":"4","Keywords":"0x8000000000000000","Channel":"Microsoft-Windows-Sysmon/Operational","Hostname":"WORKSTATION5.theshire.local","TimeCreated":"2020-12-19T07:00:21.298Z","@timestamp":"2020-12-19T07:00:21.298Z","EventID":10,"Message":"Process accessed:\r\nRuleName: -\r\nUtcTime: 2020-12-19 12:00:21.288\r\nSourceProcessGUID: {67e11d8c-77f4-5fd2-5b14-000000000700}\r\nSourceProcessId: 5884\r\nSourceThreadId: 3432\r\nSourceImage: C:\\windows\\system32\\svchost.exe\r\nTargetProcessGUID: {67e11d8c-77f6-5fd2-6714-000000000700}\r\nTargetProcessId: 2724\r\nTargetImage: C:\\windows\\Explorer.EXE\r\nGrantedAccess: 0x1040\r\nCallTrace: C:\\windows\\SYSTEM32\\ntdll.dll+9d784|C:\\windows\\System32\\RPCRT4.dll+2d354|C:\\windows\\System32\\combase.dll+be11b|C:\\windows\\System32\\combase.dll+85c38|C:\\windows\\System32\\combase.dll+83b2b|C:\\windows\\System32\\combase.dll+83c30|C:\\windows\\System32\\combase.dll+83a94|C:\\windows\\System32\\combase.dll+4fc58|C:\\windows\\System32\\combase.dll+4f6bb|C:\\windows\\System32\\combase.dll+86325|C:\\windows\\System32\\combase.dll+88644|C:\\windows\\System32\\combase.dll+88580|C:\\windows\\System32\\combase.dll+8821f|C:\\windows\\System32\\combase.dll+37db7|C:\\windows\\System32\\combase.dll+a8fe9|C:\\windows\\System32\\RPCRT4.dll+da15e|C:\\windows\\System32\\RPCRT4.dll+383b9|C:\\windows\\System32\\combase.dll+a821f|C:\\windows\\System32\\combase.dll+34313|C:\\windows\\System32\\combase.dll+34103|C:\\windows\\System32\\combase.dll+aae76|C:\\windows\\System32\\combase.dll+382da|C:\\windows\\System32\\combase.dll+a6d0d|C:\\windows\\System32\\combase.dll+5579c","Task":"10","RuleName":"-","UtcTime":"2020-12-19 12:00:21.288","SourceProcessGUID":"{67e11d8c-77f4-5fd2-5b14-000000000700}","SourceProcessId":"5884","SourceThreadId":"3432","SourceImage":"C:\\windows\\system32\\svchost.exe","TargetProcessGUID":"{67e11d8c-77f6-5fd2-6714-000000000700}","TargetProcessId":"2724","TargetImage":"C:\\windows\\Explorer.EXE","GrantedAccess":"0x1040","CallTrace":"C:\\windows\\SYSTEM32\\ntdll.dll+9d784|C:\\windows\\System32\\RPCRT4.dll+2d354|C:\\windows\\System32\\combase.dll+be11b|C:\\windows\\System32\\combase.dll+85c38|C:\\windows\\System32\\combase.dll+83b2b|C:\\windows\\System32\\combase.dll+83c30|C:\\windows\\System32\\combase.dll+83a94|C:\\windows\\System32\\combase.dll+4fc58|C:\\windows\\System32\\combase.dll+4f6bb|C:\\windows\\System32\\combase.dll+86325|C:\\windows\\System32\\combase.dll+88644|C:\\windows\\System32\\combase.dll+88580|C:\\windows\\System32\\combase.dll+8821f|C:\\windows\\System32\\combase.dll+37db7|C:\\windows\\System32\\combase.dll+a8fe9|C:\\windows\\System32\\RPCRT4.dll+da15e|C:\\windows\\System32\\RPCRT4.dll+383b9|C:\\windows\\System32\\combase.dll+a821f|C:\\windows\\System32\\combase.dll+34313|C:\\windows\\System32\\combase.dll+34103|C:\\windows\\System32\\combase.dll+aae76|C:\\windows\\System32\\combase.dll+382da|C:\\windows\\System32\\combase.dll+a6d0d|C:\\windows\\System32\\combase.dll+5579c"}
{"SourceName":"Microsoft-Windows-Sysmon","ProviderGuid":"{5770385f-c22a-43e0-bf4c-06f5698ffbd9}","Level":"4","Keywords":"0x8000000000000000","Channel":"Microsoft-Windows-Sysmon/Operational","Hostname":"WORKSTATION5.theshire.local","TimeCreated":"2020-12-19T07:00:21.301Z","@timestamp":"2020-12-19T07:00:21.301Z","EventID":10,"Message":"Process accessed:\r\nRuleName: -\r\nUtcTime: 2020-12-19 12:00:21.288\r\nSourceProcessGUID: {67e11d8c-77f4-5fd2-5b14-000000000700}\r\nSourceProcessId: 5884\r\nSourceThreadId: 3432\r\nSourceImage: C:\\windows\\system32\\svchost.exe\r\nTargetProcessGUID: {67e11d8c-77f6-5fd2-6714-000000000700}\r\nTargetProcessId: 2724\r\nTargetImage: C:\\windows\\Explorer.EXE\r\nGrantedAccess: 0x1040\r\nCallTrace: C:\\windows\\SYSTEM32\\ntdll.dll+9d784|C:\\windows\\System32\\RPCRT4.dll+2d354|C:\\windows\\System32\\combase.dll+be11b|C:\\windows\\System32\\combase.dll+85c38|C:\\windows\\System32\\combase.dll+83b2b|C:\\windows\\System32\\combase.dll+83c30|C:\\windows\\System32\\combase.dll+83a94|C:\\windows\\System32\\combase.dll+4fc58|C:\\windows\\System32\\combase.dll+4f6bb|C:\\windows\\System32\\combase.dll+86325|C:\\windows\\System32\\combase.dll+88644|C:\\windows\\System32\\combase.dll+88580|C:\\windows\\System32\\combase.dll+8821f|C:\\windows\\System32\\combase.dll+37db7|C:\\windows\\System32\\combase.dll+a8fe9|C:\\windows\\System32\\RPCRT4.dll+da15e|C:\\windows\\System32\\RPCRT4.dll+383b9|C:\\windows\\System32\\combase.dll+a821f|C:\\windows\\System32\\combase.dll+34313|C:\\windows\\System32\\combase.dll+34103|C:\\windows\\System32\\combase.dll+aae76|C:\\windows\\System32\\combase.dll+382da|C:\\windows\\System32\\combase.dll+a6d0d|C:\\windows\\System32\\combase.dll+5579c","Task":"10","RuleName":"-","UtcTime":"2020-12-19 12:00:21.288","SourceProcessGUID":"{67e11d8c-77f4-5fd2-5b14-000000000700}","SourceProcessId":"5884","SourceThreadId":"3432","SourceImage":"C:\\windows\\system32\\svchost.exe","TargetProcessGUID":"{67e11d8c-77f6-5fd2-6714-000000000700}","TargetProcessId":"2724","TargetImage":"C:\\windows\\Explorer.EXE","GrantedAccess":"0x1040","CallTrace":"C:\\windows\\SYSTEM32\\ntdll.dll+9d784|C:\\windows\\System32\\RPCRT4.dll+2d354|C:\\windows\\System32\\combase.dll+be11b|C:\\windows\\System32\\combase.dll+85c38|C:\\windows\\System32\\combase.dll+83b2b|C:\\windows\\System32\\combase.dll+83c30|C:\\windows\\System32\\combase.dll+83a94|C:\\windows\\System32\\combase.dll+4fc58|C:\\windows\\System32\\combase.dll+4f6bb|C:\\windows\\System32\\combase.dll+86325|C:\\windows\\System32\\combase.dll+88644|C:\\windows\\System32\\combase.dll+88580|C:\\windows\\System32\\combase.dll+8821f|C:\\windows\\System32\\combase.dll+37db7|C:\\windows\\System32\\combase.dll+a8fe9|C:\\windows\\System32\\RPCRT4.dll+da15e|C:\\windows\\System32\\RPCRT4.dll+383b9|C:\\windows\\System32\\combase.dll+a821f|C:\\windows\\System32\\combase.dll+34313|C:\\windows\\System32\\combase.dll+34103|C:\\windows\\System32\\combase.dll+aae76|C:\\windows\\System32\\combase.dll+382da|C:\\windows\\System32\\combase.dll+a6d0d|C:\\windows\\System32\\combase.dll+5579c"}
{"SourceName":"Microsoft-Windows-Sysmon","ProviderGuid":"{5770385f-c22a-43e0-bf4c-06f5698ffbd9}","Level":"4","Keywords":"0x8000000000000000","Channel":"Microsoft-Windows-Sysmon/Operational","Hostname":"WORKSTATION5.theshire.local","TimeCreated":"2020-12-19T07:00:21.524Z","@timestamp":"2020-12-19T07:00:21.524Z","EventID":10,"Message":"Process accessed:\r\nRuleName: -\r\nUtcTime: 2020-12-19 12:00:21.523\r\nSourceProcessGUID: {67e11d8c-876a-5fd0-1000-000000000700}\r\nSourceProcessId: 932\r\nSourceThreadId: 400\r\nSourceImage: C:\\windows\\system32\\svchost.exe\r\nTargetProcessGUID: {67e11d8c-781f-5fd2-8714-000000000700}\r\nTargetProcessId: 8140\r\nTargetImage: C:\\Windows\\SystemApps\\InputApp_cw5n1h2txyewy\\WindowsInternal.ComposableShell.Experiences.TextInput.InputApp.exe\r\nGrantedAccess: 0x1000\r\nCallTrace: C:\\windows\\SYSTEM32\\ntdll.dll+9cbb4|C:\\windows\\SYSTEM32\\psmserviceexthost.dll+222a3|C:\\windows\\SYSTEM32\\psmserviceexthost.dll+37ea0|C:\\windows\\SYSTEM32\\psmserviceexthost.dll+37929|C:\\windows\\SYSTEM32\\psmserviceexthost.dll+686f8|C:\\windows\\SYSTEM32\\psmserviceexthost.dll+6e84a|C:\\windows\\SYSTEM32\\psmserviceexthost.dll+6f700|C:\\windows\\SYSTEM32\\psmserviceexthost.dll+34be4|C:\\windows\\SYSTEM32\\psmserviceexthost.dll+6f63e|C:\\windows\\SYSTEM32\\psmserviceexthost.dll+713b5|C:\\windows\\SYSTEM32\\psmserviceexthost.dll+50bda|C:\\windows\\SYSTEM32\\psmserviceexthost.dll+4500a|C:\\windows\\System32\\KERNEL32.DLL+17c24|C:\\windows\\SYSTEM32\\ntdll.dll+6d4d1","Task":"10","RuleName":"-","UtcTime":"2020-12-19 12:00:21.523","SourceProcessGUID":"{67e11d8c-876a-5fd0-1000-000000000700}","SourceProcessId":"932","SourceThreadId":"400","SourceImage":"C:\\windows\\system32\\svchost.exe","TargetProcessGUID":"{67e11d8c-781f-5fd2-8714-000000000700}","TargetProcessId":"8140","TargetImage":"C:\\Windows\\SystemApps\\InputApp_cw5n1h2txyewy\\WindowsInternal.ComposableShell.Experiences.TextInput.InputApp.exe","GrantedAccess":"0x1000","CallTrace":"C:\\windows\\SYSTEM32\\ntdll.dll+9cbb4|C:\\windows\\SYSTEM32\\psmserviceexthost.dll+222a3|C:\\windows\\SYSTEM32\\psmserviceexthost.dll+37ea0|C:\\windows\\SYSTEM32\\psmserviceexthost.dll+37929|C:\\windows\\SYSTEM32\\psmserviceexthost.dll+686f8|C:\\windows\\SYSTEM32\\psmserviceexthost.dll+6e84a|C:\\windows\\SYSTEM32\\psmserviceexthost.dll+6f700|C:\\windows\\SYSTEM32\\psmserviceexthost.dll+34be4|C:\\windows\\SYSTEM32\\psmserviceexthost.dll+6f63e|C:\\windows\\SYSTEM32\\psmserviceexthost.dll+713b5|C:\\windows\\SYSTEM32\\psmserviceexthost.dll+50bda|C:\\windows\\SYSTEM32\\psmserviceexthost.dll+4500a|C:\\windows\\System32\\KERNEL32.DLL+17c24|C:\\windows\\SYSTEM32\\ntdll.dll+6d4d1"}
{"SourceName":"Microsoft-Windows-Sysmon","ProviderGuid":"{5770385f-c22a-43e0-bf4c-06f5698ffbd9}","Level":"4","Keywords":"0x8000000000000000","Channel":"Microsoft-Windows-Sysmon/Operational","Hostname":"WORKSTATION5.theshire.local","TimeCreated":"2020-12-19T07:00:22.176Z","@timestamp":"2020-12-19T07:00:22.176Z","EventID":13,"Message":"Registry value set:\r\nRuleName: -\r\nEventType: SetValue\r\nUtcTime: 2020-12-19 12:00:22.164\r\nProcessGuid: {67e11d8c-e98f-5fdd-0497-000000000700}\r\nProcessId: 6432\r\nImage: C:\\Windows\\System32\\WindowsPowerShell\\v1.0\\powershell.exe\r\nTargetObject: HKLM\\System\\CurrentControlSet\\Services\\bam\\State\\UserSettings\\S-1-5-21-3786818125-2382361537-3207726629-1104\\\\Device\\HarddiskVolume2\\Windows\\System32\\cmd.exe\r\nDetails: Binary Data","Task":"13","RuleName":"-","EventType":"SetValue","UtcTime":"2020-12-19 12:00:22.164","ProcessGuid":"{67e11d8c-e98f-5fdd-0497-000000000700}","ProcessId":"6432","Image":"C:\\Windows\\System32\\WindowsPowerShell\\v1.0\\powershell.exe","TargetObject":"HKLM\\System\\CurrentControlSet\\Services\\bam\\State\\UserSettings\\S-1-5-21-3786818125-2382361537-3207726629-1104\\\\Device\\HarddiskVolume2\\Windows\\System32\\cmd.exe","Details":"Binary Data"}
{"SourceName":"Microsoft-Windows-Sysmon","ProviderGuid":"{5770385f-c22a-43e0-bf4c-06f5698ffbd9}","Level":"4","Keywords":"0x8000000000000000","Channel":"Microsoft-Windows-Sysmon/Operational","Hostname":"WORKSTATION5.theshire.local","TimeCreated":"2020-12-19T07:00:22.177Z","@timestamp":"2020-12-19T07:00:22.177Z","EventID":1,"Message":"Process Create:\r\nRuleName: -\r\nUtcTime: 2020-12-19 12:00:22.176\r\nProcessGuid: {67e11d8c-eb56-5fdd-1f97-000000000700}\r\nProcessId: 460\r\nImage: C:\\Windows\\System32\\cmd.exe\r\nFileVersion: 10.0.18362.449 (WinBuild.160101.0800)\r\nDescription: Windows Command Processor\r\nProduct: Microsoft Windows Operating System\r\nCompany: Microsoft Corporation\r\nOriginalFileName: Cmd.Exe\r\nCommandLine: \"C:\\Windows\\system32\\cmd.exe\" /C schtasks /create /F /tn \\Microsoft\\Windows\\SoftwareProtectionPlatform\\EventCacheManager /tr \"C:\\Windows\\system32\\cmd.exe /C C:\\Windows\\System32\\notepad.exe\" /sc ONSTART /ru system /S WORKSTATION6\r\nCurrentDirectory: C:\\windows\\system32\\\r\nUser: THESHIRE\\pgustavo\r\nLogonGuid: {67e11d8c-77f2-5fd2-2e39-4f0100000000}\r\nLogonId: 0x14F392E\r\nTerminalSessionId: 2\r\nIntegrityLevel: High\r\nHashes: SHA1=8DCA9749CD48D286950E7A9FA1088C937CBCCAD4,MD5=D7AB69FAD18D4A643D84A271DFC0DBDF,SHA256=FF79D3C4A0B7EB191783C323AB8363EBD1FD10BE58D8BCC96B07067743CA81D5,IMPHASH=272245E2988E1E430500B852C4FB5E18\r\nParentProcessGuid: {67e11d8c-e98f-5fdd-0497-000000000700}\r\nParentProcessId: 6432\r\nParentImage: C:\\Windows\\System32\\WindowsPowerShell\\v1.0\\powershell.exe\r\nParentCommandLine: \"C:\\Windows\\System32\\WindowsPowerShell\\v1.0\\powershell.exe\" ","Task":"1","RuleName":"-","UtcTime":"2020-12-19 12:00:22.176","ProcessGuid":"{67e11d8c-eb56-5fdd-1f97-000000000700}","ProcessId":"460","Image":"C:\\Windows\\System32\\cmd.exe","FileVersion":"10.0.18362.449 (WinBuild.160101.0800)","Description":"Windows Command Processor","Product":"Microsoft Windows Operating System","Company":"Microsoft Corporation","OriginalFileName":"Cmd.Exe","CommandLine":"\"C:\\Windows\\system32\\cmd.exe\" /C schtasks /create /F /tn \\Microsoft\\Windows\\SoftwareProtectionPlatform\\EventCacheManager /tr \"C:\\Windows\\system32\\cmd.exe /C C:\\Windows\\System32\\notepad.exe\" /sc ONSTART /ru system /S WORKSTATION6","CurrentDirectory":"C:\\windows\\system32\\","User":"THESHIRE\\pgustavo","LogonGuid":"{67e11d8c-77f2-5fd2-2e39-4f0100000000}","LogonId":"0x14f392e","TerminalSessionId":"2","IntegrityLevel":"High","Hashes":"SHA1=8DCA9749CD48D286950E7A9FA1088C937CBCCAD4,MD5=D7AB69FAD18D4A643D84A271DFC0DBDF,SHA256=FF79D3C4A0B7EB191783C323AB8363EBD1FD10BE58D8BCC96B07067743CA81D5,IMPHASH=272245E2988E1E430500B852C4FB5E18","ParentProcessGuid":"{67e11d8c-e98f-5fdd-0497-000000000700}","ParentProcessId":"6432","ParentImage":"C:\\Windows\\System32\\WindowsPowerShell\\v1.0\\powershell.exe","ParentCommandLine":"\"C:\\Windows\\System32\\WindowsPowerShell\\v1.0\\powershell.exe\" "}
{"SourceName":"Microsoft-Windows-Sysmon","ProviderGuid":"{5770385f-c22a-43e0-bf4c-06f5698ffbd9}","Level":"4","Keywords":"0x8000000000000000","Channel":"Microsoft-Windows-Sysmon/Operational","Hostname":"WORKSTATION5.theshire.local","TimeCreated":"2020-12-19T07:00:22.177Z","@timestamp":"2020-12-19T07:00:22.177Z","EventID":10,"Message":"Process accessed:\r\nRuleName: -\r\nUtcTime: 2020-12-19 12:00:22.164\r\nSourceProcessGUID: {67e11d8c-e98f-5fdd-0497-000000000700}\r\nSourceProcessId: 6432\r\nSourceThreadId: 5612\r\nSourceImage: C:\\Windows\\System32\\WindowsPowerShell\\v1.0\\powershell.exe\r\nTargetProcessGUID: {67e11d8c-eb56-5fdd-1f97-000000000700}\r\nTargetProcessId: 460\r\nTargetImage: C:\\Windows\\system32\\cmd.exe\r\nGrantedAccess: 0x1FFFFF\r\nCallTrace: C:\\windows\\SYSTEM32\\ntdll.dll+9df64|C:\\windows\\System32\\KERNELBASE.dll+59e1a|C:\\windows\\System32\\KERNELBASE.dll+567b6|C:\\windows\\System32\\KERNEL32.DLL+1bee3|C:\\windows\\assembly\\NativeImages_v4.0.30319_64\\System\\11b8b7ed51c47042b76fe5b32dfd449f\\System.ni.dll+384236|C:\\windows\\assembly\\NativeImages_v4.0.30319_64\\System\\11b8b7ed51c47042b76fe5b32dfd449f\\System.ni.dll+2c4809|C:\\windows\\assembly\\NativeImages_v4.0.30319_64\\System\\11b8b7ed51c47042b76fe5b32dfd449f\\System.ni.dll+2c4179|C:\\windows\\assembly\\NativeImages_v4.0.30319_64\\System.Manaa57fc8cc#\\d380622b9bf8a3812894c27929aadc9c\\System.Management.Automation.ni.dll+5a2ebaf9|C:\\windows\\assembly\\NativeImages_v4.0.30319_64\\System.Manaa57fc8cc#\\d380622b9bf8a3812894c27929aadc9c\\System.Management.Automation.ni.dll+5a242dba|C:\\windows\\assembly\\NativeImages_v4.0.30319_64\\System.Manaa57fc8cc#\\d380622b9bf8a3812894c27929aadc9c\\System.Management.Automation.ni.dll+5a2cd3ed|C:\\windows\\assembly\\NativeImages_v4.0.30319_64\\System.Manaa57fc8cc#\\d380622b9bf8a3812894c27929aadc9c\\System.Management.Automation.ni.dll+5a2cd0ab|C:\\windows\\assembly\\NativeImages_v4.0.30319_64\\System.Manaa57fc8cc#\\d380622b9bf8a3812894c27929aadc9c\\System.Management.Automation.ni.dll+5a3d04ef|UNKNOWN(00007FFE42145251)","Task":"10","RuleName":"-","UtcTime":"2020-12-19 12:00:22.164","SourceProcessGUID":"{67e11d8c-e98f-5fdd-0497-000000000700}","SourceProcessId":"6432","SourceThreadId":"5612","SourceImage":"C:\\Windows\\System32\\WindowsPowerShell\\v1.0\\powershell.exe","TargetProcessGUID":"{67e11d8c-eb56-5fdd-1f97-000000000700}","TargetProcessId":"460","TargetImage":"C:\\Windows\\system32\\cmd.exe","GrantedAccess":"0x1fffff","CallTrace":"C:\\windows\\SYSTEM32\\ntdll.dll+9df64|C:\\windows\\System32\\KERNELBASE.dll+59e1a|C:\\windows\\System32\\KERNELBASE.dll+567b6|C:\\windows\\System32\\KERNEL32.DLL+1bee3|C:\\windows\\assembly\\NativeImages_v4.0.30319_64\\System\\11b8b7ed51c47042b76fe5b32dfd449f\\System.ni.dll+384236|C:\\windows\\assembly\\NativeImages_v4.0.30319_64\\System\\11b8b7ed51c47042b76fe5b32dfd449f\\System.ni.dll+2c4809|C:\\windows\\assembly\\NativeImages_v4.0.30319_64\\System\\11b8b7ed51c47042b76fe5b32dfd449f\\System.ni.dll+2c4179|C:\\windows\\assembly\\NativeImages_v4.0.30319_64\\System.Manaa57fc8cc#\\d380622b9bf8a3812894c27929aadc9c\\System.Management.Automation.ni.dll+5a2ebaf9|C:\\windows\\assembly\\NativeImages_v4.0.30319_64\\System.Manaa57fc8cc#\\d380622b9bf8a3812894c27929aadc9c\\System.Management.Automation.ni.dll+5a242dba|C:\\windows\\assembly\\NativeImages_v4.0.30319_64\\System.Manaa57fc8cc#\\d380622b9bf8a3812894c27929aadc9c\\System.Management.Automation.ni.dll+5a2cd3ed|C:\\windows\\assembly\\NativeImages_v4.0.30319_64\\System.Manaa57fc8cc#\\d380622b9bf8a3812894c27929aadc9c\\System.Management.Automation.ni.dll+5a2cd0ab|C:\\windows\\assembly\\NativeImages_v4.0.30319_64\\System.Manaa57fc8cc#\\d380622b9bf8a3812894c27929aadc9c\\System.Management.Automation.ni.dll+5a3d04ef|UNKNOWN(00007FFE42145251)"}
{"SourceName":"Microsoft-Windows-Sysmon","ProviderGuid":"{5770385f-c22a-43e0-bf4c-06f5698ffbd9}","Level":"4","Keywords":"0x8000000000000000","Channel":"Microsoft-Windows-Sysmon/Operational","Hostname":"WORKSTATION5.theshire.local","TimeCreated":"2020-12-19T07:00:22.177Z","@timestamp":"2020-12-19T07:00:22.177Z","EventID":10,"Message":"Process accessed:\r\nRuleName: -\r\nUtcTime: 2020-12-19 12:00:22.164\r\nSourceProcessGUID: {67e11d8c-77ef-5fd2-4c14-000000000700}\r\nSourceProcessId: 5604\r\nSourceThreadId: 6708\r\nSourceImage: C:\\windows\\system32\\csrss.exe\r\nTargetProcessGUID: {67e11d8c-eb56-5fdd-1f97-000000000700}\r\nTargetProcessId: 460\r\nTargetImage: C:\\Windows\\system32\\cmd.exe\r\nGrantedAccess: 0x1FFFFF\r\nCallTrace: C:\\windows\\SYSTEM32\\ntdll.dll+9cbb4|C:\\windows\\system32\\basesrv.DLL+2fba|C:\\windows\\SYSTEM32\\CSRSRV.dll+5af4|C:\\windows\\SYSTEM32\\ntdll.dll+6d4df","Task":"10","RuleName":"-","UtcTime":"2020-12-19 12:00:22.164","SourceProcessGUID":"{67e11d8c-77ef-5fd2-4c14-000000000700}","SourceProcessId":"5604","SourceThreadId":"6708","SourceImage":"C:\\windows\\system32\\csrss.exe","TargetProcessGUID":"{67e11d8c-eb56-5fdd-1f97-000000000700}","TargetProcessId":"460","TargetImage":"C:\\Windows\\system32\\cmd.exe","GrantedAccess":"0x1fffff","CallTrace":"C:\\windows\\SYSTEM32\\ntdll.dll+9cbb4|C:\\windows\\system32\\basesrv.DLL+2fba|C:\\windows\\SYSTEM32\\CSRSRV.dll+5af4|C:\\windows\\SYSTEM32\\ntdll.dll+6d4df"}
{"SourceName":"Microsoft-Windows-Sysmon","ProviderGuid":"{5770385f-c22a-43e0-bf4c-06f5698ffbd9}","Level":"4","Keywords":"0x8000000000000000","Channel":"Microsoft-Windows-Sysmon/Operational","Hostname":"WORKSTATION5.theshire.local","TimeCreated":"2020-12-19T07:00:22.178Z","@timestamp":"2020-12-19T07:00:22.178Z","EventID":7,"Message":"Image loaded:\r\nRuleName: -\r\nUtcTime: 2020-12-19 12:00:22.164\r\nProcessGuid: {67e11d8c-eb56-5fdd-1f97-000000000700}\r\nProcessId: 460\r\nImage: C:\\Windows\\System32\\cmd.exe\r\nImageLoaded: C:\\Windows\\System32\\cmd.exe\r\nFileVersion: 10.0.18362.449 (WinBuild.160101.0800)\r\nDescription: Windows Command Processor\r\nProduct: Microsoft Windows Operating System\r\nCompany: Microsoft Corporation\r\nOriginalFileName: Cmd.Exe\r\nHashes: SHA1=8DCA9749CD48D286950E7A9FA1088C937CBCCAD4,MD5=D7AB69FAD18D4A643D84A271DFC0DBDF,SHA256=FF79D3C4A0B7EB191783C323AB8363EBD1FD10BE58D8BCC96B07067743CA81D5,IMPHASH=272245E2988E1E430500B852C4FB5E18\r\nSigned: true\r\nSignature: Microsoft Windows\r\nSignatureStatus: Valid","Task":"7","RuleName":"-","UtcTime":"2020-12-19 12:00:22.164","ProcessGuid":"{67e11d8c-eb56-5fdd-1f97-000000000700}","ProcessId":"460","Image":"C:\\Windows\\System32\\cmd.exe","ImageLoaded":"C:\\Windows\\System32\\cmd.exe","FileVersion":"10.0.18362.449 (WinBuild.160101.0800)","Description":"Windows Command Processor","Product":"Microsoft Windows Operating System","Company":"Microsoft Corporation","OriginalFileName":"Cmd.Exe","Hashes":"SHA1=8DCA9749CD48D286950E7A9FA1088C937CBCCAD4,MD5=D7AB69FAD18D4A643D84A271DFC0DBDF,SHA256=FF79D3C4A0B7EB191783C323AB8363EBD1FD10BE58D8BCC96B07067743CA81D5,IMPHASH=272245E2988E1E430500B852C4FB5E18","Signed":"true","Signature":"Microsoft Windows","SignatureStatus":"Valid"}
