{"SourceName":"Microsoft-Windows-Sysmon","ProviderGuid":"{5770385f-c22a-43e0-bf4c-06f5698ffbd9}","Level":"4","Keywords":"0x8000000000000000","Channel":"Microsoft-Windows-Sysmon/Operational","Hostname":"WORKSTATION6.theshire.local","TimeCreated":"2020-12-19T07:00:19.471Z","@timestamp":"2020-12-19T07:00:19.471Z","EventID":7,"Message":"Image loaded:\r\nRuleName: -\r\nUtcTime: 2020-12-19 12:00:19.461\r\nProcessGuid: {649442b8-eb53-5fdd-0a8c-000000000600}\r\nProcessId: 10272\r\nImage: C:\\Windows\\System32\\SearchFilterHost.exe\r\nImageLoaded: C:\\Windows\\System32\\clbcatq.dll\r\nFileVersion: 2001.12.10941.16384 (WinBuild.160101.0800)\r\nDescription: COM+ Configuration Catalog\r\nProduct: Microsoft Windows Operating System\r\nCompany: Microsoft Corporation\r\nOriginalFileName: CLBCATQ.DLL\r\nHashes: SHA1=7DE7C7E87CFA639E8C4DF269E38FB69A391D6790,MD5=4B179D7C6AA9424831847BA6BACDB260,SHA256=F0541B07D7B00C8D09BC72DF7E2D974F83482E42CD88B4E8260B832B7A71682E,IMPHASH=70F94828FF194145825265FE7BA88C95\r\nSigned: true\r\nSignature: Microsoft Windows\r\nSignatureStatus: Valid","Task":"7","RuleName":"-","UtcTime":"2020-12-19 12:00:19.461","ProcessGuid":"{649442b8-eb53-5fdd-0a8c-000000000600}","ProcessId":"10272","Image":"C:\\Windows\\System32\\SearchFilterHost.exe","ImageLoaded":"C:\\Windows\\System32\\clbcatq.dll","FileVersion":"2001.12.10941.16384 (WinBuild.160101.0800)","Description":"COM+ Configuration Catalog","Product":"Microsoft Windows Operating System","Company":"Microsoft Corporation","OriginalFileName":"CLBCATQ.DLL","Hashes":"SHA1=7DE7C7E87CFA639E8C4DF269E38FB69A391D6790,MD5=4B179D7C6AA9424831847BA6BACDB260,SHA256=F0541B07D7B00C8D09BC72DF7E2D974F83482E42CD88B4E8260B832B7A71682E,IMPHASH=70F94828FF194145825265FE7BA88C95","Signed":"true","Signature":"Microsoft Windows","SignatureStatus":"Valid"}
{"SourceName":"Microsoft-Windows-Sysmon","ProviderGuid":"{5770385f-c22a-43e0-bf4c-06f5698ffbd9}","Level":"4","Keywords":"0x8000000000000000","Channel":"Microsoft-Windows-Sysmon/Operational","Hostname":"WORKSTATION6.theshire.local","TimeCreated":"2020-12-19T07:00:19.474Z","@timestamp":"2020-12-19T07:00:19.474Z","EventID":7,"Message":"Image loaded:\r\nRuleName: -\r\nUtcTime: 2020-12-19 12:00:19.461\r\nProcessGuid: {649442b8-eb53-5fdd-0a8c-000000000600}\r\nProcessId: 10272\r\nImage: C:\\Windows\\System32\\SearchFilterHost.exe\r\nImageLoaded: C:\\Windows\\System32\\mssprxy.dll\r\nFileVersion: 7.0.18362.1237 (WinBuild.160101.0800)\r\nDescription: Microsoft Search Proxy\r\nProduct: Windows Search\r\nCompany: Microsoft Corporation\r\nOriginalFileName: mssprxy.dll\r\nHashes: SHA1=D15E0CAC4B96B86CB4DDACE407FEB097E9325F9C,MD5=E295B9C3D4F8C7213DEC4FD8C65E9D53,SHA256=B8BBE7B9AB48EFBCE47875E7EC963B9EC2E3FDDFF9F8D810995A44EA14EB9BC4,IMPHASH=637A857ACE632AA3DE4139253833C2F3\r\nSigned: true\r\nSignature: Microsoft Windows\r\nSignatureStatus: Valid","Task":"7","RuleName":"-","UtcTime":"2020-12-19 12:00:19.461","ProcessGuid":"{649442b8-eb53-5fdd-0a8c-000000000600}","ProcessId":"10272","Image":"C:\\Windows\\System32\\SearchFilterHost.exe","ImageLoaded":"C:\\Windows\\System32\\mssprxy.dll","FileVersion":"7.0.18362.1237 (WinBuild.160101.0800)","Description":"Microsoft Search Proxy","Product":"Windows Search","Company":"Microsoft Corporation","OriginalFileName":"mssprxy.dll","Hashes":"SHA1=D15E0CAC4B96B86CB4DDACE407FEB097E9325F9C,MD5=E295B9C3D4F8C7213DEC4FD8C65E9D53,SHA256=B8BBE7B9AB48EFBCE47875E7EC963B9EC2E3FDDFF9F8D810995A44EA14EB9BC4,IMPHASH=637A857ACE632AA3DE4139253833C2F3","Signed":"true","Signature":"Microsoft Windows","SignatureStatus":"Valid"}
{"SourceName":"Microsoft-Windows-Sysmon","ProviderGuid":"{5770385f-c22a-43e0-bf4c-06f5698ffbd9}","Level":"4","Keywords":"0x8000000000000000","Channel":"Microsoft-Windows-Sysmon/Operational","Hostname":"WORKSTATION6.theshire.local","TimeCreated":"2020-12-19T07:00:19.476Z","@timestamp":"2020-12-19T07:00:19.476Z","EventID":7,"Message":"Image loaded:\r\nRuleName: -\r\nUtcTime: 2020-12-19 12:00:19.461\r\nProcessGuid: {649442b8-eb53-5fdd-098c-000000000600}\r\nProcessId: 3740\r\nImage: C:\\Windows\\System32\\SearchProtocolHost.exe\r\nImageLoaded: C:\\Windows\\System32\\mssprxy.dll\r\nFileVersion: 7.0.18362.1237 (WinBuild.160101.0800)\r\nDescription: Microsoft Search Proxy\r\nProduct: Windows Search\r\nCompany: Microsoft Corporation\r\nOriginalFileName: mssprxy.dll\r\nHashes: SHA1=D15E0CAC4B96B86CB4DDACE407FEB097E9325F9C,MD5=E295B9C3D4F8C7213DEC4FD8C65E9D53,SHA256=B8BBE7B9AB48EFBCE47875E7EC963B9EC2E3FDDFF9F8D810995A44EA14EB9BC4,IMPHASH=637A857ACE632AA3DE4139253833C2F3\r\nSigned: true\r\nSignature: Microsoft Windows\r\nSignatureStatus: Valid","Task":"7","RuleName":"-","UtcTime":"2020-12-19 12:00:19.461","ProcessGuid":"{649442b8-eb53-5fdd-098c-000000000600}","ProcessId":"3740","Image":"C:\\Windows\\System32\\SearchProtocolHost.exe","ImageLoaded":"C:\\Windows\\System32\\mssprxy.dll","FileVersion":"7.0.18362.1237 (WinBuild.160101.0800)","Description":"Microsoft Search Proxy","Product":"Windows Search","Company":"Microsoft Corporation","OriginalFileName":"mssprxy.dll","Hashes":"SHA1=D15E0CAC4B96B86CB4DDACE407FEB097E9325F9C,MD5=E295B9C3D4F8C7213DEC4FD8C65E9D53,SHA256=B8BBE7B9AB48EFBCE47875E7EC963B9EC2E3FDDFF9F8D810995A44EA14EB9BC4,IMPHASH=637A857ACE632AA3DE4139253833C2F3","Signed":"true","Signature":"Microsoft Windows","SignatureStatus":"Valid"}
{"SourceName":"Microsoft-Windows-Sysmon","ProviderGuid":"{5770385f-c22a-43e0-bf4c-06f5698ffbd9}","Level":"4","Keywords":"0x8000000000000000","Channel":"Microsoft-Windows-Sysmon/Operational","Hostname":"WORKSTATION6.theshire.local","TimeCreated":"2020-12-19T07:00:19.487Z","@timestamp":"2020-12-19T07:00:19.487Z","EventID":7,"Message":"Image loaded:\r\nRuleName: -\r\nUtcTime: 2020-12-19 12:00:19.477\r\nProcessGuid: {649442b8-eb53-5fdd-098c-000000000600}\r\nProcessId: 3740\r\nImage: C:\\Windows\\System32\\SearchProtocolHost.exe\r\nImageLoaded: C:\\Windows\\System32\\mssph.dll\r\nFileVersion: 7.0.18362.1237 (WinBuild.160101.0800)\r\nDescription: Microsoft Search Protocol Handler\r\nProduct: Windows Search\r\nCompany: Microsoft Corporation\r\nOriginalFileName: mssph.dll\r\nHashes: SHA1=8F2EE7A8D3441D93A31CD820143A621DB688EE47,MD5=956562B4932B3161E86BF09BFD00E080,SHA256=DB8DDAECBDD0EB5BB1F26AB79E793BFB0B5B888957999CCDD1D8B024DCD2ADE7,IMPHASH=863EDFE36F9C87F20579235996D9F8E4\r\nSigned: true\r\nSignature: Microsoft Windows\r\nSignatureStatus: Valid","Task":"7","RuleName":"-","UtcTime":"2020-12-19 12:00:19.477","ProcessGuid":"{649442b8-eb53-5fdd-098c-000000000600}","ProcessId":"3740","Image":"C:\\Windows\\System32\\SearchProtocolHost.exe","ImageLoaded":"C:\\Windows\\System32\\mssph.dll","FileVersion":"7.0.18362.1237 (WinBuild.160101.0800)","Description":"Microsoft Search Protocol Handler","Product":"Windows Search","Company":"Microsoft Corporation","OriginalFileName":"mssph.dll","Hashes":"SHA1=8F2EE7A8D3441D93A31CD820143A621DB688EE47,MD5=956562B4932B3161E86BF09BFD00E080,SHA256=DB8DDAECBDD0EB5BB1F26AB79E793BFB0B5B888957999CCDD1D8B024DCD2ADE7,IMPHASH=863EDFE36F9C87F20579235996D9F8E4","Signed":"true","Signature":"Microsoft Windows","SignatureStatus":"Valid"}
{"SourceName":"Microsoft-Windows-Sysmon","ProviderGuid":"{5770385f-c22a-43e0-bf4c-06f5698ffbd9}","Level":"4","Keywords":"0x8000000000000000","Channel":"Microsoft-Windows-Sysmon/Operational","Hostname":"WORKSTATION6.theshire.local","TimeCreated":"2020-12-19T07:00:19.492Z","@timestamp":"2020-12-19T07:00:19.492Z","EventID":7,"Message":"Image loaded:\r\nRuleName: -\r\nUtcTime: 2020-12-19 12:00:19.477\r\nProcessGuid: {649442b8-eb53-5fdd-0a8c-000000000600}\r\nProcessId: 10272\r\nImage: C:\\Windows\\System32\\SearchFilterHost.exe\r\nImageLoaded: C:\\Windows\\System32\\sxs.dll\r\nFileVersion: 10.0.18362.1139 (WinBuild.160101.0800)\r\nDescription: Fusion 2.5\r\nProduct: Microsoft Windows Operating System\r\nCompany: Microsoft Corporation\r\nOriginalFileName: SXS.DLL\r\nHashes: SHA1=EEA36BA607E4A3CB78B8CE3EA94D2537F625D871,MD5=D047C1D9481B3A9B58C27AE6D6E6AF44,SHA256=2F2AF3505877F54A91BEAA5D13A435F1124228D8A935234090146B8E390EBAA0,IMPHASH=D862FCE5077DFE4E06485A219A56323D\r\nSigned: true\r\nSignature: Microsoft Windows\r\nSignatureStatus: Valid","Task":"7","RuleName":"-","UtcTime":"2020-12-19 12:00:19.477","ProcessGuid":"{649442b8-eb53-5fdd-0a8c-000000000600}","ProcessId":"10272","Image":"C:\\Windows\\System32\\SearchFilterHost.exe","ImageLoaded":"C:\\Windows\\System32\\sxs.dll","FileVersion":"10.0.18362.1139 (WinBuild.160101.0800)","Description":"Fusion 2.5","Product":"Microsoft Windows Operating System","Company":"Microsoft Corporation","OriginalFileName":"SXS.DLL","Hashes":"SHA1=EEA36BA607E4A3CB78B8CE3EA94D2537F625D871,MD5=D047C1D9481B3A9B58C27AE6D6E6AF44,SHA256=2F2AF3505877F54A91BEAA5D13A435F1124228D8A935234090146B8E390EBAA0,IMPHASH=D862FCE5077DFE4E06485A219A56323D","Signed":"true","Signature":"Microsoft Windows","SignatureStatus":"Valid"}
{"SourceName":"Microsoft-Windows-Sysmon","ProviderGuid":"{5770385f-c22a-43e0-bf4c-06f5698ffbd9}","Level":"4","Keywords":"0x8000000000000000","Channel":"Microsoft-Windows-Sysmon/Operational","Hostname":"WORKSTATION6.theshire.local","TimeCreated":"2020-12-19T07:00:19.500Z","@timestamp":"2020-12-19T07:00:19.500Z","EventID":7,"Message":"Image loaded:\r\nRuleName: -\r\nUtcTime: 2020-12-19 12:00:19.477\r\nProcessGuid: {649442b8-eb53-5fdd-098c-000000000600}\r\nProcessId: 3740\r\nImage: C:\\Windows\\System32\\SearchProtocolHost.exe\r\nImageLoaded: C:\\Windows\\System32\\authz.dll\r\nFileVersion: 10.0.18362.1 (WinBuild.160101.0800)\r\nDescription: Authorization Framework\r\nProduct: Microsoft Windows Operating System\r\nCompany: Microsoft Corporation\r\nOriginalFileName: authz.dll\r\nHashes: SHA1=A9D0855857DD0A946BC2B5982353574776EC957A,MD5=984173FF935793794A817ABA374B8B1B,SHA256=AA6F5C2741E76F614932188DDF88320417B40C8DDACF2B044F52D7759FD612FD,IMPHASH=2B609AAA2143BB40347912D3E7AC6AB0\r\nSigned: true\r\nSignature: Microsoft Windows\r\nSignatureStatus: Valid","Task":"7","RuleName":"-","UtcTime":"2020-12-19 12:00:19.477","ProcessGuid":"{649442b8-eb53-5fdd-098c-000000000600}","ProcessId":"3740","Image":"C:\\Windows\\System32\\SearchProtocolHost.exe","ImageLoaded":"C:\\Windows\\System32\\authz.dll","FileVersion":"10.0.18362.1 (WinBuild.160101.0800)","Description":"Authorization Framework","Product":"Microsoft Windows Operating System","Company":"Microsoft Corporation","OriginalFileName":"authz.dll","Hashes":"SHA1=A9D0855857DD0A946BC2B5982353574776EC957A,MD5=984173FF935793794A817ABA374B8B1B,SHA256=AA6F5C2741E76F614932188DDF88320417B40C8DDACF2B044F52D7759FD612FD,IMPHASH=2B609AAA2143BB40347912D3E7AC6AB0","Signed":"true","Signature":"Microsoft Windows","SignatureStatus":"Valid"}
{"SourceName":"Microsoft-Windows-Sysmon","ProviderGuid":"{5770385f-c22a-43e0-bf4c-06f5698ffbd9}","Level":"4","Keywords":"0x8000000000000000","Channel":"Microsoft-Windows-Sysmon/Operational","Hostname":"WORKSTATION6.theshire.local","TimeCreated":"2020-12-19T07:00:19.505Z","@timestamp":"2020-12-19T07:00:19.505Z","EventID":7,"Message":"Image loaded:\r\nRuleName: -\r\nUtcTime: 2020-12-19 12:00:19.477\r\nProcessGuid: {649442b8-eb53-5fdd-098c-000000000600}\r\nProcessId: 3740\r\nImage: C:\\Windows\\System32\\SearchProtocolHost.exe\r\nImageLoaded: C:\\Windows\\System32\\ntmarta.dll\r\nFileVersion: 10.0.18362.1 (WinBuild.160101.0800)\r\nDescription: Windows NT MARTA provider\r\nProduct: Microsoft Windows Operating System\r\nCompany: Microsoft Corporation\r\nOriginalFileName: ntmarta.dll\r\nHashes: SHA1=5C986A06C21B5CDCFD799E3B5CA475CE2AFF6058,MD5=435009D1DDC0365BFA34B8C8D3F85286,SHA256=2F94628F056FE65EA81351E134E59ECE813FEC5E8400C12D6DFA49DEFD126D01,IMPHASH=B0E49176FB29AC2D0ABB840B4C490D21\r\nSigned: true\r\nSignature: Microsoft Windows\r\nSignatureStatus: Valid","Task":"7","RuleName":"-","UtcTime":"2020-12-19 12:00:19.477","ProcessGuid":"{649442b8-eb53-5fdd-098c-000000000600}","ProcessId":"3740","Image":"C:\\Windows\\System32\\SearchProtocolHost.exe","ImageLoaded":"C:\\Windows\\System32\\ntmarta.dll","FileVersion":"10.0.18362.1 (WinBuild.160101.0800)","Description":"Windows NT MARTA provider","Product":"Microsoft Windows Operating System","Company":"Microsoft Corporation","OriginalFileName":"ntmarta.dll","Hashes":"SHA1=5C986A06C21B5CDCFD799E3B5CA475CE2AFF6058,MD5=435009D1DDC0365BFA34B8C8D3F85286,SHA256=2F94628F056FE65EA81351E134E59ECE813FEC5E8400C12D6DFA49DEFD126D01,IMPHASH=B0E49176FB29AC2D0ABB840B4C490D21","Signed":"true","Signature":"Microsoft Windows","SignatureStatus":"Valid"}
{"SourceName":"Microsoft-Windows-Sysmon","ProviderGuid":"{5770385f-c22a-43e0-bf4c-06f5698ffbd9}","Level":"4","Keywords":"0x8000000000000000","Channel":"Microsoft-Windows-Sysmon/Operational","Hostname":"WORKSTATION6.theshire.local","TimeCreated":"2020-12-19T07:00:19.511Z","@timestamp":"2020-12-19T07:00:19.511Z","EventID":7,"Message":"Image loaded:\r\nRuleName: -\r\nUtcTime: 2020-12-19 12:00:19.508\r\nProcessGuid: {649442b8-eb53-5fdd-0a8c-000000000600}\r\nProcessId: 10272\r\nImage: C:\\Windows\\System32\\SearchFilterHost.exe\r\nImageLoaded: C:\\Windows\\System32\\Windows.StateRepositoryPS.dll\r\nFileVersion: 10.0.18362.1171 (WinBuild.160101.0800)\r\nDescription: Windows StateRepository Proxy/Stub Server\r\nProduct: Microsoft Windows Operating System\r\nCompany: Microsoft Corporation\r\nOriginalFileName: Windows.StateRepositoryPS.dll\r\nHashes: SHA1=6F1CACCDCB79ED6CA4A7DC61DCDB53F5808F2949,MD5=A67BF3112E592EBA7B3F0108C9700A22,SHA256=5EC1754537AD47687192429A599E12D855206F54FA38EFB8ACC9BA66701112A2,IMPHASH=A39887077F3ADC1F3BE7B73D8983927E\r\nSigned: true\r\nSignature: Microsoft Windows\r\nSignatureStatus: Valid","Task":"7","RuleName":"-","UtcTime":"2020-12-19 12:00:19.508","ProcessGuid":"{649442b8-eb53-5fdd-0a8c-000000000600}","ProcessId":"10272","Image":"C:\\Windows\\System32\\SearchFilterHost.exe","ImageLoaded":"C:\\Windows\\System32\\Windows.StateRepositoryPS.dll","FileVersion":"10.0.18362.1171 (WinBuild.160101.0800)","Description":"Windows StateRepository Proxy/Stub Server","Product":"Microsoft Windows Operating System","Company":"Microsoft Corporation","OriginalFileName":"Windows.StateRepositoryPS.dll","Hashes":"SHA1=6F1CACCDCB79ED6CA4A7DC61DCDB53F5808F2949,MD5=A67BF3112E592EBA7B3F0108C9700A22,SHA256=5EC1754537AD47687192429A599E12D855206F54FA38EFB8ACC9BA66701112A2,IMPHASH=A39887077F3ADC1F3BE7B73D8983927E","Signed":"true","Signature":"Microsoft Windows","SignatureStatus":"Valid"}
{"SourceName":"Microsoft-Windows-Sysmon","ProviderGuid":"{5770385f-c22a-43e0-bf4c-06f5698ffbd9}","Level":"4","Keywords":"0x8000000000000000","Channel":"Microsoft-Windows-Sysmon/Operational","Hostname":"WORKSTATION6.theshire.local","TimeCreated":"2020-12-19T07:00:19.512Z","@timestamp":"2020-12-19T07:00:19.512Z","EventID":10,"Message":"Process accessed:\r\nRuleName: -\r\nUtcTime: 2020-12-19 12:00:19.508\r\nSourceProcessGUID: {649442b8-5327-5fd1-9700-000000000600}\r\nSourceProcessId: 2100\r\nSourceThreadId: 9456\r\nSourceImage: C:\\windows\\system32\\svchost.exe\r\nTargetProcessGUID: {649442b8-eb53-5fdd-0a8c-000000000600}\r\nTargetProcessId: 10272\r\nTargetImage: C:\\windows\\system32\\SearchFilterHost.exe\r\nGrantedAccess: 0x1000\r\nCallTrace: C:\\windows\\SYSTEM32\\ntdll.dll+9d784|C:\\windows\\System32\\RPCRT4.dll+2d354|C:\\windows\\System32\\combase.dll+be11b|c:\\windows\\system32\\windows.staterepository.dll+223f5|c:\\windows\\system32\\windows.staterepository.dll+2ddd0|C:\\windows\\System32\\RPCRT4.dll+76ba3|C:\\windows\\System32\\RPCRT4.dll+da036|C:\\windows\\System32\\RPCRT4.dll+383b9|C:\\windows\\System32\\combase.dll+a8233|C:\\windows\\System32\\RPCRT4.dll+59bab|C:\\windows\\System32\\combase.dll+34313|C:\\windows\\System32\\combase.dll+34103|C:\\windows\\System32\\combase.dll+aae76|C:\\windows\\System32\\combase.dll+382da|C:\\windows\\System32\\combase.dll+a6d0d|C:\\windows\\System32\\combase.dll+5579c|C:\\windows\\System32\\combase.dll+56001|C:\\windows\\System32\\combase.dll+577a8|C:\\windows\\System32\\RPCRT4.dll+549f8|C:\\windows\\System32\\RPCRT4.dll+2c9b1|C:\\windows\\System32\\RPCRT4.dll+2c500|C:\\windows\\System32\\RPCRT4.dll+1a71f|C:\\windows\\System32\\RPCRT4.dll+19d7a|C:\\windows\\System32\\RPCRT4.dll+19361","Task":"10","RuleName":"-","UtcTime":"2020-12-19 12:00:19.508","SourceProcessGUID":"{649442b8-5327-5fd1-9700-000000000600}","SourceProcessId":"2100","SourceThreadId":"9456","SourceImage":"C:\\windows\\system32\\svchost.exe","TargetProcessGUID":"{649442b8-eb53-5fdd-0a8c-000000000600}","TargetProcessId":"10272","TargetImage":"C:\\windows\\system32\\SearchFilterHost.exe","GrantedAccess":"0x1000","CallTrace":"C:\\windows\\SYSTEM32\\ntdll.dll+9d784|C:\\windows\\System32\\RPCRT4.dll+2d354|C:\\windows\\System32\\combase.dll+be11b|c:\\windows\\system32\\windows.staterepository.dll+223f5|c:\\windows\\system32\\windows.staterepository.dll+2ddd0|C:\\windows\\System32\\RPCRT4.dll+76ba3|C:\\windows\\System32\\RPCRT4.dll+da036|C:\\windows\\System32\\RPCRT4.dll+383b9|C:\\windows\\System32\\combase.dll+a8233|C:\\windows\\System32\\RPCRT4.dll+59bab|C:\\windows\\System32\\combase.dll+34313|C:\\windows\\System32\\combase.dll+34103|C:\\windows\\System32\\combase.dll+aae76|C:\\windows\\System32\\combase.dll+382da|C:\\windows\\System32\\combase.dll+a6d0d|C:\\windows\\System32\\combase.dll+5579c|C:\\windows\\System32\\combase.dll+56001|C:\\windows\\System32\\combase.dll+577a8|C:\\windows\\System32\\RPCRT4.dll+549f8|C:\\windows\\System32\\RPCRT4.dll+2c9b1|C:\\windows\\System32\\RPCRT4.dll+2c500|C:\\windows\\System32\\RPCRT4.dll+1a71f|C:\\windows\\System32\\RPCRT4.dll+19d7a|C:\\windows\\System32\\RPCRT4.dll+19361"}
{"SourceName":"Microsoft-Windows-Sysmon","ProviderGuid":"{5770385f-c22a-43e0-bf4c-06f5698ffbd9}","Level":"4","Keywords":"0x8000000000000000","Channel":"Microsoft-Windows-Sysmon/Operational","Hostname":"WORKSTATION6.theshire.local","TimeCreated":"2020-12-19T07:00:19.513Z","@timestamp":"2020-12-19T07:00:19.513Z","EventID":12,"Message":"Registry object added or deleted:\r\nRuleName: -\r\nEventType: CreateKey\r\nUtcTime: 2020-12-19 12:00:19.508\r\nProcessGuid: {649442b8-eb53-5fdd-0a8c-000000000600}\r\nProcessId: 10272\r\nImage: C:\\windows\\system32\\SearchFilterHost.exe\r\nTargetObject: HKCR","Task":"12","RuleName":"-","EventType":"CreateKey","UtcTime":"2020-12-19 12:00:19.508","ProcessGuid":"{649442b8-eb53-5fdd-0a8c-000000000600}","ProcessId":"10272","Image":"C:\\windows\\system32\\SearchFilterHost.exe","TargetObject":"HKCR"}
{"SourceName":"Microsoft-Windows-Sysmon","ProviderGuid":"{5770385f-c22a-43e0-bf4c-06f5698ffbd9}","Level":"4","Keywords":"0x8000000000000000","Channel":"Microsoft-Windows-Sysmon/Operational","Hostname":"WORKSTATION6.theshire.local","TimeCreated":"2020-12-19T07:00:19.514Z","@timestamp":"2020-12-19T07:00:19.514Z","EventID":7,"Message":"Image loaded:\r\nRuleName: -\r\nUtcTime: 2020-12-19 12:00:19.508\r\nProcessGuid: {649442b8-eb53-5fdd-0a8c-000000000600}\r\nProcessId: 10272\r\nImage: C:\\Windows\\System32\\SearchFilterHost.exe\r\nImageLoaded: C:\\Windows\\System32\\Query.dll\r\nFileVersion: 10.0.18362.1 (WinBuild.160101.0800)\r\nDescription: Content Index Utility DLL\r\nProduct: Microsoft Windows Operating System\r\nCompany: Microsoft Corporation\r\nOriginalFileName: query.dll\r\nHashes: SHA1=197FDC177B059547B033A1D16AF66E329D7FD1D3,MD5=7B58F57B8E15B1956E43F18006DA2274,SHA256=4C861151468D69F2AA3A909949488F89E00BCE0F475AD80DFB239CDAE7B42D82,IMPHASH=6B31F601552AC78AA2D2D81127C5630C\r\nSigned: true\r\nSignature: Microsoft Windows\r\nSignatureStatus: Valid","Task":"7","RuleName":"-","UtcTime":"2020-12-19 12:00:19.508","ProcessGuid":"{649442b8-eb53-5fdd-0a8c-000000000600}","ProcessId":"10272","Image":"C:\\Windows\\System32\\SearchFilterHost.exe","ImageLoaded":"C:\\Windows\\System32\\Query.dll","FileVersion":"10.0.18362.1 (WinBuild.160101.0800)","Description":"Content Index Utility DLL","Product":"Microsoft Windows Operating System","Company":"Microsoft Corporation","OriginalFileName":"query.dll","Hashes":"SHA1=197FDC177B059547B033A1D16AF66E329D7FD1D3,MD5=7B58F57B8E15B1956E43F18006DA2274,SHA256=4C861151468D69F2AA3A909949488F89E00BCE0F475AD80DFB239CDAE7B42D82,IMPHASH=6B31F601552AC78AA2D2D81127C5630C","Signed":"true","Signature":"Microsoft Windows","SignatureStatus":"Valid"}
{"SourceName":"Microsoft-Windows-Sysmon","ProviderGuid":"{5770385f-c22a-43e0-bf4c-06f5698ffbd9}","Level":"4","Keywords":"0x8000000000000000","Channel":"Microsoft-Windows-Sysmon/Operational","Hostname":"WORKSTATION6.theshire.local","TimeCreated":"2020-12-19T07:00:19.516Z","@timestamp":"2020-12-19T07:00:19.516Z","EventID":7,"Message":"Image loaded:\r\nRuleName: -\r\nUtcTime: 2020-12-19 12:00:19.508\r\nProcessGuid: {649442b8-eb53-5fdd-0a8c-000000000600}\r\nProcessId: 10272\r\nImage: C:\\Windows\\System32\\SearchFilterHost.exe\r\nImageLoaded: C:\\Windows\\System32\\propsys.dll\r\nFileVersion: 7.0.18362.815 (WinBuild.160101.0800)\r\nDescription: Microsoft Property System\r\nProduct: Windows Search\r\nCompany: Microsoft Corporation\r\nOriginalFileName: propsys.dll\r\nHashes: SHA1=9CC7754BDE825122FB0D3DF16579BD7CC2884B8B,MD5=B6D1AA0F21AC82024879E4EE96B50B56,SHA256=AF6B7199AAB64EBDADDA63B8662878A076A343955B1CF5E9F48C98114EF52BBE,IMPHASH=0D1929519D5C1A55D02774067E6F2181\r\nSigned: true\r\nSignature: Microsoft Windows\r\nSignatureStatus: Valid","Task":"7","RuleName":"-","UtcTime":"2020-12-19 12:00:19.508","ProcessGuid":"{649442b8-eb53-5fdd-0a8c-000000000600}","ProcessId":"10272","Image":"C:\\Windows\\System32\\SearchFilterHost.exe","ImageLoaded":"C:\\Windows\\System32\\propsys.dll","FileVersion":"7.0.18362.815 (WinBuild.160101.0800)","Description":"Microsoft Property System","Product":"Windows Search","Company":"Microsoft Corporation","OriginalFileName":"propsys.dll","Hashes":"SHA1=9CC7754BDE825122FB0D3DF16579BD7CC2884B8B,MD5=B6D1AA0F21AC82024879E4EE96B50B56,SHA256=AF6B7199AAB64EBDADDA63B8662878A076A343955B1CF5E9F48C98114EF52BBE,IMPHASH=0D1929519D5C1A55D02774067E6F2181","Signed":"true","Signature":"Microsoft Windows","SignatureStatus":"Valid"}
{"SourceName":"Microsoft-Windows-Sysmon","ProviderGuid":"{5770385f-c22a-43e0-bf4c-06f5698ffbd9}","Level":"4","Keywords":"0x8000000000000000","Channel":"Microsoft-Windows-Sysmon/Operational","Hostname":"WORKSTATION6.theshire.local","TimeCreated":"2020-12-19T07:00:19.516Z","@timestamp":"2020-12-19T07:00:19.516Z","EventID":7,"Message":"Image loaded:\r\nRuleName: -\r\nUtcTime: 2020-12-19 12:00:19.508\r\nProcessGuid: {649442b8-eb53-5fdd-0a8c-000000000600}\r\nProcessId: 10272\r\nImage: C:\\Windows\\System32\\SearchFilterHost.exe\r\nImageLoaded: C:\\Windows\\System32\\SHCore.dll\r\nFileVersion: 10.0.18362.1237 (WinBuild.160101.0800)\r\nDescription: SHCORE\r\nProduct: Microsoft Windows Operating System\r\nCompany: Microsoft Corporation\r\nOriginalFileName: SHCORE.dll\r\nHashes: SHA1=370FDCB6FFA4BA083D604D5DA8964E03EF2426BF,MD5=599BEFE22ED44B01CB501EF581967937,SHA256=2F729ADA32304BDED0E3E607C062C32EA555BC68B8E6CBC52840C16AB9351B44,IMPHASH=0E48D88DA5B1AEFE29036ECDE5B34E8D\r\nSigned: true\r\nSignature: Microsoft Windows\r\nSignatureStatus: Valid","Task":"7","RuleName":"-","UtcTime":"2020-12-19 12:00:19.508","ProcessGuid":"{649442b8-eb53-5fdd-0a8c-000000000600}","ProcessId":"10272","Image":"C:\\Windows\\System32\\SearchFilterHost.exe","ImageLoaded":"C:\\Windows\\System32\\SHCore.dll","FileVersion":"10.0.18362.1237 (WinBuild.160101.0800)","Description":"SHCORE","Product":"Microsoft Windows Operating System","Company":"Microsoft Corporation","OriginalFileName":"SHCORE.dll","Hashes":"SHA1=370FDCB6FFA4BA083D604D5DA8964E03EF2426BF,MD5=599BEFE22ED44B01CB501EF581967937,SHA256=2F729ADA32304BDED0E3E607C062C32EA555BC68B8E6CBC52840C16AB9351B44,IMPHASH=0E48D88DA5B1AEFE29036ECDE5B34E8D","Signed":"true","Signature":"Microsoft Windows","SignatureStatus":"Valid"}
{"SourceName":"Microsoft-Windows-Sysmon","ProviderGuid":"{5770385f-c22a-43e0-bf4c-06f5698ffbd9}","Level":"4","Keywords":"0x8000000000000000","Channel":"Microsoft-Windows-Sysmon/Operational","Hostname":"WORKSTATION6.theshire.local","TimeCreated":"2020-12-19T07:00:19.518Z","@timestamp":"2020-12-19T07:00:19.518Z","EventID":7,"Message":"Image loaded:\r\nRuleName: -\r\nUtcTime: 2020-12-19 12:00:19.508\r\nProcessGuid: {649442b8-eb53-5fdd-098c-000000000600}\r\nProcessId: 3740\r\nImage: C:\\Windows\\System32\\SearchProtocolHost.exe\r\nImageLoaded: C:\\Windows\\System32\\propsys.dll\r\nFileVersion: 7.0.18362.815 (WinBuild.160101.0800)\r\nDescription: Microsoft Property System\r\nProduct: Windows Search\r\nCompany: Microsoft Corporation\r\nOriginalFileName: propsys.dll\r\nHashes: SHA1=9CC7754BDE825122FB0D3DF16579BD7CC2884B8B,MD5=B6D1AA0F21AC82024879E4EE96B50B56,SHA256=AF6B7199AAB64EBDADDA63B8662878A076A343955B1CF5E9F48C98114EF52BBE,IMPHASH=0D1929519D5C1A55D02774067E6F2181\r\nSigned: true\r\nSignature: Microsoft Windows\r\nSignatureStatus: Valid","Task":"7","RuleName":"-","UtcTime":"2020-12-19 12:00:19.508","ProcessGuid":"{649442b8-eb53-5fdd-098c-000000000600}","ProcessId":"3740","Image":"C:\\Windows\\System32\\SearchProtocolHost.exe","ImageLoaded":"C:\\Windows\\System32\\propsys.dll","FileVersion":"7.0.18362.815 (WinBuild.160101.0800)","Description":"Microsoft Property System","Product":"Windows Search","Company":"Microsoft Corporation","OriginalFileName":"propsys.dll","Hashes":"SHA1=9CC7754BDE825122FB0D3DF16579BD7CC2884B8B,MD5=B6D1AA0F21AC82024879E4EE96B50B56,SHA256=AF6B7199AAB64EBDADDA63B8662878A076A343955B1CF5E9F48C98114EF52BBE,IMPHASH=0D1929519D5C1A55D02774067E6F2181","Signed":"true","Signature":"Microsoft Windows","SignatureStatus":"Valid"}
{"SourceName":"Microsoft-Windows-Sysmon","ProviderGuid":"{5770385f-c22a-43e0-bf4c-06f5698ffbd9}","Level":"4","Keywords":"0x8000000000000000","Channel":"Microsoft-Windows-Sysmon/Operational","Hostname":"WORKSTATION6.theshire.local","TimeCreated":"2020-12-19T07:00:19.524Z","@timestamp":"2020-12-19T07:00:19.524Z","EventID":7,"Message":"Image loaded:\r\nRuleName: -\r\nUtcTime: 2020-12-19 12:00:19.524\r\nProcessGuid: {649442b8-eb53-5fdd-098c-000000000600}\r\nProcessId: 3740\r\nImage: C:\\Windows\\System32\\SearchProtocolHost.exe\r\nImageLoaded: C:\\Windows\\System32\\Windows.StateRepositoryPS.dll\r\nFileVersion: 10.0.18362.1171 (WinBuild.160101.0800)\r\nDescription: Windows StateRepository Proxy/Stub Server\r\nProduct: Microsoft Windows Operating System\r\nCompany: Microsoft Corporation\r\nOriginalFileName: Windows.StateRepositoryPS.dll\r\nHashes: SHA1=6F1CACCDCB79ED6CA4A7DC61DCDB53F5808F2949,MD5=A67BF3112E592EBA7B3F0108C9700A22,SHA256=5EC1754537AD47687192429A599E12D855206F54FA38EFB8ACC9BA66701112A2,IMPHASH=A39887077F3ADC1F3BE7B73D8983927E\r\nSigned: true\r\nSignature: Microsoft Windows\r\nSignatureStatus: Valid","Task":"7","RuleName":"-","UtcTime":"2020-12-19 12:00:19.524","ProcessGuid":"{649442b8-eb53-5fdd-098c-000000000600}","ProcessId":"3740","Image":"C:\\Windows\\System32\\SearchProtocolHost.exe","ImageLoaded":"C:\\Windows\\System32\\Windows.StateRepositoryPS.dll","FileVersion":"10.0.18362.1171 (WinBuild.160101.0800)","Description":"Windows StateRepository Proxy/Stub Server","Product":"Microsoft Windows Operating System","Company":"Microsoft Corporation","OriginalFileName":"Windows.StateRepositoryPS.dll","Hashes":"SHA1=6F1CACCDCB79ED6CA4A7DC61DCDB53F5808F2949,MD5=A67BF3112E592EBA7B3F0108C9700A22,SHA256=5EC1754537AD47687192429A599E12D855206F54FA38EFB8ACC9BA66701112A2,IMPHASH=A39887077F3ADC1F3BE7B73D8983927E","Signed":"true","Signature":"Microsoft Windows","SignatureStatus":"Valid"}
{"SourceName":"Microsoft-Windows-Sysmon","ProviderGuid":"{5770385f-c22a-43e0-bf4c-06f5698ffbd9}","Level":"4","Keywords":"0x8000000000000000","Channel":"Microsoft-Windows-Sysmon/Operational","Hostname":"WORKSTATION6.theshire.local","TimeCreated":"2020-12-19T07:00:19.524Z","@timestamp":"2020-12-19T07:00:19.524Z","EventID":10,"Message":"Process accessed:\r\nRuleName: -\r\nUtcTime: 2020-12-19 12:00:19.524\r\nSourceProcessGUID: {649442b8-5327-5fd1-9700-000000000600}\r\nSourceProcessId: 2100\r\nSourceThreadId: 9456\r\nSourceImage: C:\\windows\\system32\\svchost.exe\r\nTargetProcessGUID: {649442b8-eb53-5fdd-098c-000000000600}\r\nTargetProcessId: 3740\r\nTargetImage: C:\\windows\\system32\\SearchProtocolHost.exe\r\nGrantedAccess: 0x1000\r\nCallTrace: C:\\windows\\SYSTEM32\\ntdll.dll+9d784|C:\\windows\\System32\\RPCRT4.dll+2d354|C:\\windows\\System32\\combase.dll+be11b|c:\\windows\\system32\\windows.staterepository.dll+223f5|c:\\windows\\system32\\windows.staterepository.dll+2c940|C:\\windows\\System32\\RPCRT4.dll+76ba3|C:\\windows\\System32\\RPCRT4.dll+da036|C:\\windows\\System32\\RPCRT4.dll+383b9|C:\\windows\\System32\\combase.dll+a8233|C:\\windows\\System32\\RPCRT4.dll+59bab|C:\\windows\\System32\\combase.dll+34313|C:\\windows\\System32\\combase.dll+34103|C:\\windows\\System32\\combase.dll+aae76|C:\\windows\\System32\\combase.dll+382da|C:\\windows\\System32\\combase.dll+a6d0d|C:\\windows\\System32\\combase.dll+5579c|C:\\windows\\System32\\combase.dll+56001|C:\\windows\\System32\\combase.dll+577a8|C:\\windows\\System32\\RPCRT4.dll+549f8|C:\\windows\\System32\\RPCRT4.dll+2c9b1|C:\\windows\\System32\\RPCRT4.dll+2c500|C:\\windows\\System32\\RPCRT4.dll+1a71f|C:\\windows\\System32\\RPCRT4.dll+19d7a|C:\\windows\\System32\\RPCRT4.dll+19361","Task":"10","RuleName":"-","UtcTime":"2020-12-19 12:00:19.524","SourceProcessGUID":"{649442b8-5327-5fd1-9700-000000000600}","SourceProcessId":"2100","SourceThreadId":"9456","SourceImage":"C:\\windows\\system32\\svchost.exe","TargetProcessGUID":"{649442b8-eb53-5fdd-098c-000000000600}","TargetProcessId":"3740","TargetImage":"C:\\windows\\system32\\SearchProtocolHost.exe","GrantedAccess":"0x1000","CallTrace":"C:\\windows\\SYSTEM32\\ntdll.dll+9d784|C:\\windows\\System32\\RPCRT4.dll+2d354|C:\\windows\\System32\\combase.dll+be11b|c:\\windows\\system32\\windows.staterepository.dll+223f5|c:\\windows\\system32\\windows.staterepository.dll+2c940|C:\\windows\\System32\\RPCRT4.dll+76ba3|C:\\windows\\System32\\RPCRT4.dll+da036|C:\\windows\\System32\\RPCRT4.dll+383b9|C:\\windows\\System32\\combase.dll+a8233|C:\\windows\\System32\\RPCRT4.dll+59bab|C:\\windows\\System32\\combase.dll+34313|C:\\windows\\System32\\combase.dll+34103|C:\\windows\\System32\\combase.dll+aae76|C:\\windows\\System32\\combase.dll+382da|C:\\windows\\System32\\combase.dll+a6d0d|C:\\windows\\System32\\combase.dll+5579c|C:\\windows\\System32\\combase.dll+56001|C:\\windows\\System32\\combase.dll+577a8|C:\\windows\\System32\\RPCRT4.dll+549f8|C:\\windows\\System32\\RPCRT4.dll+2c9b1|C:\\windows\\System32\\RPCRT4.dll+2c500|C:\\windows\\System32\\RPCRT4.dll+1a71f|C:\\windows\\System32\\RPCRT4.dll+19d7a|C:\\windows\\System32\\RPCRT4.dll+19361"}
{"SourceName":"Microsoft-Windows-Sysmon","ProviderGuid":"{5770385f-c22a-43e0-bf4c-06f5698ffbd9}","Level":"4","Keywords":"0x8000000000000000","Channel":"Microsoft-Windows-Sysmon/Operational","Hostname":"WORKSTATION6.theshire.local","TimeCreated":"2020-12-19T07:00:19.526Z","@timestamp":"2020-12-19T07:00:19.526Z","EventID":7,"Message":"Image loaded:\r\nRuleName: -\r\nUtcTime: 2020-12-19 12:00:19.524\r\nProcessGuid: {649442b8-eb53-5fdd-098c-000000000600}\r\nProcessId: 3740\r\nImage: C:\\Windows\\System32\\SearchProtocolHost.exe\r\nImageLoaded: C:\\Windows\\System32\\shell32.dll\r\nFileVersion: 10.0.18362.1237 (WinBuild.160101.0800)\r\nDescription: Windows Shell Common Dll\r\nProduct: Microsoft Windows Operating System\r\nCompany: Microsoft Corporation\r\nOriginalFileName: SHELL32.DLL\r\nHashes: SHA1=C42CB08E02FE0EAC106FFFC4614098AE999BD706,MD5=67C804E8A32001B2EE94BDACDFAFA555,SHA256=32F4A02472EB44E470F3FBDD704778265E2B6E1CAB45D2E27757EBD18FD8201D,IMPHASH=7D2F2D79C865EE5B1D1861EB448E6A99\r\nSigned: true\r\nSignature: Microsoft Windows\r\nSignatureStatus: Valid","Task":"7","RuleName":"-","UtcTime":"2020-12-19 12:00:19.524","ProcessGuid":"{649442b8-eb53-5fdd-098c-000000000600}","ProcessId":"3740","Image":"C:\\Windows\\System32\\SearchProtocolHost.exe","ImageLoaded":"C:\\Windows\\System32\\shell32.dll","FileVersion":"10.0.18362.1237 (WinBuild.160101.0800)","Description":"Windows Shell Common Dll","Product":"Microsoft Windows Operating System","Company":"Microsoft Corporation","OriginalFileName":"SHELL32.DLL","Hashes":"SHA1=C42CB08E02FE0EAC106FFFC4614098AE999BD706,MD5=67C804E8A32001B2EE94BDACDFAFA555,SHA256=32F4A02472EB44E470F3FBDD704778265E2B6E1CAB45D2E27757EBD18FD8201D,IMPHASH=7D2F2D79C865EE5B1D1861EB448E6A99","Signed":"true","Signature":"Microsoft Windows","SignatureStatus":"Valid"}
{"SourceName":"Microsoft-Windows-Sysmon","ProviderGuid":"{5770385f-c22a-43e0-bf4c-06f5698ffbd9}","Level":"4","Keywords":"0x8000000000000000","Channel":"Microsoft-Windows-Sysmon/Operational","Hostname":"WORKSTATION6.theshire.local","TimeCreated":"2020-12-19T07:00:19.526Z","@timestamp":"2020-12-19T07:00:19.526Z","EventID":7,"Message":"Image loaded:\r\nRuleName: -\r\nUtcTime: 2020-12-19 12:00:19.524\r\nProcessGuid: {649442b8-eb53-5fdd-098c-000000000600}\r\nProcessId: 3740\r\nImage: C:\\Windows\\System32\\SearchProtocolHost.exe\r\nImageLoaded: C:\\Windows\\System32\\cfgmgr32.dll\r\nFileVersion: 10.0.18362.387 (WinBuild.160101.0800)\r\nDescription: Configuration Manager DLL\r\nProduct: Microsoft Windows Operating System\r\nCompany: Microsoft Corporation\r\nOriginalFileName: CFGMGR32.DLL\r\nHashes: SHA1=FA3A718BEED81C7084675E250ADC305677A6B5E4,MD5=3A99A40872AF3B87406CC57DBDF53748,SHA256=96A1DB38C74A81FBA4C4AB29020551364FD1ADA3B6FED789D193C787E757979D,IMPHASH=4B4464C7677B6F07342800F4CF0BA273\r\nSigned: true\r\nSignature: Microsoft Windows\r\nSignatureStatus: Valid","Task":"7","RuleName":"-","UtcTime":"2020-12-19 12:00:19.524","ProcessGuid":"{649442b8-eb53-5fdd-098c-000000000600}","ProcessId":"3740","Image":"C:\\Windows\\System32\\SearchProtocolHost.exe","ImageLoaded":"C:\\Windows\\System32\\cfgmgr32.dll","FileVersion":"10.0.18362.387 (WinBuild.160101.0800)","Description":"Configuration Manager DLL","Product":"Microsoft Windows Operating System","Company":"Microsoft Corporation","OriginalFileName":"CFGMGR32.DLL","Hashes":"SHA1=FA3A718BEED81C7084675E250ADC305677A6B5E4,MD5=3A99A40872AF3B87406CC57DBDF53748,SHA256=96A1DB38C74A81FBA4C4AB29020551364FD1ADA3B6FED789D193C787E757979D,IMPHASH=4B4464C7677B6F07342800F4CF0BA273","Signed":"true","Signature":"Microsoft Windows","SignatureStatus":"Valid"}
{"SourceName":"Microsoft-Windows-Sysmon","ProviderGuid":"{5770385f-c22a-43e0-bf4c-06f5698ffbd9}","Level":"4","Keywords":"0x8000000000000000","Channel":"Microsoft-Windows-Sysmon/Operational","Hostname":"WORKSTATION6.theshire.local","TimeCreated":"2020-12-19T07:00:19.527Z","@timestamp":"2020-12-19T07:00:19.527Z","EventID":7,"Message":"Image loaded:\r\nRuleName: -\r\nUtcTime: 2020-12-19 12:00:19.524\r\nProcessGuid: {649442b8-eb53-5fdd-098c-000000000600}\r\nProcessId: 3740\r\nImage: C:\\Windows\\System32\\SearchProtocolHost.exe\r\nImageLoaded: C:\\Windows\\System32\\cryptsp.dll\r\nFileVersion: 10.0.18362.1 (WinBuild.160101.0800)\r\nDescription: Cryptographic Service Provider API\r\nProduct: Microsoft Windows Operating System\r\nCompany: Microsoft Corporation\r\nOriginalFileName: cryptsp.dll\r\nHashes: SHA1=90F229FB5DB52DF3604195B10C48E946684929ED,MD5=ACE18C6797090A1AA259BB8713917F98,SHA256=F5E118F67745792909973717FAE1F9FE68B2619332A4451AD04E0C9072B8D605,IMPHASH=A9B9D04D0B53DC48ABB37BE77AD01B55\r\nSigned: true\r\nSignature: Microsoft Windows\r\nSignatureStatus: Valid","Task":"7","RuleName":"-","UtcTime":"2020-12-19 12:00:19.524","ProcessGuid":"{649442b8-eb53-5fdd-098c-000000000600}","ProcessId":"3740","Image":"C:\\Windows\\System32\\SearchProtocolHost.exe","ImageLoaded":"C:\\Windows\\System32\\cryptsp.dll","FileVersion":"10.0.18362.1 (WinBuild.160101.0800)","Description":"Cryptographic Service Provider API","Product":"Microsoft Windows Operating System","Company":"Microsoft Corporation","OriginalFileName":"cryptsp.dll","Hashes":"SHA1=90F229FB5DB52DF3604195B10C48E946684929ED,MD5=ACE18C6797090A1AA259BB8713917F98,SHA256=F5E118F67745792909973717FAE1F9FE68B2619332A4451AD04E0C9072B8D605,IMPHASH=A9B9D04D0B53DC48ABB37BE77AD01B55","Signed":"true","Signature":"Microsoft Windows","SignatureStatus":"Valid"}
{"SourceName":"Microsoft-Windows-Sysmon","ProviderGuid":"{5770385f-c22a-43e0-bf4c-06f5698ffbd9}","Level":"4","Keywords":"0x8000000000000000","Channel":"Microsoft-Windows-Sysmon/Operational","Hostname":"WORKSTATION6.theshire.local","TimeCreated":"2020-12-19T07:00:19.527Z","@timestamp":"2020-12-19T07:00:19.527Z","EventID":12,"Message":"Registry object added or deleted:\r\nRuleName: -\r\nEventType: CreateKey\r\nUtcTime: 2020-12-19 12:00:19.524\r\nProcessGuid: {649442b8-eb53-5fdd-098c-000000000600}\r\nProcessId: 3740\r\nImage: C:\\windows\\system32\\SearchProtocolHost.exe\r\nTargetObject: HKLM\\SOFTWARE\\Microsoft\\Windows\\CurrentVersion\\Explorer\\SyncRootManager","Task":"12","RuleName":"-","EventType":"CreateKey","UtcTime":"2020-12-19 12:00:19.524","ProcessGuid":"{649442b8-eb53-5fdd-098c-000000000600}","ProcessId":"3740","Image":"C:\\windows\\system32\\SearchProtocolHost.exe","TargetObject":"HKLM\\SOFTWARE\\Microsoft\\Windows\\CurrentVersion\\Explorer\\SyncRootManager"}
{"SourceName":"Microsoft-Windows-Sysmon","ProviderGuid":"{5770385f-c22a-43e0-bf4c-06f5698ffbd9}","Level":"4","Keywords":"0x8000000000000000","Channel":"Microsoft-Windows-Sysmon/Operational","Hostname":"WORKSTATION6.theshire.local","TimeCreated":"2020-12-19T07:00:19.536Z","@timestamp":"2020-12-19T07:00:19.536Z","EventID":7,"Message":"Image loaded:\r\nRuleName: -\r\nUtcTime: 2020-12-19 12:00:19.524\r\nProcessGuid: {649442b8-eb53-5fdd-098c-000000000600}\r\nProcessId: 3740\r\nImage: C:\\Windows\\System32\\SearchProtocolHost.exe\r\nImageLoaded: C:\\Windows\\System32\\edputil.dll\r\nFileVersion: 10.0.18362.1 (WinBuild.160101.0800)\r\nDescription: EDP util\r\nProduct: Microsoft Windows Operating System\r\nCompany: Microsoft Corporation\r\nOriginalFileName: EDPUTIL.DLL\r\nHashes: SHA1=13D34F2596A43A2467CFC901CEEBE8457B7F195F,MD5=85B87A7B4F529EC541818C241B8C0F43,SHA256=2505CBAB7459C0ECD8EDDCD3E2C09827B08D718BAF197AB24BB4E69B3948A27F,IMPHASH=3173150472840D83979F027AE2D1081C\r\nSigned: true\r\nSignature: Microsoft Windows\r\nSignatureStatus: Valid","Task":"7","RuleName":"-","UtcTime":"2020-12-19 12:00:19.524","ProcessGuid":"{649442b8-eb53-5fdd-098c-000000000600}","ProcessId":"3740","Image":"C:\\Windows\\System32\\SearchProtocolHost.exe","ImageLoaded":"C:\\Windows\\System32\\edputil.dll","FileVersion":"10.0.18362.1 (WinBuild.160101.0800)","Description":"EDP util","Product":"Microsoft Windows Operating System","Company":"Microsoft Corporation","OriginalFileName":"EDPUTIL.DLL","Hashes":"SHA1=13D34F2596A43A2467CFC901CEEBE8457B7F195F,MD5=85B87A7B4F529EC541818C241B8C0F43,SHA256=2505CBAB7459C0ECD8EDDCD3E2C09827B08D718BAF197AB24BB4E69B3948A27F,IMPHASH=3173150472840D83979F027AE2D1081C","Signed":"true","Signature":"Microsoft Windows","SignatureStatus":"Valid"}
{"SourceName":"Microsoft-Windows-Sysmon","ProviderGuid":"{5770385f-c22a-43e0-bf4c-06f5698ffbd9}","Level":"4","Keywords":"0x8000000000000000","Channel":"Microsoft-Windows-Sysmon/Operational","Hostname":"WORKSTATION6.theshire.local","TimeCreated":"2020-12-19T07:00:19.537Z","@timestamp":"2020-12-19T07:00:19.537Z","EventID":7,"Message":"Image loaded:\r\nRuleName: -\r\nUtcTime: 2020-12-19 12:00:19.524\r\nProcessGuid: {649442b8-eb53-5fdd-098c-000000000600}\r\nProcessId: 3740\r\nImage: C:\\Windows\\System32\\SearchProtocolHost.exe\r\nImageLoaded: C:\\Windows\\System32\\cldapi.dll\r\nFileVersion: 10.0.18362.1237 (WinBuild.160101.0800)\r\nDescription: Cloud API user mode API\r\nProduct: Microsoft Windows Operating System\r\nCompany: Microsoft Corporation\r\nOriginalFileName: cldapi.dll\r\nHashes: SHA1=8477A566902AA0B5058125DEC66233D9F78BE869,MD5=9225654A12F65017549C898BDB09D1DE,SHA256=A2128C95C146282F502488C7D2DBFDE8DAFEE6F979AFD4F2D8767D651C50355B,IMPHASH=0FF388423A7E604F50714D7928F133B9\r\nSigned: true\r\nSignature: Microsoft Windows\r\nSignatureStatus: Valid","Task":"7","RuleName":"-","UtcTime":"2020-12-19 12:00:19.524","ProcessGuid":"{649442b8-eb53-5fdd-098c-000000000600}","ProcessId":"3740","Image":"C:\\Windows\\System32\\SearchProtocolHost.exe","ImageLoaded":"C:\\Windows\\System32\\cldapi.dll","FileVersion":"10.0.18362.1237 (WinBuild.160101.0800)","Description":"Cloud API user mode API","Product":"Microsoft Windows Operating System","Company":"Microsoft Corporation","OriginalFileName":"cldapi.dll","Hashes":"SHA1=8477A566902AA0B5058125DEC66233D9F78BE869,MD5=9225654A12F65017549C898BDB09D1DE,SHA256=A2128C95C146282F502488C7D2DBFDE8DAFEE6F979AFD4F2D8767D651C50355B,IMPHASH=0FF388423A7E604F50714D7928F133B9","Signed":"true","Signature":"Microsoft Windows","SignatureStatus":"Valid"}
{"SourceName":"Microsoft-Windows-Sysmon","ProviderGuid":"{5770385f-c22a-43e0-bf4c-06f5698ffbd9}","Level":"4","Keywords":"0x8000000000000000","Channel":"Microsoft-Windows-Sysmon/Operational","Hostname":"WORKSTATION6.theshire.local","TimeCreated":"2020-12-19T07:00:19.537Z","@timestamp":"2020-12-19T07:00:19.537Z","EventID":7,"Message":"Image loaded:\r\nRuleName: -\r\nUtcTime: 2020-12-19 12:00:19.524\r\nProcessGuid: {649442b8-eb53-5fdd-098c-000000000600}\r\nProcessId: 3740\r\nImage: C:\\Windows\\System32\\SearchProtocolHost.exe\r\nImageLoaded: C:\\Windows\\System32\\bcrypt.dll\r\nFileVersion: 10.0.18362.1237 (WinBuild.160101.0800)\r\nDescription: Windows Cryptographic Primitives Library\r\nProduct: Microsoft Windows Operating System\r\nCompany: Microsoft Corporation\r\nOriginalFileName: bcrypt.dll\r\nHashes: SHA1=E9491DF4CCA4A25142C4F1033AB779A9162B21A0,MD5=F046E87EF05CCC4F79A48DF5E63662F0,SHA256=F1E0E036982B18A29DF498B3755A5BD90DE016E15B623436921E6FE2356E0D2D,IMPHASH=F8A5CF8F7AF31A59E7541332D16C6ABA\r\nSigned: true\r\nSignature: Microsoft Windows\r\nSignatureStatus: Valid","Task":"7","RuleName":"-","UtcTime":"2020-12-19 12:00:19.524","ProcessGuid":"{649442b8-eb53-5fdd-098c-000000000600}","ProcessId":"3740","Image":"C:\\Windows\\System32\\SearchProtocolHost.exe","ImageLoaded":"C:\\Windows\\System32\\bcrypt.dll","FileVersion":"10.0.18362.1237 (WinBuild.160101.0800)","Description":"Windows Cryptographic Primitives Library","Product":"Microsoft Windows Operating System","Company":"Microsoft Corporation","OriginalFileName":"bcrypt.dll","Hashes":"SHA1=E9491DF4CCA4A25142C4F1033AB779A9162B21A0,MD5=F046E87EF05CCC4F79A48DF5E63662F0,SHA256=F1E0E036982B18A29DF498B3755A5BD90DE016E15B623436921E6FE2356E0D2D,IMPHASH=F8A5CF8F7AF31A59E7541332D16C6ABA","Signed":"true","Signature":"Microsoft Windows","SignatureStatus":"Valid"}
{"SourceName":"Microsoft-Windows-Sysmon","ProviderGuid":"{5770385f-c22a-43e0-bf4c-06f5698ffbd9}","Level":"4","Keywords":"0x8000000000000000","Channel":"Microsoft-Windows-Sysmon/Operational","Hostname":"WORKSTATION6.theshire.local","TimeCreated":"2020-12-19T07:00:19.538Z","@timestamp":"2020-12-19T07:00:19.538Z","EventID":7,"Message":"Image loaded:\r\nRuleName: -\r\nUtcTime: 2020-12-19 12:00:19.524\r\nProcessGuid: {649442b8-eb53-5fdd-098c-000000000600}\r\nProcessId: 3740\r\nImage: C:\\Windows\\System32\\SearchProtocolHost.exe\r\nImageLoaded: C:\\Windows\\System32\\fltLib.dll\r\nFileVersion: 10.0.18362.1 (WinBuild.160101.0800)\r\nDescription: Filter Library\r\nProduct: Microsoft Windows Operating System\r\nCompany: Microsoft Corporation\r\nOriginalFileName: filterLib.dll\r\nHashes: SHA1=271C76A65E9B4EEB235A7160D5B1286CCE8C13FF,MD5=E202DD92848C5103C9ABF8ECD22BC539,SHA256=353F8D4E647A11F235F4262D913F7BAC4C4F266EAC4601EA416E861AFD611912,IMPHASH=1AC90E68C7E7F27FB14870BE142D19C0\r\nSigned: true\r\nSignature: Microsoft Windows\r\nSignatureStatus: Valid","Task":"7","RuleName":"-","UtcTime":"2020-12-19 12:00:19.524","ProcessGuid":"{649442b8-eb53-5fdd-098c-000000000600}","ProcessId":"3740","Image":"C:\\Windows\\System32\\SearchProtocolHost.exe","ImageLoaded":"C:\\Windows\\System32\\fltLib.dll","FileVersion":"10.0.18362.1 (WinBuild.160101.0800)","Description":"Filter Library","Product":"Microsoft Windows Operating System","Company":"Microsoft Corporation","OriginalFileName":"filterLib.dll","Hashes":"SHA1=271C76A65E9B4EEB235A7160D5B1286CCE8C13FF,MD5=E202DD92848C5103C9ABF8ECD22BC539,SHA256=353F8D4E647A11F235F4262D913F7BAC4C4F266EAC4601EA416E861AFD611912,IMPHASH=1AC90E68C7E7F27FB14870BE142D19C0","Signed":"true","Signature":"Microsoft Windows","SignatureStatus":"Valid"}
{"SourceName":"Microsoft-Windows-Sysmon","ProviderGuid":"{5770385f-c22a-43e0-bf4c-06f5698ffbd9}","Level":"4","Keywords":"0x8000000000000000","Channel":"Microsoft-Windows-Sysmon/Operational","Hostname":"WORKSTATION6.theshire.local","TimeCreated":"2020-12-19T07:00:19.542Z","@timestamp":"2020-12-19T07:00:19.542Z","EventID":7,"Message":"Image loaded:\r\nRuleName: -\r\nUtcTime: 2020-12-19 12:00:19.539\r\nProcessGuid: {649442b8-eb53-5fdd-098c-000000000600}\r\nProcessId: 3740\r\nImage: C:\\Windows\\System32\\SearchProtocolHost.exe\r\nImageLoaded: C:\\Windows\\System32\\sspicli.dll\r\nFileVersion: 10.0.18362.1049 (WinBuild.160101.0800)\r\nDescription: Security Support Provider Interface\r\nProduct: Microsoft Windows Operating System\r\nCompany: Microsoft Corporation\r\nOriginalFileName: sspicli.dll\r\nHashes: SHA1=A30A81AB6EB472CC79CF9E8C5B47ECA85998801A,MD5=DA9647C845792371DD2F95E1CCC9A63A,SHA256=FE741D2F986B0B9557A90BDF0560F49CD17381D1094C42A91634AABE49F46A1E,IMPHASH=D08C52FA17116C062A28110FE7465D80\r\nSigned: true\r\nSignature: Microsoft Windows\r\nSignatureStatus: Valid","Task":"7","RuleName":"-","UtcTime":"2020-12-19 12:00:19.539","ProcessGuid":"{649442b8-eb53-5fdd-098c-000000000600}","ProcessId":"3740","Image":"C:\\Windows\\System32\\SearchProtocolHost.exe","ImageLoaded":"C:\\Windows\\System32\\sspicli.dll","FileVersion":"10.0.18362.1049 (WinBuild.160101.0800)","Description":"Security Support Provider Interface","Product":"Microsoft Windows Operating System","Company":"Microsoft Corporation","OriginalFileName":"sspicli.dll","Hashes":"SHA1=A30A81AB6EB472CC79CF9E8C5B47ECA85998801A,MD5=DA9647C845792371DD2F95E1CCC9A63A,SHA256=FE741D2F986B0B9557A90BDF0560F49CD17381D1094C42A91634AABE49F46A1E,IMPHASH=D08C52FA17116C062A28110FE7465D80","Signed":"true","Signature":"Microsoft Windows","SignatureStatus":"Valid"}
{"SourceName":"Microsoft-Windows-Sysmon","ProviderGuid":"{5770385f-c22a-43e0-bf4c-06f5698ffbd9}","Level":"4","Keywords":"0x8000000000000000","Channel":"Microsoft-Windows-Sysmon/Operational","Hostname":"WORKSTATION6.theshire.local","TimeCreated":"2020-12-19T07:00:19.542Z","@timestamp":"2020-12-19T07:00:19.542Z","EventID":10,"Message":"Process accessed:\r\nRuleName: -\r\nUtcTime: 2020-12-19 12:00:19.539\r\nSourceProcessGUID: {649442b8-52d8-5fd1-0c00-000000000600}\r\nSourceProcessId: 740\r\nSourceThreadId: 9096\r\nSourceImage: C:\\windows\\system32\\lsass.exe\r\nTargetProcessGUID: {649442b8-eb53-5fdd-098c-000000000600}\r\nTargetProcessId: 3740\r\nTargetImage: C:\\windows\\system32\\SearchProtocolHost.exe\r\nGrantedAccess: 0x1000\r\nCallTrace: C:\\windows\\SYSTEM32\\ntdll.dll+9d784|C:\\windows\\System32\\RPCRT4.dll+2d354|C:\\windows\\system32\\lsasrv.dll+176b9|C:\\windows\\SYSTEM32\\SspiSrv.dll+1a72|C:\\windows\\System32\\RPCRT4.dll+76ba3|C:\\windows\\System32\\RPCRT4.dll+da036|C:\\windows\\System32\\RPCRT4.dll+37b7c|C:\\windows\\System32\\RPCRT4.dll+549f8|C:\\windows\\System32\\RPCRT4.dll+2c9b1|C:\\windows\\System32\\RPCRT4.dll+2c26b|C:\\windows\\System32\\RPCRT4.dll+1a8cf|C:\\windows\\System32\\RPCRT4.dll+19d7a|C:\\windows\\System32\\RPCRT4.dll+19361|C:\\windows\\System32\\RPCRT4.dll+18dce|C:\\windows\\System32\\RPCRT4.dll+16a05|C:\\windows\\SYSTEM32\\ntdll.dll+333ed|C:\\windows\\SYSTEM32\\ntdll.dll+34142|C:\\windows\\System32\\KERNEL32.DLL+17c24|C:\\windows\\SYSTEM32\\ntdll.dll+6d4d1","Task":"10","RuleName":"-","UtcTime":"2020-12-19 12:00:19.539","SourceProcessGUID":"{649442b8-52d8-5fd1-0c00-000000000600}","SourceProcessId":"740","SourceThreadId":"9096","SourceImage":"C:\\windows\\system32\\lsass.exe","TargetProcessGUID":"{649442b8-eb53-5fdd-098c-000000000600}","TargetProcessId":"3740","TargetImage":"C:\\windows\\system32\\SearchProtocolHost.exe","GrantedAccess":"0x1000","CallTrace":"C:\\windows\\SYSTEM32\\ntdll.dll+9d784|C:\\windows\\System32\\RPCRT4.dll+2d354|C:\\windows\\system32\\lsasrv.dll+176b9|C:\\windows\\SYSTEM32\\SspiSrv.dll+1a72|C:\\windows\\System32\\RPCRT4.dll+76ba3|C:\\windows\\System32\\RPCRT4.dll+da036|C:\\windows\\System32\\RPCRT4.dll+37b7c|C:\\windows\\System32\\RPCRT4.dll+549f8|C:\\windows\\System32\\RPCRT4.dll+2c9b1|C:\\windows\\System32\\RPCRT4.dll+2c26b|C:\\windows\\System32\\RPCRT4.dll+1a8cf|C:\\windows\\System32\\RPCRT4.dll+19d7a|C:\\windows\\System32\\RPCRT4.dll+19361|C:\\windows\\System32\\RPCRT4.dll+18dce|C:\\windows\\System32\\RPCRT4.dll+16a05|C:\\windows\\SYSTEM32\\ntdll.dll+333ed|C:\\windows\\SYSTEM32\\ntdll.dll+34142|C:\\windows\\System32\\KERNEL32.DLL+17c24|C:\\windows\\SYSTEM32\\ntdll.dll+6d4d1"}
