{"SourceName":"Microsoft-Windows-Sysmon","ProviderGuid":"{5770385f-c22a-43e0-bf4c-06f5698ffbd9}","Level":"4","Keywords":"0x8000000000000000","Channel":"Microsoft-Windows-Sysmon/Operational","Hostname":"WORKSTATION5.theshire.local","TimeCreated":"2020-12-19T07:00:22.201Z","@timestamp":"2020-12-19T07:00:22.201Z","EventID":10,"Message":"Process accessed:\r\nRuleName: -\r\nUtcTime: 2020-12-19 12:00:22.195\r\nSourceProcessGUID: {67e11d8c-876a-5fd0-1000-000000000700}\r\nSourceProcessId: 932\r\nSourceThreadId: 7252\r\nSourceImage: C:\\windows\\system32\\svchost.exe\r\nTargetProcessGUID: {67e11d8c-eb56-5fdd-2097-000000000700}\r\nTargetProcessId: 8920\r\nTargetImage: C:\\windows\\system32\\schtasks.exe\r\nGrantedAccess: 0x1000\r\nCallTrace: C:\\windows\\SYSTEM32\\ntdll.dll+9cbb4|C:\\windows\\System32\\KERNELBASE.dll+305fe|c:\\windows\\system32\\rpcss.dll+47e62|c:\\windows\\system32\\rpcss.dll+47e23|C:\\windows\\System32\\RPCRT4.dll+76ba3|C:\\windows\\System32\\RPCRT4.dll+13653|C:\\windows\\System32\\RPCRT4.dll+1457a|C:\\windows\\System32\\RPCRT4.dll+549f8|C:\\windows\\System32\\RPCRT4.dll+2c9b1|C:\\windows\\System32\\RPCRT4.dll+2c26b|C:\\windows\\System32\\RPCRT4.dll+1a8cf|C:\\windows\\System32\\RPCRT4.dll+19d7a|C:\\windows\\System32\\RPCRT4.dll+19361|C:\\windows\\System32\\RPCRT4.dll+18dce|C:\\windows\\System32\\RPCRT4.dll+16a05|C:\\windows\\SYSTEM32\\ntdll.dll+333ed|C:\\windows\\SYSTEM32\\ntdll.dll+34142|C:\\windows\\System32\\KERNEL32.DLL+17c24|C:\\windows\\SYSTEM32\\ntdll.dll+6d4d1","Task":"10","RuleName":"-","UtcTime":"2020-12-19 12:00:22.195","SourceProcessGUID":"{67e11d8c-876a-5fd0-1000-000000000700}","SourceProcessId":"932","SourceThreadId":"7252","SourceImage":"C:\\windows\\system32\\svchost.exe","TargetProcessGUID":"{67e11d8c-eb56-5fdd-2097-000000000700}","TargetProcessId":"8920","TargetImage":"C:\\windows\\system32\\schtasks.exe","GrantedAccess":"0x1000","CallTrace":"C:\\windows\\SYSTEM32\\ntdll.dll+9cbb4|C:\\windows\\System32\\KERNELBASE.dll+305fe|c:\\windows\\system32\\rpcss.dll+47e62|c:\\windows\\system32\\rpcss.dll+47e23|C:\\windows\\System32\\RPCRT4.dll+76ba3|C:\\windows\\System32\\RPCRT4.dll+13653|C:\\windows\\System32\\RPCRT4.dll+1457a|C:\\windows\\System32\\RPCRT4.dll+549f8|C:\\windows\\System32\\RPCRT4.dll+2c9b1|C:\\windows\\System32\\RPCRT4.dll+2c26b|C:\\windows\\System32\\RPCRT4.dll+1a8cf|C:\\windows\\System32\\RPCRT4.dll+19d7a|C:\\windows\\System32\\RPCRT4.dll+19361|C:\\windows\\System32\\RPCRT4.dll+18dce|C:\\windows\\System32\\RPCRT4.dll+16a05|C:\\windows\\SYSTEM32\\ntdll.dll+333ed|C:\\windows\\SYSTEM32\\ntdll.dll+34142|C:\\windows\\System32\\KERNEL32.DLL+17c24|C:\\windows\\SYSTEM32\\ntdll.dll+6d4d1"}
{"SourceName":"Microsoft-Windows-Sysmon","ProviderGuid":"{5770385f-c22a-43e0-bf4c-06f5698ffbd9}","Level":"4","Keywords":"0x8000000000000000","Channel":"Microsoft-Windows-Sysmon/Operational","Hostname":"WORKSTATION5.theshire.local","TimeCreated":"2020-12-19T07:00:22.201Z","@timestamp":"2020-12-19T07:00:22.201Z","EventID":10,"Message":"Process accessed:\r\nRuleName: -\r\nUtcTime: 2020-12-19 12:00:22.195\r\nSourceProcessGUID: {67e11d8c-876a-5fd0-1100-000000000700}\r\nSourceProcessId: 980\r\nSourceThreadId: 3208\r\nSourceImage: C:\\windows\\system32\\svchost.exe\r\nTargetProcessGUID: {67e11d8c-eb56-5fdd-2097-000000000700}\r\nTargetProcessId: 8920\r\nTargetImage: C:\\windows\\system32\\schtasks.exe\r\nGrantedAccess: 0x100000\r\nCallTrace: C:\\windows\\SYSTEM32\\ntdll.dll+9d784|C:\\windows\\System32\\RPCRT4.dll+2d354|c:\\windows\\system32\\rpcss.dll+315c9|c:\\windows\\system32\\rpcss.dll+30c5b|C:\\windows\\System32\\RPCRT4.dll+76ba3|C:\\windows\\System32\\RPCRT4.dll+13653|C:\\windows\\System32\\RPCRT4.dll+1457a|C:\\windows\\System32\\RPCRT4.dll+549f8|C:\\windows\\System32\\RPCRT4.dll+2c9b1|C:\\windows\\System32\\RPCRT4.dll+2c26b|C:\\windows\\System32\\RPCRT4.dll+1a8cf|C:\\windows\\System32\\RPCRT4.dll+19d7a|C:\\windows\\System32\\RPCRT4.dll+19361|C:\\windows\\System32\\RPCRT4.dll+18dce|C:\\windows\\System32\\RPCRT4.dll+16a05|C:\\windows\\SYSTEM32\\ntdll.dll+333ed|C:\\windows\\SYSTEM32\\ntdll.dll+34142|C:\\windows\\System32\\KERNEL32.DLL+17c24|C:\\windows\\SYSTEM32\\ntdll.dll+6d4d1","Task":"10","RuleName":"-","UtcTime":"2020-12-19 12:00:22.195","SourceProcessGUID":"{67e11d8c-876a-5fd0-1100-000000000700}","SourceProcessId":"980","SourceThreadId":"3208","SourceImage":"C:\\windows\\system32\\svchost.exe","TargetProcessGUID":"{67e11d8c-eb56-5fdd-2097-000000000700}","TargetProcessId":"8920","TargetImage":"C:\\windows\\system32\\schtasks.exe","GrantedAccess":"0x100000","CallTrace":"C:\\windows\\SYSTEM32\\ntdll.dll+9d784|C:\\windows\\System32\\RPCRT4.dll+2d354|c:\\windows\\system32\\rpcss.dll+315c9|c:\\windows\\system32\\rpcss.dll+30c5b|C:\\windows\\System32\\RPCRT4.dll+76ba3|C:\\windows\\System32\\RPCRT4.dll+13653|C:\\windows\\System32\\RPCRT4.dll+1457a|C:\\windows\\System32\\RPCRT4.dll+549f8|C:\\windows\\System32\\RPCRT4.dll+2c9b1|C:\\windows\\System32\\RPCRT4.dll+2c26b|C:\\windows\\System32\\RPCRT4.dll+1a8cf|C:\\windows\\System32\\RPCRT4.dll+19d7a|C:\\windows\\System32\\RPCRT4.dll+19361|C:\\windows\\System32\\RPCRT4.dll+18dce|C:\\windows\\System32\\RPCRT4.dll+16a05|C:\\windows\\SYSTEM32\\ntdll.dll+333ed|C:\\windows\\SYSTEM32\\ntdll.dll+34142|C:\\windows\\System32\\KERNEL32.DLL+17c24|C:\\windows\\SYSTEM32\\ntdll.dll+6d4d1"}
{"SourceName":"Microsoft-Windows-Sysmon","ProviderGuid":"{5770385f-c22a-43e0-bf4c-06f5698ffbd9}","Level":"4","Keywords":"0x8000000000000000","Channel":"Microsoft-Windows-Sysmon/Operational","Hostname":"WORKSTATION5.theshire.local","TimeCreated":"2020-12-19T07:00:22.202Z","@timestamp":"2020-12-19T07:00:22.202Z","EventID":7,"Message":"Image loaded:\r\nRuleName: -\r\nUtcTime: 2020-12-19 12:00:22.195\r\nProcessGuid: {67e11d8c-eb56-5fdd-2097-000000000700}\r\nProcessId: 8920\r\nImage: C:\\Windows\\System32\\schtasks.exe\r\nImageLoaded: C:\\Windows\\System32\\sechost.dll\r\nFileVersion: 10.0.18362.1237 (WinBuild.160101.0800)\r\nDescription: Host for SCM/SDDL/LSA Lookup APIs\r\nProduct: Microsoft Windows Operating System\r\nCompany: Microsoft Corporation\r\nOriginalFileName: sechost.dll\r\nHashes: SHA1=807822C660891BE08CFFC46A6493A08B85A2356E,MD5=63EC2607385A119D37685E2DB60B6B42,SHA256=F9EF14D94A8E61FA0E092D69832814D55C6E1CFA3C303725F8EEAC6071D6620F,IMPHASH=CE4BD072766253F6A267D0284CA82002\r\nSigned: true\r\nSignature: Microsoft Windows\r\nSignatureStatus: Valid","Task":"7","RuleName":"-","UtcTime":"2020-12-19 12:00:22.195","ProcessGuid":"{67e11d8c-eb56-5fdd-2097-000000000700}","ProcessId":"8920","Image":"C:\\Windows\\System32\\schtasks.exe","ImageLoaded":"C:\\Windows\\System32\\sechost.dll","FileVersion":"10.0.18362.1237 (WinBuild.160101.0800)","Description":"Host for SCM/SDDL/LSA Lookup APIs","Product":"Microsoft Windows Operating System","Company":"Microsoft Corporation","OriginalFileName":"sechost.dll","Hashes":"SHA1=807822C660891BE08CFFC46A6493A08B85A2356E,MD5=63EC2607385A119D37685E2DB60B6B42,SHA256=F9EF14D94A8E61FA0E092D69832814D55C6E1CFA3C303725F8EEAC6071D6620F,IMPHASH=CE4BD072766253F6A267D0284CA82002","Signed":"true","Signature":"Microsoft Windows","SignatureStatus":"Valid"}
{"SourceName":"Microsoft-Windows-Sysmon","ProviderGuid":"{5770385f-c22a-43e0-bf4c-06f5698ffbd9}","Level":"4","Keywords":"0x8000000000000000","Channel":"Microsoft-Windows-Sysmon/Operational","Hostname":"WORKSTATION5.theshire.local","TimeCreated":"2020-12-19T07:00:22.203Z","@timestamp":"2020-12-19T07:00:22.203Z","EventID":7,"Message":"Image loaded:\r\nRuleName: -\r\nUtcTime: 2020-12-19 12:00:22.195\r\nProcessGuid: {67e11d8c-eb56-5fdd-2097-000000000700}\r\nProcessId: 8920\r\nImage: C:\\Windows\\System32\\schtasks.exe\r\nImageLoaded: C:\\Windows\\System32\\clbcatq.dll\r\nFileVersion: 2001.12.10941.16384 (WinBuild.160101.0800)\r\nDescription: COM+ Configuration Catalog\r\nProduct: Microsoft Windows Operating System\r\nCompany: Microsoft Corporation\r\nOriginalFileName: CLBCATQ.DLL\r\nHashes: SHA1=7DE7C7E87CFA639E8C4DF269E38FB69A391D6790,MD5=4B179D7C6AA9424831847BA6BACDB260,SHA256=F0541B07D7B00C8D09BC72DF7E2D974F83482E42CD88B4E8260B832B7A71682E,IMPHASH=70F94828FF194145825265FE7BA88C95\r\nSigned: true\r\nSignature: Microsoft Windows\r\nSignatureStatus: Valid","Task":"7","RuleName":"-","UtcTime":"2020-12-19 12:00:22.195","ProcessGuid":"{67e11d8c-eb56-5fdd-2097-000000000700}","ProcessId":"8920","Image":"C:\\Windows\\System32\\schtasks.exe","ImageLoaded":"C:\\Windows\\System32\\clbcatq.dll","FileVersion":"2001.12.10941.16384 (WinBuild.160101.0800)","Description":"COM+ Configuration Catalog","Product":"Microsoft Windows Operating System","Company":"Microsoft Corporation","OriginalFileName":"CLBCATQ.DLL","Hashes":"SHA1=7DE7C7E87CFA639E8C4DF269E38FB69A391D6790,MD5=4B179D7C6AA9424831847BA6BACDB260,SHA256=F0541B07D7B00C8D09BC72DF7E2D974F83482E42CD88B4E8260B832B7A71682E,IMPHASH=70F94828FF194145825265FE7BA88C95","Signed":"true","Signature":"Microsoft Windows","SignatureStatus":"Valid"}
{"SourceName":"Microsoft-Windows-Sysmon","ProviderGuid":"{5770385f-c22a-43e0-bf4c-06f5698ffbd9}","Level":"4","Keywords":"0x8000000000000000","Channel":"Microsoft-Windows-Sysmon/Operational","Hostname":"WORKSTATION5.theshire.local","TimeCreated":"2020-12-19T07:00:22.204Z","@timestamp":"2020-12-19T07:00:22.204Z","EventID":7,"Message":"Image loaded:\r\nRuleName: -\r\nUtcTime: 2020-12-19 12:00:22.195\r\nProcessGuid: {67e11d8c-eb56-5fdd-2097-000000000700}\r\nProcessId: 8920\r\nImage: C:\\Windows\\System32\\schtasks.exe\r\nImageLoaded: C:\\Windows\\System32\\taskschd.dll\r\nFileVersion: 10.0.18362.1237 (WinBuild.160101.0800)\r\nDescription: Task Scheduler COM API\r\nProduct: Microsoft Windows Operating System\r\nCompany: Microsoft Corporation\r\nOriginalFileName: taskschd.dll\r\nHashes: SHA1=7152EF76F4A145539115EFB7F4FAEDDB7679DE7F,MD5=398F8E9BE595343BD080D466CE8341C3,SHA256=A40990662D18F3EDCC8CCA7F6C8B00AC30BAF33A22B3179C57C38401362DB2E8,IMPHASH=5E00B88A4399A5483E45BA9C13BA5749\r\nSigned: true\r\nSignature: Microsoft Windows\r\nSignatureStatus: Valid","Task":"7","RuleName":"-","UtcTime":"2020-12-19 12:00:22.195","ProcessGuid":"{67e11d8c-eb56-5fdd-2097-000000000700}","ProcessId":"8920","Image":"C:\\Windows\\System32\\schtasks.exe","ImageLoaded":"C:\\Windows\\System32\\taskschd.dll","FileVersion":"10.0.18362.1237 (WinBuild.160101.0800)","Description":"Task Scheduler COM API","Product":"Microsoft Windows Operating System","Company":"Microsoft Corporation","OriginalFileName":"taskschd.dll","Hashes":"SHA1=7152EF76F4A145539115EFB7F4FAEDDB7679DE7F,MD5=398F8E9BE595343BD080D466CE8341C3,SHA256=A40990662D18F3EDCC8CCA7F6C8B00AC30BAF33A22B3179C57C38401362DB2E8,IMPHASH=5E00B88A4399A5483E45BA9C13BA5749","Signed":"true","Signature":"Microsoft Windows","SignatureStatus":"Valid"}
{"SourceName":"Microsoft-Windows-Sysmon","ProviderGuid":"{5770385f-c22a-43e0-bf4c-06f5698ffbd9}","Level":"4","Keywords":"0x8000000000000000","Channel":"Microsoft-Windows-Sysmon/Operational","Hostname":"WORKSTATION5.theshire.local","TimeCreated":"2020-12-19T07:00:22.205Z","@timestamp":"2020-12-19T07:00:22.205Z","EventID":7,"Message":"Image loaded:\r\nRuleName: -\r\nUtcTime: 2020-12-19 12:00:22.195\r\nProcessGuid: {67e11d8c-eb56-5fdd-2097-000000000700}\r\nProcessId: 8920\r\nImage: C:\\Windows\\System32\\schtasks.exe\r\nImageLoaded: C:\\Windows\\System32\\sspicli.dll\r\nFileVersion: 10.0.18362.1049 (WinBuild.160101.0800)\r\nDescription: Security Support Provider Interface\r\nProduct: Microsoft Windows Operating System\r\nCompany: Microsoft Corporation\r\nOriginalFileName: sspicli.dll\r\nHashes: SHA1=A30A81AB6EB472CC79CF9E8C5B47ECA85998801A,MD5=DA9647C845792371DD2F95E1CCC9A63A,SHA256=FE741D2F986B0B9557A90BDF0560F49CD17381D1094C42A91634AABE49F46A1E,IMPHASH=D08C52FA17116C062A28110FE7465D80\r\nSigned: true\r\nSignature: Microsoft Windows\r\nSignatureStatus: Valid","Task":"7","RuleName":"-","UtcTime":"2020-12-19 12:00:22.195","ProcessGuid":"{67e11d8c-eb56-5fdd-2097-000000000700}","ProcessId":"8920","Image":"C:\\Windows\\System32\\schtasks.exe","ImageLoaded":"C:\\Windows\\System32\\sspicli.dll","FileVersion":"10.0.18362.1049 (WinBuild.160101.0800)","Description":"Security Support Provider Interface","Product":"Microsoft Windows Operating System","Company":"Microsoft Corporation","OriginalFileName":"sspicli.dll","Hashes":"SHA1=A30A81AB6EB472CC79CF9E8C5B47ECA85998801A,MD5=DA9647C845792371DD2F95E1CCC9A63A,SHA256=FE741D2F986B0B9557A90BDF0560F49CD17381D1094C42A91634AABE49F46A1E,IMPHASH=D08C52FA17116C062A28110FE7465D80","Signed":"true","Signature":"Microsoft Windows","SignatureStatus":"Valid"}
{"SourceName":"Microsoft-Windows-Sysmon","ProviderGuid":"{5770385f-c22a-43e0-bf4c-06f5698ffbd9}","Level":"4","Keywords":"0x8000000000000000","Channel":"Microsoft-Windows-Sysmon/Operational","Hostname":"WORKSTATION5.theshire.local","TimeCreated":"2020-12-19T07:00:22.205Z","@timestamp":"2020-12-19T07:00:22.205Z","EventID":10,"Message":"Process accessed:\r\nRuleName: -\r\nUtcTime: 2020-12-19 12:00:22.195\r\nSourceProcessGUID: {67e11d8c-8769-5fd0-0c00-000000000700}\r\nSourceProcessId: 736\r\nSourceThreadId: 4176\r\nSourceImage: C:\\windows\\system32\\lsass.exe\r\nTargetProcessGUID: {67e11d8c-eb56-5fdd-2097-000000000700}\r\nTargetProcessId: 8920\r\nTargetImage: C:\\windows\\system32\\schtasks.exe\r\nGrantedAccess: 0x1000\r\nCallTrace: C:\\windows\\SYSTEM32\\ntdll.dll+9d784|C:\\windows\\System32\\RPCRT4.dll+2d354|C:\\windows\\system32\\lsasrv.dll+176b9|C:\\windows\\SYSTEM32\\SspiSrv.dll+1a72|C:\\windows\\System32\\RPCRT4.dll+76ba3|C:\\windows\\System32\\RPCRT4.dll+da036|C:\\windows\\System32\\RPCRT4.dll+37b7c|C:\\windows\\System32\\RPCRT4.dll+549f8|C:\\windows\\System32\\RPCRT4.dll+2c9b1|C:\\windows\\System32\\RPCRT4.dll+2c26b|C:\\windows\\System32\\RPCRT4.dll+1a8cf|C:\\windows\\System32\\RPCRT4.dll+19d7a|C:\\windows\\System32\\RPCRT4.dll+19361|C:\\windows\\System32\\RPCRT4.dll+18dce|C:\\windows\\System32\\RPCRT4.dll+16a05|C:\\windows\\SYSTEM32\\ntdll.dll+333ed|C:\\windows\\SYSTEM32\\ntdll.dll+34142|C:\\windows\\System32\\KERNEL32.DLL+17c24|C:\\windows\\SYSTEM32\\ntdll.dll+6d4d1","Task":"10","RuleName":"-","UtcTime":"2020-12-19 12:00:22.195","SourceProcessGUID":"{67e11d8c-8769-5fd0-0c00-000000000700}","SourceProcessId":"736","SourceThreadId":"4176","SourceImage":"C:\\windows\\system32\\lsass.exe","TargetProcessGUID":"{67e11d8c-eb56-5fdd-2097-000000000700}","TargetProcessId":"8920","TargetImage":"C:\\windows\\system32\\schtasks.exe","GrantedAccess":"0x1000","CallTrace":"C:\\windows\\SYSTEM32\\ntdll.dll+9d784|C:\\windows\\System32\\RPCRT4.dll+2d354|C:\\windows\\system32\\lsasrv.dll+176b9|C:\\windows\\SYSTEM32\\SspiSrv.dll+1a72|C:\\windows\\System32\\RPCRT4.dll+76ba3|C:\\windows\\System32\\RPCRT4.dll+da036|C:\\windows\\System32\\RPCRT4.dll+37b7c|C:\\windows\\System32\\RPCRT4.dll+549f8|C:\\windows\\System32\\RPCRT4.dll+2c9b1|C:\\windows\\System32\\RPCRT4.dll+2c26b|C:\\windows\\System32\\RPCRT4.dll+1a8cf|C:\\windows\\System32\\RPCRT4.dll+19d7a|C:\\windows\\System32\\RPCRT4.dll+19361|C:\\windows\\System32\\RPCRT4.dll+18dce|C:\\windows\\System32\\RPCRT4.dll+16a05|C:\\windows\\SYSTEM32\\ntdll.dll+333ed|C:\\windows\\SYSTEM32\\ntdll.dll+34142|C:\\windows\\System32\\KERNEL32.DLL+17c24|C:\\windows\\SYSTEM32\\ntdll.dll+6d4d1"}
{"SourceName":"Microsoft-Windows-Sysmon","ProviderGuid":"{5770385f-c22a-43e0-bf4c-06f5698ffbd9}","Level":"4","Keywords":"0x8000000000000000","Channel":"Microsoft-Windows-Sysmon/Operational","Hostname":"WORKSTATION5.theshire.local","TimeCreated":"2020-12-19T07:00:22.205Z","@timestamp":"2020-12-19T07:00:22.205Z","EventID":10,"Message":"Process accessed:\r\nRuleName: -\r\nUtcTime: 2020-12-19 12:00:22.195\r\nSourceProcessGUID: {67e11d8c-8769-5fd0-0c00-000000000700}\r\nSourceProcessId: 736\r\nSourceThreadId: 4176\r\nSourceImage: C:\\windows\\system32\\lsass.exe\r\nTargetProcessGUID: {67e11d8c-eb56-5fdd-2097-000000000700}\r\nTargetProcessId: 8920\r\nTargetImage: C:\\windows\\system32\\schtasks.exe\r\nGrantedAccess: 0x1478\r\nCallTrace: C:\\windows\\SYSTEM32\\ntdll.dll+9cbb4|C:\\windows\\system32\\lsasrv.dll+179a6|C:\\windows\\system32\\lsasrv.dll+1852f|C:\\windows\\system32\\lsasrv.dll+17814|C:\\windows\\SYSTEM32\\SspiSrv.dll+1a72|C:\\windows\\System32\\RPCRT4.dll+76ba3|C:\\windows\\System32\\RPCRT4.dll+da036|C:\\windows\\System32\\RPCRT4.dll+37b7c|C:\\windows\\System32\\RPCRT4.dll+549f8|C:\\windows\\System32\\RPCRT4.dll+2c9b1|C:\\windows\\System32\\RPCRT4.dll+2c26b|C:\\windows\\System32\\RPCRT4.dll+1a8cf|C:\\windows\\System32\\RPCRT4.dll+19d7a|C:\\windows\\System32\\RPCRT4.dll+19361|C:\\windows\\System32\\RPCRT4.dll+18dce|C:\\windows\\System32\\RPCRT4.dll+16a05|C:\\windows\\SYSTEM32\\ntdll.dll+333ed|C:\\windows\\SYSTEM32\\ntdll.dll+34142|C:\\windows\\System32\\KERNEL32.DLL+17c24|C:\\windows\\SYSTEM32\\ntdll.dll+6d4d1","Task":"10","RuleName":"-","UtcTime":"2020-12-19 12:00:22.195","SourceProcessGUID":"{67e11d8c-8769-5fd0-0c00-000000000700}","SourceProcessId":"736","SourceThreadId":"4176","SourceImage":"C:\\windows\\system32\\lsass.exe","TargetProcessGUID":"{67e11d8c-eb56-5fdd-2097-000000000700}","TargetProcessId":"8920","TargetImage":"C:\\windows\\system32\\schtasks.exe","GrantedAccess":"0x1478","CallTrace":"C:\\windows\\SYSTEM32\\ntdll.dll+9cbb4|C:\\windows\\system32\\lsasrv.dll+179a6|C:\\windows\\system32\\lsasrv.dll+1852f|C:\\windows\\system32\\lsasrv.dll+17814|C:\\windows\\SYSTEM32\\SspiSrv.dll+1a72|C:\\windows\\System32\\RPCRT4.dll+76ba3|C:\\windows\\System32\\RPCRT4.dll+da036|C:\\windows\\System32\\RPCRT4.dll+37b7c|C:\\windows\\System32\\RPCRT4.dll+549f8|C:\\windows\\System32\\RPCRT4.dll+2c9b1|C:\\windows\\System32\\RPCRT4.dll+2c26b|C:\\windows\\System32\\RPCRT4.dll+1a8cf|C:\\windows\\System32\\RPCRT4.dll+19d7a|C:\\windows\\System32\\RPCRT4.dll+19361|C:\\windows\\System32\\RPCRT4.dll+18dce|C:\\windows\\System32\\RPCRT4.dll+16a05|C:\\windows\\SYSTEM32\\ntdll.dll+333ed|C:\\windows\\SYSTEM32\\ntdll.dll+34142|C:\\windows\\System32\\KERNEL32.DLL+17c24|C:\\windows\\SYSTEM32\\ntdll.dll+6d4d1"}
{"SourceName":"Microsoft-Windows-Sysmon","ProviderGuid":"{5770385f-c22a-43e0-bf4c-06f5698ffbd9}","Level":"4","Keywords":"0x8000000000000000","Channel":"Microsoft-Windows-Sysmon/Operational","Hostname":"WORKSTATION5.theshire.local","TimeCreated":"2020-12-19T07:00:22.206Z","@timestamp":"2020-12-19T07:00:22.206Z","EventID":7,"Message":"Image loaded:\r\nRuleName: -\r\nUtcTime: 2020-12-19 12:00:22.195\r\nProcessGuid: {67e11d8c-eb56-5fdd-2097-000000000700}\r\nProcessId: 8920\r\nImage: C:\\Windows\\System32\\schtasks.exe\r\nImageLoaded: C:\\Windows\\System32\\ws2_32.dll\r\nFileVersion: 10.0.18362.387 (WinBuild.160101.0800)\r\nDescription: Windows Socket 2.0 32-Bit DLL\r\nProduct: Microsoft Windows Operating System\r\nCompany: Microsoft Corporation\r\nOriginalFileName: ws2_32.dll\r\nHashes: SHA1=0E931ED820C96CCAD23D4AFCB0ACD97C99155D11,MD5=C0F8DA7568D2F1534E0ABB0E69DC3280,SHA256=E419A4BBDF1D5E0601E90BAFC1558DBD7414CD44E098B581C1915EF2C6E38D0B,IMPHASH=70D7A835AF4CA9F98A94AAF1B60BF88F\r\nSigned: true\r\nSignature: Microsoft Windows\r\nSignatureStatus: Valid","Task":"7","RuleName":"-","UtcTime":"2020-12-19 12:00:22.195","ProcessGuid":"{67e11d8c-eb56-5fdd-2097-000000000700}","ProcessId":"8920","Image":"C:\\Windows\\System32\\schtasks.exe","ImageLoaded":"C:\\Windows\\System32\\ws2_32.dll","FileVersion":"10.0.18362.387 (WinBuild.160101.0800)","Description":"Windows Socket 2.0 32-Bit DLL","Product":"Microsoft Windows Operating System","Company":"Microsoft Corporation","OriginalFileName":"ws2_32.dll","Hashes":"SHA1=0E931ED820C96CCAD23D4AFCB0ACD97C99155D11,MD5=C0F8DA7568D2F1534E0ABB0E69DC3280,SHA256=E419A4BBDF1D5E0601E90BAFC1558DBD7414CD44E098B581C1915EF2C6E38D0B,IMPHASH=70D7A835AF4CA9F98A94AAF1B60BF88F","Signed":"true","Signature":"Microsoft Windows","SignatureStatus":"Valid"}
{"SourceName":"Microsoft-Windows-Sysmon","ProviderGuid":"{5770385f-c22a-43e0-bf4c-06f5698ffbd9}","Level":"4","Keywords":"0x8000000000000000","Channel":"Microsoft-Windows-Sysmon/Operational","Hostname":"WORKSTATION5.theshire.local","TimeCreated":"2020-12-19T07:00:22.216Z","@timestamp":"2020-12-19T07:00:22.216Z","EventID":7,"Message":"Image loaded:\r\nRuleName: -\r\nUtcTime: 2020-12-19 12:00:22.210\r\nProcessGuid: {67e11d8c-eb56-5fdd-2097-000000000700}\r\nProcessId: 8920\r\nImage: C:\\Windows\\System32\\schtasks.exe\r\nImageLoaded: C:\\Windows\\System32\\dnsapi.dll\r\nFileVersion: 10.0.18362.1171 (WinBuild.160101.0800)\r\nDescription: DNS Client API DLL\r\nProduct: Microsoft Windows Operating System\r\nCompany: Microsoft Corporation\r\nOriginalFileName: dnsapi\r\nHashes: SHA1=E757AC687AB52B946FF9599F7776E94115FE51F2,MD5=5082EADAE391B63A9CDDA1054F0C5810,SHA256=74002E8DDD577012B982A89416B948920BE906AEAC4DD7A9621E930AF2A5CC7B,IMPHASH=4F5D32C6FC235B97FCDCBF329BDAA231\r\nSigned: true\r\nSignature: Microsoft Windows\r\nSignatureStatus: Valid","Task":"7","RuleName":"-","UtcTime":"2020-12-19 12:00:22.210","ProcessGuid":"{67e11d8c-eb56-5fdd-2097-000000000700}","ProcessId":"8920","Image":"C:\\Windows\\System32\\schtasks.exe","ImageLoaded":"C:\\Windows\\System32\\dnsapi.dll","FileVersion":"10.0.18362.1171 (WinBuild.160101.0800)","Description":"DNS Client API DLL","Product":"Microsoft Windows Operating System","Company":"Microsoft Corporation","OriginalFileName":"dnsapi","Hashes":"SHA1=E757AC687AB52B946FF9599F7776E94115FE51F2,MD5=5082EADAE391B63A9CDDA1054F0C5810,SHA256=74002E8DDD577012B982A89416B948920BE906AEAC4DD7A9621E930AF2A5CC7B,IMPHASH=4F5D32C6FC235B97FCDCBF329BDAA231","Signed":"true","Signature":"Microsoft Windows","SignatureStatus":"Valid"}
{"SourceName":"Microsoft-Windows-Sysmon","ProviderGuid":"{5770385f-c22a-43e0-bf4c-06f5698ffbd9}","Level":"4","Keywords":"0x8000000000000000","Channel":"Microsoft-Windows-Sysmon/Operational","Hostname":"WORKSTATION5.theshire.local","TimeCreated":"2020-12-19T07:00:22.217Z","@timestamp":"2020-12-19T07:00:22.217Z","EventID":7,"Message":"Image loaded:\r\nRuleName: -\r\nUtcTime: 2020-12-19 12:00:22.210\r\nProcessGuid: {67e11d8c-eb56-5fdd-2097-000000000700}\r\nProcessId: 8920\r\nImage: C:\\Windows\\System32\\schtasks.exe\r\nImageLoaded: C:\\Windows\\System32\\nsi.dll\r\nFileVersion: 10.0.18362.1171 (WinBuild.160101.0800)\r\nDescription: NSI User-mode interface DLL\r\nProduct: Microsoft Windows Operating System\r\nCompany: Microsoft Corporation\r\nOriginalFileName: nsi.dll\r\nHashes: SHA1=6142069DA145BA30308585C889617548EB0AC04C,MD5=18F6E659E5603EA57E9D587D5FCD7738,SHA256=67BCCBA0642A60FF0F2D55088FE4DEAAE0AAEE86B96E62484C1F991014262A69,IMPHASH=DEFB8C5BB37FCD63DC790B55724FDE42\r\nSigned: true\r\nSignature: Microsoft Windows\r\nSignatureStatus: Valid","Task":"7","RuleName":"-","UtcTime":"2020-12-19 12:00:22.210","ProcessGuid":"{67e11d8c-eb56-5fdd-2097-000000000700}","ProcessId":"8920","Image":"C:\\Windows\\System32\\schtasks.exe","ImageLoaded":"C:\\Windows\\System32\\nsi.dll","FileVersion":"10.0.18362.1171 (WinBuild.160101.0800)","Description":"NSI User-mode interface DLL","Product":"Microsoft Windows Operating System","Company":"Microsoft Corporation","OriginalFileName":"nsi.dll","Hashes":"SHA1=6142069DA145BA30308585C889617548EB0AC04C,MD5=18F6E659E5603EA57E9D587D5FCD7738,SHA256=67BCCBA0642A60FF0F2D55088FE4DEAAE0AAEE86B96E62484C1F991014262A69,IMPHASH=DEFB8C5BB37FCD63DC790B55724FDE42","Signed":"true","Signature":"Microsoft Windows","SignatureStatus":"Valid"}
{"SourceName":"Microsoft-Windows-Sysmon","ProviderGuid":"{5770385f-c22a-43e0-bf4c-06f5698ffbd9}","Level":"4","Keywords":"0x8000000000000000","Channel":"Microsoft-Windows-Sysmon/Operational","Hostname":"WORKSTATION5.theshire.local","TimeCreated":"2020-12-19T07:00:22.217Z","@timestamp":"2020-12-19T07:00:22.217Z","EventID":7,"Message":"Image loaded:\r\nRuleName: -\r\nUtcTime: 2020-12-19 12:00:22.210\r\nProcessGuid: {67e11d8c-eb56-5fdd-2097-000000000700}\r\nProcessId: 8920\r\nImage: C:\\Windows\\System32\\schtasks.exe\r\nImageLoaded: C:\\Windows\\System32\\IPHLPAPI.DLL\r\nFileVersion: 10.0.18362.1 (WinBuild.160101.0800)\r\nDescription: IP Helper API\r\nProduct: Microsoft Windows Operating System\r\nCompany: Microsoft Corporation\r\nOriginalFileName: iphlpapi.dll\r\nHashes: SHA1=9414EC114C3389E0A7BC2FD986E00946E1A2A299,MD5=3929147A2A34B0902152C7D0F241B02A,SHA256=AD1C5309AA873F6A284EABE382812868E20C3D3D64197F3E6EF9D015EA060CAA,IMPHASH=6EC28633CC4ECB9F457795DD7E00B34B\r\nSigned: true\r\nSignature: Microsoft Windows\r\nSignatureStatus: Valid","Task":"7","RuleName":"-","UtcTime":"2020-12-19 12:00:22.210","ProcessGuid":"{67e11d8c-eb56-5fdd-2097-000000000700}","ProcessId":"8920","Image":"C:\\Windows\\System32\\schtasks.exe","ImageLoaded":"C:\\Windows\\System32\\IPHLPAPI.DLL","FileVersion":"10.0.18362.1 (WinBuild.160101.0800)","Description":"IP Helper API","Product":"Microsoft Windows Operating System","Company":"Microsoft Corporation","OriginalFileName":"iphlpapi.dll","Hashes":"SHA1=9414EC114C3389E0A7BC2FD986E00946E1A2A299,MD5=3929147A2A34B0902152C7D0F241B02A,SHA256=AD1C5309AA873F6A284EABE382812868E20C3D3D64197F3E6EF9D015EA060CAA,IMPHASH=6EC28633CC4ECB9F457795DD7E00B34B","Signed":"true","Signature":"Microsoft Windows","SignatureStatus":"Valid"}
{"SourceName":"Microsoft-Windows-Sysmon","ProviderGuid":"{5770385f-c22a-43e0-bf4c-06f5698ffbd9}","Level":"4","Keywords":"0x8000000000000000","Channel":"Microsoft-Windows-Sysmon/Operational","Hostname":"WORKSTATION5.theshire.local","TimeCreated":"2020-12-19T07:00:22.217Z","@timestamp":"2020-12-19T07:00:22.217Z","EventID":12,"Message":"Registry object added or deleted:\r\nRuleName: -\r\nEventType: CreateKey\r\nUtcTime: 2020-12-19 12:00:22.210\r\nProcessGuid: {67e11d8c-eb56-5fdd-2097-000000000700}\r\nProcessId: 8920\r\nImage: C:\\windows\\system32\\schtasks.exe\r\nTargetObject: HKLM\\System\\CurrentControlSet\\Services\\Tcpip\\Parameters","Task":"12","RuleName":"-","EventType":"CreateKey","UtcTime":"2020-12-19 12:00:22.210","ProcessGuid":"{67e11d8c-eb56-5fdd-2097-000000000700}","ProcessId":"8920","Image":"C:\\windows\\system32\\schtasks.exe","TargetObject":"HKLM\\System\\CurrentControlSet\\Services\\Tcpip\\Parameters"}
{"SourceName":"Microsoft-Windows-Sysmon","ProviderGuid":"{5770385f-c22a-43e0-bf4c-06f5698ffbd9}","Level":"4","Keywords":"0x8000000000000000","Channel":"Microsoft-Windows-Sysmon/Operational","Hostname":"WORKSTATION5.theshire.local","TimeCreated":"2020-12-19T07:00:22.217Z","@timestamp":"2020-12-19T07:00:22.217Z","EventID":12,"Message":"Registry object added or deleted:\r\nRuleName: -\r\nEventType: CreateKey\r\nUtcTime: 2020-12-19 12:00:22.210\r\nProcessGuid: {67e11d8c-eb56-5fdd-2097-000000000700}\r\nProcessId: 8920\r\nImage: C:\\windows\\system32\\schtasks.exe\r\nTargetObject: HKLM\\System\\CurrentControlSet\\Services\\Tcpip\\Parameters","Task":"12","RuleName":"-","EventType":"CreateKey","UtcTime":"2020-12-19 12:00:22.210","ProcessGuid":"{67e11d8c-eb56-5fdd-2097-000000000700}","ProcessId":"8920","Image":"C:\\windows\\system32\\schtasks.exe","TargetObject":"HKLM\\System\\CurrentControlSet\\Services\\Tcpip\\Parameters"}
{"SourceName":"Microsoft-Windows-Sysmon","ProviderGuid":"{5770385f-c22a-43e0-bf4c-06f5698ffbd9}","Level":"4","Keywords":"0x8000000000000000","Channel":"Microsoft-Windows-Sysmon/Operational","Hostname":"WORKSTATION5.theshire.local","TimeCreated":"2020-12-19T07:00:22.217Z","@timestamp":"2020-12-19T07:00:22.217Z","EventID":12,"Message":"Registry object added or deleted:\r\nRuleName: -\r\nEventType: CreateKey\r\nUtcTime: 2020-12-19 12:00:22.210\r\nProcessGuid: {67e11d8c-eb56-5fdd-2097-000000000700}\r\nProcessId: 8920\r\nImage: C:\\windows\\system32\\schtasks.exe\r\nTargetObject: HKLM\\System\\CurrentControlSet\\Services\\Tcpip\\Parameters","Task":"12","RuleName":"-","EventType":"CreateKey","UtcTime":"2020-12-19 12:00:22.210","ProcessGuid":"{67e11d8c-eb56-5fdd-2097-000000000700}","ProcessId":"8920","Image":"C:\\windows\\system32\\schtasks.exe","TargetObject":"HKLM\\System\\CurrentControlSet\\Services\\Tcpip\\Parameters"}
{"SourceName":"Microsoft-Windows-Sysmon","ProviderGuid":"{5770385f-c22a-43e0-bf4c-06f5698ffbd9}","Level":"4","Keywords":"0x8000000000000000","Channel":"Microsoft-Windows-Sysmon/Operational","Hostname":"WORKSTATION5.theshire.local","TimeCreated":"2020-12-19T07:00:22.217Z","@timestamp":"2020-12-19T07:00:22.217Z","EventID":12,"Message":"Registry object added or deleted:\r\nRuleName: -\r\nEventType: CreateKey\r\nUtcTime: 2020-12-19 12:00:22.210\r\nProcessGuid: {67e11d8c-eb56-5fdd-2097-000000000700}\r\nProcessId: 8920\r\nImage: C:\\windows\\system32\\schtasks.exe\r\nTargetObject: HKLM\\System\\CurrentControlSet\\Services\\Tcpip\\Parameters","Task":"12","RuleName":"-","EventType":"CreateKey","UtcTime":"2020-12-19 12:00:22.210","ProcessGuid":"{67e11d8c-eb56-5fdd-2097-000000000700}","ProcessId":"8920","Image":"C:\\windows\\system32\\schtasks.exe","TargetObject":"HKLM\\System\\CurrentControlSet\\Services\\Tcpip\\Parameters"}
{"SourceName":"Microsoft-Windows-Sysmon","ProviderGuid":"{5770385f-c22a-43e0-bf4c-06f5698ffbd9}","Level":"4","Keywords":"0x8000000000000000","Channel":"Microsoft-Windows-Sysmon/Operational","Hostname":"WORKSTATION5.theshire.local","TimeCreated":"2020-12-19T07:00:22.217Z","@timestamp":"2020-12-19T07:00:22.217Z","EventID":12,"Message":"Registry object added or deleted:\r\nRuleName: -\r\nEventType: CreateKey\r\nUtcTime: 2020-12-19 12:00:22.210\r\nProcessGuid: {67e11d8c-eb56-5fdd-2097-000000000700}\r\nProcessId: 8920\r\nImage: C:\\windows\\system32\\schtasks.exe\r\nTargetObject: HKLM\\System\\CurrentControlSet\\Services\\Tcpip\\Parameters","Task":"12","RuleName":"-","EventType":"CreateKey","UtcTime":"2020-12-19 12:00:22.210","ProcessGuid":"{67e11d8c-eb56-5fdd-2097-000000000700}","ProcessId":"8920","Image":"C:\\windows\\system32\\schtasks.exe","TargetObject":"HKLM\\System\\CurrentControlSet\\Services\\Tcpip\\Parameters"}
{"SourceName":"Microsoft-Windows-Sysmon","ProviderGuid":"{5770385f-c22a-43e0-bf4c-06f5698ffbd9}","Level":"4","Keywords":"0x8000000000000000","Channel":"Microsoft-Windows-Sysmon/Operational","Hostname":"WORKSTATION5.theshire.local","TimeCreated":"2020-12-19T07:00:22.217Z","@timestamp":"2020-12-19T07:00:22.217Z","EventID":12,"Message":"Registry object added or deleted:\r\nRuleName: -\r\nEventType: CreateKey\r\nUtcTime: 2020-12-19 12:00:22.210\r\nProcessGuid: {67e11d8c-eb56-5fdd-2097-000000000700}\r\nProcessId: 8920\r\nImage: C:\\windows\\system32\\schtasks.exe\r\nTargetObject: HKLM\\System\\CurrentControlSet\\Services\\Tcpip\\Parameters","Task":"12","RuleName":"-","EventType":"CreateKey","UtcTime":"2020-12-19 12:00:22.210","ProcessGuid":"{67e11d8c-eb56-5fdd-2097-000000000700}","ProcessId":"8920","Image":"C:\\windows\\system32\\schtasks.exe","TargetObject":"HKLM\\System\\CurrentControlSet\\Services\\Tcpip\\Parameters"}
{"SourceName":"Microsoft-Windows-Sysmon","ProviderGuid":"{5770385f-c22a-43e0-bf4c-06f5698ffbd9}","Level":"4","Keywords":"0x8000000000000000","Channel":"Microsoft-Windows-Sysmon/Operational","Hostname":"WORKSTATION5.theshire.local","TimeCreated":"2020-12-19T07:00:22.217Z","@timestamp":"2020-12-19T07:00:22.217Z","EventID":12,"Message":"Registry object added or deleted:\r\nRuleName: -\r\nEventType: CreateKey\r\nUtcTime: 2020-12-19 12:00:22.210\r\nProcessGuid: {67e11d8c-eb56-5fdd-2097-000000000700}\r\nProcessId: 8920\r\nImage: C:\\windows\\system32\\schtasks.exe\r\nTargetObject: HKLM\\System\\CurrentControlSet\\Services\\Tcpip\\Parameters","Task":"12","RuleName":"-","EventType":"CreateKey","UtcTime":"2020-12-19 12:00:22.210","ProcessGuid":"{67e11d8c-eb56-5fdd-2097-000000000700}","ProcessId":"8920","Image":"C:\\windows\\system32\\schtasks.exe","TargetObject":"HKLM\\System\\CurrentControlSet\\Services\\Tcpip\\Parameters"}
{"SourceName":"Microsoft-Windows-Sysmon","ProviderGuid":"{5770385f-c22a-43e0-bf4c-06f5698ffbd9}","Level":"4","Keywords":"0x8000000000000000","Channel":"Microsoft-Windows-Sysmon/Operational","Hostname":"WORKSTATION5.theshire.local","TimeCreated":"2020-12-19T07:00:22.219Z","@timestamp":"2020-12-19T07:00:22.219Z","EventID":7,"Message":"Image loaded:\r\nRuleName: -\r\nUtcTime: 2020-12-19 12:00:22.210\r\nProcessGuid: {67e11d8c-eb56-5fdd-2097-000000000700}\r\nProcessId: 8920\r\nImage: C:\\Windows\\System32\\schtasks.exe\r\nImageLoaded: C:\\Windows\\System32\\mswsock.dll\r\nFileVersion: 10.0.18362.815 (WinBuild.160101.0800)\r\nDescription: Microsoft Windows Sockets 2.0 Service Provider\r\nProduct: Microsoft Windows Operating System\r\nCompany: Microsoft Corporation\r\nOriginalFileName: mswsock.dll\r\nHashes: SHA1=2E03CA141D735D13491049B4D6C2DC2B928B4C01,MD5=8578F1F72C6550CF62965D520FA7C6E9,SHA256=20008AAB6285FB2B24DE1E72D11654316FF601918FD05B7DF2F9894C64A16956,IMPHASH=E5E26C86BC73F56D7EDD17D98802AA21\r\nSigned: true\r\nSignature: Microsoft Windows\r\nSignatureStatus: Valid","Task":"7","RuleName":"-","UtcTime":"2020-12-19 12:00:22.210","ProcessGuid":"{67e11d8c-eb56-5fdd-2097-000000000700}","ProcessId":"8920","Image":"C:\\Windows\\System32\\schtasks.exe","ImageLoaded":"C:\\Windows\\System32\\mswsock.dll","FileVersion":"10.0.18362.815 (WinBuild.160101.0800)","Description":"Microsoft Windows Sockets 2.0 Service Provider","Product":"Microsoft Windows Operating System","Company":"Microsoft Corporation","OriginalFileName":"mswsock.dll","Hashes":"SHA1=2E03CA141D735D13491049B4D6C2DC2B928B4C01,MD5=8578F1F72C6550CF62965D520FA7C6E9,SHA256=20008AAB6285FB2B24DE1E72D11654316FF601918FD05B7DF2F9894C64A16956,IMPHASH=E5E26C86BC73F56D7EDD17D98802AA21","Signed":"true","Signature":"Microsoft Windows","SignatureStatus":"Valid"}
{"SourceName":"Microsoft-Windows-Sysmon","ProviderGuid":"{5770385f-c22a-43e0-bf4c-06f5698ffbd9}","Level":"4","Keywords":"0x8000000000000000","Channel":"Microsoft-Windows-Sysmon/Operational","Hostname":"WORKSTATION5.theshire.local","TimeCreated":"2020-12-19T07:00:22.225Z","@timestamp":"2020-12-19T07:00:22.225Z","EventID":7,"Message":"Image loaded:\r\nRuleName: -\r\nUtcTime: 2020-12-19 12:00:22.210\r\nProcessGuid: {67e11d8c-eb56-5fdd-2097-000000000700}\r\nProcessId: 8920\r\nImage: C:\\Windows\\System32\\schtasks.exe\r\nImageLoaded: C:\\Windows\\System32\\bcrypt.dll\r\nFileVersion: 10.0.18362.1237 (WinBuild.160101.0800)\r\nDescription: Windows Cryptographic Primitives Library\r\nProduct: Microsoft Windows Operating System\r\nCompany: Microsoft Corporation\r\nOriginalFileName: bcrypt.dll\r\nHashes: SHA1=E9491DF4CCA4A25142C4F1033AB779A9162B21A0,MD5=F046E87EF05CCC4F79A48DF5E63662F0,SHA256=F1E0E036982B18A29DF498B3755A5BD90DE016E15B623436921E6FE2356E0D2D,IMPHASH=F8A5CF8F7AF31A59E7541332D16C6ABA\r\nSigned: true\r\nSignature: Microsoft Windows\r\nSignatureStatus: Valid","Task":"7","RuleName":"-","UtcTime":"2020-12-19 12:00:22.210","ProcessGuid":"{67e11d8c-eb56-5fdd-2097-000000000700}","ProcessId":"8920","Image":"C:\\Windows\\System32\\schtasks.exe","ImageLoaded":"C:\\Windows\\System32\\bcrypt.dll","FileVersion":"10.0.18362.1237 (WinBuild.160101.0800)","Description":"Windows Cryptographic Primitives Library","Product":"Microsoft Windows Operating System","Company":"Microsoft Corporation","OriginalFileName":"bcrypt.dll","Hashes":"SHA1=E9491DF4CCA4A25142C4F1033AB779A9162B21A0,MD5=F046E87EF05CCC4F79A48DF5E63662F0,SHA256=F1E0E036982B18A29DF498B3755A5BD90DE016E15B623436921E6FE2356E0D2D,IMPHASH=F8A5CF8F7AF31A59E7541332D16C6ABA","Signed":"true","Signature":"Microsoft Windows","SignatureStatus":"Valid"}
{"SourceName":"Microsoft-Windows-Sysmon","ProviderGuid":"{5770385f-c22a-43e0-bf4c-06f5698ffbd9}","Level":"4","Keywords":"0x8000000000000000","Channel":"Microsoft-Windows-Sysmon/Operational","Hostname":"WORKSTATION5.theshire.local","TimeCreated":"2020-12-19T07:00:22.226Z","@timestamp":"2020-12-19T07:00:22.226Z","EventID":7,"Message":"Image loaded:\r\nRuleName: -\r\nUtcTime: 2020-12-19 12:00:22.210\r\nProcessGuid: {67e11d8c-eb56-5fdd-2097-000000000700}\r\nProcessId: 8920\r\nImage: C:\\Windows\\System32\\schtasks.exe\r\nImageLoaded: C:\\Windows\\System32\\rasadhlp.dll\r\nFileVersion: 10.0.18362.1 (WinBuild.160101.0800)\r\nDescription: Remote Access AutoDial Helper\r\nProduct: Microsoft Windows Operating System\r\nCompany: Microsoft Corporation\r\nOriginalFileName: rasadhlp.dll\r\nHashes: SHA1=1BC9FA692CFFE0F829EF0093FC1EC1A7CDE0FEDF,MD5=285EB69E85F9C587B55DDD5816B827A4,SHA256=B009AF1CFFE8441149B1903B7841DA14B15BEE931F6709C20655668F2019F9D8,IMPHASH=FEAF8EF2A61D5237FD324D1624A3894B\r\nSigned: true\r\nSignature: Microsoft Windows\r\nSignatureStatus: Valid","Task":"7","RuleName":"-","UtcTime":"2020-12-19 12:00:22.210","ProcessGuid":"{67e11d8c-eb56-5fdd-2097-000000000700}","ProcessId":"8920","Image":"C:\\Windows\\System32\\schtasks.exe","ImageLoaded":"C:\\Windows\\System32\\rasadhlp.dll","FileVersion":"10.0.18362.1 (WinBuild.160101.0800)","Description":"Remote Access AutoDial Helper","Product":"Microsoft Windows Operating System","Company":"Microsoft Corporation","OriginalFileName":"rasadhlp.dll","Hashes":"SHA1=1BC9FA692CFFE0F829EF0093FC1EC1A7CDE0FEDF,MD5=285EB69E85F9C587B55DDD5816B827A4,SHA256=B009AF1CFFE8441149B1903B7841DA14B15BEE931F6709C20655668F2019F9D8,IMPHASH=FEAF8EF2A61D5237FD324D1624A3894B","Signed":"true","Signature":"Microsoft Windows","SignatureStatus":"Valid"}
{"SourceName":"Microsoft-Windows-Sysmon","ProviderGuid":"{5770385f-c22a-43e0-bf4c-06f5698ffbd9}","Level":"4","Keywords":"0x8000000000000000","Channel":"Microsoft-Windows-Sysmon/Operational","Hostname":"WORKSTATION5.theshire.local","TimeCreated":"2020-12-19T07:00:22.239Z","@timestamp":"2020-12-19T07:00:22.239Z","EventID":7,"Message":"Image loaded:\r\nRuleName: -\r\nUtcTime: 2020-12-19 12:00:22.226\r\nProcessGuid: {67e11d8c-eb56-5fdd-2097-000000000700}\r\nProcessId: 8920\r\nImage: C:\\Windows\\System32\\schtasks.exe\r\nImageLoaded: C:\\Windows\\System32\\kerberos.dll\r\nFileVersion: 10.0.18362.1198 (WinBuild.160101.0800)\r\nDescription: Kerberos Security Package\r\nProduct: Microsoft Windows Operating System\r\nCompany: Microsoft Corporation\r\nOriginalFileName: kerberos.dll\r\nHashes: SHA1=F05CE52D1A910C3B006C19CF2EB35B725894E02F,MD5=97553AEDE4B61C7FC16AAE7DA94B2B3E,SHA256=F0FE004F15FA4447DA6263CF8721038F972CD7B18DA33CAFC697324E01950059,IMPHASH=B50B0756F7F0C467D73295C6BD962D8C\r\nSigned: true\r\nSignature: Microsoft Windows\r\nSignatureStatus: Valid","Task":"7","RuleName":"-","UtcTime":"2020-12-19 12:00:22.226","ProcessGuid":"{67e11d8c-eb56-5fdd-2097-000000000700}","ProcessId":"8920","Image":"C:\\Windows\\System32\\schtasks.exe","ImageLoaded":"C:\\Windows\\System32\\kerberos.dll","FileVersion":"10.0.18362.1198 (WinBuild.160101.0800)","Description":"Kerberos Security Package","Product":"Microsoft Windows Operating System","Company":"Microsoft Corporation","OriginalFileName":"kerberos.dll","Hashes":"SHA1=F05CE52D1A910C3B006C19CF2EB35B725894E02F,MD5=97553AEDE4B61C7FC16AAE7DA94B2B3E,SHA256=F0FE004F15FA4447DA6263CF8721038F972CD7B18DA33CAFC697324E01950059,IMPHASH=B50B0756F7F0C467D73295C6BD962D8C","Signed":"true","Signature":"Microsoft Windows","SignatureStatus":"Valid"}
{"SourceName":"Microsoft-Windows-Sysmon","ProviderGuid":"{5770385f-c22a-43e0-bf4c-06f5698ffbd9}","Level":"4","Keywords":"0x8000000000000000","Channel":"Microsoft-Windows-Sysmon/Operational","Hostname":"WORKSTATION5.theshire.local","TimeCreated":"2020-12-19T07:00:22.240Z","@timestamp":"2020-12-19T07:00:22.240Z","EventID":7,"Message":"Image loaded:\r\nRuleName: -\r\nUtcTime: 2020-12-19 12:00:22.226\r\nProcessGuid: {67e11d8c-eb56-5fdd-2097-000000000700}\r\nProcessId: 8920\r\nImage: C:\\Windows\\System32\\schtasks.exe\r\nImageLoaded: C:\\Windows\\System32\\msasn1.dll\r\nFileVersion: 10.0.18362.1 (WinBuild.160101.0800)\r\nDescription: ASN.1 Runtime APIs\r\nProduct: Microsoft Windows Operating System\r\nCompany: Microsoft Corporation\r\nOriginalFileName: msasn1.dll\r\nHashes: SHA1=F1F2A398A07419B588494558430A141884AD66EF,MD5=23D95BFDCD23EC6AFFF7E4B0703CE464,SHA256=18DE438E2C068383700C5A87423B70B251302F0D5107F331BC7EDE5097504907,IMPHASH=F79599CA729D557E0381EC0A41471A27\r\nSigned: true\r\nSignature: Microsoft Windows\r\nSignatureStatus: Valid","Task":"7","RuleName":"-","UtcTime":"2020-12-19 12:00:22.226","ProcessGuid":"{67e11d8c-eb56-5fdd-2097-000000000700}","ProcessId":"8920","Image":"C:\\Windows\\System32\\schtasks.exe","ImageLoaded":"C:\\Windows\\System32\\msasn1.dll","FileVersion":"10.0.18362.1 (WinBuild.160101.0800)","Description":"ASN.1 Runtime APIs","Product":"Microsoft Windows Operating System","Company":"Microsoft Corporation","OriginalFileName":"msasn1.dll","Hashes":"SHA1=F1F2A398A07419B588494558430A141884AD66EF,MD5=23D95BFDCD23EC6AFFF7E4B0703CE464,SHA256=18DE438E2C068383700C5A87423B70B251302F0D5107F331BC7EDE5097504907,IMPHASH=F79599CA729D557E0381EC0A41471A27","Signed":"true","Signature":"Microsoft Windows","SignatureStatus":"Valid"}
{"SourceName":"Microsoft-Windows-Sysmon","ProviderGuid":"{5770385f-c22a-43e0-bf4c-06f5698ffbd9}","Level":"4","Keywords":"0x8000000000000000","Channel":"Microsoft-Windows-Sysmon/Operational","Hostname":"WORKSTATION5.theshire.local","TimeCreated":"2020-12-19T07:00:22.240Z","@timestamp":"2020-12-19T07:00:22.240Z","EventID":7,"Message":"Image loaded:\r\nRuleName: -\r\nUtcTime: 2020-12-19 12:00:22.226\r\nProcessGuid: {67e11d8c-eb56-5fdd-2097-000000000700}\r\nProcessId: 8920\r\nImage: C:\\Windows\\System32\\schtasks.exe\r\nImageLoaded: C:\\Windows\\System32\\cryptdll.dll\r\nFileVersion: 10.0.18362.113 (WinBuild.160101.0800)\r\nDescription: Cryptography Manager\r\nProduct: Microsoft Windows Operating System\r\nCompany: Microsoft Corporation\r\nOriginalFileName: cryptdll.dll\r\nHashes: SHA1=BE97D68743A482E079B2444C526B2807A1A4944B,MD5=D688CD24DFA347ED9C3EFD8F7756D404,SHA256=F4BA3B1A3CFE6C67562642F012D1567510DA4BEFFA27FD4B4257A500158FC011,IMPHASH=EEE9E3C69E3AA8A672BA845111314DF0\r\nSigned: true\r\nSignature: Microsoft Windows\r\nSignatureStatus: Valid","Task":"7","RuleName":"-","UtcTime":"2020-12-19 12:00:22.226","ProcessGuid":"{67e11d8c-eb56-5fdd-2097-000000000700}","ProcessId":"8920","Image":"C:\\Windows\\System32\\schtasks.exe","ImageLoaded":"C:\\Windows\\System32\\cryptdll.dll","FileVersion":"10.0.18362.113 (WinBuild.160101.0800)","Description":"Cryptography Manager","Product":"Microsoft Windows Operating System","Company":"Microsoft Corporation","OriginalFileName":"cryptdll.dll","Hashes":"SHA1=BE97D68743A482E079B2444C526B2807A1A4944B,MD5=D688CD24DFA347ED9C3EFD8F7756D404,SHA256=F4BA3B1A3CFE6C67562642F012D1567510DA4BEFFA27FD4B4257A500158FC011,IMPHASH=EEE9E3C69E3AA8A672BA845111314DF0","Signed":"true","Signature":"Microsoft Windows","SignatureStatus":"Valid"}
{"SourceName":"Microsoft-Windows-Sysmon","ProviderGuid":"{5770385f-c22a-43e0-bf4c-06f5698ffbd9}","Level":"4","Keywords":"0x8000000000000000","Channel":"Microsoft-Windows-Sysmon/Operational","Hostname":"WORKSTATION5.theshire.local","TimeCreated":"2020-12-19T07:00:22.241Z","@timestamp":"2020-12-19T07:00:22.241Z","EventID":7,"Message":"Image loaded:\r\nRuleName: -\r\nUtcTime: 2020-12-19 12:00:22.210\r\nProcessGuid: {67e11d8c-eb56-5fdd-2097-000000000700}\r\nProcessId: 8920\r\nImage: C:\\Windows\\System32\\schtasks.exe\r\nImageLoaded: C:\\Windows\\System32\\FWPUCLNT.DLL\r\nFileVersion: 10.0.18362.1110 (WinBuild.160101.0800)\r\nDescription: FWP/IPsec User-Mode API\r\nProduct: Microsoft Windows Operating System\r\nCompany: Microsoft Corporation\r\nOriginalFileName: fwpuclnt.dll\r\nHashes: SHA1=A28C972B02687B3B4AC7B03A0B275580039D130B,MD5=B09AEAF6E34557F371609E8C5349CEED,SHA256=EF6A74EBB63FE5B8108BE3B296C86C0C3AE14E240110B78D27E7D3EA491B1F9D,IMPHASH=AFD4C9F86C7354898594DD6BBF32C51F\r\nSigned: true\r\nSignature: Microsoft Windows\r\nSignatureStatus: Valid","Task":"7","RuleName":"-","UtcTime":"2020-12-19 12:00:22.210","ProcessGuid":"{67e11d8c-eb56-5fdd-2097-000000000700}","ProcessId":"8920","Image":"C:\\Windows\\System32\\schtasks.exe","ImageLoaded":"C:\\Windows\\System32\\FWPUCLNT.DLL","FileVersion":"10.0.18362.1110 (WinBuild.160101.0800)","Description":"FWP/IPsec User-Mode API","Product":"Microsoft Windows Operating System","Company":"Microsoft Corporation","OriginalFileName":"fwpuclnt.dll","Hashes":"SHA1=A28C972B02687B3B4AC7B03A0B275580039D130B,MD5=B09AEAF6E34557F371609E8C5349CEED,SHA256=EF6A74EBB63FE5B8108BE3B296C86C0C3AE14E240110B78D27E7D3EA491B1F9D,IMPHASH=AFD4C9F86C7354898594DD6BBF32C51F","Signed":"true","Signature":"Microsoft Windows","SignatureStatus":"Valid"}
{"SourceName":"Microsoft-Windows-Sysmon","ProviderGuid":"{5770385f-c22a-43e0-bf4c-06f5698ffbd9}","Level":"4","Keywords":"0x8000000000000000","Channel":"Microsoft-Windows-Sysmon/Operational","Hostname":"WORKSTATION5.theshire.local","TimeCreated":"2020-12-19T07:00:22.244Z","@timestamp":"2020-12-19T07:00:22.244Z","EventID":7,"Message":"Image loaded:\r\nRuleName: -\r\nUtcTime: 2020-12-19 12:00:22.242\r\nProcessGuid: {67e11d8c-eb56-5fdd-2097-000000000700}\r\nProcessId: 8920\r\nImage: C:\\Windows\\System32\\schtasks.exe\r\nImageLoaded: C:\\Windows\\System32\\xmllite.dll\r\nFileVersion: 10.0.18362.295 (WinBuild.160101.0800)\r\nDescription: Microsoft XmlLite Library\r\nProduct: Microsoft Windows Operating System\r\nCompany: Microsoft Corporation\r\nOriginalFileName: XmlLite.dll\r\nHashes: SHA1=FB6ADE3D35C1626D7F5850FF769CFAFCA054B361,MD5=57AFA1814E9E233D10E292CEE05B8E75,SHA256=7A60AF81739055B478E6246D13587C3E09C53338CCD143A7C3C9A5A8F4723DCC,IMPHASH=D2E0F3F026362C9BF4BA56FA26B36D50\r\nSigned: true\r\nSignature: Microsoft Windows\r\nSignatureStatus: Valid","Task":"7","RuleName":"-","UtcTime":"2020-12-19 12:00:22.242","ProcessGuid":"{67e11d8c-eb56-5fdd-2097-000000000700}","ProcessId":"8920","Image":"C:\\Windows\\System32\\schtasks.exe","ImageLoaded":"C:\\Windows\\System32\\xmllite.dll","FileVersion":"10.0.18362.295 (WinBuild.160101.0800)","Description":"Microsoft XmlLite Library","Product":"Microsoft Windows Operating System","Company":"Microsoft Corporation","OriginalFileName":"XmlLite.dll","Hashes":"SHA1=FB6ADE3D35C1626D7F5850FF769CFAFCA054B361,MD5=57AFA1814E9E233D10E292CEE05B8E75,SHA256=7A60AF81739055B478E6246D13587C3E09C53338CCD143A7C3C9A5A8F4723DCC,IMPHASH=D2E0F3F026362C9BF4BA56FA26B36D50","Signed":"true","Signature":"Microsoft Windows","SignatureStatus":"Valid"}
{"SourceName":"Microsoft-Windows-Sysmon","ProviderGuid":"{5770385f-c22a-43e0-bf4c-06f5698ffbd9}","Level":"4","Keywords":"0x8000000000000000","Channel":"Microsoft-Windows-Sysmon/Operational","Hostname":"WORKSTATION5.theshire.local","TimeCreated":"2020-12-19T07:00:22.266Z","@timestamp":"2020-12-19T07:00:22.266Z","EventID":5,"Message":"Process terminated:\r\nRuleName: -\r\nUtcTime: 2020-12-19 12:00:22.257\r\nProcessGuid: {67e11d8c-eb56-5fdd-2097-000000000700}\r\nProcessId: 8920\r\nImage: C:\\Windows\\System32\\schtasks.exe","Task":"5","RuleName":"-","UtcTime":"2020-12-19 12:00:22.257","ProcessGuid":"{67e11d8c-eb56-5fdd-2097-000000000700}","ProcessId":"8920","Image":"C:\\Windows\\System32\\schtasks.exe"}
{"SourceName":"Microsoft-Windows-Sysmon","ProviderGuid":"{5770385f-c22a-43e0-bf4c-06f5698ffbd9}","Level":"4","Keywords":"0x8000000000000000","Channel":"Microsoft-Windows-Sysmon/Operational","Hostname":"WORKSTATION5.theshire.local","TimeCreated":"2020-12-19T07:00:22.269Z","@timestamp":"2020-12-19T07:00:22.269Z","EventID":11,"Message":"File created:\r\nRuleName: -\r\nUtcTime: 2020-12-19 12:00:22.257\r\nProcessGuid: {67e11d8c-876e-5fd0-2d00-000000000700}\r\nProcessId: 1920\r\nImage: C:\\windows\\system32\\svchost.exe\r\nTargetFilename: C:\\Windows\\Prefetch\\SCHTASKS.EXE-5CA45734.pf\r\nCreationUtcTime: 2020-12-16 13:18:25.300","Task":"11","RuleName":"-","UtcTime":"2020-12-19 12:00:22.257","ProcessGuid":"{67e11d8c-876e-5fd0-2d00-000000000700}","ProcessId":"1920","Image":"C:\\windows\\system32\\svchost.exe","TargetFilename":"C:\\Windows\\Prefetch\\SCHTASKS.EXE-5CA45734.pf","CreationUtcTime":"2020-12-16 13:18:25.300"}
{"SourceName":"Microsoft-Windows-Sysmon","ProviderGuid":"{5770385f-c22a-43e0-bf4c-06f5698ffbd9}","Level":"4","Keywords":"0x8000000000000000","Channel":"Microsoft-Windows-Sysmon/Operational","Hostname":"WORKSTATION5.theshire.local","TimeCreated":"2020-12-19T07:00:22.270Z","@timestamp":"2020-12-19T07:00:22.270Z","EventID":5,"Message":"Process terminated:\r\nRuleName: -\r\nUtcTime: 2020-12-19 12:00:22.257\r\nProcessGuid: {67e11d8c-eb56-5fdd-1f97-000000000700}\r\nProcessId: 460\r\nImage: C:\\Windows\\System32\\cmd.exe","Task":"5","RuleName":"-","UtcTime":"2020-12-19 12:00:22.257","ProcessGuid":"{67e11d8c-eb56-5fdd-1f97-000000000700}","ProcessId":"460","Image":"C:\\Windows\\System32\\cmd.exe"}
{"SourceName":"Microsoft-Windows-Sysmon","ProviderGuid":"{5770385f-c22a-43e0-bf4c-06f5698ffbd9}","Level":"4","Keywords":"0x8000000000000000","Channel":"Microsoft-Windows-Sysmon/Operational","Hostname":"WORKSTATION5.theshire.local","TimeCreated":"2020-12-19T07:00:22.271Z","@timestamp":"2020-12-19T07:00:22.271Z","EventID":13,"Message":"Registry value set:\r\nRuleName: -\r\nEventType: SetValue\r\nUtcTime: 2020-12-19 12:00:22.257\r\nProcessGuid: {67e11d8c-eb56-5fdd-1f97-000000000700}\r\nProcessId: 460\r\nImage: C:\\Windows\\system32\\cmd.exe\r\nTargetObject: HKLM\\System\\CurrentControlSet\\Services\\bam\\State\\UserSettings\\S-1-5-21-3786818125-2382361537-3207726629-1104\\\\Device\\HarddiskVolume2\\Windows\\System32\\cmd.exe\r\nDetails: Binary Data","Task":"13","RuleName":"-","EventType":"SetValue","UtcTime":"2020-12-19 12:00:22.257","ProcessGuid":"{67e11d8c-eb56-5fdd-1f97-000000000700}","ProcessId":"460","Image":"C:\\Windows\\system32\\cmd.exe","TargetObject":"HKLM\\System\\CurrentControlSet\\Services\\bam\\State\\UserSettings\\S-1-5-21-3786818125-2382361537-3207726629-1104\\\\Device\\HarddiskVolume2\\Windows\\System32\\cmd.exe","Details":"Binary Data"}
