{"SourceName":"Microsoft-Windows-Sysmon","ProviderGuid":"{5770385f-c22a-43e0-bf4c-06f5698ffbd9}","Level":"4","Keywords":"0x8000000000000000","Channel":"Microsoft-Windows-Sysmon/Operational","Hostname":"WORKSTATION5.theshire.local","TimeCreated":"2020-12-19T07:00:22.276Z","@timestamp":"2020-12-19T07:00:22.276Z","EventID":11,"Message":"File created:\r\nRuleName: -\r\nUtcTime: 2020-12-19 12:00:22.273\r\nProcessGuid: {67e11d8c-876e-5fd0-2d00-000000000700}\r\nProcessId: 1920\r\nImage: C:\\windows\\system32\\svchost.exe\r\nTargetFilename: C:\\Windows\\Prefetch\\CMD.EXE-4A81B364.pf\r\nCreationUtcTime: 2020-11-30 09:49:01.471","Task":"11","RuleName":"-","UtcTime":"2020-12-19 12:00:22.273","ProcessGuid":"{67e11d8c-876e-5fd0-2d00-000000000700}","ProcessId":"1920","Image":"C:\\windows\\system32\\svchost.exe","TargetFilename":"C:\\Windows\\Prefetch\\CMD.EXE-4A81B364.pf","CreationUtcTime":"2020-11-30 09:49:01.471"}
{"SourceName":"Microsoft-Windows-Sysmon","ProviderGuid":"{5770385f-c22a-43e0-bf4c-06f5698ffbd9}","Level":"4","Keywords":"0x8000000000000000","Channel":"Microsoft-Windows-Sysmon/Operational","Hostname":"WORKSTATION5.theshire.local","TimeCreated":"2020-12-19T07:00:22.540Z","@timestamp":"2020-12-19T07:00:22.540Z","EventID":10,"Message":"Process accessed:\r\nRuleName: -\r\nUtcTime: 2020-12-19 12:00:22.539\r\nSourceProcessGUID: {67e11d8c-876a-5fd0-1000-000000000700}\r\nSourceProcessId: 932\r\nSourceThreadId: 400\r\nSourceImage: C:\\windows\\system32\\svchost.exe\r\nTargetProcessGUID: {67e11d8c-781f-5fd2-8714-000000000700}\r\nTargetProcessId: 8140\r\nTargetImage: C:\\Windows\\SystemApps\\InputApp_cw5n1h2txyewy\\WindowsInternal.ComposableShell.Experiences.TextInput.InputApp.exe\r\nGrantedAccess: 0x1000\r\nCallTrace: C:\\windows\\SYSTEM32\\ntdll.dll+9cbb4|C:\\windows\\SYSTEM32\\psmserviceexthost.dll+222a3|C:\\windows\\SYSTEM32\\psmserviceexthost.dll+37ea0|C:\\windows\\SYSTEM32\\psmserviceexthost.dll+37929|C:\\windows\\SYSTEM32\\psmserviceexthost.dll+686f8|C:\\windows\\SYSTEM32\\psmserviceexthost.dll+6e84a|C:\\windows\\SYSTEM32\\psmserviceexthost.dll+6f700|C:\\windows\\SYSTEM32\\psmserviceexthost.dll+34be4|C:\\windows\\SYSTEM32\\psmserviceexthost.dll+6f63e|C:\\windows\\SYSTEM32\\psmserviceexthost.dll+713b5|C:\\windows\\SYSTEM32\\psmserviceexthost.dll+50bda|C:\\windows\\SYSTEM32\\psmserviceexthost.dll+4500a|C:\\windows\\System32\\KERNEL32.DLL+17c24|C:\\windows\\SYSTEM32\\ntdll.dll+6d4d1","Task":"10","RuleName":"-","UtcTime":"2020-12-19 12:00:22.539","SourceProcessGUID":"{67e11d8c-876a-5fd0-1000-000000000700}","SourceProcessId":"932","SourceThreadId":"400","SourceImage":"C:\\windows\\system32\\svchost.exe","TargetProcessGUID":"{67e11d8c-781f-5fd2-8714-000000000700}","TargetProcessId":"8140","TargetImage":"C:\\Windows\\SystemApps\\InputApp_cw5n1h2txyewy\\WindowsInternal.ComposableShell.Experiences.TextInput.InputApp.exe","GrantedAccess":"0x1000","CallTrace":"C:\\windows\\SYSTEM32\\ntdll.dll+9cbb4|C:\\windows\\SYSTEM32\\psmserviceexthost.dll+222a3|C:\\windows\\SYSTEM32\\psmserviceexthost.dll+37ea0|C:\\windows\\SYSTEM32\\psmserviceexthost.dll+37929|C:\\windows\\SYSTEM32\\psmserviceexthost.dll+686f8|C:\\windows\\SYSTEM32\\psmserviceexthost.dll+6e84a|C:\\windows\\SYSTEM32\\psmserviceexthost.dll+6f700|C:\\windows\\SYSTEM32\\psmserviceexthost.dll+34be4|C:\\windows\\SYSTEM32\\psmserviceexthost.dll+6f63e|C:\\windows\\SYSTEM32\\psmserviceexthost.dll+713b5|C:\\windows\\SYSTEM32\\psmserviceexthost.dll+50bda|C:\\windows\\SYSTEM32\\psmserviceexthost.dll+4500a|C:\\windows\\System32\\KERNEL32.DLL+17c24|C:\\windows\\SYSTEM32\\ntdll.dll+6d4d1"}
{"SourceName":"Microsoft-Windows-Sysmon","ProviderGuid":"{5770385f-c22a-43e0-bf4c-06f5698ffbd9}","Level":"4","Keywords":"0x8000000000000000","Channel":"Microsoft-Windows-Sysmon/Operational","Hostname":"WORKSTATION5.theshire.local","TimeCreated":"2020-12-19T07:00:23.211Z","@timestamp":"2020-12-19T07:00:23.211Z","EventID":22,"Message":"Dns query:\r\nRuleName: -\r\nUtcTime: 2020-12-19 11:59:21.004\r\nProcessGuid: {00000000-0000-0000-0000-000000000000}\r\nProcessId: 8920\r\nQueryName: WORKSTATION6\r\nQueryStatus: 0\r\nQueryResults: ::ffff:172.18.39.6;\r\nImage: \u003cunknown process\u003e","Task":"22","RuleName":"-","UtcTime":"2020-12-19 11:59:21.004","ProcessGuid":"{00000000-0000-0000-0000-000000000000}","ProcessId":"8920","QueryName":"WORKSTATION6","QueryStatus":"0","QueryResults":"::ffff:172.18.39.6;","Image":"\u003cunknown process\u003e"}
{"SourceName":"Microsoft-Windows-Sysmon","ProviderGuid":"{5770385f-c22a-43e0-bf4c-06f5698ffbd9}","Level":"4","Keywords":"0x8000000000000000","Channel":"Microsoft-Windows-Sysmon/Operational","Hostname":"WORKSTATION5.theshire.local","TimeCreated":"2020-12-19T07:00:23.430Z","@timestamp":"2020-12-19T07:00:23.430Z","EventID":3,"Message":"Network connection detected:\r\nRuleName: -\r\nUtcTime: 2020-12-19 11:59:21.008\r\nProcessGuid: {00000000-0000-0000-0000-000000000000}\r\nProcessId: 8920\r\nImage: \u003cunknown process\u003e\r\nUser: -\r\nProtocol: tcp\r\nInitiated: true\r\nSourceIsIpv6: false\r\nSourceIp: 172.18.39.5\r\nSourceHostname: -\r\nSourcePort: 56587\r\nSourcePortName: -\r\nDestinationIsIpv6: false\r\nDestinationIp: 172.18.39.6\r\nDestinationHostname: -\r\nDestinationPort: 135\r\nDestinationPortName: -","Task":"3","RuleName":"-","UtcTime":"2020-12-19 11:59:21.008","ProcessGuid":"{00000000-0000-0000-0000-000000000000}","ProcessId":"8920","Image":"\u003cunknown process\u003e","User":"-","Protocol":"tcp","Initiated":"true","SourceIsIpv6":"false","SourceIp":"172.18.39.5","SourceHostname":"-","SourcePort":"56587","SourcePortName":"-","DestinationIsIpv6":"false","DestinationIp":"172.18.39.6","DestinationHostname":"-","DestinationPort":"135","DestinationPortName":"-"}
{"SourceName":"Microsoft-Windows-Sysmon","ProviderGuid":"{5770385f-c22a-43e0-bf4c-06f5698ffbd9}","Level":"4","Keywords":"0x8000000000000000","Channel":"Microsoft-Windows-Sysmon/Operational","Hostname":"WORKSTATION5.theshire.local","TimeCreated":"2020-12-19T07:00:23.430Z","@timestamp":"2020-12-19T07:00:23.430Z","EventID":3,"Message":"Network connection detected:\r\nRuleName: -\r\nUtcTime: 2020-12-19 11:59:21.013\r\nProcessGuid: {00000000-0000-0000-0000-000000000000}\r\nProcessId: 8920\r\nImage: \u003cunknown process\u003e\r\nUser: -\r\nProtocol: tcp\r\nInitiated: true\r\nSourceIsIpv6: false\r\nSourceIp: 172.18.39.5\r\nSourceHostname: -\r\nSourcePort: 56588\r\nSourcePortName: -\r\nDestinationIsIpv6: false\r\nDestinationIp: 172.18.39.6\r\nDestinationHostname: -\r\nDestinationPort: 49671\r\nDestinationPortName: -","Task":"3","RuleName":"-","UtcTime":"2020-12-19 11:59:21.013","ProcessGuid":"{00000000-0000-0000-0000-000000000000}","ProcessId":"8920","Image":"\u003cunknown process\u003e","User":"-","Protocol":"tcp","Initiated":"true","SourceIsIpv6":"false","SourceIp":"172.18.39.5","SourceHostname":"-","SourcePort":"56588","SourcePortName":"-","DestinationIsIpv6":"false","DestinationIp":"172.18.39.6","DestinationHostname":"-","DestinationPort":"49671","DestinationPortName":"-"}
{"SourceName":"Microsoft-Windows-Sysmon","ProviderGuid":"{5770385f-c22a-43e0-bf4c-06f5698ffbd9}","Level":"4","Keywords":"0x8000000000000000","Channel":"Microsoft-Windows-Sysmon/Operational","Hostname":"WORKSTATION5.theshire.local","TimeCreated":"2020-12-19T07:00:23.540Z","@timestamp":"2020-12-19T07:00:23.540Z","EventID":10,"Message":"Process accessed:\r\nRuleName: -\r\nUtcTime: 2020-12-19 12:00:23.539\r\nSourceProcessGUID: {67e11d8c-876a-5fd0-1000-000000000700}\r\nSourceProcessId: 932\r\nSourceThreadId: 400\r\nSourceImage: C:\\windows\\system32\\svchost.exe\r\nTargetProcessGUID: {67e11d8c-781f-5fd2-8714-000000000700}\r\nTargetProcessId: 8140\r\nTargetImage: C:\\Windows\\SystemApps\\InputApp_cw5n1h2txyewy\\WindowsInternal.ComposableShell.Experiences.TextInput.InputApp.exe\r\nGrantedAccess: 0x1000\r\nCallTrace: C:\\windows\\SYSTEM32\\ntdll.dll+9cbb4|C:\\windows\\SYSTEM32\\psmserviceexthost.dll+222a3|C:\\windows\\SYSTEM32\\psmserviceexthost.dll+37ea0|C:\\windows\\SYSTEM32\\psmserviceexthost.dll+37929|C:\\windows\\SYSTEM32\\psmserviceexthost.dll+686f8|C:\\windows\\SYSTEM32\\psmserviceexthost.dll+6e84a|C:\\windows\\SYSTEM32\\psmserviceexthost.dll+6f700|C:\\windows\\SYSTEM32\\psmserviceexthost.dll+34be4|C:\\windows\\SYSTEM32\\psmserviceexthost.dll+6f63e|C:\\windows\\SYSTEM32\\psmserviceexthost.dll+713b5|C:\\windows\\SYSTEM32\\psmserviceexthost.dll+50bda|C:\\windows\\SYSTEM32\\psmserviceexthost.dll+4500a|C:\\windows\\System32\\KERNEL32.DLL+17c24|C:\\windows\\SYSTEM32\\ntdll.dll+6d4d1","Task":"10","RuleName":"-","UtcTime":"2020-12-19 12:00:23.539","SourceProcessGUID":"{67e11d8c-876a-5fd0-1000-000000000700}","SourceProcessId":"932","SourceThreadId":"400","SourceImage":"C:\\windows\\system32\\svchost.exe","TargetProcessGUID":"{67e11d8c-781f-5fd2-8714-000000000700}","TargetProcessId":"8140","TargetImage":"C:\\Windows\\SystemApps\\InputApp_cw5n1h2txyewy\\WindowsInternal.ComposableShell.Experiences.TextInput.InputApp.exe","GrantedAccess":"0x1000","CallTrace":"C:\\windows\\SYSTEM32\\ntdll.dll+9cbb4|C:\\windows\\SYSTEM32\\psmserviceexthost.dll+222a3|C:\\windows\\SYSTEM32\\psmserviceexthost.dll+37ea0|C:\\windows\\SYSTEM32\\psmserviceexthost.dll+37929|C:\\windows\\SYSTEM32\\psmserviceexthost.dll+686f8|C:\\windows\\SYSTEM32\\psmserviceexthost.dll+6e84a|C:\\windows\\SYSTEM32\\psmserviceexthost.dll+6f700|C:\\windows\\SYSTEM32\\psmserviceexthost.dll+34be4|C:\\windows\\SYSTEM32\\psmserviceexthost.dll+6f63e|C:\\windows\\SYSTEM32\\psmserviceexthost.dll+713b5|C:\\windows\\SYSTEM32\\psmserviceexthost.dll+50bda|C:\\windows\\SYSTEM32\\psmserviceexthost.dll+4500a|C:\\windows\\System32\\KERNEL32.DLL+17c24|C:\\windows\\SYSTEM32\\ntdll.dll+6d4d1"}
{"SourceName":"Microsoft-Windows-Sysmon","ProviderGuid":"{5770385f-c22a-43e0-bf4c-06f5698ffbd9}","Level":"4","Keywords":"0x8000000000000000","Channel":"Microsoft-Windows-Sysmon/Operational","Hostname":"WORKSTATION5.theshire.local","TimeCreated":"2020-12-19T07:00:23.935Z","@timestamp":"2020-12-19T07:00:23.935Z","EventID":10,"Message":"Process accessed:\r\nRuleName: -\r\nUtcTime: 2020-12-19 12:00:23.914\r\nSourceProcessGUID: {67e11d8c-77f6-5fd2-6714-000000000700}\r\nSourceProcessId: 2724\r\nSourceThreadId: 2588\r\nSourceImage: C:\\windows\\Explorer.EXE\r\nTargetProcessGUID: {67e11d8c-e2c7-5fdd-a596-000000000700}\r\nTargetProcessId: 1140\r\nTargetImage: C:\\Windows\\System32\\WindowsPowerShell\\v1.0\\powershell.exe\r\nGrantedAccess: 0x1000\r\nCallTrace: C:\\windows\\SYSTEM32\\ntdll.dll+9cbb4|C:\\windows\\System32\\KERNELBASE.dll+305fe|C:\\windows\\SYSTEM32\\TWINAPI.dll+6cd3|C:\\windows\\system32\\twinui.pcshell.dll+20880|C:\\windows\\system32\\twinui.pcshell.dll+20082|C:\\windows\\system32\\twinui.dll+1780b|C:\\windows\\system32\\twinui.dll+1734c|C:\\windows\\system32\\twinui.dll+68f7a|C:\\windows\\system32\\twinui.dll+16e09|C:\\windows\\system32\\twinui.dll+16f4b|C:\\windows\\system32\\twinui.dll+16ecd|C:\\windows\\System32\\USER32.dll+15c1d|C:\\windows\\System32\\USER32.dll+15612|C:\\Windows\\System32\\windows.immersiveshell.serviceprovider.dll+45f0|C:\\Windows\\System32\\windows.immersiveshell.serviceprovider.dll+41b9|C:\\Windows\\System32\\windows.immersiveshell.serviceprovider.dll+3e4f|C:\\windows\\System32\\KERNEL32.DLL+17c24|C:\\windows\\SYSTEM32\\ntdll.dll+6d4d1","Task":"10","RuleName":"-","UtcTime":"2020-12-19 12:00:23.914","SourceProcessGUID":"{67e11d8c-77f6-5fd2-6714-000000000700}","SourceProcessId":"2724","SourceThreadId":"2588","SourceImage":"C:\\windows\\Explorer.EXE","TargetProcessGUID":"{67e11d8c-e2c7-5fdd-a596-000000000700}","TargetProcessId":"1140","TargetImage":"C:\\Windows\\System32\\WindowsPowerShell\\v1.0\\powershell.exe","GrantedAccess":"0x1000","CallTrace":"C:\\windows\\SYSTEM32\\ntdll.dll+9cbb4|C:\\windows\\System32\\KERNELBASE.dll+305fe|C:\\windows\\SYSTEM32\\TWINAPI.dll+6cd3|C:\\windows\\system32\\twinui.pcshell.dll+20880|C:\\windows\\system32\\twinui.pcshell.dll+20082|C:\\windows\\system32\\twinui.dll+1780b|C:\\windows\\system32\\twinui.dll+1734c|C:\\windows\\system32\\twinui.dll+68f7a|C:\\windows\\system32\\twinui.dll+16e09|C:\\windows\\system32\\twinui.dll+16f4b|C:\\windows\\system32\\twinui.dll+16ecd|C:\\windows\\System32\\USER32.dll+15c1d|C:\\windows\\System32\\USER32.dll+15612|C:\\Windows\\System32\\windows.immersiveshell.serviceprovider.dll+45f0|C:\\Windows\\System32\\windows.immersiveshell.serviceprovider.dll+41b9|C:\\Windows\\System32\\windows.immersiveshell.serviceprovider.dll+3e4f|C:\\windows\\System32\\KERNEL32.DLL+17c24|C:\\windows\\SYSTEM32\\ntdll.dll+6d4d1"}
{"SourceName":"Microsoft-Windows-Sysmon","ProviderGuid":"{5770385f-c22a-43e0-bf4c-06f5698ffbd9}","Level":"4","Keywords":"0x8000000000000000","Channel":"Microsoft-Windows-Sysmon/Operational","Hostname":"WORKSTATION5.theshire.local","TimeCreated":"2020-12-19T07:00:23.935Z","@timestamp":"2020-12-19T07:00:23.935Z","EventID":10,"Message":"Process accessed:\r\nRuleName: -\r\nUtcTime: 2020-12-19 12:00:23.914\r\nSourceProcessGUID: {67e11d8c-77f6-5fd2-6714-000000000700}\r\nSourceProcessId: 2724\r\nSourceThreadId: 2588\r\nSourceImage: C:\\windows\\Explorer.EXE\r\nTargetProcessGUID: {67e11d8c-781f-5fd2-8714-000000000700}\r\nTargetProcessId: 8140\r\nTargetImage: C:\\Windows\\SystemApps\\InputApp_cw5n1h2txyewy\\WindowsInternal.ComposableShell.Experiences.TextInput.InputApp.exe\r\nGrantedAccess: 0x2000\r\nCallTrace: C:\\windows\\SYSTEM32\\ntdll.dll+9cbb4|C:\\windows\\System32\\KERNELBASE.dll+305fe|C:\\windows\\system32\\twinui.dll+72a89|C:\\windows\\system32\\twinui.dll+785b2|C:\\windows\\system32\\twinui.dll+1780b|C:\\windows\\system32\\twinui.dll+1734c|C:\\windows\\system32\\twinui.dll+68f7a|C:\\windows\\system32\\twinui.dll+16e09|C:\\windows\\system32\\twinui.dll+16f4b|C:\\windows\\system32\\twinui.dll+16ecd|C:\\windows\\System32\\USER32.dll+15c1d|C:\\windows\\System32\\USER32.dll+15612|C:\\Windows\\System32\\windows.immersiveshell.serviceprovider.dll+45f0|C:\\Windows\\System32\\windows.immersiveshell.serviceprovider.dll+41b9|C:\\Windows\\System32\\windows.immersiveshell.serviceprovider.dll+3e4f|C:\\windows\\System32\\KERNEL32.DLL+17c24|C:\\windows\\SYSTEM32\\ntdll.dll+6d4d1","Task":"10","RuleName":"-","UtcTime":"2020-12-19 12:00:23.914","SourceProcessGUID":"{67e11d8c-77f6-5fd2-6714-000000000700}","SourceProcessId":"2724","SourceThreadId":"2588","SourceImage":"C:\\windows\\Explorer.EXE","TargetProcessGUID":"{67e11d8c-781f-5fd2-8714-000000000700}","TargetProcessId":"8140","TargetImage":"C:\\Windows\\SystemApps\\InputApp_cw5n1h2txyewy\\WindowsInternal.ComposableShell.Experiences.TextInput.InputApp.exe","GrantedAccess":"0x2000","CallTrace":"C:\\windows\\SYSTEM32\\ntdll.dll+9cbb4|C:\\windows\\System32\\KERNELBASE.dll+305fe|C:\\windows\\system32\\twinui.dll+72a89|C:\\windows\\system32\\twinui.dll+785b2|C:\\windows\\system32\\twinui.dll+1780b|C:\\windows\\system32\\twinui.dll+1734c|C:\\windows\\system32\\twinui.dll+68f7a|C:\\windows\\system32\\twinui.dll+16e09|C:\\windows\\system32\\twinui.dll+16f4b|C:\\windows\\system32\\twinui.dll+16ecd|C:\\windows\\System32\\USER32.dll+15c1d|C:\\windows\\System32\\USER32.dll+15612|C:\\Windows\\System32\\windows.immersiveshell.serviceprovider.dll+45f0|C:\\Windows\\System32\\windows.immersiveshell.serviceprovider.dll+41b9|C:\\Windows\\System32\\windows.immersiveshell.serviceprovider.dll+3e4f|C:\\windows\\System32\\KERNEL32.DLL+17c24|C:\\windows\\SYSTEM32\\ntdll.dll+6d4d1"}
{"SourceName":"Microsoft-Windows-Sysmon","ProviderGuid":"{5770385f-c22a-43e0-bf4c-06f5698ffbd9}","Level":"4","Keywords":"0x8000000000000000","Channel":"Microsoft-Windows-Sysmon/Operational","Hostname":"WORKSTATION5.theshire.local","TimeCreated":"2020-12-19T07:00:23.935Z","@timestamp":"2020-12-19T07:00:23.935Z","EventID":10,"Message":"Process accessed:\r\nRuleName: -\r\nUtcTime: 2020-12-19 12:00:23.914\r\nSourceProcessGUID: {67e11d8c-77f6-5fd2-6714-000000000700}\r\nSourceProcessId: 2724\r\nSourceThreadId: 4188\r\nSourceImage: C:\\windows\\Explorer.EXE\r\nTargetProcessGUID: {67e11d8c-e2c7-5fdd-a596-000000000700}\r\nTargetProcessId: 1140\r\nTargetImage: C:\\Windows\\System32\\WindowsPowerShell\\v1.0\\powershell.exe\r\nGrantedAccess: 0x1000\r\nCallTrace: C:\\windows\\SYSTEM32\\ntdll.dll+9cbb4|C:\\windows\\System32\\KERNELBASE.dll+305fe|C:\\Windows\\System32\\appresolver.dll+221c5|C:\\Windows\\System32\\appresolver.dll+1edcc|C:\\Windows\\System32\\appresolver.dll+1ecb7|C:\\windows\\Explorer.EXE+2da67|C:\\windows\\Explorer.EXE+2d964|C:\\windows\\Explorer.EXE+76480|C:\\windows\\System32\\windows.storage.dll+16e2e4|C:\\windows\\System32\\windows.storage.dll+16df25|C:\\windows\\System32\\windows.storage.dll+16de05|C:\\windows\\System32\\shcore.dll+31896|C:\\windows\\SYSTEM32\\ntdll.dll+2f655|C:\\windows\\SYSTEM32\\ntdll.dll+345b4|C:\\windows\\System32\\KERNEL32.DLL+17c24|C:\\windows\\SYSTEM32\\ntdll.dll+6d4d1","Task":"10","RuleName":"-","UtcTime":"2020-12-19 12:00:23.914","SourceProcessGUID":"{67e11d8c-77f6-5fd2-6714-000000000700}","SourceProcessId":"2724","SourceThreadId":"4188","SourceImage":"C:\\windows\\Explorer.EXE","TargetProcessGUID":"{67e11d8c-e2c7-5fdd-a596-000000000700}","TargetProcessId":"1140","TargetImage":"C:\\Windows\\System32\\WindowsPowerShell\\v1.0\\powershell.exe","GrantedAccess":"0x1000","CallTrace":"C:\\windows\\SYSTEM32\\ntdll.dll+9cbb4|C:\\windows\\System32\\KERNELBASE.dll+305fe|C:\\Windows\\System32\\appresolver.dll+221c5|C:\\Windows\\System32\\appresolver.dll+1edcc|C:\\Windows\\System32\\appresolver.dll+1ecb7|C:\\windows\\Explorer.EXE+2da67|C:\\windows\\Explorer.EXE+2d964|C:\\windows\\Explorer.EXE+76480|C:\\windows\\System32\\windows.storage.dll+16e2e4|C:\\windows\\System32\\windows.storage.dll+16df25|C:\\windows\\System32\\windows.storage.dll+16de05|C:\\windows\\System32\\shcore.dll+31896|C:\\windows\\SYSTEM32\\ntdll.dll+2f655|C:\\windows\\SYSTEM32\\ntdll.dll+345b4|C:\\windows\\System32\\KERNEL32.DLL+17c24|C:\\windows\\SYSTEM32\\ntdll.dll+6d4d1"}
{"SourceName":"Microsoft-Windows-Sysmon","ProviderGuid":"{5770385f-c22a-43e0-bf4c-06f5698ffbd9}","Level":"4","Keywords":"0x8000000000000000","Channel":"Microsoft-Windows-Sysmon/Operational","Hostname":"WORKSTATION5.theshire.local","TimeCreated":"2020-12-19T07:00:23.935Z","@timestamp":"2020-12-19T07:00:23.935Z","EventID":13,"Message":"Registry value set:\r\nRuleName: -\r\nEventType: SetValue\r\nUtcTime: 2020-12-19 12:00:23.929\r\nProcessGuid: {67e11d8c-77f6-5fd2-6714-000000000700}\r\nProcessId: 2724\r\nImage: C:\\windows\\Explorer.EXE\r\nTargetObject: HKU\\S-1-5-21-3786818125-2382361537-3207726629-1104\\Software\\Microsoft\\Windows\\CurrentVersion\\Explorer\\UserAssist\\{CEBFF5CD-ACE2-4F4F-9178-9926F41749EA}\\Count\\{1NP14R77-02R7-4R5Q-O744-2RO1NR5198O7}\\JvaqbjfCbjreFuryy\\i1.0\\cbjrefuryy.rkr\r\nDetails: Binary Data","Task":"13","RuleName":"-","EventType":"SetValue","UtcTime":"2020-12-19 12:00:23.929","ProcessGuid":"{67e11d8c-77f6-5fd2-6714-000000000700}","ProcessId":"2724","Image":"C:\\windows\\Explorer.EXE","TargetObject":"HKU\\S-1-5-21-3786818125-2382361537-3207726629-1104\\Software\\Microsoft\\Windows\\CurrentVersion\\Explorer\\UserAssist\\{CEBFF5CD-ACE2-4F4F-9178-9926F41749EA}\\Count\\{1NP14R77-02R7-4R5Q-O744-2RO1NR5198O7}\\JvaqbjfCbjreFuryy\\i1.0\\cbjrefuryy.rkr","Details":"Binary Data"}
{"SourceName":"Microsoft-Windows-Sysmon","ProviderGuid":"{5770385f-c22a-43e0-bf4c-06f5698ffbd9}","Level":"4","Keywords":"0x8000000000000000","Channel":"Microsoft-Windows-Sysmon/Operational","Hostname":"WORKSTATION5.theshire.local","TimeCreated":"2020-12-19T07:00:23.935Z","@timestamp":"2020-12-19T07:00:23.935Z","EventID":13,"Message":"Registry value set:\r\nRuleName: -\r\nEventType: SetValue\r\nUtcTime: 2020-12-19 12:00:23.929\r\nProcessGuid: {67e11d8c-77f6-5fd2-6714-000000000700}\r\nProcessId: 2724\r\nImage: C:\\windows\\Explorer.EXE\r\nTargetObject: HKU\\S-1-5-21-3786818125-2382361537-3207726629-1104\\Software\\Microsoft\\Windows\\CurrentVersion\\Explorer\\UserAssist\\{CEBFF5CD-ACE2-4F4F-9178-9926F41749EA}\\Count\\HRZR_PGYFRFFVBA\r\nDetails: Binary Data","Task":"13","RuleName":"-","EventType":"SetValue","UtcTime":"2020-12-19 12:00:23.929","ProcessGuid":"{67e11d8c-77f6-5fd2-6714-000000000700}","ProcessId":"2724","Image":"C:\\windows\\Explorer.EXE","TargetObject":"HKU\\S-1-5-21-3786818125-2382361537-3207726629-1104\\Software\\Microsoft\\Windows\\CurrentVersion\\Explorer\\UserAssist\\{CEBFF5CD-ACE2-4F4F-9178-9926F41749EA}\\Count\\HRZR_PGYFRFFVBA","Details":"Binary Data"}
{"SourceName":"Microsoft-Windows-Sysmon","ProviderGuid":"{5770385f-c22a-43e0-bf4c-06f5698ffbd9}","Level":"4","Keywords":"0x8000000000000000","Channel":"Microsoft-Windows-Sysmon/Operational","Hostname":"WORKSTATION5.theshire.local","TimeCreated":"2020-12-19T07:00:23.935Z","@timestamp":"2020-12-19T07:00:23.935Z","EventID":10,"Message":"Process accessed:\r\nRuleName: -\r\nUtcTime: 2020-12-19 12:00:23.929\r\nSourceProcessGUID: {67e11d8c-77f6-5fd2-6714-000000000700}\r\nSourceProcessId: 2724\r\nSourceThreadId: 2588\r\nSourceImage: C:\\windows\\Explorer.EXE\r\nTargetProcessGUID: {67e11d8c-95d0-5fdc-e086-000000000700}\r\nTargetProcessId: 7744\r\nTargetImage: C:\\Program Files\\Wireshark\\Wireshark.exe\r\nGrantedAccess: 0x2000\r\nCallTrace: C:\\windows\\SYSTEM32\\ntdll.dll+9cbb4|C:\\windows\\System32\\KERNELBASE.dll+305fe|C:\\windows\\system32\\twinui.dll+72a89|C:\\windows\\system32\\twinui.dll+785b2|C:\\windows\\system32\\twinui.dll+1780b|C:\\windows\\system32\\twinui.dll+1734c|C:\\windows\\system32\\twinui.dll+68f7a|C:\\windows\\system32\\twinui.dll+16e09|C:\\windows\\system32\\twinui.dll+16f4b|C:\\windows\\system32\\twinui.dll+16ecd|C:\\windows\\System32\\USER32.dll+15c1d|C:\\windows\\System32\\USER32.dll+15612|C:\\Windows\\System32\\windows.immersiveshell.serviceprovider.dll+45f0|C:\\Windows\\System32\\windows.immersiveshell.serviceprovider.dll+41b9|C:\\Windows\\System32\\windows.immersiveshell.serviceprovider.dll+3e4f|C:\\windows\\System32\\KERNEL32.DLL+17c24|C:\\windows\\SYSTEM32\\ntdll.dll+6d4d1","Task":"10","RuleName":"-","UtcTime":"2020-12-19 12:00:23.929","SourceProcessGUID":"{67e11d8c-77f6-5fd2-6714-000000000700}","SourceProcessId":"2724","SourceThreadId":"2588","SourceImage":"C:\\windows\\Explorer.EXE","TargetProcessGUID":"{67e11d8c-95d0-5fdc-e086-000000000700}","TargetProcessId":"7744","TargetImage":"C:\\Program Files\\Wireshark\\Wireshark.exe","GrantedAccess":"0x2000","CallTrace":"C:\\windows\\SYSTEM32\\ntdll.dll+9cbb4|C:\\windows\\System32\\KERNELBASE.dll+305fe|C:\\windows\\system32\\twinui.dll+72a89|C:\\windows\\system32\\twinui.dll+785b2|C:\\windows\\system32\\twinui.dll+1780b|C:\\windows\\system32\\twinui.dll+1734c|C:\\windows\\system32\\twinui.dll+68f7a|C:\\windows\\system32\\twinui.dll+16e09|C:\\windows\\system32\\twinui.dll+16f4b|C:\\windows\\system32\\twinui.dll+16ecd|C:\\windows\\System32\\USER32.dll+15c1d|C:\\windows\\System32\\USER32.dll+15612|C:\\Windows\\System32\\windows.immersiveshell.serviceprovider.dll+45f0|C:\\Windows\\System32\\windows.immersiveshell.serviceprovider.dll+41b9|C:\\Windows\\System32\\windows.immersiveshell.serviceprovider.dll+3e4f|C:\\windows\\System32\\KERNEL32.DLL+17c24|C:\\windows\\SYSTEM32\\ntdll.dll+6d4d1"}
{"SourceName":"Microsoft-Windows-Sysmon","ProviderGuid":"{5770385f-c22a-43e0-bf4c-06f5698ffbd9}","Level":"4","Keywords":"0x8000000000000000","Channel":"Microsoft-Windows-Sysmon/Operational","Hostname":"WORKSTATION5.theshire.local","TimeCreated":"2020-12-19T07:00:23.935Z","@timestamp":"2020-12-19T07:00:23.935Z","EventID":10,"Message":"Process accessed:\r\nRuleName: -\r\nUtcTime: 2020-12-19 12:00:23.929\r\nSourceProcessGUID: {67e11d8c-876a-5fd0-1000-000000000700}\r\nSourceProcessId: 932\r\nSourceThreadId: 6408\r\nSourceImage: C:\\windows\\system32\\svchost.exe\r\nTargetProcessGUID: {67e11d8c-e2c7-5fdd-a696-000000000700}\r\nTargetProcessId: 8940\r\nTargetImage: C:\\windows\\system32\\conhost.exe\r\nGrantedAccess: 0x2000\r\nCallTrace: C:\\windows\\SYSTEM32\\ntdll.dll+9cbb4|C:\\windows\\SYSTEM32\\psmserviceexthost.dll+310c0|C:\\windows\\SYSTEM32\\psmserviceexthost.dll+30dbf|C:\\windows\\SYSTEM32\\ntdll.dll+6ba5|C:\\windows\\SYSTEM32\\ntdll.dll+67f1|C:\\windows\\SYSTEM32\\ntdll.dll+6650|C:\\windows\\SYSTEM32\\ntdll.dll+3052c|C:\\windows\\SYSTEM32\\ntdll.dll+34142|C:\\windows\\System32\\KERNEL32.DLL+17c24|C:\\windows\\SYSTEM32\\ntdll.dll+6d4d1","Task":"10","RuleName":"-","UtcTime":"2020-12-19 12:00:23.929","SourceProcessGUID":"{67e11d8c-876a-5fd0-1000-000000000700}","SourceProcessId":"932","SourceThreadId":"6408","SourceImage":"C:\\windows\\system32\\svchost.exe","TargetProcessGUID":"{67e11d8c-e2c7-5fdd-a696-000000000700}","TargetProcessId":"8940","TargetImage":"C:\\windows\\system32\\conhost.exe","GrantedAccess":"0x2000","CallTrace":"C:\\windows\\SYSTEM32\\ntdll.dll+9cbb4|C:\\windows\\SYSTEM32\\psmserviceexthost.dll+310c0|C:\\windows\\SYSTEM32\\psmserviceexthost.dll+30dbf|C:\\windows\\SYSTEM32\\ntdll.dll+6ba5|C:\\windows\\SYSTEM32\\ntdll.dll+67f1|C:\\windows\\SYSTEM32\\ntdll.dll+6650|C:\\windows\\SYSTEM32\\ntdll.dll+3052c|C:\\windows\\SYSTEM32\\ntdll.dll+34142|C:\\windows\\System32\\KERNEL32.DLL+17c24|C:\\windows\\SYSTEM32\\ntdll.dll+6d4d1"}
{"SourceName":"Microsoft-Windows-Sysmon","ProviderGuid":"{5770385f-c22a-43e0-bf4c-06f5698ffbd9}","Level":"4","Keywords":"0x8000000000000000","Channel":"Microsoft-Windows-Sysmon/Operational","Hostname":"WORKSTATION5.theshire.local","TimeCreated":"2020-12-19T07:00:23.935Z","@timestamp":"2020-12-19T07:00:23.935Z","EventID":10,"Message":"Process accessed:\r\nRuleName: -\r\nUtcTime: 2020-12-19 12:00:23.929\r\nSourceProcessGUID: {67e11d8c-77f6-5fd2-6714-000000000700}\r\nSourceProcessId: 2724\r\nSourceThreadId: 6268\r\nSourceImage: C:\\windows\\Explorer.EXE\r\nTargetProcessGUID: {67e11d8c-e2c7-5fdd-a596-000000000700}\r\nTargetProcessId: 1140\r\nTargetImage: C:\\Windows\\System32\\WindowsPowerShell\\v1.0\\powershell.exe\r\nGrantedAccess: 0x1000\r\nCallTrace: C:\\windows\\SYSTEM32\\ntdll.dll+9cbb4|C:\\windows\\System32\\KERNELBASE.dll+305fe|C:\\windows\\System32\\NPSMDesktopProvider.dll+1dbfa|C:\\windows\\System32\\NPSMDesktopProvider.dll+139e2|C:\\windows\\System32\\NPSMDesktopProvider.dll+1415b|C:\\windows\\System32\\shcore.dll+1a1d9|C:\\windows\\System32\\shcore.dll+19f74|C:\\windows\\System32\\shcore.dll+18f13|C:\\windows\\SYSTEM32\\ntdll.dll+32e93|C:\\windows\\SYSTEM32\\ntdll.dll+345b4|C:\\windows\\System32\\KERNEL32.DLL+17c24|C:\\windows\\SYSTEM32\\ntdll.dll+6d4d1","Task":"10","RuleName":"-","UtcTime":"2020-12-19 12:00:23.929","SourceProcessGUID":"{67e11d8c-77f6-5fd2-6714-000000000700}","SourceProcessId":"2724","SourceThreadId":"6268","SourceImage":"C:\\windows\\Explorer.EXE","TargetProcessGUID":"{67e11d8c-e2c7-5fdd-a596-000000000700}","TargetProcessId":"1140","TargetImage":"C:\\Windows\\System32\\WindowsPowerShell\\v1.0\\powershell.exe","GrantedAccess":"0x1000","CallTrace":"C:\\windows\\SYSTEM32\\ntdll.dll+9cbb4|C:\\windows\\System32\\KERNELBASE.dll+305fe|C:\\windows\\System32\\NPSMDesktopProvider.dll+1dbfa|C:\\windows\\System32\\NPSMDesktopProvider.dll+139e2|C:\\windows\\System32\\NPSMDesktopProvider.dll+1415b|C:\\windows\\System32\\shcore.dll+1a1d9|C:\\windows\\System32\\shcore.dll+19f74|C:\\windows\\System32\\shcore.dll+18f13|C:\\windows\\SYSTEM32\\ntdll.dll+32e93|C:\\windows\\SYSTEM32\\ntdll.dll+345b4|C:\\windows\\System32\\KERNEL32.DLL+17c24|C:\\windows\\SYSTEM32\\ntdll.dll+6d4d1"}
{"SourceName":"Microsoft-Windows-Sysmon","ProviderGuid":"{5770385f-c22a-43e0-bf4c-06f5698ffbd9}","Level":"4","Keywords":"0x8000000000000000","Channel":"Microsoft-Windows-Sysmon/Operational","Hostname":"WORKSTATION5.theshire.local","TimeCreated":"2020-12-19T07:00:23.935Z","@timestamp":"2020-12-19T07:00:23.935Z","EventID":10,"Message":"Process accessed:\r\nRuleName: -\r\nUtcTime: 2020-12-19 12:00:23.929\r\nSourceProcessGUID: {67e11d8c-77f6-5fd2-6714-000000000700}\r\nSourceProcessId: 2724\r\nSourceThreadId: 4120\r\nSourceImage: C:\\windows\\Explorer.EXE\r\nTargetProcessGUID: {67e11d8c-e2c7-5fdd-a596-000000000700}\r\nTargetProcessId: 1140\r\nTargetImage: C:\\Windows\\System32\\WindowsPowerShell\\v1.0\\powershell.exe\r\nGrantedAccess: 0x1000\r\nCallTrace: C:\\windows\\SYSTEM32\\ntdll.dll+9cbb4|C:\\windows\\System32\\KERNELBASE.dll+305fe|C:\\Windows\\System32\\TaskFlowDataEngine.dll+cf160|C:\\Windows\\System32\\TaskFlowDataEngine.dll+9827b|C:\\Windows\\System32\\TaskFlowDataEngine.dll+978ff|C:\\Windows\\System32\\TaskFlowDataEngine.dll+973f9|C:\\Windows\\System32\\TaskFlowDataEngine.dll+96e25|C:\\Windows\\System32\\TaskFlowDataEngine.dll+94c85|C:\\Windows\\System32\\TaskFlowDataEngine.dll+93658|C:\\Windows\\System32\\TaskFlowDataEngine.dll+9dfb1|C:\\windows\\System32\\shcore.dll+1a1d9|C:\\windows\\System32\\shcore.dll+19f74|C:\\windows\\System32\\shcore.dll+19041|C:\\windows\\System32\\KERNEL32.DLL+17c24|C:\\windows\\SYSTEM32\\ntdll.dll+6d4d1","Task":"10","RuleName":"-","UtcTime":"2020-12-19 12:00:23.929","SourceProcessGUID":"{67e11d8c-77f6-5fd2-6714-000000000700}","SourceProcessId":"2724","SourceThreadId":"4120","SourceImage":"C:\\windows\\Explorer.EXE","TargetProcessGUID":"{67e11d8c-e2c7-5fdd-a596-000000000700}","TargetProcessId":"1140","TargetImage":"C:\\Windows\\System32\\WindowsPowerShell\\v1.0\\powershell.exe","GrantedAccess":"0x1000","CallTrace":"C:\\windows\\SYSTEM32\\ntdll.dll+9cbb4|C:\\windows\\System32\\KERNELBASE.dll+305fe|C:\\Windows\\System32\\TaskFlowDataEngine.dll+cf160|C:\\Windows\\System32\\TaskFlowDataEngine.dll+9827b|C:\\Windows\\System32\\TaskFlowDataEngine.dll+978ff|C:\\Windows\\System32\\TaskFlowDataEngine.dll+973f9|C:\\Windows\\System32\\TaskFlowDataEngine.dll+96e25|C:\\Windows\\System32\\TaskFlowDataEngine.dll+94c85|C:\\Windows\\System32\\TaskFlowDataEngine.dll+93658|C:\\Windows\\System32\\TaskFlowDataEngine.dll+9dfb1|C:\\windows\\System32\\shcore.dll+1a1d9|C:\\windows\\System32\\shcore.dll+19f74|C:\\windows\\System32\\shcore.dll+19041|C:\\windows\\System32\\KERNEL32.DLL+17c24|C:\\windows\\SYSTEM32\\ntdll.dll+6d4d1"}
{"SourceName":"Microsoft-Windows-Sysmon","ProviderGuid":"{5770385f-c22a-43e0-bf4c-06f5698ffbd9}","Level":"4","Keywords":"0x8000000000000000","Channel":"Microsoft-Windows-Sysmon/Operational","Hostname":"WORKSTATION5.theshire.local","TimeCreated":"2020-12-19T07:00:23.937Z","@timestamp":"2020-12-19T07:00:23.937Z","EventID":10,"Message":"Process accessed:\r\nRuleName: -\r\nUtcTime: 2020-12-19 12:00:23.929\r\nSourceProcessGUID: {67e11d8c-77f4-5fd2-5b14-000000000700}\r\nSourceProcessId: 5884\r\nSourceThreadId: 3432\r\nSourceImage: C:\\windows\\system32\\svchost.exe\r\nTargetProcessGUID: {67e11d8c-77f6-5fd2-6714-000000000700}\r\nTargetProcessId: 2724\r\nTargetImage: C:\\windows\\Explorer.EXE\r\nGrantedAccess: 0x1040\r\nCallTrace: C:\\windows\\SYSTEM32\\ntdll.dll+9d784|C:\\windows\\System32\\RPCRT4.dll+2d354|C:\\windows\\System32\\combase.dll+be11b|C:\\windows\\System32\\combase.dll+85c38|C:\\windows\\System32\\combase.dll+83b2b|C:\\windows\\System32\\combase.dll+83c30|C:\\windows\\System32\\combase.dll+83a94|C:\\windows\\System32\\combase.dll+4fc58|C:\\windows\\System32\\combase.dll+4f6bb|C:\\windows\\System32\\combase.dll+86325|C:\\windows\\System32\\combase.dll+88644|C:\\windows\\System32\\combase.dll+88580|C:\\windows\\System32\\combase.dll+8821f|C:\\windows\\System32\\combase.dll+37db7|C:\\windows\\System32\\combase.dll+a8fe9|C:\\windows\\System32\\RPCRT4.dll+da15e|C:\\windows\\System32\\RPCRT4.dll+383b9|C:\\windows\\System32\\combase.dll+a821f|C:\\windows\\System32\\combase.dll+34313|C:\\windows\\System32\\combase.dll+34103|C:\\windows\\System32\\combase.dll+aae76|C:\\windows\\System32\\combase.dll+382da|C:\\windows\\System32\\combase.dll+a6d0d|C:\\windows\\System32\\combase.dll+5579c","Task":"10","RuleName":"-","UtcTime":"2020-12-19 12:00:23.929","SourceProcessGUID":"{67e11d8c-77f4-5fd2-5b14-000000000700}","SourceProcessId":"5884","SourceThreadId":"3432","SourceImage":"C:\\windows\\system32\\svchost.exe","TargetProcessGUID":"{67e11d8c-77f6-5fd2-6714-000000000700}","TargetProcessId":"2724","TargetImage":"C:\\windows\\Explorer.EXE","GrantedAccess":"0x1040","CallTrace":"C:\\windows\\SYSTEM32\\ntdll.dll+9d784|C:\\windows\\System32\\RPCRT4.dll+2d354|C:\\windows\\System32\\combase.dll+be11b|C:\\windows\\System32\\combase.dll+85c38|C:\\windows\\System32\\combase.dll+83b2b|C:\\windows\\System32\\combase.dll+83c30|C:\\windows\\System32\\combase.dll+83a94|C:\\windows\\System32\\combase.dll+4fc58|C:\\windows\\System32\\combase.dll+4f6bb|C:\\windows\\System32\\combase.dll+86325|C:\\windows\\System32\\combase.dll+88644|C:\\windows\\System32\\combase.dll+88580|C:\\windows\\System32\\combase.dll+8821f|C:\\windows\\System32\\combase.dll+37db7|C:\\windows\\System32\\combase.dll+a8fe9|C:\\windows\\System32\\RPCRT4.dll+da15e|C:\\windows\\System32\\RPCRT4.dll+383b9|C:\\windows\\System32\\combase.dll+a821f|C:\\windows\\System32\\combase.dll+34313|C:\\windows\\System32\\combase.dll+34103|C:\\windows\\System32\\combase.dll+aae76|C:\\windows\\System32\\combase.dll+382da|C:\\windows\\System32\\combase.dll+a6d0d|C:\\windows\\System32\\combase.dll+5579c"}
{"SourceName":"Microsoft-Windows-Sysmon","ProviderGuid":"{5770385f-c22a-43e0-bf4c-06f5698ffbd9}","Level":"4","Keywords":"0x8000000000000000","Channel":"Microsoft-Windows-Sysmon/Operational","Hostname":"WORKSTATION5.theshire.local","TimeCreated":"2020-12-19T07:00:23.940Z","@timestamp":"2020-12-19T07:00:23.940Z","EventID":10,"Message":"Process accessed:\r\nRuleName: -\r\nUtcTime: 2020-12-19 12:00:23.929\r\nSourceProcessGUID: {67e11d8c-77f4-5fd2-5b14-000000000700}\r\nSourceProcessId: 5884\r\nSourceThreadId: 3432\r\nSourceImage: C:\\windows\\system32\\svchost.exe\r\nTargetProcessGUID: {67e11d8c-77f6-5fd2-6714-000000000700}\r\nTargetProcessId: 2724\r\nTargetImage: C:\\windows\\Explorer.EXE\r\nGrantedAccess: 0x1040\r\nCallTrace: C:\\windows\\SYSTEM32\\ntdll.dll+9d784|C:\\windows\\System32\\RPCRT4.dll+2d354|C:\\windows\\System32\\combase.dll+be11b|C:\\windows\\System32\\combase.dll+85c38|C:\\windows\\System32\\combase.dll+83b2b|C:\\windows\\System32\\combase.dll+83c30|C:\\windows\\System32\\combase.dll+83a94|C:\\windows\\System32\\combase.dll+4fc58|C:\\windows\\System32\\combase.dll+4f6bb|C:\\windows\\System32\\combase.dll+86325|C:\\windows\\System32\\combase.dll+88644|C:\\windows\\System32\\combase.dll+88580|C:\\windows\\System32\\combase.dll+8821f|C:\\windows\\System32\\combase.dll+37db7|C:\\windows\\System32\\combase.dll+a8fe9|C:\\windows\\System32\\RPCRT4.dll+da15e|C:\\windows\\System32\\RPCRT4.dll+383b9|C:\\windows\\System32\\combase.dll+a821f|C:\\windows\\System32\\combase.dll+34313|C:\\windows\\System32\\combase.dll+34103|C:\\windows\\System32\\combase.dll+aae76|C:\\windows\\System32\\combase.dll+382da|C:\\windows\\System32\\combase.dll+a6d0d|C:\\windows\\System32\\combase.dll+5579c","Task":"10","RuleName":"-","UtcTime":"2020-12-19 12:00:23.929","SourceProcessGUID":"{67e11d8c-77f4-5fd2-5b14-000000000700}","SourceProcessId":"5884","SourceThreadId":"3432","SourceImage":"C:\\windows\\system32\\svchost.exe","TargetProcessGUID":"{67e11d8c-77f6-5fd2-6714-000000000700}","TargetProcessId":"2724","TargetImage":"C:\\windows\\Explorer.EXE","GrantedAccess":"0x1040","CallTrace":"C:\\windows\\SYSTEM32\\ntdll.dll+9d784|C:\\windows\\System32\\RPCRT4.dll+2d354|C:\\windows\\System32\\combase.dll+be11b|C:\\windows\\System32\\combase.dll+85c38|C:\\windows\\System32\\combase.dll+83b2b|C:\\windows\\System32\\combase.dll+83c30|C:\\windows\\System32\\combase.dll+83a94|C:\\windows\\System32\\combase.dll+4fc58|C:\\windows\\System32\\combase.dll+4f6bb|C:\\windows\\System32\\combase.dll+86325|C:\\windows\\System32\\combase.dll+88644|C:\\windows\\System32\\combase.dll+88580|C:\\windows\\System32\\combase.dll+8821f|C:\\windows\\System32\\combase.dll+37db7|C:\\windows\\System32\\combase.dll+a8fe9|C:\\windows\\System32\\RPCRT4.dll+da15e|C:\\windows\\System32\\RPCRT4.dll+383b9|C:\\windows\\System32\\combase.dll+a821f|C:\\windows\\System32\\combase.dll+34313|C:\\windows\\System32\\combase.dll+34103|C:\\windows\\System32\\combase.dll+aae76|C:\\windows\\System32\\combase.dll+382da|C:\\windows\\System32\\combase.dll+a6d0d|C:\\windows\\System32\\combase.dll+5579c"}
{"SourceName":"Microsoft-Windows-Sysmon","ProviderGuid":"{5770385f-c22a-43e0-bf4c-06f5698ffbd9}","Level":"4","Keywords":"0x8000000000000000","Channel":"Microsoft-Windows-Sysmon/Operational","Hostname":"WORKSTATION5.theshire.local","TimeCreated":"2020-12-19T07:00:24.556Z","@timestamp":"2020-12-19T07:00:24.556Z","EventID":10,"Message":"Process accessed:\r\nRuleName: -\r\nUtcTime: 2020-12-19 12:00:24.554\r\nSourceProcessGUID: {67e11d8c-876a-5fd0-1000-000000000700}\r\nSourceProcessId: 932\r\nSourceThreadId: 400\r\nSourceImage: C:\\windows\\system32\\svchost.exe\r\nTargetProcessGUID: {67e11d8c-781f-5fd2-8714-000000000700}\r\nTargetProcessId: 8140\r\nTargetImage: C:\\Windows\\SystemApps\\InputApp_cw5n1h2txyewy\\WindowsInternal.ComposableShell.Experiences.TextInput.InputApp.exe\r\nGrantedAccess: 0x1000\r\nCallTrace: C:\\windows\\SYSTEM32\\ntdll.dll+9cbb4|C:\\windows\\SYSTEM32\\psmserviceexthost.dll+222a3|C:\\windows\\SYSTEM32\\psmserviceexthost.dll+37ea0|C:\\windows\\SYSTEM32\\psmserviceexthost.dll+37929|C:\\windows\\SYSTEM32\\psmserviceexthost.dll+686f8|C:\\windows\\SYSTEM32\\psmserviceexthost.dll+6e84a|C:\\windows\\SYSTEM32\\psmserviceexthost.dll+6f700|C:\\windows\\SYSTEM32\\psmserviceexthost.dll+34be4|C:\\windows\\SYSTEM32\\psmserviceexthost.dll+6f63e|C:\\windows\\SYSTEM32\\psmserviceexthost.dll+713b5|C:\\windows\\SYSTEM32\\psmserviceexthost.dll+50bda|C:\\windows\\SYSTEM32\\psmserviceexthost.dll+4500a|C:\\windows\\System32\\KERNEL32.DLL+17c24|C:\\windows\\SYSTEM32\\ntdll.dll+6d4d1","Task":"10","RuleName":"-","UtcTime":"2020-12-19 12:00:24.554","SourceProcessGUID":"{67e11d8c-876a-5fd0-1000-000000000700}","SourceProcessId":"932","SourceThreadId":"400","SourceImage":"C:\\windows\\system32\\svchost.exe","TargetProcessGUID":"{67e11d8c-781f-5fd2-8714-000000000700}","TargetProcessId":"8140","TargetImage":"C:\\Windows\\SystemApps\\InputApp_cw5n1h2txyewy\\WindowsInternal.ComposableShell.Experiences.TextInput.InputApp.exe","GrantedAccess":"0x1000","CallTrace":"C:\\windows\\SYSTEM32\\ntdll.dll+9cbb4|C:\\windows\\SYSTEM32\\psmserviceexthost.dll+222a3|C:\\windows\\SYSTEM32\\psmserviceexthost.dll+37ea0|C:\\windows\\SYSTEM32\\psmserviceexthost.dll+37929|C:\\windows\\SYSTEM32\\psmserviceexthost.dll+686f8|C:\\windows\\SYSTEM32\\psmserviceexthost.dll+6e84a|C:\\windows\\SYSTEM32\\psmserviceexthost.dll+6f700|C:\\windows\\SYSTEM32\\psmserviceexthost.dll+34be4|C:\\windows\\SYSTEM32\\psmserviceexthost.dll+6f63e|C:\\windows\\SYSTEM32\\psmserviceexthost.dll+713b5|C:\\windows\\SYSTEM32\\psmserviceexthost.dll+50bda|C:\\windows\\SYSTEM32\\psmserviceexthost.dll+4500a|C:\\windows\\System32\\KERNEL32.DLL+17c24|C:\\windows\\SYSTEM32\\ntdll.dll+6d4d1"}
{"SourceName":"Microsoft-Windows-Sysmon","ProviderGuid":"{5770385f-c22a-43e0-bf4c-06f5698ffbd9}","Level":"4","Keywords":"0x8000000000000000","Channel":"Microsoft-Windows-Sysmon/Operational","Hostname":"WORKSTATION5.theshire.local","TimeCreated":"2020-12-19T07:00:25.556Z","@timestamp":"2020-12-19T07:00:25.556Z","EventID":10,"Message":"Process accessed:\r\nRuleName: -\r\nUtcTime: 2020-12-19 12:00:25.554\r\nSourceProcessGUID: {67e11d8c-876a-5fd0-1000-000000000700}\r\nSourceProcessId: 932\r\nSourceThreadId: 400\r\nSourceImage: C:\\windows\\system32\\svchost.exe\r\nTargetProcessGUID: {67e11d8c-781f-5fd2-8714-000000000700}\r\nTargetProcessId: 8140\r\nTargetImage: C:\\Windows\\SystemApps\\InputApp_cw5n1h2txyewy\\WindowsInternal.ComposableShell.Experiences.TextInput.InputApp.exe\r\nGrantedAccess: 0x1000\r\nCallTrace: C:\\windows\\SYSTEM32\\ntdll.dll+9cbb4|C:\\windows\\SYSTEM32\\psmserviceexthost.dll+222a3|C:\\windows\\SYSTEM32\\psmserviceexthost.dll+37ea0|C:\\windows\\SYSTEM32\\psmserviceexthost.dll+37929|C:\\windows\\SYSTEM32\\psmserviceexthost.dll+686f8|C:\\windows\\SYSTEM32\\psmserviceexthost.dll+6e84a|C:\\windows\\SYSTEM32\\psmserviceexthost.dll+6f700|C:\\windows\\SYSTEM32\\psmserviceexthost.dll+34be4|C:\\windows\\SYSTEM32\\psmserviceexthost.dll+6f63e|C:\\windows\\SYSTEM32\\psmserviceexthost.dll+713b5|C:\\windows\\SYSTEM32\\psmserviceexthost.dll+50bda|C:\\windows\\SYSTEM32\\psmserviceexthost.dll+4500a|C:\\windows\\System32\\KERNEL32.DLL+17c24|C:\\windows\\SYSTEM32\\ntdll.dll+6d4d1","Task":"10","RuleName":"-","UtcTime":"2020-12-19 12:00:25.554","SourceProcessGUID":"{67e11d8c-876a-5fd0-1000-000000000700}","SourceProcessId":"932","SourceThreadId":"400","SourceImage":"C:\\windows\\system32\\svchost.exe","TargetProcessGUID":"{67e11d8c-781f-5fd2-8714-000000000700}","TargetProcessId":"8140","TargetImage":"C:\\Windows\\SystemApps\\InputApp_cw5n1h2txyewy\\WindowsInternal.ComposableShell.Experiences.TextInput.InputApp.exe","GrantedAccess":"0x1000","CallTrace":"C:\\windows\\SYSTEM32\\ntdll.dll+9cbb4|C:\\windows\\SYSTEM32\\psmserviceexthost.dll+222a3|C:\\windows\\SYSTEM32\\psmserviceexthost.dll+37ea0|C:\\windows\\SYSTEM32\\psmserviceexthost.dll+37929|C:\\windows\\SYSTEM32\\psmserviceexthost.dll+686f8|C:\\windows\\SYSTEM32\\psmserviceexthost.dll+6e84a|C:\\windows\\SYSTEM32\\psmserviceexthost.dll+6f700|C:\\windows\\SYSTEM32\\psmserviceexthost.dll+34be4|C:\\windows\\SYSTEM32\\psmserviceexthost.dll+6f63e|C:\\windows\\SYSTEM32\\psmserviceexthost.dll+713b5|C:\\windows\\SYSTEM32\\psmserviceexthost.dll+50bda|C:\\windows\\SYSTEM32\\psmserviceexthost.dll+4500a|C:\\windows\\System32\\KERNEL32.DLL+17c24|C:\\windows\\SYSTEM32\\ntdll.dll+6d4d1"}
{"SourceName":"Microsoft-Windows-Sysmon","ProviderGuid":"{5770385f-c22a-43e0-bf4c-06f5698ffbd9}","Level":"4","Keywords":"0x8000000000000000","Channel":"Microsoft-Windows-Sysmon/Operational","Hostname":"WORKSTATION5.theshire.local","TimeCreated":"2020-12-19T07:00:26.556Z","@timestamp":"2020-12-19T07:00:26.556Z","EventID":10,"Message":"Process accessed:\r\nRuleName: -\r\nUtcTime: 2020-12-19 12:00:26.555\r\nSourceProcessGUID: {67e11d8c-876a-5fd0-1000-000000000700}\r\nSourceProcessId: 932\r\nSourceThreadId: 400\r\nSourceImage: C:\\windows\\system32\\svchost.exe\r\nTargetProcessGUID: {67e11d8c-781f-5fd2-8714-000000000700}\r\nTargetProcessId: 8140\r\nTargetImage: C:\\Windows\\SystemApps\\InputApp_cw5n1h2txyewy\\WindowsInternal.ComposableShell.Experiences.TextInput.InputApp.exe\r\nGrantedAccess: 0x1000\r\nCallTrace: C:\\windows\\SYSTEM32\\ntdll.dll+9cbb4|C:\\windows\\SYSTEM32\\psmserviceexthost.dll+222a3|C:\\windows\\SYSTEM32\\psmserviceexthost.dll+37ea0|C:\\windows\\SYSTEM32\\psmserviceexthost.dll+37929|C:\\windows\\SYSTEM32\\psmserviceexthost.dll+686f8|C:\\windows\\SYSTEM32\\psmserviceexthost.dll+6e84a|C:\\windows\\SYSTEM32\\psmserviceexthost.dll+6f700|C:\\windows\\SYSTEM32\\psmserviceexthost.dll+34be4|C:\\windows\\SYSTEM32\\psmserviceexthost.dll+6f63e|C:\\windows\\SYSTEM32\\psmserviceexthost.dll+713b5|C:\\windows\\SYSTEM32\\psmserviceexthost.dll+50bda|C:\\windows\\SYSTEM32\\psmserviceexthost.dll+4500a|C:\\windows\\System32\\KERNEL32.DLL+17c24|C:\\windows\\SYSTEM32\\ntdll.dll+6d4d1","Task":"10","RuleName":"-","UtcTime":"2020-12-19 12:00:26.555","SourceProcessGUID":"{67e11d8c-876a-5fd0-1000-000000000700}","SourceProcessId":"932","SourceThreadId":"400","SourceImage":"C:\\windows\\system32\\svchost.exe","TargetProcessGUID":"{67e11d8c-781f-5fd2-8714-000000000700}","TargetProcessId":"8140","TargetImage":"C:\\Windows\\SystemApps\\InputApp_cw5n1h2txyewy\\WindowsInternal.ComposableShell.Experiences.TextInput.InputApp.exe","GrantedAccess":"0x1000","CallTrace":"C:\\windows\\SYSTEM32\\ntdll.dll+9cbb4|C:\\windows\\SYSTEM32\\psmserviceexthost.dll+222a3|C:\\windows\\SYSTEM32\\psmserviceexthost.dll+37ea0|C:\\windows\\SYSTEM32\\psmserviceexthost.dll+37929|C:\\windows\\SYSTEM32\\psmserviceexthost.dll+686f8|C:\\windows\\SYSTEM32\\psmserviceexthost.dll+6e84a|C:\\windows\\SYSTEM32\\psmserviceexthost.dll+6f700|C:\\windows\\SYSTEM32\\psmserviceexthost.dll+34be4|C:\\windows\\SYSTEM32\\psmserviceexthost.dll+6f63e|C:\\windows\\SYSTEM32\\psmserviceexthost.dll+713b5|C:\\windows\\SYSTEM32\\psmserviceexthost.dll+50bda|C:\\windows\\SYSTEM32\\psmserviceexthost.dll+4500a|C:\\windows\\System32\\KERNEL32.DLL+17c24|C:\\windows\\SYSTEM32\\ntdll.dll+6d4d1"}

{"SourceName":"Microsoft-Windows-Security-Auditing","ProviderGuid":"{54849625-5478-4994-a5ba-3e3b0328c30d}","Level":"0","Keywords":"0x8020000000000000","Channel":"Security","Hostname":"WORKSTATION6.theshire.local","TimeCreated":"2020-12-19T06:59:32.429Z","@timestamp":"2020-12-19T06:59:32.429Z","EventID":5158,"Message":"The Windows Filtering Platform has permitted a bind to a local port.\r\n\r\nApplication Information:\r\n\tProcess ID:\t\t3360\r\n\tApplication Name:\t\\device\\harddiskvolume2\\windowsazure\\guestagent_2.7.41491.1005_2020-11-30_095009\\guestagent\\windowsazureguestagent.exe\r\n\r\nNetwork Information:\r\n\tSource Address:\t\t0.0.0.0\r\n\tSource Port:\t\t53602\r\n\tProtocol:\t\t6\r\n\r\nFilter Information:\r\n\tFilter Run-Time ID:\t0\r\n\tLayer Name:\t\tResource Assignment\r\n\tLayer Run-Time ID:\t36","Task":"12810","ProcessId":"3360","Application":"\\device\\harddiskvolume2\\windowsazure\\guestagent_2.7.41491.1005_2020-11-30_095009\\guestagent\\windowsazureguestagent.exe","SourceAddress":"0.0.0.0","SourcePort":"53602","Protocol":"6","FilterRTID":"0","LayerName":"%%14608","LayerRTID":"36"}
{"SourceName":"Microsoft-Windows-Security-Auditing","ProviderGuid":"{54849625-5478-4994-a5ba-3e3b0328c30d}","Level":"0","Keywords":"0x8020000000000000","Channel":"Security","Hostname":"WORKSTATION6.theshire.local","TimeCreated":"2020-12-19T06:59:32.430Z","@timestamp":"2020-12-19T06:59:32.430Z","EventID":5156,"Message":"The Windows Filtering Platform has permitted a connection.\r\n\r\nApplication Information:\r\n\tProcess ID:\t\t3360\r\n\tApplication Name:\t\\device\\harddiskvolume2\\windowsazure\\guestagent_2.7.41491.1005_2020-11-30_095009\\guestagent\\windowsazureguestagent.exe\r\n\r\nNetwork Information:\r\n\tDirection:\t\tOutbound\r\n\tSource Address:\t\t172.18.39.6\r\n\tSource Port:\t\t53602\r\n\tDestination Address:\t168.63.129.16\r\n\tDestination Port:\t\t80\r\n\tProtocol:\t\t6\r\n\r\nFilter Information:\r\n\tFilter Run-Time ID:\t79556\r\n\tLayer Name:\t\tConnect\r\n\tLayer Run-Time ID:\t48","Task":"12810","ProcessID":"3360","Application":"\\device\\harddiskvolume2\\windowsazure\\guestagent_2.7.41491.1005_2020-11-30_095009\\guestagent\\windowsazureguestagent.exe","Direction":"%%14593","SourceAddress":"172.18.39.6","SourcePort":"53602","DestAddress":"168.63.129.16","DestPort":"80","Protocol":"6","FilterRTID":"79556","LayerName":"%%14611","LayerRTID":"48","RemoteUserID":"S-1-0-0","RemoteMachineID":"S-1-0-0"}
{"SourceName":"Microsoft-Windows-Security-Auditing","ProviderGuid":"{54849625-5478-4994-a5ba-3e3b0328c30d}","Level":"0","Keywords":"0x8020000000000000","Channel":"Security","Hostname":"WORKSTATION6.theshire.local","TimeCreated":"2020-12-19T06:59:37.800Z","@timestamp":"2020-12-19T06:59:37.800Z","EventID":4689,"Message":"A process has exited.\r\n\r\nSubject:\r\n\tSecurity ID:\t\tS-1-5-18\r\n\tAccount Name:\t\tWORKSTATION6$\r\n\tAccount Domain:\t\tTHESHIRE\r\n\tLogon ID:\t\t0x3E7\r\n\r\nProcess Information:\r\n\tProcess ID:\t0x1ac0\r\n\tProcess Name:\tC:\\Windows\\System32\\SearchProtocolHost.exe\r\n\tExit Status:\t0x0","Task":"13313","SubjectUserSid":"S-1-5-18","SubjectUserName":"WORKSTATION6$","SubjectDomainName":"THESHIRE","SubjectLogonId":"0x3e7","Status":"0x0","ProcessId":"0x1ac0","ProcessName":"C:\\Windows\\System32\\SearchProtocolHost.exe"}
{"SourceName":"Microsoft-Windows-Security-Auditing","ProviderGuid":"{54849625-5478-4994-a5ba-3e3b0328c30d}","Level":"0","Keywords":"0x8020000000000000","Channel":"Security","Hostname":"WORKSTATION6.theshire.local","TimeCreated":"2020-12-19T06:59:37.807Z","@timestamp":"2020-12-19T06:59:37.807Z","EventID":4689,"Message":"A process has exited.\r\n\r\nSubject:\r\n\tSecurity ID:\t\tS-1-5-18\r\n\tAccount Name:\t\tWORKSTATION6$\r\n\tAccount Domain:\t\tTHESHIRE\r\n\tLogon ID:\t\t0x3E7\r\n\r\nProcess Information:\r\n\tProcess ID:\t0x1a28\r\n\tProcess Name:\tC:\\Windows\\System32\\SearchFilterHost.exe\r\n\tExit Status:\t0x0","Task":"13313","SubjectUserSid":"S-1-5-18","SubjectUserName":"WORKSTATION6$","SubjectDomainName":"THESHIRE","SubjectLogonId":"0x3e7","Status":"0x0","ProcessId":"0x1a28","ProcessName":"C:\\Windows\\System32\\SearchFilterHost.exe"}
{"SourceName":"Microsoft-Windows-Security-Auditing","ProviderGuid":"{54849625-5478-4994-a5ba-3e3b0328c30d}","Level":"0","Keywords":"0x8020000000000000","Channel":"Security","Hostname":"WORKSTATION6.theshire.local","TimeCreated":"2020-12-19T06:59:47.461Z","@timestamp":"2020-12-19T06:59:47.461Z","EventID":5158,"Message":"The Windows Filtering Platform has permitted a bind to a local port.\r\n\r\nApplication Information:\r\n\tProcess ID:\t\t3360\r\n\tApplication Name:\t\\device\\harddiskvolume2\\windowsazure\\guestagent_2.7.41491.1005_2020-11-30_095009\\guestagent\\windowsazureguestagent.exe\r\n\r\nNetwork Information:\r\n\tSource Address:\t\t0.0.0.0\r\n\tSource Port:\t\t53603\r\n\tProtocol:\t\t6\r\n\r\nFilter Information:\r\n\tFilter Run-Time ID:\t0\r\n\tLayer Name:\t\tResource Assignment\r\n\tLayer Run-Time ID:\t36","Task":"12810","ProcessId":"3360","Application":"\\device\\harddiskvolume2\\windowsazure\\guestagent_2.7.41491.1005_2020-11-30_095009\\guestagent\\windowsazureguestagent.exe","SourceAddress":"0.0.0.0","SourcePort":"53603","Protocol":"6","FilterRTID":"0","LayerName":"%%14608","LayerRTID":"36"}
