{"SourceName":"Microsoft-Windows-Sysmon","ProviderGuid":"{5770385f-c22a-43e0-bf4c-06f5698ffbd9}","Level":"4","Keywords":"0x8000000000000000","Channel":"Microsoft-Windows-Sysmon/Operational","Hostname":"WORKSTATION6.theshire.local","TimeCreated":"2020-12-19T07:00:19.444Z","@timestamp":"2020-12-19T07:00:19.444Z","EventID":7,"Message":"Image loaded:\r\nRuleName: -\r\nUtcTime: 2020-12-19 12:00:19.430\r\nProcessGuid: {649442b8-eb53-5fdd-098c-000000000600}\r\nProcessId: 3740\r\nImage: C:\\Windows\\System32\\SearchProtocolHost.exe\r\nImageLoaded: C:\\Windows\\System32\\ole32.dll\r\nFileVersion: 10.0.18362.1082 (WinBuild.160101.0800)\r\nDescription: Microsoft OLE for Windows\r\nProduct: Microsoft Windows Operating System\r\nCompany: Microsoft Corporation\r\nOriginalFileName: OLE32.DLL\r\nHashes: SHA1=C7BA959197D19EC7C8F7707B0D8BBE77E80A9DBE,MD5=D3BAA65CBCA982E5835AE33C2C7513E9,SHA256=56D18A442AD599B04C29D98AB9E2A1983959FB74AB27D4392667A975310754E8,IMPHASH=C908A257ACFAF3BDE15426EE5244D1EB\r\nSigned: true\r\nSignature: Microsoft Windows\r\nSignatureStatus: Valid","Task":"7","RuleName":"-","UtcTime":"2020-12-19 12:00:19.430","ProcessGuid":"{649442b8-eb53-5fdd-098c-000000000600}","ProcessId":"3740","Image":"C:\\Windows\\System32\\SearchProtocolHost.exe","ImageLoaded":"C:\\Windows\\System32\\ole32.dll","FileVersion":"10.0.18362.1082 (WinBuild.160101.0800)","Description":"Microsoft OLE for Windows","Product":"Microsoft Windows Operating System","Company":"Microsoft Corporation","OriginalFileName":"OLE32.DLL","Hashes":"SHA1=C7BA959197D19EC7C8F7707B0D8BBE77E80A9DBE,MD5=D3BAA65CBCA982E5835AE33C2C7513E9,SHA256=56D18A442AD599B04C29D98AB9E2A1983959FB74AB27D4392667A975310754E8,IMPHASH=C908A257ACFAF3BDE15426EE5244D1EB","Signed":"true","Signature":"Microsoft Windows","SignatureStatus":"Valid"}
{"SourceName":"Microsoft-Windows-Sysmon","ProviderGuid":"{5770385f-c22a-43e0-bf4c-06f5698ffbd9}","Level":"4","Keywords":"0x8000000000000000","Channel":"Microsoft-Windows-Sysmon/Operational","Hostname":"WORKSTATION6.theshire.local","TimeCreated":"2020-12-19T07:00:19.454Z","@timestamp":"2020-12-19T07:00:19.454Z","EventID":1,"Message":"Process Create:\r\nRuleName: -\r\nUtcTime: 2020-12-19 12:00:19.441\r\nProcessGuid: {649442b8-eb53-5fdd-0a8c-000000000600}\r\nProcessId: 10272\r\nImage: C:\\Windows\\System32\\SearchFilterHost.exe\r\nFileVersion: 7.0.18362.1237 (WinBuild.160101.0800)\r\nDescription: Microsoft Windows Search Filter Host\r\nProduct: Windows Search\r\nCompany: Microsoft Corporation\r\nOriginalFileName: SearchFilterHost.exe\r\nCommandLine: \"C:\\windows\\system32\\SearchFilterHost.exe\" 0 776 780 788 8192 784 \r\nCurrentDirectory: C:\\windows\\system32\\\r\nUser: NT AUTHORITY\\SYSTEM\r\nLogonGuid: {649442b8-52d8-5fd1-e703-000000000000}\r\nLogonId: 0x3E7\r\nTerminalSessionId: 0\r\nIntegrityLevel: Medium\r\nHashes: SHA1=DD060D3539B055F1FB0680B02B383DE831809078,MD5=B7D362A234C4D18D974D8222D595B943,SHA256=DBB42EA736A75AFE2F412384C5929C41B03F51E442AA1E4FF7A656FE06703AD1,IMPHASH=837968E736EE58A7F0780D1DA007BB63\r\nParentProcessGuid: {649442b8-535c-5fd1-c900-000000000600}\r\nParentProcessId: 5536\r\nParentImage: C:\\Windows\\System32\\SearchIndexer.exe\r\nParentCommandLine: C:\\windows\\system32\\SearchIndexer.exe /Embedding","Task":"1","RuleName":"-","UtcTime":"2020-12-19 12:00:19.441","ProcessGuid":"{649442b8-eb53-5fdd-0a8c-000000000600}","ProcessId":"10272","Image":"C:\\Windows\\System32\\SearchFilterHost.exe","FileVersion":"7.0.18362.1237 (WinBuild.160101.0800)","Description":"Microsoft Windows Search Filter Host","Product":"Windows Search","Company":"Microsoft Corporation","OriginalFileName":"SearchFilterHost.exe","CommandLine":"\"C:\\windows\\system32\\SearchFilterHost.exe\" 0 776 780 788 8192 784 ","CurrentDirectory":"C:\\windows\\system32\\","User":"NT AUTHORITY\\SYSTEM","LogonGuid":"{649442b8-52d8-5fd1-e703-000000000000}","LogonId":"0x3e7","TerminalSessionId":"0","IntegrityLevel":"Medium","Hashes":"SHA1=DD060D3539B055F1FB0680B02B383DE831809078,MD5=B7D362A234C4D18D974D8222D595B943,SHA256=DBB42EA736A75AFE2F412384C5929C41B03F51E442AA1E4FF7A656FE06703AD1,IMPHASH=837968E736EE58A7F0780D1DA007BB63","ParentProcessGuid":"{649442b8-535c-5fd1-c900-000000000600}","ParentProcessId":"5536","ParentImage":"C:\\Windows\\System32\\SearchIndexer.exe","ParentCommandLine":"C:\\windows\\system32\\SearchIndexer.exe /Embedding"}
{"SourceName":"Microsoft-Windows-Sysmon","ProviderGuid":"{5770385f-c22a-43e0-bf4c-06f5698ffbd9}","Level":"4","Keywords":"0x8000000000000000","Channel":"Microsoft-Windows-Sysmon/Operational","Hostname":"WORKSTATION6.theshire.local","TimeCreated":"2020-12-19T07:00:19.455Z","@timestamp":"2020-12-19T07:00:19.455Z","EventID":10,"Message":"Process accessed:\r\nRuleName: -\r\nUtcTime: 2020-12-19 12:00:19.445\r\nSourceProcessGUID: {649442b8-535c-5fd1-c900-000000000600}\r\nSourceProcessId: 5536\r\nSourceThreadId: 4920\r\nSourceImage: C:\\windows\\system32\\SearchIndexer.exe\r\nTargetProcessGUID: {649442b8-eb53-5fdd-0a8c-000000000600}\r\nTargetProcessId: 10272\r\nTargetImage: C:\\windows\\system32\\SearchFilterHost.exe\r\nGrantedAccess: 0x1FFFFF\r\nCallTrace: C:\\windows\\SYSTEM32\\ntdll.dll+9df64|C:\\windows\\System32\\KERNELBASE.dll+59e1a|C:\\windows\\System32\\KERNELBASE.dll+55ec3|C:\\windows\\System32\\KERNEL32.DLL+1c9ff|C:\\windows\\system32\\MSSRCH.DLL+2f9c2|C:\\windows\\system32\\MSSRCH.DLL+2f444|C:\\windows\\system32\\MSSRCH.DLL+38882|C:\\windows\\system32\\MSSRCH.DLL+b144d|C:\\windows\\System32\\KERNEL32.DLL+17c24|C:\\windows\\SYSTEM32\\ntdll.dll+6d4d1","Task":"10","RuleName":"-","UtcTime":"2020-12-19 12:00:19.445","SourceProcessGUID":"{649442b8-535c-5fd1-c900-000000000600}","SourceProcessId":"5536","SourceThreadId":"4920","SourceImage":"C:\\windows\\system32\\SearchIndexer.exe","TargetProcessGUID":"{649442b8-eb53-5fdd-0a8c-000000000600}","TargetProcessId":"10272","TargetImage":"C:\\windows\\system32\\SearchFilterHost.exe","GrantedAccess":"0x1fffff","CallTrace":"C:\\windows\\SYSTEM32\\ntdll.dll+9df64|C:\\windows\\System32\\KERNELBASE.dll+59e1a|C:\\windows\\System32\\KERNELBASE.dll+55ec3|C:\\windows\\System32\\KERNEL32.DLL+1c9ff|C:\\windows\\system32\\MSSRCH.DLL+2f9c2|C:\\windows\\system32\\MSSRCH.DLL+2f444|C:\\windows\\system32\\MSSRCH.DLL+38882|C:\\windows\\system32\\MSSRCH.DLL+b144d|C:\\windows\\System32\\KERNEL32.DLL+17c24|C:\\windows\\SYSTEM32\\ntdll.dll+6d4d1"}
{"SourceName":"Microsoft-Windows-Sysmon","ProviderGuid":"{5770385f-c22a-43e0-bf4c-06f5698ffbd9}","Level":"4","Keywords":"0x8000000000000000","Channel":"Microsoft-Windows-Sysmon/Operational","Hostname":"WORKSTATION6.theshire.local","TimeCreated":"2020-12-19T07:00:19.455Z","@timestamp":"2020-12-19T07:00:19.455Z","EventID":10,"Message":"Process accessed:\r\nRuleName: -\r\nUtcTime: 2020-12-19 12:00:19.445\r\nSourceProcessGUID: {649442b8-52d7-5fd1-0600-000000000600}\r\nSourceProcessId: 524\r\nSourceThreadId: 540\r\nSourceImage: C:\\windows\\system32\\csrss.exe\r\nTargetProcessGUID: {649442b8-eb53-5fdd-0a8c-000000000600}\r\nTargetProcessId: 10272\r\nTargetImage: C:\\windows\\system32\\SearchFilterHost.exe\r\nGrantedAccess: 0x1FFFFF\r\nCallTrace: C:\\windows\\SYSTEM32\\ntdll.dll+9cbb4|C:\\windows\\system32\\basesrv.DLL+2fba|C:\\windows\\SYSTEM32\\CSRSRV.dll+5af4|C:\\windows\\SYSTEM32\\ntdll.dll+6d4df","Task":"10","RuleName":"-","UtcTime":"2020-12-19 12:00:19.445","SourceProcessGUID":"{649442b8-52d7-5fd1-0600-000000000600}","SourceProcessId":"524","SourceThreadId":"540","SourceImage":"C:\\windows\\system32\\csrss.exe","TargetProcessGUID":"{649442b8-eb53-5fdd-0a8c-000000000600}","TargetProcessId":"10272","TargetImage":"C:\\windows\\system32\\SearchFilterHost.exe","GrantedAccess":"0x1fffff","CallTrace":"C:\\windows\\SYSTEM32\\ntdll.dll+9cbb4|C:\\windows\\system32\\basesrv.DLL+2fba|C:\\windows\\SYSTEM32\\CSRSRV.dll+5af4|C:\\windows\\SYSTEM32\\ntdll.dll+6d4df"}
{"SourceName":"Microsoft-Windows-Sysmon","ProviderGuid":"{5770385f-c22a-43e0-bf4c-06f5698ffbd9}","Level":"4","Keywords":"0x8000000000000000","Channel":"Microsoft-Windows-Sysmon/Operational","Hostname":"WORKSTATION6.theshire.local","TimeCreated":"2020-12-19T07:00:19.455Z","@timestamp":"2020-12-19T07:00:19.455Z","EventID":7,"Message":"Image loaded:\r\nRuleName: -\r\nUtcTime: 2020-12-19 12:00:19.445\r\nProcessGuid: {649442b8-eb53-5fdd-0a8c-000000000600}\r\nProcessId: 10272\r\nImage: C:\\Windows\\System32\\SearchFilterHost.exe\r\nImageLoaded: C:\\Windows\\System32\\SearchFilterHost.exe\r\nFileVersion: 7.0.18362.1237 (WinBuild.160101.0800)\r\nDescription: Microsoft Windows Search Filter Host\r\nProduct: Windows Search\r\nCompany: Microsoft Corporation\r\nOriginalFileName: SearchFilterHost.exe\r\nHashes: SHA1=DD060D3539B055F1FB0680B02B383DE831809078,MD5=B7D362A234C4D18D974D8222D595B943,SHA256=DBB42EA736A75AFE2F412384C5929C41B03F51E442AA1E4FF7A656FE06703AD1,IMPHASH=837968E736EE58A7F0780D1DA007BB63\r\nSigned: true\r\nSignature: Microsoft Windows\r\nSignatureStatus: Valid","Task":"7","RuleName":"-","UtcTime":"2020-12-19 12:00:19.445","ProcessGuid":"{649442b8-eb53-5fdd-0a8c-000000000600}","ProcessId":"10272","Image":"C:\\Windows\\System32\\SearchFilterHost.exe","ImageLoaded":"C:\\Windows\\System32\\SearchFilterHost.exe","FileVersion":"7.0.18362.1237 (WinBuild.160101.0800)","Description":"Microsoft Windows Search Filter Host","Product":"Windows Search","Company":"Microsoft Corporation","OriginalFileName":"SearchFilterHost.exe","Hashes":"SHA1=DD060D3539B055F1FB0680B02B383DE831809078,MD5=B7D362A234C4D18D974D8222D595B943,SHA256=DBB42EA736A75AFE2F412384C5929C41B03F51E442AA1E4FF7A656FE06703AD1,IMPHASH=837968E736EE58A7F0780D1DA007BB63","Signed":"true","Signature":"Microsoft Windows","SignatureStatus":"Valid"}
{"SourceName":"Microsoft-Windows-Sysmon","ProviderGuid":"{5770385f-c22a-43e0-bf4c-06f5698ffbd9}","Level":"4","Keywords":"0x8000000000000000","Channel":"Microsoft-Windows-Sysmon/Operational","Hostname":"WORKSTATION6.theshire.local","TimeCreated":"2020-12-19T07:00:19.455Z","@timestamp":"2020-12-19T07:00:19.455Z","EventID":7,"Message":"Image loaded:\r\nRuleName: -\r\nUtcTime: 2020-12-19 12:00:19.445\r\nProcessGuid: {649442b8-eb53-5fdd-0a8c-000000000600}\r\nProcessId: 10272\r\nImage: C:\\Windows\\System32\\SearchFilterHost.exe\r\nImageLoaded: C:\\Windows\\System32\\ntdll.dll\r\nFileVersion: 10.0.18362.1171 (WinBuild.160101.0800)\r\nDescription: NT Layer DLL\r\nProduct: Microsoft Windows Operating System\r\nCompany: Microsoft Corporation\r\nOriginalFileName: ntdll.dll\r\nHashes: SHA1=5786DED9212C3BBF3C1B31CCA8CF85866EA448A4,MD5=F2023B1BA6761FB1886EB3164420273B,SHA256=674D053FD4A2AF0521E283ABE15C9F2BE10736A186634843CE2C847EA90B37D8,IMPHASH=00000000000000000000000000000000\r\nSigned: true\r\nSignature: Microsoft Windows\r\nSignatureStatus: Valid","Task":"7","RuleName":"-","UtcTime":"2020-12-19 12:00:19.445","ProcessGuid":"{649442b8-eb53-5fdd-0a8c-000000000600}","ProcessId":"10272","Image":"C:\\Windows\\System32\\SearchFilterHost.exe","ImageLoaded":"C:\\Windows\\System32\\ntdll.dll","FileVersion":"10.0.18362.1171 (WinBuild.160101.0800)","Description":"NT Layer DLL","Product":"Microsoft Windows Operating System","Company":"Microsoft Corporation","OriginalFileName":"ntdll.dll","Hashes":"SHA1=5786DED9212C3BBF3C1B31CCA8CF85866EA448A4,MD5=F2023B1BA6761FB1886EB3164420273B,SHA256=674D053FD4A2AF0521E283ABE15C9F2BE10736A186634843CE2C847EA90B37D8,IMPHASH=00000000000000000000000000000000","Signed":"true","Signature":"Microsoft Windows","SignatureStatus":"Valid"}
{"SourceName":"Microsoft-Windows-Sysmon","ProviderGuid":"{5770385f-c22a-43e0-bf4c-06f5698ffbd9}","Level":"4","Keywords":"0x8000000000000000","Channel":"Microsoft-Windows-Sysmon/Operational","Hostname":"WORKSTATION6.theshire.local","TimeCreated":"2020-12-19T07:00:19.456Z","@timestamp":"2020-12-19T07:00:19.456Z","EventID":7,"Message":"Image loaded:\r\nRuleName: -\r\nUtcTime: 2020-12-19 12:00:19.445\r\nProcessGuid: {649442b8-eb53-5fdd-0a8c-000000000600}\r\nProcessId: 10272\r\nImage: C:\\Windows\\System32\\SearchFilterHost.exe\r\nImageLoaded: C:\\Windows\\System32\\kernel32.dll\r\nFileVersion: 10.0.18362.1110 (WinBuild.160101.0800)\r\nDescription: Windows NT BASE API Client DLL\r\nProduct: Microsoft Windows Operating System\r\nCompany: Microsoft Corporation\r\nOriginalFileName: kernel32\r\nHashes: SHA1=D207A86541CABC3190BBD5B1CC982F6D7C90051B,MD5=ED906DB51BCB4F5A68606D2683AF44A3,SHA256=DF5CE6E95294579D7D7D16C47CB3DC5C8FA1DB53CCE56091E3496309B0D87536,IMPHASH=D3645703895C4EBB8EA5B9B26816A081\r\nSigned: true\r\nSignature: Microsoft Windows\r\nSignatureStatus: Valid","Task":"7","RuleName":"-","UtcTime":"2020-12-19 12:00:19.445","ProcessGuid":"{649442b8-eb53-5fdd-0a8c-000000000600}","ProcessId":"10272","Image":"C:\\Windows\\System32\\SearchFilterHost.exe","ImageLoaded":"C:\\Windows\\System32\\kernel32.dll","FileVersion":"10.0.18362.1110 (WinBuild.160101.0800)","Description":"Windows NT BASE API Client DLL","Product":"Microsoft Windows Operating System","Company":"Microsoft Corporation","OriginalFileName":"kernel32","Hashes":"SHA1=D207A86541CABC3190BBD5B1CC982F6D7C90051B,MD5=ED906DB51BCB4F5A68606D2683AF44A3,SHA256=DF5CE6E95294579D7D7D16C47CB3DC5C8FA1DB53CCE56091E3496309B0D87536,IMPHASH=D3645703895C4EBB8EA5B9B26816A081","Signed":"true","Signature":"Microsoft Windows","SignatureStatus":"Valid"}
{"SourceName":"Microsoft-Windows-Sysmon","ProviderGuid":"{5770385f-c22a-43e0-bf4c-06f5698ffbd9}","Level":"4","Keywords":"0x8000000000000000","Channel":"Microsoft-Windows-Sysmon/Operational","Hostname":"WORKSTATION6.theshire.local","TimeCreated":"2020-12-19T07:00:19.457Z","@timestamp":"2020-12-19T07:00:19.457Z","EventID":7,"Message":"Image loaded:\r\nRuleName: -\r\nUtcTime: 2020-12-19 12:00:19.445\r\nProcessGuid: {649442b8-eb53-5fdd-0a8c-000000000600}\r\nProcessId: 10272\r\nImage: C:\\Windows\\System32\\SearchFilterHost.exe\r\nImageLoaded: C:\\Windows\\System32\\KernelBase.dll\r\nFileVersion: 10.0.18362.1237 (WinBuild.160101.0800)\r\nDescription: Windows NT BASE API Client DLL\r\nProduct: Microsoft Windows Operating System\r\nCompany: Microsoft Corporation\r\nOriginalFileName: Kernelbase.dll\r\nHashes: SHA1=2FA598C0784903CDE53C1F2DBDCEBB89ADDBCEFA,MD5=21922158616643391A357826374A3DA7,SHA256=15FB1A344CE1625DCFF1CDABE3A9F3AB2305CC38CBA9897636E9E45F3794CBF0,IMPHASH=16003AF856720C35351BB8C14AD0B0A8\r\nSigned: true\r\nSignature: Microsoft Windows\r\nSignatureStatus: Valid","Task":"7","RuleName":"-","UtcTime":"2020-12-19 12:00:19.445","ProcessGuid":"{649442b8-eb53-5fdd-0a8c-000000000600}","ProcessId":"10272","Image":"C:\\Windows\\System32\\SearchFilterHost.exe","ImageLoaded":"C:\\Windows\\System32\\KernelBase.dll","FileVersion":"10.0.18362.1237 (WinBuild.160101.0800)","Description":"Windows NT BASE API Client DLL","Product":"Microsoft Windows Operating System","Company":"Microsoft Corporation","OriginalFileName":"Kernelbase.dll","Hashes":"SHA1=2FA598C0784903CDE53C1F2DBDCEBB89ADDBCEFA,MD5=21922158616643391A357826374A3DA7,SHA256=15FB1A344CE1625DCFF1CDABE3A9F3AB2305CC38CBA9897636E9E45F3794CBF0,IMPHASH=16003AF856720C35351BB8C14AD0B0A8","Signed":"true","Signature":"Microsoft Windows","SignatureStatus":"Valid"}
{"SourceName":"Microsoft-Windows-Sysmon","ProviderGuid":"{5770385f-c22a-43e0-bf4c-06f5698ffbd9}","Level":"4","Keywords":"0x8000000000000000","Channel":"Microsoft-Windows-Sysmon/Operational","Hostname":"WORKSTATION6.theshire.local","TimeCreated":"2020-12-19T07:00:19.458Z","@timestamp":"2020-12-19T07:00:19.458Z","EventID":7,"Message":"Image loaded:\r\nRuleName: -\r\nUtcTime: 2020-12-19 12:00:19.445\r\nProcessGuid: {649442b8-eb53-5fdd-0a8c-000000000600}\r\nProcessId: 10272\r\nImage: C:\\Windows\\System32\\SearchFilterHost.exe\r\nImageLoaded: C:\\Windows\\System32\\msvcrt.dll\r\nFileVersion: 7.0.18362.1 (WinBuild.160101.0800)\r\nDescription: Windows NT CRT DLL\r\nProduct: Microsoft Windows Operating System\r\nCompany: Microsoft Corporation\r\nOriginalFileName: msvcrt.dll\r\nHashes: SHA1=0EA4B3CFB14E49CEC0D42FF0F1FA989E69647A8F,MD5=36354D9B5B0A58A4B9A19103852C00A2,SHA256=E5A863D3F4BFEFED7D73A7B1499F81B7235BC9AE3C108065041BCB8E5446B1BB,IMPHASH=1273683626EBBA703979F188A1E64237\r\nSigned: true\r\nSignature: Microsoft Windows\r\nSignatureStatus: Valid","Task":"7","RuleName":"-","UtcTime":"2020-12-19 12:00:19.445","ProcessGuid":"{649442b8-eb53-5fdd-0a8c-000000000600}","ProcessId":"10272","Image":"C:\\Windows\\System32\\SearchFilterHost.exe","ImageLoaded":"C:\\Windows\\System32\\msvcrt.dll","FileVersion":"7.0.18362.1 (WinBuild.160101.0800)","Description":"Windows NT CRT DLL","Product":"Microsoft Windows Operating System","Company":"Microsoft Corporation","OriginalFileName":"msvcrt.dll","Hashes":"SHA1=0EA4B3CFB14E49CEC0D42FF0F1FA989E69647A8F,MD5=36354D9B5B0A58A4B9A19103852C00A2,SHA256=E5A863D3F4BFEFED7D73A7B1499F81B7235BC9AE3C108065041BCB8E5446B1BB,IMPHASH=1273683626EBBA703979F188A1E64237","Signed":"true","Signature":"Microsoft Windows","SignatureStatus":"Valid"}
{"SourceName":"Microsoft-Windows-Sysmon","ProviderGuid":"{5770385f-c22a-43e0-bf4c-06f5698ffbd9}","Level":"4","Keywords":"0x8000000000000000","Channel":"Microsoft-Windows-Sysmon/Operational","Hostname":"WORKSTATION6.theshire.local","TimeCreated":"2020-12-19T07:00:19.459Z","@timestamp":"2020-12-19T07:00:19.459Z","EventID":7,"Message":"Image loaded:\r\nRuleName: -\r\nUtcTime: 2020-12-19 12:00:19.445\r\nProcessGuid: {649442b8-eb53-5fdd-0a8c-000000000600}\r\nProcessId: 10272\r\nImage: C:\\Windows\\System32\\SearchFilterHost.exe\r\nImageLoaded: C:\\Windows\\System32\\oleaut32.dll\r\nFileVersion: 10.0.18362.1110 (WinBuild.160101.0800)\r\nDescription: OLEAUT32.DLL\r\nProduct: Microsoft Windows Operating System\r\nCompany: Microsoft Corporation\r\nOriginalFileName: OLEAUT32.DLL\r\nHashes: SHA1=35C3365E5F385CB7025DC51D1359BC92CEACB8F4,MD5=81CC27927690AC3A552D92269CBA4899,SHA256=49C1A7FFB5DC382E35F19C1771A0B43120BBB4159EE5BFE23E0410A76A36D68A,IMPHASH=F010E2DB51A2E86CCF6052A1ACC0854F\r\nSigned: true\r\nSignature: Microsoft Windows\r\nSignatureStatus: Valid","Task":"7","RuleName":"-","UtcTime":"2020-12-19 12:00:19.445","ProcessGuid":"{649442b8-eb53-5fdd-0a8c-000000000600}","ProcessId":"10272","Image":"C:\\Windows\\System32\\SearchFilterHost.exe","ImageLoaded":"C:\\Windows\\System32\\oleaut32.dll","FileVersion":"10.0.18362.1110 (WinBuild.160101.0800)","Description":"OLEAUT32.DLL","Product":"Microsoft Windows Operating System","Company":"Microsoft Corporation","OriginalFileName":"OLEAUT32.DLL","Hashes":"SHA1=35C3365E5F385CB7025DC51D1359BC92CEACB8F4,MD5=81CC27927690AC3A552D92269CBA4899,SHA256=49C1A7FFB5DC382E35F19C1771A0B43120BBB4159EE5BFE23E0410A76A36D68A,IMPHASH=F010E2DB51A2E86CCF6052A1ACC0854F","Signed":"true","Signature":"Microsoft Windows","SignatureStatus":"Valid"}
{"SourceName":"Microsoft-Windows-Sysmon","ProviderGuid":"{5770385f-c22a-43e0-bf4c-06f5698ffbd9}","Level":"4","Keywords":"0x8000000000000000","Channel":"Microsoft-Windows-Sysmon/Operational","Hostname":"WORKSTATION6.theshire.local","TimeCreated":"2020-12-19T07:00:19.459Z","@timestamp":"2020-12-19T07:00:19.459Z","EventID":7,"Message":"Image loaded:\r\nRuleName: -\r\nUtcTime: 2020-12-19 12:00:19.445\r\nProcessGuid: {649442b8-eb53-5fdd-0a8c-000000000600}\r\nProcessId: 10272\r\nImage: C:\\Windows\\System32\\SearchFilterHost.exe\r\nImageLoaded: C:\\Windows\\System32\\msvcp_win.dll\r\nFileVersion: 10.0.18362.1110 (WinBuild.160101.0800)\r\nDescription: Microsoft C Runtime Library\r\nProduct: Microsoft Windows Operating System\r\nCompany: Microsoft Corporation\r\nOriginalFileName: msvcp_win.dll\r\nHashes: SHA1=56A126B33C43CE80C5DA3319FA4FBE28F617599C,MD5=94027F5AE9D6FC3B0917C1B5BCD2D88E,SHA256=2FC246F193104FB36285360E9FB14CE10B04EDB50D9D5ECFD9FDA1F010BFCDB9,IMPHASH=7F555C87AEA488E97B6067A0419ED3B4\r\nSigned: true\r\nSignature: Microsoft Windows\r\nSignatureStatus: Valid","Task":"7","RuleName":"-","UtcTime":"2020-12-19 12:00:19.445","ProcessGuid":"{649442b8-eb53-5fdd-0a8c-000000000600}","ProcessId":"10272","Image":"C:\\Windows\\System32\\SearchFilterHost.exe","ImageLoaded":"C:\\Windows\\System32\\msvcp_win.dll","FileVersion":"10.0.18362.1110 (WinBuild.160101.0800)","Description":"Microsoft C Runtime Library","Product":"Microsoft Windows Operating System","Company":"Microsoft Corporation","OriginalFileName":"msvcp_win.dll","Hashes":"SHA1=56A126B33C43CE80C5DA3319FA4FBE28F617599C,MD5=94027F5AE9D6FC3B0917C1B5BCD2D88E,SHA256=2FC246F193104FB36285360E9FB14CE10B04EDB50D9D5ECFD9FDA1F010BFCDB9,IMPHASH=7F555C87AEA488E97B6067A0419ED3B4","Signed":"true","Signature":"Microsoft Windows","SignatureStatus":"Valid"}
{"SourceName":"Microsoft-Windows-Sysmon","ProviderGuid":"{5770385f-c22a-43e0-bf4c-06f5698ffbd9}","Level":"4","Keywords":"0x8000000000000000","Channel":"Microsoft-Windows-Sysmon/Operational","Hostname":"WORKSTATION6.theshire.local","TimeCreated":"2020-12-19T07:00:19.459Z","@timestamp":"2020-12-19T07:00:19.459Z","EventID":7,"Message":"Image loaded:\r\nRuleName: -\r\nUtcTime: 2020-12-19 12:00:19.445\r\nProcessGuid: {649442b8-eb53-5fdd-0a8c-000000000600}\r\nProcessId: 10272\r\nImage: C:\\Windows\\System32\\SearchFilterHost.exe\r\nImageLoaded: C:\\Windows\\System32\\ucrtbase.dll\r\nFileVersion: 10.0.18362.1110 (WinBuild.160101.0800)\r\nDescription: Microsoft C Runtime Library\r\nProduct: Microsoft Windows Operating System\r\nCompany: Microsoft Corporation\r\nOriginalFileName: ucrtbase.dll\r\nHashes: SHA1=D10BBE9B65C2C6F8FCA6850D0B79CBC6EF04D691,MD5=126821F73FD9FFCE6E091CF9480E1B60,SHA256=7B28F46F0A09CFD9129109A94B1C16C9C62EEF46C09113C4C585D9BF0E69B2DA,IMPHASH=5AE9A136FAFA10321F3D48251BF4F6A1\r\nSigned: true\r\nSignature: Microsoft Windows\r\nSignatureStatus: Valid","Task":"7","RuleName":"-","UtcTime":"2020-12-19 12:00:19.445","ProcessGuid":"{649442b8-eb53-5fdd-0a8c-000000000600}","ProcessId":"10272","Image":"C:\\Windows\\System32\\SearchFilterHost.exe","ImageLoaded":"C:\\Windows\\System32\\ucrtbase.dll","FileVersion":"10.0.18362.1110 (WinBuild.160101.0800)","Description":"Microsoft C Runtime Library","Product":"Microsoft Windows Operating System","Company":"Microsoft Corporation","OriginalFileName":"ucrtbase.dll","Hashes":"SHA1=D10BBE9B65C2C6F8FCA6850D0B79CBC6EF04D691,MD5=126821F73FD9FFCE6E091CF9480E1B60,SHA256=7B28F46F0A09CFD9129109A94B1C16C9C62EEF46C09113C4C585D9BF0E69B2DA,IMPHASH=5AE9A136FAFA10321F3D48251BF4F6A1","Signed":"true","Signature":"Microsoft Windows","SignatureStatus":"Valid"}
{"SourceName":"Microsoft-Windows-Sysmon","ProviderGuid":"{5770385f-c22a-43e0-bf4c-06f5698ffbd9}","Level":"4","Keywords":"0x8000000000000000","Channel":"Microsoft-Windows-Sysmon/Operational","Hostname":"WORKSTATION6.theshire.local","TimeCreated":"2020-12-19T07:00:19.459Z","@timestamp":"2020-12-19T07:00:19.459Z","EventID":7,"Message":"Image loaded:\r\nRuleName: -\r\nUtcTime: 2020-12-19 12:00:19.445\r\nProcessGuid: {649442b8-eb53-5fdd-0a8c-000000000600}\r\nProcessId: 10272\r\nImage: C:\\Windows\\System32\\SearchFilterHost.exe\r\nImageLoaded: C:\\Windows\\System32\\combase.dll\r\nFileVersion: 10.0.18362.1237 (WinBuild.160101.0800)\r\nDescription: Microsoft COM for Windows\r\nProduct: Microsoft Windows Operating System\r\nCompany: Microsoft Corporation\r\nOriginalFileName: COMBASE.DLL\r\nHashes: SHA1=7625B2C72600FF888C7A3336419BB044C36752A5,MD5=539D1E01F0F05A761F9CEB0E73B6B2F6,SHA256=06F66535EAC81D471CF93F94B2BA05C71CB6215F9CD74FE9D786EF460B3FD696,IMPHASH=AB7CE8EA429123317DC63A4C1C782C8D\r\nSigned: true\r\nSignature: Microsoft Windows\r\nSignatureStatus: Valid","Task":"7","RuleName":"-","UtcTime":"2020-12-19 12:00:19.445","ProcessGuid":"{649442b8-eb53-5fdd-0a8c-000000000600}","ProcessId":"10272","Image":"C:\\Windows\\System32\\SearchFilterHost.exe","ImageLoaded":"C:\\Windows\\System32\\combase.dll","FileVersion":"10.0.18362.1237 (WinBuild.160101.0800)","Description":"Microsoft COM for Windows","Product":"Microsoft Windows Operating System","Company":"Microsoft Corporation","OriginalFileName":"COMBASE.DLL","Hashes":"SHA1=7625B2C72600FF888C7A3336419BB044C36752A5,MD5=539D1E01F0F05A761F9CEB0E73B6B2F6,SHA256=06F66535EAC81D471CF93F94B2BA05C71CB6215F9CD74FE9D786EF460B3FD696,IMPHASH=AB7CE8EA429123317DC63A4C1C782C8D","Signed":"true","Signature":"Microsoft Windows","SignatureStatus":"Valid"}
{"SourceName":"Microsoft-Windows-Sysmon","ProviderGuid":"{5770385f-c22a-43e0-bf4c-06f5698ffbd9}","Level":"4","Keywords":"0x8000000000000000","Channel":"Microsoft-Windows-Sysmon/Operational","Hostname":"WORKSTATION6.theshire.local","TimeCreated":"2020-12-19T07:00:19.460Z","@timestamp":"2020-12-19T07:00:19.460Z","EventID":7,"Message":"Image loaded:\r\nRuleName: -\r\nUtcTime: 2020-12-19 12:00:19.445\r\nProcessGuid: {649442b8-eb53-5fdd-0a8c-000000000600}\r\nProcessId: 10272\r\nImage: C:\\Windows\\System32\\SearchFilterHost.exe\r\nImageLoaded: C:\\Windows\\System32\\rpcrt4.dll\r\nFileVersion: 10.0.18362.1237 (WinBuild.160101.0800)\r\nDescription: Remote Procedure Call Runtime\r\nProduct: Microsoft Windows Operating System\r\nCompany: Microsoft Corporation\r\nOriginalFileName: rpcrt4.dll\r\nHashes: SHA1=D4F9E2CA0E2151D9186D2C8116AF2B40441829F3,MD5=50D8C477A6F7511EE5C3B46B59F9F925,SHA256=7C079DEFDF8C41B5EB4D7883603944BF45D6D04F981BF39EDF1D624AC51B90AD,IMPHASH=88E7E7C7FA90052EC162DD37F2B7C7BD\r\nSigned: true\r\nSignature: Microsoft Windows\r\nSignatureStatus: Valid","Task":"7","RuleName":"-","UtcTime":"2020-12-19 12:00:19.445","ProcessGuid":"{649442b8-eb53-5fdd-0a8c-000000000600}","ProcessId":"10272","Image":"C:\\Windows\\System32\\SearchFilterHost.exe","ImageLoaded":"C:\\Windows\\System32\\rpcrt4.dll","FileVersion":"10.0.18362.1237 (WinBuild.160101.0800)","Description":"Remote Procedure Call Runtime","Product":"Microsoft Windows Operating System","Company":"Microsoft Corporation","OriginalFileName":"rpcrt4.dll","Hashes":"SHA1=D4F9E2CA0E2151D9186D2C8116AF2B40441829F3,MD5=50D8C477A6F7511EE5C3B46B59F9F925,SHA256=7C079DEFDF8C41B5EB4D7883603944BF45D6D04F981BF39EDF1D624AC51B90AD,IMPHASH=88E7E7C7FA90052EC162DD37F2B7C7BD","Signed":"true","Signature":"Microsoft Windows","SignatureStatus":"Valid"}
{"SourceName":"Microsoft-Windows-Sysmon","ProviderGuid":"{5770385f-c22a-43e0-bf4c-06f5698ffbd9}","Level":"4","Keywords":"0x8000000000000000","Channel":"Microsoft-Windows-Sysmon/Operational","Hostname":"WORKSTATION6.theshire.local","TimeCreated":"2020-12-19T07:00:19.460Z","@timestamp":"2020-12-19T07:00:19.460Z","EventID":7,"Message":"Image loaded:\r\nRuleName: -\r\nUtcTime: 2020-12-19 12:00:19.445\r\nProcessGuid: {649442b8-eb53-5fdd-0a8c-000000000600}\r\nProcessId: 10272\r\nImage: C:\\Windows\\System32\\SearchFilterHost.exe\r\nImageLoaded: C:\\Windows\\System32\\bcryptprimitives.dll\r\nFileVersion: 10.0.18362.1237 (WinBuild.160101.0800)\r\nDescription: Windows Cryptographic Primitives Library\r\nProduct: Microsoft Windows Operating System\r\nCompany: Microsoft Corporation\r\nOriginalFileName: bcryptprimitives.dll\r\nHashes: SHA1=9EF590B826FD65FD7F6B348604E29873AFE24353,MD5=CFA9891644C90A7739814212C28E9071,SHA256=9DADBB2C0AE4D8DBC3E855F35DF29FA40C0FEC8ABE3B15DAD2F789671A44792C,IMPHASH=496E42068C9391511CF6EE7C54F73A9B\r\nSigned: true\r\nSignature: Microsoft Windows\r\nSignatureStatus: Valid","Task":"7","RuleName":"-","UtcTime":"2020-12-19 12:00:19.445","ProcessGuid":"{649442b8-eb53-5fdd-0a8c-000000000600}","ProcessId":"10272","Image":"C:\\Windows\\System32\\SearchFilterHost.exe","ImageLoaded":"C:\\Windows\\System32\\bcryptprimitives.dll","FileVersion":"10.0.18362.1237 (WinBuild.160101.0800)","Description":"Windows Cryptographic Primitives Library","Product":"Microsoft Windows Operating System","Company":"Microsoft Corporation","OriginalFileName":"bcryptprimitives.dll","Hashes":"SHA1=9EF590B826FD65FD7F6B348604E29873AFE24353,MD5=CFA9891644C90A7739814212C28E9071,SHA256=9DADBB2C0AE4D8DBC3E855F35DF29FA40C0FEC8ABE3B15DAD2F789671A44792C,IMPHASH=496E42068C9391511CF6EE7C54F73A9B","Signed":"true","Signature":"Microsoft Windows","SignatureStatus":"Valid"}
{"SourceName":"Microsoft-Windows-Sysmon","ProviderGuid":"{5770385f-c22a-43e0-bf4c-06f5698ffbd9}","Level":"4","Keywords":"0x8000000000000000","Channel":"Microsoft-Windows-Sysmon/Operational","Hostname":"WORKSTATION6.theshire.local","TimeCreated":"2020-12-19T07:00:19.461Z","@timestamp":"2020-12-19T07:00:19.461Z","EventID":7,"Message":"Image loaded:\r\nRuleName: -\r\nUtcTime: 2020-12-19 12:00:19.445\r\nProcessGuid: {649442b8-eb53-5fdd-0a8c-000000000600}\r\nProcessId: 10272\r\nImage: C:\\Windows\\System32\\SearchFilterHost.exe\r\nImageLoaded: C:\\Windows\\System32\\advapi32.dll\r\nFileVersion: 10.0.18362.752 (WinBuild.160101.0800)\r\nDescription: Advanced Windows 32 Base API\r\nProduct: Microsoft Windows Operating System\r\nCompany: Microsoft Corporation\r\nOriginalFileName: advapi32.dll\r\nHashes: SHA1=35C61DDE6F8F4ED05F9C4837E2B91C886CA79F82,MD5=EA4F6E7961B4A402F6F5EC33C655260A,SHA256=5E2D103E7E1FD7CA0492E541F082D274EF6259AF2158A3562986C796C5C869DD,IMPHASH=8EEA175C33205685FB8A14876D7564DB\r\nSigned: true\r\nSignature: Microsoft Windows\r\nSignatureStatus: Valid","Task":"7","RuleName":"-","UtcTime":"2020-12-19 12:00:19.445","ProcessGuid":"{649442b8-eb53-5fdd-0a8c-000000000600}","ProcessId":"10272","Image":"C:\\Windows\\System32\\SearchFilterHost.exe","ImageLoaded":"C:\\Windows\\System32\\advapi32.dll","FileVersion":"10.0.18362.752 (WinBuild.160101.0800)","Description":"Advanced Windows 32 Base API","Product":"Microsoft Windows Operating System","Company":"Microsoft Corporation","OriginalFileName":"advapi32.dll","Hashes":"SHA1=35C61DDE6F8F4ED05F9C4837E2B91C886CA79F82,MD5=EA4F6E7961B4A402F6F5EC33C655260A,SHA256=5E2D103E7E1FD7CA0492E541F082D274EF6259AF2158A3562986C796C5C869DD,IMPHASH=8EEA175C33205685FB8A14876D7564DB","Signed":"true","Signature":"Microsoft Windows","SignatureStatus":"Valid"}
{"SourceName":"Microsoft-Windows-Sysmon","ProviderGuid":"{5770385f-c22a-43e0-bf4c-06f5698ffbd9}","Level":"4","Keywords":"0x8000000000000000","Channel":"Microsoft-Windows-Sysmon/Operational","Hostname":"WORKSTATION6.theshire.local","TimeCreated":"2020-12-19T07:00:19.461Z","@timestamp":"2020-12-19T07:00:19.461Z","EventID":7,"Message":"Image loaded:\r\nRuleName: -\r\nUtcTime: 2020-12-19 12:00:19.445\r\nProcessGuid: {649442b8-eb53-5fdd-0a8c-000000000600}\r\nProcessId: 10272\r\nImage: C:\\Windows\\System32\\SearchFilterHost.exe\r\nImageLoaded: C:\\Windows\\System32\\sechost.dll\r\nFileVersion: 10.0.18362.1237 (WinBuild.160101.0800)\r\nDescription: Host for SCM/SDDL/LSA Lookup APIs\r\nProduct: Microsoft Windows Operating System\r\nCompany: Microsoft Corporation\r\nOriginalFileName: sechost.dll\r\nHashes: SHA1=807822C660891BE08CFFC46A6493A08B85A2356E,MD5=63EC2607385A119D37685E2DB60B6B42,SHA256=F9EF14D94A8E61FA0E092D69832814D55C6E1CFA3C303725F8EEAC6071D6620F,IMPHASH=CE4BD072766253F6A267D0284CA82002\r\nSigned: true\r\nSignature: Microsoft Windows\r\nSignatureStatus: Valid","Task":"7","RuleName":"-","UtcTime":"2020-12-19 12:00:19.445","ProcessGuid":"{649442b8-eb53-5fdd-0a8c-000000000600}","ProcessId":"10272","Image":"C:\\Windows\\System32\\SearchFilterHost.exe","ImageLoaded":"C:\\Windows\\System32\\sechost.dll","FileVersion":"10.0.18362.1237 (WinBuild.160101.0800)","Description":"Host for SCM/SDDL/LSA Lookup APIs","Product":"Microsoft Windows Operating System","Company":"Microsoft Corporation","OriginalFileName":"sechost.dll","Hashes":"SHA1=807822C660891BE08CFFC46A6493A08B85A2356E,MD5=63EC2607385A119D37685E2DB60B6B42,SHA256=F9EF14D94A8E61FA0E092D69832814D55C6E1CFA3C303725F8EEAC6071D6620F,IMPHASH=CE4BD072766253F6A267D0284CA82002","Signed":"true","Signature":"Microsoft Windows","SignatureStatus":"Valid"}
{"SourceName":"Microsoft-Windows-Sysmon","ProviderGuid":"{5770385f-c22a-43e0-bf4c-06f5698ffbd9}","Level":"4","Keywords":"0x8000000000000000","Channel":"Microsoft-Windows-Sysmon/Operational","Hostname":"WORKSTATION6.theshire.local","TimeCreated":"2020-12-19T07:00:19.462Z","@timestamp":"2020-12-19T07:00:19.462Z","EventID":7,"Message":"Image loaded:\r\nRuleName: -\r\nUtcTime: 2020-12-19 12:00:19.461\r\nProcessGuid: {649442b8-eb53-5fdd-0a8c-000000000600}\r\nProcessId: 10272\r\nImage: C:\\Windows\\System32\\SearchFilterHost.exe\r\nImageLoaded: C:\\Windows\\System32\\tquery.dll\r\nFileVersion: 7.0.18362.1237 (WinBuild.160101.0800)\r\nDescription: Microsoft Tripoli Query\r\nProduct: Windows Search\r\nCompany: Microsoft Corporation\r\nOriginalFileName: TQUERY.dll\r\nHashes: SHA1=4D26D30B79BCFCD12CA3ECE16DA7BEF4D89013A7,MD5=62D5419023FA14CAD1FF4DE296506D02,SHA256=1A6693B12120F4E45E7FEFFD86C121AF4B43D37F67257293E432BCC5274581C9,IMPHASH=B747773C8944E8F8706A8368B274F6EF\r\nSigned: true\r\nSignature: Microsoft Windows\r\nSignatureStatus: Valid","Task":"7","RuleName":"-","UtcTime":"2020-12-19 12:00:19.461","ProcessGuid":"{649442b8-eb53-5fdd-0a8c-000000000600}","ProcessId":"10272","Image":"C:\\Windows\\System32\\SearchFilterHost.exe","ImageLoaded":"C:\\Windows\\System32\\tquery.dll","FileVersion":"7.0.18362.1237 (WinBuild.160101.0800)","Description":"Microsoft Tripoli Query","Product":"Windows Search","Company":"Microsoft Corporation","OriginalFileName":"TQUERY.dll","Hashes":"SHA1=4D26D30B79BCFCD12CA3ECE16DA7BEF4D89013A7,MD5=62D5419023FA14CAD1FF4DE296506D02,SHA256=1A6693B12120F4E45E7FEFFD86C121AF4B43D37F67257293E432BCC5274581C9,IMPHASH=B747773C8944E8F8706A8368B274F6EF","Signed":"true","Signature":"Microsoft Windows","SignatureStatus":"Valid"}
{"SourceName":"Microsoft-Windows-Sysmon","ProviderGuid":"{5770385f-c22a-43e0-bf4c-06f5698ffbd9}","Level":"4","Keywords":"0x8000000000000000","Channel":"Microsoft-Windows-Sysmon/Operational","Hostname":"WORKSTATION6.theshire.local","TimeCreated":"2020-12-19T07:00:19.462Z","@timestamp":"2020-12-19T07:00:19.462Z","EventID":7,"Message":"Image loaded:\r\nRuleName: -\r\nUtcTime: 2020-12-19 12:00:19.461\r\nProcessGuid: {649442b8-eb53-5fdd-0a8c-000000000600}\r\nProcessId: 10272\r\nImage: C:\\Windows\\System32\\SearchFilterHost.exe\r\nImageLoaded: C:\\Windows\\System32\\cryptdll.dll\r\nFileVersion: 10.0.18362.113 (WinBuild.160101.0800)\r\nDescription: Cryptography Manager\r\nProduct: Microsoft Windows Operating System\r\nCompany: Microsoft Corporation\r\nOriginalFileName: cryptdll.dll\r\nHashes: SHA1=BE97D68743A482E079B2444C526B2807A1A4944B,MD5=D688CD24DFA347ED9C3EFD8F7756D404,SHA256=F4BA3B1A3CFE6C67562642F012D1567510DA4BEFFA27FD4B4257A500158FC011,IMPHASH=EEE9E3C69E3AA8A672BA845111314DF0\r\nSigned: true\r\nSignature: Microsoft Windows\r\nSignatureStatus: Valid","Task":"7","RuleName":"-","UtcTime":"2020-12-19 12:00:19.461","ProcessGuid":"{649442b8-eb53-5fdd-0a8c-000000000600}","ProcessId":"10272","Image":"C:\\Windows\\System32\\SearchFilterHost.exe","ImageLoaded":"C:\\Windows\\System32\\cryptdll.dll","FileVersion":"10.0.18362.113 (WinBuild.160101.0800)","Description":"Cryptography Manager","Product":"Microsoft Windows Operating System","Company":"Microsoft Corporation","OriginalFileName":"cryptdll.dll","Hashes":"SHA1=BE97D68743A482E079B2444C526B2807A1A4944B,MD5=D688CD24DFA347ED9C3EFD8F7756D404,SHA256=F4BA3B1A3CFE6C67562642F012D1567510DA4BEFFA27FD4B4257A500158FC011,IMPHASH=EEE9E3C69E3AA8A672BA845111314DF0","Signed":"true","Signature":"Microsoft Windows","SignatureStatus":"Valid"}
{"SourceName":"Microsoft-Windows-Sysmon","ProviderGuid":"{5770385f-c22a-43e0-bf4c-06f5698ffbd9}","Level":"4","Keywords":"0x8000000000000000","Channel":"Microsoft-Windows-Sysmon/Operational","Hostname":"WORKSTATION6.theshire.local","TimeCreated":"2020-12-19T07:00:19.465Z","@timestamp":"2020-12-19T07:00:19.465Z","EventID":7,"Message":"Image loaded:\r\nRuleName: -\r\nUtcTime: 2020-12-19 12:00:19.461\r\nProcessGuid: {649442b8-eb53-5fdd-0a8c-000000000600}\r\nProcessId: 10272\r\nImage: C:\\Windows\\System32\\SearchFilterHost.exe\r\nImageLoaded: C:\\Windows\\System32\\imm32.dll\r\nFileVersion: 10.0.18362.387 (WinBuild.160101.0800)\r\nDescription: Multi-User Windows IMM32 API Client DLL\r\nProduct: Microsoft Windows Operating System\r\nCompany: Microsoft Corporation\r\nOriginalFileName: imm32\r\nHashes: SHA1=76BB2AB8D3CB6DB6D23F4771334C9AA9C231B03A,MD5=025CC332EDC4B1A38290F3E36BCEF4FB,SHA256=0FE3C1C575EA1B0257B2EB12527EC35E3004CD88EA5BAEC7095386A9F9EB70AD,IMPHASH=24F54B6761C10BA12481CF6C780605BF\r\nSigned: true\r\nSignature: Microsoft Windows\r\nSignatureStatus: Valid","Task":"7","RuleName":"-","UtcTime":"2020-12-19 12:00:19.461","ProcessGuid":"{649442b8-eb53-5fdd-0a8c-000000000600}","ProcessId":"10272","Image":"C:\\Windows\\System32\\SearchFilterHost.exe","ImageLoaded":"C:\\Windows\\System32\\imm32.dll","FileVersion":"10.0.18362.387 (WinBuild.160101.0800)","Description":"Multi-User Windows IMM32 API Client DLL","Product":"Microsoft Windows Operating System","Company":"Microsoft Corporation","OriginalFileName":"imm32","Hashes":"SHA1=76BB2AB8D3CB6DB6D23F4771334C9AA9C231B03A,MD5=025CC332EDC4B1A38290F3E36BCEF4FB,SHA256=0FE3C1C575EA1B0257B2EB12527EC35E3004CD88EA5BAEC7095386A9F9EB70AD,IMPHASH=24F54B6761C10BA12481CF6C780605BF","Signed":"true","Signature":"Microsoft Windows","SignatureStatus":"Valid"}
{"SourceName":"Microsoft-Windows-Sysmon","ProviderGuid":"{5770385f-c22a-43e0-bf4c-06f5698ffbd9}","Level":"4","Keywords":"0x8000000000000000","Channel":"Microsoft-Windows-Sysmon/Operational","Hostname":"WORKSTATION6.theshire.local","TimeCreated":"2020-12-19T07:00:19.465Z","@timestamp":"2020-12-19T07:00:19.465Z","EventID":7,"Message":"Image loaded:\r\nRuleName: -\r\nUtcTime: 2020-12-19 12:00:19.461\r\nProcessGuid: {649442b8-eb53-5fdd-0a8c-000000000600}\r\nProcessId: 10272\r\nImage: C:\\Windows\\System32\\SearchFilterHost.exe\r\nImageLoaded: C:\\Windows\\System32\\user32.dll\r\nFileVersion: 10.0.18362.1256 (WinBuild.160101.0800)\r\nDescription: Multi-User Windows USER API Client DLL\r\nProduct: Microsoft Windows Operating System\r\nCompany: Microsoft Corporation\r\nOriginalFileName: user32\r\nHashes: SHA1=FD2541E3DFDE3674CDD9A070D1DB2A8DB43645A5,MD5=F14C97D2A8249A737A7F1CB7104656B6,SHA256=6DC141500883977D9D7236DE1415BF0975850FA435DB32426B261E22D6BDE1DC,IMPHASH=70F6F0466DB32D0AA9E18434AE996907\r\nSigned: true\r\nSignature: Microsoft Windows\r\nSignatureStatus: Valid","Task":"7","RuleName":"-","UtcTime":"2020-12-19 12:00:19.461","ProcessGuid":"{649442b8-eb53-5fdd-0a8c-000000000600}","ProcessId":"10272","Image":"C:\\Windows\\System32\\SearchFilterHost.exe","ImageLoaded":"C:\\Windows\\System32\\user32.dll","FileVersion":"10.0.18362.1256 (WinBuild.160101.0800)","Description":"Multi-User Windows USER API Client DLL","Product":"Microsoft Windows Operating System","Company":"Microsoft Corporation","OriginalFileName":"user32","Hashes":"SHA1=FD2541E3DFDE3674CDD9A070D1DB2A8DB43645A5,MD5=F14C97D2A8249A737A7F1CB7104656B6,SHA256=6DC141500883977D9D7236DE1415BF0975850FA435DB32426B261E22D6BDE1DC,IMPHASH=70F6F0466DB32D0AA9E18434AE996907","Signed":"true","Signature":"Microsoft Windows","SignatureStatus":"Valid"}
{"SourceName":"Microsoft-Windows-Sysmon","ProviderGuid":"{5770385f-c22a-43e0-bf4c-06f5698ffbd9}","Level":"4","Keywords":"0x8000000000000000","Channel":"Microsoft-Windows-Sysmon/Operational","Hostname":"WORKSTATION6.theshire.local","TimeCreated":"2020-12-19T07:00:19.466Z","@timestamp":"2020-12-19T07:00:19.466Z","EventID":7,"Message":"Image loaded:\r\nRuleName: -\r\nUtcTime: 2020-12-19 12:00:19.461\r\nProcessGuid: {649442b8-eb53-5fdd-0a8c-000000000600}\r\nProcessId: 10272\r\nImage: C:\\Windows\\System32\\SearchFilterHost.exe\r\nImageLoaded: C:\\Windows\\System32\\win32u.dll\r\nFileVersion: 10.0.18362.1237 (WinBuild.160101.0800)\r\nDescription: Win32u\r\nProduct: Microsoft Windows Operating System\r\nCompany: Microsoft Corporation\r\nOriginalFileName: Win32u.DLL\r\nHashes: SHA1=8713D184A16E1902E48FF31C5A0B066466B30EF2,MD5=7A0C7430D02B370EAF1ED17D791B8B89,SHA256=E34BE81E53E4EFDAA65B4B4CF919EB1D4E35F4C240D4A59F98384221C852B8B1,IMPHASH=00000000000000000000000000000000\r\nSigned: true\r\nSignature: Microsoft Windows\r\nSignatureStatus: Valid","Task":"7","RuleName":"-","UtcTime":"2020-12-19 12:00:19.461","ProcessGuid":"{649442b8-eb53-5fdd-0a8c-000000000600}","ProcessId":"10272","Image":"C:\\Windows\\System32\\SearchFilterHost.exe","ImageLoaded":"C:\\Windows\\System32\\win32u.dll","FileVersion":"10.0.18362.1237 (WinBuild.160101.0800)","Description":"Win32u","Product":"Microsoft Windows Operating System","Company":"Microsoft Corporation","OriginalFileName":"Win32u.DLL","Hashes":"SHA1=8713D184A16E1902E48FF31C5A0B066466B30EF2,MD5=7A0C7430D02B370EAF1ED17D791B8B89,SHA256=E34BE81E53E4EFDAA65B4B4CF919EB1D4E35F4C240D4A59F98384221C852B8B1,IMPHASH=00000000000000000000000000000000","Signed":"true","Signature":"Microsoft Windows","SignatureStatus":"Valid"}
{"SourceName":"Microsoft-Windows-Sysmon","ProviderGuid":"{5770385f-c22a-43e0-bf4c-06f5698ffbd9}","Level":"4","Keywords":"0x8000000000000000","Channel":"Microsoft-Windows-Sysmon/Operational","Hostname":"WORKSTATION6.theshire.local","TimeCreated":"2020-12-19T07:00:19.466Z","@timestamp":"2020-12-19T07:00:19.466Z","EventID":7,"Message":"Image loaded:\r\nRuleName: -\r\nUtcTime: 2020-12-19 12:00:19.461\r\nProcessGuid: {649442b8-eb53-5fdd-0a8c-000000000600}\r\nProcessId: 10272\r\nImage: C:\\Windows\\System32\\SearchFilterHost.exe\r\nImageLoaded: C:\\Windows\\System32\\gdi32.dll\r\nFileVersion: 10.0.18362.1256 (WinBuild.160101.0800)\r\nDescription: GDI Client DLL\r\nProduct: Microsoft Windows Operating System\r\nCompany: Microsoft Corporation\r\nOriginalFileName: gdi32\r\nHashes: SHA1=25F017FA9C2FC7CE2FD734F92BABEE16BF894817,MD5=3A24606E6C4E42E9DFD60A437006FE3E,SHA256=3D897611F3EC1B10BC3CB77D7BE362B52CFB459DAD0FCA05C33866CF59661345,IMPHASH=C5F30E6A06AB646153863B68366FE58A\r\nSigned: true\r\nSignature: Microsoft Windows\r\nSignatureStatus: Valid","Task":"7","RuleName":"-","UtcTime":"2020-12-19 12:00:19.461","ProcessGuid":"{649442b8-eb53-5fdd-0a8c-000000000600}","ProcessId":"10272","Image":"C:\\Windows\\System32\\SearchFilterHost.exe","ImageLoaded":"C:\\Windows\\System32\\gdi32.dll","FileVersion":"10.0.18362.1256 (WinBuild.160101.0800)","Description":"GDI Client DLL","Product":"Microsoft Windows Operating System","Company":"Microsoft Corporation","OriginalFileName":"gdi32","Hashes":"SHA1=25F017FA9C2FC7CE2FD734F92BABEE16BF894817,MD5=3A24606E6C4E42E9DFD60A437006FE3E,SHA256=3D897611F3EC1B10BC3CB77D7BE362B52CFB459DAD0FCA05C33866CF59661345,IMPHASH=C5F30E6A06AB646153863B68366FE58A","Signed":"true","Signature":"Microsoft Windows","SignatureStatus":"Valid"}
{"SourceName":"Microsoft-Windows-Sysmon","ProviderGuid":"{5770385f-c22a-43e0-bf4c-06f5698ffbd9}","Level":"4","Keywords":"0x8000000000000000","Channel":"Microsoft-Windows-Sysmon/Operational","Hostname":"WORKSTATION6.theshire.local","TimeCreated":"2020-12-19T07:00:19.466Z","@timestamp":"2020-12-19T07:00:19.466Z","EventID":7,"Message":"Image loaded:\r\nRuleName: -\r\nUtcTime: 2020-12-19 12:00:19.461\r\nProcessGuid: {649442b8-eb53-5fdd-0a8c-000000000600}\r\nProcessId: 10272\r\nImage: C:\\Windows\\System32\\SearchFilterHost.exe\r\nImageLoaded: C:\\Windows\\System32\\gdi32full.dll\r\nFileVersion: 10.0.18362.1256 (WinBuild.160101.0800)\r\nDescription: GDI Client DLL\r\nProduct: Microsoft Windows Operating System\r\nCompany: Microsoft Corporation\r\nOriginalFileName: gdi32\r\nHashes: SHA1=E8216CC1B5E7C386F1B2B8E1B45FC26F0E0CE094,MD5=0CF7FD50436273B6B61786E62EDD5DC7,SHA256=E37FE49A0B1AC4B557937463C046C3299D2E7667301FABA14F1883F8D79179C3,IMPHASH=4D32F6E2211CD04CA28C2CD4FAC607E8\r\nSigned: true\r\nSignature: Microsoft Windows\r\nSignatureStatus: Valid","Task":"7","RuleName":"-","UtcTime":"2020-12-19 12:00:19.461","ProcessGuid":"{649442b8-eb53-5fdd-0a8c-000000000600}","ProcessId":"10272","Image":"C:\\Windows\\System32\\SearchFilterHost.exe","ImageLoaded":"C:\\Windows\\System32\\gdi32full.dll","FileVersion":"10.0.18362.1256 (WinBuild.160101.0800)","Description":"GDI Client DLL","Product":"Microsoft Windows Operating System","Company":"Microsoft Corporation","OriginalFileName":"gdi32","Hashes":"SHA1=E8216CC1B5E7C386F1B2B8E1B45FC26F0E0CE094,MD5=0CF7FD50436273B6B61786E62EDD5DC7,SHA256=E37FE49A0B1AC4B557937463C046C3299D2E7667301FABA14F1883F8D79179C3,IMPHASH=4D32F6E2211CD04CA28C2CD4FAC607E8","Signed":"true","Signature":"Microsoft Windows","SignatureStatus":"Valid"}
{"SourceName":"Microsoft-Windows-Sysmon","ProviderGuid":"{5770385f-c22a-43e0-bf4c-06f5698ffbd9}","Level":"4","Keywords":"0x8000000000000000","Channel":"Microsoft-Windows-Sysmon/Operational","Hostname":"WORKSTATION6.theshire.local","TimeCreated":"2020-12-19T07:00:19.468Z","@timestamp":"2020-12-19T07:00:19.468Z","EventID":7,"Message":"Image loaded:\r\nRuleName: -\r\nUtcTime: 2020-12-19 12:00:19.461\r\nProcessGuid: {649442b8-eb53-5fdd-0a8c-000000000600}\r\nProcessId: 10272\r\nImage: C:\\Windows\\System32\\SearchFilterHost.exe\r\nImageLoaded: C:\\Windows\\System32\\kernel.appcore.dll\r\nFileVersion: 10.0.18362.1171 (WinBuild.160101.0800)\r\nDescription: AppModel API Host\r\nProduct: Microsoft Windows Operating System\r\nCompany: Microsoft Corporation\r\nOriginalFileName: kernel.appcore.dll\r\nHashes: SHA1=C1E0E25EF55C0F5BE9645224CB9DAD10AA2F05E3,MD5=3A7BEA62F96DF24AFD2226F5F723BF41,SHA256=89C7230E99A8D1F78C91649828500414344FF0162BD4636B376004C445610F85,IMPHASH=639D16ACD736EAE912B88E985A0A7A0F\r\nSigned: true\r\nSignature: Microsoft Windows\r\nSignatureStatus: Valid","Task":"7","RuleName":"-","UtcTime":"2020-12-19 12:00:19.461","ProcessGuid":"{649442b8-eb53-5fdd-0a8c-000000000600}","ProcessId":"10272","Image":"C:\\Windows\\System32\\SearchFilterHost.exe","ImageLoaded":"C:\\Windows\\System32\\kernel.appcore.dll","FileVersion":"10.0.18362.1171 (WinBuild.160101.0800)","Description":"AppModel API Host","Product":"Microsoft Windows Operating System","Company":"Microsoft Corporation","OriginalFileName":"kernel.appcore.dll","Hashes":"SHA1=C1E0E25EF55C0F5BE9645224CB9DAD10AA2F05E3,MD5=3A7BEA62F96DF24AFD2226F5F723BF41,SHA256=89C7230E99A8D1F78C91649828500414344FF0162BD4636B376004C445610F85,IMPHASH=639D16ACD736EAE912B88E985A0A7A0F","Signed":"true","Signature":"Microsoft Windows","SignatureStatus":"Valid"}
{"SourceName":"Microsoft-Windows-Sysmon","ProviderGuid":"{5770385f-c22a-43e0-bf4c-06f5698ffbd9}","Level":"4","Keywords":"0x8000000000000000","Channel":"Microsoft-Windows-Sysmon/Operational","Hostname":"WORKSTATION6.theshire.local","TimeCreated":"2020-12-19T07:00:19.470Z","@timestamp":"2020-12-19T07:00:19.470Z","EventID":10,"Message":"Process accessed:\r\nRuleName: -\r\nUtcTime: 2020-12-19 12:00:19.461\r\nSourceProcessGUID: {649442b8-52d8-5fd1-0f00-000000000600}\r\nSourceProcessId: 876\r\nSourceThreadId: 7080\r\nSourceImage: C:\\windows\\system32\\svchost.exe\r\nTargetProcessGUID: {649442b8-eb53-5fdd-0a8c-000000000600}\r\nTargetProcessId: 10272\r\nTargetImage: C:\\windows\\system32\\SearchFilterHost.exe\r\nGrantedAccess: 0x1000\r\nCallTrace: C:\\windows\\SYSTEM32\\ntdll.dll+9cbb4|C:\\windows\\System32\\KERNELBASE.dll+305fe|c:\\windows\\system32\\rpcss.dll+47e62|c:\\windows\\system32\\rpcss.dll+47e23|C:\\windows\\System32\\RPCRT4.dll+76ba3|C:\\windows\\System32\\RPCRT4.dll+13653|C:\\windows\\System32\\RPCRT4.dll+1457a|C:\\windows\\System32\\RPCRT4.dll+549f8|C:\\windows\\System32\\RPCRT4.dll+2c9b1|C:\\windows\\System32\\RPCRT4.dll+2c26b|C:\\windows\\System32\\RPCRT4.dll+1a8cf|C:\\windows\\System32\\RPCRT4.dll+19d7a|C:\\windows\\System32\\RPCRT4.dll+19361|C:\\windows\\System32\\RPCRT4.dll+18dce|C:\\windows\\System32\\RPCRT4.dll+16a05|C:\\windows\\SYSTEM32\\ntdll.dll+333ed|C:\\windows\\SYSTEM32\\ntdll.dll+34142|C:\\windows\\System32\\KERNEL32.DLL+17c24|C:\\windows\\SYSTEM32\\ntdll.dll+6d4d1","Task":"10","RuleName":"-","UtcTime":"2020-12-19 12:00:19.461","SourceProcessGUID":"{649442b8-52d8-5fd1-0f00-000000000600}","SourceProcessId":"876","SourceThreadId":"7080","SourceImage":"C:\\windows\\system32\\svchost.exe","TargetProcessGUID":"{649442b8-eb53-5fdd-0a8c-000000000600}","TargetProcessId":"10272","TargetImage":"C:\\windows\\system32\\SearchFilterHost.exe","GrantedAccess":"0x1000","CallTrace":"C:\\windows\\SYSTEM32\\ntdll.dll+9cbb4|C:\\windows\\System32\\KERNELBASE.dll+305fe|c:\\windows\\system32\\rpcss.dll+47e62|c:\\windows\\system32\\rpcss.dll+47e23|C:\\windows\\System32\\RPCRT4.dll+76ba3|C:\\windows\\System32\\RPCRT4.dll+13653|C:\\windows\\System32\\RPCRT4.dll+1457a|C:\\windows\\System32\\RPCRT4.dll+549f8|C:\\windows\\System32\\RPCRT4.dll+2c9b1|C:\\windows\\System32\\RPCRT4.dll+2c26b|C:\\windows\\System32\\RPCRT4.dll+1a8cf|C:\\windows\\System32\\RPCRT4.dll+19d7a|C:\\windows\\System32\\RPCRT4.dll+19361|C:\\windows\\System32\\RPCRT4.dll+18dce|C:\\windows\\System32\\RPCRT4.dll+16a05|C:\\windows\\SYSTEM32\\ntdll.dll+333ed|C:\\windows\\SYSTEM32\\ntdll.dll+34142|C:\\windows\\System32\\KERNEL32.DLL+17c24|C:\\windows\\SYSTEM32\\ntdll.dll+6d4d1"}
