{"SourceName":"Microsoft-Windows-Sysmon","ProviderGuid":"{5770385f-c22a-43e0-bf4c-06f5698ffbd9}","Level":"4","Keywords":"0x8000000000000000","Channel":"Microsoft-Windows-Sysmon/Operational","Hostname":"WORKSTATION6.theshire.local","TimeCreated":"2020-12-19T07:00:19.424Z","@timestamp":"2020-12-19T07:00:19.424Z","EventID":7,"Message":"Image loaded:\r\nRuleName: -\r\nUtcTime: 2020-12-19 12:00:19.414\r\nProcessGuid: {649442b8-eb53-5fdd-098c-000000000600}\r\nProcessId: 3740\r\nImage: C:\\Windows\\System32\\SearchProtocolHost.exe\r\nImageLoaded: C:\\Windows\\System32\\msvcp_win.dll\r\nFileVersion: 10.0.18362.1110 (WinBuild.160101.0800)\r\nDescription: Microsoft C Runtime Library\r\nProduct: Microsoft Windows Operating System\r\nCompany: Microsoft Corporation\r\nOriginalFileName: msvcp_win.dll\r\nHashes: SHA1=56A126B33C43CE80C5DA3319FA4FBE28F617599C,MD5=94027F5AE9D6FC3B0917C1B5BCD2D88E,SHA256=2FC246F193104FB36285360E9FB14CE10B04EDB50D9D5ECFD9FDA1F010BFCDB9,IMPHASH=7F555C87AEA488E97B6067A0419ED3B4\r\nSigned: true\r\nSignature: Microsoft Windows\r\nSignatureStatus: Valid","Task":"7","RuleName":"-","UtcTime":"2020-12-19 12:00:19.414","ProcessGuid":"{649442b8-eb53-5fdd-098c-000000000600}","ProcessId":"3740","Image":"C:\\Windows\\System32\\SearchProtocolHost.exe","ImageLoaded":"C:\\Windows\\System32\\msvcp_win.dll","FileVersion":"10.0.18362.1110 (WinBuild.160101.0800)","Description":"Microsoft C Runtime Library","Product":"Microsoft Windows Operating System","Company":"Microsoft Corporation","OriginalFileName":"msvcp_win.dll","Hashes":"SHA1=56A126B33C43CE80C5DA3319FA4FBE28F617599C,MD5=94027F5AE9D6FC3B0917C1B5BCD2D88E,SHA256=2FC246F193104FB36285360E9FB14CE10B04EDB50D9D5ECFD9FDA1F010BFCDB9,IMPHASH=7F555C87AEA488E97B6067A0419ED3B4","Signed":"true","Signature":"Microsoft Windows","SignatureStatus":"Valid"}
{"SourceName":"Microsoft-Windows-Sysmon","ProviderGuid":"{5770385f-c22a-43e0-bf4c-06f5698ffbd9}","Level":"4","Keywords":"0x8000000000000000","Channel":"Microsoft-Windows-Sysmon/Operational","Hostname":"WORKSTATION6.theshire.local","TimeCreated":"2020-12-19T07:00:19.425Z","@timestamp":"2020-12-19T07:00:19.425Z","EventID":7,"Message":"Image loaded:\r\nRuleName: -\r\nUtcTime: 2020-12-19 12:00:19.414\r\nProcessGuid: {649442b8-eb53-5fdd-098c-000000000600}\r\nProcessId: 3740\r\nImage: C:\\Windows\\System32\\SearchProtocolHost.exe\r\nImageLoaded: C:\\Windows\\System32\\ucrtbase.dll\r\nFileVersion: 10.0.18362.1110 (WinBuild.160101.0800)\r\nDescription: Microsoft C Runtime Library\r\nProduct: Microsoft Windows Operating System\r\nCompany: Microsoft Corporation\r\nOriginalFileName: ucrtbase.dll\r\nHashes: SHA1=D10BBE9B65C2C6F8FCA6850D0B79CBC6EF04D691,MD5=126821F73FD9FFCE6E091CF9480E1B60,SHA256=7B28F46F0A09CFD9129109A94B1C16C9C62EEF46C09113C4C585D9BF0E69B2DA,IMPHASH=5AE9A136FAFA10321F3D48251BF4F6A1\r\nSigned: true\r\nSignature: Microsoft Windows\r\nSignatureStatus: Valid","Task":"7","RuleName":"-","UtcTime":"2020-12-19 12:00:19.414","ProcessGuid":"{649442b8-eb53-5fdd-098c-000000000600}","ProcessId":"3740","Image":"C:\\Windows\\System32\\SearchProtocolHost.exe","ImageLoaded":"C:\\Windows\\System32\\ucrtbase.dll","FileVersion":"10.0.18362.1110 (WinBuild.160101.0800)","Description":"Microsoft C Runtime Library","Product":"Microsoft Windows Operating System","Company":"Microsoft Corporation","OriginalFileName":"ucrtbase.dll","Hashes":"SHA1=D10BBE9B65C2C6F8FCA6850D0B79CBC6EF04D691,MD5=126821F73FD9FFCE6E091CF9480E1B60,SHA256=7B28F46F0A09CFD9129109A94B1C16C9C62EEF46C09113C4C585D9BF0E69B2DA,IMPHASH=5AE9A136FAFA10321F3D48251BF4F6A1","Signed":"true","Signature":"Microsoft Windows","SignatureStatus":"Valid"}
{"SourceName":"Microsoft-Windows-Sysmon","ProviderGuid":"{5770385f-c22a-43e0-bf4c-06f5698ffbd9}","Level":"4","Keywords":"0x8000000000000000","Channel":"Microsoft-Windows-Sysmon/Operational","Hostname":"WORKSTATION6.theshire.local","TimeCreated":"2020-12-19T07:00:19.425Z","@timestamp":"2020-12-19T07:00:19.425Z","EventID":7,"Message":"Image loaded:\r\nRuleName: -\r\nUtcTime: 2020-12-19 12:00:19.414\r\nProcessGuid: {649442b8-eb53-5fdd-098c-000000000600}\r\nProcessId: 3740\r\nImage: C:\\Windows\\System32\\SearchProtocolHost.exe\r\nImageLoaded: C:\\Windows\\System32\\combase.dll\r\nFileVersion: 10.0.18362.1237 (WinBuild.160101.0800)\r\nDescription: Microsoft COM for Windows\r\nProduct: Microsoft Windows Operating System\r\nCompany: Microsoft Corporation\r\nOriginalFileName: COMBASE.DLL\r\nHashes: SHA1=7625B2C72600FF888C7A3336419BB044C36752A5,MD5=539D1E01F0F05A761F9CEB0E73B6B2F6,SHA256=06F66535EAC81D471CF93F94B2BA05C71CB6215F9CD74FE9D786EF460B3FD696,IMPHASH=AB7CE8EA429123317DC63A4C1C782C8D\r\nSigned: true\r\nSignature: Microsoft Windows\r\nSignatureStatus: Valid","Task":"7","RuleName":"-","UtcTime":"2020-12-19 12:00:19.414","ProcessGuid":"{649442b8-eb53-5fdd-098c-000000000600}","ProcessId":"3740","Image":"C:\\Windows\\System32\\SearchProtocolHost.exe","ImageLoaded":"C:\\Windows\\System32\\combase.dll","FileVersion":"10.0.18362.1237 (WinBuild.160101.0800)","Description":"Microsoft COM for Windows","Product":"Microsoft Windows Operating System","Company":"Microsoft Corporation","OriginalFileName":"COMBASE.DLL","Hashes":"SHA1=7625B2C72600FF888C7A3336419BB044C36752A5,MD5=539D1E01F0F05A761F9CEB0E73B6B2F6,SHA256=06F66535EAC81D471CF93F94B2BA05C71CB6215F9CD74FE9D786EF460B3FD696,IMPHASH=AB7CE8EA429123317DC63A4C1C782C8D","Signed":"true","Signature":"Microsoft Windows","SignatureStatus":"Valid"}
{"SourceName":"Microsoft-Windows-Sysmon","ProviderGuid":"{5770385f-c22a-43e0-bf4c-06f5698ffbd9}","Level":"4","Keywords":"0x8000000000000000","Channel":"Microsoft-Windows-Sysmon/Operational","Hostname":"WORKSTATION6.theshire.local","TimeCreated":"2020-12-19T07:00:19.425Z","@timestamp":"2020-12-19T07:00:19.425Z","EventID":7,"Message":"Image loaded:\r\nRuleName: -\r\nUtcTime: 2020-12-19 12:00:19.414\r\nProcessGuid: {649442b8-eb53-5fdd-098c-000000000600}\r\nProcessId: 3740\r\nImage: C:\\Windows\\System32\\SearchProtocolHost.exe\r\nImageLoaded: C:\\Windows\\System32\\rpcrt4.dll\r\nFileVersion: 10.0.18362.1237 (WinBuild.160101.0800)\r\nDescription: Remote Procedure Call Runtime\r\nProduct: Microsoft Windows Operating System\r\nCompany: Microsoft Corporation\r\nOriginalFileName: rpcrt4.dll\r\nHashes: SHA1=D4F9E2CA0E2151D9186D2C8116AF2B40441829F3,MD5=50D8C477A6F7511EE5C3B46B59F9F925,SHA256=7C079DEFDF8C41B5EB4D7883603944BF45D6D04F981BF39EDF1D624AC51B90AD,IMPHASH=88E7E7C7FA90052EC162DD37F2B7C7BD\r\nSigned: true\r\nSignature: Microsoft Windows\r\nSignatureStatus: Valid","Task":"7","RuleName":"-","UtcTime":"2020-12-19 12:00:19.414","ProcessGuid":"{649442b8-eb53-5fdd-098c-000000000600}","ProcessId":"3740","Image":"C:\\Windows\\System32\\SearchProtocolHost.exe","ImageLoaded":"C:\\Windows\\System32\\rpcrt4.dll","FileVersion":"10.0.18362.1237 (WinBuild.160101.0800)","Description":"Remote Procedure Call Runtime","Product":"Microsoft Windows Operating System","Company":"Microsoft Corporation","OriginalFileName":"rpcrt4.dll","Hashes":"SHA1=D4F9E2CA0E2151D9186D2C8116AF2B40441829F3,MD5=50D8C477A6F7511EE5C3B46B59F9F925,SHA256=7C079DEFDF8C41B5EB4D7883603944BF45D6D04F981BF39EDF1D624AC51B90AD,IMPHASH=88E7E7C7FA90052EC162DD37F2B7C7BD","Signed":"true","Signature":"Microsoft Windows","SignatureStatus":"Valid"}
{"SourceName":"Microsoft-Windows-Sysmon","ProviderGuid":"{5770385f-c22a-43e0-bf4c-06f5698ffbd9}","Level":"4","Keywords":"0x8000000000000000","Channel":"Microsoft-Windows-Sysmon/Operational","Hostname":"WORKSTATION6.theshire.local","TimeCreated":"2020-12-19T07:00:19.425Z","@timestamp":"2020-12-19T07:00:19.425Z","EventID":7,"Message":"Image loaded:\r\nRuleName: -\r\nUtcTime: 2020-12-19 12:00:19.414\r\nProcessGuid: {649442b8-eb53-5fdd-098c-000000000600}\r\nProcessId: 3740\r\nImage: C:\\Windows\\System32\\SearchProtocolHost.exe\r\nImageLoaded: C:\\Windows\\System32\\bcryptprimitives.dll\r\nFileVersion: 10.0.18362.1237 (WinBuild.160101.0800)\r\nDescription: Windows Cryptographic Primitives Library\r\nProduct: Microsoft Windows Operating System\r\nCompany: Microsoft Corporation\r\nOriginalFileName: bcryptprimitives.dll\r\nHashes: SHA1=9EF590B826FD65FD7F6B348604E29873AFE24353,MD5=CFA9891644C90A7739814212C28E9071,SHA256=9DADBB2C0AE4D8DBC3E855F35DF29FA40C0FEC8ABE3B15DAD2F789671A44792C,IMPHASH=496E42068C9391511CF6EE7C54F73A9B\r\nSigned: true\r\nSignature: Microsoft Windows\r\nSignatureStatus: Valid","Task":"7","RuleName":"-","UtcTime":"2020-12-19 12:00:19.414","ProcessGuid":"{649442b8-eb53-5fdd-098c-000000000600}","ProcessId":"3740","Image":"C:\\Windows\\System32\\SearchProtocolHost.exe","ImageLoaded":"C:\\Windows\\System32\\bcryptprimitives.dll","FileVersion":"10.0.18362.1237 (WinBuild.160101.0800)","Description":"Windows Cryptographic Primitives Library","Product":"Microsoft Windows Operating System","Company":"Microsoft Corporation","OriginalFileName":"bcryptprimitives.dll","Hashes":"SHA1=9EF590B826FD65FD7F6B348604E29873AFE24353,MD5=CFA9891644C90A7739814212C28E9071,SHA256=9DADBB2C0AE4D8DBC3E855F35DF29FA40C0FEC8ABE3B15DAD2F789671A44792C,IMPHASH=496E42068C9391511CF6EE7C54F73A9B","Signed":"true","Signature":"Microsoft Windows","SignatureStatus":"Valid"}
{"SourceName":"Microsoft-Windows-Sysmon","ProviderGuid":"{5770385f-c22a-43e0-bf4c-06f5698ffbd9}","Level":"4","Keywords":"0x8000000000000000","Channel":"Microsoft-Windows-Sysmon/Operational","Hostname":"WORKSTATION6.theshire.local","TimeCreated":"2020-12-19T07:00:19.425Z","@timestamp":"2020-12-19T07:00:19.425Z","EventID":7,"Message":"Image loaded:\r\nRuleName: -\r\nUtcTime: 2020-12-19 12:00:19.414\r\nProcessGuid: {649442b8-eb53-5fdd-098c-000000000600}\r\nProcessId: 3740\r\nImage: C:\\Windows\\System32\\SearchProtocolHost.exe\r\nImageLoaded: C:\\Windows\\System32\\advapi32.dll\r\nFileVersion: 10.0.18362.752 (WinBuild.160101.0800)\r\nDescription: Advanced Windows 32 Base API\r\nProduct: Microsoft Windows Operating System\r\nCompany: Microsoft Corporation\r\nOriginalFileName: advapi32.dll\r\nHashes: SHA1=35C61DDE6F8F4ED05F9C4837E2B91C886CA79F82,MD5=EA4F6E7961B4A402F6F5EC33C655260A,SHA256=5E2D103E7E1FD7CA0492E541F082D274EF6259AF2158A3562986C796C5C869DD,IMPHASH=8EEA175C33205685FB8A14876D7564DB\r\nSigned: true\r\nSignature: Microsoft Windows\r\nSignatureStatus: Valid","Task":"7","RuleName":"-","UtcTime":"2020-12-19 12:00:19.414","ProcessGuid":"{649442b8-eb53-5fdd-098c-000000000600}","ProcessId":"3740","Image":"C:\\Windows\\System32\\SearchProtocolHost.exe","ImageLoaded":"C:\\Windows\\System32\\advapi32.dll","FileVersion":"10.0.18362.752 (WinBuild.160101.0800)","Description":"Advanced Windows 32 Base API","Product":"Microsoft Windows Operating System","Company":"Microsoft Corporation","OriginalFileName":"advapi32.dll","Hashes":"SHA1=35C61DDE6F8F4ED05F9C4837E2B91C886CA79F82,MD5=EA4F6E7961B4A402F6F5EC33C655260A,SHA256=5E2D103E7E1FD7CA0492E541F082D274EF6259AF2158A3562986C796C5C869DD,IMPHASH=8EEA175C33205685FB8A14876D7564DB","Signed":"true","Signature":"Microsoft Windows","SignatureStatus":"Valid"}
{"SourceName":"Microsoft-Windows-Sysmon","ProviderGuid":"{5770385f-c22a-43e0-bf4c-06f5698ffbd9}","Level":"4","Keywords":"0x8000000000000000","Channel":"Microsoft-Windows-Sysmon/Operational","Hostname":"WORKSTATION6.theshire.local","TimeCreated":"2020-12-19T07:00:19.426Z","@timestamp":"2020-12-19T07:00:19.426Z","EventID":7,"Message":"Image loaded:\r\nRuleName: -\r\nUtcTime: 2020-12-19 12:00:19.414\r\nProcessGuid: {649442b8-eb53-5fdd-098c-000000000600}\r\nProcessId: 3740\r\nImage: C:\\Windows\\System32\\SearchProtocolHost.exe\r\nImageLoaded: C:\\Windows\\System32\\sechost.dll\r\nFileVersion: 10.0.18362.1237 (WinBuild.160101.0800)\r\nDescription: Host for SCM/SDDL/LSA Lookup APIs\r\nProduct: Microsoft Windows Operating System\r\nCompany: Microsoft Corporation\r\nOriginalFileName: sechost.dll\r\nHashes: SHA1=807822C660891BE08CFFC46A6493A08B85A2356E,MD5=63EC2607385A119D37685E2DB60B6B42,SHA256=F9EF14D94A8E61FA0E092D69832814D55C6E1CFA3C303725F8EEAC6071D6620F,IMPHASH=CE4BD072766253F6A267D0284CA82002\r\nSigned: true\r\nSignature: Microsoft Windows\r\nSignatureStatus: Valid","Task":"7","RuleName":"-","UtcTime":"2020-12-19 12:00:19.414","ProcessGuid":"{649442b8-eb53-5fdd-098c-000000000600}","ProcessId":"3740","Image":"C:\\Windows\\System32\\SearchProtocolHost.exe","ImageLoaded":"C:\\Windows\\System32\\sechost.dll","FileVersion":"10.0.18362.1237 (WinBuild.160101.0800)","Description":"Host for SCM/SDDL/LSA Lookup APIs","Product":"Microsoft Windows Operating System","Company":"Microsoft Corporation","OriginalFileName":"sechost.dll","Hashes":"SHA1=807822C660891BE08CFFC46A6493A08B85A2356E,MD5=63EC2607385A119D37685E2DB60B6B42,SHA256=F9EF14D94A8E61FA0E092D69832814D55C6E1CFA3C303725F8EEAC6071D6620F,IMPHASH=CE4BD072766253F6A267D0284CA82002","Signed":"true","Signature":"Microsoft Windows","SignatureStatus":"Valid"}
{"SourceName":"Microsoft-Windows-Sysmon","ProviderGuid":"{5770385f-c22a-43e0-bf4c-06f5698ffbd9}","Level":"4","Keywords":"0x8000000000000000","Channel":"Microsoft-Windows-Sysmon/Operational","Hostname":"WORKSTATION6.theshire.local","TimeCreated":"2020-12-19T07:00:19.426Z","@timestamp":"2020-12-19T07:00:19.426Z","EventID":7,"Message":"Image loaded:\r\nRuleName: -\r\nUtcTime: 2020-12-19 12:00:19.414\r\nProcessGuid: {649442b8-eb53-5fdd-098c-000000000600}\r\nProcessId: 3740\r\nImage: C:\\Windows\\System32\\SearchProtocolHost.exe\r\nImageLoaded: C:\\Windows\\System32\\windows.storage.dll\r\nFileVersion: 10.0.18362.1171 (WinBuild.160101.0800)\r\nDescription: Microsoft WinRT Storage API\r\nProduct: Microsoft Windows Operating System\r\nCompany: Microsoft Corporation\r\nOriginalFileName: Windows.Storage.dll\r\nHashes: SHA1=EE19E5E1FB49E9D67FC86B9E804D2920CE487BFA,MD5=A195854059F3A4D51A836975EBAB291F,SHA256=A9297298EDD3959008EE0B319A2DFE1D5AC6C6F0FC7F0BFB4679DBDD7D2BFA26,IMPHASH=BDB3E400A78EE2D42C647E85CD2D827B\r\nSigned: true\r\nSignature: Microsoft Windows\r\nSignatureStatus: Valid","Task":"7","RuleName":"-","UtcTime":"2020-12-19 12:00:19.414","ProcessGuid":"{649442b8-eb53-5fdd-098c-000000000600}","ProcessId":"3740","Image":"C:\\Windows\\System32\\SearchProtocolHost.exe","ImageLoaded":"C:\\Windows\\System32\\windows.storage.dll","FileVersion":"10.0.18362.1171 (WinBuild.160101.0800)","Description":"Microsoft WinRT Storage API","Product":"Microsoft Windows Operating System","Company":"Microsoft Corporation","OriginalFileName":"Windows.Storage.dll","Hashes":"SHA1=EE19E5E1FB49E9D67FC86B9E804D2920CE487BFA,MD5=A195854059F3A4D51A836975EBAB291F,SHA256=A9297298EDD3959008EE0B319A2DFE1D5AC6C6F0FC7F0BFB4679DBDD7D2BFA26,IMPHASH=BDB3E400A78EE2D42C647E85CD2D827B","Signed":"true","Signature":"Microsoft Windows","SignatureStatus":"Valid"}
{"SourceName":"Microsoft-Windows-Sysmon","ProviderGuid":"{5770385f-c22a-43e0-bf4c-06f5698ffbd9}","Level":"4","Keywords":"0x8000000000000000","Channel":"Microsoft-Windows-Sysmon/Operational","Hostname":"WORKSTATION6.theshire.local","TimeCreated":"2020-12-19T07:00:19.426Z","@timestamp":"2020-12-19T07:00:19.426Z","EventID":7,"Message":"Image loaded:\r\nRuleName: -\r\nUtcTime: 2020-12-19 12:00:19.414\r\nProcessGuid: {649442b8-eb53-5fdd-098c-000000000600}\r\nProcessId: 3740\r\nImage: C:\\Windows\\System32\\SearchProtocolHost.exe\r\nImageLoaded: C:\\Windows\\System32\\SHCore.dll\r\nFileVersion: 10.0.18362.1237 (WinBuild.160101.0800)\r\nDescription: SHCORE\r\nProduct: Microsoft Windows Operating System\r\nCompany: Microsoft Corporation\r\nOriginalFileName: SHCORE.dll\r\nHashes: SHA1=370FDCB6FFA4BA083D604D5DA8964E03EF2426BF,MD5=599BEFE22ED44B01CB501EF581967937,SHA256=2F729ADA32304BDED0E3E607C062C32EA555BC68B8E6CBC52840C16AB9351B44,IMPHASH=0E48D88DA5B1AEFE29036ECDE5B34E8D\r\nSigned: true\r\nSignature: Microsoft Windows\r\nSignatureStatus: Valid","Task":"7","RuleName":"-","UtcTime":"2020-12-19 12:00:19.414","ProcessGuid":"{649442b8-eb53-5fdd-098c-000000000600}","ProcessId":"3740","Image":"C:\\Windows\\System32\\SearchProtocolHost.exe","ImageLoaded":"C:\\Windows\\System32\\SHCore.dll","FileVersion":"10.0.18362.1237 (WinBuild.160101.0800)","Description":"SHCORE","Product":"Microsoft Windows Operating System","Company":"Microsoft Corporation","OriginalFileName":"SHCORE.dll","Hashes":"SHA1=370FDCB6FFA4BA083D604D5DA8964E03EF2426BF,MD5=599BEFE22ED44B01CB501EF581967937,SHA256=2F729ADA32304BDED0E3E607C062C32EA555BC68B8E6CBC52840C16AB9351B44,IMPHASH=0E48D88DA5B1AEFE29036ECDE5B34E8D","Signed":"true","Signature":"Microsoft Windows","SignatureStatus":"Valid"}
{"SourceName":"Microsoft-Windows-Sysmon","ProviderGuid":"{5770385f-c22a-43e0-bf4c-06f5698ffbd9}","Level":"4","Keywords":"0x8000000000000000","Channel":"Microsoft-Windows-Sysmon/Operational","Hostname":"WORKSTATION6.theshire.local","TimeCreated":"2020-12-19T07:00:19.426Z","@timestamp":"2020-12-19T07:00:19.426Z","EventID":7,"Message":"Image loaded:\r\nRuleName: -\r\nUtcTime: 2020-12-19 12:00:19.414\r\nProcessGuid: {649442b8-eb53-5fdd-098c-000000000600}\r\nProcessId: 3740\r\nImage: C:\\Windows\\System32\\SearchProtocolHost.exe\r\nImageLoaded: C:\\Windows\\System32\\profapi.dll\r\nFileVersion: 10.0.18362.693 (WinBuild.160101.0800)\r\nDescription: User Profile Basic API\r\nProduct: Microsoft Windows Operating System\r\nCompany: Microsoft Corporation\r\nOriginalFileName: PROFAPI.DLL\r\nHashes: SHA1=387FC7660AFDEC45CFFB84980EB77D0E787ED31B,MD5=F4862E1CC68687B9D4B245512BDF8383,SHA256=A2DF0AC95B9AA338EB6062BA5739F65BFBA86658546F4C5CAC6045C363F55E24,IMPHASH=192CF98320740B7D296297054A9C3EEA\r\nSigned: true\r\nSignature: Microsoft Windows\r\nSignatureStatus: Valid","Task":"7","RuleName":"-","UtcTime":"2020-12-19 12:00:19.414","ProcessGuid":"{649442b8-eb53-5fdd-098c-000000000600}","ProcessId":"3740","Image":"C:\\Windows\\System32\\SearchProtocolHost.exe","ImageLoaded":"C:\\Windows\\System32\\profapi.dll","FileVersion":"10.0.18362.693 (WinBuild.160101.0800)","Description":"User Profile Basic API","Product":"Microsoft Windows Operating System","Company":"Microsoft Corporation","OriginalFileName":"PROFAPI.DLL","Hashes":"SHA1=387FC7660AFDEC45CFFB84980EB77D0E787ED31B,MD5=F4862E1CC68687B9D4B245512BDF8383,SHA256=A2DF0AC95B9AA338EB6062BA5739F65BFBA86658546F4C5CAC6045C363F55E24,IMPHASH=192CF98320740B7D296297054A9C3EEA","Signed":"true","Signature":"Microsoft Windows","SignatureStatus":"Valid"}
{"SourceName":"Microsoft-Windows-Sysmon","ProviderGuid":"{5770385f-c22a-43e0-bf4c-06f5698ffbd9}","Level":"4","Keywords":"0x8000000000000000","Channel":"Microsoft-Windows-Sysmon/Operational","Hostname":"WORKSTATION6.theshire.local","TimeCreated":"2020-12-19T07:00:19.426Z","@timestamp":"2020-12-19T07:00:19.426Z","EventID":7,"Message":"Image loaded:\r\nRuleName: -\r\nUtcTime: 2020-12-19 12:00:19.414\r\nProcessGuid: {649442b8-eb53-5fdd-098c-000000000600}\r\nProcessId: 3740\r\nImage: C:\\Windows\\System32\\SearchProtocolHost.exe\r\nImageLoaded: C:\\Windows\\System32\\powrprof.dll\r\nFileVersion: 10.0.18362.1 (WinBuild.160101.0800)\r\nDescription: Power Profile Helper DLL\r\nProduct: Microsoft Windows Operating System\r\nCompany: Microsoft Corporation\r\nOriginalFileName: POWRPROF.DLL\r\nHashes: SHA1=30D5ADBC0664977C27B65622F514632581C9AF45,MD5=07B027B1E0B775FAE815E487F28137B9,SHA256=21358CE9A416C7F6DB063095102E91F014BDB85B08A4E783E17234792C9B483A,IMPHASH=817FF4748665EB442F0081A91349F764\r\nSigned: true\r\nSignature: Microsoft Windows\r\nSignatureStatus: Valid","Task":"7","RuleName":"-","UtcTime":"2020-12-19 12:00:19.414","ProcessGuid":"{649442b8-eb53-5fdd-098c-000000000600}","ProcessId":"3740","Image":"C:\\Windows\\System32\\SearchProtocolHost.exe","ImageLoaded":"C:\\Windows\\System32\\powrprof.dll","FileVersion":"10.0.18362.1 (WinBuild.160101.0800)","Description":"Power Profile Helper DLL","Product":"Microsoft Windows Operating System","Company":"Microsoft Corporation","OriginalFileName":"POWRPROF.DLL","Hashes":"SHA1=30D5ADBC0664977C27B65622F514632581C9AF45,MD5=07B027B1E0B775FAE815E487F28137B9,SHA256=21358CE9A416C7F6DB063095102E91F014BDB85B08A4E783E17234792C9B483A,IMPHASH=817FF4748665EB442F0081A91349F764","Signed":"true","Signature":"Microsoft Windows","SignatureStatus":"Valid"}
{"SourceName":"Microsoft-Windows-Sysmon","ProviderGuid":"{5770385f-c22a-43e0-bf4c-06f5698ffbd9}","Level":"4","Keywords":"0x8000000000000000","Channel":"Microsoft-Windows-Sysmon/Operational","Hostname":"WORKSTATION6.theshire.local","TimeCreated":"2020-12-19T07:00:19.426Z","@timestamp":"2020-12-19T07:00:19.426Z","EventID":7,"Message":"Image loaded:\r\nRuleName: -\r\nUtcTime: 2020-12-19 12:00:19.414\r\nProcessGuid: {649442b8-eb53-5fdd-098c-000000000600}\r\nProcessId: 3740\r\nImage: C:\\Windows\\System32\\SearchProtocolHost.exe\r\nImageLoaded: C:\\Windows\\System32\\umpdc.dll\r\nFileVersion: -\r\nDescription: -\r\nProduct: -\r\nCompany: -\r\nOriginalFileName: -\r\nHashes: SHA1=6ABB78FB1614C12E3E9FFF3DE98B0E13E79201D9,MD5=B9A75ED4500DD953DF172FE6F63578E8,SHA256=709B99BA1DFEF6D9B2483F37D242B12F29B1E1ADE13E338B4D7041C55B55204B,IMPHASH=5A0FF5293A05BFEBAE6F2C9C302FC5E7\r\nSigned: true\r\nSignature: Microsoft Windows\r\nSignatureStatus: Valid","Task":"7","RuleName":"-","UtcTime":"2020-12-19 12:00:19.414","ProcessGuid":"{649442b8-eb53-5fdd-098c-000000000600}","ProcessId":"3740","Image":"C:\\Windows\\System32\\SearchProtocolHost.exe","ImageLoaded":"C:\\Windows\\System32\\umpdc.dll","FileVersion":"-","Description":"-","Product":"-","Company":"-","OriginalFileName":"-","Hashes":"SHA1=6ABB78FB1614C12E3E9FFF3DE98B0E13E79201D9,MD5=B9A75ED4500DD953DF172FE6F63578E8,SHA256=709B99BA1DFEF6D9B2483F37D242B12F29B1E1ADE13E338B4D7041C55B55204B,IMPHASH=5A0FF5293A05BFEBAE6F2C9C302FC5E7","Signed":"true","Signature":"Microsoft Windows","SignatureStatus":"Valid"}
{"SourceName":"Microsoft-Windows-Sysmon","ProviderGuid":"{5770385f-c22a-43e0-bf4c-06f5698ffbd9}","Level":"4","Keywords":"0x8000000000000000","Channel":"Microsoft-Windows-Sysmon/Operational","Hostname":"WORKSTATION6.theshire.local","TimeCreated":"2020-12-19T07:00:19.426Z","@timestamp":"2020-12-19T07:00:19.426Z","EventID":7,"Message":"Image loaded:\r\nRuleName: -\r\nUtcTime: 2020-12-19 12:00:19.414\r\nProcessGuid: {649442b8-eb53-5fdd-098c-000000000600}\r\nProcessId: 3740\r\nImage: C:\\Windows\\System32\\SearchProtocolHost.exe\r\nImageLoaded: C:\\Windows\\System32\\shlwapi.dll\r\nFileVersion: 10.0.18362.1 (WinBuild.160101.0800)\r\nDescription: Shell Light-weight Utility Library\r\nProduct: Microsoft Windows Operating System\r\nCompany: Microsoft Corporation\r\nOriginalFileName: SHLWAPI.DLL\r\nHashes: SHA1=9074DF3335B785BB00B43AE76ACC66B799118FAE,MD5=BFB85A9022324E41FCEC5011BCB5FD23,SHA256=3CDA144CFB6278DA47267FE1E1FE258716A074C3D3DD8413B259DA7DA1039871,IMPHASH=6659A49ABF33952444C5A7FA22FD9032\r\nSigned: true\r\nSignature: Microsoft Windows\r\nSignatureStatus: Valid","Task":"7","RuleName":"-","UtcTime":"2020-12-19 12:00:19.414","ProcessGuid":"{649442b8-eb53-5fdd-098c-000000000600}","ProcessId":"3740","Image":"C:\\Windows\\System32\\SearchProtocolHost.exe","ImageLoaded":"C:\\Windows\\System32\\shlwapi.dll","FileVersion":"10.0.18362.1 (WinBuild.160101.0800)","Description":"Shell Light-weight Utility Library","Product":"Microsoft Windows Operating System","Company":"Microsoft Corporation","OriginalFileName":"SHLWAPI.DLL","Hashes":"SHA1=9074DF3335B785BB00B43AE76ACC66B799118FAE,MD5=BFB85A9022324E41FCEC5011BCB5FD23,SHA256=3CDA144CFB6278DA47267FE1E1FE258716A074C3D3DD8413B259DA7DA1039871,IMPHASH=6659A49ABF33952444C5A7FA22FD9032","Signed":"true","Signature":"Microsoft Windows","SignatureStatus":"Valid"}
{"SourceName":"Microsoft-Windows-Sysmon","ProviderGuid":"{5770385f-c22a-43e0-bf4c-06f5698ffbd9}","Level":"4","Keywords":"0x8000000000000000","Channel":"Microsoft-Windows-Sysmon/Operational","Hostname":"WORKSTATION6.theshire.local","TimeCreated":"2020-12-19T07:00:19.427Z","@timestamp":"2020-12-19T07:00:19.427Z","EventID":7,"Message":"Image loaded:\r\nRuleName: -\r\nUtcTime: 2020-12-19 12:00:19.414\r\nProcessGuid: {649442b8-eb53-5fdd-098c-000000000600}\r\nProcessId: 3740\r\nImage: C:\\Windows\\System32\\SearchProtocolHost.exe\r\nImageLoaded: C:\\Windows\\System32\\gdi32.dll\r\nFileVersion: 10.0.18362.1256 (WinBuild.160101.0800)\r\nDescription: GDI Client DLL\r\nProduct: Microsoft Windows Operating System\r\nCompany: Microsoft Corporation\r\nOriginalFileName: gdi32\r\nHashes: SHA1=25F017FA9C2FC7CE2FD734F92BABEE16BF894817,MD5=3A24606E6C4E42E9DFD60A437006FE3E,SHA256=3D897611F3EC1B10BC3CB77D7BE362B52CFB459DAD0FCA05C33866CF59661345,IMPHASH=C5F30E6A06AB646153863B68366FE58A\r\nSigned: true\r\nSignature: Microsoft Windows\r\nSignatureStatus: Valid","Task":"7","RuleName":"-","UtcTime":"2020-12-19 12:00:19.414","ProcessGuid":"{649442b8-eb53-5fdd-098c-000000000600}","ProcessId":"3740","Image":"C:\\Windows\\System32\\SearchProtocolHost.exe","ImageLoaded":"C:\\Windows\\System32\\gdi32.dll","FileVersion":"10.0.18362.1256 (WinBuild.160101.0800)","Description":"GDI Client DLL","Product":"Microsoft Windows Operating System","Company":"Microsoft Corporation","OriginalFileName":"gdi32","Hashes":"SHA1=25F017FA9C2FC7CE2FD734F92BABEE16BF894817,MD5=3A24606E6C4E42E9DFD60A437006FE3E,SHA256=3D897611F3EC1B10BC3CB77D7BE362B52CFB459DAD0FCA05C33866CF59661345,IMPHASH=C5F30E6A06AB646153863B68366FE58A","Signed":"true","Signature":"Microsoft Windows","SignatureStatus":"Valid"}
{"SourceName":"Microsoft-Windows-Sysmon","ProviderGuid":"{5770385f-c22a-43e0-bf4c-06f5698ffbd9}","Level":"4","Keywords":"0x8000000000000000","Channel":"Microsoft-Windows-Sysmon/Operational","Hostname":"WORKSTATION6.theshire.local","TimeCreated":"2020-12-19T07:00:19.427Z","@timestamp":"2020-12-19T07:00:19.427Z","EventID":7,"Message":"Image loaded:\r\nRuleName: -\r\nUtcTime: 2020-12-19 12:00:19.414\r\nProcessGuid: {649442b8-eb53-5fdd-098c-000000000600}\r\nProcessId: 3740\r\nImage: C:\\Windows\\System32\\SearchProtocolHost.exe\r\nImageLoaded: C:\\Windows\\System32\\win32u.dll\r\nFileVersion: 10.0.18362.1237 (WinBuild.160101.0800)\r\nDescription: Win32u\r\nProduct: Microsoft Windows Operating System\r\nCompany: Microsoft Corporation\r\nOriginalFileName: Win32u.DLL\r\nHashes: SHA1=8713D184A16E1902E48FF31C5A0B066466B30EF2,MD5=7A0C7430D02B370EAF1ED17D791B8B89,SHA256=E34BE81E53E4EFDAA65B4B4CF919EB1D4E35F4C240D4A59F98384221C852B8B1,IMPHASH=00000000000000000000000000000000\r\nSigned: true\r\nSignature: Microsoft Windows\r\nSignatureStatus: Valid","Task":"7","RuleName":"-","UtcTime":"2020-12-19 12:00:19.414","ProcessGuid":"{649442b8-eb53-5fdd-098c-000000000600}","ProcessId":"3740","Image":"C:\\Windows\\System32\\SearchProtocolHost.exe","ImageLoaded":"C:\\Windows\\System32\\win32u.dll","FileVersion":"10.0.18362.1237 (WinBuild.160101.0800)","Description":"Win32u","Product":"Microsoft Windows Operating System","Company":"Microsoft Corporation","OriginalFileName":"Win32u.DLL","Hashes":"SHA1=8713D184A16E1902E48FF31C5A0B066466B30EF2,MD5=7A0C7430D02B370EAF1ED17D791B8B89,SHA256=E34BE81E53E4EFDAA65B4B4CF919EB1D4E35F4C240D4A59F98384221C852B8B1,IMPHASH=00000000000000000000000000000000","Signed":"true","Signature":"Microsoft Windows","SignatureStatus":"Valid"}
{"SourceName":"Microsoft-Windows-Sysmon","ProviderGuid":"{5770385f-c22a-43e0-bf4c-06f5698ffbd9}","Level":"4","Keywords":"0x8000000000000000","Channel":"Microsoft-Windows-Sysmon/Operational","Hostname":"WORKSTATION6.theshire.local","TimeCreated":"2020-12-19T07:00:19.427Z","@timestamp":"2020-12-19T07:00:19.427Z","EventID":7,"Message":"Image loaded:\r\nRuleName: -\r\nUtcTime: 2020-12-19 12:00:19.414\r\nProcessGuid: {649442b8-eb53-5fdd-098c-000000000600}\r\nProcessId: 3740\r\nImage: C:\\Windows\\System32\\SearchProtocolHost.exe\r\nImageLoaded: C:\\Windows\\System32\\gdi32full.dll\r\nFileVersion: 10.0.18362.1256 (WinBuild.160101.0800)\r\nDescription: GDI Client DLL\r\nProduct: Microsoft Windows Operating System\r\nCompany: Microsoft Corporation\r\nOriginalFileName: gdi32\r\nHashes: SHA1=E8216CC1B5E7C386F1B2B8E1B45FC26F0E0CE094,MD5=0CF7FD50436273B6B61786E62EDD5DC7,SHA256=E37FE49A0B1AC4B557937463C046C3299D2E7667301FABA14F1883F8D79179C3,IMPHASH=4D32F6E2211CD04CA28C2CD4FAC607E8\r\nSigned: true\r\nSignature: Microsoft Windows\r\nSignatureStatus: Valid","Task":"7","RuleName":"-","UtcTime":"2020-12-19 12:00:19.414","ProcessGuid":"{649442b8-eb53-5fdd-098c-000000000600}","ProcessId":"3740","Image":"C:\\Windows\\System32\\SearchProtocolHost.exe","ImageLoaded":"C:\\Windows\\System32\\gdi32full.dll","FileVersion":"10.0.18362.1256 (WinBuild.160101.0800)","Description":"GDI Client DLL","Product":"Microsoft Windows Operating System","Company":"Microsoft Corporation","OriginalFileName":"gdi32","Hashes":"SHA1=E8216CC1B5E7C386F1B2B8E1B45FC26F0E0CE094,MD5=0CF7FD50436273B6B61786E62EDD5DC7,SHA256=E37FE49A0B1AC4B557937463C046C3299D2E7667301FABA14F1883F8D79179C3,IMPHASH=4D32F6E2211CD04CA28C2CD4FAC607E8","Signed":"true","Signature":"Microsoft Windows","SignatureStatus":"Valid"}
{"SourceName":"Microsoft-Windows-Sysmon","ProviderGuid":"{5770385f-c22a-43e0-bf4c-06f5698ffbd9}","Level":"4","Keywords":"0x8000000000000000","Channel":"Microsoft-Windows-Sysmon/Operational","Hostname":"WORKSTATION6.theshire.local","TimeCreated":"2020-12-19T07:00:19.427Z","@timestamp":"2020-12-19T07:00:19.427Z","EventID":7,"Message":"Image loaded:\r\nRuleName: -\r\nUtcTime: 2020-12-19 12:00:19.414\r\nProcessGuid: {649442b8-eb53-5fdd-098c-000000000600}\r\nProcessId: 3740\r\nImage: C:\\Windows\\System32\\SearchProtocolHost.exe\r\nImageLoaded: C:\\Windows\\System32\\user32.dll\r\nFileVersion: 10.0.18362.1256 (WinBuild.160101.0800)\r\nDescription: Multi-User Windows USER API Client DLL\r\nProduct: Microsoft Windows Operating System\r\nCompany: Microsoft Corporation\r\nOriginalFileName: user32\r\nHashes: SHA1=FD2541E3DFDE3674CDD9A070D1DB2A8DB43645A5,MD5=F14C97D2A8249A737A7F1CB7104656B6,SHA256=6DC141500883977D9D7236DE1415BF0975850FA435DB32426B261E22D6BDE1DC,IMPHASH=70F6F0466DB32D0AA9E18434AE996907\r\nSigned: true\r\nSignature: Microsoft Windows\r\nSignatureStatus: Valid","Task":"7","RuleName":"-","UtcTime":"2020-12-19 12:00:19.414","ProcessGuid":"{649442b8-eb53-5fdd-098c-000000000600}","ProcessId":"3740","Image":"C:\\Windows\\System32\\SearchProtocolHost.exe","ImageLoaded":"C:\\Windows\\System32\\user32.dll","FileVersion":"10.0.18362.1256 (WinBuild.160101.0800)","Description":"Multi-User Windows USER API Client DLL","Product":"Microsoft Windows Operating System","Company":"Microsoft Corporation","OriginalFileName":"user32","Hashes":"SHA1=FD2541E3DFDE3674CDD9A070D1DB2A8DB43645A5,MD5=F14C97D2A8249A737A7F1CB7104656B6,SHA256=6DC141500883977D9D7236DE1415BF0975850FA435DB32426B261E22D6BDE1DC,IMPHASH=70F6F0466DB32D0AA9E18434AE996907","Signed":"true","Signature":"Microsoft Windows","SignatureStatus":"Valid"}
{"SourceName":"Microsoft-Windows-Sysmon","ProviderGuid":"{5770385f-c22a-43e0-bf4c-06f5698ffbd9}","Level":"4","Keywords":"0x8000000000000000","Channel":"Microsoft-Windows-Sysmon/Operational","Hostname":"WORKSTATION6.theshire.local","TimeCreated":"2020-12-19T07:00:19.427Z","@timestamp":"2020-12-19T07:00:19.427Z","EventID":7,"Message":"Image loaded:\r\nRuleName: -\r\nUtcTime: 2020-12-19 12:00:19.414\r\nProcessGuid: {649442b8-eb53-5fdd-098c-000000000600}\r\nProcessId: 3740\r\nImage: C:\\Windows\\System32\\SearchProtocolHost.exe\r\nImageLoaded: C:\\Windows\\System32\\kernel.appcore.dll\r\nFileVersion: 10.0.18362.1171 (WinBuild.160101.0800)\r\nDescription: AppModel API Host\r\nProduct: Microsoft Windows Operating System\r\nCompany: Microsoft Corporation\r\nOriginalFileName: kernel.appcore.dll\r\nHashes: SHA1=C1E0E25EF55C0F5BE9645224CB9DAD10AA2F05E3,MD5=3A7BEA62F96DF24AFD2226F5F723BF41,SHA256=89C7230E99A8D1F78C91649828500414344FF0162BD4636B376004C445610F85,IMPHASH=639D16ACD736EAE912B88E985A0A7A0F\r\nSigned: true\r\nSignature: Microsoft Windows\r\nSignatureStatus: Valid","Task":"7","RuleName":"-","UtcTime":"2020-12-19 12:00:19.414","ProcessGuid":"{649442b8-eb53-5fdd-098c-000000000600}","ProcessId":"3740","Image":"C:\\Windows\\System32\\SearchProtocolHost.exe","ImageLoaded":"C:\\Windows\\System32\\kernel.appcore.dll","FileVersion":"10.0.18362.1171 (WinBuild.160101.0800)","Description":"AppModel API Host","Product":"Microsoft Windows Operating System","Company":"Microsoft Corporation","OriginalFileName":"kernel.appcore.dll","Hashes":"SHA1=C1E0E25EF55C0F5BE9645224CB9DAD10AA2F05E3,MD5=3A7BEA62F96DF24AFD2226F5F723BF41,SHA256=89C7230E99A8D1F78C91649828500414344FF0162BD4636B376004C445610F85,IMPHASH=639D16ACD736EAE912B88E985A0A7A0F","Signed":"true","Signature":"Microsoft Windows","SignatureStatus":"Valid"}
{"SourceName":"Microsoft-Windows-Sysmon","ProviderGuid":"{5770385f-c22a-43e0-bf4c-06f5698ffbd9}","Level":"4","Keywords":"0x8000000000000000","Channel":"Microsoft-Windows-Sysmon/Operational","Hostname":"WORKSTATION6.theshire.local","TimeCreated":"2020-12-19T07:00:19.428Z","@timestamp":"2020-12-19T07:00:19.428Z","EventID":7,"Message":"Image loaded:\r\nRuleName: -\r\nUtcTime: 2020-12-19 12:00:19.414\r\nProcessGuid: {649442b8-eb53-5fdd-098c-000000000600}\r\nProcessId: 3740\r\nImage: C:\\Windows\\System32\\SearchProtocolHost.exe\r\nImageLoaded: C:\\Windows\\System32\\tquery.dll\r\nFileVersion: 7.0.18362.1237 (WinBuild.160101.0800)\r\nDescription: Microsoft Tripoli Query\r\nProduct: Windows Search\r\nCompany: Microsoft Corporation\r\nOriginalFileName: TQUERY.dll\r\nHashes: SHA1=4D26D30B79BCFCD12CA3ECE16DA7BEF4D89013A7,MD5=62D5419023FA14CAD1FF4DE296506D02,SHA256=1A6693B12120F4E45E7FEFFD86C121AF4B43D37F67257293E432BCC5274581C9,IMPHASH=B747773C8944E8F8706A8368B274F6EF\r\nSigned: true\r\nSignature: Microsoft Windows\r\nSignatureStatus: Valid","Task":"7","RuleName":"-","UtcTime":"2020-12-19 12:00:19.414","ProcessGuid":"{649442b8-eb53-5fdd-098c-000000000600}","ProcessId":"3740","Image":"C:\\Windows\\System32\\SearchProtocolHost.exe","ImageLoaded":"C:\\Windows\\System32\\tquery.dll","FileVersion":"7.0.18362.1237 (WinBuild.160101.0800)","Description":"Microsoft Tripoli Query","Product":"Windows Search","Company":"Microsoft Corporation","OriginalFileName":"TQUERY.dll","Hashes":"SHA1=4D26D30B79BCFCD12CA3ECE16DA7BEF4D89013A7,MD5=62D5419023FA14CAD1FF4DE296506D02,SHA256=1A6693B12120F4E45E7FEFFD86C121AF4B43D37F67257293E432BCC5274581C9,IMPHASH=B747773C8944E8F8706A8368B274F6EF","Signed":"true","Signature":"Microsoft Windows","SignatureStatus":"Valid"}
{"SourceName":"Microsoft-Windows-Sysmon","ProviderGuid":"{5770385f-c22a-43e0-bf4c-06f5698ffbd9}","Level":"4","Keywords":"0x8000000000000000","Channel":"Microsoft-Windows-Sysmon/Operational","Hostname":"WORKSTATION6.theshire.local","TimeCreated":"2020-12-19T07:00:19.429Z","@timestamp":"2020-12-19T07:00:19.429Z","EventID":7,"Message":"Image loaded:\r\nRuleName: -\r\nUtcTime: 2020-12-19 12:00:19.414\r\nProcessGuid: {649442b8-eb53-5fdd-098c-000000000600}\r\nProcessId: 3740\r\nImage: C:\\Windows\\System32\\SearchProtocolHost.exe\r\nImageLoaded: C:\\Windows\\System32\\cryptdll.dll\r\nFileVersion: 10.0.18362.113 (WinBuild.160101.0800)\r\nDescription: Cryptography Manager\r\nProduct: Microsoft Windows Operating System\r\nCompany: Microsoft Corporation\r\nOriginalFileName: cryptdll.dll\r\nHashes: SHA1=BE97D68743A482E079B2444C526B2807A1A4944B,MD5=D688CD24DFA347ED9C3EFD8F7756D404,SHA256=F4BA3B1A3CFE6C67562642F012D1567510DA4BEFFA27FD4B4257A500158FC011,IMPHASH=EEE9E3C69E3AA8A672BA845111314DF0\r\nSigned: true\r\nSignature: Microsoft Windows\r\nSignatureStatus: Valid","Task":"7","RuleName":"-","UtcTime":"2020-12-19 12:00:19.414","ProcessGuid":"{649442b8-eb53-5fdd-098c-000000000600}","ProcessId":"3740","Image":"C:\\Windows\\System32\\SearchProtocolHost.exe","ImageLoaded":"C:\\Windows\\System32\\cryptdll.dll","FileVersion":"10.0.18362.113 (WinBuild.160101.0800)","Description":"Cryptography Manager","Product":"Microsoft Windows Operating System","Company":"Microsoft Corporation","OriginalFileName":"cryptdll.dll","Hashes":"SHA1=BE97D68743A482E079B2444C526B2807A1A4944B,MD5=D688CD24DFA347ED9C3EFD8F7756D404,SHA256=F4BA3B1A3CFE6C67562642F012D1567510DA4BEFFA27FD4B4257A500158FC011,IMPHASH=EEE9E3C69E3AA8A672BA845111314DF0","Signed":"true","Signature":"Microsoft Windows","SignatureStatus":"Valid"}
{"SourceName":"Microsoft-Windows-Sysmon","ProviderGuid":"{5770385f-c22a-43e0-bf4c-06f5698ffbd9}","Level":"4","Keywords":"0x8000000000000000","Channel":"Microsoft-Windows-Sysmon/Operational","Hostname":"WORKSTATION6.theshire.local","TimeCreated":"2020-12-19T07:00:19.433Z","@timestamp":"2020-12-19T07:00:19.433Z","EventID":7,"Message":"Image loaded:\r\nRuleName: -\r\nUtcTime: 2020-12-19 12:00:19.430\r\nProcessGuid: {649442b8-eb53-5fdd-098c-000000000600}\r\nProcessId: 3740\r\nImage: C:\\Windows\\System32\\SearchProtocolHost.exe\r\nImageLoaded: C:\\Windows\\System32\\imm32.dll\r\nFileVersion: 10.0.18362.387 (WinBuild.160101.0800)\r\nDescription: Multi-User Windows IMM32 API Client DLL\r\nProduct: Microsoft Windows Operating System\r\nCompany: Microsoft Corporation\r\nOriginalFileName: imm32\r\nHashes: SHA1=76BB2AB8D3CB6DB6D23F4771334C9AA9C231B03A,MD5=025CC332EDC4B1A38290F3E36BCEF4FB,SHA256=0FE3C1C575EA1B0257B2EB12527EC35E3004CD88EA5BAEC7095386A9F9EB70AD,IMPHASH=24F54B6761C10BA12481CF6C780605BF\r\nSigned: true\r\nSignature: Microsoft Windows\r\nSignatureStatus: Valid","Task":"7","RuleName":"-","UtcTime":"2020-12-19 12:00:19.430","ProcessGuid":"{649442b8-eb53-5fdd-098c-000000000600}","ProcessId":"3740","Image":"C:\\Windows\\System32\\SearchProtocolHost.exe","ImageLoaded":"C:\\Windows\\System32\\imm32.dll","FileVersion":"10.0.18362.387 (WinBuild.160101.0800)","Description":"Multi-User Windows IMM32 API Client DLL","Product":"Microsoft Windows Operating System","Company":"Microsoft Corporation","OriginalFileName":"imm32","Hashes":"SHA1=76BB2AB8D3CB6DB6D23F4771334C9AA9C231B03A,MD5=025CC332EDC4B1A38290F3E36BCEF4FB,SHA256=0FE3C1C575EA1B0257B2EB12527EC35E3004CD88EA5BAEC7095386A9F9EB70AD,IMPHASH=24F54B6761C10BA12481CF6C780605BF","Signed":"true","Signature":"Microsoft Windows","SignatureStatus":"Valid"}
{"SourceName":"Microsoft-Windows-Sysmon","ProviderGuid":"{5770385f-c22a-43e0-bf4c-06f5698ffbd9}","Level":"4","Keywords":"0x8000000000000000","Channel":"Microsoft-Windows-Sysmon/Operational","Hostname":"WORKSTATION6.theshire.local","TimeCreated":"2020-12-19T07:00:19.437Z","@timestamp":"2020-12-19T07:00:19.437Z","EventID":10,"Message":"Process accessed:\r\nRuleName: -\r\nUtcTime: 2020-12-19 12:00:19.430\r\nSourceProcessGUID: {649442b8-52d8-5fd1-0f00-000000000600}\r\nSourceProcessId: 876\r\nSourceThreadId: 7080\r\nSourceImage: C:\\windows\\system32\\svchost.exe\r\nTargetProcessGUID: {649442b8-eb53-5fdd-098c-000000000600}\r\nTargetProcessId: 3740\r\nTargetImage: C:\\windows\\system32\\SearchProtocolHost.exe\r\nGrantedAccess: 0x1000\r\nCallTrace: C:\\windows\\SYSTEM32\\ntdll.dll+9cbb4|C:\\windows\\System32\\KERNELBASE.dll+305fe|c:\\windows\\system32\\rpcss.dll+47e62|c:\\windows\\system32\\rpcss.dll+47e23|C:\\windows\\System32\\RPCRT4.dll+76ba3|C:\\windows\\System32\\RPCRT4.dll+13653|C:\\windows\\System32\\RPCRT4.dll+1457a|C:\\windows\\System32\\RPCRT4.dll+549f8|C:\\windows\\System32\\RPCRT4.dll+2c9b1|C:\\windows\\System32\\RPCRT4.dll+2c26b|C:\\windows\\System32\\RPCRT4.dll+1a8cf|C:\\windows\\System32\\RPCRT4.dll+19d7a|C:\\windows\\System32\\RPCRT4.dll+19361|C:\\windows\\System32\\RPCRT4.dll+18dce|C:\\windows\\System32\\RPCRT4.dll+16a05|C:\\windows\\SYSTEM32\\ntdll.dll+333ed|C:\\windows\\SYSTEM32\\ntdll.dll+34142|C:\\windows\\System32\\KERNEL32.DLL+17c24|C:\\windows\\SYSTEM32\\ntdll.dll+6d4d1","Task":"10","RuleName":"-","UtcTime":"2020-12-19 12:00:19.430","SourceProcessGUID":"{649442b8-52d8-5fd1-0f00-000000000600}","SourceProcessId":"876","SourceThreadId":"7080","SourceImage":"C:\\windows\\system32\\svchost.exe","TargetProcessGUID":"{649442b8-eb53-5fdd-098c-000000000600}","TargetProcessId":"3740","TargetImage":"C:\\windows\\system32\\SearchProtocolHost.exe","GrantedAccess":"0x1000","CallTrace":"C:\\windows\\SYSTEM32\\ntdll.dll+9cbb4|C:\\windows\\System32\\KERNELBASE.dll+305fe|c:\\windows\\system32\\rpcss.dll+47e62|c:\\windows\\system32\\rpcss.dll+47e23|C:\\windows\\System32\\RPCRT4.dll+76ba3|C:\\windows\\System32\\RPCRT4.dll+13653|C:\\windows\\System32\\RPCRT4.dll+1457a|C:\\windows\\System32\\RPCRT4.dll+549f8|C:\\windows\\System32\\RPCRT4.dll+2c9b1|C:\\windows\\System32\\RPCRT4.dll+2c26b|C:\\windows\\System32\\RPCRT4.dll+1a8cf|C:\\windows\\System32\\RPCRT4.dll+19d7a|C:\\windows\\System32\\RPCRT4.dll+19361|C:\\windows\\System32\\RPCRT4.dll+18dce|C:\\windows\\System32\\RPCRT4.dll+16a05|C:\\windows\\SYSTEM32\\ntdll.dll+333ed|C:\\windows\\SYSTEM32\\ntdll.dll+34142|C:\\windows\\System32\\KERNEL32.DLL+17c24|C:\\windows\\SYSTEM32\\ntdll.dll+6d4d1"}
{"SourceName":"Microsoft-Windows-Sysmon","ProviderGuid":"{5770385f-c22a-43e0-bf4c-06f5698ffbd9}","Level":"4","Keywords":"0x8000000000000000","Channel":"Microsoft-Windows-Sysmon/Operational","Hostname":"WORKSTATION6.theshire.local","TimeCreated":"2020-12-19T07:00:19.437Z","@timestamp":"2020-12-19T07:00:19.437Z","EventID":10,"Message":"Process accessed:\r\nRuleName: -\r\nUtcTime: 2020-12-19 12:00:19.430\r\nSourceProcessGUID: {649442b8-52d8-5fd1-1100-000000000600}\r\nSourceProcessId: 984\r\nSourceThreadId: 2936\r\nSourceImage: C:\\windows\\system32\\svchost.exe\r\nTargetProcessGUID: {649442b8-eb53-5fdd-098c-000000000600}\r\nTargetProcessId: 3740\r\nTargetImage: C:\\windows\\system32\\SearchProtocolHost.exe\r\nGrantedAccess: 0x100000\r\nCallTrace: C:\\windows\\SYSTEM32\\ntdll.dll+9d784|C:\\windows\\System32\\RPCRT4.dll+2d354|c:\\windows\\system32\\rpcss.dll+315c9|c:\\windows\\system32\\rpcss.dll+30c5b|C:\\windows\\System32\\RPCRT4.dll+76ba3|C:\\windows\\System32\\RPCRT4.dll+13653|C:\\windows\\System32\\RPCRT4.dll+1457a|C:\\windows\\System32\\RPCRT4.dll+549f8|C:\\windows\\System32\\RPCRT4.dll+2c9b1|C:\\windows\\System32\\RPCRT4.dll+2c26b|C:\\windows\\System32\\RPCRT4.dll+1a8cf|C:\\windows\\System32\\RPCRT4.dll+19d7a|C:\\windows\\System32\\RPCRT4.dll+19361|C:\\windows\\System32\\RPCRT4.dll+18dce|C:\\windows\\System32\\RPCRT4.dll+16a05|C:\\windows\\SYSTEM32\\ntdll.dll+333ed|C:\\windows\\SYSTEM32\\ntdll.dll+34142|C:\\windows\\System32\\KERNEL32.DLL+17c24|C:\\windows\\SYSTEM32\\ntdll.dll+6d4d1","Task":"10","RuleName":"-","UtcTime":"2020-12-19 12:00:19.430","SourceProcessGUID":"{649442b8-52d8-5fd1-1100-000000000600}","SourceProcessId":"984","SourceThreadId":"2936","SourceImage":"C:\\windows\\system32\\svchost.exe","TargetProcessGUID":"{649442b8-eb53-5fdd-098c-000000000600}","TargetProcessId":"3740","TargetImage":"C:\\windows\\system32\\SearchProtocolHost.exe","GrantedAccess":"0x100000","CallTrace":"C:\\windows\\SYSTEM32\\ntdll.dll+9d784|C:\\windows\\System32\\RPCRT4.dll+2d354|c:\\windows\\system32\\rpcss.dll+315c9|c:\\windows\\system32\\rpcss.dll+30c5b|C:\\windows\\System32\\RPCRT4.dll+76ba3|C:\\windows\\System32\\RPCRT4.dll+13653|C:\\windows\\System32\\RPCRT4.dll+1457a|C:\\windows\\System32\\RPCRT4.dll+549f8|C:\\windows\\System32\\RPCRT4.dll+2c9b1|C:\\windows\\System32\\RPCRT4.dll+2c26b|C:\\windows\\System32\\RPCRT4.dll+1a8cf|C:\\windows\\System32\\RPCRT4.dll+19d7a|C:\\windows\\System32\\RPCRT4.dll+19361|C:\\windows\\System32\\RPCRT4.dll+18dce|C:\\windows\\System32\\RPCRT4.dll+16a05|C:\\windows\\SYSTEM32\\ntdll.dll+333ed|C:\\windows\\SYSTEM32\\ntdll.dll+34142|C:\\windows\\System32\\KERNEL32.DLL+17c24|C:\\windows\\SYSTEM32\\ntdll.dll+6d4d1"}
{"SourceName":"Microsoft-Windows-Sysmon","ProviderGuid":"{5770385f-c22a-43e0-bf4c-06f5698ffbd9}","Level":"4","Keywords":"0x8000000000000000","Channel":"Microsoft-Windows-Sysmon/Operational","Hostname":"WORKSTATION6.theshire.local","TimeCreated":"2020-12-19T07:00:19.437Z","@timestamp":"2020-12-19T07:00:19.437Z","EventID":7,"Message":"Image loaded:\r\nRuleName: -\r\nUtcTime: 2020-12-19 12:00:19.414\r\nProcessGuid: {649442b8-eb53-5fdd-098c-000000000600}\r\nProcessId: 3740\r\nImage: C:\\Windows\\System32\\SearchProtocolHost.exe\r\nImageLoaded: C:\\Windows\\System32\\SearchProtocolHost.exe\r\nFileVersion: 7.0.18362.1237 (WinBuild.160101.0800)\r\nDescription: Microsoft Windows Search Protocol Host\r\nProduct: Windows Search\r\nCompany: Microsoft Corporation\r\nOriginalFileName: SearchProtocolHost.exe\r\nHashes: SHA1=BB056090AFCDF9BFC6F19BD98687B5483A91D79B,MD5=EEEEE8647DD2961AE17EEA3341A6003A,SHA256=21FF07D95B9FF1E9BE3BB9418B50BF78CE01CFFA873069D26BCF7B75EE043C06,IMPHASH=C7184EBAEA69ACD80DA6F06B24E4FC1B\r\nSigned: true\r\nSignature: Microsoft Windows\r\nSignatureStatus: Valid","Task":"7","RuleName":"-","UtcTime":"2020-12-19 12:00:19.414","ProcessGuid":"{649442b8-eb53-5fdd-098c-000000000600}","ProcessId":"3740","Image":"C:\\Windows\\System32\\SearchProtocolHost.exe","ImageLoaded":"C:\\Windows\\System32\\SearchProtocolHost.exe","FileVersion":"7.0.18362.1237 (WinBuild.160101.0800)","Description":"Microsoft Windows Search Protocol Host","Product":"Windows Search","Company":"Microsoft Corporation","OriginalFileName":"SearchProtocolHost.exe","Hashes":"SHA1=BB056090AFCDF9BFC6F19BD98687B5483A91D79B,MD5=EEEEE8647DD2961AE17EEA3341A6003A,SHA256=21FF07D95B9FF1E9BE3BB9418B50BF78CE01CFFA873069D26BCF7B75EE043C06,IMPHASH=C7184EBAEA69ACD80DA6F06B24E4FC1B","Signed":"true","Signature":"Microsoft Windows","SignatureStatus":"Valid"}
{"SourceName":"Microsoft-Windows-Sysmon","ProviderGuid":"{5770385f-c22a-43e0-bf4c-06f5698ffbd9}","Level":"4","Keywords":"0x8000000000000000","Channel":"Microsoft-Windows-Sysmon/Operational","Hostname":"WORKSTATION6.theshire.local","TimeCreated":"2020-12-19T07:00:19.438Z","@timestamp":"2020-12-19T07:00:19.438Z","EventID":7,"Message":"Image loaded:\r\nRuleName: -\r\nUtcTime: 2020-12-19 12:00:19.430\r\nProcessGuid: {649442b8-eb53-5fdd-098c-000000000600}\r\nProcessId: 3740\r\nImage: C:\\Windows\\System32\\SearchProtocolHost.exe\r\nImageLoaded: C:\\Windows\\System32\\clbcatq.dll\r\nFileVersion: 2001.12.10941.16384 (WinBuild.160101.0800)\r\nDescription: COM+ Configuration Catalog\r\nProduct: Microsoft Windows Operating System\r\nCompany: Microsoft Corporation\r\nOriginalFileName: CLBCATQ.DLL\r\nHashes: SHA1=7DE7C7E87CFA639E8C4DF269E38FB69A391D6790,MD5=4B179D7C6AA9424831847BA6BACDB260,SHA256=F0541B07D7B00C8D09BC72DF7E2D974F83482E42CD88B4E8260B832B7A71682E,IMPHASH=70F94828FF194145825265FE7BA88C95\r\nSigned: true\r\nSignature: Microsoft Windows\r\nSignatureStatus: Valid","Task":"7","RuleName":"-","UtcTime":"2020-12-19 12:00:19.430","ProcessGuid":"{649442b8-eb53-5fdd-098c-000000000600}","ProcessId":"3740","Image":"C:\\Windows\\System32\\SearchProtocolHost.exe","ImageLoaded":"C:\\Windows\\System32\\clbcatq.dll","FileVersion":"2001.12.10941.16384 (WinBuild.160101.0800)","Description":"COM+ Configuration Catalog","Product":"Microsoft Windows Operating System","Company":"Microsoft Corporation","OriginalFileName":"CLBCATQ.DLL","Hashes":"SHA1=7DE7C7E87CFA639E8C4DF269E38FB69A391D6790,MD5=4B179D7C6AA9424831847BA6BACDB260,SHA256=F0541B07D7B00C8D09BC72DF7E2D974F83482E42CD88B4E8260B832B7A71682E,IMPHASH=70F94828FF194145825265FE7BA88C95","Signed":"true","Signature":"Microsoft Windows","SignatureStatus":"Valid"}
{"SourceName":"Microsoft-Windows-Sysmon","ProviderGuid":"{5770385f-c22a-43e0-bf4c-06f5698ffbd9}","Level":"4","Keywords":"0x8000000000000000","Channel":"Microsoft-Windows-Sysmon/Operational","Hostname":"WORKSTATION6.theshire.local","TimeCreated":"2020-12-19T07:00:19.438Z","@timestamp":"2020-12-19T07:00:19.438Z","EventID":12,"Message":"Registry object added or deleted:\r\nRuleName: -\r\nEventType: CreateKey\r\nUtcTime: 2020-12-19 12:00:19.430\r\nProcessGuid: {649442b8-eb53-5fdd-098c-000000000600}\r\nProcessId: 3740\r\nImage: C:\\windows\\system32\\SearchProtocolHost.exe\r\nTargetObject: HKCR","Task":"12","RuleName":"-","EventType":"CreateKey","UtcTime":"2020-12-19 12:00:19.430","ProcessGuid":"{649442b8-eb53-5fdd-098c-000000000600}","ProcessId":"3740","Image":"C:\\windows\\system32\\SearchProtocolHost.exe","TargetObject":"HKCR"}
{"SourceName":"Microsoft-Windows-Sysmon","ProviderGuid":"{5770385f-c22a-43e0-bf4c-06f5698ffbd9}","Level":"4","Keywords":"0x8000000000000000","Channel":"Microsoft-Windows-Sysmon/Operational","Hostname":"WORKSTATION6.theshire.local","TimeCreated":"2020-12-19T07:00:19.443Z","@timestamp":"2020-12-19T07:00:19.443Z","EventID":7,"Message":"Image loaded:\r\nRuleName: -\r\nUtcTime: 2020-12-19 12:00:19.430\r\nProcessGuid: {649442b8-eb53-5fdd-098c-000000000600}\r\nProcessId: 3740\r\nImage: C:\\Windows\\System32\\SearchProtocolHost.exe\r\nImageLoaded: C:\\Windows\\System32\\msidle.dll\r\nFileVersion: 10.0.18362.1 (WinBuild.160101.0800)\r\nDescription: User Idle Monitor\r\nProduct: Microsoft Windows Operating System\r\nCompany: Microsoft Corporation\r\nOriginalFileName: MSIDLE.DLL\r\nHashes: SHA1=8209986C05AB24FC06ACBBC01E7B999A8F56E480,MD5=67A3BD6204817236801B91AFF4049A32,SHA256=7E720C09BB8C5A247073BCB110F87660B9A87879D22C51941FBE671E28E24218,IMPHASH=14FD2AD264E565DDD6FBEAA5EEAE6E57\r\nSigned: true\r\nSignature: Microsoft Windows\r\nSignatureStatus: Valid","Task":"7","RuleName":"-","UtcTime":"2020-12-19 12:00:19.430","ProcessGuid":"{649442b8-eb53-5fdd-098c-000000000600}","ProcessId":"3740","Image":"C:\\Windows\\System32\\SearchProtocolHost.exe","ImageLoaded":"C:\\Windows\\System32\\msidle.dll","FileVersion":"10.0.18362.1 (WinBuild.160101.0800)","Description":"User Idle Monitor","Product":"Microsoft Windows Operating System","Company":"Microsoft Corporation","OriginalFileName":"MSIDLE.DLL","Hashes":"SHA1=8209986C05AB24FC06ACBBC01E7B999A8F56E480,MD5=67A3BD6204817236801B91AFF4049A32,SHA256=7E720C09BB8C5A247073BCB110F87660B9A87879D22C51941FBE671E28E24218,IMPHASH=14FD2AD264E565DDD6FBEAA5EEAE6E57","Signed":"true","Signature":"Microsoft Windows","SignatureStatus":"Valid"}
