{"SourceName":"Microsoft-Windows-Sysmon","ProviderGuid":"{5770385f-c22a-43e0-bf4c-06f5698ffbd9}","Level":"4","Keywords":"0x8000000000000000","Channel":"Microsoft-Windows-Sysmon/Operational","Hostname":"WORKSTATION5.theshire.local","TimeCreated":"2020-12-19T07:00:18.087Z","@timestamp":"2020-12-19T07:00:18.087Z","EventID":7,"Message":"Image loaded:\r\nRuleName: -\r\nUtcTime: 2020-12-19 12:00:18.085\r\nProcessGuid: {67e11d8c-eb52-5fdd-1d97-000000000700}\r\nProcessId: 8444\r\nImage: C:\\Windows\\System32\\cscript.exe\r\nImageLoaded: C:\\Windows\\System32\\powrprof.dll\r\nFileVersion: 10.0.18362.1 (WinBuild.160101.0800)\r\nDescription: Power Profile Helper DLL\r\nProduct: Microsoft Windows Operating System\r\nCompany: Microsoft Corporation\r\nOriginalFileName: POWRPROF.DLL\r\nHashes: SHA1=30D5ADBC0664977C27B65622F514632581C9AF45,MD5=07B027B1E0B775FAE815E487F28137B9,SHA256=21358CE9A416C7F6DB063095102E91F014BDB85B08A4E783E17234792C9B483A,IMPHASH=817FF4748665EB442F0081A91349F764\r\nSigned: true\r\nSignature: Microsoft Windows\r\nSignatureStatus: Valid","Task":"7","RuleName":"-","UtcTime":"2020-12-19 12:00:18.085","ProcessGuid":"{67e11d8c-eb52-5fdd-1d97-000000000700}","ProcessId":"8444","Image":"C:\\Windows\\System32\\cscript.exe","ImageLoaded":"C:\\Windows\\System32\\powrprof.dll","FileVersion":"10.0.18362.1 (WinBuild.160101.0800)","Description":"Power Profile Helper DLL","Product":"Microsoft Windows Operating System","Company":"Microsoft Corporation","OriginalFileName":"POWRPROF.DLL","Hashes":"SHA1=30D5ADBC0664977C27B65622F514632581C9AF45,MD5=07B027B1E0B775FAE815E487F28137B9,SHA256=21358CE9A416C7F6DB063095102E91F014BDB85B08A4E783E17234792C9B483A,IMPHASH=817FF4748665EB442F0081A91349F764","Signed":"true","Signature":"Microsoft Windows","SignatureStatus":"Valid"}
{"SourceName":"Microsoft-Windows-Sysmon","ProviderGuid":"{5770385f-c22a-43e0-bf4c-06f5698ffbd9}","Level":"4","Keywords":"0x8000000000000000","Channel":"Microsoft-Windows-Sysmon/Operational","Hostname":"WORKSTATION5.theshire.local","TimeCreated":"2020-12-19T07:00:18.087Z","@timestamp":"2020-12-19T07:00:18.087Z","EventID":7,"Message":"Image loaded:\r\nRuleName: -\r\nUtcTime: 2020-12-19 12:00:18.085\r\nProcessGuid: {67e11d8c-eb52-5fdd-1d97-000000000700}\r\nProcessId: 8444\r\nImage: C:\\Windows\\System32\\cscript.exe\r\nImageLoaded: C:\\Windows\\System32\\umpdc.dll\r\nFileVersion: -\r\nDescription: -\r\nProduct: -\r\nCompany: -\r\nOriginalFileName: -\r\nHashes: SHA1=6ABB78FB1614C12E3E9FFF3DE98B0E13E79201D9,MD5=B9A75ED4500DD953DF172FE6F63578E8,SHA256=709B99BA1DFEF6D9B2483F37D242B12F29B1E1ADE13E338B4D7041C55B55204B,IMPHASH=5A0FF5293A05BFEBAE6F2C9C302FC5E7\r\nSigned: true\r\nSignature: Microsoft Windows\r\nSignatureStatus: Valid","Task":"7","RuleName":"-","UtcTime":"2020-12-19 12:00:18.085","ProcessGuid":"{67e11d8c-eb52-5fdd-1d97-000000000700}","ProcessId":"8444","Image":"C:\\Windows\\System32\\cscript.exe","ImageLoaded":"C:\\Windows\\System32\\umpdc.dll","FileVersion":"-","Description":"-","Product":"-","Company":"-","OriginalFileName":"-","Hashes":"SHA1=6ABB78FB1614C12E3E9FFF3DE98B0E13E79201D9,MD5=B9A75ED4500DD953DF172FE6F63578E8,SHA256=709B99BA1DFEF6D9B2483F37D242B12F29B1E1ADE13E338B4D7041C55B55204B,IMPHASH=5A0FF5293A05BFEBAE6F2C9C302FC5E7","Signed":"true","Signature":"Microsoft Windows","SignatureStatus":"Valid"}
{"SourceName":"Microsoft-Windows-Sysmon","ProviderGuid":"{5770385f-c22a-43e0-bf4c-06f5698ffbd9}","Level":"4","Keywords":"0x8000000000000000","Channel":"Microsoft-Windows-Sysmon/Operational","Hostname":"WORKSTATION5.theshire.local","TimeCreated":"2020-12-19T07:00:18.088Z","@timestamp":"2020-12-19T07:00:18.088Z","EventID":7,"Message":"Image loaded:\r\nRuleName: -\r\nUtcTime: 2020-12-19 12:00:18.085\r\nProcessGuid: {67e11d8c-eb52-5fdd-1d97-000000000700}\r\nProcessId: 8444\r\nImage: C:\\Windows\\System32\\cscript.exe\r\nImageLoaded: C:\\Windows\\System32\\shlwapi.dll\r\nFileVersion: 10.0.18362.1 (WinBuild.160101.0800)\r\nDescription: Shell Light-weight Utility Library\r\nProduct: Microsoft Windows Operating System\r\nCompany: Microsoft Corporation\r\nOriginalFileName: SHLWAPI.DLL\r\nHashes: SHA1=9074DF3335B785BB00B43AE76ACC66B799118FAE,MD5=BFB85A9022324E41FCEC5011BCB5FD23,SHA256=3CDA144CFB6278DA47267FE1E1FE258716A074C3D3DD8413B259DA7DA1039871,IMPHASH=6659A49ABF33952444C5A7FA22FD9032\r\nSigned: true\r\nSignature: Microsoft Windows\r\nSignatureStatus: Valid","Task":"7","RuleName":"-","UtcTime":"2020-12-19 12:00:18.085","ProcessGuid":"{67e11d8c-eb52-5fdd-1d97-000000000700}","ProcessId":"8444","Image":"C:\\Windows\\System32\\cscript.exe","ImageLoaded":"C:\\Windows\\System32\\shlwapi.dll","FileVersion":"10.0.18362.1 (WinBuild.160101.0800)","Description":"Shell Light-weight Utility Library","Product":"Microsoft Windows Operating System","Company":"Microsoft Corporation","OriginalFileName":"SHLWAPI.DLL","Hashes":"SHA1=9074DF3335B785BB00B43AE76ACC66B799118FAE,MD5=BFB85A9022324E41FCEC5011BCB5FD23,SHA256=3CDA144CFB6278DA47267FE1E1FE258716A074C3D3DD8413B259DA7DA1039871,IMPHASH=6659A49ABF33952444C5A7FA22FD9032","Signed":"true","Signature":"Microsoft Windows","SignatureStatus":"Valid"}
{"SourceName":"Microsoft-Windows-Sysmon","ProviderGuid":"{5770385f-c22a-43e0-bf4c-06f5698ffbd9}","Level":"4","Keywords":"0x8000000000000000","Channel":"Microsoft-Windows-Sysmon/Operational","Hostname":"WORKSTATION5.theshire.local","TimeCreated":"2020-12-19T07:00:18.091Z","@timestamp":"2020-12-19T07:00:18.091Z","EventID":7,"Message":"Image loaded:\r\nRuleName: -\r\nUtcTime: 2020-12-19 12:00:18.085\r\nProcessGuid: {67e11d8c-eb52-5fdd-1d97-000000000700}\r\nProcessId: 8444\r\nImage: C:\\Windows\\System32\\cscript.exe\r\nImageLoaded: C:\\Windows\\System32\\scrobj.dll\r\nFileVersion: 5.812.10240.16384\r\nDescription: Windows  Script Component Runtime\r\nProduct: Microsoft  Windows  Script Component Runtime\r\nCompany: Microsoft Corporation\r\nOriginalFileName: scrobj.dll\r\nHashes: SHA1=BBE6190EDAE90AB72EB53BFA9DD7846597E5C44B,MD5=80F001D5A3609071C15BE2D2F98A847B,SHA256=35E5723E66E04826D96234EFE329095E6084BAB6DDA109DBD68EA790C051CB78,IMPHASH=C928D4D30D6B6FC0A3B011AA381044CA\r\nSigned: true\r\nSignature: Microsoft Windows\r\nSignatureStatus: Valid","Task":"7","RuleName":"-","UtcTime":"2020-12-19 12:00:18.085","ProcessGuid":"{67e11d8c-eb52-5fdd-1d97-000000000700}","ProcessId":"8444","Image":"C:\\Windows\\System32\\cscript.exe","ImageLoaded":"C:\\Windows\\System32\\scrobj.dll","FileVersion":"5.812.10240.16384","Description":"Windows  Script Component Runtime","Product":"Microsoft  Windows  Script Component Runtime","Company":"Microsoft Corporation","OriginalFileName":"scrobj.dll","Hashes":"SHA1=BBE6190EDAE90AB72EB53BFA9DD7846597E5C44B,MD5=80F001D5A3609071C15BE2D2F98A847B,SHA256=35E5723E66E04826D96234EFE329095E6084BAB6DDA109DBD68EA790C051CB78,IMPHASH=C928D4D30D6B6FC0A3B011AA381044CA","Signed":"true","Signature":"Microsoft Windows","SignatureStatus":"Valid"}
{"SourceName":"Microsoft-Windows-Sysmon","ProviderGuid":"{5770385f-c22a-43e0-bf4c-06f5698ffbd9}","Level":"4","Keywords":"0x8000000000000000","Channel":"Microsoft-Windows-Sysmon/Operational","Hostname":"WORKSTATION5.theshire.local","TimeCreated":"2020-12-19T07:00:18.092Z","@timestamp":"2020-12-19T07:00:18.092Z","EventID":7,"Message":"Image loaded:\r\nRuleName: -\r\nUtcTime: 2020-12-19 12:00:18.085\r\nProcessGuid: {67e11d8c-eb52-5fdd-1d97-000000000700}\r\nProcessId: 8444\r\nImage: C:\\Windows\\System32\\cscript.exe\r\nImageLoaded: C:\\Windows\\System32\\mlang.dll\r\nFileVersion: 10.0.18362.1 (WinBuild.160101.0800)\r\nDescription: Multi Language Support DLL\r\nProduct: Microsoft Windows Operating System\r\nCompany: Microsoft Corporation\r\nOriginalFileName: MLANG.DLL\r\nHashes: SHA1=B2A3785E9851C37F82BFE374FA83B154A8C69DC1,MD5=D6402D9D7E2FC26773B1D5BE17DC59AC,SHA256=AC9D9701EB99C0FBDEAF1525A390804785E6D4C30129D2E51E47AEDEA02D438A,IMPHASH=8C5EF934F2973563A30D41BD42A4CD00\r\nSigned: true\r\nSignature: Microsoft Windows\r\nSignatureStatus: Valid","Task":"7","RuleName":"-","UtcTime":"2020-12-19 12:00:18.085","ProcessGuid":"{67e11d8c-eb52-5fdd-1d97-000000000700}","ProcessId":"8444","Image":"C:\\Windows\\System32\\cscript.exe","ImageLoaded":"C:\\Windows\\System32\\mlang.dll","FileVersion":"10.0.18362.1 (WinBuild.160101.0800)","Description":"Multi Language Support DLL","Product":"Microsoft Windows Operating System","Company":"Microsoft Corporation","OriginalFileName":"MLANG.DLL","Hashes":"SHA1=B2A3785E9851C37F82BFE374FA83B154A8C69DC1,MD5=D6402D9D7E2FC26773B1D5BE17DC59AC,SHA256=AC9D9701EB99C0FBDEAF1525A390804785E6D4C30129D2E51E47AEDEA02D438A,IMPHASH=8C5EF934F2973563A30D41BD42A4CD00","Signed":"true","Signature":"Microsoft Windows","SignatureStatus":"Valid"}
{"SourceName":"Microsoft-Windows-Sysmon","ProviderGuid":"{5770385f-c22a-43e0-bf4c-06f5698ffbd9}","Level":"4","Keywords":"0x8000000000000000","Channel":"Microsoft-Windows-Sysmon/Operational","Hostname":"WORKSTATION5.theshire.local","TimeCreated":"2020-12-19T07:00:18.093Z","@timestamp":"2020-12-19T07:00:18.093Z","EventID":7,"Message":"Image loaded:\r\nRuleName: -\r\nUtcTime: 2020-12-19 12:00:18.085\r\nProcessGuid: {67e11d8c-eb52-5fdd-1d97-000000000700}\r\nProcessId: 8444\r\nImage: C:\\Windows\\System32\\cscript.exe\r\nImageLoaded: C:\\Program Files\\Microsoft Monitoring Agent\\Agent\\MOMScriptAPI.dll\r\nFileVersion: 10.20.18053.0\r\nDescription: MsMgmtAuxiliary Module\r\nProduct: Microsoft Monitoring Agent\r\nCompany: Microsoft Corp.\r\nOriginalFileName: MsMgmtAuxiliary.exe\r\nHashes: SHA1=BCC8FD54F4B3EFF5EFD30C15FAFE43A8B6E48937,MD5=FBE93FFD74F01676A9B22E2D70FA367F,SHA256=B36E09B149CA531FBD391D7D1B5047FA76032138D52D815222717059D89C7813,IMPHASH=607E47B2ED16E99EDFBA7D37123FC456\r\nSigned: true\r\nSignature: Microsoft Corporation\r\nSignatureStatus: Valid","Task":"7","RuleName":"-","UtcTime":"2020-12-19 12:00:18.085","ProcessGuid":"{67e11d8c-eb52-5fdd-1d97-000000000700}","ProcessId":"8444","Image":"C:\\Windows\\System32\\cscript.exe","ImageLoaded":"C:\\Program Files\\Microsoft Monitoring Agent\\Agent\\MOMScriptAPI.dll","FileVersion":"10.20.18053.0","Description":"MsMgmtAuxiliary Module","Product":"Microsoft Monitoring Agent","Company":"Microsoft Corp.","OriginalFileName":"MsMgmtAuxiliary.exe","Hashes":"SHA1=BCC8FD54F4B3EFF5EFD30C15FAFE43A8B6E48937,MD5=FBE93FFD74F01676A9B22E2D70FA367F,SHA256=B36E09B149CA531FBD391D7D1B5047FA76032138D52D815222717059D89C7813,IMPHASH=607E47B2ED16E99EDFBA7D37123FC456","Signed":"true","Signature":"Microsoft Corporation","SignatureStatus":"Valid"}
{"SourceName":"Microsoft-Windows-Sysmon","ProviderGuid":"{5770385f-c22a-43e0-bf4c-06f5698ffbd9}","Level":"4","Keywords":"0x8000000000000000","Channel":"Microsoft-Windows-Sysmon/Operational","Hostname":"WORKSTATION5.theshire.local","TimeCreated":"2020-12-19T07:00:18.094Z","@timestamp":"2020-12-19T07:00:18.094Z","EventID":7,"Message":"Image loaded:\r\nRuleName: -\r\nUtcTime: 2020-12-19 12:00:18.085\r\nProcessGuid: {67e11d8c-eb52-5fdd-1d97-000000000700}\r\nProcessId: 8444\r\nImage: C:\\Windows\\System32\\cscript.exe\r\nImageLoaded: C:\\Windows\\System32\\msvcp120.dll\r\nFileVersion: 12.00.21005.1 built by: REL\r\nDescription: Microsoft C Runtime Library\r\nProduct: Microsoft Visual Studio 2013\r\nCompany: Microsoft Corporation\r\nOriginalFileName: msvcp120.dll\r\nHashes: SHA1=D0164C041707F297A73ABB9EA854111953E99CF1,MD5=46060C35F697281BC5E7337AEE3722B1,SHA256=2ABF0AAB5A3C5AE9424B64E9D19D9D6D4AEBC67814D7E92E4927B9798FEF2848,IMPHASH=D0A59246EAB41D54812CD63C2326E1F1\r\nSigned: true\r\nSignature: Microsoft Corporation\r\nSignatureStatus: Valid","Task":"7","RuleName":"-","UtcTime":"2020-12-19 12:00:18.085","ProcessGuid":"{67e11d8c-eb52-5fdd-1d97-000000000700}","ProcessId":"8444","Image":"C:\\Windows\\System32\\cscript.exe","ImageLoaded":"C:\\Windows\\System32\\msvcp120.dll","FileVersion":"12.00.21005.1 built by: REL","Description":"Microsoft C Runtime Library","Product":"Microsoft Visual Studio 2013","Company":"Microsoft Corporation","OriginalFileName":"msvcp120.dll","Hashes":"SHA1=D0164C041707F297A73ABB9EA854111953E99CF1,MD5=46060C35F697281BC5E7337AEE3722B1,SHA256=2ABF0AAB5A3C5AE9424B64E9D19D9D6D4AEBC67814D7E92E4927B9798FEF2848,IMPHASH=D0A59246EAB41D54812CD63C2326E1F1","Signed":"true","Signature":"Microsoft Corporation","SignatureStatus":"Valid"}
{"SourceName":"Microsoft-Windows-Sysmon","ProviderGuid":"{5770385f-c22a-43e0-bf4c-06f5698ffbd9}","Level":"4","Keywords":"0x8000000000000000","Channel":"Microsoft-Windows-Sysmon/Operational","Hostname":"WORKSTATION5.theshire.local","TimeCreated":"2020-12-19T07:00:18.094Z","@timestamp":"2020-12-19T07:00:18.094Z","EventID":7,"Message":"Image loaded:\r\nRuleName: -\r\nUtcTime: 2020-12-19 12:00:18.085\r\nProcessGuid: {67e11d8c-eb52-5fdd-1d97-000000000700}\r\nProcessId: 8444\r\nImage: C:\\Windows\\System32\\cscript.exe\r\nImageLoaded: C:\\Program Files\\Microsoft Monitoring Agent\\Agent\\HealthServiceRuntime.dll\r\nFileVersion: 10.20.18053.0\r\nDescription: Health Service Runtime\r\nProduct: Microsoft Monitoring Agent\r\nCompany: Microsoft Corp.\r\nOriginalFileName: HealthServiceRuntime.dll\r\nHashes: SHA1=9AA65338F05F8BFEFE0245D94B7CD595404127FA,MD5=D04ADFD7E018D79EC0AB0FD302A4A8E2,SHA256=436EB5B5EC251DCF3993EDE1F6F13EA684D5A1FB35F3468078CE6C396B18137E,IMPHASH=AD3D850C8D7E5E54BA8197337CE37885\r\nSigned: true\r\nSignature: Microsoft Corporation\r\nSignatureStatus: Valid","Task":"7","RuleName":"-","UtcTime":"2020-12-19 12:00:18.085","ProcessGuid":"{67e11d8c-eb52-5fdd-1d97-000000000700}","ProcessId":"8444","Image":"C:\\Windows\\System32\\cscript.exe","ImageLoaded":"C:\\Program Files\\Microsoft Monitoring Agent\\Agent\\HealthServiceRuntime.dll","FileVersion":"10.20.18053.0","Description":"Health Service Runtime","Product":"Microsoft Monitoring Agent","Company":"Microsoft Corp.","OriginalFileName":"HealthServiceRuntime.dll","Hashes":"SHA1=9AA65338F05F8BFEFE0245D94B7CD595404127FA,MD5=D04ADFD7E018D79EC0AB0FD302A4A8E2,SHA256=436EB5B5EC251DCF3993EDE1F6F13EA684D5A1FB35F3468078CE6C396B18137E,IMPHASH=AD3D850C8D7E5E54BA8197337CE37885","Signed":"true","Signature":"Microsoft Corporation","SignatureStatus":"Valid"}
{"SourceName":"Microsoft-Windows-Sysmon","ProviderGuid":"{5770385f-c22a-43e0-bf4c-06f5698ffbd9}","Level":"4","Keywords":"0x8000000000000000","Channel":"Microsoft-Windows-Sysmon/Operational","Hostname":"WORKSTATION5.theshire.local","TimeCreated":"2020-12-19T07:00:18.095Z","@timestamp":"2020-12-19T07:00:18.095Z","EventID":7,"Message":"Image loaded:\r\nRuleName: -\r\nUtcTime: 2020-12-19 12:00:18.085\r\nProcessGuid: {67e11d8c-eb52-5fdd-1d97-000000000700}\r\nProcessId: 8444\r\nImage: C:\\Windows\\System32\\cscript.exe\r\nImageLoaded: C:\\Windows\\System32\\msvcr120.dll\r\nFileVersion: 12.00.21005.1 built by: REL\r\nDescription: Microsoft C Runtime Library\r\nProduct: Microsoft Visual Studio 2013\r\nCompany: Microsoft Corporation\r\nOriginalFileName: msvcr120.dll\r\nHashes: SHA1=62CB65A1D79E2C5ADA0C7BFC04C18693567C90D0,MD5=9C861C079DD81762B6C54E37597B7712,SHA256=AD32240BB1DE55C3F5FCAC8789F583A17057F9D14914C538C2A7A5AD346B341C,IMPHASH=8F18E22935EF8B336E246EE763FBEC97\r\nSigned: true\r\nSignature: Microsoft Corporation\r\nSignatureStatus: Valid","Task":"7","RuleName":"-","UtcTime":"2020-12-19 12:00:18.085","ProcessGuid":"{67e11d8c-eb52-5fdd-1d97-000000000700}","ProcessId":"8444","Image":"C:\\Windows\\System32\\cscript.exe","ImageLoaded":"C:\\Windows\\System32\\msvcr120.dll","FileVersion":"12.00.21005.1 built by: REL","Description":"Microsoft C Runtime Library","Product":"Microsoft Visual Studio 2013","Company":"Microsoft Corporation","OriginalFileName":"msvcr120.dll","Hashes":"SHA1=62CB65A1D79E2C5ADA0C7BFC04C18693567C90D0,MD5=9C861C079DD81762B6C54E37597B7712,SHA256=AD32240BB1DE55C3F5FCAC8789F583A17057F9D14914C538C2A7A5AD346B341C,IMPHASH=8F18E22935EF8B336E246EE763FBEC97","Signed":"true","Signature":"Microsoft Corporation","SignatureStatus":"Valid"}
{"SourceName":"Microsoft-Windows-Sysmon","ProviderGuid":"{5770385f-c22a-43e0-bf4c-06f5698ffbd9}","Level":"4","Keywords":"0x8000000000000000","Channel":"Microsoft-Windows-Sysmon/Operational","Hostname":"WORKSTATION5.theshire.local","TimeCreated":"2020-12-19T07:00:18.096Z","@timestamp":"2020-12-19T07:00:18.096Z","EventID":7,"Message":"Image loaded:\r\nRuleName: -\r\nUtcTime: 2020-12-19 12:00:18.085\r\nProcessGuid: {67e11d8c-eb52-5fdd-1d97-000000000700}\r\nProcessId: 8444\r\nImage: C:\\Windows\\System32\\cscript.exe\r\nImageLoaded: C:\\Windows\\System32\\esent.dll\r\nFileVersion: 10.0.18362.693 (WinBuild.160101.0800)\r\nDescription: Extensible Storage Engine for Microsoft(R) Windows(R)\r\nProduct: Microsoft Windows Operating System\r\nCompany: Microsoft Corporation\r\nOriginalFileName: esent.dll\r\nHashes: SHA1=6395F7F829F718CA8FF0309F22966DABE28721C9,MD5=6522483E207C1AB67BCD1A9088B5FB57,SHA256=0039E641A75F196699E8A7D7358444065E74EB2B444FB3BE7EB8E0767453316A,IMPHASH=F5E51AE05F131EE9F364B960466C9E2C\r\nSigned: true\r\nSignature: Microsoft Windows\r\nSignatureStatus: Valid","Task":"7","RuleName":"-","UtcTime":"2020-12-19 12:00:18.085","ProcessGuid":"{67e11d8c-eb52-5fdd-1d97-000000000700}","ProcessId":"8444","Image":"C:\\Windows\\System32\\cscript.exe","ImageLoaded":"C:\\Windows\\System32\\esent.dll","FileVersion":"10.0.18362.693 (WinBuild.160101.0800)","Description":"Extensible Storage Engine for Microsoft(R) Windows(R)","Product":"Microsoft Windows Operating System","Company":"Microsoft Corporation","OriginalFileName":"esent.dll","Hashes":"SHA1=6395F7F829F718CA8FF0309F22966DABE28721C9,MD5=6522483E207C1AB67BCD1A9088B5FB57,SHA256=0039E641A75F196699E8A7D7358444065E74EB2B444FB3BE7EB8E0767453316A,IMPHASH=F5E51AE05F131EE9F364B960466C9E2C","Signed":"true","Signature":"Microsoft Windows","SignatureStatus":"Valid"}
{"SourceName":"Microsoft-Windows-Sysmon","ProviderGuid":"{5770385f-c22a-43e0-bf4c-06f5698ffbd9}","Level":"4","Keywords":"0x8000000000000000","Channel":"Microsoft-Windows-Sysmon/Operational","Hostname":"WORKSTATION5.theshire.local","TimeCreated":"2020-12-19T07:00:18.096Z","@timestamp":"2020-12-19T07:00:18.096Z","EventID":7,"Message":"Image loaded:\r\nRuleName: -\r\nUtcTime: 2020-12-19 12:00:18.085\r\nProcessGuid: {67e11d8c-eb52-5fdd-1d97-000000000700}\r\nProcessId: 8444\r\nImage: C:\\Windows\\System32\\cscript.exe\r\nImageLoaded: C:\\Windows\\System32\\xmllite.dll\r\nFileVersion: 10.0.18362.295 (WinBuild.160101.0800)\r\nDescription: Microsoft XmlLite Library\r\nProduct: Microsoft Windows Operating System\r\nCompany: Microsoft Corporation\r\nOriginalFileName: XmlLite.dll\r\nHashes: SHA1=FB6ADE3D35C1626D7F5850FF769CFAFCA054B361,MD5=57AFA1814E9E233D10E292CEE05B8E75,SHA256=7A60AF81739055B478E6246D13587C3E09C53338CCD143A7C3C9A5A8F4723DCC,IMPHASH=D2E0F3F026362C9BF4BA56FA26B36D50\r\nSigned: true\r\nSignature: Microsoft Windows\r\nSignatureStatus: Valid","Task":"7","RuleName":"-","UtcTime":"2020-12-19 12:00:18.085","ProcessGuid":"{67e11d8c-eb52-5fdd-1d97-000000000700}","ProcessId":"8444","Image":"C:\\Windows\\System32\\cscript.exe","ImageLoaded":"C:\\Windows\\System32\\xmllite.dll","FileVersion":"10.0.18362.295 (WinBuild.160101.0800)","Description":"Microsoft XmlLite Library","Product":"Microsoft Windows Operating System","Company":"Microsoft Corporation","OriginalFileName":"XmlLite.dll","Hashes":"SHA1=FB6ADE3D35C1626D7F5850FF769CFAFCA054B361,MD5=57AFA1814E9E233D10E292CEE05B8E75,SHA256=7A60AF81739055B478E6246D13587C3E09C53338CCD143A7C3C9A5A8F4723DCC,IMPHASH=D2E0F3F026362C9BF4BA56FA26B36D50","Signed":"true","Signature":"Microsoft Windows","SignatureStatus":"Valid"}
{"SourceName":"Microsoft-Windows-Sysmon","ProviderGuid":"{5770385f-c22a-43e0-bf4c-06f5698ffbd9}","Level":"4","Keywords":"0x8000000000000000","Channel":"Microsoft-Windows-Sysmon/Operational","Hostname":"WORKSTATION5.theshire.local","TimeCreated":"2020-12-19T07:00:18.099Z","@timestamp":"2020-12-19T07:00:18.099Z","EventID":7,"Message":"Image loaded:\r\nRuleName: -\r\nUtcTime: 2020-12-19 12:00:18.085\r\nProcessGuid: {67e11d8c-eb52-5fdd-1d97-000000000700}\r\nProcessId: 8444\r\nImage: C:\\Windows\\System32\\cscript.exe\r\nImageLoaded: C:\\Windows\\System32\\wshom.ocx\r\nFileVersion: 5.812.10240.16384\r\nDescription: Windows Script Host Runtime Library\r\nProduct: Microsoft  Windows Script Host Runtime Library\r\nCompany: Microsoft Corporation\r\nOriginalFileName: wshom.ocx\r\nHashes: SHA1=3A0BFDF18B297643056DC6F4DFE9719247379980,MD5=96AA9F7F891FE22D545EB2493ED67489,SHA256=CC075B18C81177DCD9E874771D2B4BA39955D0DDAD834C9D07AD8BA0FB13F287,IMPHASH=1D5D47DF36CCF79B8F4542218E669C0D\r\nSigned: true\r\nSignature: Microsoft Windows\r\nSignatureStatus: Valid","Task":"7","RuleName":"-","UtcTime":"2020-12-19 12:00:18.085","ProcessGuid":"{67e11d8c-eb52-5fdd-1d97-000000000700}","ProcessId":"8444","Image":"C:\\Windows\\System32\\cscript.exe","ImageLoaded":"C:\\Windows\\System32\\wshom.ocx","FileVersion":"5.812.10240.16384","Description":"Windows Script Host Runtime Library","Product":"Microsoft  Windows Script Host Runtime Library","Company":"Microsoft Corporation","OriginalFileName":"wshom.ocx","Hashes":"SHA1=3A0BFDF18B297643056DC6F4DFE9719247379980,MD5=96AA9F7F891FE22D545EB2493ED67489,SHA256=CC075B18C81177DCD9E874771D2B4BA39955D0DDAD834C9D07AD8BA0FB13F287,IMPHASH=1D5D47DF36CCF79B8F4542218E669C0D","Signed":"true","Signature":"Microsoft Windows","SignatureStatus":"Valid"}
{"SourceName":"Microsoft-Windows-Sysmon","ProviderGuid":"{5770385f-c22a-43e0-bf4c-06f5698ffbd9}","Level":"4","Keywords":"0x8000000000000000","Channel":"Microsoft-Windows-Sysmon/Operational","Hostname":"WORKSTATION5.theshire.local","TimeCreated":"2020-12-19T07:00:18.099Z","@timestamp":"2020-12-19T07:00:18.099Z","EventID":7,"Message":"Image loaded:\r\nRuleName: -\r\nUtcTime: 2020-12-19 12:00:18.085\r\nProcessGuid: {67e11d8c-eb52-5fdd-1d97-000000000700}\r\nProcessId: 8444\r\nImage: C:\\Windows\\System32\\cscript.exe\r\nImageLoaded: C:\\Windows\\System32\\scrrun.dll\r\nFileVersion: 5.812.10240.16384\r\nDescription: Microsoft  Script Runtime\r\nProduct: Microsoft  Script Runtime\r\nCompany: Microsoft Corporation\r\nOriginalFileName: scrrun.dll\r\nHashes: SHA1=89B8653AC5DFCA3641B7F96E7920098D9F5580CE,MD5=7ADCFEE741DF22DA4740A23AAA12FC95,SHA256=C13F473DE12DB05364B565E3E4D5E4E1A97B942B6CC49C38C8974C2D49C9CAB1,IMPHASH=F90736BF92CC46B1B7699517D14BF2CD\r\nSigned: true\r\nSignature: Microsoft Windows\r\nSignatureStatus: Valid","Task":"7","RuleName":"-","UtcTime":"2020-12-19 12:00:18.085","ProcessGuid":"{67e11d8c-eb52-5fdd-1d97-000000000700}","ProcessId":"8444","Image":"C:\\Windows\\System32\\cscript.exe","ImageLoaded":"C:\\Windows\\System32\\scrrun.dll","FileVersion":"5.812.10240.16384","Description":"Microsoft  Script Runtime","Product":"Microsoft  Script Runtime","Company":"Microsoft Corporation","OriginalFileName":"scrrun.dll","Hashes":"SHA1=89B8653AC5DFCA3641B7F96E7920098D9F5580CE,MD5=7ADCFEE741DF22DA4740A23AAA12FC95,SHA256=C13F473DE12DB05364B565E3E4D5E4E1A97B942B6CC49C38C8974C2D49C9CAB1,IMPHASH=F90736BF92CC46B1B7699517D14BF2CD","Signed":"true","Signature":"Microsoft Windows","SignatureStatus":"Valid"}
{"SourceName":"Microsoft-Windows-Sysmon","ProviderGuid":"{5770385f-c22a-43e0-bf4c-06f5698ffbd9}","Level":"4","Keywords":"0x8000000000000000","Channel":"Microsoft-Windows-Sysmon/Operational","Hostname":"WORKSTATION5.theshire.local","TimeCreated":"2020-12-19T07:00:18.100Z","@timestamp":"2020-12-19T07:00:18.100Z","EventID":7,"Message":"Image loaded:\r\nRuleName: -\r\nUtcTime: 2020-12-19 12:00:18.085\r\nProcessGuid: {67e11d8c-eb52-5fdd-1d97-000000000700}\r\nProcessId: 8444\r\nImage: C:\\Windows\\System32\\cscript.exe\r\nImageLoaded: C:\\Windows\\System32\\mpr.dll\r\nFileVersion: 10.0.18362.1 (WinBuild.160101.0800)\r\nDescription: Multiple Provider Router DLL\r\nProduct: Microsoft Windows Operating System\r\nCompany: Microsoft Corporation\r\nOriginalFileName: mpr.dll\r\nHashes: SHA1=48DA5041305C0597E39338E97F10B18C4DF84075,MD5=7CE9D034ED633FF213BABC432DEFFC9E,SHA256=14B0BE646D4B5137B39F921FF891E10046C517A930E60EFED717DC33F1857E50,IMPHASH=A49478069FECE515641415AA10A41618\r\nSigned: true\r\nSignature: Microsoft Windows\r\nSignatureStatus: Valid","Task":"7","RuleName":"-","UtcTime":"2020-12-19 12:00:18.085","ProcessGuid":"{67e11d8c-eb52-5fdd-1d97-000000000700}","ProcessId":"8444","Image":"C:\\Windows\\System32\\cscript.exe","ImageLoaded":"C:\\Windows\\System32\\mpr.dll","FileVersion":"10.0.18362.1 (WinBuild.160101.0800)","Description":"Multiple Provider Router DLL","Product":"Microsoft Windows Operating System","Company":"Microsoft Corporation","OriginalFileName":"mpr.dll","Hashes":"SHA1=48DA5041305C0597E39338E97F10B18C4DF84075,MD5=7CE9D034ED633FF213BABC432DEFFC9E,SHA256=14B0BE646D4B5137B39F921FF891E10046C517A930E60EFED717DC33F1857E50,IMPHASH=A49478069FECE515641415AA10A41618","Signed":"true","Signature":"Microsoft Windows","SignatureStatus":"Valid"}
{"SourceName":"Microsoft-Windows-Sysmon","ProviderGuid":"{5770385f-c22a-43e0-bf4c-06f5698ffbd9}","Level":"4","Keywords":"0x8000000000000000","Channel":"Microsoft-Windows-Sysmon/Operational","Hostname":"WORKSTATION5.theshire.local","TimeCreated":"2020-12-19T07:00:18.102Z","@timestamp":"2020-12-19T07:00:18.102Z","EventID":7,"Message":"Image loaded:\r\nRuleName: -\r\nUtcTime: 2020-12-19 12:00:18.101\r\nProcessGuid: {67e11d8c-eb52-5fdd-1d97-000000000700}\r\nProcessId: 8444\r\nImage: C:\\Windows\\System32\\cscript.exe\r\nImageLoaded: C:\\Windows\\System32\\msxml6.dll\r\nFileVersion: 6.30.18362.1110\r\nDescription: MSXML 6.0\r\nProduct: Microsoft XML Core Services\r\nCompany: Microsoft Corporation\r\nOriginalFileName: MSXML6.dll\r\nHashes: SHA1=4B22C27D612566B6117CD881A6819473A3944113,MD5=8B1AB4A268D2E35104C852BD134685F9,SHA256=652AA12AE05987CC5F5051E361B4ACD98822D8C980147EBEC89A462FEE92B09D,IMPHASH=710151239A53A1AF126E16EC22DE421E\r\nSigned: true\r\nSignature: Microsoft Windows\r\nSignatureStatus: Valid","Task":"7","RuleName":"-","UtcTime":"2020-12-19 12:00:18.101","ProcessGuid":"{67e11d8c-eb52-5fdd-1d97-000000000700}","ProcessId":"8444","Image":"C:\\Windows\\System32\\cscript.exe","ImageLoaded":"C:\\Windows\\System32\\msxml6.dll","FileVersion":"6.30.18362.1110","Description":"MSXML 6.0","Product":"Microsoft XML Core Services","Company":"Microsoft Corporation","OriginalFileName":"MSXML6.dll","Hashes":"SHA1=4B22C27D612566B6117CD881A6819473A3944113,MD5=8B1AB4A268D2E35104C852BD134685F9,SHA256=652AA12AE05987CC5F5051E361B4ACD98822D8C980147EBEC89A462FEE92B09D,IMPHASH=710151239A53A1AF126E16EC22DE421E","Signed":"true","Signature":"Microsoft Windows","SignatureStatus":"Valid"}
{"SourceName":"Microsoft-Windows-Sysmon","ProviderGuid":"{5770385f-c22a-43e0-bf4c-06f5698ffbd9}","Level":"4","Keywords":"0x8000000000000000","Channel":"Microsoft-Windows-Sysmon/Operational","Hostname":"WORKSTATION5.theshire.local","TimeCreated":"2020-12-19T07:00:18.106Z","@timestamp":"2020-12-19T07:00:18.106Z","EventID":5,"Message":"Process terminated:\r\nRuleName: -\r\nUtcTime: 2020-12-19 12:00:18.101\r\nProcessGuid: {67e11d8c-eb52-5fdd-1d97-000000000700}\r\nProcessId: 8444\r\nImage: C:\\Windows\\System32\\cscript.exe","Task":"5","RuleName":"-","UtcTime":"2020-12-19 12:00:18.101","ProcessGuid":"{67e11d8c-eb52-5fdd-1d97-000000000700}","ProcessId":"8444","Image":"C:\\Windows\\System32\\cscript.exe"}
{"SourceName":"Microsoft-Windows-Sysmon","ProviderGuid":"{5770385f-c22a-43e0-bf4c-06f5698ffbd9}","Level":"4","Keywords":"0x8000000000000000","Channel":"Microsoft-Windows-Sysmon/Operational","Hostname":"WORKSTATION5.theshire.local","TimeCreated":"2020-12-19T07:00:18.110Z","@timestamp":"2020-12-19T07:00:18.110Z","EventID":5,"Message":"Process terminated:\r\nRuleName: -\r\nUtcTime: 2020-12-19 12:00:18.101\r\nProcessGuid: {67e11d8c-eb52-5fdd-1e97-000000000700}\r\nProcessId: 7840\r\nImage: C:\\Windows\\System32\\conhost.exe","Task":"5","RuleName":"-","UtcTime":"2020-12-19 12:00:18.101","ProcessGuid":"{67e11d8c-eb52-5fdd-1e97-000000000700}","ProcessId":"7840","Image":"C:\\Windows\\System32\\conhost.exe"}
{"SourceName":"Microsoft-Windows-Sysmon","ProviderGuid":"{5770385f-c22a-43e0-bf4c-06f5698ffbd9}","Level":"4","Keywords":"0x8000000000000000","Channel":"Microsoft-Windows-Sysmon/Operational","Hostname":"WORKSTATION5.theshire.local","TimeCreated":"2020-12-19T07:00:18.479Z","@timestamp":"2020-12-19T07:00:18.479Z","EventID":10,"Message":"Process accessed:\r\nRuleName: -\r\nUtcTime: 2020-12-19 12:00:18.478\r\nSourceProcessGUID: {67e11d8c-876a-5fd0-1000-000000000700}\r\nSourceProcessId: 932\r\nSourceThreadId: 400\r\nSourceImage: C:\\windows\\system32\\svchost.exe\r\nTargetProcessGUID: {67e11d8c-781f-5fd2-8714-000000000700}\r\nTargetProcessId: 8140\r\nTargetImage: C:\\Windows\\SystemApps\\InputApp_cw5n1h2txyewy\\WindowsInternal.ComposableShell.Experiences.TextInput.InputApp.exe\r\nGrantedAccess: 0x1000\r\nCallTrace: C:\\windows\\SYSTEM32\\ntdll.dll+9cbb4|C:\\windows\\SYSTEM32\\psmserviceexthost.dll+222a3|C:\\windows\\SYSTEM32\\psmserviceexthost.dll+37ea0|C:\\windows\\SYSTEM32\\psmserviceexthost.dll+37929|C:\\windows\\SYSTEM32\\psmserviceexthost.dll+686f8|C:\\windows\\SYSTEM32\\psmserviceexthost.dll+6e84a|C:\\windows\\SYSTEM32\\psmserviceexthost.dll+6f700|C:\\windows\\SYSTEM32\\psmserviceexthost.dll+34be4|C:\\windows\\SYSTEM32\\psmserviceexthost.dll+6f63e|C:\\windows\\SYSTEM32\\psmserviceexthost.dll+713b5|C:\\windows\\SYSTEM32\\psmserviceexthost.dll+50bda|C:\\windows\\SYSTEM32\\psmserviceexthost.dll+4500a|C:\\windows\\System32\\KERNEL32.DLL+17c24|C:\\windows\\SYSTEM32\\ntdll.dll+6d4d1","Task":"10","RuleName":"-","UtcTime":"2020-12-19 12:00:18.478","SourceProcessGUID":"{67e11d8c-876a-5fd0-1000-000000000700}","SourceProcessId":"932","SourceThreadId":"400","SourceImage":"C:\\windows\\system32\\svchost.exe","TargetProcessGUID":"{67e11d8c-781f-5fd2-8714-000000000700}","TargetProcessId":"8140","TargetImage":"C:\\Windows\\SystemApps\\InputApp_cw5n1h2txyewy\\WindowsInternal.ComposableShell.Experiences.TextInput.InputApp.exe","GrantedAccess":"0x1000","CallTrace":"C:\\windows\\SYSTEM32\\ntdll.dll+9cbb4|C:\\windows\\SYSTEM32\\psmserviceexthost.dll+222a3|C:\\windows\\SYSTEM32\\psmserviceexthost.dll+37ea0|C:\\windows\\SYSTEM32\\psmserviceexthost.dll+37929|C:\\windows\\SYSTEM32\\psmserviceexthost.dll+686f8|C:\\windows\\SYSTEM32\\psmserviceexthost.dll+6e84a|C:\\windows\\SYSTEM32\\psmserviceexthost.dll+6f700|C:\\windows\\SYSTEM32\\psmserviceexthost.dll+34be4|C:\\windows\\SYSTEM32\\psmserviceexthost.dll+6f63e|C:\\windows\\SYSTEM32\\psmserviceexthost.dll+713b5|C:\\windows\\SYSTEM32\\psmserviceexthost.dll+50bda|C:\\windows\\SYSTEM32\\psmserviceexthost.dll+4500a|C:\\windows\\System32\\KERNEL32.DLL+17c24|C:\\windows\\SYSTEM32\\ntdll.dll+6d4d1"}
{"SourceName":"Microsoft-Windows-Sysmon","ProviderGuid":"{5770385f-c22a-43e0-bf4c-06f5698ffbd9}","Level":"4","Keywords":"0x8000000000000000","Channel":"Microsoft-Windows-Sysmon/Operational","Hostname":"WORKSTATION5.theshire.local","TimeCreated":"2020-12-19T07:00:19.446Z","@timestamp":"2020-12-19T07:00:19.446Z","EventID":11,"Message":"File created:\r\nRuleName: -\r\nUtcTime: 2020-12-19 12:00:19.445\r\nProcessGuid: {67e11d8c-876e-5fd0-2900-000000000700}\r\nProcessId: 1824\r\nImage: C:\\windows\\System32\\svchost.exe\r\nTargetFilename: C:\\Windows\\ServiceState\\EventLog\\Data\\lastalive1.dat\r\nCreationUtcTime: 2020-12-09 08:15:38.973","Task":"11","RuleName":"-","UtcTime":"2020-12-19 12:00:19.445","ProcessGuid":"{67e11d8c-876e-5fd0-2900-000000000700}","ProcessId":"1824","Image":"C:\\windows\\System32\\svchost.exe","TargetFilename":"C:\\Windows\\ServiceState\\EventLog\\Data\\lastalive1.dat","CreationUtcTime":"2020-12-09 08:15:38.973"}
{"SourceName":"Microsoft-Windows-Sysmon","ProviderGuid":"{5770385f-c22a-43e0-bf4c-06f5698ffbd9}","Level":"4","Keywords":"0x8000000000000000","Channel":"Microsoft-Windows-Sysmon/Operational","Hostname":"WORKSTATION5.theshire.local","TimeCreated":"2020-12-19T07:00:19.493Z","@timestamp":"2020-12-19T07:00:19.493Z","EventID":10,"Message":"Process accessed:\r\nRuleName: -\r\nUtcTime: 2020-12-19 12:00:19.491\r\nSourceProcessGUID: {67e11d8c-876a-5fd0-1000-000000000700}\r\nSourceProcessId: 932\r\nSourceThreadId: 400\r\nSourceImage: C:\\windows\\system32\\svchost.exe\r\nTargetProcessGUID: {67e11d8c-781f-5fd2-8714-000000000700}\r\nTargetProcessId: 8140\r\nTargetImage: C:\\Windows\\SystemApps\\InputApp_cw5n1h2txyewy\\WindowsInternal.ComposableShell.Experiences.TextInput.InputApp.exe\r\nGrantedAccess: 0x1000\r\nCallTrace: C:\\windows\\SYSTEM32\\ntdll.dll+9cbb4|C:\\windows\\SYSTEM32\\psmserviceexthost.dll+222a3|C:\\windows\\SYSTEM32\\psmserviceexthost.dll+37ea0|C:\\windows\\SYSTEM32\\psmserviceexthost.dll+37929|C:\\windows\\SYSTEM32\\psmserviceexthost.dll+686f8|C:\\windows\\SYSTEM32\\psmserviceexthost.dll+6e84a|C:\\windows\\SYSTEM32\\psmserviceexthost.dll+6f700|C:\\windows\\SYSTEM32\\psmserviceexthost.dll+34be4|C:\\windows\\SYSTEM32\\psmserviceexthost.dll+6f63e|C:\\windows\\SYSTEM32\\psmserviceexthost.dll+713b5|C:\\windows\\SYSTEM32\\psmserviceexthost.dll+50bda|C:\\windows\\SYSTEM32\\psmserviceexthost.dll+4500a|C:\\windows\\System32\\KERNEL32.DLL+17c24|C:\\windows\\SYSTEM32\\ntdll.dll+6d4d1","Task":"10","RuleName":"-","UtcTime":"2020-12-19 12:00:19.491","SourceProcessGUID":"{67e11d8c-876a-5fd0-1000-000000000700}","SourceProcessId":"932","SourceThreadId":"400","SourceImage":"C:\\windows\\system32\\svchost.exe","TargetProcessGUID":"{67e11d8c-781f-5fd2-8714-000000000700}","TargetProcessId":"8140","TargetImage":"C:\\Windows\\SystemApps\\InputApp_cw5n1h2txyewy\\WindowsInternal.ComposableShell.Experiences.TextInput.InputApp.exe","GrantedAccess":"0x1000","CallTrace":"C:\\windows\\SYSTEM32\\ntdll.dll+9cbb4|C:\\windows\\SYSTEM32\\psmserviceexthost.dll+222a3|C:\\windows\\SYSTEM32\\psmserviceexthost.dll+37ea0|C:\\windows\\SYSTEM32\\psmserviceexthost.dll+37929|C:\\windows\\SYSTEM32\\psmserviceexthost.dll+686f8|C:\\windows\\SYSTEM32\\psmserviceexthost.dll+6e84a|C:\\windows\\SYSTEM32\\psmserviceexthost.dll+6f700|C:\\windows\\SYSTEM32\\psmserviceexthost.dll+34be4|C:\\windows\\SYSTEM32\\psmserviceexthost.dll+6f63e|C:\\windows\\SYSTEM32\\psmserviceexthost.dll+713b5|C:\\windows\\SYSTEM32\\psmserviceexthost.dll+50bda|C:\\windows\\SYSTEM32\\psmserviceexthost.dll+4500a|C:\\windows\\System32\\KERNEL32.DLL+17c24|C:\\windows\\SYSTEM32\\ntdll.dll+6d4d1"}
{"SourceName":"Microsoft-Windows-Sysmon","ProviderGuid":"{5770385f-c22a-43e0-bf4c-06f5698ffbd9}","Level":"4","Keywords":"0x8000000000000000","Channel":"Microsoft-Windows-Sysmon/Operational","Hostname":"WORKSTATION5.theshire.local","TimeCreated":"2020-12-19T07:00:19.626Z","@timestamp":"2020-12-19T07:00:19.626Z","EventID":10,"Message":"Process accessed:\r\nRuleName: -\r\nUtcTime: 2020-12-19 12:00:19.616\r\nSourceProcessGUID: {67e11d8c-876a-5fd0-1200-000000000700}\r\nSourceProcessId: 64\r\nSourceThreadId: 6312\r\nSourceImage: C:\\windows\\system32\\svchost.exe\r\nTargetProcessGUID: {67e11d8c-8772-5fd0-4b00-000000000700}\r\nTargetProcessId: 3076\r\nTargetImage: C:\\windows\\Sysmon.exe\r\nGrantedAccess: 0x1000\r\nCallTrace: C:\\windows\\SYSTEM32\\ntdll.dll+9cbb4|C:\\windows\\System32\\KERNELBASE.dll+6af15|c:\\windows\\system32\\lsm.dll+111b6|C:\\windows\\System32\\RPCRT4.dll+76ba3|C:\\windows\\System32\\RPCRT4.dll+da036|C:\\windows\\System32\\RPCRT4.dll+37b7c|C:\\windows\\System32\\RPCRT4.dll+549f8|C:\\windows\\System32\\RPCRT4.dll+2c9b1|C:\\windows\\System32\\RPCRT4.dll+2c26b|C:\\windows\\System32\\RPCRT4.dll+1a8cf|C:\\windows\\System32\\RPCRT4.dll+19d7a|C:\\windows\\System32\\RPCRT4.dll+19361|C:\\windows\\System32\\RPCRT4.dll+18dce|C:\\windows\\System32\\RPCRT4.dll+16a05|C:\\windows\\SYSTEM32\\ntdll.dll+333ed|C:\\windows\\SYSTEM32\\ntdll.dll+34142|C:\\windows\\System32\\KERNEL32.DLL+17c24|C:\\windows\\SYSTEM32\\ntdll.dll+6d4d1","Task":"10","RuleName":"-","UtcTime":"2020-12-19 12:00:19.616","SourceProcessGUID":"{67e11d8c-876a-5fd0-1200-000000000700}","SourceProcessId":"64","SourceThreadId":"6312","SourceImage":"C:\\windows\\system32\\svchost.exe","TargetProcessGUID":"{67e11d8c-8772-5fd0-4b00-000000000700}","TargetProcessId":"3076","TargetImage":"C:\\windows\\Sysmon.exe","GrantedAccess":"0x1000","CallTrace":"C:\\windows\\SYSTEM32\\ntdll.dll+9cbb4|C:\\windows\\System32\\KERNELBASE.dll+6af15|c:\\windows\\system32\\lsm.dll+111b6|C:\\windows\\System32\\RPCRT4.dll+76ba3|C:\\windows\\System32\\RPCRT4.dll+da036|C:\\windows\\System32\\RPCRT4.dll+37b7c|C:\\windows\\System32\\RPCRT4.dll+549f8|C:\\windows\\System32\\RPCRT4.dll+2c9b1|C:\\windows\\System32\\RPCRT4.dll+2c26b|C:\\windows\\System32\\RPCRT4.dll+1a8cf|C:\\windows\\System32\\RPCRT4.dll+19d7a|C:\\windows\\System32\\RPCRT4.dll+19361|C:\\windows\\System32\\RPCRT4.dll+18dce|C:\\windows\\System32\\RPCRT4.dll+16a05|C:\\windows\\SYSTEM32\\ntdll.dll+333ed|C:\\windows\\SYSTEM32\\ntdll.dll+34142|C:\\windows\\System32\\KERNEL32.DLL+17c24|C:\\windows\\SYSTEM32\\ntdll.dll+6d4d1"}
{"SourceName":"Microsoft-Windows-Sysmon","ProviderGuid":"{5770385f-c22a-43e0-bf4c-06f5698ffbd9}","Level":"4","Keywords":"0x8000000000000000","Channel":"Microsoft-Windows-Sysmon/Operational","Hostname":"WORKSTATION5.theshire.local","TimeCreated":"2020-12-19T07:00:19.627Z","@timestamp":"2020-12-19T07:00:19.627Z","EventID":10,"Message":"Process accessed:\r\nRuleName: -\r\nUtcTime: 2020-12-19 12:00:19.616\r\nSourceProcessGUID: {67e11d8c-876a-5fd0-1200-000000000700}\r\nSourceProcessId: 64\r\nSourceThreadId: 6312\r\nSourceImage: C:\\windows\\system32\\svchost.exe\r\nTargetProcessGUID: {67e11d8c-8772-5fd0-4b00-000000000700}\r\nTargetProcessId: 3076\r\nTargetImage: C:\\windows\\Sysmon.exe\r\nGrantedAccess: 0x1000\r\nCallTrace: C:\\windows\\SYSTEM32\\ntdll.dll+9cbb4|C:\\windows\\System32\\KERNELBASE.dll+6af15|c:\\windows\\system32\\lsm.dll+111b6|C:\\windows\\System32\\RPCRT4.dll+76ba3|C:\\windows\\System32\\RPCRT4.dll+da036|C:\\windows\\System32\\RPCRT4.dll+37b7c|C:\\windows\\System32\\RPCRT4.dll+549f8|C:\\windows\\System32\\RPCRT4.dll+2c9b1|C:\\windows\\System32\\RPCRT4.dll+2c26b|C:\\windows\\System32\\RPCRT4.dll+1a8cf|C:\\windows\\System32\\RPCRT4.dll+19d7a|C:\\windows\\System32\\RPCRT4.dll+19361|C:\\windows\\System32\\RPCRT4.dll+18dce|C:\\windows\\System32\\RPCRT4.dll+16a05|C:\\windows\\SYSTEM32\\ntdll.dll+333ed|C:\\windows\\SYSTEM32\\ntdll.dll+34142|C:\\windows\\System32\\KERNEL32.DLL+17c24|C:\\windows\\SYSTEM32\\ntdll.dll+6d4d1","Task":"10","RuleName":"-","UtcTime":"2020-12-19 12:00:19.616","SourceProcessGUID":"{67e11d8c-876a-5fd0-1200-000000000700}","SourceProcessId":"64","SourceThreadId":"6312","SourceImage":"C:\\windows\\system32\\svchost.exe","TargetProcessGUID":"{67e11d8c-8772-5fd0-4b00-000000000700}","TargetProcessId":"3076","TargetImage":"C:\\windows\\Sysmon.exe","GrantedAccess":"0x1000","CallTrace":"C:\\windows\\SYSTEM32\\ntdll.dll+9cbb4|C:\\windows\\System32\\KERNELBASE.dll+6af15|c:\\windows\\system32\\lsm.dll+111b6|C:\\windows\\System32\\RPCRT4.dll+76ba3|C:\\windows\\System32\\RPCRT4.dll+da036|C:\\windows\\System32\\RPCRT4.dll+37b7c|C:\\windows\\System32\\RPCRT4.dll+549f8|C:\\windows\\System32\\RPCRT4.dll+2c9b1|C:\\windows\\System32\\RPCRT4.dll+2c26b|C:\\windows\\System32\\RPCRT4.dll+1a8cf|C:\\windows\\System32\\RPCRT4.dll+19d7a|C:\\windows\\System32\\RPCRT4.dll+19361|C:\\windows\\System32\\RPCRT4.dll+18dce|C:\\windows\\System32\\RPCRT4.dll+16a05|C:\\windows\\SYSTEM32\\ntdll.dll+333ed|C:\\windows\\SYSTEM32\\ntdll.dll+34142|C:\\windows\\System32\\KERNEL32.DLL+17c24|C:\\windows\\SYSTEM32\\ntdll.dll+6d4d1"}
{"SourceName":"Microsoft-Windows-Sysmon","ProviderGuid":"{5770385f-c22a-43e0-bf4c-06f5698ffbd9}","Level":"4","Keywords":"0x8000000000000000","Channel":"Microsoft-Windows-Sysmon/Operational","Hostname":"WORKSTATION5.theshire.local","TimeCreated":"2020-12-19T07:00:19.628Z","@timestamp":"2020-12-19T07:00:19.628Z","EventID":24,"Message":"Clipboard changed:\r\nRuleName: -\r\nUtcTime: 2020-12-19 12:00:19.616\r\nProcessGuid: {67e11d8c-e2c7-5fdd-a596-000000000700}\r\nProcessId: 1140\r\nImage: C:\\Windows\\System32\\WindowsPowerShell\\v1.0\\powershell.exe\r\nSession: 2\r\nClientInfo: user: THESHIRE\\pgustavo hostname: robertos-mbp\r\nHashes: SHA1=DA39A3EE5E6B4B0D3255BFEF95601890AFD80709,MD5=D41D8CD98F00B204E9800998ECF8427E,SHA256=E3B0C44298FC1C149AFBF4C8996FB92427AE41E4649B934CA495991B7852B855,IMPHASH=00000000000000000000000000000000\r\nArchived: true","Task":"24","RuleName":"-","UtcTime":"2020-12-19 12:00:19.616","ProcessGuid":"{67e11d8c-e2c7-5fdd-a596-000000000700}","ProcessId":"1140","Image":"C:\\Windows\\System32\\WindowsPowerShell\\v1.0\\powershell.exe","Session":"2","ClientInfo":"user: THESHIRE\\pgustavo hostname: robertos-mbp","Hashes":"SHA1=DA39A3EE5E6B4B0D3255BFEF95601890AFD80709,MD5=D41D8CD98F00B204E9800998ECF8427E,SHA256=E3B0C44298FC1C149AFBF4C8996FB92427AE41E4649B934CA495991B7852B855,IMPHASH=00000000000000000000000000000000","Archived":"true"}
{"SourceName":"Microsoft-Windows-Sysmon","ProviderGuid":"{5770385f-c22a-43e0-bf4c-06f5698ffbd9}","Level":"4","Keywords":"0x8000000000000000","Channel":"Microsoft-Windows-Sysmon/Operational","Hostname":"WORKSTATION5.theshire.local","TimeCreated":"2020-12-19T07:00:19.824Z","@timestamp":"2020-12-19T07:00:19.824Z","EventID":10,"Message":"Process accessed:\r\nRuleName: -\r\nUtcTime: 2020-12-19 12:00:19.820\r\nSourceProcessGUID: {67e11d8c-77f7-5fd2-6814-000000000700}\r\nSourceProcessId: 772\r\nSourceThreadId: 4732\r\nSourceImage: C:\\windows\\system32\\svchost.exe\r\nTargetProcessGUID: {67e11d8c-e2c7-5fdd-a596-000000000700}\r\nTargetProcessId: 1140\r\nTargetImage: C:\\Windows\\System32\\WindowsPowerShell\\v1.0\\powershell.exe\r\nGrantedAccess: 0x1000\r\nCallTrace: C:\\windows\\SYSTEM32\\ntdll.dll+9cbb4|C:\\windows\\System32\\KERNELBASE.dll+305fe|c:\\windows\\system32\\cbdhsvc.dll+b5270|c:\\windows\\system32\\cbdhsvc.dll+1f138|c:\\windows\\system32\\cbdhsvc.dll+1ea7e|c:\\windows\\system32\\cbdhsvc.dll+1f872|c:\\windows\\system32\\cbdhsvc.dll+4139a|c:\\windows\\system32\\cbdhsvc.dll+3f157|c:\\windows\\system32\\cbdhsvc.dll+3e6b6|C:\\windows\\System32\\shcore.dll+1a1d9|C:\\windows\\System32\\shcore.dll+19f74|C:\\windows\\System32\\shcore.dll+19041|C:\\windows\\System32\\KERNEL32.DLL+17c24|C:\\windows\\SYSTEM32\\ntdll.dll+6d4d1","Task":"10","RuleName":"-","UtcTime":"2020-12-19 12:00:19.820","SourceProcessGUID":"{67e11d8c-77f7-5fd2-6814-000000000700}","SourceProcessId":"772","SourceThreadId":"4732","SourceImage":"C:\\windows\\system32\\svchost.exe","TargetProcessGUID":"{67e11d8c-e2c7-5fdd-a596-000000000700}","TargetProcessId":"1140","TargetImage":"C:\\Windows\\System32\\WindowsPowerShell\\v1.0\\powershell.exe","GrantedAccess":"0x1000","CallTrace":"C:\\windows\\SYSTEM32\\ntdll.dll+9cbb4|C:\\windows\\System32\\KERNELBASE.dll+305fe|c:\\windows\\system32\\cbdhsvc.dll+b5270|c:\\windows\\system32\\cbdhsvc.dll+1f138|c:\\windows\\system32\\cbdhsvc.dll+1ea7e|c:\\windows\\system32\\cbdhsvc.dll+1f872|c:\\windows\\system32\\cbdhsvc.dll+4139a|c:\\windows\\system32\\cbdhsvc.dll+3f157|c:\\windows\\system32\\cbdhsvc.dll+3e6b6|C:\\windows\\System32\\shcore.dll+1a1d9|C:\\windows\\System32\\shcore.dll+19f74|C:\\windows\\System32\\shcore.dll+19041|C:\\windows\\System32\\KERNEL32.DLL+17c24|C:\\windows\\SYSTEM32\\ntdll.dll+6d4d1"}
{"SourceName":"Microsoft-Windows-Sysmon","ProviderGuid":"{5770385f-c22a-43e0-bf4c-06f5698ffbd9}","Level":"4","Keywords":"0x8000000000000000","Channel":"Microsoft-Windows-Sysmon/Operational","Hostname":"WORKSTATION5.theshire.local","TimeCreated":"2020-12-19T07:00:19.824Z","@timestamp":"2020-12-19T07:00:19.824Z","EventID":10,"Message":"Process accessed:\r\nRuleName: -\r\nUtcTime: 2020-12-19 12:00:19.820\r\nSourceProcessGUID: {67e11d8c-77f7-5fd2-6814-000000000700}\r\nSourceProcessId: 772\r\nSourceThreadId: 4728\r\nSourceImage: C:\\windows\\system32\\svchost.exe\r\nTargetProcessGUID: {67e11d8c-e2c7-5fdd-a596-000000000700}\r\nTargetProcessId: 1140\r\nTargetImage: C:\\Windows\\System32\\WindowsPowerShell\\v1.0\\powershell.exe\r\nGrantedAccess: 0x1000\r\nCallTrace: C:\\windows\\SYSTEM32\\ntdll.dll+9cbb4|C:\\windows\\System32\\KERNELBASE.dll+305fe|c:\\windows\\system32\\cbdhsvc.dll+2049d|C:\\windows\\System32\\shcore.dll+1a1d9|C:\\windows\\System32\\shcore.dll+19f74|C:\\windows\\System32\\shcore.dll+19041|C:\\windows\\System32\\KERNEL32.DLL+17c24|C:\\windows\\SYSTEM32\\ntdll.dll+6d4d1","Task":"10","RuleName":"-","UtcTime":"2020-12-19 12:00:19.820","SourceProcessGUID":"{67e11d8c-77f7-5fd2-6814-000000000700}","SourceProcessId":"772","SourceThreadId":"4728","SourceImage":"C:\\windows\\system32\\svchost.exe","TargetProcessGUID":"{67e11d8c-e2c7-5fdd-a596-000000000700}","TargetProcessId":"1140","TargetImage":"C:\\Windows\\System32\\WindowsPowerShell\\v1.0\\powershell.exe","GrantedAccess":"0x1000","CallTrace":"C:\\windows\\SYSTEM32\\ntdll.dll+9cbb4|C:\\windows\\System32\\KERNELBASE.dll+305fe|c:\\windows\\system32\\cbdhsvc.dll+2049d|C:\\windows\\System32\\shcore.dll+1a1d9|C:\\windows\\System32\\shcore.dll+19f74|C:\\windows\\System32\\shcore.dll+19041|C:\\windows\\System32\\KERNEL32.DLL+17c24|C:\\windows\\SYSTEM32\\ntdll.dll+6d4d1"}
{"SourceName":"Microsoft-Windows-Sysmon","ProviderGuid":"{5770385f-c22a-43e0-bf4c-06f5698ffbd9}","Level":"4","Keywords":"0x8000000000000000","Channel":"Microsoft-Windows-Sysmon/Operational","Hostname":"WORKSTATION5.theshire.local","TimeCreated":"2020-12-19T07:00:19.825Z","@timestamp":"2020-12-19T07:00:19.825Z","EventID":10,"Message":"Process accessed:\r\nRuleName: -\r\nUtcTime: 2020-12-19 12:00:19.820\r\nSourceProcessGUID: {67e11d8c-77f7-5fd2-6814-000000000700}\r\nSourceProcessId: 772\r\nSourceThreadId: 4728\r\nSourceImage: C:\\windows\\system32\\svchost.exe\r\nTargetProcessGUID: {67e11d8c-e2c7-5fdd-a596-000000000700}\r\nTargetProcessId: 1140\r\nTargetImage: C:\\Windows\\System32\\WindowsPowerShell\\v1.0\\powershell.exe\r\nGrantedAccess: 0x1000\r\nCallTrace: C:\\windows\\SYSTEM32\\ntdll.dll+9cbb4|C:\\windows\\System32\\KERNELBASE.dll+305fe|C:\\Windows\\System32\\appresolver.dll+221c5|C:\\Windows\\System32\\appresolver.dll+1edcc|c:\\windows\\system32\\cbdhsvc.dll+205a4|C:\\windows\\System32\\shcore.dll+1a1d9|C:\\windows\\System32\\shcore.dll+19f74|C:\\windows\\System32\\shcore.dll+19041|C:\\windows\\System32\\KERNEL32.DLL+17c24|C:\\windows\\SYSTEM32\\ntdll.dll+6d4d1","Task":"10","RuleName":"-","UtcTime":"2020-12-19 12:00:19.820","SourceProcessGUID":"{67e11d8c-77f7-5fd2-6814-000000000700}","SourceProcessId":"772","SourceThreadId":"4728","SourceImage":"C:\\windows\\system32\\svchost.exe","TargetProcessGUID":"{67e11d8c-e2c7-5fdd-a596-000000000700}","TargetProcessId":"1140","TargetImage":"C:\\Windows\\System32\\WindowsPowerShell\\v1.0\\powershell.exe","GrantedAccess":"0x1000","CallTrace":"C:\\windows\\SYSTEM32\\ntdll.dll+9cbb4|C:\\windows\\System32\\KERNELBASE.dll+305fe|C:\\Windows\\System32\\appresolver.dll+221c5|C:\\Windows\\System32\\appresolver.dll+1edcc|c:\\windows\\system32\\cbdhsvc.dll+205a4|C:\\windows\\System32\\shcore.dll+1a1d9|C:\\windows\\System32\\shcore.dll+19f74|C:\\windows\\System32\\shcore.dll+19041|C:\\windows\\System32\\KERNEL32.DLL+17c24|C:\\windows\\SYSTEM32\\ntdll.dll+6d4d1"}
{"SourceName":"Microsoft-Windows-Sysmon","ProviderGuid":"{5770385f-c22a-43e0-bf4c-06f5698ffbd9}","Level":"4","Keywords":"0x8000000000000000","Channel":"Microsoft-Windows-Sysmon/Operational","Hostname":"WORKSTATION5.theshire.local","TimeCreated":"2020-12-19T07:00:19.827Z","@timestamp":"2020-12-19T07:00:19.827Z","EventID":10,"Message":"Process accessed:\r\nRuleName: -\r\nUtcTime: 2020-12-19 12:00:19.820\r\nSourceProcessGUID: {67e11d8c-87b9-5fd0-9e00-000000000700}\r\nSourceProcessId: 2384\r\nSourceThreadId: 8708\r\nSourceImage: C:\\windows\\system32\\svchost.exe\r\nTargetProcessGUID: {67e11d8c-77f7-5fd2-6814-000000000700}\r\nTargetProcessId: 772\r\nTargetImage: C:\\windows\\system32\\svchost.exe\r\nGrantedAccess: 0x1000\r\nCallTrace: C:\\windows\\SYSTEM32\\ntdll.dll+9d784|C:\\windows\\System32\\RPCRT4.dll+2d354|C:\\windows\\System32\\combase.dll+be11b|c:\\windows\\system32\\windows.staterepository.dll+223f5|c:\\windows\\system32\\windows.staterepository.dll+29f20|C:\\windows\\System32\\RPCRT4.dll+76ba3|C:\\windows\\System32\\RPCRT4.dll+da036|C:\\windows\\System32\\RPCRT4.dll+383b9|C:\\windows\\System32\\combase.dll+a8233|C:\\windows\\System32\\RPCRT4.dll+59bab|C:\\windows\\System32\\combase.dll+34313|C:\\windows\\System32\\combase.dll+34103|C:\\windows\\System32\\combase.dll+aae76|C:\\windows\\System32\\combase.dll+382da|C:\\windows\\System32\\combase.dll+a6d0d|C:\\windows\\System32\\combase.dll+5579c|C:\\windows\\System32\\combase.dll+56001|C:\\windows\\System32\\combase.dll+577a8|C:\\windows\\System32\\RPCRT4.dll+549f8|C:\\windows\\System32\\RPCRT4.dll+2c9b1|C:\\windows\\System32\\RPCRT4.dll+2c500|C:\\windows\\System32\\RPCRT4.dll+1a71f|C:\\windows\\System32\\RPCRT4.dll+19d7a|C:\\windows\\System32\\RPCRT4.dll+19361","Task":"10","RuleName":"-","UtcTime":"2020-12-19 12:00:19.820","SourceProcessGUID":"{67e11d8c-87b9-5fd0-9e00-000000000700}","SourceProcessId":"2384","SourceThreadId":"8708","SourceImage":"C:\\windows\\system32\\svchost.exe","TargetProcessGUID":"{67e11d8c-77f7-5fd2-6814-000000000700}","TargetProcessId":"772","TargetImage":"C:\\windows\\system32\\svchost.exe","GrantedAccess":"0x1000","CallTrace":"C:\\windows\\SYSTEM32\\ntdll.dll+9d784|C:\\windows\\System32\\RPCRT4.dll+2d354|C:\\windows\\System32\\combase.dll+be11b|c:\\windows\\system32\\windows.staterepository.dll+223f5|c:\\windows\\system32\\windows.staterepository.dll+29f20|C:\\windows\\System32\\RPCRT4.dll+76ba3|C:\\windows\\System32\\RPCRT4.dll+da036|C:\\windows\\System32\\RPCRT4.dll+383b9|C:\\windows\\System32\\combase.dll+a8233|C:\\windows\\System32\\RPCRT4.dll+59bab|C:\\windows\\System32\\combase.dll+34313|C:\\windows\\System32\\combase.dll+34103|C:\\windows\\System32\\combase.dll+aae76|C:\\windows\\System32\\combase.dll+382da|C:\\windows\\System32\\combase.dll+a6d0d|C:\\windows\\System32\\combase.dll+5579c|C:\\windows\\System32\\combase.dll+56001|C:\\windows\\System32\\combase.dll+577a8|C:\\windows\\System32\\RPCRT4.dll+549f8|C:\\windows\\System32\\RPCRT4.dll+2c9b1|C:\\windows\\System32\\RPCRT4.dll+2c500|C:\\windows\\System32\\RPCRT4.dll+1a71f|C:\\windows\\System32\\RPCRT4.dll+19d7a|C:\\windows\\System32\\RPCRT4.dll+19361"}
