{"SourceName":"Microsoft-Windows-Sysmon","ProviderGuid":"{5770385f-c22a-43e0-bf4c-06f5698ffbd9}","Level":"4","Keywords":"0x8000000000000000","Channel":"Microsoft-Windows-Sysmon/Operational","Hostname":"WORKSTATION5.theshire.local","TimeCreated":"2020-12-19T07:00:03.894Z","@timestamp":"2020-12-19T07:00:03.894Z","EventID":7,"Message":"Image loaded:\r\nRuleName: -\r\nUtcTime: 2020-12-19 12:00:03.881\r\nProcessGuid: {67e11d8c-eb43-5fdd-1b97-000000000700}\r\nProcessId: 6328\r\nImage: C:\\Program Files\\Wireshark\\dumpcap.exe\r\nImageLoaded: C:\\Windows\\System32\\IPHLPAPI.DLL\r\nFileVersion: 10.0.18362.1 (WinBuild.160101.0800)\r\nDescription: IP Helper API\r\nProduct: Microsoft Windows Operating System\r\nCompany: Microsoft Corporation\r\nOriginalFileName: iphlpapi.dll\r\nHashes: SHA1=9414EC114C3389E0A7BC2FD986E00946E1A2A299,MD5=3929147A2A34B0902152C7D0F241B02A,SHA256=AD1C5309AA873F6A284EABE382812868E20C3D3D64197F3E6EF9D015EA060CAA,IMPHASH=6EC28633CC4ECB9F457795DD7E00B34B\r\nSigned: true\r\nSignature: Microsoft Windows\r\nSignatureStatus: Valid","Task":"7","RuleName":"-","UtcTime":"2020-12-19 12:00:03.881","ProcessGuid":"{67e11d8c-eb43-5fdd-1b97-000000000700}","ProcessId":"6328","Image":"C:\\Program Files\\Wireshark\\dumpcap.exe","ImageLoaded":"C:\\Windows\\System32\\IPHLPAPI.DLL","FileVersion":"10.0.18362.1 (WinBuild.160101.0800)","Description":"IP Helper API","Product":"Microsoft Windows Operating System","Company":"Microsoft Corporation","OriginalFileName":"iphlpapi.dll","Hashes":"SHA1=9414EC114C3389E0A7BC2FD986E00946E1A2A299,MD5=3929147A2A34B0902152C7D0F241B02A,SHA256=AD1C5309AA873F6A284EABE382812868E20C3D3D64197F3E6EF9D015EA060CAA,IMPHASH=6EC28633CC4ECB9F457795DD7E00B34B","Signed":"true","Signature":"Microsoft Windows","SignatureStatus":"Valid"}
{"SourceName":"Microsoft-Windows-Sysmon","ProviderGuid":"{5770385f-c22a-43e0-bf4c-06f5698ffbd9}","Level":"4","Keywords":"0x8000000000000000","Channel":"Microsoft-Windows-Sysmon/Operational","Hostname":"WORKSTATION5.theshire.local","TimeCreated":"2020-12-19T07:00:03.895Z","@timestamp":"2020-12-19T07:00:03.895Z","EventID":7,"Message":"Image loaded:\r\nRuleName: -\r\nUtcTime: 2020-12-19 12:00:03.881\r\nProcessGuid: {67e11d8c-eb43-5fdd-1b97-000000000700}\r\nProcessId: 6328\r\nImage: C:\\Program Files\\Wireshark\\dumpcap.exe\r\nImageLoaded: C:\\Windows\\System32\\winmmbase.dll\r\nFileVersion: 10.0.18362.1 (WinBuild.160101.0800)\r\nDescription: Base Multimedia Extension API DLL\r\nProduct: Microsoft Windows Operating System\r\nCompany: Microsoft Corporation\r\nOriginalFileName: WINMMbase.DLL\r\nHashes: SHA1=81690A25EE76DEFF1E56232F489087B9BD7679C6,MD5=E6450257BA3DF5161684E4C73EBB8F92,SHA256=948F13FE144CD80F93565DED2AC2E96D000869BB2761538996D28942495CB1D7,IMPHASH=573B9CF443320F1F8CA53DB3905ECF4C\r\nSigned: true\r\nSignature: Microsoft Windows\r\nSignatureStatus: Valid","Task":"7","RuleName":"-","UtcTime":"2020-12-19 12:00:03.881","ProcessGuid":"{67e11d8c-eb43-5fdd-1b97-000000000700}","ProcessId":"6328","Image":"C:\\Program Files\\Wireshark\\dumpcap.exe","ImageLoaded":"C:\\Windows\\System32\\winmmbase.dll","FileVersion":"10.0.18362.1 (WinBuild.160101.0800)","Description":"Base Multimedia Extension API DLL","Product":"Microsoft Windows Operating System","Company":"Microsoft Corporation","OriginalFileName":"WINMMbase.DLL","Hashes":"SHA1=81690A25EE76DEFF1E56232F489087B9BD7679C6,MD5=E6450257BA3DF5161684E4C73EBB8F92,SHA256=948F13FE144CD80F93565DED2AC2E96D000869BB2761538996D28942495CB1D7,IMPHASH=573B9CF443320F1F8CA53DB3905ECF4C","Signed":"true","Signature":"Microsoft Windows","SignatureStatus":"Valid"}
{"SourceName":"Microsoft-Windows-Sysmon","ProviderGuid":"{5770385f-c22a-43e0-bf4c-06f5698ffbd9}","Level":"4","Keywords":"0x8000000000000000","Channel":"Microsoft-Windows-Sysmon/Operational","Hostname":"WORKSTATION5.theshire.local","TimeCreated":"2020-12-19T07:00:03.895Z","@timestamp":"2020-12-19T07:00:03.895Z","EventID":7,"Message":"Image loaded:\r\nRuleName: -\r\nUtcTime: 2020-12-19 12:00:03.881\r\nProcessGuid: {67e11d8c-eb43-5fdd-1b97-000000000700}\r\nProcessId: 6328\r\nImage: C:\\Program Files\\Wireshark\\dumpcap.exe\r\nImageLoaded: C:\\Windows\\System32\\winmmbase.dll\r\nFileVersion: 10.0.18362.1 (WinBuild.160101.0800)\r\nDescription: Base Multimedia Extension API DLL\r\nProduct: Microsoft Windows Operating System\r\nCompany: Microsoft Corporation\r\nOriginalFileName: WINMMbase.DLL\r\nHashes: SHA1=81690A25EE76DEFF1E56232F489087B9BD7679C6,MD5=E6450257BA3DF5161684E4C73EBB8F92,SHA256=948F13FE144CD80F93565DED2AC2E96D000869BB2761538996D28942495CB1D7,IMPHASH=573B9CF443320F1F8CA53DB3905ECF4C\r\nSigned: true\r\nSignature: Microsoft Windows\r\nSignatureStatus: Valid","Task":"7","RuleName":"-","UtcTime":"2020-12-19 12:00:03.881","ProcessGuid":"{67e11d8c-eb43-5fdd-1b97-000000000700}","ProcessId":"6328","Image":"C:\\Program Files\\Wireshark\\dumpcap.exe","ImageLoaded":"C:\\Windows\\System32\\winmmbase.dll","FileVersion":"10.0.18362.1 (WinBuild.160101.0800)","Description":"Base Multimedia Extension API DLL","Product":"Microsoft Windows Operating System","Company":"Microsoft Corporation","OriginalFileName":"WINMMbase.DLL","Hashes":"SHA1=81690A25EE76DEFF1E56232F489087B9BD7679C6,MD5=E6450257BA3DF5161684E4C73EBB8F92,SHA256=948F13FE144CD80F93565DED2AC2E96D000869BB2761538996D28942495CB1D7,IMPHASH=573B9CF443320F1F8CA53DB3905ECF4C","Signed":"true","Signature":"Microsoft Windows","SignatureStatus":"Valid"}
{"SourceName":"Microsoft-Windows-Sysmon","ProviderGuid":"{5770385f-c22a-43e0-bf4c-06f5698ffbd9}","Level":"4","Keywords":"0x8000000000000000","Channel":"Microsoft-Windows-Sysmon/Operational","Hostname":"WORKSTATION5.theshire.local","TimeCreated":"2020-12-19T07:00:03.896Z","@timestamp":"2020-12-19T07:00:03.896Z","EventID":7,"Message":"Image loaded:\r\nRuleName: -\r\nUtcTime: 2020-12-19 12:00:03.881\r\nProcessGuid: {67e11d8c-eb43-5fdd-1b97-000000000700}\r\nProcessId: 6328\r\nImage: C:\\Program Files\\Wireshark\\dumpcap.exe\r\nImageLoaded: C:\\Program Files\\Wireshark\\libgcrypt-20.dll\r\nFileVersion: -\r\nDescription: -\r\nProduct: -\r\nCompany: -\r\nOriginalFileName: -\r\nHashes: SHA1=5C1933EF7B13F1A85D41CF9F0A8B1F1A0F5BB13E,MD5=461ED87CA87F31237A8F7B1A29C11A74,SHA256=C184C245EA6983B9CFC59AEB52FE2A252C3352BB0572C15512EB8110E11C9963,IMPHASH=AAFC7DA86E98B23C0B234A72243584E7\r\nSigned: true\r\nSignature: Wireshark Foundation, Inc.\r\nSignatureStatus: Valid","Task":"7","RuleName":"-","UtcTime":"2020-12-19 12:00:03.881","ProcessGuid":"{67e11d8c-eb43-5fdd-1b97-000000000700}","ProcessId":"6328","Image":"C:\\Program Files\\Wireshark\\dumpcap.exe","ImageLoaded":"C:\\Program Files\\Wireshark\\libgcrypt-20.dll","FileVersion":"-","Description":"-","Product":"-","Company":"-","OriginalFileName":"-","Hashes":"SHA1=5C1933EF7B13F1A85D41CF9F0A8B1F1A0F5BB13E,MD5=461ED87CA87F31237A8F7B1A29C11A74,SHA256=C184C245EA6983B9CFC59AEB52FE2A252C3352BB0572C15512EB8110E11C9963,IMPHASH=AAFC7DA86E98B23C0B234A72243584E7","Signed":"true","Signature":"Wireshark Foundation, Inc.","SignatureStatus":"Valid"}
{"SourceName":"Microsoft-Windows-Sysmon","ProviderGuid":"{5770385f-c22a-43e0-bf4c-06f5698ffbd9}","Level":"4","Keywords":"0x8000000000000000","Channel":"Microsoft-Windows-Sysmon/Operational","Hostname":"WORKSTATION5.theshire.local","TimeCreated":"2020-12-19T07:00:03.896Z","@timestamp":"2020-12-19T07:00:03.896Z","EventID":7,"Message":"Image loaded:\r\nRuleName: -\r\nUtcTime: 2020-12-19 12:00:03.881\r\nProcessGuid: {67e11d8c-eb43-5fdd-1b97-000000000700}\r\nProcessId: 6328\r\nImage: C:\\Program Files\\Wireshark\\dumpcap.exe\r\nImageLoaded: C:\\Program Files\\Wireshark\\libgnutls-30.dll\r\nFileVersion: -\r\nDescription: -\r\nProduct: -\r\nCompany: -\r\nOriginalFileName: -\r\nHashes: SHA1=65414B5011942DC0D8FD6EC66A94302F050523E1,MD5=4908575BCF31097C27D3553046C17E73,SHA256=3E4996EE53DB902BAECB752F32B2752E5185D0DD3A2A0CA3F2C10853346DB54A,IMPHASH=3D800DA3D5F6569EB3E5B1784CEDCE24\r\nSigned: true\r\nSignature: Wireshark Foundation, Inc.\r\nSignatureStatus: Valid","Task":"7","RuleName":"-","UtcTime":"2020-12-19 12:00:03.881","ProcessGuid":"{67e11d8c-eb43-5fdd-1b97-000000000700}","ProcessId":"6328","Image":"C:\\Program Files\\Wireshark\\dumpcap.exe","ImageLoaded":"C:\\Program Files\\Wireshark\\libgnutls-30.dll","FileVersion":"-","Description":"-","Product":"-","Company":"-","OriginalFileName":"-","Hashes":"SHA1=65414B5011942DC0D8FD6EC66A94302F050523E1,MD5=4908575BCF31097C27D3553046C17E73,SHA256=3E4996EE53DB902BAECB752F32B2752E5185D0DD3A2A0CA3F2C10853346DB54A,IMPHASH=3D800DA3D5F6569EB3E5B1784CEDCE24","Signed":"true","Signature":"Wireshark Foundation, Inc.","SignatureStatus":"Valid"}
{"SourceName":"Microsoft-Windows-Sysmon","ProviderGuid":"{5770385f-c22a-43e0-bf4c-06f5698ffbd9}","Level":"4","Keywords":"0x8000000000000000","Channel":"Microsoft-Windows-Sysmon/Operational","Hostname":"WORKSTATION5.theshire.local","TimeCreated":"2020-12-19T07:00:03.896Z","@timestamp":"2020-12-19T07:00:03.896Z","EventID":7,"Message":"Image loaded:\r\nRuleName: -\r\nUtcTime: 2020-12-19 12:00:03.881\r\nProcessGuid: {67e11d8c-eb43-5fdd-1b97-000000000700}\r\nProcessId: 6328\r\nImage: C:\\Program Files\\Wireshark\\dumpcap.exe\r\nImageLoaded: C:\\Windows\\System32\\crypt32.dll\r\nFileVersion: 10.0.18362.592 (WinBuild.160101.0800)\r\nDescription: Crypto API32\r\nProduct: Microsoft Windows Operating System\r\nCompany: Microsoft Corporation\r\nOriginalFileName: CRYPT32.DLL\r\nHashes: SHA1=7A9DD389B0E3C124D4BFE5C1FF15F9A93285514F,MD5=1676DE3980DF1D78E14B172989916570,SHA256=E832E3A58B542E15A169B1545CE82451ACE19BD361FD81764383048528F9B540,IMPHASH=F523F043ACCD8EF1D89F5FD34B5CBBA6\r\nSigned: true\r\nSignature: Microsoft Windows\r\nSignatureStatus: Valid","Task":"7","RuleName":"-","UtcTime":"2020-12-19 12:00:03.881","ProcessGuid":"{67e11d8c-eb43-5fdd-1b97-000000000700}","ProcessId":"6328","Image":"C:\\Program Files\\Wireshark\\dumpcap.exe","ImageLoaded":"C:\\Windows\\System32\\crypt32.dll","FileVersion":"10.0.18362.592 (WinBuild.160101.0800)","Description":"Crypto API32","Product":"Microsoft Windows Operating System","Company":"Microsoft Corporation","OriginalFileName":"CRYPT32.DLL","Hashes":"SHA1=7A9DD389B0E3C124D4BFE5C1FF15F9A93285514F,MD5=1676DE3980DF1D78E14B172989916570,SHA256=E832E3A58B542E15A169B1545CE82451ACE19BD361FD81764383048528F9B540,IMPHASH=F523F043ACCD8EF1D89F5FD34B5CBBA6","Signed":"true","Signature":"Microsoft Windows","SignatureStatus":"Valid"}
{"SourceName":"Microsoft-Windows-Sysmon","ProviderGuid":"{5770385f-c22a-43e0-bf4c-06f5698ffbd9}","Level":"4","Keywords":"0x8000000000000000","Channel":"Microsoft-Windows-Sysmon/Operational","Hostname":"WORKSTATION5.theshire.local","TimeCreated":"2020-12-19T07:00:03.896Z","@timestamp":"2020-12-19T07:00:03.896Z","EventID":7,"Message":"Image loaded:\r\nRuleName: -\r\nUtcTime: 2020-12-19 12:00:03.881\r\nProcessGuid: {67e11d8c-eb43-5fdd-1b97-000000000700}\r\nProcessId: 6328\r\nImage: C:\\Program Files\\Wireshark\\dumpcap.exe\r\nImageLoaded: C:\\Windows\\System32\\msasn1.dll\r\nFileVersion: 10.0.18362.1 (WinBuild.160101.0800)\r\nDescription: ASN.1 Runtime APIs\r\nProduct: Microsoft Windows Operating System\r\nCompany: Microsoft Corporation\r\nOriginalFileName: msasn1.dll\r\nHashes: SHA1=F1F2A398A07419B588494558430A141884AD66EF,MD5=23D95BFDCD23EC6AFFF7E4B0703CE464,SHA256=18DE438E2C068383700C5A87423B70B251302F0D5107F331BC7EDE5097504907,IMPHASH=F79599CA729D557E0381EC0A41471A27\r\nSigned: true\r\nSignature: Microsoft Windows\r\nSignatureStatus: Valid","Task":"7","RuleName":"-","UtcTime":"2020-12-19 12:00:03.881","ProcessGuid":"{67e11d8c-eb43-5fdd-1b97-000000000700}","ProcessId":"6328","Image":"C:\\Program Files\\Wireshark\\dumpcap.exe","ImageLoaded":"C:\\Windows\\System32\\msasn1.dll","FileVersion":"10.0.18362.1 (WinBuild.160101.0800)","Description":"ASN.1 Runtime APIs","Product":"Microsoft Windows Operating System","Company":"Microsoft Corporation","OriginalFileName":"msasn1.dll","Hashes":"SHA1=F1F2A398A07419B588494558430A141884AD66EF,MD5=23D95BFDCD23EC6AFFF7E4B0703CE464,SHA256=18DE438E2C068383700C5A87423B70B251302F0D5107F331BC7EDE5097504907,IMPHASH=F79599CA729D557E0381EC0A41471A27","Signed":"true","Signature":"Microsoft Windows","SignatureStatus":"Valid"}
{"SourceName":"Microsoft-Windows-Sysmon","ProviderGuid":"{5770385f-c22a-43e0-bf4c-06f5698ffbd9}","Level":"4","Keywords":"0x8000000000000000","Channel":"Microsoft-Windows-Sysmon/Operational","Hostname":"WORKSTATION5.theshire.local","TimeCreated":"2020-12-19T07:00:03.897Z","@timestamp":"2020-12-19T07:00:03.897Z","EventID":7,"Message":"Image loaded:\r\nRuleName: -\r\nUtcTime: 2020-12-19 12:00:03.897\r\nProcessGuid: {67e11d8c-eb43-5fdd-1b97-000000000700}\r\nProcessId: 6328\r\nImage: C:\\Program Files\\Wireshark\\dumpcap.exe\r\nImageLoaded: C:\\Program Files\\Wireshark\\libgcc_s_seh-1.dll\r\nFileVersion: -\r\nDescription: -\r\nProduct: -\r\nCompany: -\r\nOriginalFileName: -\r\nHashes: SHA1=E277FC205621BC50AA17CA14696ABCFF402F206A,MD5=D8DDA3900A968B1F4393D07AE5186FDD,SHA256=2E0E02AF47B65BDBFD642D286860A431F7CA943B13E0E33BE6F5B43DE87B6E58,IMPHASH=BDF7AEF72C3A6D3554E661D112F46234\r\nSigned: true\r\nSignature: Wireshark Foundation, Inc.\r\nSignatureStatus: Valid","Task":"7","RuleName":"-","UtcTime":"2020-12-19 12:00:03.897","ProcessGuid":"{67e11d8c-eb43-5fdd-1b97-000000000700}","ProcessId":"6328","Image":"C:\\Program Files\\Wireshark\\dumpcap.exe","ImageLoaded":"C:\\Program Files\\Wireshark\\libgcc_s_seh-1.dll","FileVersion":"-","Description":"-","Product":"-","Company":"-","OriginalFileName":"-","Hashes":"SHA1=E277FC205621BC50AA17CA14696ABCFF402F206A,MD5=D8DDA3900A968B1F4393D07AE5186FDD,SHA256=2E0E02AF47B65BDBFD642D286860A431F7CA943B13E0E33BE6F5B43DE87B6E58,IMPHASH=BDF7AEF72C3A6D3554E661D112F46234","Signed":"true","Signature":"Wireshark Foundation, Inc.","SignatureStatus":"Valid"}
{"SourceName":"Microsoft-Windows-Sysmon","ProviderGuid":"{5770385f-c22a-43e0-bf4c-06f5698ffbd9}","Level":"4","Keywords":"0x8000000000000000","Channel":"Microsoft-Windows-Sysmon/Operational","Hostname":"WORKSTATION5.theshire.local","TimeCreated":"2020-12-19T07:00:03.897Z","@timestamp":"2020-12-19T07:00:03.897Z","EventID":7,"Message":"Image loaded:\r\nRuleName: -\r\nUtcTime: 2020-12-19 12:00:03.897\r\nProcessGuid: {67e11d8c-eb43-5fdd-1b97-000000000700}\r\nProcessId: 6328\r\nImage: C:\\Program Files\\Wireshark\\dumpcap.exe\r\nImageLoaded: C:\\Program Files\\Wireshark\\libgmp-10.dll\r\nFileVersion: -\r\nDescription: -\r\nProduct: -\r\nCompany: -\r\nOriginalFileName: -\r\nHashes: SHA1=3A133A59517F4B58D617077A8F160C41A8BAE4C2,MD5=86B615A8BD5A0E3D6FD00E6D5994F2A9,SHA256=13CBA99E39A83A3B3B356B04F8FCE7EF4D99ED4CF4EA5F5689CC582160115941,IMPHASH=8DB8A5E9845576B8662032FF932D4A0F\r\nSigned: true\r\nSignature: Wireshark Foundation, Inc.\r\nSignatureStatus: Valid","Task":"7","RuleName":"-","UtcTime":"2020-12-19 12:00:03.897","ProcessGuid":"{67e11d8c-eb43-5fdd-1b97-000000000700}","ProcessId":"6328","Image":"C:\\Program Files\\Wireshark\\dumpcap.exe","ImageLoaded":"C:\\Program Files\\Wireshark\\libgmp-10.dll","FileVersion":"-","Description":"-","Product":"-","Company":"-","OriginalFileName":"-","Hashes":"SHA1=3A133A59517F4B58D617077A8F160C41A8BAE4C2,MD5=86B615A8BD5A0E3D6FD00E6D5994F2A9,SHA256=13CBA99E39A83A3B3B356B04F8FCE7EF4D99ED4CF4EA5F5689CC582160115941,IMPHASH=8DB8A5E9845576B8662032FF932D4A0F","Signed":"true","Signature":"Wireshark Foundation, Inc.","SignatureStatus":"Valid"}
{"SourceName":"Microsoft-Windows-Sysmon","ProviderGuid":"{5770385f-c22a-43e0-bf4c-06f5698ffbd9}","Level":"4","Keywords":"0x8000000000000000","Channel":"Microsoft-Windows-Sysmon/Operational","Hostname":"WORKSTATION5.theshire.local","TimeCreated":"2020-12-19T07:00:03.898Z","@timestamp":"2020-12-19T07:00:03.898Z","EventID":7,"Message":"Image loaded:\r\nRuleName: -\r\nUtcTime: 2020-12-19 12:00:03.897\r\nProcessGuid: {67e11d8c-eb43-5fdd-1b97-000000000700}\r\nProcessId: 6328\r\nImage: C:\\Program Files\\Wireshark\\dumpcap.exe\r\nImageLoaded: C:\\Program Files\\Wireshark\\libhogweed-4.dll\r\nFileVersion: -\r\nDescription: -\r\nProduct: -\r\nCompany: -\r\nOriginalFileName: -\r\nHashes: SHA1=35F158701AC86BA5835FE473BE76EBF0B008893C,MD5=682B1A55ED4B8FB22489638AC64A6C99,SHA256=FB3CA5716AC03D43805F845D3FC8BC436E9FF0A78B8F4F64E4E32DACB9EE4F8F,IMPHASH=76E0C203C95D48BE545E860212EAB4C2\r\nSigned: true\r\nSignature: Wireshark Foundation, Inc.\r\nSignatureStatus: Valid","Task":"7","RuleName":"-","UtcTime":"2020-12-19 12:00:03.897","ProcessGuid":"{67e11d8c-eb43-5fdd-1b97-000000000700}","ProcessId":"6328","Image":"C:\\Program Files\\Wireshark\\dumpcap.exe","ImageLoaded":"C:\\Program Files\\Wireshark\\libhogweed-4.dll","FileVersion":"-","Description":"-","Product":"-","Company":"-","OriginalFileName":"-","Hashes":"SHA1=35F158701AC86BA5835FE473BE76EBF0B008893C,MD5=682B1A55ED4B8FB22489638AC64A6C99,SHA256=FB3CA5716AC03D43805F845D3FC8BC436E9FF0A78B8F4F64E4E32DACB9EE4F8F,IMPHASH=76E0C203C95D48BE545E860212EAB4C2","Signed":"true","Signature":"Wireshark Foundation, Inc.","SignatureStatus":"Valid"}
{"SourceName":"Microsoft-Windows-Sysmon","ProviderGuid":"{5770385f-c22a-43e0-bf4c-06f5698ffbd9}","Level":"4","Keywords":"0x8000000000000000","Channel":"Microsoft-Windows-Sysmon/Operational","Hostname":"WORKSTATION5.theshire.local","TimeCreated":"2020-12-19T07:00:03.898Z","@timestamp":"2020-12-19T07:00:03.898Z","EventID":7,"Message":"Image loaded:\r\nRuleName: -\r\nUtcTime: 2020-12-19 12:00:03.897\r\nProcessGuid: {67e11d8c-eb43-5fdd-1b97-000000000700}\r\nProcessId: 6328\r\nImage: C:\\Program Files\\Wireshark\\dumpcap.exe\r\nImageLoaded: C:\\Program Files\\Wireshark\\libnettle-6.dll\r\nFileVersion: -\r\nDescription: -\r\nProduct: -\r\nCompany: -\r\nOriginalFileName: -\r\nHashes: SHA1=691A6824FDDC39B495452D29CA3157AD67161C04,MD5=5DC8F9D1AF76FFB91786BE0AE2AADAC2,SHA256=BA9086844A3A0CF21BA5781B960072F4248E5D7C53C77D92117BF7285DC25BA1,IMPHASH=7A082913A97BF7EA6E652CB7103C6059\r\nSigned: true\r\nSignature: Wireshark Foundation, Inc.\r\nSignatureStatus: Valid","Task":"7","RuleName":"-","UtcTime":"2020-12-19 12:00:03.897","ProcessGuid":"{67e11d8c-eb43-5fdd-1b97-000000000700}","ProcessId":"6328","Image":"C:\\Program Files\\Wireshark\\dumpcap.exe","ImageLoaded":"C:\\Program Files\\Wireshark\\libnettle-6.dll","FileVersion":"-","Description":"-","Product":"-","Company":"-","OriginalFileName":"-","Hashes":"SHA1=691A6824FDDC39B495452D29CA3157AD67161C04,MD5=5DC8F9D1AF76FFB91786BE0AE2AADAC2,SHA256=BA9086844A3A0CF21BA5781B960072F4248E5D7C53C77D92117BF7285DC25BA1,IMPHASH=7A082913A97BF7EA6E652CB7103C6059","Signed":"true","Signature":"Wireshark Foundation, Inc.","SignatureStatus":"Valid"}
{"SourceName":"Microsoft-Windows-Sysmon","ProviderGuid":"{5770385f-c22a-43e0-bf4c-06f5698ffbd9}","Level":"4","Keywords":"0x8000000000000000","Channel":"Microsoft-Windows-Sysmon/Operational","Hostname":"WORKSTATION5.theshire.local","TimeCreated":"2020-12-19T07:00:03.898Z","@timestamp":"2020-12-19T07:00:03.898Z","EventID":7,"Message":"Image loaded:\r\nRuleName: -\r\nUtcTime: 2020-12-19 12:00:03.897\r\nProcessGuid: {67e11d8c-eb43-5fdd-1b97-000000000700}\r\nProcessId: 6328\r\nImage: C:\\Program Files\\Wireshark\\dumpcap.exe\r\nImageLoaded: C:\\Program Files\\Wireshark\\libp11-kit-0.dll\r\nFileVersion: -\r\nDescription: -\r\nProduct: -\r\nCompany: -\r\nOriginalFileName: -\r\nHashes: SHA1=F2F762B1A3669826BF5C63B204E16CC5577A4CDE,MD5=C8F4340060E352337D706A21F17AA763,SHA256=D33A876AD0A5B6A2BF51895C01D3B78C6BA89CE1F29B7B498B6AB243EAC43363,IMPHASH=8EE04F9CB83EC8616C29B3100FF950F4\r\nSigned: true\r\nSignature: Wireshark Foundation, Inc.\r\nSignatureStatus: Valid","Task":"7","RuleName":"-","UtcTime":"2020-12-19 12:00:03.897","ProcessGuid":"{67e11d8c-eb43-5fdd-1b97-000000000700}","ProcessId":"6328","Image":"C:\\Program Files\\Wireshark\\dumpcap.exe","ImageLoaded":"C:\\Program Files\\Wireshark\\libp11-kit-0.dll","FileVersion":"-","Description":"-","Product":"-","Company":"-","OriginalFileName":"-","Hashes":"SHA1=F2F762B1A3669826BF5C63B204E16CC5577A4CDE,MD5=C8F4340060E352337D706A21F17AA763,SHA256=D33A876AD0A5B6A2BF51895C01D3B78C6BA89CE1F29B7B498B6AB243EAC43363,IMPHASH=8EE04F9CB83EC8616C29B3100FF950F4","Signed":"true","Signature":"Wireshark Foundation, Inc.","SignatureStatus":"Valid"}
{"SourceName":"Microsoft-Windows-Sysmon","ProviderGuid":"{5770385f-c22a-43e0-bf4c-06f5698ffbd9}","Level":"4","Keywords":"0x8000000000000000","Channel":"Microsoft-Windows-Sysmon/Operational","Hostname":"WORKSTATION5.theshire.local","TimeCreated":"2020-12-19T07:00:03.899Z","@timestamp":"2020-12-19T07:00:03.899Z","EventID":7,"Message":"Image loaded:\r\nRuleName: -\r\nUtcTime: 2020-12-19 12:00:03.897\r\nProcessGuid: {67e11d8c-eb43-5fdd-1b97-000000000700}\r\nProcessId: 6328\r\nImage: C:\\Program Files\\Wireshark\\dumpcap.exe\r\nImageLoaded: C:\\Program Files\\Wireshark\\libwinpthread-1.dll\r\nFileVersion: 1, 0, 0, 0\r\nDescription: POSIX WinThreads for Windows\r\nProduct: -\r\nCompany: MingW-W64 Project. All rights reserved.\r\nOriginalFileName: WinPthreadGC\r\nHashes: SHA1=ACD4D8505BC3946156AA92048B95F3A969332B46,MD5=FBBFC770C7447FBFAE812FF49AF31745,SHA256=4595E6E901D09A67529A113481A9784F6414C869ED598CF2885381DB270B3E3B,IMPHASH=71E4E0CAB4B86E987AF034F1D455B872\r\nSigned: true\r\nSignature: Wireshark Foundation, Inc.\r\nSignatureStatus: Valid","Task":"7","RuleName":"-","UtcTime":"2020-12-19 12:00:03.897","ProcessGuid":"{67e11d8c-eb43-5fdd-1b97-000000000700}","ProcessId":"6328","Image":"C:\\Program Files\\Wireshark\\dumpcap.exe","ImageLoaded":"C:\\Program Files\\Wireshark\\libwinpthread-1.dll","FileVersion":"1, 0, 0, 0","Description":"POSIX WinThreads for Windows","Product":"-","Company":"MingW-W64 Project. All rights reserved.","OriginalFileName":"WinPthreadGC","Hashes":"SHA1=ACD4D8505BC3946156AA92048B95F3A969332B46,MD5=FBBFC770C7447FBFAE812FF49AF31745,SHA256=4595E6E901D09A67529A113481A9784F6414C869ED598CF2885381DB270B3E3B,IMPHASH=71E4E0CAB4B86E987AF034F1D455B872","Signed":"true","Signature":"Wireshark Foundation, Inc.","SignatureStatus":"Valid"}
{"SourceName":"Microsoft-Windows-Sysmon","ProviderGuid":"{5770385f-c22a-43e0-bf4c-06f5698ffbd9}","Level":"4","Keywords":"0x8000000000000000","Channel":"Microsoft-Windows-Sysmon/Operational","Hostname":"WORKSTATION5.theshire.local","TimeCreated":"2020-12-19T07:00:03.899Z","@timestamp":"2020-12-19T07:00:03.899Z","EventID":7,"Message":"Image loaded:\r\nRuleName: -\r\nUtcTime: 2020-12-19 12:00:03.897\r\nProcessGuid: {67e11d8c-eb43-5fdd-1b97-000000000700}\r\nProcessId: 6328\r\nImage: C:\\Program Files\\Wireshark\\dumpcap.exe\r\nImageLoaded: C:\\Program Files\\Wireshark\\libtasn1-6.dll\r\nFileVersion: -\r\nDescription: -\r\nProduct: -\r\nCompany: -\r\nOriginalFileName: -\r\nHashes: SHA1=6482707EBBF0C65EB3AC9F0C74E7BBAFB772F487,MD5=8BBDA8984E872BC2236F0A965C2F0A0B,SHA256=153CAB0C47456D8517D77B1E679A2320DB37EA14188426357632E44256ED5C31,IMPHASH=6EF5D4089A7246493B6B6D3691862DB2\r\nSigned: true\r\nSignature: Wireshark Foundation, Inc.\r\nSignatureStatus: Valid","Task":"7","RuleName":"-","UtcTime":"2020-12-19 12:00:03.897","ProcessGuid":"{67e11d8c-eb43-5fdd-1b97-000000000700}","ProcessId":"6328","Image":"C:\\Program Files\\Wireshark\\dumpcap.exe","ImageLoaded":"C:\\Program Files\\Wireshark\\libtasn1-6.dll","FileVersion":"-","Description":"-","Product":"-","Company":"-","OriginalFileName":"-","Hashes":"SHA1=6482707EBBF0C65EB3AC9F0C74E7BBAFB772F487,MD5=8BBDA8984E872BC2236F0A965C2F0A0B,SHA256=153CAB0C47456D8517D77B1E679A2320DB37EA14188426357632E44256ED5C31,IMPHASH=6EF5D4089A7246493B6B6D3691862DB2","Signed":"true","Signature":"Wireshark Foundation, Inc.","SignatureStatus":"Valid"}
{"SourceName":"Microsoft-Windows-Sysmon","ProviderGuid":"{5770385f-c22a-43e0-bf4c-06f5698ffbd9}","Level":"4","Keywords":"0x8000000000000000","Channel":"Microsoft-Windows-Sysmon/Operational","Hostname":"WORKSTATION5.theshire.local","TimeCreated":"2020-12-19T07:00:03.899Z","@timestamp":"2020-12-19T07:00:03.899Z","EventID":7,"Message":"Image loaded:\r\nRuleName: -\r\nUtcTime: 2020-12-19 12:00:03.897\r\nProcessGuid: {67e11d8c-eb43-5fdd-1b97-000000000700}\r\nProcessId: 6328\r\nImage: C:\\Program Files\\Wireshark\\dumpcap.exe\r\nImageLoaded: C:\\Program Files\\Wireshark\\libgpg-error-0.dll\r\nFileVersion: -\r\nDescription: -\r\nProduct: -\r\nCompany: -\r\nOriginalFileName: -\r\nHashes: SHA1=34652B075C2E46FBF281AAD5DB47E6DE1E26DEFC,MD5=41F7B95241BC6655DAC0C62198BF1A57,SHA256=D578DB37FEA46EEF141C14A266E8A3E2CA6FD60025C696F6B754C2FF1FC4A0A5,IMPHASH=14288640EA56916601707DADBEEA1C13\r\nSigned: true\r\nSignature: Wireshark Foundation, Inc.\r\nSignatureStatus: Valid","Task":"7","RuleName":"-","UtcTime":"2020-12-19 12:00:03.897","ProcessGuid":"{67e11d8c-eb43-5fdd-1b97-000000000700}","ProcessId":"6328","Image":"C:\\Program Files\\Wireshark\\dumpcap.exe","ImageLoaded":"C:\\Program Files\\Wireshark\\libgpg-error-0.dll","FileVersion":"-","Description":"-","Product":"-","Company":"-","OriginalFileName":"-","Hashes":"SHA1=34652B075C2E46FBF281AAD5DB47E6DE1E26DEFC,MD5=41F7B95241BC6655DAC0C62198BF1A57,SHA256=D578DB37FEA46EEF141C14A266E8A3E2CA6FD60025C696F6B754C2FF1FC4A0A5,IMPHASH=14288640EA56916601707DADBEEA1C13","Signed":"true","Signature":"Wireshark Foundation, Inc.","SignatureStatus":"Valid"}
{"SourceName":"Microsoft-Windows-Sysmon","ProviderGuid":"{5770385f-c22a-43e0-bf4c-06f5698ffbd9}","Level":"4","Keywords":"0x8000000000000000","Channel":"Microsoft-Windows-Sysmon/Operational","Hostname":"WORKSTATION5.theshire.local","TimeCreated":"2020-12-19T07:00:03.900Z","@timestamp":"2020-12-19T07:00:03.900Z","EventID":7,"Message":"Image loaded:\r\nRuleName: -\r\nUtcTime: 2020-12-19 12:00:03.897\r\nProcessGuid: {67e11d8c-eb43-5fdd-1b97-000000000700}\r\nProcessId: 6328\r\nImage: C:\\Program Files\\Wireshark\\dumpcap.exe\r\nImageLoaded: C:\\Program Files\\Wireshark\\libwinpthread-1.dll\r\nFileVersion: 1, 0, 0, 0\r\nDescription: POSIX WinThreads for Windows\r\nProduct: -\r\nCompany: MingW-W64 Project. All rights reserved.\r\nOriginalFileName: WinPthreadGC\r\nHashes: SHA1=ACD4D8505BC3946156AA92048B95F3A969332B46,MD5=FBBFC770C7447FBFAE812FF49AF31745,SHA256=4595E6E901D09A67529A113481A9784F6414C869ED598CF2885381DB270B3E3B,IMPHASH=71E4E0CAB4B86E987AF034F1D455B872\r\nSigned: true\r\nSignature: Wireshark Foundation, Inc.\r\nSignatureStatus: Valid","Task":"7","RuleName":"-","UtcTime":"2020-12-19 12:00:03.897","ProcessGuid":"{67e11d8c-eb43-5fdd-1b97-000000000700}","ProcessId":"6328","Image":"C:\\Program Files\\Wireshark\\dumpcap.exe","ImageLoaded":"C:\\Program Files\\Wireshark\\libwinpthread-1.dll","FileVersion":"1, 0, 0, 0","Description":"POSIX WinThreads for Windows","Product":"-","Company":"MingW-W64 Project. All rights reserved.","OriginalFileName":"WinPthreadGC","Hashes":"SHA1=ACD4D8505BC3946156AA92048B95F3A969332B46,MD5=FBBFC770C7447FBFAE812FF49AF31745,SHA256=4595E6E901D09A67529A113481A9784F6414C869ED598CF2885381DB270B3E3B,IMPHASH=71E4E0CAB4B86E987AF034F1D455B872","Signed":"true","Signature":"Wireshark Foundation, Inc.","SignatureStatus":"Valid"}
{"SourceName":"Microsoft-Windows-Sysmon","ProviderGuid":"{5770385f-c22a-43e0-bf4c-06f5698ffbd9}","Level":"4","Keywords":"0x8000000000000000","Channel":"Microsoft-Windows-Sysmon/Operational","Hostname":"WORKSTATION5.theshire.local","TimeCreated":"2020-12-19T07:00:03.900Z","@timestamp":"2020-12-19T07:00:03.900Z","EventID":7,"Message":"Image loaded:\r\nRuleName: -\r\nUtcTime: 2020-12-19 12:00:03.897\r\nProcessGuid: {67e11d8c-eb43-5fdd-1b97-000000000700}\r\nProcessId: 6328\r\nImage: C:\\Program Files\\Wireshark\\dumpcap.exe\r\nImageLoaded: C:\\Program Files\\Wireshark\\libffi-6.dll\r\nFileVersion: -\r\nDescription: -\r\nProduct: -\r\nCompany: -\r\nOriginalFileName: -\r\nHashes: SHA1=844AC3A01D55EBCEF7E7F9EFAF62BADE56325F5B,MD5=306D94C9DCA74208BF17D930923C95C0,SHA256=558623506CCAB801E9ECEFA538367F818B61F339AFC21E9DF01D563F1A38C0DC,IMPHASH=7BBB82549F5061AB873D06C6E5AEF58F\r\nSigned: true\r\nSignature: Wireshark Foundation, Inc.\r\nSignatureStatus: Valid","Task":"7","RuleName":"-","UtcTime":"2020-12-19 12:00:03.897","ProcessGuid":"{67e11d8c-eb43-5fdd-1b97-000000000700}","ProcessId":"6328","Image":"C:\\Program Files\\Wireshark\\dumpcap.exe","ImageLoaded":"C:\\Program Files\\Wireshark\\libffi-6.dll","FileVersion":"-","Description":"-","Product":"-","Company":"-","OriginalFileName":"-","Hashes":"SHA1=844AC3A01D55EBCEF7E7F9EFAF62BADE56325F5B,MD5=306D94C9DCA74208BF17D930923C95C0,SHA256=558623506CCAB801E9ECEFA538367F818B61F339AFC21E9DF01D563F1A38C0DC,IMPHASH=7BBB82549F5061AB873D06C6E5AEF58F","Signed":"true","Signature":"Wireshark Foundation, Inc.","SignatureStatus":"Valid"}
{"SourceName":"Microsoft-Windows-Sysmon","ProviderGuid":"{5770385f-c22a-43e0-bf4c-06f5698ffbd9}","Level":"4","Keywords":"0x8000000000000000","Channel":"Microsoft-Windows-Sysmon/Operational","Hostname":"WORKSTATION5.theshire.local","TimeCreated":"2020-12-19T07:00:03.902Z","@timestamp":"2020-12-19T07:00:03.902Z","EventID":7,"Message":"Image loaded:\r\nRuleName: -\r\nUtcTime: 2020-12-19 12:00:03.897\r\nProcessGuid: {67e11d8c-eb43-5fdd-1b97-000000000700}\r\nProcessId: 6328\r\nImage: C:\\Program Files\\Wireshark\\dumpcap.exe\r\nImageLoaded: C:\\Program Files\\Wireshark\\libwinpthread-1.dll\r\nFileVersion: 1, 0, 0, 0\r\nDescription: POSIX WinThreads for Windows\r\nProduct: -\r\nCompany: MingW-W64 Project. All rights reserved.\r\nOriginalFileName: WinPthreadGC\r\nHashes: SHA1=ACD4D8505BC3946156AA92048B95F3A969332B46,MD5=FBBFC770C7447FBFAE812FF49AF31745,SHA256=4595E6E901D09A67529A113481A9784F6414C869ED598CF2885381DB270B3E3B,IMPHASH=71E4E0CAB4B86E987AF034F1D455B872\r\nSigned: true\r\nSignature: Wireshark Foundation, Inc.\r\nSignatureStatus: Valid","Task":"7","RuleName":"-","UtcTime":"2020-12-19 12:00:03.897","ProcessGuid":"{67e11d8c-eb43-5fdd-1b97-000000000700}","ProcessId":"6328","Image":"C:\\Program Files\\Wireshark\\dumpcap.exe","ImageLoaded":"C:\\Program Files\\Wireshark\\libwinpthread-1.dll","FileVersion":"1, 0, 0, 0","Description":"POSIX WinThreads for Windows","Product":"-","Company":"MingW-W64 Project. All rights reserved.","OriginalFileName":"WinPthreadGC","Hashes":"SHA1=ACD4D8505BC3946156AA92048B95F3A969332B46,MD5=FBBFC770C7447FBFAE812FF49AF31745,SHA256=4595E6E901D09A67529A113481A9784F6414C869ED598CF2885381DB270B3E3B,IMPHASH=71E4E0CAB4B86E987AF034F1D455B872","Signed":"true","Signature":"Wireshark Foundation, Inc.","SignatureStatus":"Valid"}
{"SourceName":"Microsoft-Windows-Sysmon","ProviderGuid":"{5770385f-c22a-43e0-bf4c-06f5698ffbd9}","Level":"4","Keywords":"0x8000000000000000","Channel":"Microsoft-Windows-Sysmon/Operational","Hostname":"WORKSTATION5.theshire.local","TimeCreated":"2020-12-19T07:00:03.904Z","@timestamp":"2020-12-19T07:00:03.904Z","EventID":7,"Message":"Image loaded:\r\nRuleName: -\r\nUtcTime: 2020-12-19 12:00:03.897\r\nProcessGuid: {67e11d8c-eb43-5fdd-1b97-000000000700}\r\nProcessId: 6328\r\nImage: C:\\Program Files\\Wireshark\\dumpcap.exe\r\nImageLoaded: C:\\Windows\\System32\\imm32.dll\r\nFileVersion: 10.0.18362.387 (WinBuild.160101.0800)\r\nDescription: Multi-User Windows IMM32 API Client DLL\r\nProduct: Microsoft Windows Operating System\r\nCompany: Microsoft Corporation\r\nOriginalFileName: imm32\r\nHashes: SHA1=76BB2AB8D3CB6DB6D23F4771334C9AA9C231B03A,MD5=025CC332EDC4B1A38290F3E36BCEF4FB,SHA256=0FE3C1C575EA1B0257B2EB12527EC35E3004CD88EA5BAEC7095386A9F9EB70AD,IMPHASH=24F54B6761C10BA12481CF6C780605BF\r\nSigned: true\r\nSignature: Microsoft Windows\r\nSignatureStatus: Valid","Task":"7","RuleName":"-","UtcTime":"2020-12-19 12:00:03.897","ProcessGuid":"{67e11d8c-eb43-5fdd-1b97-000000000700}","ProcessId":"6328","Image":"C:\\Program Files\\Wireshark\\dumpcap.exe","ImageLoaded":"C:\\Windows\\System32\\imm32.dll","FileVersion":"10.0.18362.387 (WinBuild.160101.0800)","Description":"Multi-User Windows IMM32 API Client DLL","Product":"Microsoft Windows Operating System","Company":"Microsoft Corporation","OriginalFileName":"imm32","Hashes":"SHA1=76BB2AB8D3CB6DB6D23F4771334C9AA9C231B03A,MD5=025CC332EDC4B1A38290F3E36BCEF4FB,SHA256=0FE3C1C575EA1B0257B2EB12527EC35E3004CD88EA5BAEC7095386A9F9EB70AD,IMPHASH=24F54B6761C10BA12481CF6C780605BF","Signed":"true","Signature":"Microsoft Windows","SignatureStatus":"Valid"}
{"SourceName":"Microsoft-Windows-Sysmon","ProviderGuid":"{5770385f-c22a-43e0-bf4c-06f5698ffbd9}","Level":"4","Keywords":"0x8000000000000000","Channel":"Microsoft-Windows-Sysmon/Operational","Hostname":"WORKSTATION5.theshire.local","TimeCreated":"2020-12-19T07:00:03.910Z","@timestamp":"2020-12-19T07:00:03.910Z","EventID":7,"Message":"Image loaded:\r\nRuleName: -\r\nUtcTime: 2020-12-19 12:00:03.897\r\nProcessGuid: {67e11d8c-eb43-5fdd-1b97-000000000700}\r\nProcessId: 6328\r\nImage: C:\\Program Files\\Wireshark\\dumpcap.exe\r\nImageLoaded: C:\\Windows\\System32\\ncrypt.dll\r\nFileVersion: 10.0.18362.1 (WinBuild.160101.0800)\r\nDescription: Windows NCrypt Router\r\nProduct: Microsoft Windows Operating System\r\nCompany: Microsoft Corporation\r\nOriginalFileName: ncrypt.dll\r\nHashes: SHA1=F49964A73238B4FA6BE5C25E1060ABA6C0EEE52B,MD5=FF1EF5A267E237E061D6CF7655C61502,SHA256=53E8C9D12372004D56D489231C29134FCE6C39AE14F00682559E29D41DD4D7BD,IMPHASH=4458CB6DE6246C2447EE885DE013644D\r\nSigned: true\r\nSignature: Microsoft Windows\r\nSignatureStatus: Valid","Task":"7","RuleName":"-","UtcTime":"2020-12-19 12:00:03.897","ProcessGuid":"{67e11d8c-eb43-5fdd-1b97-000000000700}","ProcessId":"6328","Image":"C:\\Program Files\\Wireshark\\dumpcap.exe","ImageLoaded":"C:\\Windows\\System32\\ncrypt.dll","FileVersion":"10.0.18362.1 (WinBuild.160101.0800)","Description":"Windows NCrypt Router","Product":"Microsoft Windows Operating System","Company":"Microsoft Corporation","OriginalFileName":"ncrypt.dll","Hashes":"SHA1=F49964A73238B4FA6BE5C25E1060ABA6C0EEE52B,MD5=FF1EF5A267E237E061D6CF7655C61502,SHA256=53E8C9D12372004D56D489231C29134FCE6C39AE14F00682559E29D41DD4D7BD,IMPHASH=4458CB6DE6246C2447EE885DE013644D","Signed":"true","Signature":"Microsoft Windows","SignatureStatus":"Valid"}
{"SourceName":"Microsoft-Windows-Sysmon","ProviderGuid":"{5770385f-c22a-43e0-bf4c-06f5698ffbd9}","Level":"4","Keywords":"0x8000000000000000","Channel":"Microsoft-Windows-Sysmon/Operational","Hostname":"WORKSTATION5.theshire.local","TimeCreated":"2020-12-19T07:00:03.910Z","@timestamp":"2020-12-19T07:00:03.910Z","EventID":7,"Message":"Image loaded:\r\nRuleName: -\r\nUtcTime: 2020-12-19 12:00:03.897\r\nProcessGuid: {67e11d8c-eb43-5fdd-1b97-000000000700}\r\nProcessId: 6328\r\nImage: C:\\Program Files\\Wireshark\\dumpcap.exe\r\nImageLoaded: C:\\Windows\\System32\\bcrypt.dll\r\nFileVersion: 10.0.18362.1237 (WinBuild.160101.0800)\r\nDescription: Windows Cryptographic Primitives Library\r\nProduct: Microsoft Windows Operating System\r\nCompany: Microsoft Corporation\r\nOriginalFileName: bcrypt.dll\r\nHashes: SHA1=E9491DF4CCA4A25142C4F1033AB779A9162B21A0,MD5=F046E87EF05CCC4F79A48DF5E63662F0,SHA256=F1E0E036982B18A29DF498B3755A5BD90DE016E15B623436921E6FE2356E0D2D,IMPHASH=F8A5CF8F7AF31A59E7541332D16C6ABA\r\nSigned: true\r\nSignature: Microsoft Windows\r\nSignatureStatus: Valid","Task":"7","RuleName":"-","UtcTime":"2020-12-19 12:00:03.897","ProcessGuid":"{67e11d8c-eb43-5fdd-1b97-000000000700}","ProcessId":"6328","Image":"C:\\Program Files\\Wireshark\\dumpcap.exe","ImageLoaded":"C:\\Windows\\System32\\bcrypt.dll","FileVersion":"10.0.18362.1237 (WinBuild.160101.0800)","Description":"Windows Cryptographic Primitives Library","Product":"Microsoft Windows Operating System","Company":"Microsoft Corporation","OriginalFileName":"bcrypt.dll","Hashes":"SHA1=E9491DF4CCA4A25142C4F1033AB779A9162B21A0,MD5=F046E87EF05CCC4F79A48DF5E63662F0,SHA256=F1E0E036982B18A29DF498B3755A5BD90DE016E15B623436921E6FE2356E0D2D,IMPHASH=F8A5CF8F7AF31A59E7541332D16C6ABA","Signed":"true","Signature":"Microsoft Windows","SignatureStatus":"Valid"}
{"SourceName":"Microsoft-Windows-Sysmon","ProviderGuid":"{5770385f-c22a-43e0-bf4c-06f5698ffbd9}","Level":"4","Keywords":"0x8000000000000000","Channel":"Microsoft-Windows-Sysmon/Operational","Hostname":"WORKSTATION5.theshire.local","TimeCreated":"2020-12-19T07:00:03.914Z","@timestamp":"2020-12-19T07:00:03.914Z","EventID":7,"Message":"Image loaded:\r\nRuleName: -\r\nUtcTime: 2020-12-19 12:00:03.912\r\nProcessGuid: {67e11d8c-eb43-5fdd-1b97-000000000700}\r\nProcessId: 6328\r\nImage: C:\\Program Files\\Wireshark\\dumpcap.exe\r\nImageLoaded: C:\\Windows\\System32\\ntasn1.dll\r\nFileVersion: 10.0.18362.1 (WinBuild.160101.0800)\r\nDescription: Microsoft ASN.1 API\r\nProduct: Microsoft Windows Operating System\r\nCompany: Microsoft Corporation\r\nOriginalFileName: ntasn1.dll\r\nHashes: SHA1=A2D12FF45777950F1E84B4B97E387DD08CA21E9E,MD5=0365BBD35F91F2E3990A72DF66572586,SHA256=C1979FED6A92EB1864EC03F1ACEEDA4455D1FD498C460BD52E469054ACD7B953,IMPHASH=F7100EF886430CB1ABAF38BE7BB05DEF\r\nSigned: true\r\nSignature: Microsoft Windows\r\nSignatureStatus: Valid","Task":"7","RuleName":"-","UtcTime":"2020-12-19 12:00:03.912","ProcessGuid":"{67e11d8c-eb43-5fdd-1b97-000000000700}","ProcessId":"6328","Image":"C:\\Program Files\\Wireshark\\dumpcap.exe","ImageLoaded":"C:\\Windows\\System32\\ntasn1.dll","FileVersion":"10.0.18362.1 (WinBuild.160101.0800)","Description":"Microsoft ASN.1 API","Product":"Microsoft Windows Operating System","Company":"Microsoft Corporation","OriginalFileName":"ntasn1.dll","Hashes":"SHA1=A2D12FF45777950F1E84B4B97E387DD08CA21E9E,MD5=0365BBD35F91F2E3990A72DF66572586,SHA256=C1979FED6A92EB1864EC03F1ACEEDA4455D1FD498C460BD52E469054ACD7B953,IMPHASH=F7100EF886430CB1ABAF38BE7BB05DEF","Signed":"true","Signature":"Microsoft Windows","SignatureStatus":"Valid"}
{"SourceName":"Microsoft-Windows-Sysmon","ProviderGuid":"{5770385f-c22a-43e0-bf4c-06f5698ffbd9}","Level":"4","Keywords":"0x8000000000000000","Channel":"Microsoft-Windows-Sysmon/Operational","Hostname":"WORKSTATION5.theshire.local","TimeCreated":"2020-12-19T07:00:03.916Z","@timestamp":"2020-12-19T07:00:03.916Z","EventID":7,"Message":"Image loaded:\r\nRuleName: -\r\nUtcTime: 2020-12-19 12:00:03.912\r\nProcessGuid: {67e11d8c-eb43-5fdd-1b97-000000000700}\r\nProcessId: 6328\r\nImage: C:\\Program Files\\Wireshark\\dumpcap.exe\r\nImageLoaded: C:\\Windows\\System32\\rsaenh.dll\r\nFileVersion: 10.0.18362.1 (WinBuild.160101.0800)\r\nDescription: Microsoft Enhanced Cryptographic Provider\r\nProduct: Microsoft Windows Operating System\r\nCompany: Microsoft Corporation\r\nOriginalFileName: rsaenh.dll\r\nHashes: SHA1=09310F93E62D8B8BCBBEA36CB3AAF78CB98798EF,MD5=D3102BD5CD3C24E02C68CF6770379402,SHA256=49BF93C5C4D0D4AEE050ED83193DCF3FCB08D50DB5F0B7740436B24B83D14023,IMPHASH=A4C20B1A7B632846186AD47A0810709E\r\nSigned: true\r\nSignature: Microsoft Windows\r\nSignatureStatus: Valid","Task":"7","RuleName":"-","UtcTime":"2020-12-19 12:00:03.912","ProcessGuid":"{67e11d8c-eb43-5fdd-1b97-000000000700}","ProcessId":"6328","Image":"C:\\Program Files\\Wireshark\\dumpcap.exe","ImageLoaded":"C:\\Windows\\System32\\rsaenh.dll","FileVersion":"10.0.18362.1 (WinBuild.160101.0800)","Description":"Microsoft Enhanced Cryptographic Provider","Product":"Microsoft Windows Operating System","Company":"Microsoft Corporation","OriginalFileName":"rsaenh.dll","Hashes":"SHA1=09310F93E62D8B8BCBBEA36CB3AAF78CB98798EF,MD5=D3102BD5CD3C24E02C68CF6770379402,SHA256=49BF93C5C4D0D4AEE050ED83193DCF3FCB08D50DB5F0B7740436B24B83D14023,IMPHASH=A4C20B1A7B632846186AD47A0810709E","Signed":"true","Signature":"Microsoft Windows","SignatureStatus":"Valid"}
{"SourceName":"Microsoft-Windows-Sysmon","ProviderGuid":"{5770385f-c22a-43e0-bf4c-06f5698ffbd9}","Level":"4","Keywords":"0x8000000000000000","Channel":"Microsoft-Windows-Sysmon/Operational","Hostname":"WORKSTATION5.theshire.local","TimeCreated":"2020-12-19T07:00:03.917Z","@timestamp":"2020-12-19T07:00:03.917Z","EventID":7,"Message":"Image loaded:\r\nRuleName: -\r\nUtcTime: 2020-12-19 12:00:03.912\r\nProcessGuid: {67e11d8c-eb43-5fdd-1b97-000000000700}\r\nProcessId: 6328\r\nImage: C:\\Program Files\\Wireshark\\dumpcap.exe\r\nImageLoaded: C:\\Windows\\System32\\cryptbase.dll\r\nFileVersion: 10.0.18362.1 (WinBuild.160101.0800)\r\nDescription: Base cryptographic API DLL\r\nProduct: Microsoft Windows Operating System\r\nCompany: Microsoft Corporation\r\nOriginalFileName: cryptbase.dll\r\nHashes: SHA1=B6093663113CF33A76156CB3F6D4322514F00E4B,MD5=26887DE7D7D1928F52A452E3A63E55E8,SHA256=EA86D9754164CA2C01B4A7F81188B2490CEE1F350E177861A4702C92DFD6D066,IMPHASH=3F27E242D68FC14338677A25FAE441F7\r\nSigned: true\r\nSignature: Microsoft Windows\r\nSignatureStatus: Valid","Task":"7","RuleName":"-","UtcTime":"2020-12-19 12:00:03.912","ProcessGuid":"{67e11d8c-eb43-5fdd-1b97-000000000700}","ProcessId":"6328","Image":"C:\\Program Files\\Wireshark\\dumpcap.exe","ImageLoaded":"C:\\Windows\\System32\\cryptbase.dll","FileVersion":"10.0.18362.1 (WinBuild.160101.0800)","Description":"Base cryptographic API DLL","Product":"Microsoft Windows Operating System","Company":"Microsoft Corporation","OriginalFileName":"cryptbase.dll","Hashes":"SHA1=B6093663113CF33A76156CB3F6D4322514F00E4B,MD5=26887DE7D7D1928F52A452E3A63E55E8,SHA256=EA86D9754164CA2C01B4A7F81188B2490CEE1F350E177861A4702C92DFD6D066,IMPHASH=3F27E242D68FC14338677A25FAE441F7","Signed":"true","Signature":"Microsoft Windows","SignatureStatus":"Valid"}
{"SourceName":"Microsoft-Windows-Sysmon","ProviderGuid":"{5770385f-c22a-43e0-bf4c-06f5698ffbd9}","Level":"4","Keywords":"0x8000000000000000","Channel":"Microsoft-Windows-Sysmon/Operational","Hostname":"WORKSTATION5.theshire.local","TimeCreated":"2020-12-19T07:00:03.918Z","@timestamp":"2020-12-19T07:00:03.918Z","EventID":7,"Message":"Image loaded:\r\nRuleName: -\r\nUtcTime: 2020-12-19 12:00:03.912\r\nProcessGuid: {67e11d8c-eb43-5fdd-1b97-000000000700}\r\nProcessId: 6328\r\nImage: C:\\Program Files\\Wireshark\\dumpcap.exe\r\nImageLoaded: C:\\Windows\\System32\\Npcap\\wpcap.dll\r\nFileVersion: -\r\nDescription: -\r\nProduct: -\r\nCompany: -\r\nOriginalFileName: -\r\nHashes: SHA1=A93C604EC7D93139C84B3C45D2F82B98EB38B3F5,MD5=8F8B0870F48ED91BD830BD5B422BFA48,SHA256=F240DED2B07F24B9A5C162531521C9C894BC500216108C2A7C39863DD3AFC61E,IMPHASH=645C42FD754B5812A9F0E5812712EF74\r\nSigned: true\r\nSignature: Insecure.Com LLC\r\nSignatureStatus: Valid","Task":"7","RuleName":"-","UtcTime":"2020-12-19 12:00:03.912","ProcessGuid":"{67e11d8c-eb43-5fdd-1b97-000000000700}","ProcessId":"6328","Image":"C:\\Program Files\\Wireshark\\dumpcap.exe","ImageLoaded":"C:\\Windows\\System32\\Npcap\\wpcap.dll","FileVersion":"-","Description":"-","Product":"-","Company":"-","OriginalFileName":"-","Hashes":"SHA1=A93C604EC7D93139C84B3C45D2F82B98EB38B3F5,MD5=8F8B0870F48ED91BD830BD5B422BFA48,SHA256=F240DED2B07F24B9A5C162531521C9C894BC500216108C2A7C39863DD3AFC61E,IMPHASH=645C42FD754B5812A9F0E5812712EF74","Signed":"true","Signature":"Insecure.Com LLC","SignatureStatus":"Valid"}
{"SourceName":"Microsoft-Windows-Sysmon","ProviderGuid":"{5770385f-c22a-43e0-bf4c-06f5698ffbd9}","Level":"4","Keywords":"0x8000000000000000","Channel":"Microsoft-Windows-Sysmon/Operational","Hostname":"WORKSTATION5.theshire.local","TimeCreated":"2020-12-19T07:00:03.919Z","@timestamp":"2020-12-19T07:00:03.919Z","EventID":7,"Message":"Image loaded:\r\nRuleName: -\r\nUtcTime: 2020-12-19 12:00:03.912\r\nProcessGuid: {67e11d8c-eb43-5fdd-1b97-000000000700}\r\nProcessId: 6328\r\nImage: C:\\Program Files\\Wireshark\\dumpcap.exe\r\nImageLoaded: C:\\Windows\\System32\\Npcap\\Packet.dll\r\nFileVersion: 1.00\r\nDescription: The Packet API for Windows\r\nProduct: Npcap\r\nCompany: Insecure.Com LLC.\r\nOriginalFileName: Packet.dll\r\nHashes: SHA1=F2D30BA0CB89129610A042940E379B14271A7D59,MD5=ADE4A36AABD52349D128DFC737EF364F,SHA256=70B62FC892736D3DCC8A8101E1667A27D11395C8A2B3FFEB2BF8D63E19CF3943,IMPHASH=DFAD81165267C045361A51FF8493F2A5\r\nSigned: true\r\nSignature: Insecure.Com LLC\r\nSignatureStatus: Valid","Task":"7","RuleName":"-","UtcTime":"2020-12-19 12:00:03.912","ProcessGuid":"{67e11d8c-eb43-5fdd-1b97-000000000700}","ProcessId":"6328","Image":"C:\\Program Files\\Wireshark\\dumpcap.exe","ImageLoaded":"C:\\Windows\\System32\\Npcap\\Packet.dll","FileVersion":"1.00","Description":"The Packet API for Windows","Product":"Npcap","Company":"Insecure.Com LLC.","OriginalFileName":"Packet.dll","Hashes":"SHA1=F2D30BA0CB89129610A042940E379B14271A7D59,MD5=ADE4A36AABD52349D128DFC737EF364F,SHA256=70B62FC892736D3DCC8A8101E1667A27D11395C8A2B3FFEB2BF8D63E19CF3943,IMPHASH=DFAD81165267C045361A51FF8493F2A5","Signed":"true","Signature":"Insecure.Com LLC","SignatureStatus":"Valid"}
{"SourceName":"Microsoft-Windows-Sysmon","ProviderGuid":"{5770385f-c22a-43e0-bf4c-06f5698ffbd9}","Level":"4","Keywords":"0x8000000000000000","Channel":"Microsoft-Windows-Sysmon/Operational","Hostname":"WORKSTATION5.theshire.local","TimeCreated":"2020-12-19T07:00:03.919Z","@timestamp":"2020-12-19T07:00:03.919Z","EventID":7,"Message":"Image loaded:\r\nRuleName: -\r\nUtcTime: 2020-12-19 12:00:03.912\r\nProcessGuid: {67e11d8c-eb43-5fdd-1b97-000000000700}\r\nProcessId: 6328\r\nImage: C:\\Program Files\\Wireshark\\dumpcap.exe\r\nImageLoaded: C:\\Windows\\System32\\version.dll\r\nFileVersion: 10.0.18362.1 (WinBuild.160101.0800)\r\nDescription: Version Checking and File Installation Libraries\r\nProduct: Microsoft Windows Operating System\r\nCompany: Microsoft Corporation\r\nOriginalFileName: VERSION.DLL\r\nHashes: SHA1=119724CC09BB52731D86A6B9F94003ED88E0E3FE,MD5=2C7C14627CFF3384C52E61D4DBD0ECC3,SHA256=41B4D85D84A86E41B948694B9B5F398A0D79F47629D6D969EB5B461D4F5D0347,IMPHASH=34340C2C4E9AA6EF6AD12BB695FC695B\r\nSigned: true\r\nSignature: Microsoft Windows\r\nSignatureStatus: Valid","Task":"7","RuleName":"-","UtcTime":"2020-12-19 12:00:03.912","ProcessGuid":"{67e11d8c-eb43-5fdd-1b97-000000000700}","ProcessId":"6328","Image":"C:\\Program Files\\Wireshark\\dumpcap.exe","ImageLoaded":"C:\\Windows\\System32\\version.dll","FileVersion":"10.0.18362.1 (WinBuild.160101.0800)","Description":"Version Checking and File Installation Libraries","Product":"Microsoft Windows Operating System","Company":"Microsoft Corporation","OriginalFileName":"VERSION.DLL","Hashes":"SHA1=119724CC09BB52731D86A6B9F94003ED88E0E3FE,MD5=2C7C14627CFF3384C52E61D4DBD0ECC3,SHA256=41B4D85D84A86E41B948694B9B5F398A0D79F47629D6D969EB5B461D4F5D0347,IMPHASH=34340C2C4E9AA6EF6AD12BB695FC695B","Signed":"true","Signature":"Microsoft Windows","SignatureStatus":"Valid"}
{"SourceName":"Microsoft-Windows-Sysmon","ProviderGuid":"{5770385f-c22a-43e0-bf4c-06f5698ffbd9}","Level":"4","Keywords":"0x8000000000000000","Channel":"Microsoft-Windows-Sysmon/Operational","Hostname":"WORKSTATION5.theshire.local","TimeCreated":"2020-12-19T07:00:03.924Z","@timestamp":"2020-12-19T07:00:03.924Z","EventID":18,"Message":"Pipe Connected:\r\nRuleName: -\r\nEventType: ConnectPipe\r\nUtcTime: 2020-12-19 12:00:03.912\r\nProcessGuid: {67e11d8c-eb43-5fdd-1b97-000000000700}\r\nProcessId: 6328\r\nPipeName: \\wireshark.7744.signal\r\nImage: C:\\Program Files\\Wireshark\\dumpcap.exe","Task":"18","RuleName":"-","EventType":"ConnectPipe","UtcTime":"2020-12-19 12:00:03.912","ProcessGuid":"{67e11d8c-eb43-5fdd-1b97-000000000700}","ProcessId":"6328","PipeName":"\\wireshark.7744.signal","Image":"C:\\Program Files\\Wireshark\\dumpcap.exe"}
{"SourceName":"Microsoft-Windows-Sysmon","ProviderGuid":"{5770385f-c22a-43e0-bf4c-06f5698ffbd9}","Level":"4","Keywords":"0x8000000000000000","Channel":"Microsoft-Windows-Sysmon/Operational","Hostname":"WORKSTATION5.theshire.local","TimeCreated":"2020-12-19T07:00:03.928Z","@timestamp":"2020-12-19T07:00:03.928Z","EventID":7,"Message":"Image loaded:\r\nRuleName: -\r\nUtcTime: 2020-12-19 12:00:03.912\r\nProcessGuid: {67e11d8c-eb43-5fdd-1b97-000000000700}\r\nProcessId: 6328\r\nImage: C:\\Program Files\\Wireshark\\dumpcap.exe\r\nImageLoaded: C:\\Windows\\System32\\nsi.dll\r\nFileVersion: 10.0.18362.1171 (WinBuild.160101.0800)\r\nDescription: NSI User-mode interface DLL\r\nProduct: Microsoft Windows Operating System\r\nCompany: Microsoft Corporation\r\nOriginalFileName: nsi.dll\r\nHashes: SHA1=6142069DA145BA30308585C889617548EB0AC04C,MD5=18F6E659E5603EA57E9D587D5FCD7738,SHA256=67BCCBA0642A60FF0F2D55088FE4DEAAE0AAEE86B96E62484C1F991014262A69,IMPHASH=DEFB8C5BB37FCD63DC790B55724FDE42\r\nSigned: true\r\nSignature: Microsoft Windows\r\nSignatureStatus: Valid","Task":"7","RuleName":"-","UtcTime":"2020-12-19 12:00:03.912","ProcessGuid":"{67e11d8c-eb43-5fdd-1b97-000000000700}","ProcessId":"6328","Image":"C:\\Program Files\\Wireshark\\dumpcap.exe","ImageLoaded":"C:\\Windows\\System32\\nsi.dll","FileVersion":"10.0.18362.1171 (WinBuild.160101.0800)","Description":"NSI User-mode interface DLL","Product":"Microsoft Windows Operating System","Company":"Microsoft Corporation","OriginalFileName":"nsi.dll","Hashes":"SHA1=6142069DA145BA30308585C889617548EB0AC04C,MD5=18F6E659E5603EA57E9D587D5FCD7738,SHA256=67BCCBA0642A60FF0F2D55088FE4DEAAE0AAEE86B96E62484C1F991014262A69,IMPHASH=DEFB8C5BB37FCD63DC790B55724FDE42","Signed":"true","Signature":"Microsoft Windows","SignatureStatus":"Valid"}
