{"SourceName":"Microsoft-Windows-Sysmon","ProviderGuid":"{5770385f-c22a-43e0-bf4c-06f5698ffbd9}","Level":"4","Keywords":"0x8000000000000000","Channel":"Microsoft-Windows-Sysmon/Operational","Hostname":"WORKSTATION5.theshire.local","TimeCreated":"2020-12-19T07:00:03.929Z","@timestamp":"2020-12-19T07:00:03.929Z","EventID":7,"Message":"Image loaded:\r\nRuleName: -\r\nUtcTime: 2020-12-19 12:00:03.928\r\nProcessGuid: {67e11d8c-eb43-5fdd-1b97-000000000700}\r\nProcessId: 6328\r\nImage: C:\\Program Files\\Wireshark\\dumpcap.exe\r\nImageLoaded: C:\\Windows\\System32\\dhcpcsvc6.dll\r\nFileVersion: 10.0.18362.1171 (WinBuild.160101.0800)\r\nDescription: DHCPv6 Client\r\nProduct: Microsoft Windows Operating System\r\nCompany: Microsoft Corporation\r\nOriginalFileName: dhcpcsvc6.dll\r\nHashes: SHA1=FEC6F7520B4BCFE19D8DA29404BE4749EBD1048E,MD5=7001AEA06AE664E246C0457AD3FF3CFC,SHA256=84F1E90DFAC80663C2E0CE86EF5E128576C726C4F5593051664372321D78BADA,IMPHASH=A08BF41263E3776AD11E1600C12BCA60\r\nSigned: true\r\nSignature: Microsoft Windows\r\nSignatureStatus: Valid","Task":"7","RuleName":"-","UtcTime":"2020-12-19 12:00:03.928","ProcessGuid":"{67e11d8c-eb43-5fdd-1b97-000000000700}","ProcessId":"6328","Image":"C:\\Program Files\\Wireshark\\dumpcap.exe","ImageLoaded":"C:\\Windows\\System32\\dhcpcsvc6.dll","FileVersion":"10.0.18362.1171 (WinBuild.160101.0800)","Description":"DHCPv6 Client","Product":"Microsoft Windows Operating System","Company":"Microsoft Corporation","OriginalFileName":"dhcpcsvc6.dll","Hashes":"SHA1=FEC6F7520B4BCFE19D8DA29404BE4749EBD1048E,MD5=7001AEA06AE664E246C0457AD3FF3CFC,SHA256=84F1E90DFAC80663C2E0CE86EF5E128576C726C4F5593051664372321D78BADA,IMPHASH=A08BF41263E3776AD11E1600C12BCA60","Signed":"true","Signature":"Microsoft Windows","SignatureStatus":"Valid"}
{"SourceName":"Microsoft-Windows-Sysmon","ProviderGuid":"{5770385f-c22a-43e0-bf4c-06f5698ffbd9}","Level":"4","Keywords":"0x8000000000000000","Channel":"Microsoft-Windows-Sysmon/Operational","Hostname":"WORKSTATION5.theshire.local","TimeCreated":"2020-12-19T07:00:03.931Z","@timestamp":"2020-12-19T07:00:03.931Z","EventID":7,"Message":"Image loaded:\r\nRuleName: -\r\nUtcTime: 2020-12-19 12:00:03.928\r\nProcessGuid: {67e11d8c-eb43-5fdd-1b97-000000000700}\r\nProcessId: 6328\r\nImage: C:\\Program Files\\Wireshark\\dumpcap.exe\r\nImageLoaded: C:\\Windows\\System32\\dhcpcsvc.dll\r\nFileVersion: 10.0.18362.1171 (WinBuild.160101.0800)\r\nDescription: DHCP Client Service\r\nProduct: Microsoft Windows Operating System\r\nCompany: Microsoft Corporation\r\nOriginalFileName: dhcpcsvc.dll\r\nHashes: SHA1=6201FA2ABC7F2C0C303C55CEBDFB2EF6435D2A6B,MD5=E411934489AA793E3FC9EB26ACC8B9BA,SHA256=A4F5A576B78E2965143528FE949BE5C2DDF2AF37F38A3E8076D323AD29298B06,IMPHASH=EE29DA81355C13DA2F9BBA37D3F3B408\r\nSigned: true\r\nSignature: Microsoft Windows\r\nSignatureStatus: Valid","Task":"7","RuleName":"-","UtcTime":"2020-12-19 12:00:03.928","ProcessGuid":"{67e11d8c-eb43-5fdd-1b97-000000000700}","ProcessId":"6328","Image":"C:\\Program Files\\Wireshark\\dumpcap.exe","ImageLoaded":"C:\\Windows\\System32\\dhcpcsvc.dll","FileVersion":"10.0.18362.1171 (WinBuild.160101.0800)","Description":"DHCP Client Service","Product":"Microsoft Windows Operating System","Company":"Microsoft Corporation","OriginalFileName":"dhcpcsvc.dll","Hashes":"SHA1=6201FA2ABC7F2C0C303C55CEBDFB2EF6435D2A6B,MD5=E411934489AA793E3FC9EB26ACC8B9BA,SHA256=A4F5A576B78E2965143528FE949BE5C2DDF2AF37F38A3E8076D323AD29298B06,IMPHASH=EE29DA81355C13DA2F9BBA37D3F3B408","Signed":"true","Signature":"Microsoft Windows","SignatureStatus":"Valid"}
{"SourceName":"Microsoft-Windows-Sysmon","ProviderGuid":"{5770385f-c22a-43e0-bf4c-06f5698ffbd9}","Level":"4","Keywords":"0x8000000000000000","Channel":"Microsoft-Windows-Sysmon/Operational","Hostname":"WORKSTATION5.theshire.local","TimeCreated":"2020-12-19T07:00:03.953Z","@timestamp":"2020-12-19T07:00:03.953Z","EventID":7,"Message":"Image loaded:\r\nRuleName: -\r\nUtcTime: 2020-12-19 12:00:03.928\r\nProcessGuid: {67e11d8c-eb43-5fdd-1b97-000000000700}\r\nProcessId: 6328\r\nImage: C:\\Program Files\\Wireshark\\dumpcap.exe\r\nImageLoaded: C:\\Windows\\System32\\dnsapi.dll\r\nFileVersion: 10.0.18362.1171 (WinBuild.160101.0800)\r\nDescription: DNS Client API DLL\r\nProduct: Microsoft Windows Operating System\r\nCompany: Microsoft Corporation\r\nOriginalFileName: dnsapi\r\nHashes: SHA1=E757AC687AB52B946FF9599F7776E94115FE51F2,MD5=5082EADAE391B63A9CDDA1054F0C5810,SHA256=74002E8DDD577012B982A89416B948920BE906AEAC4DD7A9621E930AF2A5CC7B,IMPHASH=4F5D32C6FC235B97FCDCBF329BDAA231\r\nSigned: true\r\nSignature: Microsoft Windows\r\nSignatureStatus: Valid","Task":"7","RuleName":"-","UtcTime":"2020-12-19 12:00:03.928","ProcessGuid":"{67e11d8c-eb43-5fdd-1b97-000000000700}","ProcessId":"6328","Image":"C:\\Program Files\\Wireshark\\dumpcap.exe","ImageLoaded":"C:\\Windows\\System32\\dnsapi.dll","FileVersion":"10.0.18362.1171 (WinBuild.160101.0800)","Description":"DNS Client API DLL","Product":"Microsoft Windows Operating System","Company":"Microsoft Corporation","OriginalFileName":"dnsapi","Hashes":"SHA1=E757AC687AB52B946FF9599F7776E94115FE51F2,MD5=5082EADAE391B63A9CDDA1054F0C5810,SHA256=74002E8DDD577012B982A89416B948920BE906AEAC4DD7A9621E930AF2A5CC7B,IMPHASH=4F5D32C6FC235B97FCDCBF329BDAA231","Signed":"true","Signature":"Microsoft Windows","SignatureStatus":"Valid"}
{"SourceName":"Microsoft-Windows-Sysmon","ProviderGuid":"{5770385f-c22a-43e0-bf4c-06f5698ffbd9}","Level":"4","Keywords":"0x8000000000000000","Channel":"Microsoft-Windows-Sysmon/Operational","Hostname":"WORKSTATION5.theshire.local","TimeCreated":"2020-12-19T07:00:03.962Z","@timestamp":"2020-12-19T07:00:03.962Z","EventID":11,"Message":"File created:\r\nRuleName: -\r\nUtcTime: 2020-12-19 12:00:03.959\r\nProcessGuid: {67e11d8c-eb43-5fdd-1b97-000000000700}\r\nProcessId: 6328\r\nImage: C:\\Program Files\\Wireshark\\dumpcap.exe\r\nTargetFilename: C:\\Users\\pgustavo\\AppData\\Local\\Temp\\wireshark_Ethernet15IGV0.pcapng\r\nCreationUtcTime: 2020-12-19 12:00:03.959","Task":"11","RuleName":"-","UtcTime":"2020-12-19 12:00:03.959","ProcessGuid":"{67e11d8c-eb43-5fdd-1b97-000000000700}","ProcessId":"6328","Image":"C:\\Program Files\\Wireshark\\dumpcap.exe","TargetFilename":"C:\\Users\\pgustavo\\AppData\\Local\\Temp\\wireshark_Ethernet15IGV0.pcapng","CreationUtcTime":"2020-12-19 12:00:03.959"}
{"SourceName":"Microsoft-Windows-Sysmon","ProviderGuid":"{5770385f-c22a-43e0-bf4c-06f5698ffbd9}","Level":"4","Keywords":"0x8000000000000000","Channel":"Microsoft-Windows-Sysmon/Operational","Hostname":"WORKSTATION5.theshire.local","TimeCreated":"2020-12-19T07:00:04.367Z","@timestamp":"2020-12-19T07:00:04.367Z","EventID":10,"Message":"Process accessed:\r\nRuleName: -\r\nUtcTime: 2020-12-19 12:00:04.365\r\nSourceProcessGUID: {67e11d8c-876a-5fd0-1000-000000000700}\r\nSourceProcessId: 932\r\nSourceThreadId: 400\r\nSourceImage: C:\\windows\\system32\\svchost.exe\r\nTargetProcessGUID: {67e11d8c-781f-5fd2-8714-000000000700}\r\nTargetProcessId: 8140\r\nTargetImage: C:\\Windows\\SystemApps\\InputApp_cw5n1h2txyewy\\WindowsInternal.ComposableShell.Experiences.TextInput.InputApp.exe\r\nGrantedAccess: 0x1000\r\nCallTrace: C:\\windows\\SYSTEM32\\ntdll.dll+9cbb4|C:\\windows\\SYSTEM32\\psmserviceexthost.dll+222a3|C:\\windows\\SYSTEM32\\psmserviceexthost.dll+37ea0|C:\\windows\\SYSTEM32\\psmserviceexthost.dll+37929|C:\\windows\\SYSTEM32\\psmserviceexthost.dll+686f8|C:\\windows\\SYSTEM32\\psmserviceexthost.dll+6e84a|C:\\windows\\SYSTEM32\\psmserviceexthost.dll+6f700|C:\\windows\\SYSTEM32\\psmserviceexthost.dll+34be4|C:\\windows\\SYSTEM32\\psmserviceexthost.dll+6f63e|C:\\windows\\SYSTEM32\\psmserviceexthost.dll+713b5|C:\\windows\\SYSTEM32\\psmserviceexthost.dll+50bda|C:\\windows\\SYSTEM32\\psmserviceexthost.dll+4500a|C:\\windows\\System32\\KERNEL32.DLL+17c24|C:\\windows\\SYSTEM32\\ntdll.dll+6d4d1","Task":"10","RuleName":"-","UtcTime":"2020-12-19 12:00:04.365","SourceProcessGUID":"{67e11d8c-876a-5fd0-1000-000000000700}","SourceProcessId":"932","SourceThreadId":"400","SourceImage":"C:\\windows\\system32\\svchost.exe","TargetProcessGUID":"{67e11d8c-781f-5fd2-8714-000000000700}","TargetProcessId":"8140","TargetImage":"C:\\Windows\\SystemApps\\InputApp_cw5n1h2txyewy\\WindowsInternal.ComposableShell.Experiences.TextInput.InputApp.exe","GrantedAccess":"0x1000","CallTrace":"C:\\windows\\SYSTEM32\\ntdll.dll+9cbb4|C:\\windows\\SYSTEM32\\psmserviceexthost.dll+222a3|C:\\windows\\SYSTEM32\\psmserviceexthost.dll+37ea0|C:\\windows\\SYSTEM32\\psmserviceexthost.dll+37929|C:\\windows\\SYSTEM32\\psmserviceexthost.dll+686f8|C:\\windows\\SYSTEM32\\psmserviceexthost.dll+6e84a|C:\\windows\\SYSTEM32\\psmserviceexthost.dll+6f700|C:\\windows\\SYSTEM32\\psmserviceexthost.dll+34be4|C:\\windows\\SYSTEM32\\psmserviceexthost.dll+6f63e|C:\\windows\\SYSTEM32\\psmserviceexthost.dll+713b5|C:\\windows\\SYSTEM32\\psmserviceexthost.dll+50bda|C:\\windows\\SYSTEM32\\psmserviceexthost.dll+4500a|C:\\windows\\System32\\KERNEL32.DLL+17c24|C:\\windows\\SYSTEM32\\ntdll.dll+6d4d1"}
{"SourceName":"Microsoft-Windows-Sysmon","ProviderGuid":"{5770385f-c22a-43e0-bf4c-06f5698ffbd9}","Level":"4","Keywords":"0x8000000000000000","Channel":"Microsoft-Windows-Sysmon/Operational","Hostname":"WORKSTATION5.theshire.local","TimeCreated":"2020-12-19T07:00:05.368Z","@timestamp":"2020-12-19T07:00:05.368Z","EventID":10,"Message":"Process accessed:\r\nRuleName: -\r\nUtcTime: 2020-12-19 12:00:05.366\r\nSourceProcessGUID: {67e11d8c-876a-5fd0-1000-000000000700}\r\nSourceProcessId: 932\r\nSourceThreadId: 400\r\nSourceImage: C:\\windows\\system32\\svchost.exe\r\nTargetProcessGUID: {67e11d8c-781f-5fd2-8714-000000000700}\r\nTargetProcessId: 8140\r\nTargetImage: C:\\Windows\\SystemApps\\InputApp_cw5n1h2txyewy\\WindowsInternal.ComposableShell.Experiences.TextInput.InputApp.exe\r\nGrantedAccess: 0x1000\r\nCallTrace: C:\\windows\\SYSTEM32\\ntdll.dll+9cbb4|C:\\windows\\SYSTEM32\\psmserviceexthost.dll+222a3|C:\\windows\\SYSTEM32\\psmserviceexthost.dll+37ea0|C:\\windows\\SYSTEM32\\psmserviceexthost.dll+37929|C:\\windows\\SYSTEM32\\psmserviceexthost.dll+686f8|C:\\windows\\SYSTEM32\\psmserviceexthost.dll+6e84a|C:\\windows\\SYSTEM32\\psmserviceexthost.dll+6f700|C:\\windows\\SYSTEM32\\psmserviceexthost.dll+34be4|C:\\windows\\SYSTEM32\\psmserviceexthost.dll+6f63e|C:\\windows\\SYSTEM32\\psmserviceexthost.dll+713b5|C:\\windows\\SYSTEM32\\psmserviceexthost.dll+50bda|C:\\windows\\SYSTEM32\\psmserviceexthost.dll+4500a|C:\\windows\\System32\\KERNEL32.DLL+17c24|C:\\windows\\SYSTEM32\\ntdll.dll+6d4d1","Task":"10","RuleName":"-","UtcTime":"2020-12-19 12:00:05.366","SourceProcessGUID":"{67e11d8c-876a-5fd0-1000-000000000700}","SourceProcessId":"932","SourceThreadId":"400","SourceImage":"C:\\windows\\system32\\svchost.exe","TargetProcessGUID":"{67e11d8c-781f-5fd2-8714-000000000700}","TargetProcessId":"8140","TargetImage":"C:\\Windows\\SystemApps\\InputApp_cw5n1h2txyewy\\WindowsInternal.ComposableShell.Experiences.TextInput.InputApp.exe","GrantedAccess":"0x1000","CallTrace":"C:\\windows\\SYSTEM32\\ntdll.dll+9cbb4|C:\\windows\\SYSTEM32\\psmserviceexthost.dll+222a3|C:\\windows\\SYSTEM32\\psmserviceexthost.dll+37ea0|C:\\windows\\SYSTEM32\\psmserviceexthost.dll+37929|C:\\windows\\SYSTEM32\\psmserviceexthost.dll+686f8|C:\\windows\\SYSTEM32\\psmserviceexthost.dll+6e84a|C:\\windows\\SYSTEM32\\psmserviceexthost.dll+6f700|C:\\windows\\SYSTEM32\\psmserviceexthost.dll+34be4|C:\\windows\\SYSTEM32\\psmserviceexthost.dll+6f63e|C:\\windows\\SYSTEM32\\psmserviceexthost.dll+713b5|C:\\windows\\SYSTEM32\\psmserviceexthost.dll+50bda|C:\\windows\\SYSTEM32\\psmserviceexthost.dll+4500a|C:\\windows\\System32\\KERNEL32.DLL+17c24|C:\\windows\\SYSTEM32\\ntdll.dll+6d4d1"}
{"SourceName":"Microsoft-Windows-Sysmon","ProviderGuid":"{5770385f-c22a-43e0-bf4c-06f5698ffbd9}","Level":"4","Keywords":"0x8000000000000000","Channel":"Microsoft-Windows-Sysmon/Operational","Hostname":"WORKSTATION5.theshire.local","TimeCreated":"2020-12-19T07:00:05.663Z","@timestamp":"2020-12-19T07:00:05.663Z","EventID":13,"Message":"Registry value set:\r\nRuleName: -\r\nEventType: SetValue\r\nUtcTime: 2020-12-19 12:00:05.663\r\nProcessGuid: {67e11d8c-77f6-5fd2-6714-000000000700}\r\nProcessId: 2724\r\nImage: C:\\windows\\Explorer.EXE\r\nTargetObject: HKU\\S-1-5-21-3786818125-2382361537-3207726629-1104\\Software\\Microsoft\\Windows\\CurrentVersion\\Explorer\\UserAssist\\{CEBFF5CD-ACE2-4F4F-9178-9926F41749EA}\\Count\\{6Q809377-6NS0-444O-8957-N3773S02200R}\\Jverfunex\\Jverfunex.rkr\r\nDetails: Binary Data","Task":"13","RuleName":"-","EventType":"SetValue","UtcTime":"2020-12-19 12:00:05.663","ProcessGuid":"{67e11d8c-77f6-5fd2-6714-000000000700}","ProcessId":"2724","Image":"C:\\windows\\Explorer.EXE","TargetObject":"HKU\\S-1-5-21-3786818125-2382361537-3207726629-1104\\Software\\Microsoft\\Windows\\CurrentVersion\\Explorer\\UserAssist\\{CEBFF5CD-ACE2-4F4F-9178-9926F41749EA}\\Count\\{6Q809377-6NS0-444O-8957-N3773S02200R}\\Jverfunex\\Jverfunex.rkr","Details":"Binary Data"}
{"SourceName":"Microsoft-Windows-Sysmon","ProviderGuid":"{5770385f-c22a-43e0-bf4c-06f5698ffbd9}","Level":"4","Keywords":"0x8000000000000000","Channel":"Microsoft-Windows-Sysmon/Operational","Hostname":"WORKSTATION5.theshire.local","TimeCreated":"2020-12-19T07:00:05.664Z","@timestamp":"2020-12-19T07:00:05.664Z","EventID":13,"Message":"Registry value set:\r\nRuleName: -\r\nEventType: SetValue\r\nUtcTime: 2020-12-19 12:00:05.663\r\nProcessGuid: {67e11d8c-77f6-5fd2-6714-000000000700}\r\nProcessId: 2724\r\nImage: C:\\windows\\Explorer.EXE\r\nTargetObject: HKU\\S-1-5-21-3786818125-2382361537-3207726629-1104\\Software\\Microsoft\\Windows\\CurrentVersion\\Explorer\\UserAssist\\{CEBFF5CD-ACE2-4F4F-9178-9926F41749EA}\\Count\\HRZR_PGYFRFFVBA\r\nDetails: Binary Data","Task":"13","RuleName":"-","EventType":"SetValue","UtcTime":"2020-12-19 12:00:05.663","ProcessGuid":"{67e11d8c-77f6-5fd2-6714-000000000700}","ProcessId":"2724","Image":"C:\\windows\\Explorer.EXE","TargetObject":"HKU\\S-1-5-21-3786818125-2382361537-3207726629-1104\\Software\\Microsoft\\Windows\\CurrentVersion\\Explorer\\UserAssist\\{CEBFF5CD-ACE2-4F4F-9178-9926F41749EA}\\Count\\HRZR_PGYFRFFVBA","Details":"Binary Data"}
{"SourceName":"Microsoft-Windows-Sysmon","ProviderGuid":"{5770385f-c22a-43e0-bf4c-06f5698ffbd9}","Level":"4","Keywords":"0x8000000000000000","Channel":"Microsoft-Windows-Sysmon/Operational","Hostname":"WORKSTATION5.theshire.local","TimeCreated":"2020-12-19T07:00:06.385Z","@timestamp":"2020-12-19T07:00:06.385Z","EventID":10,"Message":"Process accessed:\r\nRuleName: -\r\nUtcTime: 2020-12-19 12:00:06.381\r\nSourceProcessGUID: {67e11d8c-876a-5fd0-1000-000000000700}\r\nSourceProcessId: 932\r\nSourceThreadId: 400\r\nSourceImage: C:\\windows\\system32\\svchost.exe\r\nTargetProcessGUID: {67e11d8c-781f-5fd2-8714-000000000700}\r\nTargetProcessId: 8140\r\nTargetImage: C:\\Windows\\SystemApps\\InputApp_cw5n1h2txyewy\\WindowsInternal.ComposableShell.Experiences.TextInput.InputApp.exe\r\nGrantedAccess: 0x1000\r\nCallTrace: C:\\windows\\SYSTEM32\\ntdll.dll+9cbb4|C:\\windows\\SYSTEM32\\psmserviceexthost.dll+222a3|C:\\windows\\SYSTEM32\\psmserviceexthost.dll+37ea0|C:\\windows\\SYSTEM32\\psmserviceexthost.dll+37929|C:\\windows\\SYSTEM32\\psmserviceexthost.dll+686f8|C:\\windows\\SYSTEM32\\psmserviceexthost.dll+6e84a|C:\\windows\\SYSTEM32\\psmserviceexthost.dll+6f700|C:\\windows\\SYSTEM32\\psmserviceexthost.dll+34be4|C:\\windows\\SYSTEM32\\psmserviceexthost.dll+6f63e|C:\\windows\\SYSTEM32\\psmserviceexthost.dll+713b5|C:\\windows\\SYSTEM32\\psmserviceexthost.dll+50bda|C:\\windows\\SYSTEM32\\psmserviceexthost.dll+4500a|C:\\windows\\System32\\KERNEL32.DLL+17c24|C:\\windows\\SYSTEM32\\ntdll.dll+6d4d1","Task":"10","RuleName":"-","UtcTime":"2020-12-19 12:00:06.381","SourceProcessGUID":"{67e11d8c-876a-5fd0-1000-000000000700}","SourceProcessId":"932","SourceThreadId":"400","SourceImage":"C:\\windows\\system32\\svchost.exe","TargetProcessGUID":"{67e11d8c-781f-5fd2-8714-000000000700}","TargetProcessId":"8140","TargetImage":"C:\\Windows\\SystemApps\\InputApp_cw5n1h2txyewy\\WindowsInternal.ComposableShell.Experiences.TextInput.InputApp.exe","GrantedAccess":"0x1000","CallTrace":"C:\\windows\\SYSTEM32\\ntdll.dll+9cbb4|C:\\windows\\SYSTEM32\\psmserviceexthost.dll+222a3|C:\\windows\\SYSTEM32\\psmserviceexthost.dll+37ea0|C:\\windows\\SYSTEM32\\psmserviceexthost.dll+37929|C:\\windows\\SYSTEM32\\psmserviceexthost.dll+686f8|C:\\windows\\SYSTEM32\\psmserviceexthost.dll+6e84a|C:\\windows\\SYSTEM32\\psmserviceexthost.dll+6f700|C:\\windows\\SYSTEM32\\psmserviceexthost.dll+34be4|C:\\windows\\SYSTEM32\\psmserviceexthost.dll+6f63e|C:\\windows\\SYSTEM32\\psmserviceexthost.dll+713b5|C:\\windows\\SYSTEM32\\psmserviceexthost.dll+50bda|C:\\windows\\SYSTEM32\\psmserviceexthost.dll+4500a|C:\\windows\\System32\\KERNEL32.DLL+17c24|C:\\windows\\SYSTEM32\\ntdll.dll+6d4d1"}
{"SourceName":"Microsoft-Windows-Sysmon","ProviderGuid":"{5770385f-c22a-43e0-bf4c-06f5698ffbd9}","Level":"4","Keywords":"0x8000000000000000","Channel":"Microsoft-Windows-Sysmon/Operational","Hostname":"WORKSTATION5.theshire.local","TimeCreated":"2020-12-19T07:00:07.384Z","@timestamp":"2020-12-19T07:00:07.384Z","EventID":10,"Message":"Process accessed:\r\nRuleName: -\r\nUtcTime: 2020-12-19 12:00:07.381\r\nSourceProcessGUID: {67e11d8c-876a-5fd0-1000-000000000700}\r\nSourceProcessId: 932\r\nSourceThreadId: 400\r\nSourceImage: C:\\windows\\system32\\svchost.exe\r\nTargetProcessGUID: {67e11d8c-781f-5fd2-8714-000000000700}\r\nTargetProcessId: 8140\r\nTargetImage: C:\\Windows\\SystemApps\\InputApp_cw5n1h2txyewy\\WindowsInternal.ComposableShell.Experiences.TextInput.InputApp.exe\r\nGrantedAccess: 0x1000\r\nCallTrace: C:\\windows\\SYSTEM32\\ntdll.dll+9cbb4|C:\\windows\\SYSTEM32\\psmserviceexthost.dll+222a3|C:\\windows\\SYSTEM32\\psmserviceexthost.dll+37ea0|C:\\windows\\SYSTEM32\\psmserviceexthost.dll+37929|C:\\windows\\SYSTEM32\\psmserviceexthost.dll+686f8|C:\\windows\\SYSTEM32\\psmserviceexthost.dll+6e84a|C:\\windows\\SYSTEM32\\psmserviceexthost.dll+6f700|C:\\windows\\SYSTEM32\\psmserviceexthost.dll+34be4|C:\\windows\\SYSTEM32\\psmserviceexthost.dll+6f63e|C:\\windows\\SYSTEM32\\psmserviceexthost.dll+713b5|C:\\windows\\SYSTEM32\\psmserviceexthost.dll+50bda|C:\\windows\\SYSTEM32\\psmserviceexthost.dll+4500a|C:\\windows\\System32\\KERNEL32.DLL+17c24|C:\\windows\\SYSTEM32\\ntdll.dll+6d4d1","Task":"10","RuleName":"-","UtcTime":"2020-12-19 12:00:07.381","SourceProcessGUID":"{67e11d8c-876a-5fd0-1000-000000000700}","SourceProcessId":"932","SourceThreadId":"400","SourceImage":"C:\\windows\\system32\\svchost.exe","TargetProcessGUID":"{67e11d8c-781f-5fd2-8714-000000000700}","TargetProcessId":"8140","TargetImage":"C:\\Windows\\SystemApps\\InputApp_cw5n1h2txyewy\\WindowsInternal.ComposableShell.Experiences.TextInput.InputApp.exe","GrantedAccess":"0x1000","CallTrace":"C:\\windows\\SYSTEM32\\ntdll.dll+9cbb4|C:\\windows\\SYSTEM32\\psmserviceexthost.dll+222a3|C:\\windows\\SYSTEM32\\psmserviceexthost.dll+37ea0|C:\\windows\\SYSTEM32\\psmserviceexthost.dll+37929|C:\\windows\\SYSTEM32\\psmserviceexthost.dll+686f8|C:\\windows\\SYSTEM32\\psmserviceexthost.dll+6e84a|C:\\windows\\SYSTEM32\\psmserviceexthost.dll+6f700|C:\\windows\\SYSTEM32\\psmserviceexthost.dll+34be4|C:\\windows\\SYSTEM32\\psmserviceexthost.dll+6f63e|C:\\windows\\SYSTEM32\\psmserviceexthost.dll+713b5|C:\\windows\\SYSTEM32\\psmserviceexthost.dll+50bda|C:\\windows\\SYSTEM32\\psmserviceexthost.dll+4500a|C:\\windows\\System32\\KERNEL32.DLL+17c24|C:\\windows\\SYSTEM32\\ntdll.dll+6d4d1"}
{"SourceName":"Microsoft-Windows-Sysmon","ProviderGuid":"{5770385f-c22a-43e0-bf4c-06f5698ffbd9}","Level":"4","Keywords":"0x8000000000000000","Channel":"Microsoft-Windows-Sysmon/Operational","Hostname":"WORKSTATION5.theshire.local","TimeCreated":"2020-12-19T07:00:07.885Z","@timestamp":"2020-12-19T07:00:07.885Z","EventID":10,"Message":"Process accessed:\r\nRuleName: -\r\nUtcTime: 2020-12-19 12:00:07.881\r\nSourceProcessGUID: {67e11d8c-876a-5fd0-1000-000000000700}\r\nSourceProcessId: 932\r\nSourceThreadId: 6408\r\nSourceImage: C:\\windows\\system32\\svchost.exe\r\nTargetProcessGUID: {67e11d8c-77f6-5fd2-6714-000000000700}\r\nTargetProcessId: 2724\r\nTargetImage: C:\\windows\\Explorer.EXE\r\nGrantedAccess: 0x2000\r\nCallTrace: C:\\windows\\SYSTEM32\\ntdll.dll+9cbb4|C:\\windows\\SYSTEM32\\psmserviceexthost.dll+310c0|C:\\windows\\SYSTEM32\\psmserviceexthost.dll+30dbf|C:\\windows\\SYSTEM32\\ntdll.dll+6ba5|C:\\windows\\SYSTEM32\\ntdll.dll+67f1|C:\\windows\\SYSTEM32\\ntdll.dll+6650|C:\\windows\\SYSTEM32\\ntdll.dll+3052c|C:\\windows\\SYSTEM32\\ntdll.dll+34142|C:\\windows\\System32\\KERNEL32.DLL+17c24|C:\\windows\\SYSTEM32\\ntdll.dll+6d4d1","Task":"10","RuleName":"-","UtcTime":"2020-12-19 12:00:07.881","SourceProcessGUID":"{67e11d8c-876a-5fd0-1000-000000000700}","SourceProcessId":"932","SourceThreadId":"6408","SourceImage":"C:\\windows\\system32\\svchost.exe","TargetProcessGUID":"{67e11d8c-77f6-5fd2-6714-000000000700}","TargetProcessId":"2724","TargetImage":"C:\\windows\\Explorer.EXE","GrantedAccess":"0x2000","CallTrace":"C:\\windows\\SYSTEM32\\ntdll.dll+9cbb4|C:\\windows\\SYSTEM32\\psmserviceexthost.dll+310c0|C:\\windows\\SYSTEM32\\psmserviceexthost.dll+30dbf|C:\\windows\\SYSTEM32\\ntdll.dll+6ba5|C:\\windows\\SYSTEM32\\ntdll.dll+67f1|C:\\windows\\SYSTEM32\\ntdll.dll+6650|C:\\windows\\SYSTEM32\\ntdll.dll+3052c|C:\\windows\\SYSTEM32\\ntdll.dll+34142|C:\\windows\\System32\\KERNEL32.DLL+17c24|C:\\windows\\SYSTEM32\\ntdll.dll+6d4d1"}
{"SourceName":"Microsoft-Windows-Sysmon","ProviderGuid":"{5770385f-c22a-43e0-bf4c-06f5698ffbd9}","Level":"4","Keywords":"0x8000000000000000","Channel":"Microsoft-Windows-Sysmon/Operational","Hostname":"WORKSTATION5.theshire.local","TimeCreated":"2020-12-19T07:00:07.894Z","@timestamp":"2020-12-19T07:00:07.894Z","EventID":12,"Message":"Registry object added or deleted:\r\nRuleName: -\r\nEventType: CreateKey\r\nUtcTime: 2020-12-19 12:00:07.881\r\nProcessGuid: {67e11d8c-77f5-5fd2-6314-000000000700}\r\nProcessId: 5964\r\nImage: C:\\windows\\system32\\ctfmon.exe\r\nTargetObject: HKU\\S-1-5-21-3786818125-2382361537-3207726629-1104\\Software\\Microsoft\\Input\\Settings","Task":"12","RuleName":"-","EventType":"CreateKey","UtcTime":"2020-12-19 12:00:07.881","ProcessGuid":"{67e11d8c-77f5-5fd2-6314-000000000700}","ProcessId":"5964","Image":"C:\\windows\\system32\\ctfmon.exe","TargetObject":"HKU\\S-1-5-21-3786818125-2382361537-3207726629-1104\\Software\\Microsoft\\Input\\Settings"}
{"SourceName":"Microsoft-Windows-Sysmon","ProviderGuid":"{5770385f-c22a-43e0-bf4c-06f5698ffbd9}","Level":"4","Keywords":"0x8000000000000000","Channel":"Microsoft-Windows-Sysmon/Operational","Hostname":"WORKSTATION5.theshire.local","TimeCreated":"2020-12-19T07:00:07.894Z","@timestamp":"2020-12-19T07:00:07.894Z","EventID":10,"Message":"Process accessed:\r\nRuleName: -\r\nUtcTime: 2020-12-19 12:00:07.881\r\nSourceProcessGUID: {67e11d8c-77f6-5fd2-6714-000000000700}\r\nSourceProcessId: 2724\r\nSourceThreadId: 2588\r\nSourceImage: C:\\windows\\Explorer.EXE\r\nTargetProcessGUID: {67e11d8c-781f-5fd2-8714-000000000700}\r\nTargetProcessId: 8140\r\nTargetImage: C:\\Windows\\SystemApps\\InputApp_cw5n1h2txyewy\\WindowsInternal.ComposableShell.Experiences.TextInput.InputApp.exe\r\nGrantedAccess: 0x2000\r\nCallTrace: C:\\windows\\SYSTEM32\\ntdll.dll+9cbb4|C:\\windows\\System32\\KERNELBASE.dll+305fe|C:\\windows\\system32\\twinui.dll+72a89|C:\\windows\\system32\\twinui.dll+785b2|C:\\windows\\system32\\twinui.dll+1780b|C:\\windows\\system32\\twinui.dll+1734c|C:\\windows\\system32\\twinui.dll+68f7a|C:\\windows\\system32\\twinui.dll+16e09|C:\\windows\\system32\\twinui.dll+16f4b|C:\\windows\\system32\\twinui.dll+16ecd|C:\\windows\\System32\\USER32.dll+15c1d|C:\\windows\\System32\\USER32.dll+15612|C:\\Windows\\System32\\windows.immersiveshell.serviceprovider.dll+45f0|C:\\Windows\\System32\\windows.immersiveshell.serviceprovider.dll+41b9|C:\\Windows\\System32\\windows.immersiveshell.serviceprovider.dll+3e4f|C:\\windows\\System32\\KERNEL32.DLL+17c24|C:\\windows\\SYSTEM32\\ntdll.dll+6d4d1","Task":"10","RuleName":"-","UtcTime":"2020-12-19 12:00:07.881","SourceProcessGUID":"{67e11d8c-77f6-5fd2-6714-000000000700}","SourceProcessId":"2724","SourceThreadId":"2588","SourceImage":"C:\\windows\\Explorer.EXE","TargetProcessGUID":"{67e11d8c-781f-5fd2-8714-000000000700}","TargetProcessId":"8140","TargetImage":"C:\\Windows\\SystemApps\\InputApp_cw5n1h2txyewy\\WindowsInternal.ComposableShell.Experiences.TextInput.InputApp.exe","GrantedAccess":"0x2000","CallTrace":"C:\\windows\\SYSTEM32\\ntdll.dll+9cbb4|C:\\windows\\System32\\KERNELBASE.dll+305fe|C:\\windows\\system32\\twinui.dll+72a89|C:\\windows\\system32\\twinui.dll+785b2|C:\\windows\\system32\\twinui.dll+1780b|C:\\windows\\system32\\twinui.dll+1734c|C:\\windows\\system32\\twinui.dll+68f7a|C:\\windows\\system32\\twinui.dll+16e09|C:\\windows\\system32\\twinui.dll+16f4b|C:\\windows\\system32\\twinui.dll+16ecd|C:\\windows\\System32\\USER32.dll+15c1d|C:\\windows\\System32\\USER32.dll+15612|C:\\Windows\\System32\\windows.immersiveshell.serviceprovider.dll+45f0|C:\\Windows\\System32\\windows.immersiveshell.serviceprovider.dll+41b9|C:\\Windows\\System32\\windows.immersiveshell.serviceprovider.dll+3e4f|C:\\windows\\System32\\KERNEL32.DLL+17c24|C:\\windows\\SYSTEM32\\ntdll.dll+6d4d1"}
{"SourceName":"Microsoft-Windows-Sysmon","ProviderGuid":"{5770385f-c22a-43e0-bf4c-06f5698ffbd9}","Level":"4","Keywords":"0x8000000000000000","Channel":"Microsoft-Windows-Sysmon/Operational","Hostname":"WORKSTATION5.theshire.local","TimeCreated":"2020-12-19T07:00:07.895Z","@timestamp":"2020-12-19T07:00:07.895Z","EventID":10,"Message":"Process accessed:\r\nRuleName: -\r\nUtcTime: 2020-12-19 12:00:07.881\r\nSourceProcessGUID: {67e11d8c-77f6-5fd2-6714-000000000700}\r\nSourceProcessId: 2724\r\nSourceThreadId: 2588\r\nSourceImage: C:\\windows\\Explorer.EXE\r\nTargetProcessGUID: {67e11d8c-95d0-5fdc-e086-000000000700}\r\nTargetProcessId: 7744\r\nTargetImage: C:\\Program Files\\Wireshark\\Wireshark.exe\r\nGrantedAccess: 0x2000\r\nCallTrace: C:\\windows\\SYSTEM32\\ntdll.dll+9cbb4|C:\\windows\\System32\\KERNELBASE.dll+305fe|C:\\windows\\system32\\twinui.dll+72a89|C:\\windows\\system32\\twinui.dll+785b2|C:\\windows\\system32\\twinui.dll+1780b|C:\\windows\\system32\\twinui.dll+1734c|C:\\windows\\system32\\twinui.dll+68f7a|C:\\windows\\system32\\twinui.dll+16e09|C:\\windows\\system32\\twinui.dll+16f4b|C:\\windows\\system32\\twinui.dll+16ecd|C:\\windows\\System32\\USER32.dll+15c1d|C:\\windows\\System32\\USER32.dll+15612|C:\\Windows\\System32\\windows.immersiveshell.serviceprovider.dll+45f0|C:\\Windows\\System32\\windows.immersiveshell.serviceprovider.dll+41b9|C:\\Windows\\System32\\windows.immersiveshell.serviceprovider.dll+3e4f|C:\\windows\\System32\\KERNEL32.DLL+17c24|C:\\windows\\SYSTEM32\\ntdll.dll+6d4d1","Task":"10","RuleName":"-","UtcTime":"2020-12-19 12:00:07.881","SourceProcessGUID":"{67e11d8c-77f6-5fd2-6714-000000000700}","SourceProcessId":"2724","SourceThreadId":"2588","SourceImage":"C:\\windows\\Explorer.EXE","TargetProcessGUID":"{67e11d8c-95d0-5fdc-e086-000000000700}","TargetProcessId":"7744","TargetImage":"C:\\Program Files\\Wireshark\\Wireshark.exe","GrantedAccess":"0x2000","CallTrace":"C:\\windows\\SYSTEM32\\ntdll.dll+9cbb4|C:\\windows\\System32\\KERNELBASE.dll+305fe|C:\\windows\\system32\\twinui.dll+72a89|C:\\windows\\system32\\twinui.dll+785b2|C:\\windows\\system32\\twinui.dll+1780b|C:\\windows\\system32\\twinui.dll+1734c|C:\\windows\\system32\\twinui.dll+68f7a|C:\\windows\\system32\\twinui.dll+16e09|C:\\windows\\system32\\twinui.dll+16f4b|C:\\windows\\system32\\twinui.dll+16ecd|C:\\windows\\System32\\USER32.dll+15c1d|C:\\windows\\System32\\USER32.dll+15612|C:\\Windows\\System32\\windows.immersiveshell.serviceprovider.dll+45f0|C:\\Windows\\System32\\windows.immersiveshell.serviceprovider.dll+41b9|C:\\Windows\\System32\\windows.immersiveshell.serviceprovider.dll+3e4f|C:\\windows\\System32\\KERNEL32.DLL+17c24|C:\\windows\\SYSTEM32\\ntdll.dll+6d4d1"}
{"SourceName":"Microsoft-Windows-Sysmon","ProviderGuid":"{5770385f-c22a-43e0-bf4c-06f5698ffbd9}","Level":"4","Keywords":"0x8000000000000000","Channel":"Microsoft-Windows-Sysmon/Operational","Hostname":"WORKSTATION5.theshire.local","TimeCreated":"2020-12-19T07:00:07.895Z","@timestamp":"2020-12-19T07:00:07.895Z","EventID":13,"Message":"Registry value set:\r\nRuleName: -\r\nEventType: SetValue\r\nUtcTime: 2020-12-19 12:00:07.881\r\nProcessGuid: {67e11d8c-77f6-5fd2-6714-000000000700}\r\nProcessId: 2724\r\nImage: C:\\windows\\Explorer.EXE\r\nTargetObject: HKU\\S-1-5-21-3786818125-2382361537-3207726629-1104\\Software\\Microsoft\\Windows\\CurrentVersion\\Explorer\\UserAssist\\{CEBFF5CD-ACE2-4F4F-9178-9926F41749EA}\\Count\\{6Q809377-6NS0-444O-8957-N3773S02200R}\\Jverfunex\\Jverfunex.rkr\r\nDetails: Binary Data","Task":"13","RuleName":"-","EventType":"SetValue","UtcTime":"2020-12-19 12:00:07.881","ProcessGuid":"{67e11d8c-77f6-5fd2-6714-000000000700}","ProcessId":"2724","Image":"C:\\windows\\Explorer.EXE","TargetObject":"HKU\\S-1-5-21-3786818125-2382361537-3207726629-1104\\Software\\Microsoft\\Windows\\CurrentVersion\\Explorer\\UserAssist\\{CEBFF5CD-ACE2-4F4F-9178-9926F41749EA}\\Count\\{6Q809377-6NS0-444O-8957-N3773S02200R}\\Jverfunex\\Jverfunex.rkr","Details":"Binary Data"}
{"SourceName":"Microsoft-Windows-Sysmon","ProviderGuid":"{5770385f-c22a-43e0-bf4c-06f5698ffbd9}","Level":"4","Keywords":"0x8000000000000000","Channel":"Microsoft-Windows-Sysmon/Operational","Hostname":"WORKSTATION5.theshire.local","TimeCreated":"2020-12-19T07:00:07.895Z","@timestamp":"2020-12-19T07:00:07.895Z","EventID":13,"Message":"Registry value set:\r\nRuleName: -\r\nEventType: SetValue\r\nUtcTime: 2020-12-19 12:00:07.881\r\nProcessGuid: {67e11d8c-77f6-5fd2-6714-000000000700}\r\nProcessId: 2724\r\nImage: C:\\windows\\Explorer.EXE\r\nTargetObject: HKU\\S-1-5-21-3786818125-2382361537-3207726629-1104\\Software\\Microsoft\\Windows\\CurrentVersion\\Explorer\\UserAssist\\{CEBFF5CD-ACE2-4F4F-9178-9926F41749EA}\\Count\\HRZR_PGYFRFFVBA\r\nDetails: Binary Data","Task":"13","RuleName":"-","EventType":"SetValue","UtcTime":"2020-12-19 12:00:07.881","ProcessGuid":"{67e11d8c-77f6-5fd2-6714-000000000700}","ProcessId":"2724","Image":"C:\\windows\\Explorer.EXE","TargetObject":"HKU\\S-1-5-21-3786818125-2382361537-3207726629-1104\\Software\\Microsoft\\Windows\\CurrentVersion\\Explorer\\UserAssist\\{CEBFF5CD-ACE2-4F4F-9178-9926F41749EA}\\Count\\HRZR_PGYFRFFVBA","Details":"Binary Data"}
{"SourceName":"Microsoft-Windows-Sysmon","ProviderGuid":"{5770385f-c22a-43e0-bf4c-06f5698ffbd9}","Level":"4","Keywords":"0x8000000000000000","Channel":"Microsoft-Windows-Sysmon/Operational","Hostname":"WORKSTATION5.theshire.local","TimeCreated":"2020-12-19T07:00:08.399Z","@timestamp":"2020-12-19T07:00:08.399Z","EventID":10,"Message":"Process accessed:\r\nRuleName: -\r\nUtcTime: 2020-12-19 12:00:08.397\r\nSourceProcessGUID: {67e11d8c-876a-5fd0-1000-000000000700}\r\nSourceProcessId: 932\r\nSourceThreadId: 400\r\nSourceImage: C:\\windows\\system32\\svchost.exe\r\nTargetProcessGUID: {67e11d8c-781f-5fd2-8714-000000000700}\r\nTargetProcessId: 8140\r\nTargetImage: C:\\Windows\\SystemApps\\InputApp_cw5n1h2txyewy\\WindowsInternal.ComposableShell.Experiences.TextInput.InputApp.exe\r\nGrantedAccess: 0x1000\r\nCallTrace: C:\\windows\\SYSTEM32\\ntdll.dll+9cbb4|C:\\windows\\SYSTEM32\\psmserviceexthost.dll+222a3|C:\\windows\\SYSTEM32\\psmserviceexthost.dll+37ea0|C:\\windows\\SYSTEM32\\psmserviceexthost.dll+37929|C:\\windows\\SYSTEM32\\psmserviceexthost.dll+686f8|C:\\windows\\SYSTEM32\\psmserviceexthost.dll+6e84a|C:\\windows\\SYSTEM32\\psmserviceexthost.dll+6f700|C:\\windows\\SYSTEM32\\psmserviceexthost.dll+34be4|C:\\windows\\SYSTEM32\\psmserviceexthost.dll+6f63e|C:\\windows\\SYSTEM32\\psmserviceexthost.dll+713b5|C:\\windows\\SYSTEM32\\psmserviceexthost.dll+50bda|C:\\windows\\SYSTEM32\\psmserviceexthost.dll+4500a|C:\\windows\\System32\\KERNEL32.DLL+17c24|C:\\windows\\SYSTEM32\\ntdll.dll+6d4d1","Task":"10","RuleName":"-","UtcTime":"2020-12-19 12:00:08.397","SourceProcessGUID":"{67e11d8c-876a-5fd0-1000-000000000700}","SourceProcessId":"932","SourceThreadId":"400","SourceImage":"C:\\windows\\system32\\svchost.exe","TargetProcessGUID":"{67e11d8c-781f-5fd2-8714-000000000700}","TargetProcessId":"8140","TargetImage":"C:\\Windows\\SystemApps\\InputApp_cw5n1h2txyewy\\WindowsInternal.ComposableShell.Experiences.TextInput.InputApp.exe","GrantedAccess":"0x1000","CallTrace":"C:\\windows\\SYSTEM32\\ntdll.dll+9cbb4|C:\\windows\\SYSTEM32\\psmserviceexthost.dll+222a3|C:\\windows\\SYSTEM32\\psmserviceexthost.dll+37ea0|C:\\windows\\SYSTEM32\\psmserviceexthost.dll+37929|C:\\windows\\SYSTEM32\\psmserviceexthost.dll+686f8|C:\\windows\\SYSTEM32\\psmserviceexthost.dll+6e84a|C:\\windows\\SYSTEM32\\psmserviceexthost.dll+6f700|C:\\windows\\SYSTEM32\\psmserviceexthost.dll+34be4|C:\\windows\\SYSTEM32\\psmserviceexthost.dll+6f63e|C:\\windows\\SYSTEM32\\psmserviceexthost.dll+713b5|C:\\windows\\SYSTEM32\\psmserviceexthost.dll+50bda|C:\\windows\\SYSTEM32\\psmserviceexthost.dll+4500a|C:\\windows\\System32\\KERNEL32.DLL+17c24|C:\\windows\\SYSTEM32\\ntdll.dll+6d4d1"}
{"SourceName":"Microsoft-Windows-Sysmon","ProviderGuid":"{5770385f-c22a-43e0-bf4c-06f5698ffbd9}","Level":"4","Keywords":"0x8000000000000000","Channel":"Microsoft-Windows-Sysmon/Operational","Hostname":"WORKSTATION5.theshire.local","TimeCreated":"2020-12-19T07:00:09.416Z","@timestamp":"2020-12-19T07:00:09.416Z","EventID":10,"Message":"Process accessed:\r\nRuleName: -\r\nUtcTime: 2020-12-19 12:00:09.413\r\nSourceProcessGUID: {67e11d8c-876a-5fd0-1000-000000000700}\r\nSourceProcessId: 932\r\nSourceThreadId: 400\r\nSourceImage: C:\\windows\\system32\\svchost.exe\r\nTargetProcessGUID: {67e11d8c-781f-5fd2-8714-000000000700}\r\nTargetProcessId: 8140\r\nTargetImage: C:\\Windows\\SystemApps\\InputApp_cw5n1h2txyewy\\WindowsInternal.ComposableShell.Experiences.TextInput.InputApp.exe\r\nGrantedAccess: 0x1000\r\nCallTrace: C:\\windows\\SYSTEM32\\ntdll.dll+9cbb4|C:\\windows\\SYSTEM32\\psmserviceexthost.dll+222a3|C:\\windows\\SYSTEM32\\psmserviceexthost.dll+37ea0|C:\\windows\\SYSTEM32\\psmserviceexthost.dll+37929|C:\\windows\\SYSTEM32\\psmserviceexthost.dll+686f8|C:\\windows\\SYSTEM32\\psmserviceexthost.dll+6e84a|C:\\windows\\SYSTEM32\\psmserviceexthost.dll+6f700|C:\\windows\\SYSTEM32\\psmserviceexthost.dll+34be4|C:\\windows\\SYSTEM32\\psmserviceexthost.dll+6f63e|C:\\windows\\SYSTEM32\\psmserviceexthost.dll+713b5|C:\\windows\\SYSTEM32\\psmserviceexthost.dll+50bda|C:\\windows\\SYSTEM32\\psmserviceexthost.dll+4500a|C:\\windows\\System32\\KERNEL32.DLL+17c24|C:\\windows\\SYSTEM32\\ntdll.dll+6d4d1","Task":"10","RuleName":"-","UtcTime":"2020-12-19 12:00:09.413","SourceProcessGUID":"{67e11d8c-876a-5fd0-1000-000000000700}","SourceProcessId":"932","SourceThreadId":"400","SourceImage":"C:\\windows\\system32\\svchost.exe","TargetProcessGUID":"{67e11d8c-781f-5fd2-8714-000000000700}","TargetProcessId":"8140","TargetImage":"C:\\Windows\\SystemApps\\InputApp_cw5n1h2txyewy\\WindowsInternal.ComposableShell.Experiences.TextInput.InputApp.exe","GrantedAccess":"0x1000","CallTrace":"C:\\windows\\SYSTEM32\\ntdll.dll+9cbb4|C:\\windows\\SYSTEM32\\psmserviceexthost.dll+222a3|C:\\windows\\SYSTEM32\\psmserviceexthost.dll+37ea0|C:\\windows\\SYSTEM32\\psmserviceexthost.dll+37929|C:\\windows\\SYSTEM32\\psmserviceexthost.dll+686f8|C:\\windows\\SYSTEM32\\psmserviceexthost.dll+6e84a|C:\\windows\\SYSTEM32\\psmserviceexthost.dll+6f700|C:\\windows\\SYSTEM32\\psmserviceexthost.dll+34be4|C:\\windows\\SYSTEM32\\psmserviceexthost.dll+6f63e|C:\\windows\\SYSTEM32\\psmserviceexthost.dll+713b5|C:\\windows\\SYSTEM32\\psmserviceexthost.dll+50bda|C:\\windows\\SYSTEM32\\psmserviceexthost.dll+4500a|C:\\windows\\System32\\KERNEL32.DLL+17c24|C:\\windows\\SYSTEM32\\ntdll.dll+6d4d1"}
{"SourceName":"Microsoft-Windows-Sysmon","ProviderGuid":"{5770385f-c22a-43e0-bf4c-06f5698ffbd9}","Level":"4","Keywords":"0x8000000000000000","Channel":"Microsoft-Windows-Sysmon/Operational","Hostname":"WORKSTATION5.theshire.local","TimeCreated":"2020-12-19T07:00:10.320Z","@timestamp":"2020-12-19T07:00:10.320Z","EventID":12,"Message":"Registry object added or deleted:\r\nRuleName: -\r\nEventType: CreateKey\r\nUtcTime: 2020-12-19 12:00:10.319\r\nProcessGuid: {67e11d8c-77f6-5fd2-6714-000000000700}\r\nProcessId: 2724\r\nImage: C:\\windows\\Explorer.EXE\r\nTargetObject: HKU\\S-1-5-21-3786818125-2382361537-3207726629-1104\\Software\\Microsoft\\Windows\\CurrentVersion\\Explorer\\FeatureUsage\\AppSwitched","Task":"12","RuleName":"-","EventType":"CreateKey","UtcTime":"2020-12-19 12:00:10.319","ProcessGuid":"{67e11d8c-77f6-5fd2-6714-000000000700}","ProcessId":"2724","Image":"C:\\windows\\Explorer.EXE","TargetObject":"HKU\\S-1-5-21-3786818125-2382361537-3207726629-1104\\Software\\Microsoft\\Windows\\CurrentVersion\\Explorer\\FeatureUsage\\AppSwitched"}
{"SourceName":"Microsoft-Windows-Sysmon","ProviderGuid":"{5770385f-c22a-43e0-bf4c-06f5698ffbd9}","Level":"4","Keywords":"0x8000000000000000","Channel":"Microsoft-Windows-Sysmon/Operational","Hostname":"WORKSTATION5.theshire.local","TimeCreated":"2020-12-19T07:00:10.321Z","@timestamp":"2020-12-19T07:00:10.321Z","EventID":13,"Message":"Registry value set:\r\nRuleName: -\r\nEventType: SetValue\r\nUtcTime: 2020-12-19 12:00:10.319\r\nProcessGuid: {67e11d8c-77f6-5fd2-6714-000000000700}\r\nProcessId: 2724\r\nImage: C:\\windows\\Explorer.EXE\r\nTargetObject: HKU\\S-1-5-21-3786818125-2382361537-3207726629-1104\\Software\\Microsoft\\Windows\\CurrentVersion\\Explorer\\FeatureUsage\\AppSwitched\\{1AC14E77-02E7-4E5D-B744-2EB1AE5198B7}\\WindowsPowerShell\\v1.0\\powershell.exe\r\nDetails: DWORD (0x00000077)","Task":"13","RuleName":"-","EventType":"SetValue","UtcTime":"2020-12-19 12:00:10.319","ProcessGuid":"{67e11d8c-77f6-5fd2-6714-000000000700}","ProcessId":"2724","Image":"C:\\windows\\Explorer.EXE","TargetObject":"HKU\\S-1-5-21-3786818125-2382361537-3207726629-1104\\Software\\Microsoft\\Windows\\CurrentVersion\\Explorer\\FeatureUsage\\AppSwitched\\{1AC14E77-02E7-4E5D-B744-2EB1AE5198B7}\\WindowsPowerShell\\v1.0\\powershell.exe","Details":"DWORD (0x00000077)"}
{"SourceName":"Microsoft-Windows-Sysmon","ProviderGuid":"{5770385f-c22a-43e0-bf4c-06f5698ffbd9}","Level":"4","Keywords":"0x8000000000000000","Channel":"Microsoft-Windows-Sysmon/Operational","Hostname":"WORKSTATION5.theshire.local","TimeCreated":"2020-12-19T07:00:10.333Z","@timestamp":"2020-12-19T07:00:10.333Z","EventID":10,"Message":"Process accessed:\r\nRuleName: -\r\nUtcTime: 2020-12-19 12:00:10.319\r\nSourceProcessGUID: {67e11d8c-77f6-5fd2-6714-000000000700}\r\nSourceProcessId: 2724\r\nSourceThreadId: 2588\r\nSourceImage: C:\\windows\\Explorer.EXE\r\nTargetProcessGUID: {67e11d8c-e2c7-5fdd-a596-000000000700}\r\nTargetProcessId: 1140\r\nTargetImage: C:\\Windows\\System32\\WindowsPowerShell\\v1.0\\powershell.exe\r\nGrantedAccess: 0x1000\r\nCallTrace: C:\\windows\\SYSTEM32\\ntdll.dll+9cbb4|C:\\windows\\System32\\KERNELBASE.dll+305fe|C:\\windows\\SYSTEM32\\TWINAPI.dll+6cd3|C:\\windows\\system32\\twinui.pcshell.dll+20880|C:\\windows\\system32\\twinui.pcshell.dll+20082|C:\\windows\\system32\\twinui.dll+1780b|C:\\windows\\system32\\twinui.dll+1734c|C:\\windows\\system32\\twinui.dll+68f7a|C:\\windows\\system32\\twinui.dll+16e09|C:\\windows\\system32\\twinui.dll+16f4b|C:\\windows\\system32\\twinui.dll+16ecd|C:\\windows\\System32\\USER32.dll+15c1d|C:\\windows\\System32\\USER32.dll+15612|C:\\Windows\\System32\\windows.immersiveshell.serviceprovider.dll+45f0|C:\\Windows\\System32\\windows.immersiveshell.serviceprovider.dll+41b9|C:\\Windows\\System32\\windows.immersiveshell.serviceprovider.dll+3e4f|C:\\windows\\System32\\KERNEL32.DLL+17c24|C:\\windows\\SYSTEM32\\ntdll.dll+6d4d1","Task":"10","RuleName":"-","UtcTime":"2020-12-19 12:00:10.319","SourceProcessGUID":"{67e11d8c-77f6-5fd2-6714-000000000700}","SourceProcessId":"2724","SourceThreadId":"2588","SourceImage":"C:\\windows\\Explorer.EXE","TargetProcessGUID":"{67e11d8c-e2c7-5fdd-a596-000000000700}","TargetProcessId":"1140","TargetImage":"C:\\Windows\\System32\\WindowsPowerShell\\v1.0\\powershell.exe","GrantedAccess":"0x1000","CallTrace":"C:\\windows\\SYSTEM32\\ntdll.dll+9cbb4|C:\\windows\\System32\\KERNELBASE.dll+305fe|C:\\windows\\SYSTEM32\\TWINAPI.dll+6cd3|C:\\windows\\system32\\twinui.pcshell.dll+20880|C:\\windows\\system32\\twinui.pcshell.dll+20082|C:\\windows\\system32\\twinui.dll+1780b|C:\\windows\\system32\\twinui.dll+1734c|C:\\windows\\system32\\twinui.dll+68f7a|C:\\windows\\system32\\twinui.dll+16e09|C:\\windows\\system32\\twinui.dll+16f4b|C:\\windows\\system32\\twinui.dll+16ecd|C:\\windows\\System32\\USER32.dll+15c1d|C:\\windows\\System32\\USER32.dll+15612|C:\\Windows\\System32\\windows.immersiveshell.serviceprovider.dll+45f0|C:\\Windows\\System32\\windows.immersiveshell.serviceprovider.dll+41b9|C:\\Windows\\System32\\windows.immersiveshell.serviceprovider.dll+3e4f|C:\\windows\\System32\\KERNEL32.DLL+17c24|C:\\windows\\SYSTEM32\\ntdll.dll+6d4d1"}
{"SourceName":"Microsoft-Windows-Sysmon","ProviderGuid":"{5770385f-c22a-43e0-bf4c-06f5698ffbd9}","Level":"4","Keywords":"0x8000000000000000","Channel":"Microsoft-Windows-Sysmon/Operational","Hostname":"WORKSTATION5.theshire.local","TimeCreated":"2020-12-19T07:00:10.333Z","@timestamp":"2020-12-19T07:00:10.333Z","EventID":12,"Message":"Registry object added or deleted:\r\nRuleName: -\r\nEventType: CreateKey\r\nUtcTime: 2020-12-19 12:00:10.319\r\nProcessGuid: {67e11d8c-77f5-5fd2-6314-000000000700}\r\nProcessId: 5964\r\nImage: C:\\windows\\system32\\ctfmon.exe\r\nTargetObject: HKU\\S-1-5-21-3786818125-2382361537-3207726629-1104\\Software\\Microsoft\\Input\\Settings","Task":"12","RuleName":"-","EventType":"CreateKey","UtcTime":"2020-12-19 12:00:10.319","ProcessGuid":"{67e11d8c-77f5-5fd2-6314-000000000700}","ProcessId":"5964","Image":"C:\\windows\\system32\\ctfmon.exe","TargetObject":"HKU\\S-1-5-21-3786818125-2382361537-3207726629-1104\\Software\\Microsoft\\Input\\Settings"}
{"SourceName":"Microsoft-Windows-Sysmon","ProviderGuid":"{5770385f-c22a-43e0-bf4c-06f5698ffbd9}","Level":"4","Keywords":"0x8000000000000000","Channel":"Microsoft-Windows-Sysmon/Operational","Hostname":"WORKSTATION5.theshire.local","TimeCreated":"2020-12-19T07:00:10.334Z","@timestamp":"2020-12-19T07:00:10.334Z","EventID":10,"Message":"Process accessed:\r\nRuleName: -\r\nUtcTime: 2020-12-19 12:00:10.319\r\nSourceProcessGUID: {67e11d8c-77f6-5fd2-6714-000000000700}\r\nSourceProcessId: 2724\r\nSourceThreadId: 2588\r\nSourceImage: C:\\windows\\Explorer.EXE\r\nTargetProcessGUID: {67e11d8c-781f-5fd2-8714-000000000700}\r\nTargetProcessId: 8140\r\nTargetImage: C:\\Windows\\SystemApps\\InputApp_cw5n1h2txyewy\\WindowsInternal.ComposableShell.Experiences.TextInput.InputApp.exe\r\nGrantedAccess: 0x2000\r\nCallTrace: C:\\windows\\SYSTEM32\\ntdll.dll+9cbb4|C:\\windows\\System32\\KERNELBASE.dll+305fe|C:\\windows\\system32\\twinui.dll+72a89|C:\\windows\\system32\\twinui.dll+785b2|C:\\windows\\system32\\twinui.dll+1780b|C:\\windows\\system32\\twinui.dll+1734c|C:\\windows\\system32\\twinui.dll+68f7a|C:\\windows\\system32\\twinui.dll+16e09|C:\\windows\\system32\\twinui.dll+16f4b|C:\\windows\\system32\\twinui.dll+16ecd|C:\\windows\\System32\\USER32.dll+15c1d|C:\\windows\\System32\\USER32.dll+15612|C:\\Windows\\System32\\windows.immersiveshell.serviceprovider.dll+45f0|C:\\Windows\\System32\\windows.immersiveshell.serviceprovider.dll+41b9|C:\\Windows\\System32\\windows.immersiveshell.serviceprovider.dll+3e4f|C:\\windows\\System32\\KERNEL32.DLL+17c24|C:\\windows\\SYSTEM32\\ntdll.dll+6d4d1","Task":"10","RuleName":"-","UtcTime":"2020-12-19 12:00:10.319","SourceProcessGUID":"{67e11d8c-77f6-5fd2-6714-000000000700}","SourceProcessId":"2724","SourceThreadId":"2588","SourceImage":"C:\\windows\\Explorer.EXE","TargetProcessGUID":"{67e11d8c-781f-5fd2-8714-000000000700}","TargetProcessId":"8140","TargetImage":"C:\\Windows\\SystemApps\\InputApp_cw5n1h2txyewy\\WindowsInternal.ComposableShell.Experiences.TextInput.InputApp.exe","GrantedAccess":"0x2000","CallTrace":"C:\\windows\\SYSTEM32\\ntdll.dll+9cbb4|C:\\windows\\System32\\KERNELBASE.dll+305fe|C:\\windows\\system32\\twinui.dll+72a89|C:\\windows\\system32\\twinui.dll+785b2|C:\\windows\\system32\\twinui.dll+1780b|C:\\windows\\system32\\twinui.dll+1734c|C:\\windows\\system32\\twinui.dll+68f7a|C:\\windows\\system32\\twinui.dll+16e09|C:\\windows\\system32\\twinui.dll+16f4b|C:\\windows\\system32\\twinui.dll+16ecd|C:\\windows\\System32\\USER32.dll+15c1d|C:\\windows\\System32\\USER32.dll+15612|C:\\Windows\\System32\\windows.immersiveshell.serviceprovider.dll+45f0|C:\\Windows\\System32\\windows.immersiveshell.serviceprovider.dll+41b9|C:\\Windows\\System32\\windows.immersiveshell.serviceprovider.dll+3e4f|C:\\windows\\System32\\KERNEL32.DLL+17c24|C:\\windows\\SYSTEM32\\ntdll.dll+6d4d1"}
{"SourceName":"Microsoft-Windows-Sysmon","ProviderGuid":"{5770385f-c22a-43e0-bf4c-06f5698ffbd9}","Level":"4","Keywords":"0x8000000000000000","Channel":"Microsoft-Windows-Sysmon/Operational","Hostname":"WORKSTATION5.theshire.local","TimeCreated":"2020-12-19T07:00:10.334Z","@timestamp":"2020-12-19T07:00:10.334Z","EventID":10,"Message":"Process accessed:\r\nRuleName: -\r\nUtcTime: 2020-12-19 12:00:10.319\r\nSourceProcessGUID: {67e11d8c-77f6-5fd2-6714-000000000700}\r\nSourceProcessId: 2724\r\nSourceThreadId: 2588\r\nSourceImage: C:\\windows\\Explorer.EXE\r\nTargetProcessGUID: {67e11d8c-95d0-5fdc-e086-000000000700}\r\nTargetProcessId: 7744\r\nTargetImage: C:\\Program Files\\Wireshark\\Wireshark.exe\r\nGrantedAccess: 0x2000\r\nCallTrace: C:\\windows\\SYSTEM32\\ntdll.dll+9cbb4|C:\\windows\\System32\\KERNELBASE.dll+305fe|C:\\windows\\system32\\twinui.dll+72a89|C:\\windows\\system32\\twinui.dll+785b2|C:\\windows\\system32\\twinui.dll+1780b|C:\\windows\\system32\\twinui.dll+1734c|C:\\windows\\system32\\twinui.dll+68f7a|C:\\windows\\system32\\twinui.dll+16e09|C:\\windows\\system32\\twinui.dll+16f4b|C:\\windows\\system32\\twinui.dll+16ecd|C:\\windows\\System32\\USER32.dll+15c1d|C:\\windows\\System32\\USER32.dll+15612|C:\\Windows\\System32\\windows.immersiveshell.serviceprovider.dll+45f0|C:\\Windows\\System32\\windows.immersiveshell.serviceprovider.dll+41b9|C:\\Windows\\System32\\windows.immersiveshell.serviceprovider.dll+3e4f|C:\\windows\\System32\\KERNEL32.DLL+17c24|C:\\windows\\SYSTEM32\\ntdll.dll+6d4d1","Task":"10","RuleName":"-","UtcTime":"2020-12-19 12:00:10.319","SourceProcessGUID":"{67e11d8c-77f6-5fd2-6714-000000000700}","SourceProcessId":"2724","SourceThreadId":"2588","SourceImage":"C:\\windows\\Explorer.EXE","TargetProcessGUID":"{67e11d8c-95d0-5fdc-e086-000000000700}","TargetProcessId":"7744","TargetImage":"C:\\Program Files\\Wireshark\\Wireshark.exe","GrantedAccess":"0x2000","CallTrace":"C:\\windows\\SYSTEM32\\ntdll.dll+9cbb4|C:\\windows\\System32\\KERNELBASE.dll+305fe|C:\\windows\\system32\\twinui.dll+72a89|C:\\windows\\system32\\twinui.dll+785b2|C:\\windows\\system32\\twinui.dll+1780b|C:\\windows\\system32\\twinui.dll+1734c|C:\\windows\\system32\\twinui.dll+68f7a|C:\\windows\\system32\\twinui.dll+16e09|C:\\windows\\system32\\twinui.dll+16f4b|C:\\windows\\system32\\twinui.dll+16ecd|C:\\windows\\System32\\USER32.dll+15c1d|C:\\windows\\System32\\USER32.dll+15612|C:\\Windows\\System32\\windows.immersiveshell.serviceprovider.dll+45f0|C:\\Windows\\System32\\windows.immersiveshell.serviceprovider.dll+41b9|C:\\Windows\\System32\\windows.immersiveshell.serviceprovider.dll+3e4f|C:\\windows\\System32\\KERNEL32.DLL+17c24|C:\\windows\\SYSTEM32\\ntdll.dll+6d4d1"}
{"SourceName":"Microsoft-Windows-Sysmon","ProviderGuid":"{5770385f-c22a-43e0-bf4c-06f5698ffbd9}","Level":"4","Keywords":"0x8000000000000000","Channel":"Microsoft-Windows-Sysmon/Operational","Hostname":"WORKSTATION5.theshire.local","TimeCreated":"2020-12-19T07:00:10.334Z","@timestamp":"2020-12-19T07:00:10.334Z","EventID":10,"Message":"Process accessed:\r\nRuleName: -\r\nUtcTime: 2020-12-19 12:00:10.319\r\nSourceProcessGUID: {67e11d8c-77f6-5fd2-6714-000000000700}\r\nSourceProcessId: 2724\r\nSourceThreadId: 4188\r\nSourceImage: C:\\windows\\Explorer.EXE\r\nTargetProcessGUID: {67e11d8c-e2c7-5fdd-a596-000000000700}\r\nTargetProcessId: 1140\r\nTargetImage: C:\\Windows\\System32\\WindowsPowerShell\\v1.0\\powershell.exe\r\nGrantedAccess: 0x1000\r\nCallTrace: C:\\windows\\SYSTEM32\\ntdll.dll+9cbb4|C:\\windows\\System32\\KERNELBASE.dll+305fe|C:\\Windows\\System32\\appresolver.dll+221c5|C:\\Windows\\System32\\appresolver.dll+1edcc|C:\\Windows\\System32\\appresolver.dll+1ecb7|C:\\windows\\Explorer.EXE+2da67|C:\\windows\\Explorer.EXE+2d964|C:\\windows\\Explorer.EXE+76480|C:\\windows\\System32\\windows.storage.dll+16e2e4|C:\\windows\\System32\\windows.storage.dll+16df25|C:\\windows\\System32\\windows.storage.dll+16de05|C:\\windows\\System32\\shcore.dll+31896|C:\\windows\\SYSTEM32\\ntdll.dll+2f655|C:\\windows\\SYSTEM32\\ntdll.dll+345b4|C:\\windows\\System32\\KERNEL32.DLL+17c24|C:\\windows\\SYSTEM32\\ntdll.dll+6d4d1","Task":"10","RuleName":"-","UtcTime":"2020-12-19 12:00:10.319","SourceProcessGUID":"{67e11d8c-77f6-5fd2-6714-000000000700}","SourceProcessId":"2724","SourceThreadId":"4188","SourceImage":"C:\\windows\\Explorer.EXE","TargetProcessGUID":"{67e11d8c-e2c7-5fdd-a596-000000000700}","TargetProcessId":"1140","TargetImage":"C:\\Windows\\System32\\WindowsPowerShell\\v1.0\\powershell.exe","GrantedAccess":"0x1000","CallTrace":"C:\\windows\\SYSTEM32\\ntdll.dll+9cbb4|C:\\windows\\System32\\KERNELBASE.dll+305fe|C:\\Windows\\System32\\appresolver.dll+221c5|C:\\Windows\\System32\\appresolver.dll+1edcc|C:\\Windows\\System32\\appresolver.dll+1ecb7|C:\\windows\\Explorer.EXE+2da67|C:\\windows\\Explorer.EXE+2d964|C:\\windows\\Explorer.EXE+76480|C:\\windows\\System32\\windows.storage.dll+16e2e4|C:\\windows\\System32\\windows.storage.dll+16df25|C:\\windows\\System32\\windows.storage.dll+16de05|C:\\windows\\System32\\shcore.dll+31896|C:\\windows\\SYSTEM32\\ntdll.dll+2f655|C:\\windows\\SYSTEM32\\ntdll.dll+345b4|C:\\windows\\System32\\KERNEL32.DLL+17c24|C:\\windows\\SYSTEM32\\ntdll.dll+6d4d1"}
