{"SourceName":"Microsoft-Windows-Sysmon","ProviderGuid":"{5770385f-c22a-43e0-bf4c-06f5698ffbd9}","Level":"4","Keywords":"0x8000000000000000","Channel":"Microsoft-Windows-Sysmon/Operational","Hostname":"WORKSTATION6.theshire.local","TimeCreated":"2020-12-19T07:00:23.032Z","@timestamp":"2020-12-19T07:00:23.032Z","EventID":7,"Message":"Image loaded:\r\nRuleName: -\r\nUtcTime: 2020-12-19 12:00:23.024\r\nProcessGuid: {649442b8-eb57-5fdd-0c8c-000000000600}\r\nProcessId: 1408\r\nImage: C:\\Windows\\System32\\conhost.exe\r\nImageLoaded: C:\\Windows\\System32\\bcryptprimitives.dll\r\nFileVersion: 10.0.18362.1237 (WinBuild.160101.0800)\r\nDescription: Windows Cryptographic Primitives Library\r\nProduct: Microsoft Windows Operating System\r\nCompany: Microsoft Corporation\r\nOriginalFileName: bcryptprimitives.dll\r\nHashes: SHA1=9EF590B826FD65FD7F6B348604E29873AFE24353,MD5=CFA9891644C90A7739814212C28E9071,SHA256=9DADBB2C0AE4D8DBC3E855F35DF29FA40C0FEC8ABE3B15DAD2F789671A44792C,IMPHASH=496E42068C9391511CF6EE7C54F73A9B\r\nSigned: true\r\nSignature: Microsoft Windows\r\nSignatureStatus: Valid","Task":"7","RuleName":"-","UtcTime":"2020-12-19 12:00:23.024","ProcessGuid":"{649442b8-eb57-5fdd-0c8c-000000000600}","ProcessId":"1408","Image":"C:\\Windows\\System32\\conhost.exe","ImageLoaded":"C:\\Windows\\System32\\bcryptprimitives.dll","FileVersion":"10.0.18362.1237 (WinBuild.160101.0800)","Description":"Windows Cryptographic Primitives Library","Product":"Microsoft Windows Operating System","Company":"Microsoft Corporation","OriginalFileName":"bcryptprimitives.dll","Hashes":"SHA1=9EF590B826FD65FD7F6B348604E29873AFE24353,MD5=CFA9891644C90A7739814212C28E9071,SHA256=9DADBB2C0AE4D8DBC3E855F35DF29FA40C0FEC8ABE3B15DAD2F789671A44792C,IMPHASH=496E42068C9391511CF6EE7C54F73A9B","Signed":"true","Signature":"Microsoft Windows","SignatureStatus":"Valid"}
{"SourceName":"Microsoft-Windows-Sysmon","ProviderGuid":"{5770385f-c22a-43e0-bf4c-06f5698ffbd9}","Level":"4","Keywords":"0x8000000000000000","Channel":"Microsoft-Windows-Sysmon/Operational","Hostname":"WORKSTATION6.theshire.local","TimeCreated":"2020-12-19T07:00:23.033Z","@timestamp":"2020-12-19T07:00:23.033Z","EventID":7,"Message":"Image loaded:\r\nRuleName: -\r\nUtcTime: 2020-12-19 12:00:23.024\r\nProcessGuid: {649442b8-eb57-5fdd-0c8c-000000000600}\r\nProcessId: 1408\r\nImage: C:\\Windows\\System32\\conhost.exe\r\nImageLoaded: C:\\Windows\\System32\\advapi32.dll\r\nFileVersion: 10.0.18362.752 (WinBuild.160101.0800)\r\nDescription: Advanced Windows 32 Base API\r\nProduct: Microsoft Windows Operating System\r\nCompany: Microsoft Corporation\r\nOriginalFileName: advapi32.dll\r\nHashes: SHA1=35C61DDE6F8F4ED05F9C4837E2B91C886CA79F82,MD5=EA4F6E7961B4A402F6F5EC33C655260A,SHA256=5E2D103E7E1FD7CA0492E541F082D274EF6259AF2158A3562986C796C5C869DD,IMPHASH=8EEA175C33205685FB8A14876D7564DB\r\nSigned: true\r\nSignature: Microsoft Windows\r\nSignatureStatus: Valid","Task":"7","RuleName":"-","UtcTime":"2020-12-19 12:00:23.024","ProcessGuid":"{649442b8-eb57-5fdd-0c8c-000000000600}","ProcessId":"1408","Image":"C:\\Windows\\System32\\conhost.exe","ImageLoaded":"C:\\Windows\\System32\\advapi32.dll","FileVersion":"10.0.18362.752 (WinBuild.160101.0800)","Description":"Advanced Windows 32 Base API","Product":"Microsoft Windows Operating System","Company":"Microsoft Corporation","OriginalFileName":"advapi32.dll","Hashes":"SHA1=35C61DDE6F8F4ED05F9C4837E2B91C886CA79F82,MD5=EA4F6E7961B4A402F6F5EC33C655260A,SHA256=5E2D103E7E1FD7CA0492E541F082D274EF6259AF2158A3562986C796C5C869DD,IMPHASH=8EEA175C33205685FB8A14876D7564DB","Signed":"true","Signature":"Microsoft Windows","SignatureStatus":"Valid"}
{"SourceName":"Microsoft-Windows-Sysmon","ProviderGuid":"{5770385f-c22a-43e0-bf4c-06f5698ffbd9}","Level":"4","Keywords":"0x8000000000000000","Channel":"Microsoft-Windows-Sysmon/Operational","Hostname":"WORKSTATION6.theshire.local","TimeCreated":"2020-12-19T07:00:23.033Z","@timestamp":"2020-12-19T07:00:23.033Z","EventID":7,"Message":"Image loaded:\r\nRuleName: -\r\nUtcTime: 2020-12-19 12:00:23.024\r\nProcessGuid: {649442b8-eb57-5fdd-0c8c-000000000600}\r\nProcessId: 1408\r\nImage: C:\\Windows\\System32\\conhost.exe\r\nImageLoaded: C:\\Windows\\System32\\sechost.dll\r\nFileVersion: 10.0.18362.1237 (WinBuild.160101.0800)\r\nDescription: Host for SCM/SDDL/LSA Lookup APIs\r\nProduct: Microsoft Windows Operating System\r\nCompany: Microsoft Corporation\r\nOriginalFileName: sechost.dll\r\nHashes: SHA1=807822C660891BE08CFFC46A6493A08B85A2356E,MD5=63EC2607385A119D37685E2DB60B6B42,SHA256=F9EF14D94A8E61FA0E092D69832814D55C6E1CFA3C303725F8EEAC6071D6620F,IMPHASH=CE4BD072766253F6A267D0284CA82002\r\nSigned: true\r\nSignature: Microsoft Windows\r\nSignatureStatus: Valid","Task":"7","RuleName":"-","UtcTime":"2020-12-19 12:00:23.024","ProcessGuid":"{649442b8-eb57-5fdd-0c8c-000000000600}","ProcessId":"1408","Image":"C:\\Windows\\System32\\conhost.exe","ImageLoaded":"C:\\Windows\\System32\\sechost.dll","FileVersion":"10.0.18362.1237 (WinBuild.160101.0800)","Description":"Host for SCM/SDDL/LSA Lookup APIs","Product":"Microsoft Windows Operating System","Company":"Microsoft Corporation","OriginalFileName":"sechost.dll","Hashes":"SHA1=807822C660891BE08CFFC46A6493A08B85A2356E,MD5=63EC2607385A119D37685E2DB60B6B42,SHA256=F9EF14D94A8E61FA0E092D69832814D55C6E1CFA3C303725F8EEAC6071D6620F,IMPHASH=CE4BD072766253F6A267D0284CA82002","Signed":"true","Signature":"Microsoft Windows","SignatureStatus":"Valid"}
{"SourceName":"Microsoft-Windows-Sysmon","ProviderGuid":"{5770385f-c22a-43e0-bf4c-06f5698ffbd9}","Level":"4","Keywords":"0x8000000000000000","Channel":"Microsoft-Windows-Sysmon/Operational","Hostname":"WORKSTATION6.theshire.local","TimeCreated":"2020-12-19T07:00:23.036Z","@timestamp":"2020-12-19T07:00:23.036Z","EventID":10,"Message":"Process accessed:\r\nRuleName: -\r\nUtcTime: 2020-12-19 12:00:23.024\r\nSourceProcessGUID: {649442b8-eb57-5fdd-0c8c-000000000600}\r\nSourceProcessId: 1408\r\nSourceThreadId: 9676\r\nSourceImage: C:\\windows\\system32\\conhost.exe\r\nTargetProcessGUID: {649442b8-eb57-5fdd-0b8c-000000000600}\r\nTargetProcessId: 776\r\nTargetImage: C:\\windows\\system32\\cscript.exe\r\nGrantedAccess: 0x1FFFFF\r\nCallTrace: C:\\windows\\SYSTEM32\\ntdll.dll+9cbb4|C:\\windows\\System32\\KERNELBASE.dll+305fe|C:\\windows\\system32\\conhost.exe+1260d|C:\\windows\\system32\\conhost.exe+12505|C:\\windows\\system32\\conhost.exe+895c|C:\\windows\\system32\\conhost.exe+f2e6|C:\\windows\\System32\\KERNEL32.DLL+17c24|C:\\windows\\SYSTEM32\\ntdll.dll+6d4d1","Task":"10","RuleName":"-","UtcTime":"2020-12-19 12:00:23.024","SourceProcessGUID":"{649442b8-eb57-5fdd-0c8c-000000000600}","SourceProcessId":"1408","SourceThreadId":"9676","SourceImage":"C:\\windows\\system32\\conhost.exe","TargetProcessGUID":"{649442b8-eb57-5fdd-0b8c-000000000600}","TargetProcessId":"776","TargetImage":"C:\\windows\\system32\\cscript.exe","GrantedAccess":"0x1fffff","CallTrace":"C:\\windows\\SYSTEM32\\ntdll.dll+9cbb4|C:\\windows\\System32\\KERNELBASE.dll+305fe|C:\\windows\\system32\\conhost.exe+1260d|C:\\windows\\system32\\conhost.exe+12505|C:\\windows\\system32\\conhost.exe+895c|C:\\windows\\system32\\conhost.exe+f2e6|C:\\windows\\System32\\KERNEL32.DLL+17c24|C:\\windows\\SYSTEM32\\ntdll.dll+6d4d1"}
{"SourceName":"Microsoft-Windows-Sysmon","ProviderGuid":"{5770385f-c22a-43e0-bf4c-06f5698ffbd9}","Level":"4","Keywords":"0x8000000000000000","Channel":"Microsoft-Windows-Sysmon/Operational","Hostname":"WORKSTATION6.theshire.local","TimeCreated":"2020-12-19T07:00:23.036Z","@timestamp":"2020-12-19T07:00:23.036Z","EventID":7,"Message":"Image loaded:\r\nRuleName: -\r\nUtcTime: 2020-12-19 12:00:23.024\r\nProcessGuid: {649442b8-eb57-5fdd-0c8c-000000000600}\r\nProcessId: 1408\r\nImage: C:\\Windows\\System32\\conhost.exe\r\nImageLoaded: C:\\Windows\\System32\\user32.dll\r\nFileVersion: 10.0.18362.1256 (WinBuild.160101.0800)\r\nDescription: Multi-User Windows USER API Client DLL\r\nProduct: Microsoft Windows Operating System\r\nCompany: Microsoft Corporation\r\nOriginalFileName: user32\r\nHashes: SHA1=FD2541E3DFDE3674CDD9A070D1DB2A8DB43645A5,MD5=F14C97D2A8249A737A7F1CB7104656B6,SHA256=6DC141500883977D9D7236DE1415BF0975850FA435DB32426B261E22D6BDE1DC,IMPHASH=70F6F0466DB32D0AA9E18434AE996907\r\nSigned: true\r\nSignature: Microsoft Windows\r\nSignatureStatus: Valid","Task":"7","RuleName":"-","UtcTime":"2020-12-19 12:00:23.024","ProcessGuid":"{649442b8-eb57-5fdd-0c8c-000000000600}","ProcessId":"1408","Image":"C:\\Windows\\System32\\conhost.exe","ImageLoaded":"C:\\Windows\\System32\\user32.dll","FileVersion":"10.0.18362.1256 (WinBuild.160101.0800)","Description":"Multi-User Windows USER API Client DLL","Product":"Microsoft Windows Operating System","Company":"Microsoft Corporation","OriginalFileName":"user32","Hashes":"SHA1=FD2541E3DFDE3674CDD9A070D1DB2A8DB43645A5,MD5=F14C97D2A8249A737A7F1CB7104656B6,SHA256=6DC141500883977D9D7236DE1415BF0975850FA435DB32426B261E22D6BDE1DC,IMPHASH=70F6F0466DB32D0AA9E18434AE996907","Signed":"true","Signature":"Microsoft Windows","SignatureStatus":"Valid"}
{"SourceName":"Microsoft-Windows-Sysmon","ProviderGuid":"{5770385f-c22a-43e0-bf4c-06f5698ffbd9}","Level":"4","Keywords":"0x8000000000000000","Channel":"Microsoft-Windows-Sysmon/Operational","Hostname":"WORKSTATION6.theshire.local","TimeCreated":"2020-12-19T07:00:23.036Z","@timestamp":"2020-12-19T07:00:23.036Z","EventID":7,"Message":"Image loaded:\r\nRuleName: -\r\nUtcTime: 2020-12-19 12:00:23.024\r\nProcessGuid: {649442b8-eb57-5fdd-0c8c-000000000600}\r\nProcessId: 1408\r\nImage: C:\\Windows\\System32\\conhost.exe\r\nImageLoaded: C:\\Windows\\System32\\win32u.dll\r\nFileVersion: 10.0.18362.1237 (WinBuild.160101.0800)\r\nDescription: Win32u\r\nProduct: Microsoft Windows Operating System\r\nCompany: Microsoft Corporation\r\nOriginalFileName: Win32u.DLL\r\nHashes: SHA1=8713D184A16E1902E48FF31C5A0B066466B30EF2,MD5=7A0C7430D02B370EAF1ED17D791B8B89,SHA256=E34BE81E53E4EFDAA65B4B4CF919EB1D4E35F4C240D4A59F98384221C852B8B1,IMPHASH=00000000000000000000000000000000\r\nSigned: true\r\nSignature: Microsoft Windows\r\nSignatureStatus: Valid","Task":"7","RuleName":"-","UtcTime":"2020-12-19 12:00:23.024","ProcessGuid":"{649442b8-eb57-5fdd-0c8c-000000000600}","ProcessId":"1408","Image":"C:\\Windows\\System32\\conhost.exe","ImageLoaded":"C:\\Windows\\System32\\win32u.dll","FileVersion":"10.0.18362.1237 (WinBuild.160101.0800)","Description":"Win32u","Product":"Microsoft Windows Operating System","Company":"Microsoft Corporation","OriginalFileName":"Win32u.DLL","Hashes":"SHA1=8713D184A16E1902E48FF31C5A0B066466B30EF2,MD5=7A0C7430D02B370EAF1ED17D791B8B89,SHA256=E34BE81E53E4EFDAA65B4B4CF919EB1D4E35F4C240D4A59F98384221C852B8B1,IMPHASH=00000000000000000000000000000000","Signed":"true","Signature":"Microsoft Windows","SignatureStatus":"Valid"}
{"SourceName":"Microsoft-Windows-Sysmon","ProviderGuid":"{5770385f-c22a-43e0-bf4c-06f5698ffbd9}","Level":"4","Keywords":"0x8000000000000000","Channel":"Microsoft-Windows-Sysmon/Operational","Hostname":"WORKSTATION6.theshire.local","TimeCreated":"2020-12-19T07:00:23.037Z","@timestamp":"2020-12-19T07:00:23.037Z","EventID":7,"Message":"Image loaded:\r\nRuleName: -\r\nUtcTime: 2020-12-19 12:00:23.024\r\nProcessGuid: {649442b8-eb57-5fdd-0c8c-000000000600}\r\nProcessId: 1408\r\nImage: C:\\Windows\\System32\\conhost.exe\r\nImageLoaded: C:\\Windows\\System32\\gdi32.dll\r\nFileVersion: 10.0.18362.1256 (WinBuild.160101.0800)\r\nDescription: GDI Client DLL\r\nProduct: Microsoft Windows Operating System\r\nCompany: Microsoft Corporation\r\nOriginalFileName: gdi32\r\nHashes: SHA1=25F017FA9C2FC7CE2FD734F92BABEE16BF894817,MD5=3A24606E6C4E42E9DFD60A437006FE3E,SHA256=3D897611F3EC1B10BC3CB77D7BE362B52CFB459DAD0FCA05C33866CF59661345,IMPHASH=C5F30E6A06AB646153863B68366FE58A\r\nSigned: true\r\nSignature: Microsoft Windows\r\nSignatureStatus: Valid","Task":"7","RuleName":"-","UtcTime":"2020-12-19 12:00:23.024","ProcessGuid":"{649442b8-eb57-5fdd-0c8c-000000000600}","ProcessId":"1408","Image":"C:\\Windows\\System32\\conhost.exe","ImageLoaded":"C:\\Windows\\System32\\gdi32.dll","FileVersion":"10.0.18362.1256 (WinBuild.160101.0800)","Description":"GDI Client DLL","Product":"Microsoft Windows Operating System","Company":"Microsoft Corporation","OriginalFileName":"gdi32","Hashes":"SHA1=25F017FA9C2FC7CE2FD734F92BABEE16BF894817,MD5=3A24606E6C4E42E9DFD60A437006FE3E,SHA256=3D897611F3EC1B10BC3CB77D7BE362B52CFB459DAD0FCA05C33866CF59661345,IMPHASH=C5F30E6A06AB646153863B68366FE58A","Signed":"true","Signature":"Microsoft Windows","SignatureStatus":"Valid"}
{"SourceName":"Microsoft-Windows-Sysmon","ProviderGuid":"{5770385f-c22a-43e0-bf4c-06f5698ffbd9}","Level":"4","Keywords":"0x8000000000000000","Channel":"Microsoft-Windows-Sysmon/Operational","Hostname":"WORKSTATION6.theshire.local","TimeCreated":"2020-12-19T07:00:23.037Z","@timestamp":"2020-12-19T07:00:23.037Z","EventID":7,"Message":"Image loaded:\r\nRuleName: -\r\nUtcTime: 2020-12-19 12:00:23.024\r\nProcessGuid: {649442b8-eb57-5fdd-0c8c-000000000600}\r\nProcessId: 1408\r\nImage: C:\\Windows\\System32\\conhost.exe\r\nImageLoaded: C:\\Windows\\System32\\gdi32full.dll\r\nFileVersion: 10.0.18362.1256 (WinBuild.160101.0800)\r\nDescription: GDI Client DLL\r\nProduct: Microsoft Windows Operating System\r\nCompany: Microsoft Corporation\r\nOriginalFileName: gdi32\r\nHashes: SHA1=E8216CC1B5E7C386F1B2B8E1B45FC26F0E0CE094,MD5=0CF7FD50436273B6B61786E62EDD5DC7,SHA256=E37FE49A0B1AC4B557937463C046C3299D2E7667301FABA14F1883F8D79179C3,IMPHASH=4D32F6E2211CD04CA28C2CD4FAC607E8\r\nSigned: true\r\nSignature: Microsoft Windows\r\nSignatureStatus: Valid","Task":"7","RuleName":"-","UtcTime":"2020-12-19 12:00:23.024","ProcessGuid":"{649442b8-eb57-5fdd-0c8c-000000000600}","ProcessId":"1408","Image":"C:\\Windows\\System32\\conhost.exe","ImageLoaded":"C:\\Windows\\System32\\gdi32full.dll","FileVersion":"10.0.18362.1256 (WinBuild.160101.0800)","Description":"GDI Client DLL","Product":"Microsoft Windows Operating System","Company":"Microsoft Corporation","OriginalFileName":"gdi32","Hashes":"SHA1=E8216CC1B5E7C386F1B2B8E1B45FC26F0E0CE094,MD5=0CF7FD50436273B6B61786E62EDD5DC7,SHA256=E37FE49A0B1AC4B557937463C046C3299D2E7667301FABA14F1883F8D79179C3,IMPHASH=4D32F6E2211CD04CA28C2CD4FAC607E8","Signed":"true","Signature":"Microsoft Windows","SignatureStatus":"Valid"}
{"SourceName":"Microsoft-Windows-Sysmon","ProviderGuid":"{5770385f-c22a-43e0-bf4c-06f5698ffbd9}","Level":"4","Keywords":"0x8000000000000000","Channel":"Microsoft-Windows-Sysmon/Operational","Hostname":"WORKSTATION6.theshire.local","TimeCreated":"2020-12-19T07:00:23.039Z","@timestamp":"2020-12-19T07:00:23.039Z","EventID":7,"Message":"Image loaded:\r\nRuleName: -\r\nUtcTime: 2020-12-19 12:00:23.024\r\nProcessGuid: {649442b8-eb57-5fdd-0c8c-000000000600}\r\nProcessId: 1408\r\nImage: C:\\Windows\\System32\\conhost.exe\r\nImageLoaded: C:\\Windows\\System32\\shell32.dll\r\nFileVersion: 10.0.18362.1237 (WinBuild.160101.0800)\r\nDescription: Windows Shell Common Dll\r\nProduct: Microsoft Windows Operating System\r\nCompany: Microsoft Corporation\r\nOriginalFileName: SHELL32.DLL\r\nHashes: SHA1=C42CB08E02FE0EAC106FFFC4614098AE999BD706,MD5=67C804E8A32001B2EE94BDACDFAFA555,SHA256=32F4A02472EB44E470F3FBDD704778265E2B6E1CAB45D2E27757EBD18FD8201D,IMPHASH=7D2F2D79C865EE5B1D1861EB448E6A99\r\nSigned: true\r\nSignature: Microsoft Windows\r\nSignatureStatus: Valid","Task":"7","RuleName":"-","UtcTime":"2020-12-19 12:00:23.024","ProcessGuid":"{649442b8-eb57-5fdd-0c8c-000000000600}","ProcessId":"1408","Image":"C:\\Windows\\System32\\conhost.exe","ImageLoaded":"C:\\Windows\\System32\\shell32.dll","FileVersion":"10.0.18362.1237 (WinBuild.160101.0800)","Description":"Windows Shell Common Dll","Product":"Microsoft Windows Operating System","Company":"Microsoft Corporation","OriginalFileName":"SHELL32.DLL","Hashes":"SHA1=C42CB08E02FE0EAC106FFFC4614098AE999BD706,MD5=67C804E8A32001B2EE94BDACDFAFA555,SHA256=32F4A02472EB44E470F3FBDD704778265E2B6E1CAB45D2E27757EBD18FD8201D,IMPHASH=7D2F2D79C865EE5B1D1861EB448E6A99","Signed":"true","Signature":"Microsoft Windows","SignatureStatus":"Valid"}
{"SourceName":"Microsoft-Windows-Sysmon","ProviderGuid":"{5770385f-c22a-43e0-bf4c-06f5698ffbd9}","Level":"4","Keywords":"0x8000000000000000","Channel":"Microsoft-Windows-Sysmon/Operational","Hostname":"WORKSTATION6.theshire.local","TimeCreated":"2020-12-19T07:00:23.039Z","@timestamp":"2020-12-19T07:00:23.039Z","EventID":7,"Message":"Image loaded:\r\nRuleName: -\r\nUtcTime: 2020-12-19 12:00:23.024\r\nProcessGuid: {649442b8-eb57-5fdd-0c8c-000000000600}\r\nProcessId: 1408\r\nImage: C:\\Windows\\System32\\conhost.exe\r\nImageLoaded: C:\\Windows\\System32\\cfgmgr32.dll\r\nFileVersion: 10.0.18362.387 (WinBuild.160101.0800)\r\nDescription: Configuration Manager DLL\r\nProduct: Microsoft Windows Operating System\r\nCompany: Microsoft Corporation\r\nOriginalFileName: CFGMGR32.DLL\r\nHashes: SHA1=FA3A718BEED81C7084675E250ADC305677A6B5E4,MD5=3A99A40872AF3B87406CC57DBDF53748,SHA256=96A1DB38C74A81FBA4C4AB29020551364FD1ADA3B6FED789D193C787E757979D,IMPHASH=4B4464C7677B6F07342800F4CF0BA273\r\nSigned: true\r\nSignature: Microsoft Windows\r\nSignatureStatus: Valid","Task":"7","RuleName":"-","UtcTime":"2020-12-19 12:00:23.024","ProcessGuid":"{649442b8-eb57-5fdd-0c8c-000000000600}","ProcessId":"1408","Image":"C:\\Windows\\System32\\conhost.exe","ImageLoaded":"C:\\Windows\\System32\\cfgmgr32.dll","FileVersion":"10.0.18362.387 (WinBuild.160101.0800)","Description":"Configuration Manager DLL","Product":"Microsoft Windows Operating System","Company":"Microsoft Corporation","OriginalFileName":"CFGMGR32.DLL","Hashes":"SHA1=FA3A718BEED81C7084675E250ADC305677A6B5E4,MD5=3A99A40872AF3B87406CC57DBDF53748,SHA256=96A1DB38C74A81FBA4C4AB29020551364FD1ADA3B6FED789D193C787E757979D,IMPHASH=4B4464C7677B6F07342800F4CF0BA273","Signed":"true","Signature":"Microsoft Windows","SignatureStatus":"Valid"}
{"SourceName":"Microsoft-Windows-Sysmon","ProviderGuid":"{5770385f-c22a-43e0-bf4c-06f5698ffbd9}","Level":"4","Keywords":"0x8000000000000000","Channel":"Microsoft-Windows-Sysmon/Operational","Hostname":"WORKSTATION6.theshire.local","TimeCreated":"2020-12-19T07:00:23.040Z","@timestamp":"2020-12-19T07:00:23.040Z","EventID":7,"Message":"Image loaded:\r\nRuleName: -\r\nUtcTime: 2020-12-19 12:00:23.024\r\nProcessGuid: {649442b8-eb57-5fdd-0c8c-000000000600}\r\nProcessId: 1408\r\nImage: C:\\Windows\\System32\\conhost.exe\r\nImageLoaded: C:\\Windows\\System32\\windows.storage.dll\r\nFileVersion: 10.0.18362.1171 (WinBuild.160101.0800)\r\nDescription: Microsoft WinRT Storage API\r\nProduct: Microsoft Windows Operating System\r\nCompany: Microsoft Corporation\r\nOriginalFileName: Windows.Storage.dll\r\nHashes: SHA1=EE19E5E1FB49E9D67FC86B9E804D2920CE487BFA,MD5=A195854059F3A4D51A836975EBAB291F,SHA256=A9297298EDD3959008EE0B319A2DFE1D5AC6C6F0FC7F0BFB4679DBDD7D2BFA26,IMPHASH=BDB3E400A78EE2D42C647E85CD2D827B\r\nSigned: true\r\nSignature: Microsoft Windows\r\nSignatureStatus: Valid","Task":"7","RuleName":"-","UtcTime":"2020-12-19 12:00:23.024","ProcessGuid":"{649442b8-eb57-5fdd-0c8c-000000000600}","ProcessId":"1408","Image":"C:\\Windows\\System32\\conhost.exe","ImageLoaded":"C:\\Windows\\System32\\windows.storage.dll","FileVersion":"10.0.18362.1171 (WinBuild.160101.0800)","Description":"Microsoft WinRT Storage API","Product":"Microsoft Windows Operating System","Company":"Microsoft Corporation","OriginalFileName":"Windows.Storage.dll","Hashes":"SHA1=EE19E5E1FB49E9D67FC86B9E804D2920CE487BFA,MD5=A195854059F3A4D51A836975EBAB291F,SHA256=A9297298EDD3959008EE0B319A2DFE1D5AC6C6F0FC7F0BFB4679DBDD7D2BFA26,IMPHASH=BDB3E400A78EE2D42C647E85CD2D827B","Signed":"true","Signature":"Microsoft Windows","SignatureStatus":"Valid"}
{"SourceName":"Microsoft-Windows-Sysmon","ProviderGuid":"{5770385f-c22a-43e0-bf4c-06f5698ffbd9}","Level":"4","Keywords":"0x8000000000000000","Channel":"Microsoft-Windows-Sysmon/Operational","Hostname":"WORKSTATION6.theshire.local","TimeCreated":"2020-12-19T07:00:23.040Z","@timestamp":"2020-12-19T07:00:23.040Z","EventID":7,"Message":"Image loaded:\r\nRuleName: -\r\nUtcTime: 2020-12-19 12:00:23.024\r\nProcessGuid: {649442b8-eb57-5fdd-0c8c-000000000600}\r\nProcessId: 1408\r\nImage: C:\\Windows\\System32\\conhost.exe\r\nImageLoaded: C:\\Windows\\System32\\profapi.dll\r\nFileVersion: 10.0.18362.693 (WinBuild.160101.0800)\r\nDescription: User Profile Basic API\r\nProduct: Microsoft Windows Operating System\r\nCompany: Microsoft Corporation\r\nOriginalFileName: PROFAPI.DLL\r\nHashes: SHA1=387FC7660AFDEC45CFFB84980EB77D0E787ED31B,MD5=F4862E1CC68687B9D4B245512BDF8383,SHA256=A2DF0AC95B9AA338EB6062BA5739F65BFBA86658546F4C5CAC6045C363F55E24,IMPHASH=192CF98320740B7D296297054A9C3EEA\r\nSigned: true\r\nSignature: Microsoft Windows\r\nSignatureStatus: Valid","Task":"7","RuleName":"-","UtcTime":"2020-12-19 12:00:23.024","ProcessGuid":"{649442b8-eb57-5fdd-0c8c-000000000600}","ProcessId":"1408","Image":"C:\\Windows\\System32\\conhost.exe","ImageLoaded":"C:\\Windows\\System32\\profapi.dll","FileVersion":"10.0.18362.693 (WinBuild.160101.0800)","Description":"User Profile Basic API","Product":"Microsoft Windows Operating System","Company":"Microsoft Corporation","OriginalFileName":"PROFAPI.DLL","Hashes":"SHA1=387FC7660AFDEC45CFFB84980EB77D0E787ED31B,MD5=F4862E1CC68687B9D4B245512BDF8383,SHA256=A2DF0AC95B9AA338EB6062BA5739F65BFBA86658546F4C5CAC6045C363F55E24,IMPHASH=192CF98320740B7D296297054A9C3EEA","Signed":"true","Signature":"Microsoft Windows","SignatureStatus":"Valid"}
{"SourceName":"Microsoft-Windows-Sysmon","ProviderGuid":"{5770385f-c22a-43e0-bf4c-06f5698ffbd9}","Level":"4","Keywords":"0x8000000000000000","Channel":"Microsoft-Windows-Sysmon/Operational","Hostname":"WORKSTATION6.theshire.local","TimeCreated":"2020-12-19T07:00:23.040Z","@timestamp":"2020-12-19T07:00:23.040Z","EventID":10,"Message":"Process accessed:\r\nRuleName: -\r\nUtcTime: 2020-12-19 12:00:23.040\r\nSourceProcessGUID: {649442b8-52d8-5fd1-0f00-000000000600}\r\nSourceProcessId: 876\r\nSourceThreadId: 420\r\nSourceImage: C:\\windows\\system32\\svchost.exe\r\nTargetProcessGUID: {649442b8-7bc5-5fd2-070d-000000000600}\r\nTargetProcessId: 4212\r\nTargetImage: C:\\Windows\\SystemApps\\InputApp_cw5n1h2txyewy\\WindowsInternal.ComposableShell.Experiences.TextInput.InputApp.exe\r\nGrantedAccess: 0x1000\r\nCallTrace: C:\\windows\\SYSTEM32\\ntdll.dll+9cbb4|C:\\windows\\SYSTEM32\\psmserviceexthost.dll+222a3|C:\\windows\\SYSTEM32\\psmserviceexthost.dll+37ea0|C:\\windows\\SYSTEM32\\psmserviceexthost.dll+37929|C:\\windows\\SYSTEM32\\psmserviceexthost.dll+686f8|C:\\windows\\SYSTEM32\\psmserviceexthost.dll+6e84a|C:\\windows\\SYSTEM32\\psmserviceexthost.dll+6f700|C:\\windows\\SYSTEM32\\psmserviceexthost.dll+34be4|C:\\windows\\SYSTEM32\\psmserviceexthost.dll+6f63e|C:\\windows\\SYSTEM32\\psmserviceexthost.dll+713b5|C:\\windows\\SYSTEM32\\psmserviceexthost.dll+7144d|C:\\windows\\SYSTEM32\\psmserviceexthost.dll+50bd0|C:\\windows\\SYSTEM32\\psmserviceexthost.dll+4500a|C:\\windows\\System32\\KERNEL32.DLL+17c24|C:\\windows\\SYSTEM32\\ntdll.dll+6d4d1","Task":"10","RuleName":"-","UtcTime":"2020-12-19 12:00:23.040","SourceProcessGUID":"{649442b8-52d8-5fd1-0f00-000000000600}","SourceProcessId":"876","SourceThreadId":"420","SourceImage":"C:\\windows\\system32\\svchost.exe","TargetProcessGUID":"{649442b8-7bc5-5fd2-070d-000000000600}","TargetProcessId":"4212","TargetImage":"C:\\Windows\\SystemApps\\InputApp_cw5n1h2txyewy\\WindowsInternal.ComposableShell.Experiences.TextInput.InputApp.exe","GrantedAccess":"0x1000","CallTrace":"C:\\windows\\SYSTEM32\\ntdll.dll+9cbb4|C:\\windows\\SYSTEM32\\psmserviceexthost.dll+222a3|C:\\windows\\SYSTEM32\\psmserviceexthost.dll+37ea0|C:\\windows\\SYSTEM32\\psmserviceexthost.dll+37929|C:\\windows\\SYSTEM32\\psmserviceexthost.dll+686f8|C:\\windows\\SYSTEM32\\psmserviceexthost.dll+6e84a|C:\\windows\\SYSTEM32\\psmserviceexthost.dll+6f700|C:\\windows\\SYSTEM32\\psmserviceexthost.dll+34be4|C:\\windows\\SYSTEM32\\psmserviceexthost.dll+6f63e|C:\\windows\\SYSTEM32\\psmserviceexthost.dll+713b5|C:\\windows\\SYSTEM32\\psmserviceexthost.dll+7144d|C:\\windows\\SYSTEM32\\psmserviceexthost.dll+50bd0|C:\\windows\\SYSTEM32\\psmserviceexthost.dll+4500a|C:\\windows\\System32\\KERNEL32.DLL+17c24|C:\\windows\\SYSTEM32\\ntdll.dll+6d4d1"}
{"SourceName":"Microsoft-Windows-Sysmon","ProviderGuid":"{5770385f-c22a-43e0-bf4c-06f5698ffbd9}","Level":"4","Keywords":"0x8000000000000000","Channel":"Microsoft-Windows-Sysmon/Operational","Hostname":"WORKSTATION6.theshire.local","TimeCreated":"2020-12-19T07:00:23.040Z","@timestamp":"2020-12-19T07:00:23.040Z","EventID":10,"Message":"Process accessed:\r\nRuleName: -\r\nUtcTime: 2020-12-19 12:00:23.040\r\nSourceProcessGUID: {649442b8-52d8-5fd1-0f00-000000000600}\r\nSourceProcessId: 876\r\nSourceThreadId: 420\r\nSourceImage: C:\\windows\\system32\\svchost.exe\r\nTargetProcessGUID: {649442b8-7bc5-5fd2-070d-000000000600}\r\nTargetProcessId: 4212\r\nTargetImage: C:\\Windows\\SystemApps\\InputApp_cw5n1h2txyewy\\WindowsInternal.ComposableShell.Experiences.TextInput.InputApp.exe\r\nGrantedAccess: 0x1000\r\nCallTrace: C:\\windows\\SYSTEM32\\ntdll.dll+9cbb4|C:\\windows\\SYSTEM32\\psmserviceexthost.dll+222a3|C:\\windows\\SYSTEM32\\psmserviceexthost.dll+1a172|C:\\windows\\SYSTEM32\\psmserviceexthost.dll+19e3b|C:\\windows\\SYSTEM32\\psmserviceexthost.dll+68664|C:\\windows\\SYSTEM32\\psmserviceexthost.dll+6e84a|C:\\windows\\SYSTEM32\\psmserviceexthost.dll+7280e|C:\\windows\\SYSTEM32\\psmserviceexthost.dll+71483|C:\\windows\\SYSTEM32\\psmserviceexthost.dll+50bd0|C:\\windows\\SYSTEM32\\psmserviceexthost.dll+4500a|C:\\windows\\System32\\KERNEL32.DLL+17c24|C:\\windows\\SYSTEM32\\ntdll.dll+6d4d1","Task":"10","RuleName":"-","UtcTime":"2020-12-19 12:00:23.040","SourceProcessGUID":"{649442b8-52d8-5fd1-0f00-000000000600}","SourceProcessId":"876","SourceThreadId":"420","SourceImage":"C:\\windows\\system32\\svchost.exe","TargetProcessGUID":"{649442b8-7bc5-5fd2-070d-000000000600}","TargetProcessId":"4212","TargetImage":"C:\\Windows\\SystemApps\\InputApp_cw5n1h2txyewy\\WindowsInternal.ComposableShell.Experiences.TextInput.InputApp.exe","GrantedAccess":"0x1000","CallTrace":"C:\\windows\\SYSTEM32\\ntdll.dll+9cbb4|C:\\windows\\SYSTEM32\\psmserviceexthost.dll+222a3|C:\\windows\\SYSTEM32\\psmserviceexthost.dll+1a172|C:\\windows\\SYSTEM32\\psmserviceexthost.dll+19e3b|C:\\windows\\SYSTEM32\\psmserviceexthost.dll+68664|C:\\windows\\SYSTEM32\\psmserviceexthost.dll+6e84a|C:\\windows\\SYSTEM32\\psmserviceexthost.dll+7280e|C:\\windows\\SYSTEM32\\psmserviceexthost.dll+71483|C:\\windows\\SYSTEM32\\psmserviceexthost.dll+50bd0|C:\\windows\\SYSTEM32\\psmserviceexthost.dll+4500a|C:\\windows\\System32\\KERNEL32.DLL+17c24|C:\\windows\\SYSTEM32\\ntdll.dll+6d4d1"}
{"SourceName":"Microsoft-Windows-Sysmon","ProviderGuid":"{5770385f-c22a-43e0-bf4c-06f5698ffbd9}","Level":"4","Keywords":"0x8000000000000000","Channel":"Microsoft-Windows-Sysmon/Operational","Hostname":"WORKSTATION6.theshire.local","TimeCreated":"2020-12-19T07:00:23.040Z","@timestamp":"2020-12-19T07:00:23.040Z","EventID":10,"Message":"Process accessed:\r\nRuleName: -\r\nUtcTime: 2020-12-19 12:00:23.040\r\nSourceProcessGUID: {649442b8-52d8-5fd1-0f00-000000000600}\r\nSourceProcessId: 876\r\nSourceThreadId: 420\r\nSourceImage: C:\\windows\\system32\\svchost.exe\r\nTargetProcessGUID: {649442b8-7bc5-5fd2-070d-000000000600}\r\nTargetProcessId: 4212\r\nTargetImage: C:\\Windows\\SystemApps\\InputApp_cw5n1h2txyewy\\WindowsInternal.ComposableShell.Experiences.TextInput.InputApp.exe\r\nGrantedAccess: 0x1000\r\nCallTrace: C:\\windows\\SYSTEM32\\ntdll.dll+9cbb4|C:\\windows\\SYSTEM32\\psmserviceexthost.dll+222a3|C:\\windows\\SYSTEM32\\psmserviceexthost.dll+37ea0|C:\\windows\\SYSTEM32\\psmserviceexthost.dll+37929|C:\\windows\\SYSTEM32\\psmserviceexthost.dll+686f8|C:\\windows\\SYSTEM32\\psmserviceexthost.dll+6e84a|C:\\windows\\SYSTEM32\\psmserviceexthost.dll+7280e|C:\\windows\\SYSTEM32\\psmserviceexthost.dll+71483|C:\\windows\\SYSTEM32\\psmserviceexthost.dll+50bd0|C:\\windows\\SYSTEM32\\psmserviceexthost.dll+4500a|C:\\windows\\System32\\KERNEL32.DLL+17c24|C:\\windows\\SYSTEM32\\ntdll.dll+6d4d1","Task":"10","RuleName":"-","UtcTime":"2020-12-19 12:00:23.040","SourceProcessGUID":"{649442b8-52d8-5fd1-0f00-000000000600}","SourceProcessId":"876","SourceThreadId":"420","SourceImage":"C:\\windows\\system32\\svchost.exe","TargetProcessGUID":"{649442b8-7bc5-5fd2-070d-000000000600}","TargetProcessId":"4212","TargetImage":"C:\\Windows\\SystemApps\\InputApp_cw5n1h2txyewy\\WindowsInternal.ComposableShell.Experiences.TextInput.InputApp.exe","GrantedAccess":"0x1000","CallTrace":"C:\\windows\\SYSTEM32\\ntdll.dll+9cbb4|C:\\windows\\SYSTEM32\\psmserviceexthost.dll+222a3|C:\\windows\\SYSTEM32\\psmserviceexthost.dll+37ea0|C:\\windows\\SYSTEM32\\psmserviceexthost.dll+37929|C:\\windows\\SYSTEM32\\psmserviceexthost.dll+686f8|C:\\windows\\SYSTEM32\\psmserviceexthost.dll+6e84a|C:\\windows\\SYSTEM32\\psmserviceexthost.dll+7280e|C:\\windows\\SYSTEM32\\psmserviceexthost.dll+71483|C:\\windows\\SYSTEM32\\psmserviceexthost.dll+50bd0|C:\\windows\\SYSTEM32\\psmserviceexthost.dll+4500a|C:\\windows\\System32\\KERNEL32.DLL+17c24|C:\\windows\\SYSTEM32\\ntdll.dll+6d4d1"}
{"SourceName":"Microsoft-Windows-Sysmon","ProviderGuid":"{5770385f-c22a-43e0-bf4c-06f5698ffbd9}","Level":"4","Keywords":"0x8000000000000000","Channel":"Microsoft-Windows-Sysmon/Operational","Hostname":"WORKSTATION6.theshire.local","TimeCreated":"2020-12-19T07:00:23.041Z","@timestamp":"2020-12-19T07:00:23.041Z","EventID":7,"Message":"Image loaded:\r\nRuleName: -\r\nUtcTime: 2020-12-19 12:00:23.040\r\nProcessGuid: {649442b8-eb57-5fdd-0c8c-000000000600}\r\nProcessId: 1408\r\nImage: C:\\Windows\\System32\\conhost.exe\r\nImageLoaded: C:\\Windows\\System32\\powrprof.dll\r\nFileVersion: 10.0.18362.1 (WinBuild.160101.0800)\r\nDescription: Power Profile Helper DLL\r\nProduct: Microsoft Windows Operating System\r\nCompany: Microsoft Corporation\r\nOriginalFileName: POWRPROF.DLL\r\nHashes: SHA1=30D5ADBC0664977C27B65622F514632581C9AF45,MD5=07B027B1E0B775FAE815E487F28137B9,SHA256=21358CE9A416C7F6DB063095102E91F014BDB85B08A4E783E17234792C9B483A,IMPHASH=817FF4748665EB442F0081A91349F764\r\nSigned: true\r\nSignature: Microsoft Windows\r\nSignatureStatus: Valid","Task":"7","RuleName":"-","UtcTime":"2020-12-19 12:00:23.040","ProcessGuid":"{649442b8-eb57-5fdd-0c8c-000000000600}","ProcessId":"1408","Image":"C:\\Windows\\System32\\conhost.exe","ImageLoaded":"C:\\Windows\\System32\\powrprof.dll","FileVersion":"10.0.18362.1 (WinBuild.160101.0800)","Description":"Power Profile Helper DLL","Product":"Microsoft Windows Operating System","Company":"Microsoft Corporation","OriginalFileName":"POWRPROF.DLL","Hashes":"SHA1=30D5ADBC0664977C27B65622F514632581C9AF45,MD5=07B027B1E0B775FAE815E487F28137B9,SHA256=21358CE9A416C7F6DB063095102E91F014BDB85B08A4E783E17234792C9B483A,IMPHASH=817FF4748665EB442F0081A91349F764","Signed":"true","Signature":"Microsoft Windows","SignatureStatus":"Valid"}
{"SourceName":"Microsoft-Windows-Sysmon","ProviderGuid":"{5770385f-c22a-43e0-bf4c-06f5698ffbd9}","Level":"4","Keywords":"0x8000000000000000","Channel":"Microsoft-Windows-Sysmon/Operational","Hostname":"WORKSTATION6.theshire.local","TimeCreated":"2020-12-19T07:00:23.041Z","@timestamp":"2020-12-19T07:00:23.041Z","EventID":7,"Message":"Image loaded:\r\nRuleName: -\r\nUtcTime: 2020-12-19 12:00:23.040\r\nProcessGuid: {649442b8-eb57-5fdd-0c8c-000000000600}\r\nProcessId: 1408\r\nImage: C:\\Windows\\System32\\conhost.exe\r\nImageLoaded: C:\\Windows\\System32\\umpdc.dll\r\nFileVersion: -\r\nDescription: -\r\nProduct: -\r\nCompany: -\r\nOriginalFileName: -\r\nHashes: SHA1=6ABB78FB1614C12E3E9FFF3DE98B0E13E79201D9,MD5=B9A75ED4500DD953DF172FE6F63578E8,SHA256=709B99BA1DFEF6D9B2483F37D242B12F29B1E1ADE13E338B4D7041C55B55204B,IMPHASH=5A0FF5293A05BFEBAE6F2C9C302FC5E7\r\nSigned: true\r\nSignature: Microsoft Windows\r\nSignatureStatus: Valid","Task":"7","RuleName":"-","UtcTime":"2020-12-19 12:00:23.040","ProcessGuid":"{649442b8-eb57-5fdd-0c8c-000000000600}","ProcessId":"1408","Image":"C:\\Windows\\System32\\conhost.exe","ImageLoaded":"C:\\Windows\\System32\\umpdc.dll","FileVersion":"-","Description":"-","Product":"-","Company":"-","OriginalFileName":"-","Hashes":"SHA1=6ABB78FB1614C12E3E9FFF3DE98B0E13E79201D9,MD5=B9A75ED4500DD953DF172FE6F63578E8,SHA256=709B99BA1DFEF6D9B2483F37D242B12F29B1E1ADE13E338B4D7041C55B55204B,IMPHASH=5A0FF5293A05BFEBAE6F2C9C302FC5E7","Signed":"true","Signature":"Microsoft Windows","SignatureStatus":"Valid"}
{"SourceName":"Microsoft-Windows-Sysmon","ProviderGuid":"{5770385f-c22a-43e0-bf4c-06f5698ffbd9}","Level":"4","Keywords":"0x8000000000000000","Channel":"Microsoft-Windows-Sysmon/Operational","Hostname":"WORKSTATION6.theshire.local","TimeCreated":"2020-12-19T07:00:23.042Z","@timestamp":"2020-12-19T07:00:23.042Z","EventID":7,"Message":"Image loaded:\r\nRuleName: -\r\nUtcTime: 2020-12-19 12:00:23.040\r\nProcessGuid: {649442b8-eb57-5fdd-0c8c-000000000600}\r\nProcessId: 1408\r\nImage: C:\\Windows\\System32\\conhost.exe\r\nImageLoaded: C:\\Windows\\System32\\shlwapi.dll\r\nFileVersion: 10.0.18362.1 (WinBuild.160101.0800)\r\nDescription: Shell Light-weight Utility Library\r\nProduct: Microsoft Windows Operating System\r\nCompany: Microsoft Corporation\r\nOriginalFileName: SHLWAPI.DLL\r\nHashes: SHA1=9074DF3335B785BB00B43AE76ACC66B799118FAE,MD5=BFB85A9022324E41FCEC5011BCB5FD23,SHA256=3CDA144CFB6278DA47267FE1E1FE258716A074C3D3DD8413B259DA7DA1039871,IMPHASH=6659A49ABF33952444C5A7FA22FD9032\r\nSigned: true\r\nSignature: Microsoft Windows\r\nSignatureStatus: Valid","Task":"7","RuleName":"-","UtcTime":"2020-12-19 12:00:23.040","ProcessGuid":"{649442b8-eb57-5fdd-0c8c-000000000600}","ProcessId":"1408","Image":"C:\\Windows\\System32\\conhost.exe","ImageLoaded":"C:\\Windows\\System32\\shlwapi.dll","FileVersion":"10.0.18362.1 (WinBuild.160101.0800)","Description":"Shell Light-weight Utility Library","Product":"Microsoft Windows Operating System","Company":"Microsoft Corporation","OriginalFileName":"SHLWAPI.DLL","Hashes":"SHA1=9074DF3335B785BB00B43AE76ACC66B799118FAE,MD5=BFB85A9022324E41FCEC5011BCB5FD23,SHA256=3CDA144CFB6278DA47267FE1E1FE258716A074C3D3DD8413B259DA7DA1039871,IMPHASH=6659A49ABF33952444C5A7FA22FD9032","Signed":"true","Signature":"Microsoft Windows","SignatureStatus":"Valid"}
{"SourceName":"Microsoft-Windows-Sysmon","ProviderGuid":"{5770385f-c22a-43e0-bf4c-06f5698ffbd9}","Level":"4","Keywords":"0x8000000000000000","Channel":"Microsoft-Windows-Sysmon/Operational","Hostname":"WORKSTATION6.theshire.local","TimeCreated":"2020-12-19T07:00:23.042Z","@timestamp":"2020-12-19T07:00:23.042Z","EventID":7,"Message":"Image loaded:\r\nRuleName: -\r\nUtcTime: 2020-12-19 12:00:23.040\r\nProcessGuid: {649442b8-eb57-5fdd-0c8c-000000000600}\r\nProcessId: 1408\r\nImage: C:\\Windows\\System32\\conhost.exe\r\nImageLoaded: C:\\Windows\\System32\\kernel.appcore.dll\r\nFileVersion: 10.0.18362.1171 (WinBuild.160101.0800)\r\nDescription: AppModel API Host\r\nProduct: Microsoft Windows Operating System\r\nCompany: Microsoft Corporation\r\nOriginalFileName: kernel.appcore.dll\r\nHashes: SHA1=C1E0E25EF55C0F5BE9645224CB9DAD10AA2F05E3,MD5=3A7BEA62F96DF24AFD2226F5F723BF41,SHA256=89C7230E99A8D1F78C91649828500414344FF0162BD4636B376004C445610F85,IMPHASH=639D16ACD736EAE912B88E985A0A7A0F\r\nSigned: true\r\nSignature: Microsoft Windows\r\nSignatureStatus: Valid","Task":"7","RuleName":"-","UtcTime":"2020-12-19 12:00:23.040","ProcessGuid":"{649442b8-eb57-5fdd-0c8c-000000000600}","ProcessId":"1408","Image":"C:\\Windows\\System32\\conhost.exe","ImageLoaded":"C:\\Windows\\System32\\kernel.appcore.dll","FileVersion":"10.0.18362.1171 (WinBuild.160101.0800)","Description":"AppModel API Host","Product":"Microsoft Windows Operating System","Company":"Microsoft Corporation","OriginalFileName":"kernel.appcore.dll","Hashes":"SHA1=C1E0E25EF55C0F5BE9645224CB9DAD10AA2F05E3,MD5=3A7BEA62F96DF24AFD2226F5F723BF41,SHA256=89C7230E99A8D1F78C91649828500414344FF0162BD4636B376004C445610F85,IMPHASH=639D16ACD736EAE912B88E985A0A7A0F","Signed":"true","Signature":"Microsoft Windows","SignatureStatus":"Valid"}
{"SourceName":"Microsoft-Windows-Sysmon","ProviderGuid":"{5770385f-c22a-43e0-bf4c-06f5698ffbd9}","Level":"4","Keywords":"0x8000000000000000","Channel":"Microsoft-Windows-Sysmon/Operational","Hostname":"WORKSTATION6.theshire.local","TimeCreated":"2020-12-19T07:00:23.042Z","@timestamp":"2020-12-19T07:00:23.042Z","EventID":7,"Message":"Image loaded:\r\nRuleName: -\r\nUtcTime: 2020-12-19 12:00:23.040\r\nProcessGuid: {649442b8-eb57-5fdd-0c8c-000000000600}\r\nProcessId: 1408\r\nImage: C:\\Windows\\System32\\conhost.exe\r\nImageLoaded: C:\\Windows\\System32\\cryptsp.dll\r\nFileVersion: 10.0.18362.1 (WinBuild.160101.0800)\r\nDescription: Cryptographic Service Provider API\r\nProduct: Microsoft Windows Operating System\r\nCompany: Microsoft Corporation\r\nOriginalFileName: cryptsp.dll\r\nHashes: SHA1=90F229FB5DB52DF3604195B10C48E946684929ED,MD5=ACE18C6797090A1AA259BB8713917F98,SHA256=F5E118F67745792909973717FAE1F9FE68B2619332A4451AD04E0C9072B8D605,IMPHASH=A9B9D04D0B53DC48ABB37BE77AD01B55\r\nSigned: true\r\nSignature: Microsoft Windows\r\nSignatureStatus: Valid","Task":"7","RuleName":"-","UtcTime":"2020-12-19 12:00:23.040","ProcessGuid":"{649442b8-eb57-5fdd-0c8c-000000000600}","ProcessId":"1408","Image":"C:\\Windows\\System32\\conhost.exe","ImageLoaded":"C:\\Windows\\System32\\cryptsp.dll","FileVersion":"10.0.18362.1 (WinBuild.160101.0800)","Description":"Cryptographic Service Provider API","Product":"Microsoft Windows Operating System","Company":"Microsoft Corporation","OriginalFileName":"cryptsp.dll","Hashes":"SHA1=90F229FB5DB52DF3604195B10C48E946684929ED,MD5=ACE18C6797090A1AA259BB8713917F98,SHA256=F5E118F67745792909973717FAE1F9FE68B2619332A4451AD04E0C9072B8D605,IMPHASH=A9B9D04D0B53DC48ABB37BE77AD01B55","Signed":"true","Signature":"Microsoft Windows","SignatureStatus":"Valid"}
{"SourceName":"Microsoft-Windows-Sysmon","ProviderGuid":"{5770385f-c22a-43e0-bf4c-06f5698ffbd9}","Level":"4","Keywords":"0x8000000000000000","Channel":"Microsoft-Windows-Sysmon/Operational","Hostname":"WORKSTATION6.theshire.local","TimeCreated":"2020-12-19T07:00:23.054Z","@timestamp":"2020-12-19T07:00:23.054Z","EventID":7,"Message":"Image loaded:\r\nRuleName: -\r\nUtcTime: 2020-12-19 12:00:23.040\r\nProcessGuid: {649442b8-eb57-5fdd-0c8c-000000000600}\r\nProcessId: 1408\r\nImage: C:\\Windows\\System32\\conhost.exe\r\nImageLoaded: C:\\Windows\\System32\\uxtheme.dll\r\nFileVersion: 10.0.18362.449 (WinBuild.160101.0800)\r\nDescription: Microsoft UxTheme Library\r\nProduct: Microsoft Windows Operating System\r\nCompany: Microsoft Corporation\r\nOriginalFileName: UxTheme.dll\r\nHashes: SHA1=62956D6FAEB4EC8EA54315A8E3CC15F06165AD57,MD5=3C9D22CAE173AD19806B6A016CD4CC28,SHA256=D95E7D07EA46D7D2AEFA01CD0A64CF266BE26D40FA6BE42F7CF60F6DEB8FBAF3,IMPHASH=64BAD10B75B987F62BF08E1852DE4022\r\nSigned: true\r\nSignature: Microsoft Windows\r\nSignatureStatus: Valid","Task":"7","RuleName":"-","UtcTime":"2020-12-19 12:00:23.040","ProcessGuid":"{649442b8-eb57-5fdd-0c8c-000000000600}","ProcessId":"1408","Image":"C:\\Windows\\System32\\conhost.exe","ImageLoaded":"C:\\Windows\\System32\\uxtheme.dll","FileVersion":"10.0.18362.449 (WinBuild.160101.0800)","Description":"Microsoft UxTheme Library","Product":"Microsoft Windows Operating System","Company":"Microsoft Corporation","OriginalFileName":"UxTheme.dll","Hashes":"SHA1=62956D6FAEB4EC8EA54315A8E3CC15F06165AD57,MD5=3C9D22CAE173AD19806B6A016CD4CC28,SHA256=D95E7D07EA46D7D2AEFA01CD0A64CF266BE26D40FA6BE42F7CF60F6DEB8FBAF3,IMPHASH=64BAD10B75B987F62BF08E1852DE4022","Signed":"true","Signature":"Microsoft Windows","SignatureStatus":"Valid"}
{"SourceName":"Microsoft-Windows-Sysmon","ProviderGuid":"{5770385f-c22a-43e0-bf4c-06f5698ffbd9}","Level":"4","Keywords":"0x8000000000000000","Channel":"Microsoft-Windows-Sysmon/Operational","Hostname":"WORKSTATION6.theshire.local","TimeCreated":"2020-12-19T07:00:23.054Z","@timestamp":"2020-12-19T07:00:23.054Z","EventID":7,"Message":"Image loaded:\r\nRuleName: -\r\nUtcTime: 2020-12-19 12:00:23.040\r\nProcessGuid: {649442b8-eb57-5fdd-0c8c-000000000600}\r\nProcessId: 1408\r\nImage: C:\\Windows\\System32\\conhost.exe\r\nImageLoaded: C:\\Windows\\System32\\dwmapi.dll\r\nFileVersion: 10.0.18362.267 (WinBuild.160101.0800)\r\nDescription: Microsoft Desktop Window Manager API\r\nProduct: Microsoft Windows Operating System\r\nCompany: Microsoft Corporation\r\nOriginalFileName: dwmapi.dll\r\nHashes: SHA1=90B9C077F6C32ED99A95B2CB94DA89666BE4C04F,MD5=8EAACFF9140F8CAD88F4BF8B688B7668,SHA256=C1C65F4C88B6E679C029052D4C7693F00DE584E6A39C756653AA3A4074BA4264,IMPHASH=49F72522BEF9259B786A65BB1E8609C5\r\nSigned: true\r\nSignature: Microsoft Windows\r\nSignatureStatus: Valid","Task":"7","RuleName":"-","UtcTime":"2020-12-19 12:00:23.040","ProcessGuid":"{649442b8-eb57-5fdd-0c8c-000000000600}","ProcessId":"1408","Image":"C:\\Windows\\System32\\conhost.exe","ImageLoaded":"C:\\Windows\\System32\\dwmapi.dll","FileVersion":"10.0.18362.267 (WinBuild.160101.0800)","Description":"Microsoft Desktop Window Manager API","Product":"Microsoft Windows Operating System","Company":"Microsoft Corporation","OriginalFileName":"dwmapi.dll","Hashes":"SHA1=90B9C077F6C32ED99A95B2CB94DA89666BE4C04F,MD5=8EAACFF9140F8CAD88F4BF8B688B7668,SHA256=C1C65F4C88B6E679C029052D4C7693F00DE584E6A39C756653AA3A4074BA4264,IMPHASH=49F72522BEF9259B786A65BB1E8609C5","Signed":"true","Signature":"Microsoft Windows","SignatureStatus":"Valid"}
{"SourceName":"Microsoft-Windows-Sysmon","ProviderGuid":"{5770385f-c22a-43e0-bf4c-06f5698ffbd9}","Level":"4","Keywords":"0x8000000000000000","Channel":"Microsoft-Windows-Sysmon/Operational","Hostname":"WORKSTATION6.theshire.local","TimeCreated":"2020-12-19T07:00:23.055Z","@timestamp":"2020-12-19T07:00:23.055Z","EventID":7,"Message":"Image loaded:\r\nRuleName: -\r\nUtcTime: 2020-12-19 12:00:23.040\r\nProcessGuid: {649442b8-eb57-5fdd-0c8c-000000000600}\r\nProcessId: 1408\r\nImage: C:\\Windows\\System32\\conhost.exe\r\nImageLoaded: C:\\Windows\\System32\\clbcatq.dll\r\nFileVersion: 2001.12.10941.16384 (WinBuild.160101.0800)\r\nDescription: COM+ Configuration Catalog\r\nProduct: Microsoft Windows Operating System\r\nCompany: Microsoft Corporation\r\nOriginalFileName: CLBCATQ.DLL\r\nHashes: SHA1=7DE7C7E87CFA639E8C4DF269E38FB69A391D6790,MD5=4B179D7C6AA9424831847BA6BACDB260,SHA256=F0541B07D7B00C8D09BC72DF7E2D974F83482E42CD88B4E8260B832B7A71682E,IMPHASH=70F94828FF194145825265FE7BA88C95\r\nSigned: true\r\nSignature: Microsoft Windows\r\nSignatureStatus: Valid","Task":"7","RuleName":"-","UtcTime":"2020-12-19 12:00:23.040","ProcessGuid":"{649442b8-eb57-5fdd-0c8c-000000000600}","ProcessId":"1408","Image":"C:\\Windows\\System32\\conhost.exe","ImageLoaded":"C:\\Windows\\System32\\clbcatq.dll","FileVersion":"2001.12.10941.16384 (WinBuild.160101.0800)","Description":"COM+ Configuration Catalog","Product":"Microsoft Windows Operating System","Company":"Microsoft Corporation","OriginalFileName":"CLBCATQ.DLL","Hashes":"SHA1=7DE7C7E87CFA639E8C4DF269E38FB69A391D6790,MD5=4B179D7C6AA9424831847BA6BACDB260,SHA256=F0541B07D7B00C8D09BC72DF7E2D974F83482E42CD88B4E8260B832B7A71682E,IMPHASH=70F94828FF194145825265FE7BA88C95","Signed":"true","Signature":"Microsoft Windows","SignatureStatus":"Valid"}
{"SourceName":"Microsoft-Windows-Sysmon","ProviderGuid":"{5770385f-c22a-43e0-bf4c-06f5698ffbd9}","Level":"4","Keywords":"0x8000000000000000","Channel":"Microsoft-Windows-Sysmon/Operational","Hostname":"WORKSTATION6.theshire.local","TimeCreated":"2020-12-19T07:00:23.056Z","@timestamp":"2020-12-19T07:00:23.056Z","EventID":7,"Message":"Image loaded:\r\nRuleName: -\r\nUtcTime: 2020-12-19 12:00:23.055\r\nProcessGuid: {649442b8-eb57-5fdd-0c8c-000000000600}\r\nProcessId: 1408\r\nImage: C:\\Windows\\System32\\conhost.exe\r\nImageLoaded: C:\\Windows\\System32\\msctf.dll\r\nFileVersion: 10.0.18362.1198 (WinBuild.160101.0800)\r\nDescription: MSCTF Server DLL\r\nProduct: Microsoft Windows Operating System\r\nCompany: Microsoft Corporation\r\nOriginalFileName: MSCTF.DLL\r\nHashes: SHA1=BC8682F8E8B789706384D3B86F7019C5AFFD41E7,MD5=C1FA4924944DD7E39766113248FD6E78,SHA256=25231ECD22C2F3D15D7B18B580FBF90320C3BDEC7F07127964A58F215E743762,IMPHASH=E36139468C6DD82FE56B6A135839960B\r\nSigned: true\r\nSignature: Microsoft Windows\r\nSignatureStatus: Valid","Task":"7","RuleName":"-","UtcTime":"2020-12-19 12:00:23.055","ProcessGuid":"{649442b8-eb57-5fdd-0c8c-000000000600}","ProcessId":"1408","Image":"C:\\Windows\\System32\\conhost.exe","ImageLoaded":"C:\\Windows\\System32\\msctf.dll","FileVersion":"10.0.18362.1198 (WinBuild.160101.0800)","Description":"MSCTF Server DLL","Product":"Microsoft Windows Operating System","Company":"Microsoft Corporation","OriginalFileName":"MSCTF.DLL","Hashes":"SHA1=BC8682F8E8B789706384D3B86F7019C5AFFD41E7,MD5=C1FA4924944DD7E39766113248FD6E78,SHA256=25231ECD22C2F3D15D7B18B580FBF90320C3BDEC7F07127964A58F215E743762,IMPHASH=E36139468C6DD82FE56B6A135839960B","Signed":"true","Signature":"Microsoft Windows","SignatureStatus":"Valid"}
{"SourceName":"Microsoft-Windows-Sysmon","ProviderGuid":"{5770385f-c22a-43e0-bf4c-06f5698ffbd9}","Level":"4","Keywords":"0x8000000000000000","Channel":"Microsoft-Windows-Sysmon/Operational","Hostname":"WORKSTATION6.theshire.local","TimeCreated":"2020-12-19T07:00:23.056Z","@timestamp":"2020-12-19T07:00:23.056Z","EventID":7,"Message":"Image loaded:\r\nRuleName: -\r\nUtcTime: 2020-12-19 12:00:23.055\r\nProcessGuid: {649442b8-eb57-5fdd-0c8c-000000000600}\r\nProcessId: 1408\r\nImage: C:\\Windows\\System32\\conhost.exe\r\nImageLoaded: C:\\Windows\\System32\\oleaut32.dll\r\nFileVersion: 10.0.18362.1110 (WinBuild.160101.0800)\r\nDescription: OLEAUT32.DLL\r\nProduct: Microsoft Windows Operating System\r\nCompany: Microsoft Corporation\r\nOriginalFileName: OLEAUT32.DLL\r\nHashes: SHA1=35C3365E5F385CB7025DC51D1359BC92CEACB8F4,MD5=81CC27927690AC3A552D92269CBA4899,SHA256=49C1A7FFB5DC382E35F19C1771A0B43120BBB4159EE5BFE23E0410A76A36D68A,IMPHASH=F010E2DB51A2E86CCF6052A1ACC0854F\r\nSigned: true\r\nSignature: Microsoft Windows\r\nSignatureStatus: Valid","Task":"7","RuleName":"-","UtcTime":"2020-12-19 12:00:23.055","ProcessGuid":"{649442b8-eb57-5fdd-0c8c-000000000600}","ProcessId":"1408","Image":"C:\\Windows\\System32\\conhost.exe","ImageLoaded":"C:\\Windows\\System32\\oleaut32.dll","FileVersion":"10.0.18362.1110 (WinBuild.160101.0800)","Description":"OLEAUT32.DLL","Product":"Microsoft Windows Operating System","Company":"Microsoft Corporation","OriginalFileName":"OLEAUT32.DLL","Hashes":"SHA1=35C3365E5F385CB7025DC51D1359BC92CEACB8F4,MD5=81CC27927690AC3A552D92269CBA4899,SHA256=49C1A7FFB5DC382E35F19C1771A0B43120BBB4159EE5BFE23E0410A76A36D68A,IMPHASH=F010E2DB51A2E86CCF6052A1ACC0854F","Signed":"true","Signature":"Microsoft Windows","SignatureStatus":"Valid"}
{"SourceName":"Microsoft-Windows-Sysmon","ProviderGuid":"{5770385f-c22a-43e0-bf4c-06f5698ffbd9}","Level":"4","Keywords":"0x8000000000000000","Channel":"Microsoft-Windows-Sysmon/Operational","Hostname":"WORKSTATION6.theshire.local","TimeCreated":"2020-12-19T07:00:23.057Z","@timestamp":"2020-12-19T07:00:23.057Z","EventID":7,"Message":"Image loaded:\r\nRuleName: -\r\nUtcTime: 2020-12-19 12:00:23.055\r\nProcessGuid: {649442b8-eb57-5fdd-0c8c-000000000600}\r\nProcessId: 1408\r\nImage: C:\\Windows\\System32\\conhost.exe\r\nImageLoaded: C:\\Windows\\System32\\imm32.dll\r\nFileVersion: 10.0.18362.387 (WinBuild.160101.0800)\r\nDescription: Multi-User Windows IMM32 API Client DLL\r\nProduct: Microsoft Windows Operating System\r\nCompany: Microsoft Corporation\r\nOriginalFileName: imm32\r\nHashes: SHA1=76BB2AB8D3CB6DB6D23F4771334C9AA9C231B03A,MD5=025CC332EDC4B1A38290F3E36BCEF4FB,SHA256=0FE3C1C575EA1B0257B2EB12527EC35E3004CD88EA5BAEC7095386A9F9EB70AD,IMPHASH=24F54B6761C10BA12481CF6C780605BF\r\nSigned: true\r\nSignature: Microsoft Windows\r\nSignatureStatus: Valid","Task":"7","RuleName":"-","UtcTime":"2020-12-19 12:00:23.055","ProcessGuid":"{649442b8-eb57-5fdd-0c8c-000000000600}","ProcessId":"1408","Image":"C:\\Windows\\System32\\conhost.exe","ImageLoaded":"C:\\Windows\\System32\\imm32.dll","FileVersion":"10.0.18362.387 (WinBuild.160101.0800)","Description":"Multi-User Windows IMM32 API Client DLL","Product":"Microsoft Windows Operating System","Company":"Microsoft Corporation","OriginalFileName":"imm32","Hashes":"SHA1=76BB2AB8D3CB6DB6D23F4771334C9AA9C231B03A,MD5=025CC332EDC4B1A38290F3E36BCEF4FB,SHA256=0FE3C1C575EA1B0257B2EB12527EC35E3004CD88EA5BAEC7095386A9F9EB70AD,IMPHASH=24F54B6761C10BA12481CF6C780605BF","Signed":"true","Signature":"Microsoft Windows","SignatureStatus":"Valid"}
