{"SourceName":"Microsoft-Windows-Sysmon","ProviderGuid":"{5770385f-c22a-43e0-bf4c-06f5698ffbd9}","Level":"4","Keywords":"0x8000000000000000","Channel":"Microsoft-Windows-Sysmon/Operational","Hostname":"WORKSTATION5.theshire.local","TimeCreated":"2020-12-19T07:00:10.334Z","@timestamp":"2020-12-19T07:00:10.334Z","EventID":10,"Message":"Process accessed:\r\nRuleName: -\r\nUtcTime: 2020-12-19 12:00:10.319\r\nSourceProcessGUID: {67e11d8c-876a-5fd0-1000-000000000700}\r\nSourceProcessId: 932\r\nSourceThreadId: 7252\r\nSourceImage: C:\\windows\\system32\\svchost.exe\r\nTargetProcessGUID: {67e11d8c-e2c7-5fdd-a696-000000000700}\r\nTargetProcessId: 8940\r\nTargetImage: C:\\windows\\system32\\conhost.exe\r\nGrantedAccess: 0x2000\r\nCallTrace: C:\\windows\\SYSTEM32\\ntdll.dll+9cbb4|C:\\windows\\SYSTEM32\\psmserviceexthost.dll+310c0|C:\\windows\\SYSTEM32\\psmserviceexthost.dll+30dbf|C:\\windows\\SYSTEM32\\ntdll.dll+6ba5|C:\\windows\\SYSTEM32\\ntdll.dll+67f1|C:\\windows\\SYSTEM32\\ntdll.dll+6650|C:\\windows\\SYSTEM32\\ntdll.dll+3052c|C:\\windows\\SYSTEM32\\ntdll.dll+34142|C:\\windows\\System32\\KERNEL32.DLL+17c24|C:\\windows\\SYSTEM32\\ntdll.dll+6d4d1","Task":"10","RuleName":"-","UtcTime":"2020-12-19 12:00:10.319","SourceProcessGUID":"{67e11d8c-876a-5fd0-1000-000000000700}","SourceProcessId":"932","SourceThreadId":"7252","SourceImage":"C:\\windows\\system32\\svchost.exe","TargetProcessGUID":"{67e11d8c-e2c7-5fdd-a696-000000000700}","TargetProcessId":"8940","TargetImage":"C:\\windows\\system32\\conhost.exe","GrantedAccess":"0x2000","CallTrace":"C:\\windows\\SYSTEM32\\ntdll.dll+9cbb4|C:\\windows\\SYSTEM32\\psmserviceexthost.dll+310c0|C:\\windows\\SYSTEM32\\psmserviceexthost.dll+30dbf|C:\\windows\\SYSTEM32\\ntdll.dll+6ba5|C:\\windows\\SYSTEM32\\ntdll.dll+67f1|C:\\windows\\SYSTEM32\\ntdll.dll+6650|C:\\windows\\SYSTEM32\\ntdll.dll+3052c|C:\\windows\\SYSTEM32\\ntdll.dll+34142|C:\\windows\\System32\\KERNEL32.DLL+17c24|C:\\windows\\SYSTEM32\\ntdll.dll+6d4d1"}
{"SourceName":"Microsoft-Windows-Sysmon","ProviderGuid":"{5770385f-c22a-43e0-bf4c-06f5698ffbd9}","Level":"4","Keywords":"0x8000000000000000","Channel":"Microsoft-Windows-Sysmon/Operational","Hostname":"WORKSTATION5.theshire.local","TimeCreated":"2020-12-19T07:00:10.336Z","@timestamp":"2020-12-19T07:00:10.336Z","EventID":10,"Message":"Process accessed:\r\nRuleName: -\r\nUtcTime: 2020-12-19 12:00:10.319\r\nSourceProcessGUID: {67e11d8c-77f6-5fd2-6714-000000000700}\r\nSourceProcessId: 2724\r\nSourceThreadId: 2708\r\nSourceImage: C:\\windows\\Explorer.EXE\r\nTargetProcessGUID: {67e11d8c-e2c7-5fdd-a596-000000000700}\r\nTargetProcessId: 1140\r\nTargetImage: C:\\Windows\\System32\\WindowsPowerShell\\v1.0\\powershell.exe\r\nGrantedAccess: 0x1000\r\nCallTrace: C:\\windows\\SYSTEM32\\ntdll.dll+9cbb4|C:\\windows\\System32\\KERNELBASE.dll+305fe|C:\\windows\\System32\\NPSMDesktopProvider.dll+1dbfa|C:\\windows\\System32\\NPSMDesktopProvider.dll+139e2|C:\\windows\\System32\\NPSMDesktopProvider.dll+1415b|C:\\windows\\System32\\shcore.dll+1a1d9|C:\\windows\\System32\\shcore.dll+19f74|C:\\windows\\System32\\shcore.dll+19041|C:\\windows\\System32\\KERNEL32.DLL+17c24|C:\\windows\\SYSTEM32\\ntdll.dll+6d4d1","Task":"10","RuleName":"-","UtcTime":"2020-12-19 12:00:10.319","SourceProcessGUID":"{67e11d8c-77f6-5fd2-6714-000000000700}","SourceProcessId":"2724","SourceThreadId":"2708","SourceImage":"C:\\windows\\Explorer.EXE","TargetProcessGUID":"{67e11d8c-e2c7-5fdd-a596-000000000700}","TargetProcessId":"1140","TargetImage":"C:\\Windows\\System32\\WindowsPowerShell\\v1.0\\powershell.exe","GrantedAccess":"0x1000","CallTrace":"C:\\windows\\SYSTEM32\\ntdll.dll+9cbb4|C:\\windows\\System32\\KERNELBASE.dll+305fe|C:\\windows\\System32\\NPSMDesktopProvider.dll+1dbfa|C:\\windows\\System32\\NPSMDesktopProvider.dll+139e2|C:\\windows\\System32\\NPSMDesktopProvider.dll+1415b|C:\\windows\\System32\\shcore.dll+1a1d9|C:\\windows\\System32\\shcore.dll+19f74|C:\\windows\\System32\\shcore.dll+19041|C:\\windows\\System32\\KERNEL32.DLL+17c24|C:\\windows\\SYSTEM32\\ntdll.dll+6d4d1"}
{"SourceName":"Microsoft-Windows-Sysmon","ProviderGuid":"{5770385f-c22a-43e0-bf4c-06f5698ffbd9}","Level":"4","Keywords":"0x8000000000000000","Channel":"Microsoft-Windows-Sysmon/Operational","Hostname":"WORKSTATION5.theshire.local","TimeCreated":"2020-12-19T07:00:10.336Z","@timestamp":"2020-12-19T07:00:10.336Z","EventID":10,"Message":"Process accessed:\r\nRuleName: -\r\nUtcTime: 2020-12-19 12:00:10.335\r\nSourceProcessGUID: {67e11d8c-77f6-5fd2-6714-000000000700}\r\nSourceProcessId: 2724\r\nSourceThreadId: 4120\r\nSourceImage: C:\\windows\\Explorer.EXE\r\nTargetProcessGUID: {67e11d8c-e2c7-5fdd-a596-000000000700}\r\nTargetProcessId: 1140\r\nTargetImage: C:\\Windows\\System32\\WindowsPowerShell\\v1.0\\powershell.exe\r\nGrantedAccess: 0x1000\r\nCallTrace: C:\\windows\\SYSTEM32\\ntdll.dll+9cbb4|C:\\windows\\System32\\KERNELBASE.dll+305fe|C:\\Windows\\System32\\TaskFlowDataEngine.dll+cf160|C:\\Windows\\System32\\TaskFlowDataEngine.dll+9827b|C:\\Windows\\System32\\TaskFlowDataEngine.dll+978ff|C:\\Windows\\System32\\TaskFlowDataEngine.dll+973f9|C:\\Windows\\System32\\TaskFlowDataEngine.dll+96e25|C:\\Windows\\System32\\TaskFlowDataEngine.dll+94c85|C:\\Windows\\System32\\TaskFlowDataEngine.dll+93658|C:\\Windows\\System32\\TaskFlowDataEngine.dll+9dfb1|C:\\windows\\System32\\shcore.dll+1a1d9|C:\\windows\\System32\\shcore.dll+19f74|C:\\windows\\System32\\shcore.dll+19041|C:\\windows\\System32\\KERNEL32.DLL+17c24|C:\\windows\\SYSTEM32\\ntdll.dll+6d4d1","Task":"10","RuleName":"-","UtcTime":"2020-12-19 12:00:10.335","SourceProcessGUID":"{67e11d8c-77f6-5fd2-6714-000000000700}","SourceProcessId":"2724","SourceThreadId":"4120","SourceImage":"C:\\windows\\Explorer.EXE","TargetProcessGUID":"{67e11d8c-e2c7-5fdd-a596-000000000700}","TargetProcessId":"1140","TargetImage":"C:\\Windows\\System32\\WindowsPowerShell\\v1.0\\powershell.exe","GrantedAccess":"0x1000","CallTrace":"C:\\windows\\SYSTEM32\\ntdll.dll+9cbb4|C:\\windows\\System32\\KERNELBASE.dll+305fe|C:\\Windows\\System32\\TaskFlowDataEngine.dll+cf160|C:\\Windows\\System32\\TaskFlowDataEngine.dll+9827b|C:\\Windows\\System32\\TaskFlowDataEngine.dll+978ff|C:\\Windows\\System32\\TaskFlowDataEngine.dll+973f9|C:\\Windows\\System32\\TaskFlowDataEngine.dll+96e25|C:\\Windows\\System32\\TaskFlowDataEngine.dll+94c85|C:\\Windows\\System32\\TaskFlowDataEngine.dll+93658|C:\\Windows\\System32\\TaskFlowDataEngine.dll+9dfb1|C:\\windows\\System32\\shcore.dll+1a1d9|C:\\windows\\System32\\shcore.dll+19f74|C:\\windows\\System32\\shcore.dll+19041|C:\\windows\\System32\\KERNEL32.DLL+17c24|C:\\windows\\SYSTEM32\\ntdll.dll+6d4d1"}
{"SourceName":"Microsoft-Windows-Sysmon","ProviderGuid":"{5770385f-c22a-43e0-bf4c-06f5698ffbd9}","Level":"4","Keywords":"0x8000000000000000","Channel":"Microsoft-Windows-Sysmon/Operational","Hostname":"WORKSTATION5.theshire.local","TimeCreated":"2020-12-19T07:00:10.340Z","@timestamp":"2020-12-19T07:00:10.340Z","EventID":10,"Message":"Process accessed:\r\nRuleName: -\r\nUtcTime: 2020-12-19 12:00:10.335\r\nSourceProcessGUID: {67e11d8c-77f4-5fd2-5b14-000000000700}\r\nSourceProcessId: 5884\r\nSourceThreadId: 3432\r\nSourceImage: C:\\windows\\system32\\svchost.exe\r\nTargetProcessGUID: {67e11d8c-77f6-5fd2-6714-000000000700}\r\nTargetProcessId: 2724\r\nTargetImage: C:\\windows\\Explorer.EXE\r\nGrantedAccess: 0x1040\r\nCallTrace: C:\\windows\\SYSTEM32\\ntdll.dll+9d784|C:\\windows\\System32\\RPCRT4.dll+2d354|C:\\windows\\System32\\combase.dll+be11b|C:\\windows\\System32\\combase.dll+85c38|C:\\windows\\System32\\combase.dll+83b2b|C:\\windows\\System32\\combase.dll+83c30|C:\\windows\\System32\\combase.dll+83a94|C:\\windows\\System32\\combase.dll+4fc58|C:\\windows\\System32\\combase.dll+4f6bb|C:\\windows\\System32\\combase.dll+86325|C:\\windows\\System32\\combase.dll+88644|C:\\windows\\System32\\combase.dll+88580|C:\\windows\\System32\\combase.dll+8821f|C:\\windows\\System32\\combase.dll+37db7|C:\\windows\\System32\\combase.dll+a8fe9|C:\\windows\\System32\\RPCRT4.dll+da15e|C:\\windows\\System32\\RPCRT4.dll+383b9|C:\\windows\\System32\\combase.dll+a821f|C:\\windows\\System32\\combase.dll+34313|C:\\windows\\System32\\combase.dll+34103|C:\\windows\\System32\\combase.dll+aae76|C:\\windows\\System32\\combase.dll+382da|C:\\windows\\System32\\combase.dll+a6d0d|C:\\windows\\System32\\combase.dll+5579c","Task":"10","RuleName":"-","UtcTime":"2020-12-19 12:00:10.335","SourceProcessGUID":"{67e11d8c-77f4-5fd2-5b14-000000000700}","SourceProcessId":"5884","SourceThreadId":"3432","SourceImage":"C:\\windows\\system32\\svchost.exe","TargetProcessGUID":"{67e11d8c-77f6-5fd2-6714-000000000700}","TargetProcessId":"2724","TargetImage":"C:\\windows\\Explorer.EXE","GrantedAccess":"0x1040","CallTrace":"C:\\windows\\SYSTEM32\\ntdll.dll+9d784|C:\\windows\\System32\\RPCRT4.dll+2d354|C:\\windows\\System32\\combase.dll+be11b|C:\\windows\\System32\\combase.dll+85c38|C:\\windows\\System32\\combase.dll+83b2b|C:\\windows\\System32\\combase.dll+83c30|C:\\windows\\System32\\combase.dll+83a94|C:\\windows\\System32\\combase.dll+4fc58|C:\\windows\\System32\\combase.dll+4f6bb|C:\\windows\\System32\\combase.dll+86325|C:\\windows\\System32\\combase.dll+88644|C:\\windows\\System32\\combase.dll+88580|C:\\windows\\System32\\combase.dll+8821f|C:\\windows\\System32\\combase.dll+37db7|C:\\windows\\System32\\combase.dll+a8fe9|C:\\windows\\System32\\RPCRT4.dll+da15e|C:\\windows\\System32\\RPCRT4.dll+383b9|C:\\windows\\System32\\combase.dll+a821f|C:\\windows\\System32\\combase.dll+34313|C:\\windows\\System32\\combase.dll+34103|C:\\windows\\System32\\combase.dll+aae76|C:\\windows\\System32\\combase.dll+382da|C:\\windows\\System32\\combase.dll+a6d0d|C:\\windows\\System32\\combase.dll+5579c"}
{"SourceName":"Microsoft-Windows-Sysmon","ProviderGuid":"{5770385f-c22a-43e0-bf4c-06f5698ffbd9}","Level":"4","Keywords":"0x8000000000000000","Channel":"Microsoft-Windows-Sysmon/Operational","Hostname":"WORKSTATION5.theshire.local","TimeCreated":"2020-12-19T07:00:10.342Z","@timestamp":"2020-12-19T07:00:10.342Z","EventID":10,"Message":"Process accessed:\r\nRuleName: -\r\nUtcTime: 2020-12-19 12:00:10.335\r\nSourceProcessGUID: {67e11d8c-77f4-5fd2-5b14-000000000700}\r\nSourceProcessId: 5884\r\nSourceThreadId: 3432\r\nSourceImage: C:\\windows\\system32\\svchost.exe\r\nTargetProcessGUID: {67e11d8c-77f6-5fd2-6714-000000000700}\r\nTargetProcessId: 2724\r\nTargetImage: C:\\windows\\Explorer.EXE\r\nGrantedAccess: 0x1040\r\nCallTrace: C:\\windows\\SYSTEM32\\ntdll.dll+9d784|C:\\windows\\System32\\RPCRT4.dll+2d354|C:\\windows\\System32\\combase.dll+be11b|C:\\windows\\System32\\combase.dll+85c38|C:\\windows\\System32\\combase.dll+83b2b|C:\\windows\\System32\\combase.dll+83c30|C:\\windows\\System32\\combase.dll+83a94|C:\\windows\\System32\\combase.dll+4fc58|C:\\windows\\System32\\combase.dll+4f6bb|C:\\windows\\System32\\combase.dll+86325|C:\\windows\\System32\\combase.dll+88644|C:\\windows\\System32\\combase.dll+88580|C:\\windows\\System32\\combase.dll+8821f|C:\\windows\\System32\\combase.dll+37db7|C:\\windows\\System32\\combase.dll+a8fe9|C:\\windows\\System32\\RPCRT4.dll+da15e|C:\\windows\\System32\\RPCRT4.dll+383b9|C:\\windows\\System32\\combase.dll+a821f|C:\\windows\\System32\\combase.dll+34313|C:\\windows\\System32\\combase.dll+34103|C:\\windows\\System32\\combase.dll+aae76|C:\\windows\\System32\\combase.dll+382da|C:\\windows\\System32\\combase.dll+a6d0d|C:\\windows\\System32\\combase.dll+5579c","Task":"10","RuleName":"-","UtcTime":"2020-12-19 12:00:10.335","SourceProcessGUID":"{67e11d8c-77f4-5fd2-5b14-000000000700}","SourceProcessId":"5884","SourceThreadId":"3432","SourceImage":"C:\\windows\\system32\\svchost.exe","TargetProcessGUID":"{67e11d8c-77f6-5fd2-6714-000000000700}","TargetProcessId":"2724","TargetImage":"C:\\windows\\Explorer.EXE","GrantedAccess":"0x1040","CallTrace":"C:\\windows\\SYSTEM32\\ntdll.dll+9d784|C:\\windows\\System32\\RPCRT4.dll+2d354|C:\\windows\\System32\\combase.dll+be11b|C:\\windows\\System32\\combase.dll+85c38|C:\\windows\\System32\\combase.dll+83b2b|C:\\windows\\System32\\combase.dll+83c30|C:\\windows\\System32\\combase.dll+83a94|C:\\windows\\System32\\combase.dll+4fc58|C:\\windows\\System32\\combase.dll+4f6bb|C:\\windows\\System32\\combase.dll+86325|C:\\windows\\System32\\combase.dll+88644|C:\\windows\\System32\\combase.dll+88580|C:\\windows\\System32\\combase.dll+8821f|C:\\windows\\System32\\combase.dll+37db7|C:\\windows\\System32\\combase.dll+a8fe9|C:\\windows\\System32\\RPCRT4.dll+da15e|C:\\windows\\System32\\RPCRT4.dll+383b9|C:\\windows\\System32\\combase.dll+a821f|C:\\windows\\System32\\combase.dll+34313|C:\\windows\\System32\\combase.dll+34103|C:\\windows\\System32\\combase.dll+aae76|C:\\windows\\System32\\combase.dll+382da|C:\\windows\\System32\\combase.dll+a6d0d|C:\\windows\\System32\\combase.dll+5579c"}
{"SourceName":"Microsoft-Windows-Sysmon","ProviderGuid":"{5770385f-c22a-43e0-bf4c-06f5698ffbd9}","Level":"4","Keywords":"0x8000000000000000","Channel":"Microsoft-Windows-Sysmon/Operational","Hostname":"WORKSTATION5.theshire.local","TimeCreated":"2020-12-19T07:00:10.382Z","@timestamp":"2020-12-19T07:00:10.382Z","EventID":12,"Message":"Registry object added or deleted:\r\nRuleName: -\r\nEventType: CreateKey\r\nUtcTime: 2020-12-19 12:00:10.382\r\nProcessGuid: {67e11d8c-77f6-5fd2-6714-000000000700}\r\nProcessId: 2724\r\nImage: C:\\windows\\Explorer.EXE\r\nTargetObject: HKU\\S-1-5-21-3786818125-2382361537-3207726629-1104\\Software\\Microsoft\\Windows\\CurrentVersion\\Explorer\\SessionInfo\\2\\ApplicationViewManagement\\W32:00000000001B034C","Task":"12","RuleName":"-","EventType":"CreateKey","UtcTime":"2020-12-19 12:00:10.382","ProcessGuid":"{67e11d8c-77f6-5fd2-6714-000000000700}","ProcessId":"2724","Image":"C:\\windows\\Explorer.EXE","TargetObject":"HKU\\S-1-5-21-3786818125-2382361537-3207726629-1104\\Software\\Microsoft\\Windows\\CurrentVersion\\Explorer\\SessionInfo\\2\\ApplicationViewManagement\\W32:00000000001B034C"}
{"SourceName":"Microsoft-Windows-Sysmon","ProviderGuid":"{5770385f-c22a-43e0-bf4c-06f5698ffbd9}","Level":"4","Keywords":"0x8000000000000000","Channel":"Microsoft-Windows-Sysmon/Operational","Hostname":"WORKSTATION5.theshire.local","TimeCreated":"2020-12-19T07:00:10.382Z","@timestamp":"2020-12-19T07:00:10.382Z","EventID":13,"Message":"Registry value set:\r\nRuleName: -\r\nEventType: SetValue\r\nUtcTime: 2020-12-19 12:00:10.382\r\nProcessGuid: {67e11d8c-77f6-5fd2-6714-000000000700}\r\nProcessId: 2724\r\nImage: C:\\windows\\Explorer.EXE\r\nTargetObject: HKU\\S-1-5-21-3786818125-2382361537-3207726629-1104\\Software\\Microsoft\\Windows\\CurrentVersion\\Explorer\\SessionInfo\\2\\ApplicationViewManagement\\W32:00000000001B034C\\VirtualDesktop\r\nDetails: Binary Data","Task":"13","RuleName":"-","EventType":"SetValue","UtcTime":"2020-12-19 12:00:10.382","ProcessGuid":"{67e11d8c-77f6-5fd2-6714-000000000700}","ProcessId":"2724","Image":"C:\\windows\\Explorer.EXE","TargetObject":"HKU\\S-1-5-21-3786818125-2382361537-3207726629-1104\\Software\\Microsoft\\Windows\\CurrentVersion\\Explorer\\SessionInfo\\2\\ApplicationViewManagement\\W32:00000000001B034C\\VirtualDesktop","Details":"Binary Data"}
{"SourceName":"Microsoft-Windows-Sysmon","ProviderGuid":"{5770385f-c22a-43e0-bf4c-06f5698ffbd9}","Level":"4","Keywords":"0x8000000000000000","Channel":"Microsoft-Windows-Sysmon/Operational","Hostname":"WORKSTATION5.theshire.local","TimeCreated":"2020-12-19T07:00:10.416Z","@timestamp":"2020-12-19T07:00:10.416Z","EventID":10,"Message":"Process accessed:\r\nRuleName: -\r\nUtcTime: 2020-12-19 12:00:10.413\r\nSourceProcessGUID: {67e11d8c-876a-5fd0-1000-000000000700}\r\nSourceProcessId: 932\r\nSourceThreadId: 400\r\nSourceImage: C:\\windows\\system32\\svchost.exe\r\nTargetProcessGUID: {67e11d8c-781f-5fd2-8714-000000000700}\r\nTargetProcessId: 8140\r\nTargetImage: C:\\Windows\\SystemApps\\InputApp_cw5n1h2txyewy\\WindowsInternal.ComposableShell.Experiences.TextInput.InputApp.exe\r\nGrantedAccess: 0x1000\r\nCallTrace: C:\\windows\\SYSTEM32\\ntdll.dll+9cbb4|C:\\windows\\SYSTEM32\\psmserviceexthost.dll+222a3|C:\\windows\\SYSTEM32\\psmserviceexthost.dll+37ea0|C:\\windows\\SYSTEM32\\psmserviceexthost.dll+37929|C:\\windows\\SYSTEM32\\psmserviceexthost.dll+686f8|C:\\windows\\SYSTEM32\\psmserviceexthost.dll+6e84a|C:\\windows\\SYSTEM32\\psmserviceexthost.dll+6f700|C:\\windows\\SYSTEM32\\psmserviceexthost.dll+34be4|C:\\windows\\SYSTEM32\\psmserviceexthost.dll+6f63e|C:\\windows\\SYSTEM32\\psmserviceexthost.dll+713b5|C:\\windows\\SYSTEM32\\psmserviceexthost.dll+50bda|C:\\windows\\SYSTEM32\\psmserviceexthost.dll+4500a|C:\\windows\\System32\\KERNEL32.DLL+17c24|C:\\windows\\SYSTEM32\\ntdll.dll+6d4d1","Task":"10","RuleName":"-","UtcTime":"2020-12-19 12:00:10.413","SourceProcessGUID":"{67e11d8c-876a-5fd0-1000-000000000700}","SourceProcessId":"932","SourceThreadId":"400","SourceImage":"C:\\windows\\system32\\svchost.exe","TargetProcessGUID":"{67e11d8c-781f-5fd2-8714-000000000700}","TargetProcessId":"8140","TargetImage":"C:\\Windows\\SystemApps\\InputApp_cw5n1h2txyewy\\WindowsInternal.ComposableShell.Experiences.TextInput.InputApp.exe","GrantedAccess":"0x1000","CallTrace":"C:\\windows\\SYSTEM32\\ntdll.dll+9cbb4|C:\\windows\\SYSTEM32\\psmserviceexthost.dll+222a3|C:\\windows\\SYSTEM32\\psmserviceexthost.dll+37ea0|C:\\windows\\SYSTEM32\\psmserviceexthost.dll+37929|C:\\windows\\SYSTEM32\\psmserviceexthost.dll+686f8|C:\\windows\\SYSTEM32\\psmserviceexthost.dll+6e84a|C:\\windows\\SYSTEM32\\psmserviceexthost.dll+6f700|C:\\windows\\SYSTEM32\\psmserviceexthost.dll+34be4|C:\\windows\\SYSTEM32\\psmserviceexthost.dll+6f63e|C:\\windows\\SYSTEM32\\psmserviceexthost.dll+713b5|C:\\windows\\SYSTEM32\\psmserviceexthost.dll+50bda|C:\\windows\\SYSTEM32\\psmserviceexthost.dll+4500a|C:\\windows\\System32\\KERNEL32.DLL+17c24|C:\\windows\\SYSTEM32\\ntdll.dll+6d4d1"}
{"SourceName":"Microsoft-Windows-Sysmon","ProviderGuid":"{5770385f-c22a-43e0-bf4c-06f5698ffbd9}","Level":"4","Keywords":"0x8000000000000000","Channel":"Microsoft-Windows-Sysmon/Operational","Hostname":"WORKSTATION5.theshire.local","TimeCreated":"2020-12-19T07:00:11.416Z","@timestamp":"2020-12-19T07:00:11.416Z","EventID":10,"Message":"Process accessed:\r\nRuleName: -\r\nUtcTime: 2020-12-19 12:00:11.413\r\nSourceProcessGUID: {67e11d8c-876a-5fd0-1000-000000000700}\r\nSourceProcessId: 932\r\nSourceThreadId: 400\r\nSourceImage: C:\\windows\\system32\\svchost.exe\r\nTargetProcessGUID: {67e11d8c-781f-5fd2-8714-000000000700}\r\nTargetProcessId: 8140\r\nTargetImage: C:\\Windows\\SystemApps\\InputApp_cw5n1h2txyewy\\WindowsInternal.ComposableShell.Experiences.TextInput.InputApp.exe\r\nGrantedAccess: 0x1000\r\nCallTrace: C:\\windows\\SYSTEM32\\ntdll.dll+9cbb4|C:\\windows\\SYSTEM32\\psmserviceexthost.dll+222a3|C:\\windows\\SYSTEM32\\psmserviceexthost.dll+37ea0|C:\\windows\\SYSTEM32\\psmserviceexthost.dll+37929|C:\\windows\\SYSTEM32\\psmserviceexthost.dll+686f8|C:\\windows\\SYSTEM32\\psmserviceexthost.dll+6e84a|C:\\windows\\SYSTEM32\\psmserviceexthost.dll+6f700|C:\\windows\\SYSTEM32\\psmserviceexthost.dll+34be4|C:\\windows\\SYSTEM32\\psmserviceexthost.dll+6f63e|C:\\windows\\SYSTEM32\\psmserviceexthost.dll+713b5|C:\\windows\\SYSTEM32\\psmserviceexthost.dll+50bda|C:\\windows\\SYSTEM32\\psmserviceexthost.dll+4500a|C:\\windows\\System32\\KERNEL32.DLL+17c24|C:\\windows\\SYSTEM32\\ntdll.dll+6d4d1","Task":"10","RuleName":"-","UtcTime":"2020-12-19 12:00:11.413","SourceProcessGUID":"{67e11d8c-876a-5fd0-1000-000000000700}","SourceProcessId":"932","SourceThreadId":"400","SourceImage":"C:\\windows\\system32\\svchost.exe","TargetProcessGUID":"{67e11d8c-781f-5fd2-8714-000000000700}","TargetProcessId":"8140","TargetImage":"C:\\Windows\\SystemApps\\InputApp_cw5n1h2txyewy\\WindowsInternal.ComposableShell.Experiences.TextInput.InputApp.exe","GrantedAccess":"0x1000","CallTrace":"C:\\windows\\SYSTEM32\\ntdll.dll+9cbb4|C:\\windows\\SYSTEM32\\psmserviceexthost.dll+222a3|C:\\windows\\SYSTEM32\\psmserviceexthost.dll+37ea0|C:\\windows\\SYSTEM32\\psmserviceexthost.dll+37929|C:\\windows\\SYSTEM32\\psmserviceexthost.dll+686f8|C:\\windows\\SYSTEM32\\psmserviceexthost.dll+6e84a|C:\\windows\\SYSTEM32\\psmserviceexthost.dll+6f700|C:\\windows\\SYSTEM32\\psmserviceexthost.dll+34be4|C:\\windows\\SYSTEM32\\psmserviceexthost.dll+6f63e|C:\\windows\\SYSTEM32\\psmserviceexthost.dll+713b5|C:\\windows\\SYSTEM32\\psmserviceexthost.dll+50bda|C:\\windows\\SYSTEM32\\psmserviceexthost.dll+4500a|C:\\windows\\System32\\KERNEL32.DLL+17c24|C:\\windows\\SYSTEM32\\ntdll.dll+6d4d1"}
{"SourceName":"Microsoft-Windows-Sysmon","ProviderGuid":"{5770385f-c22a-43e0-bf4c-06f5698ffbd9}","Level":"4","Keywords":"0x8000000000000000","Channel":"Microsoft-Windows-Sysmon/Operational","Hostname":"WORKSTATION5.theshire.local","TimeCreated":"2020-12-19T07:00:12.431Z","@timestamp":"2020-12-19T07:00:12.431Z","EventID":10,"Message":"Process accessed:\r\nRuleName: -\r\nUtcTime: 2020-12-19 12:00:12.428\r\nSourceProcessGUID: {67e11d8c-876a-5fd0-1000-000000000700}\r\nSourceProcessId: 932\r\nSourceThreadId: 400\r\nSourceImage: C:\\windows\\system32\\svchost.exe\r\nTargetProcessGUID: {67e11d8c-781f-5fd2-8714-000000000700}\r\nTargetProcessId: 8140\r\nTargetImage: C:\\Windows\\SystemApps\\InputApp_cw5n1h2txyewy\\WindowsInternal.ComposableShell.Experiences.TextInput.InputApp.exe\r\nGrantedAccess: 0x1000\r\nCallTrace: C:\\windows\\SYSTEM32\\ntdll.dll+9cbb4|C:\\windows\\SYSTEM32\\psmserviceexthost.dll+222a3|C:\\windows\\SYSTEM32\\psmserviceexthost.dll+37ea0|C:\\windows\\SYSTEM32\\psmserviceexthost.dll+37929|C:\\windows\\SYSTEM32\\psmserviceexthost.dll+686f8|C:\\windows\\SYSTEM32\\psmserviceexthost.dll+6e84a|C:\\windows\\SYSTEM32\\psmserviceexthost.dll+6f700|C:\\windows\\SYSTEM32\\psmserviceexthost.dll+34be4|C:\\windows\\SYSTEM32\\psmserviceexthost.dll+6f63e|C:\\windows\\SYSTEM32\\psmserviceexthost.dll+713b5|C:\\windows\\SYSTEM32\\psmserviceexthost.dll+50bda|C:\\windows\\SYSTEM32\\psmserviceexthost.dll+4500a|C:\\windows\\System32\\KERNEL32.DLL+17c24|C:\\windows\\SYSTEM32\\ntdll.dll+6d4d1","Task":"10","RuleName":"-","UtcTime":"2020-12-19 12:00:12.428","SourceProcessGUID":"{67e11d8c-876a-5fd0-1000-000000000700}","SourceProcessId":"932","SourceThreadId":"400","SourceImage":"C:\\windows\\system32\\svchost.exe","TargetProcessGUID":"{67e11d8c-781f-5fd2-8714-000000000700}","TargetProcessId":"8140","TargetImage":"C:\\Windows\\SystemApps\\InputApp_cw5n1h2txyewy\\WindowsInternal.ComposableShell.Experiences.TextInput.InputApp.exe","GrantedAccess":"0x1000","CallTrace":"C:\\windows\\SYSTEM32\\ntdll.dll+9cbb4|C:\\windows\\SYSTEM32\\psmserviceexthost.dll+222a3|C:\\windows\\SYSTEM32\\psmserviceexthost.dll+37ea0|C:\\windows\\SYSTEM32\\psmserviceexthost.dll+37929|C:\\windows\\SYSTEM32\\psmserviceexthost.dll+686f8|C:\\windows\\SYSTEM32\\psmserviceexthost.dll+6e84a|C:\\windows\\SYSTEM32\\psmserviceexthost.dll+6f700|C:\\windows\\SYSTEM32\\psmserviceexthost.dll+34be4|C:\\windows\\SYSTEM32\\psmserviceexthost.dll+6f63e|C:\\windows\\SYSTEM32\\psmserviceexthost.dll+713b5|C:\\windows\\SYSTEM32\\psmserviceexthost.dll+50bda|C:\\windows\\SYSTEM32\\psmserviceexthost.dll+4500a|C:\\windows\\System32\\KERNEL32.DLL+17c24|C:\\windows\\SYSTEM32\\ntdll.dll+6d4d1"}
{"SourceName":"Microsoft-Windows-Sysmon","ProviderGuid":"{5770385f-c22a-43e0-bf4c-06f5698ffbd9}","Level":"4","Keywords":"0x8000000000000000","Channel":"Microsoft-Windows-Sysmon/Operational","Hostname":"WORKSTATION5.theshire.local","TimeCreated":"2020-12-19T07:00:12.697Z","@timestamp":"2020-12-19T07:00:12.697Z","EventID":10,"Message":"Process accessed:\r\nRuleName: -\r\nUtcTime: 2020-12-19 12:00:12.694\r\nSourceProcessGUID: {67e11d8c-77f6-5fd2-6714-000000000700}\r\nSourceProcessId: 2724\r\nSourceThreadId: 7172\r\nSourceImage: C:\\windows\\Explorer.EXE\r\nTargetProcessGUID: {67e11d8c-781f-5fd2-8714-000000000700}\r\nTargetProcessId: 8140\r\nTargetImage: C:\\Windows\\SystemApps\\InputApp_cw5n1h2txyewy\\WindowsInternal.ComposableShell.Experiences.TextInput.InputApp.exe\r\nGrantedAccess: 0x2000\r\nCallTrace: C:\\windows\\SYSTEM32\\ntdll.dll+9cbb4|C:\\windows\\System32\\KERNELBASE.dll+305fe|C:\\windows\\system32\\twinui.dll+72a89|C:\\windows\\SYSTEM32\\ntdll.dll+30729|C:\\windows\\SYSTEM32\\ntdll.dll+345b4|C:\\windows\\System32\\KERNEL32.DLL+17c24|C:\\windows\\SYSTEM32\\ntdll.dll+6d4d1","Task":"10","RuleName":"-","UtcTime":"2020-12-19 12:00:12.694","SourceProcessGUID":"{67e11d8c-77f6-5fd2-6714-000000000700}","SourceProcessId":"2724","SourceThreadId":"7172","SourceImage":"C:\\windows\\Explorer.EXE","TargetProcessGUID":"{67e11d8c-781f-5fd2-8714-000000000700}","TargetProcessId":"8140","TargetImage":"C:\\Windows\\SystemApps\\InputApp_cw5n1h2txyewy\\WindowsInternal.ComposableShell.Experiences.TextInput.InputApp.exe","GrantedAccess":"0x2000","CallTrace":"C:\\windows\\SYSTEM32\\ntdll.dll+9cbb4|C:\\windows\\System32\\KERNELBASE.dll+305fe|C:\\windows\\system32\\twinui.dll+72a89|C:\\windows\\SYSTEM32\\ntdll.dll+30729|C:\\windows\\SYSTEM32\\ntdll.dll+345b4|C:\\windows\\System32\\KERNEL32.DLL+17c24|C:\\windows\\SYSTEM32\\ntdll.dll+6d4d1"}
{"SourceName":"Microsoft-Windows-Sysmon","ProviderGuid":"{5770385f-c22a-43e0-bf4c-06f5698ffbd9}","Level":"4","Keywords":"0x8000000000000000","Channel":"Microsoft-Windows-Sysmon/Operational","Hostname":"WORKSTATION5.theshire.local","TimeCreated":"2020-12-19T07:00:12.697Z","@timestamp":"2020-12-19T07:00:12.697Z","EventID":10,"Message":"Process accessed:\r\nRuleName: -\r\nUtcTime: 2020-12-19 12:00:12.694\r\nSourceProcessGUID: {67e11d8c-77f6-5fd2-6714-000000000700}\r\nSourceProcessId: 2724\r\nSourceThreadId: 7172\r\nSourceImage: C:\\windows\\Explorer.EXE\r\nTargetProcessGUID: {67e11d8c-95d0-5fdc-e086-000000000700}\r\nTargetProcessId: 7744\r\nTargetImage: C:\\Program Files\\Wireshark\\Wireshark.exe\r\nGrantedAccess: 0x2000\r\nCallTrace: C:\\windows\\SYSTEM32\\ntdll.dll+9cbb4|C:\\windows\\System32\\KERNELBASE.dll+305fe|C:\\windows\\system32\\twinui.dll+72a89|C:\\windows\\SYSTEM32\\ntdll.dll+30729|C:\\windows\\SYSTEM32\\ntdll.dll+345b4|C:\\windows\\System32\\KERNEL32.DLL+17c24|C:\\windows\\SYSTEM32\\ntdll.dll+6d4d1","Task":"10","RuleName":"-","UtcTime":"2020-12-19 12:00:12.694","SourceProcessGUID":"{67e11d8c-77f6-5fd2-6714-000000000700}","SourceProcessId":"2724","SourceThreadId":"7172","SourceImage":"C:\\windows\\Explorer.EXE","TargetProcessGUID":"{67e11d8c-95d0-5fdc-e086-000000000700}","TargetProcessId":"7744","TargetImage":"C:\\Program Files\\Wireshark\\Wireshark.exe","GrantedAccess":"0x2000","CallTrace":"C:\\windows\\SYSTEM32\\ntdll.dll+9cbb4|C:\\windows\\System32\\KERNELBASE.dll+305fe|C:\\windows\\system32\\twinui.dll+72a89|C:\\windows\\SYSTEM32\\ntdll.dll+30729|C:\\windows\\SYSTEM32\\ntdll.dll+345b4|C:\\windows\\System32\\KERNEL32.DLL+17c24|C:\\windows\\SYSTEM32\\ntdll.dll+6d4d1"}
{"SourceName":"Microsoft-Windows-Sysmon","ProviderGuid":"{5770385f-c22a-43e0-bf4c-06f5698ffbd9}","Level":"4","Keywords":"0x8000000000000000","Channel":"Microsoft-Windows-Sysmon/Operational","Hostname":"WORKSTATION5.theshire.local","TimeCreated":"2020-12-19T07:00:13.336Z","@timestamp":"2020-12-19T07:00:13.336Z","EventID":13,"Message":"Registry value set:\r\nRuleName: -\r\nEventType: SetValue\r\nUtcTime: 2020-12-19 12:00:13.335\r\nProcessGuid: {67e11d8c-77f6-5fd2-6714-000000000700}\r\nProcessId: 2724\r\nImage: C:\\windows\\Explorer.EXE\r\nTargetObject: HKU\\S-1-5-21-3786818125-2382361537-3207726629-1104\\Software\\Microsoft\\Windows\\CurrentVersion\\Explorer\\UserAssist\\{CEBFF5CD-ACE2-4F4F-9178-9926F41749EA}\\Count\\{1NP14R77-02R7-4R5Q-O744-2RO1NR5198O7}\\JvaqbjfCbjreFuryy\\i1.0\\cbjrefuryy.rkr\r\nDetails: Binary Data","Task":"13","RuleName":"-","EventType":"SetValue","UtcTime":"2020-12-19 12:00:13.335","ProcessGuid":"{67e11d8c-77f6-5fd2-6714-000000000700}","ProcessId":"2724","Image":"C:\\windows\\Explorer.EXE","TargetObject":"HKU\\S-1-5-21-3786818125-2382361537-3207726629-1104\\Software\\Microsoft\\Windows\\CurrentVersion\\Explorer\\UserAssist\\{CEBFF5CD-ACE2-4F4F-9178-9926F41749EA}\\Count\\{1NP14R77-02R7-4R5Q-O744-2RO1NR5198O7}\\JvaqbjfCbjreFuryy\\i1.0\\cbjrefuryy.rkr","Details":"Binary Data"}
{"SourceName":"Microsoft-Windows-Sysmon","ProviderGuid":"{5770385f-c22a-43e0-bf4c-06f5698ffbd9}","Level":"4","Keywords":"0x8000000000000000","Channel":"Microsoft-Windows-Sysmon/Operational","Hostname":"WORKSTATION5.theshire.local","TimeCreated":"2020-12-19T07:00:13.336Z","@timestamp":"2020-12-19T07:00:13.336Z","EventID":13,"Message":"Registry value set:\r\nRuleName: -\r\nEventType: SetValue\r\nUtcTime: 2020-12-19 12:00:13.335\r\nProcessGuid: {67e11d8c-77f6-5fd2-6714-000000000700}\r\nProcessId: 2724\r\nImage: C:\\windows\\Explorer.EXE\r\nTargetObject: HKU\\S-1-5-21-3786818125-2382361537-3207726629-1104\\Software\\Microsoft\\Windows\\CurrentVersion\\Explorer\\UserAssist\\{CEBFF5CD-ACE2-4F4F-9178-9926F41749EA}\\Count\\HRZR_PGYFRFFVBA\r\nDetails: Binary Data","Task":"13","RuleName":"-","EventType":"SetValue","UtcTime":"2020-12-19 12:00:13.335","ProcessGuid":"{67e11d8c-77f6-5fd2-6714-000000000700}","ProcessId":"2724","Image":"C:\\windows\\Explorer.EXE","TargetObject":"HKU\\S-1-5-21-3786818125-2382361537-3207726629-1104\\Software\\Microsoft\\Windows\\CurrentVersion\\Explorer\\UserAssist\\{CEBFF5CD-ACE2-4F4F-9178-9926F41749EA}\\Count\\HRZR_PGYFRFFVBA","Details":"Binary Data"}
{"SourceName":"Microsoft-Windows-Sysmon","ProviderGuid":"{5770385f-c22a-43e0-bf4c-06f5698ffbd9}","Level":"4","Keywords":"0x8000000000000000","Channel":"Microsoft-Windows-Sysmon/Operational","Hostname":"WORKSTATION5.theshire.local","TimeCreated":"2020-12-19T07:00:13.431Z","@timestamp":"2020-12-19T07:00:13.431Z","EventID":10,"Message":"Process accessed:\r\nRuleName: -\r\nUtcTime: 2020-12-19 12:00:13.429\r\nSourceProcessGUID: {67e11d8c-876a-5fd0-1000-000000000700}\r\nSourceProcessId: 932\r\nSourceThreadId: 400\r\nSourceImage: C:\\windows\\system32\\svchost.exe\r\nTargetProcessGUID: {67e11d8c-781f-5fd2-8714-000000000700}\r\nTargetProcessId: 8140\r\nTargetImage: C:\\Windows\\SystemApps\\InputApp_cw5n1h2txyewy\\WindowsInternal.ComposableShell.Experiences.TextInput.InputApp.exe\r\nGrantedAccess: 0x1000\r\nCallTrace: C:\\windows\\SYSTEM32\\ntdll.dll+9cbb4|C:\\windows\\SYSTEM32\\psmserviceexthost.dll+222a3|C:\\windows\\SYSTEM32\\psmserviceexthost.dll+37ea0|C:\\windows\\SYSTEM32\\psmserviceexthost.dll+37929|C:\\windows\\SYSTEM32\\psmserviceexthost.dll+686f8|C:\\windows\\SYSTEM32\\psmserviceexthost.dll+6e84a|C:\\windows\\SYSTEM32\\psmserviceexthost.dll+6f700|C:\\windows\\SYSTEM32\\psmserviceexthost.dll+34be4|C:\\windows\\SYSTEM32\\psmserviceexthost.dll+6f63e|C:\\windows\\SYSTEM32\\psmserviceexthost.dll+713b5|C:\\windows\\SYSTEM32\\psmserviceexthost.dll+50bda|C:\\windows\\SYSTEM32\\psmserviceexthost.dll+4500a|C:\\windows\\System32\\KERNEL32.DLL+17c24|C:\\windows\\SYSTEM32\\ntdll.dll+6d4d1","Task":"10","RuleName":"-","UtcTime":"2020-12-19 12:00:13.429","SourceProcessGUID":"{67e11d8c-876a-5fd0-1000-000000000700}","SourceProcessId":"932","SourceThreadId":"400","SourceImage":"C:\\windows\\system32\\svchost.exe","TargetProcessGUID":"{67e11d8c-781f-5fd2-8714-000000000700}","TargetProcessId":"8140","TargetImage":"C:\\Windows\\SystemApps\\InputApp_cw5n1h2txyewy\\WindowsInternal.ComposableShell.Experiences.TextInput.InputApp.exe","GrantedAccess":"0x1000","CallTrace":"C:\\windows\\SYSTEM32\\ntdll.dll+9cbb4|C:\\windows\\SYSTEM32\\psmserviceexthost.dll+222a3|C:\\windows\\SYSTEM32\\psmserviceexthost.dll+37ea0|C:\\windows\\SYSTEM32\\psmserviceexthost.dll+37929|C:\\windows\\SYSTEM32\\psmserviceexthost.dll+686f8|C:\\windows\\SYSTEM32\\psmserviceexthost.dll+6e84a|C:\\windows\\SYSTEM32\\psmserviceexthost.dll+6f700|C:\\windows\\SYSTEM32\\psmserviceexthost.dll+34be4|C:\\windows\\SYSTEM32\\psmserviceexthost.dll+6f63e|C:\\windows\\SYSTEM32\\psmserviceexthost.dll+713b5|C:\\windows\\SYSTEM32\\psmserviceexthost.dll+50bda|C:\\windows\\SYSTEM32\\psmserviceexthost.dll+4500a|C:\\windows\\System32\\KERNEL32.DLL+17c24|C:\\windows\\SYSTEM32\\ntdll.dll+6d4d1"}
{"SourceName":"Microsoft-Windows-Sysmon","ProviderGuid":"{5770385f-c22a-43e0-bf4c-06f5698ffbd9}","Level":"4","Keywords":"0x8000000000000000","Channel":"Microsoft-Windows-Sysmon/Operational","Hostname":"WORKSTATION5.theshire.local","TimeCreated":"2020-12-19T07:00:13.886Z","@timestamp":"2020-12-19T07:00:13.886Z","EventID":11,"Message":"File created:\r\nRuleName: -\r\nUtcTime: 2020-12-19 12:00:13.882\r\nProcessGuid: {67e11d8c-876e-5fd0-2d00-000000000700}\r\nProcessId: 1920\r\nImage: C:\\windows\\system32\\svchost.exe\r\nTargetFilename: C:\\Windows\\Prefetch\\DUMPCAP.EXE-32EEE998.pf\r\nCreationUtcTime: 2020-12-06 03:20:39.404","Task":"11","RuleName":"-","UtcTime":"2020-12-19 12:00:13.882","ProcessGuid":"{67e11d8c-876e-5fd0-2d00-000000000700}","ProcessId":"1920","Image":"C:\\windows\\system32\\svchost.exe","TargetFilename":"C:\\Windows\\Prefetch\\DUMPCAP.EXE-32EEE998.pf","CreationUtcTime":"2020-12-06 03:20:39.404"}
{"SourceName":"Microsoft-Windows-Sysmon","ProviderGuid":"{5770385f-c22a-43e0-bf4c-06f5698ffbd9}","Level":"4","Keywords":"0x8000000000000000","Channel":"Microsoft-Windows-Sysmon/Operational","Hostname":"WORKSTATION5.theshire.local","TimeCreated":"2020-12-19T07:00:13.890Z","@timestamp":"2020-12-19T07:00:13.890Z","EventID":11,"Message":"File created:\r\nRuleName: -\r\nUtcTime: 2020-12-19 12:00:13.882\r\nProcessGuid: {67e11d8c-876e-5fd0-2d00-000000000700}\r\nProcessId: 1920\r\nImage: C:\\windows\\system32\\svchost.exe\r\nTargetFilename: C:\\Windows\\Prefetch\\CONHOST.EXE-1F3E9D7E.pf\r\nCreationUtcTime: 2020-11-30 09:48:40.690","Task":"11","RuleName":"-","UtcTime":"2020-12-19 12:00:13.882","ProcessGuid":"{67e11d8c-876e-5fd0-2d00-000000000700}","ProcessId":"1920","Image":"C:\\windows\\system32\\svchost.exe","TargetFilename":"C:\\Windows\\Prefetch\\CONHOST.EXE-1F3E9D7E.pf","CreationUtcTime":"2020-11-30 09:48:40.690"}
{"SourceName":"Microsoft-Windows-Sysmon","ProviderGuid":"{5770385f-c22a-43e0-bf4c-06f5698ffbd9}","Level":"4","Keywords":"0x8000000000000000","Channel":"Microsoft-Windows-Sysmon/Operational","Hostname":"WORKSTATION5.theshire.local","TimeCreated":"2020-12-19T07:00:14.447Z","@timestamp":"2020-12-19T07:00:14.447Z","EventID":10,"Message":"Process accessed:\r\nRuleName: -\r\nUtcTime: 2020-12-19 12:00:14.444\r\nSourceProcessGUID: {67e11d8c-876a-5fd0-1000-000000000700}\r\nSourceProcessId: 932\r\nSourceThreadId: 400\r\nSourceImage: C:\\windows\\system32\\svchost.exe\r\nTargetProcessGUID: {67e11d8c-781f-5fd2-8714-000000000700}\r\nTargetProcessId: 8140\r\nTargetImage: C:\\Windows\\SystemApps\\InputApp_cw5n1h2txyewy\\WindowsInternal.ComposableShell.Experiences.TextInput.InputApp.exe\r\nGrantedAccess: 0x1000\r\nCallTrace: C:\\windows\\SYSTEM32\\ntdll.dll+9cbb4|C:\\windows\\SYSTEM32\\psmserviceexthost.dll+222a3|C:\\windows\\SYSTEM32\\psmserviceexthost.dll+37ea0|C:\\windows\\SYSTEM32\\psmserviceexthost.dll+37929|C:\\windows\\SYSTEM32\\psmserviceexthost.dll+686f8|C:\\windows\\SYSTEM32\\psmserviceexthost.dll+6e84a|C:\\windows\\SYSTEM32\\psmserviceexthost.dll+6f700|C:\\windows\\SYSTEM32\\psmserviceexthost.dll+34be4|C:\\windows\\SYSTEM32\\psmserviceexthost.dll+6f63e|C:\\windows\\SYSTEM32\\psmserviceexthost.dll+713b5|C:\\windows\\SYSTEM32\\psmserviceexthost.dll+50bda|C:\\windows\\SYSTEM32\\psmserviceexthost.dll+4500a|C:\\windows\\System32\\KERNEL32.DLL+17c24|C:\\windows\\SYSTEM32\\ntdll.dll+6d4d1","Task":"10","RuleName":"-","UtcTime":"2020-12-19 12:00:14.444","SourceProcessGUID":"{67e11d8c-876a-5fd0-1000-000000000700}","SourceProcessId":"932","SourceThreadId":"400","SourceImage":"C:\\windows\\system32\\svchost.exe","TargetProcessGUID":"{67e11d8c-781f-5fd2-8714-000000000700}","TargetProcessId":"8140","TargetImage":"C:\\Windows\\SystemApps\\InputApp_cw5n1h2txyewy\\WindowsInternal.ComposableShell.Experiences.TextInput.InputApp.exe","GrantedAccess":"0x1000","CallTrace":"C:\\windows\\SYSTEM32\\ntdll.dll+9cbb4|C:\\windows\\SYSTEM32\\psmserviceexthost.dll+222a3|C:\\windows\\SYSTEM32\\psmserviceexthost.dll+37ea0|C:\\windows\\SYSTEM32\\psmserviceexthost.dll+37929|C:\\windows\\SYSTEM32\\psmserviceexthost.dll+686f8|C:\\windows\\SYSTEM32\\psmserviceexthost.dll+6e84a|C:\\windows\\SYSTEM32\\psmserviceexthost.dll+6f700|C:\\windows\\SYSTEM32\\psmserviceexthost.dll+34be4|C:\\windows\\SYSTEM32\\psmserviceexthost.dll+6f63e|C:\\windows\\SYSTEM32\\psmserviceexthost.dll+713b5|C:\\windows\\SYSTEM32\\psmserviceexthost.dll+50bda|C:\\windows\\SYSTEM32\\psmserviceexthost.dll+4500a|C:\\windows\\System32\\KERNEL32.DLL+17c24|C:\\windows\\SYSTEM32\\ntdll.dll+6d4d1"}
{"SourceName":"Microsoft-Windows-Sysmon","ProviderGuid":"{5770385f-c22a-43e0-bf4c-06f5698ffbd9}","Level":"4","Keywords":"0x8000000000000000","Channel":"Microsoft-Windows-Sysmon/Operational","Hostname":"WORKSTATION5.theshire.local","TimeCreated":"2020-12-19T07:00:15.462Z","@timestamp":"2020-12-19T07:00:15.462Z","EventID":10,"Message":"Process accessed:\r\nRuleName: -\r\nUtcTime: 2020-12-19 12:00:15.460\r\nSourceProcessGUID: {67e11d8c-876a-5fd0-1000-000000000700}\r\nSourceProcessId: 932\r\nSourceThreadId: 400\r\nSourceImage: C:\\windows\\system32\\svchost.exe\r\nTargetProcessGUID: {67e11d8c-781f-5fd2-8714-000000000700}\r\nTargetProcessId: 8140\r\nTargetImage: C:\\Windows\\SystemApps\\InputApp_cw5n1h2txyewy\\WindowsInternal.ComposableShell.Experiences.TextInput.InputApp.exe\r\nGrantedAccess: 0x1000\r\nCallTrace: C:\\windows\\SYSTEM32\\ntdll.dll+9cbb4|C:\\windows\\SYSTEM32\\psmserviceexthost.dll+222a3|C:\\windows\\SYSTEM32\\psmserviceexthost.dll+37ea0|C:\\windows\\SYSTEM32\\psmserviceexthost.dll+37929|C:\\windows\\SYSTEM32\\psmserviceexthost.dll+686f8|C:\\windows\\SYSTEM32\\psmserviceexthost.dll+6e84a|C:\\windows\\SYSTEM32\\psmserviceexthost.dll+6f700|C:\\windows\\SYSTEM32\\psmserviceexthost.dll+34be4|C:\\windows\\SYSTEM32\\psmserviceexthost.dll+6f63e|C:\\windows\\SYSTEM32\\psmserviceexthost.dll+713b5|C:\\windows\\SYSTEM32\\psmserviceexthost.dll+50bda|C:\\windows\\SYSTEM32\\psmserviceexthost.dll+4500a|C:\\windows\\System32\\KERNEL32.DLL+17c24|C:\\windows\\SYSTEM32\\ntdll.dll+6d4d1","Task":"10","RuleName":"-","UtcTime":"2020-12-19 12:00:15.460","SourceProcessGUID":"{67e11d8c-876a-5fd0-1000-000000000700}","SourceProcessId":"932","SourceThreadId":"400","SourceImage":"C:\\windows\\system32\\svchost.exe","TargetProcessGUID":"{67e11d8c-781f-5fd2-8714-000000000700}","TargetProcessId":"8140","TargetImage":"C:\\Windows\\SystemApps\\InputApp_cw5n1h2txyewy\\WindowsInternal.ComposableShell.Experiences.TextInput.InputApp.exe","GrantedAccess":"0x1000","CallTrace":"C:\\windows\\SYSTEM32\\ntdll.dll+9cbb4|C:\\windows\\SYSTEM32\\psmserviceexthost.dll+222a3|C:\\windows\\SYSTEM32\\psmserviceexthost.dll+37ea0|C:\\windows\\SYSTEM32\\psmserviceexthost.dll+37929|C:\\windows\\SYSTEM32\\psmserviceexthost.dll+686f8|C:\\windows\\SYSTEM32\\psmserviceexthost.dll+6e84a|C:\\windows\\SYSTEM32\\psmserviceexthost.dll+6f700|C:\\windows\\SYSTEM32\\psmserviceexthost.dll+34be4|C:\\windows\\SYSTEM32\\psmserviceexthost.dll+6f63e|C:\\windows\\SYSTEM32\\psmserviceexthost.dll+713b5|C:\\windows\\SYSTEM32\\psmserviceexthost.dll+50bda|C:\\windows\\SYSTEM32\\psmserviceexthost.dll+4500a|C:\\windows\\System32\\KERNEL32.DLL+17c24|C:\\windows\\SYSTEM32\\ntdll.dll+6d4d1"}
{"SourceName":"Microsoft-Windows-Sysmon","ProviderGuid":"{5770385f-c22a-43e0-bf4c-06f5698ffbd9}","Level":"4","Keywords":"0x8000000000000000","Channel":"Microsoft-Windows-Sysmon/Operational","Hostname":"WORKSTATION5.theshire.local","TimeCreated":"2020-12-19T07:00:16.477Z","@timestamp":"2020-12-19T07:00:16.477Z","EventID":10,"Message":"Process accessed:\r\nRuleName: -\r\nUtcTime: 2020-12-19 12:00:16.476\r\nSourceProcessGUID: {67e11d8c-876a-5fd0-1000-000000000700}\r\nSourceProcessId: 932\r\nSourceThreadId: 400\r\nSourceImage: C:\\windows\\system32\\svchost.exe\r\nTargetProcessGUID: {67e11d8c-781f-5fd2-8714-000000000700}\r\nTargetProcessId: 8140\r\nTargetImage: C:\\Windows\\SystemApps\\InputApp_cw5n1h2txyewy\\WindowsInternal.ComposableShell.Experiences.TextInput.InputApp.exe\r\nGrantedAccess: 0x1000\r\nCallTrace: C:\\windows\\SYSTEM32\\ntdll.dll+9cbb4|C:\\windows\\SYSTEM32\\psmserviceexthost.dll+222a3|C:\\windows\\SYSTEM32\\psmserviceexthost.dll+37ea0|C:\\windows\\SYSTEM32\\psmserviceexthost.dll+37929|C:\\windows\\SYSTEM32\\psmserviceexthost.dll+686f8|C:\\windows\\SYSTEM32\\psmserviceexthost.dll+6e84a|C:\\windows\\SYSTEM32\\psmserviceexthost.dll+6f700|C:\\windows\\SYSTEM32\\psmserviceexthost.dll+34be4|C:\\windows\\SYSTEM32\\psmserviceexthost.dll+6f63e|C:\\windows\\SYSTEM32\\psmserviceexthost.dll+713b5|C:\\windows\\SYSTEM32\\psmserviceexthost.dll+50bda|C:\\windows\\SYSTEM32\\psmserviceexthost.dll+4500a|C:\\windows\\System32\\KERNEL32.DLL+17c24|C:\\windows\\SYSTEM32\\ntdll.dll+6d4d1","Task":"10","RuleName":"-","UtcTime":"2020-12-19 12:00:16.476","SourceProcessGUID":"{67e11d8c-876a-5fd0-1000-000000000700}","SourceProcessId":"932","SourceThreadId":"400","SourceImage":"C:\\windows\\system32\\svchost.exe","TargetProcessGUID":"{67e11d8c-781f-5fd2-8714-000000000700}","TargetProcessId":"8140","TargetImage":"C:\\Windows\\SystemApps\\InputApp_cw5n1h2txyewy\\WindowsInternal.ComposableShell.Experiences.TextInput.InputApp.exe","GrantedAccess":"0x1000","CallTrace":"C:\\windows\\SYSTEM32\\ntdll.dll+9cbb4|C:\\windows\\SYSTEM32\\psmserviceexthost.dll+222a3|C:\\windows\\SYSTEM32\\psmserviceexthost.dll+37ea0|C:\\windows\\SYSTEM32\\psmserviceexthost.dll+37929|C:\\windows\\SYSTEM32\\psmserviceexthost.dll+686f8|C:\\windows\\SYSTEM32\\psmserviceexthost.dll+6e84a|C:\\windows\\SYSTEM32\\psmserviceexthost.dll+6f700|C:\\windows\\SYSTEM32\\psmserviceexthost.dll+34be4|C:\\windows\\SYSTEM32\\psmserviceexthost.dll+6f63e|C:\\windows\\SYSTEM32\\psmserviceexthost.dll+713b5|C:\\windows\\SYSTEM32\\psmserviceexthost.dll+50bda|C:\\windows\\SYSTEM32\\psmserviceexthost.dll+4500a|C:\\windows\\System32\\KERNEL32.DLL+17c24|C:\\windows\\SYSTEM32\\ntdll.dll+6d4d1"}
{"SourceName":"Microsoft-Windows-Sysmon","ProviderGuid":"{5770385f-c22a-43e0-bf4c-06f5698ffbd9}","Level":"4","Keywords":"0x8000000000000000","Channel":"Microsoft-Windows-Sysmon/Operational","Hostname":"WORKSTATION5.theshire.local","TimeCreated":"2020-12-19T07:00:17.477Z","@timestamp":"2020-12-19T07:00:17.477Z","EventID":10,"Message":"Process accessed:\r\nRuleName: -\r\nUtcTime: 2020-12-19 12:00:17.476\r\nSourceProcessGUID: {67e11d8c-876a-5fd0-1000-000000000700}\r\nSourceProcessId: 932\r\nSourceThreadId: 400\r\nSourceImage: C:\\windows\\system32\\svchost.exe\r\nTargetProcessGUID: {67e11d8c-781f-5fd2-8714-000000000700}\r\nTargetProcessId: 8140\r\nTargetImage: C:\\Windows\\SystemApps\\InputApp_cw5n1h2txyewy\\WindowsInternal.ComposableShell.Experiences.TextInput.InputApp.exe\r\nGrantedAccess: 0x1000\r\nCallTrace: C:\\windows\\SYSTEM32\\ntdll.dll+9cbb4|C:\\windows\\SYSTEM32\\psmserviceexthost.dll+222a3|C:\\windows\\SYSTEM32\\psmserviceexthost.dll+37ea0|C:\\windows\\SYSTEM32\\psmserviceexthost.dll+37929|C:\\windows\\SYSTEM32\\psmserviceexthost.dll+686f8|C:\\windows\\SYSTEM32\\psmserviceexthost.dll+6e84a|C:\\windows\\SYSTEM32\\psmserviceexthost.dll+6f700|C:\\windows\\SYSTEM32\\psmserviceexthost.dll+34be4|C:\\windows\\SYSTEM32\\psmserviceexthost.dll+6f63e|C:\\windows\\SYSTEM32\\psmserviceexthost.dll+713b5|C:\\windows\\SYSTEM32\\psmserviceexthost.dll+50bda|C:\\windows\\SYSTEM32\\psmserviceexthost.dll+4500a|C:\\windows\\System32\\KERNEL32.DLL+17c24|C:\\windows\\SYSTEM32\\ntdll.dll+6d4d1","Task":"10","RuleName":"-","UtcTime":"2020-12-19 12:00:17.476","SourceProcessGUID":"{67e11d8c-876a-5fd0-1000-000000000700}","SourceProcessId":"932","SourceThreadId":"400","SourceImage":"C:\\windows\\system32\\svchost.exe","TargetProcessGUID":"{67e11d8c-781f-5fd2-8714-000000000700}","TargetProcessId":"8140","TargetImage":"C:\\Windows\\SystemApps\\InputApp_cw5n1h2txyewy\\WindowsInternal.ComposableShell.Experiences.TextInput.InputApp.exe","GrantedAccess":"0x1000","CallTrace":"C:\\windows\\SYSTEM32\\ntdll.dll+9cbb4|C:\\windows\\SYSTEM32\\psmserviceexthost.dll+222a3|C:\\windows\\SYSTEM32\\psmserviceexthost.dll+37ea0|C:\\windows\\SYSTEM32\\psmserviceexthost.dll+37929|C:\\windows\\SYSTEM32\\psmserviceexthost.dll+686f8|C:\\windows\\SYSTEM32\\psmserviceexthost.dll+6e84a|C:\\windows\\SYSTEM32\\psmserviceexthost.dll+6f700|C:\\windows\\SYSTEM32\\psmserviceexthost.dll+34be4|C:\\windows\\SYSTEM32\\psmserviceexthost.dll+6f63e|C:\\windows\\SYSTEM32\\psmserviceexthost.dll+713b5|C:\\windows\\SYSTEM32\\psmserviceexthost.dll+50bda|C:\\windows\\SYSTEM32\\psmserviceexthost.dll+4500a|C:\\windows\\System32\\KERNEL32.DLL+17c24|C:\\windows\\SYSTEM32\\ntdll.dll+6d4d1"}
{"SourceName":"Microsoft-Windows-Sysmon","ProviderGuid":"{5770385f-c22a-43e0-bf4c-06f5698ffbd9}","Level":"4","Keywords":"0x8000000000000000","Channel":"Microsoft-Windows-Sysmon/Operational","Hostname":"WORKSTATION5.theshire.local","TimeCreated":"2020-12-19T07:00:18.024Z","@timestamp":"2020-12-19T07:00:18.024Z","EventID":1,"Message":"Process Create:\r\nRuleName: -\r\nUtcTime: 2020-12-19 12:00:18.008\r\nProcessGuid: {67e11d8c-eb52-5fdd-1d97-000000000700}\r\nProcessId: 8444\r\nImage: C:\\Windows\\System32\\cscript.exe\r\nFileVersion: 5.812.10240.16384\r\nDescription: Microsoft  Console Based Script Host\r\nProduct: Microsoft  Windows Script Host\r\nCompany: Microsoft Corporation\r\nOriginalFileName: cscript.exe\r\nCommandLine: \"C:\\windows\\system32\\cscript.exe\" /nologo \"MonitorKnowledgeDiscovery.vbs\"\r\nCurrentDirectory: C:\\Program Files\\Microsoft Monitoring Agent\\Agent\\Health Service State\\Monitoring Host Temporary Files 4\\60\\\r\nUser: NT AUTHORITY\\SYSTEM\r\nLogonGuid: {67e11d8c-8769-5fd0-e703-000000000000}\r\nLogonId: 0x3E7\r\nTerminalSessionId: 0\r\nIntegrityLevel: System\r\nHashes: SHA1=B6384FAFE0D30E4E897C318DB25D3CC167D9C413,MD5=B073F18D23BE85799A640147AF9ABA99,SHA256=4F059AC07F90E95BDAF0D7F0D1C54DDCDC0651A1E0D8AA5F03D11D6B0521177F,IMPHASH=2B44D2206B9865383429E9C1524F1CAC\r\nParentProcessGuid: {67e11d8c-87ca-5fd0-a700-000000000700}\r\nParentProcessId: 5272\r\nParentImage: C:\\Program Files\\Microsoft Monitoring Agent\\Agent\\MonitoringHost.exe\r\nParentCommandLine: \"C:\\Program Files\\Microsoft Monitoring Agent\\Agent\\MonitoringHost.exe\" -Embedding","Task":"1","RuleName":"-","UtcTime":"2020-12-19 12:00:18.008","ProcessGuid":"{67e11d8c-eb52-5fdd-1d97-000000000700}","ProcessId":"8444","Image":"C:\\Windows\\System32\\cscript.exe","FileVersion":"5.812.10240.16384","Description":"Microsoft  Console Based Script Host","Product":"Microsoft  Windows Script Host","Company":"Microsoft Corporation","OriginalFileName":"cscript.exe","CommandLine":"\"C:\\windows\\system32\\cscript.exe\" /nologo \"MonitorKnowledgeDiscovery.vbs\"","CurrentDirectory":"C:\\Program Files\\Microsoft Monitoring Agent\\Agent\\Health Service State\\Monitoring Host Temporary Files 4\\60\\","User":"NT AUTHORITY\\SYSTEM","LogonGuid":"{67e11d8c-8769-5fd0-e703-000000000000}","LogonId":"0x3e7","TerminalSessionId":"0","IntegrityLevel":"System","Hashes":"SHA1=B6384FAFE0D30E4E897C318DB25D3CC167D9C413,MD5=B073F18D23BE85799A640147AF9ABA99,SHA256=4F059AC07F90E95BDAF0D7F0D1C54DDCDC0651A1E0D8AA5F03D11D6B0521177F,IMPHASH=2B44D2206B9865383429E9C1524F1CAC","ParentProcessGuid":"{67e11d8c-87ca-5fd0-a700-000000000700}","ParentProcessId":"5272","ParentImage":"C:\\Program Files\\Microsoft Monitoring Agent\\Agent\\MonitoringHost.exe","ParentCommandLine":"\"C:\\Program Files\\Microsoft Monitoring Agent\\Agent\\MonitoringHost.exe\" -Embedding"}
{"SourceName":"Microsoft-Windows-Sysmon","ProviderGuid":"{5770385f-c22a-43e0-bf4c-06f5698ffbd9}","Level":"4","Keywords":"0x8000000000000000","Channel":"Microsoft-Windows-Sysmon/Operational","Hostname":"WORKSTATION5.theshire.local","TimeCreated":"2020-12-19T07:00:18.024Z","@timestamp":"2020-12-19T07:00:18.024Z","EventID":10,"Message":"Process accessed:\r\nRuleName: -\r\nUtcTime: 2020-12-19 12:00:18.023\r\nSourceProcessGUID: {67e11d8c-8769-5fd0-0600-000000000700}\r\nSourceProcessId: 524\r\nSourceThreadId: 540\r\nSourceImage: C:\\windows\\system32\\csrss.exe\r\nTargetProcessGUID: {67e11d8c-eb52-5fdd-1d97-000000000700}\r\nTargetProcessId: 8444\r\nTargetImage: C:\\windows\\system32\\cscript.exe\r\nGrantedAccess: 0x1FFFFF\r\nCallTrace: C:\\windows\\SYSTEM32\\ntdll.dll+9cbb4|C:\\windows\\system32\\basesrv.DLL+2fba|C:\\windows\\SYSTEM32\\CSRSRV.dll+5af4|C:\\windows\\SYSTEM32\\ntdll.dll+6d4df","Task":"10","RuleName":"-","UtcTime":"2020-12-19 12:00:18.023","SourceProcessGUID":"{67e11d8c-8769-5fd0-0600-000000000700}","SourceProcessId":"524","SourceThreadId":"540","SourceImage":"C:\\windows\\system32\\csrss.exe","TargetProcessGUID":"{67e11d8c-eb52-5fdd-1d97-000000000700}","TargetProcessId":"8444","TargetImage":"C:\\windows\\system32\\cscript.exe","GrantedAccess":"0x1fffff","CallTrace":"C:\\windows\\SYSTEM32\\ntdll.dll+9cbb4|C:\\windows\\system32\\basesrv.DLL+2fba|C:\\windows\\SYSTEM32\\CSRSRV.dll+5af4|C:\\windows\\SYSTEM32\\ntdll.dll+6d4df"}
