{"SourceName":"Microsoft-Windows-Sysmon","ProviderGuid":"{5770385f-c22a-43e0-bf4c-06f5698ffbd9}","Level":"4","Keywords":"0x8000000000000000","Channel":"Microsoft-Windows-Sysmon/Operational","Hostname":"WORKSTATION5.theshire.local","TimeCreated":"2020-12-19T07:00:18.070Z","@timestamp":"2020-12-19T07:00:18.070Z","EventID":10,"Message":"Process accessed:\r\nRuleName: -\r\nUtcTime: 2020-12-19 12:00:18.069\r\nSourceProcessGUID: {67e11d8c-876a-5fd0-1000-000000000700}\r\nSourceProcessId: 932\r\nSourceThreadId: 7252\r\nSourceImage: C:\\windows\\system32\\svchost.exe\r\nTargetProcessGUID: {67e11d8c-eb52-5fdd-1d97-000000000700}\r\nTargetProcessId: 8444\r\nTargetImage: C:\\windows\\system32\\cscript.exe\r\nGrantedAccess: 0x1000\r\nCallTrace: C:\\windows\\SYSTEM32\\ntdll.dll+9cbb4|C:\\windows\\System32\\KERNELBASE.dll+305fe|c:\\windows\\system32\\rpcss.dll+47e62|c:\\windows\\system32\\rpcss.dll+47e23|C:\\windows\\System32\\RPCRT4.dll+76ba3|C:\\windows\\System32\\RPCRT4.dll+13653|C:\\windows\\System32\\RPCRT4.dll+1457a|C:\\windows\\System32\\RPCRT4.dll+549f8|C:\\windows\\System32\\RPCRT4.dll+2c9b1|C:\\windows\\System32\\RPCRT4.dll+2c26b|C:\\windows\\System32\\RPCRT4.dll+1a8cf|C:\\windows\\System32\\RPCRT4.dll+19d7a|C:\\windows\\System32\\RPCRT4.dll+19361|C:\\windows\\System32\\RPCRT4.dll+18dce|C:\\windows\\System32\\RPCRT4.dll+16a05|C:\\windows\\SYSTEM32\\ntdll.dll+333ed|C:\\windows\\SYSTEM32\\ntdll.dll+34142|C:\\windows\\System32\\KERNEL32.DLL+17c24|C:\\windows\\SYSTEM32\\ntdll.dll+6d4d1","Task":"10","RuleName":"-","UtcTime":"2020-12-19 12:00:18.069","SourceProcessGUID":"{67e11d8c-876a-5fd0-1000-000000000700}","SourceProcessId":"932","SourceThreadId":"7252","SourceImage":"C:\\windows\\system32\\svchost.exe","TargetProcessGUID":"{67e11d8c-eb52-5fdd-1d97-000000000700}","TargetProcessId":"8444","TargetImage":"C:\\windows\\system32\\cscript.exe","GrantedAccess":"0x1000","CallTrace":"C:\\windows\\SYSTEM32\\ntdll.dll+9cbb4|C:\\windows\\System32\\KERNELBASE.dll+305fe|c:\\windows\\system32\\rpcss.dll+47e62|c:\\windows\\system32\\rpcss.dll+47e23|C:\\windows\\System32\\RPCRT4.dll+76ba3|C:\\windows\\System32\\RPCRT4.dll+13653|C:\\windows\\System32\\RPCRT4.dll+1457a|C:\\windows\\System32\\RPCRT4.dll+549f8|C:\\windows\\System32\\RPCRT4.dll+2c9b1|C:\\windows\\System32\\RPCRT4.dll+2c26b|C:\\windows\\System32\\RPCRT4.dll+1a8cf|C:\\windows\\System32\\RPCRT4.dll+19d7a|C:\\windows\\System32\\RPCRT4.dll+19361|C:\\windows\\System32\\RPCRT4.dll+18dce|C:\\windows\\System32\\RPCRT4.dll+16a05|C:\\windows\\SYSTEM32\\ntdll.dll+333ed|C:\\windows\\SYSTEM32\\ntdll.dll+34142|C:\\windows\\System32\\KERNEL32.DLL+17c24|C:\\windows\\SYSTEM32\\ntdll.dll+6d4d1"}
{"SourceName":"Microsoft-Windows-Sysmon","ProviderGuid":"{5770385f-c22a-43e0-bf4c-06f5698ffbd9}","Level":"4","Keywords":"0x8000000000000000","Channel":"Microsoft-Windows-Sysmon/Operational","Hostname":"WORKSTATION5.theshire.local","TimeCreated":"2020-12-19T07:00:18.070Z","@timestamp":"2020-12-19T07:00:18.070Z","EventID":10,"Message":"Process accessed:\r\nRuleName: -\r\nUtcTime: 2020-12-19 12:00:18.069\r\nSourceProcessGUID: {67e11d8c-876a-5fd0-1100-000000000700}\r\nSourceProcessId: 980\r\nSourceThreadId: 3208\r\nSourceImage: C:\\windows\\system32\\svchost.exe\r\nTargetProcessGUID: {67e11d8c-eb52-5fdd-1d97-000000000700}\r\nTargetProcessId: 8444\r\nTargetImage: C:\\windows\\system32\\cscript.exe\r\nGrantedAccess: 0x100000\r\nCallTrace: C:\\windows\\SYSTEM32\\ntdll.dll+9d784|C:\\windows\\System32\\RPCRT4.dll+2d354|c:\\windows\\system32\\rpcss.dll+315c9|c:\\windows\\system32\\rpcss.dll+30c5b|C:\\windows\\System32\\RPCRT4.dll+76ba3|C:\\windows\\System32\\RPCRT4.dll+13653|C:\\windows\\System32\\RPCRT4.dll+1457a|C:\\windows\\System32\\RPCRT4.dll+549f8|C:\\windows\\System32\\RPCRT4.dll+2c9b1|C:\\windows\\System32\\RPCRT4.dll+2c26b|C:\\windows\\System32\\RPCRT4.dll+1a8cf|C:\\windows\\System32\\RPCRT4.dll+19d7a|C:\\windows\\System32\\RPCRT4.dll+19361|C:\\windows\\System32\\RPCRT4.dll+18dce|C:\\windows\\System32\\RPCRT4.dll+16a05|C:\\windows\\SYSTEM32\\ntdll.dll+333ed|C:\\windows\\SYSTEM32\\ntdll.dll+34142|C:\\windows\\System32\\KERNEL32.DLL+17c24|C:\\windows\\SYSTEM32\\ntdll.dll+6d4d1","Task":"10","RuleName":"-","UtcTime":"2020-12-19 12:00:18.069","SourceProcessGUID":"{67e11d8c-876a-5fd0-1100-000000000700}","SourceProcessId":"980","SourceThreadId":"3208","SourceImage":"C:\\windows\\system32\\svchost.exe","TargetProcessGUID":"{67e11d8c-eb52-5fdd-1d97-000000000700}","TargetProcessId":"8444","TargetImage":"C:\\windows\\system32\\cscript.exe","GrantedAccess":"0x100000","CallTrace":"C:\\windows\\SYSTEM32\\ntdll.dll+9d784|C:\\windows\\System32\\RPCRT4.dll+2d354|c:\\windows\\system32\\rpcss.dll+315c9|c:\\windows\\system32\\rpcss.dll+30c5b|C:\\windows\\System32\\RPCRT4.dll+76ba3|C:\\windows\\System32\\RPCRT4.dll+13653|C:\\windows\\System32\\RPCRT4.dll+1457a|C:\\windows\\System32\\RPCRT4.dll+549f8|C:\\windows\\System32\\RPCRT4.dll+2c9b1|C:\\windows\\System32\\RPCRT4.dll+2c26b|C:\\windows\\System32\\RPCRT4.dll+1a8cf|C:\\windows\\System32\\RPCRT4.dll+19d7a|C:\\windows\\System32\\RPCRT4.dll+19361|C:\\windows\\System32\\RPCRT4.dll+18dce|C:\\windows\\System32\\RPCRT4.dll+16a05|C:\\windows\\SYSTEM32\\ntdll.dll+333ed|C:\\windows\\SYSTEM32\\ntdll.dll+34142|C:\\windows\\System32\\KERNEL32.DLL+17c24|C:\\windows\\SYSTEM32\\ntdll.dll+6d4d1"}
{"SourceName":"Microsoft-Windows-Sysmon","ProviderGuid":"{5770385f-c22a-43e0-bf4c-06f5698ffbd9}","Level":"4","Keywords":"0x8000000000000000","Channel":"Microsoft-Windows-Sysmon/Operational","Hostname":"WORKSTATION5.theshire.local","TimeCreated":"2020-12-19T07:00:18.071Z","@timestamp":"2020-12-19T07:00:18.071Z","EventID":12,"Message":"Registry object added or deleted:\r\nRuleName: -\r\nEventType: CreateKey\r\nUtcTime: 2020-12-19 12:00:18.069\r\nProcessGuid: {67e11d8c-eb52-5fdd-1d97-000000000700}\r\nProcessId: 8444\r\nImage: C:\\windows\\system32\\cscript.exe\r\nTargetObject: HKLM\\SOFTWARE\\Microsoft\\Windows Script Host\\Settings","Task":"12","RuleName":"-","EventType":"CreateKey","UtcTime":"2020-12-19 12:00:18.069","ProcessGuid":"{67e11d8c-eb52-5fdd-1d97-000000000700}","ProcessId":"8444","Image":"C:\\windows\\system32\\cscript.exe","TargetObject":"HKLM\\SOFTWARE\\Microsoft\\Windows Script Host\\Settings"}
{"SourceName":"Microsoft-Windows-Sysmon","ProviderGuid":"{5770385f-c22a-43e0-bf4c-06f5698ffbd9}","Level":"4","Keywords":"0x8000000000000000","Channel":"Microsoft-Windows-Sysmon/Operational","Hostname":"WORKSTATION5.theshire.local","TimeCreated":"2020-12-19T07:00:18.071Z","@timestamp":"2020-12-19T07:00:18.071Z","EventID":12,"Message":"Registry object added or deleted:\r\nRuleName: -\r\nEventType: CreateKey\r\nUtcTime: 2020-12-19 12:00:18.069\r\nProcessGuid: {67e11d8c-eb52-5fdd-1d97-000000000700}\r\nProcessId: 8444\r\nImage: C:\\windows\\system32\\cscript.exe\r\nTargetObject: HKU\\.DEFAULT\\Software\\Microsoft\\Windows Script Host\\Settings","Task":"12","RuleName":"-","EventType":"CreateKey","UtcTime":"2020-12-19 12:00:18.069","ProcessGuid":"{67e11d8c-eb52-5fdd-1d97-000000000700}","ProcessId":"8444","Image":"C:\\windows\\system32\\cscript.exe","TargetObject":"HKU\\.DEFAULT\\Software\\Microsoft\\Windows Script Host\\Settings"}
{"SourceName":"Microsoft-Windows-Sysmon","ProviderGuid":"{5770385f-c22a-43e0-bf4c-06f5698ffbd9}","Level":"4","Keywords":"0x8000000000000000","Channel":"Microsoft-Windows-Sysmon/Operational","Hostname":"WORKSTATION5.theshire.local","TimeCreated":"2020-12-19T07:00:18.072Z","@timestamp":"2020-12-19T07:00:18.072Z","EventID":7,"Message":"Image loaded:\r\nRuleName: -\r\nUtcTime: 2020-12-19 12:00:18.069\r\nProcessGuid: {67e11d8c-eb52-5fdd-1d97-000000000700}\r\nProcessId: 8444\r\nImage: C:\\Windows\\System32\\cscript.exe\r\nImageLoaded: C:\\Windows\\System32\\sxs.dll\r\nFileVersion: 10.0.18362.1139 (WinBuild.160101.0800)\r\nDescription: Fusion 2.5\r\nProduct: Microsoft Windows Operating System\r\nCompany: Microsoft Corporation\r\nOriginalFileName: SXS.DLL\r\nHashes: SHA1=EEA36BA607E4A3CB78B8CE3EA94D2537F625D871,MD5=D047C1D9481B3A9B58C27AE6D6E6AF44,SHA256=2F2AF3505877F54A91BEAA5D13A435F1124228D8A935234090146B8E390EBAA0,IMPHASH=D862FCE5077DFE4E06485A219A56323D\r\nSigned: true\r\nSignature: Microsoft Windows\r\nSignatureStatus: Valid","Task":"7","RuleName":"-","UtcTime":"2020-12-19 12:00:18.069","ProcessGuid":"{67e11d8c-eb52-5fdd-1d97-000000000700}","ProcessId":"8444","Image":"C:\\Windows\\System32\\cscript.exe","ImageLoaded":"C:\\Windows\\System32\\sxs.dll","FileVersion":"10.0.18362.1139 (WinBuild.160101.0800)","Description":"Fusion 2.5","Product":"Microsoft Windows Operating System","Company":"Microsoft Corporation","OriginalFileName":"SXS.DLL","Hashes":"SHA1=EEA36BA607E4A3CB78B8CE3EA94D2537F625D871,MD5=D047C1D9481B3A9B58C27AE6D6E6AF44,SHA256=2F2AF3505877F54A91BEAA5D13A435F1124228D8A935234090146B8E390EBAA0,IMPHASH=D862FCE5077DFE4E06485A219A56323D","Signed":"true","Signature":"Microsoft Windows","SignatureStatus":"Valid"}
{"SourceName":"Microsoft-Windows-Sysmon","ProviderGuid":"{5770385f-c22a-43e0-bf4c-06f5698ffbd9}","Level":"4","Keywords":"0x8000000000000000","Channel":"Microsoft-Windows-Sysmon/Operational","Hostname":"WORKSTATION5.theshire.local","TimeCreated":"2020-12-19T07:00:18.072Z","@timestamp":"2020-12-19T07:00:18.072Z","EventID":12,"Message":"Registry object added or deleted:\r\nRuleName: -\r\nEventType: CreateKey\r\nUtcTime: 2020-12-19 12:00:18.069\r\nProcessGuid: {67e11d8c-eb52-5fdd-1d97-000000000700}\r\nProcessId: 8444\r\nImage: C:\\windows\\system32\\cscript.exe\r\nTargetObject: HKCR","Task":"12","RuleName":"-","EventType":"CreateKey","UtcTime":"2020-12-19 12:00:18.069","ProcessGuid":"{67e11d8c-eb52-5fdd-1d97-000000000700}","ProcessId":"8444","Image":"C:\\windows\\system32\\cscript.exe","TargetObject":"HKCR"}
{"SourceName":"Microsoft-Windows-Sysmon","ProviderGuid":"{5770385f-c22a-43e0-bf4c-06f5698ffbd9}","Level":"4","Keywords":"0x8000000000000000","Channel":"Microsoft-Windows-Sysmon/Operational","Hostname":"WORKSTATION5.theshire.local","TimeCreated":"2020-12-19T07:00:18.072Z","@timestamp":"2020-12-19T07:00:18.072Z","EventID":7,"Message":"Image loaded:\r\nRuleName: -\r\nUtcTime: 2020-12-19 12:00:18.069\r\nProcessGuid: {67e11d8c-eb52-5fdd-1d97-000000000700}\r\nProcessId: 8444\r\nImage: C:\\Windows\\System32\\cscript.exe\r\nImageLoaded: C:\\Windows\\System32\\clbcatq.dll\r\nFileVersion: 2001.12.10941.16384 (WinBuild.160101.0800)\r\nDescription: COM+ Configuration Catalog\r\nProduct: Microsoft Windows Operating System\r\nCompany: Microsoft Corporation\r\nOriginalFileName: CLBCATQ.DLL\r\nHashes: SHA1=7DE7C7E87CFA639E8C4DF269E38FB69A391D6790,MD5=4B179D7C6AA9424831847BA6BACDB260,SHA256=F0541B07D7B00C8D09BC72DF7E2D974F83482E42CD88B4E8260B832B7A71682E,IMPHASH=70F94828FF194145825265FE7BA88C95\r\nSigned: true\r\nSignature: Microsoft Windows\r\nSignatureStatus: Valid","Task":"7","RuleName":"-","UtcTime":"2020-12-19 12:00:18.069","ProcessGuid":"{67e11d8c-eb52-5fdd-1d97-000000000700}","ProcessId":"8444","Image":"C:\\Windows\\System32\\cscript.exe","ImageLoaded":"C:\\Windows\\System32\\clbcatq.dll","FileVersion":"2001.12.10941.16384 (WinBuild.160101.0800)","Description":"COM+ Configuration Catalog","Product":"Microsoft Windows Operating System","Company":"Microsoft Corporation","OriginalFileName":"CLBCATQ.DLL","Hashes":"SHA1=7DE7C7E87CFA639E8C4DF269E38FB69A391D6790,MD5=4B179D7C6AA9424831847BA6BACDB260,SHA256=F0541B07D7B00C8D09BC72DF7E2D974F83482E42CD88B4E8260B832B7A71682E,IMPHASH=70F94828FF194145825265FE7BA88C95","Signed":"true","Signature":"Microsoft Windows","SignatureStatus":"Valid"}
{"SourceName":"Microsoft-Windows-Sysmon","ProviderGuid":"{5770385f-c22a-43e0-bf4c-06f5698ffbd9}","Level":"4","Keywords":"0x8000000000000000","Channel":"Microsoft-Windows-Sysmon/Operational","Hostname":"WORKSTATION5.theshire.local","TimeCreated":"2020-12-19T07:00:18.074Z","@timestamp":"2020-12-19T07:00:18.074Z","EventID":7,"Message":"Image loaded:\r\nRuleName: -\r\nUtcTime: 2020-12-19 12:00:18.069\r\nProcessGuid: {67e11d8c-eb52-5fdd-1d97-000000000700}\r\nProcessId: 8444\r\nImage: C:\\Windows\\System32\\cscript.exe\r\nImageLoaded: C:\\Windows\\System32\\vbscript.dll\r\nFileVersion: 5.812.10240.16384\r\nDescription: Microsoft  VBScript\r\nProduct: Microsoft  VBScript\r\nCompany: Microsoft Corporation\r\nOriginalFileName: vbscript.dll\r\nHashes: SHA1=CFD175F1EBCB48C09D3EA14A757731B6ABECEA37,MD5=84B8ED6183371F4FABFF8F83B672CFAD,SHA256=406E1E450C79B29636B68A47EC196A9DBCA2EF0588B47EAFBABEF5E72B410E81,IMPHASH=799391BCF07FFB8DD16158744274524B\r\nSigned: true\r\nSignature: Microsoft Windows\r\nSignatureStatus: Valid","Task":"7","RuleName":"-","UtcTime":"2020-12-19 12:00:18.069","ProcessGuid":"{67e11d8c-eb52-5fdd-1d97-000000000700}","ProcessId":"8444","Image":"C:\\Windows\\System32\\cscript.exe","ImageLoaded":"C:\\Windows\\System32\\vbscript.dll","FileVersion":"5.812.10240.16384","Description":"Microsoft  VBScript","Product":"Microsoft  VBScript","Company":"Microsoft Corporation","OriginalFileName":"vbscript.dll","Hashes":"SHA1=CFD175F1EBCB48C09D3EA14A757731B6ABECEA37,MD5=84B8ED6183371F4FABFF8F83B672CFAD,SHA256=406E1E450C79B29636B68A47EC196A9DBCA2EF0588B47EAFBABEF5E72B410E81,IMPHASH=799391BCF07FFB8DD16158744274524B","Signed":"true","Signature":"Microsoft Windows","SignatureStatus":"Valid"}
{"SourceName":"Microsoft-Windows-Sysmon","ProviderGuid":"{5770385f-c22a-43e0-bf4c-06f5698ffbd9}","Level":"4","Keywords":"0x8000000000000000","Channel":"Microsoft-Windows-Sysmon/Operational","Hostname":"WORKSTATION5.theshire.local","TimeCreated":"2020-12-19T07:00:18.074Z","@timestamp":"2020-12-19T07:00:18.074Z","EventID":7,"Message":"Image loaded:\r\nRuleName: -\r\nUtcTime: 2020-12-19 12:00:18.069\r\nProcessGuid: {67e11d8c-eb52-5fdd-1d97-000000000700}\r\nProcessId: 8444\r\nImage: C:\\Windows\\System32\\cscript.exe\r\nImageLoaded: C:\\Windows\\System32\\amsi.dll\r\nFileVersion: 10.0.18362.1171 (WinBuild.160101.0800)\r\nDescription: Anti-Malware Scan Interface\r\nProduct: Microsoft Windows Operating System\r\nCompany: Microsoft Corporation\r\nOriginalFileName: amsi.dll\r\nHashes: SHA1=11FD8B5969995DABEDE86CACD3EFE0D2AC6D11F9,MD5=5E7CAFE3D3E007C04B824CA6DAF8D9A8,SHA256=BC781AC3795E84490D35F30A391A18FE281264CFFCC1C43640F45B509DDE8CBC,IMPHASH=ACE7A6CA7CB8ABEBE2E50CF5572F68D2\r\nSigned: true\r\nSignature: Microsoft Windows\r\nSignatureStatus: Valid","Task":"7","RuleName":"-","UtcTime":"2020-12-19 12:00:18.069","ProcessGuid":"{67e11d8c-eb52-5fdd-1d97-000000000700}","ProcessId":"8444","Image":"C:\\Windows\\System32\\cscript.exe","ImageLoaded":"C:\\Windows\\System32\\amsi.dll","FileVersion":"10.0.18362.1171 (WinBuild.160101.0800)","Description":"Anti-Malware Scan Interface","Product":"Microsoft Windows Operating System","Company":"Microsoft Corporation","OriginalFileName":"amsi.dll","Hashes":"SHA1=11FD8B5969995DABEDE86CACD3EFE0D2AC6D11F9,MD5=5E7CAFE3D3E007C04B824CA6DAF8D9A8,SHA256=BC781AC3795E84490D35F30A391A18FE281264CFFCC1C43640F45B509DDE8CBC,IMPHASH=ACE7A6CA7CB8ABEBE2E50CF5572F68D2","Signed":"true","Signature":"Microsoft Windows","SignatureStatus":"Valid"}
{"SourceName":"Microsoft-Windows-Sysmon","ProviderGuid":"{5770385f-c22a-43e0-bf4c-06f5698ffbd9}","Level":"4","Keywords":"0x8000000000000000","Channel":"Microsoft-Windows-Sysmon/Operational","Hostname":"WORKSTATION5.theshire.local","TimeCreated":"2020-12-19T07:00:18.075Z","@timestamp":"2020-12-19T07:00:18.075Z","EventID":7,"Message":"Image loaded:\r\nRuleName: -\r\nUtcTime: 2020-12-19 12:00:18.069\r\nProcessGuid: {67e11d8c-eb52-5fdd-1d97-000000000700}\r\nProcessId: 8444\r\nImage: C:\\Windows\\System32\\cscript.exe\r\nImageLoaded: C:\\Windows\\System32\\cryptsp.dll\r\nFileVersion: 10.0.18362.1 (WinBuild.160101.0800)\r\nDescription: Cryptographic Service Provider API\r\nProduct: Microsoft Windows Operating System\r\nCompany: Microsoft Corporation\r\nOriginalFileName: cryptsp.dll\r\nHashes: SHA1=90F229FB5DB52DF3604195B10C48E946684929ED,MD5=ACE18C6797090A1AA259BB8713917F98,SHA256=F5E118F67745792909973717FAE1F9FE68B2619332A4451AD04E0C9072B8D605,IMPHASH=A9B9D04D0B53DC48ABB37BE77AD01B55\r\nSigned: true\r\nSignature: Microsoft Windows\r\nSignatureStatus: Valid","Task":"7","RuleName":"-","UtcTime":"2020-12-19 12:00:18.069","ProcessGuid":"{67e11d8c-eb52-5fdd-1d97-000000000700}","ProcessId":"8444","Image":"C:\\Windows\\System32\\cscript.exe","ImageLoaded":"C:\\Windows\\System32\\cryptsp.dll","FileVersion":"10.0.18362.1 (WinBuild.160101.0800)","Description":"Cryptographic Service Provider API","Product":"Microsoft Windows Operating System","Company":"Microsoft Corporation","OriginalFileName":"cryptsp.dll","Hashes":"SHA1=90F229FB5DB52DF3604195B10C48E946684929ED,MD5=ACE18C6797090A1AA259BB8713917F98,SHA256=F5E118F67745792909973717FAE1F9FE68B2619332A4451AD04E0C9072B8D605,IMPHASH=A9B9D04D0B53DC48ABB37BE77AD01B55","Signed":"true","Signature":"Microsoft Windows","SignatureStatus":"Valid"}
{"SourceName":"Microsoft-Windows-Sysmon","ProviderGuid":"{5770385f-c22a-43e0-bf4c-06f5698ffbd9}","Level":"4","Keywords":"0x8000000000000000","Channel":"Microsoft-Windows-Sysmon/Operational","Hostname":"WORKSTATION5.theshire.local","TimeCreated":"2020-12-19T07:00:18.075Z","@timestamp":"2020-12-19T07:00:18.075Z","EventID":7,"Message":"Image loaded:\r\nRuleName: -\r\nUtcTime: 2020-12-19 12:00:18.069\r\nProcessGuid: {67e11d8c-eb52-5fdd-1d97-000000000700}\r\nProcessId: 8444\r\nImage: C:\\Windows\\System32\\cscript.exe\r\nImageLoaded: C:\\Windows\\System32\\userenv.dll\r\nFileVersion: 10.0.18362.1139 (WinBuild.160101.0800)\r\nDescription: Userenv\r\nProduct: Microsoft Windows Operating System\r\nCompany: Microsoft Corporation\r\nOriginalFileName: userenv.dll\r\nHashes: SHA1=6767284D50E4B23357C234D4CCF9FD05D821CD78,MD5=6DC9184E8E2827C756E74F7C685FFAD3,SHA256=8F0FB258D463DB0B1CEC91797816E427A125EE8EE46F9CF845678BEDB776D9AE,IMPHASH=B27EC605C3878D5AFB745034F25A7E03\r\nSigned: true\r\nSignature: Microsoft Windows\r\nSignatureStatus: Valid","Task":"7","RuleName":"-","UtcTime":"2020-12-19 12:00:18.069","ProcessGuid":"{67e11d8c-eb52-5fdd-1d97-000000000700}","ProcessId":"8444","Image":"C:\\Windows\\System32\\cscript.exe","ImageLoaded":"C:\\Windows\\System32\\userenv.dll","FileVersion":"10.0.18362.1139 (WinBuild.160101.0800)","Description":"Userenv","Product":"Microsoft Windows Operating System","Company":"Microsoft Corporation","OriginalFileName":"userenv.dll","Hashes":"SHA1=6767284D50E4B23357C234D4CCF9FD05D821CD78,MD5=6DC9184E8E2827C756E74F7C685FFAD3,SHA256=8F0FB258D463DB0B1CEC91797816E427A125EE8EE46F9CF845678BEDB776D9AE,IMPHASH=B27EC605C3878D5AFB745034F25A7E03","Signed":"true","Signature":"Microsoft Windows","SignatureStatus":"Valid"}
{"SourceName":"Microsoft-Windows-Sysmon","ProviderGuid":"{5770385f-c22a-43e0-bf4c-06f5698ffbd9}","Level":"4","Keywords":"0x8000000000000000","Channel":"Microsoft-Windows-Sysmon/Operational","Hostname":"WORKSTATION5.theshire.local","TimeCreated":"2020-12-19T07:00:18.076Z","@timestamp":"2020-12-19T07:00:18.076Z","EventID":7,"Message":"Image loaded:\r\nRuleName: -\r\nUtcTime: 2020-12-19 12:00:18.069\r\nProcessGuid: {67e11d8c-eb52-5fdd-1d97-000000000700}\r\nProcessId: 8444\r\nImage: C:\\Windows\\System32\\cscript.exe\r\nImageLoaded: C:\\Windows\\System32\\profapi.dll\r\nFileVersion: 10.0.18362.693 (WinBuild.160101.0800)\r\nDescription: User Profile Basic API\r\nProduct: Microsoft Windows Operating System\r\nCompany: Microsoft Corporation\r\nOriginalFileName: PROFAPI.DLL\r\nHashes: SHA1=387FC7660AFDEC45CFFB84980EB77D0E787ED31B,MD5=F4862E1CC68687B9D4B245512BDF8383,SHA256=A2DF0AC95B9AA338EB6062BA5739F65BFBA86658546F4C5CAC6045C363F55E24,IMPHASH=192CF98320740B7D296297054A9C3EEA\r\nSigned: true\r\nSignature: Microsoft Windows\r\nSignatureStatus: Valid","Task":"7","RuleName":"-","UtcTime":"2020-12-19 12:00:18.069","ProcessGuid":"{67e11d8c-eb52-5fdd-1d97-000000000700}","ProcessId":"8444","Image":"C:\\Windows\\System32\\cscript.exe","ImageLoaded":"C:\\Windows\\System32\\profapi.dll","FileVersion":"10.0.18362.693 (WinBuild.160101.0800)","Description":"User Profile Basic API","Product":"Microsoft Windows Operating System","Company":"Microsoft Corporation","OriginalFileName":"PROFAPI.DLL","Hashes":"SHA1=387FC7660AFDEC45CFFB84980EB77D0E787ED31B,MD5=F4862E1CC68687B9D4B245512BDF8383,SHA256=A2DF0AC95B9AA338EB6062BA5739F65BFBA86658546F4C5CAC6045C363F55E24,IMPHASH=192CF98320740B7D296297054A9C3EEA","Signed":"true","Signature":"Microsoft Windows","SignatureStatus":"Valid"}
{"SourceName":"Microsoft-Windows-Sysmon","ProviderGuid":"{5770385f-c22a-43e0-bf4c-06f5698ffbd9}","Level":"4","Keywords":"0x8000000000000000","Channel":"Microsoft-Windows-Sysmon/Operational","Hostname":"WORKSTATION5.theshire.local","TimeCreated":"2020-12-19T07:00:18.077Z","@timestamp":"2020-12-19T07:00:18.077Z","EventID":7,"Message":"Image loaded:\r\nRuleName: -\r\nUtcTime: 2020-12-19 12:00:18.069\r\nProcessGuid: {67e11d8c-eb52-5fdd-1d97-000000000700}\r\nProcessId: 8444\r\nImage: C:\\Windows\\System32\\cscript.exe\r\nImageLoaded: C:\\ProgramData\\Microsoft\\Windows Defender\\Platform\\4.18.2011.6-0\\MpOAV.dll\r\nFileVersion: 4.18.2011.6 (WinBuild.160101.0800)\r\nDescription: IOfficeAntiVirus Module\r\nProduct: Microsoft Windows Operating System\r\nCompany: Microsoft Corporation\r\nOriginalFileName: MpOAV.dll\r\nHashes: SHA1=2AAE9060E122A923ACC3B037AB955E7FD4896A3F,MD5=BB66557080B63E42BE5288C6D54C0D7D,SHA256=A2C3E177D6E797B614533CCF247125C21B414D55FA8BCD7B7DC4B8D17EEF0044,IMPHASH=A499C95E450ACB359007EF4A4152CF08\r\nSigned: true\r\nSignature: Microsoft Windows\r\nSignatureStatus: Valid","Task":"7","RuleName":"-","UtcTime":"2020-12-19 12:00:18.069","ProcessGuid":"{67e11d8c-eb52-5fdd-1d97-000000000700}","ProcessId":"8444","Image":"C:\\Windows\\System32\\cscript.exe","ImageLoaded":"C:\\ProgramData\\Microsoft\\Windows Defender\\Platform\\4.18.2011.6-0\\MpOAV.dll","FileVersion":"4.18.2011.6 (WinBuild.160101.0800)","Description":"IOfficeAntiVirus Module","Product":"Microsoft Windows Operating System","Company":"Microsoft Corporation","OriginalFileName":"MpOAV.dll","Hashes":"SHA1=2AAE9060E122A923ACC3B037AB955E7FD4896A3F,MD5=BB66557080B63E42BE5288C6D54C0D7D,SHA256=A2C3E177D6E797B614533CCF247125C21B414D55FA8BCD7B7DC4B8D17EEF0044,IMPHASH=A499C95E450ACB359007EF4A4152CF08","Signed":"true","Signature":"Microsoft Windows","SignatureStatus":"Valid"}
{"SourceName":"Microsoft-Windows-Sysmon","ProviderGuid":"{5770385f-c22a-43e0-bf4c-06f5698ffbd9}","Level":"4","Keywords":"0x8000000000000000","Channel":"Microsoft-Windows-Sysmon/Operational","Hostname":"WORKSTATION5.theshire.local","TimeCreated":"2020-12-19T07:00:18.079Z","@timestamp":"2020-12-19T07:00:18.079Z","EventID":7,"Message":"Image loaded:\r\nRuleName: -\r\nUtcTime: 2020-12-19 12:00:18.069\r\nProcessGuid: {67e11d8c-eb52-5fdd-1d97-000000000700}\r\nProcessId: 8444\r\nImage: C:\\Windows\\System32\\cscript.exe\r\nImageLoaded: C:\\Windows\\System32\\wldp.dll\r\nFileVersion: 10.0.18362.1237 (WinBuild.160101.0800)\r\nDescription: Windows Lockdown Policy\r\nProduct: Microsoft Windows Operating System\r\nCompany: Microsoft Corporation\r\nOriginalFileName: wldp.dll\r\nHashes: SHA1=D431C7F50B473E4F5FF03D989107A3E949B29DCF,MD5=7C7A762524A1EF5FDFB855458B70DEC4,SHA256=19400738D1C06F4273B5978EA1491B8ADD0AAF34165A4A57E7F0F6E2108F49A9,IMPHASH=01760276901738B62677084C5F63841F\r\nSigned: true\r\nSignature: Microsoft Windows\r\nSignatureStatus: Valid","Task":"7","RuleName":"-","UtcTime":"2020-12-19 12:00:18.069","ProcessGuid":"{67e11d8c-eb52-5fdd-1d97-000000000700}","ProcessId":"8444","Image":"C:\\Windows\\System32\\cscript.exe","ImageLoaded":"C:\\Windows\\System32\\wldp.dll","FileVersion":"10.0.18362.1237 (WinBuild.160101.0800)","Description":"Windows Lockdown Policy","Product":"Microsoft Windows Operating System","Company":"Microsoft Corporation","OriginalFileName":"wldp.dll","Hashes":"SHA1=D431C7F50B473E4F5FF03D989107A3E949B29DCF,MD5=7C7A762524A1EF5FDFB855458B70DEC4,SHA256=19400738D1C06F4273B5978EA1491B8ADD0AAF34165A4A57E7F0F6E2108F49A9,IMPHASH=01760276901738B62677084C5F63841F","Signed":"true","Signature":"Microsoft Windows","SignatureStatus":"Valid"}
{"SourceName":"Microsoft-Windows-Sysmon","ProviderGuid":"{5770385f-c22a-43e0-bf4c-06f5698ffbd9}","Level":"4","Keywords":"0x8000000000000000","Channel":"Microsoft-Windows-Sysmon/Operational","Hostname":"WORKSTATION5.theshire.local","TimeCreated":"2020-12-19T07:00:18.079Z","@timestamp":"2020-12-19T07:00:18.079Z","EventID":7,"Message":"Image loaded:\r\nRuleName: -\r\nUtcTime: 2020-12-19 12:00:18.069\r\nProcessGuid: {67e11d8c-eb52-5fdd-1d97-000000000700}\r\nProcessId: 8444\r\nImage: C:\\Windows\\System32\\cscript.exe\r\nImageLoaded: C:\\Windows\\System32\\crypt32.dll\r\nFileVersion: 10.0.18362.592 (WinBuild.160101.0800)\r\nDescription: Crypto API32\r\nProduct: Microsoft Windows Operating System\r\nCompany: Microsoft Corporation\r\nOriginalFileName: CRYPT32.DLL\r\nHashes: SHA1=7A9DD389B0E3C124D4BFE5C1FF15F9A93285514F,MD5=1676DE3980DF1D78E14B172989916570,SHA256=E832E3A58B542E15A169B1545CE82451ACE19BD361FD81764383048528F9B540,IMPHASH=F523F043ACCD8EF1D89F5FD34B5CBBA6\r\nSigned: true\r\nSignature: Microsoft Windows\r\nSignatureStatus: Valid","Task":"7","RuleName":"-","UtcTime":"2020-12-19 12:00:18.069","ProcessGuid":"{67e11d8c-eb52-5fdd-1d97-000000000700}","ProcessId":"8444","Image":"C:\\Windows\\System32\\cscript.exe","ImageLoaded":"C:\\Windows\\System32\\crypt32.dll","FileVersion":"10.0.18362.592 (WinBuild.160101.0800)","Description":"Crypto API32","Product":"Microsoft Windows Operating System","Company":"Microsoft Corporation","OriginalFileName":"CRYPT32.DLL","Hashes":"SHA1=7A9DD389B0E3C124D4BFE5C1FF15F9A93285514F,MD5=1676DE3980DF1D78E14B172989916570,SHA256=E832E3A58B542E15A169B1545CE82451ACE19BD361FD81764383048528F9B540,IMPHASH=F523F043ACCD8EF1D89F5FD34B5CBBA6","Signed":"true","Signature":"Microsoft Windows","SignatureStatus":"Valid"}
{"SourceName":"Microsoft-Windows-Sysmon","ProviderGuid":"{5770385f-c22a-43e0-bf4c-06f5698ffbd9}","Level":"4","Keywords":"0x8000000000000000","Channel":"Microsoft-Windows-Sysmon/Operational","Hostname":"WORKSTATION5.theshire.local","TimeCreated":"2020-12-19T07:00:18.079Z","@timestamp":"2020-12-19T07:00:18.079Z","EventID":7,"Message":"Image loaded:\r\nRuleName: -\r\nUtcTime: 2020-12-19 12:00:18.069\r\nProcessGuid: {67e11d8c-eb52-5fdd-1d97-000000000700}\r\nProcessId: 8444\r\nImage: C:\\Windows\\System32\\cscript.exe\r\nImageLoaded: C:\\Windows\\System32\\msasn1.dll\r\nFileVersion: 10.0.18362.1 (WinBuild.160101.0800)\r\nDescription: ASN.1 Runtime APIs\r\nProduct: Microsoft Windows Operating System\r\nCompany: Microsoft Corporation\r\nOriginalFileName: msasn1.dll\r\nHashes: SHA1=F1F2A398A07419B588494558430A141884AD66EF,MD5=23D95BFDCD23EC6AFFF7E4B0703CE464,SHA256=18DE438E2C068383700C5A87423B70B251302F0D5107F331BC7EDE5097504907,IMPHASH=F79599CA729D557E0381EC0A41471A27\r\nSigned: true\r\nSignature: Microsoft Windows\r\nSignatureStatus: Valid","Task":"7","RuleName":"-","UtcTime":"2020-12-19 12:00:18.069","ProcessGuid":"{67e11d8c-eb52-5fdd-1d97-000000000700}","ProcessId":"8444","Image":"C:\\Windows\\System32\\cscript.exe","ImageLoaded":"C:\\Windows\\System32\\msasn1.dll","FileVersion":"10.0.18362.1 (WinBuild.160101.0800)","Description":"ASN.1 Runtime APIs","Product":"Microsoft Windows Operating System","Company":"Microsoft Corporation","OriginalFileName":"msasn1.dll","Hashes":"SHA1=F1F2A398A07419B588494558430A141884AD66EF,MD5=23D95BFDCD23EC6AFFF7E4B0703CE464,SHA256=18DE438E2C068383700C5A87423B70B251302F0D5107F331BC7EDE5097504907,IMPHASH=F79599CA729D557E0381EC0A41471A27","Signed":"true","Signature":"Microsoft Windows","SignatureStatus":"Valid"}
{"SourceName":"Microsoft-Windows-Sysmon","ProviderGuid":"{5770385f-c22a-43e0-bf4c-06f5698ffbd9}","Level":"4","Keywords":"0x8000000000000000","Channel":"Microsoft-Windows-Sysmon/Operational","Hostname":"WORKSTATION5.theshire.local","TimeCreated":"2020-12-19T07:00:18.079Z","@timestamp":"2020-12-19T07:00:18.079Z","EventID":7,"Message":"Image loaded:\r\nRuleName: -\r\nUtcTime: 2020-12-19 12:00:18.069\r\nProcessGuid: {67e11d8c-eb52-5fdd-1d97-000000000700}\r\nProcessId: 8444\r\nImage: C:\\Windows\\System32\\cscript.exe\r\nImageLoaded: C:\\Windows\\System32\\wintrust.dll\r\nFileVersion: 10.0.18362.1237 (WinBuild.160101.0800)\r\nDescription: Microsoft Trust Verification APIs\r\nProduct: Microsoft Windows Operating System\r\nCompany: Microsoft Corporation\r\nOriginalFileName: WINTRUST.DLL\r\nHashes: SHA1=93A2E6332518CC585F2D11DA19C5AF19219BBCF8,MD5=30E2E5C92B3CE19C919769EFFBBE0A14,SHA256=10D66CC6D37CFD200700AFF61A11F37B25A254D9792213185CC90AFD588F6CEA,IMPHASH=E57A72C1C30E2E99A58FD1D7A27738D7\r\nSigned: true\r\nSignature: Microsoft Windows\r\nSignatureStatus: Valid","Task":"7","RuleName":"-","UtcTime":"2020-12-19 12:00:18.069","ProcessGuid":"{67e11d8c-eb52-5fdd-1d97-000000000700}","ProcessId":"8444","Image":"C:\\Windows\\System32\\cscript.exe","ImageLoaded":"C:\\Windows\\System32\\wintrust.dll","FileVersion":"10.0.18362.1237 (WinBuild.160101.0800)","Description":"Microsoft Trust Verification APIs","Product":"Microsoft Windows Operating System","Company":"Microsoft Corporation","OriginalFileName":"WINTRUST.DLL","Hashes":"SHA1=93A2E6332518CC585F2D11DA19C5AF19219BBCF8,MD5=30E2E5C92B3CE19C919769EFFBBE0A14,SHA256=10D66CC6D37CFD200700AFF61A11F37B25A254D9792213185CC90AFD588F6CEA,IMPHASH=E57A72C1C30E2E99A58FD1D7A27738D7","Signed":"true","Signature":"Microsoft Windows","SignatureStatus":"Valid"}
{"SourceName":"Microsoft-Windows-Sysmon","ProviderGuid":"{5770385f-c22a-43e0-bf4c-06f5698ffbd9}","Level":"4","Keywords":"0x8000000000000000","Channel":"Microsoft-Windows-Sysmon/Operational","Hostname":"WORKSTATION5.theshire.local","TimeCreated":"2020-12-19T07:00:18.082Z","@timestamp":"2020-12-19T07:00:18.082Z","EventID":7,"Message":"Image loaded:\r\nRuleName: -\r\nUtcTime: 2020-12-19 12:00:18.069\r\nProcessGuid: {67e11d8c-eb52-5fdd-1d97-000000000700}\r\nProcessId: 8444\r\nImage: C:\\Windows\\System32\\cscript.exe\r\nImageLoaded: C:\\Windows\\System32\\rsaenh.dll\r\nFileVersion: 10.0.18362.1 (WinBuild.160101.0800)\r\nDescription: Microsoft Enhanced Cryptographic Provider\r\nProduct: Microsoft Windows Operating System\r\nCompany: Microsoft Corporation\r\nOriginalFileName: rsaenh.dll\r\nHashes: SHA1=09310F93E62D8B8BCBBEA36CB3AAF78CB98798EF,MD5=D3102BD5CD3C24E02C68CF6770379402,SHA256=49BF93C5C4D0D4AEE050ED83193DCF3FCB08D50DB5F0B7740436B24B83D14023,IMPHASH=A4C20B1A7B632846186AD47A0810709E\r\nSigned: true\r\nSignature: Microsoft Windows\r\nSignatureStatus: Valid","Task":"7","RuleName":"-","UtcTime":"2020-12-19 12:00:18.069","ProcessGuid":"{67e11d8c-eb52-5fdd-1d97-000000000700}","ProcessId":"8444","Image":"C:\\Windows\\System32\\cscript.exe","ImageLoaded":"C:\\Windows\\System32\\rsaenh.dll","FileVersion":"10.0.18362.1 (WinBuild.160101.0800)","Description":"Microsoft Enhanced Cryptographic Provider","Product":"Microsoft Windows Operating System","Company":"Microsoft Corporation","OriginalFileName":"rsaenh.dll","Hashes":"SHA1=09310F93E62D8B8BCBBEA36CB3AAF78CB98798EF,MD5=D3102BD5CD3C24E02C68CF6770379402,SHA256=49BF93C5C4D0D4AEE050ED83193DCF3FCB08D50DB5F0B7740436B24B83D14023,IMPHASH=A4C20B1A7B632846186AD47A0810709E","Signed":"true","Signature":"Microsoft Windows","SignatureStatus":"Valid"}
{"SourceName":"Microsoft-Windows-Sysmon","ProviderGuid":"{5770385f-c22a-43e0-bf4c-06f5698ffbd9}","Level":"4","Keywords":"0x8000000000000000","Channel":"Microsoft-Windows-Sysmon/Operational","Hostname":"WORKSTATION5.theshire.local","TimeCreated":"2020-12-19T07:00:18.082Z","@timestamp":"2020-12-19T07:00:18.082Z","EventID":7,"Message":"Image loaded:\r\nRuleName: -\r\nUtcTime: 2020-12-19 12:00:18.069\r\nProcessGuid: {67e11d8c-eb52-5fdd-1d97-000000000700}\r\nProcessId: 8444\r\nImage: C:\\Windows\\System32\\cscript.exe\r\nImageLoaded: C:\\Windows\\System32\\bcrypt.dll\r\nFileVersion: 10.0.18362.1237 (WinBuild.160101.0800)\r\nDescription: Windows Cryptographic Primitives Library\r\nProduct: Microsoft Windows Operating System\r\nCompany: Microsoft Corporation\r\nOriginalFileName: bcrypt.dll\r\nHashes: SHA1=E9491DF4CCA4A25142C4F1033AB779A9162B21A0,MD5=F046E87EF05CCC4F79A48DF5E63662F0,SHA256=F1E0E036982B18A29DF498B3755A5BD90DE016E15B623436921E6FE2356E0D2D,IMPHASH=F8A5CF8F7AF31A59E7541332D16C6ABA\r\nSigned: true\r\nSignature: Microsoft Windows\r\nSignatureStatus: Valid","Task":"7","RuleName":"-","UtcTime":"2020-12-19 12:00:18.069","ProcessGuid":"{67e11d8c-eb52-5fdd-1d97-000000000700}","ProcessId":"8444","Image":"C:\\Windows\\System32\\cscript.exe","ImageLoaded":"C:\\Windows\\System32\\bcrypt.dll","FileVersion":"10.0.18362.1237 (WinBuild.160101.0800)","Description":"Windows Cryptographic Primitives Library","Product":"Microsoft Windows Operating System","Company":"Microsoft Corporation","OriginalFileName":"bcrypt.dll","Hashes":"SHA1=E9491DF4CCA4A25142C4F1033AB779A9162B21A0,MD5=F046E87EF05CCC4F79A48DF5E63662F0,SHA256=F1E0E036982B18A29DF498B3755A5BD90DE016E15B623436921E6FE2356E0D2D,IMPHASH=F8A5CF8F7AF31A59E7541332D16C6ABA","Signed":"true","Signature":"Microsoft Windows","SignatureStatus":"Valid"}
{"SourceName":"Microsoft-Windows-Sysmon","ProviderGuid":"{5770385f-c22a-43e0-bf4c-06f5698ffbd9}","Level":"4","Keywords":"0x8000000000000000","Channel":"Microsoft-Windows-Sysmon/Operational","Hostname":"WORKSTATION5.theshire.local","TimeCreated":"2020-12-19T07:00:18.082Z","@timestamp":"2020-12-19T07:00:18.082Z","EventID":7,"Message":"Image loaded:\r\nRuleName: -\r\nUtcTime: 2020-12-19 12:00:18.069\r\nProcessGuid: {67e11d8c-eb52-5fdd-1d97-000000000700}\r\nProcessId: 8444\r\nImage: C:\\Windows\\System32\\cscript.exe\r\nImageLoaded: C:\\Windows\\System32\\cryptbase.dll\r\nFileVersion: 10.0.18362.1 (WinBuild.160101.0800)\r\nDescription: Base cryptographic API DLL\r\nProduct: Microsoft Windows Operating System\r\nCompany: Microsoft Corporation\r\nOriginalFileName: cryptbase.dll\r\nHashes: SHA1=B6093663113CF33A76156CB3F6D4322514F00E4B,MD5=26887DE7D7D1928F52A452E3A63E55E8,SHA256=EA86D9754164CA2C01B4A7F81188B2490CEE1F350E177861A4702C92DFD6D066,IMPHASH=3F27E242D68FC14338677A25FAE441F7\r\nSigned: true\r\nSignature: Microsoft Windows\r\nSignatureStatus: Valid","Task":"7","RuleName":"-","UtcTime":"2020-12-19 12:00:18.069","ProcessGuid":"{67e11d8c-eb52-5fdd-1d97-000000000700}","ProcessId":"8444","Image":"C:\\Windows\\System32\\cscript.exe","ImageLoaded":"C:\\Windows\\System32\\cryptbase.dll","FileVersion":"10.0.18362.1 (WinBuild.160101.0800)","Description":"Base cryptographic API DLL","Product":"Microsoft Windows Operating System","Company":"Microsoft Corporation","OriginalFileName":"cryptbase.dll","Hashes":"SHA1=B6093663113CF33A76156CB3F6D4322514F00E4B,MD5=26887DE7D7D1928F52A452E3A63E55E8,SHA256=EA86D9754164CA2C01B4A7F81188B2490CEE1F350E177861A4702C92DFD6D066,IMPHASH=3F27E242D68FC14338677A25FAE441F7","Signed":"true","Signature":"Microsoft Windows","SignatureStatus":"Valid"}
{"SourceName":"Microsoft-Windows-Sysmon","ProviderGuid":"{5770385f-c22a-43e0-bf4c-06f5698ffbd9}","Level":"4","Keywords":"0x8000000000000000","Channel":"Microsoft-Windows-Sysmon/Operational","Hostname":"WORKSTATION5.theshire.local","TimeCreated":"2020-12-19T07:00:18.083Z","@timestamp":"2020-12-19T07:00:18.083Z","EventID":12,"Message":"Registry object added or deleted:\r\nRuleName: -\r\nEventType: CreateKey\r\nUtcTime: 2020-12-19 12:00:18.069\r\nProcessGuid: {67e11d8c-eb52-5fdd-1d97-000000000700}\r\nProcessId: 8444\r\nImage: C:\\windows\\system32\\cscript.exe\r\nTargetObject: HKU\\.DEFAULT\\Software\\Microsoft\\Windows\\CurrentVersion\\WinTrust\\Trust Providers\\Software Publishing","Task":"12","RuleName":"-","EventType":"CreateKey","UtcTime":"2020-12-19 12:00:18.069","ProcessGuid":"{67e11d8c-eb52-5fdd-1d97-000000000700}","ProcessId":"8444","Image":"C:\\windows\\system32\\cscript.exe","TargetObject":"HKU\\.DEFAULT\\Software\\Microsoft\\Windows\\CurrentVersion\\WinTrust\\Trust Providers\\Software Publishing"}
{"SourceName":"Microsoft-Windows-Sysmon","ProviderGuid":"{5770385f-c22a-43e0-bf4c-06f5698ffbd9}","Level":"4","Keywords":"0x8000000000000000","Channel":"Microsoft-Windows-Sysmon/Operational","Hostname":"WORKSTATION5.theshire.local","TimeCreated":"2020-12-19T07:00:18.084Z","@timestamp":"2020-12-19T07:00:18.084Z","EventID":7,"Message":"Image loaded:\r\nRuleName: -\r\nUtcTime: 2020-12-19 12:00:18.069\r\nProcessGuid: {67e11d8c-eb52-5fdd-1d97-000000000700}\r\nProcessId: 8444\r\nImage: C:\\Windows\\System32\\cscript.exe\r\nImageLoaded: C:\\Windows\\System32\\msisip.dll\r\nFileVersion: 5.0.18362.1016 (WinBuild.160101.0800)\r\nDescription: MSI Signature SIP Provider\r\nProduct: Windows Installer - Unicode\r\nCompany: Microsoft Corporation\r\nOriginalFileName: MSISIP.DLL\r\nHashes: SHA1=DFDB908D93F34EB36C413FF8A54462BE6E34E550,MD5=244CB212EFF69B7E39EC8E7420B62BAF,SHA256=9E83E8363CD3AACDA28B39AFCDE244E1281940683EB3A4B31A91ED4CEA649297,IMPHASH=89E412B012B71D627A12BE33E873D8D7\r\nSigned: true\r\nSignature: Microsoft Windows\r\nSignatureStatus: Valid","Task":"7","RuleName":"-","UtcTime":"2020-12-19 12:00:18.069","ProcessGuid":"{67e11d8c-eb52-5fdd-1d97-000000000700}","ProcessId":"8444","Image":"C:\\Windows\\System32\\cscript.exe","ImageLoaded":"C:\\Windows\\System32\\msisip.dll","FileVersion":"5.0.18362.1016 (WinBuild.160101.0800)","Description":"MSI Signature SIP Provider","Product":"Windows Installer - Unicode","Company":"Microsoft Corporation","OriginalFileName":"MSISIP.DLL","Hashes":"SHA1=DFDB908D93F34EB36C413FF8A54462BE6E34E550,MD5=244CB212EFF69B7E39EC8E7420B62BAF,SHA256=9E83E8363CD3AACDA28B39AFCDE244E1281940683EB3A4B31A91ED4CEA649297,IMPHASH=89E412B012B71D627A12BE33E873D8D7","Signed":"true","Signature":"Microsoft Windows","SignatureStatus":"Valid"}
{"SourceName":"Microsoft-Windows-Sysmon","ProviderGuid":"{5770385f-c22a-43e0-bf4c-06f5698ffbd9}","Level":"4","Keywords":"0x8000000000000000","Channel":"Microsoft-Windows-Sysmon/Operational","Hostname":"WORKSTATION5.theshire.local","TimeCreated":"2020-12-19T07:00:18.085Z","@timestamp":"2020-12-19T07:00:18.085Z","EventID":7,"Message":"Image loaded:\r\nRuleName: -\r\nUtcTime: 2020-12-19 12:00:18.069\r\nProcessGuid: {67e11d8c-eb52-5fdd-1d97-000000000700}\r\nProcessId: 8444\r\nImage: C:\\Windows\\System32\\cscript.exe\r\nImageLoaded: C:\\Windows\\System32\\coml2.dll\r\nFileVersion: 10.0.18362.1 (WinBuild.160101.0800)\r\nDescription: Microsoft COM for Windows\r\nProduct: Microsoft Windows Operating System\r\nCompany: Microsoft Corporation\r\nOriginalFileName: COML2.DLL\r\nHashes: SHA1=D10192212E2D342BB7EB8C85C876CEA94EE824F8,MD5=727673EC5D0CD9B726D8F2CFBDC747AB,SHA256=4C67CDC79D8EB20EE49DEF0D8CB5126D5BF660C7BF5E25D17DD6FC48C2902F5E,IMPHASH=F830D7ACFCD0C9974048B2C1271F3E86\r\nSigned: true\r\nSignature: Microsoft Windows\r\nSignatureStatus: Valid","Task":"7","RuleName":"-","UtcTime":"2020-12-19 12:00:18.069","ProcessGuid":"{67e11d8c-eb52-5fdd-1d97-000000000700}","ProcessId":"8444","Image":"C:\\Windows\\System32\\cscript.exe","ImageLoaded":"C:\\Windows\\System32\\coml2.dll","FileVersion":"10.0.18362.1 (WinBuild.160101.0800)","Description":"Microsoft COM for Windows","Product":"Microsoft Windows Operating System","Company":"Microsoft Corporation","OriginalFileName":"COML2.DLL","Hashes":"SHA1=D10192212E2D342BB7EB8C85C876CEA94EE824F8,MD5=727673EC5D0CD9B726D8F2CFBDC747AB,SHA256=4C67CDC79D8EB20EE49DEF0D8CB5126D5BF660C7BF5E25D17DD6FC48C2902F5E,IMPHASH=F830D7ACFCD0C9974048B2C1271F3E86","Signed":"true","Signature":"Microsoft Windows","SignatureStatus":"Valid"}
{"SourceName":"Microsoft-Windows-Sysmon","ProviderGuid":"{5770385f-c22a-43e0-bf4c-06f5698ffbd9}","Level":"4","Keywords":"0x8000000000000000","Channel":"Microsoft-Windows-Sysmon/Operational","Hostname":"WORKSTATION5.theshire.local","TimeCreated":"2020-12-19T07:00:18.086Z","@timestamp":"2020-12-19T07:00:18.086Z","EventID":7,"Message":"Image loaded:\r\nRuleName: -\r\nUtcTime: 2020-12-19 12:00:18.085\r\nProcessGuid: {67e11d8c-eb52-5fdd-1d97-000000000700}\r\nProcessId: 8444\r\nImage: C:\\Windows\\System32\\cscript.exe\r\nImageLoaded: C:\\Windows\\System32\\wshext.dll\r\nFileVersion: 5.812.10240.16384\r\nDescription: Microsoft  Shell Extension for Windows Script Host\r\nProduct: Microsoft  Windows Script Host\r\nCompany: Microsoft Corporation\r\nOriginalFileName: wshext.dll\r\nHashes: SHA1=8772D2DDB48291C7EA1A726408B83050ACEA67DA,MD5=0E78071F57B76211F008B5AFA2FC8DE0,SHA256=2574135F407B1330EB7B9EEAB9A203A6655E0EB3A65FC640E30BE387C4A62082,IMPHASH=CE4097CF7A85C58FF4D2B125C2BD77AF\r\nSigned: true\r\nSignature: Microsoft Windows\r\nSignatureStatus: Valid","Task":"7","RuleName":"-","UtcTime":"2020-12-19 12:00:18.085","ProcessGuid":"{67e11d8c-eb52-5fdd-1d97-000000000700}","ProcessId":"8444","Image":"C:\\Windows\\System32\\cscript.exe","ImageLoaded":"C:\\Windows\\System32\\wshext.dll","FileVersion":"5.812.10240.16384","Description":"Microsoft  Shell Extension for Windows Script Host","Product":"Microsoft  Windows Script Host","Company":"Microsoft Corporation","OriginalFileName":"wshext.dll","Hashes":"SHA1=8772D2DDB48291C7EA1A726408B83050ACEA67DA,MD5=0E78071F57B76211F008B5AFA2FC8DE0,SHA256=2574135F407B1330EB7B9EEAB9A203A6655E0EB3A65FC640E30BE387C4A62082,IMPHASH=CE4097CF7A85C58FF4D2B125C2BD77AF","Signed":"true","Signature":"Microsoft Windows","SignatureStatus":"Valid"}
{"SourceName":"Microsoft-Windows-Sysmon","ProviderGuid":"{5770385f-c22a-43e0-bf4c-06f5698ffbd9}","Level":"4","Keywords":"0x8000000000000000","Channel":"Microsoft-Windows-Sysmon/Operational","Hostname":"WORKSTATION5.theshire.local","TimeCreated":"2020-12-19T07:00:18.086Z","@timestamp":"2020-12-19T07:00:18.086Z","EventID":7,"Message":"Image loaded:\r\nRuleName: -\r\nUtcTime: 2020-12-19 12:00:18.085\r\nProcessGuid: {67e11d8c-eb52-5fdd-1d97-000000000700}\r\nProcessId: 8444\r\nImage: C:\\Windows\\System32\\cscript.exe\r\nImageLoaded: C:\\Windows\\System32\\shell32.dll\r\nFileVersion: 10.0.18362.1237 (WinBuild.160101.0800)\r\nDescription: Windows Shell Common Dll\r\nProduct: Microsoft Windows Operating System\r\nCompany: Microsoft Corporation\r\nOriginalFileName: SHELL32.DLL\r\nHashes: SHA1=C42CB08E02FE0EAC106FFFC4614098AE999BD706,MD5=67C804E8A32001B2EE94BDACDFAFA555,SHA256=32F4A02472EB44E470F3FBDD704778265E2B6E1CAB45D2E27757EBD18FD8201D,IMPHASH=7D2F2D79C865EE5B1D1861EB448E6A99\r\nSigned: true\r\nSignature: Microsoft Windows\r\nSignatureStatus: Valid","Task":"7","RuleName":"-","UtcTime":"2020-12-19 12:00:18.085","ProcessGuid":"{67e11d8c-eb52-5fdd-1d97-000000000700}","ProcessId":"8444","Image":"C:\\Windows\\System32\\cscript.exe","ImageLoaded":"C:\\Windows\\System32\\shell32.dll","FileVersion":"10.0.18362.1237 (WinBuild.160101.0800)","Description":"Windows Shell Common Dll","Product":"Microsoft Windows Operating System","Company":"Microsoft Corporation","OriginalFileName":"SHELL32.DLL","Hashes":"SHA1=C42CB08E02FE0EAC106FFFC4614098AE999BD706,MD5=67C804E8A32001B2EE94BDACDFAFA555,SHA256=32F4A02472EB44E470F3FBDD704778265E2B6E1CAB45D2E27757EBD18FD8201D,IMPHASH=7D2F2D79C865EE5B1D1861EB448E6A99","Signed":"true","Signature":"Microsoft Windows","SignatureStatus":"Valid"}
{"SourceName":"Microsoft-Windows-Sysmon","ProviderGuid":"{5770385f-c22a-43e0-bf4c-06f5698ffbd9}","Level":"4","Keywords":"0x8000000000000000","Channel":"Microsoft-Windows-Sysmon/Operational","Hostname":"WORKSTATION5.theshire.local","TimeCreated":"2020-12-19T07:00:18.086Z","@timestamp":"2020-12-19T07:00:18.086Z","EventID":7,"Message":"Image loaded:\r\nRuleName: -\r\nUtcTime: 2020-12-19 12:00:18.085\r\nProcessGuid: {67e11d8c-eb52-5fdd-1d97-000000000700}\r\nProcessId: 8444\r\nImage: C:\\Windows\\System32\\cscript.exe\r\nImageLoaded: C:\\Windows\\System32\\cfgmgr32.dll\r\nFileVersion: 10.0.18362.387 (WinBuild.160101.0800)\r\nDescription: Configuration Manager DLL\r\nProduct: Microsoft Windows Operating System\r\nCompany: Microsoft Corporation\r\nOriginalFileName: CFGMGR32.DLL\r\nHashes: SHA1=FA3A718BEED81C7084675E250ADC305677A6B5E4,MD5=3A99A40872AF3B87406CC57DBDF53748,SHA256=96A1DB38C74A81FBA4C4AB29020551364FD1ADA3B6FED789D193C787E757979D,IMPHASH=4B4464C7677B6F07342800F4CF0BA273\r\nSigned: true\r\nSignature: Microsoft Windows\r\nSignatureStatus: Valid","Task":"7","RuleName":"-","UtcTime":"2020-12-19 12:00:18.085","ProcessGuid":"{67e11d8c-eb52-5fdd-1d97-000000000700}","ProcessId":"8444","Image":"C:\\Windows\\System32\\cscript.exe","ImageLoaded":"C:\\Windows\\System32\\cfgmgr32.dll","FileVersion":"10.0.18362.387 (WinBuild.160101.0800)","Description":"Configuration Manager DLL","Product":"Microsoft Windows Operating System","Company":"Microsoft Corporation","OriginalFileName":"CFGMGR32.DLL","Hashes":"SHA1=FA3A718BEED81C7084675E250ADC305677A6B5E4,MD5=3A99A40872AF3B87406CC57DBDF53748,SHA256=96A1DB38C74A81FBA4C4AB29020551364FD1ADA3B6FED789D193C787E757979D,IMPHASH=4B4464C7677B6F07342800F4CF0BA273","Signed":"true","Signature":"Microsoft Windows","SignatureStatus":"Valid"}
{"SourceName":"Microsoft-Windows-Sysmon","ProviderGuid":"{5770385f-c22a-43e0-bf4c-06f5698ffbd9}","Level":"4","Keywords":"0x8000000000000000","Channel":"Microsoft-Windows-Sysmon/Operational","Hostname":"WORKSTATION5.theshire.local","TimeCreated":"2020-12-19T07:00:18.087Z","@timestamp":"2020-12-19T07:00:18.087Z","EventID":7,"Message":"Image loaded:\r\nRuleName: -\r\nUtcTime: 2020-12-19 12:00:18.085\r\nProcessGuid: {67e11d8c-eb52-5fdd-1d97-000000000700}\r\nProcessId: 8444\r\nImage: C:\\Windows\\System32\\cscript.exe\r\nImageLoaded: C:\\Windows\\System32\\SHCore.dll\r\nFileVersion: 10.0.18362.1237 (WinBuild.160101.0800)\r\nDescription: SHCORE\r\nProduct: Microsoft Windows Operating System\r\nCompany: Microsoft Corporation\r\nOriginalFileName: SHCORE.dll\r\nHashes: SHA1=370FDCB6FFA4BA083D604D5DA8964E03EF2426BF,MD5=599BEFE22ED44B01CB501EF581967937,SHA256=2F729ADA32304BDED0E3E607C062C32EA555BC68B8E6CBC52840C16AB9351B44,IMPHASH=0E48D88DA5B1AEFE29036ECDE5B34E8D\r\nSigned: true\r\nSignature: Microsoft Windows\r\nSignatureStatus: Valid","Task":"7","RuleName":"-","UtcTime":"2020-12-19 12:00:18.085","ProcessGuid":"{67e11d8c-eb52-5fdd-1d97-000000000700}","ProcessId":"8444","Image":"C:\\Windows\\System32\\cscript.exe","ImageLoaded":"C:\\Windows\\System32\\SHCore.dll","FileVersion":"10.0.18362.1237 (WinBuild.160101.0800)","Description":"SHCORE","Product":"Microsoft Windows Operating System","Company":"Microsoft Corporation","OriginalFileName":"SHCORE.dll","Hashes":"SHA1=370FDCB6FFA4BA083D604D5DA8964E03EF2426BF,MD5=599BEFE22ED44B01CB501EF581967937,SHA256=2F729ADA32304BDED0E3E607C062C32EA555BC68B8E6CBC52840C16AB9351B44,IMPHASH=0E48D88DA5B1AEFE29036ECDE5B34E8D","Signed":"true","Signature":"Microsoft Windows","SignatureStatus":"Valid"}
{"SourceName":"Microsoft-Windows-Sysmon","ProviderGuid":"{5770385f-c22a-43e0-bf4c-06f5698ffbd9}","Level":"4","Keywords":"0x8000000000000000","Channel":"Microsoft-Windows-Sysmon/Operational","Hostname":"WORKSTATION5.theshire.local","TimeCreated":"2020-12-19T07:00:18.087Z","@timestamp":"2020-12-19T07:00:18.087Z","EventID":7,"Message":"Image loaded:\r\nRuleName: -\r\nUtcTime: 2020-12-19 12:00:18.085\r\nProcessGuid: {67e11d8c-eb52-5fdd-1d97-000000000700}\r\nProcessId: 8444\r\nImage: C:\\Windows\\System32\\cscript.exe\r\nImageLoaded: C:\\Windows\\System32\\windows.storage.dll\r\nFileVersion: 10.0.18362.1171 (WinBuild.160101.0800)\r\nDescription: Microsoft WinRT Storage API\r\nProduct: Microsoft Windows Operating System\r\nCompany: Microsoft Corporation\r\nOriginalFileName: Windows.Storage.dll\r\nHashes: SHA1=EE19E5E1FB49E9D67FC86B9E804D2920CE487BFA,MD5=A195854059F3A4D51A836975EBAB291F,SHA256=A9297298EDD3959008EE0B319A2DFE1D5AC6C6F0FC7F0BFB4679DBDD7D2BFA26,IMPHASH=BDB3E400A78EE2D42C647E85CD2D827B\r\nSigned: true\r\nSignature: Microsoft Windows\r\nSignatureStatus: Valid","Task":"7","RuleName":"-","UtcTime":"2020-12-19 12:00:18.085","ProcessGuid":"{67e11d8c-eb52-5fdd-1d97-000000000700}","ProcessId":"8444","Image":"C:\\Windows\\System32\\cscript.exe","ImageLoaded":"C:\\Windows\\System32\\windows.storage.dll","FileVersion":"10.0.18362.1171 (WinBuild.160101.0800)","Description":"Microsoft WinRT Storage API","Product":"Microsoft Windows Operating System","Company":"Microsoft Corporation","OriginalFileName":"Windows.Storage.dll","Hashes":"SHA1=EE19E5E1FB49E9D67FC86B9E804D2920CE487BFA,MD5=A195854059F3A4D51A836975EBAB291F,SHA256=A9297298EDD3959008EE0B319A2DFE1D5AC6C6F0FC7F0BFB4679DBDD7D2BFA26,IMPHASH=BDB3E400A78EE2D42C647E85CD2D827B","Signed":"true","Signature":"Microsoft Windows","SignatureStatus":"Valid"}
