{"SourceName":"Microsoft-Windows-Sysmon","ProviderGuid":"{5770385f-c22a-43e0-bf4c-06f5698ffbd9}","Level":"4","Keywords":"0x8000000000000000","Channel":"Microsoft-Windows-Sysmon/Operational","Hostname":"WORKSTATION5.theshire.local","TimeCreated":"2020-12-19T07:00:03.824Z","@timestamp":"2020-12-19T07:00:03.824Z","EventID":10,"Message":"Process accessed:\r\nRuleName: -\r\nUtcTime: 2020-12-19 12:00:03.819\r\nSourceProcessGUID: {67e11d8c-77ef-5fd2-4c14-000000000700}\r\nSourceProcessId: 5604\r\nSourceThreadId: 6708\r\nSourceImage: C:\\windows\\system32\\csrss.exe\r\nTargetProcessGUID: {67e11d8c-eb43-5fdd-1b97-000000000700}\r\nTargetProcessId: 6328\r\nTargetImage: C:\\Program Files\\Wireshark\\dumpcap.exe\r\nGrantedAccess: 0x1FFFFF\r\nCallTrace: C:\\windows\\SYSTEM32\\ntdll.dll+9cbb4|C:\\windows\\system32\\basesrv.DLL+2fba|C:\\windows\\SYSTEM32\\CSRSRV.dll+5af4|C:\\windows\\SYSTEM32\\ntdll.dll+6d4df","Task":"10","RuleName":"-","UtcTime":"2020-12-19 12:00:03.819","SourceProcessGUID":"{67e11d8c-77ef-5fd2-4c14-000000000700}","SourceProcessId":"5604","SourceThreadId":"6708","SourceImage":"C:\\windows\\system32\\csrss.exe","TargetProcessGUID":"{67e11d8c-eb43-5fdd-1b97-000000000700}","TargetProcessId":"6328","TargetImage":"C:\\Program Files\\Wireshark\\dumpcap.exe","GrantedAccess":"0x1fffff","CallTrace":"C:\\windows\\SYSTEM32\\ntdll.dll+9cbb4|C:\\windows\\system32\\basesrv.DLL+2fba|C:\\windows\\SYSTEM32\\CSRSRV.dll+5af4|C:\\windows\\SYSTEM32\\ntdll.dll+6d4df"}
{"SourceName":"Microsoft-Windows-Sysmon","ProviderGuid":"{5770385f-c22a-43e0-bf4c-06f5698ffbd9}","Level":"4","Keywords":"0x8000000000000000","Channel":"Microsoft-Windows-Sysmon/Operational","Hostname":"WORKSTATION5.theshire.local","TimeCreated":"2020-12-19T07:00:03.828Z","@timestamp":"2020-12-19T07:00:03.828Z","EventID":7,"Message":"Image loaded:\r\nRuleName: -\r\nUtcTime: 2020-12-19 12:00:03.819\r\nProcessGuid: {67e11d8c-eb43-5fdd-1b97-000000000700}\r\nProcessId: 6328\r\nImage: C:\\Program Files\\Wireshark\\dumpcap.exe\r\nImageLoaded: C:\\Program Files\\Wireshark\\dumpcap.exe\r\nFileVersion: 3.4.0\r\nDescription: Dumpcap\r\nProduct: Dumpcap\r\nCompany: The Wireshark developer community\r\nOriginalFileName: Dumpcap.exe\r\nHashes: SHA1=7403DA71E1F2A7DA138020A1B6622EE12262AD71,MD5=73F1C359846E25F3319A5F824C4B3B11,SHA256=9AC59FE919408C450A57C6E8C1C2930D9E229255B2E7E7E0D3BC33453497A7D9,IMPHASH=6B9895767E25AEEEC925FE398041E582\r\nSigned: true\r\nSignature: Wireshark Foundation, Inc.\r\nSignatureStatus: Valid","Task":"7","RuleName":"-","UtcTime":"2020-12-19 12:00:03.819","ProcessGuid":"{67e11d8c-eb43-5fdd-1b97-000000000700}","ProcessId":"6328","Image":"C:\\Program Files\\Wireshark\\dumpcap.exe","ImageLoaded":"C:\\Program Files\\Wireshark\\dumpcap.exe","FileVersion":"3.4.0","Description":"Dumpcap","Product":"Dumpcap","Company":"The Wireshark developer community","OriginalFileName":"Dumpcap.exe","Hashes":"SHA1=7403DA71E1F2A7DA138020A1B6622EE12262AD71,MD5=73F1C359846E25F3319A5F824C4B3B11,SHA256=9AC59FE919408C450A57C6E8C1C2930D9E229255B2E7E7E0D3BC33453497A7D9,IMPHASH=6B9895767E25AEEEC925FE398041E582","Signed":"true","Signature":"Wireshark Foundation, Inc.","SignatureStatus":"Valid"}
{"SourceName":"Microsoft-Windows-Sysmon","ProviderGuid":"{5770385f-c22a-43e0-bf4c-06f5698ffbd9}","Level":"4","Keywords":"0x8000000000000000","Channel":"Microsoft-Windows-Sysmon/Operational","Hostname":"WORKSTATION5.theshire.local","TimeCreated":"2020-12-19T07:00:03.828Z","@timestamp":"2020-12-19T07:00:03.828Z","EventID":7,"Message":"Image loaded:\r\nRuleName: -\r\nUtcTime: 2020-12-19 12:00:03.819\r\nProcessGuid: {67e11d8c-eb43-5fdd-1b97-000000000700}\r\nProcessId: 6328\r\nImage: C:\\Program Files\\Wireshark\\dumpcap.exe\r\nImageLoaded: C:\\Windows\\System32\\ntdll.dll\r\nFileVersion: 10.0.18362.1171 (WinBuild.160101.0800)\r\nDescription: NT Layer DLL\r\nProduct: Microsoft Windows Operating System\r\nCompany: Microsoft Corporation\r\nOriginalFileName: ntdll.dll\r\nHashes: SHA1=5786DED9212C3BBF3C1B31CCA8CF85866EA448A4,MD5=F2023B1BA6761FB1886EB3164420273B,SHA256=674D053FD4A2AF0521E283ABE15C9F2BE10736A186634843CE2C847EA90B37D8,IMPHASH=00000000000000000000000000000000\r\nSigned: true\r\nSignature: Microsoft Windows\r\nSignatureStatus: Valid","Task":"7","RuleName":"-","UtcTime":"2020-12-19 12:00:03.819","ProcessGuid":"{67e11d8c-eb43-5fdd-1b97-000000000700}","ProcessId":"6328","Image":"C:\\Program Files\\Wireshark\\dumpcap.exe","ImageLoaded":"C:\\Windows\\System32\\ntdll.dll","FileVersion":"10.0.18362.1171 (WinBuild.160101.0800)","Description":"NT Layer DLL","Product":"Microsoft Windows Operating System","Company":"Microsoft Corporation","OriginalFileName":"ntdll.dll","Hashes":"SHA1=5786DED9212C3BBF3C1B31CCA8CF85866EA448A4,MD5=F2023B1BA6761FB1886EB3164420273B,SHA256=674D053FD4A2AF0521E283ABE15C9F2BE10736A186634843CE2C847EA90B37D8,IMPHASH=00000000000000000000000000000000","Signed":"true","Signature":"Microsoft Windows","SignatureStatus":"Valid"}
{"SourceName":"Microsoft-Windows-Sysmon","ProviderGuid":"{5770385f-c22a-43e0-bf4c-06f5698ffbd9}","Level":"4","Keywords":"0x8000000000000000","Channel":"Microsoft-Windows-Sysmon/Operational","Hostname":"WORKSTATION5.theshire.local","TimeCreated":"2020-12-19T07:00:03.828Z","@timestamp":"2020-12-19T07:00:03.828Z","EventID":7,"Message":"Image loaded:\r\nRuleName: -\r\nUtcTime: 2020-12-19 12:00:03.819\r\nProcessGuid: {67e11d8c-eb43-5fdd-1b97-000000000700}\r\nProcessId: 6328\r\nImage: C:\\Program Files\\Wireshark\\dumpcap.exe\r\nImageLoaded: C:\\Windows\\System32\\kernel32.dll\r\nFileVersion: 10.0.18362.1110 (WinBuild.160101.0800)\r\nDescription: Windows NT BASE API Client DLL\r\nProduct: Microsoft Windows Operating System\r\nCompany: Microsoft Corporation\r\nOriginalFileName: kernel32\r\nHashes: SHA1=D207A86541CABC3190BBD5B1CC982F6D7C90051B,MD5=ED906DB51BCB4F5A68606D2683AF44A3,SHA256=DF5CE6E95294579D7D7D16C47CB3DC5C8FA1DB53CCE56091E3496309B0D87536,IMPHASH=D3645703895C4EBB8EA5B9B26816A081\r\nSigned: true\r\nSignature: Microsoft Windows\r\nSignatureStatus: Valid","Task":"7","RuleName":"-","UtcTime":"2020-12-19 12:00:03.819","ProcessGuid":"{67e11d8c-eb43-5fdd-1b97-000000000700}","ProcessId":"6328","Image":"C:\\Program Files\\Wireshark\\dumpcap.exe","ImageLoaded":"C:\\Windows\\System32\\kernel32.dll","FileVersion":"10.0.18362.1110 (WinBuild.160101.0800)","Description":"Windows NT BASE API Client DLL","Product":"Microsoft Windows Operating System","Company":"Microsoft Corporation","OriginalFileName":"kernel32","Hashes":"SHA1=D207A86541CABC3190BBD5B1CC982F6D7C90051B,MD5=ED906DB51BCB4F5A68606D2683AF44A3,SHA256=DF5CE6E95294579D7D7D16C47CB3DC5C8FA1DB53CCE56091E3496309B0D87536,IMPHASH=D3645703895C4EBB8EA5B9B26816A081","Signed":"true","Signature":"Microsoft Windows","SignatureStatus":"Valid"}
{"SourceName":"Microsoft-Windows-Sysmon","ProviderGuid":"{5770385f-c22a-43e0-bf4c-06f5698ffbd9}","Level":"4","Keywords":"0x8000000000000000","Channel":"Microsoft-Windows-Sysmon/Operational","Hostname":"WORKSTATION5.theshire.local","TimeCreated":"2020-12-19T07:00:03.829Z","@timestamp":"2020-12-19T07:00:03.829Z","EventID":7,"Message":"Image loaded:\r\nRuleName: -\r\nUtcTime: 2020-12-19 12:00:03.819\r\nProcessGuid: {67e11d8c-eb43-5fdd-1b97-000000000700}\r\nProcessId: 6328\r\nImage: C:\\Program Files\\Wireshark\\dumpcap.exe\r\nImageLoaded: C:\\Windows\\System32\\KernelBase.dll\r\nFileVersion: 10.0.18362.1237 (WinBuild.160101.0800)\r\nDescription: Windows NT BASE API Client DLL\r\nProduct: Microsoft Windows Operating System\r\nCompany: Microsoft Corporation\r\nOriginalFileName: Kernelbase.dll\r\nHashes: SHA1=2FA598C0784903CDE53C1F2DBDCEBB89ADDBCEFA,MD5=21922158616643391A357826374A3DA7,SHA256=15FB1A344CE1625DCFF1CDABE3A9F3AB2305CC38CBA9897636E9E45F3794CBF0,IMPHASH=16003AF856720C35351BB8C14AD0B0A8\r\nSigned: true\r\nSignature: Microsoft Windows\r\nSignatureStatus: Valid","Task":"7","RuleName":"-","UtcTime":"2020-12-19 12:00:03.819","ProcessGuid":"{67e11d8c-eb43-5fdd-1b97-000000000700}","ProcessId":"6328","Image":"C:\\Program Files\\Wireshark\\dumpcap.exe","ImageLoaded":"C:\\Windows\\System32\\KernelBase.dll","FileVersion":"10.0.18362.1237 (WinBuild.160101.0800)","Description":"Windows NT BASE API Client DLL","Product":"Microsoft Windows Operating System","Company":"Microsoft Corporation","OriginalFileName":"Kernelbase.dll","Hashes":"SHA1=2FA598C0784903CDE53C1F2DBDCEBB89ADDBCEFA,MD5=21922158616643391A357826374A3DA7,SHA256=15FB1A344CE1625DCFF1CDABE3A9F3AB2305CC38CBA9897636E9E45F3794CBF0,IMPHASH=16003AF856720C35351BB8C14AD0B0A8","Signed":"true","Signature":"Microsoft Windows","SignatureStatus":"Valid"}
{"SourceName":"Microsoft-Windows-Sysmon","ProviderGuid":"{5770385f-c22a-43e0-bf4c-06f5698ffbd9}","Level":"4","Keywords":"0x8000000000000000","Channel":"Microsoft-Windows-Sysmon/Operational","Hostname":"WORKSTATION5.theshire.local","TimeCreated":"2020-12-19T07:00:03.829Z","@timestamp":"2020-12-19T07:00:03.829Z","EventID":13,"Message":"Registry value set:\r\nRuleName: -\r\nEventType: SetValue\r\nUtcTime: 2020-12-19 12:00:03.819\r\nProcessGuid: {67e11d8c-eb43-5fdd-1b97-000000000700}\r\nProcessId: 6328\r\nImage: C:\\Program Files\\Wireshark\\dumpcap.exe\r\nTargetObject: HKLM\\System\\CurrentControlSet\\Services\\bam\\State\\UserSettings\\S-1-5-21-3786818125-2382361537-3207726629-1104\\\\Device\\HarddiskVolume2\\Windows\\System32\\conhost.exe\r\nDetails: Binary Data","Task":"13","RuleName":"-","EventType":"SetValue","UtcTime":"2020-12-19 12:00:03.819","ProcessGuid":"{67e11d8c-eb43-5fdd-1b97-000000000700}","ProcessId":"6328","Image":"C:\\Program Files\\Wireshark\\dumpcap.exe","TargetObject":"HKLM\\System\\CurrentControlSet\\Services\\bam\\State\\UserSettings\\S-1-5-21-3786818125-2382361537-3207726629-1104\\\\Device\\HarddiskVolume2\\Windows\\System32\\conhost.exe","Details":"Binary Data"}
{"SourceName":"Microsoft-Windows-Sysmon","ProviderGuid":"{5770385f-c22a-43e0-bf4c-06f5698ffbd9}","Level":"4","Keywords":"0x8000000000000000","Channel":"Microsoft-Windows-Sysmon/Operational","Hostname":"WORKSTATION5.theshire.local","TimeCreated":"2020-12-19T07:00:03.830Z","@timestamp":"2020-12-19T07:00:03.830Z","EventID":1,"Message":"Process Create:\r\nRuleName: -\r\nUtcTime: 2020-12-19 12:00:03.827\r\nProcessGuid: {67e11d8c-eb43-5fdd-1c97-000000000700}\r\nProcessId: 4972\r\nImage: C:\\Windows\\System32\\conhost.exe\r\nFileVersion: 10.0.18362.1 (WinBuild.160101.0800)\r\nDescription: Console Window Host\r\nProduct: Microsoft Windows Operating System\r\nCompany: Microsoft Corporation\r\nOriginalFileName: CONHOST.EXE\r\nCommandLine: \\??\\C:\\windows\\system32\\conhost.exe 0xffffffff -ForceV1\r\nCurrentDirectory: C:\\windows\r\nUser: THESHIRE\\pgustavo\r\nLogonGuid: {67e11d8c-77f2-5fd2-843c-4f0100000000}\r\nLogonId: 0x14F3C84\r\nTerminalSessionId: 2\r\nIntegrityLevel: Medium\r\nHashes: SHA1=11996F32DD85863A8C3BFF6D520F788A9211C8F7,MD5=C5E9B1D1103EDCEA2E408E9497A5A88F,SHA256=BAF97B2A629723947539CFF84E896CD29565AB4BB68B0CEC515EB5C5D6637B69,IMPHASH=F8DD0EF565DE87D97ABF9C62EA63EC21\r\nParentProcessGuid: {67e11d8c-eb43-5fdd-1b97-000000000700}\r\nParentProcessId: 6328\r\nParentImage: C:\\Program Files\\Wireshark\\dumpcap.exe\r\nParentCommandLine: \"C:\\Program Files\\Wireshark\\dumpcap.exe\" -n -i \\Device\\NPF_{D805082F-2215-41FB-B94A-4FE9C8ADC451} -y EN10MB -Z 7744","Task":"1","RuleName":"-","UtcTime":"2020-12-19 12:00:03.827","ProcessGuid":"{67e11d8c-eb43-5fdd-1c97-000000000700}","ProcessId":"4972","Image":"C:\\Windows\\System32\\conhost.exe","FileVersion":"10.0.18362.1 (WinBuild.160101.0800)","Description":"Console Window Host","Product":"Microsoft Windows Operating System","Company":"Microsoft Corporation","OriginalFileName":"CONHOST.EXE","CommandLine":"\\??\\C:\\windows\\system32\\conhost.exe 0xffffffff -ForceV1","CurrentDirectory":"C:\\windows","User":"THESHIRE\\pgustavo","LogonGuid":"{67e11d8c-77f2-5fd2-843c-4f0100000000}","LogonId":"0x14f3c84","TerminalSessionId":"2","IntegrityLevel":"Medium","Hashes":"SHA1=11996F32DD85863A8C3BFF6D520F788A9211C8F7,MD5=C5E9B1D1103EDCEA2E408E9497A5A88F,SHA256=BAF97B2A629723947539CFF84E896CD29565AB4BB68B0CEC515EB5C5D6637B69,IMPHASH=F8DD0EF565DE87D97ABF9C62EA63EC21","ParentProcessGuid":"{67e11d8c-eb43-5fdd-1b97-000000000700}","ParentProcessId":"6328","ParentImage":"C:\\Program Files\\Wireshark\\dumpcap.exe","ParentCommandLine":"\"C:\\Program Files\\Wireshark\\dumpcap.exe\" -n -i \\Device\\NPF_{D805082F-2215-41FB-B94A-4FE9C8ADC451} -y EN10MB -Z 7744"}
{"SourceName":"Microsoft-Windows-Sysmon","ProviderGuid":"{5770385f-c22a-43e0-bf4c-06f5698ffbd9}","Level":"4","Keywords":"0x8000000000000000","Channel":"Microsoft-Windows-Sysmon/Operational","Hostname":"WORKSTATION5.theshire.local","TimeCreated":"2020-12-19T07:00:03.830Z","@timestamp":"2020-12-19T07:00:03.830Z","EventID":10,"Message":"Process accessed:\r\nRuleName: -\r\nUtcTime: 2020-12-19 12:00:03.819\r\nSourceProcessGUID: {67e11d8c-896b-5fd0-f700-000000000700}\r\nSourceProcessId: 516\r\nSourceThreadId: 7836\r\nSourceImage: C:\\windows\\system32\\svchost.exe\r\nTargetProcessGUID: {67e11d8c-eb43-5fdd-1c97-000000000700}\r\nTargetProcessId: 4972\r\nTargetImage: C:\\windows\\system32\\conhost.exe\r\nGrantedAccess: 0x1FFFFF\r\nCallTrace: C:\\windows\\SYSTEM32\\ntdll.dll+9cbb4|C:\\windows\\System32\\KERNELBASE.dll+305fe|c:\\windows\\system32\\pcasvc.dll+13827|c:\\windows\\system32\\pcasvc.dll+f736|c:\\windows\\system32\\pcasvc.dll+16844|C:\\windows\\System32\\KERNEL32.DLL+17c24|C:\\windows\\SYSTEM32\\ntdll.dll+6d4d1","Task":"10","RuleName":"-","UtcTime":"2020-12-19 12:00:03.819","SourceProcessGUID":"{67e11d8c-896b-5fd0-f700-000000000700}","SourceProcessId":"516","SourceThreadId":"7836","SourceImage":"C:\\windows\\system32\\svchost.exe","TargetProcessGUID":"{67e11d8c-eb43-5fdd-1c97-000000000700}","TargetProcessId":"4972","TargetImage":"C:\\windows\\system32\\conhost.exe","GrantedAccess":"0x1fffff","CallTrace":"C:\\windows\\SYSTEM32\\ntdll.dll+9cbb4|C:\\windows\\System32\\KERNELBASE.dll+305fe|c:\\windows\\system32\\pcasvc.dll+13827|c:\\windows\\system32\\pcasvc.dll+f736|c:\\windows\\system32\\pcasvc.dll+16844|C:\\windows\\System32\\KERNEL32.DLL+17c24|C:\\windows\\SYSTEM32\\ntdll.dll+6d4d1"}
{"SourceName":"Microsoft-Windows-Sysmon","ProviderGuid":"{5770385f-c22a-43e0-bf4c-06f5698ffbd9}","Level":"4","Keywords":"0x8000000000000000","Channel":"Microsoft-Windows-Sysmon/Operational","Hostname":"WORKSTATION5.theshire.local","TimeCreated":"2020-12-19T07:00:03.831Z","@timestamp":"2020-12-19T07:00:03.831Z","EventID":7,"Message":"Image loaded:\r\nRuleName: -\r\nUtcTime: 2020-12-19 12:00:03.819\r\nProcessGuid: {67e11d8c-eb43-5fdd-1c97-000000000700}\r\nProcessId: 4972\r\nImage: C:\\Windows\\System32\\conhost.exe\r\nImageLoaded: C:\\Windows\\System32\\conhost.exe\r\nFileVersion: 10.0.18362.1 (WinBuild.160101.0800)\r\nDescription: Console Window Host\r\nProduct: Microsoft Windows Operating System\r\nCompany: Microsoft Corporation\r\nOriginalFileName: CONHOST.EXE\r\nHashes: SHA1=11996F32DD85863A8C3BFF6D520F788A9211C8F7,MD5=C5E9B1D1103EDCEA2E408E9497A5A88F,SHA256=BAF97B2A629723947539CFF84E896CD29565AB4BB68B0CEC515EB5C5D6637B69,IMPHASH=F8DD0EF565DE87D97ABF9C62EA63EC21\r\nSigned: true\r\nSignature: Microsoft Windows\r\nSignatureStatus: Valid","Task":"7","RuleName":"-","UtcTime":"2020-12-19 12:00:03.819","ProcessGuid":"{67e11d8c-eb43-5fdd-1c97-000000000700}","ProcessId":"4972","Image":"C:\\Windows\\System32\\conhost.exe","ImageLoaded":"C:\\Windows\\System32\\conhost.exe","FileVersion":"10.0.18362.1 (WinBuild.160101.0800)","Description":"Console Window Host","Product":"Microsoft Windows Operating System","Company":"Microsoft Corporation","OriginalFileName":"CONHOST.EXE","Hashes":"SHA1=11996F32DD85863A8C3BFF6D520F788A9211C8F7,MD5=C5E9B1D1103EDCEA2E408E9497A5A88F,SHA256=BAF97B2A629723947539CFF84E896CD29565AB4BB68B0CEC515EB5C5D6637B69,IMPHASH=F8DD0EF565DE87D97ABF9C62EA63EC21","Signed":"true","Signature":"Microsoft Windows","SignatureStatus":"Valid"}
{"SourceName":"Microsoft-Windows-Sysmon","ProviderGuid":"{5770385f-c22a-43e0-bf4c-06f5698ffbd9}","Level":"4","Keywords":"0x8000000000000000","Channel":"Microsoft-Windows-Sysmon/Operational","Hostname":"WORKSTATION5.theshire.local","TimeCreated":"2020-12-19T07:00:03.832Z","@timestamp":"2020-12-19T07:00:03.832Z","EventID":7,"Message":"Image loaded:\r\nRuleName: -\r\nUtcTime: 2020-12-19 12:00:03.819\r\nProcessGuid: {67e11d8c-eb43-5fdd-1c97-000000000700}\r\nProcessId: 4972\r\nImage: C:\\Windows\\System32\\conhost.exe\r\nImageLoaded: C:\\Windows\\System32\\ntdll.dll\r\nFileVersion: 10.0.18362.1171 (WinBuild.160101.0800)\r\nDescription: NT Layer DLL\r\nProduct: Microsoft Windows Operating System\r\nCompany: Microsoft Corporation\r\nOriginalFileName: ntdll.dll\r\nHashes: SHA1=5786DED9212C3BBF3C1B31CCA8CF85866EA448A4,MD5=F2023B1BA6761FB1886EB3164420273B,SHA256=674D053FD4A2AF0521E283ABE15C9F2BE10736A186634843CE2C847EA90B37D8,IMPHASH=00000000000000000000000000000000\r\nSigned: true\r\nSignature: Microsoft Windows\r\nSignatureStatus: Valid","Task":"7","RuleName":"-","UtcTime":"2020-12-19 12:00:03.819","ProcessGuid":"{67e11d8c-eb43-5fdd-1c97-000000000700}","ProcessId":"4972","Image":"C:\\Windows\\System32\\conhost.exe","ImageLoaded":"C:\\Windows\\System32\\ntdll.dll","FileVersion":"10.0.18362.1171 (WinBuild.160101.0800)","Description":"NT Layer DLL","Product":"Microsoft Windows Operating System","Company":"Microsoft Corporation","OriginalFileName":"ntdll.dll","Hashes":"SHA1=5786DED9212C3BBF3C1B31CCA8CF85866EA448A4,MD5=F2023B1BA6761FB1886EB3164420273B,SHA256=674D053FD4A2AF0521E283ABE15C9F2BE10736A186634843CE2C847EA90B37D8,IMPHASH=00000000000000000000000000000000","Signed":"true","Signature":"Microsoft Windows","SignatureStatus":"Valid"}
{"SourceName":"Microsoft-Windows-Sysmon","ProviderGuid":"{5770385f-c22a-43e0-bf4c-06f5698ffbd9}","Level":"4","Keywords":"0x8000000000000000","Channel":"Microsoft-Windows-Sysmon/Operational","Hostname":"WORKSTATION5.theshire.local","TimeCreated":"2020-12-19T07:00:03.833Z","@timestamp":"2020-12-19T07:00:03.833Z","EventID":7,"Message":"Image loaded:\r\nRuleName: -\r\nUtcTime: 2020-12-19 12:00:03.819\r\nProcessGuid: {67e11d8c-eb43-5fdd-1c97-000000000700}\r\nProcessId: 4972\r\nImage: C:\\Windows\\System32\\conhost.exe\r\nImageLoaded: C:\\Windows\\System32\\kernel32.dll\r\nFileVersion: 10.0.18362.1110 (WinBuild.160101.0800)\r\nDescription: Windows NT BASE API Client DLL\r\nProduct: Microsoft Windows Operating System\r\nCompany: Microsoft Corporation\r\nOriginalFileName: kernel32\r\nHashes: SHA1=D207A86541CABC3190BBD5B1CC982F6D7C90051B,MD5=ED906DB51BCB4F5A68606D2683AF44A3,SHA256=DF5CE6E95294579D7D7D16C47CB3DC5C8FA1DB53CCE56091E3496309B0D87536,IMPHASH=D3645703895C4EBB8EA5B9B26816A081\r\nSigned: true\r\nSignature: Microsoft Windows\r\nSignatureStatus: Valid","Task":"7","RuleName":"-","UtcTime":"2020-12-19 12:00:03.819","ProcessGuid":"{67e11d8c-eb43-5fdd-1c97-000000000700}","ProcessId":"4972","Image":"C:\\Windows\\System32\\conhost.exe","ImageLoaded":"C:\\Windows\\System32\\kernel32.dll","FileVersion":"10.0.18362.1110 (WinBuild.160101.0800)","Description":"Windows NT BASE API Client DLL","Product":"Microsoft Windows Operating System","Company":"Microsoft Corporation","OriginalFileName":"kernel32","Hashes":"SHA1=D207A86541CABC3190BBD5B1CC982F6D7C90051B,MD5=ED906DB51BCB4F5A68606D2683AF44A3,SHA256=DF5CE6E95294579D7D7D16C47CB3DC5C8FA1DB53CCE56091E3496309B0D87536,IMPHASH=D3645703895C4EBB8EA5B9B26816A081","Signed":"true","Signature":"Microsoft Windows","SignatureStatus":"Valid"}
{"SourceName":"Microsoft-Windows-Sysmon","ProviderGuid":"{5770385f-c22a-43e0-bf4c-06f5698ffbd9}","Level":"4","Keywords":"0x8000000000000000","Channel":"Microsoft-Windows-Sysmon/Operational","Hostname":"WORKSTATION5.theshire.local","TimeCreated":"2020-12-19T07:00:03.834Z","@timestamp":"2020-12-19T07:00:03.834Z","EventID":7,"Message":"Image loaded:\r\nRuleName: -\r\nUtcTime: 2020-12-19 12:00:03.819\r\nProcessGuid: {67e11d8c-eb43-5fdd-1c97-000000000700}\r\nProcessId: 4972\r\nImage: C:\\Windows\\System32\\conhost.exe\r\nImageLoaded: C:\\Windows\\System32\\KernelBase.dll\r\nFileVersion: 10.0.18362.1237 (WinBuild.160101.0800)\r\nDescription: Windows NT BASE API Client DLL\r\nProduct: Microsoft Windows Operating System\r\nCompany: Microsoft Corporation\r\nOriginalFileName: Kernelbase.dll\r\nHashes: SHA1=2FA598C0784903CDE53C1F2DBDCEBB89ADDBCEFA,MD5=21922158616643391A357826374A3DA7,SHA256=15FB1A344CE1625DCFF1CDABE3A9F3AB2305CC38CBA9897636E9E45F3794CBF0,IMPHASH=16003AF856720C35351BB8C14AD0B0A8\r\nSigned: true\r\nSignature: Microsoft Windows\r\nSignatureStatus: Valid","Task":"7","RuleName":"-","UtcTime":"2020-12-19 12:00:03.819","ProcessGuid":"{67e11d8c-eb43-5fdd-1c97-000000000700}","ProcessId":"4972","Image":"C:\\Windows\\System32\\conhost.exe","ImageLoaded":"C:\\Windows\\System32\\KernelBase.dll","FileVersion":"10.0.18362.1237 (WinBuild.160101.0800)","Description":"Windows NT BASE API Client DLL","Product":"Microsoft Windows Operating System","Company":"Microsoft Corporation","OriginalFileName":"Kernelbase.dll","Hashes":"SHA1=2FA598C0784903CDE53C1F2DBDCEBB89ADDBCEFA,MD5=21922158616643391A357826374A3DA7,SHA256=15FB1A344CE1625DCFF1CDABE3A9F3AB2305CC38CBA9897636E9E45F3794CBF0,IMPHASH=16003AF856720C35351BB8C14AD0B0A8","Signed":"true","Signature":"Microsoft Windows","SignatureStatus":"Valid"}
{"SourceName":"Microsoft-Windows-Sysmon","ProviderGuid":"{5770385f-c22a-43e0-bf4c-06f5698ffbd9}","Level":"4","Keywords":"0x8000000000000000","Channel":"Microsoft-Windows-Sysmon/Operational","Hostname":"WORKSTATION5.theshire.local","TimeCreated":"2020-12-19T07:00:03.837Z","@timestamp":"2020-12-19T07:00:03.837Z","EventID":10,"Message":"Process accessed:\r\nRuleName: -\r\nUtcTime: 2020-12-19 12:00:03.819\r\nSourceProcessGUID: {67e11d8c-77ef-5fd2-4c14-000000000700}\r\nSourceProcessId: 5604\r\nSourceThreadId: 1876\r\nSourceImage: C:\\windows\\system32\\csrss.exe\r\nTargetProcessGUID: {67e11d8c-eb43-5fdd-1c97-000000000700}\r\nTargetProcessId: 4972\r\nTargetImage: C:\\windows\\system32\\conhost.exe\r\nGrantedAccess: 0x1FFFFF\r\nCallTrace: C:\\windows\\SYSTEM32\\ntdll.dll+9d784|C:\\windows\\SYSTEM32\\CSRSRV.dll+1430|C:\\windows\\SYSTEM32\\CSRSRV.dll+5fd9|C:\\windows\\SYSTEM32\\ntdll.dll+6d4df","Task":"10","RuleName":"-","UtcTime":"2020-12-19 12:00:03.819","SourceProcessGUID":"{67e11d8c-77ef-5fd2-4c14-000000000700}","SourceProcessId":"5604","SourceThreadId":"1876","SourceImage":"C:\\windows\\system32\\csrss.exe","TargetProcessGUID":"{67e11d8c-eb43-5fdd-1c97-000000000700}","TargetProcessId":"4972","TargetImage":"C:\\windows\\system32\\conhost.exe","GrantedAccess":"0x1fffff","CallTrace":"C:\\windows\\SYSTEM32\\ntdll.dll+9d784|C:\\windows\\SYSTEM32\\CSRSRV.dll+1430|C:\\windows\\SYSTEM32\\CSRSRV.dll+5fd9|C:\\windows\\SYSTEM32\\ntdll.dll+6d4df"}
{"SourceName":"Microsoft-Windows-Sysmon","ProviderGuid":"{5770385f-c22a-43e0-bf4c-06f5698ffbd9}","Level":"4","Keywords":"0x8000000000000000","Channel":"Microsoft-Windows-Sysmon/Operational","Hostname":"WORKSTATION5.theshire.local","TimeCreated":"2020-12-19T07:00:03.838Z","@timestamp":"2020-12-19T07:00:03.838Z","EventID":7,"Message":"Image loaded:\r\nRuleName: -\r\nUtcTime: 2020-12-19 12:00:03.834\r\nProcessGuid: {67e11d8c-eb43-5fdd-1c97-000000000700}\r\nProcessId: 4972\r\nImage: C:\\Windows\\System32\\conhost.exe\r\nImageLoaded: C:\\Windows\\System32\\msvcp_win.dll\r\nFileVersion: 10.0.18362.1110 (WinBuild.160101.0800)\r\nDescription: Microsoft C Runtime Library\r\nProduct: Microsoft Windows Operating System\r\nCompany: Microsoft Corporation\r\nOriginalFileName: msvcp_win.dll\r\nHashes: SHA1=56A126B33C43CE80C5DA3319FA4FBE28F617599C,MD5=94027F5AE9D6FC3B0917C1B5BCD2D88E,SHA256=2FC246F193104FB36285360E9FB14CE10B04EDB50D9D5ECFD9FDA1F010BFCDB9,IMPHASH=7F555C87AEA488E97B6067A0419ED3B4\r\nSigned: true\r\nSignature: Microsoft Windows\r\nSignatureStatus: Valid","Task":"7","RuleName":"-","UtcTime":"2020-12-19 12:00:03.834","ProcessGuid":"{67e11d8c-eb43-5fdd-1c97-000000000700}","ProcessId":"4972","Image":"C:\\Windows\\System32\\conhost.exe","ImageLoaded":"C:\\Windows\\System32\\msvcp_win.dll","FileVersion":"10.0.18362.1110 (WinBuild.160101.0800)","Description":"Microsoft C Runtime Library","Product":"Microsoft Windows Operating System","Company":"Microsoft Corporation","OriginalFileName":"msvcp_win.dll","Hashes":"SHA1=56A126B33C43CE80C5DA3319FA4FBE28F617599C,MD5=94027F5AE9D6FC3B0917C1B5BCD2D88E,SHA256=2FC246F193104FB36285360E9FB14CE10B04EDB50D9D5ECFD9FDA1F010BFCDB9,IMPHASH=7F555C87AEA488E97B6067A0419ED3B4","Signed":"true","Signature":"Microsoft Windows","SignatureStatus":"Valid"}
{"SourceName":"Microsoft-Windows-Sysmon","ProviderGuid":"{5770385f-c22a-43e0-bf4c-06f5698ffbd9}","Level":"4","Keywords":"0x8000000000000000","Channel":"Microsoft-Windows-Sysmon/Operational","Hostname":"WORKSTATION5.theshire.local","TimeCreated":"2020-12-19T07:00:03.839Z","@timestamp":"2020-12-19T07:00:03.839Z","EventID":7,"Message":"Image loaded:\r\nRuleName: -\r\nUtcTime: 2020-12-19 12:00:03.834\r\nProcessGuid: {67e11d8c-eb43-5fdd-1c97-000000000700}\r\nProcessId: 4972\r\nImage: C:\\Windows\\System32\\conhost.exe\r\nImageLoaded: C:\\Windows\\System32\\ucrtbase.dll\r\nFileVersion: 10.0.18362.1110 (WinBuild.160101.0800)\r\nDescription: Microsoft C Runtime Library\r\nProduct: Microsoft Windows Operating System\r\nCompany: Microsoft Corporation\r\nOriginalFileName: ucrtbase.dll\r\nHashes: SHA1=D10BBE9B65C2C6F8FCA6850D0B79CBC6EF04D691,MD5=126821F73FD9FFCE6E091CF9480E1B60,SHA256=7B28F46F0A09CFD9129109A94B1C16C9C62EEF46C09113C4C585D9BF0E69B2DA,IMPHASH=5AE9A136FAFA10321F3D48251BF4F6A1\r\nSigned: true\r\nSignature: Microsoft Windows\r\nSignatureStatus: Valid","Task":"7","RuleName":"-","UtcTime":"2020-12-19 12:00:03.834","ProcessGuid":"{67e11d8c-eb43-5fdd-1c97-000000000700}","ProcessId":"4972","Image":"C:\\Windows\\System32\\conhost.exe","ImageLoaded":"C:\\Windows\\System32\\ucrtbase.dll","FileVersion":"10.0.18362.1110 (WinBuild.160101.0800)","Description":"Microsoft C Runtime Library","Product":"Microsoft Windows Operating System","Company":"Microsoft Corporation","OriginalFileName":"ucrtbase.dll","Hashes":"SHA1=D10BBE9B65C2C6F8FCA6850D0B79CBC6EF04D691,MD5=126821F73FD9FFCE6E091CF9480E1B60,SHA256=7B28F46F0A09CFD9129109A94B1C16C9C62EEF46C09113C4C585D9BF0E69B2DA,IMPHASH=5AE9A136FAFA10321F3D48251BF4F6A1","Signed":"true","Signature":"Microsoft Windows","SignatureStatus":"Valid"}
{"SourceName":"Microsoft-Windows-Sysmon","ProviderGuid":"{5770385f-c22a-43e0-bf4c-06f5698ffbd9}","Level":"4","Keywords":"0x8000000000000000","Channel":"Microsoft-Windows-Sysmon/Operational","Hostname":"WORKSTATION5.theshire.local","TimeCreated":"2020-12-19T07:00:03.839Z","@timestamp":"2020-12-19T07:00:03.839Z","EventID":7,"Message":"Image loaded:\r\nRuleName: -\r\nUtcTime: 2020-12-19 12:00:03.834\r\nProcessGuid: {67e11d8c-eb43-5fdd-1c97-000000000700}\r\nProcessId: 4972\r\nImage: C:\\Windows\\System32\\conhost.exe\r\nImageLoaded: C:\\Windows\\System32\\SHCore.dll\r\nFileVersion: 10.0.18362.1237 (WinBuild.160101.0800)\r\nDescription: SHCORE\r\nProduct: Microsoft Windows Operating System\r\nCompany: Microsoft Corporation\r\nOriginalFileName: SHCORE.dll\r\nHashes: SHA1=370FDCB6FFA4BA083D604D5DA8964E03EF2426BF,MD5=599BEFE22ED44B01CB501EF581967937,SHA256=2F729ADA32304BDED0E3E607C062C32EA555BC68B8E6CBC52840C16AB9351B44,IMPHASH=0E48D88DA5B1AEFE29036ECDE5B34E8D\r\nSigned: true\r\nSignature: Microsoft Windows\r\nSignatureStatus: Valid","Task":"7","RuleName":"-","UtcTime":"2020-12-19 12:00:03.834","ProcessGuid":"{67e11d8c-eb43-5fdd-1c97-000000000700}","ProcessId":"4972","Image":"C:\\Windows\\System32\\conhost.exe","ImageLoaded":"C:\\Windows\\System32\\SHCore.dll","FileVersion":"10.0.18362.1237 (WinBuild.160101.0800)","Description":"SHCORE","Product":"Microsoft Windows Operating System","Company":"Microsoft Corporation","OriginalFileName":"SHCORE.dll","Hashes":"SHA1=370FDCB6FFA4BA083D604D5DA8964E03EF2426BF,MD5=599BEFE22ED44B01CB501EF581967937,SHA256=2F729ADA32304BDED0E3E607C062C32EA555BC68B8E6CBC52840C16AB9351B44,IMPHASH=0E48D88DA5B1AEFE29036ECDE5B34E8D","Signed":"true","Signature":"Microsoft Windows","SignatureStatus":"Valid"}
{"SourceName":"Microsoft-Windows-Sysmon","ProviderGuid":"{5770385f-c22a-43e0-bf4c-06f5698ffbd9}","Level":"4","Keywords":"0x8000000000000000","Channel":"Microsoft-Windows-Sysmon/Operational","Hostname":"WORKSTATION5.theshire.local","TimeCreated":"2020-12-19T07:00:03.840Z","@timestamp":"2020-12-19T07:00:03.840Z","EventID":7,"Message":"Image loaded:\r\nRuleName: -\r\nUtcTime: 2020-12-19 12:00:03.834\r\nProcessGuid: {67e11d8c-eb43-5fdd-1c97-000000000700}\r\nProcessId: 4972\r\nImage: C:\\Windows\\System32\\conhost.exe\r\nImageLoaded: C:\\Windows\\System32\\msvcrt.dll\r\nFileVersion: 7.0.18362.1 (WinBuild.160101.0800)\r\nDescription: Windows NT CRT DLL\r\nProduct: Microsoft Windows Operating System\r\nCompany: Microsoft Corporation\r\nOriginalFileName: msvcrt.dll\r\nHashes: SHA1=0EA4B3CFB14E49CEC0D42FF0F1FA989E69647A8F,MD5=36354D9B5B0A58A4B9A19103852C00A2,SHA256=E5A863D3F4BFEFED7D73A7B1499F81B7235BC9AE3C108065041BCB8E5446B1BB,IMPHASH=1273683626EBBA703979F188A1E64237\r\nSigned: true\r\nSignature: Microsoft Windows\r\nSignatureStatus: Valid","Task":"7","RuleName":"-","UtcTime":"2020-12-19 12:00:03.834","ProcessGuid":"{67e11d8c-eb43-5fdd-1c97-000000000700}","ProcessId":"4972","Image":"C:\\Windows\\System32\\conhost.exe","ImageLoaded":"C:\\Windows\\System32\\msvcrt.dll","FileVersion":"7.0.18362.1 (WinBuild.160101.0800)","Description":"Windows NT CRT DLL","Product":"Microsoft Windows Operating System","Company":"Microsoft Corporation","OriginalFileName":"msvcrt.dll","Hashes":"SHA1=0EA4B3CFB14E49CEC0D42FF0F1FA989E69647A8F,MD5=36354D9B5B0A58A4B9A19103852C00A2,SHA256=E5A863D3F4BFEFED7D73A7B1499F81B7235BC9AE3C108065041BCB8E5446B1BB,IMPHASH=1273683626EBBA703979F188A1E64237","Signed":"true","Signature":"Microsoft Windows","SignatureStatus":"Valid"}
{"SourceName":"Microsoft-Windows-Sysmon","ProviderGuid":"{5770385f-c22a-43e0-bf4c-06f5698ffbd9}","Level":"4","Keywords":"0x8000000000000000","Channel":"Microsoft-Windows-Sysmon/Operational","Hostname":"WORKSTATION5.theshire.local","TimeCreated":"2020-12-19T07:00:03.840Z","@timestamp":"2020-12-19T07:00:03.840Z","EventID":7,"Message":"Image loaded:\r\nRuleName: -\r\nUtcTime: 2020-12-19 12:00:03.834\r\nProcessGuid: {67e11d8c-eb43-5fdd-1c97-000000000700}\r\nProcessId: 4972\r\nImage: C:\\Windows\\System32\\conhost.exe\r\nImageLoaded: C:\\Windows\\System32\\rpcrt4.dll\r\nFileVersion: 10.0.18362.1237 (WinBuild.160101.0800)\r\nDescription: Remote Procedure Call Runtime\r\nProduct: Microsoft Windows Operating System\r\nCompany: Microsoft Corporation\r\nOriginalFileName: rpcrt4.dll\r\nHashes: SHA1=D4F9E2CA0E2151D9186D2C8116AF2B40441829F3,MD5=50D8C477A6F7511EE5C3B46B59F9F925,SHA256=7C079DEFDF8C41B5EB4D7883603944BF45D6D04F981BF39EDF1D624AC51B90AD,IMPHASH=88E7E7C7FA90052EC162DD37F2B7C7BD\r\nSigned: true\r\nSignature: Microsoft Windows\r\nSignatureStatus: Valid","Task":"7","RuleName":"-","UtcTime":"2020-12-19 12:00:03.834","ProcessGuid":"{67e11d8c-eb43-5fdd-1c97-000000000700}","ProcessId":"4972","Image":"C:\\Windows\\System32\\conhost.exe","ImageLoaded":"C:\\Windows\\System32\\rpcrt4.dll","FileVersion":"10.0.18362.1237 (WinBuild.160101.0800)","Description":"Remote Procedure Call Runtime","Product":"Microsoft Windows Operating System","Company":"Microsoft Corporation","OriginalFileName":"rpcrt4.dll","Hashes":"SHA1=D4F9E2CA0E2151D9186D2C8116AF2B40441829F3,MD5=50D8C477A6F7511EE5C3B46B59F9F925,SHA256=7C079DEFDF8C41B5EB4D7883603944BF45D6D04F981BF39EDF1D624AC51B90AD,IMPHASH=88E7E7C7FA90052EC162DD37F2B7C7BD","Signed":"true","Signature":"Microsoft Windows","SignatureStatus":"Valid"}
{"SourceName":"Microsoft-Windows-Sysmon","ProviderGuid":"{5770385f-c22a-43e0-bf4c-06f5698ffbd9}","Level":"4","Keywords":"0x8000000000000000","Channel":"Microsoft-Windows-Sysmon/Operational","Hostname":"WORKSTATION5.theshire.local","TimeCreated":"2020-12-19T07:00:03.840Z","@timestamp":"2020-12-19T07:00:03.840Z","EventID":7,"Message":"Image loaded:\r\nRuleName: -\r\nUtcTime: 2020-12-19 12:00:03.834\r\nProcessGuid: {67e11d8c-eb43-5fdd-1c97-000000000700}\r\nProcessId: 4972\r\nImage: C:\\Windows\\System32\\conhost.exe\r\nImageLoaded: C:\\Windows\\System32\\combase.dll\r\nFileVersion: 10.0.18362.1237 (WinBuild.160101.0800)\r\nDescription: Microsoft COM for Windows\r\nProduct: Microsoft Windows Operating System\r\nCompany: Microsoft Corporation\r\nOriginalFileName: COMBASE.DLL\r\nHashes: SHA1=7625B2C72600FF888C7A3336419BB044C36752A5,MD5=539D1E01F0F05A761F9CEB0E73B6B2F6,SHA256=06F66535EAC81D471CF93F94B2BA05C71CB6215F9CD74FE9D786EF460B3FD696,IMPHASH=AB7CE8EA429123317DC63A4C1C782C8D\r\nSigned: true\r\nSignature: Microsoft Windows\r\nSignatureStatus: Valid","Task":"7","RuleName":"-","UtcTime":"2020-12-19 12:00:03.834","ProcessGuid":"{67e11d8c-eb43-5fdd-1c97-000000000700}","ProcessId":"4972","Image":"C:\\Windows\\System32\\conhost.exe","ImageLoaded":"C:\\Windows\\System32\\combase.dll","FileVersion":"10.0.18362.1237 (WinBuild.160101.0800)","Description":"Microsoft COM for Windows","Product":"Microsoft Windows Operating System","Company":"Microsoft Corporation","OriginalFileName":"COMBASE.DLL","Hashes":"SHA1=7625B2C72600FF888C7A3336419BB044C36752A5,MD5=539D1E01F0F05A761F9CEB0E73B6B2F6,SHA256=06F66535EAC81D471CF93F94B2BA05C71CB6215F9CD74FE9D786EF460B3FD696,IMPHASH=AB7CE8EA429123317DC63A4C1C782C8D","Signed":"true","Signature":"Microsoft Windows","SignatureStatus":"Valid"}
{"SourceName":"Microsoft-Windows-Sysmon","ProviderGuid":"{5770385f-c22a-43e0-bf4c-06f5698ffbd9}","Level":"4","Keywords":"0x8000000000000000","Channel":"Microsoft-Windows-Sysmon/Operational","Hostname":"WORKSTATION5.theshire.local","TimeCreated":"2020-12-19T07:00:03.841Z","@timestamp":"2020-12-19T07:00:03.841Z","EventID":7,"Message":"Image loaded:\r\nRuleName: -\r\nUtcTime: 2020-12-19 12:00:03.834\r\nProcessGuid: {67e11d8c-eb43-5fdd-1c97-000000000700}\r\nProcessId: 4972\r\nImage: C:\\Windows\\System32\\conhost.exe\r\nImageLoaded: C:\\Windows\\System32\\bcryptprimitives.dll\r\nFileVersion: 10.0.18362.1237 (WinBuild.160101.0800)\r\nDescription: Windows Cryptographic Primitives Library\r\nProduct: Microsoft Windows Operating System\r\nCompany: Microsoft Corporation\r\nOriginalFileName: bcryptprimitives.dll\r\nHashes: SHA1=9EF590B826FD65FD7F6B348604E29873AFE24353,MD5=CFA9891644C90A7739814212C28E9071,SHA256=9DADBB2C0AE4D8DBC3E855F35DF29FA40C0FEC8ABE3B15DAD2F789671A44792C,IMPHASH=496E42068C9391511CF6EE7C54F73A9B\r\nSigned: true\r\nSignature: Microsoft Windows\r\nSignatureStatus: Valid","Task":"7","RuleName":"-","UtcTime":"2020-12-19 12:00:03.834","ProcessGuid":"{67e11d8c-eb43-5fdd-1c97-000000000700}","ProcessId":"4972","Image":"C:\\Windows\\System32\\conhost.exe","ImageLoaded":"C:\\Windows\\System32\\bcryptprimitives.dll","FileVersion":"10.0.18362.1237 (WinBuild.160101.0800)","Description":"Windows Cryptographic Primitives Library","Product":"Microsoft Windows Operating System","Company":"Microsoft Corporation","OriginalFileName":"bcryptprimitives.dll","Hashes":"SHA1=9EF590B826FD65FD7F6B348604E29873AFE24353,MD5=CFA9891644C90A7739814212C28E9071,SHA256=9DADBB2C0AE4D8DBC3E855F35DF29FA40C0FEC8ABE3B15DAD2F789671A44792C,IMPHASH=496E42068C9391511CF6EE7C54F73A9B","Signed":"true","Signature":"Microsoft Windows","SignatureStatus":"Valid"}
{"SourceName":"Microsoft-Windows-Sysmon","ProviderGuid":"{5770385f-c22a-43e0-bf4c-06f5698ffbd9}","Level":"4","Keywords":"0x8000000000000000","Channel":"Microsoft-Windows-Sysmon/Operational","Hostname":"WORKSTATION5.theshire.local","TimeCreated":"2020-12-19T07:00:03.841Z","@timestamp":"2020-12-19T07:00:03.841Z","EventID":7,"Message":"Image loaded:\r\nRuleName: -\r\nUtcTime: 2020-12-19 12:00:03.834\r\nProcessGuid: {67e11d8c-eb43-5fdd-1c97-000000000700}\r\nProcessId: 4972\r\nImage: C:\\Windows\\System32\\conhost.exe\r\nImageLoaded: C:\\Windows\\System32\\advapi32.dll\r\nFileVersion: 10.0.18362.752 (WinBuild.160101.0800)\r\nDescription: Advanced Windows 32 Base API\r\nProduct: Microsoft Windows Operating System\r\nCompany: Microsoft Corporation\r\nOriginalFileName: advapi32.dll\r\nHashes: SHA1=35C61DDE6F8F4ED05F9C4837E2B91C886CA79F82,MD5=EA4F6E7961B4A402F6F5EC33C655260A,SHA256=5E2D103E7E1FD7CA0492E541F082D274EF6259AF2158A3562986C796C5C869DD,IMPHASH=8EEA175C33205685FB8A14876D7564DB\r\nSigned: true\r\nSignature: Microsoft Windows\r\nSignatureStatus: Valid","Task":"7","RuleName":"-","UtcTime":"2020-12-19 12:00:03.834","ProcessGuid":"{67e11d8c-eb43-5fdd-1c97-000000000700}","ProcessId":"4972","Image":"C:\\Windows\\System32\\conhost.exe","ImageLoaded":"C:\\Windows\\System32\\advapi32.dll","FileVersion":"10.0.18362.752 (WinBuild.160101.0800)","Description":"Advanced Windows 32 Base API","Product":"Microsoft Windows Operating System","Company":"Microsoft Corporation","OriginalFileName":"advapi32.dll","Hashes":"SHA1=35C61DDE6F8F4ED05F9C4837E2B91C886CA79F82,MD5=EA4F6E7961B4A402F6F5EC33C655260A,SHA256=5E2D103E7E1FD7CA0492E541F082D274EF6259AF2158A3562986C796C5C869DD,IMPHASH=8EEA175C33205685FB8A14876D7564DB","Signed":"true","Signature":"Microsoft Windows","SignatureStatus":"Valid"}
{"SourceName":"Microsoft-Windows-Sysmon","ProviderGuid":"{5770385f-c22a-43e0-bf4c-06f5698ffbd9}","Level":"4","Keywords":"0x8000000000000000","Channel":"Microsoft-Windows-Sysmon/Operational","Hostname":"WORKSTATION5.theshire.local","TimeCreated":"2020-12-19T07:00:03.846Z","@timestamp":"2020-12-19T07:00:03.846Z","EventID":7,"Message":"Image loaded:\r\nRuleName: -\r\nUtcTime: 2020-12-19 12:00:03.834\r\nProcessGuid: {67e11d8c-eb43-5fdd-1c97-000000000700}\r\nProcessId: 4972\r\nImage: C:\\Windows\\System32\\conhost.exe\r\nImageLoaded: C:\\Windows\\System32\\sechost.dll\r\nFileVersion: 10.0.18362.1237 (WinBuild.160101.0800)\r\nDescription: Host for SCM/SDDL/LSA Lookup APIs\r\nProduct: Microsoft Windows Operating System\r\nCompany: Microsoft Corporation\r\nOriginalFileName: sechost.dll\r\nHashes: SHA1=807822C660891BE08CFFC46A6493A08B85A2356E,MD5=63EC2607385A119D37685E2DB60B6B42,SHA256=F9EF14D94A8E61FA0E092D69832814D55C6E1CFA3C303725F8EEAC6071D6620F,IMPHASH=CE4BD072766253F6A267D0284CA82002\r\nSigned: true\r\nSignature: Microsoft Windows\r\nSignatureStatus: Valid","Task":"7","RuleName":"-","UtcTime":"2020-12-19 12:00:03.834","ProcessGuid":"{67e11d8c-eb43-5fdd-1c97-000000000700}","ProcessId":"4972","Image":"C:\\Windows\\System32\\conhost.exe","ImageLoaded":"C:\\Windows\\System32\\sechost.dll","FileVersion":"10.0.18362.1237 (WinBuild.160101.0800)","Description":"Host for SCM/SDDL/LSA Lookup APIs","Product":"Microsoft Windows Operating System","Company":"Microsoft Corporation","OriginalFileName":"sechost.dll","Hashes":"SHA1=807822C660891BE08CFFC46A6493A08B85A2356E,MD5=63EC2607385A119D37685E2DB60B6B42,SHA256=F9EF14D94A8E61FA0E092D69832814D55C6E1CFA3C303725F8EEAC6071D6620F,IMPHASH=CE4BD072766253F6A267D0284CA82002","Signed":"true","Signature":"Microsoft Windows","SignatureStatus":"Valid"}
{"SourceName":"Microsoft-Windows-Sysmon","ProviderGuid":"{5770385f-c22a-43e0-bf4c-06f5698ffbd9}","Level":"4","Keywords":"0x8000000000000000","Channel":"Microsoft-Windows-Sysmon/Operational","Hostname":"WORKSTATION5.theshire.local","TimeCreated":"2020-12-19T07:00:03.846Z","@timestamp":"2020-12-19T07:00:03.846Z","EventID":10,"Message":"Process accessed:\r\nRuleName: -\r\nUtcTime: 2020-12-19 12:00:03.834\r\nSourceProcessGUID: {67e11d8c-eb43-5fdd-1c97-000000000700}\r\nSourceProcessId: 4972\r\nSourceThreadId: 6936\r\nSourceImage: C:\\windows\\system32\\conhost.exe\r\nTargetProcessGUID: {67e11d8c-eb43-5fdd-1b97-000000000700}\r\nTargetProcessId: 6328\r\nTargetImage: C:\\Program Files\\Wireshark\\dumpcap.exe\r\nGrantedAccess: 0x1FFFFF\r\nCallTrace: C:\\windows\\SYSTEM32\\ntdll.dll+9cbb4|C:\\windows\\System32\\KERNELBASE.dll+305fe|C:\\windows\\system32\\conhost.exe+1260d|C:\\windows\\system32\\conhost.exe+12505|C:\\windows\\system32\\conhost.exe+895c|C:\\windows\\system32\\conhost.exe+f2e6|C:\\windows\\System32\\KERNEL32.DLL+17c24|C:\\windows\\SYSTEM32\\ntdll.dll+6d4d1","Task":"10","RuleName":"-","UtcTime":"2020-12-19 12:00:03.834","SourceProcessGUID":"{67e11d8c-eb43-5fdd-1c97-000000000700}","SourceProcessId":"4972","SourceThreadId":"6936","SourceImage":"C:\\windows\\system32\\conhost.exe","TargetProcessGUID":"{67e11d8c-eb43-5fdd-1b97-000000000700}","TargetProcessId":"6328","TargetImage":"C:\\Program Files\\Wireshark\\dumpcap.exe","GrantedAccess":"0x1fffff","CallTrace":"C:\\windows\\SYSTEM32\\ntdll.dll+9cbb4|C:\\windows\\System32\\KERNELBASE.dll+305fe|C:\\windows\\system32\\conhost.exe+1260d|C:\\windows\\system32\\conhost.exe+12505|C:\\windows\\system32\\conhost.exe+895c|C:\\windows\\system32\\conhost.exe+f2e6|C:\\windows\\System32\\KERNEL32.DLL+17c24|C:\\windows\\SYSTEM32\\ntdll.dll+6d4d1"}
{"SourceName":"Microsoft-Windows-Sysmon","ProviderGuid":"{5770385f-c22a-43e0-bf4c-06f5698ffbd9}","Level":"4","Keywords":"0x8000000000000000","Channel":"Microsoft-Windows-Sysmon/Operational","Hostname":"WORKSTATION5.theshire.local","TimeCreated":"2020-12-19T07:00:03.846Z","@timestamp":"2020-12-19T07:00:03.846Z","EventID":7,"Message":"Image loaded:\r\nRuleName: -\r\nUtcTime: 2020-12-19 12:00:03.834\r\nProcessGuid: {67e11d8c-eb43-5fdd-1c97-000000000700}\r\nProcessId: 4972\r\nImage: C:\\Windows\\System32\\conhost.exe\r\nImageLoaded: C:\\Windows\\System32\\user32.dll\r\nFileVersion: 10.0.18362.1256 (WinBuild.160101.0800)\r\nDescription: Multi-User Windows USER API Client DLL\r\nProduct: Microsoft Windows Operating System\r\nCompany: Microsoft Corporation\r\nOriginalFileName: user32\r\nHashes: SHA1=FD2541E3DFDE3674CDD9A070D1DB2A8DB43645A5,MD5=F14C97D2A8249A737A7F1CB7104656B6,SHA256=6DC141500883977D9D7236DE1415BF0975850FA435DB32426B261E22D6BDE1DC,IMPHASH=70F6F0466DB32D0AA9E18434AE996907\r\nSigned: true\r\nSignature: Microsoft Windows\r\nSignatureStatus: Valid","Task":"7","RuleName":"-","UtcTime":"2020-12-19 12:00:03.834","ProcessGuid":"{67e11d8c-eb43-5fdd-1c97-000000000700}","ProcessId":"4972","Image":"C:\\Windows\\System32\\conhost.exe","ImageLoaded":"C:\\Windows\\System32\\user32.dll","FileVersion":"10.0.18362.1256 (WinBuild.160101.0800)","Description":"Multi-User Windows USER API Client DLL","Product":"Microsoft Windows Operating System","Company":"Microsoft Corporation","OriginalFileName":"user32","Hashes":"SHA1=FD2541E3DFDE3674CDD9A070D1DB2A8DB43645A5,MD5=F14C97D2A8249A737A7F1CB7104656B6,SHA256=6DC141500883977D9D7236DE1415BF0975850FA435DB32426B261E22D6BDE1DC,IMPHASH=70F6F0466DB32D0AA9E18434AE996907","Signed":"true","Signature":"Microsoft Windows","SignatureStatus":"Valid"}
{"SourceName":"Microsoft-Windows-Sysmon","ProviderGuid":"{5770385f-c22a-43e0-bf4c-06f5698ffbd9}","Level":"4","Keywords":"0x8000000000000000","Channel":"Microsoft-Windows-Sysmon/Operational","Hostname":"WORKSTATION5.theshire.local","TimeCreated":"2020-12-19T07:00:03.847Z","@timestamp":"2020-12-19T07:00:03.847Z","EventID":7,"Message":"Image loaded:\r\nRuleName: -\r\nUtcTime: 2020-12-19 12:00:03.834\r\nProcessGuid: {67e11d8c-eb43-5fdd-1c97-000000000700}\r\nProcessId: 4972\r\nImage: C:\\Windows\\System32\\conhost.exe\r\nImageLoaded: C:\\Windows\\System32\\win32u.dll\r\nFileVersion: 10.0.18362.1237 (WinBuild.160101.0800)\r\nDescription: Win32u\r\nProduct: Microsoft Windows Operating System\r\nCompany: Microsoft Corporation\r\nOriginalFileName: Win32u.DLL\r\nHashes: SHA1=8713D184A16E1902E48FF31C5A0B066466B30EF2,MD5=7A0C7430D02B370EAF1ED17D791B8B89,SHA256=E34BE81E53E4EFDAA65B4B4CF919EB1D4E35F4C240D4A59F98384221C852B8B1,IMPHASH=00000000000000000000000000000000\r\nSigned: true\r\nSignature: Microsoft Windows\r\nSignatureStatus: Valid","Task":"7","RuleName":"-","UtcTime":"2020-12-19 12:00:03.834","ProcessGuid":"{67e11d8c-eb43-5fdd-1c97-000000000700}","ProcessId":"4972","Image":"C:\\Windows\\System32\\conhost.exe","ImageLoaded":"C:\\Windows\\System32\\win32u.dll","FileVersion":"10.0.18362.1237 (WinBuild.160101.0800)","Description":"Win32u","Product":"Microsoft Windows Operating System","Company":"Microsoft Corporation","OriginalFileName":"Win32u.DLL","Hashes":"SHA1=8713D184A16E1902E48FF31C5A0B066466B30EF2,MD5=7A0C7430D02B370EAF1ED17D791B8B89,SHA256=E34BE81E53E4EFDAA65B4B4CF919EB1D4E35F4C240D4A59F98384221C852B8B1,IMPHASH=00000000000000000000000000000000","Signed":"true","Signature":"Microsoft Windows","SignatureStatus":"Valid"}
{"SourceName":"Microsoft-Windows-Sysmon","ProviderGuid":"{5770385f-c22a-43e0-bf4c-06f5698ffbd9}","Level":"4","Keywords":"0x8000000000000000","Channel":"Microsoft-Windows-Sysmon/Operational","Hostname":"WORKSTATION5.theshire.local","TimeCreated":"2020-12-19T07:00:03.847Z","@timestamp":"2020-12-19T07:00:03.847Z","EventID":7,"Message":"Image loaded:\r\nRuleName: -\r\nUtcTime: 2020-12-19 12:00:03.834\r\nProcessGuid: {67e11d8c-eb43-5fdd-1c97-000000000700}\r\nProcessId: 4972\r\nImage: C:\\Windows\\System32\\conhost.exe\r\nImageLoaded: C:\\Windows\\System32\\gdi32.dll\r\nFileVersion: 10.0.18362.1256 (WinBuild.160101.0800)\r\nDescription: GDI Client DLL\r\nProduct: Microsoft Windows Operating System\r\nCompany: Microsoft Corporation\r\nOriginalFileName: gdi32\r\nHashes: SHA1=25F017FA9C2FC7CE2FD734F92BABEE16BF894817,MD5=3A24606E6C4E42E9DFD60A437006FE3E,SHA256=3D897611F3EC1B10BC3CB77D7BE362B52CFB459DAD0FCA05C33866CF59661345,IMPHASH=C5F30E6A06AB646153863B68366FE58A\r\nSigned: true\r\nSignature: Microsoft Windows\r\nSignatureStatus: Valid","Task":"7","RuleName":"-","UtcTime":"2020-12-19 12:00:03.834","ProcessGuid":"{67e11d8c-eb43-5fdd-1c97-000000000700}","ProcessId":"4972","Image":"C:\\Windows\\System32\\conhost.exe","ImageLoaded":"C:\\Windows\\System32\\gdi32.dll","FileVersion":"10.0.18362.1256 (WinBuild.160101.0800)","Description":"GDI Client DLL","Product":"Microsoft Windows Operating System","Company":"Microsoft Corporation","OriginalFileName":"gdi32","Hashes":"SHA1=25F017FA9C2FC7CE2FD734F92BABEE16BF894817,MD5=3A24606E6C4E42E9DFD60A437006FE3E,SHA256=3D897611F3EC1B10BC3CB77D7BE362B52CFB459DAD0FCA05C33866CF59661345,IMPHASH=C5F30E6A06AB646153863B68366FE58A","Signed":"true","Signature":"Microsoft Windows","SignatureStatus":"Valid"}
{"SourceName":"Microsoft-Windows-Sysmon","ProviderGuid":"{5770385f-c22a-43e0-bf4c-06f5698ffbd9}","Level":"4","Keywords":"0x8000000000000000","Channel":"Microsoft-Windows-Sysmon/Operational","Hostname":"WORKSTATION5.theshire.local","TimeCreated":"2020-12-19T07:00:03.848Z","@timestamp":"2020-12-19T07:00:03.848Z","EventID":7,"Message":"Image loaded:\r\nRuleName: -\r\nUtcTime: 2020-12-19 12:00:03.834\r\nProcessGuid: {67e11d8c-eb43-5fdd-1c97-000000000700}\r\nProcessId: 4972\r\nImage: C:\\Windows\\System32\\conhost.exe\r\nImageLoaded: C:\\Windows\\System32\\gdi32full.dll\r\nFileVersion: 10.0.18362.1256 (WinBuild.160101.0800)\r\nDescription: GDI Client DLL\r\nProduct: Microsoft Windows Operating System\r\nCompany: Microsoft Corporation\r\nOriginalFileName: gdi32\r\nHashes: SHA1=E8216CC1B5E7C386F1B2B8E1B45FC26F0E0CE094,MD5=0CF7FD50436273B6B61786E62EDD5DC7,SHA256=E37FE49A0B1AC4B557937463C046C3299D2E7667301FABA14F1883F8D79179C3,IMPHASH=4D32F6E2211CD04CA28C2CD4FAC607E8\r\nSigned: true\r\nSignature: Microsoft Windows\r\nSignatureStatus: Valid","Task":"7","RuleName":"-","UtcTime":"2020-12-19 12:00:03.834","ProcessGuid":"{67e11d8c-eb43-5fdd-1c97-000000000700}","ProcessId":"4972","Image":"C:\\Windows\\System32\\conhost.exe","ImageLoaded":"C:\\Windows\\System32\\gdi32full.dll","FileVersion":"10.0.18362.1256 (WinBuild.160101.0800)","Description":"GDI Client DLL","Product":"Microsoft Windows Operating System","Company":"Microsoft Corporation","OriginalFileName":"gdi32","Hashes":"SHA1=E8216CC1B5E7C386F1B2B8E1B45FC26F0E0CE094,MD5=0CF7FD50436273B6B61786E62EDD5DC7,SHA256=E37FE49A0B1AC4B557937463C046C3299D2E7667301FABA14F1883F8D79179C3,IMPHASH=4D32F6E2211CD04CA28C2CD4FAC607E8","Signed":"true","Signature":"Microsoft Windows","SignatureStatus":"Valid"}
{"SourceName":"Microsoft-Windows-Sysmon","ProviderGuid":"{5770385f-c22a-43e0-bf4c-06f5698ffbd9}","Level":"4","Keywords":"0x8000000000000000","Channel":"Microsoft-Windows-Sysmon/Operational","Hostname":"WORKSTATION5.theshire.local","TimeCreated":"2020-12-19T07:00:03.849Z","@timestamp":"2020-12-19T07:00:03.849Z","EventID":7,"Message":"Image loaded:\r\nRuleName: -\r\nUtcTime: 2020-12-19 12:00:03.834\r\nProcessGuid: {67e11d8c-eb43-5fdd-1c97-000000000700}\r\nProcessId: 4972\r\nImage: C:\\Windows\\System32\\conhost.exe\r\nImageLoaded: C:\\Windows\\System32\\imm32.dll\r\nFileVersion: 10.0.18362.387 (WinBuild.160101.0800)\r\nDescription: Multi-User Windows IMM32 API Client DLL\r\nProduct: Microsoft Windows Operating System\r\nCompany: Microsoft Corporation\r\nOriginalFileName: imm32\r\nHashes: SHA1=76BB2AB8D3CB6DB6D23F4771334C9AA9C231B03A,MD5=025CC332EDC4B1A38290F3E36BCEF4FB,SHA256=0FE3C1C575EA1B0257B2EB12527EC35E3004CD88EA5BAEC7095386A9F9EB70AD,IMPHASH=24F54B6761C10BA12481CF6C780605BF\r\nSigned: true\r\nSignature: Microsoft Windows\r\nSignatureStatus: Valid","Task":"7","RuleName":"-","UtcTime":"2020-12-19 12:00:03.834","ProcessGuid":"{67e11d8c-eb43-5fdd-1c97-000000000700}","ProcessId":"4972","Image":"C:\\Windows\\System32\\conhost.exe","ImageLoaded":"C:\\Windows\\System32\\imm32.dll","FileVersion":"10.0.18362.387 (WinBuild.160101.0800)","Description":"Multi-User Windows IMM32 API Client DLL","Product":"Microsoft Windows Operating System","Company":"Microsoft Corporation","OriginalFileName":"imm32","Hashes":"SHA1=76BB2AB8D3CB6DB6D23F4771334C9AA9C231B03A,MD5=025CC332EDC4B1A38290F3E36BCEF4FB,SHA256=0FE3C1C575EA1B0257B2EB12527EC35E3004CD88EA5BAEC7095386A9F9EB70AD,IMPHASH=24F54B6761C10BA12481CF6C780605BF","Signed":"true","Signature":"Microsoft Windows","SignatureStatus":"Valid"}
