{"SourceName":"Microsoft-Windows-Security-Auditing","ProviderGuid":"{54849625-5478-4994-a5ba-3e3b0328c30d}","Level":"0","Keywords":"0x8020000000000000","Channel":"Security","Hostname":"WORKSTATION6.theshire.local","TimeCreated":"2020-12-19T06:59:47.461Z","@timestamp":"2020-12-19T06:59:47.461Z","EventID":5156,"Message":"The Windows Filtering Platform has permitted a connection.\r\n\r\nApplication Information:\r\n\tProcess ID:\t\t3360\r\n\tApplication Name:\t\\device\\harddiskvolume2\\windowsazure\\guestagent_2.7.41491.1005_2020-11-30_095009\\guestagent\\windowsazureguestagent.exe\r\n\r\nNetwork Information:\r\n\tDirection:\t\tOutbound\r\n\tSource Address:\t\t172.18.39.6\r\n\tSource Port:\t\t53603\r\n\tDestination Address:\t168.63.129.16\r\n\tDestination Port:\t\t80\r\n\tProtocol:\t\t6\r\n\r\nFilter Information:\r\n\tFilter Run-Time ID:\t79556\r\n\tLayer Name:\t\tConnect\r\n\tLayer Run-Time ID:\t48","Task":"12810","ProcessID":"3360","Application":"\\device\\harddiskvolume2\\windowsazure\\guestagent_2.7.41491.1005_2020-11-30_095009\\guestagent\\windowsazureguestagent.exe","Direction":"%%14593","SourceAddress":"172.18.39.6","SourcePort":"53603","DestAddress":"168.63.129.16","DestPort":"80","Protocol":"6","FilterRTID":"79556","LayerName":"%%14611","LayerRTID":"48","RemoteUserID":"S-1-0-0","RemoteMachineID":"S-1-0-0"}
{"SourceName":"Microsoft-Windows-Security-Auditing","ProviderGuid":"{54849625-5478-4994-a5ba-3e3b0328c30d}","Level":"0","Keywords":"0x8020000000000000","Channel":"Security","Hostname":"WORKSTATION6.theshire.local","TimeCreated":"2020-12-19T06:59:47.524Z","@timestamp":"2020-12-19T06:59:47.524Z","EventID":5158,"Message":"The Windows Filtering Platform has permitted a bind to a local port.\r\n\r\nApplication Information:\r\n\tProcess ID:\t\t3232\r\n\tApplication Name:\t\\device\\harddiskvolume2\\windowsazure\\guestagent_2.7.41491.1005_2020-11-30_095009\\waappagent.exe\r\n\r\nNetwork Information:\r\n\tSource Address:\t\t0.0.0.0\r\n\tSource Port:\t\t53604\r\n\tProtocol:\t\t6\r\n\r\nFilter Information:\r\n\tFilter Run-Time ID:\t0\r\n\tLayer Name:\t\tResource Assignment\r\n\tLayer Run-Time ID:\t36","Task":"12810","ProcessId":"3232","Application":"\\device\\harddiskvolume2\\windowsazure\\guestagent_2.7.41491.1005_2020-11-30_095009\\waappagent.exe","SourceAddress":"0.0.0.0","SourcePort":"53604","Protocol":"6","FilterRTID":"0","LayerName":"%%14608","LayerRTID":"36"}
{"SourceName":"Microsoft-Windows-Security-Auditing","ProviderGuid":"{54849625-5478-4994-a5ba-3e3b0328c30d}","Level":"0","Keywords":"0x8020000000000000","Channel":"Security","Hostname":"WORKSTATION6.theshire.local","TimeCreated":"2020-12-19T06:59:47.524Z","@timestamp":"2020-12-19T06:59:47.524Z","EventID":5156,"Message":"The Windows Filtering Platform has permitted a connection.\r\n\r\nApplication Information:\r\n\tProcess ID:\t\t3232\r\n\tApplication Name:\t\\device\\harddiskvolume2\\windowsazure\\guestagent_2.7.41491.1005_2020-11-30_095009\\waappagent.exe\r\n\r\nNetwork Information:\r\n\tDirection:\t\tOutbound\r\n\tSource Address:\t\t172.18.39.6\r\n\tSource Port:\t\t53604\r\n\tDestination Address:\t168.63.129.16\r\n\tDestination Port:\t\t80\r\n\tProtocol:\t\t6\r\n\r\nFilter Information:\r\n\tFilter Run-Time ID:\t79556\r\n\tLayer Name:\t\tConnect\r\n\tLayer Run-Time ID:\t48","Task":"12810","ProcessID":"3232","Application":"\\device\\harddiskvolume2\\windowsazure\\guestagent_2.7.41491.1005_2020-11-30_095009\\waappagent.exe","Direction":"%%14593","SourceAddress":"172.18.39.6","SourcePort":"53604","DestAddress":"168.63.129.16","DestPort":"80","Protocol":"6","FilterRTID":"79556","LayerName":"%%14611","LayerRTID":"48","RemoteUserID":"S-1-0-0","RemoteMachineID":"S-1-0-0"}
{"SourceName":"Microsoft-Windows-Security-Auditing","ProviderGuid":"{54849625-5478-4994-a5ba-3e3b0328c30d}","Level":"0","Keywords":"0x8020000000000000","Channel":"Security","Hostname":"WORKSTATION6.theshire.local","TimeCreated":"2020-12-19T07:00:02.491Z","@timestamp":"2020-12-19T07:00:02.491Z","EventID":5158,"Message":"The Windows Filtering Platform has permitted a bind to a local port.\r\n\r\nApplication Information:\r\n\tProcess ID:\t\t3360\r\n\tApplication Name:\t\\device\\harddiskvolume2\\windowsazure\\guestagent_2.7.41491.1005_2020-11-30_095009\\guestagent\\windowsazureguestagent.exe\r\n\r\nNetwork Information:\r\n\tSource Address:\t\t0.0.0.0\r\n\tSource Port:\t\t53605\r\n\tProtocol:\t\t6\r\n\r\nFilter Information:\r\n\tFilter Run-Time ID:\t0\r\n\tLayer Name:\t\tResource Assignment\r\n\tLayer Run-Time ID:\t36","Task":"12810","ProcessId":"3360","Application":"\\device\\harddiskvolume2\\windowsazure\\guestagent_2.7.41491.1005_2020-11-30_095009\\guestagent\\windowsazureguestagent.exe","SourceAddress":"0.0.0.0","SourcePort":"53605","Protocol":"6","FilterRTID":"0","LayerName":"%%14608","LayerRTID":"36"}
{"SourceName":"Microsoft-Windows-Security-Auditing","ProviderGuid":"{54849625-5478-4994-a5ba-3e3b0328c30d}","Level":"0","Keywords":"0x8020000000000000","Channel":"Security","Hostname":"WORKSTATION6.theshire.local","TimeCreated":"2020-12-19T07:00:02.491Z","@timestamp":"2020-12-19T07:00:02.491Z","EventID":5156,"Message":"The Windows Filtering Platform has permitted a connection.\r\n\r\nApplication Information:\r\n\tProcess ID:\t\t3360\r\n\tApplication Name:\t\\device\\harddiskvolume2\\windowsazure\\guestagent_2.7.41491.1005_2020-11-30_095009\\guestagent\\windowsazureguestagent.exe\r\n\r\nNetwork Information:\r\n\tDirection:\t\tOutbound\r\n\tSource Address:\t\t172.18.39.6\r\n\tSource Port:\t\t53605\r\n\tDestination Address:\t168.63.129.16\r\n\tDestination Port:\t\t80\r\n\tProtocol:\t\t6\r\n\r\nFilter Information:\r\n\tFilter Run-Time ID:\t79556\r\n\tLayer Name:\t\tConnect\r\n\tLayer Run-Time ID:\t48","Task":"12810","ProcessID":"3360","Application":"\\device\\harddiskvolume2\\windowsazure\\guestagent_2.7.41491.1005_2020-11-30_095009\\guestagent\\windowsazureguestagent.exe","Direction":"%%14593","SourceAddress":"172.18.39.6","SourcePort":"53605","DestAddress":"168.63.129.16","DestPort":"80","Protocol":"6","FilterRTID":"79556","LayerName":"%%14611","LayerRTID":"48","RemoteUserID":"S-1-0-0","RemoteMachineID":"S-1-0-0"}
{"SourceName":"Microsoft-Windows-Security-Auditing","ProviderGuid":"{54849625-5478-4994-a5ba-3e3b0328c30d}","Level":"0","Keywords":"0x8020000000000000","Channel":"Security","Hostname":"WORKSTATION6.theshire.local","TimeCreated":"2020-12-19T07:00:17.509Z","@timestamp":"2020-12-19T07:00:17.509Z","EventID":5158,"Message":"The Windows Filtering Platform has permitted a bind to a local port.\r\n\r\nApplication Information:\r\n\tProcess ID:\t\t3360\r\n\tApplication Name:\t\\device\\harddiskvolume2\\windowsazure\\guestagent_2.7.41491.1005_2020-11-30_095009\\guestagent\\windowsazureguestagent.exe\r\n\r\nNetwork Information:\r\n\tSource Address:\t\t0.0.0.0\r\n\tSource Port:\t\t53606\r\n\tProtocol:\t\t6\r\n\r\nFilter Information:\r\n\tFilter Run-Time ID:\t0\r\n\tLayer Name:\t\tResource Assignment\r\n\tLayer Run-Time ID:\t36","Task":"12810","ProcessId":"3360","Application":"\\device\\harddiskvolume2\\windowsazure\\guestagent_2.7.41491.1005_2020-11-30_095009\\guestagent\\windowsazureguestagent.exe","SourceAddress":"0.0.0.0","SourcePort":"53606","Protocol":"6","FilterRTID":"0","LayerName":"%%14608","LayerRTID":"36"}
{"SourceName":"Microsoft-Windows-Security-Auditing","ProviderGuid":"{54849625-5478-4994-a5ba-3e3b0328c30d}","Level":"0","Keywords":"0x8020000000000000","Channel":"Security","Hostname":"WORKSTATION6.theshire.local","TimeCreated":"2020-12-19T07:00:17.509Z","@timestamp":"2020-12-19T07:00:17.509Z","EventID":5156,"Message":"The Windows Filtering Platform has permitted a connection.\r\n\r\nApplication Information:\r\n\tProcess ID:\t\t3360\r\n\tApplication Name:\t\\device\\harddiskvolume2\\windowsazure\\guestagent_2.7.41491.1005_2020-11-30_095009\\guestagent\\windowsazureguestagent.exe\r\n\r\nNetwork Information:\r\n\tDirection:\t\tOutbound\r\n\tSource Address:\t\t172.18.39.6\r\n\tSource Port:\t\t53606\r\n\tDestination Address:\t168.63.129.16\r\n\tDestination Port:\t\t80\r\n\tProtocol:\t\t6\r\n\r\nFilter Information:\r\n\tFilter Run-Time ID:\t79556\r\n\tLayer Name:\t\tConnect\r\n\tLayer Run-Time ID:\t48","Task":"12810","ProcessID":"3360","Application":"\\device\\harddiskvolume2\\windowsazure\\guestagent_2.7.41491.1005_2020-11-30_095009\\guestagent\\windowsazureguestagent.exe","Direction":"%%14593","SourceAddress":"172.18.39.6","SourcePort":"53606","DestAddress":"168.63.129.16","DestPort":"80","Protocol":"6","FilterRTID":"79556","LayerName":"%%14611","LayerRTID":"48","RemoteUserID":"S-1-0-0","RemoteMachineID":"S-1-0-0"}
{"SourceName":"Microsoft-Windows-Security-Auditing","ProviderGuid":"{54849625-5478-4994-a5ba-3e3b0328c30d}","Level":"0","Keywords":"0x8020000000000000","Channel":"Security","Hostname":"WORKSTATION6.theshire.local","TimeCreated":"2020-12-19T07:00:19.401Z","@timestamp":"2020-12-19T07:00:19.401Z","EventID":4688,"Message":"A new process has been created.\r\n\r\nCreator Subject:\r\n\tSecurity ID:\t\tS-1-5-18\r\n\tAccount Name:\t\tWORKSTATION6$\r\n\tAccount Domain:\t\tTHESHIRE\r\n\tLogon ID:\t\t0x3E7\r\n\r\nTarget Subject:\r\n\tSecurity ID:\t\tS-1-0-0\r\n\tAccount Name:\t\t-\r\n\tAccount Domain:\t\t-\r\n\tLogon ID:\t\t0x0\r\n\r\nProcess Information:\r\n\tNew Process ID:\t\t0xe9c\r\n\tNew Process Name:\tC:\\Windows\\System32\\SearchProtocolHost.exe\r\n\tToken Elevation Type:\t%%1936\r\n\tMandatory Label:\t\tS-1-16-16384\r\n\tCreator Process ID:\t0x15a0\r\n\tCreator Process Name:\tC:\\Windows\\System32\\SearchIndexer.exe\r\n\tProcess Command Line:\t\"C:\\windows\\system32\\SearchProtocolHost.exe\" Global\\UsGthrFltPipeMssGthrPipe85_ Global\\UsGthrCtrlFltPipeMssGthrPipe85 1 -2147483646 \"Software\\Microsoft\\Windows Search\" \"Mozilla/4.0 (compatible; MSIE 6.0; Windows NT; MS Search 4.0 Robot)\" \"C:\\ProgramData\\Microsoft\\Search\\Data\\Temp\\usgthrsvc\" \"DownLevelDaemon\" \r\n\r\nToken Elevation Type indicates the type of token that was assigned to the new process in accordance with User Account Control policy.\r\n\r\nType 1 is a full token with no privileges removed or groups disabled.  A full token is only used if User Account Control is disabled or if the user is the built-in Administrator account or a service account.\r\n\r\nType 2 is an elevated token with no privileges removed or groups disabled.  An elevated token is used when User Account Control is enabled and the user chooses to start the program using Run as administrator.  An elevated token is also used when an application is configured to always require administrative privilege or to always require maximum privilege, and the user is a member of the Administrators group.\r\n\r\nType 3 is a limited token with administrative privileges removed and administrative groups disabled.  The limited token is used when User Account Control is enabled, the application does not require administrative privilege, and the user does not choose to start the program using Run as administrator.","Task":"13312","SubjectUserSid":"S-1-5-18","SubjectUserName":"WORKSTATION6$","SubjectDomainName":"THESHIRE","SubjectLogonId":"0x3e7","NewProcessId":"0xe9c","NewProcessName":"C:\\Windows\\System32\\SearchProtocolHost.exe","TokenElevationType":"%%1936","ProcessId":"0x15a0","CommandLine":"\"C:\\windows\\system32\\SearchProtocolHost.exe\" Global\\UsGthrFltPipeMssGthrPipe85_ Global\\UsGthrCtrlFltPipeMssGthrPipe85 1 -2147483646 \"Software\\Microsoft\\Windows Search\" \"Mozilla/4.0 (compatible; MSIE 6.0; Windows NT; MS Search 4.0 Robot)\" \"C:\\ProgramData\\Microsoft\\Search\\Data\\Temp\\usgthrsvc\" \"DownLevelDaemon\" ","TargetUserSid":"S-1-0-0","TargetUserName":"-","TargetDomainName":"-","TargetLogonId":"0x0","ParentProcessName":"C:\\Windows\\System32\\SearchIndexer.exe","MandatoryLabel":"S-1-16-16384"}
{"SourceName":"Microsoft-Windows-Security-Auditing","ProviderGuid":"{54849625-5478-4994-a5ba-3e3b0328c30d}","Level":"0","Keywords":"0x8020000000000000","Channel":"Security","Hostname":"WORKSTATION6.theshire.local","TimeCreated":"2020-12-19T07:00:19.430Z","@timestamp":"2020-12-19T07:00:19.430Z","EventID":4690,"Message":"An attempt was made to duplicate a handle to an object.\r\n\r\nSubject:\r\n\tSecurity ID:\t\tS-1-5-18\r\n\tAccount Name:\t\tWORKSTATION6$\r\n\tAccount Domain:\t\tTHESHIRE\r\n\tLogon ID:\t\t0x3E7\r\n\r\nSource Handle Information:\r\n\tSource Handle ID:\t0x84\r\n\tSource Process ID:\t0xe9c\r\n\r\nNew Handle Information:\r\n\tTarget Handle ID:\t0x42e4\r\n\tTarget Process ID:\t0x4","Task":"12807","SubjectUserSid":"S-1-5-18","SubjectUserName":"WORKSTATION6$","SubjectDomainName":"THESHIRE","SubjectLogonId":"0x3e7","SourceHandleId":"0x84","SourceProcessId":"0xe9c","TargetHandleId":"0x42e4","TargetProcessId":"0x4"}
{"SourceName":"Microsoft-Windows-Security-Auditing","ProviderGuid":"{54849625-5478-4994-a5ba-3e3b0328c30d}","Level":"0","Keywords":"0x8020000000000000","Channel":"Security","Hostname":"WORKSTATION6.theshire.local","TimeCreated":"2020-12-19T07:00:19.430Z","@timestamp":"2020-12-19T07:00:19.430Z","EventID":4658,"Message":"The handle to an object was closed.\r\n\r\nSubject :\r\n\tSecurity ID:\t\tS-1-5-18\r\n\tAccount Name:\t\tWORKSTATION6$\r\n\tAccount Domain:\t\tTHESHIRE\r\n\tLogon ID:\t\t0x3E7\r\n\r\nObject:\r\n\tObject Server:\t\tSecurity\r\n\tHandle ID:\t\t0x42e4\r\n\r\nProcess Information:\r\n\tProcess ID:\t\t0xe9c\r\n\tProcess Name:\t\tC:\\Windows\\System32\\SearchProtocolHost.exe","Task":"12801","SubjectUserSid":"S-1-5-18","SubjectUserName":"WORKSTATION6$","SubjectDomainName":"THESHIRE","SubjectLogonId":"0x3e7","ObjectServer":"Security","HandleId":"0x42e4","ProcessId":"0xe9c","ProcessName":"C:\\Windows\\System32\\SearchProtocolHost.exe"}
{"SourceName":"Microsoft-Windows-Security-Auditing","ProviderGuid":"{54849625-5478-4994-a5ba-3e3b0328c30d}","Level":"0","Keywords":"0x8020000000000000","Channel":"Security","Hostname":"WORKSTATION6.theshire.local","TimeCreated":"2020-12-19T07:00:19.430Z","@timestamp":"2020-12-19T07:00:19.430Z","EventID":4656,"Message":"A handle to an object was requested.\r\n\r\nSubject:\r\n\tSecurity ID:\t\tS-1-5-18\r\n\tAccount Name:\t\tWORKSTATION6$\r\n\tAccount Domain:\t\tTHESHIRE\r\n\tLogon ID:\t\t0x3E7\r\n\r\nObject:\r\n\tObject Server:\t\tSecurity\r\n\tObject Type:\t\tKey\r\n\tObject Name:\t\t\\REGISTRY\\MACHINE\\SYSTEM\\ControlSet001\\Control\\Lsa\r\n\tHandle ID:\t\t0x84\r\n\tResource Attributes:\t-\r\n\r\nProcess Information:\r\n\tProcess ID:\t\t0xe9c\r\n\tProcess Name:\t\tC:\\Windows\\System32\\SearchProtocolHost.exe\r\n\r\nAccess Request Information:\r\n\tTransaction ID:\t\t{00000000-0000-0000-0000-000000000000}\r\n\tAccesses:\t\tQuery key value\r\n\t\t\t\t\r\n\tAccess Reasons:\t\t-\r\n\tAccess Mask:\t\t0x1\r\n\tPrivileges Used for Access Check:\t-\r\n\tRestricted SID Count:\t0","Task":"12801","SubjectUserSid":"S-1-5-18","SubjectUserName":"WORKSTATION6$","SubjectDomainName":"THESHIRE","SubjectLogonId":"0x3e7","ObjectServer":"Security","ObjectType":"Key","ObjectName":"\\REGISTRY\\MACHINE\\SYSTEM\\ControlSet001\\Control\\Lsa","HandleId":"0x84","TransactionId":"{00000000-0000-0000-0000-000000000000}","AccessList":"%%4432\n\t\t\t\t","AccessReason":"-","AccessMask":"0x1","PrivilegeList":"-","RestrictedSidCount":"0","ProcessId":"0xe9c","ProcessName":"C:\\Windows\\System32\\SearchProtocolHost.exe","ResourceAttributes":"-"}
{"SourceName":"Microsoft-Windows-Security-Auditing","ProviderGuid":"{54849625-5478-4994-a5ba-3e3b0328c30d}","Level":"0","Keywords":"0x8020000000000000","Channel":"Security","Hostname":"WORKSTATION6.theshire.local","TimeCreated":"2020-12-19T07:00:19.430Z","@timestamp":"2020-12-19T07:00:19.430Z","EventID":4663,"Message":"An attempt was made to access an object.\r\n\r\nSubject:\r\n\tSecurity ID:\t\tS-1-5-18\r\n\tAccount Name:\t\tWORKSTATION6$\r\n\tAccount Domain:\t\tTHESHIRE\r\n\tLogon ID:\t\t0x3E7\r\n\r\nObject:\r\n\tObject Server:\t\tSecurity\r\n\tObject Type:\t\tKey\r\n\tObject Name:\t\t\\REGISTRY\\MACHINE\\SYSTEM\\ControlSet001\\Control\\Lsa\r\n\tHandle ID:\t\t0x84\r\n\tResource Attributes:\t-\r\n\r\nProcess Information:\r\n\tProcess ID:\t\t0xe9c\r\n\tProcess Name:\t\tC:\\Windows\\System32\\SearchProtocolHost.exe\r\n\r\nAccess Request Information:\r\n\tAccesses:\t\tQuery key value\r\n\t\t\t\t\r\n\tAccess Mask:\t\t0x1","Task":"12801","SubjectUserSid":"S-1-5-18","SubjectUserName":"WORKSTATION6$","SubjectDomainName":"THESHIRE","SubjectLogonId":"0x3e7","ObjectServer":"Security","ObjectType":"Key","ObjectName":"\\REGISTRY\\MACHINE\\SYSTEM\\ControlSet001\\Control\\Lsa","HandleId":"0x84","AccessList":"%%4432\n\t\t\t\t","AccessMask":"0x1","ProcessId":"0xe9c","ProcessName":"C:\\Windows\\System32\\SearchProtocolHost.exe","ResourceAttributes":"-"}
{"SourceName":"Microsoft-Windows-Security-Auditing","ProviderGuid":"{54849625-5478-4994-a5ba-3e3b0328c30d}","Level":"0","Keywords":"0x8020000000000000","Channel":"Security","Hostname":"WORKSTATION6.theshire.local","TimeCreated":"2020-12-19T07:00:19.430Z","@timestamp":"2020-12-19T07:00:19.430Z","EventID":4658,"Message":"The handle to an object was closed.\r\n\r\nSubject :\r\n\tSecurity ID:\t\tS-1-5-18\r\n\tAccount Name:\t\tWORKSTATION6$\r\n\tAccount Domain:\t\tTHESHIRE\r\n\tLogon ID:\t\t0x3E7\r\n\r\nObject:\r\n\tObject Server:\t\tSecurity\r\n\tHandle ID:\t\t0x84\r\n\r\nProcess Information:\r\n\tProcess ID:\t\t0xe9c\r\n\tProcess Name:\t\tC:\\Windows\\System32\\SearchProtocolHost.exe","Task":"12801","SubjectUserSid":"S-1-5-18","SubjectUserName":"WORKSTATION6$","SubjectDomainName":"THESHIRE","SubjectLogonId":"0x3e7","ObjectServer":"Security","HandleId":"0x84","ProcessId":"0xe9c","ProcessName":"C:\\Windows\\System32\\SearchProtocolHost.exe"}
{"SourceName":"Microsoft-Windows-Security-Auditing","ProviderGuid":"{54849625-5478-4994-a5ba-3e3b0328c30d}","Level":"0","Keywords":"0x8020000000000000","Channel":"Security","Hostname":"WORKSTATION6.theshire.local","TimeCreated":"2020-12-19T07:00:19.440Z","@timestamp":"2020-12-19T07:00:19.440Z","EventID":4670,"Message":"Permissions on an object were changed.\r\n\r\nSubject:\r\n\tSecurity ID:\t\tS-1-5-18\r\n\tAccount Name:\t\tWORKSTATION6$\r\n\tAccount Domain:\t\tTHESHIRE\r\n\tLogon ID:\t\t0x3E7\r\n\r\nObject:\r\n\tObject Server:\tSecurity\r\n\tObject Type:\tToken\r\n\tObject Name:\t-\r\n\tHandle ID:\t0xea4\r\n\r\nProcess:\r\n\tProcess ID:\t0x15a0\r\n\tProcess Name:\tC:\\Windows\\System32\\SearchIndexer.exe\r\n\r\nPermissions Change:\r\n\tOriginal Security Descriptor:\tD:(A;;GA;;;SY)(A;;RC;;;OW)(A;;GA;;;S-1-5-80-117416528-2204451360-1913602512-1355018040-1234992034)(A;;GA;;;BA)\r\n\tNew Security Descriptor:\tD:(A;;GA;;;SY)(A;;RC;;;OW)(A;;GA;;;S-1-5-80-117416528-2204451360-1913602512-1355018040-1234992034)(A;;GA;;;BA)(A;;SWRPRC;;;S-1-5-5-0-1242650)","Task":"13570","SubjectUserSid":"S-1-5-18","SubjectUserName":"WORKSTATION6$","SubjectDomainName":"THESHIRE","SubjectLogonId":"0x3e7","ObjectServer":"Security","ObjectType":"Token","ObjectName":"-","HandleId":"0xea4","OldSd":"D:(A;;GA;;;SY)(A;;RC;;;OW)(A;;GA;;;S-1-5-80-117416528-2204451360-1913602512-1355018040-1234992034)(A;;GA;;;BA)","NewSd":"D:(A;;GA;;;SY)(A;;RC;;;OW)(A;;GA;;;S-1-5-80-117416528-2204451360-1913602512-1355018040-1234992034)(A;;GA;;;BA)(A;;SWRPRC;;;S-1-5-5-0-1242650)","ProcessId":"0x15a0","ProcessName":"C:\\Windows\\System32\\SearchIndexer.exe"}
{"SourceName":"Microsoft-Windows-Security-Auditing","ProviderGuid":"{54849625-5478-4994-a5ba-3e3b0328c30d}","Level":"0","Keywords":"0x8020000000000000","Channel":"Security","Hostname":"WORKSTATION6.theshire.local","TimeCreated":"2020-12-19T07:00:19.441Z","@timestamp":"2020-12-19T07:00:19.441Z","EventID":4688,"Message":"A new process has been created.\r\n\r\nCreator Subject:\r\n\tSecurity ID:\t\tS-1-5-18\r\n\tAccount Name:\t\tWORKSTATION6$\r\n\tAccount Domain:\t\tTHESHIRE\r\n\tLogon ID:\t\t0x3E7\r\n\r\nTarget Subject:\r\n\tSecurity ID:\t\tS-1-0-0\r\n\tAccount Name:\t\t-\r\n\tAccount Domain:\t\t-\r\n\tLogon ID:\t\t0x0\r\n\r\nProcess Information:\r\n\tNew Process ID:\t\t0x2820\r\n\tNew Process Name:\tC:\\Windows\\System32\\SearchFilterHost.exe\r\n\tToken Elevation Type:\t%%1936\r\n\tMandatory Label:\t\tS-1-16-8192\r\n\tCreator Process ID:\t0x15a0\r\n\tCreator Process Name:\tC:\\Windows\\System32\\SearchIndexer.exe\r\n\tProcess Command Line:\t\"C:\\windows\\system32\\SearchFilterHost.exe\" 0 776 780 788 8192 784 \r\n\r\nToken Elevation Type indicates the type of token that was assigned to the new process in accordance with User Account Control policy.\r\n\r\nType 1 is a full token with no privileges removed or groups disabled.  A full token is only used if User Account Control is disabled or if the user is the built-in Administrator account or a service account.\r\n\r\nType 2 is an elevated token with no privileges removed or groups disabled.  An elevated token is used when User Account Control is enabled and the user chooses to start the program using Run as administrator.  An elevated token is also used when an application is configured to always require administrative privilege or to always require maximum privilege, and the user is a member of the Administrators group.\r\n\r\nType 3 is a limited token with administrative privileges removed and administrative groups disabled.  The limited token is used when User Account Control is enabled, the application does not require administrative privilege, and the user does not choose to start the program using Run as administrator.","Task":"13312","SubjectUserSid":"S-1-5-18","SubjectUserName":"WORKSTATION6$","SubjectDomainName":"THESHIRE","SubjectLogonId":"0x3e7","NewProcessId":"0x2820","NewProcessName":"C:\\Windows\\System32\\SearchFilterHost.exe","TokenElevationType":"%%1936","ProcessId":"0x15a0","CommandLine":"\"C:\\windows\\system32\\SearchFilterHost.exe\" 0 776 780 788 8192 784 ","TargetUserSid":"S-1-0-0","TargetUserName":"-","TargetDomainName":"-","TargetLogonId":"0x0","ParentProcessName":"C:\\Windows\\System32\\SearchIndexer.exe","MandatoryLabel":"S-1-16-8192"}
{"SourceName":"Microsoft-Windows-Security-Auditing","ProviderGuid":"{54849625-5478-4994-a5ba-3e3b0328c30d}","Level":"0","Keywords":"0x8020000000000000","Channel":"Security","Hostname":"WORKSTATION6.theshire.local","TimeCreated":"2020-12-19T07:00:19.463Z","@timestamp":"2020-12-19T07:00:19.463Z","EventID":4690,"Message":"An attempt was made to duplicate a handle to an object.\r\n\r\nSubject:\r\n\tSecurity ID:\t\tS-1-5-18\r\n\tAccount Name:\t\tWORKSTATION6$\r\n\tAccount Domain:\t\tTHESHIRE\r\n\tLogon ID:\t\t0x3E7\r\n\r\nSource Handle Information:\r\n\tSource Handle ID:\t0x84\r\n\tSource Process ID:\t0x2820\r\n\r\nNew Handle Information:\r\n\tTarget Handle ID:\t0x2ef0\r\n\tTarget Process ID:\t0x4","Task":"12807","SubjectUserSid":"S-1-5-18","SubjectUserName":"WORKSTATION6$","SubjectDomainName":"THESHIRE","SubjectLogonId":"0x3e7","SourceHandleId":"0x84","SourceProcessId":"0x2820","TargetHandleId":"0x2ef0","TargetProcessId":"0x4"}
{"SourceName":"Microsoft-Windows-Security-Auditing","ProviderGuid":"{54849625-5478-4994-a5ba-3e3b0328c30d}","Level":"0","Keywords":"0x8020000000000000","Channel":"Security","Hostname":"WORKSTATION6.theshire.local","TimeCreated":"2020-12-19T07:00:19.463Z","@timestamp":"2020-12-19T07:00:19.463Z","EventID":4658,"Message":"The handle to an object was closed.\r\n\r\nSubject :\r\n\tSecurity ID:\t\tS-1-5-18\r\n\tAccount Name:\t\tWORKSTATION6$\r\n\tAccount Domain:\t\tTHESHIRE\r\n\tLogon ID:\t\t0x3E7\r\n\r\nObject:\r\n\tObject Server:\t\tSecurity\r\n\tHandle ID:\t\t0x2ef0\r\n\r\nProcess Information:\r\n\tProcess ID:\t\t0x2820\r\n\tProcess Name:\t\tC:\\Windows\\System32\\SearchFilterHost.exe","Task":"12801","SubjectUserSid":"S-1-5-18","SubjectUserName":"WORKSTATION6$","SubjectDomainName":"THESHIRE","SubjectLogonId":"0x3e7","ObjectServer":"Security","HandleId":"0x2ef0","ProcessId":"0x2820","ProcessName":"C:\\Windows\\System32\\SearchFilterHost.exe"}
{"SourceName":"Microsoft-Windows-Security-Auditing","ProviderGuid":"{54849625-5478-4994-a5ba-3e3b0328c30d}","Level":"0","Keywords":"0x8020000000000000","Channel":"Security","Hostname":"WORKSTATION6.theshire.local","TimeCreated":"2020-12-19T07:00:19.463Z","@timestamp":"2020-12-19T07:00:19.463Z","EventID":4656,"Message":"A handle to an object was requested.\r\n\r\nSubject:\r\n\tSecurity ID:\t\tS-1-5-18\r\n\tAccount Name:\t\tWORKSTATION6$\r\n\tAccount Domain:\t\tTHESHIRE\r\n\tLogon ID:\t\t0x3E7\r\n\r\nObject:\r\n\tObject Server:\t\tSecurity\r\n\tObject Type:\t\tKey\r\n\tObject Name:\t\t\\REGISTRY\\MACHINE\\SYSTEM\\ControlSet001\\Control\\Lsa\r\n\tHandle ID:\t\t0x84\r\n\tResource Attributes:\t-\r\n\r\nProcess Information:\r\n\tProcess ID:\t\t0x2820\r\n\tProcess Name:\t\tC:\\Windows\\System32\\SearchFilterHost.exe\r\n\r\nAccess Request Information:\r\n\tTransaction ID:\t\t{00000000-0000-0000-0000-000000000000}\r\n\tAccesses:\t\tQuery key value\r\n\t\t\t\t\r\n\tAccess Reasons:\t\t-\r\n\tAccess Mask:\t\t0x1\r\n\tPrivileges Used for Access Check:\t-\r\n\tRestricted SID Count:\t7","Task":"12801","SubjectUserSid":"S-1-5-18","SubjectUserName":"WORKSTATION6$","SubjectDomainName":"THESHIRE","SubjectLogonId":"0x3e7","ObjectServer":"Security","ObjectType":"Key","ObjectName":"\\REGISTRY\\MACHINE\\SYSTEM\\ControlSet001\\Control\\Lsa","HandleId":"0x84","TransactionId":"{00000000-0000-0000-0000-000000000000}","AccessList":"%%4432\n\t\t\t\t","AccessReason":"-","AccessMask":"0x1","PrivilegeList":"-","RestrictedSidCount":"7","ProcessId":"0x2820","ProcessName":"C:\\Windows\\System32\\SearchFilterHost.exe","ResourceAttributes":"-"}
{"SourceName":"Microsoft-Windows-Security-Auditing","ProviderGuid":"{54849625-5478-4994-a5ba-3e3b0328c30d}","Level":"0","Keywords":"0x8020000000000000","Channel":"Security","Hostname":"WORKSTATION6.theshire.local","TimeCreated":"2020-12-19T07:00:19.463Z","@timestamp":"2020-12-19T07:00:19.463Z","EventID":4663,"Message":"An attempt was made to access an object.\r\n\r\nSubject:\r\n\tSecurity ID:\t\tS-1-5-18\r\n\tAccount Name:\t\tWORKSTATION6$\r\n\tAccount Domain:\t\tTHESHIRE\r\n\tLogon ID:\t\t0x3E7\r\n\r\nObject:\r\n\tObject Server:\t\tSecurity\r\n\tObject Type:\t\tKey\r\n\tObject Name:\t\t\\REGISTRY\\MACHINE\\SYSTEM\\ControlSet001\\Control\\Lsa\r\n\tHandle ID:\t\t0x84\r\n\tResource Attributes:\t-\r\n\r\nProcess Information:\r\n\tProcess ID:\t\t0x2820\r\n\tProcess Name:\t\tC:\\Windows\\System32\\SearchFilterHost.exe\r\n\r\nAccess Request Information:\r\n\tAccesses:\t\tQuery key value\r\n\t\t\t\t\r\n\tAccess Mask:\t\t0x1","Task":"12801","SubjectUserSid":"S-1-5-18","SubjectUserName":"WORKSTATION6$","SubjectDomainName":"THESHIRE","SubjectLogonId":"0x3e7","ObjectServer":"Security","ObjectType":"Key","ObjectName":"\\REGISTRY\\MACHINE\\SYSTEM\\ControlSet001\\Control\\Lsa","HandleId":"0x84","AccessList":"%%4432\n\t\t\t\t","AccessMask":"0x1","ProcessId":"0x2820","ProcessName":"C:\\Windows\\System32\\SearchFilterHost.exe","ResourceAttributes":"-"}
{"SourceName":"Microsoft-Windows-Security-Auditing","ProviderGuid":"{54849625-5478-4994-a5ba-3e3b0328c30d}","Level":"0","Keywords":"0x8020000000000000","Channel":"Security","Hostname":"WORKSTATION6.theshire.local","TimeCreated":"2020-12-19T07:00:19.463Z","@timestamp":"2020-12-19T07:00:19.463Z","EventID":4658,"Message":"The handle to an object was closed.\r\n\r\nSubject :\r\n\tSecurity ID:\t\tS-1-5-18\r\n\tAccount Name:\t\tWORKSTATION6$\r\n\tAccount Domain:\t\tTHESHIRE\r\n\tLogon ID:\t\t0x3E7\r\n\r\nObject:\r\n\tObject Server:\t\tSecurity\r\n\tHandle ID:\t\t0x84\r\n\r\nProcess Information:\r\n\tProcess ID:\t\t0x2820\r\n\tProcess Name:\t\tC:\\Windows\\System32\\SearchFilterHost.exe","Task":"12801","SubjectUserSid":"S-1-5-18","SubjectUserName":"WORKSTATION6$","SubjectDomainName":"THESHIRE","SubjectLogonId":"0x3e7","ObjectServer":"Security","HandleId":"0x84","ProcessId":"0x2820","ProcessName":"C:\\Windows\\System32\\SearchFilterHost.exe"}
{"SourceName":"Microsoft-Windows-Security-Auditing","ProviderGuid":"{54849625-5478-4994-a5ba-3e3b0328c30d}","Level":"0","Keywords":"0x8020000000000000","Channel":"Security","Hostname":"WORKSTATION6.theshire.local","TimeCreated":"2020-12-19T07:00:22.230Z","@timestamp":"2020-12-19T07:00:22.230Z","EventID":5156,"Message":"The Windows Filtering Platform has permitted a connection.\r\n\r\nApplication Information:\r\n\tProcess ID:\t\t984\r\n\tApplication Name:\t\\device\\harddiskvolume2\\windows\\system32\\svchost.exe\r\n\r\nNetwork Information:\r\n\tDirection:\t\tInbound\r\n\tSource Address:\t\t172.18.39.5\r\n\tSource Port:\t\t56587\r\n\tDestination Address:\t172.18.39.6\r\n\tDestination Port:\t\t135\r\n\tProtocol:\t\t6\r\n\r\nFilter Information:\r\n\tFilter Run-Time ID:\t80863\r\n\tLayer Name:\t\tReceive/Accept\r\n\tLayer Run-Time ID:\t44","Task":"12810","ProcessID":"984","Application":"\\device\\harddiskvolume2\\windows\\system32\\svchost.exe","Direction":"%%14592","SourceAddress":"172.18.39.5","SourcePort":"56587","DestAddress":"172.18.39.6","DestPort":"135","Protocol":"6","FilterRTID":"80863","LayerName":"%%14610","LayerRTID":"44","RemoteUserID":"S-1-0-0","RemoteMachineID":"S-1-0-0"}
{"SourceName":"Microsoft-Windows-Security-Auditing","ProviderGuid":"{54849625-5478-4994-a5ba-3e3b0328c30d}","Level":"0","Keywords":"0x8020000000000000","Channel":"Security","Hostname":"WORKSTATION6.theshire.local","TimeCreated":"2020-12-19T07:00:22.234Z","@timestamp":"2020-12-19T07:00:22.234Z","EventID":5156,"Message":"The Windows Filtering Platform has permitted a connection.\r\n\r\nApplication Information:\r\n\tProcess ID:\t\t2220\r\n\tApplication Name:\t\\device\\harddiskvolume2\\windows\\system32\\svchost.exe\r\n\r\nNetwork Information:\r\n\tDirection:\t\tInbound\r\n\tSource Address:\t\t172.18.39.5\r\n\tSource Port:\t\t56588\r\n\tDestination Address:\t172.18.39.6\r\n\tDestination Port:\t\t49671\r\n\tProtocol:\t\t6\r\n\r\nFilter Information:\r\n\tFilter Run-Time ID:\t80863\r\n\tLayer Name:\t\tReceive/Accept\r\n\tLayer Run-Time ID:\t44","Task":"12810","ProcessID":"2220","Application":"\\device\\harddiskvolume2\\windows\\system32\\svchost.exe","Direction":"%%14592","SourceAddress":"172.18.39.5","SourcePort":"56588","DestAddress":"172.18.39.6","DestPort":"49671","Protocol":"6","FilterRTID":"80863","LayerName":"%%14610","LayerRTID":"44","RemoteUserID":"S-1-0-0","RemoteMachineID":"S-1-0-0"}
{"SourceName":"Microsoft-Windows-Security-Auditing","ProviderGuid":"{54849625-5478-4994-a5ba-3e3b0328c30d}","Level":"0","Keywords":"0x8020000000000000","Channel":"Security","Hostname":"WORKSTATION6.theshire.local","TimeCreated":"2020-12-19T07:00:22.237Z","@timestamp":"2020-12-19T07:00:22.237Z","EventID":4672,"Message":"Special privileges assigned to new logon.\r\n\r\nSubject:\r\n\tSecurity ID:\t\tS-1-5-21-3786818125-2382361537-3207726629-1104\r\n\tAccount Name:\t\tpgustavo\r\n\tAccount Domain:\t\tTHESHIRE\r\n\tLogon ID:\t\t0xEAD4335\r\n\r\nPrivileges:\t\tSeSecurityPrivilege\r\n\t\t\tSeBackupPrivilege\r\n\t\t\tSeRestorePrivilege\r\n\t\t\tSeTakeOwnershipPrivilege\r\n\t\t\tSeDebugPrivilege\r\n\t\t\tSeSystemEnvironmentPrivilege\r\n\t\t\tSeLoadDriverPrivilege\r\n\t\t\tSeImpersonatePrivilege\r\n\t\t\tSeDelegateSessionUserImpersonatePrivilege","Task":"12548","SubjectUserSid":"S-1-5-21-3786818125-2382361537-3207726629-1104","SubjectUserName":"pgustavo","SubjectDomainName":"THESHIRE","SubjectLogonId":"0xead4335","PrivilegeList":"SeSecurityPrivilege\n\t\t\tSeBackupPrivilege\n\t\t\tSeRestorePrivilege\n\t\t\tSeTakeOwnershipPrivilege\n\t\t\tSeDebugPrivilege\n\t\t\tSeSystemEnvironmentPrivilege\n\t\t\tSeLoadDriverPrivilege\n\t\t\tSeImpersonatePrivilege\n\t\t\tSeDelegateSessionUserImpersonatePrivilege"}
{"SourceName":"Microsoft-Windows-Security-Auditing","ProviderGuid":"{54849625-5478-4994-a5ba-3e3b0328c30d}","Level":"0","Keywords":"0x8020000000000000","Channel":"Security","Hostname":"WORKSTATION6.theshire.local","TimeCreated":"2020-12-19T07:00:22.238Z","@timestamp":"2020-12-19T07:00:22.238Z","EventID":4624,"Message":"An account was successfully logged on.\r\n\r\nSubject:\r\n\tSecurity ID:\t\tS-1-0-0\r\n\tAccount Name:\t\t-\r\n\tAccount Domain:\t\t-\r\n\tLogon ID:\t\t0x0\r\n\r\nLogon Information:\r\n\tLogon Type:\t\t3\r\n\tRestricted Admin Mode:\t-\r\n\tVirtual Account:\t\tNo\r\n\tElevated Token:\t\tYes\r\n\r\nImpersonation Level:\t\tImpersonation\r\n\r\nNew Logon:\r\n\tSecurity ID:\t\tS-1-5-21-3786818125-2382361537-3207726629-1104\r\n\tAccount Name:\t\tpgustavo\r\n\tAccount Domain:\t\tTHESHIRE.LOCAL\r\n\tLogon ID:\t\t0xEAD4335\r\n\tLinked Logon ID:\t\t0x0\r\n\tNetwork Account Name:\t-\r\n\tNetwork Account Domain:\t-\r\n\tLogon GUID:\t\t{e40b3c90-7415-9168-1f61-8f1fff8e4227}\r\n\r\nProcess Information:\r\n\tProcess ID:\t\t0x0\r\n\tProcess Name:\t\t-\r\n\r\nNetwork Information:\r\n\tWorkstation Name:\t-\r\n\tSource Network Address:\t172.18.39.5\r\n\tSource Port:\t\t56588\r\n\r\nDetailed Authentication Information:\r\n\tLogon Process:\t\tKerberos\r\n\tAuthentication Package:\tKerberos\r\n\tTransited Services:\t-\r\n\tPackage Name (NTLM only):\t-\r\n\tKey Length:\t\t0\r\n\r\nThis event is generated when a logon session is created. It is generated on the computer that was accessed.\r\n\r\nThe subject fields indicate the account on the local system which requested the logon. This is most commonly a service such as the Server service, or a local process such as Winlogon.exe or Services.exe.\r\n\r\nThe logon type field indicates the kind of logon that occurred. The most common types are 2 (interactive) and 3 (network).\r\n\r\nThe New Logon fields indicate the account for whom the new logon was created, i.e. the account that was logged on.\r\n\r\nThe network fields indicate where a remote logon request originated. Workstation name is not always available and may be left blank in some cases.\r\n\r\nThe impersonation level field indicates the extent to which a process in the logon session can impersonate.\r\n\r\nThe authentication information fields provide detailed information about this specific logon request.\r\n\t- Logon GUID is a unique identifier that can be used to correlate this event with a KDC event.\r\n\t- Transited services indicate which intermediate services have participated in this logon request.\r\n\t- Package name indicates which sub-protocol was used among the NTLM protocols.\r\n\t- Key length indicates the length of the generated session key. This will be 0 if no session key was requested.","Task":"12544","SubjectUserSid":"S-1-0-0","SubjectUserName":"-","SubjectDomainName":"-","SubjectLogonId":"0x0","TargetUserSid":"S-1-5-21-3786818125-2382361537-3207726629-1104","TargetUserName":"pgustavo","TargetDomainName":"THESHIRE.LOCAL","TargetLogonId":"0xead4335","LogonType":"3","LogonProcessName":"Kerberos","AuthenticationPackageName":"Kerberos","WorkstationName":"-","LogonGuid":"{e40b3c90-7415-9168-1f61-8f1fff8e4227}","TransmittedServices":"-","LmPackageName":"-","KeyLength":"0","ProcessId":"0x0","ProcessName":"-","IpAddress":"172.18.39.5","IpPort":"56588","ImpersonationLevel":"%%1833","RestrictedAdminMode":"-","TargetOutboundUserName":"-","TargetOutboundDomainName":"-","VirtualAccount":"%%1843","TargetLinkedLogonId":"0x0","ElevatedToken":"%%1842"}
{"SourceName":"Microsoft-Windows-Security-Auditing","ProviderGuid":"{54849625-5478-4994-a5ba-3e3b0328c30d}","Level":"0","Keywords":"0x8020000000000000","Channel":"Security","Hostname":"WORKSTATION6.theshire.local","TimeCreated":"2020-12-19T07:00:22.238Z","@timestamp":"2020-12-19T07:00:22.238Z","EventID":4627,"Message":"Group membership information.\r\n\r\nSubject:\r\n\tSecurity ID:\t\tS-1-0-0\r\n\tAccount Name:\t\t-\r\n\tAccount Domain:\t\t-\r\n\tLogon ID:\t\t0x0\r\n\r\nLogon Type:\t\t\t3\r\n\r\nNew Logon:\r\n\tSecurity ID:\t\tS-1-5-21-3786818125-2382361537-3207726629-1104\r\n\tAccount Name:\t\tpgustavo\r\n\tAccount Domain:\t\tTHESHIRE.LOCAL\r\n\tLogon ID:\t\t0xEAD4335\r\n\r\nEvent in sequence:\t\t1 of 1\r\n\r\nGroup Membership:\t\t\t\r\n\t\t%{S-1-5-21-3786818125-2382361537-3207726629-513}\r\n\t\t%{S-1-1-0}\r\n\t\t%{S-1-5-32-545}\r\n\t\t%{S-1-5-32-555}\r\n\t\t%{S-1-5-32-544}\r\n\t\t%{S-1-5-2}\r\n\t\t%{S-1-5-11}\r\n\t\t%{S-1-5-15}\r\n\t\t%{S-1-5-21-3786818125-2382361537-3207726629-512}\r\n\t\t%{S-1-5-21-3786818125-2382361537-3207726629-518}\r\n\t\t%{S-1-5-21-3786818125-2382361537-3207726629-519}\r\n\t\t%{S-1-18-1}\r\n\t\t%{S-1-5-21-3786818125-2382361537-3207726629-572}\r\n\t\t%{S-1-16-12288}\r\n\r\nThe subject fields indicate the account on the local system which requested the logon. This is most commonly a service such as the Server service, or a local process such as Winlogon.exe or Services.exe.\r\n\r\nThe logon type field indicates the kind of logon that occurred. The most common types are 2 (interactive) and 3 (network).\r\n\r\nThe New Logon fields indicate the account for whom the new logon was created, i.e. the account that was logged on.\r\n\r\nThis event is generated when the Audit Group Membership subcategory is configured.  The Logon ID field can be used to correlate this event with the corresponding user logon event as well as to any other security audit events generated during this logon session.","Task":"12554","SubjectUserSid":"S-1-0-0","SubjectUserName":"-","SubjectDomainName":"-","SubjectLogonId":"0x0","TargetUserSid":"S-1-5-21-3786818125-2382361537-3207726629-1104","TargetUserName":"pgustavo","TargetDomainName":"THESHIRE.LOCAL","TargetLogonId":"0xead4335","LogonType":"3","EventIdx":"1","EventCountTotal":"1","GroupMembership":"\n\t\t%{S-1-5-21-3786818125-2382361537-3207726629-513}\n\t\t%{S-1-1-0}\n\t\t%{S-1-5-32-545}\n\t\t%{S-1-5-32-555}\n\t\t%{S-1-5-32-544}\n\t\t%{S-1-5-2}\n\t\t%{S-1-5-11}\n\t\t%{S-1-5-15}\n\t\t%{S-1-5-21-3786818125-2382361537-3207726629-512}\n\t\t%{S-1-5-21-3786818125-2382361537-3207726629-518}\n\t\t%{S-1-5-21-3786818125-2382361537-3207726629-519}\n\t\t%{S-1-18-1}\n\t\t%{S-1-5-21-3786818125-2382361537-3207726629-572}\n\t\t%{S-1-16-12288}"}
{"SourceName":"Microsoft-Windows-Security-Auditing","ProviderGuid":"{54849625-5478-4994-a5ba-3e3b0328c30d}","Level":"0","Keywords":"0x8010000000000000","Channel":"Security","Hostname":"WORKSTATION6.theshire.local","TimeCreated":"2020-12-19T07:00:22.261Z","@timestamp":"2020-12-19T07:00:22.261Z","EventID":4673,"Message":"A privileged service was called.\r\n\r\nSubject:\r\n\tSecurity ID:\t\tS-1-5-21-3786818125-2382361537-3207726629-1104\r\n\tAccount Name:\t\tpgustavo\r\n\tAccount Domain:\t\tTHESHIRE\r\n\tLogon ID:\t\t0xEAD4335\r\n\r\nService:\r\n\tServer:\tSecurity\r\n\tService Name:\t-\r\n\r\nProcess:\r\n\tProcess ID:\t0x8ac\r\n\tProcess Name:\tC:\\Windows\\System32\\svchost.exe\r\n\r\nService Request Information:\r\n\tPrivileges:\t\tSeTcbPrivilege","Task":"13056","SubjectUserSid":"S-1-5-21-3786818125-2382361537-3207726629-1104","SubjectUserName":"pgustavo","SubjectDomainName":"THESHIRE","SubjectLogonId":"0xead4335","ObjectServer":"Security","Service":"-","PrivilegeList":"SeTcbPrivilege","ProcessId":"0x8ac","ProcessName":"C:\\Windows\\System32\\svchost.exe"}
{"SourceName":"Microsoft-Windows-Security-Auditing","ProviderGuid":"{54849625-5478-4994-a5ba-3e3b0328c30d}","Level":"0","Keywords":"0x8020000000000000","Channel":"Security","Hostname":"WORKSTATION6.theshire.local","TimeCreated":"2020-12-19T07:00:22.264Z","@timestamp":"2020-12-19T07:00:22.264Z","EventID":4698,"Message":"A scheduled task was created.\r\n\r\nSubject:\r\n\tSecurity ID:\t\tS-1-5-21-3786818125-2382361537-3207726629-1104\r\n\tAccount Name:\t\tpgustavo\r\n\tAccount Domain:\t\tTHESHIRE\r\n\tLogon ID:\t\t0xEAD4335\r\n\r\nTask Information:\r\n\tTask Name: \t\t\\Microsoft\\Windows\\SoftwareProtectionPlatform\\EventCacheManager\r\n\tTask Content: \t\t\u003c?xml version=\"1.0\" encoding=\"UTF-16\"?\u003e\r\n\u003cTask version=\"1.2\" xmlns=\"http://schemas.microsoft.com/windows/2004/02/mit/task\"\u003e\r\n  \u003cRegistrationInfo\u003e\r\n    \u003cDate\u003e2020-12-19T07:00:22\u003c/Date\u003e\r\n    \u003cAuthor\u003eTHESHIRE\\pgustavo\u003c/Author\u003e\r\n    \u003cURI\u003e\\Microsoft\\Windows\\SoftwareProtectionPlatform\\EventCacheManager\u003c/URI\u003e\r\n  \u003c/RegistrationInfo\u003e\r\n  \u003cTriggers\u003e\r\n    \u003cBootTrigger\u003e\r\n      \u003cStartBoundary\u003e2020-12-19T07:00:00\u003c/StartBoundary\u003e\r\n      \u003cEnabled\u003etrue\u003c/Enabled\u003e\r\n    \u003c/BootTrigger\u003e\r\n  \u003c/Triggers\u003e\r\n  \u003cSettings\u003e\r\n    \u003cMultipleInstancesPolicy\u003eIgnoreNew\u003c/MultipleInstancesPolicy\u003e\r\n    \u003cDisallowStartIfOnBatteries\u003etrue\u003c/DisallowStartIfOnBatteries\u003e\r\n    \u003cStopIfGoingOnBatteries\u003etrue\u003c/StopIfGoingOnBatteries\u003e\r\n    \u003cAllowHardTerminate\u003etrue\u003c/AllowHardTerminate\u003e\r\n    \u003cStartWhenAvailable\u003efalse\u003c/StartWhenAvailable\u003e\r\n    \u003cRunOnlyIfNetworkAvailable\u003efalse\u003c/RunOnlyIfNetworkAvailable\u003e\r\n    \u003cIdleSettings\u003e\r\n      \u003cDuration\u003ePT10M\u003c/Duration\u003e\r\n      \u003cWaitTimeout\u003ePT1H\u003c/WaitTimeout\u003e\r\n      \u003cStopOnIdleEnd\u003etrue\u003c/StopOnIdleEnd\u003e\r\n      \u003cRestartOnIdle\u003efalse\u003c/RestartOnIdle\u003e\r\n    \u003c/IdleSettings\u003e\r\n    \u003cAllowStartOnDemand\u003etrue\u003c/AllowStartOnDemand\u003e\r\n    \u003cEnabled\u003etrue\u003c/Enabled\u003e\r\n    \u003cHidden\u003efalse\u003c/Hidden\u003e\r\n    \u003cRunOnlyIfIdle\u003efalse\u003c/RunOnlyIfIdle\u003e\r\n    \u003cWakeToRun\u003efalse\u003c/WakeToRun\u003e\r\n    \u003cExecutionTimeLimit\u003ePT72H\u003c/ExecutionTimeLimit\u003e\r\n    \u003cPriority\u003e7\u003c/Priority\u003e\r\n  \u003c/Settings\u003e\r\n  \u003cActions Context=\"Author\"\u003e\r\n    \u003cExec\u003e\r\n      \u003cCommand\u003eC:\\Windows\\system32\\cmd.exe\u003c/Command\u003e\r\n      \u003cArguments\u003e/C C:\\Windows\\System32\\notepad.exe\u003c/Arguments\u003e\r\n    \u003c/Exec\u003e\r\n  \u003c/Actions\u003e\r\n  \u003cPrincipals\u003e\r\n    \u003cPrincipal id=\"Author\"\u003e\r\n      \u003cUserId\u003eS-1-5-18\u003c/UserId\u003e\r\n      \u003cRunLevel\u003eLeastPrivilege\u003c/RunLevel\u003e\r\n    \u003c/Principal\u003e\r\n  \u003c/Principals\u003e\r\n\u003c/Task\u003e\r\n\r\nOther Information:\r\n\tProcessCreationTime: \t\t0\r\n\tClientProcessId: \t\t\t0\r\n\tParentProcessId: \t\t\t0\r\n\tFQDN: \t\t0\r\n\t","Task":"12804","SubjectUserSid":"S-1-5-21-3786818125-2382361537-3207726629-1104","SubjectUserName":"pgustavo","SubjectDomainName":"THESHIRE","SubjectLogonId":"0xead4335","TaskName":"\\Microsoft\\Windows\\SoftwareProtectionPlatform\\EventCacheManager","TaskContent":"\u003c?xml version=\"1.0\" encoding=\"UTF-16\"?\u003e\n\u003cTask version=\"1.2\" xmlns=\"http://schemas.microsoft.com/windows/2004/02/mit/task\"\u003e\n  \u003cRegistrationInfo\u003e\n    \u003cDate\u003e2020-12-19T07:00:22\u003c/Date\u003e\n    \u003cAuthor\u003eTHESHIRE\\pgustavo\u003c/Author\u003e\n    \u003cURI\u003e\\Microsoft\\Windows\\SoftwareProtectionPlatform\\EventCacheManager\u003c/URI\u003e\n  \u003c/RegistrationInfo\u003e\n  \u003cTriggers\u003e\n    \u003cBootTrigger\u003e\n      \u003cStartBoundary\u003e2020-12-19T07:00:00\u003c/StartBoundary\u003e\n      \u003cEnabled\u003etrue\u003c/Enabled\u003e\n    \u003c/BootTrigger\u003e\n  \u003c/Triggers\u003e\n  \u003cSettings\u003e\n    \u003cMultipleInstancesPolicy\u003eIgnoreNew\u003c/MultipleInstancesPolicy\u003e\n    \u003cDisallowStartIfOnBatteries\u003etrue\u003c/DisallowStartIfOnBatteries\u003e\n    \u003cStopIfGoingOnBatteries\u003etrue\u003c/StopIfGoingOnBatteries\u003e\n    \u003cAllowHardTerminate\u003etrue\u003c/AllowHardTerminate\u003e\n    \u003cStartWhenAvailable\u003efalse\u003c/StartWhenAvailable\u003e\n    \u003cRunOnlyIfNetworkAvailable\u003efalse\u003c/RunOnlyIfNetworkAvailable\u003e\n    \u003cIdleSettings\u003e\n      \u003cDuration\u003ePT10M\u003c/Duration\u003e\n      \u003cWaitTimeout\u003ePT1H\u003c/WaitTimeout\u003e\n      \u003cStopOnIdleEnd\u003etrue\u003c/StopOnIdleEnd\u003e\n      \u003cRestartOnIdle\u003efalse\u003c/RestartOnIdle\u003e\n    \u003c/IdleSettings\u003e\n    \u003cAllowStartOnDemand\u003etrue\u003c/AllowStartOnDemand\u003e\n    \u003cEnabled\u003etrue\u003c/Enabled\u003e\n    \u003cHidden\u003efalse\u003c/Hidden\u003e\n    \u003cRunOnlyIfIdle\u003efalse\u003c/RunOnlyIfIdle\u003e\n    \u003cWakeToRun\u003efalse\u003c/WakeToRun\u003e\n    \u003cExecutionTimeLimit\u003ePT72H\u003c/ExecutionTimeLimit\u003e\n    \u003cPriority\u003e7\u003c/Priority\u003e\n  \u003c/Settings\u003e\n  \u003cActions Context=\"Author\"\u003e\n    \u003cExec\u003e\n      \u003cCommand\u003eC:\\Windows\\system32\\cmd.exe\u003c/Command\u003e\n      \u003cArguments\u003e/C C:\\Windows\\System32\\notepad.exe\u003c/Arguments\u003e\n    \u003c/Exec\u003e\n  \u003c/Actions\u003e\n  \u003cPrincipals\u003e\n    \u003cPrincipal id=\"Author\"\u003e\n      \u003cUserId\u003eS-1-5-18\u003c/UserId\u003e\n      \u003cRunLevel\u003eLeastPrivilege\u003c/RunLevel\u003e\n    \u003c/Principal\u003e\n  \u003c/Principals\u003e\n\u003c/Task\u003e","ClientProcessStartKey":"0","ClientProcessId":"0","ParentProcessId":"0","RpcCallClientLocality":"0","FQDN":"WORKSTATION6.theshire.local"}
{"SourceName":"Microsoft-Windows-Security-Auditing","ProviderGuid":"{54849625-5478-4994-a5ba-3e3b0328c30d}","Level":"0","Keywords":"0x8020000000000000","Channel":"Security","Hostname":"WORKSTATION6.theshire.local","TimeCreated":"2020-12-19T07:00:22.267Z","@timestamp":"2020-12-19T07:00:22.267Z","EventID":4634,"Message":"An account was logged off.\r\n\r\nSubject:\r\n\tSecurity ID:\t\tS-1-5-21-3786818125-2382361537-3207726629-1104\r\n\tAccount Name:\t\tpgustavo\r\n\tAccount Domain:\t\tTHESHIRE\r\n\tLogon ID:\t\t0xEAD4335\r\n\r\nLogon Type:\t\t\t3\r\n\r\nThis event is generated when a logon session is destroyed. It may be positively correlated with a logon event using the Logon ID value. Logon IDs are only unique between reboots on the same computer.","Task":"12545","TargetUserSid":"S-1-5-21-3786818125-2382361537-3207726629-1104","TargetUserName":"pgustavo","TargetDomainName":"THESHIRE","TargetLogonId":"0xead4335","LogonType":"3"}
{"SourceName":"Microsoft-Windows-Security-Auditing","ProviderGuid":"{54849625-5478-4994-a5ba-3e3b0328c30d}","Level":"0","Keywords":"0x8020000000000000","Channel":"Security","Hostname":"WORKSTATION6.theshire.local","TimeCreated":"2020-12-19T07:00:23.010Z","@timestamp":"2020-12-19T07:00:23.010Z","EventID":4688,"Message":"A new process has been created.\r\n\r\nCreator Subject:\r\n\tSecurity ID:\t\tS-1-5-18\r\n\tAccount Name:\t\tWORKSTATION6$\r\n\tAccount Domain:\t\tTHESHIRE\r\n\tLogon ID:\t\t0x3E7\r\n\r\nTarget Subject:\r\n\tSecurity ID:\t\tS-1-0-0\r\n\tAccount Name:\t\t-\r\n\tAccount Domain:\t\t-\r\n\tLogon ID:\t\t0x0\r\n\r\nProcess Information:\r\n\tNew Process ID:\t\t0x308\r\n\tNew Process Name:\tC:\\Windows\\System32\\cscript.exe\r\n\tToken Elevation Type:\t%%1936\r\n\tMandatory Label:\t\tS-1-16-16384\r\n\tCreator Process ID:\t0x176c\r\n\tCreator Process Name:\tC:\\Program Files\\Microsoft Monitoring Agent\\Agent\\MonitoringHost.exe\r\n\tProcess Command Line:\t\"C:\\windows\\system32\\cscript.exe\" /nologo \"MonitorKnowledgeDiscovery.vbs\"\r\n\r\nToken Elevation Type indicates the type of token that was assigned to the new process in accordance with User Account Control policy.\r\n\r\nType 1 is a full token with no privileges removed or groups disabled.  A full token is only used if User Account Control is disabled or if the user is the built-in Administrator account or a service account.\r\n\r\nType 2 is an elevated token with no privileges removed or groups disabled.  An elevated token is used when User Account Control is enabled and the user chooses to start the program using Run as administrator.  An elevated token is also used when an application is configured to always require administrative privilege or to always require maximum privilege, and the user is a member of the Administrators group.\r\n\r\nType 3 is a limited token with administrative privileges removed and administrative groups disabled.  The limited token is used when User Account Control is enabled, the application does not require administrative privilege, and the user does not choose to start the program using Run as administrator.","Task":"13312","SubjectUserSid":"S-1-5-18","SubjectUserName":"WORKSTATION6$","SubjectDomainName":"THESHIRE","SubjectLogonId":"0x3e7","NewProcessId":"0x308","NewProcessName":"C:\\Windows\\System32\\cscript.exe","TokenElevationType":"%%1936","ProcessId":"0x176c","CommandLine":"\"C:\\windows\\system32\\cscript.exe\" /nologo \"MonitorKnowledgeDiscovery.vbs\"","TargetUserSid":"S-1-0-0","TargetUserName":"-","TargetDomainName":"-","TargetLogonId":"0x0","ParentProcessName":"C:\\Program Files\\Microsoft Monitoring Agent\\Agent\\MonitoringHost.exe","MandatoryLabel":"S-1-16-16384"}
