{"SourceName":"Microsoft-Windows-Sysmon","ProviderGuid":"{5770385f-c22a-43e0-bf4c-06f5698ffbd9}","Level":"4","Keywords":"0x8000000000000000","Channel":"Microsoft-Windows-Sysmon/Operational","Hostname":"WORKSTATION6.theshire.local","TimeCreated":"2020-12-19T07:00:15.993Z","@timestamp":"2020-12-19T07:00:15.993Z","EventID":10,"Message":"Process accessed:\r\nRuleName: -\r\nUtcTime: 2020-12-19 12:00:15.992\r\nSourceProcessGUID: {649442b8-52d8-5fd1-0f00-000000000600}\r\nSourceProcessId: 876\r\nSourceThreadId: 420\r\nSourceImage: C:\\windows\\system32\\svchost.exe\r\nTargetProcessGUID: {649442b8-7bc5-5fd2-070d-000000000600}\r\nTargetProcessId: 4212\r\nTargetImage: C:\\Windows\\SystemApps\\InputApp_cw5n1h2txyewy\\WindowsInternal.ComposableShell.Experiences.TextInput.InputApp.exe\r\nGrantedAccess: 0x1000\r\nCallTrace: C:\\windows\\SYSTEM32\\ntdll.dll+9cbb4|C:\\windows\\SYSTEM32\\psmserviceexthost.dll+222a3|C:\\windows\\SYSTEM32\\psmserviceexthost.dll+37ea0|C:\\windows\\SYSTEM32\\psmserviceexthost.dll+37929|C:\\windows\\SYSTEM32\\psmserviceexthost.dll+686f8|C:\\windows\\SYSTEM32\\psmserviceexthost.dll+6e84a|C:\\windows\\SYSTEM32\\psmserviceexthost.dll+6f700|C:\\windows\\SYSTEM32\\psmserviceexthost.dll+34be4|C:\\windows\\SYSTEM32\\psmserviceexthost.dll+6f63e|C:\\windows\\SYSTEM32\\psmserviceexthost.dll+713b5|C:\\windows\\SYSTEM32\\psmserviceexthost.dll+7144d|C:\\windows\\SYSTEM32\\psmserviceexthost.dll+50bd0|C:\\windows\\SYSTEM32\\psmserviceexthost.dll+4500a|C:\\windows\\System32\\KERNEL32.DLL+17c24|C:\\windows\\SYSTEM32\\ntdll.dll+6d4d1","Task":"10","RuleName":"-","UtcTime":"2020-12-19 12:00:15.992","SourceProcessGUID":"{649442b8-52d8-5fd1-0f00-000000000600}","SourceProcessId":"876","SourceThreadId":"420","SourceImage":"C:\\windows\\system32\\svchost.exe","TargetProcessGUID":"{649442b8-7bc5-5fd2-070d-000000000600}","TargetProcessId":"4212","TargetImage":"C:\\Windows\\SystemApps\\InputApp_cw5n1h2txyewy\\WindowsInternal.ComposableShell.Experiences.TextInput.InputApp.exe","GrantedAccess":"0x1000","CallTrace":"C:\\windows\\SYSTEM32\\ntdll.dll+9cbb4|C:\\windows\\SYSTEM32\\psmserviceexthost.dll+222a3|C:\\windows\\SYSTEM32\\psmserviceexthost.dll+37ea0|C:\\windows\\SYSTEM32\\psmserviceexthost.dll+37929|C:\\windows\\SYSTEM32\\psmserviceexthost.dll+686f8|C:\\windows\\SYSTEM32\\psmserviceexthost.dll+6e84a|C:\\windows\\SYSTEM32\\psmserviceexthost.dll+6f700|C:\\windows\\SYSTEM32\\psmserviceexthost.dll+34be4|C:\\windows\\SYSTEM32\\psmserviceexthost.dll+6f63e|C:\\windows\\SYSTEM32\\psmserviceexthost.dll+713b5|C:\\windows\\SYSTEM32\\psmserviceexthost.dll+7144d|C:\\windows\\SYSTEM32\\psmserviceexthost.dll+50bd0|C:\\windows\\SYSTEM32\\psmserviceexthost.dll+4500a|C:\\windows\\System32\\KERNEL32.DLL+17c24|C:\\windows\\SYSTEM32\\ntdll.dll+6d4d1"}
{"SourceName":"Microsoft-Windows-Sysmon","ProviderGuid":"{5770385f-c22a-43e0-bf4c-06f5698ffbd9}","Level":"4","Keywords":"0x8000000000000000","Channel":"Microsoft-Windows-Sysmon/Operational","Hostname":"WORKSTATION6.theshire.local","TimeCreated":"2020-12-19T07:00:15.994Z","@timestamp":"2020-12-19T07:00:15.994Z","EventID":10,"Message":"Process accessed:\r\nRuleName: -\r\nUtcTime: 2020-12-19 12:00:15.992\r\nSourceProcessGUID: {649442b8-52d8-5fd1-0f00-000000000600}\r\nSourceProcessId: 876\r\nSourceThreadId: 420\r\nSourceImage: C:\\windows\\system32\\svchost.exe\r\nTargetProcessGUID: {649442b8-7bc5-5fd2-070d-000000000600}\r\nTargetProcessId: 4212\r\nTargetImage: C:\\Windows\\SystemApps\\InputApp_cw5n1h2txyewy\\WindowsInternal.ComposableShell.Experiences.TextInput.InputApp.exe\r\nGrantedAccess: 0x1000\r\nCallTrace: C:\\windows\\SYSTEM32\\ntdll.dll+9cbb4|C:\\windows\\SYSTEM32\\psmserviceexthost.dll+222a3|C:\\windows\\SYSTEM32\\psmserviceexthost.dll+1a172|C:\\windows\\SYSTEM32\\psmserviceexthost.dll+19e3b|C:\\windows\\SYSTEM32\\psmserviceexthost.dll+68664|C:\\windows\\SYSTEM32\\psmserviceexthost.dll+6e84a|C:\\windows\\SYSTEM32\\psmserviceexthost.dll+7280e|C:\\windows\\SYSTEM32\\psmserviceexthost.dll+71483|C:\\windows\\SYSTEM32\\psmserviceexthost.dll+50bd0|C:\\windows\\SYSTEM32\\psmserviceexthost.dll+4500a|C:\\windows\\System32\\KERNEL32.DLL+17c24|C:\\windows\\SYSTEM32\\ntdll.dll+6d4d1","Task":"10","RuleName":"-","UtcTime":"2020-12-19 12:00:15.992","SourceProcessGUID":"{649442b8-52d8-5fd1-0f00-000000000600}","SourceProcessId":"876","SourceThreadId":"420","SourceImage":"C:\\windows\\system32\\svchost.exe","TargetProcessGUID":"{649442b8-7bc5-5fd2-070d-000000000600}","TargetProcessId":"4212","TargetImage":"C:\\Windows\\SystemApps\\InputApp_cw5n1h2txyewy\\WindowsInternal.ComposableShell.Experiences.TextInput.InputApp.exe","GrantedAccess":"0x1000","CallTrace":"C:\\windows\\SYSTEM32\\ntdll.dll+9cbb4|C:\\windows\\SYSTEM32\\psmserviceexthost.dll+222a3|C:\\windows\\SYSTEM32\\psmserviceexthost.dll+1a172|C:\\windows\\SYSTEM32\\psmserviceexthost.dll+19e3b|C:\\windows\\SYSTEM32\\psmserviceexthost.dll+68664|C:\\windows\\SYSTEM32\\psmserviceexthost.dll+6e84a|C:\\windows\\SYSTEM32\\psmserviceexthost.dll+7280e|C:\\windows\\SYSTEM32\\psmserviceexthost.dll+71483|C:\\windows\\SYSTEM32\\psmserviceexthost.dll+50bd0|C:\\windows\\SYSTEM32\\psmserviceexthost.dll+4500a|C:\\windows\\System32\\KERNEL32.DLL+17c24|C:\\windows\\SYSTEM32\\ntdll.dll+6d4d1"}
{"SourceName":"Microsoft-Windows-Sysmon","ProviderGuid":"{5770385f-c22a-43e0-bf4c-06f5698ffbd9}","Level":"4","Keywords":"0x8000000000000000","Channel":"Microsoft-Windows-Sysmon/Operational","Hostname":"WORKSTATION6.theshire.local","TimeCreated":"2020-12-19T07:00:15.994Z","@timestamp":"2020-12-19T07:00:15.994Z","EventID":10,"Message":"Process accessed:\r\nRuleName: -\r\nUtcTime: 2020-12-19 12:00:15.992\r\nSourceProcessGUID: {649442b8-52d8-5fd1-0f00-000000000600}\r\nSourceProcessId: 876\r\nSourceThreadId: 420\r\nSourceImage: C:\\windows\\system32\\svchost.exe\r\nTargetProcessGUID: {649442b8-7bc5-5fd2-070d-000000000600}\r\nTargetProcessId: 4212\r\nTargetImage: C:\\Windows\\SystemApps\\InputApp_cw5n1h2txyewy\\WindowsInternal.ComposableShell.Experiences.TextInput.InputApp.exe\r\nGrantedAccess: 0x1000\r\nCallTrace: C:\\windows\\SYSTEM32\\ntdll.dll+9cbb4|C:\\windows\\SYSTEM32\\psmserviceexthost.dll+222a3|C:\\windows\\SYSTEM32\\psmserviceexthost.dll+37ea0|C:\\windows\\SYSTEM32\\psmserviceexthost.dll+37929|C:\\windows\\SYSTEM32\\psmserviceexthost.dll+686f8|C:\\windows\\SYSTEM32\\psmserviceexthost.dll+6e84a|C:\\windows\\SYSTEM32\\psmserviceexthost.dll+7280e|C:\\windows\\SYSTEM32\\psmserviceexthost.dll+71483|C:\\windows\\SYSTEM32\\psmserviceexthost.dll+50bd0|C:\\windows\\SYSTEM32\\psmserviceexthost.dll+4500a|C:\\windows\\System32\\KERNEL32.DLL+17c24|C:\\windows\\SYSTEM32\\ntdll.dll+6d4d1","Task":"10","RuleName":"-","UtcTime":"2020-12-19 12:00:15.992","SourceProcessGUID":"{649442b8-52d8-5fd1-0f00-000000000600}","SourceProcessId":"876","SourceThreadId":"420","SourceImage":"C:\\windows\\system32\\svchost.exe","TargetProcessGUID":"{649442b8-7bc5-5fd2-070d-000000000600}","TargetProcessId":"4212","TargetImage":"C:\\Windows\\SystemApps\\InputApp_cw5n1h2txyewy\\WindowsInternal.ComposableShell.Experiences.TextInput.InputApp.exe","GrantedAccess":"0x1000","CallTrace":"C:\\windows\\SYSTEM32\\ntdll.dll+9cbb4|C:\\windows\\SYSTEM32\\psmserviceexthost.dll+222a3|C:\\windows\\SYSTEM32\\psmserviceexthost.dll+37ea0|C:\\windows\\SYSTEM32\\psmserviceexthost.dll+37929|C:\\windows\\SYSTEM32\\psmserviceexthost.dll+686f8|C:\\windows\\SYSTEM32\\psmserviceexthost.dll+6e84a|C:\\windows\\SYSTEM32\\psmserviceexthost.dll+7280e|C:\\windows\\SYSTEM32\\psmserviceexthost.dll+71483|C:\\windows\\SYSTEM32\\psmserviceexthost.dll+50bd0|C:\\windows\\SYSTEM32\\psmserviceexthost.dll+4500a|C:\\windows\\System32\\KERNEL32.DLL+17c24|C:\\windows\\SYSTEM32\\ntdll.dll+6d4d1"}
{"SourceName":"Microsoft-Windows-Sysmon","ProviderGuid":"{5770385f-c22a-43e0-bf4c-06f5698ffbd9}","Level":"4","Keywords":"0x8000000000000000","Channel":"Microsoft-Windows-Sysmon/Operational","Hostname":"WORKSTATION6.theshire.local","TimeCreated":"2020-12-19T07:00:17.008Z","@timestamp":"2020-12-19T07:00:17.008Z","EventID":10,"Message":"Process accessed:\r\nRuleName: -\r\nUtcTime: 2020-12-19 12:00:17.008\r\nSourceProcessGUID: {649442b8-52d8-5fd1-0f00-000000000600}\r\nSourceProcessId: 876\r\nSourceThreadId: 420\r\nSourceImage: C:\\windows\\system32\\svchost.exe\r\nTargetProcessGUID: {649442b8-7bc5-5fd2-070d-000000000600}\r\nTargetProcessId: 4212\r\nTargetImage: C:\\Windows\\SystemApps\\InputApp_cw5n1h2txyewy\\WindowsInternal.ComposableShell.Experiences.TextInput.InputApp.exe\r\nGrantedAccess: 0x1000\r\nCallTrace: C:\\windows\\SYSTEM32\\ntdll.dll+9cbb4|C:\\windows\\SYSTEM32\\psmserviceexthost.dll+222a3|C:\\windows\\SYSTEM32\\psmserviceexthost.dll+37ea0|C:\\windows\\SYSTEM32\\psmserviceexthost.dll+37929|C:\\windows\\SYSTEM32\\psmserviceexthost.dll+686f8|C:\\windows\\SYSTEM32\\psmserviceexthost.dll+6e84a|C:\\windows\\SYSTEM32\\psmserviceexthost.dll+6f700|C:\\windows\\SYSTEM32\\psmserviceexthost.dll+34be4|C:\\windows\\SYSTEM32\\psmserviceexthost.dll+6f63e|C:\\windows\\SYSTEM32\\psmserviceexthost.dll+713b5|C:\\windows\\SYSTEM32\\psmserviceexthost.dll+7144d|C:\\windows\\SYSTEM32\\psmserviceexthost.dll+50bd0|C:\\windows\\SYSTEM32\\psmserviceexthost.dll+4500a|C:\\windows\\System32\\KERNEL32.DLL+17c24|C:\\windows\\SYSTEM32\\ntdll.dll+6d4d1","Task":"10","RuleName":"-","UtcTime":"2020-12-19 12:00:17.008","SourceProcessGUID":"{649442b8-52d8-5fd1-0f00-000000000600}","SourceProcessId":"876","SourceThreadId":"420","SourceImage":"C:\\windows\\system32\\svchost.exe","TargetProcessGUID":"{649442b8-7bc5-5fd2-070d-000000000600}","TargetProcessId":"4212","TargetImage":"C:\\Windows\\SystemApps\\InputApp_cw5n1h2txyewy\\WindowsInternal.ComposableShell.Experiences.TextInput.InputApp.exe","GrantedAccess":"0x1000","CallTrace":"C:\\windows\\SYSTEM32\\ntdll.dll+9cbb4|C:\\windows\\SYSTEM32\\psmserviceexthost.dll+222a3|C:\\windows\\SYSTEM32\\psmserviceexthost.dll+37ea0|C:\\windows\\SYSTEM32\\psmserviceexthost.dll+37929|C:\\windows\\SYSTEM32\\psmserviceexthost.dll+686f8|C:\\windows\\SYSTEM32\\psmserviceexthost.dll+6e84a|C:\\windows\\SYSTEM32\\psmserviceexthost.dll+6f700|C:\\windows\\SYSTEM32\\psmserviceexthost.dll+34be4|C:\\windows\\SYSTEM32\\psmserviceexthost.dll+6f63e|C:\\windows\\SYSTEM32\\psmserviceexthost.dll+713b5|C:\\windows\\SYSTEM32\\psmserviceexthost.dll+7144d|C:\\windows\\SYSTEM32\\psmserviceexthost.dll+50bd0|C:\\windows\\SYSTEM32\\psmserviceexthost.dll+4500a|C:\\windows\\System32\\KERNEL32.DLL+17c24|C:\\windows\\SYSTEM32\\ntdll.dll+6d4d1"}
{"SourceName":"Microsoft-Windows-Sysmon","ProviderGuid":"{5770385f-c22a-43e0-bf4c-06f5698ffbd9}","Level":"4","Keywords":"0x8000000000000000","Channel":"Microsoft-Windows-Sysmon/Operational","Hostname":"WORKSTATION6.theshire.local","TimeCreated":"2020-12-19T07:00:17.009Z","@timestamp":"2020-12-19T07:00:17.009Z","EventID":10,"Message":"Process accessed:\r\nRuleName: -\r\nUtcTime: 2020-12-19 12:00:17.008\r\nSourceProcessGUID: {649442b8-52d8-5fd1-0f00-000000000600}\r\nSourceProcessId: 876\r\nSourceThreadId: 420\r\nSourceImage: C:\\windows\\system32\\svchost.exe\r\nTargetProcessGUID: {649442b8-7bc5-5fd2-070d-000000000600}\r\nTargetProcessId: 4212\r\nTargetImage: C:\\Windows\\SystemApps\\InputApp_cw5n1h2txyewy\\WindowsInternal.ComposableShell.Experiences.TextInput.InputApp.exe\r\nGrantedAccess: 0x1000\r\nCallTrace: C:\\windows\\SYSTEM32\\ntdll.dll+9cbb4|C:\\windows\\SYSTEM32\\psmserviceexthost.dll+222a3|C:\\windows\\SYSTEM32\\psmserviceexthost.dll+1a172|C:\\windows\\SYSTEM32\\psmserviceexthost.dll+19e3b|C:\\windows\\SYSTEM32\\psmserviceexthost.dll+68664|C:\\windows\\SYSTEM32\\psmserviceexthost.dll+6e84a|C:\\windows\\SYSTEM32\\psmserviceexthost.dll+7280e|C:\\windows\\SYSTEM32\\psmserviceexthost.dll+71483|C:\\windows\\SYSTEM32\\psmserviceexthost.dll+50bd0|C:\\windows\\SYSTEM32\\psmserviceexthost.dll+4500a|C:\\windows\\System32\\KERNEL32.DLL+17c24|C:\\windows\\SYSTEM32\\ntdll.dll+6d4d1","Task":"10","RuleName":"-","UtcTime":"2020-12-19 12:00:17.008","SourceProcessGUID":"{649442b8-52d8-5fd1-0f00-000000000600}","SourceProcessId":"876","SourceThreadId":"420","SourceImage":"C:\\windows\\system32\\svchost.exe","TargetProcessGUID":"{649442b8-7bc5-5fd2-070d-000000000600}","TargetProcessId":"4212","TargetImage":"C:\\Windows\\SystemApps\\InputApp_cw5n1h2txyewy\\WindowsInternal.ComposableShell.Experiences.TextInput.InputApp.exe","GrantedAccess":"0x1000","CallTrace":"C:\\windows\\SYSTEM32\\ntdll.dll+9cbb4|C:\\windows\\SYSTEM32\\psmserviceexthost.dll+222a3|C:\\windows\\SYSTEM32\\psmserviceexthost.dll+1a172|C:\\windows\\SYSTEM32\\psmserviceexthost.dll+19e3b|C:\\windows\\SYSTEM32\\psmserviceexthost.dll+68664|C:\\windows\\SYSTEM32\\psmserviceexthost.dll+6e84a|C:\\windows\\SYSTEM32\\psmserviceexthost.dll+7280e|C:\\windows\\SYSTEM32\\psmserviceexthost.dll+71483|C:\\windows\\SYSTEM32\\psmserviceexthost.dll+50bd0|C:\\windows\\SYSTEM32\\psmserviceexthost.dll+4500a|C:\\windows\\System32\\KERNEL32.DLL+17c24|C:\\windows\\SYSTEM32\\ntdll.dll+6d4d1"}
{"SourceName":"Microsoft-Windows-Sysmon","ProviderGuid":"{5770385f-c22a-43e0-bf4c-06f5698ffbd9}","Level":"4","Keywords":"0x8000000000000000","Channel":"Microsoft-Windows-Sysmon/Operational","Hostname":"WORKSTATION6.theshire.local","TimeCreated":"2020-12-19T07:00:17.009Z","@timestamp":"2020-12-19T07:00:17.009Z","EventID":10,"Message":"Process accessed:\r\nRuleName: -\r\nUtcTime: 2020-12-19 12:00:17.008\r\nSourceProcessGUID: {649442b8-52d8-5fd1-0f00-000000000600}\r\nSourceProcessId: 876\r\nSourceThreadId: 420\r\nSourceImage: C:\\windows\\system32\\svchost.exe\r\nTargetProcessGUID: {649442b8-7bc5-5fd2-070d-000000000600}\r\nTargetProcessId: 4212\r\nTargetImage: C:\\Windows\\SystemApps\\InputApp_cw5n1h2txyewy\\WindowsInternal.ComposableShell.Experiences.TextInput.InputApp.exe\r\nGrantedAccess: 0x1000\r\nCallTrace: C:\\windows\\SYSTEM32\\ntdll.dll+9cbb4|C:\\windows\\SYSTEM32\\psmserviceexthost.dll+222a3|C:\\windows\\SYSTEM32\\psmserviceexthost.dll+37ea0|C:\\windows\\SYSTEM32\\psmserviceexthost.dll+37929|C:\\windows\\SYSTEM32\\psmserviceexthost.dll+686f8|C:\\windows\\SYSTEM32\\psmserviceexthost.dll+6e84a|C:\\windows\\SYSTEM32\\psmserviceexthost.dll+7280e|C:\\windows\\SYSTEM32\\psmserviceexthost.dll+71483|C:\\windows\\SYSTEM32\\psmserviceexthost.dll+50bd0|C:\\windows\\SYSTEM32\\psmserviceexthost.dll+4500a|C:\\windows\\System32\\KERNEL32.DLL+17c24|C:\\windows\\SYSTEM32\\ntdll.dll+6d4d1","Task":"10","RuleName":"-","UtcTime":"2020-12-19 12:00:17.008","SourceProcessGUID":"{649442b8-52d8-5fd1-0f00-000000000600}","SourceProcessId":"876","SourceThreadId":"420","SourceImage":"C:\\windows\\system32\\svchost.exe","TargetProcessGUID":"{649442b8-7bc5-5fd2-070d-000000000600}","TargetProcessId":"4212","TargetImage":"C:\\Windows\\SystemApps\\InputApp_cw5n1h2txyewy\\WindowsInternal.ComposableShell.Experiences.TextInput.InputApp.exe","GrantedAccess":"0x1000","CallTrace":"C:\\windows\\SYSTEM32\\ntdll.dll+9cbb4|C:\\windows\\SYSTEM32\\psmserviceexthost.dll+222a3|C:\\windows\\SYSTEM32\\psmserviceexthost.dll+37ea0|C:\\windows\\SYSTEM32\\psmserviceexthost.dll+37929|C:\\windows\\SYSTEM32\\psmserviceexthost.dll+686f8|C:\\windows\\SYSTEM32\\psmserviceexthost.dll+6e84a|C:\\windows\\SYSTEM32\\psmserviceexthost.dll+7280e|C:\\windows\\SYSTEM32\\psmserviceexthost.dll+71483|C:\\windows\\SYSTEM32\\psmserviceexthost.dll+50bd0|C:\\windows\\SYSTEM32\\psmserviceexthost.dll+4500a|C:\\windows\\System32\\KERNEL32.DLL+17c24|C:\\windows\\SYSTEM32\\ntdll.dll+6d4d1"}
{"SourceName":"Microsoft-Windows-Sysmon","ProviderGuid":"{5770385f-c22a-43e0-bf4c-06f5698ffbd9}","Level":"4","Keywords":"0x8000000000000000","Channel":"Microsoft-Windows-Sysmon/Operational","Hostname":"WORKSTATION6.theshire.local","TimeCreated":"2020-12-19T07:00:18.015Z","@timestamp":"2020-12-19T07:00:18.015Z","EventID":10,"Message":"Process accessed:\r\nRuleName: -\r\nUtcTime: 2020-12-19 12:00:18.014\r\nSourceProcessGUID: {649442b8-52d8-5fd1-0f00-000000000600}\r\nSourceProcessId: 876\r\nSourceThreadId: 420\r\nSourceImage: C:\\windows\\system32\\svchost.exe\r\nTargetProcessGUID: {649442b8-7bc5-5fd2-070d-000000000600}\r\nTargetProcessId: 4212\r\nTargetImage: C:\\Windows\\SystemApps\\InputApp_cw5n1h2txyewy\\WindowsInternal.ComposableShell.Experiences.TextInput.InputApp.exe\r\nGrantedAccess: 0x1000\r\nCallTrace: C:\\windows\\SYSTEM32\\ntdll.dll+9cbb4|C:\\windows\\SYSTEM32\\psmserviceexthost.dll+222a3|C:\\windows\\SYSTEM32\\psmserviceexthost.dll+37ea0|C:\\windows\\SYSTEM32\\psmserviceexthost.dll+37929|C:\\windows\\SYSTEM32\\psmserviceexthost.dll+686f8|C:\\windows\\SYSTEM32\\psmserviceexthost.dll+6e84a|C:\\windows\\SYSTEM32\\psmserviceexthost.dll+6f700|C:\\windows\\SYSTEM32\\psmserviceexthost.dll+34be4|C:\\windows\\SYSTEM32\\psmserviceexthost.dll+6f63e|C:\\windows\\SYSTEM32\\psmserviceexthost.dll+713b5|C:\\windows\\SYSTEM32\\psmserviceexthost.dll+7144d|C:\\windows\\SYSTEM32\\psmserviceexthost.dll+50bd0|C:\\windows\\SYSTEM32\\psmserviceexthost.dll+4500a|C:\\windows\\System32\\KERNEL32.DLL+17c24|C:\\windows\\SYSTEM32\\ntdll.dll+6d4d1","Task":"10","RuleName":"-","UtcTime":"2020-12-19 12:00:18.014","SourceProcessGUID":"{649442b8-52d8-5fd1-0f00-000000000600}","SourceProcessId":"876","SourceThreadId":"420","SourceImage":"C:\\windows\\system32\\svchost.exe","TargetProcessGUID":"{649442b8-7bc5-5fd2-070d-000000000600}","TargetProcessId":"4212","TargetImage":"C:\\Windows\\SystemApps\\InputApp_cw5n1h2txyewy\\WindowsInternal.ComposableShell.Experiences.TextInput.InputApp.exe","GrantedAccess":"0x1000","CallTrace":"C:\\windows\\SYSTEM32\\ntdll.dll+9cbb4|C:\\windows\\SYSTEM32\\psmserviceexthost.dll+222a3|C:\\windows\\SYSTEM32\\psmserviceexthost.dll+37ea0|C:\\windows\\SYSTEM32\\psmserviceexthost.dll+37929|C:\\windows\\SYSTEM32\\psmserviceexthost.dll+686f8|C:\\windows\\SYSTEM32\\psmserviceexthost.dll+6e84a|C:\\windows\\SYSTEM32\\psmserviceexthost.dll+6f700|C:\\windows\\SYSTEM32\\psmserviceexthost.dll+34be4|C:\\windows\\SYSTEM32\\psmserviceexthost.dll+6f63e|C:\\windows\\SYSTEM32\\psmserviceexthost.dll+713b5|C:\\windows\\SYSTEM32\\psmserviceexthost.dll+7144d|C:\\windows\\SYSTEM32\\psmserviceexthost.dll+50bd0|C:\\windows\\SYSTEM32\\psmserviceexthost.dll+4500a|C:\\windows\\System32\\KERNEL32.DLL+17c24|C:\\windows\\SYSTEM32\\ntdll.dll+6d4d1"}
{"SourceName":"Microsoft-Windows-Sysmon","ProviderGuid":"{5770385f-c22a-43e0-bf4c-06f5698ffbd9}","Level":"4","Keywords":"0x8000000000000000","Channel":"Microsoft-Windows-Sysmon/Operational","Hostname":"WORKSTATION6.theshire.local","TimeCreated":"2020-12-19T07:00:18.015Z","@timestamp":"2020-12-19T07:00:18.015Z","EventID":10,"Message":"Process accessed:\r\nRuleName: -\r\nUtcTime: 2020-12-19 12:00:18.014\r\nSourceProcessGUID: {649442b8-52d8-5fd1-0f00-000000000600}\r\nSourceProcessId: 876\r\nSourceThreadId: 420\r\nSourceImage: C:\\windows\\system32\\svchost.exe\r\nTargetProcessGUID: {649442b8-7bc5-5fd2-070d-000000000600}\r\nTargetProcessId: 4212\r\nTargetImage: C:\\Windows\\SystemApps\\InputApp_cw5n1h2txyewy\\WindowsInternal.ComposableShell.Experiences.TextInput.InputApp.exe\r\nGrantedAccess: 0x1000\r\nCallTrace: C:\\windows\\SYSTEM32\\ntdll.dll+9cbb4|C:\\windows\\SYSTEM32\\psmserviceexthost.dll+222a3|C:\\windows\\SYSTEM32\\psmserviceexthost.dll+1a172|C:\\windows\\SYSTEM32\\psmserviceexthost.dll+19e3b|C:\\windows\\SYSTEM32\\psmserviceexthost.dll+68664|C:\\windows\\SYSTEM32\\psmserviceexthost.dll+6e84a|C:\\windows\\SYSTEM32\\psmserviceexthost.dll+7280e|C:\\windows\\SYSTEM32\\psmserviceexthost.dll+71483|C:\\windows\\SYSTEM32\\psmserviceexthost.dll+50bd0|C:\\windows\\SYSTEM32\\psmserviceexthost.dll+4500a|C:\\windows\\System32\\KERNEL32.DLL+17c24|C:\\windows\\SYSTEM32\\ntdll.dll+6d4d1","Task":"10","RuleName":"-","UtcTime":"2020-12-19 12:00:18.014","SourceProcessGUID":"{649442b8-52d8-5fd1-0f00-000000000600}","SourceProcessId":"876","SourceThreadId":"420","SourceImage":"C:\\windows\\system32\\svchost.exe","TargetProcessGUID":"{649442b8-7bc5-5fd2-070d-000000000600}","TargetProcessId":"4212","TargetImage":"C:\\Windows\\SystemApps\\InputApp_cw5n1h2txyewy\\WindowsInternal.ComposableShell.Experiences.TextInput.InputApp.exe","GrantedAccess":"0x1000","CallTrace":"C:\\windows\\SYSTEM32\\ntdll.dll+9cbb4|C:\\windows\\SYSTEM32\\psmserviceexthost.dll+222a3|C:\\windows\\SYSTEM32\\psmserviceexthost.dll+1a172|C:\\windows\\SYSTEM32\\psmserviceexthost.dll+19e3b|C:\\windows\\SYSTEM32\\psmserviceexthost.dll+68664|C:\\windows\\SYSTEM32\\psmserviceexthost.dll+6e84a|C:\\windows\\SYSTEM32\\psmserviceexthost.dll+7280e|C:\\windows\\SYSTEM32\\psmserviceexthost.dll+71483|C:\\windows\\SYSTEM32\\psmserviceexthost.dll+50bd0|C:\\windows\\SYSTEM32\\psmserviceexthost.dll+4500a|C:\\windows\\System32\\KERNEL32.DLL+17c24|C:\\windows\\SYSTEM32\\ntdll.dll+6d4d1"}
{"SourceName":"Microsoft-Windows-Sysmon","ProviderGuid":"{5770385f-c22a-43e0-bf4c-06f5698ffbd9}","Level":"4","Keywords":"0x8000000000000000","Channel":"Microsoft-Windows-Sysmon/Operational","Hostname":"WORKSTATION6.theshire.local","TimeCreated":"2020-12-19T07:00:18.015Z","@timestamp":"2020-12-19T07:00:18.015Z","EventID":10,"Message":"Process accessed:\r\nRuleName: -\r\nUtcTime: 2020-12-19 12:00:18.014\r\nSourceProcessGUID: {649442b8-52d8-5fd1-0f00-000000000600}\r\nSourceProcessId: 876\r\nSourceThreadId: 420\r\nSourceImage: C:\\windows\\system32\\svchost.exe\r\nTargetProcessGUID: {649442b8-7bc5-5fd2-070d-000000000600}\r\nTargetProcessId: 4212\r\nTargetImage: C:\\Windows\\SystemApps\\InputApp_cw5n1h2txyewy\\WindowsInternal.ComposableShell.Experiences.TextInput.InputApp.exe\r\nGrantedAccess: 0x1000\r\nCallTrace: C:\\windows\\SYSTEM32\\ntdll.dll+9cbb4|C:\\windows\\SYSTEM32\\psmserviceexthost.dll+222a3|C:\\windows\\SYSTEM32\\psmserviceexthost.dll+37ea0|C:\\windows\\SYSTEM32\\psmserviceexthost.dll+37929|C:\\windows\\SYSTEM32\\psmserviceexthost.dll+686f8|C:\\windows\\SYSTEM32\\psmserviceexthost.dll+6e84a|C:\\windows\\SYSTEM32\\psmserviceexthost.dll+7280e|C:\\windows\\SYSTEM32\\psmserviceexthost.dll+71483|C:\\windows\\SYSTEM32\\psmserviceexthost.dll+50bd0|C:\\windows\\SYSTEM32\\psmserviceexthost.dll+4500a|C:\\windows\\System32\\KERNEL32.DLL+17c24|C:\\windows\\SYSTEM32\\ntdll.dll+6d4d1","Task":"10","RuleName":"-","UtcTime":"2020-12-19 12:00:18.014","SourceProcessGUID":"{649442b8-52d8-5fd1-0f00-000000000600}","SourceProcessId":"876","SourceThreadId":"420","SourceImage":"C:\\windows\\system32\\svchost.exe","TargetProcessGUID":"{649442b8-7bc5-5fd2-070d-000000000600}","TargetProcessId":"4212","TargetImage":"C:\\Windows\\SystemApps\\InputApp_cw5n1h2txyewy\\WindowsInternal.ComposableShell.Experiences.TextInput.InputApp.exe","GrantedAccess":"0x1000","CallTrace":"C:\\windows\\SYSTEM32\\ntdll.dll+9cbb4|C:\\windows\\SYSTEM32\\psmserviceexthost.dll+222a3|C:\\windows\\SYSTEM32\\psmserviceexthost.dll+37ea0|C:\\windows\\SYSTEM32\\psmserviceexthost.dll+37929|C:\\windows\\SYSTEM32\\psmserviceexthost.dll+686f8|C:\\windows\\SYSTEM32\\psmserviceexthost.dll+6e84a|C:\\windows\\SYSTEM32\\psmserviceexthost.dll+7280e|C:\\windows\\SYSTEM32\\psmserviceexthost.dll+71483|C:\\windows\\SYSTEM32\\psmserviceexthost.dll+50bd0|C:\\windows\\SYSTEM32\\psmserviceexthost.dll+4500a|C:\\windows\\System32\\KERNEL32.DLL+17c24|C:\\windows\\SYSTEM32\\ntdll.dll+6d4d1"}
{"SourceName":"Microsoft-Windows-Sysmon","ProviderGuid":"{5770385f-c22a-43e0-bf4c-06f5698ffbd9}","Level":"4","Keywords":"0x8000000000000000","Channel":"Microsoft-Windows-Sysmon/Operational","Hostname":"WORKSTATION6.theshire.local","TimeCreated":"2020-12-19T07:00:18.883Z","@timestamp":"2020-12-19T07:00:18.883Z","EventID":13,"Message":"Registry value set:\r\nRuleName: -\r\nEventType: SetValue\r\nUtcTime: 2020-12-19 12:00:18.883\r\nProcessGuid: {649442b8-7843-5fd2-6c0c-000000000600}\r\nProcessId: 6436\r\nImage: C:\\windows\\Explorer.EXE\r\nTargetObject: HKU\\S-1-5-21-3786818125-2382361537-3207726629-1106\\Software\\Microsoft\\Windows\\CurrentVersion\\Explorer\\UserAssist\\{CEBFF5CD-ACE2-4F4F-9178-9926F41749EA}\\Count\\{1NP14R77-02R7-4R5Q-O744-2RO1NR5198O7}\\JvaqbjfCbjreFuryy\\i1.0\\cbjrefuryy.rkr\r\nDetails: Binary Data","Task":"13","RuleName":"-","EventType":"SetValue","UtcTime":"2020-12-19 12:00:18.883","ProcessGuid":"{649442b8-7843-5fd2-6c0c-000000000600}","ProcessId":"6436","Image":"C:\\windows\\Explorer.EXE","TargetObject":"HKU\\S-1-5-21-3786818125-2382361537-3207726629-1106\\Software\\Microsoft\\Windows\\CurrentVersion\\Explorer\\UserAssist\\{CEBFF5CD-ACE2-4F4F-9178-9926F41749EA}\\Count\\{1NP14R77-02R7-4R5Q-O744-2RO1NR5198O7}\\JvaqbjfCbjreFuryy\\i1.0\\cbjrefuryy.rkr","Details":"Binary Data"}
{"SourceName":"Microsoft-Windows-Sysmon","ProviderGuid":"{5770385f-c22a-43e0-bf4c-06f5698ffbd9}","Level":"4","Keywords":"0x8000000000000000","Channel":"Microsoft-Windows-Sysmon/Operational","Hostname":"WORKSTATION6.theshire.local","TimeCreated":"2020-12-19T07:00:18.884Z","@timestamp":"2020-12-19T07:00:18.884Z","EventID":13,"Message":"Registry value set:\r\nRuleName: -\r\nEventType: SetValue\r\nUtcTime: 2020-12-19 12:00:18.883\r\nProcessGuid: {649442b8-7843-5fd2-6c0c-000000000600}\r\nProcessId: 6436\r\nImage: C:\\windows\\Explorer.EXE\r\nTargetObject: HKU\\S-1-5-21-3786818125-2382361537-3207726629-1106\\Software\\Microsoft\\Windows\\CurrentVersion\\Explorer\\UserAssist\\{CEBFF5CD-ACE2-4F4F-9178-9926F41749EA}\\Count\\HRZR_PGYFRFFVBA\r\nDetails: Binary Data","Task":"13","RuleName":"-","EventType":"SetValue","UtcTime":"2020-12-19 12:00:18.883","ProcessGuid":"{649442b8-7843-5fd2-6c0c-000000000600}","ProcessId":"6436","Image":"C:\\windows\\Explorer.EXE","TargetObject":"HKU\\S-1-5-21-3786818125-2382361537-3207726629-1106\\Software\\Microsoft\\Windows\\CurrentVersion\\Explorer\\UserAssist\\{CEBFF5CD-ACE2-4F4F-9178-9926F41749EA}\\Count\\HRZR_PGYFRFFVBA","Details":"Binary Data"}
{"SourceName":"Microsoft-Windows-Sysmon","ProviderGuid":"{5770385f-c22a-43e0-bf4c-06f5698ffbd9}","Level":"4","Keywords":"0x8000000000000000","Channel":"Microsoft-Windows-Sysmon/Operational","Hostname":"WORKSTATION6.theshire.local","TimeCreated":"2020-12-19T07:00:19.024Z","@timestamp":"2020-12-19T07:00:19.024Z","EventID":10,"Message":"Process accessed:\r\nRuleName: -\r\nUtcTime: 2020-12-19 12:00:19.024\r\nSourceProcessGUID: {649442b8-52d8-5fd1-0f00-000000000600}\r\nSourceProcessId: 876\r\nSourceThreadId: 420\r\nSourceImage: C:\\windows\\system32\\svchost.exe\r\nTargetProcessGUID: {649442b8-7bc5-5fd2-070d-000000000600}\r\nTargetProcessId: 4212\r\nTargetImage: C:\\Windows\\SystemApps\\InputApp_cw5n1h2txyewy\\WindowsInternal.ComposableShell.Experiences.TextInput.InputApp.exe\r\nGrantedAccess: 0x1000\r\nCallTrace: C:\\windows\\SYSTEM32\\ntdll.dll+9cbb4|C:\\windows\\SYSTEM32\\psmserviceexthost.dll+222a3|C:\\windows\\SYSTEM32\\psmserviceexthost.dll+37ea0|C:\\windows\\SYSTEM32\\psmserviceexthost.dll+37929|C:\\windows\\SYSTEM32\\psmserviceexthost.dll+686f8|C:\\windows\\SYSTEM32\\psmserviceexthost.dll+6e84a|C:\\windows\\SYSTEM32\\psmserviceexthost.dll+6f700|C:\\windows\\SYSTEM32\\psmserviceexthost.dll+34be4|C:\\windows\\SYSTEM32\\psmserviceexthost.dll+6f63e|C:\\windows\\SYSTEM32\\psmserviceexthost.dll+713b5|C:\\windows\\SYSTEM32\\psmserviceexthost.dll+7144d|C:\\windows\\SYSTEM32\\psmserviceexthost.dll+50bd0|C:\\windows\\SYSTEM32\\psmserviceexthost.dll+4500a|C:\\windows\\System32\\KERNEL32.DLL+17c24|C:\\windows\\SYSTEM32\\ntdll.dll+6d4d1","Task":"10","RuleName":"-","UtcTime":"2020-12-19 12:00:19.024","SourceProcessGUID":"{649442b8-52d8-5fd1-0f00-000000000600}","SourceProcessId":"876","SourceThreadId":"420","SourceImage":"C:\\windows\\system32\\svchost.exe","TargetProcessGUID":"{649442b8-7bc5-5fd2-070d-000000000600}","TargetProcessId":"4212","TargetImage":"C:\\Windows\\SystemApps\\InputApp_cw5n1h2txyewy\\WindowsInternal.ComposableShell.Experiences.TextInput.InputApp.exe","GrantedAccess":"0x1000","CallTrace":"C:\\windows\\SYSTEM32\\ntdll.dll+9cbb4|C:\\windows\\SYSTEM32\\psmserviceexthost.dll+222a3|C:\\windows\\SYSTEM32\\psmserviceexthost.dll+37ea0|C:\\windows\\SYSTEM32\\psmserviceexthost.dll+37929|C:\\windows\\SYSTEM32\\psmserviceexthost.dll+686f8|C:\\windows\\SYSTEM32\\psmserviceexthost.dll+6e84a|C:\\windows\\SYSTEM32\\psmserviceexthost.dll+6f700|C:\\windows\\SYSTEM32\\psmserviceexthost.dll+34be4|C:\\windows\\SYSTEM32\\psmserviceexthost.dll+6f63e|C:\\windows\\SYSTEM32\\psmserviceexthost.dll+713b5|C:\\windows\\SYSTEM32\\psmserviceexthost.dll+7144d|C:\\windows\\SYSTEM32\\psmserviceexthost.dll+50bd0|C:\\windows\\SYSTEM32\\psmserviceexthost.dll+4500a|C:\\windows\\System32\\KERNEL32.DLL+17c24|C:\\windows\\SYSTEM32\\ntdll.dll+6d4d1"}
{"SourceName":"Microsoft-Windows-Sysmon","ProviderGuid":"{5770385f-c22a-43e0-bf4c-06f5698ffbd9}","Level":"4","Keywords":"0x8000000000000000","Channel":"Microsoft-Windows-Sysmon/Operational","Hostname":"WORKSTATION6.theshire.local","TimeCreated":"2020-12-19T07:00:19.025Z","@timestamp":"2020-12-19T07:00:19.025Z","EventID":10,"Message":"Process accessed:\r\nRuleName: -\r\nUtcTime: 2020-12-19 12:00:19.024\r\nSourceProcessGUID: {649442b8-52d8-5fd1-0f00-000000000600}\r\nSourceProcessId: 876\r\nSourceThreadId: 420\r\nSourceImage: C:\\windows\\system32\\svchost.exe\r\nTargetProcessGUID: {649442b8-7bc5-5fd2-070d-000000000600}\r\nTargetProcessId: 4212\r\nTargetImage: C:\\Windows\\SystemApps\\InputApp_cw5n1h2txyewy\\WindowsInternal.ComposableShell.Experiences.TextInput.InputApp.exe\r\nGrantedAccess: 0x1000\r\nCallTrace: C:\\windows\\SYSTEM32\\ntdll.dll+9cbb4|C:\\windows\\SYSTEM32\\psmserviceexthost.dll+222a3|C:\\windows\\SYSTEM32\\psmserviceexthost.dll+1a172|C:\\windows\\SYSTEM32\\psmserviceexthost.dll+19e3b|C:\\windows\\SYSTEM32\\psmserviceexthost.dll+68664|C:\\windows\\SYSTEM32\\psmserviceexthost.dll+6e84a|C:\\windows\\SYSTEM32\\psmserviceexthost.dll+7280e|C:\\windows\\SYSTEM32\\psmserviceexthost.dll+71483|C:\\windows\\SYSTEM32\\psmserviceexthost.dll+50bd0|C:\\windows\\SYSTEM32\\psmserviceexthost.dll+4500a|C:\\windows\\System32\\KERNEL32.DLL+17c24|C:\\windows\\SYSTEM32\\ntdll.dll+6d4d1","Task":"10","RuleName":"-","UtcTime":"2020-12-19 12:00:19.024","SourceProcessGUID":"{649442b8-52d8-5fd1-0f00-000000000600}","SourceProcessId":"876","SourceThreadId":"420","SourceImage":"C:\\windows\\system32\\svchost.exe","TargetProcessGUID":"{649442b8-7bc5-5fd2-070d-000000000600}","TargetProcessId":"4212","TargetImage":"C:\\Windows\\SystemApps\\InputApp_cw5n1h2txyewy\\WindowsInternal.ComposableShell.Experiences.TextInput.InputApp.exe","GrantedAccess":"0x1000","CallTrace":"C:\\windows\\SYSTEM32\\ntdll.dll+9cbb4|C:\\windows\\SYSTEM32\\psmserviceexthost.dll+222a3|C:\\windows\\SYSTEM32\\psmserviceexthost.dll+1a172|C:\\windows\\SYSTEM32\\psmserviceexthost.dll+19e3b|C:\\windows\\SYSTEM32\\psmserviceexthost.dll+68664|C:\\windows\\SYSTEM32\\psmserviceexthost.dll+6e84a|C:\\windows\\SYSTEM32\\psmserviceexthost.dll+7280e|C:\\windows\\SYSTEM32\\psmserviceexthost.dll+71483|C:\\windows\\SYSTEM32\\psmserviceexthost.dll+50bd0|C:\\windows\\SYSTEM32\\psmserviceexthost.dll+4500a|C:\\windows\\System32\\KERNEL32.DLL+17c24|C:\\windows\\SYSTEM32\\ntdll.dll+6d4d1"}
{"SourceName":"Microsoft-Windows-Sysmon","ProviderGuid":"{5770385f-c22a-43e0-bf4c-06f5698ffbd9}","Level":"4","Keywords":"0x8000000000000000","Channel":"Microsoft-Windows-Sysmon/Operational","Hostname":"WORKSTATION6.theshire.local","TimeCreated":"2020-12-19T07:00:19.025Z","@timestamp":"2020-12-19T07:00:19.025Z","EventID":10,"Message":"Process accessed:\r\nRuleName: -\r\nUtcTime: 2020-12-19 12:00:19.024\r\nSourceProcessGUID: {649442b8-52d8-5fd1-0f00-000000000600}\r\nSourceProcessId: 876\r\nSourceThreadId: 420\r\nSourceImage: C:\\windows\\system32\\svchost.exe\r\nTargetProcessGUID: {649442b8-7bc5-5fd2-070d-000000000600}\r\nTargetProcessId: 4212\r\nTargetImage: C:\\Windows\\SystemApps\\InputApp_cw5n1h2txyewy\\WindowsInternal.ComposableShell.Experiences.TextInput.InputApp.exe\r\nGrantedAccess: 0x1000\r\nCallTrace: C:\\windows\\SYSTEM32\\ntdll.dll+9cbb4|C:\\windows\\SYSTEM32\\psmserviceexthost.dll+222a3|C:\\windows\\SYSTEM32\\psmserviceexthost.dll+37ea0|C:\\windows\\SYSTEM32\\psmserviceexthost.dll+37929|C:\\windows\\SYSTEM32\\psmserviceexthost.dll+686f8|C:\\windows\\SYSTEM32\\psmserviceexthost.dll+6e84a|C:\\windows\\SYSTEM32\\psmserviceexthost.dll+7280e|C:\\windows\\SYSTEM32\\psmserviceexthost.dll+71483|C:\\windows\\SYSTEM32\\psmserviceexthost.dll+50bd0|C:\\windows\\SYSTEM32\\psmserviceexthost.dll+4500a|C:\\windows\\System32\\KERNEL32.DLL+17c24|C:\\windows\\SYSTEM32\\ntdll.dll+6d4d1","Task":"10","RuleName":"-","UtcTime":"2020-12-19 12:00:19.024","SourceProcessGUID":"{649442b8-52d8-5fd1-0f00-000000000600}","SourceProcessId":"876","SourceThreadId":"420","SourceImage":"C:\\windows\\system32\\svchost.exe","TargetProcessGUID":"{649442b8-7bc5-5fd2-070d-000000000600}","TargetProcessId":"4212","TargetImage":"C:\\Windows\\SystemApps\\InputApp_cw5n1h2txyewy\\WindowsInternal.ComposableShell.Experiences.TextInput.InputApp.exe","GrantedAccess":"0x1000","CallTrace":"C:\\windows\\SYSTEM32\\ntdll.dll+9cbb4|C:\\windows\\SYSTEM32\\psmserviceexthost.dll+222a3|C:\\windows\\SYSTEM32\\psmserviceexthost.dll+37ea0|C:\\windows\\SYSTEM32\\psmserviceexthost.dll+37929|C:\\windows\\SYSTEM32\\psmserviceexthost.dll+686f8|C:\\windows\\SYSTEM32\\psmserviceexthost.dll+6e84a|C:\\windows\\SYSTEM32\\psmserviceexthost.dll+7280e|C:\\windows\\SYSTEM32\\psmserviceexthost.dll+71483|C:\\windows\\SYSTEM32\\psmserviceexthost.dll+50bd0|C:\\windows\\SYSTEM32\\psmserviceexthost.dll+4500a|C:\\windows\\System32\\KERNEL32.DLL+17c24|C:\\windows\\SYSTEM32\\ntdll.dll+6d4d1"}
{"SourceName":"Microsoft-Windows-Sysmon","ProviderGuid":"{5770385f-c22a-43e0-bf4c-06f5698ffbd9}","Level":"4","Keywords":"0x8000000000000000","Channel":"Microsoft-Windows-Sysmon/Operational","Hostname":"WORKSTATION6.theshire.local","TimeCreated":"2020-12-19T07:00:19.416Z","@timestamp":"2020-12-19T07:00:19.416Z","EventID":1,"Message":"Process Create:\r\nRuleName: -\r\nUtcTime: 2020-12-19 12:00:19.401\r\nProcessGuid: {649442b8-eb53-5fdd-098c-000000000600}\r\nProcessId: 3740\r\nImage: C:\\Windows\\System32\\SearchProtocolHost.exe\r\nFileVersion: 7.0.18362.1237 (WinBuild.160101.0800)\r\nDescription: Microsoft Windows Search Protocol Host\r\nProduct: Windows Search\r\nCompany: Microsoft Corporation\r\nOriginalFileName: SearchProtocolHost.exe\r\nCommandLine: \"C:\\windows\\system32\\SearchProtocolHost.exe\" Global\\UsGthrFltPipeMssGthrPipe85_ Global\\UsGthrCtrlFltPipeMssGthrPipe85 1 -2147483646 \"Software\\Microsoft\\Windows Search\" \"Mozilla/4.0 (compatible; MSIE 6.0; Windows NT; MS Search 4.0 Robot)\" \"C:\\ProgramData\\Microsoft\\Search\\Data\\Temp\\usgthrsvc\" \"DownLevelDaemon\" \r\nCurrentDirectory: C:\\windows\\system32\\\r\nUser: NT AUTHORITY\\SYSTEM\r\nLogonGuid: {649442b8-52d8-5fd1-e703-000000000000}\r\nLogonId: 0x3E7\r\nTerminalSessionId: 0\r\nIntegrityLevel: System\r\nHashes: SHA1=BB056090AFCDF9BFC6F19BD98687B5483A91D79B,MD5=EEEEE8647DD2961AE17EEA3341A6003A,SHA256=21FF07D95B9FF1E9BE3BB9418B50BF78CE01CFFA873069D26BCF7B75EE043C06,IMPHASH=C7184EBAEA69ACD80DA6F06B24E4FC1B\r\nParentProcessGuid: {649442b8-535c-5fd1-c900-000000000600}\r\nParentProcessId: 5536\r\nParentImage: C:\\Windows\\System32\\SearchIndexer.exe\r\nParentCommandLine: C:\\windows\\system32\\SearchIndexer.exe /Embedding","Task":"1","RuleName":"-","UtcTime":"2020-12-19 12:00:19.401","ProcessGuid":"{649442b8-eb53-5fdd-098c-000000000600}","ProcessId":"3740","Image":"C:\\Windows\\System32\\SearchProtocolHost.exe","FileVersion":"7.0.18362.1237 (WinBuild.160101.0800)","Description":"Microsoft Windows Search Protocol Host","Product":"Windows Search","Company":"Microsoft Corporation","OriginalFileName":"SearchProtocolHost.exe","CommandLine":"\"C:\\windows\\system32\\SearchProtocolHost.exe\" Global\\UsGthrFltPipeMssGthrPipe85_ Global\\UsGthrCtrlFltPipeMssGthrPipe85 1 -2147483646 \"Software\\Microsoft\\Windows Search\" \"Mozilla/4.0 (compatible; MSIE 6.0; Windows NT; MS Search 4.0 Robot)\" \"C:\\ProgramData\\Microsoft\\Search\\Data\\Temp\\usgthrsvc\" \"DownLevelDaemon\" ","CurrentDirectory":"C:\\windows\\system32\\","User":"NT AUTHORITY\\SYSTEM","LogonGuid":"{649442b8-52d8-5fd1-e703-000000000000}","LogonId":"0x3e7","TerminalSessionId":"0","IntegrityLevel":"System","Hashes":"SHA1=BB056090AFCDF9BFC6F19BD98687B5483A91D79B,MD5=EEEEE8647DD2961AE17EEA3341A6003A,SHA256=21FF07D95B9FF1E9BE3BB9418B50BF78CE01CFFA873069D26BCF7B75EE043C06,IMPHASH=C7184EBAEA69ACD80DA6F06B24E4FC1B","ParentProcessGuid":"{649442b8-535c-5fd1-c900-000000000600}","ParentProcessId":"5536","ParentImage":"C:\\Windows\\System32\\SearchIndexer.exe","ParentCommandLine":"C:\\windows\\system32\\SearchIndexer.exe /Embedding"}
{"SourceName":"Microsoft-Windows-Sysmon","ProviderGuid":"{5770385f-c22a-43e0-bf4c-06f5698ffbd9}","Level":"4","Keywords":"0x8000000000000000","Channel":"Microsoft-Windows-Sysmon/Operational","Hostname":"WORKSTATION6.theshire.local","TimeCreated":"2020-12-19T07:00:19.416Z","@timestamp":"2020-12-19T07:00:19.416Z","EventID":10,"Message":"Process accessed:\r\nRuleName: -\r\nUtcTime: 2020-12-19 12:00:19.414\r\nSourceProcessGUID: {649442b8-535c-5fd1-c900-000000000600}\r\nSourceProcessId: 5536\r\nSourceThreadId: 4920\r\nSourceImage: C:\\windows\\system32\\SearchIndexer.exe\r\nTargetProcessGUID: {649442b8-eb53-5fdd-098c-000000000600}\r\nTargetProcessId: 3740\r\nTargetImage: C:\\windows\\system32\\SearchProtocolHost.exe\r\nGrantedAccess: 0x1FFFFF\r\nCallTrace: C:\\windows\\SYSTEM32\\ntdll.dll+9df64|C:\\windows\\System32\\KERNELBASE.dll+59e1a|C:\\windows\\System32\\KERNELBASE.dll+567b6|C:\\windows\\System32\\KERNEL32.DLL+1bee3|C:\\windows\\system32\\MSSRCH.DLL+6c98e|C:\\windows\\system32\\MSSRCH.DLL+2fe5f|C:\\windows\\system32\\MSSRCH.DLL+2f40c|C:\\windows\\system32\\MSSRCH.DLL+38882|C:\\windows\\system32\\MSSRCH.DLL+b144d|C:\\windows\\System32\\KERNEL32.DLL+17c24|C:\\windows\\SYSTEM32\\ntdll.dll+6d4d1","Task":"10","RuleName":"-","UtcTime":"2020-12-19 12:00:19.414","SourceProcessGUID":"{649442b8-535c-5fd1-c900-000000000600}","SourceProcessId":"5536","SourceThreadId":"4920","SourceImage":"C:\\windows\\system32\\SearchIndexer.exe","TargetProcessGUID":"{649442b8-eb53-5fdd-098c-000000000600}","TargetProcessId":"3740","TargetImage":"C:\\windows\\system32\\SearchProtocolHost.exe","GrantedAccess":"0x1fffff","CallTrace":"C:\\windows\\SYSTEM32\\ntdll.dll+9df64|C:\\windows\\System32\\KERNELBASE.dll+59e1a|C:\\windows\\System32\\KERNELBASE.dll+567b6|C:\\windows\\System32\\KERNEL32.DLL+1bee3|C:\\windows\\system32\\MSSRCH.DLL+6c98e|C:\\windows\\system32\\MSSRCH.DLL+2fe5f|C:\\windows\\system32\\MSSRCH.DLL+2f40c|C:\\windows\\system32\\MSSRCH.DLL+38882|C:\\windows\\system32\\MSSRCH.DLL+b144d|C:\\windows\\System32\\KERNEL32.DLL+17c24|C:\\windows\\SYSTEM32\\ntdll.dll+6d4d1"}
{"SourceName":"Microsoft-Windows-Sysmon","ProviderGuid":"{5770385f-c22a-43e0-bf4c-06f5698ffbd9}","Level":"4","Keywords":"0x8000000000000000","Channel":"Microsoft-Windows-Sysmon/Operational","Hostname":"WORKSTATION6.theshire.local","TimeCreated":"2020-12-19T07:00:19.416Z","@timestamp":"2020-12-19T07:00:19.416Z","EventID":10,"Message":"Process accessed:\r\nRuleName: -\r\nUtcTime: 2020-12-19 12:00:19.414\r\nSourceProcessGUID: {649442b8-52d7-5fd1-0600-000000000600}\r\nSourceProcessId: 524\r\nSourceThreadId: 3368\r\nSourceImage: C:\\windows\\system32\\csrss.exe\r\nTargetProcessGUID: {649442b8-eb53-5fdd-098c-000000000600}\r\nTargetProcessId: 3740\r\nTargetImage: C:\\windows\\system32\\SearchProtocolHost.exe\r\nGrantedAccess: 0x1FFFFF\r\nCallTrace: C:\\windows\\SYSTEM32\\ntdll.dll+9cbb4|C:\\windows\\system32\\basesrv.DLL+2fba|C:\\windows\\SYSTEM32\\CSRSRV.dll+5af4|C:\\windows\\SYSTEM32\\ntdll.dll+6d4df","Task":"10","RuleName":"-","UtcTime":"2020-12-19 12:00:19.414","SourceProcessGUID":"{649442b8-52d7-5fd1-0600-000000000600}","SourceProcessId":"524","SourceThreadId":"3368","SourceImage":"C:\\windows\\system32\\csrss.exe","TargetProcessGUID":"{649442b8-eb53-5fdd-098c-000000000600}","TargetProcessId":"3740","TargetImage":"C:\\windows\\system32\\SearchProtocolHost.exe","GrantedAccess":"0x1fffff","CallTrace":"C:\\windows\\SYSTEM32\\ntdll.dll+9cbb4|C:\\windows\\system32\\basesrv.DLL+2fba|C:\\windows\\SYSTEM32\\CSRSRV.dll+5af4|C:\\windows\\SYSTEM32\\ntdll.dll+6d4df"}
{"SourceName":"Microsoft-Windows-Sysmon","ProviderGuid":"{5770385f-c22a-43e0-bf4c-06f5698ffbd9}","Level":"4","Keywords":"0x8000000000000000","Channel":"Microsoft-Windows-Sysmon/Operational","Hostname":"WORKSTATION6.theshire.local","TimeCreated":"2020-12-19T07:00:19.417Z","@timestamp":"2020-12-19T07:00:19.417Z","EventID":7,"Message":"Image loaded:\r\nRuleName: -\r\nUtcTime: 2020-12-19 12:00:19.414\r\nProcessGuid: {649442b8-eb53-5fdd-098c-000000000600}\r\nProcessId: 3740\r\nImage: C:\\Windows\\System32\\SearchProtocolHost.exe\r\nImageLoaded: C:\\Windows\\System32\\ntdll.dll\r\nFileVersion: 10.0.18362.1171 (WinBuild.160101.0800)\r\nDescription: NT Layer DLL\r\nProduct: Microsoft Windows Operating System\r\nCompany: Microsoft Corporation\r\nOriginalFileName: ntdll.dll\r\nHashes: SHA1=5786DED9212C3BBF3C1B31CCA8CF85866EA448A4,MD5=F2023B1BA6761FB1886EB3164420273B,SHA256=674D053FD4A2AF0521E283ABE15C9F2BE10736A186634843CE2C847EA90B37D8,IMPHASH=00000000000000000000000000000000\r\nSigned: true\r\nSignature: Microsoft Windows\r\nSignatureStatus: Valid","Task":"7","RuleName":"-","UtcTime":"2020-12-19 12:00:19.414","ProcessGuid":"{649442b8-eb53-5fdd-098c-000000000600}","ProcessId":"3740","Image":"C:\\Windows\\System32\\SearchProtocolHost.exe","ImageLoaded":"C:\\Windows\\System32\\ntdll.dll","FileVersion":"10.0.18362.1171 (WinBuild.160101.0800)","Description":"NT Layer DLL","Product":"Microsoft Windows Operating System","Company":"Microsoft Corporation","OriginalFileName":"ntdll.dll","Hashes":"SHA1=5786DED9212C3BBF3C1B31CCA8CF85866EA448A4,MD5=F2023B1BA6761FB1886EB3164420273B,SHA256=674D053FD4A2AF0521E283ABE15C9F2BE10736A186634843CE2C847EA90B37D8,IMPHASH=00000000000000000000000000000000","Signed":"true","Signature":"Microsoft Windows","SignatureStatus":"Valid"}
{"SourceName":"Microsoft-Windows-Sysmon","ProviderGuid":"{5770385f-c22a-43e0-bf4c-06f5698ffbd9}","Level":"4","Keywords":"0x8000000000000000","Channel":"Microsoft-Windows-Sysmon/Operational","Hostname":"WORKSTATION6.theshire.local","TimeCreated":"2020-12-19T07:00:19.418Z","@timestamp":"2020-12-19T07:00:19.418Z","EventID":7,"Message":"Image loaded:\r\nRuleName: -\r\nUtcTime: 2020-12-19 12:00:19.414\r\nProcessGuid: {649442b8-eb53-5fdd-098c-000000000600}\r\nProcessId: 3740\r\nImage: C:\\Windows\\System32\\SearchProtocolHost.exe\r\nImageLoaded: C:\\Windows\\System32\\kernel32.dll\r\nFileVersion: 10.0.18362.1110 (WinBuild.160101.0800)\r\nDescription: Windows NT BASE API Client DLL\r\nProduct: Microsoft Windows Operating System\r\nCompany: Microsoft Corporation\r\nOriginalFileName: kernel32\r\nHashes: SHA1=D207A86541CABC3190BBD5B1CC982F6D7C90051B,MD5=ED906DB51BCB4F5A68606D2683AF44A3,SHA256=DF5CE6E95294579D7D7D16C47CB3DC5C8FA1DB53CCE56091E3496309B0D87536,IMPHASH=D3645703895C4EBB8EA5B9B26816A081\r\nSigned: true\r\nSignature: Microsoft Windows\r\nSignatureStatus: Valid","Task":"7","RuleName":"-","UtcTime":"2020-12-19 12:00:19.414","ProcessGuid":"{649442b8-eb53-5fdd-098c-000000000600}","ProcessId":"3740","Image":"C:\\Windows\\System32\\SearchProtocolHost.exe","ImageLoaded":"C:\\Windows\\System32\\kernel32.dll","FileVersion":"10.0.18362.1110 (WinBuild.160101.0800)","Description":"Windows NT BASE API Client DLL","Product":"Microsoft Windows Operating System","Company":"Microsoft Corporation","OriginalFileName":"kernel32","Hashes":"SHA1=D207A86541CABC3190BBD5B1CC982F6D7C90051B,MD5=ED906DB51BCB4F5A68606D2683AF44A3,SHA256=DF5CE6E95294579D7D7D16C47CB3DC5C8FA1DB53CCE56091E3496309B0D87536,IMPHASH=D3645703895C4EBB8EA5B9B26816A081","Signed":"true","Signature":"Microsoft Windows","SignatureStatus":"Valid"}
{"SourceName":"Microsoft-Windows-Sysmon","ProviderGuid":"{5770385f-c22a-43e0-bf4c-06f5698ffbd9}","Level":"4","Keywords":"0x8000000000000000","Channel":"Microsoft-Windows-Sysmon/Operational","Hostname":"WORKSTATION6.theshire.local","TimeCreated":"2020-12-19T07:00:19.419Z","@timestamp":"2020-12-19T07:00:19.419Z","EventID":7,"Message":"Image loaded:\r\nRuleName: -\r\nUtcTime: 2020-12-19 12:00:19.414\r\nProcessGuid: {649442b8-eb53-5fdd-098c-000000000600}\r\nProcessId: 3740\r\nImage: C:\\Windows\\System32\\SearchProtocolHost.exe\r\nImageLoaded: C:\\Windows\\System32\\KernelBase.dll\r\nFileVersion: 10.0.18362.1237 (WinBuild.160101.0800)\r\nDescription: Windows NT BASE API Client DLL\r\nProduct: Microsoft Windows Operating System\r\nCompany: Microsoft Corporation\r\nOriginalFileName: Kernelbase.dll\r\nHashes: SHA1=2FA598C0784903CDE53C1F2DBDCEBB89ADDBCEFA,MD5=21922158616643391A357826374A3DA7,SHA256=15FB1A344CE1625DCFF1CDABE3A9F3AB2305CC38CBA9897636E9E45F3794CBF0,IMPHASH=16003AF856720C35351BB8C14AD0B0A8\r\nSigned: true\r\nSignature: Microsoft Windows\r\nSignatureStatus: Valid","Task":"7","RuleName":"-","UtcTime":"2020-12-19 12:00:19.414","ProcessGuid":"{649442b8-eb53-5fdd-098c-000000000600}","ProcessId":"3740","Image":"C:\\Windows\\System32\\SearchProtocolHost.exe","ImageLoaded":"C:\\Windows\\System32\\KernelBase.dll","FileVersion":"10.0.18362.1237 (WinBuild.160101.0800)","Description":"Windows NT BASE API Client DLL","Product":"Microsoft Windows Operating System","Company":"Microsoft Corporation","OriginalFileName":"Kernelbase.dll","Hashes":"SHA1=2FA598C0784903CDE53C1F2DBDCEBB89ADDBCEFA,MD5=21922158616643391A357826374A3DA7,SHA256=15FB1A344CE1625DCFF1CDABE3A9F3AB2305CC38CBA9897636E9E45F3794CBF0,IMPHASH=16003AF856720C35351BB8C14AD0B0A8","Signed":"true","Signature":"Microsoft Windows","SignatureStatus":"Valid"}
{"SourceName":"Microsoft-Windows-Sysmon","ProviderGuid":"{5770385f-c22a-43e0-bf4c-06f5698ffbd9}","Level":"4","Keywords":"0x8000000000000000","Channel":"Microsoft-Windows-Sysmon/Operational","Hostname":"WORKSTATION6.theshire.local","TimeCreated":"2020-12-19T07:00:19.420Z","@timestamp":"2020-12-19T07:00:19.420Z","EventID":7,"Message":"Image loaded:\r\nRuleName: -\r\nUtcTime: 2020-12-19 12:00:19.414\r\nProcessGuid: {649442b8-eb53-5fdd-098c-000000000600}\r\nProcessId: 3740\r\nImage: C:\\Windows\\System32\\SearchProtocolHost.exe\r\nImageLoaded: C:\\Windows\\System32\\msvcrt.dll\r\nFileVersion: 7.0.18362.1 (WinBuild.160101.0800)\r\nDescription: Windows NT CRT DLL\r\nProduct: Microsoft Windows Operating System\r\nCompany: Microsoft Corporation\r\nOriginalFileName: msvcrt.dll\r\nHashes: SHA1=0EA4B3CFB14E49CEC0D42FF0F1FA989E69647A8F,MD5=36354D9B5B0A58A4B9A19103852C00A2,SHA256=E5A863D3F4BFEFED7D73A7B1499F81B7235BC9AE3C108065041BCB8E5446B1BB,IMPHASH=1273683626EBBA703979F188A1E64237\r\nSigned: true\r\nSignature: Microsoft Windows\r\nSignatureStatus: Valid","Task":"7","RuleName":"-","UtcTime":"2020-12-19 12:00:19.414","ProcessGuid":"{649442b8-eb53-5fdd-098c-000000000600}","ProcessId":"3740","Image":"C:\\Windows\\System32\\SearchProtocolHost.exe","ImageLoaded":"C:\\Windows\\System32\\msvcrt.dll","FileVersion":"7.0.18362.1 (WinBuild.160101.0800)","Description":"Windows NT CRT DLL","Product":"Microsoft Windows Operating System","Company":"Microsoft Corporation","OriginalFileName":"msvcrt.dll","Hashes":"SHA1=0EA4B3CFB14E49CEC0D42FF0F1FA989E69647A8F,MD5=36354D9B5B0A58A4B9A19103852C00A2,SHA256=E5A863D3F4BFEFED7D73A7B1499F81B7235BC9AE3C108065041BCB8E5446B1BB,IMPHASH=1273683626EBBA703979F188A1E64237","Signed":"true","Signature":"Microsoft Windows","SignatureStatus":"Valid"}
{"SourceName":"Microsoft-Windows-Sysmon","ProviderGuid":"{5770385f-c22a-43e0-bf4c-06f5698ffbd9}","Level":"4","Keywords":"0x8000000000000000","Channel":"Microsoft-Windows-Sysmon/Operational","Hostname":"WORKSTATION6.theshire.local","TimeCreated":"2020-12-19T07:00:19.424Z","@timestamp":"2020-12-19T07:00:19.424Z","EventID":7,"Message":"Image loaded:\r\nRuleName: -\r\nUtcTime: 2020-12-19 12:00:19.414\r\nProcessGuid: {649442b8-eb53-5fdd-098c-000000000600}\r\nProcessId: 3740\r\nImage: C:\\Windows\\System32\\SearchProtocolHost.exe\r\nImageLoaded: C:\\Windows\\System32\\oleaut32.dll\r\nFileVersion: 10.0.18362.1110 (WinBuild.160101.0800)\r\nDescription: OLEAUT32.DLL\r\nProduct: Microsoft Windows Operating System\r\nCompany: Microsoft Corporation\r\nOriginalFileName: OLEAUT32.DLL\r\nHashes: SHA1=35C3365E5F385CB7025DC51D1359BC92CEACB8F4,MD5=81CC27927690AC3A552D92269CBA4899,SHA256=49C1A7FFB5DC382E35F19C1771A0B43120BBB4159EE5BFE23E0410A76A36D68A,IMPHASH=F010E2DB51A2E86CCF6052A1ACC0854F\r\nSigned: true\r\nSignature: Microsoft Windows\r\nSignatureStatus: Valid","Task":"7","RuleName":"-","UtcTime":"2020-12-19 12:00:19.414","ProcessGuid":"{649442b8-eb53-5fdd-098c-000000000600}","ProcessId":"3740","Image":"C:\\Windows\\System32\\SearchProtocolHost.exe","ImageLoaded":"C:\\Windows\\System32\\oleaut32.dll","FileVersion":"10.0.18362.1110 (WinBuild.160101.0800)","Description":"OLEAUT32.DLL","Product":"Microsoft Windows Operating System","Company":"Microsoft Corporation","OriginalFileName":"OLEAUT32.DLL","Hashes":"SHA1=35C3365E5F385CB7025DC51D1359BC92CEACB8F4,MD5=81CC27927690AC3A552D92269CBA4899,SHA256=49C1A7FFB5DC382E35F19C1771A0B43120BBB4159EE5BFE23E0410A76A36D68A,IMPHASH=F010E2DB51A2E86CCF6052A1ACC0854F","Signed":"true","Signature":"Microsoft Windows","SignatureStatus":"Valid"}
