{"SourceName":"Microsoft-Windows-Sysmon","ProviderGuid":"{5770385f-c22a-43e0-bf4c-06f5698ffbd9}","Level":"4","Keywords":"0x8000000000000000","Channel":"Microsoft-Windows-Sysmon/Operational","Hostname":"WORKSTATION6.theshire.local","TimeCreated":"2020-12-19T07:00:22.246Z","@timestamp":"2020-12-19T07:00:22.246Z","EventID":13,"Message":"Registry value set:\r\nRuleName: -\r\nEventType: SetValue\r\nUtcTime: 2020-12-19 12:00:22.232\r\nProcessGuid: {649442b8-52dc-5fd1-3600-000000000600}\r\nProcessId: 2220\r\nImage: C:\\windows\\system32\\svchost.exe\r\nTargetObject: HKLM\\SOFTWARE\\Microsoft\\Windows NT\\CurrentVersion\\Schedule\\TaskCache\\Tree\\Microsoft\\Windows\\SoftwareProtectionPlatform\\EventCacheManager\\Id\r\nDetails: {47CDCDF5-3457-4925-96E5-DB6635FFCDDE}","Task":"13","RuleName":"-","EventType":"SetValue","UtcTime":"2020-12-19 12:00:22.232","ProcessGuid":"{649442b8-52dc-5fd1-3600-000000000600}","ProcessId":"2220","Image":"C:\\windows\\system32\\svchost.exe","TargetObject":"HKLM\\SOFTWARE\\Microsoft\\Windows NT\\CurrentVersion\\Schedule\\TaskCache\\Tree\\Microsoft\\Windows\\SoftwareProtectionPlatform\\EventCacheManager\\Id","Details":"{47CDCDF5-3457-4925-96E5-DB6635FFCDDE}"}
{"SourceName":"Microsoft-Windows-Sysmon","ProviderGuid":"{5770385f-c22a-43e0-bf4c-06f5698ffbd9}","Level":"4","Keywords":"0x8000000000000000","Channel":"Microsoft-Windows-Sysmon/Operational","Hostname":"WORKSTATION6.theshire.local","TimeCreated":"2020-12-19T07:00:22.247Z","@timestamp":"2020-12-19T07:00:22.247Z","EventID":13,"Message":"Registry value set:\r\nRuleName: -\r\nEventType: SetValue\r\nUtcTime: 2020-12-19 12:00:22.232\r\nProcessGuid: {649442b8-52dc-5fd1-3600-000000000600}\r\nProcessId: 2220\r\nImage: C:\\windows\\system32\\svchost.exe\r\nTargetObject: HKLM\\SOFTWARE\\Microsoft\\Windows NT\\CurrentVersion\\Schedule\\TaskCache\\Tree\\Microsoft\\Windows\\SoftwareProtectionPlatform\\EventCacheManager\\Index\r\nDetails: DWORD (0x00000001)","Task":"13","RuleName":"-","EventType":"SetValue","UtcTime":"2020-12-19 12:00:22.232","ProcessGuid":"{649442b8-52dc-5fd1-3600-000000000600}","ProcessId":"2220","Image":"C:\\windows\\system32\\svchost.exe","TargetObject":"HKLM\\SOFTWARE\\Microsoft\\Windows NT\\CurrentVersion\\Schedule\\TaskCache\\Tree\\Microsoft\\Windows\\SoftwareProtectionPlatform\\EventCacheManager\\Index","Details":"DWORD (0x00000001)"}
{"SourceName":"Microsoft-Windows-Sysmon","ProviderGuid":"{5770385f-c22a-43e0-bf4c-06f5698ffbd9}","Level":"4","Keywords":"0x8000000000000000","Channel":"Microsoft-Windows-Sysmon/Operational","Hostname":"WORKSTATION6.theshire.local","TimeCreated":"2020-12-19T07:00:22.247Z","@timestamp":"2020-12-19T07:00:22.247Z","EventID":12,"Message":"Registry object added or deleted:\r\nRuleName: -\r\nEventType: CreateKey\r\nUtcTime: 2020-12-19 12:00:22.232\r\nProcessGuid: {649442b8-52dc-5fd1-3600-000000000600}\r\nProcessId: 2220\r\nImage: C:\\windows\\system32\\svchost.exe\r\nTargetObject: HKLM\\SOFTWARE\\Microsoft\\Windows NT\\CurrentVersion\\Schedule\\TaskCache\\Tasks\\{47CDCDF5-3457-4925-96E5-DB6635FFCDDE}","Task":"12","RuleName":"-","EventType":"CreateKey","UtcTime":"2020-12-19 12:00:22.232","ProcessGuid":"{649442b8-52dc-5fd1-3600-000000000600}","ProcessId":"2220","Image":"C:\\windows\\system32\\svchost.exe","TargetObject":"HKLM\\SOFTWARE\\Microsoft\\Windows NT\\CurrentVersion\\Schedule\\TaskCache\\Tasks\\{47CDCDF5-3457-4925-96E5-DB6635FFCDDE}"}
{"SourceName":"Microsoft-Windows-Sysmon","ProviderGuid":"{5770385f-c22a-43e0-bf4c-06f5698ffbd9}","Level":"4","Keywords":"0x8000000000000000","Channel":"Microsoft-Windows-Sysmon/Operational","Hostname":"WORKSTATION6.theshire.local","TimeCreated":"2020-12-19T07:00:22.247Z","@timestamp":"2020-12-19T07:00:22.247Z","EventID":13,"Message":"Registry value set:\r\nRuleName: -\r\nEventType: SetValue\r\nUtcTime: 2020-12-19 12:00:22.232\r\nProcessGuid: {649442b8-52dc-5fd1-3600-000000000600}\r\nProcessId: 2220\r\nImage: C:\\windows\\system32\\svchost.exe\r\nTargetObject: HKLM\\SOFTWARE\\Microsoft\\Windows NT\\CurrentVersion\\Schedule\\TaskCache\\Tasks\\{47CDCDF5-3457-4925-96E5-DB6635FFCDDE}\\Path\r\nDetails: \\Microsoft\\Windows\\SoftwareProtectionPlatform\\EventCacheManager","Task":"13","RuleName":"-","EventType":"SetValue","UtcTime":"2020-12-19 12:00:22.232","ProcessGuid":"{649442b8-52dc-5fd1-3600-000000000600}","ProcessId":"2220","Image":"C:\\windows\\system32\\svchost.exe","TargetObject":"HKLM\\SOFTWARE\\Microsoft\\Windows NT\\CurrentVersion\\Schedule\\TaskCache\\Tasks\\{47CDCDF5-3457-4925-96E5-DB6635FFCDDE}\\Path","Details":"\\Microsoft\\Windows\\SoftwareProtectionPlatform\\EventCacheManager"}
{"SourceName":"Microsoft-Windows-Sysmon","ProviderGuid":"{5770385f-c22a-43e0-bf4c-06f5698ffbd9}","Level":"4","Keywords":"0x8000000000000000","Channel":"Microsoft-Windows-Sysmon/Operational","Hostname":"WORKSTATION6.theshire.local","TimeCreated":"2020-12-19T07:00:22.247Z","@timestamp":"2020-12-19T07:00:22.247Z","EventID":13,"Message":"Registry value set:\r\nRuleName: -\r\nEventType: SetValue\r\nUtcTime: 2020-12-19 12:00:22.232\r\nProcessGuid: {649442b8-52dc-5fd1-3600-000000000600}\r\nProcessId: 2220\r\nImage: C:\\windows\\system32\\svchost.exe\r\nTargetObject: HKLM\\SOFTWARE\\Microsoft\\Windows NT\\CurrentVersion\\Schedule\\TaskCache\\Tasks\\{47CDCDF5-3457-4925-96E5-DB6635FFCDDE}\\Hash\r\nDetails: Binary Data","Task":"13","RuleName":"-","EventType":"SetValue","UtcTime":"2020-12-19 12:00:22.232","ProcessGuid":"{649442b8-52dc-5fd1-3600-000000000600}","ProcessId":"2220","Image":"C:\\windows\\system32\\svchost.exe","TargetObject":"HKLM\\SOFTWARE\\Microsoft\\Windows NT\\CurrentVersion\\Schedule\\TaskCache\\Tasks\\{47CDCDF5-3457-4925-96E5-DB6635FFCDDE}\\Hash","Details":"Binary Data"}
{"SourceName":"Microsoft-Windows-Sysmon","ProviderGuid":"{5770385f-c22a-43e0-bf4c-06f5698ffbd9}","Level":"4","Keywords":"0x8000000000000000","Channel":"Microsoft-Windows-Sysmon/Operational","Hostname":"WORKSTATION6.theshire.local","TimeCreated":"2020-12-19T07:00:22.247Z","@timestamp":"2020-12-19T07:00:22.247Z","EventID":12,"Message":"Registry object added or deleted:\r\nRuleName: -\r\nEventType: CreateKey\r\nUtcTime: 2020-12-19 12:00:22.232\r\nProcessGuid: {649442b8-52dc-5fd1-3600-000000000600}\r\nProcessId: 2220\r\nImage: C:\\windows\\system32\\svchost.exe\r\nTargetObject: HKLM\\SOFTWARE\\Microsoft\\Windows NT\\CurrentVersion\\Schedule\\TaskCache\\Boot\\{47CDCDF5-3457-4925-96E5-DB6635FFCDDE}","Task":"12","RuleName":"-","EventType":"CreateKey","UtcTime":"2020-12-19 12:00:22.232","ProcessGuid":"{649442b8-52dc-5fd1-3600-000000000600}","ProcessId":"2220","Image":"C:\\windows\\system32\\svchost.exe","TargetObject":"HKLM\\SOFTWARE\\Microsoft\\Windows NT\\CurrentVersion\\Schedule\\TaskCache\\Boot\\{47CDCDF5-3457-4925-96E5-DB6635FFCDDE}"}
{"SourceName":"Microsoft-Windows-Sysmon","ProviderGuid":"{5770385f-c22a-43e0-bf4c-06f5698ffbd9}","Level":"4","Keywords":"0x8000000000000000","Channel":"Microsoft-Windows-Sysmon/Operational","Hostname":"WORKSTATION6.theshire.local","TimeCreated":"2020-12-19T07:00:22.247Z","@timestamp":"2020-12-19T07:00:22.247Z","EventID":13,"Message":"Registry value set:\r\nRuleName: -\r\nEventType: SetValue\r\nUtcTime: 2020-12-19 12:00:22.232\r\nProcessGuid: {649442b8-52dc-5fd1-3600-000000000600}\r\nProcessId: 2220\r\nImage: C:\\windows\\system32\\svchost.exe\r\nTargetObject: HKLM\\SOFTWARE\\Microsoft\\Windows NT\\CurrentVersion\\Schedule\\TaskCache\\Tasks\\{47CDCDF5-3457-4925-96E5-DB6635FFCDDE}\\Schema\r\nDetails: DWORD (0x00010002)","Task":"13","RuleName":"-","EventType":"SetValue","UtcTime":"2020-12-19 12:00:22.232","ProcessGuid":"{649442b8-52dc-5fd1-3600-000000000600}","ProcessId":"2220","Image":"C:\\windows\\system32\\svchost.exe","TargetObject":"HKLM\\SOFTWARE\\Microsoft\\Windows NT\\CurrentVersion\\Schedule\\TaskCache\\Tasks\\{47CDCDF5-3457-4925-96E5-DB6635FFCDDE}\\Schema","Details":"DWORD (0x00010002)"}
{"SourceName":"Microsoft-Windows-Sysmon","ProviderGuid":"{5770385f-c22a-43e0-bf4c-06f5698ffbd9}","Level":"4","Keywords":"0x8000000000000000","Channel":"Microsoft-Windows-Sysmon/Operational","Hostname":"WORKSTATION6.theshire.local","TimeCreated":"2020-12-19T07:00:22.247Z","@timestamp":"2020-12-19T07:00:22.247Z","EventID":13,"Message":"Registry value set:\r\nRuleName: -\r\nEventType: SetValue\r\nUtcTime: 2020-12-19 12:00:22.232\r\nProcessGuid: {649442b8-52dc-5fd1-3600-000000000600}\r\nProcessId: 2220\r\nImage: C:\\windows\\system32\\svchost.exe\r\nTargetObject: HKLM\\SOFTWARE\\Microsoft\\Windows NT\\CurrentVersion\\Schedule\\TaskCache\\Tasks\\{47CDCDF5-3457-4925-96E5-DB6635FFCDDE}\\Date\r\nDetails: 2020-12-19T07:00:22","Task":"13","RuleName":"-","EventType":"SetValue","UtcTime":"2020-12-19 12:00:22.232","ProcessGuid":"{649442b8-52dc-5fd1-3600-000000000600}","ProcessId":"2220","Image":"C:\\windows\\system32\\svchost.exe","TargetObject":"HKLM\\SOFTWARE\\Microsoft\\Windows NT\\CurrentVersion\\Schedule\\TaskCache\\Tasks\\{47CDCDF5-3457-4925-96E5-DB6635FFCDDE}\\Date","Details":"2020-12-19T07:00:22"}
{"SourceName":"Microsoft-Windows-Sysmon","ProviderGuid":"{5770385f-c22a-43e0-bf4c-06f5698ffbd9}","Level":"4","Keywords":"0x8000000000000000","Channel":"Microsoft-Windows-Sysmon/Operational","Hostname":"WORKSTATION6.theshire.local","TimeCreated":"2020-12-19T07:00:22.247Z","@timestamp":"2020-12-19T07:00:22.247Z","EventID":13,"Message":"Registry value set:\r\nRuleName: -\r\nEventType: SetValue\r\nUtcTime: 2020-12-19 12:00:22.232\r\nProcessGuid: {649442b8-52dc-5fd1-3600-000000000600}\r\nProcessId: 2220\r\nImage: C:\\windows\\system32\\svchost.exe\r\nTargetObject: HKLM\\SOFTWARE\\Microsoft\\Windows NT\\CurrentVersion\\Schedule\\TaskCache\\Tasks\\{47CDCDF5-3457-4925-96E5-DB6635FFCDDE}\\Author\r\nDetails: THESHIRE\\pgustavo","Task":"13","RuleName":"-","EventType":"SetValue","UtcTime":"2020-12-19 12:00:22.232","ProcessGuid":"{649442b8-52dc-5fd1-3600-000000000600}","ProcessId":"2220","Image":"C:\\windows\\system32\\svchost.exe","TargetObject":"HKLM\\SOFTWARE\\Microsoft\\Windows NT\\CurrentVersion\\Schedule\\TaskCache\\Tasks\\{47CDCDF5-3457-4925-96E5-DB6635FFCDDE}\\Author","Details":"THESHIRE\\pgustavo"}
{"SourceName":"Microsoft-Windows-Sysmon","ProviderGuid":"{5770385f-c22a-43e0-bf4c-06f5698ffbd9}","Level":"4","Keywords":"0x8000000000000000","Channel":"Microsoft-Windows-Sysmon/Operational","Hostname":"WORKSTATION6.theshire.local","TimeCreated":"2020-12-19T07:00:22.247Z","@timestamp":"2020-12-19T07:00:22.247Z","EventID":13,"Message":"Registry value set:\r\nRuleName: -\r\nEventType: SetValue\r\nUtcTime: 2020-12-19 12:00:22.232\r\nProcessGuid: {649442b8-52dc-5fd1-3600-000000000600}\r\nProcessId: 2220\r\nImage: C:\\windows\\system32\\svchost.exe\r\nTargetObject: HKLM\\SOFTWARE\\Microsoft\\Windows NT\\CurrentVersion\\Schedule\\TaskCache\\Tasks\\{47CDCDF5-3457-4925-96E5-DB6635FFCDDE}\\URI\r\nDetails: \\Microsoft\\Windows\\SoftwareProtectionPlatform\\EventCacheManager","Task":"13","RuleName":"-","EventType":"SetValue","UtcTime":"2020-12-19 12:00:22.232","ProcessGuid":"{649442b8-52dc-5fd1-3600-000000000600}","ProcessId":"2220","Image":"C:\\windows\\system32\\svchost.exe","TargetObject":"HKLM\\SOFTWARE\\Microsoft\\Windows NT\\CurrentVersion\\Schedule\\TaskCache\\Tasks\\{47CDCDF5-3457-4925-96E5-DB6635FFCDDE}\\URI","Details":"\\Microsoft\\Windows\\SoftwareProtectionPlatform\\EventCacheManager"}
{"SourceName":"Microsoft-Windows-Sysmon","ProviderGuid":"{5770385f-c22a-43e0-bf4c-06f5698ffbd9}","Level":"4","Keywords":"0x8000000000000000","Channel":"Microsoft-Windows-Sysmon/Operational","Hostname":"WORKSTATION6.theshire.local","TimeCreated":"2020-12-19T07:00:22.247Z","@timestamp":"2020-12-19T07:00:22.247Z","EventID":13,"Message":"Registry value set:\r\nRuleName: -\r\nEventType: SetValue\r\nUtcTime: 2020-12-19 12:00:22.232\r\nProcessGuid: {649442b8-52dc-5fd1-3600-000000000600}\r\nProcessId: 2220\r\nImage: C:\\windows\\system32\\svchost.exe\r\nTargetObject: HKLM\\SOFTWARE\\Microsoft\\Windows NT\\CurrentVersion\\Schedule\\TaskCache\\Tasks\\{47CDCDF5-3457-4925-96E5-DB6635FFCDDE}\\Triggers\r\nDetails: Binary Data","Task":"13","RuleName":"-","EventType":"SetValue","UtcTime":"2020-12-19 12:00:22.232","ProcessGuid":"{649442b8-52dc-5fd1-3600-000000000600}","ProcessId":"2220","Image":"C:\\windows\\system32\\svchost.exe","TargetObject":"HKLM\\SOFTWARE\\Microsoft\\Windows NT\\CurrentVersion\\Schedule\\TaskCache\\Tasks\\{47CDCDF5-3457-4925-96E5-DB6635FFCDDE}\\Triggers","Details":"Binary Data"}
{"SourceName":"Microsoft-Windows-Sysmon","ProviderGuid":"{5770385f-c22a-43e0-bf4c-06f5698ffbd9}","Level":"4","Keywords":"0x8000000000000000","Channel":"Microsoft-Windows-Sysmon/Operational","Hostname":"WORKSTATION6.theshire.local","TimeCreated":"2020-12-19T07:00:22.247Z","@timestamp":"2020-12-19T07:00:22.247Z","EventID":13,"Message":"Registry value set:\r\nRuleName: -\r\nEventType: SetValue\r\nUtcTime: 2020-12-19 12:00:22.232\r\nProcessGuid: {649442b8-52dc-5fd1-3600-000000000600}\r\nProcessId: 2220\r\nImage: C:\\windows\\system32\\svchost.exe\r\nTargetObject: HKLM\\SOFTWARE\\Microsoft\\Windows NT\\CurrentVersion\\Schedule\\TaskCache\\Tasks\\{47CDCDF5-3457-4925-96E5-DB6635FFCDDE}\\Actions\r\nDetails: Binary Data","Task":"13","RuleName":"-","EventType":"SetValue","UtcTime":"2020-12-19 12:00:22.232","ProcessGuid":"{649442b8-52dc-5fd1-3600-000000000600}","ProcessId":"2220","Image":"C:\\windows\\system32\\svchost.exe","TargetObject":"HKLM\\SOFTWARE\\Microsoft\\Windows NT\\CurrentVersion\\Schedule\\TaskCache\\Tasks\\{47CDCDF5-3457-4925-96E5-DB6635FFCDDE}\\Actions","Details":"Binary Data"}
{"SourceName":"Microsoft-Windows-Sysmon","ProviderGuid":"{5770385f-c22a-43e0-bf4c-06f5698ffbd9}","Level":"4","Keywords":"0x8000000000000000","Channel":"Microsoft-Windows-Sysmon/Operational","Hostname":"WORKSTATION6.theshire.local","TimeCreated":"2020-12-19T07:00:22.248Z","@timestamp":"2020-12-19T07:00:22.248Z","EventID":11,"Message":"File created:\r\nRuleName: -\r\nUtcTime: 2020-12-19 12:00:22.248\r\nProcessGuid: {649442b8-52dc-5fd1-3600-000000000600}\r\nProcessId: 2220\r\nImage: C:\\windows\\system32\\svchost.exe\r\nTargetFilename: C:\\Windows\\System32\\Tasks\\Microsoft\\Windows\\SoftwareProtectionPlatform\\EventCacheManager\r\nCreationUtcTime: 2020-12-19 12:00:22.232","Task":"11","RuleName":"-","UtcTime":"2020-12-19 12:00:22.248","ProcessGuid":"{649442b8-52dc-5fd1-3600-000000000600}","ProcessId":"2220","Image":"C:\\windows\\system32\\svchost.exe","TargetFilename":"C:\\Windows\\System32\\Tasks\\Microsoft\\Windows\\SoftwareProtectionPlatform\\EventCacheManager","CreationUtcTime":"2020-12-19 12:00:22.232"}
{"SourceName":"Microsoft-Windows-Sysmon","ProviderGuid":"{5770385f-c22a-43e0-bf4c-06f5698ffbd9}","Level":"4","Keywords":"0x8000000000000000","Channel":"Microsoft-Windows-Sysmon/Operational","Hostname":"WORKSTATION6.theshire.local","TimeCreated":"2020-12-19T07:00:22.261Z","@timestamp":"2020-12-19T07:00:22.261Z","EventID":13,"Message":"Registry value set:\r\nRuleName: -\r\nEventType: SetValue\r\nUtcTime: 2020-12-19 12:00:22.248\r\nProcessGuid: {649442b8-52dc-5fd1-3600-000000000600}\r\nProcessId: 2220\r\nImage: C:\\windows\\system32\\svchost.exe\r\nTargetObject: HKLM\\SOFTWARE\\Microsoft\\Windows NT\\CurrentVersion\\Schedule\\TaskCache\\Tasks\\{47CDCDF5-3457-4925-96E5-DB6635FFCDDE}\\DynamicInfo\r\nDetails: Binary Data","Task":"13","RuleName":"-","EventType":"SetValue","UtcTime":"2020-12-19 12:00:22.248","ProcessGuid":"{649442b8-52dc-5fd1-3600-000000000600}","ProcessId":"2220","Image":"C:\\windows\\system32\\svchost.exe","TargetObject":"HKLM\\SOFTWARE\\Microsoft\\Windows NT\\CurrentVersion\\Schedule\\TaskCache\\Tasks\\{47CDCDF5-3457-4925-96E5-DB6635FFCDDE}\\DynamicInfo","Details":"Binary Data"}
{"SourceName":"Microsoft-Windows-Sysmon","ProviderGuid":"{5770385f-c22a-43e0-bf4c-06f5698ffbd9}","Level":"4","Keywords":"0x8000000000000000","Channel":"Microsoft-Windows-Sysmon/Operational","Hostname":"WORKSTATION6.theshire.local","TimeCreated":"2020-12-19T07:00:23.024Z","@timestamp":"2020-12-19T07:00:23.024Z","EventID":1,"Message":"Process Create:\r\nRuleName: -\r\nUtcTime: 2020-12-19 12:00:23.010\r\nProcessGuid: {649442b8-eb57-5fdd-0b8c-000000000600}\r\nProcessId: 776\r\nImage: C:\\Windows\\System32\\cscript.exe\r\nFileVersion: 5.812.10240.16384\r\nDescription: Microsoft  Console Based Script Host\r\nProduct: Microsoft  Windows Script Host\r\nCompany: Microsoft Corporation\r\nOriginalFileName: cscript.exe\r\nCommandLine: \"C:\\windows\\system32\\cscript.exe\" /nologo \"MonitorKnowledgeDiscovery.vbs\"\r\nCurrentDirectory: C:\\Program Files\\Microsoft Monitoring Agent\\Agent\\Health Service State\\Monitoring Host Temporary Files 3\\24\\\r\nUser: NT AUTHORITY\\SYSTEM\r\nLogonGuid: {649442b8-52d8-5fd1-e703-000000000000}\r\nLogonId: 0x3E7\r\nTerminalSessionId: 0\r\nIntegrityLevel: System\r\nHashes: SHA1=B6384FAFE0D30E4E897C318DB25D3CC167D9C413,MD5=B073F18D23BE85799A640147AF9ABA99,SHA256=4F059AC07F90E95BDAF0D7F0D1C54DDCDC0651A1E0D8AA5F03D11D6B0521177F,IMPHASH=2B44D2206B9865383429E9C1524F1CAC\r\nParentProcessGuid: {649442b8-5340-5fd1-b600-000000000600}\r\nParentProcessId: 5996\r\nParentImage: C:\\Program Files\\Microsoft Monitoring Agent\\Agent\\MonitoringHost.exe\r\nParentCommandLine: \"C:\\Program Files\\Microsoft Monitoring Agent\\Agent\\MonitoringHost.exe\" -Embedding","Task":"1","RuleName":"-","UtcTime":"2020-12-19 12:00:23.010","ProcessGuid":"{649442b8-eb57-5fdd-0b8c-000000000600}","ProcessId":"776","Image":"C:\\Windows\\System32\\cscript.exe","FileVersion":"5.812.10240.16384","Description":"Microsoft  Console Based Script Host","Product":"Microsoft  Windows Script Host","Company":"Microsoft Corporation","OriginalFileName":"cscript.exe","CommandLine":"\"C:\\windows\\system32\\cscript.exe\" /nologo \"MonitorKnowledgeDiscovery.vbs\"","CurrentDirectory":"C:\\Program Files\\Microsoft Monitoring Agent\\Agent\\Health Service State\\Monitoring Host Temporary Files 3\\24\\","User":"NT AUTHORITY\\SYSTEM","LogonGuid":"{649442b8-52d8-5fd1-e703-000000000000}","LogonId":"0x3e7","TerminalSessionId":"0","IntegrityLevel":"System","Hashes":"SHA1=B6384FAFE0D30E4E897C318DB25D3CC167D9C413,MD5=B073F18D23BE85799A640147AF9ABA99,SHA256=4F059AC07F90E95BDAF0D7F0D1C54DDCDC0651A1E0D8AA5F03D11D6B0521177F,IMPHASH=2B44D2206B9865383429E9C1524F1CAC","ParentProcessGuid":"{649442b8-5340-5fd1-b600-000000000600}","ParentProcessId":"5996","ParentImage":"C:\\Program Files\\Microsoft Monitoring Agent\\Agent\\MonitoringHost.exe","ParentCommandLine":"\"C:\\Program Files\\Microsoft Monitoring Agent\\Agent\\MonitoringHost.exe\" -Embedding"}
{"SourceName":"Microsoft-Windows-Sysmon","ProviderGuid":"{5770385f-c22a-43e0-bf4c-06f5698ffbd9}","Level":"4","Keywords":"0x8000000000000000","Channel":"Microsoft-Windows-Sysmon/Operational","Hostname":"WORKSTATION6.theshire.local","TimeCreated":"2020-12-19T07:00:23.025Z","@timestamp":"2020-12-19T07:00:23.025Z","EventID":10,"Message":"Process accessed:\r\nRuleName: -\r\nUtcTime: 2020-12-19 12:00:23.008\r\nSourceProcessGUID: {649442b8-52d7-5fd1-0600-000000000600}\r\nSourceProcessId: 524\r\nSourceThreadId: 636\r\nSourceImage: C:\\windows\\system32\\csrss.exe\r\nTargetProcessGUID: {649442b8-eb57-5fdd-0b8c-000000000600}\r\nTargetProcessId: 776\r\nTargetImage: C:\\windows\\system32\\cscript.exe\r\nGrantedAccess: 0x1FFFFF\r\nCallTrace: C:\\windows\\SYSTEM32\\ntdll.dll+9cbb4|C:\\windows\\system32\\basesrv.DLL+2fba|C:\\windows\\SYSTEM32\\CSRSRV.dll+5af4|C:\\windows\\SYSTEM32\\ntdll.dll+6d4df","Task":"10","RuleName":"-","UtcTime":"2020-12-19 12:00:23.008","SourceProcessGUID":"{649442b8-52d7-5fd1-0600-000000000600}","SourceProcessId":"524","SourceThreadId":"636","SourceImage":"C:\\windows\\system32\\csrss.exe","TargetProcessGUID":"{649442b8-eb57-5fdd-0b8c-000000000600}","TargetProcessId":"776","TargetImage":"C:\\windows\\system32\\cscript.exe","GrantedAccess":"0x1fffff","CallTrace":"C:\\windows\\SYSTEM32\\ntdll.dll+9cbb4|C:\\windows\\system32\\basesrv.DLL+2fba|C:\\windows\\SYSTEM32\\CSRSRV.dll+5af4|C:\\windows\\SYSTEM32\\ntdll.dll+6d4df"}
{"SourceName":"Microsoft-Windows-Sysmon","ProviderGuid":"{5770385f-c22a-43e0-bf4c-06f5698ffbd9}","Level":"4","Keywords":"0x8000000000000000","Channel":"Microsoft-Windows-Sysmon/Operational","Hostname":"WORKSTATION6.theshire.local","TimeCreated":"2020-12-19T07:00:23.026Z","@timestamp":"2020-12-19T07:00:23.026Z","EventID":7,"Message":"Image loaded:\r\nRuleName: -\r\nUtcTime: 2020-12-19 12:00:23.024\r\nProcessGuid: {649442b8-eb57-5fdd-0b8c-000000000600}\r\nProcessId: 776\r\nImage: C:\\Windows\\System32\\cscript.exe\r\nImageLoaded: C:\\Windows\\System32\\cscript.exe\r\nFileVersion: 5.812.10240.16384\r\nDescription: Microsoft  Console Based Script Host\r\nProduct: Microsoft  Windows Script Host\r\nCompany: Microsoft Corporation\r\nOriginalFileName: cscript.exe\r\nHashes: SHA1=B6384FAFE0D30E4E897C318DB25D3CC167D9C413,MD5=B073F18D23BE85799A640147AF9ABA99,SHA256=4F059AC07F90E95BDAF0D7F0D1C54DDCDC0651A1E0D8AA5F03D11D6B0521177F,IMPHASH=2B44D2206B9865383429E9C1524F1CAC\r\nSigned: true\r\nSignature: Microsoft Windows\r\nSignatureStatus: Valid","Task":"7","RuleName":"-","UtcTime":"2020-12-19 12:00:23.024","ProcessGuid":"{649442b8-eb57-5fdd-0b8c-000000000600}","ProcessId":"776","Image":"C:\\Windows\\System32\\cscript.exe","ImageLoaded":"C:\\Windows\\System32\\cscript.exe","FileVersion":"5.812.10240.16384","Description":"Microsoft  Console Based Script Host","Product":"Microsoft  Windows Script Host","Company":"Microsoft Corporation","OriginalFileName":"cscript.exe","Hashes":"SHA1=B6384FAFE0D30E4E897C318DB25D3CC167D9C413,MD5=B073F18D23BE85799A640147AF9ABA99,SHA256=4F059AC07F90E95BDAF0D7F0D1C54DDCDC0651A1E0D8AA5F03D11D6B0521177F,IMPHASH=2B44D2206B9865383429E9C1524F1CAC","Signed":"true","Signature":"Microsoft Windows","SignatureStatus":"Valid"}
{"SourceName":"Microsoft-Windows-Sysmon","ProviderGuid":"{5770385f-c22a-43e0-bf4c-06f5698ffbd9}","Level":"4","Keywords":"0x8000000000000000","Channel":"Microsoft-Windows-Sysmon/Operational","Hostname":"WORKSTATION6.theshire.local","TimeCreated":"2020-12-19T07:00:23.026Z","@timestamp":"2020-12-19T07:00:23.026Z","EventID":7,"Message":"Image loaded:\r\nRuleName: -\r\nUtcTime: 2020-12-19 12:00:23.024\r\nProcessGuid: {649442b8-eb57-5fdd-0b8c-000000000600}\r\nProcessId: 776\r\nImage: C:\\Windows\\System32\\cscript.exe\r\nImageLoaded: C:\\Windows\\System32\\ntdll.dll\r\nFileVersion: 10.0.18362.1171 (WinBuild.160101.0800)\r\nDescription: NT Layer DLL\r\nProduct: Microsoft Windows Operating System\r\nCompany: Microsoft Corporation\r\nOriginalFileName: ntdll.dll\r\nHashes: SHA1=5786DED9212C3BBF3C1B31CCA8CF85866EA448A4,MD5=F2023B1BA6761FB1886EB3164420273B,SHA256=674D053FD4A2AF0521E283ABE15C9F2BE10736A186634843CE2C847EA90B37D8,IMPHASH=00000000000000000000000000000000\r\nSigned: true\r\nSignature: Microsoft Windows\r\nSignatureStatus: Valid","Task":"7","RuleName":"-","UtcTime":"2020-12-19 12:00:23.024","ProcessGuid":"{649442b8-eb57-5fdd-0b8c-000000000600}","ProcessId":"776","Image":"C:\\Windows\\System32\\cscript.exe","ImageLoaded":"C:\\Windows\\System32\\ntdll.dll","FileVersion":"10.0.18362.1171 (WinBuild.160101.0800)","Description":"NT Layer DLL","Product":"Microsoft Windows Operating System","Company":"Microsoft Corporation","OriginalFileName":"ntdll.dll","Hashes":"SHA1=5786DED9212C3BBF3C1B31CCA8CF85866EA448A4,MD5=F2023B1BA6761FB1886EB3164420273B,SHA256=674D053FD4A2AF0521E283ABE15C9F2BE10736A186634843CE2C847EA90B37D8,IMPHASH=00000000000000000000000000000000","Signed":"true","Signature":"Microsoft Windows","SignatureStatus":"Valid"}
{"SourceName":"Microsoft-Windows-Sysmon","ProviderGuid":"{5770385f-c22a-43e0-bf4c-06f5698ffbd9}","Level":"4","Keywords":"0x8000000000000000","Channel":"Microsoft-Windows-Sysmon/Operational","Hostname":"WORKSTATION6.theshire.local","TimeCreated":"2020-12-19T07:00:23.026Z","@timestamp":"2020-12-19T07:00:23.026Z","EventID":7,"Message":"Image loaded:\r\nRuleName: -\r\nUtcTime: 2020-12-19 12:00:23.024\r\nProcessGuid: {649442b8-eb57-5fdd-0b8c-000000000600}\r\nProcessId: 776\r\nImage: C:\\Windows\\System32\\cscript.exe\r\nImageLoaded: C:\\Windows\\System32\\kernel32.dll\r\nFileVersion: 10.0.18362.1110 (WinBuild.160101.0800)\r\nDescription: Windows NT BASE API Client DLL\r\nProduct: Microsoft Windows Operating System\r\nCompany: Microsoft Corporation\r\nOriginalFileName: kernel32\r\nHashes: SHA1=D207A86541CABC3190BBD5B1CC982F6D7C90051B,MD5=ED906DB51BCB4F5A68606D2683AF44A3,SHA256=DF5CE6E95294579D7D7D16C47CB3DC5C8FA1DB53CCE56091E3496309B0D87536,IMPHASH=D3645703895C4EBB8EA5B9B26816A081\r\nSigned: true\r\nSignature: Microsoft Windows\r\nSignatureStatus: Valid","Task":"7","RuleName":"-","UtcTime":"2020-12-19 12:00:23.024","ProcessGuid":"{649442b8-eb57-5fdd-0b8c-000000000600}","ProcessId":"776","Image":"C:\\Windows\\System32\\cscript.exe","ImageLoaded":"C:\\Windows\\System32\\kernel32.dll","FileVersion":"10.0.18362.1110 (WinBuild.160101.0800)","Description":"Windows NT BASE API Client DLL","Product":"Microsoft Windows Operating System","Company":"Microsoft Corporation","OriginalFileName":"kernel32","Hashes":"SHA1=D207A86541CABC3190BBD5B1CC982F6D7C90051B,MD5=ED906DB51BCB4F5A68606D2683AF44A3,SHA256=DF5CE6E95294579D7D7D16C47CB3DC5C8FA1DB53CCE56091E3496309B0D87536,IMPHASH=D3645703895C4EBB8EA5B9B26816A081","Signed":"true","Signature":"Microsoft Windows","SignatureStatus":"Valid"}
{"SourceName":"Microsoft-Windows-Sysmon","ProviderGuid":"{5770385f-c22a-43e0-bf4c-06f5698ffbd9}","Level":"4","Keywords":"0x8000000000000000","Channel":"Microsoft-Windows-Sysmon/Operational","Hostname":"WORKSTATION6.theshire.local","TimeCreated":"2020-12-19T07:00:23.026Z","@timestamp":"2020-12-19T07:00:23.026Z","EventID":7,"Message":"Image loaded:\r\nRuleName: -\r\nUtcTime: 2020-12-19 12:00:23.024\r\nProcessGuid: {649442b8-eb57-5fdd-0b8c-000000000600}\r\nProcessId: 776\r\nImage: C:\\Windows\\System32\\cscript.exe\r\nImageLoaded: C:\\Windows\\System32\\KernelBase.dll\r\nFileVersion: 10.0.18362.1237 (WinBuild.160101.0800)\r\nDescription: Windows NT BASE API Client DLL\r\nProduct: Microsoft Windows Operating System\r\nCompany: Microsoft Corporation\r\nOriginalFileName: Kernelbase.dll\r\nHashes: SHA1=2FA598C0784903CDE53C1F2DBDCEBB89ADDBCEFA,MD5=21922158616643391A357826374A3DA7,SHA256=15FB1A344CE1625DCFF1CDABE3A9F3AB2305CC38CBA9897636E9E45F3794CBF0,IMPHASH=16003AF856720C35351BB8C14AD0B0A8\r\nSigned: true\r\nSignature: Microsoft Windows\r\nSignatureStatus: Valid","Task":"7","RuleName":"-","UtcTime":"2020-12-19 12:00:23.024","ProcessGuid":"{649442b8-eb57-5fdd-0b8c-000000000600}","ProcessId":"776","Image":"C:\\Windows\\System32\\cscript.exe","ImageLoaded":"C:\\Windows\\System32\\KernelBase.dll","FileVersion":"10.0.18362.1237 (WinBuild.160101.0800)","Description":"Windows NT BASE API Client DLL","Product":"Microsoft Windows Operating System","Company":"Microsoft Corporation","OriginalFileName":"Kernelbase.dll","Hashes":"SHA1=2FA598C0784903CDE53C1F2DBDCEBB89ADDBCEFA,MD5=21922158616643391A357826374A3DA7,SHA256=15FB1A344CE1625DCFF1CDABE3A9F3AB2305CC38CBA9897636E9E45F3794CBF0,IMPHASH=16003AF856720C35351BB8C14AD0B0A8","Signed":"true","Signature":"Microsoft Windows","SignatureStatus":"Valid"}
{"SourceName":"Microsoft-Windows-Sysmon","ProviderGuid":"{5770385f-c22a-43e0-bf4c-06f5698ffbd9}","Level":"4","Keywords":"0x8000000000000000","Channel":"Microsoft-Windows-Sysmon/Operational","Hostname":"WORKSTATION6.theshire.local","TimeCreated":"2020-12-19T07:00:23.028Z","@timestamp":"2020-12-19T07:00:23.028Z","EventID":1,"Message":"Process Create:\r\nRuleName: -\r\nUtcTime: 2020-12-19 12:00:23.027\r\nProcessGuid: {649442b8-eb57-5fdd-0c8c-000000000600}\r\nProcessId: 1408\r\nImage: C:\\Windows\\System32\\conhost.exe\r\nFileVersion: 10.0.18362.1 (WinBuild.160101.0800)\r\nDescription: Console Window Host\r\nProduct: Microsoft Windows Operating System\r\nCompany: Microsoft Corporation\r\nOriginalFileName: CONHOST.EXE\r\nCommandLine: \\??\\C:\\windows\\system32\\conhost.exe 0xffffffff -ForceV1\r\nCurrentDirectory: C:\\windows\r\nUser: NT AUTHORITY\\SYSTEM\r\nLogonGuid: {649442b8-52d8-5fd1-e703-000000000000}\r\nLogonId: 0x3E7\r\nTerminalSessionId: 0\r\nIntegrityLevel: System\r\nHashes: SHA1=11996F32DD85863A8C3BFF6D520F788A9211C8F7,MD5=C5E9B1D1103EDCEA2E408E9497A5A88F,SHA256=BAF97B2A629723947539CFF84E896CD29565AB4BB68B0CEC515EB5C5D6637B69,IMPHASH=F8DD0EF565DE87D97ABF9C62EA63EC21\r\nParentProcessGuid: {649442b8-eb57-5fdd-0b8c-000000000600}\r\nParentProcessId: 776\r\nParentImage: C:\\Windows\\System32\\cscript.exe\r\nParentCommandLine: \"C:\\windows\\system32\\cscript.exe\" /nologo \"MonitorKnowledgeDiscovery.vbs\"","Task":"1","RuleName":"-","UtcTime":"2020-12-19 12:00:23.027","ProcessGuid":"{649442b8-eb57-5fdd-0c8c-000000000600}","ProcessId":"1408","Image":"C:\\Windows\\System32\\conhost.exe","FileVersion":"10.0.18362.1 (WinBuild.160101.0800)","Description":"Console Window Host","Product":"Microsoft Windows Operating System","Company":"Microsoft Corporation","OriginalFileName":"CONHOST.EXE","CommandLine":"\\??\\C:\\windows\\system32\\conhost.exe 0xffffffff -ForceV1","CurrentDirectory":"C:\\windows","User":"NT AUTHORITY\\SYSTEM","LogonGuid":"{649442b8-52d8-5fd1-e703-000000000000}","LogonId":"0x3e7","TerminalSessionId":"0","IntegrityLevel":"System","Hashes":"SHA1=11996F32DD85863A8C3BFF6D520F788A9211C8F7,MD5=C5E9B1D1103EDCEA2E408E9497A5A88F,SHA256=BAF97B2A629723947539CFF84E896CD29565AB4BB68B0CEC515EB5C5D6637B69,IMPHASH=F8DD0EF565DE87D97ABF9C62EA63EC21","ParentProcessGuid":"{649442b8-eb57-5fdd-0b8c-000000000600}","ParentProcessId":"776","ParentImage":"C:\\Windows\\System32\\cscript.exe","ParentCommandLine":"\"C:\\windows\\system32\\cscript.exe\" /nologo \"MonitorKnowledgeDiscovery.vbs\""}
{"SourceName":"Microsoft-Windows-Sysmon","ProviderGuid":"{5770385f-c22a-43e0-bf4c-06f5698ffbd9}","Level":"4","Keywords":"0x8000000000000000","Channel":"Microsoft-Windows-Sysmon/Operational","Hostname":"WORKSTATION6.theshire.local","TimeCreated":"2020-12-19T07:00:23.028Z","@timestamp":"2020-12-19T07:00:23.028Z","EventID":7,"Message":"Image loaded:\r\nRuleName: -\r\nUtcTime: 2020-12-19 12:00:23.024\r\nProcessGuid: {649442b8-eb57-5fdd-0c8c-000000000600}\r\nProcessId: 1408\r\nImage: C:\\Windows\\System32\\conhost.exe\r\nImageLoaded: C:\\Windows\\System32\\conhost.exe\r\nFileVersion: 10.0.18362.1 (WinBuild.160101.0800)\r\nDescription: Console Window Host\r\nProduct: Microsoft Windows Operating System\r\nCompany: Microsoft Corporation\r\nOriginalFileName: CONHOST.EXE\r\nHashes: SHA1=11996F32DD85863A8C3BFF6D520F788A9211C8F7,MD5=C5E9B1D1103EDCEA2E408E9497A5A88F,SHA256=BAF97B2A629723947539CFF84E896CD29565AB4BB68B0CEC515EB5C5D6637B69,IMPHASH=F8DD0EF565DE87D97ABF9C62EA63EC21\r\nSigned: true\r\nSignature: Microsoft Windows\r\nSignatureStatus: Valid","Task":"7","RuleName":"-","UtcTime":"2020-12-19 12:00:23.024","ProcessGuid":"{649442b8-eb57-5fdd-0c8c-000000000600}","ProcessId":"1408","Image":"C:\\Windows\\System32\\conhost.exe","ImageLoaded":"C:\\Windows\\System32\\conhost.exe","FileVersion":"10.0.18362.1 (WinBuild.160101.0800)","Description":"Console Window Host","Product":"Microsoft Windows Operating System","Company":"Microsoft Corporation","OriginalFileName":"CONHOST.EXE","Hashes":"SHA1=11996F32DD85863A8C3BFF6D520F788A9211C8F7,MD5=C5E9B1D1103EDCEA2E408E9497A5A88F,SHA256=BAF97B2A629723947539CFF84E896CD29565AB4BB68B0CEC515EB5C5D6637B69,IMPHASH=F8DD0EF565DE87D97ABF9C62EA63EC21","Signed":"true","Signature":"Microsoft Windows","SignatureStatus":"Valid"}
{"SourceName":"Microsoft-Windows-Sysmon","ProviderGuid":"{5770385f-c22a-43e0-bf4c-06f5698ffbd9}","Level":"4","Keywords":"0x8000000000000000","Channel":"Microsoft-Windows-Sysmon/Operational","Hostname":"WORKSTATION6.theshire.local","TimeCreated":"2020-12-19T07:00:23.029Z","@timestamp":"2020-12-19T07:00:23.029Z","EventID":7,"Message":"Image loaded:\r\nRuleName: -\r\nUtcTime: 2020-12-19 12:00:23.024\r\nProcessGuid: {649442b8-eb57-5fdd-0c8c-000000000600}\r\nProcessId: 1408\r\nImage: C:\\Windows\\System32\\conhost.exe\r\nImageLoaded: C:\\Windows\\System32\\ntdll.dll\r\nFileVersion: 10.0.18362.1171 (WinBuild.160101.0800)\r\nDescription: NT Layer DLL\r\nProduct: Microsoft Windows Operating System\r\nCompany: Microsoft Corporation\r\nOriginalFileName: ntdll.dll\r\nHashes: SHA1=5786DED9212C3BBF3C1B31CCA8CF85866EA448A4,MD5=F2023B1BA6761FB1886EB3164420273B,SHA256=674D053FD4A2AF0521E283ABE15C9F2BE10736A186634843CE2C847EA90B37D8,IMPHASH=00000000000000000000000000000000\r\nSigned: true\r\nSignature: Microsoft Windows\r\nSignatureStatus: Valid","Task":"7","RuleName":"-","UtcTime":"2020-12-19 12:00:23.024","ProcessGuid":"{649442b8-eb57-5fdd-0c8c-000000000600}","ProcessId":"1408","Image":"C:\\Windows\\System32\\conhost.exe","ImageLoaded":"C:\\Windows\\System32\\ntdll.dll","FileVersion":"10.0.18362.1171 (WinBuild.160101.0800)","Description":"NT Layer DLL","Product":"Microsoft Windows Operating System","Company":"Microsoft Corporation","OriginalFileName":"ntdll.dll","Hashes":"SHA1=5786DED9212C3BBF3C1B31CCA8CF85866EA448A4,MD5=F2023B1BA6761FB1886EB3164420273B,SHA256=674D053FD4A2AF0521E283ABE15C9F2BE10736A186634843CE2C847EA90B37D8,IMPHASH=00000000000000000000000000000000","Signed":"true","Signature":"Microsoft Windows","SignatureStatus":"Valid"}
{"SourceName":"Microsoft-Windows-Sysmon","ProviderGuid":"{5770385f-c22a-43e0-bf4c-06f5698ffbd9}","Level":"4","Keywords":"0x8000000000000000","Channel":"Microsoft-Windows-Sysmon/Operational","Hostname":"WORKSTATION6.theshire.local","TimeCreated":"2020-12-19T07:00:23.029Z","@timestamp":"2020-12-19T07:00:23.029Z","EventID":7,"Message":"Image loaded:\r\nRuleName: -\r\nUtcTime: 2020-12-19 12:00:23.024\r\nProcessGuid: {649442b8-eb57-5fdd-0c8c-000000000600}\r\nProcessId: 1408\r\nImage: C:\\Windows\\System32\\conhost.exe\r\nImageLoaded: C:\\Windows\\System32\\kernel32.dll\r\nFileVersion: 10.0.18362.1110 (WinBuild.160101.0800)\r\nDescription: Windows NT BASE API Client DLL\r\nProduct: Microsoft Windows Operating System\r\nCompany: Microsoft Corporation\r\nOriginalFileName: kernel32\r\nHashes: SHA1=D207A86541CABC3190BBD5B1CC982F6D7C90051B,MD5=ED906DB51BCB4F5A68606D2683AF44A3,SHA256=DF5CE6E95294579D7D7D16C47CB3DC5C8FA1DB53CCE56091E3496309B0D87536,IMPHASH=D3645703895C4EBB8EA5B9B26816A081\r\nSigned: true\r\nSignature: Microsoft Windows\r\nSignatureStatus: Valid","Task":"7","RuleName":"-","UtcTime":"2020-12-19 12:00:23.024","ProcessGuid":"{649442b8-eb57-5fdd-0c8c-000000000600}","ProcessId":"1408","Image":"C:\\Windows\\System32\\conhost.exe","ImageLoaded":"C:\\Windows\\System32\\kernel32.dll","FileVersion":"10.0.18362.1110 (WinBuild.160101.0800)","Description":"Windows NT BASE API Client DLL","Product":"Microsoft Windows Operating System","Company":"Microsoft Corporation","OriginalFileName":"kernel32","Hashes":"SHA1=D207A86541CABC3190BBD5B1CC982F6D7C90051B,MD5=ED906DB51BCB4F5A68606D2683AF44A3,SHA256=DF5CE6E95294579D7D7D16C47CB3DC5C8FA1DB53CCE56091E3496309B0D87536,IMPHASH=D3645703895C4EBB8EA5B9B26816A081","Signed":"true","Signature":"Microsoft Windows","SignatureStatus":"Valid"}
{"SourceName":"Microsoft-Windows-Sysmon","ProviderGuid":"{5770385f-c22a-43e0-bf4c-06f5698ffbd9}","Level":"4","Keywords":"0x8000000000000000","Channel":"Microsoft-Windows-Sysmon/Operational","Hostname":"WORKSTATION6.theshire.local","TimeCreated":"2020-12-19T07:00:23.029Z","@timestamp":"2020-12-19T07:00:23.029Z","EventID":7,"Message":"Image loaded:\r\nRuleName: -\r\nUtcTime: 2020-12-19 12:00:23.024\r\nProcessGuid: {649442b8-eb57-5fdd-0c8c-000000000600}\r\nProcessId: 1408\r\nImage: C:\\Windows\\System32\\conhost.exe\r\nImageLoaded: C:\\Windows\\System32\\KernelBase.dll\r\nFileVersion: 10.0.18362.1237 (WinBuild.160101.0800)\r\nDescription: Windows NT BASE API Client DLL\r\nProduct: Microsoft Windows Operating System\r\nCompany: Microsoft Corporation\r\nOriginalFileName: Kernelbase.dll\r\nHashes: SHA1=2FA598C0784903CDE53C1F2DBDCEBB89ADDBCEFA,MD5=21922158616643391A357826374A3DA7,SHA256=15FB1A344CE1625DCFF1CDABE3A9F3AB2305CC38CBA9897636E9E45F3794CBF0,IMPHASH=16003AF856720C35351BB8C14AD0B0A8\r\nSigned: true\r\nSignature: Microsoft Windows\r\nSignatureStatus: Valid","Task":"7","RuleName":"-","UtcTime":"2020-12-19 12:00:23.024","ProcessGuid":"{649442b8-eb57-5fdd-0c8c-000000000600}","ProcessId":"1408","Image":"C:\\Windows\\System32\\conhost.exe","ImageLoaded":"C:\\Windows\\System32\\KernelBase.dll","FileVersion":"10.0.18362.1237 (WinBuild.160101.0800)","Description":"Windows NT BASE API Client DLL","Product":"Microsoft Windows Operating System","Company":"Microsoft Corporation","OriginalFileName":"Kernelbase.dll","Hashes":"SHA1=2FA598C0784903CDE53C1F2DBDCEBB89ADDBCEFA,MD5=21922158616643391A357826374A3DA7,SHA256=15FB1A344CE1625DCFF1CDABE3A9F3AB2305CC38CBA9897636E9E45F3794CBF0,IMPHASH=16003AF856720C35351BB8C14AD0B0A8","Signed":"true","Signature":"Microsoft Windows","SignatureStatus":"Valid"}
{"SourceName":"Microsoft-Windows-Sysmon","ProviderGuid":"{5770385f-c22a-43e0-bf4c-06f5698ffbd9}","Level":"4","Keywords":"0x8000000000000000","Channel":"Microsoft-Windows-Sysmon/Operational","Hostname":"WORKSTATION6.theshire.local","TimeCreated":"2020-12-19T07:00:23.030Z","@timestamp":"2020-12-19T07:00:23.030Z","EventID":10,"Message":"Process accessed:\r\nRuleName: -\r\nUtcTime: 2020-12-19 12:00:23.024\r\nSourceProcessGUID: {649442b8-52d7-5fd1-0600-000000000600}\r\nSourceProcessId: 524\r\nSourceThreadId: 540\r\nSourceImage: C:\\windows\\system32\\csrss.exe\r\nTargetProcessGUID: {649442b8-eb57-5fdd-0c8c-000000000600}\r\nTargetProcessId: 1408\r\nTargetImage: C:\\windows\\system32\\conhost.exe\r\nGrantedAccess: 0x1FFFFF\r\nCallTrace: C:\\windows\\SYSTEM32\\ntdll.dll+9d784|C:\\windows\\SYSTEM32\\CSRSRV.dll+1430|C:\\windows\\SYSTEM32\\CSRSRV.dll+5fd9|C:\\windows\\SYSTEM32\\ntdll.dll+6d4df","Task":"10","RuleName":"-","UtcTime":"2020-12-19 12:00:23.024","SourceProcessGUID":"{649442b8-52d7-5fd1-0600-000000000600}","SourceProcessId":"524","SourceThreadId":"540","SourceImage":"C:\\windows\\system32\\csrss.exe","TargetProcessGUID":"{649442b8-eb57-5fdd-0c8c-000000000600}","TargetProcessId":"1408","TargetImage":"C:\\windows\\system32\\conhost.exe","GrantedAccess":"0x1fffff","CallTrace":"C:\\windows\\SYSTEM32\\ntdll.dll+9d784|C:\\windows\\SYSTEM32\\CSRSRV.dll+1430|C:\\windows\\SYSTEM32\\CSRSRV.dll+5fd9|C:\\windows\\SYSTEM32\\ntdll.dll+6d4df"}
{"SourceName":"Microsoft-Windows-Sysmon","ProviderGuid":"{5770385f-c22a-43e0-bf4c-06f5698ffbd9}","Level":"4","Keywords":"0x8000000000000000","Channel":"Microsoft-Windows-Sysmon/Operational","Hostname":"WORKSTATION6.theshire.local","TimeCreated":"2020-12-19T07:00:23.030Z","@timestamp":"2020-12-19T07:00:23.030Z","EventID":7,"Message":"Image loaded:\r\nRuleName: -\r\nUtcTime: 2020-12-19 12:00:23.024\r\nProcessGuid: {649442b8-eb57-5fdd-0c8c-000000000600}\r\nProcessId: 1408\r\nImage: C:\\Windows\\System32\\conhost.exe\r\nImageLoaded: C:\\Windows\\System32\\msvcp_win.dll\r\nFileVersion: 10.0.18362.1110 (WinBuild.160101.0800)\r\nDescription: Microsoft C Runtime Library\r\nProduct: Microsoft Windows Operating System\r\nCompany: Microsoft Corporation\r\nOriginalFileName: msvcp_win.dll\r\nHashes: SHA1=56A126B33C43CE80C5DA3319FA4FBE28F617599C,MD5=94027F5AE9D6FC3B0917C1B5BCD2D88E,SHA256=2FC246F193104FB36285360E9FB14CE10B04EDB50D9D5ECFD9FDA1F010BFCDB9,IMPHASH=7F555C87AEA488E97B6067A0419ED3B4\r\nSigned: true\r\nSignature: Microsoft Windows\r\nSignatureStatus: Valid","Task":"7","RuleName":"-","UtcTime":"2020-12-19 12:00:23.024","ProcessGuid":"{649442b8-eb57-5fdd-0c8c-000000000600}","ProcessId":"1408","Image":"C:\\Windows\\System32\\conhost.exe","ImageLoaded":"C:\\Windows\\System32\\msvcp_win.dll","FileVersion":"10.0.18362.1110 (WinBuild.160101.0800)","Description":"Microsoft C Runtime Library","Product":"Microsoft Windows Operating System","Company":"Microsoft Corporation","OriginalFileName":"msvcp_win.dll","Hashes":"SHA1=56A126B33C43CE80C5DA3319FA4FBE28F617599C,MD5=94027F5AE9D6FC3B0917C1B5BCD2D88E,SHA256=2FC246F193104FB36285360E9FB14CE10B04EDB50D9D5ECFD9FDA1F010BFCDB9,IMPHASH=7F555C87AEA488E97B6067A0419ED3B4","Signed":"true","Signature":"Microsoft Windows","SignatureStatus":"Valid"}
{"SourceName":"Microsoft-Windows-Sysmon","ProviderGuid":"{5770385f-c22a-43e0-bf4c-06f5698ffbd9}","Level":"4","Keywords":"0x8000000000000000","Channel":"Microsoft-Windows-Sysmon/Operational","Hostname":"WORKSTATION6.theshire.local","TimeCreated":"2020-12-19T07:00:23.031Z","@timestamp":"2020-12-19T07:00:23.031Z","EventID":7,"Message":"Image loaded:\r\nRuleName: -\r\nUtcTime: 2020-12-19 12:00:23.024\r\nProcessGuid: {649442b8-eb57-5fdd-0c8c-000000000600}\r\nProcessId: 1408\r\nImage: C:\\Windows\\System32\\conhost.exe\r\nImageLoaded: C:\\Windows\\System32\\ucrtbase.dll\r\nFileVersion: 10.0.18362.1110 (WinBuild.160101.0800)\r\nDescription: Microsoft C Runtime Library\r\nProduct: Microsoft Windows Operating System\r\nCompany: Microsoft Corporation\r\nOriginalFileName: ucrtbase.dll\r\nHashes: SHA1=D10BBE9B65C2C6F8FCA6850D0B79CBC6EF04D691,MD5=126821F73FD9FFCE6E091CF9480E1B60,SHA256=7B28F46F0A09CFD9129109A94B1C16C9C62EEF46C09113C4C585D9BF0E69B2DA,IMPHASH=5AE9A136FAFA10321F3D48251BF4F6A1\r\nSigned: true\r\nSignature: Microsoft Windows\r\nSignatureStatus: Valid","Task":"7","RuleName":"-","UtcTime":"2020-12-19 12:00:23.024","ProcessGuid":"{649442b8-eb57-5fdd-0c8c-000000000600}","ProcessId":"1408","Image":"C:\\Windows\\System32\\conhost.exe","ImageLoaded":"C:\\Windows\\System32\\ucrtbase.dll","FileVersion":"10.0.18362.1110 (WinBuild.160101.0800)","Description":"Microsoft C Runtime Library","Product":"Microsoft Windows Operating System","Company":"Microsoft Corporation","OriginalFileName":"ucrtbase.dll","Hashes":"SHA1=D10BBE9B65C2C6F8FCA6850D0B79CBC6EF04D691,MD5=126821F73FD9FFCE6E091CF9480E1B60,SHA256=7B28F46F0A09CFD9129109A94B1C16C9C62EEF46C09113C4C585D9BF0E69B2DA,IMPHASH=5AE9A136FAFA10321F3D48251BF4F6A1","Signed":"true","Signature":"Microsoft Windows","SignatureStatus":"Valid"}
{"SourceName":"Microsoft-Windows-Sysmon","ProviderGuid":"{5770385f-c22a-43e0-bf4c-06f5698ffbd9}","Level":"4","Keywords":"0x8000000000000000","Channel":"Microsoft-Windows-Sysmon/Operational","Hostname":"WORKSTATION6.theshire.local","TimeCreated":"2020-12-19T07:00:23.031Z","@timestamp":"2020-12-19T07:00:23.031Z","EventID":7,"Message":"Image loaded:\r\nRuleName: -\r\nUtcTime: 2020-12-19 12:00:23.024\r\nProcessGuid: {649442b8-eb57-5fdd-0c8c-000000000600}\r\nProcessId: 1408\r\nImage: C:\\Windows\\System32\\conhost.exe\r\nImageLoaded: C:\\Windows\\System32\\SHCore.dll\r\nFileVersion: 10.0.18362.1237 (WinBuild.160101.0800)\r\nDescription: SHCORE\r\nProduct: Microsoft Windows Operating System\r\nCompany: Microsoft Corporation\r\nOriginalFileName: SHCORE.dll\r\nHashes: SHA1=370FDCB6FFA4BA083D604D5DA8964E03EF2426BF,MD5=599BEFE22ED44B01CB501EF581967937,SHA256=2F729ADA32304BDED0E3E607C062C32EA555BC68B8E6CBC52840C16AB9351B44,IMPHASH=0E48D88DA5B1AEFE29036ECDE5B34E8D\r\nSigned: true\r\nSignature: Microsoft Windows\r\nSignatureStatus: Valid","Task":"7","RuleName":"-","UtcTime":"2020-12-19 12:00:23.024","ProcessGuid":"{649442b8-eb57-5fdd-0c8c-000000000600}","ProcessId":"1408","Image":"C:\\Windows\\System32\\conhost.exe","ImageLoaded":"C:\\Windows\\System32\\SHCore.dll","FileVersion":"10.0.18362.1237 (WinBuild.160101.0800)","Description":"SHCORE","Product":"Microsoft Windows Operating System","Company":"Microsoft Corporation","OriginalFileName":"SHCORE.dll","Hashes":"SHA1=370FDCB6FFA4BA083D604D5DA8964E03EF2426BF,MD5=599BEFE22ED44B01CB501EF581967937,SHA256=2F729ADA32304BDED0E3E607C062C32EA555BC68B8E6CBC52840C16AB9351B44,IMPHASH=0E48D88DA5B1AEFE29036ECDE5B34E8D","Signed":"true","Signature":"Microsoft Windows","SignatureStatus":"Valid"}
{"SourceName":"Microsoft-Windows-Sysmon","ProviderGuid":"{5770385f-c22a-43e0-bf4c-06f5698ffbd9}","Level":"4","Keywords":"0x8000000000000000","Channel":"Microsoft-Windows-Sysmon/Operational","Hostname":"WORKSTATION6.theshire.local","TimeCreated":"2020-12-19T07:00:23.031Z","@timestamp":"2020-12-19T07:00:23.031Z","EventID":7,"Message":"Image loaded:\r\nRuleName: -\r\nUtcTime: 2020-12-19 12:00:23.024\r\nProcessGuid: {649442b8-eb57-5fdd-0c8c-000000000600}\r\nProcessId: 1408\r\nImage: C:\\Windows\\System32\\conhost.exe\r\nImageLoaded: C:\\Windows\\System32\\msvcrt.dll\r\nFileVersion: 7.0.18362.1 (WinBuild.160101.0800)\r\nDescription: Windows NT CRT DLL\r\nProduct: Microsoft Windows Operating System\r\nCompany: Microsoft Corporation\r\nOriginalFileName: msvcrt.dll\r\nHashes: SHA1=0EA4B3CFB14E49CEC0D42FF0F1FA989E69647A8F,MD5=36354D9B5B0A58A4B9A19103852C00A2,SHA256=E5A863D3F4BFEFED7D73A7B1499F81B7235BC9AE3C108065041BCB8E5446B1BB,IMPHASH=1273683626EBBA703979F188A1E64237\r\nSigned: true\r\nSignature: Microsoft Windows\r\nSignatureStatus: Valid","Task":"7","RuleName":"-","UtcTime":"2020-12-19 12:00:23.024","ProcessGuid":"{649442b8-eb57-5fdd-0c8c-000000000600}","ProcessId":"1408","Image":"C:\\Windows\\System32\\conhost.exe","ImageLoaded":"C:\\Windows\\System32\\msvcrt.dll","FileVersion":"7.0.18362.1 (WinBuild.160101.0800)","Description":"Windows NT CRT DLL","Product":"Microsoft Windows Operating System","Company":"Microsoft Corporation","OriginalFileName":"msvcrt.dll","Hashes":"SHA1=0EA4B3CFB14E49CEC0D42FF0F1FA989E69647A8F,MD5=36354D9B5B0A58A4B9A19103852C00A2,SHA256=E5A863D3F4BFEFED7D73A7B1499F81B7235BC9AE3C108065041BCB8E5446B1BB,IMPHASH=1273683626EBBA703979F188A1E64237","Signed":"true","Signature":"Microsoft Windows","SignatureStatus":"Valid"}
{"SourceName":"Microsoft-Windows-Sysmon","ProviderGuid":"{5770385f-c22a-43e0-bf4c-06f5698ffbd9}","Level":"4","Keywords":"0x8000000000000000","Channel":"Microsoft-Windows-Sysmon/Operational","Hostname":"WORKSTATION6.theshire.local","TimeCreated":"2020-12-19T07:00:23.032Z","@timestamp":"2020-12-19T07:00:23.032Z","EventID":7,"Message":"Image loaded:\r\nRuleName: -\r\nUtcTime: 2020-12-19 12:00:23.024\r\nProcessGuid: {649442b8-eb57-5fdd-0c8c-000000000600}\r\nProcessId: 1408\r\nImage: C:\\Windows\\System32\\conhost.exe\r\nImageLoaded: C:\\Windows\\System32\\rpcrt4.dll\r\nFileVersion: 10.0.18362.1237 (WinBuild.160101.0800)\r\nDescription: Remote Procedure Call Runtime\r\nProduct: Microsoft Windows Operating System\r\nCompany: Microsoft Corporation\r\nOriginalFileName: rpcrt4.dll\r\nHashes: SHA1=D4F9E2CA0E2151D9186D2C8116AF2B40441829F3,MD5=50D8C477A6F7511EE5C3B46B59F9F925,SHA256=7C079DEFDF8C41B5EB4D7883603944BF45D6D04F981BF39EDF1D624AC51B90AD,IMPHASH=88E7E7C7FA90052EC162DD37F2B7C7BD\r\nSigned: true\r\nSignature: Microsoft Windows\r\nSignatureStatus: Valid","Task":"7","RuleName":"-","UtcTime":"2020-12-19 12:00:23.024","ProcessGuid":"{649442b8-eb57-5fdd-0c8c-000000000600}","ProcessId":"1408","Image":"C:\\Windows\\System32\\conhost.exe","ImageLoaded":"C:\\Windows\\System32\\rpcrt4.dll","FileVersion":"10.0.18362.1237 (WinBuild.160101.0800)","Description":"Remote Procedure Call Runtime","Product":"Microsoft Windows Operating System","Company":"Microsoft Corporation","OriginalFileName":"rpcrt4.dll","Hashes":"SHA1=D4F9E2CA0E2151D9186D2C8116AF2B40441829F3,MD5=50D8C477A6F7511EE5C3B46B59F9F925,SHA256=7C079DEFDF8C41B5EB4D7883603944BF45D6D04F981BF39EDF1D624AC51B90AD,IMPHASH=88E7E7C7FA90052EC162DD37F2B7C7BD","Signed":"true","Signature":"Microsoft Windows","SignatureStatus":"Valid"}
{"SourceName":"Microsoft-Windows-Sysmon","ProviderGuid":"{5770385f-c22a-43e0-bf4c-06f5698ffbd9}","Level":"4","Keywords":"0x8000000000000000","Channel":"Microsoft-Windows-Sysmon/Operational","Hostname":"WORKSTATION6.theshire.local","TimeCreated":"2020-12-19T07:00:23.032Z","@timestamp":"2020-12-19T07:00:23.032Z","EventID":7,"Message":"Image loaded:\r\nRuleName: -\r\nUtcTime: 2020-12-19 12:00:23.024\r\nProcessGuid: {649442b8-eb57-5fdd-0c8c-000000000600}\r\nProcessId: 1408\r\nImage: C:\\Windows\\System32\\conhost.exe\r\nImageLoaded: C:\\Windows\\System32\\combase.dll\r\nFileVersion: 10.0.18362.1237 (WinBuild.160101.0800)\r\nDescription: Microsoft COM for Windows\r\nProduct: Microsoft Windows Operating System\r\nCompany: Microsoft Corporation\r\nOriginalFileName: COMBASE.DLL\r\nHashes: SHA1=7625B2C72600FF888C7A3336419BB044C36752A5,MD5=539D1E01F0F05A761F9CEB0E73B6B2F6,SHA256=06F66535EAC81D471CF93F94B2BA05C71CB6215F9CD74FE9D786EF460B3FD696,IMPHASH=AB7CE8EA429123317DC63A4C1C782C8D\r\nSigned: true\r\nSignature: Microsoft Windows\r\nSignatureStatus: Valid","Task":"7","RuleName":"-","UtcTime":"2020-12-19 12:00:23.024","ProcessGuid":"{649442b8-eb57-5fdd-0c8c-000000000600}","ProcessId":"1408","Image":"C:\\Windows\\System32\\conhost.exe","ImageLoaded":"C:\\Windows\\System32\\combase.dll","FileVersion":"10.0.18362.1237 (WinBuild.160101.0800)","Description":"Microsoft COM for Windows","Product":"Microsoft Windows Operating System","Company":"Microsoft Corporation","OriginalFileName":"COMBASE.DLL","Hashes":"SHA1=7625B2C72600FF888C7A3336419BB044C36752A5,MD5=539D1E01F0F05A761F9CEB0E73B6B2F6,SHA256=06F66535EAC81D471CF93F94B2BA05C71CB6215F9CD74FE9D786EF460B3FD696,IMPHASH=AB7CE8EA429123317DC63A4C1C782C8D","Signed":"true","Signature":"Microsoft Windows","SignatureStatus":"Valid"}
