{"SubjectUserName":"wardog","TimeCreated":"2020-10-18 02:17:04.033","SubjectLogonId":"0x13899ea","PrivilegeList":"SeTakeOwnershipPrivilege","ObjectServer":"Security","ObjectType":"Mutant","SubjectUserSid":"S-1-5-21-3940915590-64593676-1414006259-500","EventID":4674,"Channel":"Security","Task":"13056","ObjectName":"\\Sessions\\2\\BaseNamedObjects\\SM0:1064:304:WilStaging_02","AccessMask":"%%1537\n\t\t\t\t%%1538\n\t\t\t\t%%1539\n\t\t\t\t%%1540\n\t\t\t\t%%1541\n\t\t\t\t%%4448\n\t\t\t\t","SubjectDomainName":"WORKSTATION5","Hostname":"WORKSTATION5","ProcessName":"C:\\Windows\\System32\\wbem\\WMIC.exe","ProcessId":"0x428","HandleId":"0x5ec","Message":"An operation was attempted on a privileged object.\r\n\r\nSubject:\r\n\tSecurity ID:\t\tS-1-5-21-3940915590-64593676-1414006259-500\r\n\tAccount Name:\t\twardog\r\n\tAccount Domain:\t\tWORKSTATION5\r\n\tLogon ID:\t\t0x13899EA\r\n\r\nObject:\r\n\tObject Server:\tSecurity\r\n\tObject Type:\tMutant\r\n\tObject Name:\t\\Sessions\\2\\BaseNamedObjects\\SM0:1064:304:WilStaging_02\r\n\tObject Handle:\t0x5ec\r\n\r\nProcess Information:\r\n\tProcess ID:\t0x428\r\n\tProcess Name:\tC:\\Windows\\System32\\wbem\\WMIC.exe\r\n\r\nRequested Operation:\r\n\tDesired Access:\tDELETE\r\n\t\t\t\tREAD_CONTROL\r\n\t\t\t\tWRITE_DAC\r\n\t\t\t\tWRITE_OWNER\r\n\t\t\t\tSYNCHRONIZE\r\n\t\t\t\tQuery mutant state\r\n\t\t\t\t\r\n\tPrivileges:\t\tSeTakeOwnershipPrivilege"}
{"SubjectUserName":"wardog","TimeCreated":"2020-10-18 02:17:04.012","SubjectLogonId":"0x13899ea","PrivilegeList":"SeTakeOwnershipPrivilege","ObjectServer":"Security","ObjectType":"Semaphore","SubjectUserSid":"S-1-5-21-3940915590-64593676-1414006259-500","EventID":4674,"Channel":"Security","Task":"13056","ObjectName":"\\Sessions\\2\\BaseNamedObjects\\SM0:1064:304:WilStaging_02_p0h","AccessMask":"%%1537\n\t\t\t\t%%1538\n\t\t\t\t%%1539\n\t\t\t\t%%1540\n\t\t\t\t%%1541\n\t\t\t\t%%4528\n\t\t\t\t%%4529\n\t\t\t\t","SubjectDomainName":"WORKSTATION5","Hostname":"WORKSTATION5","ProcessName":"C:\\Windows\\System32\\wbem\\WMIC.exe","ProcessId":"0x428","HandleId":"0x4b4","Message":"An operation was attempted on a privileged object.\r\n\r\nSubject:\r\n\tSecurity ID:\t\tS-1-5-21-3940915590-64593676-1414006259-500\r\n\tAccount Name:\t\twardog\r\n\tAccount Domain:\t\tWORKSTATION5\r\n\tLogon ID:\t\t0x13899EA\r\n\r\nObject:\r\n\tObject Server:\tSecurity\r\n\tObject Type:\tSemaphore\r\n\tObject Name:\t\\Sessions\\2\\BaseNamedObjects\\SM0:1064:304:WilStaging_02_p0h\r\n\tObject Handle:\t0x4b4\r\n\r\nProcess Information:\r\n\tProcess ID:\t0x428\r\n\tProcess Name:\tC:\\Windows\\System32\\wbem\\WMIC.exe\r\n\r\nRequested Operation:\r\n\tDesired Access:\tDELETE\r\n\t\t\t\tREAD_CONTROL\r\n\t\t\t\tWRITE_DAC\r\n\t\t\t\tWRITE_OWNER\r\n\t\t\t\tSYNCHRONIZE\r\n\t\t\t\tQuery semaphore state\r\n\t\t\t\tModify semaphore state\r\n\t\t\t\t\r\n\tPrivileges:\t\tSeTakeOwnershipPrivilege"}
{"SubjectUserName":"wardog","TimeCreated":"2020-10-18 02:17:04.012","SubjectLogonId":"0x13899ea","PrivilegeList":"SeTakeOwnershipPrivilege","ObjectServer":"Security","ObjectType":"Semaphore","SubjectUserSid":"S-1-5-21-3940915590-64593676-1414006259-500","EventID":4674,"Channel":"Security","Task":"13056","ObjectName":"\\Sessions\\2\\BaseNamedObjects\\SM0:1064:304:WilStaging_02_p0","AccessMask":"%%1537\n\t\t\t\t%%1538\n\t\t\t\t%%1539\n\t\t\t\t%%1540\n\t\t\t\t%%1541\n\t\t\t\t%%4528\n\t\t\t\t%%4529\n\t\t\t\t","SubjectDomainName":"WORKSTATION5","Hostname":"WORKSTATION5","ProcessName":"C:\\Windows\\System32\\wbem\\WMIC.exe","ProcessId":"0x428","HandleId":"0x5e0","Message":"An operation was attempted on a privileged object.\r\n\r\nSubject:\r\n\tSecurity ID:\t\tS-1-5-21-3940915590-64593676-1414006259-500\r\n\tAccount Name:\t\twardog\r\n\tAccount Domain:\t\tWORKSTATION5\r\n\tLogon ID:\t\t0x13899EA\r\n\r\nObject:\r\n\tObject Server:\tSecurity\r\n\tObject Type:\tSemaphore\r\n\tObject Name:\t\\Sessions\\2\\BaseNamedObjects\\SM0:1064:304:WilStaging_02_p0\r\n\tObject Handle:\t0x5e0\r\n\r\nProcess Information:\r\n\tProcess ID:\t0x428\r\n\tProcess Name:\tC:\\Windows\\System32\\wbem\\WMIC.exe\r\n\r\nRequested Operation:\r\n\tDesired Access:\tDELETE\r\n\t\t\t\tREAD_CONTROL\r\n\t\t\t\tWRITE_DAC\r\n\t\t\t\tWRITE_OWNER\r\n\t\t\t\tSYNCHRONIZE\r\n\t\t\t\tQuery semaphore state\r\n\t\t\t\tModify semaphore state\r\n\t\t\t\t\r\n\tPrivileges:\t\tSeTakeOwnershipPrivilege"}
{"SubjectUserName":"wardog","TimeCreated":"2020-10-18 02:17:04.012","SubjectLogonId":"0x13899ea","PrivilegeList":"SeTakeOwnershipPrivilege","ObjectServer":"Security","ObjectType":"-","SubjectUserSid":"S-1-5-21-3940915590-64593676-1414006259-500","EventID":4674,"Channel":"Security","Task":"13056","ObjectName":"-","AccessMask":"2031617","SubjectDomainName":"WORKSTATION5","Hostname":"WORKSTATION5","ProcessName":"C:\\Windows\\System32\\wbem\\WMIC.exe","ProcessId":"0x428","HandleId":"0x5d4","Message":"An operation was attempted on a privileged object.\r\n\r\nSubject:\r\n\tSecurity ID:\t\tS-1-5-21-3940915590-64593676-1414006259-500\r\n\tAccount Name:\t\twardog\r\n\tAccount Domain:\t\tWORKSTATION5\r\n\tLogon ID:\t\t0x13899EA\r\n\r\nObject:\r\n\tObject Server:\tSecurity\r\n\tObject Type:\t-\r\n\tObject Name:\t-\r\n\tObject Handle:\t0x5d4\r\n\r\nProcess Information:\r\n\tProcess ID:\t0x428\r\n\tProcess Name:\tC:\\Windows\\System32\\wbem\\WMIC.exe\r\n\r\nRequested Operation:\r\n\tDesired Access:\t2031617\r\n\tPrivileges:\t\tSeTakeOwnershipPrivilege"}
{"SubjectUserName":"wardog","TimeCreated":"2020-10-18 02:17:04.012","SubjectLogonId":"0x13899ea","PrivilegeList":"SeTakeOwnershipPrivilege","ObjectServer":"Security","ObjectType":"Mutant","SubjectUserSid":"S-1-5-21-3940915590-64593676-1414006259-500","EventID":4674,"Channel":"Security","Task":"13056","ObjectName":"\\Sessions\\2\\BaseNamedObjects\\SM0:1064:304:WilStaging_02","AccessMask":"%%1537\n\t\t\t\t%%1538\n\t\t\t\t%%1539\n\t\t\t\t%%1540\n\t\t\t\t%%1541\n\t\t\t\t%%4448\n\t\t\t\t","SubjectDomainName":"WORKSTATION5","Hostname":"WORKSTATION5","ProcessName":"C:\\Windows\\System32\\wbem\\WMIC.exe","ProcessId":"0x428","HandleId":"0x5d4","Message":"An operation was attempted on a privileged object.\r\n\r\nSubject:\r\n\tSecurity ID:\t\tS-1-5-21-3940915590-64593676-1414006259-500\r\n\tAccount Name:\t\twardog\r\n\tAccount Domain:\t\tWORKSTATION5\r\n\tLogon ID:\t\t0x13899EA\r\n\r\nObject:\r\n\tObject Server:\tSecurity\r\n\tObject Type:\tMutant\r\n\tObject Name:\t\\Sessions\\2\\BaseNamedObjects\\SM0:1064:304:WilStaging_02\r\n\tObject Handle:\t0x5d4\r\n\r\nProcess Information:\r\n\tProcess ID:\t0x428\r\n\tProcess Name:\tC:\\Windows\\System32\\wbem\\WMIC.exe\r\n\r\nRequested Operation:\r\n\tDesired Access:\tDELETE\r\n\t\t\t\tREAD_CONTROL\r\n\t\t\t\tWRITE_DAC\r\n\t\t\t\tWRITE_OWNER\r\n\t\t\t\tSYNCHRONIZE\r\n\t\t\t\tQuery mutant state\r\n\t\t\t\t\r\n\tPrivileges:\t\tSeTakeOwnershipPrivilege"}
{"SubjectUserName":"wardog","TimeCreated":"2020-10-18 02:17:04.010","SubjectLogonId":"0x13899ea","PrivilegeList":"SeTakeOwnershipPrivilege","ObjectServer":"Security","ObjectType":"Semaphore","SubjectUserSid":"S-1-5-21-3940915590-64593676-1414006259-500","EventID":4674,"Channel":"Security","Task":"13056","ObjectName":"\\Sessions\\2\\BaseNamedObjects\\SM0:1064:304:WilStaging_02_p0h","AccessMask":"%%1537\n\t\t\t\t%%1538\n\t\t\t\t%%1539\n\t\t\t\t%%1540\n\t\t\t\t%%1541\n\t\t\t\t%%4528\n\t\t\t\t%%4529\n\t\t\t\t","SubjectDomainName":"WORKSTATION5","Hostname":"WORKSTATION5","ProcessName":"C:\\Windows\\System32\\wbem\\WMIC.exe","ProcessId":"0x428","HandleId":"0x5e0","Message":"An operation was attempted on a privileged object.\r\n\r\nSubject:\r\n\tSecurity ID:\t\tS-1-5-21-3940915590-64593676-1414006259-500\r\n\tAccount Name:\t\twardog\r\n\tAccount Domain:\t\tWORKSTATION5\r\n\tLogon ID:\t\t0x13899EA\r\n\r\nObject:\r\n\tObject Server:\tSecurity\r\n\tObject Type:\tSemaphore\r\n\tObject Name:\t\\Sessions\\2\\BaseNamedObjects\\SM0:1064:304:WilStaging_02_p0h\r\n\tObject Handle:\t0x5e0\r\n\r\nProcess Information:\r\n\tProcess ID:\t0x428\r\n\tProcess Name:\tC:\\Windows\\System32\\wbem\\WMIC.exe\r\n\r\nRequested Operation:\r\n\tDesired Access:\tDELETE\r\n\t\t\t\tREAD_CONTROL\r\n\t\t\t\tWRITE_DAC\r\n\t\t\t\tWRITE_OWNER\r\n\t\t\t\tSYNCHRONIZE\r\n\t\t\t\tQuery semaphore state\r\n\t\t\t\tModify semaphore state\r\n\t\t\t\t\r\n\tPrivileges:\t\tSeTakeOwnershipPrivilege"}
{"SubjectUserName":"wardog","TimeCreated":"2020-10-18 02:17:04.010","SubjectLogonId":"0x13899ea","PrivilegeList":"SeTakeOwnershipPrivilege","ObjectServer":"Security","ObjectType":"Semaphore","SubjectUserSid":"S-1-5-21-3940915590-64593676-1414006259-500","EventID":4674,"Channel":"Security","Task":"13056","ObjectName":"\\Sessions\\2\\BaseNamedObjects\\SM0:1064:304:WilStaging_02_p0","AccessMask":"%%1537\n\t\t\t\t%%1538\n\t\t\t\t%%1539\n\t\t\t\t%%1540\n\t\t\t\t%%1541\n\t\t\t\t%%4528\n\t\t\t\t%%4529\n\t\t\t\t","SubjectDomainName":"WORKSTATION5","Hostname":"WORKSTATION5","ProcessName":"C:\\Windows\\System32\\wbem\\WMIC.exe","ProcessId":"0x428","HandleId":"0x5dc","Message":"An operation was attempted on a privileged object.\r\n\r\nSubject:\r\n\tSecurity ID:\t\tS-1-5-21-3940915590-64593676-1414006259-500\r\n\tAccount Name:\t\twardog\r\n\tAccount Domain:\t\tWORKSTATION5\r\n\tLogon ID:\t\t0x13899EA\r\n\r\nObject:\r\n\tObject Server:\tSecurity\r\n\tObject Type:\tSemaphore\r\n\tObject Name:\t\\Sessions\\2\\BaseNamedObjects\\SM0:1064:304:WilStaging_02_p0\r\n\tObject Handle:\t0x5dc\r\n\r\nProcess Information:\r\n\tProcess ID:\t0x428\r\n\tProcess Name:\tC:\\Windows\\System32\\wbem\\WMIC.exe\r\n\r\nRequested Operation:\r\n\tDesired Access:\tDELETE\r\n\t\t\t\tREAD_CONTROL\r\n\t\t\t\tWRITE_DAC\r\n\t\t\t\tWRITE_OWNER\r\n\t\t\t\tSYNCHRONIZE\r\n\t\t\t\tQuery semaphore state\r\n\t\t\t\tModify semaphore state\r\n\t\t\t\t\r\n\tPrivileges:\t\tSeTakeOwnershipPrivilege"}
{"SubjectUserName":"wardog","TimeCreated":"2020-10-18 02:17:04.009","SubjectLogonId":"0x13899ea","PrivilegeList":"SeTakeOwnershipPrivilege","ObjectServer":"Security","ObjectType":"-","SubjectUserSid":"S-1-5-21-3940915590-64593676-1414006259-500","EventID":4674,"Channel":"Security","Task":"13056","ObjectName":"-","AccessMask":"2031617","SubjectDomainName":"WORKSTATION5","Hostname":"WORKSTATION5","ProcessName":"C:\\Windows\\System32\\wbem\\WMIC.exe","ProcessId":"0x428","HandleId":"0x5d8","Message":"An operation was attempted on a privileged object.\r\n\r\nSubject:\r\n\tSecurity ID:\t\tS-1-5-21-3940915590-64593676-1414006259-500\r\n\tAccount Name:\t\twardog\r\n\tAccount Domain:\t\tWORKSTATION5\r\n\tLogon ID:\t\t0x13899EA\r\n\r\nObject:\r\n\tObject Server:\tSecurity\r\n\tObject Type:\t-\r\n\tObject Name:\t-\r\n\tObject Handle:\t0x5d8\r\n\r\nProcess Information:\r\n\tProcess ID:\t0x428\r\n\tProcess Name:\tC:\\Windows\\System32\\wbem\\WMIC.exe\r\n\r\nRequested Operation:\r\n\tDesired Access:\t2031617\r\n\tPrivileges:\t\tSeTakeOwnershipPrivilege"}
{"SubjectUserName":"wardog","TimeCreated":"2020-10-18 02:17:04.009","SubjectLogonId":"0x13899ea","PrivilegeList":"SeTakeOwnershipPrivilege","ObjectServer":"Security","ObjectType":"Mutant","SubjectUserSid":"S-1-5-21-3940915590-64593676-1414006259-500","EventID":4674,"Channel":"Security","Task":"13056","ObjectName":"\\Sessions\\2\\BaseNamedObjects\\SM0:1064:304:WilStaging_02","AccessMask":"%%1537\n\t\t\t\t%%1538\n\t\t\t\t%%1539\n\t\t\t\t%%1540\n\t\t\t\t%%1541\n\t\t\t\t%%4448\n\t\t\t\t","SubjectDomainName":"WORKSTATION5","Hostname":"WORKSTATION5","ProcessName":"C:\\Windows\\System32\\wbem\\WMIC.exe","ProcessId":"0x428","HandleId":"0x5d8","Message":"An operation was attempted on a privileged object.\r\n\r\nSubject:\r\n\tSecurity ID:\t\tS-1-5-21-3940915590-64593676-1414006259-500\r\n\tAccount Name:\t\twardog\r\n\tAccount Domain:\t\tWORKSTATION5\r\n\tLogon ID:\t\t0x13899EA\r\n\r\nObject:\r\n\tObject Server:\tSecurity\r\n\tObject Type:\tMutant\r\n\tObject Name:\t\\Sessions\\2\\BaseNamedObjects\\SM0:1064:304:WilStaging_02\r\n\tObject Handle:\t0x5d8\r\n\r\nProcess Information:\r\n\tProcess ID:\t0x428\r\n\tProcess Name:\tC:\\Windows\\System32\\wbem\\WMIC.exe\r\n\r\nRequested Operation:\r\n\tDesired Access:\tDELETE\r\n\t\t\t\tREAD_CONTROL\r\n\t\t\t\tWRITE_DAC\r\n\t\t\t\tWRITE_OWNER\r\n\t\t\t\tSYNCHRONIZE\r\n\t\t\t\tQuery mutant state\r\n\t\t\t\t\r\n\tPrivileges:\t\tSeTakeOwnershipPrivilege"}
{"SubjectUserName":"wardog","TimeCreated":"2020-10-18 02:17:03.913","SubjectLogonId":"0x13899ea","PrivilegeList":"SeTakeOwnershipPrivilege","ObjectServer":"Security","ObjectType":"-","SubjectUserSid":"S-1-5-21-3940915590-64593676-1414006259-500","EventID":4674,"Channel":"Security","Task":"13056","ObjectName":"-","AccessMask":"983103","SubjectDomainName":"WORKSTATION5","Hostname":"WORKSTATION5","ProcessName":"C:\\Windows\\System32\\wbem\\WMIC.exe","ProcessId":"0x428","HandleId":"0x598","Message":"An operation was attempted on a privileged object.\r\n\r\nSubject:\r\n\tSecurity ID:\t\tS-1-5-21-3940915590-64593676-1414006259-500\r\n\tAccount Name:\t\twardog\r\n\tAccount Domain:\t\tWORKSTATION5\r\n\tLogon ID:\t\t0x13899EA\r\n\r\nObject:\r\n\tObject Server:\tSecurity\r\n\tObject Type:\t-\r\n\tObject Name:\t-\r\n\tObject Handle:\t0x598\r\n\r\nProcess Information:\r\n\tProcess ID:\t0x428\r\n\tProcess Name:\tC:\\Windows\\System32\\wbem\\WMIC.exe\r\n\r\nRequested Operation:\r\n\tDesired Access:\t983103\r\n\tPrivileges:\t\tSeTakeOwnershipPrivilege"}
{"SubjectUserName":"wardog","TimeCreated":"2020-10-18 02:17:03.913","SubjectLogonId":"0x13899ea","PrivilegeList":"SeTakeOwnershipPrivilege","ObjectServer":"Security","ObjectType":"Key","SubjectUserSid":"S-1-5-21-3940915590-64593676-1414006259-500","EventID":4674,"Channel":"Security","Task":"13056","ObjectName":"\\REGISTRY\\USER\\S-1-5-21-3940915590-64593676-1414006259-500\\Software\\Microsoft\\Windows\\CurrentVersion\\Explorer\\User Shell Folders","AccessMask":"%%1537\n\t\t\t\t%%1538\n\t\t\t\t%%1539\n\t\t\t\t%%1540\n\t\t\t\t%%4432\n\t\t\t\t%%4433\n\t\t\t\t%%4434\n\t\t\t\t%%4435\n\t\t\t\t%%4436\n\t\t\t\t%%4437\n\t\t\t\t","SubjectDomainName":"WORKSTATION5","Hostname":"WORKSTATION5","ProcessName":"C:\\Windows\\System32\\wbem\\WMIC.exe","ProcessId":"0x428","HandleId":"0x598","Message":"An operation was attempted on a privileged object.\r\n\r\nSubject:\r\n\tSecurity ID:\t\tS-1-5-21-3940915590-64593676-1414006259-500\r\n\tAccount Name:\t\twardog\r\n\tAccount Domain:\t\tWORKSTATION5\r\n\tLogon ID:\t\t0x13899EA\r\n\r\nObject:\r\n\tObject Server:\tSecurity\r\n\tObject Type:\tKey\r\n\tObject Name:\t\\REGISTRY\\USER\\S-1-5-21-3940915590-64593676-1414006259-500\\Software\\Microsoft\\Windows\\CurrentVersion\\Explorer\\User Shell Folders\r\n\tObject Handle:\t0x598\r\n\r\nProcess Information:\r\n\tProcess ID:\t0x428\r\n\tProcess Name:\tC:\\Windows\\System32\\wbem\\WMIC.exe\r\n\r\nRequested Operation:\r\n\tDesired Access:\tDELETE\r\n\t\t\t\tREAD_CONTROL\r\n\t\t\t\tWRITE_DAC\r\n\t\t\t\tWRITE_OWNER\r\n\t\t\t\tQuery key value\r\n\t\t\t\tSet key value\r\n\t\t\t\tCreate sub-key\r\n\t\t\t\tEnumerate sub-keys\r\n\t\t\t\tNotify about changes to keys\r\n\t\t\t\tCreate Link\r\n\t\t\t\t\r\n\tPrivileges:\t\tSeTakeOwnershipPrivilege"}
{"SubjectUserName":"wardog","TimeCreated":"2020-10-18 02:17:03.912","SubjectLogonId":"0x13899ea","PrivilegeList":"SeTakeOwnershipPrivilege","ObjectServer":"Security","ObjectType":"-","SubjectUserSid":"S-1-5-21-3940915590-64593676-1414006259-500","EventID":4674,"Channel":"Security","Task":"13056","ObjectName":"-","AccessMask":"983103","SubjectDomainName":"WORKSTATION5","Hostname":"WORKSTATION5","ProcessName":"C:\\Windows\\System32\\wbem\\WMIC.exe","ProcessId":"0x428","HandleId":"0x598","Message":"An operation was attempted on a privileged object.\r\n\r\nSubject:\r\n\tSecurity ID:\t\tS-1-5-21-3940915590-64593676-1414006259-500\r\n\tAccount Name:\t\twardog\r\n\tAccount Domain:\t\tWORKSTATION5\r\n\tLogon ID:\t\t0x13899EA\r\n\r\nObject:\r\n\tObject Server:\tSecurity\r\n\tObject Type:\t-\r\n\tObject Name:\t-\r\n\tObject Handle:\t0x598\r\n\r\nProcess Information:\r\n\tProcess ID:\t0x428\r\n\tProcess Name:\tC:\\Windows\\System32\\wbem\\WMIC.exe\r\n\r\nRequested Operation:\r\n\tDesired Access:\t983103\r\n\tPrivileges:\t\tSeTakeOwnershipPrivilege"}
{"SubjectUserName":"wardog","TimeCreated":"2020-10-18 02:17:03.912","SubjectLogonId":"0x13899ea","PrivilegeList":"SeTakeOwnershipPrivilege","ObjectServer":"Security","ObjectType":"Key","SubjectUserSid":"S-1-5-21-3940915590-64593676-1414006259-500","EventID":4674,"Channel":"Security","Task":"13056","ObjectName":"\\REGISTRY\\USER\\S-1-5-21-3940915590-64593676-1414006259-500\\Software\\Microsoft\\Windows\\CurrentVersion\\Explorer\\User Shell Folders","AccessMask":"%%1537\n\t\t\t\t%%1538\n\t\t\t\t%%1539\n\t\t\t\t%%1540\n\t\t\t\t%%4432\n\t\t\t\t%%4433\n\t\t\t\t%%4434\n\t\t\t\t%%4435\n\t\t\t\t%%4436\n\t\t\t\t%%4437\n\t\t\t\t","SubjectDomainName":"WORKSTATION5","Hostname":"WORKSTATION5","ProcessName":"C:\\Windows\\System32\\wbem\\WMIC.exe","ProcessId":"0x428","HandleId":"0x598","Message":"An operation was attempted on a privileged object.\r\n\r\nSubject:\r\n\tSecurity ID:\t\tS-1-5-21-3940915590-64593676-1414006259-500\r\n\tAccount Name:\t\twardog\r\n\tAccount Domain:\t\tWORKSTATION5\r\n\tLogon ID:\t\t0x13899EA\r\n\r\nObject:\r\n\tObject Server:\tSecurity\r\n\tObject Type:\tKey\r\n\tObject Name:\t\\REGISTRY\\USER\\S-1-5-21-3940915590-64593676-1414006259-500\\Software\\Microsoft\\Windows\\CurrentVersion\\Explorer\\User Shell Folders\r\n\tObject Handle:\t0x598\r\n\r\nProcess Information:\r\n\tProcess ID:\t0x428\r\n\tProcess Name:\tC:\\Windows\\System32\\wbem\\WMIC.exe\r\n\r\nRequested Operation:\r\n\tDesired Access:\tDELETE\r\n\t\t\t\tREAD_CONTROL\r\n\t\t\t\tWRITE_DAC\r\n\t\t\t\tWRITE_OWNER\r\n\t\t\t\tQuery key value\r\n\t\t\t\tSet key value\r\n\t\t\t\tCreate sub-key\r\n\t\t\t\tEnumerate sub-keys\r\n\t\t\t\tNotify about changes to keys\r\n\t\t\t\tCreate Link\r\n\t\t\t\t\r\n\tPrivileges:\t\tSeTakeOwnershipPrivilege"}
{"DestAddress":"151.101.248.133","Direction":"%%14593","DestPort":"443","FilterRTID":"71777","RemoteUserID":"S-1-0-0","SourcePort":"61142","RemoteMachineID":"S-1-0-0","SourceAddress":"192.168.2.5","EventID":5156,"Channel":"Security","Task":"12810","Protocol":"6","Message":"The Windows Filtering Platform has permitted a connection.\r\n\r\nApplication Information:\r\n\tProcess ID:\t\t1064\r\n\tApplication Name:\t\\device\\harddiskvolume2\\windows\\system32\\wbem\\wmic.exe\r\n\r\nNetwork Information:\r\n\tDirection:\t\tOutbound\r\n\tSource Address:\t\t192.168.2.5\r\n\tSource Port:\t\t61142\r\n\tDestination Address:\t151.101.248.133\r\n\tDestination Port:\t\t443\r\n\tProtocol:\t\t6\r\n\r\nFilter Information:\r\n\tFilter Run-Time ID:\t71777\r\n\tLayer Name:\t\tConnect\r\n\tLayer Run-Time ID:\t48","Hostname":"WORKSTATION5","ProcessID":"1064","LayerRTID":"48","LayerName":"%%14611","TimeCreated":"2020-10-18 02:17:03.887","Application":"\\device\\harddiskvolume2\\windows\\system32\\wbem\\wmic.exe"}
{"TimeCreated":"2020-10-18 02:17:03.886","Hostname":"WORKSTATION5","SourcePort":"61142","SourceAddress":"0.0.0.0","EventID":5158,"Channel":"Security","Task":"12810","Protocol":"6","Message":"The Windows Filtering Platform has permitted a bind to a local port.\r\n\r\nApplication Information:\r\n\tProcess ID:\t\t1064\r\n\tApplication Name:\t\\device\\harddiskvolume2\\windows\\system32\\wbem\\wmic.exe\r\n\r\nNetwork Information:\r\n\tSource Address:\t\t0.0.0.0\r\n\tSource Port:\t\t61142\r\n\tProtocol:\t\t6\r\n\r\nFilter Information:\r\n\tFilter Run-Time ID:\t0\r\n\tLayer Name:\t\tResource Assignment\r\n\tLayer Run-Time ID:\t36","FilterRTID":"0","ProcessId":"1064","LayerRTID":"36","LayerName":"%%14608","Application":"\\device\\harddiskvolume2\\windows\\system32\\wbem\\wmic.exe"}
{"DestAddress":"168.63.129.16","Direction":"%%14593","DestPort":"53","FilterRTID":"71777","RemoteUserID":"S-1-0-0","SourcePort":"60534","RemoteMachineID":"S-1-0-0","SourceAddress":"192.168.2.5","EventID":5156,"Channel":"Security","Task":"12810","Protocol":"17","Message":"The Windows Filtering Platform has permitted a connection.\r\n\r\nApplication Information:\r\n\tProcess ID:\t\t2116\r\n\tApplication Name:\t\\device\\harddiskvolume2\\windows\\system32\\svchost.exe\r\n\r\nNetwork Information:\r\n\tDirection:\t\tOutbound\r\n\tSource Address:\t\t192.168.2.5\r\n\tSource Port:\t\t60534\r\n\tDestination Address:\t168.63.129.16\r\n\tDestination Port:\t\t53\r\n\tProtocol:\t\t17\r\n\r\nFilter Information:\r\n\tFilter Run-Time ID:\t71777\r\n\tLayer Name:\t\tConnect\r\n\tLayer Run-Time ID:\t48","Hostname":"WORKSTATION5","ProcessID":"2116","LayerRTID":"48","LayerName":"%%14611","TimeCreated":"2020-10-18 02:17:03.874","Application":"\\device\\harddiskvolume2\\windows\\system32\\svchost.exe"}
{"TimeCreated":"2020-10-18 02:17:03.874","Hostname":"WORKSTATION5","SourcePort":"60534","SourceAddress":"::","EventID":5158,"Channel":"Security","Task":"12810","Protocol":"17","Message":"The Windows Filtering Platform has permitted a bind to a local port.\r\n\r\nApplication Information:\r\n\tProcess ID:\t\t2116\r\n\tApplication Name:\t\\device\\harddiskvolume2\\windows\\system32\\svchost.exe\r\n\r\nNetwork Information:\r\n\tSource Address:\t\t::\r\n\tSource Port:\t\t60534\r\n\tProtocol:\t\t17\r\n\r\nFilter Information:\r\n\tFilter Run-Time ID:\t0\r\n\tLayer Name:\t\tResource Assignment\r\n\tLayer Run-Time ID:\t38","FilterRTID":"0","ProcessId":"2116","LayerRTID":"38","LayerName":"%%14608","Application":"\\device\\harddiskvolume2\\windows\\system32\\svchost.exe"}
{"TimeCreated":"2020-10-18 02:17:03.874","Hostname":"WORKSTATION5","SourcePort":"60534","SourceAddress":"::","EventID":5158,"Channel":"Security","Task":"12810","Protocol":"17","Message":"The Windows Filtering Platform has permitted a bind to a local port.\r\n\r\nApplication Information:\r\n\tProcess ID:\t\t2116\r\n\tApplication Name:\t\\device\\harddiskvolume2\\windows\\system32\\svchost.exe\r\n\r\nNetwork Information:\r\n\tSource Address:\t\t::\r\n\tSource Port:\t\t60534\r\n\tProtocol:\t\t17\r\n\r\nFilter Information:\r\n\tFilter Run-Time ID:\t0\r\n\tLayer Name:\t\tResource Assignment\r\n\tLayer Run-Time ID:\t36","FilterRTID":"0","ProcessId":"2116","LayerRTID":"36","LayerName":"%%14608","Application":"\\device\\harddiskvolume2\\windows\\system32\\svchost.exe"}
{"SubjectUserName":"wardog","TimeCreated":"2020-10-18 02:17:03.872","SubjectLogonId":"0x13899ea","PrivilegeList":"SeTakeOwnershipPrivilege","ObjectServer":"Security","ObjectType":"-","SubjectUserSid":"S-1-5-21-3940915590-64593676-1414006259-500","EventID":4674,"Channel":"Security","Task":"13056","ObjectName":"-","AccessMask":"983103","SubjectDomainName":"WORKSTATION5","Hostname":"WORKSTATION5","ProcessName":"C:\\Windows\\System32\\wbem\\WMIC.exe","ProcessId":"0x428","HandleId":"0x504","Message":"An operation was attempted on a privileged object.\r\n\r\nSubject:\r\n\tSecurity ID:\t\tS-1-5-21-3940915590-64593676-1414006259-500\r\n\tAccount Name:\t\twardog\r\n\tAccount Domain:\t\tWORKSTATION5\r\n\tLogon ID:\t\t0x13899EA\r\n\r\nObject:\r\n\tObject Server:\tSecurity\r\n\tObject Type:\t-\r\n\tObject Name:\t-\r\n\tObject Handle:\t0x504\r\n\r\nProcess Information:\r\n\tProcess ID:\t0x428\r\n\tProcess Name:\tC:\\Windows\\System32\\wbem\\WMIC.exe\r\n\r\nRequested Operation:\r\n\tDesired Access:\t983103\r\n\tPrivileges:\t\tSeTakeOwnershipPrivilege"}
{"SubjectUserName":"wardog","TimeCreated":"2020-10-18 02:17:03.872","SubjectLogonId":"0x13899ea","PrivilegeList":"SeTakeOwnershipPrivilege","ObjectServer":"Security","ObjectType":"Key","SubjectUserSid":"S-1-5-21-3940915590-64593676-1414006259-500","EventID":4674,"Channel":"Security","Task":"13056","ObjectName":"\\REGISTRY\\MACHINE\\SYSTEM\\ControlSet001\\Services\\WinSock2\\Parameters","AccessMask":"%%1537\n\t\t\t\t%%1538\n\t\t\t\t%%1539\n\t\t\t\t%%1540\n\t\t\t\t%%4432\n\t\t\t\t%%4433\n\t\t\t\t%%4434\n\t\t\t\t%%4435\n\t\t\t\t%%4436\n\t\t\t\t%%4437\n\t\t\t\t","SubjectDomainName":"WORKSTATION5","Hostname":"WORKSTATION5","ProcessName":"C:\\Windows\\System32\\wbem\\WMIC.exe","ProcessId":"0x428","HandleId":"0x504","Message":"An operation was attempted on a privileged object.\r\n\r\nSubject:\r\n\tSecurity ID:\t\tS-1-5-21-3940915590-64593676-1414006259-500\r\n\tAccount Name:\t\twardog\r\n\tAccount Domain:\t\tWORKSTATION5\r\n\tLogon ID:\t\t0x13899EA\r\n\r\nObject:\r\n\tObject Server:\tSecurity\r\n\tObject Type:\tKey\r\n\tObject Name:\t\\REGISTRY\\MACHINE\\SYSTEM\\ControlSet001\\Services\\WinSock2\\Parameters\r\n\tObject Handle:\t0x504\r\n\r\nProcess Information:\r\n\tProcess ID:\t0x428\r\n\tProcess Name:\tC:\\Windows\\System32\\wbem\\WMIC.exe\r\n\r\nRequested Operation:\r\n\tDesired Access:\tDELETE\r\n\t\t\t\tREAD_CONTROL\r\n\t\t\t\tWRITE_DAC\r\n\t\t\t\tWRITE_OWNER\r\n\t\t\t\tQuery key value\r\n\t\t\t\tSet key value\r\n\t\t\t\tCreate sub-key\r\n\t\t\t\tEnumerate sub-keys\r\n\t\t\t\tNotify about changes to keys\r\n\t\t\t\tCreate Link\r\n\t\t\t\t\r\n\tPrivileges:\t\tSeTakeOwnershipPrivilege"}
{"SubjectUserName":"wardog","TimeCreated":"2020-10-18 02:17:03.824","SubjectLogonId":"0x13899ea","PrivilegeList":"SeTakeOwnershipPrivilege","ObjectServer":"Security","ObjectType":"Semaphore","SubjectUserSid":"S-1-5-21-3940915590-64593676-1414006259-500","EventID":4674,"Channel":"Security","Task":"13056","ObjectName":"\\Sessions\\2\\BaseNamedObjects\\SM0:1064:304:WilStaging_02_p0h","AccessMask":"%%1537\n\t\t\t\t%%1538\n\t\t\t\t%%1539\n\t\t\t\t%%1540\n\t\t\t\t%%1541\n\t\t\t\t%%4528\n\t\t\t\t%%4529\n\t\t\t\t","SubjectDomainName":"WORKSTATION5","Hostname":"WORKSTATION5","ProcessName":"C:\\Windows\\System32\\wbem\\WMIC.exe","ProcessId":"0x428","HandleId":"0x414","Message":"An operation was attempted on a privileged object.\r\n\r\nSubject:\r\n\tSecurity ID:\t\tS-1-5-21-3940915590-64593676-1414006259-500\r\n\tAccount Name:\t\twardog\r\n\tAccount Domain:\t\tWORKSTATION5\r\n\tLogon ID:\t\t0x13899EA\r\n\r\nObject:\r\n\tObject Server:\tSecurity\r\n\tObject Type:\tSemaphore\r\n\tObject Name:\t\\Sessions\\2\\BaseNamedObjects\\SM0:1064:304:WilStaging_02_p0h\r\n\tObject Handle:\t0x414\r\n\r\nProcess Information:\r\n\tProcess ID:\t0x428\r\n\tProcess Name:\tC:\\Windows\\System32\\wbem\\WMIC.exe\r\n\r\nRequested Operation:\r\n\tDesired Access:\tDELETE\r\n\t\t\t\tREAD_CONTROL\r\n\t\t\t\tWRITE_DAC\r\n\t\t\t\tWRITE_OWNER\r\n\t\t\t\tSYNCHRONIZE\r\n\t\t\t\tQuery semaphore state\r\n\t\t\t\tModify semaphore state\r\n\t\t\t\t\r\n\tPrivileges:\t\tSeTakeOwnershipPrivilege"}
{"SubjectUserName":"wardog","TimeCreated":"2020-10-18 02:17:03.824","SubjectLogonId":"0x13899ea","PrivilegeList":"SeTakeOwnershipPrivilege","ObjectServer":"Security","ObjectType":"Semaphore","SubjectUserSid":"S-1-5-21-3940915590-64593676-1414006259-500","EventID":4674,"Channel":"Security","Task":"13056","ObjectName":"\\Sessions\\2\\BaseNamedObjects\\SM0:1064:304:WilStaging_02_p0","AccessMask":"%%1537\n\t\t\t\t%%1538\n\t\t\t\t%%1539\n\t\t\t\t%%1540\n\t\t\t\t%%1541\n\t\t\t\t%%4528\n\t\t\t\t%%4529\n\t\t\t\t","SubjectDomainName":"WORKSTATION5","Hostname":"WORKSTATION5","ProcessName":"C:\\Windows\\System32\\wbem\\WMIC.exe","ProcessId":"0x428","HandleId":"0x410","Message":"An operation was attempted on a privileged object.\r\n\r\nSubject:\r\n\tSecurity ID:\t\tS-1-5-21-3940915590-64593676-1414006259-500\r\n\tAccount Name:\t\twardog\r\n\tAccount Domain:\t\tWORKSTATION5\r\n\tLogon ID:\t\t0x13899EA\r\n\r\nObject:\r\n\tObject Server:\tSecurity\r\n\tObject Type:\tSemaphore\r\n\tObject Name:\t\\Sessions\\2\\BaseNamedObjects\\SM0:1064:304:WilStaging_02_p0\r\n\tObject Handle:\t0x410\r\n\r\nProcess Information:\r\n\tProcess ID:\t0x428\r\n\tProcess Name:\tC:\\Windows\\System32\\wbem\\WMIC.exe\r\n\r\nRequested Operation:\r\n\tDesired Access:\tDELETE\r\n\t\t\t\tREAD_CONTROL\r\n\t\t\t\tWRITE_DAC\r\n\t\t\t\tWRITE_OWNER\r\n\t\t\t\tSYNCHRONIZE\r\n\t\t\t\tQuery semaphore state\r\n\t\t\t\tModify semaphore state\r\n\t\t\t\t\r\n\tPrivileges:\t\tSeTakeOwnershipPrivilege"}
{"SubjectUserName":"wardog","TimeCreated":"2020-10-18 02:17:03.824","SubjectLogonId":"0x13899ea","PrivilegeList":"SeTakeOwnershipPrivilege","ObjectServer":"Security","ObjectType":"-","SubjectUserSid":"S-1-5-21-3940915590-64593676-1414006259-500","EventID":4674,"Channel":"Security","Task":"13056","ObjectName":"-","AccessMask":"2031617","SubjectDomainName":"WORKSTATION5","Hostname":"WORKSTATION5","ProcessName":"C:\\Windows\\System32\\wbem\\WMIC.exe","ProcessId":"0x428","HandleId":"0x408","Message":"An operation was attempted on a privileged object.\r\n\r\nSubject:\r\n\tSecurity ID:\t\tS-1-5-21-3940915590-64593676-1414006259-500\r\n\tAccount Name:\t\twardog\r\n\tAccount Domain:\t\tWORKSTATION5\r\n\tLogon ID:\t\t0x13899EA\r\n\r\nObject:\r\n\tObject Server:\tSecurity\r\n\tObject Type:\t-\r\n\tObject Name:\t-\r\n\tObject Handle:\t0x408\r\n\r\nProcess Information:\r\n\tProcess ID:\t0x428\r\n\tProcess Name:\tC:\\Windows\\System32\\wbem\\WMIC.exe\r\n\r\nRequested Operation:\r\n\tDesired Access:\t2031617\r\n\tPrivileges:\t\tSeTakeOwnershipPrivilege"}
{"SubjectUserName":"wardog","TimeCreated":"2020-10-18 02:17:03.824","SubjectLogonId":"0x13899ea","PrivilegeList":"SeTakeOwnershipPrivilege","ObjectServer":"Security","ObjectType":"Mutant","SubjectUserSid":"S-1-5-21-3940915590-64593676-1414006259-500","EventID":4674,"Channel":"Security","Task":"13056","ObjectName":"\\Sessions\\2\\BaseNamedObjects\\SM0:1064:304:WilStaging_02","AccessMask":"%%1537\n\t\t\t\t%%1538\n\t\t\t\t%%1539\n\t\t\t\t%%1540\n\t\t\t\t%%1541\n\t\t\t\t%%4448\n\t\t\t\t","SubjectDomainName":"WORKSTATION5","Hostname":"WORKSTATION5","ProcessName":"C:\\Windows\\System32\\wbem\\WMIC.exe","ProcessId":"0x428","HandleId":"0x408","Message":"An operation was attempted on a privileged object.\r\n\r\nSubject:\r\n\tSecurity ID:\t\tS-1-5-21-3940915590-64593676-1414006259-500\r\n\tAccount Name:\t\twardog\r\n\tAccount Domain:\t\tWORKSTATION5\r\n\tLogon ID:\t\t0x13899EA\r\n\r\nObject:\r\n\tObject Server:\tSecurity\r\n\tObject Type:\tMutant\r\n\tObject Name:\t\\Sessions\\2\\BaseNamedObjects\\SM0:1064:304:WilStaging_02\r\n\tObject Handle:\t0x408\r\n\r\nProcess Information:\r\n\tProcess ID:\t0x428\r\n\tProcess Name:\tC:\\Windows\\System32\\wbem\\WMIC.exe\r\n\r\nRequested Operation:\r\n\tDesired Access:\tDELETE\r\n\t\t\t\tREAD_CONTROL\r\n\t\t\t\tWRITE_DAC\r\n\t\t\t\tWRITE_OWNER\r\n\t\t\t\tSYNCHRONIZE\r\n\t\t\t\tQuery mutant state\r\n\t\t\t\t\r\n\tPrivileges:\t\tSeTakeOwnershipPrivilege"}
{"SubjectUserName":"wardog","TimeCreated":"2020-10-18 02:17:03.808","SubjectLogonId":"0x13899ea","PrivilegeList":"SeTakeOwnershipPrivilege","ObjectServer":"Security","ObjectType":"-","SubjectUserSid":"S-1-5-21-3940915590-64593676-1414006259-500","EventID":4674,"Channel":"Security","Task":"13056","ObjectName":"-","AccessMask":"2031617","SubjectDomainName":"WORKSTATION5","Hostname":"WORKSTATION5","ProcessName":"C:\\Windows\\System32\\wbem\\WMIC.exe","ProcessId":"0x428","HandleId":"0x3bc","Message":"An operation was attempted on a privileged object.\r\n\r\nSubject:\r\n\tSecurity ID:\t\tS-1-5-21-3940915590-64593676-1414006259-500\r\n\tAccount Name:\t\twardog\r\n\tAccount Domain:\t\tWORKSTATION5\r\n\tLogon ID:\t\t0x13899EA\r\n\r\nObject:\r\n\tObject Server:\tSecurity\r\n\tObject Type:\t-\r\n\tObject Name:\t-\r\n\tObject Handle:\t0x3bc\r\n\r\nProcess Information:\r\n\tProcess ID:\t0x428\r\n\tProcess Name:\tC:\\Windows\\System32\\wbem\\WMIC.exe\r\n\r\nRequested Operation:\r\n\tDesired Access:\t2031617\r\n\tPrivileges:\t\tSeTakeOwnershipPrivilege"}
{"SubjectUserName":"wardog","TimeCreated":"2020-10-18 02:17:03.808","SubjectLogonId":"0x13899ea","PrivilegeList":"SeTakeOwnershipPrivilege","ObjectServer":"Security","ObjectType":"Mutant","SubjectUserSid":"S-1-5-21-3940915590-64593676-1414006259-500","EventID":4674,"Channel":"Security","Task":"13056","ObjectName":"\\Sessions\\2\\BaseNamedObjects\\ZonesLockedCacheCounterMutex","AccessMask":"%%1537\n\t\t\t\t%%1538\n\t\t\t\t%%1539\n\t\t\t\t%%1540\n\t\t\t\t%%1541\n\t\t\t\t%%4448\n\t\t\t\t","SubjectDomainName":"WORKSTATION5","Hostname":"WORKSTATION5","ProcessName":"C:\\Windows\\System32\\wbem\\WMIC.exe","ProcessId":"0x428","HandleId":"0x3bc","Message":"An operation was attempted on a privileged object.\r\n\r\nSubject:\r\n\tSecurity ID:\t\tS-1-5-21-3940915590-64593676-1414006259-500\r\n\tAccount Name:\t\twardog\r\n\tAccount Domain:\t\tWORKSTATION5\r\n\tLogon ID:\t\t0x13899EA\r\n\r\nObject:\r\n\tObject Server:\tSecurity\r\n\tObject Type:\tMutant\r\n\tObject Name:\t\\Sessions\\2\\BaseNamedObjects\\ZonesLockedCacheCounterMutex\r\n\tObject Handle:\t0x3bc\r\n\r\nProcess Information:\r\n\tProcess ID:\t0x428\r\n\tProcess Name:\tC:\\Windows\\System32\\wbem\\WMIC.exe\r\n\r\nRequested Operation:\r\n\tDesired Access:\tDELETE\r\n\t\t\t\tREAD_CONTROL\r\n\t\t\t\tWRITE_DAC\r\n\t\t\t\tWRITE_OWNER\r\n\t\t\t\tSYNCHRONIZE\r\n\t\t\t\tQuery mutant state\r\n\t\t\t\t\r\n\tPrivileges:\t\tSeTakeOwnershipPrivilege"}
{"SubjectUserName":"wardog","TimeCreated":"2020-10-18 02:17:03.807","SubjectLogonId":"0x13899ea","PrivilegeList":"SeTakeOwnershipPrivilege","ObjectServer":"Security","ObjectType":"-","SubjectUserSid":"S-1-5-21-3940915590-64593676-1414006259-500","EventID":4674,"Channel":"Security","Task":"13056","ObjectName":"-","AccessMask":"2031617","SubjectDomainName":"WORKSTATION5","Hostname":"WORKSTATION5","ProcessName":"C:\\Windows\\System32\\wbem\\WMIC.exe","ProcessId":"0x428","HandleId":"0x3b8","Message":"An operation was attempted on a privileged object.\r\n\r\nSubject:\r\n\tSecurity ID:\t\tS-1-5-21-3940915590-64593676-1414006259-500\r\n\tAccount Name:\t\twardog\r\n\tAccount Domain:\t\tWORKSTATION5\r\n\tLogon ID:\t\t0x13899EA\r\n\r\nObject:\r\n\tObject Server:\tSecurity\r\n\tObject Type:\t-\r\n\tObject Name:\t-\r\n\tObject Handle:\t0x3b8\r\n\r\nProcess Information:\r\n\tProcess ID:\t0x428\r\n\tProcess Name:\tC:\\Windows\\System32\\wbem\\WMIC.exe\r\n\r\nRequested Operation:\r\n\tDesired Access:\t2031617\r\n\tPrivileges:\t\tSeTakeOwnershipPrivilege"}
{"SubjectUserName":"wardog","TimeCreated":"2020-10-18 02:17:03.807","SubjectLogonId":"0x13899ea","PrivilegeList":"SeTakeOwnershipPrivilege","ObjectServer":"Security","ObjectType":"Mutant","SubjectUserSid":"S-1-5-21-3940915590-64593676-1414006259-500","EventID":4674,"Channel":"Security","Task":"13056","ObjectName":"\\Sessions\\2\\BaseNamedObjects\\ZonesCacheCounterMutex","AccessMask":"%%1537\n\t\t\t\t%%1538\n\t\t\t\t%%1539\n\t\t\t\t%%1540\n\t\t\t\t%%1541\n\t\t\t\t%%4448\n\t\t\t\t","SubjectDomainName":"WORKSTATION5","Hostname":"WORKSTATION5","ProcessName":"C:\\Windows\\System32\\wbem\\WMIC.exe","ProcessId":"0x428","HandleId":"0x3b8","Message":"An operation was attempted on a privileged object.\r\n\r\nSubject:\r\n\tSecurity ID:\t\tS-1-5-21-3940915590-64593676-1414006259-500\r\n\tAccount Name:\t\twardog\r\n\tAccount Domain:\t\tWORKSTATION5\r\n\tLogon ID:\t\t0x13899EA\r\n\r\nObject:\r\n\tObject Server:\tSecurity\r\n\tObject Type:\tMutant\r\n\tObject Name:\t\\Sessions\\2\\BaseNamedObjects\\ZonesCacheCounterMutex\r\n\tObject Handle:\t0x3b8\r\n\r\nProcess Information:\r\n\tProcess ID:\t0x428\r\n\tProcess Name:\tC:\\Windows\\System32\\wbem\\WMIC.exe\r\n\r\nRequested Operation:\r\n\tDesired Access:\tDELETE\r\n\t\t\t\tREAD_CONTROL\r\n\t\t\t\tWRITE_DAC\r\n\t\t\t\tWRITE_OWNER\r\n\t\t\t\tSYNCHRONIZE\r\n\t\t\t\tQuery mutant state\r\n\t\t\t\t\r\n\tPrivileges:\t\tSeTakeOwnershipPrivilege"}
{"SubjectUserName":"wardog","TimeCreated":"2020-10-18 02:17:03.807","SubjectLogonId":"0x13899ea","PrivilegeList":"SeTakeOwnershipPrivilege","ObjectServer":"Security","ObjectType":"-","SubjectUserSid":"S-1-5-21-3940915590-64593676-1414006259-500","EventID":4674,"Channel":"Security","Task":"13056","ObjectName":"-","AccessMask":"983047","SubjectDomainName":"WORKSTATION5","Hostname":"WORKSTATION5","ProcessName":"C:\\Windows\\System32\\wbem\\WMIC.exe","ProcessId":"0x428","HandleId":"0x3b0","Message":"An operation was attempted on a privileged object.\r\n\r\nSubject:\r\n\tSecurity ID:\t\tS-1-5-21-3940915590-64593676-1414006259-500\r\n\tAccount Name:\t\twardog\r\n\tAccount Domain:\t\tWORKSTATION5\r\n\tLogon ID:\t\t0x13899EA\r\n\r\nObject:\r\n\tObject Server:\tSecurity\r\n\tObject Type:\t-\r\n\tObject Name:\t-\r\n\tObject Handle:\t0x3b0\r\n\r\nProcess Information:\r\n\tProcess ID:\t0x428\r\n\tProcess Name:\tC:\\Windows\\System32\\wbem\\WMIC.exe\r\n\r\nRequested Operation:\r\n\tDesired Access:\t983047\r\n\tPrivileges:\t\tSeTakeOwnershipPrivilege"}
{"SubjectUserName":"wardog","TimeCreated":"2020-10-18 02:17:03.807","SubjectLogonId":"0x13899ea","PrivilegeList":"SeTakeOwnershipPrivilege","ObjectServer":"Security","ObjectType":"Section","SubjectUserSid":"S-1-5-21-3940915590-64593676-1414006259-500","EventID":4674,"Channel":"Security","Task":"13056","ObjectName":"\\Sessions\\2\\BaseNamedObjects\\UrlZonesSM_wardog","AccessMask":"%%1537\n\t\t\t\t%%1538\n\t\t\t\t%%1539\n\t\t\t\t%%1540\n\t\t\t\t%%4512\n\t\t\t\t%%4513\n\t\t\t\t%%4514\n\t\t\t\t","SubjectDomainName":"WORKSTATION5","Hostname":"WORKSTATION5","ProcessName":"C:\\Windows\\System32\\wbem\\WMIC.exe","ProcessId":"0x428","HandleId":"0x3b0","Message":"An operation was attempted on a privileged object.\r\n\r\nSubject:\r\n\tSecurity ID:\t\tS-1-5-21-3940915590-64593676-1414006259-500\r\n\tAccount Name:\t\twardog\r\n\tAccount Domain:\t\tWORKSTATION5\r\n\tLogon ID:\t\t0x13899EA\r\n\r\nObject:\r\n\tObject Server:\tSecurity\r\n\tObject Type:\tSection\r\n\tObject Name:\t\\Sessions\\2\\BaseNamedObjects\\UrlZonesSM_wardog\r\n\tObject Handle:\t0x3b0\r\n\r\nProcess Information:\r\n\tProcess ID:\t0x428\r\n\tProcess Name:\tC:\\Windows\\System32\\wbem\\WMIC.exe\r\n\r\nRequested Operation:\r\n\tDesired Access:\tDELETE\r\n\t\t\t\tREAD_CONTROL\r\n\t\t\t\tWRITE_DAC\r\n\t\t\t\tWRITE_OWNER\r\n\t\t\t\tQuery section state\r\n\t\t\t\tMap section for write\r\n\t\t\t\tMap section for read\r\n\t\t\t\t\r\n\tPrivileges:\t\tSeTakeOwnershipPrivilege"}
{"SubjectUserName":"wardog","TimeCreated":"2020-10-18 02:17:03.791","SubjectLogonId":"0x13899ea","PrivilegeList":"SeTakeOwnershipPrivilege","ObjectServer":"Security","ObjectType":"-","SubjectUserSid":"S-1-5-21-3940915590-64593676-1414006259-500","EventID":4674,"Channel":"Security","Task":"13056","ObjectName":"-","AccessMask":"983103","SubjectDomainName":"WORKSTATION5","Hostname":"WORKSTATION5","ProcessName":"C:\\Windows\\System32\\wbem\\WMIC.exe","ProcessId":"0x428","HandleId":"0x374","Message":"An operation was attempted on a privileged object.\r\n\r\nSubject:\r\n\tSecurity ID:\t\tS-1-5-21-3940915590-64593676-1414006259-500\r\n\tAccount Name:\t\twardog\r\n\tAccount Domain:\t\tWORKSTATION5\r\n\tLogon ID:\t\t0x13899EA\r\n\r\nObject:\r\n\tObject Server:\tSecurity\r\n\tObject Type:\t-\r\n\tObject Name:\t-\r\n\tObject Handle:\t0x374\r\n\r\nProcess Information:\r\n\tProcess ID:\t0x428\r\n\tProcess Name:\tC:\\Windows\\System32\\wbem\\WMIC.exe\r\n\r\nRequested Operation:\r\n\tDesired Access:\t983103\r\n\tPrivileges:\t\tSeTakeOwnershipPrivilege"}
{"SubjectUserName":"wardog","TimeCreated":"2020-10-18 02:17:03.791","SubjectLogonId":"0x13899ea","PrivilegeList":"SeTakeOwnershipPrivilege","ObjectServer":"Security","ObjectType":"Key","SubjectUserSid":"S-1-5-21-3940915590-64593676-1414006259-500","EventID":4674,"Channel":"Security","Task":"13056","ObjectName":"\\REGISTRY\\MACHINE\\SYSTEM\\ControlSet001\\Services\\WinSock2\\Parameters","AccessMask":"%%1537\n\t\t\t\t%%1538\n\t\t\t\t%%1539\n\t\t\t\t%%1540\n\t\t\t\t%%4432\n\t\t\t\t%%4433\n\t\t\t\t%%4434\n\t\t\t\t%%4435\n\t\t\t\t%%4436\n\t\t\t\t%%4437\n\t\t\t\t","SubjectDomainName":"WORKSTATION5","Hostname":"WORKSTATION5","ProcessName":"C:\\Windows\\System32\\wbem\\WMIC.exe","ProcessId":"0x428","HandleId":"0x374","Message":"An operation was attempted on a privileged object.\r\n\r\nSubject:\r\n\tSecurity ID:\t\tS-1-5-21-3940915590-64593676-1414006259-500\r\n\tAccount Name:\t\twardog\r\n\tAccount Domain:\t\tWORKSTATION5\r\n\tLogon ID:\t\t0x13899EA\r\n\r\nObject:\r\n\tObject Server:\tSecurity\r\n\tObject Type:\tKey\r\n\tObject Name:\t\\REGISTRY\\MACHINE\\SYSTEM\\ControlSet001\\Services\\WinSock2\\Parameters\r\n\tObject Handle:\t0x374\r\n\r\nProcess Information:\r\n\tProcess ID:\t0x428\r\n\tProcess Name:\tC:\\Windows\\System32\\wbem\\WMIC.exe\r\n\r\nRequested Operation:\r\n\tDesired Access:\tDELETE\r\n\t\t\t\tREAD_CONTROL\r\n\t\t\t\tWRITE_DAC\r\n\t\t\t\tWRITE_OWNER\r\n\t\t\t\tQuery key value\r\n\t\t\t\tSet key value\r\n\t\t\t\tCreate sub-key\r\n\t\t\t\tEnumerate sub-keys\r\n\t\t\t\tNotify about changes to keys\r\n\t\t\t\tCreate Link\r\n\t\t\t\t\r\n\tPrivileges:\t\tSeTakeOwnershipPrivilege"}
{"SubjectUserName":"wardog","TimeCreated":"2020-10-18 02:17:03.639","SubjectLogonId":"0x13899ea","ObjectServer":"Security","SubjectUserSid":"S-1-5-21-3940915590-64593676-1414006259-500","EventID":4658,"Channel":"Security","Task":"12802","SubjectDomainName":"WORKSTATION5","Hostname":"WORKSTATION5","ProcessName":"C:\\Windows\\System32\\wbem\\WmiPrvSE.exe","ProcessId":"0x5e8","HandleId":"0x2ac","Message":"The handle to an object was closed.\r\n\r\nSubject :\r\n\tSecurity ID:\t\tS-1-5-21-3940915590-64593676-1414006259-500\r\n\tAccount Name:\t\twardog\r\n\tAccount Domain:\t\tWORKSTATION5\r\n\tLogon ID:\t\t0x13899EA\r\n\r\nObject:\r\n\tObject Server:\t\tSecurity\r\n\tHandle ID:\t\t0x2ac\r\n\r\nProcess Information:\r\n\tProcess ID:\t\t0x5e8\r\n\tProcess Name:\t\tC:\\Windows\\System32\\wbem\\WmiPrvSE.exe"}
{"SubjectUserName":"wardog","TimeCreated":"2020-10-18 02:17:03.639","SubjectLogonId":"0x13899ea","ResourceAttributes":"-","ObjectServer":"Security","ObjectType":"Process","SubjectUserSid":"S-1-5-21-3940915590-64593676-1414006259-500","EventID":4663,"Channel":"Security","Task":"12802","ObjectName":"\\Device\\HarddiskVolume2\\Windows\\System32\\lsass.exe","AccessMask":"0x10","SubjectDomainName":"WORKSTATION5","Hostname":"WORKSTATION5","ProcessName":"C:\\Windows\\System32\\wbem\\WmiPrvSE.exe","ProcessId":"0x5e8","AccessList":"%%4484\n\t\t\t\t","HandleId":"0x2ac","Message":"An attempt was made to access an object.\r\n\r\nSubject:\r\n\tSecurity ID:\t\tS-1-5-21-3940915590-64593676-1414006259-500\r\n\tAccount Name:\t\twardog\r\n\tAccount Domain:\t\tWORKSTATION5\r\n\tLogon ID:\t\t0x13899EA\r\n\r\nObject:\r\n\tObject Server:\t\tSecurity\r\n\tObject Type:\t\tProcess\r\n\tObject Name:\t\t\\Device\\HarddiskVolume2\\Windows\\System32\\lsass.exe\r\n\tHandle ID:\t\t0x2ac\r\n\tResource Attributes:\t-\r\n\r\nProcess Information:\r\n\tProcess ID:\t\t0x5e8\r\n\tProcess Name:\t\tC:\\Windows\\System32\\wbem\\WmiPrvSE.exe\r\n\r\nAccess Request Information:\r\n\tAccesses:\t\tRead from process memory\r\n\t\t\t\t\r\n\tAccess Mask:\t\t0x10"}
{"SubjectUserName":"wardog","TimeCreated":"2020-10-18 02:17:03.639","SubjectLogonId":"0x13899ea","ResourceAttributes":"-","PrivilegeList":"-","ObjectServer":"Security","ObjectType":"Process","SubjectUserSid":"S-1-5-21-3940915590-64593676-1414006259-500","EventID":4656,"Channel":"Security","Task":"12802","ObjectName":"\\Device\\HarddiskVolume2\\Windows\\System32\\lsass.exe","AccessMask":"0x1410","SubjectDomainName":"WORKSTATION5","Hostname":"WORKSTATION5","ProcessName":"C:\\Windows\\System32\\wbem\\WmiPrvSE.exe","ProcessId":"0x5e8","AccessReason":"-","RestrictedSidCount":"0","AccessList":"%%4484\n\t\t\t\t%%4490\n\t\t\t\t%%4492\n\t\t\t\t","HandleId":"0x2ac","TransactionId":"{00000000-0000-0000-0000-000000000000}","Message":"A handle to an object was requested.\r\n\r\nSubject:\r\n\tSecurity ID:\t\tS-1-5-21-3940915590-64593676-1414006259-500\r\n\tAccount Name:\t\twardog\r\n\tAccount Domain:\t\tWORKSTATION5\r\n\tLogon ID:\t\t0x13899EA\r\n\r\nObject:\r\n\tObject Server:\t\tSecurity\r\n\tObject Type:\t\tProcess\r\n\tObject Name:\t\t\\Device\\HarddiskVolume2\\Windows\\System32\\lsass.exe\r\n\tHandle ID:\t\t0x2ac\r\n\tResource Attributes:\t-\r\n\r\nProcess Information:\r\n\tProcess ID:\t\t0x5e8\r\n\tProcess Name:\t\tC:\\Windows\\System32\\wbem\\WmiPrvSE.exe\r\n\r\nAccess Request Information:\r\n\tTransaction ID:\t\t{00000000-0000-0000-0000-000000000000}\r\n\tAccesses:\t\tRead from process memory\r\n\t\t\t\tQuery process information\r\n\t\t\t\tUndefined Access (no effect) Bit 12\r\n\t\t\t\t\r\n\tAccess Reasons:\t\t-\r\n\tAccess Mask:\t\t0x1410\r\n\tPrivileges Used for Access Check:\t-\r\n\tRestricted SID Count:\t0"}
{"SubjectUserName":"wardog","TimeCreated":"2020-10-18 02:17:03.639","SubjectLogonId":"0x13899ea","ObjectServer":"Security","SubjectUserSid":"S-1-5-21-3940915590-64593676-1414006259-500","EventID":4658,"Channel":"Security","Task":"12802","SubjectDomainName":"WORKSTATION5","Hostname":"WORKSTATION5","ProcessName":"C:\\Windows\\System32\\wbem\\WmiPrvSE.exe","ProcessId":"0x5e8","HandleId":"0x3988","Message":"The handle to an object was closed.\r\n\r\nSubject :\r\n\tSecurity ID:\t\tS-1-5-21-3940915590-64593676-1414006259-500\r\n\tAccount Name:\t\twardog\r\n\tAccount Domain:\t\tWORKSTATION5\r\n\tLogon ID:\t\t0x13899EA\r\n\r\nObject:\r\n\tObject Server:\t\tSecurity\r\n\tHandle ID:\t\t0x3988\r\n\r\nProcess Information:\r\n\tProcess ID:\t\t0x5e8\r\n\tProcess Name:\t\tC:\\Windows\\System32\\wbem\\WmiPrvSE.exe"}
{"SubjectUserName":"wardog","TimeCreated":"2020-10-18 02:17:03.639","SubjectLogonId":"0x13899ea","TargetProcessId":"0x4","SubjectUserSid":"S-1-5-21-3940915590-64593676-1414006259-500","SourceHandleId":"0x2ac","EventID":4690,"Channel":"Security","SourceProcessId":"0x5e8","SubjectDomainName":"WORKSTATION5","Hostname":"WORKSTATION5","Task":"12807","TargetHandleId":"0x3988","Message":"An attempt was made to duplicate a handle to an object.\r\n\r\nSubject:\r\n\tSecurity ID:\t\tS-1-5-21-3940915590-64593676-1414006259-500\r\n\tAccount Name:\t\twardog\r\n\tAccount Domain:\t\tWORKSTATION5\r\n\tLogon ID:\t\t0x13899EA\r\n\r\nSource Handle Information:\r\n\tSource Handle ID:\t0x2ac\r\n\tSource Process ID:\t0x5e8\r\n\r\nNew Handle Information:\r\n\tTarget Handle ID:\t0x3988\r\n\tTarget Process ID:\t0x4"}
{"SubjectUserName":"WORKSTATION5$","TimeCreated":"2020-10-18 02:17:03.614","SubjectLogonId":"0x3e7","DisabledPrivilegeList":"-","TargetLogonId":"0x3e7","Message":"A token right was adjusted.\r\n\r\nSubject:\r\n\tSecurity ID:\t\tS-1-5-18\r\n\tAccount Name:\t\tWORKSTATION5$\r\n\tAccount Domain:\t\tWORKGROUP\r\n\tLogon ID:\t\t0x3E7\r\n\r\nTarget Account:\r\n\tSecurity ID:\t\tS-1-5-18\r\n\tAccount Name:\t\tWORKSTATION5$\r\n\tAccount Domain:\t\tWORKGROUP\r\n\tLogon ID:\t\t0x3E7\r\n\r\nProcess Information:\r\n\tProcess ID:\t\t0xca8\r\n\tProcess Name:\t\tC:\\Windows\\System32\\svchost.exe\r\n\r\nEnabled Privileges:\r\n\t\t\tSeAssignPrimaryTokenPrivilege\r\n\t\t\tSeIncreaseQuotaPrivilege\r\n\t\t\tSeSecurityPrivilege\r\n\t\t\tSeTakeOwnershipPrivilege\r\n\t\t\tSeLoadDriverPrivilege\r\n\t\t\tSeSystemtimePrivilege\r\n\t\t\tSeBackupPrivilege\r\n\t\t\tSeRestorePrivilege\r\n\t\t\tSeShutdownPrivilege\r\n\t\t\tSeSystemEnvironmentPrivilege\r\n\t\t\tSeUndockPrivilege\r\n\t\t\tSeManageVolumePrivilege\r\n\r\nDisabled Privileges:\r\n\t\t\t-","SubjectUserSid":"S-1-5-18","EventID":4703,"Channel":"Security","Task":"13317","SubjectDomainName":"WORKGROUP","Hostname":"WORKSTATION5","ProcessName":"C:\\Windows\\System32\\svchost.exe","ProcessId":"0xca8","TargetUserSid":"S-1-5-18","TargetDomainName":"WORKGROUP","EnabledPrivilegeList":"SeAssignPrimaryTokenPrivilege\n\t\t\tSeIncreaseQuotaPrivilege\n\t\t\tSeSecurityPrivilege\n\t\t\tSeTakeOwnershipPrivilege\n\t\t\tSeLoadDriverPrivilege\n\t\t\tSeSystemtimePrivilege\n\t\t\tSeBackupPrivilege\n\t\t\tSeRestorePrivilege\n\t\t\tSeShutdownPrivilege\n\t\t\tSeSystemEnvironmentPrivilege\n\t\t\tSeUndockPrivilege\n\t\t\tSeManageVolumePrivilege","TargetUserName":"WORKSTATION5$"}
{"SubjectUserName":"WORKSTATION5$","TimeCreated":"2020-10-18 02:17:03.611","SubjectLogonId":"0x3e7","DisabledPrivilegeList":"-","TargetLogonId":"0x3e7","Message":"A token right was adjusted.\r\n\r\nSubject:\r\n\tSecurity ID:\t\tS-1-5-18\r\n\tAccount Name:\t\tWORKSTATION5$\r\n\tAccount Domain:\t\tWORKGROUP\r\n\tLogon ID:\t\t0x3E7\r\n\r\nTarget Account:\r\n\tSecurity ID:\t\tS-1-5-18\r\n\tAccount Name:\t\tWORKSTATION5$\r\n\tAccount Domain:\t\tWORKGROUP\r\n\tLogon ID:\t\t0x3E7\r\n\r\nProcess Information:\r\n\tProcess ID:\t\t0xca8\r\n\tProcess Name:\t\tC:\\Windows\\System32\\svchost.exe\r\n\r\nEnabled Privileges:\r\n\t\t\tSeAssignPrimaryTokenPrivilege\r\n\t\t\tSeIncreaseQuotaPrivilege\r\n\t\t\tSeSecurityPrivilege\r\n\t\t\tSeTakeOwnershipPrivilege\r\n\t\t\tSeLoadDriverPrivilege\r\n\t\t\tSeSystemtimePrivilege\r\n\t\t\tSeBackupPrivilege\r\n\t\t\tSeRestorePrivilege\r\n\t\t\tSeShutdownPrivilege\r\n\t\t\tSeSystemEnvironmentPrivilege\r\n\t\t\tSeUndockPrivilege\r\n\t\t\tSeManageVolumePrivilege\r\n\r\nDisabled Privileges:\r\n\t\t\t-","SubjectUserSid":"S-1-5-18","EventID":4703,"Channel":"Security","Task":"13317","SubjectDomainName":"WORKGROUP","Hostname":"WORKSTATION5","ProcessName":"C:\\Windows\\System32\\svchost.exe","ProcessId":"0xca8","TargetUserSid":"S-1-5-18","TargetDomainName":"WORKGROUP","EnabledPrivilegeList":"SeAssignPrimaryTokenPrivilege\n\t\t\tSeIncreaseQuotaPrivilege\n\t\t\tSeSecurityPrivilege\n\t\t\tSeTakeOwnershipPrivilege\n\t\t\tSeLoadDriverPrivilege\n\t\t\tSeSystemtimePrivilege\n\t\t\tSeBackupPrivilege\n\t\t\tSeRestorePrivilege\n\t\t\tSeShutdownPrivilege\n\t\t\tSeSystemEnvironmentPrivilege\n\t\t\tSeUndockPrivilege\n\t\t\tSeManageVolumePrivilege","TargetUserName":"WORKSTATION5$"}
