{"SourceImage":"C:\\windows\\Explorer.EXE","TimeCreated":"2020-10-18 02:17:04.895","GrantedAccess":"0x1410","SourceThreadId":"2776","CallTrace":"C:\\windows\\SYSTEM32\\ntdll.dll+9c584|C:\\windows\\System32\\KERNELBASE.dll+305fe|C:\\Windows\\System32\\appresolver.dll+21ee8|C:\\Windows\\System32\\appresolver.dll+1ef46|C:\\windows\\system32\\twinui.pcshell.dll+1d434|C:\\windows\\system32\\twinui.pcshell.dll+fadd0|C:\\windows\\System32\\KERNEL32.DLL+17c24|C:\\windows\\SYSTEM32\\ntdll.dll+6cea1","UtcTime":"2020-10-18 06:17:04.867","TargetProcessGUID":"{39e4a257-31aa-5f89-840f-000000000400}","SourceProcessId":"4548","EventID":10,"Channel":"Microsoft-Windows-Sysmon/Operational","Task":"10","RuleName":"-","Message":"Process accessed:\r\nRuleName: -\r\nUtcTime: 2020-10-18 06:17:04.867\r\nSourceProcessGUID: {39e4a257-1bcf-5f89-a90e-000000000400}\r\nSourceProcessId: 4548\r\nSourceThreadId: 2776\r\nSourceImage: C:\\windows\\Explorer.EXE\r\nTargetProcessGUID: {39e4a257-31aa-5f89-840f-000000000400}\r\nTargetProcessId: 5056\r\nTargetImage: C:\\windows\\system32\\ApplicationFrameHost.exe\r\nGrantedAccess: 0x1410\r\nCallTrace: C:\\windows\\SYSTEM32\\ntdll.dll+9c584|C:\\windows\\System32\\KERNELBASE.dll+305fe|C:\\Windows\\System32\\appresolver.dll+21ee8|C:\\Windows\\System32\\appresolver.dll+1ef46|C:\\windows\\system32\\twinui.pcshell.dll+1d434|C:\\windows\\system32\\twinui.pcshell.dll+fadd0|C:\\windows\\System32\\KERNEL32.DLL+17c24|C:\\windows\\SYSTEM32\\ntdll.dll+6cea1","Hostname":"WORKSTATION5","TargetProcessId":"5056","TargetImage":"C:\\windows\\system32\\ApplicationFrameHost.exe","SourceProcessGUID":"{39e4a257-1bcf-5f89-a90e-000000000400}"}
{"SourceImage":"C:\\windows\\Explorer.EXE","TimeCreated":"2020-10-18 02:17:04.895","GrantedAccess":"0x1000","SourceThreadId":"2776","CallTrace":"C:\\windows\\SYSTEM32\\ntdll.dll+9c584|C:\\windows\\System32\\KERNELBASE.dll+305fe|C:\\Windows\\System32\\appresolver.dll+1ee93|C:\\windows\\system32\\twinui.pcshell.dll+1d434|C:\\windows\\system32\\twinui.pcshell.dll+fadd0|C:\\windows\\System32\\KERNEL32.DLL+17c24|C:\\windows\\SYSTEM32\\ntdll.dll+6cea1","UtcTime":"2020-10-18 06:17:04.867","TargetProcessGUID":"{39e4a257-31aa-5f89-840f-000000000400}","SourceProcessId":"4548","EventID":10,"Channel":"Microsoft-Windows-Sysmon/Operational","Task":"10","RuleName":"-","Message":"Process accessed:\r\nRuleName: -\r\nUtcTime: 2020-10-18 06:17:04.867\r\nSourceProcessGUID: {39e4a257-1bcf-5f89-a90e-000000000400}\r\nSourceProcessId: 4548\r\nSourceThreadId: 2776\r\nSourceImage: C:\\windows\\Explorer.EXE\r\nTargetProcessGUID: {39e4a257-31aa-5f89-840f-000000000400}\r\nTargetProcessId: 5056\r\nTargetImage: C:\\windows\\system32\\ApplicationFrameHost.exe\r\nGrantedAccess: 0x1000\r\nCallTrace: C:\\windows\\SYSTEM32\\ntdll.dll+9c584|C:\\windows\\System32\\KERNELBASE.dll+305fe|C:\\Windows\\System32\\appresolver.dll+1ee93|C:\\windows\\system32\\twinui.pcshell.dll+1d434|C:\\windows\\system32\\twinui.pcshell.dll+fadd0|C:\\windows\\System32\\KERNEL32.DLL+17c24|C:\\windows\\SYSTEM32\\ntdll.dll+6cea1","Hostname":"WORKSTATION5","TargetProcessId":"5056","TargetImage":"C:\\windows\\system32\\ApplicationFrameHost.exe","SourceProcessGUID":"{39e4a257-1bcf-5f89-a90e-000000000400}"}
{"SourceImage":"C:\\windows\\Explorer.EXE","TimeCreated":"2020-10-18 02:17:04.895","GrantedAccess":"0x1000","SourceThreadId":"2776","CallTrace":"C:\\windows\\SYSTEM32\\ntdll.dll+9c584|C:\\windows\\System32\\KERNELBASE.dll+305fe|C:\\Windows\\System32\\appresolver.dll+221c5|C:\\Windows\\System32\\appresolver.dll+1edcc|C:\\windows\\system32\\twinui.pcshell.dll+1d434|C:\\windows\\system32\\twinui.pcshell.dll+fadd0|C:\\windows\\System32\\KERNEL32.DLL+17c24|C:\\windows\\SYSTEM32\\ntdll.dll+6cea1","UtcTime":"2020-10-18 06:17:04.867","TargetProcessGUID":"{39e4a257-31aa-5f89-840f-000000000400}","SourceProcessId":"4548","EventID":10,"Channel":"Microsoft-Windows-Sysmon/Operational","Task":"10","RuleName":"-","Message":"Process accessed:\r\nRuleName: -\r\nUtcTime: 2020-10-18 06:17:04.867\r\nSourceProcessGUID: {39e4a257-1bcf-5f89-a90e-000000000400}\r\nSourceProcessId: 4548\r\nSourceThreadId: 2776\r\nSourceImage: C:\\windows\\Explorer.EXE\r\nTargetProcessGUID: {39e4a257-31aa-5f89-840f-000000000400}\r\nTargetProcessId: 5056\r\nTargetImage: C:\\windows\\system32\\ApplicationFrameHost.exe\r\nGrantedAccess: 0x1000\r\nCallTrace: C:\\windows\\SYSTEM32\\ntdll.dll+9c584|C:\\windows\\System32\\KERNELBASE.dll+305fe|C:\\Windows\\System32\\appresolver.dll+221c5|C:\\Windows\\System32\\appresolver.dll+1edcc|C:\\windows\\system32\\twinui.pcshell.dll+1d434|C:\\windows\\system32\\twinui.pcshell.dll+fadd0|C:\\windows\\System32\\KERNEL32.DLL+17c24|C:\\windows\\SYSTEM32\\ntdll.dll+6cea1","Hostname":"WORKSTATION5","TargetProcessId":"5056","TargetImage":"C:\\windows\\system32\\ApplicationFrameHost.exe","SourceProcessGUID":"{39e4a257-1bcf-5f89-a90e-000000000400}"}
{"SourceImage":"C:\\windows\\Explorer.EXE","TimeCreated":"2020-10-18 02:17:04.895","GrantedAccess":"0x1410","SourceThreadId":"2776","CallTrace":"C:\\windows\\SYSTEM32\\ntdll.dll+9c584|C:\\windows\\System32\\KERNELBASE.dll+305fe|C:\\windows\\system32\\twinui.pcshell.dll+1d207|C:\\windows\\system32\\twinui.pcshell.dll+fadd0|C:\\windows\\System32\\KERNEL32.DLL+17c24|C:\\windows\\SYSTEM32\\ntdll.dll+6cea1","UtcTime":"2020-10-18 06:17:04.867","TargetProcessGUID":"{39e4a257-31aa-5f89-840f-000000000400}","SourceProcessId":"4548","EventID":10,"Channel":"Microsoft-Windows-Sysmon/Operational","Task":"10","RuleName":"-","Message":"Process accessed:\r\nRuleName: -\r\nUtcTime: 2020-10-18 06:17:04.867\r\nSourceProcessGUID: {39e4a257-1bcf-5f89-a90e-000000000400}\r\nSourceProcessId: 4548\r\nSourceThreadId: 2776\r\nSourceImage: C:\\windows\\Explorer.EXE\r\nTargetProcessGUID: {39e4a257-31aa-5f89-840f-000000000400}\r\nTargetProcessId: 5056\r\nTargetImage: C:\\windows\\system32\\ApplicationFrameHost.exe\r\nGrantedAccess: 0x1410\r\nCallTrace: C:\\windows\\SYSTEM32\\ntdll.dll+9c584|C:\\windows\\System32\\KERNELBASE.dll+305fe|C:\\windows\\system32\\twinui.pcshell.dll+1d207|C:\\windows\\system32\\twinui.pcshell.dll+fadd0|C:\\windows\\System32\\KERNEL32.DLL+17c24|C:\\windows\\SYSTEM32\\ntdll.dll+6cea1","Hostname":"WORKSTATION5","TargetProcessId":"5056","TargetImage":"C:\\windows\\system32\\ApplicationFrameHost.exe","SourceProcessGUID":"{39e4a257-1bcf-5f89-a90e-000000000400}"}
{"SourceImage":"C:\\windows\\system32\\ApplicationFrameHost.exe","TimeCreated":"2020-10-18 02:17:04.875","GrantedAccess":"0x1040","SourceThreadId":"9812","CallTrace":"C:\\windows\\SYSTEM32\\ntdll.dll+9d154|C:\\windows\\System32\\RPCRT4.dll+2d354|C:\\windows\\System32\\combase.dll+b855b|C:\\windows\\System32\\combase.dll+68808|C:\\windows\\System32\\combase.dll+666fb|C:\\windows\\System32\\combase.dll+66800|C:\\windows\\System32\\combase.dll+66664|C:\\windows\\System32\\combase.dll+3a668|C:\\windows\\System32\\combase.dll+3a0cb|C:\\windows\\System32\\combase.dll+87c25|C:\\windows\\System32\\combase.dll+84744|C:\\windows\\System32\\combase.dll+84680|C:\\windows\\System32\\combase.dll+8431f|C:\\windows\\System32\\combase.dll+89fd7|C:\\windows\\System32\\combase.dll+a7659|C:\\windows\\System32\\RPCRT4.dll+da15e|C:\\windows\\System32\\RPCRT4.dll+383b9|C:\\windows\\System32\\combase.dll+a5cff|C:\\windows\\System32\\RPCRT4.dll+59bab|C:\\windows\\System32\\combase.dll+8d0e3|C:\\windows\\System32\\combase.dll+8ced3|C:\\windows\\System32\\combase.dll+a9556|C:\\windows\\System32\\combase.dll+8a4fa|C:\\windows\\System32\\combase.dll+a47ed","UtcTime":"2020-10-18 06:17:04.867","TargetProcessGUID":"{39e4a257-1bcf-5f89-a90e-000000000400}","SourceProcessId":"5056","EventID":10,"Channel":"Microsoft-Windows-Sysmon/Operational","Task":"10","RuleName":"-","Message":"Process accessed:\r\nRuleName: -\r\nUtcTime: 2020-10-18 06:17:04.867\r\nSourceProcessGUID: {39e4a257-31aa-5f89-840f-000000000400}\r\nSourceProcessId: 5056\r\nSourceThreadId: 9812\r\nSourceImage: C:\\windows\\system32\\ApplicationFrameHost.exe\r\nTargetProcessGUID: {39e4a257-1bcf-5f89-a90e-000000000400}\r\nTargetProcessId: 4548\r\nTargetImage: C:\\windows\\Explorer.EXE\r\nGrantedAccess: 0x1040\r\nCallTrace: C:\\windows\\SYSTEM32\\ntdll.dll+9d154|C:\\windows\\System32\\RPCRT4.dll+2d354|C:\\windows\\System32\\combase.dll+b855b|C:\\windows\\System32\\combase.dll+68808|C:\\windows\\System32\\combase.dll+666fb|C:\\windows\\System32\\combase.dll+66800|C:\\windows\\System32\\combase.dll+66664|C:\\windows\\System32\\combase.dll+3a668|C:\\windows\\System32\\combase.dll+3a0cb|C:\\windows\\System32\\combase.dll+87c25|C:\\windows\\System32\\combase.dll+84744|C:\\windows\\System32\\combase.dll+84680|C:\\windows\\System32\\combase.dll+8431f|C:\\windows\\System32\\combase.dll+89fd7|C:\\windows\\System32\\combase.dll+a7659|C:\\windows\\System32\\RPCRT4.dll+da15e|C:\\windows\\System32\\RPCRT4.dll+383b9|C:\\windows\\System32\\combase.dll+a5cff|C:\\windows\\System32\\RPCRT4.dll+59bab|C:\\windows\\System32\\combase.dll+8d0e3|C:\\windows\\System32\\combase.dll+8ced3|C:\\windows\\System32\\combase.dll+a9556|C:\\windows\\System32\\combase.dll+8a4fa|C:\\windows\\System32\\combase.dll+a47ed","Hostname":"WORKSTATION5","TargetProcessId":"4548","TargetImage":"C:\\windows\\Explorer.EXE","SourceProcessGUID":"{39e4a257-31aa-5f89-840f-000000000400}"}
{"TimeCreated":"2020-10-18 02:17:04.875","UtcTime":"2020-10-18 06:17:04.867","ProcessGuid":"{39e4a257-1bcf-5f89-a90e-000000000400}","Image":"C:\\windows\\Explorer.EXE","EventID":13,"Channel":"Microsoft-Windows-Sysmon/Operational","Task":"13","RuleName":"-","Message":"Registry value set:\r\nRuleName: -\r\nEventType: SetValue\r\nUtcTime: 2020-10-18 06:17:04.867\r\nProcessGuid: {39e4a257-1bcf-5f89-a90e-000000000400}\r\nProcessId: 4548\r\nImage: C:\\windows\\Explorer.EXE\r\nTargetObject: HKU\\S-1-5-21-3940915590-64593676-1414006259-500\\Software\\Microsoft\\Windows\\CurrentVersion\\Explorer\\UserAssist\\{CEBFF5CD-ACE2-4F4F-9178-9926F41749EA}\\Count\\HRZR_PGYFRFFVBA\r\nDetails: Binary Data","Hostname":"WORKSTATION5","Details":"Binary Data","ProcessId":"4548","EventType":"SetValue","TargetObject":"HKU\\S-1-5-21-3940915590-64593676-1414006259-500\\Software\\Microsoft\\Windows\\CurrentVersion\\Explorer\\UserAssist\\{CEBFF5CD-ACE2-4F4F-9178-9926F41749EA}\\Count\\HRZR_PGYFRFFVBA"}
{"TimeCreated":"2020-10-18 02:17:04.875","UtcTime":"2020-10-18 06:17:04.867","ProcessGuid":"{39e4a257-1bcf-5f89-a90e-000000000400}","Image":"C:\\windows\\Explorer.EXE","EventID":13,"Channel":"Microsoft-Windows-Sysmon/Operational","Task":"13","RuleName":"-","Message":"Registry value set:\r\nRuleName: -\r\nEventType: SetValue\r\nUtcTime: 2020-10-18 06:17:04.867\r\nProcessGuid: {39e4a257-1bcf-5f89-a90e-000000000400}\r\nProcessId: 4548\r\nImage: C:\\windows\\Explorer.EXE\r\nTargetObject: HKU\\S-1-5-21-3940915590-64593676-1414006259-500\\Software\\Microsoft\\Windows\\CurrentVersion\\Explorer\\UserAssist\\{CEBFF5CD-ACE2-4F4F-9178-9926F41749EA}\\Count\\{1NP14R77-02R7-4R5Q-O744-2RO1NR5198O7}\\pzq.rkr\r\nDetails: Binary Data","Hostname":"WORKSTATION5","Details":"Binary Data","ProcessId":"4548","EventType":"SetValue","TargetObject":"HKU\\S-1-5-21-3940915590-64593676-1414006259-500\\Software\\Microsoft\\Windows\\CurrentVersion\\Explorer\\UserAssist\\{CEBFF5CD-ACE2-4F4F-9178-9926F41749EA}\\Count\\{1NP14R77-02R7-4R5Q-O744-2RO1NR5198O7}\\pzq.rkr"}
{"SourceImage":"C:\\windows\\system32\\svchost.exe","TimeCreated":"2020-10-18 02:17:04.875","GrantedAccess":"0x2000","SourceThreadId":"2216","CallTrace":"C:\\windows\\SYSTEM32\\ntdll.dll+9c584|C:\\windows\\SYSTEM32\\psmserviceexthost.dll+310c0|C:\\windows\\SYSTEM32\\psmserviceexthost.dll+30dbf|C:\\windows\\SYSTEM32\\ntdll.dll+6ba5|C:\\windows\\SYSTEM32\\ntdll.dll+67f1|C:\\windows\\SYSTEM32\\ntdll.dll+6650|C:\\windows\\SYSTEM32\\ntdll.dll+3052c|C:\\windows\\SYSTEM32\\ntdll.dll+34142|C:\\windows\\System32\\KERNEL32.DLL+17c24|C:\\windows\\SYSTEM32\\ntdll.dll+6cea1","UtcTime":"2020-10-18 06:17:04.851","TargetProcessGUID":"{39e4a257-31aa-5f89-840f-000000000400}","SourceProcessId":"896","EventID":10,"Channel":"Microsoft-Windows-Sysmon/Operational","Task":"10","RuleName":"-","Message":"Process accessed:\r\nRuleName: -\r\nUtcTime: 2020-10-18 06:17:04.851\r\nSourceProcessGUID: {39e4a257-f71a-5f87-1000-000000000400}\r\nSourceProcessId: 896\r\nSourceThreadId: 2216\r\nSourceImage: C:\\windows\\system32\\svchost.exe\r\nTargetProcessGUID: {39e4a257-31aa-5f89-840f-000000000400}\r\nTargetProcessId: 5056\r\nTargetImage: C:\\windows\\system32\\ApplicationFrameHost.exe\r\nGrantedAccess: 0x2000\r\nCallTrace: C:\\windows\\SYSTEM32\\ntdll.dll+9c584|C:\\windows\\SYSTEM32\\psmserviceexthost.dll+310c0|C:\\windows\\SYSTEM32\\psmserviceexthost.dll+30dbf|C:\\windows\\SYSTEM32\\ntdll.dll+6ba5|C:\\windows\\SYSTEM32\\ntdll.dll+67f1|C:\\windows\\SYSTEM32\\ntdll.dll+6650|C:\\windows\\SYSTEM32\\ntdll.dll+3052c|C:\\windows\\SYSTEM32\\ntdll.dll+34142|C:\\windows\\System32\\KERNEL32.DLL+17c24|C:\\windows\\SYSTEM32\\ntdll.dll+6cea1","Hostname":"WORKSTATION5","TargetProcessId":"5056","TargetImage":"C:\\windows\\system32\\ApplicationFrameHost.exe","SourceProcessGUID":"{39e4a257-f71a-5f87-1000-000000000400}"}
{"SourceImage":"C:\\windows\\system32\\ctfmon.exe","TimeCreated":"2020-10-18 02:17:04.875","GrantedAccess":"0x1000","SourceThreadId":"4280","CallTrace":"C:\\windows\\SYSTEM32\\ntdll.dll+9d154|C:\\windows\\System32\\MSCTF.dll+9440|C:\\windows\\System32\\MSCTF.dll+85ec|C:\\windows\\System32\\MSCTF.dll+827f|C:\\windows\\System32\\MSCTF.dll+80e2|C:\\windows\\System32\\KERNEL32.DLL+17c24|C:\\windows\\SYSTEM32\\ntdll.dll+6cea1","UtcTime":"2020-10-18 06:17:04.851","TargetProcessGUID":"{39e4a257-31aa-5f89-840f-000000000400}","SourceProcessId":"4028","EventID":10,"Channel":"Microsoft-Windows-Sysmon/Operational","Task":"10","RuleName":"-","Message":"Process accessed:\r\nRuleName: -\r\nUtcTime: 2020-10-18 06:17:04.851\r\nSourceProcessGUID: {39e4a257-1bcd-5f89-a60e-000000000400}\r\nSourceProcessId: 4028\r\nSourceThreadId: 4280\r\nSourceImage: C:\\windows\\system32\\ctfmon.exe\r\nTargetProcessGUID: {39e4a257-31aa-5f89-840f-000000000400}\r\nTargetProcessId: 5056\r\nTargetImage: C:\\windows\\system32\\ApplicationFrameHost.exe\r\nGrantedAccess: 0x1000\r\nCallTrace: C:\\windows\\SYSTEM32\\ntdll.dll+9d154|C:\\windows\\System32\\MSCTF.dll+9440|C:\\windows\\System32\\MSCTF.dll+85ec|C:\\windows\\System32\\MSCTF.dll+827f|C:\\windows\\System32\\MSCTF.dll+80e2|C:\\windows\\System32\\KERNEL32.DLL+17c24|C:\\windows\\SYSTEM32\\ntdll.dll+6cea1","Hostname":"WORKSTATION5","TargetProcessId":"5056","TargetImage":"C:\\windows\\system32\\ApplicationFrameHost.exe","SourceProcessGUID":"{39e4a257-1bcd-5f89-a60e-000000000400}"}
{"SourceImage":"C:\\windows\\Explorer.EXE","TimeCreated":"2020-10-18 02:17:04.875","GrantedAccess":"0x1000","SourceThreadId":"2212","CallTrace":"C:\\windows\\SYSTEM32\\ntdll.dll+9c584|C:\\windows\\System32\\KERNELBASE.dll+305fe|C:\\windows\\SYSTEM32\\TWINAPI.dll+6d4c|C:\\windows\\system32\\twinui.pcshell.dll+3b7ec|C:\\windows\\system32\\twinui.pcshell.dll+3b68e|C:\\windows\\system32\\twinui.pcshell.dll+3ddb0|C:\\windows\\system32\\twinui.pcshell.dll+19357|C:\\windows\\system32\\twinui.pcshell.dll+18f61|C:\\windows\\system32\\twinui.pcshell.dll+71fbb|C:\\windows\\System32\\RPCRT4.dll+76a63|C:\\windows\\System32\\RPCRT4.dll+da036|C:\\windows\\System32\\RPCRT4.dll+383b9|C:\\windows\\System32\\combase.dll+a5cff|C:\\windows\\System32\\RPCRT4.dll+59bab|C:\\windows\\System32\\combase.dll+8d0e3|C:\\windows\\System32\\combase.dll+8ced3|C:\\windows\\System32\\combase.dll+a9556|C:\\windows\\System32\\combase.dll+8a4fa|C:\\windows\\System32\\combase.dll+8b1bd|C:\\windows\\System32\\combase.dll+401ac|C:\\windows\\System32\\combase.dll+40a11|C:\\windows\\System32\\combase.dll+62f9d|C:\\windows\\System32\\user32.dll+15c1d|C:\\windows\\System32\\user32.dll+15612","UtcTime":"2020-10-18 06:17:04.835","TargetProcessGUID":"{39e4a257-31aa-5f89-840f-000000000400}","SourceProcessId":"4548","EventID":10,"Channel":"Microsoft-Windows-Sysmon/Operational","Task":"10","RuleName":"-","Message":"Process accessed:\r\nRuleName: -\r\nUtcTime: 2020-10-18 06:17:04.835\r\nSourceProcessGUID: {39e4a257-1bcf-5f89-a90e-000000000400}\r\nSourceProcessId: 4548\r\nSourceThreadId: 2212\r\nSourceImage: C:\\windows\\Explorer.EXE\r\nTargetProcessGUID: {39e4a257-31aa-5f89-840f-000000000400}\r\nTargetProcessId: 5056\r\nTargetImage: C:\\windows\\system32\\ApplicationFrameHost.exe\r\nGrantedAccess: 0x1000\r\nCallTrace: C:\\windows\\SYSTEM32\\ntdll.dll+9c584|C:\\windows\\System32\\KERNELBASE.dll+305fe|C:\\windows\\SYSTEM32\\TWINAPI.dll+6d4c|C:\\windows\\system32\\twinui.pcshell.dll+3b7ec|C:\\windows\\system32\\twinui.pcshell.dll+3b68e|C:\\windows\\system32\\twinui.pcshell.dll+3ddb0|C:\\windows\\system32\\twinui.pcshell.dll+19357|C:\\windows\\system32\\twinui.pcshell.dll+18f61|C:\\windows\\system32\\twinui.pcshell.dll+71fbb|C:\\windows\\System32\\RPCRT4.dll+76a63|C:\\windows\\System32\\RPCRT4.dll+da036|C:\\windows\\System32\\RPCRT4.dll+383b9|C:\\windows\\System32\\combase.dll+a5cff|C:\\windows\\System32\\RPCRT4.dll+59bab|C:\\windows\\System32\\combase.dll+8d0e3|C:\\windows\\System32\\combase.dll+8ced3|C:\\windows\\System32\\combase.dll+a9556|C:\\windows\\System32\\combase.dll+8a4fa|C:\\windows\\System32\\combase.dll+8b1bd|C:\\windows\\System32\\combase.dll+401ac|C:\\windows\\System32\\combase.dll+40a11|C:\\windows\\System32\\combase.dll+62f9d|C:\\windows\\System32\\user32.dll+15c1d|C:\\windows\\System32\\user32.dll+15612","Hostname":"WORKSTATION5","TargetProcessId":"5056","TargetImage":"C:\\windows\\system32\\ApplicationFrameHost.exe","SourceProcessGUID":"{39e4a257-1bcf-5f89-a90e-000000000400}"}
{"TimeCreated":"2020-10-18 02:17:04.847","UtcTime":"2020-10-18 06:17:04.835","ProcessGuid":"{39e4a257-1bcf-5f89-a90e-000000000400}","Image":"C:\\windows\\Explorer.EXE","EventID":13,"Channel":"Microsoft-Windows-Sysmon/Operational","Task":"13","RuleName":"-","Message":"Registry value set:\r\nRuleName: -\r\nEventType: SetValue\r\nUtcTime: 2020-10-18 06:17:04.835\r\nProcessGuid: {39e4a257-1bcf-5f89-a90e-000000000400}\r\nProcessId: 4548\r\nImage: C:\\windows\\Explorer.EXE\r\nTargetObject: HKU\\S-1-5-21-3940915590-64593676-1414006259-500\\Software\\Microsoft\\Windows\\CurrentVersion\\Explorer\\SessionInfo\\2\\ApplicationViewManagement\\WRT:Microsoft.WindowsCalculator_8wekyb3d8bbwe!App+1+000000000042044E\\ShowInSwitchers\r\nDetails: Binary Data","Hostname":"WORKSTATION5","Details":"Binary Data","ProcessId":"4548","EventType":"SetValue","TargetObject":"HKU\\S-1-5-21-3940915590-64593676-1414006259-500\\Software\\Microsoft\\Windows\\CurrentVersion\\Explorer\\SessionInfo\\2\\ApplicationViewManagement\\WRT:Microsoft.WindowsCalculator_8wekyb3d8bbwe!App+1+000000000042044E\\ShowInSwitchers"}
{"TimeCreated":"2020-10-18 02:17:04.847","UtcTime":"2020-10-18 06:17:04.835","ProcessGuid":"{39e4a257-1bcf-5f89-a90e-000000000400}","Image":"C:\\windows\\Explorer.EXE","EventID":12,"Channel":"Microsoft-Windows-Sysmon/Operational","Task":"12","RuleName":"-","Message":"Registry object added or deleted:\r\nRuleName: -\r\nEventType: CreateKey\r\nUtcTime: 2020-10-18 06:17:04.835\r\nProcessGuid: {39e4a257-1bcf-5f89-a90e-000000000400}\r\nProcessId: 4548\r\nImage: C:\\windows\\Explorer.EXE\r\nTargetObject: HKU\\S-1-5-21-3940915590-64593676-1414006259-500\\Software\\Microsoft\\Windows\\CurrentVersion\\Explorer\\SessionInfo\\2\\ApplicationViewManagement\\WRT:Microsoft.WindowsCalculator_8wekyb3d8bbwe!App+1+000000000042044E","Hostname":"WORKSTATION5","ProcessId":"4548","EventType":"CreateKey","TargetObject":"HKU\\S-1-5-21-3940915590-64593676-1414006259-500\\Software\\Microsoft\\Windows\\CurrentVersion\\Explorer\\SessionInfo\\2\\ApplicationViewManagement\\WRT:Microsoft.WindowsCalculator_8wekyb3d8bbwe!App+1+000000000042044E"}
{"SourceImage":"C:\\windows\\Explorer.EXE","TimeCreated":"2020-10-18 02:17:04.847","GrantedAccess":"0x1000","SourceThreadId":"2212","CallTrace":"C:\\windows\\SYSTEM32\\ntdll.dll+9c584|C:\\windows\\System32\\KERNELBASE.dll+305fe|C:\\windows\\SYSTEM32\\TWINAPI.dll+6d4c|C:\\windows\\system32\\twinui.pcshell.dll+3b7ec|C:\\windows\\system32\\twinui.pcshell.dll+3b68e|C:\\windows\\system32\\twinui.pcshell.dll+3c0bc|C:\\windows\\system32\\twinui.pcshell.dll+48cbe|C:\\windows\\system32\\twinui.pcshell.dll+488d0|C:\\windows\\system32\\twinui.pcshell.dll+47e37|C:\\windows\\system32\\twinui.pcshell.dll+192c9|C:\\windows\\system32\\twinui.pcshell.dll+18f61|C:\\windows\\system32\\twinui.pcshell.dll+71fbb|C:\\windows\\System32\\RPCRT4.dll+76a63|C:\\windows\\System32\\RPCRT4.dll+da036|C:\\windows\\System32\\RPCRT4.dll+383b9|C:\\windows\\System32\\combase.dll+a5cff|C:\\windows\\System32\\RPCRT4.dll+59bab|C:\\windows\\System32\\combase.dll+8d0e3|C:\\windows\\System32\\combase.dll+8ced3|C:\\windows\\System32\\combase.dll+a9556|C:\\windows\\System32\\combase.dll+8a4fa|C:\\windows\\System32\\combase.dll+8b1bd|C:\\windows\\System32\\combase.dll+401ac|C:\\windows\\System32\\combase.dll+40a11","UtcTime":"2020-10-18 06:17:04.835","TargetProcessGUID":"{39e4a257-da6e-5f8b-321b-000000000400}","SourceProcessId":"4548","EventID":10,"Channel":"Microsoft-Windows-Sysmon/Operational","Task":"10","RuleName":"-","Message":"Process accessed:\r\nRuleName: -\r\nUtcTime: 2020-10-18 06:17:04.835\r\nSourceProcessGUID: {39e4a257-1bcf-5f89-a90e-000000000400}\r\nSourceProcessId: 4548\r\nSourceThreadId: 2212\r\nSourceImage: C:\\windows\\Explorer.EXE\r\nTargetProcessGUID: {39e4a257-da6e-5f8b-321b-000000000400}\r\nTargetProcessId: 5720\r\nTargetImage: C:\\windows\\system32\\cmd.exe\r\nGrantedAccess: 0x1000\r\nCallTrace: C:\\windows\\SYSTEM32\\ntdll.dll+9c584|C:\\windows\\System32\\KERNELBASE.dll+305fe|C:\\windows\\SYSTEM32\\TWINAPI.dll+6d4c|C:\\windows\\system32\\twinui.pcshell.dll+3b7ec|C:\\windows\\system32\\twinui.pcshell.dll+3b68e|C:\\windows\\system32\\twinui.pcshell.dll+3c0bc|C:\\windows\\system32\\twinui.pcshell.dll+48cbe|C:\\windows\\system32\\twinui.pcshell.dll+488d0|C:\\windows\\system32\\twinui.pcshell.dll+47e37|C:\\windows\\system32\\twinui.pcshell.dll+192c9|C:\\windows\\system32\\twinui.pcshell.dll+18f61|C:\\windows\\system32\\twinui.pcshell.dll+71fbb|C:\\windows\\System32\\RPCRT4.dll+76a63|C:\\windows\\System32\\RPCRT4.dll+da036|C:\\windows\\System32\\RPCRT4.dll+383b9|C:\\windows\\System32\\combase.dll+a5cff|C:\\windows\\System32\\RPCRT4.dll+59bab|C:\\windows\\System32\\combase.dll+8d0e3|C:\\windows\\System32\\combase.dll+8ced3|C:\\windows\\System32\\combase.dll+a9556|C:\\windows\\System32\\combase.dll+8a4fa|C:\\windows\\System32\\combase.dll+8b1bd|C:\\windows\\System32\\combase.dll+401ac|C:\\windows\\System32\\combase.dll+40a11","Hostname":"WORKSTATION5","TargetProcessId":"5720","TargetImage":"C:\\windows\\system32\\cmd.exe","SourceProcessGUID":"{39e4a257-1bcf-5f89-a90e-000000000400}"}
{"TimeCreated":"2020-10-18 02:17:04.840","UtcTime":"2020-10-18 06:17:04.835","ProcessGuid":"{39e4a257-31aa-5f89-840f-000000000400}","Image":"C:\\windows\\system32\\ApplicationFrameHost.exe","EventID":12,"Channel":"Microsoft-Windows-Sysmon/Operational","Task":"12","RuleName":"-","Message":"Registry object added or deleted:\r\nRuleName: -\r\nEventType: CreateKey\r\nUtcTime: 2020-10-18 06:17:04.835\r\nProcessGuid: {39e4a257-31aa-5f89-840f-000000000400}\r\nProcessId: 5056\r\nImage: C:\\windows\\system32\\ApplicationFrameHost.exe\r\nTargetObject: HKU\\S-1-5-21-3940915590-64593676-1414006259-500_Classes\\Local Settings\\MrtCache\\C:5056CProgram Files5056CWindowsApps5056CMicrosoft.WindowsCalculator_10.2008.2.0_x64__8wekyb3d8bbwe5056Cmicrosoft.system.package.metadata5056CS-1-5-21-3940915590-64593676-1414006259-500-MergedResources-1.pri","Hostname":"WORKSTATION5","ProcessId":"5056","EventType":"CreateKey","TargetObject":"HKU\\S-1-5-21-3940915590-64593676-1414006259-500_Classes\\Local Settings\\MrtCache\\C:%5CProgram Files%5CWindowsApps%5CMicrosoft.WindowsCalculator_10.2008.2.0_x64__8wekyb3d8bbwe%5Cmicrosoft.system.package.metadata%5CS-1-5-21-3940915590-64593676-1414006259-500-MergedResources-1.pri"}
{"TimeCreated":"2020-10-18 02:17:04.839","SignatureStatus":"Valid","Signature":"Microsoft Windows","Product":"Microsoft Windows Operating System","Hashes":"SHA1=817DFAC385923FD53A5680323193E9155E2C6381,MD5=8B4BF2DBBC8D5BA6966771C55378D51E,SHA256=AA0E76ACDB8FA185597842BD77E13260562A2A78483195B031C7D84120F5D657,IMPHASH=42D1B06A98233337DA36316767D9D091","UtcTime":"2020-10-18 06:17:04.835","ProcessGuid":"{39e4a257-31aa-5f89-840f-000000000400}","Image":"C:\\Windows\\System32\\ApplicationFrameHost.exe","ImageLoaded":"C:\\Windows\\System32\\fwbase.dll","EventID":7,"Channel":"Microsoft-Windows-Sysmon/Operational","Task":"7","RuleName":"-","FileVersion":"10.0.18362.449 (WinBuild.160101.0800)","Message":"Image loaded:\r\nRuleName: -\r\nUtcTime: 2020-10-18 06:17:04.835\r\nProcessGuid: {39e4a257-31aa-5f89-840f-000000000400}\r\nProcessId: 5056\r\nImage: C:\\Windows\\System32\\ApplicationFrameHost.exe\r\nImageLoaded: C:\\Windows\\System32\\fwbase.dll\r\nFileVersion: 10.0.18362.449 (WinBuild.160101.0800)\r\nDescription: Firewall Base DLL\r\nProduct: Microsoft Windows Operating System\r\nCompany: Microsoft Corporation\r\nOriginalFileName: fwbase.dll\r\nHashes: SHA1=817DFAC385923FD53A5680323193E9155E2C6381,MD5=8B4BF2DBBC8D5BA6966771C55378D51E,SHA256=AA0E76ACDB8FA185597842BD77E13260562A2A78483195B031C7D84120F5D657,IMPHASH=42D1B06A98233337DA36316767D9D091\r\nSigned: true\r\nSignature: Microsoft Windows\r\nSignatureStatus: Valid","Hostname":"WORKSTATION5","ProcessId":"5056","Description":"Firewall Base DLL","Company":"Microsoft Corporation","Signed":"true","OriginalFileName":"fwbase.dll"}
{"TimeCreated":"2020-10-18 02:17:04.835","SignatureStatus":"Valid","Signature":"Microsoft Windows","Product":"Microsoft Windows Operating System","Hashes":"SHA1=9414EC114C3389E0A7BC2FD986E00946E1A2A299,MD5=3929147A2A34B0902152C7D0F241B02A,SHA256=AD1C5309AA873F6A284EABE382812868E20C3D3D64197F3E6EF9D015EA060CAA,IMPHASH=6EC28633CC4ECB9F457795DD7E00B34B","UtcTime":"2020-10-18 06:17:04.820","ProcessGuid":"{39e4a257-31aa-5f89-840f-000000000400}","Image":"C:\\Windows\\System32\\ApplicationFrameHost.exe","ImageLoaded":"C:\\Windows\\System32\\IPHLPAPI.DLL","EventID":7,"Channel":"Microsoft-Windows-Sysmon/Operational","Task":"7","RuleName":"-","FileVersion":"10.0.18362.1 (WinBuild.160101.0800)","Message":"Image loaded:\r\nRuleName: -\r\nUtcTime: 2020-10-18 06:17:04.820\r\nProcessGuid: {39e4a257-31aa-5f89-840f-000000000400}\r\nProcessId: 5056\r\nImage: C:\\Windows\\System32\\ApplicationFrameHost.exe\r\nImageLoaded: C:\\Windows\\System32\\IPHLPAPI.DLL\r\nFileVersion: 10.0.18362.1 (WinBuild.160101.0800)\r\nDescription: IP Helper API\r\nProduct: Microsoft Windows Operating System\r\nCompany: Microsoft Corporation\r\nOriginalFileName: iphlpapi.dll\r\nHashes: SHA1=9414EC114C3389E0A7BC2FD986E00946E1A2A299,MD5=3929147A2A34B0902152C7D0F241B02A,SHA256=AD1C5309AA873F6A284EABE382812868E20C3D3D64197F3E6EF9D015EA060CAA,IMPHASH=6EC28633CC4ECB9F457795DD7E00B34B\r\nSigned: true\r\nSignature: Microsoft Windows\r\nSignatureStatus: Valid","Hostname":"WORKSTATION5","ProcessId":"5056","Description":"IP Helper API","Company":"Microsoft Corporation","Signed":"true","OriginalFileName":"iphlpapi.dll"}
{"TimeCreated":"2020-10-18 02:17:04.834","SignatureStatus":"Valid","Signature":"Microsoft Windows","Product":"Microsoft Windows Operating System","Hashes":"SHA1=47A2EB1D0DF3FF75C43B6AA4F4DD5CF9238AB3C6,MD5=E313A22C1E214AC6DF62A450320F8033,SHA256=E9ECAE2AF644213926735CC9FD94C1A8D98EC7909C73D49748031F64D28126BA,IMPHASH=4C3FA874E14BCE243EC9E5BA9E661936","UtcTime":"2020-10-18 06:17:04.820","ProcessGuid":"{39e4a257-31aa-5f89-840f-000000000400}","Image":"C:\\Windows\\System32\\ApplicationFrameHost.exe","ImageLoaded":"C:\\Windows\\System32\\StateRepository.Core.dll","EventID":7,"Channel":"Microsoft-Windows-Sysmon/Operational","Task":"7","RuleName":"-","FileVersion":"10.0.18362.1082 (WinBuild.160101.0800)","Message":"Image loaded:\r\nRuleName: -\r\nUtcTime: 2020-10-18 06:17:04.820\r\nProcessGuid: {39e4a257-31aa-5f89-840f-000000000400}\r\nProcessId: 5056\r\nImage: C:\\Windows\\System32\\ApplicationFrameHost.exe\r\nImageLoaded: C:\\Windows\\System32\\StateRepository.Core.dll\r\nFileVersion: 10.0.18362.1082 (WinBuild.160101.0800)\r\nDescription: StateRepository Core\r\nProduct: Microsoft Windows Operating System\r\nCompany: Microsoft Corporation\r\nOriginalFileName: StateRepository.Core.dll\r\nHashes: SHA1=47A2EB1D0DF3FF75C43B6AA4F4DD5CF9238AB3C6,MD5=E313A22C1E214AC6DF62A450320F8033,SHA256=E9ECAE2AF644213926735CC9FD94C1A8D98EC7909C73D49748031F64D28126BA,IMPHASH=4C3FA874E14BCE243EC9E5BA9E661936\r\nSigned: true\r\nSignature: Microsoft Windows\r\nSignatureStatus: Valid","Hostname":"WORKSTATION5","ProcessId":"5056","Description":"StateRepository Core","Company":"Microsoft Corporation","Signed":"true","OriginalFileName":"StateRepository.Core.dll"}
{"TimeCreated":"2020-10-18 02:17:04.833","SignatureStatus":"Valid","Signature":"Microsoft Windows","Product":"Microsoft Windows Operating System","Hashes":"SHA1=4118D7E1C3531A1A01FB8924E1A1D470066EEA3F,MD5=9EB93B389D055FA045FC91D2B763B3AC,SHA256=AB620EE31FB65F1A51B2FA28F30BC31329966CB27E3570812138DF99E4D7CC8D,IMPHASH=DEFB8C5BB37FCD63DC790B55724FDE42","UtcTime":"2020-10-18 06:17:04.820","ProcessGuid":"{39e4a257-31aa-5f89-840f-000000000400}","Image":"C:\\Windows\\System32\\ApplicationFrameHost.exe","ImageLoaded":"C:\\Windows\\System32\\nsi.dll","EventID":7,"Channel":"Microsoft-Windows-Sysmon/Operational","Task":"7","RuleName":"-","FileVersion":"10.0.18362.449 (WinBuild.160101.0800)","Message":"Image loaded:\r\nRuleName: -\r\nUtcTime: 2020-10-18 06:17:04.820\r\nProcessGuid: {39e4a257-31aa-5f89-840f-000000000400}\r\nProcessId: 5056\r\nImage: C:\\Windows\\System32\\ApplicationFrameHost.exe\r\nImageLoaded: C:\\Windows\\System32\\nsi.dll\r\nFileVersion: 10.0.18362.449 (WinBuild.160101.0800)\r\nDescription: NSI User-mode interface DLL\r\nProduct: Microsoft Windows Operating System\r\nCompany: Microsoft Corporation\r\nOriginalFileName: nsi.dll\r\nHashes: SHA1=4118D7E1C3531A1A01FB8924E1A1D470066EEA3F,MD5=9EB93B389D055FA045FC91D2B763B3AC,SHA256=AB620EE31FB65F1A51B2FA28F30BC31329966CB27E3570812138DF99E4D7CC8D,IMPHASH=DEFB8C5BB37FCD63DC790B55724FDE42\r\nSigned: true\r\nSignature: Microsoft Windows\r\nSignatureStatus: Valid","Hostname":"WORKSTATION5","ProcessId":"5056","Description":"NSI User-mode interface DLL","Company":"Microsoft Corporation","Signed":"true","OriginalFileName":"nsi.dll"}
{"TimeCreated":"2020-10-18 02:17:04.833","SignatureStatus":"Valid","Signature":"Microsoft Windows","Product":"Microsoft Windows Operating System","Hashes":"SHA1=0E931ED820C96CCAD23D4AFCB0ACD97C99155D11,MD5=C0F8DA7568D2F1534E0ABB0E69DC3280,SHA256=E419A4BBDF1D5E0601E90BAFC1558DBD7414CD44E098B581C1915EF2C6E38D0B,IMPHASH=70D7A835AF4CA9F98A94AAF1B60BF88F","UtcTime":"2020-10-18 06:17:04.820","ProcessGuid":"{39e4a257-31aa-5f89-840f-000000000400}","Image":"C:\\Windows\\System32\\ApplicationFrameHost.exe","ImageLoaded":"C:\\Windows\\System32\\ws2_32.dll","EventID":7,"Channel":"Microsoft-Windows-Sysmon/Operational","Task":"7","RuleName":"-","FileVersion":"10.0.18362.387 (WinBuild.160101.0800)","Message":"Image loaded:\r\nRuleName: -\r\nUtcTime: 2020-10-18 06:17:04.820\r\nProcessGuid: {39e4a257-31aa-5f89-840f-000000000400}\r\nProcessId: 5056\r\nImage: C:\\Windows\\System32\\ApplicationFrameHost.exe\r\nImageLoaded: C:\\Windows\\System32\\ws2_32.dll\r\nFileVersion: 10.0.18362.387 (WinBuild.160101.0800)\r\nDescription: Windows Socket 2.0 32-Bit DLL\r\nProduct: Microsoft Windows Operating System\r\nCompany: Microsoft Corporation\r\nOriginalFileName: ws2_32.dll\r\nHashes: SHA1=0E931ED820C96CCAD23D4AFCB0ACD97C99155D11,MD5=C0F8DA7568D2F1534E0ABB0E69DC3280,SHA256=E419A4BBDF1D5E0601E90BAFC1558DBD7414CD44E098B581C1915EF2C6E38D0B,IMPHASH=70D7A835AF4CA9F98A94AAF1B60BF88F\r\nSigned: true\r\nSignature: Microsoft Windows\r\nSignatureStatus: Valid","Hostname":"WORKSTATION5","ProcessId":"5056","Description":"Windows Socket 2.0 32-Bit DLL","Company":"Microsoft Corporation","Signed":"true","OriginalFileName":"ws2_32.dll"}
{"TimeCreated":"2020-10-18 02:17:04.832","SignatureStatus":"Valid","Signature":"Microsoft Windows","Product":"Microsoft Windows Operating System","Hashes":"SHA1=F1909EDE6F17B5B31AFA580DFE3C28485CAA2037,MD5=F1286919D541FF93F1174B0B1F1CF7FD,SHA256=3453BD57B23A211FD45A1BBA0EF84FD3B61E174112D16974B9481A0818C372E5,IMPHASH=D8803D749EB329542778B6CC38924BBA","UtcTime":"2020-10-18 06:17:04.820","ProcessGuid":"{39e4a257-31aa-5f89-840f-000000000400}","Image":"C:\\Windows\\System32\\ApplicationFrameHost.exe","ImageLoaded":"C:\\Windows\\System32\\dnsapi.dll","EventID":7,"Channel":"Microsoft-Windows-Sysmon/Operational","Task":"7","RuleName":"-","FileVersion":"10.0.18362.1082 (WinBuild.160101.0800)","Message":"Image loaded:\r\nRuleName: -\r\nUtcTime: 2020-10-18 06:17:04.820\r\nProcessGuid: {39e4a257-31aa-5f89-840f-000000000400}\r\nProcessId: 5056\r\nImage: C:\\Windows\\System32\\ApplicationFrameHost.exe\r\nImageLoaded: C:\\Windows\\System32\\dnsapi.dll\r\nFileVersion: 10.0.18362.1082 (WinBuild.160101.0800)\r\nDescription: DNS Client API DLL\r\nProduct: Microsoft Windows Operating System\r\nCompany: Microsoft Corporation\r\nOriginalFileName: dnsapi\r\nHashes: SHA1=F1909EDE6F17B5B31AFA580DFE3C28485CAA2037,MD5=F1286919D541FF93F1174B0B1F1CF7FD,SHA256=3453BD57B23A211FD45A1BBA0EF84FD3B61E174112D16974B9481A0818C372E5,IMPHASH=D8803D749EB329542778B6CC38924BBA\r\nSigned: true\r\nSignature: Microsoft Windows\r\nSignatureStatus: Valid","Hostname":"WORKSTATION5","ProcessId":"5056","Description":"DNS Client API DLL","Company":"Microsoft Corporation","Signed":"true","OriginalFileName":"dnsapi"}
{"TimeCreated":"2020-10-18 02:17:04.832","SignatureStatus":"Valid","Signature":"Microsoft Windows","Product":"Microsoft Windows Operating System","Hashes":"SHA1=940A10C1A22C1A616E86B30CEB3C4A562FF19548,MD5=03DFF3218B9843EAE0AA10311F159122,SHA256=196729DF38DD674C191813371CC50AECCD85C1680F3604F15A4E1A6D3432237E,IMPHASH=F3548AA51508C0CDE208A3E49F4E3355","UtcTime":"2020-10-18 06:17:04.820","ProcessGuid":"{39e4a257-31aa-5f89-840f-000000000400}","Image":"C:\\Windows\\System32\\ApplicationFrameHost.exe","ImageLoaded":"C:\\Windows\\System32\\FirewallAPI.dll","EventID":7,"Channel":"Microsoft-Windows-Sysmon/Operational","Task":"7","RuleName":"-","FileVersion":"10.0.18362.900 (WinBuild.160101.0800)","Message":"Image loaded:\r\nRuleName: -\r\nUtcTime: 2020-10-18 06:17:04.820\r\nProcessGuid: {39e4a257-31aa-5f89-840f-000000000400}\r\nProcessId: 5056\r\nImage: C:\\Windows\\System32\\ApplicationFrameHost.exe\r\nImageLoaded: C:\\Windows\\System32\\FirewallAPI.dll\r\nFileVersion: 10.0.18362.900 (WinBuild.160101.0800)\r\nDescription: Windows Defender Firewall API\r\nProduct: Microsoft Windows Operating System\r\nCompany: Microsoft Corporation\r\nOriginalFileName: FirewallAPI.DLL\r\nHashes: SHA1=940A10C1A22C1A616E86B30CEB3C4A562FF19548,MD5=03DFF3218B9843EAE0AA10311F159122,SHA256=196729DF38DD674C191813371CC50AECCD85C1680F3604F15A4E1A6D3432237E,IMPHASH=F3548AA51508C0CDE208A3E49F4E3355\r\nSigned: true\r\nSignature: Microsoft Windows\r\nSignatureStatus: Valid","Hostname":"WORKSTATION5","ProcessId":"5056","Description":"Windows Defender Firewall API","Company":"Microsoft Corporation","Signed":"true","OriginalFileName":"FirewallAPI.DLL"}
{"TimeCreated":"2020-10-18 02:17:04.823","SignatureStatus":"Valid","Signature":"Microsoft Windows","Product":"Microsoft Windows Operating System","Hashes":"SHA1=FA85F040E8244A6930C6A66F4875BA2C01E7173E,MD5=0A52102F9D58E337F43D62A5A29C0434,SHA256=0E4D0AB8085E033C67A265142C6D3E165D583B13AC893DE87A3936F58BDE579B,IMPHASH=72D7A708958F3EB11ACD68D973C393B9","UtcTime":"2020-10-18 06:17:04.820","ProcessGuid":"{39e4a257-31aa-5f89-840f-000000000400}","Image":"C:\\Windows\\System32\\ApplicationFrameHost.exe","ImageLoaded":"C:\\Windows\\System32\\AppXDeploymentClient.dll","EventID":7,"Channel":"Microsoft-Windows-Sysmon/Operational","Task":"7","RuleName":"-","FileVersion":"10.0.18362.1139 (WinBuild.160101.0800)","Message":"Image loaded:\r\nRuleName: -\r\nUtcTime: 2020-10-18 06:17:04.820\r\nProcessGuid: {39e4a257-31aa-5f89-840f-000000000400}\r\nProcessId: 5056\r\nImage: C:\\Windows\\System32\\ApplicationFrameHost.exe\r\nImageLoaded: C:\\Windows\\System32\\AppXDeploymentClient.dll\r\nFileVersion: 10.0.18362.1139 (WinBuild.160101.0800)\r\nDescription: AppX Deployment Client DLL\r\nProduct: Microsoft Windows Operating System\r\nCompany: Microsoft Corporation\r\nOriginalFileName: AppXDeploymentClient.dll\r\nHashes: SHA1=FA85F040E8244A6930C6A66F4875BA2C01E7173E,MD5=0A52102F9D58E337F43D62A5A29C0434,SHA256=0E4D0AB8085E033C67A265142C6D3E165D583B13AC893DE87A3936F58BDE579B,IMPHASH=72D7A708958F3EB11ACD68D973C393B9\r\nSigned: true\r\nSignature: Microsoft Windows\r\nSignatureStatus: Valid","Hostname":"WORKSTATION5","ProcessId":"5056","Description":"AppX Deployment Client DLL","Company":"Microsoft Corporation","Signed":"true","OriginalFileName":"AppXDeploymentClient.dll"}
{"TimeCreated":"2020-10-18 02:17:04.803","UtcTime":"2020-10-18 06:17:04.789","ProcessGuid":"{39e4a257-31aa-5f89-840f-000000000400}","Image":"C:\\windows\\system32\\ApplicationFrameHost.exe","EventID":13,"Channel":"Microsoft-Windows-Sysmon/Operational","Task":"13","RuleName":"-","Message":"Registry value set:\r\nRuleName: -\r\nEventType: SetValue\r\nUtcTime: 2020-10-18 06:17:04.789\r\nProcessGuid: {39e4a257-31aa-5f89-840f-000000000400}\r\nProcessId: 5056\r\nImage: C:\\windows\\system32\\ApplicationFrameHost.exe\r\nTargetObject: HKU\\S-1-5-21-3940915590-64593676-1414006259-500_Classes\\Local Settings\\Software\\Microsoft\\Windows\\CurrentVersion\\AppModel\\SystemAppData\\Microsoft.WindowsCalculator_8wekyb3d8bbwe\\PersistedTitleBarData\\Microsoft.WindowsCalculator_8wekyb3d8bbwe!App\\AppVersion\r\nDetails: QWORD (0x000a07d8-0x00020000)","Hostname":"WORKSTATION5","Details":"QWORD (0x000a07d8-0x00020000)","ProcessId":"5056","EventType":"SetValue","TargetObject":"HKU\\S-1-5-21-3940915590-64593676-1414006259-500_Classes\\Local Settings\\Software\\Microsoft\\Windows\\CurrentVersion\\AppModel\\SystemAppData\\Microsoft.WindowsCalculator_8wekyb3d8bbwe\\PersistedTitleBarData\\Microsoft.WindowsCalculator_8wekyb3d8bbwe!App\\AppVersion"}
{"TimeCreated":"2020-10-18 02:17:04.803","UtcTime":"2020-10-18 06:17:04.789","ProcessGuid":"{39e4a257-31aa-5f89-840f-000000000400}","Image":"C:\\windows\\system32\\ApplicationFrameHost.exe","EventID":12,"Channel":"Microsoft-Windows-Sysmon/Operational","Task":"12","RuleName":"-","Message":"Registry object added or deleted:\r\nRuleName: -\r\nEventType: CreateKey\r\nUtcTime: 2020-10-18 06:17:04.789\r\nProcessGuid: {39e4a257-31aa-5f89-840f-000000000400}\r\nProcessId: 5056\r\nImage: C:\\windows\\system32\\ApplicationFrameHost.exe\r\nTargetObject: HKU\\S-1-5-21-3940915590-64593676-1414006259-500_Classes\\Local Settings\\Software\\Microsoft\\Windows\\CurrentVersion\\AppModel\\SystemAppData\\Microsoft.WindowsCalculator_8wekyb3d8bbwe\\PersistedTitleBarData\\Microsoft.WindowsCalculator_8wekyb3d8bbwe!App","Hostname":"WORKSTATION5","ProcessId":"5056","EventType":"CreateKey","TargetObject":"HKU\\S-1-5-21-3940915590-64593676-1414006259-500_Classes\\Local Settings\\Software\\Microsoft\\Windows\\CurrentVersion\\AppModel\\SystemAppData\\Microsoft.WindowsCalculator_8wekyb3d8bbwe\\PersistedTitleBarData\\Microsoft.WindowsCalculator_8wekyb3d8bbwe!App"}
{"TimeCreated":"2020-10-18 02:17:04.803","UtcTime":"2020-10-18 06:17:04.789","ProcessGuid":"{39e4a257-31aa-5f89-840f-000000000400}","Image":"C:\\windows\\system32\\ApplicationFrameHost.exe","EventID":12,"Channel":"Microsoft-Windows-Sysmon/Operational","Task":"12","RuleName":"-","Message":"Registry object added or deleted:\r\nRuleName: -\r\nEventType: CreateKey\r\nUtcTime: 2020-10-18 06:17:04.789\r\nProcessGuid: {39e4a257-31aa-5f89-840f-000000000400}\r\nProcessId: 5056\r\nImage: C:\\windows\\system32\\ApplicationFrameHost.exe\r\nTargetObject: HKU\\S-1-5-21-3940915590-64593676-1414006259-500_Classes\\Local Settings\\Software\\Microsoft\\Windows\\CurrentVersion\\AppModel\\SystemAppData\\Microsoft.WindowsCalculator_8wekyb3d8bbwe\\PersistedTitleBarData\\Microsoft.WindowsCalculator_8wekyb3d8bbwe!App","Hostname":"WORKSTATION5","ProcessId":"5056","EventType":"CreateKey","TargetObject":"HKU\\S-1-5-21-3940915590-64593676-1414006259-500_Classes\\Local Settings\\Software\\Microsoft\\Windows\\CurrentVersion\\AppModel\\SystemAppData\\Microsoft.WindowsCalculator_8wekyb3d8bbwe\\PersistedTitleBarData\\Microsoft.WindowsCalculator_8wekyb3d8bbwe!App"}
{"TimeCreated":"2020-10-18 02:17:04.803","UtcTime":"2020-10-18 06:17:04.789","ProcessGuid":"{39e4a257-f705-5f87-0100-000000000400}","Image":"System","EventID":13,"Channel":"Microsoft-Windows-Sysmon/Operational","Task":"13","RuleName":"-","Message":"Registry value set:\r\nRuleName: -\r\nEventType: SetValue\r\nUtcTime: 2020-10-18 06:17:04.789\r\nProcessGuid: {39e4a257-f705-5f87-0100-000000000400}\r\nProcessId: 4\r\nImage: System\r\nTargetObject: HKLM\\System\\CurrentControlSet\\Services\\bam\\State\\UserSettings\\S-1-5-21-3940915590-64593676-1414006259-500\\SequenceNumber\r\nDetails: DWORD (0x000000da)","Hostname":"WORKSTATION5","Details":"DWORD (0x000000da)","ProcessId":"4","EventType":"SetValue","TargetObject":"HKLM\\System\\CurrentControlSet\\Services\\bam\\State\\UserSettings\\S-1-5-21-3940915590-64593676-1414006259-500\\SequenceNumber"}
{"TimeCreated":"2020-10-18 02:17:04.803","UtcTime":"2020-10-18 06:17:04.789","ProcessGuid":"{39e4a257-f705-5f87-0100-000000000400}","Image":"System","EventID":13,"Channel":"Microsoft-Windows-Sysmon/Operational","Task":"13","RuleName":"-","Message":"Registry value set:\r\nRuleName: -\r\nEventType: SetValue\r\nUtcTime: 2020-10-18 06:17:04.789\r\nProcessGuid: {39e4a257-f705-5f87-0100-000000000400}\r\nProcessId: 4\r\nImage: System\r\nTargetObject: HKLM\\System\\CurrentControlSet\\Services\\bam\\State\\UserSettings\\S-1-5-21-3940915590-64593676-1414006259-500\\\\Device\\HarddiskVolume2\\Windows\\System32\\ApplicationFrameHost.exe\r\nDetails: Binary Data","Hostname":"WORKSTATION5","Details":"Binary Data","ProcessId":"4","EventType":"SetValue","TargetObject":"HKLM\\System\\CurrentControlSet\\Services\\bam\\State\\UserSettings\\S-1-5-21-3940915590-64593676-1414006259-500\\\\Device\\HarddiskVolume2\\Windows\\System32\\ApplicationFrameHost.exe"}
{"TimeCreated":"2020-10-18 02:17:04.803","UtcTime":"2020-10-18 06:17:04.789","ProcessGuid":"{39e4a257-f705-5f87-0100-000000000400}","Image":"System","EventID":12,"Channel":"Microsoft-Windows-Sysmon/Operational","Task":"12","RuleName":"-","Message":"Registry object added or deleted:\r\nRuleName: -\r\nEventType: CreateKey\r\nUtcTime: 2020-10-18 06:17:04.789\r\nProcessGuid: {39e4a257-f705-5f87-0100-000000000400}\r\nProcessId: 4\r\nImage: System\r\nTargetObject: HKLM\\System\\CurrentControlSet\\Services\\bam\\State\\UserSettings\\S-1-5-21-3940915590-64593676-1414006259-500","Hostname":"WORKSTATION5","ProcessId":"4","EventType":"CreateKey","TargetObject":"HKLM\\System\\CurrentControlSet\\Services\\bam\\State\\UserSettings\\S-1-5-21-3940915590-64593676-1414006259-500"}
{"TimeCreated":"2020-10-18 02:17:04.801","UtcTime":"2020-10-18 06:17:04.789","ProcessGuid":"{39e4a257-31aa-5f89-840f-000000000400}","Image":"C:\\windows\\system32\\ApplicationFrameHost.exe","EventID":12,"Channel":"Microsoft-Windows-Sysmon/Operational","Task":"12","RuleName":"-","Message":"Registry object added or deleted:\r\nRuleName: -\r\nEventType: CreateKey\r\nUtcTime: 2020-10-18 06:17:04.789\r\nProcessGuid: {39e4a257-31aa-5f89-840f-000000000400}\r\nProcessId: 5056\r\nImage: C:\\windows\\system32\\ApplicationFrameHost.exe\r\nTargetObject: HKU\\S-1-5-21-3940915590-64593676-1414006259-500_Classes\\Local Settings\\Software\\Microsoft\\Windows\\CurrentVersion\\AppModel\\SystemAppData\\Microsoft.WindowsCalculator_8wekyb3d8bbwe\\PersistedTitleBarData","Hostname":"WORKSTATION5","ProcessId":"5056","EventType":"CreateKey","TargetObject":"HKU\\S-1-5-21-3940915590-64593676-1414006259-500_Classes\\Local Settings\\Software\\Microsoft\\Windows\\CurrentVersion\\AppModel\\SystemAppData\\Microsoft.WindowsCalculator_8wekyb3d8bbwe\\PersistedTitleBarData"}
{"SourceImage":"C:\\windows\\Explorer.EXE","TimeCreated":"2020-10-18 02:17:04.801","GrantedAccess":"0x1000","SourceThreadId":"2212","CallTrace":"C:\\windows\\SYSTEM32\\ntdll.dll+9c584|C:\\windows\\System32\\KERNELBASE.dll+305fe|C:\\windows\\SYSTEM32\\TWINAPI.dll+6d4c|C:\\windows\\system32\\twinui.pcshell.dll+3b7ec|C:\\windows\\system32\\twinui.pcshell.dll+3b68e|C:\\windows\\system32\\twinui.pcshell.dll+3c0bc|C:\\windows\\system32\\twinui.pcshell.dll+48cbe|C:\\windows\\system32\\twinui.pcshell.dll+488d0|C:\\windows\\system32\\twinui.pcshell.dll+46cec|C:\\windows\\system32\\twinui.pcshell.dll+18ddd|C:\\windows\\system32\\twinui.pcshell.dll+18ad7|C:\\windows\\system32\\twinui.pcshell.dll+18fc5|C:\\windows\\system32\\twinui.pcshell.dll+71fbb|C:\\windows\\System32\\RPCRT4.dll+76a63|C:\\windows\\System32\\RPCRT4.dll+da036|C:\\windows\\System32\\RPCRT4.dll+383b9|C:\\windows\\System32\\combase.dll+a5cff|C:\\windows\\System32\\RPCRT4.dll+59bab|C:\\windows\\System32\\combase.dll+8d0e3|C:\\windows\\System32\\combase.dll+8ced3|C:\\windows\\System32\\combase.dll+a9556|C:\\windows\\System32\\combase.dll+8a4fa|C:\\windows\\System32\\combase.dll+8b1bd|C:\\windows\\System32\\combase.dll+401ac","UtcTime":"2020-10-18 06:17:04.789","TargetProcessGUID":"{39e4a257-da6e-5f8b-321b-000000000400}","SourceProcessId":"4548","EventID":10,"Channel":"Microsoft-Windows-Sysmon/Operational","Task":"10","RuleName":"-","Message":"Process accessed:\r\nRuleName: -\r\nUtcTime: 2020-10-18 06:17:04.789\r\nSourceProcessGUID: {39e4a257-1bcf-5f89-a90e-000000000400}\r\nSourceProcessId: 4548\r\nSourceThreadId: 2212\r\nSourceImage: C:\\windows\\Explorer.EXE\r\nTargetProcessGUID: {39e4a257-da6e-5f8b-321b-000000000400}\r\nTargetProcessId: 5720\r\nTargetImage: C:\\windows\\system32\\cmd.exe\r\nGrantedAccess: 0x1000\r\nCallTrace: C:\\windows\\SYSTEM32\\ntdll.dll+9c584|C:\\windows\\System32\\KERNELBASE.dll+305fe|C:\\windows\\SYSTEM32\\TWINAPI.dll+6d4c|C:\\windows\\system32\\twinui.pcshell.dll+3b7ec|C:\\windows\\system32\\twinui.pcshell.dll+3b68e|C:\\windows\\system32\\twinui.pcshell.dll+3c0bc|C:\\windows\\system32\\twinui.pcshell.dll+48cbe|C:\\windows\\system32\\twinui.pcshell.dll+488d0|C:\\windows\\system32\\twinui.pcshell.dll+46cec|C:\\windows\\system32\\twinui.pcshell.dll+18ddd|C:\\windows\\system32\\twinui.pcshell.dll+18ad7|C:\\windows\\system32\\twinui.pcshell.dll+18fc5|C:\\windows\\system32\\twinui.pcshell.dll+71fbb|C:\\windows\\System32\\RPCRT4.dll+76a63|C:\\windows\\System32\\RPCRT4.dll+da036|C:\\windows\\System32\\RPCRT4.dll+383b9|C:\\windows\\System32\\combase.dll+a5cff|C:\\windows\\System32\\RPCRT4.dll+59bab|C:\\windows\\System32\\combase.dll+8d0e3|C:\\windows\\System32\\combase.dll+8ced3|C:\\windows\\System32\\combase.dll+a9556|C:\\windows\\System32\\combase.dll+8a4fa|C:\\windows\\System32\\combase.dll+8b1bd|C:\\windows\\System32\\combase.dll+401ac","Hostname":"WORKSTATION5","TargetProcessId":"5720","TargetImage":"C:\\windows\\system32\\cmd.exe","SourceProcessGUID":"{39e4a257-1bcf-5f89-a90e-000000000400}"}
