{"TimeCreated":"2020-10-18 02:17:06.554","SignatureStatus":"Valid","Signature":"Microsoft Windows","Product":"Microsoft Windows Operating System","Hashes":"SHA1=1373042D5FD6459FAB89222D2515EE3417318FCC,MD5=4625D9EE474B1349D5F0C35E752EC25C,SHA256=A073FFC08A2211103521D0031525C969205A7C44770ABFBE2DA617FA06CB278C,IMPHASH=C23F9FB9BA9C6CE0AC794C5B4203EFF8","UtcTime":"2020-10-18 06:17:06.539","ProcessGuid":"{39e4a257-dde2-5f8b-531b-000000000400}","Image":"C:\\Windows\\System32\\RuntimeBroker.exe","ImageLoaded":"C:\\Windows\\System32\\dsreg.dll","EventID":7,"Channel":"Microsoft-Windows-Sysmon/Operational","Task":"7","RuleName":"-","FileVersion":"10.0.18362.815 (WinBuild.160101.0800)","Message":"Image loaded:\r\nRuleName: -\r\nUtcTime: 2020-10-18 06:17:06.539\r\nProcessGuid: {39e4a257-dde2-5f8b-531b-000000000400}\r\nProcessId: 2760\r\nImage: C:\\Windows\\System32\\RuntimeBroker.exe\r\nImageLoaded: C:\\Windows\\System32\\dsreg.dll\r\nFileVersion: 10.0.18362.815 (WinBuild.160101.0800)\r\nDescription: AD/AAD User Device Registration\r\nProduct: Microsoft Windows Operating System\r\nCompany: Microsoft Corporation\r\nOriginalFileName: dsreg.dll\r\nHashes: SHA1=1373042D5FD6459FAB89222D2515EE3417318FCC,MD5=4625D9EE474B1349D5F0C35E752EC25C,SHA256=A073FFC08A2211103521D0031525C969205A7C44770ABFBE2DA617FA06CB278C,IMPHASH=C23F9FB9BA9C6CE0AC794C5B4203EFF8\r\nSigned: true\r\nSignature: Microsoft Windows\r\nSignatureStatus: Valid","Hostname":"WORKSTATION5","ProcessId":"2760","Description":"AD/AAD User Device Registration","Company":"Microsoft Corporation","Signed":"true","OriginalFileName":"dsreg.dll"}
{"TimeCreated":"2020-10-18 02:17:06.543","SignatureStatus":"Valid","Signature":"Microsoft Windows","Product":"Microsoft Windows Operating System","Hashes":"SHA1=F1F2A398A07419B588494558430A141884AD66EF,MD5=23D95BFDCD23EC6AFFF7E4B0703CE464,SHA256=18DE438E2C068383700C5A87423B70B251302F0D5107F331BC7EDE5097504907,IMPHASH=F79599CA729D557E0381EC0A41471A27","UtcTime":"2020-10-18 06:17:06.539","ProcessGuid":"{39e4a257-dde2-5f8b-531b-000000000400}","Image":"C:\\Windows\\System32\\RuntimeBroker.exe","ImageLoaded":"C:\\Windows\\System32\\msasn1.dll","EventID":7,"Channel":"Microsoft-Windows-Sysmon/Operational","Task":"7","RuleName":"-","FileVersion":"10.0.18362.1 (WinBuild.160101.0800)","Message":"Image loaded:\r\nRuleName: -\r\nUtcTime: 2020-10-18 06:17:06.539\r\nProcessGuid: {39e4a257-dde2-5f8b-531b-000000000400}\r\nProcessId: 2760\r\nImage: C:\\Windows\\System32\\RuntimeBroker.exe\r\nImageLoaded: C:\\Windows\\System32\\msasn1.dll\r\nFileVersion: 10.0.18362.1 (WinBuild.160101.0800)\r\nDescription: ASN.1 Runtime APIs\r\nProduct: Microsoft Windows Operating System\r\nCompany: Microsoft Corporation\r\nOriginalFileName: msasn1.dll\r\nHashes: SHA1=F1F2A398A07419B588494558430A141884AD66EF,MD5=23D95BFDCD23EC6AFFF7E4B0703CE464,SHA256=18DE438E2C068383700C5A87423B70B251302F0D5107F331BC7EDE5097504907,IMPHASH=F79599CA729D557E0381EC0A41471A27\r\nSigned: true\r\nSignature: Microsoft Windows\r\nSignatureStatus: Valid","Hostname":"WORKSTATION5","ProcessId":"2760","Description":"ASN.1 Runtime APIs","Company":"Microsoft Corporation","Signed":"true","OriginalFileName":"msasn1.dll"}
{"TimeCreated":"2020-10-18 02:17:06.543","SignatureStatus":"Valid","Signature":"Microsoft Windows","Product":"Microsoft Windows Operating System","Hashes":"SHA1=7A9DD389B0E3C124D4BFE5C1FF15F9A93285514F,MD5=1676DE3980DF1D78E14B172989916570,SHA256=E832E3A58B542E15A169B1545CE82451ACE19BD361FD81764383048528F9B540,IMPHASH=F523F043ACCD8EF1D89F5FD34B5CBBA6","UtcTime":"2020-10-18 06:17:06.539","ProcessGuid":"{39e4a257-dde2-5f8b-531b-000000000400}","Image":"C:\\Windows\\System32\\RuntimeBroker.exe","ImageLoaded":"C:\\Windows\\System32\\crypt32.dll","EventID":7,"Channel":"Microsoft-Windows-Sysmon/Operational","Task":"7","RuleName":"-","FileVersion":"10.0.18362.592 (WinBuild.160101.0800)","Message":"Image loaded:\r\nRuleName: -\r\nUtcTime: 2020-10-18 06:17:06.539\r\nProcessGuid: {39e4a257-dde2-5f8b-531b-000000000400}\r\nProcessId: 2760\r\nImage: C:\\Windows\\System32\\RuntimeBroker.exe\r\nImageLoaded: C:\\Windows\\System32\\crypt32.dll\r\nFileVersion: 10.0.18362.592 (WinBuild.160101.0800)\r\nDescription: Crypto API32\r\nProduct: Microsoft Windows Operating System\r\nCompany: Microsoft Corporation\r\nOriginalFileName: CRYPT32.DLL\r\nHashes: SHA1=7A9DD389B0E3C124D4BFE5C1FF15F9A93285514F,MD5=1676DE3980DF1D78E14B172989916570,SHA256=E832E3A58B542E15A169B1545CE82451ACE19BD361FD81764383048528F9B540,IMPHASH=F523F043ACCD8EF1D89F5FD34B5CBBA6\r\nSigned: true\r\nSignature: Microsoft Windows\r\nSignatureStatus: Valid","Hostname":"WORKSTATION5","ProcessId":"2760","Description":"Crypto API32","Company":"Microsoft Corporation","Signed":"true","OriginalFileName":"CRYPT32.DLL"}
{"TimeCreated":"2020-10-18 02:17:06.543","SignatureStatus":"Valid","Signature":"Microsoft Windows","Product":"Microsoft Windows Operating System","Hashes":"SHA1=D8E356490DC91435F8150AF7724C2D78E7595D69,MD5=0F56E1C652207D1105CFF1C604FD1E36,SHA256=A92D8857A9370DAE5E710DB3C64E0A20E533CDFA185DDF253C1DF3BA215E1F84,IMPHASH=07B9A9716D48041A7318C56FE72EB020","UtcTime":"2020-10-18 06:17:06.539","ProcessGuid":"{39e4a257-dde2-5f8b-531b-000000000400}","Image":"C:\\Windows\\System32\\RuntimeBroker.exe","ImageLoaded":"C:\\Windows\\System32\\cdp.dll","EventID":7,"Channel":"Microsoft-Windows-Sysmon/Operational","Task":"7","RuleName":"-","FileVersion":"10.0.18362.1110 (WinBuild.160101.0800)","Message":"Image loaded:\r\nRuleName: -\r\nUtcTime: 2020-10-18 06:17:06.539\r\nProcessGuid: {39e4a257-dde2-5f8b-531b-000000000400}\r\nProcessId: 2760\r\nImage: C:\\Windows\\System32\\RuntimeBroker.exe\r\nImageLoaded: C:\\Windows\\System32\\cdp.dll\r\nFileVersion: 10.0.18362.1110 (WinBuild.160101.0800)\r\nDescription: Microsoft (R) CDP Client API\r\nProduct: Microsoft Windows Operating System\r\nCompany: Microsoft Corporation\r\nOriginalFileName: CDP.dll\r\nHashes: SHA1=D8E356490DC91435F8150AF7724C2D78E7595D69,MD5=0F56E1C652207D1105CFF1C604FD1E36,SHA256=A92D8857A9370DAE5E710DB3C64E0A20E533CDFA185DDF253C1DF3BA215E1F84,IMPHASH=07B9A9716D48041A7318C56FE72EB020\r\nSigned: true\r\nSignature: Microsoft Windows\r\nSignatureStatus: Valid","Hostname":"WORKSTATION5","ProcessId":"2760","Description":"Microsoft (R) CDP Client API","Company":"Microsoft Corporation","Signed":"true","OriginalFileName":"CDP.dll"}
{"TimeCreated":"2020-10-18 02:17:06.542","SignatureStatus":"Valid","Signature":"Microsoft Windows","Product":"Microsoft Windows Operating System","Hashes":"SHA1=FD7E2F24B4BB36326C8B2C42E5B5B3AD5E79305D,MD5=45652A5FE5B678CFDB86A147EA55D4D7,SHA256=E1AED0C7A22B22D9B7E83CCE1B59BB6C4EAB4831AAFDD955B6F67839F95764B3,IMPHASH=DD5BD49440D5569A1B2EA5238CB1F990","UtcTime":"2020-10-18 06:17:06.539","ProcessGuid":"{39e4a257-dde2-5f8b-531b-000000000400}","Image":"C:\\Windows\\System32\\RuntimeBroker.exe","ImageLoaded":"C:\\Windows\\System32\\TaskFlowDataEngine.dll","EventID":7,"Channel":"Microsoft-Windows-Sysmon/Operational","Task":"7","RuleName":"-","FileVersion":"10.0.18362.959 (WinBuild.160101.0800)","Message":"Image loaded:\r\nRuleName: -\r\nUtcTime: 2020-10-18 06:17:06.539\r\nProcessGuid: {39e4a257-dde2-5f8b-531b-000000000400}\r\nProcessId: 2760\r\nImage: C:\\Windows\\System32\\RuntimeBroker.exe\r\nImageLoaded: C:\\Windows\\System32\\TaskFlowDataEngine.dll\r\nFileVersion: 10.0.18362.959 (WinBuild.160101.0800)\r\nDescription: Task Flow Data Engine DLL\r\nProduct: Microsoft Windows Operating System\r\nCompany: Microsoft Corporation\r\nOriginalFileName: TaskFlowDataEngine.dll\r\nHashes: SHA1=FD7E2F24B4BB36326C8B2C42E5B5B3AD5E79305D,MD5=45652A5FE5B678CFDB86A147EA55D4D7,SHA256=E1AED0C7A22B22D9B7E83CCE1B59BB6C4EAB4831AAFDD955B6F67839F95764B3,IMPHASH=DD5BD49440D5569A1B2EA5238CB1F990\r\nSigned: true\r\nSignature: Microsoft Windows\r\nSignatureStatus: Valid","Hostname":"WORKSTATION5","ProcessId":"2760","Description":"Task Flow Data Engine DLL","Company":"Microsoft Corporation","Signed":"true","OriginalFileName":"TaskFlowDataEngine.dll"}
{"TimeCreated":"2020-10-18 02:17:06.520","IsExecutable":"false","Hashes":"SHA1=7778047A5D7B6975A4F9D4FE1B2A84C5FB40ED88,MD5=34205DD927657F9762910DF8A95C7CA3,SHA256=A4323312CC72EA1279946BFC50D467C83CA234626254C9C66AA1EDFC9862E724,IMPHASH=00000000000000000000000000000000","TargetFilename":"C:\\Users\\wardog\\AppData\\Roaming\\Microsoft\\Windows\\Recent\\CustomDestinations\\ff99ba2fb2e34b73.customDestinations-ms~RFf3dd65c.TMP","UtcTime":"2020-10-18 06:17:06.507","ProcessGuid":"{39e4a257-dde2-5f8b-531b-000000000400}","Image":"C:\\Windows\\System32\\RuntimeBroker.exe","EventID":23,"Channel":"Microsoft-Windows-Sysmon/Operational","User":"WORKSTATION5\\wardog","RuleName":"-","Message":"File Delete:\r\nRuleName: -\r\nUtcTime: 2020-10-18 06:17:06.507\r\nProcessGuid: {39e4a257-dde2-5f8b-531b-000000000400}\r\nProcessId: 2760\r\nUser: WORKSTATION5\\wardog\r\nImage: C:\\Windows\\System32\\RuntimeBroker.exe\r\nTargetFilename: C:\\Users\\wardog\\AppData\\Roaming\\Microsoft\\Windows\\Recent\\CustomDestinations\\ff99ba2fb2e34b73.customDestinations-ms~RFf3dd65c.TMP\r\nHashes: SHA1=7778047A5D7B6975A4F9D4FE1B2A84C5FB40ED88,MD5=34205DD927657F9762910DF8A95C7CA3,SHA256=A4323312CC72EA1279946BFC50D467C83CA234626254C9C66AA1EDFC9862E724,IMPHASH=00000000000000000000000000000000\r\nIsExecutable: false\r\nArchived: true","Hostname":"WORKSTATION5","Task":"23","ProcessId":"2760","Archived":"true"}
{"TimeCreated":"2020-10-18 02:17:06.519","TargetFilename":"C:\\Users\\wardog\\AppData\\Roaming\\Microsoft\\Windows\\Recent\\CustomDestinations\\ff99ba2fb2e34b73.customDestinations-ms~RFf3dd65c.TMP","UtcTime":"2020-10-18 06:17:06.507","ProcessGuid":"{39e4a257-dde2-5f8b-531b-000000000400}","Image":"C:\\Windows\\System32\\RuntimeBroker.exe","CreationUtcTime":"2020-10-18 06:17:06.507","EventID":11,"Channel":"Microsoft-Windows-Sysmon/Operational","Task":"11","RuleName":"-","Message":"File created:\r\nRuleName: -\r\nUtcTime: 2020-10-18 06:17:06.507\r\nProcessGuid: {39e4a257-dde2-5f8b-531b-000000000400}\r\nProcessId: 2760\r\nImage: C:\\Windows\\System32\\RuntimeBroker.exe\r\nTargetFilename: C:\\Users\\wardog\\AppData\\Roaming\\Microsoft\\Windows\\Recent\\CustomDestinations\\ff99ba2fb2e34b73.customDestinations-ms~RFf3dd65c.TMP\r\nCreationUtcTime: 2020-10-18 06:17:06.507","Hostname":"WORKSTATION5","ProcessId":"2760"}
{"TimeCreated":"2020-10-18 02:17:06.518","SignatureStatus":"Valid","Signature":"Microsoft Windows","Product":"Microsoft Windows Operating System","Hashes":"SHA1=5C986A06C21B5CDCFD799E3B5CA475CE2AFF6058,MD5=435009D1DDC0365BFA34B8C8D3F85286,SHA256=2F94628F056FE65EA81351E134E59ECE813FEC5E8400C12D6DFA49DEFD126D01,IMPHASH=B0E49176FB29AC2D0ABB840B4C490D21","UtcTime":"2020-10-18 06:17:06.507","ProcessGuid":"{39e4a257-dde2-5f8b-531b-000000000400}","Image":"C:\\Windows\\System32\\RuntimeBroker.exe","ImageLoaded":"C:\\Windows\\System32\\ntmarta.dll","EventID":7,"Channel":"Microsoft-Windows-Sysmon/Operational","Task":"7","RuleName":"-","FileVersion":"10.0.18362.1 (WinBuild.160101.0800)","Message":"Image loaded:\r\nRuleName: -\r\nUtcTime: 2020-10-18 06:17:06.507\r\nProcessGuid: {39e4a257-dde2-5f8b-531b-000000000400}\r\nProcessId: 2760\r\nImage: C:\\Windows\\System32\\RuntimeBroker.exe\r\nImageLoaded: C:\\Windows\\System32\\ntmarta.dll\r\nFileVersion: 10.0.18362.1 (WinBuild.160101.0800)\r\nDescription: Windows NT MARTA provider\r\nProduct: Microsoft Windows Operating System\r\nCompany: Microsoft Corporation\r\nOriginalFileName: ntmarta.dll\r\nHashes: SHA1=5C986A06C21B5CDCFD799E3B5CA475CE2AFF6058,MD5=435009D1DDC0365BFA34B8C8D3F85286,SHA256=2F94628F056FE65EA81351E134E59ECE813FEC5E8400C12D6DFA49DEFD126D01,IMPHASH=B0E49176FB29AC2D0ABB840B4C490D21\r\nSigned: true\r\nSignature: Microsoft Windows\r\nSignatureStatus: Valid","Hostname":"WORKSTATION5","ProcessId":"2760","Description":"Windows NT MARTA provider","Company":"Microsoft Corporation","Signed":"true","OriginalFileName":"ntmarta.dll"}
{"TimeCreated":"2020-10-18 02:17:06.517","PreviousCreationUtcTime":"2020-10-18 06:17:06.492","TargetFilename":"C:\\Users\\wardog\\AppData\\Roaming\\Microsoft\\Windows\\Recent\\CustomDestinations\\60H5S29APR8EKJ8W6PZQ.temp","UtcTime":"2020-10-18 06:17:06.507","ProcessGuid":"{39e4a257-dde2-5f8b-531b-000000000400}","Image":"C:\\Windows\\System32\\RuntimeBroker.exe","CreationUtcTime":"2020-10-17 10:00:19.074","EventID":2,"Channel":"Microsoft-Windows-Sysmon/Operational","Task":"2","RuleName":"-","Message":"File creation time changed:\r\nRuleName: -\r\nUtcTime: 2020-10-18 06:17:06.507\r\nProcessGuid: {39e4a257-dde2-5f8b-531b-000000000400}\r\nProcessId: 2760\r\nImage: C:\\Windows\\System32\\RuntimeBroker.exe\r\nTargetFilename: C:\\Users\\wardog\\AppData\\Roaming\\Microsoft\\Windows\\Recent\\CustomDestinations\\60H5S29APR8EKJ8W6PZQ.temp\r\nCreationUtcTime: 2020-10-17 10:00:19.074\r\nPreviousCreationUtcTime: 2020-10-18 06:17:06.492","Hostname":"WORKSTATION5","ProcessId":"2760"}
{"TimeCreated":"2020-10-18 02:17:06.511","SignatureStatus":"Valid","Signature":"Microsoft Windows","Product":"Internet Explorer","Hashes":"SHA1=0CB5F095246A71A1EA43BDA79913A7FEF1BFC0F3,MD5=4366B745BB95EA955EBFDAB02762A781,SHA256=1B15BADDFA5C45446413E9297E9D98134E5E61AFA454C4B82DE911B1518C69CA,IMPHASH=8A91E12AED8A0B282C3E51CA39DEC3F4","UtcTime":"2020-10-18 06:17:06.445","ProcessGuid":"{39e4a257-dde2-5f8b-531b-000000000400}","Image":"C:\\Windows\\System32\\RuntimeBroker.exe","ImageLoaded":"C:\\Windows\\System32\\iertutil.dll","EventID":7,"Channel":"Microsoft-Windows-Sysmon/Operational","Task":"7","RuleName":"-","FileVersion":"11.00.18362.1110 (WinBuild.160101.0800)","Message":"Image loaded:\r\nRuleName: -\r\nUtcTime: 2020-10-18 06:17:06.445\r\nProcessGuid: {39e4a257-dde2-5f8b-531b-000000000400}\r\nProcessId: 2760\r\nImage: C:\\Windows\\System32\\RuntimeBroker.exe\r\nImageLoaded: C:\\Windows\\System32\\iertutil.dll\r\nFileVersion: 11.00.18362.1110 (WinBuild.160101.0800)\r\nDescription: Run time utility for Internet Explorer\r\nProduct: Internet Explorer\r\nCompany: Microsoft Corporation\r\nOriginalFileName: IeRtUtil.dll\r\nHashes: SHA1=0CB5F095246A71A1EA43BDA79913A7FEF1BFC0F3,MD5=4366B745BB95EA955EBFDAB02762A781,SHA256=1B15BADDFA5C45446413E9297E9D98134E5E61AFA454C4B82DE911B1518C69CA,IMPHASH=8A91E12AED8A0B282C3E51CA39DEC3F4\r\nSigned: true\r\nSignature: Microsoft Windows\r\nSignatureStatus: Valid","Hostname":"WORKSTATION5","ProcessId":"2760","Description":"Run time utility for Internet Explorer","Company":"Microsoft Corporation","Signed":"true","OriginalFileName":"IeRtUtil.dll"}
{"TimeCreated":"2020-10-18 02:17:06.505","TargetFilename":"C:\\Users\\wardog\\AppData\\Roaming\\Microsoft\\Windows\\Recent\\CustomDestinations\\60H5S29APR8EKJ8W6PZQ.temp","UtcTime":"2020-10-18 06:17:06.492","ProcessGuid":"{39e4a257-dde2-5f8b-531b-000000000400}","Image":"C:\\Windows\\System32\\RuntimeBroker.exe","CreationUtcTime":"2020-10-18 06:17:06.492","EventID":11,"Channel":"Microsoft-Windows-Sysmon/Operational","Task":"11","RuleName":"-","Message":"File created:\r\nRuleName: -\r\nUtcTime: 2020-10-18 06:17:06.492\r\nProcessGuid: {39e4a257-dde2-5f8b-531b-000000000400}\r\nProcessId: 2760\r\nImage: C:\\Windows\\System32\\RuntimeBroker.exe\r\nTargetFilename: C:\\Users\\wardog\\AppData\\Roaming\\Microsoft\\Windows\\Recent\\CustomDestinations\\60H5S29APR8EKJ8W6PZQ.temp\r\nCreationUtcTime: 2020-10-18 06:17:06.492","Hostname":"WORKSTATION5","ProcessId":"2760"}
{"TimeCreated":"2020-10-18 02:17:06.505","SignatureStatus":"Valid","Signature":"Microsoft Windows","Product":"Microsoft Windows Operating System","Hashes":"SHA1=421C35E0949143DE72C8F98776565D24815AD47E,MD5=F46778029BE7D755EBDCDF048EA62A4B,SHA256=907A4D1D405283AD24BBA1F9A763C5118A33574F3E0EC7FC543F65B24CC0A748,IMPHASH=E5649DCD6FA9472DB9A89CCD123913C0","UtcTime":"2020-10-18 06:17:06.492","ProcessGuid":"{39e4a257-dde2-5f8b-531b-000000000400}","Image":"C:\\Windows\\System32\\RuntimeBroker.exe","ImageLoaded":"C:\\Windows\\System32\\bcrypt.dll","EventID":7,"Channel":"Microsoft-Windows-Sysmon/Operational","Task":"7","RuleName":"-","FileVersion":"10.0.18362.267 (WinBuild.160101.0800)","Message":"Image loaded:\r\nRuleName: -\r\nUtcTime: 2020-10-18 06:17:06.492\r\nProcessGuid: {39e4a257-dde2-5f8b-531b-000000000400}\r\nProcessId: 2760\r\nImage: C:\\Windows\\System32\\RuntimeBroker.exe\r\nImageLoaded: C:\\Windows\\System32\\bcrypt.dll\r\nFileVersion: 10.0.18362.267 (WinBuild.160101.0800)\r\nDescription: Windows Cryptographic Primitives Library\r\nProduct: Microsoft Windows Operating System\r\nCompany: Microsoft Corporation\r\nOriginalFileName: bcrypt.dll\r\nHashes: SHA1=421C35E0949143DE72C8F98776565D24815AD47E,MD5=F46778029BE7D755EBDCDF048EA62A4B,SHA256=907A4D1D405283AD24BBA1F9A763C5118A33574F3E0EC7FC543F65B24CC0A748,IMPHASH=E5649DCD6FA9472DB9A89CCD123913C0\r\nSigned: true\r\nSignature: Microsoft Windows\r\nSignatureStatus: Valid","Hostname":"WORKSTATION5","ProcessId":"2760","Description":"Windows Cryptographic Primitives Library","Company":"Microsoft Corporation","Signed":"true","OriginalFileName":"bcrypt.dll"}
{"TimeCreated":"2020-10-18 02:17:06.503","SignatureStatus":"Valid","Signature":"Microsoft Windows","Product":"Microsoft Windows Operating System","Hashes":"SHA1=1E81F9246CEEF88F4361792EC1F93D74D9C7B1F0,MD5=2661AB2C26F6FD9E3A868C58D408297E,SHA256=3DC331F24BBD33EA0712C3ED7AFC41956F1409360EF88CBDCF0C2E288AEDB1E6,IMPHASH=92380460EFEFA520CA5B66A4164F2053","UtcTime":"2020-10-18 06:17:06.492","ProcessGuid":"{39e4a257-dde2-5f8b-531b-000000000400}","Image":"C:\\Windows\\System32\\RuntimeBroker.exe","ImageLoaded":"C:\\Windows\\System32\\msvcp110_win.dll","EventID":7,"Channel":"Microsoft-Windows-Sysmon/Operational","Task":"7","RuleName":"-","FileVersion":"10.0.18362.1 (WinBuild.160101.0800)","Message":"Image loaded:\r\nRuleName: -\r\nUtcTime: 2020-10-18 06:17:06.492\r\nProcessGuid: {39e4a257-dde2-5f8b-531b-000000000400}\r\nProcessId: 2760\r\nImage: C:\\Windows\\System32\\RuntimeBroker.exe\r\nImageLoaded: C:\\Windows\\System32\\msvcp110_win.dll\r\nFileVersion: 10.0.18362.1 (WinBuild.160101.0800)\r\nDescription: Microsoft STL110 C++ Runtime Library\r\nProduct: Microsoft Windows Operating System\r\nCompany: Microsoft Corporation\r\nOriginalFileName: msvcp110_win.dll\r\nHashes: SHA1=1E81F9246CEEF88F4361792EC1F93D74D9C7B1F0,MD5=2661AB2C26F6FD9E3A868C58D408297E,SHA256=3DC331F24BBD33EA0712C3ED7AFC41956F1409360EF88CBDCF0C2E288AEDB1E6,IMPHASH=92380460EFEFA520CA5B66A4164F2053\r\nSigned: true\r\nSignature: Microsoft Windows\r\nSignatureStatus: Valid","Hostname":"WORKSTATION5","ProcessId":"2760","Description":"Microsoft STL110 C++ Runtime Library","Company":"Microsoft Corporation","Signed":"true","OriginalFileName":"msvcp110_win.dll"}
{"TimeCreated":"2020-10-18 02:17:06.502","SignatureStatus":"Valid","Signature":"Microsoft Windows","Product":"Microsoft Windows Operating System","Hashes":"SHA1=946D1E4B3EF5914C0B73FB78065AA19233CCC433,MD5=6C371598EB8C75E0C4CF46D7031E392E,SHA256=523A7CAA09C74C4BFE7AE2857D5E2F1022158899A5B242E99D35B88D9328F390,IMPHASH=E6F5F4C645B5AD825F2D89D8BCC0ACFD","UtcTime":"2020-10-18 06:17:06.492","ProcessGuid":"{39e4a257-dde2-5f8b-531b-000000000400}","Image":"C:\\Windows\\System32\\RuntimeBroker.exe","ImageLoaded":"C:\\Windows\\System32\\policymanager.dll","EventID":7,"Channel":"Microsoft-Windows-Sysmon/Operational","Task":"7","RuleName":"-","FileVersion":"10.0.18362.1139 (WinBuild.160101.0800)","Message":"Image loaded:\r\nRuleName: -\r\nUtcTime: 2020-10-18 06:17:06.492\r\nProcessGuid: {39e4a257-dde2-5f8b-531b-000000000400}\r\nProcessId: 2760\r\nImage: C:\\Windows\\System32\\RuntimeBroker.exe\r\nImageLoaded: C:\\Windows\\System32\\policymanager.dll\r\nFileVersion: 10.0.18362.1139 (WinBuild.160101.0800)\r\nDescription: Policy Manager DLL\r\nProduct: Microsoft Windows Operating System\r\nCompany: Microsoft Corporation\r\nOriginalFileName: PolicyManager.dll\r\nHashes: SHA1=946D1E4B3EF5914C0B73FB78065AA19233CCC433,MD5=6C371598EB8C75E0C4CF46D7031E392E,SHA256=523A7CAA09C74C4BFE7AE2857D5E2F1022158899A5B242E99D35B88D9328F390,IMPHASH=E6F5F4C645B5AD825F2D89D8BCC0ACFD\r\nSigned: true\r\nSignature: Microsoft Windows\r\nSignatureStatus: Valid","Hostname":"WORKSTATION5","ProcessId":"2760","Description":"Policy Manager DLL","Company":"Microsoft Corporation","Signed":"true","OriginalFileName":"PolicyManager.dll"}
{"TimeCreated":"2020-10-18 02:17:06.480","SignatureStatus":"Valid","Signature":"Microsoft Windows","Product":"Microsoft Windows Operating System","Hashes":"SHA1=870F4150AF0FA7BE2478A317E603BC355D623C01,MD5=37B2BCAFF03971D5012BF4EEA367FE4E,SHA256=1D31786E5F23E9C0791EA626B10B0F8250E377000C6668F4141EAD6302A46C5A,IMPHASH=A39887077F3ADC1F3BE7B73D8983927E","UtcTime":"2020-10-18 06:17:06.445","ProcessGuid":"{39e4a257-dde2-5f8b-531b-000000000400}","Image":"C:\\Windows\\System32\\RuntimeBroker.exe","ImageLoaded":"C:\\Windows\\System32\\Windows.StateRepositoryPS.dll","EventID":7,"Channel":"Microsoft-Windows-Sysmon/Operational","Task":"7","RuleName":"-","FileVersion":"10.0.18362.1082 (WinBuild.160101.0800)","Message":"Image loaded:\r\nRuleName: -\r\nUtcTime: 2020-10-18 06:17:06.445\r\nProcessGuid: {39e4a257-dde2-5f8b-531b-000000000400}\r\nProcessId: 2760\r\nImage: C:\\Windows\\System32\\RuntimeBroker.exe\r\nImageLoaded: C:\\Windows\\System32\\Windows.StateRepositoryPS.dll\r\nFileVersion: 10.0.18362.1082 (WinBuild.160101.0800)\r\nDescription: Windows StateRepository Proxy/Stub Server\r\nProduct: Microsoft Windows Operating System\r\nCompany: Microsoft Corporation\r\nOriginalFileName: Windows.StateRepositoryPS.dll\r\nHashes: SHA1=870F4150AF0FA7BE2478A317E603BC355D623C01,MD5=37B2BCAFF03971D5012BF4EEA367FE4E,SHA256=1D31786E5F23E9C0791EA626B10B0F8250E377000C6668F4141EAD6302A46C5A,IMPHASH=A39887077F3ADC1F3BE7B73D8983927E\r\nSigned: true\r\nSignature: Microsoft Windows\r\nSignatureStatus: Valid","Hostname":"WORKSTATION5","ProcessId":"2760","Description":"Windows StateRepository Proxy/Stub Server","Company":"Microsoft Corporation","Signed":"true","OriginalFileName":"Windows.StateRepositoryPS.dll"}
{"TimeCreated":"2020-10-18 02:17:06.479","SignatureStatus":"Valid","Signature":"Microsoft Windows","Product":"Microsoft Windows Operating System","Hashes":"SHA1=C7BA959197D19EC7C8F7707B0D8BBE77E80A9DBE,MD5=D3BAA65CBCA982E5835AE33C2C7513E9,SHA256=56D18A442AD599B04C29D98AB9E2A1983959FB74AB27D4392667A975310754E8,IMPHASH=C908A257ACFAF3BDE15426EE5244D1EB","UtcTime":"2020-10-18 06:17:06.460","ProcessGuid":"{39e4a257-dde0-5f8b-511b-000000000400}","Image":"C:\\Program Files\\WindowsApps\\Microsoft.WindowsCalculator_10.2008.2.0_x64__8wekyb3d8bbwe\\Calculator.exe","ImageLoaded":"C:\\Windows\\System32\\ole32.dll","EventID":7,"Channel":"Microsoft-Windows-Sysmon/Operational","Task":"7","RuleName":"-","FileVersion":"10.0.18362.1082 (WinBuild.160101.0800)","Message":"Image loaded:\r\nRuleName: -\r\nUtcTime: 2020-10-18 06:17:06.460\r\nProcessGuid: {39e4a257-dde0-5f8b-511b-000000000400}\r\nProcessId: 8452\r\nImage: C:\\Program Files\\WindowsApps\\Microsoft.WindowsCalculator_10.2008.2.0_x64__8wekyb3d8bbwe\\Calculator.exe\r\nImageLoaded: C:\\Windows\\System32\\ole32.dll\r\nFileVersion: 10.0.18362.1082 (WinBuild.160101.0800)\r\nDescription: Microsoft OLE for Windows\r\nProduct: Microsoft Windows Operating System\r\nCompany: Microsoft Corporation\r\nOriginalFileName: OLE32.DLL\r\nHashes: SHA1=C7BA959197D19EC7C8F7707B0D8BBE77E80A9DBE,MD5=D3BAA65CBCA982E5835AE33C2C7513E9,SHA256=56D18A442AD599B04C29D98AB9E2A1983959FB74AB27D4392667A975310754E8,IMPHASH=C908A257ACFAF3BDE15426EE5244D1EB\r\nSigned: true\r\nSignature: Microsoft Windows\r\nSignatureStatus: Valid","Hostname":"WORKSTATION5","ProcessId":"8452","Description":"Microsoft OLE for Windows","Company":"Microsoft Corporation","Signed":"true","OriginalFileName":"OLE32.DLL"}
{"TimeCreated":"2020-10-18 02:17:06.475","SignatureStatus":"Valid","Signature":"Microsoft Windows","Product":"Microsoft Windows Operating System","Hashes":"SHA1=C49B12D6EC14D11FDEE27D1E5B37910345833EA9,MD5=6910C1C465EF83CC0E95B7C597E1A102,SHA256=4E4588D8A960B26983B9C2CDFE698C0B88B6B1F46705CDEA019E34A8E5BBB3E7,IMPHASH=2507420447788ABD83D0C82C46B1FDD1","UtcTime":"2020-10-18 06:17:06.445","ProcessGuid":"{39e4a257-dde0-5f8b-511b-000000000400}","Image":"C:\\Program Files\\WindowsApps\\Microsoft.WindowsCalculator_10.2008.2.0_x64__8wekyb3d8bbwe\\Calculator.exe","ImageLoaded":"C:\\Windows\\System32\\Windows.Web.dll","EventID":7,"Channel":"Microsoft-Windows-Sysmon/Operational","Task":"7","RuleName":"-","FileVersion":"10.0.18362.836 (WinBuild.160101.0800)","Message":"Image loaded:\r\nRuleName: -\r\nUtcTime: 2020-10-18 06:17:06.445\r\nProcessGuid: {39e4a257-dde0-5f8b-511b-000000000400}\r\nProcessId: 8452\r\nImage: C:\\Program Files\\WindowsApps\\Microsoft.WindowsCalculator_10.2008.2.0_x64__8wekyb3d8bbwe\\Calculator.exe\r\nImageLoaded: C:\\Windows\\System32\\Windows.Web.dll\r\nFileVersion: 10.0.18362.836 (WinBuild.160101.0800)\r\nDescription: Web Client DLL\r\nProduct: Microsoft Windows Operating System\r\nCompany: Microsoft Corporation\r\nOriginalFileName: Windows.Web.dll\r\nHashes: SHA1=C49B12D6EC14D11FDEE27D1E5B37910345833EA9,MD5=6910C1C465EF83CC0E95B7C597E1A102,SHA256=4E4588D8A960B26983B9C2CDFE698C0B88B6B1F46705CDEA019E34A8E5BBB3E7,IMPHASH=2507420447788ABD83D0C82C46B1FDD1\r\nSigned: true\r\nSignature: Microsoft Windows\r\nSignatureStatus: Valid","Hostname":"WORKSTATION5","ProcessId":"8452","Description":"Web Client DLL","Company":"Microsoft Corporation","Signed":"true","OriginalFileName":"Windows.Web.dll"}
{"TimeCreated":"2020-10-18 02:17:06.466","SignatureStatus":"Valid","Signature":"Microsoft Windows","Product":"Microsoft Windows Operating System","Hashes":"SHA1=FA3A718BEED81C7084675E250ADC305677A6B5E4,MD5=3A99A40872AF3B87406CC57DBDF53748,SHA256=96A1DB38C74A81FBA4C4AB29020551364FD1ADA3B6FED789D193C787E757979D,IMPHASH=4B4464C7677B6F07342800F4CF0BA273","UtcTime":"2020-10-18 06:17:06.382","ProcessGuid":"{39e4a257-dde2-5f8b-531b-000000000400}","Image":"C:\\Windows\\System32\\RuntimeBroker.exe","ImageLoaded":"C:\\Windows\\System32\\cfgmgr32.dll","EventID":7,"Channel":"Microsoft-Windows-Sysmon/Operational","Task":"7","RuleName":"-","FileVersion":"10.0.18362.387 (WinBuild.160101.0800)","Message":"Image loaded:\r\nRuleName: -\r\nUtcTime: 2020-10-18 06:17:06.382\r\nProcessGuid: {39e4a257-dde2-5f8b-531b-000000000400}\r\nProcessId: 2760\r\nImage: C:\\Windows\\System32\\RuntimeBroker.exe\r\nImageLoaded: C:\\Windows\\System32\\cfgmgr32.dll\r\nFileVersion: 10.0.18362.387 (WinBuild.160101.0800)\r\nDescription: Configuration Manager DLL\r\nProduct: Microsoft Windows Operating System\r\nCompany: Microsoft Corporation\r\nOriginalFileName: CFGMGR32.DLL\r\nHashes: SHA1=FA3A718BEED81C7084675E250ADC305677A6B5E4,MD5=3A99A40872AF3B87406CC57DBDF53748,SHA256=96A1DB38C74A81FBA4C4AB29020551364FD1ADA3B6FED789D193C787E757979D,IMPHASH=4B4464C7677B6F07342800F4CF0BA273\r\nSigned: true\r\nSignature: Microsoft Windows\r\nSignatureStatus: Valid","Hostname":"WORKSTATION5","ProcessId":"2760","Description":"Configuration Manager DLL","Company":"Microsoft Corporation","Signed":"true","OriginalFileName":"CFGMGR32.DLL"}
{"TimeCreated":"2020-10-18 02:17:06.459","SignatureStatus":"Valid","Signature":"Microsoft Windows","Product":"Microsoft Windows Operating System","Hashes":"SHA1=C49B12D6EC14D11FDEE27D1E5B37910345833EA9,MD5=6910C1C465EF83CC0E95B7C597E1A102,SHA256=4E4588D8A960B26983B9C2CDFE698C0B88B6B1F46705CDEA019E34A8E5BBB3E7,IMPHASH=2507420447788ABD83D0C82C46B1FDD1","UtcTime":"2020-10-18 06:17:06.445","ProcessGuid":"{39e4a257-dde2-5f8b-531b-000000000400}","Image":"C:\\Windows\\System32\\RuntimeBroker.exe","ImageLoaded":"C:\\Windows\\System32\\Windows.Web.dll","EventID":7,"Channel":"Microsoft-Windows-Sysmon/Operational","Task":"7","RuleName":"-","FileVersion":"10.0.18362.836 (WinBuild.160101.0800)","Message":"Image loaded:\r\nRuleName: -\r\nUtcTime: 2020-10-18 06:17:06.445\r\nProcessGuid: {39e4a257-dde2-5f8b-531b-000000000400}\r\nProcessId: 2760\r\nImage: C:\\Windows\\System32\\RuntimeBroker.exe\r\nImageLoaded: C:\\Windows\\System32\\Windows.Web.dll\r\nFileVersion: 10.0.18362.836 (WinBuild.160101.0800)\r\nDescription: Web Client DLL\r\nProduct: Microsoft Windows Operating System\r\nCompany: Microsoft Corporation\r\nOriginalFileName: Windows.Web.dll\r\nHashes: SHA1=C49B12D6EC14D11FDEE27D1E5B37910345833EA9,MD5=6910C1C465EF83CC0E95B7C597E1A102,SHA256=4E4588D8A960B26983B9C2CDFE698C0B88B6B1F46705CDEA019E34A8E5BBB3E7,IMPHASH=2507420447788ABD83D0C82C46B1FDD1\r\nSigned: true\r\nSignature: Microsoft Windows\r\nSignatureStatus: Valid","Hostname":"WORKSTATION5","ProcessId":"2760","Description":"Web Client DLL","Company":"Microsoft Corporation","Signed":"true","OriginalFileName":"Windows.Web.dll"}
{"TimeCreated":"2020-10-18 02:17:06.458","SignatureStatus":"Valid","Signature":"Microsoft Windows","Product":"Microsoft Windows Operating System","Hashes":"SHA1=A41B65A11638C58B99039B5099D4229E33761541,MD5=7EBFDCF78039F8A62E76687F29973FDE,SHA256=DC80D03DBCBB7D276E6D14EC19EAF6A31C6BE4EEFE8562FDF086BF73DF3BE5F6,IMPHASH=E20DAD2DC874B17CCC1F3ED8FB387E79","UtcTime":"2020-10-18 06:17:06.445","ProcessGuid":"{39e4a257-dde2-5f8b-531b-000000000400}","Image":"C:\\Windows\\System32\\RuntimeBroker.exe","ImageLoaded":"C:\\Windows\\System32\\OneCoreCommonProxyStub.dll","EventID":7,"Channel":"Microsoft-Windows-Sysmon/Operational","Task":"7","RuleName":"-","FileVersion":"10.0.18362.1 (WinBuild.160101.0800)","Message":"Image loaded:\r\nRuleName: -\r\nUtcTime: 2020-10-18 06:17:06.445\r\nProcessGuid: {39e4a257-dde2-5f8b-531b-000000000400}\r\nProcessId: 2760\r\nImage: C:\\Windows\\System32\\RuntimeBroker.exe\r\nImageLoaded: C:\\Windows\\System32\\OneCoreCommonProxyStub.dll\r\nFileVersion: 10.0.18362.1 (WinBuild.160101.0800)\r\nDescription: OneCore Common Proxy Stub\r\nProduct: Microsoft Windows Operating System\r\nCompany: Microsoft Corporation\r\nOriginalFileName: OneCoreCommonProxyStub.dll\r\nHashes: SHA1=A41B65A11638C58B99039B5099D4229E33761541,MD5=7EBFDCF78039F8A62E76687F29973FDE,SHA256=DC80D03DBCBB7D276E6D14EC19EAF6A31C6BE4EEFE8562FDF086BF73DF3BE5F6,IMPHASH=E20DAD2DC874B17CCC1F3ED8FB387E79\r\nSigned: true\r\nSignature: Microsoft Windows\r\nSignatureStatus: Valid","Hostname":"WORKSTATION5","ProcessId":"2760","Description":"OneCore Common Proxy Stub","Company":"Microsoft Corporation","Signed":"true","OriginalFileName":"OneCoreCommonProxyStub.dll"}
{"TimeCreated":"2020-10-18 02:17:06.457","SignatureStatus":"Valid","Signature":"Microsoft Windows","Product":"Microsoft Windows Operating System","Hashes":"SHA1=1BE5EC1130E4B812224AF98D1C4B81B91C8D8BCE,MD5=698E67C04A48B58FE0FE2B7DAB428BD2,SHA256=D4F8395347B3C952DA3309BD3ADFBF87F52582C744204692DEDB0B6E720AEE1A,IMPHASH=5DE31297232BD99BC22531D7CE95B80E","UtcTime":"2020-10-18 06:17:06.382","ProcessGuid":"{39e4a257-dde2-5f8b-531b-000000000400}","Image":"C:\\Windows\\System32\\RuntimeBroker.exe","ImageLoaded":"C:\\Windows\\System32\\shell32.dll","EventID":7,"Channel":"Microsoft-Windows-Sysmon/Operational","Task":"7","RuleName":"-","FileVersion":"10.0.18362.1110 (WinBuild.160101.0800)","Message":"Image loaded:\r\nRuleName: -\r\nUtcTime: 2020-10-18 06:17:06.382\r\nProcessGuid: {39e4a257-dde2-5f8b-531b-000000000400}\r\nProcessId: 2760\r\nImage: C:\\Windows\\System32\\RuntimeBroker.exe\r\nImageLoaded: C:\\Windows\\System32\\shell32.dll\r\nFileVersion: 10.0.18362.1110 (WinBuild.160101.0800)\r\nDescription: Windows Shell Common Dll\r\nProduct: Microsoft Windows Operating System\r\nCompany: Microsoft Corporation\r\nOriginalFileName: SHELL32.DLL\r\nHashes: SHA1=1BE5EC1130E4B812224AF98D1C4B81B91C8D8BCE,MD5=698E67C04A48B58FE0FE2B7DAB428BD2,SHA256=D4F8395347B3C952DA3309BD3ADFBF87F52582C744204692DEDB0B6E720AEE1A,IMPHASH=5DE31297232BD99BC22531D7CE95B80E\r\nSigned: true\r\nSignature: Microsoft Windows\r\nSignatureStatus: Valid","Hostname":"WORKSTATION5","ProcessId":"2760","Description":"Windows Shell Common Dll","Company":"Microsoft Corporation","Signed":"true","OriginalFileName":"SHELL32.DLL"}
{"TimeCreated":"2020-10-18 02:17:06.425","SignatureStatus":"Valid","Signature":"Microsoft Windows","Product":"Windows Search","Hashes":"SHA1=9CC7754BDE825122FB0D3DF16579BD7CC2884B8B,MD5=B6D1AA0F21AC82024879E4EE96B50B56,SHA256=AF6B7199AAB64EBDADDA63B8662878A076A343955B1CF5E9F48C98114EF52BBE,IMPHASH=0D1929519D5C1A55D02774067E6F2181","UtcTime":"2020-10-18 06:17:06.414","ProcessGuid":"{39e4a257-dde2-5f8b-531b-000000000400}","Image":"C:\\Windows\\System32\\RuntimeBroker.exe","ImageLoaded":"C:\\Windows\\System32\\propsys.dll","EventID":7,"Channel":"Microsoft-Windows-Sysmon/Operational","Task":"7","RuleName":"-","FileVersion":"7.0.18362.815 (WinBuild.160101.0800)","Message":"Image loaded:\r\nRuleName: -\r\nUtcTime: 2020-10-18 06:17:06.414\r\nProcessGuid: {39e4a257-dde2-5f8b-531b-000000000400}\r\nProcessId: 2760\r\nImage: C:\\Windows\\System32\\RuntimeBroker.exe\r\nImageLoaded: C:\\Windows\\System32\\propsys.dll\r\nFileVersion: 7.0.18362.815 (WinBuild.160101.0800)\r\nDescription: Microsoft Property System\r\nProduct: Windows Search\r\nCompany: Microsoft Corporation\r\nOriginalFileName: propsys.dll\r\nHashes: SHA1=9CC7754BDE825122FB0D3DF16579BD7CC2884B8B,MD5=B6D1AA0F21AC82024879E4EE96B50B56,SHA256=AF6B7199AAB64EBDADDA63B8662878A076A343955B1CF5E9F48C98114EF52BBE,IMPHASH=0D1929519D5C1A55D02774067E6F2181\r\nSigned: true\r\nSignature: Microsoft Windows\r\nSignatureStatus: Valid","Hostname":"WORKSTATION5","ProcessId":"2760","Description":"Microsoft Property System","Company":"Microsoft Corporation","Signed":"true","OriginalFileName":"propsys.dll"}
{"TimeCreated":"2020-10-18 02:17:06.424","SignatureStatus":"Valid","Signature":"Microsoft Windows","Product":"Microsoft Windows Operating System","Hashes":"SHA1=C7BA959197D19EC7C8F7707B0D8BBE77E80A9DBE,MD5=D3BAA65CBCA982E5835AE33C2C7513E9,SHA256=56D18A442AD599B04C29D98AB9E2A1983959FB74AB27D4392667A975310754E8,IMPHASH=C908A257ACFAF3BDE15426EE5244D1EB","UtcTime":"2020-10-18 06:17:06.398","ProcessGuid":"{39e4a257-dde2-5f8b-531b-000000000400}","Image":"C:\\Windows\\System32\\RuntimeBroker.exe","ImageLoaded":"C:\\Windows\\System32\\ole32.dll","EventID":7,"Channel":"Microsoft-Windows-Sysmon/Operational","Task":"7","RuleName":"-","FileVersion":"10.0.18362.1082 (WinBuild.160101.0800)","Message":"Image loaded:\r\nRuleName: -\r\nUtcTime: 2020-10-18 06:17:06.398\r\nProcessGuid: {39e4a257-dde2-5f8b-531b-000000000400}\r\nProcessId: 2760\r\nImage: C:\\Windows\\System32\\RuntimeBroker.exe\r\nImageLoaded: C:\\Windows\\System32\\ole32.dll\r\nFileVersion: 10.0.18362.1082 (WinBuild.160101.0800)\r\nDescription: Microsoft OLE for Windows\r\nProduct: Microsoft Windows Operating System\r\nCompany: Microsoft Corporation\r\nOriginalFileName: OLE32.DLL\r\nHashes: SHA1=C7BA959197D19EC7C8F7707B0D8BBE77E80A9DBE,MD5=D3BAA65CBCA982E5835AE33C2C7513E9,SHA256=56D18A442AD599B04C29D98AB9E2A1983959FB74AB27D4392667A975310754E8,IMPHASH=C908A257ACFAF3BDE15426EE5244D1EB\r\nSigned: true\r\nSignature: Microsoft Windows\r\nSignatureStatus: Valid","Hostname":"WORKSTATION5","ProcessId":"2760","Description":"Microsoft OLE for Windows","Company":"Microsoft Corporation","Signed":"true","OriginalFileName":"OLE32.DLL"}
{"TimeCreated":"2020-10-18 02:17:06.424","SignatureStatus":"Valid","Signature":"Microsoft Windows","Product":"Microsoft Windows Operating System","Hashes":"SHA1=35C3365E5F385CB7025DC51D1359BC92CEACB8F4,MD5=81CC27927690AC3A552D92269CBA4899,SHA256=49C1A7FFB5DC382E35F19C1771A0B43120BBB4159EE5BFE23E0410A76A36D68A,IMPHASH=F010E2DB51A2E86CCF6052A1ACC0854F","UtcTime":"2020-10-18 06:17:06.398","ProcessGuid":"{39e4a257-dde2-5f8b-531b-000000000400}","Image":"C:\\Windows\\System32\\RuntimeBroker.exe","ImageLoaded":"C:\\Windows\\System32\\oleaut32.dll","EventID":7,"Channel":"Microsoft-Windows-Sysmon/Operational","Task":"7","RuleName":"-","FileVersion":"10.0.18362.1110 (WinBuild.160101.0800)","Message":"Image loaded:\r\nRuleName: -\r\nUtcTime: 2020-10-18 06:17:06.398\r\nProcessGuid: {39e4a257-dde2-5f8b-531b-000000000400}\r\nProcessId: 2760\r\nImage: C:\\Windows\\System32\\RuntimeBroker.exe\r\nImageLoaded: C:\\Windows\\System32\\oleaut32.dll\r\nFileVersion: 10.0.18362.1110 (WinBuild.160101.0800)\r\nDescription: OLEAUT32.DLL\r\nProduct: Microsoft Windows Operating System\r\nCompany: Microsoft Corporation\r\nOriginalFileName: OLEAUT32.DLL\r\nHashes: SHA1=35C3365E5F385CB7025DC51D1359BC92CEACB8F4,MD5=81CC27927690AC3A552D92269CBA4899,SHA256=49C1A7FFB5DC382E35F19C1771A0B43120BBB4159EE5BFE23E0410A76A36D68A,IMPHASH=F010E2DB51A2E86CCF6052A1ACC0854F\r\nSigned: true\r\nSignature: Microsoft Windows\r\nSignatureStatus: Valid","Hostname":"WORKSTATION5","ProcessId":"2760","Description":"OLEAUT32.DLL","Company":"Microsoft Corporation","Signed":"true","OriginalFileName":"OLEAUT32.DLL"}
{"TimeCreated":"2020-10-18 02:17:06.424","SignatureStatus":"Valid","Signature":"Microsoft Windows","Product":"Microsoft Windows Operating System","Hashes":"SHA1=70A7FA6CF6DF75A64B793951EC9E7CE335C20070,MD5=31EC5A2D690BB6A4A11769F5C4C38139,SHA256=71F8A36433523816DCEFE282D631AA4F6D83798E8F2FF12D6FF8F30DA1557668,IMPHASH=E193054F4711688FB9B9C2527B1DEF7B","UtcTime":"2020-10-18 06:17:06.398","ProcessGuid":"{39e4a257-dde2-5f8b-531b-000000000400}","Image":"C:\\Windows\\System32\\RuntimeBroker.exe","ImageLoaded":"C:\\Windows\\System32\\twinapi.appcore.dll","EventID":7,"Channel":"Microsoft-Windows-Sysmon/Operational","Task":"7","RuleName":"-","FileVersion":"10.0.18362.959 (WinBuild.160101.0800)","Message":"Image loaded:\r\nRuleName: -\r\nUtcTime: 2020-10-18 06:17:06.398\r\nProcessGuid: {39e4a257-dde2-5f8b-531b-000000000400}\r\nProcessId: 2760\r\nImage: C:\\Windows\\System32\\RuntimeBroker.exe\r\nImageLoaded: C:\\Windows\\System32\\twinapi.appcore.dll\r\nFileVersion: 10.0.18362.959 (WinBuild.160101.0800)\r\nDescription: twinapi.appcore\r\nProduct: Microsoft Windows Operating System\r\nCompany: Microsoft Corporation\r\nOriginalFileName: twinapi.appcore.dll\r\nHashes: SHA1=70A7FA6CF6DF75A64B793951EC9E7CE335C20070,MD5=31EC5A2D690BB6A4A11769F5C4C38139,SHA256=71F8A36433523816DCEFE282D631AA4F6D83798E8F2FF12D6FF8F30DA1557668,IMPHASH=E193054F4711688FB9B9C2527B1DEF7B\r\nSigned: true\r\nSignature: Microsoft Windows\r\nSignatureStatus: Valid","Hostname":"WORKSTATION5","ProcessId":"2760","Description":"twinapi.appcore","Company":"Microsoft Corporation","Signed":"true","OriginalFileName":"twinapi.appcore.dll"}
{"SourceImage":"C:\\windows\\System32\\svchost.exe","TimeCreated":"2020-10-18 02:17:06.406","GrantedAccess":"0x1400","SourceThreadId":"6268","CallTrace":"C:\\windows\\SYSTEM32\\ntdll.dll+9c584|c:\\windows\\system32\\themeservice.dll+1d60|c:\\windows\\system32\\themeservice.dll+1595|c:\\windows\\system32\\themeservice.dll+1461|c:\\windows\\system32\\themeservice.dll+1886|C:\\windows\\SYSTEM32\\ntdll.dll+2f655|C:\\windows\\SYSTEM32\\ntdll.dll+345b4|C:\\windows\\System32\\KERNEL32.DLL+17c24|C:\\windows\\SYSTEM32\\ntdll.dll+6cea1","UtcTime":"2020-10-18 06:17:06.398","TargetProcessGUID":"{39e4a257-dde2-5f8b-531b-000000000400}","SourceProcessId":"1948","EventID":10,"Channel":"Microsoft-Windows-Sysmon/Operational","Task":"10","RuleName":"-","Message":"Process accessed:\r\nRuleName: -\r\nUtcTime: 2020-10-18 06:17:06.398\r\nSourceProcessGUID: {39e4a257-f725-5f87-2d00-000000000400}\r\nSourceProcessId: 1948\r\nSourceThreadId: 6268\r\nSourceImage: C:\\windows\\System32\\svchost.exe\r\nTargetProcessGUID: {39e4a257-dde2-5f8b-531b-000000000400}\r\nTargetProcessId: 2760\r\nTargetImage: C:\\Windows\\System32\\RuntimeBroker.exe\r\nGrantedAccess: 0x1400\r\nCallTrace: C:\\windows\\SYSTEM32\\ntdll.dll+9c584|c:\\windows\\system32\\themeservice.dll+1d60|c:\\windows\\system32\\themeservice.dll+1595|c:\\windows\\system32\\themeservice.dll+1461|c:\\windows\\system32\\themeservice.dll+1886|C:\\windows\\SYSTEM32\\ntdll.dll+2f655|C:\\windows\\SYSTEM32\\ntdll.dll+345b4|C:\\windows\\System32\\KERNEL32.DLL+17c24|C:\\windows\\SYSTEM32\\ntdll.dll+6cea1","Hostname":"WORKSTATION5","TargetProcessId":"2760","TargetImage":"C:\\Windows\\System32\\RuntimeBroker.exe","SourceProcessGUID":"{39e4a257-f725-5f87-2d00-000000000400}"}
{"SourceImage":"C:\\windows\\System32\\svchost.exe","TimeCreated":"2020-10-18 02:17:06.405","GrantedAccess":"0x1478","SourceThreadId":"1084","CallTrace":"C:\\windows\\SYSTEM32\\ntdll.dll+9c584|c:\\windows\\system32\\themeservice.dll+1a9a|c:\\windows\\system32\\themeservice.dll+1736|c:\\windows\\system32\\themeservice.dll+6026|c:\\windows\\system32\\themeservice.dll+ad9a|c:\\windows\\system32\\themeservice.dll+9dcf|C:\\windows\\System32\\svchost.exe+314c|C:\\windows\\System32\\sechost.dll+2de2|C:\\windows\\System32\\KERNEL32.DLL+17c24|C:\\windows\\SYSTEM32\\ntdll.dll+6cea1","UtcTime":"2020-10-18 06:17:06.398","TargetProcessGUID":"{39e4a257-dde2-5f8b-531b-000000000400}","SourceProcessId":"1948","EventID":10,"Channel":"Microsoft-Windows-Sysmon/Operational","Task":"10","RuleName":"-","Message":"Process accessed:\r\nRuleName: -\r\nUtcTime: 2020-10-18 06:17:06.398\r\nSourceProcessGUID: {39e4a257-f725-5f87-2d00-000000000400}\r\nSourceProcessId: 1948\r\nSourceThreadId: 1084\r\nSourceImage: C:\\windows\\System32\\svchost.exe\r\nTargetProcessGUID: {39e4a257-dde2-5f8b-531b-000000000400}\r\nTargetProcessId: 2760\r\nTargetImage: C:\\Windows\\System32\\RuntimeBroker.exe\r\nGrantedAccess: 0x1478\r\nCallTrace: C:\\windows\\SYSTEM32\\ntdll.dll+9c584|c:\\windows\\system32\\themeservice.dll+1a9a|c:\\windows\\system32\\themeservice.dll+1736|c:\\windows\\system32\\themeservice.dll+6026|c:\\windows\\system32\\themeservice.dll+ad9a|c:\\windows\\system32\\themeservice.dll+9dcf|C:\\windows\\System32\\svchost.exe+314c|C:\\windows\\System32\\sechost.dll+2de2|C:\\windows\\System32\\KERNEL32.DLL+17c24|C:\\windows\\SYSTEM32\\ntdll.dll+6cea1","Hostname":"WORKSTATION5","TargetProcessId":"2760","TargetImage":"C:\\Windows\\System32\\RuntimeBroker.exe","SourceProcessGUID":"{39e4a257-f725-5f87-2d00-000000000400}"}
{"TimeCreated":"2020-10-18 02:17:06.404","SignatureStatus":"Valid","Signature":"Microsoft Windows","Product":"Microsoft Windows Operating System","Hashes":"SHA1=62956D6FAEB4EC8EA54315A8E3CC15F06165AD57,MD5=3C9D22CAE173AD19806B6A016CD4CC28,SHA256=D95E7D07EA46D7D2AEFA01CD0A64CF266BE26D40FA6BE42F7CF60F6DEB8FBAF3,IMPHASH=64BAD10B75B987F62BF08E1852DE4022","UtcTime":"2020-10-18 06:17:06.398","ProcessGuid":"{39e4a257-dde2-5f8b-531b-000000000400}","Image":"C:\\Windows\\System32\\RuntimeBroker.exe","ImageLoaded":"C:\\Windows\\System32\\uxtheme.dll","EventID":7,"Channel":"Microsoft-Windows-Sysmon/Operational","Task":"7","RuleName":"-","FileVersion":"10.0.18362.449 (WinBuild.160101.0800)","Message":"Image loaded:\r\nRuleName: -\r\nUtcTime: 2020-10-18 06:17:06.398\r\nProcessGuid: {39e4a257-dde2-5f8b-531b-000000000400}\r\nProcessId: 2760\r\nImage: C:\\Windows\\System32\\RuntimeBroker.exe\r\nImageLoaded: C:\\Windows\\System32\\uxtheme.dll\r\nFileVersion: 10.0.18362.449 (WinBuild.160101.0800)\r\nDescription: Microsoft UxTheme Library\r\nProduct: Microsoft Windows Operating System\r\nCompany: Microsoft Corporation\r\nOriginalFileName: UxTheme.dll\r\nHashes: SHA1=62956D6FAEB4EC8EA54315A8E3CC15F06165AD57,MD5=3C9D22CAE173AD19806B6A016CD4CC28,SHA256=D95E7D07EA46D7D2AEFA01CD0A64CF266BE26D40FA6BE42F7CF60F6DEB8FBAF3,IMPHASH=64BAD10B75B987F62BF08E1852DE4022\r\nSigned: true\r\nSignature: Microsoft Windows\r\nSignatureStatus: Valid","Hostname":"WORKSTATION5","ProcessId":"2760","Description":"Microsoft UxTheme Library","Company":"Microsoft Corporation","Signed":"true","OriginalFileName":"UxTheme.dll"}
{"TimeCreated":"2020-10-18 02:17:06.395","SignatureStatus":"Valid","Signature":"Microsoft Windows","Product":"Microsoft Windows Operating System","Hashes":"SHA1=8F5C66D8E34EF2CCE536471768A50E402D0BF3A6,MD5=6ACDDEE39DC33C401471DE4FE9205A55,SHA256=24DF62D41A3753435D94D5904DB8EF75457DFD115F93BB7EA3EAD2EEBF72FC3D,IMPHASH=1829F1ADD9570A03664654948E98E4E7","UtcTime":"2020-10-18 06:17:06.382","ProcessGuid":"{39e4a257-dde2-5f8b-531b-000000000400}","Image":"C:\\Windows\\System32\\RuntimeBroker.exe","ImageLoaded":"C:\\Windows\\System32\\OneCoreUAPCommonProxyStub.dll","EventID":7,"Channel":"Microsoft-Windows-Sysmon/Operational","Task":"7","RuleName":"-","FileVersion":"10.0.18362.1082 (WinBuild.160101.0800)","Message":"Image loaded:\r\nRuleName: -\r\nUtcTime: 2020-10-18 06:17:06.382\r\nProcessGuid: {39e4a257-dde2-5f8b-531b-000000000400}\r\nProcessId: 2760\r\nImage: C:\\Windows\\System32\\RuntimeBroker.exe\r\nImageLoaded: C:\\Windows\\System32\\OneCoreUAPCommonProxyStub.dll\r\nFileVersion: 10.0.18362.1082 (WinBuild.160101.0800)\r\nDescription: OneCoreUAP Common Proxy Stub\r\nProduct: Microsoft Windows Operating System\r\nCompany: Microsoft Corporation\r\nOriginalFileName: OneCoreUAPCommonProxyStub.dll\r\nHashes: SHA1=8F5C66D8E34EF2CCE536471768A50E402D0BF3A6,MD5=6ACDDEE39DC33C401471DE4FE9205A55,SHA256=24DF62D41A3753435D94D5904DB8EF75457DFD115F93BB7EA3EAD2EEBF72FC3D,IMPHASH=1829F1ADD9570A03664654948E98E4E7\r\nSigned: true\r\nSignature: Microsoft Windows\r\nSignatureStatus: Valid","Hostname":"WORKSTATION5","ProcessId":"2760","Description":"OneCoreUAP Common Proxy Stub","Company":"Microsoft Corporation","Signed":"true","OriginalFileName":"OneCoreUAPCommonProxyStub.dll"}
{"TimeCreated":"2020-10-18 02:17:06.395","SignatureStatus":"Valid","Signature":"Microsoft Windows","Product":"Microsoft Windows Operating System","Hashes":"SHA1=D852E96F07E7638AF0BA684F9AD8F33A4A3F87EB,MD5=0431695AB8754780B61A166A30036313,SHA256=2E5A3168700BA8C2555B4DE729D19203DEFB2C51986990E849C69BB600DCEBFF,IMPHASH=8F4D4CA0DE30077C5351D2F3147B05E4","UtcTime":"2020-10-18 06:17:06.382","ProcessGuid":"{39e4a257-dde2-5f8b-531b-000000000400}","Image":"C:\\Windows\\System32\\RuntimeBroker.exe","ImageLoaded":"C:\\Windows\\System32\\DXCore.dll","EventID":7,"Channel":"Microsoft-Windows-Sysmon/Operational","Task":"7","RuleName":"-","FileVersion":"10.0.18362.1 (WinBuild.160101.0800)","Message":"Image loaded:\r\nRuleName: -\r\nUtcTime: 2020-10-18 06:17:06.382\r\nProcessGuid: {39e4a257-dde2-5f8b-531b-000000000400}\r\nProcessId: 2760\r\nImage: C:\\Windows\\System32\\RuntimeBroker.exe\r\nImageLoaded: C:\\Windows\\System32\\DXCore.dll\r\nFileVersion: 10.0.18362.1 (WinBuild.160101.0800)\r\nDescription: DXCore\r\nProduct: Microsoft Windows Operating System\r\nCompany: Microsoft Corporation\r\nOriginalFileName: DXCore.DLL\r\nHashes: SHA1=D852E96F07E7638AF0BA684F9AD8F33A4A3F87EB,MD5=0431695AB8754780B61A166A30036313,SHA256=2E5A3168700BA8C2555B4DE729D19203DEFB2C51986990E849C69BB600DCEBFF,IMPHASH=8F4D4CA0DE30077C5351D2F3147B05E4\r\nSigned: true\r\nSignature: Microsoft Windows\r\nSignatureStatus: Valid","Hostname":"WORKSTATION5","ProcessId":"2760","Description":"DXCore","Company":"Microsoft Corporation","Signed":"true","OriginalFileName":"DXCore.DLL"}
{"TimeCreated":"2020-10-18 02:17:06.394","SignatureStatus":"Valid","Signature":"Microsoft Windows","Product":"Microsoft Windows Operating System","Hashes":"SHA1=52CAB69BD7EC0033B3E9566949F67F3A06401E17,MD5=E67520E44C3B83F6DC88A5BEB29AE21E,SHA256=8B259499315B6D65FD388359729EDD2F4F828AA9F8F75AC68B101F2AD4BD159A,IMPHASH=E047FC39CF6A15D12FFEF782B160E495","UtcTime":"2020-10-18 06:17:06.382","ProcessGuid":"{39e4a257-dde2-5f8b-531b-000000000400}","Image":"C:\\Windows\\System32\\RuntimeBroker.exe","ImageLoaded":"C:\\Windows\\System32\\pdh.dll","EventID":7,"Channel":"Microsoft-Windows-Sysmon/Operational","Task":"7","RuleName":"-","FileVersion":"10.0.18362.1049 (WinBuild.160101.0800)","Message":"Image loaded:\r\nRuleName: -\r\nUtcTime: 2020-10-18 06:17:06.382\r\nProcessGuid: {39e4a257-dde2-5f8b-531b-000000000400}\r\nProcessId: 2760\r\nImage: C:\\Windows\\System32\\RuntimeBroker.exe\r\nImageLoaded: C:\\Windows\\System32\\pdh.dll\r\nFileVersion: 10.0.18362.1049 (WinBuild.160101.0800)\r\nDescription: Windows Performance Data Helper DLL\r\nProduct: Microsoft Windows Operating System\r\nCompany: Microsoft Corporation\r\nOriginalFileName: PDH.DLL\r\nHashes: SHA1=52CAB69BD7EC0033B3E9566949F67F3A06401E17,MD5=E67520E44C3B83F6DC88A5BEB29AE21E,SHA256=8B259499315B6D65FD388359729EDD2F4F828AA9F8F75AC68B101F2AD4BD159A,IMPHASH=E047FC39CF6A15D12FFEF782B160E495\r\nSigned: true\r\nSignature: Microsoft Windows\r\nSignatureStatus: Valid","Hostname":"WORKSTATION5","ProcessId":"2760","Description":"Windows Performance Data Helper DLL","Company":"Microsoft Corporation","Signed":"true","OriginalFileName":"PDH.DLL"}
{"TimeCreated":"2020-10-18 02:17:06.394","SignatureStatus":"Valid","Signature":"Microsoft Windows","Product":"Microsoft Windows Operating System","Hashes":"SHA1=90B9C077F6C32ED99A95B2CB94DA89666BE4C04F,MD5=8EAACFF9140F8CAD88F4BF8B688B7668,SHA256=C1C65F4C88B6E679C029052D4C7693F00DE584E6A39C756653AA3A4074BA4264,IMPHASH=49F72522BEF9259B786A65BB1E8609C5","UtcTime":"2020-10-18 06:17:06.382","ProcessGuid":"{39e4a257-dde2-5f8b-531b-000000000400}","Image":"C:\\Windows\\System32\\RuntimeBroker.exe","ImageLoaded":"C:\\Windows\\System32\\dwmapi.dll","EventID":7,"Channel":"Microsoft-Windows-Sysmon/Operational","Task":"7","RuleName":"-","FileVersion":"10.0.18362.267 (WinBuild.160101.0800)","Message":"Image loaded:\r\nRuleName: -\r\nUtcTime: 2020-10-18 06:17:06.382\r\nProcessGuid: {39e4a257-dde2-5f8b-531b-000000000400}\r\nProcessId: 2760\r\nImage: C:\\Windows\\System32\\RuntimeBroker.exe\r\nImageLoaded: C:\\Windows\\System32\\dwmapi.dll\r\nFileVersion: 10.0.18362.267 (WinBuild.160101.0800)\r\nDescription: Microsoft Desktop Window Manager API\r\nProduct: Microsoft Windows Operating System\r\nCompany: Microsoft Corporation\r\nOriginalFileName: dwmapi.dll\r\nHashes: SHA1=90B9C077F6C32ED99A95B2CB94DA89666BE4C04F,MD5=8EAACFF9140F8CAD88F4BF8B688B7668,SHA256=C1C65F4C88B6E679C029052D4C7693F00DE584E6A39C756653AA3A4074BA4264,IMPHASH=49F72522BEF9259B786A65BB1E8609C5\r\nSigned: true\r\nSignature: Microsoft Windows\r\nSignatureStatus: Valid","Hostname":"WORKSTATION5","ProcessId":"2760","Description":"Microsoft Desktop Window Manager API","Company":"Microsoft Corporation","Signed":"true","OriginalFileName":"dwmapi.dll"}
