{"SubjectUserName":"WORKSTATION5$","TimeCreated":"2020-10-18 02:17:03.569","SubjectLogonId":"0x3e7","DisabledPrivilegeList":"-","TargetLogonId":"0x3e7","Message":"A token right was adjusted.\r\n\r\nSubject:\r\n\tSecurity ID:\t\tS-1-5-18\r\n\tAccount Name:\t\tWORKSTATION5$\r\n\tAccount Domain:\t\tWORKGROUP\r\n\tLogon ID:\t\t0x3E7\r\n\r\nTarget Account:\r\n\tSecurity ID:\t\tS-1-5-18\r\n\tAccount Name:\t\tWORKSTATION5$\r\n\tAccount Domain:\t\tWORKGROUP\r\n\tLogon ID:\t\t0x3E7\r\n\r\nProcess Information:\r\n\tProcess ID:\t\t0xca8\r\n\tProcess Name:\t\tC:\\Windows\\System32\\svchost.exe\r\n\r\nEnabled Privileges:\r\n\t\t\tSeAssignPrimaryTokenPrivilege\r\n\t\t\tSeIncreaseQuotaPrivilege\r\n\t\t\tSeSecurityPrivilege\r\n\t\t\tSeTakeOwnershipPrivilege\r\n\t\t\tSeLoadDriverPrivilege\r\n\t\t\tSeSystemtimePrivilege\r\n\t\t\tSeBackupPrivilege\r\n\t\t\tSeRestorePrivilege\r\n\t\t\tSeShutdownPrivilege\r\n\t\t\tSeSystemEnvironmentPrivilege\r\n\t\t\tSeUndockPrivilege\r\n\t\t\tSeManageVolumePrivilege\r\n\r\nDisabled Privileges:\r\n\t\t\t-","SubjectUserSid":"S-1-5-18","EventID":4703,"Channel":"Security","Task":"13317","SubjectDomainName":"WORKGROUP","Hostname":"WORKSTATION5","ProcessName":"C:\\Windows\\System32\\svchost.exe","ProcessId":"0xca8","TargetUserSid":"S-1-5-18","TargetDomainName":"WORKGROUP","EnabledPrivilegeList":"SeAssignPrimaryTokenPrivilege\n\t\t\tSeIncreaseQuotaPrivilege\n\t\t\tSeSecurityPrivilege\n\t\t\tSeTakeOwnershipPrivilege\n\t\t\tSeLoadDriverPrivilege\n\t\t\tSeSystemtimePrivilege\n\t\t\tSeBackupPrivilege\n\t\t\tSeRestorePrivilege\n\t\t\tSeShutdownPrivilege\n\t\t\tSeSystemEnvironmentPrivilege\n\t\t\tSeUndockPrivilege\n\t\t\tSeManageVolumePrivilege","TargetUserName":"WORKSTATION5$"}
{"SubjectUserName":"WORKSTATION5$","TimeCreated":"2020-10-18 02:17:03.567","SubjectLogonId":"0x3e7","DisabledPrivilegeList":"-","TargetLogonId":"0x3e7","Message":"A token right was adjusted.\r\n\r\nSubject:\r\n\tSecurity ID:\t\tS-1-5-18\r\n\tAccount Name:\t\tWORKSTATION5$\r\n\tAccount Domain:\t\tWORKGROUP\r\n\tLogon ID:\t\t0x3E7\r\n\r\nTarget Account:\r\n\tSecurity ID:\t\tS-1-5-18\r\n\tAccount Name:\t\tWORKSTATION5$\r\n\tAccount Domain:\t\tWORKGROUP\r\n\tLogon ID:\t\t0x3E7\r\n\r\nProcess Information:\r\n\tProcess ID:\t\t0xca8\r\n\tProcess Name:\t\tC:\\Windows\\System32\\svchost.exe\r\n\r\nEnabled Privileges:\r\n\t\t\tSeAssignPrimaryTokenPrivilege\r\n\t\t\tSeIncreaseQuotaPrivilege\r\n\t\t\tSeSecurityPrivilege\r\n\t\t\tSeTakeOwnershipPrivilege\r\n\t\t\tSeLoadDriverPrivilege\r\n\t\t\tSeSystemtimePrivilege\r\n\t\t\tSeBackupPrivilege\r\n\t\t\tSeRestorePrivilege\r\n\t\t\tSeShutdownPrivilege\r\n\t\t\tSeSystemEnvironmentPrivilege\r\n\t\t\tSeUndockPrivilege\r\n\t\t\tSeManageVolumePrivilege\r\n\r\nDisabled Privileges:\r\n\t\t\t-","SubjectUserSid":"S-1-5-18","EventID":4703,"Channel":"Security","Task":"13317","SubjectDomainName":"WORKGROUP","Hostname":"WORKSTATION5","ProcessName":"C:\\Windows\\System32\\svchost.exe","ProcessId":"0xca8","TargetUserSid":"S-1-5-18","TargetDomainName":"WORKGROUP","EnabledPrivilegeList":"SeAssignPrimaryTokenPrivilege\n\t\t\tSeIncreaseQuotaPrivilege\n\t\t\tSeSecurityPrivilege\n\t\t\tSeTakeOwnershipPrivilege\n\t\t\tSeLoadDriverPrivilege\n\t\t\tSeSystemtimePrivilege\n\t\t\tSeBackupPrivilege\n\t\t\tSeRestorePrivilege\n\t\t\tSeShutdownPrivilege\n\t\t\tSeSystemEnvironmentPrivilege\n\t\t\tSeUndockPrivilege\n\t\t\tSeManageVolumePrivilege","TargetUserName":"WORKSTATION5$"}
{"SubjectUserName":"WORKSTATION5$","TimeCreated":"2020-10-18 02:17:03.541","SubjectLogonId":"0x3e4","ObjectServer":"Security","SubjectUserSid":"S-1-5-20","EventID":4658,"Channel":"Security","Task":"12801","SubjectDomainName":"WORKGROUP","Hostname":"WORKSTATION5","ProcessName":"C:\\Windows\\System32\\wbem\\WmiPrvSE.exe","ProcessId":"0x5e8","HandleId":"0x80","Message":"The handle to an object was closed.\r\n\r\nSubject :\r\n\tSecurity ID:\t\tS-1-5-20\r\n\tAccount Name:\t\tWORKSTATION5$\r\n\tAccount Domain:\t\tWORKGROUP\r\n\tLogon ID:\t\t0x3E4\r\n\r\nObject:\r\n\tObject Server:\t\tSecurity\r\n\tHandle ID:\t\t0x80\r\n\r\nProcess Information:\r\n\tProcess ID:\t\t0x5e8\r\n\tProcess Name:\t\tC:\\Windows\\System32\\wbem\\WmiPrvSE.exe"}
{"SubjectUserName":"WORKSTATION5$","TimeCreated":"2020-10-18 02:17:03.541","SubjectLogonId":"0x3e4","ResourceAttributes":"-","ObjectServer":"Security","ObjectType":"Key","SubjectUserSid":"S-1-5-20","EventID":4663,"Channel":"Security","Task":"12801","ObjectName":"\\REGISTRY\\MACHINE\\SYSTEM\\ControlSet001\\Control\\Lsa","AccessMask":"0x1","SubjectDomainName":"WORKGROUP","Hostname":"WORKSTATION5","ProcessName":"C:\\Windows\\System32\\wbem\\WmiPrvSE.exe","ProcessId":"0x5e8","AccessList":"%%4432\n\t\t\t\t","HandleId":"0x80","Message":"An attempt was made to access an object.\r\n\r\nSubject:\r\n\tSecurity ID:\t\tS-1-5-20\r\n\tAccount Name:\t\tWORKSTATION5$\r\n\tAccount Domain:\t\tWORKGROUP\r\n\tLogon ID:\t\t0x3E4\r\n\r\nObject:\r\n\tObject Server:\t\tSecurity\r\n\tObject Type:\t\tKey\r\n\tObject Name:\t\t\\REGISTRY\\MACHINE\\SYSTEM\\ControlSet001\\Control\\Lsa\r\n\tHandle ID:\t\t0x80\r\n\tResource Attributes:\t-\r\n\r\nProcess Information:\r\n\tProcess ID:\t\t0x5e8\r\n\tProcess Name:\t\tC:\\Windows\\System32\\wbem\\WmiPrvSE.exe\r\n\r\nAccess Request Information:\r\n\tAccesses:\t\tQuery key value\r\n\t\t\t\t\r\n\tAccess Mask:\t\t0x1"}
{"SubjectUserName":"WORKSTATION5$","TimeCreated":"2020-10-18 02:17:03.541","SubjectLogonId":"0x3e4","ResourceAttributes":"-","PrivilegeList":"-","ObjectServer":"Security","ObjectType":"Key","SubjectUserSid":"S-1-5-20","EventID":4656,"Channel":"Security","Task":"12801","ObjectName":"\\REGISTRY\\MACHINE\\SYSTEM\\ControlSet001\\Control\\Lsa","AccessMask":"0x1","SubjectDomainName":"WORKGROUP","Hostname":"WORKSTATION5","ProcessName":"C:\\Windows\\System32\\wbem\\WmiPrvSE.exe","ProcessId":"0x5e8","AccessReason":"-","RestrictedSidCount":"0","AccessList":"%%4432\n\t\t\t\t","HandleId":"0x80","TransactionId":"{00000000-0000-0000-0000-000000000000}","Message":"A handle to an object was requested.\r\n\r\nSubject:\r\n\tSecurity ID:\t\tS-1-5-20\r\n\tAccount Name:\t\tWORKSTATION5$\r\n\tAccount Domain:\t\tWORKGROUP\r\n\tLogon ID:\t\t0x3E4\r\n\r\nObject:\r\n\tObject Server:\t\tSecurity\r\n\tObject Type:\t\tKey\r\n\tObject Name:\t\t\\REGISTRY\\MACHINE\\SYSTEM\\ControlSet001\\Control\\Lsa\r\n\tHandle ID:\t\t0x80\r\n\tResource Attributes:\t-\r\n\r\nProcess Information:\r\n\tProcess ID:\t\t0x5e8\r\n\tProcess Name:\t\tC:\\Windows\\System32\\wbem\\WmiPrvSE.exe\r\n\r\nAccess Request Information:\r\n\tTransaction ID:\t\t{00000000-0000-0000-0000-000000000000}\r\n\tAccesses:\t\tQuery key value\r\n\t\t\t\t\r\n\tAccess Reasons:\t\t-\r\n\tAccess Mask:\t\t0x1\r\n\tPrivileges Used for Access Check:\t-\r\n\tRestricted SID Count:\t0"}
{"SubjectUserName":"WORKSTATION5$","TimeCreated":"2020-10-18 02:17:03.541","SubjectLogonId":"0x3e4","ObjectServer":"Security","SubjectUserSid":"S-1-5-20","EventID":4658,"Channel":"Security","Task":"12801","SubjectDomainName":"WORKGROUP","Hostname":"WORKSTATION5","ProcessName":"C:\\Windows\\System32\\wbem\\WmiPrvSE.exe","ProcessId":"0x5e8","HandleId":"0x2cec","Message":"The handle to an object was closed.\r\n\r\nSubject :\r\n\tSecurity ID:\t\tS-1-5-20\r\n\tAccount Name:\t\tWORKSTATION5$\r\n\tAccount Domain:\t\tWORKGROUP\r\n\tLogon ID:\t\t0x3E4\r\n\r\nObject:\r\n\tObject Server:\t\tSecurity\r\n\tHandle ID:\t\t0x2cec\r\n\r\nProcess Information:\r\n\tProcess ID:\t\t0x5e8\r\n\tProcess Name:\t\tC:\\Windows\\System32\\wbem\\WmiPrvSE.exe"}
{"SubjectUserName":"WORKSTATION5$","TimeCreated":"2020-10-18 02:17:03.541","SubjectLogonId":"0x3e4","TargetProcessId":"0x4","SubjectUserSid":"S-1-5-20","SourceHandleId":"0x80","EventID":4690,"Channel":"Security","SourceProcessId":"0x5e8","SubjectDomainName":"WORKGROUP","Hostname":"WORKSTATION5","Task":"12807","TargetHandleId":"0x2cec","Message":"An attempt was made to duplicate a handle to an object.\r\n\r\nSubject:\r\n\tSecurity ID:\t\tS-1-5-20\r\n\tAccount Name:\t\tWORKSTATION5$\r\n\tAccount Domain:\t\tWORKGROUP\r\n\tLogon ID:\t\t0x3E4\r\n\r\nSource Handle Information:\r\n\tSource Handle ID:\t0x80\r\n\tSource Process ID:\t0x5e8\r\n\r\nNew Handle Information:\r\n\tTarget Handle ID:\t0x2cec\r\n\tTarget Process ID:\t0x4"}
{"SubjectUserName":"WORKSTATION5$","TimeCreated":"2020-10-18 02:17:03.529","SubjectLogonId":"0x3e4","PrivilegeList":"SeProfileSingleProcessPrivilege","ObjectServer":"Security","SubjectUserSid":"S-1-5-20","EventID":4673,"Channel":"Security","Task":"13056","Service":"-","SubjectDomainName":"WORKGROUP","Hostname":"WORKSTATION5","ProcessName":"C:\\Windows\\System32\\wbem\\WmiPrvSE.exe","ProcessId":"0x5e8","Message":"A privileged service was called.\r\n\r\nSubject:\r\n\tSecurity ID:\t\tS-1-5-20\r\n\tAccount Name:\t\tWORKSTATION5$\r\n\tAccount Domain:\t\tWORKGROUP\r\n\tLogon ID:\t\t0x3E4\r\n\r\nService:\r\n\tServer:\tSecurity\r\n\tService Name:\t-\r\n\r\nProcess:\r\n\tProcess ID:\t0x5e8\r\n\tProcess Name:\tC:\\Windows\\System32\\wbem\\WmiPrvSE.exe\r\n\r\nService Request Information:\r\n\tPrivileges:\t\tSeProfileSingleProcessPrivilege"}
{"SubjectUserName":"WORKSTATION5$","TimeCreated":"2020-10-18 02:17:03.509","CommandLine":"C:\\windows\\system32\\wbem\\wmiprvse.exe -secured -Embedding","SubjectLogonId":"0x3e7","SubjectDomainName":"WORKGROUP","TargetLogonId":"0x3e4","TokenElevationType":"%%1936","SubjectUserSid":"S-1-5-18","NewProcessName":"C:\\Windows\\System32\\wbem\\WmiPrvSE.exe","EventID":4688,"Channel":"Security","Task":"13312","NewProcessId":"0x5e8","Hostname":"WORKSTATION5","MandatoryLabel":"S-1-16-16384","ProcessId":"0x380","TargetUserName":"WORKSTATION5$","ParentProcessName":"C:\\Windows\\System32\\svchost.exe","TargetUserSid":"S-1-0-0","TargetDomainName":"WORKGROUP","Message":"A new process has been created.\r\n\r\nCreator Subject:\r\n\tSecurity ID:\t\tS-1-5-18\r\n\tAccount Name:\t\tWORKSTATION5$\r\n\tAccount Domain:\t\tWORKGROUP\r\n\tLogon ID:\t\t0x3E7\r\n\r\nTarget Subject:\r\n\tSecurity ID:\t\tS-1-0-0\r\n\tAccount Name:\t\tWORKSTATION5$\r\n\tAccount Domain:\t\tWORKGROUP\r\n\tLogon ID:\t\t0x3E4\r\n\r\nProcess Information:\r\n\tNew Process ID:\t\t0x5e8\r\n\tNew Process Name:\tC:\\Windows\\System32\\wbem\\WmiPrvSE.exe\r\n\tToken Elevation Type:\t%%1936\r\n\tMandatory Label:\t\tS-1-16-16384\r\n\tCreator Process ID:\t0x380\r\n\tCreator Process Name:\tC:\\Windows\\System32\\svchost.exe\r\n\tProcess Command Line:\tC:\\windows\\system32\\wbem\\wmiprvse.exe -secured -Embedding\r\n\r\nToken Elevation Type indicates the type of token that was assigned to the new process in accordance with User Account Control policy.\r\n\r\nType 1 is a full token with no privileges removed or groups disabled.  A full token is only used if User Account Control is disabled or if the user is the built-in Administrator account or a service account.\r\n\r\nType 2 is an elevated token with no privileges removed or groups disabled.  An elevated token is used when User Account Control is enabled and the user chooses to start the program using Run as administrator.  An elevated token is also used when an application is configured to always require administrative privilege or to always require maximum privilege, and the user is a member of the Administrators group.\r\n\r\nType 3 is a limited token with administrative privileges removed and administrative groups disabled.  The limited token is used when User Account Control is enabled, the application does not require administrative privilege, and the user does not choose to start the program using Run as administrator."}
{"SubjectUserName":"WORKSTATION5$","TimeCreated":"2020-10-18 02:17:03.507","SubjectLogonId":"0x3e7","ObjectServer":"Security","ObjectType":"Token","SubjectUserSid":"S-1-5-18","EventID":4670,"Channel":"Security","Task":"13570","ObjectName":"-","SubjectDomainName":"WORKGROUP","Hostname":"WORKSTATION5","ProcessName":"C:\\Windows\\System32\\svchost.exe","ProcessId":"0xca8","OldSd":"D:(A;;GA;;;SY)(A;;GA;;;NS)","NewSd":"D:(A;;GA;;;SY)(A;;RC;;;OW)(A;;GA;;;S-1-5-86-615999462-62705297-2911207457-59056572-3668589837)","HandleId":"0x958","Message":"Permissions on an object were changed.\r\n\r\nSubject:\r\n\tSecurity ID:\t\tS-1-5-18\r\n\tAccount Name:\t\tWORKSTATION5$\r\n\tAccount Domain:\t\tWORKGROUP\r\n\tLogon ID:\t\t0x3E7\r\n\r\nObject:\r\n\tObject Server:\tSecurity\r\n\tObject Type:\tToken\r\n\tObject Name:\t-\r\n\tHandle ID:\t0x958\r\n\r\nProcess:\r\n\tProcess ID:\t0xca8\r\n\tProcess Name:\tC:\\Windows\\System32\\svchost.exe\r\n\r\nPermissions Change:\r\n\tOriginal Security Descriptor:\tD:(A;;GA;;;SY)(A;;GA;;;NS)\r\n\tNew Security Descriptor:\tD:(A;;GA;;;SY)(A;;RC;;;OW)(A;;GA;;;S-1-5-86-615999462-62705297-2911207457-59056572-3668589837)"}
{"SubjectUserName":"WORKSTATION5$","TimeCreated":"2020-10-18 02:17:03.504","SubjectLogonId":"0x3e7","DisabledPrivilegeList":"-","TargetLogonId":"0x3e7","Message":"A token right was adjusted.\r\n\r\nSubject:\r\n\tSecurity ID:\t\tS-1-5-18\r\n\tAccount Name:\t\tWORKSTATION5$\r\n\tAccount Domain:\t\tWORKGROUP\r\n\tLogon ID:\t\t0x3E7\r\n\r\nTarget Account:\r\n\tSecurity ID:\t\tS-1-5-18\r\n\tAccount Name:\t\tWORKSTATION5$\r\n\tAccount Domain:\t\tWORKGROUP\r\n\tLogon ID:\t\t0x3E7\r\n\r\nProcess Information:\r\n\tProcess ID:\t\t0xca8\r\n\tProcess Name:\t\tC:\\Windows\\System32\\svchost.exe\r\n\r\nEnabled Privileges:\r\n\t\t\tSeAssignPrimaryTokenPrivilege\r\n\t\t\tSeIncreaseQuotaPrivilege\r\n\t\t\tSeSecurityPrivilege\r\n\t\t\tSeTakeOwnershipPrivilege\r\n\t\t\tSeLoadDriverPrivilege\r\n\t\t\tSeSystemtimePrivilege\r\n\t\t\tSeBackupPrivilege\r\n\t\t\tSeRestorePrivilege\r\n\t\t\tSeShutdownPrivilege\r\n\t\t\tSeSystemEnvironmentPrivilege\r\n\t\t\tSeUndockPrivilege\r\n\t\t\tSeManageVolumePrivilege\r\n\r\nDisabled Privileges:\r\n\t\t\t-","SubjectUserSid":"S-1-5-18","EventID":4703,"Channel":"Security","Task":"13317","SubjectDomainName":"WORKGROUP","Hostname":"WORKSTATION5","ProcessName":"C:\\Windows\\System32\\svchost.exe","ProcessId":"0xca8","TargetUserSid":"S-1-5-18","TargetDomainName":"WORKGROUP","EnabledPrivilegeList":"SeAssignPrimaryTokenPrivilege\n\t\t\tSeIncreaseQuotaPrivilege\n\t\t\tSeSecurityPrivilege\n\t\t\tSeTakeOwnershipPrivilege\n\t\t\tSeLoadDriverPrivilege\n\t\t\tSeSystemtimePrivilege\n\t\t\tSeBackupPrivilege\n\t\t\tSeRestorePrivilege\n\t\t\tSeShutdownPrivilege\n\t\t\tSeSystemEnvironmentPrivilege\n\t\t\tSeUndockPrivilege\n\t\t\tSeManageVolumePrivilege","TargetUserName":"WORKSTATION5$"}
{"SubjectUserName":"WORKSTATION5$","TimeCreated":"2020-10-18 02:17:03.504","SubjectLogonId":"0x3e7","DisabledPrivilegeList":"-","TargetLogonId":"0x3e7","Message":"A token right was adjusted.\r\n\r\nSubject:\r\n\tSecurity ID:\t\tS-1-5-18\r\n\tAccount Name:\t\tWORKSTATION5$\r\n\tAccount Domain:\t\tWORKGROUP\r\n\tLogon ID:\t\t0x3E7\r\n\r\nTarget Account:\r\n\tSecurity ID:\t\tS-1-5-18\r\n\tAccount Name:\t\tWORKSTATION5$\r\n\tAccount Domain:\t\tWORKGROUP\r\n\tLogon ID:\t\t0x3E7\r\n\r\nProcess Information:\r\n\tProcess ID:\t\t0xca8\r\n\tProcess Name:\t\tC:\\Windows\\System32\\svchost.exe\r\n\r\nEnabled Privileges:\r\n\t\t\tSeAssignPrimaryTokenPrivilege\r\n\t\t\tSeIncreaseQuotaPrivilege\r\n\t\t\tSeSecurityPrivilege\r\n\t\t\tSeTakeOwnershipPrivilege\r\n\t\t\tSeLoadDriverPrivilege\r\n\t\t\tSeSystemtimePrivilege\r\n\t\t\tSeBackupPrivilege\r\n\t\t\tSeRestorePrivilege\r\n\t\t\tSeShutdownPrivilege\r\n\t\t\tSeSystemEnvironmentPrivilege\r\n\t\t\tSeUndockPrivilege\r\n\t\t\tSeManageVolumePrivilege\r\n\r\nDisabled Privileges:\r\n\t\t\t-","SubjectUserSid":"S-1-5-18","EventID":4703,"Channel":"Security","Task":"13317","SubjectDomainName":"WORKGROUP","Hostname":"WORKSTATION5","ProcessName":"C:\\Windows\\System32\\svchost.exe","ProcessId":"0xca8","TargetUserSid":"S-1-5-18","TargetDomainName":"WORKGROUP","EnabledPrivilegeList":"SeAssignPrimaryTokenPrivilege\n\t\t\tSeIncreaseQuotaPrivilege\n\t\t\tSeSecurityPrivilege\n\t\t\tSeTakeOwnershipPrivilege\n\t\t\tSeLoadDriverPrivilege\n\t\t\tSeSystemtimePrivilege\n\t\t\tSeBackupPrivilege\n\t\t\tSeRestorePrivilege\n\t\t\tSeShutdownPrivilege\n\t\t\tSeSystemEnvironmentPrivilege\n\t\t\tSeUndockPrivilege\n\t\t\tSeManageVolumePrivilege","TargetUserName":"WORKSTATION5$"}
{"SubjectUserName":"WORKSTATION5$","TimeCreated":"2020-10-18 02:17:03.501","SubjectLogonId":"0x3e7","DisabledPrivilegeList":"-","TargetLogonId":"0x3e7","Message":"A token right was adjusted.\r\n\r\nSubject:\r\n\tSecurity ID:\t\tS-1-5-18\r\n\tAccount Name:\t\tWORKSTATION5$\r\n\tAccount Domain:\t\tWORKGROUP\r\n\tLogon ID:\t\t0x3E7\r\n\r\nTarget Account:\r\n\tSecurity ID:\t\tS-1-5-18\r\n\tAccount Name:\t\tWORKSTATION5$\r\n\tAccount Domain:\t\tWORKGROUP\r\n\tLogon ID:\t\t0x3E7\r\n\r\nProcess Information:\r\n\tProcess ID:\t\t0xca8\r\n\tProcess Name:\t\tC:\\Windows\\System32\\svchost.exe\r\n\r\nEnabled Privileges:\r\n\t\t\tSeAssignPrimaryTokenPrivilege\r\n\t\t\tSeIncreaseQuotaPrivilege\r\n\t\t\tSeSecurityPrivilege\r\n\t\t\tSeTakeOwnershipPrivilege\r\n\t\t\tSeLoadDriverPrivilege\r\n\t\t\tSeSystemtimePrivilege\r\n\t\t\tSeBackupPrivilege\r\n\t\t\tSeRestorePrivilege\r\n\t\t\tSeShutdownPrivilege\r\n\t\t\tSeSystemEnvironmentPrivilege\r\n\t\t\tSeUndockPrivilege\r\n\t\t\tSeManageVolumePrivilege\r\n\r\nDisabled Privileges:\r\n\t\t\t-","SubjectUserSid":"S-1-5-18","EventID":4703,"Channel":"Security","Task":"13317","SubjectDomainName":"WORKGROUP","Hostname":"WORKSTATION5","ProcessName":"C:\\Windows\\System32\\svchost.exe","ProcessId":"0xca8","TargetUserSid":"S-1-5-18","TargetDomainName":"WORKGROUP","EnabledPrivilegeList":"SeAssignPrimaryTokenPrivilege\n\t\t\tSeIncreaseQuotaPrivilege\n\t\t\tSeSecurityPrivilege\n\t\t\tSeTakeOwnershipPrivilege\n\t\t\tSeLoadDriverPrivilege\n\t\t\tSeSystemtimePrivilege\n\t\t\tSeBackupPrivilege\n\t\t\tSeRestorePrivilege\n\t\t\tSeShutdownPrivilege\n\t\t\tSeSystemEnvironmentPrivilege\n\t\t\tSeUndockPrivilege\n\t\t\tSeManageVolumePrivilege","TargetUserName":"WORKSTATION5$"}
{"SubjectUserName":"WORKSTATION5$","TimeCreated":"2020-10-18 02:17:03.500","SubjectLogonId":"0x3e7","DisabledPrivilegeList":"-","TargetLogonId":"0x3e7","Message":"A token right was adjusted.\r\n\r\nSubject:\r\n\tSecurity ID:\t\tS-1-5-18\r\n\tAccount Name:\t\tWORKSTATION5$\r\n\tAccount Domain:\t\tWORKGROUP\r\n\tLogon ID:\t\t0x3E7\r\n\r\nTarget Account:\r\n\tSecurity ID:\t\tS-1-5-18\r\n\tAccount Name:\t\tWORKSTATION5$\r\n\tAccount Domain:\t\tWORKGROUP\r\n\tLogon ID:\t\t0x3E7\r\n\r\nProcess Information:\r\n\tProcess ID:\t\t0xca8\r\n\tProcess Name:\t\tC:\\Windows\\System32\\svchost.exe\r\n\r\nEnabled Privileges:\r\n\t\t\tSeAssignPrimaryTokenPrivilege\r\n\t\t\tSeIncreaseQuotaPrivilege\r\n\t\t\tSeSecurityPrivilege\r\n\t\t\tSeTakeOwnershipPrivilege\r\n\t\t\tSeLoadDriverPrivilege\r\n\t\t\tSeSystemtimePrivilege\r\n\t\t\tSeBackupPrivilege\r\n\t\t\tSeRestorePrivilege\r\n\t\t\tSeShutdownPrivilege\r\n\t\t\tSeSystemEnvironmentPrivilege\r\n\t\t\tSeUndockPrivilege\r\n\t\t\tSeManageVolumePrivilege\r\n\r\nDisabled Privileges:\r\n\t\t\t-","SubjectUserSid":"S-1-5-18","EventID":4703,"Channel":"Security","Task":"13317","SubjectDomainName":"WORKGROUP","Hostname":"WORKSTATION5","ProcessName":"C:\\Windows\\System32\\svchost.exe","ProcessId":"0xca8","TargetUserSid":"S-1-5-18","TargetDomainName":"WORKGROUP","EnabledPrivilegeList":"SeAssignPrimaryTokenPrivilege\n\t\t\tSeIncreaseQuotaPrivilege\n\t\t\tSeSecurityPrivilege\n\t\t\tSeTakeOwnershipPrivilege\n\t\t\tSeLoadDriverPrivilege\n\t\t\tSeSystemtimePrivilege\n\t\t\tSeBackupPrivilege\n\t\t\tSeRestorePrivilege\n\t\t\tSeShutdownPrivilege\n\t\t\tSeSystemEnvironmentPrivilege\n\t\t\tSeUndockPrivilege\n\t\t\tSeManageVolumePrivilege","TargetUserName":"WORKSTATION5$"}
{"SubjectUserName":"WORKSTATION5$","TimeCreated":"2020-10-18 02:17:03.499","SubjectLogonId":"0x3e7","DisabledPrivilegeList":"-","TargetLogonId":"0x3e7","Message":"A token right was adjusted.\r\n\r\nSubject:\r\n\tSecurity ID:\t\tS-1-5-18\r\n\tAccount Name:\t\tWORKSTATION5$\r\n\tAccount Domain:\t\tWORKGROUP\r\n\tLogon ID:\t\t0x3E7\r\n\r\nTarget Account:\r\n\tSecurity ID:\t\tS-1-5-18\r\n\tAccount Name:\t\tWORKSTATION5$\r\n\tAccount Domain:\t\tWORKGROUP\r\n\tLogon ID:\t\t0x3E7\r\n\r\nProcess Information:\r\n\tProcess ID:\t\t0xca8\r\n\tProcess Name:\t\tC:\\Windows\\System32\\svchost.exe\r\n\r\nEnabled Privileges:\r\n\t\t\tSeAssignPrimaryTokenPrivilege\r\n\t\t\tSeIncreaseQuotaPrivilege\r\n\t\t\tSeSecurityPrivilege\r\n\t\t\tSeTakeOwnershipPrivilege\r\n\t\t\tSeLoadDriverPrivilege\r\n\t\t\tSeSystemtimePrivilege\r\n\t\t\tSeBackupPrivilege\r\n\t\t\tSeRestorePrivilege\r\n\t\t\tSeShutdownPrivilege\r\n\t\t\tSeSystemEnvironmentPrivilege\r\n\t\t\tSeUndockPrivilege\r\n\t\t\tSeManageVolumePrivilege\r\n\r\nDisabled Privileges:\r\n\t\t\t-","SubjectUserSid":"S-1-5-18","EventID":4703,"Channel":"Security","Task":"13317","SubjectDomainName":"WORKGROUP","Hostname":"WORKSTATION5","ProcessName":"C:\\Windows\\System32\\svchost.exe","ProcessId":"0xca8","TargetUserSid":"S-1-5-18","TargetDomainName":"WORKGROUP","EnabledPrivilegeList":"SeAssignPrimaryTokenPrivilege\n\t\t\tSeIncreaseQuotaPrivilege\n\t\t\tSeSecurityPrivilege\n\t\t\tSeTakeOwnershipPrivilege\n\t\t\tSeLoadDriverPrivilege\n\t\t\tSeSystemtimePrivilege\n\t\t\tSeBackupPrivilege\n\t\t\tSeRestorePrivilege\n\t\t\tSeShutdownPrivilege\n\t\t\tSeSystemEnvironmentPrivilege\n\t\t\tSeUndockPrivilege\n\t\t\tSeManageVolumePrivilege","TargetUserName":"WORKSTATION5$"}
{"SubjectUserName":"wardog","TimeCreated":"2020-10-18 02:17:03.475","SubjectLogonId":"0x13899ea","ObjectServer":"Security","SubjectUserSid":"S-1-5-21-3940915590-64593676-1414006259-500","EventID":4658,"Channel":"Security","Task":"12801","SubjectDomainName":"WORKSTATION5","Hostname":"WORKSTATION5","ProcessName":"C:\\Windows\\System32\\wbem\\WMIC.exe","ProcessId":"0x428","HandleId":"0x308","Message":"The handle to an object was closed.\r\n\r\nSubject :\r\n\tSecurity ID:\t\tS-1-5-21-3940915590-64593676-1414006259-500\r\n\tAccount Name:\t\twardog\r\n\tAccount Domain:\t\tWORKSTATION5\r\n\tLogon ID:\t\t0x13899EA\r\n\r\nObject:\r\n\tObject Server:\t\tSecurity\r\n\tHandle ID:\t\t0x308\r\n\r\nProcess Information:\r\n\tProcess ID:\t\t0x428\r\n\tProcess Name:\t\tC:\\Windows\\System32\\wbem\\WMIC.exe"}
{"SubjectUserName":"wardog","TimeCreated":"2020-10-18 02:17:03.475","SubjectLogonId":"0x13899ea","ResourceAttributes":"-","ObjectServer":"Security","ObjectType":"Key","SubjectUserSid":"S-1-5-21-3940915590-64593676-1414006259-500","EventID":4663,"Channel":"Security","Task":"12801","ObjectName":"\\REGISTRY\\MACHINE\\SYSTEM\\ControlSet001\\Control\\Session Manager\\Environment","AccessMask":"0x1","SubjectDomainName":"WORKSTATION5","Hostname":"WORKSTATION5","ProcessName":"C:\\Windows\\System32\\wbem\\WMIC.exe","ProcessId":"0x428","AccessList":"%%4432\n\t\t\t\t","HandleId":"0x308","Message":"An attempt was made to access an object.\r\n\r\nSubject:\r\n\tSecurity ID:\t\tS-1-5-21-3940915590-64593676-1414006259-500\r\n\tAccount Name:\t\twardog\r\n\tAccount Domain:\t\tWORKSTATION5\r\n\tLogon ID:\t\t0x13899EA\r\n\r\nObject:\r\n\tObject Server:\t\tSecurity\r\n\tObject Type:\t\tKey\r\n\tObject Name:\t\t\\REGISTRY\\MACHINE\\SYSTEM\\ControlSet001\\Control\\Session Manager\\Environment\r\n\tHandle ID:\t\t0x308\r\n\tResource Attributes:\t-\r\n\r\nProcess Information:\r\n\tProcess ID:\t\t0x428\r\n\tProcess Name:\t\tC:\\Windows\\System32\\wbem\\WMIC.exe\r\n\r\nAccess Request Information:\r\n\tAccesses:\t\tQuery key value\r\n\t\t\t\t\r\n\tAccess Mask:\t\t0x1"}
{"SubjectUserName":"wardog","TimeCreated":"2020-10-18 02:17:03.475","SubjectLogonId":"0x13899ea","ResourceAttributes":"-","PrivilegeList":"-","ObjectServer":"Security","ObjectType":"Key","SubjectUserSid":"S-1-5-21-3940915590-64593676-1414006259-500","EventID":4656,"Channel":"Security","Task":"12801","ObjectName":"\\REGISTRY\\MACHINE\\SYSTEM\\ControlSet001\\Control\\Session Manager\\Environment","AccessMask":"0x20019","SubjectDomainName":"WORKSTATION5","Hostname":"WORKSTATION5","ProcessName":"C:\\Windows\\System32\\wbem\\WMIC.exe","ProcessId":"0x428","AccessReason":"-","RestrictedSidCount":"0","AccessList":"%%1538\n\t\t\t\t%%4432\n\t\t\t\t%%4435\n\t\t\t\t%%4436\n\t\t\t\t","HandleId":"0x308","TransactionId":"{00000000-0000-0000-0000-000000000000}","Message":"A handle to an object was requested.\r\n\r\nSubject:\r\n\tSecurity ID:\t\tS-1-5-21-3940915590-64593676-1414006259-500\r\n\tAccount Name:\t\twardog\r\n\tAccount Domain:\t\tWORKSTATION5\r\n\tLogon ID:\t\t0x13899EA\r\n\r\nObject:\r\n\tObject Server:\t\tSecurity\r\n\tObject Type:\t\tKey\r\n\tObject Name:\t\t\\REGISTRY\\MACHINE\\SYSTEM\\ControlSet001\\Control\\Session Manager\\Environment\r\n\tHandle ID:\t\t0x308\r\n\tResource Attributes:\t-\r\n\r\nProcess Information:\r\n\tProcess ID:\t\t0x428\r\n\tProcess Name:\t\tC:\\Windows\\System32\\wbem\\WMIC.exe\r\n\r\nAccess Request Information:\r\n\tTransaction ID:\t\t{00000000-0000-0000-0000-000000000000}\r\n\tAccesses:\t\tREAD_CONTROL\r\n\t\t\t\tQuery key value\r\n\t\t\t\tEnumerate sub-keys\r\n\t\t\t\tNotify about changes to keys\r\n\t\t\t\t\r\n\tAccess Reasons:\t\t-\r\n\tAccess Mask:\t\t0x20019\r\n\tPrivileges Used for Access Check:\t-\r\n\tRestricted SID Count:\t0"}
{"SubjectUserName":"wardog","TimeCreated":"2020-10-18 02:17:03.475","SubjectLogonId":"0x13899ea","ObjectServer":"Security","SubjectUserSid":"S-1-5-21-3940915590-64593676-1414006259-500","EventID":4658,"Channel":"Security","Task":"12801","SubjectDomainName":"WORKSTATION5","Hostname":"WORKSTATION5","ProcessName":"C:\\Windows\\System32\\wbem\\WMIC.exe","ProcessId":"0x428","HandleId":"0x1bc8","Message":"The handle to an object was closed.\r\n\r\nSubject :\r\n\tSecurity ID:\t\tS-1-5-21-3940915590-64593676-1414006259-500\r\n\tAccount Name:\t\twardog\r\n\tAccount Domain:\t\tWORKSTATION5\r\n\tLogon ID:\t\t0x13899EA\r\n\r\nObject:\r\n\tObject Server:\t\tSecurity\r\n\tHandle ID:\t\t0x1bc8\r\n\r\nProcess Information:\r\n\tProcess ID:\t\t0x428\r\n\tProcess Name:\t\tC:\\Windows\\System32\\wbem\\WMIC.exe"}
{"SubjectUserName":"wardog","TimeCreated":"2020-10-18 02:17:03.475","SubjectLogonId":"0x13899ea","TargetProcessId":"0x4","SubjectUserSid":"S-1-5-21-3940915590-64593676-1414006259-500","SourceHandleId":"0x308","EventID":4690,"Channel":"Security","SourceProcessId":"0x428","SubjectDomainName":"WORKSTATION5","Hostname":"WORKSTATION5","Task":"12807","TargetHandleId":"0x1bc8","Message":"An attempt was made to duplicate a handle to an object.\r\n\r\nSubject:\r\n\tSecurity ID:\t\tS-1-5-21-3940915590-64593676-1414006259-500\r\n\tAccount Name:\t\twardog\r\n\tAccount Domain:\t\tWORKSTATION5\r\n\tLogon ID:\t\t0x13899EA\r\n\r\nSource Handle Information:\r\n\tSource Handle ID:\t0x308\r\n\tSource Process ID:\t0x428\r\n\r\nNew Handle Information:\r\n\tTarget Handle ID:\t0x1bc8\r\n\tTarget Process ID:\t0x4"}
{"SubjectUserName":"wardog","TimeCreated":"2020-10-18 02:17:03.472","SubjectLogonId":"0x13899ea","PrivilegeList":"SeTakeOwnershipPrivilege","ObjectServer":"Security","ObjectType":"Semaphore","SubjectUserSid":"S-1-5-21-3940915590-64593676-1414006259-500","EventID":4674,"Channel":"Security","Task":"13056","ObjectName":"\\Sessions\\2\\BaseNamedObjects\\SM0:1064:304:WilStaging_02_p0h","AccessMask":"%%1537\n\t\t\t\t%%1538\n\t\t\t\t%%1539\n\t\t\t\t%%1540\n\t\t\t\t%%1541\n\t\t\t\t%%4528\n\t\t\t\t%%4529\n\t\t\t\t","SubjectDomainName":"WORKSTATION5","Hostname":"WORKSTATION5","ProcessName":"C:\\Windows\\System32\\wbem\\WMIC.exe","ProcessId":"0x428","HandleId":"0x2f4","Message":"An operation was attempted on a privileged object.\r\n\r\nSubject:\r\n\tSecurity ID:\t\tS-1-5-21-3940915590-64593676-1414006259-500\r\n\tAccount Name:\t\twardog\r\n\tAccount Domain:\t\tWORKSTATION5\r\n\tLogon ID:\t\t0x13899EA\r\n\r\nObject:\r\n\tObject Server:\tSecurity\r\n\tObject Type:\tSemaphore\r\n\tObject Name:\t\\Sessions\\2\\BaseNamedObjects\\SM0:1064:304:WilStaging_02_p0h\r\n\tObject Handle:\t0x2f4\r\n\r\nProcess Information:\r\n\tProcess ID:\t0x428\r\n\tProcess Name:\tC:\\Windows\\System32\\wbem\\WMIC.exe\r\n\r\nRequested Operation:\r\n\tDesired Access:\tDELETE\r\n\t\t\t\tREAD_CONTROL\r\n\t\t\t\tWRITE_DAC\r\n\t\t\t\tWRITE_OWNER\r\n\t\t\t\tSYNCHRONIZE\r\n\t\t\t\tQuery semaphore state\r\n\t\t\t\tModify semaphore state\r\n\t\t\t\t\r\n\tPrivileges:\t\tSeTakeOwnershipPrivilege"}
{"SubjectUserName":"wardog","TimeCreated":"2020-10-18 02:17:03.472","SubjectLogonId":"0x13899ea","PrivilegeList":"SeTakeOwnershipPrivilege","ObjectServer":"Security","ObjectType":"Semaphore","SubjectUserSid":"S-1-5-21-3940915590-64593676-1414006259-500","EventID":4674,"Channel":"Security","Task":"13056","ObjectName":"\\Sessions\\2\\BaseNamedObjects\\SM0:1064:304:WilStaging_02_p0","AccessMask":"%%1537\n\t\t\t\t%%1538\n\t\t\t\t%%1539\n\t\t\t\t%%1540\n\t\t\t\t%%1541\n\t\t\t\t%%4528\n\t\t\t\t%%4529\n\t\t\t\t","SubjectDomainName":"WORKSTATION5","Hostname":"WORKSTATION5","ProcessName":"C:\\Windows\\System32\\wbem\\WMIC.exe","ProcessId":"0x428","HandleId":"0x2f0","Message":"An operation was attempted on a privileged object.\r\n\r\nSubject:\r\n\tSecurity ID:\t\tS-1-5-21-3940915590-64593676-1414006259-500\r\n\tAccount Name:\t\twardog\r\n\tAccount Domain:\t\tWORKSTATION5\r\n\tLogon ID:\t\t0x13899EA\r\n\r\nObject:\r\n\tObject Server:\tSecurity\r\n\tObject Type:\tSemaphore\r\n\tObject Name:\t\\Sessions\\2\\BaseNamedObjects\\SM0:1064:304:WilStaging_02_p0\r\n\tObject Handle:\t0x2f0\r\n\r\nProcess Information:\r\n\tProcess ID:\t0x428\r\n\tProcess Name:\tC:\\Windows\\System32\\wbem\\WMIC.exe\r\n\r\nRequested Operation:\r\n\tDesired Access:\tDELETE\r\n\t\t\t\tREAD_CONTROL\r\n\t\t\t\tWRITE_DAC\r\n\t\t\t\tWRITE_OWNER\r\n\t\t\t\tSYNCHRONIZE\r\n\t\t\t\tQuery semaphore state\r\n\t\t\t\tModify semaphore state\r\n\t\t\t\t\r\n\tPrivileges:\t\tSeTakeOwnershipPrivilege"}
{"SubjectUserName":"wardog","TimeCreated":"2020-10-18 02:17:03.472","SubjectLogonId":"0x13899ea","PrivilegeList":"SeTakeOwnershipPrivilege","ObjectServer":"Security","ObjectType":"-","SubjectUserSid":"S-1-5-21-3940915590-64593676-1414006259-500","EventID":4674,"Channel":"Security","Task":"13056","ObjectName":"-","AccessMask":"2031617","SubjectDomainName":"WORKSTATION5","Hostname":"WORKSTATION5","ProcessName":"C:\\Windows\\System32\\wbem\\WMIC.exe","ProcessId":"0x428","HandleId":"0x2ec","Message":"An operation was attempted on a privileged object.\r\n\r\nSubject:\r\n\tSecurity ID:\t\tS-1-5-21-3940915590-64593676-1414006259-500\r\n\tAccount Name:\t\twardog\r\n\tAccount Domain:\t\tWORKSTATION5\r\n\tLogon ID:\t\t0x13899EA\r\n\r\nObject:\r\n\tObject Server:\tSecurity\r\n\tObject Type:\t-\r\n\tObject Name:\t-\r\n\tObject Handle:\t0x2ec\r\n\r\nProcess Information:\r\n\tProcess ID:\t0x428\r\n\tProcess Name:\tC:\\Windows\\System32\\wbem\\WMIC.exe\r\n\r\nRequested Operation:\r\n\tDesired Access:\t2031617\r\n\tPrivileges:\t\tSeTakeOwnershipPrivilege"}
{"SubjectUserName":"wardog","TimeCreated":"2020-10-18 02:17:03.472","SubjectLogonId":"0x13899ea","PrivilegeList":"SeTakeOwnershipPrivilege","ObjectServer":"Security","ObjectType":"Mutant","SubjectUserSid":"S-1-5-21-3940915590-64593676-1414006259-500","EventID":4674,"Channel":"Security","Task":"13056","ObjectName":"\\Sessions\\2\\BaseNamedObjects\\SM0:1064:304:WilStaging_02","AccessMask":"%%1537\n\t\t\t\t%%1538\n\t\t\t\t%%1539\n\t\t\t\t%%1540\n\t\t\t\t%%1541\n\t\t\t\t%%4448\n\t\t\t\t","SubjectDomainName":"WORKSTATION5","Hostname":"WORKSTATION5","ProcessName":"C:\\Windows\\System32\\wbem\\WMIC.exe","ProcessId":"0x428","HandleId":"0x2ec","Message":"An operation was attempted on a privileged object.\r\n\r\nSubject:\r\n\tSecurity ID:\t\tS-1-5-21-3940915590-64593676-1414006259-500\r\n\tAccount Name:\t\twardog\r\n\tAccount Domain:\t\tWORKSTATION5\r\n\tLogon ID:\t\t0x13899EA\r\n\r\nObject:\r\n\tObject Server:\tSecurity\r\n\tObject Type:\tMutant\r\n\tObject Name:\t\\Sessions\\2\\BaseNamedObjects\\SM0:1064:304:WilStaging_02\r\n\tObject Handle:\t0x2ec\r\n\r\nProcess Information:\r\n\tProcess ID:\t0x428\r\n\tProcess Name:\tC:\\Windows\\System32\\wbem\\WMIC.exe\r\n\r\nRequested Operation:\r\n\tDesired Access:\tDELETE\r\n\t\t\t\tREAD_CONTROL\r\n\t\t\t\tWRITE_DAC\r\n\t\t\t\tWRITE_OWNER\r\n\t\t\t\tSYNCHRONIZE\r\n\t\t\t\tQuery mutant state\r\n\t\t\t\t\r\n\tPrivileges:\t\tSeTakeOwnershipPrivilege"}
{"SubjectUserName":"wardog","TimeCreated":"2020-10-18 02:17:03.387","SubjectLogonId":"0x13899ea","DisabledPrivilegeList":"-","TargetLogonId":"0x13899ea","Message":"A token right was adjusted.\r\n\r\nSubject:\r\n\tSecurity ID:\t\tS-1-5-21-3940915590-64593676-1414006259-500\r\n\tAccount Name:\t\twardog\r\n\tAccount Domain:\t\tWORKSTATION5\r\n\tLogon ID:\t\t0x13899EA\r\n\r\nTarget Account:\r\n\tSecurity ID:\t\tS-1-0-0\r\n\tAccount Name:\t\twardog\r\n\tAccount Domain:\t\tWORKSTATION5\r\n\tLogon ID:\t\t0x13899EA\r\n\r\nProcess Information:\r\n\tProcess ID:\t\t0x428\r\n\tProcess Name:\t\tC:\\Windows\\System32\\wbem\\WMIC.exe\r\n\r\nEnabled Privileges:\r\n\t\t\tSeIncreaseQuotaPrivilege\r\n\t\t\tSeSecurityPrivilege\r\n\t\t\tSeTakeOwnershipPrivilege\r\n\t\t\tSeLoadDriverPrivilege\r\n\t\t\tSeSystemProfilePrivilege\r\n\t\t\tSeSystemtimePrivilege\r\n\t\t\tSeProfileSingleProcessPrivilege\r\n\t\t\tSeIncreaseBasePriorityPrivilege\r\n\t\t\tSeCreatePagefilePrivilege\r\n\t\t\tSeBackupPrivilege\r\n\t\t\tSeRestorePrivilege\r\n\t\t\tSeShutdownPrivilege\r\n\t\t\tSeDebugPrivilege\r\n\t\t\tSeSystemEnvironmentPrivilege\r\n\t\t\tSeRemoteShutdownPrivilege\r\n\t\t\tSeUndockPrivilege\r\n\t\t\tSeManageVolumePrivilege\r\n\t\t\tSeIncreaseWorkingSetPrivilege\r\n\t\t\tSeTimeZonePrivilege\r\n\t\t\tSeCreateSymbolicLinkPrivilege\r\n\t\t\tSeDelegateSessionUserImpersonatePrivilege\r\n\r\nDisabled Privileges:\r\n\t\t\t-","SubjectUserSid":"S-1-5-21-3940915590-64593676-1414006259-500","EventID":4703,"Channel":"Security","Task":"13317","SubjectDomainName":"WORKSTATION5","Hostname":"WORKSTATION5","ProcessName":"C:\\Windows\\System32\\wbem\\WMIC.exe","ProcessId":"0x428","TargetUserSid":"S-1-0-0","TargetDomainName":"WORKSTATION5","EnabledPrivilegeList":"SeIncreaseQuotaPrivilege\n\t\t\tSeSecurityPrivilege\n\t\t\tSeTakeOwnershipPrivilege\n\t\t\tSeLoadDriverPrivilege\n\t\t\tSeSystemProfilePrivilege\n\t\t\tSeSystemtimePrivilege\n\t\t\tSeProfileSingleProcessPrivilege\n\t\t\tSeIncreaseBasePriorityPrivilege\n\t\t\tSeCreatePagefilePrivilege\n\t\t\tSeBackupPrivilege\n\t\t\tSeRestorePrivilege\n\t\t\tSeShutdownPrivilege\n\t\t\tSeDebugPrivilege\n\t\t\tSeSystemEnvironmentPrivilege\n\t\t\tSeRemoteShutdownPrivilege\n\t\t\tSeUndockPrivilege\n\t\t\tSeManageVolumePrivilege\n\t\t\tSeIncreaseWorkingSetPrivilege\n\t\t\tSeTimeZonePrivilege\n\t\t\tSeCreateSymbolicLinkPrivilege\n\t\t\tSeDelegateSessionUserImpersonatePrivilege","TargetUserName":"wardog"}
{"SubjectUserName":"wardog","TimeCreated":"2020-10-18 02:17:03.367","SubjectLogonId":"0x13899ea","ObjectServer":"Security","SubjectUserSid":"S-1-5-21-3940915590-64593676-1414006259-500","EventID":4658,"Channel":"Security","Task":"12801","SubjectDomainName":"WORKSTATION5","Hostname":"WORKSTATION5","ProcessName":"C:\\Windows\\System32\\wbem\\WMIC.exe","ProcessId":"0x428","HandleId":"0x98","Message":"The handle to an object was closed.\r\n\r\nSubject :\r\n\tSecurity ID:\t\tS-1-5-21-3940915590-64593676-1414006259-500\r\n\tAccount Name:\t\twardog\r\n\tAccount Domain:\t\tWORKSTATION5\r\n\tLogon ID:\t\t0x13899EA\r\n\r\nObject:\r\n\tObject Server:\t\tSecurity\r\n\tHandle ID:\t\t0x98\r\n\r\nProcess Information:\r\n\tProcess ID:\t\t0x428\r\n\tProcess Name:\t\tC:\\Windows\\System32\\wbem\\WMIC.exe"}
{"SubjectUserName":"wardog","TimeCreated":"2020-10-18 02:17:03.367","SubjectLogonId":"0x13899ea","ResourceAttributes":"-","ObjectServer":"Security","ObjectType":"Key","SubjectUserSid":"S-1-5-21-3940915590-64593676-1414006259-500","EventID":4663,"Channel":"Security","Task":"12801","ObjectName":"\\REGISTRY\\MACHINE\\SYSTEM\\ControlSet001\\Control\\Lsa","AccessMask":"0x1","SubjectDomainName":"WORKSTATION5","Hostname":"WORKSTATION5","ProcessName":"C:\\Windows\\System32\\wbem\\WMIC.exe","ProcessId":"0x428","AccessList":"%%4432\n\t\t\t\t","HandleId":"0x98","Message":"An attempt was made to access an object.\r\n\r\nSubject:\r\n\tSecurity ID:\t\tS-1-5-21-3940915590-64593676-1414006259-500\r\n\tAccount Name:\t\twardog\r\n\tAccount Domain:\t\tWORKSTATION5\r\n\tLogon ID:\t\t0x13899EA\r\n\r\nObject:\r\n\tObject Server:\t\tSecurity\r\n\tObject Type:\t\tKey\r\n\tObject Name:\t\t\\REGISTRY\\MACHINE\\SYSTEM\\ControlSet001\\Control\\Lsa\r\n\tHandle ID:\t\t0x98\r\n\tResource Attributes:\t-\r\n\r\nProcess Information:\r\n\tProcess ID:\t\t0x428\r\n\tProcess Name:\t\tC:\\Windows\\System32\\wbem\\WMIC.exe\r\n\r\nAccess Request Information:\r\n\tAccesses:\t\tQuery key value\r\n\t\t\t\t\r\n\tAccess Mask:\t\t0x1"}
{"SubjectUserName":"wardog","TimeCreated":"2020-10-18 02:17:03.367","SubjectLogonId":"0x13899ea","ResourceAttributes":"-","PrivilegeList":"-","ObjectServer":"Security","ObjectType":"Key","SubjectUserSid":"S-1-5-21-3940915590-64593676-1414006259-500","EventID":4656,"Channel":"Security","Task":"12801","ObjectName":"\\REGISTRY\\MACHINE\\SYSTEM\\ControlSet001\\Control\\Lsa","AccessMask":"0x1","SubjectDomainName":"WORKSTATION5","Hostname":"WORKSTATION5","ProcessName":"C:\\Windows\\System32\\wbem\\WMIC.exe","ProcessId":"0x428","AccessReason":"-","RestrictedSidCount":"0","AccessList":"%%4432\n\t\t\t\t","HandleId":"0x98","TransactionId":"{00000000-0000-0000-0000-000000000000}","Message":"A handle to an object was requested.\r\n\r\nSubject:\r\n\tSecurity ID:\t\tS-1-5-21-3940915590-64593676-1414006259-500\r\n\tAccount Name:\t\twardog\r\n\tAccount Domain:\t\tWORKSTATION5\r\n\tLogon ID:\t\t0x13899EA\r\n\r\nObject:\r\n\tObject Server:\t\tSecurity\r\n\tObject Type:\t\tKey\r\n\tObject Name:\t\t\\REGISTRY\\MACHINE\\SYSTEM\\ControlSet001\\Control\\Lsa\r\n\tHandle ID:\t\t0x98\r\n\tResource Attributes:\t-\r\n\r\nProcess Information:\r\n\tProcess ID:\t\t0x428\r\n\tProcess Name:\t\tC:\\Windows\\System32\\wbem\\WMIC.exe\r\n\r\nAccess Request Information:\r\n\tTransaction ID:\t\t{00000000-0000-0000-0000-000000000000}\r\n\tAccesses:\t\tQuery key value\r\n\t\t\t\t\r\n\tAccess Reasons:\t\t-\r\n\tAccess Mask:\t\t0x1\r\n\tPrivileges Used for Access Check:\t-\r\n\tRestricted SID Count:\t0"}
{"SubjectUserName":"wardog","TimeCreated":"2020-10-18 02:17:03.367","SubjectLogonId":"0x13899ea","ObjectServer":"Security","SubjectUserSid":"S-1-5-21-3940915590-64593676-1414006259-500","EventID":4658,"Channel":"Security","Task":"12801","SubjectDomainName":"WORKSTATION5","Hostname":"WORKSTATION5","ProcessName":"C:\\Windows\\System32\\wbem\\WMIC.exe","ProcessId":"0x428","HandleId":"0x1bc8","Message":"The handle to an object was closed.\r\n\r\nSubject :\r\n\tSecurity ID:\t\tS-1-5-21-3940915590-64593676-1414006259-500\r\n\tAccount Name:\t\twardog\r\n\tAccount Domain:\t\tWORKSTATION5\r\n\tLogon ID:\t\t0x13899EA\r\n\r\nObject:\r\n\tObject Server:\t\tSecurity\r\n\tHandle ID:\t\t0x1bc8\r\n\r\nProcess Information:\r\n\tProcess ID:\t\t0x428\r\n\tProcess Name:\t\tC:\\Windows\\System32\\wbem\\WMIC.exe"}
{"SubjectUserName":"wardog","TimeCreated":"2020-10-18 02:17:03.367","SubjectLogonId":"0x13899ea","TargetProcessId":"0x4","SubjectUserSid":"S-1-5-21-3940915590-64593676-1414006259-500","SourceHandleId":"0x98","EventID":4690,"Channel":"Security","SourceProcessId":"0x428","SubjectDomainName":"WORKSTATION5","Hostname":"WORKSTATION5","Task":"12807","TargetHandleId":"0x1bc8","Message":"An attempt was made to duplicate a handle to an object.\r\n\r\nSubject:\r\n\tSecurity ID:\t\tS-1-5-21-3940915590-64593676-1414006259-500\r\n\tAccount Name:\t\twardog\r\n\tAccount Domain:\t\tWORKSTATION5\r\n\tLogon ID:\t\t0x13899EA\r\n\r\nSource Handle Information:\r\n\tSource Handle ID:\t0x98\r\n\tSource Process ID:\t0x428\r\n\r\nNew Handle Information:\r\n\tTarget Handle ID:\t0x1bc8\r\n\tTarget Process ID:\t0x4"}
{"SubjectUserName":"wardog","TimeCreated":"2020-10-18 02:17:03.239","CommandLine":"wmic  process list /FORMAT:\"https://raw.githubusercontent.com/redcanaryco/atomic-red-team/master/atomics/T1220/src/wmicscript.xsl\"","SubjectLogonId":"0x13899ea","SubjectDomainName":"WORKSTATION5","TargetLogonId":"0x0","TokenElevationType":"%%1936","SubjectUserSid":"S-1-5-21-3940915590-64593676-1414006259-500","NewProcessName":"C:\\Windows\\System32\\wbem\\WMIC.exe","EventID":4688,"Channel":"Security","Task":"13312","NewProcessId":"0x428","Hostname":"WORKSTATION5","MandatoryLabel":"S-1-16-12288","ProcessId":"0x1658","TargetUserName":"-","ParentProcessName":"C:\\Windows\\System32\\cmd.exe","TargetUserSid":"S-1-0-0","TargetDomainName":"-","Message":"A new process has been created.\r\n\r\nCreator Subject:\r\n\tSecurity ID:\t\tS-1-5-21-3940915590-64593676-1414006259-500\r\n\tAccount Name:\t\twardog\r\n\tAccount Domain:\t\tWORKSTATION5\r\n\tLogon ID:\t\t0x13899EA\r\n\r\nTarget Subject:\r\n\tSecurity ID:\t\tS-1-0-0\r\n\tAccount Name:\t\t-\r\n\tAccount Domain:\t\t-\r\n\tLogon ID:\t\t0x0\r\n\r\nProcess Information:\r\n\tNew Process ID:\t\t0x428\r\n\tNew Process Name:\tC:\\Windows\\System32\\wbem\\WMIC.exe\r\n\tToken Elevation Type:\t%%1936\r\n\tMandatory Label:\t\tS-1-16-12288\r\n\tCreator Process ID:\t0x1658\r\n\tCreator Process Name:\tC:\\Windows\\System32\\cmd.exe\r\n\tProcess Command Line:\twmic  process list /FORMAT:\"https://raw.githubusercontent.com/redcanaryco/atomic-red-team/master/atomics/T1220/src/wmicscript.xsl\"\r\n\r\nToken Elevation Type indicates the type of token that was assigned to the new process in accordance with User Account Control policy.\r\n\r\nType 1 is a full token with no privileges removed or groups disabled.  A full token is only used if User Account Control is disabled or if the user is the built-in Administrator account or a service account.\r\n\r\nType 2 is an elevated token with no privileges removed or groups disabled.  An elevated token is used when User Account Control is enabled and the user chooses to start the program using Run as administrator.  An elevated token is also used when an application is configured to always require administrative privilege or to always require maximum privilege, and the user is a member of the Administrators group.\r\n\r\nType 3 is a limited token with administrative privileges removed and administrative groups disabled.  The limited token is used when User Account Control is enabled, the application does not require administrative privilege, and the user does not choose to start the program using Run as administrator."}
{"Message":"The audit log was cleared.\r\nSubject:\r\n\tSecurity ID:\tS-1-5-21-3940915590-64593676-1414006259-500\r\n\tAccount Name:\twardog\r\n\tDomain Name:\tWORKSTATION5\r\n\tLogon ID:\t0x13899EA","TimeCreated":"2020-10-18 02:17:00.214","Hostname":"WORKSTATION5","Task":"104","Channel":"Security","EventID":1102}
{"TimeCreated":"2020-10-18 02:17:17.852","UtcTime":"2020-10-18 06:17:17.851","ProcessGuid":"{39e4a257-1bcf-5f89-a90e-000000000400}","Image":"C:\\windows\\Explorer.EXE","EventID":13,"Channel":"Microsoft-Windows-Sysmon/Operational","Task":"13","RuleName":"-","Message":"Registry value set:\r\nRuleName: -\r\nEventType: SetValue\r\nUtcTime: 2020-10-18 06:17:17.851\r\nProcessGuid: {39e4a257-1bcf-5f89-a90e-000000000400}\r\nProcessId: 4548\r\nImage: C:\\windows\\Explorer.EXE\r\nTargetObject: HKU\\S-1-5-21-3940915590-64593676-1414006259-500\\Software\\Microsoft\\Windows\\CurrentVersion\\Explorer\\UserAssist\\{CEBFF5CD-ACE2-4F4F-9178-9926F41749EA}\\Count\\HRZR_PGYFRFFVBA\r\nDetails: Binary Data","Hostname":"WORKSTATION5","Details":"Binary Data","ProcessId":"4548","EventType":"SetValue","TargetObject":"HKU\\S-1-5-21-3940915590-64593676-1414006259-500\\Software\\Microsoft\\Windows\\CurrentVersion\\Explorer\\UserAssist\\{CEBFF5CD-ACE2-4F4F-9178-9926F41749EA}\\Count\\HRZR_PGYFRFFVBA"}
{"TimeCreated":"2020-10-18 02:17:17.852","UtcTime":"2020-10-18 06:17:17.851","ProcessGuid":"{39e4a257-1bcf-5f89-a90e-000000000400}","Image":"C:\\windows\\Explorer.EXE","EventID":13,"Channel":"Microsoft-Windows-Sysmon/Operational","Task":"13","RuleName":"-","Message":"Registry value set:\r\nRuleName: -\r\nEventType: SetValue\r\nUtcTime: 2020-10-18 06:17:17.851\r\nProcessGuid: {39e4a257-1bcf-5f89-a90e-000000000400}\r\nProcessId: 4548\r\nImage: C:\\windows\\Explorer.EXE\r\nTargetObject: HKU\\S-1-5-21-3940915590-64593676-1414006259-500\\Software\\Microsoft\\Windows\\CurrentVersion\\Explorer\\UserAssist\\{CEBFF5CD-ACE2-4F4F-9178-9926F41749EA}\\Count\\{1NP14R77-02R7-4R5Q-O744-2RO1NR5198O7}\\JvaqbjfCbjreFuryy\\i1.0\\cbjrefuryy.rkr\r\nDetails: Binary Data","Hostname":"WORKSTATION5","Details":"Binary Data","ProcessId":"4548","EventType":"SetValue","TargetObject":"HKU\\S-1-5-21-3940915590-64593676-1414006259-500\\Software\\Microsoft\\Windows\\CurrentVersion\\Explorer\\UserAssist\\{CEBFF5CD-ACE2-4F4F-9178-9926F41749EA}\\Count\\{1NP14R77-02R7-4R5Q-O744-2RO1NR5198O7}\\JvaqbjfCbjreFuryy\\i1.0\\cbjrefuryy.rkr"}
{"TimeCreated":"2020-10-18 02:17:16.759","TargetFilename":"C:\\Windows\\ServiceState\\EventLog\\Data\\lastalive1.dat","UtcTime":"2020-10-18 06:17:16.758","ProcessGuid":"{39e4a257-f723-5f87-2200-000000000400}","Image":"C:\\windows\\System32\\svchost.exe","CreationUtcTime":"2020-10-15 07:16:48.525","EventID":11,"Channel":"Microsoft-Windows-Sysmon/Operational","Task":"11","RuleName":"-","Message":"File created:\r\nRuleName: -\r\nUtcTime: 2020-10-18 06:17:16.758\r\nProcessGuid: {39e4a257-f723-5f87-2200-000000000400}\r\nProcessId: 1504\r\nImage: C:\\windows\\System32\\svchost.exe\r\nTargetFilename: C:\\Windows\\ServiceState\\EventLog\\Data\\lastalive1.dat\r\nCreationUtcTime: 2020-10-15 07:16:48.525","Hostname":"WORKSTATION5","ProcessId":"1504"}
{"TimeCreated":"2020-10-18 02:17:16.433","TargetFilename":"C:\\Windows\\Prefetch\\RUNTIMEBROKER.EXE-254B1B71.pf","UtcTime":"2020-10-18 06:17:16.429","ProcessGuid":"{39e4a257-f725-5f87-2c00-000000000400}","Image":"C:\\windows\\system32\\svchost.exe","CreationUtcTime":"2020-10-17 10:00:28.950","EventID":11,"Channel":"Microsoft-Windows-Sysmon/Operational","Task":"11","RuleName":"-","Message":"File created:\r\nRuleName: -\r\nUtcTime: 2020-10-18 06:17:16.429\r\nProcessGuid: {39e4a257-f725-5f87-2c00-000000000400}\r\nProcessId: 1936\r\nImage: C:\\windows\\system32\\svchost.exe\r\nTargetFilename: C:\\Windows\\Prefetch\\RUNTIMEBROKER.EXE-254B1B71.pf\r\nCreationUtcTime: 2020-10-17 10:00:28.950","Hostname":"WORKSTATION5","ProcessId":"1936"}
{"TimeCreated":"2020-10-18 02:17:16.213","TargetFilename":"C:\\Windows\\Prefetch\\SVCHOST.EXE-D2CCCC85.pf","UtcTime":"2020-10-18 06:17:16.211","ProcessGuid":"{39e4a257-f725-5f87-2c00-000000000400}","Image":"C:\\windows\\system32\\svchost.exe","CreationUtcTime":"2020-10-08 06:34:30.773","EventID":11,"Channel":"Microsoft-Windows-Sysmon/Operational","Task":"11","RuleName":"-","Message":"File created:\r\nRuleName: -\r\nUtcTime: 2020-10-18 06:17:16.211\r\nProcessGuid: {39e4a257-f725-5f87-2c00-000000000400}\r\nProcessId: 1936\r\nImage: C:\\windows\\system32\\svchost.exe\r\nTargetFilename: C:\\Windows\\Prefetch\\SVCHOST.EXE-D2CCCC85.pf\r\nCreationUtcTime: 2020-10-08 06:34:30.773","Hostname":"WORKSTATION5","ProcessId":"1936"}
{"TimeCreated":"2020-10-18 02:17:14.968","TargetFilename":"C:\\Windows\\Prefetch\\CALCULATOR.EXE-CA537400.pf","UtcTime":"2020-10-18 06:17:14.961","ProcessGuid":"{39e4a257-f725-5f87-2c00-000000000400}","Image":"C:\\windows\\system32\\svchost.exe","CreationUtcTime":"2020-10-17 10:00:27.762","EventID":11,"Channel":"Microsoft-Windows-Sysmon/Operational","Task":"11","RuleName":"-","Message":"File created:\r\nRuleName: -\r\nUtcTime: 2020-10-18 06:17:14.961\r\nProcessGuid: {39e4a257-f725-5f87-2c00-000000000400}\r\nProcessId: 1936\r\nImage: C:\\windows\\system32\\svchost.exe\r\nTargetFilename: C:\\Windows\\Prefetch\\CALCULATOR.EXE-CA537400.pf\r\nCreationUtcTime: 2020-10-17 10:00:27.762","Hostname":"WORKSTATION5","ProcessId":"1936"}
{"TimeCreated":"2020-10-18 02:17:14.873","UtcTime":"2020-10-18 06:17:14.867","ProcessGuid":"{39e4a257-1bcf-5f89-a90e-000000000400}","Image":"C:\\windows\\Explorer.EXE","EventID":13,"Channel":"Microsoft-Windows-Sysmon/Operational","Task":"13","RuleName":"-","Message":"Registry value set:\r\nRuleName: -\r\nEventType: SetValue\r\nUtcTime: 2020-10-18 06:17:14.867\r\nProcessGuid: {39e4a257-1bcf-5f89-a90e-000000000400}\r\nProcessId: 4548\r\nImage: C:\\windows\\Explorer.EXE\r\nTargetObject: HKU\\S-1-5-21-3940915590-64593676-1414006259-500\\Software\\Microsoft\\Windows\\CurrentVersion\\ActivityDataModel\\ReaderRevisionInfo\\A972977C-95EC-9F21-DCC4-595CA3A0E033\r\nDetails: Binary Data","Hostname":"WORKSTATION5","Details":"Binary Data","ProcessId":"4548","EventType":"SetValue","TargetObject":"HKU\\S-1-5-21-3940915590-64593676-1414006259-500\\Software\\Microsoft\\Windows\\CurrentVersion\\ActivityDataModel\\ReaderRevisionInfo\\A972977C-95EC-9F21-DCC4-595CA3A0E033"}
{"TimeCreated":"2020-10-18 02:17:14.867","UtcTime":"2020-10-18 06:17:14.851","ProcessGuid":"{39e4a257-1bcf-5f89-a90e-000000000400}","Image":"C:\\windows\\Explorer.EXE","EventID":13,"Channel":"Microsoft-Windows-Sysmon/Operational","Task":"13","RuleName":"-","Message":"Registry value set:\r\nRuleName: -\r\nEventType: SetValue\r\nUtcTime: 2020-10-18 06:17:14.851\r\nProcessGuid: {39e4a257-1bcf-5f89-a90e-000000000400}\r\nProcessId: 4548\r\nImage: C:\\windows\\Explorer.EXE\r\nTargetObject: HKU\\S-1-5-21-3940915590-64593676-1414006259-500\\Software\\Microsoft\\Windows\\CurrentVersion\\ActivityDataModel\\ReaderRevisionInfo\\A972977C-95EC-9F21-DCC4-595CA3A0E033\r\nDetails: Binary Data","Hostname":"WORKSTATION5","Details":"Binary Data","ProcessId":"4548","EventType":"SetValue","TargetObject":"HKU\\S-1-5-21-3940915590-64593676-1414006259-500\\Software\\Microsoft\\Windows\\CurrentVersion\\ActivityDataModel\\ReaderRevisionInfo\\A972977C-95EC-9F21-DCC4-595CA3A0E033"}
