{"SourceImage":"C:\\windows\\system32\\wbem\\wmiprvse.exe","TimeCreated":"2020-10-18 02:17:03.668","GrantedAccess":"0x1410","SourceThreadId":"2560","CallTrace":"C:\\windows\\SYSTEM32\\ntdll.dll+9c584|C:\\windows\\System32\\KERNELBASE.dll+305fe|C:\\windows\\system32\\wbem\\cimwin32.dll+f46e|C:\\windows\\system32\\wbem\\cimwin32.dll+faf5|C:\\windows\\SYSTEM32\\framedynos.dll+55a2|C:\\windows\\SYSTEM32\\framedynos.dll+6d2d|C:\\windows\\system32\\wbem\\wmiprvse.exe+8ad1|C:\\windows\\system32\\wbem\\wmiprvse.exe+8753|C:\\windows\\System32\\RPCRT4.dll+76a63|C:\\windows\\System32\\RPCRT4.dll+13653|C:\\windows\\System32\\combase.dll+a5d42|C:\\windows\\System32\\RPCRT4.dll+59bab|C:\\windows\\System32\\combase.dll+8d0e3|C:\\windows\\System32\\combase.dll+8ced3|C:\\windows\\System32\\combase.dll+a9556|C:\\windows\\System32\\combase.dll+8a4fa|C:\\windows\\System32\\combase.dll+a47ed|C:\\windows\\System32\\combase.dll+401ac|C:\\windows\\System32\\combase.dll+40a11|C:\\windows\\System32\\combase.dll+421b8|C:\\windows\\System32\\RPCRT4.dll+549f8|C:\\windows\\System32\\RPCRT4.dll+2c9b1|C:\\windows\\System32\\RPCRT4.dll+2c500|C:\\windows\\System32\\RPCRT4.dll+1a71f","UtcTime":"2020-10-18 06:17:03.664","TargetProcessGUID":"{39e4a257-31aa-5f89-840f-000000000400}","SourceProcessId":"1512","EventID":10,"Channel":"Microsoft-Windows-Sysmon/Operational","Task":"10","RuleName":"-","Message":"Process accessed:\r\nRuleName: -\r\nUtcTime: 2020-10-18 06:17:03.664\r\nSourceProcessGUID: {39e4a257-dddf-5f8b-4f1b-000000000400}\r\nSourceProcessId: 1512\r\nSourceThreadId: 2560\r\nSourceImage: C:\\windows\\system32\\wbem\\wmiprvse.exe\r\nTargetProcessGUID: {39e4a257-31aa-5f89-840f-000000000400}\r\nTargetProcessId: 5056\r\nTargetImage: C:\\windows\\system32\\ApplicationFrameHost.exe\r\nGrantedAccess: 0x1410\r\nCallTrace: C:\\windows\\SYSTEM32\\ntdll.dll+9c584|C:\\windows\\System32\\KERNELBASE.dll+305fe|C:\\windows\\system32\\wbem\\cimwin32.dll+f46e|C:\\windows\\system32\\wbem\\cimwin32.dll+faf5|C:\\windows\\SYSTEM32\\framedynos.dll+55a2|C:\\windows\\SYSTEM32\\framedynos.dll+6d2d|C:\\windows\\system32\\wbem\\wmiprvse.exe+8ad1|C:\\windows\\system32\\wbem\\wmiprvse.exe+8753|C:\\windows\\System32\\RPCRT4.dll+76a63|C:\\windows\\System32\\RPCRT4.dll+13653|C:\\windows\\System32\\combase.dll+a5d42|C:\\windows\\System32\\RPCRT4.dll+59bab|C:\\windows\\System32\\combase.dll+8d0e3|C:\\windows\\System32\\combase.dll+8ced3|C:\\windows\\System32\\combase.dll+a9556|C:\\windows\\System32\\combase.dll+8a4fa|C:\\windows\\System32\\combase.dll+a47ed|C:\\windows\\System32\\combase.dll+401ac|C:\\windows\\System32\\combase.dll+40a11|C:\\windows\\System32\\combase.dll+421b8|C:\\windows\\System32\\RPCRT4.dll+549f8|C:\\windows\\System32\\RPCRT4.dll+2c9b1|C:\\windows\\System32\\RPCRT4.dll+2c500|C:\\windows\\System32\\RPCRT4.dll+1a71f","Hostname":"WORKSTATION5","TargetProcessId":"5056","TargetImage":"C:\\windows\\system32\\ApplicationFrameHost.exe","SourceProcessGUID":"{39e4a257-dddf-5f8b-4f1b-000000000400}"}
{"SourceImage":"C:\\windows\\system32\\wbem\\wmiprvse.exe","TimeCreated":"2020-10-18 02:17:03.667","GrantedAccess":"0x1410","SourceThreadId":"2560","CallTrace":"C:\\windows\\SYSTEM32\\ntdll.dll+9c584|C:\\windows\\System32\\KERNELBASE.dll+305fe|C:\\windows\\system32\\wbem\\cimwin32.dll+f46e|C:\\windows\\system32\\wbem\\cimwin32.dll+faf5|C:\\windows\\SYSTEM32\\framedynos.dll+55a2|C:\\windows\\SYSTEM32\\framedynos.dll+6d2d|C:\\windows\\system32\\wbem\\wmiprvse.exe+8ad1|C:\\windows\\system32\\wbem\\wmiprvse.exe+8753|C:\\windows\\System32\\RPCRT4.dll+76a63|C:\\windows\\System32\\RPCRT4.dll+13653|C:\\windows\\System32\\combase.dll+a5d42|C:\\windows\\System32\\RPCRT4.dll+59bab|C:\\windows\\System32\\combase.dll+8d0e3|C:\\windows\\System32\\combase.dll+8ced3|C:\\windows\\System32\\combase.dll+a9556|C:\\windows\\System32\\combase.dll+8a4fa|C:\\windows\\System32\\combase.dll+a47ed|C:\\windows\\System32\\combase.dll+401ac|C:\\windows\\System32\\combase.dll+40a11|C:\\windows\\System32\\combase.dll+421b8|C:\\windows\\System32\\RPCRT4.dll+549f8|C:\\windows\\System32\\RPCRT4.dll+2c9b1|C:\\windows\\System32\\RPCRT4.dll+2c500|C:\\windows\\System32\\RPCRT4.dll+1a71f","UtcTime":"2020-10-18 06:17:03.664","TargetProcessGUID":"{39e4a257-257c-5f89-340f-000000000400}","SourceProcessId":"1512","EventID":10,"Channel":"Microsoft-Windows-Sysmon/Operational","Task":"10","RuleName":"-","Message":"Process accessed:\r\nRuleName: -\r\nUtcTime: 2020-10-18 06:17:03.664\r\nSourceProcessGUID: {39e4a257-dddf-5f8b-4f1b-000000000400}\r\nSourceProcessId: 1512\r\nSourceThreadId: 2560\r\nSourceImage: C:\\windows\\system32\\wbem\\wmiprvse.exe\r\nTargetProcessGUID: {39e4a257-257c-5f89-340f-000000000400}\r\nTargetProcessId: 1692\r\nTargetImage: C:\\windows\\system32\\svchost.exe\r\nGrantedAccess: 0x1410\r\nCallTrace: C:\\windows\\SYSTEM32\\ntdll.dll+9c584|C:\\windows\\System32\\KERNELBASE.dll+305fe|C:\\windows\\system32\\wbem\\cimwin32.dll+f46e|C:\\windows\\system32\\wbem\\cimwin32.dll+faf5|C:\\windows\\SYSTEM32\\framedynos.dll+55a2|C:\\windows\\SYSTEM32\\framedynos.dll+6d2d|C:\\windows\\system32\\wbem\\wmiprvse.exe+8ad1|C:\\windows\\system32\\wbem\\wmiprvse.exe+8753|C:\\windows\\System32\\RPCRT4.dll+76a63|C:\\windows\\System32\\RPCRT4.dll+13653|C:\\windows\\System32\\combase.dll+a5d42|C:\\windows\\System32\\RPCRT4.dll+59bab|C:\\windows\\System32\\combase.dll+8d0e3|C:\\windows\\System32\\combase.dll+8ced3|C:\\windows\\System32\\combase.dll+a9556|C:\\windows\\System32\\combase.dll+8a4fa|C:\\windows\\System32\\combase.dll+a47ed|C:\\windows\\System32\\combase.dll+401ac|C:\\windows\\System32\\combase.dll+40a11|C:\\windows\\System32\\combase.dll+421b8|C:\\windows\\System32\\RPCRT4.dll+549f8|C:\\windows\\System32\\RPCRT4.dll+2c9b1|C:\\windows\\System32\\RPCRT4.dll+2c500|C:\\windows\\System32\\RPCRT4.dll+1a71f","Hostname":"WORKSTATION5","TargetProcessId":"1692","TargetImage":"C:\\windows\\system32\\svchost.exe","SourceProcessGUID":"{39e4a257-dddf-5f8b-4f1b-000000000400}"}
{"SourceImage":"C:\\windows\\system32\\wbem\\wmiprvse.exe","TimeCreated":"2020-10-18 02:17:03.667","GrantedAccess":"0x1410","SourceThreadId":"2560","CallTrace":"C:\\windows\\SYSTEM32\\ntdll.dll+9c584|C:\\windows\\System32\\KERNELBASE.dll+305fe|C:\\windows\\system32\\wbem\\cimwin32.dll+f46e|C:\\windows\\system32\\wbem\\cimwin32.dll+faf5|C:\\windows\\SYSTEM32\\framedynos.dll+55a2|C:\\windows\\SYSTEM32\\framedynos.dll+6d2d|C:\\windows\\system32\\wbem\\wmiprvse.exe+8ad1|C:\\windows\\system32\\wbem\\wmiprvse.exe+8753|C:\\windows\\System32\\RPCRT4.dll+76a63|C:\\windows\\System32\\RPCRT4.dll+13653|C:\\windows\\System32\\combase.dll+a5d42|C:\\windows\\System32\\RPCRT4.dll+59bab|C:\\windows\\System32\\combase.dll+8d0e3|C:\\windows\\System32\\combase.dll+8ced3|C:\\windows\\System32\\combase.dll+a9556|C:\\windows\\System32\\combase.dll+8a4fa|C:\\windows\\System32\\combase.dll+a47ed|C:\\windows\\System32\\combase.dll+401ac|C:\\windows\\System32\\combase.dll+40a11|C:\\windows\\System32\\combase.dll+421b8|C:\\windows\\System32\\RPCRT4.dll+549f8|C:\\windows\\System32\\RPCRT4.dll+2c9b1|C:\\windows\\System32\\RPCRT4.dll+2c500|C:\\windows\\System32\\RPCRT4.dll+1a71f","UtcTime":"2020-10-18 06:17:03.664","TargetProcessGUID":"{39e4a257-2343-5f89-2b0f-000000000400}","SourceProcessId":"1512","EventID":10,"Channel":"Microsoft-Windows-Sysmon/Operational","Task":"10","RuleName":"-","Message":"Process accessed:\r\nRuleName: -\r\nUtcTime: 2020-10-18 06:17:03.664\r\nSourceProcessGUID: {39e4a257-dddf-5f8b-4f1b-000000000400}\r\nSourceProcessId: 1512\r\nSourceThreadId: 2560\r\nSourceImage: C:\\windows\\system32\\wbem\\wmiprvse.exe\r\nTargetProcessGUID: {39e4a257-2343-5f89-2b0f-000000000400}\r\nTargetProcessId: 1792\r\nTargetImage: C:\\Windows\\System32\\RuntimeBroker.exe\r\nGrantedAccess: 0x1410\r\nCallTrace: C:\\windows\\SYSTEM32\\ntdll.dll+9c584|C:\\windows\\System32\\KERNELBASE.dll+305fe|C:\\windows\\system32\\wbem\\cimwin32.dll+f46e|C:\\windows\\system32\\wbem\\cimwin32.dll+faf5|C:\\windows\\SYSTEM32\\framedynos.dll+55a2|C:\\windows\\SYSTEM32\\framedynos.dll+6d2d|C:\\windows\\system32\\wbem\\wmiprvse.exe+8ad1|C:\\windows\\system32\\wbem\\wmiprvse.exe+8753|C:\\windows\\System32\\RPCRT4.dll+76a63|C:\\windows\\System32\\RPCRT4.dll+13653|C:\\windows\\System32\\combase.dll+a5d42|C:\\windows\\System32\\RPCRT4.dll+59bab|C:\\windows\\System32\\combase.dll+8d0e3|C:\\windows\\System32\\combase.dll+8ced3|C:\\windows\\System32\\combase.dll+a9556|C:\\windows\\System32\\combase.dll+8a4fa|C:\\windows\\System32\\combase.dll+a47ed|C:\\windows\\System32\\combase.dll+401ac|C:\\windows\\System32\\combase.dll+40a11|C:\\windows\\System32\\combase.dll+421b8|C:\\windows\\System32\\RPCRT4.dll+549f8|C:\\windows\\System32\\RPCRT4.dll+2c9b1|C:\\windows\\System32\\RPCRT4.dll+2c500|C:\\windows\\System32\\RPCRT4.dll+1a71f","Hostname":"WORKSTATION5","TargetProcessId":"1792","TargetImage":"C:\\Windows\\System32\\RuntimeBroker.exe","SourceProcessGUID":"{39e4a257-dddf-5f8b-4f1b-000000000400}"}
{"TimeCreated":"2020-10-18 02:17:03.666","SignatureStatus":"Valid","Signature":"Microsoft Windows","Product":"Microsoft Windows Operating System","Hashes":"SHA1=A30A81AB6EB472CC79CF9E8C5B47ECA85998801A,MD5=DA9647C845792371DD2F95E1CCC9A63A,SHA256=FE741D2F986B0B9557A90BDF0560F49CD17381D1094C42A91634AABE49F46A1E,IMPHASH=D08C52FA17116C062A28110FE7465D80","UtcTime":"2020-10-18 06:17:03.601","ProcessGuid":"{39e4a257-dddf-5f8b-4f1b-000000000400}","Image":"C:\\Windows\\System32\\wbem\\WmiPrvSE.exe","ImageLoaded":"C:\\Windows\\System32\\sspicli.dll","EventID":7,"Channel":"Microsoft-Windows-Sysmon/Operational","Task":"7","RuleName":"-","FileVersion":"10.0.18362.1049 (WinBuild.160101.0800)","Message":"Image loaded:\r\nRuleName: -\r\nUtcTime: 2020-10-18 06:17:03.601\r\nProcessGuid: {39e4a257-dddf-5f8b-4f1b-000000000400}\r\nProcessId: 1512\r\nImage: C:\\Windows\\System32\\wbem\\WmiPrvSE.exe\r\nImageLoaded: C:\\Windows\\System32\\sspicli.dll\r\nFileVersion: 10.0.18362.1049 (WinBuild.160101.0800)\r\nDescription: Security Support Provider Interface\r\nProduct: Microsoft Windows Operating System\r\nCompany: Microsoft Corporation\r\nOriginalFileName: sspicli.dll\r\nHashes: SHA1=A30A81AB6EB472CC79CF9E8C5B47ECA85998801A,MD5=DA9647C845792371DD2F95E1CCC9A63A,SHA256=FE741D2F986B0B9557A90BDF0560F49CD17381D1094C42A91634AABE49F46A1E,IMPHASH=D08C52FA17116C062A28110FE7465D80\r\nSigned: true\r\nSignature: Microsoft Windows\r\nSignatureStatus: Valid","Hostname":"WORKSTATION5","ProcessId":"1512","Description":"Security Support Provider Interface","Company":"Microsoft Corporation","Signed":"true","OriginalFileName":"sspicli.dll"}
{"SourceImage":"C:\\windows\\system32\\wbem\\wmiprvse.exe","TimeCreated":"2020-10-18 02:17:03.665","GrantedAccess":"0x1410","SourceThreadId":"2560","CallTrace":"C:\\windows\\SYSTEM32\\ntdll.dll+9c584|C:\\windows\\System32\\KERNELBASE.dll+305fe|C:\\windows\\system32\\wbem\\cimwin32.dll+f46e|C:\\windows\\system32\\wbem\\cimwin32.dll+faf5|C:\\windows\\SYSTEM32\\framedynos.dll+55a2|C:\\windows\\SYSTEM32\\framedynos.dll+6d2d|C:\\windows\\system32\\wbem\\wmiprvse.exe+8ad1|C:\\windows\\system32\\wbem\\wmiprvse.exe+8753|C:\\windows\\System32\\RPCRT4.dll+76a63|C:\\windows\\System32\\RPCRT4.dll+13653|C:\\windows\\System32\\combase.dll+a5d42|C:\\windows\\System32\\RPCRT4.dll+59bab|C:\\windows\\System32\\combase.dll+8d0e3|C:\\windows\\System32\\combase.dll+8ced3|C:\\windows\\System32\\combase.dll+a9556|C:\\windows\\System32\\combase.dll+8a4fa|C:\\windows\\System32\\combase.dll+a47ed|C:\\windows\\System32\\combase.dll+401ac|C:\\windows\\System32\\combase.dll+40a11|C:\\windows\\System32\\combase.dll+421b8|C:\\windows\\System32\\RPCRT4.dll+549f8|C:\\windows\\System32\\RPCRT4.dll+2c9b1|C:\\windows\\System32\\RPCRT4.dll+2c500|C:\\windows\\System32\\RPCRT4.dll+1a71f","UtcTime":"2020-10-18 06:17:03.664","TargetProcessGUID":"{39e4a257-1c44-5f89-d50e-000000000400}","SourceProcessId":"1512","EventID":10,"Channel":"Microsoft-Windows-Sysmon/Operational","Task":"10","RuleName":"-","Message":"Process accessed:\r\nRuleName: -\r\nUtcTime: 2020-10-18 06:17:03.664\r\nSourceProcessGUID: {39e4a257-dddf-5f8b-4f1b-000000000400}\r\nSourceProcessId: 1512\r\nSourceThreadId: 2560\r\nSourceImage: C:\\windows\\system32\\wbem\\wmiprvse.exe\r\nTargetProcessGUID: {39e4a257-1c44-5f89-d50e-000000000400}\r\nTargetProcessId: 32\r\nTargetImage: C:\\windows\\system32\\svchost.exe\r\nGrantedAccess: 0x1410\r\nCallTrace: C:\\windows\\SYSTEM32\\ntdll.dll+9c584|C:\\windows\\System32\\KERNELBASE.dll+305fe|C:\\windows\\system32\\wbem\\cimwin32.dll+f46e|C:\\windows\\system32\\wbem\\cimwin32.dll+faf5|C:\\windows\\SYSTEM32\\framedynos.dll+55a2|C:\\windows\\SYSTEM32\\framedynos.dll+6d2d|C:\\windows\\system32\\wbem\\wmiprvse.exe+8ad1|C:\\windows\\system32\\wbem\\wmiprvse.exe+8753|C:\\windows\\System32\\RPCRT4.dll+76a63|C:\\windows\\System32\\RPCRT4.dll+13653|C:\\windows\\System32\\combase.dll+a5d42|C:\\windows\\System32\\RPCRT4.dll+59bab|C:\\windows\\System32\\combase.dll+8d0e3|C:\\windows\\System32\\combase.dll+8ced3|C:\\windows\\System32\\combase.dll+a9556|C:\\windows\\System32\\combase.dll+8a4fa|C:\\windows\\System32\\combase.dll+a47ed|C:\\windows\\System32\\combase.dll+401ac|C:\\windows\\System32\\combase.dll+40a11|C:\\windows\\System32\\combase.dll+421b8|C:\\windows\\System32\\RPCRT4.dll+549f8|C:\\windows\\System32\\RPCRT4.dll+2c9b1|C:\\windows\\System32\\RPCRT4.dll+2c500|C:\\windows\\System32\\RPCRT4.dll+1a71f","Hostname":"WORKSTATION5","TargetProcessId":"32","TargetImage":"C:\\windows\\system32\\svchost.exe","SourceProcessGUID":"{39e4a257-dddf-5f8b-4f1b-000000000400}"}
{"SourceImage":"C:\\windows\\system32\\wbem\\wmiprvse.exe","TimeCreated":"2020-10-18 02:17:03.665","GrantedAccess":"0x1410","SourceThreadId":"2560","CallTrace":"C:\\windows\\SYSTEM32\\ntdll.dll+9c584|C:\\windows\\System32\\KERNELBASE.dll+305fe|C:\\windows\\system32\\wbem\\cimwin32.dll+f46e|C:\\windows\\system32\\wbem\\cimwin32.dll+faf5|C:\\windows\\SYSTEM32\\framedynos.dll+55a2|C:\\windows\\SYSTEM32\\framedynos.dll+6d2d|C:\\windows\\system32\\wbem\\wmiprvse.exe+8ad1|C:\\windows\\system32\\wbem\\wmiprvse.exe+8753|C:\\windows\\System32\\RPCRT4.dll+76a63|C:\\windows\\System32\\RPCRT4.dll+13653|C:\\windows\\System32\\combase.dll+a5d42|C:\\windows\\System32\\RPCRT4.dll+59bab|C:\\windows\\System32\\combase.dll+8d0e3|C:\\windows\\System32\\combase.dll+8ced3|C:\\windows\\System32\\combase.dll+a9556|C:\\windows\\System32\\combase.dll+8a4fa|C:\\windows\\System32\\combase.dll+a47ed|C:\\windows\\System32\\combase.dll+401ac|C:\\windows\\System32\\combase.dll+40a11|C:\\windows\\System32\\combase.dll+421b8|C:\\windows\\System32\\RPCRT4.dll+549f8|C:\\windows\\System32\\RPCRT4.dll+2c9b1|C:\\windows\\System32\\RPCRT4.dll+2c500|C:\\windows\\System32\\RPCRT4.dll+1a71f","UtcTime":"2020-10-18 06:17:03.664","TargetProcessGUID":"{39e4a257-1c26-5f89-d40e-000000000400}","SourceProcessId":"1512","EventID":10,"Channel":"Microsoft-Windows-Sysmon/Operational","Task":"10","RuleName":"-","Message":"Process accessed:\r\nRuleName: -\r\nUtcTime: 2020-10-18 06:17:03.664\r\nSourceProcessGUID: {39e4a257-dddf-5f8b-4f1b-000000000400}\r\nSourceProcessId: 1512\r\nSourceThreadId: 2560\r\nSourceImage: C:\\windows\\system32\\wbem\\wmiprvse.exe\r\nTargetProcessGUID: {39e4a257-1c26-5f89-d40e-000000000400}\r\nTargetProcessId: 7400\r\nTargetImage: C:\\Windows\\SystemApps\\InputApp_cw5n1h2txyewy\\WindowsInternal.ComposableShell.Experiences.TextInput.InputApp.exe\r\nGrantedAccess: 0x1410\r\nCallTrace: C:\\windows\\SYSTEM32\\ntdll.dll+9c584|C:\\windows\\System32\\KERNELBASE.dll+305fe|C:\\windows\\system32\\wbem\\cimwin32.dll+f46e|C:\\windows\\system32\\wbem\\cimwin32.dll+faf5|C:\\windows\\SYSTEM32\\framedynos.dll+55a2|C:\\windows\\SYSTEM32\\framedynos.dll+6d2d|C:\\windows\\system32\\wbem\\wmiprvse.exe+8ad1|C:\\windows\\system32\\wbem\\wmiprvse.exe+8753|C:\\windows\\System32\\RPCRT4.dll+76a63|C:\\windows\\System32\\RPCRT4.dll+13653|C:\\windows\\System32\\combase.dll+a5d42|C:\\windows\\System32\\RPCRT4.dll+59bab|C:\\windows\\System32\\combase.dll+8d0e3|C:\\windows\\System32\\combase.dll+8ced3|C:\\windows\\System32\\combase.dll+a9556|C:\\windows\\System32\\combase.dll+8a4fa|C:\\windows\\System32\\combase.dll+a47ed|C:\\windows\\System32\\combase.dll+401ac|C:\\windows\\System32\\combase.dll+40a11|C:\\windows\\System32\\combase.dll+421b8|C:\\windows\\System32\\RPCRT4.dll+549f8|C:\\windows\\System32\\RPCRT4.dll+2c9b1|C:\\windows\\System32\\RPCRT4.dll+2c500|C:\\windows\\System32\\RPCRT4.dll+1a71f","Hostname":"WORKSTATION5","TargetProcessId":"7400","TargetImage":"C:\\Windows\\SystemApps\\InputApp_cw5n1h2txyewy\\WindowsInternal.ComposableShell.Experiences.TextInput.InputApp.exe","SourceProcessGUID":"{39e4a257-dddf-5f8b-4f1b-000000000400}"}
{"SourceImage":"C:\\windows\\system32\\wbem\\wmiprvse.exe","TimeCreated":"2020-10-18 02:17:03.664","GrantedAccess":"0x1410","SourceThreadId":"2560","CallTrace":"C:\\windows\\SYSTEM32\\ntdll.dll+9c584|C:\\windows\\System32\\KERNELBASE.dll+305fe|C:\\windows\\system32\\wbem\\cimwin32.dll+f46e|C:\\windows\\system32\\wbem\\cimwin32.dll+faf5|C:\\windows\\SYSTEM32\\framedynos.dll+55a2|C:\\windows\\SYSTEM32\\framedynos.dll+6d2d|C:\\windows\\system32\\wbem\\wmiprvse.exe+8ad1|C:\\windows\\system32\\wbem\\wmiprvse.exe+8753|C:\\windows\\System32\\RPCRT4.dll+76a63|C:\\windows\\System32\\RPCRT4.dll+13653|C:\\windows\\System32\\combase.dll+a5d42|C:\\windows\\System32\\RPCRT4.dll+59bab|C:\\windows\\System32\\combase.dll+8d0e3|C:\\windows\\System32\\combase.dll+8ced3|C:\\windows\\System32\\combase.dll+a9556|C:\\windows\\System32\\combase.dll+8a4fa|C:\\windows\\System32\\combase.dll+a47ed|C:\\windows\\System32\\combase.dll+401ac|C:\\windows\\System32\\combase.dll+40a11|C:\\windows\\System32\\combase.dll+421b8|C:\\windows\\System32\\RPCRT4.dll+549f8|C:\\windows\\System32\\RPCRT4.dll+2c9b1|C:\\windows\\System32\\RPCRT4.dll+2c500|C:\\windows\\System32\\RPCRT4.dll+1a71f","UtcTime":"2020-10-18 06:17:03.664","TargetProcessGUID":"{39e4a257-1be6-5f89-bd0e-000000000400}","SourceProcessId":"1512","EventID":10,"Channel":"Microsoft-Windows-Sysmon/Operational","Task":"10","RuleName":"-","Message":"Process accessed:\r\nRuleName: -\r\nUtcTime: 2020-10-18 06:17:03.664\r\nSourceProcessGUID: {39e4a257-dddf-5f8b-4f1b-000000000400}\r\nSourceProcessId: 1512\r\nSourceThreadId: 2560\r\nSourceImage: C:\\windows\\system32\\wbem\\wmiprvse.exe\r\nTargetProcessGUID: {39e4a257-1be6-5f89-bd0e-000000000400}\r\nTargetProcessId: 7892\r\nTargetImage: C:\\Windows\\System32\\SecurityHealthSystray.exe\r\nGrantedAccess: 0x1410\r\nCallTrace: C:\\windows\\SYSTEM32\\ntdll.dll+9c584|C:\\windows\\System32\\KERNELBASE.dll+305fe|C:\\windows\\system32\\wbem\\cimwin32.dll+f46e|C:\\windows\\system32\\wbem\\cimwin32.dll+faf5|C:\\windows\\SYSTEM32\\framedynos.dll+55a2|C:\\windows\\SYSTEM32\\framedynos.dll+6d2d|C:\\windows\\system32\\wbem\\wmiprvse.exe+8ad1|C:\\windows\\system32\\wbem\\wmiprvse.exe+8753|C:\\windows\\System32\\RPCRT4.dll+76a63|C:\\windows\\System32\\RPCRT4.dll+13653|C:\\windows\\System32\\combase.dll+a5d42|C:\\windows\\System32\\RPCRT4.dll+59bab|C:\\windows\\System32\\combase.dll+8d0e3|C:\\windows\\System32\\combase.dll+8ced3|C:\\windows\\System32\\combase.dll+a9556|C:\\windows\\System32\\combase.dll+8a4fa|C:\\windows\\System32\\combase.dll+a47ed|C:\\windows\\System32\\combase.dll+401ac|C:\\windows\\System32\\combase.dll+40a11|C:\\windows\\System32\\combase.dll+421b8|C:\\windows\\System32\\RPCRT4.dll+549f8|C:\\windows\\System32\\RPCRT4.dll+2c9b1|C:\\windows\\System32\\RPCRT4.dll+2c500|C:\\windows\\System32\\RPCRT4.dll+1a71f","Hostname":"WORKSTATION5","TargetProcessId":"7892","TargetImage":"C:\\Windows\\System32\\SecurityHealthSystray.exe","SourceProcessGUID":"{39e4a257-dddf-5f8b-4f1b-000000000400}"}
{"SourceImage":"C:\\windows\\system32\\wbem\\wmiprvse.exe","TimeCreated":"2020-10-18 02:17:03.664","GrantedAccess":"0x1410","SourceThreadId":"2560","CallTrace":"C:\\windows\\SYSTEM32\\ntdll.dll+9c584|C:\\windows\\System32\\KERNELBASE.dll+305fe|C:\\windows\\system32\\wbem\\cimwin32.dll+f46e|C:\\windows\\system32\\wbem\\cimwin32.dll+faf5|C:\\windows\\SYSTEM32\\framedynos.dll+55a2|C:\\windows\\SYSTEM32\\framedynos.dll+6d2d|C:\\windows\\system32\\wbem\\wmiprvse.exe+8ad1|C:\\windows\\system32\\wbem\\wmiprvse.exe+8753|C:\\windows\\System32\\RPCRT4.dll+76a63|C:\\windows\\System32\\RPCRT4.dll+13653|C:\\windows\\System32\\combase.dll+a5d42|C:\\windows\\System32\\RPCRT4.dll+59bab|C:\\windows\\System32\\combase.dll+8d0e3|C:\\windows\\System32\\combase.dll+8ced3|C:\\windows\\System32\\combase.dll+a9556|C:\\windows\\System32\\combase.dll+8a4fa|C:\\windows\\System32\\combase.dll+a47ed|C:\\windows\\System32\\combase.dll+401ac|C:\\windows\\System32\\combase.dll+40a11|C:\\windows\\System32\\combase.dll+421b8|C:\\windows\\System32\\RPCRT4.dll+549f8|C:\\windows\\System32\\RPCRT4.dll+2c9b1|C:\\windows\\System32\\RPCRT4.dll+2c500|C:\\windows\\System32\\RPCRT4.dll+1a71f","UtcTime":"2020-10-18 06:17:03.648","TargetProcessGUID":"{39e4a257-1be1-5f89-ba0e-000000000400}","SourceProcessId":"1512","EventID":10,"Channel":"Microsoft-Windows-Sysmon/Operational","Task":"10","RuleName":"-","Message":"Process accessed:\r\nRuleName: -\r\nUtcTime: 2020-10-18 06:17:03.648\r\nSourceProcessGUID: {39e4a257-dddf-5f8b-4f1b-000000000400}\r\nSourceProcessId: 1512\r\nSourceThreadId: 2560\r\nSourceImage: C:\\windows\\system32\\wbem\\wmiprvse.exe\r\nTargetProcessGUID: {39e4a257-1be1-5f89-ba0e-000000000400}\r\nTargetProcessId: 7536\r\nTargetImage: C:\\windows\\system32\\DllHost.exe\r\nGrantedAccess: 0x1410\r\nCallTrace: C:\\windows\\SYSTEM32\\ntdll.dll+9c584|C:\\windows\\System32\\KERNELBASE.dll+305fe|C:\\windows\\system32\\wbem\\cimwin32.dll+f46e|C:\\windows\\system32\\wbem\\cimwin32.dll+faf5|C:\\windows\\SYSTEM32\\framedynos.dll+55a2|C:\\windows\\SYSTEM32\\framedynos.dll+6d2d|C:\\windows\\system32\\wbem\\wmiprvse.exe+8ad1|C:\\windows\\system32\\wbem\\wmiprvse.exe+8753|C:\\windows\\System32\\RPCRT4.dll+76a63|C:\\windows\\System32\\RPCRT4.dll+13653|C:\\windows\\System32\\combase.dll+a5d42|C:\\windows\\System32\\RPCRT4.dll+59bab|C:\\windows\\System32\\combase.dll+8d0e3|C:\\windows\\System32\\combase.dll+8ced3|C:\\windows\\System32\\combase.dll+a9556|C:\\windows\\System32\\combase.dll+8a4fa|C:\\windows\\System32\\combase.dll+a47ed|C:\\windows\\System32\\combase.dll+401ac|C:\\windows\\System32\\combase.dll+40a11|C:\\windows\\System32\\combase.dll+421b8|C:\\windows\\System32\\RPCRT4.dll+549f8|C:\\windows\\System32\\RPCRT4.dll+2c9b1|C:\\windows\\System32\\RPCRT4.dll+2c500|C:\\windows\\System32\\RPCRT4.dll+1a71f","Hostname":"WORKSTATION5","TargetProcessId":"7536","TargetImage":"C:\\windows\\system32\\DllHost.exe","SourceProcessGUID":"{39e4a257-dddf-5f8b-4f1b-000000000400}"}
{"SourceImage":"C:\\windows\\system32\\wbem\\wmiprvse.exe","TimeCreated":"2020-10-18 02:17:03.664","GrantedAccess":"0x1410","SourceThreadId":"2560","CallTrace":"C:\\windows\\SYSTEM32\\ntdll.dll+9c584|C:\\windows\\System32\\KERNELBASE.dll+305fe|C:\\windows\\system32\\wbem\\cimwin32.dll+f46e|C:\\windows\\system32\\wbem\\cimwin32.dll+faf5|C:\\windows\\SYSTEM32\\framedynos.dll+55a2|C:\\windows\\SYSTEM32\\framedynos.dll+6d2d|C:\\windows\\system32\\wbem\\wmiprvse.exe+8ad1|C:\\windows\\system32\\wbem\\wmiprvse.exe+8753|C:\\windows\\System32\\RPCRT4.dll+76a63|C:\\windows\\System32\\RPCRT4.dll+13653|C:\\windows\\System32\\combase.dll+a5d42|C:\\windows\\System32\\RPCRT4.dll+59bab|C:\\windows\\System32\\combase.dll+8d0e3|C:\\windows\\System32\\combase.dll+8ced3|C:\\windows\\System32\\combase.dll+a9556|C:\\windows\\System32\\combase.dll+8a4fa|C:\\windows\\System32\\combase.dll+a47ed|C:\\windows\\System32\\combase.dll+401ac|C:\\windows\\System32\\combase.dll+40a11|C:\\windows\\System32\\combase.dll+421b8|C:\\windows\\System32\\RPCRT4.dll+549f8|C:\\windows\\System32\\RPCRT4.dll+2c9b1|C:\\windows\\System32\\RPCRT4.dll+2c500|C:\\windows\\System32\\RPCRT4.dll+1a71f","UtcTime":"2020-10-18 06:17:03.648","TargetProcessGUID":"{39e4a257-1bdf-5f89-b70e-000000000400}","SourceProcessId":"1512","EventID":10,"Channel":"Microsoft-Windows-Sysmon/Operational","Task":"10","RuleName":"-","Message":"Process accessed:\r\nRuleName: -\r\nUtcTime: 2020-10-18 06:17:03.648\r\nSourceProcessGUID: {39e4a257-dddf-5f8b-4f1b-000000000400}\r\nSourceProcessId: 1512\r\nSourceThreadId: 2560\r\nSourceImage: C:\\windows\\system32\\wbem\\wmiprvse.exe\r\nTargetProcessGUID: {39e4a257-1bdf-5f89-b70e-000000000400}\r\nTargetProcessId: 7292\r\nTargetImage: C:\\Windows\\System32\\RuntimeBroker.exe\r\nGrantedAccess: 0x1410\r\nCallTrace: C:\\windows\\SYSTEM32\\ntdll.dll+9c584|C:\\windows\\System32\\KERNELBASE.dll+305fe|C:\\windows\\system32\\wbem\\cimwin32.dll+f46e|C:\\windows\\system32\\wbem\\cimwin32.dll+faf5|C:\\windows\\SYSTEM32\\framedynos.dll+55a2|C:\\windows\\SYSTEM32\\framedynos.dll+6d2d|C:\\windows\\system32\\wbem\\wmiprvse.exe+8ad1|C:\\windows\\system32\\wbem\\wmiprvse.exe+8753|C:\\windows\\System32\\RPCRT4.dll+76a63|C:\\windows\\System32\\RPCRT4.dll+13653|C:\\windows\\System32\\combase.dll+a5d42|C:\\windows\\System32\\RPCRT4.dll+59bab|C:\\windows\\System32\\combase.dll+8d0e3|C:\\windows\\System32\\combase.dll+8ced3|C:\\windows\\System32\\combase.dll+a9556|C:\\windows\\System32\\combase.dll+8a4fa|C:\\windows\\System32\\combase.dll+a47ed|C:\\windows\\System32\\combase.dll+401ac|C:\\windows\\System32\\combase.dll+40a11|C:\\windows\\System32\\combase.dll+421b8|C:\\windows\\System32\\RPCRT4.dll+549f8|C:\\windows\\System32\\RPCRT4.dll+2c9b1|C:\\windows\\System32\\RPCRT4.dll+2c500|C:\\windows\\System32\\RPCRT4.dll+1a71f","Hostname":"WORKSTATION5","TargetProcessId":"7292","TargetImage":"C:\\Windows\\System32\\RuntimeBroker.exe","SourceProcessGUID":"{39e4a257-dddf-5f8b-4f1b-000000000400}"}
{"SourceImage":"C:\\windows\\system32\\wbem\\wmiprvse.exe","TimeCreated":"2020-10-18 02:17:03.664","GrantedAccess":"0x1410","SourceThreadId":"2560","CallTrace":"C:\\windows\\SYSTEM32\\ntdll.dll+9c584|C:\\windows\\System32\\KERNELBASE.dll+305fe|C:\\windows\\system32\\wbem\\cimwin32.dll+f46e|C:\\windows\\system32\\wbem\\cimwin32.dll+faf5|C:\\windows\\SYSTEM32\\framedynos.dll+55a2|C:\\windows\\SYSTEM32\\framedynos.dll+6d2d|C:\\windows\\system32\\wbem\\wmiprvse.exe+8ad1|C:\\windows\\system32\\wbem\\wmiprvse.exe+8753|C:\\windows\\System32\\RPCRT4.dll+76a63|C:\\windows\\System32\\RPCRT4.dll+13653|C:\\windows\\System32\\combase.dll+a5d42|C:\\windows\\System32\\RPCRT4.dll+59bab|C:\\windows\\System32\\combase.dll+8d0e3|C:\\windows\\System32\\combase.dll+8ced3|C:\\windows\\System32\\combase.dll+a9556|C:\\windows\\System32\\combase.dll+8a4fa|C:\\windows\\System32\\combase.dll+a47ed|C:\\windows\\System32\\combase.dll+401ac|C:\\windows\\System32\\combase.dll+40a11|C:\\windows\\System32\\combase.dll+421b8|C:\\windows\\System32\\RPCRT4.dll+549f8|C:\\windows\\System32\\RPCRT4.dll+2c9b1|C:\\windows\\System32\\RPCRT4.dll+2c500|C:\\windows\\System32\\RPCRT4.dll+1a71f","UtcTime":"2020-10-18 06:17:03.648","TargetProcessGUID":"{39e4a257-1bd7-5f89-b00e-000000000400}","SourceProcessId":"1512","EventID":10,"Channel":"Microsoft-Windows-Sysmon/Operational","Task":"10","RuleName":"-","Message":"Process accessed:\r\nRuleName: -\r\nUtcTime: 2020-10-18 06:17:03.648\r\nSourceProcessGUID: {39e4a257-dddf-5f8b-4f1b-000000000400}\r\nSourceProcessId: 1512\r\nSourceThreadId: 2560\r\nSourceImage: C:\\windows\\system32\\wbem\\wmiprvse.exe\r\nTargetProcessGUID: {39e4a257-1bd7-5f89-b00e-000000000400}\r\nTargetProcessId: 6816\r\nTargetImage: C:\\Windows\\System32\\RuntimeBroker.exe\r\nGrantedAccess: 0x1410\r\nCallTrace: C:\\windows\\SYSTEM32\\ntdll.dll+9c584|C:\\windows\\System32\\KERNELBASE.dll+305fe|C:\\windows\\system32\\wbem\\cimwin32.dll+f46e|C:\\windows\\system32\\wbem\\cimwin32.dll+faf5|C:\\windows\\SYSTEM32\\framedynos.dll+55a2|C:\\windows\\SYSTEM32\\framedynos.dll+6d2d|C:\\windows\\system32\\wbem\\wmiprvse.exe+8ad1|C:\\windows\\system32\\wbem\\wmiprvse.exe+8753|C:\\windows\\System32\\RPCRT4.dll+76a63|C:\\windows\\System32\\RPCRT4.dll+13653|C:\\windows\\System32\\combase.dll+a5d42|C:\\windows\\System32\\RPCRT4.dll+59bab|C:\\windows\\System32\\combase.dll+8d0e3|C:\\windows\\System32\\combase.dll+8ced3|C:\\windows\\System32\\combase.dll+a9556|C:\\windows\\System32\\combase.dll+8a4fa|C:\\windows\\System32\\combase.dll+a47ed|C:\\windows\\System32\\combase.dll+401ac|C:\\windows\\System32\\combase.dll+40a11|C:\\windows\\System32\\combase.dll+421b8|C:\\windows\\System32\\RPCRT4.dll+549f8|C:\\windows\\System32\\RPCRT4.dll+2c9b1|C:\\windows\\System32\\RPCRT4.dll+2c500|C:\\windows\\System32\\RPCRT4.dll+1a71f","Hostname":"WORKSTATION5","TargetProcessId":"6816","TargetImage":"C:\\Windows\\System32\\RuntimeBroker.exe","SourceProcessGUID":"{39e4a257-dddf-5f8b-4f1b-000000000400}"}
{"SourceImage":"C:\\windows\\system32\\wbem\\wmiprvse.exe","TimeCreated":"2020-10-18 02:17:03.663","GrantedAccess":"0x1410","SourceThreadId":"2560","CallTrace":"C:\\windows\\SYSTEM32\\ntdll.dll+9c584|C:\\windows\\System32\\KERNELBASE.dll+305fe|C:\\windows\\system32\\wbem\\cimwin32.dll+f46e|C:\\windows\\system32\\wbem\\cimwin32.dll+faf5|C:\\windows\\SYSTEM32\\framedynos.dll+55a2|C:\\windows\\SYSTEM32\\framedynos.dll+6d2d|C:\\windows\\system32\\wbem\\wmiprvse.exe+8ad1|C:\\windows\\system32\\wbem\\wmiprvse.exe+8753|C:\\windows\\System32\\RPCRT4.dll+76a63|C:\\windows\\System32\\RPCRT4.dll+13653|C:\\windows\\System32\\combase.dll+a5d42|C:\\windows\\System32\\RPCRT4.dll+59bab|C:\\windows\\System32\\combase.dll+8d0e3|C:\\windows\\System32\\combase.dll+8ced3|C:\\windows\\System32\\combase.dll+a9556|C:\\windows\\System32\\combase.dll+8a4fa|C:\\windows\\System32\\combase.dll+a47ed|C:\\windows\\System32\\combase.dll+401ac|C:\\windows\\System32\\combase.dll+40a11|C:\\windows\\System32\\combase.dll+421b8|C:\\windows\\System32\\RPCRT4.dll+549f8|C:\\windows\\System32\\RPCRT4.dll+2c9b1|C:\\windows\\System32\\RPCRT4.dll+2c500|C:\\windows\\System32\\RPCRT4.dll+1a71f","UtcTime":"2020-10-18 06:17:03.648","TargetProcessGUID":"{39e4a257-1bd5-5f89-ae0e-000000000400}","SourceProcessId":"1512","EventID":10,"Channel":"Microsoft-Windows-Sysmon/Operational","Task":"10","RuleName":"-","Message":"Process accessed:\r\nRuleName: -\r\nUtcTime: 2020-10-18 06:17:03.648\r\nSourceProcessGUID: {39e4a257-dddf-5f8b-4f1b-000000000400}\r\nSourceProcessId: 1512\r\nSourceThreadId: 2560\r\nSourceImage: C:\\windows\\system32\\wbem\\wmiprvse.exe\r\nTargetProcessGUID: {39e4a257-1bd5-5f89-ae0e-000000000400}\r\nTargetProcessId: 6392\r\nTargetImage: C:\\Windows\\System32\\RuntimeBroker.exe\r\nGrantedAccess: 0x1410\r\nCallTrace: C:\\windows\\SYSTEM32\\ntdll.dll+9c584|C:\\windows\\System32\\KERNELBASE.dll+305fe|C:\\windows\\system32\\wbem\\cimwin32.dll+f46e|C:\\windows\\system32\\wbem\\cimwin32.dll+faf5|C:\\windows\\SYSTEM32\\framedynos.dll+55a2|C:\\windows\\SYSTEM32\\framedynos.dll+6d2d|C:\\windows\\system32\\wbem\\wmiprvse.exe+8ad1|C:\\windows\\system32\\wbem\\wmiprvse.exe+8753|C:\\windows\\System32\\RPCRT4.dll+76a63|C:\\windows\\System32\\RPCRT4.dll+13653|C:\\windows\\System32\\combase.dll+a5d42|C:\\windows\\System32\\RPCRT4.dll+59bab|C:\\windows\\System32\\combase.dll+8d0e3|C:\\windows\\System32\\combase.dll+8ced3|C:\\windows\\System32\\combase.dll+a9556|C:\\windows\\System32\\combase.dll+8a4fa|C:\\windows\\System32\\combase.dll+a47ed|C:\\windows\\System32\\combase.dll+401ac|C:\\windows\\System32\\combase.dll+40a11|C:\\windows\\System32\\combase.dll+421b8|C:\\windows\\System32\\RPCRT4.dll+549f8|C:\\windows\\System32\\RPCRT4.dll+2c9b1|C:\\windows\\System32\\RPCRT4.dll+2c500|C:\\windows\\System32\\RPCRT4.dll+1a71f","Hostname":"WORKSTATION5","TargetProcessId":"6392","TargetImage":"C:\\Windows\\System32\\RuntimeBroker.exe","SourceProcessGUID":"{39e4a257-dddf-5f8b-4f1b-000000000400}"}
{"SourceImage":"C:\\windows\\system32\\wbem\\wmiprvse.exe","TimeCreated":"2020-10-18 02:17:03.663","GrantedAccess":"0x1410","SourceThreadId":"2560","CallTrace":"C:\\windows\\SYSTEM32\\ntdll.dll+9c584|C:\\windows\\System32\\KERNELBASE.dll+305fe|C:\\windows\\system32\\wbem\\cimwin32.dll+f46e|C:\\windows\\system32\\wbem\\cimwin32.dll+faf5|C:\\windows\\SYSTEM32\\framedynos.dll+55a2|C:\\windows\\SYSTEM32\\framedynos.dll+6d2d|C:\\windows\\system32\\wbem\\wmiprvse.exe+8ad1|C:\\windows\\system32\\wbem\\wmiprvse.exe+8753|C:\\windows\\System32\\RPCRT4.dll+76a63|C:\\windows\\System32\\RPCRT4.dll+13653|C:\\windows\\System32\\combase.dll+a5d42|C:\\windows\\System32\\RPCRT4.dll+59bab|C:\\windows\\System32\\combase.dll+8d0e3|C:\\windows\\System32\\combase.dll+8ced3|C:\\windows\\System32\\combase.dll+a9556|C:\\windows\\System32\\combase.dll+8a4fa|C:\\windows\\System32\\combase.dll+a47ed|C:\\windows\\System32\\combase.dll+401ac|C:\\windows\\System32\\combase.dll+40a11|C:\\windows\\System32\\combase.dll+421b8|C:\\windows\\System32\\RPCRT4.dll+549f8|C:\\windows\\System32\\RPCRT4.dll+2c9b1|C:\\windows\\System32\\RPCRT4.dll+2c500|C:\\windows\\System32\\RPCRT4.dll+1a71f","UtcTime":"2020-10-18 06:17:03.648","TargetProcessGUID":"{39e4a257-1bd1-5f89-aa0e-000000000400}","SourceProcessId":"1512","EventID":10,"Channel":"Microsoft-Windows-Sysmon/Operational","Task":"10","RuleName":"-","Message":"Process accessed:\r\nRuleName: -\r\nUtcTime: 2020-10-18 06:17:03.648\r\nSourceProcessGUID: {39e4a257-dddf-5f8b-4f1b-000000000400}\r\nSourceProcessId: 1512\r\nSourceThreadId: 2560\r\nSourceImage: C:\\windows\\system32\\wbem\\wmiprvse.exe\r\nTargetProcessGUID: {39e4a257-1bd1-5f89-aa0e-000000000400}\r\nTargetProcessId: 4616\r\nTargetImage: C:\\windows\\system32\\svchost.exe\r\nGrantedAccess: 0x1410\r\nCallTrace: C:\\windows\\SYSTEM32\\ntdll.dll+9c584|C:\\windows\\System32\\KERNELBASE.dll+305fe|C:\\windows\\system32\\wbem\\cimwin32.dll+f46e|C:\\windows\\system32\\wbem\\cimwin32.dll+faf5|C:\\windows\\SYSTEM32\\framedynos.dll+55a2|C:\\windows\\SYSTEM32\\framedynos.dll+6d2d|C:\\windows\\system32\\wbem\\wmiprvse.exe+8ad1|C:\\windows\\system32\\wbem\\wmiprvse.exe+8753|C:\\windows\\System32\\RPCRT4.dll+76a63|C:\\windows\\System32\\RPCRT4.dll+13653|C:\\windows\\System32\\combase.dll+a5d42|C:\\windows\\System32\\RPCRT4.dll+59bab|C:\\windows\\System32\\combase.dll+8d0e3|C:\\windows\\System32\\combase.dll+8ced3|C:\\windows\\System32\\combase.dll+a9556|C:\\windows\\System32\\combase.dll+8a4fa|C:\\windows\\System32\\combase.dll+a47ed|C:\\windows\\System32\\combase.dll+401ac|C:\\windows\\System32\\combase.dll+40a11|C:\\windows\\System32\\combase.dll+421b8|C:\\windows\\System32\\RPCRT4.dll+549f8|C:\\windows\\System32\\RPCRT4.dll+2c9b1|C:\\windows\\System32\\RPCRT4.dll+2c500|C:\\windows\\System32\\RPCRT4.dll+1a71f","Hostname":"WORKSTATION5","TargetProcessId":"4616","TargetImage":"C:\\windows\\system32\\svchost.exe","SourceProcessGUID":"{39e4a257-dddf-5f8b-4f1b-000000000400}"}
{"SourceImage":"C:\\windows\\system32\\wbem\\wmiprvse.exe","TimeCreated":"2020-10-18 02:17:03.663","GrantedAccess":"0x1410","SourceThreadId":"2560","CallTrace":"C:\\windows\\SYSTEM32\\ntdll.dll+9c584|C:\\windows\\System32\\KERNELBASE.dll+305fe|C:\\windows\\system32\\wbem\\cimwin32.dll+f46e|C:\\windows\\system32\\wbem\\cimwin32.dll+faf5|C:\\windows\\SYSTEM32\\framedynos.dll+55a2|C:\\windows\\SYSTEM32\\framedynos.dll+6d2d|C:\\windows\\system32\\wbem\\wmiprvse.exe+8ad1|C:\\windows\\system32\\wbem\\wmiprvse.exe+8753|C:\\windows\\System32\\RPCRT4.dll+76a63|C:\\windows\\System32\\RPCRT4.dll+13653|C:\\windows\\System32\\combase.dll+a5d42|C:\\windows\\System32\\RPCRT4.dll+59bab|C:\\windows\\System32\\combase.dll+8d0e3|C:\\windows\\System32\\combase.dll+8ced3|C:\\windows\\System32\\combase.dll+a9556|C:\\windows\\System32\\combase.dll+8a4fa|C:\\windows\\System32\\combase.dll+a47ed|C:\\windows\\System32\\combase.dll+401ac|C:\\windows\\System32\\combase.dll+40a11|C:\\windows\\System32\\combase.dll+421b8|C:\\windows\\System32\\RPCRT4.dll+549f8|C:\\windows\\System32\\RPCRT4.dll+2c9b1|C:\\windows\\System32\\RPCRT4.dll+2c500|C:\\windows\\System32\\RPCRT4.dll+1a71f","UtcTime":"2020-10-18 06:17:03.648","TargetProcessGUID":"{39e4a257-1bcf-5f89-a90e-000000000400}","SourceProcessId":"1512","EventID":10,"Channel":"Microsoft-Windows-Sysmon/Operational","Task":"10","RuleName":"-","Message":"Process accessed:\r\nRuleName: -\r\nUtcTime: 2020-10-18 06:17:03.648\r\nSourceProcessGUID: {39e4a257-dddf-5f8b-4f1b-000000000400}\r\nSourceProcessId: 1512\r\nSourceThreadId: 2560\r\nSourceImage: C:\\windows\\system32\\wbem\\wmiprvse.exe\r\nTargetProcessGUID: {39e4a257-1bcf-5f89-a90e-000000000400}\r\nTargetProcessId: 4548\r\nTargetImage: C:\\windows\\Explorer.EXE\r\nGrantedAccess: 0x1410\r\nCallTrace: C:\\windows\\SYSTEM32\\ntdll.dll+9c584|C:\\windows\\System32\\KERNELBASE.dll+305fe|C:\\windows\\system32\\wbem\\cimwin32.dll+f46e|C:\\windows\\system32\\wbem\\cimwin32.dll+faf5|C:\\windows\\SYSTEM32\\framedynos.dll+55a2|C:\\windows\\SYSTEM32\\framedynos.dll+6d2d|C:\\windows\\system32\\wbem\\wmiprvse.exe+8ad1|C:\\windows\\system32\\wbem\\wmiprvse.exe+8753|C:\\windows\\System32\\RPCRT4.dll+76a63|C:\\windows\\System32\\RPCRT4.dll+13653|C:\\windows\\System32\\combase.dll+a5d42|C:\\windows\\System32\\RPCRT4.dll+59bab|C:\\windows\\System32\\combase.dll+8d0e3|C:\\windows\\System32\\combase.dll+8ced3|C:\\windows\\System32\\combase.dll+a9556|C:\\windows\\System32\\combase.dll+8a4fa|C:\\windows\\System32\\combase.dll+a47ed|C:\\windows\\System32\\combase.dll+401ac|C:\\windows\\System32\\combase.dll+40a11|C:\\windows\\System32\\combase.dll+421b8|C:\\windows\\System32\\RPCRT4.dll+549f8|C:\\windows\\System32\\RPCRT4.dll+2c9b1|C:\\windows\\System32\\RPCRT4.dll+2c500|C:\\windows\\System32\\RPCRT4.dll+1a71f","Hostname":"WORKSTATION5","TargetProcessId":"4548","TargetImage":"C:\\windows\\Explorer.EXE","SourceProcessGUID":"{39e4a257-dddf-5f8b-4f1b-000000000400}"}
{"SourceImage":"C:\\windows\\system32\\wbem\\wmiprvse.exe","TimeCreated":"2020-10-18 02:17:03.662","GrantedAccess":"0x1410","SourceThreadId":"2560","CallTrace":"C:\\windows\\SYSTEM32\\ntdll.dll+9c584|C:\\windows\\System32\\KERNELBASE.dll+305fe|C:\\windows\\system32\\wbem\\cimwin32.dll+f46e|C:\\windows\\system32\\wbem\\cimwin32.dll+faf5|C:\\windows\\SYSTEM32\\framedynos.dll+55a2|C:\\windows\\SYSTEM32\\framedynos.dll+6d2d|C:\\windows\\system32\\wbem\\wmiprvse.exe+8ad1|C:\\windows\\system32\\wbem\\wmiprvse.exe+8753|C:\\windows\\System32\\RPCRT4.dll+76a63|C:\\windows\\System32\\RPCRT4.dll+13653|C:\\windows\\System32\\combase.dll+a5d42|C:\\windows\\System32\\RPCRT4.dll+59bab|C:\\windows\\System32\\combase.dll+8d0e3|C:\\windows\\System32\\combase.dll+8ced3|C:\\windows\\System32\\combase.dll+a9556|C:\\windows\\System32\\combase.dll+8a4fa|C:\\windows\\System32\\combase.dll+a47ed|C:\\windows\\System32\\combase.dll+401ac|C:\\windows\\System32\\combase.dll+40a11|C:\\windows\\System32\\combase.dll+421b8|C:\\windows\\System32\\RPCRT4.dll+549f8|C:\\windows\\System32\\RPCRT4.dll+2c9b1|C:\\windows\\System32\\RPCRT4.dll+2c500|C:\\windows\\System32\\RPCRT4.dll+1a71f","UtcTime":"2020-10-18 06:17:03.648","TargetProcessGUID":"{39e4a257-1bcd-5f89-a60e-000000000400}","SourceProcessId":"1512","EventID":10,"Channel":"Microsoft-Windows-Sysmon/Operational","Task":"10","RuleName":"-","Message":"Process accessed:\r\nRuleName: -\r\nUtcTime: 2020-10-18 06:17:03.648\r\nSourceProcessGUID: {39e4a257-dddf-5f8b-4f1b-000000000400}\r\nSourceProcessId: 1512\r\nSourceThreadId: 2560\r\nSourceImage: C:\\windows\\system32\\wbem\\wmiprvse.exe\r\nTargetProcessGUID: {39e4a257-1bcd-5f89-a60e-000000000400}\r\nTargetProcessId: 4028\r\nTargetImage: C:\\windows\\system32\\ctfmon.exe\r\nGrantedAccess: 0x1410\r\nCallTrace: C:\\windows\\SYSTEM32\\ntdll.dll+9c584|C:\\windows\\System32\\KERNELBASE.dll+305fe|C:\\windows\\system32\\wbem\\cimwin32.dll+f46e|C:\\windows\\system32\\wbem\\cimwin32.dll+faf5|C:\\windows\\SYSTEM32\\framedynos.dll+55a2|C:\\windows\\SYSTEM32\\framedynos.dll+6d2d|C:\\windows\\system32\\wbem\\wmiprvse.exe+8ad1|C:\\windows\\system32\\wbem\\wmiprvse.exe+8753|C:\\windows\\System32\\RPCRT4.dll+76a63|C:\\windows\\System32\\RPCRT4.dll+13653|C:\\windows\\System32\\combase.dll+a5d42|C:\\windows\\System32\\RPCRT4.dll+59bab|C:\\windows\\System32\\combase.dll+8d0e3|C:\\windows\\System32\\combase.dll+8ced3|C:\\windows\\System32\\combase.dll+a9556|C:\\windows\\System32\\combase.dll+8a4fa|C:\\windows\\System32\\combase.dll+a47ed|C:\\windows\\System32\\combase.dll+401ac|C:\\windows\\System32\\combase.dll+40a11|C:\\windows\\System32\\combase.dll+421b8|C:\\windows\\System32\\RPCRT4.dll+549f8|C:\\windows\\System32\\RPCRT4.dll+2c9b1|C:\\windows\\System32\\RPCRT4.dll+2c500|C:\\windows\\System32\\RPCRT4.dll+1a71f","Hostname":"WORKSTATION5","TargetProcessId":"4028","TargetImage":"C:\\windows\\system32\\ctfmon.exe","SourceProcessGUID":"{39e4a257-dddf-5f8b-4f1b-000000000400}"}
{"SourceImage":"C:\\windows\\system32\\wbem\\wmiprvse.exe","TimeCreated":"2020-10-18 02:17:03.662","GrantedAccess":"0x1410","SourceThreadId":"2560","CallTrace":"C:\\windows\\SYSTEM32\\ntdll.dll+9c584|C:\\windows\\System32\\KERNELBASE.dll+305fe|C:\\windows\\system32\\wbem\\cimwin32.dll+f46e|C:\\windows\\system32\\wbem\\cimwin32.dll+faf5|C:\\windows\\SYSTEM32\\framedynos.dll+55a2|C:\\windows\\SYSTEM32\\framedynos.dll+6d2d|C:\\windows\\system32\\wbem\\wmiprvse.exe+8ad1|C:\\windows\\system32\\wbem\\wmiprvse.exe+8753|C:\\windows\\System32\\RPCRT4.dll+76a63|C:\\windows\\System32\\RPCRT4.dll+13653|C:\\windows\\System32\\combase.dll+a5d42|C:\\windows\\System32\\RPCRT4.dll+59bab|C:\\windows\\System32\\combase.dll+8d0e3|C:\\windows\\System32\\combase.dll+8ced3|C:\\windows\\System32\\combase.dll+a9556|C:\\windows\\System32\\combase.dll+8a4fa|C:\\windows\\System32\\combase.dll+a47ed|C:\\windows\\System32\\combase.dll+401ac|C:\\windows\\System32\\combase.dll+40a11|C:\\windows\\System32\\combase.dll+421b8|C:\\windows\\System32\\RPCRT4.dll+549f8|C:\\windows\\System32\\RPCRT4.dll+2c9b1|C:\\windows\\System32\\RPCRT4.dll+2c500|C:\\windows\\System32\\RPCRT4.dll+1a71f","UtcTime":"2020-10-18 06:17:03.648","TargetProcessGUID":"{39e4a257-1bcd-5f89-a20e-000000000400}","SourceProcessId":"1512","EventID":10,"Channel":"Microsoft-Windows-Sysmon/Operational","Task":"10","RuleName":"-","Message":"Process accessed:\r\nRuleName: -\r\nUtcTime: 2020-10-18 06:17:03.648\r\nSourceProcessGUID: {39e4a257-dddf-5f8b-4f1b-000000000400}\r\nSourceProcessId: 1512\r\nSourceThreadId: 2560\r\nSourceImage: C:\\windows\\system32\\wbem\\wmiprvse.exe\r\nTargetProcessGUID: {39e4a257-1bcd-5f89-a20e-000000000400}\r\nTargetProcessId: 3808\r\nTargetImage: C:\\windows\\system32\\svchost.exe\r\nGrantedAccess: 0x1410\r\nCallTrace: C:\\windows\\SYSTEM32\\ntdll.dll+9c584|C:\\windows\\System32\\KERNELBASE.dll+305fe|C:\\windows\\system32\\wbem\\cimwin32.dll+f46e|C:\\windows\\system32\\wbem\\cimwin32.dll+faf5|C:\\windows\\SYSTEM32\\framedynos.dll+55a2|C:\\windows\\SYSTEM32\\framedynos.dll+6d2d|C:\\windows\\system32\\wbem\\wmiprvse.exe+8ad1|C:\\windows\\system32\\wbem\\wmiprvse.exe+8753|C:\\windows\\System32\\RPCRT4.dll+76a63|C:\\windows\\System32\\RPCRT4.dll+13653|C:\\windows\\System32\\combase.dll+a5d42|C:\\windows\\System32\\RPCRT4.dll+59bab|C:\\windows\\System32\\combase.dll+8d0e3|C:\\windows\\System32\\combase.dll+8ced3|C:\\windows\\System32\\combase.dll+a9556|C:\\windows\\System32\\combase.dll+8a4fa|C:\\windows\\System32\\combase.dll+a47ed|C:\\windows\\System32\\combase.dll+401ac|C:\\windows\\System32\\combase.dll+40a11|C:\\windows\\System32\\combase.dll+421b8|C:\\windows\\System32\\RPCRT4.dll+549f8|C:\\windows\\System32\\RPCRT4.dll+2c9b1|C:\\windows\\System32\\RPCRT4.dll+2c500|C:\\windows\\System32\\RPCRT4.dll+1a71f","Hostname":"WORKSTATION5","TargetProcessId":"3808","TargetImage":"C:\\windows\\system32\\svchost.exe","SourceProcessGUID":"{39e4a257-dddf-5f8b-4f1b-000000000400}"}
{"SourceImage":"C:\\windows\\system32\\wbem\\wmiprvse.exe","TimeCreated":"2020-10-18 02:17:03.662","GrantedAccess":"0x1410","SourceThreadId":"2560","CallTrace":"C:\\windows\\SYSTEM32\\ntdll.dll+9c584|C:\\windows\\System32\\KERNELBASE.dll+305fe|C:\\windows\\system32\\wbem\\cimwin32.dll+f46e|C:\\windows\\system32\\wbem\\cimwin32.dll+faf5|C:\\windows\\SYSTEM32\\framedynos.dll+55a2|C:\\windows\\SYSTEM32\\framedynos.dll+6d2d|C:\\windows\\system32\\wbem\\wmiprvse.exe+8ad1|C:\\windows\\system32\\wbem\\wmiprvse.exe+8753|C:\\windows\\System32\\RPCRT4.dll+76a63|C:\\windows\\System32\\RPCRT4.dll+13653|C:\\windows\\System32\\combase.dll+a5d42|C:\\windows\\System32\\RPCRT4.dll+59bab|C:\\windows\\System32\\combase.dll+8d0e3|C:\\windows\\System32\\combase.dll+8ced3|C:\\windows\\System32\\combase.dll+a9556|C:\\windows\\System32\\combase.dll+8a4fa|C:\\windows\\System32\\combase.dll+a47ed|C:\\windows\\System32\\combase.dll+401ac|C:\\windows\\System32\\combase.dll+40a11|C:\\windows\\System32\\combase.dll+421b8|C:\\windows\\System32\\RPCRT4.dll+549f8|C:\\windows\\System32\\RPCRT4.dll+2c9b1|C:\\windows\\System32\\RPCRT4.dll+2c500|C:\\windows\\System32\\RPCRT4.dll+1a71f","UtcTime":"2020-10-18 06:17:03.648","TargetProcessGUID":"{39e4a257-1bcd-5f89-a30e-000000000400}","SourceProcessId":"1512","EventID":10,"Channel":"Microsoft-Windows-Sysmon/Operational","Task":"10","RuleName":"-","Message":"Process accessed:\r\nRuleName: -\r\nUtcTime: 2020-10-18 06:17:03.648\r\nSourceProcessGUID: {39e4a257-dddf-5f8b-4f1b-000000000400}\r\nSourceProcessId: 1512\r\nSourceThreadId: 2560\r\nSourceImage: C:\\windows\\system32\\wbem\\wmiprvse.exe\r\nTargetProcessGUID: {39e4a257-1bcd-5f89-a30e-000000000400}\r\nTargetProcessId: 4772\r\nTargetImage: C:\\windows\\System32\\svchost.exe\r\nGrantedAccess: 0x1410\r\nCallTrace: C:\\windows\\SYSTEM32\\ntdll.dll+9c584|C:\\windows\\System32\\KERNELBASE.dll+305fe|C:\\windows\\system32\\wbem\\cimwin32.dll+f46e|C:\\windows\\system32\\wbem\\cimwin32.dll+faf5|C:\\windows\\SYSTEM32\\framedynos.dll+55a2|C:\\windows\\SYSTEM32\\framedynos.dll+6d2d|C:\\windows\\system32\\wbem\\wmiprvse.exe+8ad1|C:\\windows\\system32\\wbem\\wmiprvse.exe+8753|C:\\windows\\System32\\RPCRT4.dll+76a63|C:\\windows\\System32\\RPCRT4.dll+13653|C:\\windows\\System32\\combase.dll+a5d42|C:\\windows\\System32\\RPCRT4.dll+59bab|C:\\windows\\System32\\combase.dll+8d0e3|C:\\windows\\System32\\combase.dll+8ced3|C:\\windows\\System32\\combase.dll+a9556|C:\\windows\\System32\\combase.dll+8a4fa|C:\\windows\\System32\\combase.dll+a47ed|C:\\windows\\System32\\combase.dll+401ac|C:\\windows\\System32\\combase.dll+40a11|C:\\windows\\System32\\combase.dll+421b8|C:\\windows\\System32\\RPCRT4.dll+549f8|C:\\windows\\System32\\RPCRT4.dll+2c9b1|C:\\windows\\System32\\RPCRT4.dll+2c500|C:\\windows\\System32\\RPCRT4.dll+1a71f","Hostname":"WORKSTATION5","TargetProcessId":"4772","TargetImage":"C:\\windows\\System32\\svchost.exe","SourceProcessGUID":"{39e4a257-dddf-5f8b-4f1b-000000000400}"}
{"SourceImage":"C:\\windows\\system32\\wbem\\wmiprvse.exe","TimeCreated":"2020-10-18 02:17:03.661","GrantedAccess":"0x1410","SourceThreadId":"2560","CallTrace":"C:\\windows\\SYSTEM32\\ntdll.dll+9c584|C:\\windows\\System32\\KERNELBASE.dll+305fe|C:\\windows\\system32\\wbem\\cimwin32.dll+f46e|C:\\windows\\system32\\wbem\\cimwin32.dll+faf5|C:\\windows\\SYSTEM32\\framedynos.dll+55a2|C:\\windows\\SYSTEM32\\framedynos.dll+6d2d|C:\\windows\\system32\\wbem\\wmiprvse.exe+8ad1|C:\\windows\\system32\\wbem\\wmiprvse.exe+8753|C:\\windows\\System32\\RPCRT4.dll+76a63|C:\\windows\\System32\\RPCRT4.dll+13653|C:\\windows\\System32\\combase.dll+a5d42|C:\\windows\\System32\\RPCRT4.dll+59bab|C:\\windows\\System32\\combase.dll+8d0e3|C:\\windows\\System32\\combase.dll+8ced3|C:\\windows\\System32\\combase.dll+a9556|C:\\windows\\System32\\combase.dll+8a4fa|C:\\windows\\System32\\combase.dll+a47ed|C:\\windows\\System32\\combase.dll+401ac|C:\\windows\\System32\\combase.dll+40a11|C:\\windows\\System32\\combase.dll+421b8|C:\\windows\\System32\\RPCRT4.dll+549f8|C:\\windows\\System32\\RPCRT4.dll+2c9b1|C:\\windows\\System32\\RPCRT4.dll+2c500|C:\\windows\\System32\\RPCRT4.dll+1a71f","UtcTime":"2020-10-18 06:17:03.648","TargetProcessGUID":"{39e4a257-1bcc-5f89-9e0e-000000000400}","SourceProcessId":"1512","EventID":10,"Channel":"Microsoft-Windows-Sysmon/Operational","Task":"10","RuleName":"-","Message":"Process accessed:\r\nRuleName: -\r\nUtcTime: 2020-10-18 06:17:03.648\r\nSourceProcessGUID: {39e4a257-dddf-5f8b-4f1b-000000000400}\r\nSourceProcessId: 1512\r\nSourceThreadId: 2560\r\nSourceImage: C:\\windows\\system32\\wbem\\wmiprvse.exe\r\nTargetProcessGUID: {39e4a257-1bcc-5f89-9e0e-000000000400}\r\nTargetProcessId: 2872\r\nTargetImage: C:\\windows\\system32\\svchost.exe\r\nGrantedAccess: 0x1410\r\nCallTrace: C:\\windows\\SYSTEM32\\ntdll.dll+9c584|C:\\windows\\System32\\KERNELBASE.dll+305fe|C:\\windows\\system32\\wbem\\cimwin32.dll+f46e|C:\\windows\\system32\\wbem\\cimwin32.dll+faf5|C:\\windows\\SYSTEM32\\framedynos.dll+55a2|C:\\windows\\SYSTEM32\\framedynos.dll+6d2d|C:\\windows\\system32\\wbem\\wmiprvse.exe+8ad1|C:\\windows\\system32\\wbem\\wmiprvse.exe+8753|C:\\windows\\System32\\RPCRT4.dll+76a63|C:\\windows\\System32\\RPCRT4.dll+13653|C:\\windows\\System32\\combase.dll+a5d42|C:\\windows\\System32\\RPCRT4.dll+59bab|C:\\windows\\System32\\combase.dll+8d0e3|C:\\windows\\System32\\combase.dll+8ced3|C:\\windows\\System32\\combase.dll+a9556|C:\\windows\\System32\\combase.dll+8a4fa|C:\\windows\\System32\\combase.dll+a47ed|C:\\windows\\System32\\combase.dll+401ac|C:\\windows\\System32\\combase.dll+40a11|C:\\windows\\System32\\combase.dll+421b8|C:\\windows\\System32\\RPCRT4.dll+549f8|C:\\windows\\System32\\RPCRT4.dll+2c9b1|C:\\windows\\System32\\RPCRT4.dll+2c500|C:\\windows\\System32\\RPCRT4.dll+1a71f","Hostname":"WORKSTATION5","TargetProcessId":"2872","TargetImage":"C:\\windows\\system32\\svchost.exe","SourceProcessGUID":"{39e4a257-dddf-5f8b-4f1b-000000000400}"}
