{"TimeCreated":"2020-10-18 02:17:06.258","SignatureStatus":"Valid","Signature":"Microsoft Windows","Product":"Microsoft Windows Operating System","Hashes":"SHA1=E26E39E887870FA8045D71C24F140925F04B5B3E,MD5=397B27BD1CB6CB49CE0A88B0C133094E,SHA256=773A69CD17C720BC8008052DEA017A967500C47DFD8B0E8AB0E79B3A05493B1A,IMPHASH=39AAB269F8884DA222F7A397A1BF8645","UtcTime":"2020-10-18 06:17:06.242","ProcessGuid":"{39e4a257-dde2-5f8b-521b-000000000400}","Image":"C:\\Windows\\System32\\svchost.exe","ImageLoaded":"C:\\Windows\\System32\\wwapi.dll","EventID":7,"Channel":"Microsoft-Windows-Sysmon/Operational","Task":"7","RuleName":"-","FileVersion":"10.0.18362.1 (WinBuild.160101.0800)","Message":"Image loaded:\r\nRuleName: -\r\nUtcTime: 2020-10-18 06:17:06.242\r\nProcessGuid: {39e4a257-dde2-5f8b-521b-000000000400}\r\nProcessId: 6928\r\nImage: C:\\Windows\\System32\\svchost.exe\r\nImageLoaded: C:\\Windows\\System32\\wwapi.dll\r\nFileVersion: 10.0.18362.1 (WinBuild.160101.0800)\r\nDescription: WWAN API\r\nProduct: Microsoft Windows Operating System\r\nCompany: Microsoft Corporation\r\nOriginalFileName: Wwapi.dll\r\nHashes: SHA1=E26E39E887870FA8045D71C24F140925F04B5B3E,MD5=397B27BD1CB6CB49CE0A88B0C133094E,SHA256=773A69CD17C720BC8008052DEA017A967500C47DFD8B0E8AB0E79B3A05493B1A,IMPHASH=39AAB269F8884DA222F7A397A1BF8645\r\nSigned: true\r\nSignature: Microsoft Windows\r\nSignatureStatus: Valid","Hostname":"WORKSTATION5","ProcessId":"6928","Description":"WWAN API","Company":"Microsoft Corporation","Signed":"true","OriginalFileName":"Wwapi.dll"}
{"TimeCreated":"2020-10-18 02:17:06.258","UtcTime":"2020-10-18 06:17:06.226","ProcessGuid":"{39e4a257-dde2-5f8b-521b-000000000400}","Image":"C:\\windows\\system32\\svchost.exe","EventID":12,"Channel":"Microsoft-Windows-Sysmon/Operational","Task":"12","RuleName":"-","Message":"Registry object added or deleted:\r\nRuleName: -\r\nEventType: CreateKey\r\nUtcTime: 2020-10-18 06:17:06.226\r\nProcessGuid: {39e4a257-dde2-5f8b-521b-000000000400}\r\nProcessId: 6928\r\nImage: C:\\windows\\system32\\svchost.exe\r\nTargetObject: HKLM\\SOFTWARE\\Microsoft\\Windows\\CurrentVersion\\CapabilityAccessManager\\Capabilities","Hostname":"WORKSTATION5","ProcessId":"6928","EventType":"CreateKey","TargetObject":"HKLM\\SOFTWARE\\Microsoft\\Windows\\CurrentVersion\\CapabilityAccessManager\\Capabilities"}
{"TimeCreated":"2020-10-18 02:17:06.251","UtcTime":"2020-10-18 06:17:06.226","ProcessGuid":"{39e4a257-dde2-5f8b-521b-000000000400}","Image":"C:\\windows\\system32\\svchost.exe","EventID":12,"Channel":"Microsoft-Windows-Sysmon/Operational","Task":"12","RuleName":"-","Message":"Registry object added or deleted:\r\nRuleName: -\r\nEventType: CreateKey\r\nUtcTime: 2020-10-18 06:17:06.226\r\nProcessGuid: {39e4a257-dde2-5f8b-521b-000000000400}\r\nProcessId: 6928\r\nImage: C:\\windows\\system32\\svchost.exe\r\nTargetObject: HKLM\\SOFTWARE\\Microsoft\\Windows\\CurrentVersion\\CapabilityAccessManager\\Capabilities","Hostname":"WORKSTATION5","ProcessId":"6928","EventType":"CreateKey","TargetObject":"HKLM\\SOFTWARE\\Microsoft\\Windows\\CurrentVersion\\CapabilityAccessManager\\Capabilities"}
{"SourceImage":"C:\\windows\\system32\\svchost.exe","TimeCreated":"2020-10-18 02:17:06.250","GrantedAccess":"0x1000","SourceThreadId":"7480","CallTrace":"C:\\windows\\SYSTEM32\\ntdll.dll+9c584|C:\\windows\\System32\\KERNELBASE.dll+305fe|c:\\windows\\system32\\capabilityaccessmanager.dll+2ea7f|c:\\windows\\system32\\capabilityaccessmanager.dll+2f817|c:\\windows\\system32\\capabilityaccessmanager.dll+2dd6c|c:\\windows\\system32\\capabilityaccessmanager.dll+1c871|c:\\windows\\system32\\capabilityaccessmanager.dll+eb21|c:\\windows\\system32\\capabilityaccessmanager.dll+96df|C:\\windows\\System32\\RPCRT4.dll+76a63|C:\\windows\\System32\\RPCRT4.dll+da036|C:\\windows\\System32\\RPCRT4.dll+383b9|C:\\windows\\System32\\combase.dll+a5d13|C:\\windows\\System32\\RPCRT4.dll+59bab|C:\\windows\\System32\\combase.dll+8d0e3|C:\\windows\\System32\\combase.dll+8ced3|C:\\windows\\System32\\combase.dll+a9556|C:\\windows\\System32\\combase.dll+8a4fa|C:\\windows\\System32\\combase.dll+a47ed|C:\\windows\\System32\\combase.dll+401ac|C:\\windows\\System32\\combase.dll+40a11|C:\\windows\\System32\\combase.dll+421b8|C:\\windows\\System32\\RPCRT4.dll+549f8|C:\\windows\\System32\\RPCRT4.dll+2c9b1|C:\\windows\\System32\\RPCRT4.dll+2c500","UtcTime":"2020-10-18 06:17:06.226","TargetProcessGUID":"{39e4a257-1bcf-5f89-a90e-000000000400}","SourceProcessId":"6928","EventID":10,"Channel":"Microsoft-Windows-Sysmon/Operational","Task":"10","RuleName":"-","Message":"Process accessed:\r\nRuleName: -\r\nUtcTime: 2020-10-18 06:17:06.226\r\nSourceProcessGUID: {39e4a257-dde2-5f8b-521b-000000000400}\r\nSourceProcessId: 6928\r\nSourceThreadId: 7480\r\nSourceImage: C:\\windows\\system32\\svchost.exe\r\nTargetProcessGUID: {39e4a257-1bcf-5f89-a90e-000000000400}\r\nTargetProcessId: 4548\r\nTargetImage: C:\\windows\\Explorer.EXE\r\nGrantedAccess: 0x1000\r\nCallTrace: C:\\windows\\SYSTEM32\\ntdll.dll+9c584|C:\\windows\\System32\\KERNELBASE.dll+305fe|c:\\windows\\system32\\capabilityaccessmanager.dll+2ea7f|c:\\windows\\system32\\capabilityaccessmanager.dll+2f817|c:\\windows\\system32\\capabilityaccessmanager.dll+2dd6c|c:\\windows\\system32\\capabilityaccessmanager.dll+1c871|c:\\windows\\system32\\capabilityaccessmanager.dll+eb21|c:\\windows\\system32\\capabilityaccessmanager.dll+96df|C:\\windows\\System32\\RPCRT4.dll+76a63|C:\\windows\\System32\\RPCRT4.dll+da036|C:\\windows\\System32\\RPCRT4.dll+383b9|C:\\windows\\System32\\combase.dll+a5d13|C:\\windows\\System32\\RPCRT4.dll+59bab|C:\\windows\\System32\\combase.dll+8d0e3|C:\\windows\\System32\\combase.dll+8ced3|C:\\windows\\System32\\combase.dll+a9556|C:\\windows\\System32\\combase.dll+8a4fa|C:\\windows\\System32\\combase.dll+a47ed|C:\\windows\\System32\\combase.dll+401ac|C:\\windows\\System32\\combase.dll+40a11|C:\\windows\\System32\\combase.dll+421b8|C:\\windows\\System32\\RPCRT4.dll+549f8|C:\\windows\\System32\\RPCRT4.dll+2c9b1|C:\\windows\\System32\\RPCRT4.dll+2c500","Hostname":"WORKSTATION5","TargetProcessId":"4548","TargetImage":"C:\\windows\\Explorer.EXE","SourceProcessGUID":"{39e4a257-dde2-5f8b-521b-000000000400}"}
{"TimeCreated":"2020-10-18 02:17:06.250","SignatureStatus":"Valid","Signature":"Microsoft Windows","Product":"Microsoft Windows Operating System","Hashes":"SHA1=84891CFFFB47993D9F5419D5CB1664F45EA1862F,MD5=F40BEB250AA70E859CDCE066683C5A28,SHA256=5C900D785C84661F4B36AFF7CC3214B67652CF78A4A4B96BB98AFA3934C09D9A,IMPHASH=3B2200AEEB91E8F2AFB87A0E0180E5E9","UtcTime":"2020-10-18 06:17:06.226","ProcessGuid":"{39e4a257-dde2-5f8b-521b-000000000400}","Image":"C:\\Windows\\System32\\svchost.exe","ImageLoaded":"C:\\Windows\\System32\\CapabilityAccessManagerClient.dll","EventID":7,"Channel":"Microsoft-Windows-Sysmon/Operational","Task":"7","RuleName":"-","FileVersion":"10.0.18362.959 (WinBuild.160101.0800)","Message":"Image loaded:\r\nRuleName: -\r\nUtcTime: 2020-10-18 06:17:06.226\r\nProcessGuid: {39e4a257-dde2-5f8b-521b-000000000400}\r\nProcessId: 6928\r\nImage: C:\\Windows\\System32\\svchost.exe\r\nImageLoaded: C:\\Windows\\System32\\CapabilityAccessManagerClient.dll\r\nFileVersion: 10.0.18362.959 (WinBuild.160101.0800)\r\nDescription: Capability Access Manager Client\r\nProduct: Microsoft Windows Operating System\r\nCompany: Microsoft Corporation\r\nOriginalFileName: CapabilityAccessManagerClient.dll\r\nHashes: SHA1=84891CFFFB47993D9F5419D5CB1664F45EA1862F,MD5=F40BEB250AA70E859CDCE066683C5A28,SHA256=5C900D785C84661F4B36AFF7CC3214B67652CF78A4A4B96BB98AFA3934C09D9A,IMPHASH=3B2200AEEB91E8F2AFB87A0E0180E5E9\r\nSigned: true\r\nSignature: Microsoft Windows\r\nSignatureStatus: Valid","Hostname":"WORKSTATION5","ProcessId":"6928","Description":"Capability Access Manager Client","Company":"Microsoft Corporation","Signed":"true","OriginalFileName":"CapabilityAccessManagerClient.dll"}
{"TimeCreated":"2020-10-18 02:17:06.250","SignatureStatus":"Valid","Signature":"Microsoft Windows","Product":"Microsoft Windows Operating System","Hashes":"SHA1=7DE7C7E87CFA639E8C4DF269E38FB69A391D6790,MD5=4B179D7C6AA9424831847BA6BACDB260,SHA256=F0541B07D7B00C8D09BC72DF7E2D974F83482E42CD88B4E8260B832B7A71682E,IMPHASH=70F94828FF194145825265FE7BA88C95","UtcTime":"2020-10-18 06:17:06.226","ProcessGuid":"{39e4a257-dde2-5f8b-521b-000000000400}","Image":"C:\\Windows\\System32\\svchost.exe","ImageLoaded":"C:\\Windows\\System32\\clbcatq.dll","EventID":7,"Channel":"Microsoft-Windows-Sysmon/Operational","Task":"7","RuleName":"-","FileVersion":"2001.12.10941.16384 (WinBuild.160101.0800)","Message":"Image loaded:\r\nRuleName: -\r\nUtcTime: 2020-10-18 06:17:06.226\r\nProcessGuid: {39e4a257-dde2-5f8b-521b-000000000400}\r\nProcessId: 6928\r\nImage: C:\\Windows\\System32\\svchost.exe\r\nImageLoaded: C:\\Windows\\System32\\clbcatq.dll\r\nFileVersion: 2001.12.10941.16384 (WinBuild.160101.0800)\r\nDescription: COM+ Configuration Catalog\r\nProduct: Microsoft Windows Operating System\r\nCompany: Microsoft Corporation\r\nOriginalFileName: CLBCATQ.DLL\r\nHashes: SHA1=7DE7C7E87CFA639E8C4DF269E38FB69A391D6790,MD5=4B179D7C6AA9424831847BA6BACDB260,SHA256=F0541B07D7B00C8D09BC72DF7E2D974F83482E42CD88B4E8260B832B7A71682E,IMPHASH=70F94828FF194145825265FE7BA88C95\r\nSigned: true\r\nSignature: Microsoft Windows\r\nSignatureStatus: Valid","Hostname":"WORKSTATION5","ProcessId":"6928","Description":"COM+ Configuration Catalog","Company":"Microsoft Corporation","Signed":"true","OriginalFileName":"CLBCATQ.DLL"}
{"TimeCreated":"2020-10-18 02:17:06.229","SignatureStatus":"Valid","Signature":"Microsoft Windows","Product":"Microsoft Windows Operating System","Hashes":"SHA1=1D4CAA4103D48114427B8D1E69707ED12C30E634,MD5=E8C1E4DEC2498695CC0EE5FAC806D501,SHA256=253B83765C2FE82B75357AAEA08053FDF281201EF36F6A69406CFDEA84ADB9E0,IMPHASH=E57A72C1C30E2E99A58FD1D7A27738D7","UtcTime":"2020-10-18 06:17:06.210","ProcessGuid":"{39e4a257-dde2-5f8b-521b-000000000400}","Image":"C:\\Windows\\System32\\svchost.exe","ImageLoaded":"C:\\Windows\\System32\\wintrust.dll","EventID":7,"Channel":"Microsoft-Windows-Sysmon/Operational","Task":"7","RuleName":"-","FileVersion":"10.0.18362.1139 (WinBuild.160101.0800)","Message":"Image loaded:\r\nRuleName: -\r\nUtcTime: 2020-10-18 06:17:06.210\r\nProcessGuid: {39e4a257-dde2-5f8b-521b-000000000400}\r\nProcessId: 6928\r\nImage: C:\\Windows\\System32\\svchost.exe\r\nImageLoaded: C:\\Windows\\System32\\wintrust.dll\r\nFileVersion: 10.0.18362.1139 (WinBuild.160101.0800)\r\nDescription: Microsoft Trust Verification APIs\r\nProduct: Microsoft Windows Operating System\r\nCompany: Microsoft Corporation\r\nOriginalFileName: WINTRUST.DLL\r\nHashes: SHA1=1D4CAA4103D48114427B8D1E69707ED12C30E634,MD5=E8C1E4DEC2498695CC0EE5FAC806D501,SHA256=253B83765C2FE82B75357AAEA08053FDF281201EF36F6A69406CFDEA84ADB9E0,IMPHASH=E57A72C1C30E2E99A58FD1D7A27738D7\r\nSigned: true\r\nSignature: Microsoft Windows\r\nSignatureStatus: Valid","Hostname":"WORKSTATION5","ProcessId":"6928","Description":"Microsoft Trust Verification APIs","Company":"Microsoft Corporation","Signed":"true","OriginalFileName":"WINTRUST.DLL"}
{"TimeCreated":"2020-10-18 02:17:06.229","SignatureStatus":"Valid","Signature":"Microsoft Windows","Product":"Microsoft Windows Operating System","Hashes":"SHA1=F1F2A398A07419B588494558430A141884AD66EF,MD5=23D95BFDCD23EC6AFFF7E4B0703CE464,SHA256=18DE438E2C068383700C5A87423B70B251302F0D5107F331BC7EDE5097504907,IMPHASH=F79599CA729D557E0381EC0A41471A27","UtcTime":"2020-10-18 06:17:06.210","ProcessGuid":"{39e4a257-dde2-5f8b-521b-000000000400}","Image":"C:\\Windows\\System32\\svchost.exe","ImageLoaded":"C:\\Windows\\System32\\msasn1.dll","EventID":7,"Channel":"Microsoft-Windows-Sysmon/Operational","Task":"7","RuleName":"-","FileVersion":"10.0.18362.1 (WinBuild.160101.0800)","Message":"Image loaded:\r\nRuleName: -\r\nUtcTime: 2020-10-18 06:17:06.210\r\nProcessGuid: {39e4a257-dde2-5f8b-521b-000000000400}\r\nProcessId: 6928\r\nImage: C:\\Windows\\System32\\svchost.exe\r\nImageLoaded: C:\\Windows\\System32\\msasn1.dll\r\nFileVersion: 10.0.18362.1 (WinBuild.160101.0800)\r\nDescription: ASN.1 Runtime APIs\r\nProduct: Microsoft Windows Operating System\r\nCompany: Microsoft Corporation\r\nOriginalFileName: msasn1.dll\r\nHashes: SHA1=F1F2A398A07419B588494558430A141884AD66EF,MD5=23D95BFDCD23EC6AFFF7E4B0703CE464,SHA256=18DE438E2C068383700C5A87423B70B251302F0D5107F331BC7EDE5097504907,IMPHASH=F79599CA729D557E0381EC0A41471A27\r\nSigned: true\r\nSignature: Microsoft Windows\r\nSignatureStatus: Valid","Hostname":"WORKSTATION5","ProcessId":"6928","Description":"ASN.1 Runtime APIs","Company":"Microsoft Corporation","Signed":"true","OriginalFileName":"msasn1.dll"}
{"TimeCreated":"2020-10-18 02:17:06.229","SignatureStatus":"Valid","Signature":"Microsoft Windows","Product":"Microsoft Windows Operating System","Hashes":"SHA1=7A9DD389B0E3C124D4BFE5C1FF15F9A93285514F,MD5=1676DE3980DF1D78E14B172989916570,SHA256=E832E3A58B542E15A169B1545CE82451ACE19BD361FD81764383048528F9B540,IMPHASH=F523F043ACCD8EF1D89F5FD34B5CBBA6","UtcTime":"2020-10-18 06:17:06.210","ProcessGuid":"{39e4a257-dde2-5f8b-521b-000000000400}","Image":"C:\\Windows\\System32\\svchost.exe","ImageLoaded":"C:\\Windows\\System32\\crypt32.dll","EventID":7,"Channel":"Microsoft-Windows-Sysmon/Operational","Task":"7","RuleName":"-","FileVersion":"10.0.18362.592 (WinBuild.160101.0800)","Message":"Image loaded:\r\nRuleName: -\r\nUtcTime: 2020-10-18 06:17:06.210\r\nProcessGuid: {39e4a257-dde2-5f8b-521b-000000000400}\r\nProcessId: 6928\r\nImage: C:\\Windows\\System32\\svchost.exe\r\nImageLoaded: C:\\Windows\\System32\\crypt32.dll\r\nFileVersion: 10.0.18362.592 (WinBuild.160101.0800)\r\nDescription: Crypto API32\r\nProduct: Microsoft Windows Operating System\r\nCompany: Microsoft Corporation\r\nOriginalFileName: CRYPT32.DLL\r\nHashes: SHA1=7A9DD389B0E3C124D4BFE5C1FF15F9A93285514F,MD5=1676DE3980DF1D78E14B172989916570,SHA256=E832E3A58B542E15A169B1545CE82451ACE19BD361FD81764383048528F9B540,IMPHASH=F523F043ACCD8EF1D89F5FD34B5CBBA6\r\nSigned: true\r\nSignature: Microsoft Windows\r\nSignatureStatus: Valid","Hostname":"WORKSTATION5","ProcessId":"6928","Description":"Crypto API32","Company":"Microsoft Corporation","Signed":"true","OriginalFileName":"CRYPT32.DLL"}
{"TimeCreated":"2020-10-18 02:17:06.225","SignatureStatus":"Valid","Signature":"Microsoft Windows","Product":"Microsoft Windows Operating System","Hashes":"SHA1=61EEE26CE7FB24474937385B23FF70CABB3FBECD,MD5=28D2A51C29BE3CF712562179EEA91355,SHA256=88A5C9D4C94B0BFCBF9AA74E208FF31BB375760E172F11E04B9989190C01C32A,IMPHASH=169EC277C8848700EB6754B7E1EDFFE6","UtcTime":"2020-10-18 06:17:06.210","ProcessGuid":"{39e4a257-dde2-5f8b-521b-000000000400}","Image":"C:\\Windows\\System32\\svchost.exe","ImageLoaded":"C:\\Windows\\System32\\wldp.dll","EventID":7,"Channel":"Microsoft-Windows-Sysmon/Operational","Task":"7","RuleName":"-","FileVersion":"10.0.18362.295 (WinBuild.160101.0800)","Message":"Image loaded:\r\nRuleName: -\r\nUtcTime: 2020-10-18 06:17:06.210\r\nProcessGuid: {39e4a257-dde2-5f8b-521b-000000000400}\r\nProcessId: 6928\r\nImage: C:\\Windows\\System32\\svchost.exe\r\nImageLoaded: C:\\Windows\\System32\\wldp.dll\r\nFileVersion: 10.0.18362.295 (WinBuild.160101.0800)\r\nDescription: Windows Lockdown Policy\r\nProduct: Microsoft Windows Operating System\r\nCompany: Microsoft Corporation\r\nOriginalFileName: wldp.dll\r\nHashes: SHA1=61EEE26CE7FB24474937385B23FF70CABB3FBECD,MD5=28D2A51C29BE3CF712562179EEA91355,SHA256=88A5C9D4C94B0BFCBF9AA74E208FF31BB375760E172F11E04B9989190C01C32A,IMPHASH=169EC277C8848700EB6754B7E1EDFFE6\r\nSigned: true\r\nSignature: Microsoft Windows\r\nSignatureStatus: Valid","Hostname":"WORKSTATION5","ProcessId":"6928","Description":"Windows Lockdown Policy","Company":"Microsoft Corporation","Signed":"true","OriginalFileName":"wldp.dll"}
{"TimeCreated":"2020-10-18 02:17:06.220","SignatureStatus":"Valid","Signature":"Microsoft Windows","Product":"Microsoft Windows Operating System","Hashes":"SHA1=FFF1051426D50621F5198CBD4B1597ED5CFEE2B8,MD5=20F367FFA8F366B64FE07C37FE9E7B9D,SHA256=22BE6BB3880ABE329A3F8B7AE604CBF815FCC069A6863DB7FD8B4637AFEDB67E,IMPHASH=183757D4F1015D4243D6D4D6B8E16868","UtcTime":"2020-10-18 06:17:06.195","ProcessGuid":"{39e4a257-dde2-5f8b-521b-000000000400}","Image":"C:\\Windows\\System32\\svchost.exe","ImageLoaded":"C:\\Windows\\System32\\CapabilityAccessManager.dll","EventID":7,"Channel":"Microsoft-Windows-Sysmon/Operational","Task":"7","RuleName":"-","FileVersion":"10.0.18362.900 (WinBuild.160101.0800)","Message":"Image loaded:\r\nRuleName: -\r\nUtcTime: 2020-10-18 06:17:06.195\r\nProcessGuid: {39e4a257-dde2-5f8b-521b-000000000400}\r\nProcessId: 6928\r\nImage: C:\\Windows\\System32\\svchost.exe\r\nImageLoaded: C:\\Windows\\System32\\CapabilityAccessManager.dll\r\nFileVersion: 10.0.18362.900 (WinBuild.160101.0800)\r\nDescription: Capability Access Manager Service\r\nProduct: Microsoft Windows Operating System\r\nCompany: Microsoft Corporation\r\nOriginalFileName: CapabilityAccessManager.dll\r\nHashes: SHA1=FFF1051426D50621F5198CBD4B1597ED5CFEE2B8,MD5=20F367FFA8F366B64FE07C37FE9E7B9D,SHA256=22BE6BB3880ABE329A3F8B7AE604CBF815FCC069A6863DB7FD8B4637AFEDB67E,IMPHASH=183757D4F1015D4243D6D4D6B8E16868\r\nSigned: true\r\nSignature: Microsoft Windows\r\nSignatureStatus: Valid","Hostname":"WORKSTATION5","ProcessId":"6928","Description":"Capability Access Manager Service","Company":"Microsoft Corporation","Signed":"true","OriginalFileName":"CapabilityAccessManager.dll"}
{"SourceImage":"C:\\windows\\system32\\svchost.exe","TimeCreated":"2020-10-18 02:17:06.195","GrantedAccess":"0x1000","SourceThreadId":"8916","CallTrace":"C:\\windows\\SYSTEM32\\ntdll.dll+9c584|C:\\windows\\SYSTEM32\\psmserviceexthost.dll+222a3|C:\\windows\\SYSTEM32\\psmserviceexthost.dll+1a172|C:\\windows\\SYSTEM32\\psmserviceexthost.dll+19e3b|C:\\windows\\SYSTEM32\\psmserviceexthost.dll+19318|C:\\windows\\SYSTEM32\\ntdll.dll+3081d|C:\\windows\\SYSTEM32\\ntdll.dll+345b4|C:\\windows\\System32\\KERNEL32.DLL+17c24|C:\\windows\\SYSTEM32\\ntdll.dll+6cea1","UtcTime":"2020-10-18 06:17:06.195","TargetProcessGUID":"{39e4a257-dde2-5f8b-521b-000000000400}","SourceProcessId":"896","EventID":10,"Channel":"Microsoft-Windows-Sysmon/Operational","Task":"10","RuleName":"-","Message":"Process accessed:\r\nRuleName: -\r\nUtcTime: 2020-10-18 06:17:06.195\r\nSourceProcessGUID: {39e4a257-f71a-5f87-1000-000000000400}\r\nSourceProcessId: 896\r\nSourceThreadId: 8916\r\nSourceImage: C:\\windows\\system32\\svchost.exe\r\nTargetProcessGUID: {39e4a257-dde2-5f8b-521b-000000000400}\r\nTargetProcessId: 6928\r\nTargetImage: C:\\windows\\system32\\svchost.exe\r\nGrantedAccess: 0x1000\r\nCallTrace: C:\\windows\\SYSTEM32\\ntdll.dll+9c584|C:\\windows\\SYSTEM32\\psmserviceexthost.dll+222a3|C:\\windows\\SYSTEM32\\psmserviceexthost.dll+1a172|C:\\windows\\SYSTEM32\\psmserviceexthost.dll+19e3b|C:\\windows\\SYSTEM32\\psmserviceexthost.dll+19318|C:\\windows\\SYSTEM32\\ntdll.dll+3081d|C:\\windows\\SYSTEM32\\ntdll.dll+345b4|C:\\windows\\System32\\KERNEL32.DLL+17c24|C:\\windows\\SYSTEM32\\ntdll.dll+6cea1","Hostname":"WORKSTATION5","TargetProcessId":"6928","TargetImage":"C:\\windows\\system32\\svchost.exe","SourceProcessGUID":"{39e4a257-f71a-5f87-1000-000000000400}"}
{"SourceImage":"C:\\windows\\system32\\svchost.exe","TimeCreated":"2020-10-18 02:17:06.195","GrantedAccess":"0x1000","SourceThreadId":"8916","CallTrace":"C:\\windows\\SYSTEM32\\ntdll.dll+9c584|C:\\windows\\SYSTEM32\\psmserviceexthost.dll+222a3|C:\\windows\\SYSTEM32\\psmserviceexthost.dll+1a172|C:\\windows\\SYSTEM32\\psmserviceexthost.dll+19e3b|C:\\windows\\SYSTEM32\\psmserviceexthost.dll+19318|C:\\windows\\SYSTEM32\\ntdll.dll+3081d|C:\\windows\\SYSTEM32\\ntdll.dll+345b4|C:\\windows\\System32\\KERNEL32.DLL+17c24|C:\\windows\\SYSTEM32\\ntdll.dll+6cea1","UtcTime":"2020-10-18 06:17:06.195","TargetProcessGUID":"{39e4a257-dde2-5f8b-521b-000000000400}","SourceProcessId":"896","EventID":10,"Channel":"Microsoft-Windows-Sysmon/Operational","Task":"10","RuleName":"-","Message":"Process accessed:\r\nRuleName: -\r\nUtcTime: 2020-10-18 06:17:06.195\r\nSourceProcessGUID: {39e4a257-f71a-5f87-1000-000000000400}\r\nSourceProcessId: 896\r\nSourceThreadId: 8916\r\nSourceImage: C:\\windows\\system32\\svchost.exe\r\nTargetProcessGUID: {39e4a257-dde2-5f8b-521b-000000000400}\r\nTargetProcessId: 6928\r\nTargetImage: C:\\windows\\system32\\svchost.exe\r\nGrantedAccess: 0x1000\r\nCallTrace: C:\\windows\\SYSTEM32\\ntdll.dll+9c584|C:\\windows\\SYSTEM32\\psmserviceexthost.dll+222a3|C:\\windows\\SYSTEM32\\psmserviceexthost.dll+1a172|C:\\windows\\SYSTEM32\\psmserviceexthost.dll+19e3b|C:\\windows\\SYSTEM32\\psmserviceexthost.dll+19318|C:\\windows\\SYSTEM32\\ntdll.dll+3081d|C:\\windows\\SYSTEM32\\ntdll.dll+345b4|C:\\windows\\System32\\KERNEL32.DLL+17c24|C:\\windows\\SYSTEM32\\ntdll.dll+6cea1","Hostname":"WORKSTATION5","TargetProcessId":"6928","TargetImage":"C:\\windows\\system32\\svchost.exe","SourceProcessGUID":"{39e4a257-f71a-5f87-1000-000000000400}"}
{"SourceImage":"C:\\windows\\system32\\services.exe","TimeCreated":"2020-10-18 02:17:06.195","GrantedAccess":"0x1000","SourceThreadId":"9824","CallTrace":"C:\\windows\\SYSTEM32\\ntdll.dll+9d154|C:\\windows\\System32\\RPCRT4.dll+2d354|C:\\windows\\system32\\services.exe+1c74|C:\\windows\\System32\\RPCRT4.dll+76a63|C:\\windows\\System32\\RPCRT4.dll+13653|C:\\windows\\System32\\RPCRT4.dll+1457a|C:\\windows\\System32\\RPCRT4.dll+549f8|C:\\windows\\System32\\RPCRT4.dll+2c9b1|C:\\windows\\System32\\RPCRT4.dll+2c26b|C:\\windows\\System32\\RPCRT4.dll+1a8cf|C:\\windows\\System32\\RPCRT4.dll+19d7a|C:\\windows\\System32\\RPCRT4.dll+19361|C:\\windows\\System32\\RPCRT4.dll+18dce|C:\\windows\\System32\\RPCRT4.dll+16a05|C:\\windows\\SYSTEM32\\ntdll.dll+333ed|C:\\windows\\SYSTEM32\\ntdll.dll+34142|C:\\windows\\System32\\KERNEL32.DLL+17c24|C:\\windows\\SYSTEM32\\ntdll.dll+6cea1","UtcTime":"2020-10-18 06:17:06.179","TargetProcessGUID":"{39e4a257-dde2-5f8b-521b-000000000400}","SourceProcessId":"736","EventID":10,"Channel":"Microsoft-Windows-Sysmon/Operational","Task":"10","RuleName":"-","Message":"Process accessed:\r\nRuleName: -\r\nUtcTime: 2020-10-18 06:17:06.179\r\nSourceProcessGUID: {39e4a257-f719-5f87-0b00-000000000400}\r\nSourceProcessId: 736\r\nSourceThreadId: 9824\r\nSourceImage: C:\\windows\\system32\\services.exe\r\nTargetProcessGUID: {39e4a257-dde2-5f8b-521b-000000000400}\r\nTargetProcessId: 6928\r\nTargetImage: C:\\windows\\system32\\svchost.exe\r\nGrantedAccess: 0x1000\r\nCallTrace: C:\\windows\\SYSTEM32\\ntdll.dll+9d154|C:\\windows\\System32\\RPCRT4.dll+2d354|C:\\windows\\system32\\services.exe+1c74|C:\\windows\\System32\\RPCRT4.dll+76a63|C:\\windows\\System32\\RPCRT4.dll+13653|C:\\windows\\System32\\RPCRT4.dll+1457a|C:\\windows\\System32\\RPCRT4.dll+549f8|C:\\windows\\System32\\RPCRT4.dll+2c9b1|C:\\windows\\System32\\RPCRT4.dll+2c26b|C:\\windows\\System32\\RPCRT4.dll+1a8cf|C:\\windows\\System32\\RPCRT4.dll+19d7a|C:\\windows\\System32\\RPCRT4.dll+19361|C:\\windows\\System32\\RPCRT4.dll+18dce|C:\\windows\\System32\\RPCRT4.dll+16a05|C:\\windows\\SYSTEM32\\ntdll.dll+333ed|C:\\windows\\SYSTEM32\\ntdll.dll+34142|C:\\windows\\System32\\KERNEL32.DLL+17c24|C:\\windows\\SYSTEM32\\ntdll.dll+6cea1","Hostname":"WORKSTATION5","TargetProcessId":"6928","TargetImage":"C:\\windows\\system32\\svchost.exe","SourceProcessGUID":"{39e4a257-f719-5f87-0b00-000000000400}"}
{"SourceImage":"C:\\windows\\system32\\svchost.exe","TimeCreated":"2020-10-18 02:17:06.192","GrantedAccess":"0x100000","SourceThreadId":"1872","CallTrace":"C:\\windows\\SYSTEM32\\ntdll.dll+9d154|C:\\windows\\System32\\RPCRT4.dll+2d354|c:\\windows\\system32\\rpcss.dll+314c9|c:\\windows\\system32\\rpcss.dll+30b5b|C:\\windows\\System32\\RPCRT4.dll+76a63|C:\\windows\\System32\\RPCRT4.dll+13653|C:\\windows\\System32\\RPCRT4.dll+1457a|C:\\windows\\System32\\RPCRT4.dll+549f8|C:\\windows\\System32\\RPCRT4.dll+2c9b1|C:\\windows\\System32\\RPCRT4.dll+2c26b|C:\\windows\\System32\\RPCRT4.dll+1a8cf|C:\\windows\\System32\\RPCRT4.dll+19d7a|C:\\windows\\System32\\RPCRT4.dll+19361|C:\\windows\\System32\\RPCRT4.dll+18dce|C:\\windows\\System32\\RPCRT4.dll+16a05|C:\\windows\\SYSTEM32\\ntdll.dll+333ed|C:\\windows\\SYSTEM32\\ntdll.dll+34142|C:\\windows\\System32\\KERNEL32.DLL+17c24|C:\\windows\\SYSTEM32\\ntdll.dll+6cea1","UtcTime":"2020-10-18 06:17:06.179","TargetProcessGUID":"{39e4a257-dde2-5f8b-521b-000000000400}","SourceProcessId":"996","EventID":10,"Channel":"Microsoft-Windows-Sysmon/Operational","Task":"10","RuleName":"-","Message":"Process accessed:\r\nRuleName: -\r\nUtcTime: 2020-10-18 06:17:06.179\r\nSourceProcessGUID: {39e4a257-f71c-5f87-1100-000000000400}\r\nSourceProcessId: 996\r\nSourceThreadId: 1872\r\nSourceImage: C:\\windows\\system32\\svchost.exe\r\nTargetProcessGUID: {39e4a257-dde2-5f8b-521b-000000000400}\r\nTargetProcessId: 6928\r\nTargetImage: C:\\windows\\system32\\svchost.exe\r\nGrantedAccess: 0x100000\r\nCallTrace: C:\\windows\\SYSTEM32\\ntdll.dll+9d154|C:\\windows\\System32\\RPCRT4.dll+2d354|c:\\windows\\system32\\rpcss.dll+314c9|c:\\windows\\system32\\rpcss.dll+30b5b|C:\\windows\\System32\\RPCRT4.dll+76a63|C:\\windows\\System32\\RPCRT4.dll+13653|C:\\windows\\System32\\RPCRT4.dll+1457a|C:\\windows\\System32\\RPCRT4.dll+549f8|C:\\windows\\System32\\RPCRT4.dll+2c9b1|C:\\windows\\System32\\RPCRT4.dll+2c26b|C:\\windows\\System32\\RPCRT4.dll+1a8cf|C:\\windows\\System32\\RPCRT4.dll+19d7a|C:\\windows\\System32\\RPCRT4.dll+19361|C:\\windows\\System32\\RPCRT4.dll+18dce|C:\\windows\\System32\\RPCRT4.dll+16a05|C:\\windows\\SYSTEM32\\ntdll.dll+333ed|C:\\windows\\SYSTEM32\\ntdll.dll+34142|C:\\windows\\System32\\KERNEL32.DLL+17c24|C:\\windows\\SYSTEM32\\ntdll.dll+6cea1","Hostname":"WORKSTATION5","TargetProcessId":"6928","TargetImage":"C:\\windows\\system32\\svchost.exe","SourceProcessGUID":"{39e4a257-f71c-5f87-1100-000000000400}"}
{"SourceImage":"C:\\windows\\system32\\svchost.exe","TimeCreated":"2020-10-18 02:17:06.192","GrantedAccess":"0x1000","SourceThreadId":"8916","CallTrace":"C:\\windows\\SYSTEM32\\ntdll.dll+9c584|C:\\windows\\System32\\KERNELBASE.dll+305fe|c:\\windows\\system32\\rpcss.dll+47d62|c:\\windows\\system32\\rpcss.dll+47d23|C:\\windows\\System32\\RPCRT4.dll+76a63|C:\\windows\\System32\\RPCRT4.dll+13653|C:\\windows\\System32\\RPCRT4.dll+1457a|C:\\windows\\System32\\RPCRT4.dll+549f8|C:\\windows\\System32\\RPCRT4.dll+2c9b1|C:\\windows\\System32\\RPCRT4.dll+2c26b|C:\\windows\\System32\\RPCRT4.dll+1a8cf|C:\\windows\\System32\\RPCRT4.dll+19d7a|C:\\windows\\System32\\RPCRT4.dll+19361|C:\\windows\\System32\\RPCRT4.dll+18dce|C:\\windows\\System32\\RPCRT4.dll+16a05|C:\\windows\\SYSTEM32\\ntdll.dll+333ed|C:\\windows\\SYSTEM32\\ntdll.dll+34142|C:\\windows\\System32\\KERNEL32.DLL+17c24|C:\\windows\\SYSTEM32\\ntdll.dll+6cea1","UtcTime":"2020-10-18 06:17:06.179","TargetProcessGUID":"{39e4a257-dde2-5f8b-521b-000000000400}","SourceProcessId":"896","EventID":10,"Channel":"Microsoft-Windows-Sysmon/Operational","Task":"10","RuleName":"-","Message":"Process accessed:\r\nRuleName: -\r\nUtcTime: 2020-10-18 06:17:06.179\r\nSourceProcessGUID: {39e4a257-f71a-5f87-1000-000000000400}\r\nSourceProcessId: 896\r\nSourceThreadId: 8916\r\nSourceImage: C:\\windows\\system32\\svchost.exe\r\nTargetProcessGUID: {39e4a257-dde2-5f8b-521b-000000000400}\r\nTargetProcessId: 6928\r\nTargetImage: C:\\windows\\system32\\svchost.exe\r\nGrantedAccess: 0x1000\r\nCallTrace: C:\\windows\\SYSTEM32\\ntdll.dll+9c584|C:\\windows\\System32\\KERNELBASE.dll+305fe|c:\\windows\\system32\\rpcss.dll+47d62|c:\\windows\\system32\\rpcss.dll+47d23|C:\\windows\\System32\\RPCRT4.dll+76a63|C:\\windows\\System32\\RPCRT4.dll+13653|C:\\windows\\System32\\RPCRT4.dll+1457a|C:\\windows\\System32\\RPCRT4.dll+549f8|C:\\windows\\System32\\RPCRT4.dll+2c9b1|C:\\windows\\System32\\RPCRT4.dll+2c26b|C:\\windows\\System32\\RPCRT4.dll+1a8cf|C:\\windows\\System32\\RPCRT4.dll+19d7a|C:\\windows\\System32\\RPCRT4.dll+19361|C:\\windows\\System32\\RPCRT4.dll+18dce|C:\\windows\\System32\\RPCRT4.dll+16a05|C:\\windows\\SYSTEM32\\ntdll.dll+333ed|C:\\windows\\SYSTEM32\\ntdll.dll+34142|C:\\windows\\System32\\KERNEL32.DLL+17c24|C:\\windows\\SYSTEM32\\ntdll.dll+6cea1","Hostname":"WORKSTATION5","TargetProcessId":"6928","TargetImage":"C:\\windows\\system32\\svchost.exe","SourceProcessGUID":"{39e4a257-f71a-5f87-1000-000000000400}"}
{"TimeCreated":"2020-10-18 02:17:06.191","SignatureStatus":"Valid","Signature":"Microsoft Windows","Product":"Microsoft Windows Operating System","Hashes":"SHA1=56A126B33C43CE80C5DA3319FA4FBE28F617599C,MD5=94027F5AE9D6FC3B0917C1B5BCD2D88E,SHA256=2FC246F193104FB36285360E9FB14CE10B04EDB50D9D5ECFD9FDA1F010BFCDB9,IMPHASH=7F555C87AEA488E97B6067A0419ED3B4","UtcTime":"2020-10-18 06:17:06.179","ProcessGuid":"{39e4a257-dde2-5f8b-521b-000000000400}","Image":"C:\\Windows\\System32\\svchost.exe","ImageLoaded":"C:\\Windows\\System32\\msvcp_win.dll","EventID":7,"Channel":"Microsoft-Windows-Sysmon/Operational","Task":"7","RuleName":"-","FileVersion":"10.0.18362.1110 (WinBuild.160101.0800)","Message":"Image loaded:\r\nRuleName: -\r\nUtcTime: 2020-10-18 06:17:06.179\r\nProcessGuid: {39e4a257-dde2-5f8b-521b-000000000400}\r\nProcessId: 6928\r\nImage: C:\\Windows\\System32\\svchost.exe\r\nImageLoaded: C:\\Windows\\System32\\msvcp_win.dll\r\nFileVersion: 10.0.18362.1110 (WinBuild.160101.0800)\r\nDescription: Microsoft C Runtime Library\r\nProduct: Microsoft Windows Operating System\r\nCompany: Microsoft Corporation\r\nOriginalFileName: msvcp_win.dll\r\nHashes: SHA1=56A126B33C43CE80C5DA3319FA4FBE28F617599C,MD5=94027F5AE9D6FC3B0917C1B5BCD2D88E,SHA256=2FC246F193104FB36285360E9FB14CE10B04EDB50D9D5ECFD9FDA1F010BFCDB9,IMPHASH=7F555C87AEA488E97B6067A0419ED3B4\r\nSigned: true\r\nSignature: Microsoft Windows\r\nSignatureStatus: Valid","Hostname":"WORKSTATION5","ProcessId":"6928","Description":"Microsoft C Runtime Library","Company":"Microsoft Corporation","Signed":"true","OriginalFileName":"msvcp_win.dll"}
{"TimeCreated":"2020-10-18 02:17:06.191","SignatureStatus":"Valid","Signature":"Microsoft Windows","Product":"Microsoft Windows Operating System","Hashes":"SHA1=F9E2F12438029B6CC54E25DC77E0CDAF4E2F60E6,MD5=EF7E6E4AA8B9EB0B9C2915F6C8F0C71A,SHA256=0428CCE46E90E781510B784E97DC514D4F0564B31591526CDABD40654D4A8F79,IMPHASH=4D32F6E2211CD04CA28C2CD4FAC607E8","UtcTime":"2020-10-18 06:17:06.179","ProcessGuid":"{39e4a257-dde2-5f8b-521b-000000000400}","Image":"C:\\Windows\\System32\\svchost.exe","ImageLoaded":"C:\\Windows\\System32\\gdi32full.dll","EventID":7,"Channel":"Microsoft-Windows-Sysmon/Operational","Task":"7","RuleName":"-","FileVersion":"10.0.18362.1139 (WinBuild.160101.0800)","Message":"Image loaded:\r\nRuleName: -\r\nUtcTime: 2020-10-18 06:17:06.179\r\nProcessGuid: {39e4a257-dde2-5f8b-521b-000000000400}\r\nProcessId: 6928\r\nImage: C:\\Windows\\System32\\svchost.exe\r\nImageLoaded: C:\\Windows\\System32\\gdi32full.dll\r\nFileVersion: 10.0.18362.1139 (WinBuild.160101.0800)\r\nDescription: GDI Client DLL\r\nProduct: Microsoft Windows Operating System\r\nCompany: Microsoft Corporation\r\nOriginalFileName: gdi32\r\nHashes: SHA1=F9E2F12438029B6CC54E25DC77E0CDAF4E2F60E6,MD5=EF7E6E4AA8B9EB0B9C2915F6C8F0C71A,SHA256=0428CCE46E90E781510B784E97DC514D4F0564B31591526CDABD40654D4A8F79,IMPHASH=4D32F6E2211CD04CA28C2CD4FAC607E8\r\nSigned: true\r\nSignature: Microsoft Windows\r\nSignatureStatus: Valid","Hostname":"WORKSTATION5","ProcessId":"6928","Description":"GDI Client DLL","Company":"Microsoft Corporation","Signed":"true","OriginalFileName":"gdi32"}
{"TimeCreated":"2020-10-18 02:17:06.191","SignatureStatus":"Valid","Signature":"Microsoft Windows","Product":"Microsoft Windows Operating System","Hashes":"SHA1=9E91D74D5B9BF64A3D4BE8C5EA3594F5DA2BC299,MD5=2839609118F48DEA292084E43FAA72D8,SHA256=4FC9460147D5A3AA1F9498863CF10BB7BE6099BEF1A3D55503164CA51E36E27E,IMPHASH=C5F30E6A06AB646153863B68366FE58A","UtcTime":"2020-10-18 06:17:06.179","ProcessGuid":"{39e4a257-dde2-5f8b-521b-000000000400}","Image":"C:\\Windows\\System32\\svchost.exe","ImageLoaded":"C:\\Windows\\System32\\gdi32.dll","EventID":7,"Channel":"Microsoft-Windows-Sysmon/Operational","Task":"7","RuleName":"-","FileVersion":"10.0.18362.1 (WinBuild.160101.0800)","Message":"Image loaded:\r\nRuleName: -\r\nUtcTime: 2020-10-18 06:17:06.179\r\nProcessGuid: {39e4a257-dde2-5f8b-521b-000000000400}\r\nProcessId: 6928\r\nImage: C:\\Windows\\System32\\svchost.exe\r\nImageLoaded: C:\\Windows\\System32\\gdi32.dll\r\nFileVersion: 10.0.18362.1 (WinBuild.160101.0800)\r\nDescription: GDI Client DLL\r\nProduct: Microsoft Windows Operating System\r\nCompany: Microsoft Corporation\r\nOriginalFileName: gdi32\r\nHashes: SHA1=9E91D74D5B9BF64A3D4BE8C5EA3594F5DA2BC299,MD5=2839609118F48DEA292084E43FAA72D8,SHA256=4FC9460147D5A3AA1F9498863CF10BB7BE6099BEF1A3D55503164CA51E36E27E,IMPHASH=C5F30E6A06AB646153863B68366FE58A\r\nSigned: true\r\nSignature: Microsoft Windows\r\nSignatureStatus: Valid","Hostname":"WORKSTATION5","ProcessId":"6928","Description":"GDI Client DLL","Company":"Microsoft Corporation","Signed":"true","OriginalFileName":"gdi32"}
{"TimeCreated":"2020-10-18 02:17:06.190","SignatureStatus":"Valid","Signature":"Microsoft Windows","Product":"Microsoft Windows Operating System","Hashes":"SHA1=09CAA4704CC828100AA4BDB1366B5156CD1A63E4,MD5=BE23D5C90313AACEC36448136408D336,SHA256=20EE5EE473456C0853CC7B64FA9BCDBFB3C00B0848B3CFE141535C10AC944478,IMPHASH=00000000000000000000000000000000","UtcTime":"2020-10-18 06:17:06.179","ProcessGuid":"{39e4a257-dde2-5f8b-521b-000000000400}","Image":"C:\\Windows\\System32\\svchost.exe","ImageLoaded":"C:\\Windows\\System32\\win32u.dll","EventID":7,"Channel":"Microsoft-Windows-Sysmon/Operational","Task":"7","RuleName":"-","FileVersion":"10.0.18362.1139 (WinBuild.160101.0800)","Message":"Image loaded:\r\nRuleName: -\r\nUtcTime: 2020-10-18 06:17:06.179\r\nProcessGuid: {39e4a257-dde2-5f8b-521b-000000000400}\r\nProcessId: 6928\r\nImage: C:\\Windows\\System32\\svchost.exe\r\nImageLoaded: C:\\Windows\\System32\\win32u.dll\r\nFileVersion: 10.0.18362.1139 (WinBuild.160101.0800)\r\nDescription: Win32u\r\nProduct: Microsoft Windows Operating System\r\nCompany: Microsoft Corporation\r\nOriginalFileName: Win32u.DLL\r\nHashes: SHA1=09CAA4704CC828100AA4BDB1366B5156CD1A63E4,MD5=BE23D5C90313AACEC36448136408D336,SHA256=20EE5EE473456C0853CC7B64FA9BCDBFB3C00B0848B3CFE141535C10AC944478,IMPHASH=00000000000000000000000000000000\r\nSigned: true\r\nSignature: Microsoft Windows\r\nSignatureStatus: Valid","Hostname":"WORKSTATION5","ProcessId":"6928","Description":"Win32u","Company":"Microsoft Corporation","Signed":"true","OriginalFileName":"Win32u.DLL"}
{"TimeCreated":"2020-10-18 02:17:06.190","SignatureStatus":"Valid","Signature":"Microsoft Windows","Product":"Microsoft Windows Operating System","Hashes":"SHA1=6B56618013746DA2480E9B14DBD03BD1C6DC009F,MD5=99391EBA3F88D56C3D27268D7947782F,SHA256=3AC2B856DD34D51A631C26791916A036C6C917667D8562676CCE8F2F35349221,IMPHASH=70F6F0466DB32D0AA9E18434AE996907","UtcTime":"2020-10-18 06:17:06.179","ProcessGuid":"{39e4a257-dde2-5f8b-521b-000000000400}","Image":"C:\\Windows\\System32\\svchost.exe","ImageLoaded":"C:\\Windows\\System32\\user32.dll","EventID":7,"Channel":"Microsoft-Windows-Sysmon/Operational","Task":"7","RuleName":"-","FileVersion":"10.0.18362.1110 (WinBuild.160101.0800)","Message":"Image loaded:\r\nRuleName: -\r\nUtcTime: 2020-10-18 06:17:06.179\r\nProcessGuid: {39e4a257-dde2-5f8b-521b-000000000400}\r\nProcessId: 6928\r\nImage: C:\\Windows\\System32\\svchost.exe\r\nImageLoaded: C:\\Windows\\System32\\user32.dll\r\nFileVersion: 10.0.18362.1110 (WinBuild.160101.0800)\r\nDescription: Multi-User Windows USER API Client DLL\r\nProduct: Microsoft Windows Operating System\r\nCompany: Microsoft Corporation\r\nOriginalFileName: user32\r\nHashes: SHA1=6B56618013746DA2480E9B14DBD03BD1C6DC009F,MD5=99391EBA3F88D56C3D27268D7947782F,SHA256=3AC2B856DD34D51A631C26791916A036C6C917667D8562676CCE8F2F35349221,IMPHASH=70F6F0466DB32D0AA9E18434AE996907\r\nSigned: true\r\nSignature: Microsoft Windows\r\nSignatureStatus: Valid","Hostname":"WORKSTATION5","ProcessId":"6928","Description":"Multi-User Windows USER API Client DLL","Company":"Microsoft Corporation","Signed":"true","OriginalFileName":"user32"}
{"TimeCreated":"2020-10-18 02:17:06.190","SignatureStatus":"Valid","Signature":"Microsoft Windows","Product":"Microsoft Windows Operating System","Hashes":"SHA1=0EA4B3CFB14E49CEC0D42FF0F1FA989E69647A8F,MD5=36354D9B5B0A58A4B9A19103852C00A2,SHA256=E5A863D3F4BFEFED7D73A7B1499F81B7235BC9AE3C108065041BCB8E5446B1BB,IMPHASH=1273683626EBBA703979F188A1E64237","UtcTime":"2020-10-18 06:17:06.179","ProcessGuid":"{39e4a257-dde2-5f8b-521b-000000000400}","Image":"C:\\Windows\\System32\\svchost.exe","ImageLoaded":"C:\\Windows\\System32\\msvcrt.dll","EventID":7,"Channel":"Microsoft-Windows-Sysmon/Operational","Task":"7","RuleName":"-","FileVersion":"7.0.18362.1 (WinBuild.160101.0800)","Message":"Image loaded:\r\nRuleName: -\r\nUtcTime: 2020-10-18 06:17:06.179\r\nProcessGuid: {39e4a257-dde2-5f8b-521b-000000000400}\r\nProcessId: 6928\r\nImage: C:\\Windows\\System32\\svchost.exe\r\nImageLoaded: C:\\Windows\\System32\\msvcrt.dll\r\nFileVersion: 7.0.18362.1 (WinBuild.160101.0800)\r\nDescription: Windows NT CRT DLL\r\nProduct: Microsoft Windows Operating System\r\nCompany: Microsoft Corporation\r\nOriginalFileName: msvcrt.dll\r\nHashes: SHA1=0EA4B3CFB14E49CEC0D42FF0F1FA989E69647A8F,MD5=36354D9B5B0A58A4B9A19103852C00A2,SHA256=E5A863D3F4BFEFED7D73A7B1499F81B7235BC9AE3C108065041BCB8E5446B1BB,IMPHASH=1273683626EBBA703979F188A1E64237\r\nSigned: true\r\nSignature: Microsoft Windows\r\nSignatureStatus: Valid","Hostname":"WORKSTATION5","ProcessId":"6928","Description":"Windows NT CRT DLL","Company":"Microsoft Corporation","Signed":"true","OriginalFileName":"msvcrt.dll"}
{"TimeCreated":"2020-10-18 02:17:06.190","SignatureStatus":"Valid","Signature":"Microsoft Windows","Product":"Microsoft Windows Operating System","Hashes":"SHA1=F1D1D942ACBA432D60C139A8AE9644665044BCD6,MD5=5539643D8D55C97FB3A5F7E24C448A3F,SHA256=4FB47D56F0FC6C27FEC884E078A2999F7B2E10994359960CC78182544CA80C36,IMPHASH=639D16ACD736EAE912B88E985A0A7A0F","UtcTime":"2020-10-18 06:17:06.179","ProcessGuid":"{39e4a257-dde2-5f8b-521b-000000000400}","Image":"C:\\Windows\\System32\\svchost.exe","ImageLoaded":"C:\\Windows\\System32\\kernel.appcore.dll","EventID":7,"Channel":"Microsoft-Windows-Sysmon/Operational","Task":"7","RuleName":"-","FileVersion":"10.0.18362.1110 (WinBuild.160101.0800)","Message":"Image loaded:\r\nRuleName: -\r\nUtcTime: 2020-10-18 06:17:06.179\r\nProcessGuid: {39e4a257-dde2-5f8b-521b-000000000400}\r\nProcessId: 6928\r\nImage: C:\\Windows\\System32\\svchost.exe\r\nImageLoaded: C:\\Windows\\System32\\kernel.appcore.dll\r\nFileVersion: 10.0.18362.1110 (WinBuild.160101.0800)\r\nDescription: AppModel API Host\r\nProduct: Microsoft Windows Operating System\r\nCompany: Microsoft Corporation\r\nOriginalFileName: kernel.appcore.dll\r\nHashes: SHA1=F1D1D942ACBA432D60C139A8AE9644665044BCD6,MD5=5539643D8D55C97FB3A5F7E24C448A3F,SHA256=4FB47D56F0FC6C27FEC884E078A2999F7B2E10994359960CC78182544CA80C36,IMPHASH=639D16ACD736EAE912B88E985A0A7A0F\r\nSigned: true\r\nSignature: Microsoft Windows\r\nSignatureStatus: Valid","Hostname":"WORKSTATION5","ProcessId":"6928","Description":"AppModel API Host","Company":"Microsoft Corporation","Signed":"true","OriginalFileName":"kernel.appcore.dll"}
{"TimeCreated":"2020-10-18 02:17:06.190","SignatureStatus":"Valid","Signature":"Microsoft Windows","Product":"Microsoft Windows Operating System","Hashes":"SHA1=B4222C8DC3274CFC3FE54F322D827B2F01FFF036,MD5=EF2BBEAFF07D32A2EC77FB4602FA9664,SHA256=6B47F3E88CDEDF8F31F91940E38A4544818C79D153323262F9F46B21F41D262C,IMPHASH=402DA460E2AC467F4489C588A9941032","UtcTime":"2020-10-18 06:17:06.164","ProcessGuid":"{39e4a257-dde2-5f8b-521b-000000000400}","Image":"C:\\Windows\\System32\\svchost.exe","ImageLoaded":"C:\\Windows\\System32\\bcryptprimitives.dll","EventID":7,"Channel":"Microsoft-Windows-Sysmon/Operational","Task":"7","RuleName":"-","FileVersion":"10.0.18362.836 (WinBuild.160101.0800)","Message":"Image loaded:\r\nRuleName: -\r\nUtcTime: 2020-10-18 06:17:06.164\r\nProcessGuid: {39e4a257-dde2-5f8b-521b-000000000400}\r\nProcessId: 6928\r\nImage: C:\\Windows\\System32\\svchost.exe\r\nImageLoaded: C:\\Windows\\System32\\bcryptprimitives.dll\r\nFileVersion: 10.0.18362.836 (WinBuild.160101.0800)\r\nDescription: Windows Cryptographic Primitives Library\r\nProduct: Microsoft Windows Operating System\r\nCompany: Microsoft Corporation\r\nOriginalFileName: bcryptprimitives.dll\r\nHashes: SHA1=B4222C8DC3274CFC3FE54F322D827B2F01FFF036,MD5=EF2BBEAFF07D32A2EC77FB4602FA9664,SHA256=6B47F3E88CDEDF8F31F91940E38A4544818C79D153323262F9F46B21F41D262C,IMPHASH=402DA460E2AC467F4489C588A9941032\r\nSigned: true\r\nSignature: Microsoft Windows\r\nSignatureStatus: Valid","Hostname":"WORKSTATION5","ProcessId":"6928","Description":"Windows Cryptographic Primitives Library","Company":"Microsoft Corporation","Signed":"true","OriginalFileName":"bcryptprimitives.dll"}
{"TimeCreated":"2020-10-18 02:17:06.189","SignatureStatus":"Valid","Signature":"Microsoft Windows","Product":"Microsoft Windows Operating System","Hashes":"SHA1=969AA7FF99DD7452EDA4558492D7A7435E414B37,MD5=66D9CBC07F05DC58E9B01E7E247DBA9C,SHA256=C0687B0277326C0DCB36B729F1257D03F23744B17E6BB4A92AFC52BE528EA6E1,IMPHASH=D1A511866766E387FD0DAF3ACBB54B12","UtcTime":"2020-10-18 06:17:06.164","ProcessGuid":"{39e4a257-dde2-5f8b-521b-000000000400}","Image":"C:\\Windows\\System32\\svchost.exe","ImageLoaded":"C:\\Windows\\System32\\combase.dll","EventID":7,"Channel":"Microsoft-Windows-Sysmon/Operational","Task":"7","RuleName":"-","FileVersion":"10.0.18362.1139 (WinBuild.160101.0800)","Message":"Image loaded:\r\nRuleName: -\r\nUtcTime: 2020-10-18 06:17:06.164\r\nProcessGuid: {39e4a257-dde2-5f8b-521b-000000000400}\r\nProcessId: 6928\r\nImage: C:\\Windows\\System32\\svchost.exe\r\nImageLoaded: C:\\Windows\\System32\\combase.dll\r\nFileVersion: 10.0.18362.1139 (WinBuild.160101.0800)\r\nDescription: Microsoft COM for Windows\r\nProduct: Microsoft Windows Operating System\r\nCompany: Microsoft Corporation\r\nOriginalFileName: COMBASE.DLL\r\nHashes: SHA1=969AA7FF99DD7452EDA4558492D7A7435E414B37,MD5=66D9CBC07F05DC58E9B01E7E247DBA9C,SHA256=C0687B0277326C0DCB36B729F1257D03F23744B17E6BB4A92AFC52BE528EA6E1,IMPHASH=D1A511866766E387FD0DAF3ACBB54B12\r\nSigned: true\r\nSignature: Microsoft Windows\r\nSignatureStatus: Valid","Hostname":"WORKSTATION5","ProcessId":"6928","Description":"Microsoft COM for Windows","Company":"Microsoft Corporation","Signed":"true","OriginalFileName":"COMBASE.DLL"}
{"TimeCreated":"2020-10-18 02:17:06.189","SignatureStatus":"Valid","Signature":"Microsoft Windows","Product":"Microsoft Windows Operating System","Hashes":"SHA1=D10BBE9B65C2C6F8FCA6850D0B79CBC6EF04D691,MD5=126821F73FD9FFCE6E091CF9480E1B60,SHA256=7B28F46F0A09CFD9129109A94B1C16C9C62EEF46C09113C4C585D9BF0E69B2DA,IMPHASH=5AE9A136FAFA10321F3D48251BF4F6A1","UtcTime":"2020-10-18 06:17:06.164","ProcessGuid":"{39e4a257-dde2-5f8b-521b-000000000400}","Image":"C:\\Windows\\System32\\svchost.exe","ImageLoaded":"C:\\Windows\\System32\\ucrtbase.dll","EventID":7,"Channel":"Microsoft-Windows-Sysmon/Operational","Task":"7","RuleName":"-","FileVersion":"10.0.18362.1110 (WinBuild.160101.0800)","Message":"Image loaded:\r\nRuleName: -\r\nUtcTime: 2020-10-18 06:17:06.164\r\nProcessGuid: {39e4a257-dde2-5f8b-521b-000000000400}\r\nProcessId: 6928\r\nImage: C:\\Windows\\System32\\svchost.exe\r\nImageLoaded: C:\\Windows\\System32\\ucrtbase.dll\r\nFileVersion: 10.0.18362.1110 (WinBuild.160101.0800)\r\nDescription: Microsoft C Runtime Library\r\nProduct: Microsoft Windows Operating System\r\nCompany: Microsoft Corporation\r\nOriginalFileName: ucrtbase.dll\r\nHashes: SHA1=D10BBE9B65C2C6F8FCA6850D0B79CBC6EF04D691,MD5=126821F73FD9FFCE6E091CF9480E1B60,SHA256=7B28F46F0A09CFD9129109A94B1C16C9C62EEF46C09113C4C585D9BF0E69B2DA,IMPHASH=5AE9A136FAFA10321F3D48251BF4F6A1\r\nSigned: true\r\nSignature: Microsoft Windows\r\nSignatureStatus: Valid","Hostname":"WORKSTATION5","ProcessId":"6928","Description":"Microsoft C Runtime Library","Company":"Microsoft Corporation","Signed":"true","OriginalFileName":"ucrtbase.dll"}
{"TimeCreated":"2020-10-18 02:17:06.189","SignatureStatus":"Valid","Signature":"Microsoft Windows","Product":"Microsoft Windows Operating System","Hashes":"SHA1=04BCAE1D932B2FB22A3B7ADC6C1EC1776151FC68,MD5=DBC5A40335E9F25C5C9313AB95C88CE8,SHA256=C39C71244E43B5469FF3F9313893E1AB7AFF5806B1A179CBED06A59B3F6F81B5,IMPHASH=88E7E7C7FA90052EC162DD37F2B7C7BD","UtcTime":"2020-10-18 06:17:06.164","ProcessGuid":"{39e4a257-dde2-5f8b-521b-000000000400}","Image":"C:\\Windows\\System32\\svchost.exe","ImageLoaded":"C:\\Windows\\System32\\rpcrt4.dll","EventID":7,"Channel":"Microsoft-Windows-Sysmon/Operational","Task":"7","RuleName":"-","FileVersion":"10.0.18362.1110 (WinBuild.160101.0800)","Message":"Image loaded:\r\nRuleName: -\r\nUtcTime: 2020-10-18 06:17:06.164\r\nProcessGuid: {39e4a257-dde2-5f8b-521b-000000000400}\r\nProcessId: 6928\r\nImage: C:\\Windows\\System32\\svchost.exe\r\nImageLoaded: C:\\Windows\\System32\\rpcrt4.dll\r\nFileVersion: 10.0.18362.1110 (WinBuild.160101.0800)\r\nDescription: Remote Procedure Call Runtime\r\nProduct: Microsoft Windows Operating System\r\nCompany: Microsoft Corporation\r\nOriginalFileName: rpcrt4.dll\r\nHashes: SHA1=04BCAE1D932B2FB22A3B7ADC6C1EC1776151FC68,MD5=DBC5A40335E9F25C5C9313AB95C88CE8,SHA256=C39C71244E43B5469FF3F9313893E1AB7AFF5806B1A179CBED06A59B3F6F81B5,IMPHASH=88E7E7C7FA90052EC162DD37F2B7C7BD\r\nSigned: true\r\nSignature: Microsoft Windows\r\nSignatureStatus: Valid","Hostname":"WORKSTATION5","ProcessId":"6928","Description":"Remote Procedure Call Runtime","Company":"Microsoft Corporation","Signed":"true","OriginalFileName":"rpcrt4.dll"}
{"TimeCreated":"2020-10-18 02:17:06.189","SignatureStatus":"Valid","Signature":"Microsoft Windows","Product":"Microsoft Windows Operating System","Hashes":"SHA1=A330EDE32DFA03AE6808EE7FB6916D8DEB8F5DDE,MD5=A094E2B38D3DD864B07580D243CB6E43,SHA256=C441E19D20961D4E990E117A300ED318BEDBF2F8BA0FF07BEE7832AC502CDDF2,IMPHASH=CE4BD072766253F6A267D0284CA82002","UtcTime":"2020-10-18 06:17:06.164","ProcessGuid":"{39e4a257-dde2-5f8b-521b-000000000400}","Image":"C:\\Windows\\System32\\svchost.exe","ImageLoaded":"C:\\Windows\\System32\\sechost.dll","EventID":7,"Channel":"Microsoft-Windows-Sysmon/Operational","Task":"7","RuleName":"-","FileVersion":"10.0.18362.959 (WinBuild.160101.0800)","Message":"Image loaded:\r\nRuleName: -\r\nUtcTime: 2020-10-18 06:17:06.164\r\nProcessGuid: {39e4a257-dde2-5f8b-521b-000000000400}\r\nProcessId: 6928\r\nImage: C:\\Windows\\System32\\svchost.exe\r\nImageLoaded: C:\\Windows\\System32\\sechost.dll\r\nFileVersion: 10.0.18362.959 (WinBuild.160101.0800)\r\nDescription: Host for SCM/SDDL/LSA Lookup APIs\r\nProduct: Microsoft Windows Operating System\r\nCompany: Microsoft Corporation\r\nOriginalFileName: sechost.dll\r\nHashes: SHA1=A330EDE32DFA03AE6808EE7FB6916D8DEB8F5DDE,MD5=A094E2B38D3DD864B07580D243CB6E43,SHA256=C441E19D20961D4E990E117A300ED318BEDBF2F8BA0FF07BEE7832AC502CDDF2,IMPHASH=CE4BD072766253F6A267D0284CA82002\r\nSigned: true\r\nSignature: Microsoft Windows\r\nSignatureStatus: Valid","Hostname":"WORKSTATION5","ProcessId":"6928","Description":"Host for SCM/SDDL/LSA Lookup APIs","Company":"Microsoft Corporation","Signed":"true","OriginalFileName":"sechost.dll"}
{"TimeCreated":"2020-10-18 02:17:06.175","SignatureStatus":"Valid","Signature":"Microsoft Windows","Product":"Microsoft Windows Operating System","Hashes":"SHA1=48B3741C6497B40F71868EFAAA9EB7A224CB8060,MD5=AEE6D39564EEB18A90C3160215941B46,SHA256=6733FEEA211EA651B5DF46D391825D7861126546AE80A42A4C1E7B1ABD0E4DA5,IMPHASH=16003AF856720C35351BB8C14AD0B0A8","UtcTime":"2020-10-18 06:17:06.164","ProcessGuid":"{39e4a257-dde2-5f8b-521b-000000000400}","Image":"C:\\Windows\\System32\\svchost.exe","ImageLoaded":"C:\\Windows\\System32\\KernelBase.dll","EventID":7,"Channel":"Microsoft-Windows-Sysmon/Operational","Task":"7","RuleName":"-","FileVersion":"10.0.18362.1139 (WinBuild.160101.0800)","Message":"Image loaded:\r\nRuleName: -\r\nUtcTime: 2020-10-18 06:17:06.164\r\nProcessGuid: {39e4a257-dde2-5f8b-521b-000000000400}\r\nProcessId: 6928\r\nImage: C:\\Windows\\System32\\svchost.exe\r\nImageLoaded: C:\\Windows\\System32\\KernelBase.dll\r\nFileVersion: 10.0.18362.1139 (WinBuild.160101.0800)\r\nDescription: Windows NT BASE API Client DLL\r\nProduct: Microsoft Windows Operating System\r\nCompany: Microsoft Corporation\r\nOriginalFileName: Kernelbase.dll\r\nHashes: SHA1=48B3741C6497B40F71868EFAAA9EB7A224CB8060,MD5=AEE6D39564EEB18A90C3160215941B46,SHA256=6733FEEA211EA651B5DF46D391825D7861126546AE80A42A4C1E7B1ABD0E4DA5,IMPHASH=16003AF856720C35351BB8C14AD0B0A8\r\nSigned: true\r\nSignature: Microsoft Windows\r\nSignatureStatus: Valid","Hostname":"WORKSTATION5","ProcessId":"6928","Description":"Windows NT BASE API Client DLL","Company":"Microsoft Corporation","Signed":"true","OriginalFileName":"Kernelbase.dll"}
