{"TimeCreated":"2020-10-18 02:17:06.124","UtcTime":"2020-10-18 06:17:06.101","ProcessGuid":"{39e4a257-1bcf-5f89-a90e-000000000400}","Image":"C:\\windows\\Explorer.EXE","EventID":12,"Channel":"Microsoft-Windows-Sysmon/Operational","Task":"12","RuleName":"-","Message":"Registry object added or deleted:\r\nRuleName: -\r\nEventType: CreateKey\r\nUtcTime: 2020-10-18 06:17:06.101\r\nProcessGuid: {39e4a257-1bcf-5f89-a90e-000000000400}\r\nProcessId: 4548\r\nImage: C:\\windows\\Explorer.EXE\r\nTargetObject: HKLM\\SOFTWARE\\Microsoft\\Windows\\CurrentVersion\\CapabilityAccessManager\\Capabilities","Hostname":"WORKSTATION5","ProcessId":"4548","EventType":"CreateKey","TargetObject":"HKLM\\SOFTWARE\\Microsoft\\Windows\\CurrentVersion\\CapabilityAccessManager\\Capabilities"}
{"TimeCreated":"2020-10-18 02:17:06.124","UtcTime":"2020-10-18 06:17:06.101","ProcessGuid":"{39e4a257-1bcf-5f89-a90e-000000000400}","Image":"C:\\windows\\Explorer.EXE","EventID":12,"Channel":"Microsoft-Windows-Sysmon/Operational","Task":"12","RuleName":"-","Message":"Registry object added or deleted:\r\nRuleName: -\r\nEventType: CreateKey\r\nUtcTime: 2020-10-18 06:17:06.101\r\nProcessGuid: {39e4a257-1bcf-5f89-a90e-000000000400}\r\nProcessId: 4548\r\nImage: C:\\windows\\Explorer.EXE\r\nTargetObject: HKLM\\SOFTWARE\\Microsoft\\Windows\\CurrentVersion\\CapabilityAccessManager\\Capabilities","Hostname":"WORKSTATION5","ProcessId":"4548","EventType":"CreateKey","TargetObject":"HKLM\\SOFTWARE\\Microsoft\\Windows\\CurrentVersion\\CapabilityAccessManager\\Capabilities"}
{"TimeCreated":"2020-10-18 02:17:06.124","UtcTime":"2020-10-18 06:17:06.101","ProcessGuid":"{39e4a257-1bcf-5f89-a90e-000000000400}","Image":"C:\\windows\\Explorer.EXE","EventID":12,"Channel":"Microsoft-Windows-Sysmon/Operational","Task":"12","RuleName":"-","Message":"Registry object added or deleted:\r\nRuleName: -\r\nEventType: CreateKey\r\nUtcTime: 2020-10-18 06:17:06.101\r\nProcessGuid: {39e4a257-1bcf-5f89-a90e-000000000400}\r\nProcessId: 4548\r\nImage: C:\\windows\\Explorer.EXE\r\nTargetObject: HKLM\\SOFTWARE\\Microsoft\\Windows\\CurrentVersion\\CapabilityAccessManager\\Capabilities","Hostname":"WORKSTATION5","ProcessId":"4548","EventType":"CreateKey","TargetObject":"HKLM\\SOFTWARE\\Microsoft\\Windows\\CurrentVersion\\CapabilityAccessManager\\Capabilities"}
{"TimeCreated":"2020-10-18 02:17:06.124","UtcTime":"2020-10-18 06:17:06.101","ProcessGuid":"{39e4a257-1bcf-5f89-a90e-000000000400}","Image":"C:\\windows\\Explorer.EXE","EventID":12,"Channel":"Microsoft-Windows-Sysmon/Operational","Task":"12","RuleName":"-","Message":"Registry object added or deleted:\r\nRuleName: -\r\nEventType: CreateKey\r\nUtcTime: 2020-10-18 06:17:06.101\r\nProcessGuid: {39e4a257-1bcf-5f89-a90e-000000000400}\r\nProcessId: 4548\r\nImage: C:\\windows\\Explorer.EXE\r\nTargetObject: HKLM\\SOFTWARE\\Microsoft\\Windows\\CurrentVersion\\CapabilityAccessManager\\Capabilities","Hostname":"WORKSTATION5","ProcessId":"4548","EventType":"CreateKey","TargetObject":"HKLM\\SOFTWARE\\Microsoft\\Windows\\CurrentVersion\\CapabilityAccessManager\\Capabilities"}
{"TimeCreated":"2020-10-18 02:17:06.124","UtcTime":"2020-10-18 06:17:06.101","ProcessGuid":"{39e4a257-1bcf-5f89-a90e-000000000400}","Image":"C:\\windows\\Explorer.EXE","EventID":12,"Channel":"Microsoft-Windows-Sysmon/Operational","Task":"12","RuleName":"-","Message":"Registry object added or deleted:\r\nRuleName: -\r\nEventType: CreateKey\r\nUtcTime: 2020-10-18 06:17:06.101\r\nProcessGuid: {39e4a257-1bcf-5f89-a90e-000000000400}\r\nProcessId: 4548\r\nImage: C:\\windows\\Explorer.EXE\r\nTargetObject: HKLM\\SOFTWARE\\Microsoft\\Windows\\CurrentVersion\\CapabilityAccessManager\\Capabilities","Hostname":"WORKSTATION5","ProcessId":"4548","EventType":"CreateKey","TargetObject":"HKLM\\SOFTWARE\\Microsoft\\Windows\\CurrentVersion\\CapabilityAccessManager\\Capabilities"}
{"TimeCreated":"2020-10-18 02:17:06.123","UtcTime":"2020-10-18 06:17:06.101","ProcessGuid":"{39e4a257-1bcf-5f89-a90e-000000000400}","Image":"C:\\windows\\Explorer.EXE","EventID":12,"Channel":"Microsoft-Windows-Sysmon/Operational","Task":"12","RuleName":"-","Message":"Registry object added or deleted:\r\nRuleName: -\r\nEventType: CreateKey\r\nUtcTime: 2020-10-18 06:17:06.101\r\nProcessGuid: {39e4a257-1bcf-5f89-a90e-000000000400}\r\nProcessId: 4548\r\nImage: C:\\windows\\Explorer.EXE\r\nTargetObject: HKLM\\SOFTWARE\\Microsoft\\Windows\\CurrentVersion\\CapabilityAccessManager\\Capabilities","Hostname":"WORKSTATION5","ProcessId":"4548","EventType":"CreateKey","TargetObject":"HKLM\\SOFTWARE\\Microsoft\\Windows\\CurrentVersion\\CapabilityAccessManager\\Capabilities"}
{"TimeCreated":"2020-10-18 02:17:06.123","UtcTime":"2020-10-18 06:17:06.101","ProcessGuid":"{39e4a257-1bcf-5f89-a90e-000000000400}","Image":"C:\\windows\\Explorer.EXE","EventID":12,"Channel":"Microsoft-Windows-Sysmon/Operational","Task":"12","RuleName":"-","Message":"Registry object added or deleted:\r\nRuleName: -\r\nEventType: CreateKey\r\nUtcTime: 2020-10-18 06:17:06.101\r\nProcessGuid: {39e4a257-1bcf-5f89-a90e-000000000400}\r\nProcessId: 4548\r\nImage: C:\\windows\\Explorer.EXE\r\nTargetObject: HKLM\\SOFTWARE\\Microsoft\\Windows\\CurrentVersion\\CapabilityAccessManager\\Capabilities","Hostname":"WORKSTATION5","ProcessId":"4548","EventType":"CreateKey","TargetObject":"HKLM\\SOFTWARE\\Microsoft\\Windows\\CurrentVersion\\CapabilityAccessManager\\Capabilities"}
{"TimeCreated":"2020-10-18 02:17:06.123","UtcTime":"2020-10-18 06:17:06.101","ProcessGuid":"{39e4a257-1bcf-5f89-a90e-000000000400}","Image":"C:\\windows\\Explorer.EXE","EventID":12,"Channel":"Microsoft-Windows-Sysmon/Operational","Task":"12","RuleName":"-","Message":"Registry object added or deleted:\r\nRuleName: -\r\nEventType: CreateKey\r\nUtcTime: 2020-10-18 06:17:06.101\r\nProcessGuid: {39e4a257-1bcf-5f89-a90e-000000000400}\r\nProcessId: 4548\r\nImage: C:\\windows\\Explorer.EXE\r\nTargetObject: HKLM\\SOFTWARE\\Microsoft\\Windows\\CurrentVersion\\CapabilityAccessManager\\Capabilities","Hostname":"WORKSTATION5","ProcessId":"4548","EventType":"CreateKey","TargetObject":"HKLM\\SOFTWARE\\Microsoft\\Windows\\CurrentVersion\\CapabilityAccessManager\\Capabilities"}
{"TimeCreated":"2020-10-18 02:17:06.123","UtcTime":"2020-10-18 06:17:06.101","ProcessGuid":"{39e4a257-1bcf-5f89-a90e-000000000400}","Image":"C:\\windows\\Explorer.EXE","EventID":12,"Channel":"Microsoft-Windows-Sysmon/Operational","Task":"12","RuleName":"-","Message":"Registry object added or deleted:\r\nRuleName: -\r\nEventType: CreateKey\r\nUtcTime: 2020-10-18 06:17:06.101\r\nProcessGuid: {39e4a257-1bcf-5f89-a90e-000000000400}\r\nProcessId: 4548\r\nImage: C:\\windows\\Explorer.EXE\r\nTargetObject: HKLM\\SOFTWARE\\Microsoft\\Windows\\CurrentVersion\\CapabilityAccessManager\\Capabilities","Hostname":"WORKSTATION5","ProcessId":"4548","EventType":"CreateKey","TargetObject":"HKLM\\SOFTWARE\\Microsoft\\Windows\\CurrentVersion\\CapabilityAccessManager\\Capabilities"}
{"TimeCreated":"2020-10-18 02:17:06.123","UtcTime":"2020-10-18 06:17:06.101","ProcessGuid":"{39e4a257-1bcf-5f89-a90e-000000000400}","Image":"C:\\windows\\Explorer.EXE","EventID":12,"Channel":"Microsoft-Windows-Sysmon/Operational","Task":"12","RuleName":"-","Message":"Registry object added or deleted:\r\nRuleName: -\r\nEventType: CreateKey\r\nUtcTime: 2020-10-18 06:17:06.101\r\nProcessGuid: {39e4a257-1bcf-5f89-a90e-000000000400}\r\nProcessId: 4548\r\nImage: C:\\windows\\Explorer.EXE\r\nTargetObject: HKLM\\SOFTWARE\\Microsoft\\Windows\\CurrentVersion\\CapabilityAccessManager\\Capabilities","Hostname":"WORKSTATION5","ProcessId":"4548","EventType":"CreateKey","TargetObject":"HKLM\\SOFTWARE\\Microsoft\\Windows\\CurrentVersion\\CapabilityAccessManager\\Capabilities"}
{"TimeCreated":"2020-10-18 02:17:06.123","UtcTime":"2020-10-18 06:17:06.101","ProcessGuid":"{39e4a257-1bcf-5f89-a90e-000000000400}","Image":"C:\\windows\\Explorer.EXE","EventID":12,"Channel":"Microsoft-Windows-Sysmon/Operational","Task":"12","RuleName":"-","Message":"Registry object added or deleted:\r\nRuleName: -\r\nEventType: CreateKey\r\nUtcTime: 2020-10-18 06:17:06.101\r\nProcessGuid: {39e4a257-1bcf-5f89-a90e-000000000400}\r\nProcessId: 4548\r\nImage: C:\\windows\\Explorer.EXE\r\nTargetObject: HKLM\\SOFTWARE\\Microsoft\\Windows\\CurrentVersion\\CapabilityAccessManager\\Capabilities","Hostname":"WORKSTATION5","ProcessId":"4548","EventType":"CreateKey","TargetObject":"HKLM\\SOFTWARE\\Microsoft\\Windows\\CurrentVersion\\CapabilityAccessManager\\Capabilities"}
{"TimeCreated":"2020-10-18 02:17:06.123","UtcTime":"2020-10-18 06:17:06.101","ProcessGuid":"{39e4a257-1bcf-5f89-a90e-000000000400}","Image":"C:\\windows\\Explorer.EXE","EventID":12,"Channel":"Microsoft-Windows-Sysmon/Operational","Task":"12","RuleName":"-","Message":"Registry object added or deleted:\r\nRuleName: -\r\nEventType: CreateKey\r\nUtcTime: 2020-10-18 06:17:06.101\r\nProcessGuid: {39e4a257-1bcf-5f89-a90e-000000000400}\r\nProcessId: 4548\r\nImage: C:\\windows\\Explorer.EXE\r\nTargetObject: HKLM\\SOFTWARE\\Microsoft\\Windows\\CurrentVersion\\CapabilityAccessManager\\Capabilities","Hostname":"WORKSTATION5","ProcessId":"4548","EventType":"CreateKey","TargetObject":"HKLM\\SOFTWARE\\Microsoft\\Windows\\CurrentVersion\\CapabilityAccessManager\\Capabilities"}
{"TimeCreated":"2020-10-18 02:17:06.123","UtcTime":"2020-10-18 06:17:06.101","ProcessGuid":"{39e4a257-1bcf-5f89-a90e-000000000400}","Image":"C:\\windows\\Explorer.EXE","EventID":12,"Channel":"Microsoft-Windows-Sysmon/Operational","Task":"12","RuleName":"-","Message":"Registry object added or deleted:\r\nRuleName: -\r\nEventType: CreateKey\r\nUtcTime: 2020-10-18 06:17:06.101\r\nProcessGuid: {39e4a257-1bcf-5f89-a90e-000000000400}\r\nProcessId: 4548\r\nImage: C:\\windows\\Explorer.EXE\r\nTargetObject: HKLM\\SOFTWARE\\Microsoft\\Windows\\CurrentVersion\\CapabilityAccessManager\\Capabilities","Hostname":"WORKSTATION5","ProcessId":"4548","EventType":"CreateKey","TargetObject":"HKLM\\SOFTWARE\\Microsoft\\Windows\\CurrentVersion\\CapabilityAccessManager\\Capabilities"}
{"TimeCreated":"2020-10-18 02:17:06.123","UtcTime":"2020-10-18 06:17:06.101","ProcessGuid":"{39e4a257-1bcf-5f89-a90e-000000000400}","Image":"C:\\windows\\Explorer.EXE","EventID":12,"Channel":"Microsoft-Windows-Sysmon/Operational","Task":"12","RuleName":"-","Message":"Registry object added or deleted:\r\nRuleName: -\r\nEventType: CreateKey\r\nUtcTime: 2020-10-18 06:17:06.101\r\nProcessGuid: {39e4a257-1bcf-5f89-a90e-000000000400}\r\nProcessId: 4548\r\nImage: C:\\windows\\Explorer.EXE\r\nTargetObject: HKLM\\SOFTWARE\\Microsoft\\Windows\\CurrentVersion\\CapabilityAccessManager\\Capabilities","Hostname":"WORKSTATION5","ProcessId":"4548","EventType":"CreateKey","TargetObject":"HKLM\\SOFTWARE\\Microsoft\\Windows\\CurrentVersion\\CapabilityAccessManager\\Capabilities"}
{"TimeCreated":"2020-10-18 02:17:06.123","UtcTime":"2020-10-18 06:17:06.101","ProcessGuid":"{39e4a257-1bcf-5f89-a90e-000000000400}","Image":"C:\\windows\\Explorer.EXE","EventID":12,"Channel":"Microsoft-Windows-Sysmon/Operational","Task":"12","RuleName":"-","Message":"Registry object added or deleted:\r\nRuleName: -\r\nEventType: CreateKey\r\nUtcTime: 2020-10-18 06:17:06.101\r\nProcessGuid: {39e4a257-1bcf-5f89-a90e-000000000400}\r\nProcessId: 4548\r\nImage: C:\\windows\\Explorer.EXE\r\nTargetObject: HKLM\\SOFTWARE\\Microsoft\\Windows\\CurrentVersion\\CapabilityAccessManager\\Capabilities","Hostname":"WORKSTATION5","ProcessId":"4548","EventType":"CreateKey","TargetObject":"HKLM\\SOFTWARE\\Microsoft\\Windows\\CurrentVersion\\CapabilityAccessManager\\Capabilities"}
{"TimeCreated":"2020-10-18 02:17:06.123","UtcTime":"2020-10-18 06:17:06.101","ProcessGuid":"{39e4a257-1bcf-5f89-a90e-000000000400}","Image":"C:\\windows\\Explorer.EXE","EventID":12,"Channel":"Microsoft-Windows-Sysmon/Operational","Task":"12","RuleName":"-","Message":"Registry object added or deleted:\r\nRuleName: -\r\nEventType: CreateKey\r\nUtcTime: 2020-10-18 06:17:06.101\r\nProcessGuid: {39e4a257-1bcf-5f89-a90e-000000000400}\r\nProcessId: 4548\r\nImage: C:\\windows\\Explorer.EXE\r\nTargetObject: HKLM\\SOFTWARE\\Microsoft\\Windows\\CurrentVersion\\CapabilityAccessManager\\Capabilities","Hostname":"WORKSTATION5","ProcessId":"4548","EventType":"CreateKey","TargetObject":"HKLM\\SOFTWARE\\Microsoft\\Windows\\CurrentVersion\\CapabilityAccessManager\\Capabilities"}
{"TimeCreated":"2020-10-18 02:17:06.123","UtcTime":"2020-10-18 06:17:06.101","ProcessGuid":"{39e4a257-1bcf-5f89-a90e-000000000400}","Image":"C:\\windows\\Explorer.EXE","EventID":12,"Channel":"Microsoft-Windows-Sysmon/Operational","Task":"12","RuleName":"-","Message":"Registry object added or deleted:\r\nRuleName: -\r\nEventType: CreateKey\r\nUtcTime: 2020-10-18 06:17:06.101\r\nProcessGuid: {39e4a257-1bcf-5f89-a90e-000000000400}\r\nProcessId: 4548\r\nImage: C:\\windows\\Explorer.EXE\r\nTargetObject: HKLM\\SOFTWARE\\Microsoft\\Windows\\CurrentVersion\\CapabilityAccessManager\\Capabilities","Hostname":"WORKSTATION5","ProcessId":"4548","EventType":"CreateKey","TargetObject":"HKLM\\SOFTWARE\\Microsoft\\Windows\\CurrentVersion\\CapabilityAccessManager\\Capabilities"}
{"TimeCreated":"2020-10-18 02:17:06.123","UtcTime":"2020-10-18 06:17:06.101","ProcessGuid":"{39e4a257-1bcf-5f89-a90e-000000000400}","Image":"C:\\windows\\Explorer.EXE","EventID":12,"Channel":"Microsoft-Windows-Sysmon/Operational","Task":"12","RuleName":"-","Message":"Registry object added or deleted:\r\nRuleName: -\r\nEventType: CreateKey\r\nUtcTime: 2020-10-18 06:17:06.101\r\nProcessGuid: {39e4a257-1bcf-5f89-a90e-000000000400}\r\nProcessId: 4548\r\nImage: C:\\windows\\Explorer.EXE\r\nTargetObject: HKLM\\SOFTWARE\\Microsoft\\Windows\\CurrentVersion\\CapabilityAccessManager\\Capabilities","Hostname":"WORKSTATION5","ProcessId":"4548","EventType":"CreateKey","TargetObject":"HKLM\\SOFTWARE\\Microsoft\\Windows\\CurrentVersion\\CapabilityAccessManager\\Capabilities"}
{"TimeCreated":"2020-10-18 02:17:06.123","UtcTime":"2020-10-18 06:17:06.101","ProcessGuid":"{39e4a257-1bcf-5f89-a90e-000000000400}","Image":"C:\\windows\\Explorer.EXE","EventID":12,"Channel":"Microsoft-Windows-Sysmon/Operational","Task":"12","RuleName":"-","Message":"Registry object added or deleted:\r\nRuleName: -\r\nEventType: CreateKey\r\nUtcTime: 2020-10-18 06:17:06.101\r\nProcessGuid: {39e4a257-1bcf-5f89-a90e-000000000400}\r\nProcessId: 4548\r\nImage: C:\\windows\\Explorer.EXE\r\nTargetObject: HKLM\\SOFTWARE\\Microsoft\\Windows\\CurrentVersion\\CapabilityAccessManager\\Capabilities","Hostname":"WORKSTATION5","ProcessId":"4548","EventType":"CreateKey","TargetObject":"HKLM\\SOFTWARE\\Microsoft\\Windows\\CurrentVersion\\CapabilityAccessManager\\Capabilities"}
{"TimeCreated":"2020-10-18 02:17:06.123","UtcTime":"2020-10-18 06:17:06.101","ProcessGuid":"{39e4a257-1bcf-5f89-a90e-000000000400}","Image":"C:\\windows\\Explorer.EXE","EventID":12,"Channel":"Microsoft-Windows-Sysmon/Operational","Task":"12","RuleName":"-","Message":"Registry object added or deleted:\r\nRuleName: -\r\nEventType: CreateKey\r\nUtcTime: 2020-10-18 06:17:06.101\r\nProcessGuid: {39e4a257-1bcf-5f89-a90e-000000000400}\r\nProcessId: 4548\r\nImage: C:\\windows\\Explorer.EXE\r\nTargetObject: HKLM\\SOFTWARE\\Microsoft\\Windows\\CurrentVersion\\CapabilityAccessManager\\Capabilities","Hostname":"WORKSTATION5","ProcessId":"4548","EventType":"CreateKey","TargetObject":"HKLM\\SOFTWARE\\Microsoft\\Windows\\CurrentVersion\\CapabilityAccessManager\\Capabilities"}
{"TimeCreated":"2020-10-18 02:17:06.123","UtcTime":"2020-10-18 06:17:06.101","ProcessGuid":"{39e4a257-1bcf-5f89-a90e-000000000400}","Image":"C:\\windows\\Explorer.EXE","EventID":12,"Channel":"Microsoft-Windows-Sysmon/Operational","Task":"12","RuleName":"-","Message":"Registry object added or deleted:\r\nRuleName: -\r\nEventType: CreateKey\r\nUtcTime: 2020-10-18 06:17:06.101\r\nProcessGuid: {39e4a257-1bcf-5f89-a90e-000000000400}\r\nProcessId: 4548\r\nImage: C:\\windows\\Explorer.EXE\r\nTargetObject: HKLM\\SOFTWARE\\Microsoft\\Windows\\CurrentVersion\\CapabilityAccessManager\\Capabilities","Hostname":"WORKSTATION5","ProcessId":"4548","EventType":"CreateKey","TargetObject":"HKLM\\SOFTWARE\\Microsoft\\Windows\\CurrentVersion\\CapabilityAccessManager\\Capabilities"}
{"TimeCreated":"2020-10-18 02:17:06.123","UtcTime":"2020-10-18 06:17:06.101","ProcessGuid":"{39e4a257-1bcf-5f89-a90e-000000000400}","Image":"C:\\windows\\Explorer.EXE","EventID":12,"Channel":"Microsoft-Windows-Sysmon/Operational","Task":"12","RuleName":"-","Message":"Registry object added or deleted:\r\nRuleName: -\r\nEventType: CreateKey\r\nUtcTime: 2020-10-18 06:17:06.101\r\nProcessGuid: {39e4a257-1bcf-5f89-a90e-000000000400}\r\nProcessId: 4548\r\nImage: C:\\windows\\Explorer.EXE\r\nTargetObject: HKLM\\SOFTWARE\\Microsoft\\Windows\\CurrentVersion\\CapabilityAccessManager\\Capabilities","Hostname":"WORKSTATION5","ProcessId":"4548","EventType":"CreateKey","TargetObject":"HKLM\\SOFTWARE\\Microsoft\\Windows\\CurrentVersion\\CapabilityAccessManager\\Capabilities"}
{"TimeCreated":"2020-10-18 02:17:06.122","UtcTime":"2020-10-18 06:17:06.101","ProcessGuid":"{39e4a257-1bcf-5f89-a90e-000000000400}","Image":"C:\\windows\\Explorer.EXE","EventID":12,"Channel":"Microsoft-Windows-Sysmon/Operational","Task":"12","RuleName":"-","Message":"Registry object added or deleted:\r\nRuleName: -\r\nEventType: CreateKey\r\nUtcTime: 2020-10-18 06:17:06.101\r\nProcessGuid: {39e4a257-1bcf-5f89-a90e-000000000400}\r\nProcessId: 4548\r\nImage: C:\\windows\\Explorer.EXE\r\nTargetObject: HKLM\\SOFTWARE\\Microsoft\\Windows\\CurrentVersion\\CapabilityAccessManager\\Capabilities","Hostname":"WORKSTATION5","ProcessId":"4548","EventType":"CreateKey","TargetObject":"HKLM\\SOFTWARE\\Microsoft\\Windows\\CurrentVersion\\CapabilityAccessManager\\Capabilities"}
{"TimeCreated":"2020-10-18 02:17:06.122","UtcTime":"2020-10-18 06:17:06.101","ProcessGuid":"{39e4a257-1bcf-5f89-a90e-000000000400}","Image":"C:\\windows\\Explorer.EXE","EventID":13,"Channel":"Microsoft-Windows-Sysmon/Operational","Task":"13","RuleName":"-","Message":"Registry value set:\r\nRuleName: -\r\nEventType: SetValue\r\nUtcTime: 2020-10-18 06:17:06.101\r\nProcessGuid: {39e4a257-1bcf-5f89-a90e-000000000400}\r\nProcessId: 4548\r\nImage: C:\\windows\\Explorer.EXE\r\nTargetObject: HKU\\S-1-5-21-3940915590-64593676-1414006259-500_Classes\\Local Settings\\Software\\Microsoft\\Windows\\CurrentVersion\\AppModel\\SystemAppData\\Microsoft.WindowsCalculator_8wekyb3d8bbwe\\ApplicationFrame\\Microsoft.WindowsCalculator_8wekyb3d8bbwe!App\\PreferredMinSize\r\nDetails: Binary Data","Hostname":"WORKSTATION5","Details":"Binary Data","ProcessId":"4548","EventType":"SetValue","TargetObject":"HKU\\S-1-5-21-3940915590-64593676-1414006259-500_Classes\\Local Settings\\Software\\Microsoft\\Windows\\CurrentVersion\\AppModel\\SystemAppData\\Microsoft.WindowsCalculator_8wekyb3d8bbwe\\ApplicationFrame\\Microsoft.WindowsCalculator_8wekyb3d8bbwe!App\\PreferredMinSize"}
{"TimeCreated":"2020-10-18 02:17:06.122","UtcTime":"2020-10-18 06:17:06.101","ProcessGuid":"{39e4a257-1bcf-5f89-a90e-000000000400}","Image":"C:\\windows\\Explorer.EXE","EventID":12,"Channel":"Microsoft-Windows-Sysmon/Operational","Task":"12","RuleName":"-","Message":"Registry object added or deleted:\r\nRuleName: -\r\nEventType: CreateKey\r\nUtcTime: 2020-10-18 06:17:06.101\r\nProcessGuid: {39e4a257-1bcf-5f89-a90e-000000000400}\r\nProcessId: 4548\r\nImage: C:\\windows\\Explorer.EXE\r\nTargetObject: HKLM\\SOFTWARE\\Microsoft\\Windows\\CurrentVersion\\CapabilityAccessManager\\Capabilities","Hostname":"WORKSTATION5","ProcessId":"4548","EventType":"CreateKey","TargetObject":"HKLM\\SOFTWARE\\Microsoft\\Windows\\CurrentVersion\\CapabilityAccessManager\\Capabilities"}
{"TimeCreated":"2020-10-18 02:17:06.122","UtcTime":"2020-10-18 06:17:06.101","ProcessGuid":"{39e4a257-1bcf-5f89-a90e-000000000400}","Image":"C:\\windows\\Explorer.EXE","EventID":12,"Channel":"Microsoft-Windows-Sysmon/Operational","Task":"12","RuleName":"-","Message":"Registry object added or deleted:\r\nRuleName: -\r\nEventType: CreateKey\r\nUtcTime: 2020-10-18 06:17:06.101\r\nProcessGuid: {39e4a257-1bcf-5f89-a90e-000000000400}\r\nProcessId: 4548\r\nImage: C:\\windows\\Explorer.EXE\r\nTargetObject: HKLM\\SOFTWARE\\Microsoft\\Windows\\CurrentVersion\\CapabilityAccessManager\\Capabilities","Hostname":"WORKSTATION5","ProcessId":"4548","EventType":"CreateKey","TargetObject":"HKLM\\SOFTWARE\\Microsoft\\Windows\\CurrentVersion\\CapabilityAccessManager\\Capabilities"}
{"TimeCreated":"2020-10-18 02:17:06.122","UtcTime":"2020-10-18 06:17:06.101","ProcessGuid":"{39e4a257-1bcf-5f89-a90e-000000000400}","Image":"C:\\windows\\Explorer.EXE","EventID":12,"Channel":"Microsoft-Windows-Sysmon/Operational","Task":"12","RuleName":"-","Message":"Registry object added or deleted:\r\nRuleName: -\r\nEventType: CreateKey\r\nUtcTime: 2020-10-18 06:17:06.101\r\nProcessGuid: {39e4a257-1bcf-5f89-a90e-000000000400}\r\nProcessId: 4548\r\nImage: C:\\windows\\Explorer.EXE\r\nTargetObject: HKLM\\SOFTWARE\\Microsoft\\Windows\\CurrentVersion\\CapabilityAccessManager\\Capabilities","Hostname":"WORKSTATION5","ProcessId":"4548","EventType":"CreateKey","TargetObject":"HKLM\\SOFTWARE\\Microsoft\\Windows\\CurrentVersion\\CapabilityAccessManager\\Capabilities"}
{"TimeCreated":"2020-10-18 02:17:06.122","UtcTime":"2020-10-18 06:17:06.101","ProcessGuid":"{39e4a257-1bcf-5f89-a90e-000000000400}","Image":"C:\\windows\\Explorer.EXE","EventID":12,"Channel":"Microsoft-Windows-Sysmon/Operational","Task":"12","RuleName":"-","Message":"Registry object added or deleted:\r\nRuleName: -\r\nEventType: CreateKey\r\nUtcTime: 2020-10-18 06:17:06.101\r\nProcessGuid: {39e4a257-1bcf-5f89-a90e-000000000400}\r\nProcessId: 4548\r\nImage: C:\\windows\\Explorer.EXE\r\nTargetObject: HKLM\\SOFTWARE\\Microsoft\\Windows\\CurrentVersion\\CapabilityAccessManager\\Capabilities","Hostname":"WORKSTATION5","ProcessId":"4548","EventType":"CreateKey","TargetObject":"HKLM\\SOFTWARE\\Microsoft\\Windows\\CurrentVersion\\CapabilityAccessManager\\Capabilities"}
{"TimeCreated":"2020-10-18 02:17:06.122","UtcTime":"2020-10-18 06:17:06.101","ProcessGuid":"{39e4a257-1bcf-5f89-a90e-000000000400}","Image":"C:\\windows\\Explorer.EXE","EventID":12,"Channel":"Microsoft-Windows-Sysmon/Operational","Task":"12","RuleName":"-","Message":"Registry object added or deleted:\r\nRuleName: -\r\nEventType: CreateKey\r\nUtcTime: 2020-10-18 06:17:06.101\r\nProcessGuid: {39e4a257-1bcf-5f89-a90e-000000000400}\r\nProcessId: 4548\r\nImage: C:\\windows\\Explorer.EXE\r\nTargetObject: HKLM\\SOFTWARE\\Microsoft\\Windows\\CurrentVersion\\CapabilityAccessManager\\Capabilities","Hostname":"WORKSTATION5","ProcessId":"4548","EventType":"CreateKey","TargetObject":"HKLM\\SOFTWARE\\Microsoft\\Windows\\CurrentVersion\\CapabilityAccessManager\\Capabilities"}
{"TimeCreated":"2020-10-18 02:17:06.122","UtcTime":"2020-10-18 06:17:06.101","ProcessGuid":"{39e4a257-1bcf-5f89-a90e-000000000400}","Image":"C:\\windows\\Explorer.EXE","EventID":12,"Channel":"Microsoft-Windows-Sysmon/Operational","Task":"12","RuleName":"-","Message":"Registry object added or deleted:\r\nRuleName: -\r\nEventType: CreateKey\r\nUtcTime: 2020-10-18 06:17:06.101\r\nProcessGuid: {39e4a257-1bcf-5f89-a90e-000000000400}\r\nProcessId: 4548\r\nImage: C:\\windows\\Explorer.EXE\r\nTargetObject: HKLM\\SOFTWARE\\Microsoft\\Windows\\CurrentVersion\\CapabilityAccessManager\\Capabilities","Hostname":"WORKSTATION5","ProcessId":"4548","EventType":"CreateKey","TargetObject":"HKLM\\SOFTWARE\\Microsoft\\Windows\\CurrentVersion\\CapabilityAccessManager\\Capabilities"}
{"TimeCreated":"2020-10-18 02:17:06.122","UtcTime":"2020-10-18 06:17:06.101","ProcessGuid":"{39e4a257-1bcf-5f89-a90e-000000000400}","Image":"C:\\windows\\Explorer.EXE","EventID":12,"Channel":"Microsoft-Windows-Sysmon/Operational","Task":"12","RuleName":"-","Message":"Registry object added or deleted:\r\nRuleName: -\r\nEventType: CreateKey\r\nUtcTime: 2020-10-18 06:17:06.101\r\nProcessGuid: {39e4a257-1bcf-5f89-a90e-000000000400}\r\nProcessId: 4548\r\nImage: C:\\windows\\Explorer.EXE\r\nTargetObject: HKLM\\SOFTWARE\\Microsoft\\Windows\\CurrentVersion\\CapabilityAccessManager\\Capabilities","Hostname":"WORKSTATION5","ProcessId":"4548","EventType":"CreateKey","TargetObject":"HKLM\\SOFTWARE\\Microsoft\\Windows\\CurrentVersion\\CapabilityAccessManager\\Capabilities"}
{"TimeCreated":"2020-10-18 02:17:06.122","UtcTime":"2020-10-18 06:17:06.101","ProcessGuid":"{39e4a257-1bcf-5f89-a90e-000000000400}","Image":"C:\\windows\\Explorer.EXE","EventID":12,"Channel":"Microsoft-Windows-Sysmon/Operational","Task":"12","RuleName":"-","Message":"Registry object added or deleted:\r\nRuleName: -\r\nEventType: CreateKey\r\nUtcTime: 2020-10-18 06:17:06.101\r\nProcessGuid: {39e4a257-1bcf-5f89-a90e-000000000400}\r\nProcessId: 4548\r\nImage: C:\\windows\\Explorer.EXE\r\nTargetObject: HKLM\\SOFTWARE\\Microsoft\\Windows\\CurrentVersion\\CapabilityAccessManager\\Capabilities","Hostname":"WORKSTATION5","ProcessId":"4548","EventType":"CreateKey","TargetObject":"HKLM\\SOFTWARE\\Microsoft\\Windows\\CurrentVersion\\CapabilityAccessManager\\Capabilities"}
{"TimeCreated":"2020-10-18 02:17:06.122","UtcTime":"2020-10-18 06:17:06.101","ProcessGuid":"{39e4a257-1bcf-5f89-a90e-000000000400}","Image":"C:\\windows\\Explorer.EXE","EventID":12,"Channel":"Microsoft-Windows-Sysmon/Operational","Task":"12","RuleName":"-","Message":"Registry object added or deleted:\r\nRuleName: -\r\nEventType: CreateKey\r\nUtcTime: 2020-10-18 06:17:06.101\r\nProcessGuid: {39e4a257-1bcf-5f89-a90e-000000000400}\r\nProcessId: 4548\r\nImage: C:\\windows\\Explorer.EXE\r\nTargetObject: HKLM\\SOFTWARE\\Microsoft\\Windows\\CurrentVersion\\CapabilityAccessManager\\Capabilities","Hostname":"WORKSTATION5","ProcessId":"4548","EventType":"CreateKey","TargetObject":"HKLM\\SOFTWARE\\Microsoft\\Windows\\CurrentVersion\\CapabilityAccessManager\\Capabilities"}
{"TimeCreated":"2020-10-18 02:17:06.122","UtcTime":"2020-10-18 06:17:06.101","ProcessGuid":"{39e4a257-1bcf-5f89-a90e-000000000400}","Image":"C:\\windows\\Explorer.EXE","EventID":12,"Channel":"Microsoft-Windows-Sysmon/Operational","Task":"12","RuleName":"-","Message":"Registry object added or deleted:\r\nRuleName: -\r\nEventType: CreateKey\r\nUtcTime: 2020-10-18 06:17:06.101\r\nProcessGuid: {39e4a257-1bcf-5f89-a90e-000000000400}\r\nProcessId: 4548\r\nImage: C:\\windows\\Explorer.EXE\r\nTargetObject: HKLM\\SOFTWARE\\Microsoft\\Windows\\CurrentVersion\\CapabilityAccessManager\\Capabilities","Hostname":"WORKSTATION5","ProcessId":"4548","EventType":"CreateKey","TargetObject":"HKLM\\SOFTWARE\\Microsoft\\Windows\\CurrentVersion\\CapabilityAccessManager\\Capabilities"}
{"TimeCreated":"2020-10-18 02:17:06.121","UtcTime":"2020-10-18 06:17:06.101","ProcessGuid":"{39e4a257-1bcf-5f89-a90e-000000000400}","Image":"C:\\windows\\Explorer.EXE","EventID":12,"Channel":"Microsoft-Windows-Sysmon/Operational","Task":"12","RuleName":"-","Message":"Registry object added or deleted:\r\nRuleName: -\r\nEventType: CreateKey\r\nUtcTime: 2020-10-18 06:17:06.101\r\nProcessGuid: {39e4a257-1bcf-5f89-a90e-000000000400}\r\nProcessId: 4548\r\nImage: C:\\windows\\Explorer.EXE\r\nTargetObject: HKLM\\SOFTWARE\\Microsoft\\Windows\\CurrentVersion\\CapabilityAccessManager\\Capabilities","Hostname":"WORKSTATION5","ProcessId":"4548","EventType":"CreateKey","TargetObject":"HKLM\\SOFTWARE\\Microsoft\\Windows\\CurrentVersion\\CapabilityAccessManager\\Capabilities"}
{"TimeCreated":"2020-10-18 02:17:06.121","UtcTime":"2020-10-18 06:17:06.101","ProcessGuid":"{39e4a257-1bcf-5f89-a90e-000000000400}","Image":"C:\\windows\\Explorer.EXE","EventID":12,"Channel":"Microsoft-Windows-Sysmon/Operational","Task":"12","RuleName":"-","Message":"Registry object added or deleted:\r\nRuleName: -\r\nEventType: CreateKey\r\nUtcTime: 2020-10-18 06:17:06.101\r\nProcessGuid: {39e4a257-1bcf-5f89-a90e-000000000400}\r\nProcessId: 4548\r\nImage: C:\\windows\\Explorer.EXE\r\nTargetObject: HKLM\\SOFTWARE\\Microsoft\\Windows\\CurrentVersion\\CapabilityAccessManager\\Capabilities","Hostname":"WORKSTATION5","ProcessId":"4548","EventType":"CreateKey","TargetObject":"HKLM\\SOFTWARE\\Microsoft\\Windows\\CurrentVersion\\CapabilityAccessManager\\Capabilities"}
{"TimeCreated":"2020-10-18 02:17:06.121","UtcTime":"2020-10-18 06:17:06.101","ProcessGuid":"{39e4a257-1bcf-5f89-a90e-000000000400}","Image":"C:\\windows\\Explorer.EXE","EventID":12,"Channel":"Microsoft-Windows-Sysmon/Operational","Task":"12","RuleName":"-","Message":"Registry object added or deleted:\r\nRuleName: -\r\nEventType: CreateKey\r\nUtcTime: 2020-10-18 06:17:06.101\r\nProcessGuid: {39e4a257-1bcf-5f89-a90e-000000000400}\r\nProcessId: 4548\r\nImage: C:\\windows\\Explorer.EXE\r\nTargetObject: HKLM\\SOFTWARE\\Microsoft\\Windows\\CurrentVersion\\CapabilityAccessManager\\Capabilities","Hostname":"WORKSTATION5","ProcessId":"4548","EventType":"CreateKey","TargetObject":"HKLM\\SOFTWARE\\Microsoft\\Windows\\CurrentVersion\\CapabilityAccessManager\\Capabilities"}
{"TimeCreated":"2020-10-18 02:17:06.121","UtcTime":"2020-10-18 06:17:06.101","ProcessGuid":"{39e4a257-1bcf-5f89-a90e-000000000400}","Image":"C:\\windows\\Explorer.EXE","EventID":12,"Channel":"Microsoft-Windows-Sysmon/Operational","Task":"12","RuleName":"-","Message":"Registry object added or deleted:\r\nRuleName: -\r\nEventType: CreateKey\r\nUtcTime: 2020-10-18 06:17:06.101\r\nProcessGuid: {39e4a257-1bcf-5f89-a90e-000000000400}\r\nProcessId: 4548\r\nImage: C:\\windows\\Explorer.EXE\r\nTargetObject: HKLM\\SOFTWARE\\Microsoft\\Windows\\CurrentVersion\\CapabilityAccessManager\\Capabilities","Hostname":"WORKSTATION5","ProcessId":"4548","EventType":"CreateKey","TargetObject":"HKLM\\SOFTWARE\\Microsoft\\Windows\\CurrentVersion\\CapabilityAccessManager\\Capabilities"}
{"TimeCreated":"2020-10-18 02:17:06.121","UtcTime":"2020-10-18 06:17:06.101","ProcessGuid":"{39e4a257-1bcf-5f89-a90e-000000000400}","Image":"C:\\windows\\Explorer.EXE","EventID":12,"Channel":"Microsoft-Windows-Sysmon/Operational","Task":"12","RuleName":"-","Message":"Registry object added or deleted:\r\nRuleName: -\r\nEventType: CreateKey\r\nUtcTime: 2020-10-18 06:17:06.101\r\nProcessGuid: {39e4a257-1bcf-5f89-a90e-000000000400}\r\nProcessId: 4548\r\nImage: C:\\windows\\Explorer.EXE\r\nTargetObject: HKLM\\SOFTWARE\\Microsoft\\Windows\\CurrentVersion\\CapabilityAccessManager\\Capabilities","Hostname":"WORKSTATION5","ProcessId":"4548","EventType":"CreateKey","TargetObject":"HKLM\\SOFTWARE\\Microsoft\\Windows\\CurrentVersion\\CapabilityAccessManager\\Capabilities"}
{"TimeCreated":"2020-10-18 02:17:06.121","UtcTime":"2020-10-18 06:17:06.101","ProcessGuid":"{39e4a257-1bcf-5f89-a90e-000000000400}","Image":"C:\\windows\\Explorer.EXE","EventID":12,"Channel":"Microsoft-Windows-Sysmon/Operational","Task":"12","RuleName":"-","Message":"Registry object added or deleted:\r\nRuleName: -\r\nEventType: CreateKey\r\nUtcTime: 2020-10-18 06:17:06.101\r\nProcessGuid: {39e4a257-1bcf-5f89-a90e-000000000400}\r\nProcessId: 4548\r\nImage: C:\\windows\\Explorer.EXE\r\nTargetObject: HKLM\\SOFTWARE\\Microsoft\\Windows\\CurrentVersion\\CapabilityAccessManager\\Capabilities","Hostname":"WORKSTATION5","ProcessId":"4548","EventType":"CreateKey","TargetObject":"HKLM\\SOFTWARE\\Microsoft\\Windows\\CurrentVersion\\CapabilityAccessManager\\Capabilities"}
{"TimeCreated":"2020-10-18 02:17:06.121","UtcTime":"2020-10-18 06:17:06.101","ProcessGuid":"{39e4a257-1bcf-5f89-a90e-000000000400}","Image":"C:\\windows\\Explorer.EXE","EventID":12,"Channel":"Microsoft-Windows-Sysmon/Operational","Task":"12","RuleName":"-","Message":"Registry object added or deleted:\r\nRuleName: -\r\nEventType: CreateKey\r\nUtcTime: 2020-10-18 06:17:06.101\r\nProcessGuid: {39e4a257-1bcf-5f89-a90e-000000000400}\r\nProcessId: 4548\r\nImage: C:\\windows\\Explorer.EXE\r\nTargetObject: HKLM\\SOFTWARE\\Microsoft\\Windows\\CurrentVersion\\CapabilityAccessManager\\Capabilities","Hostname":"WORKSTATION5","ProcessId":"4548","EventType":"CreateKey","TargetObject":"HKLM\\SOFTWARE\\Microsoft\\Windows\\CurrentVersion\\CapabilityAccessManager\\Capabilities"}
{"TimeCreated":"2020-10-18 02:17:06.121","UtcTime":"2020-10-18 06:17:06.101","ProcessGuid":"{39e4a257-1bcf-5f89-a90e-000000000400}","Image":"C:\\windows\\Explorer.EXE","EventID":12,"Channel":"Microsoft-Windows-Sysmon/Operational","Task":"12","RuleName":"-","Message":"Registry object added or deleted:\r\nRuleName: -\r\nEventType: CreateKey\r\nUtcTime: 2020-10-18 06:17:06.101\r\nProcessGuid: {39e4a257-1bcf-5f89-a90e-000000000400}\r\nProcessId: 4548\r\nImage: C:\\windows\\Explorer.EXE\r\nTargetObject: HKLM\\SOFTWARE\\Microsoft\\Windows\\CurrentVersion\\CapabilityAccessManager\\Capabilities","Hostname":"WORKSTATION5","ProcessId":"4548","EventType":"CreateKey","TargetObject":"HKLM\\SOFTWARE\\Microsoft\\Windows\\CurrentVersion\\CapabilityAccessManager\\Capabilities"}
{"TimeCreated":"2020-10-18 02:17:06.121","UtcTime":"2020-10-18 06:17:06.101","ProcessGuid":"{39e4a257-1bcf-5f89-a90e-000000000400}","Image":"C:\\windows\\Explorer.EXE","EventID":12,"Channel":"Microsoft-Windows-Sysmon/Operational","Task":"12","RuleName":"-","Message":"Registry object added or deleted:\r\nRuleName: -\r\nEventType: CreateKey\r\nUtcTime: 2020-10-18 06:17:06.101\r\nProcessGuid: {39e4a257-1bcf-5f89-a90e-000000000400}\r\nProcessId: 4548\r\nImage: C:\\windows\\Explorer.EXE\r\nTargetObject: HKLM\\SOFTWARE\\Microsoft\\Windows\\CurrentVersion\\CapabilityAccessManager\\Capabilities","Hostname":"WORKSTATION5","ProcessId":"4548","EventType":"CreateKey","TargetObject":"HKLM\\SOFTWARE\\Microsoft\\Windows\\CurrentVersion\\CapabilityAccessManager\\Capabilities"}
{"TimeCreated":"2020-10-18 02:17:06.121","UtcTime":"2020-10-18 06:17:06.101","ProcessGuid":"{39e4a257-1bcf-5f89-a90e-000000000400}","Image":"C:\\windows\\Explorer.EXE","EventID":12,"Channel":"Microsoft-Windows-Sysmon/Operational","Task":"12","RuleName":"-","Message":"Registry object added or deleted:\r\nRuleName: -\r\nEventType: CreateKey\r\nUtcTime: 2020-10-18 06:17:06.101\r\nProcessGuid: {39e4a257-1bcf-5f89-a90e-000000000400}\r\nProcessId: 4548\r\nImage: C:\\windows\\Explorer.EXE\r\nTargetObject: HKLM\\SOFTWARE\\Microsoft\\Windows\\CurrentVersion\\CapabilityAccessManager\\Capabilities","Hostname":"WORKSTATION5","ProcessId":"4548","EventType":"CreateKey","TargetObject":"HKLM\\SOFTWARE\\Microsoft\\Windows\\CurrentVersion\\CapabilityAccessManager\\Capabilities"}
{"TimeCreated":"2020-10-18 02:17:06.121","UtcTime":"2020-10-18 06:17:06.101","ProcessGuid":"{39e4a257-1bcf-5f89-a90e-000000000400}","Image":"C:\\windows\\Explorer.EXE","EventID":12,"Channel":"Microsoft-Windows-Sysmon/Operational","Task":"12","RuleName":"-","Message":"Registry object added or deleted:\r\nRuleName: -\r\nEventType: CreateKey\r\nUtcTime: 2020-10-18 06:17:06.101\r\nProcessGuid: {39e4a257-1bcf-5f89-a90e-000000000400}\r\nProcessId: 4548\r\nImage: C:\\windows\\Explorer.EXE\r\nTargetObject: HKLM\\SOFTWARE\\Microsoft\\Windows\\CurrentVersion\\CapabilityAccessManager\\Capabilities","Hostname":"WORKSTATION5","ProcessId":"4548","EventType":"CreateKey","TargetObject":"HKLM\\SOFTWARE\\Microsoft\\Windows\\CurrentVersion\\CapabilityAccessManager\\Capabilities"}
{"TimeCreated":"2020-10-18 02:17:06.104","SignatureStatus":"Valid","Signature":"Microsoft Windows","Product":"Microsoft Windows Operating System","Hashes":"SHA1=F62451892005982886F3F1B390684A1A9B27E04F,MD5=69746BD1BF06FF75AAFCD457E5ED743D,SHA256=2B922A085F9434B7BD1791A33303D8CC19EC3DF64ABC4898D3CE319F023059AE,IMPHASH=DFA0368FDF9336293F4B39DFB9819653","UtcTime":"2020-10-18 06:17:06.101","ProcessGuid":"{39e4a257-dde0-5f8b-511b-000000000400}","Image":"C:\\Program Files\\WindowsApps\\Microsoft.WindowsCalculator_10.2008.2.0_x64__8wekyb3d8bbwe\\Calculator.exe","ImageLoaded":"C:\\Windows\\System32\\twinapi.dll","EventID":7,"Channel":"Microsoft-Windows-Sysmon/Operational","Task":"7","RuleName":"-","FileVersion":"10.0.18362.959 (WinBuild.160101.0800)","Message":"Image loaded:\r\nRuleName: -\r\nUtcTime: 2020-10-18 06:17:06.101\r\nProcessGuid: {39e4a257-dde0-5f8b-511b-000000000400}\r\nProcessId: 8452\r\nImage: C:\\Program Files\\WindowsApps\\Microsoft.WindowsCalculator_10.2008.2.0_x64__8wekyb3d8bbwe\\Calculator.exe\r\nImageLoaded: C:\\Windows\\System32\\twinapi.dll\r\nFileVersion: 10.0.18362.959 (WinBuild.160101.0800)\r\nDescription: twinapi\r\nProduct: Microsoft Windows Operating System\r\nCompany: Microsoft Corporation\r\nOriginalFileName: twinapi.dll\r\nHashes: SHA1=F62451892005982886F3F1B390684A1A9B27E04F,MD5=69746BD1BF06FF75AAFCD457E5ED743D,SHA256=2B922A085F9434B7BD1791A33303D8CC19EC3DF64ABC4898D3CE319F023059AE,IMPHASH=DFA0368FDF9336293F4B39DFB9819653\r\nSigned: true\r\nSignature: Microsoft Windows\r\nSignatureStatus: Valid","Hostname":"WORKSTATION5","ProcessId":"8452","Description":"twinapi","Company":"Microsoft Corporation","Signed":"true","OriginalFileName":"twinapi.dll"}
{"Message":"Process terminated:\r\nRuleName: -\r\nUtcTime: 2020-10-18 06:17:06.085\r\nProcessGuid: {39e4a257-dde0-5f8b-501b-000000000400}\r\nProcessId: 10108\r\nImage: C:\\Windows\\System32\\calc.exe","ProcessGuid":"{39e4a257-dde0-5f8b-501b-000000000400}","TimeCreated":"2020-10-18 02:17:06.096","Hostname":"WORKSTATION5","Task":"5","UtcTime":"2020-10-18 06:17:06.085","Image":"C:\\Windows\\System32\\calc.exe","Channel":"Microsoft-Windows-Sysmon/Operational","RuleName":"-","EventID":5,"ProcessId":"10108"}
{"TimeCreated":"2020-10-18 02:17:06.084","SignatureStatus":"Valid","Signature":"Microsoft Windows","Product":"Windows SDK","Hashes":"SHA1=816E112B228494EB840E9161349826A21F43A833,MD5=96795A56D3574BC7BAB41402089BF375,SHA256=480B80938540F2323CEE21BCD687E5A7557EA8323C969C53AF9E9BF87B7DF4AB,IMPHASH=00000000000000000000000000000000","UtcTime":"2020-10-18 06:17:06.039","ProcessGuid":"{39e4a257-dde0-5f8b-511b-000000000400}","Image":"C:\\Program Files\\WindowsApps\\Microsoft.WindowsCalculator_10.2008.2.0_x64__8wekyb3d8bbwe\\Calculator.exe","ImageLoaded":"C:\\Windows\\System32\\WinMetadata\\Windows.UI.Xaml.winmd","EventID":7,"Channel":"Microsoft-Windows-Sysmon/Operational","Task":"7","RuleName":"-","FileVersion":"10.0.10011.16384","Message":"Image loaded:\r\nRuleName: -\r\nUtcTime: 2020-10-18 06:17:06.039\r\nProcessGuid: {39e4a257-dde0-5f8b-511b-000000000400}\r\nProcessId: 8452\r\nImage: C:\\Program Files\\WindowsApps\\Microsoft.WindowsCalculator_10.2008.2.0_x64__8wekyb3d8bbwe\\Calculator.exe\r\nImageLoaded: C:\\Windows\\System32\\WinMetadata\\Windows.UI.Xaml.winmd\r\nFileVersion: 10.0.10011.16384\r\nDescription: Windows SDK metadata\r\nProduct: Windows SDK\r\nCompany: Microsoft Corporation\r\nOriginalFileName: -\r\nHashes: SHA1=816E112B228494EB840E9161349826A21F43A833,MD5=96795A56D3574BC7BAB41402089BF375,SHA256=480B80938540F2323CEE21BCD687E5A7557EA8323C969C53AF9E9BF87B7DF4AB,IMPHASH=00000000000000000000000000000000\r\nSigned: true\r\nSignature: Microsoft Windows\r\nSignatureStatus: Valid","Hostname":"WORKSTATION5","ProcessId":"8452","Description":"Windows SDK metadata","Company":"Microsoft Corporation","Signed":"true","OriginalFileName":"-"}
{"TimeCreated":"2020-10-18 02:17:06.064","SignatureStatus":"Valid","Signature":"Microsoft Windows","Product":"Microsoft Windows Operating System","Hashes":"SHA1=3A0EA185B5E785862A41A44D98AE3F7203EF2A49,MD5=5924323A3B9FD73EEA6F54E28E389993,SHA256=8B0BA73BC2C4B09C960D0028F5CF1D2D8721E7BB55B6D52D179C2FCE433C85DD,IMPHASH=C940724B527D63753B955468847118FA","UtcTime":"2020-10-18 06:17:05.945","ProcessGuid":"{39e4a257-dde0-5f8b-511b-000000000400}","Image":"C:\\Program Files\\WindowsApps\\Microsoft.WindowsCalculator_10.2008.2.0_x64__8wekyb3d8bbwe\\Calculator.exe","ImageLoaded":"C:\\Windows\\System32\\directmanipulation.dll","EventID":7,"Channel":"Microsoft-Windows-Sysmon/Operational","Task":"7","RuleName":"-","FileVersion":"10.0.18362.1 (WinBuild.160101.0800)","Message":"Image loaded:\r\nRuleName: -\r\nUtcTime: 2020-10-18 06:17:05.945\r\nProcessGuid: {39e4a257-dde0-5f8b-511b-000000000400}\r\nProcessId: 8452\r\nImage: C:\\Program Files\\WindowsApps\\Microsoft.WindowsCalculator_10.2008.2.0_x64__8wekyb3d8bbwe\\Calculator.exe\r\nImageLoaded: C:\\Windows\\System32\\directmanipulation.dll\r\nFileVersion: 10.0.18362.1 (WinBuild.160101.0800)\r\nDescription: Microsoft Direct Manipulation Component\r\nProduct: Microsoft Windows Operating System\r\nCompany: Microsoft Corporation\r\nOriginalFileName: directmanipulation.dll\r\nHashes: SHA1=3A0EA185B5E785862A41A44D98AE3F7203EF2A49,MD5=5924323A3B9FD73EEA6F54E28E389993,SHA256=8B0BA73BC2C4B09C960D0028F5CF1D2D8721E7BB55B6D52D179C2FCE433C85DD,IMPHASH=C940724B527D63753B955468847118FA\r\nSigned: true\r\nSignature: Microsoft Windows\r\nSignatureStatus: Valid","Hostname":"WORKSTATION5","ProcessId":"8452","Description":"Microsoft Direct Manipulation Component","Company":"Microsoft Corporation","Signed":"true","OriginalFileName":"directmanipulation.dll"}
{"TimeCreated":"2020-10-18 02:17:06.055","SignatureStatus":"Valid","Signature":"Microsoft Windows","Product":"Microsoft Windows Operating System","Hashes":"SHA1=9C8AAA2196A4C9A35C02BBD0007D693F8035187F,MD5=8BB9C3FF56F11E5DC5F8F83E8EC3A638,SHA256=9960BE742BDEF8AA6E790DE4ED36D2844E19480312F422275DFFA8842F93C581,IMPHASH=045F4C338E5F179292FC6D67E19F57B2","UtcTime":"2020-10-18 06:17:05.914","ProcessGuid":"{39e4a257-dde0-5f8b-511b-000000000400}","Image":"C:\\Program Files\\WindowsApps\\Microsoft.WindowsCalculator_10.2008.2.0_x64__8wekyb3d8bbwe\\Calculator.exe","ImageLoaded":"C:\\Windows\\System32\\Windows.Energy.dll","EventID":7,"Channel":"Microsoft-Windows-Sysmon/Operational","Task":"7","RuleName":"-","FileVersion":"10.0.18362.959 (WinBuild.160101.0800)","Message":"Image loaded:\r\nRuleName: -\r\nUtcTime: 2020-10-18 06:17:05.914\r\nProcessGuid: {39e4a257-dde0-5f8b-511b-000000000400}\r\nProcessId: 8452\r\nImage: C:\\Program Files\\WindowsApps\\Microsoft.WindowsCalculator_10.2008.2.0_x64__8wekyb3d8bbwe\\Calculator.exe\r\nImageLoaded: C:\\Windows\\System32\\Windows.Energy.dll\r\nFileVersion: 10.0.18362.959 (WinBuild.160101.0800)\r\nDescription: Windows Energy Runtime DLL\r\nProduct: Microsoft Windows Operating System\r\nCompany: Microsoft Corporation\r\nOriginalFileName: Windows.Energy.dll\r\nHashes: SHA1=9C8AAA2196A4C9A35C02BBD0007D693F8035187F,MD5=8BB9C3FF56F11E5DC5F8F83E8EC3A638,SHA256=9960BE742BDEF8AA6E790DE4ED36D2844E19480312F422275DFFA8842F93C581,IMPHASH=045F4C338E5F179292FC6D67E19F57B2\r\nSigned: true\r\nSignature: Microsoft Windows\r\nSignatureStatus: Valid","Hostname":"WORKSTATION5","ProcessId":"8452","Description":"Windows Energy Runtime DLL","Company":"Microsoft Corporation","Signed":"true","OriginalFileName":"Windows.Energy.dll"}
{"TimeCreated":"2020-10-18 02:17:06.039","UtcTime":"2020-10-18 06:17:06.023","ProcessGuid":"{39e4a257-dde0-5f8b-501b-000000000400}","Image":"C:\\Windows\\System32\\calc.exe","EventID":12,"Channel":"Microsoft-Windows-Sysmon/Operational","Task":"12","RuleName":"-","Message":"Registry object added or deleted:\r\nRuleName: -\r\nEventType: CreateKey\r\nUtcTime: 2020-10-18 06:17:06.023\r\nProcessGuid: {39e4a257-dde0-5f8b-501b-000000000400}\r\nProcessId: 10108\r\nImage: C:\\Windows\\System32\\calc.exe\r\nTargetObject: HKU\\S-1-5-21-3940915590-64593676-1414006259-500_Classes\\Local Settings\\MrtCache\\C:10108CProgram Files10108CWindowsApps10108CMicrosoft.WindowsCalculator_10.2008.2.0_x64__8wekyb3d8bbwe10108Cmicrosoft.system.package.metadata10108CS-1-5-21-3940915590-64593676-1414006259-500-MergedResources-1.pri","Hostname":"WORKSTATION5","ProcessId":"10108","EventType":"CreateKey","TargetObject":"HKU\\S-1-5-21-3940915590-64593676-1414006259-500_Classes\\Local Settings\\MrtCache\\C:%5CProgram Files%5CWindowsApps%5CMicrosoft.WindowsCalculator_10.2008.2.0_x64__8wekyb3d8bbwe%5Cmicrosoft.system.package.metadata%5CS-1-5-21-3940915590-64593676-1414006259-500-MergedResources-1.pri"}
{"TimeCreated":"2020-10-18 02:17:06.039","SignatureStatus":"Valid","Signature":"Microsoft Windows","Product":"Microsoft Windows Operating System","Hashes":"SHA1=5C986A06C21B5CDCFD799E3B5CA475CE2AFF6058,MD5=435009D1DDC0365BFA34B8C8D3F85286,SHA256=2F94628F056FE65EA81351E134E59ECE813FEC5E8400C12D6DFA49DEFD126D01,IMPHASH=B0E49176FB29AC2D0ABB840B4C490D21","UtcTime":"2020-10-18 06:17:06.007","ProcessGuid":"{39e4a257-dde0-5f8b-501b-000000000400}","Image":"C:\\Windows\\System32\\calc.exe","ImageLoaded":"C:\\Windows\\System32\\ntmarta.dll","EventID":7,"Channel":"Microsoft-Windows-Sysmon/Operational","Task":"7","RuleName":"-","FileVersion":"10.0.18362.1 (WinBuild.160101.0800)","Message":"Image loaded:\r\nRuleName: -\r\nUtcTime: 2020-10-18 06:17:06.007\r\nProcessGuid: {39e4a257-dde0-5f8b-501b-000000000400}\r\nProcessId: 10108\r\nImage: C:\\Windows\\System32\\calc.exe\r\nImageLoaded: C:\\Windows\\System32\\ntmarta.dll\r\nFileVersion: 10.0.18362.1 (WinBuild.160101.0800)\r\nDescription: Windows NT MARTA provider\r\nProduct: Microsoft Windows Operating System\r\nCompany: Microsoft Corporation\r\nOriginalFileName: ntmarta.dll\r\nHashes: SHA1=5C986A06C21B5CDCFD799E3B5CA475CE2AFF6058,MD5=435009D1DDC0365BFA34B8C8D3F85286,SHA256=2F94628F056FE65EA81351E134E59ECE813FEC5E8400C12D6DFA49DEFD126D01,IMPHASH=B0E49176FB29AC2D0ABB840B4C490D21\r\nSigned: true\r\nSignature: Microsoft Windows\r\nSignatureStatus: Valid","Hostname":"WORKSTATION5","ProcessId":"10108","Description":"Windows NT MARTA provider","Company":"Microsoft Corporation","Signed":"true","OriginalFileName":"ntmarta.dll"}
{"TimeCreated":"2020-10-18 02:17:06.038","SignatureStatus":"Valid","Signature":"Microsoft Windows","Product":"Microsoft Windows Operating System","Hashes":"SHA1=27AFEDBB2BCE7204B671362BB46909B0D2068F6D,MD5=2E1D612538780D8EF3EC5C0DB5B080E0,SHA256=D7217EBDD8E654E009B700597DCF9AD9A3FD3688160E134C05DD017FDFCCF844,IMPHASH=159F4C943EAB23286854F27C6AA82CE1","UtcTime":"2020-10-18 06:17:06.007","ProcessGuid":"{39e4a257-dde0-5f8b-501b-000000000400}","Image":"C:\\Windows\\System32\\calc.exe","ImageLoaded":"C:\\Windows\\System32\\CoreMessaging.dll","EventID":7,"Channel":"Microsoft-Windows-Sysmon/Operational","Task":"7","RuleName":"-","FileVersion":"10.0.18362.1049","Message":"Image loaded:\r\nRuleName: -\r\nUtcTime: 2020-10-18 06:17:06.007\r\nProcessGuid: {39e4a257-dde0-5f8b-501b-000000000400}\r\nProcessId: 10108\r\nImage: C:\\Windows\\System32\\calc.exe\r\nImageLoaded: C:\\Windows\\System32\\CoreMessaging.dll\r\nFileVersion: 10.0.18362.1049\r\nDescription: Microsoft CoreMessaging Dll\r\nProduct: Microsoft Windows Operating System\r\nCompany: Microsoft Corporation\r\nOriginalFileName: CoreMessaging.dll\r\nHashes: SHA1=27AFEDBB2BCE7204B671362BB46909B0D2068F6D,MD5=2E1D612538780D8EF3EC5C0DB5B080E0,SHA256=D7217EBDD8E654E009B700597DCF9AD9A3FD3688160E134C05DD017FDFCCF844,IMPHASH=159F4C943EAB23286854F27C6AA82CE1\r\nSigned: true\r\nSignature: Microsoft Windows\r\nSignatureStatus: Valid","Hostname":"WORKSTATION5","ProcessId":"10108","Description":"Microsoft CoreMessaging Dll","Company":"Microsoft Corporation","Signed":"true","OriginalFileName":"CoreMessaging.dll"}
{"TimeCreated":"2020-10-18 02:17:06.038","SignatureStatus":"Valid","Signature":"Microsoft Windows","Product":"Microsoft Windows Operating System","Hashes":"SHA1=921B1B35216BEE3C8DF5E9DE34E24E6CD11404B4,MD5=FD400D045B3B444EA63B43B57AED1BCA,SHA256=9050083E4A3586E497A6511E00721142D6729350E89D9E132085FA60CC82E58B,IMPHASH=D5A340DE6D3229461CCE23B7EDD45B8A","UtcTime":"2020-10-18 06:17:06.007","ProcessGuid":"{39e4a257-dde0-5f8b-501b-000000000400}","Image":"C:\\Windows\\System32\\calc.exe","ImageLoaded":"C:\\Windows\\System32\\CoreUIComponents.dll","EventID":7,"Channel":"Microsoft-Windows-Sysmon/Operational","Task":"7","RuleName":"-","FileVersion":"10.0.18362.1110","Message":"Image loaded:\r\nRuleName: -\r\nUtcTime: 2020-10-18 06:17:06.007\r\nProcessGuid: {39e4a257-dde0-5f8b-501b-000000000400}\r\nProcessId: 10108\r\nImage: C:\\Windows\\System32\\calc.exe\r\nImageLoaded: C:\\Windows\\System32\\CoreUIComponents.dll\r\nFileVersion: 10.0.18362.1110\r\nDescription: Microsoft Core UI Components Dll\r\nProduct: Microsoft Windows Operating System\r\nCompany: Microsoft Corporation\r\nOriginalFileName: CoreUIComponents.dll\r\nHashes: SHA1=921B1B35216BEE3C8DF5E9DE34E24E6CD11404B4,MD5=FD400D045B3B444EA63B43B57AED1BCA,SHA256=9050083E4A3586E497A6511E00721142D6729350E89D9E132085FA60CC82E58B,IMPHASH=D5A340DE6D3229461CCE23B7EDD45B8A\r\nSigned: true\r\nSignature: Microsoft Windows\r\nSignatureStatus: Valid","Hostname":"WORKSTATION5","ProcessId":"10108","Description":"Microsoft Core UI Components Dll","Company":"Microsoft Corporation","Signed":"true","OriginalFileName":"CoreUIComponents.dll"}
