{"TimeCreated":"2020-10-18 02:17:03.818","UtcTime":"2020-10-18 06:17:03.804","ProcessGuid":"{39e4a257-dddf-5f8b-4e1b-000000000400}","Image":"C:\\windows\\System32\\Wbem\\WMIC.exe","EventID":13,"Channel":"Microsoft-Windows-Sysmon/Operational","Task":"13","RuleName":"-","Message":"Registry value set:\r\nRuleName: -\r\nEventType: SetValue\r\nUtcTime: 2020-10-18 06:17:03.804\r\nProcessGuid: {39e4a257-dddf-5f8b-4e1b-000000000400}\r\nProcessId: 1064\r\nImage: C:\\windows\\System32\\Wbem\\WMIC.exe\r\nTargetObject: HKU\\S-1-5-21-3940915590-64593676-1414006259-500\\Software\\Microsoft\\Windows\\CurrentVersion\\Internet Settings\\ZoneMap\\IntranetName\r\nDetails: DWORD (0x00000001)","Hostname":"WORKSTATION5","Details":"DWORD (0x00000001)","ProcessId":"1064","EventType":"SetValue","TargetObject":"HKU\\S-1-5-21-3940915590-64593676-1414006259-500\\Software\\Microsoft\\Windows\\CurrentVersion\\Internet Settings\\ZoneMap\\IntranetName"}
{"TimeCreated":"2020-10-18 02:17:03.818","UtcTime":"2020-10-18 06:17:03.804","ProcessGuid":"{39e4a257-dddf-5f8b-4e1b-000000000400}","Image":"C:\\windows\\System32\\Wbem\\WMIC.exe","EventID":13,"Channel":"Microsoft-Windows-Sysmon/Operational","Task":"13","RuleName":"-","Message":"Registry value set:\r\nRuleName: -\r\nEventType: SetValue\r\nUtcTime: 2020-10-18 06:17:03.804\r\nProcessGuid: {39e4a257-dddf-5f8b-4e1b-000000000400}\r\nProcessId: 1064\r\nImage: C:\\windows\\System32\\Wbem\\WMIC.exe\r\nTargetObject: HKU\\S-1-5-21-3940915590-64593676-1414006259-500\\Software\\Microsoft\\Windows\\CurrentVersion\\Internet Settings\\ZoneMap\\ProxyBypass\r\nDetails: DWORD (0x00000001)","Hostname":"WORKSTATION5","Details":"DWORD (0x00000001)","ProcessId":"1064","EventType":"SetValue","TargetObject":"HKU\\S-1-5-21-3940915590-64593676-1414006259-500\\Software\\Microsoft\\Windows\\CurrentVersion\\Internet Settings\\ZoneMap\\ProxyBypass"}
{"TimeCreated":"2020-10-18 02:17:03.818","UtcTime":"2020-10-18 06:17:03.804","ProcessGuid":"{39e4a257-dddf-5f8b-4e1b-000000000400}","Image":"C:\\windows\\System32\\Wbem\\WMIC.exe","EventID":13,"Channel":"Microsoft-Windows-Sysmon/Operational","Task":"13","RuleName":"-","Message":"Registry value set:\r\nRuleName: -\r\nEventType: SetValue\r\nUtcTime: 2020-10-18 06:17:03.804\r\nProcessGuid: {39e4a257-dddf-5f8b-4e1b-000000000400}\r\nProcessId: 1064\r\nImage: C:\\windows\\System32\\Wbem\\WMIC.exe\r\nTargetObject: HKU\\S-1-5-21-3940915590-64593676-1414006259-500\\Software\\Microsoft\\Windows\\CurrentVersion\\Internet Settings\\ZoneMap\\AutoDetect\r\nDetails: DWORD (0x00000000)","Hostname":"WORKSTATION5","Details":"DWORD (0x00000000)","ProcessId":"1064","EventType":"SetValue","TargetObject":"HKU\\S-1-5-21-3940915590-64593676-1414006259-500\\Software\\Microsoft\\Windows\\CurrentVersion\\Internet Settings\\ZoneMap\\AutoDetect"}
{"TimeCreated":"2020-10-18 02:17:03.818","UtcTime":"2020-10-18 06:17:03.804","ProcessGuid":"{39e4a257-dddf-5f8b-4e1b-000000000400}","Image":"C:\\windows\\System32\\Wbem\\WMIC.exe","EventID":13,"Channel":"Microsoft-Windows-Sysmon/Operational","Task":"13","RuleName":"-","Message":"Registry value set:\r\nRuleName: -\r\nEventType: SetValue\r\nUtcTime: 2020-10-18 06:17:03.804\r\nProcessGuid: {39e4a257-dddf-5f8b-4e1b-000000000400}\r\nProcessId: 1064\r\nImage: C:\\windows\\System32\\Wbem\\WMIC.exe\r\nTargetObject: HKU\\S-1-5-21-3940915590-64593676-1414006259-500\\Software\\Microsoft\\Windows\\CurrentVersion\\Internet Settings\\ZoneMap\\UNCAsIntranet\r\nDetails: DWORD (0x00000001)","Hostname":"WORKSTATION5","Details":"DWORD (0x00000001)","ProcessId":"1064","EventType":"SetValue","TargetObject":"HKU\\S-1-5-21-3940915590-64593676-1414006259-500\\Software\\Microsoft\\Windows\\CurrentVersion\\Internet Settings\\ZoneMap\\UNCAsIntranet"}
{"TimeCreated":"2020-10-18 02:17:03.818","UtcTime":"2020-10-18 06:17:03.804","ProcessGuid":"{39e4a257-dddf-5f8b-4e1b-000000000400}","Image":"C:\\windows\\System32\\Wbem\\WMIC.exe","EventID":13,"Channel":"Microsoft-Windows-Sysmon/Operational","Task":"13","RuleName":"-","Message":"Registry value set:\r\nRuleName: -\r\nEventType: SetValue\r\nUtcTime: 2020-10-18 06:17:03.804\r\nProcessGuid: {39e4a257-dddf-5f8b-4e1b-000000000400}\r\nProcessId: 1064\r\nImage: C:\\windows\\System32\\Wbem\\WMIC.exe\r\nTargetObject: HKU\\S-1-5-21-3940915590-64593676-1414006259-500\\Software\\Microsoft\\Windows\\CurrentVersion\\Internet Settings\\ZoneMap\\IntranetName\r\nDetails: DWORD (0x00000001)","Hostname":"WORKSTATION5","Details":"DWORD (0x00000001)","ProcessId":"1064","EventType":"SetValue","TargetObject":"HKU\\S-1-5-21-3940915590-64593676-1414006259-500\\Software\\Microsoft\\Windows\\CurrentVersion\\Internet Settings\\ZoneMap\\IntranetName"}
{"TimeCreated":"2020-10-18 02:17:03.818","UtcTime":"2020-10-18 06:17:03.804","ProcessGuid":"{39e4a257-dddf-5f8b-4e1b-000000000400}","Image":"C:\\windows\\System32\\Wbem\\WMIC.exe","EventID":13,"Channel":"Microsoft-Windows-Sysmon/Operational","Task":"13","RuleName":"-","Message":"Registry value set:\r\nRuleName: -\r\nEventType: SetValue\r\nUtcTime: 2020-10-18 06:17:03.804\r\nProcessGuid: {39e4a257-dddf-5f8b-4e1b-000000000400}\r\nProcessId: 1064\r\nImage: C:\\windows\\System32\\Wbem\\WMIC.exe\r\nTargetObject: HKU\\S-1-5-21-3940915590-64593676-1414006259-500\\Software\\Microsoft\\Windows\\CurrentVersion\\Internet Settings\\ZoneMap\\ProxyBypass\r\nDetails: DWORD (0x00000001)","Hostname":"WORKSTATION5","Details":"DWORD (0x00000001)","ProcessId":"1064","EventType":"SetValue","TargetObject":"HKU\\S-1-5-21-3940915590-64593676-1414006259-500\\Software\\Microsoft\\Windows\\CurrentVersion\\Internet Settings\\ZoneMap\\ProxyBypass"}
{"TimeCreated":"2020-10-18 02:17:03.818","UtcTime":"2020-10-18 06:17:03.804","ProcessGuid":"{39e4a257-dddf-5f8b-4e1b-000000000400}","Image":"C:\\windows\\System32\\Wbem\\WMIC.exe","EventID":12,"Channel":"Microsoft-Windows-Sysmon/Operational","Task":"12","RuleName":"-","Message":"Registry object added or deleted:\r\nRuleName: -\r\nEventType: CreateKey\r\nUtcTime: 2020-10-18 06:17:03.804\r\nProcessGuid: {39e4a257-dddf-5f8b-4e1b-000000000400}\r\nProcessId: 1064\r\nImage: C:\\windows\\System32\\Wbem\\WMIC.exe\r\nTargetObject: HKU\\S-1-5-21-3940915590-64593676-1414006259-500\\Software\\Microsoft\\Windows\\CurrentVersion\\Internet Settings\\ZoneMap","Hostname":"WORKSTATION5","ProcessId":"1064","EventType":"CreateKey","TargetObject":"HKU\\S-1-5-21-3940915590-64593676-1414006259-500\\Software\\Microsoft\\Windows\\CurrentVersion\\Internet Settings\\ZoneMap"}
{"TimeCreated":"2020-10-18 02:17:03.818","SignatureStatus":"Valid","Signature":"Microsoft Windows","Product":"Microsoft Windows Operating System","Hashes":"SHA1=92A9A26403E51F2040B10308864F314A0E64126C,MD5=47F6BDF5EA61507053EE2698116E74CA,SHA256=BFF0846B3797A38D44B0FFAFDBFC4F822D56E519A0DA0090C443587F0FFF1971,IMPHASH=744529C7923557B9DDE8E6A14A60CC82","UtcTime":"2020-10-18 06:17:03.804","ProcessGuid":"{39e4a257-dddf-5f8b-4e1b-000000000400}","Image":"C:\\Windows\\System32\\wbem\\WMIC.exe","ImageLoaded":"C:\\Windows\\System32\\winhttp.dll","EventID":7,"Channel":"Microsoft-Windows-Sysmon/Operational","Task":"7","RuleName":"-","FileVersion":"10.0.18362.778 (WinBuild.160101.0800)","Message":"Image loaded:\r\nRuleName: -\r\nUtcTime: 2020-10-18 06:17:03.804\r\nProcessGuid: {39e4a257-dddf-5f8b-4e1b-000000000400}\r\nProcessId: 1064\r\nImage: C:\\Windows\\System32\\wbem\\WMIC.exe\r\nImageLoaded: C:\\Windows\\System32\\winhttp.dll\r\nFileVersion: 10.0.18362.778 (WinBuild.160101.0800)\r\nDescription: Windows HTTP Services\r\nProduct: Microsoft Windows Operating System\r\nCompany: Microsoft Corporation\r\nOriginalFileName: winhttp.dll\r\nHashes: SHA1=92A9A26403E51F2040B10308864F314A0E64126C,MD5=47F6BDF5EA61507053EE2698116E74CA,SHA256=BFF0846B3797A38D44B0FFAFDBFC4F822D56E519A0DA0090C443587F0FFF1971,IMPHASH=744529C7923557B9DDE8E6A14A60CC82\r\nSigned: true\r\nSignature: Microsoft Windows\r\nSignatureStatus: Valid","Hostname":"WORKSTATION5","ProcessId":"1064","Description":"Windows HTTP Services","Company":"Microsoft Corporation","Signed":"true","OriginalFileName":"winhttp.dll"}
{"TimeCreated":"2020-10-18 02:17:03.793","SignatureStatus":"Valid","Signature":"Microsoft Windows","Product":"Microsoft Windows Operating System","Hashes":"SHA1=CB0FED80A33581425BBEA334D9185F63C5EE315F,MD5=9D1E318E09783AFBBF2F51D6E9950662,SHA256=48C0E264A522173740EBD7627900BE7E6FEDAEE2264F67A00E78D4A6D76865D8,IMPHASH=83BEA6248DF8A10A1D9DF229B452B69F","UtcTime":"2020-10-18 06:17:03.788","ProcessGuid":"{39e4a257-dddf-5f8b-4e1b-000000000400}","Image":"C:\\Windows\\System32\\wbem\\WMIC.exe","ImageLoaded":"C:\\Windows\\System32\\OnDemandConnRouteHelper.dll","EventID":7,"Channel":"Microsoft-Windows-Sysmon/Operational","Task":"7","RuleName":"-","FileVersion":"10.0.18362.1 (WinBuild.160101.0800)","Message":"Image loaded:\r\nRuleName: -\r\nUtcTime: 2020-10-18 06:17:03.788\r\nProcessGuid: {39e4a257-dddf-5f8b-4e1b-000000000400}\r\nProcessId: 1064\r\nImage: C:\\Windows\\System32\\wbem\\WMIC.exe\r\nImageLoaded: C:\\Windows\\System32\\OnDemandConnRouteHelper.dll\r\nFileVersion: 10.0.18362.1 (WinBuild.160101.0800)\r\nDescription: On Demand Connctiond Route Helper\r\nProduct: Microsoft Windows Operating System\r\nCompany: Microsoft Corporation\r\nOriginalFileName: OnDemandConnRouteHelper.dll\r\nHashes: SHA1=CB0FED80A33581425BBEA334D9185F63C5EE315F,MD5=9D1E318E09783AFBBF2F51D6E9950662,SHA256=48C0E264A522173740EBD7627900BE7E6FEDAEE2264F67A00E78D4A6D76865D8,IMPHASH=83BEA6248DF8A10A1D9DF229B452B69F\r\nSigned: true\r\nSignature: Microsoft Windows\r\nSignatureStatus: Valid","Hostname":"WORKSTATION5","ProcessId":"1064","Description":"On Demand Connctiond Route Helper","Company":"Microsoft Corporation","Signed":"true","OriginalFileName":"OnDemandConnRouteHelper.dll"}
{"TimeCreated":"2020-10-18 02:17:03.788","SignatureStatus":"Valid","Signature":"Microsoft Windows","Product":"Internet Explorer","Hashes":"SHA1=694B3C3F0F9D5EF7709765E2454A759F24138090,MD5=6B39A43271B0A631EAEFDAFDD51D17E3,SHA256=A0F867460313263A0AC9D791F1A369B7E18919228A9F3A85CE82005F3E3202AC,IMPHASH=6ADB8F4093077F6949DD162DA29572BB","UtcTime":"2020-10-18 06:17:03.773","ProcessGuid":"{39e4a257-dddf-5f8b-4e1b-000000000400}","Image":"C:\\Windows\\System32\\wbem\\WMIC.exe","ImageLoaded":"C:\\Windows\\System32\\wininet.dll","EventID":7,"Channel":"Microsoft-Windows-Sysmon/Operational","Task":"7","RuleName":"-","FileVersion":"11.00.18362.1082 (WinBuild.160101.0800)","Message":"Image loaded:\r\nRuleName: -\r\nUtcTime: 2020-10-18 06:17:03.773\r\nProcessGuid: {39e4a257-dddf-5f8b-4e1b-000000000400}\r\nProcessId: 1064\r\nImage: C:\\Windows\\System32\\wbem\\WMIC.exe\r\nImageLoaded: C:\\Windows\\System32\\wininet.dll\r\nFileVersion: 11.00.18362.1082 (WinBuild.160101.0800)\r\nDescription: Internet Extensions for Win32\r\nProduct: Internet Explorer\r\nCompany: Microsoft Corporation\r\nOriginalFileName: wininet.dll\r\nHashes: SHA1=694B3C3F0F9D5EF7709765E2454A759F24138090,MD5=6B39A43271B0A631EAEFDAFDD51D17E3,SHA256=A0F867460313263A0AC9D791F1A369B7E18919228A9F3A85CE82005F3E3202AC,IMPHASH=6ADB8F4093077F6949DD162DA29572BB\r\nSigned: true\r\nSignature: Microsoft Windows\r\nSignatureStatus: Valid","Hostname":"WORKSTATION5","ProcessId":"1064","Description":"Internet Extensions for Win32","Company":"Microsoft Corporation","Signed":"true","OriginalFileName":"wininet.dll"}
{"TimeCreated":"2020-10-18 02:17:03.718","SignatureStatus":"Valid","Signature":"Microsoft Windows","Product":"Microsoft Windows Operating System","Hashes":"SHA1=EEDA156523114095EE358FFF4D90D931B46D09FE,MD5=40D36AA8CA9A34443BA4656420B0870F,SHA256=CC4E8C51AE1627FA630582EF9765EF9573F74A92659D7D210D067BFE5B3EF290,IMPHASH=453392F85B1346D44DCB016B09CA0D48","UtcTime":"2020-10-18 06:17:03.632","ProcessGuid":"{39e4a257-dddf-5f8b-4e1b-000000000400}","Image":"C:\\Windows\\System32\\wbem\\WMIC.exe","ImageLoaded":"C:\\Windows\\System32\\wbem\\xml\\wmi2xml.dll","EventID":7,"Channel":"Microsoft-Windows-Sysmon/Operational","Task":"7","RuleName":"-","FileVersion":"10.0.18362.1 (WinBuild.160101.0800)","Message":"Image loaded:\r\nRuleName: -\r\nUtcTime: 2020-10-18 06:17:03.632\r\nProcessGuid: {39e4a257-dddf-5f8b-4e1b-000000000400}\r\nProcessId: 1064\r\nImage: C:\\Windows\\System32\\wbem\\WMIC.exe\r\nImageLoaded: C:\\Windows\\System32\\wbem\\xml\\wmi2xml.dll\r\nFileVersion: 10.0.18362.1 (WinBuild.160101.0800)\r\nDescription: WMI XML Convertor\r\nProduct: Microsoft Windows Operating System\r\nCompany: Microsoft Corporation\r\nOriginalFileName: wmi2xml.DLL\r\nHashes: SHA1=EEDA156523114095EE358FFF4D90D931B46D09FE,MD5=40D36AA8CA9A34443BA4656420B0870F,SHA256=CC4E8C51AE1627FA630582EF9765EF9573F74A92659D7D210D067BFE5B3EF290,IMPHASH=453392F85B1346D44DCB016B09CA0D48\r\nSigned: true\r\nSignature: Microsoft Windows\r\nSignatureStatus: Valid","Hostname":"WORKSTATION5","ProcessId":"1064","Description":"WMI XML Convertor","Company":"Microsoft Corporation","Signed":"true","OriginalFileName":"wmi2xml.DLL"}
{"TimeCreated":"2020-10-18 02:17:03.708","SignatureStatus":"Valid","Signature":"Microsoft Windows","Product":"Microsoft Windows Operating System","Hashes":"SHA1=1D4CAA4103D48114427B8D1E69707ED12C30E634,MD5=E8C1E4DEC2498695CC0EE5FAC806D501,SHA256=253B83765C2FE82B75357AAEA08053FDF281201EF36F6A69406CFDEA84ADB9E0,IMPHASH=E57A72C1C30E2E99A58FD1D7A27738D7","UtcTime":"2020-10-18 06:17:03.617","ProcessGuid":"{39e4a257-dddf-5f8b-4f1b-000000000400}","Image":"C:\\Windows\\System32\\wbem\\WmiPrvSE.exe","ImageLoaded":"C:\\Windows\\System32\\wintrust.dll","EventID":7,"Channel":"Microsoft-Windows-Sysmon/Operational","Task":"7","RuleName":"-","FileVersion":"10.0.18362.1139 (WinBuild.160101.0800)","Message":"Image loaded:\r\nRuleName: -\r\nUtcTime: 2020-10-18 06:17:03.617\r\nProcessGuid: {39e4a257-dddf-5f8b-4f1b-000000000400}\r\nProcessId: 1512\r\nImage: C:\\Windows\\System32\\wbem\\WmiPrvSE.exe\r\nImageLoaded: C:\\Windows\\System32\\wintrust.dll\r\nFileVersion: 10.0.18362.1139 (WinBuild.160101.0800)\r\nDescription: Microsoft Trust Verification APIs\r\nProduct: Microsoft Windows Operating System\r\nCompany: Microsoft Corporation\r\nOriginalFileName: WINTRUST.DLL\r\nHashes: SHA1=1D4CAA4103D48114427B8D1E69707ED12C30E634,MD5=E8C1E4DEC2498695CC0EE5FAC806D501,SHA256=253B83765C2FE82B75357AAEA08053FDF281201EF36F6A69406CFDEA84ADB9E0,IMPHASH=E57A72C1C30E2E99A58FD1D7A27738D7\r\nSigned: true\r\nSignature: Microsoft Windows\r\nSignatureStatus: Valid","Hostname":"WORKSTATION5","ProcessId":"1512","Description":"Microsoft Trust Verification APIs","Company":"Microsoft Corporation","Signed":"true","OriginalFileName":"WINTRUST.DLL"}
{"TimeCreated":"2020-10-18 02:17:03.707","SignatureStatus":"Valid","Signature":"Microsoft Windows","Product":"Microsoft Windows Operating System","Hashes":"SHA1=1D4CAA4103D48114427B8D1E69707ED12C30E634,MD5=E8C1E4DEC2498695CC0EE5FAC806D501,SHA256=253B83765C2FE82B75357AAEA08053FDF281201EF36F6A69406CFDEA84ADB9E0,IMPHASH=E57A72C1C30E2E99A58FD1D7A27738D7","UtcTime":"2020-10-18 06:17:03.632","ProcessGuid":"{39e4a257-dddf-5f8b-4f1b-000000000400}","Image":"C:\\Windows\\System32\\wbem\\WmiPrvSE.exe","ImageLoaded":"C:\\Windows\\System32\\wintrust.dll","EventID":7,"Channel":"Microsoft-Windows-Sysmon/Operational","Task":"7","RuleName":"-","FileVersion":"10.0.18362.1139 (WinBuild.160101.0800)","Message":"Image loaded:\r\nRuleName: -\r\nUtcTime: 2020-10-18 06:17:03.632\r\nProcessGuid: {39e4a257-dddf-5f8b-4f1b-000000000400}\r\nProcessId: 1512\r\nImage: C:\\Windows\\System32\\wbem\\WmiPrvSE.exe\r\nImageLoaded: C:\\Windows\\System32\\wintrust.dll\r\nFileVersion: 10.0.18362.1139 (WinBuild.160101.0800)\r\nDescription: Microsoft Trust Verification APIs\r\nProduct: Microsoft Windows Operating System\r\nCompany: Microsoft Corporation\r\nOriginalFileName: WINTRUST.DLL\r\nHashes: SHA1=1D4CAA4103D48114427B8D1E69707ED12C30E634,MD5=E8C1E4DEC2498695CC0EE5FAC806D501,SHA256=253B83765C2FE82B75357AAEA08053FDF281201EF36F6A69406CFDEA84ADB9E0,IMPHASH=E57A72C1C30E2E99A58FD1D7A27738D7\r\nSigned: true\r\nSignature: Microsoft Windows\r\nSignatureStatus: Valid","Hostname":"WORKSTATION5","ProcessId":"1512","Description":"Microsoft Trust Verification APIs","Company":"Microsoft Corporation","Signed":"true","OriginalFileName":"WINTRUST.DLL"}
{"TimeCreated":"2020-10-18 02:17:03.700","SignatureStatus":"Valid","Signature":"Microsoft Windows","Product":"Microsoft Windows Operating System","Hashes":"SHA1=F1F2A398A07419B588494558430A141884AD66EF,MD5=23D95BFDCD23EC6AFFF7E4B0703CE464,SHA256=18DE438E2C068383700C5A87423B70B251302F0D5107F331BC7EDE5097504907,IMPHASH=F79599CA729D557E0381EC0A41471A27","UtcTime":"2020-10-18 06:17:03.617","ProcessGuid":"{39e4a257-dddf-5f8b-4f1b-000000000400}","Image":"C:\\Windows\\System32\\wbem\\WmiPrvSE.exe","ImageLoaded":"C:\\Windows\\System32\\msasn1.dll","EventID":7,"Channel":"Microsoft-Windows-Sysmon/Operational","Task":"7","RuleName":"-","FileVersion":"10.0.18362.1 (WinBuild.160101.0800)","Message":"Image loaded:\r\nRuleName: -\r\nUtcTime: 2020-10-18 06:17:03.617\r\nProcessGuid: {39e4a257-dddf-5f8b-4f1b-000000000400}\r\nProcessId: 1512\r\nImage: C:\\Windows\\System32\\wbem\\WmiPrvSE.exe\r\nImageLoaded: C:\\Windows\\System32\\msasn1.dll\r\nFileVersion: 10.0.18362.1 (WinBuild.160101.0800)\r\nDescription: ASN.1 Runtime APIs\r\nProduct: Microsoft Windows Operating System\r\nCompany: Microsoft Corporation\r\nOriginalFileName: msasn1.dll\r\nHashes: SHA1=F1F2A398A07419B588494558430A141884AD66EF,MD5=23D95BFDCD23EC6AFFF7E4B0703CE464,SHA256=18DE438E2C068383700C5A87423B70B251302F0D5107F331BC7EDE5097504907,IMPHASH=F79599CA729D557E0381EC0A41471A27\r\nSigned: true\r\nSignature: Microsoft Windows\r\nSignatureStatus: Valid","Hostname":"WORKSTATION5","ProcessId":"1512","Description":"ASN.1 Runtime APIs","Company":"Microsoft Corporation","Signed":"true","OriginalFileName":"msasn1.dll"}
{"TimeCreated":"2020-10-18 02:17:03.700","SignatureStatus":"Valid","Signature":"Microsoft Windows","Product":"Microsoft Windows Operating System","Hashes":"SHA1=F1F2A398A07419B588494558430A141884AD66EF,MD5=23D95BFDCD23EC6AFFF7E4B0703CE464,SHA256=18DE438E2C068383700C5A87423B70B251302F0D5107F331BC7EDE5097504907,IMPHASH=F79599CA729D557E0381EC0A41471A27","UtcTime":"2020-10-18 06:17:03.632","ProcessGuid":"{39e4a257-dddf-5f8b-4f1b-000000000400}","Image":"C:\\Windows\\System32\\wbem\\WmiPrvSE.exe","ImageLoaded":"C:\\Windows\\System32\\msasn1.dll","EventID":7,"Channel":"Microsoft-Windows-Sysmon/Operational","Task":"7","RuleName":"-","FileVersion":"10.0.18362.1 (WinBuild.160101.0800)","Message":"Image loaded:\r\nRuleName: -\r\nUtcTime: 2020-10-18 06:17:03.632\r\nProcessGuid: {39e4a257-dddf-5f8b-4f1b-000000000400}\r\nProcessId: 1512\r\nImage: C:\\Windows\\System32\\wbem\\WmiPrvSE.exe\r\nImageLoaded: C:\\Windows\\System32\\msasn1.dll\r\nFileVersion: 10.0.18362.1 (WinBuild.160101.0800)\r\nDescription: ASN.1 Runtime APIs\r\nProduct: Microsoft Windows Operating System\r\nCompany: Microsoft Corporation\r\nOriginalFileName: msasn1.dll\r\nHashes: SHA1=F1F2A398A07419B588494558430A141884AD66EF,MD5=23D95BFDCD23EC6AFFF7E4B0703CE464,SHA256=18DE438E2C068383700C5A87423B70B251302F0D5107F331BC7EDE5097504907,IMPHASH=F79599CA729D557E0381EC0A41471A27\r\nSigned: true\r\nSignature: Microsoft Windows\r\nSignatureStatus: Valid","Hostname":"WORKSTATION5","ProcessId":"1512","Description":"ASN.1 Runtime APIs","Company":"Microsoft Corporation","Signed":"true","OriginalFileName":"msasn1.dll"}
{"TimeCreated":"2020-10-18 02:17:03.694","SignatureStatus":"Valid","Signature":"Microsoft Windows","Product":"Microsoft Windows Operating System","Hashes":"SHA1=7A9DD389B0E3C124D4BFE5C1FF15F9A93285514F,MD5=1676DE3980DF1D78E14B172989916570,SHA256=E832E3A58B542E15A169B1545CE82451ACE19BD361FD81764383048528F9B540,IMPHASH=F523F043ACCD8EF1D89F5FD34B5CBBA6","UtcTime":"2020-10-18 06:17:03.617","ProcessGuid":"{39e4a257-dddf-5f8b-4f1b-000000000400}","Image":"C:\\Windows\\System32\\wbem\\WmiPrvSE.exe","ImageLoaded":"C:\\Windows\\System32\\crypt32.dll","EventID":7,"Channel":"Microsoft-Windows-Sysmon/Operational","Task":"7","RuleName":"-","FileVersion":"10.0.18362.592 (WinBuild.160101.0800)","Message":"Image loaded:\r\nRuleName: -\r\nUtcTime: 2020-10-18 06:17:03.617\r\nProcessGuid: {39e4a257-dddf-5f8b-4f1b-000000000400}\r\nProcessId: 1512\r\nImage: C:\\Windows\\System32\\wbem\\WmiPrvSE.exe\r\nImageLoaded: C:\\Windows\\System32\\crypt32.dll\r\nFileVersion: 10.0.18362.592 (WinBuild.160101.0800)\r\nDescription: Crypto API32\r\nProduct: Microsoft Windows Operating System\r\nCompany: Microsoft Corporation\r\nOriginalFileName: CRYPT32.DLL\r\nHashes: SHA1=7A9DD389B0E3C124D4BFE5C1FF15F9A93285514F,MD5=1676DE3980DF1D78E14B172989916570,SHA256=E832E3A58B542E15A169B1545CE82451ACE19BD361FD81764383048528F9B540,IMPHASH=F523F043ACCD8EF1D89F5FD34B5CBBA6\r\nSigned: true\r\nSignature: Microsoft Windows\r\nSignatureStatus: Valid","Hostname":"WORKSTATION5","ProcessId":"1512","Description":"Crypto API32","Company":"Microsoft Corporation","Signed":"true","OriginalFileName":"CRYPT32.DLL"}
{"TimeCreated":"2020-10-18 02:17:03.694","SignatureStatus":"Valid","Signature":"Microsoft Windows","Product":"Microsoft Windows Operating System","Hashes":"SHA1=7A9DD389B0E3C124D4BFE5C1FF15F9A93285514F,MD5=1676DE3980DF1D78E14B172989916570,SHA256=E832E3A58B542E15A169B1545CE82451ACE19BD361FD81764383048528F9B540,IMPHASH=F523F043ACCD8EF1D89F5FD34B5CBBA6","UtcTime":"2020-10-18 06:17:03.632","ProcessGuid":"{39e4a257-dddf-5f8b-4f1b-000000000400}","Image":"C:\\Windows\\System32\\wbem\\WmiPrvSE.exe","ImageLoaded":"C:\\Windows\\System32\\crypt32.dll","EventID":7,"Channel":"Microsoft-Windows-Sysmon/Operational","Task":"7","RuleName":"-","FileVersion":"10.0.18362.592 (WinBuild.160101.0800)","Message":"Image loaded:\r\nRuleName: -\r\nUtcTime: 2020-10-18 06:17:03.632\r\nProcessGuid: {39e4a257-dddf-5f8b-4f1b-000000000400}\r\nProcessId: 1512\r\nImage: C:\\Windows\\System32\\wbem\\WmiPrvSE.exe\r\nImageLoaded: C:\\Windows\\System32\\crypt32.dll\r\nFileVersion: 10.0.18362.592 (WinBuild.160101.0800)\r\nDescription: Crypto API32\r\nProduct: Microsoft Windows Operating System\r\nCompany: Microsoft Corporation\r\nOriginalFileName: CRYPT32.DLL\r\nHashes: SHA1=7A9DD389B0E3C124D4BFE5C1FF15F9A93285514F,MD5=1676DE3980DF1D78E14B172989916570,SHA256=E832E3A58B542E15A169B1545CE82451ACE19BD361FD81764383048528F9B540,IMPHASH=F523F043ACCD8EF1D89F5FD34B5CBBA6\r\nSigned: true\r\nSignature: Microsoft Windows\r\nSignatureStatus: Valid","Hostname":"WORKSTATION5","ProcessId":"1512","Description":"Crypto API32","Company":"Microsoft Corporation","Signed":"true","OriginalFileName":"CRYPT32.DLL"}
{"TimeCreated":"2020-10-18 02:17:03.679","SignatureStatus":"Valid","Signature":"Microsoft Windows","Product":"Microsoft Windows Operating System","Hashes":"SHA1=61EEE26CE7FB24474937385B23FF70CABB3FBECD,MD5=28D2A51C29BE3CF712562179EEA91355,SHA256=88A5C9D4C94B0BFCBF9AA74E208FF31BB375760E172F11E04B9989190C01C32A,IMPHASH=169EC277C8848700EB6754B7E1EDFFE6","UtcTime":"2020-10-18 06:17:03.617","ProcessGuid":"{39e4a257-dddf-5f8b-4f1b-000000000400}","Image":"C:\\Windows\\System32\\wbem\\WmiPrvSE.exe","ImageLoaded":"C:\\Windows\\System32\\wldp.dll","EventID":7,"Channel":"Microsoft-Windows-Sysmon/Operational","Task":"7","RuleName":"-","FileVersion":"10.0.18362.295 (WinBuild.160101.0800)","Message":"Image loaded:\r\nRuleName: -\r\nUtcTime: 2020-10-18 06:17:03.617\r\nProcessGuid: {39e4a257-dddf-5f8b-4f1b-000000000400}\r\nProcessId: 1512\r\nImage: C:\\Windows\\System32\\wbem\\WmiPrvSE.exe\r\nImageLoaded: C:\\Windows\\System32\\wldp.dll\r\nFileVersion: 10.0.18362.295 (WinBuild.160101.0800)\r\nDescription: Windows Lockdown Policy\r\nProduct: Microsoft Windows Operating System\r\nCompany: Microsoft Corporation\r\nOriginalFileName: wldp.dll\r\nHashes: SHA1=61EEE26CE7FB24474937385B23FF70CABB3FBECD,MD5=28D2A51C29BE3CF712562179EEA91355,SHA256=88A5C9D4C94B0BFCBF9AA74E208FF31BB375760E172F11E04B9989190C01C32A,IMPHASH=169EC277C8848700EB6754B7E1EDFFE6\r\nSigned: true\r\nSignature: Microsoft Windows\r\nSignatureStatus: Valid","Hostname":"WORKSTATION5","ProcessId":"1512","Description":"Windows Lockdown Policy","Company":"Microsoft Corporation","Signed":"true","OriginalFileName":"wldp.dll"}
{"TimeCreated":"2020-10-18 02:17:03.679","SignatureStatus":"Valid","Signature":"Microsoft Windows","Product":"Microsoft Windows Operating System","Hashes":"SHA1=61EEE26CE7FB24474937385B23FF70CABB3FBECD,MD5=28D2A51C29BE3CF712562179EEA91355,SHA256=88A5C9D4C94B0BFCBF9AA74E208FF31BB375760E172F11E04B9989190C01C32A,IMPHASH=169EC277C8848700EB6754B7E1EDFFE6","UtcTime":"2020-10-18 06:17:03.632","ProcessGuid":"{39e4a257-dddf-5f8b-4f1b-000000000400}","Image":"C:\\Windows\\System32\\wbem\\WmiPrvSE.exe","ImageLoaded":"C:\\Windows\\System32\\wldp.dll","EventID":7,"Channel":"Microsoft-Windows-Sysmon/Operational","Task":"7","RuleName":"-","FileVersion":"10.0.18362.295 (WinBuild.160101.0800)","Message":"Image loaded:\r\nRuleName: -\r\nUtcTime: 2020-10-18 06:17:03.632\r\nProcessGuid: {39e4a257-dddf-5f8b-4f1b-000000000400}\r\nProcessId: 1512\r\nImage: C:\\Windows\\System32\\wbem\\WmiPrvSE.exe\r\nImageLoaded: C:\\Windows\\System32\\wldp.dll\r\nFileVersion: 10.0.18362.295 (WinBuild.160101.0800)\r\nDescription: Windows Lockdown Policy\r\nProduct: Microsoft Windows Operating System\r\nCompany: Microsoft Corporation\r\nOriginalFileName: wldp.dll\r\nHashes: SHA1=61EEE26CE7FB24474937385B23FF70CABB3FBECD,MD5=28D2A51C29BE3CF712562179EEA91355,SHA256=88A5C9D4C94B0BFCBF9AA74E208FF31BB375760E172F11E04B9989190C01C32A,IMPHASH=169EC277C8848700EB6754B7E1EDFFE6\r\nSigned: true\r\nSignature: Microsoft Windows\r\nSignatureStatus: Valid","Hostname":"WORKSTATION5","ProcessId":"1512","Description":"Windows Lockdown Policy","Company":"Microsoft Corporation","Signed":"true","OriginalFileName":"wldp.dll"}
{"SourceImage":"C:\\windows\\system32\\wbem\\wmiprvse.exe","TimeCreated":"2020-10-18 02:17:03.675","GrantedAccess":"0x1410","SourceThreadId":"2560","CallTrace":"C:\\windows\\SYSTEM32\\ntdll.dll+9c584|C:\\windows\\System32\\KERNELBASE.dll+305fe|C:\\windows\\system32\\wbem\\cimwin32.dll+f46e|C:\\windows\\system32\\wbem\\cimwin32.dll+faf5|C:\\windows\\SYSTEM32\\framedynos.dll+55a2|C:\\windows\\SYSTEM32\\framedynos.dll+6d2d|C:\\windows\\system32\\wbem\\wmiprvse.exe+8ad1|C:\\windows\\system32\\wbem\\wmiprvse.exe+8753|C:\\windows\\System32\\RPCRT4.dll+76a63|C:\\windows\\System32\\RPCRT4.dll+13653|C:\\windows\\System32\\combase.dll+a5d42|C:\\windows\\System32\\RPCRT4.dll+59bab|C:\\windows\\System32\\combase.dll+8d0e3|C:\\windows\\System32\\combase.dll+8ced3|C:\\windows\\System32\\combase.dll+a9556|C:\\windows\\System32\\combase.dll+8a4fa|C:\\windows\\System32\\combase.dll+a47ed|C:\\windows\\System32\\combase.dll+401ac|C:\\windows\\System32\\combase.dll+40a11|C:\\windows\\System32\\combase.dll+421b8|C:\\windows\\System32\\RPCRT4.dll+549f8|C:\\windows\\System32\\RPCRT4.dll+2c9b1|C:\\windows\\System32\\RPCRT4.dll+2c500|C:\\windows\\System32\\RPCRT4.dll+1a71f","UtcTime":"2020-10-18 06:17:03.664","TargetProcessGUID":"{39e4a257-dddf-5f8b-4e1b-000000000400}","SourceProcessId":"1512","EventID":10,"Channel":"Microsoft-Windows-Sysmon/Operational","Task":"10","RuleName":"-","Message":"Process accessed:\r\nRuleName: -\r\nUtcTime: 2020-10-18 06:17:03.664\r\nSourceProcessGUID: {39e4a257-dddf-5f8b-4f1b-000000000400}\r\nSourceProcessId: 1512\r\nSourceThreadId: 2560\r\nSourceImage: C:\\windows\\system32\\wbem\\wmiprvse.exe\r\nTargetProcessGUID: {39e4a257-dddf-5f8b-4e1b-000000000400}\r\nTargetProcessId: 1064\r\nTargetImage: C:\\windows\\System32\\Wbem\\WMIC.exe\r\nGrantedAccess: 0x1410\r\nCallTrace: C:\\windows\\SYSTEM32\\ntdll.dll+9c584|C:\\windows\\System32\\KERNELBASE.dll+305fe|C:\\windows\\system32\\wbem\\cimwin32.dll+f46e|C:\\windows\\system32\\wbem\\cimwin32.dll+faf5|C:\\windows\\SYSTEM32\\framedynos.dll+55a2|C:\\windows\\SYSTEM32\\framedynos.dll+6d2d|C:\\windows\\system32\\wbem\\wmiprvse.exe+8ad1|C:\\windows\\system32\\wbem\\wmiprvse.exe+8753|C:\\windows\\System32\\RPCRT4.dll+76a63|C:\\windows\\System32\\RPCRT4.dll+13653|C:\\windows\\System32\\combase.dll+a5d42|C:\\windows\\System32\\RPCRT4.dll+59bab|C:\\windows\\System32\\combase.dll+8d0e3|C:\\windows\\System32\\combase.dll+8ced3|C:\\windows\\System32\\combase.dll+a9556|C:\\windows\\System32\\combase.dll+8a4fa|C:\\windows\\System32\\combase.dll+a47ed|C:\\windows\\System32\\combase.dll+401ac|C:\\windows\\System32\\combase.dll+40a11|C:\\windows\\System32\\combase.dll+421b8|C:\\windows\\System32\\RPCRT4.dll+549f8|C:\\windows\\System32\\RPCRT4.dll+2c9b1|C:\\windows\\System32\\RPCRT4.dll+2c500|C:\\windows\\System32\\RPCRT4.dll+1a71f","Hostname":"WORKSTATION5","TargetProcessId":"1064","TargetImage":"C:\\windows\\System32\\Wbem\\WMIC.exe","SourceProcessGUID":"{39e4a257-dddf-5f8b-4f1b-000000000400}"}
{"SourceImage":"C:\\windows\\system32\\wbem\\wmiprvse.exe","TimeCreated":"2020-10-18 02:17:03.674","GrantedAccess":"0x1410","SourceThreadId":"2560","CallTrace":"C:\\windows\\SYSTEM32\\ntdll.dll+9c584|C:\\windows\\System32\\KERNELBASE.dll+305fe|C:\\windows\\system32\\wbem\\cimwin32.dll+f46e|C:\\windows\\system32\\wbem\\cimwin32.dll+faf5|C:\\windows\\SYSTEM32\\framedynos.dll+55a2|C:\\windows\\SYSTEM32\\framedynos.dll+6d2d|C:\\windows\\system32\\wbem\\wmiprvse.exe+8ad1|C:\\windows\\system32\\wbem\\wmiprvse.exe+8753|C:\\windows\\System32\\RPCRT4.dll+76a63|C:\\windows\\System32\\RPCRT4.dll+13653|C:\\windows\\System32\\combase.dll+a5d42|C:\\windows\\System32\\RPCRT4.dll+59bab|C:\\windows\\System32\\combase.dll+8d0e3|C:\\windows\\System32\\combase.dll+8ced3|C:\\windows\\System32\\combase.dll+a9556|C:\\windows\\System32\\combase.dll+8a4fa|C:\\windows\\System32\\combase.dll+a47ed|C:\\windows\\System32\\combase.dll+401ac|C:\\windows\\System32\\combase.dll+40a11|C:\\windows\\System32\\combase.dll+421b8|C:\\windows\\System32\\RPCRT4.dll+549f8|C:\\windows\\System32\\RPCRT4.dll+2c9b1|C:\\windows\\System32\\RPCRT4.dll+2c500|C:\\windows\\System32\\RPCRT4.dll+1a71f","UtcTime":"2020-10-18 06:17:03.664","TargetProcessGUID":"{39e4a257-dd98-5f8b-4b1b-000000000400}","SourceProcessId":"1512","EventID":10,"Channel":"Microsoft-Windows-Sysmon/Operational","Task":"10","RuleName":"-","Message":"Process accessed:\r\nRuleName: -\r\nUtcTime: 2020-10-18 06:17:03.664\r\nSourceProcessGUID: {39e4a257-dddf-5f8b-4f1b-000000000400}\r\nSourceProcessId: 1512\r\nSourceThreadId: 2560\r\nSourceImage: C:\\windows\\system32\\wbem\\wmiprvse.exe\r\nTargetProcessGUID: {39e4a257-dd98-5f8b-4b1b-000000000400}\r\nTargetProcessId: 4420\r\nTargetImage: C:\\Windows\\System32\\RuntimeBroker.exe\r\nGrantedAccess: 0x1410\r\nCallTrace: C:\\windows\\SYSTEM32\\ntdll.dll+9c584|C:\\windows\\System32\\KERNELBASE.dll+305fe|C:\\windows\\system32\\wbem\\cimwin32.dll+f46e|C:\\windows\\system32\\wbem\\cimwin32.dll+faf5|C:\\windows\\SYSTEM32\\framedynos.dll+55a2|C:\\windows\\SYSTEM32\\framedynos.dll+6d2d|C:\\windows\\system32\\wbem\\wmiprvse.exe+8ad1|C:\\windows\\system32\\wbem\\wmiprvse.exe+8753|C:\\windows\\System32\\RPCRT4.dll+76a63|C:\\windows\\System32\\RPCRT4.dll+13653|C:\\windows\\System32\\combase.dll+a5d42|C:\\windows\\System32\\RPCRT4.dll+59bab|C:\\windows\\System32\\combase.dll+8d0e3|C:\\windows\\System32\\combase.dll+8ced3|C:\\windows\\System32\\combase.dll+a9556|C:\\windows\\System32\\combase.dll+8a4fa|C:\\windows\\System32\\combase.dll+a47ed|C:\\windows\\System32\\combase.dll+401ac|C:\\windows\\System32\\combase.dll+40a11|C:\\windows\\System32\\combase.dll+421b8|C:\\windows\\System32\\RPCRT4.dll+549f8|C:\\windows\\System32\\RPCRT4.dll+2c9b1|C:\\windows\\System32\\RPCRT4.dll+2c500|C:\\windows\\System32\\RPCRT4.dll+1a71f","Hostname":"WORKSTATION5","TargetProcessId":"4420","TargetImage":"C:\\Windows\\System32\\RuntimeBroker.exe","SourceProcessGUID":"{39e4a257-dddf-5f8b-4f1b-000000000400}"}
{"SourceImage":"C:\\windows\\system32\\wbem\\wmiprvse.exe","TimeCreated":"2020-10-18 02:17:03.673","GrantedAccess":"0x1410","SourceThreadId":"2560","CallTrace":"C:\\windows\\SYSTEM32\\ntdll.dll+9c584|C:\\windows\\System32\\KERNELBASE.dll+305fe|C:\\windows\\system32\\wbem\\cimwin32.dll+f46e|C:\\windows\\system32\\wbem\\cimwin32.dll+faf5|C:\\windows\\SYSTEM32\\framedynos.dll+55a2|C:\\windows\\SYSTEM32\\framedynos.dll+6d2d|C:\\windows\\system32\\wbem\\wmiprvse.exe+8ad1|C:\\windows\\system32\\wbem\\wmiprvse.exe+8753|C:\\windows\\System32\\RPCRT4.dll+76a63|C:\\windows\\System32\\RPCRT4.dll+13653|C:\\windows\\System32\\combase.dll+a5d42|C:\\windows\\System32\\RPCRT4.dll+59bab|C:\\windows\\System32\\combase.dll+8d0e3|C:\\windows\\System32\\combase.dll+8ced3|C:\\windows\\System32\\combase.dll+a9556|C:\\windows\\System32\\combase.dll+8a4fa|C:\\windows\\System32\\combase.dll+a47ed|C:\\windows\\System32\\combase.dll+401ac|C:\\windows\\System32\\combase.dll+40a11|C:\\windows\\System32\\combase.dll+421b8|C:\\windows\\System32\\RPCRT4.dll+549f8|C:\\windows\\System32\\RPCRT4.dll+2c9b1|C:\\windows\\System32\\RPCRT4.dll+2c500|C:\\windows\\System32\\RPCRT4.dll+1a71f","UtcTime":"2020-10-18 06:17:03.664","TargetProcessGUID":"{39e4a257-dd37-5f8b-481b-000000000400}","SourceProcessId":"1512","EventID":10,"Channel":"Microsoft-Windows-Sysmon/Operational","Task":"10","RuleName":"-","Message":"Process accessed:\r\nRuleName: -\r\nUtcTime: 2020-10-18 06:17:03.664\r\nSourceProcessGUID: {39e4a257-dddf-5f8b-4f1b-000000000400}\r\nSourceProcessId: 1512\r\nSourceThreadId: 2560\r\nSourceImage: C:\\windows\\system32\\wbem\\wmiprvse.exe\r\nTargetProcessGUID: {39e4a257-dd37-5f8b-481b-000000000400}\r\nTargetProcessId: 7848\r\nTargetImage: C:\\windows\\system32\\SearchProtocolHost.exe\r\nGrantedAccess: 0x1410\r\nCallTrace: C:\\windows\\SYSTEM32\\ntdll.dll+9c584|C:\\windows\\System32\\KERNELBASE.dll+305fe|C:\\windows\\system32\\wbem\\cimwin32.dll+f46e|C:\\windows\\system32\\wbem\\cimwin32.dll+faf5|C:\\windows\\SYSTEM32\\framedynos.dll+55a2|C:\\windows\\SYSTEM32\\framedynos.dll+6d2d|C:\\windows\\system32\\wbem\\wmiprvse.exe+8ad1|C:\\windows\\system32\\wbem\\wmiprvse.exe+8753|C:\\windows\\System32\\RPCRT4.dll+76a63|C:\\windows\\System32\\RPCRT4.dll+13653|C:\\windows\\System32\\combase.dll+a5d42|C:\\windows\\System32\\RPCRT4.dll+59bab|C:\\windows\\System32\\combase.dll+8d0e3|C:\\windows\\System32\\combase.dll+8ced3|C:\\windows\\System32\\combase.dll+a9556|C:\\windows\\System32\\combase.dll+8a4fa|C:\\windows\\System32\\combase.dll+a47ed|C:\\windows\\System32\\combase.dll+401ac|C:\\windows\\System32\\combase.dll+40a11|C:\\windows\\System32\\combase.dll+421b8|C:\\windows\\System32\\RPCRT4.dll+549f8|C:\\windows\\System32\\RPCRT4.dll+2c9b1|C:\\windows\\System32\\RPCRT4.dll+2c500|C:\\windows\\System32\\RPCRT4.dll+1a71f","Hostname":"WORKSTATION5","TargetProcessId":"7848","TargetImage":"C:\\windows\\system32\\SearchProtocolHost.exe","SourceProcessGUID":"{39e4a257-dddf-5f8b-4f1b-000000000400}"}
{"SourceImage":"C:\\windows\\system32\\wbem\\wmiprvse.exe","TimeCreated":"2020-10-18 02:17:03.673","GrantedAccess":"0x1410","SourceThreadId":"2560","CallTrace":"C:\\windows\\SYSTEM32\\ntdll.dll+9c584|C:\\windows\\System32\\KERNELBASE.dll+305fe|C:\\windows\\system32\\wbem\\cimwin32.dll+f46e|C:\\windows\\system32\\wbem\\cimwin32.dll+faf5|C:\\windows\\SYSTEM32\\framedynos.dll+55a2|C:\\windows\\SYSTEM32\\framedynos.dll+6d2d|C:\\windows\\system32\\wbem\\wmiprvse.exe+8ad1|C:\\windows\\system32\\wbem\\wmiprvse.exe+8753|C:\\windows\\System32\\RPCRT4.dll+76a63|C:\\windows\\System32\\RPCRT4.dll+13653|C:\\windows\\System32\\combase.dll+a5d42|C:\\windows\\System32\\RPCRT4.dll+59bab|C:\\windows\\System32\\combase.dll+8d0e3|C:\\windows\\System32\\combase.dll+8ced3|C:\\windows\\System32\\combase.dll+a9556|C:\\windows\\System32\\combase.dll+8a4fa|C:\\windows\\System32\\combase.dll+a47ed|C:\\windows\\System32\\combase.dll+401ac|C:\\windows\\System32\\combase.dll+40a11|C:\\windows\\System32\\combase.dll+421b8|C:\\windows\\System32\\RPCRT4.dll+549f8|C:\\windows\\System32\\RPCRT4.dll+2c9b1|C:\\windows\\System32\\RPCRT4.dll+2c500|C:\\windows\\System32\\RPCRT4.dll+1a71f","UtcTime":"2020-10-18 06:17:03.664","TargetProcessGUID":"{39e4a257-dc85-5f8b-411b-000000000400}","SourceProcessId":"1512","EventID":10,"Channel":"Microsoft-Windows-Sysmon/Operational","Task":"10","RuleName":"-","Message":"Process accessed:\r\nRuleName: -\r\nUtcTime: 2020-10-18 06:17:03.664\r\nSourceProcessGUID: {39e4a257-dddf-5f8b-4f1b-000000000400}\r\nSourceProcessId: 1512\r\nSourceThreadId: 2560\r\nSourceImage: C:\\windows\\system32\\wbem\\wmiprvse.exe\r\nTargetProcessGUID: {39e4a257-dc85-5f8b-411b-000000000400}\r\nTargetProcessId: 5896\r\nTargetImage: C:\\windows\\system32\\svchost.exe\r\nGrantedAccess: 0x1410\r\nCallTrace: C:\\windows\\SYSTEM32\\ntdll.dll+9c584|C:\\windows\\System32\\KERNELBASE.dll+305fe|C:\\windows\\system32\\wbem\\cimwin32.dll+f46e|C:\\windows\\system32\\wbem\\cimwin32.dll+faf5|C:\\windows\\SYSTEM32\\framedynos.dll+55a2|C:\\windows\\SYSTEM32\\framedynos.dll+6d2d|C:\\windows\\system32\\wbem\\wmiprvse.exe+8ad1|C:\\windows\\system32\\wbem\\wmiprvse.exe+8753|C:\\windows\\System32\\RPCRT4.dll+76a63|C:\\windows\\System32\\RPCRT4.dll+13653|C:\\windows\\System32\\combase.dll+a5d42|C:\\windows\\System32\\RPCRT4.dll+59bab|C:\\windows\\System32\\combase.dll+8d0e3|C:\\windows\\System32\\combase.dll+8ced3|C:\\windows\\System32\\combase.dll+a9556|C:\\windows\\System32\\combase.dll+8a4fa|C:\\windows\\System32\\combase.dll+a47ed|C:\\windows\\System32\\combase.dll+401ac|C:\\windows\\System32\\combase.dll+40a11|C:\\windows\\System32\\combase.dll+421b8|C:\\windows\\System32\\RPCRT4.dll+549f8|C:\\windows\\System32\\RPCRT4.dll+2c9b1|C:\\windows\\System32\\RPCRT4.dll+2c500|C:\\windows\\System32\\RPCRT4.dll+1a71f","Hostname":"WORKSTATION5","TargetProcessId":"5896","TargetImage":"C:\\windows\\system32\\svchost.exe","SourceProcessGUID":"{39e4a257-dddf-5f8b-4f1b-000000000400}"}
{"SourceImage":"C:\\windows\\system32\\wbem\\wmiprvse.exe","TimeCreated":"2020-10-18 02:17:03.673","GrantedAccess":"0x1410","SourceThreadId":"2560","CallTrace":"C:\\windows\\SYSTEM32\\ntdll.dll+9c584|C:\\windows\\System32\\KERNELBASE.dll+305fe|C:\\windows\\system32\\wbem\\cimwin32.dll+f46e|C:\\windows\\system32\\wbem\\cimwin32.dll+faf5|C:\\windows\\SYSTEM32\\framedynos.dll+55a2|C:\\windows\\SYSTEM32\\framedynos.dll+6d2d|C:\\windows\\system32\\wbem\\wmiprvse.exe+8ad1|C:\\windows\\system32\\wbem\\wmiprvse.exe+8753|C:\\windows\\System32\\RPCRT4.dll+76a63|C:\\windows\\System32\\RPCRT4.dll+13653|C:\\windows\\System32\\combase.dll+a5d42|C:\\windows\\System32\\RPCRT4.dll+59bab|C:\\windows\\System32\\combase.dll+8d0e3|C:\\windows\\System32\\combase.dll+8ced3|C:\\windows\\System32\\combase.dll+a9556|C:\\windows\\System32\\combase.dll+8a4fa|C:\\windows\\System32\\combase.dll+a47ed|C:\\windows\\System32\\combase.dll+401ac|C:\\windows\\System32\\combase.dll+40a11|C:\\windows\\System32\\combase.dll+421b8|C:\\windows\\System32\\RPCRT4.dll+549f8|C:\\windows\\System32\\RPCRT4.dll+2c9b1|C:\\windows\\System32\\RPCRT4.dll+2c500|C:\\windows\\System32\\RPCRT4.dll+1a71f","UtcTime":"2020-10-18 06:17:03.664","TargetProcessGUID":"{39e4a257-da6e-5f8b-331b-000000000400}","SourceProcessId":"1512","EventID":10,"Channel":"Microsoft-Windows-Sysmon/Operational","Task":"10","RuleName":"-","Message":"Process accessed:\r\nRuleName: -\r\nUtcTime: 2020-10-18 06:17:03.664\r\nSourceProcessGUID: {39e4a257-dddf-5f8b-4f1b-000000000400}\r\nSourceProcessId: 1512\r\nSourceThreadId: 2560\r\nSourceImage: C:\\windows\\system32\\wbem\\wmiprvse.exe\r\nTargetProcessGUID: {39e4a257-da6e-5f8b-331b-000000000400}\r\nTargetProcessId: 1376\r\nTargetImage: C:\\windows\\system32\\conhost.exe\r\nGrantedAccess: 0x1410\r\nCallTrace: C:\\windows\\SYSTEM32\\ntdll.dll+9c584|C:\\windows\\System32\\KERNELBASE.dll+305fe|C:\\windows\\system32\\wbem\\cimwin32.dll+f46e|C:\\windows\\system32\\wbem\\cimwin32.dll+faf5|C:\\windows\\SYSTEM32\\framedynos.dll+55a2|C:\\windows\\SYSTEM32\\framedynos.dll+6d2d|C:\\windows\\system32\\wbem\\wmiprvse.exe+8ad1|C:\\windows\\system32\\wbem\\wmiprvse.exe+8753|C:\\windows\\System32\\RPCRT4.dll+76a63|C:\\windows\\System32\\RPCRT4.dll+13653|C:\\windows\\System32\\combase.dll+a5d42|C:\\windows\\System32\\RPCRT4.dll+59bab|C:\\windows\\System32\\combase.dll+8d0e3|C:\\windows\\System32\\combase.dll+8ced3|C:\\windows\\System32\\combase.dll+a9556|C:\\windows\\System32\\combase.dll+8a4fa|C:\\windows\\System32\\combase.dll+a47ed|C:\\windows\\System32\\combase.dll+401ac|C:\\windows\\System32\\combase.dll+40a11|C:\\windows\\System32\\combase.dll+421b8|C:\\windows\\System32\\RPCRT4.dll+549f8|C:\\windows\\System32\\RPCRT4.dll+2c9b1|C:\\windows\\System32\\RPCRT4.dll+2c500|C:\\windows\\System32\\RPCRT4.dll+1a71f","Hostname":"WORKSTATION5","TargetProcessId":"1376","TargetImage":"C:\\windows\\system32\\conhost.exe","SourceProcessGUID":"{39e4a257-dddf-5f8b-4f1b-000000000400}"}
{"SourceImage":"C:\\windows\\system32\\wbem\\wmiprvse.exe","TimeCreated":"2020-10-18 02:17:03.672","GrantedAccess":"0x1410","SourceThreadId":"2560","CallTrace":"C:\\windows\\SYSTEM32\\ntdll.dll+9c584|C:\\windows\\System32\\KERNELBASE.dll+305fe|C:\\windows\\system32\\wbem\\cimwin32.dll+f46e|C:\\windows\\system32\\wbem\\cimwin32.dll+faf5|C:\\windows\\SYSTEM32\\framedynos.dll+55a2|C:\\windows\\SYSTEM32\\framedynos.dll+6d2d|C:\\windows\\system32\\wbem\\wmiprvse.exe+8ad1|C:\\windows\\system32\\wbem\\wmiprvse.exe+8753|C:\\windows\\System32\\RPCRT4.dll+76a63|C:\\windows\\System32\\RPCRT4.dll+13653|C:\\windows\\System32\\combase.dll+a5d42|C:\\windows\\System32\\RPCRT4.dll+59bab|C:\\windows\\System32\\combase.dll+8d0e3|C:\\windows\\System32\\combase.dll+8ced3|C:\\windows\\System32\\combase.dll+a9556|C:\\windows\\System32\\combase.dll+8a4fa|C:\\windows\\System32\\combase.dll+a47ed|C:\\windows\\System32\\combase.dll+401ac|C:\\windows\\System32\\combase.dll+40a11|C:\\windows\\System32\\combase.dll+421b8|C:\\windows\\System32\\RPCRT4.dll+549f8|C:\\windows\\System32\\RPCRT4.dll+2c9b1|C:\\windows\\System32\\RPCRT4.dll+2c500|C:\\windows\\System32\\RPCRT4.dll+1a71f","UtcTime":"2020-10-18 06:17:03.664","TargetProcessGUID":"{39e4a257-da6e-5f8b-321b-000000000400}","SourceProcessId":"1512","EventID":10,"Channel":"Microsoft-Windows-Sysmon/Operational","Task":"10","RuleName":"-","Message":"Process accessed:\r\nRuleName: -\r\nUtcTime: 2020-10-18 06:17:03.664\r\nSourceProcessGUID: {39e4a257-dddf-5f8b-4f1b-000000000400}\r\nSourceProcessId: 1512\r\nSourceThreadId: 2560\r\nSourceImage: C:\\windows\\system32\\wbem\\wmiprvse.exe\r\nTargetProcessGUID: {39e4a257-da6e-5f8b-321b-000000000400}\r\nTargetProcessId: 5720\r\nTargetImage: C:\\windows\\system32\\cmd.exe\r\nGrantedAccess: 0x1410\r\nCallTrace: C:\\windows\\SYSTEM32\\ntdll.dll+9c584|C:\\windows\\System32\\KERNELBASE.dll+305fe|C:\\windows\\system32\\wbem\\cimwin32.dll+f46e|C:\\windows\\system32\\wbem\\cimwin32.dll+faf5|C:\\windows\\SYSTEM32\\framedynos.dll+55a2|C:\\windows\\SYSTEM32\\framedynos.dll+6d2d|C:\\windows\\system32\\wbem\\wmiprvse.exe+8ad1|C:\\windows\\system32\\wbem\\wmiprvse.exe+8753|C:\\windows\\System32\\RPCRT4.dll+76a63|C:\\windows\\System32\\RPCRT4.dll+13653|C:\\windows\\System32\\combase.dll+a5d42|C:\\windows\\System32\\RPCRT4.dll+59bab|C:\\windows\\System32\\combase.dll+8d0e3|C:\\windows\\System32\\combase.dll+8ced3|C:\\windows\\System32\\combase.dll+a9556|C:\\windows\\System32\\combase.dll+8a4fa|C:\\windows\\System32\\combase.dll+a47ed|C:\\windows\\System32\\combase.dll+401ac|C:\\windows\\System32\\combase.dll+40a11|C:\\windows\\System32\\combase.dll+421b8|C:\\windows\\System32\\RPCRT4.dll+549f8|C:\\windows\\System32\\RPCRT4.dll+2c9b1|C:\\windows\\System32\\RPCRT4.dll+2c500|C:\\windows\\System32\\RPCRT4.dll+1a71f","Hostname":"WORKSTATION5","TargetProcessId":"5720","TargetImage":"C:\\windows\\system32\\cmd.exe","SourceProcessGUID":"{39e4a257-dddf-5f8b-4f1b-000000000400}"}
{"SourceImage":"C:\\windows\\system32\\wbem\\wmiprvse.exe","TimeCreated":"2020-10-18 02:17:03.672","GrantedAccess":"0x1410","SourceThreadId":"2560","CallTrace":"C:\\windows\\SYSTEM32\\ntdll.dll+9c584|C:\\windows\\System32\\KERNELBASE.dll+305fe|C:\\windows\\system32\\wbem\\cimwin32.dll+f46e|C:\\windows\\system32\\wbem\\cimwin32.dll+faf5|C:\\windows\\SYSTEM32\\framedynos.dll+55a2|C:\\windows\\SYSTEM32\\framedynos.dll+6d2d|C:\\windows\\system32\\wbem\\wmiprvse.exe+8ad1|C:\\windows\\system32\\wbem\\wmiprvse.exe+8753|C:\\windows\\System32\\RPCRT4.dll+76a63|C:\\windows\\System32\\RPCRT4.dll+13653|C:\\windows\\System32\\combase.dll+a5d42|C:\\windows\\System32\\RPCRT4.dll+59bab|C:\\windows\\System32\\combase.dll+8d0e3|C:\\windows\\System32\\combase.dll+8ced3|C:\\windows\\System32\\combase.dll+a9556|C:\\windows\\System32\\combase.dll+8a4fa|C:\\windows\\System32\\combase.dll+a47ed|C:\\windows\\System32\\combase.dll+401ac|C:\\windows\\System32\\combase.dll+40a11|C:\\windows\\System32\\combase.dll+421b8|C:\\windows\\System32\\RPCRT4.dll+549f8|C:\\windows\\System32\\RPCRT4.dll+2c9b1|C:\\windows\\System32\\RPCRT4.dll+2c500|C:\\windows\\System32\\RPCRT4.dll+1a71f","UtcTime":"2020-10-18 06:17:03.664","TargetProcessGUID":"{39e4a257-ba04-5f8b-1f1a-000000000400}","SourceProcessId":"1512","EventID":10,"Channel":"Microsoft-Windows-Sysmon/Operational","Task":"10","RuleName":"-","Message":"Process accessed:\r\nRuleName: -\r\nUtcTime: 2020-10-18 06:17:03.664\r\nSourceProcessGUID: {39e4a257-dddf-5f8b-4f1b-000000000400}\r\nSourceProcessId: 1512\r\nSourceThreadId: 2560\r\nSourceImage: C:\\windows\\system32\\wbem\\wmiprvse.exe\r\nTargetProcessGUID: {39e4a257-ba04-5f8b-1f1a-000000000400}\r\nTargetProcessId: 3296\r\nTargetImage: C:\\windows\\system32\\svchost.exe\r\nGrantedAccess: 0x1410\r\nCallTrace: C:\\windows\\SYSTEM32\\ntdll.dll+9c584|C:\\windows\\System32\\KERNELBASE.dll+305fe|C:\\windows\\system32\\wbem\\cimwin32.dll+f46e|C:\\windows\\system32\\wbem\\cimwin32.dll+faf5|C:\\windows\\SYSTEM32\\framedynos.dll+55a2|C:\\windows\\SYSTEM32\\framedynos.dll+6d2d|C:\\windows\\system32\\wbem\\wmiprvse.exe+8ad1|C:\\windows\\system32\\wbem\\wmiprvse.exe+8753|C:\\windows\\System32\\RPCRT4.dll+76a63|C:\\windows\\System32\\RPCRT4.dll+13653|C:\\windows\\System32\\combase.dll+a5d42|C:\\windows\\System32\\RPCRT4.dll+59bab|C:\\windows\\System32\\combase.dll+8d0e3|C:\\windows\\System32\\combase.dll+8ced3|C:\\windows\\System32\\combase.dll+a9556|C:\\windows\\System32\\combase.dll+8a4fa|C:\\windows\\System32\\combase.dll+a47ed|C:\\windows\\System32\\combase.dll+401ac|C:\\windows\\System32\\combase.dll+40a11|C:\\windows\\System32\\combase.dll+421b8|C:\\windows\\System32\\RPCRT4.dll+549f8|C:\\windows\\System32\\RPCRT4.dll+2c9b1|C:\\windows\\System32\\RPCRT4.dll+2c500|C:\\windows\\System32\\RPCRT4.dll+1a71f","Hostname":"WORKSTATION5","TargetProcessId":"3296","TargetImage":"C:\\windows\\system32\\svchost.exe","SourceProcessGUID":"{39e4a257-dddf-5f8b-4f1b-000000000400}"}
{"SourceImage":"C:\\windows\\system32\\wbem\\wmiprvse.exe","TimeCreated":"2020-10-18 02:17:03.672","GrantedAccess":"0x1410","SourceThreadId":"2560","CallTrace":"C:\\windows\\SYSTEM32\\ntdll.dll+9c584|C:\\windows\\System32\\KERNELBASE.dll+305fe|C:\\windows\\system32\\wbem\\cimwin32.dll+f46e|C:\\windows\\system32\\wbem\\cimwin32.dll+faf5|C:\\windows\\SYSTEM32\\framedynos.dll+55a2|C:\\windows\\SYSTEM32\\framedynos.dll+6d2d|C:\\windows\\system32\\wbem\\wmiprvse.exe+8ad1|C:\\windows\\system32\\wbem\\wmiprvse.exe+8753|C:\\windows\\System32\\RPCRT4.dll+76a63|C:\\windows\\System32\\RPCRT4.dll+13653|C:\\windows\\System32\\combase.dll+a5d42|C:\\windows\\System32\\RPCRT4.dll+59bab|C:\\windows\\System32\\combase.dll+8d0e3|C:\\windows\\System32\\combase.dll+8ced3|C:\\windows\\System32\\combase.dll+a9556|C:\\windows\\System32\\combase.dll+8a4fa|C:\\windows\\System32\\combase.dll+a47ed|C:\\windows\\System32\\combase.dll+401ac|C:\\windows\\System32\\combase.dll+40a11|C:\\windows\\System32\\combase.dll+421b8|C:\\windows\\System32\\RPCRT4.dll+549f8|C:\\windows\\System32\\RPCRT4.dll+2c9b1|C:\\windows\\System32\\RPCRT4.dll+2c500|C:\\windows\\System32\\RPCRT4.dll+1a71f","UtcTime":"2020-10-18 06:17:03.664","TargetProcessGUID":"{39e4a257-9886-5f8b-8919-000000000400}","SourceProcessId":"1512","EventID":10,"Channel":"Microsoft-Windows-Sysmon/Operational","Task":"10","RuleName":"-","Message":"Process accessed:\r\nRuleName: -\r\nUtcTime: 2020-10-18 06:17:03.664\r\nSourceProcessGUID: {39e4a257-dddf-5f8b-4f1b-000000000400}\r\nSourceProcessId: 1512\r\nSourceThreadId: 2560\r\nSourceImage: C:\\windows\\system32\\wbem\\wmiprvse.exe\r\nTargetProcessGUID: {39e4a257-9886-5f8b-8919-000000000400}\r\nTargetProcessId: 6984\r\nTargetImage: C:\\windows\\System32\\svchost.exe\r\nGrantedAccess: 0x1410\r\nCallTrace: C:\\windows\\SYSTEM32\\ntdll.dll+9c584|C:\\windows\\System32\\KERNELBASE.dll+305fe|C:\\windows\\system32\\wbem\\cimwin32.dll+f46e|C:\\windows\\system32\\wbem\\cimwin32.dll+faf5|C:\\windows\\SYSTEM32\\framedynos.dll+55a2|C:\\windows\\SYSTEM32\\framedynos.dll+6d2d|C:\\windows\\system32\\wbem\\wmiprvse.exe+8ad1|C:\\windows\\system32\\wbem\\wmiprvse.exe+8753|C:\\windows\\System32\\RPCRT4.dll+76a63|C:\\windows\\System32\\RPCRT4.dll+13653|C:\\windows\\System32\\combase.dll+a5d42|C:\\windows\\System32\\RPCRT4.dll+59bab|C:\\windows\\System32\\combase.dll+8d0e3|C:\\windows\\System32\\combase.dll+8ced3|C:\\windows\\System32\\combase.dll+a9556|C:\\windows\\System32\\combase.dll+8a4fa|C:\\windows\\System32\\combase.dll+a47ed|C:\\windows\\System32\\combase.dll+401ac|C:\\windows\\System32\\combase.dll+40a11|C:\\windows\\System32\\combase.dll+421b8|C:\\windows\\System32\\RPCRT4.dll+549f8|C:\\windows\\System32\\RPCRT4.dll+2c9b1|C:\\windows\\System32\\RPCRT4.dll+2c500|C:\\windows\\System32\\RPCRT4.dll+1a71f","Hostname":"WORKSTATION5","TargetProcessId":"6984","TargetImage":"C:\\windows\\System32\\svchost.exe","SourceProcessGUID":"{39e4a257-dddf-5f8b-4f1b-000000000400}"}
