{"SubjectUserName":"wardog","TimeCreated":"2020-10-18 02:17:04.135","SubjectLogonId":"0x13899ea","ObjectServer":"Security","SubjectUserSid":"S-1-5-21-3940915590-64593676-1414006259-500","EventID":4658,"Channel":"Security","Task":"12801","SubjectDomainName":"WORKSTATION5","Hostname":"WORKSTATION5","ProcessName":"C:\\Windows\\System32\\wbem\\WMIC.exe","ProcessId":"0x428","HandleId":"0x2810","Message":"The handle to an object was closed.\r\n\r\nSubject :\r\n\tSecurity ID:\t\tS-1-5-21-3940915590-64593676-1414006259-500\r\n\tAccount Name:\t\twardog\r\n\tAccount Domain:\t\tWORKSTATION5\r\n\tLogon ID:\t\t0x13899EA\r\n\r\nObject:\r\n\tObject Server:\t\tSecurity\r\n\tHandle ID:\t\t0x2810\r\n\r\nProcess Information:\r\n\tProcess ID:\t\t0x428\r\n\tProcess Name:\t\tC:\\Windows\\System32\\wbem\\WMIC.exe"}
{"SubjectUserName":"wardog","TimeCreated":"2020-10-18 02:17:04.135","SubjectLogonId":"0x13899ea","TargetProcessId":"0x4","SubjectUserSid":"S-1-5-21-3940915590-64593676-1414006259-500","SourceHandleId":"0x688","EventID":4690,"Channel":"Security","SourceProcessId":"0x428","SubjectDomainName":"WORKSTATION5","Hostname":"WORKSTATION5","Task":"12807","TargetHandleId":"0x2810","Message":"An attempt was made to duplicate a handle to an object.\r\n\r\nSubject:\r\n\tSecurity ID:\t\tS-1-5-21-3940915590-64593676-1414006259-500\r\n\tAccount Name:\t\twardog\r\n\tAccount Domain:\t\tWORKSTATION5\r\n\tLogon ID:\t\t0x13899EA\r\n\r\nSource Handle Information:\r\n\tSource Handle ID:\t0x688\r\n\tSource Process ID:\t0x428\r\n\r\nNew Handle Information:\r\n\tTarget Handle ID:\t0x2810\r\n\tTarget Process ID:\t0x4"}
{"SubjectUserName":"wardog","TimeCreated":"2020-10-18 02:17:04.129","CommandLine":"\"C:\\Windows\\System32\\calc.exe\" ","SubjectLogonId":"0x13899ea","SubjectDomainName":"WORKSTATION5","TargetLogonId":"0x0","TokenElevationType":"%%1936","SubjectUserSid":"S-1-5-21-3940915590-64593676-1414006259-500","NewProcessName":"C:\\Windows\\System32\\calc.exe","EventID":4688,"Channel":"Security","Task":"13312","NewProcessId":"0x277c","Hostname":"WORKSTATION5","MandatoryLabel":"S-1-16-12288","ProcessId":"0x428","TargetUserName":"-","ParentProcessName":"C:\\Windows\\System32\\wbem\\WMIC.exe","TargetUserSid":"S-1-0-0","TargetDomainName":"-","Message":"A new process has been created.\r\n\r\nCreator Subject:\r\n\tSecurity ID:\t\tS-1-5-21-3940915590-64593676-1414006259-500\r\n\tAccount Name:\t\twardog\r\n\tAccount Domain:\t\tWORKSTATION5\r\n\tLogon ID:\t\t0x13899EA\r\n\r\nTarget Subject:\r\n\tSecurity ID:\t\tS-1-0-0\r\n\tAccount Name:\t\t-\r\n\tAccount Domain:\t\t-\r\n\tLogon ID:\t\t0x0\r\n\r\nProcess Information:\r\n\tNew Process ID:\t\t0x277c\r\n\tNew Process Name:\tC:\\Windows\\System32\\calc.exe\r\n\tToken Elevation Type:\t%%1936\r\n\tMandatory Label:\t\tS-1-16-12288\r\n\tCreator Process ID:\t0x428\r\n\tCreator Process Name:\tC:\\Windows\\System32\\wbem\\WMIC.exe\r\n\tProcess Command Line:\t\"C:\\Windows\\System32\\calc.exe\" \r\n\r\nToken Elevation Type indicates the type of token that was assigned to the new process in accordance with User Account Control policy.\r\n\r\nType 1 is a full token with no privileges removed or groups disabled.  A full token is only used if User Account Control is disabled or if the user is the built-in Administrator account or a service account.\r\n\r\nType 2 is an elevated token with no privileges removed or groups disabled.  An elevated token is used when User Account Control is enabled and the user chooses to start the program using Run as administrator.  An elevated token is also used when an application is configured to always require administrative privilege or to always require maximum privilege, and the user is a member of the Administrators group.\r\n\r\nType 3 is a limited token with administrative privileges removed and administrative groups disabled.  The limited token is used when User Account Control is enabled, the application does not require administrative privilege, and the user does not choose to start the program using Run as administrator."}
{"SubjectUserName":"wardog","TimeCreated":"2020-10-18 02:17:04.098","SubjectLogonId":"0x13899ea","PrivilegeList":"SeTakeOwnershipPrivilege","ObjectServer":"Security","ObjectType":"Semaphore","SubjectUserSid":"S-1-5-21-3940915590-64593676-1414006259-500","EventID":4674,"Channel":"Security","Task":"13056","ObjectName":"\\Sessions\\2\\BaseNamedObjects\\SM0:1064:120:WilError_02_p0h","AccessMask":"%%1537\n\t\t\t\t%%1538\n\t\t\t\t%%1539\n\t\t\t\t%%1540\n\t\t\t\t%%1541\n\t\t\t\t%%4528\n\t\t\t\t%%4529\n\t\t\t\t","SubjectDomainName":"WORKSTATION5","Hostname":"WORKSTATION5","ProcessName":"C:\\Windows\\System32\\wbem\\WMIC.exe","ProcessId":"0x428","HandleId":"0x708","Message":"An operation was attempted on a privileged object.\r\n\r\nSubject:\r\n\tSecurity ID:\t\tS-1-5-21-3940915590-64593676-1414006259-500\r\n\tAccount Name:\t\twardog\r\n\tAccount Domain:\t\tWORKSTATION5\r\n\tLogon ID:\t\t0x13899EA\r\n\r\nObject:\r\n\tObject Server:\tSecurity\r\n\tObject Type:\tSemaphore\r\n\tObject Name:\t\\Sessions\\2\\BaseNamedObjects\\SM0:1064:120:WilError_02_p0h\r\n\tObject Handle:\t0x708\r\n\r\nProcess Information:\r\n\tProcess ID:\t0x428\r\n\tProcess Name:\tC:\\Windows\\System32\\wbem\\WMIC.exe\r\n\r\nRequested Operation:\r\n\tDesired Access:\tDELETE\r\n\t\t\t\tREAD_CONTROL\r\n\t\t\t\tWRITE_DAC\r\n\t\t\t\tWRITE_OWNER\r\n\t\t\t\tSYNCHRONIZE\r\n\t\t\t\tQuery semaphore state\r\n\t\t\t\tModify semaphore state\r\n\t\t\t\t\r\n\tPrivileges:\t\tSeTakeOwnershipPrivilege"}
{"SubjectUserName":"wardog","TimeCreated":"2020-10-18 02:17:04.098","SubjectLogonId":"0x13899ea","PrivilegeList":"SeTakeOwnershipPrivilege","ObjectServer":"Security","ObjectType":"Semaphore","SubjectUserSid":"S-1-5-21-3940915590-64593676-1414006259-500","EventID":4674,"Channel":"Security","Task":"13056","ObjectName":"\\Sessions\\2\\BaseNamedObjects\\SM0:1064:120:WilError_02_p0","AccessMask":"%%1537\n\t\t\t\t%%1538\n\t\t\t\t%%1539\n\t\t\t\t%%1540\n\t\t\t\t%%1541\n\t\t\t\t%%4528\n\t\t\t\t%%4529\n\t\t\t\t","SubjectDomainName":"WORKSTATION5","Hostname":"WORKSTATION5","ProcessName":"C:\\Windows\\System32\\wbem\\WMIC.exe","ProcessId":"0x428","HandleId":"0x70c","Message":"An operation was attempted on a privileged object.\r\n\r\nSubject:\r\n\tSecurity ID:\t\tS-1-5-21-3940915590-64593676-1414006259-500\r\n\tAccount Name:\t\twardog\r\n\tAccount Domain:\t\tWORKSTATION5\r\n\tLogon ID:\t\t0x13899EA\r\n\r\nObject:\r\n\tObject Server:\tSecurity\r\n\tObject Type:\tSemaphore\r\n\tObject Name:\t\\Sessions\\2\\BaseNamedObjects\\SM0:1064:120:WilError_02_p0\r\n\tObject Handle:\t0x70c\r\n\r\nProcess Information:\r\n\tProcess ID:\t0x428\r\n\tProcess Name:\tC:\\Windows\\System32\\wbem\\WMIC.exe\r\n\r\nRequested Operation:\r\n\tDesired Access:\tDELETE\r\n\t\t\t\tREAD_CONTROL\r\n\t\t\t\tWRITE_DAC\r\n\t\t\t\tWRITE_OWNER\r\n\t\t\t\tSYNCHRONIZE\r\n\t\t\t\tQuery semaphore state\r\n\t\t\t\tModify semaphore state\r\n\t\t\t\t\r\n\tPrivileges:\t\tSeTakeOwnershipPrivilege"}
{"SubjectUserName":"wardog","TimeCreated":"2020-10-18 02:17:04.098","SubjectLogonId":"0x13899ea","PrivilegeList":"SeTakeOwnershipPrivilege","ObjectServer":"Security","ObjectType":"-","SubjectUserSid":"S-1-5-21-3940915590-64593676-1414006259-500","EventID":4674,"Channel":"Security","Task":"13056","ObjectName":"-","AccessMask":"2031617","SubjectDomainName":"WORKSTATION5","Hostname":"WORKSTATION5","ProcessName":"C:\\Windows\\System32\\wbem\\WMIC.exe","ProcessId":"0x428","HandleId":"0x764","Message":"An operation was attempted on a privileged object.\r\n\r\nSubject:\r\n\tSecurity ID:\t\tS-1-5-21-3940915590-64593676-1414006259-500\r\n\tAccount Name:\t\twardog\r\n\tAccount Domain:\t\tWORKSTATION5\r\n\tLogon ID:\t\t0x13899EA\r\n\r\nObject:\r\n\tObject Server:\tSecurity\r\n\tObject Type:\t-\r\n\tObject Name:\t-\r\n\tObject Handle:\t0x764\r\n\r\nProcess Information:\r\n\tProcess ID:\t0x428\r\n\tProcess Name:\tC:\\Windows\\System32\\wbem\\WMIC.exe\r\n\r\nRequested Operation:\r\n\tDesired Access:\t2031617\r\n\tPrivileges:\t\tSeTakeOwnershipPrivilege"}
{"SubjectUserName":"wardog","TimeCreated":"2020-10-18 02:17:04.098","SubjectLogonId":"0x13899ea","PrivilegeList":"SeTakeOwnershipPrivilege","ObjectServer":"Security","ObjectType":"Mutant","SubjectUserSid":"S-1-5-21-3940915590-64593676-1414006259-500","EventID":4674,"Channel":"Security","Task":"13056","ObjectName":"\\Sessions\\2\\BaseNamedObjects\\SM0:1064:120:WilError_02","AccessMask":"%%1537\n\t\t\t\t%%1538\n\t\t\t\t%%1539\n\t\t\t\t%%1540\n\t\t\t\t%%1541\n\t\t\t\t%%4448\n\t\t\t\t","SubjectDomainName":"WORKSTATION5","Hostname":"WORKSTATION5","ProcessName":"C:\\Windows\\System32\\wbem\\WMIC.exe","ProcessId":"0x428","HandleId":"0x764","Message":"An operation was attempted on a privileged object.\r\n\r\nSubject:\r\n\tSecurity ID:\t\tS-1-5-21-3940915590-64593676-1414006259-500\r\n\tAccount Name:\t\twardog\r\n\tAccount Domain:\t\tWORKSTATION5\r\n\tLogon ID:\t\t0x13899EA\r\n\r\nObject:\r\n\tObject Server:\tSecurity\r\n\tObject Type:\tMutant\r\n\tObject Name:\t\\Sessions\\2\\BaseNamedObjects\\SM0:1064:120:WilError_02\r\n\tObject Handle:\t0x764\r\n\r\nProcess Information:\r\n\tProcess ID:\t0x428\r\n\tProcess Name:\tC:\\Windows\\System32\\wbem\\WMIC.exe\r\n\r\nRequested Operation:\r\n\tDesired Access:\tDELETE\r\n\t\t\t\tREAD_CONTROL\r\n\t\t\t\tWRITE_DAC\r\n\t\t\t\tWRITE_OWNER\r\n\t\t\t\tSYNCHRONIZE\r\n\t\t\t\tQuery mutant state\r\n\t\t\t\t\r\n\tPrivileges:\t\tSeTakeOwnershipPrivilege"}
{"SubjectUserName":"wardog","TimeCreated":"2020-10-18 02:17:04.098","SubjectLogonId":"0x13899ea","PrivilegeList":"SeTakeOwnershipPrivilege","ObjectServer":"Security","ObjectType":"Semaphore","SubjectUserSid":"S-1-5-21-3940915590-64593676-1414006259-500","EventID":4674,"Channel":"Security","Task":"13056","ObjectName":"\\Sessions\\2\\BaseNamedObjects\\SM0:1064:120:WilError_02_p0h","AccessMask":"%%1537\n\t\t\t\t%%1538\n\t\t\t\t%%1539\n\t\t\t\t%%1540\n\t\t\t\t%%1541\n\t\t\t\t%%4528\n\t\t\t\t%%4529\n\t\t\t\t","SubjectDomainName":"WORKSTATION5","Hostname":"WORKSTATION5","ProcessName":"C:\\Windows\\System32\\wbem\\WMIC.exe","ProcessId":"0x428","HandleId":"0x708","Message":"An operation was attempted on a privileged object.\r\n\r\nSubject:\r\n\tSecurity ID:\t\tS-1-5-21-3940915590-64593676-1414006259-500\r\n\tAccount Name:\t\twardog\r\n\tAccount Domain:\t\tWORKSTATION5\r\n\tLogon ID:\t\t0x13899EA\r\n\r\nObject:\r\n\tObject Server:\tSecurity\r\n\tObject Type:\tSemaphore\r\n\tObject Name:\t\\Sessions\\2\\BaseNamedObjects\\SM0:1064:120:WilError_02_p0h\r\n\tObject Handle:\t0x708\r\n\r\nProcess Information:\r\n\tProcess ID:\t0x428\r\n\tProcess Name:\tC:\\Windows\\System32\\wbem\\WMIC.exe\r\n\r\nRequested Operation:\r\n\tDesired Access:\tDELETE\r\n\t\t\t\tREAD_CONTROL\r\n\t\t\t\tWRITE_DAC\r\n\t\t\t\tWRITE_OWNER\r\n\t\t\t\tSYNCHRONIZE\r\n\t\t\t\tQuery semaphore state\r\n\t\t\t\tModify semaphore state\r\n\t\t\t\t\r\n\tPrivileges:\t\tSeTakeOwnershipPrivilege"}
{"SubjectUserName":"wardog","TimeCreated":"2020-10-18 02:17:04.098","SubjectLogonId":"0x13899ea","PrivilegeList":"SeTakeOwnershipPrivilege","ObjectServer":"Security","ObjectType":"Semaphore","SubjectUserSid":"S-1-5-21-3940915590-64593676-1414006259-500","EventID":4674,"Channel":"Security","Task":"13056","ObjectName":"\\Sessions\\2\\BaseNamedObjects\\SM0:1064:120:WilError_02_p0","AccessMask":"%%1537\n\t\t\t\t%%1538\n\t\t\t\t%%1539\n\t\t\t\t%%1540\n\t\t\t\t%%1541\n\t\t\t\t%%4528\n\t\t\t\t%%4529\n\t\t\t\t","SubjectDomainName":"WORKSTATION5","Hostname":"WORKSTATION5","ProcessName":"C:\\Windows\\System32\\wbem\\WMIC.exe","ProcessId":"0x428","HandleId":"0x70c","Message":"An operation was attempted on a privileged object.\r\n\r\nSubject:\r\n\tSecurity ID:\t\tS-1-5-21-3940915590-64593676-1414006259-500\r\n\tAccount Name:\t\twardog\r\n\tAccount Domain:\t\tWORKSTATION5\r\n\tLogon ID:\t\t0x13899EA\r\n\r\nObject:\r\n\tObject Server:\tSecurity\r\n\tObject Type:\tSemaphore\r\n\tObject Name:\t\\Sessions\\2\\BaseNamedObjects\\SM0:1064:120:WilError_02_p0\r\n\tObject Handle:\t0x70c\r\n\r\nProcess Information:\r\n\tProcess ID:\t0x428\r\n\tProcess Name:\tC:\\Windows\\System32\\wbem\\WMIC.exe\r\n\r\nRequested Operation:\r\n\tDesired Access:\tDELETE\r\n\t\t\t\tREAD_CONTROL\r\n\t\t\t\tWRITE_DAC\r\n\t\t\t\tWRITE_OWNER\r\n\t\t\t\tSYNCHRONIZE\r\n\t\t\t\tQuery semaphore state\r\n\t\t\t\tModify semaphore state\r\n\t\t\t\t\r\n\tPrivileges:\t\tSeTakeOwnershipPrivilege"}
{"SubjectUserName":"wardog","TimeCreated":"2020-10-18 02:17:04.098","SubjectLogonId":"0x13899ea","PrivilegeList":"SeTakeOwnershipPrivilege","ObjectServer":"Security","ObjectType":"-","SubjectUserSid":"S-1-5-21-3940915590-64593676-1414006259-500","EventID":4674,"Channel":"Security","Task":"13056","ObjectName":"-","AccessMask":"2031617","SubjectDomainName":"WORKSTATION5","Hostname":"WORKSTATION5","ProcessName":"C:\\Windows\\System32\\wbem\\WMIC.exe","ProcessId":"0x428","HandleId":"0x764","Message":"An operation was attempted on a privileged object.\r\n\r\nSubject:\r\n\tSecurity ID:\t\tS-1-5-21-3940915590-64593676-1414006259-500\r\n\tAccount Name:\t\twardog\r\n\tAccount Domain:\t\tWORKSTATION5\r\n\tLogon ID:\t\t0x13899EA\r\n\r\nObject:\r\n\tObject Server:\tSecurity\r\n\tObject Type:\t-\r\n\tObject Name:\t-\r\n\tObject Handle:\t0x764\r\n\r\nProcess Information:\r\n\tProcess ID:\t0x428\r\n\tProcess Name:\tC:\\Windows\\System32\\wbem\\WMIC.exe\r\n\r\nRequested Operation:\r\n\tDesired Access:\t2031617\r\n\tPrivileges:\t\tSeTakeOwnershipPrivilege"}
{"SubjectUserName":"wardog","TimeCreated":"2020-10-18 02:17:04.098","SubjectLogonId":"0x13899ea","PrivilegeList":"SeTakeOwnershipPrivilege","ObjectServer":"Security","ObjectType":"Mutant","SubjectUserSid":"S-1-5-21-3940915590-64593676-1414006259-500","EventID":4674,"Channel":"Security","Task":"13056","ObjectName":"\\Sessions\\2\\BaseNamedObjects\\SM0:1064:120:WilError_02","AccessMask":"%%1537\n\t\t\t\t%%1538\n\t\t\t\t%%1539\n\t\t\t\t%%1540\n\t\t\t\t%%1541\n\t\t\t\t%%4448\n\t\t\t\t","SubjectDomainName":"WORKSTATION5","Hostname":"WORKSTATION5","ProcessName":"C:\\Windows\\System32\\wbem\\WMIC.exe","ProcessId":"0x428","HandleId":"0x764","Message":"An operation was attempted on a privileged object.\r\n\r\nSubject:\r\n\tSecurity ID:\t\tS-1-5-21-3940915590-64593676-1414006259-500\r\n\tAccount Name:\t\twardog\r\n\tAccount Domain:\t\tWORKSTATION5\r\n\tLogon ID:\t\t0x13899EA\r\n\r\nObject:\r\n\tObject Server:\tSecurity\r\n\tObject Type:\tMutant\r\n\tObject Name:\t\\Sessions\\2\\BaseNamedObjects\\SM0:1064:120:WilError_02\r\n\tObject Handle:\t0x764\r\n\r\nProcess Information:\r\n\tProcess ID:\t0x428\r\n\tProcess Name:\tC:\\Windows\\System32\\wbem\\WMIC.exe\r\n\r\nRequested Operation:\r\n\tDesired Access:\tDELETE\r\n\t\t\t\tREAD_CONTROL\r\n\t\t\t\tWRITE_DAC\r\n\t\t\t\tWRITE_OWNER\r\n\t\t\t\tSYNCHRONIZE\r\n\t\t\t\tQuery mutant state\r\n\t\t\t\t\r\n\tPrivileges:\t\tSeTakeOwnershipPrivilege"}
{"SubjectUserName":"wardog","TimeCreated":"2020-10-18 02:17:04.087","SubjectLogonId":"0x13899ea","PrivilegeList":"SeTakeOwnershipPrivilege","ObjectServer":"Security","ObjectType":"Token","SubjectUserSid":"S-1-5-21-3940915590-64593676-1414006259-500","EventID":4674,"Channel":"Security","Task":"13056","ObjectName":null,"AccessMask":"%%1537\n\t\t\t\t%%1538\n\t\t\t\t%%1539\n\t\t\t\t%%1540\n\t\t\t\t%%4592\n\t\t\t\t%%4593\n\t\t\t\t%%4594\n\t\t\t\t%%4595\n\t\t\t\t%%4596\n\t\t\t\t%%4597\n\t\t\t\t%%4598\n\t\t\t\t%%4599\n\t\t\t\t%%4600\n\t\t\t\t","SubjectDomainName":"WORKSTATION5","Hostname":"WORKSTATION5","ProcessName":"C:\\Windows\\System32\\wbem\\WMIC.exe","ProcessId":"0x428","HandleId":"0x6fc","Message":"An operation was attempted on a privileged object.\r\n\r\nSubject:\r\n\tSecurity ID:\t\tS-1-5-21-3940915590-64593676-1414006259-500\r\n\tAccount Name:\t\twardog\r\n\tAccount Domain:\t\tWORKSTATION5\r\n\tLogon ID:\t\t0x13899EA\r\n\r\nObject:\r\n\tObject Server:\tSecurity\r\n\tObject Type:\tToken\r\n\tObject Name:\t\r\n\tObject Handle:\t0x6fc\r\n\r\nProcess Information:\r\n\tProcess ID:\t0x428\r\n\tProcess Name:\tC:\\Windows\\System32\\wbem\\WMIC.exe\r\n\r\nRequested Operation:\r\n\tDesired Access:\tDELETE\r\n\t\t\t\tREAD_CONTROL\r\n\t\t\t\tWRITE_DAC\r\n\t\t\t\tWRITE_OWNER\r\n\t\t\t\tAssignAsPrimary\r\n\t\t\t\tDuplicate\r\n\t\t\t\tImpersonate\r\n\t\t\t\tQuery\r\n\t\t\t\tQuerySource\r\n\t\t\t\tAdjustPrivileges\r\n\t\t\t\tAdjustGroups\r\n\t\t\t\tAdjustDefaultDacl\r\n\t\t\t\tAdjustSessionID\r\n\t\t\t\t\r\n\tPrivileges:\t\tSeTakeOwnershipPrivilege"}
{"SubjectUserName":"wardog","TimeCreated":"2020-10-18 02:17:04.087","SubjectLogonId":"0x13899ea","PrivilegeList":"SeTakeOwnershipPrivilege","ObjectServer":"Security","ObjectType":"Token","SubjectUserSid":"S-1-5-21-3940915590-64593676-1414006259-500","EventID":4674,"Channel":"Security","Task":"13056","ObjectName":null,"AccessMask":"%%1537\n\t\t\t\t%%1538\n\t\t\t\t%%1539\n\t\t\t\t%%1540\n\t\t\t\t%%4592\n\t\t\t\t%%4593\n\t\t\t\t%%4594\n\t\t\t\t%%4595\n\t\t\t\t%%4596\n\t\t\t\t%%4597\n\t\t\t\t%%4598\n\t\t\t\t%%4599\n\t\t\t\t%%4600\n\t\t\t\t","SubjectDomainName":"WORKSTATION5","Hostname":"WORKSTATION5","ProcessName":"C:\\Windows\\System32\\wbem\\WMIC.exe","ProcessId":"0x428","HandleId":"0x6fc","Message":"An operation was attempted on a privileged object.\r\n\r\nSubject:\r\n\tSecurity ID:\t\tS-1-5-21-3940915590-64593676-1414006259-500\r\n\tAccount Name:\t\twardog\r\n\tAccount Domain:\t\tWORKSTATION5\r\n\tLogon ID:\t\t0x13899EA\r\n\r\nObject:\r\n\tObject Server:\tSecurity\r\n\tObject Type:\tToken\r\n\tObject Name:\t\r\n\tObject Handle:\t0x6fc\r\n\r\nProcess Information:\r\n\tProcess ID:\t0x428\r\n\tProcess Name:\tC:\\Windows\\System32\\wbem\\WMIC.exe\r\n\r\nRequested Operation:\r\n\tDesired Access:\tDELETE\r\n\t\t\t\tREAD_CONTROL\r\n\t\t\t\tWRITE_DAC\r\n\t\t\t\tWRITE_OWNER\r\n\t\t\t\tAssignAsPrimary\r\n\t\t\t\tDuplicate\r\n\t\t\t\tImpersonate\r\n\t\t\t\tQuery\r\n\t\t\t\tQuerySource\r\n\t\t\t\tAdjustPrivileges\r\n\t\t\t\tAdjustGroups\r\n\t\t\t\tAdjustDefaultDacl\r\n\t\t\t\tAdjustSessionID\r\n\t\t\t\t\r\n\tPrivileges:\t\tSeTakeOwnershipPrivilege"}
{"SubjectUserName":"wardog","TimeCreated":"2020-10-18 02:17:04.087","SubjectLogonId":"0x13899ea","PrivilegeList":"SeTakeOwnershipPrivilege","ObjectServer":"Security","ObjectType":"Semaphore","SubjectUserSid":"S-1-5-21-3940915590-64593676-1414006259-500","EventID":4674,"Channel":"Security","Task":"13056","ObjectName":"\\Sessions\\2\\BaseNamedObjects\\SM0:1064:304:WilStaging_02_p0h","AccessMask":"%%1537\n\t\t\t\t%%1538\n\t\t\t\t%%1539\n\t\t\t\t%%1540\n\t\t\t\t%%1541\n\t\t\t\t%%4528\n\t\t\t\t%%4529\n\t\t\t\t","SubjectDomainName":"WORKSTATION5","Hostname":"WORKSTATION5","ProcessName":"C:\\Windows\\System32\\wbem\\WMIC.exe","ProcessId":"0x428","HandleId":"0x700","Message":"An operation was attempted on a privileged object.\r\n\r\nSubject:\r\n\tSecurity ID:\t\tS-1-5-21-3940915590-64593676-1414006259-500\r\n\tAccount Name:\t\twardog\r\n\tAccount Domain:\t\tWORKSTATION5\r\n\tLogon ID:\t\t0x13899EA\r\n\r\nObject:\r\n\tObject Server:\tSecurity\r\n\tObject Type:\tSemaphore\r\n\tObject Name:\t\\Sessions\\2\\BaseNamedObjects\\SM0:1064:304:WilStaging_02_p0h\r\n\tObject Handle:\t0x700\r\n\r\nProcess Information:\r\n\tProcess ID:\t0x428\r\n\tProcess Name:\tC:\\Windows\\System32\\wbem\\WMIC.exe\r\n\r\nRequested Operation:\r\n\tDesired Access:\tDELETE\r\n\t\t\t\tREAD_CONTROL\r\n\t\t\t\tWRITE_DAC\r\n\t\t\t\tWRITE_OWNER\r\n\t\t\t\tSYNCHRONIZE\r\n\t\t\t\tQuery semaphore state\r\n\t\t\t\tModify semaphore state\r\n\t\t\t\t\r\n\tPrivileges:\t\tSeTakeOwnershipPrivilege"}
{"SubjectUserName":"wardog","TimeCreated":"2020-10-18 02:17:04.087","SubjectLogonId":"0x13899ea","PrivilegeList":"SeTakeOwnershipPrivilege","ObjectServer":"Security","ObjectType":"Semaphore","SubjectUserSid":"S-1-5-21-3940915590-64593676-1414006259-500","EventID":4674,"Channel":"Security","Task":"13056","ObjectName":"\\Sessions\\2\\BaseNamedObjects\\SM0:1064:304:WilStaging_02_p0","AccessMask":"%%1537\n\t\t\t\t%%1538\n\t\t\t\t%%1539\n\t\t\t\t%%1540\n\t\t\t\t%%1541\n\t\t\t\t%%4528\n\t\t\t\t%%4529\n\t\t\t\t","SubjectDomainName":"WORKSTATION5","Hostname":"WORKSTATION5","ProcessName":"C:\\Windows\\System32\\wbem\\WMIC.exe","ProcessId":"0x428","HandleId":"0x6f8","Message":"An operation was attempted on a privileged object.\r\n\r\nSubject:\r\n\tSecurity ID:\t\tS-1-5-21-3940915590-64593676-1414006259-500\r\n\tAccount Name:\t\twardog\r\n\tAccount Domain:\t\tWORKSTATION5\r\n\tLogon ID:\t\t0x13899EA\r\n\r\nObject:\r\n\tObject Server:\tSecurity\r\n\tObject Type:\tSemaphore\r\n\tObject Name:\t\\Sessions\\2\\BaseNamedObjects\\SM0:1064:304:WilStaging_02_p0\r\n\tObject Handle:\t0x6f8\r\n\r\nProcess Information:\r\n\tProcess ID:\t0x428\r\n\tProcess Name:\tC:\\Windows\\System32\\wbem\\WMIC.exe\r\n\r\nRequested Operation:\r\n\tDesired Access:\tDELETE\r\n\t\t\t\tREAD_CONTROL\r\n\t\t\t\tWRITE_DAC\r\n\t\t\t\tWRITE_OWNER\r\n\t\t\t\tSYNCHRONIZE\r\n\t\t\t\tQuery semaphore state\r\n\t\t\t\tModify semaphore state\r\n\t\t\t\t\r\n\tPrivileges:\t\tSeTakeOwnershipPrivilege"}
{"SubjectUserName":"wardog","TimeCreated":"2020-10-18 02:17:04.087","SubjectLogonId":"0x13899ea","PrivilegeList":"SeTakeOwnershipPrivilege","ObjectServer":"Security","ObjectType":"-","SubjectUserSid":"S-1-5-21-3940915590-64593676-1414006259-500","EventID":4674,"Channel":"Security","Task":"13056","ObjectName":"-","AccessMask":"2031617","SubjectDomainName":"WORKSTATION5","Hostname":"WORKSTATION5","ProcessName":"C:\\Windows\\System32\\wbem\\WMIC.exe","ProcessId":"0x428","HandleId":"0x6fc","Message":"An operation was attempted on a privileged object.\r\n\r\nSubject:\r\n\tSecurity ID:\t\tS-1-5-21-3940915590-64593676-1414006259-500\r\n\tAccount Name:\t\twardog\r\n\tAccount Domain:\t\tWORKSTATION5\r\n\tLogon ID:\t\t0x13899EA\r\n\r\nObject:\r\n\tObject Server:\tSecurity\r\n\tObject Type:\t-\r\n\tObject Name:\t-\r\n\tObject Handle:\t0x6fc\r\n\r\nProcess Information:\r\n\tProcess ID:\t0x428\r\n\tProcess Name:\tC:\\Windows\\System32\\wbem\\WMIC.exe\r\n\r\nRequested Operation:\r\n\tDesired Access:\t2031617\r\n\tPrivileges:\t\tSeTakeOwnershipPrivilege"}
{"SubjectUserName":"wardog","TimeCreated":"2020-10-18 02:17:04.087","SubjectLogonId":"0x13899ea","PrivilegeList":"SeTakeOwnershipPrivilege","ObjectServer":"Security","ObjectType":"Mutant","SubjectUserSid":"S-1-5-21-3940915590-64593676-1414006259-500","EventID":4674,"Channel":"Security","Task":"13056","ObjectName":"\\Sessions\\2\\BaseNamedObjects\\SM0:1064:304:WilStaging_02","AccessMask":"%%1537\n\t\t\t\t%%1538\n\t\t\t\t%%1539\n\t\t\t\t%%1540\n\t\t\t\t%%1541\n\t\t\t\t%%4448\n\t\t\t\t","SubjectDomainName":"WORKSTATION5","Hostname":"WORKSTATION5","ProcessName":"C:\\Windows\\System32\\wbem\\WMIC.exe","ProcessId":"0x428","HandleId":"0x6fc","Message":"An operation was attempted on a privileged object.\r\n\r\nSubject:\r\n\tSecurity ID:\t\tS-1-5-21-3940915590-64593676-1414006259-500\r\n\tAccount Name:\t\twardog\r\n\tAccount Domain:\t\tWORKSTATION5\r\n\tLogon ID:\t\t0x13899EA\r\n\r\nObject:\r\n\tObject Server:\tSecurity\r\n\tObject Type:\tMutant\r\n\tObject Name:\t\\Sessions\\2\\BaseNamedObjects\\SM0:1064:304:WilStaging_02\r\n\tObject Handle:\t0x6fc\r\n\r\nProcess Information:\r\n\tProcess ID:\t0x428\r\n\tProcess Name:\tC:\\Windows\\System32\\wbem\\WMIC.exe\r\n\r\nRequested Operation:\r\n\tDesired Access:\tDELETE\r\n\t\t\t\tREAD_CONTROL\r\n\t\t\t\tWRITE_DAC\r\n\t\t\t\tWRITE_OWNER\r\n\t\t\t\tSYNCHRONIZE\r\n\t\t\t\tQuery mutant state\r\n\t\t\t\t\r\n\tPrivileges:\t\tSeTakeOwnershipPrivilege"}
{"SubjectUserName":"wardog","TimeCreated":"2020-10-18 02:17:04.083","SubjectLogonId":"0x13899ea","PrivilegeList":"SeTakeOwnershipPrivilege","ObjectServer":"Security","ObjectType":"Semaphore","SubjectUserSid":"S-1-5-21-3940915590-64593676-1414006259-500","EventID":4674,"Channel":"Security","Task":"13056","ObjectName":"\\Sessions\\2\\BaseNamedObjects\\SM0:1064:304:WilStaging_02_p0h","AccessMask":"%%1537\n\t\t\t\t%%1538\n\t\t\t\t%%1539\n\t\t\t\t%%1540\n\t\t\t\t%%1541\n\t\t\t\t%%4528\n\t\t\t\t%%4529\n\t\t\t\t","SubjectDomainName":"WORKSTATION5","Hostname":"WORKSTATION5","ProcessName":"C:\\Windows\\System32\\wbem\\WMIC.exe","ProcessId":"0x428","HandleId":"0x6fc","Message":"An operation was attempted on a privileged object.\r\n\r\nSubject:\r\n\tSecurity ID:\t\tS-1-5-21-3940915590-64593676-1414006259-500\r\n\tAccount Name:\t\twardog\r\n\tAccount Domain:\t\tWORKSTATION5\r\n\tLogon ID:\t\t0x13899EA\r\n\r\nObject:\r\n\tObject Server:\tSecurity\r\n\tObject Type:\tSemaphore\r\n\tObject Name:\t\\Sessions\\2\\BaseNamedObjects\\SM0:1064:304:WilStaging_02_p0h\r\n\tObject Handle:\t0x6fc\r\n\r\nProcess Information:\r\n\tProcess ID:\t0x428\r\n\tProcess Name:\tC:\\Windows\\System32\\wbem\\WMIC.exe\r\n\r\nRequested Operation:\r\n\tDesired Access:\tDELETE\r\n\t\t\t\tREAD_CONTROL\r\n\t\t\t\tWRITE_DAC\r\n\t\t\t\tWRITE_OWNER\r\n\t\t\t\tSYNCHRONIZE\r\n\t\t\t\tQuery semaphore state\r\n\t\t\t\tModify semaphore state\r\n\t\t\t\t\r\n\tPrivileges:\t\tSeTakeOwnershipPrivilege"}
{"SubjectUserName":"wardog","TimeCreated":"2020-10-18 02:17:04.083","SubjectLogonId":"0x13899ea","PrivilegeList":"SeTakeOwnershipPrivilege","ObjectServer":"Security","ObjectType":"Semaphore","SubjectUserSid":"S-1-5-21-3940915590-64593676-1414006259-500","EventID":4674,"Channel":"Security","Task":"13056","ObjectName":"\\Sessions\\2\\BaseNamedObjects\\SM0:1064:304:WilStaging_02_p0","AccessMask":"%%1537\n\t\t\t\t%%1538\n\t\t\t\t%%1539\n\t\t\t\t%%1540\n\t\t\t\t%%1541\n\t\t\t\t%%4528\n\t\t\t\t%%4529\n\t\t\t\t","SubjectDomainName":"WORKSTATION5","Hostname":"WORKSTATION5","ProcessName":"C:\\Windows\\System32\\wbem\\WMIC.exe","ProcessId":"0x428","HandleId":"0x6f8","Message":"An operation was attempted on a privileged object.\r\n\r\nSubject:\r\n\tSecurity ID:\t\tS-1-5-21-3940915590-64593676-1414006259-500\r\n\tAccount Name:\t\twardog\r\n\tAccount Domain:\t\tWORKSTATION5\r\n\tLogon ID:\t\t0x13899EA\r\n\r\nObject:\r\n\tObject Server:\tSecurity\r\n\tObject Type:\tSemaphore\r\n\tObject Name:\t\\Sessions\\2\\BaseNamedObjects\\SM0:1064:304:WilStaging_02_p0\r\n\tObject Handle:\t0x6f8\r\n\r\nProcess Information:\r\n\tProcess ID:\t0x428\r\n\tProcess Name:\tC:\\Windows\\System32\\wbem\\WMIC.exe\r\n\r\nRequested Operation:\r\n\tDesired Access:\tDELETE\r\n\t\t\t\tREAD_CONTROL\r\n\t\t\t\tWRITE_DAC\r\n\t\t\t\tWRITE_OWNER\r\n\t\t\t\tSYNCHRONIZE\r\n\t\t\t\tQuery semaphore state\r\n\t\t\t\tModify semaphore state\r\n\t\t\t\t\r\n\tPrivileges:\t\tSeTakeOwnershipPrivilege"}
{"SubjectUserName":"wardog","TimeCreated":"2020-10-18 02:17:04.083","SubjectLogonId":"0x13899ea","PrivilegeList":"SeTakeOwnershipPrivilege","ObjectServer":"Security","ObjectType":"-","SubjectUserSid":"S-1-5-21-3940915590-64593676-1414006259-500","EventID":4674,"Channel":"Security","Task":"13056","ObjectName":"-","AccessMask":"2031617","SubjectDomainName":"WORKSTATION5","Hostname":"WORKSTATION5","ProcessName":"C:\\Windows\\System32\\wbem\\WMIC.exe","ProcessId":"0x428","HandleId":"0x6f4","Message":"An operation was attempted on a privileged object.\r\n\r\nSubject:\r\n\tSecurity ID:\t\tS-1-5-21-3940915590-64593676-1414006259-500\r\n\tAccount Name:\t\twardog\r\n\tAccount Domain:\t\tWORKSTATION5\r\n\tLogon ID:\t\t0x13899EA\r\n\r\nObject:\r\n\tObject Server:\tSecurity\r\n\tObject Type:\t-\r\n\tObject Name:\t-\r\n\tObject Handle:\t0x6f4\r\n\r\nProcess Information:\r\n\tProcess ID:\t0x428\r\n\tProcess Name:\tC:\\Windows\\System32\\wbem\\WMIC.exe\r\n\r\nRequested Operation:\r\n\tDesired Access:\t2031617\r\n\tPrivileges:\t\tSeTakeOwnershipPrivilege"}
{"SubjectUserName":"wardog","TimeCreated":"2020-10-18 02:17:04.083","SubjectLogonId":"0x13899ea","PrivilegeList":"SeTakeOwnershipPrivilege","ObjectServer":"Security","ObjectType":"Mutant","SubjectUserSid":"S-1-5-21-3940915590-64593676-1414006259-500","EventID":4674,"Channel":"Security","Task":"13056","ObjectName":"\\Sessions\\2\\BaseNamedObjects\\SM0:1064:304:WilStaging_02","AccessMask":"%%1537\n\t\t\t\t%%1538\n\t\t\t\t%%1539\n\t\t\t\t%%1540\n\t\t\t\t%%1541\n\t\t\t\t%%4448\n\t\t\t\t","SubjectDomainName":"WORKSTATION5","Hostname":"WORKSTATION5","ProcessName":"C:\\Windows\\System32\\wbem\\WMIC.exe","ProcessId":"0x428","HandleId":"0x6f4","Message":"An operation was attempted on a privileged object.\r\n\r\nSubject:\r\n\tSecurity ID:\t\tS-1-5-21-3940915590-64593676-1414006259-500\r\n\tAccount Name:\t\twardog\r\n\tAccount Domain:\t\tWORKSTATION5\r\n\tLogon ID:\t\t0x13899EA\r\n\r\nObject:\r\n\tObject Server:\tSecurity\r\n\tObject Type:\tMutant\r\n\tObject Name:\t\\Sessions\\2\\BaseNamedObjects\\SM0:1064:304:WilStaging_02\r\n\tObject Handle:\t0x6f4\r\n\r\nProcess Information:\r\n\tProcess ID:\t0x428\r\n\tProcess Name:\tC:\\Windows\\System32\\wbem\\WMIC.exe\r\n\r\nRequested Operation:\r\n\tDesired Access:\tDELETE\r\n\t\t\t\tREAD_CONTROL\r\n\t\t\t\tWRITE_DAC\r\n\t\t\t\tWRITE_OWNER\r\n\t\t\t\tSYNCHRONIZE\r\n\t\t\t\tQuery mutant state\r\n\t\t\t\t\r\n\tPrivileges:\t\tSeTakeOwnershipPrivilege"}
{"SubjectUserName":"wardog","TimeCreated":"2020-10-18 02:17:04.075","SubjectLogonId":"0x13899ea","ObjectServer":"Security","SubjectUserSid":"S-1-5-21-3940915590-64593676-1414006259-500","EventID":4658,"Channel":"Security","Task":"12801","SubjectDomainName":"WORKSTATION5","Hostname":"WORKSTATION5","ProcessName":"C:\\Windows\\System32\\wbem\\WMIC.exe","ProcessId":"0x428","HandleId":"0x698","Message":"The handle to an object was closed.\r\n\r\nSubject :\r\n\tSecurity ID:\t\tS-1-5-21-3940915590-64593676-1414006259-500\r\n\tAccount Name:\t\twardog\r\n\tAccount Domain:\t\tWORKSTATION5\r\n\tLogon ID:\t\t0x13899EA\r\n\r\nObject:\r\n\tObject Server:\t\tSecurity\r\n\tHandle ID:\t\t0x698\r\n\r\nProcess Information:\r\n\tProcess ID:\t\t0x428\r\n\tProcess Name:\t\tC:\\Windows\\System32\\wbem\\WMIC.exe"}
{"SubjectUserName":"wardog","TimeCreated":"2020-10-18 02:17:04.075","SubjectLogonId":"0x13899ea","ResourceAttributes":"-","ObjectServer":"Security","ObjectType":"Key","SubjectUserSid":"S-1-5-21-3940915590-64593676-1414006259-500","EventID":4663,"Channel":"Security","Task":"12801","ObjectName":"\\REGISTRY\\MACHINE\\SOFTWARE\\Microsoft\\Windows NT\\CurrentVersion\\Winlogon","AccessMask":"0x1","SubjectDomainName":"WORKSTATION5","Hostname":"WORKSTATION5","ProcessName":"C:\\Windows\\System32\\wbem\\WMIC.exe","ProcessId":"0x428","AccessList":"%%4432\n\t\t\t\t","HandleId":"0x698","Message":"An attempt was made to access an object.\r\n\r\nSubject:\r\n\tSecurity ID:\t\tS-1-5-21-3940915590-64593676-1414006259-500\r\n\tAccount Name:\t\twardog\r\n\tAccount Domain:\t\tWORKSTATION5\r\n\tLogon ID:\t\t0x13899EA\r\n\r\nObject:\r\n\tObject Server:\t\tSecurity\r\n\tObject Type:\t\tKey\r\n\tObject Name:\t\t\\REGISTRY\\MACHINE\\SOFTWARE\\Microsoft\\Windows NT\\CurrentVersion\\Winlogon\r\n\tHandle ID:\t\t0x698\r\n\tResource Attributes:\t-\r\n\r\nProcess Information:\r\n\tProcess ID:\t\t0x428\r\n\tProcess Name:\t\tC:\\Windows\\System32\\wbem\\WMIC.exe\r\n\r\nAccess Request Information:\r\n\tAccesses:\t\tQuery key value\r\n\t\t\t\t\r\n\tAccess Mask:\t\t0x1"}
{"SubjectUserName":"wardog","TimeCreated":"2020-10-18 02:17:04.075","SubjectLogonId":"0x13899ea","ResourceAttributes":"-","PrivilegeList":"-","ObjectServer":"Security","ObjectType":"Key","SubjectUserSid":"S-1-5-21-3940915590-64593676-1414006259-500","EventID":4656,"Channel":"Security","Task":"12801","ObjectName":"\\REGISTRY\\MACHINE\\SOFTWARE\\Microsoft\\Windows NT\\CurrentVersion\\Winlogon","AccessMask":"0x20019","SubjectDomainName":"WORKSTATION5","Hostname":"WORKSTATION5","ProcessName":"C:\\Windows\\System32\\wbem\\WMIC.exe","ProcessId":"0x428","AccessReason":"-","RestrictedSidCount":"0","AccessList":"%%1538\n\t\t\t\t%%4432\n\t\t\t\t%%4435\n\t\t\t\t%%4436\n\t\t\t\t","HandleId":"0x698","TransactionId":"{00000000-0000-0000-0000-000000000000}","Message":"A handle to an object was requested.\r\n\r\nSubject:\r\n\tSecurity ID:\t\tS-1-5-21-3940915590-64593676-1414006259-500\r\n\tAccount Name:\t\twardog\r\n\tAccount Domain:\t\tWORKSTATION5\r\n\tLogon ID:\t\t0x13899EA\r\n\r\nObject:\r\n\tObject Server:\t\tSecurity\r\n\tObject Type:\t\tKey\r\n\tObject Name:\t\t\\REGISTRY\\MACHINE\\SOFTWARE\\Microsoft\\Windows NT\\CurrentVersion\\Winlogon\r\n\tHandle ID:\t\t0x698\r\n\tResource Attributes:\t-\r\n\r\nProcess Information:\r\n\tProcess ID:\t\t0x428\r\n\tProcess Name:\t\tC:\\Windows\\System32\\wbem\\WMIC.exe\r\n\r\nAccess Request Information:\r\n\tTransaction ID:\t\t{00000000-0000-0000-0000-000000000000}\r\n\tAccesses:\t\tREAD_CONTROL\r\n\t\t\t\tQuery key value\r\n\t\t\t\tEnumerate sub-keys\r\n\t\t\t\tNotify about changes to keys\r\n\t\t\t\t\r\n\tAccess Reasons:\t\t-\r\n\tAccess Mask:\t\t0x20019\r\n\tPrivileges Used for Access Check:\t-\r\n\tRestricted SID Count:\t0"}
{"SubjectUserName":"wardog","TimeCreated":"2020-10-18 02:17:04.075","SubjectLogonId":"0x13899ea","ObjectServer":"Security","SubjectUserSid":"S-1-5-21-3940915590-64593676-1414006259-500","EventID":4658,"Channel":"Security","Task":"12801","SubjectDomainName":"WORKSTATION5","Hostname":"WORKSTATION5","ProcessName":"C:\\Windows\\System32\\wbem\\WMIC.exe","ProcessId":"0x428","HandleId":"0x4110","Message":"The handle to an object was closed.\r\n\r\nSubject :\r\n\tSecurity ID:\t\tS-1-5-21-3940915590-64593676-1414006259-500\r\n\tAccount Name:\t\twardog\r\n\tAccount Domain:\t\tWORKSTATION5\r\n\tLogon ID:\t\t0x13899EA\r\n\r\nObject:\r\n\tObject Server:\t\tSecurity\r\n\tHandle ID:\t\t0x4110\r\n\r\nProcess Information:\r\n\tProcess ID:\t\t0x428\r\n\tProcess Name:\t\tC:\\Windows\\System32\\wbem\\WMIC.exe"}
{"SubjectUserName":"wardog","TimeCreated":"2020-10-18 02:17:04.075","SubjectLogonId":"0x13899ea","TargetProcessId":"0x4","SubjectUserSid":"S-1-5-21-3940915590-64593676-1414006259-500","SourceHandleId":"0x698","EventID":4690,"Channel":"Security","SourceProcessId":"0x428","SubjectDomainName":"WORKSTATION5","Hostname":"WORKSTATION5","Task":"12807","TargetHandleId":"0x4110","Message":"An attempt was made to duplicate a handle to an object.\r\n\r\nSubject:\r\n\tSecurity ID:\t\tS-1-5-21-3940915590-64593676-1414006259-500\r\n\tAccount Name:\t\twardog\r\n\tAccount Domain:\t\tWORKSTATION5\r\n\tLogon ID:\t\t0x13899EA\r\n\r\nSource Handle Information:\r\n\tSource Handle ID:\t0x698\r\n\tSource Process ID:\t0x428\r\n\r\nNew Handle Information:\r\n\tTarget Handle ID:\t0x4110\r\n\tTarget Process ID:\t0x4"}
{"SubjectUserName":"wardog","TimeCreated":"2020-10-18 02:17:04.074","SubjectLogonId":"0x13899ea","ObjectServer":"Security","SubjectUserSid":"S-1-5-21-3940915590-64593676-1414006259-500","EventID":4658,"Channel":"Security","Task":"12801","SubjectDomainName":"WORKSTATION5","Hostname":"WORKSTATION5","ProcessName":"C:\\Windows\\System32\\wbem\\WMIC.exe","ProcessId":"0x428","HandleId":"0x6a0","Message":"The handle to an object was closed.\r\n\r\nSubject :\r\n\tSecurity ID:\t\tS-1-5-21-3940915590-64593676-1414006259-500\r\n\tAccount Name:\t\twardog\r\n\tAccount Domain:\t\tWORKSTATION5\r\n\tLogon ID:\t\t0x13899EA\r\n\r\nObject:\r\n\tObject Server:\t\tSecurity\r\n\tHandle ID:\t\t0x6a0\r\n\r\nProcess Information:\r\n\tProcess ID:\t\t0x428\r\n\tProcess Name:\t\tC:\\Windows\\System32\\wbem\\WMIC.exe"}
{"SubjectUserName":"wardog","TimeCreated":"2020-10-18 02:17:04.074","SubjectLogonId":"0x13899ea","ResourceAttributes":"-","ObjectServer":"Security","ObjectType":"Key","SubjectUserSid":"S-1-5-21-3940915590-64593676-1414006259-500","EventID":4663,"Channel":"Security","Task":"12801","ObjectName":"\\REGISTRY\\MACHINE\\SOFTWARE\\Microsoft\\Windows NT\\CurrentVersion\\Winlogon","AccessMask":"0x1","SubjectDomainName":"WORKSTATION5","Hostname":"WORKSTATION5","ProcessName":"C:\\Windows\\System32\\wbem\\WMIC.exe","ProcessId":"0x428","AccessList":"%%4432\n\t\t\t\t","HandleId":"0x6a0","Message":"An attempt was made to access an object.\r\n\r\nSubject:\r\n\tSecurity ID:\t\tS-1-5-21-3940915590-64593676-1414006259-500\r\n\tAccount Name:\t\twardog\r\n\tAccount Domain:\t\tWORKSTATION5\r\n\tLogon ID:\t\t0x13899EA\r\n\r\nObject:\r\n\tObject Server:\t\tSecurity\r\n\tObject Type:\t\tKey\r\n\tObject Name:\t\t\\REGISTRY\\MACHINE\\SOFTWARE\\Microsoft\\Windows NT\\CurrentVersion\\Winlogon\r\n\tHandle ID:\t\t0x6a0\r\n\tResource Attributes:\t-\r\n\r\nProcess Information:\r\n\tProcess ID:\t\t0x428\r\n\tProcess Name:\t\tC:\\Windows\\System32\\wbem\\WMIC.exe\r\n\r\nAccess Request Information:\r\n\tAccesses:\t\tQuery key value\r\n\t\t\t\t\r\n\tAccess Mask:\t\t0x1"}
{"SubjectUserName":"wardog","TimeCreated":"2020-10-18 02:17:04.073","SubjectLogonId":"0x13899ea","ResourceAttributes":"-","PrivilegeList":"-","ObjectServer":"Security","ObjectType":"Key","SubjectUserSid":"S-1-5-21-3940915590-64593676-1414006259-500","EventID":4656,"Channel":"Security","Task":"12801","ObjectName":"\\REGISTRY\\MACHINE\\SOFTWARE\\Microsoft\\Windows NT\\CurrentVersion\\Winlogon","AccessMask":"0x20019","SubjectDomainName":"WORKSTATION5","Hostname":"WORKSTATION5","ProcessName":"C:\\Windows\\System32\\wbem\\WMIC.exe","ProcessId":"0x428","AccessReason":"-","RestrictedSidCount":"0","AccessList":"%%1538\n\t\t\t\t%%4432\n\t\t\t\t%%4435\n\t\t\t\t%%4436\n\t\t\t\t","HandleId":"0x6a0","TransactionId":"{00000000-0000-0000-0000-000000000000}","Message":"A handle to an object was requested.\r\n\r\nSubject:\r\n\tSecurity ID:\t\tS-1-5-21-3940915590-64593676-1414006259-500\r\n\tAccount Name:\t\twardog\r\n\tAccount Domain:\t\tWORKSTATION5\r\n\tLogon ID:\t\t0x13899EA\r\n\r\nObject:\r\n\tObject Server:\t\tSecurity\r\n\tObject Type:\t\tKey\r\n\tObject Name:\t\t\\REGISTRY\\MACHINE\\SOFTWARE\\Microsoft\\Windows NT\\CurrentVersion\\Winlogon\r\n\tHandle ID:\t\t0x6a0\r\n\tResource Attributes:\t-\r\n\r\nProcess Information:\r\n\tProcess ID:\t\t0x428\r\n\tProcess Name:\t\tC:\\Windows\\System32\\wbem\\WMIC.exe\r\n\r\nAccess Request Information:\r\n\tTransaction ID:\t\t{00000000-0000-0000-0000-000000000000}\r\n\tAccesses:\t\tREAD_CONTROL\r\n\t\t\t\tQuery key value\r\n\t\t\t\tEnumerate sub-keys\r\n\t\t\t\tNotify about changes to keys\r\n\t\t\t\t\r\n\tAccess Reasons:\t\t-\r\n\tAccess Mask:\t\t0x20019\r\n\tPrivileges Used for Access Check:\t-\r\n\tRestricted SID Count:\t0"}
{"SubjectUserName":"wardog","TimeCreated":"2020-10-18 02:17:04.073","SubjectLogonId":"0x13899ea","ObjectServer":"Security","SubjectUserSid":"S-1-5-21-3940915590-64593676-1414006259-500","EventID":4658,"Channel":"Security","Task":"12801","SubjectDomainName":"WORKSTATION5","Hostname":"WORKSTATION5","ProcessName":"C:\\Windows\\System32\\wbem\\WMIC.exe","ProcessId":"0x428","HandleId":"0x4110","Message":"The handle to an object was closed.\r\n\r\nSubject :\r\n\tSecurity ID:\t\tS-1-5-21-3940915590-64593676-1414006259-500\r\n\tAccount Name:\t\twardog\r\n\tAccount Domain:\t\tWORKSTATION5\r\n\tLogon ID:\t\t0x13899EA\r\n\r\nObject:\r\n\tObject Server:\t\tSecurity\r\n\tHandle ID:\t\t0x4110\r\n\r\nProcess Information:\r\n\tProcess ID:\t\t0x428\r\n\tProcess Name:\t\tC:\\Windows\\System32\\wbem\\WMIC.exe"}
{"SubjectUserName":"wardog","TimeCreated":"2020-10-18 02:17:04.073","SubjectLogonId":"0x13899ea","TargetProcessId":"0x4","SubjectUserSid":"S-1-5-21-3940915590-64593676-1414006259-500","SourceHandleId":"0x6a0","EventID":4690,"Channel":"Security","SourceProcessId":"0x428","SubjectDomainName":"WORKSTATION5","Hostname":"WORKSTATION5","Task":"12807","TargetHandleId":"0x4110","Message":"An attempt was made to duplicate a handle to an object.\r\n\r\nSubject:\r\n\tSecurity ID:\t\tS-1-5-21-3940915590-64593676-1414006259-500\r\n\tAccount Name:\t\twardog\r\n\tAccount Domain:\t\tWORKSTATION5\r\n\tLogon ID:\t\t0x13899EA\r\n\r\nSource Handle Information:\r\n\tSource Handle ID:\t0x6a0\r\n\tSource Process ID:\t0x428\r\n\r\nNew Handle Information:\r\n\tTarget Handle ID:\t0x4110\r\n\tTarget Process ID:\t0x4"}
{"SubjectUserName":"wardog","TimeCreated":"2020-10-18 02:17:04.069","SubjectLogonId":"0x13899ea","ObjectServer":"Security","SubjectUserSid":"S-1-5-21-3940915590-64593676-1414006259-500","EventID":4658,"Channel":"Security","Task":"12801","SubjectDomainName":"WORKSTATION5","Hostname":"WORKSTATION5","ProcessName":"C:\\Windows\\System32\\wbem\\WMIC.exe","ProcessId":"0x428","HandleId":"0x684","Message":"The handle to an object was closed.\r\n\r\nSubject :\r\n\tSecurity ID:\t\tS-1-5-21-3940915590-64593676-1414006259-500\r\n\tAccount Name:\t\twardog\r\n\tAccount Domain:\t\tWORKSTATION5\r\n\tLogon ID:\t\t0x13899EA\r\n\r\nObject:\r\n\tObject Server:\t\tSecurity\r\n\tHandle ID:\t\t0x684\r\n\r\nProcess Information:\r\n\tProcess ID:\t\t0x428\r\n\tProcess Name:\t\tC:\\Windows\\System32\\wbem\\WMIC.exe"}
{"SubjectUserName":"wardog","TimeCreated":"2020-10-18 02:17:04.069","SubjectLogonId":"0x13899ea","ResourceAttributes":"-","ObjectServer":"Security","ObjectType":"Key","SubjectUserSid":"S-1-5-21-3940915590-64593676-1414006259-500","EventID":4663,"Channel":"Security","Task":"12801","ObjectName":"\\REGISTRY\\MACHINE\\SOFTWARE\\Microsoft\\Windows NT\\CurrentVersion\\Winlogon","AccessMask":"0x1","SubjectDomainName":"WORKSTATION5","Hostname":"WORKSTATION5","ProcessName":"C:\\Windows\\System32\\wbem\\WMIC.exe","ProcessId":"0x428","AccessList":"%%4432\n\t\t\t\t","HandleId":"0x684","Message":"An attempt was made to access an object.\r\n\r\nSubject:\r\n\tSecurity ID:\t\tS-1-5-21-3940915590-64593676-1414006259-500\r\n\tAccount Name:\t\twardog\r\n\tAccount Domain:\t\tWORKSTATION5\r\n\tLogon ID:\t\t0x13899EA\r\n\r\nObject:\r\n\tObject Server:\t\tSecurity\r\n\tObject Type:\t\tKey\r\n\tObject Name:\t\t\\REGISTRY\\MACHINE\\SOFTWARE\\Microsoft\\Windows NT\\CurrentVersion\\Winlogon\r\n\tHandle ID:\t\t0x684\r\n\tResource Attributes:\t-\r\n\r\nProcess Information:\r\n\tProcess ID:\t\t0x428\r\n\tProcess Name:\t\tC:\\Windows\\System32\\wbem\\WMIC.exe\r\n\r\nAccess Request Information:\r\n\tAccesses:\t\tQuery key value\r\n\t\t\t\t\r\n\tAccess Mask:\t\t0x1"}
{"SubjectUserName":"wardog","TimeCreated":"2020-10-18 02:17:04.069","SubjectLogonId":"0x13899ea","ResourceAttributes":"-","PrivilegeList":"-","ObjectServer":"Security","ObjectType":"Key","SubjectUserSid":"S-1-5-21-3940915590-64593676-1414006259-500","EventID":4656,"Channel":"Security","Task":"12801","ObjectName":"\\REGISTRY\\MACHINE\\SOFTWARE\\Microsoft\\Windows NT\\CurrentVersion\\Winlogon","AccessMask":"0x20019","SubjectDomainName":"WORKSTATION5","Hostname":"WORKSTATION5","ProcessName":"C:\\Windows\\System32\\wbem\\WMIC.exe","ProcessId":"0x428","AccessReason":"-","RestrictedSidCount":"0","AccessList":"%%1538\n\t\t\t\t%%4432\n\t\t\t\t%%4435\n\t\t\t\t%%4436\n\t\t\t\t","HandleId":"0x684","TransactionId":"{00000000-0000-0000-0000-000000000000}","Message":"A handle to an object was requested.\r\n\r\nSubject:\r\n\tSecurity ID:\t\tS-1-5-21-3940915590-64593676-1414006259-500\r\n\tAccount Name:\t\twardog\r\n\tAccount Domain:\t\tWORKSTATION5\r\n\tLogon ID:\t\t0x13899EA\r\n\r\nObject:\r\n\tObject Server:\t\tSecurity\r\n\tObject Type:\t\tKey\r\n\tObject Name:\t\t\\REGISTRY\\MACHINE\\SOFTWARE\\Microsoft\\Windows NT\\CurrentVersion\\Winlogon\r\n\tHandle ID:\t\t0x684\r\n\tResource Attributes:\t-\r\n\r\nProcess Information:\r\n\tProcess ID:\t\t0x428\r\n\tProcess Name:\t\tC:\\Windows\\System32\\wbem\\WMIC.exe\r\n\r\nAccess Request Information:\r\n\tTransaction ID:\t\t{00000000-0000-0000-0000-000000000000}\r\n\tAccesses:\t\tREAD_CONTROL\r\n\t\t\t\tQuery key value\r\n\t\t\t\tEnumerate sub-keys\r\n\t\t\t\tNotify about changes to keys\r\n\t\t\t\t\r\n\tAccess Reasons:\t\t-\r\n\tAccess Mask:\t\t0x20019\r\n\tPrivileges Used for Access Check:\t-\r\n\tRestricted SID Count:\t0"}
{"SubjectUserName":"wardog","TimeCreated":"2020-10-18 02:17:04.069","SubjectLogonId":"0x13899ea","ObjectServer":"Security","SubjectUserSid":"S-1-5-21-3940915590-64593676-1414006259-500","EventID":4658,"Channel":"Security","Task":"12801","SubjectDomainName":"WORKSTATION5","Hostname":"WORKSTATION5","ProcessName":"C:\\Windows\\System32\\wbem\\WMIC.exe","ProcessId":"0x428","HandleId":"0x3ad0","Message":"The handle to an object was closed.\r\n\r\nSubject :\r\n\tSecurity ID:\t\tS-1-5-21-3940915590-64593676-1414006259-500\r\n\tAccount Name:\t\twardog\r\n\tAccount Domain:\t\tWORKSTATION5\r\n\tLogon ID:\t\t0x13899EA\r\n\r\nObject:\r\n\tObject Server:\t\tSecurity\r\n\tHandle ID:\t\t0x3ad0\r\n\r\nProcess Information:\r\n\tProcess ID:\t\t0x428\r\n\tProcess Name:\t\tC:\\Windows\\System32\\wbem\\WMIC.exe"}
{"SubjectUserName":"wardog","TimeCreated":"2020-10-18 02:17:04.069","SubjectLogonId":"0x13899ea","TargetProcessId":"0x4","SubjectUserSid":"S-1-5-21-3940915590-64593676-1414006259-500","SourceHandleId":"0x684","EventID":4690,"Channel":"Security","SourceProcessId":"0x428","SubjectDomainName":"WORKSTATION5","Hostname":"WORKSTATION5","Task":"12807","TargetHandleId":"0x3ad0","Message":"An attempt was made to duplicate a handle to an object.\r\n\r\nSubject:\r\n\tSecurity ID:\t\tS-1-5-21-3940915590-64593676-1414006259-500\r\n\tAccount Name:\t\twardog\r\n\tAccount Domain:\t\tWORKSTATION5\r\n\tLogon ID:\t\t0x13899EA\r\n\r\nSource Handle Information:\r\n\tSource Handle ID:\t0x684\r\n\tSource Process ID:\t0x428\r\n\r\nNew Handle Information:\r\n\tTarget Handle ID:\t0x3ad0\r\n\tTarget Process ID:\t0x4"}
{"SubjectUserName":"wardog","TimeCreated":"2020-10-18 02:17:04.033","SubjectLogonId":"0x13899ea","PrivilegeList":"SeTakeOwnershipPrivilege","ObjectServer":"Security","ObjectType":"Semaphore","SubjectUserSid":"S-1-5-21-3940915590-64593676-1414006259-500","EventID":4674,"Channel":"Security","Task":"13056","ObjectName":"\\Sessions\\2\\BaseNamedObjects\\SM0:1064:304:WilStaging_02_p0h","AccessMask":"%%1537\n\t\t\t\t%%1538\n\t\t\t\t%%1539\n\t\t\t\t%%1540\n\t\t\t\t%%1541\n\t\t\t\t%%4528\n\t\t\t\t%%4529\n\t\t\t\t","SubjectDomainName":"WORKSTATION5","Hostname":"WORKSTATION5","ProcessName":"C:\\Windows\\System32\\wbem\\WMIC.exe","ProcessId":"0x428","HandleId":"0x5f4","Message":"An operation was attempted on a privileged object.\r\n\r\nSubject:\r\n\tSecurity ID:\t\tS-1-5-21-3940915590-64593676-1414006259-500\r\n\tAccount Name:\t\twardog\r\n\tAccount Domain:\t\tWORKSTATION5\r\n\tLogon ID:\t\t0x13899EA\r\n\r\nObject:\r\n\tObject Server:\tSecurity\r\n\tObject Type:\tSemaphore\r\n\tObject Name:\t\\Sessions\\2\\BaseNamedObjects\\SM0:1064:304:WilStaging_02_p0h\r\n\tObject Handle:\t0x5f4\r\n\r\nProcess Information:\r\n\tProcess ID:\t0x428\r\n\tProcess Name:\tC:\\Windows\\System32\\wbem\\WMIC.exe\r\n\r\nRequested Operation:\r\n\tDesired Access:\tDELETE\r\n\t\t\t\tREAD_CONTROL\r\n\t\t\t\tWRITE_DAC\r\n\t\t\t\tWRITE_OWNER\r\n\t\t\t\tSYNCHRONIZE\r\n\t\t\t\tQuery semaphore state\r\n\t\t\t\tModify semaphore state\r\n\t\t\t\t\r\n\tPrivileges:\t\tSeTakeOwnershipPrivilege"}
{"SubjectUserName":"wardog","TimeCreated":"2020-10-18 02:17:04.033","SubjectLogonId":"0x13899ea","PrivilegeList":"SeTakeOwnershipPrivilege","ObjectServer":"Security","ObjectType":"Semaphore","SubjectUserSid":"S-1-5-21-3940915590-64593676-1414006259-500","EventID":4674,"Channel":"Security","Task":"13056","ObjectName":"\\Sessions\\2\\BaseNamedObjects\\SM0:1064:304:WilStaging_02_p0","AccessMask":"%%1537\n\t\t\t\t%%1538\n\t\t\t\t%%1539\n\t\t\t\t%%1540\n\t\t\t\t%%1541\n\t\t\t\t%%4528\n\t\t\t\t%%4529\n\t\t\t\t","SubjectDomainName":"WORKSTATION5","Hostname":"WORKSTATION5","ProcessName":"C:\\Windows\\System32\\wbem\\WMIC.exe","ProcessId":"0x428","HandleId":"0x5f0","Message":"An operation was attempted on a privileged object.\r\n\r\nSubject:\r\n\tSecurity ID:\t\tS-1-5-21-3940915590-64593676-1414006259-500\r\n\tAccount Name:\t\twardog\r\n\tAccount Domain:\t\tWORKSTATION5\r\n\tLogon ID:\t\t0x13899EA\r\n\r\nObject:\r\n\tObject Server:\tSecurity\r\n\tObject Type:\tSemaphore\r\n\tObject Name:\t\\Sessions\\2\\BaseNamedObjects\\SM0:1064:304:WilStaging_02_p0\r\n\tObject Handle:\t0x5f0\r\n\r\nProcess Information:\r\n\tProcess ID:\t0x428\r\n\tProcess Name:\tC:\\Windows\\System32\\wbem\\WMIC.exe\r\n\r\nRequested Operation:\r\n\tDesired Access:\tDELETE\r\n\t\t\t\tREAD_CONTROL\r\n\t\t\t\tWRITE_DAC\r\n\t\t\t\tWRITE_OWNER\r\n\t\t\t\tSYNCHRONIZE\r\n\t\t\t\tQuery semaphore state\r\n\t\t\t\tModify semaphore state\r\n\t\t\t\t\r\n\tPrivileges:\t\tSeTakeOwnershipPrivilege"}
{"SubjectUserName":"wardog","TimeCreated":"2020-10-18 02:17:04.033","SubjectLogonId":"0x13899ea","PrivilegeList":"SeTakeOwnershipPrivilege","ObjectServer":"Security","ObjectType":"-","SubjectUserSid":"S-1-5-21-3940915590-64593676-1414006259-500","EventID":4674,"Channel":"Security","Task":"13056","ObjectName":"-","AccessMask":"2031617","SubjectDomainName":"WORKSTATION5","Hostname":"WORKSTATION5","ProcessName":"C:\\Windows\\System32\\wbem\\WMIC.exe","ProcessId":"0x428","HandleId":"0x5ec","Message":"An operation was attempted on a privileged object.\r\n\r\nSubject:\r\n\tSecurity ID:\t\tS-1-5-21-3940915590-64593676-1414006259-500\r\n\tAccount Name:\t\twardog\r\n\tAccount Domain:\t\tWORKSTATION5\r\n\tLogon ID:\t\t0x13899EA\r\n\r\nObject:\r\n\tObject Server:\tSecurity\r\n\tObject Type:\t-\r\n\tObject Name:\t-\r\n\tObject Handle:\t0x5ec\r\n\r\nProcess Information:\r\n\tProcess ID:\t0x428\r\n\tProcess Name:\tC:\\Windows\\System32\\wbem\\WMIC.exe\r\n\r\nRequested Operation:\r\n\tDesired Access:\t2031617\r\n\tPrivileges:\t\tSeTakeOwnershipPrivilege"}
