{"TimeCreated":"2020-10-18 02:17:04.641","SignatureStatus":"Valid","Signature":"Microsoft Windows","Product":"Microsoft Windows Operating System","Hashes":"SHA1=A67E06F48551511CC7DBA5CC25DCBC7545055F7D,MD5=6771565B0987212CA96F2D255E6FDDF3,SHA256=9B4F09D39506FF2DB190CE87BD7329A3985795A3BB884FF5E45AB854A325B2CB,IMPHASH=2478818DF8CBFB1E230B6EF1F3B3BA22","UtcTime":"2020-10-18 06:17:04.633","ProcessGuid":"{39e4a257-dde0-5f8b-501b-000000000400}","Image":"C:\\Windows\\System32\\calc.exe","ImageLoaded":"C:\\Windows\\System32\\twinui.dll","EventID":7,"Channel":"Microsoft-Windows-Sysmon/Operational","Task":"7","RuleName":"-","FileVersion":"10.0.18362.1110 (WinBuild.160101.0800)","Message":"Image loaded:\r\nRuleName: -\r\nUtcTime: 2020-10-18 06:17:04.633\r\nProcessGuid: {39e4a257-dde0-5f8b-501b-000000000400}\r\nProcessId: 10108\r\nImage: C:\\Windows\\System32\\calc.exe\r\nImageLoaded: C:\\Windows\\System32\\twinui.dll\r\nFileVersion: 10.0.18362.1110 (WinBuild.160101.0800)\r\nDescription: TWINUI\r\nProduct: Microsoft Windows Operating System\r\nCompany: Microsoft Corporation\r\nOriginalFileName: TWINUI.dll\r\nHashes: SHA1=A67E06F48551511CC7DBA5CC25DCBC7545055F7D,MD5=6771565B0987212CA96F2D255E6FDDF3,SHA256=9B4F09D39506FF2DB190CE87BD7329A3985795A3BB884FF5E45AB854A325B2CB,IMPHASH=2478818DF8CBFB1E230B6EF1F3B3BA22\r\nSigned: true\r\nSignature: Microsoft Windows\r\nSignatureStatus: Valid","Hostname":"WORKSTATION5","ProcessId":"10108","Description":"TWINUI","Company":"Microsoft Corporation","Signed":"true","OriginalFileName":"TWINUI.dll"}
{"TimeCreated":"2020-10-18 02:17:04.640","SignatureStatus":"Valid","Signature":"Microsoft Windows","Product":"Microsoft Windows Operating System","Hashes":"SHA1=A4A7343F1879C37FB6F22BCA23F633A36BFEDFAB,MD5=1A0BB6B1BDAE905B7282930A94B4FEB2,SHA256=0B3BEAA1E49CEE79A9C9F518979A5481139390D297FA5ACD5427A4CDB60D6D00,IMPHASH=21667D44701C8F5F61867EF5B495ACBD","UtcTime":"2020-10-18 06:17:04.633","ProcessGuid":"{39e4a257-dde0-5f8b-501b-000000000400}","Image":"C:\\Windows\\System32\\calc.exe","ImageLoaded":"C:\\Windows\\System32\\apphelp.dll","EventID":7,"Channel":"Microsoft-Windows-Sysmon/Operational","Task":"7","RuleName":"-","FileVersion":"10.0.18362.1139 (WinBuild.160101.0800)","Message":"Image loaded:\r\nRuleName: -\r\nUtcTime: 2020-10-18 06:17:04.633\r\nProcessGuid: {39e4a257-dde0-5f8b-501b-000000000400}\r\nProcessId: 10108\r\nImage: C:\\Windows\\System32\\calc.exe\r\nImageLoaded: C:\\Windows\\System32\\apphelp.dll\r\nFileVersion: 10.0.18362.1139 (WinBuild.160101.0800)\r\nDescription: Application Compatibility Client Library\r\nProduct: Microsoft Windows Operating System\r\nCompany: Microsoft Corporation\r\nOriginalFileName: Apphelp\r\nHashes: SHA1=A4A7343F1879C37FB6F22BCA23F633A36BFEDFAB,MD5=1A0BB6B1BDAE905B7282930A94B4FEB2,SHA256=0B3BEAA1E49CEE79A9C9F518979A5481139390D297FA5ACD5427A4CDB60D6D00,IMPHASH=21667D44701C8F5F61867EF5B495ACBD\r\nSigned: true\r\nSignature: Microsoft Windows\r\nSignatureStatus: Valid","Hostname":"WORKSTATION5","ProcessId":"10108","Description":"Application Compatibility Client Library","Company":"Microsoft Corporation","Signed":"true","OriginalFileName":"Apphelp"}
{"TimeCreated":"2020-10-18 02:17:04.625","UtcTime":"2020-10-18 06:17:04.617","ProcessGuid":"{39e4a257-dde0-5f8b-501b-000000000400}","Image":"C:\\Windows\\System32\\calc.exe","EventID":12,"Channel":"Microsoft-Windows-Sysmon/Operational","Task":"12","RuleName":"-","Message":"Registry object added or deleted:\r\nRuleName: -\r\nEventType: CreateKey\r\nUtcTime: 2020-10-18 06:17:04.617\r\nProcessGuid: {39e4a257-dde0-5f8b-501b-000000000400}\r\nProcessId: 10108\r\nImage: C:\\Windows\\System32\\calc.exe\r\nTargetObject: HKU\\S-1-5-21-3940915590-64593676-1414006259-500\\Software\\Microsoft\\Windows\\CurrentVersion\\ApplicationAssociationToasts","Hostname":"WORKSTATION5","ProcessId":"10108","EventType":"CreateKey","TargetObject":"HKU\\S-1-5-21-3940915590-64593676-1414006259-500\\Software\\Microsoft\\Windows\\CurrentVersion\\ApplicationAssociationToasts"}
{"TimeCreated":"2020-10-18 02:17:04.620","SignatureStatus":"Valid","Signature":"Microsoft Windows","Product":"Microsoft Windows Operating System","Hashes":"SHA1=B2A3785E9851C37F82BFE374FA83B154A8C69DC1,MD5=D6402D9D7E2FC26773B1D5BE17DC59AC,SHA256=AC9D9701EB99C0FBDEAF1525A390804785E6D4C30129D2E51E47AEDEA02D438A,IMPHASH=8C5EF934F2973563A30D41BD42A4CD00","UtcTime":"2020-10-18 06:17:04.601","ProcessGuid":"{39e4a257-dde0-5f8b-501b-000000000400}","Image":"C:\\Windows\\System32\\calc.exe","ImageLoaded":"C:\\Windows\\System32\\mlang.dll","EventID":7,"Channel":"Microsoft-Windows-Sysmon/Operational","Task":"7","RuleName":"-","FileVersion":"10.0.18362.1 (WinBuild.160101.0800)","Message":"Image loaded:\r\nRuleName: -\r\nUtcTime: 2020-10-18 06:17:04.601\r\nProcessGuid: {39e4a257-dde0-5f8b-501b-000000000400}\r\nProcessId: 10108\r\nImage: C:\\Windows\\System32\\calc.exe\r\nImageLoaded: C:\\Windows\\System32\\mlang.dll\r\nFileVersion: 10.0.18362.1 (WinBuild.160101.0800)\r\nDescription: Multi Language Support DLL\r\nProduct: Microsoft Windows Operating System\r\nCompany: Microsoft Corporation\r\nOriginalFileName: MLANG.DLL\r\nHashes: SHA1=B2A3785E9851C37F82BFE374FA83B154A8C69DC1,MD5=D6402D9D7E2FC26773B1D5BE17DC59AC,SHA256=AC9D9701EB99C0FBDEAF1525A390804785E6D4C30129D2E51E47AEDEA02D438A,IMPHASH=8C5EF934F2973563A30D41BD42A4CD00\r\nSigned: true\r\nSignature: Microsoft Windows\r\nSignatureStatus: Valid","Hostname":"WORKSTATION5","ProcessId":"10108","Description":"Multi Language Support DLL","Company":"Microsoft Corporation","Signed":"true","OriginalFileName":"MLANG.DLL"}
{"TimeCreated":"2020-10-18 02:17:04.609","UtcTime":"2020-10-18 06:17:04.601","ProcessGuid":"{39e4a257-dde0-5f8b-501b-000000000400}","Image":"C:\\Windows\\System32\\calc.exe","EventID":13,"Channel":"Microsoft-Windows-Sysmon/Operational","Task":"13","RuleName":"-","Message":"Registry value set:\r\nRuleName: -\r\nEventType: SetValue\r\nUtcTime: 2020-10-18 06:17:04.601\r\nProcessGuid: {39e4a257-dde0-5f8b-501b-000000000400}\r\nProcessId: 10108\r\nImage: C:\\Windows\\System32\\calc.exe\r\nTargetObject: HKU\\S-1-5-21-3940915590-64593676-1414006259-500\\Software\\Microsoft\\Windows\\CurrentVersion\\Internet Settings\\5.0\\Cache\\History\\CachePrefix\r\nDetails: Visited:","Hostname":"WORKSTATION5","Details":"Visited:","ProcessId":"10108","EventType":"SetValue","TargetObject":"HKU\\S-1-5-21-3940915590-64593676-1414006259-500\\Software\\Microsoft\\Windows\\CurrentVersion\\Internet Settings\\5.0\\Cache\\History\\CachePrefix"}
{"TimeCreated":"2020-10-18 02:17:04.609","UtcTime":"2020-10-18 06:17:04.601","ProcessGuid":"{39e4a257-dde0-5f8b-501b-000000000400}","Image":"C:\\Windows\\System32\\calc.exe","EventID":13,"Channel":"Microsoft-Windows-Sysmon/Operational","Task":"13","RuleName":"-","Message":"Registry value set:\r\nRuleName: -\r\nEventType: SetValue\r\nUtcTime: 2020-10-18 06:17:04.601\r\nProcessGuid: {39e4a257-dde0-5f8b-501b-000000000400}\r\nProcessId: 10108\r\nImage: C:\\Windows\\System32\\calc.exe\r\nTargetObject: HKU\\S-1-5-21-3940915590-64593676-1414006259-500\\Software\\Microsoft\\Windows\\CurrentVersion\\Internet Settings\\5.0\\Cache\\Cookies\\CachePrefix\r\nDetails: Cookie:","Hostname":"WORKSTATION5","Details":"Cookie:","ProcessId":"10108","EventType":"SetValue","TargetObject":"HKU\\S-1-5-21-3940915590-64593676-1414006259-500\\Software\\Microsoft\\Windows\\CurrentVersion\\Internet Settings\\5.0\\Cache\\Cookies\\CachePrefix"}
{"TimeCreated":"2020-10-18 02:17:04.609","UtcTime":"2020-10-18 06:17:04.601","ProcessGuid":"{39e4a257-dde0-5f8b-501b-000000000400}","Image":"C:\\Windows\\System32\\calc.exe","EventID":13,"Channel":"Microsoft-Windows-Sysmon/Operational","Task":"13","RuleName":"-","Message":"Registry value set:\r\nRuleName: -\r\nEventType: SetValue\r\nUtcTime: 2020-10-18 06:17:04.601\r\nProcessGuid: {39e4a257-dde0-5f8b-501b-000000000400}\r\nProcessId: 10108\r\nImage: C:\\Windows\\System32\\calc.exe\r\nTargetObject: HKU\\S-1-5-21-3940915590-64593676-1414006259-500\\Software\\Microsoft\\Windows\\CurrentVersion\\Internet Settings\\5.0\\Cache\\Content\\CachePrefix\r\nDetails: (Empty)","Hostname":"WORKSTATION5","Details":"(Empty)","ProcessId":"10108","EventType":"SetValue","TargetObject":"HKU\\S-1-5-21-3940915590-64593676-1414006259-500\\Software\\Microsoft\\Windows\\CurrentVersion\\Internet Settings\\5.0\\Cache\\Content\\CachePrefix"}
{"TimeCreated":"2020-10-18 02:17:04.606","SignatureStatus":"Valid","Signature":"Microsoft Windows","Product":"Internet Explorer","Hashes":"SHA1=694B3C3F0F9D5EF7709765E2454A759F24138090,MD5=6B39A43271B0A631EAEFDAFDD51D17E3,SHA256=A0F867460313263A0AC9D791F1A369B7E18919228A9F3A85CE82005F3E3202AC,IMPHASH=6ADB8F4093077F6949DD162DA29572BB","UtcTime":"2020-10-18 06:17:04.601","ProcessGuid":"{39e4a257-dde0-5f8b-501b-000000000400}","Image":"C:\\Windows\\System32\\calc.exe","ImageLoaded":"C:\\Windows\\System32\\wininet.dll","EventID":7,"Channel":"Microsoft-Windows-Sysmon/Operational","Task":"7","RuleName":"-","FileVersion":"11.00.18362.1082 (WinBuild.160101.0800)","Message":"Image loaded:\r\nRuleName: -\r\nUtcTime: 2020-10-18 06:17:04.601\r\nProcessGuid: {39e4a257-dde0-5f8b-501b-000000000400}\r\nProcessId: 10108\r\nImage: C:\\Windows\\System32\\calc.exe\r\nImageLoaded: C:\\Windows\\System32\\wininet.dll\r\nFileVersion: 11.00.18362.1082 (WinBuild.160101.0800)\r\nDescription: Internet Extensions for Win32\r\nProduct: Internet Explorer\r\nCompany: Microsoft Corporation\r\nOriginalFileName: wininet.dll\r\nHashes: SHA1=694B3C3F0F9D5EF7709765E2454A759F24138090,MD5=6B39A43271B0A631EAEFDAFDD51D17E3,SHA256=A0F867460313263A0AC9D791F1A369B7E18919228A9F3A85CE82005F3E3202AC,IMPHASH=6ADB8F4093077F6949DD162DA29572BB\r\nSigned: true\r\nSignature: Microsoft Windows\r\nSignatureStatus: Valid","Hostname":"WORKSTATION5","ProcessId":"10108","Description":"Internet Extensions for Win32","Company":"Microsoft Corporation","Signed":"true","OriginalFileName":"wininet.dll"}
{"SourceImage":"C:\\windows\\system32\\lsass.exe","TimeCreated":"2020-10-18 02:17:04.599","GrantedAccess":"0x1478","SourceThreadId":"6640","CallTrace":"C:\\windows\\SYSTEM32\\ntdll.dll+9c584|C:\\windows\\system32\\lsasrv.dll+179a6|C:\\windows\\system32\\lsasrv.dll+1852f|C:\\windows\\system32\\lsasrv.dll+17814|C:\\windows\\SYSTEM32\\SspiSrv.dll+1a72|C:\\windows\\System32\\RPCRT4.dll+76a63|C:\\windows\\System32\\RPCRT4.dll+da036|C:\\windows\\System32\\RPCRT4.dll+37b7c|C:\\windows\\System32\\RPCRT4.dll+549f8|C:\\windows\\System32\\RPCRT4.dll+2c9b1|C:\\windows\\System32\\RPCRT4.dll+2c26b|C:\\windows\\System32\\RPCRT4.dll+1a8cf|C:\\windows\\System32\\RPCRT4.dll+19d7a|C:\\windows\\System32\\RPCRT4.dll+19361|C:\\windows\\System32\\RPCRT4.dll+18dce|C:\\windows\\System32\\RPCRT4.dll+16a05|C:\\windows\\SYSTEM32\\ntdll.dll+333ed|C:\\windows\\SYSTEM32\\ntdll.dll+34142|C:\\windows\\System32\\KERNEL32.DLL+17c24|C:\\windows\\SYSTEM32\\ntdll.dll+6cea1","UtcTime":"2020-10-18 06:17:04.585","TargetProcessGUID":"{39e4a257-dde0-5f8b-501b-000000000400}","SourceProcessId":"748","EventID":10,"Channel":"Microsoft-Windows-Sysmon/Operational","Task":"10","RuleName":"-","Message":"Process accessed:\r\nRuleName: -\r\nUtcTime: 2020-10-18 06:17:04.585\r\nSourceProcessGUID: {39e4a257-f719-5f87-0c00-000000000400}\r\nSourceProcessId: 748\r\nSourceThreadId: 6640\r\nSourceImage: C:\\windows\\system32\\lsass.exe\r\nTargetProcessGUID: {39e4a257-dde0-5f8b-501b-000000000400}\r\nTargetProcessId: 10108\r\nTargetImage: C:\\Windows\\System32\\calc.exe\r\nGrantedAccess: 0x1478\r\nCallTrace: C:\\windows\\SYSTEM32\\ntdll.dll+9c584|C:\\windows\\system32\\lsasrv.dll+179a6|C:\\windows\\system32\\lsasrv.dll+1852f|C:\\windows\\system32\\lsasrv.dll+17814|C:\\windows\\SYSTEM32\\SspiSrv.dll+1a72|C:\\windows\\System32\\RPCRT4.dll+76a63|C:\\windows\\System32\\RPCRT4.dll+da036|C:\\windows\\System32\\RPCRT4.dll+37b7c|C:\\windows\\System32\\RPCRT4.dll+549f8|C:\\windows\\System32\\RPCRT4.dll+2c9b1|C:\\windows\\System32\\RPCRT4.dll+2c26b|C:\\windows\\System32\\RPCRT4.dll+1a8cf|C:\\windows\\System32\\RPCRT4.dll+19d7a|C:\\windows\\System32\\RPCRT4.dll+19361|C:\\windows\\System32\\RPCRT4.dll+18dce|C:\\windows\\System32\\RPCRT4.dll+16a05|C:\\windows\\SYSTEM32\\ntdll.dll+333ed|C:\\windows\\SYSTEM32\\ntdll.dll+34142|C:\\windows\\System32\\KERNEL32.DLL+17c24|C:\\windows\\SYSTEM32\\ntdll.dll+6cea1","Hostname":"WORKSTATION5","TargetProcessId":"10108","TargetImage":"C:\\Windows\\System32\\calc.exe","SourceProcessGUID":"{39e4a257-f719-5f87-0c00-000000000400}"}
{"SourceImage":"C:\\windows\\system32\\lsass.exe","TimeCreated":"2020-10-18 02:17:04.599","GrantedAccess":"0x1000","SourceThreadId":"6640","CallTrace":"C:\\windows\\SYSTEM32\\ntdll.dll+9d154|C:\\windows\\System32\\RPCRT4.dll+2d354|C:\\windows\\system32\\lsasrv.dll+176b9|C:\\windows\\SYSTEM32\\SspiSrv.dll+1a72|C:\\windows\\System32\\RPCRT4.dll+76a63|C:\\windows\\System32\\RPCRT4.dll+da036|C:\\windows\\System32\\RPCRT4.dll+37b7c|C:\\windows\\System32\\RPCRT4.dll+549f8|C:\\windows\\System32\\RPCRT4.dll+2c9b1|C:\\windows\\System32\\RPCRT4.dll+2c26b|C:\\windows\\System32\\RPCRT4.dll+1a8cf|C:\\windows\\System32\\RPCRT4.dll+19d7a|C:\\windows\\System32\\RPCRT4.dll+19361|C:\\windows\\System32\\RPCRT4.dll+18dce|C:\\windows\\System32\\RPCRT4.dll+16a05|C:\\windows\\SYSTEM32\\ntdll.dll+333ed|C:\\windows\\SYSTEM32\\ntdll.dll+34142|C:\\windows\\System32\\KERNEL32.DLL+17c24|C:\\windows\\SYSTEM32\\ntdll.dll+6cea1","UtcTime":"2020-10-18 06:17:04.585","TargetProcessGUID":"{39e4a257-dde0-5f8b-501b-000000000400}","SourceProcessId":"748","EventID":10,"Channel":"Microsoft-Windows-Sysmon/Operational","Task":"10","RuleName":"-","Message":"Process accessed:\r\nRuleName: -\r\nUtcTime: 2020-10-18 06:17:04.585\r\nSourceProcessGUID: {39e4a257-f719-5f87-0c00-000000000400}\r\nSourceProcessId: 748\r\nSourceThreadId: 6640\r\nSourceImage: C:\\windows\\system32\\lsass.exe\r\nTargetProcessGUID: {39e4a257-dde0-5f8b-501b-000000000400}\r\nTargetProcessId: 10108\r\nTargetImage: C:\\Windows\\System32\\calc.exe\r\nGrantedAccess: 0x1000\r\nCallTrace: C:\\windows\\SYSTEM32\\ntdll.dll+9d154|C:\\windows\\System32\\RPCRT4.dll+2d354|C:\\windows\\system32\\lsasrv.dll+176b9|C:\\windows\\SYSTEM32\\SspiSrv.dll+1a72|C:\\windows\\System32\\RPCRT4.dll+76a63|C:\\windows\\System32\\RPCRT4.dll+da036|C:\\windows\\System32\\RPCRT4.dll+37b7c|C:\\windows\\System32\\RPCRT4.dll+549f8|C:\\windows\\System32\\RPCRT4.dll+2c9b1|C:\\windows\\System32\\RPCRT4.dll+2c26b|C:\\windows\\System32\\RPCRT4.dll+1a8cf|C:\\windows\\System32\\RPCRT4.dll+19d7a|C:\\windows\\System32\\RPCRT4.dll+19361|C:\\windows\\System32\\RPCRT4.dll+18dce|C:\\windows\\System32\\RPCRT4.dll+16a05|C:\\windows\\SYSTEM32\\ntdll.dll+333ed|C:\\windows\\SYSTEM32\\ntdll.dll+34142|C:\\windows\\System32\\KERNEL32.DLL+17c24|C:\\windows\\SYSTEM32\\ntdll.dll+6cea1","Hostname":"WORKSTATION5","TargetProcessId":"10108","TargetImage":"C:\\Windows\\System32\\calc.exe","SourceProcessGUID":"{39e4a257-f719-5f87-0c00-000000000400}"}
{"TimeCreated":"2020-10-18 02:17:04.598","SignatureStatus":"Valid","Signature":"Microsoft Windows","Product":"Microsoft Windows Operating System","Hashes":"SHA1=A30A81AB6EB472CC79CF9E8C5B47ECA85998801A,MD5=DA9647C845792371DD2F95E1CCC9A63A,SHA256=FE741D2F986B0B9557A90BDF0560F49CD17381D1094C42A91634AABE49F46A1E,IMPHASH=D08C52FA17116C062A28110FE7465D80","UtcTime":"2020-10-18 06:17:04.585","ProcessGuid":"{39e4a257-dde0-5f8b-501b-000000000400}","Image":"C:\\Windows\\System32\\calc.exe","ImageLoaded":"C:\\Windows\\System32\\sspicli.dll","EventID":7,"Channel":"Microsoft-Windows-Sysmon/Operational","Task":"7","RuleName":"-","FileVersion":"10.0.18362.1049 (WinBuild.160101.0800)","Message":"Image loaded:\r\nRuleName: -\r\nUtcTime: 2020-10-18 06:17:04.585\r\nProcessGuid: {39e4a257-dde0-5f8b-501b-000000000400}\r\nProcessId: 10108\r\nImage: C:\\Windows\\System32\\calc.exe\r\nImageLoaded: C:\\Windows\\System32\\sspicli.dll\r\nFileVersion: 10.0.18362.1049 (WinBuild.160101.0800)\r\nDescription: Security Support Provider Interface\r\nProduct: Microsoft Windows Operating System\r\nCompany: Microsoft Corporation\r\nOriginalFileName: sspicli.dll\r\nHashes: SHA1=A30A81AB6EB472CC79CF9E8C5B47ECA85998801A,MD5=DA9647C845792371DD2F95E1CCC9A63A,SHA256=FE741D2F986B0B9557A90BDF0560F49CD17381D1094C42A91634AABE49F46A1E,IMPHASH=D08C52FA17116C062A28110FE7465D80\r\nSigned: true\r\nSignature: Microsoft Windows\r\nSignatureStatus: Valid","Hostname":"WORKSTATION5","ProcessId":"10108","Description":"Security Support Provider Interface","Company":"Microsoft Corporation","Signed":"true","OriginalFileName":"sspicli.dll"}
{"TimeCreated":"2020-10-18 02:17:04.595","SignatureStatus":"Valid","Signature":"Microsoft Windows","Product":"Microsoft Windows Operating System","Hashes":"SHA1=BB449564B72F3687C311648D8E5C02EDD5D51D96,MD5=2C98AA00D1633E9AFAEAABA6CC87F287,SHA256=5DD8571132EF404927ADF7A1AC7EB26823D89271F62883F1E56C6EEEABC3D466,IMPHASH=F90C2A389F295606533D615109FB248B","UtcTime":"2020-10-18 06:17:04.585","ProcessGuid":"{39e4a257-dde0-5f8b-501b-000000000400}","Image":"C:\\Windows\\System32\\calc.exe","ImageLoaded":"C:\\Windows\\System32\\secur32.dll","EventID":7,"Channel":"Microsoft-Windows-Sysmon/Operational","Task":"7","RuleName":"-","FileVersion":"10.0.18362.1 (WinBuild.160101.0800)","Message":"Image loaded:\r\nRuleName: -\r\nUtcTime: 2020-10-18 06:17:04.585\r\nProcessGuid: {39e4a257-dde0-5f8b-501b-000000000400}\r\nProcessId: 10108\r\nImage: C:\\Windows\\System32\\calc.exe\r\nImageLoaded: C:\\Windows\\System32\\secur32.dll\r\nFileVersion: 10.0.18362.1 (WinBuild.160101.0800)\r\nDescription: Security Support Provider Interface\r\nProduct: Microsoft Windows Operating System\r\nCompany: Microsoft Corporation\r\nOriginalFileName: secur32.dll\r\nHashes: SHA1=BB449564B72F3687C311648D8E5C02EDD5D51D96,MD5=2C98AA00D1633E9AFAEAABA6CC87F287,SHA256=5DD8571132EF404927ADF7A1AC7EB26823D89271F62883F1E56C6EEEABC3D466,IMPHASH=F90C2A389F295606533D615109FB248B\r\nSigned: true\r\nSignature: Microsoft Windows\r\nSignatureStatus: Valid","Hostname":"WORKSTATION5","ProcessId":"10108","Description":"Security Support Provider Interface","Company":"Microsoft Corporation","Signed":"true","OriginalFileName":"secur32.dll"}
{"TimeCreated":"2020-10-18 02:17:04.592","SignatureStatus":"Valid","Signature":"Microsoft Windows","Product":"Microsoft Windows Operating System","Hashes":"SHA1=13D34F2596A43A2467CFC901CEEBE8457B7F195F,MD5=85B87A7B4F529EC541818C241B8C0F43,SHA256=2505CBAB7459C0ECD8EDDCD3E2C09827B08D718BAF197AB24BB4E69B3948A27F,IMPHASH=3173150472840D83979F027AE2D1081C","UtcTime":"2020-10-18 06:17:04.585","ProcessGuid":"{39e4a257-dde0-5f8b-501b-000000000400}","Image":"C:\\Windows\\System32\\calc.exe","ImageLoaded":"C:\\Windows\\System32\\edputil.dll","EventID":7,"Channel":"Microsoft-Windows-Sysmon/Operational","Task":"7","RuleName":"-","FileVersion":"10.0.18362.1 (WinBuild.160101.0800)","Message":"Image loaded:\r\nRuleName: -\r\nUtcTime: 2020-10-18 06:17:04.585\r\nProcessGuid: {39e4a257-dde0-5f8b-501b-000000000400}\r\nProcessId: 10108\r\nImage: C:\\Windows\\System32\\calc.exe\r\nImageLoaded: C:\\Windows\\System32\\edputil.dll\r\nFileVersion: 10.0.18362.1 (WinBuild.160101.0800)\r\nDescription: EDP util\r\nProduct: Microsoft Windows Operating System\r\nCompany: Microsoft Corporation\r\nOriginalFileName: EDPUTIL.DLL\r\nHashes: SHA1=13D34F2596A43A2467CFC901CEEBE8457B7F195F,MD5=85B87A7B4F529EC541818C241B8C0F43,SHA256=2505CBAB7459C0ECD8EDDCD3E2C09827B08D718BAF197AB24BB4E69B3948A27F,IMPHASH=3173150472840D83979F027AE2D1081C\r\nSigned: true\r\nSignature: Microsoft Windows\r\nSignatureStatus: Valid","Hostname":"WORKSTATION5","ProcessId":"10108","Description":"EDP util","Company":"Microsoft Corporation","Signed":"true","OriginalFileName":"EDPUTIL.DLL"}
{"SourceImage":"C:\\windows\\system32\\svchost.exe","TimeCreated":"2020-10-18 02:17:04.590","GrantedAccess":"0x1040","SourceThreadId":"4976","CallTrace":"C:\\windows\\SYSTEM32\\ntdll.dll+9d154|C:\\windows\\System32\\RPCRT4.dll+2d354|C:\\windows\\System32\\combase.dll+b855b|C:\\windows\\System32\\combase.dll+68808|C:\\windows\\System32\\combase.dll+666fb|C:\\windows\\System32\\combase.dll+66800|C:\\windows\\System32\\combase.dll+66664|C:\\windows\\System32\\combase.dll+3a668|C:\\windows\\System32\\combase.dll+3a0cb|C:\\windows\\System32\\combase.dll+87c25|C:\\windows\\System32\\combase.dll+84744|C:\\windows\\System32\\combase.dll+84680|C:\\windows\\System32\\combase.dll+8431f|C:\\windows\\System32\\combase.dll+89fd7|C:\\windows\\System32\\combase.dll+a7659|C:\\windows\\System32\\RPCRT4.dll+da15e|C:\\windows\\System32\\RPCRT4.dll+383b9|C:\\windows\\System32\\combase.dll+a5d13|C:\\windows\\System32\\RPCRT4.dll+59bab|C:\\windows\\System32\\combase.dll+8d0e3|C:\\windows\\System32\\combase.dll+8ced3|C:\\windows\\System32\\combase.dll+a9556|C:\\windows\\System32\\combase.dll+8a4fa|C:\\windows\\System32\\combase.dll+a47ed","UtcTime":"2020-10-18 06:17:04.585","TargetProcessGUID":"{39e4a257-dde0-5f8b-501b-000000000400}","SourceProcessId":"3372","EventID":10,"Channel":"Microsoft-Windows-Sysmon/Operational","Task":"10","RuleName":"-","Message":"Process accessed:\r\nRuleName: -\r\nUtcTime: 2020-10-18 06:17:04.585\r\nSourceProcessGUID: {39e4a257-f7a9-5f87-bc00-000000000400}\r\nSourceProcessId: 3372\r\nSourceThreadId: 4976\r\nSourceImage: C:\\windows\\system32\\svchost.exe\r\nTargetProcessGUID: {39e4a257-dde0-5f8b-501b-000000000400}\r\nTargetProcessId: 10108\r\nTargetImage: C:\\Windows\\System32\\calc.exe\r\nGrantedAccess: 0x1040\r\nCallTrace: C:\\windows\\SYSTEM32\\ntdll.dll+9d154|C:\\windows\\System32\\RPCRT4.dll+2d354|C:\\windows\\System32\\combase.dll+b855b|C:\\windows\\System32\\combase.dll+68808|C:\\windows\\System32\\combase.dll+666fb|C:\\windows\\System32\\combase.dll+66800|C:\\windows\\System32\\combase.dll+66664|C:\\windows\\System32\\combase.dll+3a668|C:\\windows\\System32\\combase.dll+3a0cb|C:\\windows\\System32\\combase.dll+87c25|C:\\windows\\System32\\combase.dll+84744|C:\\windows\\System32\\combase.dll+84680|C:\\windows\\System32\\combase.dll+8431f|C:\\windows\\System32\\combase.dll+89fd7|C:\\windows\\System32\\combase.dll+a7659|C:\\windows\\System32\\RPCRT4.dll+da15e|C:\\windows\\System32\\RPCRT4.dll+383b9|C:\\windows\\System32\\combase.dll+a5d13|C:\\windows\\System32\\RPCRT4.dll+59bab|C:\\windows\\System32\\combase.dll+8d0e3|C:\\windows\\System32\\combase.dll+8ced3|C:\\windows\\System32\\combase.dll+a9556|C:\\windows\\System32\\combase.dll+8a4fa|C:\\windows\\System32\\combase.dll+a47ed","Hostname":"WORKSTATION5","TargetProcessId":"10108","TargetImage":"C:\\Windows\\System32\\calc.exe","SourceProcessGUID":"{39e4a257-f7a9-5f87-bc00-000000000400}"}
{"SourceImage":"C:\\windows\\system32\\svchost.exe","TimeCreated":"2020-10-18 02:17:04.589","GrantedAccess":"0x1000","SourceThreadId":"4976","CallTrace":"C:\\windows\\SYSTEM32\\ntdll.dll+9d154|C:\\windows\\System32\\RPCRT4.dll+2d354|C:\\windows\\System32\\combase.dll+b855b|c:\\windows\\system32\\windows.staterepository.dll+223f5|c:\\windows\\system32\\windows.staterepository.dll+12295|C:\\windows\\System32\\RPCRT4.dll+76a63|C:\\windows\\System32\\RPCRT4.dll+da036|C:\\windows\\System32\\RPCRT4.dll+383b9|C:\\windows\\System32\\combase.dll+a5d13|C:\\windows\\System32\\RPCRT4.dll+59bab|C:\\windows\\System32\\combase.dll+8d0e3|C:\\windows\\System32\\combase.dll+8ced3|C:\\windows\\System32\\combase.dll+a9556|C:\\windows\\System32\\combase.dll+8a4fa|C:\\windows\\System32\\combase.dll+a47ed|C:\\windows\\System32\\combase.dll+401ac|C:\\windows\\System32\\combase.dll+40a11|C:\\windows\\System32\\combase.dll+421b8|C:\\windows\\System32\\RPCRT4.dll+549f8|C:\\windows\\System32\\RPCRT4.dll+2c9b1|C:\\windows\\System32\\RPCRT4.dll+2c500|C:\\windows\\System32\\RPCRT4.dll+1a71f|C:\\windows\\System32\\RPCRT4.dll+19d7a|C:\\windows\\System32\\RPCRT4.dll+19361","UtcTime":"2020-10-18 06:17:04.585","TargetProcessGUID":"{39e4a257-dde0-5f8b-501b-000000000400}","SourceProcessId":"3372","EventID":10,"Channel":"Microsoft-Windows-Sysmon/Operational","Task":"10","RuleName":"-","Message":"Process accessed:\r\nRuleName: -\r\nUtcTime: 2020-10-18 06:17:04.585\r\nSourceProcessGUID: {39e4a257-f7a9-5f87-bc00-000000000400}\r\nSourceProcessId: 3372\r\nSourceThreadId: 4976\r\nSourceImage: C:\\windows\\system32\\svchost.exe\r\nTargetProcessGUID: {39e4a257-dde0-5f8b-501b-000000000400}\r\nTargetProcessId: 10108\r\nTargetImage: C:\\Windows\\System32\\calc.exe\r\nGrantedAccess: 0x1000\r\nCallTrace: C:\\windows\\SYSTEM32\\ntdll.dll+9d154|C:\\windows\\System32\\RPCRT4.dll+2d354|C:\\windows\\System32\\combase.dll+b855b|c:\\windows\\system32\\windows.staterepository.dll+223f5|c:\\windows\\system32\\windows.staterepository.dll+12295|C:\\windows\\System32\\RPCRT4.dll+76a63|C:\\windows\\System32\\RPCRT4.dll+da036|C:\\windows\\System32\\RPCRT4.dll+383b9|C:\\windows\\System32\\combase.dll+a5d13|C:\\windows\\System32\\RPCRT4.dll+59bab|C:\\windows\\System32\\combase.dll+8d0e3|C:\\windows\\System32\\combase.dll+8ced3|C:\\windows\\System32\\combase.dll+a9556|C:\\windows\\System32\\combase.dll+8a4fa|C:\\windows\\System32\\combase.dll+a47ed|C:\\windows\\System32\\combase.dll+401ac|C:\\windows\\System32\\combase.dll+40a11|C:\\windows\\System32\\combase.dll+421b8|C:\\windows\\System32\\RPCRT4.dll+549f8|C:\\windows\\System32\\RPCRT4.dll+2c9b1|C:\\windows\\System32\\RPCRT4.dll+2c500|C:\\windows\\System32\\RPCRT4.dll+1a71f|C:\\windows\\System32\\RPCRT4.dll+19d7a|C:\\windows\\System32\\RPCRT4.dll+19361","Hostname":"WORKSTATION5","TargetProcessId":"10108","TargetImage":"C:\\Windows\\System32\\calc.exe","SourceProcessGUID":"{39e4a257-f7a9-5f87-bc00-000000000400}"}
{"TimeCreated":"2020-10-18 02:17:04.588","UtcTime":"2020-10-18 06:17:04.585","ProcessGuid":"{39e4a257-dde0-5f8b-501b-000000000400}","Image":"C:\\Windows\\System32\\calc.exe","EventID":13,"Channel":"Microsoft-Windows-Sysmon/Operational","Task":"13","RuleName":"-","Message":"Registry value set:\r\nRuleName: -\r\nEventType: SetValue\r\nUtcTime: 2020-10-18 06:17:04.585\r\nProcessGuid: {39e4a257-dde0-5f8b-501b-000000000400}\r\nProcessId: 10108\r\nImage: C:\\Windows\\System32\\calc.exe\r\nTargetObject: HKU\\S-1-5-21-3940915590-64593676-1414006259-500\\Software\\Microsoft\\Windows\\CurrentVersion\\Explorer\\SlowContextMenuEntries\r\nDetails: Binary Data","Hostname":"WORKSTATION5","Details":"Binary Data","ProcessId":"10108","EventType":"SetValue","TargetObject":"HKU\\S-1-5-21-3940915590-64593676-1414006259-500\\Software\\Microsoft\\Windows\\CurrentVersion\\Explorer\\SlowContextMenuEntries"}
{"TimeCreated":"2020-10-18 02:17:04.588","UtcTime":"2020-10-18 06:17:04.585","ProcessGuid":"{39e4a257-dde0-5f8b-501b-000000000400}","Image":"C:\\Windows\\System32\\calc.exe","EventID":12,"Channel":"Microsoft-Windows-Sysmon/Operational","Task":"12","RuleName":"-","Message":"Registry object added or deleted:\r\nRuleName: -\r\nEventType: CreateKey\r\nUtcTime: 2020-10-18 06:17:04.585\r\nProcessGuid: {39e4a257-dde0-5f8b-501b-000000000400}\r\nProcessId: 10108\r\nImage: C:\\Windows\\System32\\calc.exe\r\nTargetObject: HKU\\S-1-5-21-3940915590-64593676-1414006259-500\\Software\\Microsoft\\Windows\\CurrentVersion\\Explorer","Hostname":"WORKSTATION5","ProcessId":"10108","EventType":"CreateKey","TargetObject":"HKU\\S-1-5-21-3940915590-64593676-1414006259-500\\Software\\Microsoft\\Windows\\CurrentVersion\\Explorer"}
{"SourceImage":"C:\\windows\\system32\\svchost.exe","TimeCreated":"2020-10-18 02:17:04.588","GrantedAccess":"0x1040","SourceThreadId":"7932","CallTrace":"C:\\windows\\SYSTEM32\\ntdll.dll+9d154|C:\\windows\\System32\\RPCRT4.dll+2d354|C:\\windows\\System32\\combase.dll+b855b|C:\\windows\\System32\\combase.dll+68808|C:\\windows\\System32\\combase.dll+666fb|C:\\windows\\System32\\combase.dll+66800|C:\\windows\\System32\\combase.dll+66664|C:\\windows\\System32\\combase.dll+3a668|C:\\windows\\System32\\combase.dll+3a0cb|C:\\windows\\System32\\combase.dll+87c25|C:\\windows\\System32\\combase.dll+84744|C:\\windows\\System32\\combase.dll+84680|C:\\windows\\System32\\combase.dll+8431f|C:\\windows\\System32\\combase.dll+89fd7|C:\\windows\\System32\\combase.dll+a7659|C:\\windows\\System32\\RPCRT4.dll+da15e|C:\\windows\\System32\\RPCRT4.dll+383b9|C:\\windows\\System32\\combase.dll+a5d13|C:\\windows\\System32\\RPCRT4.dll+59bab|C:\\windows\\System32\\combase.dll+8d0e3|C:\\windows\\System32\\combase.dll+8ced3|C:\\windows\\System32\\combase.dll+a9556|C:\\windows\\System32\\combase.dll+8a4fa|C:\\windows\\System32\\combase.dll+a47ed","UtcTime":"2020-10-18 06:17:04.585","TargetProcessGUID":"{39e4a257-dde0-5f8b-501b-000000000400}","SourceProcessId":"3372","EventID":10,"Channel":"Microsoft-Windows-Sysmon/Operational","Task":"10","RuleName":"-","Message":"Process accessed:\r\nRuleName: -\r\nUtcTime: 2020-10-18 06:17:04.585\r\nSourceProcessGUID: {39e4a257-f7a9-5f87-bc00-000000000400}\r\nSourceProcessId: 3372\r\nSourceThreadId: 7932\r\nSourceImage: C:\\windows\\system32\\svchost.exe\r\nTargetProcessGUID: {39e4a257-dde0-5f8b-501b-000000000400}\r\nTargetProcessId: 10108\r\nTargetImage: C:\\Windows\\System32\\calc.exe\r\nGrantedAccess: 0x1040\r\nCallTrace: C:\\windows\\SYSTEM32\\ntdll.dll+9d154|C:\\windows\\System32\\RPCRT4.dll+2d354|C:\\windows\\System32\\combase.dll+b855b|C:\\windows\\System32\\combase.dll+68808|C:\\windows\\System32\\combase.dll+666fb|C:\\windows\\System32\\combase.dll+66800|C:\\windows\\System32\\combase.dll+66664|C:\\windows\\System32\\combase.dll+3a668|C:\\windows\\System32\\combase.dll+3a0cb|C:\\windows\\System32\\combase.dll+87c25|C:\\windows\\System32\\combase.dll+84744|C:\\windows\\System32\\combase.dll+84680|C:\\windows\\System32\\combase.dll+8431f|C:\\windows\\System32\\combase.dll+89fd7|C:\\windows\\System32\\combase.dll+a7659|C:\\windows\\System32\\RPCRT4.dll+da15e|C:\\windows\\System32\\RPCRT4.dll+383b9|C:\\windows\\System32\\combase.dll+a5d13|C:\\windows\\System32\\RPCRT4.dll+59bab|C:\\windows\\System32\\combase.dll+8d0e3|C:\\windows\\System32\\combase.dll+8ced3|C:\\windows\\System32\\combase.dll+a9556|C:\\windows\\System32\\combase.dll+8a4fa|C:\\windows\\System32\\combase.dll+a47ed","Hostname":"WORKSTATION5","TargetProcessId":"10108","TargetImage":"C:\\Windows\\System32\\calc.exe","SourceProcessGUID":"{39e4a257-f7a9-5f87-bc00-000000000400}"}
{"SourceImage":"C:\\windows\\system32\\svchost.exe","TimeCreated":"2020-10-18 02:17:04.588","GrantedAccess":"0x1000","SourceThreadId":"7932","CallTrace":"C:\\windows\\SYSTEM32\\ntdll.dll+9d154|C:\\windows\\System32\\RPCRT4.dll+2d354|C:\\windows\\System32\\combase.dll+b855b|c:\\windows\\system32\\windows.staterepository.dll+223f5|c:\\windows\\system32\\windows.staterepository.dll+12295|C:\\windows\\System32\\RPCRT4.dll+76a63|C:\\windows\\System32\\RPCRT4.dll+da036|C:\\windows\\System32\\RPCRT4.dll+383b9|C:\\windows\\System32\\combase.dll+a5d13|C:\\windows\\System32\\RPCRT4.dll+59bab|C:\\windows\\System32\\combase.dll+8d0e3|C:\\windows\\System32\\combase.dll+8ced3|C:\\windows\\System32\\combase.dll+a9556|C:\\windows\\System32\\combase.dll+8a4fa|C:\\windows\\System32\\combase.dll+a47ed|C:\\windows\\System32\\combase.dll+401ac|C:\\windows\\System32\\combase.dll+40a11|C:\\windows\\System32\\combase.dll+421b8|C:\\windows\\System32\\RPCRT4.dll+549f8|C:\\windows\\System32\\RPCRT4.dll+2c9b1|C:\\windows\\System32\\RPCRT4.dll+2c500|C:\\windows\\System32\\RPCRT4.dll+1a71f|C:\\windows\\System32\\RPCRT4.dll+19d7a|C:\\windows\\System32\\RPCRT4.dll+19361","UtcTime":"2020-10-18 06:17:04.585","TargetProcessGUID":"{39e4a257-dde0-5f8b-501b-000000000400}","SourceProcessId":"3372","EventID":10,"Channel":"Microsoft-Windows-Sysmon/Operational","Task":"10","RuleName":"-","Message":"Process accessed:\r\nRuleName: -\r\nUtcTime: 2020-10-18 06:17:04.585\r\nSourceProcessGUID: {39e4a257-f7a9-5f87-bc00-000000000400}\r\nSourceProcessId: 3372\r\nSourceThreadId: 7932\r\nSourceImage: C:\\windows\\system32\\svchost.exe\r\nTargetProcessGUID: {39e4a257-dde0-5f8b-501b-000000000400}\r\nTargetProcessId: 10108\r\nTargetImage: C:\\Windows\\System32\\calc.exe\r\nGrantedAccess: 0x1000\r\nCallTrace: C:\\windows\\SYSTEM32\\ntdll.dll+9d154|C:\\windows\\System32\\RPCRT4.dll+2d354|C:\\windows\\System32\\combase.dll+b855b|c:\\windows\\system32\\windows.staterepository.dll+223f5|c:\\windows\\system32\\windows.staterepository.dll+12295|C:\\windows\\System32\\RPCRT4.dll+76a63|C:\\windows\\System32\\RPCRT4.dll+da036|C:\\windows\\System32\\RPCRT4.dll+383b9|C:\\windows\\System32\\combase.dll+a5d13|C:\\windows\\System32\\RPCRT4.dll+59bab|C:\\windows\\System32\\combase.dll+8d0e3|C:\\windows\\System32\\combase.dll+8ced3|C:\\windows\\System32\\combase.dll+a9556|C:\\windows\\System32\\combase.dll+8a4fa|C:\\windows\\System32\\combase.dll+a47ed|C:\\windows\\System32\\combase.dll+401ac|C:\\windows\\System32\\combase.dll+40a11|C:\\windows\\System32\\combase.dll+421b8|C:\\windows\\System32\\RPCRT4.dll+549f8|C:\\windows\\System32\\RPCRT4.dll+2c9b1|C:\\windows\\System32\\RPCRT4.dll+2c500|C:\\windows\\System32\\RPCRT4.dll+1a71f|C:\\windows\\System32\\RPCRT4.dll+19d7a|C:\\windows\\System32\\RPCRT4.dll+19361","Hostname":"WORKSTATION5","TargetProcessId":"10108","TargetImage":"C:\\Windows\\System32\\calc.exe","SourceProcessGUID":"{39e4a257-f7a9-5f87-bc00-000000000400}"}
{"SourceImage":"C:\\windows\\system32\\svchost.exe","TimeCreated":"2020-10-18 02:17:04.588","GrantedAccess":"0x1040","SourceThreadId":"1316","CallTrace":"C:\\windows\\SYSTEM32\\ntdll.dll+9d154|C:\\windows\\System32\\RPCRT4.dll+2d354|C:\\windows\\System32\\combase.dll+b855b|C:\\windows\\System32\\combase.dll+68808|C:\\windows\\System32\\combase.dll+666fb|C:\\windows\\System32\\combase.dll+66800|C:\\windows\\System32\\combase.dll+66664|C:\\windows\\System32\\combase.dll+3a668|C:\\windows\\System32\\combase.dll+3a0cb|C:\\windows\\System32\\combase.dll+87c25|C:\\windows\\System32\\combase.dll+84744|C:\\windows\\System32\\combase.dll+84680|C:\\windows\\System32\\combase.dll+8431f|C:\\windows\\System32\\combase.dll+89fd7|C:\\windows\\System32\\combase.dll+a7659|C:\\windows\\System32\\RPCRT4.dll+da15e|C:\\windows\\System32\\RPCRT4.dll+383b9|C:\\windows\\System32\\combase.dll+a5d13|C:\\windows\\System32\\RPCRT4.dll+59bab|C:\\windows\\System32\\combase.dll+8d0e3|C:\\windows\\System32\\combase.dll+8ced3|C:\\windows\\System32\\combase.dll+a9556|C:\\windows\\System32\\combase.dll+8a4fa|C:\\windows\\System32\\combase.dll+a47ed","UtcTime":"2020-10-18 06:17:04.585","TargetProcessGUID":"{39e4a257-dde0-5f8b-501b-000000000400}","SourceProcessId":"3372","EventID":10,"Channel":"Microsoft-Windows-Sysmon/Operational","Task":"10","RuleName":"-","Message":"Process accessed:\r\nRuleName: -\r\nUtcTime: 2020-10-18 06:17:04.585\r\nSourceProcessGUID: {39e4a257-f7a9-5f87-bc00-000000000400}\r\nSourceProcessId: 3372\r\nSourceThreadId: 1316\r\nSourceImage: C:\\windows\\system32\\svchost.exe\r\nTargetProcessGUID: {39e4a257-dde0-5f8b-501b-000000000400}\r\nTargetProcessId: 10108\r\nTargetImage: C:\\Windows\\System32\\calc.exe\r\nGrantedAccess: 0x1040\r\nCallTrace: C:\\windows\\SYSTEM32\\ntdll.dll+9d154|C:\\windows\\System32\\RPCRT4.dll+2d354|C:\\windows\\System32\\combase.dll+b855b|C:\\windows\\System32\\combase.dll+68808|C:\\windows\\System32\\combase.dll+666fb|C:\\windows\\System32\\combase.dll+66800|C:\\windows\\System32\\combase.dll+66664|C:\\windows\\System32\\combase.dll+3a668|C:\\windows\\System32\\combase.dll+3a0cb|C:\\windows\\System32\\combase.dll+87c25|C:\\windows\\System32\\combase.dll+84744|C:\\windows\\System32\\combase.dll+84680|C:\\windows\\System32\\combase.dll+8431f|C:\\windows\\System32\\combase.dll+89fd7|C:\\windows\\System32\\combase.dll+a7659|C:\\windows\\System32\\RPCRT4.dll+da15e|C:\\windows\\System32\\RPCRT4.dll+383b9|C:\\windows\\System32\\combase.dll+a5d13|C:\\windows\\System32\\RPCRT4.dll+59bab|C:\\windows\\System32\\combase.dll+8d0e3|C:\\windows\\System32\\combase.dll+8ced3|C:\\windows\\System32\\combase.dll+a9556|C:\\windows\\System32\\combase.dll+8a4fa|C:\\windows\\System32\\combase.dll+a47ed","Hostname":"WORKSTATION5","TargetProcessId":"10108","TargetImage":"C:\\Windows\\System32\\calc.exe","SourceProcessGUID":"{39e4a257-f7a9-5f87-bc00-000000000400}"}
{"SourceImage":"C:\\windows\\system32\\svchost.exe","TimeCreated":"2020-10-18 02:17:04.588","GrantedAccess":"0x1000","SourceThreadId":"1316","CallTrace":"C:\\windows\\SYSTEM32\\ntdll.dll+9d154|C:\\windows\\System32\\RPCRT4.dll+2d354|C:\\windows\\System32\\combase.dll+b855b|c:\\windows\\system32\\windows.staterepository.dll+223f5|c:\\windows\\system32\\windows.staterepository.dll+12295|C:\\windows\\System32\\RPCRT4.dll+76a63|C:\\windows\\System32\\RPCRT4.dll+da036|C:\\windows\\System32\\RPCRT4.dll+383b9|C:\\windows\\System32\\combase.dll+a5d13|C:\\windows\\System32\\RPCRT4.dll+59bab|C:\\windows\\System32\\combase.dll+8d0e3|C:\\windows\\System32\\combase.dll+8ced3|C:\\windows\\System32\\combase.dll+a9556|C:\\windows\\System32\\combase.dll+8a4fa|C:\\windows\\System32\\combase.dll+a47ed|C:\\windows\\System32\\combase.dll+401ac|C:\\windows\\System32\\combase.dll+40a11|C:\\windows\\System32\\combase.dll+421b8|C:\\windows\\System32\\RPCRT4.dll+549f8|C:\\windows\\System32\\RPCRT4.dll+2c9b1|C:\\windows\\System32\\RPCRT4.dll+2c500|C:\\windows\\System32\\RPCRT4.dll+1a71f|C:\\windows\\System32\\RPCRT4.dll+19d7a|C:\\windows\\System32\\RPCRT4.dll+19361","UtcTime":"2020-10-18 06:17:04.585","TargetProcessGUID":"{39e4a257-dde0-5f8b-501b-000000000400}","SourceProcessId":"3372","EventID":10,"Channel":"Microsoft-Windows-Sysmon/Operational","Task":"10","RuleName":"-","Message":"Process accessed:\r\nRuleName: -\r\nUtcTime: 2020-10-18 06:17:04.585\r\nSourceProcessGUID: {39e4a257-f7a9-5f87-bc00-000000000400}\r\nSourceProcessId: 3372\r\nSourceThreadId: 1316\r\nSourceImage: C:\\windows\\system32\\svchost.exe\r\nTargetProcessGUID: {39e4a257-dde0-5f8b-501b-000000000400}\r\nTargetProcessId: 10108\r\nTargetImage: C:\\Windows\\System32\\calc.exe\r\nGrantedAccess: 0x1000\r\nCallTrace: C:\\windows\\SYSTEM32\\ntdll.dll+9d154|C:\\windows\\System32\\RPCRT4.dll+2d354|C:\\windows\\System32\\combase.dll+b855b|c:\\windows\\system32\\windows.staterepository.dll+223f5|c:\\windows\\system32\\windows.staterepository.dll+12295|C:\\windows\\System32\\RPCRT4.dll+76a63|C:\\windows\\System32\\RPCRT4.dll+da036|C:\\windows\\System32\\RPCRT4.dll+383b9|C:\\windows\\System32\\combase.dll+a5d13|C:\\windows\\System32\\RPCRT4.dll+59bab|C:\\windows\\System32\\combase.dll+8d0e3|C:\\windows\\System32\\combase.dll+8ced3|C:\\windows\\System32\\combase.dll+a9556|C:\\windows\\System32\\combase.dll+8a4fa|C:\\windows\\System32\\combase.dll+a47ed|C:\\windows\\System32\\combase.dll+401ac|C:\\windows\\System32\\combase.dll+40a11|C:\\windows\\System32\\combase.dll+421b8|C:\\windows\\System32\\RPCRT4.dll+549f8|C:\\windows\\System32\\RPCRT4.dll+2c9b1|C:\\windows\\System32\\RPCRT4.dll+2c500|C:\\windows\\System32\\RPCRT4.dll+1a71f|C:\\windows\\System32\\RPCRT4.dll+19d7a|C:\\windows\\System32\\RPCRT4.dll+19361","Hostname":"WORKSTATION5","TargetProcessId":"10108","TargetImage":"C:\\Windows\\System32\\calc.exe","SourceProcessGUID":"{39e4a257-f7a9-5f87-bc00-000000000400}"}
{"SourceImage":"C:\\windows\\system32\\svchost.exe","TimeCreated":"2020-10-18 02:17:04.588","GrantedAccess":"0x1040","SourceThreadId":"8552","CallTrace":"C:\\windows\\SYSTEM32\\ntdll.dll+9d154|C:\\windows\\System32\\RPCRT4.dll+2d354|C:\\windows\\System32\\combase.dll+b855b|C:\\windows\\System32\\combase.dll+68808|C:\\windows\\System32\\combase.dll+666fb|C:\\windows\\System32\\combase.dll+66800|C:\\windows\\System32\\combase.dll+66664|C:\\windows\\System32\\combase.dll+3a668|C:\\windows\\System32\\combase.dll+3a0cb|C:\\windows\\System32\\combase.dll+87c25|C:\\windows\\System32\\combase.dll+84744|C:\\windows\\System32\\combase.dll+84680|C:\\windows\\System32\\combase.dll+8431f|C:\\windows\\System32\\combase.dll+89fd7|C:\\windows\\System32\\combase.dll+a7659|C:\\windows\\System32\\RPCRT4.dll+da15e|C:\\windows\\System32\\RPCRT4.dll+383b9|C:\\windows\\System32\\combase.dll+a5d13|C:\\windows\\System32\\RPCRT4.dll+59bab|C:\\windows\\System32\\combase.dll+8d0e3|C:\\windows\\System32\\combase.dll+8ced3|C:\\windows\\System32\\combase.dll+a9556|C:\\windows\\System32\\combase.dll+8a4fa|C:\\windows\\System32\\combase.dll+a47ed","UtcTime":"2020-10-18 06:17:04.585","TargetProcessGUID":"{39e4a257-dde0-5f8b-501b-000000000400}","SourceProcessId":"3372","EventID":10,"Channel":"Microsoft-Windows-Sysmon/Operational","Task":"10","RuleName":"-","Message":"Process accessed:\r\nRuleName: -\r\nUtcTime: 2020-10-18 06:17:04.585\r\nSourceProcessGUID: {39e4a257-f7a9-5f87-bc00-000000000400}\r\nSourceProcessId: 3372\r\nSourceThreadId: 8552\r\nSourceImage: C:\\windows\\system32\\svchost.exe\r\nTargetProcessGUID: {39e4a257-dde0-5f8b-501b-000000000400}\r\nTargetProcessId: 10108\r\nTargetImage: C:\\Windows\\System32\\calc.exe\r\nGrantedAccess: 0x1040\r\nCallTrace: C:\\windows\\SYSTEM32\\ntdll.dll+9d154|C:\\windows\\System32\\RPCRT4.dll+2d354|C:\\windows\\System32\\combase.dll+b855b|C:\\windows\\System32\\combase.dll+68808|C:\\windows\\System32\\combase.dll+666fb|C:\\windows\\System32\\combase.dll+66800|C:\\windows\\System32\\combase.dll+66664|C:\\windows\\System32\\combase.dll+3a668|C:\\windows\\System32\\combase.dll+3a0cb|C:\\windows\\System32\\combase.dll+87c25|C:\\windows\\System32\\combase.dll+84744|C:\\windows\\System32\\combase.dll+84680|C:\\windows\\System32\\combase.dll+8431f|C:\\windows\\System32\\combase.dll+89fd7|C:\\windows\\System32\\combase.dll+a7659|C:\\windows\\System32\\RPCRT4.dll+da15e|C:\\windows\\System32\\RPCRT4.dll+383b9|C:\\windows\\System32\\combase.dll+a5d13|C:\\windows\\System32\\RPCRT4.dll+59bab|C:\\windows\\System32\\combase.dll+8d0e3|C:\\windows\\System32\\combase.dll+8ced3|C:\\windows\\System32\\combase.dll+a9556|C:\\windows\\System32\\combase.dll+8a4fa|C:\\windows\\System32\\combase.dll+a47ed","Hostname":"WORKSTATION5","TargetProcessId":"10108","TargetImage":"C:\\Windows\\System32\\calc.exe","SourceProcessGUID":"{39e4a257-f7a9-5f87-bc00-000000000400}"}
{"SourceImage":"C:\\windows\\system32\\svchost.exe","TimeCreated":"2020-10-18 02:17:04.588","GrantedAccess":"0x1000","SourceThreadId":"8552","CallTrace":"C:\\windows\\SYSTEM32\\ntdll.dll+9d154|C:\\windows\\System32\\RPCRT4.dll+2d354|C:\\windows\\System32\\combase.dll+b855b|c:\\windows\\system32\\windows.staterepository.dll+223f5|c:\\windows\\system32\\windows.staterepository.dll+12295|C:\\windows\\System32\\RPCRT4.dll+76a63|C:\\windows\\System32\\RPCRT4.dll+da036|C:\\windows\\System32\\RPCRT4.dll+383b9|C:\\windows\\System32\\combase.dll+a5d13|C:\\windows\\System32\\RPCRT4.dll+59bab|C:\\windows\\System32\\combase.dll+8d0e3|C:\\windows\\System32\\combase.dll+8ced3|C:\\windows\\System32\\combase.dll+a9556|C:\\windows\\System32\\combase.dll+8a4fa|C:\\windows\\System32\\combase.dll+a47ed|C:\\windows\\System32\\combase.dll+401ac|C:\\windows\\System32\\combase.dll+40a11|C:\\windows\\System32\\combase.dll+421b8|C:\\windows\\System32\\RPCRT4.dll+549f8|C:\\windows\\System32\\RPCRT4.dll+2c9b1|C:\\windows\\System32\\RPCRT4.dll+2c500|C:\\windows\\System32\\RPCRT4.dll+1a71f|C:\\windows\\System32\\RPCRT4.dll+19d7a|C:\\windows\\System32\\RPCRT4.dll+19361","UtcTime":"2020-10-18 06:17:04.585","TargetProcessGUID":"{39e4a257-dde0-5f8b-501b-000000000400}","SourceProcessId":"3372","EventID":10,"Channel":"Microsoft-Windows-Sysmon/Operational","Task":"10","RuleName":"-","Message":"Process accessed:\r\nRuleName: -\r\nUtcTime: 2020-10-18 06:17:04.585\r\nSourceProcessGUID: {39e4a257-f7a9-5f87-bc00-000000000400}\r\nSourceProcessId: 3372\r\nSourceThreadId: 8552\r\nSourceImage: C:\\windows\\system32\\svchost.exe\r\nTargetProcessGUID: {39e4a257-dde0-5f8b-501b-000000000400}\r\nTargetProcessId: 10108\r\nTargetImage: C:\\Windows\\System32\\calc.exe\r\nGrantedAccess: 0x1000\r\nCallTrace: C:\\windows\\SYSTEM32\\ntdll.dll+9d154|C:\\windows\\System32\\RPCRT4.dll+2d354|C:\\windows\\System32\\combase.dll+b855b|c:\\windows\\system32\\windows.staterepository.dll+223f5|c:\\windows\\system32\\windows.staterepository.dll+12295|C:\\windows\\System32\\RPCRT4.dll+76a63|C:\\windows\\System32\\RPCRT4.dll+da036|C:\\windows\\System32\\RPCRT4.dll+383b9|C:\\windows\\System32\\combase.dll+a5d13|C:\\windows\\System32\\RPCRT4.dll+59bab|C:\\windows\\System32\\combase.dll+8d0e3|C:\\windows\\System32\\combase.dll+8ced3|C:\\windows\\System32\\combase.dll+a9556|C:\\windows\\System32\\combase.dll+8a4fa|C:\\windows\\System32\\combase.dll+a47ed|C:\\windows\\System32\\combase.dll+401ac|C:\\windows\\System32\\combase.dll+40a11|C:\\windows\\System32\\combase.dll+421b8|C:\\windows\\System32\\RPCRT4.dll+549f8|C:\\windows\\System32\\RPCRT4.dll+2c9b1|C:\\windows\\System32\\RPCRT4.dll+2c500|C:\\windows\\System32\\RPCRT4.dll+1a71f|C:\\windows\\System32\\RPCRT4.dll+19d7a|C:\\windows\\System32\\RPCRT4.dll+19361","Hostname":"WORKSTATION5","TargetProcessId":"10108","TargetImage":"C:\\Windows\\System32\\calc.exe","SourceProcessGUID":"{39e4a257-f7a9-5f87-bc00-000000000400}"}
{"SourceImage":"C:\\windows\\system32\\svchost.exe","TimeCreated":"2020-10-18 02:17:04.585","GrantedAccess":"0x1040","SourceThreadId":"8552","CallTrace":"C:\\windows\\SYSTEM32\\ntdll.dll+9d154|C:\\windows\\System32\\RPCRT4.dll+2d354|C:\\windows\\System32\\combase.dll+b855b|C:\\windows\\System32\\combase.dll+68808|C:\\windows\\System32\\combase.dll+666fb|C:\\windows\\System32\\combase.dll+66800|C:\\windows\\System32\\combase.dll+66664|C:\\windows\\System32\\combase.dll+3a668|C:\\windows\\System32\\combase.dll+3a0cb|C:\\windows\\System32\\combase.dll+87c25|C:\\windows\\System32\\combase.dll+84744|C:\\windows\\System32\\combase.dll+84680|C:\\windows\\System32\\combase.dll+8431f|C:\\windows\\System32\\combase.dll+89fd7|C:\\windows\\System32\\combase.dll+a7659|C:\\windows\\System32\\RPCRT4.dll+da15e|C:\\windows\\System32\\RPCRT4.dll+383b9|C:\\windows\\System32\\combase.dll+a5d13|C:\\windows\\System32\\RPCRT4.dll+59bab|C:\\windows\\System32\\combase.dll+8d0e3|C:\\windows\\System32\\combase.dll+8ced3|C:\\windows\\System32\\combase.dll+a9556|C:\\windows\\System32\\combase.dll+8a4fa|C:\\windows\\System32\\combase.dll+a47ed","UtcTime":"2020-10-18 06:17:04.570","TargetProcessGUID":"{39e4a257-dde0-5f8b-501b-000000000400}","SourceProcessId":"3372","EventID":10,"Channel":"Microsoft-Windows-Sysmon/Operational","Task":"10","RuleName":"-","Message":"Process accessed:\r\nRuleName: -\r\nUtcTime: 2020-10-18 06:17:04.570\r\nSourceProcessGUID: {39e4a257-f7a9-5f87-bc00-000000000400}\r\nSourceProcessId: 3372\r\nSourceThreadId: 8552\r\nSourceImage: C:\\windows\\system32\\svchost.exe\r\nTargetProcessGUID: {39e4a257-dde0-5f8b-501b-000000000400}\r\nTargetProcessId: 10108\r\nTargetImage: C:\\Windows\\System32\\calc.exe\r\nGrantedAccess: 0x1040\r\nCallTrace: C:\\windows\\SYSTEM32\\ntdll.dll+9d154|C:\\windows\\System32\\RPCRT4.dll+2d354|C:\\windows\\System32\\combase.dll+b855b|C:\\windows\\System32\\combase.dll+68808|C:\\windows\\System32\\combase.dll+666fb|C:\\windows\\System32\\combase.dll+66800|C:\\windows\\System32\\combase.dll+66664|C:\\windows\\System32\\combase.dll+3a668|C:\\windows\\System32\\combase.dll+3a0cb|C:\\windows\\System32\\combase.dll+87c25|C:\\windows\\System32\\combase.dll+84744|C:\\windows\\System32\\combase.dll+84680|C:\\windows\\System32\\combase.dll+8431f|C:\\windows\\System32\\combase.dll+89fd7|C:\\windows\\System32\\combase.dll+a7659|C:\\windows\\System32\\RPCRT4.dll+da15e|C:\\windows\\System32\\RPCRT4.dll+383b9|C:\\windows\\System32\\combase.dll+a5d13|C:\\windows\\System32\\RPCRT4.dll+59bab|C:\\windows\\System32\\combase.dll+8d0e3|C:\\windows\\System32\\combase.dll+8ced3|C:\\windows\\System32\\combase.dll+a9556|C:\\windows\\System32\\combase.dll+8a4fa|C:\\windows\\System32\\combase.dll+a47ed","Hostname":"WORKSTATION5","TargetProcessId":"10108","TargetImage":"C:\\Windows\\System32\\calc.exe","SourceProcessGUID":"{39e4a257-f7a9-5f87-bc00-000000000400}"}
