{"TimeCreated":"2020-10-18 02:17:05.366","SignatureStatus":"Valid","Signature":"Microsoft Windows","Product":"Microsoft Windows Operating System","Hashes":"SHA1=FA85F040E8244A6930C6A66F4875BA2C01E7173E,MD5=0A52102F9D58E337F43D62A5A29C0434,SHA256=0E4D0AB8085E033C67A265142C6D3E165D583B13AC893DE87A3936F58BDE579B,IMPHASH=72D7A708958F3EB11ACD68D973C393B9","UtcTime":"2020-10-18 06:17:05.352","ProcessGuid":"{39e4a257-dde0-5f8b-511b-000000000400}","Image":"C:\\Program Files\\WindowsApps\\Microsoft.WindowsCalculator_10.2008.2.0_x64__8wekyb3d8bbwe\\Calculator.exe","ImageLoaded":"C:\\Windows\\System32\\AppXDeploymentClient.dll","EventID":7,"Channel":"Microsoft-Windows-Sysmon/Operational","Task":"7","RuleName":"-","FileVersion":"10.0.18362.1139 (WinBuild.160101.0800)","Message":"Image loaded:\r\nRuleName: -\r\nUtcTime: 2020-10-18 06:17:05.352\r\nProcessGuid: {39e4a257-dde0-5f8b-511b-000000000400}\r\nProcessId: 8452\r\nImage: C:\\Program Files\\WindowsApps\\Microsoft.WindowsCalculator_10.2008.2.0_x64__8wekyb3d8bbwe\\Calculator.exe\r\nImageLoaded: C:\\Windows\\System32\\AppXDeploymentClient.dll\r\nFileVersion: 10.0.18362.1139 (WinBuild.160101.0800)\r\nDescription: AppX Deployment Client DLL\r\nProduct: Microsoft Windows Operating System\r\nCompany: Microsoft Corporation\r\nOriginalFileName: AppXDeploymentClient.dll\r\nHashes: SHA1=FA85F040E8244A6930C6A66F4875BA2C01E7173E,MD5=0A52102F9D58E337F43D62A5A29C0434,SHA256=0E4D0AB8085E033C67A265142C6D3E165D583B13AC893DE87A3936F58BDE579B,IMPHASH=72D7A708958F3EB11ACD68D973C393B9\r\nSigned: true\r\nSignature: Microsoft Windows\r\nSignatureStatus: Valid","Hostname":"WORKSTATION5","ProcessId":"8452","Description":"AppX Deployment Client DLL","Company":"Microsoft Corporation","Signed":"true","OriginalFileName":"AppXDeploymentClient.dll"}
{"TimeCreated":"2020-10-18 02:17:05.366","SignatureStatus":"Valid","Signature":"Microsoft Windows","Product":"Microsoft Windows Operating System","Hashes":"SHA1=F057603F15859599E2D844E9813D828BE6224691,MD5=1AFC3F3B546A6D0A0666BE68FCB19FA0,SHA256=A235198A531963C3EC225D5C16510ED9DD284D379C77CAB0A2AAE026F7663EC5,IMPHASH=C77E5918C314A81F3914AC79936DB624","UtcTime":"2020-10-18 06:17:05.352","ProcessGuid":"{39e4a257-dde0-5f8b-511b-000000000400}","Image":"C:\\Program Files\\WindowsApps\\Microsoft.WindowsCalculator_10.2008.2.0_x64__8wekyb3d8bbwe\\Calculator.exe","ImageLoaded":"C:\\Windows\\System32\\d3d11.dll","EventID":7,"Channel":"Microsoft-Windows-Sysmon/Operational","Task":"7","RuleName":"-","FileVersion":"10.0.18362.387 (WinBuild.160101.0800)","Message":"Image loaded:\r\nRuleName: -\r\nUtcTime: 2020-10-18 06:17:05.352\r\nProcessGuid: {39e4a257-dde0-5f8b-511b-000000000400}\r\nProcessId: 8452\r\nImage: C:\\Program Files\\WindowsApps\\Microsoft.WindowsCalculator_10.2008.2.0_x64__8wekyb3d8bbwe\\Calculator.exe\r\nImageLoaded: C:\\Windows\\System32\\d3d11.dll\r\nFileVersion: 10.0.18362.387 (WinBuild.160101.0800)\r\nDescription: Direct3D 11 Runtime\r\nProduct: Microsoft Windows Operating System\r\nCompany: Microsoft Corporation\r\nOriginalFileName: D3D11.dll\r\nHashes: SHA1=F057603F15859599E2D844E9813D828BE6224691,MD5=1AFC3F3B546A6D0A0666BE68FCB19FA0,SHA256=A235198A531963C3EC225D5C16510ED9DD284D379C77CAB0A2AAE026F7663EC5,IMPHASH=C77E5918C314A81F3914AC79936DB624\r\nSigned: true\r\nSignature: Microsoft Windows\r\nSignatureStatus: Valid","Hostname":"WORKSTATION5","ProcessId":"8452","Description":"Direct3D 11 Runtime","Company":"Microsoft Corporation","Signed":"true","OriginalFileName":"D3D11.dll"}
{"TimeCreated":"2020-10-18 02:17:05.365","SignatureStatus":"Valid","Signature":"Microsoft Windows","Product":"Microsoft Windows Operating System","Hashes":"SHA1=F16896209052CB7261FA4C39599B0BB342CC1A5C,MD5=747802E641AAC823D5EFE144CFB1D124,SHA256=14A02EC3A05C8A627ECA5813E5CE897AAF660A1D2C2CC2E55D91A469C4C02BD4,IMPHASH=75C8C0999A8902E1DCCF45B25458477A","UtcTime":"2020-10-18 06:17:05.352","ProcessGuid":"{39e4a257-dde0-5f8b-511b-000000000400}","Image":"C:\\Program Files\\WindowsApps\\Microsoft.WindowsCalculator_10.2008.2.0_x64__8wekyb3d8bbwe\\Calculator.exe","ImageLoaded":"C:\\Windows\\System32\\Windows.StateRepositoryCore.dll","EventID":7,"Channel":"Microsoft-Windows-Sysmon/Operational","Task":"7","RuleName":"-","FileVersion":"10.0.18362.1082 (WinBuild.160101.0800)","Message":"Image loaded:\r\nRuleName: -\r\nUtcTime: 2020-10-18 06:17:05.352\r\nProcessGuid: {39e4a257-dde0-5f8b-511b-000000000400}\r\nProcessId: 8452\r\nImage: C:\\Program Files\\WindowsApps\\Microsoft.WindowsCalculator_10.2008.2.0_x64__8wekyb3d8bbwe\\Calculator.exe\r\nImageLoaded: C:\\Windows\\System32\\Windows.StateRepositoryCore.dll\r\nFileVersion: 10.0.18362.1082 (WinBuild.160101.0800)\r\nDescription: Windows StateRepository API Core\r\nProduct: Microsoft Windows Operating System\r\nCompany: Microsoft Corporation\r\nOriginalFileName: Windows.StateRepositoryCore.dll\r\nHashes: SHA1=F16896209052CB7261FA4C39599B0BB342CC1A5C,MD5=747802E641AAC823D5EFE144CFB1D124,SHA256=14A02EC3A05C8A627ECA5813E5CE897AAF660A1D2C2CC2E55D91A469C4C02BD4,IMPHASH=75C8C0999A8902E1DCCF45B25458477A\r\nSigned: true\r\nSignature: Microsoft Windows\r\nSignatureStatus: Valid","Hostname":"WORKSTATION5","ProcessId":"8452","Description":"Windows StateRepository API Core","Company":"Microsoft Corporation","Signed":"true","OriginalFileName":"Windows.StateRepositoryCore.dll"}
{"TimeCreated":"2020-10-18 02:17:05.365","SignatureStatus":"Valid","Signature":"Microsoft Windows","Product":"Microsoft Windows Operating System","Hashes":"SHA1=56E46B30103D2FB683662ECC6BD6DEB557AB5B81,MD5=17AA3AA8D5D7E72E5D0E54BD305C672A,SHA256=4EBDA9EAE100264044E78E3A9ACFB45B91FD34C9C005D6CBE97F6D6FA66491D7,IMPHASH=4A4C04D8868CB33A3B84B044F72599CE","UtcTime":"2020-10-18 06:17:05.335","ProcessGuid":"{39e4a257-dde0-5f8b-511b-000000000400}","Image":"C:\\Program Files\\WindowsApps\\Microsoft.WindowsCalculator_10.2008.2.0_x64__8wekyb3d8bbwe\\Calculator.exe","ImageLoaded":"C:\\Windows\\System32\\MrmCoreR.dll","EventID":7,"Channel":"Microsoft-Windows-Sysmon/Operational","Task":"7","RuleName":"-","FileVersion":"10.0.18362.997 (WinBuild.160101.0800)","Message":"Image loaded:\r\nRuleName: -\r\nUtcTime: 2020-10-18 06:17:05.335\r\nProcessGuid: {39e4a257-dde0-5f8b-511b-000000000400}\r\nProcessId: 8452\r\nImage: C:\\Program Files\\WindowsApps\\Microsoft.WindowsCalculator_10.2008.2.0_x64__8wekyb3d8bbwe\\Calculator.exe\r\nImageLoaded: C:\\Windows\\System32\\MrmCoreR.dll\r\nFileVersion: 10.0.18362.997 (WinBuild.160101.0800)\r\nDescription: Microsoft Windows MRM\r\nProduct: Microsoft Windows Operating System\r\nCompany: Microsoft Corporation\r\nOriginalFileName: MrmCore.dll\r\nHashes: SHA1=56E46B30103D2FB683662ECC6BD6DEB557AB5B81,MD5=17AA3AA8D5D7E72E5D0E54BD305C672A,SHA256=4EBDA9EAE100264044E78E3A9ACFB45B91FD34C9C005D6CBE97F6D6FA66491D7,IMPHASH=4A4C04D8868CB33A3B84B044F72599CE\r\nSigned: true\r\nSignature: Microsoft Windows\r\nSignatureStatus: Valid","Hostname":"WORKSTATION5","ProcessId":"8452","Description":"Microsoft Windows MRM","Company":"Microsoft Corporation","Signed":"true","OriginalFileName":"MrmCore.dll"}
{"TimeCreated":"2020-10-18 02:17:05.360","SignatureStatus":"Valid","Signature":"Microsoft Windows","Product":"Microsoft Windows Operating System","Hashes":"SHA1=FA3A718BEED81C7084675E250ADC305677A6B5E4,MD5=3A99A40872AF3B87406CC57DBDF53748,SHA256=96A1DB38C74A81FBA4C4AB29020551364FD1ADA3B6FED789D193C787E757979D,IMPHASH=4B4464C7677B6F07342800F4CF0BA273","UtcTime":"2020-10-18 06:17:05.320","ProcessGuid":"{39e4a257-dde0-5f8b-511b-000000000400}","Image":"C:\\Program Files\\WindowsApps\\Microsoft.WindowsCalculator_10.2008.2.0_x64__8wekyb3d8bbwe\\Calculator.exe","ImageLoaded":"C:\\Windows\\System32\\cfgmgr32.dll","EventID":7,"Channel":"Microsoft-Windows-Sysmon/Operational","Task":"7","RuleName":"-","FileVersion":"10.0.18362.387 (WinBuild.160101.0800)","Message":"Image loaded:\r\nRuleName: -\r\nUtcTime: 2020-10-18 06:17:05.320\r\nProcessGuid: {39e4a257-dde0-5f8b-511b-000000000400}\r\nProcessId: 8452\r\nImage: C:\\Program Files\\WindowsApps\\Microsoft.WindowsCalculator_10.2008.2.0_x64__8wekyb3d8bbwe\\Calculator.exe\r\nImageLoaded: C:\\Windows\\System32\\cfgmgr32.dll\r\nFileVersion: 10.0.18362.387 (WinBuild.160101.0800)\r\nDescription: Configuration Manager DLL\r\nProduct: Microsoft Windows Operating System\r\nCompany: Microsoft Corporation\r\nOriginalFileName: CFGMGR32.DLL\r\nHashes: SHA1=FA3A718BEED81C7084675E250ADC305677A6B5E4,MD5=3A99A40872AF3B87406CC57DBDF53748,SHA256=96A1DB38C74A81FBA4C4AB29020551364FD1ADA3B6FED789D193C787E757979D,IMPHASH=4B4464C7677B6F07342800F4CF0BA273\r\nSigned: true\r\nSignature: Microsoft Windows\r\nSignatureStatus: Valid","Hostname":"WORKSTATION5","ProcessId":"8452","Description":"Configuration Manager DLL","Company":"Microsoft Corporation","Signed":"true","OriginalFileName":"CFGMGR32.DLL"}
{"TimeCreated":"2020-10-18 02:17:05.359","SignatureStatus":"Valid","Signature":"Microsoft Windows","Product":"Microsoft Windows Operating System","Hashes":"SHA1=D852E96F07E7638AF0BA684F9AD8F33A4A3F87EB,MD5=0431695AB8754780B61A166A30036313,SHA256=2E5A3168700BA8C2555B4DE729D19203DEFB2C51986990E849C69BB600DCEBFF,IMPHASH=8F4D4CA0DE30077C5351D2F3147B05E4","UtcTime":"2020-10-18 06:17:05.320","ProcessGuid":"{39e4a257-dde0-5f8b-511b-000000000400}","Image":"C:\\Program Files\\WindowsApps\\Microsoft.WindowsCalculator_10.2008.2.0_x64__8wekyb3d8bbwe\\Calculator.exe","ImageLoaded":"C:\\Windows\\System32\\DXCore.dll","EventID":7,"Channel":"Microsoft-Windows-Sysmon/Operational","Task":"7","RuleName":"-","FileVersion":"10.0.18362.1 (WinBuild.160101.0800)","Message":"Image loaded:\r\nRuleName: -\r\nUtcTime: 2020-10-18 06:17:05.320\r\nProcessGuid: {39e4a257-dde0-5f8b-511b-000000000400}\r\nProcessId: 8452\r\nImage: C:\\Program Files\\WindowsApps\\Microsoft.WindowsCalculator_10.2008.2.0_x64__8wekyb3d8bbwe\\Calculator.exe\r\nImageLoaded: C:\\Windows\\System32\\DXCore.dll\r\nFileVersion: 10.0.18362.1 (WinBuild.160101.0800)\r\nDescription: DXCore\r\nProduct: Microsoft Windows Operating System\r\nCompany: Microsoft Corporation\r\nOriginalFileName: DXCore.DLL\r\nHashes: SHA1=D852E96F07E7638AF0BA684F9AD8F33A4A3F87EB,MD5=0431695AB8754780B61A166A30036313,SHA256=2E5A3168700BA8C2555B4DE729D19203DEFB2C51986990E849C69BB600DCEBFF,IMPHASH=8F4D4CA0DE30077C5351D2F3147B05E4\r\nSigned: true\r\nSignature: Microsoft Windows\r\nSignatureStatus: Valid","Hostname":"WORKSTATION5","ProcessId":"8452","Description":"DXCore","Company":"Microsoft Corporation","Signed":"true","OriginalFileName":"DXCore.DLL"}
{"TimeCreated":"2020-10-18 02:17:05.356","SignatureStatus":"Valid","Signature":"Microsoft Windows","Product":"Microsoft Windows Operating System","Hashes":"SHA1=C65AFFD80C8E4BAAE09E48FE98B6DD55E86E5826,MD5=6C1A1404AB50140AFDD1A763FD782281,SHA256=78ABBE33B262D4AB11B763C06F419859CA84EA0E41192F2AD52D1BE9D87E6DF9,IMPHASH=3038C2AE235D3B078FE49E5234CAB7FE","UtcTime":"2020-10-18 06:17:05.320","ProcessGuid":"{39e4a257-dde0-5f8b-511b-000000000400}","Image":"C:\\Program Files\\WindowsApps\\Microsoft.WindowsCalculator_10.2008.2.0_x64__8wekyb3d8bbwe\\Calculator.exe","ImageLoaded":"C:\\Windows\\System32\\dxgi.dll","EventID":7,"Channel":"Microsoft-Windows-Sysmon/Operational","Task":"7","RuleName":"-","FileVersion":"10.0.18362.1049 (WinBuild.160101.0800)","Message":"Image loaded:\r\nRuleName: -\r\nUtcTime: 2020-10-18 06:17:05.320\r\nProcessGuid: {39e4a257-dde0-5f8b-511b-000000000400}\r\nProcessId: 8452\r\nImage: C:\\Program Files\\WindowsApps\\Microsoft.WindowsCalculator_10.2008.2.0_x64__8wekyb3d8bbwe\\Calculator.exe\r\nImageLoaded: C:\\Windows\\System32\\dxgi.dll\r\nFileVersion: 10.0.18362.1049 (WinBuild.160101.0800)\r\nDescription: DirectX Graphics Infrastructure\r\nProduct: Microsoft Windows Operating System\r\nCompany: Microsoft Corporation\r\nOriginalFileName: dxgi.dll\r\nHashes: SHA1=C65AFFD80C8E4BAAE09E48FE98B6DD55E86E5826,MD5=6C1A1404AB50140AFDD1A763FD782281,SHA256=78ABBE33B262D4AB11B763C06F419859CA84EA0E41192F2AD52D1BE9D87E6DF9,IMPHASH=3038C2AE235D3B078FE49E5234CAB7FE\r\nSigned: true\r\nSignature: Microsoft Windows\r\nSignatureStatus: Valid","Hostname":"WORKSTATION5","ProcessId":"8452","Description":"DirectX Graphics Infrastructure","Company":"Microsoft Corporation","Signed":"true","OriginalFileName":"dxgi.dll"}
{"TimeCreated":"2020-10-18 02:17:05.330","SignatureStatus":"Valid","Signature":"Microsoft Windows","Product":"Microsoft Windows Operating System","Hashes":"SHA1=B6093663113CF33A76156CB3F6D4322514F00E4B,MD5=26887DE7D7D1928F52A452E3A63E55E8,SHA256=EA86D9754164CA2C01B4A7F81188B2490CEE1F350E177861A4702C92DFD6D066,IMPHASH=3F27E242D68FC14338677A25FAE441F7","UtcTime":"2020-10-18 06:17:05.320","ProcessGuid":"{39e4a257-dde0-5f8b-511b-000000000400}","Image":"C:\\Program Files\\WindowsApps\\Microsoft.WindowsCalculator_10.2008.2.0_x64__8wekyb3d8bbwe\\Calculator.exe","ImageLoaded":"C:\\Windows\\System32\\cryptbase.dll","EventID":7,"Channel":"Microsoft-Windows-Sysmon/Operational","Task":"7","RuleName":"-","FileVersion":"10.0.18362.1 (WinBuild.160101.0800)","Message":"Image loaded:\r\nRuleName: -\r\nUtcTime: 2020-10-18 06:17:05.320\r\nProcessGuid: {39e4a257-dde0-5f8b-511b-000000000400}\r\nProcessId: 8452\r\nImage: C:\\Program Files\\WindowsApps\\Microsoft.WindowsCalculator_10.2008.2.0_x64__8wekyb3d8bbwe\\Calculator.exe\r\nImageLoaded: C:\\Windows\\System32\\cryptbase.dll\r\nFileVersion: 10.0.18362.1 (WinBuild.160101.0800)\r\nDescription: Base cryptographic API DLL\r\nProduct: Microsoft Windows Operating System\r\nCompany: Microsoft Corporation\r\nOriginalFileName: cryptbase.dll\r\nHashes: SHA1=B6093663113CF33A76156CB3F6D4322514F00E4B,MD5=26887DE7D7D1928F52A452E3A63E55E8,SHA256=EA86D9754164CA2C01B4A7F81188B2490CEE1F350E177861A4702C92DFD6D066,IMPHASH=3F27E242D68FC14338677A25FAE441F7\r\nSigned: true\r\nSignature: Microsoft Windows\r\nSignatureStatus: Valid","Hostname":"WORKSTATION5","ProcessId":"8452","Description":"Base cryptographic API DLL","Company":"Microsoft Corporation","Signed":"true","OriginalFileName":"cryptbase.dll"}
{"TimeCreated":"2020-10-18 02:17:05.330","SignatureStatus":"Valid","Signature":"Microsoft Windows","Product":"Microsoft Windows Operating System","Hashes":"SHA1=9074DF3335B785BB00B43AE76ACC66B799118FAE,MD5=BFB85A9022324E41FCEC5011BCB5FD23,SHA256=3CDA144CFB6278DA47267FE1E1FE258716A074C3D3DD8413B259DA7DA1039871,IMPHASH=6659A49ABF33952444C5A7FA22FD9032","UtcTime":"2020-10-18 06:17:05.320","ProcessGuid":"{39e4a257-dde0-5f8b-511b-000000000400}","Image":"C:\\Program Files\\WindowsApps\\Microsoft.WindowsCalculator_10.2008.2.0_x64__8wekyb3d8bbwe\\Calculator.exe","ImageLoaded":"C:\\Windows\\System32\\shlwapi.dll","EventID":7,"Channel":"Microsoft-Windows-Sysmon/Operational","Task":"7","RuleName":"-","FileVersion":"10.0.18362.1 (WinBuild.160101.0800)","Message":"Image loaded:\r\nRuleName: -\r\nUtcTime: 2020-10-18 06:17:05.320\r\nProcessGuid: {39e4a257-dde0-5f8b-511b-000000000400}\r\nProcessId: 8452\r\nImage: C:\\Program Files\\WindowsApps\\Microsoft.WindowsCalculator_10.2008.2.0_x64__8wekyb3d8bbwe\\Calculator.exe\r\nImageLoaded: C:\\Windows\\System32\\shlwapi.dll\r\nFileVersion: 10.0.18362.1 (WinBuild.160101.0800)\r\nDescription: Shell Light-weight Utility Library\r\nProduct: Microsoft Windows Operating System\r\nCompany: Microsoft Corporation\r\nOriginalFileName: SHLWAPI.DLL\r\nHashes: SHA1=9074DF3335B785BB00B43AE76ACC66B799118FAE,MD5=BFB85A9022324E41FCEC5011BCB5FD23,SHA256=3CDA144CFB6278DA47267FE1E1FE258716A074C3D3DD8413B259DA7DA1039871,IMPHASH=6659A49ABF33952444C5A7FA22FD9032\r\nSigned: true\r\nSignature: Microsoft Windows\r\nSignatureStatus: Valid","Hostname":"WORKSTATION5","ProcessId":"8452","Description":"Shell Light-weight Utility Library","Company":"Microsoft Corporation","Signed":"true","OriginalFileName":"SHLWAPI.DLL"}
{"TimeCreated":"2020-10-18 02:17:05.330","SignatureStatus":"Valid","Signature":"Microsoft Windows","Product":"-","Hashes":"SHA1=6ABB78FB1614C12E3E9FFF3DE98B0E13E79201D9,MD5=B9A75ED4500DD953DF172FE6F63578E8,SHA256=709B99BA1DFEF6D9B2483F37D242B12F29B1E1ADE13E338B4D7041C55B55204B,IMPHASH=5A0FF5293A05BFEBAE6F2C9C302FC5E7","UtcTime":"2020-10-18 06:17:05.320","ProcessGuid":"{39e4a257-dde0-5f8b-511b-000000000400}","Image":"C:\\Program Files\\WindowsApps\\Microsoft.WindowsCalculator_10.2008.2.0_x64__8wekyb3d8bbwe\\Calculator.exe","ImageLoaded":"C:\\Windows\\System32\\umpdc.dll","EventID":7,"Channel":"Microsoft-Windows-Sysmon/Operational","Task":"7","RuleName":"-","FileVersion":"-","Message":"Image loaded:\r\nRuleName: -\r\nUtcTime: 2020-10-18 06:17:05.320\r\nProcessGuid: {39e4a257-dde0-5f8b-511b-000000000400}\r\nProcessId: 8452\r\nImage: C:\\Program Files\\WindowsApps\\Microsoft.WindowsCalculator_10.2008.2.0_x64__8wekyb3d8bbwe\\Calculator.exe\r\nImageLoaded: C:\\Windows\\System32\\umpdc.dll\r\nFileVersion: -\r\nDescription: -\r\nProduct: -\r\nCompany: -\r\nOriginalFileName: -\r\nHashes: SHA1=6ABB78FB1614C12E3E9FFF3DE98B0E13E79201D9,MD5=B9A75ED4500DD953DF172FE6F63578E8,SHA256=709B99BA1DFEF6D9B2483F37D242B12F29B1E1ADE13E338B4D7041C55B55204B,IMPHASH=5A0FF5293A05BFEBAE6F2C9C302FC5E7\r\nSigned: true\r\nSignature: Microsoft Windows\r\nSignatureStatus: Valid","Hostname":"WORKSTATION5","ProcessId":"8452","Description":"-","Company":"-","Signed":"true","OriginalFileName":"-"}
{"TimeCreated":"2020-10-18 02:17:05.329","SignatureStatus":"Valid","Signature":"Microsoft Windows","Product":"Microsoft Windows Operating System","Hashes":"SHA1=30D5ADBC0664977C27B65622F514632581C9AF45,MD5=07B027B1E0B775FAE815E487F28137B9,SHA256=21358CE9A416C7F6DB063095102E91F014BDB85B08A4E783E17234792C9B483A,IMPHASH=817FF4748665EB442F0081A91349F764","UtcTime":"2020-10-18 06:17:05.320","ProcessGuid":"{39e4a257-dde0-5f8b-511b-000000000400}","Image":"C:\\Program Files\\WindowsApps\\Microsoft.WindowsCalculator_10.2008.2.0_x64__8wekyb3d8bbwe\\Calculator.exe","ImageLoaded":"C:\\Windows\\System32\\powrprof.dll","EventID":7,"Channel":"Microsoft-Windows-Sysmon/Operational","Task":"7","RuleName":"-","FileVersion":"10.0.18362.1 (WinBuild.160101.0800)","Message":"Image loaded:\r\nRuleName: -\r\nUtcTime: 2020-10-18 06:17:05.320\r\nProcessGuid: {39e4a257-dde0-5f8b-511b-000000000400}\r\nProcessId: 8452\r\nImage: C:\\Program Files\\WindowsApps\\Microsoft.WindowsCalculator_10.2008.2.0_x64__8wekyb3d8bbwe\\Calculator.exe\r\nImageLoaded: C:\\Windows\\System32\\powrprof.dll\r\nFileVersion: 10.0.18362.1 (WinBuild.160101.0800)\r\nDescription: Power Profile Helper DLL\r\nProduct: Microsoft Windows Operating System\r\nCompany: Microsoft Corporation\r\nOriginalFileName: POWRPROF.DLL\r\nHashes: SHA1=30D5ADBC0664977C27B65622F514632581C9AF45,MD5=07B027B1E0B775FAE815E487F28137B9,SHA256=21358CE9A416C7F6DB063095102E91F014BDB85B08A4E783E17234792C9B483A,IMPHASH=817FF4748665EB442F0081A91349F764\r\nSigned: true\r\nSignature: Microsoft Windows\r\nSignatureStatus: Valid","Hostname":"WORKSTATION5","ProcessId":"8452","Description":"Power Profile Helper DLL","Company":"Microsoft Corporation","Signed":"true","OriginalFileName":"POWRPROF.DLL"}
{"TimeCreated":"2020-10-18 02:17:05.329","SignatureStatus":"Valid","Signature":"Microsoft Windows","Product":"Microsoft Windows Operating System","Hashes":"SHA1=387FC7660AFDEC45CFFB84980EB77D0E787ED31B,MD5=F4862E1CC68687B9D4B245512BDF8383,SHA256=A2DF0AC95B9AA338EB6062BA5739F65BFBA86658546F4C5CAC6045C363F55E24,IMPHASH=192CF98320740B7D296297054A9C3EEA","UtcTime":"2020-10-18 06:17:05.320","ProcessGuid":"{39e4a257-dde0-5f8b-511b-000000000400}","Image":"C:\\Program Files\\WindowsApps\\Microsoft.WindowsCalculator_10.2008.2.0_x64__8wekyb3d8bbwe\\Calculator.exe","ImageLoaded":"C:\\Windows\\System32\\profapi.dll","EventID":7,"Channel":"Microsoft-Windows-Sysmon/Operational","Task":"7","RuleName":"-","FileVersion":"10.0.18362.693 (WinBuild.160101.0800)","Message":"Image loaded:\r\nRuleName: -\r\nUtcTime: 2020-10-18 06:17:05.320\r\nProcessGuid: {39e4a257-dde0-5f8b-511b-000000000400}\r\nProcessId: 8452\r\nImage: C:\\Program Files\\WindowsApps\\Microsoft.WindowsCalculator_10.2008.2.0_x64__8wekyb3d8bbwe\\Calculator.exe\r\nImageLoaded: C:\\Windows\\System32\\profapi.dll\r\nFileVersion: 10.0.18362.693 (WinBuild.160101.0800)\r\nDescription: User Profile Basic API\r\nProduct: Microsoft Windows Operating System\r\nCompany: Microsoft Corporation\r\nOriginalFileName: PROFAPI.DLL\r\nHashes: SHA1=387FC7660AFDEC45CFFB84980EB77D0E787ED31B,MD5=F4862E1CC68687B9D4B245512BDF8383,SHA256=A2DF0AC95B9AA338EB6062BA5739F65BFBA86658546F4C5CAC6045C363F55E24,IMPHASH=192CF98320740B7D296297054A9C3EEA\r\nSigned: true\r\nSignature: Microsoft Windows\r\nSignatureStatus: Valid","Hostname":"WORKSTATION5","ProcessId":"8452","Description":"User Profile Basic API","Company":"Microsoft Corporation","Signed":"true","OriginalFileName":"PROFAPI.DLL"}
{"TimeCreated":"2020-10-18 02:17:05.329","SignatureStatus":"Valid","Signature":"Microsoft Windows","Product":"Microsoft Windows Operating System","Hashes":"SHA1=DF7D0248848C0247FD5F65ABD9799FDA0380C77D,MD5=DDD102204FDCD3FC8DD0AA89CF6609A3,SHA256=49F37639155096444C1B780071B8D63320FD8F8DC1D7CEF7A9031830C4F90968,IMPHASH=BDB3E400A78EE2D42C647E85CD2D827B","UtcTime":"2020-10-18 06:17:05.320","ProcessGuid":"{39e4a257-dde0-5f8b-511b-000000000400}","Image":"C:\\Program Files\\WindowsApps\\Microsoft.WindowsCalculator_10.2008.2.0_x64__8wekyb3d8bbwe\\Calculator.exe","ImageLoaded":"C:\\Windows\\System32\\windows.storage.dll","EventID":7,"Channel":"Microsoft-Windows-Sysmon/Operational","Task":"7","RuleName":"-","FileVersion":"10.0.18362.1082 (WinBuild.160101.0800)","Message":"Image loaded:\r\nRuleName: -\r\nUtcTime: 2020-10-18 06:17:05.320\r\nProcessGuid: {39e4a257-dde0-5f8b-511b-000000000400}\r\nProcessId: 8452\r\nImage: C:\\Program Files\\WindowsApps\\Microsoft.WindowsCalculator_10.2008.2.0_x64__8wekyb3d8bbwe\\Calculator.exe\r\nImageLoaded: C:\\Windows\\System32\\windows.storage.dll\r\nFileVersion: 10.0.18362.1082 (WinBuild.160101.0800)\r\nDescription: Microsoft WinRT Storage API\r\nProduct: Microsoft Windows Operating System\r\nCompany: Microsoft Corporation\r\nOriginalFileName: Windows.Storage.dll\r\nHashes: SHA1=DF7D0248848C0247FD5F65ABD9799FDA0380C77D,MD5=DDD102204FDCD3FC8DD0AA89CF6609A3,SHA256=49F37639155096444C1B780071B8D63320FD8F8DC1D7CEF7A9031830C4F90968,IMPHASH=BDB3E400A78EE2D42C647E85CD2D827B\r\nSigned: true\r\nSignature: Microsoft Windows\r\nSignatureStatus: Valid","Hostname":"WORKSTATION5","ProcessId":"8452","Description":"Microsoft WinRT Storage API","Company":"Microsoft Corporation","Signed":"true","OriginalFileName":"Windows.Storage.dll"}
{"TimeCreated":"2020-10-18 02:17:05.329","SignatureStatus":"Valid","Signature":"Microsoft Windows","Product":"Internet Explorer","Hashes":"SHA1=D17D9B227D596326AB3DDB62C112AF7FC2086A81,MD5=47BD27E286130A898A71D28354C6EA51,SHA256=720DB7C8EE00F11FE741317420FF07906ADE1F83EABDCB875B5CF37241D99E09,IMPHASH=75660DEE439E0444CAA3BB74E19C02F0","UtcTime":"2020-10-18 06:17:05.320","ProcessGuid":"{39e4a257-dde0-5f8b-511b-000000000400}","Image":"C:\\Program Files\\WindowsApps\\Microsoft.WindowsCalculator_10.2008.2.0_x64__8wekyb3d8bbwe\\Calculator.exe","ImageLoaded":"C:\\Windows\\System32\\urlmon.dll","EventID":7,"Channel":"Microsoft-Windows-Sysmon/Operational","Task":"7","RuleName":"-","FileVersion":"11.00.18362.1110 (WinBuild.160101.0800)","Message":"Image loaded:\r\nRuleName: -\r\nUtcTime: 2020-10-18 06:17:05.320\r\nProcessGuid: {39e4a257-dde0-5f8b-511b-000000000400}\r\nProcessId: 8452\r\nImage: C:\\Program Files\\WindowsApps\\Microsoft.WindowsCalculator_10.2008.2.0_x64__8wekyb3d8bbwe\\Calculator.exe\r\nImageLoaded: C:\\Windows\\System32\\urlmon.dll\r\nFileVersion: 11.00.18362.1110 (WinBuild.160101.0800)\r\nDescription: OLE32 Extensions for Win32\r\nProduct: Internet Explorer\r\nCompany: Microsoft Corporation\r\nOriginalFileName: UrlMon.dll\r\nHashes: SHA1=D17D9B227D596326AB3DDB62C112AF7FC2086A81,MD5=47BD27E286130A898A71D28354C6EA51,SHA256=720DB7C8EE00F11FE741317420FF07906ADE1F83EABDCB875B5CF37241D99E09,IMPHASH=75660DEE439E0444CAA3BB74E19C02F0\r\nSigned: true\r\nSignature: Microsoft Windows\r\nSignatureStatus: Valid","Hostname":"WORKSTATION5","ProcessId":"8452","Description":"OLE32 Extensions for Win32","Company":"Microsoft Corporation","Signed":"true","OriginalFileName":"UrlMon.dll"}
{"TimeCreated":"2020-10-18 02:17:05.318","SignatureStatus":"Valid","Signature":"Microsoft Windows","Product":"Microsoft Windows Operating System","Hashes":"SHA1=8F5C66D8E34EF2CCE536471768A50E402D0BF3A6,MD5=6ACDDEE39DC33C401471DE4FE9205A55,SHA256=24DF62D41A3753435D94D5904DB8EF75457DFD115F93BB7EA3EAD2EEBF72FC3D,IMPHASH=1829F1ADD9570A03664654948E98E4E7","UtcTime":"2020-10-18 06:17:05.304","ProcessGuid":"{39e4a257-dde0-5f8b-511b-000000000400}","Image":"C:\\Program Files\\WindowsApps\\Microsoft.WindowsCalculator_10.2008.2.0_x64__8wekyb3d8bbwe\\Calculator.exe","ImageLoaded":"C:\\Windows\\System32\\OneCoreUAPCommonProxyStub.dll","EventID":7,"Channel":"Microsoft-Windows-Sysmon/Operational","Task":"7","RuleName":"-","FileVersion":"10.0.18362.1082 (WinBuild.160101.0800)","Message":"Image loaded:\r\nRuleName: -\r\nUtcTime: 2020-10-18 06:17:05.304\r\nProcessGuid: {39e4a257-dde0-5f8b-511b-000000000400}\r\nProcessId: 8452\r\nImage: C:\\Program Files\\WindowsApps\\Microsoft.WindowsCalculator_10.2008.2.0_x64__8wekyb3d8bbwe\\Calculator.exe\r\nImageLoaded: C:\\Windows\\System32\\OneCoreUAPCommonProxyStub.dll\r\nFileVersion: 10.0.18362.1082 (WinBuild.160101.0800)\r\nDescription: OneCoreUAP Common Proxy Stub\r\nProduct: Microsoft Windows Operating System\r\nCompany: Microsoft Corporation\r\nOriginalFileName: OneCoreUAPCommonProxyStub.dll\r\nHashes: SHA1=8F5C66D8E34EF2CCE536471768A50E402D0BF3A6,MD5=6ACDDEE39DC33C401471DE4FE9205A55,SHA256=24DF62D41A3753435D94D5904DB8EF75457DFD115F93BB7EA3EAD2EEBF72FC3D,IMPHASH=1829F1ADD9570A03664654948E98E4E7\r\nSigned: true\r\nSignature: Microsoft Windows\r\nSignatureStatus: Valid","Hostname":"WORKSTATION5","ProcessId":"8452","Description":"OneCoreUAP Common Proxy Stub","Company":"Microsoft Corporation","Signed":"true","OriginalFileName":"OneCoreUAPCommonProxyStub.dll"}
{"TimeCreated":"2020-10-18 02:17:05.314","SignatureStatus":"Valid","Signature":"Microsoft Windows","Product":"Microsoft Windows Operating System","Hashes":"SHA1=62956D6FAEB4EC8EA54315A8E3CC15F06165AD57,MD5=3C9D22CAE173AD19806B6A016CD4CC28,SHA256=D95E7D07EA46D7D2AEFA01CD0A64CF266BE26D40FA6BE42F7CF60F6DEB8FBAF3,IMPHASH=64BAD10B75B987F62BF08E1852DE4022","UtcTime":"2020-10-18 06:17:05.304","ProcessGuid":"{39e4a257-dde0-5f8b-511b-000000000400}","Image":"C:\\Program Files\\WindowsApps\\Microsoft.WindowsCalculator_10.2008.2.0_x64__8wekyb3d8bbwe\\Calculator.exe","ImageLoaded":"C:\\Windows\\System32\\uxtheme.dll","EventID":7,"Channel":"Microsoft-Windows-Sysmon/Operational","Task":"7","RuleName":"-","FileVersion":"10.0.18362.449 (WinBuild.160101.0800)","Message":"Image loaded:\r\nRuleName: -\r\nUtcTime: 2020-10-18 06:17:05.304\r\nProcessGuid: {39e4a257-dde0-5f8b-511b-000000000400}\r\nProcessId: 8452\r\nImage: C:\\Program Files\\WindowsApps\\Microsoft.WindowsCalculator_10.2008.2.0_x64__8wekyb3d8bbwe\\Calculator.exe\r\nImageLoaded: C:\\Windows\\System32\\uxtheme.dll\r\nFileVersion: 10.0.18362.449 (WinBuild.160101.0800)\r\nDescription: Microsoft UxTheme Library\r\nProduct: Microsoft Windows Operating System\r\nCompany: Microsoft Corporation\r\nOriginalFileName: UxTheme.dll\r\nHashes: SHA1=62956D6FAEB4EC8EA54315A8E3CC15F06165AD57,MD5=3C9D22CAE173AD19806B6A016CD4CC28,SHA256=D95E7D07EA46D7D2AEFA01CD0A64CF266BE26D40FA6BE42F7CF60F6DEB8FBAF3,IMPHASH=64BAD10B75B987F62BF08E1852DE4022\r\nSigned: true\r\nSignature: Microsoft Windows\r\nSignatureStatus: Valid","Hostname":"WORKSTATION5","ProcessId":"8452","Description":"Microsoft UxTheme Library","Company":"Microsoft Corporation","Signed":"true","OriginalFileName":"UxTheme.dll"}
{"TimeCreated":"2020-10-18 02:17:05.313","SignatureStatus":"Valid","Signature":"Microsoft Windows","Product":"Microsoft Windows Operating System","Hashes":"SHA1=921B1B35216BEE3C8DF5E9DE34E24E6CD11404B4,MD5=FD400D045B3B444EA63B43B57AED1BCA,SHA256=9050083E4A3586E497A6511E00721142D6729350E89D9E132085FA60CC82E58B,IMPHASH=D5A340DE6D3229461CCE23B7EDD45B8A","UtcTime":"2020-10-18 06:17:05.304","ProcessGuid":"{39e4a257-dde0-5f8b-511b-000000000400}","Image":"C:\\Program Files\\WindowsApps\\Microsoft.WindowsCalculator_10.2008.2.0_x64__8wekyb3d8bbwe\\Calculator.exe","ImageLoaded":"C:\\Windows\\System32\\CoreUIComponents.dll","EventID":7,"Channel":"Microsoft-Windows-Sysmon/Operational","Task":"7","RuleName":"-","FileVersion":"10.0.18362.1110","Message":"Image loaded:\r\nRuleName: -\r\nUtcTime: 2020-10-18 06:17:05.304\r\nProcessGuid: {39e4a257-dde0-5f8b-511b-000000000400}\r\nProcessId: 8452\r\nImage: C:\\Program Files\\WindowsApps\\Microsoft.WindowsCalculator_10.2008.2.0_x64__8wekyb3d8bbwe\\Calculator.exe\r\nImageLoaded: C:\\Windows\\System32\\CoreUIComponents.dll\r\nFileVersion: 10.0.18362.1110\r\nDescription: Microsoft Core UI Components Dll\r\nProduct: Microsoft Windows Operating System\r\nCompany: Microsoft Corporation\r\nOriginalFileName: CoreUIComponents.dll\r\nHashes: SHA1=921B1B35216BEE3C8DF5E9DE34E24E6CD11404B4,MD5=FD400D045B3B444EA63B43B57AED1BCA,SHA256=9050083E4A3586E497A6511E00721142D6729350E89D9E132085FA60CC82E58B,IMPHASH=D5A340DE6D3229461CCE23B7EDD45B8A\r\nSigned: true\r\nSignature: Microsoft Windows\r\nSignatureStatus: Valid","Hostname":"WORKSTATION5","ProcessId":"8452","Description":"Microsoft Core UI Components Dll","Company":"Microsoft Corporation","Signed":"true","OriginalFileName":"CoreUIComponents.dll"}
{"TimeCreated":"2020-10-18 02:17:05.313","SignatureStatus":"Valid","Signature":"Microsoft Windows","Product":"Microsoft Windows Operating System","Hashes":"SHA1=5C986A06C21B5CDCFD799E3B5CA475CE2AFF6058,MD5=435009D1DDC0365BFA34B8C8D3F85286,SHA256=2F94628F056FE65EA81351E134E59ECE813FEC5E8400C12D6DFA49DEFD126D01,IMPHASH=B0E49176FB29AC2D0ABB840B4C490D21","UtcTime":"2020-10-18 06:17:05.289","ProcessGuid":"{39e4a257-dde0-5f8b-511b-000000000400}","Image":"C:\\Program Files\\WindowsApps\\Microsoft.WindowsCalculator_10.2008.2.0_x64__8wekyb3d8bbwe\\Calculator.exe","ImageLoaded":"C:\\Windows\\System32\\ntmarta.dll","EventID":7,"Channel":"Microsoft-Windows-Sysmon/Operational","Task":"7","RuleName":"-","FileVersion":"10.0.18362.1 (WinBuild.160101.0800)","Message":"Image loaded:\r\nRuleName: -\r\nUtcTime: 2020-10-18 06:17:05.289\r\nProcessGuid: {39e4a257-dde0-5f8b-511b-000000000400}\r\nProcessId: 8452\r\nImage: C:\\Program Files\\WindowsApps\\Microsoft.WindowsCalculator_10.2008.2.0_x64__8wekyb3d8bbwe\\Calculator.exe\r\nImageLoaded: C:\\Windows\\System32\\ntmarta.dll\r\nFileVersion: 10.0.18362.1 (WinBuild.160101.0800)\r\nDescription: Windows NT MARTA provider\r\nProduct: Microsoft Windows Operating System\r\nCompany: Microsoft Corporation\r\nOriginalFileName: ntmarta.dll\r\nHashes: SHA1=5C986A06C21B5CDCFD799E3B5CA475CE2AFF6058,MD5=435009D1DDC0365BFA34B8C8D3F85286,SHA256=2F94628F056FE65EA81351E134E59ECE813FEC5E8400C12D6DFA49DEFD126D01,IMPHASH=B0E49176FB29AC2D0ABB840B4C490D21\r\nSigned: true\r\nSignature: Microsoft Windows\r\nSignatureStatus: Valid","Hostname":"WORKSTATION5","ProcessId":"8452","Description":"Windows NT MARTA provider","Company":"Microsoft Corporation","Signed":"true","OriginalFileName":"ntmarta.dll"}
{"TimeCreated":"2020-10-18 02:17:05.312","SignatureStatus":"Valid","Signature":"Microsoft Windows","Product":"Windows Search","Hashes":"SHA1=9CC7754BDE825122FB0D3DF16579BD7CC2884B8B,MD5=B6D1AA0F21AC82024879E4EE96B50B56,SHA256=AF6B7199AAB64EBDADDA63B8662878A076A343955B1CF5E9F48C98114EF52BBE,IMPHASH=0D1929519D5C1A55D02774067E6F2181","UtcTime":"2020-10-18 06:17:05.289","ProcessGuid":"{39e4a257-dde0-5f8b-511b-000000000400}","Image":"C:\\Program Files\\WindowsApps\\Microsoft.WindowsCalculator_10.2008.2.0_x64__8wekyb3d8bbwe\\Calculator.exe","ImageLoaded":"C:\\Windows\\System32\\propsys.dll","EventID":7,"Channel":"Microsoft-Windows-Sysmon/Operational","Task":"7","RuleName":"-","FileVersion":"7.0.18362.815 (WinBuild.160101.0800)","Message":"Image loaded:\r\nRuleName: -\r\nUtcTime: 2020-10-18 06:17:05.289\r\nProcessGuid: {39e4a257-dde0-5f8b-511b-000000000400}\r\nProcessId: 8452\r\nImage: C:\\Program Files\\WindowsApps\\Microsoft.WindowsCalculator_10.2008.2.0_x64__8wekyb3d8bbwe\\Calculator.exe\r\nImageLoaded: C:\\Windows\\System32\\propsys.dll\r\nFileVersion: 7.0.18362.815 (WinBuild.160101.0800)\r\nDescription: Microsoft Property System\r\nProduct: Windows Search\r\nCompany: Microsoft Corporation\r\nOriginalFileName: propsys.dll\r\nHashes: SHA1=9CC7754BDE825122FB0D3DF16579BD7CC2884B8B,MD5=B6D1AA0F21AC82024879E4EE96B50B56,SHA256=AF6B7199AAB64EBDADDA63B8662878A076A343955B1CF5E9F48C98114EF52BBE,IMPHASH=0D1929519D5C1A55D02774067E6F2181\r\nSigned: true\r\nSignature: Microsoft Windows\r\nSignatureStatus: Valid","Hostname":"WORKSTATION5","ProcessId":"8452","Description":"Microsoft Property System","Company":"Microsoft Corporation","Signed":"true","OriginalFileName":"propsys.dll"}
{"TimeCreated":"2020-10-18 02:17:05.311","SignatureStatus":"Valid","Signature":"Microsoft Windows","Product":"Microsoft Windows Operating System","Hashes":"SHA1=921B1B35216BEE3C8DF5E9DE34E24E6CD11404B4,MD5=FD400D045B3B444EA63B43B57AED1BCA,SHA256=9050083E4A3586E497A6511E00721142D6729350E89D9E132085FA60CC82E58B,IMPHASH=D5A340DE6D3229461CCE23B7EDD45B8A","UtcTime":"2020-10-18 06:17:05.289","ProcessGuid":"{39e4a257-dde0-5f8b-511b-000000000400}","Image":"C:\\Program Files\\WindowsApps\\Microsoft.WindowsCalculator_10.2008.2.0_x64__8wekyb3d8bbwe\\Calculator.exe","ImageLoaded":"C:\\Windows\\System32\\CoreUIComponents.dll","EventID":7,"Channel":"Microsoft-Windows-Sysmon/Operational","Task":"7","RuleName":"-","FileVersion":"10.0.18362.1110","Message":"Image loaded:\r\nRuleName: -\r\nUtcTime: 2020-10-18 06:17:05.289\r\nProcessGuid: {39e4a257-dde0-5f8b-511b-000000000400}\r\nProcessId: 8452\r\nImage: C:\\Program Files\\WindowsApps\\Microsoft.WindowsCalculator_10.2008.2.0_x64__8wekyb3d8bbwe\\Calculator.exe\r\nImageLoaded: C:\\Windows\\System32\\CoreUIComponents.dll\r\nFileVersion: 10.0.18362.1110\r\nDescription: Microsoft Core UI Components Dll\r\nProduct: Microsoft Windows Operating System\r\nCompany: Microsoft Corporation\r\nOriginalFileName: CoreUIComponents.dll\r\nHashes: SHA1=921B1B35216BEE3C8DF5E9DE34E24E6CD11404B4,MD5=FD400D045B3B444EA63B43B57AED1BCA,SHA256=9050083E4A3586E497A6511E00721142D6729350E89D9E132085FA60CC82E58B,IMPHASH=D5A340DE6D3229461CCE23B7EDD45B8A\r\nSigned: true\r\nSignature: Microsoft Windows\r\nSignatureStatus: Valid","Hostname":"WORKSTATION5","ProcessId":"8452","Description":"Microsoft Core UI Components Dll","Company":"Microsoft Corporation","Signed":"true","OriginalFileName":"CoreUIComponents.dll"}
{"TimeCreated":"2020-10-18 02:17:05.311","SignatureStatus":"Valid","Signature":"Microsoft Windows","Product":"Microsoft Windows Operating System","Hashes":"SHA1=072D9797F9F0BE786255717BBE3742A5D3ED96D5,MD5=E4358739B5370B12C84250B2F38006DF,SHA256=437B4EA0A8F26C0AFE5AEC7F56C043234D11308939E69BF3C9EF7B3A16E5C112,IMPHASH=90BCF474128DD9C54CA8F168AA7D5E95","UtcTime":"2020-10-18 06:17:05.257","ProcessGuid":"{39e4a257-dde0-5f8b-511b-000000000400}","Image":"C:\\Program Files\\WindowsApps\\Microsoft.WindowsCalculator_10.2008.2.0_x64__8wekyb3d8bbwe\\Calculator.exe","ImageLoaded":"C:\\Windows\\System32\\InputHost.dll","EventID":7,"Channel":"Microsoft-Windows-Sysmon/Operational","Task":"7","RuleName":"-","FileVersion":"10.0.18362.959 (WinBuild.160101.0800)","Message":"Image loaded:\r\nRuleName: -\r\nUtcTime: 2020-10-18 06:17:05.257\r\nProcessGuid: {39e4a257-dde0-5f8b-511b-000000000400}\r\nProcessId: 8452\r\nImage: C:\\Program Files\\WindowsApps\\Microsoft.WindowsCalculator_10.2008.2.0_x64__8wekyb3d8bbwe\\Calculator.exe\r\nImageLoaded: C:\\Windows\\System32\\InputHost.dll\r\nFileVersion: 10.0.18362.959 (WinBuild.160101.0800)\r\nDescription: InputHost\r\nProduct: Microsoft Windows Operating System\r\nCompany: Microsoft Corporation\r\nOriginalFileName: InputHost.dll\r\nHashes: SHA1=072D9797F9F0BE786255717BBE3742A5D3ED96D5,MD5=E4358739B5370B12C84250B2F38006DF,SHA256=437B4EA0A8F26C0AFE5AEC7F56C043234D11308939E69BF3C9EF7B3A16E5C112,IMPHASH=90BCF474128DD9C54CA8F168AA7D5E95\r\nSigned: true\r\nSignature: Microsoft Windows\r\nSignatureStatus: Valid","Hostname":"WORKSTATION5","ProcessId":"8452","Description":"InputHost","Company":"Microsoft Corporation","Signed":"true","OriginalFileName":"InputHost.dll"}
{"TimeCreated":"2020-10-18 02:17:05.310","SignatureStatus":"Valid","Signature":"Microsoft Windows","Product":"Microsoft Windows Operating System","Hashes":"SHA1=D514677D0B3766F2A30A79B382CEAA6890A9144E,MD5=8C850456EBB5C4B5265BBB2CE8682703,SHA256=B6415255D252F04428832F5857706C1366B29C1ACF640082C341F8C1AF7816DF,IMPHASH=4EF0D2272492E6A4AEFB26F6674CA64F","UtcTime":"2020-10-18 06:17:05.243","ProcessGuid":"{39e4a257-dde0-5f8b-511b-000000000400}","Image":"C:\\Program Files\\WindowsApps\\Microsoft.WindowsCalculator_10.2008.2.0_x64__8wekyb3d8bbwe\\Calculator.exe","ImageLoaded":"C:\\Windows\\System32\\TextInputFramework.dll","EventID":7,"Channel":"Microsoft-Windows-Sysmon/Operational","Task":"7","RuleName":"-","FileVersion":"10.0.18362.693 (WinBuild.160101.0800)","Message":"Image loaded:\r\nRuleName: -\r\nUtcTime: 2020-10-18 06:17:05.243\r\nProcessGuid: {39e4a257-dde0-5f8b-511b-000000000400}\r\nProcessId: 8452\r\nImage: C:\\Program Files\\WindowsApps\\Microsoft.WindowsCalculator_10.2008.2.0_x64__8wekyb3d8bbwe\\Calculator.exe\r\nImageLoaded: C:\\Windows\\System32\\TextInputFramework.dll\r\nFileVersion: 10.0.18362.693 (WinBuild.160101.0800)\r\nDescription: \"TextInputFramework.DYNLINK\"\r\nProduct: Microsoft Windows Operating System\r\nCompany: Microsoft Corporation\r\nOriginalFileName: \"TextInputFramework.DYNLINK\"\r\nHashes: SHA1=D514677D0B3766F2A30A79B382CEAA6890A9144E,MD5=8C850456EBB5C4B5265BBB2CE8682703,SHA256=B6415255D252F04428832F5857706C1366B29C1ACF640082C341F8C1AF7816DF,IMPHASH=4EF0D2272492E6A4AEFB26F6674CA64F\r\nSigned: true\r\nSignature: Microsoft Windows\r\nSignatureStatus: Valid","Hostname":"WORKSTATION5","ProcessId":"8452","Description":"\"TextInputFramework.DYNLINK\"","Company":"Microsoft Corporation","Signed":"true","OriginalFileName":"\"TextInputFramework.DYNLINK\""}
{"TimeCreated":"2020-10-18 02:17:05.309","SignatureStatus":"Valid","Signature":"Microsoft Windows","Product":"Microsoft Windows Operating System","Hashes":"SHA1=D0A9DA96CAB5F8FE853E31CE4718EAE3019438DC,MD5=5A5CDE150DECFD9B326091ED40CFA614,SHA256=6CC47428E8FE3ACD05C3FC210F21F4A88EFA287755632334E3C9A904A1AED5BF,IMPHASH=ADB3C6BB9178D011EA4024DF5E1D82D8","UtcTime":"2020-10-18 06:17:05.226","ProcessGuid":"{39e4a257-dde0-5f8b-511b-000000000400}","Image":"C:\\Program Files\\WindowsApps\\Microsoft.WindowsCalculator_10.2008.2.0_x64__8wekyb3d8bbwe\\Calculator.exe","ImageLoaded":"C:\\Windows\\System32\\Windows.UI.dll","EventID":7,"Channel":"Microsoft-Windows-Sysmon/Operational","Task":"7","RuleName":"-","FileVersion":"10.0.18362.959 (WinBuild.160101.0800)","Message":"Image loaded:\r\nRuleName: -\r\nUtcTime: 2020-10-18 06:17:05.226\r\nProcessGuid: {39e4a257-dde0-5f8b-511b-000000000400}\r\nProcessId: 8452\r\nImage: C:\\Program Files\\WindowsApps\\Microsoft.WindowsCalculator_10.2008.2.0_x64__8wekyb3d8bbwe\\Calculator.exe\r\nImageLoaded: C:\\Windows\\System32\\Windows.UI.dll\r\nFileVersion: 10.0.18362.959 (WinBuild.160101.0800)\r\nDescription: Windows Runtime UI Foundation DLL\r\nProduct: Microsoft Windows Operating System\r\nCompany: Microsoft Corporation\r\nOriginalFileName: Windows.UI.dll\r\nHashes: SHA1=D0A9DA96CAB5F8FE853E31CE4718EAE3019438DC,MD5=5A5CDE150DECFD9B326091ED40CFA614,SHA256=6CC47428E8FE3ACD05C3FC210F21F4A88EFA287755632334E3C9A904A1AED5BF,IMPHASH=ADB3C6BB9178D011EA4024DF5E1D82D8\r\nSigned: true\r\nSignature: Microsoft Windows\r\nSignatureStatus: Valid","Hostname":"WORKSTATION5","ProcessId":"8452","Description":"Windows Runtime UI Foundation DLL","Company":"Microsoft Corporation","Signed":"true","OriginalFileName":"Windows.UI.dll"}
{"TimeCreated":"2020-10-18 02:17:05.233","UtcTime":"2020-10-18 06:17:05.210","ProcessGuid":"{39e4a257-f71c-5f87-1100-000000000400}","Image":"C:\\windows\\system32\\svchost.exe","EventID":12,"Channel":"Microsoft-Windows-Sysmon/Operational","Task":"12","RuleName":"-","Message":"Registry object added or deleted:\r\nRuleName: -\r\nEventType: CreateKey\r\nUtcTime: 2020-10-18 06:17:05.210\r\nProcessGuid: {39e4a257-f71c-5f87-1100-000000000400}\r\nProcessId: 996\r\nImage: C:\\windows\\system32\\svchost.exe\r\nTargetObject: HKLM\\SOFTWARE\\Microsoft\\SecurityManager","Hostname":"WORKSTATION5","ProcessId":"996","EventType":"CreateKey","TargetObject":"HKLM\\SOFTWARE\\Microsoft\\SecurityManager"}
{"TimeCreated":"2020-10-18 02:17:05.232","UtcTime":"2020-10-18 06:17:05.210","ProcessGuid":"{39e4a257-f71c-5f87-1100-000000000400}","Image":"C:\\windows\\system32\\svchost.exe","EventID":12,"Channel":"Microsoft-Windows-Sysmon/Operational","Task":"12","RuleName":"-","Message":"Registry object added or deleted:\r\nRuleName: -\r\nEventType: CreateKey\r\nUtcTime: 2020-10-18 06:17:05.210\r\nProcessGuid: {39e4a257-f71c-5f87-1100-000000000400}\r\nProcessId: 996\r\nImage: C:\\windows\\system32\\svchost.exe\r\nTargetObject: HKLM\\SOFTWARE\\Microsoft","Hostname":"WORKSTATION5","ProcessId":"996","EventType":"CreateKey","TargetObject":"HKLM\\SOFTWARE\\Microsoft"}
{"TimeCreated":"2020-10-18 02:17:05.232","UtcTime":"2020-10-18 06:17:05.210","ProcessGuid":"{39e4a257-f71c-5f87-1100-000000000400}","Image":"C:\\windows\\system32\\svchost.exe","EventID":12,"Channel":"Microsoft-Windows-Sysmon/Operational","Task":"12","RuleName":"-","Message":"Registry object added or deleted:\r\nRuleName: -\r\nEventType: CreateKey\r\nUtcTime: 2020-10-18 06:17:05.210\r\nProcessGuid: {39e4a257-f71c-5f87-1100-000000000400}\r\nProcessId: 996\r\nImage: C:\\windows\\system32\\svchost.exe\r\nTargetObject: HKLM\\SOFTWARE","Hostname":"WORKSTATION5","ProcessId":"996","EventType":"CreateKey","TargetObject":"HKLM\\SOFTWARE"}
{"TimeCreated":"2020-10-18 02:17:05.232","UtcTime":"2020-10-18 06:17:05.210","ProcessGuid":"{39e4a257-f71c-5f87-1100-000000000400}","Image":"C:\\windows\\system32\\svchost.exe","EventID":12,"Channel":"Microsoft-Windows-Sysmon/Operational","Task":"12","RuleName":"-","Message":"Registry object added or deleted:\r\nRuleName: -\r\nEventType: CreateKey\r\nUtcTime: 2020-10-18 06:17:05.210\r\nProcessGuid: {39e4a257-f71c-5f87-1100-000000000400}\r\nProcessId: 996\r\nImage: C:\\windows\\system32\\svchost.exe\r\nTargetObject: HKLM\\SOFTWARE\\Microsoft\\SecurityManager","Hostname":"WORKSTATION5","ProcessId":"996","EventType":"CreateKey","TargetObject":"HKLM\\SOFTWARE\\Microsoft\\SecurityManager"}
{"TimeCreated":"2020-10-18 02:17:05.232","UtcTime":"2020-10-18 06:17:05.210","ProcessGuid":"{39e4a257-f71c-5f87-1100-000000000400}","Image":"C:\\windows\\system32\\svchost.exe","EventID":12,"Channel":"Microsoft-Windows-Sysmon/Operational","Task":"12","RuleName":"-","Message":"Registry object added or deleted:\r\nRuleName: -\r\nEventType: CreateKey\r\nUtcTime: 2020-10-18 06:17:05.210\r\nProcessGuid: {39e4a257-f71c-5f87-1100-000000000400}\r\nProcessId: 996\r\nImage: C:\\windows\\system32\\svchost.exe\r\nTargetObject: HKLM\\SOFTWARE\\Microsoft","Hostname":"WORKSTATION5","ProcessId":"996","EventType":"CreateKey","TargetObject":"HKLM\\SOFTWARE\\Microsoft"}
{"TimeCreated":"2020-10-18 02:17:05.232","UtcTime":"2020-10-18 06:17:05.210","ProcessGuid":"{39e4a257-f71c-5f87-1100-000000000400}","Image":"C:\\windows\\system32\\svchost.exe","EventID":12,"Channel":"Microsoft-Windows-Sysmon/Operational","Task":"12","RuleName":"-","Message":"Registry object added or deleted:\r\nRuleName: -\r\nEventType: CreateKey\r\nUtcTime: 2020-10-18 06:17:05.210\r\nProcessGuid: {39e4a257-f71c-5f87-1100-000000000400}\r\nProcessId: 996\r\nImage: C:\\windows\\system32\\svchost.exe\r\nTargetObject: HKLM\\SOFTWARE","Hostname":"WORKSTATION5","ProcessId":"996","EventType":"CreateKey","TargetObject":"HKLM\\SOFTWARE"}
{"TimeCreated":"2020-10-18 02:17:05.232","UtcTime":"2020-10-18 06:17:05.210","ProcessGuid":"{39e4a257-f71c-5f87-1100-000000000400}","Image":"C:\\windows\\system32\\svchost.exe","EventID":12,"Channel":"Microsoft-Windows-Sysmon/Operational","Task":"12","RuleName":"-","Message":"Registry object added or deleted:\r\nRuleName: -\r\nEventType: CreateKey\r\nUtcTime: 2020-10-18 06:17:05.210\r\nProcessGuid: {39e4a257-f71c-5f87-1100-000000000400}\r\nProcessId: 996\r\nImage: C:\\windows\\system32\\svchost.exe\r\nTargetObject: HKLM\\SOFTWARE\\Microsoft\\SecurityManager","Hostname":"WORKSTATION5","ProcessId":"996","EventType":"CreateKey","TargetObject":"HKLM\\SOFTWARE\\Microsoft\\SecurityManager"}
{"TimeCreated":"2020-10-18 02:17:05.232","UtcTime":"2020-10-18 06:17:05.210","ProcessGuid":"{39e4a257-f71c-5f87-1100-000000000400}","Image":"C:\\windows\\system32\\svchost.exe","EventID":12,"Channel":"Microsoft-Windows-Sysmon/Operational","Task":"12","RuleName":"-","Message":"Registry object added or deleted:\r\nRuleName: -\r\nEventType: CreateKey\r\nUtcTime: 2020-10-18 06:17:05.210\r\nProcessGuid: {39e4a257-f71c-5f87-1100-000000000400}\r\nProcessId: 996\r\nImage: C:\\windows\\system32\\svchost.exe\r\nTargetObject: HKLM\\SOFTWARE\\Microsoft","Hostname":"WORKSTATION5","ProcessId":"996","EventType":"CreateKey","TargetObject":"HKLM\\SOFTWARE\\Microsoft"}
{"TimeCreated":"2020-10-18 02:17:05.232","UtcTime":"2020-10-18 06:17:05.210","ProcessGuid":"{39e4a257-f71c-5f87-1100-000000000400}","Image":"C:\\windows\\system32\\svchost.exe","EventID":12,"Channel":"Microsoft-Windows-Sysmon/Operational","Task":"12","RuleName":"-","Message":"Registry object added or deleted:\r\nRuleName: -\r\nEventType: CreateKey\r\nUtcTime: 2020-10-18 06:17:05.210\r\nProcessGuid: {39e4a257-f71c-5f87-1100-000000000400}\r\nProcessId: 996\r\nImage: C:\\windows\\system32\\svchost.exe\r\nTargetObject: HKLM\\SOFTWARE","Hostname":"WORKSTATION5","ProcessId":"996","EventType":"CreateKey","TargetObject":"HKLM\\SOFTWARE"}
{"TimeCreated":"2020-10-18 02:17:05.232","UtcTime":"2020-10-18 06:17:05.210","ProcessGuid":"{39e4a257-f71c-5f87-1100-000000000400}","Image":"C:\\windows\\system32\\svchost.exe","EventID":12,"Channel":"Microsoft-Windows-Sysmon/Operational","Task":"12","RuleName":"-","Message":"Registry object added or deleted:\r\nRuleName: -\r\nEventType: CreateKey\r\nUtcTime: 2020-10-18 06:17:05.210\r\nProcessGuid: {39e4a257-f71c-5f87-1100-000000000400}\r\nProcessId: 996\r\nImage: C:\\windows\\system32\\svchost.exe\r\nTargetObject: HKLM\\SOFTWARE\\Microsoft\\SecurityManager","Hostname":"WORKSTATION5","ProcessId":"996","EventType":"CreateKey","TargetObject":"HKLM\\SOFTWARE\\Microsoft\\SecurityManager"}
{"TimeCreated":"2020-10-18 02:17:05.232","UtcTime":"2020-10-18 06:17:05.210","ProcessGuid":"{39e4a257-f71c-5f87-1100-000000000400}","Image":"C:\\windows\\system32\\svchost.exe","EventID":12,"Channel":"Microsoft-Windows-Sysmon/Operational","Task":"12","RuleName":"-","Message":"Registry object added or deleted:\r\nRuleName: -\r\nEventType: CreateKey\r\nUtcTime: 2020-10-18 06:17:05.210\r\nProcessGuid: {39e4a257-f71c-5f87-1100-000000000400}\r\nProcessId: 996\r\nImage: C:\\windows\\system32\\svchost.exe\r\nTargetObject: HKLM\\SOFTWARE\\Microsoft","Hostname":"WORKSTATION5","ProcessId":"996","EventType":"CreateKey","TargetObject":"HKLM\\SOFTWARE\\Microsoft"}
{"TimeCreated":"2020-10-18 02:17:05.232","UtcTime":"2020-10-18 06:17:05.210","ProcessGuid":"{39e4a257-f71c-5f87-1100-000000000400}","Image":"C:\\windows\\system32\\svchost.exe","EventID":12,"Channel":"Microsoft-Windows-Sysmon/Operational","Task":"12","RuleName":"-","Message":"Registry object added or deleted:\r\nRuleName: -\r\nEventType: CreateKey\r\nUtcTime: 2020-10-18 06:17:05.210\r\nProcessGuid: {39e4a257-f71c-5f87-1100-000000000400}\r\nProcessId: 996\r\nImage: C:\\windows\\system32\\svchost.exe\r\nTargetObject: HKLM\\SOFTWARE","Hostname":"WORKSTATION5","ProcessId":"996","EventType":"CreateKey","TargetObject":"HKLM\\SOFTWARE"}
{"TimeCreated":"2020-10-18 02:17:05.214","SignatureStatus":"Valid","Signature":"Microsoft Windows","Product":"Microsoft Windows Operating System","Hashes":"SHA1=E3150FD33A69E10D5846A67D00D05191F54C19C2,MD5=F4F984BAFB9ACAEBF4B6CC6801DF7E66,SHA256=3D529120555D170F690D4B2AB6511698E03366F2DDF433FF23D44FF51171C18E,IMPHASH=42CBF815FA5AC73640BAA61904133E72","UtcTime":"2020-10-18 06:17:05.195","ProcessGuid":"{39e4a257-dde0-5f8b-511b-000000000400}","Image":"C:\\Program Files\\WindowsApps\\Microsoft.WindowsCalculator_10.2008.2.0_x64__8wekyb3d8bbwe\\Calculator.exe","ImageLoaded":"C:\\Windows\\System32\\rmclient.dll","EventID":7,"Channel":"Microsoft-Windows-Sysmon/Operational","Task":"7","RuleName":"-","FileVersion":"10.0.18362.267 (WinBuild.160101.0800)","Message":"Image loaded:\r\nRuleName: -\r\nUtcTime: 2020-10-18 06:17:05.195\r\nProcessGuid: {39e4a257-dde0-5f8b-511b-000000000400}\r\nProcessId: 8452\r\nImage: C:\\Program Files\\WindowsApps\\Microsoft.WindowsCalculator_10.2008.2.0_x64__8wekyb3d8bbwe\\Calculator.exe\r\nImageLoaded: C:\\Windows\\System32\\rmclient.dll\r\nFileVersion: 10.0.18362.267 (WinBuild.160101.0800)\r\nDescription: Resource Manager Client\r\nProduct: Microsoft Windows Operating System\r\nCompany: Microsoft Corporation\r\nOriginalFileName: rmclient.dll\r\nHashes: SHA1=E3150FD33A69E10D5846A67D00D05191F54C19C2,MD5=F4F984BAFB9ACAEBF4B6CC6801DF7E66,SHA256=3D529120555D170F690D4B2AB6511698E03366F2DDF433FF23D44FF51171C18E,IMPHASH=42CBF815FA5AC73640BAA61904133E72\r\nSigned: true\r\nSignature: Microsoft Windows\r\nSignatureStatus: Valid","Hostname":"WORKSTATION5","ProcessId":"8452","Description":"Resource Manager Client","Company":"Microsoft Corporation","Signed":"true","OriginalFileName":"rmclient.dll"}
