{"TimeCreated":"2020-10-18 02:17:03.948","SignatureStatus":"Valid","Signature":"Microsoft Windows","Product":"Microsoft Windows Operating System","Hashes":"SHA1=614229D06C56C4A5E89AA41D5D79DC0FF2B1E06A,MD5=7F48D30FD7AF2898C58E78058B188361,SHA256=723563F8BB4D7FAFF5C1B202902866F8A0982B14E09E5E636EBAF2FA9B9100FE,IMPHASH=1BB913D1BE1C6B72F870212A6BB991F3","UtcTime":"2020-10-18 06:17:03.898","ProcessGuid":"{39e4a257-dddf-5f8b-4e1b-000000000400}","Image":"C:\\Windows\\System32\\wbem\\WMIC.exe","ImageLoaded":"C:\\Windows\\System32\\cryptnet.dll","EventID":7,"Channel":"Microsoft-Windows-Sysmon/Operational","Task":"7","RuleName":"-","FileVersion":"10.0.18362.1 (WinBuild.160101.0800)","Message":"Image loaded:\r\nRuleName: -\r\nUtcTime: 2020-10-18 06:17:03.898\r\nProcessGuid: {39e4a257-dddf-5f8b-4e1b-000000000400}\r\nProcessId: 1064\r\nImage: C:\\Windows\\System32\\wbem\\WMIC.exe\r\nImageLoaded: C:\\Windows\\System32\\cryptnet.dll\r\nFileVersion: 10.0.18362.1 (WinBuild.160101.0800)\r\nDescription: Crypto Network Related API\r\nProduct: Microsoft Windows Operating System\r\nCompany: Microsoft Corporation\r\nOriginalFileName: CRYPTNET.DLL\r\nHashes: SHA1=614229D06C56C4A5E89AA41D5D79DC0FF2B1E06A,MD5=7F48D30FD7AF2898C58E78058B188361,SHA256=723563F8BB4D7FAFF5C1B202902866F8A0982B14E09E5E636EBAF2FA9B9100FE,IMPHASH=1BB913D1BE1C6B72F870212A6BB991F3\r\nSigned: true\r\nSignature: Microsoft Windows\r\nSignatureStatus: Valid","Hostname":"WORKSTATION5","ProcessId":"1064","Description":"Crypto Network Related API","Company":"Microsoft Corporation","Signed":"true","OriginalFileName":"CRYPTNET.DLL"}
{"TimeCreated":"2020-10-18 02:17:03.936","SignatureStatus":"Valid","Signature":"Microsoft Windows","Product":"Microsoft Windows Operating System","Hashes":"SHA1=A2D12FF45777950F1E84B4B97E387DD08CA21E9E,MD5=0365BBD35F91F2E3990A72DF66572586,SHA256=C1979FED6A92EB1864EC03F1ACEEDA4455D1FD498C460BD52E469054ACD7B953,IMPHASH=F7100EF886430CB1ABAF38BE7BB05DEF","UtcTime":"2020-10-18 06:17:03.898","ProcessGuid":"{39e4a257-dddf-5f8b-4e1b-000000000400}","Image":"C:\\Windows\\System32\\wbem\\WMIC.exe","ImageLoaded":"C:\\Windows\\System32\\ntasn1.dll","EventID":7,"Channel":"Microsoft-Windows-Sysmon/Operational","Task":"7","RuleName":"-","FileVersion":"10.0.18362.1 (WinBuild.160101.0800)","Message":"Image loaded:\r\nRuleName: -\r\nUtcTime: 2020-10-18 06:17:03.898\r\nProcessGuid: {39e4a257-dddf-5f8b-4e1b-000000000400}\r\nProcessId: 1064\r\nImage: C:\\Windows\\System32\\wbem\\WMIC.exe\r\nImageLoaded: C:\\Windows\\System32\\ntasn1.dll\r\nFileVersion: 10.0.18362.1 (WinBuild.160101.0800)\r\nDescription: Microsoft ASN.1 API\r\nProduct: Microsoft Windows Operating System\r\nCompany: Microsoft Corporation\r\nOriginalFileName: ntasn1.dll\r\nHashes: SHA1=A2D12FF45777950F1E84B4B97E387DD08CA21E9E,MD5=0365BBD35F91F2E3990A72DF66572586,SHA256=C1979FED6A92EB1864EC03F1ACEEDA4455D1FD498C460BD52E469054ACD7B953,IMPHASH=F7100EF886430CB1ABAF38BE7BB05DEF\r\nSigned: true\r\nSignature: Microsoft Windows\r\nSignatureStatus: Valid","Hostname":"WORKSTATION5","ProcessId":"1064","Description":"Microsoft ASN.1 API","Company":"Microsoft Corporation","Signed":"true","OriginalFileName":"ntasn1.dll"}
{"TimeCreated":"2020-10-18 02:17:03.929","SignatureStatus":"Valid","Signature":"Microsoft Windows","Product":"Microsoft Windows Operating System","Hashes":"SHA1=F49964A73238B4FA6BE5C25E1060ABA6C0EEE52B,MD5=FF1EF5A267E237E061D6CF7655C61502,SHA256=53E8C9D12372004D56D489231C29134FCE6C39AE14F00682559E29D41DD4D7BD,IMPHASH=4458CB6DE6246C2447EE885DE013644D","UtcTime":"2020-10-18 06:17:03.898","ProcessGuid":"{39e4a257-dddf-5f8b-4e1b-000000000400}","Image":"C:\\Windows\\System32\\wbem\\WMIC.exe","ImageLoaded":"C:\\Windows\\System32\\ncrypt.dll","EventID":7,"Channel":"Microsoft-Windows-Sysmon/Operational","Task":"7","RuleName":"-","FileVersion":"10.0.18362.1 (WinBuild.160101.0800)","Message":"Image loaded:\r\nRuleName: -\r\nUtcTime: 2020-10-18 06:17:03.898\r\nProcessGuid: {39e4a257-dddf-5f8b-4e1b-000000000400}\r\nProcessId: 1064\r\nImage: C:\\Windows\\System32\\wbem\\WMIC.exe\r\nImageLoaded: C:\\Windows\\System32\\ncrypt.dll\r\nFileVersion: 10.0.18362.1 (WinBuild.160101.0800)\r\nDescription: Windows NCrypt Router\r\nProduct: Microsoft Windows Operating System\r\nCompany: Microsoft Corporation\r\nOriginalFileName: ncrypt.dll\r\nHashes: SHA1=F49964A73238B4FA6BE5C25E1060ABA6C0EEE52B,MD5=FF1EF5A267E237E061D6CF7655C61502,SHA256=53E8C9D12372004D56D489231C29134FCE6C39AE14F00682559E29D41DD4D7BD,IMPHASH=4458CB6DE6246C2447EE885DE013644D\r\nSigned: true\r\nSignature: Microsoft Windows\r\nSignatureStatus: Valid","Hostname":"WORKSTATION5","ProcessId":"1064","Description":"Windows NCrypt Router","Company":"Microsoft Corporation","Signed":"true","OriginalFileName":"ncrypt.dll"}
{"TimeCreated":"2020-10-18 02:17:03.924","SignatureStatus":"Valid","Signature":"Microsoft Windows","Product":"Microsoft Windows Operating System","Hashes":"SHA1=D8BC3DCBB652A8AFF45B9C1BD4F895CD13AC9B5C,MD5=D101E825371DBE0845B9E08F1C091FBF,SHA256=85C7857C7D9C90301739B886DE7395615D9D2421EF4AAAF2716EDAD893AD5196,IMPHASH=E4E8928EBF868331EC2393286954E548","UtcTime":"2020-10-18 06:17:03.898","ProcessGuid":"{39e4a257-dddf-5f8b-4e1b-000000000400}","Image":"C:\\Windows\\System32\\wbem\\WMIC.exe","ImageLoaded":"C:\\Windows\\System32\\mskeyprotect.dll","EventID":7,"Channel":"Microsoft-Windows-Sysmon/Operational","Task":"7","RuleName":"-","FileVersion":"10.0.18362.1 (WinBuild.160101.0800)","Message":"Image loaded:\r\nRuleName: -\r\nUtcTime: 2020-10-18 06:17:03.898\r\nProcessGuid: {39e4a257-dddf-5f8b-4e1b-000000000400}\r\nProcessId: 1064\r\nImage: C:\\Windows\\System32\\wbem\\WMIC.exe\r\nImageLoaded: C:\\Windows\\System32\\mskeyprotect.dll\r\nFileVersion: 10.0.18362.1 (WinBuild.160101.0800)\r\nDescription: Microsoft Key Protection Provider\r\nProduct: Microsoft Windows Operating System\r\nCompany: Microsoft Corporation\r\nOriginalFileName: mskeyprotect.dll\r\nHashes: SHA1=D8BC3DCBB652A8AFF45B9C1BD4F895CD13AC9B5C,MD5=D101E825371DBE0845B9E08F1C091FBF,SHA256=85C7857C7D9C90301739B886DE7395615D9D2421EF4AAAF2716EDAD893AD5196,IMPHASH=E4E8928EBF868331EC2393286954E548\r\nSigned: true\r\nSignature: Microsoft Windows\r\nSignatureStatus: Valid","Hostname":"WORKSTATION5","ProcessId":"1064","Description":"Microsoft Key Protection Provider","Company":"Microsoft Corporation","Signed":"true","OriginalFileName":"mskeyprotect.dll"}
{"TimeCreated":"2020-10-18 02:17:03.914","SignatureStatus":"Valid","Signature":"Microsoft Windows","Product":"Microsoft Windows Operating System","Hashes":"SHA1=0FF1712CA3D53ADFC39141722213F851B08F8C0B,MD5=43C2DF6B74D8623771D913ABE258CB5E,SHA256=A00E0341E520B1BD71113DCE1D53081CD60B4A43FF795ECE7B68D30285005D8B,IMPHASH=BC8087F89E664A18F570A2FADD80A263","UtcTime":"2020-10-18 06:17:03.882","ProcessGuid":"{39e4a257-dddf-5f8b-4e1b-000000000400}","Image":"C:\\Windows\\System32\\wbem\\WMIC.exe","ImageLoaded":"C:\\Windows\\System32\\schannel.dll","EventID":7,"Channel":"Microsoft-Windows-Sysmon/Operational","Task":"7","RuleName":"-","FileVersion":"10.0.18362.1082 (WinBuild.160101.0800)","Message":"Image loaded:\r\nRuleName: -\r\nUtcTime: 2020-10-18 06:17:03.882\r\nProcessGuid: {39e4a257-dddf-5f8b-4e1b-000000000400}\r\nProcessId: 1064\r\nImage: C:\\Windows\\System32\\wbem\\WMIC.exe\r\nImageLoaded: C:\\Windows\\System32\\schannel.dll\r\nFileVersion: 10.0.18362.1082 (WinBuild.160101.0800)\r\nDescription: TLS / SSL Security Provider\r\nProduct: Microsoft Windows Operating System\r\nCompany: Microsoft Corporation\r\nOriginalFileName: schannel.dll\r\nHashes: SHA1=0FF1712CA3D53ADFC39141722213F851B08F8C0B,MD5=43C2DF6B74D8623771D913ABE258CB5E,SHA256=A00E0341E520B1BD71113DCE1D53081CD60B4A43FF795ECE7B68D30285005D8B,IMPHASH=BC8087F89E664A18F570A2FADD80A263\r\nSigned: true\r\nSignature: Microsoft Windows\r\nSignatureStatus: Valid","Hostname":"WORKSTATION5","ProcessId":"1064","Description":"TLS / SSL Security Provider","Company":"Microsoft Corporation","Signed":"true","OriginalFileName":"schannel.dll"}
{"TimeCreated":"2020-10-18 02:17:03.908","UtcTime":"2020-10-18 06:17:03.898","ProcessGuid":"{39e4a257-dddf-5f8b-4e1b-000000000400}","Image":"C:\\windows\\System32\\Wbem\\WMIC.exe","EventID":12,"Channel":"Microsoft-Windows-Sysmon/Operational","Task":"12","RuleName":"-","Message":"Registry object added or deleted:\r\nRuleName: -\r\nEventType: CreateKey\r\nUtcTime: 2020-10-18 06:17:03.898\r\nProcessGuid: {39e4a257-dddf-5f8b-4e1b-000000000400}\r\nProcessId: 1064\r\nImage: C:\\windows\\System32\\Wbem\\WMIC.exe\r\nTargetObject: HKU\\S-1-5-21-3940915590-64593676-1414006259-500\\Software\\Microsoft\\Windows\\CurrentVersion\\WinTrust\\Trust Providers\\Software Publishing","Hostname":"WORKSTATION5","ProcessId":"1064","EventType":"CreateKey","TargetObject":"HKU\\S-1-5-21-3940915590-64593676-1414006259-500\\Software\\Microsoft\\Windows\\CurrentVersion\\WinTrust\\Trust Providers\\Software Publishing"}
{"TimeCreated":"2020-10-18 02:17:03.896","UtcTime":"2020-10-18 06:17:03.882","ProcessGuid":"{39e4a257-dddf-5f8b-4e1b-000000000400}","Image":"C:\\windows\\System32\\Wbem\\WMIC.exe","EventID":12,"Channel":"Microsoft-Windows-Sysmon/Operational","Task":"12","RuleName":"-","Message":"Registry object added or deleted:\r\nRuleName: -\r\nEventType: CreateKey\r\nUtcTime: 2020-10-18 06:17:03.882\r\nProcessGuid: {39e4a257-dddf-5f8b-4e1b-000000000400}\r\nProcessId: 1064\r\nImage: C:\\windows\\System32\\Wbem\\WMIC.exe\r\nTargetObject: HKLM\\System\\CurrentControlSet\\Control\\SecurityProviders\\SCHANNEL","Hostname":"WORKSTATION5","ProcessId":"1064","EventType":"CreateKey","TargetObject":"HKLM\\System\\CurrentControlSet\\Control\\SecurityProviders\\SCHANNEL"}
{"TimeCreated":"2020-10-18 02:17:03.884","SignatureStatus":"Valid","Signature":"Microsoft Windows","Product":"Microsoft Windows Operating System","Hashes":"SHA1=A28C972B02687B3B4AC7B03A0B275580039D130B,MD5=B09AEAF6E34557F371609E8C5349CEED,SHA256=EF6A74EBB63FE5B8108BE3B296C86C0C3AE14E240110B78D27E7D3EA491B1F9D,IMPHASH=AFD4C9F86C7354898594DD6BBF32C51F","UtcTime":"2020-10-18 06:17:03.882","ProcessGuid":"{39e4a257-dddf-5f8b-4e1b-000000000400}","Image":"C:\\Windows\\System32\\wbem\\WMIC.exe","ImageLoaded":"C:\\Windows\\System32\\FWPUCLNT.DLL","EventID":7,"Channel":"Microsoft-Windows-Sysmon/Operational","Task":"7","RuleName":"-","FileVersion":"10.0.18362.1110 (WinBuild.160101.0800)","Message":"Image loaded:\r\nRuleName: -\r\nUtcTime: 2020-10-18 06:17:03.882\r\nProcessGuid: {39e4a257-dddf-5f8b-4e1b-000000000400}\r\nProcessId: 1064\r\nImage: C:\\Windows\\System32\\wbem\\WMIC.exe\r\nImageLoaded: C:\\Windows\\System32\\FWPUCLNT.DLL\r\nFileVersion: 10.0.18362.1110 (WinBuild.160101.0800)\r\nDescription: FWP/IPsec User-Mode API\r\nProduct: Microsoft Windows Operating System\r\nCompany: Microsoft Corporation\r\nOriginalFileName: fwpuclnt.dll\r\nHashes: SHA1=A28C972B02687B3B4AC7B03A0B275580039D130B,MD5=B09AEAF6E34557F371609E8C5349CEED,SHA256=EF6A74EBB63FE5B8108BE3B296C86C0C3AE14E240110B78D27E7D3EA491B1F9D,IMPHASH=AFD4C9F86C7354898594DD6BBF32C51F\r\nSigned: true\r\nSignature: Microsoft Windows\r\nSignatureStatus: Valid","Hostname":"WORKSTATION5","ProcessId":"1064","Description":"FWP/IPsec User-Mode API","Company":"Microsoft Corporation","Signed":"true","OriginalFileName":"fwpuclnt.dll"}
{"TimeCreated":"2020-10-18 02:17:03.882","SignatureStatus":"Valid","Signature":"Microsoft Windows","Product":"Microsoft Windows Operating System","Hashes":"SHA1=1BC9FA692CFFE0F829EF0093FC1EC1A7CDE0FEDF,MD5=285EB69E85F9C587B55DDD5816B827A4,SHA256=B009AF1CFFE8441149B1903B7841DA14B15BEE931F6709C20655668F2019F9D8,IMPHASH=FEAF8EF2A61D5237FD324D1624A3894B","UtcTime":"2020-10-18 06:17:03.867","ProcessGuid":"{39e4a257-dddf-5f8b-4e1b-000000000400}","Image":"C:\\Windows\\System32\\wbem\\WMIC.exe","ImageLoaded":"C:\\Windows\\System32\\rasadhlp.dll","EventID":7,"Channel":"Microsoft-Windows-Sysmon/Operational","Task":"7","RuleName":"-","FileVersion":"10.0.18362.1 (WinBuild.160101.0800)","Message":"Image loaded:\r\nRuleName: -\r\nUtcTime: 2020-10-18 06:17:03.867\r\nProcessGuid: {39e4a257-dddf-5f8b-4e1b-000000000400}\r\nProcessId: 1064\r\nImage: C:\\Windows\\System32\\wbem\\WMIC.exe\r\nImageLoaded: C:\\Windows\\System32\\rasadhlp.dll\r\nFileVersion: 10.0.18362.1 (WinBuild.160101.0800)\r\nDescription: Remote Access AutoDial Helper\r\nProduct: Microsoft Windows Operating System\r\nCompany: Microsoft Corporation\r\nOriginalFileName: rasadhlp.dll\r\nHashes: SHA1=1BC9FA692CFFE0F829EF0093FC1EC1A7CDE0FEDF,MD5=285EB69E85F9C587B55DDD5816B827A4,SHA256=B009AF1CFFE8441149B1903B7841DA14B15BEE931F6709C20655668F2019F9D8,IMPHASH=FEAF8EF2A61D5237FD324D1624A3894B\r\nSigned: true\r\nSignature: Microsoft Windows\r\nSignatureStatus: Valid","Hostname":"WORKSTATION5","ProcessId":"1064","Description":"Remote Access AutoDial Helper","Company":"Microsoft Corporation","Signed":"true","OriginalFileName":"rasadhlp.dll"}
{"TimeCreated":"2020-10-18 02:17:03.874","UtcTime":"2020-10-18 06:17:03.867","ProcessGuid":"{39e4a257-dddf-5f8b-4e1b-000000000400}","Image":"C:\\windows\\System32\\Wbem\\WMIC.exe","EventID":12,"Channel":"Microsoft-Windows-Sysmon/Operational","Task":"12","RuleName":"-","Message":"Registry object added or deleted:\r\nRuleName: -\r\nEventType: CreateKey\r\nUtcTime: 2020-10-18 06:17:03.867\r\nProcessGuid: {39e4a257-dddf-5f8b-4e1b-000000000400}\r\nProcessId: 1064\r\nImage: C:\\windows\\System32\\Wbem\\WMIC.exe\r\nTargetObject: HKLM\\System\\CurrentControlSet\\Services\\Tcpip\\Parameters","Hostname":"WORKSTATION5","ProcessId":"1064","EventType":"CreateKey","TargetObject":"HKLM\\System\\CurrentControlSet\\Services\\Tcpip\\Parameters"}
{"TimeCreated":"2020-10-18 02:17:03.874","UtcTime":"2020-10-18 06:17:03.867","ProcessGuid":"{39e4a257-dddf-5f8b-4e1b-000000000400}","Image":"C:\\windows\\System32\\Wbem\\WMIC.exe","EventID":12,"Channel":"Microsoft-Windows-Sysmon/Operational","Task":"12","RuleName":"-","Message":"Registry object added or deleted:\r\nRuleName: -\r\nEventType: CreateKey\r\nUtcTime: 2020-10-18 06:17:03.867\r\nProcessGuid: {39e4a257-dddf-5f8b-4e1b-000000000400}\r\nProcessId: 1064\r\nImage: C:\\windows\\System32\\Wbem\\WMIC.exe\r\nTargetObject: HKLM\\System\\CurrentControlSet\\Services\\Tcpip\\Parameters","Hostname":"WORKSTATION5","ProcessId":"1064","EventType":"CreateKey","TargetObject":"HKLM\\System\\CurrentControlSet\\Services\\Tcpip\\Parameters"}
{"TimeCreated":"2020-10-18 02:17:03.874","UtcTime":"2020-10-18 06:17:03.867","ProcessGuid":"{39e4a257-dddf-5f8b-4e1b-000000000400}","Image":"C:\\windows\\System32\\Wbem\\WMIC.exe","EventID":12,"Channel":"Microsoft-Windows-Sysmon/Operational","Task":"12","RuleName":"-","Message":"Registry object added or deleted:\r\nRuleName: -\r\nEventType: CreateKey\r\nUtcTime: 2020-10-18 06:17:03.867\r\nProcessGuid: {39e4a257-dddf-5f8b-4e1b-000000000400}\r\nProcessId: 1064\r\nImage: C:\\windows\\System32\\Wbem\\WMIC.exe\r\nTargetObject: HKLM\\System\\CurrentControlSet\\Services\\Tcpip\\Parameters","Hostname":"WORKSTATION5","ProcessId":"1064","EventType":"CreateKey","TargetObject":"HKLM\\System\\CurrentControlSet\\Services\\Tcpip\\Parameters"}
{"TimeCreated":"2020-10-18 02:17:03.874","UtcTime":"2020-10-18 06:17:03.867","ProcessGuid":"{39e4a257-dddf-5f8b-4e1b-000000000400}","Image":"C:\\windows\\System32\\Wbem\\WMIC.exe","EventID":12,"Channel":"Microsoft-Windows-Sysmon/Operational","Task":"12","RuleName":"-","Message":"Registry object added or deleted:\r\nRuleName: -\r\nEventType: CreateKey\r\nUtcTime: 2020-10-18 06:17:03.867\r\nProcessGuid: {39e4a257-dddf-5f8b-4e1b-000000000400}\r\nProcessId: 1064\r\nImage: C:\\windows\\System32\\Wbem\\WMIC.exe\r\nTargetObject: HKLM\\System\\CurrentControlSet\\Services\\Tcpip\\Parameters","Hostname":"WORKSTATION5","ProcessId":"1064","EventType":"CreateKey","TargetObject":"HKLM\\System\\CurrentControlSet\\Services\\Tcpip\\Parameters"}
{"TimeCreated":"2020-10-18 02:17:03.872","UtcTime":"2020-10-18 06:17:03.867","ProcessGuid":"{39e4a257-dddf-5f8b-4e1b-000000000400}","Image":"C:\\windows\\System32\\Wbem\\WMIC.exe","EventID":12,"Channel":"Microsoft-Windows-Sysmon/Operational","Task":"12","RuleName":"-","Message":"Registry object added or deleted:\r\nRuleName: -\r\nEventType: CreateKey\r\nUtcTime: 2020-10-18 06:17:03.867\r\nProcessGuid: {39e4a257-dddf-5f8b-4e1b-000000000400}\r\nProcessId: 1064\r\nImage: C:\\windows\\System32\\Wbem\\WMIC.exe\r\nTargetObject: HKLM\\System\\CurrentControlSet\\Services\\Tcpip\\Parameters","Hostname":"WORKSTATION5","ProcessId":"1064","EventType":"CreateKey","TargetObject":"HKLM\\System\\CurrentControlSet\\Services\\Tcpip\\Parameters"}
{"TimeCreated":"2020-10-18 02:17:03.872","UtcTime":"2020-10-18 06:17:03.867","ProcessGuid":"{39e4a257-dddf-5f8b-4e1b-000000000400}","Image":"C:\\windows\\System32\\Wbem\\WMIC.exe","EventID":12,"Channel":"Microsoft-Windows-Sysmon/Operational","Task":"12","RuleName":"-","Message":"Registry object added or deleted:\r\nRuleName: -\r\nEventType: CreateKey\r\nUtcTime: 2020-10-18 06:17:03.867\r\nProcessGuid: {39e4a257-dddf-5f8b-4e1b-000000000400}\r\nProcessId: 1064\r\nImage: C:\\windows\\System32\\Wbem\\WMIC.exe\r\nTargetObject: HKLM\\System\\CurrentControlSet\\Services\\Tcpip\\Parameters","Hostname":"WORKSTATION5","ProcessId":"1064","EventType":"CreateKey","TargetObject":"HKLM\\System\\CurrentControlSet\\Services\\Tcpip\\Parameters"}
{"TimeCreated":"2020-10-18 02:17:03.872","UtcTime":"2020-10-18 06:17:03.867","ProcessGuid":"{39e4a257-dddf-5f8b-4e1b-000000000400}","Image":"C:\\windows\\System32\\Wbem\\WMIC.exe","EventID":12,"Channel":"Microsoft-Windows-Sysmon/Operational","Task":"12","RuleName":"-","Message":"Registry object added or deleted:\r\nRuleName: -\r\nEventType: CreateKey\r\nUtcTime: 2020-10-18 06:17:03.867\r\nProcessGuid: {39e4a257-dddf-5f8b-4e1b-000000000400}\r\nProcessId: 1064\r\nImage: C:\\windows\\System32\\Wbem\\WMIC.exe\r\nTargetObject: HKLM\\System\\CurrentControlSet\\Services\\Tcpip\\Parameters","Hostname":"WORKSTATION5","ProcessId":"1064","EventType":"CreateKey","TargetObject":"HKLM\\System\\CurrentControlSet\\Services\\Tcpip\\Parameters"}
{"TimeCreated":"2020-10-18 02:17:03.872","SignatureStatus":"Valid","Signature":"Microsoft Windows","Product":"Microsoft Windows Operating System","Hashes":"SHA1=F1909EDE6F17B5B31AFA580DFE3C28485CAA2037,MD5=F1286919D541FF93F1174B0B1F1CF7FD,SHA256=3453BD57B23A211FD45A1BBA0EF84FD3B61E174112D16974B9481A0818C372E5,IMPHASH=D8803D749EB329542778B6CC38924BBA","UtcTime":"2020-10-18 06:17:03.867","ProcessGuid":"{39e4a257-dddf-5f8b-4e1b-000000000400}","Image":"C:\\Windows\\System32\\wbem\\WMIC.exe","ImageLoaded":"C:\\Windows\\System32\\dnsapi.dll","EventID":7,"Channel":"Microsoft-Windows-Sysmon/Operational","Task":"7","RuleName":"-","FileVersion":"10.0.18362.1082 (WinBuild.160101.0800)","Message":"Image loaded:\r\nRuleName: -\r\nUtcTime: 2020-10-18 06:17:03.867\r\nProcessGuid: {39e4a257-dddf-5f8b-4e1b-000000000400}\r\nProcessId: 1064\r\nImage: C:\\Windows\\System32\\wbem\\WMIC.exe\r\nImageLoaded: C:\\Windows\\System32\\dnsapi.dll\r\nFileVersion: 10.0.18362.1082 (WinBuild.160101.0800)\r\nDescription: DNS Client API DLL\r\nProduct: Microsoft Windows Operating System\r\nCompany: Microsoft Corporation\r\nOriginalFileName: dnsapi\r\nHashes: SHA1=F1909EDE6F17B5B31AFA580DFE3C28485CAA2037,MD5=F1286919D541FF93F1174B0B1F1CF7FD,SHA256=3453BD57B23A211FD45A1BBA0EF84FD3B61E174112D16974B9481A0818C372E5,IMPHASH=D8803D749EB329542778B6CC38924BBA\r\nSigned: true\r\nSignature: Microsoft Windows\r\nSignatureStatus: Valid","Hostname":"WORKSTATION5","ProcessId":"1064","Description":"DNS Client API DLL","Company":"Microsoft Corporation","Signed":"true","OriginalFileName":"dnsapi"}
{"TimeCreated":"2020-10-18 02:17:03.860","SignatureStatus":"Valid","Signature":"Microsoft Windows","Product":"Microsoft Windows Operating System","Hashes":"SHA1=410A571F24B88B60F8FD0832D96C4C5744E8F45F,MD5=105772C052983D98D630C09C9029D558,SHA256=319D73EBEB20113E7B0A988CE10E7C3E1EA0885B30045821223D8B7739D4CDA5,IMPHASH=C591E3A4DDFE145A26EEC16DB70623B7","UtcTime":"2020-10-18 06:17:03.835","ProcessGuid":"{39e4a257-dddf-5f8b-4e1b-000000000400}","Image":"C:\\Windows\\System32\\wbem\\WMIC.exe","ImageLoaded":"C:\\Windows\\System32\\dpapi.dll","EventID":7,"Channel":"Microsoft-Windows-Sysmon/Operational","Task":"7","RuleName":"-","FileVersion":"10.0.18362.1 (WinBuild.160101.0800)","Message":"Image loaded:\r\nRuleName: -\r\nUtcTime: 2020-10-18 06:17:03.835\r\nProcessGuid: {39e4a257-dddf-5f8b-4e1b-000000000400}\r\nProcessId: 1064\r\nImage: C:\\Windows\\System32\\wbem\\WMIC.exe\r\nImageLoaded: C:\\Windows\\System32\\dpapi.dll\r\nFileVersion: 10.0.18362.1 (WinBuild.160101.0800)\r\nDescription: Data Protection API\r\nProduct: Microsoft Windows Operating System\r\nCompany: Microsoft Corporation\r\nOriginalFileName: dpapi.dll\r\nHashes: SHA1=410A571F24B88B60F8FD0832D96C4C5744E8F45F,MD5=105772C052983D98D630C09C9029D558,SHA256=319D73EBEB20113E7B0A988CE10E7C3E1EA0885B30045821223D8B7739D4CDA5,IMPHASH=C591E3A4DDFE145A26EEC16DB70623B7\r\nSigned: true\r\nSignature: Microsoft Windows\r\nSignatureStatus: Valid","Hostname":"WORKSTATION5","ProcessId":"1064","Description":"Data Protection API","Company":"Microsoft Corporation","Signed":"true","OriginalFileName":"dpapi.dll"}
{"TimeCreated":"2020-10-18 02:17:03.854","UtcTime":"2020-10-18 06:17:03.835","ProcessGuid":"{39e4a257-dddf-5f8b-4e1b-000000000400}","Image":"C:\\windows\\System32\\Wbem\\WMIC.exe","EventID":13,"Channel":"Microsoft-Windows-Sysmon/Operational","Task":"13","RuleName":"-","Message":"Registry value set:\r\nRuleName: -\r\nEventType: SetValue\r\nUtcTime: 2020-10-18 06:17:03.835\r\nProcessGuid: {39e4a257-dddf-5f8b-4e1b-000000000400}\r\nProcessId: 1064\r\nImage: C:\\windows\\System32\\Wbem\\WMIC.exe\r\nTargetObject: HKU\\S-1-5-21-3940915590-64593676-1414006259-500\\Software\\Microsoft\\Windows\\CurrentVersion\\Internet Settings\\5.0\\Cache\\History\\CachePrefix\r\nDetails: Visited:","Hostname":"WORKSTATION5","Details":"Visited:","ProcessId":"1064","EventType":"SetValue","TargetObject":"HKU\\S-1-5-21-3940915590-64593676-1414006259-500\\Software\\Microsoft\\Windows\\CurrentVersion\\Internet Settings\\5.0\\Cache\\History\\CachePrefix"}
{"TimeCreated":"2020-10-18 02:17:03.854","UtcTime":"2020-10-18 06:17:03.835","ProcessGuid":"{39e4a257-dddf-5f8b-4e1b-000000000400}","Image":"C:\\windows\\System32\\Wbem\\WMIC.exe","EventID":13,"Channel":"Microsoft-Windows-Sysmon/Operational","Task":"13","RuleName":"-","Message":"Registry value set:\r\nRuleName: -\r\nEventType: SetValue\r\nUtcTime: 2020-10-18 06:17:03.835\r\nProcessGuid: {39e4a257-dddf-5f8b-4e1b-000000000400}\r\nProcessId: 1064\r\nImage: C:\\windows\\System32\\Wbem\\WMIC.exe\r\nTargetObject: HKU\\S-1-5-21-3940915590-64593676-1414006259-500\\Software\\Microsoft\\Windows\\CurrentVersion\\Internet Settings\\5.0\\Cache\\Cookies\\CachePrefix\r\nDetails: Cookie:","Hostname":"WORKSTATION5","Details":"Cookie:","ProcessId":"1064","EventType":"SetValue","TargetObject":"HKU\\S-1-5-21-3940915590-64593676-1414006259-500\\Software\\Microsoft\\Windows\\CurrentVersion\\Internet Settings\\5.0\\Cache\\Cookies\\CachePrefix"}
{"TimeCreated":"2020-10-18 02:17:03.854","UtcTime":"2020-10-18 06:17:03.835","ProcessGuid":"{39e4a257-dddf-5f8b-4e1b-000000000400}","Image":"C:\\windows\\System32\\Wbem\\WMIC.exe","EventID":13,"Channel":"Microsoft-Windows-Sysmon/Operational","Task":"13","RuleName":"-","Message":"Registry value set:\r\nRuleName: -\r\nEventType: SetValue\r\nUtcTime: 2020-10-18 06:17:03.835\r\nProcessGuid: {39e4a257-dddf-5f8b-4e1b-000000000400}\r\nProcessId: 1064\r\nImage: C:\\windows\\System32\\Wbem\\WMIC.exe\r\nTargetObject: HKU\\S-1-5-21-3940915590-64593676-1414006259-500\\Software\\Microsoft\\Windows\\CurrentVersion\\Internet Settings\\5.0\\Cache\\Content\\CachePrefix\r\nDetails: (Empty)","Hostname":"WORKSTATION5","Details":"(Empty)","ProcessId":"1064","EventType":"SetValue","TargetObject":"HKU\\S-1-5-21-3940915590-64593676-1414006259-500\\Software\\Microsoft\\Windows\\CurrentVersion\\Internet Settings\\5.0\\Cache\\Content\\CachePrefix"}
{"TimeCreated":"2020-10-18 02:17:03.854","UtcTime":"2020-10-18 06:17:03.835","ProcessGuid":"{39e4a257-dddf-5f8b-4e1b-000000000400}","Image":"C:\\windows\\System32\\Wbem\\WMIC.exe","EventID":12,"Channel":"Microsoft-Windows-Sysmon/Operational","Task":"12","RuleName":"-","Message":"Registry object added or deleted:\r\nRuleName: -\r\nEventType: CreateKey\r\nUtcTime: 2020-10-18 06:17:03.835\r\nProcessGuid: {39e4a257-dddf-5f8b-4e1b-000000000400}\r\nProcessId: 1064\r\nImage: C:\\windows\\System32\\Wbem\\WMIC.exe\r\nTargetObject: HKLM\\SOFTWARE\\Policies\\Microsoft\\SystemCertificates\\CA","Hostname":"WORKSTATION5","ProcessId":"1064","EventType":"CreateKey","TargetObject":"HKLM\\SOFTWARE\\Policies\\Microsoft\\SystemCertificates\\CA"}
{"TimeCreated":"2020-10-18 02:17:03.854","UtcTime":"2020-10-18 06:17:03.835","ProcessGuid":"{39e4a257-dddf-5f8b-4e1b-000000000400}","Image":"C:\\windows\\System32\\Wbem\\WMIC.exe","EventID":12,"Channel":"Microsoft-Windows-Sysmon/Operational","Task":"12","RuleName":"-","Message":"Registry object added or deleted:\r\nRuleName: -\r\nEventType: CreateKey\r\nUtcTime: 2020-10-18 06:17:03.835\r\nProcessGuid: {39e4a257-dddf-5f8b-4e1b-000000000400}\r\nProcessId: 1064\r\nImage: C:\\windows\\System32\\Wbem\\WMIC.exe\r\nTargetObject: HKLM\\SOFTWARE\\Policies\\Microsoft\\SystemCertificates\\Root","Hostname":"WORKSTATION5","ProcessId":"1064","EventType":"CreateKey","TargetObject":"HKLM\\SOFTWARE\\Policies\\Microsoft\\SystemCertificates\\Root"}
{"TimeCreated":"2020-10-18 02:17:03.854","UtcTime":"2020-10-18 06:17:03.835","ProcessGuid":"{39e4a257-dddf-5f8b-4e1b-000000000400}","Image":"C:\\windows\\System32\\Wbem\\WMIC.exe","EventID":12,"Channel":"Microsoft-Windows-Sysmon/Operational","Task":"12","RuleName":"-","Message":"Registry object added or deleted:\r\nRuleName: -\r\nEventType: CreateKey\r\nUtcTime: 2020-10-18 06:17:03.835\r\nProcessGuid: {39e4a257-dddf-5f8b-4e1b-000000000400}\r\nProcessId: 1064\r\nImage: C:\\windows\\System32\\Wbem\\WMIC.exe\r\nTargetObject: HKLM\\SOFTWARE\\Microsoft\\EnterpriseCertificates\\CA","Hostname":"WORKSTATION5","ProcessId":"1064","EventType":"CreateKey","TargetObject":"HKLM\\SOFTWARE\\Microsoft\\EnterpriseCertificates\\CA"}
{"TimeCreated":"2020-10-18 02:17:03.854","UtcTime":"2020-10-18 06:17:03.835","ProcessGuid":"{39e4a257-dddf-5f8b-4e1b-000000000400}","Image":"C:\\windows\\System32\\Wbem\\WMIC.exe","EventID":12,"Channel":"Microsoft-Windows-Sysmon/Operational","Task":"12","RuleName":"-","Message":"Registry object added or deleted:\r\nRuleName: -\r\nEventType: CreateKey\r\nUtcTime: 2020-10-18 06:17:03.835\r\nProcessGuid: {39e4a257-dddf-5f8b-4e1b-000000000400}\r\nProcessId: 1064\r\nImage: C:\\windows\\System32\\Wbem\\WMIC.exe\r\nTargetObject: HKLM\\SOFTWARE\\Microsoft\\EnterpriseCertificates\\CA","Hostname":"WORKSTATION5","ProcessId":"1064","EventType":"CreateKey","TargetObject":"HKLM\\SOFTWARE\\Microsoft\\EnterpriseCertificates\\CA"}
{"TimeCreated":"2020-10-18 02:17:03.854","UtcTime":"2020-10-18 06:17:03.835","ProcessGuid":"{39e4a257-dddf-5f8b-4e1b-000000000400}","Image":"C:\\windows\\System32\\Wbem\\WMIC.exe","EventID":12,"Channel":"Microsoft-Windows-Sysmon/Operational","Task":"12","RuleName":"-","Message":"Registry object added or deleted:\r\nRuleName: -\r\nEventType: CreateKey\r\nUtcTime: 2020-10-18 06:17:03.835\r\nProcessGuid: {39e4a257-dddf-5f8b-4e1b-000000000400}\r\nProcessId: 1064\r\nImage: C:\\windows\\System32\\Wbem\\WMIC.exe\r\nTargetObject: HKLM\\SOFTWARE\\Microsoft\\SystemCertificates\\CA","Hostname":"WORKSTATION5","ProcessId":"1064","EventType":"CreateKey","TargetObject":"HKLM\\SOFTWARE\\Microsoft\\SystemCertificates\\CA"}
{"TimeCreated":"2020-10-18 02:17:03.853","UtcTime":"2020-10-18 06:17:03.835","ProcessGuid":"{39e4a257-dddf-5f8b-4e1b-000000000400}","Image":"C:\\windows\\System32\\Wbem\\WMIC.exe","EventID":12,"Channel":"Microsoft-Windows-Sysmon/Operational","Task":"12","RuleName":"-","Message":"Registry object added or deleted:\r\nRuleName: -\r\nEventType: CreateKey\r\nUtcTime: 2020-10-18 06:17:03.835\r\nProcessGuid: {39e4a257-dddf-5f8b-4e1b-000000000400}\r\nProcessId: 1064\r\nImage: C:\\windows\\System32\\Wbem\\WMIC.exe\r\nTargetObject: HKLM\\SOFTWARE\\Microsoft\\SystemCertificates\\CA","Hostname":"WORKSTATION5","ProcessId":"1064","EventType":"CreateKey","TargetObject":"HKLM\\SOFTWARE\\Microsoft\\SystemCertificates\\CA"}
{"TimeCreated":"2020-10-18 02:17:03.853","UtcTime":"2020-10-18 06:17:03.835","ProcessGuid":"{39e4a257-dddf-5f8b-4e1b-000000000400}","Image":"C:\\windows\\System32\\Wbem\\WMIC.exe","EventID":12,"Channel":"Microsoft-Windows-Sysmon/Operational","Task":"12","RuleName":"-","Message":"Registry object added or deleted:\r\nRuleName: -\r\nEventType: CreateKey\r\nUtcTime: 2020-10-18 06:17:03.835\r\nProcessGuid: {39e4a257-dddf-5f8b-4e1b-000000000400}\r\nProcessId: 1064\r\nImage: C:\\windows\\System32\\Wbem\\WMIC.exe\r\nTargetObject: HKLM\\SOFTWARE\\Microsoft\\SystemCertificates\\SmartCardRoot","Hostname":"WORKSTATION5","ProcessId":"1064","EventType":"CreateKey","TargetObject":"HKLM\\SOFTWARE\\Microsoft\\SystemCertificates\\SmartCardRoot"}
{"TimeCreated":"2020-10-18 02:17:03.853","UtcTime":"2020-10-18 06:17:03.835","ProcessGuid":"{39e4a257-dddf-5f8b-4e1b-000000000400}","Image":"C:\\windows\\System32\\Wbem\\WMIC.exe","EventID":12,"Channel":"Microsoft-Windows-Sysmon/Operational","Task":"12","RuleName":"-","Message":"Registry object added or deleted:\r\nRuleName: -\r\nEventType: CreateKey\r\nUtcTime: 2020-10-18 06:17:03.835\r\nProcessGuid: {39e4a257-dddf-5f8b-4e1b-000000000400}\r\nProcessId: 1064\r\nImage: C:\\windows\\System32\\Wbem\\WMIC.exe\r\nTargetObject: HKLM\\SOFTWARE\\Microsoft\\EnterpriseCertificates\\Root","Hostname":"WORKSTATION5","ProcessId":"1064","EventType":"CreateKey","TargetObject":"HKLM\\SOFTWARE\\Microsoft\\EnterpriseCertificates\\Root"}
{"TimeCreated":"2020-10-18 02:17:03.853","UtcTime":"2020-10-18 06:17:03.835","ProcessGuid":"{39e4a257-dddf-5f8b-4e1b-000000000400}","Image":"C:\\windows\\System32\\Wbem\\WMIC.exe","EventID":12,"Channel":"Microsoft-Windows-Sysmon/Operational","Task":"12","RuleName":"-","Message":"Registry object added or deleted:\r\nRuleName: -\r\nEventType: CreateKey\r\nUtcTime: 2020-10-18 06:17:03.835\r\nProcessGuid: {39e4a257-dddf-5f8b-4e1b-000000000400}\r\nProcessId: 1064\r\nImage: C:\\windows\\System32\\Wbem\\WMIC.exe\r\nTargetObject: HKLM\\SOFTWARE\\Microsoft\\EnterpriseCertificates\\Root","Hostname":"WORKSTATION5","ProcessId":"1064","EventType":"CreateKey","TargetObject":"HKLM\\SOFTWARE\\Microsoft\\EnterpriseCertificates\\Root"}
{"TimeCreated":"2020-10-18 02:17:03.853","UtcTime":"2020-10-18 06:17:03.835","ProcessGuid":"{39e4a257-dddf-5f8b-4e1b-000000000400}","Image":"C:\\windows\\System32\\Wbem\\WMIC.exe","EventID":12,"Channel":"Microsoft-Windows-Sysmon/Operational","Task":"12","RuleName":"-","Message":"Registry object added or deleted:\r\nRuleName: -\r\nEventType: CreateKey\r\nUtcTime: 2020-10-18 06:17:03.835\r\nProcessGuid: {39e4a257-dddf-5f8b-4e1b-000000000400}\r\nProcessId: 1064\r\nImage: C:\\windows\\System32\\Wbem\\WMIC.exe\r\nTargetObject: HKLM\\SOFTWARE\\Microsoft\\SystemCertificates\\AuthRoot","Hostname":"WORKSTATION5","ProcessId":"1064","EventType":"CreateKey","TargetObject":"HKLM\\SOFTWARE\\Microsoft\\SystemCertificates\\AuthRoot"}
{"TimeCreated":"2020-10-18 02:17:03.853","UtcTime":"2020-10-18 06:17:03.835","ProcessGuid":"{39e4a257-dddf-5f8b-4e1b-000000000400}","Image":"C:\\windows\\System32\\Wbem\\WMIC.exe","EventID":12,"Channel":"Microsoft-Windows-Sysmon/Operational","Task":"12","RuleName":"-","Message":"Registry object added or deleted:\r\nRuleName: -\r\nEventType: CreateKey\r\nUtcTime: 2020-10-18 06:17:03.835\r\nProcessGuid: {39e4a257-dddf-5f8b-4e1b-000000000400}\r\nProcessId: 1064\r\nImage: C:\\windows\\System32\\Wbem\\WMIC.exe\r\nTargetObject: HKLM\\SOFTWARE\\Microsoft\\SystemCertificates\\ROOT","Hostname":"WORKSTATION5","ProcessId":"1064","EventType":"CreateKey","TargetObject":"HKLM\\SOFTWARE\\Microsoft\\SystemCertificates\\ROOT"}
{"TimeCreated":"2020-10-18 02:17:03.853","UtcTime":"2020-10-18 06:17:03.835","ProcessGuid":"{39e4a257-dddf-5f8b-4e1b-000000000400}","Image":"C:\\windows\\System32\\Wbem\\WMIC.exe","EventID":12,"Channel":"Microsoft-Windows-Sysmon/Operational","Task":"12","RuleName":"-","Message":"Registry object added or deleted:\r\nRuleName: -\r\nEventType: CreateKey\r\nUtcTime: 2020-10-18 06:17:03.835\r\nProcessGuid: {39e4a257-dddf-5f8b-4e1b-000000000400}\r\nProcessId: 1064\r\nImage: C:\\windows\\System32\\Wbem\\WMIC.exe\r\nTargetObject: HKLM\\SOFTWARE\\Microsoft\\SystemCertificates\\ROOT","Hostname":"WORKSTATION5","ProcessId":"1064","EventType":"CreateKey","TargetObject":"HKLM\\SOFTWARE\\Microsoft\\SystemCertificates\\ROOT"}
{"TimeCreated":"2020-10-18 02:17:03.853","UtcTime":"2020-10-18 06:17:03.835","ProcessGuid":"{39e4a257-dddf-5f8b-4e1b-000000000400}","Image":"C:\\windows\\System32\\Wbem\\WMIC.exe","EventID":12,"Channel":"Microsoft-Windows-Sysmon/Operational","Task":"12","RuleName":"-","Message":"Registry object added or deleted:\r\nRuleName: -\r\nEventType: CreateKey\r\nUtcTime: 2020-10-18 06:17:03.835\r\nProcessGuid: {39e4a257-dddf-5f8b-4e1b-000000000400}\r\nProcessId: 1064\r\nImage: C:\\windows\\System32\\Wbem\\WMIC.exe\r\nTargetObject: HKU\\S-1-5-21-3940915590-64593676-1414006259-500\\Software\\Microsoft\\Windows\\CurrentVersion\\WinTrust\\Trust Providers\\Software Publishing","Hostname":"WORKSTATION5","ProcessId":"1064","EventType":"CreateKey","TargetObject":"HKU\\S-1-5-21-3940915590-64593676-1414006259-500\\Software\\Microsoft\\Windows\\CurrentVersion\\WinTrust\\Trust Providers\\Software Publishing"}
{"TimeCreated":"2020-10-18 02:17:03.853","SignatureStatus":"Valid","Signature":"Microsoft Windows","Product":"Microsoft Windows Operating System","Hashes":"SHA1=09310F93E62D8B8BCBBEA36CB3AAF78CB98798EF,MD5=D3102BD5CD3C24E02C68CF6770379402,SHA256=49BF93C5C4D0D4AEE050ED83193DCF3FCB08D50DB5F0B7740436B24B83D14023,IMPHASH=A4C20B1A7B632846186AD47A0810709E","UtcTime":"2020-10-18 06:17:03.835","ProcessGuid":"{39e4a257-dddf-5f8b-4e1b-000000000400}","Image":"C:\\Windows\\System32\\wbem\\WMIC.exe","ImageLoaded":"C:\\Windows\\System32\\rsaenh.dll","EventID":7,"Channel":"Microsoft-Windows-Sysmon/Operational","Task":"7","RuleName":"-","FileVersion":"10.0.18362.1 (WinBuild.160101.0800)","Message":"Image loaded:\r\nRuleName: -\r\nUtcTime: 2020-10-18 06:17:03.835\r\nProcessGuid: {39e4a257-dddf-5f8b-4e1b-000000000400}\r\nProcessId: 1064\r\nImage: C:\\Windows\\System32\\wbem\\WMIC.exe\r\nImageLoaded: C:\\Windows\\System32\\rsaenh.dll\r\nFileVersion: 10.0.18362.1 (WinBuild.160101.0800)\r\nDescription: Microsoft Enhanced Cryptographic Provider\r\nProduct: Microsoft Windows Operating System\r\nCompany: Microsoft Corporation\r\nOriginalFileName: rsaenh.dll\r\nHashes: SHA1=09310F93E62D8B8BCBBEA36CB3AAF78CB98798EF,MD5=D3102BD5CD3C24E02C68CF6770379402,SHA256=49BF93C5C4D0D4AEE050ED83193DCF3FCB08D50DB5F0B7740436B24B83D14023,IMPHASH=A4C20B1A7B632846186AD47A0810709E\r\nSigned: true\r\nSignature: Microsoft Windows\r\nSignatureStatus: Valid","Hostname":"WORKSTATION5","ProcessId":"1064","Description":"Microsoft Enhanced Cryptographic Provider","Company":"Microsoft Corporation","Signed":"true","OriginalFileName":"rsaenh.dll"}
{"TimeCreated":"2020-10-18 02:17:03.852","SignatureStatus":"Valid","Signature":"Microsoft Windows","Product":"Microsoft Windows Operating System","Hashes":"SHA1=1D4CAA4103D48114427B8D1E69707ED12C30E634,MD5=E8C1E4DEC2498695CC0EE5FAC806D501,SHA256=253B83765C2FE82B75357AAEA08053FDF281201EF36F6A69406CFDEA84ADB9E0,IMPHASH=E57A72C1C30E2E99A58FD1D7A27738D7","UtcTime":"2020-10-18 06:17:03.835","ProcessGuid":"{39e4a257-dddf-5f8b-4e1b-000000000400}","Image":"C:\\Windows\\System32\\wbem\\WMIC.exe","ImageLoaded":"C:\\Windows\\System32\\wintrust.dll","EventID":7,"Channel":"Microsoft-Windows-Sysmon/Operational","Task":"7","RuleName":"-","FileVersion":"10.0.18362.1139 (WinBuild.160101.0800)","Message":"Image loaded:\r\nRuleName: -\r\nUtcTime: 2020-10-18 06:17:03.835\r\nProcessGuid: {39e4a257-dddf-5f8b-4e1b-000000000400}\r\nProcessId: 1064\r\nImage: C:\\Windows\\System32\\wbem\\WMIC.exe\r\nImageLoaded: C:\\Windows\\System32\\wintrust.dll\r\nFileVersion: 10.0.18362.1139 (WinBuild.160101.0800)\r\nDescription: Microsoft Trust Verification APIs\r\nProduct: Microsoft Windows Operating System\r\nCompany: Microsoft Corporation\r\nOriginalFileName: WINTRUST.DLL\r\nHashes: SHA1=1D4CAA4103D48114427B8D1E69707ED12C30E634,MD5=E8C1E4DEC2498695CC0EE5FAC806D501,SHA256=253B83765C2FE82B75357AAEA08053FDF281201EF36F6A69406CFDEA84ADB9E0,IMPHASH=E57A72C1C30E2E99A58FD1D7A27738D7\r\nSigned: true\r\nSignature: Microsoft Windows\r\nSignatureStatus: Valid","Hostname":"WORKSTATION5","ProcessId":"1064","Description":"Microsoft Trust Verification APIs","Company":"Microsoft Corporation","Signed":"true","OriginalFileName":"WINTRUST.DLL"}
{"TimeCreated":"2020-10-18 02:17:03.845","SignatureStatus":"Valid","Signature":"Microsoft Windows","Product":"Microsoft Windows Operating System","Hashes":"SHA1=F1F2A398A07419B588494558430A141884AD66EF,MD5=23D95BFDCD23EC6AFFF7E4B0703CE464,SHA256=18DE438E2C068383700C5A87423B70B251302F0D5107F331BC7EDE5097504907,IMPHASH=F79599CA729D557E0381EC0A41471A27","UtcTime":"2020-10-18 06:17:03.835","ProcessGuid":"{39e4a257-dddf-5f8b-4e1b-000000000400}","Image":"C:\\Windows\\System32\\wbem\\WMIC.exe","ImageLoaded":"C:\\Windows\\System32\\msasn1.dll","EventID":7,"Channel":"Microsoft-Windows-Sysmon/Operational","Task":"7","RuleName":"-","FileVersion":"10.0.18362.1 (WinBuild.160101.0800)","Message":"Image loaded:\r\nRuleName: -\r\nUtcTime: 2020-10-18 06:17:03.835\r\nProcessGuid: {39e4a257-dddf-5f8b-4e1b-000000000400}\r\nProcessId: 1064\r\nImage: C:\\Windows\\System32\\wbem\\WMIC.exe\r\nImageLoaded: C:\\Windows\\System32\\msasn1.dll\r\nFileVersion: 10.0.18362.1 (WinBuild.160101.0800)\r\nDescription: ASN.1 Runtime APIs\r\nProduct: Microsoft Windows Operating System\r\nCompany: Microsoft Corporation\r\nOriginalFileName: msasn1.dll\r\nHashes: SHA1=F1F2A398A07419B588494558430A141884AD66EF,MD5=23D95BFDCD23EC6AFFF7E4B0703CE464,SHA256=18DE438E2C068383700C5A87423B70B251302F0D5107F331BC7EDE5097504907,IMPHASH=F79599CA729D557E0381EC0A41471A27\r\nSigned: true\r\nSignature: Microsoft Windows\r\nSignatureStatus: Valid","Hostname":"WORKSTATION5","ProcessId":"1064","Description":"ASN.1 Runtime APIs","Company":"Microsoft Corporation","Signed":"true","OriginalFileName":"msasn1.dll"}
{"TimeCreated":"2020-10-18 02:17:03.844","SignatureStatus":"Valid","Signature":"Microsoft Windows","Product":"Microsoft Windows Operating System","Hashes":"SHA1=7A9DD389B0E3C124D4BFE5C1FF15F9A93285514F,MD5=1676DE3980DF1D78E14B172989916570,SHA256=E832E3A58B542E15A169B1545CE82451ACE19BD361FD81764383048528F9B540,IMPHASH=F523F043ACCD8EF1D89F5FD34B5CBBA6","UtcTime":"2020-10-18 06:17:03.835","ProcessGuid":"{39e4a257-dddf-5f8b-4e1b-000000000400}","Image":"C:\\Windows\\System32\\wbem\\WMIC.exe","ImageLoaded":"C:\\Windows\\System32\\crypt32.dll","EventID":7,"Channel":"Microsoft-Windows-Sysmon/Operational","Task":"7","RuleName":"-","FileVersion":"10.0.18362.592 (WinBuild.160101.0800)","Message":"Image loaded:\r\nRuleName: -\r\nUtcTime: 2020-10-18 06:17:03.835\r\nProcessGuid: {39e4a257-dddf-5f8b-4e1b-000000000400}\r\nProcessId: 1064\r\nImage: C:\\Windows\\System32\\wbem\\WMIC.exe\r\nImageLoaded: C:\\Windows\\System32\\crypt32.dll\r\nFileVersion: 10.0.18362.592 (WinBuild.160101.0800)\r\nDescription: Crypto API32\r\nProduct: Microsoft Windows Operating System\r\nCompany: Microsoft Corporation\r\nOriginalFileName: CRYPT32.DLL\r\nHashes: SHA1=7A9DD389B0E3C124D4BFE5C1FF15F9A93285514F,MD5=1676DE3980DF1D78E14B172989916570,SHA256=E832E3A58B542E15A169B1545CE82451ACE19BD361FD81764383048528F9B540,IMPHASH=F523F043ACCD8EF1D89F5FD34B5CBBA6\r\nSigned: true\r\nSignature: Microsoft Windows\r\nSignatureStatus: Valid","Hostname":"WORKSTATION5","ProcessId":"1064","Description":"Crypto API32","Company":"Microsoft Corporation","Signed":"true","OriginalFileName":"CRYPT32.DLL"}
{"TimeCreated":"2020-10-18 02:17:03.833","SignatureStatus":"Valid","Signature":"Microsoft Windows","Product":"Microsoft Windows Operating System","Hashes":"SHA1=1AB85DA55EB2EDA35E6DEBB2D3FBEA21DD2ADA7E,MD5=E85DECB45E7F108270DE6AA993DD5800,SHA256=900FEBC57C68ECB20B1E7B34757B95ACF8CE6541D1DC8D8E2910AE15C52D5581,IMPHASH=AD7C692FA9FCC8C643FD494188DECA65","UtcTime":"2020-10-18 06:17:03.804","ProcessGuid":"{39e4a257-dddf-5f8b-4e1b-000000000400}","Image":"C:\\Windows\\System32\\wbem\\WMIC.exe","ImageLoaded":"C:\\Windows\\System32\\winnsi.dll","EventID":7,"Channel":"Microsoft-Windows-Sysmon/Operational","Task":"7","RuleName":"-","FileVersion":"10.0.18362.449 (WinBuild.160101.0800)","Message":"Image loaded:\r\nRuleName: -\r\nUtcTime: 2020-10-18 06:17:03.804\r\nProcessGuid: {39e4a257-dddf-5f8b-4e1b-000000000400}\r\nProcessId: 1064\r\nImage: C:\\Windows\\System32\\wbem\\WMIC.exe\r\nImageLoaded: C:\\Windows\\System32\\winnsi.dll\r\nFileVersion: 10.0.18362.449 (WinBuild.160101.0800)\r\nDescription: Network Store Information RPC interface\r\nProduct: Microsoft Windows Operating System\r\nCompany: Microsoft Corporation\r\nOriginalFileName: winnsi.dll\r\nHashes: SHA1=1AB85DA55EB2EDA35E6DEBB2D3FBEA21DD2ADA7E,MD5=E85DECB45E7F108270DE6AA993DD5800,SHA256=900FEBC57C68ECB20B1E7B34757B95ACF8CE6541D1DC8D8E2910AE15C52D5581,IMPHASH=AD7C692FA9FCC8C643FD494188DECA65\r\nSigned: true\r\nSignature: Microsoft Windows\r\nSignatureStatus: Valid","Hostname":"WORKSTATION5","ProcessId":"1064","Description":"Network Store Information RPC interface","Company":"Microsoft Corporation","Signed":"true","OriginalFileName":"winnsi.dll"}
{"TimeCreated":"2020-10-18 02:17:03.828","SignatureStatus":"Valid","Signature":"Microsoft Windows","Product":"Microsoft Windows Operating System","Hashes":"SHA1=2E03CA141D735D13491049B4D6C2DC2B928B4C01,MD5=8578F1F72C6550CF62965D520FA7C6E9,SHA256=20008AAB6285FB2B24DE1E72D11654316FF601918FD05B7DF2F9894C64A16956,IMPHASH=E5E26C86BC73F56D7EDD17D98802AA21","UtcTime":"2020-10-18 06:17:03.804","ProcessGuid":"{39e4a257-dddf-5f8b-4e1b-000000000400}","Image":"C:\\Windows\\System32\\wbem\\WMIC.exe","ImageLoaded":"C:\\Windows\\System32\\mswsock.dll","EventID":7,"Channel":"Microsoft-Windows-Sysmon/Operational","Task":"7","RuleName":"-","FileVersion":"10.0.18362.815 (WinBuild.160101.0800)","Message":"Image loaded:\r\nRuleName: -\r\nUtcTime: 2020-10-18 06:17:03.804\r\nProcessGuid: {39e4a257-dddf-5f8b-4e1b-000000000400}\r\nProcessId: 1064\r\nImage: C:\\Windows\\System32\\wbem\\WMIC.exe\r\nImageLoaded: C:\\Windows\\System32\\mswsock.dll\r\nFileVersion: 10.0.18362.815 (WinBuild.160101.0800)\r\nDescription: Microsoft Windows Sockets 2.0 Service Provider\r\nProduct: Microsoft Windows Operating System\r\nCompany: Microsoft Corporation\r\nOriginalFileName: mswsock.dll\r\nHashes: SHA1=2E03CA141D735D13491049B4D6C2DC2B928B4C01,MD5=8578F1F72C6550CF62965D520FA7C6E9,SHA256=20008AAB6285FB2B24DE1E72D11654316FF601918FD05B7DF2F9894C64A16956,IMPHASH=E5E26C86BC73F56D7EDD17D98802AA21\r\nSigned: true\r\nSignature: Microsoft Windows\r\nSignatureStatus: Valid","Hostname":"WORKSTATION5","ProcessId":"1064","Description":"Microsoft Windows Sockets 2.0 Service Provider","Company":"Microsoft Corporation","Signed":"true","OriginalFileName":"mswsock.dll"}
{"TimeCreated":"2020-10-18 02:17:03.823","UtcTime":"2020-10-18 06:17:03.820","ProcessGuid":"{39e4a257-f728-5f87-4300-000000000400}","Image":"C:\\windows\\system32\\svchost.exe","EventID":12,"Channel":"Microsoft-Windows-Sysmon/Operational","Task":"12","RuleName":"-","Message":"Registry object added or deleted:\r\nRuleName: -\r\nEventType: CreateKey\r\nUtcTime: 2020-10-18 06:17:03.820\r\nProcessGuid: {39e4a257-f728-5f87-4300-000000000400}\r\nProcessId: 2904\r\nImage: C:\\windows\\system32\\svchost.exe\r\nTargetObject: HKU\\S-1-5-21-3940915590-64593676-1414006259-500\\Software\\Microsoft\\Windows\\CurrentVersion\\Internet Settings\\Connections","Hostname":"WORKSTATION5","ProcessId":"2904","EventType":"CreateKey","TargetObject":"HKU\\S-1-5-21-3940915590-64593676-1414006259-500\\Software\\Microsoft\\Windows\\CurrentVersion\\Internet Settings\\Connections"}
{"TimeCreated":"2020-10-18 02:17:03.821","UtcTime":"2020-10-18 06:17:03.804","ProcessGuid":"{39e4a257-f728-5f87-4300-000000000400}","Image":"C:\\windows\\system32\\svchost.exe","EventID":12,"Channel":"Microsoft-Windows-Sysmon/Operational","Task":"12","RuleName":"-","Message":"Registry object added or deleted:\r\nRuleName: -\r\nEventType: CreateKey\r\nUtcTime: 2020-10-18 06:17:03.804\r\nProcessGuid: {39e4a257-f728-5f87-4300-000000000400}\r\nProcessId: 2904\r\nImage: C:\\windows\\system32\\svchost.exe\r\nTargetObject: HKU\\S-1-5-21-3940915590-64593676-1414006259-500\\Software\\Microsoft\\Windows\\CurrentVersion\\Internet Settings\\Connections","Hostname":"WORKSTATION5","ProcessId":"2904","EventType":"CreateKey","TargetObject":"HKU\\S-1-5-21-3940915590-64593676-1414006259-500\\Software\\Microsoft\\Windows\\CurrentVersion\\Internet Settings\\Connections"}
{"TimeCreated":"2020-10-18 02:17:03.821","UtcTime":"2020-10-18 06:17:03.804","ProcessGuid":"{39e4a257-f728-5f87-4300-000000000400}","Image":"C:\\windows\\system32\\svchost.exe","EventID":12,"Channel":"Microsoft-Windows-Sysmon/Operational","Task":"12","RuleName":"-","Message":"Registry object added or deleted:\r\nRuleName: -\r\nEventType: CreateKey\r\nUtcTime: 2020-10-18 06:17:03.804\r\nProcessGuid: {39e4a257-f728-5f87-4300-000000000400}\r\nProcessId: 2904\r\nImage: C:\\windows\\system32\\svchost.exe\r\nTargetObject: HKU\\S-1-5-21-3940915590-64593676-1414006259-500\\Software\\Microsoft\\Windows\\CurrentVersion\\Internet Settings\\Connections","Hostname":"WORKSTATION5","ProcessId":"2904","EventType":"CreateKey","TargetObject":"HKU\\S-1-5-21-3940915590-64593676-1414006259-500\\Software\\Microsoft\\Windows\\CurrentVersion\\Internet Settings\\Connections"}
{"TimeCreated":"2020-10-18 02:17:03.819","SignatureStatus":"Valid","Signature":"Microsoft Windows","Product":"Microsoft Windows Operating System","Hashes":"SHA1=4118D7E1C3531A1A01FB8924E1A1D470066EEA3F,MD5=9EB93B389D055FA045FC91D2B763B3AC,SHA256=AB620EE31FB65F1A51B2FA28F30BC31329966CB27E3570812138DF99E4D7CC8D,IMPHASH=DEFB8C5BB37FCD63DC790B55724FDE42","UtcTime":"2020-10-18 06:17:03.804","ProcessGuid":"{39e4a257-dddf-5f8b-4e1b-000000000400}","Image":"C:\\Windows\\System32\\wbem\\WMIC.exe","ImageLoaded":"C:\\Windows\\System32\\nsi.dll","EventID":7,"Channel":"Microsoft-Windows-Sysmon/Operational","Task":"7","RuleName":"-","FileVersion":"10.0.18362.449 (WinBuild.160101.0800)","Message":"Image loaded:\r\nRuleName: -\r\nUtcTime: 2020-10-18 06:17:03.804\r\nProcessGuid: {39e4a257-dddf-5f8b-4e1b-000000000400}\r\nProcessId: 1064\r\nImage: C:\\Windows\\System32\\wbem\\WMIC.exe\r\nImageLoaded: C:\\Windows\\System32\\nsi.dll\r\nFileVersion: 10.0.18362.449 (WinBuild.160101.0800)\r\nDescription: NSI User-mode interface DLL\r\nProduct: Microsoft Windows Operating System\r\nCompany: Microsoft Corporation\r\nOriginalFileName: nsi.dll\r\nHashes: SHA1=4118D7E1C3531A1A01FB8924E1A1D470066EEA3F,MD5=9EB93B389D055FA045FC91D2B763B3AC,SHA256=AB620EE31FB65F1A51B2FA28F30BC31329966CB27E3570812138DF99E4D7CC8D,IMPHASH=DEFB8C5BB37FCD63DC790B55724FDE42\r\nSigned: true\r\nSignature: Microsoft Windows\r\nSignatureStatus: Valid","Hostname":"WORKSTATION5","ProcessId":"1064","Description":"NSI User-mode interface DLL","Company":"Microsoft Corporation","Signed":"true","OriginalFileName":"nsi.dll"}
{"TimeCreated":"2020-10-18 02:17:03.819","UtcTime":"2020-10-18 06:17:03.804","ProcessGuid":"{39e4a257-dddf-5f8b-4e1b-000000000400}","Image":"C:\\windows\\System32\\Wbem\\WMIC.exe","EventID":13,"Channel":"Microsoft-Windows-Sysmon/Operational","Task":"13","RuleName":"-","Message":"Registry value set:\r\nRuleName: -\r\nEventType: SetValue\r\nUtcTime: 2020-10-18 06:17:03.804\r\nProcessGuid: {39e4a257-dddf-5f8b-4e1b-000000000400}\r\nProcessId: 1064\r\nImage: C:\\windows\\System32\\Wbem\\WMIC.exe\r\nTargetObject: HKU\\S-1-5-21-3940915590-64593676-1414006259-500\\Software\\Microsoft\\Windows\\CurrentVersion\\Internet Settings\\ZoneMap\\AutoDetect\r\nDetails: DWORD (0x00000000)","Hostname":"WORKSTATION5","Details":"DWORD (0x00000000)","ProcessId":"1064","EventType":"SetValue","TargetObject":"HKU\\S-1-5-21-3940915590-64593676-1414006259-500\\Software\\Microsoft\\Windows\\CurrentVersion\\Internet Settings\\ZoneMap\\AutoDetect"}
{"TimeCreated":"2020-10-18 02:17:03.819","UtcTime":"2020-10-18 06:17:03.804","ProcessGuid":"{39e4a257-dddf-5f8b-4e1b-000000000400}","Image":"C:\\windows\\System32\\Wbem\\WMIC.exe","EventID":13,"Channel":"Microsoft-Windows-Sysmon/Operational","Task":"13","RuleName":"-","Message":"Registry value set:\r\nRuleName: -\r\nEventType: SetValue\r\nUtcTime: 2020-10-18 06:17:03.804\r\nProcessGuid: {39e4a257-dddf-5f8b-4e1b-000000000400}\r\nProcessId: 1064\r\nImage: C:\\windows\\System32\\Wbem\\WMIC.exe\r\nTargetObject: HKU\\S-1-5-21-3940915590-64593676-1414006259-500\\Software\\Microsoft\\Windows\\CurrentVersion\\Internet Settings\\ZoneMap\\UNCAsIntranet\r\nDetails: DWORD (0x00000001)","Hostname":"WORKSTATION5","Details":"DWORD (0x00000001)","ProcessId":"1064","EventType":"SetValue","TargetObject":"HKU\\S-1-5-21-3940915590-64593676-1414006259-500\\Software\\Microsoft\\Windows\\CurrentVersion\\Internet Settings\\ZoneMap\\UNCAsIntranet"}
