{"TimeCreated":"2020-10-18 02:17:05.716","SignatureStatus":"Valid","Signature":"Microsoft Windows","Product":"Microsoft Windows Operating System","Hashes":"SHA1=886CAF5D75DDF1C4BFC6F1A5B917865A29028853,MD5=0432AABF652C29BF535241FA9C41F334,SHA256=B2572A0ECFB53B893FAF35A06B2415E13E72B6C8764164180EA6EE6587576F32,IMPHASH=D49C7F3A081F7C6E3981F734AEA31F09","UtcTime":"2020-10-18 06:17:05.710","ProcessGuid":"{39e4a257-dde0-5f8b-511b-000000000400}","Image":"C:\\Program Files\\WindowsApps\\Microsoft.WindowsCalculator_10.2008.2.0_x64__8wekyb3d8bbwe\\Calculator.exe","ImageLoaded":"C:\\Windows\\System32\\Windows.Storage.ApplicationData.dll","EventID":7,"Channel":"Microsoft-Windows-Sysmon/Operational","Task":"7","RuleName":"-","FileVersion":"10.0.18362.959 (WinBuild.160101.0800)","Message":"Image loaded:\r\nRuleName: -\r\nUtcTime: 2020-10-18 06:17:05.710\r\nProcessGuid: {39e4a257-dde0-5f8b-511b-000000000400}\r\nProcessId: 8452\r\nImage: C:\\Program Files\\WindowsApps\\Microsoft.WindowsCalculator_10.2008.2.0_x64__8wekyb3d8bbwe\\Calculator.exe\r\nImageLoaded: C:\\Windows\\System32\\Windows.Storage.ApplicationData.dll\r\nFileVersion: 10.0.18362.959 (WinBuild.160101.0800)\r\nDescription: Windows Application Data API Server\r\nProduct: Microsoft Windows Operating System\r\nCompany: Microsoft Corporation\r\nOriginalFileName: Windows.Storage.ApplicationData.dll\r\nHashes: SHA1=886CAF5D75DDF1C4BFC6F1A5B917865A29028853,MD5=0432AABF652C29BF535241FA9C41F334,SHA256=B2572A0ECFB53B893FAF35A06B2415E13E72B6C8764164180EA6EE6587576F32,IMPHASH=D49C7F3A081F7C6E3981F734AEA31F09\r\nSigned: true\r\nSignature: Microsoft Windows\r\nSignatureStatus: Valid","Hostname":"WORKSTATION5","ProcessId":"8452","Description":"Windows Application Data API Server","Company":"Microsoft Corporation","Signed":"true","OriginalFileName":"Windows.Storage.ApplicationData.dll"}
{"TimeCreated":"2020-10-18 02:17:05.715","UtcTime":"2020-10-18 06:17:05.695","ProcessGuid":"{39e4a257-f705-5f87-0100-000000000400}","Image":"System","EventID":13,"Channel":"Microsoft-Windows-Sysmon/Operational","Task":"13","RuleName":"-","Message":"Registry value set:\r\nRuleName: -\r\nEventType: SetValue\r\nUtcTime: 2020-10-18 06:17:05.695\r\nProcessGuid: {39e4a257-f705-5f87-0100-000000000400}\r\nProcessId: 4\r\nImage: System\r\nTargetObject: HKLM\\System\\CurrentControlSet\\Services\\bam\\State\\UserSettings\\S-1-5-21-3940915590-64593676-1414006259-500\\SequenceNumber\r\nDetails: DWORD (0x000000db)","Hostname":"WORKSTATION5","Details":"DWORD (0x000000db)","ProcessId":"4","EventType":"SetValue","TargetObject":"HKLM\\System\\CurrentControlSet\\Services\\bam\\State\\UserSettings\\S-1-5-21-3940915590-64593676-1414006259-500\\SequenceNumber"}
{"TimeCreated":"2020-10-18 02:17:05.715","UtcTime":"2020-10-18 06:17:05.695","ProcessGuid":"{39e4a257-f705-5f87-0100-000000000400}","Image":"System","EventID":13,"Channel":"Microsoft-Windows-Sysmon/Operational","Task":"13","RuleName":"-","Message":"Registry value set:\r\nRuleName: -\r\nEventType: SetValue\r\nUtcTime: 2020-10-18 06:17:05.695\r\nProcessGuid: {39e4a257-f705-5f87-0100-000000000400}\r\nProcessId: 4\r\nImage: System\r\nTargetObject: HKLM\\System\\CurrentControlSet\\Services\\bam\\State\\UserSettings\\S-1-5-21-3940915590-64593676-1414006259-500\\Microsoft.WindowsCalculator_8wekyb3d8bbwe\r\nDetails: Binary Data","Hostname":"WORKSTATION5","Details":"Binary Data","ProcessId":"4","EventType":"SetValue","TargetObject":"HKLM\\System\\CurrentControlSet\\Services\\bam\\State\\UserSettings\\S-1-5-21-3940915590-64593676-1414006259-500\\Microsoft.WindowsCalculator_8wekyb3d8bbwe"}
{"TimeCreated":"2020-10-18 02:17:05.715","UtcTime":"2020-10-18 06:17:05.695","ProcessGuid":"{39e4a257-f705-5f87-0100-000000000400}","Image":"System","EventID":12,"Channel":"Microsoft-Windows-Sysmon/Operational","Task":"12","RuleName":"-","Message":"Registry object added or deleted:\r\nRuleName: -\r\nEventType: CreateKey\r\nUtcTime: 2020-10-18 06:17:05.695\r\nProcessGuid: {39e4a257-f705-5f87-0100-000000000400}\r\nProcessId: 4\r\nImage: System\r\nTargetObject: HKLM\\System\\CurrentControlSet\\Services\\bam\\State\\UserSettings\\S-1-5-21-3940915590-64593676-1414006259-500","Hostname":"WORKSTATION5","ProcessId":"4","EventType":"CreateKey","TargetObject":"HKLM\\System\\CurrentControlSet\\Services\\bam\\State\\UserSettings\\S-1-5-21-3940915590-64593676-1414006259-500"}
{"TimeCreated":"2020-10-18 02:17:05.710","SignatureStatus":"Valid","Signature":"Microsoft Windows","Product":"Microsoft Windows Operating System","Hashes":"SHA1=36A47FE8D70C2CCA50FD93D646D9921F9B82F2E5,MD5=5AD6A06D10D98D7E90FE06A55777078B,SHA256=CCDA95FD2CA82AAD1FBC6C8D0FEEBC1B2D53312772ED16887BCF3D7F92126698,IMPHASH=54EF00A132FEECAE6E25510FFFBC9437","UtcTime":"2020-10-18 06:17:05.664","ProcessGuid":"{39e4a257-dde0-5f8b-511b-000000000400}","Image":"C:\\Program Files\\WindowsApps\\Microsoft.WindowsCalculator_10.2008.2.0_x64__8wekyb3d8bbwe\\Calculator.exe","ImageLoaded":"C:\\Windows\\System32\\Windows.UI.Core.TextInput.dll","EventID":7,"Channel":"Microsoft-Windows-Sysmon/Operational","Task":"7","RuleName":"-","FileVersion":"10.0.18362.693 (WinBuild.160101.0800)","Message":"Image loaded:\r\nRuleName: -\r\nUtcTime: 2020-10-18 06:17:05.664\r\nProcessGuid: {39e4a257-dde0-5f8b-511b-000000000400}\r\nProcessId: 8452\r\nImage: C:\\Program Files\\WindowsApps\\Microsoft.WindowsCalculator_10.2008.2.0_x64__8wekyb3d8bbwe\\Calculator.exe\r\nImageLoaded: C:\\Windows\\System32\\Windows.UI.Core.TextInput.dll\r\nFileVersion: 10.0.18362.693 (WinBuild.160101.0800)\r\nDescription: Windows.UI.Core.TextInput dll\r\nProduct: Microsoft Windows Operating System\r\nCompany: Microsoft Corporation\r\nOriginalFileName: Windows.UI.Core.TextInput.dll\r\nHashes: SHA1=36A47FE8D70C2CCA50FD93D646D9921F9B82F2E5,MD5=5AD6A06D10D98D7E90FE06A55777078B,SHA256=CCDA95FD2CA82AAD1FBC6C8D0FEEBC1B2D53312772ED16887BCF3D7F92126698,IMPHASH=54EF00A132FEECAE6E25510FFFBC9437\r\nSigned: true\r\nSignature: Microsoft Windows\r\nSignatureStatus: Valid","Hostname":"WORKSTATION5","ProcessId":"8452","Description":"Windows.UI.Core.TextInput dll","Company":"Microsoft Corporation","Signed":"true","OriginalFileName":"Windows.UI.Core.TextInput.dll"}
{"TimeCreated":"2020-10-18 02:17:05.706","SignatureStatus":"Valid","Signature":"Microsoft Windows","Product":"Microsoft Windows Operating System","Hashes":"SHA1=303846D5F07AE346E79B1D3757DF2B2398BCEDBC,MD5=DD5128D5E571389C12A06537E3BAC40D,SHA256=5D19E51A05DB19EECCB258F3B57E202CCF3C7C9C4ACB34BE1512333153F04607,IMPHASH=7B4706167FE5F26CD7D99FE8A59ECB37","UtcTime":"2020-10-18 06:17:05.695","ProcessGuid":"{39e4a257-dde0-5f8b-511b-000000000400}","Image":"C:\\Program Files\\WindowsApps\\Microsoft.WindowsCalculator_10.2008.2.0_x64__8wekyb3d8bbwe\\Calculator.exe","ImageLoaded":"C:\\Windows\\System32\\DataExchange.dll","EventID":7,"Channel":"Microsoft-Windows-Sysmon/Operational","Task":"7","RuleName":"-","FileVersion":"10.0.18362.836 (WinBuild.160101.0800)","Message":"Image loaded:\r\nRuleName: -\r\nUtcTime: 2020-10-18 06:17:05.695\r\nProcessGuid: {39e4a257-dde0-5f8b-511b-000000000400}\r\nProcessId: 8452\r\nImage: C:\\Program Files\\WindowsApps\\Microsoft.WindowsCalculator_10.2008.2.0_x64__8wekyb3d8bbwe\\Calculator.exe\r\nImageLoaded: C:\\Windows\\System32\\DataExchange.dll\r\nFileVersion: 10.0.18362.836 (WinBuild.160101.0800)\r\nDescription: Data exchange\r\nProduct: Microsoft Windows Operating System\r\nCompany: Microsoft Corporation\r\nOriginalFileName: DataExchange.dll\r\nHashes: SHA1=303846D5F07AE346E79B1D3757DF2B2398BCEDBC,MD5=DD5128D5E571389C12A06537E3BAC40D,SHA256=5D19E51A05DB19EECCB258F3B57E202CCF3C7C9C4ACB34BE1512333153F04607,IMPHASH=7B4706167FE5F26CD7D99FE8A59ECB37\r\nSigned: true\r\nSignature: Microsoft Windows\r\nSignatureStatus: Valid","Hostname":"WORKSTATION5","ProcessId":"8452","Description":"Data exchange","Company":"Microsoft Corporation","Signed":"true","OriginalFileName":"DataExchange.dll"}
{"TimeCreated":"2020-10-18 02:17:05.705","UtcTime":"2020-10-18 06:17:05.695","ProcessGuid":"{39e4a257-dde0-5f8b-511b-000000000400}","Image":"C:\\Program Files\\WindowsApps\\Microsoft.WindowsCalculator_10.2008.2.0_x64__8wekyb3d8bbwe\\Calculator.exe","EventID":12,"Channel":"Microsoft-Windows-Sysmon/Operational","Task":"12","RuleName":"-","Message":"Registry object added or deleted:\r\nRuleName: -\r\nEventType: CreateKey\r\nUtcTime: 2020-10-18 06:17:05.695\r\nProcessGuid: {39e4a257-dde0-5f8b-511b-000000000400}\r\nProcessId: 8452\r\nImage: C:\\Program Files\\WindowsApps\\Microsoft.WindowsCalculator_10.2008.2.0_x64__8wekyb3d8bbwe\\Calculator.exe\r\nTargetObject: HKU\\S-1-5-21-3940915590-64593676-1414006259-500\\Software\\Microsoft\\Windows\\CurrentVersion\\Explorer\\Accent","Hostname":"WORKSTATION5","ProcessId":"8452","EventType":"CreateKey","TargetObject":"HKU\\S-1-5-21-3940915590-64593676-1414006259-500\\Software\\Microsoft\\Windows\\CurrentVersion\\Explorer\\Accent"}
{"TimeCreated":"2020-10-18 02:17:05.705","UtcTime":"2020-10-18 06:17:05.695","ProcessGuid":"{39e4a257-dde0-5f8b-511b-000000000400}","Image":"C:\\Program Files\\WindowsApps\\Microsoft.WindowsCalculator_10.2008.2.0_x64__8wekyb3d8bbwe\\Calculator.exe","EventID":12,"Channel":"Microsoft-Windows-Sysmon/Operational","Task":"12","RuleName":"-","Message":"Registry object added or deleted:\r\nRuleName: -\r\nEventType: CreateKey\r\nUtcTime: 2020-10-18 06:17:05.695\r\nProcessGuid: {39e4a257-dde0-5f8b-511b-000000000400}\r\nProcessId: 8452\r\nImage: C:\\Program Files\\WindowsApps\\Microsoft.WindowsCalculator_10.2008.2.0_x64__8wekyb3d8bbwe\\Calculator.exe\r\nTargetObject: HKU\\S-1-5-21-3940915590-64593676-1414006259-500\\Control Panel\\Colors","Hostname":"WORKSTATION5","ProcessId":"8452","EventType":"CreateKey","TargetObject":"HKU\\S-1-5-21-3940915590-64593676-1414006259-500\\Control Panel\\Colors"}
{"TimeCreated":"2020-10-18 02:17:05.705","UtcTime":"2020-10-18 06:17:05.695","ProcessGuid":"{39e4a257-dde0-5f8b-511b-000000000400}","Image":"C:\\Program Files\\WindowsApps\\Microsoft.WindowsCalculator_10.2008.2.0_x64__8wekyb3d8bbwe\\Calculator.exe","EventID":12,"Channel":"Microsoft-Windows-Sysmon/Operational","Task":"12","RuleName":"-","Message":"Registry object added or deleted:\r\nRuleName: -\r\nEventType: CreateKey\r\nUtcTime: 2020-10-18 06:17:05.695\r\nProcessGuid: {39e4a257-dde0-5f8b-511b-000000000400}\r\nProcessId: 8452\r\nImage: C:\\Program Files\\WindowsApps\\Microsoft.WindowsCalculator_10.2008.2.0_x64__8wekyb3d8bbwe\\Calculator.exe\r\nTargetObject: HKU\\S-1-5-21-3940915590-64593676-1414006259-500\\Software\\Microsoft\\Windows\\CurrentVersion\\Themes\\Personalize","Hostname":"WORKSTATION5","ProcessId":"8452","EventType":"CreateKey","TargetObject":"HKU\\S-1-5-21-3940915590-64593676-1414006259-500\\Software\\Microsoft\\Windows\\CurrentVersion\\Themes\\Personalize"}
{"TimeCreated":"2020-10-18 02:17:05.687","SignatureStatus":"Valid","Signature":"Microsoft Windows","Product":"Microsoft Windows Operating System","Hashes":"SHA1=BF37ED3C88090A4835333DDD5618986E5A481CC6,MD5=F6F91998251F48A4F35F11FF21078D69,SHA256=E945CB50AFED53436EAF58D7AB33D0D8C5B05D69511146693959EC5299A7A650,IMPHASH=74FBF120E69EF7FA65D701D64C66FE88","UtcTime":"2020-10-18 06:17:05.648","ProcessGuid":"{39e4a257-dde0-5f8b-511b-000000000400}","Image":"C:\\Program Files\\WindowsApps\\Microsoft.WindowsCalculator_10.2008.2.0_x64__8wekyb3d8bbwe\\Calculator.exe","ImageLoaded":"C:\\Windows\\System32\\UiaManager.dll","EventID":7,"Channel":"Microsoft-Windows-Sysmon/Operational","Task":"7","RuleName":"-","FileVersion":"10.0.18362.1 (WinBuild.160101.0800)","Message":"Image loaded:\r\nRuleName: -\r\nUtcTime: 2020-10-18 06:17:05.648\r\nProcessGuid: {39e4a257-dde0-5f8b-511b-000000000400}\r\nProcessId: 8452\r\nImage: C:\\Program Files\\WindowsApps\\Microsoft.WindowsCalculator_10.2008.2.0_x64__8wekyb3d8bbwe\\Calculator.exe\r\nImageLoaded: C:\\Windows\\System32\\UiaManager.dll\r\nFileVersion: 10.0.18362.1 (WinBuild.160101.0800)\r\nDescription: UiaManager\r\nProduct: Microsoft Windows Operating System\r\nCompany: Microsoft Corporation\r\nOriginalFileName: UiaManager.dll\r\nHashes: SHA1=BF37ED3C88090A4835333DDD5618986E5A481CC6,MD5=F6F91998251F48A4F35F11FF21078D69,SHA256=E945CB50AFED53436EAF58D7AB33D0D8C5B05D69511146693959EC5299A7A650,IMPHASH=74FBF120E69EF7FA65D701D64C66FE88\r\nSigned: true\r\nSignature: Microsoft Windows\r\nSignatureStatus: Valid","Hostname":"WORKSTATION5","ProcessId":"8452","Description":"UiaManager","Company":"Microsoft Corporation","Signed":"true","OriginalFileName":"UiaManager.dll"}
{"TimeCreated":"2020-10-18 02:17:05.662","SignatureStatus":"Valid","Signature":"Microsoft Windows","Product":"Microsoft Windows Operating System","Hashes":"SHA1=6568746F4670B16F8E338130A397A482DEB792B3,MD5=D314A717FA9630AD081C6BDEB4C61016,SHA256=41ED39261F76565961742935CC0E22CF59ED9E35F1FA16626DC306A671665002,IMPHASH=7A6EC8EB9E60CF692697563F6BBC47D9","UtcTime":"2020-10-18 06:17:05.617","ProcessGuid":"{39e4a257-dde0-5f8b-511b-000000000400}","Image":"C:\\Program Files\\WindowsApps\\Microsoft.WindowsCalculator_10.2008.2.0_x64__8wekyb3d8bbwe\\Calculator.exe","ImageLoaded":"C:\\Windows\\System32\\Windows.Shell.ServiceHostBuilder.dll","EventID":7,"Channel":"Microsoft-Windows-Sysmon/Operational","Task":"7","RuleName":"-","FileVersion":"10.0.18362.1 (WinBuild.160101.0800)","Message":"Image loaded:\r\nRuleName: -\r\nUtcTime: 2020-10-18 06:17:05.617\r\nProcessGuid: {39e4a257-dde0-5f8b-511b-000000000400}\r\nProcessId: 8452\r\nImage: C:\\Program Files\\WindowsApps\\Microsoft.WindowsCalculator_10.2008.2.0_x64__8wekyb3d8bbwe\\Calculator.exe\r\nImageLoaded: C:\\Windows\\System32\\Windows.Shell.ServiceHostBuilder.dll\r\nFileVersion: 10.0.18362.1 (WinBuild.160101.0800)\r\nDescription: Windows.Shell.ServiceHostBuilder\r\nProduct: Microsoft Windows Operating System\r\nCompany: Microsoft Corporation\r\nOriginalFileName: Windows.Shell.ServiceHostBuilder.dll\r\nHashes: SHA1=6568746F4670B16F8E338130A397A482DEB792B3,MD5=D314A717FA9630AD081C6BDEB4C61016,SHA256=41ED39261F76565961742935CC0E22CF59ED9E35F1FA16626DC306A671665002,IMPHASH=7A6EC8EB9E60CF692697563F6BBC47D9\r\nSigned: true\r\nSignature: Microsoft Windows\r\nSignatureStatus: Valid","Hostname":"WORKSTATION5","ProcessId":"8452","Description":"Windows.Shell.ServiceHostBuilder","Company":"Microsoft Corporation","Signed":"true","OriginalFileName":"Windows.Shell.ServiceHostBuilder.dll"}
{"TimeCreated":"2020-10-18 02:17:05.650","SignatureStatus":"Unavailable","Signature":"-","Product":"-","Hashes":"SHA1=31AC10A80F5A04C4A194E0992F48B41CB4CFA47B,MD5=A4E05838B454B72EB57AA841DE698E7F,SHA256=EBE7C93F26EA138F074B092664950D8932209E5A3DF601A95E8E390B9DF2BCC3,IMPHASH=D49A6677673F759D5AE5B5AC461A265A","UtcTime":"2020-10-18 06:17:05.601","ProcessGuid":"{39e4a257-dde0-5f8b-511b-000000000400}","Image":"C:\\Program Files\\WindowsApps\\Microsoft.WindowsCalculator_10.2008.2.0_x64__8wekyb3d8bbwe\\Calculator.exe","ImageLoaded":"C:\\Program Files\\WindowsApps\\Microsoft.WindowsCalculator_10.2008.2.0_x64__8wekyb3d8bbwe\\GraphControl.dll","EventID":7,"Channel":"Microsoft-Windows-Sysmon/Operational","Task":"7","RuleName":"-","FileVersion":"-","Message":"Image loaded:\r\nRuleName: -\r\nUtcTime: 2020-10-18 06:17:05.601\r\nProcessGuid: {39e4a257-dde0-5f8b-511b-000000000400}\r\nProcessId: 8452\r\nImage: C:\\Program Files\\WindowsApps\\Microsoft.WindowsCalculator_10.2008.2.0_x64__8wekyb3d8bbwe\\Calculator.exe\r\nImageLoaded: C:\\Program Files\\WindowsApps\\Microsoft.WindowsCalculator_10.2008.2.0_x64__8wekyb3d8bbwe\\GraphControl.dll\r\nFileVersion: -\r\nDescription: -\r\nProduct: -\r\nCompany: -\r\nOriginalFileName: -\r\nHashes: SHA1=31AC10A80F5A04C4A194E0992F48B41CB4CFA47B,MD5=A4E05838B454B72EB57AA841DE698E7F,SHA256=EBE7C93F26EA138F074B092664950D8932209E5A3DF601A95E8E390B9DF2BCC3,IMPHASH=D49A6677673F759D5AE5B5AC461A265A\r\nSigned: false\r\nSignature: -\r\nSignatureStatus: Unavailable","Hostname":"WORKSTATION5","ProcessId":"8452","Description":"-","Company":"-","Signed":"false","OriginalFileName":"-"}
{"TimeCreated":"2020-10-18 02:17:05.640","UtcTime":"2020-10-18 06:17:05.632","ProcessGuid":"{39e4a257-dde0-5f8b-511b-000000000400}","Image":"C:\\Program Files\\WindowsApps\\Microsoft.WindowsCalculator_10.2008.2.0_x64__8wekyb3d8bbwe\\Calculator.exe","EventID":12,"Channel":"Microsoft-Windows-Sysmon/Operational","Task":"12","RuleName":"-","Message":"Registry object added or deleted:\r\nRuleName: -\r\nEventType: CreateKey\r\nUtcTime: 2020-10-18 06:17:05.632\r\nProcessGuid: {39e4a257-dde0-5f8b-511b-000000000400}\r\nProcessId: 8452\r\nImage: C:\\Program Files\\WindowsApps\\Microsoft.WindowsCalculator_10.2008.2.0_x64__8wekyb3d8bbwe\\Calculator.exe\r\nTargetObject: HKU\\S-1-5-21-3940915590-64593676-1414006259-500\\Software\\Microsoft\\Windows NT\\CurrentVersion\\HostActivityManager\\Volatile","Hostname":"WORKSTATION5","ProcessId":"8452","EventType":"CreateKey","TargetObject":"HKU\\S-1-5-21-3940915590-64593676-1414006259-500\\Software\\Microsoft\\Windows NT\\CurrentVersion\\HostActivityManager\\Volatile"}
{"TimeCreated":"2020-10-18 02:17:05.640","UtcTime":"2020-10-18 06:17:05.632","ProcessGuid":"{39e4a257-dde0-5f8b-511b-000000000400}","Image":"C:\\Program Files\\WindowsApps\\Microsoft.WindowsCalculator_10.2008.2.0_x64__8wekyb3d8bbwe\\Calculator.exe","EventID":12,"Channel":"Microsoft-Windows-Sysmon/Operational","Task":"12","RuleName":"-","Message":"Registry object added or deleted:\r\nRuleName: -\r\nEventType: CreateKey\r\nUtcTime: 2020-10-18 06:17:05.632\r\nProcessGuid: {39e4a257-dde0-5f8b-511b-000000000400}\r\nProcessId: 8452\r\nImage: C:\\Program Files\\WindowsApps\\Microsoft.WindowsCalculator_10.2008.2.0_x64__8wekyb3d8bbwe\\Calculator.exe\r\nTargetObject: HKU\\S-1-5-21-3940915590-64593676-1414006259-500\\Software\\Microsoft\\Windows NT\\CurrentVersion\\HostActivityManager","Hostname":"WORKSTATION5","ProcessId":"8452","EventType":"CreateKey","TargetObject":"HKU\\S-1-5-21-3940915590-64593676-1414006259-500\\Software\\Microsoft\\Windows NT\\CurrentVersion\\HostActivityManager"}
{"TimeCreated":"2020-10-18 02:17:05.638","SignatureStatus":"Valid","Signature":"Microsoft Corporation","Product":"Microsoft.UI.Xaml","Hashes":"SHA1=88A2403FB2A598889D0B182EC473E0FA22E88089,MD5=A252D116157B30ADA14B849F856C8966,SHA256=35D87ADAA32D17D082472F9E4C0BDA970ADD9448C9D1422BDD7BDA5F2B11043B,IMPHASH=603ACB76A8BC31CD8663F93C282577F8","UtcTime":"2020-10-18 06:17:05.585","ProcessGuid":"{39e4a257-dde0-5f8b-511b-000000000400}","Image":"C:\\Program Files\\WindowsApps\\Microsoft.WindowsCalculator_10.2008.2.0_x64__8wekyb3d8bbwe\\Calculator.exe","ImageLoaded":"C:\\Program Files\\WindowsApps\\Microsoft.UI.Xaml.2.4_2.42007.9001.0_x64__8wekyb3d8bbwe\\Microsoft.UI.Xaml.dll","EventID":7,"Channel":"Microsoft-Windows-Sysmon/Operational","Task":"7","RuleName":"-","FileVersion":"2.4.2007.09001","Message":"Image loaded:\r\nRuleName: -\r\nUtcTime: 2020-10-18 06:17:05.585\r\nProcessGuid: {39e4a257-dde0-5f8b-511b-000000000400}\r\nProcessId: 8452\r\nImage: C:\\Program Files\\WindowsApps\\Microsoft.WindowsCalculator_10.2008.2.0_x64__8wekyb3d8bbwe\\Calculator.exe\r\nImageLoaded: C:\\Program Files\\WindowsApps\\Microsoft.UI.Xaml.2.4_2.42007.9001.0_x64__8wekyb3d8bbwe\\Microsoft.UI.Xaml.dll\r\nFileVersion: 2.4.2007.09001\r\nDescription: Microsoft.UI.Xaml.dll\r\nProduct: Microsoft.UI.Xaml\r\nCompany: Microsoft Corporation\r\nOriginalFileName: Microsoft.UI.Xaml.dll\r\nHashes: SHA1=88A2403FB2A598889D0B182EC473E0FA22E88089,MD5=A252D116157B30ADA14B849F856C8966,SHA256=35D87ADAA32D17D082472F9E4C0BDA970ADD9448C9D1422BDD7BDA5F2B11043B,IMPHASH=603ACB76A8BC31CD8663F93C282577F8\r\nSigned: true\r\nSignature: Microsoft Corporation\r\nSignatureStatus: Valid","Hostname":"WORKSTATION5","ProcessId":"8452","Description":"Microsoft.UI.Xaml.dll","Company":"Microsoft Corporation","Signed":"true","OriginalFileName":"Microsoft.UI.Xaml.dll"}
{"TimeCreated":"2020-10-18 02:17:05.637","SignatureStatus":"Valid","Signature":"Microsoft Windows","Product":"Microsoft Windows Operating System","Hashes":"SHA1=6495B6612F8E92759FE75D28CE456FA6314D13BB,MD5=3975AF80B5E031CD0B0BB589C1794D57,SHA256=37D20339081A24AA8DAC632CB8E735307148B9D3094A5F96D67877EF401DC49C,IMPHASH=5DF99858BAFC2428A5F4818677D84321","UtcTime":"2020-10-18 06:17:05.632","ProcessGuid":"{39e4a257-dde0-5f8b-511b-000000000400}","Image":"C:\\Program Files\\WindowsApps\\Microsoft.WindowsCalculator_10.2008.2.0_x64__8wekyb3d8bbwe\\Calculator.exe","ImageLoaded":"C:\\Windows\\System32\\execmodelproxy.dll","EventID":7,"Channel":"Microsoft-Windows-Sysmon/Operational","Task":"7","RuleName":"-","FileVersion":"10.0.18362.1 (WinBuild.160101.0800)","Message":"Image loaded:\r\nRuleName: -\r\nUtcTime: 2020-10-18 06:17:05.632\r\nProcessGuid: {39e4a257-dde0-5f8b-511b-000000000400}\r\nProcessId: 8452\r\nImage: C:\\Program Files\\WindowsApps\\Microsoft.WindowsCalculator_10.2008.2.0_x64__8wekyb3d8bbwe\\Calculator.exe\r\nImageLoaded: C:\\Windows\\System32\\execmodelproxy.dll\r\nFileVersion: 10.0.18362.1 (WinBuild.160101.0800)\r\nDescription: ExecModelProxy\r\nProduct: Microsoft Windows Operating System\r\nCompany: Microsoft Corporation\r\nOriginalFileName: ExecModelProxy.dll\r\nHashes: SHA1=6495B6612F8E92759FE75D28CE456FA6314D13BB,MD5=3975AF80B5E031CD0B0BB589C1794D57,SHA256=37D20339081A24AA8DAC632CB8E735307148B9D3094A5F96D67877EF401DC49C,IMPHASH=5DF99858BAFC2428A5F4818677D84321\r\nSigned: true\r\nSignature: Microsoft Windows\r\nSignatureStatus: Valid","Hostname":"WORKSTATION5","ProcessId":"8452","Description":"ExecModelProxy","Company":"Microsoft Corporation","Signed":"true","OriginalFileName":"ExecModelProxy.dll"}
{"TimeCreated":"2020-10-18 02:17:05.625","SignatureStatus":"Valid","Signature":"Microsoft Windows","Product":"Microsoft Windows Operating System","Hashes":"SHA1=5F7008EE8ADAABADD68C6DD5BE92D63E65FA246F,MD5=52FEBDEBB997A30DE66EBFF6C84458FE,SHA256=D5036280A629574D7421D12EDE96C8E05ED595A5DEDF1ED9678FF5667035514B,IMPHASH=E36139468C6DD82FE56B6A135839960B","UtcTime":"2020-10-18 06:17:05.617","ProcessGuid":"{39e4a257-dde0-5f8b-511b-000000000400}","Image":"C:\\Program Files\\WindowsApps\\Microsoft.WindowsCalculator_10.2008.2.0_x64__8wekyb3d8bbwe\\Calculator.exe","ImageLoaded":"C:\\Windows\\System32\\msctf.dll","EventID":7,"Channel":"Microsoft-Windows-Sysmon/Operational","Task":"7","RuleName":"-","FileVersion":"10.0.18362.1139 (WinBuild.160101.0800)","Message":"Image loaded:\r\nRuleName: -\r\nUtcTime: 2020-10-18 06:17:05.617\r\nProcessGuid: {39e4a257-dde0-5f8b-511b-000000000400}\r\nProcessId: 8452\r\nImage: C:\\Program Files\\WindowsApps\\Microsoft.WindowsCalculator_10.2008.2.0_x64__8wekyb3d8bbwe\\Calculator.exe\r\nImageLoaded: C:\\Windows\\System32\\msctf.dll\r\nFileVersion: 10.0.18362.1139 (WinBuild.160101.0800)\r\nDescription: MSCTF Server DLL\r\nProduct: Microsoft Windows Operating System\r\nCompany: Microsoft Corporation\r\nOriginalFileName: MSCTF.DLL\r\nHashes: SHA1=5F7008EE8ADAABADD68C6DD5BE92D63E65FA246F,MD5=52FEBDEBB997A30DE66EBFF6C84458FE,SHA256=D5036280A629574D7421D12EDE96C8E05ED595A5DEDF1ED9678FF5667035514B,IMPHASH=E36139468C6DD82FE56B6A135839960B\r\nSigned: true\r\nSignature: Microsoft Windows\r\nSignatureStatus: Valid","Hostname":"WORKSTATION5","ProcessId":"8452","Description":"MSCTF Server DLL","Company":"Microsoft Corporation","Signed":"true","OriginalFileName":"MSCTF.DLL"}
{"TimeCreated":"2020-10-18 02:17:05.584","SignatureStatus":"Valid","Signature":"Microsoft Windows","Product":"Microsoft Windows Operating System","Hashes":"SHA1=2E66FEDF22718BAEF38853BDEF81A67BBE4FA533,MD5=F4063DF41092902D35F668FA4F5FF738,SHA256=30798A7156251BD58EB8E34A7810E968C4981F7E3196E6A68D0277C84E3E5412,IMPHASH=BE3216A1107D098B77E79C58A1C0EEE7","UtcTime":"2020-10-18 06:17:05.429","ProcessGuid":"{39e4a257-dde0-5f8b-511b-000000000400}","Image":"C:\\Program Files\\WindowsApps\\Microsoft.WindowsCalculator_10.2008.2.0_x64__8wekyb3d8bbwe\\Calculator.exe","ImageLoaded":"C:\\Windows\\System32\\d2d1.dll","EventID":7,"Channel":"Microsoft-Windows-Sysmon/Operational","Task":"7","RuleName":"-","FileVersion":"10.0.18362.900 (WinBuild.160101.0800)","Message":"Image loaded:\r\nRuleName: -\r\nUtcTime: 2020-10-18 06:17:05.429\r\nProcessGuid: {39e4a257-dde0-5f8b-511b-000000000400}\r\nProcessId: 8452\r\nImage: C:\\Program Files\\WindowsApps\\Microsoft.WindowsCalculator_10.2008.2.0_x64__8wekyb3d8bbwe\\Calculator.exe\r\nImageLoaded: C:\\Windows\\System32\\d2d1.dll\r\nFileVersion: 10.0.18362.900 (WinBuild.160101.0800)\r\nDescription: Microsoft D2D Library\r\nProduct: Microsoft Windows Operating System\r\nCompany: Microsoft Corporation\r\nOriginalFileName: d2d1\r\nHashes: SHA1=2E66FEDF22718BAEF38853BDEF81A67BBE4FA533,MD5=F4063DF41092902D35F668FA4F5FF738,SHA256=30798A7156251BD58EB8E34A7810E968C4981F7E3196E6A68D0277C84E3E5412,IMPHASH=BE3216A1107D098B77E79C58A1C0EEE7\r\nSigned: true\r\nSignature: Microsoft Windows\r\nSignatureStatus: Valid","Hostname":"WORKSTATION5","ProcessId":"8452","Description":"Microsoft D2D Library","Company":"Microsoft Corporation","Signed":"true","OriginalFileName":"d2d1"}
{"TimeCreated":"2020-10-18 02:17:05.537","SignatureStatus":"Valid","Signature":"Microsoft Windows","Product":"Microsoft Windows Operating System","Hashes":"SHA1=DF0339DF2B4C605427FE09FCCD21F0DD80DBAB52,MD5=53528A93E3DE99AB43990CA80DBD82B9,SHA256=B6B9DB0D43CA981A9228940545D5605A602FE0F4C48974E3B86C3A09948DB47A,IMPHASH=A40FABED68C5202AC815EA8499B5C4FB","UtcTime":"2020-10-18 06:17:05.335","ProcessGuid":"{39e4a257-dde0-5f8b-511b-000000000400}","Image":"C:\\Program Files\\WindowsApps\\Microsoft.WindowsCalculator_10.2008.2.0_x64__8wekyb3d8bbwe\\Calculator.exe","ImageLoaded":"C:\\Windows\\System32\\ResourcePolicyClient.dll","EventID":7,"Channel":"Microsoft-Windows-Sysmon/Operational","Task":"7","RuleName":"-","FileVersion":"10.0.18362.959 (WinBuild.160101.0800)","Message":"Image loaded:\r\nRuleName: -\r\nUtcTime: 2020-10-18 06:17:05.335\r\nProcessGuid: {39e4a257-dde0-5f8b-511b-000000000400}\r\nProcessId: 8452\r\nImage: C:\\Program Files\\WindowsApps\\Microsoft.WindowsCalculator_10.2008.2.0_x64__8wekyb3d8bbwe\\Calculator.exe\r\nImageLoaded: C:\\Windows\\System32\\ResourcePolicyClient.dll\r\nFileVersion: 10.0.18362.959 (WinBuild.160101.0800)\r\nDescription: Resource Policy Client\r\nProduct: Microsoft Windows Operating System\r\nCompany: Microsoft Corporation\r\nOriginalFileName: ResourcePolicyClient.dll\r\nHashes: SHA1=DF0339DF2B4C605427FE09FCCD21F0DD80DBAB52,MD5=53528A93E3DE99AB43990CA80DBD82B9,SHA256=B6B9DB0D43CA981A9228940545D5605A602FE0F4C48974E3B86C3A09948DB47A,IMPHASH=A40FABED68C5202AC815EA8499B5C4FB\r\nSigned: true\r\nSignature: Microsoft Windows\r\nSignatureStatus: Valid","Hostname":"WORKSTATION5","ProcessId":"8452","Description":"Resource Policy Client","Company":"Microsoft Corporation","Signed":"true","OriginalFileName":"ResourcePolicyClient.dll"}
{"TimeCreated":"2020-10-18 02:17:05.532","SignatureStatus":"Valid","Signature":"Microsoft Windows","Product":"Windows SDK","Hashes":"SHA1=9DB689E5382E9AD00F9BB884B1D5B41523441E7E,MD5=8F7C7E005C8D200F8F05B3A0B8E698EE,SHA256=886E6650C603679AE2115C7CB077E5B90AA22CD4ECBFCD76D44F2D2D57203F03,IMPHASH=00000000000000000000000000000000","UtcTime":"2020-10-18 06:17:05.195","ProcessGuid":"{39e4a257-dde0-5f8b-511b-000000000400}","Image":"C:\\Program Files\\WindowsApps\\Microsoft.WindowsCalculator_10.2008.2.0_x64__8wekyb3d8bbwe\\Calculator.exe","ImageLoaded":"C:\\Windows\\System32\\WinMetadata\\Windows.UI.winmd","EventID":7,"Channel":"Microsoft-Windows-Sysmon/Operational","Task":"7","RuleName":"-","FileVersion":"10.0.10011.16384","Message":"Image loaded:\r\nRuleName: -\r\nUtcTime: 2020-10-18 06:17:05.195\r\nProcessGuid: {39e4a257-dde0-5f8b-511b-000000000400}\r\nProcessId: 8452\r\nImage: C:\\Program Files\\WindowsApps\\Microsoft.WindowsCalculator_10.2008.2.0_x64__8wekyb3d8bbwe\\Calculator.exe\r\nImageLoaded: C:\\Windows\\System32\\WinMetadata\\Windows.UI.winmd\r\nFileVersion: 10.0.10011.16384\r\nDescription: Windows SDK metadata\r\nProduct: Windows SDK\r\nCompany: Microsoft Corporation\r\nOriginalFileName: -\r\nHashes: SHA1=9DB689E5382E9AD00F9BB884B1D5B41523441E7E,MD5=8F7C7E005C8D200F8F05B3A0B8E698EE,SHA256=886E6650C603679AE2115C7CB077E5B90AA22CD4ECBFCD76D44F2D2D57203F03,IMPHASH=00000000000000000000000000000000\r\nSigned: true\r\nSignature: Microsoft Windows\r\nSignatureStatus: Valid","Hostname":"WORKSTATION5","ProcessId":"8452","Description":"Windows SDK metadata","Company":"Microsoft Corporation","Signed":"true","OriginalFileName":"-"}
{"TimeCreated":"2020-10-18 02:17:05.521","SignatureStatus":"Valid","Signature":"Microsoft Windows","Product":"Microsoft .NET Framework","Hashes":"SHA1=6885AF626B120967C3888B768CD5D6E134E4614D,MD5=14321E60E6C3A4ACF31E48818A168FC4,SHA256=33D21E85C59BE91382AE5CA63A7B237E6B960B690E392E170D405C566A81F990,IMPHASH=81B3423C662215E9E43760BE3F71D693","UtcTime":"2020-10-18 06:17:05.179","ProcessGuid":"{39e4a257-dde0-5f8b-511b-000000000400}","Image":"C:\\Program Files\\WindowsApps\\Microsoft.WindowsCalculator_10.2008.2.0_x64__8wekyb3d8bbwe\\Calculator.exe","ImageLoaded":"C:\\Windows\\System32\\rometadata.dll","EventID":7,"Channel":"Microsoft-Windows-Sysmon/Operational","Task":"7","RuleName":"-","FileVersion":"4.8.3673.0 built by: NET48REL1","Message":"Image loaded:\r\nRuleName: -\r\nUtcTime: 2020-10-18 06:17:05.179\r\nProcessGuid: {39e4a257-dde0-5f8b-511b-000000000400}\r\nProcessId: 8452\r\nImage: C:\\Program Files\\WindowsApps\\Microsoft.WindowsCalculator_10.2008.2.0_x64__8wekyb3d8bbwe\\Calculator.exe\r\nImageLoaded: C:\\Windows\\System32\\rometadata.dll\r\nFileVersion: 4.8.3673.0 built by: NET48REL1\r\nDescription: Microsoft MetaData Library\r\nProduct: Microsoft .NET Framework\r\nCompany: Microsoft Corporation\r\nOriginalFileName: RoMetadata.dll\r\nHashes: SHA1=6885AF626B120967C3888B768CD5D6E134E4614D,MD5=14321E60E6C3A4ACF31E48818A168FC4,SHA256=33D21E85C59BE91382AE5CA63A7B237E6B960B690E392E170D405C566A81F990,IMPHASH=81B3423C662215E9E43760BE3F71D693\r\nSigned: true\r\nSignature: Microsoft Windows\r\nSignatureStatus: Valid","Hostname":"WORKSTATION5","ProcessId":"8452","Description":"Microsoft MetaData Library","Company":"Microsoft Corporation","Signed":"true","OriginalFileName":"RoMetadata.dll"}
{"TimeCreated":"2020-10-18 02:17:05.515","SignatureStatus":"Valid","Signature":"Microsoft Windows","Product":"Microsoft Windows Operating System","Hashes":"SHA1=57C812183AA2932F0AFC92FF6D9A3A991D1FBBA9,MD5=BB422CBC3430705624001235A485D102,SHA256=F16F6F4B4BFF8F2448E03172FB256B7ABA82D8C278FC20AC0B45040B7D12AAAE,IMPHASH=2973149E7EB5D6973040164E9E706394","UtcTime":"2020-10-18 06:17:05.164","ProcessGuid":"{39e4a257-dde0-5f8b-511b-000000000400}","Image":"C:\\Program Files\\WindowsApps\\Microsoft.WindowsCalculator_10.2008.2.0_x64__8wekyb3d8bbwe\\Calculator.exe","ImageLoaded":"C:\\Windows\\System32\\Windows.UI.Xaml.dll","EventID":7,"Channel":"Microsoft-Windows-Sysmon/Operational","Task":"7","RuleName":"-","FileVersion":"10.0.18362.1139 (WinBuild.160101.0800)","Message":"Image loaded:\r\nRuleName: -\r\nUtcTime: 2020-10-18 06:17:05.164\r\nProcessGuid: {39e4a257-dde0-5f8b-511b-000000000400}\r\nProcessId: 8452\r\nImage: C:\\Program Files\\WindowsApps\\Microsoft.WindowsCalculator_10.2008.2.0_x64__8wekyb3d8bbwe\\Calculator.exe\r\nImageLoaded: C:\\Windows\\System32\\Windows.UI.Xaml.dll\r\nFileVersion: 10.0.18362.1139 (WinBuild.160101.0800)\r\nDescription: Windows.UI.Xaml dll\r\nProduct: Microsoft Windows Operating System\r\nCompany: Microsoft Corporation\r\nOriginalFileName: Windows.UI.Xaml.dll\r\nHashes: SHA1=57C812183AA2932F0AFC92FF6D9A3A991D1FBBA9,MD5=BB422CBC3430705624001235A485D102,SHA256=F16F6F4B4BFF8F2448E03172FB256B7ABA82D8C278FC20AC0B45040B7D12AAAE,IMPHASH=2973149E7EB5D6973040164E9E706394\r\nSigned: true\r\nSignature: Microsoft Windows\r\nSignatureStatus: Valid","Hostname":"WORKSTATION5","ProcessId":"8452","Description":"Windows.UI.Xaml dll","Company":"Microsoft Corporation","Signed":"true","OriginalFileName":"Windows.UI.Xaml.dll"}
{"TimeCreated":"2020-10-18 02:17:05.454","SignatureStatus":"Valid","Signature":"Microsoft Windows","Product":"Microsoft Windows Operating System","Hashes":"SHA1=0EF0A42F80F065E3D0957FA18CBF3D778DEE8C4B,MD5=170997AB1E3DAE3ADDAD29DC14604B2F,SHA256=3C28D824BCD61B1EA3604D64FD2868A58BAABA2F9BC4F1222011689E6B46C746,IMPHASH=3FBAC5B7CD8B792EE32B9E58734CA94C","UtcTime":"2020-10-18 06:17:05.445","ProcessGuid":"{39e4a257-dde0-5f8b-511b-000000000400}","Image":"C:\\Program Files\\WindowsApps\\Microsoft.WindowsCalculator_10.2008.2.0_x64__8wekyb3d8bbwe\\Calculator.exe","ImageLoaded":"C:\\Windows\\System32\\DWrite.dll","EventID":7,"Channel":"Microsoft-Windows-Sysmon/Operational","Task":"7","RuleName":"-","FileVersion":"10.0.18362.1082 (WinBuild.160101.0800)","Message":"Image loaded:\r\nRuleName: -\r\nUtcTime: 2020-10-18 06:17:05.445\r\nProcessGuid: {39e4a257-dde0-5f8b-511b-000000000400}\r\nProcessId: 8452\r\nImage: C:\\Program Files\\WindowsApps\\Microsoft.WindowsCalculator_10.2008.2.0_x64__8wekyb3d8bbwe\\Calculator.exe\r\nImageLoaded: C:\\Windows\\System32\\DWrite.dll\r\nFileVersion: 10.0.18362.1082 (WinBuild.160101.0800)\r\nDescription: Microsoft DirectX Typography Services\r\nProduct: Microsoft Windows Operating System\r\nCompany: Microsoft Corporation\r\nOriginalFileName: DWrite\r\nHashes: SHA1=0EF0A42F80F065E3D0957FA18CBF3D778DEE8C4B,MD5=170997AB1E3DAE3ADDAD29DC14604B2F,SHA256=3C28D824BCD61B1EA3604D64FD2868A58BAABA2F9BC4F1222011689E6B46C746,IMPHASH=3FBAC5B7CD8B792EE32B9E58734CA94C\r\nSigned: true\r\nSignature: Microsoft Windows\r\nSignatureStatus: Valid","Hostname":"WORKSTATION5","ProcessId":"8452","Description":"Microsoft DirectX Typography Services","Company":"Microsoft Corporation","Signed":"true","OriginalFileName":"DWrite"}
{"TimeCreated":"2020-10-18 02:17:05.453","SignatureStatus":"Valid","Signature":"Microsoft Windows","Product":"Microsoft Windows Operating System","Hashes":"SHA1=C35D61999D60527F90A38696B14CF87F0796F4E3,MD5=225EC6480F3CC6D4126900134B25C44A,SHA256=7695C74D2E9CB5ABD5F1524A1616031A9D553164941B6D78FAAEFC6B89420301,IMPHASH=7F68A4216CD83907B0318D79B6C5B295","UtcTime":"2020-10-18 06:17:05.429","ProcessGuid":"{39e4a257-dde0-5f8b-511b-000000000400}","Image":"C:\\Program Files\\WindowsApps\\Microsoft.WindowsCalculator_10.2008.2.0_x64__8wekyb3d8bbwe\\Calculator.exe","ImageLoaded":"C:\\Windows\\System32\\BCP47mrm.dll","EventID":7,"Channel":"Microsoft-Windows-Sysmon/Operational","Task":"7","RuleName":"-","FileVersion":"10.0.18362.997 (WinBuild.160101.0800)","Message":"Image loaded:\r\nRuleName: -\r\nUtcTime: 2020-10-18 06:17:05.429\r\nProcessGuid: {39e4a257-dde0-5f8b-511b-000000000400}\r\nProcessId: 8452\r\nImage: C:\\Program Files\\WindowsApps\\Microsoft.WindowsCalculator_10.2008.2.0_x64__8wekyb3d8bbwe\\Calculator.exe\r\nImageLoaded: C:\\Windows\\System32\\BCP47mrm.dll\r\nFileVersion: 10.0.18362.997 (WinBuild.160101.0800)\r\nDescription: BCP47 Language Classes for Resource Management\r\nProduct: Microsoft Windows Operating System\r\nCompany: Microsoft Corporation\r\nOriginalFileName: BCP47mrm.dll\r\nHashes: SHA1=C35D61999D60527F90A38696B14CF87F0796F4E3,MD5=225EC6480F3CC6D4126900134B25C44A,SHA256=7695C74D2E9CB5ABD5F1524A1616031A9D553164941B6D78FAAEFC6B89420301,IMPHASH=7F68A4216CD83907B0318D79B6C5B295\r\nSigned: true\r\nSignature: Microsoft Windows\r\nSignatureStatus: Valid","Hostname":"WORKSTATION5","ProcessId":"8452","Description":"BCP47 Language Classes for Resource Management","Company":"Microsoft Corporation","Signed":"true","OriginalFileName":"BCP47mrm.dll"}
{"TimeCreated":"2020-10-18 02:17:05.370","SignatureStatus":"Valid","Signature":"Microsoft Windows","Product":"Microsoft Windows Operating System","Hashes":"SHA1=1C2971C19EF22E94CC138ED2EFD5B10BC933A9B7,MD5=6764DC6E36AD628E0AA31C80AA468676,SHA256=61A2B790876E1E70AD28911900CA480B43D150CE1F7E8718F2BFED70C2A4CFBD,IMPHASH=190D4E37C7264EE043C228BCE702D83E","UtcTime":"2020-10-18 06:17:05.352","ProcessGuid":"{39e4a257-dde0-5f8b-511b-000000000400}","Image":"C:\\Program Files\\WindowsApps\\Microsoft.WindowsCalculator_10.2008.2.0_x64__8wekyb3d8bbwe\\Calculator.exe","ImageLoaded":"C:\\Windows\\System32\\d3d10warp.dll","EventID":7,"Channel":"Microsoft-Windows-Sysmon/Operational","Task":"7","RuleName":"-","FileVersion":"10.0.18362.1049 (WinBuild.160101.0800)","Message":"Image loaded:\r\nRuleName: -\r\nUtcTime: 2020-10-18 06:17:05.352\r\nProcessGuid: {39e4a257-dde0-5f8b-511b-000000000400}\r\nProcessId: 8452\r\nImage: C:\\Program Files\\WindowsApps\\Microsoft.WindowsCalculator_10.2008.2.0_x64__8wekyb3d8bbwe\\Calculator.exe\r\nImageLoaded: C:\\Windows\\System32\\d3d10warp.dll\r\nFileVersion: 10.0.18362.1049 (WinBuild.160101.0800)\r\nDescription: Direct3D Rasterizer\r\nProduct: Microsoft Windows Operating System\r\nCompany: Microsoft Corporation\r\nOriginalFileName: D3D10Warp.dll\r\nHashes: SHA1=1C2971C19EF22E94CC138ED2EFD5B10BC933A9B7,MD5=6764DC6E36AD628E0AA31C80AA468676,SHA256=61A2B790876E1E70AD28911900CA480B43D150CE1F7E8718F2BFED70C2A4CFBD,IMPHASH=190D4E37C7264EE043C228BCE702D83E\r\nSigned: true\r\nSignature: Microsoft Windows\r\nSignatureStatus: Valid","Hostname":"WORKSTATION5","ProcessId":"8452","Description":"Direct3D Rasterizer","Company":"Microsoft Corporation","Signed":"true","OriginalFileName":"D3D10Warp.dll"}
{"TimeCreated":"2020-10-18 02:17:05.369","SignatureStatus":"Valid","Signature":"Microsoft Windows","Product":"Microsoft Windows Operating System","Hashes":"SHA1=817DFAC385923FD53A5680323193E9155E2C6381,MD5=8B4BF2DBBC8D5BA6966771C55378D51E,SHA256=AA0E76ACDB8FA185597842BD77E13260562A2A78483195B031C7D84120F5D657,IMPHASH=42D1B06A98233337DA36316767D9D091","UtcTime":"2020-10-18 06:17:05.352","ProcessGuid":"{39e4a257-dde0-5f8b-511b-000000000400}","Image":"C:\\Program Files\\WindowsApps\\Microsoft.WindowsCalculator_10.2008.2.0_x64__8wekyb3d8bbwe\\Calculator.exe","ImageLoaded":"C:\\Windows\\System32\\fwbase.dll","EventID":7,"Channel":"Microsoft-Windows-Sysmon/Operational","Task":"7","RuleName":"-","FileVersion":"10.0.18362.449 (WinBuild.160101.0800)","Message":"Image loaded:\r\nRuleName: -\r\nUtcTime: 2020-10-18 06:17:05.352\r\nProcessGuid: {39e4a257-dde0-5f8b-511b-000000000400}\r\nProcessId: 8452\r\nImage: C:\\Program Files\\WindowsApps\\Microsoft.WindowsCalculator_10.2008.2.0_x64__8wekyb3d8bbwe\\Calculator.exe\r\nImageLoaded: C:\\Windows\\System32\\fwbase.dll\r\nFileVersion: 10.0.18362.449 (WinBuild.160101.0800)\r\nDescription: Firewall Base DLL\r\nProduct: Microsoft Windows Operating System\r\nCompany: Microsoft Corporation\r\nOriginalFileName: fwbase.dll\r\nHashes: SHA1=817DFAC385923FD53A5680323193E9155E2C6381,MD5=8B4BF2DBBC8D5BA6966771C55378D51E,SHA256=AA0E76ACDB8FA185597842BD77E13260562A2A78483195B031C7D84120F5D657,IMPHASH=42D1B06A98233337DA36316767D9D091\r\nSigned: true\r\nSignature: Microsoft Windows\r\nSignatureStatus: Valid","Hostname":"WORKSTATION5","ProcessId":"8452","Description":"Firewall Base DLL","Company":"Microsoft Corporation","Signed":"true","OriginalFileName":"fwbase.dll"}
{"TimeCreated":"2020-10-18 02:17:05.369","SignatureStatus":"Valid","Signature":"Microsoft Windows","Product":"Microsoft Windows Operating System","Hashes":"SHA1=9414EC114C3389E0A7BC2FD986E00946E1A2A299,MD5=3929147A2A34B0902152C7D0F241B02A,SHA256=AD1C5309AA873F6A284EABE382812868E20C3D3D64197F3E6EF9D015EA060CAA,IMPHASH=6EC28633CC4ECB9F457795DD7E00B34B","UtcTime":"2020-10-18 06:17:05.352","ProcessGuid":"{39e4a257-dde0-5f8b-511b-000000000400}","Image":"C:\\Program Files\\WindowsApps\\Microsoft.WindowsCalculator_10.2008.2.0_x64__8wekyb3d8bbwe\\Calculator.exe","ImageLoaded":"C:\\Windows\\System32\\IPHLPAPI.DLL","EventID":7,"Channel":"Microsoft-Windows-Sysmon/Operational","Task":"7","RuleName":"-","FileVersion":"10.0.18362.1 (WinBuild.160101.0800)","Message":"Image loaded:\r\nRuleName: -\r\nUtcTime: 2020-10-18 06:17:05.352\r\nProcessGuid: {39e4a257-dde0-5f8b-511b-000000000400}\r\nProcessId: 8452\r\nImage: C:\\Program Files\\WindowsApps\\Microsoft.WindowsCalculator_10.2008.2.0_x64__8wekyb3d8bbwe\\Calculator.exe\r\nImageLoaded: C:\\Windows\\System32\\IPHLPAPI.DLL\r\nFileVersion: 10.0.18362.1 (WinBuild.160101.0800)\r\nDescription: IP Helper API\r\nProduct: Microsoft Windows Operating System\r\nCompany: Microsoft Corporation\r\nOriginalFileName: iphlpapi.dll\r\nHashes: SHA1=9414EC114C3389E0A7BC2FD986E00946E1A2A299,MD5=3929147A2A34B0902152C7D0F241B02A,SHA256=AD1C5309AA873F6A284EABE382812868E20C3D3D64197F3E6EF9D015EA060CAA,IMPHASH=6EC28633CC4ECB9F457795DD7E00B34B\r\nSigned: true\r\nSignature: Microsoft Windows\r\nSignatureStatus: Valid","Hostname":"WORKSTATION5","ProcessId":"8452","Description":"IP Helper API","Company":"Microsoft Corporation","Signed":"true","OriginalFileName":"iphlpapi.dll"}
{"TimeCreated":"2020-10-18 02:17:05.368","SignatureStatus":"Valid","Signature":"Microsoft Windows","Product":"Microsoft Windows Operating System","Hashes":"SHA1=4118D7E1C3531A1A01FB8924E1A1D470066EEA3F,MD5=9EB93B389D055FA045FC91D2B763B3AC,SHA256=AB620EE31FB65F1A51B2FA28F30BC31329966CB27E3570812138DF99E4D7CC8D,IMPHASH=DEFB8C5BB37FCD63DC790B55724FDE42","UtcTime":"2020-10-18 06:17:05.352","ProcessGuid":"{39e4a257-dde0-5f8b-511b-000000000400}","Image":"C:\\Program Files\\WindowsApps\\Microsoft.WindowsCalculator_10.2008.2.0_x64__8wekyb3d8bbwe\\Calculator.exe","ImageLoaded":"C:\\Windows\\System32\\nsi.dll","EventID":7,"Channel":"Microsoft-Windows-Sysmon/Operational","Task":"7","RuleName":"-","FileVersion":"10.0.18362.449 (WinBuild.160101.0800)","Message":"Image loaded:\r\nRuleName: -\r\nUtcTime: 2020-10-18 06:17:05.352\r\nProcessGuid: {39e4a257-dde0-5f8b-511b-000000000400}\r\nProcessId: 8452\r\nImage: C:\\Program Files\\WindowsApps\\Microsoft.WindowsCalculator_10.2008.2.0_x64__8wekyb3d8bbwe\\Calculator.exe\r\nImageLoaded: C:\\Windows\\System32\\nsi.dll\r\nFileVersion: 10.0.18362.449 (WinBuild.160101.0800)\r\nDescription: NSI User-mode interface DLL\r\nProduct: Microsoft Windows Operating System\r\nCompany: Microsoft Corporation\r\nOriginalFileName: nsi.dll\r\nHashes: SHA1=4118D7E1C3531A1A01FB8924E1A1D470066EEA3F,MD5=9EB93B389D055FA045FC91D2B763B3AC,SHA256=AB620EE31FB65F1A51B2FA28F30BC31329966CB27E3570812138DF99E4D7CC8D,IMPHASH=DEFB8C5BB37FCD63DC790B55724FDE42\r\nSigned: true\r\nSignature: Microsoft Windows\r\nSignatureStatus: Valid","Hostname":"WORKSTATION5","ProcessId":"8452","Description":"NSI User-mode interface DLL","Company":"Microsoft Corporation","Signed":"true","OriginalFileName":"nsi.dll"}
{"TimeCreated":"2020-10-18 02:17:05.368","SignatureStatus":"Valid","Signature":"Microsoft Windows","Product":"Microsoft Windows Operating System","Hashes":"SHA1=0E931ED820C96CCAD23D4AFCB0ACD97C99155D11,MD5=C0F8DA7568D2F1534E0ABB0E69DC3280,SHA256=E419A4BBDF1D5E0601E90BAFC1558DBD7414CD44E098B581C1915EF2C6E38D0B,IMPHASH=70D7A835AF4CA9F98A94AAF1B60BF88F","UtcTime":"2020-10-18 06:17:05.352","ProcessGuid":"{39e4a257-dde0-5f8b-511b-000000000400}","Image":"C:\\Program Files\\WindowsApps\\Microsoft.WindowsCalculator_10.2008.2.0_x64__8wekyb3d8bbwe\\Calculator.exe","ImageLoaded":"C:\\Windows\\System32\\ws2_32.dll","EventID":7,"Channel":"Microsoft-Windows-Sysmon/Operational","Task":"7","RuleName":"-","FileVersion":"10.0.18362.387 (WinBuild.160101.0800)","Message":"Image loaded:\r\nRuleName: -\r\nUtcTime: 2020-10-18 06:17:05.352\r\nProcessGuid: {39e4a257-dde0-5f8b-511b-000000000400}\r\nProcessId: 8452\r\nImage: C:\\Program Files\\WindowsApps\\Microsoft.WindowsCalculator_10.2008.2.0_x64__8wekyb3d8bbwe\\Calculator.exe\r\nImageLoaded: C:\\Windows\\System32\\ws2_32.dll\r\nFileVersion: 10.0.18362.387 (WinBuild.160101.0800)\r\nDescription: Windows Socket 2.0 32-Bit DLL\r\nProduct: Microsoft Windows Operating System\r\nCompany: Microsoft Corporation\r\nOriginalFileName: ws2_32.dll\r\nHashes: SHA1=0E931ED820C96CCAD23D4AFCB0ACD97C99155D11,MD5=C0F8DA7568D2F1534E0ABB0E69DC3280,SHA256=E419A4BBDF1D5E0601E90BAFC1558DBD7414CD44E098B581C1915EF2C6E38D0B,IMPHASH=70D7A835AF4CA9F98A94AAF1B60BF88F\r\nSigned: true\r\nSignature: Microsoft Windows\r\nSignatureStatus: Valid","Hostname":"WORKSTATION5","ProcessId":"8452","Description":"Windows Socket 2.0 32-Bit DLL","Company":"Microsoft Corporation","Signed":"true","OriginalFileName":"ws2_32.dll"}
{"TimeCreated":"2020-10-18 02:17:05.368","SignatureStatus":"Valid","Signature":"Microsoft Windows","Product":"Microsoft Windows Operating System","Hashes":"SHA1=F1909EDE6F17B5B31AFA580DFE3C28485CAA2037,MD5=F1286919D541FF93F1174B0B1F1CF7FD,SHA256=3453BD57B23A211FD45A1BBA0EF84FD3B61E174112D16974B9481A0818C372E5,IMPHASH=D8803D749EB329542778B6CC38924BBA","UtcTime":"2020-10-18 06:17:05.352","ProcessGuid":"{39e4a257-dde0-5f8b-511b-000000000400}","Image":"C:\\Program Files\\WindowsApps\\Microsoft.WindowsCalculator_10.2008.2.0_x64__8wekyb3d8bbwe\\Calculator.exe","ImageLoaded":"C:\\Windows\\System32\\dnsapi.dll","EventID":7,"Channel":"Microsoft-Windows-Sysmon/Operational","Task":"7","RuleName":"-","FileVersion":"10.0.18362.1082 (WinBuild.160101.0800)","Message":"Image loaded:\r\nRuleName: -\r\nUtcTime: 2020-10-18 06:17:05.352\r\nProcessGuid: {39e4a257-dde0-5f8b-511b-000000000400}\r\nProcessId: 8452\r\nImage: C:\\Program Files\\WindowsApps\\Microsoft.WindowsCalculator_10.2008.2.0_x64__8wekyb3d8bbwe\\Calculator.exe\r\nImageLoaded: C:\\Windows\\System32\\dnsapi.dll\r\nFileVersion: 10.0.18362.1082 (WinBuild.160101.0800)\r\nDescription: DNS Client API DLL\r\nProduct: Microsoft Windows Operating System\r\nCompany: Microsoft Corporation\r\nOriginalFileName: dnsapi\r\nHashes: SHA1=F1909EDE6F17B5B31AFA580DFE3C28485CAA2037,MD5=F1286919D541FF93F1174B0B1F1CF7FD,SHA256=3453BD57B23A211FD45A1BBA0EF84FD3B61E174112D16974B9481A0818C372E5,IMPHASH=D8803D749EB329542778B6CC38924BBA\r\nSigned: true\r\nSignature: Microsoft Windows\r\nSignatureStatus: Valid","Hostname":"WORKSTATION5","ProcessId":"8452","Description":"DNS Client API DLL","Company":"Microsoft Corporation","Signed":"true","OriginalFileName":"dnsapi"}
{"TimeCreated":"2020-10-18 02:17:05.367","SignatureStatus":"Valid","Signature":"Microsoft Windows","Product":"Microsoft Windows Operating System","Hashes":"SHA1=47A2EB1D0DF3FF75C43B6AA4F4DD5CF9238AB3C6,MD5=E313A22C1E214AC6DF62A450320F8033,SHA256=E9ECAE2AF644213926735CC9FD94C1A8D98EC7909C73D49748031F64D28126BA,IMPHASH=4C3FA874E14BCE243EC9E5BA9E661936","UtcTime":"2020-10-18 06:17:05.352","ProcessGuid":"{39e4a257-dde0-5f8b-511b-000000000400}","Image":"C:\\Program Files\\WindowsApps\\Microsoft.WindowsCalculator_10.2008.2.0_x64__8wekyb3d8bbwe\\Calculator.exe","ImageLoaded":"C:\\Windows\\System32\\StateRepository.Core.dll","EventID":7,"Channel":"Microsoft-Windows-Sysmon/Operational","Task":"7","RuleName":"-","FileVersion":"10.0.18362.1082 (WinBuild.160101.0800)","Message":"Image loaded:\r\nRuleName: -\r\nUtcTime: 2020-10-18 06:17:05.352\r\nProcessGuid: {39e4a257-dde0-5f8b-511b-000000000400}\r\nProcessId: 8452\r\nImage: C:\\Program Files\\WindowsApps\\Microsoft.WindowsCalculator_10.2008.2.0_x64__8wekyb3d8bbwe\\Calculator.exe\r\nImageLoaded: C:\\Windows\\System32\\StateRepository.Core.dll\r\nFileVersion: 10.0.18362.1082 (WinBuild.160101.0800)\r\nDescription: StateRepository Core\r\nProduct: Microsoft Windows Operating System\r\nCompany: Microsoft Corporation\r\nOriginalFileName: StateRepository.Core.dll\r\nHashes: SHA1=47A2EB1D0DF3FF75C43B6AA4F4DD5CF9238AB3C6,MD5=E313A22C1E214AC6DF62A450320F8033,SHA256=E9ECAE2AF644213926735CC9FD94C1A8D98EC7909C73D49748031F64D28126BA,IMPHASH=4C3FA874E14BCE243EC9E5BA9E661936\r\nSigned: true\r\nSignature: Microsoft Windows\r\nSignatureStatus: Valid","Hostname":"WORKSTATION5","ProcessId":"8452","Description":"StateRepository Core","Company":"Microsoft Corporation","Signed":"true","OriginalFileName":"StateRepository.Core.dll"}
{"TimeCreated":"2020-10-18 02:17:05.367","SignatureStatus":"Valid","Signature":"Microsoft Windows","Product":"Microsoft Windows Operating System","Hashes":"SHA1=940A10C1A22C1A616E86B30CEB3C4A562FF19548,MD5=03DFF3218B9843EAE0AA10311F159122,SHA256=196729DF38DD674C191813371CC50AECCD85C1680F3604F15A4E1A6D3432237E,IMPHASH=F3548AA51508C0CDE208A3E49F4E3355","UtcTime":"2020-10-18 06:17:05.352","ProcessGuid":"{39e4a257-dde0-5f8b-511b-000000000400}","Image":"C:\\Program Files\\WindowsApps\\Microsoft.WindowsCalculator_10.2008.2.0_x64__8wekyb3d8bbwe\\Calculator.exe","ImageLoaded":"C:\\Windows\\System32\\FirewallAPI.dll","EventID":7,"Channel":"Microsoft-Windows-Sysmon/Operational","Task":"7","RuleName":"-","FileVersion":"10.0.18362.900 (WinBuild.160101.0800)","Message":"Image loaded:\r\nRuleName: -\r\nUtcTime: 2020-10-18 06:17:05.352\r\nProcessGuid: {39e4a257-dde0-5f8b-511b-000000000400}\r\nProcessId: 8452\r\nImage: C:\\Program Files\\WindowsApps\\Microsoft.WindowsCalculator_10.2008.2.0_x64__8wekyb3d8bbwe\\Calculator.exe\r\nImageLoaded: C:\\Windows\\System32\\FirewallAPI.dll\r\nFileVersion: 10.0.18362.900 (WinBuild.160101.0800)\r\nDescription: Windows Defender Firewall API\r\nProduct: Microsoft Windows Operating System\r\nCompany: Microsoft Corporation\r\nOriginalFileName: FirewallAPI.DLL\r\nHashes: SHA1=940A10C1A22C1A616E86B30CEB3C4A562FF19548,MD5=03DFF3218B9843EAE0AA10311F159122,SHA256=196729DF38DD674C191813371CC50AECCD85C1680F3604F15A4E1A6D3432237E,IMPHASH=F3548AA51508C0CDE208A3E49F4E3355\r\nSigned: true\r\nSignature: Microsoft Windows\r\nSignatureStatus: Valid","Hostname":"WORKSTATION5","ProcessId":"8452","Description":"Windows Defender Firewall API","Company":"Microsoft Corporation","Signed":"true","OriginalFileName":"FirewallAPI.DLL"}
