{"SourceImage":"C:\\windows\\system32\\csrss.exe","TimeCreated":"2020-10-18 02:17:04.131","GrantedAccess":"0x1fffff","SourceThreadId":"5440","CallTrace":"C:\\windows\\SYSTEM32\\ntdll.dll+9c584|C:\\windows\\system32\\basesrv.DLL+2fba|C:\\windows\\SYSTEM32\\CSRSRV.dll+5af4|C:\\windows\\SYSTEM32\\ntdll.dll+6ceaf","UtcTime":"2020-10-18 06:17:04.117","TargetProcessGUID":"{39e4a257-dde0-5f8b-501b-000000000400}","SourceProcessId":"2752","EventID":10,"Channel":"Microsoft-Windows-Sysmon/Operational","Task":"10","RuleName":"-","Message":"Process accessed:\r\nRuleName: -\r\nUtcTime: 2020-10-18 06:17:04.117\r\nSourceProcessGUID: {39e4a257-1bc3-5f89-8d0e-000000000400}\r\nSourceProcessId: 2752\r\nSourceThreadId: 5440\r\nSourceImage: C:\\windows\\system32\\csrss.exe\r\nTargetProcessGUID: {39e4a257-dde0-5f8b-501b-000000000400}\r\nTargetProcessId: 10108\r\nTargetImage: C:\\Windows\\System32\\calc.exe\r\nGrantedAccess: 0x1FFFFF\r\nCallTrace: C:\\windows\\SYSTEM32\\ntdll.dll+9c584|C:\\windows\\system32\\basesrv.DLL+2fba|C:\\windows\\SYSTEM32\\CSRSRV.dll+5af4|C:\\windows\\SYSTEM32\\ntdll.dll+6ceaf","Hostname":"WORKSTATION5","TargetProcessId":"10108","TargetImage":"C:\\Windows\\System32\\calc.exe","SourceProcessGUID":"{39e4a257-1bc3-5f89-8d0e-000000000400}"}
{"SourceImage":"C:\\windows\\System32\\Wbem\\WMIC.exe","TimeCreated":"2020-10-18 02:17:04.130","GrantedAccess":"0x1fffff","SourceThreadId":"7092","CallTrace":"C:\\windows\\SYSTEM32\\ntdll.dll+9d934|C:\\windows\\System32\\KERNELBASE.dll+59e1a|C:\\windows\\System32\\KERNELBASE.dll+567b6|C:\\windows\\System32\\KERNEL32.DLL+1bee3|C:\\windows\\System32\\windows.storage.dll+136816|C:\\windows\\System32\\windows.storage.dll+137033|C:\\windows\\System32\\windows.storage.dll+136658|C:\\windows\\System32\\windows.storage.dll+136483|C:\\windows\\System32\\windows.storage.dll+13617d|C:\\windows\\System32\\windows.storage.dll+1443bc|C:\\windows\\System32\\windows.storage.dll+137a4d|C:\\windows\\System32\\windows.storage.dll+146ec9|C:\\windows\\System32\\SHELL32.dll+3bbf2|C:\\windows\\System32\\SHELL32.dll+3a365|C:\\windows\\System32\\SHELL32.dll+ae1fe|C:\\windows\\System32\\shcore.dll+2c235|C:\\windows\\System32\\KERNEL32.DLL+17c24|C:\\windows\\SYSTEM32\\ntdll.dll+6cea1","UtcTime":"2020-10-18 06:17:04.117","TargetProcessGUID":"{39e4a257-dde0-5f8b-501b-000000000400}","SourceProcessId":"1064","EventID":10,"Channel":"Microsoft-Windows-Sysmon/Operational","Task":"10","RuleName":"-","Message":"Process accessed:\r\nRuleName: -\r\nUtcTime: 2020-10-18 06:17:04.117\r\nSourceProcessGUID: {39e4a257-dddf-5f8b-4e1b-000000000400}\r\nSourceProcessId: 1064\r\nSourceThreadId: 7092\r\nSourceImage: C:\\windows\\System32\\Wbem\\WMIC.exe\r\nTargetProcessGUID: {39e4a257-dde0-5f8b-501b-000000000400}\r\nTargetProcessId: 10108\r\nTargetImage: C:\\Windows\\System32\\calc.exe\r\nGrantedAccess: 0x1FFFFF\r\nCallTrace: C:\\windows\\SYSTEM32\\ntdll.dll+9d934|C:\\windows\\System32\\KERNELBASE.dll+59e1a|C:\\windows\\System32\\KERNELBASE.dll+567b6|C:\\windows\\System32\\KERNEL32.DLL+1bee3|C:\\windows\\System32\\windows.storage.dll+136816|C:\\windows\\System32\\windows.storage.dll+137033|C:\\windows\\System32\\windows.storage.dll+136658|C:\\windows\\System32\\windows.storage.dll+136483|C:\\windows\\System32\\windows.storage.dll+13617d|C:\\windows\\System32\\windows.storage.dll+1443bc|C:\\windows\\System32\\windows.storage.dll+137a4d|C:\\windows\\System32\\windows.storage.dll+146ec9|C:\\windows\\System32\\SHELL32.dll+3bbf2|C:\\windows\\System32\\SHELL32.dll+3a365|C:\\windows\\System32\\SHELL32.dll+ae1fe|C:\\windows\\System32\\shcore.dll+2c235|C:\\windows\\System32\\KERNEL32.DLL+17c24|C:\\windows\\SYSTEM32\\ntdll.dll+6cea1","Hostname":"WORKSTATION5","TargetProcessId":"10108","TargetImage":"C:\\Windows\\System32\\calc.exe","SourceProcessGUID":"{39e4a257-dddf-5f8b-4e1b-000000000400}"}
{"Company":"Microsoft Corporation","Task":"1","Description":"Windows Calculator","CommandLine":"\"C:\\Windows\\System32\\calc.exe\" ","TimeCreated":"2020-10-18 02:17:04.130","Product":"Microsoft Windows Operating System","OriginalFileName":"CALC.EXE","User":"WORKSTATION5\\wardog","ParentProcessId":"1064","IntegrityLevel":"High","ProcessGuid":"{39e4a257-dde0-5f8b-501b-000000000400}","LogonId":"0x13899ea","CurrentDirectory":"C:\\Users\\wardog\\","Hashes":"SHA1=C882F09EAFDDB75843BDDBACB796B90195445183,MD5=F88CC05134C555D4E1CD1DEF78162A9A,SHA256=A103A57D50B32469C5811E2808F021ADF9D9220093B540B8A9C83B5C821D370E,IMPHASH=8EEAA9499666119D13B3F44ECD77A729","UtcTime":"2020-10-18 06:17:04.128","ParentCommandLine":"wmic  process list /FORMAT:\"https://raw.githubusercontent.com/redcanaryco/atomic-red-team/master/atomics/T1220/src/wmicscript.xsl\"","TerminalSessionId":"2","ProcessId":"10108","ParentImage":"C:\\Windows\\System32\\wbem\\WMIC.exe","FileVersion":"10.0.18362.1 (WinBuild.160101.0800)","ParentProcessGuid":"{39e4a257-dddf-5f8b-4e1b-000000000400}","LogonGuid":"{39e4a257-1bc9-5f89-ea99-380100000000}","Image":"C:\\Windows\\System32\\calc.exe","Hostname":"WORKSTATION5","Channel":"Microsoft-Windows-Sysmon/Operational","EventID":1,"RuleName":"-","Message":"Process Create:\r\nRuleName: -\r\nUtcTime: 2020-10-18 06:17:04.128\r\nProcessGuid: {39e4a257-dde0-5f8b-501b-000000000400}\r\nProcessId: 10108\r\nImage: C:\\Windows\\System32\\calc.exe\r\nFileVersion: 10.0.18362.1 (WinBuild.160101.0800)\r\nDescription: Windows Calculator\r\nProduct: Microsoft Windows Operating System\r\nCompany: Microsoft Corporation\r\nOriginalFileName: CALC.EXE\r\nCommandLine: \"C:\\Windows\\System32\\calc.exe\" \r\nCurrentDirectory: C:\\Users\\wardog\\\r\nUser: WORKSTATION5\\wardog\r\nLogonGuid: {39e4a257-1bc9-5f89-ea99-380100000000}\r\nLogonId: 0x13899EA\r\nTerminalSessionId: 2\r\nIntegrityLevel: High\r\nHashes: SHA1=C882F09EAFDDB75843BDDBACB796B90195445183,MD5=F88CC05134C555D4E1CD1DEF78162A9A,SHA256=A103A57D50B32469C5811E2808F021ADF9D9220093B540B8A9C83B5C821D370E,IMPHASH=8EEAA9499666119D13B3F44ECD77A729\r\nParentProcessGuid: {39e4a257-dddf-5f8b-4e1b-000000000400}\r\nParentProcessId: 1064\r\nParentImage: C:\\Windows\\System32\\wbem\\WMIC.exe\r\nParentCommandLine: wmic  process list /FORMAT:\"https://raw.githubusercontent.com/redcanaryco/atomic-red-team/master/atomics/T1220/src/wmicscript.xsl\""}
{"TimeCreated":"2020-10-18 02:17:04.126","SignatureStatus":"Valid","Signature":"Microsoft Windows","Product":"Microsoft Windows Operating System","Hashes":"SHA1=8F5C66D8E34EF2CCE536471768A50E402D0BF3A6,MD5=6ACDDEE39DC33C401471DE4FE9205A55,SHA256=24DF62D41A3753435D94D5904DB8EF75457DFD115F93BB7EA3EAD2EEBF72FC3D,IMPHASH=1829F1ADD9570A03664654948E98E4E7","UtcTime":"2020-10-18 06:17:04.117","ProcessGuid":"{39e4a257-dddf-5f8b-4e1b-000000000400}","Image":"C:\\Windows\\System32\\wbem\\WMIC.exe","ImageLoaded":"C:\\Windows\\System32\\OneCoreUAPCommonProxyStub.dll","EventID":7,"Channel":"Microsoft-Windows-Sysmon/Operational","Task":"7","RuleName":"-","FileVersion":"10.0.18362.1082 (WinBuild.160101.0800)","Message":"Image loaded:\r\nRuleName: -\r\nUtcTime: 2020-10-18 06:17:04.117\r\nProcessGuid: {39e4a257-dddf-5f8b-4e1b-000000000400}\r\nProcessId: 1064\r\nImage: C:\\Windows\\System32\\wbem\\WMIC.exe\r\nImageLoaded: C:\\Windows\\System32\\OneCoreUAPCommonProxyStub.dll\r\nFileVersion: 10.0.18362.1082 (WinBuild.160101.0800)\r\nDescription: OneCoreUAP Common Proxy Stub\r\nProduct: Microsoft Windows Operating System\r\nCompany: Microsoft Corporation\r\nOriginalFileName: OneCoreUAPCommonProxyStub.dll\r\nHashes: SHA1=8F5C66D8E34EF2CCE536471768A50E402D0BF3A6,MD5=6ACDDEE39DC33C401471DE4FE9205A55,SHA256=24DF62D41A3753435D94D5904DB8EF75457DFD115F93BB7EA3EAD2EEBF72FC3D,IMPHASH=1829F1ADD9570A03664654948E98E4E7\r\nSigned: true\r\nSignature: Microsoft Windows\r\nSignatureStatus: Valid","Hostname":"WORKSTATION5","ProcessId":"1064","Description":"OneCoreUAP Common Proxy Stub","Company":"Microsoft Corporation","Signed":"true","OriginalFileName":"OneCoreUAPCommonProxyStub.dll"}
{"TimeCreated":"2020-10-18 02:17:04.123","SignatureStatus":"Valid","Signature":"Microsoft Windows","Product":"Microsoft Windows Operating System","Hashes":"SHA1=A41B65A11638C58B99039B5099D4229E33761541,MD5=7EBFDCF78039F8A62E76687F29973FDE,SHA256=DC80D03DBCBB7D276E6D14EC19EAF6A31C6BE4EEFE8562FDF086BF73DF3BE5F6,IMPHASH=E20DAD2DC874B17CCC1F3ED8FB387E79","UtcTime":"2020-10-18 06:17:04.117","ProcessGuid":"{39e4a257-dddf-5f8b-4e1b-000000000400}","Image":"C:\\Windows\\System32\\wbem\\WMIC.exe","ImageLoaded":"C:\\Windows\\System32\\OneCoreCommonProxyStub.dll","EventID":7,"Channel":"Microsoft-Windows-Sysmon/Operational","Task":"7","RuleName":"-","FileVersion":"10.0.18362.1 (WinBuild.160101.0800)","Message":"Image loaded:\r\nRuleName: -\r\nUtcTime: 2020-10-18 06:17:04.117\r\nProcessGuid: {39e4a257-dddf-5f8b-4e1b-000000000400}\r\nProcessId: 1064\r\nImage: C:\\Windows\\System32\\wbem\\WMIC.exe\r\nImageLoaded: C:\\Windows\\System32\\OneCoreCommonProxyStub.dll\r\nFileVersion: 10.0.18362.1 (WinBuild.160101.0800)\r\nDescription: OneCore Common Proxy Stub\r\nProduct: Microsoft Windows Operating System\r\nCompany: Microsoft Corporation\r\nOriginalFileName: OneCoreCommonProxyStub.dll\r\nHashes: SHA1=A41B65A11638C58B99039B5099D4229E33761541,MD5=7EBFDCF78039F8A62E76687F29973FDE,SHA256=DC80D03DBCBB7D276E6D14EC19EAF6A31C6BE4EEFE8562FDF086BF73DF3BE5F6,IMPHASH=E20DAD2DC874B17CCC1F3ED8FB387E79\r\nSigned: true\r\nSignature: Microsoft Windows\r\nSignatureStatus: Valid","Hostname":"WORKSTATION5","ProcessId":"1064","Description":"OneCore Common Proxy Stub","Company":"Microsoft Corporation","Signed":"true","OriginalFileName":"OneCoreCommonProxyStub.dll"}
{"TimeCreated":"2020-10-18 02:17:04.119","SignatureStatus":"Valid","Signature":"Microsoft Windows","Product":"Microsoft Windows Operating System","Hashes":"SHA1=92F05DAD4B534A6702DD86D00782972D98C8C16C,MD5=05E839DB5511AB6D83DF753BE40C4F02,SHA256=6C5372D5D20C7A76E1A975A15118ADCE36E48683C762AC015A41CAE5A2AF79A0,IMPHASH=2560F722BC4411B590E8E87B2589E955","UtcTime":"2020-10-18 06:17:04.117","ProcessGuid":"{39e4a257-dddf-5f8b-4e1b-000000000400}","Image":"C:\\Windows\\System32\\wbem\\WMIC.exe","ImageLoaded":"C:\\Windows\\System32\\sppc.dll","EventID":7,"Channel":"Microsoft-Windows-Sysmon/Operational","Task":"7","RuleName":"-","FileVersion":"10.0.18362.815 (WinBuild.160101.0800)","Message":"Image loaded:\r\nRuleName: -\r\nUtcTime: 2020-10-18 06:17:04.117\r\nProcessGuid: {39e4a257-dddf-5f8b-4e1b-000000000400}\r\nProcessId: 1064\r\nImage: C:\\Windows\\System32\\wbem\\WMIC.exe\r\nImageLoaded: C:\\Windows\\System32\\sppc.dll\r\nFileVersion: 10.0.18362.815 (WinBuild.160101.0800)\r\nDescription: Software Licensing Client Dll\r\nProduct: Microsoft Windows Operating System\r\nCompany: Microsoft Corporation\r\nOriginalFileName: sppc.dll\r\nHashes: SHA1=92F05DAD4B534A6702DD86D00782972D98C8C16C,MD5=05E839DB5511AB6D83DF753BE40C4F02,SHA256=6C5372D5D20C7A76E1A975A15118ADCE36E48683C762AC015A41CAE5A2AF79A0,IMPHASH=2560F722BC4411B590E8E87B2589E955\r\nSigned: true\r\nSignature: Microsoft Windows\r\nSignatureStatus: Valid","Hostname":"WORKSTATION5","ProcessId":"1064","Description":"Software Licensing Client Dll","Company":"Microsoft Corporation","Signed":"true","OriginalFileName":"sppc.dll"}
{"TimeCreated":"2020-10-18 02:17:04.118","SignatureStatus":"Valid","Signature":"Microsoft Windows","Product":"Microsoft Windows Operating System","Hashes":"SHA1=41DE5F5C5B1A510C242B547DECA255C8E45D8F23,MD5=42390474E879A10E0845C31B423B6429,SHA256=A599E64CEDFDC1FC83A26C16CD5489845CE1F5193A1D47C16EDA31A877DE05F1,IMPHASH=40361D3C7E0F5584BFB571747DB802D4","UtcTime":"2020-10-18 06:17:04.117","ProcessGuid":"{39e4a257-dddf-5f8b-4e1b-000000000400}","Image":"C:\\Windows\\System32\\wbem\\WMIC.exe","ImageLoaded":"C:\\Windows\\System32\\slc.dll","EventID":7,"Channel":"Microsoft-Windows-Sysmon/Operational","Task":"7","RuleName":"-","FileVersion":"10.0.18362.815 (WinBuild.160101.0800)","Message":"Image loaded:\r\nRuleName: -\r\nUtcTime: 2020-10-18 06:17:04.117\r\nProcessGuid: {39e4a257-dddf-5f8b-4e1b-000000000400}\r\nProcessId: 1064\r\nImage: C:\\Windows\\System32\\wbem\\WMIC.exe\r\nImageLoaded: C:\\Windows\\System32\\slc.dll\r\nFileVersion: 10.0.18362.815 (WinBuild.160101.0800)\r\nDescription: Software Licensing Client Dll\r\nProduct: Microsoft Windows Operating System\r\nCompany: Microsoft Corporation\r\nOriginalFileName: slc.dll\r\nHashes: SHA1=41DE5F5C5B1A510C242B547DECA255C8E45D8F23,MD5=42390474E879A10E0845C31B423B6429,SHA256=A599E64CEDFDC1FC83A26C16CD5489845CE1F5193A1D47C16EDA31A877DE05F1,IMPHASH=40361D3C7E0F5584BFB571747DB802D4\r\nSigned: true\r\nSignature: Microsoft Windows\r\nSignatureStatus: Valid","Hostname":"WORKSTATION5","ProcessId":"1064","Description":"Software Licensing Client Dll","Company":"Microsoft Corporation","Signed":"true","OriginalFileName":"slc.dll"}
{"TimeCreated":"2020-10-18 02:17:04.118","SignatureStatus":"Valid","Signature":"Microsoft Windows","Product":"Microsoft Windows Operating System","Hashes":"SHA1=0AEA5AB61A9DAE9505083DD74FB6A5F8B55339AD,MD5=4419A2385D10CE1DC3107421ADB51EEC,SHA256=5B771BBF18781C64AEA1974B90DE385BB090C360A12B967E05E0B7D6D40E3DB0,IMPHASH=5961569E1666EF01D6036E9B6F3791E2","UtcTime":"2020-10-18 06:17:04.101","ProcessGuid":"{39e4a257-dddf-5f8b-4e1b-000000000400}","Image":"C:\\Windows\\System32\\wbem\\WMIC.exe","ImageLoaded":"C:\\Windows\\System32\\BCP47Langs.dll","EventID":7,"Channel":"Microsoft-Windows-Sysmon/Operational","Task":"7","RuleName":"-","FileVersion":"10.0.18362.997 (WinBuild.160101.0800)","Message":"Image loaded:\r\nRuleName: -\r\nUtcTime: 2020-10-18 06:17:04.101\r\nProcessGuid: {39e4a257-dddf-5f8b-4e1b-000000000400}\r\nProcessId: 1064\r\nImage: C:\\Windows\\System32\\wbem\\WMIC.exe\r\nImageLoaded: C:\\Windows\\System32\\BCP47Langs.dll\r\nFileVersion: 10.0.18362.997 (WinBuild.160101.0800)\r\nDescription: BCP47 Language Classes\r\nProduct: Microsoft Windows Operating System\r\nCompany: Microsoft Corporation\r\nOriginalFileName: BCP47Lang.dll\r\nHashes: SHA1=0AEA5AB61A9DAE9505083DD74FB6A5F8B55339AD,MD5=4419A2385D10CE1DC3107421ADB51EEC,SHA256=5B771BBF18781C64AEA1974B90DE385BB090C360A12B967E05E0B7D6D40E3DB0,IMPHASH=5961569E1666EF01D6036E9B6F3791E2\r\nSigned: true\r\nSignature: Microsoft Windows\r\nSignatureStatus: Valid","Hostname":"WORKSTATION5","ProcessId":"1064","Description":"BCP47 Language Classes","Company":"Microsoft Corporation","Signed":"true","OriginalFileName":"BCP47Lang.dll"}
{"TimeCreated":"2020-10-18 02:17:04.117","SignatureStatus":"Valid","Signature":"Microsoft Windows","Product":"Microsoft Windows Operating System","Hashes":"SHA1=348ECF645C175FE1BCAC883AECBA772AF71FCC1B,MD5=7C585044BFB8C5F7431BE7CEC368C1D7,SHA256=372A0BD724BECBE1B5F135F0EEBF437726A20995DB4B7128D09FC018BF0A9B42,IMPHASH=46D841D6B9431C85B1224721FAD51789","UtcTime":"2020-10-18 06:17:04.101","ProcessGuid":"{39e4a257-dddf-5f8b-4e1b-000000000400}","Image":"C:\\Windows\\System32\\wbem\\WMIC.exe","ImageLoaded":"C:\\Windows\\System32\\AppResolver.dll","EventID":7,"Channel":"Microsoft-Windows-Sysmon/Operational","Task":"7","RuleName":"-","FileVersion":"10.0.18362.356 (WinBuild.160101.0800)","Message":"Image loaded:\r\nRuleName: -\r\nUtcTime: 2020-10-18 06:17:04.101\r\nProcessGuid: {39e4a257-dddf-5f8b-4e1b-000000000400}\r\nProcessId: 1064\r\nImage: C:\\Windows\\System32\\wbem\\WMIC.exe\r\nImageLoaded: C:\\Windows\\System32\\AppResolver.dll\r\nFileVersion: 10.0.18362.356 (WinBuild.160101.0800)\r\nDescription: App Resolver\r\nProduct: Microsoft Windows Operating System\r\nCompany: Microsoft Corporation\r\nOriginalFileName: AppResolver.dll\r\nHashes: SHA1=348ECF645C175FE1BCAC883AECBA772AF71FCC1B,MD5=7C585044BFB8C5F7431BE7CEC368C1D7,SHA256=372A0BD724BECBE1B5F135F0EEBF437726A20995DB4B7128D09FC018BF0A9B42,IMPHASH=46D841D6B9431C85B1224721FAD51789\r\nSigned: true\r\nSignature: Microsoft Windows\r\nSignatureStatus: Valid","Hostname":"WORKSTATION5","ProcessId":"1064","Description":"App Resolver","Company":"Microsoft Corporation","Signed":"true","OriginalFileName":"AppResolver.dll"}
{"TimeCreated":"2020-10-18 02:17:04.113","SignatureStatus":"Valid","Signature":"Microsoft Windows","Product":"Microsoft Windows Operating System","Hashes":"SHA1=70E8DE6959778BA8568A6D2A91C3FEB8C7014A44,MD5=98A7DF1245A46A5816CDC58EE7AD15DF,SHA256=121E4D96C27D2F79B897BA0F4307527696F7D289A46371820CF593FDBBA952AA,IMPHASH=554A9752315AC45D1DA4038F3CB03786","UtcTime":"2020-10-18 06:17:04.101","ProcessGuid":"{39e4a257-dddf-5f8b-4e1b-000000000400}","Image":"C:\\Windows\\System32\\wbem\\WMIC.exe","ImageLoaded":"C:\\Windows\\System32\\WinTypes.dll","EventID":7,"Channel":"Microsoft-Windows-Sysmon/Operational","Task":"7","RuleName":"-","FileVersion":"10.0.18362.1139 (WinBuild.160101.0800)","Message":"Image loaded:\r\nRuleName: -\r\nUtcTime: 2020-10-18 06:17:04.101\r\nProcessGuid: {39e4a257-dddf-5f8b-4e1b-000000000400}\r\nProcessId: 1064\r\nImage: C:\\Windows\\System32\\wbem\\WMIC.exe\r\nImageLoaded: C:\\Windows\\System32\\WinTypes.dll\r\nFileVersion: 10.0.18362.1139 (WinBuild.160101.0800)\r\nDescription: Windows Base Types DLL\r\nProduct: Microsoft Windows Operating System\r\nCompany: Microsoft Corporation\r\nOriginalFileName: WinTypes.dll\r\nHashes: SHA1=70E8DE6959778BA8568A6D2A91C3FEB8C7014A44,MD5=98A7DF1245A46A5816CDC58EE7AD15DF,SHA256=121E4D96C27D2F79B897BA0F4307527696F7D289A46371820CF593FDBBA952AA,IMPHASH=554A9752315AC45D1DA4038F3CB03786\r\nSigned: true\r\nSignature: Microsoft Windows\r\nSignatureStatus: Valid","Hostname":"WORKSTATION5","ProcessId":"1064","Description":"Windows Base Types DLL","Company":"Microsoft Corporation","Signed":"true","OriginalFileName":"WinTypes.dll"}
{"TimeCreated":"2020-10-18 02:17:04.110","SignatureStatus":"Valid","Signature":"Microsoft Windows","Product":"Microsoft Windows Operating System","Hashes":"SHA1=271C76A65E9B4EEB235A7160D5B1286CCE8C13FF,MD5=E202DD92848C5103C9ABF8ECD22BC539,SHA256=353F8D4E647A11F235F4262D913F7BAC4C4F266EAC4601EA416E861AFD611912,IMPHASH=1AC90E68C7E7F27FB14870BE142D19C0","UtcTime":"2020-10-18 06:17:04.101","ProcessGuid":"{39e4a257-dddf-5f8b-4e1b-000000000400}","Image":"C:\\Windows\\System32\\wbem\\WMIC.exe","ImageLoaded":"C:\\Windows\\System32\\fltLib.dll","EventID":7,"Channel":"Microsoft-Windows-Sysmon/Operational","Task":"7","RuleName":"-","FileVersion":"10.0.18362.1 (WinBuild.160101.0800)","Message":"Image loaded:\r\nRuleName: -\r\nUtcTime: 2020-10-18 06:17:04.101\r\nProcessGuid: {39e4a257-dddf-5f8b-4e1b-000000000400}\r\nProcessId: 1064\r\nImage: C:\\Windows\\System32\\wbem\\WMIC.exe\r\nImageLoaded: C:\\Windows\\System32\\fltLib.dll\r\nFileVersion: 10.0.18362.1 (WinBuild.160101.0800)\r\nDescription: Filter Library\r\nProduct: Microsoft Windows Operating System\r\nCompany: Microsoft Corporation\r\nOriginalFileName: filterLib.dll\r\nHashes: SHA1=271C76A65E9B4EEB235A7160D5B1286CCE8C13FF,MD5=E202DD92848C5103C9ABF8ECD22BC539,SHA256=353F8D4E647A11F235F4262D913F7BAC4C4F266EAC4601EA416E861AFD611912,IMPHASH=1AC90E68C7E7F27FB14870BE142D19C0\r\nSigned: true\r\nSignature: Microsoft Windows\r\nSignatureStatus: Valid","Hostname":"WORKSTATION5","ProcessId":"1064","Description":"Filter Library","Company":"Microsoft Corporation","Signed":"true","OriginalFileName":"filterLib.dll"}
{"TimeCreated":"2020-10-18 02:17:04.109","SignatureStatus":"Valid","Signature":"Microsoft Windows","Product":"Microsoft Windows Operating System","Hashes":"SHA1=1FEE5F8E9F4073DE0AAC2847613086868C28FA75,MD5=A0F67438C0D5CB82C8CF41EC02F3F486,SHA256=00015FA066E590A25F190B53DA7A7D0E150140C6DB70D1DC895A7BD91CF2D5D9,IMPHASH=0FF388423A7E604F50714D7928F133B9","UtcTime":"2020-10-18 06:17:04.101","ProcessGuid":"{39e4a257-dddf-5f8b-4e1b-000000000400}","Image":"C:\\Windows\\System32\\wbem\\WMIC.exe","ImageLoaded":"C:\\Windows\\System32\\cldapi.dll","EventID":7,"Channel":"Microsoft-Windows-Sysmon/Operational","Task":"7","RuleName":"-","FileVersion":"10.0.18362.1 (WinBuild.160101.0800)","Message":"Image loaded:\r\nRuleName: -\r\nUtcTime: 2020-10-18 06:17:04.101\r\nProcessGuid: {39e4a257-dddf-5f8b-4e1b-000000000400}\r\nProcessId: 1064\r\nImage: C:\\Windows\\System32\\wbem\\WMIC.exe\r\nImageLoaded: C:\\Windows\\System32\\cldapi.dll\r\nFileVersion: 10.0.18362.1 (WinBuild.160101.0800)\r\nDescription: Cloud API user mode API\r\nProduct: Microsoft Windows Operating System\r\nCompany: Microsoft Corporation\r\nOriginalFileName: cldapi.dll\r\nHashes: SHA1=1FEE5F8E9F4073DE0AAC2847613086868C28FA75,MD5=A0F67438C0D5CB82C8CF41EC02F3F486,SHA256=00015FA066E590A25F190B53DA7A7D0E150140C6DB70D1DC895A7BD91CF2D5D9,IMPHASH=0FF388423A7E604F50714D7928F133B9\r\nSigned: true\r\nSignature: Microsoft Windows\r\nSignatureStatus: Valid","Hostname":"WORKSTATION5","ProcessId":"1064","Description":"Cloud API user mode API","Company":"Microsoft Corporation","Signed":"true","OriginalFileName":"cldapi.dll"}
{"SourceImage":"C:\\windows\\system32\\svchost.exe","TimeCreated":"2020-10-18 02:17:04.104","GrantedAccess":"0x1000","SourceThreadId":"4976","CallTrace":"C:\\windows\\SYSTEM32\\ntdll.dll+9d154|C:\\windows\\System32\\RPCRT4.dll+2d354|C:\\windows\\System32\\combase.dll+b855b|c:\\windows\\system32\\windows.staterepository.dll+223f5|c:\\windows\\system32\\windows.staterepository.dll+23465|C:\\windows\\System32\\RPCRT4.dll+76a63|C:\\windows\\System32\\RPCRT4.dll+da036|C:\\windows\\System32\\RPCRT4.dll+383b9|C:\\windows\\System32\\combase.dll+a5d13|C:\\windows\\System32\\RPCRT4.dll+59bab|C:\\windows\\System32\\combase.dll+8d0e3|C:\\windows\\System32\\combase.dll+8ced3|C:\\windows\\System32\\combase.dll+a9556|C:\\windows\\System32\\combase.dll+8a4fa|C:\\windows\\System32\\combase.dll+a47ed|C:\\windows\\System32\\combase.dll+401ac|C:\\windows\\System32\\combase.dll+40a11|C:\\windows\\System32\\combase.dll+421b8|C:\\windows\\System32\\RPCRT4.dll+549f8|C:\\windows\\System32\\RPCRT4.dll+2c9b1|C:\\windows\\System32\\RPCRT4.dll+2c500|C:\\windows\\System32\\RPCRT4.dll+1a71f|C:\\windows\\System32\\RPCRT4.dll+19d7a|C:\\windows\\System32\\RPCRT4.dll+19361","UtcTime":"2020-10-18 06:17:04.101","TargetProcessGUID":"{39e4a257-dddf-5f8b-4e1b-000000000400}","SourceProcessId":"3372","EventID":10,"Channel":"Microsoft-Windows-Sysmon/Operational","Task":"10","RuleName":"-","Message":"Process accessed:\r\nRuleName: -\r\nUtcTime: 2020-10-18 06:17:04.101\r\nSourceProcessGUID: {39e4a257-f7a9-5f87-bc00-000000000400}\r\nSourceProcessId: 3372\r\nSourceThreadId: 4976\r\nSourceImage: C:\\windows\\system32\\svchost.exe\r\nTargetProcessGUID: {39e4a257-dddf-5f8b-4e1b-000000000400}\r\nTargetProcessId: 1064\r\nTargetImage: C:\\windows\\System32\\Wbem\\WMIC.exe\r\nGrantedAccess: 0x1000\r\nCallTrace: C:\\windows\\SYSTEM32\\ntdll.dll+9d154|C:\\windows\\System32\\RPCRT4.dll+2d354|C:\\windows\\System32\\combase.dll+b855b|c:\\windows\\system32\\windows.staterepository.dll+223f5|c:\\windows\\system32\\windows.staterepository.dll+23465|C:\\windows\\System32\\RPCRT4.dll+76a63|C:\\windows\\System32\\RPCRT4.dll+da036|C:\\windows\\System32\\RPCRT4.dll+383b9|C:\\windows\\System32\\combase.dll+a5d13|C:\\windows\\System32\\RPCRT4.dll+59bab|C:\\windows\\System32\\combase.dll+8d0e3|C:\\windows\\System32\\combase.dll+8ced3|C:\\windows\\System32\\combase.dll+a9556|C:\\windows\\System32\\combase.dll+8a4fa|C:\\windows\\System32\\combase.dll+a47ed|C:\\windows\\System32\\combase.dll+401ac|C:\\windows\\System32\\combase.dll+40a11|C:\\windows\\System32\\combase.dll+421b8|C:\\windows\\System32\\RPCRT4.dll+549f8|C:\\windows\\System32\\RPCRT4.dll+2c9b1|C:\\windows\\System32\\RPCRT4.dll+2c500|C:\\windows\\System32\\RPCRT4.dll+1a71f|C:\\windows\\System32\\RPCRT4.dll+19d7a|C:\\windows\\System32\\RPCRT4.dll+19361","Hostname":"WORKSTATION5","TargetProcessId":"1064","TargetImage":"C:\\windows\\System32\\Wbem\\WMIC.exe","SourceProcessGUID":"{39e4a257-f7a9-5f87-bc00-000000000400}"}
{"TimeCreated":"2020-10-18 02:17:04.104","SignatureStatus":"Valid","Signature":"Microsoft Windows","Product":"Microsoft Windows Operating System","Hashes":"SHA1=870F4150AF0FA7BE2478A317E603BC355D623C01,MD5=37B2BCAFF03971D5012BF4EEA367FE4E,SHA256=1D31786E5F23E9C0791EA626B10B0F8250E377000C6668F4141EAD6302A46C5A,IMPHASH=A39887077F3ADC1F3BE7B73D8983927E","UtcTime":"2020-10-18 06:17:04.101","ProcessGuid":"{39e4a257-dddf-5f8b-4e1b-000000000400}","Image":"C:\\Windows\\System32\\wbem\\WMIC.exe","ImageLoaded":"C:\\Windows\\System32\\Windows.StateRepositoryPS.dll","EventID":7,"Channel":"Microsoft-Windows-Sysmon/Operational","Task":"7","RuleName":"-","FileVersion":"10.0.18362.1082 (WinBuild.160101.0800)","Message":"Image loaded:\r\nRuleName: -\r\nUtcTime: 2020-10-18 06:17:04.101\r\nProcessGuid: {39e4a257-dddf-5f8b-4e1b-000000000400}\r\nProcessId: 1064\r\nImage: C:\\Windows\\System32\\wbem\\WMIC.exe\r\nImageLoaded: C:\\Windows\\System32\\Windows.StateRepositoryPS.dll\r\nFileVersion: 10.0.18362.1082 (WinBuild.160101.0800)\r\nDescription: Windows StateRepository Proxy/Stub Server\r\nProduct: Microsoft Windows Operating System\r\nCompany: Microsoft Corporation\r\nOriginalFileName: Windows.StateRepositoryPS.dll\r\nHashes: SHA1=870F4150AF0FA7BE2478A317E603BC355D623C01,MD5=37B2BCAFF03971D5012BF4EEA367FE4E,SHA256=1D31786E5F23E9C0791EA626B10B0F8250E377000C6668F4141EAD6302A46C5A,IMPHASH=A39887077F3ADC1F3BE7B73D8983927E\r\nSigned: true\r\nSignature: Microsoft Windows\r\nSignatureStatus: Valid","Hostname":"WORKSTATION5","ProcessId":"1064","Description":"Windows StateRepository Proxy/Stub Server","Company":"Microsoft Corporation","Signed":"true","OriginalFileName":"Windows.StateRepositoryPS.dll"}
{"TimeCreated":"2020-10-18 02:17:04.097","SignatureStatus":"Valid","Signature":"Microsoft Windows","Product":"Microsoft Windows Operating System","Hashes":"SHA1=13D34F2596A43A2467CFC901CEEBE8457B7F195F,MD5=85B87A7B4F529EC541818C241B8C0F43,SHA256=2505CBAB7459C0ECD8EDDCD3E2C09827B08D718BAF197AB24BB4E69B3948A27F,IMPHASH=3173150472840D83979F027AE2D1081C","UtcTime":"2020-10-18 06:17:04.085","ProcessGuid":"{39e4a257-dddf-5f8b-4e1b-000000000400}","Image":"C:\\Windows\\System32\\wbem\\WMIC.exe","ImageLoaded":"C:\\Windows\\System32\\edputil.dll","EventID":7,"Channel":"Microsoft-Windows-Sysmon/Operational","Task":"7","RuleName":"-","FileVersion":"10.0.18362.1 (WinBuild.160101.0800)","Message":"Image loaded:\r\nRuleName: -\r\nUtcTime: 2020-10-18 06:17:04.085\r\nProcessGuid: {39e4a257-dddf-5f8b-4e1b-000000000400}\r\nProcessId: 1064\r\nImage: C:\\Windows\\System32\\wbem\\WMIC.exe\r\nImageLoaded: C:\\Windows\\System32\\edputil.dll\r\nFileVersion: 10.0.18362.1 (WinBuild.160101.0800)\r\nDescription: EDP util\r\nProduct: Microsoft Windows Operating System\r\nCompany: Microsoft Corporation\r\nOriginalFileName: EDPUTIL.DLL\r\nHashes: SHA1=13D34F2596A43A2467CFC901CEEBE8457B7F195F,MD5=85B87A7B4F529EC541818C241B8C0F43,SHA256=2505CBAB7459C0ECD8EDDCD3E2C09827B08D718BAF197AB24BB4E69B3948A27F,IMPHASH=3173150472840D83979F027AE2D1081C\r\nSigned: true\r\nSignature: Microsoft Windows\r\nSignatureStatus: Valid","Hostname":"WORKSTATION5","ProcessId":"1064","Description":"EDP util","Company":"Microsoft Corporation","Signed":"true","OriginalFileName":"EDPUTIL.DLL"}
{"TimeCreated":"2020-10-18 02:17:04.095","UtcTime":"2020-10-18 06:17:04.085","ProcessGuid":"{39e4a257-dddf-5f8b-4e1b-000000000400}","Image":"C:\\windows\\System32\\Wbem\\WMIC.exe","EventID":12,"Channel":"Microsoft-Windows-Sysmon/Operational","Task":"12","RuleName":"-","Message":"Registry object added or deleted:\r\nRuleName: -\r\nEventType: CreateKey\r\nUtcTime: 2020-10-18 06:17:04.085\r\nProcessGuid: {39e4a257-dddf-5f8b-4e1b-000000000400}\r\nProcessId: 1064\r\nImage: C:\\windows\\System32\\Wbem\\WMIC.exe\r\nTargetObject: HKLM\\SOFTWARE\\Microsoft\\Windows\\CurrentVersion\\Explorer\\SyncRootManager","Hostname":"WORKSTATION5","ProcessId":"1064","EventType":"CreateKey","TargetObject":"HKLM\\SOFTWARE\\Microsoft\\Windows\\CurrentVersion\\Explorer\\SyncRootManager"}
{"TimeCreated":"2020-10-18 02:17:04.087","UtcTime":"2020-10-18 06:17:04.070","ProcessGuid":"{39e4a257-dddf-5f8b-4e1b-000000000400}","Image":"C:\\windows\\System32\\Wbem\\WMIC.exe","EventID":12,"Channel":"Microsoft-Windows-Sysmon/Operational","Task":"12","RuleName":"-","Message":"Registry object added or deleted:\r\nRuleName: -\r\nEventType: CreateKey\r\nUtcTime: 2020-10-18 06:17:04.070\r\nProcessGuid: {39e4a257-dddf-5f8b-4e1b-000000000400}\r\nProcessId: 1064\r\nImage: C:\\windows\\System32\\Wbem\\WMIC.exe\r\nTargetObject: HKLM\\SOFTWARE\\Microsoft\\Windows\\CurrentVersion\\Explorer\\Desktop\\NameSpace\\DelegateFolders","Hostname":"WORKSTATION5","ProcessId":"1064","EventType":"CreateKey","TargetObject":"HKLM\\SOFTWARE\\Microsoft\\Windows\\CurrentVersion\\Explorer\\Desktop\\NameSpace\\DelegateFolders"}
{"TimeCreated":"2020-10-18 02:17:04.087","UtcTime":"2020-10-18 06:17:04.070","ProcessGuid":"{39e4a257-dddf-5f8b-4e1b-000000000400}","Image":"C:\\windows\\System32\\Wbem\\WMIC.exe","EventID":12,"Channel":"Microsoft-Windows-Sysmon/Operational","Task":"12","RuleName":"-","Message":"Registry object added or deleted:\r\nRuleName: -\r\nEventType: CreateKey\r\nUtcTime: 2020-10-18 06:17:04.070\r\nProcessGuid: {39e4a257-dddf-5f8b-4e1b-000000000400}\r\nProcessId: 1064\r\nImage: C:\\windows\\System32\\Wbem\\WMIC.exe\r\nTargetObject: HKU\\S-1-5-21-3940915590-64593676-1414006259-500\\Software\\Microsoft\\Windows\\CurrentVersion\\Explorer\\Desktop\\NameSpace","Hostname":"WORKSTATION5","ProcessId":"1064","EventType":"CreateKey","TargetObject":"HKU\\S-1-5-21-3940915590-64593676-1414006259-500\\Software\\Microsoft\\Windows\\CurrentVersion\\Explorer\\Desktop\\NameSpace"}
{"TimeCreated":"2020-10-18 02:17:04.087","UtcTime":"2020-10-18 06:17:04.070","ProcessGuid":"{39e4a257-dddf-5f8b-4e1b-000000000400}","Image":"C:\\windows\\System32\\Wbem\\WMIC.exe","EventID":12,"Channel":"Microsoft-Windows-Sysmon/Operational","Task":"12","RuleName":"-","Message":"Registry object added or deleted:\r\nRuleName: -\r\nEventType: CreateKey\r\nUtcTime: 2020-10-18 06:17:04.070\r\nProcessGuid: {39e4a257-dddf-5f8b-4e1b-000000000400}\r\nProcessId: 1064\r\nImage: C:\\windows\\System32\\Wbem\\WMIC.exe\r\nTargetObject: HKLM\\SOFTWARE\\Microsoft\\Windows\\CurrentVersion\\Explorer\\Desktop\\NameSpace","Hostname":"WORKSTATION5","ProcessId":"1064","EventType":"CreateKey","TargetObject":"HKLM\\SOFTWARE\\Microsoft\\Windows\\CurrentVersion\\Explorer\\Desktop\\NameSpace"}
{"TimeCreated":"2020-10-18 02:17:04.086","SignatureStatus":"Valid","Signature":"Microsoft Windows","Product":"Windows Search","Hashes":"SHA1=9CC7754BDE825122FB0D3DF16579BD7CC2884B8B,MD5=B6D1AA0F21AC82024879E4EE96B50B56,SHA256=AF6B7199AAB64EBDADDA63B8662878A076A343955B1CF5E9F48C98114EF52BBE,IMPHASH=0D1929519D5C1A55D02774067E6F2181","UtcTime":"2020-10-18 06:17:04.070","ProcessGuid":"{39e4a257-dddf-5f8b-4e1b-000000000400}","Image":"C:\\Windows\\System32\\wbem\\WMIC.exe","ImageLoaded":"C:\\Windows\\System32\\propsys.dll","EventID":7,"Channel":"Microsoft-Windows-Sysmon/Operational","Task":"7","RuleName":"-","FileVersion":"7.0.18362.815 (WinBuild.160101.0800)","Message":"Image loaded:\r\nRuleName: -\r\nUtcTime: 2020-10-18 06:17:04.070\r\nProcessGuid: {39e4a257-dddf-5f8b-4e1b-000000000400}\r\nProcessId: 1064\r\nImage: C:\\Windows\\System32\\wbem\\WMIC.exe\r\nImageLoaded: C:\\Windows\\System32\\propsys.dll\r\nFileVersion: 7.0.18362.815 (WinBuild.160101.0800)\r\nDescription: Microsoft Property System\r\nProduct: Windows Search\r\nCompany: Microsoft Corporation\r\nOriginalFileName: propsys.dll\r\nHashes: SHA1=9CC7754BDE825122FB0D3DF16579BD7CC2884B8B,MD5=B6D1AA0F21AC82024879E4EE96B50B56,SHA256=AF6B7199AAB64EBDADDA63B8662878A076A343955B1CF5E9F48C98114EF52BBE,IMPHASH=0D1929519D5C1A55D02774067E6F2181\r\nSigned: true\r\nSignature: Microsoft Windows\r\nSignatureStatus: Valid","Hostname":"WORKSTATION5","ProcessId":"1064","Description":"Microsoft Property System","Company":"Microsoft Corporation","Signed":"true","OriginalFileName":"propsys.dll"}
{"TimeCreated":"2020-10-18 02:17:04.086","SignatureStatus":"Valid","Signature":"Microsoft Windows","Product":"Microsoft  Script Runtime","Hashes":"SHA1=89B8653AC5DFCA3641B7F96E7920098D9F5580CE,MD5=7ADCFEE741DF22DA4740A23AAA12FC95,SHA256=C13F473DE12DB05364B565E3E4D5E4E1A97B942B6CC49C38C8974C2D49C9CAB1,IMPHASH=F90736BF92CC46B1B7699517D14BF2CD","UtcTime":"2020-10-18 06:17:04.039","ProcessGuid":"{39e4a257-dddf-5f8b-4e1b-000000000400}","Image":"C:\\Windows\\System32\\wbem\\WMIC.exe","ImageLoaded":"C:\\Windows\\System32\\scrrun.dll","EventID":7,"Channel":"Microsoft-Windows-Sysmon/Operational","Task":"7","RuleName":"-","FileVersion":"5.812.10240.16384","Message":"Image loaded:\r\nRuleName: -\r\nUtcTime: 2020-10-18 06:17:04.039\r\nProcessGuid: {39e4a257-dddf-5f8b-4e1b-000000000400}\r\nProcessId: 1064\r\nImage: C:\\Windows\\System32\\wbem\\WMIC.exe\r\nImageLoaded: C:\\Windows\\System32\\scrrun.dll\r\nFileVersion: 5.812.10240.16384\r\nDescription: Microsoft  Script Runtime\r\nProduct: Microsoft  Script Runtime\r\nCompany: Microsoft Corporation\r\nOriginalFileName: scrrun.dll\r\nHashes: SHA1=89B8653AC5DFCA3641B7F96E7920098D9F5580CE,MD5=7ADCFEE741DF22DA4740A23AAA12FC95,SHA256=C13F473DE12DB05364B565E3E4D5E4E1A97B942B6CC49C38C8974C2D49C9CAB1,IMPHASH=F90736BF92CC46B1B7699517D14BF2CD\r\nSigned: true\r\nSignature: Microsoft Windows\r\nSignatureStatus: Valid","Hostname":"WORKSTATION5","ProcessId":"1064","Description":"Microsoft  Script Runtime","Company":"Microsoft Corporation","Signed":"true","OriginalFileName":"scrrun.dll"}
{"TimeCreated":"2020-10-18 02:17:04.075","SignatureStatus":"Valid","Signature":"Microsoft Windows","Product":"Microsoft  Windows Script Host Runtime Library","Hashes":"SHA1=3A0BFDF18B297643056DC6F4DFE9719247379980,MD5=96AA9F7F891FE22D545EB2493ED67489,SHA256=CC075B18C81177DCD9E874771D2B4BA39955D0DDAD834C9D07AD8BA0FB13F287,IMPHASH=1D5D47DF36CCF79B8F4542218E669C0D","UtcTime":"2020-10-18 06:17:04.023","ProcessGuid":"{39e4a257-dddf-5f8b-4e1b-000000000400}","Image":"C:\\Windows\\System32\\wbem\\WMIC.exe","ImageLoaded":"C:\\Windows\\System32\\wshom.ocx","EventID":7,"Channel":"Microsoft-Windows-Sysmon/Operational","Task":"7","RuleName":"-","FileVersion":"5.812.10240.16384","Message":"Image loaded:\r\nRuleName: -\r\nUtcTime: 2020-10-18 06:17:04.023\r\nProcessGuid: {39e4a257-dddf-5f8b-4e1b-000000000400}\r\nProcessId: 1064\r\nImage: C:\\Windows\\System32\\wbem\\WMIC.exe\r\nImageLoaded: C:\\Windows\\System32\\wshom.ocx\r\nFileVersion: 5.812.10240.16384\r\nDescription: Windows Script Host Runtime Library\r\nProduct: Microsoft  Windows Script Host Runtime Library\r\nCompany: Microsoft Corporation\r\nOriginalFileName: wshom.ocx\r\nHashes: SHA1=3A0BFDF18B297643056DC6F4DFE9719247379980,MD5=96AA9F7F891FE22D545EB2493ED67489,SHA256=CC075B18C81177DCD9E874771D2B4BA39955D0DDAD834C9D07AD8BA0FB13F287,IMPHASH=1D5D47DF36CCF79B8F4542218E669C0D\r\nSigned: true\r\nSignature: Microsoft Windows\r\nSignatureStatus: Valid","Hostname":"WORKSTATION5","ProcessId":"1064","Description":"Windows Script Host Runtime Library","Company":"Microsoft Corporation","Signed":"true","OriginalFileName":"wshom.ocx"}
{"TimeCreated":"2020-10-18 02:17:04.071","SignatureStatus":"Valid","Signature":"Microsoft Windows","Product":"Microsoft Windows Operating System","Hashes":"SHA1=6D3FD8F29261C05EDAFE0E4D312AAEA21C007FA1,MD5=68B36BC981063A71D181356F4D89C844,SHA256=FC5BAC87F4814262DEA7E79E2B4705E0B8731CC42C80B6CABE9C02955685737C,IMPHASH=D84DBD06FA80DAEC5BB5B0E80B599802","UtcTime":"2020-10-18 06:17:04.054","ProcessGuid":"{39e4a257-dddf-5f8b-4e1b-000000000400}","Image":"C:\\Windows\\System32\\wbem\\WMIC.exe","ImageLoaded":"C:\\Windows\\System32\\gpapi.dll","EventID":7,"Channel":"Microsoft-Windows-Sysmon/Operational","Task":"7","RuleName":"-","FileVersion":"10.0.18362.1139 (WinBuild.160101.0800)","Message":"Image loaded:\r\nRuleName: -\r\nUtcTime: 2020-10-18 06:17:04.054\r\nProcessGuid: {39e4a257-dddf-5f8b-4e1b-000000000400}\r\nProcessId: 1064\r\nImage: C:\\Windows\\System32\\wbem\\WMIC.exe\r\nImageLoaded: C:\\Windows\\System32\\gpapi.dll\r\nFileVersion: 10.0.18362.1139 (WinBuild.160101.0800)\r\nDescription: Group Policy Client API\r\nProduct: Microsoft Windows Operating System\r\nCompany: Microsoft Corporation\r\nOriginalFileName: gpapi.dll\r\nHashes: SHA1=6D3FD8F29261C05EDAFE0E4D312AAEA21C007FA1,MD5=68B36BC981063A71D181356F4D89C844,SHA256=FC5BAC87F4814262DEA7E79E2B4705E0B8731CC42C80B6CABE9C02955685737C,IMPHASH=D84DBD06FA80DAEC5BB5B0E80B599802\r\nSigned: true\r\nSignature: Microsoft Windows\r\nSignatureStatus: Valid","Hostname":"WORKSTATION5","ProcessId":"1064","Description":"Group Policy Client API","Company":"Microsoft Corporation","Signed":"true","OriginalFileName":"gpapi.dll"}
{"TimeCreated":"2020-10-18 02:17:04.067","SignatureStatus":"Valid","Signature":"Microsoft Windows","Product":"Microsoft Windows Operating System","Hashes":"SHA1=E91485EC65CB9187121AEEE566E3DCA08DE62A5E,MD5=DCA254663BBABCC7049C070757A83E83,SHA256=CD64E5B50DA4A58286B6FE5C277B663E06A75981704C5745B69B919F1C59172C,IMPHASH=4A330F41A0B0B786A58FDCA41FC417D4","UtcTime":"2020-10-18 06:17:04.054","ProcessGuid":"{39e4a257-dddf-5f8b-4e1b-000000000400}","Image":"C:\\Windows\\System32\\wbem\\WMIC.exe","ImageLoaded":"C:\\ProgramData\\Microsoft\\Windows Defender\\Platform\\4.18.2009.7-0\\MpClient.dll","EventID":7,"Channel":"Microsoft-Windows-Sysmon/Operational","Task":"7","RuleName":"-","FileVersion":"4.18.2009.7 (WinBuild.160101.0800)","Message":"Image loaded:\r\nRuleName: -\r\nUtcTime: 2020-10-18 06:17:04.054\r\nProcessGuid: {39e4a257-dddf-5f8b-4e1b-000000000400}\r\nProcessId: 1064\r\nImage: C:\\Windows\\System32\\wbem\\WMIC.exe\r\nImageLoaded: C:\\ProgramData\\Microsoft\\Windows Defender\\Platform\\4.18.2009.7-0\\MpClient.dll\r\nFileVersion: 4.18.2009.7 (WinBuild.160101.0800)\r\nDescription: Client Interface\r\nProduct: Microsoft Windows Operating System\r\nCompany: Microsoft Corporation\r\nOriginalFileName: mpclient.dll\r\nHashes: SHA1=E91485EC65CB9187121AEEE566E3DCA08DE62A5E,MD5=DCA254663BBABCC7049C070757A83E83,SHA256=CD64E5B50DA4A58286B6FE5C277B663E06A75981704C5745B69B919F1C59172C,IMPHASH=4A330F41A0B0B786A58FDCA41FC417D4\r\nSigned: true\r\nSignature: Microsoft Windows\r\nSignatureStatus: Valid","Hostname":"WORKSTATION5","ProcessId":"1064","Description":"Client Interface","Company":"Microsoft Corporation","Signed":"true","OriginalFileName":"mpclient.dll"}
{"TimeCreated":"2020-10-18 02:17:04.062","SignatureStatus":"Valid","Signature":"Microsoft Windows","Product":"Microsoft  JScript","Hashes":"SHA1=243974F96C8FF4EA9F3E8988227B9FE72814F36E,MD5=41B9518A9FA7AF7DBEA0D374751DD0A4,SHA256=A0F1FC325287E3447AA45C050FA83A6A7DDCA8E58C96EF58F2CEC67EE31AFAC5,IMPHASH=517D41F0FFFD45815101075C6B266EE3","UtcTime":"2020-10-18 06:17:04.023","ProcessGuid":"{39e4a257-dddf-5f8b-4e1b-000000000400}","Image":"C:\\Windows\\System32\\wbem\\WMIC.exe","ImageLoaded":"C:\\Windows\\System32\\jscript.dll","EventID":7,"Channel":"Microsoft-Windows-Sysmon/Operational","Task":"7","RuleName":"-","FileVersion":"5.812.10240.16384","Message":"Image loaded:\r\nRuleName: -\r\nUtcTime: 2020-10-18 06:17:04.023\r\nProcessGuid: {39e4a257-dddf-5f8b-4e1b-000000000400}\r\nProcessId: 1064\r\nImage: C:\\Windows\\System32\\wbem\\WMIC.exe\r\nImageLoaded: C:\\Windows\\System32\\jscript.dll\r\nFileVersion: 5.812.10240.16384\r\nDescription: Microsoft  JScript\r\nProduct: Microsoft  JScript\r\nCompany: Microsoft Corporation\r\nOriginalFileName: jscript.dll\r\nHashes: SHA1=243974F96C8FF4EA9F3E8988227B9FE72814F36E,MD5=41B9518A9FA7AF7DBEA0D374751DD0A4,SHA256=A0F1FC325287E3447AA45C050FA83A6A7DDCA8E58C96EF58F2CEC67EE31AFAC5,IMPHASH=517D41F0FFFD45815101075C6B266EE3\r\nSigned: true\r\nSignature: Microsoft Windows\r\nSignatureStatus: Valid","Hostname":"WORKSTATION5","ProcessId":"1064","Description":"Microsoft  JScript","Company":"Microsoft Corporation","Signed":"true","OriginalFileName":"jscript.dll"}
{"TimeCreated":"2020-10-18 02:17:04.051","SignatureStatus":"Valid","Signature":"Microsoft Windows","Product":"Microsoft Windows Operating System","Hashes":"SHA1=EEA36BA607E4A3CB78B8CE3EA94D2537F625D871,MD5=D047C1D9481B3A9B58C27AE6D6E6AF44,SHA256=2F2AF3505877F54A91BEAA5D13A435F1124228D8A935234090146B8E390EBAA0,IMPHASH=D862FCE5077DFE4E06485A219A56323D","UtcTime":"2020-10-18 06:17:04.039","ProcessGuid":"{39e4a257-dddf-5f8b-4e1b-000000000400}","Image":"C:\\Windows\\System32\\wbem\\WMIC.exe","ImageLoaded":"C:\\Windows\\System32\\sxs.dll","EventID":7,"Channel":"Microsoft-Windows-Sysmon/Operational","Task":"7","RuleName":"-","FileVersion":"10.0.18362.1139 (WinBuild.160101.0800)","Message":"Image loaded:\r\nRuleName: -\r\nUtcTime: 2020-10-18 06:17:04.039\r\nProcessGuid: {39e4a257-dddf-5f8b-4e1b-000000000400}\r\nProcessId: 1064\r\nImage: C:\\Windows\\System32\\wbem\\WMIC.exe\r\nImageLoaded: C:\\Windows\\System32\\sxs.dll\r\nFileVersion: 10.0.18362.1139 (WinBuild.160101.0800)\r\nDescription: Fusion 2.5\r\nProduct: Microsoft Windows Operating System\r\nCompany: Microsoft Corporation\r\nOriginalFileName: SXS.DLL\r\nHashes: SHA1=EEA36BA607E4A3CB78B8CE3EA94D2537F625D871,MD5=D047C1D9481B3A9B58C27AE6D6E6AF44,SHA256=2F2AF3505877F54A91BEAA5D13A435F1124228D8A935234090146B8E390EBAA0,IMPHASH=D862FCE5077DFE4E06485A219A56323D\r\nSigned: true\r\nSignature: Microsoft Windows\r\nSignatureStatus: Valid","Hostname":"WORKSTATION5","ProcessId":"1064","Description":"Fusion 2.5","Company":"Microsoft Corporation","Signed":"true","OriginalFileName":"SXS.DLL"}
{"TimeCreated":"2020-10-18 02:17:04.042","SignatureStatus":"Valid","Signature":"Microsoft Windows","Product":"Microsoft Windows Operating System","Hashes":"SHA1=48DA5041305C0597E39338E97F10B18C4DF84075,MD5=7CE9D034ED633FF213BABC432DEFFC9E,SHA256=14B0BE646D4B5137B39F921FF891E10046C517A930E60EFED717DC33F1857E50,IMPHASH=A49478069FECE515641415AA10A41618","UtcTime":"2020-10-18 06:17:04.039","ProcessGuid":"{39e4a257-dddf-5f8b-4e1b-000000000400}","Image":"C:\\Windows\\System32\\wbem\\WMIC.exe","ImageLoaded":"C:\\Windows\\System32\\mpr.dll","EventID":7,"Channel":"Microsoft-Windows-Sysmon/Operational","Task":"7","RuleName":"-","FileVersion":"10.0.18362.1 (WinBuild.160101.0800)","Message":"Image loaded:\r\nRuleName: -\r\nUtcTime: 2020-10-18 06:17:04.039\r\nProcessGuid: {39e4a257-dddf-5f8b-4e1b-000000000400}\r\nProcessId: 1064\r\nImage: C:\\Windows\\System32\\wbem\\WMIC.exe\r\nImageLoaded: C:\\Windows\\System32\\mpr.dll\r\nFileVersion: 10.0.18362.1 (WinBuild.160101.0800)\r\nDescription: Multiple Provider Router DLL\r\nProduct: Microsoft Windows Operating System\r\nCompany: Microsoft Corporation\r\nOriginalFileName: mpr.dll\r\nHashes: SHA1=48DA5041305C0597E39338E97F10B18C4DF84075,MD5=7CE9D034ED633FF213BABC432DEFFC9E,SHA256=14B0BE646D4B5137B39F921FF891E10046C517A930E60EFED717DC33F1857E50,IMPHASH=A49478069FECE515641415AA10A41618\r\nSigned: true\r\nSignature: Microsoft Windows\r\nSignatureStatus: Valid","Hostname":"WORKSTATION5","ProcessId":"1064","Description":"Multiple Provider Router DLL","Company":"Microsoft Corporation","Signed":"true","OriginalFileName":"mpr.dll"}
{"TimeCreated":"2020-10-18 02:17:04.042","SignatureStatus":"Valid","Signature":"Microsoft Windows","Product":"Microsoft Windows Operating System","Hashes":"SHA1=FA3A718BEED81C7084675E250ADC305677A6B5E4,MD5=3A99A40872AF3B87406CC57DBDF53748,SHA256=96A1DB38C74A81FBA4C4AB29020551364FD1ADA3B6FED789D193C787E757979D,IMPHASH=4B4464C7677B6F07342800F4CF0BA273","UtcTime":"2020-10-18 06:17:04.039","ProcessGuid":"{39e4a257-dddf-5f8b-4e1b-000000000400}","Image":"C:\\Windows\\System32\\wbem\\WMIC.exe","ImageLoaded":"C:\\Windows\\System32\\cfgmgr32.dll","EventID":7,"Channel":"Microsoft-Windows-Sysmon/Operational","Task":"7","RuleName":"-","FileVersion":"10.0.18362.387 (WinBuild.160101.0800)","Message":"Image loaded:\r\nRuleName: -\r\nUtcTime: 2020-10-18 06:17:04.039\r\nProcessGuid: {39e4a257-dddf-5f8b-4e1b-000000000400}\r\nProcessId: 1064\r\nImage: C:\\Windows\\System32\\wbem\\WMIC.exe\r\nImageLoaded: C:\\Windows\\System32\\cfgmgr32.dll\r\nFileVersion: 10.0.18362.387 (WinBuild.160101.0800)\r\nDescription: Configuration Manager DLL\r\nProduct: Microsoft Windows Operating System\r\nCompany: Microsoft Corporation\r\nOriginalFileName: CFGMGR32.DLL\r\nHashes: SHA1=FA3A718BEED81C7084675E250ADC305677A6B5E4,MD5=3A99A40872AF3B87406CC57DBDF53748,SHA256=96A1DB38C74A81FBA4C4AB29020551364FD1ADA3B6FED789D193C787E757979D,IMPHASH=4B4464C7677B6F07342800F4CF0BA273\r\nSigned: true\r\nSignature: Microsoft Windows\r\nSignatureStatus: Valid","Hostname":"WORKSTATION5","ProcessId":"1064","Description":"Configuration Manager DLL","Company":"Microsoft Corporation","Signed":"true","OriginalFileName":"CFGMGR32.DLL"}
{"TimeCreated":"2020-10-18 02:17:04.041","SignatureStatus":"Valid","Signature":"Microsoft Windows","Product":"Microsoft Windows Operating System","Hashes":"SHA1=1BE5EC1130E4B812224AF98D1C4B81B91C8D8BCE,MD5=698E67C04A48B58FE0FE2B7DAB428BD2,SHA256=D4F8395347B3C952DA3309BD3ADFBF87F52582C744204692DEDB0B6E720AEE1A,IMPHASH=5DE31297232BD99BC22531D7CE95B80E","UtcTime":"2020-10-18 06:17:04.039","ProcessGuid":"{39e4a257-dddf-5f8b-4e1b-000000000400}","Image":"C:\\Windows\\System32\\wbem\\WMIC.exe","ImageLoaded":"C:\\Windows\\System32\\shell32.dll","EventID":7,"Channel":"Microsoft-Windows-Sysmon/Operational","Task":"7","RuleName":"-","FileVersion":"10.0.18362.1110 (WinBuild.160101.0800)","Message":"Image loaded:\r\nRuleName: -\r\nUtcTime: 2020-10-18 06:17:04.039\r\nProcessGuid: {39e4a257-dddf-5f8b-4e1b-000000000400}\r\nProcessId: 1064\r\nImage: C:\\Windows\\System32\\wbem\\WMIC.exe\r\nImageLoaded: C:\\Windows\\System32\\shell32.dll\r\nFileVersion: 10.0.18362.1110 (WinBuild.160101.0800)\r\nDescription: Windows Shell Common Dll\r\nProduct: Microsoft Windows Operating System\r\nCompany: Microsoft Corporation\r\nOriginalFileName: SHELL32.DLL\r\nHashes: SHA1=1BE5EC1130E4B812224AF98D1C4B81B91C8D8BCE,MD5=698E67C04A48B58FE0FE2B7DAB428BD2,SHA256=D4F8395347B3C952DA3309BD3ADFBF87F52582C744204692DEDB0B6E720AEE1A,IMPHASH=5DE31297232BD99BC22531D7CE95B80E\r\nSigned: true\r\nSignature: Microsoft Windows\r\nSignatureStatus: Valid","Hostname":"WORKSTATION5","ProcessId":"1064","Description":"Windows Shell Common Dll","Company":"Microsoft Corporation","Signed":"true","OriginalFileName":"SHELL32.DLL"}
{"TimeCreated":"2020-10-18 02:17:04.018","SignatureStatus":"Valid","Signature":"Microsoft Windows","Product":"Microsoft Windows Operating System","Hashes":"SHA1=D10192212E2D342BB7EB8C85C876CEA94EE824F8,MD5=727673EC5D0CD9B726D8F2CFBDC747AB,SHA256=4C67CDC79D8EB20EE49DEF0D8CB5126D5BF660C7BF5E25D17DD6FC48C2902F5E,IMPHASH=F830D7ACFCD0C9974048B2C1271F3E86","UtcTime":"2020-10-18 06:17:04.007","ProcessGuid":"{39e4a257-dddf-5f8b-4e1b-000000000400}","Image":"C:\\Windows\\System32\\wbem\\WMIC.exe","ImageLoaded":"C:\\Windows\\System32\\coml2.dll","EventID":7,"Channel":"Microsoft-Windows-Sysmon/Operational","Task":"7","RuleName":"-","FileVersion":"10.0.18362.1 (WinBuild.160101.0800)","Message":"Image loaded:\r\nRuleName: -\r\nUtcTime: 2020-10-18 06:17:04.007\r\nProcessGuid: {39e4a257-dddf-5f8b-4e1b-000000000400}\r\nProcessId: 1064\r\nImage: C:\\Windows\\System32\\wbem\\WMIC.exe\r\nImageLoaded: C:\\Windows\\System32\\coml2.dll\r\nFileVersion: 10.0.18362.1 (WinBuild.160101.0800)\r\nDescription: Microsoft COM for Windows\r\nProduct: Microsoft Windows Operating System\r\nCompany: Microsoft Corporation\r\nOriginalFileName: COML2.DLL\r\nHashes: SHA1=D10192212E2D342BB7EB8C85C876CEA94EE824F8,MD5=727673EC5D0CD9B726D8F2CFBDC747AB,SHA256=4C67CDC79D8EB20EE49DEF0D8CB5126D5BF660C7BF5E25D17DD6FC48C2902F5E,IMPHASH=F830D7ACFCD0C9974048B2C1271F3E86\r\nSigned: true\r\nSignature: Microsoft Windows\r\nSignatureStatus: Valid","Hostname":"WORKSTATION5","ProcessId":"1064","Description":"Microsoft COM for Windows","Company":"Microsoft Corporation","Signed":"true","OriginalFileName":"COML2.DLL"}
{"TimeCreated":"2020-10-18 02:17:03.953","SignatureStatus":"Valid","Signature":"Microsoft Windows","Product":"Microsoft Windows Operating System","Hashes":"SHA1=85016C22B692FD4F3CA20732240C16EE31450B57,MD5=6206506DDECBF5E5DD220507D4AB5504,SHA256=D0CEE8D015B4D4329FEF39AF9079155517360BD170E266E75C79AF81720E2488,IMPHASH=AFA0DB2E14A797EA10D25C2C2EDC4AB9","UtcTime":"2020-10-18 06:17:03.914","ProcessGuid":"{39e4a257-dddf-5f8b-4e1b-000000000400}","Image":"C:\\Windows\\System32\\wbem\\WMIC.exe","ImageLoaded":"C:\\Windows\\System32\\ncryptsslp.dll","EventID":7,"Channel":"Microsoft-Windows-Sysmon/Operational","Task":"7","RuleName":"-","FileVersion":"10.0.18362.1 (WinBuild.160101.0800)","Message":"Image loaded:\r\nRuleName: -\r\nUtcTime: 2020-10-18 06:17:03.914\r\nProcessGuid: {39e4a257-dddf-5f8b-4e1b-000000000400}\r\nProcessId: 1064\r\nImage: C:\\Windows\\System32\\wbem\\WMIC.exe\r\nImageLoaded: C:\\Windows\\System32\\ncryptsslp.dll\r\nFileVersion: 10.0.18362.1 (WinBuild.160101.0800)\r\nDescription: Microsoft SChannel Provider\r\nProduct: Microsoft Windows Operating System\r\nCompany: Microsoft Corporation\r\nOriginalFileName: ncryptsslp.dll\r\nHashes: SHA1=85016C22B692FD4F3CA20732240C16EE31450B57,MD5=6206506DDECBF5E5DD220507D4AB5504,SHA256=D0CEE8D015B4D4329FEF39AF9079155517360BD170E266E75C79AF81720E2488,IMPHASH=AFA0DB2E14A797EA10D25C2C2EDC4AB9\r\nSigned: true\r\nSignature: Microsoft Windows\r\nSignatureStatus: Valid","Hostname":"WORKSTATION5","ProcessId":"1064","Description":"Microsoft SChannel Provider","Company":"Microsoft Corporation","Signed":"true","OriginalFileName":"ncryptsslp.dll"}
