{"TimeCreated":"2020-10-18 02:17:06.393","SignatureStatus":"Valid","Signature":"Microsoft Windows","Product":"Microsoft Windows Operating System","Hashes":"SHA1=70E8DE6959778BA8568A6D2A91C3FEB8C7014A44,MD5=98A7DF1245A46A5816CDC58EE7AD15DF,SHA256=121E4D96C27D2F79B897BA0F4307527696F7D289A46371820CF593FDBBA952AA,IMPHASH=554A9752315AC45D1DA4038F3CB03786","UtcTime":"2020-10-18 06:17:06.382","ProcessGuid":"{39e4a257-dde2-5f8b-531b-000000000400}","Image":"C:\\Windows\\System32\\RuntimeBroker.exe","ImageLoaded":"C:\\Windows\\System32\\WinTypes.dll","EventID":7,"Channel":"Microsoft-Windows-Sysmon/Operational","Task":"7","RuleName":"-","FileVersion":"10.0.18362.1139 (WinBuild.160101.0800)","Message":"Image loaded:\r\nRuleName: -\r\nUtcTime: 2020-10-18 06:17:06.382\r\nProcessGuid: {39e4a257-dde2-5f8b-531b-000000000400}\r\nProcessId: 2760\r\nImage: C:\\Windows\\System32\\RuntimeBroker.exe\r\nImageLoaded: C:\\Windows\\System32\\WinTypes.dll\r\nFileVersion: 10.0.18362.1139 (WinBuild.160101.0800)\r\nDescription: Windows Base Types DLL\r\nProduct: Microsoft Windows Operating System\r\nCompany: Microsoft Corporation\r\nOriginalFileName: WinTypes.dll\r\nHashes: SHA1=70E8DE6959778BA8568A6D2A91C3FEB8C7014A44,MD5=98A7DF1245A46A5816CDC58EE7AD15DF,SHA256=121E4D96C27D2F79B897BA0F4307527696F7D289A46371820CF593FDBBA952AA,IMPHASH=554A9752315AC45D1DA4038F3CB03786\r\nSigned: true\r\nSignature: Microsoft Windows\r\nSignatureStatus: Valid","Hostname":"WORKSTATION5","ProcessId":"2760","Description":"Windows Base Types DLL","Company":"Microsoft Corporation","Signed":"true","OriginalFileName":"WinTypes.dll"}
{"TimeCreated":"2020-10-18 02:17:06.393","SignatureStatus":"Valid","Signature":"Microsoft Windows","Product":"Microsoft Windows Operating System","Hashes":"SHA1=90F229FB5DB52DF3604195B10C48E946684929ED,MD5=ACE18C6797090A1AA259BB8713917F98,SHA256=F5E118F67745792909973717FAE1F9FE68B2619332A4451AD04E0C9072B8D605,IMPHASH=A9B9D04D0B53DC48ABB37BE77AD01B55","UtcTime":"2020-10-18 06:17:06.382","ProcessGuid":"{39e4a257-dde2-5f8b-531b-000000000400}","Image":"C:\\Windows\\System32\\RuntimeBroker.exe","ImageLoaded":"C:\\Windows\\System32\\cryptsp.dll","EventID":7,"Channel":"Microsoft-Windows-Sysmon/Operational","Task":"7","RuleName":"-","FileVersion":"10.0.18362.1 (WinBuild.160101.0800)","Message":"Image loaded:\r\nRuleName: -\r\nUtcTime: 2020-10-18 06:17:06.382\r\nProcessGuid: {39e4a257-dde2-5f8b-531b-000000000400}\r\nProcessId: 2760\r\nImage: C:\\Windows\\System32\\RuntimeBroker.exe\r\nImageLoaded: C:\\Windows\\System32\\cryptsp.dll\r\nFileVersion: 10.0.18362.1 (WinBuild.160101.0800)\r\nDescription: Cryptographic Service Provider API\r\nProduct: Microsoft Windows Operating System\r\nCompany: Microsoft Corporation\r\nOriginalFileName: cryptsp.dll\r\nHashes: SHA1=90F229FB5DB52DF3604195B10C48E946684929ED,MD5=ACE18C6797090A1AA259BB8713917F98,SHA256=F5E118F67745792909973717FAE1F9FE68B2619332A4451AD04E0C9072B8D605,IMPHASH=A9B9D04D0B53DC48ABB37BE77AD01B55\r\nSigned: true\r\nSignature: Microsoft Windows\r\nSignatureStatus: Valid","Hostname":"WORKSTATION5","ProcessId":"2760","Description":"Cryptographic Service Provider API","Company":"Microsoft Corporation","Signed":"true","OriginalFileName":"cryptsp.dll"}
{"TimeCreated":"2020-10-18 02:17:06.390","SignatureStatus":"Valid","Signature":"Microsoft Windows","Product":"Microsoft Windows Operating System","Hashes":"SHA1=9074DF3335B785BB00B43AE76ACC66B799118FAE,MD5=BFB85A9022324E41FCEC5011BCB5FD23,SHA256=3CDA144CFB6278DA47267FE1E1FE258716A074C3D3DD8413B259DA7DA1039871,IMPHASH=6659A49ABF33952444C5A7FA22FD9032","UtcTime":"2020-10-18 06:17:06.382","ProcessGuid":"{39e4a257-dde2-5f8b-531b-000000000400}","Image":"C:\\Windows\\System32\\RuntimeBroker.exe","ImageLoaded":"C:\\Windows\\System32\\shlwapi.dll","EventID":7,"Channel":"Microsoft-Windows-Sysmon/Operational","Task":"7","RuleName":"-","FileVersion":"10.0.18362.1 (WinBuild.160101.0800)","Message":"Image loaded:\r\nRuleName: -\r\nUtcTime: 2020-10-18 06:17:06.382\r\nProcessGuid: {39e4a257-dde2-5f8b-531b-000000000400}\r\nProcessId: 2760\r\nImage: C:\\Windows\\System32\\RuntimeBroker.exe\r\nImageLoaded: C:\\Windows\\System32\\shlwapi.dll\r\nFileVersion: 10.0.18362.1 (WinBuild.160101.0800)\r\nDescription: Shell Light-weight Utility Library\r\nProduct: Microsoft Windows Operating System\r\nCompany: Microsoft Corporation\r\nOriginalFileName: SHLWAPI.DLL\r\nHashes: SHA1=9074DF3335B785BB00B43AE76ACC66B799118FAE,MD5=BFB85A9022324E41FCEC5011BCB5FD23,SHA256=3CDA144CFB6278DA47267FE1E1FE258716A074C3D3DD8413B259DA7DA1039871,IMPHASH=6659A49ABF33952444C5A7FA22FD9032\r\nSigned: true\r\nSignature: Microsoft Windows\r\nSignatureStatus: Valid","Hostname":"WORKSTATION5","ProcessId":"2760","Description":"Shell Light-weight Utility Library","Company":"Microsoft Corporation","Signed":"true","OriginalFileName":"SHLWAPI.DLL"}
{"TimeCreated":"2020-10-18 02:17:06.390","SignatureStatus":"Valid","Signature":"Microsoft Windows","Product":"Microsoft Windows Operating System","Hashes":"SHA1=387FC7660AFDEC45CFFB84980EB77D0E787ED31B,MD5=F4862E1CC68687B9D4B245512BDF8383,SHA256=A2DF0AC95B9AA338EB6062BA5739F65BFBA86658546F4C5CAC6045C363F55E24,IMPHASH=192CF98320740B7D296297054A9C3EEA","UtcTime":"2020-10-18 06:17:06.382","ProcessGuid":"{39e4a257-dde2-5f8b-531b-000000000400}","Image":"C:\\Windows\\System32\\RuntimeBroker.exe","ImageLoaded":"C:\\Windows\\System32\\profapi.dll","EventID":7,"Channel":"Microsoft-Windows-Sysmon/Operational","Task":"7","RuleName":"-","FileVersion":"10.0.18362.693 (WinBuild.160101.0800)","Message":"Image loaded:\r\nRuleName: -\r\nUtcTime: 2020-10-18 06:17:06.382\r\nProcessGuid: {39e4a257-dde2-5f8b-531b-000000000400}\r\nProcessId: 2760\r\nImage: C:\\Windows\\System32\\RuntimeBroker.exe\r\nImageLoaded: C:\\Windows\\System32\\profapi.dll\r\nFileVersion: 10.0.18362.693 (WinBuild.160101.0800)\r\nDescription: User Profile Basic API\r\nProduct: Microsoft Windows Operating System\r\nCompany: Microsoft Corporation\r\nOriginalFileName: PROFAPI.DLL\r\nHashes: SHA1=387FC7660AFDEC45CFFB84980EB77D0E787ED31B,MD5=F4862E1CC68687B9D4B245512BDF8383,SHA256=A2DF0AC95B9AA338EB6062BA5739F65BFBA86658546F4C5CAC6045C363F55E24,IMPHASH=192CF98320740B7D296297054A9C3EEA\r\nSigned: true\r\nSignature: Microsoft Windows\r\nSignatureStatus: Valid","Hostname":"WORKSTATION5","ProcessId":"2760","Description":"User Profile Basic API","Company":"Microsoft Corporation","Signed":"true","OriginalFileName":"PROFAPI.DLL"}
{"TimeCreated":"2020-10-18 02:17:06.390","SignatureStatus":"Valid","Signature":"Microsoft Windows","Product":"Microsoft Windows Operating System","Hashes":"SHA1=35C61DDE6F8F4ED05F9C4837E2B91C886CA79F82,MD5=EA4F6E7961B4A402F6F5EC33C655260A,SHA256=5E2D103E7E1FD7CA0492E541F082D274EF6259AF2158A3562986C796C5C869DD,IMPHASH=8EEA175C33205685FB8A14876D7564DB","UtcTime":"2020-10-18 06:17:06.382","ProcessGuid":"{39e4a257-dde2-5f8b-531b-000000000400}","Image":"C:\\Windows\\System32\\RuntimeBroker.exe","ImageLoaded":"C:\\Windows\\System32\\advapi32.dll","EventID":7,"Channel":"Microsoft-Windows-Sysmon/Operational","Task":"7","RuleName":"-","FileVersion":"10.0.18362.752 (WinBuild.160101.0800)","Message":"Image loaded:\r\nRuleName: -\r\nUtcTime: 2020-10-18 06:17:06.382\r\nProcessGuid: {39e4a257-dde2-5f8b-531b-000000000400}\r\nProcessId: 2760\r\nImage: C:\\Windows\\System32\\RuntimeBroker.exe\r\nImageLoaded: C:\\Windows\\System32\\advapi32.dll\r\nFileVersion: 10.0.18362.752 (WinBuild.160101.0800)\r\nDescription: Advanced Windows 32 Base API\r\nProduct: Microsoft Windows Operating System\r\nCompany: Microsoft Corporation\r\nOriginalFileName: advapi32.dll\r\nHashes: SHA1=35C61DDE6F8F4ED05F9C4837E2B91C886CA79F82,MD5=EA4F6E7961B4A402F6F5EC33C655260A,SHA256=5E2D103E7E1FD7CA0492E541F082D274EF6259AF2158A3562986C796C5C869DD,IMPHASH=8EEA175C33205685FB8A14876D7564DB\r\nSigned: true\r\nSignature: Microsoft Windows\r\nSignatureStatus: Valid","Hostname":"WORKSTATION5","ProcessId":"2760","Description":"Advanced Windows 32 Base API","Company":"Microsoft Corporation","Signed":"true","OriginalFileName":"advapi32.dll"}
{"TimeCreated":"2020-10-18 02:17:06.387","SignatureStatus":"Valid","Signature":"Microsoft Windows","Product":"Microsoft Windows Operating System","Hashes":"SHA1=DF7D0248848C0247FD5F65ABD9799FDA0380C77D,MD5=DDD102204FDCD3FC8DD0AA89CF6609A3,SHA256=49F37639155096444C1B780071B8D63320FD8F8DC1D7CEF7A9031830C4F90968,IMPHASH=BDB3E400A78EE2D42C647E85CD2D827B","UtcTime":"2020-10-18 06:17:06.382","ProcessGuid":"{39e4a257-dde2-5f8b-531b-000000000400}","Image":"C:\\Windows\\System32\\RuntimeBroker.exe","ImageLoaded":"C:\\Windows\\System32\\windows.storage.dll","EventID":7,"Channel":"Microsoft-Windows-Sysmon/Operational","Task":"7","RuleName":"-","FileVersion":"10.0.18362.1082 (WinBuild.160101.0800)","Message":"Image loaded:\r\nRuleName: -\r\nUtcTime: 2020-10-18 06:17:06.382\r\nProcessGuid: {39e4a257-dde2-5f8b-531b-000000000400}\r\nProcessId: 2760\r\nImage: C:\\Windows\\System32\\RuntimeBroker.exe\r\nImageLoaded: C:\\Windows\\System32\\windows.storage.dll\r\nFileVersion: 10.0.18362.1082 (WinBuild.160101.0800)\r\nDescription: Microsoft WinRT Storage API\r\nProduct: Microsoft Windows Operating System\r\nCompany: Microsoft Corporation\r\nOriginalFileName: Windows.Storage.dll\r\nHashes: SHA1=DF7D0248848C0247FD5F65ABD9799FDA0380C77D,MD5=DDD102204FDCD3FC8DD0AA89CF6609A3,SHA256=49F37639155096444C1B780071B8D63320FD8F8DC1D7CEF7A9031830C4F90968,IMPHASH=BDB3E400A78EE2D42C647E85CD2D827B\r\nSigned: true\r\nSignature: Microsoft Windows\r\nSignatureStatus: Valid","Hostname":"WORKSTATION5","ProcessId":"2760","Description":"Microsoft WinRT Storage API","Company":"Microsoft Corporation","Signed":"true","OriginalFileName":"Windows.Storage.dll"}
{"TimeCreated":"2020-10-18 02:17:06.387","SignatureStatus":"Valid","Signature":"Microsoft Windows","Product":"Microsoft Windows Operating System","Hashes":"SHA1=75C9F506592699E30D8ECA63F88C79E956324111,MD5=6ACBCCE095FDB475FC2B3D178E5D9208,SHA256=3F49AB1B04EE3D843E961A1B62CB695EE3FE940EE287819BBBABCC1C3A38F507,IMPHASH=0E48D88DA5B1AEFE29036ECDE5B34E8D","UtcTime":"2020-10-18 06:17:06.382","ProcessGuid":"{39e4a257-dde2-5f8b-531b-000000000400}","Image":"C:\\Windows\\System32\\RuntimeBroker.exe","ImageLoaded":"C:\\Windows\\System32\\SHCore.dll","EventID":7,"Channel":"Microsoft-Windows-Sysmon/Operational","Task":"7","RuleName":"-","FileVersion":"10.0.18362.959 (WinBuild.160101.0800)","Message":"Image loaded:\r\nRuleName: -\r\nUtcTime: 2020-10-18 06:17:06.382\r\nProcessGuid: {39e4a257-dde2-5f8b-531b-000000000400}\r\nProcessId: 2760\r\nImage: C:\\Windows\\System32\\RuntimeBroker.exe\r\nImageLoaded: C:\\Windows\\System32\\SHCore.dll\r\nFileVersion: 10.0.18362.959 (WinBuild.160101.0800)\r\nDescription: SHCORE\r\nProduct: Microsoft Windows Operating System\r\nCompany: Microsoft Corporation\r\nOriginalFileName: SHCORE.dll\r\nHashes: SHA1=75C9F506592699E30D8ECA63F88C79E956324111,MD5=6ACBCCE095FDB475FC2B3D178E5D9208,SHA256=3F49AB1B04EE3D843E961A1B62CB695EE3FE940EE287819BBBABCC1C3A38F507,IMPHASH=0E48D88DA5B1AEFE29036ECDE5B34E8D\r\nSigned: true\r\nSignature: Microsoft Windows\r\nSignatureStatus: Valid","Hostname":"WORKSTATION5","ProcessId":"2760","Description":"SHCORE","Company":"Microsoft Corporation","Signed":"true","OriginalFileName":"SHCORE.dll"}
{"TimeCreated":"2020-10-18 02:17:06.386","SignatureStatus":"Valid","Signature":"Microsoft Windows","Product":"Microsoft Windows Operating System","Hashes":"SHA1=A67E06F48551511CC7DBA5CC25DCBC7545055F7D,MD5=6771565B0987212CA96F2D255E6FDDF3,SHA256=9B4F09D39506FF2DB190CE87BD7329A3985795A3BB884FF5E45AB854A325B2CB,IMPHASH=2478818DF8CBFB1E230B6EF1F3B3BA22","UtcTime":"2020-10-18 06:17:06.382","ProcessGuid":"{39e4a257-dde2-5f8b-531b-000000000400}","Image":"C:\\Windows\\System32\\RuntimeBroker.exe","ImageLoaded":"C:\\Windows\\System32\\twinui.dll","EventID":7,"Channel":"Microsoft-Windows-Sysmon/Operational","Task":"7","RuleName":"-","FileVersion":"10.0.18362.1110 (WinBuild.160101.0800)","Message":"Image loaded:\r\nRuleName: -\r\nUtcTime: 2020-10-18 06:17:06.382\r\nProcessGuid: {39e4a257-dde2-5f8b-531b-000000000400}\r\nProcessId: 2760\r\nImage: C:\\Windows\\System32\\RuntimeBroker.exe\r\nImageLoaded: C:\\Windows\\System32\\twinui.dll\r\nFileVersion: 10.0.18362.1110 (WinBuild.160101.0800)\r\nDescription: TWINUI\r\nProduct: Microsoft Windows Operating System\r\nCompany: Microsoft Corporation\r\nOriginalFileName: TWINUI.dll\r\nHashes: SHA1=A67E06F48551511CC7DBA5CC25DCBC7545055F7D,MD5=6771565B0987212CA96F2D255E6FDDF3,SHA256=9B4F09D39506FF2DB190CE87BD7329A3985795A3BB884FF5E45AB854A325B2CB,IMPHASH=2478818DF8CBFB1E230B6EF1F3B3BA22\r\nSigned: true\r\nSignature: Microsoft Windows\r\nSignatureStatus: Valid","Hostname":"WORKSTATION5","ProcessId":"2760","Description":"TWINUI","Company":"Microsoft Corporation","Signed":"true","OriginalFileName":"TWINUI.dll"}
{"TimeCreated":"2020-10-18 02:17:06.385","UtcTime":"2020-10-18 06:17:06.382","ProcessGuid":"{39e4a257-31aa-5f89-840f-000000000400}","Image":"C:\\windows\\system32\\ApplicationFrameHost.exe","EventID":13,"Channel":"Microsoft-Windows-Sysmon/Operational","Task":"13","RuleName":"-","Message":"Registry value set:\r\nRuleName: -\r\nEventType: SetValue\r\nUtcTime: 2020-10-18 06:17:06.382\r\nProcessGuid: {39e4a257-31aa-5f89-840f-000000000400}\r\nProcessId: 5056\r\nImage: C:\\windows\\system32\\ApplicationFrameHost.exe\r\nTargetObject: HKU\\S-1-5-21-3940915590-64593676-1414006259-500_Classes\\Local Settings\\Software\\Microsoft\\Windows\\CurrentVersion\\AppModel\\SystemAppData\\Microsoft.WindowsCalculator_8wekyb3d8bbwe\\PersistedTitleBarData\\Microsoft.WindowsCalculator_8wekyb3d8bbwe!App\\ButtonForegroundColorInactive\r\nDetails: DWORD (0xff999999)","Hostname":"WORKSTATION5","Details":"DWORD (0xff999999)","ProcessId":"5056","EventType":"SetValue","TargetObject":"HKU\\S-1-5-21-3940915590-64593676-1414006259-500_Classes\\Local Settings\\Software\\Microsoft\\Windows\\CurrentVersion\\AppModel\\SystemAppData\\Microsoft.WindowsCalculator_8wekyb3d8bbwe\\PersistedTitleBarData\\Microsoft.WindowsCalculator_8wekyb3d8bbwe!App\\ButtonForegroundColorInactive"}
{"TimeCreated":"2020-10-18 02:17:06.385","UtcTime":"2020-10-18 06:17:06.382","ProcessGuid":"{39e4a257-31aa-5f89-840f-000000000400}","Image":"C:\\windows\\system32\\ApplicationFrameHost.exe","EventID":12,"Channel":"Microsoft-Windows-Sysmon/Operational","Task":"12","RuleName":"-","Message":"Registry object added or deleted:\r\nRuleName: -\r\nEventType: CreateKey\r\nUtcTime: 2020-10-18 06:17:06.382\r\nProcessGuid: {39e4a257-31aa-5f89-840f-000000000400}\r\nProcessId: 5056\r\nImage: C:\\windows\\system32\\ApplicationFrameHost.exe\r\nTargetObject: HKU\\S-1-5-21-3940915590-64593676-1414006259-500_Classes\\Local Settings\\Software\\Microsoft\\Windows\\CurrentVersion\\AppModel\\SystemAppData\\Microsoft.WindowsCalculator_8wekyb3d8bbwe\\PersistedTitleBarData\\Microsoft.WindowsCalculator_8wekyb3d8bbwe!App","Hostname":"WORKSTATION5","ProcessId":"5056","EventType":"CreateKey","TargetObject":"HKU\\S-1-5-21-3940915590-64593676-1414006259-500_Classes\\Local Settings\\Software\\Microsoft\\Windows\\CurrentVersion\\AppModel\\SystemAppData\\Microsoft.WindowsCalculator_8wekyb3d8bbwe\\PersistedTitleBarData\\Microsoft.WindowsCalculator_8wekyb3d8bbwe!App"}
{"TimeCreated":"2020-10-18 02:17:06.382","UtcTime":"2020-10-18 06:17:06.367","ProcessGuid":"{39e4a257-31aa-5f89-840f-000000000400}","Image":"C:\\windows\\system32\\ApplicationFrameHost.exe","EventID":13,"Channel":"Microsoft-Windows-Sysmon/Operational","Task":"13","RuleName":"-","Message":"Registry value set:\r\nRuleName: -\r\nEventType: SetValue\r\nUtcTime: 2020-10-18 06:17:06.367\r\nProcessGuid: {39e4a257-31aa-5f89-840f-000000000400}\r\nProcessId: 5056\r\nImage: C:\\windows\\system32\\ApplicationFrameHost.exe\r\nTargetObject: HKU\\S-1-5-21-3940915590-64593676-1414006259-500_Classes\\Local Settings\\Software\\Microsoft\\Windows\\CurrentVersion\\AppModel\\SystemAppData\\Microsoft.WindowsCalculator_8wekyb3d8bbwe\\PersistedTitleBarData\\Microsoft.WindowsCalculator_8wekyb3d8bbwe!App\\ButtonBackgroundColorInactive\r\nDetails: DWORD (0xffffffff)","Hostname":"WORKSTATION5","Details":"DWORD (0xffffffff)","ProcessId":"5056","EventType":"SetValue","TargetObject":"HKU\\S-1-5-21-3940915590-64593676-1414006259-500_Classes\\Local Settings\\Software\\Microsoft\\Windows\\CurrentVersion\\AppModel\\SystemAppData\\Microsoft.WindowsCalculator_8wekyb3d8bbwe\\PersistedTitleBarData\\Microsoft.WindowsCalculator_8wekyb3d8bbwe!App\\ButtonBackgroundColorInactive"}
{"TimeCreated":"2020-10-18 02:17:06.382","UtcTime":"2020-10-18 06:17:06.367","ProcessGuid":"{39e4a257-31aa-5f89-840f-000000000400}","Image":"C:\\windows\\system32\\ApplicationFrameHost.exe","EventID":12,"Channel":"Microsoft-Windows-Sysmon/Operational","Task":"12","RuleName":"-","Message":"Registry object added or deleted:\r\nRuleName: -\r\nEventType: CreateKey\r\nUtcTime: 2020-10-18 06:17:06.367\r\nProcessGuid: {39e4a257-31aa-5f89-840f-000000000400}\r\nProcessId: 5056\r\nImage: C:\\windows\\system32\\ApplicationFrameHost.exe\r\nTargetObject: HKU\\S-1-5-21-3940915590-64593676-1414006259-500_Classes\\Local Settings\\Software\\Microsoft\\Windows\\CurrentVersion\\AppModel\\SystemAppData\\Microsoft.WindowsCalculator_8wekyb3d8bbwe\\PersistedTitleBarData\\Microsoft.WindowsCalculator_8wekyb3d8bbwe!App","Hostname":"WORKSTATION5","ProcessId":"5056","EventType":"CreateKey","TargetObject":"HKU\\S-1-5-21-3940915590-64593676-1414006259-500_Classes\\Local Settings\\Software\\Microsoft\\Windows\\CurrentVersion\\AppModel\\SystemAppData\\Microsoft.WindowsCalculator_8wekyb3d8bbwe\\PersistedTitleBarData\\Microsoft.WindowsCalculator_8wekyb3d8bbwe!App"}
{"TimeCreated":"2020-10-18 02:17:06.380","UtcTime":"2020-10-18 06:17:06.367","ProcessGuid":"{39e4a257-31aa-5f89-840f-000000000400}","Image":"C:\\windows\\system32\\ApplicationFrameHost.exe","EventID":13,"Channel":"Microsoft-Windows-Sysmon/Operational","Task":"13","RuleName":"-","Message":"Registry value set:\r\nRuleName: -\r\nEventType: SetValue\r\nUtcTime: 2020-10-18 06:17:06.367\r\nProcessGuid: {39e4a257-31aa-5f89-840f-000000000400}\r\nProcessId: 5056\r\nImage: C:\\windows\\system32\\ApplicationFrameHost.exe\r\nTargetObject: HKU\\S-1-5-21-3940915590-64593676-1414006259-500_Classes\\Local Settings\\Software\\Microsoft\\Windows\\CurrentVersion\\AppModel\\SystemAppData\\Microsoft.WindowsCalculator_8wekyb3d8bbwe\\PersistedTitleBarData\\Microsoft.WindowsCalculator_8wekyb3d8bbwe!App\\ButtonPressedForegroundColor\r\nDetails: DWORD (0xffffffff)","Hostname":"WORKSTATION5","Details":"DWORD (0xffffffff)","ProcessId":"5056","EventType":"SetValue","TargetObject":"HKU\\S-1-5-21-3940915590-64593676-1414006259-500_Classes\\Local Settings\\Software\\Microsoft\\Windows\\CurrentVersion\\AppModel\\SystemAppData\\Microsoft.WindowsCalculator_8wekyb3d8bbwe\\PersistedTitleBarData\\Microsoft.WindowsCalculator_8wekyb3d8bbwe!App\\ButtonPressedForegroundColor"}
{"TimeCreated":"2020-10-18 02:17:06.380","UtcTime":"2020-10-18 06:17:06.367","ProcessGuid":"{39e4a257-31aa-5f89-840f-000000000400}","Image":"C:\\windows\\system32\\ApplicationFrameHost.exe","EventID":12,"Channel":"Microsoft-Windows-Sysmon/Operational","Task":"12","RuleName":"-","Message":"Registry object added or deleted:\r\nRuleName: -\r\nEventType: CreateKey\r\nUtcTime: 2020-10-18 06:17:06.367\r\nProcessGuid: {39e4a257-31aa-5f89-840f-000000000400}\r\nProcessId: 5056\r\nImage: C:\\windows\\system32\\ApplicationFrameHost.exe\r\nTargetObject: HKU\\S-1-5-21-3940915590-64593676-1414006259-500_Classes\\Local Settings\\Software\\Microsoft\\Windows\\CurrentVersion\\AppModel\\SystemAppData\\Microsoft.WindowsCalculator_8wekyb3d8bbwe\\PersistedTitleBarData\\Microsoft.WindowsCalculator_8wekyb3d8bbwe!App","Hostname":"WORKSTATION5","ProcessId":"5056","EventType":"CreateKey","TargetObject":"HKU\\S-1-5-21-3940915590-64593676-1414006259-500_Classes\\Local Settings\\Software\\Microsoft\\Windows\\CurrentVersion\\AppModel\\SystemAppData\\Microsoft.WindowsCalculator_8wekyb3d8bbwe\\PersistedTitleBarData\\Microsoft.WindowsCalculator_8wekyb3d8bbwe!App"}
{"TimeCreated":"2020-10-18 02:17:06.380","SignatureStatus":"Valid","Signature":"Microsoft Windows","Product":"Microsoft Windows Operating System","Hashes":"SHA1=7DE7C7E87CFA639E8C4DF269E38FB69A391D6790,MD5=4B179D7C6AA9424831847BA6BACDB260,SHA256=F0541B07D7B00C8D09BC72DF7E2D974F83482E42CD88B4E8260B832B7A71682E,IMPHASH=70F94828FF194145825265FE7BA88C95","UtcTime":"2020-10-18 06:17:06.367","ProcessGuid":"{39e4a257-dde2-5f8b-531b-000000000400}","Image":"C:\\Windows\\System32\\RuntimeBroker.exe","ImageLoaded":"C:\\Windows\\System32\\clbcatq.dll","EventID":7,"Channel":"Microsoft-Windows-Sysmon/Operational","Task":"7","RuleName":"-","FileVersion":"2001.12.10941.16384 (WinBuild.160101.0800)","Message":"Image loaded:\r\nRuleName: -\r\nUtcTime: 2020-10-18 06:17:06.367\r\nProcessGuid: {39e4a257-dde2-5f8b-531b-000000000400}\r\nProcessId: 2760\r\nImage: C:\\Windows\\System32\\RuntimeBroker.exe\r\nImageLoaded: C:\\Windows\\System32\\clbcatq.dll\r\nFileVersion: 2001.12.10941.16384 (WinBuild.160101.0800)\r\nDescription: COM+ Configuration Catalog\r\nProduct: Microsoft Windows Operating System\r\nCompany: Microsoft Corporation\r\nOriginalFileName: CLBCATQ.DLL\r\nHashes: SHA1=7DE7C7E87CFA639E8C4DF269E38FB69A391D6790,MD5=4B179D7C6AA9424831847BA6BACDB260,SHA256=F0541B07D7B00C8D09BC72DF7E2D974F83482E42CD88B4E8260B832B7A71682E,IMPHASH=70F94828FF194145825265FE7BA88C95\r\nSigned: true\r\nSignature: Microsoft Windows\r\nSignatureStatus: Valid","Hostname":"WORKSTATION5","ProcessId":"2760","Description":"COM+ Configuration Catalog","Company":"Microsoft Corporation","Signed":"true","OriginalFileName":"CLBCATQ.DLL"}
{"SourceImage":"C:\\windows\\system32\\svchost.exe","TimeCreated":"2020-10-18 02:17:06.380","GrantedAccess":"0x100000","SourceThreadId":"1872","CallTrace":"C:\\windows\\SYSTEM32\\ntdll.dll+9d154|C:\\windows\\System32\\RPCRT4.dll+2d354|c:\\windows\\system32\\rpcss.dll+314c9|c:\\windows\\system32\\rpcss.dll+30b5b|C:\\windows\\System32\\RPCRT4.dll+76a63|C:\\windows\\System32\\RPCRT4.dll+13653|C:\\windows\\System32\\RPCRT4.dll+1457a|C:\\windows\\System32\\RPCRT4.dll+549f8|C:\\windows\\System32\\RPCRT4.dll+2c9b1|C:\\windows\\System32\\RPCRT4.dll+2c26b|C:\\windows\\System32\\RPCRT4.dll+1a8cf|C:\\windows\\System32\\RPCRT4.dll+19d7a|C:\\windows\\System32\\RPCRT4.dll+19361|C:\\windows\\System32\\RPCRT4.dll+18dce|C:\\windows\\System32\\RPCRT4.dll+16a05|C:\\windows\\SYSTEM32\\ntdll.dll+333ed|C:\\windows\\SYSTEM32\\ntdll.dll+799e2|C:\\windows\\SYSTEM32\\ntdll.dll+345b4|C:\\windows\\System32\\KERNEL32.DLL+17c24|C:\\windows\\SYSTEM32\\ntdll.dll+6cea1","UtcTime":"2020-10-18 06:17:06.367","TargetProcessGUID":"{39e4a257-dde2-5f8b-531b-000000000400}","SourceProcessId":"996","EventID":10,"Channel":"Microsoft-Windows-Sysmon/Operational","Task":"10","RuleName":"-","Message":"Process accessed:\r\nRuleName: -\r\nUtcTime: 2020-10-18 06:17:06.367\r\nSourceProcessGUID: {39e4a257-f71c-5f87-1100-000000000400}\r\nSourceProcessId: 996\r\nSourceThreadId: 1872\r\nSourceImage: C:\\windows\\system32\\svchost.exe\r\nTargetProcessGUID: {39e4a257-dde2-5f8b-531b-000000000400}\r\nTargetProcessId: 2760\r\nTargetImage: C:\\Windows\\System32\\RuntimeBroker.exe\r\nGrantedAccess: 0x100000\r\nCallTrace: C:\\windows\\SYSTEM32\\ntdll.dll+9d154|C:\\windows\\System32\\RPCRT4.dll+2d354|c:\\windows\\system32\\rpcss.dll+314c9|c:\\windows\\system32\\rpcss.dll+30b5b|C:\\windows\\System32\\RPCRT4.dll+76a63|C:\\windows\\System32\\RPCRT4.dll+13653|C:\\windows\\System32\\RPCRT4.dll+1457a|C:\\windows\\System32\\RPCRT4.dll+549f8|C:\\windows\\System32\\RPCRT4.dll+2c9b1|C:\\windows\\System32\\RPCRT4.dll+2c26b|C:\\windows\\System32\\RPCRT4.dll+1a8cf|C:\\windows\\System32\\RPCRT4.dll+19d7a|C:\\windows\\System32\\RPCRT4.dll+19361|C:\\windows\\System32\\RPCRT4.dll+18dce|C:\\windows\\System32\\RPCRT4.dll+16a05|C:\\windows\\SYSTEM32\\ntdll.dll+333ed|C:\\windows\\SYSTEM32\\ntdll.dll+799e2|C:\\windows\\SYSTEM32\\ntdll.dll+345b4|C:\\windows\\System32\\KERNEL32.DLL+17c24|C:\\windows\\SYSTEM32\\ntdll.dll+6cea1","Hostname":"WORKSTATION5","TargetProcessId":"2760","TargetImage":"C:\\Windows\\System32\\RuntimeBroker.exe","SourceProcessGUID":"{39e4a257-f71c-5f87-1100-000000000400}"}
{"SourceImage":"C:\\windows\\system32\\svchost.exe","TimeCreated":"2020-10-18 02:17:06.380","GrantedAccess":"0x1000","SourceThreadId":"2896","CallTrace":"C:\\windows\\SYSTEM32\\ntdll.dll+9c584|C:\\windows\\System32\\KERNELBASE.dll+305fe|c:\\windows\\system32\\rpcss.dll+47d62|c:\\windows\\system32\\rpcss.dll+47d23|C:\\windows\\System32\\RPCRT4.dll+76a63|C:\\windows\\System32\\RPCRT4.dll+13653|C:\\windows\\System32\\RPCRT4.dll+1457a|C:\\windows\\System32\\RPCRT4.dll+549f8|C:\\windows\\System32\\RPCRT4.dll+2c9b1|C:\\windows\\System32\\RPCRT4.dll+2c26b|C:\\windows\\System32\\RPCRT4.dll+1a8cf|C:\\windows\\System32\\RPCRT4.dll+19d7a|C:\\windows\\System32\\RPCRT4.dll+19361|C:\\windows\\System32\\RPCRT4.dll+18dce|C:\\windows\\System32\\RPCRT4.dll+16a05|C:\\windows\\SYSTEM32\\ntdll.dll+333ed|C:\\windows\\SYSTEM32\\ntdll.dll+34142|C:\\windows\\System32\\KERNEL32.DLL+17c24|C:\\windows\\SYSTEM32\\ntdll.dll+6cea1","UtcTime":"2020-10-18 06:17:06.367","TargetProcessGUID":"{39e4a257-dde2-5f8b-531b-000000000400}","SourceProcessId":"896","EventID":10,"Channel":"Microsoft-Windows-Sysmon/Operational","Task":"10","RuleName":"-","Message":"Process accessed:\r\nRuleName: -\r\nUtcTime: 2020-10-18 06:17:06.367\r\nSourceProcessGUID: {39e4a257-f71a-5f87-1000-000000000400}\r\nSourceProcessId: 896\r\nSourceThreadId: 2896\r\nSourceImage: C:\\windows\\system32\\svchost.exe\r\nTargetProcessGUID: {39e4a257-dde2-5f8b-531b-000000000400}\r\nTargetProcessId: 2760\r\nTargetImage: C:\\Windows\\System32\\RuntimeBroker.exe\r\nGrantedAccess: 0x1000\r\nCallTrace: C:\\windows\\SYSTEM32\\ntdll.dll+9c584|C:\\windows\\System32\\KERNELBASE.dll+305fe|c:\\windows\\system32\\rpcss.dll+47d62|c:\\windows\\system32\\rpcss.dll+47d23|C:\\windows\\System32\\RPCRT4.dll+76a63|C:\\windows\\System32\\RPCRT4.dll+13653|C:\\windows\\System32\\RPCRT4.dll+1457a|C:\\windows\\System32\\RPCRT4.dll+549f8|C:\\windows\\System32\\RPCRT4.dll+2c9b1|C:\\windows\\System32\\RPCRT4.dll+2c26b|C:\\windows\\System32\\RPCRT4.dll+1a8cf|C:\\windows\\System32\\RPCRT4.dll+19d7a|C:\\windows\\System32\\RPCRT4.dll+19361|C:\\windows\\System32\\RPCRT4.dll+18dce|C:\\windows\\System32\\RPCRT4.dll+16a05|C:\\windows\\SYSTEM32\\ntdll.dll+333ed|C:\\windows\\SYSTEM32\\ntdll.dll+34142|C:\\windows\\System32\\KERNEL32.DLL+17c24|C:\\windows\\SYSTEM32\\ntdll.dll+6cea1","Hostname":"WORKSTATION5","TargetProcessId":"2760","TargetImage":"C:\\Windows\\System32\\RuntimeBroker.exe","SourceProcessGUID":"{39e4a257-f71a-5f87-1000-000000000400}"}
{"TimeCreated":"2020-10-18 02:17:06.379","UtcTime":"2020-10-18 06:17:06.367","ProcessGuid":"{39e4a257-31aa-5f89-840f-000000000400}","Image":"C:\\windows\\system32\\ApplicationFrameHost.exe","EventID":13,"Channel":"Microsoft-Windows-Sysmon/Operational","Task":"13","RuleName":"-","Message":"Registry value set:\r\nRuleName: -\r\nEventType: SetValue\r\nUtcTime: 2020-10-18 06:17:06.367\r\nProcessGuid: {39e4a257-31aa-5f89-840f-000000000400}\r\nProcessId: 5056\r\nImage: C:\\windows\\system32\\ApplicationFrameHost.exe\r\nTargetObject: HKU\\S-1-5-21-3940915590-64593676-1414006259-500_Classes\\Local Settings\\Software\\Microsoft\\Windows\\CurrentVersion\\AppModel\\SystemAppData\\Microsoft.WindowsCalculator_8wekyb3d8bbwe\\PersistedTitleBarData\\Microsoft.WindowsCalculator_8wekyb3d8bbwe!App\\ButtonPressedBackgroundColor\r\nDetails: DWORD (0xffdc9333)","Hostname":"WORKSTATION5","Details":"DWORD (0xffdc9333)","ProcessId":"5056","EventType":"SetValue","TargetObject":"HKU\\S-1-5-21-3940915590-64593676-1414006259-500_Classes\\Local Settings\\Software\\Microsoft\\Windows\\CurrentVersion\\AppModel\\SystemAppData\\Microsoft.WindowsCalculator_8wekyb3d8bbwe\\PersistedTitleBarData\\Microsoft.WindowsCalculator_8wekyb3d8bbwe!App\\ButtonPressedBackgroundColor"}
{"TimeCreated":"2020-10-18 02:17:06.379","UtcTime":"2020-10-18 06:17:06.367","ProcessGuid":"{39e4a257-31aa-5f89-840f-000000000400}","Image":"C:\\windows\\system32\\ApplicationFrameHost.exe","EventID":12,"Channel":"Microsoft-Windows-Sysmon/Operational","Task":"12","RuleName":"-","Message":"Registry object added or deleted:\r\nRuleName: -\r\nEventType: CreateKey\r\nUtcTime: 2020-10-18 06:17:06.367\r\nProcessGuid: {39e4a257-31aa-5f89-840f-000000000400}\r\nProcessId: 5056\r\nImage: C:\\windows\\system32\\ApplicationFrameHost.exe\r\nTargetObject: HKU\\S-1-5-21-3940915590-64593676-1414006259-500_Classes\\Local Settings\\Software\\Microsoft\\Windows\\CurrentVersion\\AppModel\\SystemAppData\\Microsoft.WindowsCalculator_8wekyb3d8bbwe\\PersistedTitleBarData\\Microsoft.WindowsCalculator_8wekyb3d8bbwe!App","Hostname":"WORKSTATION5","ProcessId":"5056","EventType":"CreateKey","TargetObject":"HKU\\S-1-5-21-3940915590-64593676-1414006259-500_Classes\\Local Settings\\Software\\Microsoft\\Windows\\CurrentVersion\\AppModel\\SystemAppData\\Microsoft.WindowsCalculator_8wekyb3d8bbwe\\PersistedTitleBarData\\Microsoft.WindowsCalculator_8wekyb3d8bbwe!App"}
{"TimeCreated":"2020-10-18 02:17:06.375","UtcTime":"2020-10-18 06:17:06.367","ProcessGuid":"{39e4a257-31aa-5f89-840f-000000000400}","Image":"C:\\windows\\system32\\ApplicationFrameHost.exe","EventID":13,"Channel":"Microsoft-Windows-Sysmon/Operational","Task":"13","RuleName":"-","Message":"Registry value set:\r\nRuleName: -\r\nEventType: SetValue\r\nUtcTime: 2020-10-18 06:17:06.367\r\nProcessGuid: {39e4a257-31aa-5f89-840f-000000000400}\r\nProcessId: 5056\r\nImage: C:\\windows\\system32\\ApplicationFrameHost.exe\r\nTargetObject: HKU\\S-1-5-21-3940915590-64593676-1414006259-500_Classes\\Local Settings\\Software\\Microsoft\\Windows\\CurrentVersion\\AppModel\\SystemAppData\\Microsoft.WindowsCalculator_8wekyb3d8bbwe\\PersistedTitleBarData\\Microsoft.WindowsCalculator_8wekyb3d8bbwe!App\\ButtonHoverForegroundColor\r\nDetails: DWORD (0xffffffff)","Hostname":"WORKSTATION5","Details":"DWORD (0xffffffff)","ProcessId":"5056","EventType":"SetValue","TargetObject":"HKU\\S-1-5-21-3940915590-64593676-1414006259-500_Classes\\Local Settings\\Software\\Microsoft\\Windows\\CurrentVersion\\AppModel\\SystemAppData\\Microsoft.WindowsCalculator_8wekyb3d8bbwe\\PersistedTitleBarData\\Microsoft.WindowsCalculator_8wekyb3d8bbwe!App\\ButtonHoverForegroundColor"}
{"TimeCreated":"2020-10-18 02:17:06.375","UtcTime":"2020-10-18 06:17:06.367","ProcessGuid":"{39e4a257-31aa-5f89-840f-000000000400}","Image":"C:\\windows\\system32\\ApplicationFrameHost.exe","EventID":12,"Channel":"Microsoft-Windows-Sysmon/Operational","Task":"12","RuleName":"-","Message":"Registry object added or deleted:\r\nRuleName: -\r\nEventType: CreateKey\r\nUtcTime: 2020-10-18 06:17:06.367\r\nProcessGuid: {39e4a257-31aa-5f89-840f-000000000400}\r\nProcessId: 5056\r\nImage: C:\\windows\\system32\\ApplicationFrameHost.exe\r\nTargetObject: HKU\\S-1-5-21-3940915590-64593676-1414006259-500_Classes\\Local Settings\\Software\\Microsoft\\Windows\\CurrentVersion\\AppModel\\SystemAppData\\Microsoft.WindowsCalculator_8wekyb3d8bbwe\\PersistedTitleBarData\\Microsoft.WindowsCalculator_8wekyb3d8bbwe!App","Hostname":"WORKSTATION5","ProcessId":"5056","EventType":"CreateKey","TargetObject":"HKU\\S-1-5-21-3940915590-64593676-1414006259-500_Classes\\Local Settings\\Software\\Microsoft\\Windows\\CurrentVersion\\AppModel\\SystemAppData\\Microsoft.WindowsCalculator_8wekyb3d8bbwe\\PersistedTitleBarData\\Microsoft.WindowsCalculator_8wekyb3d8bbwe!App"}
{"TimeCreated":"2020-10-18 02:17:06.375","UtcTime":"2020-10-18 06:17:06.367","ProcessGuid":"{39e4a257-31aa-5f89-840f-000000000400}","Image":"C:\\windows\\system32\\ApplicationFrameHost.exe","EventID":13,"Channel":"Microsoft-Windows-Sysmon/Operational","Task":"13","RuleName":"-","Message":"Registry value set:\r\nRuleName: -\r\nEventType: SetValue\r\nUtcTime: 2020-10-18 06:17:06.367\r\nProcessGuid: {39e4a257-31aa-5f89-840f-000000000400}\r\nProcessId: 5056\r\nImage: C:\\windows\\system32\\ApplicationFrameHost.exe\r\nTargetObject: HKU\\S-1-5-21-3940915590-64593676-1414006259-500_Classes\\Local Settings\\Software\\Microsoft\\Windows\\CurrentVersion\\AppModel\\SystemAppData\\Microsoft.WindowsCalculator_8wekyb3d8bbwe\\PersistedTitleBarData\\Microsoft.WindowsCalculator_8wekyb3d8bbwe!App\\ButtonHoverBackgroundColor\r\nDetails: DWORD (0xffd88519)","Hostname":"WORKSTATION5","Details":"DWORD (0xffd88519)","ProcessId":"5056","EventType":"SetValue","TargetObject":"HKU\\S-1-5-21-3940915590-64593676-1414006259-500_Classes\\Local Settings\\Software\\Microsoft\\Windows\\CurrentVersion\\AppModel\\SystemAppData\\Microsoft.WindowsCalculator_8wekyb3d8bbwe\\PersistedTitleBarData\\Microsoft.WindowsCalculator_8wekyb3d8bbwe!App\\ButtonHoverBackgroundColor"}
{"TimeCreated":"2020-10-18 02:17:06.375","UtcTime":"2020-10-18 06:17:06.367","ProcessGuid":"{39e4a257-31aa-5f89-840f-000000000400}","Image":"C:\\windows\\system32\\ApplicationFrameHost.exe","EventID":12,"Channel":"Microsoft-Windows-Sysmon/Operational","Task":"12","RuleName":"-","Message":"Registry object added or deleted:\r\nRuleName: -\r\nEventType: CreateKey\r\nUtcTime: 2020-10-18 06:17:06.367\r\nProcessGuid: {39e4a257-31aa-5f89-840f-000000000400}\r\nProcessId: 5056\r\nImage: C:\\windows\\system32\\ApplicationFrameHost.exe\r\nTargetObject: HKU\\S-1-5-21-3940915590-64593676-1414006259-500_Classes\\Local Settings\\Software\\Microsoft\\Windows\\CurrentVersion\\AppModel\\SystemAppData\\Microsoft.WindowsCalculator_8wekyb3d8bbwe\\PersistedTitleBarData\\Microsoft.WindowsCalculator_8wekyb3d8bbwe!App","Hostname":"WORKSTATION5","ProcessId":"5056","EventType":"CreateKey","TargetObject":"HKU\\S-1-5-21-3940915590-64593676-1414006259-500_Classes\\Local Settings\\Software\\Microsoft\\Windows\\CurrentVersion\\AppModel\\SystemAppData\\Microsoft.WindowsCalculator_8wekyb3d8bbwe\\PersistedTitleBarData\\Microsoft.WindowsCalculator_8wekyb3d8bbwe!App"}
{"TimeCreated":"2020-10-18 02:17:06.375","SignatureStatus":"Valid","Signature":"Microsoft Windows","Product":"Microsoft Windows Operating System","Hashes":"SHA1=76BB2AB8D3CB6DB6D23F4771334C9AA9C231B03A,MD5=025CC332EDC4B1A38290F3E36BCEF4FB,SHA256=0FE3C1C575EA1B0257B2EB12527EC35E3004CD88EA5BAEC7095386A9F9EB70AD,IMPHASH=24F54B6761C10BA12481CF6C780605BF","UtcTime":"2020-10-18 06:17:06.367","ProcessGuid":"{39e4a257-dde2-5f8b-531b-000000000400}","Image":"C:\\Windows\\System32\\RuntimeBroker.exe","ImageLoaded":"C:\\Windows\\System32\\imm32.dll","EventID":7,"Channel":"Microsoft-Windows-Sysmon/Operational","Task":"7","RuleName":"-","FileVersion":"10.0.18362.387 (WinBuild.160101.0800)","Message":"Image loaded:\r\nRuleName: -\r\nUtcTime: 2020-10-18 06:17:06.367\r\nProcessGuid: {39e4a257-dde2-5f8b-531b-000000000400}\r\nProcessId: 2760\r\nImage: C:\\Windows\\System32\\RuntimeBroker.exe\r\nImageLoaded: C:\\Windows\\System32\\imm32.dll\r\nFileVersion: 10.0.18362.387 (WinBuild.160101.0800)\r\nDescription: Multi-User Windows IMM32 API Client DLL\r\nProduct: Microsoft Windows Operating System\r\nCompany: Microsoft Corporation\r\nOriginalFileName: imm32\r\nHashes: SHA1=76BB2AB8D3CB6DB6D23F4771334C9AA9C231B03A,MD5=025CC332EDC4B1A38290F3E36BCEF4FB,SHA256=0FE3C1C575EA1B0257B2EB12527EC35E3004CD88EA5BAEC7095386A9F9EB70AD,IMPHASH=24F54B6761C10BA12481CF6C780605BF\r\nSigned: true\r\nSignature: Microsoft Windows\r\nSignatureStatus: Valid","Hostname":"WORKSTATION5","ProcessId":"2760","Description":"Multi-User Windows IMM32 API Client DLL","Company":"Microsoft Corporation","Signed":"true","OriginalFileName":"imm32"}
{"TimeCreated":"2020-10-18 02:17:06.374","SignatureStatus":"Valid","Signature":"Microsoft Windows","Product":"Microsoft Windows Operating System","Hashes":"SHA1=56A126B33C43CE80C5DA3319FA4FBE28F617599C,MD5=94027F5AE9D6FC3B0917C1B5BCD2D88E,SHA256=2FC246F193104FB36285360E9FB14CE10B04EDB50D9D5ECFD9FDA1F010BFCDB9,IMPHASH=7F555C87AEA488E97B6067A0419ED3B4","UtcTime":"2020-10-18 06:17:06.367","ProcessGuid":"{39e4a257-dde2-5f8b-531b-000000000400}","Image":"C:\\Windows\\System32\\RuntimeBroker.exe","ImageLoaded":"C:\\Windows\\System32\\msvcp_win.dll","EventID":7,"Channel":"Microsoft-Windows-Sysmon/Operational","Task":"7","RuleName":"-","FileVersion":"10.0.18362.1110 (WinBuild.160101.0800)","Message":"Image loaded:\r\nRuleName: -\r\nUtcTime: 2020-10-18 06:17:06.367\r\nProcessGuid: {39e4a257-dde2-5f8b-531b-000000000400}\r\nProcessId: 2760\r\nImage: C:\\Windows\\System32\\RuntimeBroker.exe\r\nImageLoaded: C:\\Windows\\System32\\msvcp_win.dll\r\nFileVersion: 10.0.18362.1110 (WinBuild.160101.0800)\r\nDescription: Microsoft C Runtime Library\r\nProduct: Microsoft Windows Operating System\r\nCompany: Microsoft Corporation\r\nOriginalFileName: msvcp_win.dll\r\nHashes: SHA1=56A126B33C43CE80C5DA3319FA4FBE28F617599C,MD5=94027F5AE9D6FC3B0917C1B5BCD2D88E,SHA256=2FC246F193104FB36285360E9FB14CE10B04EDB50D9D5ECFD9FDA1F010BFCDB9,IMPHASH=7F555C87AEA488E97B6067A0419ED3B4\r\nSigned: true\r\nSignature: Microsoft Windows\r\nSignatureStatus: Valid","Hostname":"WORKSTATION5","ProcessId":"2760","Description":"Microsoft C Runtime Library","Company":"Microsoft Corporation","Signed":"true","OriginalFileName":"msvcp_win.dll"}
{"TimeCreated":"2020-10-18 02:17:06.373","SignatureStatus":"Valid","Signature":"Microsoft Windows","Product":"Microsoft Windows Operating System","Hashes":"SHA1=F9E2F12438029B6CC54E25DC77E0CDAF4E2F60E6,MD5=EF7E6E4AA8B9EB0B9C2915F6C8F0C71A,SHA256=0428CCE46E90E781510B784E97DC514D4F0564B31591526CDABD40654D4A8F79,IMPHASH=4D32F6E2211CD04CA28C2CD4FAC607E8","UtcTime":"2020-10-18 06:17:06.367","ProcessGuid":"{39e4a257-dde2-5f8b-531b-000000000400}","Image":"C:\\Windows\\System32\\RuntimeBroker.exe","ImageLoaded":"C:\\Windows\\System32\\gdi32full.dll","EventID":7,"Channel":"Microsoft-Windows-Sysmon/Operational","Task":"7","RuleName":"-","FileVersion":"10.0.18362.1139 (WinBuild.160101.0800)","Message":"Image loaded:\r\nRuleName: -\r\nUtcTime: 2020-10-18 06:17:06.367\r\nProcessGuid: {39e4a257-dde2-5f8b-531b-000000000400}\r\nProcessId: 2760\r\nImage: C:\\Windows\\System32\\RuntimeBroker.exe\r\nImageLoaded: C:\\Windows\\System32\\gdi32full.dll\r\nFileVersion: 10.0.18362.1139 (WinBuild.160101.0800)\r\nDescription: GDI Client DLL\r\nProduct: Microsoft Windows Operating System\r\nCompany: Microsoft Corporation\r\nOriginalFileName: gdi32\r\nHashes: SHA1=F9E2F12438029B6CC54E25DC77E0CDAF4E2F60E6,MD5=EF7E6E4AA8B9EB0B9C2915F6C8F0C71A,SHA256=0428CCE46E90E781510B784E97DC514D4F0564B31591526CDABD40654D4A8F79,IMPHASH=4D32F6E2211CD04CA28C2CD4FAC607E8\r\nSigned: true\r\nSignature: Microsoft Windows\r\nSignatureStatus: Valid","Hostname":"WORKSTATION5","ProcessId":"2760","Description":"GDI Client DLL","Company":"Microsoft Corporation","Signed":"true","OriginalFileName":"gdi32"}
{"TimeCreated":"2020-10-18 02:17:06.373","SignatureStatus":"Valid","Signature":"Microsoft Windows","Product":"Microsoft Windows Operating System","Hashes":"SHA1=9E91D74D5B9BF64A3D4BE8C5EA3594F5DA2BC299,MD5=2839609118F48DEA292084E43FAA72D8,SHA256=4FC9460147D5A3AA1F9498863CF10BB7BE6099BEF1A3D55503164CA51E36E27E,IMPHASH=C5F30E6A06AB646153863B68366FE58A","UtcTime":"2020-10-18 06:17:06.367","ProcessGuid":"{39e4a257-dde2-5f8b-531b-000000000400}","Image":"C:\\Windows\\System32\\RuntimeBroker.exe","ImageLoaded":"C:\\Windows\\System32\\gdi32.dll","EventID":7,"Channel":"Microsoft-Windows-Sysmon/Operational","Task":"7","RuleName":"-","FileVersion":"10.0.18362.1 (WinBuild.160101.0800)","Message":"Image loaded:\r\nRuleName: -\r\nUtcTime: 2020-10-18 06:17:06.367\r\nProcessGuid: {39e4a257-dde2-5f8b-531b-000000000400}\r\nProcessId: 2760\r\nImage: C:\\Windows\\System32\\RuntimeBroker.exe\r\nImageLoaded: C:\\Windows\\System32\\gdi32.dll\r\nFileVersion: 10.0.18362.1 (WinBuild.160101.0800)\r\nDescription: GDI Client DLL\r\nProduct: Microsoft Windows Operating System\r\nCompany: Microsoft Corporation\r\nOriginalFileName: gdi32\r\nHashes: SHA1=9E91D74D5B9BF64A3D4BE8C5EA3594F5DA2BC299,MD5=2839609118F48DEA292084E43FAA72D8,SHA256=4FC9460147D5A3AA1F9498863CF10BB7BE6099BEF1A3D55503164CA51E36E27E,IMPHASH=C5F30E6A06AB646153863B68366FE58A\r\nSigned: true\r\nSignature: Microsoft Windows\r\nSignatureStatus: Valid","Hostname":"WORKSTATION5","ProcessId":"2760","Description":"GDI Client DLL","Company":"Microsoft Corporation","Signed":"true","OriginalFileName":"gdi32"}
{"TimeCreated":"2020-10-18 02:17:06.373","SignatureStatus":"Valid","Signature":"Microsoft Windows","Product":"Microsoft Windows Operating System","Hashes":"SHA1=09CAA4704CC828100AA4BDB1366B5156CD1A63E4,MD5=BE23D5C90313AACEC36448136408D336,SHA256=20EE5EE473456C0853CC7B64FA9BCDBFB3C00B0848B3CFE141535C10AC944478,IMPHASH=00000000000000000000000000000000","UtcTime":"2020-10-18 06:17:06.367","ProcessGuid":"{39e4a257-dde2-5f8b-531b-000000000400}","Image":"C:\\Windows\\System32\\RuntimeBroker.exe","ImageLoaded":"C:\\Windows\\System32\\win32u.dll","EventID":7,"Channel":"Microsoft-Windows-Sysmon/Operational","Task":"7","RuleName":"-","FileVersion":"10.0.18362.1139 (WinBuild.160101.0800)","Message":"Image loaded:\r\nRuleName: -\r\nUtcTime: 2020-10-18 06:17:06.367\r\nProcessGuid: {39e4a257-dde2-5f8b-531b-000000000400}\r\nProcessId: 2760\r\nImage: C:\\Windows\\System32\\RuntimeBroker.exe\r\nImageLoaded: C:\\Windows\\System32\\win32u.dll\r\nFileVersion: 10.0.18362.1139 (WinBuild.160101.0800)\r\nDescription: Win32u\r\nProduct: Microsoft Windows Operating System\r\nCompany: Microsoft Corporation\r\nOriginalFileName: Win32u.DLL\r\nHashes: SHA1=09CAA4704CC828100AA4BDB1366B5156CD1A63E4,MD5=BE23D5C90313AACEC36448136408D336,SHA256=20EE5EE473456C0853CC7B64FA9BCDBFB3C00B0848B3CFE141535C10AC944478,IMPHASH=00000000000000000000000000000000\r\nSigned: true\r\nSignature: Microsoft Windows\r\nSignatureStatus: Valid","Hostname":"WORKSTATION5","ProcessId":"2760","Description":"Win32u","Company":"Microsoft Corporation","Signed":"true","OriginalFileName":"Win32u.DLL"}
{"TimeCreated":"2020-10-18 02:17:06.373","SignatureStatus":"Valid","Signature":"Microsoft Windows","Product":"Microsoft Windows Operating System","Hashes":"SHA1=6B56618013746DA2480E9B14DBD03BD1C6DC009F,MD5=99391EBA3F88D56C3D27268D7947782F,SHA256=3AC2B856DD34D51A631C26791916A036C6C917667D8562676CCE8F2F35349221,IMPHASH=70F6F0466DB32D0AA9E18434AE996907","UtcTime":"2020-10-18 06:17:06.367","ProcessGuid":"{39e4a257-dde2-5f8b-531b-000000000400}","Image":"C:\\Windows\\System32\\RuntimeBroker.exe","ImageLoaded":"C:\\Windows\\System32\\user32.dll","EventID":7,"Channel":"Microsoft-Windows-Sysmon/Operational","Task":"7","RuleName":"-","FileVersion":"10.0.18362.1110 (WinBuild.160101.0800)","Message":"Image loaded:\r\nRuleName: -\r\nUtcTime: 2020-10-18 06:17:06.367\r\nProcessGuid: {39e4a257-dde2-5f8b-531b-000000000400}\r\nProcessId: 2760\r\nImage: C:\\Windows\\System32\\RuntimeBroker.exe\r\nImageLoaded: C:\\Windows\\System32\\user32.dll\r\nFileVersion: 10.0.18362.1110 (WinBuild.160101.0800)\r\nDescription: Multi-User Windows USER API Client DLL\r\nProduct: Microsoft Windows Operating System\r\nCompany: Microsoft Corporation\r\nOriginalFileName: user32\r\nHashes: SHA1=6B56618013746DA2480E9B14DBD03BD1C6DC009F,MD5=99391EBA3F88D56C3D27268D7947782F,SHA256=3AC2B856DD34D51A631C26791916A036C6C917667D8562676CCE8F2F35349221,IMPHASH=70F6F0466DB32D0AA9E18434AE996907\r\nSigned: true\r\nSignature: Microsoft Windows\r\nSignatureStatus: Valid","Hostname":"WORKSTATION5","ProcessId":"2760","Description":"Multi-User Windows USER API Client DLL","Company":"Microsoft Corporation","Signed":"true","OriginalFileName":"user32"}
{"TimeCreated":"2020-10-18 02:17:06.367","UtcTime":"2020-10-18 06:17:06.351","ProcessGuid":"{39e4a257-31aa-5f89-840f-000000000400}","Image":"C:\\windows\\system32\\ApplicationFrameHost.exe","EventID":13,"Channel":"Microsoft-Windows-Sysmon/Operational","Task":"13","RuleName":"-","Message":"Registry value set:\r\nRuleName: -\r\nEventType: SetValue\r\nUtcTime: 2020-10-18 06:17:06.351\r\nProcessGuid: {39e4a257-31aa-5f89-840f-000000000400}\r\nProcessId: 5056\r\nImage: C:\\windows\\system32\\ApplicationFrameHost.exe\r\nTargetObject: HKU\\S-1-5-21-3940915590-64593676-1414006259-500_Classes\\Local Settings\\Software\\Microsoft\\Windows\\CurrentVersion\\AppModel\\SystemAppData\\Microsoft.WindowsCalculator_8wekyb3d8bbwe\\PersistedTitleBarData\\Microsoft.WindowsCalculator_8wekyb3d8bbwe!App\\ButtonForegroundColor\r\nDetails: DWORD (0xffffffff)","Hostname":"WORKSTATION5","Details":"DWORD (0xffffffff)","ProcessId":"5056","EventType":"SetValue","TargetObject":"HKU\\S-1-5-21-3940915590-64593676-1414006259-500_Classes\\Local Settings\\Software\\Microsoft\\Windows\\CurrentVersion\\AppModel\\SystemAppData\\Microsoft.WindowsCalculator_8wekyb3d8bbwe\\PersistedTitleBarData\\Microsoft.WindowsCalculator_8wekyb3d8bbwe!App\\ButtonForegroundColor"}
{"TimeCreated":"2020-10-18 02:17:06.367","SignatureStatus":"Valid","Signature":"Microsoft Windows","Product":"Microsoft Windows Operating System","Hashes":"SHA1=E3150FD33A69E10D5846A67D00D05191F54C19C2,MD5=F4F984BAFB9ACAEBF4B6CC6801DF7E66,SHA256=3D529120555D170F690D4B2AB6511698E03366F2DDF433FF23D44FF51171C18E,IMPHASH=42CBF815FA5AC73640BAA61904133E72","UtcTime":"2020-10-18 06:17:06.351","ProcessGuid":"{39e4a257-dde2-5f8b-531b-000000000400}","Image":"C:\\Windows\\System32\\RuntimeBroker.exe","ImageLoaded":"C:\\Windows\\System32\\rmclient.dll","EventID":7,"Channel":"Microsoft-Windows-Sysmon/Operational","Task":"7","RuleName":"-","FileVersion":"10.0.18362.267 (WinBuild.160101.0800)","Message":"Image loaded:\r\nRuleName: -\r\nUtcTime: 2020-10-18 06:17:06.351\r\nProcessGuid: {39e4a257-dde2-5f8b-531b-000000000400}\r\nProcessId: 2760\r\nImage: C:\\Windows\\System32\\RuntimeBroker.exe\r\nImageLoaded: C:\\Windows\\System32\\rmclient.dll\r\nFileVersion: 10.0.18362.267 (WinBuild.160101.0800)\r\nDescription: Resource Manager Client\r\nProduct: Microsoft Windows Operating System\r\nCompany: Microsoft Corporation\r\nOriginalFileName: rmclient.dll\r\nHashes: SHA1=E3150FD33A69E10D5846A67D00D05191F54C19C2,MD5=F4F984BAFB9ACAEBF4B6CC6801DF7E66,SHA256=3D529120555D170F690D4B2AB6511698E03366F2DDF433FF23D44FF51171C18E,IMPHASH=42CBF815FA5AC73640BAA61904133E72\r\nSigned: true\r\nSignature: Microsoft Windows\r\nSignatureStatus: Valid","Hostname":"WORKSTATION5","ProcessId":"2760","Description":"Resource Manager Client","Company":"Microsoft Corporation","Signed":"true","OriginalFileName":"rmclient.dll"}
{"TimeCreated":"2020-10-18 02:17:06.366","UtcTime":"2020-10-18 06:17:06.351","ProcessGuid":"{39e4a257-31aa-5f89-840f-000000000400}","Image":"C:\\windows\\system32\\ApplicationFrameHost.exe","EventID":12,"Channel":"Microsoft-Windows-Sysmon/Operational","Task":"12","RuleName":"-","Message":"Registry object added or deleted:\r\nRuleName: -\r\nEventType: CreateKey\r\nUtcTime: 2020-10-18 06:17:06.351\r\nProcessGuid: {39e4a257-31aa-5f89-840f-000000000400}\r\nProcessId: 5056\r\nImage: C:\\windows\\system32\\ApplicationFrameHost.exe\r\nTargetObject: HKU\\S-1-5-21-3940915590-64593676-1414006259-500_Classes\\Local Settings\\Software\\Microsoft\\Windows\\CurrentVersion\\AppModel\\SystemAppData\\Microsoft.WindowsCalculator_8wekyb3d8bbwe\\PersistedTitleBarData\\Microsoft.WindowsCalculator_8wekyb3d8bbwe!App","Hostname":"WORKSTATION5","ProcessId":"5056","EventType":"CreateKey","TargetObject":"HKU\\S-1-5-21-3940915590-64593676-1414006259-500_Classes\\Local Settings\\Software\\Microsoft\\Windows\\CurrentVersion\\AppModel\\SystemAppData\\Microsoft.WindowsCalculator_8wekyb3d8bbwe\\PersistedTitleBarData\\Microsoft.WindowsCalculator_8wekyb3d8bbwe!App"}
{"TimeCreated":"2020-10-18 02:17:06.365","SignatureStatus":"Valid","Signature":"Microsoft Windows","Product":"Microsoft Windows Operating System","Hashes":"SHA1=0EA4B3CFB14E49CEC0D42FF0F1FA989E69647A8F,MD5=36354D9B5B0A58A4B9A19103852C00A2,SHA256=E5A863D3F4BFEFED7D73A7B1499F81B7235BC9AE3C108065041BCB8E5446B1BB,IMPHASH=1273683626EBBA703979F188A1E64237","UtcTime":"2020-10-18 06:17:06.351","ProcessGuid":"{39e4a257-dde2-5f8b-531b-000000000400}","Image":"C:\\Windows\\System32\\RuntimeBroker.exe","ImageLoaded":"C:\\Windows\\System32\\msvcrt.dll","EventID":7,"Channel":"Microsoft-Windows-Sysmon/Operational","Task":"7","RuleName":"-","FileVersion":"7.0.18362.1 (WinBuild.160101.0800)","Message":"Image loaded:\r\nRuleName: -\r\nUtcTime: 2020-10-18 06:17:06.351\r\nProcessGuid: {39e4a257-dde2-5f8b-531b-000000000400}\r\nProcessId: 2760\r\nImage: C:\\Windows\\System32\\RuntimeBroker.exe\r\nImageLoaded: C:\\Windows\\System32\\msvcrt.dll\r\nFileVersion: 7.0.18362.1 (WinBuild.160101.0800)\r\nDescription: Windows NT CRT DLL\r\nProduct: Microsoft Windows Operating System\r\nCompany: Microsoft Corporation\r\nOriginalFileName: msvcrt.dll\r\nHashes: SHA1=0EA4B3CFB14E49CEC0D42FF0F1FA989E69647A8F,MD5=36354D9B5B0A58A4B9A19103852C00A2,SHA256=E5A863D3F4BFEFED7D73A7B1499F81B7235BC9AE3C108065041BCB8E5446B1BB,IMPHASH=1273683626EBBA703979F188A1E64237\r\nSigned: true\r\nSignature: Microsoft Windows\r\nSignatureStatus: Valid","Hostname":"WORKSTATION5","ProcessId":"2760","Description":"Windows NT CRT DLL","Company":"Microsoft Corporation","Signed":"true","OriginalFileName":"msvcrt.dll"}
